<?xml version="1.0" encoding="utf-8"?>
<TestRun id="9ef38260-008b-491e-9037-2f6169a096ae" name="DKSR-EFI-04$@DKSR-EFI-04 2023-12-22 09:33:42" runUser="NT AUTHORITY\NETWORK SERVICE" xmlns="http://microsoft.com/schemas/VisualStudio/TeamTest/2010">
  <Times creation="2023-12-22T09:33:42.5687990+01:00" queuing="2023-12-22T09:33:42.5687990+01:00" start="2023-12-22T09:33:37.8812772+01:00" finish="2023-12-22T09:34:12.9595746+01:00" />
  <TestSettings name="default" id="faa18711-5a89-4bd6-ad9d-fecc7f1848f2">
    <Deployment runDeploymentRoot="DKSR-EFI-04$_DKSR-EFI-04_2023-12-22_09_33_42" />
  </TestSettings>
  <Results>
    <UnitTestResult executionId="afad58c5-1fd5-4848-bec2-ae1ca8c651e8" testId="45e75a0d-4283-5aac-6b8e-d457bbb3aa8a" testName="GetStringValueOrDefault_KeyFound_ValueReturned" computerName="DKSR-EFI-04" duration="00:00:00.0002029" startTime="2023-12-22T09:34:12.1310708+01:00" endTime="2023-12-22T09:34:12.1314396+01:00" testType="13cdc9d9-ddb5-4fa4-a97d-d965ccfc6d4b" outcome="Passed" testListId="8c84fa94-04c1-424b-9868-57a2d4851a1d" relativeResultsDirectory="afad58c5-1fd5-4848-bec2-ae1ca8c651e8" />
    <UnitTestResult executionId="0a71685d-3b18-4bd7-9ac4-4a2b348d7d1e" testId="4f9e68da-d964-48d6-9d3b-7273107c43bc" testName="RoundToMinute_Nearest" computerName="DKSR-EFI-04" duration="00:00:00.0008098" startTime="2023-12-22T09:34:02.6284323+01:00" endTime="2023-12-22T09:34:02.6294054+01:00" testType="13cdc9d9-ddb5-4fa4-a97d-d965ccfc6d4b" outcome="Passed" testListId="8c84fa94-04c1-424b-9868-57a2d4851a1d" relativeResultsDirectory="0a71685d-3b18-4bd7-9ac4-4a2b348d7d1e" />
    <UnitTestResult executionId="259c92c7-30b7-4d1f-a43d-8694fed84340" testId="b986ab05-f3dd-e5e1-b031-20a48d4b9519" testName="OkNewTileThrowsIfNoEventSources" computerName="DKSR-EFI-04" duration="00:00:00.0018595" startTime="2023-12-22T09:33:51.3401471+01:00" endTime="2023-12-22T09:33:51.5000749+01:00" testType="13cdc9d9-ddb5-4fa4-a97d-d965ccfc6d4b" outcome="Passed" testListId="8c84fa94-04c1-424b-9868-57a2d4851a1d" relativeResultsDirectory="259c92c7-30b7-4d1f-a43d-8694fed84340" />
    <UnitTestResult executionId="2979c101-4035-4eb2-a237-3018874d19d0" testId="6bf27e89-1adf-d0e5-6e64-45ecd4ed017f" testName="RoundToHour_RoundUp" computerName="DKSR-EFI-04" duration="00:00:00.0006608" startTime="2023-12-22T09:34:02.6325738+01:00" endTime="2023-12-22T09:34:02.6334010+01:00" testType="13cdc9d9-ddb5-4fa4-a97d-d965ccfc6d4b" outcome="Passed" testListId="8c84fa94-04c1-424b-9868-57a2d4851a1d" relativeResultsDirectory="2979c101-4035-4eb2-a237-3018874d19d0" />
    <UnitTestResult executionId="df6a2b3d-4651-4085-bef1-453748ba32df" testId="88c0ee23-26fa-850a-6ac5-863c20752b1c" testName="TileIsStateUndefinedIfAllCurrentStatesAreUndefined" computerName="DKSR-EFI-04" duration="00:00:00.0058125" startTime="2023-12-22T09:33:52.2264525+01:00" endTime="2023-12-22T09:33:52.2655464+01:00" testType="13cdc9d9-ddb5-4fa4-a97d-d965ccfc6d4b" outcome="Passed" testListId="8c84fa94-04c1-424b-9868-57a2d4851a1d" relativeResultsDirectory="df6a2b3d-4651-4085-bef1-453748ba32df" />
    <UnitTestResult executionId="0f15692f-40a1-4c93-bc4f-50982e979f30" testId="18f2ab8d-6696-bf3f-7e10-34e8c36dc629" testName="AuthenticationSimple_SetEnabled_Throws_InvalidOperationException" computerName="DKSR-EFI-04" duration="00:00:00.0004633" startTime="2023-12-22T09:34:12.5012275+01:00" endTime="2023-12-22T09:34:12.5019018+01:00" testType="13cdc9d9-ddb5-4fa4-a97d-d965ccfc6d4b" outcome="Passed" testListId="8c84fa94-04c1-424b-9868-57a2d4851a1d" relativeResultsDirectory="0f15692f-40a1-4c93-bc4f-50982e979f30" />
    <UnitTestResult executionId="05adb403-0657-4910-bd85-369015599555" testId="85fbbcd0-881b-ae29-40f1-5696b7e80975" testName="Add_SingleItem_SuccessWithSingleNotification" computerName="DKSR-EFI-04" duration="00:00:00.0043611" startTime="2023-12-22T09:34:11.4831549+01:00" endTime="2023-12-22T09:34:11.4879526+01:00" testType="13cdc9d9-ddb5-4fa4-a97d-d965ccfc6d4b" outcome="Passed" testListId="8c84fa94-04c1-424b-9868-57a2d4851a1d" relativeResultsDirectory="05adb403-0657-4910-bd85-369015599555" />
    <UnitTestResult executionId="57a0e309-cbce-4125-801a-7f29f1a9010f" testId="c6b0eba2-ea22-d188-1409-7b75cdedc201" testName="Constructor_OAuth_BaseServerAddress_ArgumentNull_Thrown" computerName="DKSR-EFI-04" duration="00:00:00.2350023" startTime="2023-12-22T09:34:12.2160404+01:00" endTime="2023-12-22T09:34:12.4514340+01:00" testType="13cdc9d9-ddb5-4fa4-a97d-d965ccfc6d4b" outcome="Passed" testListId="8c84fa94-04c1-424b-9868-57a2d4851a1d" relativeResultsDirectory="57a0e309-cbce-4125-801a-7f29f1a9010f" />
    <UnitTestResult executionId="f37947e3-9317-49c3-a0c8-6158fc24f275" testId="3a686c1f-b102-e8a9-b329-09a0749c945a" testName="RangeMaxEdit_EnterLargeNumber_EditFieldAutosizedAndAlignedRight" computerName="DKSR-EFI-04" duration="00:00:00.1205612" startTime="2023-12-22T09:33:48.1443533+01:00" endTime="2023-12-22T09:33:48.2678419+01:00" testType="13cdc9d9-ddb5-4fa4-a97d-d965ccfc6d4b" outcome="Passed" testListId="8c84fa94-04c1-424b-9868-57a2d4851a1d" relativeResultsDirectory="f37947e3-9317-49c3-a0c8-6158fc24f275" />
    <UnitTestResult executionId="4b093939-6ebe-4e26-917c-826659869aec" testId="b722671b-5697-c030-4a64-cd7cdd00f422" testName="ShowDialogScaledHorizontalCenter_150Percent_Scaling" computerName="DKSR-EFI-04" duration="00:00:00.0037757" startTime="2023-12-22T09:34:02.6813660+01:00" endTime="2023-12-22T09:34:02.6876418+01:00" testType="13cdc9d9-ddb5-4fa4-a97d-d965ccfc6d4b" outcome="Passed" testListId="8c84fa94-04c1-424b-9868-57a2d4851a1d" relativeResultsDirectory="4b093939-6ebe-4e26-917c-826659869aec" />
    <UnitTestResult executionId="3129c52f-0980-4d01-8227-a126301f5891" testId="55857ea6-972d-1faa-f735-21722cd852ac" testName="Constructor_OAuth_TokenCache_ArgumentNull_Thrown" computerName="DKSR-EFI-04" duration="00:00:00.0004287" startTime="2023-12-22T09:34:12.4530851+01:00" endTime="2023-12-22T09:34:12.4537717+01:00" testType="13cdc9d9-ddb5-4fa4-a97d-d965ccfc6d4b" outcome="Passed" testListId="8c84fa94-04c1-424b-9868-57a2d4851a1d" relativeResultsDirectory="3129c52f-0980-4d01-8227-a126301f5891" />
    <UnitTestResult executionId="43f6c7b5-99b4-4d6a-a3ad-f49c311b7239" testId="d94fec79-4b64-232e-e01f-dd0b26b0effe" testName="Constructor_OAuth_ArgumentNull_NotThrown" computerName="DKSR-EFI-04" duration="00:00:00.0027799" startTime="2023-12-22T09:34:12.4542940+01:00" endTime="2023-12-22T09:34:12.4572669+01:00" testType="13cdc9d9-ddb5-4fa4-a97d-d965ccfc6d4b" outcome="Passed" testListId="8c84fa94-04c1-424b-9868-57a2d4851a1d" relativeResultsDirectory="43f6c7b5-99b4-4d6a-a3ad-f49c311b7239" />
    <UnitTestResult executionId="98465d05-c920-4c89-a5c7-abfade99bd66" testId="9dcd4ce8-33dc-3db8-df54-9c3e687528fe" testName="Convert_MultiValueConverter_DifferentTargetType_Success" computerName="DKSR-EFI-04" duration="00:00:00.0002570" startTime="2023-12-22T09:34:02.9102723+01:00" endTime="2023-12-22T09:34:02.9106921+01:00" testType="13cdc9d9-ddb5-4fa4-a97d-d965ccfc6d4b" outcome="Passed" testListId="8c84fa94-04c1-424b-9868-57a2d4851a1d" relativeResultsDirectory="98465d05-c920-4c89-a5c7-abfade99bd66" />
    <UnitTestResult executionId="2e11df81-6abd-452b-ba36-03e49fe6d402" testId="4f94cd28-33c0-a9f8-eb7e-0b5388f1fdc5" testName="TooltipServiceWarning_Failover_SSLError" computerName="DKSR-EFI-04" duration="00:00:00.0008258" startTime="2023-12-22T09:34:11.5235881+01:00" endTime="2023-12-22T09:34:11.5248424+01:00" testType="13cdc9d9-ddb5-4fa4-a97d-d965ccfc6d4b" outcome="Passed" testListId="8c84fa94-04c1-424b-9868-57a2d4851a1d" relativeResultsDirectory="2e11df81-6abd-452b-ba36-03e49fe6d402" />
    <UnitTestResult executionId="dd1e7775-66cd-47fa-bf60-c0dad2dc7fa9" testId="a4f1aa92-0955-504e-be1f-a783fd5bf664" testName="OnPreviewKeyDown_RightCtrl_A_SelectAll_Success" computerName="DKSR-EFI-04" duration="00:00:00.1870706" startTime="2023-12-22T09:34:08.6445876+01:00" endTime="2023-12-22T09:34:08.8480708+01:00" testType="13cdc9d9-ddb5-4fa4-a97d-d965ccfc6d4b" outcome="Passed" testListId="8c84fa94-04c1-424b-9868-57a2d4851a1d" relativeResultsDirectory="dd1e7775-66cd-47fa-bf60-c0dad2dc7fa9" />
    <UnitTestResult executionId="69a8dcb1-7ec3-44ff-86b8-7d08239f8eea" testId="16c91d34-e916-3d59-f51a-4f9b85399289" testName="EqualsTest" computerName="DKSR-EFI-04" duration="00:00:00.0006403" startTime="2023-12-22T09:33:42.8216693+01:00" endTime="2023-12-22T09:33:42.8224829+01:00" testType="13cdc9d9-ddb5-4fa4-a97d-d965ccfc6d4b" outcome="Passed" testListId="8c84fa94-04c1-424b-9868-57a2d4851a1d" relativeResultsDirectory="69a8dcb1-7ec3-44ff-86b8-7d08239f8eea" />
    <UnitTestResult executionId="4d82b680-2b96-4efe-81a0-78742a0c57f5" testId="01c86469-a2b3-56b4-e415-0f887f533923" testName="Ctor_ImmutablePropertiesSet" computerName="DKSR-EFI-04" duration="00:00:00.1878863" startTime="2023-12-22T09:33:43.3825988+01:00" endTime="2023-12-22T09:33:43.5708048+01:00" testType="13cdc9d9-ddb5-4fa4-a97d-d965ccfc6d4b" outcome="Passed" testListId="8c84fa94-04c1-424b-9868-57a2d4851a1d" relativeResultsDirectory="4d82b680-2b96-4efe-81a0-78742a0c57f5" />
    <UnitTestResult executionId="c036485a-7e81-42dc-8975-0626025e1e06" testId="d326e466-8fe4-d29b-9b6b-a9886d65bce4" testName="GetStates_NoSessionStarted_NewSession" computerName="DKSR-EFI-04" duration="00:00:00.0014744" startTime="2023-12-22T09:34:12.4728473+01:00" endTime="2023-12-22T09:34:12.4744872+01:00" testType="13cdc9d9-ddb5-4fa4-a97d-d965ccfc6d4b" outcome="Passed" testListId="8c84fa94-04c1-424b-9868-57a2d4851a1d" relativeResultsDirectory="c036485a-7e81-42dc-8975-0626025e1e06" />
    <UnitTestResult executionId="2c21d713-f9fe-4392-9359-c5f4ca5d4c55" testId="2cd364b1-6937-7083-5f7e-1dd1eac47cf1" testName="AuthenticationExternal_SetProperties_Success" computerName="DKSR-EFI-04" duration="00:00:00.0022402" startTime="2023-12-22T09:34:12.5057359+01:00" endTime="2023-12-22T09:34:12.5081575+01:00" testType="13cdc9d9-ddb5-4fa4-a97d-d965ccfc6d4b" outcome="Passed" testListId="8c84fa94-04c1-424b-9868-57a2d4851a1d" relativeResultsDirectory="2c21d713-f9fe-4392-9359-c5f4ca5d4c55" />
    <UnitTestResult executionId="717eb041-fb5d-4039-9cf7-22707812bb78" testId="35804b06-11f8-fb19-7cd9-4b5182d944a6" testName="TestTest" computerName="DKSR-EFI-04" duration="00:00:00.0152185" startTime="2023-12-22T09:33:42.7312408+01:00" endTime="2023-12-22T09:33:42.7468179+01:00" testType="13cdc9d9-ddb5-4fa4-a97d-d965ccfc6d4b" outcome="Passed" testListId="8c84fa94-04c1-424b-9868-57a2d4851a1d" relativeResultsDirectory="717eb041-fb5d-4039-9cf7-22707812bb78" />
    <UnitTestResult executionId="949a9d12-ed68-4bc2-b90b-d8ca40c87909" testId="e04fdc2f-e623-9c34-4386-5fa6abb1dcd4" testName="GetColumnDefinitions_Success" computerName="DKSR-EFI-04" duration="00:00:00.3273426" startTime="2023-12-22T09:34:04.2935571+01:00" endTime="2023-12-22T09:34:04.7260849+01:00" testType="13cdc9d9-ddb5-4fa4-a97d-d965ccfc6d4b" outcome="Passed" testListId="8c84fa94-04c1-424b-9868-57a2d4851a1d" relativeResultsDirectory="949a9d12-ed68-4bc2-b90b-d8ca40c87909" />
    <UnitTestResult executionId="07cffb47-50ea-4672-8321-9dc2709eeabd" testId="1f62d143-3147-647f-0581-911ba09941ed" testName="OnPreviewKeyDown_Enter_Success" computerName="DKSR-EFI-04" duration="00:00:00.1716727" startTime="2023-12-22T09:34:07.8986143+01:00" endTime="2023-12-22T09:34:08.1792096+01:00" testType="13cdc9d9-ddb5-4fa4-a97d-d965ccfc6d4b" outcome="Passed" testListId="8c84fa94-04c1-424b-9868-57a2d4851a1d" relativeResultsDirectory="07cffb47-50ea-4672-8321-9dc2709eeabd" />
    <UnitTestResult executionId="b80d7064-1be6-4f6c-b867-287236a55640" testId="75ddff72-1da7-7256-0e4d-9208c0d7b717" testName="OnPreviewKeyDown_Down_Success" computerName="DKSR-EFI-04" duration="00:00:00.2348925" startTime="2023-12-22T09:34:05.9210755+01:00" endTime="2023-12-22T09:34:06.2520170+01:00" testType="13cdc9d9-ddb5-4fa4-a97d-d965ccfc6d4b" outcome="Passed" testListId="8c84fa94-04c1-424b-9868-57a2d4851a1d" relativeResultsDirectory="b80d7064-1be6-4f6c-b867-287236a55640" />
    <UnitTestResult executionId="1ebbff2b-9d0e-438a-9b28-ea3e6c86b4da" testId="b62c4f1d-0c70-3ca6-698f-93042754bfc6" testName="ChangeMaxValue_LessThanMinValue_RangeAndMinValueUpdated" computerName="DKSR-EFI-04" duration="00:00:00.0046550" startTime="2023-12-22T09:33:45.7266224+01:00" endTime="2023-12-22T09:33:45.8053377+01:00" testType="13cdc9d9-ddb5-4fa4-a97d-d965ccfc6d4b" outcome="Passed" testListId="8c84fa94-04c1-424b-9868-57a2d4851a1d" relativeResultsDirectory="1ebbff2b-9d0e-438a-9b28-ea3e6c86b4da" />
    <UnitTestResult executionId="1b529d6b-81d7-44f3-ba99-e552aa879201" testId="800a71d5-fd75-b55e-d8d0-21c57915ee72" testName="DragRangeMin_NotifyInvoked_Success" computerName="DKSR-EFI-04" duration="00:00:01.0285339" startTime="2023-12-22T09:33:44.5120832+01:00" endTime="2023-12-22T09:33:45.5823480+01:00" testType="13cdc9d9-ddb5-4fa4-a97d-d965ccfc6d4b" outcome="Passed" testListId="8c84fa94-04c1-424b-9868-57a2d4851a1d" relativeResultsDirectory="1b529d6b-81d7-44f3-ba99-e552aa879201" />
    <UnitTestResult executionId="71d98f90-9c40-4ce8-bc3e-5710b2ae931e" testId="66e703e4-29de-a4c7-8c30-1bc7e1752b2f" testName="GetStates_NoSessionStarted_NewSession" computerName="DKSR-EFI-04" duration="00:00:00.0025576" startTime="2023-12-22T09:34:12.2027644+01:00" endTime="2023-12-22T09:34:12.2055138+01:00" testType="13cdc9d9-ddb5-4fa4-a97d-d965ccfc6d4b" outcome="Passed" testListId="8c84fa94-04c1-424b-9868-57a2d4851a1d" relativeResultsDirectory="71d98f90-9c40-4ce8-bc3e-5710b2ae931e" />
    <UnitTestResult executionId="29095bdc-3d42-42a9-a4ff-9fd66db2259e" testId="6a5073ae-b067-17a6-9c6f-959cad372ca7" testName="GetItemUserControl_Success" computerName="DKSR-EFI-04" duration="00:00:00.0061590" startTime="2023-12-22T09:34:04.0650676+01:00" endTime="2023-12-22T09:34:04.1930834+01:00" testType="13cdc9d9-ddb5-4fa4-a97d-d965ccfc6d4b" outcome="Passed" testListId="8c84fa94-04c1-424b-9868-57a2d4851a1d" relativeResultsDirectory="29095bdc-3d42-42a9-a4ff-9fd66db2259e" />
    <UnitTestResult executionId="12e33854-e7e9-4422-9a3d-53adfe22e5c3" testId="16d4258e-743c-71b8-441e-da9ab5d1a655" testName="SequenceEquals_DifferentlySizedCollections_IgnoreOrder_SymmetricalFalseResult" computerName="DKSR-EFI-04" duration="00:00:00.0002150" startTime="2023-12-22T09:34:02.3143652+01:00" endTime="2023-12-22T09:34:02.3147502+01:00" testType="13cdc9d9-ddb5-4fa4-a97d-d965ccfc6d4b" outcome="Passed" testListId="8c84fa94-04c1-424b-9868-57a2d4851a1d" relativeResultsDirectory="12e33854-e7e9-4422-9a3d-53adfe22e5c3" />
    <UnitTestResult executionId="aa902eaf-1c7d-452a-ac6b-d64645526adf" testId="dbce7785-0027-ceda-950a-0631c1c23a9b" testName="GetAllIntersectingTest" computerName="DKSR-EFI-04" duration="00:00:00.0055151" startTime="2023-12-22T09:33:42.8118124+01:00" endTime="2023-12-22T09:33:42.8175677+01:00" testType="13cdc9d9-ddb5-4fa4-a97d-d965ccfc6d4b" outcome="Passed" testListId="8c84fa94-04c1-424b-9868-57a2d4851a1d" relativeResultsDirectory="aa902eaf-1c7d-452a-ac6b-d64645526adf" />
    <UnitTestResult executionId="805abf15-cd6a-46f9-aa4d-7d1ed61bc992" testId="70585a7d-e8bb-2ea7-4d4d-a7d89c0cc001" testName="SequenceEquals_EqualCollections_RespectOrder_SymmetricalTrueResult" computerName="DKSR-EFI-04" duration="00:00:00.0003857" startTime="2023-12-22T09:34:02.3123741+01:00" endTime="2023-12-22T09:34:02.3129379+01:00" testType="13cdc9d9-ddb5-4fa4-a97d-d965ccfc6d4b" outcome="Passed" testListId="8c84fa94-04c1-424b-9868-57a2d4851a1d" relativeResultsDirectory="805abf15-cd6a-46f9-aa4d-7d1ed61bc992" />
    <UnitTestResult executionId="f08b9406-3c01-4325-9bb7-efd609437706" testId="edd04f72-e846-3536-4d16-cb04e8460e6b" testName="FormsControlScaledLocationAndSize_AnchorRightAndBottom_150Percent_Scaling" computerName="DKSR-EFI-04" duration="00:00:00.0010641" startTime="2023-12-22T09:34:02.8716676+01:00" endTime="2023-12-22T09:34:02.8729080+01:00" testType="13cdc9d9-ddb5-4fa4-a97d-d965ccfc6d4b" outcome="Passed" testListId="8c84fa94-04c1-424b-9868-57a2d4851a1d" relativeResultsDirectory="f08b9406-3c01-4325-9bb7-efd609437706" />
    <UnitTestResult executionId="f41b904f-de40-4302-a48e-035dc465528f" testId="eff56118-333e-58bc-c876-e39cbb7e3925" testName="TimerOnElapsed_MaxIdleTimeReached_CleanupNotPerformed" computerName="DKSR-EFI-04" duration="00:00:00.0004204" startTime="2023-12-22T09:33:43.3569231+01:00" endTime="2023-12-22T09:33:43.3574770+01:00" testType="13cdc9d9-ddb5-4fa4-a97d-d965ccfc6d4b" outcome="Passed" testListId="8c84fa94-04c1-424b-9868-57a2d4851a1d" relativeResultsDirectory="f41b904f-de40-4302-a48e-035dc465528f" />
    <UnitTestResult executionId="d6246ef6-b132-4156-82ce-ff6553951044" testId="a54e380b-42dc-d3a2-3d9d-8dd53d65fcd3" testName="ArrangeOverride__3child_2of3MustShrink__2of3AreShrunkEqually" computerName="DKSR-EFI-04" duration="00:00:00.0068153" startTime="2023-12-22T09:33:48.6241832+01:00" endTime="2023-12-22T09:33:48.6655555+01:00" testType="13cdc9d9-ddb5-4fa4-a97d-d965ccfc6d4b" outcome="Passed" testListId="8c84fa94-04c1-424b-9868-57a2d4851a1d" relativeResultsDirectory="d6246ef6-b132-4156-82ce-ff6553951044">
      <Output>
        <StdOut>Debug Trace:&#xD;
offsets: 0, 21, 50&#xD;
widths: 11, 19, 19</StdOut>
      </Output>
    </UnitTestResult>
    <UnitTestResult executionId="d51ccadb-7cd8-4540-8fe6-bffdde57e133" testId="cf3d443f-6dec-a121-7292-16e5d1c821cc" testName="ColumnDefinition_ToString_Success" computerName="DKSR-EFI-04" duration="00:00:00.0017533" startTime="2023-12-22T09:34:11.4549061+01:00" endTime="2023-12-22T09:34:11.4822997+01:00" testType="13cdc9d9-ddb5-4fa4-a97d-d965ccfc6d4b" outcome="Passed" testListId="8c84fa94-04c1-424b-9868-57a2d4851a1d" relativeResultsDirectory="d51ccadb-7cd8-4540-8fe6-bffdde57e133" />
    <UnitTestResult executionId="4fae628a-1c84-4bf3-bbc1-60194eb3a2de" testId="7f7d1819-d3c3-0c1a-31f2-188e1a6b0674" testName="RoundToSecond_Down" computerName="DKSR-EFI-04" duration="00:00:00.0009010" startTime="2023-12-22T09:34:02.3969680+01:00" endTime="2023-12-22T09:34:02.3980904+01:00" testType="13cdc9d9-ddb5-4fa4-a97d-d965ccfc6d4b" outcome="Passed" testListId="8c84fa94-04c1-424b-9868-57a2d4851a1d" relativeResultsDirectory="4fae628a-1c84-4bf3-bbc1-60194eb3a2de" />
    <UnitTestResult executionId="9c49c248-e15a-43a7-a311-127ca1dbbd8f" testId="9c6021a0-5c69-1d26-d3e6-3538913699de" testName="Create_NoRecycledItemsAvailable_Success" computerName="DKSR-EFI-04" duration="00:00:00.0039871" startTime="2023-12-22T09:33:43.3458489+01:00" endTime="2023-12-22T09:33:43.3500411+01:00" testType="13cdc9d9-ddb5-4fa4-a97d-d965ccfc6d4b" outcome="Passed" testListId="8c84fa94-04c1-424b-9868-57a2d4851a1d" relativeResultsDirectory="9c49c248-e15a-43a7-a311-127ca1dbbd8f" />
    <UnitTestResult executionId="128aac92-b517-4e8d-823e-413ecde287c0" testId="91b01448-6a92-47bb-7ce5-67a9221a299c" testName="Ctor_Success" computerName="DKSR-EFI-04" duration="00:00:00.0156002" startTime="2023-12-22T09:34:03.0636303+01:00" endTime="2023-12-22T09:34:03.1320216+01:00" testType="13cdc9d9-ddb5-4fa4-a97d-d965ccfc6d4b" outcome="Passed" testListId="8c84fa94-04c1-424b-9868-57a2d4851a1d" relativeResultsDirectory="128aac92-b517-4e8d-823e-413ecde287c0" />
    <UnitTestResult executionId="122fe09c-217d-4fb9-a07f-ef62165ec4ba" testId="322678fe-2d0e-03ee-cda0-d8553512610f" testName="GetStates_SessionStarted_NoStates" computerName="DKSR-EFI-04" duration="00:00:00.0081632" startTime="2023-12-22T09:34:12.1852900+01:00" endTime="2023-12-22T09:34:12.1936489+01:00" testType="13cdc9d9-ddb5-4fa4-a97d-d965ccfc6d4b" outcome="Passed" testListId="8c84fa94-04c1-424b-9868-57a2d4851a1d" relativeResultsDirectory="122fe09c-217d-4fb9-a07f-ef62165ec4ba" />
    <UnitTestResult executionId="77200c44-f669-43e6-9c44-ddb8763ae473" testId="046145c9-879d-c051-80d4-25fb448d3ce7" testName="Convert_MultiValueConverter_SingleValueNotANumber_Throws" computerName="DKSR-EFI-04" duration="00:00:00.0007170" startTime="2023-12-22T09:34:02.9079318+01:00" endTime="2023-12-22T09:34:02.9088765+01:00" testType="13cdc9d9-ddb5-4fa4-a97d-d965ccfc6d4b" outcome="Passed" testListId="8c84fa94-04c1-424b-9868-57a2d4851a1d" relativeResultsDirectory="77200c44-f669-43e6-9c44-ddb8763ae473" />
    <UnitTestResult executionId="150815da-b412-4186-9de9-9d0d81a98069" testId="bd6f3f69-8756-1ecb-680e-dc8bdb5e7007" testName="RoundToSecond_RoundUp" computerName="DKSR-EFI-04" duration="00:00:00.0006875" startTime="2023-12-22T09:34:02.6226733+01:00" endTime="2023-12-22T09:34:02.6235275+01:00" testType="13cdc9d9-ddb5-4fa4-a97d-d965ccfc6d4b" outcome="Passed" testListId="8c84fa94-04c1-424b-9868-57a2d4851a1d" relativeResultsDirectory="150815da-b412-4186-9de9-9d0d81a98069" />
    <UnitTestResult executionId="9924b3a2-adc6-4aa7-a414-562b9edba0b2" testId="39556250-42a0-8230-36af-33fb371b59df" testName="ShowDialogScaled_150Percent_Scaling" computerName="DKSR-EFI-04" duration="00:00:00.0285919" startTime="2023-12-22T09:34:02.6351046+01:00" endTime="2023-12-22T09:34:02.6808055+01:00" testType="13cdc9d9-ddb5-4fa4-a97d-d965ccfc6d4b" outcome="Passed" testListId="8c84fa94-04c1-424b-9868-57a2d4851a1d" relativeResultsDirectory="9924b3a2-adc6-4aa7-a414-562b9edba0b2" />
    <UnitTestResult executionId="24e30ab5-49fc-4b0a-b605-f5df23986783" testId="5a9cc3cc-6255-3658-268b-a50ddfebf55b" testName="ClearUnsecureConnectionAllowedForUser_ShouldRemoveUser_WhenUserExists" computerName="DKSR-EFI-04" duration="00:00:00.0038944" startTime="2023-12-22T09:34:12.6873195+01:00" endTime="2023-12-22T09:34:12.6913797+01:00" testType="13cdc9d9-ddb5-4fa4-a97d-d965ccfc6d4b" outcome="Passed" testListId="8c84fa94-04c1-424b-9868-57a2d4851a1d" relativeResultsDirectory="24e30ab5-49fc-4b0a-b605-f5df23986783" />
    <UnitTestResult executionId="7a8b2a55-ae27-48aa-be88-46bf81eb7255" testId="8d3a13e4-7529-dcc7-acab-a47c8e85a381" testName="GetStates_SessionStarted_WithStates" computerName="DKSR-EFI-04" duration="00:00:00.0007456" startTime="2023-12-22T09:34:12.4697760+01:00" endTime="2023-12-22T09:34:12.4706837+01:00" testType="13cdc9d9-ddb5-4fa4-a97d-d965ccfc6d4b" outcome="Passed" testListId="8c84fa94-04c1-424b-9868-57a2d4851a1d" relativeResultsDirectory="7a8b2a55-ae27-48aa-be88-46bf81eb7255" />
    <UnitTestResult executionId="5c320574-9cf0-434c-b093-de18723bf8aa" testId="31fd8fc3-155f-83fd-baeb-6572fbd4102c" testName="DownTileSwapsPositionsOfTileAndSuccessor" computerName="DKSR-EFI-04" duration="00:00:00.0054013" startTime="2023-12-22T09:33:51.2021646+01:00" endTime="2023-12-22T09:33:51.2380359+01:00" testType="13cdc9d9-ddb5-4fa4-a97d-d965ccfc6d4b" outcome="Passed" testListId="8c84fa94-04c1-424b-9868-57a2d4851a1d" relativeResultsDirectory="5c320574-9cf0-434c-b093-de18723bf8aa" />
    <UnitTestResult executionId="9635d11a-cefb-4789-8bc7-235220cf5edb" testId="9f21fd60-dc5f-a407-0a71-dc6ac4edd3a8" testName="SequenceEquals_EqualCollections_IgnoreOrder_SymmetricalTrueResult" computerName="DKSR-EFI-04" duration="00:00:00.0015980" startTime="2023-12-22T09:34:02.3161901+01:00" endTime="2023-12-22T09:34:02.3179606+01:00" testType="13cdc9d9-ddb5-4fa4-a97d-d965ccfc6d4b" outcome="Passed" testListId="8c84fa94-04c1-424b-9868-57a2d4851a1d" relativeResultsDirectory="9635d11a-cefb-4789-8bc7-235220cf5edb" />
    <UnitTestResult executionId="0144fc73-e3c7-48fc-96be-31f6a5e446f6" testId="fea21907-a26b-6132-ad20-d11fecd505f7" testName="Ctor_DurationTimeSpanMax_DoesNotCrash" computerName="DKSR-EFI-04" duration="00:00:00.0001834" startTime="2023-12-22T09:34:02.9176955+01:00" endTime="2023-12-22T09:34:02.9180603+01:00" testType="13cdc9d9-ddb5-4fa4-a97d-d965ccfc6d4b" outcome="Passed" testListId="8c84fa94-04c1-424b-9868-57a2d4851a1d" relativeResultsDirectory="0144fc73-e3c7-48fc-96be-31f6a5e446f6" />
    <UnitTestResult executionId="e73dd18c-c301-4c50-8255-9da62befe567" testId="45ce53b6-2a00-442b-a6cc-32488dfaae90" testName="GetIntValueOrDefault_WrongKeyValue_DefaultValueReturned" computerName="DKSR-EFI-04" duration="00:00:00.0002391" startTime="2023-12-22T09:34:12.1224768+01:00" endTime="2023-12-22T09:34:12.1228851+01:00" testType="13cdc9d9-ddb5-4fa4-a97d-d965ccfc6d4b" outcome="Passed" testListId="8c84fa94-04c1-424b-9868-57a2d4851a1d" relativeResultsDirectory="e73dd18c-c301-4c50-8255-9da62befe567" />
    <UnitTestResult executionId="971e25fc-204f-4556-9aef-10083d347b90" testId="b65ce05c-91af-c3db-9a3c-440082baa61d" testName="Convert_WithOffset_Success" computerName="DKSR-EFI-04" duration="00:00:00.0003271" startTime="2023-12-22T09:33:43.3768787+01:00" endTime="2023-12-22T09:33:43.3773357+01:00" testType="13cdc9d9-ddb5-4fa4-a97d-d965ccfc6d4b" outcome="Passed" testListId="8c84fa94-04c1-424b-9868-57a2d4851a1d" relativeResultsDirectory="971e25fc-204f-4556-9aef-10083d347b90" />
    <UnitTestResult executionId="2ea1d6a7-f7ca-4c5c-a8b5-3d29bd3a9fa8" testId="38f8f45d-602d-9fe2-6af1-7d834fd278db" testName="GetImageSource_thisIconIsNull_ReturnsFallback" computerName="DKSR-EFI-04" duration="00:00:00.0092309" startTime="2023-12-22T09:34:02.4840582+01:00" endTime="2023-12-22T09:34:02.4935176+01:00" testType="13cdc9d9-ddb5-4fa4-a97d-d965ccfc6d4b" outcome="Passed" testListId="8c84fa94-04c1-424b-9868-57a2d4851a1d" relativeResultsDirectory="2ea1d6a7-f7ca-4c5c-a8b5-3d29bd3a9fa8" />
    <UnitTestResult executionId="19b40c60-f840-439b-bb56-15594004d1c0" testId="fbddede5-5be9-fcfe-2d72-bc891322f303" testName="OnPreviewKeyDown_LeftCtrl_Click_Select_Success" computerName="DKSR-EFI-04" duration="00:00:00.2168097" startTime="2023-12-22T09:34:10.3855824+01:00" endTime="2023-12-22T09:34:10.6390165+01:00" testType="13cdc9d9-ddb5-4fa4-a97d-d965ccfc6d4b" outcome="Passed" testListId="8c84fa94-04c1-424b-9868-57a2d4851a1d" relativeResultsDirectory="19b40c60-f840-439b-bb56-15594004d1c0" />
    <UnitTestResult executionId="012afd8a-999f-4298-8448-f6aead0be00d" testId="af38776a-6751-f268-5d04-8090b4d28593" testName="TileLayout_Selected_BorderBrushUpdated" computerName="DKSR-EFI-04" duration="00:00:00.0100208" startTime="2023-12-22T09:34:03.3721153+01:00" endTime="2023-12-22T09:34:03.4146674+01:00" testType="13cdc9d9-ddb5-4fa4-a97d-d965ccfc6d4b" outcome="Passed" testListId="8c84fa94-04c1-424b-9868-57a2d4851a1d" relativeResultsDirectory="012afd8a-999f-4298-8448-f6aead0be00d" />
    <UnitTestResult executionId="724466e8-6e8a-4f69-b4be-9bafafc20150" testId="94400230-a0cf-2852-335d-5880a46a038d" testName="Constructor_StateSessionHelper_ArgumentNull_Thrown" computerName="DKSR-EFI-04" duration="00:00:00.0005646" startTime="2023-12-22T09:34:12.1839466+01:00" endTime="2023-12-22T09:34:12.1847668+01:00" testType="13cdc9d9-ddb5-4fa4-a97d-d965ccfc6d4b" outcome="Passed" testListId="8c84fa94-04c1-424b-9868-57a2d4851a1d" relativeResultsDirectory="724466e8-6e8a-4f69-b4be-9bafafc20150" />
    <UnitTestResult executionId="f652b7d3-48a0-41b2-bdc8-27c12b916248" testId="5ec2fd00-c7ca-4cee-7758-7801f820c473" testName="AuthenticationExternal_CopyConstructor_Success" computerName="DKSR-EFI-04" duration="00:00:00.0004938" startTime="2023-12-22T09:34:12.5167193+01:00" endTime="2023-12-22T09:34:12.5173869+01:00" testType="13cdc9d9-ddb5-4fa4-a97d-d965ccfc6d4b" outcome="Passed" testListId="8c84fa94-04c1-424b-9868-57a2d4851a1d" relativeResultsDirectory="f652b7d3-48a0-41b2-bdc8-27c12b916248" />
    <UnitTestResult executionId="414a9e66-e4af-4f4d-9983-171928ab2132" testId="a968b87e-cff6-bf9a-9da7-2e125015401d" testName="CloseShouldBlockTheCache" computerName="DKSR-EFI-04" duration="00:00:00.0007855" startTime="2023-12-22T09:33:49.6997648+01:00" endTime="2023-12-22T09:33:49.7007874+01:00" testType="13cdc9d9-ddb5-4fa4-a97d-d965ccfc6d4b" outcome="Passed" testListId="8c84fa94-04c1-424b-9868-57a2d4851a1d" relativeResultsDirectory="414a9e66-e4af-4f4d-9983-171928ab2132" />
    <UnitTestResult executionId="87758cd7-1618-41f1-8b46-a67b9e6ef174" testId="896a835e-aa00-d5b5-efb0-cae3f484c942" testName="CleanUpShouldBeEnforced" computerName="DKSR-EFI-04" duration="00:00:00.0098352" startTime="2023-12-22T09:33:49.6847587+01:00" endTime="2023-12-22T09:33:49.6947626+01:00" testType="13cdc9d9-ddb5-4fa4-a97d-d965ccfc6d4b" outcome="Passed" testListId="8c84fa94-04c1-424b-9868-57a2d4851a1d" relativeResultsDirectory="87758cd7-1618-41f1-8b46-a67b9e6ef174" />
    <UnitTestResult executionId="92137ad1-523b-429b-b17d-33cc43d3dea7" testId="8dde7174-38d7-ee12-7e68-7117e399b660" testName="OkNewTileAddsANewTile" computerName="DKSR-EFI-04" duration="00:00:00.0105539" startTime="2023-12-22T09:33:51.2851274+01:00" endTime="2023-12-22T09:33:51.3394773+01:00" testType="13cdc9d9-ddb5-4fa4-a97d-d965ccfc6d4b" outcome="Passed" testListId="8c84fa94-04c1-424b-9868-57a2d4851a1d" relativeResultsDirectory="92137ad1-523b-429b-b17d-33cc43d3dea7" />
    <UnitTestResult executionId="c513334d-59ab-4769-ae88-aad776cd672c" testId="3b223dd9-b4de-6435-8d9f-fb5af0ea22bc" testName="Ctor_Success" computerName="DKSR-EFI-04" duration="00:00:00.0005244" startTime="2023-12-22T09:34:03.0584669+01:00" endTime="2023-12-22T09:34:03.0593198+01:00" testType="13cdc9d9-ddb5-4fa4-a97d-d965ccfc6d4b" outcome="Passed" testListId="8c84fa94-04c1-424b-9868-57a2d4851a1d" relativeResultsDirectory="c513334d-59ab-4769-ae88-aad776cd672c" />
    <UnitTestResult executionId="0532b83b-dde3-4b97-a0ea-f5681b92772d" testId="3b4e9ba3-5a1a-3d04-7b0a-c75c5f0c3a72" testName="StopsFiringAfterRemove" computerName="DKSR-EFI-04" duration="00:00:00.0008148" startTime="2023-12-22T09:34:02.3404562+01:00" endTime="2023-12-22T09:34:02.3414422+01:00" testType="13cdc9d9-ddb5-4fa4-a97d-d965ccfc6d4b" outcome="Passed" testListId="8c84fa94-04c1-424b-9868-57a2d4851a1d" relativeResultsDirectory="0532b83b-dde3-4b97-a0ea-f5681b92772d" />
    <UnitTestResult executionId="f73cd805-0150-4ba5-b41e-e2647dfc3b10" testId="31287f75-c0f1-e036-018c-5c569b7613eb" testName="TickFrequenceSet_GreaterThanMax_ValueValidatedAndUpdated" computerName="DKSR-EFI-04" duration="00:00:00.0042145" startTime="2023-12-22T09:33:45.8584659+01:00" endTime="2023-12-22T09:33:45.8670631+01:00" testType="13cdc9d9-ddb5-4fa4-a97d-d965ccfc6d4b" outcome="Passed" testListId="8c84fa94-04c1-424b-9868-57a2d4851a1d" relativeResultsDirectory="f73cd805-0150-4ba5-b41e-e2647dfc3b10" />
    <UnitTestResult executionId="04fd24e4-467b-4a8e-9d6e-101ab358462d" testId="704cc4f9-442e-9c30-b5d7-b60631e124cf" testName="Constructor_ShouldCreateTreeOfDepth2_WhenUnitsHaveGrandparent" computerName="DKSR-EFI-04" duration="00:00:00.0035552" startTime="2023-12-22T09:33:43.2836305+01:00" endTime="2023-12-22T09:33:43.2873116+01:00" testType="13cdc9d9-ddb5-4fa4-a97d-d965ccfc6d4b" outcome="Passed" testListId="8c84fa94-04c1-424b-9868-57a2d4851a1d" relativeResultsDirectory="04fd24e4-467b-4a8e-9d6e-101ab358462d" />
    <UnitTestResult executionId="533ecaca-86b7-4914-a1ce-37c6cf07dace" testId="e7ac6111-62b8-1737-1b08-b5a95b8c801f" testName="LoaderCalledWhenDataIsNotInCacheTest" computerName="DKSR-EFI-04" duration="00:00:00.0017886" startTime="2023-12-22T09:33:49.6764573+01:00" endTime="2023-12-22T09:33:49.6784345+01:00" testType="13cdc9d9-ddb5-4fa4-a97d-d965ccfc6d4b" outcome="Passed" testListId="8c84fa94-04c1-424b-9868-57a2d4851a1d" relativeResultsDirectory="533ecaca-86b7-4914-a1ce-37c6cf07dace" />
    <UnitTestResult executionId="b3abec73-c932-4554-ab99-7727eec2cfb7" testId="8d4c082a-f9d0-c638-ed0b-343bc5cdce37" testName="Constructor_ShouldCreateTreeOfDepth1_WhenUnitsHaveNoParentButIncludeIsEnabled" computerName="DKSR-EFI-04" duration="00:00:00.0024555" startTime="2023-12-22T09:33:43.2731685+01:00" endTime="2023-12-22T09:33:43.2757711+01:00" testType="13cdc9d9-ddb5-4fa4-a97d-d965ccfc6d4b" outcome="Passed" testListId="8c84fa94-04c1-424b-9868-57a2d4851a1d" relativeResultsDirectory="b3abec73-c932-4554-ab99-7727eec2cfb7" />
    <UnitTestResult executionId="522fbe8d-2e08-4bd1-b795-44a3d24fe87d" testId="9e8c12e8-27ef-31c9-ca23-5d60c890c874" testName="GetBoolValueOrDefault_EmptyKeyValue_DefaultValueReturned" computerName="DKSR-EFI-04" duration="00:00:00.0002592" startTime="2023-12-22T09:34:12.1366280+01:00" endTime="2023-12-22T09:34:12.1370524+01:00" testType="13cdc9d9-ddb5-4fa4-a97d-d965ccfc6d4b" outcome="Passed" testListId="8c84fa94-04c1-424b-9868-57a2d4851a1d" relativeResultsDirectory="522fbe8d-2e08-4bd1-b795-44a3d24fe87d" />
    <UnitTestResult executionId="738a50c9-1aa8-4e16-8868-cb654a450221" testId="76a3a4c2-b730-8445-7c90-0d70d705d3b2" testName="OnPreviewKeyDown_RightCtrl_A_UnselectAll_Success" computerName="DKSR-EFI-04" duration="00:00:00.2097036" startTime="2023-12-22T09:34:09.0716950+01:00" endTime="2023-12-22T09:34:09.2952419+01:00" testType="13cdc9d9-ddb5-4fa4-a97d-d965ccfc6d4b" outcome="Passed" testListId="8c84fa94-04c1-424b-9868-57a2d4851a1d" relativeResultsDirectory="738a50c9-1aa8-4e16-8868-cb654a450221" />
    <UnitTestResult executionId="1e0d7786-274e-49f9-95ff-aa1b7c7cfe2b" testId="a295235b-bf9f-1e32-c688-419c5d57596e" testName="SequenceEqualIgnoreOrder_EqualCollections_IgnoreOrder_SymmetricalTrueResult" computerName="DKSR-EFI-04" duration="00:00:00.0002464" startTime="2023-12-22T09:34:02.5205262+01:00" endTime="2023-12-22T09:34:02.5209320+01:00" testType="13cdc9d9-ddb5-4fa4-a97d-d965ccfc6d4b" outcome="Passed" testListId="8c84fa94-04c1-424b-9868-57a2d4851a1d" relativeResultsDirectory="1e0d7786-274e-49f9-95ff-aa1b7c7cfe2b" />
    <UnitTestResult executionId="427f7ec6-fab1-45c6-86c7-d3613cca07e2" testId="2ee2e56d-59f2-3ef3-a9cd-f2fe65fa91af" testName="Convert_ShouldReturnGreaterThanString_WhenValueIsDoubleValueGreaterThanThreshold" computerName="DKSR-EFI-04" duration="00:00:00.0002918" startTime="2023-12-22T09:34:02.8930434+01:00" endTime="2023-12-22T09:34:02.8935078+01:00" testType="13cdc9d9-ddb5-4fa4-a97d-d965ccfc6d4b" outcome="Passed" testListId="8c84fa94-04c1-424b-9868-57a2d4851a1d" relativeResultsDirectory="427f7ec6-fab1-45c6-86c7-d3613cca07e2" />
    <UnitTestResult executionId="72839b5f-7ae6-484f-a2fc-ff7484128ef0" testId="8a767b9b-e015-e5fc-c6e0-fb31075f769b" testName="GetImageSource_16px_Success" computerName="DKSR-EFI-04" duration="00:00:00.0649132" startTime="2023-12-22T09:34:02.4114547+01:00" endTime="2023-12-22T09:34:02.4767172+01:00" testType="13cdc9d9-ddb5-4fa4-a97d-d965ccfc6d4b" outcome="Passed" testListId="8c84fa94-04c1-424b-9868-57a2d4851a1d" relativeResultsDirectory="72839b5f-7ae6-484f-a2fc-ff7484128ef0" />
    <UnitTestResult executionId="e5a3aee0-5d2e-45d1-9e98-7b3354766f7e" testId="187b12dc-8a8d-a2dd-a376-a830b72404bd" testName="IsUnsecureConnectionAllowedForUser_ShouldReturnTrue_WhenAllowUnsecureSetToAllowed" computerName="DKSR-EFI-04" duration="00:00:00.0023896" startTime="2023-12-22T09:34:12.6784732+01:00" endTime="2023-12-22T09:34:12.6810352+01:00" testType="13cdc9d9-ddb5-4fa4-a97d-d965ccfc6d4b" outcome="Passed" testListId="8c84fa94-04c1-424b-9868-57a2d4851a1d" relativeResultsDirectory="e5a3aee0-5d2e-45d1-9e98-7b3354766f7e" />
    <UnitTestResult executionId="f5440440-df82-4e92-b5c0-1fbebe40a470" testId="ca6d72ce-f71b-8ae1-85b8-7dccf00e0632" testName="SequenceEquals_DifferentlySizedCollections_RespectOrder_SymmetricalFalseResult" computerName="DKSR-EFI-04" duration="00:00:00.0011928" startTime="2023-12-22T09:34:02.3104904+01:00" endTime="2023-12-22T09:34:02.3118665+01:00" testType="13cdc9d9-ddb5-4fa4-a97d-d965ccfc6d4b" outcome="Passed" testListId="8c84fa94-04c1-424b-9868-57a2d4851a1d" relativeResultsDirectory="f5440440-df82-4e92-b5c0-1fbebe40a470" />
    <UnitTestResult executionId="63dd4ff0-07c7-491e-8ead-4f27e6333c92" testId="ce5d6351-00d4-a4e9-7df0-2fe2199468f7" testName="IsUnsecureConnectionAllowedForUser_ShouldReturnFalse_WhenAllowUnsecureSetToNotDecided" computerName="DKSR-EFI-04" duration="00:00:00.0005824" startTime="2023-12-22T09:34:12.6825025+01:00" endTime="2023-12-22T09:34:12.6832511+01:00" testType="13cdc9d9-ddb5-4fa4-a97d-d965ccfc6d4b" outcome="Passed" testListId="8c84fa94-04c1-424b-9868-57a2d4851a1d" relativeResultsDirectory="63dd4ff0-07c7-491e-8ead-4f27e6333c92" />
    <UnitTestResult executionId="59a83c67-5ea4-493b-8c10-3a851b67060e" testId="c1622c67-8934-6098-5c3f-000e90cb0bbf" testName="FontUpCommand_ShouldIncreaseFontForSelectedSlide" computerName="DKSR-EFI-04" duration="00:00:00.0008759" startTime="2023-12-22T09:34:02.2807561+01:00" endTime="2023-12-22T09:34:02.2818386+01:00" testType="13cdc9d9-ddb5-4fa4-a97d-d965ccfc6d4b" outcome="Passed" testListId="8c84fa94-04c1-424b-9868-57a2d4851a1d" relativeResultsDirectory="59a83c67-5ea4-493b-8c10-3a851b67060e" />
    <UnitTestResult executionId="85ba2280-be2d-4c0b-b5cd-35fb3eddff10" testId="b0a63f8f-6af7-a1eb-69e4-87897c177ded" testName="ClearUnsecureConnectionAllowedForUser_ShouldDoNothing_WhenUserDoesNotExist" computerName="DKSR-EFI-04" duration="00:00:00.0007342" startTime="2023-12-22T09:34:12.6955462+01:00" endTime="2023-12-22T09:34:12.6964454+01:00" testType="13cdc9d9-ddb5-4fa4-a97d-d965ccfc6d4b" outcome="Passed" testListId="8c84fa94-04c1-424b-9868-57a2d4851a1d" relativeResultsDirectory="85ba2280-be2d-4c0b-b5cd-35fb3eddff10" />
    <UnitTestResult executionId="6afd7ffb-1eb2-4708-9474-802a2b3a233e" testId="8f9aaf67-4846-3c14-9893-fd9a67976dbd" testName="TryCreateUri_ShouldReturnValidUri_WhenInputIsRelativeUri" computerName="DKSR-EFI-04" duration="00:00:00.0003006" startTime="2023-12-22T09:34:02.6056315+01:00" endTime="2023-12-22T09:34:02.6061069+01:00" testType="13cdc9d9-ddb5-4fa4-a97d-d965ccfc6d4b" outcome="Passed" testListId="8c84fa94-04c1-424b-9868-57a2d4851a1d" relativeResultsDirectory="6afd7ffb-1eb2-4708-9474-802a2b3a233e" />
    <UnitTestResult executionId="3c3218c6-8a6b-479e-a63c-0c7788d3033f" testId="6a9b6055-9055-6cdd-ce58-2c6f0ec341c2" testName="SimpleTest" computerName="DKSR-EFI-04" duration="00:00:00.0096706" startTime="2023-12-22T09:34:02.2924694+01:00" endTime="2023-12-22T09:34:02.3024575+01:00" testType="13cdc9d9-ddb5-4fa4-a97d-d965ccfc6d4b" outcome="Passed" testListId="8c84fa94-04c1-424b-9868-57a2d4851a1d" relativeResultsDirectory="3c3218c6-8a6b-479e-a63c-0c7788d3033f" />
    <UnitTestResult executionId="23d505ec-6fc0-4f56-ab18-b15718c17bbc" testId="febb8456-be0b-5098-be4c-94fbaa942835" testName="AllowUnsecureConnection_ShouldBeFalse_WhenAllowUnsecureIsNotSet" computerName="DKSR-EFI-04" duration="00:00:00.0019834" startTime="2023-12-22T09:34:12.6304575+01:00" endTime="2023-12-22T09:34:12.6326275+01:00" testType="13cdc9d9-ddb5-4fa4-a97d-d965ccfc6d4b" outcome="Passed" testListId="8c84fa94-04c1-424b-9868-57a2d4851a1d" relativeResultsDirectory="23d505ec-6fc0-4f56-ab18-b15718c17bbc" />
    <UnitTestResult executionId="94eb59d7-0350-49b0-9adc-45a6f4eb0929" testId="24d7108a-b492-bd24-b0f8-ceb600b42692" testName="ScrollIntoView_Success" computerName="DKSR-EFI-04" duration="00:00:00.2725948" startTime="2023-12-22T09:34:03.7354691+01:00" endTime="2023-12-22T09:34:04.0644132+01:00" testType="13cdc9d9-ddb5-4fa4-a97d-d965ccfc6d4b" outcome="Passed" testListId="8c84fa94-04c1-424b-9868-57a2d4851a1d" relativeResultsDirectory="94eb59d7-0350-49b0-9adc-45a6f4eb0929" />
    <UnitTestResult executionId="fca41b24-9b43-4a4b-88ac-b8d17add833e" testId="98166cc9-e914-f13d-508c-30c89f0ae058" testName="DismissAllToasts_MultipleToasts_Success" computerName="DKSR-EFI-04" duration="00:00:00.0348740" startTime="2023-12-22T09:33:43.8584714+01:00" endTime="2023-12-22T09:33:43.8935670+01:00" testType="13cdc9d9-ddb5-4fa4-a97d-d965ccfc6d4b" outcome="Passed" testListId="8c84fa94-04c1-424b-9868-57a2d4851a1d" relativeResultsDirectory="fca41b24-9b43-4a4b-88ac-b8d17add833e" />
    <UnitTestResult executionId="063bc1ee-96a0-4c05-983d-7f1fcdc69465" testId="8d2e4a94-ff96-e137-7aa1-856c2b177202" testName="FindOptimalTilingCalculatesEqualNumberOfRowsAndColumnsIfRatioIsOne" computerName="DKSR-EFI-04" duration="00:00:00.3457217" startTime="2023-12-22T09:33:49.9340588+01:00" endTime="2023-12-22T09:33:50.2819826+01:00" testType="13cdc9d9-ddb5-4fa4-a97d-d965ccfc6d4b" outcome="Passed" testListId="8c84fa94-04c1-424b-9868-57a2d4851a1d" relativeResultsDirectory="063bc1ee-96a0-4c05-983d-7f1fcdc69465" />
    <UnitTestResult executionId="7712d470-9b8a-4229-ab11-688851bc0ebd" testId="2ad348ab-ada5-a25f-9253-b563f1c5898f" testName="ArrangeOverride__6child_2MustShrink__2AreShrunk" computerName="DKSR-EFI-04" duration="00:00:00.0102639" startTime="2023-12-22T09:33:48.7559087+01:00" endTime="2023-12-22T09:33:48.8150899+01:00" testType="13cdc9d9-ddb5-4fa4-a97d-d965ccfc6d4b" outcome="Passed" testListId="8c84fa94-04c1-424b-9868-57a2d4851a1d" relativeResultsDirectory="7712d470-9b8a-4229-ab11-688851bc0ebd">
      <Output>
        <StdOut>Debug Trace:&#xD;
offsets: 0, 21, 60, 99, 100, 120&#xD;
widths: 11, 29, 29, 0, 11, 29</StdOut>
      </Output>
    </UnitTestResult>
    <UnitTestResult executionId="eadec2b4-8307-4d0c-abff-a54aaa28370b" testId="b68df490-f19b-a1a8-b878-ba437321192c" testName="OnPreviewKeyDown_Home_Success" computerName="DKSR-EFI-04" duration="00:00:00.1698322" startTime="2023-12-22T09:34:07.2607491+01:00" endTime="2023-12-22T09:34:07.4604531+01:00" testType="13cdc9d9-ddb5-4fa4-a97d-d965ccfc6d4b" outcome="Passed" testListId="8c84fa94-04c1-424b-9868-57a2d4851a1d" relativeResultsDirectory="eadec2b4-8307-4d0c-abff-a54aaa28370b" />
    <UnitTestResult executionId="b712dfd1-66f2-4512-bd4f-6df1f5778275" testId="12ac6e7d-4dc0-7730-a820-51b345ac71e7" testName="ctor_Success" computerName="DKSR-EFI-04" duration="00:00:00.5747359" startTime="2023-12-22T09:33:43.8942688+01:00" endTime="2023-12-22T09:33:44.5018085+01:00" testType="13cdc9d9-ddb5-4fa4-a97d-d965ccfc6d4b" outcome="Passed" testListId="8c84fa94-04c1-424b-9868-57a2d4851a1d" relativeResultsDirectory="b712dfd1-66f2-4512-bd4f-6df1f5778275" />
    <UnitTestResult executionId="8add9cc3-f011-4e29-823f-705a29b7e90d" testId="6e2b046c-b538-e705-bf5a-ce4b83d68120" testName="MeasureOverride_1childEnoughSpace_NotShrunk" computerName="DKSR-EFI-04" duration="00:00:00.0143072" startTime="2023-12-22T09:33:48.3130691+01:00" endTime="2023-12-22T09:33:48.3602906+01:00" testType="13cdc9d9-ddb5-4fa4-a97d-d965ccfc6d4b" outcome="Passed" testListId="8c84fa94-04c1-424b-9868-57a2d4851a1d" relativeResultsDirectory="8add9cc3-f011-4e29-823f-705a29b7e90d" />
    <UnitTestResult executionId="401f6e2b-b04c-4b88-a3e0-5e9c86ff88cc" testId="096497aa-f877-ca92-6ca3-eb3764bf4357" testName="TileStateMaintainsDefinedStateAsLongAsAtLeastOneCurrentStateIsDefined" computerName="DKSR-EFI-04" duration="00:00:00.0063547" startTime="2023-12-22T09:33:52.3462203+01:00" endTime="2023-12-22T09:33:52.3738895+01:00" testType="13cdc9d9-ddb5-4fa4-a97d-d965ccfc6d4b" outcome="Passed" testListId="8c84fa94-04c1-424b-9868-57a2d4851a1d" relativeResultsDirectory="401f6e2b-b04c-4b88-a3e0-5e9c86ff88cc" />
    <UnitTestResult executionId="98ef643b-c8fa-4f3b-a51b-fc4eccc89e94" testId="4d866a2f-8988-0d70-b30c-379e46401f2f" testName="Ctor_CreateAndClose_Success" computerName="DKSR-EFI-04" duration="00:00:00.0761412" startTime="2023-12-22T09:34:02.9185765+01:00" endTime="2023-12-22T09:34:02.9951033+01:00" testType="13cdc9d9-ddb5-4fa4-a97d-d965ccfc6d4b" outcome="Passed" testListId="8c84fa94-04c1-424b-9868-57a2d4851a1d" relativeResultsDirectory="98ef643b-c8fa-4f3b-a51b-fc4eccc89e94" />
    <UnitTestResult executionId="75ee9bd3-cd5b-46ef-a0a4-4eaec3f0efb7" testId="c66e3bc2-2f46-3828-947c-08aea11ba952" testName="IfInstanceIdIsNotSetThenEntityNameIsCategoryName" computerName="DKSR-EFI-04" duration="00:00:00.0002189" startTime="2023-12-22T09:33:52.5905791+01:00" endTime="2023-12-22T09:33:52.5908851+01:00" testType="13cdc9d9-ddb5-4fa4-a97d-d965ccfc6d4b" outcome="Passed" testListId="8c84fa94-04c1-424b-9868-57a2d4851a1d" relativeResultsDirectory="75ee9bd3-cd5b-46ef-a0a4-4eaec3f0efb7" />
    <UnitTestResult executionId="e29f21a8-b033-41ec-a407-ab1df00d89e3" testId="b301c31a-5fce-b4b4-96b1-9d8598e593a2" testName="RoundToMinute_Up" computerName="DKSR-EFI-04" duration="00:00:00.0007311" startTime="2023-12-22T09:34:02.4039149+01:00" endTime="2023-12-22T09:34:02.4048052+01:00" testType="13cdc9d9-ddb5-4fa4-a97d-d965ccfc6d4b" outcome="Passed" testListId="8c84fa94-04c1-424b-9868-57a2d4851a1d" relativeResultsDirectory="e29f21a8-b033-41ec-a407-ab1df00d89e3" />
    <UnitTestResult executionId="3aa48604-4999-495f-8ed2-af77ab159441" testId="b55addd3-5335-70b5-4725-96a0e81794df" testName="ArrangeOverride__6child_AllMustShrink__AllAreShrunk" computerName="DKSR-EFI-04" duration="00:00:00.0111035" startTime="2023-12-22T09:33:48.8211739+01:00" endTime="2023-12-22T09:33:48.8335027+01:00" testType="13cdc9d9-ddb5-4fa4-a97d-d965ccfc6d4b" outcome="Passed" testListId="8c84fa94-04c1-424b-9868-57a2d4851a1d" relativeResultsDirectory="3aa48604-4999-495f-8ed2-af77ab159441">
      <Output>
        <StdOut>Debug Trace:&#xD;
offsets: 0, 20, 40, 60, 60, 80&#xD;
widths: 10, 10, 10, 0, 10, 10</StdOut>
      </Output>
    </UnitTestResult>
    <UnitTestResult executionId="74b7375b-01cd-42e6-8b43-555a106f9899" testId="6993f887-a58d-8b2d-0d37-9a2f5f848573" testName="DeleteTileDeletesIfTileIsInListBox" computerName="DKSR-EFI-04" duration="00:00:00.0774357" startTime="2023-12-22T09:33:50.6718812+01:00" endTime="2023-12-22T09:33:50.8771239+01:00" testType="13cdc9d9-ddb5-4fa4-a97d-d965ccfc6d4b" outcome="Passed" testListId="8c84fa94-04c1-424b-9868-57a2d4851a1d" relativeResultsDirectory="74b7375b-01cd-42e6-8b43-555a106f9899" />
    <UnitTestResult executionId="44ce8f6f-9048-4828-9085-7c8f374f3012" testId="8d92020e-5832-705d-100b-9a3d128c1860" testName="IsFailover_IsNotFailover_IDNotSet" computerName="DKSR-EFI-04" duration="00:00:00.0001418" startTime="2023-12-22T09:34:11.5516016+01:00" endTime="2023-12-22T09:34:11.5519346+01:00" testType="13cdc9d9-ddb5-4fa4-a97d-d965ccfc6d4b" outcome="Passed" testListId="8c84fa94-04c1-424b-9868-57a2d4851a1d" relativeResultsDirectory="44ce8f6f-9048-4828-9085-7c8f374f3012" />
    <UnitTestResult executionId="d5f7c8c5-aebc-4294-9d5f-1a9116b7bc56" testId="3ff3319a-948e-ff61-1feb-7a7a66592fd5" testName="ConvertToTileStates_Convert" computerName="DKSR-EFI-04" duration="00:00:00.0012300" startTime="2023-12-22T09:34:12.4622778+01:00" endTime="2023-12-22T09:34:12.4636751+01:00" testType="13cdc9d9-ddb5-4fa4-a97d-d965ccfc6d4b" outcome="Passed" testListId="8c84fa94-04c1-424b-9868-57a2d4851a1d" relativeResultsDirectory="d5f7c8c5-aebc-4294-9d5f-1a9116b7bc56" />
    <UnitTestResult executionId="62c45fcf-855c-466a-80fc-fe122e50f44e" testId="8c18207a-4a3c-8ee5-7129-6f35cbcaea2a" testName="GetRoundRectangle_Success" computerName="DKSR-EFI-04" duration="00:00:00.0030176" startTime="2023-12-22T09:34:03.0598268+01:00" endTime="2023-12-22T09:34:03.0631231+01:00" testType="13cdc9d9-ddb5-4fa4-a97d-d965ccfc6d4b" outcome="Passed" testListId="8c84fa94-04c1-424b-9868-57a2d4851a1d" relativeResultsDirectory="62c45fcf-855c-466a-80fc-fe122e50f44e" />
    <UnitTestResult executionId="4ec7ce2d-b3e4-48c1-a359-f77dbf3deb67" testId="535b5010-34ee-7c3d-315a-1071e5381898" testName="Convert_SingleValueConverter_DifferentTargetType_Success" computerName="DKSR-EFI-04" duration="00:00:00.0002797" startTime="2023-12-22T09:34:02.9034369+01:00" endTime="2023-12-22T09:34:02.9038918+01:00" testType="13cdc9d9-ddb5-4fa4-a97d-d965ccfc6d4b" outcome="Passed" testListId="8c84fa94-04c1-424b-9868-57a2d4851a1d" relativeResultsDirectory="4ec7ce2d-b3e4-48c1-a359-f77dbf3deb67" />
    <UnitTestResult executionId="8a8eda37-d991-4c0e-84ed-da4dd7753b1c" testId="c5d5c0bb-f780-e550-d703-b15880279a9f" testName="Convert_ShouldReturnEqualOrLessString_WhenValueIsEqualToThreshold" computerName="DKSR-EFI-04" duration="00:00:00.0003544" startTime="2023-12-22T09:34:02.8909710+01:00" endTime="2023-12-22T09:34:02.8914988+01:00" testType="13cdc9d9-ddb5-4fa4-a97d-d965ccfc6d4b" outcome="Passed" testListId="8c84fa94-04c1-424b-9868-57a2d4851a1d" relativeResultsDirectory="8a8eda37-d991-4c0e-84ed-da4dd7753b1c" />
    <UnitTestResult executionId="d437036c-aced-4845-8aa9-4abb96205dd9" testId="9fa25131-4a4e-7dac-7ed1-7e35fdb0b337" testName="ItemHolderSelectedToggleButton_Init_Success" computerName="DKSR-EFI-04" duration="00:00:00.0239233" startTime="2023-12-22T09:34:03.1326069+01:00" endTime="2023-12-22T09:34:03.2908551+01:00" testType="13cdc9d9-ddb5-4fa4-a97d-d965ccfc6d4b" outcome="Passed" testListId="8c84fa94-04c1-424b-9868-57a2d4851a1d" relativeResultsDirectory="d437036c-aced-4845-8aa9-4abb96205dd9" />
    <UnitTestResult executionId="923aeabf-6cd9-414e-9b18-07f2df6f68cb" testId="067f6aa9-8e9c-3bdb-54dc-59497bccef18" testName="Convert_RespectMaxValue_Success" computerName="DKSR-EFI-04" duration="00:00:00.0003344" startTime="2023-12-22T09:33:43.3814364+01:00" endTime="2023-12-22T09:33:43.3819134+01:00" testType="13cdc9d9-ddb5-4fa4-a97d-d965ccfc6d4b" outcome="Passed" testListId="8c84fa94-04c1-424b-9868-57a2d4851a1d" relativeResultsDirectory="923aeabf-6cd9-414e-9b18-07f2df6f68cb" />
    <UnitTestResult executionId="d0af5221-6a00-4f8d-8650-bb52fc965478" testId="3625363b-2b2b-2a01-cb9b-b878cc7db25a" testName="MouseDrag_RangeMinOverRangeMax_DataInvariantIsOK" computerName="DKSR-EFI-04" duration="00:00:00.1066917" startTime="2023-12-22T09:33:46.4413348+01:00" endTime="2023-12-22T09:33:46.5669495+01:00" testType="13cdc9d9-ddb5-4fa4-a97d-d965ccfc6d4b" outcome="Passed" testListId="8c84fa94-04c1-424b-9868-57a2d4851a1d" relativeResultsDirectory="d0af5221-6a00-4f8d-8650-bb52fc965478" />
    <UnitTestResult executionId="e44cbc01-f8bb-4331-b515-9d9e11f08b09" testId="d8e63543-1f0c-4f29-79c8-6459f1072b63" testName="DetermineScaledWindowLocationAndSize_CenterScreen_150Percent_Scaling" computerName="DKSR-EFI-04" duration="00:00:00.0041879" startTime="2023-12-22T09:34:02.8790313+01:00" endTime="2023-12-22T09:34:02.8833988+01:00" testType="13cdc9d9-ddb5-4fa4-a97d-d965ccfc6d4b" outcome="Passed" testListId="8c84fa94-04c1-424b-9868-57a2d4851a1d" relativeResultsDirectory="e44cbc01-f8bb-4331-b515-9d9e11f08b09" />
    <UnitTestResult executionId="65872846-1616-4303-9efe-36ca80b1e24c" testId="af71ed0e-187b-fd2b-1963-f93916cf4abc" testName="TooltipServiceWarning_NotCritical" computerName="DKSR-EFI-04" duration="00:00:00.0002183" startTime="2023-12-22T09:34:11.5479584+01:00" endTime="2023-12-22T09:34:11.5483899+01:00" testType="13cdc9d9-ddb5-4fa4-a97d-d965ccfc6d4b" outcome="Passed" testListId="8c84fa94-04c1-424b-9868-57a2d4851a1d" relativeResultsDirectory="65872846-1616-4303-9efe-36ca80b1e24c" />
    <UnitTestResult executionId="218f1afe-0c2d-4ee1-b91e-7d50ad83de7f" testId="22b2ca51-378e-71cd-e0e0-67e36d20ff15" testName="ArrangeOverride_3child_EnoughSpace_NotShrunk" computerName="DKSR-EFI-04" duration="00:00:00.0089536" startTime="2023-12-22T09:33:48.5091570+01:00" endTime="2023-12-22T09:33:48.5504433+01:00" testType="13cdc9d9-ddb5-4fa4-a97d-d965ccfc6d4b" outcome="Passed" testListId="8c84fa94-04c1-424b-9868-57a2d4851a1d" relativeResultsDirectory="218f1afe-0c2d-4ee1-b91e-7d50ad83de7f">
      <Output>
        <StdOut>Debug Trace:&#xD;
offsets: 0, 21, 62&#xD;
widths: 11, 31, 51</StdOut>
      </Output>
    </UnitTestResult>
    <UnitTestResult executionId="8591486b-4416-4d82-bb13-d97ce5b4f09c" testId="ba4c1a66-a8cb-a425-dd33-a7ca657b44ae" testName="AuthenticationWindows_SetProperties_Success" computerName="DKSR-EFI-04" duration="00:00:00.0006583" startTime="2023-12-22T09:34:12.5102486+01:00" endTime="2023-12-22T09:34:12.5110908+01:00" testType="13cdc9d9-ddb5-4fa4-a97d-d965ccfc6d4b" outcome="Passed" testListId="8c84fa94-04c1-424b-9868-57a2d4851a1d" relativeResultsDirectory="8591486b-4416-4d82-bb13-d97ce5b4f09c" />
    <UnitTestResult executionId="80169b16-1b22-4d33-8110-30bb546e3f1c" testId="9af8ac57-47e8-e560-cb3c-d72fb3be6de6" testName="OnPreviewKeyDown_Up_Success" computerName="DKSR-EFI-04" duration="00:00:00.1833222" startTime="2023-12-22T09:34:06.2527037+01:00" endTime="2023-12-22T09:34:06.5157783+01:00" testType="13cdc9d9-ddb5-4fa4-a97d-d965ccfc6d4b" outcome="Passed" testListId="8c84fa94-04c1-424b-9868-57a2d4851a1d" relativeResultsDirectory="80169b16-1b22-4d33-8110-30bb546e3f1c" />
    <UnitTestResult executionId="4d9d6763-f89f-4862-a5f6-720c34028807" testId="adb4be23-162a-8b95-3e02-bd423cdb5788" testName="MouseDrag_RangeMinSetToMinValue_EditBoxIsWithinControlBoundaries" computerName="DKSR-EFI-04" duration="00:00:00.1111619" startTime="2023-12-22T09:33:46.7716232+01:00" endTime="2023-12-22T09:33:46.9232870+01:00" testType="13cdc9d9-ddb5-4fa4-a97d-d965ccfc6d4b" outcome="Passed" testListId="8c84fa94-04c1-424b-9868-57a2d4851a1d" relativeResultsDirectory="4d9d6763-f89f-4862-a5f6-720c34028807" />
    <UnitTestResult executionId="11958d81-3ff8-453f-9caf-bf7faedb75c9" testId="a40e30ee-4537-9698-9f88-45700d1ef781" testName="Convert_WithAutomationId_ReturnsValue" computerName="DKSR-EFI-04" duration="00:00:00.0002130" startTime="2023-12-22T09:33:43.3689669+01:00" endTime="2023-12-22T09:33:43.3693045+01:00" testType="13cdc9d9-ddb5-4fa4-a97d-d965ccfc6d4b" outcome="Passed" testListId="8c84fa94-04c1-424b-9868-57a2d4851a1d" relativeResultsDirectory="11958d81-3ff8-453f-9caf-bf7faedb75c9" />
    <UnitTestResult executionId="ba87eb8d-68dc-4a84-8ab0-48cd7d6c6a9b" testId="ae9f9017-443d-54ba-c5ef-294c75c79e4f" testName="DrawControl_NegatigeMinValue_VisualsOK" computerName="DKSR-EFI-04" duration="00:00:00.0626777" startTime="2023-12-22T09:33:46.3463514+01:00" endTime="2023-12-22T09:33:46.4387685+01:00" testType="13cdc9d9-ddb5-4fa4-a97d-d965ccfc6d4b" outcome="Passed" testListId="8c84fa94-04c1-424b-9868-57a2d4851a1d" relativeResultsDirectory="ba87eb8d-68dc-4a84-8ab0-48cd7d6c6a9b" />
    <UnitTestResult executionId="9be3ff52-f322-4c2f-906e-c110162b8daf" testId="9d6748d3-43a8-fd2d-d4c5-a0b3805774ee" testName="LoaderIsNotCalledWhenDataIsInCacheTest" computerName="DKSR-EFI-04" duration="00:00:00.0135767" startTime="2023-12-22T09:33:49.6619676+01:00" endTime="2023-12-22T09:33:49.6757920+01:00" testType="13cdc9d9-ddb5-4fa4-a97d-d965ccfc6d4b" outcome="Passed" testListId="8c84fa94-04c1-424b-9868-57a2d4851a1d" relativeResultsDirectory="9be3ff52-f322-4c2f-906e-c110162b8daf" />
    <UnitTestResult executionId="78ddaf00-8bbe-43c8-9baf-ec7800b3c75d" testId="f31e5243-90c8-7dae-7404-a3986e0efbe1" testName="Convert_WithMultiplier_Success" computerName="DKSR-EFI-04" duration="00:00:00.0003620" startTime="2023-12-22T09:33:43.3780145+01:00" endTime="2023-12-22T09:33:43.3785098+01:00" testType="13cdc9d9-ddb5-4fa4-a97d-d965ccfc6d4b" outcome="Passed" testListId="8c84fa94-04c1-424b-9868-57a2d4851a1d" relativeResultsDirectory="78ddaf00-8bbe-43c8-9baf-ec7800b3c75d" />
    <UnitTestResult executionId="2519a944-4659-4f07-a5b1-a018baacc044" testId="856c051c-051a-4b4c-bec5-8f02fddd04ae" testName="GetImageSource_Missing24px_Returns32pxImage" computerName="DKSR-EFI-04" duration="00:00:00.0050420" startTime="2023-12-22T09:34:02.4773064+01:00" endTime="2023-12-22T09:34:02.4825855+01:00" testType="13cdc9d9-ddb5-4fa4-a97d-d965ccfc6d4b" outcome="Passed" testListId="8c84fa94-04c1-424b-9868-57a2d4851a1d" relativeResultsDirectory="2519a944-4659-4f07-a5b1-a018baacc044" />
    <UnitTestResult executionId="82df5bab-0928-45bd-a6e8-632748a9e44e" testId="8767f881-fdc8-88b5-6aba-c8e95f3120ba" testName="Constructor_ShouldCreateTreeOfDepth2_WhenUnitsHaveParentButNoGrandparentButIncludeIsEnabled" computerName="DKSR-EFI-04" duration="00:00:00.0029625" startTime="2023-12-22T09:33:43.2789431+01:00" endTime="2023-12-22T09:33:43.2820210+01:00" testType="13cdc9d9-ddb5-4fa4-a97d-d965ccfc6d4b" outcome="Passed" testListId="8c84fa94-04c1-424b-9868-57a2d4851a1d" relativeResultsDirectory="82df5bab-0928-45bd-a6e8-632748a9e44e" />
    <UnitTestResult executionId="81133f78-8730-494f-bc78-5392e8f3d99c" testId="e0165201-5cdb-4323-41c0-fe10a5054fb9" testName="ToastsCanLeaveQueue_Success" computerName="DKSR-EFI-04" duration="00:00:00.0106979" startTime="2023-12-22T09:34:03.0315184+01:00" endTime="2023-12-22T09:34:03.0424346+01:00" testType="13cdc9d9-ddb5-4fa4-a97d-d965ccfc6d4b" outcome="Passed" testListId="8c84fa94-04c1-424b-9868-57a2d4851a1d" relativeResultsDirectory="81133f78-8730-494f-bc78-5392e8f3d99c" />
    <UnitTestResult executionId="a8a42c08-d52a-49d8-81aa-fe70496be5a3" testId="91452546-d657-4c1c-6138-277aca7ba885" testName="RoundToMinute_RoundDown" computerName="DKSR-EFI-04" duration="00:00:00.0011599" startTime="2023-12-22T09:34:02.6253399+01:00" endTime="2023-12-22T09:34:02.6266720+01:00" testType="13cdc9d9-ddb5-4fa4-a97d-d965ccfc6d4b" outcome="Passed" testListId="8c84fa94-04c1-424b-9868-57a2d4851a1d" relativeResultsDirectory="a8a42c08-d52a-49d8-81aa-fe70496be5a3" />
    <UnitTestResult executionId="d72a5ce4-0988-47bb-acf4-4f1a3922d38a" testId="bb96e440-92b4-1c31-95b5-59b0e4d11807" testName="GetIntValueOrDefault_KeyFound_ValueReturned" computerName="DKSR-EFI-04" duration="00:00:00.0002475" startTime="2023-12-22T09:34:12.1215629+01:00" endTime="2023-12-22T09:34:12.1219773+01:00" testType="13cdc9d9-ddb5-4fa4-a97d-d965ccfc6d4b" outcome="Passed" testListId="8c84fa94-04c1-424b-9868-57a2d4851a1d" relativeResultsDirectory="d72a5ce4-0988-47bb-acf4-4f1a3922d38a" />
    <UnitTestResult executionId="ab2fda10-295a-4c2f-9f98-0aebde5d19cc" testId="d3834f26-d7ff-018a-555c-a0be35190a28" testName="IntersectsWithTest" computerName="DKSR-EFI-04" duration="00:00:00.0009211" startTime="2023-12-22T09:33:42.8263920+01:00" endTime="2023-12-22T09:33:42.8274876+01:00" testType="13cdc9d9-ddb5-4fa4-a97d-d965ccfc6d4b" outcome="Passed" testListId="8c84fa94-04c1-424b-9868-57a2d4851a1d" relativeResultsDirectory="ab2fda10-295a-4c2f-9f98-0aebde5d19cc" />
    <UnitTestResult executionId="75ca020a-beca-4f42-9a74-07254e81dc0a" testId="3fd0a529-448c-e9e0-7074-0b5c637ad7a8" testName="SetUnsecureConnectionAllowedForUser_ShouldAddUser_WhenAllowUnsecureConnectionsDoesNotContainUser" computerName="DKSR-EFI-04" duration="00:00:00.0013405" startTime="2023-12-22T09:34:12.7001482+01:00" endTime="2023-12-22T09:34:12.7016598+01:00" testType="13cdc9d9-ddb5-4fa4-a97d-d965ccfc6d4b" outcome="Passed" testListId="8c84fa94-04c1-424b-9868-57a2d4851a1d" relativeResultsDirectory="75ca020a-beca-4f42-9a74-07254e81dc0a" />
    <UnitTestResult executionId="535d8f89-73a3-4918-b7d7-d3c8e8a12eec" testId="6dd090ae-0423-7a7c-d8df-35146cee22d9" testName="ExpirationTimerOnTick_ToastExpired_Success" computerName="DKSR-EFI-04" duration="00:00:00.0005800" startTime="2023-12-22T09:34:02.9164213+01:00" endTime="2023-12-22T09:34:02.9171821+01:00" testType="13cdc9d9-ddb5-4fa4-a97d-d965ccfc6d4b" outcome="Passed" testListId="8c84fa94-04c1-424b-9868-57a2d4851a1d" relativeResultsDirectory="535d8f89-73a3-4918-b7d7-d3c8e8a12eec" />
    <UnitTestResult executionId="95c73acb-8adf-4530-a51e-20b0e630f4ca" testId="12c318f1-025e-56db-70fc-391decd83ddf" testName="AllowUnsecureConnection_ShouldBeFalse_WhenUsernameDoesNotExist" computerName="DKSR-EFI-04" duration="00:00:00.0036749" startTime="2023-12-22T09:34:12.6360519+01:00" endTime="2023-12-22T09:34:12.6399013+01:00" testType="13cdc9d9-ddb5-4fa4-a97d-d965ccfc6d4b" outcome="Passed" testListId="8c84fa94-04c1-424b-9868-57a2d4851a1d" relativeResultsDirectory="95c73acb-8adf-4530-a51e-20b0e630f4ca" />
    <UnitTestResult executionId="6c6a1551-f1db-4a30-a86a-8afd63204289" testId="f8481245-447a-5b32-a26f-ec1feabc1ee3" testName="ItemHolder_MouseClick_Success" computerName="DKSR-EFI-04" duration="00:00:00.1476482" startTime="2023-12-22T09:34:04.9638119+01:00" endTime="2023-12-22T09:34:05.1765935+01:00" testType="13cdc9d9-ddb5-4fa4-a97d-d965ccfc6d4b" outcome="Passed" testListId="8c84fa94-04c1-424b-9868-57a2d4851a1d" relativeResultsDirectory="6c6a1551-f1db-4a30-a86a-8afd63204289" />
    <UnitTestResult executionId="b3e908b1-9437-4642-aabf-931b34fa2489" testId="0a8ef08d-9dbb-9ec8-d4a3-65f99078cd81" testName="OnPreviewKeyDown_Right_Success" computerName="DKSR-EFI-04" duration="00:00:00.1712296" startTime="2023-12-22T09:34:06.5166280+01:00" endTime="2023-12-22T09:34:06.7871068+01:00" testType="13cdc9d9-ddb5-4fa4-a97d-d965ccfc6d4b" outcome="Passed" testListId="8c84fa94-04c1-424b-9868-57a2d4851a1d" relativeResultsDirectory="b3e908b1-9437-4642-aabf-931b34fa2489" />
    <UnitTestResult executionId="e004f234-5a73-4a6d-b664-d853d06e0d05" testId="1a9ef545-ced5-a479-15d2-22e0772b422a" testName="GetTimeSpanValueOrDefault_KeyFound_ValueReturned" computerName="DKSR-EFI-04" duration="00:00:00.0002477" startTime="2023-12-22T09:34:12.1282525+01:00" endTime="2023-12-22T09:34:12.1286621+01:00" testType="13cdc9d9-ddb5-4fa4-a97d-d965ccfc6d4b" outcome="Passed" testListId="8c84fa94-04c1-424b-9868-57a2d4851a1d" relativeResultsDirectory="e004f234-5a73-4a6d-b664-d853d06e0d05" />
    <UnitTestResult executionId="a7f1e77a-74eb-4a41-bd2f-a7f28925c90e" testId="30702b8e-5ec7-eb10-4c6a-7105f5c77df3" testName="Convert_ShouldReturnEqualOrLessString_WhenValueIsLessThanThreshold" computerName="DKSR-EFI-04" duration="00:00:00.0010423" startTime="2023-12-22T09:34:02.8891279+01:00" endTime="2023-12-22T09:34:02.8904935+01:00" testType="13cdc9d9-ddb5-4fa4-a97d-d965ccfc6d4b" outcome="Passed" testListId="8c84fa94-04c1-424b-9868-57a2d4851a1d" relativeResultsDirectory="a7f1e77a-74eb-4a41-bd2f-a7f28925c90e" />
    <UnitTestResult executionId="707d2d85-1790-408d-931f-6e4c023c9db7" testId="4c2c17d3-0b22-1bad-fc18-dfc6e618f39b" testName="AuthenticationWindows_SetEnabled_Throws_InvalidOperationException" computerName="DKSR-EFI-04" duration="00:00:00.0003223" startTime="2023-12-22T09:34:12.5024260+01:00" endTime="2023-12-22T09:34:12.5029459+01:00" testType="13cdc9d9-ddb5-4fa4-a97d-d965ccfc6d4b" outcome="Passed" testListId="8c84fa94-04c1-424b-9868-57a2d4851a1d" relativeResultsDirectory="707d2d85-1790-408d-931f-6e4c023c9db7" />
    <UnitTestResult executionId="8a1f754a-b8b7-46d4-b163-4b2a9e8b9863" testId="18e7f5ad-6f64-9e86-3f8d-3ffdc05df7e8" testName="SerializedSlides_ShouldCorrectlySerializeAndDeserialize" computerName="DKSR-EFI-04" duration="00:00:00.0071353" startTime="2023-12-22T09:34:02.2846251+01:00" endTime="2023-12-22T09:34:02.2919403+01:00" testType="13cdc9d9-ddb5-4fa4-a97d-d965ccfc6d4b" outcome="Passed" testListId="8c84fa94-04c1-424b-9868-57a2d4851a1d" relativeResultsDirectory="8a1f754a-b8b7-46d4-b163-4b2a9e8b9863" />
    <UnitTestResult executionId="fc11b8c4-7c37-4ad0-b518-904f810f5e71" testId="959b9c9e-d734-ce8a-a43a-d0fda79ec4d9" testName="Convert_MultiValueConverter_ValidValues_Success" computerName="DKSR-EFI-04" duration="00:00:00.0002934" startTime="2023-12-22T09:34:02.9093432+01:00" endTime="2023-12-22T09:34:02.9098069+01:00" testType="13cdc9d9-ddb5-4fa4-a97d-d965ccfc6d4b" outcome="Passed" testListId="8c84fa94-04c1-424b-9868-57a2d4851a1d" relativeResultsDirectory="fc11b8c4-7c37-4ad0-b518-904f810f5e71" />
    <UnitTestResult executionId="6a9a8b57-906d-4501-8c1f-470ec00fbf5c" testId="4d104602-0dda-c899-6d83-d5aa637c46a2" testName="MouseDown_InsideSelection_RangeMinUpdated" computerName="DKSR-EFI-04" duration="00:00:00.0724495" startTime="2023-12-22T09:33:47.6481202+01:00" endTime="2023-12-22T09:33:47.7301527+01:00" testType="13cdc9d9-ddb5-4fa4-a97d-d965ccfc6d4b" outcome="Passed" testListId="8c84fa94-04c1-424b-9868-57a2d4851a1d" relativeResultsDirectory="6a9a8b57-906d-4501-8c1f-470ec00fbf5c" />
    <UnitTestResult executionId="03990c47-a6d8-40a0-8f8e-0756c6c89ce9" testId="87c36423-3ba7-fe8e-7a2d-f8a7fdd246be" testName="CreateTileMustInitializeWithProperLocalizedText" computerName="DKSR-EFI-04" duration="00:00:00.0124414" startTime="2023-12-22T09:33:52.5937725+01:00" endTime="2023-12-22T09:33:52.6063616+01:00" testType="13cdc9d9-ddb5-4fa4-a97d-d965ccfc6d4b" outcome="Passed" testListId="8c84fa94-04c1-424b-9868-57a2d4851a1d" relativeResultsDirectory="03990c47-a6d8-40a0-8f8e-0756c6c89ce9" />
    <UnitTestResult executionId="3824dcb9-0201-4665-af46-2b30a0f570e0" testId="76a2e345-aae7-9b1e-7fd6-6ac6ca32b74e" testName="GetStates_NoSessionStarted_NewSession" computerName="DKSR-EFI-04" duration="00:00:00.0017245" startTime="2023-12-22T09:34:12.2136264+01:00" endTime="2023-12-22T09:34:12.2155227+01:00" testType="13cdc9d9-ddb5-4fa4-a97d-d965ccfc6d4b" outcome="Passed" testListId="8c84fa94-04c1-424b-9868-57a2d4851a1d" relativeResultsDirectory="3824dcb9-0201-4665-af46-2b30a0f570e0" />
    <UnitTestResult executionId="baf7b07d-4c64-4506-badb-b3222e4d8e06" testId="0f992a8c-5f2a-115c-5c24-adb0ecb69f62" testName="RemoveAllFrameworkElementsOverlays_ShouldRemoveAllItems" computerName="DKSR-EFI-04" duration="00:00:00.0012138" startTime="2023-12-22T09:34:12.0351314+01:00" endTime="2023-12-22T09:34:12.0468349+01:00" testType="13cdc9d9-ddb5-4fa4-a97d-d965ccfc6d4b" outcome="Passed" testListId="8c84fa94-04c1-424b-9868-57a2d4851a1d" relativeResultsDirectory="baf7b07d-4c64-4506-badb-b3222e4d8e06" />
    <UnitTestResult executionId="a2d00169-bcca-40b2-9f0f-3110b7d5541a" testId="6405a933-f1c3-2d9d-c133-14524337831d" testName="GetLocalizedTextThrowsIfTypeDoesNotHaveLocalizedText" computerName="DKSR-EFI-04" duration="00:00:00.0005781" startTime="2023-12-22T09:33:52.5924701+01:00" endTime="2023-12-22T09:33:52.5932032+01:00" testType="13cdc9d9-ddb5-4fa4-a97d-d965ccfc6d4b" outcome="Passed" testListId="8c84fa94-04c1-424b-9868-57a2d4851a1d" relativeResultsDirectory="a2d00169-bcca-40b2-9f0f-3110b7d5541a" />
    <UnitTestResult executionId="1c3b7135-1f91-41a1-845b-dab912a16ba1" testId="30615111-4d56-31e8-6884-f7dcdc0aad49" testName="TestPersistTilesAsync" computerName="DKSR-EFI-04" duration="00:00:00.0081748" startTime="2023-12-22T09:34:02.2428216+01:00" endTime="2023-12-22T09:34:02.2513801+01:00" testType="13cdc9d9-ddb5-4fa4-a97d-d965ccfc6d4b" outcome="Passed" testListId="8c84fa94-04c1-424b-9868-57a2d4851a1d" relativeResultsDirectory="1c3b7135-1f91-41a1-845b-dab912a16ba1" />
    <UnitTestResult executionId="1a7ccadd-c697-459f-8964-ba1aa710661c" testId="b5545286-2d51-273f-e678-5706630cef56" testName="Convert_NoAutomationIdAndNoFallback_ReturnsUnsetValue" computerName="DKSR-EFI-04" duration="00:00:00.0018553" startTime="2023-12-22T09:33:43.3647996+01:00" endTime="2023-12-22T09:33:43.3668263+01:00" testType="13cdc9d9-ddb5-4fa4-a97d-d965ccfc6d4b" outcome="Passed" testListId="8c84fa94-04c1-424b-9868-57a2d4851a1d" relativeResultsDirectory="1a7ccadd-c697-459f-8964-ba1aa710661c" />
    <UnitTestResult executionId="bcd8c4e5-4a67-417b-91e5-29182d55f901" testId="8a840b5c-7cc0-3e0e-9c58-be69d6fcfb38" testName="FontDownCommand_ShouldDecreaseFontForSelectedSlide" computerName="DKSR-EFI-04" duration="00:00:00.0005624" startTime="2023-12-22T09:34:02.2834004+01:00" endTime="2023-12-22T09:34:02.2841305+01:00" testType="13cdc9d9-ddb5-4fa4-a97d-d965ccfc6d4b" outcome="Passed" testListId="8c84fa94-04c1-424b-9868-57a2d4851a1d" relativeResultsDirectory="bcd8c4e5-4a67-417b-91e5-29182d55f901" />
    <UnitTestResult executionId="ac1d77c2-8065-4ba7-ade4-8995760de91d" testId="439fd027-b2f2-7d61-d60d-ad31877df020" testName="IsUnsecureConnectionAllowedForUser_ShouldReturnFalse_WhenUsernameDoesNotExist" computerName="DKSR-EFI-04" duration="00:00:00.0005413" startTime="2023-12-22T09:34:12.6849366+01:00" endTime="2023-12-22T09:34:12.6856353+01:00" testType="13cdc9d9-ddb5-4fa4-a97d-d965ccfc6d4b" outcome="Passed" testListId="8c84fa94-04c1-424b-9868-57a2d4851a1d" relativeResultsDirectory="ac1d77c2-8065-4ba7-ade4-8995760de91d" />
    <UnitTestResult executionId="9ce2781b-21fb-4adf-b772-6fa43cc5a01d" testId="c6c1a6ca-c551-f84f-b4f7-d3d4f0f2582f" testName="TryGetIntValue_WrongKeyValue_ValueReturnedZero" computerName="DKSR-EFI-04" duration="00:00:00.0002117" startTime="2023-12-22T09:34:12.1395089+01:00" endTime="2023-12-22T09:34:12.1398821+01:00" testType="13cdc9d9-ddb5-4fa4-a97d-d965ccfc6d4b" outcome="Passed" testListId="8c84fa94-04c1-424b-9868-57a2d4851a1d" relativeResultsDirectory="9ce2781b-21fb-4adf-b772-6fa43cc5a01d" />
    <UnitTestResult executionId="b0d5567d-388a-4fa6-9947-83ac31a836ef" testId="ac417528-a5fc-0267-1e71-119d845e1bc0" testName="SmartSearchFilterValue_Deserialize_Success" computerName="DKSR-EFI-04" duration="00:00:00.0630656" startTime="2023-12-22T09:34:12.0561550+01:00" endTime="2023-12-22T09:34:12.1194731+01:00" testType="13cdc9d9-ddb5-4fa4-a97d-d965ccfc6d4b" outcome="Passed" testListId="8c84fa94-04c1-424b-9868-57a2d4851a1d" relativeResultsDirectory="b0d5567d-388a-4fa6-9947-83ac31a836ef" />
    <UnitTestResult executionId="2585bfc1-8071-48a4-927b-6ce819213769" testId="ed486ee2-750d-c7b9-06cc-eb3021382eda" testName="Convert_NoAutomationIdWithFallbackProperty_ReturnsValue" computerName="DKSR-EFI-04" duration="00:00:00.0005641" startTime="2023-12-22T09:33:43.3675269+01:00" endTime="2023-12-22T09:33:43.3682370+01:00" testType="13cdc9d9-ddb5-4fa4-a97d-d965ccfc6d4b" outcome="Passed" testListId="8c84fa94-04c1-424b-9868-57a2d4851a1d" relativeResultsDirectory="2585bfc1-8071-48a4-927b-6ce819213769" />
    <UnitTestResult executionId="1529e3fe-7d13-45d2-af92-673a9a6dc20a" testId="20c0e1dd-a74f-c654-d865-142fb2a2787f" testName="Activate_ToastActivated" computerName="DKSR-EFI-04" duration="00:00:00.0005088" startTime="2023-12-22T09:34:02.9139324+01:00" endTime="2023-12-22T09:34:02.9146263+01:00" testType="13cdc9d9-ddb5-4fa4-a97d-d965ccfc6d4b" outcome="Passed" testListId="8c84fa94-04c1-424b-9868-57a2d4851a1d" relativeResultsDirectory="1529e3fe-7d13-45d2-af92-673a9a6dc20a" />
    <UnitTestResult executionId="f5129ce2-de91-4851-a356-4e428e2741a9" testId="aadb342a-ff06-0cc2-8ee7-a275dc1cd7f8" testName="MeasureOverride_4child_InvalidChild_EnoughSpace_NotShrunk" computerName="DKSR-EFI-04" duration="00:00:00.0173607" startTime="2023-12-22T09:33:48.4055608+01:00" endTime="2023-12-22T09:33:48.4519697+01:00" testType="13cdc9d9-ddb5-4fa4-a97d-d965ccfc6d4b" outcome="Passed" testListId="8c84fa94-04c1-424b-9868-57a2d4851a1d" relativeResultsDirectory="f5129ce2-de91-4851-a356-4e428e2741a9" />
    <UnitTestResult executionId="202c693d-3333-49d3-8901-377939efee08" testId="2d512390-4feb-0be5-34ad-eaab831bb98b" testName="AddRange_FewItems_SuccessWithSingleNotification" computerName="DKSR-EFI-04" duration="00:00:00.0014462" startTime="2023-12-22T09:34:11.4888601+01:00" endTime="2023-12-22T09:34:11.4905372+01:00" testType="13cdc9d9-ddb5-4fa4-a97d-d965ccfc6d4b" outcome="Passed" testListId="8c84fa94-04c1-424b-9868-57a2d4851a1d" relativeResultsDirectory="202c693d-3333-49d3-8901-377939efee08" />
    <UnitTestResult executionId="8ec20018-a067-47b3-a511-beef09da49ff" testId="14a1f95e-78fa-735f-e1e1-62755f5e4ea3" testName="GetDoubleValueOrDefault_WrongKeyValue_DefaultValueReturned" computerName="DKSR-EFI-04" duration="00:00:00.0002353" startTime="2023-12-22T09:34:12.1263257+01:00" endTime="2023-12-22T09:34:12.1267317+01:00" testType="13cdc9d9-ddb5-4fa4-a97d-d965ccfc6d4b" outcome="Passed" testListId="8c84fa94-04c1-424b-9868-57a2d4851a1d" relativeResultsDirectory="8ec20018-a067-47b3-a511-beef09da49ff" />
    <UnitTestResult executionId="e571889c-0a98-4a37-afd2-0fb279c470d2" testId="68a3dcd6-b2e6-5bb3-d82c-04377e1a7b9b" testName="UpdateServerState_FailoverErrorState" computerName="DKSR-EFI-04" duration="00:00:00.0010287" startTime="2023-12-22T09:34:11.5525646+01:00" endTime="2023-12-22T09:34:11.5539241+01:00" testType="13cdc9d9-ddb5-4fa4-a97d-d965ccfc6d4b" outcome="Passed" testListId="8c84fa94-04c1-424b-9868-57a2d4851a1d" relativeResultsDirectory="e571889c-0a98-4a37-afd2-0fb279c470d2" />
    <UnitTestResult executionId="90417364-190f-4c6b-8237-73764eea3266" testId="5a36dc19-91e6-2110-bdf3-d2f7bfc377f6" testName="ShowToast_Success" computerName="DKSR-EFI-04" duration="00:00:00.0197931" startTime="2023-12-22T09:34:02.9957329+01:00" endTime="2023-12-22T09:34:03.0157781+01:00" testType="13cdc9d9-ddb5-4fa4-a97d-d965ccfc6d4b" outcome="Passed" testListId="8c84fa94-04c1-424b-9868-57a2d4851a1d" relativeResultsDirectory="90417364-190f-4c6b-8237-73764eea3266" />
    <UnitTestResult executionId="3f73e11f-3292-41e3-a091-a433c6787a42" testId="ba582828-87c0-f796-0108-b7c57cda86c7" testName="Convert_NotDoubleParameter_ReturnsUnsetValue" computerName="DKSR-EFI-04" duration="00:00:00.0005132" startTime="2023-12-22T09:33:43.3740304+01:00" endTime="2023-12-22T09:33:43.3746922+01:00" testType="13cdc9d9-ddb5-4fa4-a97d-d965ccfc6d4b" outcome="Passed" testListId="8c84fa94-04c1-424b-9868-57a2d4851a1d" relativeResultsDirectory="3f73e11f-3292-41e3-a091-a433c6787a42" />
    <UnitTestResult executionId="f48c6ce8-8dd6-431a-9ed8-d58339af40c7" testId="3d591622-7a9a-3607-596b-40dbc7119e9a" testName="RemoveFrameworkElementsOverlay_WithKnownId_ShouldRemoveCorrectItem" computerName="DKSR-EFI-04" duration="00:00:00.0012894" startTime="2023-12-22T09:34:12.0163547+01:00" endTime="2023-12-22T09:34:12.0344996+01:00" testType="13cdc9d9-ddb5-4fa4-a97d-d965ccfc6d4b" outcome="Passed" testListId="8c84fa94-04c1-424b-9868-57a2d4851a1d" relativeResultsDirectory="f48c6ce8-8dd6-431a-9ed8-d58339af40c7" />
    <UnitTestResult executionId="a5988112-6dfe-4fe8-aa2f-72b8f066218c" testId="278a11dd-76cf-5c46-224d-0d3283afee51" testName="GetStates_SessionStarted_WithStates" computerName="DKSR-EFI-04" duration="00:00:00.0007329" startTime="2023-12-22T09:34:12.2105039+01:00" endTime="2023-12-22T09:34:12.2114623+01:00" testType="13cdc9d9-ddb5-4fa4-a97d-d965ccfc6d4b" outcome="Passed" testListId="8c84fa94-04c1-424b-9868-57a2d4851a1d" relativeResultsDirectory="a5988112-6dfe-4fe8-aa2f-72b8f066218c" />
    <UnitTestResult executionId="075a6118-276c-4974-affa-17f89e758954" testId="78d8640f-f64c-e788-cbb5-62b4d5593dba" testName="RemoveFrameworkElementsOverlay_WithUnknownId_ShouldLeaveListsUnchanged" computerName="DKSR-EFI-04" duration="00:00:00.0015004" startTime="2023-12-22T09:34:11.9630777+01:00" endTime="2023-12-22T09:34:12.0146703+01:00" testType="13cdc9d9-ddb5-4fa4-a97d-d965ccfc6d4b" outcome="Passed" testListId="8c84fa94-04c1-424b-9868-57a2d4851a1d" relativeResultsDirectory="075a6118-276c-4974-affa-17f89e758954" />
    <UnitTestResult executionId="a9f31634-917a-4208-9228-680f6c91a732" testId="db58122d-1cb6-c9dc-b0c5-af4f8da57592" testName="SubstractIntervalListTest" computerName="DKSR-EFI-04" duration="00:00:00.0027685" startTime="2023-12-22T09:33:42.8405004+01:00" endTime="2023-12-22T09:33:42.8434556+01:00" testType="13cdc9d9-ddb5-4fa4-a97d-d965ccfc6d4b" outcome="Passed" testListId="8c84fa94-04c1-424b-9868-57a2d4851a1d" relativeResultsDirectory="a9f31634-917a-4208-9228-680f6c91a732" />
    <UnitTestResult executionId="f668dc3b-61ce-433c-ade8-4853d9702911" testId="46887356-7c48-625a-9fa8-4ca482d2d04d" testName="SingleCameraGroupMustReturnDisplayNameAsEntityName" computerName="DKSR-EFI-04" duration="00:00:00.0002540" startTime="2023-12-22T09:33:52.5855934+01:00" endTime="2023-12-22T09:33:52.5859573+01:00" testType="13cdc9d9-ddb5-4fa4-a97d-d965ccfc6d4b" outcome="Passed" testListId="8c84fa94-04c1-424b-9868-57a2d4851a1d" relativeResultsDirectory="f668dc3b-61ce-433c-ade8-4853d9702911" />
    <UnitTestResult executionId="451fbe9e-40f1-4f30-aea3-f691fc7f37dd" testId="4f4a64cd-6297-dad0-e258-e2bc655c9f25" testName="ShowCustomizeWindowReturnsIfNoWritePermission" computerName="DKSR-EFI-04" duration="00:00:00.0017060" startTime="2023-12-22T09:33:50.3827345+01:00" endTime="2023-12-22T09:33:50.4700988+01:00" testType="13cdc9d9-ddb5-4fa4-a97d-d965ccfc6d4b" outcome="Passed" testListId="8c84fa94-04c1-424b-9868-57a2d4851a1d" relativeResultsDirectory="451fbe9e-40f1-4f30-aea3-f691fc7f37dd" />
    <UnitTestResult executionId="a7994d08-2533-4072-8150-5a8e1a2f486c" testId="9bb26b43-c785-7f17-8df6-312acd18b6b3" testName="RemoveToast_Success" computerName="DKSR-EFI-04" duration="00:00:00.0023075" startTime="2023-12-22T09:34:03.0554534+01:00" endTime="2023-12-22T09:34:03.0579484+01:00" testType="13cdc9d9-ddb5-4fa4-a97d-d965ccfc6d4b" outcome="Passed" testListId="8c84fa94-04c1-424b-9868-57a2d4851a1d" relativeResultsDirectory="a7994d08-2533-4072-8150-5a8e1a2f486c" />
    <UnitTestResult executionId="017340d1-5d70-4705-8167-5f0a18757eb0" testId="213635e5-649b-5c44-aecd-050b59df7240" testName="Convert_RespectMinValue_Success" computerName="DKSR-EFI-04" duration="00:00:00.0003378" startTime="2023-12-22T09:33:43.3802200+01:00" endTime="2023-12-22T09:33:43.3806965+01:00" testType="13cdc9d9-ddb5-4fa4-a97d-d965ccfc6d4b" outcome="Passed" testListId="8c84fa94-04c1-424b-9868-57a2d4851a1d" relativeResultsDirectory="017340d1-5d70-4705-8167-5f0a18757eb0" />
    <UnitTestResult executionId="66a9af41-a087-4247-8b99-d41089a5bcb9" testId="d78750b2-ef6e-b941-b3e8-5db7115013c1" testName="DispatcherCreateTest" computerName="DKSR-EFI-04" duration="00:00:00.3501212" startTime="2023-12-22T09:33:42.0250719+01:00" endTime="2023-12-22T09:33:42.4521417+01:00" testType="13cdc9d9-ddb5-4fa4-a97d-d965ccfc6d4b" outcome="Passed" testListId="8c84fa94-04c1-424b-9868-57a2d4851a1d" relativeResultsDirectory="66a9af41-a087-4247-8b99-d41089a5bcb9" />
    <UnitTestResult executionId="863af495-2395-4480-b2fb-964e267cb5f1" testId="f2effcb5-d303-005d-6682-8ccbac2c3bbc" testName="ShowMultipleToasts_Success" computerName="DKSR-EFI-04" duration="00:00:00.0071605" startTime="2023-12-22T09:34:03.0163747+01:00" endTime="2023-12-22T09:34:03.0237692+01:00" testType="13cdc9d9-ddb5-4fa4-a97d-d965ccfc6d4b" outcome="Passed" testListId="8c84fa94-04c1-424b-9868-57a2d4851a1d" relativeResultsDirectory="863af495-2395-4480-b2fb-964e267cb5f1" />
    <UnitTestResult executionId="9b3c3d9f-0f11-4288-a396-b18bd2199ea8" testId="98ecfc2f-a242-ec20-0f52-a34da70ff901" testName="DoComboSelectionSetsComboTextToTypeNameIfSelectionIsNotInstance" computerName="DKSR-EFI-04" duration="00:00:00.0034303" startTime="2023-12-22T09:33:51.8903488+01:00" endTime="2023-12-22T09:33:52.0707111+01:00" testType="13cdc9d9-ddb5-4fa4-a97d-d965ccfc6d4b" outcome="Passed" testListId="8c84fa94-04c1-424b-9868-57a2d4851a1d" relativeResultsDirectory="9b3c3d9f-0f11-4288-a396-b18bd2199ea8" />
    <UnitTestResult executionId="16fcea83-216e-41c5-b3e4-943a2070a47e" testId="f02c80b8-49d2-fc2d-4c9d-16620ea9d887" testName="RoundToMinute_RoundUp" computerName="DKSR-EFI-04" duration="00:00:00.0006621" startTime="2023-12-22T09:34:02.6271447+01:00" endTime="2023-12-22T09:34:02.6279723+01:00" testType="13cdc9d9-ddb5-4fa4-a97d-d965ccfc6d4b" outcome="Passed" testListId="8c84fa94-04c1-424b-9868-57a2d4851a1d" relativeResultsDirectory="16fcea83-216e-41c5-b3e4-943a2070a47e" />
    <UnitTestResult executionId="39ea13d0-bd6c-4fb6-8fe4-afccc5566110" testId="70718e81-81f4-db7d-389b-91346f649480" testName="AuthenticationWindows_SetName_Throws_InvalidOperationException" computerName="DKSR-EFI-04" duration="00:00:00.0005446" startTime="2023-12-22T09:34:12.4984379+01:00" endTime="2023-12-22T09:34:12.4992573+01:00" testType="13cdc9d9-ddb5-4fa4-a97d-d965ccfc6d4b" outcome="Passed" testListId="8c84fa94-04c1-424b-9868-57a2d4851a1d" relativeResultsDirectory="39ea13d0-bd6c-4fb6-8fe4-afccc5566110" />
    <UnitTestResult executionId="c88c3a38-eb01-4b35-95dc-613b4893e5aa" testId="86511367-20e7-9ea5-808a-c86846f8f9e3" testName="MeasureOverride_3childEnoughSpaceNoSpacing_Shrunk" computerName="DKSR-EFI-04" duration="00:00:00.0045178" startTime="2023-12-22T09:33:48.3707097+01:00" endTime="2023-12-22T09:33:48.3986516+01:00" testType="13cdc9d9-ddb5-4fa4-a97d-d965ccfc6d4b" outcome="Passed" testListId="8c84fa94-04c1-424b-9868-57a2d4851a1d" relativeResultsDirectory="c88c3a38-eb01-4b35-95dc-613b4893e5aa" />
    <UnitTestResult executionId="4dc9e13b-5c94-4fcd-9068-ef0f3b0ad7b4" testId="6cb4c9a0-0faa-e5bf-8132-58751189c459" testName="SingleCameraMustReturnDisplayNameAsEntityName" computerName="DKSR-EFI-04" duration="00:00:00.0005210" startTime="2023-12-22T09:33:52.5843560+01:00" endTime="2023-12-22T09:33:52.5850614+01:00" testType="13cdc9d9-ddb5-4fa4-a97d-d965ccfc6d4b" outcome="Passed" testListId="8c84fa94-04c1-424b-9868-57a2d4851a1d" relativeResultsDirectory="4dc9e13b-5c94-4fcd-9068-ef0f3b0ad7b4" />
    <UnitTestResult executionId="233be61b-509a-46ca-964c-a536d005246e" testId="4a077e12-b64a-edfe-3b33-7ee47b81322b" testName="SaveToFile_ShouldNotSaveAllowUnsecureConnection_WhenAllowUnsecureSetToFalse" computerName="DKSR-EFI-04" duration="00:00:00.0033676" startTime="2023-12-22T09:34:12.6669805+01:00" endTime="2023-12-22T09:34:12.6705688+01:00" testType="13cdc9d9-ddb5-4fa4-a97d-d965ccfc6d4b" outcome="Passed" testListId="8c84fa94-04c1-424b-9868-57a2d4851a1d" relativeResultsDirectory="233be61b-509a-46ca-964c-a536d005246e" />
    <UnitTestResult executionId="64ede48e-08b5-4b81-bea7-cf4e7ddb8d6e" testId="64f4b309-46ce-14bc-92c8-2dbd5092f999" testName="UpdateFrameworkElementsOverlay_WithNewFrameworkElementList_ShouldUpdateList" computerName="DKSR-EFI-04" duration="00:00:00.0013835" startTime="2023-12-22T09:34:11.9364817+01:00" endTime="2023-12-22T09:34:11.9624242+01:00" testType="13cdc9d9-ddb5-4fa4-a97d-d965ccfc6d4b" outcome="Passed" testListId="8c84fa94-04c1-424b-9868-57a2d4851a1d" relativeResultsDirectory="64ede48e-08b5-4b81-bea7-cf4e7ddb8d6e" />
    <UnitTestResult executionId="3e1d5a61-61c1-44fd-b6f6-b96f16f9fe11" testId="d78b0152-cc1a-328b-d637-c02c8df9200a" testName="Finds_Simple_Rule" computerName="DKSR-EFI-04" duration="00:00:00.0071150" startTime="2023-12-22T09:34:02.3419233+01:00" endTime="2023-12-22T09:34:02.3558545+01:00" testType="13cdc9d9-ddb5-4fa4-a97d-d965ccfc6d4b" outcome="Passed" testListId="8c84fa94-04c1-424b-9868-57a2d4851a1d" relativeResultsDirectory="3e1d5a61-61c1-44fd-b6f6-b96f16f9fe11" />
    <UnitTestResult executionId="65e15dca-b4b5-410c-9330-eafb06e75149" testId="a7304e06-ae3e-2e3a-5ce1-1639916ee77c" testName="OnPreviewKeyDown_Return_Success" computerName="DKSR-EFI-04" duration="00:00:00.1758487" startTime="2023-12-22T09:34:08.1798756+01:00" endTime="2023-12-22T09:34:08.4435584+01:00" testType="13cdc9d9-ddb5-4fa4-a97d-d965ccfc6d4b" outcome="Passed" testListId="8c84fa94-04c1-424b-9868-57a2d4851a1d" relativeResultsDirectory="65e15dca-b4b5-410c-9330-eafb06e75149" />
    <UnitTestResult executionId="1664f9d0-cdf1-4d26-916b-c7c1c547e919" testId="a219a971-ee6f-7138-7f95-5ebe25d5d446" testName="AddFrameworkElementsOverlay_WithFollowDigitalZoomTrue_ShouldAddToFrameworkElementsOverlaysFollowDigitalZoom" computerName="DKSR-EFI-04" duration="00:00:00.0609481" startTime="2023-12-22T09:34:11.7947858+01:00" endTime="2023-12-22T09:34:11.8844749+01:00" testType="13cdc9d9-ddb5-4fa4-a97d-d965ccfc6d4b" outcome="Passed" testListId="8c84fa94-04c1-424b-9868-57a2d4851a1d" relativeResultsDirectory="1664f9d0-cdf1-4d26-916b-c7c1c547e919" />
    <UnitTestResult executionId="8a1e469d-497f-4c7d-b144-adaa72d7393b" testId="3b2d2dcf-dfa8-bcce-057a-1c433d9c6c08" testName="OnPreviewKeyDown_Shift_Click_Select_FromGreaterIndexToLowerIndex_Success" computerName="DKSR-EFI-04" duration="00:00:00.2313677" startTime="2023-12-22T09:34:09.8152811+01:00" endTime="2023-12-22T09:34:10.1354416+01:00" testType="13cdc9d9-ddb5-4fa4-a97d-d965ccfc6d4b" outcome="Passed" testListId="8c84fa94-04c1-424b-9868-57a2d4851a1d" relativeResultsDirectory="8a1e469d-497f-4c7d-b144-adaa72d7393b" />
    <UnitTestResult executionId="1c647ccc-9fe4-43e5-83a2-6fdde8e8213a" testId="49b54f08-f7f0-ba91-ee50-7ae6390d4af1" testName="GetDoubleValueOrDefault_KeyNotFound_DefaultValueReturned" computerName="DKSR-EFI-04" duration="00:00:00.0003532" startTime="2023-12-22T09:34:12.1233972+01:00" endTime="2023-12-22T09:34:12.1239115+01:00" testType="13cdc9d9-ddb5-4fa4-a97d-d965ccfc6d4b" outcome="Passed" testListId="8c84fa94-04c1-424b-9868-57a2d4851a1d" relativeResultsDirectory="1c647ccc-9fe4-43e5-83a2-6fdde8e8213a" />
    <UnitTestResult executionId="3ce8d496-2780-4f24-b2b1-894f46bbe38d" testId="7cf60077-2671-481f-1310-11968c982eb2" testName="RoundToSecond_Nearest" computerName="DKSR-EFI-04" duration="00:00:00.0007230" startTime="2023-12-22T09:34:02.4009459+01:00" endTime="2023-12-22T09:34:02.4018367+01:00" testType="13cdc9d9-ddb5-4fa4-a97d-d965ccfc6d4b" outcome="Passed" testListId="8c84fa94-04c1-424b-9868-57a2d4851a1d" relativeResultsDirectory="3ce8d496-2780-4f24-b2b1-894f46bbe38d" />
    <UnitTestResult executionId="e17b8a41-b22f-4046-921b-46c52e997232" testId="21727a68-5514-e7fd-4cbf-85c9b79894da" testName="ItemHolder_SelectedToggleButton_MouseClick_Success" computerName="DKSR-EFI-04" duration="00:00:00.1742048" startTime="2023-12-22T09:34:05.1772984+01:00" endTime="2023-12-22T09:34:05.3962474+01:00" testType="13cdc9d9-ddb5-4fa4-a97d-d965ccfc6d4b" outcome="Passed" testListId="8c84fa94-04c1-424b-9868-57a2d4851a1d" relativeResultsDirectory="e17b8a41-b22f-4046-921b-46c52e997232" />
    <UnitTestResult executionId="18720833-26f8-4242-bdfa-c9fba38ad077" testId="982659d8-a45b-dd6c-ac91-40bffddd94cf" testName="RoundToMillisecond_Nearest" computerName="DKSR-EFI-04" duration="00:00:00.0007249" startTime="2023-12-22T09:34:02.6197538+01:00" endTime="2023-12-22T09:34:02.6206598+01:00" testType="13cdc9d9-ddb5-4fa4-a97d-d965ccfc6d4b" outcome="Passed" testListId="8c84fa94-04c1-424b-9868-57a2d4851a1d" relativeResultsDirectory="18720833-26f8-4242-bdfa-c9fba38ad077" />
    <UnitTestResult executionId="0a9bb780-ffd2-494c-acb0-8b8e4cad420d" testId="96d31876-ad33-952c-3bd1-b146a14e3f83" testName="Constructor_ShouldCreateTreeWithUnitChildren_WhenUnitsHaveParentAndChildrenAndTheyMustBeIncludedInTree" computerName="DKSR-EFI-04" duration="00:00:00.0033456" startTime="2023-12-22T09:33:43.2977492+01:00" endTime="2023-12-22T09:33:43.3012570+01:00" testType="13cdc9d9-ddb5-4fa4-a97d-d965ccfc6d4b" outcome="Passed" testListId="8c84fa94-04c1-424b-9868-57a2d4851a1d" relativeResultsDirectory="0a9bb780-ffd2-494c-acb0-8b8e4cad420d" />
    <UnitTestResult executionId="88deb015-26c9-4736-aaed-79f7ace7003d" testId="e7fe4176-e00b-74b7-50f4-595529010ad0" testName="DeleteTileThrowsIfTileNotInBox" computerName="DKSR-EFI-04" duration="00:00:00.0036787" startTime="2023-12-22T09:33:50.8778144+01:00" endTime="2023-12-22T09:33:51.0236641+01:00" testType="13cdc9d9-ddb5-4fa4-a97d-d965ccfc6d4b" outcome="Passed" testListId="8c84fa94-04c1-424b-9868-57a2d4851a1d" relativeResultsDirectory="88deb015-26c9-4736-aaed-79f7ace7003d" />
    <UnitTestResult executionId="e40a5493-2c74-4813-8d9b-fb7a893abecb" testId="ac7da09a-9c21-96d1-0628-e57364e271db" testName="ClearUnsecureConnectionAllowedForUser_ShouldRemoveAllowUnsecureConnectionsNode_WhenAllUsersAreRemoved" computerName="DKSR-EFI-04" duration="00:00:00.0030061" startTime="2023-12-22T09:34:12.6918782+01:00" endTime="2023-12-22T09:34:12.6950489+01:00" testType="13cdc9d9-ddb5-4fa4-a97d-d965ccfc6d4b" outcome="Passed" testListId="8c84fa94-04c1-424b-9868-57a2d4851a1d" relativeResultsDirectory="e40a5493-2c74-4813-8d9b-fb7a893abecb" />
    <UnitTestResult executionId="e0ca5e39-8113-481c-9484-2d53ec52e5ad" testId="13a2427c-e785-ce2d-2d1c-b445eff86f81" testName="FormsControlScaledLocationAndSize_NegativePositions_150Percent_Scaling" computerName="DKSR-EFI-04" duration="00:00:00.0008337" startTime="2023-12-22T09:34:02.8668665+01:00" endTime="2023-12-22T09:34:02.8678762+01:00" testType="13cdc9d9-ddb5-4fa4-a97d-d965ccfc6d4b" outcome="Passed" testListId="8c84fa94-04c1-424b-9868-57a2d4851a1d" relativeResultsDirectory="e0ca5e39-8113-481c-9484-2d53ec52e5ad" />
    <UnitTestResult executionId="29b3b5b8-efa1-4364-b7cb-b9b93342bc9a" testId="d7a4b603-8308-5acd-9a99-39b73afff367" testName="RoundToSecond_Nearest" computerName="DKSR-EFI-04" duration="00:00:00.0006655" startTime="2023-12-22T09:34:02.6240165+01:00" endTime="2023-12-22T09:34:02.6248562+01:00" testType="13cdc9d9-ddb5-4fa4-a97d-d965ccfc6d4b" outcome="Passed" testListId="8c84fa94-04c1-424b-9868-57a2d4851a1d" relativeResultsDirectory="29b3b5b8-efa1-4364-b7cb-b9b93342bc9a" />
    <UnitTestResult executionId="23ae53ea-c90d-482c-be49-e8b5526d58d1" testId="51395a71-b567-dc86-b950-ec06701415e4" testName="ReorderTilesOrdersByPositionCamera" computerName="DKSR-EFI-04" duration="00:00:00.1114564" startTime="2023-12-22T09:33:50.5276308+01:00" endTime="2023-12-22T09:33:50.6707210+01:00" testType="13cdc9d9-ddb5-4fa4-a97d-d965ccfc6d4b" outcome="Failed" testListId="8c84fa94-04c1-424b-9868-57a2d4851a1d" relativeResultsDirectory="23ae53ea-c90d-482c-be49-e8b5526d58d1">
      <Output>
        <ErrorInfo>
          <Message>Test method zSC_CommonFiles_UnitTest.DashboardTilesTests.ReorderTilesOrdersByPositionCamera threw exception: &#xD;
System.NullReferenceException: Object reference not set to an instance of an object.</Message>
          <StackTrace>    at System.Threading.Tasks.TaskScheduler.TryExecuteTask(Task task)&#xD;
   at zSC_CommonFiles_UnitTest.TestTools.SynchronousTaskScheduler.ExecutePendingTasks() in D:\actions-runner\_work\XPCO\XPCO\Common\SC_CommonFiles\zSC_CommonFiles_UnitTest\TestTools\SynchronousTaskScheduler.cs:line 51&#xD;
   at zSC_CommonFiles_UnitTest.DashboardTilesTests.ReorderTilesOrdersByPositionCamera() in D:\actions-runner\_work\XPCO\XPCO\Common\SC_CommonFiles\zSC_CommonFiles_UnitTest\DashboardTilesTests.cs:line 418&#xD;
</StackTrace>
        </ErrorInfo>
      </Output>
    </UnitTestResult>
    <UnitTestResult executionId="3dc13c47-bb22-4be1-ace2-bcbb1f43596a" testId="bf21cb13-4f33-4868-5185-223274a7024a" testName="TryGetIntValue_KeyFound_ValueReturned" computerName="DKSR-EFI-04" duration="00:00:00.0002085" startTime="2023-12-22T09:34:12.1386479+01:00" endTime="2023-12-22T09:34:12.1390215+01:00" testType="13cdc9d9-ddb5-4fa4-a97d-d965ccfc6d4b" outcome="Passed" testListId="8c84fa94-04c1-424b-9868-57a2d4851a1d" relativeResultsDirectory="3dc13c47-bb22-4be1-ace2-bcbb1f43596a" />
    <UnitTestResult executionId="494c5ce7-84cf-4740-9eaf-73518c43a518" testId="39dbf18b-e14c-3648-f5ba-d9480b6b2143" testName="RoundToSecond_RoundDown" computerName="DKSR-EFI-04" duration="00:00:00.0008839" startTime="2023-12-22T09:34:02.6211262+01:00" endTime="2023-12-22T09:34:02.6221862+01:00" testType="13cdc9d9-ddb5-4fa4-a97d-d965ccfc6d4b" outcome="Passed" testListId="8c84fa94-04c1-424b-9868-57a2d4851a1d" relativeResultsDirectory="494c5ce7-84cf-4740-9eaf-73518c43a518" />
    <UnitTestResult executionId="a6c292e9-2178-43c8-aeec-3600dfc6e643" testId="459463df-7b24-1834-e524-ebc8eb49d9bc" testName="PersistTilesCallsAppropriateMethodsInProvider" computerName="DKSR-EFI-04" duration="00:00:00.0309112" startTime="2023-12-22T09:33:51.2388480+01:00" endTime="2023-12-22T09:33:51.2844622+01:00" testType="13cdc9d9-ddb5-4fa4-a97d-d965ccfc6d4b" outcome="Passed" testListId="8c84fa94-04c1-424b-9868-57a2d4851a1d" relativeResultsDirectory="a6c292e9-2178-43c8-aeec-3600dfc6e643" />
    <UnitTestResult executionId="7ea464e5-9fea-4222-8e7b-5254469747d2" testId="501c02cb-ac5f-5745-c75a-6cf52f922f62" testName="SequenceEquals_NullCollection_RespectOrder_FalseResult" computerName="DKSR-EFI-04" duration="00:00:00.0001648" startTime="2023-12-22T09:34:02.3201321+01:00" endTime="2023-12-22T09:34:02.3204504+01:00" testType="13cdc9d9-ddb5-4fa4-a97d-d965ccfc6d4b" outcome="Passed" testListId="8c84fa94-04c1-424b-9868-57a2d4851a1d" relativeResultsDirectory="7ea464e5-9fea-4222-8e7b-5254469747d2" />
    <UnitTestResult executionId="9730218f-6e9a-418d-a8e3-692d0637f34e" testId="be742706-2384-ae61-bc11-568bd8c32abe" testName="Changing_The_First_Item_Works" computerName="DKSR-EFI-04" duration="00:00:00.0031021" startTime="2023-12-22T09:34:02.3288164+01:00" endTime="2023-12-22T09:34:02.3321104+01:00" testType="13cdc9d9-ddb5-4fa4-a97d-d965ccfc6d4b" outcome="Passed" testListId="8c84fa94-04c1-424b-9868-57a2d4851a1d" relativeResultsDirectory="9730218f-6e9a-418d-a8e3-692d0637f34e" />
    <UnitTestResult executionId="030266ef-c887-4277-b913-48bc2fef0c63" testId="a9359554-6927-fb85-3830-72d7f8df0ae0" testName="RoundToHour_RoundDown" computerName="DKSR-EFI-04" duration="00:00:00.0009816" startTime="2023-12-22T09:34:02.6308003+01:00" endTime="2023-12-22T09:34:02.6319523+01:00" testType="13cdc9d9-ddb5-4fa4-a97d-d965ccfc6d4b" outcome="Passed" testListId="8c84fa94-04c1-424b-9868-57a2d4851a1d" relativeResultsDirectory="030266ef-c887-4277-b913-48bc2fef0c63" />
    <UnitTestResult executionId="fbf92147-aa2e-4ca3-afe7-d002185f5d14" testId="f3327606-b2a8-9974-e840-2b31246f10e1" testName="DrawControl_AllRangeSelected_VisualsOK" computerName="DKSR-EFI-04" duration="00:00:00.0826963" startTime="2023-12-22T09:33:46.1986957+01:00" endTime="2023-12-22T09:33:46.3444457+01:00" testType="13cdc9d9-ddb5-4fa4-a97d-d965ccfc6d4b" outcome="Passed" testListId="8c84fa94-04c1-424b-9868-57a2d4851a1d" relativeResultsDirectory="fbf92147-aa2e-4ca3-afe7-d002185f5d14" />
    <UnitTestResult executionId="470a4327-4459-4928-851a-ffcba26cdeda" testId="968cb0b5-2676-6cd1-05ad-544228943f8e" testName="SaveToFile_ShouldSaveAllowUnsecureConnection_WhenAllowUnsecureSetToTrueAndNoUserExistsInXml" computerName="DKSR-EFI-04" duration="00:00:00.0031159" startTime="2023-12-22T09:34:12.6711227+01:00" endTime="2023-12-22T09:34:12.6744233+01:00" testType="13cdc9d9-ddb5-4fa4-a97d-d965ccfc6d4b" outcome="Passed" testListId="8c84fa94-04c1-424b-9868-57a2d4851a1d" relativeResultsDirectory="470a4327-4459-4928-851a-ffcba26cdeda" />
    <UnitTestResult executionId="c34f2e6b-c25b-4eb4-8a65-a562d45317cd" testId="d321e896-1c35-b87a-a0b5-276c58a0218b" testName="DetermineScaledWindowLocationAndSize_150Percent_Scaling" computerName="DKSR-EFI-04" duration="00:00:00.0009483" startTime="2023-12-22T09:34:02.8733863+01:00" endTime="2023-12-22T09:34:02.8745008+01:00" testType="13cdc9d9-ddb5-4fa4-a97d-d965ccfc6d4b" outcome="Passed" testListId="8c84fa94-04c1-424b-9868-57a2d4851a1d" relativeResultsDirectory="c34f2e6b-c25b-4eb4-8a65-a562d45317cd" />
    <UnitTestResult executionId="bf72ff3c-09a5-47e2-984f-659eedf88548" testId="61b1c2a4-89cd-5144-7bf8-430d589649be" testName="RoundToMillisecond_Up" computerName="DKSR-EFI-04" duration="00:00:00.0009735" startTime="2023-12-22T09:34:02.3937149+01:00" endTime="2023-12-22T09:34:02.3948888+01:00" testType="13cdc9d9-ddb5-4fa4-a97d-d965ccfc6d4b" outcome="Passed" testListId="8c84fa94-04c1-424b-9868-57a2d4851a1d" relativeResultsDirectory="bf72ff3c-09a5-47e2-984f-659eedf88548" />
    <UnitTestResult executionId="c456cb10-f106-431a-988b-95e49302768d" testId="5901b859-8c35-d7a1-4b20-7aa832e2b2ac" testName="ArrangeOverride_1child_EnoughSpace_NotShrunk" computerName="DKSR-EFI-04" duration="00:00:00.0080268" startTime="2023-12-22T09:33:48.4539625+01:00" endTime="2023-12-22T09:33:48.5084324+01:00" testType="13cdc9d9-ddb5-4fa4-a97d-d965ccfc6d4b" outcome="Passed" testListId="8c84fa94-04c1-424b-9868-57a2d4851a1d" relativeResultsDirectory="c456cb10-f106-431a-988b-95e49302768d" />
    <UnitTestResult executionId="922df636-562f-4b02-a125-2b335e5708b3" testId="fe19cce5-cc9d-9aa6-e44d-fbae8d8bb129" testName="SmartSearchFilterValue_Serialize_Success" computerName="DKSR-EFI-04" duration="00:00:00.0076354" startTime="2023-12-22T09:34:12.0474263+01:00" endTime="2023-12-22T09:34:12.0555264+01:00" testType="13cdc9d9-ddb5-4fa4-a97d-d965ccfc6d4b" outcome="Passed" testListId="8c84fa94-04c1-424b-9868-57a2d4851a1d" relativeResultsDirectory="922df636-562f-4b02-a125-2b335e5708b3" />
    <UnitTestResult executionId="d0455cbc-ffda-49f3-873d-80504bcf6538" testId="6e65f41d-fe2d-ee70-9028-5945410fb292" testName="GetStringValueOrDefault_WrongKeyValue_DefaultValueReturned" computerName="DKSR-EFI-04" duration="00:00:00.0001967" startTime="2023-12-22T09:34:12.1319455+01:00" endTime="2023-12-22T09:34:12.1323050+01:00" testType="13cdc9d9-ddb5-4fa4-a97d-d965ccfc6d4b" outcome="Passed" testListId="8c84fa94-04c1-424b-9868-57a2d4851a1d" relativeResultsDirectory="d0455cbc-ffda-49f3-873d-80504bcf6538" />
    <UnitTestResult executionId="b49da3a3-4951-4bd7-a541-3244e13a1016" testId="441a4176-3f9e-7fdb-d742-3ee7574fadc4" testName="TooltipServiceWarning_Failover_LocalAuthorizationError" computerName="DKSR-EFI-04" duration="00:00:00.0006634" startTime="2023-12-22T09:34:11.5330380+01:00" endTime="2023-12-22T09:34:11.5343391+01:00" testType="13cdc9d9-ddb5-4fa4-a97d-d965ccfc6d4b" outcome="Passed" testListId="8c84fa94-04c1-424b-9868-57a2d4851a1d" relativeResultsDirectory="b49da3a3-4951-4bd7-a541-3244e13a1016" />
    <UnitTestResult executionId="e2bb70b4-9351-4ea2-9f6c-d531fd8bf982" testId="a6478b4f-f785-703a-7384-c2061869f444" testName="DoComboTicksAllIfSelectedTileIsNull" computerName="DKSR-EFI-04" duration="00:00:00.0020613" startTime="2023-12-22T09:33:52.5279484+01:00" endTime="2023-12-22T09:33:52.5413234+01:00" testType="13cdc9d9-ddb5-4fa4-a97d-d965ccfc6d4b" outcome="Passed" testListId="8c84fa94-04c1-424b-9868-57a2d4851a1d" relativeResultsDirectory="e2bb70b4-9351-4ea2-9f6c-d531fd8bf982" />
    <UnitTestResult executionId="e25a1a93-1dcc-43f8-b691-f8ba7572dce5" testId="a22bf289-0878-e3c5-33fd-766102ec1be1" testName="TimerOnElapsed_MaxIdleTimeNotReached_CleanupNotPerformed" computerName="DKSR-EFI-04" duration="00:00:00.0005543" startTime="2023-12-22T09:33:43.3555437+01:00" endTime="2023-12-22T09:33:43.3562529+01:00" testType="13cdc9d9-ddb5-4fa4-a97d-d965ccfc6d4b" outcome="Passed" testListId="8c84fa94-04c1-424b-9868-57a2d4851a1d" relativeResultsDirectory="e25a1a93-1dcc-43f8-b691-f8ba7572dce5" />
    <UnitTestResult executionId="3b4b5489-e638-4abc-a5cb-ee1fa1a1fc13" testId="332e199d-ea86-764a-0c78-68ba66fc4ac1" testName="Basic_Functionality_Works" computerName="DKSR-EFI-04" duration="00:00:00.0061207" startTime="2023-12-22T09:34:02.3217855+01:00" endTime="2023-12-22T09:34:02.3282035+01:00" testType="13cdc9d9-ddb5-4fa4-a97d-d965ccfc6d4b" outcome="Passed" testListId="8c84fa94-04c1-424b-9868-57a2d4851a1d" relativeResultsDirectory="3b4b5489-e638-4abc-a5cb-ee1fa1a1fc13" />
    <UnitTestResult executionId="47c7c3de-20c7-4307-92ca-8546a3da07c9" testId="bb23e984-379e-7e0e-1bce-dc1dbfcf6fc3" testName="AuthenticationSimple_SetName_Throws_InvalidOperationException" computerName="DKSR-EFI-04" duration="00:00:00.0223473" startTime="2023-12-22T09:34:12.4749977+01:00" endTime="2023-12-22T09:34:12.4977979+01:00" testType="13cdc9d9-ddb5-4fa4-a97d-d965ccfc6d4b" outcome="Passed" testListId="8c84fa94-04c1-424b-9868-57a2d4851a1d" relativeResultsDirectory="47c7c3de-20c7-4307-92ca-8546a3da07c9" />
    <UnitTestResult executionId="58780e70-a8ac-4fe5-8f57-1cc8c2040866" testId="89375aca-5b37-064f-74cf-5102a1c4ec81" testName="ProvideValue_ReturnsThis" computerName="DKSR-EFI-04" duration="00:00:00.0046103" startTime="2023-12-22T09:33:43.3591601+01:00" endTime="2023-12-22T09:33:43.3640611+01:00" testType="13cdc9d9-ddb5-4fa4-a97d-d965ccfc6d4b" outcome="Passed" testListId="8c84fa94-04c1-424b-9868-57a2d4851a1d" relativeResultsDirectory="58780e70-a8ac-4fe5-8f57-1cc8c2040866" />
    <UnitTestResult executionId="b419d037-2c4d-4b82-bf89-b923670c025f" testId="2dbf24a9-29c5-3ef0-69a0-687ac45d4c86" testName="Constructor_ShouldCreateTreeOfMixedDepth_WhenUnitsHaveDifferentNumberOfAncestors" computerName="DKSR-EFI-04" duration="00:00:00.0024264" startTime="2023-12-22T09:33:43.2943455+01:00" endTime="2023-12-22T09:33:43.2969214+01:00" testType="13cdc9d9-ddb5-4fa4-a97d-d965ccfc6d4b" outcome="Passed" testListId="8c84fa94-04c1-424b-9868-57a2d4851a1d" relativeResultsDirectory="b419d037-2c4d-4b82-bf89-b923670c025f" />
    <UnitTestResult executionId="0bad91cc-38c1-4774-90d9-9c0c8456c137" testId="d3857317-63e0-c190-44d9-5fb025d72a80" testName="TryGetIntValue_KeyNotFound_ReturnFalse" computerName="DKSR-EFI-04" duration="00:00:00.0004003" startTime="2023-12-22T09:34:12.1375653+01:00" endTime="2023-12-22T09:34:12.1381353+01:00" testType="13cdc9d9-ddb5-4fa4-a97d-d965ccfc6d4b" outcome="Passed" testListId="8c84fa94-04c1-424b-9868-57a2d4851a1d" relativeResultsDirectory="0bad91cc-38c1-4774-90d9-9c0c8456c137" />
    <UnitTestResult executionId="aff06c56-9959-4ab8-9a78-0bf2766100a4" testId="08c8c1c6-bdcb-21d2-0325-62806128a803" testName="MouseDown_OverRightRangeBar_RangeMinUpdated" computerName="DKSR-EFI-04" duration="00:00:00.0953412" startTime="2023-12-22T09:33:47.2461038+01:00" endTime="2023-12-22T09:33:47.3960194+01:00" testType="13cdc9d9-ddb5-4fa4-a97d-d965ccfc6d4b" outcome="Passed" testListId="8c84fa94-04c1-424b-9868-57a2d4851a1d" relativeResultsDirectory="aff06c56-9959-4ab8-9a78-0bf2766100a4" />
    <UnitTestResult executionId="4d59b6a8-9149-4407-bfc5-36258e84489a" testId="569900d4-58ce-d7ba-87cf-ed8c555e623f" testName="TileStateIsUpdatedEvenIfCurrentStatesIsNull" computerName="DKSR-EFI-04" duration="00:00:00.0011283" startTime="2023-12-22T09:33:52.4981617+01:00" endTime="2023-12-22T09:33:52.5273141+01:00" testType="13cdc9d9-ddb5-4fa4-a97d-d965ccfc6d4b" outcome="Passed" testListId="8c84fa94-04c1-424b-9868-57a2d4851a1d" relativeResultsDirectory="4d59b6a8-9149-4407-bfc5-36258e84489a" />
    <UnitTestResult executionId="a010a276-23a7-4151-8403-4e521cd535bd" testId="132e103c-17cc-dd6d-9a83-6fdfdde045a1" testName="RoundToMillisecond_RoundDown" computerName="DKSR-EFI-04" duration="00:00:00.0048147" startTime="2023-12-22T09:34:02.6123909+01:00" endTime="2023-12-22T09:34:02.6176889+01:00" testType="13cdc9d9-ddb5-4fa4-a97d-d965ccfc6d4b" outcome="Passed" testListId="8c84fa94-04c1-424b-9868-57a2d4851a1d" relativeResultsDirectory="a010a276-23a7-4151-8403-4e521cd535bd" />
    <UnitTestResult executionId="328a63a1-ad40-4b6b-abcd-0a14d4bcbdd7" testId="d5c0e485-765d-c99d-60c1-f669baa2c385" testName="Convert_SingleValueConverter_ValidValue_Success" computerName="DKSR-EFI-04" duration="00:00:00.0003935" startTime="2023-12-22T09:34:02.9023634+01:00" endTime="2023-12-22T09:34:02.9029375+01:00" testType="13cdc9d9-ddb5-4fa4-a97d-d965ccfc6d4b" outcome="Passed" testListId="8c84fa94-04c1-424b-9868-57a2d4851a1d" relativeResultsDirectory="328a63a1-ad40-4b6b-abcd-0a14d4bcbdd7" />
    <UnitTestResult executionId="3004156d-3045-43fa-991a-fd6df4b30380" testId="bd9d6efd-ee5b-c8e1-7fe2-91d5e9a397a3" testName="Constructor_ShouldCreateTreeOfDepth1_WhenUnitsHaveParentButNoGrandparent" computerName="DKSR-EFI-04" duration="00:00:00.0018965" startTime="2023-12-22T09:33:43.2763603+01:00" endTime="2023-12-22T09:33:43.2783793+01:00" testType="13cdc9d9-ddb5-4fa4-a97d-d965ccfc6d4b" outcome="Passed" testListId="8c84fa94-04c1-424b-9868-57a2d4851a1d" relativeResultsDirectory="3004156d-3045-43fa-991a-fd6df4b30380" />
    <UnitTestResult executionId="a07546af-9d7d-494a-98d3-9553cc995973" testId="5a716387-727c-9f4a-576d-c532745d27fc" testName="RoundToMinute_Down" computerName="DKSR-EFI-04" duration="00:00:00.0009547" startTime="2023-12-22T09:34:02.4023169+01:00" endTime="2023-12-22T09:34:02.4034425+01:00" testType="13cdc9d9-ddb5-4fa4-a97d-d965ccfc6d4b" outcome="Passed" testListId="8c84fa94-04c1-424b-9868-57a2d4851a1d" relativeResultsDirectory="a07546af-9d7d-494a-98d3-9553cc995973" />
    <UnitTestResult executionId="b19d48a0-a06c-46d1-b454-1fe722559d57" testId="f5cf44f1-55f9-84ba-0c1d-f402f9b081e8" testName="TooltipServiceWarning_Failover_Combined" computerName="DKSR-EFI-04" duration="00:00:00.0008651" startTime="2023-12-22T09:34:11.5276761+01:00" endTime="2023-12-22T09:34:11.5295852+01:00" testType="13cdc9d9-ddb5-4fa4-a97d-d965ccfc6d4b" outcome="Passed" testListId="8c84fa94-04c1-424b-9868-57a2d4851a1d" relativeResultsDirectory="b19d48a0-a06c-46d1-b454-1fe722559d57" />
    <UnitTestResult executionId="69f178b8-000e-4a6e-924e-22297cc5ee6f" testId="bff954f8-e2d5-b0a0-fd97-8dd0ad93ed5a" testName="ExtensionInvokeTest" computerName="DKSR-EFI-04" duration="00:00:00.0835595" startTime="2023-12-22T09:33:42.5094954+01:00" endTime="2023-12-22T09:33:42.5933322+01:00" testType="13cdc9d9-ddb5-4fa4-a97d-d965ccfc6d4b" outcome="Passed" testListId="8c84fa94-04c1-424b-9868-57a2d4851a1d" relativeResultsDirectory="69f178b8-000e-4a6e-924e-22297cc5ee6f" />
    <UnitTestResult executionId="2ef8e2c3-a790-41f1-a312-620bc92522c2" testId="27329ac4-220b-b901-238d-32a5c22c05d2" testName="ItemHolder_MouseDoubleClick_Success" computerName="DKSR-EFI-04" duration="00:00:00.2003629" startTime="2023-12-22T09:34:05.3969897+01:00" endTime="2023-12-22T09:34:05.6324488+01:00" testType="13cdc9d9-ddb5-4fa4-a97d-d965ccfc6d4b" outcome="Passed" testListId="8c84fa94-04c1-424b-9868-57a2d4851a1d" relativeResultsDirectory="2ef8e2c3-a790-41f1-a312-620bc92522c2" />
    <UnitTestResult executionId="ce3697f2-a5fa-4619-953f-e6d8bb105d81" testId="cc3505a4-7232-cc24-3cfe-056b7e73ed2b" testName="CompareToTest" computerName="DKSR-EFI-04" duration="00:00:00.0013619" startTime="2023-12-22T09:33:42.8187963+01:00" endTime="2023-12-22T09:33:42.8206480+01:00" testType="13cdc9d9-ddb5-4fa4-a97d-d965ccfc6d4b" outcome="Passed" testListId="8c84fa94-04c1-424b-9868-57a2d4851a1d" relativeResultsDirectory="ce3697f2-a5fa-4619-953f-e6d8bb105d81" />
    <UnitTestResult executionId="8c0d8390-5af3-41fc-bf39-6d6f9ab45421" testId="255725f3-62ba-63bd-b914-0cdfd4638d83" testName="DetermineScaledWindowLocationAndSize_100Percent_Scaling" computerName="DKSR-EFI-04" duration="00:00:00.0009251" startTime="2023-12-22T09:34:02.8749906+01:00" endTime="2023-12-22T09:34:02.8760893+01:00" testType="13cdc9d9-ddb5-4fa4-a97d-d965ccfc6d4b" outcome="Passed" testListId="8c84fa94-04c1-424b-9868-57a2d4851a1d" relativeResultsDirectory="8c0d8390-5af3-41fc-bf39-6d6f9ab45421" />
    <UnitTestResult executionId="cfeeca88-1785-43b2-bc48-6666eb7e2b84" testId="9b6bcf4a-f6d4-8ccc-f16d-a434ebb9feb9" testName="DetermineScaledWindowLocationAndSize_CenterScreen_100Percent_Scaling" computerName="DKSR-EFI-04" duration="00:00:00.0009682" startTime="2023-12-22T09:34:02.8838858+01:00" endTime="2023-12-22T09:34:02.8850273+01:00" testType="13cdc9d9-ddb5-4fa4-a97d-d965ccfc6d4b" outcome="Passed" testListId="8c84fa94-04c1-424b-9868-57a2d4851a1d" relativeResultsDirectory="cfeeca88-1785-43b2-bc48-6666eb7e2b84" />
    <UnitTestResult executionId="6faca7e0-f8a4-4108-b386-c8edd773f0e8" testId="3a13def5-4099-72b0-8c0e-420253783341" testName="UpdateToast_Success" computerName="DKSR-EFI-04" duration="00:00:00.0063684" startTime="2023-12-22T09:34:03.0440686+01:00" endTime="2023-12-22T09:34:03.0506798+01:00" testType="13cdc9d9-ddb5-4fa4-a97d-d965ccfc6d4b" outcome="Passed" testListId="8c84fa94-04c1-424b-9868-57a2d4851a1d" relativeResultsDirectory="6faca7e0-f8a4-4108-b386-c8edd773f0e8" />
    <UnitTestResult executionId="1ec78359-3706-4a48-9819-470458fae67d" testId="ab1319d7-a2c3-e991-b6a2-1cf10c8be090" testName="FormsControlScaleValue_100Percent_Scaling" computerName="DKSR-EFI-04" duration="00:00:00.0007432" startTime="2023-12-22T09:34:02.8620147+01:00" endTime="2023-12-22T09:34:02.8629461+01:00" testType="13cdc9d9-ddb5-4fa4-a97d-d965ccfc6d4b" outcome="Passed" testListId="8c84fa94-04c1-424b-9868-57a2d4851a1d" relativeResultsDirectory="1ec78359-3706-4a48-9819-470458fae67d" />
    <UnitTestResult executionId="1bfa5443-354a-4645-a38e-c505d80a5480" testId="669c2664-9e93-7539-3901-e5233189df70" testName="Convert_ShouldReturnGreaterThanString_WhenValueIsGreaterThanThreshold" computerName="DKSR-EFI-04" duration="00:00:00.0003849" startTime="2023-12-22T09:34:02.8919860+01:00" endTime="2023-12-22T09:34:02.8925462+01:00" testType="13cdc9d9-ddb5-4fa4-a97d-d965ccfc6d4b" outcome="Passed" testListId="8c84fa94-04c1-424b-9868-57a2d4851a1d" relativeResultsDirectory="1bfa5443-354a-4645-a38e-c505d80a5480" />
    <UnitTestResult executionId="2b420774-25ef-400b-877a-7083535bd210" testId="cbe296a6-601b-dd72-bc79-8548a0abe9dd" testName="MouseHover_OverSelectionRange_IsMouseOverRangeBar_IsTrue" computerName="DKSR-EFI-04" duration="00:00:00.0692158" startTime="2023-12-22T09:33:47.0967278+01:00" endTime="2023-12-22T09:33:47.2420590+01:00" testType="13cdc9d9-ddb5-4fa4-a97d-d965ccfc6d4b" outcome="Passed" testListId="8c84fa94-04c1-424b-9868-57a2d4851a1d" relativeResultsDirectory="2b420774-25ef-400b-877a-7083535bd210" />
    <UnitTestResult executionId="94f57052-415f-4df6-a3ab-e699fbc0e9c4" testId="286237b8-58c5-8f71-48e4-5e1734d0ac85" testName="OnPreviewKeyDown_PageDown_Success" computerName="DKSR-EFI-04" duration="00:00:00.2030969" startTime="2023-12-22T09:34:07.4611153+01:00" endTime="2023-12-22T09:34:07.6908288+01:00" testType="13cdc9d9-ddb5-4fa4-a97d-d965ccfc6d4b" outcome="Passed" testListId="8c84fa94-04c1-424b-9868-57a2d4851a1d" relativeResultsDirectory="94f57052-415f-4df6-a3ab-e699fbc0e9c4" />
    <UnitTestResult executionId="af09206a-8274-44ed-b0df-7017df56399a" testId="0b0e0ad1-c995-9403-bc1c-5f3fb5cc273a" testName="GetBoolValueOrDefault_KeyFound_ValueReturned" computerName="DKSR-EFI-04" duration="00:00:00.0002034" startTime="2023-12-22T09:34:12.1338247+01:00" endTime="2023-12-22T09:34:12.1341933+01:00" testType="13cdc9d9-ddb5-4fa4-a97d-d965ccfc6d4b" outcome="Passed" testListId="8c84fa94-04c1-424b-9868-57a2d4851a1d" relativeResultsDirectory="af09206a-8274-44ed-b0df-7017df56399a" />
    <UnitTestResult executionId="c582eaa1-4828-4a61-9ec5-2aa685876889" testId="2aca5760-5736-8fb2-f42a-c078d75461ed" testName="DoComboSelectionThrowsIfServerTypeIdIsNotAValidGuid" computerName="DKSR-EFI-04" duration="00:00:00.0145010" startTime="2023-12-22T09:33:51.8626296+01:00" endTime="2023-12-22T09:33:51.8885746+01:00" testType="13cdc9d9-ddb5-4fa4-a97d-d965ccfc6d4b" outcome="Passed" testListId="8c84fa94-04c1-424b-9868-57a2d4851a1d" relativeResultsDirectory="c582eaa1-4828-4a61-9ec5-2aa685876889" />
    <UnitTestResult executionId="3e8a533b-311d-4db5-a03e-6d2a48bf314f" testId="319f8796-7403-b14a-34e0-f1797faae63e" testName="GetIntValueOrDefault_KeyNotFound_DefaultValueReturned" computerName="DKSR-EFI-04" duration="00:00:00.0005114" startTime="2023-12-22T09:34:12.1200635+01:00" endTime="2023-12-22T09:34:12.1210307+01:00" testType="13cdc9d9-ddb5-4fa4-a97d-d965ccfc6d4b" outcome="Passed" testListId="8c84fa94-04c1-424b-9868-57a2d4851a1d" relativeResultsDirectory="3e8a533b-311d-4db5-a03e-6d2a48bf314f" />
    <UnitTestResult executionId="1d49b443-66e2-48f7-a193-dee6ef046add" testId="910ea956-c4b4-dc72-c890-ea2c8afbd1ba" testName="AllowUnsecureConnection_ShouldBeTrue_WhenAllowUnsecureIsTrue" computerName="DKSR-EFI-04" duration="00:00:00.0031605" startTime="2023-12-22T09:34:12.6254904+01:00" endTime="2023-12-22T09:34:12.6288687+01:00" testType="13cdc9d9-ddb5-4fa4-a97d-d965ccfc6d4b" outcome="Passed" testListId="8c84fa94-04c1-424b-9868-57a2d4851a1d" relativeResultsDirectory="1d49b443-66e2-48f7-a193-dee6ef046add" />
    <UnitTestResult executionId="099e3fe3-a514-4beb-8cc7-75865ce221d5" testId="b0004f06-300e-d87d-8715-e540888dd689" testName="TooltipServiceWarning_UpdateTimeDefined" computerName="DKSR-EFI-04" duration="00:00:00.0026166" startTime="2023-12-22T09:34:11.5414866+01:00" endTime="2023-12-22T09:34:11.5456642+01:00" testType="13cdc9d9-ddb5-4fa4-a97d-d965ccfc6d4b" outcome="Passed" testListId="8c84fa94-04c1-424b-9868-57a2d4851a1d" relativeResultsDirectory="099e3fe3-a514-4beb-8cc7-75865ce221d5" />
    <UnitTestResult executionId="2f615db9-11a2-4e1a-801c-66ea32c97fe7" testId="a53bc742-1aa6-1112-cd67-7bd1ef336fc4" testName="FormsControlScaledLocationAndSize_NegativePositions_100Percent_Scaling" computerName="DKSR-EFI-04" duration="00:00:00.0027449" startTime="2023-12-22T09:34:02.8634593+01:00" endTime="2023-12-22T09:34:02.8663864+01:00" testType="13cdc9d9-ddb5-4fa4-a97d-d965ccfc6d4b" outcome="Passed" testListId="8c84fa94-04c1-424b-9868-57a2d4851a1d" relativeResultsDirectory="2f615db9-11a2-4e1a-801c-66ea32c97fe7" />
    <UnitTestResult executionId="e402957a-e5e6-42e6-b577-5b433ffee47b" testId="d571e5ac-82ed-ebaf-4d14-3695e99fdecf" testName="DetermineScaledWindowLocationAndSize_75Percent_Scaling" computerName="DKSR-EFI-04" duration="00:00:00.0008194" startTime="2023-12-22T09:34:02.8765831+01:00" endTime="2023-12-22T09:34:02.8775726+01:00" testType="13cdc9d9-ddb5-4fa4-a97d-d965ccfc6d4b" outcome="Passed" testListId="8c84fa94-04c1-424b-9868-57a2d4851a1d" relativeResultsDirectory="e402957a-e5e6-42e6-b577-5b433ffee47b" />
    <UnitTestResult executionId="c427c768-e1fa-4d1c-a9bf-fa46f41b0c0a" testId="fc42ecd1-8c72-c445-ea96-97544145f9ab" testName="ValidSlides_ShouldNotContainDefaults" computerName="DKSR-EFI-04" duration="00:00:00.0016156" startTime="2023-12-22T09:34:02.2784802+01:00" endTime="2023-12-22T09:34:02.2802631+01:00" testType="13cdc9d9-ddb5-4fa4-a97d-d965ccfc6d4b" outcome="Passed" testListId="8c84fa94-04c1-424b-9868-57a2d4851a1d" relativeResultsDirectory="c427c768-e1fa-4d1c-a9bf-fa46f41b0c0a" />
    <UnitTestResult executionId="9c8bd001-867b-4615-91be-37bfe179042a" testId="9e746348-f3a7-2f41-9d29-e3b583264792" testName="RoundToMillisecond_Down" computerName="DKSR-EFI-04" duration="00:00:00.0096344" startTime="2023-12-22T09:34:02.3830876+01:00" endTime="2023-12-22T09:34:02.3931598+01:00" testType="13cdc9d9-ddb5-4fa4-a97d-d965ccfc6d4b" outcome="Passed" testListId="8c84fa94-04c1-424b-9868-57a2d4851a1d" relativeResultsDirectory="9c8bd001-867b-4615-91be-37bfe179042a" />
    <UnitTestResult executionId="7871547a-d306-4427-9c9a-06f61626fb53" testId="3edfc2a7-1754-35d9-a869-000eb02198df" testName="FindOptimalTilingReturnsIfPassedZeroSize" computerName="DKSR-EFI-04" duration="00:00:00.0760176" startTime="2023-12-22T09:33:49.7027996+01:00" endTime="2023-12-22T09:33:49.8488769+01:00" testType="13cdc9d9-ddb5-4fa4-a97d-d965ccfc6d4b" outcome="Passed" testListId="8c84fa94-04c1-424b-9868-57a2d4851a1d" relativeResultsDirectory="7871547a-d306-4427-9c9a-06f61626fb53" />
    <UnitTestResult executionId="46daae72-62cf-4bd8-8ff9-0239a8332452" testId="cef7f277-5dc3-b0b8-eda4-af499be481dc" testName="OnApplyChildClip_Success" computerName="DKSR-EFI-04" duration="00:00:00.0475377" startTime="2023-12-22T09:34:03.5434469+01:00" endTime="2023-12-22T09:34:03.6221394+01:00" testType="13cdc9d9-ddb5-4fa4-a97d-d965ccfc6d4b" outcome="Passed" testListId="8c84fa94-04c1-424b-9868-57a2d4851a1d" relativeResultsDirectory="46daae72-62cf-4bd8-8ff9-0239a8332452" />
    <UnitTestResult executionId="25300e73-dd5d-4a11-8814-e5ace2fa224b" testId="db062b49-88de-b8f8-9ca6-8a07ff86d1c6" testName="GetIntersectingTest" computerName="DKSR-EFI-04" duration="00:00:00.0608555" startTime="2023-12-22T09:33:42.7476481+01:00" endTime="2023-12-22T09:33:42.8088452+01:00" testType="13cdc9d9-ddb5-4fa4-a97d-d965ccfc6d4b" outcome="Passed" testListId="8c84fa94-04c1-424b-9868-57a2d4851a1d" relativeResultsDirectory="25300e73-dd5d-4a11-8814-e5ace2fa224b">
      <Output>
        <StdOut>Debug Trace:&#xD;
Warning: GetAllIntersecting is executing using IEnumerable. Investigate upgrading the collection to C5.ISorted.</StdOut>
      </Output>
    </UnitTestResult>
    <UnitTestResult executionId="5bd3d775-9384-42e4-9d01-dbcea82c1e09" testId="ed71c039-25d2-86e6-ce2e-7f7815b19541" testName="FindOptimalTilingReturnsIfNoCameraTilesAndNoServerTiles" computerName="DKSR-EFI-04" duration="00:00:00.0021968" startTime="2023-12-22T09:33:49.8506507+01:00" endTime="2023-12-22T09:33:49.9333836+01:00" testType="13cdc9d9-ddb5-4fa4-a97d-d965ccfc6d4b" outcome="Passed" testListId="8c84fa94-04c1-424b-9868-57a2d4851a1d" relativeResultsDirectory="5bd3d775-9384-42e4-9d01-dbcea82c1e09" />
    <UnitTestResult executionId="53cc8ae8-2c11-428c-90be-f023eb6e2440" testId="b7e36637-289c-8e0e-9091-6aff9c16739a" testName="SetUnsecureConnectionAllowedForUser_ShouldDoNothing_WhenUserExistsAndHaveCorrectValue" computerName="DKSR-EFI-04" duration="00:00:00.0007652" startTime="2023-12-22T09:34:12.7052957+01:00" endTime="2023-12-22T09:34:12.7075297+01:00" testType="13cdc9d9-ddb5-4fa4-a97d-d965ccfc6d4b" outcome="Passed" testListId="8c84fa94-04c1-424b-9868-57a2d4851a1d" relativeResultsDirectory="53cc8ae8-2c11-428c-90be-f023eb6e2440" />
    <UnitTestResult executionId="7cbaaa08-a1ec-481d-a627-a343a50dca24" testId="2eb304bc-29a1-e3fc-a1ed-62b709614ba3" testName="FindOptimalTilingCalculatesRowsColumnsAppropriateToTileAndWindowRatioAndWithOptimumNumberOfCells" computerName="DKSR-EFI-04" duration="00:00:00.0207422" startTime="2023-12-22T09:33:50.2827025+01:00" endTime="2023-12-22T09:33:50.3820703+01:00" testType="13cdc9d9-ddb5-4fa4-a97d-d965ccfc6d4b" outcome="Passed" testListId="8c84fa94-04c1-424b-9868-57a2d4851a1d" relativeResultsDirectory="7cbaaa08-a1ec-481d-a627-a343a50dca24" />
    <UnitTestResult executionId="3352a541-8db4-4589-b728-99254a1e8379" testId="1c73ceb9-2072-2e5e-a2de-ee8cd9695cfc" testName="GetStringValueOrDefault_KeyNotFound_DefaultValueReturned" computerName="DKSR-EFI-04" duration="00:00:00.0002856" startTime="2023-12-22T09:34:12.1301119+01:00" endTime="2023-12-22T09:34:12.1305665+01:00" testType="13cdc9d9-ddb5-4fa4-a97d-d965ccfc6d4b" outcome="Passed" testListId="8c84fa94-04c1-424b-9868-57a2d4851a1d" relativeResultsDirectory="3352a541-8db4-4589-b728-99254a1e8379" />
    <UnitTestResult executionId="5fcf7fda-0056-4101-bf84-f7a4829c2ab4" testId="75b02970-aa24-70a3-87c6-08d86ea85974" testName="AuthenticationWindowsDefault_SetName_Throws_InvalidOperationException" computerName="DKSR-EFI-04" duration="00:00:00.0005594" startTime="2023-12-22T09:34:12.4999057+01:00" endTime="2023-12-22T09:34:12.5006981+01:00" testType="13cdc9d9-ddb5-4fa4-a97d-d965ccfc6d4b" outcome="Passed" testListId="8c84fa94-04c1-424b-9868-57a2d4851a1d" relativeResultsDirectory="5fcf7fda-0056-4101-bf84-f7a4829c2ab4" />
    <UnitTestResult executionId="f0d4ffcd-9f74-4f2a-af04-0a85e9be17d5" testId="b8e97d03-ef15-901d-1e9d-db40f54cbfb0" testName="FormsControlScaledHeight_150Percent_Scaling" computerName="DKSR-EFI-04" duration="00:00:00.1248208" startTime="2023-12-22T09:34:02.7316636+01:00" endTime="2023-12-22T09:34:02.8567136+01:00" testType="13cdc9d9-ddb5-4fa4-a97d-d965ccfc6d4b" outcome="Passed" testListId="8c84fa94-04c1-424b-9868-57a2d4851a1d" relativeResultsDirectory="f0d4ffcd-9f74-4f2a-af04-0a85e9be17d5" />
    <UnitTestResult executionId="63d2f44a-e333-4cef-8b71-07d884cb5733" testId="17d84dca-08db-1fc3-9f2e-4c3ca40d4597" testName="GetTimeSpanValueOrDefault_WrongKeyValue_DefaultValueReturned" computerName="DKSR-EFI-04" duration="00:00:00.0002475" startTime="2023-12-22T09:34:12.1291728+01:00" endTime="2023-12-22T09:34:12.1295854+01:00" testType="13cdc9d9-ddb5-4fa4-a97d-d965ccfc6d4b" outcome="Passed" testListId="8c84fa94-04c1-424b-9868-57a2d4851a1d" relativeResultsDirectory="63d2f44a-e333-4cef-8b71-07d884cb5733" />
    <UnitTestResult executionId="c20ce715-b847-45f0-aa79-e613ea1f131f" testId="93e1c6bd-3907-bf6a-9788-32ce344adf8d" testName="RoundToSecond_Up" computerName="DKSR-EFI-04" duration="00:00:00.0007505" startTime="2023-12-22T09:34:02.3985611+01:00" endTime="2023-12-22T09:34:02.3994769+01:00" testType="13cdc9d9-ddb5-4fa4-a97d-d965ccfc6d4b" outcome="Passed" testListId="8c84fa94-04c1-424b-9868-57a2d4851a1d" relativeResultsDirectory="c20ce715-b847-45f0-aa79-e613ea1f131f" />
    <UnitTestResult executionId="ff1a842d-2252-4282-b148-b86a64a489c8" testId="ce44940c-50be-b7ab-4e00-61b9f154d25c" testName="RangeSingleEdit_EnterLargeNumber_EditFieldAutosizedAndCentered" computerName="DKSR-EFI-04" duration="00:00:00.0979156" startTime="2023-12-22T09:33:47.9761954+01:00" endTime="2023-12-22T09:33:48.1435258+01:00" testType="13cdc9d9-ddb5-4fa4-a97d-d965ccfc6d4b" outcome="Passed" testListId="8c84fa94-04c1-424b-9868-57a2d4851a1d" relativeResultsDirectory="ff1a842d-2252-4282-b148-b86a64a489c8" />
    <UnitTestResult executionId="a02525c8-4d2a-4204-abb4-09ec075c48ec" testId="6149a481-7ba1-ce8d-da96-1adf4aeb4783" testName="ItemHolderSelectedToggleButton_CheckedChanged" computerName="DKSR-EFI-04" duration="00:00:00.0094215" startTime="2023-12-22T09:34:03.2914926+01:00" endTime="2023-12-22T09:34:03.3703923+01:00" testType="13cdc9d9-ddb5-4fa4-a97d-d965ccfc6d4b" outcome="Passed" testListId="8c84fa94-04c1-424b-9868-57a2d4851a1d" relativeResultsDirectory="a02525c8-4d2a-4204-abb4-09ec075c48ec" />
    <UnitTestResult executionId="7779fa13-a1a1-4d56-8dc7-80ac4b8f948e" testId="dbbf39a1-557e-8113-cb77-f2aa3140bfbd" testName="ItemHolder_MouseOver_Success" computerName="DKSR-EFI-04" duration="00:00:00.1317050" startTime="2023-12-22T09:34:04.7299742+01:00" endTime="2023-12-22T09:34:04.9631283+01:00" testType="13cdc9d9-ddb5-4fa4-a97d-d965ccfc6d4b" outcome="Passed" testListId="8c84fa94-04c1-424b-9868-57a2d4851a1d" relativeResultsDirectory="7779fa13-a1a1-4d56-8dc7-80ac4b8f948e" />
    <UnitTestResult executionId="9a10e027-68b7-4ca4-a746-874edb6fa8b5" testId="4a3a4767-2fcd-8cd1-559f-f87bde132fcc" testName="RoundToMillisecond_Nearest" computerName="DKSR-EFI-04" duration="00:00:00.0009104" startTime="2023-12-22T09:34:02.3953949+01:00" endTime="2023-12-22T09:34:02.3964951+01:00" testType="13cdc9d9-ddb5-4fa4-a97d-d965ccfc6d4b" outcome="Passed" testListId="8c84fa94-04c1-424b-9868-57a2d4851a1d" relativeResultsDirectory="9a10e027-68b7-4ca4-a746-874edb6fa8b5" />
    <UnitTestResult executionId="77829c4c-7af6-4a1b-98b0-2a5276a9415e" testId="3310872c-02b1-3a9f-d890-3c3dc06b553c" testName="ToastOnToastRemoved_ToastRemoved_Success" computerName="DKSR-EFI-04" duration="00:00:00.0185928" startTime="2023-12-22T09:33:43.8389760+01:00" endTime="2023-12-22T09:33:43.8577439+01:00" testType="13cdc9d9-ddb5-4fa4-a97d-d965ccfc6d4b" outcome="Passed" testListId="8c84fa94-04c1-424b-9868-57a2d4851a1d" relativeResultsDirectory="77829c4c-7af6-4a1b-98b0-2a5276a9415e" />
    <UnitTestResult executionId="397f2097-ecfe-4fa4-be28-5016f123144e" testId="0ee94363-92bd-eb3e-d7fb-92ad8f9a8087" testName="GetStates_SessionStarted_NoStates" computerName="DKSR-EFI-04" duration="00:00:00.0011122" startTime="2023-12-22T09:34:12.2087279+01:00" endTime="2023-12-22T09:34:12.2100130+01:00" testType="13cdc9d9-ddb5-4fa4-a97d-d965ccfc6d4b" outcome="Passed" testListId="8c84fa94-04c1-424b-9868-57a2d4851a1d" relativeResultsDirectory="397f2097-ecfe-4fa4-be28-5016f123144e" />
    <UnitTestResult executionId="41479207-6a5d-49ac-8a8e-79bed2cb97e7" testId="97ed5bad-2fed-e9d4-6d6f-bad924a904de" testName="GetStates_NoSessionStarted_NoSession" computerName="DKSR-EFI-04" duration="00:00:00.0010173" startTime="2023-12-22T09:34:12.2119459+01:00" endTime="2023-12-22T09:34:12.2131241+01:00" testType="13cdc9d9-ddb5-4fa4-a97d-d965ccfc6d4b" outcome="Passed" testListId="8c84fa94-04c1-424b-9868-57a2d4851a1d" relativeResultsDirectory="41479207-6a5d-49ac-8a8e-79bed2cb97e7" />
    <UnitTestResult executionId="e0b06ea9-0354-4ca6-98b9-a87acfaa524c" testId="a77657a1-a493-b15e-b5c4-9e5ce796a8ee" testName="MouseLeftButtonUp_ShouldNotInvokeClickHandlerAfterDelay_WhenNoDoubleClickIsDetectedAndMouseIsNotDirectlyOver" computerName="DKSR-EFI-04" duration="00:00:00.0035738" startTime="2023-12-22T09:34:11.6820963+01:00" endTime="2023-12-22T09:34:11.7477187+01:00" testType="13cdc9d9-ddb5-4fa4-a97d-d965ccfc6d4b" outcome="Passed" testListId="8c84fa94-04c1-424b-9868-57a2d4851a1d" relativeResultsDirectory="e0b06ea9-0354-4ca6-98b9-a87acfaa524c" />
    <UnitTestResult executionId="a9c9d52f-8ee5-4870-a87d-099ab68bdc84" testId="7f0c527e-e0ba-a3e5-7988-c20f8f846917" testName="OnPreviewKeyDown_Shift_Click_Select_ChangeSelection_Success" computerName="DKSR-EFI-04" duration="00:00:00.2373535" startTime="2023-12-22T09:34:10.1360863+01:00" endTime="2023-12-22T09:34:10.3849129+01:00" testType="13cdc9d9-ddb5-4fa4-a97d-d965ccfc6d4b" outcome="Passed" testListId="8c84fa94-04c1-424b-9868-57a2d4851a1d" relativeResultsDirectory="a9c9d52f-8ee5-4870-a87d-099ab68bdc84" />
    <UnitTestResult executionId="51d9f3aa-c9b0-4caa-a966-c1b69e6c96fb" testId="2e5f6fa9-36cf-588f-e363-93c7c6e15067" testName="Constructor_StateService_ArgumentNull_Thrown" computerName="DKSR-EFI-04" duration="00:00:00.0005457" startTime="2023-12-22T09:34:12.4577821+01:00" endTime="2023-12-22T09:34:12.4587312+01:00" testType="13cdc9d9-ddb5-4fa4-a97d-d965ccfc6d4b" outcome="Passed" testListId="8c84fa94-04c1-424b-9868-57a2d4851a1d" relativeResultsDirectory="51d9f3aa-c9b0-4caa-a966-c1b69e6c96fb" />
    <UnitTestResult executionId="1d18b692-f6f4-441b-ba03-75ff85e7d7af" testId="98ef8a3d-1657-a6ae-7eaf-dfb44be1b2e7" testName="GetStates_NoSessionStarted_NoSession" computerName="DKSR-EFI-04" duration="00:00:00.0009700" startTime="2023-12-22T09:34:12.4711817+01:00" endTime="2023-12-22T09:34:12.4723217+01:00" testType="13cdc9d9-ddb5-4fa4-a97d-d965ccfc6d4b" outcome="Passed" testListId="8c84fa94-04c1-424b-9868-57a2d4851a1d" relativeResultsDirectory="1d18b692-f6f4-441b-ba03-75ff85e7d7af" />
    <UnitTestResult executionId="2cbcf181-d608-4333-a319-a63f73f83a7d" testId="70886465-8a9c-f3a3-e66e-9c4d9f1e425f" testName="TileStateBecomesDefinedIfInputStateIsDefined" computerName="DKSR-EFI-04" duration="00:00:00.0010862" startTime="2023-12-22T09:33:52.4689958+01:00" endTime="2023-12-22T09:33:52.4963365+01:00" testType="13cdc9d9-ddb5-4fa4-a97d-d965ccfc6d4b" outcome="Passed" testListId="8c84fa94-04c1-424b-9868-57a2d4851a1d" relativeResultsDirectory="2cbcf181-d608-4333-a319-a63f73f83a7d" />
    <UnitTestResult executionId="9787fdad-ba18-4da1-8593-9605bd8efc56" testId="223a2e32-2c68-23be-9c45-d825c6cf4171" testName="Constructor_ShouldCreateEmptyTree_WhenUnitsHaveNoParent" computerName="DKSR-EFI-04" duration="00:00:00.3984166" startTime="2023-12-22T09:33:42.8469646+01:00" endTime="2023-12-22T09:33:43.2457440+01:00" testType="13cdc9d9-ddb5-4fa4-a97d-d965ccfc6d4b" outcome="Passed" testListId="8c84fa94-04c1-424b-9868-57a2d4851a1d" relativeResultsDirectory="9787fdad-ba18-4da1-8593-9605bd8efc56" />
    <UnitTestResult executionId="365d70dc-3231-4728-858a-815c7c36efb3" testId="5faaddbc-e454-1cad-1ea4-51f228dc32db" testName="SingleServerMustReturnDisplayNameAsEntityName" computerName="DKSR-EFI-04" duration="00:00:00.0412194" startTime="2023-12-22T09:33:52.5420325+01:00" endTime="2023-12-22T09:33:52.5837038+01:00" testType="13cdc9d9-ddb5-4fa4-a97d-d965ccfc6d4b" outcome="Passed" testListId="8c84fa94-04c1-424b-9868-57a2d4851a1d" relativeResultsDirectory="365d70dc-3231-4728-858a-815c7c36efb3" />
    <UnitTestResult executionId="cd3abe9b-4b3e-4d0f-88a7-17161d54e608" testId="da2d2e18-01f0-acb5-e8f2-d394d1e9d5f0" testName="AuthenticationWindowsDefault_SetProperties_Success" computerName="DKSR-EFI-04" duration="00:00:00.0008171" startTime="2023-12-22T09:34:12.5087014+01:00" endTime="2023-12-22T09:34:12.5096986+01:00" testType="13cdc9d9-ddb5-4fa4-a97d-d965ccfc6d4b" outcome="Passed" testListId="8c84fa94-04c1-424b-9868-57a2d4851a1d" relativeResultsDirectory="cd3abe9b-4b3e-4d0f-88a7-17161d54e608" />
    <UnitTestResult executionId="34cb3edf-1753-4fa4-ad06-1a7e4088937f" testId="fb8d16f8-d393-a6c5-f7cb-47543546127a" testName="MouseDown_OverLeftRangeBar_RangeMaxUpdated" computerName="DKSR-EFI-04" duration="00:00:00.2068214" startTime="2023-12-22T09:33:47.3968714+01:00" endTime="2023-12-22T09:33:47.6473189+01:00" testType="13cdc9d9-ddb5-4fa4-a97d-d965ccfc6d4b" outcome="Passed" testListId="8c84fa94-04c1-424b-9868-57a2d4851a1d" relativeResultsDirectory="34cb3edf-1753-4fa4-ad06-1a7e4088937f" />
    <UnitTestResult executionId="22a7cb24-9a94-4160-af97-d72b99619024" testId="0cb85e0d-e620-5ffd-3a6f-c0a03dbcffb6" testName="ShowDialogScaledHorizontalCenter_EnsureWithinScreen_100Percent_Scaling" computerName="DKSR-EFI-04" duration="00:00:00.0079373" startTime="2023-12-22T09:34:02.6884061+01:00" endTime="2023-12-22T09:34:02.7310858+01:00" testType="13cdc9d9-ddb5-4fa4-a97d-d965ccfc6d4b" outcome="Passed" testListId="8c84fa94-04c1-424b-9868-57a2d4851a1d" relativeResultsDirectory="22a7cb24-9a94-4160-af97-d72b99619024" />
    <UnitTestResult executionId="e66208ba-14ab-4f6b-9339-cefdf0773b98" testId="c852d483-d9e0-2c2b-b9c0-ac3a615cecaf" testName="IsFailover_IsFailover" computerName="DKSR-EFI-04" duration="00:00:00.0004844" startTime="2023-12-22T09:34:11.5490356+01:00" endTime="2023-12-22T09:34:11.5499314+01:00" testType="13cdc9d9-ddb5-4fa4-a97d-d965ccfc6d4b" outcome="Passed" testListId="8c84fa94-04c1-424b-9868-57a2d4851a1d" relativeResultsDirectory="e66208ba-14ab-4f6b-9339-cefdf0773b98" />
    <UnitTestResult executionId="9f2cdb6a-60ca-4d62-8588-197c4575d5a0" testId="e245fb45-69ee-13c5-5051-f3d423a730df" testName="Add_Child_Success" computerName="DKSR-EFI-04" duration="00:00:00.0027265" startTime="2023-12-22T09:34:03.5368727+01:00" endTime="2023-12-22T09:34:03.5427373+01:00" testType="13cdc9d9-ddb5-4fa4-a97d-d965ccfc6d4b" outcome="Passed" testListId="8c84fa94-04c1-424b-9868-57a2d4851a1d" relativeResultsDirectory="9f2cdb6a-60ca-4d62-8588-197c4575d5a0" />
    <UnitTestResult executionId="2855fe16-6e2e-4f5d-a722-c8874a6d5b64" testId="a4ebc8c3-3a4e-4ab1-e6c5-04365965ee9e" testName="Constructor_StateService_ArgumentNull_Thrown" computerName="DKSR-EFI-04" duration="00:00:00.0006993" startTime="2023-12-22T09:34:12.2060354+01:00" endTime="2023-12-22T09:34:12.2070916+01:00" testType="13cdc9d9-ddb5-4fa4-a97d-d965ccfc6d4b" outcome="Passed" testListId="8c84fa94-04c1-424b-9868-57a2d4851a1d" relativeResultsDirectory="2855fe16-6e2e-4f5d-a722-c8874a6d5b64" />
    <UnitTestResult executionId="9bfa094a-60a9-4257-8891-42fec0b27125" testId="1eb83994-41a5-06de-d18f-7e1407514b78" testName="SequenceEqualIgnoreOrder_EqualCollectionsOrderedDifferently_IgnoreOrder_SymmetricalTrueResult" computerName="DKSR-EFI-04" duration="00:00:00.0002233" startTime="2023-12-22T09:34:02.5223573+01:00" endTime="2023-12-22T09:34:02.5227530+01:00" testType="13cdc9d9-ddb5-4fa4-a97d-d965ccfc6d4b" outcome="Passed" testListId="8c84fa94-04c1-424b-9868-57a2d4851a1d" relativeResultsDirectory="9bfa094a-60a9-4257-8891-42fec0b27125" />
    <UnitTestResult executionId="227b70c2-2ab3-4ef6-97e8-52d70c5639af" testId="f182b61b-da52-b9d6-afe0-3488a377d621" testName="TooltipServiceWarning_Failover_UnknownTriggerValue" computerName="DKSR-EFI-04" duration="00:00:00.0003175" startTime="2023-12-22T09:34:11.5466940+01:00" endTime="2023-12-22T09:34:11.5472825+01:00" testType="13cdc9d9-ddb5-4fa4-a97d-d965ccfc6d4b" outcome="Passed" testListId="8c84fa94-04c1-424b-9868-57a2d4851a1d" relativeResultsDirectory="227b70c2-2ab3-4ef6-97e8-52d70c5639af" />
    <UnitTestResult executionId="19749693-05f9-4488-9a5f-d6846683bb5a" testId="b6fd8020-db5d-f64a-77cc-9352b31e97f8" testName="SequenceEquals_EqualCollectionsOrderedDifferently_IgnoreOrder_SymmetricalTrueResult" computerName="DKSR-EFI-04" duration="00:00:00.0002230" startTime="2023-12-22T09:34:02.3184508+01:00" endTime="2023-12-22T09:34:02.3188381+01:00" testType="13cdc9d9-ddb5-4fa4-a97d-d965ccfc6d4b" outcome="Passed" testListId="8c84fa94-04c1-424b-9868-57a2d4851a1d" relativeResultsDirectory="19749693-05f9-4488-9a5f-d6846683bb5a" />
    <UnitTestResult executionId="a7b8891a-f42b-44b5-96eb-c02b891b7afb" testId="bcf043e2-e23c-d4b1-e8df-ddcfaf2c6564" testName="IntersectWithTest" computerName="DKSR-EFI-04" duration="00:00:00.0018826" startTime="2023-12-22T09:33:42.8442089+01:00" endTime="2023-12-22T09:33:42.8462703+01:00" testType="13cdc9d9-ddb5-4fa4-a97d-d965ccfc6d4b" outcome="Passed" testListId="8c84fa94-04c1-424b-9868-57a2d4851a1d" relativeResultsDirectory="a7b8891a-f42b-44b5-96eb-c02b891b7afb" />
    <UnitTestResult executionId="582436c9-f4fe-4424-a8ba-2515ab738944" testId="800a9cc5-fc26-2bf4-fde7-906d76a2a91c" testName="AddToast_ExistingToast_Success" computerName="DKSR-EFI-04" duration="00:00:00.0044104" startTime="2023-12-22T09:33:43.8296959+01:00" endTime="2023-12-22T09:33:43.8343099+01:00" testType="13cdc9d9-ddb5-4fa4-a97d-d965ccfc6d4b" outcome="Passed" testListId="8c84fa94-04c1-424b-9868-57a2d4851a1d" relativeResultsDirectory="582436c9-f4fe-4424-a8ba-2515ab738944" />
    <UnitTestResult executionId="34a9cae4-85e4-41f6-a0b7-06dd6984d7f5" testId="661c40ac-bb0a-5c56-01a5-d53b34f19b38" testName="Create_RecycledItemAlreadyBeingReused_Success" computerName="DKSR-EFI-04" duration="00:00:00.0006876" startTime="2023-12-22T09:33:43.3528037+01:00" endTime="2023-12-22T09:33:43.3536565+01:00" testType="13cdc9d9-ddb5-4fa4-a97d-d965ccfc6d4b" outcome="Passed" testListId="8c84fa94-04c1-424b-9868-57a2d4851a1d" relativeResultsDirectory="34a9cae4-85e4-41f6-a0b7-06dd6984d7f5" />
    <UnitTestResult executionId="b47e995c-d29b-40d8-aabd-66244ed3053e" testId="ae5ac97e-8b8c-eeb7-7e79-fd8b61df6329" testName="Constructor_ShouldCreateTreeOfDepth1_WhenUnitsHaveNoParentButToplevelNodesAreSet" computerName="DKSR-EFI-04" duration="00:00:00.0258044" startTime="2023-12-22T09:33:43.2465297+01:00" endTime="2023-12-22T09:33:43.2725168+01:00" testType="13cdc9d9-ddb5-4fa4-a97d-d965ccfc6d4b" outcome="Passed" testListId="8c84fa94-04c1-424b-9868-57a2d4851a1d" relativeResultsDirectory="b47e995c-d29b-40d8-aabd-66244ed3053e" />
    <UnitTestResult executionId="6bec1354-5bbf-4eaf-8819-8b4c8834b042" testId="d757e934-8867-a54c-c93f-b9b8e2d4f452" testName="ArrangeOverride__6child_EnoughSpace__NotShrunk" computerName="DKSR-EFI-04" duration="00:00:00.0107154" startTime="2023-12-22T09:33:48.6662767+01:00" endTime="2023-12-22T09:33:48.7550529+01:00" testType="13cdc9d9-ddb5-4fa4-a97d-d965ccfc6d4b" outcome="Passed" testListId="8c84fa94-04c1-424b-9868-57a2d4851a1d" relativeResultsDirectory="6bec1354-5bbf-4eaf-8819-8b4c8834b042">
      <Output>
        <StdOut>Debug Trace:&#xD;
offsets: 0, 21, 62, 120, 121, 141&#xD;
widths: 11, 31, 48, 0, 11, 48</StdOut>
      </Output>
    </UnitTestResult>
    <UnitTestResult executionId="2f8f0ee2-b4d2-4e28-a5b7-e90b5ddba429" testId="bad298ac-94ba-545f-f256-1e42ffa5b7b5" testName="TileStateMustRemainUnchangedByHostOnlineAndServiceAvailableStateChanges" computerName="DKSR-EFI-04" duration="00:00:00.0023255" startTime="2023-12-22T09:33:52.4111996+01:00" endTime="2023-12-22T09:33:52.4678598+01:00" testType="13cdc9d9-ddb5-4fa4-a97d-d965ccfc6d4b" outcome="Passed" testListId="8c84fa94-04c1-424b-9868-57a2d4851a1d" relativeResultsDirectory="2f8f0ee2-b4d2-4e28-a5b7-e90b5ddba429" />
    <UnitTestResult executionId="b27d5609-1439-4616-897f-d2e77f6b66f1" testId="b8abe570-968b-bdd1-9711-285d9d0a6ba1" testName="Changing_Items_In_The_Middle_Works" computerName="DKSR-EFI-04" duration="00:00:00.0012137" startTime="2023-12-22T09:34:02.3326024+01:00" endTime="2023-12-22T09:34:02.3339894+01:00" testType="13cdc9d9-ddb5-4fa4-a97d-d965ccfc6d4b" outcome="Passed" testListId="8c84fa94-04c1-424b-9868-57a2d4851a1d" relativeResultsDirectory="b27d5609-1439-4616-897f-d2e77f6b66f1" />
    <UnitTestResult executionId="ef3ffbe8-21ea-45f1-9dc9-a21abef5607d" testId="f9fd199c-9720-ab0c-f9a1-3482c7ab7054" testName="RemoveToast_NonExistingToast_DoesNotCrash" computerName="DKSR-EFI-04" duration="00:00:00.0010849" startTime="2023-12-22T09:33:43.8350489+01:00" endTime="2023-12-22T09:33:43.8363048+01:00" testType="13cdc9d9-ddb5-4fa4-a97d-d965ccfc6d4b" outcome="Passed" testListId="8c84fa94-04c1-424b-9868-57a2d4851a1d" relativeResultsDirectory="ef3ffbe8-21ea-45f1-9dc9-a21abef5607d" />
    <UnitTestResult executionId="73d10cd3-9763-4c0a-9ce2-586a0046d745" testId="52a29049-9c8e-815e-36f6-b6f14de4f7c1" testName="RemoveRange_FewItems_SuccessWithResetNotification" computerName="DKSR-EFI-04" duration="00:00:00.0016350" startTime="2023-12-22T09:34:11.4966443+01:00" endTime="2023-12-22T09:34:11.4985103+01:00" testType="13cdc9d9-ddb5-4fa4-a97d-d965ccfc6d4b" outcome="Passed" testListId="8c84fa94-04c1-424b-9868-57a2d4851a1d" relativeResultsDirectory="73d10cd3-9763-4c0a-9ce2-586a0046d745" />
    <UnitTestResult executionId="b3dd2856-d822-4761-a89f-8f75c84af24c" testId="3a11b55c-2e4b-9de3-e429-e8e4d5b33710" testName="MeasureCounters_SetsTheCorrectInitialGpuInformation" computerName="DKSR-EFI-04" duration="00:00:00.0019972" startTime="2023-12-22T09:34:02.2380686+01:00" endTime="2023-12-22T09:34:02.2402571+01:00" testType="13cdc9d9-ddb5-4fa4-a97d-d965ccfc6d4b" outcome="Passed" testListId="8c84fa94-04c1-424b-9868-57a2d4851a1d" relativeResultsDirectory="b3dd2856-d822-4761-a89f-8f75c84af24c" />
    <UnitTestResult executionId="58349980-3d26-4c11-922b-d4e699846b74" testId="f9581051-4325-f7fc-7cc2-b7b62afe7956" testName="MeasureOverride_NoChildEnoughSpace_NotShrunk" computerName="DKSR-EFI-04" duration="00:00:00.0126363" startTime="2023-12-22T09:33:48.2723025+01:00" endTime="2023-12-22T09:33:48.3123473+01:00" testType="13cdc9d9-ddb5-4fa4-a97d-d965ccfc6d4b" outcome="Passed" testListId="8c84fa94-04c1-424b-9868-57a2d4851a1d" relativeResultsDirectory="58349980-3d26-4c11-922b-d4e699846b74" />
    <UnitTestResult executionId="5895f079-ec29-405a-b88b-50d941b145c1" testId="6ff49ce2-6c5f-2d12-78c5-d9fccb402e88" testName="RemoveToast_ExistingToast_Success" computerName="DKSR-EFI-04" duration="00:00:00.0012383" startTime="2023-12-22T09:33:43.8369715+01:00" endTime="2023-12-22T09:33:43.8383641+01:00" testType="13cdc9d9-ddb5-4fa4-a97d-d965ccfc6d4b" outcome="Passed" testListId="8c84fa94-04c1-424b-9868-57a2d4851a1d" relativeResultsDirectory="5895f079-ec29-405a-b88b-50d941b145c1" />
    <UnitTestResult executionId="3db245c0-ab5b-4272-a939-36dbddfdf572" testId="8830f43b-5d5e-0d90-f334-a1cf125e39b1" testName="SubstractTest" computerName="DKSR-EFI-04" duration="00:00:00.0023329" startTime="2023-12-22T09:33:42.8372487+01:00" endTime="2023-12-22T09:33:42.8398074+01:00" testType="13cdc9d9-ddb5-4fa4-a97d-d965ccfc6d4b" outcome="Passed" testListId="8c84fa94-04c1-424b-9868-57a2d4851a1d" relativeResultsDirectory="3db245c0-ab5b-4272-a939-36dbddfdf572" />
    <UnitTestResult executionId="45e605d2-5adb-433d-9165-66382893099c" testId="1c24a4c8-79d9-1a7e-b3df-8a6211e695a8" testName="OnPreviewKeyDown_RightShift_Click_Select_Success" computerName="DKSR-EFI-04" duration="00:00:00.2353145" startTime="2023-12-22T09:34:09.5373371+01:00" endTime="2023-12-22T09:34:09.8146074+01:00" testType="13cdc9d9-ddb5-4fa4-a97d-d965ccfc6d4b" outcome="Passed" testListId="8c84fa94-04c1-424b-9868-57a2d4851a1d" relativeResultsDirectory="45e605d2-5adb-433d-9165-66382893099c" />
    <UnitTestResult executionId="202d8899-1607-4af1-98cb-c96cdfba3a11" testId="4cc8300a-eeed-c2e1-d868-e1046399c3e2" testName="TileNewStateGetsAddedAndCurrentStatesGetUpdatedIfCurrentStatesIsNullAndNewStateIsNotUndefined" computerName="DKSR-EFI-04" duration="00:00:00.0023930" startTime="2023-12-22T09:33:52.3027555+01:00" endTime="2023-12-22T09:33:52.3455301+01:00" testType="13cdc9d9-ddb5-4fa4-a97d-d965ccfc6d4b" outcome="Passed" testListId="8c84fa94-04c1-424b-9868-57a2d4851a1d" relativeResultsDirectory="202d8899-1607-4af1-98cb-c96cdfba3a11" />
    <UnitTestResult executionId="9de95d5e-d6ee-484e-9622-29677f26803c" testId="517e03e4-4abb-9810-ab6e-fc1b74f3e022" testName="GetDoubleValueOrDefault_KeyFound_ValueReturned" computerName="DKSR-EFI-04" duration="00:00:00.0002305" startTime="2023-12-22T09:34:12.1244160+01:00" endTime="2023-12-22T09:34:12.1248133+01:00" testType="13cdc9d9-ddb5-4fa4-a97d-d965ccfc6d4b" outcome="Passed" testListId="8c84fa94-04c1-424b-9868-57a2d4851a1d" relativeResultsDirectory="9de95d5e-d6ee-484e-9622-29677f26803c" />
    <UnitTestResult executionId="5c43bf4f-1525-4c7b-a142-045d3d15d71b" testId="a0254ac5-3cdd-5371-614b-9e5a2dd1e775" testName="Finds_Rule_With_Context" computerName="DKSR-EFI-04" duration="00:00:00.0021358" startTime="2023-12-22T09:34:02.3565951+01:00" endTime="2023-12-22T09:34:02.3823780+01:00" testType="13cdc9d9-ddb5-4fa4-a97d-d965ccfc6d4b" outcome="Passed" testListId="8c84fa94-04c1-424b-9868-57a2d4851a1d" relativeResultsDirectory="5c43bf4f-1525-4c7b-a142-045d3d15d71b" />
    <UnitTestResult executionId="363a9e7d-8520-4c1f-8716-33371c7be703" testId="77b841d2-c43a-4070-249a-23480e6bd29c" testName="MouseDrag_RangeMaxLessRangeMin_DataInvariantIsOK" computerName="DKSR-EFI-04" duration="00:00:00.1065808" startTime="2023-12-22T09:33:46.5676913+01:00" endTime="2023-12-22T09:33:46.7705647+01:00" testType="13cdc9d9-ddb5-4fa4-a97d-d965ccfc6d4b" outcome="Passed" testListId="8c84fa94-04c1-424b-9868-57a2d4851a1d" relativeResultsDirectory="363a9e7d-8520-4c1f-8716-33371c7be703" />
    <UnitTestResult executionId="6e3e25d3-9c5f-49df-9d08-6f119a1dc91c" testId="57b6d097-e9d6-3704-ff59-5ba052e3b406" testName="ExtensionBeginInvokeNoParamTest" computerName="DKSR-EFI-04" duration="00:00:00.0197849" startTime="2023-12-22T09:33:42.5947441+01:00" endTime="2023-12-22T09:33:42.6147461+01:00" testType="13cdc9d9-ddb5-4fa4-a97d-d965ccfc6d4b" outcome="Passed" testListId="8c84fa94-04c1-424b-9868-57a2d4851a1d" relativeResultsDirectory="6e3e25d3-9c5f-49df-9d08-6f119a1dc91c" />
    <UnitTestResult executionId="b99e224c-01a9-4991-94fd-c518160601a9" testId="ce743239-1b20-9584-c28b-8dc6a59dc3bb" testName="IsUnsecureConnectionAllowedForUser_ShouldReturnFalse_WhenNoUser" computerName="DKSR-EFI-04" duration="00:00:00.0005607" startTime="2023-12-22T09:34:12.6861208+01:00" endTime="2023-12-22T09:34:12.6868381+01:00" testType="13cdc9d9-ddb5-4fa4-a97d-d965ccfc6d4b" outcome="Passed" testListId="8c84fa94-04c1-424b-9868-57a2d4851a1d" relativeResultsDirectory="b99e224c-01a9-4991-94fd-c518160601a9" />
    <UnitTestResult executionId="13ee9a69-6763-4384-8c0b-094cc803554a" testId="3eb1bfa3-50f3-b918-d5a1-91e494194649" testName="GetImageSource_fallbackImageThrows_ExceptionIsThrown" computerName="DKSR-EFI-04" duration="00:00:00.0007851" startTime="2023-12-22T09:34:02.4940379+01:00" endTime="2023-12-22T09:34:02.4950804+01:00" testType="13cdc9d9-ddb5-4fa4-a97d-d965ccfc6d4b" outcome="Passed" testListId="8c84fa94-04c1-424b-9868-57a2d4851a1d" relativeResultsDirectory="13ee9a69-6763-4384-8c0b-094cc803554a" />
    <UnitTestResult executionId="e10f2fe9-99a4-4b31-9b3d-1c5075ad2fec" testId="24801bf2-63b2-04d1-d795-083a0ecbe814" testName="DrawControl_Success" computerName="DKSR-EFI-04" duration="00:00:00.0840038" startTime="2023-12-22T09:33:45.8680510+01:00" endTime="2023-12-22T09:33:45.9722058+01:00" testType="13cdc9d9-ddb5-4fa4-a97d-d965ccfc6d4b" outcome="Passed" testListId="8c84fa94-04c1-424b-9868-57a2d4851a1d" relativeResultsDirectory="e10f2fe9-99a4-4b31-9b3d-1c5075ad2fec" />
    <UnitTestResult executionId="f054763e-bc0b-4303-bbed-34282e028872" testId="406127ab-b342-e721-d286-823ee31b0fbc" testName="AuthenticationExternal_CopyConstructor_NullBaseAuth_Throws_ArgumentNullException" computerName="DKSR-EFI-04" duration="00:00:00.0004053" startTime="2023-12-22T09:34:12.5178580+01:00" endTime="2023-12-22T09:34:12.5184465+01:00" testType="13cdc9d9-ddb5-4fa4-a97d-d965ccfc6d4b" outcome="Passed" testListId="8c84fa94-04c1-424b-9868-57a2d4851a1d" relativeResultsDirectory="f054763e-bc0b-4303-bbed-34282e028872" />
    <UnitTestResult executionId="7742f6f7-d97c-4721-a991-ab6565dd61e1" testId="d6602b74-10ff-8e4a-a599-5e89f61e24aa" testName="DetermineScaledWindowLocationAndSize_AtPosition_100Percent_Scaling" computerName="DKSR-EFI-04" duration="00:00:00.0013770" startTime="2023-12-22T09:34:02.8855245+01:00" endTime="2023-12-22T09:34:02.8870802+01:00" testType="13cdc9d9-ddb5-4fa4-a97d-d965ccfc6d4b" outcome="Passed" testListId="8c84fa94-04c1-424b-9868-57a2d4851a1d" relativeResultsDirectory="7742f6f7-d97c-4721-a991-ab6565dd61e1" />
    <UnitTestResult executionId="0c7ffe2d-43c5-4be3-bcb1-bcb68a54ccae" testId="d2336b6f-ec47-a30f-6052-9d509a829189" testName="TestHistoryFileSetter" computerName="DKSR-EFI-04" duration="00:00:00.1055235" startTime="2023-12-22T09:34:12.5188952+01:00" endTime="2023-12-22T09:34:12.6248730+01:00" testType="13cdc9d9-ddb5-4fa4-a97d-d965ccfc6d4b" outcome="Passed" testListId="8c84fa94-04c1-424b-9868-57a2d4851a1d" relativeResultsDirectory="0c7ffe2d-43c5-4be3-bcb1-bcb68a54ccae" />
    <UnitTestResult executionId="33fc0bf6-78ba-434d-bfa2-e8af91515ee9" testId="c3eb088b-e534-d6fa-e2f7-38f7fde309c3" testName="SetTheSameCamAndDateTimeTwice" computerName="DKSR-EFI-04" duration="00:00:00.0006871" startTime="2023-12-22T09:33:49.7014082+01:00" endTime="2023-12-22T09:33:49.7022457+01:00" testType="13cdc9d9-ddb5-4fa4-a97d-d965ccfc6d4b" outcome="Passed" testListId="8c84fa94-04c1-424b-9868-57a2d4851a1d" relativeResultsDirectory="33fc0bf6-78ba-434d-bfa2-e8af91515ee9" />
    <UnitTestResult executionId="7bfba3d4-8343-43db-9a36-dfa2ba208891" testId="84bf38e9-9144-dc3f-3fbb-788aeff94918" testName="AddNullToast_Failure_WithArgumentNullException" computerName="DKSR-EFI-04" duration="00:00:00.0010758" startTime="2023-12-22T09:34:03.0512543+01:00" endTime="2023-12-22T09:34:03.0525989+01:00" testType="13cdc9d9-ddb5-4fa4-a97d-d965ccfc6d4b" outcome="Passed" testListId="8c84fa94-04c1-424b-9868-57a2d4851a1d" relativeResultsDirectory="7bfba3d4-8343-43db-9a36-dfa2ba208891" />
    <UnitTestResult executionId="fe065faa-7eed-4cdc-a587-fa0b4d90631d" testId="16ee0ac6-17eb-3505-339b-384a8e931cbc" testName="ThumbLoadedEventIsNotFiredUntilAllThumbsAreLoaded" computerName="DKSR-EFI-04" duration="00:00:00.7588567" startTime="2023-12-22T09:33:48.8992406+01:00" endTime="2023-12-22T09:33:49.6585612+01:00" testType="13cdc9d9-ddb5-4fa4-a97d-d965ccfc6d4b" outcome="Passed" testListId="8c84fa94-04c1-424b-9868-57a2d4851a1d" relativeResultsDirectory="fe065faa-7eed-4cdc-a587-fa0b4d90631d" />
    <UnitTestResult executionId="14d0265b-7fc8-4cdc-87ff-ac52fbe2d646" testId="93774d2d-144b-7040-611e-7e563672ebaa" testName="SaveToFile_ShouldSaveAllowUnsecureConnection_WhenAllowUnsecureIsTrue" computerName="DKSR-EFI-04" duration="00:00:00.0232894" startTime="2023-12-22T09:34:12.6429194+01:00" endTime="2023-12-22T09:34:12.6664159+01:00" testType="13cdc9d9-ddb5-4fa4-a97d-d965ccfc6d4b" outcome="Passed" testListId="8c84fa94-04c1-424b-9868-57a2d4851a1d" relativeResultsDirectory="14d0265b-7fc8-4cdc-87ff-ac52fbe2d646" />
    <UnitTestResult executionId="07d2b4fe-0e37-49e2-880f-daedcd9018a1" testId="7137fa11-d3cd-d2e9-1892-35a2bcf917d7" testName="MeasureCounters_UpdatesCpuUsage_WithPercentage" computerName="DKSR-EFI-04" duration="00:00:09.6272080" startTime="2023-12-22T09:33:52.6070165+01:00" endTime="2023-12-22T09:34:02.2346874+01:00" testType="13cdc9d9-ddb5-4fa4-a97d-d965ccfc6d4b" outcome="Passed" testListId="8c84fa94-04c1-424b-9868-57a2d4851a1d" relativeResultsDirectory="07d2b4fe-0e37-49e2-880f-daedcd9018a1" />
    <UnitTestResult executionId="f516c9a8-c144-40b0-ae5e-00a3105ddd0d" testId="09ded2a6-c372-2eb2-ac00-fef2bebd4e6e" testName="TryCreateUri_ShouldReturnValidUri_WhenInputIsAbsoluteUri" computerName="DKSR-EFI-04" duration="00:00:00.0088335" startTime="2023-12-22T09:34:02.5923457+01:00" endTime="2023-12-22T09:34:02.6015609+01:00" testType="13cdc9d9-ddb5-4fa4-a97d-d965ccfc6d4b" outcome="Passed" testListId="8c84fa94-04c1-424b-9868-57a2d4851a1d" relativeResultsDirectory="f516c9a8-c144-40b0-ae5e-00a3105ddd0d" />
    <UnitTestResult executionId="2cf71139-5c56-4434-b1f8-ecbf3f7284f2" testId="90cfc5f0-b7f9-31e3-d21a-be242b733ee9" testName="SingleServerMustSetDisplayNameDeletedServerTextIfItDoesNotExist" computerName="DKSR-EFI-04" duration="00:00:00.0014989" startTime="2023-12-22T09:33:52.5864638+01:00" endTime="2023-12-22T09:33:52.5880715+01:00" testType="13cdc9d9-ddb5-4fa4-a97d-d965ccfc6d4b" outcome="Passed" testListId="8c84fa94-04c1-424b-9868-57a2d4851a1d" relativeResultsDirectory="2cf71139-5c56-4434-b1f8-ecbf3f7284f2" />
    <UnitTestResult executionId="e3a633da-f240-472a-a6f4-a8969efd1ce0" testId="3c8c7252-b903-0c1c-e35f-58aec4759494" testName="RoundToHour_Nearest" computerName="DKSR-EFI-04" duration="00:00:00.0007427" startTime="2023-12-22T09:34:02.4100401+01:00" endTime="2023-12-22T09:34:02.4109547+01:00" testType="13cdc9d9-ddb5-4fa4-a97d-d965ccfc6d4b" outcome="Passed" testListId="8c84fa94-04c1-424b-9868-57a2d4851a1d" relativeResultsDirectory="e3a633da-f240-472a-a6f4-a8969efd1ce0" />
    <UnitTestResult executionId="7f0b7244-b8c5-492b-9e80-5263be2a0db4" testId="fe6a9027-ba74-76b9-9001-ff053b4242c3" testName="MeasureOverride_3childEnoughSpace_NotShrunk" computerName="DKSR-EFI-04" duration="00:00:00.0057700" startTime="2023-12-22T09:33:48.3610098+01:00" endTime="2023-12-22T09:33:48.3695496+01:00" testType="13cdc9d9-ddb5-4fa4-a97d-d965ccfc6d4b" outcome="Passed" testListId="8c84fa94-04c1-424b-9868-57a2d4851a1d" relativeResultsDirectory="7f0b7244-b8c5-492b-9e80-5263be2a0db4" />
    <UnitTestResult executionId="c9d88a58-cfbd-49fe-92d2-728e3d0ac7f2" testId="c9c040fb-43ed-370d-2782-b2d5defe722d" testName="EmptyConstructor_ShouldCreateDefaultSlide" computerName="DKSR-EFI-04" duration="00:00:00.0003867" startTime="2023-12-22T09:34:02.2774342+01:00" endTime="2023-12-22T09:34:02.2779948+01:00" testType="13cdc9d9-ddb5-4fa4-a97d-d965ccfc6d4b" outcome="Passed" testListId="8c84fa94-04c1-424b-9868-57a2d4851a1d" relativeResultsDirectory="c9d88a58-cfbd-49fe-92d2-728e3d0ac7f2" />
    <UnitTestResult executionId="deec336a-292f-49d9-868c-4f0fe5604892" testId="5095d613-b74e-da81-c8c0-bc71c282beb3" testName="SequenceEquals_UnequalCollections_RespectOrder_SymmetricalTrueResult" computerName="DKSR-EFI-04" duration="00:00:00.0002025" startTime="2023-12-22T09:34:02.3135116+01:00" endTime="2023-12-22T09:34:02.3138781+01:00" testType="13cdc9d9-ddb5-4fa4-a97d-d965ccfc6d4b" outcome="Passed" testListId="8c84fa94-04c1-424b-9868-57a2d4851a1d" relativeResultsDirectory="deec336a-292f-49d9-868c-4f0fe5604892" />
    <UnitTestResult executionId="3774e51a-f413-47e0-be0f-e9c9b73ec2a6" testId="928f2455-6ebd-8ffd-8fc5-fc1e86ca64c0" testName="TooltipServiceWarning_Failover_None" computerName="DKSR-EFI-04" duration="00:00:00.0003631" startTime="2023-12-22T09:34:11.5384280+01:00" endTime="2023-12-22T09:34:11.5393445+01:00" testType="13cdc9d9-ddb5-4fa4-a97d-d965ccfc6d4b" outcome="Passed" testListId="8c84fa94-04c1-424b-9868-57a2d4851a1d" relativeResultsDirectory="3774e51a-f413-47e0-be0f-e9c9b73ec2a6" />
    <UnitTestResult executionId="166288bc-d77d-468a-9eac-97e388ccd9c8" testId="05ee0585-5324-c075-c884-eef61e6407ec" testName="Distinct" computerName="DKSR-EFI-04" duration="00:00:00.0019509" startTime="2023-12-22T09:34:02.4956780+01:00" endTime="2023-12-22T09:34:02.4979934+01:00" testType="13cdc9d9-ddb5-4fa4-a97d-d965ccfc6d4b" outcome="Passed" testListId="8c84fa94-04c1-424b-9868-57a2d4851a1d" relativeResultsDirectory="166288bc-d77d-468a-9eac-97e388ccd9c8" />
    <UnitTestResult executionId="e3ffc915-16a1-4ab4-9f92-204e3d7e35ab" testId="c6a10fb2-e3f8-d6eb-e921-0173f07aa1b5" testName="FormsControlScaledLocationAndSize_AnchorLeftAndTop_100Percent_Scaling" computerName="DKSR-EFI-04" duration="00:00:00.0011033" startTime="2023-12-22T09:34:02.8683528+01:00" endTime="2023-12-22T09:34:02.8696328+01:00" testType="13cdc9d9-ddb5-4fa4-a97d-d965ccfc6d4b" outcome="Passed" testListId="8c84fa94-04c1-424b-9868-57a2d4851a1d" relativeResultsDirectory="e3ffc915-16a1-4ab4-9f92-204e3d7e35ab" />
    <UnitTestResult executionId="e29a6299-f0c5-4aad-8651-ebb5dc439ae1" testId="f106274d-5d2d-5f08-6dad-6f5b4c7e2e4c" testName="OkEditTileEditsTile" computerName="DKSR-EFI-04" duration="00:00:00.0035161" startTime="2023-12-22T09:33:51.5024806+01:00" endTime="2023-12-22T09:33:51.7819782+01:00" testType="13cdc9d9-ddb5-4fa4-a97d-d965ccfc6d4b" outcome="Passed" testListId="8c84fa94-04c1-424b-9868-57a2d4851a1d" relativeResultsDirectory="e29a6299-f0c5-4aad-8651-ebb5dc439ae1" />
    <UnitTestResult executionId="c6a01b59-75e0-4df8-b67a-c5cfc0bd5b38" testId="958cf364-23eb-e2d5-f664-d61945c55467" testName="IsUnsecureConnectionAllowedForUser_ShouldReturnFalse_WhenAllowUnsecureIsInvalid" computerName="DKSR-EFI-04" duration="00:00:00.0005603" startTime="2023-12-22T09:34:12.6837368+01:00" endTime="2023-12-22T09:34:12.6844582+01:00" testType="13cdc9d9-ddb5-4fa4-a97d-d965ccfc6d4b" outcome="Passed" testListId="8c84fa94-04c1-424b-9868-57a2d4851a1d" relativeResultsDirectory="c6a01b59-75e0-4df8-b67a-c5cfc0bd5b38" />
    <UnitTestResult executionId="432acf9d-aa95-4e23-a95c-46e1b04f0531" testId="08927107-8d8c-0e18-84c3-bf6112c63fb2" testName="TileLayout_Focused_BorderBrushUpdated" computerName="DKSR-EFI-04" duration="00:00:00.0087139" startTime="2023-12-22T09:34:03.4251892+01:00" endTime="2023-12-22T09:34:03.5065243+01:00" testType="13cdc9d9-ddb5-4fa4-a97d-d965ccfc6d4b" outcome="Passed" testListId="8c84fa94-04c1-424b-9868-57a2d4851a1d" relativeResultsDirectory="432acf9d-aa95-4e23-a95c-46e1b04f0531" />
    <UnitTestResult executionId="a948aa1f-cfaf-4c26-9928-083a7b44f1ba" testId="b452384b-46c9-9d28-fc42-8e46ec09f689" testName="MouseLeftButtonUp_ShouldInvokeClickHandlerAfterDelay_WhenNoDoubleClickIsDetectedAndMouseIsDirectlyOver" computerName="DKSR-EFI-04" duration="00:00:00.0467401" startTime="2023-12-22T09:34:11.5544531+01:00" endTime="2023-12-22T09:34:11.6804736+01:00" testType="13cdc9d9-ddb5-4fa4-a97d-d965ccfc6d4b" outcome="Passed" testListId="8c84fa94-04c1-424b-9868-57a2d4851a1d" relativeResultsDirectory="a948aa1f-cfaf-4c26-9928-083a7b44f1ba" />
    <UnitTestResult executionId="4dde61b8-4a4f-402f-9e1a-929d179bb404" testId="b64d692e-2bcf-ef81-2204-4e384a726323" testName="GetBoolValueOrDefault_WrongKeyValue_DefaultValueReturned" computerName="DKSR-EFI-04" duration="00:00:00.0001968" startTime="2023-12-22T09:34:12.1357680+01:00" endTime="2023-12-22T09:34:12.1361296+01:00" testType="13cdc9d9-ddb5-4fa4-a97d-d965ccfc6d4b" outcome="Passed" testListId="8c84fa94-04c1-424b-9868-57a2d4851a1d" relativeResultsDirectory="4dde61b8-4a4f-402f-9e1a-929d179bb404" />
    <UnitTestResult executionId="f155ce78-d7a2-43d0-bafd-39e8fc389eac" testId="33919fac-e25b-5982-05db-e9034087e4af" testName="AddToast_NullToast_Throws" computerName="DKSR-EFI-04" duration="00:00:00.2440163" startTime="2023-12-22T09:33:43.5715649+01:00" endTime="2023-12-22T09:33:43.8160612+01:00" testType="13cdc9d9-ddb5-4fa4-a97d-d965ccfc6d4b" outcome="Passed" testListId="8c84fa94-04c1-424b-9868-57a2d4851a1d" relativeResultsDirectory="f155ce78-d7a2-43d0-bafd-39e8fc389eac" />
    <UnitTestResult executionId="68d01ceb-dac3-4157-b9dd-000c68147a54" testId="2bf7024d-c9a8-0f52-01c6-a02fd7b7c6c8" testName="SequenceEqualIgnoreOrder_OneCollectionWithDuplicateElementOrderedDifferently_IgnoreOrder_SymmetricalFalseResult" computerName="DKSR-EFI-04" duration="00:00:00.0002054" startTime="2023-12-22T09:34:02.5240422+01:00" endTime="2023-12-22T09:34:02.5244212+01:00" testType="13cdc9d9-ddb5-4fa4-a97d-d965ccfc6d4b" outcome="Passed" testListId="8c84fa94-04c1-424b-9868-57a2d4851a1d" relativeResultsDirectory="68d01ceb-dac3-4157-b9dd-000c68147a54" />
    <UnitTestResult executionId="7f38bea1-2039-4975-9b01-596d56de2254" testId="82fcf867-5749-9edd-5c4f-4e3b8b6ee0a4" testName="ExtensionBeginInvokeOneParamTest" computerName="DKSR-EFI-04" duration="00:00:00.0327635" startTime="2023-12-22T09:33:42.6157187+01:00" endTime="2023-12-22T09:33:42.6490709+01:00" testType="13cdc9d9-ddb5-4fa4-a97d-d965ccfc6d4b" outcome="Passed" testListId="8c84fa94-04c1-424b-9868-57a2d4851a1d" relativeResultsDirectory="7f38bea1-2039-4975-9b01-596d56de2254" />
    <UnitTestResult executionId="65d0edf2-462d-4af0-9507-0ad1758dcc96" testId="8c9d0f43-0c95-b12f-4abf-b89bea8f7dec" testName="RoundToMinute_Nearest" computerName="DKSR-EFI-04" duration="00:00:00.0007527" startTime="2023-12-22T09:34:02.4052686+01:00" endTime="2023-12-22T09:34:02.4061744+01:00" testType="13cdc9d9-ddb5-4fa4-a97d-d965ccfc6d4b" outcome="Passed" testListId="8c84fa94-04c1-424b-9868-57a2d4851a1d" relativeResultsDirectory="65d0edf2-462d-4af0-9507-0ad1758dcc96" />
    <UnitTestResult executionId="36d43459-22ad-4a08-ad18-1a5453559ce7" testId="3a338b5e-ca33-280e-31b5-7634bd32733f" testName="CacheCanBeResetTest" computerName="DKSR-EFI-04" duration="00:00:00.0002875" startTime="2023-12-22T09:33:49.6836497+01:00" endTime="2023-12-22T09:33:49.6841180+01:00" testType="13cdc9d9-ddb5-4fa4-a97d-d965ccfc6d4b" outcome="Passed" testListId="8c84fa94-04c1-424b-9868-57a2d4851a1d" relativeResultsDirectory="36d43459-22ad-4a08-ad18-1a5453559ce7" />
    <UnitTestResult executionId="f30832bb-cc97-4fa7-b346-37b4e52642f1" testId="2f93e454-b30c-a78b-d137-5d738935ef23" testName="AllowUnsecureConnection_ShouldBeFalse_WhenAllowUnsecureIsInvalid" computerName="DKSR-EFI-04" duration="00:00:00.0021822" startTime="2023-12-22T09:34:12.6331697+01:00" endTime="2023-12-22T09:34:12.6355278+01:00" testType="13cdc9d9-ddb5-4fa4-a97d-d965ccfc6d4b" outcome="Passed" testListId="8c84fa94-04c1-424b-9868-57a2d4851a1d" relativeResultsDirectory="f30832bb-cc97-4fa7-b346-37b4e52642f1" />
    <UnitTestResult executionId="9e57787c-5015-4cb9-9749-03d4c0cd65f0" testId="bb65ea30-4ccc-91b1-efbb-715f93a6d534" testName="Constructor_StateService_ArgumentNull_Thrown" computerName="DKSR-EFI-04" duration="00:00:00.0425621" startTime="2023-12-22T09:34:12.1403880+01:00" endTime="2023-12-22T09:34:12.1833485+01:00" testType="13cdc9d9-ddb5-4fa4-a97d-d965ccfc6d4b" outcome="Passed" testListId="8c84fa94-04c1-424b-9868-57a2d4851a1d" relativeResultsDirectory="9e57787c-5015-4cb9-9749-03d4c0cd65f0" />
    <UnitTestResult executionId="3b6bb4b4-a4b4-4dc5-ae60-2777a1acfed8" testId="4ddfc6a2-cba3-9569-714c-b24431bc49c1" testName="DrawControl_ReapplyTemplate_Success" computerName="DKSR-EFI-04" duration="00:00:00.1357146" startTime="2023-12-22T09:33:45.9734019+01:00" endTime="2023-12-22T09:33:46.1970765+01:00" testType="13cdc9d9-ddb5-4fa4-a97d-d965ccfc6d4b" outcome="Passed" testListId="8c84fa94-04c1-424b-9868-57a2d4851a1d" relativeResultsDirectory="3b6bb4b4-a4b4-4dc5-ae60-2777a1acfed8" />
    <UnitTestResult executionId="e73848a8-688e-41e3-ad8e-fef0fc128e44" testId="af1fb9a2-8a78-6d8f-f175-66671f902a9b" testName="TooltipServiceWarning_EmptyServerType" computerName="DKSR-EFI-04" duration="00:00:00.0008476" startTime="2023-12-22T09:34:11.5145498+01:00" endTime="2023-12-22T09:34:11.5156419+01:00" testType="13cdc9d9-ddb5-4fa4-a97d-d965ccfc6d4b" outcome="Passed" testListId="8c84fa94-04c1-424b-9868-57a2d4851a1d" relativeResultsDirectory="e73848a8-688e-41e3-ad8e-fef0fc128e44" />
    <UnitTestResult executionId="0a69c68a-a69c-4b7a-8e9e-e540094df9eb" testId="9407802f-e3bb-717e-dfa6-c4f68e793c26" testName="Constructor_StateSessionHelper_ArgumentNull_Thrown" computerName="DKSR-EFI-04" duration="00:00:00.0003714" startTime="2023-12-22T09:34:12.4592505+01:00" endTime="2023-12-22T09:34:12.4598359+01:00" testType="13cdc9d9-ddb5-4fa4-a97d-d965ccfc6d4b" outcome="Passed" testListId="8c84fa94-04c1-424b-9868-57a2d4851a1d" relativeResultsDirectory="0a69c68a-a69c-4b7a-8e9e-e540094df9eb" />
    <UnitTestResult executionId="1a363776-f73c-485f-95c2-2da4c8cff430" testId="a3ace3b8-2cc6-88df-a94a-a9602ec1951a" testName="IsFailover_IsNotFailover" computerName="DKSR-EFI-04" duration="00:00:00.0001820" startTime="2023-12-22T09:34:11.5505859+01:00" endTime="2023-12-22T09:34:11.5509669+01:00" testType="13cdc9d9-ddb5-4fa4-a97d-d965ccfc6d4b" outcome="Passed" testListId="8c84fa94-04c1-424b-9868-57a2d4851a1d" relativeResultsDirectory="1a363776-f73c-485f-95c2-2da4c8cff430" />
    <UnitTestResult executionId="6cc336db-94bc-4fec-816f-496d397badf4" testId="eee8a259-a056-ce20-fd00-ef8675395c38" testName="SequenceEquals_NullCollection_IgnoreOrder_FalseResult" computerName="DKSR-EFI-04" duration="00:00:00.0001546" startTime="2023-12-22T09:34:02.3193454+01:00" endTime="2023-12-22T09:34:02.3196604+01:00" testType="13cdc9d9-ddb5-4fa4-a97d-d965ccfc6d4b" outcome="Passed" testListId="8c84fa94-04c1-424b-9868-57a2d4851a1d" relativeResultsDirectory="6cc336db-94bc-4fec-816f-496d397badf4" />
    <UnitTestResult executionId="0db285b9-472d-40e1-b01c-96a440bf986c" testId="035ef68b-c3bd-7b62-9eec-5a605eb83f8c" testName="RoundToMillisecond_RoundUp" computerName="DKSR-EFI-04" duration="00:00:00.0008444" startTime="2023-12-22T09:34:02.6182119+01:00" endTime="2023-12-22T09:34:02.6192647+01:00" testType="13cdc9d9-ddb5-4fa4-a97d-d965ccfc6d4b" outcome="Passed" testListId="8c84fa94-04c1-424b-9868-57a2d4851a1d" relativeResultsDirectory="0db285b9-472d-40e1-b01c-96a440bf986c" />
    <UnitTestResult executionId="e95ed8d2-3008-4c82-8cbd-7c8bef05f782" testId="a3cffcd5-ca5b-acfc-2c92-56cbd2780945" testName="RightMouseDown_InsideSelection_NothingChanges" computerName="DKSR-EFI-04" duration="00:00:00.0823516" startTime="2023-12-22T09:33:47.7322535+01:00" endTime="2023-12-22T09:33:47.8382372+01:00" testType="13cdc9d9-ddb5-4fa4-a97d-d965ccfc6d4b" outcome="Passed" testListId="8c84fa94-04c1-424b-9868-57a2d4851a1d" relativeResultsDirectory="e95ed8d2-3008-4c82-8cbd-7c8bef05f782" />
    <UnitTestResult executionId="93c56fa8-5c4d-4593-8e69-ffbb30c510ae" testId="06f7ab65-67b0-9ceb-7950-154a66e24a54" testName="IntersectOrdered_With_Key_Selector" computerName="DKSR-EFI-04" duration="00:00:00.0025085" startTime="2023-12-22T09:34:02.5155573+01:00" endTime="2023-12-22T09:34:02.5182520+01:00" testType="13cdc9d9-ddb5-4fa4-a97d-d965ccfc6d4b" outcome="Passed" testListId="8c84fa94-04c1-424b-9868-57a2d4851a1d" relativeResultsDirectory="93c56fa8-5c4d-4593-8e69-ffbb30c510ae" />
    <UnitTestResult executionId="3ae3565a-5d5c-48f2-8837-a4d943abd3e1" testId="da7d9a18-f239-39a4-8fc7-3bf5666ab8f3" testName="TooltipServiceWarning_Failover_LocalSSLError" computerName="DKSR-EFI-04" duration="00:00:00.0013905" startTime="2023-12-22T09:34:11.5303635+01:00" endTime="2023-12-22T09:34:11.5324732+01:00" testType="13cdc9d9-ddb5-4fa4-a97d-d965ccfc6d4b" outcome="Passed" testListId="8c84fa94-04c1-424b-9868-57a2d4851a1d" relativeResultsDirectory="3ae3565a-5d5c-48f2-8837-a4d943abd3e1" />
    <UnitTestResult executionId="fe196303-851c-4bbd-a371-6949b1818447" testId="db261fbf-eb7c-9161-ff1c-532a3db0f6a5" testName="UpTileThrowsIfTileNotInBox" computerName="DKSR-EFI-04" duration="00:00:00.0051762" startTime="2023-12-22T09:33:51.0244062+01:00" endTime="2023-12-22T09:33:51.0824598+01:00" testType="13cdc9d9-ddb5-4fa4-a97d-d965ccfc6d4b" outcome="Passed" testListId="8c84fa94-04c1-424b-9868-57a2d4851a1d" relativeResultsDirectory="fe196303-851c-4bbd-a371-6949b1818447" />
    <UnitTestResult executionId="ce82a5de-ff09-4b92-aa2b-b3d1abdf2f23" testId="126d2357-7090-a0c3-d4b1-34920ceb72d7" testName="ToastsCanEnterQueue_Success" computerName="DKSR-EFI-04" duration="00:00:00.0064431" startTime="2023-12-22T09:34:03.0243426+01:00" endTime="2023-12-22T09:34:03.0309905+01:00" testType="13cdc9d9-ddb5-4fa4-a97d-d965ccfc6d4b" outcome="Passed" testListId="8c84fa94-04c1-424b-9868-57a2d4851a1d" relativeResultsDirectory="ce82a5de-ff09-4b92-aa2b-b3d1abdf2f23" />
    <UnitTestResult executionId="f6a8d276-d694-4e07-8fa9-6ccbb691badb" testId="49da23cd-956c-d063-f00f-78019f6587a5" testName="ExtractItems_ShouldEmptyItemsControl_WhenAllItemsAreOfExtractedType" computerName="DKSR-EFI-04" duration="00:00:00.0159726" startTime="2023-12-22T09:34:02.5249132+01:00" endTime="2023-12-22T09:34:02.5838849+01:00" testType="13cdc9d9-ddb5-4fa4-a97d-d965ccfc6d4b" outcome="Passed" testListId="8c84fa94-04c1-424b-9868-57a2d4851a1d" relativeResultsDirectory="f6a8d276-d694-4e07-8fa9-6ccbb691badb" />
    <UnitTestResult executionId="87871f5b-5816-4af1-88e0-5ef072544d8b" testId="bd58f8d9-e6cb-76f7-101e-84475807384c" testName="TooltipServiceWarning_EmptyServer" computerName="DKSR-EFI-04" duration="00:00:00.0141273" startTime="2023-12-22T09:34:11.4990259+01:00" endTime="2023-12-22T09:34:11.5135996+01:00" testType="13cdc9d9-ddb5-4fa4-a97d-d965ccfc6d4b" outcome="Passed" testListId="8c84fa94-04c1-424b-9868-57a2d4851a1d" relativeResultsDirectory="87871f5b-5816-4af1-88e0-5ef072544d8b" />
    <UnitTestResult executionId="d9d531ee-2a9e-4b5a-aac9-99c9ae203753" testId="bc77ee0c-1b15-15e6-cc3d-5cb4ade23cbd" testName="Dismiss_ToastDismissed" computerName="DKSR-EFI-04" duration="00:00:00.0009328" startTime="2023-12-22T09:34:02.9111498+01:00" endTime="2023-12-22T09:34:02.9123945+01:00" testType="13cdc9d9-ddb5-4fa4-a97d-d965ccfc6d4b" outcome="Passed" testListId="8c84fa94-04c1-424b-9868-57a2d4851a1d" relativeResultsDirectory="d9d531ee-2a9e-4b5a-aac9-99c9ae203753" />
    <UnitTestResult executionId="7009df27-e60c-4a5c-90cd-0f3d95d84759" testId="7cbfb0f2-220f-3c70-4132-45e5c8965201" testName="Constructor_ShouldCreateDefaultSlide_WhenZeroSlidesGiven" computerName="DKSR-EFI-04" duration="00:00:00.0005981" startTime="2023-12-22T09:34:02.2761323+01:00" endTime="2023-12-22T09:34:02.2769372+01:00" testType="13cdc9d9-ddb5-4fa4-a97d-d965ccfc6d4b" outcome="Passed" testListId="8c84fa94-04c1-424b-9868-57a2d4851a1d" relativeResultsDirectory="7009df27-e60c-4a5c-90cd-0f3d95d84759" />
    <UnitTestResult executionId="4a5f8dd2-5396-4699-bd88-2cde670a118a" testId="4976d7df-aa75-dba7-69e7-9402402b4c8e" testName="GetThumbDependOnTheCamId" computerName="DKSR-EFI-04" duration="00:00:00.0003527" startTime="2023-12-22T09:33:49.6825197+01:00" endTime="2023-12-22T09:33:49.6830207+01:00" testType="13cdc9d9-ddb5-4fa4-a97d-d965ccfc6d4b" outcome="Passed" testListId="8c84fa94-04c1-424b-9868-57a2d4851a1d" relativeResultsDirectory="4a5f8dd2-5396-4699-bd88-2cde670a118a" />
    <UnitTestResult executionId="06ac30bd-b08a-4bdd-a698-92f48ab7dd2c" testId="e959378d-d0fd-4d49-0362-8d51b28a1ec4" testName="FormsControlScaledHeight_100Percent_Scaling" computerName="DKSR-EFI-04" duration="00:00:00.0009630" startTime="2023-12-22T09:34:02.8573230+01:00" endTime="2023-12-22T09:34:02.8585105+01:00" testType="13cdc9d9-ddb5-4fa4-a97d-d965ccfc6d4b" outcome="Passed" testListId="8c84fa94-04c1-424b-9868-57a2d4851a1d" relativeResultsDirectory="06ac30bd-b08a-4bdd-a698-92f48ab7dd2c" />
    <UnitTestResult executionId="6fb20bf4-6158-4414-a94d-f51ed979b809" testId="1b91abd4-9b99-9dc8-e442-fa99a1f0e332" testName="MouseLeftButtonUp_ShouldReleaseMouseCapture_WhenInvokingSingleClickHandlerDelayed" computerName="DKSR-EFI-04" duration="00:00:00.0038031" startTime="2023-12-22T09:34:11.7483632+01:00" endTime="2023-12-22T09:34:11.7941753+01:00" testType="13cdc9d9-ddb5-4fa4-a97d-d965ccfc6d4b" outcome="Passed" testListId="8c84fa94-04c1-424b-9868-57a2d4851a1d" relativeResultsDirectory="6fb20bf4-6158-4414-a94d-f51ed979b809" />
    <UnitTestResult executionId="a92b12d0-2d71-44cf-9942-db7030bf8ed1" testId="6302655b-61c8-7b0f-1cb8-2a78b11ff788" testName="GetStates_SessionStarted_WithStates" computerName="DKSR-EFI-04" duration="00:00:00.0024490" startTime="2023-12-22T09:34:12.1960234+01:00" endTime="2023-12-22T09:34:12.1986907+01:00" testType="13cdc9d9-ddb5-4fa4-a97d-d965ccfc6d4b" outcome="Passed" testListId="8c84fa94-04c1-424b-9868-57a2d4851a1d" relativeResultsDirectory="a92b12d0-2d71-44cf-9942-db7030bf8ed1" />
    <UnitTestResult executionId="f812adc7-8ec6-4eb5-8818-dd84244181b9" testId="9055d3e9-2242-b78d-4e5e-551084a63cc0" testName="FiresCorrectly" computerName="DKSR-EFI-04" duration="00:00:00.0025325" startTime="2023-12-22T09:34:02.3371703+01:00" endTime="2023-12-22T09:34:02.3399854+01:00" testType="13cdc9d9-ddb5-4fa4-a97d-d965ccfc6d4b" outcome="Passed" testListId="8c84fa94-04c1-424b-9868-57a2d4851a1d" relativeResultsDirectory="f812adc7-8ec6-4eb5-8818-dd84244181b9" />
    <UnitTestResult executionId="a3ff6b66-52a2-450f-bbb4-86248bbaa463" testId="f4aace76-8b78-d9f9-5c7e-a830773b46bd" testName="ConvertToTileStates_ArgumentNull_NotThrown" computerName="DKSR-EFI-04" duration="00:00:00.0001742" startTime="2023-12-22T09:34:12.4614459+01:00" endTime="2023-12-22T09:34:12.4617791+01:00" testType="13cdc9d9-ddb5-4fa4-a97d-d965ccfc6d4b" outcome="Passed" testListId="8c84fa94-04c1-424b-9868-57a2d4851a1d" relativeResultsDirectory="a3ff6b66-52a2-450f-bbb4-86248bbaa463" />
    <UnitTestResult executionId="4d30d899-d675-4a82-893c-ecaf38c6dffc" testId="133cb637-1f14-da6d-6e37-6a27375b1670" testName="ArrangeOverride__6child_AllMustShrinkAndRestore__AllAreShrunkAndRestored" computerName="DKSR-EFI-04" duration="00:00:00.0348913" startTime="2023-12-22T09:33:48.8341785+01:00" endTime="2023-12-22T09:33:48.8982433+01:00" testType="13cdc9d9-ddb5-4fa4-a97d-d965ccfc6d4b" outcome="Passed" testListId="8c84fa94-04c1-424b-9868-57a2d4851a1d" relativeResultsDirectory="4d30d899-d675-4a82-893c-ecaf38c6dffc">
      <Output>
        <StdOut>Debug Trace:&#xD;
offsets: 0, 31, 82, 123, 123, 164&#xD;
widths: 11, 31, 51, 0, 11, 51</StdOut>
      </Output>
    </UnitTestResult>
    <UnitTestResult executionId="a282b21d-d5ae-4f71-bd68-3847ef1d4847" testId="876bc370-09a2-ee34-0b46-51df5caf6b5d" testName="AddToast_NewToast_Success" computerName="DKSR-EFI-04" duration="00:00:00.0106792" startTime="2023-12-22T09:33:43.8180279+01:00" endTime="2023-12-22T09:33:43.8289446+01:00" testType="13cdc9d9-ddb5-4fa4-a97d-d965ccfc6d4b" outcome="Passed" testListId="8c84fa94-04c1-424b-9868-57a2d4851a1d" relativeResultsDirectory="a282b21d-d5ae-4f71-bd68-3847ef1d4847" />
    <UnitTestResult executionId="9e6c3e4c-8326-4046-b3b7-d5d258dfadf7" testId="e1c70711-e4bc-fec3-f088-e58c3b0e3088" testName="TileStateBecomesDefinedAsSoonAsOneCounterStateBecomesDefined" computerName="DKSR-EFI-04" duration="00:00:00.0032551" startTime="2023-12-22T09:33:52.3745935+01:00" endTime="2023-12-22T09:33:52.4105317+01:00" testType="13cdc9d9-ddb5-4fa4-a97d-d965ccfc6d4b" outcome="Passed" testListId="8c84fa94-04c1-424b-9868-57a2d4851a1d" relativeResultsDirectory="9e6c3e4c-8326-4046-b3b7-d5d258dfadf7" />
    <UnitTestResult executionId="8d4a4cc8-1012-408f-a2b8-8989035f9895" testId="732023ed-2a84-ce2e-e7c1-285eeae1c920" testName="OnPreviewKeyDown_LeftCtrl_A_UnselectAll_Success" computerName="DKSR-EFI-04" duration="00:00:00.1989356" startTime="2023-12-22T09:34:08.8487193+01:00" endTime="2023-12-22T09:34:09.0710181+01:00" testType="13cdc9d9-ddb5-4fa4-a97d-d965ccfc6d4b" outcome="Passed" testListId="8c84fa94-04c1-424b-9868-57a2d4851a1d" relativeResultsDirectory="8d4a4cc8-1012-408f-a2b8-8989035f9895" />
    <UnitTestResult executionId="df366982-9b14-4413-a8f3-dbf96e78a4e5" testId="28408d30-8448-8f9c-b04c-e7779e7625cc" testName="DragDrop_RangeMinOverRangeMax_RangeEditDisplayed" computerName="DKSR-EFI-04" duration="00:00:00.1018208" startTime="2023-12-22T09:33:47.8423568+01:00" endTime="2023-12-22T09:33:47.9754620+01:00" testType="13cdc9d9-ddb5-4fa4-a97d-d965ccfc6d4b" outcome="Passed" testListId="8c84fa94-04c1-424b-9868-57a2d4851a1d" relativeResultsDirectory="df366982-9b14-4413-a8f3-dbf96e78a4e5" />
    <UnitTestResult executionId="6358b295-4be4-487a-af88-b8983c46a2d1" testId="586aa199-8ad2-c267-31e0-7d856afcab20" testName="SetUnsecureConnectionAllowedForUser_ShouldAddUser_WhenUserIsEmpty" computerName="DKSR-EFI-04" duration="00:00:00.0024952" startTime="2023-12-22T09:34:12.6969458+01:00" endTime="2023-12-22T09:34:12.6996482+01:00" testType="13cdc9d9-ddb5-4fa4-a97d-d965ccfc6d4b" outcome="Passed" testListId="8c84fa94-04c1-424b-9868-57a2d4851a1d" relativeResultsDirectory="6358b295-4be4-487a-af88-b8983c46a2d1" />
    <UnitTestResult executionId="832bc209-ae97-4a20-9128-066bb5164ae3" testId="192bc75c-0987-6d84-ba23-75d2871c7fb0" testName="Partial_Updating_Works" computerName="DKSR-EFI-04" duration="00:00:00.0032371" startTime="2023-12-22T09:34:02.3029517+01:00" endTime="2023-12-22T09:34:02.3065750+01:00" testType="13cdc9d9-ddb5-4fa4-a97d-d965ccfc6d4b" outcome="Passed" testListId="8c84fa94-04c1-424b-9868-57a2d4851a1d" relativeResultsDirectory="832bc209-ae97-4a20-9128-066bb5164ae3" />
    <UnitTestResult executionId="17895126-55e3-49e0-97f0-933688baf648" testId="e47e5959-0404-6a12-bb2e-be035056d2fc" testName="RoundToHour_Nearest" computerName="DKSR-EFI-04" duration="00:00:00.0006183" startTime="2023-12-22T09:34:02.6338547+01:00" endTime="2023-12-22T09:34:02.6346401+01:00" testType="13cdc9d9-ddb5-4fa4-a97d-d965ccfc6d4b" outcome="Passed" testListId="8c84fa94-04c1-424b-9868-57a2d4851a1d" relativeResultsDirectory="17895126-55e3-49e0-97f0-933688baf648" />
    <UnitTestResult executionId="eed88cf1-80a5-4495-859f-e465f7e7d7cd" testId="54f6e699-b3d1-75b1-4814-37e5fcfee1a3" testName="Constructor_ShouldCreateTreeOfDepth3_WhenUnitsHaveGrandparentButIncludeIsEnabled" computerName="DKSR-EFI-04" duration="00:00:00.0055890" startTime="2023-12-22T09:33:43.2879399+01:00" endTime="2023-12-22T09:33:43.2936761+01:00" testType="13cdc9d9-ddb5-4fa4-a97d-d965ccfc6d4b" outcome="Passed" testListId="8c84fa94-04c1-424b-9868-57a2d4851a1d" relativeResultsDirectory="eed88cf1-80a5-4495-859f-e465f7e7d7cd" />
    <UnitTestResult executionId="4d879b2f-b37d-4bbf-8b2e-0a63bd84e33e" testId="c92c23d1-5ca1-d95a-512b-ef3370dd6502" testName="ThumbsCanBeAddedAndFetchedTest" computerName="DKSR-EFI-04" duration="00:00:00.0025131" startTime="2023-12-22T09:33:49.6790272+01:00" endTime="2023-12-22T09:33:49.6818654+01:00" testType="13cdc9d9-ddb5-4fa4-a97d-d965ccfc6d4b" outcome="Passed" testListId="8c84fa94-04c1-424b-9868-57a2d4851a1d" relativeResultsDirectory="4d879b2f-b37d-4bbf-8b2e-0a63bd84e33e" />
    <UnitTestResult executionId="ba1a3382-1b09-41a4-9580-73dc0be3e839" testId="ef941c35-94f0-1c6b-ae1b-3d9480badfe1" testName="ChangeMinValue_GreaterThanMaxValue_RangeAndMaxValueUpdated" computerName="DKSR-EFI-04" duration="00:00:00.0037412" startTime="2023-12-22T09:33:45.6408095+01:00" endTime="2023-12-22T09:33:45.7258490+01:00" testType="13cdc9d9-ddb5-4fa4-a97d-d965ccfc6d4b" outcome="Passed" testListId="8c84fa94-04c1-424b-9868-57a2d4851a1d" relativeResultsDirectory="ba1a3382-1b09-41a4-9580-73dc0be3e839" />
    <UnitTestResult executionId="78e8e740-9684-4d25-a073-0c3a0cd2c98b" testId="6cf7fdb3-260b-5bc9-89b2-d50224c7f7ac" testName="GetStates_NoSessionStarted_NoSession" computerName="DKSR-EFI-04" duration="00:00:00.0017956" startTime="2023-12-22T09:34:12.2002172+01:00" endTime="2023-12-22T09:34:12.2022189+01:00" testType="13cdc9d9-ddb5-4fa4-a97d-d965ccfc6d4b" outcome="Passed" testListId="8c84fa94-04c1-424b-9868-57a2d4851a1d" relativeResultsDirectory="78e8e740-9684-4d25-a073-0c3a0cd2c98b" />
    <UnitTestResult executionId="f666adf7-3b37-4595-9849-d765bad95ffe" testId="3cad3393-810a-cc62-94bb-2ded6c4b88c7" testName="OkEditTileThrowsIfNoEventSources" computerName="DKSR-EFI-04" duration="00:00:00.0032756" startTime="2023-12-22T09:33:51.7826610+01:00" endTime="2023-12-22T09:33:51.8619484+01:00" testType="13cdc9d9-ddb5-4fa4-a97d-d965ccfc6d4b" outcome="Passed" testListId="8c84fa94-04c1-424b-9868-57a2d4851a1d" relativeResultsDirectory="f666adf7-3b37-4595-9849-d765bad95ffe" />
    <UnitTestResult executionId="27f1d959-0750-410f-a724-45ed3062f43e" testId="dab9c0b3-4ffb-2848-2c64-5c66c2da8b39" testName="SequenceEqualIgnoreOrder_DifferentlySizedCollections_IgnoreOrder_SymmetricalFalseResult" computerName="DKSR-EFI-04" duration="00:00:00.0010181" startTime="2023-12-22T09:34:02.5188413+01:00" endTime="2023-12-22T09:34:02.5200509+01:00" testType="13cdc9d9-ddb5-4fa4-a97d-d965ccfc6d4b" outcome="Passed" testListId="8c84fa94-04c1-424b-9868-57a2d4851a1d" relativeResultsDirectory="27f1d959-0750-410f-a724-45ed3062f43e" />
    <UnitTestResult executionId="6ab1b2cc-a4c2-4547-8a50-202026caf863" testId="7e8a853c-5510-8468-d824-0047ef588b74" testName="OnPreviewKeyDown_RightAlt_Click_Select_Success" computerName="DKSR-EFI-04" duration="00:00:00.2177709" startTime="2023-12-22T09:34:10.8913379+01:00" endTime="2023-12-22T09:34:11.1371667+01:00" testType="13cdc9d9-ddb5-4fa4-a97d-d965ccfc6d4b" outcome="Passed" testListId="8c84fa94-04c1-424b-9868-57a2d4851a1d" relativeResultsDirectory="6ab1b2cc-a4c2-4547-8a50-202026caf863" />
    <UnitTestResult executionId="1d94a4c4-621b-46b6-b2e5-76c36d6b3c7b" testId="a8dd4421-721b-7464-1ec7-7a0950dbe7f2" testName="ArrangeOverride__3child_AllMustShrink__AllAreShrunk" computerName="DKSR-EFI-04" duration="00:00:00.0064247" startTime="2023-12-22T09:33:48.5584882+01:00" endTime="2023-12-22T09:33:48.6233414+01:00" testType="13cdc9d9-ddb5-4fa4-a97d-d965ccfc6d4b" outcome="Passed" testListId="8c84fa94-04c1-424b-9868-57a2d4851a1d" relativeResultsDirectory="1d94a4c4-621b-46b6-b2e5-76c36d6b3c7b">
      <Output>
        <StdOut>Debug Trace:&#xD;
offsets: 0, 20, 40&#xD;
widths: 10, 10, 10</StdOut>
      </Output>
    </UnitTestResult>
    <UnitTestResult executionId="8f7da211-8f81-4c04-8db0-da1cd6c74e5f" testId="c196c0e0-1845-801a-d6ce-5a2a7861546a" testName="Constructor_ShouldForwardSlides_WhenMoreThanZero" computerName="DKSR-EFI-04" duration="00:00:00.0232686" startTime="2023-12-22T09:34:02.2519228+01:00" endTime="2023-12-22T09:34:02.2755664+01:00" testType="13cdc9d9-ddb5-4fa4-a97d-d965ccfc6d4b" outcome="Passed" testListId="8c84fa94-04c1-424b-9868-57a2d4851a1d" relativeResultsDirectory="8f7da211-8f81-4c04-8db0-da1cd6c74e5f" />
    <UnitTestResult executionId="dfd2d8af-27a5-4c95-ac4a-6cbd6d3749c1" testId="4e8ec708-b63a-3736-0e4f-25924095128b" testName="Convert_ShouldReturnUnsetValue_WhenValueCannotBeParsedToAnIntegerValue" computerName="DKSR-EFI-04" duration="00:00:00.0014266" startTime="2023-12-22T09:34:02.8940127+01:00" endTime="2023-12-22T09:34:02.8956184+01:00" testType="13cdc9d9-ddb5-4fa4-a97d-d965ccfc6d4b" outcome="Passed" testListId="8c84fa94-04c1-424b-9868-57a2d4851a1d" relativeResultsDirectory="dfd2d8af-27a5-4c95-ac4a-6cbd6d3749c1" />
    <UnitTestResult executionId="a7f0129b-8abb-4e10-b3e2-07cd39f3f0b8" testId="9bbc1906-5daa-9c01-5fbd-04abcb77a4b4" testName="SelectManyOrdered" computerName="DKSR-EFI-04" duration="00:00:00.0059517" startTime="2023-12-22T09:34:02.4984484+01:00" endTime="2023-12-22T09:34:02.5046145+01:00" testType="13cdc9d9-ddb5-4fa4-a97d-d965ccfc6d4b" outcome="Passed" testListId="8c84fa94-04c1-424b-9868-57a2d4851a1d" relativeResultsDirectory="a7f0129b-8abb-4e10-b3e2-07cd39f3f0b8" />
    <UnitTestResult executionId="3a2f19a1-9782-41a8-a0c8-449a49a3a5a6" testId="8e17e180-a6fb-9c35-ec45-dff245336c94" testName="Create_RecycledItemAvailable_Success" computerName="DKSR-EFI-04" duration="00:00:00.0011463" startTime="2023-12-22T09:33:43.3507784+01:00" endTime="2023-12-22T09:33:43.3521042+01:00" testType="13cdc9d9-ddb5-4fa4-a97d-d965ccfc6d4b" outcome="Passed" testListId="8c84fa94-04c1-424b-9868-57a2d4851a1d" relativeResultsDirectory="3a2f19a1-9782-41a8-a0c8-449a49a3a5a6" />
    <UnitTestResult executionId="e78945e1-4948-4194-86ef-7ecb29693798" testId="853fc9d6-6db1-9e50-13df-6a1ab3128380" testName="Clear_NoCleanupTimerRunning_Success" computerName="DKSR-EFI-04" duration="00:00:00.0002470" startTime="2023-12-22T09:33:43.3581347+01:00" endTime="2023-12-22T09:33:43.3585020+01:00" testType="13cdc9d9-ddb5-4fa4-a97d-d965ccfc6d4b" outcome="Passed" testListId="8c84fa94-04c1-424b-9868-57a2d4851a1d" relativeResultsDirectory="e78945e1-4948-4194-86ef-7ecb29693798" />
    <UnitTestResult executionId="a7232b7f-8797-40f9-8ddc-b7fb47eff58a" testId="ea980a94-f888-1c61-339c-f499bb9324bc" testName="SetUnsecureConnectionAllowedForUser_ShouldUpdateUser_WhenUserExistsWithDiffetentValue" computerName="DKSR-EFI-04" duration="00:00:00.0014385" startTime="2023-12-22T09:34:12.7031741+01:00" endTime="2023-12-22T09:34:12.7047870+01:00" testType="13cdc9d9-ddb5-4fa4-a97d-d965ccfc6d4b" outcome="Passed" testListId="8c84fa94-04c1-424b-9868-57a2d4851a1d" relativeResultsDirectory="a7232b7f-8797-40f9-8ddc-b7fb47eff58a" />
    <UnitTestResult executionId="0c1424a2-0821-4c3a-b16e-6e245aefde49" testId="ca1a74cf-f42b-b5b7-8415-1bec1e2927e4" testName="Convert_MultiValueConverter_NotANumber_Throws" computerName="DKSR-EFI-04" duration="00:00:00.0029111" startTime="2023-12-22T09:34:02.9043565+01:00" endTime="2023-12-22T09:34:02.9074857+01:00" testType="13cdc9d9-ddb5-4fa4-a97d-d965ccfc6d4b" outcome="Passed" testListId="8c84fa94-04c1-424b-9868-57a2d4851a1d" relativeResultsDirectory="0c1424a2-0821-4c3a-b16e-6e245aefde49" />
    <UnitTestResult executionId="308c05bb-87fa-4f81-a870-a01429e089dc" testId="b898ad5d-e738-1d64-d2c4-772f55ed34ea" testName="Full_Updating_With_Comparer_Works" computerName="DKSR-EFI-04" duration="00:00:00.0026664" startTime="2023-12-22T09:34:02.3071013+01:00" endTime="2023-12-22T09:34:02.3099632+01:00" testType="13cdc9d9-ddb5-4fa4-a97d-d965ccfc6d4b" outcome="Passed" testListId="8c84fa94-04c1-424b-9868-57a2d4851a1d" relativeResultsDirectory="308c05bb-87fa-4f81-a870-a01429e089dc" />
    <UnitTestResult executionId="45c1cb15-a226-41fc-8a5b-1228a6577698" testId="3e8485c9-a7cd-7c8f-f394-cfd45a272654" testName="UpdateFrameworkElementsOverlay_WithBothArgumentsNull_ShouldReturnTrueAndLeaveListsUnchanged" computerName="DKSR-EFI-04" duration="00:00:00.0022618" startTime="2023-12-22T09:34:11.9134321+01:00" endTime="2023-12-22T09:34:11.9171061+01:00" testType="13cdc9d9-ddb5-4fa4-a97d-d965ccfc6d4b" outcome="Passed" testListId="8c84fa94-04c1-424b-9868-57a2d4851a1d" relativeResultsDirectory="45c1cb15-a226-41fc-8a5b-1228a6577698" />
    <UnitTestResult executionId="4ac7995c-2c23-4f8f-9fdf-25b73ef4a966" testId="5791d93f-2ea0-ebcc-a300-0da5e771609b" testName="TryCreateUri_ShouldReturnValidUriWithHttps_WhenInputIsRelativeUriAndNoCustomFallbackSchemeProvided" computerName="DKSR-EFI-04" duration="00:00:00.0002744" startTime="2023-12-22T09:34:02.6065280+01:00" endTime="2023-12-22T09:34:02.6069493+01:00" testType="13cdc9d9-ddb5-4fa4-a97d-d965ccfc6d4b" outcome="Passed" testListId="8c84fa94-04c1-424b-9868-57a2d4851a1d" relativeResultsDirectory="4ac7995c-2c23-4f8f-9fdf-25b73ef4a966" />
    <UnitTestResult executionId="b0ae95e5-bf37-4741-8d33-20cee2278c56" testId="6be2a7ca-9e0f-738a-b561-fdbbb35486e2" testName="ProvideValue_ReturnsThis" computerName="DKSR-EFI-04" duration="00:00:00.0006534" startTime="2023-12-22T09:33:43.3711867+01:00" endTime="2023-12-22T09:33:43.3721181+01:00" testType="13cdc9d9-ddb5-4fa4-a97d-d965ccfc6d4b" outcome="Passed" testListId="8c84fa94-04c1-424b-9868-57a2d4851a1d" relativeResultsDirectory="b0ae95e5-bf37-4741-8d33-20cee2278c56" />
    <UnitTestResult executionId="b7259f99-5c5c-4ed1-9116-673ac137367e" testId="c93e1fde-ba93-9054-d493-30af75ea0b03" testName="SelectManyOrdered_With_Key_Selector" computerName="DKSR-EFI-04" duration="00:00:00.0065704" startTime="2023-12-22T09:34:02.5050916+01:00" endTime="2023-12-22T09:34:02.5118593+01:00" testType="13cdc9d9-ddb5-4fa4-a97d-d965ccfc6d4b" outcome="Passed" testListId="8c84fa94-04c1-424b-9868-57a2d4851a1d" relativeResultsDirectory="b7259f99-5c5c-4ed1-9116-673ac137367e" />
    <UnitTestResult executionId="51d3669b-f41f-4fa9-a01a-eb2be42dcb9b" testId="33341dd4-6583-40f9-1eba-1c8c959a3a5e" testName="UpdateFrameworkElementsOverlay_WithChangedFollowDigitalZoom_ShouldUpdateBothLists" computerName="DKSR-EFI-04" duration="00:00:00.0016514" startTime="2023-12-22T09:34:11.9176680+01:00" endTime="2023-12-22T09:34:11.9359637+01:00" testType="13cdc9d9-ddb5-4fa4-a97d-d965ccfc6d4b" outcome="Passed" testListId="8c84fa94-04c1-424b-9868-57a2d4851a1d" relativeResultsDirectory="51d3669b-f41f-4fa9-a01a-eb2be42dcb9b" />
    <UnitTestResult executionId="f03bb282-1192-4fd0-bde3-f9b20e366c1d" testId="62c465a4-ad44-3be7-a78e-7e91064f29e0" testName="SingleCameraGroupMustSetDisplayNameDeletedCameraTextIfItDoesNotExist" computerName="DKSR-EFI-04" duration="00:00:00.0002496" startTime="2023-12-22T09:33:52.5897269+01:00" endTime="2023-12-22T09:33:52.5900772+01:00" testType="13cdc9d9-ddb5-4fa4-a97d-d965ccfc6d4b" outcome="Passed" testListId="8c84fa94-04c1-424b-9868-57a2d4851a1d" relativeResultsDirectory="f03bb282-1192-4fd0-bde3-f9b20e366c1d" />
    <UnitTestResult executionId="45253503-54fa-4ea4-87d3-74572197040a" testId="62aebf56-249e-bb4c-3c75-70b7badd4f85" testName="MouseHover_OverRangeBarAndThumbs_IsMouseOverRangeBar_IsTrue" computerName="DKSR-EFI-04" duration="00:00:00.0950253" startTime="2023-12-22T09:33:46.9239837+01:00" endTime="2023-12-22T09:33:47.0959511+01:00" testType="13cdc9d9-ddb5-4fa4-a97d-d965ccfc6d4b" outcome="Passed" testListId="8c84fa94-04c1-424b-9868-57a2d4851a1d" relativeResultsDirectory="45253503-54fa-4ea4-87d3-74572197040a" />
    <UnitTestResult executionId="f2c05607-e62a-468c-a7c3-70a73dfb0540" testId="9c1495d5-6651-ae8f-908a-bfaa0ece52f3" testName="OnPreviewKeyDown_End_Success" computerName="DKSR-EFI-04" duration="00:00:00.2398807" startTime="2023-12-22T09:34:06.9913656+01:00" endTime="2023-12-22T09:34:07.2599179+01:00" testType="13cdc9d9-ddb5-4fa4-a97d-d965ccfc6d4b" outcome="Passed" testListId="8c84fa94-04c1-424b-9868-57a2d4851a1d" relativeResultsDirectory="f2c05607-e62a-468c-a7c3-70a73dfb0540" />
    <UnitTestResult executionId="c2de517b-f9c9-4ffd-b1e2-75db1667ba61" testId="7b296182-9791-5bb6-d0bc-cac1175b5b79" testName="AuthenticationSimple_SetProperties_Success" computerName="DKSR-EFI-04" duration="00:00:00.0005486" startTime="2023-12-22T09:34:12.5117834+01:00" endTime="2023-12-22T09:34:12.5125916+01:00" testType="13cdc9d9-ddb5-4fa4-a97d-d965ccfc6d4b" outcome="Passed" testListId="8c84fa94-04c1-424b-9868-57a2d4851a1d" relativeResultsDirectory="c2de517b-f9c9-4ffd-b1e2-75db1667ba61" />
    <UnitTestResult executionId="e2a55a7f-5984-4cc8-a879-be4df0c0144f" testId="877328ba-697b-0240-60a8-80c7a7d265bf" testName="OnPreviewKeyDown_LeftCtrl_A_SelectAll_Success" computerName="DKSR-EFI-04" duration="00:00:00.1798259" startTime="2023-12-22T09:34:08.4442647+01:00" endTime="2023-12-22T09:34:08.6439062+01:00" testType="13cdc9d9-ddb5-4fa4-a97d-d965ccfc6d4b" outcome="Passed" testListId="8c84fa94-04c1-424b-9868-57a2d4851a1d" relativeResultsDirectory="e2a55a7f-5984-4cc8-a879-be4df0c0144f" />
    <UnitTestResult executionId="f985b519-1980-421c-847d-b2dd3c037a0f" testId="6b82ab31-6a38-fe74-50c1-7d145afb1011" testName="SpinlockHandlerTest" computerName="DKSR-EFI-04" duration="00:00:00.0801222" startTime="2023-12-22T09:33:42.6499232+01:00" endTime="2023-12-22T09:33:42.7303957+01:00" testType="13cdc9d9-ddb5-4fa4-a97d-d965ccfc6d4b" outcome="Passed" testListId="8c84fa94-04c1-424b-9868-57a2d4851a1d" relativeResultsDirectory="f985b519-1980-421c-847d-b2dd3c037a0f" />
    <UnitTestResult executionId="1b25f910-273a-4986-85c7-3faf77d9d6ab" testId="7afa246b-f4b2-fc5f-fe61-fe719713919d" testName="TileLayout_MouseOver_BorderBrushUpdated" computerName="DKSR-EFI-04" duration="00:00:00.0160805" startTime="2023-12-22T09:34:03.5071253+01:00" endTime="2023-12-22T09:34:03.5354281+01:00" testType="13cdc9d9-ddb5-4fa4-a97d-d965ccfc6d4b" outcome="Passed" testListId="8c84fa94-04c1-424b-9868-57a2d4851a1d" relativeResultsDirectory="1b25f910-273a-4986-85c7-3faf77d9d6ab" />
    <UnitTestResult executionId="9a6d195b-fbec-48f5-9c41-2dc6d906233a" testId="00128a49-1d90-04d8-005b-b12d7a997cf3" testName="StopAndDisconnect_SessionNotStarted_ServiceNotCalled" computerName="DKSR-EFI-04" duration="00:00:00.0008600" startTime="2023-12-22T09:34:12.4641998+01:00" endTime="2023-12-22T09:34:12.4652316+01:00" testType="13cdc9d9-ddb5-4fa4-a97d-d965ccfc6d4b" outcome="Passed" testListId="8c84fa94-04c1-424b-9868-57a2d4851a1d" relativeResultsDirectory="9a6d195b-fbec-48f5-9c41-2dc6d906233a" />
    <UnitTestResult executionId="d386bbaf-4b1e-4b7b-9b36-d3c01b25e249" testId="dfdaa8e6-900c-926b-6ac3-82e2d0119e60" testName="ExpirationTimerOnTick_ToastNotExpired_Success" computerName="DKSR-EFI-04" duration="00:00:00.0006235" startTime="2023-12-22T09:34:02.9151271+01:00" endTime="2023-12-22T09:34:02.9159338+01:00" testType="13cdc9d9-ddb5-4fa4-a97d-d965ccfc6d4b" outcome="Passed" testListId="8c84fa94-04c1-424b-9868-57a2d4851a1d" relativeResultsDirectory="d386bbaf-4b1e-4b7b-9b36-d3c01b25e249" />
    <UnitTestResult executionId="a9fe6418-bbae-4696-b002-5418af3b092c" testId="4f39f42c-bd61-1d3b-a9d4-94ed188e9ad5" testName="SequenceEqualIgnoreOrder_NullCollection_IgnoreOrder_FalseResult" computerName="DKSR-EFI-04" duration="00:00:00.0001569" startTime="2023-12-22T09:34:02.5232438+01:00" endTime="2023-12-22T09:34:02.5235651+01:00" testType="13cdc9d9-ddb5-4fa4-a97d-d965ccfc6d4b" outcome="Passed" testListId="8c84fa94-04c1-424b-9868-57a2d4851a1d" relativeResultsDirectory="a9fe6418-bbae-4696-b002-5418af3b092c" />
    <UnitTestResult executionId="e35063bb-de20-4e04-912c-8e277cb95b9e" testId="da038b78-6557-20eb-7b54-2bd092edb693" testName="DownTileThrowsIfTileNotInBox" computerName="DKSR-EFI-04" duration="00:00:00.0034883" startTime="2023-12-22T09:33:51.1808739+01:00" endTime="2023-12-22T09:33:51.2013907+01:00" testType="13cdc9d9-ddb5-4fa4-a97d-d965ccfc6d4b" outcome="Passed" testListId="8c84fa94-04c1-424b-9868-57a2d4851a1d" relativeResultsDirectory="e35063bb-de20-4e04-912c-8e277cb95b9e" />
    <UnitTestResult executionId="e5e7b299-80ab-4482-aa0f-e3fda41035b8" testId="54792cc5-5557-3941-5368-3e4248495373" testName="AddFrameworkElementsOverlay_WithFollowDigitalZoomFalse_ShouldAddToFrameworkElementsOverlaysFixed" computerName="DKSR-EFI-04" duration="00:00:00.0014900" startTime="2023-12-22T09:34:11.8850861+01:00" endTime="2023-12-22T09:34:11.9078309+01:00" testType="13cdc9d9-ddb5-4fa4-a97d-d965ccfc6d4b" outcome="Passed" testListId="8c84fa94-04c1-424b-9868-57a2d4851a1d" relativeResultsDirectory="e5e7b299-80ab-4482-aa0f-e3fda41035b8" />
    <UnitTestResult executionId="0e77e740-bb77-40eb-935e-a2a304952f17" testId="1bd901f8-3f7d-e4b9-9350-b8e0d21cecdd" testName="Convert_SingleValueConverter_NotANumber_Throws" computerName="DKSR-EFI-04" duration="00:00:00.0029559" startTime="2023-12-22T09:34:02.8986624+01:00" endTime="2023-12-22T09:34:02.9018446+01:00" testType="13cdc9d9-ddb5-4fa4-a97d-d965ccfc6d4b" outcome="Passed" testListId="8c84fa94-04c1-424b-9868-57a2d4851a1d" relativeResultsDirectory="0e77e740-bb77-40eb-935e-a2a304952f17" />
    <UnitTestResult executionId="fb5275ae-8b88-4004-b9fe-e0777c391908" testId="4fee98d5-de39-1ee6-cb6e-aeb30d9e4547" testName="GetBoolValueOrDefault_KeyNotFound_DefaultValueReturned" computerName="DKSR-EFI-04" duration="00:00:00.0003279" startTime="2023-12-22T09:34:12.1328106+01:00" endTime="2023-12-22T09:34:12.1333059+01:00" testType="13cdc9d9-ddb5-4fa4-a97d-d965ccfc6d4b" outcome="Passed" testListId="8c84fa94-04c1-424b-9868-57a2d4851a1d" relativeResultsDirectory="fb5275ae-8b88-4004-b9fe-e0777c391908" />
    <UnitTestResult executionId="a891180e-916b-42bd-975b-b6fc7530e8fd" testId="d32054d7-3151-5a17-efe5-d560f827fbcf" testName="RoundToHour_Up" computerName="DKSR-EFI-04" duration="00:00:00.0007308" startTime="2023-12-22T09:34:02.4086626+01:00" endTime="2023-12-22T09:34:02.4095599+01:00" testType="13cdc9d9-ddb5-4fa4-a97d-d965ccfc6d4b" outcome="Passed" testListId="8c84fa94-04c1-424b-9868-57a2d4851a1d" relativeResultsDirectory="a891180e-916b-42bd-975b-b6fc7530e8fd" />
    <UnitTestResult executionId="3ccdaa0f-09c3-4cd5-9985-e804fdd601a9" testId="7bd27d81-06b7-0043-ca3b-42b8a3ad840b" testName="Convert_WithMultiplierAndOffset_Success" computerName="DKSR-EFI-04" duration="00:00:00.0002436" startTime="2023-12-22T09:33:43.3791787+01:00" endTime="2023-12-22T09:33:43.3795504+01:00" testType="13cdc9d9-ddb5-4fa4-a97d-d965ccfc6d4b" outcome="Passed" testListId="8c84fa94-04c1-424b-9868-57a2d4851a1d" relativeResultsDirectory="3ccdaa0f-09c3-4cd5-9985-e804fdd601a9" />
    <UnitTestResult executionId="5f83fae5-3742-4ec1-abde-a10f855ce096" testId="8222d29f-50ae-b106-6ccd-5b5874365d8b" testName="RemoveNonExistingToast_Success" computerName="DKSR-EFI-04" duration="00:00:00.0016756" startTime="2023-12-22T09:34:03.0530866+01:00" endTime="2023-12-22T09:34:03.0549488+01:00" testType="13cdc9d9-ddb5-4fa4-a97d-d965ccfc6d4b" outcome="Passed" testListId="8c84fa94-04c1-424b-9868-57a2d4851a1d" relativeResultsDirectory="5f83fae5-3742-4ec1-abde-a10f855ce096" />
    <UnitTestResult executionId="b9480432-0ef5-41b6-bf4a-ad71d79318cb" testId="c1eeccdf-9e70-35f5-8d31-8a133efe3993" testName="GetItemUserControl_Failure" computerName="DKSR-EFI-04" duration="00:00:00.0051713" startTime="2023-12-22T09:34:04.1937309+01:00" endTime="2023-12-22T09:34:04.2909177+01:00" testType="13cdc9d9-ddb5-4fa4-a97d-d965ccfc6d4b" outcome="Passed" testListId="8c84fa94-04c1-424b-9868-57a2d4851a1d" relativeResultsDirectory="b9480432-0ef5-41b6-bf4a-ad71d79318cb" />
    <UnitTestResult executionId="901e47e7-aa7f-4a20-8240-028f31c82bd7" testId="cbb93574-008f-0923-82a1-ea6b8693b1c4" testName="Changing_The_Last_Item_Works" computerName="DKSR-EFI-04" duration="00:00:00.0010373" startTime="2023-12-22T09:34:02.3344792+01:00" endTime="2023-12-22T09:34:02.3357270+01:00" testType="13cdc9d9-ddb5-4fa4-a97d-d965ccfc6d4b" outcome="Passed" testListId="8c84fa94-04c1-424b-9868-57a2d4851a1d" relativeResultsDirectory="901e47e7-aa7f-4a20-8240-028f31c82bd7" />
    <UnitTestResult executionId="8c576f6a-e4ff-4eca-855a-1211aa8fdaff" testId="f5caa479-ad8a-fc77-0f9d-b10ee7e2accc" testName="Ctor_NegativeMaxIdleTimeBeforeCleanup_Throws" computerName="DKSR-EFI-04" duration="00:00:00.0036374" startTime="2023-12-22T09:33:43.3019633+01:00" endTime="2023-12-22T09:33:43.3059553+01:00" testType="13cdc9d9-ddb5-4fa4-a97d-d965ccfc6d4b" outcome="Passed" testListId="8c84fa94-04c1-424b-9868-57a2d4851a1d" relativeResultsDirectory="8c576f6a-e4ff-4eca-855a-1211aa8fdaff" />
    <UnitTestResult executionId="bc3f6695-e443-432c-94e8-3b15bdf3ef0c" testId="107b14c3-6a21-48da-a917-3a863ef45b45" testName="Constructor_StateSessionHelperFactory_ArgumentNull_Thrown" computerName="DKSR-EFI-04" duration="00:00:00.0003577" startTime="2023-12-22T09:34:12.4603658+01:00" endTime="2023-12-22T09:34:12.4609332+01:00" testType="13cdc9d9-ddb5-4fa4-a97d-d965ccfc6d4b" outcome="Passed" testListId="8c84fa94-04c1-424b-9868-57a2d4851a1d" relativeResultsDirectory="bc3f6695-e443-432c-94e8-3b15bdf3ef0c" />
    <UnitTestResult executionId="795f702c-3dc8-4e47-9fa7-ddb83d43d308" testId="41441101-47ad-5d05-d82c-2bfa6a698b36" testName="RoundToHour_Down" computerName="DKSR-EFI-04" duration="00:00:00.0013560" startTime="2023-12-22T09:34:02.4066516+01:00" endTime="2023-12-22T09:34:02.4081773+01:00" testType="13cdc9d9-ddb5-4fa4-a97d-d965ccfc6d4b" outcome="Passed" testListId="8c84fa94-04c1-424b-9868-57a2d4851a1d" relativeResultsDirectory="795f702c-3dc8-4e47-9fa7-ddb83d43d308" />
    <UnitTestResult executionId="581fec68-9b31-40f5-9726-ebbe8633b4ae" testId="81f8c431-ec3f-72e9-977b-252633de4ae4" testName="Constructor_StateSessionHelper_ArgumentNull_Thrown" computerName="DKSR-EFI-04" duration="00:00:00.0003608" startTime="2023-12-22T09:34:12.2076363+01:00" endTime="2023-12-22T09:34:12.2082058+01:00" testType="13cdc9d9-ddb5-4fa4-a97d-d965ccfc6d4b" outcome="Passed" testListId="8c84fa94-04c1-424b-9868-57a2d4851a1d" relativeResultsDirectory="581fec68-9b31-40f5-9726-ebbe8633b4ae" />
    <UnitTestResult executionId="96721187-4587-4588-aece-c87f9e9537a2" testId="d44e5ef1-d45e-248e-aa87-897c4217e08f" testName="TooltipServiceWarning_Failover_AuthorizationError" computerName="DKSR-EFI-04" duration="00:00:00.0062257" startTime="2023-12-22T09:34:11.5165003+01:00" endTime="2023-12-22T09:34:11.5229257+01:00" testType="13cdc9d9-ddb5-4fa4-a97d-d965ccfc6d4b" outcome="Passed" testListId="8c84fa94-04c1-424b-9868-57a2d4851a1d" relativeResultsDirectory="96721187-4587-4588-aece-c87f9e9537a2" />
    <UnitTestResult executionId="c06f1cd5-65b3-48cb-abf5-f6d4b59f7eae" testId="5bb482fa-8a48-3336-66c9-7ea3af463c94" testName="OnPreviewKeyDown_RightCtrl_Click_Select_Success" computerName="DKSR-EFI-04" duration="00:00:00.2270107" startTime="2023-12-22T09:34:10.6398164+01:00" endTime="2023-12-22T09:34:10.8906824+01:00" testType="13cdc9d9-ddb5-4fa4-a97d-d965ccfc6d4b" outcome="Passed" testListId="8c84fa94-04c1-424b-9868-57a2d4851a1d" relativeResultsDirectory="c06f1cd5-65b3-48cb-abf5-f6d4b59f7eae" />
    <UnitTestResult executionId="71c4353c-12e7-4044-a8dc-4bab00fe4f55" testId="e4efa2e9-6d62-0683-b9e7-1e5cf6253345" testName="IntersectOrdered" computerName="DKSR-EFI-04" duration="00:00:00.0024757" startTime="2023-12-22T09:34:02.5123914+01:00" endTime="2023-12-22T09:34:02.5150685+01:00" testType="13cdc9d9-ddb5-4fa4-a97d-d965ccfc6d4b" outcome="Passed" testListId="8c84fa94-04c1-424b-9868-57a2d4851a1d" relativeResultsDirectory="71c4353c-12e7-4044-a8dc-4bab00fe4f55" />
    <UnitTestResult executionId="d6b3f535-a170-4879-8f93-4dc2fd3c2ccc" testId="0c965795-08e1-96ff-221c-6c48f278966b" testName="GetTimeSpanValueOrDefault_KeyNotFound_DefaultValueReturned" computerName="DKSR-EFI-04" duration="00:00:00.0003448" startTime="2023-12-22T09:34:12.1272338+01:00" endTime="2023-12-22T09:34:12.1277408+01:00" testType="13cdc9d9-ddb5-4fa4-a97d-d965ccfc6d4b" outcome="Passed" testListId="8c84fa94-04c1-424b-9868-57a2d4851a1d" relativeResultsDirectory="d6b3f535-a170-4879-8f93-4dc2fd3c2ccc" />
    <UnitTestResult executionId="03219839-e8ac-4d6f-b1fa-587a8ba6c939" testId="76bac099-ab90-0ad5-557d-efa1c929ace3" testName="TickFrequenceChange_Success" computerName="DKSR-EFI-04" duration="00:00:00.0045291" startTime="2023-12-22T09:33:45.8061379+01:00" endTime="2023-12-22T09:33:45.8516462+01:00" testType="13cdc9d9-ddb5-4fa4-a97d-d965ccfc6d4b" outcome="Passed" testListId="8c84fa94-04c1-424b-9868-57a2d4851a1d" relativeResultsDirectory="03219839-e8ac-4d6f-b1fa-587a8ba6c939" />
    <UnitTestResult executionId="fbdf7a48-8371-4411-8f9e-ba27a740d6a8" testId="4c169ed1-2ceb-3ce5-de75-44f39814124d" testName="GetStates_SessionStarted_NoStates" computerName="DKSR-EFI-04" duration="00:00:00.0009075" startTime="2023-12-22T09:34:12.4681931+01:00" endTime="2023-12-22T09:34:12.4692741+01:00" testType="13cdc9d9-ddb5-4fa4-a97d-d965ccfc6d4b" outcome="Passed" testListId="8c84fa94-04c1-424b-9868-57a2d4851a1d" relativeResultsDirectory="fbdf7a48-8371-4411-8f9e-ba27a740d6a8" />
    <UnitTestResult executionId="c895f279-1528-4227-8a2b-c8f24cbe0746" testId="fdac1400-a880-08a5-eb9b-8963e9019833" testName="StopAndDisconnect_SessionStarted_ServiceCalled" computerName="DKSR-EFI-04" duration="00:00:00.0007530" startTime="2023-12-22T09:34:12.4657494+01:00" endTime="2023-12-22T09:34:12.4666764+01:00" testType="13cdc9d9-ddb5-4fa4-a97d-d965ccfc6d4b" outcome="Passed" testListId="8c84fa94-04c1-424b-9868-57a2d4851a1d" relativeResultsDirectory="c895f279-1528-4227-8a2b-c8f24cbe0746" />
    <UnitTestResult executionId="535cd69f-0c46-4466-a630-bc51a0aa25fc" testId="ff05611d-fdda-b2a8-4bf8-b702f180c253" testName="UpTileSwapsPositionsOfTileAndPredecessor" computerName="DKSR-EFI-04" duration="00:00:00.0037158" startTime="2023-12-22T09:33:51.0845920+01:00" endTime="2023-12-22T09:33:51.1800865+01:00" testType="13cdc9d9-ddb5-4fa4-a97d-d965ccfc6d4b" outcome="Passed" testListId="8c84fa94-04c1-424b-9868-57a2d4851a1d" relativeResultsDirectory="535cd69f-0c46-4466-a630-bc51a0aa25fc" />
    <UnitTestResult executionId="c3dc15af-469a-47b3-8143-54c96f0bbd8f" testId="3d782eb2-1185-1de8-9482-d479e4373af3" testName="MeasureCounters_UpdatesMemoryUsage_WithPercentage" computerName="DKSR-EFI-04" duration="00:00:00.0008575" startTime="2023-12-22T09:34:02.2361489+01:00" endTime="2023-12-22T09:34:02.2375201+01:00" testType="13cdc9d9-ddb5-4fa4-a97d-d965ccfc6d4b" outcome="Passed" testListId="8c84fa94-04c1-424b-9868-57a2d4851a1d" relativeResultsDirectory="c3dc15af-469a-47b3-8143-54c96f0bbd8f" />
    <UnitTestResult executionId="5edf7b14-56b8-4302-9c25-49b8e56fdba6" testId="e06e61ed-13a4-6147-16b5-ee8c50cfb777" testName="MeasureCounters_UpdatesGPUInformationCorrectly" computerName="DKSR-EFI-04" duration="00:00:00.0013197" startTime="2023-12-22T09:34:02.2407910+01:00" endTime="2023-12-22T09:34:02.2423002+01:00" testType="13cdc9d9-ddb5-4fa4-a97d-d965ccfc6d4b" outcome="Passed" testListId="8c84fa94-04c1-424b-9868-57a2d4851a1d" relativeResultsDirectory="5edf7b14-56b8-4302-9c25-49b8e56fdba6" />
    <UnitTestResult executionId="2ac9e178-6b46-4524-8365-208e5df27f29" testId="9512ba48-0839-7f8e-1a51-7ed8079ac71a" testName="Ctor_MaxIdleTimeBeforeCleanupMoreThanAllowed_TimerNotEnabled" computerName="DKSR-EFI-04" duration="00:00:00.0382234" startTime="2023-12-22T09:33:43.3066523+01:00" endTime="2023-12-22T09:33:43.3450592+01:00" testType="13cdc9d9-ddb5-4fa4-a97d-d965ccfc6d4b" outcome="Passed" testListId="8c84fa94-04c1-424b-9868-57a2d4851a1d" relativeResultsDirectory="2ac9e178-6b46-4524-8365-208e5df27f29" />
    <UnitTestResult executionId="44bb339c-20a3-4bbb-b03f-b44c921170c3" testId="95ce4bfb-8a8a-2e2d-8537-47c45d12d2d7" testName="TileIsStateUndefinedIfCurrentStatesIsNull" computerName="DKSR-EFI-04" duration="00:00:00.0012489" startTime="2023-12-22T09:33:52.2662092+01:00" endTime="2023-12-22T09:33:52.3020738+01:00" testType="13cdc9d9-ddb5-4fa4-a97d-d965ccfc6d4b" outcome="Passed" testListId="8c84fa94-04c1-424b-9868-57a2d4851a1d" relativeResultsDirectory="44bb339c-20a3-4bbb-b03f-b44c921170c3" />
    <UnitTestResult executionId="3fc55df5-f522-4d5d-ba64-7f6565a2ff96" testId="09c48a42-9cc6-7c96-0386-069c96816ff0" testName="Convert_DefaultMultiplierAndOffset_ReturnsProvidedValue" computerName="DKSR-EFI-04" duration="00:00:00.0006654" startTime="2023-12-22T09:33:43.3753837+01:00" endTime="2023-12-22T09:33:43.3761855+01:00" testType="13cdc9d9-ddb5-4fa4-a97d-d965ccfc6d4b" outcome="Passed" testListId="8c84fa94-04c1-424b-9868-57a2d4851a1d" relativeResultsDirectory="3fc55df5-f522-4d5d-ba64-7f6565a2ff96" />
    <UnitTestResult executionId="a931f7cb-4a21-437b-99c7-1cff9a052d82" testId="43785e1c-5d96-d5bd-319b-47bbf8cd5cd3" testName="ExtractItems_ShouldExtractSubset_WhenNotAllItemsAreOfExtractedType" computerName="DKSR-EFI-04" duration="00:00:00.0016995" startTime="2023-12-22T09:34:02.5845630+01:00" endTime="2023-12-22T09:34:02.5904301+01:00" testType="13cdc9d9-ddb5-4fa4-a97d-d965ccfc6d4b" outcome="Passed" testListId="8c84fa94-04c1-424b-9868-57a2d4851a1d" relativeResultsDirectory="a931f7cb-4a21-437b-99c7-1cff9a052d82" />
    <UnitTestResult executionId="230e2536-fd5c-4db7-be0e-4db10b853337" testId="8a554420-2901-ce60-a106-99e771204384" testName="TryCreateUri_ShouldReturnFalse_WhenInputIsInvalidUri" computerName="DKSR-EFI-04" duration="00:00:00.0028948" startTime="2023-12-22T09:34:02.6020631+01:00" endTime="2023-12-22T09:34:02.6051549+01:00" testType="13cdc9d9-ddb5-4fa4-a97d-d965ccfc6d4b" outcome="Passed" testListId="8c84fa94-04c1-424b-9868-57a2d4851a1d" relativeResultsDirectory="230e2536-fd5c-4db7-be0e-4db10b853337" />
    <UnitTestResult executionId="ba83f4ee-42a8-485f-b739-07e5be7a5ad3" testId="5f23c18d-428e-08d4-6861-aed4128bbfb5" testName="ShowCustomizeWindowThrowsWhenParentControlIsNull" computerName="DKSR-EFI-04" duration="00:00:00.0232513" startTime="2023-12-22T09:33:50.4708317+01:00" endTime="2023-12-22T09:33:50.5269255+01:00" testType="13cdc9d9-ddb5-4fa4-a97d-d965ccfc6d4b" outcome="Passed" testListId="8c84fa94-04c1-424b-9868-57a2d4851a1d" relativeResultsDirectory="ba83f4ee-42a8-485f-b739-07e5be7a5ad3" />
    <UnitTestResult executionId="f2995730-2948-42fa-b83a-4e247668dd56" testId="a157e23c-b861-4296-80a4-584edfe004e0" testName="ChangeRangeMax_LowerThanRangeMin_StopAtRangeMin" computerName="DKSR-EFI-04" duration="00:00:00.0037804" startTime="2023-12-22T09:33:45.5831566+01:00" endTime="2023-12-22T09:33:45.6399976+01:00" testType="13cdc9d9-ddb5-4fa4-a97d-d965ccfc6d4b" outcome="Passed" testListId="8c84fa94-04c1-424b-9868-57a2d4851a1d" relativeResultsDirectory="f2995730-2948-42fa-b83a-4e247668dd56" />
    <UnitTestResult executionId="75df1c51-febd-4b7b-8d2d-b50e1484da45" testId="74add8a2-d9f3-2054-f072-e9237767895b" testName="ProvideValue_ReturnsThis" computerName="DKSR-EFI-04" duration="00:00:00.0007816" startTime="2023-12-22T09:34:02.8970603+01:00" endTime="2023-12-22T09:34:02.8981849+01:00" testType="13cdc9d9-ddb5-4fa4-a97d-d965ccfc6d4b" outcome="Passed" testListId="8c84fa94-04c1-424b-9868-57a2d4851a1d" relativeResultsDirectory="75df1c51-febd-4b7b-8d2d-b50e1484da45" />
    <UnitTestResult executionId="7d03e747-7890-455e-8f90-a8350d607f92" testId="e1f855c8-36b9-4274-1f3f-20a1e21c5404" testName="OnPreviewKeyDown_Ctrl_Click_Unselect_Success" computerName="DKSR-EFI-04" duration="00:00:00.2513233" startTime="2023-12-22T09:34:11.1378894+01:00" endTime="2023-12-22T09:34:11.4199294+01:00" testType="13cdc9d9-ddb5-4fa4-a97d-d965ccfc6d4b" outcome="Passed" testListId="8c84fa94-04c1-424b-9868-57a2d4851a1d" relativeResultsDirectory="7d03e747-7890-455e-8f90-a8350d607f92" />
    <UnitTestResult executionId="fff6e84c-86c6-4919-a262-aab6c59ec262" testId="b2995b06-1442-48cc-a8f7-299ee21d333d" testName="UpdateFrameworkElementsOverlay_WithUnknownId_ShouldReturnFalse" computerName="DKSR-EFI-04" duration="00:00:00.0007675" startTime="2023-12-22T09:34:11.9084361+01:00" endTime="2023-12-22T09:34:11.9128470+01:00" testType="13cdc9d9-ddb5-4fa4-a97d-d965ccfc6d4b" outcome="Passed" testListId="8c84fa94-04c1-424b-9868-57a2d4851a1d" relativeResultsDirectory="fff6e84c-86c6-4919-a262-aab6c59ec262" />
    <UnitTestResult executionId="cc09f659-e146-4a3a-b098-fee39da35d56" testId="34b2f47b-480a-22d6-69fb-dc7eedfd64fd" testName="FormsControlScaleValue_150Percent_Scaling" computerName="DKSR-EFI-04" duration="00:00:00.0013851" startTime="2023-12-22T09:34:02.8590069+01:00" endTime="2023-12-22T09:34:02.8605892+01:00" testType="13cdc9d9-ddb5-4fa4-a97d-d965ccfc6d4b" outcome="Passed" testListId="8c84fa94-04c1-424b-9868-57a2d4851a1d" relativeResultsDirectory="cc09f659-e146-4a3a-b098-fee39da35d56" />
    <UnitTestResult executionId="6433041f-1503-462c-b1b9-8813601d861c" testId="d0c56151-9eb1-435a-613d-6b16219b3912" testName="OnPreviewKeyDown_LeftShift_Click_Select_Success" computerName="DKSR-EFI-04" duration="00:00:00.2306474" startTime="2023-12-22T09:34:09.2958787+01:00" endTime="2023-12-22T09:34:09.5366213+01:00" testType="13cdc9d9-ddb5-4fa4-a97d-d965ccfc6d4b" outcome="Passed" testListId="8c84fa94-04c1-424b-9868-57a2d4851a1d" relativeResultsDirectory="6433041f-1503-462c-b1b9-8813601d861c" />
    <UnitTestResult executionId="27238b06-1251-451b-a966-0322ae3712f9" testId="298c066a-2f38-5d22-8d3d-0de208425162" testName="DoComboSelectionSetTextToEntityDisplayNameWhenSingleInstance" computerName="DKSR-EFI-04" duration="00:00:00.0117500" startTime="2023-12-22T09:33:52.0713898+01:00" endTime="2023-12-22T09:33:52.2256026+01:00" testType="13cdc9d9-ddb5-4fa4-a97d-d965ccfc6d4b" outcome="Passed" testListId="8c84fa94-04c1-424b-9868-57a2d4851a1d" relativeResultsDirectory="27238b06-1251-451b-a966-0322ae3712f9" />
    <UnitTestResult executionId="71f8ddc3-6e86-4fab-adaf-e041689e096d" testId="583152d9-d199-0061-6cfe-e7b3f5f54327" testName="AuthenticationWindowsDefault_SetEnabled_Throws_InvalidOperationException" computerName="DKSR-EFI-04" duration="00:00:00.0003343" startTime="2023-12-22T09:34:12.5046576+01:00" endTime="2023-12-22T09:34:12.5051989+01:00" testType="13cdc9d9-ddb5-4fa4-a97d-d965ccfc6d4b" outcome="Passed" testListId="8c84fa94-04c1-424b-9868-57a2d4851a1d" relativeResultsDirectory="71f8ddc3-6e86-4fab-adaf-e041689e096d" />
    <UnitTestResult executionId="d46006f7-5939-4b56-999f-31ebc022cf5b" testId="f973a97f-5a8e-0209-5020-2d35dba67422" testName="Convert_WithRenamedAutomationId_ReturnsValue" computerName="DKSR-EFI-04" duration="00:00:00.0004270" startTime="2023-12-22T09:33:43.3699609+01:00" endTime="2023-12-22T09:33:43.3705182+01:00" testType="13cdc9d9-ddb5-4fa4-a97d-d965ccfc6d4b" outcome="Passed" testListId="8c84fa94-04c1-424b-9868-57a2d4851a1d" relativeResultsDirectory="d46006f7-5939-4b56-999f-31ebc022cf5b" />
    <UnitTestResult executionId="dfb8db5d-55f0-488d-970f-d9973b719078" testId="3e5839e2-2685-aaaf-8dd6-2d9da7f4f9a8" testName="FormsControlScaledLocationAndSize_AnchorLeftAndTop_150Percent_Scaling" computerName="DKSR-EFI-04" duration="00:00:00.0008869" startTime="2023-12-22T09:34:02.8701240+01:00" endTime="2023-12-22T09:34:02.8711835+01:00" testType="13cdc9d9-ddb5-4fa4-a97d-d965ccfc6d4b" outcome="Passed" testListId="8c84fa94-04c1-424b-9868-57a2d4851a1d" relativeResultsDirectory="dfb8db5d-55f0-488d-970f-d9973b719078" />
    <UnitTestResult executionId="da3d20b1-e29a-42f6-9517-5201545d54e2" testId="2feabfd6-0ffa-cf5e-b63d-1731ea803e6d" testName="OnPreviewKeyDown_PageUp_Success" computerName="DKSR-EFI-04" duration="00:00:00.1810764" startTime="2023-12-22T09:34:07.6915223+01:00" endTime="2023-12-22T09:34:07.8979775+01:00" testType="13cdc9d9-ddb5-4fa4-a97d-d965ccfc6d4b" outcome="Passed" testListId="8c84fa94-04c1-424b-9868-57a2d4851a1d" relativeResultsDirectory="da3d20b1-e29a-42f6-9517-5201545d54e2" />
    <UnitTestResult executionId="6c6d8526-66f3-4d7e-97d9-6710ef16dffd" testId="4542ac08-3156-be6f-f9b6-60fac905db13" testName="DetermineScaledWindowLocationAndSize_AtPosition_150Percent_Scaling" computerName="DKSR-EFI-04" duration="00:00:00.0009303" startTime="2023-12-22T09:34:02.8875539+01:00" endTime="2023-12-22T09:34:02.8886544+01:00" testType="13cdc9d9-ddb5-4fa4-a97d-d965ccfc6d4b" outcome="Passed" testListId="8c84fa94-04c1-424b-9868-57a2d4851a1d" relativeResultsDirectory="6c6d8526-66f3-4d7e-97d9-6710ef16dffd" />
    <UnitTestResult executionId="8d25a6bf-c81c-4b92-b601-5d1051539a1b" testId="99ffc01d-6d47-54d4-118d-67b642c0d057" testName="SelectedItems_Cleanup_Success" computerName="DKSR-EFI-04" duration="00:00:00.0045943" startTime="2023-12-22T09:34:11.4213500+01:00" endTime="2023-12-22T09:34:11.4542561+01:00" testType="13cdc9d9-ddb5-4fa4-a97d-d965ccfc6d4b" outcome="Passed" testListId="8c84fa94-04c1-424b-9868-57a2d4851a1d" relativeResultsDirectory="8d25a6bf-c81c-4b92-b601-5d1051539a1b" />
    <UnitTestResult executionId="23ddca52-ac5e-42da-88a7-9b24662135c4" testId="50b702b0-e703-363d-0b04-619370ec937b" testName="AllowUnsecureConnection_ShouldBeTrue_WhenNoServerEntryButUserExists" computerName="DKSR-EFI-04" duration="00:00:00.0018212" startTime="2023-12-22T09:34:12.6404030+01:00" endTime="2023-12-22T09:34:12.6423964+01:00" testType="13cdc9d9-ddb5-4fa4-a97d-d965ccfc6d4b" outcome="Passed" testListId="8c84fa94-04c1-424b-9868-57a2d4851a1d" relativeResultsDirectory="23ddca52-ac5e-42da-88a7-9b24662135c4" />
    <UnitTestResult executionId="617edb12-4ce0-43fe-9b5e-00603e0f58d1" testId="d01aff65-cc66-59d9-483c-ef58ff5b02b0" testName="Remove_SingleItem_SuccessWithSingleNotification" computerName="DKSR-EFI-04" duration="00:00:00.0015028" startTime="2023-12-22T09:34:11.4924263+01:00" endTime="2023-12-22T09:34:11.4942790+01:00" testType="13cdc9d9-ddb5-4fa4-a97d-d965ccfc6d4b" outcome="Passed" testListId="8c84fa94-04c1-424b-9868-57a2d4851a1d" relativeResultsDirectory="617edb12-4ce0-43fe-9b5e-00603e0f58d1" />
    <UnitTestResult executionId="59f8c3d5-3cd2-49c7-8adb-bcf5f107793b" testId="8ca24930-13c2-9054-276b-c0c9a4d03ea7" testName="SequenceEquals_OneCollectionWithDuplicateElementOrderedDifferently_IgnoreOrder_SymmetricalFalseResult" computerName="DKSR-EFI-04" duration="00:00:00.0002099" startTime="2023-12-22T09:34:02.3209245+01:00" endTime="2023-12-22T09:34:02.3213057+01:00" testType="13cdc9d9-ddb5-4fa4-a97d-d965ccfc6d4b" outcome="Passed" testListId="8c84fa94-04c1-424b-9868-57a2d4851a1d" relativeResultsDirectory="59f8c3d5-3cd2-49c7-8adb-bcf5f107793b" />
    <UnitTestResult executionId="c4fe6af1-e073-467b-be49-fd1f652028f0" testId="2b14ff95-cabe-8a3e-8e5c-8673fcb142c5" testName="SingleCameraMustSetDisplayNameDeletedCameraTextIfItDoesNotExist" computerName="DKSR-EFI-04" duration="00:00:00.0004205" startTime="2023-12-22T09:33:52.5886678+01:00" endTime="2023-12-22T09:33:52.5891992+01:00" testType="13cdc9d9-ddb5-4fa4-a97d-d965ccfc6d4b" outcome="Passed" testListId="8c84fa94-04c1-424b-9868-57a2d4851a1d" relativeResultsDirectory="c4fe6af1-e073-467b-be49-fd1f652028f0" />
    <UnitTestResult executionId="08e2b75e-a370-4556-a158-0ac2090ba1bd" testId="a0a697d6-c6a3-5a08-d701-7b26e299e138" testName="SaveToFile_ShouldSaveAllowUnsecureConnection_WhenAllowUnsecureSetToTrueAndServerEntryDoesNotExistInXml" computerName="DKSR-EFI-04" duration="00:00:00.0028413" startTime="2023-12-22T09:34:12.6749501+01:00" endTime="2023-12-22T09:34:12.6779674+01:00" testType="13cdc9d9-ddb5-4fa4-a97d-d965ccfc6d4b" outcome="Passed" testListId="8c84fa94-04c1-424b-9868-57a2d4851a1d" relativeResultsDirectory="08e2b75e-a370-4556-a158-0ac2090ba1bd" />
    <UnitTestResult executionId="670a3e9a-4d6b-4750-9c6a-49cc1ed34242" testId="30e292f5-f798-eac9-ba1e-713f3566415c" testName="OnPreviewKeyDown_Left_Success" computerName="DKSR-EFI-04" duration="00:00:00.1741911" startTime="2023-12-22T09:34:06.7878675+01:00" endTime="2023-12-22T09:34:06.9903431+01:00" testType="13cdc9d9-ddb5-4fa4-a97d-d965ccfc6d4b" outcome="Passed" testListId="8c84fa94-04c1-424b-9868-57a2d4851a1d" relativeResultsDirectory="670a3e9a-4d6b-4750-9c6a-49cc1ed34242" />
    <UnitTestResult executionId="5d2e0a1d-aa3a-4a51-b3b5-eb39d717344a" testId="f335010e-9fe4-33d4-3df2-9a2fa868a446" testName="Ctor_Success" computerName="DKSR-EFI-04" duration="00:00:00.0195202" startTime="2023-12-22T09:34:03.6269771+01:00" endTime="2023-12-22T09:34:03.7348204+01:00" testType="13cdc9d9-ddb5-4fa4-a97d-d965ccfc6d4b" outcome="Passed" testListId="8c84fa94-04c1-424b-9868-57a2d4851a1d" relativeResultsDirectory="5d2e0a1d-aa3a-4a51-b3b5-eb39d717344a" />
    <UnitTestResult executionId="6c3b36c5-2274-43d6-81ec-f0704c356806" testId="f1184a8e-b69a-6295-ac82-24b2bd10984c" testName="OnPreviewKeyDown_Space_Success" computerName="DKSR-EFI-04" duration="00:00:00.2280811" startTime="2023-12-22T09:34:05.6332060+01:00" endTime="2023-12-22T09:34:05.9202589+01:00" testType="13cdc9d9-ddb5-4fa4-a97d-d965ccfc6d4b" outcome="Passed" testListId="8c84fa94-04c1-424b-9868-57a2d4851a1d" relativeResultsDirectory="6c3b36c5-2274-43d6-81ec-f0704c356806" />
  </Results>
  <TestDefinitions>
    <UnitTest name="PersistTilesCallsAppropriateMethodsInProvider" storage="d:\actions-runner\_work\xpco\xpco\allsolutions\..\common\sc_commonfiles\zsc_commonfiles_unittest\bin\debug\net6.0-windows\zsc_commonfiles_unittest.dll" id="459463df-7b24-1834-e524-ebc8eb49d9bc">
      <Execution id="a6c292e9-2178-43c8-aeec-3600dfc6e643" />
      <TestMethod codeBase="D:\actions-runner\_work\XPCO\XPCO\AllSolutions\..\Common\SC_CommonFiles\zSC_CommonFiles_UnitTest\bin\Debug\net6.0-windows\zSC_CommonFiles_UnitTest.dll" adapterTypeName="executor://mstestadapter/v2" className="zSC_CommonFiles_UnitTest.DashboardTilesTests" name="PersistTilesCallsAppropriateMethodsInProvider" />
    </UnitTest>
    <UnitTest name="ItemHolder_MouseOver_Success" storage="d:\actions-runner\_work\xpco\xpco\allsolutions\..\common\sc_commonfiles\zsc_commonfiles_unittest\bin\debug\net6.0-windows\zsc_commonfiles_unittest.dll" id="dbbf39a1-557e-8113-cb77-f2aa3140bfbd">
      <TestCategory>
        <TestCategoryItem TestCategory="SC_CommonFiles.WPF.TileLayout" />
      </TestCategory>
      <Execution id="7779fa13-a1a1-4d56-8dc7-80ac4b8f948e" />
      <TestMethod codeBase="D:\actions-runner\_work\XPCO\XPCO\AllSolutions\..\Common\SC_CommonFiles\zSC_CommonFiles_UnitTest\bin\Debug\net6.0-windows\zSC_CommonFiles_UnitTest.dll" adapterTypeName="executor://mstestadapter/v2" className="zSC_CommonFiles_UnitTest.VideoOS.UI.Common.WPF.TileLayout.TileLayoutTest" name="ItemHolder_MouseOver_Success" />
    </UnitTest>
    <UnitTest name="AuthenticationExternal_CopyConstructor_NullBaseAuth_Throws_ArgumentNullException" storage="d:\actions-runner\_work\xpco\xpco\allsolutions\..\common\sc_commonfiles\zsc_commonfiles_unittest\bin\debug\net6.0-windows\zsc_commonfiles_unittest.dll" id="406127ab-b342-e721-d286-823ee31b0fbc">
      <TestCategory>
        <TestCategoryItem TestCategory="AuthenticationInfoTests" />
      </TestCategory>
      <Execution id="f054763e-bc0b-4303-bbed-34282e028872" />
      <TestMethod codeBase="D:\actions-runner\_work\XPCO\XPCO\AllSolutions\..\Common\SC_CommonFiles\zSC_CommonFiles_UnitTest\bin\Debug\net6.0-windows\zSC_CommonFiles_UnitTest.dll" adapterTypeName="executor://mstestadapter/v2" className="zSC_CommonFiles_UnitTest.VideoOS.Common.Login.AuthenticationInfoTests" name="AuthenticationExternal_CopyConstructor_NullBaseAuth_Throws_ArgumentNullException" />
    </UnitTest>
    <UnitTest name="RangeSingleEdit_EnterLargeNumber_EditFieldAutosizedAndCentered" storage="d:\actions-runner\_work\xpco\xpco\allsolutions\..\common\sc_commonfiles\zsc_commonfiles_unittest\bin\debug\net6.0-windows\zsc_commonfiles_unittest.dll" id="ce44940c-50be-b7ab-4e00-61b9f154d25c">
      <TestCategory>
        <TestCategoryItem TestCategory="RangeSelector" />
      </TestCategory>
      <Execution id="ff1a842d-2252-4282-b148-b86a64a489c8" />
      <TestMethod codeBase="D:\actions-runner\_work\XPCO\XPCO\AllSolutions\..\Common\SC_CommonFiles\zSC_CommonFiles_UnitTest\bin\Debug\net6.0-windows\zSC_CommonFiles_UnitTest.dll" adapterTypeName="executor://mstestadapter/v2" className="VideoOS.UI.Common.WPF.RangeSelector.RangeSelectorTest" name="RangeSingleEdit_EnterLargeNumber_EditFieldAutosizedAndCentered" />
    </UnitTest>
    <UnitTest name="TooltipServiceWarning_UpdateTimeDefined" storage="d:\actions-runner\_work\xpco\xpco\allsolutions\..\common\sc_commonfiles\zsc_commonfiles_unittest\bin\debug\net6.0-windows\zsc_commonfiles_unittest.dll" id="b0004f06-300e-d87d-8715-e540888dd689">
      <Execution id="099e3fe3-a514-4beb-8cc7-75865ce221d5" />
      <TestMethod codeBase="D:\actions-runner\_work\XPCO\XPCO\AllSolutions\..\Common\SC_CommonFiles\zSC_CommonFiles_UnitTest\bin\Debug\net6.0-windows\zSC_CommonFiles_UnitTest.dll" adapterTypeName="executor://mstestadapter/v2" className="zSC_CommonFiles_UnitTest.VideoOS.UI.Common.WPF.Dashboard.Types.ServerTest" name="TooltipServiceWarning_UpdateTimeDefined" />
    </UnitTest>
    <UnitTest name="SaveToFile_ShouldSaveAllowUnsecureConnection_WhenAllowUnsecureIsTrue" storage="d:\actions-runner\_work\xpco\xpco\allsolutions\..\common\sc_commonfiles\zsc_commonfiles_unittest\bin\debug\net6.0-windows\zsc_commonfiles_unittest.dll" id="93774d2d-144b-7040-611e-7e563672ebaa">
      <Execution id="14d0265b-7fc8-4cdc-87ff-ac52fbe2d646" />
      <TestMethod codeBase="D:\actions-runner\_work\XPCO\XPCO\AllSolutions\..\Common\SC_CommonFiles\zSC_CommonFiles_UnitTest\bin\Debug\net6.0-windows\zSC_CommonFiles_UnitTest.dll" adapterTypeName="executor://mstestadapter/v2" className="zSC_CommonFiles_UnitTest.VideoOS.Common.Login.UIConnectionInfoTests" name="SaveToFile_ShouldSaveAllowUnsecureConnection_WhenAllowUnsecureIsTrue" />
    </UnitTest>
    <UnitTest name="RoundToSecond_Nearest" storage="d:\actions-runner\_work\xpco\xpco\allsolutions\..\common\sc_commonfiles\zsc_commonfiles_unittest\bin\debug\net6.0-windows\zsc_commonfiles_unittest.dll" id="7cf60077-2671-481f-1310-11968c982eb2">
      <Execution id="3ce8d496-2780-4f24-b2b1-894f46bbe38d" />
      <TestMethod codeBase="D:\actions-runner\_work\XPCO\XPCO\AllSolutions\..\Common\SC_CommonFiles\zSC_CommonFiles_UnitTest\bin\Debug\net6.0-windows\zSC_CommonFiles_UnitTest.dll" adapterTypeName="executor://mstestadapter/v2" className="zSC_CommonFiles_UnitTest.VideoOS.UI.Common.WPF.Utils.ExtensionMethods.DateTimeExtensionsTests" name="RoundToSecond_Nearest" />
    </UnitTest>
    <UnitTest name="OnPreviewKeyDown_Return_Success" storage="d:\actions-runner\_work\xpco\xpco\allsolutions\..\common\sc_commonfiles\zsc_commonfiles_unittest\bin\debug\net6.0-windows\zsc_commonfiles_unittest.dll" id="a7304e06-ae3e-2e3a-5ce1-1639916ee77c">
      <TestCategory>
        <TestCategoryItem TestCategory="SC_CommonFiles.WPF.TileLayout" />
      </TestCategory>
      <Execution id="65e15dca-b4b5-410c-9330-eafb06e75149" />
      <TestMethod codeBase="D:\actions-runner\_work\XPCO\XPCO\AllSolutions\..\Common\SC_CommonFiles\zSC_CommonFiles_UnitTest\bin\Debug\net6.0-windows\zSC_CommonFiles_UnitTest.dll" adapterTypeName="executor://mstestadapter/v2" className="zSC_CommonFiles_UnitTest.VideoOS.UI.Common.WPF.TileLayout.TileLayoutTest" name="OnPreviewKeyDown_Return_Success" />
    </UnitTest>
    <UnitTest name="ShowDialogScaled_150Percent_Scaling" storage="d:\actions-runner\_work\xpco\xpco\allsolutions\..\common\sc_commonfiles\zsc_commonfiles_unittest\bin\debug\net6.0-windows\zsc_commonfiles_unittest.dll" id="39556250-42a0-8230-36af-33fb371b59df">
      <Execution id="9924b3a2-adc6-4aa7-a414-562b9edba0b2" />
      <TestMethod codeBase="D:\actions-runner\_work\XPCO\XPCO\AllSolutions\..\Common\SC_CommonFiles\zSC_CommonFiles_UnitTest\bin\Debug\net6.0-windows\zSC_CommonFiles_UnitTest.dll" adapterTypeName="executor://mstestadapter/v2" className="zSC_CommonFiles_UnitTest.VideoOS.UI.Common.WPF.Utils.ExtensionMethods.WindowExtensionsTests" name="ShowDialogScaled_150Percent_Scaling" />
    </UnitTest>
    <UnitTest name="ValidSlides_ShouldNotContainDefaults" storage="d:\actions-runner\_work\xpco\xpco\allsolutions\..\common\sc_commonfiles\zsc_commonfiles_unittest\bin\debug\net6.0-windows\zsc_commonfiles_unittest.dll" id="fc42ecd1-8c72-c445-ea96-97544145f9ab">
      <Execution id="c427c768-e1fa-4d1c-a9bf-fa46f41b0c0a" />
      <TestMethod codeBase="D:\actions-runner\_work\XPCO\XPCO\AllSolutions\..\Common\SC_CommonFiles\zSC_CommonFiles_UnitTest\bin\Debug\net6.0-windows\zSC_CommonFiles_UnitTest.dll" adapterTypeName="executor://mstestadapter/v2" className="zSC_CommonFiles_UnitTest.VideoOS.UI.Common.WPF.VideoText.VideoTextWindowViewModelTests" name="ValidSlides_ShouldNotContainDefaults" />
    </UnitTest>
    <UnitTest name="FindOptimalTilingCalculatesRowsColumnsAppropriateToTileAndWindowRatioAndWithOptimumNumberOfCells" storage="d:\actions-runner\_work\xpco\xpco\allsolutions\..\common\sc_commonfiles\zsc_commonfiles_unittest\bin\debug\net6.0-windows\zsc_commonfiles_unittest.dll" id="2eb304bc-29a1-e3fc-a1ed-62b709614ba3">
      <Execution id="7cbaaa08-a1ec-481d-a627-a343a50dca24" />
      <TestMethod codeBase="D:\actions-runner\_work\XPCO\XPCO\AllSolutions\..\Common\SC_CommonFiles\zSC_CommonFiles_UnitTest\bin\Debug\net6.0-windows\zSC_CommonFiles_UnitTest.dll" adapterTypeName="executor://mstestadapter/v2" className="zSC_CommonFiles_UnitTest.DashboardTilesTests" name="FindOptimalTilingCalculatesRowsColumnsAppropriateToTileAndWindowRatioAndWithOptimumNumberOfCells" />
    </UnitTest>
    <UnitTest name="GetImageSource_16px_Success" storage="d:\actions-runner\_work\xpco\xpco\allsolutions\..\common\sc_commonfiles\zsc_commonfiles_unittest\bin\debug\net6.0-windows\zsc_commonfiles_unittest.dll" id="8a767b9b-e015-e5fc-c6e0-fb31075f769b">
      <TestCategory>
        <TestCategoryItem TestCategory="SC_CommonFiles.WPF" />
      </TestCategory>
      <Execution id="72839b5f-7ae6-484f-a2fc-ff7484128ef0" />
      <TestMethod codeBase="D:\actions-runner\_work\XPCO\XPCO\AllSolutions\..\Common\SC_CommonFiles\zSC_CommonFiles_UnitTest\bin\Debug\net6.0-windows\zSC_CommonFiles_UnitTest.dll" adapterTypeName="executor://mstestadapter/v2" className="zSC_CommonFiles_UnitTest.VideoOS.UI.Common.WPF.Utils.ExtensionMethods.IconExtensionsTests" name="GetImageSource_16px_Success" />
    </UnitTest>
    <UnitTest name="GetDoubleValueOrDefault_KeyNotFound_DefaultValueReturned" storage="d:\actions-runner\_work\xpco\xpco\allsolutions\..\common\sc_commonfiles\zsc_commonfiles_unittest\bin\debug\net6.0-windows\zsc_commonfiles_unittest.dll" id="49b54f08-f7f0-ba91-ee50-7ae6390d4af1">
      <Execution id="1c647ccc-9fe4-43e5-83a2-6fdde8e8213a" />
      <TestMethod codeBase="D:\actions-runner\_work\XPCO\XPCO\AllSolutions\..\Common\SC_CommonFiles\zSC_CommonFiles_UnitTest\bin\Debug\net6.0-windows\zSC_CommonFiles_UnitTest.dll" adapterTypeName="executor://mstestadapter/v2" className="zSC_CommonFiles_UnitTest.VideoOS.Common.Configuration.NameValueCollectionExtensionsTest" name="GetDoubleValueOrDefault_KeyNotFound_DefaultValueReturned" />
    </UnitTest>
    <UnitTest name="MeasureOverride_4child_InvalidChild_EnoughSpace_NotShrunk" storage="d:\actions-runner\_work\xpco\xpco\allsolutions\..\common\sc_commonfiles\zsc_commonfiles_unittest\bin\debug\net6.0-windows\zsc_commonfiles_unittest.dll" id="aadb342a-ff06-0cc2-8ee7-a275dc1cd7f8">
      <TestCategory>
        <TestCategoryItem TestCategory="Controls" />
      </TestCategory>
      <Execution id="f5129ce2-de91-4851-a356-4e428e2741a9" />
      <TestMethod codeBase="D:\actions-runner\_work\XPCO\XPCO\AllSolutions\..\Common\SC_CommonFiles\zSC_CommonFiles_UnitTest\bin\Debug\net6.0-windows\zSC_CommonFiles_UnitTest.dll" adapterTypeName="executor://mstestadapter/v2" className="VideoOS.UI.Common.WPF.Controls.HorizontalPanelTests" name="MeasureOverride_4child_InvalidChild_EnoughSpace_NotShrunk" />
    </UnitTest>
    <UnitTest name="DetermineScaledWindowLocationAndSize_100Percent_Scaling" storage="d:\actions-runner\_work\xpco\xpco\allsolutions\..\common\sc_commonfiles\zsc_commonfiles_unittest\bin\debug\net6.0-windows\zsc_commonfiles_unittest.dll" id="255725f3-62ba-63bd-b914-0cdfd4638d83">
      <Execution id="8c0d8390-5af3-41fc-bf39-6d6f9ab45421" />
      <TestMethod codeBase="D:\actions-runner\_work\XPCO\XPCO\AllSolutions\..\Common\SC_CommonFiles\zSC_CommonFiles_UnitTest\bin\Debug\net6.0-windows\zSC_CommonFiles_UnitTest.dll" adapterTypeName="executor://mstestadapter/v2" className="zSC_CommonFiles_UnitTest.VideoOS.UI.Common.WPF.Utils.ExtensionMethods.WindowExtensionsTests" name="DetermineScaledWindowLocationAndSize_100Percent_Scaling" />
    </UnitTest>
    <UnitTest name="StopAndDisconnect_SessionNotStarted_ServiceNotCalled" storage="d:\actions-runner\_work\xpco\xpco\allsolutions\..\common\sc_commonfiles\zsc_commonfiles_unittest\bin\debug\net6.0-windows\zsc_commonfiles_unittest.dll" id="00128a49-1d90-04d8-005b-b12d7a997cf3">
      <Execution id="9a6d195b-fbec-48f5-9c41-2dc6d906233a" />
      <TestMethod codeBase="D:\actions-runner\_work\XPCO\XPCO\AllSolutions\..\Common\SC_CommonFiles\zSC_CommonFiles_UnitTest\bin\Debug\net6.0-windows\zSC_CommonFiles_UnitTest.dll" adapterTypeName="executor://mstestadapter/v2" className="zSC_CommonFiles_UnitTest.VideoOS.Common.State.StateManagerTests" name="StopAndDisconnect_SessionNotStarted_ServiceNotCalled" />
    </UnitTest>
    <UnitTest name="TileIsStateUndefinedIfCurrentStatesIsNull" storage="d:\actions-runner\_work\xpco\xpco\allsolutions\..\common\sc_commonfiles\zsc_commonfiles_unittest\bin\debug\net6.0-windows\zsc_commonfiles_unittest.dll" id="95ce4bfb-8a8a-2e2d-8537-47c45d12d2d7">
      <Execution id="44bb339c-20a3-4bbb-b03f-b44c921170c3" />
      <TestMethod codeBase="D:\actions-runner\_work\XPCO\XPCO\AllSolutions\..\Common\SC_CommonFiles\zSC_CommonFiles_UnitTest\bin\Debug\net6.0-windows\zSC_CommonFiles_UnitTest.dll" adapterTypeName="executor://mstestadapter/v2" className="zSC_CommonFiles_UnitTest.DashboardTilesTests" name="TileIsStateUndefinedIfCurrentStatesIsNull" />
    </UnitTest>
    <UnitTest name="DetermineScaledWindowLocationAndSize_AtPosition_100Percent_Scaling" storage="d:\actions-runner\_work\xpco\xpco\allsolutions\..\common\sc_commonfiles\zsc_commonfiles_unittest\bin\debug\net6.0-windows\zsc_commonfiles_unittest.dll" id="d6602b74-10ff-8e4a-a599-5e89f61e24aa">
      <Execution id="7742f6f7-d97c-4721-a991-ab6565dd61e1" />
      <TestMethod codeBase="D:\actions-runner\_work\XPCO\XPCO\AllSolutions\..\Common\SC_CommonFiles\zSC_CommonFiles_UnitTest\bin\Debug\net6.0-windows\zSC_CommonFiles_UnitTest.dll" adapterTypeName="executor://mstestadapter/v2" className="zSC_CommonFiles_UnitTest.VideoOS.UI.Common.WPF.Utils.ExtensionMethods.WindowExtensionsTests" name="DetermineScaledWindowLocationAndSize_AtPosition_100Percent_Scaling" />
    </UnitTest>
    <UnitTest name="FormsControlScaledLocationAndSize_NegativePositions_100Percent_Scaling" storage="d:\actions-runner\_work\xpco\xpco\allsolutions\..\common\sc_commonfiles\zsc_commonfiles_unittest\bin\debug\net6.0-windows\zsc_commonfiles_unittest.dll" id="a53bc742-1aa6-1112-cd67-7bd1ef336fc4">
      <Execution id="2f615db9-11a2-4e1a-801c-66ea32c97fe7" />
      <TestMethod codeBase="D:\actions-runner\_work\XPCO\XPCO\AllSolutions\..\Common\SC_CommonFiles\zSC_CommonFiles_UnitTest\bin\Debug\net6.0-windows\zSC_CommonFiles_UnitTest.dll" adapterTypeName="executor://mstestadapter/v2" className="zSC_CommonFiles_UnitTest.VideoOS.UI.Common.WPF.Utils.ExtensionMethods.WindowExtensionsTests" name="FormsControlScaledLocationAndSize_NegativePositions_100Percent_Scaling" />
    </UnitTest>
    <UnitTest name="TestHistoryFileSetter" storage="d:\actions-runner\_work\xpco\xpco\allsolutions\..\common\sc_commonfiles\zsc_commonfiles_unittest\bin\debug\net6.0-windows\zsc_commonfiles_unittest.dll" id="d2336b6f-ec47-a30f-6052-9d509a829189">
      <Execution id="0c7ffe2d-43c5-4be3-bcb1-bcb68a54ccae" />
      <TestMethod codeBase="D:\actions-runner\_work\XPCO\XPCO\AllSolutions\..\Common\SC_CommonFiles\zSC_CommonFiles_UnitTest\bin\Debug\net6.0-windows\zSC_CommonFiles_UnitTest.dll" adapterTypeName="executor://mstestadapter/v2" className="zSC_CommonFiles_UnitTest.VideoOS.Common.Login.UIConnectionInfoTests" name="TestHistoryFileSetter" />
    </UnitTest>
    <UnitTest name="TryGetIntValue_KeyFound_ValueReturned" storage="d:\actions-runner\_work\xpco\xpco\allsolutions\..\common\sc_commonfiles\zsc_commonfiles_unittest\bin\debug\net6.0-windows\zsc_commonfiles_unittest.dll" id="bf21cb13-4f33-4868-5185-223274a7024a">
      <Execution id="3dc13c47-bb22-4be1-ace2-bcbb1f43596a" />
      <TestMethod codeBase="D:\actions-runner\_work\XPCO\XPCO\AllSolutions\..\Common\SC_CommonFiles\zSC_CommonFiles_UnitTest\bin\Debug\net6.0-windows\zSC_CommonFiles_UnitTest.dll" adapterTypeName="executor://mstestadapter/v2" className="zSC_CommonFiles_UnitTest.VideoOS.Common.Configuration.NameValueCollectionExtensionsTest" name="TryGetIntValue_KeyFound_ValueReturned" />
    </UnitTest>
    <UnitTest name="Constructor_ShouldCreateTreeOfDepth1_WhenUnitsHaveNoParentButToplevelNodesAreSet" storage="d:\actions-runner\_work\xpco\xpco\allsolutions\..\common\sc_commonfiles\zsc_commonfiles_unittest\bin\debug\net6.0-windows\zsc_commonfiles_unittest.dll" id="ae5ac97e-8b8c-eeb7-7e79-fd8b61df6329">
      <Execution id="b47e995c-d29b-40d8-aabd-66244ed3053e" />
      <TestMethod codeBase="D:\actions-runner\_work\XPCO\XPCO\AllSolutions\..\Common\SC_CommonFiles\zSC_CommonFiles_UnitTest\bin\Debug\net6.0-windows\zSC_CommonFiles_UnitTest.dll" adapterTypeName="executor://mstestadapter/v2" className="SmartClient_UnitTest_VideoOS_UI_Common_WPF_FilterTree.FilterTreeUserControlViewModelTest" name="Constructor_ShouldCreateTreeOfDepth1_WhenUnitsHaveNoParentButToplevelNodesAreSet" />
    </UnitTest>
    <UnitTest name="FormsControlScaledLocationAndSize_AnchorRightAndBottom_150Percent_Scaling" storage="d:\actions-runner\_work\xpco\xpco\allsolutions\..\common\sc_commonfiles\zsc_commonfiles_unittest\bin\debug\net6.0-windows\zsc_commonfiles_unittest.dll" id="edd04f72-e846-3536-4d16-cb04e8460e6b">
      <Execution id="f08b9406-3c01-4325-9bb7-efd609437706" />
      <TestMethod codeBase="D:\actions-runner\_work\XPCO\XPCO\AllSolutions\..\Common\SC_CommonFiles\zSC_CommonFiles_UnitTest\bin\Debug\net6.0-windows\zSC_CommonFiles_UnitTest.dll" adapterTypeName="executor://mstestadapter/v2" className="zSC_CommonFiles_UnitTest.VideoOS.UI.Common.WPF.Utils.ExtensionMethods.WindowExtensionsTests" name="FormsControlScaledLocationAndSize_AnchorRightAndBottom_150Percent_Scaling" />
    </UnitTest>
    <UnitTest name="UpdateServerState_FailoverErrorState" storage="d:\actions-runner\_work\xpco\xpco\allsolutions\..\common\sc_commonfiles\zsc_commonfiles_unittest\bin\debug\net6.0-windows\zsc_commonfiles_unittest.dll" id="68a3dcd6-b2e6-5bb3-d82c-04377e1a7b9b">
      <Execution id="e571889c-0a98-4a37-afd2-0fb279c470d2" />
      <TestMethod codeBase="D:\actions-runner\_work\XPCO\XPCO\AllSolutions\..\Common\SC_CommonFiles\zSC_CommonFiles_UnitTest\bin\Debug\net6.0-windows\zSC_CommonFiles_UnitTest.dll" adapterTypeName="executor://mstestadapter/v2" className="zSC_CommonFiles_UnitTest.VideoOS.UI.Common.WPF.Dashboard.List.ListServersAndCamerasModelTest" name="UpdateServerState_FailoverErrorState" />
    </UnitTest>
    <UnitTest name="Activate_ToastActivated" storage="d:\actions-runner\_work\xpco\xpco\allsolutions\..\common\sc_commonfiles\zsc_commonfiles_unittest\bin\debug\net6.0-windows\zsc_commonfiles_unittest.dll" id="20c0e1dd-a74f-c654-d865-142fb2a2787f">
      <TestCategory>
        <TestCategoryItem TestCategory="Toasts" />
      </TestCategory>
      <Execution id="1529e3fe-7d13-45d2-af92-673a9a6dc20a" />
      <TestMethod codeBase="D:\actions-runner\_work\XPCO\XPCO\AllSolutions\..\Common\SC_CommonFiles\zSC_CommonFiles_UnitTest\bin\Debug\net6.0-windows\zSC_CommonFiles_UnitTest.dll" adapterTypeName="executor://mstestadapter/v2" className="zSC_CommonFiles_UnitTest.VideoOS.UI.Common.WPF.Toast.ToastBaseTests" name="Activate_ToastActivated" />
    </UnitTest>
    <UnitTest name="RoundToMillisecond_RoundDown" storage="d:\actions-runner\_work\xpco\xpco\allsolutions\..\common\sc_commonfiles\zsc_commonfiles_unittest\bin\debug\net6.0-windows\zsc_commonfiles_unittest.dll" id="132e103c-17cc-dd6d-9a83-6fdfdde045a1">
      <Execution id="a010a276-23a7-4151-8403-4e521cd535bd" />
      <TestMethod codeBase="D:\actions-runner\_work\XPCO\XPCO\AllSolutions\..\Common\SC_CommonFiles\zSC_CommonFiles_UnitTest\bin\Debug\net6.0-windows\zSC_CommonFiles_UnitTest.dll" adapterTypeName="executor://mstestadapter/v2" className="zSC_CommonFiles_UnitTest.VideoOS.UI.Common.WPF.Utils.ExtensionMethods.TimeSpanExtensionsTests" name="RoundToMillisecond_RoundDown" />
    </UnitTest>
    <UnitTest name="Clear_NoCleanupTimerRunning_Success" storage="d:\actions-runner\_work\xpco\xpco\allsolutions\..\common\sc_commonfiles\zsc_commonfiles_unittest\bin\debug\net6.0-windows\zsc_commonfiles_unittest.dll" id="853fc9d6-6db1-9e50-13df-6a1ab3128380">
      <Execution id="e78945e1-4948-4194-86ef-7ecb29693798" />
      <TestMethod codeBase="D:\actions-runner\_work\XPCO\XPCO\AllSolutions\..\Common\SC_CommonFiles\zSC_CommonFiles_UnitTest\bin\Debug\net6.0-windows\zSC_CommonFiles_UnitTest.dll" adapterTypeName="executor://mstestadapter/v2" className="VideoOS.UI.Common.WPF.Utils.RecyclingFactory.RecyclingFactoryTests" name="Clear_NoCleanupTimerRunning_Success" />
    </UnitTest>
    <UnitTest name="SubstractTest" storage="d:\actions-runner\_work\xpco\xpco\allsolutions\..\common\sc_commonfiles\zsc_commonfiles_unittest\bin\debug\net6.0-windows\zsc_commonfiles_unittest.dll" id="8830f43b-5d5e-0d90-f334-a1cf125e39b1">
      <Execution id="3db245c0-ab5b-4272-a939-36dbddfdf572" />
      <TestMethod codeBase="D:\actions-runner\_work\XPCO\XPCO\AllSolutions\..\Common\SC_CommonFiles\zSC_CommonFiles_UnitTest\bin\Debug\net6.0-windows\zSC_CommonFiles_UnitTest.dll" adapterTypeName="executor://mstestadapter/v2" className="SmartClient_UnitTest_VideoOS_UI_Common_WPF_Timeline.TimeIntervalTest" name="SubstractTest" />
    </UnitTest>
    <UnitTest name="TileIsStateUndefinedIfAllCurrentStatesAreUndefined" storage="d:\actions-runner\_work\xpco\xpco\allsolutions\..\common\sc_commonfiles\zsc_commonfiles_unittest\bin\debug\net6.0-windows\zsc_commonfiles_unittest.dll" id="88c0ee23-26fa-850a-6ac5-863c20752b1c">
      <Execution id="df6a2b3d-4651-4085-bef1-453748ba32df" />
      <TestMethod codeBase="D:\actions-runner\_work\XPCO\XPCO\AllSolutions\..\Common\SC_CommonFiles\zSC_CommonFiles_UnitTest\bin\Debug\net6.0-windows\zSC_CommonFiles_UnitTest.dll" adapterTypeName="executor://mstestadapter/v2" className="zSC_CommonFiles_UnitTest.DashboardTilesTests" name="TileIsStateUndefinedIfAllCurrentStatesAreUndefined" />
    </UnitTest>
    <UnitTest name="FiresCorrectly" storage="d:\actions-runner\_work\xpco\xpco\allsolutions\..\common\sc_commonfiles\zsc_commonfiles_unittest\bin\debug\net6.0-windows\zsc_commonfiles_unittest.dll" id="9055d3e9-2242-b78d-4e5e-551084a63cc0">
      <Execution id="f812adc7-8ec6-4eb5-8818-dd84244181b9" />
      <TestMethod codeBase="D:\actions-runner\_work\XPCO\XPCO\AllSolutions\..\Common\SC_CommonFiles\zSC_CommonFiles_UnitTest\bin\Debug\net6.0-windows\zSC_CommonFiles_UnitTest.dll" adapterTypeName="executor://mstestadapter/v2" className="zSC_CommonFiles_UnitTest.VideoOS.UI.Common.WPF.Utils.WeakEventTests" name="FiresCorrectly" />
    </UnitTest>
    <UnitTest name="ClearUnsecureConnectionAllowedForUser_ShouldRemoveUser_WhenUserExists" storage="d:\actions-runner\_work\xpco\xpco\allsolutions\..\common\sc_commonfiles\zsc_commonfiles_unittest\bin\debug\net6.0-windows\zsc_commonfiles_unittest.dll" id="5a9cc3cc-6255-3658-268b-a50ddfebf55b">
      <Execution id="24e30ab5-49fc-4b0a-b605-f5df23986783" />
      <TestMethod codeBase="D:\actions-runner\_work\XPCO\XPCO\AllSolutions\..\Common\SC_CommonFiles\zSC_CommonFiles_UnitTest\bin\Debug\net6.0-windows\zSC_CommonFiles_UnitTest.dll" adapterTypeName="executor://mstestadapter/v2" className="zSC_CommonFiles_UnitTest.VideoOS.Common.Login.UIConnectionInfoTests" name="ClearUnsecureConnectionAllowedForUser_ShouldRemoveUser_WhenUserExists" />
    </UnitTest>
    <UnitTest name="UpdateFrameworkElementsOverlay_WithChangedFollowDigitalZoom_ShouldUpdateBothLists" storage="d:\actions-runner\_work\xpco\xpco\allsolutions\..\common\sc_commonfiles\zsc_commonfiles_unittest\bin\debug\net6.0-windows\zsc_commonfiles_unittest.dll" id="33341dd4-6583-40f9-1eba-1c8c959a3a5e">
      <Execution id="51d3669b-f41f-4fa9-a01a-eb2be42dcb9b" />
      <TestMethod codeBase="D:\actions-runner\_work\XPCO\XPCO\AllSolutions\..\Common\SC_CommonFiles\zSC_CommonFiles_UnitTest\bin\Debug\net6.0-windows\zSC_CommonFiles_UnitTest.dll" adapterTypeName="executor://mstestadapter/v2" className="zSC_CommonFiles_UnitTest.VideoOS.UI.Common.WPF.VideoPlayer.Model.FrameworkElementsOverlayModelTests" name="UpdateFrameworkElementsOverlay_WithChangedFollowDigitalZoom_ShouldUpdateBothLists" />
    </UnitTest>
    <UnitTest name="AuthenticationExternal_SetProperties_Success" storage="d:\actions-runner\_work\xpco\xpco\allsolutions\..\common\sc_commonfiles\zsc_commonfiles_unittest\bin\debug\net6.0-windows\zsc_commonfiles_unittest.dll" id="2cd364b1-6937-7083-5f7e-1dd1eac47cf1">
      <TestCategory>
        <TestCategoryItem TestCategory="AuthenticationInfoTests" />
      </TestCategory>
      <Execution id="2c21d713-f9fe-4392-9359-c5f4ca5d4c55" />
      <TestMethod codeBase="D:\actions-runner\_work\XPCO\XPCO\AllSolutions\..\Common\SC_CommonFiles\zSC_CommonFiles_UnitTest\bin\Debug\net6.0-windows\zSC_CommonFiles_UnitTest.dll" adapterTypeName="executor://mstestadapter/v2" className="zSC_CommonFiles_UnitTest.VideoOS.Common.Login.AuthenticationInfoTests" name="AuthenticationExternal_SetProperties_Success" />
    </UnitTest>
    <UnitTest name="TileStateBecomesDefinedAsSoonAsOneCounterStateBecomesDefined" storage="d:\actions-runner\_work\xpco\xpco\allsolutions\..\common\sc_commonfiles\zsc_commonfiles_unittest\bin\debug\net6.0-windows\zsc_commonfiles_unittest.dll" id="e1c70711-e4bc-fec3-f088-e58c3b0e3088">
      <Execution id="9e6c3e4c-8326-4046-b3b7-d5d258dfadf7" />
      <TestMethod codeBase="D:\actions-runner\_work\XPCO\XPCO\AllSolutions\..\Common\SC_CommonFiles\zSC_CommonFiles_UnitTest\bin\Debug\net6.0-windows\zSC_CommonFiles_UnitTest.dll" adapterTypeName="executor://mstestadapter/v2" className="zSC_CommonFiles_UnitTest.DashboardTilesTests" name="TileStateBecomesDefinedAsSoonAsOneCounterStateBecomesDefined" />
    </UnitTest>
    <UnitTest name="TooltipServiceWarning_Failover_Combined" storage="d:\actions-runner\_work\xpco\xpco\allsolutions\..\common\sc_commonfiles\zsc_commonfiles_unittest\bin\debug\net6.0-windows\zsc_commonfiles_unittest.dll" id="f5cf44f1-55f9-84ba-0c1d-f402f9b081e8">
      <Execution id="b19d48a0-a06c-46d1-b454-1fe722559d57" />
      <TestMethod codeBase="D:\actions-runner\_work\XPCO\XPCO\AllSolutions\..\Common\SC_CommonFiles\zSC_CommonFiles_UnitTest\bin\Debug\net6.0-windows\zSC_CommonFiles_UnitTest.dll" adapterTypeName="executor://mstestadapter/v2" className="zSC_CommonFiles_UnitTest.VideoOS.UI.Common.WPF.Dashboard.Types.ServerTest" name="TooltipServiceWarning_Failover_Combined" />
    </UnitTest>
    <UnitTest name="Convert_RespectMaxValue_Success" storage="d:\actions-runner\_work\xpco\xpco\allsolutions\..\common\sc_commonfiles\zsc_commonfiles_unittest\bin\debug\net6.0-windows\zsc_commonfiles_unittest.dll" id="067f6aa9-8e9c-3bdb-54dc-59497bccef18">
      <TestCategory>
        <TestCategoryItem TestCategory="Converters" />
      </TestCategory>
      <Execution id="923aeabf-6cd9-414e-9b18-07f2df6f68cb" />
      <TestMethod codeBase="D:\actions-runner\_work\XPCO\XPCO\AllSolutions\..\Common\SC_CommonFiles\zSC_CommonFiles_UnitTest\bin\Debug\net6.0-windows\zSC_CommonFiles_UnitTest.dll" adapterTypeName="executor://mstestadapter/v2" className="VideoOS.UI.Common.WPF.Utils.Converters.OffsetConverterTests" name="Convert_RespectMaxValue_Success" />
    </UnitTest>
    <UnitTest name="Constructor_ShouldCreateTreeOfMixedDepth_WhenUnitsHaveDifferentNumberOfAncestors" storage="d:\actions-runner\_work\xpco\xpco\allsolutions\..\common\sc_commonfiles\zsc_commonfiles_unittest\bin\debug\net6.0-windows\zsc_commonfiles_unittest.dll" id="2dbf24a9-29c5-3ef0-69a0-687ac45d4c86">
      <Execution id="b419d037-2c4d-4b82-bf89-b923670c025f" />
      <TestMethod codeBase="D:\actions-runner\_work\XPCO\XPCO\AllSolutions\..\Common\SC_CommonFiles\zSC_CommonFiles_UnitTest\bin\Debug\net6.0-windows\zSC_CommonFiles_UnitTest.dll" adapterTypeName="executor://mstestadapter/v2" className="SmartClient_UnitTest_VideoOS_UI_Common_WPF_FilterTree.FilterTreeUserControlViewModelTest" name="Constructor_ShouldCreateTreeOfMixedDepth_WhenUnitsHaveDifferentNumberOfAncestors" />
    </UnitTest>
    <UnitTest name="SelectManyOrdered" storage="d:\actions-runner\_work\xpco\xpco\allsolutions\..\common\sc_commonfiles\zsc_commonfiles_unittest\bin\debug\net6.0-windows\zsc_commonfiles_unittest.dll" id="9bbc1906-5daa-9c01-5fbd-04abcb77a4b4">
      <Execution id="a7f0129b-8abb-4e10-b3e2-07cd39f3f0b8" />
      <TestMethod codeBase="D:\actions-runner\_work\XPCO\XPCO\AllSolutions\..\Common\SC_CommonFiles\zSC_CommonFiles_UnitTest\bin\Debug\net6.0-windows\zSC_CommonFiles_UnitTest.dll" adapterTypeName="executor://mstestadapter/v2" className="zSC_CommonFiles_UnitTest.VideoOS.UI.Common.WPF.Utils.ExtensionMethods.IEnumerableExtensionTests" name="SelectManyOrdered" />
    </UnitTest>
    <UnitTest name="OnPreviewKeyDown_LeftCtrl_A_UnselectAll_Success" storage="d:\actions-runner\_work\xpco\xpco\allsolutions\..\common\sc_commonfiles\zsc_commonfiles_unittest\bin\debug\net6.0-windows\zsc_commonfiles_unittest.dll" id="732023ed-2a84-ce2e-e7c1-285eeae1c920">
      <TestCategory>
        <TestCategoryItem TestCategory="SC_CommonFiles.WPF.TileLayout" />
      </TestCategory>
      <Execution id="8d4a4cc8-1012-408f-a2b8-8989035f9895" />
      <TestMethod codeBase="D:\actions-runner\_work\XPCO\XPCO\AllSolutions\..\Common\SC_CommonFiles\zSC_CommonFiles_UnitTest\bin\Debug\net6.0-windows\zSC_CommonFiles_UnitTest.dll" adapterTypeName="executor://mstestadapter/v2" className="zSC_CommonFiles_UnitTest.VideoOS.UI.Common.WPF.TileLayout.TileLayoutTest" name="OnPreviewKeyDown_LeftCtrl_A_UnselectAll_Success" />
    </UnitTest>
    <UnitTest name="UpTileThrowsIfTileNotInBox" storage="d:\actions-runner\_work\xpco\xpco\allsolutions\..\common\sc_commonfiles\zsc_commonfiles_unittest\bin\debug\net6.0-windows\zsc_commonfiles_unittest.dll" id="db261fbf-eb7c-9161-ff1c-532a3db0f6a5">
      <Execution id="fe196303-851c-4bbd-a371-6949b1818447" />
      <TestMethod codeBase="D:\actions-runner\_work\XPCO\XPCO\AllSolutions\..\Common\SC_CommonFiles\zSC_CommonFiles_UnitTest\bin\Debug\net6.0-windows\zSC_CommonFiles_UnitTest.dll" adapterTypeName="executor://mstestadapter/v2" className="zSC_CommonFiles_UnitTest.DashboardTilesTests" name="UpTileThrowsIfTileNotInBox" />
    </UnitTest>
    <UnitTest name="ShowToast_Success" storage="d:\actions-runner\_work\xpco\xpco\allsolutions\..\common\sc_commonfiles\zsc_commonfiles_unittest\bin\debug\net6.0-windows\zsc_commonfiles_unittest.dll" id="5a36dc19-91e6-2110-bdf3-d2f7bfc377f6">
      <TestCategory>
        <TestCategoryItem TestCategory="Toasts" />
      </TestCategory>
      <Execution id="90417364-190f-4c6b-8237-73764eea3266" />
      <TestMethod codeBase="D:\actions-runner\_work\XPCO\XPCO\AllSolutions\..\Common\SC_CommonFiles\zSC_CommonFiles_UnitTest\bin\Debug\net6.0-windows\zSC_CommonFiles_UnitTest.dll" adapterTypeName="executor://mstestadapter/v2" className="zSC_CommonFiles_UnitTest.VideoOS.UI.Common.WPF.Toast.ToastsViewModelTests" name="ShowToast_Success" />
    </UnitTest>
    <UnitTest name="TickFrequenceChange_Success" storage="d:\actions-runner\_work\xpco\xpco\allsolutions\..\common\sc_commonfiles\zsc_commonfiles_unittest\bin\debug\net6.0-windows\zsc_commonfiles_unittest.dll" id="76bac099-ab90-0ad5-557d-efa1c929ace3">
      <TestCategory>
        <TestCategoryItem TestCategory="RangeSelector" />
      </TestCategory>
      <Execution id="03219839-e8ac-4d6f-b1fa-587a8ba6c939" />
      <TestMethod codeBase="D:\actions-runner\_work\XPCO\XPCO\AllSolutions\..\Common\SC_CommonFiles\zSC_CommonFiles_UnitTest\bin\Debug\net6.0-windows\zSC_CommonFiles_UnitTest.dll" adapterTypeName="executor://mstestadapter/v2" className="VideoOS.UI.Common.WPF.RangeSelector.RangeSelectorTest" name="TickFrequenceChange_Success" />
    </UnitTest>
    <UnitTest name="ToastOnToastRemoved_ToastRemoved_Success" storage="d:\actions-runner\_work\xpco\xpco\allsolutions\..\common\sc_commonfiles\zsc_commonfiles_unittest\bin\debug\net6.0-windows\zsc_commonfiles_unittest.dll" id="3310872c-02b1-3a9f-d890-3c3dc06b553c">
      <TestCategory>
        <TestCategoryItem TestCategory="Toasts" />
      </TestCategory>
      <Execution id="77829c4c-7af6-4a1b-98b0-2a5276a9415e" />
      <TestMethod codeBase="D:\actions-runner\_work\XPCO\XPCO\AllSolutions\..\Common\SC_CommonFiles\zSC_CommonFiles_UnitTest\bin\Debug\net6.0-windows\zSC_CommonFiles_UnitTest.dll" adapterTypeName="executor://mstestadapter/v2" className="VideoOS.UI.Common.WPF.Toast.ToastManagerTests" name="ToastOnToastRemoved_ToastRemoved_Success" />
    </UnitTest>
    <UnitTest name="FormsControlScaleValue_150Percent_Scaling" storage="d:\actions-runner\_work\xpco\xpco\allsolutions\..\common\sc_commonfiles\zsc_commonfiles_unittest\bin\debug\net6.0-windows\zsc_commonfiles_unittest.dll" id="34b2f47b-480a-22d6-69fb-dc7eedfd64fd">
      <Execution id="cc09f659-e146-4a3a-b098-fee39da35d56" />
      <TestMethod codeBase="D:\actions-runner\_work\XPCO\XPCO\AllSolutions\..\Common\SC_CommonFiles\zSC_CommonFiles_UnitTest\bin\Debug\net6.0-windows\zSC_CommonFiles_UnitTest.dll" adapterTypeName="executor://mstestadapter/v2" className="zSC_CommonFiles_UnitTest.VideoOS.UI.Common.WPF.Utils.ExtensionMethods.WindowExtensionsTests" name="FormsControlScaleValue_150Percent_Scaling" />
    </UnitTest>
    <UnitTest name="GetStates_SessionStarted_NoStates" storage="d:\actions-runner\_work\xpco\xpco\allsolutions\..\common\sc_commonfiles\zsc_commonfiles_unittest\bin\debug\net6.0-windows\zsc_commonfiles_unittest.dll" id="4c169ed1-2ceb-3ce5-de75-44f39814124d">
      <Execution id="fbdf7a48-8371-4411-8f9e-ba27a740d6a8" />
      <TestMethod codeBase="D:\actions-runner\_work\XPCO\XPCO\AllSolutions\..\Common\SC_CommonFiles\zSC_CommonFiles_UnitTest\bin\Debug\net6.0-windows\zSC_CommonFiles_UnitTest.dll" adapterTypeName="executor://mstestadapter/v2" className="zSC_CommonFiles_UnitTest.VideoOS.Common.State.StateManagerTests" name="GetStates_SessionStarted_NoStates" />
    </UnitTest>
    <UnitTest name="TileLayout_Selected_BorderBrushUpdated" storage="d:\actions-runner\_work\xpco\xpco\allsolutions\..\common\sc_commonfiles\zsc_commonfiles_unittest\bin\debug\net6.0-windows\zsc_commonfiles_unittest.dll" id="af38776a-6751-f268-5d04-8090b4d28593">
      <TestCategory>
        <TestCategoryItem TestCategory="SC_CommonFiles.WPF.TileLayout" />
      </TestCategory>
      <Execution id="012afd8a-999f-4298-8448-f6aead0be00d" />
      <TestMethod codeBase="D:\actions-runner\_work\XPCO\XPCO\AllSolutions\..\Common\SC_CommonFiles\zSC_CommonFiles_UnitTest\bin\Debug\net6.0-windows\zSC_CommonFiles_UnitTest.dll" adapterTypeName="executor://mstestadapter/v2" className="zSC_CommonFiles_UnitTest.VideoOS.UI.Common.WPF.TileLayout.ItemHolderTest" name="TileLayout_Selected_BorderBrushUpdated" />
    </UnitTest>
    <UnitTest name="Constructor_ShouldCreateTreeOfDepth3_WhenUnitsHaveGrandparentButIncludeIsEnabled" storage="d:\actions-runner\_work\xpco\xpco\allsolutions\..\common\sc_commonfiles\zsc_commonfiles_unittest\bin\debug\net6.0-windows\zsc_commonfiles_unittest.dll" id="54f6e699-b3d1-75b1-4814-37e5fcfee1a3">
      <Execution id="eed88cf1-80a5-4495-859f-e465f7e7d7cd" />
      <TestMethod codeBase="D:\actions-runner\_work\XPCO\XPCO\AllSolutions\..\Common\SC_CommonFiles\zSC_CommonFiles_UnitTest\bin\Debug\net6.0-windows\zSC_CommonFiles_UnitTest.dll" adapterTypeName="executor://mstestadapter/v2" className="SmartClient_UnitTest_VideoOS_UI_Common_WPF_FilterTree.FilterTreeUserControlViewModelTest" name="Constructor_ShouldCreateTreeOfDepth3_WhenUnitsHaveGrandparentButIncludeIsEnabled" />
    </UnitTest>
    <UnitTest name="AllowUnsecureConnection_ShouldBeFalse_WhenAllowUnsecureIsInvalid" storage="d:\actions-runner\_work\xpco\xpco\allsolutions\..\common\sc_commonfiles\zsc_commonfiles_unittest\bin\debug\net6.0-windows\zsc_commonfiles_unittest.dll" id="2f93e454-b30c-a78b-d137-5d738935ef23">
      <Execution id="f30832bb-cc97-4fa7-b346-37b4e52642f1" />
      <TestMethod codeBase="D:\actions-runner\_work\XPCO\XPCO\AllSolutions\..\Common\SC_CommonFiles\zSC_CommonFiles_UnitTest\bin\Debug\net6.0-windows\zSC_CommonFiles_UnitTest.dll" adapterTypeName="executor://mstestadapter/v2" className="zSC_CommonFiles_UnitTest.VideoOS.Common.Login.UIConnectionInfoTests" name="AllowUnsecureConnection_ShouldBeFalse_WhenAllowUnsecureIsInvalid" />
    </UnitTest>
    <UnitTest name="OnPreviewKeyDown_RightShift_Click_Select_Success" storage="d:\actions-runner\_work\xpco\xpco\allsolutions\..\common\sc_commonfiles\zsc_commonfiles_unittest\bin\debug\net6.0-windows\zsc_commonfiles_unittest.dll" id="1c24a4c8-79d9-1a7e-b3df-8a6211e695a8">
      <TestCategory>
        <TestCategoryItem TestCategory="SC_CommonFiles.WPF.TileLayout" />
      </TestCategory>
      <Execution id="45e605d2-5adb-433d-9165-66382893099c" />
      <TestMethod codeBase="D:\actions-runner\_work\XPCO\XPCO\AllSolutions\..\Common\SC_CommonFiles\zSC_CommonFiles_UnitTest\bin\Debug\net6.0-windows\zSC_CommonFiles_UnitTest.dll" adapterTypeName="executor://mstestadapter/v2" className="zSC_CommonFiles_UnitTest.VideoOS.UI.Common.WPF.TileLayout.TileLayoutTest" name="OnPreviewKeyDown_RightShift_Click_Select_Success" />
    </UnitTest>
    <UnitTest name="TooltipServiceWarning_Failover_SSLError" storage="d:\actions-runner\_work\xpco\xpco\allsolutions\..\common\sc_commonfiles\zsc_commonfiles_unittest\bin\debug\net6.0-windows\zsc_commonfiles_unittest.dll" id="4f94cd28-33c0-a9f8-eb7e-0b5388f1fdc5">
      <Execution id="2e11df81-6abd-452b-ba36-03e49fe6d402" />
      <TestMethod codeBase="D:\actions-runner\_work\XPCO\XPCO\AllSolutions\..\Common\SC_CommonFiles\zSC_CommonFiles_UnitTest\bin\Debug\net6.0-windows\zSC_CommonFiles_UnitTest.dll" adapterTypeName="executor://mstestadapter/v2" className="zSC_CommonFiles_UnitTest.VideoOS.UI.Common.WPF.Dashboard.Types.ServerTest" name="TooltipServiceWarning_Failover_SSLError" />
    </UnitTest>
    <UnitTest name="Constructor_StateService_ArgumentNull_Thrown" storage="d:\actions-runner\_work\xpco\xpco\allsolutions\..\common\sc_commonfiles\zsc_commonfiles_unittest\bin\debug\net6.0-windows\zsc_commonfiles_unittest.dll" id="2e5f6fa9-36cf-588f-e363-93c7c6e15067">
      <Execution id="51d9f3aa-c9b0-4caa-a966-c1b69e6c96fb" />
      <TestMethod codeBase="D:\actions-runner\_work\XPCO\XPCO\AllSolutions\..\Common\SC_CommonFiles\zSC_CommonFiles_UnitTest\bin\Debug\net6.0-windows\zSC_CommonFiles_UnitTest.dll" adapterTypeName="executor://mstestadapter/v2" className="zSC_CommonFiles_UnitTest.VideoOS.Common.State.StateManagerTests" name="Constructor_StateService_ArgumentNull_Thrown" />
    </UnitTest>
    <UnitTest name="GetStates_SessionStarted_WithStates" storage="d:\actions-runner\_work\xpco\xpco\allsolutions\..\common\sc_commonfiles\zsc_commonfiles_unittest\bin\debug\net6.0-windows\zsc_commonfiles_unittest.dll" id="8d3a13e4-7529-dcc7-acab-a47c8e85a381">
      <Execution id="7a8b2a55-ae27-48aa-be88-46bf81eb7255" />
      <TestMethod codeBase="D:\actions-runner\_work\XPCO\XPCO\AllSolutions\..\Common\SC_CommonFiles\zSC_CommonFiles_UnitTest\bin\Debug\net6.0-windows\zSC_CommonFiles_UnitTest.dll" adapterTypeName="executor://mstestadapter/v2" className="zSC_CommonFiles_UnitTest.VideoOS.Common.State.StateManagerTests" name="GetStates_SessionStarted_WithStates" />
    </UnitTest>
    <UnitTest name="Finds_Simple_Rule" storage="d:\actions-runner\_work\xpco\xpco\allsolutions\..\common\sc_commonfiles\zsc_commonfiles_unittest\bin\debug\net6.0-windows\zsc_commonfiles_unittest.dll" id="d78b0152-cc1a-328b-d637-c02c8df9200a">
      <Execution id="3e1d5a61-61c1-44fd-b6f6-b96f16f9fe11" />
      <TestMethod codeBase="D:\actions-runner\_work\XPCO\XPCO\AllSolutions\..\Common\SC_CommonFiles\zSC_CommonFiles_UnitTest\bin\Debug\net6.0-windows\zSC_CommonFiles_UnitTest.dll" adapterTypeName="executor://mstestadapter/v2" className="zSC_CommonFiles_UnitTest.VideoOS.UI.Common.WPF.Utils.MvvmHelpers.ViewLocatorTest" name="Finds_Simple_Rule" />
    </UnitTest>
    <UnitTest name="Constructor_ShouldForwardSlides_WhenMoreThanZero" storage="d:\actions-runner\_work\xpco\xpco\allsolutions\..\common\sc_commonfiles\zsc_commonfiles_unittest\bin\debug\net6.0-windows\zsc_commonfiles_unittest.dll" id="c196c0e0-1845-801a-d6ce-5a2a7861546a">
      <Execution id="8f7da211-8f81-4c04-8db0-da1cd6c74e5f" />
      <TestMethod codeBase="D:\actions-runner\_work\XPCO\XPCO\AllSolutions\..\Common\SC_CommonFiles\zSC_CommonFiles_UnitTest\bin\Debug\net6.0-windows\zSC_CommonFiles_UnitTest.dll" adapterTypeName="executor://mstestadapter/v2" className="zSC_CommonFiles_UnitTest.VideoOS.UI.Common.WPF.VideoText.VideoTextWindowViewModelTests" name="Constructor_ShouldForwardSlides_WhenMoreThanZero" />
    </UnitTest>
    <UnitTest name="DeleteTileDeletesIfTileIsInListBox" storage="d:\actions-runner\_work\xpco\xpco\allsolutions\..\common\sc_commonfiles\zsc_commonfiles_unittest\bin\debug\net6.0-windows\zsc_commonfiles_unittest.dll" id="6993f887-a58d-8b2d-0d37-9a2f5f848573">
      <Execution id="74b7375b-01cd-42e6-8b43-555a106f9899" />
      <TestMethod codeBase="D:\actions-runner\_work\XPCO\XPCO\AllSolutions\..\Common\SC_CommonFiles\zSC_CommonFiles_UnitTest\bin\Debug\net6.0-windows\zSC_CommonFiles_UnitTest.dll" adapterTypeName="executor://mstestadapter/v2" className="zSC_CommonFiles_UnitTest.DashboardTilesTests" name="DeleteTileDeletesIfTileIsInListBox" />
    </UnitTest>
    <UnitTest name="TryCreateUri_ShouldReturnValidUri_WhenInputIsRelativeUri" storage="d:\actions-runner\_work\xpco\xpco\allsolutions\..\common\sc_commonfiles\zsc_commonfiles_unittest\bin\debug\net6.0-windows\zsc_commonfiles_unittest.dll" id="8f9aaf67-4846-3c14-9893-fd9a67976dbd">
      <Execution id="6afd7ffb-1eb2-4708-9474-802a2b3a233e" />
      <TestMethod codeBase="D:\actions-runner\_work\XPCO\XPCO\AllSolutions\..\Common\SC_CommonFiles\zSC_CommonFiles_UnitTest\bin\Debug\net6.0-windows\zSC_CommonFiles_UnitTest.dll" adapterTypeName="executor://mstestadapter/v2" className="zSC_CommonFiles_UnitTest.VideoOS.UI.Common.WPF.Utils.ExtensionMethods.StringExtensionsTests" name="TryCreateUri_ShouldReturnValidUri_WhenInputIsRelativeUri" />
    </UnitTest>
    <UnitTest name="Constructor_StateService_ArgumentNull_Thrown" storage="d:\actions-runner\_work\xpco\xpco\allsolutions\..\common\sc_commonfiles\zsc_commonfiles_unittest\bin\debug\net6.0-windows\zsc_commonfiles_unittest.dll" id="bb65ea30-4ccc-91b1-efbb-715f93a6d534">
      <Execution id="9e57787c-5015-4cb9-9749-03d4c0cd65f0" />
      <TestMethod codeBase="D:\actions-runner\_work\XPCO\XPCO\AllSolutions\..\Common\SC_CommonFiles\zSC_CommonFiles_UnitTest\bin\Debug\net6.0-windows\zSC_CommonFiles_UnitTest.dll" adapterTypeName="executor://mstestadapter/v2" className="zSC_CommonFiles_UnitTest.VideoOS.Common.State.CameraStateManagerTests" name="Constructor_StateService_ArgumentNull_Thrown" />
    </UnitTest>
    <UnitTest name="Convert_MultiValueConverter_NotANumber_Throws" storage="d:\actions-runner\_work\xpco\xpco\allsolutions\..\common\sc_commonfiles\zsc_commonfiles_unittest\bin\debug\net6.0-windows\zsc_commonfiles_unittest.dll" id="ca1a74cf-f42b-b5b7-8415-1bec1e2927e4">
      <Execution id="0c1424a2-0821-4c3a-b16e-6e245aefde49" />
      <TestMethod codeBase="D:\actions-runner\_work\XPCO\XPCO\AllSolutions\..\Common\SC_CommonFiles\zSC_CommonFiles_UnitTest\bin\Debug\net6.0-windows\zSC_CommonFiles_UnitTest.dll" adapterTypeName="executor://mstestadapter/v2" className="zSC_CommonFiles_UnitTest.VideoOS.UI.Common.WPF.Utils.Converters.MaxWidthConverterTests" name="Convert_MultiValueConverter_NotANumber_Throws" />
    </UnitTest>
    <UnitTest name="Convert_NotDoubleParameter_ReturnsUnsetValue" storage="d:\actions-runner\_work\xpco\xpco\allsolutions\..\common\sc_commonfiles\zsc_commonfiles_unittest\bin\debug\net6.0-windows\zsc_commonfiles_unittest.dll" id="ba582828-87c0-f796-0108-b7c57cda86c7">
      <TestCategory>
        <TestCategoryItem TestCategory="Converters" />
      </TestCategory>
      <Execution id="3f73e11f-3292-41e3-a091-a433c6787a42" />
      <TestMethod codeBase="D:\actions-runner\_work\XPCO\XPCO\AllSolutions\..\Common\SC_CommonFiles\zSC_CommonFiles_UnitTest\bin\Debug\net6.0-windows\zSC_CommonFiles_UnitTest.dll" adapterTypeName="executor://mstestadapter/v2" className="VideoOS.UI.Common.WPF.Utils.Converters.OffsetConverterTests" name="Convert_NotDoubleParameter_ReturnsUnsetValue" />
    </UnitTest>
    <UnitTest name="GetBoolValueOrDefault_KeyNotFound_DefaultValueReturned" storage="d:\actions-runner\_work\xpco\xpco\allsolutions\..\common\sc_commonfiles\zsc_commonfiles_unittest\bin\debug\net6.0-windows\zsc_commonfiles_unittest.dll" id="4fee98d5-de39-1ee6-cb6e-aeb30d9e4547">
      <Execution id="fb5275ae-8b88-4004-b9fe-e0777c391908" />
      <TestMethod codeBase="D:\actions-runner\_work\XPCO\XPCO\AllSolutions\..\Common\SC_CommonFiles\zSC_CommonFiles_UnitTest\bin\Debug\net6.0-windows\zSC_CommonFiles_UnitTest.dll" adapterTypeName="executor://mstestadapter/v2" className="zSC_CommonFiles_UnitTest.VideoOS.Common.Configuration.NameValueCollectionExtensionsTest" name="GetBoolValueOrDefault_KeyNotFound_DefaultValueReturned" />
    </UnitTest>
    <UnitTest name="Constructor_OAuth_TokenCache_ArgumentNull_Thrown" storage="d:\actions-runner\_work\xpco\xpco\allsolutions\..\common\sc_commonfiles\zsc_commonfiles_unittest\bin\debug\net6.0-windows\zsc_commonfiles_unittest.dll" id="55857ea6-972d-1faa-f735-21722cd852ac">
      <Execution id="3129c52f-0980-4d01-8227-a126301f5891" />
      <TestMethod codeBase="D:\actions-runner\_work\XPCO\XPCO\AllSolutions\..\Common\SC_CommonFiles\zSC_CommonFiles_UnitTest\bin\Debug\net6.0-windows\zSC_CommonFiles_UnitTest.dll" adapterTypeName="executor://mstestadapter/v2" className="zSC_CommonFiles_UnitTest.VideoOS.Common.State.StateHandlerTests" name="Constructor_OAuth_TokenCache_ArgumentNull_Thrown" />
    </UnitTest>
    <UnitTest name="ConvertToTileStates_Convert" storage="d:\actions-runner\_work\xpco\xpco\allsolutions\..\common\sc_commonfiles\zsc_commonfiles_unittest\bin\debug\net6.0-windows\zsc_commonfiles_unittest.dll" id="3ff3319a-948e-ff61-1feb-7a7a66592fd5">
      <Execution id="d5f7c8c5-aebc-4294-9d5f-1a9116b7bc56" />
      <TestMethod codeBase="D:\actions-runner\_work\XPCO\XPCO\AllSolutions\..\Common\SC_CommonFiles\zSC_CommonFiles_UnitTest\bin\Debug\net6.0-windows\zSC_CommonFiles_UnitTest.dll" adapterTypeName="executor://mstestadapter/v2" className="zSC_CommonFiles_UnitTest.VideoOS.Common.State.StateManagerTests" name="ConvertToTileStates_Convert" />
    </UnitTest>
    <UnitTest name="Ctor_DurationTimeSpanMax_DoesNotCrash" storage="d:\actions-runner\_work\xpco\xpco\allsolutions\..\common\sc_commonfiles\zsc_commonfiles_unittest\bin\debug\net6.0-windows\zsc_commonfiles_unittest.dll" id="fea21907-a26b-6132-ad20-d11fecd505f7">
      <TestCategory>
        <TestCategoryItem TestCategory="Toasts" />
      </TestCategory>
      <Execution id="0144fc73-e3c7-48fc-96be-31f6a5e446f6" />
      <TestMethod codeBase="D:\actions-runner\_work\XPCO\XPCO\AllSolutions\..\Common\SC_CommonFiles\zSC_CommonFiles_UnitTest\bin\Debug\net6.0-windows\zSC_CommonFiles_UnitTest.dll" adapterTypeName="executor://mstestadapter/v2" className="zSC_CommonFiles_UnitTest.VideoOS.UI.Common.WPF.Toast.ToastBaseTests" name="Ctor_DurationTimeSpanMax_DoesNotCrash" />
    </UnitTest>
    <UnitTest name="SingleServerMustReturnDisplayNameAsEntityName" storage="d:\actions-runner\_work\xpco\xpco\allsolutions\..\common\sc_commonfiles\zsc_commonfiles_unittest\bin\debug\net6.0-windows\zsc_commonfiles_unittest.dll" id="5faaddbc-e454-1cad-1ea4-51f228dc32db">
      <Execution id="365d70dc-3231-4728-858a-815c7c36efb3" />
      <TestMethod codeBase="D:\actions-runner\_work\XPCO\XPCO\AllSolutions\..\Common\SC_CommonFiles\zSC_CommonFiles_UnitTest\bin\Debug\net6.0-windows\zSC_CommonFiles_UnitTest.dll" adapterTypeName="executor://mstestadapter/v2" className="zSC_CommonFiles_UnitTest.LocalizationTests" name="SingleServerMustReturnDisplayNameAsEntityName" />
    </UnitTest>
    <UnitTest name="GetStates_SessionStarted_NoStates" storage="d:\actions-runner\_work\xpco\xpco\allsolutions\..\common\sc_commonfiles\zsc_commonfiles_unittest\bin\debug\net6.0-windows\zsc_commonfiles_unittest.dll" id="322678fe-2d0e-03ee-cda0-d8553512610f">
      <Execution id="122fe09c-217d-4fb9-a07f-ef62165ec4ba" />
      <TestMethod codeBase="D:\actions-runner\_work\XPCO\XPCO\AllSolutions\..\Common\SC_CommonFiles\zSC_CommonFiles_UnitTest\bin\Debug\net6.0-windows\zSC_CommonFiles_UnitTest.dll" adapterTypeName="executor://mstestadapter/v2" className="zSC_CommonFiles_UnitTest.VideoOS.Common.State.CameraStateManagerTests" name="GetStates_SessionStarted_NoStates" />
    </UnitTest>
    <UnitTest name="SingleCameraGroupMustSetDisplayNameDeletedCameraTextIfItDoesNotExist" storage="d:\actions-runner\_work\xpco\xpco\allsolutions\..\common\sc_commonfiles\zsc_commonfiles_unittest\bin\debug\net6.0-windows\zsc_commonfiles_unittest.dll" id="62c465a4-ad44-3be7-a78e-7e91064f29e0">
      <Execution id="f03bb282-1192-4fd0-bde3-f9b20e366c1d" />
      <TestMethod codeBase="D:\actions-runner\_work\XPCO\XPCO\AllSolutions\..\Common\SC_CommonFiles\zSC_CommonFiles_UnitTest\bin\Debug\net6.0-windows\zSC_CommonFiles_UnitTest.dll" adapterTypeName="executor://mstestadapter/v2" className="zSC_CommonFiles_UnitTest.LocalizationTests" name="SingleCameraGroupMustSetDisplayNameDeletedCameraTextIfItDoesNotExist" />
    </UnitTest>
    <UnitTest name="LoaderCalledWhenDataIsNotInCacheTest" storage="d:\actions-runner\_work\xpco\xpco\allsolutions\..\common\sc_commonfiles\zsc_commonfiles_unittest\bin\debug\net6.0-windows\zsc_commonfiles_unittest.dll" id="e7ac6111-62b8-1737-1b08-b5a95b8c801f">
      <Execution id="533ecaca-86b7-4914-a1ce-37c6cf07dace" />
      <TestMethod codeBase="D:\actions-runner\_work\XPCO\XPCO\AllSolutions\..\Common\SC_CommonFiles\zSC_CommonFiles_UnitTest\bin\Debug\net6.0-windows\zSC_CommonFiles_UnitTest.dll" adapterTypeName="executor://mstestadapter/v2" className="SC_CommonFiles_UnitTest_VideoOS_UI_Common_Data_SequenceRetriever.ThumbFetcherTest" name="LoaderCalledWhenDataIsNotInCacheTest" />
    </UnitTest>
    <UnitTest name="ItemHolderSelectedToggleButton_CheckedChanged" storage="d:\actions-runner\_work\xpco\xpco\allsolutions\..\common\sc_commonfiles\zsc_commonfiles_unittest\bin\debug\net6.0-windows\zsc_commonfiles_unittest.dll" id="6149a481-7ba1-ce8d-da96-1adf4aeb4783">
      <TestCategory>
        <TestCategoryItem TestCategory="SC_CommonFiles.WPF.TileLayout" />
      </TestCategory>
      <Execution id="a02525c8-4d2a-4204-abb4-09ec075c48ec" />
      <TestMethod codeBase="D:\actions-runner\_work\XPCO\XPCO\AllSolutions\..\Common\SC_CommonFiles\zSC_CommonFiles_UnitTest\bin\Debug\net6.0-windows\zSC_CommonFiles_UnitTest.dll" adapterTypeName="executor://mstestadapter/v2" className="zSC_CommonFiles_UnitTest.VideoOS.UI.Common.WPF.TileLayout.ItemHolderTest" name="ItemHolderSelectedToggleButton_CheckedChanged" />
    </UnitTest>
    <UnitTest name="Finds_Rule_With_Context" storage="d:\actions-runner\_work\xpco\xpco\allsolutions\..\common\sc_commonfiles\zsc_commonfiles_unittest\bin\debug\net6.0-windows\zsc_commonfiles_unittest.dll" id="a0254ac5-3cdd-5371-614b-9e5a2dd1e775">
      <Execution id="5c43bf4f-1525-4c7b-a142-045d3d15d71b" />
      <TestMethod codeBase="D:\actions-runner\_work\XPCO\XPCO\AllSolutions\..\Common\SC_CommonFiles\zSC_CommonFiles_UnitTest\bin\Debug\net6.0-windows\zSC_CommonFiles_UnitTest.dll" adapterTypeName="executor://mstestadapter/v2" className="zSC_CommonFiles_UnitTest.VideoOS.UI.Common.WPF.Utils.MvvmHelpers.ViewLocatorTest" name="Finds_Rule_With_Context" />
    </UnitTest>
    <UnitTest name="DetermineScaledWindowLocationAndSize_CenterScreen_150Percent_Scaling" storage="d:\actions-runner\_work\xpco\xpco\allsolutions\..\common\sc_commonfiles\zsc_commonfiles_unittest\bin\debug\net6.0-windows\zsc_commonfiles_unittest.dll" id="d8e63543-1f0c-4f29-79c8-6459f1072b63">
      <Execution id="e44cbc01-f8bb-4331-b515-9d9e11f08b09" />
      <TestMethod codeBase="D:\actions-runner\_work\XPCO\XPCO\AllSolutions\..\Common\SC_CommonFiles\zSC_CommonFiles_UnitTest\bin\Debug\net6.0-windows\zSC_CommonFiles_UnitTest.dll" adapterTypeName="executor://mstestadapter/v2" className="zSC_CommonFiles_UnitTest.VideoOS.UI.Common.WPF.Utils.ExtensionMethods.WindowExtensionsTests" name="DetermineScaledWindowLocationAndSize_CenterScreen_150Percent_Scaling" />
    </UnitTest>
    <UnitTest name="DragRangeMin_NotifyInvoked_Success" storage="d:\actions-runner\_work\xpco\xpco\allsolutions\..\common\sc_commonfiles\zsc_commonfiles_unittest\bin\debug\net6.0-windows\zsc_commonfiles_unittest.dll" id="800a71d5-fd75-b55e-d8d0-21c57915ee72">
      <TestCategory>
        <TestCategoryItem TestCategory="RangeSelector" />
      </TestCategory>
      <Execution id="1b529d6b-81d7-44f3-ba99-e552aa879201" />
      <TestMethod codeBase="D:\actions-runner\_work\XPCO\XPCO\AllSolutions\..\Common\SC_CommonFiles\zSC_CommonFiles_UnitTest\bin\Debug\net6.0-windows\zSC_CommonFiles_UnitTest.dll" adapterTypeName="executor://mstestadapter/v2" className="VideoOS.UI.Common.WPF.RangeSelector.RangeSelectorTest" name="DragRangeMin_NotifyInvoked_Success" />
    </UnitTest>
    <UnitTest name="SequenceEquals_EqualCollections_RespectOrder_SymmetricalTrueResult" storage="d:\actions-runner\_work\xpco\xpco\allsolutions\..\common\sc_commonfiles\zsc_commonfiles_unittest\bin\debug\net6.0-windows\zsc_commonfiles_unittest.dll" id="70585a7d-e8bb-2ea7-4d4d-a7d89c0cc001">
      <Execution id="805abf15-cd6a-46f9-aa4d-7d1ed61bc992" />
      <TestMethod codeBase="D:\actions-runner\_work\XPCO\XPCO\AllSolutions\..\Common\SC_CommonFiles\zSC_CommonFiles_UnitTest\bin\Debug\net6.0-windows\zSC_CommonFiles_UnitTest.dll" adapterTypeName="executor://mstestadapter/v2" className="zSC_CommonFiles_UnitTest.VideoOS.UI.Common.WPF.Utils.ObservableCollectionExtensionTest" name="SequenceEquals_EqualCollections_RespectOrder_SymmetricalTrueResult" />
    </UnitTest>
    <UnitTest name="ItemHolder_MouseDoubleClick_Success" storage="d:\actions-runner\_work\xpco\xpco\allsolutions\..\common\sc_commonfiles\zsc_commonfiles_unittest\bin\debug\net6.0-windows\zsc_commonfiles_unittest.dll" id="27329ac4-220b-b901-238d-32a5c22c05d2">
      <TestCategory>
        <TestCategoryItem TestCategory="SC_CommonFiles.WPF.TileLayout" />
      </TestCategory>
      <Execution id="2ef8e2c3-a790-41f1-a312-620bc92522c2" />
      <TestMethod codeBase="D:\actions-runner\_work\XPCO\XPCO\AllSolutions\..\Common\SC_CommonFiles\zSC_CommonFiles_UnitTest\bin\Debug\net6.0-windows\zSC_CommonFiles_UnitTest.dll" adapterTypeName="executor://mstestadapter/v2" className="zSC_CommonFiles_UnitTest.VideoOS.UI.Common.WPF.TileLayout.TileLayoutTest" name="ItemHolder_MouseDoubleClick_Success" />
    </UnitTest>
    <UnitTest name="ArrangeOverride_1child_EnoughSpace_NotShrunk" storage="d:\actions-runner\_work\xpco\xpco\allsolutions\..\common\sc_commonfiles\zsc_commonfiles_unittest\bin\debug\net6.0-windows\zsc_commonfiles_unittest.dll" id="5901b859-8c35-d7a1-4b20-7aa832e2b2ac">
      <TestCategory>
        <TestCategoryItem TestCategory="Controls" />
      </TestCategory>
      <Execution id="c456cb10-f106-431a-988b-95e49302768d" />
      <TestMethod codeBase="D:\actions-runner\_work\XPCO\XPCO\AllSolutions\..\Common\SC_CommonFiles\zSC_CommonFiles_UnitTest\bin\Debug\net6.0-windows\zSC_CommonFiles_UnitTest.dll" adapterTypeName="executor://mstestadapter/v2" className="VideoOS.UI.Common.WPF.Controls.HorizontalPanelTests" name="ArrangeOverride_1child_EnoughSpace_NotShrunk" />
    </UnitTest>
    <UnitTest name="ShowCustomizeWindowReturnsIfNoWritePermission" storage="d:\actions-runner\_work\xpco\xpco\allsolutions\..\common\sc_commonfiles\zsc_commonfiles_unittest\bin\debug\net6.0-windows\zsc_commonfiles_unittest.dll" id="4f4a64cd-6297-dad0-e258-e2bc655c9f25">
      <Execution id="451fbe9e-40f1-4f30-aea3-f691fc7f37dd" />
      <TestMethod codeBase="D:\actions-runner\_work\XPCO\XPCO\AllSolutions\..\Common\SC_CommonFiles\zSC_CommonFiles_UnitTest\bin\Debug\net6.0-windows\zSC_CommonFiles_UnitTest.dll" adapterTypeName="executor://mstestadapter/v2" className="zSC_CommonFiles_UnitTest.DashboardTilesTests" name="ShowCustomizeWindowReturnsIfNoWritePermission" />
    </UnitTest>
    <UnitTest name="SetUnsecureConnectionAllowedForUser_ShouldAddUser_WhenUserIsEmpty" storage="d:\actions-runner\_work\xpco\xpco\allsolutions\..\common\sc_commonfiles\zsc_commonfiles_unittest\bin\debug\net6.0-windows\zsc_commonfiles_unittest.dll" id="586aa199-8ad2-c267-31e0-7d856afcab20">
      <Execution id="6358b295-4be4-487a-af88-b8983c46a2d1" />
      <TestMethod codeBase="D:\actions-runner\_work\XPCO\XPCO\AllSolutions\..\Common\SC_CommonFiles\zSC_CommonFiles_UnitTest\bin\Debug\net6.0-windows\zSC_CommonFiles_UnitTest.dll" adapterTypeName="executor://mstestadapter/v2" className="zSC_CommonFiles_UnitTest.VideoOS.Common.Login.UIConnectionInfoTests" name="SetUnsecureConnectionAllowedForUser_ShouldAddUser_WhenUserIsEmpty" />
    </UnitTest>
    <UnitTest name="OnPreviewKeyDown_Shift_Click_Select_FromGreaterIndexToLowerIndex_Success" storage="d:\actions-runner\_work\xpco\xpco\allsolutions\..\common\sc_commonfiles\zsc_commonfiles_unittest\bin\debug\net6.0-windows\zsc_commonfiles_unittest.dll" id="3b2d2dcf-dfa8-bcce-057a-1c433d9c6c08">
      <TestCategory>
        <TestCategoryItem TestCategory="SC_CommonFiles.WPF.TileLayout" />
      </TestCategory>
      <Execution id="8a1e469d-497f-4c7d-b144-adaa72d7393b" />
      <TestMethod codeBase="D:\actions-runner\_work\XPCO\XPCO\AllSolutions\..\Common\SC_CommonFiles\zSC_CommonFiles_UnitTest\bin\Debug\net6.0-windows\zSC_CommonFiles_UnitTest.dll" adapterTypeName="executor://mstestadapter/v2" className="zSC_CommonFiles_UnitTest.VideoOS.UI.Common.WPF.TileLayout.TileLayoutTest" name="OnPreviewKeyDown_Shift_Click_Select_FromGreaterIndexToLowerIndex_Success" />
    </UnitTest>
    <UnitTest name="MouseDown_OverLeftRangeBar_RangeMaxUpdated" storage="d:\actions-runner\_work\xpco\xpco\allsolutions\..\common\sc_commonfiles\zsc_commonfiles_unittest\bin\debug\net6.0-windows\zsc_commonfiles_unittest.dll" id="fb8d16f8-d393-a6c5-f7cb-47543546127a">
      <TestCategory>
        <TestCategoryItem TestCategory="RangeSelector" />
      </TestCategory>
      <Execution id="34cb3edf-1753-4fa4-ad06-1a7e4088937f" />
      <TestMethod codeBase="D:\actions-runner\_work\XPCO\XPCO\AllSolutions\..\Common\SC_CommonFiles\zSC_CommonFiles_UnitTest\bin\Debug\net6.0-windows\zSC_CommonFiles_UnitTest.dll" adapterTypeName="executor://mstestadapter/v2" className="VideoOS.UI.Common.WPF.RangeSelector.RangeSelectorTest" name="MouseDown_OverLeftRangeBar_RangeMaxUpdated" />
    </UnitTest>
    <UnitTest name="FontUpCommand_ShouldIncreaseFontForSelectedSlide" storage="d:\actions-runner\_work\xpco\xpco\allsolutions\..\common\sc_commonfiles\zsc_commonfiles_unittest\bin\debug\net6.0-windows\zsc_commonfiles_unittest.dll" id="c1622c67-8934-6098-5c3f-000e90cb0bbf">
      <Execution id="59a83c67-5ea4-493b-8c10-3a851b67060e" />
      <TestMethod codeBase="D:\actions-runner\_work\XPCO\XPCO\AllSolutions\..\Common\SC_CommonFiles\zSC_CommonFiles_UnitTest\bin\Debug\net6.0-windows\zSC_CommonFiles_UnitTest.dll" adapterTypeName="executor://mstestadapter/v2" className="zSC_CommonFiles_UnitTest.VideoOS.UI.Common.WPF.VideoText.VideoTextWindowViewModelTests" name="FontUpCommand_ShouldIncreaseFontForSelectedSlide" />
    </UnitTest>
    <UnitTest name="Ctor_MaxIdleTimeBeforeCleanupMoreThanAllowed_TimerNotEnabled" storage="d:\actions-runner\_work\xpco\xpco\allsolutions\..\common\sc_commonfiles\zsc_commonfiles_unittest\bin\debug\net6.0-windows\zsc_commonfiles_unittest.dll" id="9512ba48-0839-7f8e-1a51-7ed8079ac71a">
      <Execution id="2ac9e178-6b46-4524-8365-208e5df27f29" />
      <TestMethod codeBase="D:\actions-runner\_work\XPCO\XPCO\AllSolutions\..\Common\SC_CommonFiles\zSC_CommonFiles_UnitTest\bin\Debug\net6.0-windows\zSC_CommonFiles_UnitTest.dll" adapterTypeName="executor://mstestadapter/v2" className="VideoOS.UI.Common.WPF.Utils.RecyclingFactory.RecyclingFactoryTests" name="Ctor_MaxIdleTimeBeforeCleanupMoreThanAllowed_TimerNotEnabled" />
    </UnitTest>
    <UnitTest name="ColumnDefinition_ToString_Success" storage="d:\actions-runner\_work\xpco\xpco\allsolutions\..\common\sc_commonfiles\zsc_commonfiles_unittest\bin\debug\net6.0-windows\zsc_commonfiles_unittest.dll" id="cf3d443f-6dec-a121-7292-16e5d1c821cc">
      <TestCategory>
        <TestCategoryItem TestCategory="SC_CommonFiles.WPF.TileLayout" />
      </TestCategory>
      <Execution id="d51ccadb-7cd8-4540-8fe6-bffdde57e133" />
      <TestMethod codeBase="D:\actions-runner\_work\XPCO\XPCO\AllSolutions\..\Common\SC_CommonFiles\zSC_CommonFiles_UnitTest\bin\Debug\net6.0-windows\zSC_CommonFiles_UnitTest.dll" adapterTypeName="executor://mstestadapter/v2" className="zSC_CommonFiles_UnitTest.VideoOS.UI.Common.WPF.TileLayout.TileLayoutTest" name="ColumnDefinition_ToString_Success" />
    </UnitTest>
    <UnitTest name="DeleteTileThrowsIfTileNotInBox" storage="d:\actions-runner\_work\xpco\xpco\allsolutions\..\common\sc_commonfiles\zsc_commonfiles_unittest\bin\debug\net6.0-windows\zsc_commonfiles_unittest.dll" id="e7fe4176-e00b-74b7-50f4-595529010ad0">
      <Execution id="88deb015-26c9-4736-aaed-79f7ace7003d" />
      <TestMethod codeBase="D:\actions-runner\_work\XPCO\XPCO\AllSolutions\..\Common\SC_CommonFiles\zSC_CommonFiles_UnitTest\bin\Debug\net6.0-windows\zSC_CommonFiles_UnitTest.dll" adapterTypeName="executor://mstestadapter/v2" className="zSC_CommonFiles_UnitTest.DashboardTilesTests" name="DeleteTileThrowsIfTileNotInBox" />
    </UnitTest>
    <UnitTest name="ArrangeOverride__3child_2of3MustShrink__2of3AreShrunkEqually" storage="d:\actions-runner\_work\xpco\xpco\allsolutions\..\common\sc_commonfiles\zsc_commonfiles_unittest\bin\debug\net6.0-windows\zsc_commonfiles_unittest.dll" id="a54e380b-42dc-d3a2-3d9d-8dd53d65fcd3">
      <TestCategory>
        <TestCategoryItem TestCategory="Controls" />
      </TestCategory>
      <Execution id="d6246ef6-b132-4156-82ce-ff6553951044" />
      <TestMethod codeBase="D:\actions-runner\_work\XPCO\XPCO\AllSolutions\..\Common\SC_CommonFiles\zSC_CommonFiles_UnitTest\bin\Debug\net6.0-windows\zSC_CommonFiles_UnitTest.dll" adapterTypeName="executor://mstestadapter/v2" className="VideoOS.UI.Common.WPF.Controls.HorizontalPanelTests" name="ArrangeOverride__3child_2of3MustShrink__2of3AreShrunkEqually" />
    </UnitTest>
    <UnitTest name="GetStates_NoSessionStarted_NewSession" storage="d:\actions-runner\_work\xpco\xpco\allsolutions\..\common\sc_commonfiles\zsc_commonfiles_unittest\bin\debug\net6.0-windows\zsc_commonfiles_unittest.dll" id="66e703e4-29de-a4c7-8c30-1bc7e1752b2f">
      <Execution id="71d98f90-9c40-4ce8-bc3e-5710b2ae931e" />
      <TestMethod codeBase="D:\actions-runner\_work\XPCO\XPCO\AllSolutions\..\Common\SC_CommonFiles\zSC_CommonFiles_UnitTest\bin\Debug\net6.0-windows\zSC_CommonFiles_UnitTest.dll" adapterTypeName="executor://mstestadapter/v2" className="zSC_CommonFiles_UnitTest.VideoOS.Common.State.CameraStateManagerTests" name="GetStates_NoSessionStarted_NewSession" />
    </UnitTest>
    <UnitTest name="GetItemUserControl_Success" storage="d:\actions-runner\_work\xpco\xpco\allsolutions\..\common\sc_commonfiles\zsc_commonfiles_unittest\bin\debug\net6.0-windows\zsc_commonfiles_unittest.dll" id="6a5073ae-b067-17a6-9c6f-959cad372ca7">
      <TestCategory>
        <TestCategoryItem TestCategory="SC_CommonFiles.WPF.TileLayout" />
      </TestCategory>
      <Execution id="29095bdc-3d42-42a9-a4ff-9fd66db2259e" />
      <TestMethod codeBase="D:\actions-runner\_work\XPCO\XPCO\AllSolutions\..\Common\SC_CommonFiles\zSC_CommonFiles_UnitTest\bin\Debug\net6.0-windows\zSC_CommonFiles_UnitTest.dll" adapterTypeName="executor://mstestadapter/v2" className="zSC_CommonFiles_UnitTest.VideoOS.UI.Common.WPF.TileLayout.TileLayoutTest" name="GetItemUserControl_Success" />
    </UnitTest>
    <UnitTest name="AuthenticationWindows_SetName_Throws_InvalidOperationException" storage="d:\actions-runner\_work\xpco\xpco\allsolutions\..\common\sc_commonfiles\zsc_commonfiles_unittest\bin\debug\net6.0-windows\zsc_commonfiles_unittest.dll" id="70718e81-81f4-db7d-389b-91346f649480">
      <TestCategory>
        <TestCategoryItem TestCategory="AuthenticationInfoTests" />
      </TestCategory>
      <Execution id="39ea13d0-bd6c-4fb6-8fe4-afccc5566110" />
      <TestMethod codeBase="D:\actions-runner\_work\XPCO\XPCO\AllSolutions\..\Common\SC_CommonFiles\zSC_CommonFiles_UnitTest\bin\Debug\net6.0-windows\zSC_CommonFiles_UnitTest.dll" adapterTypeName="executor://mstestadapter/v2" className="zSC_CommonFiles_UnitTest.VideoOS.Common.Login.AuthenticationInfoTests" name="AuthenticationWindows_SetName_Throws_InvalidOperationException" />
    </UnitTest>
    <UnitTest name="OnPreviewKeyDown_Shift_Click_Select_ChangeSelection_Success" storage="d:\actions-runner\_work\xpco\xpco\allsolutions\..\common\sc_commonfiles\zsc_commonfiles_unittest\bin\debug\net6.0-windows\zsc_commonfiles_unittest.dll" id="7f0c527e-e0ba-a3e5-7988-c20f8f846917">
      <TestCategory>
        <TestCategoryItem TestCategory="SC_CommonFiles.WPF.TileLayout" />
      </TestCategory>
      <Execution id="a9c9d52f-8ee5-4870-a87d-099ab68bdc84" />
      <TestMethod codeBase="D:\actions-runner\_work\XPCO\XPCO\AllSolutions\..\Common\SC_CommonFiles\zSC_CommonFiles_UnitTest\bin\Debug\net6.0-windows\zSC_CommonFiles_UnitTest.dll" adapterTypeName="executor://mstestadapter/v2" className="zSC_CommonFiles_UnitTest.VideoOS.UI.Common.WPF.TileLayout.TileLayoutTest" name="OnPreviewKeyDown_Shift_Click_Select_ChangeSelection_Success" />
    </UnitTest>
    <UnitTest name="IsUnsecureConnectionAllowedForUser_ShouldReturnTrue_WhenAllowUnsecureSetToAllowed" storage="d:\actions-runner\_work\xpco\xpco\allsolutions\..\common\sc_commonfiles\zsc_commonfiles_unittest\bin\debug\net6.0-windows\zsc_commonfiles_unittest.dll" id="187b12dc-8a8d-a2dd-a376-a830b72404bd">
      <Execution id="e5a3aee0-5d2e-45d1-9e98-7b3354766f7e" />
      <TestMethod codeBase="D:\actions-runner\_work\XPCO\XPCO\AllSolutions\..\Common\SC_CommonFiles\zSC_CommonFiles_UnitTest\bin\Debug\net6.0-windows\zSC_CommonFiles_UnitTest.dll" adapterTypeName="executor://mstestadapter/v2" className="zSC_CommonFiles_UnitTest.VideoOS.Common.Login.UIConnectionInfoTests" name="IsUnsecureConnectionAllowedForUser_ShouldReturnTrue_WhenAllowUnsecureSetToAllowed" />
    </UnitTest>
    <UnitTest name="MouseLeftButtonUp_ShouldReleaseMouseCapture_WhenInvokingSingleClickHandlerDelayed" storage="d:\actions-runner\_work\xpco\xpco\allsolutions\..\common\sc_commonfiles\zsc_commonfiles_unittest\bin\debug\net6.0-windows\zsc_commonfiles_unittest.dll" id="1b91abd4-9b99-9dc8-e442-fa99a1f0e332">
      <Execution id="6fb20bf4-6158-4414-a94d-f51ed979b809" />
      <TestMethod codeBase="D:\actions-runner\_work\XPCO\XPCO\AllSolutions\..\Common\SC_CommonFiles\zSC_CommonFiles_UnitTest\bin\Debug\net6.0-windows\zSC_CommonFiles_UnitTest.dll" adapterTypeName="executor://mstestadapter/v2" className="zSC_CommonFiles_UnitTest.VideoOS.UI.Common.WPF.Behaviors.MouseInputBehaviorTests" name="MouseLeftButtonUp_ShouldReleaseMouseCapture_WhenInvokingSingleClickHandlerDelayed" />
    </UnitTest>
    <UnitTest name="GetLocalizedTextThrowsIfTypeDoesNotHaveLocalizedText" storage="d:\actions-runner\_work\xpco\xpco\allsolutions\..\common\sc_commonfiles\zsc_commonfiles_unittest\bin\debug\net6.0-windows\zsc_commonfiles_unittest.dll" id="6405a933-f1c3-2d9d-c133-14524337831d">
      <Execution id="a2d00169-bcca-40b2-9f0f-3110b7d5541a" />
      <TestMethod codeBase="D:\actions-runner\_work\XPCO\XPCO\AllSolutions\..\Common\SC_CommonFiles\zSC_CommonFiles_UnitTest\bin\Debug\net6.0-windows\zSC_CommonFiles_UnitTest.dll" adapterTypeName="executor://mstestadapter/v2" className="zSC_CommonFiles_UnitTest.LocalizationTests" name="GetLocalizedTextThrowsIfTypeDoesNotHaveLocalizedText" />
    </UnitTest>
    <UnitTest name="RoundToMinute_Nearest" storage="d:\actions-runner\_work\xpco\xpco\allsolutions\..\common\sc_commonfiles\zsc_commonfiles_unittest\bin\debug\net6.0-windows\zsc_commonfiles_unittest.dll" id="4f9e68da-d964-48d6-9d3b-7273107c43bc">
      <Execution id="0a71685d-3b18-4bd7-9ac4-4a2b348d7d1e" />
      <TestMethod codeBase="D:\actions-runner\_work\XPCO\XPCO\AllSolutions\..\Common\SC_CommonFiles\zSC_CommonFiles_UnitTest\bin\Debug\net6.0-windows\zSC_CommonFiles_UnitTest.dll" adapterTypeName="executor://mstestadapter/v2" className="zSC_CommonFiles_UnitTest.VideoOS.UI.Common.WPF.Utils.ExtensionMethods.TimeSpanExtensionsTests" name="RoundToMinute_Nearest" />
    </UnitTest>
    <UnitTest name="IntersectsWithTest" storage="d:\actions-runner\_work\xpco\xpco\allsolutions\..\common\sc_commonfiles\zsc_commonfiles_unittest\bin\debug\net6.0-windows\zsc_commonfiles_unittest.dll" id="d3834f26-d7ff-018a-555c-a0be35190a28">
      <Execution id="ab2fda10-295a-4c2f-9f98-0aebde5d19cc" />
      <TestMethod codeBase="D:\actions-runner\_work\XPCO\XPCO\AllSolutions\..\Common\SC_CommonFiles\zSC_CommonFiles_UnitTest\bin\Debug\net6.0-windows\zSC_CommonFiles_UnitTest.dll" adapterTypeName="executor://mstestadapter/v2" className="SmartClient_UnitTest_VideoOS_UI_Common_WPF_Timeline.TimeIntervalTest" name="IntersectsWithTest" />
    </UnitTest>
    <UnitTest name="RoundToMillisecond_Up" storage="d:\actions-runner\_work\xpco\xpco\allsolutions\..\common\sc_commonfiles\zsc_commonfiles_unittest\bin\debug\net6.0-windows\zsc_commonfiles_unittest.dll" id="61b1c2a4-89cd-5144-7bf8-430d589649be">
      <Execution id="bf72ff3c-09a5-47e2-984f-659eedf88548" />
      <TestMethod codeBase="D:\actions-runner\_work\XPCO\XPCO\AllSolutions\..\Common\SC_CommonFiles\zSC_CommonFiles_UnitTest\bin\Debug\net6.0-windows\zSC_CommonFiles_UnitTest.dll" adapterTypeName="executor://mstestadapter/v2" className="zSC_CommonFiles_UnitTest.VideoOS.UI.Common.WPF.Utils.ExtensionMethods.DateTimeExtensionsTests" name="RoundToMillisecond_Up" />
    </UnitTest>
    <UnitTest name="RoundToMillisecond_Nearest" storage="d:\actions-runner\_work\xpco\xpco\allsolutions\..\common\sc_commonfiles\zsc_commonfiles_unittest\bin\debug\net6.0-windows\zsc_commonfiles_unittest.dll" id="4a3a4767-2fcd-8cd1-559f-f87bde132fcc">
      <Execution id="9a10e027-68b7-4ca4-a746-874edb6fa8b5" />
      <TestMethod codeBase="D:\actions-runner\_work\XPCO\XPCO\AllSolutions\..\Common\SC_CommonFiles\zSC_CommonFiles_UnitTest\bin\Debug\net6.0-windows\zSC_CommonFiles_UnitTest.dll" adapterTypeName="executor://mstestadapter/v2" className="zSC_CommonFiles_UnitTest.VideoOS.UI.Common.WPF.Utils.ExtensionMethods.DateTimeExtensionsTests" name="RoundToMillisecond_Nearest" />
    </UnitTest>
    <UnitTest name="AuthenticationWindowsDefault_SetName_Throws_InvalidOperationException" storage="d:\actions-runner\_work\xpco\xpco\allsolutions\..\common\sc_commonfiles\zsc_commonfiles_unittest\bin\debug\net6.0-windows\zsc_commonfiles_unittest.dll" id="75b02970-aa24-70a3-87c6-08d86ea85974">
      <TestCategory>
        <TestCategoryItem TestCategory="AuthenticationInfoTests" />
      </TestCategory>
      <Execution id="5fcf7fda-0056-4101-bf84-f7a4829c2ab4" />
      <TestMethod codeBase="D:\actions-runner\_work\XPCO\XPCO\AllSolutions\..\Common\SC_CommonFiles\zSC_CommonFiles_UnitTest\bin\Debug\net6.0-windows\zSC_CommonFiles_UnitTest.dll" adapterTypeName="executor://mstestadapter/v2" className="zSC_CommonFiles_UnitTest.VideoOS.Common.Login.AuthenticationInfoTests" name="AuthenticationWindowsDefault_SetName_Throws_InvalidOperationException" />
    </UnitTest>
    <UnitTest name="OnPreviewKeyDown_PageDown_Success" storage="d:\actions-runner\_work\xpco\xpco\allsolutions\..\common\sc_commonfiles\zsc_commonfiles_unittest\bin\debug\net6.0-windows\zsc_commonfiles_unittest.dll" id="286237b8-58c5-8f71-48e4-5e1734d0ac85">
      <TestCategory>
        <TestCategoryItem TestCategory="SC_CommonFiles.WPF.TileLayout" />
      </TestCategory>
      <Execution id="94f57052-415f-4df6-a3ab-e699fbc0e9c4" />
      <TestMethod codeBase="D:\actions-runner\_work\XPCO\XPCO\AllSolutions\..\Common\SC_CommonFiles\zSC_CommonFiles_UnitTest\bin\Debug\net6.0-windows\zSC_CommonFiles_UnitTest.dll" adapterTypeName="executor://mstestadapter/v2" className="zSC_CommonFiles_UnitTest.VideoOS.UI.Common.WPF.TileLayout.TileLayoutTest" name="OnPreviewKeyDown_PageDown_Success" />
    </UnitTest>
    <UnitTest name="GetStates_SessionStarted_WithStates" storage="d:\actions-runner\_work\xpco\xpco\allsolutions\..\common\sc_commonfiles\zsc_commonfiles_unittest\bin\debug\net6.0-windows\zsc_commonfiles_unittest.dll" id="6302655b-61c8-7b0f-1cb8-2a78b11ff788">
      <Execution id="a92b12d0-2d71-44cf-9942-db7030bf8ed1" />
      <TestMethod codeBase="D:\actions-runner\_work\XPCO\XPCO\AllSolutions\..\Common\SC_CommonFiles\zSC_CommonFiles_UnitTest\bin\Debug\net6.0-windows\zSC_CommonFiles_UnitTest.dll" adapterTypeName="executor://mstestadapter/v2" className="zSC_CommonFiles_UnitTest.VideoOS.Common.State.CameraStateManagerTests" name="GetStates_SessionStarted_WithStates" />
    </UnitTest>
    <UnitTest name="DismissAllToasts_MultipleToasts_Success" storage="d:\actions-runner\_work\xpco\xpco\allsolutions\..\common\sc_commonfiles\zsc_commonfiles_unittest\bin\debug\net6.0-windows\zsc_commonfiles_unittest.dll" id="98166cc9-e914-f13d-508c-30c89f0ae058">
      <TestCategory>
        <TestCategoryItem TestCategory="Toasts" />
      </TestCategory>
      <Execution id="fca41b24-9b43-4a4b-88ac-b8d17add833e" />
      <TestMethod codeBase="D:\actions-runner\_work\XPCO\XPCO\AllSolutions\..\Common\SC_CommonFiles\zSC_CommonFiles_UnitTest\bin\Debug\net6.0-windows\zSC_CommonFiles_UnitTest.dll" adapterTypeName="executor://mstestadapter/v2" className="VideoOS.UI.Common.WPF.Toast.ToastManagerTests" name="DismissAllToasts_MultipleToasts_Success" />
    </UnitTest>
    <UnitTest name="MouseLeftButtonUp_ShouldNotInvokeClickHandlerAfterDelay_WhenNoDoubleClickIsDetectedAndMouseIsNotDirectlyOver" storage="d:\actions-runner\_work\xpco\xpco\allsolutions\..\common\sc_commonfiles\zsc_commonfiles_unittest\bin\debug\net6.0-windows\zsc_commonfiles_unittest.dll" id="a77657a1-a493-b15e-b5c4-9e5ce796a8ee">
      <Execution id="e0b06ea9-0354-4ca6-98b9-a87acfaa524c" />
      <TestMethod codeBase="D:\actions-runner\_work\XPCO\XPCO\AllSolutions\..\Common\SC_CommonFiles\zSC_CommonFiles_UnitTest\bin\Debug\net6.0-windows\zSC_CommonFiles_UnitTest.dll" adapterTypeName="executor://mstestadapter/v2" className="zSC_CommonFiles_UnitTest.VideoOS.UI.Common.WPF.Behaviors.MouseInputBehaviorTests" name="MouseLeftButtonUp_ShouldNotInvokeClickHandlerAfterDelay_WhenNoDoubleClickIsDetectedAndMouseIsNotDirectlyOver" />
    </UnitTest>
    <UnitTest name="GetBoolValueOrDefault_KeyFound_ValueReturned" storage="d:\actions-runner\_work\xpco\xpco\allsolutions\..\common\sc_commonfiles\zsc_commonfiles_unittest\bin\debug\net6.0-windows\zsc_commonfiles_unittest.dll" id="0b0e0ad1-c995-9403-bc1c-5f3fb5cc273a">
      <Execution id="af09206a-8274-44ed-b0df-7017df56399a" />
      <TestMethod codeBase="D:\actions-runner\_work\XPCO\XPCO\AllSolutions\..\Common\SC_CommonFiles\zSC_CommonFiles_UnitTest\bin\Debug\net6.0-windows\zSC_CommonFiles_UnitTest.dll" adapterTypeName="executor://mstestadapter/v2" className="zSC_CommonFiles_UnitTest.VideoOS.Common.Configuration.NameValueCollectionExtensionsTest" name="GetBoolValueOrDefault_KeyFound_ValueReturned" />
    </UnitTest>
    <UnitTest name="TooltipServiceWarning_Failover_LocalAuthorizationError" storage="d:\actions-runner\_work\xpco\xpco\allsolutions\..\common\sc_commonfiles\zsc_commonfiles_unittest\bin\debug\net6.0-windows\zsc_commonfiles_unittest.dll" id="441a4176-3f9e-7fdb-d742-3ee7574fadc4">
      <Execution id="b49da3a3-4951-4bd7-a541-3244e13a1016" />
      <TestMethod codeBase="D:\actions-runner\_work\XPCO\XPCO\AllSolutions\..\Common\SC_CommonFiles\zSC_CommonFiles_UnitTest\bin\Debug\net6.0-windows\zSC_CommonFiles_UnitTest.dll" adapterTypeName="executor://mstestadapter/v2" className="zSC_CommonFiles_UnitTest.VideoOS.UI.Common.WPF.Dashboard.Types.ServerTest" name="TooltipServiceWarning_Failover_LocalAuthorizationError" />
    </UnitTest>
    <UnitTest name="GetIntValueOrDefault_WrongKeyValue_DefaultValueReturned" storage="d:\actions-runner\_work\xpco\xpco\allsolutions\..\common\sc_commonfiles\zsc_commonfiles_unittest\bin\debug\net6.0-windows\zsc_commonfiles_unittest.dll" id="45ce53b6-2a00-442b-a6cc-32488dfaae90">
      <Execution id="e73dd18c-c301-4c50-8255-9da62befe567" />
      <TestMethod codeBase="D:\actions-runner\_work\XPCO\XPCO\AllSolutions\..\Common\SC_CommonFiles\zSC_CommonFiles_UnitTest\bin\Debug\net6.0-windows\zSC_CommonFiles_UnitTest.dll" adapterTypeName="executor://mstestadapter/v2" className="zSC_CommonFiles_UnitTest.VideoOS.Common.Configuration.NameValueCollectionExtensionsTest" name="GetIntValueOrDefault_WrongKeyValue_DefaultValueReturned" />
    </UnitTest>
    <UnitTest name="MouseHover_OverSelectionRange_IsMouseOverRangeBar_IsTrue" storage="d:\actions-runner\_work\xpco\xpco\allsolutions\..\common\sc_commonfiles\zsc_commonfiles_unittest\bin\debug\net6.0-windows\zsc_commonfiles_unittest.dll" id="cbe296a6-601b-dd72-bc79-8548a0abe9dd">
      <TestCategory>
        <TestCategoryItem TestCategory="RangeSelector" />
      </TestCategory>
      <Execution id="2b420774-25ef-400b-877a-7083535bd210" />
      <TestMethod codeBase="D:\actions-runner\_work\XPCO\XPCO\AllSolutions\..\Common\SC_CommonFiles\zSC_CommonFiles_UnitTest\bin\Debug\net6.0-windows\zSC_CommonFiles_UnitTest.dll" adapterTypeName="executor://mstestadapter/v2" className="VideoOS.UI.Common.WPF.RangeSelector.RangeSelectorTest" name="MouseHover_OverSelectionRange_IsMouseOverRangeBar_IsTrue" />
    </UnitTest>
    <UnitTest name="TileStateMaintainsDefinedStateAsLongAsAtLeastOneCurrentStateIsDefined" storage="d:\actions-runner\_work\xpco\xpco\allsolutions\..\common\sc_commonfiles\zsc_commonfiles_unittest\bin\debug\net6.0-windows\zsc_commonfiles_unittest.dll" id="096497aa-f877-ca92-6ca3-eb3764bf4357">
      <Execution id="401f6e2b-b04c-4b88-a3e0-5e9c86ff88cc" />
      <TestMethod codeBase="D:\actions-runner\_work\XPCO\XPCO\AllSolutions\..\Common\SC_CommonFiles\zSC_CommonFiles_UnitTest\bin\Debug\net6.0-windows\zSC_CommonFiles_UnitTest.dll" adapterTypeName="executor://mstestadapter/v2" className="zSC_CommonFiles_UnitTest.DashboardTilesTests" name="TileStateMaintainsDefinedStateAsLongAsAtLeastOneCurrentStateIsDefined" />
    </UnitTest>
    <UnitTest name="SequenceEqualIgnoreOrder_EqualCollectionsOrderedDifferently_IgnoreOrder_SymmetricalTrueResult" storage="d:\actions-runner\_work\xpco\xpco\allsolutions\..\common\sc_commonfiles\zsc_commonfiles_unittest\bin\debug\net6.0-windows\zsc_commonfiles_unittest.dll" id="1eb83994-41a5-06de-d18f-7e1407514b78">
      <Execution id="9bfa094a-60a9-4257-8891-42fec0b27125" />
      <TestMethod codeBase="D:\actions-runner\_work\XPCO\XPCO\AllSolutions\..\Common\SC_CommonFiles\zSC_CommonFiles_UnitTest\bin\Debug\net6.0-windows\zSC_CommonFiles_UnitTest.dll" adapterTypeName="executor://mstestadapter/v2" className="zSC_CommonFiles_UnitTest.VideoOS.UI.Common.WPF.Utils.ExtensionMethods.IEnumerableExtensionTests" name="SequenceEqualIgnoreOrder_EqualCollectionsOrderedDifferently_IgnoreOrder_SymmetricalTrueResult" />
    </UnitTest>
    <UnitTest name="MouseHover_OverRangeBarAndThumbs_IsMouseOverRangeBar_IsTrue" storage="d:\actions-runner\_work\xpco\xpco\allsolutions\..\common\sc_commonfiles\zsc_commonfiles_unittest\bin\debug\net6.0-windows\zsc_commonfiles_unittest.dll" id="62aebf56-249e-bb4c-3c75-70b7badd4f85">
      <TestCategory>
        <TestCategoryItem TestCategory="RangeSelector" />
      </TestCategory>
      <Execution id="45253503-54fa-4ea4-87d3-74572197040a" />
      <TestMethod codeBase="D:\actions-runner\_work\XPCO\XPCO\AllSolutions\..\Common\SC_CommonFiles\zSC_CommonFiles_UnitTest\bin\Debug\net6.0-windows\zSC_CommonFiles_UnitTest.dll" adapterTypeName="executor://mstestadapter/v2" className="VideoOS.UI.Common.WPF.RangeSelector.RangeSelectorTest" name="MouseHover_OverRangeBarAndThumbs_IsMouseOverRangeBar_IsTrue" />
    </UnitTest>
    <UnitTest name="TryGetIntValue_KeyNotFound_ReturnFalse" storage="d:\actions-runner\_work\xpco\xpco\allsolutions\..\common\sc_commonfiles\zsc_commonfiles_unittest\bin\debug\net6.0-windows\zsc_commonfiles_unittest.dll" id="d3857317-63e0-c190-44d9-5fb025d72a80">
      <Execution id="0bad91cc-38c1-4774-90d9-9c0c8456c137" />
      <TestMethod codeBase="D:\actions-runner\_work\XPCO\XPCO\AllSolutions\..\Common\SC_CommonFiles\zSC_CommonFiles_UnitTest\bin\Debug\net6.0-windows\zSC_CommonFiles_UnitTest.dll" adapterTypeName="executor://mstestadapter/v2" className="zSC_CommonFiles_UnitTest.VideoOS.Common.Configuration.NameValueCollectionExtensionsTest" name="TryGetIntValue_KeyNotFound_ReturnFalse" />
    </UnitTest>
    <UnitTest name="ShowMultipleToasts_Success" storage="d:\actions-runner\_work\xpco\xpco\allsolutions\..\common\sc_commonfiles\zsc_commonfiles_unittest\bin\debug\net6.0-windows\zsc_commonfiles_unittest.dll" id="f2effcb5-d303-005d-6682-8ccbac2c3bbc">
      <TestCategory>
        <TestCategoryItem TestCategory="Toasts" />
      </TestCategory>
      <Execution id="863af495-2395-4480-b2fb-964e267cb5f1" />
      <TestMethod codeBase="D:\actions-runner\_work\XPCO\XPCO\AllSolutions\..\Common\SC_CommonFiles\zSC_CommonFiles_UnitTest\bin\Debug\net6.0-windows\zSC_CommonFiles_UnitTest.dll" adapterTypeName="executor://mstestadapter/v2" className="zSC_CommonFiles_UnitTest.VideoOS.UI.Common.WPF.Toast.ToastsViewModelTests" name="ShowMultipleToasts_Success" />
    </UnitTest>
    <UnitTest name="IntersectWithTest" storage="d:\actions-runner\_work\xpco\xpco\allsolutions\..\common\sc_commonfiles\zsc_commonfiles_unittest\bin\debug\net6.0-windows\zsc_commonfiles_unittest.dll" id="bcf043e2-e23c-d4b1-e8df-ddcfaf2c6564">
      <Execution id="a7b8891a-f42b-44b5-96eb-c02b891b7afb" />
      <TestMethod codeBase="D:\actions-runner\_work\XPCO\XPCO\AllSolutions\..\Common\SC_CommonFiles\zSC_CommonFiles_UnitTest\bin\Debug\net6.0-windows\zSC_CommonFiles_UnitTest.dll" adapterTypeName="executor://mstestadapter/v2" className="SmartClient_UnitTest_VideoOS_UI_Common_WPF_Timeline.TimeIntervalTest" name="IntersectWithTest" />
    </UnitTest>
    <UnitTest name="TickFrequenceSet_GreaterThanMax_ValueValidatedAndUpdated" storage="d:\actions-runner\_work\xpco\xpco\allsolutions\..\common\sc_commonfiles\zsc_commonfiles_unittest\bin\debug\net6.0-windows\zsc_commonfiles_unittest.dll" id="31287f75-c0f1-e036-018c-5c569b7613eb">
      <TestCategory>
        <TestCategoryItem TestCategory="RangeSelector" />
      </TestCategory>
      <Execution id="f73cd805-0150-4ba5-b41e-e2647dfc3b10" />
      <TestMethod codeBase="D:\actions-runner\_work\XPCO\XPCO\AllSolutions\..\Common\SC_CommonFiles\zSC_CommonFiles_UnitTest\bin\Debug\net6.0-windows\zSC_CommonFiles_UnitTest.dll" adapterTypeName="executor://mstestadapter/v2" className="VideoOS.UI.Common.WPF.RangeSelector.RangeSelectorTest" name="TickFrequenceSet_GreaterThanMax_ValueValidatedAndUpdated" />
    </UnitTest>
    <UnitTest name="FormsControlScaledHeight_100Percent_Scaling" storage="d:\actions-runner\_work\xpco\xpco\allsolutions\..\common\sc_commonfiles\zsc_commonfiles_unittest\bin\debug\net6.0-windows\zsc_commonfiles_unittest.dll" id="e959378d-d0fd-4d49-0362-8d51b28a1ec4">
      <Execution id="06ac30bd-b08a-4bdd-a698-92f48ab7dd2c" />
      <TestMethod codeBase="D:\actions-runner\_work\XPCO\XPCO\AllSolutions\..\Common\SC_CommonFiles\zSC_CommonFiles_UnitTest\bin\Debug\net6.0-windows\zSC_CommonFiles_UnitTest.dll" adapterTypeName="executor://mstestadapter/v2" className="zSC_CommonFiles_UnitTest.VideoOS.UI.Common.WPF.Utils.ExtensionMethods.WindowExtensionsTests" name="FormsControlScaledHeight_100Percent_Scaling" />
    </UnitTest>
    <UnitTest name="AuthenticationExternal_CopyConstructor_Success" storage="d:\actions-runner\_work\xpco\xpco\allsolutions\..\common\sc_commonfiles\zsc_commonfiles_unittest\bin\debug\net6.0-windows\zsc_commonfiles_unittest.dll" id="5ec2fd00-c7ca-4cee-7758-7801f820c473">
      <TestCategory>
        <TestCategoryItem TestCategory="AuthenticationInfoTests" />
      </TestCategory>
      <Execution id="f652b7d3-48a0-41b2-bdc8-27c12b916248" />
      <TestMethod codeBase="D:\actions-runner\_work\XPCO\XPCO\AllSolutions\..\Common\SC_CommonFiles\zSC_CommonFiles_UnitTest\bin\Debug\net6.0-windows\zSC_CommonFiles_UnitTest.dll" adapterTypeName="executor://mstestadapter/v2" className="zSC_CommonFiles_UnitTest.VideoOS.Common.Login.AuthenticationInfoTests" name="AuthenticationExternal_CopyConstructor_Success" />
    </UnitTest>
    <UnitTest name="RemoveRange_FewItems_SuccessWithResetNotification" storage="d:\actions-runner\_work\xpco\xpco\allsolutions\..\common\sc_commonfiles\zsc_commonfiles_unittest\bin\debug\net6.0-windows\zsc_commonfiles_unittest.dll" id="52a29049-9c8e-815e-36f6-b6f14de4f7c1">
      <TestCategory>
        <TestCategoryItem TestCategory="SC_CommonFiles.WPF" />
      </TestCategory>
      <Execution id="73d10cd3-9763-4c0a-9ce2-586a0046d745" />
      <TestMethod codeBase="D:\actions-runner\_work\XPCO\XPCO\AllSolutions\..\Common\SC_CommonFiles\zSC_CommonFiles_UnitTest\bin\Debug\net6.0-windows\zSC_CommonFiles_UnitTest.dll" adapterTypeName="executor://mstestadapter/v2" className="zSC_CommonFiles_UnitTest.VideoOS.UI.Common.WPF.ObservableCollections.BulkObservableCollectionTests" name="RemoveRange_FewItems_SuccessWithResetNotification" />
    </UnitTest>
    <UnitTest name="DetermineScaledWindowLocationAndSize_150Percent_Scaling" storage="d:\actions-runner\_work\xpco\xpco\allsolutions\..\common\sc_commonfiles\zsc_commonfiles_unittest\bin\debug\net6.0-windows\zsc_commonfiles_unittest.dll" id="d321e896-1c35-b87a-a0b5-276c58a0218b">
      <Execution id="c34f2e6b-c25b-4eb4-8a65-a562d45317cd" />
      <TestMethod codeBase="D:\actions-runner\_work\XPCO\XPCO\AllSolutions\..\Common\SC_CommonFiles\zSC_CommonFiles_UnitTest\bin\Debug\net6.0-windows\zSC_CommonFiles_UnitTest.dll" adapterTypeName="executor://mstestadapter/v2" className="zSC_CommonFiles_UnitTest.VideoOS.UI.Common.WPF.Utils.ExtensionMethods.WindowExtensionsTests" name="DetermineScaledWindowLocationAndSize_150Percent_Scaling" />
    </UnitTest>
    <UnitTest name="OnPreviewKeyDown_Right_Success" storage="d:\actions-runner\_work\xpco\xpco\allsolutions\..\common\sc_commonfiles\zsc_commonfiles_unittest\bin\debug\net6.0-windows\zsc_commonfiles_unittest.dll" id="0a8ef08d-9dbb-9ec8-d4a3-65f99078cd81">
      <TestCategory>
        <TestCategoryItem TestCategory="SC_CommonFiles.WPF.TileLayout" />
      </TestCategory>
      <Execution id="b3e908b1-9437-4642-aabf-931b34fa2489" />
      <TestMethod codeBase="D:\actions-runner\_work\XPCO\XPCO\AllSolutions\..\Common\SC_CommonFiles\zSC_CommonFiles_UnitTest\bin\Debug\net6.0-windows\zSC_CommonFiles_UnitTest.dll" adapterTypeName="executor://mstestadapter/v2" className="zSC_CommonFiles_UnitTest.VideoOS.UI.Common.WPF.TileLayout.TileLayoutTest" name="OnPreviewKeyDown_Right_Success" />
    </UnitTest>
    <UnitTest name="TileStateMustRemainUnchangedByHostOnlineAndServiceAvailableStateChanges" storage="d:\actions-runner\_work\xpco\xpco\allsolutions\..\common\sc_commonfiles\zsc_commonfiles_unittest\bin\debug\net6.0-windows\zsc_commonfiles_unittest.dll" id="bad298ac-94ba-545f-f256-1e42ffa5b7b5">
      <Execution id="2f8f0ee2-b4d2-4e28-a5b7-e90b5ddba429" />
      <TestMethod codeBase="D:\actions-runner\_work\XPCO\XPCO\AllSolutions\..\Common\SC_CommonFiles\zSC_CommonFiles_UnitTest\bin\Debug\net6.0-windows\zSC_CommonFiles_UnitTest.dll" adapterTypeName="executor://mstestadapter/v2" className="zSC_CommonFiles_UnitTest.DashboardTilesTests" name="TileStateMustRemainUnchangedByHostOnlineAndServiceAvailableStateChanges" />
    </UnitTest>
    <UnitTest name="GetDoubleValueOrDefault_WrongKeyValue_DefaultValueReturned" storage="d:\actions-runner\_work\xpco\xpco\allsolutions\..\common\sc_commonfiles\zsc_commonfiles_unittest\bin\debug\net6.0-windows\zsc_commonfiles_unittest.dll" id="14a1f95e-78fa-735f-e1e1-62755f5e4ea3">
      <Execution id="8ec20018-a067-47b3-a511-beef09da49ff" />
      <TestMethod codeBase="D:\actions-runner\_work\XPCO\XPCO\AllSolutions\..\Common\SC_CommonFiles\zSC_CommonFiles_UnitTest\bin\Debug\net6.0-windows\zSC_CommonFiles_UnitTest.dll" adapterTypeName="executor://mstestadapter/v2" className="zSC_CommonFiles_UnitTest.VideoOS.Common.Configuration.NameValueCollectionExtensionsTest" name="GetDoubleValueOrDefault_WrongKeyValue_DefaultValueReturned" />
    </UnitTest>
    <UnitTest name="Convert_RespectMinValue_Success" storage="d:\actions-runner\_work\xpco\xpco\allsolutions\..\common\sc_commonfiles\zsc_commonfiles_unittest\bin\debug\net6.0-windows\zsc_commonfiles_unittest.dll" id="213635e5-649b-5c44-aecd-050b59df7240">
      <TestCategory>
        <TestCategoryItem TestCategory="Converters" />
      </TestCategory>
      <Execution id="017340d1-5d70-4705-8167-5f0a18757eb0" />
      <TestMethod codeBase="D:\actions-runner\_work\XPCO\XPCO\AllSolutions\..\Common\SC_CommonFiles\zSC_CommonFiles_UnitTest\bin\Debug\net6.0-windows\zSC_CommonFiles_UnitTest.dll" adapterTypeName="executor://mstestadapter/v2" className="VideoOS.UI.Common.WPF.Utils.Converters.OffsetConverterTests" name="Convert_RespectMinValue_Success" />
    </UnitTest>
    <UnitTest name="ExtensionBeginInvokeNoParamTest" storage="d:\actions-runner\_work\xpco\xpco\allsolutions\..\common\sc_commonfiles\zsc_commonfiles_unittest\bin\debug\net6.0-windows\zsc_commonfiles_unittest.dll" id="57b6d097-e9d6-3704-ff59-5ba052e3b406">
      <Execution id="6e3e25d3-9c5f-49df-9d08-6f119a1dc91c" />
      <TestMethod codeBase="D:\actions-runner\_work\XPCO\XPCO\AllSolutions\..\Common\SC_CommonFiles\zSC_CommonFiles_UnitTest\bin\Debug\net6.0-windows\zSC_CommonFiles_UnitTest.dll" adapterTypeName="executor://mstestadapter/v2" className="SmartClient_UnitTest.VideoOS.UI.Common.WPF.Utils.Threading.DispatcherExtensionsTest" name="ExtensionBeginInvokeNoParamTest" />
    </UnitTest>
    <UnitTest name="Convert_ShouldReturnEqualOrLessString_WhenValueIsEqualToThreshold" storage="d:\actions-runner\_work\xpco\xpco\allsolutions\..\common\sc_commonfiles\zsc_commonfiles_unittest\bin\debug\net6.0-windows\zsc_commonfiles_unittest.dll" id="c5d5c0bb-f780-e550-d703-b15880279a9f">
      <Execution id="8a8eda37-d991-4c0e-84ed-da4dd7753b1c" />
      <TestMethod codeBase="D:\actions-runner\_work\XPCO\XPCO\AllSolutions\..\Common\SC_CommonFiles\zSC_CommonFiles_UnitTest\bin\Debug\net6.0-windows\zSC_CommonFiles_UnitTest.dll" adapterTypeName="executor://mstestadapter/v2" className="zSC_CommonFiles_UnitTest.VideoOS.UI.Common.WPF.Utils.Converters.CountToStringConverterTests" name="Convert_ShouldReturnEqualOrLessString_WhenValueIsEqualToThreshold" />
    </UnitTest>
    <UnitTest name="ArrangeOverride__6child_AllMustShrinkAndRestore__AllAreShrunkAndRestored" storage="d:\actions-runner\_work\xpco\xpco\allsolutions\..\common\sc_commonfiles\zsc_commonfiles_unittest\bin\debug\net6.0-windows\zsc_commonfiles_unittest.dll" id="133cb637-1f14-da6d-6e37-6a27375b1670">
      <TestCategory>
        <TestCategoryItem TestCategory="Controls" />
      </TestCategory>
      <Execution id="4d30d899-d675-4a82-893c-ecaf38c6dffc" />
      <TestMethod codeBase="D:\actions-runner\_work\XPCO\XPCO\AllSolutions\..\Common\SC_CommonFiles\zSC_CommonFiles_UnitTest\bin\Debug\net6.0-windows\zSC_CommonFiles_UnitTest.dll" adapterTypeName="executor://mstestadapter/v2" className="VideoOS.UI.Common.WPF.Controls.HorizontalPanelTests" name="ArrangeOverride__6child_AllMustShrinkAndRestore__AllAreShrunkAndRestored" />
    </UnitTest>
    <UnitTest name="DownTileSwapsPositionsOfTileAndSuccessor" storage="d:\actions-runner\_work\xpco\xpco\allsolutions\..\common\sc_commonfiles\zsc_commonfiles_unittest\bin\debug\net6.0-windows\zsc_commonfiles_unittest.dll" id="31fd8fc3-155f-83fd-baeb-6572fbd4102c">
      <Execution id="5c320574-9cf0-434c-b093-de18723bf8aa" />
      <TestMethod codeBase="D:\actions-runner\_work\XPCO\XPCO\AllSolutions\..\Common\SC_CommonFiles\zSC_CommonFiles_UnitTest\bin\Debug\net6.0-windows\zSC_CommonFiles_UnitTest.dll" adapterTypeName="executor://mstestadapter/v2" className="zSC_CommonFiles_UnitTest.DashboardTilesTests" name="DownTileSwapsPositionsOfTileAndSuccessor" />
    </UnitTest>
    <UnitTest name="SaveToFile_ShouldSaveAllowUnsecureConnection_WhenAllowUnsecureSetToTrueAndServerEntryDoesNotExistInXml" storage="d:\actions-runner\_work\xpco\xpco\allsolutions\..\common\sc_commonfiles\zsc_commonfiles_unittest\bin\debug\net6.0-windows\zsc_commonfiles_unittest.dll" id="a0a697d6-c6a3-5a08-d701-7b26e299e138">
      <Execution id="08e2b75e-a370-4556-a158-0ac2090ba1bd" />
      <TestMethod codeBase="D:\actions-runner\_work\XPCO\XPCO\AllSolutions\..\Common\SC_CommonFiles\zSC_CommonFiles_UnitTest\bin\Debug\net6.0-windows\zSC_CommonFiles_UnitTest.dll" adapterTypeName="executor://mstestadapter/v2" className="zSC_CommonFiles_UnitTest.VideoOS.Common.Login.UIConnectionInfoTests" name="SaveToFile_ShouldSaveAllowUnsecureConnection_WhenAllowUnsecureSetToTrueAndServerEntryDoesNotExistInXml" />
    </UnitTest>
    <UnitTest name="Convert_WithOffset_Success" storage="d:\actions-runner\_work\xpco\xpco\allsolutions\..\common\sc_commonfiles\zsc_commonfiles_unittest\bin\debug\net6.0-windows\zsc_commonfiles_unittest.dll" id="b65ce05c-91af-c3db-9a3c-440082baa61d">
      <TestCategory>
        <TestCategoryItem TestCategory="Converters" />
      </TestCategory>
      <Execution id="971e25fc-204f-4556-9aef-10083d347b90" />
      <TestMethod codeBase="D:\actions-runner\_work\XPCO\XPCO\AllSolutions\..\Common\SC_CommonFiles\zSC_CommonFiles_UnitTest\bin\Debug\net6.0-windows\zSC_CommonFiles_UnitTest.dll" adapterTypeName="executor://mstestadapter/v2" className="VideoOS.UI.Common.WPF.Utils.Converters.OffsetConverterTests" name="Convert_WithOffset_Success" />
    </UnitTest>
    <UnitTest name="Partial_Updating_Works" storage="d:\actions-runner\_work\xpco\xpco\allsolutions\..\common\sc_commonfiles\zsc_commonfiles_unittest\bin\debug\net6.0-windows\zsc_commonfiles_unittest.dll" id="192bc75c-0987-6d84-ba23-75d2871c7fb0">
      <Execution id="832bc209-ae97-4a20-9128-066bb5164ae3" />
      <TestMethod codeBase="D:\actions-runner\_work\XPCO\XPCO\AllSolutions\..\Common\SC_CommonFiles\zSC_CommonFiles_UnitTest\bin\Debug\net6.0-windows\zSC_CommonFiles_UnitTest.dll" adapterTypeName="executor://mstestadapter/v2" className="zSC_CommonFiles_UnitTest.VideoOS.UI.Common.WPF.Utils.ObservableCollectionExtensionTest" name="Partial_Updating_Works" />
    </UnitTest>
    <UnitTest name="SmartSearchFilterValue_Serialize_Success" storage="d:\actions-runner\_work\xpco\xpco\allsolutions\..\common\sc_commonfiles\zsc_commonfiles_unittest\bin\debug\net6.0-windows\zsc_commonfiles_unittest.dll" id="fe19cce5-cc9d-9aa6-e44d-fbae8d8bb129">
      <TestCategory>
        <TestCategoryItem TestCategory="Search.FilterValues" />
      </TestCategory>
      <Execution id="922df636-562f-4b02-a125-2b335e5708b3" />
      <TestMethod codeBase="D:\actions-runner\_work\XPCO\XPCO\AllSolutions\..\Common\SC_CommonFiles\zSC_CommonFiles_UnitTest\bin\Debug\net6.0-windows\zSC_CommonFiles_UnitTest.dll" adapterTypeName="executor://mstestadapter/v2" className="zSC_CommonFiles_UnitTest.VideoOS.UI.Common.Data.SmartSearch.SmartSearchFilterValueTests" name="SmartSearchFilterValue_Serialize_Success" />
    </UnitTest>
    <UnitTest name="MouseLeftButtonUp_ShouldInvokeClickHandlerAfterDelay_WhenNoDoubleClickIsDetectedAndMouseIsDirectlyOver" storage="d:\actions-runner\_work\xpco\xpco\allsolutions\..\common\sc_commonfiles\zsc_commonfiles_unittest\bin\debug\net6.0-windows\zsc_commonfiles_unittest.dll" id="b452384b-46c9-9d28-fc42-8e46ec09f689">
      <Execution id="a948aa1f-cfaf-4c26-9928-083a7b44f1ba" />
      <TestMethod codeBase="D:\actions-runner\_work\XPCO\XPCO\AllSolutions\..\Common\SC_CommonFiles\zSC_CommonFiles_UnitTest\bin\Debug\net6.0-windows\zSC_CommonFiles_UnitTest.dll" adapterTypeName="executor://mstestadapter/v2" className="zSC_CommonFiles_UnitTest.VideoOS.UI.Common.WPF.Behaviors.MouseInputBehaviorTests" name="MouseLeftButtonUp_ShouldInvokeClickHandlerAfterDelay_WhenNoDoubleClickIsDetectedAndMouseIsDirectlyOver" />
    </UnitTest>
    <UnitTest name="RoundToHour_Nearest" storage="d:\actions-runner\_work\xpco\xpco\allsolutions\..\common\sc_commonfiles\zsc_commonfiles_unittest\bin\debug\net6.0-windows\zsc_commonfiles_unittest.dll" id="e47e5959-0404-6a12-bb2e-be035056d2fc">
      <Execution id="17895126-55e3-49e0-97f0-933688baf648" />
      <TestMethod codeBase="D:\actions-runner\_work\XPCO\XPCO\AllSolutions\..\Common\SC_CommonFiles\zSC_CommonFiles_UnitTest\bin\Debug\net6.0-windows\zSC_CommonFiles_UnitTest.dll" adapterTypeName="executor://mstestadapter/v2" className="zSC_CommonFiles_UnitTest.VideoOS.UI.Common.WPF.Utils.ExtensionMethods.TimeSpanExtensionsTests" name="RoundToHour_Nearest" />
    </UnitTest>
    <UnitTest name="MeasureOverride_3childEnoughSpaceNoSpacing_Shrunk" storage="d:\actions-runner\_work\xpco\xpco\allsolutions\..\common\sc_commonfiles\zsc_commonfiles_unittest\bin\debug\net6.0-windows\zsc_commonfiles_unittest.dll" id="86511367-20e7-9ea5-808a-c86846f8f9e3">
      <TestCategory>
        <TestCategoryItem TestCategory="Controls" />
      </TestCategory>
      <Execution id="c88c3a38-eb01-4b35-95dc-613b4893e5aa" />
      <TestMethod codeBase="D:\actions-runner\_work\XPCO\XPCO\AllSolutions\..\Common\SC_CommonFiles\zSC_CommonFiles_UnitTest\bin\Debug\net6.0-windows\zSC_CommonFiles_UnitTest.dll" adapterTypeName="executor://mstestadapter/v2" className="VideoOS.UI.Common.WPF.Controls.HorizontalPanelTests" name="MeasureOverride_3childEnoughSpaceNoSpacing_Shrunk" />
    </UnitTest>
    <UnitTest name="RoundToHour_RoundUp" storage="d:\actions-runner\_work\xpco\xpco\allsolutions\..\common\sc_commonfiles\zsc_commonfiles_unittest\bin\debug\net6.0-windows\zsc_commonfiles_unittest.dll" id="6bf27e89-1adf-d0e5-6e64-45ecd4ed017f">
      <Execution id="2979c101-4035-4eb2-a237-3018874d19d0" />
      <TestMethod codeBase="D:\actions-runner\_work\XPCO\XPCO\AllSolutions\..\Common\SC_CommonFiles\zSC_CommonFiles_UnitTest\bin\Debug\net6.0-windows\zSC_CommonFiles_UnitTest.dll" adapterTypeName="executor://mstestadapter/v2" className="zSC_CommonFiles_UnitTest.VideoOS.UI.Common.WPF.Utils.ExtensionMethods.TimeSpanExtensionsTests" name="RoundToHour_RoundUp" />
    </UnitTest>
    <UnitTest name="SequenceEqualIgnoreOrder_NullCollection_IgnoreOrder_FalseResult" storage="d:\actions-runner\_work\xpco\xpco\allsolutions\..\common\sc_commonfiles\zsc_commonfiles_unittest\bin\debug\net6.0-windows\zsc_commonfiles_unittest.dll" id="4f39f42c-bd61-1d3b-a9d4-94ed188e9ad5">
      <Execution id="a9fe6418-bbae-4696-b002-5418af3b092c" />
      <TestMethod codeBase="D:\actions-runner\_work\XPCO\XPCO\AllSolutions\..\Common\SC_CommonFiles\zSC_CommonFiles_UnitTest\bin\Debug\net6.0-windows\zSC_CommonFiles_UnitTest.dll" adapterTypeName="executor://mstestadapter/v2" className="zSC_CommonFiles_UnitTest.VideoOS.UI.Common.WPF.Utils.ExtensionMethods.IEnumerableExtensionTests" name="SequenceEqualIgnoreOrder_NullCollection_IgnoreOrder_FalseResult" />
    </UnitTest>
    <UnitTest name="GetIntValueOrDefault_KeyFound_ValueReturned" storage="d:\actions-runner\_work\xpco\xpco\allsolutions\..\common\sc_commonfiles\zsc_commonfiles_unittest\bin\debug\net6.0-windows\zsc_commonfiles_unittest.dll" id="bb96e440-92b4-1c31-95b5-59b0e4d11807">
      <Execution id="d72a5ce4-0988-47bb-acf4-4f1a3922d38a" />
      <TestMethod codeBase="D:\actions-runner\_work\XPCO\XPCO\AllSolutions\..\Common\SC_CommonFiles\zSC_CommonFiles_UnitTest\bin\Debug\net6.0-windows\zSC_CommonFiles_UnitTest.dll" adapterTypeName="executor://mstestadapter/v2" className="zSC_CommonFiles_UnitTest.VideoOS.Common.Configuration.NameValueCollectionExtensionsTest" name="GetIntValueOrDefault_KeyFound_ValueReturned" />
    </UnitTest>
    <UnitTest name="Ctor_CreateAndClose_Success" storage="d:\actions-runner\_work\xpco\xpco\allsolutions\..\common\sc_commonfiles\zsc_commonfiles_unittest\bin\debug\net6.0-windows\zsc_commonfiles_unittest.dll" id="4d866a2f-8988-0d70-b30c-379e46401f2f">
      <TestCategory>
        <TestCategoryItem TestCategory="Toasts" />
      </TestCategory>
      <Execution id="98ef643b-c8fa-4f3b-a51b-fc4eccc89e94" />
      <TestMethod codeBase="D:\actions-runner\_work\XPCO\XPCO\AllSolutions\..\Common\SC_CommonFiles\zSC_CommonFiles_UnitTest\bin\Debug\net6.0-windows\zSC_CommonFiles_UnitTest.dll" adapterTypeName="executor://mstestadapter/v2" className="zSC_CommonFiles_UnitTest.VideoOS.UI.Common.WPF.Toast.ToastsViewModelTests" name="Ctor_CreateAndClose_Success" />
    </UnitTest>
    <UnitTest name="OnPreviewKeyDown_End_Success" storage="d:\actions-runner\_work\xpco\xpco\allsolutions\..\common\sc_commonfiles\zsc_commonfiles_unittest\bin\debug\net6.0-windows\zsc_commonfiles_unittest.dll" id="9c1495d5-6651-ae8f-908a-bfaa0ece52f3">
      <TestCategory>
        <TestCategoryItem TestCategory="SC_CommonFiles.WPF.TileLayout" />
      </TestCategory>
      <Execution id="f2c05607-e62a-468c-a7c3-70a73dfb0540" />
      <TestMethod codeBase="D:\actions-runner\_work\XPCO\XPCO\AllSolutions\..\Common\SC_CommonFiles\zSC_CommonFiles_UnitTest\bin\Debug\net6.0-windows\zSC_CommonFiles_UnitTest.dll" adapterTypeName="executor://mstestadapter/v2" className="zSC_CommonFiles_UnitTest.VideoOS.UI.Common.WPF.TileLayout.TileLayoutTest" name="OnPreviewKeyDown_End_Success" />
    </UnitTest>
    <UnitTest name="FormsControlScaledHeight_150Percent_Scaling" storage="d:\actions-runner\_work\xpco\xpco\allsolutions\..\common\sc_commonfiles\zsc_commonfiles_unittest\bin\debug\net6.0-windows\zsc_commonfiles_unittest.dll" id="b8e97d03-ef15-901d-1e9d-db40f54cbfb0">
      <Execution id="f0d4ffcd-9f74-4f2a-af04-0a85e9be17d5" />
      <TestMethod codeBase="D:\actions-runner\_work\XPCO\XPCO\AllSolutions\..\Common\SC_CommonFiles\zSC_CommonFiles_UnitTest\bin\Debug\net6.0-windows\zSC_CommonFiles_UnitTest.dll" adapterTypeName="executor://mstestadapter/v2" className="zSC_CommonFiles_UnitTest.VideoOS.UI.Common.WPF.Utils.ExtensionMethods.WindowExtensionsTests" name="FormsControlScaledHeight_150Percent_Scaling" />
    </UnitTest>
    <UnitTest name="SaveToFile_ShouldNotSaveAllowUnsecureConnection_WhenAllowUnsecureSetToFalse" storage="d:\actions-runner\_work\xpco\xpco\allsolutions\..\common\sc_commonfiles\zsc_commonfiles_unittest\bin\debug\net6.0-windows\zsc_commonfiles_unittest.dll" id="4a077e12-b64a-edfe-3b33-7ee47b81322b">
      <Execution id="233be61b-509a-46ca-964c-a536d005246e" />
      <TestMethod codeBase="D:\actions-runner\_work\XPCO\XPCO\AllSolutions\..\Common\SC_CommonFiles\zSC_CommonFiles_UnitTest\bin\Debug\net6.0-windows\zSC_CommonFiles_UnitTest.dll" adapterTypeName="executor://mstestadapter/v2" className="zSC_CommonFiles_UnitTest.VideoOS.Common.Login.UIConnectionInfoTests" name="SaveToFile_ShouldNotSaveAllowUnsecureConnection_WhenAllowUnsecureSetToFalse" />
    </UnitTest>
    <UnitTest name="ToastsCanLeaveQueue_Success" storage="d:\actions-runner\_work\xpco\xpco\allsolutions\..\common\sc_commonfiles\zsc_commonfiles_unittest\bin\debug\net6.0-windows\zsc_commonfiles_unittest.dll" id="e0165201-5cdb-4323-41c0-fe10a5054fb9">
      <TestCategory>
        <TestCategoryItem TestCategory="Toasts" />
      </TestCategory>
      <Execution id="81133f78-8730-494f-bc78-5392e8f3d99c" />
      <TestMethod codeBase="D:\actions-runner\_work\XPCO\XPCO\AllSolutions\..\Common\SC_CommonFiles\zSC_CommonFiles_UnitTest\bin\Debug\net6.0-windows\zSC_CommonFiles_UnitTest.dll" adapterTypeName="executor://mstestadapter/v2" className="zSC_CommonFiles_UnitTest.VideoOS.UI.Common.WPF.Toast.ToastsViewModelTests" name="ToastsCanLeaveQueue_Success" />
    </UnitTest>
    <UnitTest name="FormsControlScaledLocationAndSize_NegativePositions_150Percent_Scaling" storage="d:\actions-runner\_work\xpco\xpco\allsolutions\..\common\sc_commonfiles\zsc_commonfiles_unittest\bin\debug\net6.0-windows\zsc_commonfiles_unittest.dll" id="13a2427c-e785-ce2d-2d1c-b445eff86f81">
      <Execution id="e0ca5e39-8113-481c-9484-2d53ec52e5ad" />
      <TestMethod codeBase="D:\actions-runner\_work\XPCO\XPCO\AllSolutions\..\Common\SC_CommonFiles\zSC_CommonFiles_UnitTest\bin\Debug\net6.0-windows\zSC_CommonFiles_UnitTest.dll" adapterTypeName="executor://mstestadapter/v2" className="zSC_CommonFiles_UnitTest.VideoOS.UI.Common.WPF.Utils.ExtensionMethods.WindowExtensionsTests" name="FormsControlScaledLocationAndSize_NegativePositions_150Percent_Scaling" />
    </UnitTest>
    <UnitTest name="ArrangeOverride__6child_EnoughSpace__NotShrunk" storage="d:\actions-runner\_work\xpco\xpco\allsolutions\..\common\sc_commonfiles\zsc_commonfiles_unittest\bin\debug\net6.0-windows\zsc_commonfiles_unittest.dll" id="d757e934-8867-a54c-c93f-b9b8e2d4f452">
      <TestCategory>
        <TestCategoryItem TestCategory="Controls" />
      </TestCategory>
      <Execution id="6bec1354-5bbf-4eaf-8819-8b4c8834b042" />
      <TestMethod codeBase="D:\actions-runner\_work\XPCO\XPCO\AllSolutions\..\Common\SC_CommonFiles\zSC_CommonFiles_UnitTest\bin\Debug\net6.0-windows\zSC_CommonFiles_UnitTest.dll" adapterTypeName="executor://mstestadapter/v2" className="VideoOS.UI.Common.WPF.Controls.HorizontalPanelTests" name="ArrangeOverride__6child_EnoughSpace__NotShrunk" />
    </UnitTest>
    <UnitTest name="Convert_WithMultiplier_Success" storage="d:\actions-runner\_work\xpco\xpco\allsolutions\..\common\sc_commonfiles\zsc_commonfiles_unittest\bin\debug\net6.0-windows\zsc_commonfiles_unittest.dll" id="f31e5243-90c8-7dae-7404-a3986e0efbe1">
      <TestCategory>
        <TestCategoryItem TestCategory="Converters" />
      </TestCategory>
      <Execution id="78ddaf00-8bbe-43c8-9baf-ec7800b3c75d" />
      <TestMethod codeBase="D:\actions-runner\_work\XPCO\XPCO\AllSolutions\..\Common\SC_CommonFiles\zSC_CommonFiles_UnitTest\bin\Debug\net6.0-windows\zSC_CommonFiles_UnitTest.dll" adapterTypeName="executor://mstestadapter/v2" className="VideoOS.UI.Common.WPF.Utils.Converters.OffsetConverterTests" name="Convert_WithMultiplier_Success" />
    </UnitTest>
    <UnitTest name="DetermineScaledWindowLocationAndSize_75Percent_Scaling" storage="d:\actions-runner\_work\xpco\xpco\allsolutions\..\common\sc_commonfiles\zsc_commonfiles_unittest\bin\debug\net6.0-windows\zsc_commonfiles_unittest.dll" id="d571e5ac-82ed-ebaf-4d14-3695e99fdecf">
      <Execution id="e402957a-e5e6-42e6-b577-5b433ffee47b" />
      <TestMethod codeBase="D:\actions-runner\_work\XPCO\XPCO\AllSolutions\..\Common\SC_CommonFiles\zSC_CommonFiles_UnitTest\bin\Debug\net6.0-windows\zSC_CommonFiles_UnitTest.dll" adapterTypeName="executor://mstestadapter/v2" className="zSC_CommonFiles_UnitTest.VideoOS.UI.Common.WPF.Utils.ExtensionMethods.WindowExtensionsTests" name="DetermineScaledWindowLocationAndSize_75Percent_Scaling" />
    </UnitTest>
    <UnitTest name="RemoveToast_NonExistingToast_DoesNotCrash" storage="d:\actions-runner\_work\xpco\xpco\allsolutions\..\common\sc_commonfiles\zsc_commonfiles_unittest\bin\debug\net6.0-windows\zsc_commonfiles_unittest.dll" id="f9fd199c-9720-ab0c-f9a1-3482c7ab7054">
      <TestCategory>
        <TestCategoryItem TestCategory="Toasts" />
      </TestCategory>
      <Execution id="ef3ffbe8-21ea-45f1-9dc9-a21abef5607d" />
      <TestMethod codeBase="D:\actions-runner\_work\XPCO\XPCO\AllSolutions\..\Common\SC_CommonFiles\zSC_CommonFiles_UnitTest\bin\Debug\net6.0-windows\zSC_CommonFiles_UnitTest.dll" adapterTypeName="executor://mstestadapter/v2" className="VideoOS.UI.Common.WPF.Toast.ToastManagerTests" name="RemoveToast_NonExistingToast_DoesNotCrash" />
    </UnitTest>
    <UnitTest name="CompareToTest" storage="d:\actions-runner\_work\xpco\xpco\allsolutions\..\common\sc_commonfiles\zsc_commonfiles_unittest\bin\debug\net6.0-windows\zsc_commonfiles_unittest.dll" id="cc3505a4-7232-cc24-3cfe-056b7e73ed2b">
      <Execution id="ce3697f2-a5fa-4619-953f-e6d8bb105d81" />
      <TestMethod codeBase="D:\actions-runner\_work\XPCO\XPCO\AllSolutions\..\Common\SC_CommonFiles\zSC_CommonFiles_UnitTest\bin\Debug\net6.0-windows\zSC_CommonFiles_UnitTest.dll" adapterTypeName="executor://mstestadapter/v2" className="SmartClient_UnitTest_VideoOS_UI_Common_WPF_Timeline.TimeIntervalTest" name="CompareToTest" />
    </UnitTest>
    <UnitTest name="DownTileThrowsIfTileNotInBox" storage="d:\actions-runner\_work\xpco\xpco\allsolutions\..\common\sc_commonfiles\zsc_commonfiles_unittest\bin\debug\net6.0-windows\zsc_commonfiles_unittest.dll" id="da038b78-6557-20eb-7b54-2bd092edb693">
      <Execution id="e35063bb-de20-4e04-912c-8e277cb95b9e" />
      <TestMethod codeBase="D:\actions-runner\_work\XPCO\XPCO\AllSolutions\..\Common\SC_CommonFiles\zSC_CommonFiles_UnitTest\bin\Debug\net6.0-windows\zSC_CommonFiles_UnitTest.dll" adapterTypeName="executor://mstestadapter/v2" className="zSC_CommonFiles_UnitTest.DashboardTilesTests" name="DownTileThrowsIfTileNotInBox" />
    </UnitTest>
    <UnitTest name="AuthenticationWindowsDefault_SetProperties_Success" storage="d:\actions-runner\_work\xpco\xpco\allsolutions\..\common\sc_commonfiles\zsc_commonfiles_unittest\bin\debug\net6.0-windows\zsc_commonfiles_unittest.dll" id="da2d2e18-01f0-acb5-e8f2-d394d1e9d5f0">
      <TestCategory>
        <TestCategoryItem TestCategory="AuthenticationInfoTests" />
      </TestCategory>
      <Execution id="cd3abe9b-4b3e-4d0f-88a7-17161d54e608" />
      <TestMethod codeBase="D:\actions-runner\_work\XPCO\XPCO\AllSolutions\..\Common\SC_CommonFiles\zSC_CommonFiles_UnitTest\bin\Debug\net6.0-windows\zSC_CommonFiles_UnitTest.dll" adapterTypeName="executor://mstestadapter/v2" className="zSC_CommonFiles_UnitTest.VideoOS.Common.Login.AuthenticationInfoTests" name="AuthenticationWindowsDefault_SetProperties_Success" />
    </UnitTest>
    <UnitTest name="CleanUpShouldBeEnforced" storage="d:\actions-runner\_work\xpco\xpco\allsolutions\..\common\sc_commonfiles\zsc_commonfiles_unittest\bin\debug\net6.0-windows\zsc_commonfiles_unittest.dll" id="896a835e-aa00-d5b5-efb0-cae3f484c942">
      <Execution id="87758cd7-1618-41f1-8b46-a67b9e6ef174" />
      <TestMethod codeBase="D:\actions-runner\_work\XPCO\XPCO\AllSolutions\..\Common\SC_CommonFiles\zSC_CommonFiles_UnitTest\bin\Debug\net6.0-windows\zSC_CommonFiles_UnitTest.dll" adapterTypeName="executor://mstestadapter/v2" className="SC_Common_UnitTest_VideoOS_UI_Common_Data_SequenceRetriever_ThumbCache.ThumbCacheTest" name="CleanUpShouldBeEnforced" />
    </UnitTest>
    <UnitTest name="Constructor_ShouldCreateDefaultSlide_WhenZeroSlidesGiven" storage="d:\actions-runner\_work\xpco\xpco\allsolutions\..\common\sc_commonfiles\zsc_commonfiles_unittest\bin\debug\net6.0-windows\zsc_commonfiles_unittest.dll" id="7cbfb0f2-220f-3c70-4132-45e5c8965201">
      <Execution id="7009df27-e60c-4a5c-90cd-0f3d95d84759" />
      <TestMethod codeBase="D:\actions-runner\_work\XPCO\XPCO\AllSolutions\..\Common\SC_CommonFiles\zSC_CommonFiles_UnitTest\bin\Debug\net6.0-windows\zSC_CommonFiles_UnitTest.dll" adapterTypeName="executor://mstestadapter/v2" className="zSC_CommonFiles_UnitTest.VideoOS.UI.Common.WPF.VideoText.VideoTextWindowViewModelTests" name="Constructor_ShouldCreateDefaultSlide_WhenZeroSlidesGiven" />
    </UnitTest>
    <UnitTest name="SaveToFile_ShouldSaveAllowUnsecureConnection_WhenAllowUnsecureSetToTrueAndNoUserExistsInXml" storage="d:\actions-runner\_work\xpco\xpco\allsolutions\..\common\sc_commonfiles\zsc_commonfiles_unittest\bin\debug\net6.0-windows\zsc_commonfiles_unittest.dll" id="968cb0b5-2676-6cd1-05ad-544228943f8e">
      <Execution id="470a4327-4459-4928-851a-ffcba26cdeda" />
      <TestMethod codeBase="D:\actions-runner\_work\XPCO\XPCO\AllSolutions\..\Common\SC_CommonFiles\zSC_CommonFiles_UnitTest\bin\Debug\net6.0-windows\zSC_CommonFiles_UnitTest.dll" adapterTypeName="executor://mstestadapter/v2" className="zSC_CommonFiles_UnitTest.VideoOS.Common.Login.UIConnectionInfoTests" name="SaveToFile_ShouldSaveAllowUnsecureConnection_WhenAllowUnsecureSetToTrueAndNoUserExistsInXml" />
    </UnitTest>
    <UnitTest name="Constructor_StateSessionHelper_ArgumentNull_Thrown" storage="d:\actions-runner\_work\xpco\xpco\allsolutions\..\common\sc_commonfiles\zsc_commonfiles_unittest\bin\debug\net6.0-windows\zsc_commonfiles_unittest.dll" id="81f8c431-ec3f-72e9-977b-252633de4ae4">
      <Execution id="581fec68-9b31-40f5-9726-ebbe8633b4ae" />
      <TestMethod codeBase="D:\actions-runner\_work\XPCO\XPCO\AllSolutions\..\Common\SC_CommonFiles\zSC_CommonFiles_UnitTest\bin\Debug\net6.0-windows\zSC_CommonFiles_UnitTest.dll" adapterTypeName="executor://mstestadapter/v2" className="zSC_CommonFiles_UnitTest.VideoOS.Common.State.ServerStateManagerTests" name="Constructor_StateSessionHelper_ArgumentNull_Thrown" />
    </UnitTest>
    <UnitTest name="MeasureOverride_3childEnoughSpace_NotShrunk" storage="d:\actions-runner\_work\xpco\xpco\allsolutions\..\common\sc_commonfiles\zsc_commonfiles_unittest\bin\debug\net6.0-windows\zsc_commonfiles_unittest.dll" id="fe6a9027-ba74-76b9-9001-ff053b4242c3">
      <TestCategory>
        <TestCategoryItem TestCategory="Controls" />
      </TestCategory>
      <Execution id="7f0b7244-b8c5-492b-9e80-5263be2a0db4" />
      <TestMethod codeBase="D:\actions-runner\_work\XPCO\XPCO\AllSolutions\..\Common\SC_CommonFiles\zSC_CommonFiles_UnitTest\bin\Debug\net6.0-windows\zSC_CommonFiles_UnitTest.dll" adapterTypeName="executor://mstestadapter/v2" className="VideoOS.UI.Common.WPF.Controls.HorizontalPanelTests" name="MeasureOverride_3childEnoughSpace_NotShrunk" />
    </UnitTest>
    <UnitTest name="Ctor_ImmutablePropertiesSet" storage="d:\actions-runner\_work\xpco\xpco\allsolutions\..\common\sc_commonfiles\zsc_commonfiles_unittest\bin\debug\net6.0-windows\zsc_commonfiles_unittest.dll" id="01c86469-a2b3-56b4-e415-0f887f533923">
      <TestCategory>
        <TestCategoryItem TestCategory="Toasts" />
      </TestCategory>
      <Execution id="4d82b680-2b96-4efe-81a0-78742a0c57f5" />
      <TestMethod codeBase="D:\actions-runner\_work\XPCO\XPCO\AllSolutions\..\Common\SC_CommonFiles\zSC_CommonFiles_UnitTest\bin\Debug\net6.0-windows\zSC_CommonFiles_UnitTest.dll" adapterTypeName="executor://mstestadapter/v2" className="VideoOS.UI.Common.WPF.Toast.TextToastTests" name="Ctor_ImmutablePropertiesSet" />
    </UnitTest>
    <UnitTest name="MeasureCounters_UpdatesMemoryUsage_WithPercentage" storage="d:\actions-runner\_work\xpco\xpco\allsolutions\..\common\sc_commonfiles\zsc_commonfiles_unittest\bin\debug\net6.0-windows\zsc_commonfiles_unittest.dll" id="3d782eb2-1185-1de8-9482-d479e4373af3">
      <Execution id="c3dc15af-469a-47b3-8143-54c96f0bbd8f" />
      <TestMethod codeBase="D:\actions-runner\_work\XPCO\XPCO\AllSolutions\..\Common\SC_CommonFiles\zSC_CommonFiles_UnitTest\bin\Debug\net6.0-windows\zSC_CommonFiles_UnitTest.dll" adapterTypeName="executor://mstestadapter/v2" className="zSC_CommonFiles_UnitTest.VideoOS.UI.Common.WPF.ClientDataGathererTests" name="MeasureCounters_UpdatesMemoryUsage_WithPercentage" />
    </UnitTest>
    <UnitTest name="OnPreviewKeyDown_Home_Success" storage="d:\actions-runner\_work\xpco\xpco\allsolutions\..\common\sc_commonfiles\zsc_commonfiles_unittest\bin\debug\net6.0-windows\zsc_commonfiles_unittest.dll" id="b68df490-f19b-a1a8-b878-ba437321192c">
      <TestCategory>
        <TestCategoryItem TestCategory="SC_CommonFiles.WPF.TileLayout" />
      </TestCategory>
      <Execution id="eadec2b4-8307-4d0c-abff-a54aaa28370b" />
      <TestMethod codeBase="D:\actions-runner\_work\XPCO\XPCO\AllSolutions\..\Common\SC_CommonFiles\zSC_CommonFiles_UnitTest\bin\Debug\net6.0-windows\zSC_CommonFiles_UnitTest.dll" adapterTypeName="executor://mstestadapter/v2" className="zSC_CommonFiles_UnitTest.VideoOS.UI.Common.WPF.TileLayout.TileLayoutTest" name="OnPreviewKeyDown_Home_Success" />
    </UnitTest>
    <UnitTest name="AddRange_FewItems_SuccessWithSingleNotification" storage="d:\actions-runner\_work\xpco\xpco\allsolutions\..\common\sc_commonfiles\zsc_commonfiles_unittest\bin\debug\net6.0-windows\zsc_commonfiles_unittest.dll" id="2d512390-4feb-0be5-34ad-eaab831bb98b">
      <TestCategory>
        <TestCategoryItem TestCategory="SC_CommonFiles.WPF" />
      </TestCategory>
      <Execution id="202c693d-3333-49d3-8901-377939efee08" />
      <TestMethod codeBase="D:\actions-runner\_work\XPCO\XPCO\AllSolutions\..\Common\SC_CommonFiles\zSC_CommonFiles_UnitTest\bin\Debug\net6.0-windows\zSC_CommonFiles_UnitTest.dll" adapterTypeName="executor://mstestadapter/v2" className="zSC_CommonFiles_UnitTest.VideoOS.UI.Common.WPF.ObservableCollections.BulkObservableCollectionTests" name="AddRange_FewItems_SuccessWithSingleNotification" />
    </UnitTest>
    <UnitTest name="ClearUnsecureConnectionAllowedForUser_ShouldDoNothing_WhenUserDoesNotExist" storage="d:\actions-runner\_work\xpco\xpco\allsolutions\..\common\sc_commonfiles\zsc_commonfiles_unittest\bin\debug\net6.0-windows\zsc_commonfiles_unittest.dll" id="b0a63f8f-6af7-a1eb-69e4-87897c177ded">
      <Execution id="85ba2280-be2d-4c0b-b5cd-35fb3eddff10" />
      <TestMethod codeBase="D:\actions-runner\_work\XPCO\XPCO\AllSolutions\..\Common\SC_CommonFiles\zSC_CommonFiles_UnitTest\bin\Debug\net6.0-windows\zSC_CommonFiles_UnitTest.dll" adapterTypeName="executor://mstestadapter/v2" className="zSC_CommonFiles_UnitTest.VideoOS.Common.Login.UIConnectionInfoTests" name="ClearUnsecureConnectionAllowedForUser_ShouldDoNothing_WhenUserDoesNotExist" />
    </UnitTest>
    <UnitTest name="OnApplyChildClip_Success" storage="d:\actions-runner\_work\xpco\xpco\allsolutions\..\common\sc_commonfiles\zsc_commonfiles_unittest\bin\debug\net6.0-windows\zsc_commonfiles_unittest.dll" id="cef7f277-5dc3-b0b8-eda4-af499be481dc">
      <TestCategory>
        <TestCategoryItem TestCategory="SC_CommonFiles.WPF.TileLayout" />
      </TestCategory>
      <Execution id="46daae72-62cf-4bd8-8ff9-0239a8332452" />
      <TestMethod codeBase="D:\actions-runner\_work\XPCO\XPCO\AllSolutions\..\Common\SC_CommonFiles\zSC_CommonFiles_UnitTest\bin\Debug\net6.0-windows\zSC_CommonFiles_UnitTest.dll" adapterTypeName="executor://mstestadapter/v2" className="zSC_CommonFiles_UnitTest.VideoOS.UI.Common.WPF.TileLayout.ItemHolderTest" name="OnApplyChildClip_Success" />
    </UnitTest>
    <UnitTest name="FormsControlScaledLocationAndSize_AnchorLeftAndTop_150Percent_Scaling" storage="d:\actions-runner\_work\xpco\xpco\allsolutions\..\common\sc_commonfiles\zsc_commonfiles_unittest\bin\debug\net6.0-windows\zsc_commonfiles_unittest.dll" id="3e5839e2-2685-aaaf-8dd6-2d9da7f4f9a8">
      <Execution id="dfb8db5d-55f0-488d-970f-d9973b719078" />
      <TestMethod codeBase="D:\actions-runner\_work\XPCO\XPCO\AllSolutions\..\Common\SC_CommonFiles\zSC_CommonFiles_UnitTest\bin\Debug\net6.0-windows\zSC_CommonFiles_UnitTest.dll" adapterTypeName="executor://mstestadapter/v2" className="zSC_CommonFiles_UnitTest.VideoOS.UI.Common.WPF.Utils.ExtensionMethods.WindowExtensionsTests" name="FormsControlScaledLocationAndSize_AnchorLeftAndTop_150Percent_Scaling" />
    </UnitTest>
    <UnitTest name="ToastsCanEnterQueue_Success" storage="d:\actions-runner\_work\xpco\xpco\allsolutions\..\common\sc_commonfiles\zsc_commonfiles_unittest\bin\debug\net6.0-windows\zsc_commonfiles_unittest.dll" id="126d2357-7090-a0c3-d4b1-34920ceb72d7">
      <TestCategory>
        <TestCategoryItem TestCategory="Toasts" />
      </TestCategory>
      <Execution id="ce82a5de-ff09-4b92-aa2b-b3d1abdf2f23" />
      <TestMethod codeBase="D:\actions-runner\_work\XPCO\XPCO\AllSolutions\..\Common\SC_CommonFiles\zSC_CommonFiles_UnitTest\bin\Debug\net6.0-windows\zSC_CommonFiles_UnitTest.dll" adapterTypeName="executor://mstestadapter/v2" className="zSC_CommonFiles_UnitTest.VideoOS.UI.Common.WPF.Toast.ToastsViewModelTests" name="ToastsCanEnterQueue_Success" />
    </UnitTest>
    <UnitTest name="Convert_NoAutomationIdWithFallbackProperty_ReturnsValue" storage="d:\actions-runner\_work\xpco\xpco\allsolutions\..\common\sc_commonfiles\zsc_commonfiles_unittest\bin\debug\net6.0-windows\zsc_commonfiles_unittest.dll" id="ed486ee2-750d-c7b9-06cc-eb3021382eda">
      <TestCategory>
        <TestCategoryItem TestCategory="Converters" />
      </TestCategory>
      <Execution id="2585bfc1-8071-48a4-927b-6ce819213769" />
      <TestMethod codeBase="D:\actions-runner\_work\XPCO\XPCO\AllSolutions\..\Common\SC_CommonFiles\zSC_CommonFiles_UnitTest\bin\Debug\net6.0-windows\zSC_CommonFiles_UnitTest.dll" adapterTypeName="executor://mstestadapter/v2" className="VideoOS.UI.Common.WPF.Utils.Converters.AutomationIdConverterTests" name="Convert_NoAutomationIdWithFallbackProperty_ReturnsValue" />
    </UnitTest>
    <UnitTest name="UpTileSwapsPositionsOfTileAndPredecessor" storage="d:\actions-runner\_work\xpco\xpco\allsolutions\..\common\sc_commonfiles\zsc_commonfiles_unittest\bin\debug\net6.0-windows\zsc_commonfiles_unittest.dll" id="ff05611d-fdda-b2a8-4bf8-b702f180c253">
      <Execution id="535cd69f-0c46-4466-a630-bc51a0aa25fc" />
      <TestMethod codeBase="D:\actions-runner\_work\XPCO\XPCO\AllSolutions\..\Common\SC_CommonFiles\zSC_CommonFiles_UnitTest\bin\Debug\net6.0-windows\zSC_CommonFiles_UnitTest.dll" adapterTypeName="executor://mstestadapter/v2" className="zSC_CommonFiles_UnitTest.DashboardTilesTests" name="UpTileSwapsPositionsOfTileAndPredecessor" />
    </UnitTest>
    <UnitTest name="Changing_The_First_Item_Works" storage="d:\actions-runner\_work\xpco\xpco\allsolutions\..\common\sc_commonfiles\zsc_commonfiles_unittest\bin\debug\net6.0-windows\zsc_commonfiles_unittest.dll" id="be742706-2384-ae61-bc11-568bd8c32abe">
      <Execution id="9730218f-6e9a-418d-a8e3-692d0637f34e" />
      <TestMethod codeBase="D:\actions-runner\_work\XPCO\XPCO\AllSolutions\..\Common\SC_CommonFiles\zSC_CommonFiles_UnitTest\bin\Debug\net6.0-windows\zSC_CommonFiles_UnitTest.dll" adapterTypeName="executor://mstestadapter/v2" className="zSC_CommonFiles_UnitTest.VideoOS.UI.Common.WPF.Utils.ReadOnlyCollectionExtensionsTest" name="Changing_The_First_Item_Works" />
    </UnitTest>
    <UnitTest name="RangeMaxEdit_EnterLargeNumber_EditFieldAutosizedAndAlignedRight" storage="d:\actions-runner\_work\xpco\xpco\allsolutions\..\common\sc_commonfiles\zsc_commonfiles_unittest\bin\debug\net6.0-windows\zsc_commonfiles_unittest.dll" id="3a686c1f-b102-e8a9-b329-09a0749c945a">
      <TestCategory>
        <TestCategoryItem TestCategory="RangeSelector" />
      </TestCategory>
      <Execution id="f37947e3-9317-49c3-a0c8-6158fc24f275" />
      <TestMethod codeBase="D:\actions-runner\_work\XPCO\XPCO\AllSolutions\..\Common\SC_CommonFiles\zSC_CommonFiles_UnitTest\bin\Debug\net6.0-windows\zSC_CommonFiles_UnitTest.dll" adapterTypeName="executor://mstestadapter/v2" className="VideoOS.UI.Common.WPF.RangeSelector.RangeSelectorTest" name="RangeMaxEdit_EnterLargeNumber_EditFieldAutosizedAndAlignedRight" />
    </UnitTest>
    <UnitTest name="StopsFiringAfterRemove" storage="d:\actions-runner\_work\xpco\xpco\allsolutions\..\common\sc_commonfiles\zsc_commonfiles_unittest\bin\debug\net6.0-windows\zsc_commonfiles_unittest.dll" id="3b4e9ba3-5a1a-3d04-7b0a-c75c5f0c3a72">
      <Execution id="0532b83b-dde3-4b97-a0ea-f5681b92772d" />
      <TestMethod codeBase="D:\actions-runner\_work\XPCO\XPCO\AllSolutions\..\Common\SC_CommonFiles\zSC_CommonFiles_UnitTest\bin\Debug\net6.0-windows\zSC_CommonFiles_UnitTest.dll" adapterTypeName="executor://mstestadapter/v2" className="zSC_CommonFiles_UnitTest.VideoOS.UI.Common.WPF.Utils.WeakEventTests" name="StopsFiringAfterRemove" />
    </UnitTest>
    <UnitTest name="ArrangeOverride__6child_2MustShrink__2AreShrunk" storage="d:\actions-runner\_work\xpco\xpco\allsolutions\..\common\sc_commonfiles\zsc_commonfiles_unittest\bin\debug\net6.0-windows\zsc_commonfiles_unittest.dll" id="2ad348ab-ada5-a25f-9253-b563f1c5898f">
      <TestCategory>
        <TestCategoryItem TestCategory="Controls" />
      </TestCategory>
      <Execution id="7712d470-9b8a-4229-ab11-688851bc0ebd" />
      <TestMethod codeBase="D:\actions-runner\_work\XPCO\XPCO\AllSolutions\..\Common\SC_CommonFiles\zSC_CommonFiles_UnitTest\bin\Debug\net6.0-windows\zSC_CommonFiles_UnitTest.dll" adapterTypeName="executor://mstestadapter/v2" className="VideoOS.UI.Common.WPF.Controls.HorizontalPanelTests" name="ArrangeOverride__6child_2MustShrink__2AreShrunk" />
    </UnitTest>
    <UnitTest name="Convert_ShouldReturnGreaterThanString_WhenValueIsDoubleValueGreaterThanThreshold" storage="d:\actions-runner\_work\xpco\xpco\allsolutions\..\common\sc_commonfiles\zsc_commonfiles_unittest\bin\debug\net6.0-windows\zsc_commonfiles_unittest.dll" id="2ee2e56d-59f2-3ef3-a9cd-f2fe65fa91af">
      <Execution id="427f7ec6-fab1-45c6-86c7-d3613cca07e2" />
      <TestMethod codeBase="D:\actions-runner\_work\XPCO\XPCO\AllSolutions\..\Common\SC_CommonFiles\zSC_CommonFiles_UnitTest\bin\Debug\net6.0-windows\zSC_CommonFiles_UnitTest.dll" adapterTypeName="executor://mstestadapter/v2" className="zSC_CommonFiles_UnitTest.VideoOS.UI.Common.WPF.Utils.Converters.CountToStringConverterTests" name="Convert_ShouldReturnGreaterThanString_WhenValueIsDoubleValueGreaterThanThreshold" />
    </UnitTest>
    <UnitTest name="GetStringValueOrDefault_WrongKeyValue_DefaultValueReturned" storage="d:\actions-runner\_work\xpco\xpco\allsolutions\..\common\sc_commonfiles\zsc_commonfiles_unittest\bin\debug\net6.0-windows\zsc_commonfiles_unittest.dll" id="6e65f41d-fe2d-ee70-9028-5945410fb292">
      <Execution id="d0455cbc-ffda-49f3-873d-80504bcf6538" />
      <TestMethod codeBase="D:\actions-runner\_work\XPCO\XPCO\AllSolutions\..\Common\SC_CommonFiles\zSC_CommonFiles_UnitTest\bin\Debug\net6.0-windows\zSC_CommonFiles_UnitTest.dll" adapterTypeName="executor://mstestadapter/v2" className="zSC_CommonFiles_UnitTest.VideoOS.Common.Configuration.NameValueCollectionExtensionsTest" name="GetStringValueOrDefault_WrongKeyValue_DefaultValueReturned" />
    </UnitTest>
    <UnitTest name="RoundToMinute_Down" storage="d:\actions-runner\_work\xpco\xpco\allsolutions\..\common\sc_commonfiles\zsc_commonfiles_unittest\bin\debug\net6.0-windows\zsc_commonfiles_unittest.dll" id="5a716387-727c-9f4a-576d-c532745d27fc">
      <Execution id="a07546af-9d7d-494a-98d3-9553cc995973" />
      <TestMethod codeBase="D:\actions-runner\_work\XPCO\XPCO\AllSolutions\..\Common\SC_CommonFiles\zSC_CommonFiles_UnitTest\bin\Debug\net6.0-windows\zSC_CommonFiles_UnitTest.dll" adapterTypeName="executor://mstestadapter/v2" className="zSC_CommonFiles_UnitTest.VideoOS.UI.Common.WPF.Utils.ExtensionMethods.DateTimeExtensionsTests" name="RoundToMinute_Down" />
    </UnitTest>
    <UnitTest name="Convert_SingleValueConverter_ValidValue_Success" storage="d:\actions-runner\_work\xpco\xpco\allsolutions\..\common\sc_commonfiles\zsc_commonfiles_unittest\bin\debug\net6.0-windows\zsc_commonfiles_unittest.dll" id="d5c0e485-765d-c99d-60c1-f669baa2c385">
      <Execution id="328a63a1-ad40-4b6b-abcd-0a14d4bcbdd7" />
      <TestMethod codeBase="D:\actions-runner\_work\XPCO\XPCO\AllSolutions\..\Common\SC_CommonFiles\zSC_CommonFiles_UnitTest\bin\Debug\net6.0-windows\zSC_CommonFiles_UnitTest.dll" adapterTypeName="executor://mstestadapter/v2" className="zSC_CommonFiles_UnitTest.VideoOS.UI.Common.WPF.Utils.Converters.MaxWidthConverterTests" name="Convert_SingleValueConverter_ValidValue_Success" />
    </UnitTest>
    <UnitTest name="OkNewTileThrowsIfNoEventSources" storage="d:\actions-runner\_work\xpco\xpco\allsolutions\..\common\sc_commonfiles\zsc_commonfiles_unittest\bin\debug\net6.0-windows\zsc_commonfiles_unittest.dll" id="b986ab05-f3dd-e5e1-b031-20a48d4b9519">
      <Execution id="259c92c7-30b7-4d1f-a43d-8694fed84340" />
      <TestMethod codeBase="D:\actions-runner\_work\XPCO\XPCO\AllSolutions\..\Common\SC_CommonFiles\zSC_CommonFiles_UnitTest\bin\Debug\net6.0-windows\zSC_CommonFiles_UnitTest.dll" adapterTypeName="executor://mstestadapter/v2" className="zSC_CommonFiles_UnitTest.DashboardTilesTests" name="OkNewTileThrowsIfNoEventSources" />
    </UnitTest>
    <UnitTest name="DetermineScaledWindowLocationAndSize_AtPosition_150Percent_Scaling" storage="d:\actions-runner\_work\xpco\xpco\allsolutions\..\common\sc_commonfiles\zsc_commonfiles_unittest\bin\debug\net6.0-windows\zsc_commonfiles_unittest.dll" id="4542ac08-3156-be6f-f9b6-60fac905db13">
      <Execution id="6c6d8526-66f3-4d7e-97d9-6710ef16dffd" />
      <TestMethod codeBase="D:\actions-runner\_work\XPCO\XPCO\AllSolutions\..\Common\SC_CommonFiles\zSC_CommonFiles_UnitTest\bin\Debug\net6.0-windows\zSC_CommonFiles_UnitTest.dll" adapterTypeName="executor://mstestadapter/v2" className="zSC_CommonFiles_UnitTest.VideoOS.UI.Common.WPF.Utils.ExtensionMethods.WindowExtensionsTests" name="DetermineScaledWindowLocationAndSize_AtPosition_150Percent_Scaling" />
    </UnitTest>
    <UnitTest name="SetTheSameCamAndDateTimeTwice" storage="d:\actions-runner\_work\xpco\xpco\allsolutions\..\common\sc_commonfiles\zsc_commonfiles_unittest\bin\debug\net6.0-windows\zsc_commonfiles_unittest.dll" id="c3eb088b-e534-d6fa-e2f7-38f7fde309c3">
      <Execution id="33fc0bf6-78ba-434d-bfa2-e8af91515ee9" />
      <TestMethod codeBase="D:\actions-runner\_work\XPCO\XPCO\AllSolutions\..\Common\SC_CommonFiles\zSC_CommonFiles_UnitTest\bin\Debug\net6.0-windows\zSC_CommonFiles_UnitTest.dll" adapterTypeName="executor://mstestadapter/v2" className="SC_Common_UnitTest_VideoOS_UI_Common_Data_SequenceRetriever_ThumbCache.ThumbCacheTest" name="SetTheSameCamAndDateTimeTwice" />
    </UnitTest>
    <UnitTest name="AllowUnsecureConnection_ShouldBeTrue_WhenNoServerEntryButUserExists" storage="d:\actions-runner\_work\xpco\xpco\allsolutions\..\common\sc_commonfiles\zsc_commonfiles_unittest\bin\debug\net6.0-windows\zsc_commonfiles_unittest.dll" id="50b702b0-e703-363d-0b04-619370ec937b">
      <Execution id="23ddca52-ac5e-42da-88a7-9b24662135c4" />
      <TestMethod codeBase="D:\actions-runner\_work\XPCO\XPCO\AllSolutions\..\Common\SC_CommonFiles\zSC_CommonFiles_UnitTest\bin\Debug\net6.0-windows\zSC_CommonFiles_UnitTest.dll" adapterTypeName="executor://mstestadapter/v2" className="zSC_CommonFiles_UnitTest.VideoOS.Common.Login.UIConnectionInfoTests" name="AllowUnsecureConnection_ShouldBeTrue_WhenNoServerEntryButUserExists" />
    </UnitTest>
    <UnitTest name="DrawControl_NegatigeMinValue_VisualsOK" storage="d:\actions-runner\_work\xpco\xpco\allsolutions\..\common\sc_commonfiles\zsc_commonfiles_unittest\bin\debug\net6.0-windows\zsc_commonfiles_unittest.dll" id="ae9f9017-443d-54ba-c5ef-294c75c79e4f">
      <TestCategory>
        <TestCategoryItem TestCategory="RangeSelector" />
      </TestCategory>
      <Execution id="ba87eb8d-68dc-4a84-8ab0-48cd7d6c6a9b" />
      <TestMethod codeBase="D:\actions-runner\_work\XPCO\XPCO\AllSolutions\..\Common\SC_CommonFiles\zSC_CommonFiles_UnitTest\bin\Debug\net6.0-windows\zSC_CommonFiles_UnitTest.dll" adapterTypeName="executor://mstestadapter/v2" className="VideoOS.UI.Common.WPF.RangeSelector.RangeSelectorTest" name="DrawControl_NegatigeMinValue_VisualsOK" />
    </UnitTest>
    <UnitTest name="RemoveFrameworkElementsOverlay_WithUnknownId_ShouldLeaveListsUnchanged" storage="d:\actions-runner\_work\xpco\xpco\allsolutions\..\common\sc_commonfiles\zsc_commonfiles_unittest\bin\debug\net6.0-windows\zsc_commonfiles_unittest.dll" id="78d8640f-f64c-e788-cbb5-62b4d5593dba">
      <Execution id="075a6118-276c-4974-affa-17f89e758954" />
      <TestMethod codeBase="D:\actions-runner\_work\XPCO\XPCO\AllSolutions\..\Common\SC_CommonFiles\zSC_CommonFiles_UnitTest\bin\Debug\net6.0-windows\zSC_CommonFiles_UnitTest.dll" adapterTypeName="executor://mstestadapter/v2" className="zSC_CommonFiles_UnitTest.VideoOS.UI.Common.WPF.VideoPlayer.Model.FrameworkElementsOverlayModelTests" name="RemoveFrameworkElementsOverlay_WithUnknownId_ShouldLeaveListsUnchanged" />
    </UnitTest>
    <UnitTest name="OnPreviewKeyDown_RightCtrl_A_SelectAll_Success" storage="d:\actions-runner\_work\xpco\xpco\allsolutions\..\common\sc_commonfiles\zsc_commonfiles_unittest\bin\debug\net6.0-windows\zsc_commonfiles_unittest.dll" id="a4f1aa92-0955-504e-be1f-a783fd5bf664">
      <TestCategory>
        <TestCategoryItem TestCategory="SC_CommonFiles.WPF.TileLayout" />
      </TestCategory>
      <Execution id="dd1e7775-66cd-47fa-bf60-c0dad2dc7fa9" />
      <TestMethod codeBase="D:\actions-runner\_work\XPCO\XPCO\AllSolutions\..\Common\SC_CommonFiles\zSC_CommonFiles_UnitTest\bin\Debug\net6.0-windows\zSC_CommonFiles_UnitTest.dll" adapterTypeName="executor://mstestadapter/v2" className="zSC_CommonFiles_UnitTest.VideoOS.UI.Common.WPF.TileLayout.TileLayoutTest" name="OnPreviewKeyDown_RightCtrl_A_SelectAll_Success" />
    </UnitTest>
    <UnitTest name="EmptyConstructor_ShouldCreateDefaultSlide" storage="d:\actions-runner\_work\xpco\xpco\allsolutions\..\common\sc_commonfiles\zsc_commonfiles_unittest\bin\debug\net6.0-windows\zsc_commonfiles_unittest.dll" id="c9c040fb-43ed-370d-2782-b2d5defe722d">
      <Execution id="c9d88a58-cfbd-49fe-92d2-728e3d0ac7f2" />
      <TestMethod codeBase="D:\actions-runner\_work\XPCO\XPCO\AllSolutions\..\Common\SC_CommonFiles\zSC_CommonFiles_UnitTest\bin\Debug\net6.0-windows\zSC_CommonFiles_UnitTest.dll" adapterTypeName="executor://mstestadapter/v2" className="zSC_CommonFiles_UnitTest.VideoOS.UI.Common.WPF.VideoText.VideoTextWindowViewModelTests" name="EmptyConstructor_ShouldCreateDefaultSlide" />
    </UnitTest>
    <UnitTest name="GetBoolValueOrDefault_EmptyKeyValue_DefaultValueReturned" storage="d:\actions-runner\_work\xpco\xpco\allsolutions\..\common\sc_commonfiles\zsc_commonfiles_unittest\bin\debug\net6.0-windows\zsc_commonfiles_unittest.dll" id="9e8c12e8-27ef-31c9-ca23-5d60c890c874">
      <Execution id="522fbe8d-2e08-4bd1-b795-44a3d24fe87d" />
      <TestMethod codeBase="D:\actions-runner\_work\XPCO\XPCO\AllSolutions\..\Common\SC_CommonFiles\zSC_CommonFiles_UnitTest\bin\Debug\net6.0-windows\zSC_CommonFiles_UnitTest.dll" adapterTypeName="executor://mstestadapter/v2" className="zSC_CommonFiles_UnitTest.VideoOS.Common.Configuration.NameValueCollectionExtensionsTest" name="GetBoolValueOrDefault_EmptyKeyValue_DefaultValueReturned" />
    </UnitTest>
    <UnitTest name="TooltipServiceWarning_EmptyServerType" storage="d:\actions-runner\_work\xpco\xpco\allsolutions\..\common\sc_commonfiles\zsc_commonfiles_unittest\bin\debug\net6.0-windows\zsc_commonfiles_unittest.dll" id="af1fb9a2-8a78-6d8f-f175-66671f902a9b">
      <Execution id="e73848a8-688e-41e3-ad8e-fef0fc128e44" />
      <TestMethod codeBase="D:\actions-runner\_work\XPCO\XPCO\AllSolutions\..\Common\SC_CommonFiles\zSC_CommonFiles_UnitTest\bin\Debug\net6.0-windows\zSC_CommonFiles_UnitTest.dll" adapterTypeName="executor://mstestadapter/v2" className="zSC_CommonFiles_UnitTest.VideoOS.UI.Common.WPF.Dashboard.Types.ServerTest" name="TooltipServiceWarning_EmptyServerType" />
    </UnitTest>
    <UnitTest name="Create_RecycledItemAlreadyBeingReused_Success" storage="d:\actions-runner\_work\xpco\xpco\allsolutions\..\common\sc_commonfiles\zsc_commonfiles_unittest\bin\debug\net6.0-windows\zsc_commonfiles_unittest.dll" id="661c40ac-bb0a-5c56-01a5-d53b34f19b38">
      <Execution id="34a9cae4-85e4-41f6-a0b7-06dd6984d7f5" />
      <TestMethod codeBase="D:\actions-runner\_work\XPCO\XPCO\AllSolutions\..\Common\SC_CommonFiles\zSC_CommonFiles_UnitTest\bin\Debug\net6.0-windows\zSC_CommonFiles_UnitTest.dll" adapterTypeName="executor://mstestadapter/v2" className="VideoOS.UI.Common.WPF.Utils.RecyclingFactory.RecyclingFactoryTests" name="Create_RecycledItemAlreadyBeingReused_Success" />
    </UnitTest>
    <UnitTest name="Changing_The_Last_Item_Works" storage="d:\actions-runner\_work\xpco\xpco\allsolutions\..\common\sc_commonfiles\zsc_commonfiles_unittest\bin\debug\net6.0-windows\zsc_commonfiles_unittest.dll" id="cbb93574-008f-0923-82a1-ea6b8693b1c4">
      <Execution id="901e47e7-aa7f-4a20-8240-028f31c82bd7" />
      <TestMethod codeBase="D:\actions-runner\_work\XPCO\XPCO\AllSolutions\..\Common\SC_CommonFiles\zSC_CommonFiles_UnitTest\bin\Debug\net6.0-windows\zSC_CommonFiles_UnitTest.dll" adapterTypeName="executor://mstestadapter/v2" className="zSC_CommonFiles_UnitTest.VideoOS.UI.Common.WPF.Utils.ReadOnlyCollectionExtensionsTest" name="Changing_The_Last_Item_Works" />
    </UnitTest>
    <UnitTest name="Convert_MultiValueConverter_ValidValues_Success" storage="d:\actions-runner\_work\xpco\xpco\allsolutions\..\common\sc_commonfiles\zsc_commonfiles_unittest\bin\debug\net6.0-windows\zsc_commonfiles_unittest.dll" id="959b9c9e-d734-ce8a-a43a-d0fda79ec4d9">
      <Execution id="fc11b8c4-7c37-4ad0-b518-904f810f5e71" />
      <TestMethod codeBase="D:\actions-runner\_work\XPCO\XPCO\AllSolutions\..\Common\SC_CommonFiles\zSC_CommonFiles_UnitTest\bin\Debug\net6.0-windows\zSC_CommonFiles_UnitTest.dll" adapterTypeName="executor://mstestadapter/v2" className="zSC_CommonFiles_UnitTest.VideoOS.UI.Common.WPF.Utils.Converters.MaxWidthConverterTests" name="Convert_MultiValueConverter_ValidValues_Success" />
    </UnitTest>
    <UnitTest name="SequenceEqualIgnoreOrder_EqualCollections_IgnoreOrder_SymmetricalTrueResult" storage="d:\actions-runner\_work\xpco\xpco\allsolutions\..\common\sc_commonfiles\zsc_commonfiles_unittest\bin\debug\net6.0-windows\zsc_commonfiles_unittest.dll" id="a295235b-bf9f-1e32-c688-419c5d57596e">
      <Execution id="1e0d7786-274e-49f9-95ff-aa1b7c7cfe2b" />
      <TestMethod codeBase="D:\actions-runner\_work\XPCO\XPCO\AllSolutions\..\Common\SC_CommonFiles\zSC_CommonFiles_UnitTest\bin\Debug\net6.0-windows\zSC_CommonFiles_UnitTest.dll" adapterTypeName="executor://mstestadapter/v2" className="zSC_CommonFiles_UnitTest.VideoOS.UI.Common.WPF.Utils.ExtensionMethods.IEnumerableExtensionTests" name="SequenceEqualIgnoreOrder_EqualCollections_IgnoreOrder_SymmetricalTrueResult" />
    </UnitTest>
    <UnitTest name="TimerOnElapsed_MaxIdleTimeReached_CleanupNotPerformed" storage="d:\actions-runner\_work\xpco\xpco\allsolutions\..\common\sc_commonfiles\zsc_commonfiles_unittest\bin\debug\net6.0-windows\zsc_commonfiles_unittest.dll" id="eff56118-333e-58bc-c876-e39cbb7e3925">
      <Execution id="f41b904f-de40-4302-a48e-035dc465528f" />
      <TestMethod codeBase="D:\actions-runner\_work\XPCO\XPCO\AllSolutions\..\Common\SC_CommonFiles\zSC_CommonFiles_UnitTest\bin\Debug\net6.0-windows\zSC_CommonFiles_UnitTest.dll" adapterTypeName="executor://mstestadapter/v2" className="VideoOS.UI.Common.WPF.Utils.RecyclingFactory.RecyclingFactoryTests" name="TimerOnElapsed_MaxIdleTimeReached_CleanupNotPerformed" />
    </UnitTest>
    <UnitTest name="GetColumnDefinitions_Success" storage="d:\actions-runner\_work\xpco\xpco\allsolutions\..\common\sc_commonfiles\zsc_commonfiles_unittest\bin\debug\net6.0-windows\zsc_commonfiles_unittest.dll" id="e04fdc2f-e623-9c34-4386-5fa6abb1dcd4">
      <TestCategory>
        <TestCategoryItem TestCategory="SC_CommonFiles.WPF.TileLayout" />
      </TestCategory>
      <Execution id="949a9d12-ed68-4bc2-b90b-d8ca40c87909" />
      <TestMethod codeBase="D:\actions-runner\_work\XPCO\XPCO\AllSolutions\..\Common\SC_CommonFiles\zSC_CommonFiles_UnitTest\bin\Debug\net6.0-windows\zSC_CommonFiles_UnitTest.dll" adapterTypeName="executor://mstestadapter/v2" className="zSC_CommonFiles_UnitTest.VideoOS.UI.Common.WPF.TileLayout.TileLayoutTest" name="GetColumnDefinitions_Success" />
    </UnitTest>
    <UnitTest name="RoundToSecond_Down" storage="d:\actions-runner\_work\xpco\xpco\allsolutions\..\common\sc_commonfiles\zsc_commonfiles_unittest\bin\debug\net6.0-windows\zsc_commonfiles_unittest.dll" id="7f7d1819-d3c3-0c1a-31f2-188e1a6b0674">
      <Execution id="4fae628a-1c84-4bf3-bbc1-60194eb3a2de" />
      <TestMethod codeBase="D:\actions-runner\_work\XPCO\XPCO\AllSolutions\..\Common\SC_CommonFiles\zSC_CommonFiles_UnitTest\bin\Debug\net6.0-windows\zSC_CommonFiles_UnitTest.dll" adapterTypeName="executor://mstestadapter/v2" className="zSC_CommonFiles_UnitTest.VideoOS.UI.Common.WPF.Utils.ExtensionMethods.DateTimeExtensionsTests" name="RoundToSecond_Down" />
    </UnitTest>
    <UnitTest name="Constructor_StateSessionHelperFactory_ArgumentNull_Thrown" storage="d:\actions-runner\_work\xpco\xpco\allsolutions\..\common\sc_commonfiles\zsc_commonfiles_unittest\bin\debug\net6.0-windows\zsc_commonfiles_unittest.dll" id="107b14c3-6a21-48da-a917-3a863ef45b45">
      <Execution id="bc3f6695-e443-432c-94e8-3b15bdf3ef0c" />
      <TestMethod codeBase="D:\actions-runner\_work\XPCO\XPCO\AllSolutions\..\Common\SC_CommonFiles\zSC_CommonFiles_UnitTest\bin\Debug\net6.0-windows\zSC_CommonFiles_UnitTest.dll" adapterTypeName="executor://mstestadapter/v2" className="zSC_CommonFiles_UnitTest.VideoOS.Common.State.StateManagerTests" name="Constructor_StateSessionHelperFactory_ArgumentNull_Thrown" />
    </UnitTest>
    <UnitTest name="SelectedItems_Cleanup_Success" storage="d:\actions-runner\_work\xpco\xpco\allsolutions\..\common\sc_commonfiles\zsc_commonfiles_unittest\bin\debug\net6.0-windows\zsc_commonfiles_unittest.dll" id="99ffc01d-6d47-54d4-118d-67b642c0d057">
      <TestCategory>
        <TestCategoryItem TestCategory="SC_CommonFiles.WPF.TileLayout" />
      </TestCategory>
      <Execution id="8d25a6bf-c81c-4b92-b601-5d1051539a1b" />
      <TestMethod codeBase="D:\actions-runner\_work\XPCO\XPCO\AllSolutions\..\Common\SC_CommonFiles\zSC_CommonFiles_UnitTest\bin\Debug\net6.0-windows\zSC_CommonFiles_UnitTest.dll" adapterTypeName="executor://mstestadapter/v2" className="zSC_CommonFiles_UnitTest.VideoOS.UI.Common.WPF.TileLayout.TileLayoutTest" name="SelectedItems_Cleanup_Success" />
    </UnitTest>
    <UnitTest name="LoaderIsNotCalledWhenDataIsInCacheTest" storage="d:\actions-runner\_work\xpco\xpco\allsolutions\..\common\sc_commonfiles\zsc_commonfiles_unittest\bin\debug\net6.0-windows\zsc_commonfiles_unittest.dll" id="9d6748d3-43a8-fd2d-d4c5-a0b3805774ee">
      <Execution id="9be3ff52-f322-4c2f-906e-c110162b8daf" />
      <TestMethod codeBase="D:\actions-runner\_work\XPCO\XPCO\AllSolutions\..\Common\SC_CommonFiles\zSC_CommonFiles_UnitTest\bin\Debug\net6.0-windows\zSC_CommonFiles_UnitTest.dll" adapterTypeName="executor://mstestadapter/v2" className="SC_CommonFiles_UnitTest_VideoOS_UI_Common_Data_SequenceRetriever.ThumbFetcherTest" name="LoaderIsNotCalledWhenDataIsInCacheTest" />
    </UnitTest>
    <UnitTest name="RemoveToast_ExistingToast_Success" storage="d:\actions-runner\_work\xpco\xpco\allsolutions\..\common\sc_commonfiles\zsc_commonfiles_unittest\bin\debug\net6.0-windows\zsc_commonfiles_unittest.dll" id="6ff49ce2-6c5f-2d12-78c5-d9fccb402e88">
      <TestCategory>
        <TestCategoryItem TestCategory="Toasts" />
      </TestCategory>
      <Execution id="5895f079-ec29-405a-b88b-50d941b145c1" />
      <TestMethod codeBase="D:\actions-runner\_work\XPCO\XPCO\AllSolutions\..\Common\SC_CommonFiles\zSC_CommonFiles_UnitTest\bin\Debug\net6.0-windows\zSC_CommonFiles_UnitTest.dll" adapterTypeName="executor://mstestadapter/v2" className="VideoOS.UI.Common.WPF.Toast.ToastManagerTests" name="RemoveToast_ExistingToast_Success" />
    </UnitTest>
    <UnitTest name="TryGetIntValue_WrongKeyValue_ValueReturnedZero" storage="d:\actions-runner\_work\xpco\xpco\allsolutions\..\common\sc_commonfiles\zsc_commonfiles_unittest\bin\debug\net6.0-windows\zsc_commonfiles_unittest.dll" id="c6c1a6ca-c551-f84f-b4f7-d3d4f0f2582f">
      <Execution id="9ce2781b-21fb-4adf-b772-6fa43cc5a01d" />
      <TestMethod codeBase="D:\actions-runner\_work\XPCO\XPCO\AllSolutions\..\Common\SC_CommonFiles\zSC_CommonFiles_UnitTest\bin\Debug\net6.0-windows\zSC_CommonFiles_UnitTest.dll" adapterTypeName="executor://mstestadapter/v2" className="zSC_CommonFiles_UnitTest.VideoOS.Common.Configuration.NameValueCollectionExtensionsTest" name="TryGetIntValue_WrongKeyValue_ValueReturnedZero" />
    </UnitTest>
    <UnitTest name="OnPreviewKeyDown_Left_Success" storage="d:\actions-runner\_work\xpco\xpco\allsolutions\..\common\sc_commonfiles\zsc_commonfiles_unittest\bin\debug\net6.0-windows\zsc_commonfiles_unittest.dll" id="30e292f5-f798-eac9-ba1e-713f3566415c">
      <TestCategory>
        <TestCategoryItem TestCategory="SC_CommonFiles.WPF.TileLayout" />
      </TestCategory>
      <Execution id="670a3e9a-4d6b-4750-9c6a-49cc1ed34242" />
      <TestMethod codeBase="D:\actions-runner\_work\XPCO\XPCO\AllSolutions\..\Common\SC_CommonFiles\zSC_CommonFiles_UnitTest\bin\Debug\net6.0-windows\zSC_CommonFiles_UnitTest.dll" adapterTypeName="executor://mstestadapter/v2" className="zSC_CommonFiles_UnitTest.VideoOS.UI.Common.WPF.TileLayout.TileLayoutTest" name="OnPreviewKeyDown_Left_Success" />
    </UnitTest>
    <UnitTest name="OnPreviewKeyDown_PageUp_Success" storage="d:\actions-runner\_work\xpco\xpco\allsolutions\..\common\sc_commonfiles\zsc_commonfiles_unittest\bin\debug\net6.0-windows\zsc_commonfiles_unittest.dll" id="2feabfd6-0ffa-cf5e-b63d-1731ea803e6d">
      <TestCategory>
        <TestCategoryItem TestCategory="SC_CommonFiles.WPF.TileLayout" />
      </TestCategory>
      <Execution id="da3d20b1-e29a-42f6-9517-5201545d54e2" />
      <TestMethod codeBase="D:\actions-runner\_work\XPCO\XPCO\AllSolutions\..\Common\SC_CommonFiles\zSC_CommonFiles_UnitTest\bin\Debug\net6.0-windows\zSC_CommonFiles_UnitTest.dll" adapterTypeName="executor://mstestadapter/v2" className="zSC_CommonFiles_UnitTest.VideoOS.UI.Common.WPF.TileLayout.TileLayoutTest" name="OnPreviewKeyDown_PageUp_Success" />
    </UnitTest>
    <UnitTest name="Full_Updating_With_Comparer_Works" storage="d:\actions-runner\_work\xpco\xpco\allsolutions\..\common\sc_commonfiles\zsc_commonfiles_unittest\bin\debug\net6.0-windows\zsc_commonfiles_unittest.dll" id="b898ad5d-e738-1d64-d2c4-772f55ed34ea">
      <Execution id="308c05bb-87fa-4f81-a870-a01429e089dc" />
      <TestMethod codeBase="D:\actions-runner\_work\XPCO\XPCO\AllSolutions\..\Common\SC_CommonFiles\zSC_CommonFiles_UnitTest\bin\Debug\net6.0-windows\zSC_CommonFiles_UnitTest.dll" adapterTypeName="executor://mstestadapter/v2" className="zSC_CommonFiles_UnitTest.VideoOS.UI.Common.WPF.Utils.ObservableCollectionExtensionTest" name="Full_Updating_With_Comparer_Works" />
    </UnitTest>
    <UnitTest name="MeasureCounters_UpdatesCpuUsage_WithPercentage" storage="d:\actions-runner\_work\xpco\xpco\allsolutions\..\common\sc_commonfiles\zsc_commonfiles_unittest\bin\debug\net6.0-windows\zsc_commonfiles_unittest.dll" id="7137fa11-d3cd-d2e9-1892-35a2bcf917d7">
      <Execution id="07d2b4fe-0e37-49e2-880f-daedcd9018a1" />
      <TestMethod codeBase="D:\actions-runner\_work\XPCO\XPCO\AllSolutions\..\Common\SC_CommonFiles\zSC_CommonFiles_UnitTest\bin\Debug\net6.0-windows\zSC_CommonFiles_UnitTest.dll" adapterTypeName="executor://mstestadapter/v2" className="zSC_CommonFiles_UnitTest.VideoOS.UI.Common.WPF.ClientDataGathererTests" name="MeasureCounters_UpdatesCpuUsage_WithPercentage" />
    </UnitTest>
    <UnitTest name="MeasureOverride_1childEnoughSpace_NotShrunk" storage="d:\actions-runner\_work\xpco\xpco\allsolutions\..\common\sc_commonfiles\zsc_commonfiles_unittest\bin\debug\net6.0-windows\zsc_commonfiles_unittest.dll" id="6e2b046c-b538-e705-bf5a-ce4b83d68120">
      <TestCategory>
        <TestCategoryItem TestCategory="Controls" />
      </TestCategory>
      <Execution id="8add9cc3-f011-4e29-823f-705a29b7e90d" />
      <TestMethod codeBase="D:\actions-runner\_work\XPCO\XPCO\AllSolutions\..\Common\SC_CommonFiles\zSC_CommonFiles_UnitTest\bin\Debug\net6.0-windows\zSC_CommonFiles_UnitTest.dll" adapterTypeName="executor://mstestadapter/v2" className="VideoOS.UI.Common.WPF.Controls.HorizontalPanelTests" name="MeasureOverride_1childEnoughSpace_NotShrunk" />
    </UnitTest>
    <UnitTest name="DrawControl_ReapplyTemplate_Success" storage="d:\actions-runner\_work\xpco\xpco\allsolutions\..\common\sc_commonfiles\zsc_commonfiles_unittest\bin\debug\net6.0-windows\zsc_commonfiles_unittest.dll" id="4ddfc6a2-cba3-9569-714c-b24431bc49c1">
      <TestCategory>
        <TestCategoryItem TestCategory="RangeSelector" />
      </TestCategory>
      <Execution id="3b6bb4b4-a4b4-4dc5-ae60-2777a1acfed8" />
      <TestMethod codeBase="D:\actions-runner\_work\XPCO\XPCO\AllSolutions\..\Common\SC_CommonFiles\zSC_CommonFiles_UnitTest\bin\Debug\net6.0-windows\zSC_CommonFiles_UnitTest.dll" adapterTypeName="executor://mstestadapter/v2" className="VideoOS.UI.Common.WPF.RangeSelector.RangeSelectorTest" name="DrawControl_ReapplyTemplate_Success" />
    </UnitTest>
    <UnitTest name="AuthenticationWindows_SetProperties_Success" storage="d:\actions-runner\_work\xpco\xpco\allsolutions\..\common\sc_commonfiles\zsc_commonfiles_unittest\bin\debug\net6.0-windows\zsc_commonfiles_unittest.dll" id="ba4c1a66-a8cb-a425-dd33-a7ca657b44ae">
      <TestCategory>
        <TestCategoryItem TestCategory="AuthenticationInfoTests" />
      </TestCategory>
      <Execution id="8591486b-4416-4d82-bb13-d97ce5b4f09c" />
      <TestMethod codeBase="D:\actions-runner\_work\XPCO\XPCO\AllSolutions\..\Common\SC_CommonFiles\zSC_CommonFiles_UnitTest\bin\Debug\net6.0-windows\zSC_CommonFiles_UnitTest.dll" adapterTypeName="executor://mstestadapter/v2" className="zSC_CommonFiles_UnitTest.VideoOS.Common.Login.AuthenticationInfoTests" name="AuthenticationWindows_SetProperties_Success" />
    </UnitTest>
    <UnitTest name="OnPreviewKeyDown_Enter_Success" storage="d:\actions-runner\_work\xpco\xpco\allsolutions\..\common\sc_commonfiles\zsc_commonfiles_unittest\bin\debug\net6.0-windows\zsc_commonfiles_unittest.dll" id="1f62d143-3147-647f-0581-911ba09941ed">
      <TestCategory>
        <TestCategoryItem TestCategory="SC_CommonFiles.WPF.TileLayout" />
      </TestCategory>
      <Execution id="07cffb47-50ea-4672-8321-9dc2709eeabd" />
      <TestMethod codeBase="D:\actions-runner\_work\XPCO\XPCO\AllSolutions\..\Common\SC_CommonFiles\zSC_CommonFiles_UnitTest\bin\Debug\net6.0-windows\zSC_CommonFiles_UnitTest.dll" adapterTypeName="executor://mstestadapter/v2" className="zSC_CommonFiles_UnitTest.VideoOS.UI.Common.WPF.TileLayout.TileLayoutTest" name="OnPreviewKeyDown_Enter_Success" />
    </UnitTest>
    <UnitTest name="GetImageSource_thisIconIsNull_ReturnsFallback" storage="d:\actions-runner\_work\xpco\xpco\allsolutions\..\common\sc_commonfiles\zsc_commonfiles_unittest\bin\debug\net6.0-windows\zsc_commonfiles_unittest.dll" id="38f8f45d-602d-9fe2-6af1-7d834fd278db">
      <TestCategory>
        <TestCategoryItem TestCategory="SC_CommonFiles.WPF" />
      </TestCategory>
      <Execution id="2ea1d6a7-f7ca-4c5c-a8b5-3d29bd3a9fa8" />
      <TestMethod codeBase="D:\actions-runner\_work\XPCO\XPCO\AllSolutions\..\Common\SC_CommonFiles\zSC_CommonFiles_UnitTest\bin\Debug\net6.0-windows\zSC_CommonFiles_UnitTest.dll" adapterTypeName="executor://mstestadapter/v2" className="zSC_CommonFiles_UnitTest.VideoOS.UI.Common.WPF.Utils.ExtensionMethods.IconExtensionsTests" name="GetImageSource_thisIconIsNull_ReturnsFallback" />
    </UnitTest>
    <UnitTest name="FindOptimalTilingReturnsIfNoCameraTilesAndNoServerTiles" storage="d:\actions-runner\_work\xpco\xpco\allsolutions\..\common\sc_commonfiles\zsc_commonfiles_unittest\bin\debug\net6.0-windows\zsc_commonfiles_unittest.dll" id="ed71c039-25d2-86e6-ce2e-7f7815b19541">
      <Execution id="5bd3d775-9384-42e4-9d01-dbcea82c1e09" />
      <TestMethod codeBase="D:\actions-runner\_work\XPCO\XPCO\AllSolutions\..\Common\SC_CommonFiles\zSC_CommonFiles_UnitTest\bin\Debug\net6.0-windows\zSC_CommonFiles_UnitTest.dll" adapterTypeName="executor://mstestadapter/v2" className="zSC_CommonFiles_UnitTest.DashboardTilesTests" name="FindOptimalTilingReturnsIfNoCameraTilesAndNoServerTiles" />
    </UnitTest>
    <UnitTest name="FormsControlScaleValue_100Percent_Scaling" storage="d:\actions-runner\_work\xpco\xpco\allsolutions\..\common\sc_commonfiles\zsc_commonfiles_unittest\bin\debug\net6.0-windows\zsc_commonfiles_unittest.dll" id="ab1319d7-a2c3-e991-b6a2-1cf10c8be090">
      <Execution id="1ec78359-3706-4a48-9819-470458fae67d" />
      <TestMethod codeBase="D:\actions-runner\_work\XPCO\XPCO\AllSolutions\..\Common\SC_CommonFiles\zSC_CommonFiles_UnitTest\bin\Debug\net6.0-windows\zSC_CommonFiles_UnitTest.dll" adapterTypeName="executor://mstestadapter/v2" className="zSC_CommonFiles_UnitTest.VideoOS.UI.Common.WPF.Utils.ExtensionMethods.WindowExtensionsTests" name="FormsControlScaleValue_100Percent_Scaling" />
    </UnitTest>
    <UnitTest name="AuthenticationWindowsDefault_SetEnabled_Throws_InvalidOperationException" storage="d:\actions-runner\_work\xpco\xpco\allsolutions\..\common\sc_commonfiles\zsc_commonfiles_unittest\bin\debug\net6.0-windows\zsc_commonfiles_unittest.dll" id="583152d9-d199-0061-6cfe-e7b3f5f54327">
      <TestCategory>
        <TestCategoryItem TestCategory="AuthenticationInfoTests" />
      </TestCategory>
      <Execution id="71f8ddc3-6e86-4fab-adaf-e041689e096d" />
      <TestMethod codeBase="D:\actions-runner\_work\XPCO\XPCO\AllSolutions\..\Common\SC_CommonFiles\zSC_CommonFiles_UnitTest\bin\Debug\net6.0-windows\zSC_CommonFiles_UnitTest.dll" adapterTypeName="executor://mstestadapter/v2" className="zSC_CommonFiles_UnitTest.VideoOS.Common.Login.AuthenticationInfoTests" name="AuthenticationWindowsDefault_SetEnabled_Throws_InvalidOperationException" />
    </UnitTest>
    <UnitTest name="SetUnsecureConnectionAllowedForUser_ShouldUpdateUser_WhenUserExistsWithDiffetentValue" storage="d:\actions-runner\_work\xpco\xpco\allsolutions\..\common\sc_commonfiles\zsc_commonfiles_unittest\bin\debug\net6.0-windows\zsc_commonfiles_unittest.dll" id="ea980a94-f888-1c61-339c-f499bb9324bc">
      <Execution id="a7232b7f-8797-40f9-8ddc-b7fb47eff58a" />
      <TestMethod codeBase="D:\actions-runner\_work\XPCO\XPCO\AllSolutions\..\Common\SC_CommonFiles\zSC_CommonFiles_UnitTest\bin\Debug\net6.0-windows\zSC_CommonFiles_UnitTest.dll" adapterTypeName="executor://mstestadapter/v2" className="zSC_CommonFiles_UnitTest.VideoOS.Common.Login.UIConnectionInfoTests" name="SetUnsecureConnectionAllowedForUser_ShouldUpdateUser_WhenUserExistsWithDiffetentValue" />
    </UnitTest>
    <UnitTest name="RoundToMillisecond_Nearest" storage="d:\actions-runner\_work\xpco\xpco\allsolutions\..\common\sc_commonfiles\zsc_commonfiles_unittest\bin\debug\net6.0-windows\zsc_commonfiles_unittest.dll" id="982659d8-a45b-dd6c-ac91-40bffddd94cf">
      <Execution id="18720833-26f8-4242-bdfa-c9fba38ad077" />
      <TestMethod codeBase="D:\actions-runner\_work\XPCO\XPCO\AllSolutions\..\Common\SC_CommonFiles\zSC_CommonFiles_UnitTest\bin\Debug\net6.0-windows\zSC_CommonFiles_UnitTest.dll" adapterTypeName="executor://mstestadapter/v2" className="zSC_CommonFiles_UnitTest.VideoOS.UI.Common.WPF.Utils.ExtensionMethods.TimeSpanExtensionsTests" name="RoundToMillisecond_Nearest" />
    </UnitTest>
    <UnitTest name="DoComboSelectionSetTextToEntityDisplayNameWhenSingleInstance" storage="d:\actions-runner\_work\xpco\xpco\allsolutions\..\common\sc_commonfiles\zsc_commonfiles_unittest\bin\debug\net6.0-windows\zsc_commonfiles_unittest.dll" id="298c066a-2f38-5d22-8d3d-0de208425162">
      <Execution id="27238b06-1251-451b-a966-0322ae3712f9" />
      <TestMethod codeBase="D:\actions-runner\_work\XPCO\XPCO\AllSolutions\..\Common\SC_CommonFiles\zSC_CommonFiles_UnitTest\bin\Debug\net6.0-windows\zSC_CommonFiles_UnitTest.dll" adapterTypeName="executor://mstestadapter/v2" className="zSC_CommonFiles_UnitTest.DashboardTilesTests" name="DoComboSelectionSetTextToEntityDisplayNameWhenSingleInstance" />
    </UnitTest>
    <UnitTest name="FindOptimalTilingReturnsIfPassedZeroSize" storage="d:\actions-runner\_work\xpco\xpco\allsolutions\..\common\sc_commonfiles\zsc_commonfiles_unittest\bin\debug\net6.0-windows\zsc_commonfiles_unittest.dll" id="3edfc2a7-1754-35d9-a869-000eb02198df">
      <Execution id="7871547a-d306-4427-9c9a-06f61626fb53" />
      <TestMethod codeBase="D:\actions-runner\_work\XPCO\XPCO\AllSolutions\..\Common\SC_CommonFiles\zSC_CommonFiles_UnitTest\bin\Debug\net6.0-windows\zSC_CommonFiles_UnitTest.dll" adapterTypeName="executor://mstestadapter/v2" className="zSC_CommonFiles_UnitTest.DashboardTilesTests" name="FindOptimalTilingReturnsIfPassedZeroSize" />
    </UnitTest>
    <UnitTest name="Convert_ShouldReturnEqualOrLessString_WhenValueIsLessThanThreshold" storage="d:\actions-runner\_work\xpco\xpco\allsolutions\..\common\sc_commonfiles\zsc_commonfiles_unittest\bin\debug\net6.0-windows\zsc_commonfiles_unittest.dll" id="30702b8e-5ec7-eb10-4c6a-7105f5c77df3">
      <Execution id="a7f1e77a-74eb-4a41-bd2f-a7f28925c90e" />
      <TestMethod codeBase="D:\actions-runner\_work\XPCO\XPCO\AllSolutions\..\Common\SC_CommonFiles\zSC_CommonFiles_UnitTest\bin\Debug\net6.0-windows\zSC_CommonFiles_UnitTest.dll" adapterTypeName="executor://mstestadapter/v2" className="zSC_CommonFiles_UnitTest.VideoOS.UI.Common.WPF.Utils.Converters.CountToStringConverterTests" name="Convert_ShouldReturnEqualOrLessString_WhenValueIsLessThanThreshold" />
    </UnitTest>
    <UnitTest name="AddToast_ExistingToast_Success" storage="d:\actions-runner\_work\xpco\xpco\allsolutions\..\common\sc_commonfiles\zsc_commonfiles_unittest\bin\debug\net6.0-windows\zsc_commonfiles_unittest.dll" id="800a9cc5-fc26-2bf4-fde7-906d76a2a91c">
      <TestCategory>
        <TestCategoryItem TestCategory="Toasts" />
      </TestCategory>
      <Execution id="582436c9-f4fe-4424-a8ba-2515ab738944" />
      <TestMethod codeBase="D:\actions-runner\_work\XPCO\XPCO\AllSolutions\..\Common\SC_CommonFiles\zSC_CommonFiles_UnitTest\bin\Debug\net6.0-windows\zSC_CommonFiles_UnitTest.dll" adapterTypeName="executor://mstestadapter/v2" className="VideoOS.UI.Common.WPF.Toast.ToastManagerTests" name="AddToast_ExistingToast_Success" />
    </UnitTest>
    <UnitTest name="SubstractIntervalListTest" storage="d:\actions-runner\_work\xpco\xpco\allsolutions\..\common\sc_commonfiles\zsc_commonfiles_unittest\bin\debug\net6.0-windows\zsc_commonfiles_unittest.dll" id="db58122d-1cb6-c9dc-b0c5-af4f8da57592">
      <Execution id="a9f31634-917a-4208-9228-680f6c91a732" />
      <TestMethod codeBase="D:\actions-runner\_work\XPCO\XPCO\AllSolutions\..\Common\SC_CommonFiles\zSC_CommonFiles_UnitTest\bin\Debug\net6.0-windows\zSC_CommonFiles_UnitTest.dll" adapterTypeName="executor://mstestadapter/v2" className="SmartClient_UnitTest_VideoOS_UI_Common_WPF_Timeline.TimeIntervalTest" name="SubstractIntervalListTest" />
    </UnitTest>
    <UnitTest name="Convert_WithAutomationId_ReturnsValue" storage="d:\actions-runner\_work\xpco\xpco\allsolutions\..\common\sc_commonfiles\zsc_commonfiles_unittest\bin\debug\net6.0-windows\zsc_commonfiles_unittest.dll" id="a40e30ee-4537-9698-9f88-45700d1ef781">
      <TestCategory>
        <TestCategoryItem TestCategory="Converters" />
      </TestCategory>
      <Execution id="11958d81-3ff8-453f-9caf-bf7faedb75c9" />
      <TestMethod codeBase="D:\actions-runner\_work\XPCO\XPCO\AllSolutions\..\Common\SC_CommonFiles\zSC_CommonFiles_UnitTest\bin\Debug\net6.0-windows\zSC_CommonFiles_UnitTest.dll" adapterTypeName="executor://mstestadapter/v2" className="VideoOS.UI.Common.WPF.Utils.Converters.AutomationIdConverterTests" name="Convert_WithAutomationId_ReturnsValue" />
    </UnitTest>
    <UnitTest name="DrawControl_AllRangeSelected_VisualsOK" storage="d:\actions-runner\_work\xpco\xpco\allsolutions\..\common\sc_commonfiles\zsc_commonfiles_unittest\bin\debug\net6.0-windows\zsc_commonfiles_unittest.dll" id="f3327606-b2a8-9974-e840-2b31246f10e1">
      <TestCategory>
        <TestCategoryItem TestCategory="RangeSelector" />
      </TestCategory>
      <Execution id="fbf92147-aa2e-4ca3-afe7-d002185f5d14" />
      <TestMethod codeBase="D:\actions-runner\_work\XPCO\XPCO\AllSolutions\..\Common\SC_CommonFiles\zSC_CommonFiles_UnitTest\bin\Debug\net6.0-windows\zSC_CommonFiles_UnitTest.dll" adapterTypeName="executor://mstestadapter/v2" className="VideoOS.UI.Common.WPF.RangeSelector.RangeSelectorTest" name="DrawControl_AllRangeSelected_VisualsOK" />
    </UnitTest>
    <UnitTest name="OnPreviewKeyDown_Space_Success" storage="d:\actions-runner\_work\xpco\xpco\allsolutions\..\common\sc_commonfiles\zsc_commonfiles_unittest\bin\debug\net6.0-windows\zsc_commonfiles_unittest.dll" id="f1184a8e-b69a-6295-ac82-24b2bd10984c">
      <TestCategory>
        <TestCategoryItem TestCategory="SC_CommonFiles.WPF.TileLayout" />
      </TestCategory>
      <Execution id="6c3b36c5-2274-43d6-81ec-f0704c356806" />
      <TestMethod codeBase="D:\actions-runner\_work\XPCO\XPCO\AllSolutions\..\Common\SC_CommonFiles\zSC_CommonFiles_UnitTest\bin\Debug\net6.0-windows\zSC_CommonFiles_UnitTest.dll" adapterTypeName="executor://mstestadapter/v2" className="zSC_CommonFiles_UnitTest.VideoOS.UI.Common.WPF.TileLayout.TileLayoutTest" name="OnPreviewKeyDown_Space_Success" />
    </UnitTest>
    <UnitTest name="ChangeMinValue_GreaterThanMaxValue_RangeAndMaxValueUpdated" storage="d:\actions-runner\_work\xpco\xpco\allsolutions\..\common\sc_commonfiles\zsc_commonfiles_unittest\bin\debug\net6.0-windows\zsc_commonfiles_unittest.dll" id="ef941c35-94f0-1c6b-ae1b-3d9480badfe1">
      <TestCategory>
        <TestCategoryItem TestCategory="RangeSelector" />
      </TestCategory>
      <Execution id="ba1a3382-1b09-41a4-9580-73dc0be3e839" />
      <TestMethod codeBase="D:\actions-runner\_work\XPCO\XPCO\AllSolutions\..\Common\SC_CommonFiles\zSC_CommonFiles_UnitTest\bin\Debug\net6.0-windows\zSC_CommonFiles_UnitTest.dll" adapterTypeName="executor://mstestadapter/v2" className="VideoOS.UI.Common.WPF.RangeSelector.RangeSelectorTest" name="ChangeMinValue_GreaterThanMaxValue_RangeAndMaxValueUpdated" />
    </UnitTest>
    <UnitTest name="GetStates_SessionStarted_NoStates" storage="d:\actions-runner\_work\xpco\xpco\allsolutions\..\common\sc_commonfiles\zsc_commonfiles_unittest\bin\debug\net6.0-windows\zsc_commonfiles_unittest.dll" id="0ee94363-92bd-eb3e-d7fb-92ad8f9a8087">
      <Execution id="397f2097-ecfe-4fa4-be28-5016f123144e" />
      <TestMethod codeBase="D:\actions-runner\_work\XPCO\XPCO\AllSolutions\..\Common\SC_CommonFiles\zSC_CommonFiles_UnitTest\bin\Debug\net6.0-windows\zSC_CommonFiles_UnitTest.dll" adapterTypeName="executor://mstestadapter/v2" className="zSC_CommonFiles_UnitTest.VideoOS.Common.State.ServerStateManagerTests" name="GetStates_SessionStarted_NoStates" />
    </UnitTest>
    <UnitTest name="Remove_SingleItem_SuccessWithSingleNotification" storage="d:\actions-runner\_work\xpco\xpco\allsolutions\..\common\sc_commonfiles\zsc_commonfiles_unittest\bin\debug\net6.0-windows\zsc_commonfiles_unittest.dll" id="d01aff65-cc66-59d9-483c-ef58ff5b02b0">
      <TestCategory>
        <TestCategoryItem TestCategory="SC_CommonFiles.WPF" />
      </TestCategory>
      <Execution id="617edb12-4ce0-43fe-9b5e-00603e0f58d1" />
      <TestMethod codeBase="D:\actions-runner\_work\XPCO\XPCO\AllSolutions\..\Common\SC_CommonFiles\zSC_CommonFiles_UnitTest\bin\Debug\net6.0-windows\zSC_CommonFiles_UnitTest.dll" adapterTypeName="executor://mstestadapter/v2" className="zSC_CommonFiles_UnitTest.VideoOS.UI.Common.WPF.ObservableCollections.BulkObservableCollectionTests" name="Remove_SingleItem_SuccessWithSingleNotification" />
    </UnitTest>
    <UnitTest name="ThumbsCanBeAddedAndFetchedTest" storage="d:\actions-runner\_work\xpco\xpco\allsolutions\..\common\sc_commonfiles\zsc_commonfiles_unittest\bin\debug\net6.0-windows\zsc_commonfiles_unittest.dll" id="c92c23d1-5ca1-d95a-512b-ef3370dd6502">
      <Execution id="4d879b2f-b37d-4bbf-8b2e-0a63bd84e33e" />
      <TestMethod codeBase="D:\actions-runner\_work\XPCO\XPCO\AllSolutions\..\Common\SC_CommonFiles\zSC_CommonFiles_UnitTest\bin\Debug\net6.0-windows\zSC_CommonFiles_UnitTest.dll" adapterTypeName="executor://mstestadapter/v2" className="SC_Common_UnitTest_VideoOS_UI_Common_Data_SequenceRetriever_ThumbCache.ThumbCacheTest" name="ThumbsCanBeAddedAndFetchedTest" />
    </UnitTest>
    <UnitTest name="GetIntValueOrDefault_KeyNotFound_DefaultValueReturned" storage="d:\actions-runner\_work\xpco\xpco\allsolutions\..\common\sc_commonfiles\zsc_commonfiles_unittest\bin\debug\net6.0-windows\zsc_commonfiles_unittest.dll" id="319f8796-7403-b14a-34e0-f1797faae63e">
      <Execution id="3e8a533b-311d-4db5-a03e-6d2a48bf314f" />
      <TestMethod codeBase="D:\actions-runner\_work\XPCO\XPCO\AllSolutions\..\Common\SC_CommonFiles\zSC_CommonFiles_UnitTest\bin\Debug\net6.0-windows\zSC_CommonFiles_UnitTest.dll" adapterTypeName="executor://mstestadapter/v2" className="zSC_CommonFiles_UnitTest.VideoOS.Common.Configuration.NameValueCollectionExtensionsTest" name="GetIntValueOrDefault_KeyNotFound_DefaultValueReturned" />
    </UnitTest>
    <UnitTest name="OnPreviewKeyDown_Up_Success" storage="d:\actions-runner\_work\xpco\xpco\allsolutions\..\common\sc_commonfiles\zsc_commonfiles_unittest\bin\debug\net6.0-windows\zsc_commonfiles_unittest.dll" id="9af8ac57-47e8-e560-cb3c-d72fb3be6de6">
      <TestCategory>
        <TestCategoryItem TestCategory="SC_CommonFiles.WPF.TileLayout" />
      </TestCategory>
      <Execution id="80169b16-1b22-4d33-8110-30bb546e3f1c" />
      <TestMethod codeBase="D:\actions-runner\_work\XPCO\XPCO\AllSolutions\..\Common\SC_CommonFiles\zSC_CommonFiles_UnitTest\bin\Debug\net6.0-windows\zSC_CommonFiles_UnitTest.dll" adapterTypeName="executor://mstestadapter/v2" className="zSC_CommonFiles_UnitTest.VideoOS.UI.Common.WPF.TileLayout.TileLayoutTest" name="OnPreviewKeyDown_Up_Success" />
    </UnitTest>
    <UnitTest name="UpdateFrameworkElementsOverlay_WithBothArgumentsNull_ShouldReturnTrueAndLeaveListsUnchanged" storage="d:\actions-runner\_work\xpco\xpco\allsolutions\..\common\sc_commonfiles\zsc_commonfiles_unittest\bin\debug\net6.0-windows\zsc_commonfiles_unittest.dll" id="3e8485c9-a7cd-7c8f-f394-cfd45a272654">
      <Execution id="45c1cb15-a226-41fc-8a5b-1228a6577698" />
      <TestMethod codeBase="D:\actions-runner\_work\XPCO\XPCO\AllSolutions\..\Common\SC_CommonFiles\zSC_CommonFiles_UnitTest\bin\Debug\net6.0-windows\zSC_CommonFiles_UnitTest.dll" adapterTypeName="executor://mstestadapter/v2" className="zSC_CommonFiles_UnitTest.VideoOS.UI.Common.WPF.VideoPlayer.Model.FrameworkElementsOverlayModelTests" name="UpdateFrameworkElementsOverlay_WithBothArgumentsNull_ShouldReturnTrueAndLeaveListsUnchanged" />
    </UnitTest>
    <UnitTest name="Add_SingleItem_SuccessWithSingleNotification" storage="d:\actions-runner\_work\xpco\xpco\allsolutions\..\common\sc_commonfiles\zsc_commonfiles_unittest\bin\debug\net6.0-windows\zsc_commonfiles_unittest.dll" id="85fbbcd0-881b-ae29-40f1-5696b7e80975">
      <TestCategory>
        <TestCategoryItem TestCategory="SC_CommonFiles.WPF" />
      </TestCategory>
      <Execution id="05adb403-0657-4910-bd85-369015599555" />
      <TestMethod codeBase="D:\actions-runner\_work\XPCO\XPCO\AllSolutions\..\Common\SC_CommonFiles\zSC_CommonFiles_UnitTest\bin\Debug\net6.0-windows\zSC_CommonFiles_UnitTest.dll" adapterTypeName="executor://mstestadapter/v2" className="zSC_CommonFiles_UnitTest.VideoOS.UI.Common.WPF.ObservableCollections.BulkObservableCollectionTests" name="Add_SingleItem_SuccessWithSingleNotification" />
    </UnitTest>
    <UnitTest name="DetermineScaledWindowLocationAndSize_CenterScreen_100Percent_Scaling" storage="d:\actions-runner\_work\xpco\xpco\allsolutions\..\common\sc_commonfiles\zsc_commonfiles_unittest\bin\debug\net6.0-windows\zsc_commonfiles_unittest.dll" id="9b6bcf4a-f6d4-8ccc-f16d-a434ebb9feb9">
      <Execution id="cfeeca88-1785-43b2-bc48-6666eb7e2b84" />
      <TestMethod codeBase="D:\actions-runner\_work\XPCO\XPCO\AllSolutions\..\Common\SC_CommonFiles\zSC_CommonFiles_UnitTest\bin\Debug\net6.0-windows\zSC_CommonFiles_UnitTest.dll" adapterTypeName="executor://mstestadapter/v2" className="zSC_CommonFiles_UnitTest.VideoOS.UI.Common.WPF.Utils.ExtensionMethods.WindowExtensionsTests" name="DetermineScaledWindowLocationAndSize_CenterScreen_100Percent_Scaling" />
    </UnitTest>
    <UnitTest name="ItemHolder_MouseClick_Success" storage="d:\actions-runner\_work\xpco\xpco\allsolutions\..\common\sc_commonfiles\zsc_commonfiles_unittest\bin\debug\net6.0-windows\zsc_commonfiles_unittest.dll" id="f8481245-447a-5b32-a26f-ec1feabc1ee3">
      <TestCategory>
        <TestCategoryItem TestCategory="SC_CommonFiles.WPF.TileLayout" />
      </TestCategory>
      <Execution id="6c6a1551-f1db-4a30-a86a-8afd63204289" />
      <TestMethod codeBase="D:\actions-runner\_work\XPCO\XPCO\AllSolutions\..\Common\SC_CommonFiles\zSC_CommonFiles_UnitTest\bin\Debug\net6.0-windows\zSC_CommonFiles_UnitTest.dll" adapterTypeName="executor://mstestadapter/v2" className="zSC_CommonFiles_UnitTest.VideoOS.UI.Common.WPF.TileLayout.TileLayoutTest" name="ItemHolder_MouseClick_Success" />
    </UnitTest>
    <UnitTest name="GetDoubleValueOrDefault_KeyFound_ValueReturned" storage="d:\actions-runner\_work\xpco\xpco\allsolutions\..\common\sc_commonfiles\zsc_commonfiles_unittest\bin\debug\net6.0-windows\zsc_commonfiles_unittest.dll" id="517e03e4-4abb-9810-ab6e-fc1b74f3e022">
      <Execution id="9de95d5e-d6ee-484e-9622-29677f26803c" />
      <TestMethod codeBase="D:\actions-runner\_work\XPCO\XPCO\AllSolutions\..\Common\SC_CommonFiles\zSC_CommonFiles_UnitTest\bin\Debug\net6.0-windows\zSC_CommonFiles_UnitTest.dll" adapterTypeName="executor://mstestadapter/v2" className="zSC_CommonFiles_UnitTest.VideoOS.Common.Configuration.NameValueCollectionExtensionsTest" name="GetDoubleValueOrDefault_KeyFound_ValueReturned" />
    </UnitTest>
    <UnitTest name="SequenceEqualIgnoreOrder_DifferentlySizedCollections_IgnoreOrder_SymmetricalFalseResult" storage="d:\actions-runner\_work\xpco\xpco\allsolutions\..\common\sc_commonfiles\zsc_commonfiles_unittest\bin\debug\net6.0-windows\zsc_commonfiles_unittest.dll" id="dab9c0b3-4ffb-2848-2c64-5c66c2da8b39">
      <Execution id="27f1d959-0750-410f-a724-45ed3062f43e" />
      <TestMethod codeBase="D:\actions-runner\_work\XPCO\XPCO\AllSolutions\..\Common\SC_CommonFiles\zSC_CommonFiles_UnitTest\bin\Debug\net6.0-windows\zSC_CommonFiles_UnitTest.dll" adapterTypeName="executor://mstestadapter/v2" className="zSC_CommonFiles_UnitTest.VideoOS.UI.Common.WPF.Utils.ExtensionMethods.IEnumerableExtensionTests" name="SequenceEqualIgnoreOrder_DifferentlySizedCollections_IgnoreOrder_SymmetricalFalseResult" />
    </UnitTest>
    <UnitTest name="ArrangeOverride__3child_AllMustShrink__AllAreShrunk" storage="d:\actions-runner\_work\xpco\xpco\allsolutions\..\common\sc_commonfiles\zsc_commonfiles_unittest\bin\debug\net6.0-windows\zsc_commonfiles_unittest.dll" id="a8dd4421-721b-7464-1ec7-7a0950dbe7f2">
      <TestCategory>
        <TestCategoryItem TestCategory="Controls" />
      </TestCategory>
      <Execution id="1d94a4c4-621b-46b6-b2e5-76c36d6b3c7b" />
      <TestMethod codeBase="D:\actions-runner\_work\XPCO\XPCO\AllSolutions\..\Common\SC_CommonFiles\zSC_CommonFiles_UnitTest\bin\Debug\net6.0-windows\zSC_CommonFiles_UnitTest.dll" adapterTypeName="executor://mstestadapter/v2" className="VideoOS.UI.Common.WPF.Controls.HorizontalPanelTests" name="ArrangeOverride__3child_AllMustShrink__AllAreShrunk" />
    </UnitTest>
    <UnitTest name="ProvideValue_ReturnsThis" storage="d:\actions-runner\_work\xpco\xpco\allsolutions\..\common\sc_commonfiles\zsc_commonfiles_unittest\bin\debug\net6.0-windows\zsc_commonfiles_unittest.dll" id="74add8a2-d9f3-2054-f072-e9237767895b">
      <Execution id="75df1c51-febd-4b7b-8d2d-b50e1484da45" />
      <TestMethod codeBase="D:\actions-runner\_work\XPCO\XPCO\AllSolutions\..\Common\SC_CommonFiles\zSC_CommonFiles_UnitTest\bin\Debug\net6.0-windows\zSC_CommonFiles_UnitTest.dll" adapterTypeName="executor://mstestadapter/v2" className="zSC_CommonFiles_UnitTest.VideoOS.UI.Common.WPF.Utils.Converters.MaxWidthConverterTests" name="ProvideValue_ReturnsThis" />
    </UnitTest>
    <UnitTest name="TileLayout_MouseOver_BorderBrushUpdated" storage="d:\actions-runner\_work\xpco\xpco\allsolutions\..\common\sc_commonfiles\zsc_commonfiles_unittest\bin\debug\net6.0-windows\zsc_commonfiles_unittest.dll" id="7afa246b-f4b2-fc5f-fe61-fe719713919d">
      <TestCategory>
        <TestCategoryItem TestCategory="SC_CommonFiles.WPF.TileLayout" />
      </TestCategory>
      <Execution id="1b25f910-273a-4986-85c7-3faf77d9d6ab" />
      <TestMethod codeBase="D:\actions-runner\_work\XPCO\XPCO\AllSolutions\..\Common\SC_CommonFiles\zSC_CommonFiles_UnitTest\bin\Debug\net6.0-windows\zSC_CommonFiles_UnitTest.dll" adapterTypeName="executor://mstestadapter/v2" className="zSC_CommonFiles_UnitTest.VideoOS.UI.Common.WPF.TileLayout.ItemHolderTest" name="TileLayout_MouseOver_BorderBrushUpdated" />
    </UnitTest>
    <UnitTest name="Convert_SingleValueConverter_DifferentTargetType_Success" storage="d:\actions-runner\_work\xpco\xpco\allsolutions\..\common\sc_commonfiles\zsc_commonfiles_unittest\bin\debug\net6.0-windows\zsc_commonfiles_unittest.dll" id="535b5010-34ee-7c3d-315a-1071e5381898">
      <Execution id="4ec7ce2d-b3e4-48c1-a359-f77dbf3deb67" />
      <TestMethod codeBase="D:\actions-runner\_work\XPCO\XPCO\AllSolutions\..\Common\SC_CommonFiles\zSC_CommonFiles_UnitTest\bin\Debug\net6.0-windows\zSC_CommonFiles_UnitTest.dll" adapterTypeName="executor://mstestadapter/v2" className="zSC_CommonFiles_UnitTest.VideoOS.UI.Common.WPF.Utils.Converters.MaxWidthConverterTests" name="Convert_SingleValueConverter_DifferentTargetType_Success" />
    </UnitTest>
    <UnitTest name="TimerOnElapsed_MaxIdleTimeNotReached_CleanupNotPerformed" storage="d:\actions-runner\_work\xpco\xpco\allsolutions\..\common\sc_commonfiles\zsc_commonfiles_unittest\bin\debug\net6.0-windows\zsc_commonfiles_unittest.dll" id="a22bf289-0878-e3c5-33fd-766102ec1be1">
      <Execution id="e25a1a93-1dcc-43f8-b691-f8ba7572dce5" />
      <TestMethod codeBase="D:\actions-runner\_work\XPCO\XPCO\AllSolutions\..\Common\SC_CommonFiles\zSC_CommonFiles_UnitTest\bin\Debug\net6.0-windows\zSC_CommonFiles_UnitTest.dll" adapterTypeName="executor://mstestadapter/v2" className="VideoOS.UI.Common.WPF.Utils.RecyclingFactory.RecyclingFactoryTests" name="TimerOnElapsed_MaxIdleTimeNotReached_CleanupNotPerformed" />
    </UnitTest>
    <UnitTest name="TryCreateUri_ShouldReturnValidUriWithHttps_WhenInputIsRelativeUriAndNoCustomFallbackSchemeProvided" storage="d:\actions-runner\_work\xpco\xpco\allsolutions\..\common\sc_commonfiles\zsc_commonfiles_unittest\bin\debug\net6.0-windows\zsc_commonfiles_unittest.dll" id="5791d93f-2ea0-ebcc-a300-0da5e771609b">
      <Execution id="4ac7995c-2c23-4f8f-9fdf-25b73ef4a966" />
      <TestMethod codeBase="D:\actions-runner\_work\XPCO\XPCO\AllSolutions\..\Common\SC_CommonFiles\zSC_CommonFiles_UnitTest\bin\Debug\net6.0-windows\zSC_CommonFiles_UnitTest.dll" adapterTypeName="executor://mstestadapter/v2" className="zSC_CommonFiles_UnitTest.VideoOS.UI.Common.WPF.Utils.ExtensionMethods.StringExtensionsTests" name="TryCreateUri_ShouldReturnValidUriWithHttps_WhenInputIsRelativeUriAndNoCustomFallbackSchemeProvided" />
    </UnitTest>
    <UnitTest name="TryCreateUri_ShouldReturnValidUri_WhenInputIsAbsoluteUri" storage="d:\actions-runner\_work\xpco\xpco\allsolutions\..\common\sc_commonfiles\zsc_commonfiles_unittest\bin\debug\net6.0-windows\zsc_commonfiles_unittest.dll" id="09ded2a6-c372-2eb2-ac00-fef2bebd4e6e">
      <Execution id="f516c9a8-c144-40b0-ae5e-00a3105ddd0d" />
      <TestMethod codeBase="D:\actions-runner\_work\XPCO\XPCO\AllSolutions\..\Common\SC_CommonFiles\zSC_CommonFiles_UnitTest\bin\Debug\net6.0-windows\zSC_CommonFiles_UnitTest.dll" adapterTypeName="executor://mstestadapter/v2" className="zSC_CommonFiles_UnitTest.VideoOS.UI.Common.WPF.Utils.ExtensionMethods.StringExtensionsTests" name="TryCreateUri_ShouldReturnValidUri_WhenInputIsAbsoluteUri" />
    </UnitTest>
    <UnitTest name="RoundToSecond_Up" storage="d:\actions-runner\_work\xpco\xpco\allsolutions\..\common\sc_commonfiles\zsc_commonfiles_unittest\bin\debug\net6.0-windows\zsc_commonfiles_unittest.dll" id="93e1c6bd-3907-bf6a-9788-32ce344adf8d">
      <Execution id="c20ce715-b847-45f0-aa79-e613ea1f131f" />
      <TestMethod codeBase="D:\actions-runner\_work\XPCO\XPCO\AllSolutions\..\Common\SC_CommonFiles\zSC_CommonFiles_UnitTest\bin\Debug\net6.0-windows\zSC_CommonFiles_UnitTest.dll" adapterTypeName="executor://mstestadapter/v2" className="zSC_CommonFiles_UnitTest.VideoOS.UI.Common.WPF.Utils.ExtensionMethods.DateTimeExtensionsTests" name="RoundToSecond_Up" />
    </UnitTest>
    <UnitTest name="Convert_MultiValueConverter_SingleValueNotANumber_Throws" storage="d:\actions-runner\_work\xpco\xpco\allsolutions\..\common\sc_commonfiles\zsc_commonfiles_unittest\bin\debug\net6.0-windows\zsc_commonfiles_unittest.dll" id="046145c9-879d-c051-80d4-25fb448d3ce7">
      <Execution id="77200c44-f669-43e6-9c44-ddb8763ae473" />
      <TestMethod codeBase="D:\actions-runner\_work\XPCO\XPCO\AllSolutions\..\Common\SC_CommonFiles\zSC_CommonFiles_UnitTest\bin\Debug\net6.0-windows\zSC_CommonFiles_UnitTest.dll" adapterTypeName="executor://mstestadapter/v2" className="zSC_CommonFiles_UnitTest.VideoOS.UI.Common.WPF.Utils.Converters.MaxWidthConverterTests" name="Convert_MultiValueConverter_SingleValueNotANumber_Throws" />
    </UnitTest>
    <UnitTest name="ThumbLoadedEventIsNotFiredUntilAllThumbsAreLoaded" storage="d:\actions-runner\_work\xpco\xpco\allsolutions\..\common\sc_commonfiles\zsc_commonfiles_unittest\bin\debug\net6.0-windows\zsc_commonfiles_unittest.dll" id="16ee0ac6-17eb-3505-339b-384a8e931cbc">
      <Execution id="fe065faa-7eed-4cdc-a587-fa0b4d90631d" />
      <TestMethod codeBase="D:\actions-runner\_work\XPCO\XPCO\AllSolutions\..\Common\SC_CommonFiles\zSC_CommonFiles_UnitTest\bin\Debug\net6.0-windows\zSC_CommonFiles_UnitTest.dll" adapterTypeName="executor://mstestadapter/v2" className="SC_CommonFiles_UnitTest_VideoOS_UI_Common_Data_SequenceRetriever.ThumbFetcherTest" name="ThumbLoadedEventIsNotFiredUntilAllThumbsAreLoaded" />
    </UnitTest>
    <UnitTest name="ExpirationTimerOnTick_ToastExpired_Success" storage="d:\actions-runner\_work\xpco\xpco\allsolutions\..\common\sc_commonfiles\zsc_commonfiles_unittest\bin\debug\net6.0-windows\zsc_commonfiles_unittest.dll" id="6dd090ae-0423-7a7c-d8df-35146cee22d9">
      <TestCategory>
        <TestCategoryItem TestCategory="Toasts" />
      </TestCategory>
      <Execution id="535d8f89-73a3-4918-b7d7-d3c8e8a12eec" />
      <TestMethod codeBase="D:\actions-runner\_work\XPCO\XPCO\AllSolutions\..\Common\SC_CommonFiles\zSC_CommonFiles_UnitTest\bin\Debug\net6.0-windows\zSC_CommonFiles_UnitTest.dll" adapterTypeName="executor://mstestadapter/v2" className="zSC_CommonFiles_UnitTest.VideoOS.UI.Common.WPF.Toast.ToastBaseTests" name="ExpirationTimerOnTick_ToastExpired_Success" />
    </UnitTest>
    <UnitTest name="Convert_WithRenamedAutomationId_ReturnsValue" storage="d:\actions-runner\_work\xpco\xpco\allsolutions\..\common\sc_commonfiles\zsc_commonfiles_unittest\bin\debug\net6.0-windows\zsc_commonfiles_unittest.dll" id="f973a97f-5a8e-0209-5020-2d35dba67422">
      <TestCategory>
        <TestCategoryItem TestCategory="Converters" />
      </TestCategory>
      <Execution id="d46006f7-5939-4b56-999f-31ebc022cf5b" />
      <TestMethod codeBase="D:\actions-runner\_work\XPCO\XPCO\AllSolutions\..\Common\SC_CommonFiles\zSC_CommonFiles_UnitTest\bin\Debug\net6.0-windows\zSC_CommonFiles_UnitTest.dll" adapterTypeName="executor://mstestadapter/v2" className="VideoOS.UI.Common.WPF.Utils.Converters.AutomationIdConverterTests" name="Convert_WithRenamedAutomationId_ReturnsValue" />
    </UnitTest>
    <UnitTest name="SimpleTest" storage="d:\actions-runner\_work\xpco\xpco\allsolutions\..\common\sc_commonfiles\zsc_commonfiles_unittest\bin\debug\net6.0-windows\zsc_commonfiles_unittest.dll" id="6a9b6055-9055-6cdd-ce58-2c6f0ec341c2">
      <Execution id="3c3218c6-8a6b-479e-a63c-0c7788d3033f" />
      <TestMethod codeBase="D:\actions-runner\_work\XPCO\XPCO\AllSolutions\..\Common\SC_CommonFiles\zSC_CommonFiles_UnitTest\bin\Debug\net6.0-windows\zSC_CommonFiles_UnitTest.dll" adapterTypeName="executor://mstestadapter/v2" className="zSC_CommonFiles_UnitTest.VideoOS.UI.Common.WPF.Utils.CacheTests" name="SimpleTest" />
    </UnitTest>
    <UnitTest name="IsUnsecureConnectionAllowedForUser_ShouldReturnFalse_WhenAllowUnsecureIsInvalid" storage="d:\actions-runner\_work\xpco\xpco\allsolutions\..\common\sc_commonfiles\zsc_commonfiles_unittest\bin\debug\net6.0-windows\zsc_commonfiles_unittest.dll" id="958cf364-23eb-e2d5-f664-d61945c55467">
      <Execution id="c6a01b59-75e0-4df8-b67a-c5cfc0bd5b38" />
      <TestMethod codeBase="D:\actions-runner\_work\XPCO\XPCO\AllSolutions\..\Common\SC_CommonFiles\zSC_CommonFiles_UnitTest\bin\Debug\net6.0-windows\zSC_CommonFiles_UnitTest.dll" adapterTypeName="executor://mstestadapter/v2" className="zSC_CommonFiles_UnitTest.VideoOS.Common.Login.UIConnectionInfoTests" name="IsUnsecureConnectionAllowedForUser_ShouldReturnFalse_WhenAllowUnsecureIsInvalid" />
    </UnitTest>
    <UnitTest name="IsFailover_IsNotFailover" storage="d:\actions-runner\_work\xpco\xpco\allsolutions\..\common\sc_commonfiles\zsc_commonfiles_unittest\bin\debug\net6.0-windows\zsc_commonfiles_unittest.dll" id="a3ace3b8-2cc6-88df-a94a-a9602ec1951a">
      <Execution id="1a363776-f73c-485f-95c2-2da4c8cff430" />
      <TestMethod codeBase="D:\actions-runner\_work\XPCO\XPCO\AllSolutions\..\Common\SC_CommonFiles\zSC_CommonFiles_UnitTest\bin\Debug\net6.0-windows\zSC_CommonFiles_UnitTest.dll" adapterTypeName="executor://mstestadapter/v2" className="zSC_CommonFiles_UnitTest.VideoOS.UI.Common.WPF.Dashboard.Types.ServerTypeTest" name="IsFailover_IsNotFailover" />
    </UnitTest>
    <UnitTest name="IsFailover_IsFailover" storage="d:\actions-runner\_work\xpco\xpco\allsolutions\..\common\sc_commonfiles\zsc_commonfiles_unittest\bin\debug\net6.0-windows\zsc_commonfiles_unittest.dll" id="c852d483-d9e0-2c2b-b9c0-ac3a615cecaf">
      <Execution id="e66208ba-14ab-4f6b-9339-cefdf0773b98" />
      <TestMethod codeBase="D:\actions-runner\_work\XPCO\XPCO\AllSolutions\..\Common\SC_CommonFiles\zSC_CommonFiles_UnitTest\bin\Debug\net6.0-windows\zSC_CommonFiles_UnitTest.dll" adapterTypeName="executor://mstestadapter/v2" className="zSC_CommonFiles_UnitTest.VideoOS.UI.Common.WPF.Dashboard.Types.ServerTypeTest" name="IsFailover_IsFailover" />
    </UnitTest>
    <UnitTest name="Distinct" storage="d:\actions-runner\_work\xpco\xpco\allsolutions\..\common\sc_commonfiles\zsc_commonfiles_unittest\bin\debug\net6.0-windows\zsc_commonfiles_unittest.dll" id="05ee0585-5324-c075-c884-eef61e6407ec">
      <Execution id="166288bc-d77d-468a-9eac-97e388ccd9c8" />
      <TestMethod codeBase="D:\actions-runner\_work\XPCO\XPCO\AllSolutions\..\Common\SC_CommonFiles\zSC_CommonFiles_UnitTest\bin\Debug\net6.0-windows\zSC_CommonFiles_UnitTest.dll" adapterTypeName="executor://mstestadapter/v2" className="zSC_CommonFiles_UnitTest.VideoOS.UI.Common.WPF.Utils.ExtensionMethods.IEnumerableExtensionTests" name="Distinct" />
    </UnitTest>
    <UnitTest name="GetTimeSpanValueOrDefault_KeyNotFound_DefaultValueReturned" storage="d:\actions-runner\_work\xpco\xpco\allsolutions\..\common\sc_commonfiles\zsc_commonfiles_unittest\bin\debug\net6.0-windows\zsc_commonfiles_unittest.dll" id="0c965795-08e1-96ff-221c-6c48f278966b">
      <Execution id="d6b3f535-a170-4879-8f93-4dc2fd3c2ccc" />
      <TestMethod codeBase="D:\actions-runner\_work\XPCO\XPCO\AllSolutions\..\Common\SC_CommonFiles\zSC_CommonFiles_UnitTest\bin\Debug\net6.0-windows\zSC_CommonFiles_UnitTest.dll" adapterTypeName="executor://mstestadapter/v2" className="zSC_CommonFiles_UnitTest.VideoOS.Common.Configuration.NameValueCollectionExtensionsTest" name="GetTimeSpanValueOrDefault_KeyNotFound_DefaultValueReturned" />
    </UnitTest>
    <UnitTest name="DragDrop_RangeMinOverRangeMax_RangeEditDisplayed" storage="d:\actions-runner\_work\xpco\xpco\allsolutions\..\common\sc_commonfiles\zsc_commonfiles_unittest\bin\debug\net6.0-windows\zsc_commonfiles_unittest.dll" id="28408d30-8448-8f9c-b04c-e7779e7625cc">
      <TestCategory>
        <TestCategoryItem TestCategory="RangeSelector" />
      </TestCategory>
      <Execution id="df366982-9b14-4413-a8f3-dbf96e78a4e5" />
      <TestMethod codeBase="D:\actions-runner\_work\XPCO\XPCO\AllSolutions\..\Common\SC_CommonFiles\zSC_CommonFiles_UnitTest\bin\Debug\net6.0-windows\zSC_CommonFiles_UnitTest.dll" adapterTypeName="executor://mstestadapter/v2" className="VideoOS.UI.Common.WPF.RangeSelector.RangeSelectorTest" name="DragDrop_RangeMinOverRangeMax_RangeEditDisplayed" />
    </UnitTest>
    <UnitTest name="UpdateFrameworkElementsOverlay_WithNewFrameworkElementList_ShouldUpdateList" storage="d:\actions-runner\_work\xpco\xpco\allsolutions\..\common\sc_commonfiles\zsc_commonfiles_unittest\bin\debug\net6.0-windows\zsc_commonfiles_unittest.dll" id="64f4b309-46ce-14bc-92c8-2dbd5092f999">
      <Execution id="64ede48e-08b5-4b81-bea7-cf4e7ddb8d6e" />
      <TestMethod codeBase="D:\actions-runner\_work\XPCO\XPCO\AllSolutions\..\Common\SC_CommonFiles\zSC_CommonFiles_UnitTest\bin\Debug\net6.0-windows\zSC_CommonFiles_UnitTest.dll" adapterTypeName="executor://mstestadapter/v2" className="zSC_CommonFiles_UnitTest.VideoOS.UI.Common.WPF.VideoPlayer.Model.FrameworkElementsOverlayModelTests" name="UpdateFrameworkElementsOverlay_WithNewFrameworkElementList_ShouldUpdateList" />
    </UnitTest>
    <UnitTest name="OnPreviewKeyDown_LeftShift_Click_Select_Success" storage="d:\actions-runner\_work\xpco\xpco\allsolutions\..\common\sc_commonfiles\zsc_commonfiles_unittest\bin\debug\net6.0-windows\zsc_commonfiles_unittest.dll" id="d0c56151-9eb1-435a-613d-6b16219b3912">
      <TestCategory>
        <TestCategoryItem TestCategory="SC_CommonFiles.WPF.TileLayout" />
      </TestCategory>
      <Execution id="6433041f-1503-462c-b1b9-8813601d861c" />
      <TestMethod codeBase="D:\actions-runner\_work\XPCO\XPCO\AllSolutions\..\Common\SC_CommonFiles\zSC_CommonFiles_UnitTest\bin\Debug\net6.0-windows\zSC_CommonFiles_UnitTest.dll" adapterTypeName="executor://mstestadapter/v2" className="zSC_CommonFiles_UnitTest.VideoOS.UI.Common.WPF.TileLayout.TileLayoutTest" name="OnPreviewKeyDown_LeftShift_Click_Select_Success" />
    </UnitTest>
    <UnitTest name="IntersectOrdered_With_Key_Selector" storage="d:\actions-runner\_work\xpco\xpco\allsolutions\..\common\sc_commonfiles\zsc_commonfiles_unittest\bin\debug\net6.0-windows\zsc_commonfiles_unittest.dll" id="06f7ab65-67b0-9ceb-7950-154a66e24a54">
      <Execution id="93c56fa8-5c4d-4593-8e69-ffbb30c510ae" />
      <TestMethod codeBase="D:\actions-runner\_work\XPCO\XPCO\AllSolutions\..\Common\SC_CommonFiles\zSC_CommonFiles_UnitTest\bin\Debug\net6.0-windows\zSC_CommonFiles_UnitTest.dll" adapterTypeName="executor://mstestadapter/v2" className="zSC_CommonFiles_UnitTest.VideoOS.UI.Common.WPF.Utils.ExtensionMethods.IEnumerableExtensionTests" name="IntersectOrdered_With_Key_Selector" />
    </UnitTest>
    <UnitTest name="ScrollIntoView_Success" storage="d:\actions-runner\_work\xpco\xpco\allsolutions\..\common\sc_commonfiles\zsc_commonfiles_unittest\bin\debug\net6.0-windows\zsc_commonfiles_unittest.dll" id="24d7108a-b492-bd24-b0f8-ceb600b42692">
      <TestCategory>
        <TestCategoryItem TestCategory="SC_CommonFiles.WPF.TileLayout" />
      </TestCategory>
      <Execution id="94eb59d7-0350-49b0-9adc-45a6f4eb0929" />
      <TestMethod codeBase="D:\actions-runner\_work\XPCO\XPCO\AllSolutions\..\Common\SC_CommonFiles\zSC_CommonFiles_UnitTest\bin\Debug\net6.0-windows\zSC_CommonFiles_UnitTest.dll" adapterTypeName="executor://mstestadapter/v2" className="zSC_CommonFiles_UnitTest.VideoOS.UI.Common.WPF.TileLayout.TileLayoutTest" name="ScrollIntoView_Success" />
    </UnitTest>
    <UnitTest name="SetUnsecureConnectionAllowedForUser_ShouldDoNothing_WhenUserExistsAndHaveCorrectValue" storage="d:\actions-runner\_work\xpco\xpco\allsolutions\..\common\sc_commonfiles\zsc_commonfiles_unittest\bin\debug\net6.0-windows\zsc_commonfiles_unittest.dll" id="b7e36637-289c-8e0e-9091-6aff9c16739a">
      <Execution id="53cc8ae8-2c11-428c-90be-f023eb6e2440" />
      <TestMethod codeBase="D:\actions-runner\_work\XPCO\XPCO\AllSolutions\..\Common\SC_CommonFiles\zSC_CommonFiles_UnitTest\bin\Debug\net6.0-windows\zSC_CommonFiles_UnitTest.dll" adapterTypeName="executor://mstestadapter/v2" className="zSC_CommonFiles_UnitTest.VideoOS.Common.Login.UIConnectionInfoTests" name="SetUnsecureConnectionAllowedForUser_ShouldDoNothing_WhenUserExistsAndHaveCorrectValue" />
    </UnitTest>
    <UnitTest name="MeasureCounters_UpdatesGPUInformationCorrectly" storage="d:\actions-runner\_work\xpco\xpco\allsolutions\..\common\sc_commonfiles\zsc_commonfiles_unittest\bin\debug\net6.0-windows\zsc_commonfiles_unittest.dll" id="e06e61ed-13a4-6147-16b5-ee8c50cfb777">
      <Execution id="5edf7b14-56b8-4302-9c25-49b8e56fdba6" />
      <TestMethod codeBase="D:\actions-runner\_work\XPCO\XPCO\AllSolutions\..\Common\SC_CommonFiles\zSC_CommonFiles_UnitTest\bin\Debug\net6.0-windows\zSC_CommonFiles_UnitTest.dll" adapterTypeName="executor://mstestadapter/v2" className="zSC_CommonFiles_UnitTest.VideoOS.UI.Common.WPF.ClientDataGathererTests" name="MeasureCounters_UpdatesGPUInformationCorrectly" />
    </UnitTest>
    <UnitTest name="ArrangeOverride_3child_EnoughSpace_NotShrunk" storage="d:\actions-runner\_work\xpco\xpco\allsolutions\..\common\sc_commonfiles\zsc_commonfiles_unittest\bin\debug\net6.0-windows\zsc_commonfiles_unittest.dll" id="22b2ca51-378e-71cd-e0e0-67e36d20ff15">
      <TestCategory>
        <TestCategoryItem TestCategory="Controls" />
      </TestCategory>
      <Execution id="218f1afe-0c2d-4ee1-b91e-7d50ad83de7f" />
      <TestMethod codeBase="D:\actions-runner\_work\XPCO\XPCO\AllSolutions\..\Common\SC_CommonFiles\zSC_CommonFiles_UnitTest\bin\Debug\net6.0-windows\zSC_CommonFiles_UnitTest.dll" adapterTypeName="executor://mstestadapter/v2" className="VideoOS.UI.Common.WPF.Controls.HorizontalPanelTests" name="ArrangeOverride_3child_EnoughSpace_NotShrunk" />
    </UnitTest>
    <UnitTest name="Convert_NoAutomationIdAndNoFallback_ReturnsUnsetValue" storage="d:\actions-runner\_work\xpco\xpco\allsolutions\..\common\sc_commonfiles\zsc_commonfiles_unittest\bin\debug\net6.0-windows\zsc_commonfiles_unittest.dll" id="b5545286-2d51-273f-e678-5706630cef56">
      <TestCategory>
        <TestCategoryItem TestCategory="Converters" />
      </TestCategory>
      <Execution id="1a7ccadd-c697-459f-8964-ba1aa710661c" />
      <TestMethod codeBase="D:\actions-runner\_work\XPCO\XPCO\AllSolutions\..\Common\SC_CommonFiles\zSC_CommonFiles_UnitTest\bin\Debug\net6.0-windows\zSC_CommonFiles_UnitTest.dll" adapterTypeName="executor://mstestadapter/v2" className="VideoOS.UI.Common.WPF.Utils.Converters.AutomationIdConverterTests" name="Convert_NoAutomationIdAndNoFallback_ReturnsUnsetValue" />
    </UnitTest>
    <UnitTest name="SelectManyOrdered_With_Key_Selector" storage="d:\actions-runner\_work\xpco\xpco\allsolutions\..\common\sc_commonfiles\zsc_commonfiles_unittest\bin\debug\net6.0-windows\zsc_commonfiles_unittest.dll" id="c93e1fde-ba93-9054-d493-30af75ea0b03">
      <Execution id="b7259f99-5c5c-4ed1-9116-673ac137367e" />
      <TestMethod codeBase="D:\actions-runner\_work\XPCO\XPCO\AllSolutions\..\Common\SC_CommonFiles\zSC_CommonFiles_UnitTest\bin\Debug\net6.0-windows\zSC_CommonFiles_UnitTest.dll" adapterTypeName="executor://mstestadapter/v2" className="zSC_CommonFiles_UnitTest.VideoOS.UI.Common.WPF.Utils.ExtensionMethods.IEnumerableExtensionTests" name="SelectManyOrdered_With_Key_Selector" />
    </UnitTest>
    <UnitTest name="SequenceEquals_EqualCollectionsOrderedDifferently_IgnoreOrder_SymmetricalTrueResult" storage="d:\actions-runner\_work\xpco\xpco\allsolutions\..\common\sc_commonfiles\zsc_commonfiles_unittest\bin\debug\net6.0-windows\zsc_commonfiles_unittest.dll" id="b6fd8020-db5d-f64a-77cc-9352b31e97f8">
      <Execution id="19749693-05f9-4488-9a5f-d6846683bb5a" />
      <TestMethod codeBase="D:\actions-runner\_work\XPCO\XPCO\AllSolutions\..\Common\SC_CommonFiles\zSC_CommonFiles_UnitTest\bin\Debug\net6.0-windows\zSC_CommonFiles_UnitTest.dll" adapterTypeName="executor://mstestadapter/v2" className="zSC_CommonFiles_UnitTest.VideoOS.UI.Common.WPF.Utils.ObservableCollectionExtensionTest" name="SequenceEquals_EqualCollectionsOrderedDifferently_IgnoreOrder_SymmetricalTrueResult" />
    </UnitTest>
    <UnitTest name="RemoveToast_Success" storage="d:\actions-runner\_work\xpco\xpco\allsolutions\..\common\sc_commonfiles\zsc_commonfiles_unittest\bin\debug\net6.0-windows\zsc_commonfiles_unittest.dll" id="9bb26b43-c785-7f17-8df6-312acd18b6b3">
      <TestCategory>
        <TestCategoryItem TestCategory="Toasts" />
      </TestCategory>
      <Execution id="a7994d08-2533-4072-8150-5a8e1a2f486c" />
      <TestMethod codeBase="D:\actions-runner\_work\XPCO\XPCO\AllSolutions\..\Common\SC_CommonFiles\zSC_CommonFiles_UnitTest\bin\Debug\net6.0-windows\zSC_CommonFiles_UnitTest.dll" adapterTypeName="executor://mstestadapter/v2" className="zSC_CommonFiles_UnitTest.VideoOS.UI.Common.WPF.Toast.ToastsViewModelTests" name="RemoveToast_Success" />
    </UnitTest>
    <UnitTest name="MouseDrag_RangeMinSetToMinValue_EditBoxIsWithinControlBoundaries" storage="d:\actions-runner\_work\xpco\xpco\allsolutions\..\common\sc_commonfiles\zsc_commonfiles_unittest\bin\debug\net6.0-windows\zsc_commonfiles_unittest.dll" id="adb4be23-162a-8b95-3e02-bd423cdb5788">
      <TestCategory>
        <TestCategoryItem TestCategory="RangeSelector" />
      </TestCategory>
      <Execution id="4d9d6763-f89f-4862-a5f6-720c34028807" />
      <TestMethod codeBase="D:\actions-runner\_work\XPCO\XPCO\AllSolutions\..\Common\SC_CommonFiles\zSC_CommonFiles_UnitTest\bin\Debug\net6.0-windows\zSC_CommonFiles_UnitTest.dll" adapterTypeName="executor://mstestadapter/v2" className="VideoOS.UI.Common.WPF.RangeSelector.RangeSelectorTest" name="MouseDrag_RangeMinSetToMinValue_EditBoxIsWithinControlBoundaries" />
    </UnitTest>
    <UnitTest name="SingleCameraMustSetDisplayNameDeletedCameraTextIfItDoesNotExist" storage="d:\actions-runner\_work\xpco\xpco\allsolutions\..\common\sc_commonfiles\zsc_commonfiles_unittest\bin\debug\net6.0-windows\zsc_commonfiles_unittest.dll" id="2b14ff95-cabe-8a3e-8e5c-8673fcb142c5">
      <Execution id="c4fe6af1-e073-467b-be49-fd1f652028f0" />
      <TestMethod codeBase="D:\actions-runner\_work\XPCO\XPCO\AllSolutions\..\Common\SC_CommonFiles\zSC_CommonFiles_UnitTest\bin\Debug\net6.0-windows\zSC_CommonFiles_UnitTest.dll" adapterTypeName="executor://mstestadapter/v2" className="zSC_CommonFiles_UnitTest.LocalizationTests" name="SingleCameraMustSetDisplayNameDeletedCameraTextIfItDoesNotExist" />
    </UnitTest>
    <UnitTest name="RoundToSecond_Nearest" storage="d:\actions-runner\_work\xpco\xpco\allsolutions\..\common\sc_commonfiles\zsc_commonfiles_unittest\bin\debug\net6.0-windows\zsc_commonfiles_unittest.dll" id="d7a4b603-8308-5acd-9a99-39b73afff367">
      <Execution id="29b3b5b8-efa1-4364-b7cb-b9b93342bc9a" />
      <TestMethod codeBase="D:\actions-runner\_work\XPCO\XPCO\AllSolutions\..\Common\SC_CommonFiles\zSC_CommonFiles_UnitTest\bin\Debug\net6.0-windows\zSC_CommonFiles_UnitTest.dll" adapterTypeName="executor://mstestadapter/v2" className="zSC_CommonFiles_UnitTest.VideoOS.UI.Common.WPF.Utils.ExtensionMethods.TimeSpanExtensionsTests" name="RoundToSecond_Nearest" />
    </UnitTest>
    <UnitTest name="SingleServerMustSetDisplayNameDeletedServerTextIfItDoesNotExist" storage="d:\actions-runner\_work\xpco\xpco\allsolutions\..\common\sc_commonfiles\zsc_commonfiles_unittest\bin\debug\net6.0-windows\zsc_commonfiles_unittest.dll" id="90cfc5f0-b7f9-31e3-d21a-be242b733ee9">
      <Execution id="2cf71139-5c56-4434-b1f8-ecbf3f7284f2" />
      <TestMethod codeBase="D:\actions-runner\_work\XPCO\XPCO\AllSolutions\..\Common\SC_CommonFiles\zSC_CommonFiles_UnitTest\bin\Debug\net6.0-windows\zSC_CommonFiles_UnitTest.dll" adapterTypeName="executor://mstestadapter/v2" className="zSC_CommonFiles_UnitTest.LocalizationTests" name="SingleServerMustSetDisplayNameDeletedServerTextIfItDoesNotExist" />
    </UnitTest>
    <UnitTest name="OnPreviewKeyDown_RightCtrl_Click_Select_Success" storage="d:\actions-runner\_work\xpco\xpco\allsolutions\..\common\sc_commonfiles\zsc_commonfiles_unittest\bin\debug\net6.0-windows\zsc_commonfiles_unittest.dll" id="5bb482fa-8a48-3336-66c9-7ea3af463c94">
      <TestCategory>
        <TestCategoryItem TestCategory="SC_CommonFiles.WPF.TileLayout" />
      </TestCategory>
      <Execution id="c06f1cd5-65b3-48cb-abf5-f6d4b59f7eae" />
      <TestMethod codeBase="D:\actions-runner\_work\XPCO\XPCO\AllSolutions\..\Common\SC_CommonFiles\zSC_CommonFiles_UnitTest\bin\Debug\net6.0-windows\zSC_CommonFiles_UnitTest.dll" adapterTypeName="executor://mstestadapter/v2" className="zSC_CommonFiles_UnitTest.VideoOS.UI.Common.WPF.TileLayout.TileLayoutTest" name="OnPreviewKeyDown_RightCtrl_Click_Select_Success" />
    </UnitTest>
    <UnitTest name="Convert_SingleValueConverter_NotANumber_Throws" storage="d:\actions-runner\_work\xpco\xpco\allsolutions\..\common\sc_commonfiles\zsc_commonfiles_unittest\bin\debug\net6.0-windows\zsc_commonfiles_unittest.dll" id="1bd901f8-3f7d-e4b9-9350-b8e0d21cecdd">
      <Execution id="0e77e740-bb77-40eb-935e-a2a304952f17" />
      <TestMethod codeBase="D:\actions-runner\_work\XPCO\XPCO\AllSolutions\..\Common\SC_CommonFiles\zSC_CommonFiles_UnitTest\bin\Debug\net6.0-windows\zSC_CommonFiles_UnitTest.dll" adapterTypeName="executor://mstestadapter/v2" className="zSC_CommonFiles_UnitTest.VideoOS.UI.Common.WPF.Utils.Converters.MaxWidthConverterTests" name="Convert_SingleValueConverter_NotANumber_Throws" />
    </UnitTest>
    <UnitTest name="SequenceEqualIgnoreOrder_OneCollectionWithDuplicateElementOrderedDifferently_IgnoreOrder_SymmetricalFalseResult" storage="d:\actions-runner\_work\xpco\xpco\allsolutions\..\common\sc_commonfiles\zsc_commonfiles_unittest\bin\debug\net6.0-windows\zsc_commonfiles_unittest.dll" id="2bf7024d-c9a8-0f52-01c6-a02fd7b7c6c8">
      <Execution id="68d01ceb-dac3-4157-b9dd-000c68147a54" />
      <TestMethod codeBase="D:\actions-runner\_work\XPCO\XPCO\AllSolutions\..\Common\SC_CommonFiles\zSC_CommonFiles_UnitTest\bin\Debug\net6.0-windows\zSC_CommonFiles_UnitTest.dll" adapterTypeName="executor://mstestadapter/v2" className="zSC_CommonFiles_UnitTest.VideoOS.UI.Common.WPF.Utils.ExtensionMethods.IEnumerableExtensionTests" name="SequenceEqualIgnoreOrder_OneCollectionWithDuplicateElementOrderedDifferently_IgnoreOrder_SymmetricalFalseResult" />
    </UnitTest>
    <UnitTest name="SmartSearchFilterValue_Deserialize_Success" storage="d:\actions-runner\_work\xpco\xpco\allsolutions\..\common\sc_commonfiles\zsc_commonfiles_unittest\bin\debug\net6.0-windows\zsc_commonfiles_unittest.dll" id="ac417528-a5fc-0267-1e71-119d845e1bc0">
      <TestCategory>
        <TestCategoryItem TestCategory="Search.FilterValues" />
      </TestCategory>
      <Execution id="b0d5567d-388a-4fa6-9947-83ac31a836ef" />
      <TestMethod codeBase="D:\actions-runner\_work\XPCO\XPCO\AllSolutions\..\Common\SC_CommonFiles\zSC_CommonFiles_UnitTest\bin\Debug\net6.0-windows\zSC_CommonFiles_UnitTest.dll" adapterTypeName="executor://mstestadapter/v2" className="zSC_CommonFiles_UnitTest.VideoOS.UI.Common.Data.SmartSearch.SmartSearchFilterValueTests" name="SmartSearchFilterValue_Deserialize_Success" />
    </UnitTest>
    <UnitTest name="ExpirationTimerOnTick_ToastNotExpired_Success" storage="d:\actions-runner\_work\xpco\xpco\allsolutions\..\common\sc_commonfiles\zsc_commonfiles_unittest\bin\debug\net6.0-windows\zsc_commonfiles_unittest.dll" id="dfdaa8e6-900c-926b-6ac3-82e2d0119e60">
      <TestCategory>
        <TestCategoryItem TestCategory="Toasts" />
      </TestCategory>
      <Execution id="d386bbaf-4b1e-4b7b-9b36-d3c01b25e249" />
      <TestMethod codeBase="D:\actions-runner\_work\XPCO\XPCO\AllSolutions\..\Common\SC_CommonFiles\zSC_CommonFiles_UnitTest\bin\Debug\net6.0-windows\zSC_CommonFiles_UnitTest.dll" adapterTypeName="executor://mstestadapter/v2" className="zSC_CommonFiles_UnitTest.VideoOS.UI.Common.WPF.Toast.ToastBaseTests" name="ExpirationTimerOnTick_ToastNotExpired_Success" />
    </UnitTest>
    <UnitTest name="Convert_DefaultMultiplierAndOffset_ReturnsProvidedValue" storage="d:\actions-runner\_work\xpco\xpco\allsolutions\..\common\sc_commonfiles\zsc_commonfiles_unittest\bin\debug\net6.0-windows\zsc_commonfiles_unittest.dll" id="09c48a42-9cc6-7c96-0386-069c96816ff0">
      <TestCategory>
        <TestCategoryItem TestCategory="Converters" />
      </TestCategory>
      <Execution id="3fc55df5-f522-4d5d-ba64-7f6565a2ff96" />
      <TestMethod codeBase="D:\actions-runner\_work\XPCO\XPCO\AllSolutions\..\Common\SC_CommonFiles\zSC_CommonFiles_UnitTest\bin\Debug\net6.0-windows\zSC_CommonFiles_UnitTest.dll" adapterTypeName="executor://mstestadapter/v2" className="VideoOS.UI.Common.WPF.Utils.Converters.OffsetConverterTests" name="Convert_DefaultMultiplierAndOffset_ReturnsProvidedValue" />
    </UnitTest>
    <UnitTest name="OnPreviewKeyDown_RightCtrl_A_UnselectAll_Success" storage="d:\actions-runner\_work\xpco\xpco\allsolutions\..\common\sc_commonfiles\zsc_commonfiles_unittest\bin\debug\net6.0-windows\zsc_commonfiles_unittest.dll" id="76a3a4c2-b730-8445-7c90-0d70d705d3b2">
      <TestCategory>
        <TestCategoryItem TestCategory="SC_CommonFiles.WPF.TileLayout" />
      </TestCategory>
      <Execution id="738a50c9-1aa8-4e16-8868-cb654a450221" />
      <TestMethod codeBase="D:\actions-runner\_work\XPCO\XPCO\AllSolutions\..\Common\SC_CommonFiles\zSC_CommonFiles_UnitTest\bin\Debug\net6.0-windows\zSC_CommonFiles_UnitTest.dll" adapterTypeName="executor://mstestadapter/v2" className="zSC_CommonFiles_UnitTest.VideoOS.UI.Common.WPF.TileLayout.TileLayoutTest" name="OnPreviewKeyDown_RightCtrl_A_UnselectAll_Success" />
    </UnitTest>
    <UnitTest name="Convert_WithMultiplierAndOffset_Success" storage="d:\actions-runner\_work\xpco\xpco\allsolutions\..\common\sc_commonfiles\zsc_commonfiles_unittest\bin\debug\net6.0-windows\zsc_commonfiles_unittest.dll" id="7bd27d81-06b7-0043-ca3b-42b8a3ad840b">
      <TestCategory>
        <TestCategoryItem TestCategory="Converters" />
      </TestCategory>
      <Execution id="3ccdaa0f-09c3-4cd5-9985-e804fdd601a9" />
      <TestMethod codeBase="D:\actions-runner\_work\XPCO\XPCO\AllSolutions\..\Common\SC_CommonFiles\zSC_CommonFiles_UnitTest\bin\Debug\net6.0-windows\zSC_CommonFiles_UnitTest.dll" adapterTypeName="executor://mstestadapter/v2" className="VideoOS.UI.Common.WPF.Utils.Converters.OffsetConverterTests" name="Convert_WithMultiplierAndOffset_Success" />
    </UnitTest>
    <UnitTest name="AuthenticationSimple_SetEnabled_Throws_InvalidOperationException" storage="d:\actions-runner\_work\xpco\xpco\allsolutions\..\common\sc_commonfiles\zsc_commonfiles_unittest\bin\debug\net6.0-windows\zsc_commonfiles_unittest.dll" id="18f2ab8d-6696-bf3f-7e10-34e8c36dc629">
      <TestCategory>
        <TestCategoryItem TestCategory="AuthenticationInfoTests" />
      </TestCategory>
      <Execution id="0f15692f-40a1-4c93-bc4f-50982e979f30" />
      <TestMethod codeBase="D:\actions-runner\_work\XPCO\XPCO\AllSolutions\..\Common\SC_CommonFiles\zSC_CommonFiles_UnitTest\bin\Debug\net6.0-windows\zSC_CommonFiles_UnitTest.dll" adapterTypeName="executor://mstestadapter/v2" className="zSC_CommonFiles_UnitTest.VideoOS.Common.Login.AuthenticationInfoTests" name="AuthenticationSimple_SetEnabled_Throws_InvalidOperationException" />
    </UnitTest>
    <UnitTest name="MeasureOverride_NoChildEnoughSpace_NotShrunk" storage="d:\actions-runner\_work\xpco\xpco\allsolutions\..\common\sc_commonfiles\zsc_commonfiles_unittest\bin\debug\net6.0-windows\zsc_commonfiles_unittest.dll" id="f9581051-4325-f7fc-7cc2-b7b62afe7956">
      <TestCategory>
        <TestCategoryItem TestCategory="Controls" />
      </TestCategory>
      <Execution id="58349980-3d26-4c11-922b-d4e699846b74" />
      <TestMethod codeBase="D:\actions-runner\_work\XPCO\XPCO\AllSolutions\..\Common\SC_CommonFiles\zSC_CommonFiles_UnitTest\bin\Debug\net6.0-windows\zSC_CommonFiles_UnitTest.dll" adapterTypeName="executor://mstestadapter/v2" className="VideoOS.UI.Common.WPF.Controls.HorizontalPanelTests" name="MeasureOverride_NoChildEnoughSpace_NotShrunk" />
    </UnitTest>
    <UnitTest name="Ctor_NegativeMaxIdleTimeBeforeCleanup_Throws" storage="d:\actions-runner\_work\xpco\xpco\allsolutions\..\common\sc_commonfiles\zsc_commonfiles_unittest\bin\debug\net6.0-windows\zsc_commonfiles_unittest.dll" id="f5caa479-ad8a-fc77-0f9d-b10ee7e2accc">
      <Execution id="8c576f6a-e4ff-4eca-855a-1211aa8fdaff" />
      <TestMethod codeBase="D:\actions-runner\_work\XPCO\XPCO\AllSolutions\..\Common\SC_CommonFiles\zSC_CommonFiles_UnitTest\bin\Debug\net6.0-windows\zSC_CommonFiles_UnitTest.dll" adapterTypeName="executor://mstestadapter/v2" className="VideoOS.UI.Common.WPF.Utils.RecyclingFactory.RecyclingFactoryTests" name="Ctor_NegativeMaxIdleTimeBeforeCleanup_Throws" />
    </UnitTest>
    <UnitTest name="RemoveFrameworkElementsOverlay_WithKnownId_ShouldRemoveCorrectItem" storage="d:\actions-runner\_work\xpco\xpco\allsolutions\..\common\sc_commonfiles\zsc_commonfiles_unittest\bin\debug\net6.0-windows\zsc_commonfiles_unittest.dll" id="3d591622-7a9a-3607-596b-40dbc7119e9a">
      <Execution id="f48c6ce8-8dd6-431a-9ed8-d58339af40c7" />
      <TestMethod codeBase="D:\actions-runner\_work\XPCO\XPCO\AllSolutions\..\Common\SC_CommonFiles\zSC_CommonFiles_UnitTest\bin\Debug\net6.0-windows\zSC_CommonFiles_UnitTest.dll" adapterTypeName="executor://mstestadapter/v2" className="zSC_CommonFiles_UnitTest.VideoOS.UI.Common.WPF.VideoPlayer.Model.FrameworkElementsOverlayModelTests" name="RemoveFrameworkElementsOverlay_WithKnownId_ShouldRemoveCorrectItem" />
    </UnitTest>
    <UnitTest name="RoundToSecond_RoundUp" storage="d:\actions-runner\_work\xpco\xpco\allsolutions\..\common\sc_commonfiles\zsc_commonfiles_unittest\bin\debug\net6.0-windows\zsc_commonfiles_unittest.dll" id="bd6f3f69-8756-1ecb-680e-dc8bdb5e7007">
      <Execution id="150815da-b412-4186-9de9-9d0d81a98069" />
      <TestMethod codeBase="D:\actions-runner\_work\XPCO\XPCO\AllSolutions\..\Common\SC_CommonFiles\zSC_CommonFiles_UnitTest\bin\Debug\net6.0-windows\zSC_CommonFiles_UnitTest.dll" adapterTypeName="executor://mstestadapter/v2" className="zSC_CommonFiles_UnitTest.VideoOS.UI.Common.WPF.Utils.ExtensionMethods.TimeSpanExtensionsTests" name="RoundToSecond_RoundUp" />
    </UnitTest>
    <UnitTest name="AllowUnsecureConnection_ShouldBeFalse_WhenAllowUnsecureIsNotSet" storage="d:\actions-runner\_work\xpco\xpco\allsolutions\..\common\sc_commonfiles\zsc_commonfiles_unittest\bin\debug\net6.0-windows\zsc_commonfiles_unittest.dll" id="febb8456-be0b-5098-be4c-94fbaa942835">
      <Execution id="23d505ec-6fc0-4f56-ab18-b15718c17bbc" />
      <TestMethod codeBase="D:\actions-runner\_work\XPCO\XPCO\AllSolutions\..\Common\SC_CommonFiles\zSC_CommonFiles_UnitTest\bin\Debug\net6.0-windows\zSC_CommonFiles_UnitTest.dll" adapterTypeName="executor://mstestadapter/v2" className="zSC_CommonFiles_UnitTest.VideoOS.Common.Login.UIConnectionInfoTests" name="AllowUnsecureConnection_ShouldBeFalse_WhenAllowUnsecureIsNotSet" />
    </UnitTest>
    <UnitTest name="ConvertToTileStates_ArgumentNull_NotThrown" storage="d:\actions-runner\_work\xpco\xpco\allsolutions\..\common\sc_commonfiles\zsc_commonfiles_unittest\bin\debug\net6.0-windows\zsc_commonfiles_unittest.dll" id="f4aace76-8b78-d9f9-5c7e-a830773b46bd">
      <Execution id="a3ff6b66-52a2-450f-bbb4-86248bbaa463" />
      <TestMethod codeBase="D:\actions-runner\_work\XPCO\XPCO\AllSolutions\..\Common\SC_CommonFiles\zSC_CommonFiles_UnitTest\bin\Debug\net6.0-windows\zSC_CommonFiles_UnitTest.dll" adapterTypeName="executor://mstestadapter/v2" className="zSC_CommonFiles_UnitTest.VideoOS.Common.State.StateManagerTests" name="ConvertToTileStates_ArgumentNull_NotThrown" />
    </UnitTest>
    <UnitTest name="GetRoundRectangle_Success" storage="d:\actions-runner\_work\xpco\xpco\allsolutions\..\common\sc_commonfiles\zsc_commonfiles_unittest\bin\debug\net6.0-windows\zsc_commonfiles_unittest.dll" id="8c18207a-4a3c-8ee5-7129-6f35cbcaea2a">
      <TestCategory>
        <TestCategoryItem TestCategory="SC_CommonFiles.WPF.TileLayout" />
      </TestCategory>
      <Execution id="62c45fcf-855c-466a-80fc-fe122e50f44e" />
      <TestMethod codeBase="D:\actions-runner\_work\XPCO\XPCO\AllSolutions\..\Common\SC_CommonFiles\zSC_CommonFiles_UnitTest\bin\Debug\net6.0-windows\zSC_CommonFiles_UnitTest.dll" adapterTypeName="executor://mstestadapter/v2" className="zSC_CommonFiles_UnitTest.VideoOS.UI.Common.WPF.TileLayout.ItemHolderHelperTest" name="GetRoundRectangle_Success" />
    </UnitTest>
    <UnitTest name="SerializedSlides_ShouldCorrectlySerializeAndDeserialize" storage="d:\actions-runner\_work\xpco\xpco\allsolutions\..\common\sc_commonfiles\zsc_commonfiles_unittest\bin\debug\net6.0-windows\zsc_commonfiles_unittest.dll" id="18e7f5ad-6f64-9e86-3f8d-3ffdc05df7e8">
      <Execution id="8a1f754a-b8b7-46d4-b163-4b2a9e8b9863" />
      <TestMethod codeBase="D:\actions-runner\_work\XPCO\XPCO\AllSolutions\..\Common\SC_CommonFiles\zSC_CommonFiles_UnitTest\bin\Debug\net6.0-windows\zSC_CommonFiles_UnitTest.dll" adapterTypeName="executor://mstestadapter/v2" className="zSC_CommonFiles_UnitTest.VideoOS.UI.Common.WPF.VideoText.VideoTextWindowViewModelTests" name="SerializedSlides_ShouldCorrectlySerializeAndDeserialize" />
    </UnitTest>
    <UnitTest name="GetImageSource_Missing24px_Returns32pxImage" storage="d:\actions-runner\_work\xpco\xpco\allsolutions\..\common\sc_commonfiles\zsc_commonfiles_unittest\bin\debug\net6.0-windows\zsc_commonfiles_unittest.dll" id="856c051c-051a-4b4c-bec5-8f02fddd04ae">
      <TestCategory>
        <TestCategoryItem TestCategory="SC_CommonFiles.WPF" />
      </TestCategory>
      <Execution id="2519a944-4659-4f07-a5b1-a018baacc044" />
      <TestMethod codeBase="D:\actions-runner\_work\XPCO\XPCO\AllSolutions\..\Common\SC_CommonFiles\zSC_CommonFiles_UnitTest\bin\Debug\net6.0-windows\zSC_CommonFiles_UnitTest.dll" adapterTypeName="executor://mstestadapter/v2" className="zSC_CommonFiles_UnitTest.VideoOS.UI.Common.WPF.Utils.ExtensionMethods.IconExtensionsTests" name="GetImageSource_Missing24px_Returns32pxImage" />
    </UnitTest>
    <UnitTest name="GetStates_NoSessionStarted_NewSession" storage="d:\actions-runner\_work\xpco\xpco\allsolutions\..\common\sc_commonfiles\zsc_commonfiles_unittest\bin\debug\net6.0-windows\zsc_commonfiles_unittest.dll" id="d326e466-8fe4-d29b-9b6b-a9886d65bce4">
      <Execution id="c036485a-7e81-42dc-8975-0626025e1e06" />
      <TestMethod codeBase="D:\actions-runner\_work\XPCO\XPCO\AllSolutions\..\Common\SC_CommonFiles\zSC_CommonFiles_UnitTest\bin\Debug\net6.0-windows\zSC_CommonFiles_UnitTest.dll" adapterTypeName="executor://mstestadapter/v2" className="zSC_CommonFiles_UnitTest.VideoOS.Common.State.StateManagerTests" name="GetStates_NoSessionStarted_NewSession" />
    </UnitTest>
    <UnitTest name="FindOptimalTilingCalculatesEqualNumberOfRowsAndColumnsIfRatioIsOne" storage="d:\actions-runner\_work\xpco\xpco\allsolutions\..\common\sc_commonfiles\zsc_commonfiles_unittest\bin\debug\net6.0-windows\zsc_commonfiles_unittest.dll" id="8d2e4a94-ff96-e137-7aa1-856c2b177202">
      <Execution id="063bc1ee-96a0-4c05-983d-7f1fcdc69465" />
      <TestMethod codeBase="D:\actions-runner\_work\XPCO\XPCO\AllSolutions\..\Common\SC_CommonFiles\zSC_CommonFiles_UnitTest\bin\Debug\net6.0-windows\zSC_CommonFiles_UnitTest.dll" adapterTypeName="executor://mstestadapter/v2" className="zSC_CommonFiles_UnitTest.DashboardTilesTests" name="FindOptimalTilingCalculatesEqualNumberOfRowsAndColumnsIfRatioIsOne" />
    </UnitTest>
    <UnitTest name="RoundToMillisecond_Down" storage="d:\actions-runner\_work\xpco\xpco\allsolutions\..\common\sc_commonfiles\zsc_commonfiles_unittest\bin\debug\net6.0-windows\zsc_commonfiles_unittest.dll" id="9e746348-f3a7-2f41-9d29-e3b583264792">
      <Execution id="9c8bd001-867b-4615-91be-37bfe179042a" />
      <TestMethod codeBase="D:\actions-runner\_work\XPCO\XPCO\AllSolutions\..\Common\SC_CommonFiles\zSC_CommonFiles_UnitTest\bin\Debug\net6.0-windows\zSC_CommonFiles_UnitTest.dll" adapterTypeName="executor://mstestadapter/v2" className="zSC_CommonFiles_UnitTest.VideoOS.UI.Common.WPF.Utils.ExtensionMethods.DateTimeExtensionsTests" name="RoundToMillisecond_Down" />
    </UnitTest>
    <UnitTest name="DispatcherCreateTest" storage="d:\actions-runner\_work\xpco\xpco\allsolutions\..\common\sc_commonfiles\zsc_commonfiles_unittest\bin\debug\net6.0-windows\zsc_commonfiles_unittest.dll" id="d78750b2-ef6e-b941-b3e8-5db7115013c1">
      <Execution id="66a9af41-a087-4247-8b99-d41089a5bcb9" />
      <TestMethod codeBase="D:\actions-runner\_work\XPCO\XPCO\AllSolutions\..\Common\SC_CommonFiles\zSC_CommonFiles_UnitTest\bin\Debug\net6.0-windows\zSC_CommonFiles_UnitTest.dll" adapterTypeName="executor://mstestadapter/v2" className="SmartClient_UnitTest.VideoOS.UI.Common.WPF.Utils.Threading.DispatcherExtensionsTest" name="DispatcherCreateTest" />
    </UnitTest>
    <UnitTest name="SpinlockHandlerTest" storage="d:\actions-runner\_work\xpco\xpco\allsolutions\..\common\sc_commonfiles\zsc_commonfiles_unittest\bin\debug\net6.0-windows\zsc_commonfiles_unittest.dll" id="6b82ab31-6a38-fe74-50c1-7d145afb1011">
      <Execution id="f985b519-1980-421c-847d-b2dd3c037a0f" />
      <TestMethod codeBase="D:\actions-runner\_work\XPCO\XPCO\AllSolutions\..\Common\SC_CommonFiles\zSC_CommonFiles_UnitTest\bin\Debug\net6.0-windows\zSC_CommonFiles_UnitTest.dll" adapterTypeName="executor://mstestadapter/v2" className="SmartClient_UnitTest.VideoOS.UI.Common.WPF.Utils.Threading.SpinLockHandlerTest" name="SpinlockHandlerTest" />
    </UnitTest>
    <UnitTest name="AuthenticationSimple_SetProperties_Success" storage="d:\actions-runner\_work\xpco\xpco\allsolutions\..\common\sc_commonfiles\zsc_commonfiles_unittest\bin\debug\net6.0-windows\zsc_commonfiles_unittest.dll" id="7b296182-9791-5bb6-d0bc-cac1175b5b79">
      <TestCategory>
        <TestCategoryItem TestCategory="AuthenticationInfoTests" />
      </TestCategory>
      <Execution id="c2de517b-f9c9-4ffd-b1e2-75db1667ba61" />
      <TestMethod codeBase="D:\actions-runner\_work\XPCO\XPCO\AllSolutions\..\Common\SC_CommonFiles\zSC_CommonFiles_UnitTest\bin\Debug\net6.0-windows\zSC_CommonFiles_UnitTest.dll" adapterTypeName="executor://mstestadapter/v2" className="zSC_CommonFiles_UnitTest.VideoOS.Common.Login.AuthenticationInfoTests" name="AuthenticationSimple_SetProperties_Success" />
    </UnitTest>
    <UnitTest name="ShowDialogScaledHorizontalCenter_EnsureWithinScreen_100Percent_Scaling" storage="d:\actions-runner\_work\xpco\xpco\allsolutions\..\common\sc_commonfiles\zsc_commonfiles_unittest\bin\debug\net6.0-windows\zsc_commonfiles_unittest.dll" id="0cb85e0d-e620-5ffd-3a6f-c0a03dbcffb6">
      <Execution id="22a7cb24-9a94-4160-af97-d72b99619024" />
      <TestMethod codeBase="D:\actions-runner\_work\XPCO\XPCO\AllSolutions\..\Common\SC_CommonFiles\zSC_CommonFiles_UnitTest\bin\Debug\net6.0-windows\zSC_CommonFiles_UnitTest.dll" adapterTypeName="executor://mstestadapter/v2" className="zSC_CommonFiles_UnitTest.VideoOS.UI.Common.WPF.Utils.ExtensionMethods.WindowExtensionsTests" name="ShowDialogScaledHorizontalCenter_EnsureWithinScreen_100Percent_Scaling" />
    </UnitTest>
    <UnitTest name="ChangeMaxValue_LessThanMinValue_RangeAndMinValueUpdated" storage="d:\actions-runner\_work\xpco\xpco\allsolutions\..\common\sc_commonfiles\zsc_commonfiles_unittest\bin\debug\net6.0-windows\zsc_commonfiles_unittest.dll" id="b62c4f1d-0c70-3ca6-698f-93042754bfc6">
      <TestCategory>
        <TestCategoryItem TestCategory="RangeSelector" />
      </TestCategory>
      <Execution id="1ebbff2b-9d0e-438a-9b28-ea3e6c86b4da" />
      <TestMethod codeBase="D:\actions-runner\_work\XPCO\XPCO\AllSolutions\..\Common\SC_CommonFiles\zSC_CommonFiles_UnitTest\bin\Debug\net6.0-windows\zSC_CommonFiles_UnitTest.dll" adapterTypeName="executor://mstestadapter/v2" className="VideoOS.UI.Common.WPF.RangeSelector.RangeSelectorTest" name="ChangeMaxValue_LessThanMinValue_RangeAndMinValueUpdated" />
    </UnitTest>
    <UnitTest name="AuthenticationWindows_SetEnabled_Throws_InvalidOperationException" storage="d:\actions-runner\_work\xpco\xpco\allsolutions\..\common\sc_commonfiles\zsc_commonfiles_unittest\bin\debug\net6.0-windows\zsc_commonfiles_unittest.dll" id="4c2c17d3-0b22-1bad-fc18-dfc6e618f39b">
      <TestCategory>
        <TestCategoryItem TestCategory="AuthenticationInfoTests" />
      </TestCategory>
      <Execution id="707d2d85-1790-408d-931f-6e4c023c9db7" />
      <TestMethod codeBase="D:\actions-runner\_work\XPCO\XPCO\AllSolutions\..\Common\SC_CommonFiles\zSC_CommonFiles_UnitTest\bin\Debug\net6.0-windows\zSC_CommonFiles_UnitTest.dll" adapterTypeName="executor://mstestadapter/v2" className="zSC_CommonFiles_UnitTest.VideoOS.Common.Login.AuthenticationInfoTests" name="AuthenticationWindows_SetEnabled_Throws_InvalidOperationException" />
    </UnitTest>
    <UnitTest name="RoundToMinute_RoundDown" storage="d:\actions-runner\_work\xpco\xpco\allsolutions\..\common\sc_commonfiles\zsc_commonfiles_unittest\bin\debug\net6.0-windows\zsc_commonfiles_unittest.dll" id="91452546-d657-4c1c-6138-277aca7ba885">
      <Execution id="a8a42c08-d52a-49d8-81aa-fe70496be5a3" />
      <TestMethod codeBase="D:\actions-runner\_work\XPCO\XPCO\AllSolutions\..\Common\SC_CommonFiles\zSC_CommonFiles_UnitTest\bin\Debug\net6.0-windows\zSC_CommonFiles_UnitTest.dll" adapterTypeName="executor://mstestadapter/v2" className="zSC_CommonFiles_UnitTest.VideoOS.UI.Common.WPF.Utils.ExtensionMethods.TimeSpanExtensionsTests" name="RoundToMinute_RoundDown" />
    </UnitTest>
    <UnitTest name="AuthenticationSimple_SetName_Throws_InvalidOperationException" storage="d:\actions-runner\_work\xpco\xpco\allsolutions\..\common\sc_commonfiles\zsc_commonfiles_unittest\bin\debug\net6.0-windows\zsc_commonfiles_unittest.dll" id="bb23e984-379e-7e0e-1bce-dc1dbfcf6fc3">
      <TestCategory>
        <TestCategoryItem TestCategory="AuthenticationInfoTests" />
      </TestCategory>
      <Execution id="47c7c3de-20c7-4307-92ca-8546a3da07c9" />
      <TestMethod codeBase="D:\actions-runner\_work\XPCO\XPCO\AllSolutions\..\Common\SC_CommonFiles\zSC_CommonFiles_UnitTest\bin\Debug\net6.0-windows\zSC_CommonFiles_UnitTest.dll" adapterTypeName="executor://mstestadapter/v2" className="zSC_CommonFiles_UnitTest.VideoOS.Common.Login.AuthenticationInfoTests" name="AuthenticationSimple_SetName_Throws_InvalidOperationException" />
    </UnitTest>
    <UnitTest name="Constructor_OAuth_ArgumentNull_NotThrown" storage="d:\actions-runner\_work\xpco\xpco\allsolutions\..\common\sc_commonfiles\zsc_commonfiles_unittest\bin\debug\net6.0-windows\zsc_commonfiles_unittest.dll" id="d94fec79-4b64-232e-e01f-dd0b26b0effe">
      <Execution id="43f6c7b5-99b4-4d6a-a3ad-f49c311b7239" />
      <TestMethod codeBase="D:\actions-runner\_work\XPCO\XPCO\AllSolutions\..\Common\SC_CommonFiles\zSC_CommonFiles_UnitTest\bin\Debug\net6.0-windows\zSC_CommonFiles_UnitTest.dll" adapterTypeName="executor://mstestadapter/v2" className="zSC_CommonFiles_UnitTest.VideoOS.Common.State.StateHandlerTests" name="Constructor_OAuth_ArgumentNull_NotThrown" />
    </UnitTest>
    <UnitTest name="GetAllIntersectingTest" storage="d:\actions-runner\_work\xpco\xpco\allsolutions\..\common\sc_commonfiles\zsc_commonfiles_unittest\bin\debug\net6.0-windows\zsc_commonfiles_unittest.dll" id="dbce7785-0027-ceda-950a-0631c1c23a9b">
      <Execution id="aa902eaf-1c7d-452a-ac6b-d64645526adf" />
      <TestMethod codeBase="D:\actions-runner\_work\XPCO\XPCO\AllSolutions\..\Common\SC_CommonFiles\zSC_CommonFiles_UnitTest\bin\Debug\net6.0-windows\zSC_CommonFiles_UnitTest.dll" adapterTypeName="executor://mstestadapter/v2" className="SmartClient_UnitTest_VideoOS_UI_Common_WPF_Timeline.TimeIntervalC5ExtensionTest" name="GetAllIntersectingTest" />
    </UnitTest>
    <UnitTest name="Convert_ShouldReturnUnsetValue_WhenValueCannotBeParsedToAnIntegerValue" storage="d:\actions-runner\_work\xpco\xpco\allsolutions\..\common\sc_commonfiles\zsc_commonfiles_unittest\bin\debug\net6.0-windows\zsc_commonfiles_unittest.dll" id="4e8ec708-b63a-3736-0e4f-25924095128b">
      <Execution id="dfd2d8af-27a5-4c95-ac4a-6cbd6d3749c1" />
      <TestMethod codeBase="D:\actions-runner\_work\XPCO\XPCO\AllSolutions\..\Common\SC_CommonFiles\zSC_CommonFiles_UnitTest\bin\Debug\net6.0-windows\zSC_CommonFiles_UnitTest.dll" adapterTypeName="executor://mstestadapter/v2" className="zSC_CommonFiles_UnitTest.VideoOS.UI.Common.WPF.Utils.Converters.CountToStringConverterTests" name="Convert_ShouldReturnUnsetValue_WhenValueCannotBeParsedToAnIntegerValue" />
    </UnitTest>
    <UnitTest name="Constructor_OAuth_BaseServerAddress_ArgumentNull_Thrown" storage="d:\actions-runner\_work\xpco\xpco\allsolutions\..\common\sc_commonfiles\zsc_commonfiles_unittest\bin\debug\net6.0-windows\zsc_commonfiles_unittest.dll" id="c6b0eba2-ea22-d188-1409-7b75cdedc201">
      <Execution id="57a0e309-cbce-4125-801a-7f29f1a9010f" />
      <TestMethod codeBase="D:\actions-runner\_work\XPCO\XPCO\AllSolutions\..\Common\SC_CommonFiles\zSC_CommonFiles_UnitTest\bin\Debug\net6.0-windows\zSC_CommonFiles_UnitTest.dll" adapterTypeName="executor://mstestadapter/v2" className="zSC_CommonFiles_UnitTest.VideoOS.Common.State.StateHandlerTests" name="Constructor_OAuth_BaseServerAddress_ArgumentNull_Thrown" />
    </UnitTest>
    <UnitTest name="FormsControlScaledLocationAndSize_AnchorLeftAndTop_100Percent_Scaling" storage="d:\actions-runner\_work\xpco\xpco\allsolutions\..\common\sc_commonfiles\zsc_commonfiles_unittest\bin\debug\net6.0-windows\zsc_commonfiles_unittest.dll" id="c6a10fb2-e3f8-d6eb-e921-0173f07aa1b5">
      <Execution id="e3ffc915-16a1-4ab4-9f92-204e3d7e35ab" />
      <TestMethod codeBase="D:\actions-runner\_work\XPCO\XPCO\AllSolutions\..\Common\SC_CommonFiles\zSC_CommonFiles_UnitTest\bin\Debug\net6.0-windows\zSC_CommonFiles_UnitTest.dll" adapterTypeName="executor://mstestadapter/v2" className="zSC_CommonFiles_UnitTest.VideoOS.UI.Common.WPF.Utils.ExtensionMethods.WindowExtensionsTests" name="FormsControlScaledLocationAndSize_AnchorLeftAndTop_100Percent_Scaling" />
    </UnitTest>
    <UnitTest name="RemoveNonExistingToast_Success" storage="d:\actions-runner\_work\xpco\xpco\allsolutions\..\common\sc_commonfiles\zsc_commonfiles_unittest\bin\debug\net6.0-windows\zsc_commonfiles_unittest.dll" id="8222d29f-50ae-b106-6ccd-5b5874365d8b">
      <TestCategory>
        <TestCategoryItem TestCategory="Toasts" />
      </TestCategory>
      <Execution id="5f83fae5-3742-4ec1-abde-a10f855ce096" />
      <TestMethod codeBase="D:\actions-runner\_work\XPCO\XPCO\AllSolutions\..\Common\SC_CommonFiles\zSC_CommonFiles_UnitTest\bin\Debug\net6.0-windows\zSC_CommonFiles_UnitTest.dll" adapterTypeName="executor://mstestadapter/v2" className="zSC_CommonFiles_UnitTest.VideoOS.UI.Common.WPF.Toast.ToastsViewModelTests" name="RemoveNonExistingToast_Success" />
    </UnitTest>
    <UnitTest name="IsUnsecureConnectionAllowedForUser_ShouldReturnFalse_WhenUsernameDoesNotExist" storage="d:\actions-runner\_work\xpco\xpco\allsolutions\..\common\sc_commonfiles\zsc_commonfiles_unittest\bin\debug\net6.0-windows\zsc_commonfiles_unittest.dll" id="439fd027-b2f2-7d61-d60d-ad31877df020">
      <Execution id="ac1d77c2-8065-4ba7-ade4-8995760de91d" />
      <TestMethod codeBase="D:\actions-runner\_work\XPCO\XPCO\AllSolutions\..\Common\SC_CommonFiles\zSC_CommonFiles_UnitTest\bin\Debug\net6.0-windows\zSC_CommonFiles_UnitTest.dll" adapterTypeName="executor://mstestadapter/v2" className="zSC_CommonFiles_UnitTest.VideoOS.Common.Login.UIConnectionInfoTests" name="IsUnsecureConnectionAllowedForUser_ShouldReturnFalse_WhenUsernameDoesNotExist" />
    </UnitTest>
    <UnitTest name="MouseDown_OverRightRangeBar_RangeMinUpdated" storage="d:\actions-runner\_work\xpco\xpco\allsolutions\..\common\sc_commonfiles\zsc_commonfiles_unittest\bin\debug\net6.0-windows\zsc_commonfiles_unittest.dll" id="08c8c1c6-bdcb-21d2-0325-62806128a803">
      <TestCategory>
        <TestCategoryItem TestCategory="RangeSelector" />
      </TestCategory>
      <Execution id="aff06c56-9959-4ab8-9a78-0bf2766100a4" />
      <TestMethod codeBase="D:\actions-runner\_work\XPCO\XPCO\AllSolutions\..\Common\SC_CommonFiles\zSC_CommonFiles_UnitTest\bin\Debug\net6.0-windows\zSC_CommonFiles_UnitTest.dll" adapterTypeName="executor://mstestadapter/v2" className="VideoOS.UI.Common.WPF.RangeSelector.RangeSelectorTest" name="MouseDown_OverRightRangeBar_RangeMinUpdated" />
    </UnitTest>
    <UnitTest name="Constructor_ShouldCreateEmptyTree_WhenUnitsHaveNoParent" storage="d:\actions-runner\_work\xpco\xpco\allsolutions\..\common\sc_commonfiles\zsc_commonfiles_unittest\bin\debug\net6.0-windows\zsc_commonfiles_unittest.dll" id="223a2e32-2c68-23be-9c45-d825c6cf4171">
      <Execution id="9787fdad-ba18-4da1-8593-9605bd8efc56" />
      <TestMethod codeBase="D:\actions-runner\_work\XPCO\XPCO\AllSolutions\..\Common\SC_CommonFiles\zSC_CommonFiles_UnitTest\bin\Debug\net6.0-windows\zSC_CommonFiles_UnitTest.dll" adapterTypeName="executor://mstestadapter/v2" className="SmartClient_UnitTest_VideoOS_UI_Common_WPF_FilterTree.FilterTreeUserControlViewModelTest" name="Constructor_ShouldCreateEmptyTree_WhenUnitsHaveNoParent" />
    </UnitTest>
    <UnitTest name="DoComboTicksAllIfSelectedTileIsNull" storage="d:\actions-runner\_work\xpco\xpco\allsolutions\..\common\sc_commonfiles\zsc_commonfiles_unittest\bin\debug\net6.0-windows\zsc_commonfiles_unittest.dll" id="a6478b4f-f785-703a-7384-c2061869f444">
      <Execution id="e2bb70b4-9351-4ea2-9f6c-d531fd8bf982" />
      <TestMethod codeBase="D:\actions-runner\_work\XPCO\XPCO\AllSolutions\..\Common\SC_CommonFiles\zSC_CommonFiles_UnitTest\bin\Debug\net6.0-windows\zSC_CommonFiles_UnitTest.dll" adapterTypeName="executor://mstestadapter/v2" className="zSC_CommonFiles_UnitTest.DashboardTilesTests" name="DoComboTicksAllIfSelectedTileIsNull" />
    </UnitTest>
    <UnitTest name="SequenceEquals_NullCollection_IgnoreOrder_FalseResult" storage="d:\actions-runner\_work\xpco\xpco\allsolutions\..\common\sc_commonfiles\zsc_commonfiles_unittest\bin\debug\net6.0-windows\zsc_commonfiles_unittest.dll" id="eee8a259-a056-ce20-fd00-ef8675395c38">
      <Execution id="6cc336db-94bc-4fec-816f-496d397badf4" />
      <TestMethod codeBase="D:\actions-runner\_work\XPCO\XPCO\AllSolutions\..\Common\SC_CommonFiles\zSC_CommonFiles_UnitTest\bin\Debug\net6.0-windows\zSC_CommonFiles_UnitTest.dll" adapterTypeName="executor://mstestadapter/v2" className="zSC_CommonFiles_UnitTest.VideoOS.UI.Common.WPF.Utils.ObservableCollectionExtensionTest" name="SequenceEquals_NullCollection_IgnoreOrder_FalseResult" />
    </UnitTest>
    <UnitTest name="GetStates_NoSessionStarted_NoSession" storage="d:\actions-runner\_work\xpco\xpco\allsolutions\..\common\sc_commonfiles\zsc_commonfiles_unittest\bin\debug\net6.0-windows\zsc_commonfiles_unittest.dll" id="97ed5bad-2fed-e9d4-6d6f-bad924a904de">
      <Execution id="41479207-6a5d-49ac-8a8e-79bed2cb97e7" />
      <TestMethod codeBase="D:\actions-runner\_work\XPCO\XPCO\AllSolutions\..\Common\SC_CommonFiles\zSC_CommonFiles_UnitTest\bin\Debug\net6.0-windows\zSC_CommonFiles_UnitTest.dll" adapterTypeName="executor://mstestadapter/v2" className="zSC_CommonFiles_UnitTest.VideoOS.Common.State.ServerStateManagerTests" name="GetStates_NoSessionStarted_NoSession" />
    </UnitTest>
    <UnitTest name="SequenceEquals_UnequalCollections_RespectOrder_SymmetricalTrueResult" storage="d:\actions-runner\_work\xpco\xpco\allsolutions\..\common\sc_commonfiles\zsc_commonfiles_unittest\bin\debug\net6.0-windows\zsc_commonfiles_unittest.dll" id="5095d613-b74e-da81-c8c0-bc71c282beb3">
      <Execution id="deec336a-292f-49d9-868c-4f0fe5604892" />
      <TestMethod codeBase="D:\actions-runner\_work\XPCO\XPCO\AllSolutions\..\Common\SC_CommonFiles\zSC_CommonFiles_UnitTest\bin\Debug\net6.0-windows\zSC_CommonFiles_UnitTest.dll" adapterTypeName="executor://mstestadapter/v2" className="zSC_CommonFiles_UnitTest.VideoOS.UI.Common.WPF.Utils.ObservableCollectionExtensionTest" name="SequenceEquals_UnequalCollections_RespectOrder_SymmetricalTrueResult" />
    </UnitTest>
    <UnitTest name="OnPreviewKeyDown_LeftCtrl_Click_Select_Success" storage="d:\actions-runner\_work\xpco\xpco\allsolutions\..\common\sc_commonfiles\zsc_commonfiles_unittest\bin\debug\net6.0-windows\zsc_commonfiles_unittest.dll" id="fbddede5-5be9-fcfe-2d72-bc891322f303">
      <TestCategory>
        <TestCategoryItem TestCategory="SC_CommonFiles.WPF.TileLayout" />
      </TestCategory>
      <Execution id="19b40c60-f840-439b-bb56-15594004d1c0" />
      <TestMethod codeBase="D:\actions-runner\_work\XPCO\XPCO\AllSolutions\..\Common\SC_CommonFiles\zSC_CommonFiles_UnitTest\bin\Debug\net6.0-windows\zSC_CommonFiles_UnitTest.dll" adapterTypeName="executor://mstestadapter/v2" className="zSC_CommonFiles_UnitTest.VideoOS.UI.Common.WPF.TileLayout.TileLayoutTest" name="OnPreviewKeyDown_LeftCtrl_Click_Select_Success" />
    </UnitTest>
    <UnitTest name="RoundToMinute_Up" storage="d:\actions-runner\_work\xpco\xpco\allsolutions\..\common\sc_commonfiles\zsc_commonfiles_unittest\bin\debug\net6.0-windows\zsc_commonfiles_unittest.dll" id="b301c31a-5fce-b4b4-96b1-9d8598e593a2">
      <Execution id="e29f21a8-b033-41ec-a407-ab1df00d89e3" />
      <TestMethod codeBase="D:\actions-runner\_work\XPCO\XPCO\AllSolutions\..\Common\SC_CommonFiles\zSC_CommonFiles_UnitTest\bin\Debug\net6.0-windows\zSC_CommonFiles_UnitTest.dll" adapterTypeName="executor://mstestadapter/v2" className="zSC_CommonFiles_UnitTest.VideoOS.UI.Common.WPF.Utils.ExtensionMethods.DateTimeExtensionsTests" name="RoundToMinute_Up" />
    </UnitTest>
    <UnitTest name="OnPreviewKeyDown_Down_Success" storage="d:\actions-runner\_work\xpco\xpco\allsolutions\..\common\sc_commonfiles\zsc_commonfiles_unittest\bin\debug\net6.0-windows\zsc_commonfiles_unittest.dll" id="75ddff72-1da7-7256-0e4d-9208c0d7b717">
      <TestCategory>
        <TestCategoryItem TestCategory="SC_CommonFiles.WPF.TileLayout" />
      </TestCategory>
      <Execution id="b80d7064-1be6-4f6c-b867-287236a55640" />
      <TestMethod codeBase="D:\actions-runner\_work\XPCO\XPCO\AllSolutions\..\Common\SC_CommonFiles\zSC_CommonFiles_UnitTest\bin\Debug\net6.0-windows\zSC_CommonFiles_UnitTest.dll" adapterTypeName="executor://mstestadapter/v2" className="zSC_CommonFiles_UnitTest.VideoOS.UI.Common.WPF.TileLayout.TileLayoutTest" name="OnPreviewKeyDown_Down_Success" />
    </UnitTest>
    <UnitTest name="GetTimeSpanValueOrDefault_WrongKeyValue_DefaultValueReturned" storage="d:\actions-runner\_work\xpco\xpco\allsolutions\..\common\sc_commonfiles\zsc_commonfiles_unittest\bin\debug\net6.0-windows\zsc_commonfiles_unittest.dll" id="17d84dca-08db-1fc3-9f2e-4c3ca40d4597">
      <Execution id="63d2f44a-e333-4cef-8b71-07d884cb5733" />
      <TestMethod codeBase="D:\actions-runner\_work\XPCO\XPCO\AllSolutions\..\Common\SC_CommonFiles\zSC_CommonFiles_UnitTest\bin\Debug\net6.0-windows\zSC_CommonFiles_UnitTest.dll" adapterTypeName="executor://mstestadapter/v2" className="zSC_CommonFiles_UnitTest.VideoOS.Common.Configuration.NameValueCollectionExtensionsTest" name="GetTimeSpanValueOrDefault_WrongKeyValue_DefaultValueReturned" />
    </UnitTest>
    <UnitTest name="DoComboSelectionSetsComboTextToTypeNameIfSelectionIsNotInstance" storage="d:\actions-runner\_work\xpco\xpco\allsolutions\..\common\sc_commonfiles\zsc_commonfiles_unittest\bin\debug\net6.0-windows\zsc_commonfiles_unittest.dll" id="98ecfc2f-a242-ec20-0f52-a34da70ff901">
      <Execution id="9b3c3d9f-0f11-4288-a396-b18bd2199ea8" />
      <TestMethod codeBase="D:\actions-runner\_work\XPCO\XPCO\AllSolutions\..\Common\SC_CommonFiles\zSC_CommonFiles_UnitTest\bin\Debug\net6.0-windows\zSC_CommonFiles_UnitTest.dll" adapterTypeName="executor://mstestadapter/v2" className="zSC_CommonFiles_UnitTest.DashboardTilesTests" name="DoComboSelectionSetsComboTextToTypeNameIfSelectionIsNotInstance" />
    </UnitTest>
    <UnitTest name="SingleCameraMustReturnDisplayNameAsEntityName" storage="d:\actions-runner\_work\xpco\xpco\allsolutions\..\common\sc_commonfiles\zsc_commonfiles_unittest\bin\debug\net6.0-windows\zsc_commonfiles_unittest.dll" id="6cb4c9a0-0faa-e5bf-8132-58751189c459">
      <Execution id="4dc9e13b-5c94-4fcd-9068-ef0f3b0ad7b4" />
      <TestMethod codeBase="D:\actions-runner\_work\XPCO\XPCO\AllSolutions\..\Common\SC_CommonFiles\zSC_CommonFiles_UnitTest\bin\Debug\net6.0-windows\zSC_CommonFiles_UnitTest.dll" adapterTypeName="executor://mstestadapter/v2" className="zSC_CommonFiles_UnitTest.LocalizationTests" name="SingleCameraMustReturnDisplayNameAsEntityName" />
    </UnitTest>
    <UnitTest name="GetStates_NoSessionStarted_NoSession" storage="d:\actions-runner\_work\xpco\xpco\allsolutions\..\common\sc_commonfiles\zsc_commonfiles_unittest\bin\debug\net6.0-windows\zsc_commonfiles_unittest.dll" id="98ef8a3d-1657-a6ae-7eaf-dfb44be1b2e7">
      <Execution id="1d18b692-f6f4-441b-ba03-75ff85e7d7af" />
      <TestMethod codeBase="D:\actions-runner\_work\XPCO\XPCO\AllSolutions\..\Common\SC_CommonFiles\zSC_CommonFiles_UnitTest\bin\Debug\net6.0-windows\zSC_CommonFiles_UnitTest.dll" adapterTypeName="executor://mstestadapter/v2" className="zSC_CommonFiles_UnitTest.VideoOS.Common.State.StateManagerTests" name="GetStates_NoSessionStarted_NoSession" />
    </UnitTest>
    <UnitTest name="SequenceEquals_EqualCollections_IgnoreOrder_SymmetricalTrueResult" storage="d:\actions-runner\_work\xpco\xpco\allsolutions\..\common\sc_commonfiles\zsc_commonfiles_unittest\bin\debug\net6.0-windows\zsc_commonfiles_unittest.dll" id="9f21fd60-dc5f-a407-0a71-dc6ac4edd3a8">
      <Execution id="9635d11a-cefb-4789-8bc7-235220cf5edb" />
      <TestMethod codeBase="D:\actions-runner\_work\XPCO\XPCO\AllSolutions\..\Common\SC_CommonFiles\zSC_CommonFiles_UnitTest\bin\Debug\net6.0-windows\zSC_CommonFiles_UnitTest.dll" adapterTypeName="executor://mstestadapter/v2" className="zSC_CommonFiles_UnitTest.VideoOS.UI.Common.WPF.Utils.ObservableCollectionExtensionTest" name="SequenceEquals_EqualCollections_IgnoreOrder_SymmetricalTrueResult" />
    </UnitTest>
    <UnitTest name="Constructor_ShouldCreateTreeOfDepth2_WhenUnitsHaveParentButNoGrandparentButIncludeIsEnabled" storage="d:\actions-runner\_work\xpco\xpco\allsolutions\..\common\sc_commonfiles\zsc_commonfiles_unittest\bin\debug\net6.0-windows\zsc_commonfiles_unittest.dll" id="8767f881-fdc8-88b5-6aba-c8e95f3120ba">
      <Execution id="82df5bab-0928-45bd-a6e8-632748a9e44e" />
      <TestMethod codeBase="D:\actions-runner\_work\XPCO\XPCO\AllSolutions\..\Common\SC_CommonFiles\zSC_CommonFiles_UnitTest\bin\Debug\net6.0-windows\zSC_CommonFiles_UnitTest.dll" adapterTypeName="executor://mstestadapter/v2" className="SmartClient_UnitTest_VideoOS_UI_Common_WPF_FilterTree.FilterTreeUserControlViewModelTest" name="Constructor_ShouldCreateTreeOfDepth2_WhenUnitsHaveParentButNoGrandparentButIncludeIsEnabled" />
    </UnitTest>
    <UnitTest name="IntersectOrdered" storage="d:\actions-runner\_work\xpco\xpco\allsolutions\..\common\sc_commonfiles\zsc_commonfiles_unittest\bin\debug\net6.0-windows\zsc_commonfiles_unittest.dll" id="e4efa2e9-6d62-0683-b9e7-1e5cf6253345">
      <Execution id="71c4353c-12e7-4044-a8dc-4bab00fe4f55" />
      <TestMethod codeBase="D:\actions-runner\_work\XPCO\XPCO\AllSolutions\..\Common\SC_CommonFiles\zSC_CommonFiles_UnitTest\bin\Debug\net6.0-windows\zSC_CommonFiles_UnitTest.dll" adapterTypeName="executor://mstestadapter/v2" className="zSC_CommonFiles_UnitTest.VideoOS.UI.Common.WPF.Utils.ExtensionMethods.IEnumerableExtensionTests" name="IntersectOrdered" />
    </UnitTest>
    <UnitTest name="AddFrameworkElementsOverlay_WithFollowDigitalZoomTrue_ShouldAddToFrameworkElementsOverlaysFollowDigitalZoom" storage="d:\actions-runner\_work\xpco\xpco\allsolutions\..\common\sc_commonfiles\zsc_commonfiles_unittest\bin\debug\net6.0-windows\zsc_commonfiles_unittest.dll" id="a219a971-ee6f-7138-7f95-5ebe25d5d446">
      <Execution id="1664f9d0-cdf1-4d26-916b-c7c1c547e919" />
      <TestMethod codeBase="D:\actions-runner\_work\XPCO\XPCO\AllSolutions\..\Common\SC_CommonFiles\zSC_CommonFiles_UnitTest\bin\Debug\net6.0-windows\zSC_CommonFiles_UnitTest.dll" adapterTypeName="executor://mstestadapter/v2" className="zSC_CommonFiles_UnitTest.VideoOS.UI.Common.WPF.VideoPlayer.Model.FrameworkElementsOverlayModelTests" name="AddFrameworkElementsOverlay_WithFollowDigitalZoomTrue_ShouldAddToFrameworkElementsOverlaysFollowDigitalZoom" />
    </UnitTest>
    <UnitTest name="AddToast_NewToast_Success" storage="d:\actions-runner\_work\xpco\xpco\allsolutions\..\common\sc_commonfiles\zsc_commonfiles_unittest\bin\debug\net6.0-windows\zsc_commonfiles_unittest.dll" id="876bc370-09a2-ee34-0b46-51df5caf6b5d">
      <TestCategory>
        <TestCategoryItem TestCategory="Toasts" />
      </TestCategory>
      <Execution id="a282b21d-d5ae-4f71-bd68-3847ef1d4847" />
      <TestMethod codeBase="D:\actions-runner\_work\XPCO\XPCO\AllSolutions\..\Common\SC_CommonFiles\zSC_CommonFiles_UnitTest\bin\Debug\net6.0-windows\zSC_CommonFiles_UnitTest.dll" adapterTypeName="executor://mstestadapter/v2" className="VideoOS.UI.Common.WPF.Toast.ToastManagerTests" name="AddToast_NewToast_Success" />
    </UnitTest>
    <UnitTest name="Dismiss_ToastDismissed" storage="d:\actions-runner\_work\xpco\xpco\allsolutions\..\common\sc_commonfiles\zsc_commonfiles_unittest\bin\debug\net6.0-windows\zsc_commonfiles_unittest.dll" id="bc77ee0c-1b15-15e6-cc3d-5cb4ade23cbd">
      <TestCategory>
        <TestCategoryItem TestCategory="Toasts" />
      </TestCategory>
      <Execution id="d9d531ee-2a9e-4b5a-aac9-99c9ae203753" />
      <TestMethod codeBase="D:\actions-runner\_work\XPCO\XPCO\AllSolutions\..\Common\SC_CommonFiles\zSC_CommonFiles_UnitTest\bin\Debug\net6.0-windows\zSC_CommonFiles_UnitTest.dll" adapterTypeName="executor://mstestadapter/v2" className="zSC_CommonFiles_UnitTest.VideoOS.UI.Common.WPF.Toast.ToastBaseTests" name="Dismiss_ToastDismissed" />
    </UnitTest>
    <UnitTest name="Add_Child_Success" storage="d:\actions-runner\_work\xpco\xpco\allsolutions\..\common\sc_commonfiles\zsc_commonfiles_unittest\bin\debug\net6.0-windows\zsc_commonfiles_unittest.dll" id="e245fb45-69ee-13c5-5051-f3d423a730df">
      <TestCategory>
        <TestCategoryItem TestCategory="SC_CommonFiles.WPF.TileLayout" />
      </TestCategory>
      <Execution id="9f2cdb6a-60ca-4d62-8588-197c4575d5a0" />
      <TestMethod codeBase="D:\actions-runner\_work\XPCO\XPCO\AllSolutions\..\Common\SC_CommonFiles\zSC_CommonFiles_UnitTest\bin\Debug\net6.0-windows\zSC_CommonFiles_UnitTest.dll" adapterTypeName="executor://mstestadapter/v2" className="zSC_CommonFiles_UnitTest.VideoOS.UI.Common.WPF.TileLayout.ItemHolderTest" name="Add_Child_Success" />
    </UnitTest>
    <UnitTest name="Constructor_ShouldCreateTreeOfDepth2_WhenUnitsHaveGrandparent" storage="d:\actions-runner\_work\xpco\xpco\allsolutions\..\common\sc_commonfiles\zsc_commonfiles_unittest\bin\debug\net6.0-windows\zsc_commonfiles_unittest.dll" id="704cc4f9-442e-9c30-b5d7-b60631e124cf">
      <Execution id="04fd24e4-467b-4a8e-9d6e-101ab358462d" />
      <TestMethod codeBase="D:\actions-runner\_work\XPCO\XPCO\AllSolutions\..\Common\SC_CommonFiles\zSC_CommonFiles_UnitTest\bin\Debug\net6.0-windows\zSC_CommonFiles_UnitTest.dll" adapterTypeName="executor://mstestadapter/v2" className="SmartClient_UnitTest_VideoOS_UI_Common_WPF_FilterTree.FilterTreeUserControlViewModelTest" name="Constructor_ShouldCreateTreeOfDepth2_WhenUnitsHaveGrandparent" />
    </UnitTest>
    <UnitTest name="TestTest" storage="d:\actions-runner\_work\xpco\xpco\allsolutions\..\common\sc_commonfiles\zsc_commonfiles_unittest\bin\debug\net6.0-windows\zsc_commonfiles_unittest.dll" id="35804b06-11f8-fb19-7cd9-4b5182d944a6">
      <Execution id="717eb041-fb5d-4039-9cf7-22707812bb78" />
      <TestMethod codeBase="D:\actions-runner\_work\XPCO\XPCO\AllSolutions\..\Common\SC_CommonFiles\zSC_CommonFiles_UnitTest\bin\Debug\net6.0-windows\zSC_CommonFiles_UnitTest.dll" adapterTypeName="executor://mstestadapter/v2" className="SmartClient_UnitTest_VideoOS_UI_Common_WPF_Timeline_QueryDispatcher.QueryDispatcherTest" name="TestTest" />
    </UnitTest>
    <UnitTest name="ProvideValue_ReturnsThis" storage="d:\actions-runner\_work\xpco\xpco\allsolutions\..\common\sc_commonfiles\zsc_commonfiles_unittest\bin\debug\net6.0-windows\zsc_commonfiles_unittest.dll" id="89375aca-5b37-064f-74cf-5102a1c4ec81">
      <TestCategory>
        <TestCategoryItem TestCategory="Converters" />
      </TestCategory>
      <Execution id="58780e70-a8ac-4fe5-8f57-1cc8c2040866" />
      <TestMethod codeBase="D:\actions-runner\_work\XPCO\XPCO\AllSolutions\..\Common\SC_CommonFiles\zSC_CommonFiles_UnitTest\bin\Debug\net6.0-windows\zSC_CommonFiles_UnitTest.dll" adapterTypeName="executor://mstestadapter/v2" className="VideoOS.UI.Common.WPF.Utils.Converters.AutomationIdConverterTests" name="ProvideValue_ReturnsThis" />
    </UnitTest>
    <UnitTest name="RoundToMinute_RoundUp" storage="d:\actions-runner\_work\xpco\xpco\allsolutions\..\common\sc_commonfiles\zsc_commonfiles_unittest\bin\debug\net6.0-windows\zsc_commonfiles_unittest.dll" id="f02c80b8-49d2-fc2d-4c9d-16620ea9d887">
      <Execution id="16fcea83-216e-41c5-b3e4-943a2070a47e" />
      <TestMethod codeBase="D:\actions-runner\_work\XPCO\XPCO\AllSolutions\..\Common\SC_CommonFiles\zSC_CommonFiles_UnitTest\bin\Debug\net6.0-windows\zSC_CommonFiles_UnitTest.dll" adapterTypeName="executor://mstestadapter/v2" className="zSC_CommonFiles_UnitTest.VideoOS.UI.Common.WPF.Utils.ExtensionMethods.TimeSpanExtensionsTests" name="RoundToMinute_RoundUp" />
    </UnitTest>
    <UnitTest name="RoundToHour_Nearest" storage="d:\actions-runner\_work\xpco\xpco\allsolutions\..\common\sc_commonfiles\zsc_commonfiles_unittest\bin\debug\net6.0-windows\zsc_commonfiles_unittest.dll" id="3c8c7252-b903-0c1c-e35f-58aec4759494">
      <Execution id="e3a633da-f240-472a-a6f4-a8969efd1ce0" />
      <TestMethod codeBase="D:\actions-runner\_work\XPCO\XPCO\AllSolutions\..\Common\SC_CommonFiles\zSC_CommonFiles_UnitTest\bin\Debug\net6.0-windows\zSC_CommonFiles_UnitTest.dll" adapterTypeName="executor://mstestadapter/v2" className="zSC_CommonFiles_UnitTest.VideoOS.UI.Common.WPF.Utils.ExtensionMethods.DateTimeExtensionsTests" name="RoundToHour_Nearest" />
    </UnitTest>
    <UnitTest name="TryCreateUri_ShouldReturnFalse_WhenInputIsInvalidUri" storage="d:\actions-runner\_work\xpco\xpco\allsolutions\..\common\sc_commonfiles\zsc_commonfiles_unittest\bin\debug\net6.0-windows\zsc_commonfiles_unittest.dll" id="8a554420-2901-ce60-a106-99e771204384">
      <Execution id="230e2536-fd5c-4db7-be0e-4db10b853337" />
      <TestMethod codeBase="D:\actions-runner\_work\XPCO\XPCO\AllSolutions\..\Common\SC_CommonFiles\zSC_CommonFiles_UnitTest\bin\Debug\net6.0-windows\zSC_CommonFiles_UnitTest.dll" adapterTypeName="executor://mstestadapter/v2" className="zSC_CommonFiles_UnitTest.VideoOS.UI.Common.WPF.Utils.ExtensionMethods.StringExtensionsTests" name="TryCreateUri_ShouldReturnFalse_WhenInputIsInvalidUri" />
    </UnitTest>
    <UnitTest name="SingleCameraGroupMustReturnDisplayNameAsEntityName" storage="d:\actions-runner\_work\xpco\xpco\allsolutions\..\common\sc_commonfiles\zsc_commonfiles_unittest\bin\debug\net6.0-windows\zsc_commonfiles_unittest.dll" id="46887356-7c48-625a-9fa8-4ca482d2d04d">
      <Execution id="f668dc3b-61ce-433c-ade8-4853d9702911" />
      <TestMethod codeBase="D:\actions-runner\_work\XPCO\XPCO\AllSolutions\..\Common\SC_CommonFiles\zSC_CommonFiles_UnitTest\bin\Debug\net6.0-windows\zSC_CommonFiles_UnitTest.dll" adapterTypeName="executor://mstestadapter/v2" className="zSC_CommonFiles_UnitTest.LocalizationTests" name="SingleCameraGroupMustReturnDisplayNameAsEntityName" />
    </UnitTest>
    <UnitTest name="TileStateIsUpdatedEvenIfCurrentStatesIsNull" storage="d:\actions-runner\_work\xpco\xpco\allsolutions\..\common\sc_commonfiles\zsc_commonfiles_unittest\bin\debug\net6.0-windows\zsc_commonfiles_unittest.dll" id="569900d4-58ce-d7ba-87cf-ed8c555e623f">
      <Execution id="4d59b6a8-9149-4407-bfc5-36258e84489a" />
      <TestMethod codeBase="D:\actions-runner\_work\XPCO\XPCO\AllSolutions\..\Common\SC_CommonFiles\zSC_CommonFiles_UnitTest\bin\Debug\net6.0-windows\zSC_CommonFiles_UnitTest.dll" adapterTypeName="executor://mstestadapter/v2" className="zSC_CommonFiles_UnitTest.DashboardTilesTests" name="TileStateIsUpdatedEvenIfCurrentStatesIsNull" />
    </UnitTest>
    <UnitTest name="GetThumbDependOnTheCamId" storage="d:\actions-runner\_work\xpco\xpco\allsolutions\..\common\sc_commonfiles\zsc_commonfiles_unittest\bin\debug\net6.0-windows\zsc_commonfiles_unittest.dll" id="4976d7df-aa75-dba7-69e7-9402402b4c8e">
      <Execution id="4a5f8dd2-5396-4699-bd88-2cde670a118a" />
      <TestMethod codeBase="D:\actions-runner\_work\XPCO\XPCO\AllSolutions\..\Common\SC_CommonFiles\zSC_CommonFiles_UnitTest\bin\Debug\net6.0-windows\zSC_CommonFiles_UnitTest.dll" adapterTypeName="executor://mstestadapter/v2" className="SC_Common_UnitTest_VideoOS_UI_Common_Data_SequenceRetriever_ThumbCache.ThumbCacheTest" name="GetThumbDependOnTheCamId" />
    </UnitTest>
    <UnitTest name="ShowCustomizeWindowThrowsWhenParentControlIsNull" storage="d:\actions-runner\_work\xpco\xpco\allsolutions\..\common\sc_commonfiles\zsc_commonfiles_unittest\bin\debug\net6.0-windows\zsc_commonfiles_unittest.dll" id="5f23c18d-428e-08d4-6861-aed4128bbfb5">
      <Execution id="ba83f4ee-42a8-485f-b739-07e5be7a5ad3" />
      <TestMethod codeBase="D:\actions-runner\_work\XPCO\XPCO\AllSolutions\..\Common\SC_CommonFiles\zSC_CommonFiles_UnitTest\bin\Debug\net6.0-windows\zSC_CommonFiles_UnitTest.dll" adapterTypeName="executor://mstestadapter/v2" className="zSC_CommonFiles_UnitTest.DashboardTilesTests" name="ShowCustomizeWindowThrowsWhenParentControlIsNull" />
    </UnitTest>
    <UnitTest name="ChangeRangeMax_LowerThanRangeMin_StopAtRangeMin" storage="d:\actions-runner\_work\xpco\xpco\allsolutions\..\common\sc_commonfiles\zsc_commonfiles_unittest\bin\debug\net6.0-windows\zsc_commonfiles_unittest.dll" id="a157e23c-b861-4296-80a4-584edfe004e0">
      <TestCategory>
        <TestCategoryItem TestCategory="RangeSelector" />
      </TestCategory>
      <Execution id="f2995730-2948-42fa-b83a-4e247668dd56" />
      <TestMethod codeBase="D:\actions-runner\_work\XPCO\XPCO\AllSolutions\..\Common\SC_CommonFiles\zSC_CommonFiles_UnitTest\bin\Debug\net6.0-windows\zSC_CommonFiles_UnitTest.dll" adapterTypeName="executor://mstestadapter/v2" className="VideoOS.UI.Common.WPF.RangeSelector.RangeSelectorTest" name="ChangeRangeMax_LowerThanRangeMin_StopAtRangeMin" />
    </UnitTest>
    <UnitTest name="TooltipServiceWarning_EmptyServer" storage="d:\actions-runner\_work\xpco\xpco\allsolutions\..\common\sc_commonfiles\zsc_commonfiles_unittest\bin\debug\net6.0-windows\zsc_commonfiles_unittest.dll" id="bd58f8d9-e6cb-76f7-101e-84475807384c">
      <Execution id="87871f5b-5816-4af1-88e0-5ef072544d8b" />
      <TestMethod codeBase="D:\actions-runner\_work\XPCO\XPCO\AllSolutions\..\Common\SC_CommonFiles\zSC_CommonFiles_UnitTest\bin\Debug\net6.0-windows\zSC_CommonFiles_UnitTest.dll" adapterTypeName="executor://mstestadapter/v2" className="zSC_CommonFiles_UnitTest.VideoOS.UI.Common.WPF.Dashboard.Types.ServerTest" name="TooltipServiceWarning_EmptyServer" />
    </UnitTest>
    <UnitTest name="RoundToHour_RoundDown" storage="d:\actions-runner\_work\xpco\xpco\allsolutions\..\common\sc_commonfiles\zsc_commonfiles_unittest\bin\debug\net6.0-windows\zsc_commonfiles_unittest.dll" id="a9359554-6927-fb85-3830-72d7f8df0ae0">
      <Execution id="030266ef-c887-4277-b913-48bc2fef0c63" />
      <TestMethod codeBase="D:\actions-runner\_work\XPCO\XPCO\AllSolutions\..\Common\SC_CommonFiles\zSC_CommonFiles_UnitTest\bin\Debug\net6.0-windows\zSC_CommonFiles_UnitTest.dll" adapterTypeName="executor://mstestadapter/v2" className="zSC_CommonFiles_UnitTest.VideoOS.UI.Common.WPF.Utils.ExtensionMethods.TimeSpanExtensionsTests" name="RoundToHour_RoundDown" />
    </UnitTest>
    <UnitTest name="CacheCanBeResetTest" storage="d:\actions-runner\_work\xpco\xpco\allsolutions\..\common\sc_commonfiles\zsc_commonfiles_unittest\bin\debug\net6.0-windows\zsc_commonfiles_unittest.dll" id="3a338b5e-ca33-280e-31b5-7634bd32733f">
      <Execution id="36d43459-22ad-4a08-ad18-1a5453559ce7" />
      <TestMethod codeBase="D:\actions-runner\_work\XPCO\XPCO\AllSolutions\..\Common\SC_CommonFiles\zSC_CommonFiles_UnitTest\bin\Debug\net6.0-windows\zSC_CommonFiles_UnitTest.dll" adapterTypeName="executor://mstestadapter/v2" className="SC_Common_UnitTest_VideoOS_UI_Common_Data_SequenceRetriever_ThumbCache.ThumbCacheTest" name="CacheCanBeResetTest" />
    </UnitTest>
    <UnitTest name="Ctor_Success" storage="d:\actions-runner\_work\xpco\xpco\allsolutions\..\common\sc_commonfiles\zsc_commonfiles_unittest\bin\debug\net6.0-windows\zsc_commonfiles_unittest.dll" id="3b223dd9-b4de-6435-8d9f-fb5af0ea22bc">
      <TestCategory>
        <TestCategoryItem TestCategory="SC_CommonFiles.WPF.TileLayout" />
      </TestCategory>
      <Execution id="c513334d-59ab-4769-ae88-aad776cd672c" />
      <TestMethod codeBase="D:\actions-runner\_work\XPCO\XPCO\AllSolutions\..\Common\SC_CommonFiles\zSC_CommonFiles_UnitTest\bin\Debug\net6.0-windows\zSC_CommonFiles_UnitTest.dll" adapterTypeName="executor://mstestadapter/v2" className="zSC_CommonFiles_UnitTest.VideoOS.UI.Common.WPF.TileLayout.ItemEventArgsTest" name="Ctor_Success" />
    </UnitTest>
    <UnitTest name="MouseDrag_RangeMinOverRangeMax_DataInvariantIsOK" storage="d:\actions-runner\_work\xpco\xpco\allsolutions\..\common\sc_commonfiles\zsc_commonfiles_unittest\bin\debug\net6.0-windows\zsc_commonfiles_unittest.dll" id="3625363b-2b2b-2a01-cb9b-b878cc7db25a">
      <TestCategory>
        <TestCategoryItem TestCategory="RangeSelector" />
      </TestCategory>
      <Execution id="d0af5221-6a00-4f8d-8650-bb52fc965478" />
      <TestMethod codeBase="D:\actions-runner\_work\XPCO\XPCO\AllSolutions\..\Common\SC_CommonFiles\zSC_CommonFiles_UnitTest\bin\Debug\net6.0-windows\zSC_CommonFiles_UnitTest.dll" adapterTypeName="executor://mstestadapter/v2" className="VideoOS.UI.Common.WPF.RangeSelector.RangeSelectorTest" name="MouseDrag_RangeMinOverRangeMax_DataInvariantIsOK" />
    </UnitTest>
    <UnitTest name="MouseDrag_RangeMaxLessRangeMin_DataInvariantIsOK" storage="d:\actions-runner\_work\xpco\xpco\allsolutions\..\common\sc_commonfiles\zsc_commonfiles_unittest\bin\debug\net6.0-windows\zsc_commonfiles_unittest.dll" id="77b841d2-c43a-4070-249a-23480e6bd29c">
      <TestCategory>
        <TestCategoryItem TestCategory="RangeSelector" />
      </TestCategory>
      <Execution id="363a9e7d-8520-4c1f-8716-33371c7be703" />
      <TestMethod codeBase="D:\actions-runner\_work\XPCO\XPCO\AllSolutions\..\Common\SC_CommonFiles\zSC_CommonFiles_UnitTest\bin\Debug\net6.0-windows\zSC_CommonFiles_UnitTest.dll" adapterTypeName="executor://mstestadapter/v2" className="VideoOS.UI.Common.WPF.RangeSelector.RangeSelectorTest" name="MouseDrag_RangeMaxLessRangeMin_DataInvariantIsOK" />
    </UnitTest>
    <UnitTest name="Constructor_ShouldCreateTreeWithUnitChildren_WhenUnitsHaveParentAndChildrenAndTheyMustBeIncludedInTree" storage="d:\actions-runner\_work\xpco\xpco\allsolutions\..\common\sc_commonfiles\zsc_commonfiles_unittest\bin\debug\net6.0-windows\zsc_commonfiles_unittest.dll" id="96d31876-ad33-952c-3bd1-b146a14e3f83">
      <Execution id="0a9bb780-ffd2-494c-acb0-8b8e4cad420d" />
      <TestMethod codeBase="D:\actions-runner\_work\XPCO\XPCO\AllSolutions\..\Common\SC_CommonFiles\zSC_CommonFiles_UnitTest\bin\Debug\net6.0-windows\zSC_CommonFiles_UnitTest.dll" adapterTypeName="executor://mstestadapter/v2" className="SmartClient_UnitTest_VideoOS_UI_Common_WPF_FilterTree.FilterTreeUserControlViewModelTest" name="Constructor_ShouldCreateTreeWithUnitChildren_WhenUnitsHaveParentAndChildrenAndTheyMustBeIncludedInTree" />
    </UnitTest>
    <UnitTest name="GetImageSource_fallbackImageThrows_ExceptionIsThrown" storage="d:\actions-runner\_work\xpco\xpco\allsolutions\..\common\sc_commonfiles\zsc_commonfiles_unittest\bin\debug\net6.0-windows\zsc_commonfiles_unittest.dll" id="3eb1bfa3-50f3-b918-d5a1-91e494194649">
      <Execution id="13ee9a69-6763-4384-8c0b-094cc803554a" />
      <TestMethod codeBase="D:\actions-runner\_work\XPCO\XPCO\AllSolutions\..\Common\SC_CommonFiles\zSC_CommonFiles_UnitTest\bin\Debug\net6.0-windows\zSC_CommonFiles_UnitTest.dll" adapterTypeName="executor://mstestadapter/v2" className="zSC_CommonFiles_UnitTest.VideoOS.UI.Common.WPF.Utils.ExtensionMethods.IconExtensionsTests" name="GetImageSource_fallbackImageThrows_ExceptionIsThrown" />
    </UnitTest>
    <UnitTest name="RightMouseDown_InsideSelection_NothingChanges" storage="d:\actions-runner\_work\xpco\xpco\allsolutions\..\common\sc_commonfiles\zsc_commonfiles_unittest\bin\debug\net6.0-windows\zsc_commonfiles_unittest.dll" id="a3cffcd5-ca5b-acfc-2c92-56cbd2780945">
      <TestCategory>
        <TestCategoryItem TestCategory="RangeSelector" />
      </TestCategory>
      <Execution id="e95ed8d2-3008-4c82-8cbd-7c8bef05f782" />
      <TestMethod codeBase="D:\actions-runner\_work\XPCO\XPCO\AllSolutions\..\Common\SC_CommonFiles\zSC_CommonFiles_UnitTest\bin\Debug\net6.0-windows\zSC_CommonFiles_UnitTest.dll" adapterTypeName="executor://mstestadapter/v2" className="VideoOS.UI.Common.WPF.RangeSelector.RangeSelectorTest" name="RightMouseDown_InsideSelection_NothingChanges" />
    </UnitTest>
    <UnitTest name="RoundToMinute_Nearest" storage="d:\actions-runner\_work\xpco\xpco\allsolutions\..\common\sc_commonfiles\zsc_commonfiles_unittest\bin\debug\net6.0-windows\zsc_commonfiles_unittest.dll" id="8c9d0f43-0c95-b12f-4abf-b89bea8f7dec">
      <Execution id="65d0edf2-462d-4af0-9507-0ad1758dcc96" />
      <TestMethod codeBase="D:\actions-runner\_work\XPCO\XPCO\AllSolutions\..\Common\SC_CommonFiles\zSC_CommonFiles_UnitTest\bin\Debug\net6.0-windows\zSC_CommonFiles_UnitTest.dll" adapterTypeName="executor://mstestadapter/v2" className="zSC_CommonFiles_UnitTest.VideoOS.UI.Common.WPF.Utils.ExtensionMethods.DateTimeExtensionsTests" name="RoundToMinute_Nearest" />
    </UnitTest>
    <UnitTest name="SequenceEquals_OneCollectionWithDuplicateElementOrderedDifferently_IgnoreOrder_SymmetricalFalseResult" storage="d:\actions-runner\_work\xpco\xpco\allsolutions\..\common\sc_commonfiles\zsc_commonfiles_unittest\bin\debug\net6.0-windows\zsc_commonfiles_unittest.dll" id="8ca24930-13c2-9054-276b-c0c9a4d03ea7">
      <Execution id="59f8c3d5-3cd2-49c7-8adb-bcf5f107793b" />
      <TestMethod codeBase="D:\actions-runner\_work\XPCO\XPCO\AllSolutions\..\Common\SC_CommonFiles\zSC_CommonFiles_UnitTest\bin\Debug\net6.0-windows\zSC_CommonFiles_UnitTest.dll" adapterTypeName="executor://mstestadapter/v2" className="zSC_CommonFiles_UnitTest.VideoOS.UI.Common.WPF.Utils.ObservableCollectionExtensionTest" name="SequenceEquals_OneCollectionWithDuplicateElementOrderedDifferently_IgnoreOrder_SymmetricalFalseResult" />
    </UnitTest>
    <UnitTest name="Basic_Functionality_Works" storage="d:\actions-runner\_work\xpco\xpco\allsolutions\..\common\sc_commonfiles\zsc_commonfiles_unittest\bin\debug\net6.0-windows\zsc_commonfiles_unittest.dll" id="332e199d-ea86-764a-0c78-68ba66fc4ac1">
      <Execution id="3b4b5489-e638-4abc-a5cb-ee1fa1a1fc13" />
      <TestMethod codeBase="D:\actions-runner\_work\XPCO\XPCO\AllSolutions\..\Common\SC_CommonFiles\zSC_CommonFiles_UnitTest\bin\Debug\net6.0-windows\zSC_CommonFiles_UnitTest.dll" adapterTypeName="executor://mstestadapter/v2" className="zSC_CommonFiles_UnitTest.VideoOS.UI.Common.WPF.Utils.ReadOnlyCollectionExtensionsTest" name="Basic_Functionality_Works" />
    </UnitTest>
    <UnitTest name="Ctor_Success" storage="d:\actions-runner\_work\xpco\xpco\allsolutions\..\common\sc_commonfiles\zsc_commonfiles_unittest\bin\debug\net6.0-windows\zsc_commonfiles_unittest.dll" id="f335010e-9fe4-33d4-3df2-9a2fa868a446">
      <TestCategory>
        <TestCategoryItem TestCategory="SC_CommonFiles.WPF.TileLayout" />
      </TestCategory>
      <Execution id="5d2e0a1d-aa3a-4a51-b3b5-eb39d717344a" />
      <TestMethod codeBase="D:\actions-runner\_work\XPCO\XPCO\AllSolutions\..\Common\SC_CommonFiles\zSC_CommonFiles_UnitTest\bin\Debug\net6.0-windows\zSC_CommonFiles_UnitTest.dll" adapterTypeName="executor://mstestadapter/v2" className="zSC_CommonFiles_UnitTest.VideoOS.UI.Common.WPF.TileLayout.TileLayoutTest" name="Ctor_Success" />
    </UnitTest>
    <UnitTest name="IsFailover_IsNotFailover_IDNotSet" storage="d:\actions-runner\_work\xpco\xpco\allsolutions\..\common\sc_commonfiles\zsc_commonfiles_unittest\bin\debug\net6.0-windows\zsc_commonfiles_unittest.dll" id="8d92020e-5832-705d-100b-9a3d128c1860">
      <Execution id="44ce8f6f-9048-4828-9085-7c8f374f3012" />
      <TestMethod codeBase="D:\actions-runner\_work\XPCO\XPCO\AllSolutions\..\Common\SC_CommonFiles\zSC_CommonFiles_UnitTest\bin\Debug\net6.0-windows\zSC_CommonFiles_UnitTest.dll" adapterTypeName="executor://mstestadapter/v2" className="zSC_CommonFiles_UnitTest.VideoOS.UI.Common.WPF.Dashboard.Types.ServerTypeTest" name="IsFailover_IsNotFailover_IDNotSet" />
    </UnitTest>
    <UnitTest name="Constructor_ShouldCreateTreeOfDepth1_WhenUnitsHaveParentButNoGrandparent" storage="d:\actions-runner\_work\xpco\xpco\allsolutions\..\common\sc_commonfiles\zsc_commonfiles_unittest\bin\debug\net6.0-windows\zsc_commonfiles_unittest.dll" id="bd9d6efd-ee5b-c8e1-7fe2-91d5e9a397a3">
      <Execution id="3004156d-3045-43fa-991a-fd6df4b30380" />
      <TestMethod codeBase="D:\actions-runner\_work\XPCO\XPCO\AllSolutions\..\Common\SC_CommonFiles\zSC_CommonFiles_UnitTest\bin\Debug\net6.0-windows\zSC_CommonFiles_UnitTest.dll" adapterTypeName="executor://mstestadapter/v2" className="SmartClient_UnitTest_VideoOS_UI_Common_WPF_FilterTree.FilterTreeUserControlViewModelTest" name="Constructor_ShouldCreateTreeOfDepth1_WhenUnitsHaveParentButNoGrandparent" />
    </UnitTest>
    <UnitTest name="ClearUnsecureConnectionAllowedForUser_ShouldRemoveAllowUnsecureConnectionsNode_WhenAllUsersAreRemoved" storage="d:\actions-runner\_work\xpco\xpco\allsolutions\..\common\sc_commonfiles\zsc_commonfiles_unittest\bin\debug\net6.0-windows\zsc_commonfiles_unittest.dll" id="ac7da09a-9c21-96d1-0628-e57364e271db">
      <Execution id="e40a5493-2c74-4813-8d9b-fb7a893abecb" />
      <TestMethod codeBase="D:\actions-runner\_work\XPCO\XPCO\AllSolutions\..\Common\SC_CommonFiles\zSC_CommonFiles_UnitTest\bin\Debug\net6.0-windows\zSC_CommonFiles_UnitTest.dll" adapterTypeName="executor://mstestadapter/v2" className="zSC_CommonFiles_UnitTest.VideoOS.Common.Login.UIConnectionInfoTests" name="ClearUnsecureConnectionAllowedForUser_ShouldRemoveAllowUnsecureConnectionsNode_WhenAllUsersAreRemoved" />
    </UnitTest>
    <UnitTest name="GetTimeSpanValueOrDefault_KeyFound_ValueReturned" storage="d:\actions-runner\_work\xpco\xpco\allsolutions\..\common\sc_commonfiles\zsc_commonfiles_unittest\bin\debug\net6.0-windows\zsc_commonfiles_unittest.dll" id="1a9ef545-ced5-a479-15d2-22e0772b422a">
      <Execution id="e004f234-5a73-4a6d-b664-d853d06e0d05" />
      <TestMethod codeBase="D:\actions-runner\_work\XPCO\XPCO\AllSolutions\..\Common\SC_CommonFiles\zSC_CommonFiles_UnitTest\bin\Debug\net6.0-windows\zSC_CommonFiles_UnitTest.dll" adapterTypeName="executor://mstestadapter/v2" className="zSC_CommonFiles_UnitTest.VideoOS.Common.Configuration.NameValueCollectionExtensionsTest" name="GetTimeSpanValueOrDefault_KeyFound_ValueReturned" />
    </UnitTest>
    <UnitTest name="Ctor_Success" storage="d:\actions-runner\_work\xpco\xpco\allsolutions\..\common\sc_commonfiles\zsc_commonfiles_unittest\bin\debug\net6.0-windows\zsc_commonfiles_unittest.dll" id="91b01448-6a92-47bb-7ce5-67a9221a299c">
      <TestCategory>
        <TestCategoryItem TestCategory="SC_CommonFiles.WPF.TileLayout" />
      </TestCategory>
      <Execution id="128aac92-b517-4e8d-823e-413ecde287c0" />
      <TestMethod codeBase="D:\actions-runner\_work\XPCO\XPCO\AllSolutions\..\Common\SC_CommonFiles\zSC_CommonFiles_UnitTest\bin\Debug\net6.0-windows\zSC_CommonFiles_UnitTest.dll" adapterTypeName="executor://mstestadapter/v2" className="zSC_CommonFiles_UnitTest.VideoOS.UI.Common.WPF.TileLayout.ItemHolderTest" name="Ctor_Success" />
    </UnitTest>
    <UnitTest name="ctor_Success" storage="d:\actions-runner\_work\xpco\xpco\allsolutions\..\common\sc_commonfiles\zsc_commonfiles_unittest\bin\debug\net6.0-windows\zsc_commonfiles_unittest.dll" id="12ac6e7d-4dc0-7730-a820-51b345ac71e7">
      <TestCategory>
        <TestCategoryItem TestCategory="RangeSelector" />
      </TestCategory>
      <Execution id="b712dfd1-66f2-4512-bd4f-6df1f5778275" />
      <TestMethod codeBase="D:\actions-runner\_work\XPCO\XPCO\AllSolutions\..\Common\SC_CommonFiles\zSC_CommonFiles_UnitTest\bin\Debug\net6.0-windows\zSC_CommonFiles_UnitTest.dll" adapterTypeName="executor://mstestadapter/v2" className="VideoOS.UI.Common.WPF.RangeSelector.RangeSelectorTest" name="ctor_Success" />
    </UnitTest>
    <UnitTest name="SetUnsecureConnectionAllowedForUser_ShouldAddUser_WhenAllowUnsecureConnectionsDoesNotContainUser" storage="d:\actions-runner\_work\xpco\xpco\allsolutions\..\common\sc_commonfiles\zsc_commonfiles_unittest\bin\debug\net6.0-windows\zsc_commonfiles_unittest.dll" id="3fd0a529-448c-e9e0-7074-0b5c637ad7a8">
      <Execution id="75ca020a-beca-4f42-9a74-07254e81dc0a" />
      <TestMethod codeBase="D:\actions-runner\_work\XPCO\XPCO\AllSolutions\..\Common\SC_CommonFiles\zSC_CommonFiles_UnitTest\bin\Debug\net6.0-windows\zSC_CommonFiles_UnitTest.dll" adapterTypeName="executor://mstestadapter/v2" className="zSC_CommonFiles_UnitTest.VideoOS.Common.Login.UIConnectionInfoTests" name="SetUnsecureConnectionAllowedForUser_ShouldAddUser_WhenAllowUnsecureConnectionsDoesNotContainUser" />
    </UnitTest>
    <UnitTest name="OkEditTileThrowsIfNoEventSources" storage="d:\actions-runner\_work\xpco\xpco\allsolutions\..\common\sc_commonfiles\zsc_commonfiles_unittest\bin\debug\net6.0-windows\zsc_commonfiles_unittest.dll" id="3cad3393-810a-cc62-94bb-2ded6c4b88c7">
      <Execution id="f666adf7-3b37-4595-9849-d765bad95ffe" />
      <TestMethod codeBase="D:\actions-runner\_work\XPCO\XPCO\AllSolutions\..\Common\SC_CommonFiles\zSC_CommonFiles_UnitTest\bin\Debug\net6.0-windows\zSC_CommonFiles_UnitTest.dll" adapterTypeName="executor://mstestadapter/v2" className="zSC_CommonFiles_UnitTest.DashboardTilesTests" name="OkEditTileThrowsIfNoEventSources" />
    </UnitTest>
    <UnitTest name="OnPreviewKeyDown_LeftCtrl_A_SelectAll_Success" storage="d:\actions-runner\_work\xpco\xpco\allsolutions\..\common\sc_commonfiles\zsc_commonfiles_unittest\bin\debug\net6.0-windows\zsc_commonfiles_unittest.dll" id="877328ba-697b-0240-60a8-80c7a7d265bf">
      <TestCategory>
        <TestCategoryItem TestCategory="SC_CommonFiles.WPF.TileLayout" />
      </TestCategory>
      <Execution id="e2a55a7f-5984-4cc8-a879-be4df0c0144f" />
      <TestMethod codeBase="D:\actions-runner\_work\XPCO\XPCO\AllSolutions\..\Common\SC_CommonFiles\zSC_CommonFiles_UnitTest\bin\Debug\net6.0-windows\zSC_CommonFiles_UnitTest.dll" adapterTypeName="executor://mstestadapter/v2" className="zSC_CommonFiles_UnitTest.VideoOS.UI.Common.WPF.TileLayout.TileLayoutTest" name="OnPreviewKeyDown_LeftCtrl_A_SelectAll_Success" />
    </UnitTest>
    <UnitTest name="TileStateBecomesDefinedIfInputStateIsDefined" storage="d:\actions-runner\_work\xpco\xpco\allsolutions\..\common\sc_commonfiles\zsc_commonfiles_unittest\bin\debug\net6.0-windows\zsc_commonfiles_unittest.dll" id="70886465-8a9c-f3a3-e66e-9c4d9f1e425f">
      <Execution id="2cbcf181-d608-4333-a319-a63f73f83a7d" />
      <TestMethod codeBase="D:\actions-runner\_work\XPCO\XPCO\AllSolutions\..\Common\SC_CommonFiles\zSC_CommonFiles_UnitTest\bin\Debug\net6.0-windows\zSC_CommonFiles_UnitTest.dll" adapterTypeName="executor://mstestadapter/v2" className="zSC_CommonFiles_UnitTest.DashboardTilesTests" name="TileStateBecomesDefinedIfInputStateIsDefined" />
    </UnitTest>
    <UnitTest name="AllowUnsecureConnection_ShouldBeTrue_WhenAllowUnsecureIsTrue" storage="d:\actions-runner\_work\xpco\xpco\allsolutions\..\common\sc_commonfiles\zsc_commonfiles_unittest\bin\debug\net6.0-windows\zsc_commonfiles_unittest.dll" id="910ea956-c4b4-dc72-c890-ea2c8afbd1ba">
      <Execution id="1d49b443-66e2-48f7-a193-dee6ef046add" />
      <TestMethod codeBase="D:\actions-runner\_work\XPCO\XPCO\AllSolutions\..\Common\SC_CommonFiles\zSC_CommonFiles_UnitTest\bin\Debug\net6.0-windows\zSC_CommonFiles_UnitTest.dll" adapterTypeName="executor://mstestadapter/v2" className="zSC_CommonFiles_UnitTest.VideoOS.Common.Login.UIConnectionInfoTests" name="AllowUnsecureConnection_ShouldBeTrue_WhenAllowUnsecureIsTrue" />
    </UnitTest>
    <UnitTest name="GetStates_NoSessionStarted_NewSession" storage="d:\actions-runner\_work\xpco\xpco\allsolutions\..\common\sc_commonfiles\zsc_commonfiles_unittest\bin\debug\net6.0-windows\zsc_commonfiles_unittest.dll" id="76a2e345-aae7-9b1e-7fd6-6ac6ca32b74e">
      <Execution id="3824dcb9-0201-4665-af46-2b30a0f570e0" />
      <TestMethod codeBase="D:\actions-runner\_work\XPCO\XPCO\AllSolutions\..\Common\SC_CommonFiles\zSC_CommonFiles_UnitTest\bin\Debug\net6.0-windows\zSC_CommonFiles_UnitTest.dll" adapterTypeName="executor://mstestadapter/v2" className="zSC_CommonFiles_UnitTest.VideoOS.Common.State.ServerStateManagerTests" name="GetStates_NoSessionStarted_NewSession" />
    </UnitTest>
    <UnitTest name="TooltipServiceWarning_Failover_None" storage="d:\actions-runner\_work\xpco\xpco\allsolutions\..\common\sc_commonfiles\zsc_commonfiles_unittest\bin\debug\net6.0-windows\zsc_commonfiles_unittest.dll" id="928f2455-6ebd-8ffd-8fc5-fc1e86ca64c0">
      <Execution id="3774e51a-f413-47e0-be0f-e9c9b73ec2a6" />
      <TestMethod codeBase="D:\actions-runner\_work\XPCO\XPCO\AllSolutions\..\Common\SC_CommonFiles\zSC_CommonFiles_UnitTest\bin\Debug\net6.0-windows\zSC_CommonFiles_UnitTest.dll" adapterTypeName="executor://mstestadapter/v2" className="zSC_CommonFiles_UnitTest.VideoOS.UI.Common.WPF.Dashboard.Types.ServerTest" name="TooltipServiceWarning_Failover_None" />
    </UnitTest>
    <UnitTest name="TooltipServiceWarning_NotCritical" storage="d:\actions-runner\_work\xpco\xpco\allsolutions\..\common\sc_commonfiles\zsc_commonfiles_unittest\bin\debug\net6.0-windows\zsc_commonfiles_unittest.dll" id="af71ed0e-187b-fd2b-1963-f93916cf4abc">
      <Execution id="65872846-1616-4303-9efe-36ca80b1e24c" />
      <TestMethod codeBase="D:\actions-runner\_work\XPCO\XPCO\AllSolutions\..\Common\SC_CommonFiles\zSC_CommonFiles_UnitTest\bin\Debug\net6.0-windows\zSC_CommonFiles_UnitTest.dll" adapterTypeName="executor://mstestadapter/v2" className="zSC_CommonFiles_UnitTest.VideoOS.UI.Common.WPF.Dashboard.Types.ServerTest" name="TooltipServiceWarning_NotCritical" />
    </UnitTest>
    <UnitTest name="UpdateToast_Success" storage="d:\actions-runner\_work\xpco\xpco\allsolutions\..\common\sc_commonfiles\zsc_commonfiles_unittest\bin\debug\net6.0-windows\zsc_commonfiles_unittest.dll" id="3a13def5-4099-72b0-8c0e-420253783341">
      <TestCategory>
        <TestCategoryItem TestCategory="Toasts" />
      </TestCategory>
      <Execution id="6faca7e0-f8a4-4108-b386-c8edd773f0e8" />
      <TestMethod codeBase="D:\actions-runner\_work\XPCO\XPCO\AllSolutions\..\Common\SC_CommonFiles\zSC_CommonFiles_UnitTest\bin\Debug\net6.0-windows\zSC_CommonFiles_UnitTest.dll" adapterTypeName="executor://mstestadapter/v2" className="zSC_CommonFiles_UnitTest.VideoOS.UI.Common.WPF.Toast.ToastsViewModelTests" name="UpdateToast_Success" />
    </UnitTest>
    <UnitTest name="Constructor_StateSessionHelper_ArgumentNull_Thrown" storage="d:\actions-runner\_work\xpco\xpco\allsolutions\..\common\sc_commonfiles\zsc_commonfiles_unittest\bin\debug\net6.0-windows\zsc_commonfiles_unittest.dll" id="94400230-a0cf-2852-335d-5880a46a038d">
      <Execution id="724466e8-6e8a-4f69-b4be-9bafafc20150" />
      <TestMethod codeBase="D:\actions-runner\_work\XPCO\XPCO\AllSolutions\..\Common\SC_CommonFiles\zSC_CommonFiles_UnitTest\bin\Debug\net6.0-windows\zSC_CommonFiles_UnitTest.dll" adapterTypeName="executor://mstestadapter/v2" className="zSC_CommonFiles_UnitTest.VideoOS.Common.State.CameraStateManagerTests" name="Constructor_StateSessionHelper_ArgumentNull_Thrown" />
    </UnitTest>
    <UnitTest name="TooltipServiceWarning_Failover_UnknownTriggerValue" storage="d:\actions-runner\_work\xpco\xpco\allsolutions\..\common\sc_commonfiles\zsc_commonfiles_unittest\bin\debug\net6.0-windows\zsc_commonfiles_unittest.dll" id="f182b61b-da52-b9d6-afe0-3488a377d621">
      <Execution id="227b70c2-2ab3-4ef6-97e8-52d70c5639af" />
      <TestMethod codeBase="D:\actions-runner\_work\XPCO\XPCO\AllSolutions\..\Common\SC_CommonFiles\zSC_CommonFiles_UnitTest\bin\Debug\net6.0-windows\zSC_CommonFiles_UnitTest.dll" adapterTypeName="executor://mstestadapter/v2" className="zSC_CommonFiles_UnitTest.VideoOS.UI.Common.WPF.Dashboard.Types.ServerTest" name="TooltipServiceWarning_Failover_UnknownTriggerValue" />
    </UnitTest>
    <UnitTest name="OnPreviewKeyDown_Ctrl_Click_Unselect_Success" storage="d:\actions-runner\_work\xpco\xpco\allsolutions\..\common\sc_commonfiles\zsc_commonfiles_unittest\bin\debug\net6.0-windows\zsc_commonfiles_unittest.dll" id="e1f855c8-36b9-4274-1f3f-20a1e21c5404">
      <TestCategory>
        <TestCategoryItem TestCategory="SC_CommonFiles.WPF.TileLayout" />
      </TestCategory>
      <Execution id="7d03e747-7890-455e-8f90-a8350d607f92" />
      <TestMethod codeBase="D:\actions-runner\_work\XPCO\XPCO\AllSolutions\..\Common\SC_CommonFiles\zSC_CommonFiles_UnitTest\bin\Debug\net6.0-windows\zSC_CommonFiles_UnitTest.dll" adapterTypeName="executor://mstestadapter/v2" className="zSC_CommonFiles_UnitTest.VideoOS.UI.Common.WPF.TileLayout.TileLayoutTest" name="OnPreviewKeyDown_Ctrl_Click_Unselect_Success" />
    </UnitTest>
    <UnitTest name="AddNullToast_Failure_WithArgumentNullException" storage="d:\actions-runner\_work\xpco\xpco\allsolutions\..\common\sc_commonfiles\zsc_commonfiles_unittest\bin\debug\net6.0-windows\zsc_commonfiles_unittest.dll" id="84bf38e9-9144-dc3f-3fbb-788aeff94918">
      <TestCategory>
        <TestCategoryItem TestCategory="Toasts" />
      </TestCategory>
      <Execution id="7bfba3d4-8343-43db-9a36-dfa2ba208891" />
      <TestMethod codeBase="D:\actions-runner\_work\XPCO\XPCO\AllSolutions\..\Common\SC_CommonFiles\zSC_CommonFiles_UnitTest\bin\Debug\net6.0-windows\zSC_CommonFiles_UnitTest.dll" adapterTypeName="executor://mstestadapter/v2" className="zSC_CommonFiles_UnitTest.VideoOS.UI.Common.WPF.Toast.ToastsViewModelTests" name="AddNullToast_Failure_WithArgumentNullException" />
    </UnitTest>
    <UnitTest name="TileNewStateGetsAddedAndCurrentStatesGetUpdatedIfCurrentStatesIsNullAndNewStateIsNotUndefined" storage="d:\actions-runner\_work\xpco\xpco\allsolutions\..\common\sc_commonfiles\zsc_commonfiles_unittest\bin\debug\net6.0-windows\zsc_commonfiles_unittest.dll" id="4cc8300a-eeed-c2e1-d868-e1046399c3e2">
      <Execution id="202d8899-1607-4af1-98cb-c96cdfba3a11" />
      <TestMethod codeBase="D:\actions-runner\_work\XPCO\XPCO\AllSolutions\..\Common\SC_CommonFiles\zSC_CommonFiles_UnitTest\bin\Debug\net6.0-windows\zSC_CommonFiles_UnitTest.dll" adapterTypeName="executor://mstestadapter/v2" className="zSC_CommonFiles_UnitTest.DashboardTilesTests" name="TileNewStateGetsAddedAndCurrentStatesGetUpdatedIfCurrentStatesIsNullAndNewStateIsNotUndefined" />
    </UnitTest>
    <UnitTest name="StopAndDisconnect_SessionStarted_ServiceCalled" storage="d:\actions-runner\_work\xpco\xpco\allsolutions\..\common\sc_commonfiles\zsc_commonfiles_unittest\bin\debug\net6.0-windows\zsc_commonfiles_unittest.dll" id="fdac1400-a880-08a5-eb9b-8963e9019833">
      <Execution id="c895f279-1528-4227-8a2b-c8f24cbe0746" />
      <TestMethod codeBase="D:\actions-runner\_work\XPCO\XPCO\AllSolutions\..\Common\SC_CommonFiles\zSC_CommonFiles_UnitTest\bin\Debug\net6.0-windows\zSC_CommonFiles_UnitTest.dll" adapterTypeName="executor://mstestadapter/v2" className="zSC_CommonFiles_UnitTest.VideoOS.Common.State.StateManagerTests" name="StopAndDisconnect_SessionStarted_ServiceCalled" />
    </UnitTest>
    <UnitTest name="ExtractItems_ShouldExtractSubset_WhenNotAllItemsAreOfExtractedType" storage="d:\actions-runner\_work\xpco\xpco\allsolutions\..\common\sc_commonfiles\zsc_commonfiles_unittest\bin\debug\net6.0-windows\zsc_commonfiles_unittest.dll" id="43785e1c-5d96-d5bd-319b-47bbf8cd5cd3">
      <TestCategory>
        <TestCategoryItem TestCategory="UIControlsExtensions" />
      </TestCategory>
      <Execution id="a931f7cb-4a21-437b-99c7-1cff9a052d82" />
      <TestMethod codeBase="D:\actions-runner\_work\XPCO\XPCO\AllSolutions\..\Common\SC_CommonFiles\zSC_CommonFiles_UnitTest\bin\Debug\net6.0-windows\zSC_CommonFiles_UnitTest.dll" adapterTypeName="executor://mstestadapter/v2" className="zSC_CommonFiles_UnitTest.VideoOS.UI.Common.WPF.Utils.ExtensionMethods.ItemsControlExtensionsTests" name="ExtractItems_ShouldExtractSubset_WhenNotAllItemsAreOfExtractedType" />
    </UnitTest>
    <UnitTest name="GetItemUserControl_Failure" storage="d:\actions-runner\_work\xpco\xpco\allsolutions\..\common\sc_commonfiles\zsc_commonfiles_unittest\bin\debug\net6.0-windows\zsc_commonfiles_unittest.dll" id="c1eeccdf-9e70-35f5-8d31-8a133efe3993">
      <TestCategory>
        <TestCategoryItem TestCategory="SC_CommonFiles.WPF.TileLayout" />
      </TestCategory>
      <Execution id="b9480432-0ef5-41b6-bf4a-ad71d79318cb" />
      <TestMethod codeBase="D:\actions-runner\_work\XPCO\XPCO\AllSolutions\..\Common\SC_CommonFiles\zSC_CommonFiles_UnitTest\bin\Debug\net6.0-windows\zSC_CommonFiles_UnitTest.dll" adapterTypeName="executor://mstestadapter/v2" className="zSC_CommonFiles_UnitTest.VideoOS.UI.Common.WPF.TileLayout.TileLayoutTest" name="GetItemUserControl_Failure" />
    </UnitTest>
    <UnitTest name="Create_NoRecycledItemsAvailable_Success" storage="d:\actions-runner\_work\xpco\xpco\allsolutions\..\common\sc_commonfiles\zsc_commonfiles_unittest\bin\debug\net6.0-windows\zsc_commonfiles_unittest.dll" id="9c6021a0-5c69-1d26-d3e6-3538913699de">
      <Execution id="9c49c248-e15a-43a7-a311-127ca1dbbd8f" />
      <TestMethod codeBase="D:\actions-runner\_work\XPCO\XPCO\AllSolutions\..\Common\SC_CommonFiles\zSC_CommonFiles_UnitTest\bin\Debug\net6.0-windows\zSC_CommonFiles_UnitTest.dll" adapterTypeName="executor://mstestadapter/v2" className="VideoOS.UI.Common.WPF.Utils.RecyclingFactory.RecyclingFactoryTests" name="Create_NoRecycledItemsAvailable_Success" />
    </UnitTest>
    <UnitTest name="Constructor_ShouldCreateTreeOfDepth1_WhenUnitsHaveNoParentButIncludeIsEnabled" storage="d:\actions-runner\_work\xpco\xpco\allsolutions\..\common\sc_commonfiles\zsc_commonfiles_unittest\bin\debug\net6.0-windows\zsc_commonfiles_unittest.dll" id="8d4c082a-f9d0-c638-ed0b-343bc5cdce37">
      <Execution id="b3abec73-c932-4554-ab99-7727eec2cfb7" />
      <TestMethod codeBase="D:\actions-runner\_work\XPCO\XPCO\AllSolutions\..\Common\SC_CommonFiles\zSC_CommonFiles_UnitTest\bin\Debug\net6.0-windows\zSC_CommonFiles_UnitTest.dll" adapterTypeName="executor://mstestadapter/v2" className="SmartClient_UnitTest_VideoOS_UI_Common_WPF_FilterTree.FilterTreeUserControlViewModelTest" name="Constructor_ShouldCreateTreeOfDepth1_WhenUnitsHaveNoParentButIncludeIsEnabled" />
    </UnitTest>
    <UnitTest name="OnPreviewKeyDown_RightAlt_Click_Select_Success" storage="d:\actions-runner\_work\xpco\xpco\allsolutions\..\common\sc_commonfiles\zsc_commonfiles_unittest\bin\debug\net6.0-windows\zsc_commonfiles_unittest.dll" id="7e8a853c-5510-8468-d824-0047ef588b74">
      <TestCategory>
        <TestCategoryItem TestCategory="SC_CommonFiles.WPF.TileLayout" />
      </TestCategory>
      <Execution id="6ab1b2cc-a4c2-4547-8a50-202026caf863" />
      <TestMethod codeBase="D:\actions-runner\_work\XPCO\XPCO\AllSolutions\..\Common\SC_CommonFiles\zSC_CommonFiles_UnitTest\bin\Debug\net6.0-windows\zSC_CommonFiles_UnitTest.dll" adapterTypeName="executor://mstestadapter/v2" className="zSC_CommonFiles_UnitTest.VideoOS.UI.Common.WPF.TileLayout.TileLayoutTest" name="OnPreviewKeyDown_RightAlt_Click_Select_Success" />
    </UnitTest>
    <UnitTest name="MouseDown_InsideSelection_RangeMinUpdated" storage="d:\actions-runner\_work\xpco\xpco\allsolutions\..\common\sc_commonfiles\zsc_commonfiles_unittest\bin\debug\net6.0-windows\zsc_commonfiles_unittest.dll" id="4d104602-0dda-c899-6d83-d5aa637c46a2">
      <TestCategory>
        <TestCategoryItem TestCategory="RangeSelector" />
      </TestCategory>
      <Execution id="6a9a8b57-906d-4501-8c1f-470ec00fbf5c" />
      <TestMethod codeBase="D:\actions-runner\_work\XPCO\XPCO\AllSolutions\..\Common\SC_CommonFiles\zSC_CommonFiles_UnitTest\bin\Debug\net6.0-windows\zSC_CommonFiles_UnitTest.dll" adapterTypeName="executor://mstestadapter/v2" className="VideoOS.UI.Common.WPF.RangeSelector.RangeSelectorTest" name="MouseDown_InsideSelection_RangeMinUpdated" />
    </UnitTest>
    <UnitTest name="IsUnsecureConnectionAllowedForUser_ShouldReturnFalse_WhenAllowUnsecureSetToNotDecided" storage="d:\actions-runner\_work\xpco\xpco\allsolutions\..\common\sc_commonfiles\zsc_commonfiles_unittest\bin\debug\net6.0-windows\zsc_commonfiles_unittest.dll" id="ce5d6351-00d4-a4e9-7df0-2fe2199468f7">
      <Execution id="63dd4ff0-07c7-491e-8ead-4f27e6333c92" />
      <TestMethod codeBase="D:\actions-runner\_work\XPCO\XPCO\AllSolutions\..\Common\SC_CommonFiles\zSC_CommonFiles_UnitTest\bin\Debug\net6.0-windows\zSC_CommonFiles_UnitTest.dll" adapterTypeName="executor://mstestadapter/v2" className="zSC_CommonFiles_UnitTest.VideoOS.Common.Login.UIConnectionInfoTests" name="IsUnsecureConnectionAllowedForUser_ShouldReturnFalse_WhenAllowUnsecureSetToNotDecided" />
    </UnitTest>
    <UnitTest name="SequenceEquals_DifferentlySizedCollections_IgnoreOrder_SymmetricalFalseResult" storage="d:\actions-runner\_work\xpco\xpco\allsolutions\..\common\sc_commonfiles\zsc_commonfiles_unittest\bin\debug\net6.0-windows\zsc_commonfiles_unittest.dll" id="16d4258e-743c-71b8-441e-da9ab5d1a655">
      <Execution id="12e33854-e7e9-4422-9a3d-53adfe22e5c3" />
      <TestMethod codeBase="D:\actions-runner\_work\XPCO\XPCO\AllSolutions\..\Common\SC_CommonFiles\zSC_CommonFiles_UnitTest\bin\Debug\net6.0-windows\zSC_CommonFiles_UnitTest.dll" adapterTypeName="executor://mstestadapter/v2" className="zSC_CommonFiles_UnitTest.VideoOS.UI.Common.WPF.Utils.ObservableCollectionExtensionTest" name="SequenceEquals_DifferentlySizedCollections_IgnoreOrder_SymmetricalFalseResult" />
    </UnitTest>
    <UnitTest name="SequenceEquals_NullCollection_RespectOrder_FalseResult" storage="d:\actions-runner\_work\xpco\xpco\allsolutions\..\common\sc_commonfiles\zsc_commonfiles_unittest\bin\debug\net6.0-windows\zsc_commonfiles_unittest.dll" id="501c02cb-ac5f-5745-c75a-6cf52f922f62">
      <Execution id="7ea464e5-9fea-4222-8e7b-5254469747d2" />
      <TestMethod codeBase="D:\actions-runner\_work\XPCO\XPCO\AllSolutions\..\Common\SC_CommonFiles\zSC_CommonFiles_UnitTest\bin\Debug\net6.0-windows\zSC_CommonFiles_UnitTest.dll" adapterTypeName="executor://mstestadapter/v2" className="zSC_CommonFiles_UnitTest.VideoOS.UI.Common.WPF.Utils.ObservableCollectionExtensionTest" name="SequenceEquals_NullCollection_RespectOrder_FalseResult" />
    </UnitTest>
    <UnitTest name="Constructor_StateService_ArgumentNull_Thrown" storage="d:\actions-runner\_work\xpco\xpco\allsolutions\..\common\sc_commonfiles\zsc_commonfiles_unittest\bin\debug\net6.0-windows\zsc_commonfiles_unittest.dll" id="a4ebc8c3-3a4e-4ab1-e6c5-04365965ee9e">
      <Execution id="2855fe16-6e2e-4f5d-a722-c8874a6d5b64" />
      <TestMethod codeBase="D:\actions-runner\_work\XPCO\XPCO\AllSolutions\..\Common\SC_CommonFiles\zSC_CommonFiles_UnitTest\bin\Debug\net6.0-windows\zSC_CommonFiles_UnitTest.dll" adapterTypeName="executor://mstestadapter/v2" className="zSC_CommonFiles_UnitTest.VideoOS.Common.State.ServerStateManagerTests" name="Constructor_StateService_ArgumentNull_Thrown" />
    </UnitTest>
    <UnitTest name="FontDownCommand_ShouldDecreaseFontForSelectedSlide" storage="d:\actions-runner\_work\xpco\xpco\allsolutions\..\common\sc_commonfiles\zsc_commonfiles_unittest\bin\debug\net6.0-windows\zsc_commonfiles_unittest.dll" id="8a840b5c-7cc0-3e0e-9c58-be69d6fcfb38">
      <Execution id="bcd8c4e5-4a67-417b-91e5-29182d55f901" />
      <TestMethod codeBase="D:\actions-runner\_work\XPCO\XPCO\AllSolutions\..\Common\SC_CommonFiles\zSC_CommonFiles_UnitTest\bin\Debug\net6.0-windows\zSC_CommonFiles_UnitTest.dll" adapterTypeName="executor://mstestadapter/v2" className="zSC_CommonFiles_UnitTest.VideoOS.UI.Common.WPF.VideoText.VideoTextWindowViewModelTests" name="FontDownCommand_ShouldDecreaseFontForSelectedSlide" />
    </UnitTest>
    <UnitTest name="CreateTileMustInitializeWithProperLocalizedText" storage="d:\actions-runner\_work\xpco\xpco\allsolutions\..\common\sc_commonfiles\zsc_commonfiles_unittest\bin\debug\net6.0-windows\zsc_commonfiles_unittest.dll" id="87c36423-3ba7-fe8e-7a2d-f8a7fdd246be">
      <Execution id="03990c47-a6d8-40a0-8f8e-0756c6c89ce9" />
      <TestMethod codeBase="D:\actions-runner\_work\XPCO\XPCO\AllSolutions\..\Common\SC_CommonFiles\zSC_CommonFiles_UnitTest\bin\Debug\net6.0-windows\zSC_CommonFiles_UnitTest.dll" adapterTypeName="executor://mstestadapter/v2" className="zSC_CommonFiles_UnitTest.LocalizationTests" name="CreateTileMustInitializeWithProperLocalizedText" />
    </UnitTest>
    <UnitTest name="ExtractItems_ShouldEmptyItemsControl_WhenAllItemsAreOfExtractedType" storage="d:\actions-runner\_work\xpco\xpco\allsolutions\..\common\sc_commonfiles\zsc_commonfiles_unittest\bin\debug\net6.0-windows\zsc_commonfiles_unittest.dll" id="49da23cd-956c-d063-f00f-78019f6587a5">
      <TestCategory>
        <TestCategoryItem TestCategory="UIControlsExtensions" />
      </TestCategory>
      <Execution id="f6a8d276-d694-4e07-8fa9-6ccbb691badb" />
      <TestMethod codeBase="D:\actions-runner\_work\XPCO\XPCO\AllSolutions\..\Common\SC_CommonFiles\zSC_CommonFiles_UnitTest\bin\Debug\net6.0-windows\zSC_CommonFiles_UnitTest.dll" adapterTypeName="executor://mstestadapter/v2" className="zSC_CommonFiles_UnitTest.VideoOS.UI.Common.WPF.Utils.ExtensionMethods.ItemsControlExtensionsTests" name="ExtractItems_ShouldEmptyItemsControl_WhenAllItemsAreOfExtractedType" />
    </UnitTest>
    <UnitTest name="AddToast_NullToast_Throws" storage="d:\actions-runner\_work\xpco\xpco\allsolutions\..\common\sc_commonfiles\zsc_commonfiles_unittest\bin\debug\net6.0-windows\zsc_commonfiles_unittest.dll" id="33919fac-e25b-5982-05db-e9034087e4af">
      <TestCategory>
        <TestCategoryItem TestCategory="Toasts" />
      </TestCategory>
      <Execution id="f155ce78-d7a2-43d0-bafd-39e8fc389eac" />
      <TestMethod codeBase="D:\actions-runner\_work\XPCO\XPCO\AllSolutions\..\Common\SC_CommonFiles\zSC_CommonFiles_UnitTest\bin\Debug\net6.0-windows\zSC_CommonFiles_UnitTest.dll" adapterTypeName="executor://mstestadapter/v2" className="VideoOS.UI.Common.WPF.Toast.ToastManagerTests" name="AddToast_NullToast_Throws" />
    </UnitTest>
    <UnitTest name="Constructor_StateSessionHelper_ArgumentNull_Thrown" storage="d:\actions-runner\_work\xpco\xpco\allsolutions\..\common\sc_commonfiles\zsc_commonfiles_unittest\bin\debug\net6.0-windows\zsc_commonfiles_unittest.dll" id="9407802f-e3bb-717e-dfa6-c4f68e793c26">
      <Execution id="0a69c68a-a69c-4b7a-8e9e-e540094df9eb" />
      <TestMethod codeBase="D:\actions-runner\_work\XPCO\XPCO\AllSolutions\..\Common\SC_CommonFiles\zSC_CommonFiles_UnitTest\bin\Debug\net6.0-windows\zSC_CommonFiles_UnitTest.dll" adapterTypeName="executor://mstestadapter/v2" className="zSC_CommonFiles_UnitTest.VideoOS.Common.State.StateManagerTests" name="Constructor_StateSessionHelper_ArgumentNull_Thrown" />
    </UnitTest>
    <UnitTest name="GetBoolValueOrDefault_WrongKeyValue_DefaultValueReturned" storage="d:\actions-runner\_work\xpco\xpco\allsolutions\..\common\sc_commonfiles\zsc_commonfiles_unittest\bin\debug\net6.0-windows\zsc_commonfiles_unittest.dll" id="b64d692e-2bcf-ef81-2204-4e384a726323">
      <Execution id="4dde61b8-4a4f-402f-9e1a-929d179bb404" />
      <TestMethod codeBase="D:\actions-runner\_work\XPCO\XPCO\AllSolutions\..\Common\SC_CommonFiles\zSC_CommonFiles_UnitTest\bin\Debug\net6.0-windows\zSC_CommonFiles_UnitTest.dll" adapterTypeName="executor://mstestadapter/v2" className="zSC_CommonFiles_UnitTest.VideoOS.Common.Configuration.NameValueCollectionExtensionsTest" name="GetBoolValueOrDefault_WrongKeyValue_DefaultValueReturned" />
    </UnitTest>
    <UnitTest name="IsUnsecureConnectionAllowedForUser_ShouldReturnFalse_WhenNoUser" storage="d:\actions-runner\_work\xpco\xpco\allsolutions\..\common\sc_commonfiles\zsc_commonfiles_unittest\bin\debug\net6.0-windows\zsc_commonfiles_unittest.dll" id="ce743239-1b20-9584-c28b-8dc6a59dc3bb">
      <Execution id="b99e224c-01a9-4991-94fd-c518160601a9" />
      <TestMethod codeBase="D:\actions-runner\_work\XPCO\XPCO\AllSolutions\..\Common\SC_CommonFiles\zSC_CommonFiles_UnitTest\bin\Debug\net6.0-windows\zSC_CommonFiles_UnitTest.dll" adapterTypeName="executor://mstestadapter/v2" className="zSC_CommonFiles_UnitTest.VideoOS.Common.Login.UIConnectionInfoTests" name="IsUnsecureConnectionAllowedForUser_ShouldReturnFalse_WhenNoUser" />
    </UnitTest>
    <UnitTest name="ArrangeOverride__6child_AllMustShrink__AllAreShrunk" storage="d:\actions-runner\_work\xpco\xpco\allsolutions\..\common\sc_commonfiles\zsc_commonfiles_unittest\bin\debug\net6.0-windows\zsc_commonfiles_unittest.dll" id="b55addd3-5335-70b5-4725-96a0e81794df">
      <TestCategory>
        <TestCategoryItem TestCategory="Controls" />
      </TestCategory>
      <Execution id="3aa48604-4999-495f-8ed2-af77ab159441" />
      <TestMethod codeBase="D:\actions-runner\_work\XPCO\XPCO\AllSolutions\..\Common\SC_CommonFiles\zSC_CommonFiles_UnitTest\bin\Debug\net6.0-windows\zSC_CommonFiles_UnitTest.dll" adapterTypeName="executor://mstestadapter/v2" className="VideoOS.UI.Common.WPF.Controls.HorizontalPanelTests" name="ArrangeOverride__6child_AllMustShrink__AllAreShrunk" />
    </UnitTest>
    <UnitTest name="RoundToHour_Down" storage="d:\actions-runner\_work\xpco\xpco\allsolutions\..\common\sc_commonfiles\zsc_commonfiles_unittest\bin\debug\net6.0-windows\zsc_commonfiles_unittest.dll" id="41441101-47ad-5d05-d82c-2bfa6a698b36">
      <Execution id="795f702c-3dc8-4e47-9fa7-ddb83d43d308" />
      <TestMethod codeBase="D:\actions-runner\_work\XPCO\XPCO\AllSolutions\..\Common\SC_CommonFiles\zSC_CommonFiles_UnitTest\bin\Debug\net6.0-windows\zSC_CommonFiles_UnitTest.dll" adapterTypeName="executor://mstestadapter/v2" className="zSC_CommonFiles_UnitTest.VideoOS.UI.Common.WPF.Utils.ExtensionMethods.DateTimeExtensionsTests" name="RoundToHour_Down" />
    </UnitTest>
    <UnitTest name="Convert_ShouldReturnGreaterThanString_WhenValueIsGreaterThanThreshold" storage="d:\actions-runner\_work\xpco\xpco\allsolutions\..\common\sc_commonfiles\zsc_commonfiles_unittest\bin\debug\net6.0-windows\zsc_commonfiles_unittest.dll" id="669c2664-9e93-7539-3901-e5233189df70">
      <Execution id="1bfa5443-354a-4645-a38e-c505d80a5480" />
      <TestMethod codeBase="D:\actions-runner\_work\XPCO\XPCO\AllSolutions\..\Common\SC_CommonFiles\zSC_CommonFiles_UnitTest\bin\Debug\net6.0-windows\zSC_CommonFiles_UnitTest.dll" adapterTypeName="executor://mstestadapter/v2" className="zSC_CommonFiles_UnitTest.VideoOS.UI.Common.WPF.Utils.Converters.CountToStringConverterTests" name="Convert_ShouldReturnGreaterThanString_WhenValueIsGreaterThanThreshold" />
    </UnitTest>
    <UnitTest name="Convert_MultiValueConverter_DifferentTargetType_Success" storage="d:\actions-runner\_work\xpco\xpco\allsolutions\..\common\sc_commonfiles\zsc_commonfiles_unittest\bin\debug\net6.0-windows\zsc_commonfiles_unittest.dll" id="9dcd4ce8-33dc-3db8-df54-9c3e687528fe">
      <Execution id="98465d05-c920-4c89-a5c7-abfade99bd66" />
      <TestMethod codeBase="D:\actions-runner\_work\XPCO\XPCO\AllSolutions\..\Common\SC_CommonFiles\zSC_CommonFiles_UnitTest\bin\Debug\net6.0-windows\zSC_CommonFiles_UnitTest.dll" adapterTypeName="executor://mstestadapter/v2" className="zSC_CommonFiles_UnitTest.VideoOS.UI.Common.WPF.Utils.Converters.MaxWidthConverterTests" name="Convert_MultiValueConverter_DifferentTargetType_Success" />
    </UnitTest>
    <UnitTest name="ExtensionInvokeTest" storage="d:\actions-runner\_work\xpco\xpco\allsolutions\..\common\sc_commonfiles\zsc_commonfiles_unittest\bin\debug\net6.0-windows\zsc_commonfiles_unittest.dll" id="bff954f8-e2d5-b0a0-fd97-8dd0ad93ed5a">
      <Execution id="69f178b8-000e-4a6e-924e-22297cc5ee6f" />
      <TestMethod codeBase="D:\actions-runner\_work\XPCO\XPCO\AllSolutions\..\Common\SC_CommonFiles\zSC_CommonFiles_UnitTest\bin\Debug\net6.0-windows\zSC_CommonFiles_UnitTest.dll" adapterTypeName="executor://mstestadapter/v2" className="SmartClient_UnitTest.VideoOS.UI.Common.WPF.Utils.Threading.DispatcherExtensionsTest" name="ExtensionInvokeTest" />
    </UnitTest>
    <UnitTest name="TooltipServiceWarning_Failover_AuthorizationError" storage="d:\actions-runner\_work\xpco\xpco\allsolutions\..\common\sc_commonfiles\zsc_commonfiles_unittest\bin\debug\net6.0-windows\zsc_commonfiles_unittest.dll" id="d44e5ef1-d45e-248e-aa87-897c4217e08f">
      <Execution id="96721187-4587-4588-aece-c87f9e9537a2" />
      <TestMethod codeBase="D:\actions-runner\_work\XPCO\XPCO\AllSolutions\..\Common\SC_CommonFiles\zSC_CommonFiles_UnitTest\bin\Debug\net6.0-windows\zSC_CommonFiles_UnitTest.dll" adapterTypeName="executor://mstestadapter/v2" className="zSC_CommonFiles_UnitTest.VideoOS.UI.Common.WPF.Dashboard.Types.ServerTest" name="TooltipServiceWarning_Failover_AuthorizationError" />
    </UnitTest>
    <UnitTest name="CloseShouldBlockTheCache" storage="d:\actions-runner\_work\xpco\xpco\allsolutions\..\common\sc_commonfiles\zsc_commonfiles_unittest\bin\debug\net6.0-windows\zsc_commonfiles_unittest.dll" id="a968b87e-cff6-bf9a-9da7-2e125015401d">
      <Execution id="414a9e66-e4af-4f4d-9983-171928ab2132" />
      <TestMethod codeBase="D:\actions-runner\_work\XPCO\XPCO\AllSolutions\..\Common\SC_CommonFiles\zSC_CommonFiles_UnitTest\bin\Debug\net6.0-windows\zSC_CommonFiles_UnitTest.dll" adapterTypeName="executor://mstestadapter/v2" className="SC_Common_UnitTest_VideoOS_UI_Common_Data_SequenceRetriever_ThumbCache.ThumbCacheTest" name="CloseShouldBlockTheCache" />
    </UnitTest>
    <UnitTest name="ItemHolderSelectedToggleButton_Init_Success" storage="d:\actions-runner\_work\xpco\xpco\allsolutions\..\common\sc_commonfiles\zsc_commonfiles_unittest\bin\debug\net6.0-windows\zsc_commonfiles_unittest.dll" id="9fa25131-4a4e-7dac-7ed1-7e35fdb0b337">
      <TestCategory>
        <TestCategoryItem TestCategory="SC_CommonFiles.WPF.TileLayout" />
      </TestCategory>
      <Execution id="d437036c-aced-4845-8aa9-4abb96205dd9" />
      <TestMethod codeBase="D:\actions-runner\_work\XPCO\XPCO\AllSolutions\..\Common\SC_CommonFiles\zSC_CommonFiles_UnitTest\bin\Debug\net6.0-windows\zSC_CommonFiles_UnitTest.dll" adapterTypeName="executor://mstestadapter/v2" className="zSC_CommonFiles_UnitTest.VideoOS.UI.Common.WPF.TileLayout.ItemHolderTest" name="ItemHolderSelectedToggleButton_Init_Success" />
    </UnitTest>
    <UnitTest name="AddFrameworkElementsOverlay_WithFollowDigitalZoomFalse_ShouldAddToFrameworkElementsOverlaysFixed" storage="d:\actions-runner\_work\xpco\xpco\allsolutions\..\common\sc_commonfiles\zsc_commonfiles_unittest\bin\debug\net6.0-windows\zsc_commonfiles_unittest.dll" id="54792cc5-5557-3941-5368-3e4248495373">
      <Execution id="e5e7b299-80ab-4482-aa0f-e3fda41035b8" />
      <TestMethod codeBase="D:\actions-runner\_work\XPCO\XPCO\AllSolutions\..\Common\SC_CommonFiles\zSC_CommonFiles_UnitTest\bin\Debug\net6.0-windows\zSC_CommonFiles_UnitTest.dll" adapterTypeName="executor://mstestadapter/v2" className="zSC_CommonFiles_UnitTest.VideoOS.UI.Common.WPF.VideoPlayer.Model.FrameworkElementsOverlayModelTests" name="AddFrameworkElementsOverlay_WithFollowDigitalZoomFalse_ShouldAddToFrameworkElementsOverlaysFixed" />
    </UnitTest>
    <UnitTest name="Create_RecycledItemAvailable_Success" storage="d:\actions-runner\_work\xpco\xpco\allsolutions\..\common\sc_commonfiles\zsc_commonfiles_unittest\bin\debug\net6.0-windows\zsc_commonfiles_unittest.dll" id="8e17e180-a6fb-9c35-ec45-dff245336c94">
      <Execution id="3a2f19a1-9782-41a8-a0c8-449a49a3a5a6" />
      <TestMethod codeBase="D:\actions-runner\_work\XPCO\XPCO\AllSolutions\..\Common\SC_CommonFiles\zSC_CommonFiles_UnitTest\bin\Debug\net6.0-windows\zSC_CommonFiles_UnitTest.dll" adapterTypeName="executor://mstestadapter/v2" className="VideoOS.UI.Common.WPF.Utils.RecyclingFactory.RecyclingFactoryTests" name="Create_RecycledItemAvailable_Success" />
    </UnitTest>
    <UnitTest name="ShowDialogScaledHorizontalCenter_150Percent_Scaling" storage="d:\actions-runner\_work\xpco\xpco\allsolutions\..\common\sc_commonfiles\zsc_commonfiles_unittest\bin\debug\net6.0-windows\zsc_commonfiles_unittest.dll" id="b722671b-5697-c030-4a64-cd7cdd00f422">
      <Execution id="4b093939-6ebe-4e26-917c-826659869aec" />
      <TestMethod codeBase="D:\actions-runner\_work\XPCO\XPCO\AllSolutions\..\Common\SC_CommonFiles\zSC_CommonFiles_UnitTest\bin\Debug\net6.0-windows\zSC_CommonFiles_UnitTest.dll" adapterTypeName="executor://mstestadapter/v2" className="zSC_CommonFiles_UnitTest.VideoOS.UI.Common.WPF.Utils.ExtensionMethods.WindowExtensionsTests" name="ShowDialogScaledHorizontalCenter_150Percent_Scaling" />
    </UnitTest>
    <UnitTest name="GetStringValueOrDefault_KeyNotFound_DefaultValueReturned" storage="d:\actions-runner\_work\xpco\xpco\allsolutions\..\common\sc_commonfiles\zsc_commonfiles_unittest\bin\debug\net6.0-windows\zsc_commonfiles_unittest.dll" id="1c73ceb9-2072-2e5e-a2de-ee8cd9695cfc">
      <Execution id="3352a541-8db4-4589-b728-99254a1e8379" />
      <TestMethod codeBase="D:\actions-runner\_work\XPCO\XPCO\AllSolutions\..\Common\SC_CommonFiles\zSC_CommonFiles_UnitTest\bin\Debug\net6.0-windows\zSC_CommonFiles_UnitTest.dll" adapterTypeName="executor://mstestadapter/v2" className="zSC_CommonFiles_UnitTest.VideoOS.Common.Configuration.NameValueCollectionExtensionsTest" name="GetStringValueOrDefault_KeyNotFound_DefaultValueReturned" />
    </UnitTest>
    <UnitTest name="RoundToMillisecond_RoundUp" storage="d:\actions-runner\_work\xpco\xpco\allsolutions\..\common\sc_commonfiles\zsc_commonfiles_unittest\bin\debug\net6.0-windows\zsc_commonfiles_unittest.dll" id="035ef68b-c3bd-7b62-9eec-5a605eb83f8c">
      <Execution id="0db285b9-472d-40e1-b01c-96a440bf986c" />
      <TestMethod codeBase="D:\actions-runner\_work\XPCO\XPCO\AllSolutions\..\Common\SC_CommonFiles\zSC_CommonFiles_UnitTest\bin\Debug\net6.0-windows\zSC_CommonFiles_UnitTest.dll" adapterTypeName="executor://mstestadapter/v2" className="zSC_CommonFiles_UnitTest.VideoOS.UI.Common.WPF.Utils.ExtensionMethods.TimeSpanExtensionsTests" name="RoundToMillisecond_RoundUp" />
    </UnitTest>
    <UnitTest name="ExtensionBeginInvokeOneParamTest" storage="d:\actions-runner\_work\xpco\xpco\allsolutions\..\common\sc_commonfiles\zsc_commonfiles_unittest\bin\debug\net6.0-windows\zsc_commonfiles_unittest.dll" id="82fcf867-5749-9edd-5c4f-4e3b8b6ee0a4">
      <Execution id="7f38bea1-2039-4975-9b01-596d56de2254" />
      <TestMethod codeBase="D:\actions-runner\_work\XPCO\XPCO\AllSolutions\..\Common\SC_CommonFiles\zSC_CommonFiles_UnitTest\bin\Debug\net6.0-windows\zSC_CommonFiles_UnitTest.dll" adapterTypeName="executor://mstestadapter/v2" className="SmartClient_UnitTest.VideoOS.UI.Common.WPF.Utils.Threading.DispatcherExtensionsTest" name="ExtensionBeginInvokeOneParamTest" />
    </UnitTest>
    <UnitTest name="OkNewTileAddsANewTile" storage="d:\actions-runner\_work\xpco\xpco\allsolutions\..\common\sc_commonfiles\zsc_commonfiles_unittest\bin\debug\net6.0-windows\zsc_commonfiles_unittest.dll" id="8dde7174-38d7-ee12-7e68-7117e399b660">
      <Execution id="92137ad1-523b-429b-b17d-33cc43d3dea7" />
      <TestMethod codeBase="D:\actions-runner\_work\XPCO\XPCO\AllSolutions\..\Common\SC_CommonFiles\zSC_CommonFiles_UnitTest\bin\Debug\net6.0-windows\zSC_CommonFiles_UnitTest.dll" adapterTypeName="executor://mstestadapter/v2" className="zSC_CommonFiles_UnitTest.DashboardTilesTests" name="OkNewTileAddsANewTile" />
    </UnitTest>
    <UnitTest name="EqualsTest" storage="d:\actions-runner\_work\xpco\xpco\allsolutions\..\common\sc_commonfiles\zsc_commonfiles_unittest\bin\debug\net6.0-windows\zsc_commonfiles_unittest.dll" id="16c91d34-e916-3d59-f51a-4f9b85399289">
      <Execution id="69a8dcb1-7ec3-44ff-86b8-7d08239f8eea" />
      <TestMethod codeBase="D:\actions-runner\_work\XPCO\XPCO\AllSolutions\..\Common\SC_CommonFiles\zSC_CommonFiles_UnitTest\bin\Debug\net6.0-windows\zSC_CommonFiles_UnitTest.dll" adapterTypeName="executor://mstestadapter/v2" className="SmartClient_UnitTest_VideoOS_UI_Common_WPF_Timeline.TimeIntervalTest" name="EqualsTest" />
    </UnitTest>
    <UnitTest name="IfInstanceIdIsNotSetThenEntityNameIsCategoryName" storage="d:\actions-runner\_work\xpco\xpco\allsolutions\..\common\sc_commonfiles\zsc_commonfiles_unittest\bin\debug\net6.0-windows\zsc_commonfiles_unittest.dll" id="c66e3bc2-2f46-3828-947c-08aea11ba952">
      <Execution id="75ee9bd3-cd5b-46ef-a0a4-4eaec3f0efb7" />
      <TestMethod codeBase="D:\actions-runner\_work\XPCO\XPCO\AllSolutions\..\Common\SC_CommonFiles\zSC_CommonFiles_UnitTest\bin\Debug\net6.0-windows\zSC_CommonFiles_UnitTest.dll" adapterTypeName="executor://mstestadapter/v2" className="zSC_CommonFiles_UnitTest.LocalizationTests" name="IfInstanceIdIsNotSetThenEntityNameIsCategoryName" />
    </UnitTest>
    <UnitTest name="GetStates_SessionStarted_WithStates" storage="d:\actions-runner\_work\xpco\xpco\allsolutions\..\common\sc_commonfiles\zsc_commonfiles_unittest\bin\debug\net6.0-windows\zsc_commonfiles_unittest.dll" id="278a11dd-76cf-5c46-224d-0d3283afee51">
      <Execution id="a5988112-6dfe-4fe8-aa2f-72b8f066218c" />
      <TestMethod codeBase="D:\actions-runner\_work\XPCO\XPCO\AllSolutions\..\Common\SC_CommonFiles\zSC_CommonFiles_UnitTest\bin\Debug\net6.0-windows\zSC_CommonFiles_UnitTest.dll" adapterTypeName="executor://mstestadapter/v2" className="zSC_CommonFiles_UnitTest.VideoOS.Common.State.ServerStateManagerTests" name="GetStates_SessionStarted_WithStates" />
    </UnitTest>
    <UnitTest name="OkEditTileEditsTile" storage="d:\actions-runner\_work\xpco\xpco\allsolutions\..\common\sc_commonfiles\zsc_commonfiles_unittest\bin\debug\net6.0-windows\zsc_commonfiles_unittest.dll" id="f106274d-5d2d-5f08-6dad-6f5b4c7e2e4c">
      <Execution id="e29a6299-f0c5-4aad-8651-ebb5dc439ae1" />
      <TestMethod codeBase="D:\actions-runner\_work\XPCO\XPCO\AllSolutions\..\Common\SC_CommonFiles\zSC_CommonFiles_UnitTest\bin\Debug\net6.0-windows\zSC_CommonFiles_UnitTest.dll" adapterTypeName="executor://mstestadapter/v2" className="zSC_CommonFiles_UnitTest.DashboardTilesTests" name="OkEditTileEditsTile" />
    </UnitTest>
    <UnitTest name="GetIntersectingTest" storage="d:\actions-runner\_work\xpco\xpco\allsolutions\..\common\sc_commonfiles\zsc_commonfiles_unittest\bin\debug\net6.0-windows\zsc_commonfiles_unittest.dll" id="db062b49-88de-b8f8-9ca6-8a07ff86d1c6">
      <Execution id="25300e73-dd5d-4a11-8814-e5ace2fa224b" />
      <TestMethod codeBase="D:\actions-runner\_work\XPCO\XPCO\AllSolutions\..\Common\SC_CommonFiles\zSC_CommonFiles_UnitTest\bin\Debug\net6.0-windows\zSC_CommonFiles_UnitTest.dll" adapterTypeName="executor://mstestadapter/v2" className="SmartClient_UnitTest_VideoOS_UI_Common_WPF_Timeline.TimeIntervalC5ExtensionTest" name="GetIntersectingTest" />
    </UnitTest>
    <UnitTest name="ReorderTilesOrdersByPositionCamera" storage="d:\actions-runner\_work\xpco\xpco\allsolutions\..\common\sc_commonfiles\zsc_commonfiles_unittest\bin\debug\net6.0-windows\zsc_commonfiles_unittest.dll" id="51395a71-b567-dc86-b950-ec06701415e4">
      <Execution id="23ae53ea-c90d-482c-be49-e8b5526d58d1" />
      <TestMethod codeBase="D:\actions-runner\_work\XPCO\XPCO\AllSolutions\..\Common\SC_CommonFiles\zSC_CommonFiles_UnitTest\bin\Debug\net6.0-windows\zSC_CommonFiles_UnitTest.dll" adapterTypeName="executor://mstestadapter/v2" className="zSC_CommonFiles_UnitTest.DashboardTilesTests" name="ReorderTilesOrdersByPositionCamera" />
    </UnitTest>
    <UnitTest name="UpdateFrameworkElementsOverlay_WithUnknownId_ShouldReturnFalse" storage="d:\actions-runner\_work\xpco\xpco\allsolutions\..\common\sc_commonfiles\zsc_commonfiles_unittest\bin\debug\net6.0-windows\zsc_commonfiles_unittest.dll" id="b2995b06-1442-48cc-a8f7-299ee21d333d">
      <Execution id="fff6e84c-86c6-4919-a262-aab6c59ec262" />
      <TestMethod codeBase="D:\actions-runner\_work\XPCO\XPCO\AllSolutions\..\Common\SC_CommonFiles\zSC_CommonFiles_UnitTest\bin\Debug\net6.0-windows\zSC_CommonFiles_UnitTest.dll" adapterTypeName="executor://mstestadapter/v2" className="zSC_CommonFiles_UnitTest.VideoOS.UI.Common.WPF.VideoPlayer.Model.FrameworkElementsOverlayModelTests" name="UpdateFrameworkElementsOverlay_WithUnknownId_ShouldReturnFalse" />
    </UnitTest>
    <UnitTest name="DrawControl_Success" storage="d:\actions-runner\_work\xpco\xpco\allsolutions\..\common\sc_commonfiles\zsc_commonfiles_unittest\bin\debug\net6.0-windows\zsc_commonfiles_unittest.dll" id="24801bf2-63b2-04d1-d795-083a0ecbe814">
      <TestCategory>
        <TestCategoryItem TestCategory="RangeSelector" />
      </TestCategory>
      <Execution id="e10f2fe9-99a4-4b31-9b3d-1c5075ad2fec" />
      <TestMethod codeBase="D:\actions-runner\_work\XPCO\XPCO\AllSolutions\..\Common\SC_CommonFiles\zSC_CommonFiles_UnitTest\bin\Debug\net6.0-windows\zSC_CommonFiles_UnitTest.dll" adapterTypeName="executor://mstestadapter/v2" className="VideoOS.UI.Common.WPF.RangeSelector.RangeSelectorTest" name="DrawControl_Success" />
    </UnitTest>
    <UnitTest name="AllowUnsecureConnection_ShouldBeFalse_WhenUsernameDoesNotExist" storage="d:\actions-runner\_work\xpco\xpco\allsolutions\..\common\sc_commonfiles\zsc_commonfiles_unittest\bin\debug\net6.0-windows\zsc_commonfiles_unittest.dll" id="12c318f1-025e-56db-70fc-391decd83ddf">
      <Execution id="95c73acb-8adf-4530-a51e-20b0e630f4ca" />
      <TestMethod codeBase="D:\actions-runner\_work\XPCO\XPCO\AllSolutions\..\Common\SC_CommonFiles\zSC_CommonFiles_UnitTest\bin\Debug\net6.0-windows\zSC_CommonFiles_UnitTest.dll" adapterTypeName="executor://mstestadapter/v2" className="zSC_CommonFiles_UnitTest.VideoOS.Common.Login.UIConnectionInfoTests" name="AllowUnsecureConnection_ShouldBeFalse_WhenUsernameDoesNotExist" />
    </UnitTest>
    <UnitTest name="TileLayout_Focused_BorderBrushUpdated" storage="d:\actions-runner\_work\xpco\xpco\allsolutions\..\common\sc_commonfiles\zsc_commonfiles_unittest\bin\debug\net6.0-windows\zsc_commonfiles_unittest.dll" id="08927107-8d8c-0e18-84c3-bf6112c63fb2">
      <TestCategory>
        <TestCategoryItem TestCategory="SC_CommonFiles.WPF.TileLayout" />
      </TestCategory>
      <Execution id="432acf9d-aa95-4e23-a95c-46e1b04f0531" />
      <TestMethod codeBase="D:\actions-runner\_work\XPCO\XPCO\AllSolutions\..\Common\SC_CommonFiles\zSC_CommonFiles_UnitTest\bin\Debug\net6.0-windows\zSC_CommonFiles_UnitTest.dll" adapterTypeName="executor://mstestadapter/v2" className="zSC_CommonFiles_UnitTest.VideoOS.UI.Common.WPF.TileLayout.ItemHolderTest" name="TileLayout_Focused_BorderBrushUpdated" />
    </UnitTest>
    <UnitTest name="GetStringValueOrDefault_KeyFound_ValueReturned" storage="d:\actions-runner\_work\xpco\xpco\allsolutions\..\common\sc_commonfiles\zsc_commonfiles_unittest\bin\debug\net6.0-windows\zsc_commonfiles_unittest.dll" id="45e75a0d-4283-5aac-6b8e-d457bbb3aa8a">
      <Execution id="afad58c5-1fd5-4848-bec2-ae1ca8c651e8" />
      <TestMethod codeBase="D:\actions-runner\_work\XPCO\XPCO\AllSolutions\..\Common\SC_CommonFiles\zSC_CommonFiles_UnitTest\bin\Debug\net6.0-windows\zSC_CommonFiles_UnitTest.dll" adapterTypeName="executor://mstestadapter/v2" className="zSC_CommonFiles_UnitTest.VideoOS.Common.Configuration.NameValueCollectionExtensionsTest" name="GetStringValueOrDefault_KeyFound_ValueReturned" />
    </UnitTest>
    <UnitTest name="ProvideValue_ReturnsThis" storage="d:\actions-runner\_work\xpco\xpco\allsolutions\..\common\sc_commonfiles\zsc_commonfiles_unittest\bin\debug\net6.0-windows\zsc_commonfiles_unittest.dll" id="6be2a7ca-9e0f-738a-b561-fdbbb35486e2">
      <TestCategory>
        <TestCategoryItem TestCategory="Converters" />
      </TestCategory>
      <Execution id="b0ae95e5-bf37-4741-8d33-20cee2278c56" />
      <TestMethod codeBase="D:\actions-runner\_work\XPCO\XPCO\AllSolutions\..\Common\SC_CommonFiles\zSC_CommonFiles_UnitTest\bin\Debug\net6.0-windows\zSC_CommonFiles_UnitTest.dll" adapterTypeName="executor://mstestadapter/v2" className="VideoOS.UI.Common.WPF.Utils.Converters.OffsetConverterTests" name="ProvideValue_ReturnsThis" />
    </UnitTest>
    <UnitTest name="TooltipServiceWarning_Failover_LocalSSLError" storage="d:\actions-runner\_work\xpco\xpco\allsolutions\..\common\sc_commonfiles\zsc_commonfiles_unittest\bin\debug\net6.0-windows\zsc_commonfiles_unittest.dll" id="da7d9a18-f239-39a4-8fc7-3bf5666ab8f3">
      <Execution id="3ae3565a-5d5c-48f2-8837-a4d943abd3e1" />
      <TestMethod codeBase="D:\actions-runner\_work\XPCO\XPCO\AllSolutions\..\Common\SC_CommonFiles\zSC_CommonFiles_UnitTest\bin\Debug\net6.0-windows\zSC_CommonFiles_UnitTest.dll" adapterTypeName="executor://mstestadapter/v2" className="zSC_CommonFiles_UnitTest.VideoOS.UI.Common.WPF.Dashboard.Types.ServerTest" name="TooltipServiceWarning_Failover_LocalSSLError" />
    </UnitTest>
    <UnitTest name="TestPersistTilesAsync" storage="d:\actions-runner\_work\xpco\xpco\allsolutions\..\common\sc_commonfiles\zsc_commonfiles_unittest\bin\debug\net6.0-windows\zsc_commonfiles_unittest.dll" id="30615111-4d56-31e8-6884-f7dcdc0aad49">
      <Execution id="1c3b7135-1f91-41a1-845b-dab912a16ba1" />
      <TestMethod codeBase="D:\actions-runner\_work\XPCO\XPCO\AllSolutions\..\Common\SC_CommonFiles\zSC_CommonFiles_UnitTest\bin\Debug\net6.0-windows\zSC_CommonFiles_UnitTest.dll" adapterTypeName="executor://mstestadapter/v2" className="zSC_CommonFiles_UnitTest.VideoOS.UI.Common.WPF.SystemDashboardUnitTests" name="TestPersistTilesAsync" />
    </UnitTest>
    <UnitTest name="Changing_Items_In_The_Middle_Works" storage="d:\actions-runner\_work\xpco\xpco\allsolutions\..\common\sc_commonfiles\zsc_commonfiles_unittest\bin\debug\net6.0-windows\zsc_commonfiles_unittest.dll" id="b8abe570-968b-bdd1-9711-285d9d0a6ba1">
      <Execution id="b27d5609-1439-4616-897f-d2e77f6b66f1" />
      <TestMethod codeBase="D:\actions-runner\_work\XPCO\XPCO\AllSolutions\..\Common\SC_CommonFiles\zSC_CommonFiles_UnitTest\bin\Debug\net6.0-windows\zSC_CommonFiles_UnitTest.dll" adapterTypeName="executor://mstestadapter/v2" className="zSC_CommonFiles_UnitTest.VideoOS.UI.Common.WPF.Utils.ReadOnlyCollectionExtensionsTest" name="Changing_Items_In_The_Middle_Works" />
    </UnitTest>
    <UnitTest name="MeasureCounters_SetsTheCorrectInitialGpuInformation" storage="d:\actions-runner\_work\xpco\xpco\allsolutions\..\common\sc_commonfiles\zsc_commonfiles_unittest\bin\debug\net6.0-windows\zsc_commonfiles_unittest.dll" id="3a11b55c-2e4b-9de3-e429-e8e4d5b33710">
      <Execution id="b3dd2856-d822-4761-a89f-8f75c84af24c" />
      <TestMethod codeBase="D:\actions-runner\_work\XPCO\XPCO\AllSolutions\..\Common\SC_CommonFiles\zSC_CommonFiles_UnitTest\bin\Debug\net6.0-windows\zSC_CommonFiles_UnitTest.dll" adapterTypeName="executor://mstestadapter/v2" className="zSC_CommonFiles_UnitTest.VideoOS.UI.Common.WPF.ClientDataGathererTests" name="MeasureCounters_SetsTheCorrectInitialGpuInformation" />
    </UnitTest>
    <UnitTest name="RoundToHour_Up" storage="d:\actions-runner\_work\xpco\xpco\allsolutions\..\common\sc_commonfiles\zsc_commonfiles_unittest\bin\debug\net6.0-windows\zsc_commonfiles_unittest.dll" id="d32054d7-3151-5a17-efe5-d560f827fbcf">
      <Execution id="a891180e-916b-42bd-975b-b6fc7530e8fd" />
      <TestMethod codeBase="D:\actions-runner\_work\XPCO\XPCO\AllSolutions\..\Common\SC_CommonFiles\zSC_CommonFiles_UnitTest\bin\Debug\net6.0-windows\zSC_CommonFiles_UnitTest.dll" adapterTypeName="executor://mstestadapter/v2" className="zSC_CommonFiles_UnitTest.VideoOS.UI.Common.WPF.Utils.ExtensionMethods.DateTimeExtensionsTests" name="RoundToHour_Up" />
    </UnitTest>
    <UnitTest name="SequenceEquals_DifferentlySizedCollections_RespectOrder_SymmetricalFalseResult" storage="d:\actions-runner\_work\xpco\xpco\allsolutions\..\common\sc_commonfiles\zsc_commonfiles_unittest\bin\debug\net6.0-windows\zsc_commonfiles_unittest.dll" id="ca6d72ce-f71b-8ae1-85b8-7dccf00e0632">
      <Execution id="f5440440-df82-4e92-b5c0-1fbebe40a470" />
      <TestMethod codeBase="D:\actions-runner\_work\XPCO\XPCO\AllSolutions\..\Common\SC_CommonFiles\zSC_CommonFiles_UnitTest\bin\Debug\net6.0-windows\zSC_CommonFiles_UnitTest.dll" adapterTypeName="executor://mstestadapter/v2" className="zSC_CommonFiles_UnitTest.VideoOS.UI.Common.WPF.Utils.ObservableCollectionExtensionTest" name="SequenceEquals_DifferentlySizedCollections_RespectOrder_SymmetricalFalseResult" />
    </UnitTest>
    <UnitTest name="DoComboSelectionThrowsIfServerTypeIdIsNotAValidGuid" storage="d:\actions-runner\_work\xpco\xpco\allsolutions\..\common\sc_commonfiles\zsc_commonfiles_unittest\bin\debug\net6.0-windows\zsc_commonfiles_unittest.dll" id="2aca5760-5736-8fb2-f42a-c078d75461ed">
      <Execution id="c582eaa1-4828-4a61-9ec5-2aa685876889" />
      <TestMethod codeBase="D:\actions-runner\_work\XPCO\XPCO\AllSolutions\..\Common\SC_CommonFiles\zSC_CommonFiles_UnitTest\bin\Debug\net6.0-windows\zSC_CommonFiles_UnitTest.dll" adapterTypeName="executor://mstestadapter/v2" className="zSC_CommonFiles_UnitTest.DashboardTilesTests" name="DoComboSelectionThrowsIfServerTypeIdIsNotAValidGuid" />
    </UnitTest>
    <UnitTest name="RemoveAllFrameworkElementsOverlays_ShouldRemoveAllItems" storage="d:\actions-runner\_work\xpco\xpco\allsolutions\..\common\sc_commonfiles\zsc_commonfiles_unittest\bin\debug\net6.0-windows\zsc_commonfiles_unittest.dll" id="0f992a8c-5f2a-115c-5c24-adb0ecb69f62">
      <Execution id="baf7b07d-4c64-4506-badb-b3222e4d8e06" />
      <TestMethod codeBase="D:\actions-runner\_work\XPCO\XPCO\AllSolutions\..\Common\SC_CommonFiles\zSC_CommonFiles_UnitTest\bin\Debug\net6.0-windows\zSC_CommonFiles_UnitTest.dll" adapterTypeName="executor://mstestadapter/v2" className="zSC_CommonFiles_UnitTest.VideoOS.UI.Common.WPF.VideoPlayer.Model.FrameworkElementsOverlayModelTests" name="RemoveAllFrameworkElementsOverlays_ShouldRemoveAllItems" />
    </UnitTest>
    <UnitTest name="ItemHolder_SelectedToggleButton_MouseClick_Success" storage="d:\actions-runner\_work\xpco\xpco\allsolutions\..\common\sc_commonfiles\zsc_commonfiles_unittest\bin\debug\net6.0-windows\zsc_commonfiles_unittest.dll" id="21727a68-5514-e7fd-4cbf-85c9b79894da">
      <TestCategory>
        <TestCategoryItem TestCategory="SC_CommonFiles.WPF.TileLayout" />
      </TestCategory>
      <Execution id="e17b8a41-b22f-4046-921b-46c52e997232" />
      <TestMethod codeBase="D:\actions-runner\_work\XPCO\XPCO\AllSolutions\..\Common\SC_CommonFiles\zSC_CommonFiles_UnitTest\bin\Debug\net6.0-windows\zSC_CommonFiles_UnitTest.dll" adapterTypeName="executor://mstestadapter/v2" className="zSC_CommonFiles_UnitTest.VideoOS.UI.Common.WPF.TileLayout.TileLayoutTest" name="ItemHolder_SelectedToggleButton_MouseClick_Success" />
    </UnitTest>
    <UnitTest name="GetStates_NoSessionStarted_NoSession" storage="d:\actions-runner\_work\xpco\xpco\allsolutions\..\common\sc_commonfiles\zsc_commonfiles_unittest\bin\debug\net6.0-windows\zsc_commonfiles_unittest.dll" id="6cf7fdb3-260b-5bc9-89b2-d50224c7f7ac">
      <Execution id="78e8e740-9684-4d25-a073-0c3a0cd2c98b" />
      <TestMethod codeBase="D:\actions-runner\_work\XPCO\XPCO\AllSolutions\..\Common\SC_CommonFiles\zSC_CommonFiles_UnitTest\bin\Debug\net6.0-windows\zSC_CommonFiles_UnitTest.dll" adapterTypeName="executor://mstestadapter/v2" className="zSC_CommonFiles_UnitTest.VideoOS.Common.State.CameraStateManagerTests" name="GetStates_NoSessionStarted_NoSession" />
    </UnitTest>
    <UnitTest name="RoundToSecond_RoundDown" storage="d:\actions-runner\_work\xpco\xpco\allsolutions\..\common\sc_commonfiles\zsc_commonfiles_unittest\bin\debug\net6.0-windows\zsc_commonfiles_unittest.dll" id="39dbf18b-e14c-3648-f5ba-d9480b6b2143">
      <Execution id="494c5ce7-84cf-4740-9eaf-73518c43a518" />
      <TestMethod codeBase="D:\actions-runner\_work\XPCO\XPCO\AllSolutions\..\Common\SC_CommonFiles\zSC_CommonFiles_UnitTest\bin\Debug\net6.0-windows\zSC_CommonFiles_UnitTest.dll" adapterTypeName="executor://mstestadapter/v2" className="zSC_CommonFiles_UnitTest.VideoOS.UI.Common.WPF.Utils.ExtensionMethods.TimeSpanExtensionsTests" name="RoundToSecond_RoundDown" />
    </UnitTest>
  </TestDefinitions>
  <TestEntries>
    <TestEntry testId="45e75a0d-4283-5aac-6b8e-d457bbb3aa8a" executionId="afad58c5-1fd5-4848-bec2-ae1ca8c651e8" testListId="8c84fa94-04c1-424b-9868-57a2d4851a1d" />
    <TestEntry testId="4f9e68da-d964-48d6-9d3b-7273107c43bc" executionId="0a71685d-3b18-4bd7-9ac4-4a2b348d7d1e" testListId="8c84fa94-04c1-424b-9868-57a2d4851a1d" />
    <TestEntry testId="b986ab05-f3dd-e5e1-b031-20a48d4b9519" executionId="259c92c7-30b7-4d1f-a43d-8694fed84340" testListId="8c84fa94-04c1-424b-9868-57a2d4851a1d" />
    <TestEntry testId="6bf27e89-1adf-d0e5-6e64-45ecd4ed017f" executionId="2979c101-4035-4eb2-a237-3018874d19d0" testListId="8c84fa94-04c1-424b-9868-57a2d4851a1d" />
    <TestEntry testId="88c0ee23-26fa-850a-6ac5-863c20752b1c" executionId="df6a2b3d-4651-4085-bef1-453748ba32df" testListId="8c84fa94-04c1-424b-9868-57a2d4851a1d" />
    <TestEntry testId="18f2ab8d-6696-bf3f-7e10-34e8c36dc629" executionId="0f15692f-40a1-4c93-bc4f-50982e979f30" testListId="8c84fa94-04c1-424b-9868-57a2d4851a1d" />
    <TestEntry testId="85fbbcd0-881b-ae29-40f1-5696b7e80975" executionId="05adb403-0657-4910-bd85-369015599555" testListId="8c84fa94-04c1-424b-9868-57a2d4851a1d" />
    <TestEntry testId="c6b0eba2-ea22-d188-1409-7b75cdedc201" executionId="57a0e309-cbce-4125-801a-7f29f1a9010f" testListId="8c84fa94-04c1-424b-9868-57a2d4851a1d" />
    <TestEntry testId="3a686c1f-b102-e8a9-b329-09a0749c945a" executionId="f37947e3-9317-49c3-a0c8-6158fc24f275" testListId="8c84fa94-04c1-424b-9868-57a2d4851a1d" />
    <TestEntry testId="b722671b-5697-c030-4a64-cd7cdd00f422" executionId="4b093939-6ebe-4e26-917c-826659869aec" testListId="8c84fa94-04c1-424b-9868-57a2d4851a1d" />
    <TestEntry testId="55857ea6-972d-1faa-f735-21722cd852ac" executionId="3129c52f-0980-4d01-8227-a126301f5891" testListId="8c84fa94-04c1-424b-9868-57a2d4851a1d" />
    <TestEntry testId="d94fec79-4b64-232e-e01f-dd0b26b0effe" executionId="43f6c7b5-99b4-4d6a-a3ad-f49c311b7239" testListId="8c84fa94-04c1-424b-9868-57a2d4851a1d" />
    <TestEntry testId="9dcd4ce8-33dc-3db8-df54-9c3e687528fe" executionId="98465d05-c920-4c89-a5c7-abfade99bd66" testListId="8c84fa94-04c1-424b-9868-57a2d4851a1d" />
    <TestEntry testId="4f94cd28-33c0-a9f8-eb7e-0b5388f1fdc5" executionId="2e11df81-6abd-452b-ba36-03e49fe6d402" testListId="8c84fa94-04c1-424b-9868-57a2d4851a1d" />
    <TestEntry testId="a4f1aa92-0955-504e-be1f-a783fd5bf664" executionId="dd1e7775-66cd-47fa-bf60-c0dad2dc7fa9" testListId="8c84fa94-04c1-424b-9868-57a2d4851a1d" />
    <TestEntry testId="16c91d34-e916-3d59-f51a-4f9b85399289" executionId="69a8dcb1-7ec3-44ff-86b8-7d08239f8eea" testListId="8c84fa94-04c1-424b-9868-57a2d4851a1d" />
    <TestEntry testId="01c86469-a2b3-56b4-e415-0f887f533923" executionId="4d82b680-2b96-4efe-81a0-78742a0c57f5" testListId="8c84fa94-04c1-424b-9868-57a2d4851a1d" />
    <TestEntry testId="d326e466-8fe4-d29b-9b6b-a9886d65bce4" executionId="c036485a-7e81-42dc-8975-0626025e1e06" testListId="8c84fa94-04c1-424b-9868-57a2d4851a1d" />
    <TestEntry testId="2cd364b1-6937-7083-5f7e-1dd1eac47cf1" executionId="2c21d713-f9fe-4392-9359-c5f4ca5d4c55" testListId="8c84fa94-04c1-424b-9868-57a2d4851a1d" />
    <TestEntry testId="35804b06-11f8-fb19-7cd9-4b5182d944a6" executionId="717eb041-fb5d-4039-9cf7-22707812bb78" testListId="8c84fa94-04c1-424b-9868-57a2d4851a1d" />
    <TestEntry testId="e04fdc2f-e623-9c34-4386-5fa6abb1dcd4" executionId="949a9d12-ed68-4bc2-b90b-d8ca40c87909" testListId="8c84fa94-04c1-424b-9868-57a2d4851a1d" />
    <TestEntry testId="1f62d143-3147-647f-0581-911ba09941ed" executionId="07cffb47-50ea-4672-8321-9dc2709eeabd" testListId="8c84fa94-04c1-424b-9868-57a2d4851a1d" />
    <TestEntry testId="75ddff72-1da7-7256-0e4d-9208c0d7b717" executionId="b80d7064-1be6-4f6c-b867-287236a55640" testListId="8c84fa94-04c1-424b-9868-57a2d4851a1d" />
    <TestEntry testId="b62c4f1d-0c70-3ca6-698f-93042754bfc6" executionId="1ebbff2b-9d0e-438a-9b28-ea3e6c86b4da" testListId="8c84fa94-04c1-424b-9868-57a2d4851a1d" />
    <TestEntry testId="800a71d5-fd75-b55e-d8d0-21c57915ee72" executionId="1b529d6b-81d7-44f3-ba99-e552aa879201" testListId="8c84fa94-04c1-424b-9868-57a2d4851a1d" />
    <TestEntry testId="66e703e4-29de-a4c7-8c30-1bc7e1752b2f" executionId="71d98f90-9c40-4ce8-bc3e-5710b2ae931e" testListId="8c84fa94-04c1-424b-9868-57a2d4851a1d" />
    <TestEntry testId="6a5073ae-b067-17a6-9c6f-959cad372ca7" executionId="29095bdc-3d42-42a9-a4ff-9fd66db2259e" testListId="8c84fa94-04c1-424b-9868-57a2d4851a1d" />
    <TestEntry testId="16d4258e-743c-71b8-441e-da9ab5d1a655" executionId="12e33854-e7e9-4422-9a3d-53adfe22e5c3" testListId="8c84fa94-04c1-424b-9868-57a2d4851a1d" />
    <TestEntry testId="dbce7785-0027-ceda-950a-0631c1c23a9b" executionId="aa902eaf-1c7d-452a-ac6b-d64645526adf" testListId="8c84fa94-04c1-424b-9868-57a2d4851a1d" />
    <TestEntry testId="70585a7d-e8bb-2ea7-4d4d-a7d89c0cc001" executionId="805abf15-cd6a-46f9-aa4d-7d1ed61bc992" testListId="8c84fa94-04c1-424b-9868-57a2d4851a1d" />
    <TestEntry testId="edd04f72-e846-3536-4d16-cb04e8460e6b" executionId="f08b9406-3c01-4325-9bb7-efd609437706" testListId="8c84fa94-04c1-424b-9868-57a2d4851a1d" />
    <TestEntry testId="eff56118-333e-58bc-c876-e39cbb7e3925" executionId="f41b904f-de40-4302-a48e-035dc465528f" testListId="8c84fa94-04c1-424b-9868-57a2d4851a1d" />
    <TestEntry testId="a54e380b-42dc-d3a2-3d9d-8dd53d65fcd3" executionId="d6246ef6-b132-4156-82ce-ff6553951044" testListId="8c84fa94-04c1-424b-9868-57a2d4851a1d" />
    <TestEntry testId="cf3d443f-6dec-a121-7292-16e5d1c821cc" executionId="d51ccadb-7cd8-4540-8fe6-bffdde57e133" testListId="8c84fa94-04c1-424b-9868-57a2d4851a1d" />
    <TestEntry testId="7f7d1819-d3c3-0c1a-31f2-188e1a6b0674" executionId="4fae628a-1c84-4bf3-bbc1-60194eb3a2de" testListId="8c84fa94-04c1-424b-9868-57a2d4851a1d" />
    <TestEntry testId="9c6021a0-5c69-1d26-d3e6-3538913699de" executionId="9c49c248-e15a-43a7-a311-127ca1dbbd8f" testListId="8c84fa94-04c1-424b-9868-57a2d4851a1d" />
    <TestEntry testId="91b01448-6a92-47bb-7ce5-67a9221a299c" executionId="128aac92-b517-4e8d-823e-413ecde287c0" testListId="8c84fa94-04c1-424b-9868-57a2d4851a1d" />
    <TestEntry testId="322678fe-2d0e-03ee-cda0-d8553512610f" executionId="122fe09c-217d-4fb9-a07f-ef62165ec4ba" testListId="8c84fa94-04c1-424b-9868-57a2d4851a1d" />
    <TestEntry testId="046145c9-879d-c051-80d4-25fb448d3ce7" executionId="77200c44-f669-43e6-9c44-ddb8763ae473" testListId="8c84fa94-04c1-424b-9868-57a2d4851a1d" />
    <TestEntry testId="bd6f3f69-8756-1ecb-680e-dc8bdb5e7007" executionId="150815da-b412-4186-9de9-9d0d81a98069" testListId="8c84fa94-04c1-424b-9868-57a2d4851a1d" />
    <TestEntry testId="39556250-42a0-8230-36af-33fb371b59df" executionId="9924b3a2-adc6-4aa7-a414-562b9edba0b2" testListId="8c84fa94-04c1-424b-9868-57a2d4851a1d" />
    <TestEntry testId="5a9cc3cc-6255-3658-268b-a50ddfebf55b" executionId="24e30ab5-49fc-4b0a-b605-f5df23986783" testListId="8c84fa94-04c1-424b-9868-57a2d4851a1d" />
    <TestEntry testId="8d3a13e4-7529-dcc7-acab-a47c8e85a381" executionId="7a8b2a55-ae27-48aa-be88-46bf81eb7255" testListId="8c84fa94-04c1-424b-9868-57a2d4851a1d" />
    <TestEntry testId="31fd8fc3-155f-83fd-baeb-6572fbd4102c" executionId="5c320574-9cf0-434c-b093-de18723bf8aa" testListId="8c84fa94-04c1-424b-9868-57a2d4851a1d" />
    <TestEntry testId="9f21fd60-dc5f-a407-0a71-dc6ac4edd3a8" executionId="9635d11a-cefb-4789-8bc7-235220cf5edb" testListId="8c84fa94-04c1-424b-9868-57a2d4851a1d" />
    <TestEntry testId="fea21907-a26b-6132-ad20-d11fecd505f7" executionId="0144fc73-e3c7-48fc-96be-31f6a5e446f6" testListId="8c84fa94-04c1-424b-9868-57a2d4851a1d" />
    <TestEntry testId="45ce53b6-2a00-442b-a6cc-32488dfaae90" executionId="e73dd18c-c301-4c50-8255-9da62befe567" testListId="8c84fa94-04c1-424b-9868-57a2d4851a1d" />
    <TestEntry testId="b65ce05c-91af-c3db-9a3c-440082baa61d" executionId="971e25fc-204f-4556-9aef-10083d347b90" testListId="8c84fa94-04c1-424b-9868-57a2d4851a1d" />
    <TestEntry testId="38f8f45d-602d-9fe2-6af1-7d834fd278db" executionId="2ea1d6a7-f7ca-4c5c-a8b5-3d29bd3a9fa8" testListId="8c84fa94-04c1-424b-9868-57a2d4851a1d" />
    <TestEntry testId="fbddede5-5be9-fcfe-2d72-bc891322f303" executionId="19b40c60-f840-439b-bb56-15594004d1c0" testListId="8c84fa94-04c1-424b-9868-57a2d4851a1d" />
    <TestEntry testId="af38776a-6751-f268-5d04-8090b4d28593" executionId="012afd8a-999f-4298-8448-f6aead0be00d" testListId="8c84fa94-04c1-424b-9868-57a2d4851a1d" />
    <TestEntry testId="94400230-a0cf-2852-335d-5880a46a038d" executionId="724466e8-6e8a-4f69-b4be-9bafafc20150" testListId="8c84fa94-04c1-424b-9868-57a2d4851a1d" />
    <TestEntry testId="5ec2fd00-c7ca-4cee-7758-7801f820c473" executionId="f652b7d3-48a0-41b2-bdc8-27c12b916248" testListId="8c84fa94-04c1-424b-9868-57a2d4851a1d" />
    <TestEntry testId="a968b87e-cff6-bf9a-9da7-2e125015401d" executionId="414a9e66-e4af-4f4d-9983-171928ab2132" testListId="8c84fa94-04c1-424b-9868-57a2d4851a1d" />
    <TestEntry testId="896a835e-aa00-d5b5-efb0-cae3f484c942" executionId="87758cd7-1618-41f1-8b46-a67b9e6ef174" testListId="8c84fa94-04c1-424b-9868-57a2d4851a1d" />
    <TestEntry testId="8dde7174-38d7-ee12-7e68-7117e399b660" executionId="92137ad1-523b-429b-b17d-33cc43d3dea7" testListId="8c84fa94-04c1-424b-9868-57a2d4851a1d" />
    <TestEntry testId="3b223dd9-b4de-6435-8d9f-fb5af0ea22bc" executionId="c513334d-59ab-4769-ae88-aad776cd672c" testListId="8c84fa94-04c1-424b-9868-57a2d4851a1d" />
    <TestEntry testId="3b4e9ba3-5a1a-3d04-7b0a-c75c5f0c3a72" executionId="0532b83b-dde3-4b97-a0ea-f5681b92772d" testListId="8c84fa94-04c1-424b-9868-57a2d4851a1d" />
    <TestEntry testId="31287f75-c0f1-e036-018c-5c569b7613eb" executionId="f73cd805-0150-4ba5-b41e-e2647dfc3b10" testListId="8c84fa94-04c1-424b-9868-57a2d4851a1d" />
    <TestEntry testId="704cc4f9-442e-9c30-b5d7-b60631e124cf" executionId="04fd24e4-467b-4a8e-9d6e-101ab358462d" testListId="8c84fa94-04c1-424b-9868-57a2d4851a1d" />
    <TestEntry testId="e7ac6111-62b8-1737-1b08-b5a95b8c801f" executionId="533ecaca-86b7-4914-a1ce-37c6cf07dace" testListId="8c84fa94-04c1-424b-9868-57a2d4851a1d" />
    <TestEntry testId="8d4c082a-f9d0-c638-ed0b-343bc5cdce37" executionId="b3abec73-c932-4554-ab99-7727eec2cfb7" testListId="8c84fa94-04c1-424b-9868-57a2d4851a1d" />
    <TestEntry testId="9e8c12e8-27ef-31c9-ca23-5d60c890c874" executionId="522fbe8d-2e08-4bd1-b795-44a3d24fe87d" testListId="8c84fa94-04c1-424b-9868-57a2d4851a1d" />
    <TestEntry testId="76a3a4c2-b730-8445-7c90-0d70d705d3b2" executionId="738a50c9-1aa8-4e16-8868-cb654a450221" testListId="8c84fa94-04c1-424b-9868-57a2d4851a1d" />
    <TestEntry testId="a295235b-bf9f-1e32-c688-419c5d57596e" executionId="1e0d7786-274e-49f9-95ff-aa1b7c7cfe2b" testListId="8c84fa94-04c1-424b-9868-57a2d4851a1d" />
    <TestEntry testId="2ee2e56d-59f2-3ef3-a9cd-f2fe65fa91af" executionId="427f7ec6-fab1-45c6-86c7-d3613cca07e2" testListId="8c84fa94-04c1-424b-9868-57a2d4851a1d" />
    <TestEntry testId="8a767b9b-e015-e5fc-c6e0-fb31075f769b" executionId="72839b5f-7ae6-484f-a2fc-ff7484128ef0" testListId="8c84fa94-04c1-424b-9868-57a2d4851a1d" />
    <TestEntry testId="187b12dc-8a8d-a2dd-a376-a830b72404bd" executionId="e5a3aee0-5d2e-45d1-9e98-7b3354766f7e" testListId="8c84fa94-04c1-424b-9868-57a2d4851a1d" />
    <TestEntry testId="ca6d72ce-f71b-8ae1-85b8-7dccf00e0632" executionId="f5440440-df82-4e92-b5c0-1fbebe40a470" testListId="8c84fa94-04c1-424b-9868-57a2d4851a1d" />
    <TestEntry testId="ce5d6351-00d4-a4e9-7df0-2fe2199468f7" executionId="63dd4ff0-07c7-491e-8ead-4f27e6333c92" testListId="8c84fa94-04c1-424b-9868-57a2d4851a1d" />
    <TestEntry testId="c1622c67-8934-6098-5c3f-000e90cb0bbf" executionId="59a83c67-5ea4-493b-8c10-3a851b67060e" testListId="8c84fa94-04c1-424b-9868-57a2d4851a1d" />
    <TestEntry testId="b0a63f8f-6af7-a1eb-69e4-87897c177ded" executionId="85ba2280-be2d-4c0b-b5cd-35fb3eddff10" testListId="8c84fa94-04c1-424b-9868-57a2d4851a1d" />
    <TestEntry testId="8f9aaf67-4846-3c14-9893-fd9a67976dbd" executionId="6afd7ffb-1eb2-4708-9474-802a2b3a233e" testListId="8c84fa94-04c1-424b-9868-57a2d4851a1d" />
    <TestEntry testId="6a9b6055-9055-6cdd-ce58-2c6f0ec341c2" executionId="3c3218c6-8a6b-479e-a63c-0c7788d3033f" testListId="8c84fa94-04c1-424b-9868-57a2d4851a1d" />
    <TestEntry testId="febb8456-be0b-5098-be4c-94fbaa942835" executionId="23d505ec-6fc0-4f56-ab18-b15718c17bbc" testListId="8c84fa94-04c1-424b-9868-57a2d4851a1d" />
    <TestEntry testId="24d7108a-b492-bd24-b0f8-ceb600b42692" executionId="94eb59d7-0350-49b0-9adc-45a6f4eb0929" testListId="8c84fa94-04c1-424b-9868-57a2d4851a1d" />
    <TestEntry testId="98166cc9-e914-f13d-508c-30c89f0ae058" executionId="fca41b24-9b43-4a4b-88ac-b8d17add833e" testListId="8c84fa94-04c1-424b-9868-57a2d4851a1d" />
    <TestEntry testId="8d2e4a94-ff96-e137-7aa1-856c2b177202" executionId="063bc1ee-96a0-4c05-983d-7f1fcdc69465" testListId="8c84fa94-04c1-424b-9868-57a2d4851a1d" />
    <TestEntry testId="2ad348ab-ada5-a25f-9253-b563f1c5898f" executionId="7712d470-9b8a-4229-ab11-688851bc0ebd" testListId="8c84fa94-04c1-424b-9868-57a2d4851a1d" />
    <TestEntry testId="b68df490-f19b-a1a8-b878-ba437321192c" executionId="eadec2b4-8307-4d0c-abff-a54aaa28370b" testListId="8c84fa94-04c1-424b-9868-57a2d4851a1d" />
    <TestEntry testId="12ac6e7d-4dc0-7730-a820-51b345ac71e7" executionId="b712dfd1-66f2-4512-bd4f-6df1f5778275" testListId="8c84fa94-04c1-424b-9868-57a2d4851a1d" />
    <TestEntry testId="6e2b046c-b538-e705-bf5a-ce4b83d68120" executionId="8add9cc3-f011-4e29-823f-705a29b7e90d" testListId="8c84fa94-04c1-424b-9868-57a2d4851a1d" />
    <TestEntry testId="096497aa-f877-ca92-6ca3-eb3764bf4357" executionId="401f6e2b-b04c-4b88-a3e0-5e9c86ff88cc" testListId="8c84fa94-04c1-424b-9868-57a2d4851a1d" />
    <TestEntry testId="4d866a2f-8988-0d70-b30c-379e46401f2f" executionId="98ef643b-c8fa-4f3b-a51b-fc4eccc89e94" testListId="8c84fa94-04c1-424b-9868-57a2d4851a1d" />
    <TestEntry testId="c66e3bc2-2f46-3828-947c-08aea11ba952" executionId="75ee9bd3-cd5b-46ef-a0a4-4eaec3f0efb7" testListId="8c84fa94-04c1-424b-9868-57a2d4851a1d" />
    <TestEntry testId="b301c31a-5fce-b4b4-96b1-9d8598e593a2" executionId="e29f21a8-b033-41ec-a407-ab1df00d89e3" testListId="8c84fa94-04c1-424b-9868-57a2d4851a1d" />
    <TestEntry testId="b55addd3-5335-70b5-4725-96a0e81794df" executionId="3aa48604-4999-495f-8ed2-af77ab159441" testListId="8c84fa94-04c1-424b-9868-57a2d4851a1d" />
    <TestEntry testId="6993f887-a58d-8b2d-0d37-9a2f5f848573" executionId="74b7375b-01cd-42e6-8b43-555a106f9899" testListId="8c84fa94-04c1-424b-9868-57a2d4851a1d" />
    <TestEntry testId="8d92020e-5832-705d-100b-9a3d128c1860" executionId="44ce8f6f-9048-4828-9085-7c8f374f3012" testListId="8c84fa94-04c1-424b-9868-57a2d4851a1d" />
    <TestEntry testId="3ff3319a-948e-ff61-1feb-7a7a66592fd5" executionId="d5f7c8c5-aebc-4294-9d5f-1a9116b7bc56" testListId="8c84fa94-04c1-424b-9868-57a2d4851a1d" />
    <TestEntry testId="8c18207a-4a3c-8ee5-7129-6f35cbcaea2a" executionId="62c45fcf-855c-466a-80fc-fe122e50f44e" testListId="8c84fa94-04c1-424b-9868-57a2d4851a1d" />
    <TestEntry testId="535b5010-34ee-7c3d-315a-1071e5381898" executionId="4ec7ce2d-b3e4-48c1-a359-f77dbf3deb67" testListId="8c84fa94-04c1-424b-9868-57a2d4851a1d" />
    <TestEntry testId="c5d5c0bb-f780-e550-d703-b15880279a9f" executionId="8a8eda37-d991-4c0e-84ed-da4dd7753b1c" testListId="8c84fa94-04c1-424b-9868-57a2d4851a1d" />
    <TestEntry testId="9fa25131-4a4e-7dac-7ed1-7e35fdb0b337" executionId="d437036c-aced-4845-8aa9-4abb96205dd9" testListId="8c84fa94-04c1-424b-9868-57a2d4851a1d" />
    <TestEntry testId="067f6aa9-8e9c-3bdb-54dc-59497bccef18" executionId="923aeabf-6cd9-414e-9b18-07f2df6f68cb" testListId="8c84fa94-04c1-424b-9868-57a2d4851a1d" />
    <TestEntry testId="3625363b-2b2b-2a01-cb9b-b878cc7db25a" executionId="d0af5221-6a00-4f8d-8650-bb52fc965478" testListId="8c84fa94-04c1-424b-9868-57a2d4851a1d" />
    <TestEntry testId="d8e63543-1f0c-4f29-79c8-6459f1072b63" executionId="e44cbc01-f8bb-4331-b515-9d9e11f08b09" testListId="8c84fa94-04c1-424b-9868-57a2d4851a1d" />
    <TestEntry testId="af71ed0e-187b-fd2b-1963-f93916cf4abc" executionId="65872846-1616-4303-9efe-36ca80b1e24c" testListId="8c84fa94-04c1-424b-9868-57a2d4851a1d" />
    <TestEntry testId="22b2ca51-378e-71cd-e0e0-67e36d20ff15" executionId="218f1afe-0c2d-4ee1-b91e-7d50ad83de7f" testListId="8c84fa94-04c1-424b-9868-57a2d4851a1d" />
    <TestEntry testId="ba4c1a66-a8cb-a425-dd33-a7ca657b44ae" executionId="8591486b-4416-4d82-bb13-d97ce5b4f09c" testListId="8c84fa94-04c1-424b-9868-57a2d4851a1d" />
    <TestEntry testId="9af8ac57-47e8-e560-cb3c-d72fb3be6de6" executionId="80169b16-1b22-4d33-8110-30bb546e3f1c" testListId="8c84fa94-04c1-424b-9868-57a2d4851a1d" />
    <TestEntry testId="adb4be23-162a-8b95-3e02-bd423cdb5788" executionId="4d9d6763-f89f-4862-a5f6-720c34028807" testListId="8c84fa94-04c1-424b-9868-57a2d4851a1d" />
    <TestEntry testId="a40e30ee-4537-9698-9f88-45700d1ef781" executionId="11958d81-3ff8-453f-9caf-bf7faedb75c9" testListId="8c84fa94-04c1-424b-9868-57a2d4851a1d" />
    <TestEntry testId="ae9f9017-443d-54ba-c5ef-294c75c79e4f" executionId="ba87eb8d-68dc-4a84-8ab0-48cd7d6c6a9b" testListId="8c84fa94-04c1-424b-9868-57a2d4851a1d" />
    <TestEntry testId="9d6748d3-43a8-fd2d-d4c5-a0b3805774ee" executionId="9be3ff52-f322-4c2f-906e-c110162b8daf" testListId="8c84fa94-04c1-424b-9868-57a2d4851a1d" />
    <TestEntry testId="f31e5243-90c8-7dae-7404-a3986e0efbe1" executionId="78ddaf00-8bbe-43c8-9baf-ec7800b3c75d" testListId="8c84fa94-04c1-424b-9868-57a2d4851a1d" />
    <TestEntry testId="856c051c-051a-4b4c-bec5-8f02fddd04ae" executionId="2519a944-4659-4f07-a5b1-a018baacc044" testListId="8c84fa94-04c1-424b-9868-57a2d4851a1d" />
    <TestEntry testId="8767f881-fdc8-88b5-6aba-c8e95f3120ba" executionId="82df5bab-0928-45bd-a6e8-632748a9e44e" testListId="8c84fa94-04c1-424b-9868-57a2d4851a1d" />
    <TestEntry testId="e0165201-5cdb-4323-41c0-fe10a5054fb9" executionId="81133f78-8730-494f-bc78-5392e8f3d99c" testListId="8c84fa94-04c1-424b-9868-57a2d4851a1d" />
    <TestEntry testId="91452546-d657-4c1c-6138-277aca7ba885" executionId="a8a42c08-d52a-49d8-81aa-fe70496be5a3" testListId="8c84fa94-04c1-424b-9868-57a2d4851a1d" />
    <TestEntry testId="bb96e440-92b4-1c31-95b5-59b0e4d11807" executionId="d72a5ce4-0988-47bb-acf4-4f1a3922d38a" testListId="8c84fa94-04c1-424b-9868-57a2d4851a1d" />
    <TestEntry testId="d3834f26-d7ff-018a-555c-a0be35190a28" executionId="ab2fda10-295a-4c2f-9f98-0aebde5d19cc" testListId="8c84fa94-04c1-424b-9868-57a2d4851a1d" />
    <TestEntry testId="3fd0a529-448c-e9e0-7074-0b5c637ad7a8" executionId="75ca020a-beca-4f42-9a74-07254e81dc0a" testListId="8c84fa94-04c1-424b-9868-57a2d4851a1d" />
    <TestEntry testId="6dd090ae-0423-7a7c-d8df-35146cee22d9" executionId="535d8f89-73a3-4918-b7d7-d3c8e8a12eec" testListId="8c84fa94-04c1-424b-9868-57a2d4851a1d" />
    <TestEntry testId="12c318f1-025e-56db-70fc-391decd83ddf" executionId="95c73acb-8adf-4530-a51e-20b0e630f4ca" testListId="8c84fa94-04c1-424b-9868-57a2d4851a1d" />
    <TestEntry testId="f8481245-447a-5b32-a26f-ec1feabc1ee3" executionId="6c6a1551-f1db-4a30-a86a-8afd63204289" testListId="8c84fa94-04c1-424b-9868-57a2d4851a1d" />
    <TestEntry testId="0a8ef08d-9dbb-9ec8-d4a3-65f99078cd81" executionId="b3e908b1-9437-4642-aabf-931b34fa2489" testListId="8c84fa94-04c1-424b-9868-57a2d4851a1d" />
    <TestEntry testId="1a9ef545-ced5-a479-15d2-22e0772b422a" executionId="e004f234-5a73-4a6d-b664-d853d06e0d05" testListId="8c84fa94-04c1-424b-9868-57a2d4851a1d" />
    <TestEntry testId="30702b8e-5ec7-eb10-4c6a-7105f5c77df3" executionId="a7f1e77a-74eb-4a41-bd2f-a7f28925c90e" testListId="8c84fa94-04c1-424b-9868-57a2d4851a1d" />
    <TestEntry testId="4c2c17d3-0b22-1bad-fc18-dfc6e618f39b" executionId="707d2d85-1790-408d-931f-6e4c023c9db7" testListId="8c84fa94-04c1-424b-9868-57a2d4851a1d" />
    <TestEntry testId="18e7f5ad-6f64-9e86-3f8d-3ffdc05df7e8" executionId="8a1f754a-b8b7-46d4-b163-4b2a9e8b9863" testListId="8c84fa94-04c1-424b-9868-57a2d4851a1d" />
    <TestEntry testId="959b9c9e-d734-ce8a-a43a-d0fda79ec4d9" executionId="fc11b8c4-7c37-4ad0-b518-904f810f5e71" testListId="8c84fa94-04c1-424b-9868-57a2d4851a1d" />
    <TestEntry testId="4d104602-0dda-c899-6d83-d5aa637c46a2" executionId="6a9a8b57-906d-4501-8c1f-470ec00fbf5c" testListId="8c84fa94-04c1-424b-9868-57a2d4851a1d" />
    <TestEntry testId="87c36423-3ba7-fe8e-7a2d-f8a7fdd246be" executionId="03990c47-a6d8-40a0-8f8e-0756c6c89ce9" testListId="8c84fa94-04c1-424b-9868-57a2d4851a1d" />
    <TestEntry testId="76a2e345-aae7-9b1e-7fd6-6ac6ca32b74e" executionId="3824dcb9-0201-4665-af46-2b30a0f570e0" testListId="8c84fa94-04c1-424b-9868-57a2d4851a1d" />
    <TestEntry testId="0f992a8c-5f2a-115c-5c24-adb0ecb69f62" executionId="baf7b07d-4c64-4506-badb-b3222e4d8e06" testListId="8c84fa94-04c1-424b-9868-57a2d4851a1d" />
    <TestEntry testId="6405a933-f1c3-2d9d-c133-14524337831d" executionId="a2d00169-bcca-40b2-9f0f-3110b7d5541a" testListId="8c84fa94-04c1-424b-9868-57a2d4851a1d" />
    <TestEntry testId="30615111-4d56-31e8-6884-f7dcdc0aad49" executionId="1c3b7135-1f91-41a1-845b-dab912a16ba1" testListId="8c84fa94-04c1-424b-9868-57a2d4851a1d" />
    <TestEntry testId="b5545286-2d51-273f-e678-5706630cef56" executionId="1a7ccadd-c697-459f-8964-ba1aa710661c" testListId="8c84fa94-04c1-424b-9868-57a2d4851a1d" />
    <TestEntry testId="8a840b5c-7cc0-3e0e-9c58-be69d6fcfb38" executionId="bcd8c4e5-4a67-417b-91e5-29182d55f901" testListId="8c84fa94-04c1-424b-9868-57a2d4851a1d" />
    <TestEntry testId="439fd027-b2f2-7d61-d60d-ad31877df020" executionId="ac1d77c2-8065-4ba7-ade4-8995760de91d" testListId="8c84fa94-04c1-424b-9868-57a2d4851a1d" />
    <TestEntry testId="c6c1a6ca-c551-f84f-b4f7-d3d4f0f2582f" executionId="9ce2781b-21fb-4adf-b772-6fa43cc5a01d" testListId="8c84fa94-04c1-424b-9868-57a2d4851a1d" />
    <TestEntry testId="ac417528-a5fc-0267-1e71-119d845e1bc0" executionId="b0d5567d-388a-4fa6-9947-83ac31a836ef" testListId="8c84fa94-04c1-424b-9868-57a2d4851a1d" />
    <TestEntry testId="ed486ee2-750d-c7b9-06cc-eb3021382eda" executionId="2585bfc1-8071-48a4-927b-6ce819213769" testListId="8c84fa94-04c1-424b-9868-57a2d4851a1d" />
    <TestEntry testId="20c0e1dd-a74f-c654-d865-142fb2a2787f" executionId="1529e3fe-7d13-45d2-af92-673a9a6dc20a" testListId="8c84fa94-04c1-424b-9868-57a2d4851a1d" />
    <TestEntry testId="aadb342a-ff06-0cc2-8ee7-a275dc1cd7f8" executionId="f5129ce2-de91-4851-a356-4e428e2741a9" testListId="8c84fa94-04c1-424b-9868-57a2d4851a1d" />
    <TestEntry testId="2d512390-4feb-0be5-34ad-eaab831bb98b" executionId="202c693d-3333-49d3-8901-377939efee08" testListId="8c84fa94-04c1-424b-9868-57a2d4851a1d" />
    <TestEntry testId="14a1f95e-78fa-735f-e1e1-62755f5e4ea3" executionId="8ec20018-a067-47b3-a511-beef09da49ff" testListId="8c84fa94-04c1-424b-9868-57a2d4851a1d" />
    <TestEntry testId="68a3dcd6-b2e6-5bb3-d82c-04377e1a7b9b" executionId="e571889c-0a98-4a37-afd2-0fb279c470d2" testListId="8c84fa94-04c1-424b-9868-57a2d4851a1d" />
    <TestEntry testId="5a36dc19-91e6-2110-bdf3-d2f7bfc377f6" executionId="90417364-190f-4c6b-8237-73764eea3266" testListId="8c84fa94-04c1-424b-9868-57a2d4851a1d" />
    <TestEntry testId="ba582828-87c0-f796-0108-b7c57cda86c7" executionId="3f73e11f-3292-41e3-a091-a433c6787a42" testListId="8c84fa94-04c1-424b-9868-57a2d4851a1d" />
    <TestEntry testId="3d591622-7a9a-3607-596b-40dbc7119e9a" executionId="f48c6ce8-8dd6-431a-9ed8-d58339af40c7" testListId="8c84fa94-04c1-424b-9868-57a2d4851a1d" />
    <TestEntry testId="278a11dd-76cf-5c46-224d-0d3283afee51" executionId="a5988112-6dfe-4fe8-aa2f-72b8f066218c" testListId="8c84fa94-04c1-424b-9868-57a2d4851a1d" />
    <TestEntry testId="78d8640f-f64c-e788-cbb5-62b4d5593dba" executionId="075a6118-276c-4974-affa-17f89e758954" testListId="8c84fa94-04c1-424b-9868-57a2d4851a1d" />
    <TestEntry testId="db58122d-1cb6-c9dc-b0c5-af4f8da57592" executionId="a9f31634-917a-4208-9228-680f6c91a732" testListId="8c84fa94-04c1-424b-9868-57a2d4851a1d" />
    <TestEntry testId="46887356-7c48-625a-9fa8-4ca482d2d04d" executionId="f668dc3b-61ce-433c-ade8-4853d9702911" testListId="8c84fa94-04c1-424b-9868-57a2d4851a1d" />
    <TestEntry testId="4f4a64cd-6297-dad0-e258-e2bc655c9f25" executionId="451fbe9e-40f1-4f30-aea3-f691fc7f37dd" testListId="8c84fa94-04c1-424b-9868-57a2d4851a1d" />
    <TestEntry testId="9bb26b43-c785-7f17-8df6-312acd18b6b3" executionId="a7994d08-2533-4072-8150-5a8e1a2f486c" testListId="8c84fa94-04c1-424b-9868-57a2d4851a1d" />
    <TestEntry testId="213635e5-649b-5c44-aecd-050b59df7240" executionId="017340d1-5d70-4705-8167-5f0a18757eb0" testListId="8c84fa94-04c1-424b-9868-57a2d4851a1d" />
    <TestEntry testId="d78750b2-ef6e-b941-b3e8-5db7115013c1" executionId="66a9af41-a087-4247-8b99-d41089a5bcb9" testListId="8c84fa94-04c1-424b-9868-57a2d4851a1d" />
    <TestEntry testId="f2effcb5-d303-005d-6682-8ccbac2c3bbc" executionId="863af495-2395-4480-b2fb-964e267cb5f1" testListId="8c84fa94-04c1-424b-9868-57a2d4851a1d" />
    <TestEntry testId="98ecfc2f-a242-ec20-0f52-a34da70ff901" executionId="9b3c3d9f-0f11-4288-a396-b18bd2199ea8" testListId="8c84fa94-04c1-424b-9868-57a2d4851a1d" />
    <TestEntry testId="f02c80b8-49d2-fc2d-4c9d-16620ea9d887" executionId="16fcea83-216e-41c5-b3e4-943a2070a47e" testListId="8c84fa94-04c1-424b-9868-57a2d4851a1d" />
    <TestEntry testId="70718e81-81f4-db7d-389b-91346f649480" executionId="39ea13d0-bd6c-4fb6-8fe4-afccc5566110" testListId="8c84fa94-04c1-424b-9868-57a2d4851a1d" />
    <TestEntry testId="86511367-20e7-9ea5-808a-c86846f8f9e3" executionId="c88c3a38-eb01-4b35-95dc-613b4893e5aa" testListId="8c84fa94-04c1-424b-9868-57a2d4851a1d" />
    <TestEntry testId="6cb4c9a0-0faa-e5bf-8132-58751189c459" executionId="4dc9e13b-5c94-4fcd-9068-ef0f3b0ad7b4" testListId="8c84fa94-04c1-424b-9868-57a2d4851a1d" />
    <TestEntry testId="4a077e12-b64a-edfe-3b33-7ee47b81322b" executionId="233be61b-509a-46ca-964c-a536d005246e" testListId="8c84fa94-04c1-424b-9868-57a2d4851a1d" />
    <TestEntry testId="64f4b309-46ce-14bc-92c8-2dbd5092f999" executionId="64ede48e-08b5-4b81-bea7-cf4e7ddb8d6e" testListId="8c84fa94-04c1-424b-9868-57a2d4851a1d" />
    <TestEntry testId="d78b0152-cc1a-328b-d637-c02c8df9200a" executionId="3e1d5a61-61c1-44fd-b6f6-b96f16f9fe11" testListId="8c84fa94-04c1-424b-9868-57a2d4851a1d" />
    <TestEntry testId="a7304e06-ae3e-2e3a-5ce1-1639916ee77c" executionId="65e15dca-b4b5-410c-9330-eafb06e75149" testListId="8c84fa94-04c1-424b-9868-57a2d4851a1d" />
    <TestEntry testId="a219a971-ee6f-7138-7f95-5ebe25d5d446" executionId="1664f9d0-cdf1-4d26-916b-c7c1c547e919" testListId="8c84fa94-04c1-424b-9868-57a2d4851a1d" />
    <TestEntry testId="3b2d2dcf-dfa8-bcce-057a-1c433d9c6c08" executionId="8a1e469d-497f-4c7d-b144-adaa72d7393b" testListId="8c84fa94-04c1-424b-9868-57a2d4851a1d" />
    <TestEntry testId="49b54f08-f7f0-ba91-ee50-7ae6390d4af1" executionId="1c647ccc-9fe4-43e5-83a2-6fdde8e8213a" testListId="8c84fa94-04c1-424b-9868-57a2d4851a1d" />
    <TestEntry testId="7cf60077-2671-481f-1310-11968c982eb2" executionId="3ce8d496-2780-4f24-b2b1-894f46bbe38d" testListId="8c84fa94-04c1-424b-9868-57a2d4851a1d" />
    <TestEntry testId="21727a68-5514-e7fd-4cbf-85c9b79894da" executionId="e17b8a41-b22f-4046-921b-46c52e997232" testListId="8c84fa94-04c1-424b-9868-57a2d4851a1d" />
    <TestEntry testId="982659d8-a45b-dd6c-ac91-40bffddd94cf" executionId="18720833-26f8-4242-bdfa-c9fba38ad077" testListId="8c84fa94-04c1-424b-9868-57a2d4851a1d" />
    <TestEntry testId="96d31876-ad33-952c-3bd1-b146a14e3f83" executionId="0a9bb780-ffd2-494c-acb0-8b8e4cad420d" testListId="8c84fa94-04c1-424b-9868-57a2d4851a1d" />
    <TestEntry testId="e7fe4176-e00b-74b7-50f4-595529010ad0" executionId="88deb015-26c9-4736-aaed-79f7ace7003d" testListId="8c84fa94-04c1-424b-9868-57a2d4851a1d" />
    <TestEntry testId="ac7da09a-9c21-96d1-0628-e57364e271db" executionId="e40a5493-2c74-4813-8d9b-fb7a893abecb" testListId="8c84fa94-04c1-424b-9868-57a2d4851a1d" />
    <TestEntry testId="13a2427c-e785-ce2d-2d1c-b445eff86f81" executionId="e0ca5e39-8113-481c-9484-2d53ec52e5ad" testListId="8c84fa94-04c1-424b-9868-57a2d4851a1d" />
    <TestEntry testId="d7a4b603-8308-5acd-9a99-39b73afff367" executionId="29b3b5b8-efa1-4364-b7cb-b9b93342bc9a" testListId="8c84fa94-04c1-424b-9868-57a2d4851a1d" />
    <TestEntry testId="51395a71-b567-dc86-b950-ec06701415e4" executionId="23ae53ea-c90d-482c-be49-e8b5526d58d1" testListId="8c84fa94-04c1-424b-9868-57a2d4851a1d" />
    <TestEntry testId="bf21cb13-4f33-4868-5185-223274a7024a" executionId="3dc13c47-bb22-4be1-ace2-bcbb1f43596a" testListId="8c84fa94-04c1-424b-9868-57a2d4851a1d" />
    <TestEntry testId="39dbf18b-e14c-3648-f5ba-d9480b6b2143" executionId="494c5ce7-84cf-4740-9eaf-73518c43a518" testListId="8c84fa94-04c1-424b-9868-57a2d4851a1d" />
    <TestEntry testId="459463df-7b24-1834-e524-ebc8eb49d9bc" executionId="a6c292e9-2178-43c8-aeec-3600dfc6e643" testListId="8c84fa94-04c1-424b-9868-57a2d4851a1d" />
    <TestEntry testId="501c02cb-ac5f-5745-c75a-6cf52f922f62" executionId="7ea464e5-9fea-4222-8e7b-5254469747d2" testListId="8c84fa94-04c1-424b-9868-57a2d4851a1d" />
    <TestEntry testId="be742706-2384-ae61-bc11-568bd8c32abe" executionId="9730218f-6e9a-418d-a8e3-692d0637f34e" testListId="8c84fa94-04c1-424b-9868-57a2d4851a1d" />
    <TestEntry testId="a9359554-6927-fb85-3830-72d7f8df0ae0" executionId="030266ef-c887-4277-b913-48bc2fef0c63" testListId="8c84fa94-04c1-424b-9868-57a2d4851a1d" />
    <TestEntry testId="f3327606-b2a8-9974-e840-2b31246f10e1" executionId="fbf92147-aa2e-4ca3-afe7-d002185f5d14" testListId="8c84fa94-04c1-424b-9868-57a2d4851a1d" />
    <TestEntry testId="968cb0b5-2676-6cd1-05ad-544228943f8e" executionId="470a4327-4459-4928-851a-ffcba26cdeda" testListId="8c84fa94-04c1-424b-9868-57a2d4851a1d" />
    <TestEntry testId="d321e896-1c35-b87a-a0b5-276c58a0218b" executionId="c34f2e6b-c25b-4eb4-8a65-a562d45317cd" testListId="8c84fa94-04c1-424b-9868-57a2d4851a1d" />
    <TestEntry testId="61b1c2a4-89cd-5144-7bf8-430d589649be" executionId="bf72ff3c-09a5-47e2-984f-659eedf88548" testListId="8c84fa94-04c1-424b-9868-57a2d4851a1d" />
    <TestEntry testId="5901b859-8c35-d7a1-4b20-7aa832e2b2ac" executionId="c456cb10-f106-431a-988b-95e49302768d" testListId="8c84fa94-04c1-424b-9868-57a2d4851a1d" />
    <TestEntry testId="fe19cce5-cc9d-9aa6-e44d-fbae8d8bb129" executionId="922df636-562f-4b02-a125-2b335e5708b3" testListId="8c84fa94-04c1-424b-9868-57a2d4851a1d" />
    <TestEntry testId="6e65f41d-fe2d-ee70-9028-5945410fb292" executionId="d0455cbc-ffda-49f3-873d-80504bcf6538" testListId="8c84fa94-04c1-424b-9868-57a2d4851a1d" />
    <TestEntry testId="441a4176-3f9e-7fdb-d742-3ee7574fadc4" executionId="b49da3a3-4951-4bd7-a541-3244e13a1016" testListId="8c84fa94-04c1-424b-9868-57a2d4851a1d" />
    <TestEntry testId="a6478b4f-f785-703a-7384-c2061869f444" executionId="e2bb70b4-9351-4ea2-9f6c-d531fd8bf982" testListId="8c84fa94-04c1-424b-9868-57a2d4851a1d" />
    <TestEntry testId="a22bf289-0878-e3c5-33fd-766102ec1be1" executionId="e25a1a93-1dcc-43f8-b691-f8ba7572dce5" testListId="8c84fa94-04c1-424b-9868-57a2d4851a1d" />
    <TestEntry testId="332e199d-ea86-764a-0c78-68ba66fc4ac1" executionId="3b4b5489-e638-4abc-a5cb-ee1fa1a1fc13" testListId="8c84fa94-04c1-424b-9868-57a2d4851a1d" />
    <TestEntry testId="bb23e984-379e-7e0e-1bce-dc1dbfcf6fc3" executionId="47c7c3de-20c7-4307-92ca-8546a3da07c9" testListId="8c84fa94-04c1-424b-9868-57a2d4851a1d" />
    <TestEntry testId="89375aca-5b37-064f-74cf-5102a1c4ec81" executionId="58780e70-a8ac-4fe5-8f57-1cc8c2040866" testListId="8c84fa94-04c1-424b-9868-57a2d4851a1d" />
    <TestEntry testId="2dbf24a9-29c5-3ef0-69a0-687ac45d4c86" executionId="b419d037-2c4d-4b82-bf89-b923670c025f" testListId="8c84fa94-04c1-424b-9868-57a2d4851a1d" />
    <TestEntry testId="d3857317-63e0-c190-44d9-5fb025d72a80" executionId="0bad91cc-38c1-4774-90d9-9c0c8456c137" testListId="8c84fa94-04c1-424b-9868-57a2d4851a1d" />
    <TestEntry testId="08c8c1c6-bdcb-21d2-0325-62806128a803" executionId="aff06c56-9959-4ab8-9a78-0bf2766100a4" testListId="8c84fa94-04c1-424b-9868-57a2d4851a1d" />
    <TestEntry testId="569900d4-58ce-d7ba-87cf-ed8c555e623f" executionId="4d59b6a8-9149-4407-bfc5-36258e84489a" testListId="8c84fa94-04c1-424b-9868-57a2d4851a1d" />
    <TestEntry testId="132e103c-17cc-dd6d-9a83-6fdfdde045a1" executionId="a010a276-23a7-4151-8403-4e521cd535bd" testListId="8c84fa94-04c1-424b-9868-57a2d4851a1d" />
    <TestEntry testId="d5c0e485-765d-c99d-60c1-f669baa2c385" executionId="328a63a1-ad40-4b6b-abcd-0a14d4bcbdd7" testListId="8c84fa94-04c1-424b-9868-57a2d4851a1d" />
    <TestEntry testId="bd9d6efd-ee5b-c8e1-7fe2-91d5e9a397a3" executionId="3004156d-3045-43fa-991a-fd6df4b30380" testListId="8c84fa94-04c1-424b-9868-57a2d4851a1d" />
    <TestEntry testId="5a716387-727c-9f4a-576d-c532745d27fc" executionId="a07546af-9d7d-494a-98d3-9553cc995973" testListId="8c84fa94-04c1-424b-9868-57a2d4851a1d" />
    <TestEntry testId="f5cf44f1-55f9-84ba-0c1d-f402f9b081e8" executionId="b19d48a0-a06c-46d1-b454-1fe722559d57" testListId="8c84fa94-04c1-424b-9868-57a2d4851a1d" />
    <TestEntry testId="bff954f8-e2d5-b0a0-fd97-8dd0ad93ed5a" executionId="69f178b8-000e-4a6e-924e-22297cc5ee6f" testListId="8c84fa94-04c1-424b-9868-57a2d4851a1d" />
    <TestEntry testId="27329ac4-220b-b901-238d-32a5c22c05d2" executionId="2ef8e2c3-a790-41f1-a312-620bc92522c2" testListId="8c84fa94-04c1-424b-9868-57a2d4851a1d" />
    <TestEntry testId="cc3505a4-7232-cc24-3cfe-056b7e73ed2b" executionId="ce3697f2-a5fa-4619-953f-e6d8bb105d81" testListId="8c84fa94-04c1-424b-9868-57a2d4851a1d" />
    <TestEntry testId="255725f3-62ba-63bd-b914-0cdfd4638d83" executionId="8c0d8390-5af3-41fc-bf39-6d6f9ab45421" testListId="8c84fa94-04c1-424b-9868-57a2d4851a1d" />
    <TestEntry testId="9b6bcf4a-f6d4-8ccc-f16d-a434ebb9feb9" executionId="cfeeca88-1785-43b2-bc48-6666eb7e2b84" testListId="8c84fa94-04c1-424b-9868-57a2d4851a1d" />
    <TestEntry testId="3a13def5-4099-72b0-8c0e-420253783341" executionId="6faca7e0-f8a4-4108-b386-c8edd773f0e8" testListId="8c84fa94-04c1-424b-9868-57a2d4851a1d" />
    <TestEntry testId="ab1319d7-a2c3-e991-b6a2-1cf10c8be090" executionId="1ec78359-3706-4a48-9819-470458fae67d" testListId="8c84fa94-04c1-424b-9868-57a2d4851a1d" />
    <TestEntry testId="669c2664-9e93-7539-3901-e5233189df70" executionId="1bfa5443-354a-4645-a38e-c505d80a5480" testListId="8c84fa94-04c1-424b-9868-57a2d4851a1d" />
    <TestEntry testId="cbe296a6-601b-dd72-bc79-8548a0abe9dd" executionId="2b420774-25ef-400b-877a-7083535bd210" testListId="8c84fa94-04c1-424b-9868-57a2d4851a1d" />
    <TestEntry testId="286237b8-58c5-8f71-48e4-5e1734d0ac85" executionId="94f57052-415f-4df6-a3ab-e699fbc0e9c4" testListId="8c84fa94-04c1-424b-9868-57a2d4851a1d" />
    <TestEntry testId="0b0e0ad1-c995-9403-bc1c-5f3fb5cc273a" executionId="af09206a-8274-44ed-b0df-7017df56399a" testListId="8c84fa94-04c1-424b-9868-57a2d4851a1d" />
    <TestEntry testId="2aca5760-5736-8fb2-f42a-c078d75461ed" executionId="c582eaa1-4828-4a61-9ec5-2aa685876889" testListId="8c84fa94-04c1-424b-9868-57a2d4851a1d" />
    <TestEntry testId="319f8796-7403-b14a-34e0-f1797faae63e" executionId="3e8a533b-311d-4db5-a03e-6d2a48bf314f" testListId="8c84fa94-04c1-424b-9868-57a2d4851a1d" />
    <TestEntry testId="910ea956-c4b4-dc72-c890-ea2c8afbd1ba" executionId="1d49b443-66e2-48f7-a193-dee6ef046add" testListId="8c84fa94-04c1-424b-9868-57a2d4851a1d" />
    <TestEntry testId="b0004f06-300e-d87d-8715-e540888dd689" executionId="099e3fe3-a514-4beb-8cc7-75865ce221d5" testListId="8c84fa94-04c1-424b-9868-57a2d4851a1d" />
    <TestEntry testId="a53bc742-1aa6-1112-cd67-7bd1ef336fc4" executionId="2f615db9-11a2-4e1a-801c-66ea32c97fe7" testListId="8c84fa94-04c1-424b-9868-57a2d4851a1d" />
    <TestEntry testId="d571e5ac-82ed-ebaf-4d14-3695e99fdecf" executionId="e402957a-e5e6-42e6-b577-5b433ffee47b" testListId="8c84fa94-04c1-424b-9868-57a2d4851a1d" />
    <TestEntry testId="fc42ecd1-8c72-c445-ea96-97544145f9ab" executionId="c427c768-e1fa-4d1c-a9bf-fa46f41b0c0a" testListId="8c84fa94-04c1-424b-9868-57a2d4851a1d" />
    <TestEntry testId="9e746348-f3a7-2f41-9d29-e3b583264792" executionId="9c8bd001-867b-4615-91be-37bfe179042a" testListId="8c84fa94-04c1-424b-9868-57a2d4851a1d" />
    <TestEntry testId="3edfc2a7-1754-35d9-a869-000eb02198df" executionId="7871547a-d306-4427-9c9a-06f61626fb53" testListId="8c84fa94-04c1-424b-9868-57a2d4851a1d" />
    <TestEntry testId="cef7f277-5dc3-b0b8-eda4-af499be481dc" executionId="46daae72-62cf-4bd8-8ff9-0239a8332452" testListId="8c84fa94-04c1-424b-9868-57a2d4851a1d" />
    <TestEntry testId="db062b49-88de-b8f8-9ca6-8a07ff86d1c6" executionId="25300e73-dd5d-4a11-8814-e5ace2fa224b" testListId="8c84fa94-04c1-424b-9868-57a2d4851a1d" />
    <TestEntry testId="ed71c039-25d2-86e6-ce2e-7f7815b19541" executionId="5bd3d775-9384-42e4-9d01-dbcea82c1e09" testListId="8c84fa94-04c1-424b-9868-57a2d4851a1d" />
    <TestEntry testId="b7e36637-289c-8e0e-9091-6aff9c16739a" executionId="53cc8ae8-2c11-428c-90be-f023eb6e2440" testListId="8c84fa94-04c1-424b-9868-57a2d4851a1d" />
    <TestEntry testId="2eb304bc-29a1-e3fc-a1ed-62b709614ba3" executionId="7cbaaa08-a1ec-481d-a627-a343a50dca24" testListId="8c84fa94-04c1-424b-9868-57a2d4851a1d" />
    <TestEntry testId="1c73ceb9-2072-2e5e-a2de-ee8cd9695cfc" executionId="3352a541-8db4-4589-b728-99254a1e8379" testListId="8c84fa94-04c1-424b-9868-57a2d4851a1d" />
    <TestEntry testId="75b02970-aa24-70a3-87c6-08d86ea85974" executionId="5fcf7fda-0056-4101-bf84-f7a4829c2ab4" testListId="8c84fa94-04c1-424b-9868-57a2d4851a1d" />
    <TestEntry testId="b8e97d03-ef15-901d-1e9d-db40f54cbfb0" executionId="f0d4ffcd-9f74-4f2a-af04-0a85e9be17d5" testListId="8c84fa94-04c1-424b-9868-57a2d4851a1d" />
    <TestEntry testId="17d84dca-08db-1fc3-9f2e-4c3ca40d4597" executionId="63d2f44a-e333-4cef-8b71-07d884cb5733" testListId="8c84fa94-04c1-424b-9868-57a2d4851a1d" />
    <TestEntry testId="93e1c6bd-3907-bf6a-9788-32ce344adf8d" executionId="c20ce715-b847-45f0-aa79-e613ea1f131f" testListId="8c84fa94-04c1-424b-9868-57a2d4851a1d" />
    <TestEntry testId="ce44940c-50be-b7ab-4e00-61b9f154d25c" executionId="ff1a842d-2252-4282-b148-b86a64a489c8" testListId="8c84fa94-04c1-424b-9868-57a2d4851a1d" />
    <TestEntry testId="6149a481-7ba1-ce8d-da96-1adf4aeb4783" executionId="a02525c8-4d2a-4204-abb4-09ec075c48ec" testListId="8c84fa94-04c1-424b-9868-57a2d4851a1d" />
    <TestEntry testId="dbbf39a1-557e-8113-cb77-f2aa3140bfbd" executionId="7779fa13-a1a1-4d56-8dc7-80ac4b8f948e" testListId="8c84fa94-04c1-424b-9868-57a2d4851a1d" />
    <TestEntry testId="4a3a4767-2fcd-8cd1-559f-f87bde132fcc" executionId="9a10e027-68b7-4ca4-a746-874edb6fa8b5" testListId="8c84fa94-04c1-424b-9868-57a2d4851a1d" />
    <TestEntry testId="3310872c-02b1-3a9f-d890-3c3dc06b553c" executionId="77829c4c-7af6-4a1b-98b0-2a5276a9415e" testListId="8c84fa94-04c1-424b-9868-57a2d4851a1d" />
    <TestEntry testId="0ee94363-92bd-eb3e-d7fb-92ad8f9a8087" executionId="397f2097-ecfe-4fa4-be28-5016f123144e" testListId="8c84fa94-04c1-424b-9868-57a2d4851a1d" />
    <TestEntry testId="97ed5bad-2fed-e9d4-6d6f-bad924a904de" executionId="41479207-6a5d-49ac-8a8e-79bed2cb97e7" testListId="8c84fa94-04c1-424b-9868-57a2d4851a1d" />
    <TestEntry testId="a77657a1-a493-b15e-b5c4-9e5ce796a8ee" executionId="e0b06ea9-0354-4ca6-98b9-a87acfaa524c" testListId="8c84fa94-04c1-424b-9868-57a2d4851a1d" />
    <TestEntry testId="7f0c527e-e0ba-a3e5-7988-c20f8f846917" executionId="a9c9d52f-8ee5-4870-a87d-099ab68bdc84" testListId="8c84fa94-04c1-424b-9868-57a2d4851a1d" />
    <TestEntry testId="2e5f6fa9-36cf-588f-e363-93c7c6e15067" executionId="51d9f3aa-c9b0-4caa-a966-c1b69e6c96fb" testListId="8c84fa94-04c1-424b-9868-57a2d4851a1d" />
    <TestEntry testId="98ef8a3d-1657-a6ae-7eaf-dfb44be1b2e7" executionId="1d18b692-f6f4-441b-ba03-75ff85e7d7af" testListId="8c84fa94-04c1-424b-9868-57a2d4851a1d" />
    <TestEntry testId="70886465-8a9c-f3a3-e66e-9c4d9f1e425f" executionId="2cbcf181-d608-4333-a319-a63f73f83a7d" testListId="8c84fa94-04c1-424b-9868-57a2d4851a1d" />
    <TestEntry testId="223a2e32-2c68-23be-9c45-d825c6cf4171" executionId="9787fdad-ba18-4da1-8593-9605bd8efc56" testListId="8c84fa94-04c1-424b-9868-57a2d4851a1d" />
    <TestEntry testId="5faaddbc-e454-1cad-1ea4-51f228dc32db" executionId="365d70dc-3231-4728-858a-815c7c36efb3" testListId="8c84fa94-04c1-424b-9868-57a2d4851a1d" />
    <TestEntry testId="da2d2e18-01f0-acb5-e8f2-d394d1e9d5f0" executionId="cd3abe9b-4b3e-4d0f-88a7-17161d54e608" testListId="8c84fa94-04c1-424b-9868-57a2d4851a1d" />
    <TestEntry testId="fb8d16f8-d393-a6c5-f7cb-47543546127a" executionId="34cb3edf-1753-4fa4-ad06-1a7e4088937f" testListId="8c84fa94-04c1-424b-9868-57a2d4851a1d" />
    <TestEntry testId="0cb85e0d-e620-5ffd-3a6f-c0a03dbcffb6" executionId="22a7cb24-9a94-4160-af97-d72b99619024" testListId="8c84fa94-04c1-424b-9868-57a2d4851a1d" />
    <TestEntry testId="c852d483-d9e0-2c2b-b9c0-ac3a615cecaf" executionId="e66208ba-14ab-4f6b-9339-cefdf0773b98" testListId="8c84fa94-04c1-424b-9868-57a2d4851a1d" />
    <TestEntry testId="e245fb45-69ee-13c5-5051-f3d423a730df" executionId="9f2cdb6a-60ca-4d62-8588-197c4575d5a0" testListId="8c84fa94-04c1-424b-9868-57a2d4851a1d" />
    <TestEntry testId="a4ebc8c3-3a4e-4ab1-e6c5-04365965ee9e" executionId="2855fe16-6e2e-4f5d-a722-c8874a6d5b64" testListId="8c84fa94-04c1-424b-9868-57a2d4851a1d" />
    <TestEntry testId="1eb83994-41a5-06de-d18f-7e1407514b78" executionId="9bfa094a-60a9-4257-8891-42fec0b27125" testListId="8c84fa94-04c1-424b-9868-57a2d4851a1d" />
    <TestEntry testId="f182b61b-da52-b9d6-afe0-3488a377d621" executionId="227b70c2-2ab3-4ef6-97e8-52d70c5639af" testListId="8c84fa94-04c1-424b-9868-57a2d4851a1d" />
    <TestEntry testId="b6fd8020-db5d-f64a-77cc-9352b31e97f8" executionId="19749693-05f9-4488-9a5f-d6846683bb5a" testListId="8c84fa94-04c1-424b-9868-57a2d4851a1d" />
    <TestEntry testId="bcf043e2-e23c-d4b1-e8df-ddcfaf2c6564" executionId="a7b8891a-f42b-44b5-96eb-c02b891b7afb" testListId="8c84fa94-04c1-424b-9868-57a2d4851a1d" />
    <TestEntry testId="800a9cc5-fc26-2bf4-fde7-906d76a2a91c" executionId="582436c9-f4fe-4424-a8ba-2515ab738944" testListId="8c84fa94-04c1-424b-9868-57a2d4851a1d" />
    <TestEntry testId="661c40ac-bb0a-5c56-01a5-d53b34f19b38" executionId="34a9cae4-85e4-41f6-a0b7-06dd6984d7f5" testListId="8c84fa94-04c1-424b-9868-57a2d4851a1d" />
    <TestEntry testId="ae5ac97e-8b8c-eeb7-7e79-fd8b61df6329" executionId="b47e995c-d29b-40d8-aabd-66244ed3053e" testListId="8c84fa94-04c1-424b-9868-57a2d4851a1d" />
    <TestEntry testId="d757e934-8867-a54c-c93f-b9b8e2d4f452" executionId="6bec1354-5bbf-4eaf-8819-8b4c8834b042" testListId="8c84fa94-04c1-424b-9868-57a2d4851a1d" />
    <TestEntry testId="bad298ac-94ba-545f-f256-1e42ffa5b7b5" executionId="2f8f0ee2-b4d2-4e28-a5b7-e90b5ddba429" testListId="8c84fa94-04c1-424b-9868-57a2d4851a1d" />
    <TestEntry testId="b8abe570-968b-bdd1-9711-285d9d0a6ba1" executionId="b27d5609-1439-4616-897f-d2e77f6b66f1" testListId="8c84fa94-04c1-424b-9868-57a2d4851a1d" />
    <TestEntry testId="f9fd199c-9720-ab0c-f9a1-3482c7ab7054" executionId="ef3ffbe8-21ea-45f1-9dc9-a21abef5607d" testListId="8c84fa94-04c1-424b-9868-57a2d4851a1d" />
    <TestEntry testId="52a29049-9c8e-815e-36f6-b6f14de4f7c1" executionId="73d10cd3-9763-4c0a-9ce2-586a0046d745" testListId="8c84fa94-04c1-424b-9868-57a2d4851a1d" />
    <TestEntry testId="3a11b55c-2e4b-9de3-e429-e8e4d5b33710" executionId="b3dd2856-d822-4761-a89f-8f75c84af24c" testListId="8c84fa94-04c1-424b-9868-57a2d4851a1d" />
    <TestEntry testId="f9581051-4325-f7fc-7cc2-b7b62afe7956" executionId="58349980-3d26-4c11-922b-d4e699846b74" testListId="8c84fa94-04c1-424b-9868-57a2d4851a1d" />
    <TestEntry testId="6ff49ce2-6c5f-2d12-78c5-d9fccb402e88" executionId="5895f079-ec29-405a-b88b-50d941b145c1" testListId="8c84fa94-04c1-424b-9868-57a2d4851a1d" />
    <TestEntry testId="8830f43b-5d5e-0d90-f334-a1cf125e39b1" executionId="3db245c0-ab5b-4272-a939-36dbddfdf572" testListId="8c84fa94-04c1-424b-9868-57a2d4851a1d" />
    <TestEntry testId="1c24a4c8-79d9-1a7e-b3df-8a6211e695a8" executionId="45e605d2-5adb-433d-9165-66382893099c" testListId="8c84fa94-04c1-424b-9868-57a2d4851a1d" />
    <TestEntry testId="4cc8300a-eeed-c2e1-d868-e1046399c3e2" executionId="202d8899-1607-4af1-98cb-c96cdfba3a11" testListId="8c84fa94-04c1-424b-9868-57a2d4851a1d" />
    <TestEntry testId="517e03e4-4abb-9810-ab6e-fc1b74f3e022" executionId="9de95d5e-d6ee-484e-9622-29677f26803c" testListId="8c84fa94-04c1-424b-9868-57a2d4851a1d" />
    <TestEntry testId="a0254ac5-3cdd-5371-614b-9e5a2dd1e775" executionId="5c43bf4f-1525-4c7b-a142-045d3d15d71b" testListId="8c84fa94-04c1-424b-9868-57a2d4851a1d" />
    <TestEntry testId="77b841d2-c43a-4070-249a-23480e6bd29c" executionId="363a9e7d-8520-4c1f-8716-33371c7be703" testListId="8c84fa94-04c1-424b-9868-57a2d4851a1d" />
    <TestEntry testId="57b6d097-e9d6-3704-ff59-5ba052e3b406" executionId="6e3e25d3-9c5f-49df-9d08-6f119a1dc91c" testListId="8c84fa94-04c1-424b-9868-57a2d4851a1d" />
    <TestEntry testId="ce743239-1b20-9584-c28b-8dc6a59dc3bb" executionId="b99e224c-01a9-4991-94fd-c518160601a9" testListId="8c84fa94-04c1-424b-9868-57a2d4851a1d" />
    <TestEntry testId="3eb1bfa3-50f3-b918-d5a1-91e494194649" executionId="13ee9a69-6763-4384-8c0b-094cc803554a" testListId="8c84fa94-04c1-424b-9868-57a2d4851a1d" />
    <TestEntry testId="24801bf2-63b2-04d1-d795-083a0ecbe814" executionId="e10f2fe9-99a4-4b31-9b3d-1c5075ad2fec" testListId="8c84fa94-04c1-424b-9868-57a2d4851a1d" />
    <TestEntry testId="406127ab-b342-e721-d286-823ee31b0fbc" executionId="f054763e-bc0b-4303-bbed-34282e028872" testListId="8c84fa94-04c1-424b-9868-57a2d4851a1d" />
    <TestEntry testId="d6602b74-10ff-8e4a-a599-5e89f61e24aa" executionId="7742f6f7-d97c-4721-a991-ab6565dd61e1" testListId="8c84fa94-04c1-424b-9868-57a2d4851a1d" />
    <TestEntry testId="d2336b6f-ec47-a30f-6052-9d509a829189" executionId="0c7ffe2d-43c5-4be3-bcb1-bcb68a54ccae" testListId="8c84fa94-04c1-424b-9868-57a2d4851a1d" />
    <TestEntry testId="c3eb088b-e534-d6fa-e2f7-38f7fde309c3" executionId="33fc0bf6-78ba-434d-bfa2-e8af91515ee9" testListId="8c84fa94-04c1-424b-9868-57a2d4851a1d" />
    <TestEntry testId="84bf38e9-9144-dc3f-3fbb-788aeff94918" executionId="7bfba3d4-8343-43db-9a36-dfa2ba208891" testListId="8c84fa94-04c1-424b-9868-57a2d4851a1d" />
    <TestEntry testId="16ee0ac6-17eb-3505-339b-384a8e931cbc" executionId="fe065faa-7eed-4cdc-a587-fa0b4d90631d" testListId="8c84fa94-04c1-424b-9868-57a2d4851a1d" />
    <TestEntry testId="93774d2d-144b-7040-611e-7e563672ebaa" executionId="14d0265b-7fc8-4cdc-87ff-ac52fbe2d646" testListId="8c84fa94-04c1-424b-9868-57a2d4851a1d" />
    <TestEntry testId="7137fa11-d3cd-d2e9-1892-35a2bcf917d7" executionId="07d2b4fe-0e37-49e2-880f-daedcd9018a1" testListId="8c84fa94-04c1-424b-9868-57a2d4851a1d" />
    <TestEntry testId="09ded2a6-c372-2eb2-ac00-fef2bebd4e6e" executionId="f516c9a8-c144-40b0-ae5e-00a3105ddd0d" testListId="8c84fa94-04c1-424b-9868-57a2d4851a1d" />
    <TestEntry testId="90cfc5f0-b7f9-31e3-d21a-be242b733ee9" executionId="2cf71139-5c56-4434-b1f8-ecbf3f7284f2" testListId="8c84fa94-04c1-424b-9868-57a2d4851a1d" />
    <TestEntry testId="3c8c7252-b903-0c1c-e35f-58aec4759494" executionId="e3a633da-f240-472a-a6f4-a8969efd1ce0" testListId="8c84fa94-04c1-424b-9868-57a2d4851a1d" />
    <TestEntry testId="fe6a9027-ba74-76b9-9001-ff053b4242c3" executionId="7f0b7244-b8c5-492b-9e80-5263be2a0db4" testListId="8c84fa94-04c1-424b-9868-57a2d4851a1d" />
    <TestEntry testId="c9c040fb-43ed-370d-2782-b2d5defe722d" executionId="c9d88a58-cfbd-49fe-92d2-728e3d0ac7f2" testListId="8c84fa94-04c1-424b-9868-57a2d4851a1d" />
    <TestEntry testId="5095d613-b74e-da81-c8c0-bc71c282beb3" executionId="deec336a-292f-49d9-868c-4f0fe5604892" testListId="8c84fa94-04c1-424b-9868-57a2d4851a1d" />
    <TestEntry testId="928f2455-6ebd-8ffd-8fc5-fc1e86ca64c0" executionId="3774e51a-f413-47e0-be0f-e9c9b73ec2a6" testListId="8c84fa94-04c1-424b-9868-57a2d4851a1d" />
    <TestEntry testId="05ee0585-5324-c075-c884-eef61e6407ec" executionId="166288bc-d77d-468a-9eac-97e388ccd9c8" testListId="8c84fa94-04c1-424b-9868-57a2d4851a1d" />
    <TestEntry testId="c6a10fb2-e3f8-d6eb-e921-0173f07aa1b5" executionId="e3ffc915-16a1-4ab4-9f92-204e3d7e35ab" testListId="8c84fa94-04c1-424b-9868-57a2d4851a1d" />
    <TestEntry testId="f106274d-5d2d-5f08-6dad-6f5b4c7e2e4c" executionId="e29a6299-f0c5-4aad-8651-ebb5dc439ae1" testListId="8c84fa94-04c1-424b-9868-57a2d4851a1d" />
    <TestEntry testId="958cf364-23eb-e2d5-f664-d61945c55467" executionId="c6a01b59-75e0-4df8-b67a-c5cfc0bd5b38" testListId="8c84fa94-04c1-424b-9868-57a2d4851a1d" />
    <TestEntry testId="08927107-8d8c-0e18-84c3-bf6112c63fb2" executionId="432acf9d-aa95-4e23-a95c-46e1b04f0531" testListId="8c84fa94-04c1-424b-9868-57a2d4851a1d" />
    <TestEntry testId="b452384b-46c9-9d28-fc42-8e46ec09f689" executionId="a948aa1f-cfaf-4c26-9928-083a7b44f1ba" testListId="8c84fa94-04c1-424b-9868-57a2d4851a1d" />
    <TestEntry testId="b64d692e-2bcf-ef81-2204-4e384a726323" executionId="4dde61b8-4a4f-402f-9e1a-929d179bb404" testListId="8c84fa94-04c1-424b-9868-57a2d4851a1d" />
    <TestEntry testId="33919fac-e25b-5982-05db-e9034087e4af" executionId="f155ce78-d7a2-43d0-bafd-39e8fc389eac" testListId="8c84fa94-04c1-424b-9868-57a2d4851a1d" />
    <TestEntry testId="2bf7024d-c9a8-0f52-01c6-a02fd7b7c6c8" executionId="68d01ceb-dac3-4157-b9dd-000c68147a54" testListId="8c84fa94-04c1-424b-9868-57a2d4851a1d" />
    <TestEntry testId="82fcf867-5749-9edd-5c4f-4e3b8b6ee0a4" executionId="7f38bea1-2039-4975-9b01-596d56de2254" testListId="8c84fa94-04c1-424b-9868-57a2d4851a1d" />
    <TestEntry testId="8c9d0f43-0c95-b12f-4abf-b89bea8f7dec" executionId="65d0edf2-462d-4af0-9507-0ad1758dcc96" testListId="8c84fa94-04c1-424b-9868-57a2d4851a1d" />
    <TestEntry testId="3a338b5e-ca33-280e-31b5-7634bd32733f" executionId="36d43459-22ad-4a08-ad18-1a5453559ce7" testListId="8c84fa94-04c1-424b-9868-57a2d4851a1d" />
    <TestEntry testId="2f93e454-b30c-a78b-d137-5d738935ef23" executionId="f30832bb-cc97-4fa7-b346-37b4e52642f1" testListId="8c84fa94-04c1-424b-9868-57a2d4851a1d" />
    <TestEntry testId="bb65ea30-4ccc-91b1-efbb-715f93a6d534" executionId="9e57787c-5015-4cb9-9749-03d4c0cd65f0" testListId="8c84fa94-04c1-424b-9868-57a2d4851a1d" />
    <TestEntry testId="4ddfc6a2-cba3-9569-714c-b24431bc49c1" executionId="3b6bb4b4-a4b4-4dc5-ae60-2777a1acfed8" testListId="8c84fa94-04c1-424b-9868-57a2d4851a1d" />
    <TestEntry testId="af1fb9a2-8a78-6d8f-f175-66671f902a9b" executionId="e73848a8-688e-41e3-ad8e-fef0fc128e44" testListId="8c84fa94-04c1-424b-9868-57a2d4851a1d" />
    <TestEntry testId="9407802f-e3bb-717e-dfa6-c4f68e793c26" executionId="0a69c68a-a69c-4b7a-8e9e-e540094df9eb" testListId="8c84fa94-04c1-424b-9868-57a2d4851a1d" />
    <TestEntry testId="a3ace3b8-2cc6-88df-a94a-a9602ec1951a" executionId="1a363776-f73c-485f-95c2-2da4c8cff430" testListId="8c84fa94-04c1-424b-9868-57a2d4851a1d" />
    <TestEntry testId="eee8a259-a056-ce20-fd00-ef8675395c38" executionId="6cc336db-94bc-4fec-816f-496d397badf4" testListId="8c84fa94-04c1-424b-9868-57a2d4851a1d" />
    <TestEntry testId="035ef68b-c3bd-7b62-9eec-5a605eb83f8c" executionId="0db285b9-472d-40e1-b01c-96a440bf986c" testListId="8c84fa94-04c1-424b-9868-57a2d4851a1d" />
    <TestEntry testId="a3cffcd5-ca5b-acfc-2c92-56cbd2780945" executionId="e95ed8d2-3008-4c82-8cbd-7c8bef05f782" testListId="8c84fa94-04c1-424b-9868-57a2d4851a1d" />
    <TestEntry testId="06f7ab65-67b0-9ceb-7950-154a66e24a54" executionId="93c56fa8-5c4d-4593-8e69-ffbb30c510ae" testListId="8c84fa94-04c1-424b-9868-57a2d4851a1d" />
    <TestEntry testId="da7d9a18-f239-39a4-8fc7-3bf5666ab8f3" executionId="3ae3565a-5d5c-48f2-8837-a4d943abd3e1" testListId="8c84fa94-04c1-424b-9868-57a2d4851a1d" />
    <TestEntry testId="db261fbf-eb7c-9161-ff1c-532a3db0f6a5" executionId="fe196303-851c-4bbd-a371-6949b1818447" testListId="8c84fa94-04c1-424b-9868-57a2d4851a1d" />
    <TestEntry testId="126d2357-7090-a0c3-d4b1-34920ceb72d7" executionId="ce82a5de-ff09-4b92-aa2b-b3d1abdf2f23" testListId="8c84fa94-04c1-424b-9868-57a2d4851a1d" />
    <TestEntry testId="49da23cd-956c-d063-f00f-78019f6587a5" executionId="f6a8d276-d694-4e07-8fa9-6ccbb691badb" testListId="8c84fa94-04c1-424b-9868-57a2d4851a1d" />
    <TestEntry testId="bd58f8d9-e6cb-76f7-101e-84475807384c" executionId="87871f5b-5816-4af1-88e0-5ef072544d8b" testListId="8c84fa94-04c1-424b-9868-57a2d4851a1d" />
    <TestEntry testId="bc77ee0c-1b15-15e6-cc3d-5cb4ade23cbd" executionId="d9d531ee-2a9e-4b5a-aac9-99c9ae203753" testListId="8c84fa94-04c1-424b-9868-57a2d4851a1d" />
    <TestEntry testId="7cbfb0f2-220f-3c70-4132-45e5c8965201" executionId="7009df27-e60c-4a5c-90cd-0f3d95d84759" testListId="8c84fa94-04c1-424b-9868-57a2d4851a1d" />
    <TestEntry testId="4976d7df-aa75-dba7-69e7-9402402b4c8e" executionId="4a5f8dd2-5396-4699-bd88-2cde670a118a" testListId="8c84fa94-04c1-424b-9868-57a2d4851a1d" />
    <TestEntry testId="e959378d-d0fd-4d49-0362-8d51b28a1ec4" executionId="06ac30bd-b08a-4bdd-a698-92f48ab7dd2c" testListId="8c84fa94-04c1-424b-9868-57a2d4851a1d" />
    <TestEntry testId="1b91abd4-9b99-9dc8-e442-fa99a1f0e332" executionId="6fb20bf4-6158-4414-a94d-f51ed979b809" testListId="8c84fa94-04c1-424b-9868-57a2d4851a1d" />
    <TestEntry testId="6302655b-61c8-7b0f-1cb8-2a78b11ff788" executionId="a92b12d0-2d71-44cf-9942-db7030bf8ed1" testListId="8c84fa94-04c1-424b-9868-57a2d4851a1d" />
    <TestEntry testId="9055d3e9-2242-b78d-4e5e-551084a63cc0" executionId="f812adc7-8ec6-4eb5-8818-dd84244181b9" testListId="8c84fa94-04c1-424b-9868-57a2d4851a1d" />
    <TestEntry testId="f4aace76-8b78-d9f9-5c7e-a830773b46bd" executionId="a3ff6b66-52a2-450f-bbb4-86248bbaa463" testListId="8c84fa94-04c1-424b-9868-57a2d4851a1d" />
    <TestEntry testId="133cb637-1f14-da6d-6e37-6a27375b1670" executionId="4d30d899-d675-4a82-893c-ecaf38c6dffc" testListId="8c84fa94-04c1-424b-9868-57a2d4851a1d" />
    <TestEntry testId="876bc370-09a2-ee34-0b46-51df5caf6b5d" executionId="a282b21d-d5ae-4f71-bd68-3847ef1d4847" testListId="8c84fa94-04c1-424b-9868-57a2d4851a1d" />
    <TestEntry testId="e1c70711-e4bc-fec3-f088-e58c3b0e3088" executionId="9e6c3e4c-8326-4046-b3b7-d5d258dfadf7" testListId="8c84fa94-04c1-424b-9868-57a2d4851a1d" />
    <TestEntry testId="732023ed-2a84-ce2e-e7c1-285eeae1c920" executionId="8d4a4cc8-1012-408f-a2b8-8989035f9895" testListId="8c84fa94-04c1-424b-9868-57a2d4851a1d" />
    <TestEntry testId="28408d30-8448-8f9c-b04c-e7779e7625cc" executionId="df366982-9b14-4413-a8f3-dbf96e78a4e5" testListId="8c84fa94-04c1-424b-9868-57a2d4851a1d" />
    <TestEntry testId="586aa199-8ad2-c267-31e0-7d856afcab20" executionId="6358b295-4be4-487a-af88-b8983c46a2d1" testListId="8c84fa94-04c1-424b-9868-57a2d4851a1d" />
    <TestEntry testId="192bc75c-0987-6d84-ba23-75d2871c7fb0" executionId="832bc209-ae97-4a20-9128-066bb5164ae3" testListId="8c84fa94-04c1-424b-9868-57a2d4851a1d" />
    <TestEntry testId="e47e5959-0404-6a12-bb2e-be035056d2fc" executionId="17895126-55e3-49e0-97f0-933688baf648" testListId="8c84fa94-04c1-424b-9868-57a2d4851a1d" />
    <TestEntry testId="54f6e699-b3d1-75b1-4814-37e5fcfee1a3" executionId="eed88cf1-80a5-4495-859f-e465f7e7d7cd" testListId="8c84fa94-04c1-424b-9868-57a2d4851a1d" />
    <TestEntry testId="c92c23d1-5ca1-d95a-512b-ef3370dd6502" executionId="4d879b2f-b37d-4bbf-8b2e-0a63bd84e33e" testListId="8c84fa94-04c1-424b-9868-57a2d4851a1d" />
    <TestEntry testId="ef941c35-94f0-1c6b-ae1b-3d9480badfe1" executionId="ba1a3382-1b09-41a4-9580-73dc0be3e839" testListId="8c84fa94-04c1-424b-9868-57a2d4851a1d" />
    <TestEntry testId="6cf7fdb3-260b-5bc9-89b2-d50224c7f7ac" executionId="78e8e740-9684-4d25-a073-0c3a0cd2c98b" testListId="8c84fa94-04c1-424b-9868-57a2d4851a1d" />
    <TestEntry testId="3cad3393-810a-cc62-94bb-2ded6c4b88c7" executionId="f666adf7-3b37-4595-9849-d765bad95ffe" testListId="8c84fa94-04c1-424b-9868-57a2d4851a1d" />
    <TestEntry testId="dab9c0b3-4ffb-2848-2c64-5c66c2da8b39" executionId="27f1d959-0750-410f-a724-45ed3062f43e" testListId="8c84fa94-04c1-424b-9868-57a2d4851a1d" />
    <TestEntry testId="7e8a853c-5510-8468-d824-0047ef588b74" executionId="6ab1b2cc-a4c2-4547-8a50-202026caf863" testListId="8c84fa94-04c1-424b-9868-57a2d4851a1d" />
    <TestEntry testId="a8dd4421-721b-7464-1ec7-7a0950dbe7f2" executionId="1d94a4c4-621b-46b6-b2e5-76c36d6b3c7b" testListId="8c84fa94-04c1-424b-9868-57a2d4851a1d" />
    <TestEntry testId="c196c0e0-1845-801a-d6ce-5a2a7861546a" executionId="8f7da211-8f81-4c04-8db0-da1cd6c74e5f" testListId="8c84fa94-04c1-424b-9868-57a2d4851a1d" />
    <TestEntry testId="4e8ec708-b63a-3736-0e4f-25924095128b" executionId="dfd2d8af-27a5-4c95-ac4a-6cbd6d3749c1" testListId="8c84fa94-04c1-424b-9868-57a2d4851a1d" />
    <TestEntry testId="9bbc1906-5daa-9c01-5fbd-04abcb77a4b4" executionId="a7f0129b-8abb-4e10-b3e2-07cd39f3f0b8" testListId="8c84fa94-04c1-424b-9868-57a2d4851a1d" />
    <TestEntry testId="8e17e180-a6fb-9c35-ec45-dff245336c94" executionId="3a2f19a1-9782-41a8-a0c8-449a49a3a5a6" testListId="8c84fa94-04c1-424b-9868-57a2d4851a1d" />
    <TestEntry testId="853fc9d6-6db1-9e50-13df-6a1ab3128380" executionId="e78945e1-4948-4194-86ef-7ecb29693798" testListId="8c84fa94-04c1-424b-9868-57a2d4851a1d" />
    <TestEntry testId="ea980a94-f888-1c61-339c-f499bb9324bc" executionId="a7232b7f-8797-40f9-8ddc-b7fb47eff58a" testListId="8c84fa94-04c1-424b-9868-57a2d4851a1d" />
    <TestEntry testId="ca1a74cf-f42b-b5b7-8415-1bec1e2927e4" executionId="0c1424a2-0821-4c3a-b16e-6e245aefde49" testListId="8c84fa94-04c1-424b-9868-57a2d4851a1d" />
    <TestEntry testId="b898ad5d-e738-1d64-d2c4-772f55ed34ea" executionId="308c05bb-87fa-4f81-a870-a01429e089dc" testListId="8c84fa94-04c1-424b-9868-57a2d4851a1d" />
    <TestEntry testId="3e8485c9-a7cd-7c8f-f394-cfd45a272654" executionId="45c1cb15-a226-41fc-8a5b-1228a6577698" testListId="8c84fa94-04c1-424b-9868-57a2d4851a1d" />
    <TestEntry testId="5791d93f-2ea0-ebcc-a300-0da5e771609b" executionId="4ac7995c-2c23-4f8f-9fdf-25b73ef4a966" testListId="8c84fa94-04c1-424b-9868-57a2d4851a1d" />
    <TestEntry testId="6be2a7ca-9e0f-738a-b561-fdbbb35486e2" executionId="b0ae95e5-bf37-4741-8d33-20cee2278c56" testListId="8c84fa94-04c1-424b-9868-57a2d4851a1d" />
    <TestEntry testId="c93e1fde-ba93-9054-d493-30af75ea0b03" executionId="b7259f99-5c5c-4ed1-9116-673ac137367e" testListId="8c84fa94-04c1-424b-9868-57a2d4851a1d" />
    <TestEntry testId="33341dd4-6583-40f9-1eba-1c8c959a3a5e" executionId="51d3669b-f41f-4fa9-a01a-eb2be42dcb9b" testListId="8c84fa94-04c1-424b-9868-57a2d4851a1d" />
    <TestEntry testId="62c465a4-ad44-3be7-a78e-7e91064f29e0" executionId="f03bb282-1192-4fd0-bde3-f9b20e366c1d" testListId="8c84fa94-04c1-424b-9868-57a2d4851a1d" />
    <TestEntry testId="62aebf56-249e-bb4c-3c75-70b7badd4f85" executionId="45253503-54fa-4ea4-87d3-74572197040a" testListId="8c84fa94-04c1-424b-9868-57a2d4851a1d" />
    <TestEntry testId="9c1495d5-6651-ae8f-908a-bfaa0ece52f3" executionId="f2c05607-e62a-468c-a7c3-70a73dfb0540" testListId="8c84fa94-04c1-424b-9868-57a2d4851a1d" />
    <TestEntry testId="7b296182-9791-5bb6-d0bc-cac1175b5b79" executionId="c2de517b-f9c9-4ffd-b1e2-75db1667ba61" testListId="8c84fa94-04c1-424b-9868-57a2d4851a1d" />
    <TestEntry testId="877328ba-697b-0240-60a8-80c7a7d265bf" executionId="e2a55a7f-5984-4cc8-a879-be4df0c0144f" testListId="8c84fa94-04c1-424b-9868-57a2d4851a1d" />
    <TestEntry testId="6b82ab31-6a38-fe74-50c1-7d145afb1011" executionId="f985b519-1980-421c-847d-b2dd3c037a0f" testListId="8c84fa94-04c1-424b-9868-57a2d4851a1d" />
    <TestEntry testId="7afa246b-f4b2-fc5f-fe61-fe719713919d" executionId="1b25f910-273a-4986-85c7-3faf77d9d6ab" testListId="8c84fa94-04c1-424b-9868-57a2d4851a1d" />
    <TestEntry testId="00128a49-1d90-04d8-005b-b12d7a997cf3" executionId="9a6d195b-fbec-48f5-9c41-2dc6d906233a" testListId="8c84fa94-04c1-424b-9868-57a2d4851a1d" />
    <TestEntry testId="dfdaa8e6-900c-926b-6ac3-82e2d0119e60" executionId="d386bbaf-4b1e-4b7b-9b36-d3c01b25e249" testListId="8c84fa94-04c1-424b-9868-57a2d4851a1d" />
    <TestEntry testId="4f39f42c-bd61-1d3b-a9d4-94ed188e9ad5" executionId="a9fe6418-bbae-4696-b002-5418af3b092c" testListId="8c84fa94-04c1-424b-9868-57a2d4851a1d" />
    <TestEntry testId="da038b78-6557-20eb-7b54-2bd092edb693" executionId="e35063bb-de20-4e04-912c-8e277cb95b9e" testListId="8c84fa94-04c1-424b-9868-57a2d4851a1d" />
    <TestEntry testId="54792cc5-5557-3941-5368-3e4248495373" executionId="e5e7b299-80ab-4482-aa0f-e3fda41035b8" testListId="8c84fa94-04c1-424b-9868-57a2d4851a1d" />
    <TestEntry testId="1bd901f8-3f7d-e4b9-9350-b8e0d21cecdd" executionId="0e77e740-bb77-40eb-935e-a2a304952f17" testListId="8c84fa94-04c1-424b-9868-57a2d4851a1d" />
    <TestEntry testId="4fee98d5-de39-1ee6-cb6e-aeb30d9e4547" executionId="fb5275ae-8b88-4004-b9fe-e0777c391908" testListId="8c84fa94-04c1-424b-9868-57a2d4851a1d" />
    <TestEntry testId="d32054d7-3151-5a17-efe5-d560f827fbcf" executionId="a891180e-916b-42bd-975b-b6fc7530e8fd" testListId="8c84fa94-04c1-424b-9868-57a2d4851a1d" />
    <TestEntry testId="7bd27d81-06b7-0043-ca3b-42b8a3ad840b" executionId="3ccdaa0f-09c3-4cd5-9985-e804fdd601a9" testListId="8c84fa94-04c1-424b-9868-57a2d4851a1d" />
    <TestEntry testId="8222d29f-50ae-b106-6ccd-5b5874365d8b" executionId="5f83fae5-3742-4ec1-abde-a10f855ce096" testListId="8c84fa94-04c1-424b-9868-57a2d4851a1d" />
    <TestEntry testId="c1eeccdf-9e70-35f5-8d31-8a133efe3993" executionId="b9480432-0ef5-41b6-bf4a-ad71d79318cb" testListId="8c84fa94-04c1-424b-9868-57a2d4851a1d" />
    <TestEntry testId="cbb93574-008f-0923-82a1-ea6b8693b1c4" executionId="901e47e7-aa7f-4a20-8240-028f31c82bd7" testListId="8c84fa94-04c1-424b-9868-57a2d4851a1d" />
    <TestEntry testId="f5caa479-ad8a-fc77-0f9d-b10ee7e2accc" executionId="8c576f6a-e4ff-4eca-855a-1211aa8fdaff" testListId="8c84fa94-04c1-424b-9868-57a2d4851a1d" />
    <TestEntry testId="107b14c3-6a21-48da-a917-3a863ef45b45" executionId="bc3f6695-e443-432c-94e8-3b15bdf3ef0c" testListId="8c84fa94-04c1-424b-9868-57a2d4851a1d" />
    <TestEntry testId="41441101-47ad-5d05-d82c-2bfa6a698b36" executionId="795f702c-3dc8-4e47-9fa7-ddb83d43d308" testListId="8c84fa94-04c1-424b-9868-57a2d4851a1d" />
    <TestEntry testId="81f8c431-ec3f-72e9-977b-252633de4ae4" executionId="581fec68-9b31-40f5-9726-ebbe8633b4ae" testListId="8c84fa94-04c1-424b-9868-57a2d4851a1d" />
    <TestEntry testId="d44e5ef1-d45e-248e-aa87-897c4217e08f" executionId="96721187-4587-4588-aece-c87f9e9537a2" testListId="8c84fa94-04c1-424b-9868-57a2d4851a1d" />
    <TestEntry testId="5bb482fa-8a48-3336-66c9-7ea3af463c94" executionId="c06f1cd5-65b3-48cb-abf5-f6d4b59f7eae" testListId="8c84fa94-04c1-424b-9868-57a2d4851a1d" />
    <TestEntry testId="e4efa2e9-6d62-0683-b9e7-1e5cf6253345" executionId="71c4353c-12e7-4044-a8dc-4bab00fe4f55" testListId="8c84fa94-04c1-424b-9868-57a2d4851a1d" />
    <TestEntry testId="0c965795-08e1-96ff-221c-6c48f278966b" executionId="d6b3f535-a170-4879-8f93-4dc2fd3c2ccc" testListId="8c84fa94-04c1-424b-9868-57a2d4851a1d" />
    <TestEntry testId="76bac099-ab90-0ad5-557d-efa1c929ace3" executionId="03219839-e8ac-4d6f-b1fa-587a8ba6c939" testListId="8c84fa94-04c1-424b-9868-57a2d4851a1d" />
    <TestEntry testId="4c169ed1-2ceb-3ce5-de75-44f39814124d" executionId="fbdf7a48-8371-4411-8f9e-ba27a740d6a8" testListId="8c84fa94-04c1-424b-9868-57a2d4851a1d" />
    <TestEntry testId="fdac1400-a880-08a5-eb9b-8963e9019833" executionId="c895f279-1528-4227-8a2b-c8f24cbe0746" testListId="8c84fa94-04c1-424b-9868-57a2d4851a1d" />
    <TestEntry testId="ff05611d-fdda-b2a8-4bf8-b702f180c253" executionId="535cd69f-0c46-4466-a630-bc51a0aa25fc" testListId="8c84fa94-04c1-424b-9868-57a2d4851a1d" />
    <TestEntry testId="3d782eb2-1185-1de8-9482-d479e4373af3" executionId="c3dc15af-469a-47b3-8143-54c96f0bbd8f" testListId="8c84fa94-04c1-424b-9868-57a2d4851a1d" />
    <TestEntry testId="e06e61ed-13a4-6147-16b5-ee8c50cfb777" executionId="5edf7b14-56b8-4302-9c25-49b8e56fdba6" testListId="8c84fa94-04c1-424b-9868-57a2d4851a1d" />
    <TestEntry testId="9512ba48-0839-7f8e-1a51-7ed8079ac71a" executionId="2ac9e178-6b46-4524-8365-208e5df27f29" testListId="8c84fa94-04c1-424b-9868-57a2d4851a1d" />
    <TestEntry testId="95ce4bfb-8a8a-2e2d-8537-47c45d12d2d7" executionId="44bb339c-20a3-4bbb-b03f-b44c921170c3" testListId="8c84fa94-04c1-424b-9868-57a2d4851a1d" />
    <TestEntry testId="09c48a42-9cc6-7c96-0386-069c96816ff0" executionId="3fc55df5-f522-4d5d-ba64-7f6565a2ff96" testListId="8c84fa94-04c1-424b-9868-57a2d4851a1d" />
    <TestEntry testId="43785e1c-5d96-d5bd-319b-47bbf8cd5cd3" executionId="a931f7cb-4a21-437b-99c7-1cff9a052d82" testListId="8c84fa94-04c1-424b-9868-57a2d4851a1d" />
    <TestEntry testId="8a554420-2901-ce60-a106-99e771204384" executionId="230e2536-fd5c-4db7-be0e-4db10b853337" testListId="8c84fa94-04c1-424b-9868-57a2d4851a1d" />
    <TestEntry testId="5f23c18d-428e-08d4-6861-aed4128bbfb5" executionId="ba83f4ee-42a8-485f-b739-07e5be7a5ad3" testListId="8c84fa94-04c1-424b-9868-57a2d4851a1d" />
    <TestEntry testId="a157e23c-b861-4296-80a4-584edfe004e0" executionId="f2995730-2948-42fa-b83a-4e247668dd56" testListId="8c84fa94-04c1-424b-9868-57a2d4851a1d" />
    <TestEntry testId="74add8a2-d9f3-2054-f072-e9237767895b" executionId="75df1c51-febd-4b7b-8d2d-b50e1484da45" testListId="8c84fa94-04c1-424b-9868-57a2d4851a1d" />
    <TestEntry testId="e1f855c8-36b9-4274-1f3f-20a1e21c5404" executionId="7d03e747-7890-455e-8f90-a8350d607f92" testListId="8c84fa94-04c1-424b-9868-57a2d4851a1d" />
    <TestEntry testId="b2995b06-1442-48cc-a8f7-299ee21d333d" executionId="fff6e84c-86c6-4919-a262-aab6c59ec262" testListId="8c84fa94-04c1-424b-9868-57a2d4851a1d" />
    <TestEntry testId="34b2f47b-480a-22d6-69fb-dc7eedfd64fd" executionId="cc09f659-e146-4a3a-b098-fee39da35d56" testListId="8c84fa94-04c1-424b-9868-57a2d4851a1d" />
    <TestEntry testId="d0c56151-9eb1-435a-613d-6b16219b3912" executionId="6433041f-1503-462c-b1b9-8813601d861c" testListId="8c84fa94-04c1-424b-9868-57a2d4851a1d" />
    <TestEntry testId="298c066a-2f38-5d22-8d3d-0de208425162" executionId="27238b06-1251-451b-a966-0322ae3712f9" testListId="8c84fa94-04c1-424b-9868-57a2d4851a1d" />
    <TestEntry testId="583152d9-d199-0061-6cfe-e7b3f5f54327" executionId="71f8ddc3-6e86-4fab-adaf-e041689e096d" testListId="8c84fa94-04c1-424b-9868-57a2d4851a1d" />
    <TestEntry testId="f973a97f-5a8e-0209-5020-2d35dba67422" executionId="d46006f7-5939-4b56-999f-31ebc022cf5b" testListId="8c84fa94-04c1-424b-9868-57a2d4851a1d" />
    <TestEntry testId="3e5839e2-2685-aaaf-8dd6-2d9da7f4f9a8" executionId="dfb8db5d-55f0-488d-970f-d9973b719078" testListId="8c84fa94-04c1-424b-9868-57a2d4851a1d" />
    <TestEntry testId="2feabfd6-0ffa-cf5e-b63d-1731ea803e6d" executionId="da3d20b1-e29a-42f6-9517-5201545d54e2" testListId="8c84fa94-04c1-424b-9868-57a2d4851a1d" />
    <TestEntry testId="4542ac08-3156-be6f-f9b6-60fac905db13" executionId="6c6d8526-66f3-4d7e-97d9-6710ef16dffd" testListId="8c84fa94-04c1-424b-9868-57a2d4851a1d" />
    <TestEntry testId="99ffc01d-6d47-54d4-118d-67b642c0d057" executionId="8d25a6bf-c81c-4b92-b601-5d1051539a1b" testListId="8c84fa94-04c1-424b-9868-57a2d4851a1d" />
    <TestEntry testId="50b702b0-e703-363d-0b04-619370ec937b" executionId="23ddca52-ac5e-42da-88a7-9b24662135c4" testListId="8c84fa94-04c1-424b-9868-57a2d4851a1d" />
    <TestEntry testId="d01aff65-cc66-59d9-483c-ef58ff5b02b0" executionId="617edb12-4ce0-43fe-9b5e-00603e0f58d1" testListId="8c84fa94-04c1-424b-9868-57a2d4851a1d" />
    <TestEntry testId="8ca24930-13c2-9054-276b-c0c9a4d03ea7" executionId="59f8c3d5-3cd2-49c7-8adb-bcf5f107793b" testListId="8c84fa94-04c1-424b-9868-57a2d4851a1d" />
    <TestEntry testId="2b14ff95-cabe-8a3e-8e5c-8673fcb142c5" executionId="c4fe6af1-e073-467b-be49-fd1f652028f0" testListId="8c84fa94-04c1-424b-9868-57a2d4851a1d" />
    <TestEntry testId="a0a697d6-c6a3-5a08-d701-7b26e299e138" executionId="08e2b75e-a370-4556-a158-0ac2090ba1bd" testListId="8c84fa94-04c1-424b-9868-57a2d4851a1d" />
    <TestEntry testId="30e292f5-f798-eac9-ba1e-713f3566415c" executionId="670a3e9a-4d6b-4750-9c6a-49cc1ed34242" testListId="8c84fa94-04c1-424b-9868-57a2d4851a1d" />
    <TestEntry testId="f335010e-9fe4-33d4-3df2-9a2fa868a446" executionId="5d2e0a1d-aa3a-4a51-b3b5-eb39d717344a" testListId="8c84fa94-04c1-424b-9868-57a2d4851a1d" />
    <TestEntry testId="f1184a8e-b69a-6295-ac82-24b2bd10984c" executionId="6c3b36c5-2274-43d6-81ec-f0704c356806" testListId="8c84fa94-04c1-424b-9868-57a2d4851a1d" />
  </TestEntries>
  <TestLists>
    <TestList name="Results Not in a List" id="8c84fa94-04c1-424b-9868-57a2d4851a1d" />
    <TestList name="All Loaded Results" id="19431567-8539-422a-85d7-44ee4e166bda" />
  </TestLists>
  <ResultSummary outcome="Failed">
    <Counters total="414" executed="414" passed="413" failed="1" error="0" timeout="0" aborted="0" inconclusive="0" passedButRunAborted="0" notRunnable="0" notExecuted="0" disconnected="0" warning="0" completed="0" inProgress="0" pending="0" />
  </ResultSummary>
</TestRun>