<?xml version="1.0" encoding="utf-8"?>
<TestRun id="aa1efbf2-5620-4151-a112-b549aaf4e91f" name="DKSR-EFI-04$@DKSR-EFI-04 2023-12-22 09:33:18" runUser="NT AUTHORITY\NETWORK SERVICE" xmlns="http://microsoft.com/schemas/VisualStudio/TeamTest/2010">
  <Times creation="2023-12-22T09:33:18.7874340+01:00" queuing="2023-12-22T09:33:18.7874340+01:00" start="2023-12-22T09:33:10.7248926+01:00" finish="2023-12-22T09:33:19.6936863+01:00" />
  <TestSettings name="default" id="198dcb01-a01e-4222-875e-a37a66360fb9">
    <Deployment runDeploymentRoot="DKSR-EFI-04$_DKSR-EFI-04_2023-12-22_09_33_18" />
  </TestSettings>
  <Results>
    <UnitTestResult executionId="e85da088-d389-4e39-bee0-cf093f791009" testId="9c99bc23-1034-86d9-1704-31f928c2649f" testName="BackupTestErrorMissingBackupFolder" computerName="DKSR-EFI-04" duration="00:00:00.0011580" startTime="2023-12-22T09:33:18.1936794+01:00" endTime="2023-12-22T09:33:18.2093045+01:00" testType="13cdc9d9-ddb5-4fa4-a97d-d965ccfc6d4b" outcome="Passed" testListId="8c84fa94-04c1-424b-9868-57a2d4851a1d" relativeResultsDirectory="e85da088-d389-4e39-bee0-cf093f791009" />
    <UnitTestResult executionId="609aa27e-5ae5-42c4-bfd9-86970a70e991" testId="24d951f6-7052-0277-37bc-1dd3238df0ec" testName="StartServicesTest" computerName="DKSR-EFI-04" duration="00:00:00.0011690" startTime="2023-12-22T09:33:19.2561828+01:00" endTime="2023-12-22T09:33:19.2561828+01:00" testType="13cdc9d9-ddb5-4fa4-a97d-d965ccfc6d4b" outcome="Passed" testListId="8c84fa94-04c1-424b-9868-57a2d4851a1d" relativeResultsDirectory="609aa27e-5ae5-42c4-bfd9-86970a70e991" />
    <UnitTestResult executionId="c29d303c-1820-416c-9a79-2f1e29c16efe" testId="f697ce41-be20-88dd-b796-af617cc0cf2f" testName="CleanUpTest" computerName="DKSR-EFI-04" duration="00:00:00.0012016" startTime="2023-12-22T09:33:19.2561828+01:00" endTime="2023-12-22T09:33:19.2561828+01:00" testType="13cdc9d9-ddb5-4fa4-a97d-d965ccfc6d4b" outcome="Passed" testListId="8c84fa94-04c1-424b-9868-57a2d4851a1d" relativeResultsDirectory="c29d303c-1820-416c-9a79-2f1e29c16efe" />
    <UnitTestResult executionId="e657ec93-b953-4d30-88c6-d35c2cbb8d23" testId="e32e3fa7-bcdb-2d7e-08a8-39dad1ec14bb" testName="PrepareForRestoreTest" computerName="DKSR-EFI-04" duration="00:00:00.2064574" startTime="2023-12-22T09:33:18.7874340+01:00" endTime="2023-12-22T09:33:19.0061824+01:00" testType="13cdc9d9-ddb5-4fa4-a97d-d965ccfc6d4b" outcome="Passed" testListId="8c84fa94-04c1-424b-9868-57a2d4851a1d" relativeResultsDirectory="e657ec93-b953-4d30-88c6-d35c2cbb8d23">
      <Output>
        <StdOut>Debug Trace:&#xD;
IncreaseNoofActiveActions to 1&#xD;
DecreaseNoofActiveActions to 0</StdOut>
      </Output>
    </UnitTestResult>
    <UnitTestResult executionId="3395157e-31c9-46b5-abfb-efe023c1d9ec" testId="a8c51377-49fd-d76b-d512-252124b248f6" testName="StopServicesTest" computerName="DKSR-EFI-04" duration="00:00:00.0011168" startTime="2023-12-22T09:33:19.2561828+01:00" endTime="2023-12-22T09:33:19.2718084+01:00" testType="13cdc9d9-ddb5-4fa4-a97d-d965ccfc6d4b" outcome="Passed" testListId="8c84fa94-04c1-424b-9868-57a2d4851a1d" relativeResultsDirectory="3395157e-31c9-46b5-abfb-efe023c1d9ec" />
    <UnitTestResult executionId="c4217a7a-5258-4554-a4e8-3e9f23a6ace1" testId="d662557d-7eaf-0bac-1223-0314100545db" testName="RestoreTest" computerName="DKSR-EFI-04" duration="00:00:00.0015591" startTime="2023-12-22T09:33:19.0218082+01:00" endTime="2023-12-22T09:33:19.0218082+01:00" testType="13cdc9d9-ddb5-4fa4-a97d-d965ccfc6d4b" outcome="Passed" testListId="8c84fa94-04c1-424b-9868-57a2d4851a1d" relativeResultsDirectory="c4217a7a-5258-4554-a4e8-3e9f23a6ace1">
      <Output>
        <StdOut>Debug Trace:&#xD;
IncreaseNoofActiveActions to 1&#xD;
DecreaseNoofActiveActions to 0</StdOut>
      </Output>
    </UnitTestResult>
    <UnitTestResult executionId="a6f63628-bab5-4e99-8dbe-cf3c5dd095ab" testId="5f3e2230-213c-287c-2722-f97f2e4e28a4" testName="CorporateConfigData_Serialization" computerName="DKSR-EFI-04" duration="00:00:00.0083523" startTime="2023-12-22T09:33:18.7718073+01:00" endTime="2023-12-22T09:33:18.7874340+01:00" testType="13cdc9d9-ddb5-4fa4-a97d-d965ccfc6d4b" outcome="Passed" testListId="8c84fa94-04c1-424b-9868-57a2d4851a1d" relativeResultsDirectory="a6f63628-bab5-4e99-8dbe-cf3c5dd095ab" />
    <UnitTestResult executionId="d0866a22-da5d-4295-9225-ce616caf8644" testId="6410649a-261c-98ee-4782-cb603a799e9f" testName="AddComponentTestArgumentNullException" computerName="DKSR-EFI-04" duration="00:00:00.0006419" startTime="2023-12-22T09:33:18.1780546+01:00" endTime="2023-12-22T09:33:18.1780546+01:00" testType="13cdc9d9-ddb5-4fa4-a97d-d965ccfc6d4b" outcome="Passed" testListId="8c84fa94-04c1-424b-9868-57a2d4851a1d" relativeResultsDirectory="d0866a22-da5d-4295-9225-ce616caf8644" />
    <UnitTestResult executionId="818f83eb-98db-466a-9a28-897d67b5973c" testId="d993b096-3067-65d6-8bc1-377277cb776e" testName="BackupConfigManagerConstructorTest" computerName="DKSR-EFI-04" duration="00:00:00.0098223" startTime="2023-12-22T09:33:17.7093052+01:00" endTime="2023-12-22T09:33:18.1155543+01:00" testType="13cdc9d9-ddb5-4fa4-a97d-d965ccfc6d4b" outcome="Passed" testListId="8c84fa94-04c1-424b-9868-57a2d4851a1d" relativeResultsDirectory="818f83eb-98db-466a-9a28-897d67b5973c" />
    <UnitTestResult executionId="b76ad558-301a-42ed-b608-d525fe36589e" testId="152bb7f0-de90-c864-0f1b-234f0304f03c" testName="WaitForZeroActiveActionsTest" computerName="DKSR-EFI-04" duration="00:00:00.2255819" startTime="2023-12-22T09:33:19.0218082+01:00" endTime="2023-12-22T09:33:19.2561828+01:00" testType="13cdc9d9-ddb5-4fa4-a97d-d965ccfc6d4b" outcome="Passed" testListId="8c84fa94-04c1-424b-9868-57a2d4851a1d" relativeResultsDirectory="b76ad558-301a-42ed-b608-d525fe36589e">
      <Output>
        <StdOut>Debug Trace:&#xD;
IncreaseNoofActiveActions to 1</StdOut>
      </Output>
    </UnitTestResult>
    <UnitTestResult executionId="96e3d945-6492-4a8c-8529-d858e2936fc2" testId="db1b8248-4fb5-118e-b29a-9b5e8bb45d12" testName="ValidateForRestoreSuccessTest" computerName="DKSR-EFI-04" duration="00:00:00.0036501" startTime="2023-12-22T09:33:19.0061824+01:00" endTime="2023-12-22T09:33:19.0218082+01:00" testType="13cdc9d9-ddb5-4fa4-a97d-d965ccfc6d4b" outcome="Passed" testListId="8c84fa94-04c1-424b-9868-57a2d4851a1d" relativeResultsDirectory="96e3d945-6492-4a8c-8529-d858e2936fc2">
      <Output>
        <StdOut>Debug Trace:&#xD;
IncreaseNoofActiveActions to 1&#xD;
DecreaseNoofActiveActions to 0</StdOut>
      </Output>
    </UnitTestResult>
    <UnitTestResult executionId="3d3fb10f-5f32-48ae-92cc-700371b9befd" testId="1f7e35aa-d6bf-ea17-e85d-0cac36a41b6a" testName="BackupConfigManagerConstructorTestArgumentNullException" computerName="DKSR-EFI-04" duration="00:00:00.0023186" startTime="2023-12-22T09:33:18.1624319+01:00" endTime="2023-12-22T09:33:18.1624319+01:00" testType="13cdc9d9-ddb5-4fa4-a97d-d965ccfc6d4b" outcome="Passed" testListId="8c84fa94-04c1-424b-9868-57a2d4851a1d" relativeResultsDirectory="3d3fb10f-5f32-48ae-92cc-700371b9befd" />
    <UnitTestResult executionId="5b36e8b2-ee9a-4f6a-b590-8711b9bf393c" testId="ed8f305a-99a1-8d1a-3316-2877df5955ab" testName="RegisteredService_Serilization" computerName="DKSR-EFI-04" duration="00:00:00.5264572" startTime="2023-12-22T09:33:18.2405536+01:00" endTime="2023-12-22T09:33:18.7561820+01:00" testType="13cdc9d9-ddb5-4fa4-a97d-d965ccfc6d4b" outcome="Passed" testListId="8c84fa94-04c1-424b-9868-57a2d4851a1d" relativeResultsDirectory="5b36e8b2-ee9a-4f6a-b590-8711b9bf393c" />
    <UnitTestResult executionId="a30cba45-2834-4b75-b4e0-ea7cc5a586e8" testId="71a4ba21-61f2-fe93-ca88-c346c05db124" testName="BackupTest" computerName="DKSR-EFI-04" duration="00:00:00.0201582" startTime="2023-12-22T09:33:18.1780546+01:00" endTime="2023-12-22T09:33:18.1936794+01:00" testType="13cdc9d9-ddb5-4fa4-a97d-d965ccfc6d4b" outcome="Passed" testListId="8c84fa94-04c1-424b-9868-57a2d4851a1d" relativeResultsDirectory="a30cba45-2834-4b75-b4e0-ea7cc5a586e8" />
    <UnitTestResult executionId="a263d761-77cd-4cd6-803d-66e2afbba836" testId="1350dfe3-4e2c-ffd9-b794-3cd6f005f3b4" testName="BackupTestErrorDeleteFiles" computerName="DKSR-EFI-04" duration="00:00:00.0007888" startTime="2023-12-22T09:33:18.2249297+01:00" endTime="2023-12-22T09:33:18.2249297+01:00" testType="13cdc9d9-ddb5-4fa4-a97d-d965ccfc6d4b" outcome="Passed" testListId="8c84fa94-04c1-424b-9868-57a2d4851a1d" relativeResultsDirectory="a263d761-77cd-4cd6-803d-66e2afbba836" />
    <UnitTestResult executionId="55d43e0f-c131-41a9-8e22-2da3061f3d41" testId="89dcf851-df88-08f9-b798-8193d9d9a306" testName="CorporateConfigData_SerializationNoRegisteredServices" computerName="DKSR-EFI-04" duration="00:00:00.0002752" startTime="2023-12-22T09:33:18.7874340+01:00" endTime="2023-12-22T09:33:18.7874340+01:00" testType="13cdc9d9-ddb5-4fa4-a97d-d965ccfc6d4b" outcome="Passed" testListId="8c84fa94-04c1-424b-9868-57a2d4851a1d" relativeResultsDirectory="55d43e0f-c131-41a9-8e22-2da3061f3d41" />
    <UnitTestResult executionId="5816a0b7-51f2-470c-8bcb-2d351a48b091" testId="79899e02-b2ef-bd00-bc03-fe46259489d8" testName="BackupTestBackupAlreadyActive" computerName="DKSR-EFI-04" duration="00:00:00.0163997" startTime="2023-12-22T09:33:18.2093045+01:00" endTime="2023-12-22T09:33:18.2249297+01:00" testType="13cdc9d9-ddb5-4fa4-a97d-d965ccfc6d4b" outcome="Passed" testListId="8c84fa94-04c1-424b-9868-57a2d4851a1d" relativeResultsDirectory="5816a0b7-51f2-470c-8bcb-2d351a48b091" />
    <UnitTestResult executionId="602e21ac-dae8-4a66-9f06-94c3ffeb25b3" testId="1a49b7d9-5de3-24ed-3eb1-fd59cec3ff7c" testName="AddComponentTest" computerName="DKSR-EFI-04" duration="00:00:00.0003738" startTime="2023-12-22T09:33:18.1780546+01:00" endTime="2023-12-22T09:33:18.1780546+01:00" testType="13cdc9d9-ddb5-4fa4-a97d-d965ccfc6d4b" outcome="Passed" testListId="8c84fa94-04c1-424b-9868-57a2d4851a1d" relativeResultsDirectory="602e21ac-dae8-4a66-9f06-94c3ffeb25b3" />
    <UnitTestResult executionId="51d71ffc-f901-4693-9653-498c6f61f75f" testId="2b0d4561-e5c2-b55f-c41e-54984307696f" testName="RestoreConfigManagerConstructorTest" computerName="DKSR-EFI-04" duration="00:00:00.0006701" startTime="2023-12-22T09:33:18.7874340+01:00" endTime="2023-12-22T09:33:18.7874340+01:00" testType="13cdc9d9-ddb5-4fa4-a97d-d965ccfc6d4b" outcome="Passed" testListId="8c84fa94-04c1-424b-9868-57a2d4851a1d" relativeResultsDirectory="51d71ffc-f901-4693-9653-498c6f61f75f" />
  </Results>
  <TestDefinitions>
    <UnitTest name="AddComponentTestArgumentNullException" storage="d:\actions-runner\_work\xpco\xpco\corporate\shared\utilities\tst\videoos.vms.backuprestore.unittests\bin\debug\net472\videoos.vms.backuprestore.unittests.dll" id="6410649a-261c-98ee-4782-cb603a799e9f">
      <Execution id="d0866a22-da5d-4295-9225-ce616caf8644" />
      <TestMethod codeBase="D:\actions-runner\_work\XPCO\XPCO\Corporate\Shared\Utilities\tst\VideoOS.Vms.BackupRestore.UnitTests\bin\Debug\net472\VideoOS.Vms.BackupRestore.UnitTests.dll" adapterTypeName="executor://mstestadapter/v2" className="VideoOS.Vms.BackupRestore.UnitTests.BackupConfigManagerTest" name="AddComponentTestArgumentNullException" />
    </UnitTest>
    <UnitTest name="PrepareForRestoreTest" storage="d:\actions-runner\_work\xpco\xpco\corporate\shared\utilities\tst\videoos.vms.backuprestore.unittests\bin\debug\net472\videoos.vms.backuprestore.unittests.dll" id="e32e3fa7-bcdb-2d7e-08a8-39dad1ec14bb">
      <Execution id="e657ec93-b953-4d30-88c6-d35c2cbb8d23" />
      <TestMethod codeBase="D:\actions-runner\_work\XPCO\XPCO\Corporate\Shared\Utilities\tst\VideoOS.Vms.BackupRestore.UnitTests\bin\Debug\net472\VideoOS.Vms.BackupRestore.UnitTests.dll" adapterTypeName="executor://mstestadapter/v2" className="VideoOS.Vms.BackupRestore.UnitTests.RestoreConfigManagerTest" name="PrepareForRestoreTest" />
    </UnitTest>
    <UnitTest name="BackupTestErrorDeleteFiles" storage="d:\actions-runner\_work\xpco\xpco\corporate\shared\utilities\tst\videoos.vms.backuprestore.unittests\bin\debug\net472\videoos.vms.backuprestore.unittests.dll" id="1350dfe3-4e2c-ffd9-b794-3cd6f005f3b4">
      <Execution id="a263d761-77cd-4cd6-803d-66e2afbba836" />
      <TestMethod codeBase="D:\actions-runner\_work\XPCO\XPCO\Corporate\Shared\Utilities\tst\VideoOS.Vms.BackupRestore.UnitTests\bin\Debug\net472\VideoOS.Vms.BackupRestore.UnitTests.dll" adapterTypeName="executor://mstestadapter/v2" className="VideoOS.Vms.BackupRestore.UnitTests.BackupConfigManagerTest" name="BackupTestErrorDeleteFiles" />
    </UnitTest>
    <UnitTest name="BackupTest" storage="d:\actions-runner\_work\xpco\xpco\corporate\shared\utilities\tst\videoos.vms.backuprestore.unittests\bin\debug\net472\videoos.vms.backuprestore.unittests.dll" id="71a4ba21-61f2-fe93-ca88-c346c05db124">
      <Execution id="a30cba45-2834-4b75-b4e0-ea7cc5a586e8" />
      <TestMethod codeBase="D:\actions-runner\_work\XPCO\XPCO\Corporate\Shared\Utilities\tst\VideoOS.Vms.BackupRestore.UnitTests\bin\Debug\net472\VideoOS.Vms.BackupRestore.UnitTests.dll" adapterTypeName="executor://mstestadapter/v2" className="VideoOS.Vms.BackupRestore.UnitTests.BackupConfigManagerTest" name="BackupTest" />
    </UnitTest>
    <UnitTest name="AddComponentTest" storage="d:\actions-runner\_work\xpco\xpco\corporate\shared\utilities\tst\videoos.vms.backuprestore.unittests\bin\debug\net472\videoos.vms.backuprestore.unittests.dll" id="1a49b7d9-5de3-24ed-3eb1-fd59cec3ff7c">
      <Execution id="602e21ac-dae8-4a66-9f06-94c3ffeb25b3" />
      <TestMethod codeBase="D:\actions-runner\_work\XPCO\XPCO\Corporate\Shared\Utilities\tst\VideoOS.Vms.BackupRestore.UnitTests\bin\Debug\net472\VideoOS.Vms.BackupRestore.UnitTests.dll" adapterTypeName="executor://mstestadapter/v2" className="VideoOS.Vms.BackupRestore.UnitTests.BackupConfigManagerTest" name="AddComponentTest" />
    </UnitTest>
    <UnitTest name="BackupTestBackupAlreadyActive" storage="d:\actions-runner\_work\xpco\xpco\corporate\shared\utilities\tst\videoos.vms.backuprestore.unittests\bin\debug\net472\videoos.vms.backuprestore.unittests.dll" id="79899e02-b2ef-bd00-bc03-fe46259489d8">
      <Execution id="5816a0b7-51f2-470c-8bcb-2d351a48b091" />
      <TestMethod codeBase="D:\actions-runner\_work\XPCO\XPCO\Corporate\Shared\Utilities\tst\VideoOS.Vms.BackupRestore.UnitTests\bin\Debug\net472\VideoOS.Vms.BackupRestore.UnitTests.dll" adapterTypeName="executor://mstestadapter/v2" className="VideoOS.Vms.BackupRestore.UnitTests.BackupConfigManagerTest" name="BackupTestBackupAlreadyActive" />
    </UnitTest>
    <UnitTest name="CorporateConfigData_SerializationNoRegisteredServices" storage="d:\actions-runner\_work\xpco\xpco\corporate\shared\utilities\tst\videoos.vms.backuprestore.unittests\bin\debug\net472\videoos.vms.backuprestore.unittests.dll" id="89dcf851-df88-08f9-b798-8193d9d9a306">
      <Execution id="55d43e0f-c131-41a9-8e22-2da3061f3d41" />
      <TestMethod codeBase="D:\actions-runner\_work\XPCO\XPCO\Corporate\Shared\Utilities\tst\VideoOS.Vms.BackupRestore.UnitTests\bin\Debug\net472\VideoOS.Vms.BackupRestore.UnitTests.dll" adapterTypeName="executor://mstestadapter/v2" className="VideoOS.Vms.BackupRestore.UnitTests.CorporateConfigDataTest" name="CorporateConfigData_SerializationNoRegisteredServices" />
    </UnitTest>
    <UnitTest name="WaitForZeroActiveActionsTest" storage="d:\actions-runner\_work\xpco\xpco\corporate\shared\utilities\tst\videoos.vms.backuprestore.unittests\bin\debug\net472\videoos.vms.backuprestore.unittests.dll" id="152bb7f0-de90-c864-0f1b-234f0304f03c">
      <Execution id="b76ad558-301a-42ed-b608-d525fe36589e" />
      <TestMethod codeBase="D:\actions-runner\_work\XPCO\XPCO\Corporate\Shared\Utilities\tst\VideoOS.Vms.BackupRestore.UnitTests\bin\Debug\net472\VideoOS.Vms.BackupRestore.UnitTests.dll" adapterTypeName="executor://mstestadapter/v2" className="VideoOS.Vms.BackupRestore.UnitTests.RestoreConfigManagerTest" name="WaitForZeroActiveActionsTest" />
    </UnitTest>
    <UnitTest name="CorporateConfigData_Serialization" storage="d:\actions-runner\_work\xpco\xpco\corporate\shared\utilities\tst\videoos.vms.backuprestore.unittests\bin\debug\net472\videoos.vms.backuprestore.unittests.dll" id="5f3e2230-213c-287c-2722-f97f2e4e28a4">
      <Execution id="a6f63628-bab5-4e99-8dbe-cf3c5dd095ab" />
      <TestMethod codeBase="D:\actions-runner\_work\XPCO\XPCO\Corporate\Shared\Utilities\tst\VideoOS.Vms.BackupRestore.UnitTests\bin\Debug\net472\VideoOS.Vms.BackupRestore.UnitTests.dll" adapterTypeName="executor://mstestadapter/v2" className="VideoOS.Vms.BackupRestore.UnitTests.CorporateConfigDataTest" name="CorporateConfigData_Serialization" />
    </UnitTest>
    <UnitTest name="BackupConfigManagerConstructorTestArgumentNullException" storage="d:\actions-runner\_work\xpco\xpco\corporate\shared\utilities\tst\videoos.vms.backuprestore.unittests\bin\debug\net472\videoos.vms.backuprestore.unittests.dll" id="1f7e35aa-d6bf-ea17-e85d-0cac36a41b6a">
      <Execution id="3d3fb10f-5f32-48ae-92cc-700371b9befd" />
      <TestMethod codeBase="D:\actions-runner\_work\XPCO\XPCO\Corporate\Shared\Utilities\tst\VideoOS.Vms.BackupRestore.UnitTests\bin\Debug\net472\VideoOS.Vms.BackupRestore.UnitTests.dll" adapterTypeName="executor://mstestadapter/v2" className="VideoOS.Vms.BackupRestore.UnitTests.BackupConfigManagerTest" name="BackupConfigManagerConstructorTestArgumentNullException" />
    </UnitTest>
    <UnitTest name="RestoreConfigManagerConstructorTest" storage="d:\actions-runner\_work\xpco\xpco\corporate\shared\utilities\tst\videoos.vms.backuprestore.unittests\bin\debug\net472\videoos.vms.backuprestore.unittests.dll" id="2b0d4561-e5c2-b55f-c41e-54984307696f">
      <Execution id="51d71ffc-f901-4693-9653-498c6f61f75f" />
      <TestMethod codeBase="D:\actions-runner\_work\XPCO\XPCO\Corporate\Shared\Utilities\tst\VideoOS.Vms.BackupRestore.UnitTests\bin\Debug\net472\VideoOS.Vms.BackupRestore.UnitTests.dll" adapterTypeName="executor://mstestadapter/v2" className="VideoOS.Vms.BackupRestore.UnitTests.RestoreConfigManagerTest" name="RestoreConfigManagerConstructorTest" />
    </UnitTest>
    <UnitTest name="BackupConfigManagerConstructorTest" storage="d:\actions-runner\_work\xpco\xpco\corporate\shared\utilities\tst\videoos.vms.backuprestore.unittests\bin\debug\net472\videoos.vms.backuprestore.unittests.dll" id="d993b096-3067-65d6-8bc1-377277cb776e">
      <Execution id="818f83eb-98db-466a-9a28-897d67b5973c" />
      <TestMethod codeBase="D:\actions-runner\_work\XPCO\XPCO\Corporate\Shared\Utilities\tst\VideoOS.Vms.BackupRestore.UnitTests\bin\Debug\net472\VideoOS.Vms.BackupRestore.UnitTests.dll" adapterTypeName="executor://mstestadapter/v2" className="VideoOS.Vms.BackupRestore.UnitTests.BackupConfigManagerTest" name="BackupConfigManagerConstructorTest" />
    </UnitTest>
    <UnitTest name="BackupTestErrorMissingBackupFolder" storage="d:\actions-runner\_work\xpco\xpco\corporate\shared\utilities\tst\videoos.vms.backuprestore.unittests\bin\debug\net472\videoos.vms.backuprestore.unittests.dll" id="9c99bc23-1034-86d9-1704-31f928c2649f">
      <Execution id="e85da088-d389-4e39-bee0-cf093f791009" />
      <TestMethod codeBase="D:\actions-runner\_work\XPCO\XPCO\Corporate\Shared\Utilities\tst\VideoOS.Vms.BackupRestore.UnitTests\bin\Debug\net472\VideoOS.Vms.BackupRestore.UnitTests.dll" adapterTypeName="executor://mstestadapter/v2" className="VideoOS.Vms.BackupRestore.UnitTests.BackupConfigManagerTest" name="BackupTestErrorMissingBackupFolder" />
    </UnitTest>
    <UnitTest name="RegisteredService_Serilization" storage="d:\actions-runner\_work\xpco\xpco\corporate\shared\utilities\tst\videoos.vms.backuprestore.unittests\bin\debug\net472\videoos.vms.backuprestore.unittests.dll" id="ed8f305a-99a1-8d1a-3316-2877df5955ab">
      <Execution id="5b36e8b2-ee9a-4f6a-b590-8711b9bf393c" />
      <TestMethod codeBase="D:\actions-runner\_work\XPCO\XPCO\Corporate\Shared\Utilities\tst\VideoOS.Vms.BackupRestore.UnitTests\bin\Debug\net472\VideoOS.Vms.BackupRestore.UnitTests.dll" adapterTypeName="executor://mstestadapter/v2" className="VideoOS.Vms.BackupRestore.UnitTests.CorporateConfigDataTest" name="RegisteredService_Serilization" />
    </UnitTest>
    <UnitTest name="StartServicesTest" storage="d:\actions-runner\_work\xpco\xpco\corporate\shared\utilities\tst\videoos.vms.backuprestore.unittests\bin\debug\net472\videoos.vms.backuprestore.unittests.dll" id="24d951f6-7052-0277-37bc-1dd3238df0ec">
      <Execution id="609aa27e-5ae5-42c4-bfd9-86970a70e991" />
      <TestMethod codeBase="D:\actions-runner\_work\XPCO\XPCO\Corporate\Shared\Utilities\tst\VideoOS.Vms.BackupRestore.UnitTests\bin\Debug\net472\VideoOS.Vms.BackupRestore.UnitTests.dll" adapterTypeName="executor://mstestadapter/v2" className="VideoOS.Vms.BackupRestore.UnitTests.RestoreConfigManagerTest" name="StartServicesTest" />
    </UnitTest>
    <UnitTest name="RestoreTest" storage="d:\actions-runner\_work\xpco\xpco\corporate\shared\utilities\tst\videoos.vms.backuprestore.unittests\bin\debug\net472\videoos.vms.backuprestore.unittests.dll" id="d662557d-7eaf-0bac-1223-0314100545db">
      <Execution id="c4217a7a-5258-4554-a4e8-3e9f23a6ace1" />
      <TestMethod codeBase="D:\actions-runner\_work\XPCO\XPCO\Corporate\Shared\Utilities\tst\VideoOS.Vms.BackupRestore.UnitTests\bin\Debug\net472\VideoOS.Vms.BackupRestore.UnitTests.dll" adapterTypeName="executor://mstestadapter/v2" className="VideoOS.Vms.BackupRestore.UnitTests.RestoreConfigManagerTest" name="RestoreTest" />
    </UnitTest>
    <UnitTest name="ValidateForRestoreSuccessTest" storage="d:\actions-runner\_work\xpco\xpco\corporate\shared\utilities\tst\videoos.vms.backuprestore.unittests\bin\debug\net472\videoos.vms.backuprestore.unittests.dll" id="db1b8248-4fb5-118e-b29a-9b5e8bb45d12">
      <Execution id="96e3d945-6492-4a8c-8529-d858e2936fc2" />
      <TestMethod codeBase="D:\actions-runner\_work\XPCO\XPCO\Corporate\Shared\Utilities\tst\VideoOS.Vms.BackupRestore.UnitTests\bin\Debug\net472\VideoOS.Vms.BackupRestore.UnitTests.dll" adapterTypeName="executor://mstestadapter/v2" className="VideoOS.Vms.BackupRestore.UnitTests.RestoreConfigManagerTest" name="ValidateForRestoreSuccessTest" />
    </UnitTest>
    <UnitTest name="StopServicesTest" storage="d:\actions-runner\_work\xpco\xpco\corporate\shared\utilities\tst\videoos.vms.backuprestore.unittests\bin\debug\net472\videoos.vms.backuprestore.unittests.dll" id="a8c51377-49fd-d76b-d512-252124b248f6">
      <Execution id="3395157e-31c9-46b5-abfb-efe023c1d9ec" />
      <TestMethod codeBase="D:\actions-runner\_work\XPCO\XPCO\Corporate\Shared\Utilities\tst\VideoOS.Vms.BackupRestore.UnitTests\bin\Debug\net472\VideoOS.Vms.BackupRestore.UnitTests.dll" adapterTypeName="executor://mstestadapter/v2" className="VideoOS.Vms.BackupRestore.UnitTests.RestoreConfigManagerTest" name="StopServicesTest" />
    </UnitTest>
    <UnitTest name="CleanUpTest" storage="d:\actions-runner\_work\xpco\xpco\corporate\shared\utilities\tst\videoos.vms.backuprestore.unittests\bin\debug\net472\videoos.vms.backuprestore.unittests.dll" id="f697ce41-be20-88dd-b796-af617cc0cf2f">
      <Execution id="c29d303c-1820-416c-9a79-2f1e29c16efe" />
      <TestMethod codeBase="D:\actions-runner\_work\XPCO\XPCO\Corporate\Shared\Utilities\tst\VideoOS.Vms.BackupRestore.UnitTests\bin\Debug\net472\VideoOS.Vms.BackupRestore.UnitTests.dll" adapterTypeName="executor://mstestadapter/v2" className="VideoOS.Vms.BackupRestore.UnitTests.RestoreConfigManagerTest" name="CleanUpTest" />
    </UnitTest>
  </TestDefinitions>
  <TestEntries>
    <TestEntry testId="9c99bc23-1034-86d9-1704-31f928c2649f" executionId="e85da088-d389-4e39-bee0-cf093f791009" testListId="8c84fa94-04c1-424b-9868-57a2d4851a1d" />
    <TestEntry testId="24d951f6-7052-0277-37bc-1dd3238df0ec" executionId="609aa27e-5ae5-42c4-bfd9-86970a70e991" testListId="8c84fa94-04c1-424b-9868-57a2d4851a1d" />
    <TestEntry testId="f697ce41-be20-88dd-b796-af617cc0cf2f" executionId="c29d303c-1820-416c-9a79-2f1e29c16efe" testListId="8c84fa94-04c1-424b-9868-57a2d4851a1d" />
    <TestEntry testId="e32e3fa7-bcdb-2d7e-08a8-39dad1ec14bb" executionId="e657ec93-b953-4d30-88c6-d35c2cbb8d23" testListId="8c84fa94-04c1-424b-9868-57a2d4851a1d" />
    <TestEntry testId="a8c51377-49fd-d76b-d512-252124b248f6" executionId="3395157e-31c9-46b5-abfb-efe023c1d9ec" testListId="8c84fa94-04c1-424b-9868-57a2d4851a1d" />
    <TestEntry testId="d662557d-7eaf-0bac-1223-0314100545db" executionId="c4217a7a-5258-4554-a4e8-3e9f23a6ace1" testListId="8c84fa94-04c1-424b-9868-57a2d4851a1d" />
    <TestEntry testId="5f3e2230-213c-287c-2722-f97f2e4e28a4" executionId="a6f63628-bab5-4e99-8dbe-cf3c5dd095ab" testListId="8c84fa94-04c1-424b-9868-57a2d4851a1d" />
    <TestEntry testId="6410649a-261c-98ee-4782-cb603a799e9f" executionId="d0866a22-da5d-4295-9225-ce616caf8644" testListId="8c84fa94-04c1-424b-9868-57a2d4851a1d" />
    <TestEntry testId="d993b096-3067-65d6-8bc1-377277cb776e" executionId="818f83eb-98db-466a-9a28-897d67b5973c" testListId="8c84fa94-04c1-424b-9868-57a2d4851a1d" />
    <TestEntry testId="152bb7f0-de90-c864-0f1b-234f0304f03c" executionId="b76ad558-301a-42ed-b608-d525fe36589e" testListId="8c84fa94-04c1-424b-9868-57a2d4851a1d" />
    <TestEntry testId="db1b8248-4fb5-118e-b29a-9b5e8bb45d12" executionId="96e3d945-6492-4a8c-8529-d858e2936fc2" testListId="8c84fa94-04c1-424b-9868-57a2d4851a1d" />
    <TestEntry testId="1f7e35aa-d6bf-ea17-e85d-0cac36a41b6a" executionId="3d3fb10f-5f32-48ae-92cc-700371b9befd" testListId="8c84fa94-04c1-424b-9868-57a2d4851a1d" />
    <TestEntry testId="ed8f305a-99a1-8d1a-3316-2877df5955ab" executionId="5b36e8b2-ee9a-4f6a-b590-8711b9bf393c" testListId="8c84fa94-04c1-424b-9868-57a2d4851a1d" />
    <TestEntry testId="71a4ba21-61f2-fe93-ca88-c346c05db124" executionId="a30cba45-2834-4b75-b4e0-ea7cc5a586e8" testListId="8c84fa94-04c1-424b-9868-57a2d4851a1d" />
    <TestEntry testId="1350dfe3-4e2c-ffd9-b794-3cd6f005f3b4" executionId="a263d761-77cd-4cd6-803d-66e2afbba836" testListId="8c84fa94-04c1-424b-9868-57a2d4851a1d" />
    <TestEntry testId="89dcf851-df88-08f9-b798-8193d9d9a306" executionId="55d43e0f-c131-41a9-8e22-2da3061f3d41" testListId="8c84fa94-04c1-424b-9868-57a2d4851a1d" />
    <TestEntry testId="79899e02-b2ef-bd00-bc03-fe46259489d8" executionId="5816a0b7-51f2-470c-8bcb-2d351a48b091" testListId="8c84fa94-04c1-424b-9868-57a2d4851a1d" />
    <TestEntry testId="1a49b7d9-5de3-24ed-3eb1-fd59cec3ff7c" executionId="602e21ac-dae8-4a66-9f06-94c3ffeb25b3" testListId="8c84fa94-04c1-424b-9868-57a2d4851a1d" />
    <TestEntry testId="2b0d4561-e5c2-b55f-c41e-54984307696f" executionId="51d71ffc-f901-4693-9653-498c6f61f75f" testListId="8c84fa94-04c1-424b-9868-57a2d4851a1d" />
  </TestEntries>
  <TestLists>
    <TestList name="Results Not in a List" id="8c84fa94-04c1-424b-9868-57a2d4851a1d" />
    <TestList name="All Loaded Results" id="19431567-8539-422a-85d7-44ee4e166bda" />
  </TestLists>
  <ResultSummary outcome="Completed">
    <Counters total="19" executed="19" passed="19" failed="0" error="0" timeout="0" aborted="0" inconclusive="0" passedButRunAborted="0" notRunnable="0" notExecuted="0" disconnected="0" warning="0" completed="0" inProgress="0" pending="0" />
  </ResultSummary>
</TestRun>