<?xml version="1.0" encoding="utf-8"?>
<TestRun id="c68874bd-f5a7-4e1d-857a-f47bd8f57ae4" name="DKSR-EFI-04$@DKSR-EFI-04 2023-12-22 09:36:10" runUser="NT AUTHORITY\NETWORK SERVICE" xmlns="http://microsoft.com/schemas/VisualStudio/TeamTest/2010">
  <Times creation="2023-12-22T09:36:10.5383089+01:00" queuing="2023-12-22T09:36:10.5383089+01:00" start="2023-12-22T09:36:02.0538900+01:00" finish="2023-12-22T09:36:12.3664424+01:00" />
  <TestSettings name="default" id="081c9e56-3efc-4025-aa6f-e22063862cad">
    <Deployment runDeploymentRoot="DKSR-EFI-04$_DKSR-EFI-04_2023-12-22_09_36_10" />
  </TestSettings>
  <Results>
    <UnitTestResult executionId="cab8f8bd-8682-43c8-8c77-4d72cbcebe3b" testId="5294ebc6-444c-0263-1f7f-b27bdfbf6356" testName="Constructor_ShouldThrowArgumentException_WhenLineTerminatorIsEmpty" computerName="DKSR-EFI-04" duration="00:00:00.0008788" startTime="2023-12-22T09:36:10.5539329+01:00" endTime="2023-12-22T09:36:10.5695577+01:00" testType="13cdc9d9-ddb5-4fa4-a97d-d965ccfc6d4b" outcome="Passed" testListId="8c84fa94-04c1-424b-9868-57a2d4851a1d" relativeResultsDirectory="cab8f8bd-8682-43c8-8c77-4d72cbcebe3b" />
    <UnitTestResult executionId="791c331b-7d96-45eb-af37-4c421634628c" testId="d945746d-16e5-bedd-636f-70d4b425a50c" testName="Transform_ShouldOutputFragmentForEachLine_WhenInputHasMulitpleLineTerminators" computerName="DKSR-EFI-04" duration="00:00:00.3409902" startTime="2023-12-22T09:36:10.5695577+01:00" endTime="2023-12-22T09:36:10.9133100+01:00" testType="13cdc9d9-ddb5-4fa4-a97d-d965ccfc6d4b" outcome="Passed" testListId="8c84fa94-04c1-424b-9868-57a2d4851a1d" relativeResultsDirectory="791c331b-7d96-45eb-af37-4c421634628c" />
    <UnitTestResult executionId="730c3295-dca9-496a-a639-db0b4c01c704" testId="f8683395-40ab-cede-a6f4-5fcc49fea731" testName="StartInterception_ShouldReturnTrue_WhenInterceptionHasBeenStartedAndStopped" computerName="DKSR-EFI-04" duration="00:00:00.0014737" startTime="2023-12-22T09:36:11.1789343+01:00" endTime="2023-12-22T09:36:11.1789343+01:00" testType="13cdc9d9-ddb5-4fa4-a97d-d965ccfc6d4b" outcome="Passed" testListId="8c84fa94-04c1-424b-9868-57a2d4851a1d" relativeResultsDirectory="730c3295-dca9-496a-a639-db0b4c01c704" />
    <UnitTestResult executionId="ab2c9437-10a1-464a-ba32-0afd3386a3b4" testId="b53914e0-aa94-3ea8-0ec8-6c4fb08dd151" testName="Transform_ShouldGenerateTwoEvents_WhenOneExactMatchRuleAndOneRegexRuleDefinedAndInputMatchesBothRules" computerName="DKSR-EFI-04" duration="00:00:00.0090274" startTime="2023-12-22T09:36:10.5226828+01:00" endTime="2023-12-22T09:36:10.5383089+01:00" testType="13cdc9d9-ddb5-4fa4-a97d-d965ccfc6d4b" outcome="Passed" testListId="8c84fa94-04c1-424b-9868-57a2d4851a1d" relativeResultsDirectory="ab2c9437-10a1-464a-ba32-0afd3386a3b4" />
    <UnitTestResult executionId="ce0d8372-2212-452f-86f7-df96b53aa5bf" testId="80fdd500-5454-4e27-d3cb-c70bffe8582f" testName="SessionGetLines_ShouldHangUntilLinesAreAvailable" computerName="DKSR-EFI-04" duration="00:00:00.0139325" startTime="2023-12-22T09:36:11.7883123+01:00" endTime="2023-12-22T09:36:11.7883123+01:00" testType="13cdc9d9-ddb5-4fa4-a97d-d965ccfc6d4b" outcome="Passed" testListId="8c84fa94-04c1-424b-9868-57a2d4851a1d" relativeResultsDirectory="ce0d8372-2212-452f-86f7-df96b53aa5bf" />
    <UnitTestResult executionId="4ad95b2b-4c5b-46b2-880f-253253938a1d" testId="05fc66a3-5dd1-1e56-b519-dbe598b38d33" testName="Transform_ShouldCallTerminateLine_WhenInputContainsLineTerminator" computerName="DKSR-EFI-04" duration="00:00:00.0022603" startTime="2023-12-22T09:36:10.9133100+01:00" endTime="2023-12-22T09:36:10.9133100+01:00" testType="13cdc9d9-ddb5-4fa4-a97d-d965ccfc6d4b" outcome="Passed" testListId="8c84fa94-04c1-424b-9868-57a2d4851a1d" relativeResultsDirectory="4ad95b2b-4c5b-46b2-880f-253253938a1d" />
    <UnitTestResult executionId="7e86b43a-8c52-4be3-8afc-252a2a925774" testId="c74e642b-dcf1-c985-bb9f-0ba50c299c24" testName="Transform_ShouldNeverBufferMoreCharactersThanPatternLengthAndReturnLatestTimestamp_WhenLineIsNotTerminated" computerName="DKSR-EFI-04" duration="00:00:00.0016417" startTime="2023-12-22T09:36:11.1008123+01:00" endTime="2023-12-22T09:36:11.1008123+01:00" testType="13cdc9d9-ddb5-4fa4-a97d-d965ccfc6d4b" outcome="Passed" testListId="8c84fa94-04c1-424b-9868-57a2d4851a1d" relativeResultsDirectory="7e86b43a-8c52-4be3-8afc-252a2a925774" />
    <UnitTestResult executionId="fb50d76b-1431-4235-a87a-f23ba3d321c0" testId="d8628026-b8f5-fe11-e190-294ed2a1ff6b" testName="WriteData_ShouldThrowArgumentException_IfTimestampIsEarlierThanAcceptedByStorage" computerName="DKSR-EFI-04" duration="00:00:00.0199557" startTime="2023-12-22T09:36:11.3508122+01:00" endTime="2023-12-22T09:36:11.3664395+01:00" testType="13cdc9d9-ddb5-4fa4-a97d-d965ccfc6d4b" outcome="Passed" testListId="8c84fa94-04c1-424b-9868-57a2d4851a1d" relativeResultsDirectory="fb50d76b-1431-4235-a87a-f23ba3d321c0" />
    <UnitTestResult executionId="02186b0a-6330-496a-a7e9-3284e4680160" testId="2cbbbdf9-605c-3e8d-5f56-ca62e8614ca0" testName="Constructor_ShouldThrowArgumentException_WhenOldValueIsEmpty" computerName="DKSR-EFI-04" duration="00:00:00.0005405" startTime="2023-12-22T09:36:11.0383101+01:00" endTime="2023-12-22T09:36:11.0383101+01:00" testType="13cdc9d9-ddb5-4fa4-a97d-d965ccfc6d4b" outcome="Passed" testListId="8c84fa94-04c1-424b-9868-57a2d4851a1d" relativeResultsDirectory="02186b0a-6330-496a-a7e9-3284e4680160" />
    <UnitTestResult executionId="f7c3f720-b639-47bd-acb9-fd06d754191e" testId="cc228297-5a70-935b-0d39-ea49f784d436" testName="Constructor_ShouldThrowArgumentNullException_WhenOldValueIsNull" computerName="DKSR-EFI-04" duration="00:00:00.0010632" startTime="2023-12-22T09:36:11.0383101+01:00" endTime="2023-12-22T09:36:11.0383101+01:00" testType="13cdc9d9-ddb5-4fa4-a97d-d965ccfc6d4b" outcome="Passed" testListId="8c84fa94-04c1-424b-9868-57a2d4851a1d" relativeResultsDirectory="f7c3f720-b639-47bd-acb9-fd06d754191e" />
    <UnitTestResult executionId="77d1e4d8-6e98-4828-9606-30e2afc20e3c" testId="dacc9d25-f6fb-c880-00e9-f3eb43dc75d8" testName="Transform_ShouldGenerateNoEvents_WhenOneExactMatchRuleDefinedAndInputDoesNotMatch" computerName="DKSR-EFI-04" duration="00:00:00.0524437" startTime="2023-12-22T09:36:10.2414308+01:00" endTime="2023-12-22T09:36:10.3039322+01:00" testType="13cdc9d9-ddb5-4fa4-a97d-d965ccfc6d4b" outcome="Passed" testListId="8c84fa94-04c1-424b-9868-57a2d4851a1d" relativeResultsDirectory="77d1e4d8-6e98-4828-9606-30e2afc20e3c" />
    <UnitTestResult executionId="5c215212-7cef-4f03-ab8c-af1719e7baed" testId="cf13da9b-93ab-b877-a93e-f00f897aa33c" testName="Transform_ShouldGenerateOneEvent_WhenOneExactMatchRuleAndOneRegexRuleDefinedAndInputMatchesExactMatchRule" computerName="DKSR-EFI-04" duration="00:00:00.0026760" startTime="2023-12-22T09:36:10.5070597+01:00" endTime="2023-12-22T09:36:10.5070597+01:00" testType="13cdc9d9-ddb5-4fa4-a97d-d965ccfc6d4b" outcome="Passed" testListId="8c84fa94-04c1-424b-9868-57a2d4851a1d" relativeResultsDirectory="5c215212-7cef-4f03-ab8c-af1719e7baed" />
    <UnitTestResult executionId="0a3ea51f-1796-465a-9162-3229f801a716" testId="81494542-cc3d-c83c-5741-9e075c8858f7" testName="RemovePartialMatch_ShouldCreateEmptyBuffer_WhenNoPartialMatch" computerName="DKSR-EFI-04" duration="00:00:00.0003183" startTime="2023-12-22T09:36:10.9445605+01:00" endTime="2023-12-22T09:36:10.9445605+01:00" testType="13cdc9d9-ddb5-4fa4-a97d-d965ccfc6d4b" outcome="Passed" testListId="8c84fa94-04c1-424b-9868-57a2d4851a1d" relativeResultsDirectory="0a3ea51f-1796-465a-9162-3229f801a716" />
    <UnitTestResult executionId="b59e306a-b7a3-4619-a575-7e45fbb82ba2" testId="ea5f45ed-e04e-b1a5-8ecd-26984f1beb91" testName="WriteData_ShouldThrowArgumentException_IfTimestampIsNotUtc" computerName="DKSR-EFI-04" duration="00:00:00.0019480" startTime="2023-12-22T09:36:11.2883114+01:00" endTime="2023-12-22T09:36:11.2883114+01:00" testType="13cdc9d9-ddb5-4fa4-a97d-d965ccfc6d4b" outcome="Passed" testListId="8c84fa94-04c1-424b-9868-57a2d4851a1d" relativeResultsDirectory="b59e306a-b7a3-4619-a575-7e45fbb82ba2" />
    <UnitTestResult executionId="4f01470d-c739-4ece-a1d2-ebe07e30dd73" testId="58de8b22-529c-8a15-139e-365841d1d26a" testName="TakeAvailableAsText_ShouldReturnAllDataAndLatestTimestamp_WhenTwoPiecesOfRawDataAddedWithinTimeGap" computerName="DKSR-EFI-04" duration="00:00:00.0147354" startTime="2023-12-22T09:36:11.5695621+01:00" endTime="2023-12-22T09:36:11.5851876+01:00" testType="13cdc9d9-ddb5-4fa4-a97d-d965ccfc6d4b" outcome="Passed" testListId="8c84fa94-04c1-424b-9868-57a2d4851a1d" relativeResultsDirectory="4f01470d-c739-4ece-a1d2-ebe07e30dd73" />
    <UnitTestResult executionId="59824e00-a0a1-4020-b913-ff0a431a3c0e" testId="e50c205b-16f9-aa91-d6bf-665d8a5e846b" testName="TryGetLiveSession_ShouldReturnStartedSession" computerName="DKSR-EFI-04" duration="00:00:00.0146625" startTime="2023-12-22T09:36:11.7258123+01:00" endTime="2023-12-22T09:36:11.7414391+01:00" testType="13cdc9d9-ddb5-4fa4-a97d-d965ccfc6d4b" outcome="Passed" testListId="8c84fa94-04c1-424b-9868-57a2d4851a1d" relativeResultsDirectory="59824e00-a0a1-4020-b913-ff0a431a3c0e" />
    <UnitTestResult executionId="1dc06e15-88e2-483c-88ce-ee8bdb507765" testId="10815712-4e5a-582f-d075-bcf1d237d83f" testName="Transform_ShouldBufferPartOfInput_WhenMatchIsStillPossible" computerName="DKSR-EFI-04" duration="00:00:00.0084643" startTime="2023-12-22T09:36:10.9289329+01:00" endTime="2023-12-22T09:36:10.9289329+01:00" testType="13cdc9d9-ddb5-4fa4-a97d-d965ccfc6d4b" outcome="Passed" testListId="8c84fa94-04c1-424b-9868-57a2d4851a1d" relativeResultsDirectory="1dc06e15-88e2-483c-88ce-ee8bdb507765" />
    <UnitTestResult executionId="b3799ae2-9dab-418a-abf7-df9f285d97e8" testId="49c7df0f-7fe3-aa2c-7f86-9690e56df752" testName="Transform_ShouldBufferCharactersWhenPotentialMatchAcrossFragmentsAndFragmentShorterThanOldValue_WhenLineIsNotTerminated" computerName="DKSR-EFI-04" duration="00:00:00.0018039" startTime="2023-12-22T09:36:11.0851838+01:00" endTime="2023-12-22T09:36:11.0851838+01:00" testType="13cdc9d9-ddb5-4fa4-a97d-d965ccfc6d4b" outcome="Passed" testListId="8c84fa94-04c1-424b-9868-57a2d4851a1d" relativeResultsDirectory="b3799ae2-9dab-418a-abf7-df9f285d97e8" />
    <UnitTestResult executionId="7a053e05-604b-4b1a-9b6e-bdeefa7144f6" testId="9b3ebac1-5acc-a7c9-3f5b-72b7c91041d0" testName="TakeAvailableAsText_ShouldReturnAllDataAndTimestamp_WhenOnePieceOfRawDataAdded" computerName="DKSR-EFI-04" duration="00:00:00.0135738" startTime="2023-12-22T09:36:11.5383132+01:00" endTime="2023-12-22T09:36:11.5539360+01:00" testType="13cdc9d9-ddb5-4fa4-a97d-d965ccfc6d4b" outcome="Passed" testListId="8c84fa94-04c1-424b-9868-57a2d4851a1d" relativeResultsDirectory="7a053e05-604b-4b1a-9b6e-bdeefa7144f6" />
    <UnitTestResult executionId="6000f017-1c5f-41e6-a465-57c2a361f8e1" testId="4e00747b-a45d-f7a9-a796-8a9227c23416" testName="Transform_ShouldReplaceAcrossFragmentsAndReturnLatestTimestamp_WhenThereAreMatchesAcrossFragmentsAndLastFragmentLineIsNotTerminated" computerName="DKSR-EFI-04" duration="00:00:00.0011355" startTime="2023-12-22T09:36:11.0851838+01:00" endTime="2023-12-22T09:36:11.0851838+01:00" testType="13cdc9d9-ddb5-4fa4-a97d-d965ccfc6d4b" outcome="Passed" testListId="8c84fa94-04c1-424b-9868-57a2d4851a1d" relativeResultsDirectory="6000f017-1c5f-41e6-a465-57c2a361f8e1" />
    <UnitTestResult executionId="968fa4ef-7f84-418c-8bb7-7cbee986e959" testId="8254a2bb-7951-b00c-5017-d70b5a07517a" testName="WriteData_ShouldThrowArgumentException_IfTimestampsAreDecreasing" computerName="DKSR-EFI-04" duration="00:00:00.0559162" startTime="2023-12-22T09:36:11.2883114+01:00" endTime="2023-12-22T09:36:11.3508122+01:00" testType="13cdc9d9-ddb5-4fa4-a97d-d965ccfc6d4b" outcome="Passed" testListId="8c84fa94-04c1-424b-9868-57a2d4851a1d" relativeResultsDirectory="968fa4ef-7f84-418c-8bb7-7cbee986e959" />
    <UnitTestResult executionId="cf2c865b-0148-4318-a40f-733e1a50a439" testId="db6ed369-4c0f-6f53-363c-132771c04dc7" testName="MinimalAcceptedTimestamp_ShouldReturnValueFromLatestValidWrittenData_WhenDataHasBeenWritten" computerName="DKSR-EFI-04" duration="00:00:00.0839020" startTime="2023-12-22T09:36:11.4445633+01:00" endTime="2023-12-22T09:36:11.5383132+01:00" testType="13cdc9d9-ddb5-4fa4-a97d-d965ccfc6d4b" outcome="Passed" testListId="8c84fa94-04c1-424b-9868-57a2d4851a1d" relativeResultsDirectory="cf2c865b-0148-4318-a40f-733e1a50a439" />
    <UnitTestResult executionId="a6d58a91-fa16-47e3-96a3-d3d0c9b55680" testId="f22349db-c383-c558-964c-614d0e948c2d" testName="GetInterceptedData_ShouldClearInterceptedData_WhenDataHasBeenRead" computerName="DKSR-EFI-04" duration="00:00:00.0014392" startTime="2023-12-22T09:36:11.2883114+01:00" endTime="2023-12-22T09:36:11.2883114+01:00" testType="13cdc9d9-ddb5-4fa4-a97d-d965ccfc6d4b" outcome="Passed" testListId="8c84fa94-04c1-424b-9868-57a2d4851a1d" relativeResultsDirectory="a6d58a91-fa16-47e3-96a3-d3d0c9b55680" />
    <UnitTestResult executionId="96734215-a408-456c-8794-c2ec4a8d95eb" testId="f7d5bcd1-2aa5-4eb0-2144-8e600f57c50e" testName="GetInterceptedData_ShouldConcatanateInterceptedData_WhenDataIsWrittenMultipleTime" computerName="DKSR-EFI-04" duration="00:00:00.0042480" startTime="2023-12-22T09:36:11.2726873+01:00" endTime="2023-12-22T09:36:11.2883114+01:00" testType="13cdc9d9-ddb5-4fa4-a97d-d965ccfc6d4b" outcome="Passed" testListId="8c84fa94-04c1-424b-9868-57a2d4851a1d" relativeResultsDirectory="96734215-a408-456c-8794-c2ec4a8d95eb" />
    <UnitTestResult executionId="a496868d-9f5c-4900-b3e4-1763a6db550f" testId="eb2c50c7-1b7a-4904-79a5-09a5fd0ec1ba" testName="GetInterceptedData_ShouldReturnEmptyString_WhenDataIsBeingInterceptedButThereIsNoData" computerName="DKSR-EFI-04" duration="00:00:00.0103897" startTime="2023-12-22T09:36:11.1945597+01:00" endTime="2023-12-22T09:36:11.1945597+01:00" testType="13cdc9d9-ddb5-4fa4-a97d-d965ccfc6d4b" outcome="Passed" testListId="8c84fa94-04c1-424b-9868-57a2d4851a1d" relativeResultsDirectory="a496868d-9f5c-4900-b3e4-1763a6db550f" />
    <UnitTestResult executionId="da4bd942-0e1e-40ac-87a3-23f55502dac6" testId="642e8293-c97a-16ba-76c0-ecc345738412" testName="Transform_ShouldKeepLastCharactersWhenPotentialMatchAcrossFragments_WhenLineIsNotTerminated" computerName="DKSR-EFI-04" duration="00:00:00.0010026" startTime="2023-12-22T09:36:11.0851838+01:00" endTime="2023-12-22T09:36:11.0851838+01:00" testType="13cdc9d9-ddb5-4fa4-a97d-d965ccfc6d4b" outcome="Passed" testListId="8c84fa94-04c1-424b-9868-57a2d4851a1d" relativeResultsDirectory="da4bd942-0e1e-40ac-87a3-23f55502dac6" />
    <UnitTestResult executionId="89aa50d4-572b-4619-8693-d228f8d7e72c" testId="b080b689-0485-3441-2d53-ec8da2c5f783" testName="TakeAvailableAsText_ShouldReturnDataWithLatestTimestampsInTwoCalls_WhenThreePiecesOfRawDataAddedAndLastHasGreaterTimeGap" computerName="DKSR-EFI-04" duration="00:00:00.0044982" startTime="2023-12-22T09:36:11.5851876+01:00" endTime="2023-12-22T09:36:11.6008144+01:00" testType="13cdc9d9-ddb5-4fa4-a97d-d965ccfc6d4b" outcome="Passed" testListId="8c84fa94-04c1-424b-9868-57a2d4851a1d" relativeResultsDirectory="89aa50d4-572b-4619-8693-d228f8d7e72c" />
    <UnitTestResult executionId="9c657ad4-d2dd-42d3-9b4d-2e7842944943" testId="72e7ef80-de32-4641-85c5-2228d7c93066" testName="Transform_ShouldGenerateEvent_WhenOneWildcardRuleDefinedAndInputMatches" computerName="DKSR-EFI-04" duration="00:00:00.0138281" startTime="2023-12-22T09:36:10.4758056+01:00" endTime="2023-12-22T09:36:10.4914307+01:00" testType="13cdc9d9-ddb5-4fa4-a97d-d965ccfc6d4b" outcome="Passed" testListId="8c84fa94-04c1-424b-9868-57a2d4851a1d" relativeResultsDirectory="9c657ad4-d2dd-42d3-9b4d-2e7842944943" />
    <UnitTestResult executionId="4e0dddd0-61b8-4b09-a2a2-af23c751cb42" testId="5b09f83f-ec01-494a-3516-52b14d97ee80" testName="GetInterceptedData_ShouldReturnNull_WhenDataIsNotBeingIntercepted" computerName="DKSR-EFI-04" duration="00:00:00.0029573" startTime="2023-12-22T09:36:11.1789343+01:00" endTime="2023-12-22T09:36:11.1789343+01:00" testType="13cdc9d9-ddb5-4fa4-a97d-d965ccfc6d4b" outcome="Passed" testListId="8c84fa94-04c1-424b-9868-57a2d4851a1d" relativeResultsDirectory="4e0dddd0-61b8-4b09-a2a2-af23c751cb42" />
    <UnitTestResult executionId="a92177e7-0542-4dd6-82f6-42ddcd1b44d4" testId="d4a4352c-822b-1bd5-0602-4c17c3dae18f" testName="Constructor_ShouldThrowArgumentNullException_WhenLineTerminatorIsNull" computerName="DKSR-EFI-04" duration="00:00:00.0230816" startTime="2023-12-22T09:36:10.5383089+01:00" endTime="2023-12-22T09:36:10.5539329+01:00" testType="13cdc9d9-ddb5-4fa4-a97d-d965ccfc6d4b" outcome="Passed" testListId="8c84fa94-04c1-424b-9868-57a2d4851a1d" relativeResultsDirectory="a92177e7-0542-4dd6-82f6-42ddcd1b44d4" />
    <UnitTestResult executionId="ee56f553-200e-4542-a195-daf28cb76f43" testId="5b78de17-fb0a-c559-53bb-3d4e58a8b4b7" testName="StopInterception_ShouldClearInterceptedData_WhenDataHasNotBeenRead" computerName="DKSR-EFI-04" duration="00:00:00.0013243" startTime="2023-12-22T09:36:11.2883114+01:00" endTime="2023-12-22T09:36:11.2883114+01:00" testType="13cdc9d9-ddb5-4fa4-a97d-d965ccfc6d4b" outcome="Passed" testListId="8c84fa94-04c1-424b-9868-57a2d4851a1d" relativeResultsDirectory="ee56f553-200e-4542-a195-daf28cb76f43" />
    <UnitTestResult executionId="8573a93d-352d-4b81-a291-762fe4cfa380" testId="228a2088-d4ae-d605-240f-ddf50040e1c9" testName="RemovePartialMatch_ShouldCreateBufferWithOneCharacter_WhenPartialMatchIsOneCharacter" computerName="DKSR-EFI-04" duration="00:00:00.0003196" startTime="2023-12-22T09:36:10.9445605+01:00" endTime="2023-12-22T09:36:10.9445605+01:00" testType="13cdc9d9-ddb5-4fa4-a97d-d965ccfc6d4b" outcome="Passed" testListId="8c84fa94-04c1-424b-9868-57a2d4851a1d" relativeResultsDirectory="8573a93d-352d-4b81-a291-762fe4cfa380" />
    <UnitTestResult executionId="64b21f60-9399-49e0-b2f9-75880dc0f6e5" testId="2f97f6d8-f13c-8c3a-27d7-74e857f27964" testName="SessionGetLines_ShouldReturnLinesOnSource" computerName="DKSR-EFI-04" duration="00:00:00.0274470" startTime="2023-12-22T09:36:11.7414391+01:00" endTime="2023-12-22T09:36:11.7726880+01:00" testType="13cdc9d9-ddb5-4fa4-a97d-d965ccfc6d4b" outcome="Passed" testListId="8c84fa94-04c1-424b-9868-57a2d4851a1d" relativeResultsDirectory="64b21f60-9399-49e0-b2f9-75880dc0f6e5" />
    <UnitTestResult executionId="e18555d6-e6ee-44ee-8044-5452e8b7fa59" testId="33e20544-301f-3339-5942-67c00f908220" testName="SessionGetLines_ShouldReturnEmpty_WhenClosed" computerName="DKSR-EFI-04" duration="00:00:00.0011954" startTime="2023-12-22T09:36:11.8195654+01:00" endTime="2023-12-22T09:36:11.8195654+01:00" testType="13cdc9d9-ddb5-4fa4-a97d-d965ccfc6d4b" outcome="Passed" testListId="8c84fa94-04c1-424b-9868-57a2d4851a1d" relativeResultsDirectory="e18555d6-e6ee-44ee-8044-5452e8b7fa59" />
    <UnitTestResult executionId="2dd47dd3-afbf-4662-8a34-1d9f357786a5" testId="909d1fe9-6d09-e0a3-b86e-993c3fb74825" testName="Transform_ShouldPassInput_WhenInputHasNoLineTerminator" computerName="DKSR-EFI-04" duration="00:00:00.0042527" startTime="2023-12-22T09:36:10.5695577+01:00" endTime="2023-12-22T09:36:10.5695577+01:00" testType="13cdc9d9-ddb5-4fa4-a97d-d965ccfc6d4b" outcome="Passed" testListId="8c84fa94-04c1-424b-9868-57a2d4851a1d" relativeResultsDirectory="2dd47dd3-afbf-4662-8a34-1d9f357786a5" />
    <UnitTestResult executionId="ef561e59-f15e-4816-a109-9969fab09f2c" testId="bfb58406-1059-2587-a22a-e82069a12c40" testName="TakeAvailableAsText_ShouldReturnDataWithDifferentTimestampsInTwoCalls_WhenTwoPiecesOfRawDataAddedWithGreaterTimeGap" computerName="DKSR-EFI-04" duration="00:00:00.0024914" startTime="2023-12-22T09:36:11.5851876+01:00" endTime="2023-12-22T09:36:11.5851876+01:00" testType="13cdc9d9-ddb5-4fa4-a97d-d965ccfc6d4b" outcome="Passed" testListId="8c84fa94-04c1-424b-9868-57a2d4851a1d" relativeResultsDirectory="ef561e59-f15e-4816-a109-9969fab09f2c" />
    <UnitTestResult executionId="1e5db382-f4d9-49ac-aa01-395b0250b579" testId="9969c3f1-076b-56ef-55a9-286f899020a7" testName="Transform_ShouldCompletelyProcessInputAndNotKeepPotentialMatches_WhenLineIsTerminated" computerName="DKSR-EFI-04" duration="00:00:00.0012107" startTime="2023-12-22T09:36:11.0695575+01:00" endTime="2023-12-22T09:36:11.0695575+01:00" testType="13cdc9d9-ddb5-4fa4-a97d-d965ccfc6d4b" outcome="Passed" testListId="8c84fa94-04c1-424b-9868-57a2d4851a1d" relativeResultsDirectory="1e5db382-f4d9-49ac-aa01-395b0250b579" />
    <UnitTestResult executionId="6b5be6c0-1443-4954-91d3-ddee1f356bcb" testId="b3a30128-50bf-9454-7123-47261e587fa1" testName="Transform_ShouldGenerateEvent_WhenOneRegexRuleDefinedAndInputMatches" computerName="DKSR-EFI-04" duration="00:00:00.0027020" startTime="2023-12-22T09:36:10.4914307+01:00" endTime="2023-12-22T09:36:10.4914307+01:00" testType="13cdc9d9-ddb5-4fa4-a97d-d965ccfc6d4b" outcome="Passed" testListId="8c84fa94-04c1-424b-9868-57a2d4851a1d" relativeResultsDirectory="6b5be6c0-1443-4954-91d3-ddee1f356bcb" />
    <UnitTestResult executionId="8766c5ca-a730-4dae-b1b4-f1504254be70" testId="14a84fce-dbcc-cfe9-d2c2-26774cfe944f" testName="SessionGetLines_ShouldCompleteFirstTask_IfConcurrentCallsAreMade" computerName="DKSR-EFI-04" duration="00:00:00.0033636" startTime="2023-12-22T09:36:11.8039388+01:00" endTime="2023-12-22T09:36:11.8039388+01:00" testType="13cdc9d9-ddb5-4fa4-a97d-d965ccfc6d4b" outcome="Passed" testListId="8c84fa94-04c1-424b-9868-57a2d4851a1d" relativeResultsDirectory="8766c5ca-a730-4dae-b1b4-f1504254be70" />
    <UnitTestResult executionId="ba93a355-7a2d-48ab-90dc-b03457d30886" testId="58d9e156-141d-14ae-f2dc-f99b28248716" testName="TakeAvailableAsText_ShouldReturnEarly_WhenCancelletionIsRequested" computerName="DKSR-EFI-04" duration="00:00:00.0131863" startTime="2023-12-22T09:36:11.6008144+01:00" endTime="2023-12-22T09:36:11.7258123+01:00" testType="13cdc9d9-ddb5-4fa4-a97d-d965ccfc6d4b" outcome="Passed" testListId="8c84fa94-04c1-424b-9868-57a2d4851a1d" relativeResultsDirectory="ba93a355-7a2d-48ab-90dc-b03457d30886" />
    <UnitTestResult executionId="10678996-b245-4040-8ff9-3d40a8fe9bf2" testId="60db660f-dedb-00de-92d9-4659c1a48868" testName="Transform_ShouldCallTerminateLine_WhenTerminateLineIsCalled" computerName="DKSR-EFI-04" duration="00:00:00.0023980" startTime="2023-12-22T09:36:11.0539349+01:00" endTime="2023-12-22T09:36:11.0539349+01:00" testType="13cdc9d9-ddb5-4fa4-a97d-d965ccfc6d4b" outcome="Passed" testListId="8c84fa94-04c1-424b-9868-57a2d4851a1d" relativeResultsDirectory="10678996-b245-4040-8ff9-3d40a8fe9bf2" />
    <UnitTestResult executionId="2a66c278-f53a-4fbe-980b-5b13a24e1d5e" testId="51502d20-0c1f-d343-0f9a-7489de333b1b" testName="WriteData_ShouldAcceptData_IfTimestampIsLaterThanAcceptedByStorage" computerName="DKSR-EFI-04" duration="00:00:00.0069322" startTime="2023-12-22T09:36:11.3820612+01:00" endTime="2023-12-22T09:36:11.3820612+01:00" testType="13cdc9d9-ddb5-4fa4-a97d-d965ccfc6d4b" outcome="Passed" testListId="8c84fa94-04c1-424b-9868-57a2d4851a1d" relativeResultsDirectory="2a66c278-f53a-4fbe-980b-5b13a24e1d5e" />
    <UnitTestResult executionId="58704f96-9dde-487d-aadc-8c3385725226" testId="c11acfa3-2997-0877-812a-f1a3f7dedeb9" testName="RemovePartialMatch_ShouldCreateBufferWithTwoCharacters_WhenPartialMatchIsTwoCharacters" computerName="DKSR-EFI-04" duration="00:00:00.0002795" startTime="2023-12-22T09:36:10.9445605+01:00" endTime="2023-12-22T09:36:10.9445605+01:00" testType="13cdc9d9-ddb5-4fa4-a97d-d965ccfc6d4b" outcome="Passed" testListId="8c84fa94-04c1-424b-9868-57a2d4851a1d" relativeResultsDirectory="58704f96-9dde-487d-aadc-8c3385725226" />
    <UnitTestResult executionId="98a818d6-dd1b-41ec-9aa5-e7483ac0a226" testId="22d0fe75-e370-1cbe-c036-77c4eafc190d" testName="Transform_ShouldGenerateNoEvents_WhenLineIsNotTerminated" computerName="DKSR-EFI-04" duration="00:00:00.0011649" startTime="2023-12-22T09:36:10.5070597+01:00" endTime="2023-12-22T09:36:10.5070597+01:00" testType="13cdc9d9-ddb5-4fa4-a97d-d965ccfc6d4b" outcome="Passed" testListId="8c84fa94-04c1-424b-9868-57a2d4851a1d" relativeResultsDirectory="98a818d6-dd1b-41ec-9aa5-e7483ac0a226" />
    <UnitTestResult executionId="70312e8f-ea77-40d9-8109-e09917dcfa37" testId="d5fda41e-5e9e-b07d-1a31-ba273872aa62" testName="Constructor_ShouldThrowArgumentNullException_WhenNewValueIsNull" computerName="DKSR-EFI-04" duration="00:00:00.0004979" startTime="2023-12-22T09:36:11.0383101+01:00" endTime="2023-12-22T09:36:11.0539349+01:00" testType="13cdc9d9-ddb5-4fa4-a97d-d965ccfc6d4b" outcome="Passed" testListId="8c84fa94-04c1-424b-9868-57a2d4851a1d" relativeResultsDirectory="70312e8f-ea77-40d9-8109-e09917dcfa37" />
    <UnitTestResult executionId="e0be1c3d-c094-403c-89d3-88ccc321d511" testId="94bc7455-6884-b5fb-63b2-bd769fbf6de7" testName="Transform_ShouldReplaceInputString_WhenThereAreMatches" computerName="DKSR-EFI-04" duration="00:00:00.0011504" startTime="2023-12-22T09:36:11.0695575+01:00" endTime="2023-12-22T09:36:11.0695575+01:00" testType="13cdc9d9-ddb5-4fa4-a97d-d965ccfc6d4b" outcome="Passed" testListId="8c84fa94-04c1-424b-9868-57a2d4851a1d" relativeResultsDirectory="e0be1c3d-c094-403c-89d3-88ccc321d511" />
    <UnitTestResult executionId="4f96ad9c-a7c9-4f06-97db-1ee91a283134" testId="0593a5af-3ee1-1a46-0846-71d1bf830ba0" testName="Transform_ShouldOutputEmptyFragment_WhenFragementHasNoCharactersButLineTerminator" computerName="DKSR-EFI-04" duration="00:00:00.0015127" startTime="2023-12-22T09:36:10.9289329+01:00" endTime="2023-12-22T09:36:10.9289329+01:00" testType="13cdc9d9-ddb5-4fa4-a97d-d965ccfc6d4b" outcome="Passed" testListId="8c84fa94-04c1-424b-9868-57a2d4851a1d" relativeResultsDirectory="4f96ad9c-a7c9-4f06-97db-1ee91a283134" />
    <UnitTestResult executionId="28efa44f-dfbe-43f5-a13a-c0d0e53b10b7" testId="daea5307-2563-1b65-9a3e-fbcb4676eecf" testName="Transform_ShouldGenerateNoEvents_WhenOneRegexRuleDefinedAndInputDoesNotMatch" computerName="DKSR-EFI-04" duration="00:00:00.0015048" startTime="2023-12-22T09:36:10.4914307+01:00" endTime="2023-12-22T09:36:10.4914307+01:00" testType="13cdc9d9-ddb5-4fa4-a97d-d965ccfc6d4b" outcome="Passed" testListId="8c84fa94-04c1-424b-9868-57a2d4851a1d" relativeResultsDirectory="28efa44f-dfbe-43f5-a13a-c0d0e53b10b7" />
    <UnitTestResult executionId="32b57303-bdb8-4d48-92b2-ddf8b7d59403" testId="ecb60056-9a44-222b-a041-c08bb110af82" testName="Transform_ShouldStartAndStopTransactionAndWriteALine_WhenLineContainsBothStartAndStopAndTransactionNotStarted" computerName="DKSR-EFI-04" duration="00:00:00.0688872" startTime="2023-12-22T09:36:10.9445605+01:00" endTime="2023-12-22T09:36:11.0226838+01:00" testType="13cdc9d9-ddb5-4fa4-a97d-d965ccfc6d4b" outcome="Passed" testListId="8c84fa94-04c1-424b-9868-57a2d4851a1d" relativeResultsDirectory="32b57303-bdb8-4d48-92b2-ddf8b7d59403" />
    <UnitTestResult executionId="454d5858-574f-4e0a-8023-34df7f663f90" testId="90359306-825c-3372-0280-3a7580c3f407" testName="Transform_ShouldGenerateNoEvents_WhenOneWildcardRuleDefinedAndInputDoesNotMatch" computerName="DKSR-EFI-04" duration="00:00:00.0045904" startTime="2023-12-22T09:36:10.4758056+01:00" endTime="2023-12-22T09:36:10.4758056+01:00" testType="13cdc9d9-ddb5-4fa4-a97d-d965ccfc6d4b" outcome="Passed" testListId="8c84fa94-04c1-424b-9868-57a2d4851a1d" relativeResultsDirectory="454d5858-574f-4e0a-8023-34df7f663f90" />
    <UnitTestResult executionId="eaa7a574-05bc-4678-83c0-c18fdce99cf0" testId="e7c24e53-29a7-e6fd-1e0f-8740f39dbe0e" testName="SessionGetLines_ShouldThrow_WhenClosed" computerName="DKSR-EFI-04" duration="00:00:00.0048862" startTime="2023-12-22T09:36:11.7726880+01:00" endTime="2023-12-22T09:36:11.7726880+01:00" testType="13cdc9d9-ddb5-4fa4-a97d-d965ccfc6d4b" outcome="Passed" testListId="8c84fa94-04c1-424b-9868-57a2d4851a1d" relativeResultsDirectory="eaa7a574-05bc-4678-83c0-c18fdce99cf0" />
    <UnitTestResult executionId="1d78009c-5c6a-47d0-8e2f-f991d8ef7d83" testId="c18df7c7-ab40-9ee9-e9f4-c4f1f4418945" testName="GetInterceptedData_ShouldReturnInterceptedData_WhenDataIsBeingInterceptedAndDataHasBeenWritten" computerName="DKSR-EFI-04" duration="00:00:00.0723848" startTime="2023-12-22T09:36:11.2101867+01:00" endTime="2023-12-22T09:36:11.2726873+01:00" testType="13cdc9d9-ddb5-4fa4-a97d-d965ccfc6d4b" outcome="Passed" testListId="8c84fa94-04c1-424b-9868-57a2d4851a1d" relativeResultsDirectory="1d78009c-5c6a-47d0-8e2f-f991d8ef7d83" />
    <UnitTestResult executionId="962541f7-f653-4d8c-9827-5effcbd04fc5" testId="b74af8d5-6c83-c445-ed47-52d8f8fdd866" testName="TryGetLiveSession_ShouldFail_WhenNoSessionWasAdded" computerName="DKSR-EFI-04" duration="00:00:00.0003536" startTime="2023-12-22T09:36:11.7414391+01:00" endTime="2023-12-22T09:36:11.7414391+01:00" testType="13cdc9d9-ddb5-4fa4-a97d-d965ccfc6d4b" outcome="Passed" testListId="8c84fa94-04c1-424b-9868-57a2d4851a1d" relativeResultsDirectory="962541f7-f653-4d8c-9827-5effcbd04fc5" />
    <UnitTestResult executionId="e192fa1b-c9cb-4e1a-b7c7-9cce2f51904a" testId="3a647f49-e084-0825-4c53-69bd1aba4a10" testName="Transform_ShouldNotCallNextProcessingStep_WhenInputIsConsumedCompletely" computerName="DKSR-EFI-04" duration="00:00:00.0035385" startTime="2023-12-22T09:36:11.0539349+01:00" endTime="2023-12-22T09:36:11.0695575+01:00" testType="13cdc9d9-ddb5-4fa4-a97d-d965ccfc6d4b" outcome="Passed" testListId="8c84fa94-04c1-424b-9868-57a2d4851a1d" relativeResultsDirectory="e192fa1b-c9cb-4e1a-b7c7-9cce2f51904a" />
    <UnitTestResult executionId="51d094f8-27a9-4f4c-be66-a3ac5d974612" testId="3238b50e-2d35-7cb8-024f-404c01dd1a08" testName="Transform_ShouldStopExistingTransactionAndStartAndStopNextTransactionAndWriteALine_WhenLineContainsBothStartAndStopAndTransactionAlreadyStarted" computerName="DKSR-EFI-04" duration="00:00:00.0198421" startTime="2023-12-22T09:36:11.0226838+01:00" endTime="2023-12-22T09:36:11.0383101+01:00" testType="13cdc9d9-ddb5-4fa4-a97d-d965ccfc6d4b" outcome="Passed" testListId="8c84fa94-04c1-424b-9868-57a2d4851a1d" relativeResultsDirectory="51d094f8-27a9-4f4c-be66-a3ac5d974612" />
    <UnitTestResult executionId="9ca21c99-32bd-4f31-8a5c-a851a82ad1ca" testId="c4aaeb45-fc9b-f429-2242-9447175aae74" testName="StartInterception_ShouldReturnTrue_WhenDataIsNotBeingIntercepted" computerName="DKSR-EFI-04" duration="00:00:00.0683537" startTime="2023-12-22T09:36:11.1008123+01:00" endTime="2023-12-22T09:36:11.1789343+01:00" testType="13cdc9d9-ddb5-4fa4-a97d-d965ccfc6d4b" outcome="Passed" testListId="8c84fa94-04c1-424b-9868-57a2d4851a1d" relativeResultsDirectory="9ca21c99-32bd-4f31-8a5c-a851a82ad1ca" />
    <UnitTestResult executionId="25cd6e21-7361-4e7f-9da2-3f6fea55a8a0" testId="b8aa26cd-89aa-0fd5-80b7-5cd9160d2c45" testName="Transform_ShouldOutputInputString_WhenThereAreNoMatches" computerName="DKSR-EFI-04" duration="00:00:00.0011706" startTime="2023-12-22T09:36:11.0695575+01:00" endTime="2023-12-22T09:36:11.0695575+01:00" testType="13cdc9d9-ddb5-4fa4-a97d-d965ccfc6d4b" outcome="Passed" testListId="8c84fa94-04c1-424b-9868-57a2d4851a1d" relativeResultsDirectory="25cd6e21-7361-4e7f-9da2-3f6fea55a8a0" />
    <UnitTestResult executionId="c840ff02-b5ae-42d6-b4d6-49397e9dea0b" testId="b64a0550-9df5-dac1-52db-ef437e524048" testName="TakeAvailableAsText_ShouldReturnDataAndLatestTimestampsInThreeCalls_WhenSevenPiecesOfRawDataAddedWithinThreeTimeGaps" computerName="DKSR-EFI-04" duration="00:00:00.0050957" startTime="2023-12-22T09:36:11.6008144+01:00" endTime="2023-12-22T09:36:11.6008144+01:00" testType="13cdc9d9-ddb5-4fa4-a97d-d965ccfc6d4b" outcome="Passed" testListId="8c84fa94-04c1-424b-9868-57a2d4851a1d" relativeResultsDirectory="c840ff02-b5ae-42d6-b4d6-49397e9dea0b" />
    <UnitTestResult executionId="edb1a654-3975-4728-97fc-3ad3e3c21fef" testId="9c9ba8ae-f395-fa0d-c168-ae26e7d3daf5" testName="SessionGetLines_ShouldReturnEmpty_WhenTimedout" computerName="DKSR-EFI-04" duration="00:00:00.0024396" startTime="2023-12-22T09:36:11.8039388+01:00" endTime="2023-12-22T09:36:11.8039388+01:00" testType="13cdc9d9-ddb5-4fa4-a97d-d965ccfc6d4b" outcome="Passed" testListId="8c84fa94-04c1-424b-9868-57a2d4851a1d" relativeResultsDirectory="edb1a654-3975-4728-97fc-3ad3e3c21fef" />
    <UnitTestResult executionId="f0cd7dbe-81c6-4511-9140-b5d11063cba0" testId="43c74d81-9ac5-3f35-b163-da57a752dbe0" testName="StartInterception_ShouldReturnFalse_WhenDataIsBeingIntercepted" computerName="DKSR-EFI-04" duration="00:00:00.0014095" startTime="2023-12-22T09:36:11.1789343+01:00" endTime="2023-12-22T09:36:11.1789343+01:00" testType="13cdc9d9-ddb5-4fa4-a97d-d965ccfc6d4b" outcome="Passed" testListId="8c84fa94-04c1-424b-9868-57a2d4851a1d" relativeResultsDirectory="f0cd7dbe-81c6-4511-9140-b5d11063cba0" />
    <UnitTestResult executionId="82b00235-972e-42e0-9988-5a07028d11a5" testId="054a6585-6c57-7f00-4c7a-27f0a2f41908" testName="TakeAvailableAsText_ShouldReturnDataWithLatestTimestampsInTwoCalls_WhenThreePiecesOfRawDataAddedAndLastHasBoundaryTimeGap" computerName="DKSR-EFI-04" duration="00:00:00.0031285" startTime="2023-12-22T09:36:11.5851876+01:00" endTime="2023-12-22T09:36:11.5851876+01:00" testType="13cdc9d9-ddb5-4fa4-a97d-d965ccfc6d4b" outcome="Passed" testListId="8c84fa94-04c1-424b-9868-57a2d4851a1d" relativeResultsDirectory="82b00235-972e-42e0-9988-5a07028d11a5" />
    <UnitTestResult executionId="8b11adb5-a800-4902-ad3e-360b1df64581" testId="d87b8793-d339-c127-bb00-5d0dd4dd2dab" testName="Transform_ShouldNotMatchOnReplacedCharacter_WhenAlways" computerName="DKSR-EFI-04" duration="00:00:00.0010303" startTime="2023-12-22T09:36:11.0851838+01:00" endTime="2023-12-22T09:36:11.0851838+01:00" testType="13cdc9d9-ddb5-4fa4-a97d-d965ccfc6d4b" outcome="Passed" testListId="8c84fa94-04c1-424b-9868-57a2d4851a1d" relativeResultsDirectory="8b11adb5-a800-4902-ad3e-360b1df64581" />
    <UnitTestResult executionId="6c07d876-82f7-4cbd-8a84-68fb25e21e66" testId="2f0c2e7f-642b-1626-96fb-b0c1224bd4d6" testName="Transform_ShouldReplaceOverManyFragmentsCharacterAndReturnLatestTimestamp_WhenLineIsNotTerminated" computerName="DKSR-EFI-04" duration="00:00:00.0017005" startTime="2023-12-22T09:36:11.1008123+01:00" endTime="2023-12-22T09:36:11.1008123+01:00" testType="13cdc9d9-ddb5-4fa4-a97d-d965ccfc6d4b" outcome="Passed" testListId="8c84fa94-04c1-424b-9868-57a2d4851a1d" relativeResultsDirectory="6c07d876-82f7-4cbd-8a84-68fb25e21e66" />
    <UnitTestResult executionId="a3c0914e-446c-41a4-a8e9-f5b1b96ba35e" testId="32b729fb-68af-fc79-31e7-a2a850967292" testName="MinimalAcceptedTimestamp_ShouldReturnValueFromStorage_WhenDataHasNotBeenWritten" computerName="DKSR-EFI-04" duration="00:00:00.0621512" startTime="2023-12-22T09:36:11.3820612+01:00" endTime="2023-12-22T09:36:11.4445633+01:00" testType="13cdc9d9-ddb5-4fa4-a97d-d965ccfc6d4b" outcome="Passed" testListId="8c84fa94-04c1-424b-9868-57a2d4851a1d" relativeResultsDirectory="a3c0914e-446c-41a4-a8e9-f5b1b96ba35e" />
    <UnitTestResult executionId="eb630b2e-4730-444e-aee1-45e5874dbf26" testId="85930f32-0fe9-146d-487a-ff5e1166cffe" testName="Transform_ShouldGenerateEvent_WhenOneExactMatchRuleDefinedAndInputMatches" computerName="DKSR-EFI-04" duration="00:00:00.1662780" startTime="2023-12-22T09:36:10.3039322+01:00" endTime="2023-12-22T09:36:10.4601797+01:00" testType="13cdc9d9-ddb5-4fa4-a97d-d965ccfc6d4b" outcome="Passed" testListId="8c84fa94-04c1-424b-9868-57a2d4851a1d" relativeResultsDirectory="eb630b2e-4730-444e-aee1-45e5874dbf26" />
    <UnitTestResult executionId="077243df-eda0-464c-8951-a2dc34e6adbe" testId="24881670-f284-e5a0-aa9b-2f66592fa681" testName="Transform_ShouldGenerateNoEvents_WhenNoEventRulesDefined" computerName="DKSR-EFI-04" duration="00:00:00.3203551" startTime="2023-12-22T09:36:09.7726777+01:00" endTime="2023-12-22T09:36:10.1789296+01:00" testType="13cdc9d9-ddb5-4fa4-a97d-d965ccfc6d4b" outcome="Passed" testListId="8c84fa94-04c1-424b-9868-57a2d4851a1d" relativeResultsDirectory="077243df-eda0-464c-8951-a2dc34e6adbe" />
    <UnitTestResult executionId="bacc8bf2-1933-4594-9ce7-e1cda8a2db54" testId="ca387e96-f9eb-ec6e-d49c-e5de5957bb87" testName="SessionShouldBeRemoved_WhenSessionClosed" computerName="DKSR-EFI-04" duration="00:00:00.0003366" startTime="2023-12-22T09:36:11.8195654+01:00" endTime="2023-12-22T09:36:11.8195654+01:00" testType="13cdc9d9-ddb5-4fa4-a97d-d965ccfc6d4b" outcome="Passed" testListId="8c84fa94-04c1-424b-9868-57a2d4851a1d" relativeResultsDirectory="bacc8bf2-1933-4594-9ce7-e1cda8a2db54" />
    <UnitTestResult executionId="e8330358-f848-4b30-a7b4-8713cd9069f0" testId="c86a834e-1e30-bcb3-b2cb-0e826291319a" testName="Transform_ShouldNotCallTerminateLine_WhenTransformFragmentIsCalled" computerName="DKSR-EFI-04" duration="00:00:00.0043890" startTime="2023-12-22T09:36:11.0539349+01:00" endTime="2023-12-22T09:36:11.0539349+01:00" testType="13cdc9d9-ddb5-4fa4-a97d-d965ccfc6d4b" outcome="Passed" testListId="8c84fa94-04c1-424b-9868-57a2d4851a1d" relativeResultsDirectory="e8330358-f848-4b30-a7b4-8713cd9069f0" />
    <UnitTestResult executionId="9f263437-a80f-4f82-9658-4dd1bd2fa645" testId="4f34f848-a2f3-61fb-e85b-a5427940e2ef" testName="WriteRawData_ShouldSucceedAfterInit_WhenDatabaseExceptionsAreThrownInitially" computerName="DKSR-EFI-04" duration="00:00:00.0066560" startTime="2023-12-22T09:36:11.5383132+01:00" endTime="2023-12-22T09:36:11.5383132+01:00" testType="13cdc9d9-ddb5-4fa4-a97d-d965ccfc6d4b" outcome="Passed" testListId="8c84fa94-04c1-424b-9868-57a2d4851a1d" relativeResultsDirectory="9f263437-a80f-4f82-9658-4dd1bd2fa645" />
    <UnitTestResult executionId="77bccde6-8fe1-4601-a196-50a268093d30" testId="6ff82bed-2128-d7c7-097e-b3211c20990e" testName="Transform_ShouldReplaceAcrossFragmentsAndReturnLatestTimestamp_WhenThereAreMatchesAcrossFregments" computerName="DKSR-EFI-04" duration="00:00:00.0011974" startTime="2023-12-22T09:36:11.0695575+01:00" endTime="2023-12-22T09:36:11.0695575+01:00" testType="13cdc9d9-ddb5-4fa4-a97d-d965ccfc6d4b" outcome="Passed" testListId="8c84fa94-04c1-424b-9868-57a2d4851a1d" relativeResultsDirectory="77bccde6-8fe1-4601-a196-50a268093d30" />
    <UnitTestResult executionId="f97c6d1f-63a5-491d-ab95-541f46a3ab05" testId="66f3332a-8e3d-5a9c-36f4-ed67b244e165" testName="SessionShouldBeClosedAndRemoved_WhenSessionManagerIsClosed" computerName="DKSR-EFI-04" duration="00:00:00.0055167" startTime="2023-12-22T09:36:11.8195654+01:00" endTime="2023-12-22T09:36:11.8351880+01:00" testType="13cdc9d9-ddb5-4fa4-a97d-d965ccfc6d4b" outcome="Passed" testListId="8c84fa94-04c1-424b-9868-57a2d4851a1d" relativeResultsDirectory="f97c6d1f-63a5-491d-ab95-541f46a3ab05" />
  </Results>
  <TestDefinitions>
    <UnitTest name="TakeAvailableAsText_ShouldReturnAllDataAndTimestamp_WhenOnePieceOfRawDataAdded" storage="d:\actions-runner\_work\xpco\xpco\transact\transact\videoos.transact.server.tests\bin\debug\videoos.transact.server.tests.dll" id="9b3ebac1-5acc-a7c9-3f5b-72b7c91041d0">
      <Execution id="7a053e05-604b-4b1a-9b6e-bdeefa7144f6" />
      <TestMethod codeBase="D:\actions-runner\_work\XPCO\XPCO\Transact\Transact\VideoOS.Transact.Server.Tests\bin\Debug\VideoOS.Transact.Server.Tests.dll" adapterTypeName="executor://mstestadapter/v1" className="VideoOS.Transact.Server.Tests.Sources.RawDataBufferTest" name="TakeAvailableAsText_ShouldReturnAllDataAndTimestamp_WhenOnePieceOfRawDataAdded" />
    </UnitTest>
    <UnitTest name="SessionShouldBeClosedAndRemoved_WhenSessionManagerIsClosed" storage="d:\actions-runner\_work\xpco\xpco\transact\transact\videoos.transact.server.tests\bin\debug\videoos.transact.server.tests.dll" id="66f3332a-8e3d-5a9c-36f4-ed67b244e165">
      <Execution id="f97c6d1f-63a5-491d-ab95-541f46a3ab05" />
      <TestMethod codeBase="D:\actions-runner\_work\XPCO\XPCO\Transact\Transact\VideoOS.Transact.Server.Tests\bin\Debug\VideoOS.Transact.Server.Tests.dll" adapterTypeName="executor://mstestadapter/v1" className="VideoOS.Transact.Server.Tests.Session.LiveSessionHandlerTests" name="SessionShouldBeClosedAndRemoved_WhenSessionManagerIsClosed" />
    </UnitTest>
    <UnitTest name="GetInterceptedData_ShouldReturnEmptyString_WhenDataIsBeingInterceptedButThereIsNoData" storage="d:\actions-runner\_work\xpco\xpco\transact\transact\videoos.transact.server.tests\bin\debug\videoos.transact.server.tests.dll" id="eb2c50c7-1b7a-4904-79a5-09a5fd0ec1ba">
      <Execution id="a496868d-9f5c-4900-b3e4-1763a6db550f" />
      <TestMethod codeBase="D:\actions-runner\_work\XPCO\XPCO\Transact\Transact\VideoOS.Transact.Server.Tests\bin\Debug\VideoOS.Transact.Server.Tests.dll" adapterTypeName="executor://mstestadapter/v1" className="VideoOS.Transact.Server.Tests.Sources.TransactionSourceTests" name="GetInterceptedData_ShouldReturnEmptyString_WhenDataIsBeingInterceptedButThereIsNoData" />
    </UnitTest>
    <UnitTest name="TryGetLiveSession_ShouldFail_WhenNoSessionWasAdded" storage="d:\actions-runner\_work\xpco\xpco\transact\transact\videoos.transact.server.tests\bin\debug\videoos.transact.server.tests.dll" id="b74af8d5-6c83-c445-ed47-52d8f8fdd866">
      <Execution id="962541f7-f653-4d8c-9827-5effcbd04fc5" />
      <TestMethod codeBase="D:\actions-runner\_work\XPCO\XPCO\Transact\Transact\VideoOS.Transact.Server.Tests\bin\Debug\VideoOS.Transact.Server.Tests.dll" adapterTypeName="executor://mstestadapter/v1" className="VideoOS.Transact.Server.Tests.Session.LiveSessionHandlerTests" name="TryGetLiveSession_ShouldFail_WhenNoSessionWasAdded" />
    </UnitTest>
    <UnitTest name="Transform_ShouldNotMatchOnReplacedCharacter_WhenAlways" storage="d:\actions-runner\_work\xpco\xpco\transact\transact\videoos.transact.server.tests\bin\debug\videoos.transact.server.tests.dll" id="d87b8793-d339-c127-bb00-5d0dd4dd2dab">
      <Execution id="8b11adb5-a800-4902-ad3e-360b1df64581" />
      <TestMethod codeBase="D:\actions-runner\_work\XPCO\XPCO\Transact\Transact\VideoOS.Transact.Server.Tests\bin\Debug\VideoOS.Transact.Server.Tests.dll" adapterTypeName="executor://mstestadapter/v1" className="VideoOS.Transact.Server.Tests.Sources.ReplaceTransformerTests" name="Transform_ShouldNotMatchOnReplacedCharacter_WhenAlways" />
    </UnitTest>
    <UnitTest name="Transform_ShouldGenerateNoEvents_WhenNoEventRulesDefined" storage="d:\actions-runner\_work\xpco\xpco\transact\transact\videoos.transact.server.tests\bin\debug\videoos.transact.server.tests.dll" id="24881670-f284-e5a0-aa9b-2f66592fa681">
      <Execution id="077243df-eda0-464c-8951-a2dc34e6adbe" />
      <TestMethod codeBase="D:\actions-runner\_work\XPCO\XPCO\Transact\Transact\VideoOS.Transact.Server.Tests\bin\Debug\VideoOS.Transact.Server.Tests.dll" adapterTypeName="executor://mstestadapter/v1" className="VideoOS.Transact.Server.Tests.Sources.EventTransformerTest" name="Transform_ShouldGenerateNoEvents_WhenNoEventRulesDefined" />
    </UnitTest>
    <UnitTest name="StartInterception_ShouldReturnTrue_WhenInterceptionHasBeenStartedAndStopped" storage="d:\actions-runner\_work\xpco\xpco\transact\transact\videoos.transact.server.tests\bin\debug\videoos.transact.server.tests.dll" id="f8683395-40ab-cede-a6f4-5fcc49fea731">
      <Execution id="730c3295-dca9-496a-a639-db0b4c01c704" />
      <TestMethod codeBase="D:\actions-runner\_work\XPCO\XPCO\Transact\Transact\VideoOS.Transact.Server.Tests\bin\Debug\VideoOS.Transact.Server.Tests.dll" adapterTypeName="executor://mstestadapter/v1" className="VideoOS.Transact.Server.Tests.Sources.TransactionSourceTests" name="StartInterception_ShouldReturnTrue_WhenInterceptionHasBeenStartedAndStopped" />
    </UnitTest>
    <UnitTest name="Transform_ShouldBufferPartOfInput_WhenMatchIsStillPossible" storage="d:\actions-runner\_work\xpco\xpco\transact\transact\videoos.transact.server.tests\bin\debug\videoos.transact.server.tests.dll" id="10815712-4e5a-582f-d075-bcf1d237d83f">
      <Execution id="1dc06e15-88e2-483c-88ce-ee8bdb507765" />
      <TestMethod codeBase="D:\actions-runner\_work\XPCO\XPCO\Transact\Transact\VideoOS.Transact.Server.Tests\bin\Debug\VideoOS.Transact.Server.Tests.dll" adapterTypeName="executor://mstestadapter/v1" className="VideoOS.Transact.Server.Tests.Sources.LineTerminatorTransformerTests" name="Transform_ShouldBufferPartOfInput_WhenMatchIsStillPossible" />
    </UnitTest>
    <UnitTest name="TakeAvailableAsText_ShouldReturnDataWithLatestTimestampsInTwoCalls_WhenThreePiecesOfRawDataAddedAndLastHasGreaterTimeGap" storage="d:\actions-runner\_work\xpco\xpco\transact\transact\videoos.transact.server.tests\bin\debug\videoos.transact.server.tests.dll" id="b080b689-0485-3441-2d53-ec8da2c5f783">
      <Execution id="89aa50d4-572b-4619-8693-d228f8d7e72c" />
      <TestMethod codeBase="D:\actions-runner\_work\XPCO\XPCO\Transact\Transact\VideoOS.Transact.Server.Tests\bin\Debug\VideoOS.Transact.Server.Tests.dll" adapterTypeName="executor://mstestadapter/v1" className="VideoOS.Transact.Server.Tests.Sources.RawDataBufferTest" name="TakeAvailableAsText_ShouldReturnDataWithLatestTimestampsInTwoCalls_WhenThreePiecesOfRawDataAddedAndLastHasGreaterTimeGap" />
    </UnitTest>
    <UnitTest name="WriteRawData_ShouldSucceedAfterInit_WhenDatabaseExceptionsAreThrownInitially" storage="d:\actions-runner\_work\xpco\xpco\transact\transact\videoos.transact.server.tests\bin\debug\videoos.transact.server.tests.dll" id="4f34f848-a2f3-61fb-e85b-a5427940e2ef">
      <Execution id="9f263437-a80f-4f82-9658-4dd1bd2fa645" />
      <TestMethod codeBase="D:\actions-runner\_work\XPCO\XPCO\Transact\Transact\VideoOS.Transact.Server.Tests\bin\Debug\VideoOS.Transact.Server.Tests.dll" adapterTypeName="executor://mstestadapter/v1" className="VideoOS.Transact.Server.Tests.Sources.TransactionSourceTests" name="WriteRawData_ShouldSucceedAfterInit_WhenDatabaseExceptionsAreThrownInitially" />
    </UnitTest>
    <UnitTest name="Constructor_ShouldThrowArgumentNullException_WhenLineTerminatorIsNull" storage="d:\actions-runner\_work\xpco\xpco\transact\transact\videoos.transact.server.tests\bin\debug\videoos.transact.server.tests.dll" id="d4a4352c-822b-1bd5-0602-4c17c3dae18f">
      <Execution id="a92177e7-0542-4dd6-82f6-42ddcd1b44d4" />
      <TestMethod codeBase="D:\actions-runner\_work\XPCO\XPCO\Transact\Transact\VideoOS.Transact.Server.Tests\bin\Debug\VideoOS.Transact.Server.Tests.dll" adapterTypeName="executor://mstestadapter/v1" className="VideoOS.Transact.Server.Tests.Sources.LineTerminatorTransformerTests" name="Constructor_ShouldThrowArgumentNullException_WhenLineTerminatorIsNull" />
    </UnitTest>
    <UnitTest name="Transform_ShouldNotCallTerminateLine_WhenTransformFragmentIsCalled" storage="d:\actions-runner\_work\xpco\xpco\transact\transact\videoos.transact.server.tests\bin\debug\videoos.transact.server.tests.dll" id="c86a834e-1e30-bcb3-b2cb-0e826291319a">
      <Execution id="e8330358-f848-4b30-a7b4-8713cd9069f0" />
      <TestMethod codeBase="D:\actions-runner\_work\XPCO\XPCO\Transact\Transact\VideoOS.Transact.Server.Tests\bin\Debug\VideoOS.Transact.Server.Tests.dll" adapterTypeName="executor://mstestadapter/v1" className="VideoOS.Transact.Server.Tests.Sources.ReplaceTransformerTests" name="Transform_ShouldNotCallTerminateLine_WhenTransformFragmentIsCalled" />
    </UnitTest>
    <UnitTest name="Constructor_ShouldThrowArgumentException_WhenOldValueIsEmpty" storage="d:\actions-runner\_work\xpco\xpco\transact\transact\videoos.transact.server.tests\bin\debug\videoos.transact.server.tests.dll" id="2cbbbdf9-605c-3e8d-5f56-ca62e8614ca0">
      <Execution id="02186b0a-6330-496a-a7e9-3284e4680160" />
      <TestMethod codeBase="D:\actions-runner\_work\XPCO\XPCO\Transact\Transact\VideoOS.Transact.Server.Tests\bin\Debug\VideoOS.Transact.Server.Tests.dll" adapterTypeName="executor://mstestadapter/v1" className="VideoOS.Transact.Server.Tests.Sources.ReplaceTransformerTests" name="Constructor_ShouldThrowArgumentException_WhenOldValueIsEmpty" />
    </UnitTest>
    <UnitTest name="Transform_ShouldOutputInputString_WhenThereAreNoMatches" storage="d:\actions-runner\_work\xpco\xpco\transact\transact\videoos.transact.server.tests\bin\debug\videoos.transact.server.tests.dll" id="b8aa26cd-89aa-0fd5-80b7-5cd9160d2c45">
      <Execution id="25cd6e21-7361-4e7f-9da2-3f6fea55a8a0" />
      <TestMethod codeBase="D:\actions-runner\_work\XPCO\XPCO\Transact\Transact\VideoOS.Transact.Server.Tests\bin\Debug\VideoOS.Transact.Server.Tests.dll" adapterTypeName="executor://mstestadapter/v1" className="VideoOS.Transact.Server.Tests.Sources.ReplaceTransformerTests" name="Transform_ShouldOutputInputString_WhenThereAreNoMatches" />
    </UnitTest>
    <UnitTest name="MinimalAcceptedTimestamp_ShouldReturnValueFromLatestValidWrittenData_WhenDataHasBeenWritten" storage="d:\actions-runner\_work\xpco\xpco\transact\transact\videoos.transact.server.tests\bin\debug\videoos.transact.server.tests.dll" id="db6ed369-4c0f-6f53-363c-132771c04dc7">
      <Execution id="cf2c865b-0148-4318-a40f-733e1a50a439" />
      <TestMethod codeBase="D:\actions-runner\_work\XPCO\XPCO\Transact\Transact\VideoOS.Transact.Server.Tests\bin\Debug\VideoOS.Transact.Server.Tests.dll" adapterTypeName="executor://mstestadapter/v1" className="VideoOS.Transact.Server.Tests.Sources.TransactionSourceTests" name="MinimalAcceptedTimestamp_ShouldReturnValueFromLatestValidWrittenData_WhenDataHasBeenWritten" />
    </UnitTest>
    <UnitTest name="TakeAvailableAsText_ShouldReturnDataAndLatestTimestampsInThreeCalls_WhenSevenPiecesOfRawDataAddedWithinThreeTimeGaps" storage="d:\actions-runner\_work\xpco\xpco\transact\transact\videoos.transact.server.tests\bin\debug\videoos.transact.server.tests.dll" id="b64a0550-9df5-dac1-52db-ef437e524048">
      <Execution id="c840ff02-b5ae-42d6-b4d6-49397e9dea0b" />
      <TestMethod codeBase="D:\actions-runner\_work\XPCO\XPCO\Transact\Transact\VideoOS.Transact.Server.Tests\bin\Debug\VideoOS.Transact.Server.Tests.dll" adapterTypeName="executor://mstestadapter/v1" className="VideoOS.Transact.Server.Tests.Sources.RawDataBufferTest" name="TakeAvailableAsText_ShouldReturnDataAndLatestTimestampsInThreeCalls_WhenSevenPiecesOfRawDataAddedWithinThreeTimeGaps" />
    </UnitTest>
    <UnitTest name="Transform_ShouldGenerateTwoEvents_WhenOneExactMatchRuleAndOneRegexRuleDefinedAndInputMatchesBothRules" storage="d:\actions-runner\_work\xpco\xpco\transact\transact\videoos.transact.server.tests\bin\debug\videoos.transact.server.tests.dll" id="b53914e0-aa94-3ea8-0ec8-6c4fb08dd151">
      <Execution id="ab2c9437-10a1-464a-ba32-0afd3386a3b4" />
      <TestMethod codeBase="D:\actions-runner\_work\XPCO\XPCO\Transact\Transact\VideoOS.Transact.Server.Tests\bin\Debug\VideoOS.Transact.Server.Tests.dll" adapterTypeName="executor://mstestadapter/v1" className="VideoOS.Transact.Server.Tests.Sources.EventTransformerTest" name="Transform_ShouldGenerateTwoEvents_WhenOneExactMatchRuleAndOneRegexRuleDefinedAndInputMatchesBothRules" />
    </UnitTest>
    <UnitTest name="Transform_ShouldOutputFragmentForEachLine_WhenInputHasMulitpleLineTerminators" storage="d:\actions-runner\_work\xpco\xpco\transact\transact\videoos.transact.server.tests\bin\debug\videoos.transact.server.tests.dll" id="d945746d-16e5-bedd-636f-70d4b425a50c">
      <Execution id="791c331b-7d96-45eb-af37-4c421634628c" />
      <TestMethod codeBase="D:\actions-runner\_work\XPCO\XPCO\Transact\Transact\VideoOS.Transact.Server.Tests\bin\Debug\VideoOS.Transact.Server.Tests.dll" adapterTypeName="executor://mstestadapter/v1" className="VideoOS.Transact.Server.Tests.Sources.LineTerminatorTransformerTests" name="Transform_ShouldOutputFragmentForEachLine_WhenInputHasMulitpleLineTerminators" />
    </UnitTest>
    <UnitTest name="StopInterception_ShouldClearInterceptedData_WhenDataHasNotBeenRead" storage="d:\actions-runner\_work\xpco\xpco\transact\transact\videoos.transact.server.tests\bin\debug\videoos.transact.server.tests.dll" id="5b78de17-fb0a-c559-53bb-3d4e58a8b4b7">
      <Execution id="ee56f553-200e-4542-a195-daf28cb76f43" />
      <TestMethod codeBase="D:\actions-runner\_work\XPCO\XPCO\Transact\Transact\VideoOS.Transact.Server.Tests\bin\Debug\VideoOS.Transact.Server.Tests.dll" adapterTypeName="executor://mstestadapter/v1" className="VideoOS.Transact.Server.Tests.Sources.TransactionSourceTests" name="StopInterception_ShouldClearInterceptedData_WhenDataHasNotBeenRead" />
    </UnitTest>
    <UnitTest name="Transform_ShouldGenerateNoEvents_WhenOneWildcardRuleDefinedAndInputDoesNotMatch" storage="d:\actions-runner\_work\xpco\xpco\transact\transact\videoos.transact.server.tests\bin\debug\videoos.transact.server.tests.dll" id="90359306-825c-3372-0280-3a7580c3f407">
      <Execution id="454d5858-574f-4e0a-8023-34df7f663f90" />
      <TestMethod codeBase="D:\actions-runner\_work\XPCO\XPCO\Transact\Transact\VideoOS.Transact.Server.Tests\bin\Debug\VideoOS.Transact.Server.Tests.dll" adapterTypeName="executor://mstestadapter/v1" className="VideoOS.Transact.Server.Tests.Sources.EventTransformerTest" name="Transform_ShouldGenerateNoEvents_WhenOneWildcardRuleDefinedAndInputDoesNotMatch" />
    </UnitTest>
    <UnitTest name="Transform_ShouldBufferCharactersWhenPotentialMatchAcrossFragmentsAndFragmentShorterThanOldValue_WhenLineIsNotTerminated" storage="d:\actions-runner\_work\xpco\xpco\transact\transact\videoos.transact.server.tests\bin\debug\videoos.transact.server.tests.dll" id="49c7df0f-7fe3-aa2c-7f86-9690e56df752">
      <Execution id="b3799ae2-9dab-418a-abf7-df9f285d97e8" />
      <TestMethod codeBase="D:\actions-runner\_work\XPCO\XPCO\Transact\Transact\VideoOS.Transact.Server.Tests\bin\Debug\VideoOS.Transact.Server.Tests.dll" adapterTypeName="executor://mstestadapter/v1" className="VideoOS.Transact.Server.Tests.Sources.ReplaceTransformerTests" name="Transform_ShouldBufferCharactersWhenPotentialMatchAcrossFragmentsAndFragmentShorterThanOldValue_WhenLineIsNotTerminated" />
    </UnitTest>
    <UnitTest name="Transform_ShouldPassInput_WhenInputHasNoLineTerminator" storage="d:\actions-runner\_work\xpco\xpco\transact\transact\videoos.transact.server.tests\bin\debug\videoos.transact.server.tests.dll" id="909d1fe9-6d09-e0a3-b86e-993c3fb74825">
      <Execution id="2dd47dd3-afbf-4662-8a34-1d9f357786a5" />
      <TestMethod codeBase="D:\actions-runner\_work\XPCO\XPCO\Transact\Transact\VideoOS.Transact.Server.Tests\bin\Debug\VideoOS.Transact.Server.Tests.dll" adapterTypeName="executor://mstestadapter/v1" className="VideoOS.Transact.Server.Tests.Sources.LineTerminatorTransformerTests" name="Transform_ShouldPassInput_WhenInputHasNoLineTerminator" />
    </UnitTest>
    <UnitTest name="SessionGetLines_ShouldThrow_WhenClosed" storage="d:\actions-runner\_work\xpco\xpco\transact\transact\videoos.transact.server.tests\bin\debug\videoos.transact.server.tests.dll" id="e7c24e53-29a7-e6fd-1e0f-8740f39dbe0e">
      <Execution id="eaa7a574-05bc-4678-83c0-c18fdce99cf0" />
      <TestMethod codeBase="D:\actions-runner\_work\XPCO\XPCO\Transact\Transact\VideoOS.Transact.Server.Tests\bin\Debug\VideoOS.Transact.Server.Tests.dll" adapterTypeName="executor://mstestadapter/v1" className="VideoOS.Transact.Server.Tests.Session.LiveSessionHandlerTests" name="SessionGetLines_ShouldThrow_WhenClosed" />
    </UnitTest>
    <UnitTest name="Transform_ShouldCallTerminateLine_WhenInputContainsLineTerminator" storage="d:\actions-runner\_work\xpco\xpco\transact\transact\videoos.transact.server.tests\bin\debug\videoos.transact.server.tests.dll" id="05fc66a3-5dd1-1e56-b519-dbe598b38d33">
      <Execution id="4ad95b2b-4c5b-46b2-880f-253253938a1d" />
      <TestMethod codeBase="D:\actions-runner\_work\XPCO\XPCO\Transact\Transact\VideoOS.Transact.Server.Tests\bin\Debug\VideoOS.Transact.Server.Tests.dll" adapterTypeName="executor://mstestadapter/v1" className="VideoOS.Transact.Server.Tests.Sources.LineTerminatorTransformerTests" name="Transform_ShouldCallTerminateLine_WhenInputContainsLineTerminator" />
    </UnitTest>
    <UnitTest name="Transform_ShouldGenerateNoEvents_WhenLineIsNotTerminated" storage="d:\actions-runner\_work\xpco\xpco\transact\transact\videoos.transact.server.tests\bin\debug\videoos.transact.server.tests.dll" id="22d0fe75-e370-1cbe-c036-77c4eafc190d">
      <Execution id="98a818d6-dd1b-41ec-9aa5-e7483ac0a226" />
      <TestMethod codeBase="D:\actions-runner\_work\XPCO\XPCO\Transact\Transact\VideoOS.Transact.Server.Tests\bin\Debug\VideoOS.Transact.Server.Tests.dll" adapterTypeName="executor://mstestadapter/v1" className="VideoOS.Transact.Server.Tests.Sources.EventTransformerTest" name="Transform_ShouldGenerateNoEvents_WhenLineIsNotTerminated" />
    </UnitTest>
    <UnitTest name="SessionGetLines_ShouldReturnLinesOnSource" storage="d:\actions-runner\_work\xpco\xpco\transact\transact\videoos.transact.server.tests\bin\debug\videoos.transact.server.tests.dll" id="2f97f6d8-f13c-8c3a-27d7-74e857f27964">
      <Execution id="64b21f60-9399-49e0-b2f9-75880dc0f6e5" />
      <TestMethod codeBase="D:\actions-runner\_work\XPCO\XPCO\Transact\Transact\VideoOS.Transact.Server.Tests\bin\Debug\VideoOS.Transact.Server.Tests.dll" adapterTypeName="executor://mstestadapter/v1" className="VideoOS.Transact.Server.Tests.Session.LiveSessionHandlerTests" name="SessionGetLines_ShouldReturnLinesOnSource" />
    </UnitTest>
    <UnitTest name="TakeAvailableAsText_ShouldReturnAllDataAndLatestTimestamp_WhenTwoPiecesOfRawDataAddedWithinTimeGap" storage="d:\actions-runner\_work\xpco\xpco\transact\transact\videoos.transact.server.tests\bin\debug\videoos.transact.server.tests.dll" id="58de8b22-529c-8a15-139e-365841d1d26a">
      <Execution id="4f01470d-c739-4ece-a1d2-ebe07e30dd73" />
      <TestMethod codeBase="D:\actions-runner\_work\XPCO\XPCO\Transact\Transact\VideoOS.Transact.Server.Tests\bin\Debug\VideoOS.Transact.Server.Tests.dll" adapterTypeName="executor://mstestadapter/v1" className="VideoOS.Transact.Server.Tests.Sources.RawDataBufferTest" name="TakeAvailableAsText_ShouldReturnAllDataAndLatestTimestamp_WhenTwoPiecesOfRawDataAddedWithinTimeGap" />
    </UnitTest>
    <UnitTest name="Constructor_ShouldThrowArgumentException_WhenLineTerminatorIsEmpty" storage="d:\actions-runner\_work\xpco\xpco\transact\transact\videoos.transact.server.tests\bin\debug\videoos.transact.server.tests.dll" id="5294ebc6-444c-0263-1f7f-b27bdfbf6356">
      <Execution id="cab8f8bd-8682-43c8-8c77-4d72cbcebe3b" />
      <TestMethod codeBase="D:\actions-runner\_work\XPCO\XPCO\Transact\Transact\VideoOS.Transact.Server.Tests\bin\Debug\VideoOS.Transact.Server.Tests.dll" adapterTypeName="executor://mstestadapter/v1" className="VideoOS.Transact.Server.Tests.Sources.LineTerminatorTransformerTests" name="Constructor_ShouldThrowArgumentException_WhenLineTerminatorIsEmpty" />
    </UnitTest>
    <UnitTest name="TryGetLiveSession_ShouldReturnStartedSession" storage="d:\actions-runner\_work\xpco\xpco\transact\transact\videoos.transact.server.tests\bin\debug\videoos.transact.server.tests.dll" id="e50c205b-16f9-aa91-d6bf-665d8a5e846b">
      <Execution id="59824e00-a0a1-4020-b913-ff0a431a3c0e" />
      <TestMethod codeBase="D:\actions-runner\_work\XPCO\XPCO\Transact\Transact\VideoOS.Transact.Server.Tests\bin\Debug\VideoOS.Transact.Server.Tests.dll" adapterTypeName="executor://mstestadapter/v1" className="VideoOS.Transact.Server.Tests.Session.LiveSessionHandlerTests" name="TryGetLiveSession_ShouldReturnStartedSession" />
    </UnitTest>
    <UnitTest name="Transform_ShouldReplaceAcrossFragmentsAndReturnLatestTimestamp_WhenThereAreMatchesAcrossFragmentsAndLastFragmentLineIsNotTerminated" storage="d:\actions-runner\_work\xpco\xpco\transact\transact\videoos.transact.server.tests\bin\debug\videoos.transact.server.tests.dll" id="4e00747b-a45d-f7a9-a796-8a9227c23416">
      <Execution id="6000f017-1c5f-41e6-a465-57c2a361f8e1" />
      <TestMethod codeBase="D:\actions-runner\_work\XPCO\XPCO\Transact\Transact\VideoOS.Transact.Server.Tests\bin\Debug\VideoOS.Transact.Server.Tests.dll" adapterTypeName="executor://mstestadapter/v1" className="VideoOS.Transact.Server.Tests.Sources.ReplaceTransformerTests" name="Transform_ShouldReplaceAcrossFragmentsAndReturnLatestTimestamp_WhenThereAreMatchesAcrossFragmentsAndLastFragmentLineIsNotTerminated" />
    </UnitTest>
    <UnitTest name="Transform_ShouldGenerateNoEvents_WhenOneRegexRuleDefinedAndInputDoesNotMatch" storage="d:\actions-runner\_work\xpco\xpco\transact\transact\videoos.transact.server.tests\bin\debug\videoos.transact.server.tests.dll" id="daea5307-2563-1b65-9a3e-fbcb4676eecf">
      <Execution id="28efa44f-dfbe-43f5-a13a-c0d0e53b10b7" />
      <TestMethod codeBase="D:\actions-runner\_work\XPCO\XPCO\Transact\Transact\VideoOS.Transact.Server.Tests\bin\Debug\VideoOS.Transact.Server.Tests.dll" adapterTypeName="executor://mstestadapter/v1" className="VideoOS.Transact.Server.Tests.Sources.EventTransformerTest" name="Transform_ShouldGenerateNoEvents_WhenOneRegexRuleDefinedAndInputDoesNotMatch" />
    </UnitTest>
    <UnitTest name="Transform_ShouldGenerateEvent_WhenOneExactMatchRuleDefinedAndInputMatches" storage="d:\actions-runner\_work\xpco\xpco\transact\transact\videoos.transact.server.tests\bin\debug\videoos.transact.server.tests.dll" id="85930f32-0fe9-146d-487a-ff5e1166cffe">
      <Execution id="eb630b2e-4730-444e-aee1-45e5874dbf26" />
      <TestMethod codeBase="D:\actions-runner\_work\XPCO\XPCO\Transact\Transact\VideoOS.Transact.Server.Tests\bin\Debug\VideoOS.Transact.Server.Tests.dll" adapterTypeName="executor://mstestadapter/v1" className="VideoOS.Transact.Server.Tests.Sources.EventTransformerTest" name="Transform_ShouldGenerateEvent_WhenOneExactMatchRuleDefinedAndInputMatches" />
    </UnitTest>
    <UnitTest name="SessionGetLines_ShouldHangUntilLinesAreAvailable" storage="d:\actions-runner\_work\xpco\xpco\transact\transact\videoos.transact.server.tests\bin\debug\videoos.transact.server.tests.dll" id="80fdd500-5454-4e27-d3cb-c70bffe8582f">
      <Execution id="ce0d8372-2212-452f-86f7-df96b53aa5bf" />
      <TestMethod codeBase="D:\actions-runner\_work\XPCO\XPCO\Transact\Transact\VideoOS.Transact.Server.Tests\bin\Debug\VideoOS.Transact.Server.Tests.dll" adapterTypeName="executor://mstestadapter/v1" className="VideoOS.Transact.Server.Tests.Session.LiveSessionHandlerTests" name="SessionGetLines_ShouldHangUntilLinesAreAvailable" />
    </UnitTest>
    <UnitTest name="RemovePartialMatch_ShouldCreateEmptyBuffer_WhenNoPartialMatch" storage="d:\actions-runner\_work\xpco\xpco\transact\transact\videoos.transact.server.tests\bin\debug\videoos.transact.server.tests.dll" id="81494542-cc3d-c83c-5741-9e075c8858f7">
      <Execution id="0a3ea51f-1796-465a-9162-3229f801a716" />
      <TestMethod codeBase="D:\actions-runner\_work\XPCO\XPCO\Transact\Transact\VideoOS.Transact.Server.Tests\bin\Debug\VideoOS.Transact.Server.Tests.dll" adapterTypeName="executor://mstestadapter/v1" className="VideoOS.Transact.Server.Tests.Sources.StringBuilderExtensionsTest" name="RemovePartialMatch_ShouldCreateEmptyBuffer_WhenNoPartialMatch" />
    </UnitTest>
    <UnitTest name="MinimalAcceptedTimestamp_ShouldReturnValueFromStorage_WhenDataHasNotBeenWritten" storage="d:\actions-runner\_work\xpco\xpco\transact\transact\videoos.transact.server.tests\bin\debug\videoos.transact.server.tests.dll" id="32b729fb-68af-fc79-31e7-a2a850967292">
      <Execution id="a3c0914e-446c-41a4-a8e9-f5b1b96ba35e" />
      <TestMethod codeBase="D:\actions-runner\_work\XPCO\XPCO\Transact\Transact\VideoOS.Transact.Server.Tests\bin\Debug\VideoOS.Transact.Server.Tests.dll" adapterTypeName="executor://mstestadapter/v1" className="VideoOS.Transact.Server.Tests.Sources.TransactionSourceTests" name="MinimalAcceptedTimestamp_ShouldReturnValueFromStorage_WhenDataHasNotBeenWritten" />
    </UnitTest>
    <UnitTest name="Transform_ShouldReplaceInputString_WhenThereAreMatches" storage="d:\actions-runner\_work\xpco\xpco\transact\transact\videoos.transact.server.tests\bin\debug\videoos.transact.server.tests.dll" id="94bc7455-6884-b5fb-63b2-bd769fbf6de7">
      <Execution id="e0be1c3d-c094-403c-89d3-88ccc321d511" />
      <TestMethod codeBase="D:\actions-runner\_work\XPCO\XPCO\Transact\Transact\VideoOS.Transact.Server.Tests\bin\Debug\VideoOS.Transact.Server.Tests.dll" adapterTypeName="executor://mstestadapter/v1" className="VideoOS.Transact.Server.Tests.Sources.ReplaceTransformerTests" name="Transform_ShouldReplaceInputString_WhenThereAreMatches" />
    </UnitTest>
    <UnitTest name="GetInterceptedData_ShouldReturnInterceptedData_WhenDataIsBeingInterceptedAndDataHasBeenWritten" storage="d:\actions-runner\_work\xpco\xpco\transact\transact\videoos.transact.server.tests\bin\debug\videoos.transact.server.tests.dll" id="c18df7c7-ab40-9ee9-e9f4-c4f1f4418945">
      <Execution id="1d78009c-5c6a-47d0-8e2f-f991d8ef7d83" />
      <TestMethod codeBase="D:\actions-runner\_work\XPCO\XPCO\Transact\Transact\VideoOS.Transact.Server.Tests\bin\Debug\VideoOS.Transact.Server.Tests.dll" adapterTypeName="executor://mstestadapter/v1" className="VideoOS.Transact.Server.Tests.Sources.TransactionSourceTests" name="GetInterceptedData_ShouldReturnInterceptedData_WhenDataIsBeingInterceptedAndDataHasBeenWritten" />
    </UnitTest>
    <UnitTest name="Constructor_ShouldThrowArgumentNullException_WhenNewValueIsNull" storage="d:\actions-runner\_work\xpco\xpco\transact\transact\videoos.transact.server.tests\bin\debug\videoos.transact.server.tests.dll" id="d5fda41e-5e9e-b07d-1a31-ba273872aa62">
      <Execution id="70312e8f-ea77-40d9-8109-e09917dcfa37" />
      <TestMethod codeBase="D:\actions-runner\_work\XPCO\XPCO\Transact\Transact\VideoOS.Transact.Server.Tests\bin\Debug\VideoOS.Transact.Server.Tests.dll" adapterTypeName="executor://mstestadapter/v1" className="VideoOS.Transact.Server.Tests.Sources.ReplaceTransformerTests" name="Constructor_ShouldThrowArgumentNullException_WhenNewValueIsNull" />
    </UnitTest>
    <UnitTest name="Transform_ShouldCallTerminateLine_WhenTerminateLineIsCalled" storage="d:\actions-runner\_work\xpco\xpco\transact\transact\videoos.transact.server.tests\bin\debug\videoos.transact.server.tests.dll" id="60db660f-dedb-00de-92d9-4659c1a48868">
      <Execution id="10678996-b245-4040-8ff9-3d40a8fe9bf2" />
      <TestMethod codeBase="D:\actions-runner\_work\XPCO\XPCO\Transact\Transact\VideoOS.Transact.Server.Tests\bin\Debug\VideoOS.Transact.Server.Tests.dll" adapterTypeName="executor://mstestadapter/v1" className="VideoOS.Transact.Server.Tests.Sources.ReplaceTransformerTests" name="Transform_ShouldCallTerminateLine_WhenTerminateLineIsCalled" />
    </UnitTest>
    <UnitTest name="GetInterceptedData_ShouldConcatanateInterceptedData_WhenDataIsWrittenMultipleTime" storage="d:\actions-runner\_work\xpco\xpco\transact\transact\videoos.transact.server.tests\bin\debug\videoos.transact.server.tests.dll" id="f7d5bcd1-2aa5-4eb0-2144-8e600f57c50e">
      <Execution id="96734215-a408-456c-8794-c2ec4a8d95eb" />
      <TestMethod codeBase="D:\actions-runner\_work\XPCO\XPCO\Transact\Transact\VideoOS.Transact.Server.Tests\bin\Debug\VideoOS.Transact.Server.Tests.dll" adapterTypeName="executor://mstestadapter/v1" className="VideoOS.Transact.Server.Tests.Sources.TransactionSourceTests" name="GetInterceptedData_ShouldConcatanateInterceptedData_WhenDataIsWrittenMultipleTime" />
    </UnitTest>
    <UnitTest name="Transform_ShouldKeepLastCharactersWhenPotentialMatchAcrossFragments_WhenLineIsNotTerminated" storage="d:\actions-runner\_work\xpco\xpco\transact\transact\videoos.transact.server.tests\bin\debug\videoos.transact.server.tests.dll" id="642e8293-c97a-16ba-76c0-ecc345738412">
      <Execution id="da4bd942-0e1e-40ac-87a3-23f55502dac6" />
      <TestMethod codeBase="D:\actions-runner\_work\XPCO\XPCO\Transact\Transact\VideoOS.Transact.Server.Tests\bin\Debug\VideoOS.Transact.Server.Tests.dll" adapterTypeName="executor://mstestadapter/v1" className="VideoOS.Transact.Server.Tests.Sources.ReplaceTransformerTests" name="Transform_ShouldKeepLastCharactersWhenPotentialMatchAcrossFragments_WhenLineIsNotTerminated" />
    </UnitTest>
    <UnitTest name="Transform_ShouldStopExistingTransactionAndStartAndStopNextTransactionAndWriteALine_WhenLineContainsBothStartAndStopAndTransactionAlreadyStarted" storage="d:\actions-runner\_work\xpco\xpco\transact\transact\videoos.transact.server.tests\bin\debug\videoos.transact.server.tests.dll" id="3238b50e-2d35-7cb8-024f-404c01dd1a08">
      <Execution id="51d094f8-27a9-4f4c-be66-a3ac5d974612" />
      <TestMethod codeBase="D:\actions-runner\_work\XPCO\XPCO\Transact\Transact\VideoOS.Transact.Server.Tests\bin\Debug\VideoOS.Transact.Server.Tests.dll" adapterTypeName="executor://mstestadapter/v1" className="VideoOS.Transact.Server.Tests.Sources.PersistenceTransformerTests" name="Transform_ShouldStopExistingTransactionAndStartAndStopNextTransactionAndWriteALine_WhenLineContainsBothStartAndStopAndTransactionAlreadyStarted" />
    </UnitTest>
    <UnitTest name="SessionGetLines_ShouldCompleteFirstTask_IfConcurrentCallsAreMade" storage="d:\actions-runner\_work\xpco\xpco\transact\transact\videoos.transact.server.tests\bin\debug\videoos.transact.server.tests.dll" id="14a84fce-dbcc-cfe9-d2c2-26774cfe944f">
      <Execution id="8766c5ca-a730-4dae-b1b4-f1504254be70" />
      <TestMethod codeBase="D:\actions-runner\_work\XPCO\XPCO\Transact\Transact\VideoOS.Transact.Server.Tests\bin\Debug\VideoOS.Transact.Server.Tests.dll" adapterTypeName="executor://mstestadapter/v1" className="VideoOS.Transact.Server.Tests.Session.LiveSessionHandlerTests" name="SessionGetLines_ShouldCompleteFirstTask_IfConcurrentCallsAreMade" />
    </UnitTest>
    <UnitTest name="StartInterception_ShouldReturnFalse_WhenDataIsBeingIntercepted" storage="d:\actions-runner\_work\xpco\xpco\transact\transact\videoos.transact.server.tests\bin\debug\videoos.transact.server.tests.dll" id="43c74d81-9ac5-3f35-b163-da57a752dbe0">
      <Execution id="f0cd7dbe-81c6-4511-9140-b5d11063cba0" />
      <TestMethod codeBase="D:\actions-runner\_work\XPCO\XPCO\Transact\Transact\VideoOS.Transact.Server.Tests\bin\Debug\VideoOS.Transact.Server.Tests.dll" adapterTypeName="executor://mstestadapter/v1" className="VideoOS.Transact.Server.Tests.Sources.TransactionSourceTests" name="StartInterception_ShouldReturnFalse_WhenDataIsBeingIntercepted" />
    </UnitTest>
    <UnitTest name="WriteData_ShouldThrowArgumentException_IfTimestampIsEarlierThanAcceptedByStorage" storage="d:\actions-runner\_work\xpco\xpco\transact\transact\videoos.transact.server.tests\bin\debug\videoos.transact.server.tests.dll" id="d8628026-b8f5-fe11-e190-294ed2a1ff6b">
      <Execution id="fb50d76b-1431-4235-a87a-f23ba3d321c0" />
      <TestMethod codeBase="D:\actions-runner\_work\XPCO\XPCO\Transact\Transact\VideoOS.Transact.Server.Tests\bin\Debug\VideoOS.Transact.Server.Tests.dll" adapterTypeName="executor://mstestadapter/v1" className="VideoOS.Transact.Server.Tests.Sources.TransactionSourceTests" name="WriteData_ShouldThrowArgumentException_IfTimestampIsEarlierThanAcceptedByStorage" />
    </UnitTest>
    <UnitTest name="WriteData_ShouldThrowArgumentException_IfTimestampIsNotUtc" storage="d:\actions-runner\_work\xpco\xpco\transact\transact\videoos.transact.server.tests\bin\debug\videoos.transact.server.tests.dll" id="ea5f45ed-e04e-b1a5-8ecd-26984f1beb91">
      <Execution id="b59e306a-b7a3-4619-a575-7e45fbb82ba2" />
      <TestMethod codeBase="D:\actions-runner\_work\XPCO\XPCO\Transact\Transact\VideoOS.Transact.Server.Tests\bin\Debug\VideoOS.Transact.Server.Tests.dll" adapterTypeName="executor://mstestadapter/v1" className="VideoOS.Transact.Server.Tests.Sources.TransactionSourceTests" name="WriteData_ShouldThrowArgumentException_IfTimestampIsNotUtc" />
    </UnitTest>
    <UnitTest name="GetInterceptedData_ShouldClearInterceptedData_WhenDataHasBeenRead" storage="d:\actions-runner\_work\xpco\xpco\transact\transact\videoos.transact.server.tests\bin\debug\videoos.transact.server.tests.dll" id="f22349db-c383-c558-964c-614d0e948c2d">
      <Execution id="a6d58a91-fa16-47e3-96a3-d3d0c9b55680" />
      <TestMethod codeBase="D:\actions-runner\_work\XPCO\XPCO\Transact\Transact\VideoOS.Transact.Server.Tests\bin\Debug\VideoOS.Transact.Server.Tests.dll" adapterTypeName="executor://mstestadapter/v1" className="VideoOS.Transact.Server.Tests.Sources.TransactionSourceTests" name="GetInterceptedData_ShouldClearInterceptedData_WhenDataHasBeenRead" />
    </UnitTest>
    <UnitTest name="Transform_ShouldGenerateNoEvents_WhenOneExactMatchRuleDefinedAndInputDoesNotMatch" storage="d:\actions-runner\_work\xpco\xpco\transact\transact\videoos.transact.server.tests\bin\debug\videoos.transact.server.tests.dll" id="dacc9d25-f6fb-c880-00e9-f3eb43dc75d8">
      <Execution id="77d1e4d8-6e98-4828-9606-30e2afc20e3c" />
      <TestMethod codeBase="D:\actions-runner\_work\XPCO\XPCO\Transact\Transact\VideoOS.Transact.Server.Tests\bin\Debug\VideoOS.Transact.Server.Tests.dll" adapterTypeName="executor://mstestadapter/v1" className="VideoOS.Transact.Server.Tests.Sources.EventTransformerTest" name="Transform_ShouldGenerateNoEvents_WhenOneExactMatchRuleDefinedAndInputDoesNotMatch" />
    </UnitTest>
    <UnitTest name="Transform_ShouldGenerateOneEvent_WhenOneExactMatchRuleAndOneRegexRuleDefinedAndInputMatchesExactMatchRule" storage="d:\actions-runner\_work\xpco\xpco\transact\transact\videoos.transact.server.tests\bin\debug\videoos.transact.server.tests.dll" id="cf13da9b-93ab-b877-a93e-f00f897aa33c">
      <Execution id="5c215212-7cef-4f03-ab8c-af1719e7baed" />
      <TestMethod codeBase="D:\actions-runner\_work\XPCO\XPCO\Transact\Transact\VideoOS.Transact.Server.Tests\bin\Debug\VideoOS.Transact.Server.Tests.dll" adapterTypeName="executor://mstestadapter/v1" className="VideoOS.Transact.Server.Tests.Sources.EventTransformerTest" name="Transform_ShouldGenerateOneEvent_WhenOneExactMatchRuleAndOneRegexRuleDefinedAndInputMatchesExactMatchRule" />
    </UnitTest>
    <UnitTest name="Transform_ShouldCompletelyProcessInputAndNotKeepPotentialMatches_WhenLineIsTerminated" storage="d:\actions-runner\_work\xpco\xpco\transact\transact\videoos.transact.server.tests\bin\debug\videoos.transact.server.tests.dll" id="9969c3f1-076b-56ef-55a9-286f899020a7">
      <Execution id="1e5db382-f4d9-49ac-aa01-395b0250b579" />
      <TestMethod codeBase="D:\actions-runner\_work\XPCO\XPCO\Transact\Transact\VideoOS.Transact.Server.Tests\bin\Debug\VideoOS.Transact.Server.Tests.dll" adapterTypeName="executor://mstestadapter/v1" className="VideoOS.Transact.Server.Tests.Sources.ReplaceTransformerTests" name="Transform_ShouldCompletelyProcessInputAndNotKeepPotentialMatches_WhenLineIsTerminated" />
    </UnitTest>
    <UnitTest name="Transform_ShouldGenerateEvent_WhenOneRegexRuleDefinedAndInputMatches" storage="d:\actions-runner\_work\xpco\xpco\transact\transact\videoos.transact.server.tests\bin\debug\videoos.transact.server.tests.dll" id="b3a30128-50bf-9454-7123-47261e587fa1">
      <Execution id="6b5be6c0-1443-4954-91d3-ddee1f356bcb" />
      <TestMethod codeBase="D:\actions-runner\_work\XPCO\XPCO\Transact\Transact\VideoOS.Transact.Server.Tests\bin\Debug\VideoOS.Transact.Server.Tests.dll" adapterTypeName="executor://mstestadapter/v1" className="VideoOS.Transact.Server.Tests.Sources.EventTransformerTest" name="Transform_ShouldGenerateEvent_WhenOneRegexRuleDefinedAndInputMatches" />
    </UnitTest>
    <UnitTest name="Transform_ShouldGenerateEvent_WhenOneWildcardRuleDefinedAndInputMatches" storage="d:\actions-runner\_work\xpco\xpco\transact\transact\videoos.transact.server.tests\bin\debug\videoos.transact.server.tests.dll" id="72e7ef80-de32-4641-85c5-2228d7c93066">
      <Execution id="9c657ad4-d2dd-42d3-9b4d-2e7842944943" />
      <TestMethod codeBase="D:\actions-runner\_work\XPCO\XPCO\Transact\Transact\VideoOS.Transact.Server.Tests\bin\Debug\VideoOS.Transact.Server.Tests.dll" adapterTypeName="executor://mstestadapter/v1" className="VideoOS.Transact.Server.Tests.Sources.EventTransformerTest" name="Transform_ShouldGenerateEvent_WhenOneWildcardRuleDefinedAndInputMatches" />
    </UnitTest>
    <UnitTest name="SessionShouldBeRemoved_WhenSessionClosed" storage="d:\actions-runner\_work\xpco\xpco\transact\transact\videoos.transact.server.tests\bin\debug\videoos.transact.server.tests.dll" id="ca387e96-f9eb-ec6e-d49c-e5de5957bb87">
      <Execution id="bacc8bf2-1933-4594-9ce7-e1cda8a2db54" />
      <TestMethod codeBase="D:\actions-runner\_work\XPCO\XPCO\Transact\Transact\VideoOS.Transact.Server.Tests\bin\Debug\VideoOS.Transact.Server.Tests.dll" adapterTypeName="executor://mstestadapter/v1" className="VideoOS.Transact.Server.Tests.Session.LiveSessionHandlerTests" name="SessionShouldBeRemoved_WhenSessionClosed" />
    </UnitTest>
    <UnitTest name="TakeAvailableAsText_ShouldReturnDataWithLatestTimestampsInTwoCalls_WhenThreePiecesOfRawDataAddedAndLastHasBoundaryTimeGap" storage="d:\actions-runner\_work\xpco\xpco\transact\transact\videoos.transact.server.tests\bin\debug\videoos.transact.server.tests.dll" id="054a6585-6c57-7f00-4c7a-27f0a2f41908">
      <Execution id="82b00235-972e-42e0-9988-5a07028d11a5" />
      <TestMethod codeBase="D:\actions-runner\_work\XPCO\XPCO\Transact\Transact\VideoOS.Transact.Server.Tests\bin\Debug\VideoOS.Transact.Server.Tests.dll" adapterTypeName="executor://mstestadapter/v1" className="VideoOS.Transact.Server.Tests.Sources.RawDataBufferTest" name="TakeAvailableAsText_ShouldReturnDataWithLatestTimestampsInTwoCalls_WhenThreePiecesOfRawDataAddedAndLastHasBoundaryTimeGap" />
    </UnitTest>
    <UnitTest name="RemovePartialMatch_ShouldCreateBufferWithOneCharacter_WhenPartialMatchIsOneCharacter" storage="d:\actions-runner\_work\xpco\xpco\transact\transact\videoos.transact.server.tests\bin\debug\videoos.transact.server.tests.dll" id="228a2088-d4ae-d605-240f-ddf50040e1c9">
      <Execution id="8573a93d-352d-4b81-a291-762fe4cfa380" />
      <TestMethod codeBase="D:\actions-runner\_work\XPCO\XPCO\Transact\Transact\VideoOS.Transact.Server.Tests\bin\Debug\VideoOS.Transact.Server.Tests.dll" adapterTypeName="executor://mstestadapter/v1" className="VideoOS.Transact.Server.Tests.Sources.StringBuilderExtensionsTest" name="RemovePartialMatch_ShouldCreateBufferWithOneCharacter_WhenPartialMatchIsOneCharacter" />
    </UnitTest>
    <UnitTest name="Transform_ShouldNeverBufferMoreCharactersThanPatternLengthAndReturnLatestTimestamp_WhenLineIsNotTerminated" storage="d:\actions-runner\_work\xpco\xpco\transact\transact\videoos.transact.server.tests\bin\debug\videoos.transact.server.tests.dll" id="c74e642b-dcf1-c985-bb9f-0ba50c299c24">
      <Execution id="7e86b43a-8c52-4be3-8afc-252a2a925774" />
      <TestMethod codeBase="D:\actions-runner\_work\XPCO\XPCO\Transact\Transact\VideoOS.Transact.Server.Tests\bin\Debug\VideoOS.Transact.Server.Tests.dll" adapterTypeName="executor://mstestadapter/v1" className="VideoOS.Transact.Server.Tests.Sources.ReplaceTransformerTests" name="Transform_ShouldNeverBufferMoreCharactersThanPatternLengthAndReturnLatestTimestamp_WhenLineIsNotTerminated" />
    </UnitTest>
    <UnitTest name="RemovePartialMatch_ShouldCreateBufferWithTwoCharacters_WhenPartialMatchIsTwoCharacters" storage="d:\actions-runner\_work\xpco\xpco\transact\transact\videoos.transact.server.tests\bin\debug\videoos.transact.server.tests.dll" id="c11acfa3-2997-0877-812a-f1a3f7dedeb9">
      <Execution id="58704f96-9dde-487d-aadc-8c3385725226" />
      <TestMethod codeBase="D:\actions-runner\_work\XPCO\XPCO\Transact\Transact\VideoOS.Transact.Server.Tests\bin\Debug\VideoOS.Transact.Server.Tests.dll" adapterTypeName="executor://mstestadapter/v1" className="VideoOS.Transact.Server.Tests.Sources.StringBuilderExtensionsTest" name="RemovePartialMatch_ShouldCreateBufferWithTwoCharacters_WhenPartialMatchIsTwoCharacters" />
    </UnitTest>
    <UnitTest name="Transform_ShouldReplaceOverManyFragmentsCharacterAndReturnLatestTimestamp_WhenLineIsNotTerminated" storage="d:\actions-runner\_work\xpco\xpco\transact\transact\videoos.transact.server.tests\bin\debug\videoos.transact.server.tests.dll" id="2f0c2e7f-642b-1626-96fb-b0c1224bd4d6">
      <Execution id="6c07d876-82f7-4cbd-8a84-68fb25e21e66" />
      <TestMethod codeBase="D:\actions-runner\_work\XPCO\XPCO\Transact\Transact\VideoOS.Transact.Server.Tests\bin\Debug\VideoOS.Transact.Server.Tests.dll" adapterTypeName="executor://mstestadapter/v1" className="VideoOS.Transact.Server.Tests.Sources.ReplaceTransformerTests" name="Transform_ShouldReplaceOverManyFragmentsCharacterAndReturnLatestTimestamp_WhenLineIsNotTerminated" />
    </UnitTest>
    <UnitTest name="Transform_ShouldReplaceAcrossFragmentsAndReturnLatestTimestamp_WhenThereAreMatchesAcrossFregments" storage="d:\actions-runner\_work\xpco\xpco\transact\transact\videoos.transact.server.tests\bin\debug\videoos.transact.server.tests.dll" id="6ff82bed-2128-d7c7-097e-b3211c20990e">
      <Execution id="77bccde6-8fe1-4601-a196-50a268093d30" />
      <TestMethod codeBase="D:\actions-runner\_work\XPCO\XPCO\Transact\Transact\VideoOS.Transact.Server.Tests\bin\Debug\VideoOS.Transact.Server.Tests.dll" adapterTypeName="executor://mstestadapter/v1" className="VideoOS.Transact.Server.Tests.Sources.ReplaceTransformerTests" name="Transform_ShouldReplaceAcrossFragmentsAndReturnLatestTimestamp_WhenThereAreMatchesAcrossFregments" />
    </UnitTest>
    <UnitTest name="TakeAvailableAsText_ShouldReturnEarly_WhenCancelletionIsRequested" storage="d:\actions-runner\_work\xpco\xpco\transact\transact\videoos.transact.server.tests\bin\debug\videoos.transact.server.tests.dll" id="58d9e156-141d-14ae-f2dc-f99b28248716">
      <Execution id="ba93a355-7a2d-48ab-90dc-b03457d30886" />
      <TestMethod codeBase="D:\actions-runner\_work\XPCO\XPCO\Transact\Transact\VideoOS.Transact.Server.Tests\bin\Debug\VideoOS.Transact.Server.Tests.dll" adapterTypeName="executor://mstestadapter/v1" className="VideoOS.Transact.Server.Tests.Sources.RawDataBufferTest" name="TakeAvailableAsText_ShouldReturnEarly_WhenCancelletionIsRequested" />
    </UnitTest>
    <UnitTest name="WriteData_ShouldThrowArgumentException_IfTimestampsAreDecreasing" storage="d:\actions-runner\_work\xpco\xpco\transact\transact\videoos.transact.server.tests\bin\debug\videoos.transact.server.tests.dll" id="8254a2bb-7951-b00c-5017-d70b5a07517a">
      <Execution id="968fa4ef-7f84-418c-8bb7-7cbee986e959" />
      <TestMethod codeBase="D:\actions-runner\_work\XPCO\XPCO\Transact\Transact\VideoOS.Transact.Server.Tests\bin\Debug\VideoOS.Transact.Server.Tests.dll" adapterTypeName="executor://mstestadapter/v1" className="VideoOS.Transact.Server.Tests.Sources.TransactionSourceTests" name="WriteData_ShouldThrowArgumentException_IfTimestampsAreDecreasing" />
    </UnitTest>
    <UnitTest name="Transform_ShouldOutputEmptyFragment_WhenFragementHasNoCharactersButLineTerminator" storage="d:\actions-runner\_work\xpco\xpco\transact\transact\videoos.transact.server.tests\bin\debug\videoos.transact.server.tests.dll" id="0593a5af-3ee1-1a46-0846-71d1bf830ba0">
      <Execution id="4f96ad9c-a7c9-4f06-97db-1ee91a283134" />
      <TestMethod codeBase="D:\actions-runner\_work\XPCO\XPCO\Transact\Transact\VideoOS.Transact.Server.Tests\bin\Debug\VideoOS.Transact.Server.Tests.dll" adapterTypeName="executor://mstestadapter/v1" className="VideoOS.Transact.Server.Tests.Sources.LineTerminatorTransformerTests" name="Transform_ShouldOutputEmptyFragment_WhenFragementHasNoCharactersButLineTerminator" />
    </UnitTest>
    <UnitTest name="Constructor_ShouldThrowArgumentNullException_WhenOldValueIsNull" storage="d:\actions-runner\_work\xpco\xpco\transact\transact\videoos.transact.server.tests\bin\debug\videoos.transact.server.tests.dll" id="cc228297-5a70-935b-0d39-ea49f784d436">
      <Execution id="f7c3f720-b639-47bd-acb9-fd06d754191e" />
      <TestMethod codeBase="D:\actions-runner\_work\XPCO\XPCO\Transact\Transact\VideoOS.Transact.Server.Tests\bin\Debug\VideoOS.Transact.Server.Tests.dll" adapterTypeName="executor://mstestadapter/v1" className="VideoOS.Transact.Server.Tests.Sources.ReplaceTransformerTests" name="Constructor_ShouldThrowArgumentNullException_WhenOldValueIsNull" />
    </UnitTest>
    <UnitTest name="StartInterception_ShouldReturnTrue_WhenDataIsNotBeingIntercepted" storage="d:\actions-runner\_work\xpco\xpco\transact\transact\videoos.transact.server.tests\bin\debug\videoos.transact.server.tests.dll" id="c4aaeb45-fc9b-f429-2242-9447175aae74">
      <Execution id="9ca21c99-32bd-4f31-8a5c-a851a82ad1ca" />
      <TestMethod codeBase="D:\actions-runner\_work\XPCO\XPCO\Transact\Transact\VideoOS.Transact.Server.Tests\bin\Debug\VideoOS.Transact.Server.Tests.dll" adapterTypeName="executor://mstestadapter/v1" className="VideoOS.Transact.Server.Tests.Sources.TransactionSourceTests" name="StartInterception_ShouldReturnTrue_WhenDataIsNotBeingIntercepted" />
    </UnitTest>
    <UnitTest name="GetInterceptedData_ShouldReturnNull_WhenDataIsNotBeingIntercepted" storage="d:\actions-runner\_work\xpco\xpco\transact\transact\videoos.transact.server.tests\bin\debug\videoos.transact.server.tests.dll" id="5b09f83f-ec01-494a-3516-52b14d97ee80">
      <Execution id="4e0dddd0-61b8-4b09-a2a2-af23c751cb42" />
      <TestMethod codeBase="D:\actions-runner\_work\XPCO\XPCO\Transact\Transact\VideoOS.Transact.Server.Tests\bin\Debug\VideoOS.Transact.Server.Tests.dll" adapterTypeName="executor://mstestadapter/v1" className="VideoOS.Transact.Server.Tests.Sources.TransactionSourceTests" name="GetInterceptedData_ShouldReturnNull_WhenDataIsNotBeingIntercepted" />
    </UnitTest>
    <UnitTest name="SessionGetLines_ShouldReturnEmpty_WhenTimedout" storage="d:\actions-runner\_work\xpco\xpco\transact\transact\videoos.transact.server.tests\bin\debug\videoos.transact.server.tests.dll" id="9c9ba8ae-f395-fa0d-c168-ae26e7d3daf5">
      <Execution id="edb1a654-3975-4728-97fc-3ad3e3c21fef" />
      <TestMethod codeBase="D:\actions-runner\_work\XPCO\XPCO\Transact\Transact\VideoOS.Transact.Server.Tests\bin\Debug\VideoOS.Transact.Server.Tests.dll" adapterTypeName="executor://mstestadapter/v1" className="VideoOS.Transact.Server.Tests.Session.LiveSessionHandlerTests" name="SessionGetLines_ShouldReturnEmpty_WhenTimedout" />
    </UnitTest>
    <UnitTest name="TakeAvailableAsText_ShouldReturnDataWithDifferentTimestampsInTwoCalls_WhenTwoPiecesOfRawDataAddedWithGreaterTimeGap" storage="d:\actions-runner\_work\xpco\xpco\transact\transact\videoos.transact.server.tests\bin\debug\videoos.transact.server.tests.dll" id="bfb58406-1059-2587-a22a-e82069a12c40">
      <Execution id="ef561e59-f15e-4816-a109-9969fab09f2c" />
      <TestMethod codeBase="D:\actions-runner\_work\XPCO\XPCO\Transact\Transact\VideoOS.Transact.Server.Tests\bin\Debug\VideoOS.Transact.Server.Tests.dll" adapterTypeName="executor://mstestadapter/v1" className="VideoOS.Transact.Server.Tests.Sources.RawDataBufferTest" name="TakeAvailableAsText_ShouldReturnDataWithDifferentTimestampsInTwoCalls_WhenTwoPiecesOfRawDataAddedWithGreaterTimeGap" />
    </UnitTest>
    <UnitTest name="Transform_ShouldStartAndStopTransactionAndWriteALine_WhenLineContainsBothStartAndStopAndTransactionNotStarted" storage="d:\actions-runner\_work\xpco\xpco\transact\transact\videoos.transact.server.tests\bin\debug\videoos.transact.server.tests.dll" id="ecb60056-9a44-222b-a041-c08bb110af82">
      <Execution id="32b57303-bdb8-4d48-92b2-ddf8b7d59403" />
      <TestMethod codeBase="D:\actions-runner\_work\XPCO\XPCO\Transact\Transact\VideoOS.Transact.Server.Tests\bin\Debug\VideoOS.Transact.Server.Tests.dll" adapterTypeName="executor://mstestadapter/v1" className="VideoOS.Transact.Server.Tests.Sources.PersistenceTransformerTests" name="Transform_ShouldStartAndStopTransactionAndWriteALine_WhenLineContainsBothStartAndStopAndTransactionNotStarted" />
    </UnitTest>
    <UnitTest name="SessionGetLines_ShouldReturnEmpty_WhenClosed" storage="d:\actions-runner\_work\xpco\xpco\transact\transact\videoos.transact.server.tests\bin\debug\videoos.transact.server.tests.dll" id="33e20544-301f-3339-5942-67c00f908220">
      <Execution id="e18555d6-e6ee-44ee-8044-5452e8b7fa59" />
      <TestMethod codeBase="D:\actions-runner\_work\XPCO\XPCO\Transact\Transact\VideoOS.Transact.Server.Tests\bin\Debug\VideoOS.Transact.Server.Tests.dll" adapterTypeName="executor://mstestadapter/v1" className="VideoOS.Transact.Server.Tests.Session.LiveSessionHandlerTests" name="SessionGetLines_ShouldReturnEmpty_WhenClosed" />
    </UnitTest>
    <UnitTest name="Transform_ShouldNotCallNextProcessingStep_WhenInputIsConsumedCompletely" storage="d:\actions-runner\_work\xpco\xpco\transact\transact\videoos.transact.server.tests\bin\debug\videoos.transact.server.tests.dll" id="3a647f49-e084-0825-4c53-69bd1aba4a10">
      <Execution id="e192fa1b-c9cb-4e1a-b7c7-9cce2f51904a" />
      <TestMethod codeBase="D:\actions-runner\_work\XPCO\XPCO\Transact\Transact\VideoOS.Transact.Server.Tests\bin\Debug\VideoOS.Transact.Server.Tests.dll" adapterTypeName="executor://mstestadapter/v1" className="VideoOS.Transact.Server.Tests.Sources.ReplaceTransformerTests" name="Transform_ShouldNotCallNextProcessingStep_WhenInputIsConsumedCompletely" />
    </UnitTest>
    <UnitTest name="WriteData_ShouldAcceptData_IfTimestampIsLaterThanAcceptedByStorage" storage="d:\actions-runner\_work\xpco\xpco\transact\transact\videoos.transact.server.tests\bin\debug\videoos.transact.server.tests.dll" id="51502d20-0c1f-d343-0f9a-7489de333b1b">
      <Execution id="2a66c278-f53a-4fbe-980b-5b13a24e1d5e" />
      <TestMethod codeBase="D:\actions-runner\_work\XPCO\XPCO\Transact\Transact\VideoOS.Transact.Server.Tests\bin\Debug\VideoOS.Transact.Server.Tests.dll" adapterTypeName="executor://mstestadapter/v1" className="VideoOS.Transact.Server.Tests.Sources.TransactionSourceTests" name="WriteData_ShouldAcceptData_IfTimestampIsLaterThanAcceptedByStorage" />
    </UnitTest>
  </TestDefinitions>
  <TestEntries>
    <TestEntry testId="5294ebc6-444c-0263-1f7f-b27bdfbf6356" executionId="cab8f8bd-8682-43c8-8c77-4d72cbcebe3b" testListId="8c84fa94-04c1-424b-9868-57a2d4851a1d" />
    <TestEntry testId="d945746d-16e5-bedd-636f-70d4b425a50c" executionId="791c331b-7d96-45eb-af37-4c421634628c" testListId="8c84fa94-04c1-424b-9868-57a2d4851a1d" />
    <TestEntry testId="f8683395-40ab-cede-a6f4-5fcc49fea731" executionId="730c3295-dca9-496a-a639-db0b4c01c704" testListId="8c84fa94-04c1-424b-9868-57a2d4851a1d" />
    <TestEntry testId="b53914e0-aa94-3ea8-0ec8-6c4fb08dd151" executionId="ab2c9437-10a1-464a-ba32-0afd3386a3b4" testListId="8c84fa94-04c1-424b-9868-57a2d4851a1d" />
    <TestEntry testId="80fdd500-5454-4e27-d3cb-c70bffe8582f" executionId="ce0d8372-2212-452f-86f7-df96b53aa5bf" testListId="8c84fa94-04c1-424b-9868-57a2d4851a1d" />
    <TestEntry testId="05fc66a3-5dd1-1e56-b519-dbe598b38d33" executionId="4ad95b2b-4c5b-46b2-880f-253253938a1d" testListId="8c84fa94-04c1-424b-9868-57a2d4851a1d" />
    <TestEntry testId="c74e642b-dcf1-c985-bb9f-0ba50c299c24" executionId="7e86b43a-8c52-4be3-8afc-252a2a925774" testListId="8c84fa94-04c1-424b-9868-57a2d4851a1d" />
    <TestEntry testId="d8628026-b8f5-fe11-e190-294ed2a1ff6b" executionId="fb50d76b-1431-4235-a87a-f23ba3d321c0" testListId="8c84fa94-04c1-424b-9868-57a2d4851a1d" />
    <TestEntry testId="2cbbbdf9-605c-3e8d-5f56-ca62e8614ca0" executionId="02186b0a-6330-496a-a7e9-3284e4680160" testListId="8c84fa94-04c1-424b-9868-57a2d4851a1d" />
    <TestEntry testId="cc228297-5a70-935b-0d39-ea49f784d436" executionId="f7c3f720-b639-47bd-acb9-fd06d754191e" testListId="8c84fa94-04c1-424b-9868-57a2d4851a1d" />
    <TestEntry testId="dacc9d25-f6fb-c880-00e9-f3eb43dc75d8" executionId="77d1e4d8-6e98-4828-9606-30e2afc20e3c" testListId="8c84fa94-04c1-424b-9868-57a2d4851a1d" />
    <TestEntry testId="cf13da9b-93ab-b877-a93e-f00f897aa33c" executionId="5c215212-7cef-4f03-ab8c-af1719e7baed" testListId="8c84fa94-04c1-424b-9868-57a2d4851a1d" />
    <TestEntry testId="81494542-cc3d-c83c-5741-9e075c8858f7" executionId="0a3ea51f-1796-465a-9162-3229f801a716" testListId="8c84fa94-04c1-424b-9868-57a2d4851a1d" />
    <TestEntry testId="ea5f45ed-e04e-b1a5-8ecd-26984f1beb91" executionId="b59e306a-b7a3-4619-a575-7e45fbb82ba2" testListId="8c84fa94-04c1-424b-9868-57a2d4851a1d" />
    <TestEntry testId="58de8b22-529c-8a15-139e-365841d1d26a" executionId="4f01470d-c739-4ece-a1d2-ebe07e30dd73" testListId="8c84fa94-04c1-424b-9868-57a2d4851a1d" />
    <TestEntry testId="e50c205b-16f9-aa91-d6bf-665d8a5e846b" executionId="59824e00-a0a1-4020-b913-ff0a431a3c0e" testListId="8c84fa94-04c1-424b-9868-57a2d4851a1d" />
    <TestEntry testId="10815712-4e5a-582f-d075-bcf1d237d83f" executionId="1dc06e15-88e2-483c-88ce-ee8bdb507765" testListId="8c84fa94-04c1-424b-9868-57a2d4851a1d" />
    <TestEntry testId="49c7df0f-7fe3-aa2c-7f86-9690e56df752" executionId="b3799ae2-9dab-418a-abf7-df9f285d97e8" testListId="8c84fa94-04c1-424b-9868-57a2d4851a1d" />
    <TestEntry testId="9b3ebac1-5acc-a7c9-3f5b-72b7c91041d0" executionId="7a053e05-604b-4b1a-9b6e-bdeefa7144f6" testListId="8c84fa94-04c1-424b-9868-57a2d4851a1d" />
    <TestEntry testId="4e00747b-a45d-f7a9-a796-8a9227c23416" executionId="6000f017-1c5f-41e6-a465-57c2a361f8e1" testListId="8c84fa94-04c1-424b-9868-57a2d4851a1d" />
    <TestEntry testId="8254a2bb-7951-b00c-5017-d70b5a07517a" executionId="968fa4ef-7f84-418c-8bb7-7cbee986e959" testListId="8c84fa94-04c1-424b-9868-57a2d4851a1d" />
    <TestEntry testId="db6ed369-4c0f-6f53-363c-132771c04dc7" executionId="cf2c865b-0148-4318-a40f-733e1a50a439" testListId="8c84fa94-04c1-424b-9868-57a2d4851a1d" />
    <TestEntry testId="f22349db-c383-c558-964c-614d0e948c2d" executionId="a6d58a91-fa16-47e3-96a3-d3d0c9b55680" testListId="8c84fa94-04c1-424b-9868-57a2d4851a1d" />
    <TestEntry testId="f7d5bcd1-2aa5-4eb0-2144-8e600f57c50e" executionId="96734215-a408-456c-8794-c2ec4a8d95eb" testListId="8c84fa94-04c1-424b-9868-57a2d4851a1d" />
    <TestEntry testId="eb2c50c7-1b7a-4904-79a5-09a5fd0ec1ba" executionId="a496868d-9f5c-4900-b3e4-1763a6db550f" testListId="8c84fa94-04c1-424b-9868-57a2d4851a1d" />
    <TestEntry testId="642e8293-c97a-16ba-76c0-ecc345738412" executionId="da4bd942-0e1e-40ac-87a3-23f55502dac6" testListId="8c84fa94-04c1-424b-9868-57a2d4851a1d" />
    <TestEntry testId="b080b689-0485-3441-2d53-ec8da2c5f783" executionId="89aa50d4-572b-4619-8693-d228f8d7e72c" testListId="8c84fa94-04c1-424b-9868-57a2d4851a1d" />
    <TestEntry testId="72e7ef80-de32-4641-85c5-2228d7c93066" executionId="9c657ad4-d2dd-42d3-9b4d-2e7842944943" testListId="8c84fa94-04c1-424b-9868-57a2d4851a1d" />
    <TestEntry testId="5b09f83f-ec01-494a-3516-52b14d97ee80" executionId="4e0dddd0-61b8-4b09-a2a2-af23c751cb42" testListId="8c84fa94-04c1-424b-9868-57a2d4851a1d" />
    <TestEntry testId="d4a4352c-822b-1bd5-0602-4c17c3dae18f" executionId="a92177e7-0542-4dd6-82f6-42ddcd1b44d4" testListId="8c84fa94-04c1-424b-9868-57a2d4851a1d" />
    <TestEntry testId="5b78de17-fb0a-c559-53bb-3d4e58a8b4b7" executionId="ee56f553-200e-4542-a195-daf28cb76f43" testListId="8c84fa94-04c1-424b-9868-57a2d4851a1d" />
    <TestEntry testId="228a2088-d4ae-d605-240f-ddf50040e1c9" executionId="8573a93d-352d-4b81-a291-762fe4cfa380" testListId="8c84fa94-04c1-424b-9868-57a2d4851a1d" />
    <TestEntry testId="2f97f6d8-f13c-8c3a-27d7-74e857f27964" executionId="64b21f60-9399-49e0-b2f9-75880dc0f6e5" testListId="8c84fa94-04c1-424b-9868-57a2d4851a1d" />
    <TestEntry testId="33e20544-301f-3339-5942-67c00f908220" executionId="e18555d6-e6ee-44ee-8044-5452e8b7fa59" testListId="8c84fa94-04c1-424b-9868-57a2d4851a1d" />
    <TestEntry testId="909d1fe9-6d09-e0a3-b86e-993c3fb74825" executionId="2dd47dd3-afbf-4662-8a34-1d9f357786a5" testListId="8c84fa94-04c1-424b-9868-57a2d4851a1d" />
    <TestEntry testId="bfb58406-1059-2587-a22a-e82069a12c40" executionId="ef561e59-f15e-4816-a109-9969fab09f2c" testListId="8c84fa94-04c1-424b-9868-57a2d4851a1d" />
    <TestEntry testId="9969c3f1-076b-56ef-55a9-286f899020a7" executionId="1e5db382-f4d9-49ac-aa01-395b0250b579" testListId="8c84fa94-04c1-424b-9868-57a2d4851a1d" />
    <TestEntry testId="b3a30128-50bf-9454-7123-47261e587fa1" executionId="6b5be6c0-1443-4954-91d3-ddee1f356bcb" testListId="8c84fa94-04c1-424b-9868-57a2d4851a1d" />
    <TestEntry testId="14a84fce-dbcc-cfe9-d2c2-26774cfe944f" executionId="8766c5ca-a730-4dae-b1b4-f1504254be70" testListId="8c84fa94-04c1-424b-9868-57a2d4851a1d" />
    <TestEntry testId="58d9e156-141d-14ae-f2dc-f99b28248716" executionId="ba93a355-7a2d-48ab-90dc-b03457d30886" testListId="8c84fa94-04c1-424b-9868-57a2d4851a1d" />
    <TestEntry testId="60db660f-dedb-00de-92d9-4659c1a48868" executionId="10678996-b245-4040-8ff9-3d40a8fe9bf2" testListId="8c84fa94-04c1-424b-9868-57a2d4851a1d" />
    <TestEntry testId="51502d20-0c1f-d343-0f9a-7489de333b1b" executionId="2a66c278-f53a-4fbe-980b-5b13a24e1d5e" testListId="8c84fa94-04c1-424b-9868-57a2d4851a1d" />
    <TestEntry testId="c11acfa3-2997-0877-812a-f1a3f7dedeb9" executionId="58704f96-9dde-487d-aadc-8c3385725226" testListId="8c84fa94-04c1-424b-9868-57a2d4851a1d" />
    <TestEntry testId="22d0fe75-e370-1cbe-c036-77c4eafc190d" executionId="98a818d6-dd1b-41ec-9aa5-e7483ac0a226" testListId="8c84fa94-04c1-424b-9868-57a2d4851a1d" />
    <TestEntry testId="d5fda41e-5e9e-b07d-1a31-ba273872aa62" executionId="70312e8f-ea77-40d9-8109-e09917dcfa37" testListId="8c84fa94-04c1-424b-9868-57a2d4851a1d" />
    <TestEntry testId="94bc7455-6884-b5fb-63b2-bd769fbf6de7" executionId="e0be1c3d-c094-403c-89d3-88ccc321d511" testListId="8c84fa94-04c1-424b-9868-57a2d4851a1d" />
    <TestEntry testId="0593a5af-3ee1-1a46-0846-71d1bf830ba0" executionId="4f96ad9c-a7c9-4f06-97db-1ee91a283134" testListId="8c84fa94-04c1-424b-9868-57a2d4851a1d" />
    <TestEntry testId="daea5307-2563-1b65-9a3e-fbcb4676eecf" executionId="28efa44f-dfbe-43f5-a13a-c0d0e53b10b7" testListId="8c84fa94-04c1-424b-9868-57a2d4851a1d" />
    <TestEntry testId="ecb60056-9a44-222b-a041-c08bb110af82" executionId="32b57303-bdb8-4d48-92b2-ddf8b7d59403" testListId="8c84fa94-04c1-424b-9868-57a2d4851a1d" />
    <TestEntry testId="90359306-825c-3372-0280-3a7580c3f407" executionId="454d5858-574f-4e0a-8023-34df7f663f90" testListId="8c84fa94-04c1-424b-9868-57a2d4851a1d" />
    <TestEntry testId="e7c24e53-29a7-e6fd-1e0f-8740f39dbe0e" executionId="eaa7a574-05bc-4678-83c0-c18fdce99cf0" testListId="8c84fa94-04c1-424b-9868-57a2d4851a1d" />
    <TestEntry testId="c18df7c7-ab40-9ee9-e9f4-c4f1f4418945" executionId="1d78009c-5c6a-47d0-8e2f-f991d8ef7d83" testListId="8c84fa94-04c1-424b-9868-57a2d4851a1d" />
    <TestEntry testId="b74af8d5-6c83-c445-ed47-52d8f8fdd866" executionId="962541f7-f653-4d8c-9827-5effcbd04fc5" testListId="8c84fa94-04c1-424b-9868-57a2d4851a1d" />
    <TestEntry testId="3a647f49-e084-0825-4c53-69bd1aba4a10" executionId="e192fa1b-c9cb-4e1a-b7c7-9cce2f51904a" testListId="8c84fa94-04c1-424b-9868-57a2d4851a1d" />
    <TestEntry testId="3238b50e-2d35-7cb8-024f-404c01dd1a08" executionId="51d094f8-27a9-4f4c-be66-a3ac5d974612" testListId="8c84fa94-04c1-424b-9868-57a2d4851a1d" />
    <TestEntry testId="c4aaeb45-fc9b-f429-2242-9447175aae74" executionId="9ca21c99-32bd-4f31-8a5c-a851a82ad1ca" testListId="8c84fa94-04c1-424b-9868-57a2d4851a1d" />
    <TestEntry testId="b8aa26cd-89aa-0fd5-80b7-5cd9160d2c45" executionId="25cd6e21-7361-4e7f-9da2-3f6fea55a8a0" testListId="8c84fa94-04c1-424b-9868-57a2d4851a1d" />
    <TestEntry testId="b64a0550-9df5-dac1-52db-ef437e524048" executionId="c840ff02-b5ae-42d6-b4d6-49397e9dea0b" testListId="8c84fa94-04c1-424b-9868-57a2d4851a1d" />
    <TestEntry testId="9c9ba8ae-f395-fa0d-c168-ae26e7d3daf5" executionId="edb1a654-3975-4728-97fc-3ad3e3c21fef" testListId="8c84fa94-04c1-424b-9868-57a2d4851a1d" />
    <TestEntry testId="43c74d81-9ac5-3f35-b163-da57a752dbe0" executionId="f0cd7dbe-81c6-4511-9140-b5d11063cba0" testListId="8c84fa94-04c1-424b-9868-57a2d4851a1d" />
    <TestEntry testId="054a6585-6c57-7f00-4c7a-27f0a2f41908" executionId="82b00235-972e-42e0-9988-5a07028d11a5" testListId="8c84fa94-04c1-424b-9868-57a2d4851a1d" />
    <TestEntry testId="d87b8793-d339-c127-bb00-5d0dd4dd2dab" executionId="8b11adb5-a800-4902-ad3e-360b1df64581" testListId="8c84fa94-04c1-424b-9868-57a2d4851a1d" />
    <TestEntry testId="2f0c2e7f-642b-1626-96fb-b0c1224bd4d6" executionId="6c07d876-82f7-4cbd-8a84-68fb25e21e66" testListId="8c84fa94-04c1-424b-9868-57a2d4851a1d" />
    <TestEntry testId="32b729fb-68af-fc79-31e7-a2a850967292" executionId="a3c0914e-446c-41a4-a8e9-f5b1b96ba35e" testListId="8c84fa94-04c1-424b-9868-57a2d4851a1d" />
    <TestEntry testId="85930f32-0fe9-146d-487a-ff5e1166cffe" executionId="eb630b2e-4730-444e-aee1-45e5874dbf26" testListId="8c84fa94-04c1-424b-9868-57a2d4851a1d" />
    <TestEntry testId="24881670-f284-e5a0-aa9b-2f66592fa681" executionId="077243df-eda0-464c-8951-a2dc34e6adbe" testListId="8c84fa94-04c1-424b-9868-57a2d4851a1d" />
    <TestEntry testId="ca387e96-f9eb-ec6e-d49c-e5de5957bb87" executionId="bacc8bf2-1933-4594-9ce7-e1cda8a2db54" testListId="8c84fa94-04c1-424b-9868-57a2d4851a1d" />
    <TestEntry testId="c86a834e-1e30-bcb3-b2cb-0e826291319a" executionId="e8330358-f848-4b30-a7b4-8713cd9069f0" testListId="8c84fa94-04c1-424b-9868-57a2d4851a1d" />
    <TestEntry testId="4f34f848-a2f3-61fb-e85b-a5427940e2ef" executionId="9f263437-a80f-4f82-9658-4dd1bd2fa645" testListId="8c84fa94-04c1-424b-9868-57a2d4851a1d" />
    <TestEntry testId="6ff82bed-2128-d7c7-097e-b3211c20990e" executionId="77bccde6-8fe1-4601-a196-50a268093d30" testListId="8c84fa94-04c1-424b-9868-57a2d4851a1d" />
    <TestEntry testId="66f3332a-8e3d-5a9c-36f4-ed67b244e165" executionId="f97c6d1f-63a5-491d-ab95-541f46a3ab05" testListId="8c84fa94-04c1-424b-9868-57a2d4851a1d" />
  </TestEntries>
  <TestLists>
    <TestList name="Results Not in a List" id="8c84fa94-04c1-424b-9868-57a2d4851a1d" />
    <TestList name="All Loaded Results" id="19431567-8539-422a-85d7-44ee4e166bda" />
  </TestLists>
  <ResultSummary outcome="Completed">
    <Counters total="71" executed="71" passed="71" failed="0" error="0" timeout="0" aborted="0" inconclusive="0" passedButRunAborted="0" notRunnable="0" notExecuted="0" disconnected="0" warning="0" completed="0" inProgress="0" pending="0" />
  </ResultSummary>
</TestRun>