<?xml version="1.0" encoding="utf-8"?>
<TestRun id="94f4da84-b9d3-410b-a278-281eb970c3f5" name="DKSR-EFI-04$@DKSR-EFI-04 2023-12-22 09:35:59" runUser="NT AUTHORITY\NETWORK SERVICE" xmlns="http://microsoft.com/schemas/VisualStudio/TeamTest/2010">
  <Times creation="2023-12-22T09:35:59.6632484+01:00" queuing="2023-12-22T09:35:59.6632484+01:00" start="2023-12-22T09:35:45.2881750+01:00" finish="2023-12-22T09:38:24.7090057+01:00" />
  <TestSettings name="default" id="8a64648d-137c-42cd-9ca9-17fe611d03b5">
    <Deployment runDeploymentRoot="DKSR-EFI-04$_DKSR-EFI-04_2023-12-22_09_35_59" />
  </TestSettings>
  <Results>
    <UnitTestResult executionId="d63953a2-01c8-4377-b37b-4d4fe7778d75" testId="43d61832-991c-baec-6981-658713b1dd1b" testName="CameraMapItem_ForceActivateAsync_InBuilding_Success" computerName="DKSR-EFI-04" duration="00:00:00.2341000" startTime="2023-12-22T09:37:51.0076066+01:00" endTime="2023-12-22T09:37:51.2419842+01:00" testType="13cdc9d9-ddb5-4fa4-a97d-d965ccfc6d4b" outcome="Passed" testListId="8c84fa94-04c1-424b-9868-57a2d4851a1d" relativeResultsDirectory="d63953a2-01c8-4377-b37b-4d4fe7778d75" />
    <UnitTestResult executionId="2bc7a067-2286-46a5-9062-cc91a7c10b09" testId="68eba393-9613-4207-7542-82e0b37e4100" testName="PtzSessionController_Constructor_ArgumentNull_ApplicationController_Test" computerName="DKSR-EFI-04" duration="00:00:00.0008378" startTime="2023-12-22T09:36:06.9132859+01:00" endTime="2023-12-22T09:36:06.9289135+01:00" testType="13cdc9d9-ddb5-4fa4-a97d-d965ccfc6d4b" outcome="Passed" testListId="8c84fa94-04c1-424b-9868-57a2d4851a1d" relativeResultsDirectory="2bc7a067-2286-46a5-9062-cc91a7c10b09" />
    <UnitTestResult executionId="637e25f5-579c-4ed5-96bc-63fe49991cd0" testId="9deaeb24-21b9-9f12-691a-fda61c229e90" testName="PatrollingStepListViewModel_CanExecuteMoveDown" computerName="DKSR-EFI-04" duration="00:00:00.0016604" startTime="2023-12-22T09:37:58.0857627+01:00" endTime="2023-12-22T09:37:58.0857627+01:00" testType="13cdc9d9-ddb5-4fa4-a97d-d965ccfc6d4b" outcome="Passed" testListId="8c84fa94-04c1-424b-9868-57a2d4851a1d" relativeResultsDirectory="637e25f5-579c-4ed5-96bc-63fe49991cd0" />
    <UnitTestResult executionId="39e56ce7-757f-42ae-867e-f6fb143749fa" testId="3df39c27-f4f5-5c42-c9cb-c9b3731ba9be" testName="TestHasCapability_Success" computerName="DKSR-EFI-04" duration="00:00:00.0002471" startTime="2023-12-22T09:37:56.0701386+01:00" endTime="2023-12-22T09:37:56.0701386+01:00" testType="13cdc9d9-ddb5-4fa4-a97d-d965ccfc6d4b" outcome="Passed" testListId="8c84fa94-04c1-424b-9868-57a2d4851a1d" relativeResultsDirectory="39e56ce7-757f-42ae-867e-f6fb143749fa" />
    <UnitTestResult executionId="f211387e-8788-430d-9ddc-f95cafdbc00c" testId="dc781f78-aa42-d9b1-8797-d2b3767e846c" testName="UpdateScope_RelativeScopeDurationFromTimeChanged_ReturnsFalse" computerName="DKSR-EFI-04" duration="00:00:00.0002467" startTime="2023-12-22T09:37:35.1481394+01:00" endTime="2023-12-22T09:37:35.1481394+01:00" testType="13cdc9d9-ddb5-4fa4-a97d-d965ccfc6d4b" outcome="Passed" testListId="8c84fa94-04c1-424b-9868-57a2d4851a1d" relativeResultsDirectory="f211387e-8788-430d-9ddc-f95cafdbc00c" />
    <UnitTestResult executionId="bd8338d9-0542-4aee-baee-4a2c0ba7da11" testId="a39ae70d-c88f-1b05-e852-22bd9620ca7b" testName="Ctor_TwoBuiltInGroupsDefined_TwoCompositeAgentsAddedAndOneStandardAgentAdded" computerName="DKSR-EFI-04" duration="00:00:00.0017306" startTime="2023-12-22T09:37:48.3669598+01:00" endTime="2023-12-22T09:37:48.3669598+01:00" testType="13cdc9d9-ddb5-4fa4-a97d-d965ccfc6d4b" outcome="Passed" testListId="8c84fa94-04c1-424b-9868-57a2d4851a1d" relativeResultsDirectory="bd8338d9-0542-4aee-baee-4a2c0ba7da11" />
    <UnitTestResult executionId="aa88e917-d177-4ea2-b121-d22ec9bd7584" testId="9e1c156c-7717-458a-15e2-7e227d19e93b" testName="CreateExportDialog_CannotSelectExportToOptics_WithNoOpticalDrivesPresent" computerName="DKSR-EFI-04" duration="00:00:00.0096144" startTime="2023-12-22T09:36:28.4446511+01:00" endTime="2023-12-22T09:36:28.4446511+01:00" testType="13cdc9d9-ddb5-4fa4-a97d-d965ccfc6d4b" outcome="Passed" testListId="8c84fa94-04c1-424b-9868-57a2d4851a1d" relativeResultsDirectory="aa88e917-d177-4ea2-b121-d22ec9bd7584" />
    <UnitTestResult executionId="9d1e1c1c-f68b-4e93-8c81-176d078958f4" testId="5ffa61d1-ba0a-5c24-5f29-257815c65d94" testName="DeleteDefaultLevel_Success" computerName="DKSR-EFI-04" duration="00:00:00.0668402" startTime="2023-12-22T09:37:49.7107144+01:00" endTime="2023-12-22T09:37:49.7888422+01:00" testType="13cdc9d9-ddb5-4fa4-a97d-d965ccfc6d4b" outcome="Passed" testListId="8c84fa94-04c1-424b-9868-57a2d4851a1d" relativeResultsDirectory="9d1e1c1c-f68b-4e93-8c81-176d078958f4" />
    <UnitTestResult executionId="88c12ba3-d719-4fb7-a035-f3dedc47e2ab" testId="d33238ac-1e47-b12a-5f1e-c0efc2aabbf1" testName="ManualRecordingInfoDto_ShouldYieldSameValues_WhenRoundTripConverted" computerName="DKSR-EFI-04" duration="00:00:00.0026691" startTime="2023-12-22T09:36:00.3038746+01:00" endTime="2023-12-22T09:36:00.3038746+01:00" testType="13cdc9d9-ddb5-4fa4-a97d-d965ccfc6d4b" outcome="Passed" testListId="8c84fa94-04c1-424b-9868-57a2d4851a1d" relativeResultsDirectory="88c12ba3-d719-4fb7-a035-f3dedc47e2ab" />
    <UnitTestResult executionId="b997473a-a5fb-4eaf-afd3-028b5fd385f0" testId="d710cb6b-c383-23e9-04a7-380523480bf6" testName="PtzPresetsMenuViewModelConstructorTest" computerName="DKSR-EFI-04" duration="00:00:00.0212464" startTime="2023-12-22T09:36:08.0382926+01:00" endTime="2023-12-22T09:36:08.0539185+01:00" testType="13cdc9d9-ddb5-4fa4-a97d-d965ccfc6d4b" outcome="Passed" testListId="8c84fa94-04c1-424b-9868-57a2d4851a1d" relativeResultsDirectory="b997473a-a5fb-4eaf-afd3-028b5fd385f0" />
    <UnitTestResult executionId="a21e5f35-5f20-4ad8-bbe2-15e727f5e8eb" testId="d2b63634-b2a8-712b-6997-a00fbcbd57df" testName="SearchResultsActionBarActions_CreateSnapshot_InvokeCommand_MultipleSnapshotsSucceeded_CorrectStatusTextShown" computerName="DKSR-EFI-04" duration="00:00:00.0149430" startTime="2023-12-22T09:37:25.8199619+01:00" endTime="2023-12-22T09:37:25.8355875+01:00" testType="13cdc9d9-ddb5-4fa4-a97d-d965ccfc6d4b" outcome="Passed" testListId="8c84fa94-04c1-424b-9868-57a2d4851a1d" relativeResultsDirectory="a21e5f35-5f20-4ad8-bbe2-15e727f5e8eb" />
    <UnitTestResult executionId="81300770-f190-42c3-a481-7426cc1b5f06" testId="293008c2-9745-d477-0bc6-1ddbf5e8b276" testName="ToTimeScope_YesterdayInDST_Success" computerName="DKSR-EFI-04" duration="00:00:00.0011901" startTime="2023-12-22T09:37:34.2418814+01:00" endTime="2023-12-22T09:37:34.2418814+01:00" testType="13cdc9d9-ddb5-4fa4-a97d-d965ccfc6d4b" outcome="Passed" testListId="8c84fa94-04c1-424b-9868-57a2d4851a1d" relativeResultsDirectory="81300770-f190-42c3-a481-7426cc1b5f06" />
    <UnitTestResult executionId="8a174614-9518-4808-af89-4282beb9608b" testId="38c61dcc-3a50-a0a7-0dea-c65fb41e4802" testName="SearchResultCombineType_ShouldSetSearchTemplateAsModified_WhenValueChangesAndSearchTemplateIsActive" computerName="DKSR-EFI-04" duration="00:00:00.0096210" startTime="2023-12-22T09:37:28.5230975+01:00" endTime="2023-12-22T09:37:28.5387231+01:00" testType="13cdc9d9-ddb5-4fa4-a97d-d965ccfc6d4b" outcome="Passed" testListId="8c84fa94-04c1-424b-9868-57a2d4851a1d" relativeResultsDirectory="8a174614-9518-4808-af89-4282beb9608b" />
    <UnitTestResult executionId="0705be48-0487-42a3-8041-a8c1db3088c1" testId="91ccec24-6878-75d9-83f5-29ad2ed9f604" testName="SelectedDuration_ShouldRevertToPreviousSelection_WhenCustomIntervalSelectionIsCancelled" computerName="DKSR-EFI-04" duration="00:00:00.0085516" startTime="2023-12-22T09:37:27.7262182+01:00" endTime="2023-12-22T09:37:27.7418440+01:00" testType="13cdc9d9-ddb5-4fa4-a97d-d965ccfc6d4b" outcome="Passed" testListId="8c84fa94-04c1-424b-9868-57a2d4851a1d" relativeResultsDirectory="0705be48-0487-42a3-8041-a8c1db3088c1" />
    <UnitTestResult executionId="4b465327-f763-42a9-81d6-c803703ea76f" testId="c5afb81b-9473-e705-4713-ff021498a318" testName="CreateDefinition_ValidCategory_SearchStarted" computerName="DKSR-EFI-04" duration="00:00:00.0207656" startTime="2023-12-22T09:37:34.4762558+01:00" endTime="2023-12-22T09:37:34.5075044+01:00" testType="13cdc9d9-ddb5-4fa4-a97d-d965ccfc6d4b" outcome="Passed" testListId="8c84fa94-04c1-424b-9868-57a2d4851a1d" relativeResultsDirectory="4b465327-f763-42a9-81d6-c803703ea76f" />
    <UnitTestResult executionId="9bc18fb1-e35d-4996-b3fd-128cfca9a605" testId="e7c0b876-bbe6-d4df-1806-4ff85a920c2f" testName="PatrollingStepListViewModel_CanExecuteMoveUp" computerName="DKSR-EFI-04" duration="00:00:00.0016757" startTime="2023-12-22T09:37:58.0857627+01:00" endTime="2023-12-22T09:37:58.0857627+01:00" testType="13cdc9d9-ddb5-4fa4-a97d-d965ccfc6d4b" outcome="Passed" testListId="8c84fa94-04c1-424b-9868-57a2d4851a1d" relativeResultsDirectory="9bc18fb1-e35d-4996-b3fd-128cfca9a605" />
    <UnitTestResult executionId="b873e9ee-7c34-40b2-8a10-cc0d7d34b9d3" testId="66234323-7949-a946-9adf-97375c9fed0b" testName="Ctor_NullPassedToNotNullParameters_Failure" computerName="DKSR-EFI-04" duration="00:00:00.0270669" startTime="2023-12-22T09:37:26.1482245+01:00" endTime="2023-12-22T09:37:26.1793437+01:00" testType="13cdc9d9-ddb5-4fa4-a97d-d965ccfc6d4b" outcome="Passed" testListId="8c84fa94-04c1-424b-9868-57a2d4851a1d" relativeResultsDirectory="b873e9ee-7c34-40b2-8a10-cc0d7d34b9d3" />
    <UnitTestResult executionId="1d317c0f-b401-4d99-b1da-694103bcd4f7" testId="f97a9c11-337a-9db0-c57e-d2aa1b5d357d" testName="Toolbar_IsNotVisible_WhenNotInLiveOrPlayback" computerName="DKSR-EFI-04" duration="00:00:00.0189743" startTime="2023-12-22T09:37:59.3201467+01:00" endTime="2023-12-22T09:37:59.3513990+01:00" testType="13cdc9d9-ddb5-4fa4-a97d-d965ccfc6d4b" outcome="Passed" testListId="8c84fa94-04c1-424b-9868-57a2d4851a1d" relativeResultsDirectory="1d317c0f-b401-4d99-b1da-694103bcd4f7" />
    <UnitTestResult executionId="faf7fa31-edda-4330-8bfb-6b0d37d47894" testId="07dba9c8-887e-44e6-63b8-7e227b9aaff8" testName="Ctor_NoBuiltInGroupsDefined_NoCompositeAgentsAdded" computerName="DKSR-EFI-04" duration="00:00:00.0027176" startTime="2023-12-22T09:37:48.3357184+01:00" endTime="2023-12-22T09:37:48.3513320+01:00" testType="13cdc9d9-ddb5-4fa4-a97d-d965ccfc6d4b" outcome="Passed" testListId="8c84fa94-04c1-424b-9868-57a2d4851a1d" relativeResultsDirectory="faf7fa31-edda-4330-8bfb-6b0d37d47894" />
    <UnitTestResult executionId="70430dd1-03c5-4617-ad86-ab92bde536f5" testId="08662725-81c0-39ee-21c2-6a500f721bcc" testName="TestAttribute_Success" computerName="DKSR-EFI-04" duration="00:00:00.0109457" startTime="2023-12-22T09:37:49.2575894+01:00" endTime="2023-12-22T09:37:49.2575894+01:00" testType="13cdc9d9-ddb5-4fa4-a97d-d965ccfc6d4b" outcome="Passed" testListId="8c84fa94-04c1-424b-9868-57a2d4851a1d" relativeResultsDirectory="70430dd1-03c5-4617-ad86-ab92bde536f5" />
    <UnitTestResult executionId="ae8961b2-eafa-4e53-9acc-8e78f5a07ed2" testId="af78caca-a27e-9e6b-678d-4aa454a90502" testName="ToNormalizedDirection_OutOfRange_2PI_Fail" computerName="DKSR-EFI-04" duration="00:00:00.0004200" startTime="2023-12-22T09:37:49.8825933+01:00" endTime="2023-12-22T09:37:49.8825933+01:00" testType="13cdc9d9-ddb5-4fa4-a97d-d965ccfc6d4b" outcome="Passed" testListId="8c84fa94-04c1-424b-9868-57a2d4851a1d" relativeResultsDirectory="ae8961b2-eafa-4e53-9acc-8e78f5a07ed2" />
    <UnitTestResult executionId="32e9fd57-5525-4b33-bac3-fd952c19d741" testId="9121a1cd-2d02-27fe-e6a5-6751e2d93e61" testName="ShouldExposeCalculatedValues" computerName="DKSR-EFI-04" duration="00:00:00.0087113" startTime="2023-12-22T09:36:24.1008811+01:00" endTime="2023-12-22T09:36:24.1008811+01:00" testType="13cdc9d9-ddb5-4fa4-a97d-d965ccfc6d4b" outcome="Passed" testListId="8c84fa94-04c1-424b-9868-57a2d4851a1d" relativeResultsDirectory="32e9fd57-5525-4b33-bac3-fd952c19d741" />
    <UnitTestResult executionId="54a86bdb-7767-40c8-aab6-9190e0cb7637" testId="708fbd07-d518-bb6a-de51-1d178c785f47" testName="Detach_ShouldRaiseArgumentNullException_WhenWindowIsNull" computerName="DKSR-EFI-04" duration="00:00:00.0009720" startTime="2023-12-22T09:36:11.5851876+01:00" endTime="2023-12-22T09:36:11.5851876+01:00" testType="13cdc9d9-ddb5-4fa4-a97d-d965ccfc6d4b" outcome="Passed" testListId="8c84fa94-04c1-424b-9868-57a2d4851a1d" relativeResultsDirectory="54a86bdb-7767-40c8-aab6-9190e0cb7637" />
    <UnitTestResult executionId="35df6a7e-85b0-4fc9-8ad3-a5bfaca01147" testId="0f2fab4c-9ed0-8156-9134-b17ff014dc4a" testName="SearchResultDetailsView_EscapeKey_AnimationEnabled_DetailsViewRemovedFromMainGrid" computerName="DKSR-EFI-04" duration="00:00:01.4448422" startTime="2023-12-22T09:36:44.6478623+01:00" endTime="2023-12-22T09:36:46.1009951+01:00" testType="13cdc9d9-ddb5-4fa4-a97d-d965ccfc6d4b" outcome="Passed" testListId="8c84fa94-04c1-424b-9868-57a2d4851a1d" relativeResultsDirectory="35df6a7e-85b0-4fc9-8ad3-a5bfaca01147" />
    <UnitTestResult executionId="4ddf3adf-bab4-4b4b-a20f-cd4163238789" testId="8803b728-b3cd-d0f6-6a9a-d85dc1ecbb9f" testName="AddCriteriaCommand_SearchAttributeCategoryNull" computerName="DKSR-EFI-04" duration="00:00:00.0105804" startTime="2023-12-22T09:37:27.9293493+01:00" endTime="2023-12-22T09:37:27.9449708+01:00" testType="13cdc9d9-ddb5-4fa4-a97d-d965ccfc6d4b" outcome="Passed" testListId="8c84fa94-04c1-424b-9868-57a2d4851a1d" relativeResultsDirectory="4ddf3adf-bab4-4b4b-a20f-cd4163238789" />
    <UnitTestResult executionId="5d3d4bd9-103a-4a27-bb01-113d1e6d9893" testId="6247c776-b6f2-69b6-74d1-6fc24161e71e" testName="MoveToTop_ShouldMoveMarkerTopmost_WhenNotAlreadyTopmostButHasPreviouslyBeenMovedToTop" computerName="DKSR-EFI-04" duration="00:00:00.0090984" startTime="2023-12-22T09:36:16.8977143+01:00" endTime="2023-12-22T09:36:16.9133406+01:00" testType="13cdc9d9-ddb5-4fa4-a97d-d965ccfc6d4b" outcome="Passed" testListId="8c84fa94-04c1-424b-9868-57a2d4851a1d" relativeResultsDirectory="5d3d4bd9-103a-4a27-bb01-113d1e6d9893" />
    <UnitTestResult executionId="a7de1554-421b-474b-98ba-6a4008ef2e56" testId="701dc107-7f79-fab2-b18e-55df056f2ab4" testName="DrawCore_ShouldNotDisplayClusterMarkers_WhenClusteringDisabled" computerName="DKSR-EFI-04" duration="00:00:00.0220296" startTime="2023-12-22T09:36:17.3820916+01:00" endTime="2023-12-22T09:36:17.4133415+01:00" testType="13cdc9d9-ddb5-4fa4-a97d-d965ccfc6d4b" outcome="Passed" testListId="8c84fa94-04c1-424b-9868-57a2d4851a1d" relativeResultsDirectory="a7de1554-421b-474b-98ba-6a4008ef2e56" />
    <UnitTestResult executionId="5b19ca42-d3ef-47ba-84f1-b4acd2746dab" testId="1a507d86-1921-f620-6368-d6adb1877080" testName="TestCreateMipTabWorkroom_Two_Success" computerName="DKSR-EFI-04" duration="00:00:00.0406083" startTime="2023-12-22T09:36:05.8820302+01:00" endTime="2023-12-22T09:36:05.9132801+01:00" testType="13cdc9d9-ddb5-4fa4-a97d-d965ccfc6d4b" outcome="Passed" testListId="8c84fa94-04c1-424b-9868-57a2d4851a1d" relativeResultsDirectory="5b19ca42-d3ef-47ba-84f1-b4acd2746dab" />
    <UnitTestResult executionId="48c969ea-a7cf-411e-802b-19d572210f22" testId="bf71a57f-ee03-3700-bbbe-0a8bed916dfe" testName="Convert_ShouldReturnFalse_WhenParameterIsNull" computerName="DKSR-EFI-04" duration="00:00:00.0004212" startTime="2023-12-22T09:36:11.6789379+01:00" endTime="2023-12-22T09:36:11.6789379+01:00" testType="13cdc9d9-ddb5-4fa4-a97d-d965ccfc6d4b" outcome="Passed" testListId="8c84fa94-04c1-424b-9868-57a2d4851a1d" relativeResultsDirectory="48c969ea-a7cf-411e-802b-19d572210f22" />
    <UnitTestResult executionId="70018d65-f3d4-419d-a67c-2f3486b5a2a4" testId="f680908c-3b4b-7b4d-7066-6e5fce7c0b27" testName="GetClusters_ExcludeThenIncludeExcludedItems_NoChange (Data Row 1)" computerName="DKSR-EFI-04" duration="00:00:00.0087711" startTime="2023-12-22T09:37:56.4607518+01:00" endTime="2023-12-22T09:37:56.6638974+01:00" testType="13cdc9d9-ddb5-4fa4-a97d-d965ccfc6d4b" outcome="Passed" testListId="8c84fa94-04c1-424b-9868-57a2d4851a1d" relativeResultsDirectory="70018d65-f3d4-419d-a67c-2f3486b5a2a4" />
    <UnitTestResult executionId="0b69125f-a9f9-4bbb-a7db-b400dc7ee5da" testId="f680908c-3b4b-7b4d-7066-6e5fce7c0b27" testName="GetClusters_ExcludeThenIncludeExcludedItems_NoChange (Data Row 4)" computerName="DKSR-EFI-04" duration="00:00:00.0110200" startTime="2023-12-22T09:37:56.4607518+01:00" endTime="2023-12-22T09:37:56.6638974+01:00" testType="13cdc9d9-ddb5-4fa4-a97d-d965ccfc6d4b" outcome="Passed" testListId="8c84fa94-04c1-424b-9868-57a2d4851a1d" relativeResultsDirectory="0b69125f-a9f9-4bbb-a7db-b400dc7ee5da" />
    <UnitTestResult executionId="1a038c11-1dab-4fa5-9556-a194aa6f4c4d" testId="f252f3f1-2ddc-5f57-0a09-9fe0a66fde7a" testName="MergeWith_ClusterItems_ItemAdded" computerName="DKSR-EFI-04" duration="00:00:00.0086651" startTime="2023-12-22T09:37:57.2576369+01:00" endTime="2023-12-22T09:37:57.2576369+01:00" testType="13cdc9d9-ddb5-4fa4-a97d-d965ccfc6d4b" outcome="Passed" testListId="8c84fa94-04c1-424b-9868-57a2d4851a1d" relativeResultsDirectory="1a038c11-1dab-4fa5-9556-a194aa6f4c4d" />
    <UnitTestResult executionId="0d448c3f-967c-4c03-9eb2-8e49a956c1ff" testId="4a5dc23b-ffe3-e948-472d-9d60d6e22bd4" testName="TestForAssemblyCoverage" computerName="DKSR-EFI-04" duration="00:00:00.0002465" startTime="2023-12-22T09:36:07.8820418+01:00" endTime="2023-12-22T09:36:07.8820418+01:00" testType="13cdc9d9-ddb5-4fa4-a97d-d965ccfc6d4b" outcome="Passed" testListId="8c84fa94-04c1-424b-9868-57a2d4851a1d" relativeResultsDirectory="0d448c3f-967c-4c03-9eb2-8e49a956c1ff" />
    <UnitTestResult executionId="46d06a21-1816-4b0e-90cb-3d5f430d89a8" testId="a5317ab4-d180-d0ab-5f5b-a18f8fb41f6e" testName="TestConstructor_Success" computerName="DKSR-EFI-04" duration="00:00:00.0001508" startTime="2023-12-22T09:37:56.0701386+01:00" endTime="2023-12-22T09:37:56.0701386+01:00" testType="13cdc9d9-ddb5-4fa4-a97d-d965ccfc6d4b" outcome="Passed" testListId="8c84fa94-04c1-424b-9868-57a2d4851a1d" relativeResultsDirectory="46d06a21-1816-4b0e-90cb-3d5f430d89a8" />
    <UnitTestResult executionId="98e1fa06-8dd3-4ac4-9f12-2465f67a7d79" testId="e16392e0-b74b-20a1-bfd8-cf04cd22dc42" testName="Constructor_ShouldRaiseArgumentNullException_WhenHeadlinesIsNull" computerName="DKSR-EFI-04" duration="00:00:00.0028725" startTime="2023-12-22T09:36:14.7883302+01:00" endTime="2023-12-22T09:36:14.7883302+01:00" testType="13cdc9d9-ddb5-4fa4-a97d-d965ccfc6d4b" outcome="Passed" testListId="8c84fa94-04c1-424b-9868-57a2d4851a1d" relativeResultsDirectory="98e1fa06-8dd3-4ac4-9f12-2465f67a7d79" />
    <UnitTestResult executionId="3c254aef-40a3-46b6-86fc-c22488a7de18" testId="c0babfb5-0c51-8e86-82e8-b342920c9494" testName="ToSafeName_MultpleUnsafeName_Success" computerName="DKSR-EFI-04" duration="00:00:00.0002132" startTime="2023-12-22T09:38:06.2733052+01:00" endTime="2023-12-22T09:38:06.2733052+01:00" testType="13cdc9d9-ddb5-4fa4-a97d-d965ccfc6d4b" outcome="Passed" testListId="8c84fa94-04c1-424b-9868-57a2d4851a1d" relativeResultsDirectory="3c254aef-40a3-46b6-86fc-c22488a7de18" />
    <UnitTestResult executionId="f00f3af5-c8fa-415f-8193-828cca14ff2b" testId="be546a67-03cf-7dc5-701c-f28c8929b881" testName="AddItems_ThreeMapItems_ThreeClusterChanges" computerName="DKSR-EFI-04" duration="00:00:00.0143847" startTime="2023-12-22T09:37:57.7420083+01:00" endTime="2023-12-22T09:37:57.7576323+01:00" testType="13cdc9d9-ddb5-4fa4-a97d-d965ccfc6d4b" outcome="Passed" testListId="8c84fa94-04c1-424b-9868-57a2d4851a1d" relativeResultsDirectory="f00f3af5-c8fa-415f-8193-828cca14ff2b" />
    <UnitTestResult executionId="eaf0f972-9445-487c-be11-e1d9b32e63ad" testId="798f07f3-7aba-5c3c-bfdb-b4e160b73303" testName="HasWritePermissionOnDir_WriteAllowed_ReturnsTrue" computerName="DKSR-EFI-04" duration="00:00:00.0006797" startTime="2023-12-22T09:37:33.1950087+01:00" endTime="2023-12-22T09:37:33.1950087+01:00" testType="13cdc9d9-ddb5-4fa4-a97d-d965ccfc6d4b" outcome="Passed" testListId="8c84fa94-04c1-424b-9868-57a2d4851a1d" relativeResultsDirectory="eaf0f972-9445-487c-be11-e1d9b32e63ad" />
    <UnitTestResult executionId="1f650c8f-4595-4e50-bae3-d731e01e7766" testId="3013af1b-1881-534b-ca91-63b1a27651d6" testName="SearchCriteria_AddAndRemoveFilterValues_SearchAttributesCorrect" computerName="DKSR-EFI-04" duration="00:00:00.0039752" startTime="2023-12-22T09:37:24.4762007+01:00" endTime="2023-12-22T09:37:24.4762007+01:00" testType="13cdc9d9-ddb5-4fa4-a97d-d965ccfc6d4b" outcome="Passed" testListId="8c84fa94-04c1-424b-9868-57a2d4851a1d" relativeResultsDirectory="1f650c8f-4595-4e50-bae3-d731e01e7766" />
    <UnitTestResult executionId="47b7c1d8-96bc-41b2-b304-73867ddd3409" testId="f8050766-a819-6e5a-f094-40b949fa7692" testName="PointMapItem_Load_Success" computerName="DKSR-EFI-04" duration="00:00:00.0471254" startTime="2023-12-22T09:37:50.4607192+01:00" endTime="2023-12-22T09:37:50.5075970+01:00" testType="13cdc9d9-ddb5-4fa4-a97d-d965ccfc6d4b" outcome="Passed" testListId="8c84fa94-04c1-424b-9868-57a2d4851a1d" relativeResultsDirectory="47b7c1d8-96bc-41b2-b304-73867ddd3409" />
    <UnitTestResult executionId="e7b64d3a-3bd8-4a09-abd2-73fb5631d4a4" testId="ab87a2ac-ff1e-bd5f-59b1-9c79c2ca68fe" testName="ToUnsafeName_UnderscoreSeperator_Failure" computerName="DKSR-EFI-04" duration="00:00:00.0004829" startTime="2023-12-22T09:38:06.2889374+01:00" endTime="2023-12-22T09:38:06.2889374+01:00" testType="13cdc9d9-ddb5-4fa4-a97d-d965ccfc6d4b" outcome="Passed" testListId="8c84fa94-04c1-424b-9868-57a2d4851a1d" relativeResultsDirectory="e7b64d3a-3bd8-4a09-abd2-73fb5631d4a4" />
    <UnitTestResult executionId="3f4d95ff-6b83-4fe8-aa70-ca0cc77cad65" testId="cf8740b0-df8d-bf5f-0e36-f1c7c45fcdee" testName="Path enabled, forced" computerName="DKSR-EFI-04" duration="00:00:00.0068277" startTime="2023-12-22T09:36:28.5384037+01:00" endTime="2023-12-22T09:36:28.5540260+01:00" testType="13cdc9d9-ddb5-4fa4-a97d-d965ccfc6d4b" outcome="Passed" testListId="8c84fa94-04c1-424b-9868-57a2d4851a1d" relativeResultsDirectory="3f4d95ff-6b83-4fe8-aa70-ca0cc77cad65" />
    <UnitTestResult executionId="fcf4bee3-f3c6-4960-8e60-16501f369819" testId="53185803-f30d-3a94-55f9-276f689abca4" testName="GetWorkspaceToolbarItems_ShouldReturnGroupedToolbarItemAsHidden_WhenAllSubItemsAreHidden" computerName="DKSR-EFI-04" duration="00:00:00.0019677" startTime="2023-12-22T09:37:58.7576428+01:00" endTime="2023-12-22T09:37:58.7576428+01:00" testType="13cdc9d9-ddb5-4fa4-a97d-d965ccfc6d4b" outcome="Passed" testListId="8c84fa94-04c1-424b-9868-57a2d4851a1d" relativeResultsDirectory="fcf4bee3-f3c6-4960-8e60-16501f369819" />
    <UnitTestResult executionId="0b88c30d-3e41-40e6-8243-efd433c7011b" testId="7bbe3c7b-c7f6-b4cd-97f0-8c1f6db6c80e" testName="UpdateHomeLocationInModel_Updated_Succes" computerName="DKSR-EFI-04" duration="00:00:00.0521423" startTime="2023-12-22T09:36:10.1476802+01:00" endTime="2023-12-22T09:36:10.1945537+01:00" testType="13cdc9d9-ddb5-4fa4-a97d-d965ccfc6d4b" outcome="Passed" testListId="8c84fa94-04c1-424b-9868-57a2d4851a1d" relativeResultsDirectory="0b88c30d-3e41-40e6-8243-efd433c7011b" />
    <UnitTestResult executionId="3903e29d-bb41-4c1d-8392-335943c4edf9" testId="06bd11df-bf70-d0e2-a507-7181600bcc81" testName="AndOrSearchDefinitionToCornerRadiusMultiConverter_CallConvert_FirstAnd" computerName="DKSR-EFI-04" duration="00:00:00.0011036" startTime="2023-12-22T09:37:04.0229674+01:00" endTime="2023-12-22T09:37:04.0229674+01:00" testType="13cdc9d9-ddb5-4fa4-a97d-d965ccfc6d4b" outcome="Passed" testListId="8c84fa94-04c1-424b-9868-57a2d4851a1d" relativeResultsDirectory="3903e29d-bb41-4c1d-8392-335943c4edf9" />
    <UnitTestResult executionId="07e00b25-4607-466e-a949-f688c86193f0" testId="f8eaf1dc-b859-6623-e5ad-974dd53ad456" testName="Passwords are not the same, lower length" computerName="DKSR-EFI-04" duration="00:00:00.0005142" startTime="2023-12-22T09:36:30.1946614+01:00" endTime="2023-12-22T09:36:30.1946614+01:00" testType="13cdc9d9-ddb5-4fa4-a97d-d965ccfc6d4b" outcome="Passed" testListId="8c84fa94-04c1-424b-9868-57a2d4851a1d" relativeResultsDirectory="07e00b25-4607-466e-a949-f688c86193f0" />
    <UnitTestResult executionId="0e7bcf18-c37e-42e1-b9a4-81f329ae85de" testId="4037f8f9-6ca0-fb62-ee52-1ab0cb3db5fb" testName="TimeToStringConverter_Convert_InvalidParameter_ReturnUnsetValue" computerName="DKSR-EFI-04" duration="00:00:00.0007049" startTime="2023-12-22T09:37:04.1948450+01:00" endTime="2023-12-22T09:37:04.1948450+01:00" testType="13cdc9d9-ddb5-4fa4-a97d-d965ccfc6d4b" outcome="Passed" testListId="8c84fa94-04c1-424b-9868-57a2d4851a1d" relativeResultsDirectory="0e7bcf18-c37e-42e1-b9a4-81f329ae85de" />
    <UnitTestResult executionId="6844ff6c-6c03-489d-84f9-7ef28590b837" testId="91a78aeb-428a-f6ff-e2d1-52651e1feb62" testName="CopyPasteInternalClipBoardTest" computerName="DKSR-EFI-04" duration="00:00:00.0004228" startTime="2023-12-22T09:38:04.3045463+01:00" endTime="2023-12-22T09:38:04.3045463+01:00" testType="13cdc9d9-ddb5-4fa4-a97d-d965ccfc6d4b" outcome="Passed" testListId="8c84fa94-04c1-424b-9868-57a2d4851a1d" relativeResultsDirectory="6844ff6c-6c03-489d-84f9-7ef28590b837" />
    <UnitTestResult executionId="aed197ab-6b88-466b-9582-d3c3773893ff" testId="edbdb0fc-44d8-43ee-8589-e03588652149" testName="SearchCriteriaFilterValues_ValidatePopupFunctionalityWithUnknownConfiguration_Success" computerName="DKSR-EFI-04" duration="00:00:00.0895630" startTime="2023-12-22T09:37:21.3980606+01:00" endTime="2023-12-22T09:37:21.4918089+01:00" testType="13cdc9d9-ddb5-4fa4-a97d-d965ccfc6d4b" outcome="Passed" testListId="8c84fa94-04c1-424b-9868-57a2d4851a1d" relativeResultsDirectory="aed197ab-6b88-466b-9582-d3c3773893ff" />
    <UnitTestResult executionId="95face0a-c404-45c4-abd9-1f57c3926024" testId="4b3691e7-07b6-0fb9-2d54-63140b399b3d" testName="PerformAction_Success" computerName="DKSR-EFI-04" duration="00:00:00.0049245" startTime="2023-12-22T09:36:23.7883772+01:00" endTime="2023-12-22T09:36:23.7883772+01:00" testType="13cdc9d9-ddb5-4fa4-a97d-d965ccfc6d4b" outcome="Passed" testListId="8c84fa94-04c1-424b-9868-57a2d4851a1d" relativeResultsDirectory="95face0a-c404-45c4-abd9-1f57c3926024" />
    <UnitTestResult executionId="0e936d2c-b0e3-4864-ad27-f30a6f6cec50" testId="1b5117b5-2de0-24e5-94e2-f368e4d15b39" testName="Disable_WhenInvoked_ThenAlarmsDisabledAndNoSubscribers" computerName="DKSR-EFI-04" duration="00:00:00.0018699" startTime="2023-12-22T09:37:53.1326241+01:00" endTime="2023-12-22T09:37:53.1326241+01:00" testType="13cdc9d9-ddb5-4fa4-a97d-d965ccfc6d4b" outcome="Passed" testListId="8c84fa94-04c1-424b-9868-57a2d4851a1d" relativeResultsDirectory="0e936d2c-b0e3-4864-ad27-f30a6f6cec50" />
    <UnitTestResult executionId="72627be9-e48b-4708-85cd-9035520e74cf" testId="5358a71c-808a-a4c2-6851-01de58a4759c" testName="Ctor_OneBuiltInGroupDefined_OneCompositeAgentAdded" computerName="DKSR-EFI-04" duration="00:00:00.0023768" startTime="2023-12-22T09:37:48.3513320+01:00" endTime="2023-12-22T09:37:48.3513320+01:00" testType="13cdc9d9-ddb5-4fa4-a97d-d965ccfc6d4b" outcome="Passed" testListId="8c84fa94-04c1-424b-9868-57a2d4851a1d" relativeResultsDirectory="72627be9-e48b-4708-85cd-9035520e74cf" />
    <UnitTestResult executionId="424d6ca2-d7ee-465b-ba16-1b94f915276e" testId="584617a4-8322-97bf-2a6c-744ce8c991ef" testName="Constructor_WhenPassingNullCredentials_ShouldThrowException" computerName="DKSR-EFI-04" duration="00:00:00.2206222" startTime="2023-12-22T09:35:58.2101131+01:00" endTime="2023-12-22T09:35:59.2882447+01:00" testType="13cdc9d9-ddb5-4fa4-a97d-d965ccfc6d4b" outcome="Passed" testListId="8c84fa94-04c1-424b-9868-57a2d4851a1d" relativeResultsDirectory="424d6ca2-d7ee-465b-ba16-1b94f915276e" />
    <UnitTestResult executionId="74fba75d-6a3f-4493-9c65-6e5e88beee6b" testId="c2a70a77-deae-9615-f302-cf5bc25a63ec" testName="OnSizeChanged_FivePluginButtonsPresentInActionBar_WithRoomForFourPluginButtonsTwoPluginsMoveToOverflowMenu" computerName="DKSR-EFI-04" duration="00:00:00.1163100" startTime="2023-12-22T09:36:33.6790528+01:00" endTime="2023-12-22T09:36:33.7884309+01:00" testType="13cdc9d9-ddb5-4fa4-a97d-d965ccfc6d4b" outcome="Passed" testListId="8c84fa94-04c1-424b-9868-57a2d4851a1d" relativeResultsDirectory="74fba75d-6a3f-4493-9c65-6e5e88beee6b" />
    <UnitTestResult executionId="bee7a19b-95bc-4bba-a44d-4e549250423b" testId="35b5f995-b2f1-b0ad-4d21-7b40aa694ec8" testName="ClearSelectedCamerasCommand_NonEmptyList_ListCleared" computerName="DKSR-EFI-04" duration="00:00:00.0088076" startTime="2023-12-22T09:37:27.6637213+01:00" endTime="2023-12-22T09:37:27.6793530+01:00" testType="13cdc9d9-ddb5-4fa4-a97d-d965ccfc6d4b" outcome="Passed" testListId="8c84fa94-04c1-424b-9868-57a2d4851a1d" relativeResultsDirectory="bee7a19b-95bc-4bba-a44d-4e549250423b" />
    <UnitTestResult executionId="1776f351-08d5-49df-96af-232b4f53457d" testId="e8f3b5b9-78ec-f897-d51a-a5d2a544c215" testName="SupportsDoubleClick_ShouldBeTrue_WhenInteractionStateIsNormalAndInSetupMode" computerName="DKSR-EFI-04" duration="00:00:00.0317793" startTime="2023-12-22T09:36:19.6789810+01:00" endTime="2023-12-22T09:36:19.7102273+01:00" testType="13cdc9d9-ddb5-4fa4-a97d-d965ccfc6d4b" outcome="Passed" testListId="8c84fa94-04c1-424b-9868-57a2d4851a1d" relativeResultsDirectory="1776f351-08d5-49df-96af-232b4f53457d" />
    <UnitTestResult executionId="6a15df2b-1427-4bf0-969a-69e34d53600f" testId="987edaa0-0a3b-cbb4-5b40-8112a4826bc5" testName="SupportsDoubleClick_ShouldBeFalse_WhenInteractionStateIsNotNormalAndNotInSetupMode" computerName="DKSR-EFI-04" duration="00:00:00.0388843" startTime="2023-12-22T09:36:20.1008588+01:00" endTime="2023-12-22T09:36:20.1477336+01:00" testType="13cdc9d9-ddb5-4fa4-a97d-d965ccfc6d4b" outcome="Passed" testListId="8c84fa94-04c1-424b-9868-57a2d4851a1d" relativeResultsDirectory="6a15df2b-1427-4bf0-969a-69e34d53600f" />
    <UnitTestResult executionId="7e6cc093-58d1-411b-a39f-0f7e59e98159" testId="daf95640-1ecb-1c8c-09bc-d8c8490777c1" testName="SearchCriteriaFilterValues_ValidatePopupFunctionality_Success" computerName="DKSR-EFI-04" duration="00:00:00.0505585" startTime="2023-12-22T09:37:21.3355633+01:00" endTime="2023-12-22T09:37:21.3980606+01:00" testType="13cdc9d9-ddb5-4fa4-a97d-d965ccfc6d4b" outcome="Passed" testListId="8c84fa94-04c1-424b-9868-57a2d4851a1d" relativeResultsDirectory="7e6cc093-58d1-411b-a39f-0f7e59e98159" />
    <UnitTestResult executionId="fbca489a-cf91-491d-b989-d58a98f65f95" testId="771137e7-8711-d371-fedf-d100a6d214c7" testName="IsDisabled_ShouldBeTrue_WhenApplicationIsInBrowseMode" computerName="DKSR-EFI-04" duration="00:00:00.0144316" startTime="2023-12-22T09:37:54.6638759+01:00" endTime="2023-12-22T09:37:54.6794985+01:00" testType="13cdc9d9-ddb5-4fa4-a97d-d965ccfc6d4b" outcome="Passed" testListId="8c84fa94-04c1-424b-9868-57a2d4851a1d" relativeResultsDirectory="fbca489a-cf91-491d-b989-d58a98f65f95" />
    <UnitTestResult executionId="724980de-48a3-43bf-8ada-bec9ee21c841" testId="369c6e4e-5e84-29f7-23b9-0a90869fcac4" testName="Decorate_ShouldNotAddChildren_WhenThereIsCameraLayerButNotViewZoneLayer" computerName="DKSR-EFI-04" duration="00:00:00.0013620" startTime="2023-12-22T09:36:14.8508286+01:00" endTime="2023-12-22T09:36:14.8508286+01:00" testType="13cdc9d9-ddb5-4fa4-a97d-d965ccfc6d4b" outcome="Passed" testListId="8c84fa94-04c1-424b-9868-57a2d4851a1d" relativeResultsDirectory="724980de-48a3-43bf-8ada-bec9ee21c841" />
    <UnitTestResult executionId="501d7e3b-dabc-46d3-8727-d23539461977" testId="df4fc108-b9f8-183e-9857-a0352a34d2c9" testName="ToSafeName_SingleSafeName_Success" computerName="DKSR-EFI-04" duration="00:00:00.0001039" startTime="2023-12-22T09:38:06.2733052+01:00" endTime="2023-12-22T09:38:06.2733052+01:00" testType="13cdc9d9-ddb5-4fa4-a97d-d965ccfc6d4b" outcome="Passed" testListId="8c84fa94-04c1-424b-9868-57a2d4851a1d" relativeResultsDirectory="501d7e3b-dabc-46d3-8727-d23539461977" />
    <UnitTestResult executionId="03c17cba-642d-4748-9ee5-bda6ba5d45bf" testId="54618795-0b49-cc31-65f0-11068addceea" testName="ScrollWheelInTileLayout_ScrollDownWithoutCtrl_NoChangeInItemSize" computerName="DKSR-EFI-04" duration="00:00:01.3220039" startTime="2023-12-22T09:36:53.9447899+01:00" endTime="2023-12-22T09:36:55.2729190+01:00" testType="13cdc9d9-ddb5-4fa4-a97d-d965ccfc6d4b" outcome="Passed" testListId="8c84fa94-04c1-424b-9868-57a2d4851a1d" relativeResultsDirectory="03c17cba-642d-4748-9ee5-bda6ba5d45bf" />
    <UnitTestResult executionId="f73a7bd6-abe7-4d69-a35e-9d44a38731e3" testId="55b69ff1-41fd-5c44-e2a8-b279d7828993" testName="TestMethod1" computerName="DKSR-EFI-04" duration="00:00:00.0051946" startTime="2023-12-22T09:37:49.8357200+01:00" endTime="2023-12-22T09:37:49.8357200+01:00" testType="13cdc9d9-ddb5-4fa4-a97d-d965ccfc6d4b" outcome="Passed" testListId="8c84fa94-04c1-424b-9868-57a2d4851a1d" relativeResultsDirectory="f73a7bd6-abe7-4d69-a35e-9d44a38731e3" />
    <UnitTestResult executionId="a5cc74e3-7414-4764-9642-6ca7d2915027" testId="8304cf81-7f4f-297c-5609-3851440a85fa" testName="Compare_NullVsNotNull_GreaterThan" computerName="DKSR-EFI-04" duration="00:00:00.0002044" startTime="2023-12-22T09:37:35.2887642+01:00" endTime="2023-12-22T09:37:35.2887642+01:00" testType="13cdc9d9-ddb5-4fa4-a97d-d965ccfc6d4b" outcome="Passed" testListId="8c84fa94-04c1-424b-9868-57a2d4851a1d" relativeResultsDirectory="a5cc74e3-7414-4764-9642-6ca7d2915027" />
    <UnitTestResult executionId="064dc5ea-d802-4bf3-acda-7d2630e57f17" testId="b89300df-44ea-f5d9-8c31-b46cc2e57c07" testName="MapLayerType_ShouldBeViewZoneItemsMapLayer_WhenCalled" computerName="DKSR-EFI-04" duration="00:00:00.0002295" startTime="2023-12-22T09:37:53.0232418+01:00" endTime="2023-12-22T09:37:53.0232418+01:00" testType="13cdc9d9-ddb5-4fa4-a97d-d965ccfc6d4b" outcome="Passed" testListId="8c84fa94-04c1-424b-9868-57a2d4851a1d" relativeResultsDirectory="064dc5ea-d802-4bf3-acda-7d2630e57f17" />
    <UnitTestResult executionId="67d154d1-17dd-45bc-80ca-c89ae37e9c89" testId="b998ca9d-3c07-a9b0-e337-f1f0a1809e45" testName="ResolveSearchDefinitions_ShouldReturnResultSearchDefinitionInCorrectOrder_WhenCombinedSearchResultWithMultipleSubResultAndSearchDefinitionsContainingCorrectSearchDefinitionsAreGiven" computerName="DKSR-EFI-04" duration="00:00:00.0038110" startTime="2023-12-22T09:37:33.7262560+01:00" endTime="2023-12-22T09:37:33.7262560+01:00" testType="13cdc9d9-ddb5-4fa4-a97d-d965ccfc6d4b" outcome="Passed" testListId="8c84fa94-04c1-424b-9868-57a2d4851a1d" relativeResultsDirectory="67d154d1-17dd-45bc-80ca-c89ae37e9c89" />
    <UnitTestResult executionId="3dbf1797-6c13-411d-a388-31a35b9fa4a0" testId="194c53c7-91a0-a39c-19f4-75d99e8bf5f1" testName="GetGuidProviderStrategyByEventServerId_ShouldRaiseArgumentOutOfRangeException_WhenEventServerIdsHasNotBeenInjectedAtTheConstructor" computerName="DKSR-EFI-04" duration="00:00:00.0008989" startTime="2023-12-22T09:38:07.8670695+01:00" endTime="2023-12-22T09:38:07.8670695+01:00" testType="13cdc9d9-ddb5-4fa4-a97d-d965ccfc6d4b" outcome="Passed" testListId="8c84fa94-04c1-424b-9868-57a2d4851a1d" relativeResultsDirectory="3dbf1797-6c13-411d-a388-31a35b9fa4a0" />
    <UnitTestResult executionId="ffcefa17-6103-4cc5-a78a-580a0a5c88db" testId="22c303b8-43d5-607e-1d1f-d8119ff03ede" testName="AddToExportTuples_ShouldReturnCorrectResult (5,0,0)" computerName="DKSR-EFI-04" duration="00:00:00.0062306" startTime="2023-12-22T09:37:59.9764000+01:00" endTime="2023-12-22T09:37:59.9928187+01:00" testType="13cdc9d9-ddb5-4fa4-a97d-d965ccfc6d4b" outcome="Passed" testListId="8c84fa94-04c1-424b-9868-57a2d4851a1d" relativeResultsDirectory="ffcefa17-6103-4cc5-a78a-580a0a5c88db" />
    <UnitTestResult executionId="28eb7bdb-485d-456a-9a2e-ffc86528c6aa" testId="c2ad7c56-01cc-4375-d0d2-2742c681c744" testName="Deactivated_Success" computerName="DKSR-EFI-04" duration="00:00:00.0074562" startTime="2023-12-22T09:36:30.7884145+01:00" endTime="2023-12-22T09:36:30.7884145+01:00" testType="13cdc9d9-ddb5-4fa4-a97d-d965ccfc6d4b" outcome="Passed" testListId="8c84fa94-04c1-424b-9868-57a2d4851a1d" relativeResultsDirectory="28eb7bdb-485d-456a-9a2e-ffc86528c6aa" />
    <UnitTestResult executionId="5784e3c4-daa9-4273-9d35-44ec7ac3095c" testId="6ee9d76c-102e-6b0c-a05d-d3b2cd96bee2" testName="ToMipSearchResultData_ShouldIncludeCorrectBoundingShapesFromAllSubResults" computerName="DKSR-EFI-04" duration="00:00:00.0142327" startTime="2023-12-22T09:37:35.1950151+01:00" endTime="2023-12-22T09:37:35.2106384+01:00" testType="13cdc9d9-ddb5-4fa4-a97d-d965ccfc6d4b" outcome="Passed" testListId="8c84fa94-04c1-424b-9868-57a2d4851a1d" relativeResultsDirectory="5784e3c4-daa9-4273-9d35-44ec7ac3095c" />
    <UnitTestResult executionId="e40775b0-f03c-445c-b459-7ec8a575858a" testId="18d974d6-a642-8807-34d7-9a9c256df013" testName="Loaded_NoActionBarPlugins_NoActionButtonsPresent" computerName="DKSR-EFI-04" duration="00:00:00.1077309" startTime="2023-12-22T09:36:33.1790538+01:00" endTime="2023-12-22T09:36:33.2884282+01:00" testType="13cdc9d9-ddb5-4fa4-a97d-d965ccfc6d4b" outcome="Passed" testListId="8c84fa94-04c1-424b-9868-57a2d4851a1d" relativeResultsDirectory="e40775b0-f03c-445c-b459-7ec8a575858a" />
    <UnitTestResult executionId="69cdd451-0004-4c66-bf7d-71d94f5bab2a" testId="d4294147-b6f1-1dea-474b-6d1ef066918c" testName="IsSelected_ShouldBeTrue_WhenSelectedMicrophoneGetsDisabled" computerName="DKSR-EFI-04" duration="00:00:00.0148588" startTime="2023-12-22T09:37:54.6326232+01:00" endTime="2023-12-22T09:37:54.6482498+01:00" testType="13cdc9d9-ddb5-4fa4-a97d-d965ccfc6d4b" outcome="Passed" testListId="8c84fa94-04c1-424b-9868-57a2d4851a1d" relativeResultsDirectory="69cdd451-0004-4c66-bf7d-71d94f5bab2a" />
    <UnitTestResult executionId="eb9d020a-6908-467b-a70c-2c526c898dc4" testId="400c5eaf-48ad-3c64-9e1d-3969836d1b6d" testName="SupportsDoubleClick_ShouldBeTrue_WhenInteractionStateIsNormal" computerName="DKSR-EFI-04" duration="00:00:00.0863468" startTime="2023-12-22T09:36:21.1789868+01:00" endTime="2023-12-22T09:36:21.2727388+01:00" testType="13cdc9d9-ddb5-4fa4-a97d-d965ccfc6d4b" outcome="Passed" testListId="8c84fa94-04c1-424b-9868-57a2d4851a1d" relativeResultsDirectory="eb9d020a-6908-467b-a70c-2c526c898dc4" />
    <UnitTestResult executionId="0cdc5638-e4fb-42e9-b73e-e9ce7a6c223b" testId="1bcc3d33-eed0-82c1-06ce-172f567f9802" testName="PatrollingProfileViewModelTest_SelectEndPosition_SamePosition" computerName="DKSR-EFI-04" duration="00:00:00.0025097" startTime="2023-12-22T09:37:57.9920130+01:00" endTime="2023-12-22T09:37:58.0076360+01:00" testType="13cdc9d9-ddb5-4fa4-a97d-d965ccfc6d4b" outcome="Passed" testListId="8c84fa94-04c1-424b-9868-57a2d4851a1d" relativeResultsDirectory="0cdc5638-e4fb-42e9-b73e-e9ce7a6c223b" />
    <UnitTestResult executionId="82f24587-ee9b-4c6f-bdbd-0968f62b49d5" testId="2106a4d7-5b05-e5c0-8033-860c82b0ad6a" testName="StartSearch_Success" computerName="DKSR-EFI-04" duration="00:00:00.0254950" startTime="2023-12-22T09:37:28.3043481+01:00" endTime="2023-12-22T09:37:28.3355983+01:00" testType="13cdc9d9-ddb5-4fa4-a97d-d965ccfc6d4b" outcome="Passed" testListId="8c84fa94-04c1-424b-9868-57a2d4851a1d" relativeResultsDirectory="82f24587-ee9b-4c6f-bdbd-0968f62b49d5" />
    <UnitTestResult executionId="b41afb43-c5bb-4906-aad7-5270f3195258" testId="3460e6f3-0dd6-9361-76e4-41731c8ee6fa" testName="RenameDeviceTest" computerName="DKSR-EFI-04" duration="00:00:00.0017380" startTime="2023-12-22T09:36:07.7882916+01:00" endTime="2023-12-22T09:36:07.8039157+01:00" testType="13cdc9d9-ddb5-4fa4-a97d-d965ccfc6d4b" outcome="Passed" testListId="8c84fa94-04c1-424b-9868-57a2d4851a1d" relativeResultsDirectory="b41afb43-c5bb-4906-aad7-5270f3195258" />
    <UnitTestResult executionId="bc7f0950-daca-4ee1-b235-6eab9004d4a6" testId="cb1f6500-ecbe-a116-4190-78f304902ad9" testName="ButtonVisibilityProperties_ShouldSetDefaultValues_WhenNoPropertiesLoaded" computerName="DKSR-EFI-04" duration="00:00:00.0071596" startTime="2023-12-22T09:36:10.4133064+01:00" endTime="2023-12-22T09:36:10.4289294+01:00" testType="13cdc9d9-ddb5-4fa4-a97d-d965ccfc6d4b" outcome="Passed" testListId="8c84fa94-04c1-424b-9868-57a2d4851a1d" relativeResultsDirectory="bc7f0950-daca-4ee1-b235-6eab9004d4a6" />
    <UnitTestResult executionId="3c0fe711-44f7-4a65-9e68-1dac6511a487" testId="4beda25d-1245-bbb5-fb89-05aa7e1d42ca" testName="CreateSearchTemplateAsync_ValidParameters_Success" computerName="DKSR-EFI-04" duration="00:00:00.0127828" startTime="2023-12-22T09:37:33.8981321+01:00" endTime="2023-12-22T09:37:33.9137582+01:00" testType="13cdc9d9-ddb5-4fa4-a97d-d965ccfc6d4b" outcome="Passed" testListId="8c84fa94-04c1-424b-9868-57a2d4851a1d" relativeResultsDirectory="3c0fe711-44f7-4a65-9e68-1dac6511a487" />
    <UnitTestResult executionId="1dd155f0-5478-48bc-93ca-4113ba87506a" testId="e36cf31f-4200-8205-4a12-8df912fdbdf1" testName="ResolveSearchDefinitions_ShouldReturnResultSearchDefinition_WhenSingleSearchResultAndSearchDefinitionsNotContainingCorrectSearchDefinitionsAreGiven" computerName="DKSR-EFI-04" duration="00:00:00.0005153" startTime="2023-12-22T09:37:33.6950044+01:00" endTime="2023-12-22T09:37:33.6950044+01:00" testType="13cdc9d9-ddb5-4fa4-a97d-d965ccfc6d4b" outcome="Passed" testListId="8c84fa94-04c1-424b-9868-57a2d4851a1d" relativeResultsDirectory="1dd155f0-5478-48bc-93ca-4113ba87506a" />
    <UnitTestResult executionId="bc699567-de2c-4962-8d22-c099542b08fe" testId="0ca96c98-4279-a38d-8923-cfc233650b07" testName="SearchResultsActionBarActions_EditBookmark_BookmarkServiceException_WarningDialogShown" computerName="DKSR-EFI-04" duration="00:00:00.0193075" startTime="2023-12-22T09:37:25.6793338+01:00" endTime="2023-12-22T09:37:25.6949631+01:00" testType="13cdc9d9-ddb5-4fa4-a97d-d965ccfc6d4b" outcome="Passed" testListId="8c84fa94-04c1-424b-9868-57a2d4851a1d" relativeResultsDirectory="bc699567-de2c-4962-8d22-c099542b08fe" />
    <UnitTestResult executionId="8bc1418d-4a59-4715-93b9-325d9a210f65" testId="035a2e7c-4006-749c-7663-f769d610c2cb" testName="CanMoreRegionsBeAdded_ShouldReturnTrue" computerName="DKSR-EFI-04" duration="00:00:00.0005059" startTime="2023-12-22T09:37:49.1482120+01:00" endTime="2023-12-22T09:37:49.1482120+01:00" testType="13cdc9d9-ddb5-4fa4-a97d-d965ccfc6d4b" outcome="Passed" testListId="8c84fa94-04c1-424b-9868-57a2d4851a1d" relativeResultsDirectory="8bc1418d-4a59-4715-93b9-325d9a210f65" />
    <UnitTestResult executionId="0b68891d-21ac-4b2a-80e4-eaef38b0b3a9" testId="112015e3-431e-b435-09f5-dc36bf2bbc1b" testName="Compare_NotNullVsNullDescending_GreaterThan" computerName="DKSR-EFI-04" duration="00:00:00.0001512" startTime="2023-12-22T09:37:35.2887642+01:00" endTime="2023-12-22T09:37:35.2887642+01:00" testType="13cdc9d9-ddb5-4fa4-a97d-d965ccfc6d4b" outcome="Passed" testListId="8c84fa94-04c1-424b-9868-57a2d4851a1d" relativeResultsDirectory="0b68891d-21ac-4b2a-80e4-eaef38b0b3a9" />
    <UnitTestResult executionId="4ff4538e-d4dd-4e76-80ff-a9aed7ea66b6" testId="d7aebc88-d17a-4418-cff4-f3007ce02d1e" testName="MutedMicrophoneIconsId_ShouldReturnMutedIconsInAProperOrder_WhenCalled" computerName="DKSR-EFI-04" duration="00:00:00.0005916" startTime="2023-12-22T09:37:53.0857414+01:00" endTime="2023-12-22T09:37:53.0857414+01:00" testType="13cdc9d9-ddb5-4fa4-a97d-d965ccfc6d4b" outcome="Passed" testListId="8c84fa94-04c1-424b-9868-57a2d4851a1d" relativeResultsDirectory="4ff4538e-d4dd-4e76-80ff-a9aed7ea66b6" />
    <UnitTestResult executionId="b1ee81a9-e7f5-4428-abec-dccfe15cdef7" testId="881744e7-6022-e700-6b80-eadb3836c4cd" testName="Connect_SucceedeInConnectingWithOAuthUnsecure_ShouldReturnTrue" computerName="DKSR-EFI-04" duration="00:00:00.0226609" startTime="2023-12-22T09:36:00.1320007+01:00" endTime="2023-12-22T09:36:00.1476255+01:00" testType="13cdc9d9-ddb5-4fa4-a97d-d965ccfc6d4b" outcome="Passed" testListId="8c84fa94-04c1-424b-9868-57a2d4851a1d" relativeResultsDirectory="b1ee81a9-e7f5-4428-abec-dccfe15cdef7" />
    <UnitTestResult executionId="2790c8c3-510e-4aa3-bbfd-9867f02fbe5c" testId="0b37f41d-8f42-9020-28e4-8cbe84e05257" testName="DeleteSearchTemplateAsync_Fails_Success" computerName="DKSR-EFI-04" duration="00:00:00.0036681" startTime="2023-12-22T09:37:33.8512635+01:00" endTime="2023-12-22T09:37:33.8512635+01:00" testType="13cdc9d9-ddb5-4fa4-a97d-d965ccfc6d4b" outcome="Passed" testListId="8c84fa94-04c1-424b-9868-57a2d4851a1d" relativeResultsDirectory="2790c8c3-510e-4aa3-bbfd-9867f02fbe5c" />
    <UnitTestResult executionId="b2d3ec90-92a9-4dd2-b399-0dc9e1a0af55" testId="3682e780-aa17-fe02-e0c3-3a38eee876d9" testName="TestForAssemblyCoverage" computerName="DKSR-EFI-04" duration="00:00:00.0171130" startTime="2023-12-22T09:36:07.8664202+01:00" endTime="2023-12-22T09:36:07.8820418+01:00" testType="13cdc9d9-ddb5-4fa4-a97d-d965ccfc6d4b" outcome="Passed" testListId="8c84fa94-04c1-424b-9868-57a2d4851a1d" relativeResultsDirectory="b2d3ec90-92a9-4dd2-b399-0dc9e1a0af55" />
    <UnitTestResult executionId="53354cb0-f423-49b8-9fcf-2cd9683b5d03" testId="a463440b-2916-b6c4-8a71-e3deeca8173f" testName="TestInitializeWorkrooms_OnlySearchWorkroom_Success" computerName="DKSR-EFI-04" duration="00:00:00.0387452" startTime="2023-12-22T09:36:06.7414125+01:00" endTime="2023-12-22T09:36:06.7882859+01:00" testType="13cdc9d9-ddb5-4fa4-a97d-d965ccfc6d4b" outcome="Passed" testListId="8c84fa94-04c1-424b-9868-57a2d4851a1d" relativeResultsDirectory="53354cb0-f423-49b8-9fcf-2cd9683b5d03" />
    <UnitTestResult executionId="03b6e6ce-3c1e-47e9-b51c-191f71298ef4" testId="79131a3d-642e-dea5-31f3-3e3bb8d72cf5" testName="ClearCommand_Invoke_ClearsText" computerName="DKSR-EFI-04" duration="00:00:00.0098410" startTime="2023-12-22T09:37:49.0075864+01:00" endTime="2023-12-22T09:37:49.0075864+01:00" testType="13cdc9d9-ddb5-4fa4-a97d-d965ccfc6d4b" outcome="Passed" testListId="8c84fa94-04c1-424b-9868-57a2d4851a1d" relativeResultsDirectory="03b6e6ce-3c1e-47e9-b51c-191f71298ef4" />
    <UnitTestResult executionId="420c2e1a-b4b8-4ccc-bc4a-443d4b1121b8" testId="53c0737c-9e1d-a506-fd7e-f73a88cea37f" testName="Id_ShouldBeSame_WhenSearchResultIdIsIdentical" computerName="DKSR-EFI-04" duration="00:00:00.0007696" startTime="2023-12-22T09:37:35.2577089+01:00" endTime="2023-12-22T09:37:35.2577089+01:00" testType="13cdc9d9-ddb5-4fa4-a97d-d965ccfc6d4b" outcome="Passed" testListId="8c84fa94-04c1-424b-9868-57a2d4851a1d" relativeResultsDirectory="420c2e1a-b4b8-4ccc-bc4a-443d4b1121b8" />
    <UnitTestResult executionId="eb7f9b4c-0a43-4e00-87dc-f6b83fe2f51a" testId="6f38fefe-03f5-0f1c-3a6a-8844abdc82dd" testName="Password 1 too short" computerName="DKSR-EFI-04" duration="00:00:00.0005992" startTime="2023-12-22T09:36:30.1634118+01:00" endTime="2023-12-22T09:36:30.1634118+01:00" testType="13cdc9d9-ddb5-4fa4-a97d-d965ccfc6d4b" outcome="Passed" testListId="8c84fa94-04c1-424b-9868-57a2d4851a1d" relativeResultsDirectory="eb7f9b4c-0a43-4e00-87dc-f6b83fe2f51a" />
    <UnitTestResult executionId="fc039302-c5dd-4c02-9a6a-da9a6a28243c" testId="701d42cf-3ef2-9e45-4405-09554e002cc2" testName="TestForAssemblyCoverage" computerName="DKSR-EFI-04" duration="00:00:00.0183688" startTime="2023-12-22T09:36:07.9289181+01:00" endTime="2023-12-22T09:36:07.9445431+01:00" testType="13cdc9d9-ddb5-4fa4-a97d-d965ccfc6d4b" outcome="Passed" testListId="8c84fa94-04c1-424b-9868-57a2d4851a1d" relativeResultsDirectory="fc039302-c5dd-4c02-9a6a-da9a6a28243c" />
    <UnitTestResult executionId="c4863cb7-0ada-43a5-826a-ac3825d0bc73" testId="1ce67353-df26-d1bd-d2aa-05733d1ac693" testName="PointMapItem_Load_Input_Success" computerName="DKSR-EFI-04" duration="00:00:00.0547774" startTime="2023-12-22T09:37:54.6794985+01:00" endTime="2023-12-22T09:37:54.7419949+01:00" testType="13cdc9d9-ddb5-4fa4-a97d-d965ccfc6d4b" outcome="Passed" testListId="8c84fa94-04c1-424b-9868-57a2d4851a1d" relativeResultsDirectory="c4863cb7-0ada-43a5-826a-ac3825d0bc73" />
    <UnitTestResult executionId="a7b1c6bd-3379-4d72-b9dd-6b41b330015f" testId="302e3c9b-71b6-ab55-127c-942ac34841ca" testName="Close_ShouldSetOwnerWindowToActive" computerName="DKSR-EFI-04" duration="00:00:00.0228271" startTime="2023-12-22T09:36:11.4289375+01:00" endTime="2023-12-22T09:36:11.4601857+01:00" testType="13cdc9d9-ddb5-4fa4-a97d-d965ccfc6d4b" outcome="Passed" testListId="8c84fa94-04c1-424b-9868-57a2d4851a1d" relativeResultsDirectory="a7b1c6bd-3379-4d72-b9dd-6b41b330015f" />
    <UnitTestResult executionId="ffe7fccc-3075-4326-a453-843b97c56273" testId="195cadae-c368-871e-b908-a48bf7f49ea5" testName="Constructor2_ShouldNotAllowInjectionOfNulls" computerName="DKSR-EFI-04" duration="00:00:00.0014050" startTime="2023-12-22T09:36:30.1321612+01:00" endTime="2023-12-22T09:36:30.1321612+01:00" testType="13cdc9d9-ddb5-4fa4-a97d-d965ccfc6d4b" outcome="Passed" testListId="8c84fa94-04c1-424b-9868-57a2d4851a1d" relativeResultsDirectory="ffe7fccc-3075-4326-a453-843b97c56273" />
    <UnitTestResult executionId="7217061f-806b-4827-9635-170b0f42a0ea" testId="03362dc6-019e-7120-2944-4e9a1bc66b6d" testName="LoadBoundingShapes_PolygonShape_AddedToUI" computerName="DKSR-EFI-04" duration="00:00:00.0236119" startTime="2023-12-22T09:37:48.7732164+01:00" endTime="2023-12-22T09:37:48.7888406+01:00" testType="13cdc9d9-ddb5-4fa4-a97d-d965ccfc6d4b" outcome="Passed" testListId="8c84fa94-04c1-424b-9868-57a2d4851a1d" relativeResultsDirectory="7217061f-806b-4827-9635-170b0f42a0ea" />
    <UnitTestResult executionId="404e68ed-9fdd-462f-a133-e233a458af23" testId="0f2e137e-89bc-52a2-1336-1a186e7f8485" testName="UpdateSearchTemplateAsync_ThrowTimeoutException_Success" computerName="DKSR-EFI-04" duration="00:00:00.0017881" startTime="2023-12-22T09:37:34.0700066+01:00" endTime="2023-12-22T09:37:34.0700066+01:00" testType="13cdc9d9-ddb5-4fa4-a97d-d965ccfc6d4b" outcome="Passed" testListId="8c84fa94-04c1-424b-9868-57a2d4851a1d" relativeResultsDirectory="404e68ed-9fdd-462f-a133-e233a458af23" />
    <UnitTestResult executionId="fd4d5519-00d4-4c58-b7ac-eb3736214d34" testId="07ec7b90-4f80-77d6-d19d-abca75ed0c64" testName="Ctor_WpfMessageBoxButtonIsSetToRemoveCancel_OnlyRemoveCancelButtonsVisible" computerName="DKSR-EFI-04" duration="00:00:00.0004128" startTime="2023-12-22T09:37:59.5076461+01:00" endTime="2023-12-22T09:37:59.5076461+01:00" testType="13cdc9d9-ddb5-4fa4-a97d-d965ccfc6d4b" outcome="Passed" testListId="8c84fa94-04c1-424b-9868-57a2d4851a1d" relativeResultsDirectory="fd4d5519-00d4-4c58-b7ac-eb3736214d34" />
    <UnitTestResult executionId="25c94fa7-4bda-4ff6-a919-31789a66acc8" testId="ab974738-a590-83df-60ac-92b301ef7ab8" testName="Deserialize_MissingItemId_Error" computerName="DKSR-EFI-04" duration="00:00:00.0017722" startTime="2023-12-22T09:37:35.3981411+01:00" endTime="2023-12-22T09:37:35.3981411+01:00" testType="13cdc9d9-ddb5-4fa4-a97d-d965ccfc6d4b" outcome="Passed" testListId="8c84fa94-04c1-424b-9868-57a2d4851a1d" relativeResultsDirectory="25c94fa7-4bda-4ff6-a919-31789a66acc8" />
    <UnitTestResult executionId="202eb51e-7eaa-46c6-8a7f-b05f9a9ef44c" testId="61fff35a-1f51-c483-72f9-65b70f75c0e7" testName="Ctor_NullSearchResultDataList_Failure" computerName="DKSR-EFI-04" duration="00:00:00.0020720" startTime="2023-12-22T09:37:33.1012566+01:00" endTime="2023-12-22T09:37:33.1012566+01:00" testType="13cdc9d9-ddb5-4fa4-a97d-d965ccfc6d4b" outcome="Passed" testListId="8c84fa94-04c1-424b-9868-57a2d4851a1d" relativeResultsDirectory="202eb51e-7eaa-46c6-8a7f-b05f9a9ef44c" />
    <UnitTestResult executionId="1a9c663f-3f7e-4a3a-8ee6-3fd4ec70226d" testId="2eb02be1-be5b-c75f-226f-8371b8170b9a" testName="GetCameraTiles_ShouldReturnCorrectCameraTilesWithGroupTest" computerName="DKSR-EFI-04" duration="00:00:00.0451979" startTime="2023-12-22T09:38:02.0232876+01:00" endTime="2023-12-22T09:38:02.0701590+01:00" testType="13cdc9d9-ddb5-4fa4-a97d-d965ccfc6d4b" outcome="Passed" testListId="8c84fa94-04c1-424b-9868-57a2d4851a1d" relativeResultsDirectory="1a9c663f-3f7e-4a3a-8ee6-3fd4ec70226d" />
    <UnitTestResult executionId="33cea977-fe10-4e7b-a9e2-a158f84e1eca" testId="9c5832f3-6c80-ca09-af3f-21dab48f2284" testName="ShouldReturnFalseWhenExtentChangedButWithinPrevious" computerName="DKSR-EFI-04" duration="00:00:00.0013972" startTime="2023-12-22T09:36:24.0383773+01:00" endTime="2023-12-22T09:36:24.0383773+01:00" testType="13cdc9d9-ddb5-4fa4-a97d-d965ccfc6d4b" outcome="Passed" testListId="8c84fa94-04c1-424b-9868-57a2d4851a1d" relativeResultsDirectory="33cea977-fe10-4e7b-a9e2-a158f84e1eca" />
    <UnitTestResult executionId="13b355b0-7a1b-48e2-9a2a-2ed59e7f9ef1" testId="19146f14-6143-cfb7-4c8f-467081c697c0" testName="TestGetAllTasksAsync" computerName="DKSR-EFI-04" duration="00:00:00.0112602" startTime="2023-12-22T09:37:59.6951450+01:00" endTime="2023-12-22T09:37:59.7107721+01:00" testType="13cdc9d9-ddb5-4fa4-a97d-d965ccfc6d4b" outcome="Passed" testListId="8c84fa94-04c1-424b-9868-57a2d4851a1d" relativeResultsDirectory="13b355b0-7a1b-48e2-9a2a-2ed59e7f9ef1" />
    <UnitTestResult executionId="6fbd31f5-0c5f-460a-ba6a-47277555a017" testId="66fabd13-f03e-562d-f4ae-a70f6ebf368b" testName="InputMapItem_ForceActivateAsync_InBuilding_Success" computerName="DKSR-EFI-04" duration="00:00:00.2397948" startTime="2023-12-22T09:37:54.8357496+01:00" endTime="2023-12-22T09:37:55.0857470+01:00" testType="13cdc9d9-ddb5-4fa4-a97d-d965ccfc6d4b" outcome="Passed" testListId="8c84fa94-04c1-424b-9868-57a2d4851a1d" relativeResultsDirectory="6fbd31f5-0c5f-460a-ba6a-47277555a017" />
    <UnitTestResult executionId="7c74bf58-ddcd-4e71-a720-1701b250ba60" testId="e6be9160-5cc6-c513-67c4-14d959e49ad9" testName="Ctor_UnknownEditControl_InlineEditControl_Success" computerName="DKSR-EFI-04" duration="00:00:00.0010342" startTime="2023-12-22T09:37:24.4918308+01:00" endTime="2023-12-22T09:37:24.4918308+01:00" testType="13cdc9d9-ddb5-4fa4-a97d-d965ccfc6d4b" outcome="Passed" testListId="8c84fa94-04c1-424b-9868-57a2d4851a1d" relativeResultsDirectory="7c74bf58-ddcd-4e71-a720-1701b250ba60" />
    <UnitTestResult executionId="87f6ad8a-d35f-4417-9371-090106e55e07" testId="00f3f438-e702-19f0-4f30-bd3e4320eea7" testName="ResolveBaseResultProperties_ShouldReturnASingleTriggerTime_WhenASingleSearchResultIsGiven" computerName="DKSR-EFI-04" duration="00:00:00.0032374" startTime="2023-12-22T09:37:33.7262560+01:00" endTime="2023-12-22T09:37:33.7418819+01:00" testType="13cdc9d9-ddb5-4fa4-a97d-d965ccfc6d4b" outcome="Passed" testListId="8c84fa94-04c1-424b-9868-57a2d4851a1d" relativeResultsDirectory="87f6ad8a-d35f-4417-9371-090106e55e07" />
    <UnitTestResult executionId="43fc90db-5122-40cc-9b4f-b3599481af02" testId="e36d7108-5c81-aaf4-329c-24a028699d61" testName="GetCamera_ShouldReturnCorrectCameraTest" computerName="DKSR-EFI-04" duration="00:00:00.0451849" startTime="2023-12-22T09:38:01.8826543+01:00" endTime="2023-12-22T09:38:01.9295443+01:00" testType="13cdc9d9-ddb5-4fa4-a97d-d965ccfc6d4b" outcome="Passed" testListId="8c84fa94-04c1-424b-9868-57a2d4851a1d" relativeResultsDirectory="43fc90db-5122-40cc-9b4f-b3599481af02" />
    <UnitTestResult executionId="0d1a1331-d479-4338-8657-ed70a920ca97" testId="8c46d0ed-f3b9-c5f4-aaef-9879232f4518" testName="HoverBehaviour_MouseLeave_HoverTickIsHidden" computerName="DKSR-EFI-04" duration="00:00:00.0352673" startTime="2023-12-22T09:37:06.8511095+01:00" endTime="2023-12-22T09:37:06.8823562+01:00" testType="13cdc9d9-ddb5-4fa4-a97d-d965ccfc6d4b" outcome="Passed" testListId="8c84fa94-04c1-424b-9868-57a2d4851a1d" relativeResultsDirectory="0d1a1331-d479-4338-8657-ed70a920ca97" />
    <UnitTestResult executionId="4ada5c77-6328-49d6-9d8e-419ef5082e5f" testId="0bc3c781-e5e2-4061-bcbc-7fa16190d596" testName="PtzSessionControllerInfo_UserChangedTest_NoChange_Patrolling" computerName="DKSR-EFI-04" duration="00:00:00.0003714" startTime="2023-12-22T09:36:07.2414144+01:00" endTime="2023-12-22T09:36:07.2414144+01:00" testType="13cdc9d9-ddb5-4fa4-a97d-d965ccfc6d4b" outcome="Passed" testListId="8c84fa94-04c1-424b-9868-57a2d4851a1d" relativeResultsDirectory="4ada5c77-6328-49d6-9d8e-419ef5082e5f" />
    <UnitTestResult executionId="1712a22d-1f4e-4420-a501-c3a08f453554" testId="56f5cfe7-c187-684a-c730-d4624e106c42" testName="Parse_Success" computerName="DKSR-EFI-04" duration="00:00:00.0166231" startTime="2023-12-22T09:37:59.5857685+01:00" endTime="2023-12-22T09:37:59.6013967+01:00" testType="13cdc9d9-ddb5-4fa4-a97d-d965ccfc6d4b" outcome="Passed" testListId="8c84fa94-04c1-424b-9868-57a2d4851a1d" relativeResultsDirectory="1712a22d-1f4e-4420-a501-c3a08f453554" />
    <UnitTestResult executionId="3bc4c82d-8bb1-4b80-9c60-82a665498b52" testId="417be307-97e0-4052-1dcd-f4ea8d9db811" testName="Deserialize_ShouldIncludeCombineTypeAnd_WhenCombineTypeIsAndInXml" computerName="DKSR-EFI-04" duration="00:00:00.0004905" startTime="2023-12-22T09:37:35.3981411+01:00" endTime="2023-12-22T09:37:35.3981411+01:00" testType="13cdc9d9-ddb5-4fa4-a97d-d965ccfc6d4b" outcome="Passed" testListId="8c84fa94-04c1-424b-9868-57a2d4851a1d" relativeResultsDirectory="3bc4c82d-8bb1-4b80-9c60-82a665498b52" />
    <UnitTestResult executionId="15fea34d-f5ef-42b4-8a2c-dec58abc41dd" testId="aaa1be74-2e34-5829-1e4e-488dd7c80429" testName="Password 1 empty" computerName="DKSR-EFI-04" duration="00:00:00.0002557" startTime="2023-12-22T09:36:30.1634118+01:00" endTime="2023-12-22T09:36:30.1634118+01:00" testType="13cdc9d9-ddb5-4fa4-a97d-d965ccfc6d4b" outcome="Passed" testListId="8c84fa94-04c1-424b-9868-57a2d4851a1d" relativeResultsDirectory="15fea34d-f5ef-42b4-8a2c-dec58abc41dd" />
    <UnitTestResult executionId="cf45b8b2-8874-4cb3-be8a-3a8f005ee98c" testId="fdaa70b5-d6a7-4b1c-2dcb-1ad653aa4853" testName="ConvertGridMaskTestImageServerFormat" computerName="DKSR-EFI-04" duration="00:00:00.0012386" startTime="2023-12-22T09:38:04.1326702+01:00" endTime="2023-12-22T09:38:04.1326702+01:00" testType="13cdc9d9-ddb5-4fa4-a97d-d965ccfc6d4b" outcome="Passed" testListId="8c84fa94-04c1-424b-9868-57a2d4851a1d" relativeResultsDirectory="cf45b8b2-8874-4cb3-be8a-3a8f005ee98c" />
    <UnitTestResult executionId="250056f1-9a25-4b26-9151-7eba49ac5c7d" testId="9225bf65-6a60-daf8-2288-dab2e9c23bc2" testName="SidePanelToggleButtonIsVisible_DependingOnConditions (FullScreen,False,False,False)" computerName="DKSR-EFI-04" duration="00:00:00.0179056" startTime="2023-12-22T09:37:59.2263969+01:00" endTime="2023-12-22T09:37:59.2576423+01:00" testType="13cdc9d9-ddb5-4fa4-a97d-d965ccfc6d4b" outcome="Passed" testListId="8c84fa94-04c1-424b-9868-57a2d4851a1d" relativeResultsDirectory="250056f1-9a25-4b26-9151-7eba49ac5c7d" />
    <UnitTestResult executionId="e38667f1-3ed7-42c7-b94e-6217851e82fa" testId="b8af5950-498b-c4c9-4d6a-619dcb6074cf" testName="ClearTest" computerName="DKSR-EFI-04" duration="00:00:00.0017751" startTime="2023-12-22T09:38:04.1326702+01:00" endTime="2023-12-22T09:38:04.1326702+01:00" testType="13cdc9d9-ddb5-4fa4-a97d-d965ccfc6d4b" outcome="Passed" testListId="8c84fa94-04c1-424b-9868-57a2d4851a1d" relativeResultsDirectory="e38667f1-3ed7-42c7-b94e-6217851e82fa" />
    <UnitTestResult executionId="84076059-e11e-47aa-9a4d-ba13b70c9fce" testId="81267ce3-6f9f-039a-6061-d6bf94b58293" testName="GetDeviceData_ShouldReturnNotFoundDeviceData_WhenCameraKindAndNonExistingCameraId" computerName="DKSR-EFI-04" duration="00:00:00.1692836" startTime="2023-12-22T09:36:27.9290234+01:00" endTime="2023-12-22T09:36:28.1009009+01:00" testType="13cdc9d9-ddb5-4fa4-a97d-d965ccfc6d4b" outcome="Passed" testListId="8c84fa94-04c1-424b-9868-57a2d4851a1d" relativeResultsDirectory="84076059-e11e-47aa-9a4d-ba13b70c9fce" />
    <UnitTestResult executionId="180052e6-c2fd-45ca-bc36-0c3f1fe24213" testId="fab1182a-1ea1-5a85-a52f-fa7890fd3d44" testName="AlwaysPutViewGroupsBeforeGroupsAndViews" computerName="DKSR-EFI-04" duration="00:00:00.0071185" startTime="2023-12-22T09:37:59.4451488+01:00" endTime="2023-12-22T09:37:59.4607710+01:00" testType="13cdc9d9-ddb5-4fa4-a97d-d965ccfc6d4b" outcome="Passed" testListId="8c84fa94-04c1-424b-9868-57a2d4851a1d" relativeResultsDirectory="180052e6-c2fd-45ca-bc36-0c3f1fe24213" />
    <UnitTestResult executionId="50be5cc7-fee4-431c-aad9-19d97913f96b" testId="6447c994-5b95-325f-325b-e1016ffa29e1" testName="IconTooltip_ShouldBeValid_WhenInteractionStateIsAddCamera" computerName="DKSR-EFI-04" duration="00:00:00.0021813" startTime="2023-12-22T09:36:14.9133295+01:00" endTime="2023-12-22T09:36:14.9133295+01:00" testType="13cdc9d9-ddb5-4fa4-a97d-d965ccfc6d4b" outcome="Passed" testListId="8c84fa94-04c1-424b-9868-57a2d4851a1d" relativeResultsDirectory="50be5cc7-fee4-431c-aad9-19d97913f96b" />
    <UnitTestResult executionId="226f3b26-6ff2-4117-aaed-1cff65294008" testId="010d6867-68dc-06fa-3b39-c2d7f5b85291" testName="PatrollingProfileViewModelTest_NameBeforeEdit" computerName="DKSR-EFI-04" duration="00:00:00.0023446" startTime="2023-12-22T09:37:57.9763825+01:00" endTime="2023-12-22T09:37:57.9920130+01:00" testType="13cdc9d9-ddb5-4fa4-a97d-d965ccfc6d4b" outcome="Passed" testListId="8c84fa94-04c1-424b-9868-57a2d4851a1d" relativeResultsDirectory="226f3b26-6ff2-4117-aaed-1cff65294008" />
    <UnitTestResult executionId="b4dc7be2-dc46-48f7-a098-4580035adeaf" testId="24aad481-07c1-3aaa-142a-c2bdd14112ca" testName="IconValueConverter_ConvertBack_Fail" computerName="DKSR-EFI-04" duration="00:00:00.0010248" startTime="2023-12-22T09:37:04.1323451+01:00" endTime="2023-12-22T09:37:04.1323451+01:00" testType="13cdc9d9-ddb5-4fa4-a97d-d965ccfc6d4b" outcome="Passed" testListId="8c84fa94-04c1-424b-9868-57a2d4851a1d" relativeResultsDirectory="b4dc7be2-dc46-48f7-a098-4580035adeaf" />
    <UnitTestResult executionId="4d397f54-6718-4dc5-be03-28daefb12790" testId="f0c6f445-2735-407d-8bd8-efde582fd792" testName="Ctor_ShouldApplyRelevanceComparer_WhenViewModelIsCreated" computerName="DKSR-EFI-04" duration="00:00:00.0058189" startTime="2023-12-22T09:37:26.2887184+01:00" endTime="2023-12-22T09:37:26.2887184+01:00" testType="13cdc9d9-ddb5-4fa4-a97d-d965ccfc6d4b" outcome="Passed" testListId="8c84fa94-04c1-424b-9868-57a2d4851a1d" relativeResultsDirectory="4d397f54-6718-4dc5-be03-28daefb12790" />
    <UnitTestResult executionId="9b754ee6-c5c1-4e77-882d-fadd24cc8fb7" testId="30200921-e950-e3ac-a65b-a4bfe480ca8a" testName="DrawEntries_BeginMidAndEndDatesRange_Success" computerName="DKSR-EFI-04" duration="00:00:00.0803751" startTime="2023-12-22T09:37:06.5698582+01:00" endTime="2023-12-22T09:37:06.6479817+01:00" testType="13cdc9d9-ddb5-4fa4-a97d-d965ccfc6d4b" outcome="Passed" testListId="8c84fa94-04c1-424b-9868-57a2d4851a1d" relativeResultsDirectory="9b754ee6-c5c1-4e77-882d-fadd24cc8fb7" />
    <UnitTestResult executionId="1afe230c-22b1-4589-85d2-58839bb96040" testId="bb4bb142-b438-3655-29db-1dd962632a41" testName="SelectTemplate_ListSelectionFilterConfiguration_ThreeOrMoreItems_ReturnsPopupTemplate" computerName="DKSR-EFI-04" duration="00:00:00.0012169" startTime="2023-12-22T09:36:30.9446657+01:00" endTime="2023-12-22T09:36:30.9446657+01:00" testType="13cdc9d9-ddb5-4fa4-a97d-d965ccfc6d4b" outcome="Passed" testListId="8c84fa94-04c1-424b-9868-57a2d4851a1d" relativeResultsDirectory="1afe230c-22b1-4589-85d2-58839bb96040" />
    <UnitTestResult executionId="bc1dde61-3be7-4795-ba1a-c6a9459d1978" testId="cd274a06-2388-99e3-3a1d-9499479d5159" testName="GetWorkspaceToolbarItems_ShouldReturnNoToolbarItems_WhenNoPluginsAndPluginGroupsAreSet" computerName="DKSR-EFI-04" duration="00:00:00.0172092" startTime="2023-12-22T09:37:58.5388891+01:00" endTime="2023-12-22T09:37:58.5545128+01:00" testType="13cdc9d9-ddb5-4fa4-a97d-d965ccfc6d4b" outcome="Passed" testListId="8c84fa94-04c1-424b-9868-57a2d4851a1d" relativeResultsDirectory="bc1dde61-3be7-4795-ba1a-c6a9459d1978" />
    <UnitTestResult executionId="911f77b2-286d-494d-8ff8-3b0102d69ae5" testId="15f7fdde-30c5-c5bb-c91a-0ce0590214e2" testName="GetViewGroups" computerName="DKSR-EFI-04" duration="00:00:00.0114090" startTime="2023-12-22T09:36:07.4289146+01:00" endTime="2023-12-22T09:36:07.4289146+01:00" testType="13cdc9d9-ddb5-4fa4-a97d-d965ccfc6d4b" outcome="Passed" testListId="8c84fa94-04c1-424b-9868-57a2d4851a1d" relativeResultsDirectory="911f77b2-286d-494d-8ff8-3b0102d69ae5" />
    <UnitTestResult executionId="e269892d-4eaa-4d6f-a327-e3a510e807b5" testId="c91e348e-da6a-7f91-b16a-f6b11cfb0f4a" testName="GetGisMapLayerFlyoutName_ShouldReturnOpenStreetMap_WhenGeographicLayerIsNull" computerName="DKSR-EFI-04" duration="00:00:00.0008708" startTime="2023-12-22T09:37:55.8513737+01:00" endTime="2023-12-22T09:37:55.8513737+01:00" testType="13cdc9d9-ddb5-4fa4-a97d-d965ccfc6d4b" outcome="Passed" testListId="8c84fa94-04c1-424b-9868-57a2d4851a1d" relativeResultsDirectory="e269892d-4eaa-4d6f-a327-e3a510e807b5" />
    <UnitTestResult executionId="74367b39-c66b-44e3-a1b3-1f264f3188c0" testId="3f5e157c-fd88-4f5a-fa14-5f5e1b9a695a" testName="NearestPossibleZoomLevel_ShouldReturnZoomLevel3_WhenScaleIsGreaterThanZoomlevel3" computerName="DKSR-EFI-04" duration="00:00:00.0010285" startTime="2023-12-22T09:36:18.9133504+01:00" endTime="2023-12-22T09:36:18.9133504+01:00" testType="13cdc9d9-ddb5-4fa4-a97d-d965ccfc6d4b" outcome="Passed" testListId="8c84fa94-04c1-424b-9868-57a2d4851a1d" relativeResultsDirectory="74367b39-c66b-44e3-a1b3-1f264f3188c0" />
    <UnitTestResult executionId="e6b3d86a-763c-48c3-8fba-eebc2de36e7f" testId="34b0562a-74f3-0cb2-347b-f7ebddcca606" testName="IOState_ShouldYieldSameValuesForAllEnumValues_WhenRoundTripConverted (Activated,Activated)" computerName="DKSR-EFI-04" duration="00:00:00.0078856" startTime="2023-12-22T09:36:00.5851589+01:00" endTime="2023-12-22T09:36:00.5851589+01:00" testType="13cdc9d9-ddb5-4fa4-a97d-d965ccfc6d4b" outcome="Passed" testListId="8c84fa94-04c1-424b-9868-57a2d4851a1d" relativeResultsDirectory="e6b3d86a-763c-48c3-8fba-eebc2de36e7f" />
    <UnitTestResult executionId="f9e82eeb-6a8c-4495-82a4-03a4bbe2876f" testId="1f8f2766-504d-6eef-54e8-b4e73b68637d" testName="TestInitializeWorkrooms_AllBuiltinWorkrooms_Success" computerName="DKSR-EFI-04" duration="00:00:00.7022589" startTime="2023-12-22T09:36:05.9757827+01:00" endTime="2023-12-22T09:36:06.6789113+01:00" testType="13cdc9d9-ddb5-4fa4-a97d-d965ccfc6d4b" outcome="Passed" testListId="8c84fa94-04c1-424b-9868-57a2d4851a1d" relativeResultsDirectory="f9e82eeb-6a8c-4495-82a4-03a4bbe2876f" />
    <UnitTestResult executionId="fcd0dd25-a81b-443c-a187-2f23ff04f98d" testId="b78c4a54-8a8a-cc80-cfbb-7be5b5023229" testName="DeserializeAlianXml_Fail" computerName="DKSR-EFI-04" duration="00:00:00.0001439" startTime="2023-12-22T09:38:08.0233202+01:00" endTime="2023-12-22T09:38:08.0233202+01:00" testType="13cdc9d9-ddb5-4fa4-a97d-d965ccfc6d4b" outcome="Passed" testListId="8c84fa94-04c1-424b-9868-57a2d4851a1d" relativeResultsDirectory="fcd0dd25-a81b-443c-a187-2f23ff04f98d" />
    <UnitTestResult executionId="bf578e20-2f58-4c4a-b135-4cb3cf48be4e" testId="e0f9e943-40a9-c69d-3157-2bda05edf6aa" testName="TestTaskUpdate" computerName="DKSR-EFI-04" duration="00:00:00.0380611" startTime="2023-12-22T09:37:59.6326471+01:00" endTime="2023-12-22T09:37:59.6639005+01:00" testType="13cdc9d9-ddb5-4fa4-a97d-d965ccfc6d4b" outcome="Passed" testListId="8c84fa94-04c1-424b-9868-57a2d4851a1d" relativeResultsDirectory="bf578e20-2f58-4c4a-b135-4cb3cf48be4e" />
    <UnitTestResult executionId="644e45ee-f95f-4a2a-99a2-57360666d5e2" testId="84fbc41b-f8b3-97c4-0d80-49164e74cf8a" testName="ApplyStatesToUi_StateWithItemSize_UpdateItemSizeCalled" computerName="DKSR-EFI-04" duration="00:00:01.3026392" startTime="2023-12-22T09:36:50.0853935+01:00" endTime="2023-12-22T09:36:51.3822744+01:00" testType="13cdc9d9-ddb5-4fa4-a97d-d965ccfc6d4b" outcome="Passed" testListId="8c84fa94-04c1-424b-9868-57a2d4851a1d" relativeResultsDirectory="644e45ee-f95f-4a2a-99a2-57360666d5e2" />
    <UnitTestResult executionId="462aff0e-f061-49e0-b7cf-3b7d242f83f8" testId="7b2ce89e-8bf2-0763-c57e-0285adbdcf5c" testName="Constructor_ShouldRaiseArgumentNullException_WhenLayersIsNull" computerName="DKSR-EFI-04" duration="00:00:00.0018695" startTime="2023-12-22T09:37:55.7732541+01:00" endTime="2023-12-22T09:37:55.7732541+01:00" testType="13cdc9d9-ddb5-4fa4-a97d-d965ccfc6d4b" outcome="Passed" testListId="8c84fa94-04c1-424b-9868-57a2d4851a1d" relativeResultsDirectory="462aff0e-f061-49e0-b7cf-3b7d242f83f8" />
    <UnitTestResult executionId="94ab9074-016c-401a-9766-29df2b73b0a3" testId="9029e935-145d-d5fd-fae9-96c860349038" testName="GetClusters_AddedItems_ClustersForAddedItems (Data Row 3)" computerName="DKSR-EFI-04" duration="00:00:00.0088359" startTime="2023-12-22T09:37:57.5232605+01:00" endTime="2023-12-22T09:37:57.7107610+01:00" testType="13cdc9d9-ddb5-4fa4-a97d-d965ccfc6d4b" outcome="Passed" testListId="8c84fa94-04c1-424b-9868-57a2d4851a1d" relativeResultsDirectory="94ab9074-016c-401a-9766-29df2b73b0a3" />
    <UnitTestResult executionId="f2baee73-657a-4aec-8b74-89cb45118170" testId="02670d69-ce2a-fe6d-73fd-2b66fd26f5d4" testName="AddToExportDevices_ShouldReturnCorrectResult (1,1,1)" computerName="DKSR-EFI-04" duration="00:00:00.0016969" startTime="2023-12-22T09:38:00.1014009+01:00" endTime="2023-12-22T09:38:00.1170267+01:00" testType="13cdc9d9-ddb5-4fa4-a97d-d965ccfc6d4b" outcome="Passed" testListId="8c84fa94-04c1-424b-9868-57a2d4851a1d" relativeResultsDirectory="f2baee73-657a-4aec-8b74-89cb45118170" />
    <UnitTestResult executionId="53d33f2a-0aee-4b14-8e9b-9517229386ad" testId="e297916a-d955-c1ee-c31e-2f68ca7e1b88" testName="HandlePermissionDeniedResults_ShouldShowMessageAndToast (0,0)" computerName="DKSR-EFI-04" duration="00:00:00.0019955" startTime="2023-12-22T09:38:00.3357779+01:00" endTime="2023-12-22T09:38:00.3357779+01:00" testType="13cdc9d9-ddb5-4fa4-a97d-d965ccfc6d4b" outcome="Passed" testListId="8c84fa94-04c1-424b-9868-57a2d4851a1d" relativeResultsDirectory="53d33f2a-0aee-4b14-8e9b-9517229386ad" />
    <UnitTestResult executionId="349cb77e-cc43-4fc9-b272-472aa7a3a749" testId="8bf4ac3f-d50d-8962-2b87-11176401d4e7" testName="ResolveSearchDefinitions_ShouldReturnResultSearchDefinition_WhenSingleSearchResultAndEmptySearchDefinitionsAreGiven" computerName="DKSR-EFI-04" duration="00:00:00.0005145" startTime="2023-12-22T09:37:33.6950044+01:00" endTime="2023-12-22T09:37:33.6950044+01:00" testType="13cdc9d9-ddb5-4fa4-a97d-d965ccfc6d4b" outcome="Passed" testListId="8c84fa94-04c1-424b-9868-57a2d4851a1d" relativeResultsDirectory="349cb77e-cc43-4fc9-b272-472aa7a3a749" />
    <UnitTestResult executionId="c053f853-e895-4652-aeac-ee43bd3ec187" testId="fca611f3-84ae-9eb6-8d99-31763ce69bf9" testName="GetWorkspaceToolbarItems_ShouldReturnCorrectToolbarItemAsVisible_WhenWorkspaceIsDifferentForPlugins" computerName="DKSR-EFI-04" duration="00:00:00.0025716" startTime="2023-12-22T09:37:58.7420177+01:00" endTime="2023-12-22T09:37:58.7420177+01:00" testType="13cdc9d9-ddb5-4fa4-a97d-d965ccfc6d4b" outcome="Passed" testListId="8c84fa94-04c1-424b-9868-57a2d4851a1d" relativeResultsDirectory="c053f853-e895-4652-aeac-ee43bd3ec187" />
    <UnitTestResult executionId="c04d10aa-d2dd-4617-884b-29c5d65f8a17" testId="db58b9a0-b265-e010-375f-3c8e68defc73" testName="GetUserOptions_ShouldNotDecryptOptions_WhenServerIs2020R3OrNewer" computerName="DKSR-EFI-04" duration="00:00:00.0024207" startTime="2023-12-22T09:38:00.3982776+01:00" endTime="2023-12-22T09:38:00.3982776+01:00" testType="13cdc9d9-ddb5-4fa4-a97d-d965ccfc6d4b" outcome="Passed" testListId="8c84fa94-04c1-424b-9868-57a2d4851a1d" relativeResultsDirectory="c04d10aa-d2dd-4617-884b-29c5d65f8a17" />
    <UnitTestResult executionId="2bcc8478-a77c-4d9b-9452-4e45a4f22fde" testId="790684f3-79cb-8225-0da5-fcb35e52e25a" testName="BuildSessionStarted_ShouldReturnCorrectValues" computerName="DKSR-EFI-04" duration="00:00:00.0199670" startTime="2023-12-22T09:38:06.1170594+01:00" endTime="2023-12-22T09:38:06.1327034+01:00" testType="13cdc9d9-ddb5-4fa4-a97d-d965ccfc6d4b" outcome="Passed" testListId="8c84fa94-04c1-424b-9868-57a2d4851a1d" relativeResultsDirectory="2bcc8478-a77c-4d9b-9452-4e45a4f22fde" />
    <UnitTestResult executionId="b1a71885-355d-45a6-9c0d-36f2a48e330a" testId="e9263aa8-347f-0f52-1f4b-0a131d318784" testName="HandleGetLayerFeatures_ShouldRaiseArgumentException_WhenNotCameraKind" computerName="DKSR-EFI-04" duration="00:00:00.0011302" startTime="2023-12-22T09:37:55.7576319+01:00" endTime="2023-12-22T09:37:55.7576319+01:00" testType="13cdc9d9-ddb5-4fa4-a97d-d965ccfc6d4b" outcome="Passed" testListId="8c84fa94-04c1-424b-9868-57a2d4851a1d" relativeResultsDirectory="b1a71885-355d-45a6-9c0d-36f2a48e330a" />
    <UnitTestResult executionId="89a9cff9-9559-4009-9135-6a99158e3d96" testId="92049893-c7c1-0d80-70d7-8d0471e997cf" testName="EndSelection_ShouldStartInPlaceEditMode_WhenItemIsTheOnlySelectedItem" computerName="DKSR-EFI-04" duration="00:00:00.0130210" startTime="2023-12-22T09:36:18.8196011+01:00" endTime="2023-12-22T09:36:18.8352256+01:00" testType="13cdc9d9-ddb5-4fa4-a97d-d965ccfc6d4b" outcome="Passed" testListId="8c84fa94-04c1-424b-9868-57a2d4851a1d" relativeResultsDirectory="89a9cff9-9559-4009-9135-6a99158e3d96" />
    <UnitTestResult executionId="cb2f17b7-d8d1-432d-a2cd-09be5af2f739" testId="15d239ea-71aa-55f8-a2eb-41474406f678" testName="PopulateTooltip_SingleResultsFromSingleCamera24Hours_ValidText" computerName="DKSR-EFI-04" duration="00:00:00.0340525" startTime="2023-12-22T09:37:17.1324137+01:00" endTime="2023-12-22T09:37:17.1636683+01:00" testType="13cdc9d9-ddb5-4fa4-a97d-d965ccfc6d4b" outcome="Passed" testListId="8c84fa94-04c1-424b-9868-57a2d4851a1d" relativeResultsDirectory="cb2f17b7-d8d1-432d-a2cd-09be5af2f739" />
    <UnitTestResult executionId="a5ce6b87-cd17-4753-a562-209345adcdf5" testId="b58eb60e-3eb1-72c6-0301-c9875128ee4e" testName="PopulateTooltip_ManyResultsFromFewCameras24Hours_ValidText" computerName="DKSR-EFI-04" duration="00:00:00.3331050" startTime="2023-12-22T09:37:18.4918005+01:00" endTime="2023-12-22T09:37:18.8355469+01:00" testType="13cdc9d9-ddb5-4fa4-a97d-d965ccfc6d4b" outcome="Passed" testListId="8c84fa94-04c1-424b-9868-57a2d4851a1d" relativeResultsDirectory="a5ce6b87-cd17-4753-a562-209345adcdf5" />
    <UnitTestResult executionId="dd5ac9da-c014-439b-8d94-51149f84f07d" testId="e7e1ec7e-8e1e-7f8d-e3da-59506c852ed4" testName="InputItemsMapLayer_Load_Save_DataIsSame_WhenInputIsEnabled" computerName="DKSR-EFI-04" duration="00:00:00.0113081" startTime="2023-12-22T09:37:50.1169702+01:00" endTime="2023-12-22T09:37:50.1325976+01:00" testType="13cdc9d9-ddb5-4fa4-a97d-d965ccfc6d4b" outcome="Passed" testListId="8c84fa94-04c1-424b-9868-57a2d4851a1d" relativeResultsDirectory="dd5ac9da-c014-439b-8d94-51149f84f07d" />
    <UnitTestResult executionId="305a04f8-4071-43fe-bf0f-bc4ed1619342" testId="d381fedf-8c58-4a19-b08e-ee127d4421c9" testName="CreateItemUserControl_CombinedSearchResultDataWrapperParameter_ControlCreatedAndInitialized" computerName="DKSR-EFI-04" duration="00:00:01.3539121" startTime="2023-12-22T09:36:36.7103210+01:00" endTime="2023-12-22T09:36:38.0543016+01:00" testType="13cdc9d9-ddb5-4fa4-a97d-d965ccfc6d4b" outcome="Passed" testListId="8c84fa94-04c1-424b-9868-57a2d4851a1d" relativeResultsDirectory="305a04f8-4071-43fe-bf0f-bc4ed1619342" />
    <UnitTestResult executionId="87456947-545c-435d-8998-39dd4a53aa44" testId="3d282549-a7d7-f787-c093-a6611551ad0d" testName="SearchCriteriaFilterValues_ValidatePopupFunctionalityInDialog_Success" computerName="DKSR-EFI-04" duration="00:00:00.4096176" startTime="2023-12-22T09:37:21.4918089+01:00" endTime="2023-12-22T09:37:21.8980698+01:00" testType="13cdc9d9-ddb5-4fa4-a97d-d965ccfc6d4b" outcome="Passed" testListId="8c84fa94-04c1-424b-9868-57a2d4851a1d" relativeResultsDirectory="87456947-545c-435d-8998-39dd4a53aa44" />
    <UnitTestResult executionId="5a10fbef-ec13-40bd-837d-de340b5c3471" testId="489bb6c1-57c4-1ecc-b27a-2b7660cd9960" testName="ValidateExportFormats_SmartClientPlayerFormat_ShouldReturnFailResult_ProjectCommentRequired" computerName="DKSR-EFI-04" duration="00:00:00.0177161" startTime="2023-12-22T09:36:29.9134094+01:00" endTime="2023-12-22T09:36:29.9290352+01:00" testType="13cdc9d9-ddb5-4fa4-a97d-d965ccfc6d4b" outcome="Passed" testListId="8c84fa94-04c1-424b-9868-57a2d4851a1d" relativeResultsDirectory="5a10fbef-ec13-40bd-837d-de340b5c3471" />
    <UnitTestResult executionId="d8fdd3bd-e6dd-4ec2-9fdd-bb74291e90c1" testId="60c69ff5-89b2-197d-90c0-5219587cb80d" testName="Deserialize_MissingItemKind_Error" computerName="DKSR-EFI-04" duration="00:00:00.0012113" startTime="2023-12-22T09:37:35.3981411+01:00" endTime="2023-12-22T09:37:35.4137736+01:00" testType="13cdc9d9-ddb5-4fa4-a97d-d965ccfc6d4b" outcome="Passed" testListId="8c84fa94-04c1-424b-9868-57a2d4851a1d" relativeResultsDirectory="d8fdd3bd-e6dd-4ec2-9fdd-bb74291e90c1" />
    <UnitTestResult executionId="9ebd3bf6-c7af-4136-a5e9-4fac381ac70e" testId="310bd126-7eaa-5bf4-39f9-05d7e2e492eb" testName="MakeId_ShouldGenerateSameId_WhenResultsChangeOrderButResultsAreSame" computerName="DKSR-EFI-04" duration="00:00:00.0004482" startTime="2023-12-22T09:37:35.2577089+01:00" endTime="2023-12-22T09:37:35.2577089+01:00" testType="13cdc9d9-ddb5-4fa4-a97d-d965ccfc6d4b" outcome="Passed" testListId="8c84fa94-04c1-424b-9868-57a2d4851a1d" relativeResultsDirectory="9ebd3bf6-c7af-4136-a5e9-4fac381ac70e" />
    <UnitTestResult executionId="522672e8-3a61-4211-befa-111a5ae102c2" testId="c90acf43-beb9-9440-08e2-aeffc5687d1e" testName="DetermineUserAllowsUnsecureConnection_WhereUserIsAskedAndChoiceIsSaved_ShouldCallLoginManager" computerName="DKSR-EFI-04" duration="00:00:00.0463868" startTime="2023-12-22T09:36:03.6007701+01:00" endTime="2023-12-22T09:36:03.6476475+01:00" testType="13cdc9d9-ddb5-4fa4-a97d-d965ccfc6d4b" outcome="Passed" testListId="8c84fa94-04c1-424b-9868-57a2d4851a1d" relativeResultsDirectory="522672e8-3a61-4211-befa-111a5ae102c2" />
    <UnitTestResult executionId="2c60a4b1-8881-4e9e-9ffa-449134c67695" testId="35fc3a4c-edd3-265e-4852-719b6a1e2df7" testName="Close_ViewIsDisposed" computerName="DKSR-EFI-04" duration="00:00:00.0098158" startTime="2023-12-22T09:36:29.3665327+01:00" endTime="2023-12-22T09:36:29.3821591+01:00" testType="13cdc9d9-ddb5-4fa4-a97d-d965ccfc6d4b" outcome="Passed" testListId="8c84fa94-04c1-424b-9868-57a2d4851a1d" relativeResultsDirectory="2c60a4b1-8881-4e9e-9ffa-449134c67695" />
    <UnitTestResult executionId="5861e63e-4d83-4d22-9992-dbc1093ad4d8" testId="18369d63-550f-80cc-1769-12a3b1196b7b" testName="OnLayersRetrieved_ShouldSetComponentsOrdered_WhenLayersCollectionContainsCameraAndInputAndOutput" computerName="DKSR-EFI-04" duration="00:00:00.0224681" startTime="2023-12-22T09:36:13.0070708+01:00" endTime="2023-12-22T09:36:13.0383198+01:00" testType="13cdc9d9-ddb5-4fa4-a97d-d965ccfc6d4b" outcome="Passed" testListId="8c84fa94-04c1-424b-9868-57a2d4851a1d" relativeResultsDirectory="5861e63e-4d83-4d22-9992-dbc1093ad4d8" />
    <UnitTestResult executionId="9beaa0c7-9b38-4f63-8d06-7f15ad4d6f37" testId="5c82a30b-ee73-73a7-ae23-b19a1b7c7820" testName="DisplayErrorOnNotificationArea_NoItemsSupportedSearchError_Success" computerName="DKSR-EFI-04" duration="00:00:00.0092496" startTime="2023-12-22T09:37:28.1793489+01:00" endTime="2023-12-22T09:37:28.1949709+01:00" testType="13cdc9d9-ddb5-4fa4-a97d-d965ccfc6d4b" outcome="Passed" testListId="8c84fa94-04c1-424b-9868-57a2d4851a1d" relativeResultsDirectory="9beaa0c7-9b38-4f63-8d06-7f15ad4d6f37" />
    <UnitTestResult executionId="9628abee-ade2-4b0e-8f2c-60b43b416a9a" testId="daba4ba3-c0c2-8c2c-c76e-9c5fdbf89a9e" testName="Ctor_CentralizedSearchStateWithSelectedSearchResults_SelectionHelperInitialized" computerName="DKSR-EFI-04" duration="00:00:00.0102636" startTime="2023-12-22T09:37:27.9137229+01:00" endTime="2023-12-22T09:37:27.9293493+01:00" testType="13cdc9d9-ddb5-4fa4-a97d-d965ccfc6d4b" outcome="Passed" testListId="8c84fa94-04c1-424b-9868-57a2d4851a1d" relativeResultsDirectory="9628abee-ade2-4b0e-8f2c-60b43b416a9a" />
    <UnitTestResult executionId="aefb71fd-a9c5-49c2-86bd-d69f7c12c62d" testId="6235db2c-29a6-4a28-c065-7643ea0e2363" testName="PtzSessionController_Register_Non_PTZ_Camera_Test" computerName="DKSR-EFI-04" duration="00:00:00.0034618" startTime="2023-12-22T09:36:07.1476638+01:00" endTime="2023-12-22T09:36:07.1632877+01:00" testType="13cdc9d9-ddb5-4fa4-a97d-d965ccfc6d4b" outcome="Passed" testListId="8c84fa94-04c1-424b-9868-57a2d4851a1d" relativeResultsDirectory="aefb71fd-a9c5-49c2-86bd-d69f7c12c62d" />
    <UnitTestResult executionId="a50c6dd0-7ba9-4413-aa85-75cd1bc031a0" testId="f680908c-3b4b-7b4d-7066-6e5fce7c0b27" testName="GetClusters_ExcludeThenIncludeExcludedItems_NoChange (Data Row 10)" computerName="DKSR-EFI-04" duration="00:00:00.0086863" startTime="2023-12-22T09:37:56.4607518+01:00" endTime="2023-12-22T09:37:56.6638974+01:00" testType="13cdc9d9-ddb5-4fa4-a97d-d965ccfc6d4b" outcome="Passed" testListId="8c84fa94-04c1-424b-9868-57a2d4851a1d" relativeResultsDirectory="a50c6dd0-7ba9-4413-aa85-75cd1bc031a0" />
    <UnitTestResult executionId="b3be42ee-e770-4ee1-a0bf-fd2bd0d70ac1" testId="db90aeda-99d3-8862-c893-f6a75596efbc" testName="PatrollingStepViewModel_ExpectedTransitionTimeToPreset" computerName="DKSR-EFI-04" duration="00:00:00.0045813" startTime="2023-12-22T09:37:58.1170123+01:00" endTime="2023-12-22T09:37:58.1170123+01:00" testType="13cdc9d9-ddb5-4fa4-a97d-d965ccfc6d4b" outcome="Passed" testListId="8c84fa94-04c1-424b-9868-57a2d4851a1d" relativeResultsDirectory="b3be42ee-e770-4ee1-a0bf-fd2bd0d70ac1" />
    <UnitTestResult executionId="dffee0af-6f60-40ad-93a2-cc51acc59910" testId="d7f3ae8c-bf97-f47d-48ab-b1fc5ef00c66" testName="MaxRegionsAllowed_ShouldBeProvidedMax_WhenProvidedMaxIsPositive" computerName="DKSR-EFI-04" duration="00:00:00.0001738" startTime="2023-12-22T09:37:49.0857147+01:00" endTime="2023-12-22T09:37:49.0857147+01:00" testType="13cdc9d9-ddb5-4fa4-a97d-d965ccfc6d4b" outcome="Passed" testListId="8c84fa94-04c1-424b-9868-57a2d4851a1d" relativeResultsDirectory="dffee0af-6f60-40ad-93a2-cc51acc59910" />
    <UnitTestResult executionId="9d1e388a-1b81-437e-a21c-84fef7604f19" testId="58baf932-aaa1-22e9-3f8a-ec584346b657" testName="Dispose_WhenWaitingToPerformAction_CancelsAction" computerName="DKSR-EFI-04" duration="00:00:00.0257639" startTime="2023-12-22T09:36:07.3976655+01:00" endTime="2023-12-22T09:36:07.4289146+01:00" testType="13cdc9d9-ddb5-4fa4-a97d-d965ccfc6d4b" outcome="Passed" testListId="8c84fa94-04c1-424b-9868-57a2d4851a1d" relativeResultsDirectory="9d1e388a-1b81-437e-a21c-84fef7604f19" />
    <UnitTestResult executionId="156f75c4-fa1f-4cf8-9fdf-19f98b742eff" testId="9b54bf22-f513-708f-8279-2654a94cc1cf" testName="Ctor_NullDefinition_Throws" computerName="DKSR-EFI-04" duration="00:00:00.0006884" startTime="2023-12-22T09:37:24.4449558+01:00" endTime="2023-12-22T09:37:24.4449558+01:00" testType="13cdc9d9-ddb5-4fa4-a97d-d965ccfc6d4b" outcome="Passed" testListId="8c84fa94-04c1-424b-9868-57a2d4851a1d" relativeResultsDirectory="156f75c4-fa1f-4cf8-9fdf-19f98b742eff" />
    <UnitTestResult executionId="29aaa73f-29a4-4037-86e7-a4a2e2810303" testId="905c94e4-bdc8-1fe6-5444-613a4eb6d1c7" testName="SearchResultsActionBarActions_SendToFloatingWindowVerifyTimeSelectionInterval_InvokeCommand_WarningDialogDisplayed" computerName="DKSR-EFI-04" duration="00:00:00.0152386" startTime="2023-12-22T09:37:25.4605800+01:00" endTime="2023-12-22T09:37:25.4763600+01:00" testType="13cdc9d9-ddb5-4fa4-a97d-d965ccfc6d4b" outcome="Passed" testListId="8c84fa94-04c1-424b-9868-57a2d4851a1d" relativeResultsDirectory="29aaa73f-29a4-4037-86e7-a4a2e2810303" />
    <UnitTestResult executionId="ea9b06b7-81ed-4aef-acaf-790d8b2d4d11" testId="b6ee4187-2f4d-362e-5b8c-3b73aeaf5c65" testName="SearchResultsActionBarActions_DeleteBookmark_2Results1Failed_DeleteBookmarkInvoked" computerName="DKSR-EFI-04" duration="00:00:00.0187337" startTime="2023-12-22T09:37:26.0074655+01:00" endTime="2023-12-22T09:37:26.0230852+01:00" testType="13cdc9d9-ddb5-4fa4-a97d-d965ccfc6d4b" outcome="Passed" testListId="8c84fa94-04c1-424b-9868-57a2d4851a1d" relativeResultsDirectory="ea9b06b7-81ed-4aef-acaf-790d8b2d4d11" />
    <UnitTestResult executionId="f4088fe5-a150-4e5a-a5d7-dd46d75a56e9" testId="d2f75ecd-c8ef-a49e-a7d9-9ac8db3c0867" testName="BoundingBoxValidAndInValidData" computerName="DKSR-EFI-04" duration="00:00:00.0088283" startTime="2023-12-22T09:38:01.7420347+01:00" endTime="2023-12-22T09:38:01.7576649+01:00" testType="13cdc9d9-ddb5-4fa4-a97d-d965ccfc6d4b" outcome="Passed" testListId="8c84fa94-04c1-424b-9868-57a2d4851a1d" relativeResultsDirectory="f4088fe5-a150-4e5a-a5d7-dd46d75a56e9" />
    <UnitTestResult executionId="7fa1cabe-38e6-4b80-a7b0-69e16d1bfd8b" testId="a112e5f5-c328-3fe0-6f6d-307e1fa97026" testName="Compare_NullVsNotNullDescending_LessThan" computerName="DKSR-EFI-04" duration="00:00:00.0001590" startTime="2023-12-22T09:37:35.2887642+01:00" endTime="2023-12-22T09:37:35.2887642+01:00" testType="13cdc9d9-ddb5-4fa4-a97d-d965ccfc6d4b" outcome="Passed" testListId="8c84fa94-04c1-424b-9868-57a2d4851a1d" relativeResultsDirectory="7fa1cabe-38e6-4b80-a7b0-69e16d1bfd8b" />
    <UnitTestResult executionId="3e9cacbb-34e9-4fe7-8990-d3adeecb1abf" testId="b3439aa9-ae3f-b685-1de2-36964f947d35" testName="JPEGDataDto_ShouldYieldSameValues_WhenRoundTripConverted" computerName="DKSR-EFI-04" duration="00:00:00.0032821" startTime="2023-12-22T09:36:00.2882515+01:00" endTime="2023-12-22T09:36:00.3038746+01:00" testType="13cdc9d9-ddb5-4fa4-a97d-d965ccfc6d4b" outcome="Passed" testListId="8c84fa94-04c1-424b-9868-57a2d4851a1d" relativeResultsDirectory="3e9cacbb-34e9-4fe7-8990-d3adeecb1abf" />
    <UnitTestResult executionId="7e92e6cb-4d45-4b50-b0fb-3f6d1f0d4030" testId="f680908c-3b4b-7b4d-7066-6e5fce7c0b27" testName="GetClusters_ExcludeThenIncludeExcludedItems_NoChange (Data Row 16)" computerName="DKSR-EFI-04" duration="00:00:00.0116981" startTime="2023-12-22T09:37:56.4607518+01:00" endTime="2023-12-22T09:37:56.6638974+01:00" testType="13cdc9d9-ddb5-4fa4-a97d-d965ccfc6d4b" outcome="Passed" testListId="8c84fa94-04c1-424b-9868-57a2d4851a1d" relativeResultsDirectory="7e92e6cb-4d45-4b50-b0fb-3f6d1f0d4030" />
    <UnitTestResult executionId="089eeabb-415b-4eb9-854d-e6b060de17fa" testId="ba253b92-69e3-4e4f-d52c-11bff46fb10e" testName="DeleteLevel1Of12_Success" computerName="DKSR-EFI-04" duration="00:00:00.0356288" startTime="2023-12-22T09:37:55.5544933+01:00" endTime="2023-12-22T09:37:55.5857464+01:00" testType="13cdc9d9-ddb5-4fa4-a97d-d965ccfc6d4b" outcome="Passed" testListId="8c84fa94-04c1-424b-9868-57a2d4851a1d" relativeResultsDirectory="089eeabb-415b-4eb9-854d-e6b060de17fa">
      <Output>
        <StdOut>Debug Trace:&#xD;
 &gt;&gt;&gt; ERROR: System.NullReferenceException: Object reference not set to an instance of an object.&#xD;
   at VideoOS.RemoteClient.GisMapData.MapBuildings.MapLevel.&lt;LoadLayersAsync&gt;d__71.MoveNext() in D:\actions-runner\_work\XPCO\XPCO\SC\Components\dotNet\VideoOS.RemoteClient.GisMapData\MapBuildings\MapLevel.cs:line 283&#xD;
 &gt;&gt;&gt; Stack:    at VideoOS.RemoteClient.GisMapData.MapBuildings.MapLevel.&lt;LoadLayersAsync&gt;d__71.MoveNext() in D:\actions-runner\_work\XPCO\XPCO\SC\Components\dotNet\VideoOS.RemoteClient.GisMapData\MapBuildings\MapLevel.cs:line 283&#xD;
 &gt;&gt;&gt; ERROR: System.NullReferenceException: Object reference not set to an instance of an object.&#xD;
   at VideoOS.RemoteClient.GisMapData.MapBuildings.MapLevel.&lt;LoadLayersAsync&gt;d__71.MoveNext() in D:\actions-runner\_work\XPCO\XPCO\SC\Components\dotNet\VideoOS.RemoteClient.GisMapData\MapBuildings\MapLevel.cs:line 283&#xD;
 &gt;&gt;&gt; Stack:    at VideoOS.RemoteClient.GisMapData.MapBuildings.MapLevel.&lt;LoadLayersAsync&gt;d__71.MoveNext() in D:\actions-runner\_work\XPCO\XPCO\SC\Components\dotNet\VideoOS.RemoteClient.GisMapData\MapBuildings\MapLevel.cs:line 283</StdOut>
      </Output>
    </UnitTestResult>
    <UnitTestResult executionId="a353a666-96ee-47d6-9e2f-69d19385a051" testId="9029e935-145d-d5fd-fae9-96c860349038" testName="GetClusters_AddedItems_ClustersForAddedItems (Data Row 15)" computerName="DKSR-EFI-04" duration="00:00:00.0087112" startTime="2023-12-22T09:37:57.5232605+01:00" endTime="2023-12-22T09:37:57.7107610+01:00" testType="13cdc9d9-ddb5-4fa4-a97d-d965ccfc6d4b" outcome="Passed" testListId="8c84fa94-04c1-424b-9868-57a2d4851a1d" relativeResultsDirectory="a353a666-96ee-47d6-9e2f-69d19385a051" />
    <UnitTestResult executionId="dae81034-9d1e-499c-9de3-c008343d5b7e" testId="c0bd9a37-5d67-88a0-bfcd-3be0c84b2355" testName="SelectTemplate_SliderFilterConfiguration_ReturnsInlineTemplate" computerName="DKSR-EFI-04" duration="00:00:00.0013278" startTime="2023-12-22T09:36:30.9290401+01:00" endTime="2023-12-22T09:36:30.9290401+01:00" testType="13cdc9d9-ddb5-4fa4-a97d-d965ccfc6d4b" outcome="Passed" testListId="8c84fa94-04c1-424b-9868-57a2d4851a1d" relativeResultsDirectory="dae81034-9d1e-499c-9de3-c008343d5b7e" />
    <UnitTestResult executionId="a1e6e92a-31ef-461c-8cb1-22d0d9d57578" testId="3d65563e-5c93-99b0-3def-2e75403bb40e" testName="CreateDefinition_NoItems_SearchNotStarted" computerName="DKSR-EFI-04" duration="00:00:00.0040513" startTime="2023-12-22T09:37:34.6325133+01:00" endTime="2023-12-22T09:37:34.6325133+01:00" testType="13cdc9d9-ddb5-4fa4-a97d-d965ccfc6d4b" outcome="Passed" testListId="8c84fa94-04c1-424b-9868-57a2d4851a1d" relativeResultsDirectory="a1e6e92a-31ef-461c-8cb1-22d0d9d57578" />
    <UnitTestResult executionId="1c661533-8b92-4446-997a-a28b15243328" testId="d44210af-46ab-fec2-8d60-032381467d22" testName="PtzPresetsMenuViewModelConstructorTest" computerName="DKSR-EFI-04" duration="00:00:00.0020405" startTime="2023-12-22T09:38:04.1483004+01:00" endTime="2023-12-22T09:38:04.1483004+01:00" testType="13cdc9d9-ddb5-4fa4-a97d-d965ccfc6d4b" outcome="Passed" testListId="8c84fa94-04c1-424b-9868-57a2d4851a1d" relativeResultsDirectory="1c661533-8b92-4446-997a-a28b15243328" />
    <UnitTestResult executionId="4e2e0b27-a5ac-4c69-b8f9-fd16159536d7" testId="afde7264-8c54-4b55-3afb-8cc9db7bdd2c" testName="SupportsRightClick_ShouldBeTrue_WhenInteractionStateIsNormal" computerName="DKSR-EFI-04" duration="00:00:00.0707546" startTime="2023-12-22T09:36:21.0383601+01:00" endTime="2023-12-22T09:36:21.1008630+01:00" testType="13cdc9d9-ddb5-4fa4-a97d-d965ccfc6d4b" outcome="Passed" testListId="8c84fa94-04c1-424b-9868-57a2d4851a1d" relativeResultsDirectory="4e2e0b27-a5ac-4c69-b8f9-fd16159536d7" />
    <UnitTestResult executionId="af5a0dcd-ddda-47ba-9428-be08dd91a20f" testId="a93415ec-de36-b2ea-d5e2-6436a58b1c63" testName="BookmarkSearchTime_WithSearchStringInDifferentCases_ReturnCorrectBookmarkWithSearchStringInDescription (SeArChStRiNg,False,True,False,False,,,1)" computerName="DKSR-EFI-04" duration="00:00:00.0031129" startTime="2023-12-22T09:38:01.3514138+01:00" endTime="2023-12-22T09:38:01.3514138+01:00" testType="13cdc9d9-ddb5-4fa4-a97d-d965ccfc6d4b" outcome="Passed" testListId="8c84fa94-04c1-424b-9868-57a2d4851a1d" relativeResultsDirectory="af5a0dcd-ddda-47ba-9428-be08dd91a20f" />
    <UnitTestResult executionId="00ab5be9-51f2-489f-bc42-55761e966a37" testId="8d2c3378-22f0-b4e2-6833-c26077a86417" testName="PointMapItem_MicrophoneWithNoShortName_Success" computerName="DKSR-EFI-04" duration="00:00:00.0515186" startTime="2023-12-22T09:37:54.4919937+01:00" endTime="2023-12-22T09:37:54.5544935+01:00" testType="13cdc9d9-ddb5-4fa4-a97d-d965ccfc6d4b" outcome="Passed" testListId="8c84fa94-04c1-424b-9868-57a2d4851a1d" relativeResultsDirectory="00ab5be9-51f2-489f-bc42-55761e966a37" />
    <UnitTestResult executionId="85e2dc96-095c-4ce1-9a39-64e9f70989fd" testId="8d265b40-4d86-0fef-5f08-51df41bf9c7a" testName="ConvertBack_ShouldAlwaysThrowException" computerName="DKSR-EFI-04" duration="00:00:00.0011181" startTime="2023-12-22T09:36:07.8664202+01:00" endTime="2023-12-22T09:36:07.8664202+01:00" testType="13cdc9d9-ddb5-4fa4-a97d-d965ccfc6d4b" outcome="Passed" testListId="8c84fa94-04c1-424b-9868-57a2d4851a1d" relativeResultsDirectory="85e2dc96-095c-4ce1-9a39-64e9f70989fd" />
    <UnitTestResult executionId="0e652885-10fa-4fe9-a9ce-c2841d4604f2" testId="b00af7f0-604c-fe77-ba1c-c7a5845e3353" testName="AddResults_ExcludePartialResults_TwoPartialResult_Success" computerName="DKSR-EFI-04" duration="00:00:00.0023049" startTime="2023-12-22T09:37:35.1168886+01:00" endTime="2023-12-22T09:37:35.1168886+01:00" testType="13cdc9d9-ddb5-4fa4-a97d-d965ccfc6d4b" outcome="Passed" testListId="8c84fa94-04c1-424b-9868-57a2d4851a1d" relativeResultsDirectory="0e652885-10fa-4fe9-a9ce-c2841d4604f2" />
    <UnitTestResult executionId="1833b69a-1762-480c-b97e-325e9bf43821" testId="bc1eab18-b23a-a958-6a7b-2426121871d6" testName="AndOrSearchDefinitionToVisibilityMultiConverter_CallConvert_WithNullSearchDefinitionWrapper" computerName="DKSR-EFI-04" duration="00:00:00.0012568" startTime="2023-12-22T09:37:03.9917160+01:00" endTime="2023-12-22T09:37:04.0073434+01:00" testType="13cdc9d9-ddb5-4fa4-a97d-d965ccfc6d4b" outcome="Passed" testListId="8c84fa94-04c1-424b-9868-57a2d4851a1d" relativeResultsDirectory="1833b69a-1762-480c-b97e-325e9bf43821" />
    <UnitTestResult executionId="80f62e85-5e38-49e6-b3d1-aba45394ddb5" testId="1e268e1f-9f4f-f655-e5bb-e50feefd0bab" testName="TestSaveMap_BuildingsChanges_Success" computerName="DKSR-EFI-04" duration="00:00:00.0359328" startTime="2023-12-22T09:37:52.2732282+01:00" endTime="2023-12-22T09:37:52.3044822+01:00" testType="13cdc9d9-ddb5-4fa4-a97d-d965ccfc6d4b" outcome="Passed" testListId="8c84fa94-04c1-424b-9868-57a2d4851a1d" relativeResultsDirectory="80f62e85-5e38-49e6-b3d1-aba45394ddb5" />
    <UnitTestResult executionId="a1f96a5d-5513-48c8-9cb8-5b764709fc6f" testId="46396b06-522e-625a-1a2a-9f20be751983" testName="AddSelectedWindowsToExport_ShouldAddToExportData (5)" computerName="DKSR-EFI-04" duration="00:00:00.0035783" startTime="2023-12-22T09:38:00.1639078+01:00" endTime="2023-12-22T09:38:00.1639078+01:00" testType="13cdc9d9-ddb5-4fa4-a97d-d965ccfc6d4b" outcome="Passed" testListId="8c84fa94-04c1-424b-9868-57a2d4851a1d" relativeResultsDirectory="a1f96a5d-5513-48c8-9cb8-5b764709fc6f" />
    <UnitTestResult executionId="1a71d4ee-b44a-4a03-ac1c-4798dc8a273a" testId="e722e3a9-2981-c54f-b874-d266f762bbea" testName="TryGetEventServerIdByACSystemId_ShouldReturnProperEventServerId_WhenEventServerIdIsPartOfServerConfiguredAccessControlSystemsDictionary" computerName="DKSR-EFI-04" duration="00:00:00.0005281" startTime="2023-12-22T09:38:07.2889435+01:00" endTime="2023-12-22T09:38:07.2889435+01:00" testType="13cdc9d9-ddb5-4fa4-a97d-d965ccfc6d4b" outcome="Passed" testListId="8c84fa94-04c1-424b-9868-57a2d4851a1d" relativeResultsDirectory="1a71d4ee-b44a-4a03-ac1c-4798dc8a273a" />
    <UnitTestResult executionId="49db3e24-e49d-4d5e-9578-cb0ab842dfbe" testId="c0b0990b-db80-5ada-cdd8-224bb5ed398a" testName="BoundingBoxPlaybackNoLiveHandler" computerName="DKSR-EFI-04" duration="00:00:00.0029718" startTime="2023-12-22T09:38:01.7732837+01:00" endTime="2023-12-22T09:38:01.7889143+01:00" testType="13cdc9d9-ddb5-4fa4-a97d-d965ccfc6d4b" outcome="Passed" testListId="8c84fa94-04c1-424b-9868-57a2d4851a1d" relativeResultsDirectory="49db3e24-e49d-4d5e-9578-cb0ab842dfbe" />
    <UnitTestResult executionId="293cf890-2e1f-46da-9521-7a14511745af" testId="80e1e452-82cf-b088-db40-d28f7d32c62d" testName="EvidenceLock when Playback" computerName="DKSR-EFI-04" duration="00:00:00.0162202" startTime="2023-12-22T09:37:58.8045216+01:00" endTime="2023-12-22T09:37:59.0389054+01:00" testType="13cdc9d9-ddb5-4fa4-a97d-d965ccfc6d4b" outcome="Passed" testListId="8c84fa94-04c1-424b-9868-57a2d4851a1d" relativeResultsDirectory="293cf890-2e1f-46da-9521-7a14511745af" />
    <UnitTestResult executionId="0432dac5-328b-4380-9664-b71a067072a5" testId="5f330a2c-7575-4b82-cdc2-dae925c0e744" testName="MilestoneOemResourcesTest" computerName="DKSR-EFI-04" duration="00:00:00.9161621" startTime="2023-12-22T09:38:04.3045463+01:00" endTime="2023-12-22T09:38:05.2264363+01:00" testType="13cdc9d9-ddb5-4fa4-a97d-d965ccfc6d4b" outcome="Passed" testListId="8c84fa94-04c1-424b-9868-57a2d4851a1d" relativeResultsDirectory="0432dac5-328b-4380-9664-b71a067072a5" />
    <UnitTestResult executionId="9a8eb9c9-3b3b-4d35-a0d5-34305db49acd" testId="e998f77e-77b2-7e10-d8db-3813eb8031aa" testName="GetClusters_ThreeInitialItems_ClustersForInitialItems (Data Row 17)" computerName="DKSR-EFI-04" duration="00:00:00.0090722" startTime="2023-12-22T09:37:57.3201337+01:00" endTime="2023-12-22T09:37:57.5076341+01:00" testType="13cdc9d9-ddb5-4fa4-a97d-d965ccfc6d4b" outcome="Passed" testListId="8c84fa94-04c1-424b-9868-57a2d4851a1d" relativeResultsDirectory="9a8eb9c9-3b3b-4d35-a0d5-34305db49acd" />
    <UnitTestResult executionId="0c4b51df-37f3-4ada-93cc-d09b1338ff52" testId="633b1573-6042-ec26-9f10-dd2e2dcea040" testName="ScrollIntoView_Sync_DefinitionViewInViewPort_NotScrolled" computerName="DKSR-EFI-04" duration="00:00:00.1080925" startTime="2023-12-22T09:36:31.8977963+01:00" endTime="2023-12-22T09:36:32.0071708+01:00" testType="13cdc9d9-ddb5-4fa4-a97d-d965ccfc6d4b" outcome="Passed" testListId="8c84fa94-04c1-424b-9868-57a2d4851a1d" relativeResultsDirectory="0c4b51df-37f3-4ada-93cc-d09b1338ff52" />
    <UnitTestResult executionId="635d5610-e507-496e-805e-0ec99536f605" testId="8252077b-13bd-fcd5-946c-4ceaed8bb503" testName="Id_ShouldBeDifferent_WhenSearchResultIdIsGuidEmpty" computerName="DKSR-EFI-04" duration="00:00:00.0007044" startTime="2023-12-22T09:37:35.2577089+01:00" endTime="2023-12-22T09:37:35.2731397+01:00" testType="13cdc9d9-ddb5-4fa4-a97d-d965ccfc6d4b" outcome="Passed" testListId="8c84fa94-04c1-424b-9868-57a2d4851a1d" relativeResultsDirectory="635d5610-e507-496e-805e-0ec99536f605" />
    <UnitTestResult executionId="0fb108a2-c125-4f05-bd3a-cc92ba77d69d" testId="1326eca0-5707-a15c-4eaf-c5b6ab9d34ec" testName="OutputMapItem_ForceActivateAsync_InBuilding_MapLevelsNotLoaded_Success" computerName="DKSR-EFI-04" duration="00:00:00.0130214" startTime="2023-12-22T09:37:54.1951204+01:00" endTime="2023-12-22T09:37:54.2107436+01:00" testType="13cdc9d9-ddb5-4fa4-a97d-d965ccfc6d4b" outcome="Passed" testListId="8c84fa94-04c1-424b-9868-57a2d4851a1d" relativeResultsDirectory="0fb108a2-c125-4f05-bd3a-cc92ba77d69d" />
    <UnitTestResult executionId="c71fc26f-a978-4416-acea-45aa7da48c67" testId="2ea7f788-a228-7eb9-ef8c-629855bfb76d" testName="TestConstructor_WithNullParameter_Failure" computerName="DKSR-EFI-04" duration="00:00:00.0005250" startTime="2023-12-22T09:37:56.0701386+01:00" endTime="2023-12-22T09:37:56.0701386+01:00" testType="13cdc9d9-ddb5-4fa4-a97d-d965ccfc6d4b" outcome="Passed" testListId="8c84fa94-04c1-424b-9868-57a2d4851a1d" relativeResultsDirectory="c71fc26f-a978-4416-acea-45aa7da48c67" />
    <UnitTestResult executionId="7563980f-f020-4f60-95ae-765138ae30a2" testId="305136ec-e536-ca06-24de-c6336ceb8a55" testName="DeleteMapItems_ShouldReturnTrue_WhenUserAcknowledgesDeletionOfMultipleItems" computerName="DKSR-EFI-04" duration="00:00:00.0042870" startTime="2023-12-22T09:37:52.9919856+01:00" endTime="2023-12-22T09:37:52.9919856+01:00" testType="13cdc9d9-ddb5-4fa4-a97d-d965ccfc6d4b" outcome="Passed" testListId="8c84fa94-04c1-424b-9868-57a2d4851a1d" relativeResultsDirectory="7563980f-f020-4f60-95ae-765138ae30a2" />
    <UnitTestResult executionId="e23f4d0a-1b2e-4e0d-b434-1f5b0569ea84" testId="f7312006-b3af-0869-4d9b-ec9b8e868889" testName="Ctor_NullArgument_Throws" computerName="DKSR-EFI-04" duration="00:00:00.0023878" startTime="2023-12-22T09:37:24.4293266+01:00" endTime="2023-12-22T09:37:24.4293266+01:00" testType="13cdc9d9-ddb5-4fa4-a97d-d965ccfc6d4b" outcome="Passed" testListId="8c84fa94-04c1-424b-9868-57a2d4851a1d" relativeResultsDirectory="e23f4d0a-1b2e-4e0d-b434-1f5b0569ea84" />
    <UnitTestResult executionId="01375ed7-6263-414c-84b2-b9020b8996b7" testId="bebeb62d-71fa-2720-42c0-f4320951d2ce" testName="SmartMapGoToPositionHandler_WhenLatitudeIsInvalid_ShouldWriteToLog" computerName="DKSR-EFI-04" duration="00:00:00.0028592" startTime="2023-12-22T09:36:23.6946276+01:00" endTime="2023-12-22T09:36:23.6946276+01:00" testType="13cdc9d9-ddb5-4fa4-a97d-d965ccfc6d4b" outcome="Passed" testListId="8c84fa94-04c1-424b-9868-57a2d4851a1d" relativeResultsDirectory="01375ed7-6263-414c-84b2-b9020b8996b7" />
    <UnitTestResult executionId="80b51493-714b-4673-862a-fef81aa38e38" testId="10efcc4c-555d-12e7-645e-f8f3c9a79e16" testName="SelectTemplate_RangeSliderFilterConfiguration_ReturnsInlineTemplate" computerName="DKSR-EFI-04" duration="00:00:00.0012575" startTime="2023-12-22T09:36:30.9290401+01:00" endTime="2023-12-22T09:36:30.9290401+01:00" testType="13cdc9d9-ddb5-4fa4-a97d-d965ccfc6d4b" outcome="Passed" testListId="8c84fa94-04c1-424b-9868-57a2d4851a1d" relativeResultsDirectory="80b51493-714b-4673-862a-fef81aa38e38" />
    <UnitTestResult executionId="05757fbc-f7ca-4359-a92e-1b1845e0c15a" testId="75b7a6d2-cb73-668d-0435-045642c36b2f" testName="PtzInfoViewModel_PtzReservedByAnonymousOtherUserTest" computerName="DKSR-EFI-04" duration="00:00:00.0019795" startTime="2023-12-22T09:36:08.1007933+01:00" endTime="2023-12-22T09:36:08.1164197+01:00" testType="13cdc9d9-ddb5-4fa4-a97d-d965ccfc6d4b" outcome="Passed" testListId="8c84fa94-04c1-424b-9868-57a2d4851a1d" relativeResultsDirectory="05757fbc-f7ca-4359-a92e-1b1845e0c15a" />
    <UnitTestResult executionId="e72ca14b-e83e-4656-bc44-9a4407db2340" testId="ecf13227-e49d-1db7-a97a-21cf256d2c96" testName="ShowOrHidePartialResultsCommand_Triggered_ButtonTextChanged" computerName="DKSR-EFI-04" duration="00:00:00.0016332" startTime="2023-12-22T09:37:24.3824497+01:00" endTime="2023-12-22T09:37:24.3824497+01:00" testType="13cdc9d9-ddb5-4fa4-a97d-d965ccfc6d4b" outcome="Passed" testListId="8c84fa94-04c1-424b-9868-57a2d4851a1d" relativeResultsDirectory="e72ca14b-e83e-4656-bc44-9a4407db2340" />
    <UnitTestResult executionId="98b55e26-7a4e-4f74-bba4-36ba921effcb" testId="0a4e5b36-6578-df3d-cfd2-3d6ee660820a" testName="GetClusters_ExcludeFromClustering_OnlyClustersForExcludedItems (Data Row 12)" computerName="DKSR-EFI-04" duration="00:00:00.0082877" startTime="2023-12-22T09:37:56.0857518+01:00" endTime="2023-12-22T09:37:56.4451365+01:00" testType="13cdc9d9-ddb5-4fa4-a97d-d965ccfc6d4b" outcome="Passed" testListId="8c84fa94-04c1-424b-9868-57a2d4851a1d" relativeResultsDirectory="98b55e26-7a4e-4f74-bba4-36ba921effcb" />
    <UnitTestResult executionId="2f87789c-9eec-4e28-b1cf-063474be4335" testId="0fc9e9bc-717c-57dc-ce36-115b2e3717aa" testName="SearchAction_BrowseMode_OneYearInThePast" computerName="DKSR-EFI-04" duration="00:00:00.0057785" startTime="2023-12-22T09:38:04.2576706+01:00" endTime="2023-12-22T09:38:04.2576706+01:00" testType="13cdc9d9-ddb5-4fa4-a97d-d965ccfc6d4b" outcome="Passed" testListId="8c84fa94-04c1-424b-9868-57a2d4851a1d" relativeResultsDirectory="2f87789c-9eec-4e28-b1cf-063474be4335" />
    <UnitTestResult executionId="d513b72c-b491-468b-9f88-0a48e25b2fbe" testId="698dd5ef-138e-eb6d-a408-c897a293bf7a" testName="SetCustomPickerResult_Cancel_CustomIntervalOpenResetAndNoNotificationFired" computerName="DKSR-EFI-04" duration="00:00:00.0098156" startTime="2023-12-22T09:37:27.7574713+01:00" endTime="2023-12-22T09:37:27.7730967+01:00" testType="13cdc9d9-ddb5-4fa4-a97d-d965ccfc6d4b" outcome="Passed" testListId="8c84fa94-04c1-424b-9868-57a2d4851a1d" relativeResultsDirectory="d513b72c-b491-468b-9f88-0a48e25b2fbe" />
    <UnitTestResult executionId="148c5798-d52f-4aa8-ad4e-6a169c64a918" testId="88c2b0d8-15cc-99cf-0786-93c215c0f665" testName="Constructor_ShouldRaiseArgumentNullException_WhenLoggerIsNull" computerName="DKSR-EFI-04" duration="00:00:00.0112350" startTime="2023-12-22T09:37:51.5388593+01:00" endTime="2023-12-22T09:37:51.5544756+01:00" testType="13cdc9d9-ddb5-4fa4-a97d-d965ccfc6d4b" outcome="Passed" testListId="8c84fa94-04c1-424b-9868-57a2d4851a1d" relativeResultsDirectory="148c5798-d52f-4aa8-ad4e-6a169c64a918" />
    <UnitTestResult executionId="d268cdec-0053-461f-a404-8af3085376bb" testId="46662b5d-bee1-3465-212d-6cf5f23d5fcf" testName="PtzInfoViewModel_PtzCotrolledByAnonymousTest" computerName="DKSR-EFI-04" duration="00:00:00.0022281" startTime="2023-12-22T09:36:08.0851679+01:00" endTime="2023-12-22T09:36:08.0851679+01:00" testType="13cdc9d9-ddb5-4fa4-a97d-d965ccfc6d4b" outcome="Passed" testListId="8c84fa94-04c1-424b-9868-57a2d4851a1d" relativeResultsDirectory="d268cdec-0053-461f-a404-8af3085376bb" />
    <UnitTestResult executionId="8cdf793a-a9e8-4942-8d04-cb3c18dea4bd" testId="1663762a-2500-b801-aa4a-60e46d01fc4b" testName="ModelSerialization_DeserializeSerialize_SerializationXmlIsSame" computerName="DKSR-EFI-04" duration="00:00:00.0641990" startTime="2023-12-22T09:37:34.8825083+01:00" endTime="2023-12-22T09:37:34.9450171+01:00" testType="13cdc9d9-ddb5-4fa4-a97d-d965ccfc6d4b" outcome="Passed" testListId="8c84fa94-04c1-424b-9868-57a2d4851a1d" relativeResultsDirectory="8cdf793a-a9e8-4942-8d04-cb3c18dea4bd" />
    <UnitTestResult executionId="470551ff-e0e2-48fc-8554-4ae65e2335a8" testId="89b47aac-6f01-eda4-d247-3a79dc9d2cab" testName="RemoveWorkroom_ShouldReturnFalse_WhenWorkroomToRemoveIsNotInWorkroomController" computerName="DKSR-EFI-04" duration="00:00:00.0057561" startTime="2023-12-22T09:38:05.9295593+01:00" endTime="2023-12-22T09:38:05.9295593+01:00" testType="13cdc9d9-ddb5-4fa4-a97d-d965ccfc6d4b" outcome="Passed" testListId="8c84fa94-04c1-424b-9868-57a2d4851a1d" relativeResultsDirectory="470551ff-e0e2-48fc-8554-4ae65e2335a8" />
    <UnitTestResult executionId="402c70ec-fde5-411b-97c9-319d3085b09a" testId="da571dbb-0f8b-5648-4221-79651d811e25" testName="TestUpdateState_3NonCamera" computerName="DKSR-EFI-04" duration="00:00:00.0047393" startTime="2023-12-22T09:38:00.6795308+01:00" endTime="2023-12-22T09:38:00.6795308+01:00" testType="13cdc9d9-ddb5-4fa4-a97d-d965ccfc6d4b" outcome="Passed" testListId="8c84fa94-04c1-424b-9868-57a2d4851a1d" relativeResultsDirectory="402c70ec-fde5-411b-97c9-319d3085b09a" />
    <UnitTestResult executionId="3ed6b0c8-b16f-4cc8-a93f-942c34103c82" testId="f64b2eb0-431a-6fbc-c692-f413cacfb737" testName="GetSLC_ShouldReturnEmptyString_WhenLicenseIsNull" computerName="DKSR-EFI-04" duration="00:00:00.0007055" startTime="2023-12-22T09:38:06.0545566+01:00" endTime="2023-12-22T09:38:06.0545566+01:00" testType="13cdc9d9-ddb5-4fa4-a97d-d965ccfc6d4b" outcome="Passed" testListId="8c84fa94-04c1-424b-9868-57a2d4851a1d" relativeResultsDirectory="3ed6b0c8-b16f-4cc8-a93f-942c34103c82" />
    <UnitTestResult executionId="4d247e5a-a22e-4f5d-81cb-695732585895" testId="9588ac24-d5e4-191a-112a-c7b4e16b7a61" testName="GetPartialDiffBetweenDictionaries_ShouldReturnCorrectValues (System.Collections.Generic.Dictionary`2[System.String,System.String],System.Collections.Generic.Dictionary`2[System.String,System.String],System.Collections.Generic.Dictionary`2[System.String,System.String])" computerName="DKSR-EFI-04" duration="00:00:00.0002205" startTime="2023-12-22T09:38:06.1951883+01:00" endTime="2023-12-22T09:38:06.1951883+01:00" testType="13cdc9d9-ddb5-4fa4-a97d-d965ccfc6d4b" outcome="Passed" testListId="8c84fa94-04c1-424b-9868-57a2d4851a1d" relativeResultsDirectory="4d247e5a-a22e-4f5d-81cb-695732585895" />
    <UnitTestResult executionId="6c4a4597-eb70-4a53-8878-692b71765568" testId="5fef5e10-fc69-5d3e-4101-c050ab62c33a" testName="PopulateTooltip_ManyResultsFromSingleCamera12Hours_ValidText" computerName="DKSR-EFI-04" duration="00:00:00.1038321" startTime="2023-12-22T09:37:17.9449198+01:00" endTime="2023-12-22T09:37:18.0542976+01:00" testType="13cdc9d9-ddb5-4fa4-a97d-d965ccfc6d4b" outcome="Passed" testListId="8c84fa94-04c1-424b-9868-57a2d4851a1d" relativeResultsDirectory="6c4a4597-eb70-4a53-8878-692b71765568" />
    <UnitTestResult executionId="1df3b368-96b5-4259-9041-939040fcb37f" testId="dd8ceee9-e0da-460a-3a9b-41ccef9e8e3e" testName="DeleteMapItems_ShouldReturnFalse_WhenUserDeclinesDeletionOfSingleItem" computerName="DKSR-EFI-04" duration="00:00:00.0029671" startTime="2023-12-22T09:37:52.9766915+01:00" endTime="2023-12-22T09:37:52.9919856+01:00" testType="13cdc9d9-ddb5-4fa4-a97d-d965ccfc6d4b" outcome="Passed" testListId="8c84fa94-04c1-424b-9868-57a2d4851a1d" relativeResultsDirectory="1df3b368-96b5-4259-9041-939040fcb37f" />
    <UnitTestResult executionId="4fcb0221-d714-43ad-99b1-9f327f85dce6" testId="471a9d0c-0431-d46b-1459-094d77836e47" testName="CalculateNewExtent_ShouldScaleEvenly_WhenWithinMaxInUpperRight" computerName="DKSR-EFI-04" duration="00:00:00.0003387" startTime="2023-12-22T09:36:24.1321288+01:00" endTime="2023-12-22T09:36:24.1321288+01:00" testType="13cdc9d9-ddb5-4fa4-a97d-d965ccfc6d4b" outcome="Passed" testListId="8c84fa94-04c1-424b-9868-57a2d4851a1d" relativeResultsDirectory="4fcb0221-d714-43ad-99b1-9f327f85dce6" />
    <UnitTestResult executionId="9aeb68f8-a384-4230-a21b-fd90396b80dd" testId="c6dda2cd-bb4c-abf6-4c9e-75c0a7c49325" testName="MapOutputIcons_WhenPinkOemResource_ShouldReturnTwoIcons" computerName="DKSR-EFI-04" duration="00:00:00.0116142" startTime="2023-12-22T09:38:05.3514359+01:00" endTime="2023-12-22T09:38:05.3514359+01:00" testType="13cdc9d9-ddb5-4fa4-a97d-d965ccfc6d4b" outcome="Passed" testListId="8c84fa94-04c1-424b-9868-57a2d4851a1d" relativeResultsDirectory="9aeb68f8-a384-4230-a21b-fd90396b80dd" />
    <UnitTestResult executionId="734ccb88-03ad-4d2f-a1f4-a38c7418fea8" testId="35fc797f-8043-748e-70a2-2388d5cb8d3d" testName="GisMapModel_MapVersion_IsCorrect" computerName="DKSR-EFI-04" duration="00:00:00.0099047" startTime="2023-12-22T09:37:51.8357344+01:00" endTime="2023-12-22T09:37:51.8357344+01:00" testType="13cdc9d9-ddb5-4fa4-a97d-d965ccfc6d4b" outcome="Passed" testListId="8c84fa94-04c1-424b-9868-57a2d4851a1d" relativeResultsDirectory="734ccb88-03ad-4d2f-a1f4-a38c7418fea8" />
    <UnitTestResult executionId="bb1bb5b9-c456-4980-8a1e-32fce2255754" testId="0af4332b-024f-1289-6f42-007e21f2be10" testName="CreateDefinition_FireMultipleSearchResultsInMultipleEvents_SearchFinishedWithResults" computerName="DKSR-EFI-04" duration="00:00:00.0121246" startTime="2023-12-22T09:37:34.6481404+01:00" endTime="2023-12-22T09:37:34.6637591+01:00" testType="13cdc9d9-ddb5-4fa4-a97d-d965ccfc6d4b" outcome="Passed" testListId="8c84fa94-04c1-424b-9868-57a2d4851a1d" relativeResultsDirectory="bb1bb5b9-c456-4980-8a1e-32fce2255754" />
    <UnitTestResult executionId="d11b54c3-3d18-4c67-8de5-7d6f5135d344" testId="cb0b865d-639c-dd58-a3ea-f0a088ec0432" testName="BrowseCommand_ReportDestinationChanged" computerName="DKSR-EFI-04" duration="00:00:00.0180603" startTime="2023-12-22T09:37:24.5855799+01:00" endTime="2023-12-22T09:37:24.6168324+01:00" testType="13cdc9d9-ddb5-4fa4-a97d-d965ccfc6d4b" outcome="Passed" testListId="8c84fa94-04c1-424b-9868-57a2d4851a1d" relativeResultsDirectory="d11b54c3-3d18-4c67-8de5-7d6f5135d344" />
    <UnitTestResult executionId="67b04e7f-6459-449a-a5fe-c47764a4cb3a" testId="e5e298fb-304c-1a45-0e4a-b64258842db0" testName="FindSearchTemplatesAsync_ThrowPathNotFoundMIPException_Success" computerName="DKSR-EFI-04" duration="00:00:00.0014597" startTime="2023-12-22T09:37:34.1950088+01:00" endTime="2023-12-22T09:37:34.1950088+01:00" testType="13cdc9d9-ddb5-4fa4-a97d-d965ccfc6d4b" outcome="Passed" testListId="8c84fa94-04c1-424b-9868-57a2d4851a1d" relativeResultsDirectory="67b04e7f-6459-449a-a5fe-c47764a4cb3a" />
    <UnitTestResult executionId="6c45d9a2-0270-4d97-819c-52253ebcda8d" testId="ca54778c-c4c5-e9c4-6078-1f6eb9837f98" testName="UpdateItemState_Enabled_AllTrue" computerName="DKSR-EFI-04" duration="00:00:00.0405534" startTime="2023-12-22T09:38:04.1795470+01:00" endTime="2023-12-22T09:38:04.2108005+01:00" testType="13cdc9d9-ddb5-4fa4-a97d-d965ccfc6d4b" outcome="Passed" testListId="8c84fa94-04c1-424b-9868-57a2d4851a1d" relativeResultsDirectory="6c45d9a2-0270-4d97-819c-52253ebcda8d" />
    <UnitTestResult executionId="76496d9f-38b3-417d-a597-8dd6f0ea8cdb" testId="7aa665c6-6d05-2641-5b0e-6f3ba4797370" testName="AudioControllerOnDevicesLockEvent_ShouldEnableMicrophones_WhenUnlockingAudioDevicesAndApplicationIsInLiveMode" computerName="DKSR-EFI-04" duration="00:00:00.0128010" startTime="2023-12-22T09:37:53.5701164+01:00" endTime="2023-12-22T09:37:53.5701164+01:00" testType="13cdc9d9-ddb5-4fa4-a97d-d965ccfc6d4b" outcome="Passed" testListId="8c84fa94-04c1-424b-9868-57a2d4851a1d" relativeResultsDirectory="76496d9f-38b3-417d-a597-8dd6f0ea8cdb" />
    <UnitTestResult executionId="32f98757-9082-46cd-9de9-c45115f02149" testId="05b0f889-f616-ccc3-759c-b71fe45243ee" testName="Close_ShouldSetCloseToTrue_WhenCalled" computerName="DKSR-EFI-04" duration="00:00:00.0273053" startTime="2023-12-22T09:36:11.3976881+01:00" endTime="2023-12-22T09:36:11.4289375+01:00" testType="13cdc9d9-ddb5-4fa4-a97d-d965ccfc6d4b" outcome="Passed" testListId="8c84fa94-04c1-424b-9868-57a2d4851a1d" relativeResultsDirectory="32f98757-9082-46cd-9de9-c45115f02149" />
    <UnitTestResult executionId="040c7fa0-9d18-480b-bdde-78cef6c6182d" testId="f680908c-3b4b-7b4d-7066-6e5fce7c0b27" testName="GetClusters_ExcludeThenIncludeExcludedItems_NoChange (Data Row 9)" computerName="DKSR-EFI-04" duration="00:00:00.0087212" startTime="2023-12-22T09:37:56.4607518+01:00" endTime="2023-12-22T09:37:56.6638974+01:00" testType="13cdc9d9-ddb5-4fa4-a97d-d965ccfc6d4b" outcome="Passed" testListId="8c84fa94-04c1-424b-9868-57a2d4851a1d" relativeResultsDirectory="040c7fa0-9d18-480b-bdde-78cef6c6182d" />
    <UnitTestResult executionId="865c0b24-dce7-4f3c-8260-041db3927517" testId="001c0c93-73e4-b3d7-1e2b-249f259f59d0" testName="TestForAssemblyCoverage" computerName="DKSR-EFI-04" duration="00:00:00.0002390" startTime="2023-12-22T09:36:08.1789189+01:00" endTime="2023-12-22T09:36:08.1789189+01:00" testType="13cdc9d9-ddb5-4fa4-a97d-d965ccfc6d4b" outcome="Passed" testListId="8c84fa94-04c1-424b-9868-57a2d4851a1d" relativeResultsDirectory="865c0b24-dce7-4f3c-8260-041db3927517" />
    <UnitTestResult executionId="45c63aca-e0f5-49ca-b372-12e2e3b91ec7" testId="eee00570-2c88-ed70-4bff-bb8eb4983fd1" testName="CalculateNewExtent_ShouldLimitExtent_WhenBeyondMaxOnLowerRightEdge" computerName="DKSR-EFI-04" duration="00:00:00.0003219" startTime="2023-12-22T09:36:24.1165019+01:00" endTime="2023-12-22T09:36:24.1165019+01:00" testType="13cdc9d9-ddb5-4fa4-a97d-d965ccfc6d4b" outcome="Passed" testListId="8c84fa94-04c1-424b-9868-57a2d4851a1d" relativeResultsDirectory="45c63aca-e0f5-49ca-b372-12e2e3b91ec7" />
    <UnitTestResult executionId="56d50ba7-8c5d-42ab-8dfd-8476df481879" testId="340145dc-4ce7-58f9-f34f-cf47939e6a08" testName="IsProductionEnvironment_ShouldReturnCorrectValue (wtst,False)" computerName="DKSR-EFI-04" duration="00:00:00.0000068" startTime="2023-12-22T09:38:06.2576843+01:00" endTime="2023-12-22T09:38:06.2576843+01:00" testType="13cdc9d9-ddb5-4fa4-a97d-d965ccfc6d4b" outcome="Passed" testListId="8c84fa94-04c1-424b-9868-57a2d4851a1d" relativeResultsDirectory="56d50ba7-8c5d-42ab-8dfd-8476df481879" />
    <UnitTestResult executionId="c16d29a9-b48f-434f-9df2-34642678acb3" testId="17fe6ff4-b5d4-9e8c-2ff8-d274a9cc9666" testName="AttributeValueGet_NullValue_Success" computerName="DKSR-EFI-04" duration="00:00:00.0155107" startTime="2023-12-22T09:37:48.9763433+01:00" endTime="2023-12-22T09:37:48.9919670+01:00" testType="13cdc9d9-ddb5-4fa4-a97d-d965ccfc6d4b" outcome="Passed" testListId="8c84fa94-04c1-424b-9868-57a2d4851a1d" relativeResultsDirectory="c16d29a9-b48f-434f-9df2-34642678acb3" />
    <UnitTestResult executionId="12229adc-40d6-48e5-a657-eb71a9a5c949" testId="0a4e5b36-6578-df3d-cfd2-3d6ee660820a" testName="GetClusters_ExcludeFromClustering_OnlyClustersForExcludedItems (Data Row 6)" computerName="DKSR-EFI-04" duration="00:00:00.0096785" startTime="2023-12-22T09:37:56.0857518+01:00" endTime="2023-12-22T09:37:56.4451365+01:00" testType="13cdc9d9-ddb5-4fa4-a97d-d965ccfc6d4b" outcome="Passed" testListId="8c84fa94-04c1-424b-9868-57a2d4851a1d" relativeResultsDirectory="12229adc-40d6-48e5-a657-eb71a9a5c949" />
    <UnitTestResult executionId="42103b67-9597-49dd-840c-830c9ccf1691" testId="4e7ccc39-dfc0-cf1c-eb6a-128de9b59e45" testName="Compare_ShouldPrioritizeCombinedResultsWithMostTriggerTimesInTimespan_WhenAllTriggerTimesAreCounted" computerName="DKSR-EFI-04" duration="00:00:00.0008215" startTime="2023-12-22T09:37:35.3200176+01:00" endTime="2023-12-22T09:37:35.3200176+01:00" testType="13cdc9d9-ddb5-4fa4-a97d-d965ccfc6d4b" outcome="Passed" testListId="8c84fa94-04c1-424b-9868-57a2d4851a1d" relativeResultsDirectory="42103b67-9597-49dd-840c-830c9ccf1691" />
    <UnitTestResult executionId="869a9aaa-77e1-4d87-9964-3684d87eeda8" testId="7b659e8c-3001-c494-d28a-2939a6d49456" testName="ToDenormalizedDirection_Minus0_75" computerName="DKSR-EFI-04" duration="00:00:00.0000939" startTime="2023-12-22T09:37:49.8513436+01:00" endTime="2023-12-22T09:37:49.8669709+01:00" testType="13cdc9d9-ddb5-4fa4-a97d-d965ccfc6d4b" outcome="Passed" testListId="8c84fa94-04c1-424b-9868-57a2d4851a1d" relativeResultsDirectory="869a9aaa-77e1-4d87-9964-3684d87eeda8" />
    <UnitTestResult executionId="699a6551-c09b-4a9e-b63c-cde5131e8fb2" testId="74ee50b8-0598-e8ca-7e2f-330081ea45bc" testName="TestWriteXmlTaskId" computerName="DKSR-EFI-04" duration="00:00:00.0007301" startTime="2023-12-22T09:38:00.9139061+01:00" endTime="2023-12-22T09:38:00.9139061+01:00" testType="13cdc9d9-ddb5-4fa4-a97d-d965ccfc6d4b" outcome="Passed" testListId="8c84fa94-04c1-424b-9868-57a2d4851a1d" relativeResultsDirectory="699a6551-c09b-4a9e-b63c-cde5131e8fb2" />
    <UnitTestResult executionId="710a9fa3-e0bf-48b7-aba8-baa4e973ce3d" testId="b788bde6-97e9-6ba8-c7c6-e8edebf2372e" testName="PatrollingProfileViewModelTest_SelectEndPosition" computerName="DKSR-EFI-04" duration="00:00:00.0048344" startTime="2023-12-22T09:37:57.9920130+01:00" endTime="2023-12-22T09:37:57.9920130+01:00" testType="13cdc9d9-ddb5-4fa4-a97d-d965ccfc6d4b" outcome="Passed" testListId="8c84fa94-04c1-424b-9868-57a2d4851a1d" relativeResultsDirectory="710a9fa3-e0bf-48b7-aba8-baa4e973ce3d" />
    <UnitTestResult executionId="d6121768-f450-4c82-b42b-6c8aedadb339" testId="13877fd5-e79d-3ae7-6015-10213c2263cb" testName="TestLoadSave_WithUnknownMapItems_Success" computerName="DKSR-EFI-04" duration="00:00:00.0336425" startTime="2023-12-22T09:37:55.7107508+01:00" endTime="2023-12-22T09:37:55.7420046+01:00" testType="13cdc9d9-ddb5-4fa4-a97d-d965ccfc6d4b" outcome="Passed" testListId="8c84fa94-04c1-424b-9868-57a2d4851a1d" relativeResultsDirectory="d6121768-f450-4c82-b42b-6c8aedadb339" />
    <UnitTestResult executionId="9845de7d-4b7e-489e-a1a9-bfe2c6fe4005" testId="a29ab1db-8305-8d4c-4b34-cf235b407b90" testName="TestHasCapapability_GreaterThan_Success" computerName="DKSR-EFI-04" duration="00:00:00.0001726" startTime="2023-12-22T09:37:56.0701386+01:00" endTime="2023-12-22T09:37:56.0701386+01:00" testType="13cdc9d9-ddb5-4fa4-a97d-d965ccfc6d4b" outcome="Passed" testListId="8c84fa94-04c1-424b-9868-57a2d4851a1d" relativeResultsDirectory="9845de7d-4b7e-489e-a1a9-bfe2c6fe4005" />
    <UnitTestResult executionId="0e48c7ea-f8d3-41f0-84f6-bf5df8e758ef" testId="20e8ccab-a0f4-bc81-8521-21ef899c1e27" testName="Map_DeleteLayers_OSM_ImageLayer_Success" computerName="DKSR-EFI-04" duration="00:00:00.0264620" startTime="2023-12-22T09:37:52.5076051+01:00" endTime="2023-12-22T09:37:52.5232317+01:00" testType="13cdc9d9-ddb5-4fa4-a97d-d965ccfc6d4b" outcome="Passed" testListId="8c84fa94-04c1-424b-9868-57a2d4851a1d" relativeResultsDirectory="0e48c7ea-f8d3-41f0-84f6-bf5df8e758ef" />
    <UnitTestResult executionId="268d0203-2518-4cbe-89a4-588d543a8cde" testId="f4c83ffd-478a-19b7-4825-b6d0081bab21" testName="Convert_NoCamerasSelectionsButOneSearchDefinition_Collapsed" computerName="DKSR-EFI-04" duration="00:00:00.0002715" startTime="2023-12-22T09:37:04.1792203+01:00" endTime="2023-12-22T09:37:04.1792203+01:00" testType="13cdc9d9-ddb5-4fa4-a97d-d965ccfc6d4b" outcome="Passed" testListId="8c84fa94-04c1-424b-9868-57a2d4851a1d" relativeResultsDirectory="268d0203-2518-4cbe-89a4-588d543a8cde" />
    <UnitTestResult executionId="35239db4-c3ad-4715-bc86-cc188e3614ef" testId="7d70a72d-3886-6952-72a5-a740f2010644" testName="SelectTemplate_InvalidItemType_ReturnsPopupTemplate" computerName="DKSR-EFI-04" duration="00:00:00.0012724" startTime="2023-12-22T09:36:30.8821637+01:00" endTime="2023-12-22T09:36:30.8821637+01:00" testType="13cdc9d9-ddb5-4fa4-a97d-d965ccfc6d4b" outcome="Passed" testListId="8c84fa94-04c1-424b-9868-57a2d4851a1d" relativeResultsDirectory="35239db4-c3ad-4715-bc86-cc188e3614ef" />
    <UnitTestResult executionId="ba954886-0d81-41f1-a22b-faaa1f8f60bd" testId="37999a11-7cfa-34e4-a6d5-5a66aba3e122" testName="ActiveInteractionStateBinding_ShouldOnlyContainNormal_WhenCtorIsCalled" computerName="DKSR-EFI-04" duration="00:00:00.0223455" startTime="2023-12-22T09:36:19.3977294+01:00" endTime="2023-12-22T09:36:19.4289794+01:00" testType="13cdc9d9-ddb5-4fa4-a97d-d965ccfc6d4b" outcome="Passed" testListId="8c84fa94-04c1-424b-9868-57a2d4851a1d" relativeResultsDirectory="ba954886-0d81-41f1-a22b-faaa1f8f60bd" />
    <UnitTestResult executionId="b30c11d6-8286-4296-95fe-2911086db245" testId="29212116-6a0b-3ffd-ae50-19c86a9244cc" testName="PtzPresetsMenuViewModel_PtzCotrolledByPatrollingTest" computerName="DKSR-EFI-04" duration="00:00:00.0013486" startTime="2023-12-22T09:38:04.1639205+01:00" endTime="2023-12-22T09:38:04.1639205+01:00" testType="13cdc9d9-ddb5-4fa4-a97d-d965ccfc6d4b" outcome="Passed" testListId="8c84fa94-04c1-424b-9868-57a2d4851a1d" relativeResultsDirectory="b30c11d6-8286-4296-95fe-2911086db245" />
    <UnitTestResult executionId="b82fb976-2cdd-4fb8-952d-ccef6abfe48c" testId="0a4e5b36-6578-df3d-cfd2-3d6ee660820a" testName="GetClusters_ExcludeFromClustering_OnlyClustersForExcludedItems (Data Row 1)" computerName="DKSR-EFI-04" duration="00:00:00.0109812" startTime="2023-12-22T09:37:56.0857518+01:00" endTime="2023-12-22T09:37:56.4451365+01:00" testType="13cdc9d9-ddb5-4fa4-a97d-d965ccfc6d4b" outcome="Passed" testListId="8c84fa94-04c1-424b-9868-57a2d4851a1d" relativeResultsDirectory="b82fb976-2cdd-4fb8-952d-ccef6abfe48c" />
    <UnitTestResult executionId="181f2ad7-46a1-4d57-99bc-f165f68b133b" testId="9dc38d44-5d89-36d6-7b22-483d30b44b5f" testName="DefaultConstructor_Success" computerName="DKSR-EFI-04" duration="00:00:00.0192427" startTime="2023-12-22T09:37:49.1794657+01:00" endTime="2023-12-22T09:37:49.1950913+01:00" testType="13cdc9d9-ddb5-4fa4-a97d-d965ccfc6d4b" outcome="Passed" testListId="8c84fa94-04c1-424b-9868-57a2d4851a1d" relativeResultsDirectory="181f2ad7-46a1-4d57-99bc-f165f68b133b" />
    <UnitTestResult executionId="5ea2b834-50e8-4b65-bfd4-f1eae729c9f0" testId="9c89c59d-b4e1-b0e6-38b6-740ac9ec96bd" testName="SearchResultsActionBarActions_EditBookmark_Enabled" computerName="DKSR-EFI-04" duration="00:00:00.0084506" startTime="2023-12-22T09:37:25.5855812+01:00" endTime="2023-12-22T09:37:25.6012160+01:00" testType="13cdc9d9-ddb5-4fa4-a97d-d965ccfc6d4b" outcome="Passed" testListId="8c84fa94-04c1-424b-9868-57a2d4851a1d" relativeResultsDirectory="5ea2b834-50e8-4b65-bfd4-f1eae729c9f0" />
    <UnitTestResult executionId="9a80040d-bda3-4e37-b6d6-61304de7de0c" testId="780a8c0e-f11a-2814-e487-bc0747c662a2" testName="BookmarkSearchTime_WithSearchStringInDifferentCases_ReturnCorrectBookmarkWithSearchStringInDescription (SeArChStRiNg,False,True,False,True,,,1)" computerName="DKSR-EFI-04" duration="00:00:00.0026712" startTime="2023-12-22T09:38:01.3357802+01:00" endTime="2023-12-22T09:38:01.3357802+01:00" testType="13cdc9d9-ddb5-4fa4-a97d-d965ccfc6d4b" outcome="Passed" testListId="8c84fa94-04c1-424b-9868-57a2d4851a1d" relativeResultsDirectory="9a80040d-bda3-4e37-b6d6-61304de7de0c" />
    <UnitTestResult executionId="f05d2948-80a4-43e2-ba68-9d49c303c770" testId="2efbf2d6-dad1-cfe2-2063-c228f2b12aef" testName="TimeToStringConverter_Convert_Success" computerName="DKSR-EFI-04" duration="00:00:00.0026049" startTime="2023-12-22T09:37:04.1948450+01:00" endTime="2023-12-22T09:37:04.1948450+01:00" testType="13cdc9d9-ddb5-4fa4-a97d-d965ccfc6d4b" outcome="Passed" testListId="8c84fa94-04c1-424b-9868-57a2d4851a1d" relativeResultsDirectory="f05d2948-80a4-43e2-ba68-9d49c303c770" />
    <UnitTestResult executionId="bbd1ca82-0261-46e0-aa45-254ba5b22c76" testId="0049d7ff-34d0-b659-c849-7e7744f6d7ff" testName="Convert_ShouldSetWrapAndReturnTextBlock_WhenValueIsVideoOSTextBlock" computerName="DKSR-EFI-04" duration="00:00:00.0364241" startTime="2023-12-22T09:36:07.8195446+01:00" endTime="2023-12-22T09:36:07.8507928+01:00" testType="13cdc9d9-ddb5-4fa4-a97d-d965ccfc6d4b" outcome="Passed" testListId="8c84fa94-04c1-424b-9868-57a2d4851a1d" relativeResultsDirectory="bbd1ca82-0261-46e0-aa45-254ba5b22c76" />
    <UnitTestResult executionId="0fe5c64d-00e0-44d7-8174-36cbeac04bac" testId="076370ef-98dd-553b-4db5-16eb7626b01e" testName="GetLayerVisibilityItemsData_ShouldAddOneFixedLayer_WhenOnlyDeviceMapLayersAreProvided" computerName="DKSR-EFI-04" duration="00:00:00.0377079" startTime="2023-12-22T09:36:14.6633285+01:00" endTime="2023-12-22T09:36:14.7102033+01:00" testType="13cdc9d9-ddb5-4fa4-a97d-d965ccfc6d4b" outcome="Passed" testListId="8c84fa94-04c1-424b-9868-57a2d4851a1d" relativeResultsDirectory="0fe5c64d-00e0-44d7-8174-36cbeac04bac" />
    <UnitTestResult executionId="98a9033d-570d-4ee3-bc03-6039a065d6ff" testId="b6fde623-a6bd-ca8b-1185-e73065d6312e" testName="SupportsDoubleClick_ShouldBeTrue_WhenInteractionStateIsNewDevice" computerName="DKSR-EFI-04" duration="00:00:00.0953399" startTime="2023-12-22T09:36:21.2727388+01:00" endTime="2023-12-22T09:36:21.3664881+01:00" testType="13cdc9d9-ddb5-4fa4-a97d-d965ccfc6d4b" outcome="Passed" testListId="8c84fa94-04c1-424b-9868-57a2d4851a1d" relativeResultsDirectory="98a9033d-570d-4ee3-bc03-6039a065d6ff" />
    <UnitTestResult executionId="4c05d9f3-ce23-4a73-9c20-20cbdeae82c4" testId="e5b42656-0e77-c732-b59e-14f5dfdd136f" testName="UpdateSearchTemplateAsync_ThrowPathNotFoundMIPException_Success" computerName="DKSR-EFI-04" duration="00:00:00.0015353" startTime="2023-12-22T09:37:34.0700066+01:00" endTime="2023-12-22T09:37:34.0700066+01:00" testType="13cdc9d9-ddb5-4fa4-a97d-d965ccfc6d4b" outcome="Passed" testListId="8c84fa94-04c1-424b-9868-57a2d4851a1d" relativeResultsDirectory="4c05d9f3-ce23-4a73-9c20-20cbdeae82c4" />
    <UnitTestResult executionId="4aab13a0-b0c9-4315-9e41-736a97c0255f" testId="5725dc6b-38b3-44b7-6936-015732fd6b4c" testName="NavigateAndSelectAsync_SelectAnotherCamera_ReCenterCommandEnabled" computerName="DKSR-EFI-04" duration="00:00:00.0642858" startTime="2023-12-22T09:36:14.2258255+01:00" endTime="2023-12-22T09:36:14.2883272+01:00" testType="13cdc9d9-ddb5-4fa4-a97d-d965ccfc6d4b" outcome="Passed" testListId="8c84fa94-04c1-424b-9868-57a2d4851a1d" relativeResultsDirectory="4aab13a0-b0c9-4315-9e41-736a97c0255f" />
    <UnitTestResult executionId="8d893685-4ea0-49c8-aad5-0e95f0c83c7d" testId="326c0813-dde1-1e08-607c-dc55537bd92d" testName="Deserialize_CustomScopeDurationAndFromToValues_ToAndFromValuesUsed" computerName="DKSR-EFI-04" duration="00:00:00.0051617" startTime="2023-12-22T09:37:35.0231370+01:00" endTime="2023-12-22T09:37:35.0231370+01:00" testType="13cdc9d9-ddb5-4fa4-a97d-d965ccfc6d4b" outcome="Passed" testListId="8c84fa94-04c1-424b-9868-57a2d4851a1d" relativeResultsDirectory="8d893685-4ea0-49c8-aad5-0e95f0c83c7d" />
    <UnitTestResult executionId="3bafc00b-8d7b-41e4-a0df-ad2f6cc973fe" testId="da581dbd-fdf9-2018-b5c2-8286b59a8ac1" testName="UpgradeToOAuth_ShouldUpgradeToSecureOAuth_WhenRequested" computerName="DKSR-EFI-04" duration="00:00:00.0026758" startTime="2023-12-22T09:36:07.6632922+01:00" endTime="2023-12-22T09:36:07.6632922+01:00" testType="13cdc9d9-ddb5-4fa4-a97d-d965ccfc6d4b" outcome="Passed" testListId="8c84fa94-04c1-424b-9868-57a2d4851a1d" relativeResultsDirectory="3bafc00b-8d7b-41e4-a0df-ad2f6cc973fe" />
    <UnitTestResult executionId="c662bab0-1794-48ef-ad3a-3f914b00f816" testId="cf838b6b-7995-4cd7-4849-142f7382a183" testName="Serialize_ScopeItemsOnly_Success" computerName="DKSR-EFI-04" duration="00:00:00.0017711" startTime="2023-12-22T09:37:35.3668866+01:00" endTime="2023-12-22T09:37:35.3825147+01:00" testType="13cdc9d9-ddb5-4fa4-a97d-d965ccfc6d4b" outcome="Passed" testListId="8c84fa94-04c1-424b-9868-57a2d4851a1d" relativeResultsDirectory="c662bab0-1794-48ef-ad3a-3f914b00f816" />
    <UnitTestResult executionId="b58b8ef9-21d4-400f-8868-253c5d5bb9c1" testId="a6af3342-e82c-99d7-7280-f0bc3b6ef111" testName="SupportsDoubleClick_ShouldBeTrue_WhenInteractionStateIsNewDevice" computerName="DKSR-EFI-04" duration="00:00:00.0424270" startTime="2023-12-22T09:36:20.7258610+01:00" endTime="2023-12-22T09:36:20.7727345+01:00" testType="13cdc9d9-ddb5-4fa4-a97d-d965ccfc6d4b" outcome="Passed" testListId="8c84fa94-04c1-424b-9868-57a2d4851a1d" relativeResultsDirectory="b58b8ef9-21d4-400f-8868-253c5d5bb9c1" />
    <UnitTestResult executionId="d2323ea3-8111-4191-8155-132e322f7511" testId="101686f8-0bec-03ef-e5aa-8afcc05984fe" testName="SelectionCountDisplayText_OneSelectedResult_ReturnsSingleString" computerName="DKSR-EFI-04" duration="00:00:00.0077856" startTime="2023-12-22T09:37:24.9449556+01:00" endTime="2023-12-22T09:37:24.9605834+01:00" testType="13cdc9d9-ddb5-4fa4-a97d-d965ccfc6d4b" outcome="Passed" testListId="8c84fa94-04c1-424b-9868-57a2d4851a1d" relativeResultsDirectory="d2323ea3-8111-4191-8155-132e322f7511" />
    <UnitTestResult executionId="84ec676d-8820-4025-8087-a46a2e456035" testId="92a9af5f-4b73-82b6-5006-408d1559b096" testName="GetProductDisplayVersion_ShouldReturnSomething" computerName="DKSR-EFI-04" duration="00:00:00.0021799" startTime="2023-12-22T09:38:06.0389367+01:00" endTime="2023-12-22T09:38:06.0389367+01:00" testType="13cdc9d9-ddb5-4fa4-a97d-d965ccfc6d4b" outcome="Passed" testListId="8c84fa94-04c1-424b-9868-57a2d4851a1d" relativeResultsDirectory="84ec676d-8820-4025-8087-a46a2e456035" />
    <UnitTestResult executionId="31d3a76c-4570-4c3b-aa7e-e1877da43354" testId="f6db960c-c26a-9ba9-bdda-2ac9e0b27970" testName="PtzPresetsMenuViewModel_PtzCotrolledByAnonymousTest" computerName="DKSR-EFI-04" duration="00:00:00.0012942" startTime="2023-12-22T09:38:04.1639205+01:00" endTime="2023-12-22T09:38:04.1639205+01:00" testType="13cdc9d9-ddb5-4fa4-a97d-d965ccfc6d4b" outcome="Passed" testListId="8c84fa94-04c1-424b-9868-57a2d4851a1d" relativeResultsDirectory="31d3a76c-4570-4c3b-aa7e-e1877da43354" />
    <UnitTestResult executionId="42f8e456-b494-4b67-ab94-cc049152baa9" testId="32ed77af-24ae-94bc-03f8-4122e838d29f" testName="LeftButtonUpEvent_ShouldHidePreviewOfCameras_WhenInteractionStateIsAddNewDeviceState" computerName="DKSR-EFI-04" duration="00:00:00.0210979" startTime="2023-12-22T09:36:16.6477112+01:00" endTime="2023-12-22T09:36:16.6633403+01:00" testType="13cdc9d9-ddb5-4fa4-a97d-d965ccfc6d4b" outcome="Passed" testListId="8c84fa94-04c1-424b-9868-57a2d4851a1d" relativeResultsDirectory="42f8e456-b494-4b67-ab94-cc049152baa9">
      <Output>
        <StdOut>Debug Trace:&#xD;
 &gt;&gt;&gt; IsAddNewDeviceState: MapPoint: (long, lat, alt): 0, 0, 0, ScreenPoint: 0,0, scale: 0, extent: GisRectangle isEmpty:True ul[(long, lat, alt): 0, 0, 0]:lr[(long, lat, alt): 0, 0, 0], extentInMeters:</StdOut>
      </Output>
    </UnitTestResult>
    <UnitTestResult executionId="039a0447-b8ad-4467-bffc-660cf30748cc" testId="96d03a8b-2bb7-344f-928f-f0c6a7f00e22" testName="UserName_ShouldThrow_InvalidOperationException_WhenConstructedUsingExternal" computerName="DKSR-EFI-04" duration="00:00:00.0005368" startTime="2023-12-22T09:36:07.7101678+01:00" endTime="2023-12-22T09:36:07.7101678+01:00" testType="13cdc9d9-ddb5-4fa4-a97d-d965ccfc6d4b" outcome="Passed" testListId="8c84fa94-04c1-424b-9868-57a2d4851a1d" relativeResultsDirectory="039a0447-b8ad-4467-bffc-660cf30748cc" />
    <UnitTestResult executionId="ec51f46f-2968-44f8-a926-32bf22e25694" testId="c182b392-9fcc-95a2-7938-cd3b2c46ad54" testName="RemoveMicTest" computerName="DKSR-EFI-04" duration="00:00:00.0011131" startTime="2023-12-22T09:36:07.7882916+01:00" endTime="2023-12-22T09:36:07.7882916+01:00" testType="13cdc9d9-ddb5-4fa4-a97d-d965ccfc6d4b" outcome="Passed" testListId="8c84fa94-04c1-424b-9868-57a2d4851a1d" relativeResultsDirectory="ec51f46f-2968-44f8-a926-32bf22e25694" />
    <UnitTestResult executionId="68ccd67e-ed83-4893-89c6-33e66796de04" testId="19ae25b4-0231-fc97-1b8f-0232f3086906" testName="Close_MainController_Success" computerName="DKSR-EFI-04" duration="00:00:00.0118324" startTime="2023-12-22T09:36:30.7571642+01:00" endTime="2023-12-22T09:36:30.7727886+01:00" testType="13cdc9d9-ddb5-4fa4-a97d-d965ccfc6d4b" outcome="Passed" testListId="8c84fa94-04c1-424b-9868-57a2d4851a1d" relativeResultsDirectory="68ccd67e-ed83-4893-89c6-33e66796de04" />
    <UnitTestResult executionId="65560153-2ade-4de8-a9bf-2648944d7023" testId="8f3c7e47-c7ba-15e0-4ea3-5c99da54e2cf" testName="TestReadXmlTaskId" computerName="DKSR-EFI-04" duration="00:00:00.0004636" startTime="2023-12-22T09:38:00.9139061+01:00" endTime="2023-12-22T09:38:00.9139061+01:00" testType="13cdc9d9-ddb5-4fa4-a97d-d965ccfc6d4b" outcome="Passed" testListId="8c84fa94-04c1-424b-9868-57a2d4851a1d" relativeResultsDirectory="65560153-2ade-4de8-a9bf-2648944d7023" />
    <UnitTestResult executionId="2cbe8e7d-4564-4b96-aaeb-f8cdf9c989ce" testId="79597831-b508-5354-99c1-919eea66b36a" testName="AddToExportTuples_ShouldReturnCorrectResult (0,0,5)" computerName="DKSR-EFI-04" duration="00:00:00.0053897" startTime="2023-12-22T09:37:59.9928187+01:00" endTime="2023-12-22T09:38:00.0076489+01:00" testType="13cdc9d9-ddb5-4fa4-a97d-d965ccfc6d4b" outcome="Passed" testListId="8c84fa94-04c1-424b-9868-57a2d4851a1d" relativeResultsDirectory="2cbe8e7d-4564-4b96-aaeb-f8cdf9c989ce" />
    <UnitTestResult executionId="2791a488-8daf-4976-8db3-cdeb7f45db31" testId="5aee1987-ec48-787b-31d3-fe2a9e31e772" testName="WaitForItemAsync_WhenAdded_WaitsCorrectlyForItem" computerName="DKSR-EFI-04" duration="00:00:00.0114944" startTime="2023-12-22T09:36:24.1321288+01:00" endTime="2023-12-22T09:36:24.1321288+01:00" testType="13cdc9d9-ddb5-4fa4-a97d-d965ccfc6d4b" outcome="Passed" testListId="8c84fa94-04c1-424b-9868-57a2d4851a1d" relativeResultsDirectory="2791a488-8daf-4976-8db3-cdeb7f45db31" />
    <UnitTestResult executionId="d152e068-0896-4551-8f02-e6dba78f3966" testId="e5d871b7-fc8e-4988-1624-5f0f63d734ec" testName="ActiveInteractionStateBinding_ShouldOnlyContainNormalAndNewDevice_WhenCtorIsCalled" computerName="DKSR-EFI-04" duration="00:00:00.0671220" startTime="2023-12-22T09:36:20.9602351+01:00" endTime="2023-12-22T09:36:21.0383601+01:00" testType="13cdc9d9-ddb5-4fa4-a97d-d965ccfc6d4b" outcome="Passed" testListId="8c84fa94-04c1-424b-9868-57a2d4851a1d" relativeResultsDirectory="d152e068-0896-4551-8f02-e6dba78f3966" />
    <UnitTestResult executionId="34275569-b9c8-4999-9d4c-7f54833dc9b7" testId="d0502605-3206-9613-21e3-72be815877fa" testName="Valid password" computerName="DKSR-EFI-04" duration="00:00:00.0002539" startTime="2023-12-22T09:36:30.1634118+01:00" endTime="2023-12-22T09:36:30.1634118+01:00" testType="13cdc9d9-ddb5-4fa4-a97d-d965ccfc6d4b" outcome="Passed" testListId="8c84fa94-04c1-424b-9868-57a2d4851a1d" relativeResultsDirectory="34275569-b9c8-4999-9d4c-7f54833dc9b7" />
    <UnitTestResult executionId="43c3a403-8de9-4270-836b-7cbea0c5e59f" testId="e38866b9-8332-5f7b-d7b8-fb3e9c3d9029" testName="ToTimeScope_YesterdayInTransitionToNonDST_Success" computerName="DKSR-EFI-04" duration="00:00:00.0010116" startTime="2023-12-22T09:37:34.2418814+01:00" endTime="2023-12-22T09:37:34.2418814+01:00" testType="13cdc9d9-ddb5-4fa4-a97d-d965ccfc6d4b" outcome="Passed" testListId="8c84fa94-04c1-424b-9868-57a2d4851a1d" relativeResultsDirectory="43c3a403-8de9-4270-836b-7cbea0c5e59f" />
    <UnitTestResult executionId="a5ac359c-5698-449a-bbbc-3f7721b50268" testId="74bce2b8-452d-5f85-d604-2ca1701607c3" testName="SearchResultsActionBarActions_Export_Exists" computerName="DKSR-EFI-04" duration="00:00:00.0083725" startTime="2023-12-22T09:37:24.9918325+01:00" endTime="2023-12-22T09:37:24.9918325+01:00" testType="13cdc9d9-ddb5-4fa4-a97d-d965ccfc6d4b" outcome="Passed" testListId="8c84fa94-04c1-424b-9868-57a2d4851a1d" relativeResultsDirectory="a5ac359c-5698-449a-bbbc-3f7721b50268" />
    <UnitTestResult executionId="7a640405-31ee-429d-8f38-0706a085118d" testId="736d5841-1c67-3c66-a8df-caf0433686aa" testName="BoundingBoxLiveStartNoPlaybackHandler" computerName="DKSR-EFI-04" duration="00:00:00.0012157" startTime="2023-12-22T09:38:01.5545318+01:00" endTime="2023-12-22T09:38:01.5545318+01:00" testType="13cdc9d9-ddb5-4fa4-a97d-d965ccfc6d4b" outcome="Passed" testListId="8c84fa94-04c1-424b-9868-57a2d4851a1d" relativeResultsDirectory="7a640405-31ee-429d-8f38-0706a085118d" />
    <UnitTestResult executionId="8b49617b-0dd3-4a4a-ae3a-6622ed784289" testId="f1c89d57-5156-c3cb-5004-8f710550b577" testName="AddSelectedWindowsToExport_ShouldShowCorrectToastMessages (1,1,0)" computerName="DKSR-EFI-04" duration="00:00:00.0024966" startTime="2023-12-22T09:38:00.1951542+01:00" endTime="2023-12-22T09:38:00.1951542+01:00" testType="13cdc9d9-ddb5-4fa4-a97d-d965ccfc6d4b" outcome="Passed" testListId="8c84fa94-04c1-424b-9868-57a2d4851a1d" relativeResultsDirectory="8b49617b-0dd3-4a4a-ae3a-6622ed784289" />
    <UnitTestResult executionId="881c12d0-e262-4389-9fea-4493921213f9" testId="4ded814a-816b-915a-dcce-433d1dc05ab0" testName="PtzSessionControllerInfo_UserChangedTest_Different_CameraId" computerName="DKSR-EFI-04" duration="00:00:00.0004006" startTime="2023-12-22T09:36:07.2570389+01:00" endTime="2023-12-22T09:36:07.2570389+01:00" testType="13cdc9d9-ddb5-4fa4-a97d-d965ccfc6d4b" outcome="Passed" testListId="8c84fa94-04c1-424b-9868-57a2d4851a1d" relativeResultsDirectory="881c12d0-e262-4389-9fea-4493921213f9" />
    <UnitTestResult executionId="319f73f9-1d38-4eb3-9c90-05938ec11aaa" testId="2a4dd686-62ac-c714-9f30-f0d81a07f831" testName="GetDeviceData_ShouldReturnDeviceData_WhenCameraKindAndExistingCameraId" computerName="DKSR-EFI-04" duration="00:00:00.2065962" startTime="2023-12-22T09:36:27.2258953+01:00" endTime="2023-12-22T09:36:27.4290202+01:00" testType="13cdc9d9-ddb5-4fa4-a97d-d965ccfc6d4b" outcome="Passed" testListId="8c84fa94-04c1-424b-9868-57a2d4851a1d" relativeResultsDirectory="319f73f9-1d38-4eb3-9c90-05938ec11aaa" />
    <UnitTestResult executionId="4370e86d-cff4-419c-a5ca-70dfaca9bf0b" testId="e998f77e-77b2-7e10-d8db-3813eb8031aa" testName="GetClusters_ThreeInitialItems_ClustersForInitialItems (Data Row 4)" computerName="DKSR-EFI-04" duration="00:00:00.0084420" startTime="2023-12-22T09:37:57.3201337+01:00" endTime="2023-12-22T09:37:57.5076341+01:00" testType="13cdc9d9-ddb5-4fa4-a97d-d965ccfc6d4b" outcome="Passed" testListId="8c84fa94-04c1-424b-9868-57a2d4851a1d" relativeResultsDirectory="4370e86d-cff4-419c-a5ca-70dfaca9bf0b" />
    <UnitTestResult executionId="fdf651d2-359f-44d2-9969-9ea0b66a3c75" testId="2ed74c97-cc2b-13bf-aac4-2247c3b9fbc5" testName="RemoveCameraTest" computerName="DKSR-EFI-04" duration="00:00:00.0062955" startTime="2023-12-22T09:36:07.7882916+01:00" endTime="2023-12-22T09:36:07.7882916+01:00" testType="13cdc9d9-ddb5-4fa4-a97d-d965ccfc6d4b" outcome="Passed" testListId="8c84fa94-04c1-424b-9868-57a2d4851a1d" relativeResultsDirectory="fdf651d2-359f-44d2-9969-9ea0b66a3c75" />
    <UnitTestResult executionId="763830dd-0078-4da3-9af1-79537849e319" testId="a159b604-532f-6996-d93d-757652430688" testName="PatrollingStepListViewModel_AddStepExecute_NoPreset" computerName="DKSR-EFI-04" duration="00:00:00.0013815" startTime="2023-12-22T09:37:58.0545152+01:00" endTime="2023-12-22T09:37:58.0545152+01:00" testType="13cdc9d9-ddb5-4fa4-a97d-d965ccfc6d4b" outcome="Passed" testListId="8c84fa94-04c1-424b-9868-57a2d4851a1d" relativeResultsDirectory="763830dd-0078-4da3-9af1-79537849e319" />
    <UnitTestResult executionId="4d3085cf-706a-4440-b1cb-f5765a3ca071" testId="96dce277-8e08-3c8a-12f9-10c2b51249cb" testName="FindSearchTemplatesAsync_Succeeds_Success" computerName="DKSR-EFI-04" duration="00:00:00.0068912" startTime="2023-12-22T09:37:33.8512635+01:00" endTime="2023-12-22T09:37:33.8668859+01:00" testType="13cdc9d9-ddb5-4fa4-a97d-d965ccfc6d4b" outcome="Passed" testListId="8c84fa94-04c1-424b-9868-57a2d4851a1d" relativeResultsDirectory="4d3085cf-706a-4440-b1cb-f5765a3ca071" />
    <UnitTestResult executionId="8d6c890f-44fd-4ecf-933d-88a979aeee30" testId="222612dc-51ac-9b64-f67c-78952b32c155" testName="HandleSetLayerFeatures_ShouldUpdateCameraLayerFeatures_WhenCameraKindAndCameraLayerFeatures" computerName="DKSR-EFI-04" duration="00:00:00.0009025" startTime="2023-12-22T09:37:55.7576319+01:00" endTime="2023-12-22T09:37:55.7576319+01:00" testType="13cdc9d9-ddb5-4fa4-a97d-d965ccfc6d4b" outcome="Passed" testListId="8c84fa94-04c1-424b-9868-57a2d4851a1d" relativeResultsDirectory="8d6c890f-44fd-4ecf-933d-88a979aeee30" />
    <UnitTestResult executionId="c1cd831f-a1b4-4ce1-8e4c-89b81b12be00" testId="4b81b8f4-db20-c853-b41f-b509d6abfb70" testName="MainWindow_ShouldUpdateDeviceSelectorWindowTopAndLeft_WhenIsLoaded" computerName="DKSR-EFI-04" duration="00:00:00.0296120" startTime="2023-12-22T09:36:11.5539360+01:00" endTime="2023-12-22T09:36:11.5851876+01:00" testType="13cdc9d9-ddb5-4fa4-a97d-d965ccfc6d4b" outcome="Passed" testListId="8c84fa94-04c1-424b-9868-57a2d4851a1d" relativeResultsDirectory="c1cd831f-a1b4-4ce1-8e4c-89b81b12be00" />
    <UnitTestResult executionId="6a9ba3af-cedc-4978-aa3a-33e9622267e3" testId="6abab9f6-2ccc-d047-2fba-1c19ca4d1351" testName="UpdateAndSaveBuilding_Success" computerName="DKSR-EFI-04" duration="00:00:00.1326713" startTime="2023-12-22T09:37:49.3825882+01:00" endTime="2023-12-22T09:37:49.5075917+01:00" testType="13cdc9d9-ddb5-4fa4-a97d-d965ccfc6d4b" outcome="Passed" testListId="8c84fa94-04c1-424b-9868-57a2d4851a1d" relativeResultsDirectory="6a9ba3af-cedc-4978-aa3a-33e9622267e3" />
    <UnitTestResult executionId="f057bbd6-8a01-4dcf-99d3-f057783cea51" testId="7f31e1a8-eb37-a7f7-05cb-b001ed2dcb3c" testName="SearchResultsReady_ShouldReturnAllResults_WhenSearchResultIdsAreUnique" computerName="DKSR-EFI-04" duration="00:00:00.0063663" startTime="2023-12-22T09:37:34.8200126+01:00" endTime="2023-12-22T09:37:34.8200126+01:00" testType="13cdc9d9-ddb5-4fa4-a97d-d965ccfc6d4b" outcome="Passed" testListId="8c84fa94-04c1-424b-9868-57a2d4851a1d" relativeResultsDirectory="f057bbd6-8a01-4dcf-99d3-f057783cea51" />
    <UnitTestResult executionId="18ae96d9-b4c5-49bc-a01a-c50c2e231158" testId="f3ca3914-805f-216b-f996-2070b3db31b7" testName="BookmarkSearchTime_WithSearchStringInDifferentCases_ReturnCorrectBookmarkWithSearchStringInHeader (SeArChStRiNg,False,True,True,False,,,0)" computerName="DKSR-EFI-04" duration="00:00:00.0052650" startTime="2023-12-22T09:38:01.2264104+01:00" endTime="2023-12-22T09:38:01.2264104+01:00" testType="13cdc9d9-ddb5-4fa4-a97d-d965ccfc6d4b" outcome="Passed" testListId="8c84fa94-04c1-424b-9868-57a2d4851a1d" relativeResultsDirectory="18ae96d9-b4c5-49bc-a01a-c50c2e231158" />
    <UnitTestResult executionId="b334a782-f92e-4c51-bd06-1fbc302beefc" testId="7ed35012-584a-2fe3-a716-cd0afc4bf24c" testName="TestLoadAsyncWithNullDatagram_Failure" computerName="DKSR-EFI-04" duration="00:00:00.0099195" startTime="2023-12-22T09:37:49.1950913+01:00" endTime="2023-12-22T09:37:49.2107129+01:00" testType="13cdc9d9-ddb5-4fa4-a97d-d965ccfc6d4b" outcome="Passed" testListId="8c84fa94-04c1-424b-9868-57a2d4851a1d" relativeResultsDirectory="b334a782-f92e-4c51-bd06-1fbc302beefc" />
    <UnitTestResult executionId="e002cd51-a86c-4226-b519-251152d83141" testId="dbc60698-0cd7-03e9-b63e-13b29d5c84fe" testName="VideoResultSearchResult_PropertiesWhenCombinedResultBothSameAndDifferentCategoryNames_CollectedAndDisplayed" computerName="DKSR-EFI-04" duration="00:00:00.0185243" startTime="2023-12-22T09:37:06.5386073+01:00" endTime="2023-12-22T09:37:06.5698582+01:00" testType="13cdc9d9-ddb5-4fa4-a97d-d965ccfc6d4b" outcome="Passed" testListId="8c84fa94-04c1-424b-9868-57a2d4851a1d" relativeResultsDirectory="e002cd51-a86c-4226-b519-251152d83141" />
    <UnitTestResult executionId="691fe19a-aa99-4a3d-8da7-b78f37bf0f25" testId="47de8f42-b82b-27c9-e6cb-af47f9988997" testName="Combine_ShouldPassAllStringInputValidationTests" computerName="DKSR-EFI-04" duration="00:00:11.9590977" startTime="2023-12-22T09:37:35.9606402+01:00" endTime="2023-12-22T09:37:47.9138319+01:00" testType="13cdc9d9-ddb5-4fa4-a97d-d965ccfc6d4b" outcome="Passed" testListId="8c84fa94-04c1-424b-9868-57a2d4851a1d" relativeResultsDirectory="691fe19a-aa99-4a3d-8da7-b78f37bf0f25">
      <Output>
        <StdOut>Debug Trace:&#xD;
&#xD;
&#xD;
************* TEST RESULTS *************&#xD;
Total tests: 132&#xD;
Passed permutations: 12490&#xD;
Failed permutations: 0</StdOut>
      </Output>
    </UnitTestResult>
    <UnitTestResult executionId="0307fd6a-3d36-49d8-bf11-c2423322b883" testId="c9679473-a3e5-7489-307e-ee6faf3a6896" testName="SupportsDoubleClick_ShouldBeFalse_WhenInteractionStateIsNotNormal" computerName="DKSR-EFI-04" duration="00:00:00.0166153" startTime="2023-12-22T09:36:19.4914774+01:00" endTime="2023-12-22T09:36:19.5071029+01:00" testType="13cdc9d9-ddb5-4fa4-a97d-d965ccfc6d4b" outcome="Passed" testListId="8c84fa94-04c1-424b-9868-57a2d4851a1d" relativeResultsDirectory="0307fd6a-3d36-49d8-bf11-c2423322b883" />
    <UnitTestResult executionId="e8aa393c-3902-4cd9-92e4-934ccfe851c1" testId="e998f77e-77b2-7e10-d8db-3813eb8031aa" testName="GetClusters_ThreeInitialItems_ClustersForInitialItems (Data Row 0)" computerName="DKSR-EFI-04" duration="00:00:00.0111620" startTime="2023-12-22T09:37:57.3201337+01:00" endTime="2023-12-22T09:37:57.5076341+01:00" testType="13cdc9d9-ddb5-4fa4-a97d-d965ccfc6d4b" outcome="Passed" testListId="8c84fa94-04c1-424b-9868-57a2d4851a1d" relativeResultsDirectory="e8aa393c-3902-4cd9-92e4-934ccfe851c1" />
    <UnitTestResult executionId="d6a6b2a4-5eab-41b4-93ef-b499c8131409" testId="0d69c7de-0a79-1b02-2fcf-9739b7f2143b" testName="GetIsOpenStreetMapValid_ShouldReturnTrue_WhenGeographicLayerIsAvailableAndAlternativeServerHasInvalidUrl" computerName="DKSR-EFI-04" duration="00:00:00.0008955" startTime="2023-12-22T09:37:55.8670005+01:00" endTime="2023-12-22T09:37:55.8670005+01:00" testType="13cdc9d9-ddb5-4fa4-a97d-d965ccfc6d4b" outcome="Passed" testListId="8c84fa94-04c1-424b-9868-57a2d4851a1d" relativeResultsDirectory="d6a6b2a4-5eab-41b4-93ef-b499c8131409" />
    <UnitTestResult executionId="9cf33bfb-3d7a-40a5-9b86-d8e4cf42a5c6" testId="d6051bbc-d4c3-a2f2-5d50-05eb2d368bda" testName="SearchResultsActionBarActions_CreateSnapshot_OptionUnavailable_NotEnabled" computerName="DKSR-EFI-04" duration="00:00:00.0090044" startTime="2023-12-22T09:37:25.7574631+01:00" endTime="2023-12-22T09:37:25.7730895+01:00" testType="13cdc9d9-ddb5-4fa4-a97d-d965ccfc6d4b" outcome="Passed" testListId="8c84fa94-04c1-424b-9868-57a2d4851a1d" relativeResultsDirectory="9cf33bfb-3d7a-40a5-9b86-d8e4cf42a5c6" />
    <UnitTestResult executionId="5f8590a6-1034-49a9-be89-d94e31151c38" testId="4de4ebe7-83f6-7012-06a9-129e6a434184" testName="Password1 valid, Password 2 valid" computerName="DKSR-EFI-04" duration="00:00:00.0002325" startTime="2023-12-22T09:36:30.1634118+01:00" endTime="2023-12-22T09:36:30.1634118+01:00" testType="13cdc9d9-ddb5-4fa4-a97d-d965ccfc6d4b" outcome="Passed" testListId="8c84fa94-04c1-424b-9868-57a2d4851a1d" relativeResultsDirectory="5f8590a6-1034-49a9-be89-d94e31151c38" />
    <UnitTestResult executionId="7692891a-a526-48dd-9c9d-0988b04587a7" testId="6cd11450-096a-ebc5-8d74-0d1afc1e5b1d" testName="BookmarkSearchTime_WithSearchStringInDifferentCases_ReturnCorrectBookmarkWithSearchStringInDescription (SeArChStRiNg,False,True,True,False,,,1)" computerName="DKSR-EFI-04" duration="00:00:00.0025841" startTime="2023-12-22T09:38:01.3357802+01:00" endTime="2023-12-22T09:38:01.3357802+01:00" testType="13cdc9d9-ddb5-4fa4-a97d-d965ccfc6d4b" outcome="Passed" testListId="8c84fa94-04c1-424b-9868-57a2d4851a1d" relativeResultsDirectory="7692891a-a526-48dd-9c9d-0988b04587a7" />
    <UnitTestResult executionId="1ba23d87-f16c-43fe-9e2f-650883268b0e" testId="1742c7aa-b082-d69c-8853-7ede68919ffd" testName="SmartSearchStatusType_ShouldYieldSameValuesForAllEnumValues_WhenRoundTripConverted (UnspecifiedError,UnspecifiedError)" computerName="DKSR-EFI-04" duration="00:00:00.0000248" startTime="2023-12-22T09:36:00.5695032+01:00" endTime="2023-12-22T09:36:00.5695032+01:00" testType="13cdc9d9-ddb5-4fa4-a97d-d965ccfc6d4b" outcome="Passed" testListId="8c84fa94-04c1-424b-9868-57a2d4851a1d" relativeResultsDirectory="1ba23d87-f16c-43fe-9e2f-650883268b0e" />
    <UnitTestResult executionId="fb42cc90-b273-469e-9b1f-0a0aebe40a8b" testId="11ced5ad-842d-1524-f246-9d123f54e1e0" testName="SidePanelToggleButtonIsVisible_DependingOnConditions (Normal,False,False,False)" computerName="DKSR-EFI-04" duration="00:00:00.0184035" startTime="2023-12-22T09:37:59.1795176+01:00" endTime="2023-12-22T09:37:59.1951427+01:00" testType="13cdc9d9-ddb5-4fa4-a97d-d965ccfc6d4b" outcome="Passed" testListId="8c84fa94-04c1-424b-9868-57a2d4851a1d" relativeResultsDirectory="fb42cc90-b273-469e-9b1f-0a0aebe40a8b" />
    <UnitTestResult executionId="defd9138-bb5e-4113-949b-4ffe3f033657" testId="7005b14c-73a9-8c05-e947-be79236b7645" testName="BookmarkSearchTime_WithSearchStringInDifferentCases_ReturnCorrectBookmarkWithSearchStringInHeader (,False,False,False,False,SeArChStRiNg,,1)" computerName="DKSR-EFI-04" duration="00:00:00.0033225" startTime="2023-12-22T09:38:01.2732776+01:00" endTime="2023-12-22T09:38:01.2732776+01:00" testType="13cdc9d9-ddb5-4fa4-a97d-d965ccfc6d4b" outcome="Passed" testListId="8c84fa94-04c1-424b-9868-57a2d4851a1d" relativeResultsDirectory="defd9138-bb5e-4113-949b-4ffe3f033657" />
    <UnitTestResult executionId="c6159ecc-0efa-4bc3-a166-1fe7259f6236" testId="c3476bd9-ab82-3913-af01-2849b9aa1d17" testName="Decorate_ShouldAttachWindowMouseDownEvent_WhenDecorateIsCalled" computerName="DKSR-EFI-04" duration="00:00:00.0066152" startTime="2023-12-22T09:36:11.6008144+01:00" endTime="2023-12-22T09:36:11.6008144+01:00" testType="13cdc9d9-ddb5-4fa4-a97d-d965ccfc6d4b" outcome="Passed" testListId="8c84fa94-04c1-424b-9868-57a2d4851a1d" relativeResultsDirectory="c6159ecc-0efa-4bc3-a166-1fe7259f6236" />
    <UnitTestResult executionId="fa71e91e-8a29-4387-8faa-c4afb4d8c2eb" testId="7d3b3df9-6c4c-813c-3fe6-820682e70bdf" testName="RemoveSelectedCameraCommand_CameraInList_OnlySelectedCameraRemoved" computerName="DKSR-EFI-04" duration="00:00:00.0082505" startTime="2023-12-22T09:37:27.6481011+01:00" endTime="2023-12-22T09:37:27.6481011+01:00" testType="13cdc9d9-ddb5-4fa4-a97d-d965ccfc6d4b" outcome="Passed" testListId="8c84fa94-04c1-424b-9868-57a2d4851a1d" relativeResultsDirectory="fa71e91e-8a29-4387-8faa-c4afb4d8c2eb" />
    <UnitTestResult executionId="302b085d-32f9-4477-a65e-e6d4ff3b3a41" testId="9040b640-fe7c-9575-9486-622077ffb232" testName="Re_adding_cameras_with_no_RetentionCreate_rights_after_extending_retention_interval" computerName="DKSR-EFI-04" duration="00:00:00.0042525" startTime="2023-12-22T09:38:07.2108110+01:00" endTime="2023-12-22T09:38:07.2108110+01:00" testType="13cdc9d9-ddb5-4fa4-a97d-d965ccfc6d4b" outcome="Passed" testListId="8c84fa94-04c1-424b-9868-57a2d4851a1d" relativeResultsDirectory="302b085d-32f9-4477-a65e-e6d4ff3b3a41" />
    <UnitTestResult executionId="e9e10078-9af5-4b3a-a2b9-58cb5006a9a0" testId="56fde5b0-e4df-3dd0-b924-b3d8168ff571" testName="PatrollingProfileViewModelTest_Name" computerName="DKSR-EFI-04" duration="00:00:00.0022849" startTime="2023-12-22T09:37:57.9763825+01:00" endTime="2023-12-22T09:37:57.9763825+01:00" testType="13cdc9d9-ddb5-4fa4-a97d-d965ccfc6d4b" outcome="Passed" testListId="8c84fa94-04c1-424b-9868-57a2d4851a1d" relativeResultsDirectory="e9e10078-9af5-4b3a-a2b9-58cb5006a9a0" />
    <UnitTestResult executionId="17e593ed-6cf8-4b00-b96b-1394eb3a45f6" testId="e55520ca-13b9-16e0-7c91-282920a34b8a" testName="IsBasicUser_ShouldReturnTrue_WhenConstructedUsingWindowsDefault" computerName="DKSR-EFI-04" duration="00:00:00.0002025" startTime="2023-12-22T09:36:07.6476654+01:00" endTime="2023-12-22T09:36:07.6476654+01:00" testType="13cdc9d9-ddb5-4fa4-a97d-d965ccfc6d4b" outcome="Passed" testListId="8c84fa94-04c1-424b-9868-57a2d4851a1d" relativeResultsDirectory="17e593ed-6cf8-4b00-b96b-1394eb3a45f6" />
    <UnitTestResult executionId="d11e0ca4-7e5a-4b3c-9595-52583ebb2044" testId="4daaf6d7-7b46-8260-2000-7f96a4364f19" testName="GetWorkspaceToolbarItems_ShouldReturnLiveToolbarItemEnabledPlaybackToolbarItemDisabled_WhenWorkspaceIsLive" computerName="DKSR-EFI-04" duration="00:00:00.0025598" startTime="2023-12-22T09:37:58.7420177+01:00" endTime="2023-12-22T09:37:58.7420177+01:00" testType="13cdc9d9-ddb5-4fa4-a97d-d965ccfc6d4b" outcome="Passed" testListId="8c84fa94-04c1-424b-9868-57a2d4851a1d" relativeResultsDirectory="d11e0ca4-7e5a-4b3c-9595-52583ebb2044" />
    <UnitTestResult executionId="4f4e1c55-c08e-4901-b2fd-21cd60719c04" testId="8b769f83-03d1-54d2-bd91-c30ba7e579fb" testName="CreateGeometry_NullPointsCollection_ThrowsArgNullException" computerName="DKSR-EFI-04" duration="00:00:00.0005396" startTime="2023-12-22T09:37:57.2888828+01:00" endTime="2023-12-22T09:37:57.2888828+01:00" testType="13cdc9d9-ddb5-4fa4-a97d-d965ccfc6d4b" outcome="Passed" testListId="8c84fa94-04c1-424b-9868-57a2d4851a1d" relativeResultsDirectory="4f4e1c55-c08e-4901-b2fd-21cd60719c04" />
    <UnitTestResult executionId="ad00b166-20b0-43c4-ab6a-a40eb23842c0" testId="8dd7c6d4-048f-e61d-123a-5b91a453390c" testName="Categories_ValidateCollection" computerName="DKSR-EFI-04" duration="00:00:00.0055584" startTime="2023-12-22T09:37:34.5075044+01:00" endTime="2023-12-22T09:37:34.5231417+01:00" testType="13cdc9d9-ddb5-4fa4-a97d-d965ccfc6d4b" outcome="Passed" testListId="8c84fa94-04c1-424b-9868-57a2d4851a1d" relativeResultsDirectory="ad00b166-20b0-43c4-ab6a-a40eb23842c0" />
    <UnitTestResult executionId="cb1c0e58-1480-47d0-aa8b-f4b7099c83cb" testId="cbd1a592-fe49-5c6c-2e8b-2ba168c4038f" testName="Password1 valid, Password 2 invalid, same length" computerName="DKSR-EFI-04" duration="00:00:00.0002769" startTime="2023-12-22T09:36:30.1477870+01:00" endTime="2023-12-22T09:36:30.1477870+01:00" testType="13cdc9d9-ddb5-4fa4-a97d-d965ccfc6d4b" outcome="Passed" testListId="8c84fa94-04c1-424b-9868-57a2d4851a1d" relativeResultsDirectory="cb1c0e58-1480-47d0-aa8b-f4b7099c83cb" />
    <UnitTestResult executionId="ab2cc1b0-189e-4903-a882-46d1916798a6" testId="7b69f7ac-73d5-55bc-5045-f13549ae846c" testName="Yesterday_Success" computerName="DKSR-EFI-04" duration="00:00:00.0003943" startTime="2023-12-22T09:37:34.2106321+01:00" endTime="2023-12-22T09:37:34.2106321+01:00" testType="13cdc9d9-ddb5-4fa4-a97d-d965ccfc6d4b" outcome="Passed" testListId="8c84fa94-04c1-424b-9868-57a2d4851a1d" relativeResultsDirectory="ab2cc1b0-189e-4903-a882-46d1916798a6" />
    <UnitTestResult executionId="7a3ef508-8e41-4867-8435-b9c930ca061d" testId="0a273ad8-5b9b-36bf-ab85-61e3ea84486e" testName="Custom, not forced" computerName="DKSR-EFI-04" duration="00:00:00.0070393" startTime="2023-12-22T09:36:28.6477781+01:00" endTime="2023-12-22T09:36:28.6477781+01:00" testType="13cdc9d9-ddb5-4fa4-a97d-d965ccfc6d4b" outcome="Passed" testListId="8c84fa94-04c1-424b-9868-57a2d4851a1d" relativeResultsDirectory="7a3ef508-8e41-4867-8435-b9c930ca061d" />
    <UnitTestResult executionId="42d45d74-a04d-4eb6-9d66-fbf5430ea972" testId="edaf9c06-ff2c-62ed-be08-4c1afe57f05b" testName="IsOAuth_ShouldReturnFalse_WhenConstructedUsingSimple" computerName="DKSR-EFI-04" duration="00:00:00.0005705" startTime="2023-12-22T09:36:07.6320396+01:00" endTime="2023-12-22T09:36:07.6320396+01:00" testType="13cdc9d9-ddb5-4fa4-a97d-d965ccfc6d4b" outcome="Passed" testListId="8c84fa94-04c1-424b-9868-57a2d4851a1d" relativeResultsDirectory="42d45d74-a04d-4eb6-9d66-fbf5430ea972" />
    <UnitTestResult executionId="a8b4ebd2-3798-4161-a314-48531017aba7" testId="bd7d68bd-5950-0934-2e64-6a07c08a54b7" testName="GetUtcToday_DayOffsetIncluded_Success" computerName="DKSR-EFI-04" duration="00:00:00.0004910" startTime="2023-12-22T09:37:33.5700013+01:00" endTime="2023-12-22T09:37:33.5700013+01:00" testType="13cdc9d9-ddb5-4fa4-a97d-d965ccfc6d4b" outcome="Passed" testListId="8c84fa94-04c1-424b-9868-57a2d4851a1d" relativeResultsDirectory="a8b4ebd2-3798-4161-a314-48531017aba7" />
    <UnitTestResult executionId="c619064c-e85c-4e3e-8dba-88ad4b296cf9" testId="7b5ff511-526b-7adf-f4f4-c89931ab0b4e" testName="SetLayerFeatures_ShouldRaiseArgumentException_WhenNoneCameraKindAndCameraLayerFeatures" computerName="DKSR-EFI-04" duration="00:00:00.0017170" startTime="2023-12-22T09:37:55.9451272+01:00" endTime="2023-12-22T09:37:55.9607492+01:00" testType="13cdc9d9-ddb5-4fa4-a97d-d965ccfc6d4b" outcome="Passed" testListId="8c84fa94-04c1-424b-9868-57a2d4851a1d" relativeResultsDirectory="c619064c-e85c-4e3e-8dba-88ad4b296cf9" />
    <UnitTestResult executionId="e4a017a7-6716-424c-9cd6-a7a55b25da29" testId="b3f386a5-07aa-a732-a6bd-e0f6659489a9" testName="DrawCore_ShouldDisplayClusterMarkers_WhenClusteringEnabled" computerName="DKSR-EFI-04" duration="00:00:00.3377854" startTime="2023-12-22T09:36:17.0383428+01:00" endTime="2023-12-22T09:36:17.3820916+01:00" testType="13cdc9d9-ddb5-4fa4-a97d-d965ccfc6d4b" outcome="Passed" testListId="8c84fa94-04c1-424b-9868-57a2d4851a1d" relativeResultsDirectory="e4a017a7-6716-424c-9cd6-a7a55b25da29" />
    <UnitTestResult executionId="c6155bc6-5b93-41bb-a60a-f7e14687c21b" testId="c1d7928e-75c0-4c88-3fea-e132fd775b5e" testName="PatrollingProfileViewModelTest_patrollingProfileViewModel_PropertyChanged" computerName="DKSR-EFI-04" duration="00:00:00.0016502" startTime="2023-12-22T09:37:57.9607579+01:00" endTime="2023-12-22T09:37:57.9607579+01:00" testType="13cdc9d9-ddb5-4fa4-a97d-d965ccfc6d4b" outcome="Passed" testListId="8c84fa94-04c1-424b-9868-57a2d4851a1d" relativeResultsDirectory="c6155bc6-5b93-41bb-a60a-f7e14687c21b" />
    <UnitTestResult executionId="e7a379ac-2cce-4374-8784-5c2899c80ebe" testId="131a26fa-18ee-ab45-1c25-e4348e5f16b7" testName="GetDuration_OneDay_Success" computerName="DKSR-EFI-04" duration="00:00:00.0002092" startTime="2023-12-22T09:37:33.5387550+01:00" endTime="2023-12-22T09:37:33.5387550+01:00" testType="13cdc9d9-ddb5-4fa4-a97d-d965ccfc6d4b" outcome="Passed" testListId="8c84fa94-04c1-424b-9868-57a2d4851a1d" relativeResultsDirectory="e7a379ac-2cce-4374-8784-5c2899c80ebe" />
    <UnitTestResult executionId="1ff5fb25-b9f9-4a06-bda0-c45515f2e649" testId="da74414c-6059-a1d1-7697-c9f6a432ab01" testName="UpdateAction_SingleAcceptedAndSingleRejected_EnabledAndAddSuffixToToolTip" computerName="DKSR-EFI-04" duration="00:00:00.0016446" startTime="2023-12-22T09:37:26.1168359+01:00" endTime="2023-12-22T09:37:26.1168359+01:00" testType="13cdc9d9-ddb5-4fa4-a97d-d965ccfc6d4b" outcome="Passed" testListId="8c84fa94-04c1-424b-9868-57a2d4851a1d" relativeResultsDirectory="1ff5fb25-b9f9-4a06-bda0-c45515f2e649" />
    <UnitTestResult executionId="6695b5f9-9a21-481c-9c3d-0926ac2c4716" testId="e5d551bc-1dd2-666f-0864-398b71d25710" testName="SignUrl_WhereUrlIsInvalid_ThrowException" computerName="DKSR-EFI-04" duration="00:00:00.0022668" startTime="2023-12-22T09:36:14.8820815+01:00" endTime="2023-12-22T09:36:14.8977028+01:00" testType="13cdc9d9-ddb5-4fa4-a97d-d965ccfc6d4b" outcome="Passed" testListId="8c84fa94-04c1-424b-9868-57a2d4851a1d" relativeResultsDirectory="6695b5f9-9a21-481c-9c3d-0926ac2c4716" />
    <UnitTestResult executionId="5e04dd6d-5216-4cb9-a25d-629d6bccb45f" testId="3a1ea9f6-a18a-e117-50e1-2abd43b289e2" testName="AddToExportDevices_ShouldReturnCorrectResult (0,1,0)" computerName="DKSR-EFI-04" duration="00:00:00.0014418" startTime="2023-12-22T09:38:00.0857838+01:00" endTime="2023-12-22T09:38:00.0857838+01:00" testType="13cdc9d9-ddb5-4fa4-a97d-d965ccfc6d4b" outcome="Passed" testListId="8c84fa94-04c1-424b-9868-57a2d4851a1d" relativeResultsDirectory="5e04dd6d-5216-4cb9-a25d-629d6bccb45f" />
    <UnitTestResult executionId="00ab257f-0d9d-4313-9ef3-1489c8672d2d" testId="8f59d74f-1387-b481-45ba-5b4638b6eca1" testName="ActiveInteractionStateBinding_ShouldOnlyContainNormal_WhenCtorIsCalled" computerName="DKSR-EFI-04" duration="00:00:00.0333854" startTime="2023-12-22T09:36:20.1946077+01:00" endTime="2023-12-22T09:36:20.2258575+01:00" testType="13cdc9d9-ddb5-4fa4-a97d-d965ccfc6d4b" outcome="Passed" testListId="8c84fa94-04c1-424b-9868-57a2d4851a1d" relativeResultsDirectory="00ab257f-0d9d-4313-9ef3-1489c8672d2d" />
    <UnitTestResult executionId="d17ae809-43d1-45dd-9e5d-cd9192ec6f7b" testId="4acf2e12-f867-ff67-73aa-be136e127327" testName="IsVisible_OneSelectedResult_ReturnsTrue" computerName="DKSR-EFI-04" duration="00:00:00.0155726" startTime="2023-12-22T09:37:24.8980794+01:00" endTime="2023-12-22T09:37:24.9137083+01:00" testType="13cdc9d9-ddb5-4fa4-a97d-d965ccfc6d4b" outcome="Passed" testListId="8c84fa94-04c1-424b-9868-57a2d4851a1d" relativeResultsDirectory="d17ae809-43d1-45dd-9e5d-cd9192ec6f7b" />
    <UnitTestResult executionId="8973f247-7198-4551-a56f-d1a3a3f31c92" testId="8d0f5bca-e5ea-0fcc-cf70-4bf5237286c3" testName="UpdateScope_NoChanges_ReturnsFalse" computerName="DKSR-EFI-04" duration="00:00:00.0001741" startTime="2023-12-22T09:37:35.1481394+01:00" endTime="2023-12-22T09:37:35.1481394+01:00" testType="13cdc9d9-ddb5-4fa4-a97d-d965ccfc6d4b" outcome="Passed" testListId="8c84fa94-04c1-424b-9868-57a2d4851a1d" relativeResultsDirectory="8973f247-7198-4551-a56f-d1a3a3f31c92" />
    <UnitTestResult executionId="14717726-2a7d-445a-a23f-9c63e9c86b27" testId="df32f1cb-82fe-5f6f-2fce-2d11c090b877" testName="TryGetOsmServerTileAddress_ShouldSetEmptyAddress_WhenOsmServerAddressIsNull" computerName="DKSR-EFI-04" duration="00:00:00.0006275" startTime="2023-12-22T09:37:55.8826248+01:00" endTime="2023-12-22T09:37:55.8826248+01:00" testType="13cdc9d9-ddb5-4fa4-a97d-d965ccfc6d4b" outcome="Passed" testListId="8c84fa94-04c1-424b-9868-57a2d4851a1d" relativeResultsDirectory="14717726-2a7d-445a-a23f-9c63e9c86b27" />
    <UnitTestResult executionId="902bcd36-8ce4-47fa-9a7a-8fc55397782d" testId="73ba8d8b-63f0-7559-fdd9-22c8ccb33146" testName="UpdateItemState_Hidden_NullCamera" computerName="DKSR-EFI-04" duration="00:00:00.0014587" startTime="2023-12-22T09:38:04.2108005+01:00" endTime="2023-12-22T09:38:04.2108005+01:00" testType="13cdc9d9-ddb5-4fa4-a97d-d965ccfc6d4b" outcome="Passed" testListId="8c84fa94-04c1-424b-9868-57a2d4851a1d" relativeResultsDirectory="902bcd36-8ce4-47fa-9a7a-8fc55397782d" />
    <UnitTestResult executionId="5859376b-a26b-4c86-8225-6fe171d92498" testId="025863ce-ac84-e56c-d6b6-947b70b4b25d" testName="OnLoaded_NullFactory_DoesNotCrash" computerName="DKSR-EFI-04" duration="00:00:00.0034519" startTime="2023-12-22T09:37:21.2418108+01:00" endTime="2023-12-22T09:37:21.2418108+01:00" testType="13cdc9d9-ddb5-4fa4-a97d-d965ccfc6d4b" outcome="Passed" testListId="8c84fa94-04c1-424b-9868-57a2d4851a1d" relativeResultsDirectory="5859376b-a26b-4c86-8225-6fe171d92498" />
    <UnitTestResult executionId="7a8d9045-8ca4-464d-b158-7abe126535c9" testId="149b064f-9ac3-44fb-3775-5acbf6f1cace" testName="TestConstructor_EmptyPolygon_Success" computerName="DKSR-EFI-04" duration="00:00:00.0002610" startTime="2023-12-22T09:37:51.5232251+01:00" endTime="2023-12-22T09:37:51.5232251+01:00" testType="13cdc9d9-ddb5-4fa4-a97d-d965ccfc6d4b" outcome="Passed" testListId="8c84fa94-04c1-424b-9868-57a2d4851a1d" relativeResultsDirectory="7a8d9045-8ca4-464d-b158-7abe126535c9" />
    <UnitTestResult executionId="5cd86de4-9428-4b23-91ba-c480fe492707" testId="9e8c2141-20ec-ba37-0f1b-2e2277c88211" testName="DeleteItems_ShouldResetGisPointAndRaiseEvent_WhenAnItemIsDeleted" computerName="DKSR-EFI-04" duration="00:00:00.0035054" startTime="2023-12-22T09:37:53.5857410+01:00" endTime="2023-12-22T09:37:53.6013681+01:00" testType="13cdc9d9-ddb5-4fa4-a97d-d965ccfc6d4b" outcome="Passed" testListId="8c84fa94-04c1-424b-9868-57a2d4851a1d" relativeResultsDirectory="5cd86de4-9428-4b23-91ba-c480fe492707" />
    <UnitTestResult executionId="bfab7e96-89b4-409e-8b26-1ccd25fd9822" testId="3bf91338-9db5-e244-3437-2a694f10cdfe" testName="Ctor_NullLogger_Failure" computerName="DKSR-EFI-04" duration="00:00:00.0005074" startTime="2023-12-22T09:37:33.1012566+01:00" endTime="2023-12-22T09:37:33.1012566+01:00" testType="13cdc9d9-ddb5-4fa4-a97d-d965ccfc6d4b" outcome="Passed" testListId="8c84fa94-04c1-424b-9868-57a2d4851a1d" relativeResultsDirectory="bfab7e96-89b4-409e-8b26-1ccd25fd9822" />
    <UnitTestResult executionId="113c48cc-9c98-4ea0-8eb5-0112603b3d26" testId="361fc6c6-0e8b-67f9-3bea-df214e20d9d1" testName="GetLayerVisibilityItemsData_ShouldAddTwoToggleableVisibilityItemData_WhenAnyDeviceMapLayerIsProvided" computerName="DKSR-EFI-04" duration="00:00:00.0067805" startTime="2023-12-22T09:36:14.7258285+01:00" endTime="2023-12-22T09:36:14.7258285+01:00" testType="13cdc9d9-ddb5-4fa4-a97d-d965ccfc6d4b" outcome="Passed" testListId="8c84fa94-04c1-424b-9868-57a2d4851a1d" relativeResultsDirectory="113c48cc-9c98-4ea0-8eb5-0112603b3d26" />
    <UnitTestResult executionId="50cbc820-13ef-4c08-97f9-54a34d1382ef" testId="071ac8b1-07a6-4ae6-7403-5c16e58426a3" testName="Connect_SucceedeInConnectingWithBasicUser_ShouldReturnTrue" computerName="DKSR-EFI-04" duration="00:00:00.0276398" startTime="2023-12-22T09:35:59.9445013+01:00" endTime="2023-12-22T09:35:59.9757582+01:00" testType="13cdc9d9-ddb5-4fa4-a97d-d965ccfc6d4b" outcome="Passed" testListId="8c84fa94-04c1-424b-9868-57a2d4851a1d" relativeResultsDirectory="50cbc820-13ef-4c08-97f9-54a34d1382ef" />
    <UnitTestResult executionId="eccb2eba-af3e-4461-afaf-8ead31fd4f4f" testId="5770b0b5-2a66-8eb2-b129-73ab244ff2c9" testName="Constructor_ShouldInitializeProperties_WhenCalled" computerName="DKSR-EFI-04" duration="00:00:00.0036228" startTime="2023-12-22T09:36:14.8977028+01:00" endTime="2023-12-22T09:36:14.9133295+01:00" testType="13cdc9d9-ddb5-4fa4-a97d-d965ccfc6d4b" outcome="Passed" testListId="8c84fa94-04c1-424b-9868-57a2d4851a1d" relativeResultsDirectory="eccb2eba-af3e-4461-afaf-8ead31fd4f4f" />
    <UnitTestResult executionId="00e4bfe0-b1f8-4e10-9f6d-adaf6a37a94d" testId="86edbbe8-5149-0aa3-dcd3-1e89f5303917" testName="GetServers_ShouldReturnCorrectServerByTypesTest" computerName="DKSR-EFI-04" duration="00:00:00.0298402" startTime="2023-12-22T09:38:01.9451701+01:00" endTime="2023-12-22T09:38:01.9764237+01:00" testType="13cdc9d9-ddb5-4fa4-a97d-d965ccfc6d4b" outcome="Passed" testListId="8c84fa94-04c1-424b-9868-57a2d4851a1d" relativeResultsDirectory="00e4bfe0-b1f8-4e10-9f6d-adaf6a37a94d" />
    <UnitTestResult executionId="137bf3da-ac37-4b03-b7cd-9ef01c030f3c" testId="8ff6a0dd-30dd-b7ad-a8c3-0633bc0cf3f8" testName="SearchResultsReady_ShouldReturnUniqueResults_WhenSomeResultIdsAreDuplicated" computerName="DKSR-EFI-04" duration="00:00:00.0084957" startTime="2023-12-22T09:37:34.8200126+01:00" endTime="2023-12-22T09:37:34.8356389+01:00" testType="13cdc9d9-ddb5-4fa4-a97d-d965ccfc6d4b" outcome="Passed" testListId="8c84fa94-04c1-424b-9868-57a2d4851a1d" relativeResultsDirectory="137bf3da-ac37-4b03-b7cd-9ef01c030f3c" />
    <UnitTestResult executionId="f09d1162-e440-4d7b-ad24-59b4131560aa" testId="e28ccd3c-119e-ea01-443c-a177bc7fcafe" testName="OnMarkerSelected_ShouldDeselectAndReselectMarker_WhenSingleSelectionAndAlreadySelected" computerName="DKSR-EFI-04" duration="00:00:00.0059924" startTime="2023-12-22T09:36:18.8508492+01:00" endTime="2023-12-22T09:36:18.8508492+01:00" testType="13cdc9d9-ddb5-4fa4-a97d-d965ccfc6d4b" outcome="Passed" testListId="8c84fa94-04c1-424b-9868-57a2d4851a1d" relativeResultsDirectory="f09d1162-e440-4d7b-ad24-59b4131560aa" />
    <UnitTestResult executionId="a309d7bf-2741-43ac-9e4c-682d681f4310" testId="9f080b69-ff73-e1e5-ebe4-dd30c3c983a4" testName="GetActivatedOutputIconId_ShouldRaiseArgumentException_WhenArgumentIsNotADeactivatedOutputIconId" computerName="DKSR-EFI-04" duration="00:00:00.0010549" startTime="2023-12-22T09:37:53.1169907+01:00" endTime="2023-12-22T09:37:53.1169907+01:00" testType="13cdc9d9-ddb5-4fa4-a97d-d965ccfc6d4b" outcome="Passed" testListId="8c84fa94-04c1-424b-9868-57a2d4851a1d" relativeResultsDirectory="a309d7bf-2741-43ac-9e4c-682d681f4310" />
    <UnitTestResult executionId="9ba32481-e8d9-4194-98ea-a9853d8dd8cc" testId="b93013c3-d297-89cf-1fce-624bcbbbca6c" testName="Ctor_AllTypesConfigured" computerName="DKSR-EFI-04" duration="00:00:00.0327122" startTime="2023-12-22T09:37:48.3669598+01:00" endTime="2023-12-22T09:37:48.3982069+01:00" testType="13cdc9d9-ddb5-4fa4-a97d-d965ccfc6d4b" outcome="Passed" testListId="8c84fa94-04c1-424b-9868-57a2d4851a1d" relativeResultsDirectory="9ba32481-e8d9-4194-98ea-a9853d8dd8cc" />
    <UnitTestResult executionId="d0f14d25-fbae-4f37-975a-1059fe728cba" testId="c31b76c8-61cb-842b-101d-3527fdf73529" testName="MakeId_ShouldGenerateUniqueId_WhenTwoDefinitionsGenerateSameResultIds" computerName="DKSR-EFI-04" duration="00:00:00.0009324" startTime="2023-12-22T09:37:35.2577089+01:00" endTime="2023-12-22T09:37:35.2577089+01:00" testType="13cdc9d9-ddb5-4fa4-a97d-d965ccfc6d4b" outcome="Passed" testListId="8c84fa94-04c1-424b-9868-57a2d4851a1d" relativeResultsDirectory="d0f14d25-fbae-4f37-975a-1059fe728cba" />
    <UnitTestResult executionId="7c977d5d-42d4-4052-b3bb-bcabe0b84031" testId="87907f38-5e5a-055c-b4ad-972d80a0d676" testName="SixHours_Success" computerName="DKSR-EFI-04" duration="00:00:00.0001769" startTime="2023-12-22T09:37:34.2106321+01:00" endTime="2023-12-22T09:37:34.2106321+01:00" testType="13cdc9d9-ddb5-4fa4-a97d-d965ccfc6d4b" outcome="Passed" testListId="8c84fa94-04c1-424b-9868-57a2d4851a1d" relativeResultsDirectory="7c977d5d-42d4-4052-b3bb-bcabe0b84031" />
    <UnitTestResult executionId="6736b285-4cdb-47c8-bbae-9b7a35a338a4" testId="2674b7c4-7076-fd3a-f5df-01507f4b862a" testName="ResolveBaseResultProperties_ShouldOnlyReturnTriggerTimesThatAreWithinBeginEndWithPadding" computerName="DKSR-EFI-04" duration="00:00:00.0028429" startTime="2023-12-22T09:37:33.7418819+01:00" endTime="2023-12-22T09:37:33.7418819+01:00" testType="13cdc9d9-ddb5-4fa4-a97d-d965ccfc6d4b" outcome="Passed" testListId="8c84fa94-04c1-424b-9868-57a2d4851a1d" relativeResultsDirectory="6736b285-4cdb-47c8-bbae-9b7a35a338a4" />
    <UnitTestResult executionId="90ea5cfd-5204-4354-8fe0-377d871420fc" testId="47884aeb-7497-b6ff-3c54-8cf7d508053b" testName="Load_Save_Success" computerName="DKSR-EFI-04" duration="00:00:00.0106824" startTime="2023-12-22T09:37:50.4450971+01:00" endTime="2023-12-22T09:37:50.4607192+01:00" testType="13cdc9d9-ddb5-4fa4-a97d-d965ccfc6d4b" outcome="Passed" testListId="8c84fa94-04c1-424b-9868-57a2d4851a1d" relativeResultsDirectory="90ea5cfd-5204-4354-8fe0-377d871420fc" />
    <UnitTestResult executionId="be9bc4c7-2427-4c8c-ac7e-fd24b5fb95a7" testId="d3e820a3-4350-83fc-1d0e-9c98ed12693d" testName="PatrollingProfileViewModelTest_Save_CreateProfile_Failed" computerName="DKSR-EFI-04" duration="00:00:00.0041043" startTime="2023-12-22T09:37:58.0232647+01:00" endTime="2023-12-22T09:37:58.0232647+01:00" testType="13cdc9d9-ddb5-4fa4-a97d-d965ccfc6d4b" outcome="Passed" testListId="8c84fa94-04c1-424b-9868-57a2d4851a1d" relativeResultsDirectory="be9bc4c7-2427-4c8c-ac7e-fd24b5fb95a7" />
    <UnitTestResult executionId="602ed2b2-8f68-4cdd-a032-72439b13a536" testId="dd098655-ce3b-b407-bc7d-fa88b3ed5381" testName="FocusedSearchResultChanged_CameraOnMap_NavigateToCamera" computerName="DKSR-EFI-04" duration="00:00:00.0060915" startTime="2023-12-22T09:37:21.3043097+01:00" endTime="2023-12-22T09:37:21.3199384+01:00" testType="13cdc9d9-ddb5-4fa4-a97d-d965ccfc6d4b" outcome="Passed" testListId="8c84fa94-04c1-424b-9868-57a2d4851a1d" relativeResultsDirectory="602ed2b2-8f68-4cdd-a032-72439b13a536" />
    <UnitTestResult executionId="e70def24-0231-41a4-b453-ac941e0c09e9" testId="ae6abbbb-4f6b-840f-8d6f-dd6d967cb60f" testName="BookmarkSearchTime_WithSearchStringInDifferentCases_ReturnCorrectBookmarkWithSearchStringInDescription (SeArChStRiNg,True,True,True,False,,,1)" computerName="DKSR-EFI-04" duration="00:00:00.0033216" startTime="2023-12-22T09:38:01.3357802+01:00" endTime="2023-12-22T09:38:01.3357802+01:00" testType="13cdc9d9-ddb5-4fa4-a97d-d965ccfc6d4b" outcome="Passed" testListId="8c84fa94-04c1-424b-9868-57a2d4851a1d" relativeResultsDirectory="e70def24-0231-41a4-b453-ac941e0c09e9" />
    <UnitTestResult executionId="189bbc6f-e10d-4875-8be6-3a7a449c597c" testId="c8da5140-6bbf-d2bf-c522-f95e06d6a595" testName="PtzSessionControllerInfo_UserChangedTest_Different_User" computerName="DKSR-EFI-04" duration="00:00:00.0003930" startTime="2023-12-22T09:36:07.2414144+01:00" endTime="2023-12-22T09:36:07.2414144+01:00" testType="13cdc9d9-ddb5-4fa4-a97d-d965ccfc6d4b" outcome="Passed" testListId="8c84fa94-04c1-424b-9868-57a2d4851a1d" relativeResultsDirectory="189bbc6f-e10d-4875-8be6-3a7a449c597c" />
    <UnitTestResult executionId="b0662562-554f-4050-9b58-33ec77ddb2f2" testId="71d3bf04-2f4b-0825-76a5-fe6f8626ce91" testName="RaiseUpdateUnmutedMicrophonesAsync_ShouldUnmutedMicrophones_WhenEventIsRaised" computerName="DKSR-EFI-04" duration="00:00:00.0136207" startTime="2023-12-22T09:37:51.6485823+01:00" endTime="2023-12-22T09:37:51.6485823+01:00" testType="13cdc9d9-ddb5-4fa4-a97d-d965ccfc6d4b" outcome="Passed" testListId="8c84fa94-04c1-424b-9868-57a2d4851a1d" relativeResultsDirectory="b0662562-554f-4050-9b58-33ec77ddb2f2" />
    <UnitTestResult executionId="20c3bfde-a750-40ce-8f52-20e8ee02ff56" testId="37dfb702-000b-b79c-bfb4-f3293626a799" testName="HandleGetLayerFeatures_ShouldRaiseArgumentException_WhenNotMicrophoneKind" computerName="DKSR-EFI-04" duration="00:00:00.0028697" startTime="2023-12-22T09:37:55.8045018+01:00" endTime="2023-12-22T09:37:55.8045018+01:00" testType="13cdc9d9-ddb5-4fa4-a97d-d965ccfc6d4b" outcome="Passed" testListId="8c84fa94-04c1-424b-9868-57a2d4851a1d" relativeResultsDirectory="20c3bfde-a750-40ce-8f52-20e8ee02ff56" />
    <UnitTestResult executionId="90ebf8d6-f209-4b7c-9b2c-baadd32f7653" testId="651e8dde-0b5e-5bed-5256-d6a71b2a59d0" testName="GetLayerFeatures_ShouldReturnCameraLayerFeaturesBasedOnCameraItemsMapLayer_WhenCameraKind" computerName="DKSR-EFI-04" duration="00:00:00.0014046" startTime="2023-12-22T09:37:55.9294985+01:00" endTime="2023-12-22T09:37:55.9294985+01:00" testType="13cdc9d9-ddb5-4fa4-a97d-d965ccfc6d4b" outcome="Passed" testListId="8c84fa94-04c1-424b-9868-57a2d4851a1d" relativeResultsDirectory="90ebf8d6-f209-4b7c-9b2c-baadd32f7653" />
    <UnitTestResult executionId="57b3a89b-5cdb-4ed8-b903-f9f87e1448fc" testId="27e4287b-6aa8-a5c7-2e9e-fe37ab9970d9" testName="Connect_SucceedeInConnectingWithCurrentWindowsUser_ShouldReturnTrue" computerName="DKSR-EFI-04" duration="00:00:00.0734361" startTime="2023-12-22T09:35:59.9757582+01:00" endTime="2023-12-22T09:36:00.0538738+01:00" testType="13cdc9d9-ddb5-4fa4-a97d-d965ccfc6d4b" outcome="Passed" testListId="8c84fa94-04c1-424b-9868-57a2d4851a1d" relativeResultsDirectory="57b3a89b-5cdb-4ed8-b903-f9f87e1448fc" />
    <UnitTestResult executionId="9c4bbfc8-2cae-4b7a-9b34-0788ce171aa5" testId="6041a665-a5c2-d6e3-acc3-d07918acde37" testName="BoundingBoxLiveStart" computerName="DKSR-EFI-04" duration="00:00:00.1205318" startTime="2023-12-22T09:38:01.4295352+01:00" endTime="2023-12-22T09:38:01.5545318+01:00" testType="13cdc9d9-ddb5-4fa4-a97d-d965ccfc6d4b" outcome="Passed" testListId="8c84fa94-04c1-424b-9868-57a2d4851a1d" relativeResultsDirectory="9c4bbfc8-2cae-4b7a-9b34-0788ce171aa5" />
    <UnitTestResult executionId="615ad511-6540-44df-ba65-58bc8d0ffbad" testId="c66f0344-0d06-e154-dea7-64ff1ea75851" testName="MarkerFactory_WhenMapItemIsGiven_ShouldReturnMarker" computerName="DKSR-EFI-04" duration="00:00:00.3787137" startTime="2023-12-22T09:36:24.5852565+01:00" endTime="2023-12-22T09:36:24.9602584+01:00" testType="13cdc9d9-ddb5-4fa4-a97d-d965ccfc6d4b" outcome="Passed" testListId="8c84fa94-04c1-424b-9868-57a2d4851a1d" relativeResultsDirectory="615ad511-6540-44df-ba65-58bc8d0ffbad" />
    <UnitTestResult executionId="00d6c4cc-d852-4147-89fe-cab55e67962a" testId="7cca3648-ef13-49f1-5ab9-9d7801242c93" testName="AddSelectedWindowsToExport_ShouldAddToExportData (0)" computerName="DKSR-EFI-04" duration="00:00:00.0073075" startTime="2023-12-22T09:38:00.1482774+01:00" endTime="2023-12-22T09:38:00.1482774+01:00" testType="13cdc9d9-ddb5-4fa4-a97d-d965ccfc6d4b" outcome="Passed" testListId="8c84fa94-04c1-424b-9868-57a2d4851a1d" relativeResultsDirectory="00d6c4cc-d852-4147-89fe-cab55e67962a" />
    <UnitTestResult executionId="f05f57d0-a2e6-4ced-8415-c747a4414077" testId="995126b2-b089-a150-2dce-04198c8d17e0" testName="ShowAlreadyAddedToast_ShouldShowCorrectNumberOfToasts (1,1)" computerName="DKSR-EFI-04" duration="00:00:00.0015581" startTime="2023-12-22T09:38:00.3045271+01:00" endTime="2023-12-22T09:38:00.3045271+01:00" testType="13cdc9d9-ddb5-4fa4-a97d-d965ccfc6d4b" outcome="Passed" testListId="8c84fa94-04c1-424b-9868-57a2d4851a1d" relativeResultsDirectory="f05f57d0-a2e6-4ced-8415-c747a4414077" />
    <UnitTestResult executionId="6dae539b-10e1-4629-8a2e-18937c1f6eef" testId="549593cd-e3e2-290a-18b6-e153b1543b39" testName="EditButtonClicked_EditViewCollapsed_StartEdit" computerName="DKSR-EFI-04" duration="00:00:00.0149671" startTime="2023-12-22T09:37:24.3043315+01:00" endTime="2023-12-22T09:37:24.3199532+01:00" testType="13cdc9d9-ddb5-4fa4-a97d-d965ccfc6d4b" outcome="Passed" testListId="8c84fa94-04c1-424b-9868-57a2d4851a1d" relativeResultsDirectory="6dae539b-10e1-4629-8a2e-18937c1f6eef" />
    <UnitTestResult executionId="9ff1c210-bf4e-4738-b060-7dd2d720cc7f" testId="b4acbf62-a814-6c5c-b0cb-e93db772efce" testName="SupportsDoubleClick_ShouldBeFalse_WhenInteractionStateIsNotNormalAndInSetupMode" computerName="DKSR-EFI-04" duration="00:00:00.0287870" startTime="2023-12-22T09:36:19.7571056+01:00" endTime="2023-12-22T09:36:19.7727292+01:00" testType="13cdc9d9-ddb5-4fa4-a97d-d965ccfc6d4b" outcome="Passed" testListId="8c84fa94-04c1-424b-9868-57a2d4851a1d" relativeResultsDirectory="9ff1c210-bf4e-4738-b060-7dd2d720cc7f" />
    <UnitTestResult executionId="956d5bfe-a152-4146-9fdc-298b7d97f893" testId="0cc7d5be-9117-6a7b-5cf3-0699f110c80e" testName="IsMicrophoneMuted_ShouldBeTrue_WhenMicrophoneIsMuted" computerName="DKSR-EFI-04" duration="00:00:00.0139781" startTime="2023-12-22T09:37:53.3044998+01:00" endTime="2023-12-22T09:37:53.3201139+01:00" testType="13cdc9d9-ddb5-4fa4-a97d-d965ccfc6d4b" outcome="Passed" testListId="8c84fa94-04c1-424b-9868-57a2d4851a1d" relativeResultsDirectory="956d5bfe-a152-4146-9fdc-298b7d97f893" />
    <UnitTestResult executionId="03da552c-e788-4c15-a823-4dc275f68f1f" testId="313c09e0-411a-75b7-e96b-3ca0dbd86c48" testName="DateToStringConverter_SingleConvertBack_Fail" computerName="DKSR-EFI-04" duration="00:00:00.0009922" startTime="2023-12-22T09:37:04.0854685+01:00" endTime="2023-12-22T09:37:04.0854685+01:00" testType="13cdc9d9-ddb5-4fa4-a97d-d965ccfc6d4b" outcome="Passed" testListId="8c84fa94-04c1-424b-9868-57a2d4851a1d" relativeResultsDirectory="03da552c-e788-4c15-a823-4dc275f68f1f" />
    <UnitTestResult executionId="629cdded-598c-42dd-a880-5e379a9c10f1" testId="cab07565-7102-ab00-4f85-136d84889f35" testName="UpdateItems_WhenStrategyReturnsUpdateNotNeeded_ShouldNotResultInMipItemsReadyEvent" computerName="DKSR-EFI-04" duration="00:00:00.0022927" startTime="2023-12-22T09:36:23.9758767+01:00" endTime="2023-12-22T09:36:23.9758767+01:00" testType="13cdc9d9-ddb5-4fa4-a97d-d965ccfc6d4b" outcome="Passed" testListId="8c84fa94-04c1-424b-9868-57a2d4851a1d" relativeResultsDirectory="629cdded-598c-42dd-a880-5e379a9c10f1" />
    <UnitTestResult executionId="e7e83b35-9e1f-4dad-bce7-1c8bddfc1464" testId="138f94fd-09a3-ac1a-466f-d3cf0cc3562a" testName="UpdateStartupLocationInModel_NoUpdate_Success" computerName="DKSR-EFI-04" duration="00:00:00.0576387" startTime="2023-12-22T09:36:10.1945537+01:00" endTime="2023-12-22T09:36:10.2570595+01:00" testType="13cdc9d9-ddb5-4fa4-a97d-d965ccfc6d4b" outcome="Passed" testListId="8c84fa94-04c1-424b-9868-57a2d4851a1d" relativeResultsDirectory="e7e83b35-9e1f-4dad-bce7-1c8bddfc1464" />
    <UnitTestResult executionId="56518e48-1390-46d7-9ee3-5e5b09132f78" testId="2f1a043d-2a10-79ca-c195-ea30a15eafce" testName="ValidateExportFormats_SmartClientPlayerFormat_ShouldReturnFailResult_ExportPathIsTooLong (c:\aaaaaaaaaaaaaaaaaaaaaaaaaaaaaaaaaaaaaaaaaaaaaaaaaaaaaaaaaaaaaaaaaaaaaaaaaaaaaaaaaaaaaaaaaaaaaaaaaaaaaaaaaaaaaaaaaaaaaaaaaaaaaaaaaaaaaaaaaaaaaaaaaaaaaaaaaaaaaaaaaaaaaaaaaaaaaaaaaaaaaaa)" computerName="DKSR-EFI-04" duration="00:00:00.0132894" startTime="2023-12-22T09:36:29.9602849+01:00" endTime="2023-12-22T09:36:29.9602849+01:00" testType="13cdc9d9-ddb5-4fa4-a97d-d965ccfc6d4b" outcome="Passed" testListId="8c84fa94-04c1-424b-9868-57a2d4851a1d" relativeResultsDirectory="56518e48-1390-46d7-9ee3-5e5b09132f78" />
    <UnitTestResult executionId="5e22daed-2c48-4529-bb75-ad8445792400" testId="475f68bd-aa4e-7080-1be5-54155a49acfc" testName="Convert_ShouldReturnTrue_WhenParameterIsEqualToValue" computerName="DKSR-EFI-04" duration="00:00:00.0004551" startTime="2023-12-22T09:36:11.6945609+01:00" endTime="2023-12-22T09:36:11.6945609+01:00" testType="13cdc9d9-ddb5-4fa4-a97d-d965ccfc6d4b" outcome="Passed" testListId="8c84fa94-04c1-424b-9868-57a2d4851a1d" relativeResultsDirectory="5e22daed-2c48-4529-bb75-ad8445792400" />
    <UnitTestResult executionId="c2ae0381-c6e0-4ee7-b777-b63fd582a49c" testId="13db29e1-271e-aab2-3bce-87640b8c6e48" testName="SearchResultDataHasChanged_ShouldCallAllSubResults" computerName="DKSR-EFI-04" duration="00:00:00.0068118" startTime="2023-12-22T09:37:35.2106384+01:00" endTime="2023-12-22T09:37:35.2106384+01:00" testType="13cdc9d9-ddb5-4fa4-a97d-d965ccfc6d4b" outcome="Passed" testListId="8c84fa94-04c1-424b-9868-57a2d4851a1d" relativeResultsDirectory="c2ae0381-c6e0-4ee7-b777-b63fd582a49c" />
    <UnitTestResult executionId="fdf74524-6433-4758-b590-151c0533d970" testId="d02a9bfe-ef70-0b80-6768-a063d853aefd" testName="TestInitializeWorkrooms_AllBuiltinWorkroomsWithSearchTabAsInitialWorkroom_Success" computerName="DKSR-EFI-04" duration="00:00:00.0514342" startTime="2023-12-22T09:36:06.6945375+01:00" endTime="2023-12-22T09:36:06.7414125+01:00" testType="13cdc9d9-ddb5-4fa4-a97d-d965ccfc6d4b" outcome="Passed" testListId="8c84fa94-04c1-424b-9868-57a2d4851a1d" relativeResultsDirectory="fdf74524-6433-4758-b590-151c0533d970" />
    <UnitTestResult executionId="2aaf2285-5fba-4ad1-ba60-04adb25f8045" testId="5e38d847-a6e1-c044-80d4-91e6d7b293f2" testName="ShouldCameraListItemBeEnabledForCamera_ShouldReturnTrue_WhenSmartSearchIsAllowedForTheCamera" computerName="DKSR-EFI-04" duration="00:00:00.0012323" startTime="2023-12-22T09:37:49.1482120+01:00" endTime="2023-12-22T09:37:49.1482120+01:00" testType="13cdc9d9-ddb5-4fa4-a97d-d965ccfc6d4b" outcome="Passed" testListId="8c84fa94-04c1-424b-9868-57a2d4851a1d" relativeResultsDirectory="2aaf2285-5fba-4ad1-ba60-04adb25f8045" />
    <UnitTestResult executionId="16668840-1a0f-4afd-8e73-47c3bae94f4e" testId="dce39246-34e9-ee17-be45-81df055ba9b7" testName="Decorate_ShouldNotAddChildren_WhenThereLayersImplementingITitleToggleableHasNoItems" computerName="DKSR-EFI-04" duration="00:00:00.0023091" startTime="2023-12-22T09:36:14.8039550+01:00" endTime="2023-12-22T09:36:14.8195792+01:00" testType="13cdc9d9-ddb5-4fa4-a97d-d965ccfc6d4b" outcome="Passed" testListId="8c84fa94-04c1-424b-9868-57a2d4851a1d" relativeResultsDirectory="16668840-1a0f-4afd-8e73-47c3bae94f4e" />
    <UnitTestResult executionId="d845db23-c261-4f44-8f44-ffbe1957a156" testId="a4234a76-75fb-b47f-57a5-6def17414cfd" testName="UpdateScope_AbsoluteScopeDurationToTimeChanged_ReturnsTrue" computerName="DKSR-EFI-04" duration="00:00:00.0001944" startTime="2023-12-22T09:37:35.1637634+01:00" endTime="2023-12-22T09:37:35.1637634+01:00" testType="13cdc9d9-ddb5-4fa4-a97d-d965ccfc6d4b" outcome="Passed" testListId="8c84fa94-04c1-424b-9868-57a2d4851a1d" relativeResultsDirectory="d845db23-c261-4f44-8f44-ffbe1957a156" />
    <UnitTestResult executionId="eb57bf7c-014d-430e-8a5b-c6de8d81df5d" testId="00c9ed3e-1b96-abed-4b9f-a4e09fd426a6" testName="Init_InitialStateLoaded_Success" computerName="DKSR-EFI-04" duration="00:00:00.0146787" startTime="2023-12-22T09:36:30.5384120+01:00" endTime="2023-12-22T09:36:30.5540379+01:00" testType="13cdc9d9-ddb5-4fa4-a97d-d965ccfc6d4b" outcome="Passed" testListId="8c84fa94-04c1-424b-9868-57a2d4851a1d" relativeResultsDirectory="eb57bf7c-014d-430e-8a5b-c6de8d81df5d" />
    <UnitTestResult executionId="39f38a21-5df8-4c89-94de-64e3f77376fd" testId="ebe31b64-a15f-5d1c-5a6d-837a5656ceb3" testName="SmartMapGoToPositionHandler_WhenViewIndexDoesNotMatch_ShouldDoNothing" computerName="DKSR-EFI-04" duration="00:00:00.0033161" startTime="2023-12-22T09:36:23.6946276+01:00" endTime="2023-12-22T09:36:23.6946276+01:00" testType="13cdc9d9-ddb5-4fa4-a97d-d965ccfc6d4b" outcome="Passed" testListId="8c84fa94-04c1-424b-9868-57a2d4851a1d" relativeResultsDirectory="39f38a21-5df8-4c89-94de-64e3f77376fd" />
    <UnitTestResult executionId="af50768e-4923-4ab5-ad0d-66c54a2e3343" testId="84f8043b-4691-c526-0edb-4d71ad8832d8" testName="DisplayErrorOnNotificationArea_UnknownSearchError_LoggingEnabled_Success" computerName="DKSR-EFI-04" duration="00:00:00.0099683" startTime="2023-12-22T09:37:28.2105943+01:00" endTime="2023-12-22T09:37:28.2105943+01:00" testType="13cdc9d9-ddb5-4fa4-a97d-d965ccfc6d4b" outcome="Passed" testListId="8c84fa94-04c1-424b-9868-57a2d4851a1d" relativeResultsDirectory="af50768e-4923-4ab5-ad0d-66c54a2e3343" />
    <UnitTestResult executionId="12f48bfd-03f9-4165-8913-dbcb3669e97c" testId="1757e59b-40da-bd94-15dd-39f1d4194c31" testName="UpdateSearchFilter_SingleFilterWithValues_Added" computerName="DKSR-EFI-04" duration="00:00:00.0024899" startTime="2023-12-22T09:37:24.4605751+01:00" endTime="2023-12-22T09:37:24.4605751+01:00" testType="13cdc9d9-ddb5-4fa4-a97d-d965ccfc6d4b" outcome="Passed" testListId="8c84fa94-04c1-424b-9868-57a2d4851a1d" relativeResultsDirectory="12f48bfd-03f9-4165-8913-dbcb3669e97c" />
    <UnitTestResult executionId="2d44c3b3-d646-4308-9cba-a653c90aa875" testId="2aeb0604-7864-ac0e-7483-a1a86a3f6f67" testName="LoadInitialState_ValidState_ReturnsValidState" computerName="DKSR-EFI-04" duration="00:00:00.0054358" startTime="2023-12-22T09:36:30.5696630+01:00" endTime="2023-12-22T09:36:30.5696630+01:00" testType="13cdc9d9-ddb5-4fa4-a97d-d965ccfc6d4b" outcome="Passed" testListId="8c84fa94-04c1-424b-9868-57a2d4851a1d" relativeResultsDirectory="2d44c3b3-d646-4308-9cba-a653c90aa875" />
    <UnitTestResult executionId="45ca1805-8253-474b-92b6-6881cd5c46d2" testId="1435e2a2-bee2-1d2d-95b6-bab177d11e01" testName="GetDeactivatedOutputIconId_ShouldRaiseArgumentException_WhenArgumentIsNotAActivatedOutputIconId" computerName="DKSR-EFI-04" duration="00:00:00.0010223" startTime="2023-12-22T09:37:53.1169907+01:00" endTime="2023-12-22T09:37:53.1169907+01:00" testType="13cdc9d9-ddb5-4fa4-a97d-d965ccfc6d4b" outcome="Passed" testListId="8c84fa94-04c1-424b-9868-57a2d4851a1d" relativeResultsDirectory="45ca1805-8253-474b-92b6-6881cd5c46d2" />
    <UnitTestResult executionId="f31e65e2-916d-4277-ad45-65e425884679" testId="0110325c-27e3-3325-4a17-71d49ff6f036" testName="GetUnmutedMicrophoneIconId_ShouldReturnValidUnMutedMicrophoneIconId_WhenValidMutedMicrophoneIconIdIsProvided" computerName="DKSR-EFI-04" duration="00:00:00.0001729" startTime="2023-12-22T09:37:53.0857414+01:00" endTime="2023-12-22T09:37:53.0857414+01:00" testType="13cdc9d9-ddb5-4fa4-a97d-d965ccfc6d4b" outcome="Passed" testListId="8c84fa94-04c1-424b-9868-57a2d4851a1d" relativeResultsDirectory="f31e65e2-916d-4277-ad45-65e425884679" />
    <UnitTestResult executionId="ff4bed67-8dd1-4e7d-8b2e-de8aa7a0847b" testId="6bd5f4c7-c179-311a-1fc1-8d1f4fd89099" testName="AddResults_ExcludePartialResults_OnePartialResult_Success" computerName="DKSR-EFI-04" duration="00:00:00.0021287" startTime="2023-12-22T09:37:35.1168886+01:00" endTime="2023-12-22T09:37:35.1168886+01:00" testType="13cdc9d9-ddb5-4fa4-a97d-d965ccfc6d4b" outcome="Passed" testListId="8c84fa94-04c1-424b-9868-57a2d4851a1d" relativeResultsDirectory="ff4bed67-8dd1-4e7d-8b2e-de8aa7a0847b" />
    <UnitTestResult executionId="68e320e7-d1a7-42d0-aca0-006425154b5b" testId="e9e0e7d6-a421-cf24-61f6-b52746752039" testName="GetClusters_NotInitialized_NoClusters" computerName="DKSR-EFI-04" duration="00:00:00.0086565" startTime="2023-12-22T09:37:57.3201337+01:00" endTime="2023-12-22T09:37:57.3201337+01:00" testType="13cdc9d9-ddb5-4fa4-a97d-d965ccfc6d4b" outcome="Passed" testListId="8c84fa94-04c1-424b-9868-57a2d4851a1d" relativeResultsDirectory="68e320e7-d1a7-42d0-aca0-006425154b5b" />
    <UnitTestResult executionId="5a1e7a07-f135-4567-acf6-ef3793107149" testId="59a60e54-e35c-c435-6281-92cda5ac809d" testName="State_ShouldUpdateMicrophoneIconId_WhenSetToUnMute" computerName="DKSR-EFI-04" duration="00:00:00.0092249" startTime="2023-12-22T09:37:54.5701251+01:00" endTime="2023-12-22T09:37:54.5701251+01:00" testType="13cdc9d9-ddb5-4fa4-a97d-d965ccfc6d4b" outcome="Passed" testListId="8c84fa94-04c1-424b-9868-57a2d4851a1d" relativeResultsDirectory="5a1e7a07-f135-4567-acf6-ef3793107149" />
    <UnitTestResult executionId="1a3f48c8-5f9f-4390-acaa-8cea99c7133d" testId="32413933-4aac-e1ed-206e-cfe25722fe12" testName="CreatePdfDocumentAsync_ShouldMakeValidReportFileName_WhenReportNameIsEmpty" computerName="DKSR-EFI-04" duration="00:00:00.0062391" startTime="2023-12-22T09:37:24.7574577+01:00" endTime="2023-12-22T09:37:24.7574577+01:00" testType="13cdc9d9-ddb5-4fa4-a97d-d965ccfc6d4b" outcome="Passed" testListId="8c84fa94-04c1-424b-9868-57a2d4851a1d" relativeResultsDirectory="1a3f48c8-5f9f-4390-acaa-8cea99c7133d" />
    <UnitTestResult executionId="6e848fac-5f98-49f2-b798-2e000fccddfe" testId="2f100db4-2fb5-00e2-487e-75a3a7b6d272" testName="PtzPresetsMenuViewModel_PtzCotrolledByUserTest" computerName="DKSR-EFI-04" duration="00:00:00.0015460" startTime="2023-12-22T09:38:04.1639205+01:00" endTime="2023-12-22T09:38:04.1639205+01:00" testType="13cdc9d9-ddb5-4fa4-a97d-d965ccfc6d4b" outcome="Passed" testListId="8c84fa94-04c1-424b-9868-57a2d4851a1d" relativeResultsDirectory="6e848fac-5f98-49f2-b798-2e000fccddfe" />
    <UnitTestResult executionId="00dfacaa-2d02-4402-9ecf-dc921952bb84" testId="5cd4b702-56a3-e460-79f3-24a1a68869f7" testName="SelectOptions_ShouldNotChangeSelectedComponent_WhenGivenOptionGroupWithNoCorrelatedComponent" computerName="DKSR-EFI-04" duration="00:00:00.0022684" startTime="2023-12-22T09:37:58.2263898+01:00" endTime="2023-12-22T09:37:58.2263898+01:00" testType="13cdc9d9-ddb5-4fa4-a97d-d965ccfc6d4b" outcome="Passed" testListId="8c84fa94-04c1-424b-9868-57a2d4851a1d" relativeResultsDirectory="00dfacaa-2d02-4402-9ecf-dc921952bb84" />
    <UnitTestResult executionId="4c5a01cc-b7aa-4bd3-9a11-903b935a8752" testId="84b8f2a7-62b5-8ef3-473a-8f8892e8765c" testName="GetPartialDiffBetweenDictionaries_ShouldReturnCorrectValues (System.Collections.Generic.Dictionary`2[System.String,System.String],System.Collections.Generic.Dictionary`2[System.String,System.String],System.Collections.Generic.Dictionary`2[System.String,System.String])" computerName="DKSR-EFI-04" duration="00:00:00.0001769" startTime="2023-12-22T09:38:06.1951883+01:00" endTime="2023-12-22T09:38:06.1951883+01:00" testType="13cdc9d9-ddb5-4fa4-a97d-d965ccfc6d4b" outcome="Passed" testListId="8c84fa94-04c1-424b-9868-57a2d4851a1d" relativeResultsDirectory="4c5a01cc-b7aa-4bd3-9a11-903b935a8752" />
    <UnitTestResult executionId="30b0f801-592e-4278-927c-c46a0e8afd41" testId="04268900-3302-a699-5943-bbf486b565e8" testName="PatrollingProfileListViewModel_Save_DeleteProfile" computerName="DKSR-EFI-04" duration="00:00:00.0035918" startTime="2023-12-22T09:37:57.9451442+01:00" endTime="2023-12-22T09:37:57.9451442+01:00" testType="13cdc9d9-ddb5-4fa4-a97d-d965ccfc6d4b" outcome="Passed" testListId="8c84fa94-04c1-424b-9868-57a2d4851a1d" relativeResultsDirectory="30b0f801-592e-4278-927c-c46a0e8afd41" />
    <UnitTestResult executionId="00fd6943-dd4e-4c14-8799-694735668e80" testId="0642a600-4a64-e9cb-eb5f-0984d3d228c6" testName="ScWorkspaceStateChangedEvent_ShouldSetDeviceIsDisabledToFalse_WhenSwitchingToSetupModeAndDeviceIsDisabled" computerName="DKSR-EFI-04" duration="00:00:00.0203334" startTime="2023-12-22T09:37:53.6638711+01:00" endTime="2023-12-22T09:37:53.6794928+01:00" testType="13cdc9d9-ddb5-4fa4-a97d-d965ccfc6d4b" outcome="Passed" testListId="8c84fa94-04c1-424b-9868-57a2d4851a1d" relativeResultsDirectory="00fd6943-dd4e-4c14-8799-694735668e80" />
    <UnitTestResult executionId="d20d9bae-dbca-4daa-8d0e-09474229a87a" testId="319e9db8-8f37-6739-0cbb-83eff6d39b32" testName="PtzSessionControllerInfo_TimeChangedTest_NoChange" computerName="DKSR-EFI-04" duration="00:00:00.0004504" startTime="2023-12-22T09:36:07.2570389+01:00" endTime="2023-12-22T09:36:07.2726654+01:00" testType="13cdc9d9-ddb5-4fa4-a97d-d965ccfc6d4b" outcome="Passed" testListId="8c84fa94-04c1-424b-9868-57a2d4851a1d" relativeResultsDirectory="d20d9bae-dbca-4daa-8d0e-09474229a87a" />
    <UnitTestResult executionId="dc79fc81-c50c-4d84-bb94-f259029dc1e5" testId="81fc8aa1-de6a-e087-adfe-af829f91bad7" testName="Deserialize_FromTimeOnly_Success" computerName="DKSR-EFI-04" duration="00:00:00.0015095" startTime="2023-12-22T09:37:35.4450191+01:00" endTime="2023-12-22T09:37:35.4450191+01:00" testType="13cdc9d9-ddb5-4fa4-a97d-d965ccfc6d4b" outcome="Passed" testListId="8c84fa94-04c1-424b-9868-57a2d4851a1d" relativeResultsDirectory="dc79fc81-c50c-4d84-bb94-f259029dc1e5" />
    <UnitTestResult executionId="69ae75a8-db07-4487-a12a-002064755d8f" testId="2f8a4bab-4df9-e4ff-fb91-be0d70ec975d" testName="PatrollingProfileListViewModel_AddProfileExecute" computerName="DKSR-EFI-04" duration="00:00:00.0041375" startTime="2023-12-22T09:37:57.8982708+01:00" endTime="2023-12-22T09:37:57.8982708+01:00" testType="13cdc9d9-ddb5-4fa4-a97d-d965ccfc6d4b" outcome="Passed" testListId="8c84fa94-04c1-424b-9868-57a2d4851a1d" relativeResultsDirectory="69ae75a8-db07-4487-a12a-002064755d8f" />
    <UnitTestResult executionId="522827dc-06cf-45ba-baca-b91065d87127" testId="94358fa8-5ab7-9379-cdbb-784e07581698" testName="Cameras_where_the_user_has_no_RetentionCreate_rights_can_be_still_re_added" computerName="DKSR-EFI-04" duration="00:00:00.0024718" startTime="2023-12-22T09:38:07.2108110+01:00" endTime="2023-12-22T09:38:07.2108110+01:00" testType="13cdc9d9-ddb5-4fa4-a97d-d965ccfc6d4b" outcome="Passed" testListId="8c84fa94-04c1-424b-9868-57a2d4851a1d" relativeResultsDirectory="522827dc-06cf-45ba-baca-b91065d87127" />
    <UnitTestResult executionId="2f982d75-e149-4c7e-8143-40b816adae62" testId="7b7ac52a-fd20-eae1-4eee-941b2f9ad41c" testName="TestForAssemblyCoverage" computerName="DKSR-EFI-04" duration="00:00:00.0050531" startTime="2023-12-22T09:37:49.1638371+01:00" endTime="2023-12-22T09:37:49.1794657+01:00" testType="13cdc9d9-ddb5-4fa4-a97d-d965ccfc6d4b" outcome="Passed" testListId="8c84fa94-04c1-424b-9868-57a2d4851a1d" relativeResultsDirectory="2f982d75-e149-4c7e-8143-40b816adae62" />
    <UnitTestResult executionId="e71e0f3f-68d4-4f81-9874-0b0075a6f336" testId="bdaa8c04-85d7-4ee8-e951-82186f7309ad" testName="PtzSessionController_Constructor_Test" computerName="DKSR-EFI-04" duration="00:00:00.0124314" startTime="2023-12-22T09:36:06.9132859+01:00" endTime="2023-12-22T09:36:06.9132859+01:00" testType="13cdc9d9-ddb5-4fa4-a97d-d965ccfc6d4b" outcome="Passed" testListId="8c84fa94-04c1-424b-9868-57a2d4851a1d" relativeResultsDirectory="e71e0f3f-68d4-4f81-9874-0b0075a6f336" />
    <UnitTestResult executionId="b8f81c63-a804-4582-a98f-bdb02930f8a6" testId="56af3ae0-30c5-e2c9-265d-9763c2af0b14" testName="ActiveInteractionStateBinding_ShouldOnlyContainNormal_WhenCtorIsCalled" computerName="DKSR-EFI-04" duration="00:00:00.0328759" startTime="2023-12-22T09:36:19.8664825+01:00" endTime="2023-12-22T09:36:19.8977282+01:00" testType="13cdc9d9-ddb5-4fa4-a97d-d965ccfc6d4b" outcome="Passed" testListId="8c84fa94-04c1-424b-9868-57a2d4851a1d" relativeResultsDirectory="b8f81c63-a804-4582-a98f-bdb02930f8a6" />
    <UnitTestResult executionId="de208b4a-e37c-4059-8fb1-9b7258eb038c" testId="d59c7867-81fa-72b0-e0e7-f75e74dd41dd" testName="Convert_ShouldReturnFalse_WhenValueIsNull" computerName="DKSR-EFI-04" duration="00:00:00.0197614" startTime="2023-12-22T09:36:11.6476897+01:00" endTime="2023-12-22T09:36:11.6789379+01:00" testType="13cdc9d9-ddb5-4fa4-a97d-d965ccfc6d4b" outcome="Passed" testListId="8c84fa94-04c1-424b-9868-57a2d4851a1d" relativeResultsDirectory="de208b4a-e37c-4059-8fb1-9b7258eb038c" />
    <UnitTestResult executionId="7fae0983-8ca7-4fee-bfc7-c096d89b5b1c" testId="1995aa56-764e-e077-7015-d7ad96740ef7" testName="UpdateAction_SingleAccepted_DoesNotChangeToolTip" computerName="DKSR-EFI-04" duration="00:00:00.0027086" startTime="2023-12-22T09:37:26.1012145+01:00" endTime="2023-12-22T09:37:26.1012145+01:00" testType="13cdc9d9-ddb5-4fa4-a97d-d965ccfc6d4b" outcome="Passed" testListId="8c84fa94-04c1-424b-9868-57a2d4851a1d" relativeResultsDirectory="7fae0983-8ca7-4fee-bfc7-c096d89b5b1c" />
    <UnitTestResult executionId="fb8d85b5-b668-4168-8f31-418bb0e1f247" testId="7e66b483-7a2b-eb7e-b3f4-08fdb2d87edb" testName="SaveSearchTemplateAsync_ActiveAndSaveFails_Success" computerName="DKSR-EFI-04" duration="00:00:00.0059073" startTime="2023-12-22T09:37:33.8043888+01:00" endTime="2023-12-22T09:37:33.8043888+01:00" testType="13cdc9d9-ddb5-4fa4-a97d-d965ccfc6d4b" outcome="Passed" testListId="8c84fa94-04c1-424b-9868-57a2d4851a1d" relativeResultsDirectory="fb8d85b5-b668-4168-8f31-418bb0e1f247" />
    <UnitTestResult executionId="908c292a-2b3a-4a9d-858f-330c1cc114ce" testId="4a2ca9ff-adc0-1722-277d-f773fee59568" testName="AddSelectedWindowsToExport_ShouldShowCorrectToastMessages (5,5,5)" computerName="DKSR-EFI-04" duration="00:00:00.0090492" startTime="2023-12-22T09:38:00.2420260+01:00" endTime="2023-12-22T09:38:00.2576562+01:00" testType="13cdc9d9-ddb5-4fa4-a97d-d965ccfc6d4b" outcome="Passed" testListId="8c84fa94-04c1-424b-9868-57a2d4851a1d" relativeResultsDirectory="908c292a-2b3a-4a9d-858f-330c1cc114ce" />
    <UnitTestResult executionId="1d7b629f-ae03-429a-ac6d-81c6766ac0ec" testId="a68d8bd1-83c1-7dcf-88ae-373561151afd" testName="OnLayersRetrieved_ShouldSetComponentsToInput_WhenLayersCollectionContainsInput" computerName="DKSR-EFI-04" duration="00:00:00.0222808" startTime="2023-12-22T09:36:13.1008208+01:00" endTime="2023-12-22T09:36:13.1320695+01:00" testType="13cdc9d9-ddb5-4fa4-a97d-d965ccfc6d4b" outcome="Passed" testListId="8c84fa94-04c1-424b-9868-57a2d4851a1d" relativeResultsDirectory="1d7b629f-ae03-429a-ac6d-81c6766ac0ec" />
    <UnitTestResult executionId="655af843-ffbb-40d4-ac25-e4efa50ae833" testId="9029e935-145d-d5fd-fae9-96c860349038" testName="GetClusters_AddedItems_ClustersForAddedItems (Data Row 11)" computerName="DKSR-EFI-04" duration="00:00:00.0090688" startTime="2023-12-22T09:37:57.5232605+01:00" endTime="2023-12-22T09:37:57.7107610+01:00" testType="13cdc9d9-ddb5-4fa4-a97d-d965ccfc6d4b" outcome="Passed" testListId="8c84fa94-04c1-424b-9868-57a2d4851a1d" relativeResultsDirectory="655af843-ffbb-40d4-ac25-e4efa50ae833" />
    <UnitTestResult executionId="2a7736b5-9461-4ae0-922a-098b304cf0df" testId="f5f2e97a-f5f8-6deb-42be-a32de8760af2" testName="SearchResultsActionBarActions_ActionResultCreateReport_Success" computerName="DKSR-EFI-04" duration="00:00:00.0210053" startTime="2023-12-22T09:37:25.8980850+01:00" endTime="2023-12-22T09:37:25.9293400+01:00" testType="13cdc9d9-ddb5-4fa4-a97d-d965ccfc6d4b" outcome="Passed" testListId="8c84fa94-04c1-424b-9868-57a2d4851a1d" relativeResultsDirectory="2a7736b5-9461-4ae0-922a-098b304cf0df" />
    <UnitTestResult executionId="290dee39-96dc-4323-9e03-e056b39c6464" testId="d099ba8f-3bb5-6902-b93b-2d0bd66877da" testName="Passwords are the same" computerName="DKSR-EFI-04" duration="00:00:00.0002383" startTime="2023-12-22T09:36:30.1946614+01:00" endTime="2023-12-22T09:36:30.1946614+01:00" testType="13cdc9d9-ddb5-4fa4-a97d-d965ccfc6d4b" outcome="Passed" testListId="8c84fa94-04c1-424b-9868-57a2d4851a1d" relativeResultsDirectory="290dee39-96dc-4323-9e03-e056b39c6464" />
    <UnitTestResult executionId="823b4bfd-6f3e-49a7-b867-08bd5a89d139" testId="e6de12d3-0261-772c-f490-e9dbb1bb9e62" testName="SearchResultsActionBarActions_ActionResultCreateReport_ProgressUpdate_Success" computerName="DKSR-EFI-04" duration="00:00:00.0175521" startTime="2023-12-22T09:37:25.9293400+01:00" endTime="2023-12-22T09:37:25.9449620+01:00" testType="13cdc9d9-ddb5-4fa4-a97d-d965ccfc6d4b" outcome="Passed" testListId="8c84fa94-04c1-424b-9868-57a2d4851a1d" relativeResultsDirectory="823b4bfd-6f3e-49a7-b867-08bd5a89d139" />
    <UnitTestResult executionId="0fbb30ad-1b13-486f-bff0-7190bd6c36ab" testId="9b54b5db-74ce-7f6e-1fd4-798a1baa40f1" testName="IsBasicUser_ShouldReturnTrue_WhenConstructedUsingSimple" computerName="DKSR-EFI-04" duration="00:00:00.0004356" startTime="2023-12-22T09:36:07.6320396+01:00" endTime="2023-12-22T09:36:07.6320396+01:00" testType="13cdc9d9-ddb5-4fa4-a97d-d965ccfc6d4b" outcome="Passed" testListId="8c84fa94-04c1-424b-9868-57a2d4851a1d" relativeResultsDirectory="0fbb30ad-1b13-486f-bff0-7190bd6c36ab" />
    <UnitTestResult executionId="5d0f935f-2e9b-48ed-a5fb-7f16725d3719" testId="f680908c-3b4b-7b4d-7066-6e5fce7c0b27" testName="GetClusters_ExcludeThenIncludeExcludedItems_NoChange (Data Row 8)" computerName="DKSR-EFI-04" duration="00:00:00.0113612" startTime="2023-12-22T09:37:56.4607518+01:00" endTime="2023-12-22T09:37:56.6638974+01:00" testType="13cdc9d9-ddb5-4fa4-a97d-d965ccfc6d4b" outcome="Passed" testListId="8c84fa94-04c1-424b-9868-57a2d4851a1d" relativeResultsDirectory="5d0f935f-2e9b-48ed-a5fb-7f16725d3719" />
    <UnitTestResult executionId="3646fe08-f768-4435-9dc7-2ff607a6d372" testId="7303b39e-095c-d519-9482-2df53e696cb0" testName="ValidEncryptionStrengthsForExport_ShouldOnlyReturnAes256_WhenLegacyEncryptionNotEnabledInAppConfig" computerName="DKSR-EFI-04" duration="00:00:00.0063450" startTime="2023-12-22T09:38:01.8670316+01:00" endTime="2023-12-22T09:38:01.8826543+01:00" testType="13cdc9d9-ddb5-4fa4-a97d-d965ccfc6d4b" outcome="Passed" testListId="8c84fa94-04c1-424b-9868-57a2d4851a1d" relativeResultsDirectory="3646fe08-f768-4435-9dc7-2ff607a6d372" />
    <UnitTestResult executionId="b153bcfb-8412-4685-aa66-30adfe846011" testId="1e94fe66-ebdd-242f-d52f-6bae60dddc8c" testName="ChangeSorting_WithFocusItem_Success" computerName="DKSR-EFI-04" duration="00:00:00.0242031" startTime="2023-12-22T09:37:28.3355983+01:00" endTime="2023-12-22T09:37:28.3668516+01:00" testType="13cdc9d9-ddb5-4fa4-a97d-d965ccfc6d4b" outcome="Passed" testListId="8c84fa94-04c1-424b-9868-57a2d4851a1d" relativeResultsDirectory="b153bcfb-8412-4685-aa66-30adfe846011" />
    <UnitTestResult executionId="a2518537-b4f3-452c-8c96-8691eeb57eaa" testId="e998f77e-77b2-7e10-d8db-3813eb8031aa" testName="GetClusters_ThreeInitialItems_ClustersForInitialItems (Data Row 16)" computerName="DKSR-EFI-04" duration="00:00:00.0125983" startTime="2023-12-22T09:37:57.3201337+01:00" endTime="2023-12-22T09:37:57.5076341+01:00" testType="13cdc9d9-ddb5-4fa4-a97d-d965ccfc6d4b" outcome="Passed" testListId="8c84fa94-04c1-424b-9868-57a2d4851a1d" relativeResultsDirectory="a2518537-b4f3-452c-8c96-8691eeb57eaa" />
    <UnitTestResult executionId="43ea3d2f-50b2-4095-87ac-2b857f7a30b4" testId="945b4c83-9f91-b5d9-8e70-c736523c2f6f" testName="HandleGetDeviceData_ShouldReturnNotFoundDeviceData_WhenCameraKindAndNonExistingCameraId" computerName="DKSR-EFI-04" duration="00:00:00.1791393" startTime="2023-12-22T09:36:25.6946662+01:00" endTime="2023-12-22T09:36:25.8821383+01:00" testType="13cdc9d9-ddb5-4fa4-a97d-d965ccfc6d4b" outcome="Passed" testListId="8c84fa94-04c1-424b-9868-57a2d4851a1d" relativeResultsDirectory="43ea3d2f-50b2-4095-87ac-2b857f7a30b4" />
    <UnitTestResult executionId="1dd95b6e-a3f6-487a-8cee-86c0490711b0" testId="b475e3ab-bcbc-5954-7660-9f7524c4b9d5" testName="NearestPossibleZoomLevel_ShouldReturnMin_WhenScaleIs0" computerName="DKSR-EFI-04" duration="00:00:00.0080597" startTime="2023-12-22T09:36:18.9133504+01:00" endTime="2023-12-22T09:36:18.9133504+01:00" testType="13cdc9d9-ddb5-4fa4-a97d-d965ccfc6d4b" outcome="Passed" testListId="8c84fa94-04c1-424b-9868-57a2d4851a1d" relativeResultsDirectory="1dd95b6e-a3f6-487a-8cee-86c0490711b0" />
    <UnitTestResult executionId="11eb94b2-f147-4e51-8057-1c395c48eda2" testId="e571b35d-57ce-9cb9-ba77-a93c8415ec13" testName="CreateDetailsViewControl_ValidSearchResult_DetailsViewPlaybackSpeedSet_Success" computerName="DKSR-EFI-04" duration="00:00:01.3734349" startTime="2023-12-22T09:36:47.4291283+01:00" endTime="2023-12-22T09:36:48.8041359+01:00" testType="13cdc9d9-ddb5-4fa4-a97d-d965ccfc6d4b" outcome="Passed" testListId="8c84fa94-04c1-424b-9868-57a2d4851a1d" relativeResultsDirectory="11eb94b2-f147-4e51-8057-1c395c48eda2" />
    <UnitTestResult executionId="b9fb97da-5c53-4aa6-a123-7a3d62cbca84" testId="9029e935-145d-d5fd-fae9-96c860349038" testName="GetClusters_AddedItems_ClustersForAddedItems (Data Row 14)" computerName="DKSR-EFI-04" duration="00:00:00.0094986" startTime="2023-12-22T09:37:57.5232605+01:00" endTime="2023-12-22T09:37:57.7107610+01:00" testType="13cdc9d9-ddb5-4fa4-a97d-d965ccfc6d4b" outcome="Passed" testListId="8c84fa94-04c1-424b-9868-57a2d4851a1d" relativeResultsDirectory="b9fb97da-5c53-4aa6-a123-7a3d62cbca84" />
    <UnitTestResult executionId="16f47f16-9e36-4d00-8e34-66c32e9a75d4" testId="4b6fecb5-59c1-ea5f-e98e-45127e9005f6" testName="ValidateExportLocation_ShouldReturnFailResult_DestinationRequired" computerName="DKSR-EFI-04" duration="00:00:00.0800724" startTime="2023-12-22T09:36:29.6946575+01:00" endTime="2023-12-22T09:36:29.7727839+01:00" testType="13cdc9d9-ddb5-4fa4-a97d-d965ccfc6d4b" outcome="Passed" testListId="8c84fa94-04c1-424b-9868-57a2d4851a1d" relativeResultsDirectory="16f47f16-9e36-4d00-8e34-66c32e9a75d4" />
    <UnitTestResult executionId="792c3183-13e3-4399-bd32-a12b617265f9" testId="c1617589-7ab5-2785-7153-f5d42b13af57" testName="GetServer_ShouldReturnCorrectServerTest" computerName="DKSR-EFI-04" duration="00:00:00.0108661" startTime="2023-12-22T09:38:01.9295443+01:00" endTime="2023-12-22T09:38:01.9451701+01:00" testType="13cdc9d9-ddb5-4fa4-a97d-d965ccfc6d4b" outcome="Passed" testListId="8c84fa94-04c1-424b-9868-57a2d4851a1d" relativeResultsDirectory="792c3183-13e3-4399-bd32-a12b617265f9" />
    <UnitTestResult executionId="886eeb0e-2e09-423f-9eaa-0a1218ee850f" testId="52643794-b083-7c0f-47d3-00e62a4cf8ea" testName="ToMipSearchResultData_ShouldIncludeResultPropertiesFromAllSubResults" computerName="DKSR-EFI-04" duration="00:00:00.0134729" startTime="2023-12-22T09:37:35.1637634+01:00" endTime="2023-12-22T09:37:35.1793900+01:00" testType="13cdc9d9-ddb5-4fa4-a97d-d965ccfc6d4b" outcome="Passed" testListId="8c84fa94-04c1-424b-9868-57a2d4851a1d" relativeResultsDirectory="886eeb0e-2e09-423f-9eaa-0a1218ee850f" />
    <UnitTestResult executionId="ea1c2bc9-c6eb-4bc0-89d3-c1ac1ed0e224" testId="18ccdda0-c082-96fc-d95c-7842b85332a3" testName="PatrollingProfileViewModelTest_IsDirty" computerName="DKSR-EFI-04" duration="00:00:00.0018915" startTime="2023-12-22T09:37:58.0076360+01:00" endTime="2023-12-22T09:37:58.0076360+01:00" testType="13cdc9d9-ddb5-4fa4-a97d-d965ccfc6d4b" outcome="Passed" testListId="8c84fa94-04c1-424b-9868-57a2d4851a1d" relativeResultsDirectory="ea1c2bc9-c6eb-4bc0-89d3-c1ac1ed0e224" />
    <UnitTestResult executionId="095be18c-a515-4b8d-b878-bf1805cbc82b" testId="4d525835-86fa-0619-e484-37026867a280" testName="OnSearchResultsSelectionChangedByUser_ShouldUpdateSelectedResults_WhenSelectionChangedByUser" computerName="DKSR-EFI-04" duration="00:00:00.0164144" startTime="2023-12-22T09:37:28.4606038+01:00" endTime="2023-12-22T09:37:28.4762229+01:00" testType="13cdc9d9-ddb5-4fa4-a97d-d965ccfc6d4b" outcome="Passed" testListId="8c84fa94-04c1-424b-9868-57a2d4851a1d" relativeResultsDirectory="095be18c-a515-4b8d-b878-bf1805cbc82b" />
    <UnitTestResult executionId="7293fdbc-13db-4a44-af91-99362804f345" testId="e998f77e-77b2-7e10-d8db-3813eb8031aa" testName="GetClusters_ThreeInitialItems_ClustersForInitialItems (Data Row 9)" computerName="DKSR-EFI-04" duration="00:00:00.0081692" startTime="2023-12-22T09:37:57.3201337+01:00" endTime="2023-12-22T09:37:57.5076341+01:00" testType="13cdc9d9-ddb5-4fa4-a97d-d965ccfc6d4b" outcome="Passed" testListId="8c84fa94-04c1-424b-9868-57a2d4851a1d" relativeResultsDirectory="7293fdbc-13db-4a44-af91-99362804f345" />
    <UnitTestResult executionId="4d2fbba9-430b-4093-8a39-099b06776715" testId="57e42158-c478-d557-913f-3f7cb2a55e4f" testName="Dispose_ShouldDetachOnUpdateMutedMicrophonesRaised_WhenCalled" computerName="DKSR-EFI-04" duration="00:00:00.0134929" startTime="2023-12-22T09:37:53.5076107+01:00" endTime="2023-12-22T09:37:53.5232398+01:00" testType="13cdc9d9-ddb5-4fa4-a97d-d965ccfc6d4b" outcome="Passed" testListId="8c84fa94-04c1-424b-9868-57a2d4851a1d" relativeResultsDirectory="4d2fbba9-430b-4093-8a39-099b06776715" />
    <UnitTestResult executionId="eccb54a8-f5ce-4d4c-aaf0-bbe22dd806a7" testId="74a5479e-3d8d-745b-8d0c-dc17a9c1c316" testName="SearchResultsActionBarActions_AddBookmark_NoBookmarkAgentAdded_SingleResult_CreateBookmarkInvoked" computerName="DKSR-EFI-04" duration="00:00:00.0475566" startTime="2023-12-22T09:37:25.5074589+01:00" endTime="2023-12-22T09:37:25.5543361+01:00" testType="13cdc9d9-ddb5-4fa4-a97d-d965ccfc6d4b" outcome="Passed" testListId="8c84fa94-04c1-424b-9868-57a2d4851a1d" relativeResultsDirectory="eccb54a8-f5ce-4d4c-aaf0-bbe22dd806a7" />
    <UnitTestResult executionId="4b178a18-02da-4de8-8ee3-578ba97ebb2b" testId="d3a153fd-0e88-372e-ad4d-024de9ccde9a" testName="Constructor_ShouldRaiseArgumentNullException_WhenControllerManagerIsNull" computerName="DKSR-EFI-04" duration="00:00:00.0075156" startTime="2023-12-22T09:37:51.5232251+01:00" endTime="2023-12-22T09:37:51.5388593+01:00" testType="13cdc9d9-ddb5-4fa4-a97d-d965ccfc6d4b" outcome="Passed" testListId="8c84fa94-04c1-424b-9868-57a2d4851a1d" relativeResultsDirectory="4b178a18-02da-4de8-8ee3-578ba97ebb2b" />
    <UnitTestResult executionId="25a6c8f7-aa20-4fd5-8bcd-192219c1ddb5" testId="1656f45b-677e-89a1-0f61-ab22cd78d2db" testName="Path enabled, not forced" computerName="DKSR-EFI-04" duration="00:00:00.0066321" startTime="2023-12-22T09:36:28.5852769+01:00" endTime="2023-12-22T09:36:28.5852769+01:00" testType="13cdc9d9-ddb5-4fa4-a97d-d965ccfc6d4b" outcome="Passed" testListId="8c84fa94-04c1-424b-9868-57a2d4851a1d" relativeResultsDirectory="25a6c8f7-aa20-4fd5-8bcd-192219c1ddb5" />
    <UnitTestResult executionId="fdb22942-d992-4827-abbd-c60dd41b6740" testId="d01a472c-8c79-6237-bbd9-99dcce00cbb8" testName="Constructor_ShouldThrowArgumentNullException_WhenStateManagerIsNull" computerName="DKSR-EFI-04" duration="00:00:00.0021391" startTime="2023-12-22T09:37:58.1795184+01:00" endTime="2023-12-22T09:37:58.1795184+01:00" testType="13cdc9d9-ddb5-4fa4-a97d-d965ccfc6d4b" outcome="Passed" testListId="8c84fa94-04c1-424b-9868-57a2d4851a1d" relativeResultsDirectory="fdb22942-d992-4827-abbd-c60dd41b6740" />
    <UnitTestResult executionId="e41cea1d-4e5a-4286-8bcb-d3ecb8d71098" testId="de8654eb-af61-aa53-49f9-84c165fb21f5" testName="CreateItemUserControl_SingleSearchResultDataWrapperParameter_ControlCreatedAndInitialized" computerName="DKSR-EFI-04" duration="00:00:01.8607553" startTime="2023-12-22T09:36:34.8353102+01:00" endTime="2023-12-22T09:36:36.6946954+01:00" testType="13cdc9d9-ddb5-4fa4-a97d-d965ccfc6d4b" outcome="Passed" testListId="8c84fa94-04c1-424b-9868-57a2d4851a1d" relativeResultsDirectory="e41cea1d-4e5a-4286-8bcb-d3ecb8d71098" />
    <UnitTestResult executionId="2f9c62f9-7158-40a6-a816-fbcac033ef4c" testId="cb217fc0-412f-9e5e-8b31-b39324af2ee8" testName="SearchAction_BrowseMode_OneYearInTheFuture" computerName="DKSR-EFI-04" duration="00:00:00.0078687" startTime="2023-12-22T09:38:00.8201515+01:00" endTime="2023-12-22T09:38:00.8357813+01:00" testType="13cdc9d9-ddb5-4fa4-a97d-d965ccfc6d4b" outcome="Passed" testListId="8c84fa94-04c1-424b-9868-57a2d4851a1d" relativeResultsDirectory="2f9c62f9-7158-40a6-a816-fbcac033ef4c" />
    <UnitTestResult executionId="81f7fe7c-c339-49b7-8758-19f6abcc9a15" testId="f56230b0-cb3e-b433-0b22-beaca6317724" testName="SearchResultsActionBarActions_Export_OptionFormatAvailable_OtherExportOptionsUnavailable_NotVisible" computerName="DKSR-EFI-04" duration="00:00:00.0114671" startTime="2023-12-22T09:37:25.3199585+01:00" endTime="2023-12-22T09:37:25.3355898+01:00" testType="13cdc9d9-ddb5-4fa4-a97d-d965ccfc6d4b" outcome="Passed" testListId="8c84fa94-04c1-424b-9868-57a2d4851a1d" relativeResultsDirectory="81f7fe7c-c339-49b7-8758-19f6abcc9a15" />
    <UnitTestResult executionId="45056c70-d383-4746-949b-db311a645453" testId="d096cf54-9fe3-48d3-6b60-9dbe5862c472" testName="SupportsRightClick_ShouldBeTrue_WhenInteractionStateIsNormal" computerName="DKSR-EFI-04" duration="00:00:00.0351670" startTime="2023-12-22T09:36:19.8977282+01:00" endTime="2023-12-22T09:36:19.9446071+01:00" testType="13cdc9d9-ddb5-4fa4-a97d-d965ccfc6d4b" outcome="Passed" testListId="8c84fa94-04c1-424b-9868-57a2d4851a1d" relativeResultsDirectory="45056c70-d383-4746-949b-db311a645453" />
    <UnitTestResult executionId="c077ae44-5b54-44b5-8b82-b3054a79fa0a" testId="e76554b4-34ba-70cf-dfc9-f4d63f94ac41" testName="ReorderLevels12to21_Success" computerName="DKSR-EFI-04" duration="00:00:00.0798853" startTime="2023-12-22T09:37:49.5075917+01:00" endTime="2023-12-22T09:37:49.5857142+01:00" testType="13cdc9d9-ddb5-4fa4-a97d-d965ccfc6d4b" outcome="Passed" testListId="8c84fa94-04c1-424b-9868-57a2d4851a1d" relativeResultsDirectory="c077ae44-5b54-44b5-8b82-b3054a79fa0a" />
    <UnitTestResult executionId="c35307ed-6965-40bf-9cf0-c1e3e3e34f95" testId="49457dc4-3aa6-62c6-38a6-fe0fa14f8508" testName="SerializationRoundTrip_Success" computerName="DKSR-EFI-04" duration="00:00:00.0049254" startTime="2023-12-22T09:37:35.4606469+01:00" endTime="2023-12-22T09:37:35.4606469+01:00" testType="13cdc9d9-ddb5-4fa4-a97d-d965ccfc6d4b" outcome="Passed" testListId="8c84fa94-04c1-424b-9868-57a2d4851a1d" relativeResultsDirectory="c35307ed-6965-40bf-9cf0-c1e3e3e34f95" />
    <UnitTestResult executionId="b9c08c8b-8b33-4c0f-8051-121b0808e248" testId="6d237ca8-ac51-9a90-e310-d587619a886d" testName="Constructor_ShouldRaiseArgumentNullException_WhenDecoratorsAreNull" computerName="DKSR-EFI-04" duration="00:00:00.0125413" startTime="2023-12-22T09:36:10.4914307+01:00" endTime="2023-12-22T09:36:10.5070597+01:00" testType="13cdc9d9-ddb5-4fa4-a97d-d965ccfc6d4b" outcome="Passed" testListId="8c84fa94-04c1-424b-9868-57a2d4851a1d" relativeResultsDirectory="b9c08c8b-8b33-4c0f-8051-121b0808e248" />
    <UnitTestResult executionId="f32335c7-5b31-4d92-81fb-dfbedbe7ac21" testId="80d36421-2cec-943f-7f34-60be14e9a632" testName="DeleteIndexFor_Milestone_ItemsAreInGlobalCluster" computerName="DKSR-EFI-04" duration="00:00:00.1067494" startTime="2023-12-22T09:37:57.0076338+01:00" endTime="2023-12-22T09:37:57.1013831+01:00" testType="13cdc9d9-ddb5-4fa4-a97d-d965ccfc6d4b" outcome="Passed" testListId="8c84fa94-04c1-424b-9868-57a2d4851a1d" relativeResultsDirectory="f32335c7-5b31-4d92-81fb-dfbedbe7ac21" />
    <UnitTestResult executionId="07a7b425-e71f-4939-b29f-2fbaad0e232f" testId="b023ed0a-de55-261e-b76b-b001235c2a21" testName="WhenActionExecutedWithNoAlarmsThenNoObserverNotified" computerName="DKSR-EFI-04" duration="00:00:00.0486989" startTime="2023-12-22T09:37:55.9920045+01:00" endTime="2023-12-22T09:37:56.0388762+01:00" testType="13cdc9d9-ddb5-4fa4-a97d-d965ccfc6d4b" outcome="Passed" testListId="8c84fa94-04c1-424b-9868-57a2d4851a1d" relativeResultsDirectory="07a7b425-e71f-4939-b29f-2fbaad0e232f" />
    <UnitTestResult executionId="e5671cdb-4156-4a8a-b615-be21c246d268" testId="62930b8c-e45e-fc1a-2573-556c126ac982" testName="DeviceIcons_ShouldReturnIconsInAProperOrder_WhenCalled" computerName="DKSR-EFI-04" duration="00:00:00.0025067" startTime="2023-12-22T09:37:53.0544885+01:00" endTime="2023-12-22T09:37:53.0701120+01:00" testType="13cdc9d9-ddb5-4fa4-a97d-d965ccfc6d4b" outcome="Passed" testListId="8c84fa94-04c1-424b-9868-57a2d4851a1d" relativeResultsDirectory="e5671cdb-4156-4a8a-b615-be21c246d268" />
    <UnitTestResult executionId="a7b4a1f6-df27-441c-a967-447c72953897" testId="88fa8516-0d21-8d70-a765-06ab5bfbd249" testName="GetUserOptions_ShouldReturnNullForNewKey_WhenOnlyOldSystemDataIsAvailableInTheSystem" computerName="DKSR-EFI-04" duration="00:00:00.0019780" startTime="2023-12-22T09:38:00.4139031+01:00" endTime="2023-12-22T09:38:00.4139031+01:00" testType="13cdc9d9-ddb5-4fa4-a97d-d965ccfc6d4b" outcome="Passed" testListId="8c84fa94-04c1-424b-9868-57a2d4851a1d" relativeResultsDirectory="a7b4a1f6-df27-441c-a967-447c72953897" />
    <UnitTestResult executionId="b1f543e2-e612-4fc5-9c9c-949b6c7f3690" testId="13a4d90a-2e75-f52a-90e5-614716c51196" testName="Constructor_ShouldRaiseArgumentNullException_WhenMapLayersIsNull" computerName="DKSR-EFI-04" duration="00:00:00.0010672" startTime="2023-12-22T09:36:14.7883302+01:00" endTime="2023-12-22T09:36:14.8039550+01:00" testType="13cdc9d9-ddb5-4fa4-a97d-d965ccfc6d4b" outcome="Passed" testListId="8c84fa94-04c1-424b-9868-57a2d4851a1d" relativeResultsDirectory="b1f543e2-e612-4fc5-9c9c-949b6c7f3690" />
    <UnitTestResult executionId="33b54e5a-d159-4543-930c-ef46c4ae9085" testId="e81103cb-7818-2463-05b1-4325c5ff61c8" testName="OnSizeChanged_TilesRerendered" computerName="DKSR-EFI-04" duration="00:00:00.0238508" startTime="2023-12-22T09:37:04.3667204+01:00" endTime="2023-12-22T09:37:04.3979711+01:00" testType="13cdc9d9-ddb5-4fa4-a97d-d965ccfc6d4b" outcome="Passed" testListId="8c84fa94-04c1-424b-9868-57a2d4851a1d" relativeResultsDirectory="33b54e5a-d159-4543-930c-ef46c4ae9085" />
    <UnitTestResult executionId="85d17eb2-c8cd-4557-bef3-d235c0d39db0" testId="01eab79c-bc50-d06f-cdd9-f0cb405d3b66" testName="StartSelection_ShouldNotClearAnyExistingSelections_WhenCtrlKeyIsPressed" computerName="DKSR-EFI-04" duration="00:00:00.0035633" startTime="2023-12-22T09:36:18.7883490+01:00" endTime="2023-12-22T09:36:18.8039754+01:00" testType="13cdc9d9-ddb5-4fa4-a97d-d965ccfc6d4b" outcome="Passed" testListId="8c84fa94-04c1-424b-9868-57a2d4851a1d" relativeResultsDirectory="85d17eb2-c8cd-4557-bef3-d235c0d39db0" />
    <UnitTestResult executionId="cd53914f-8598-4c91-889d-358964f3ce2b" testId="ffa5f9ad-66df-b9a8-3ecf-eff774a0ebee" testName="BoundingBoxErrorOccurred" computerName="DKSR-EFI-04" duration="00:00:00.0028455" startTime="2023-12-22T09:38:01.7732837+01:00" endTime="2023-12-22T09:38:01.7732837+01:00" testType="13cdc9d9-ddb5-4fa4-a97d-d965ccfc6d4b" outcome="Passed" testListId="8c84fa94-04c1-424b-9868-57a2d4851a1d" relativeResultsDirectory="cd53914f-8598-4c91-889d-358964f3ce2b" />
    <UnitTestResult executionId="31072355-aef3-443a-8b4f-e9f03eefe84c" testId="45f53e24-e644-c161-a854-8f98e8cdbf61" testName="DisplayErrorOnNotificationArea_UnknownSearchError_LoggingDisabled_Success" computerName="DKSR-EFI-04" duration="00:00:00.0125223" startTime="2023-12-22T09:37:28.2262208+01:00" endTime="2023-12-22T09:37:28.2262208+01:00" testType="13cdc9d9-ddb5-4fa4-a97d-d965ccfc6d4b" outcome="Passed" testListId="8c84fa94-04c1-424b-9868-57a2d4851a1d" relativeResultsDirectory="31072355-aef3-443a-8b4f-e9f03eefe84c" />
    <UnitTestResult executionId="bd098261-37c9-4fae-85a2-cbc011cbb43f" testId="2b48bd6d-d40f-68da-88e6-66c25aa42362" testName="OnUnloaded_NoResultControl_DoesNotCrash" computerName="DKSR-EFI-04" duration="00:00:00.0084668" startTime="2023-12-22T09:36:34.8196862+01:00" endTime="2023-12-22T09:36:34.8196862+01:00" testType="13cdc9d9-ddb5-4fa4-a97d-d965ccfc6d4b" outcome="Passed" testListId="8c84fa94-04c1-424b-9868-57a2d4851a1d" relativeResultsDirectory="bd098261-37c9-4fae-85a2-cbc011cbb43f" />
    <UnitTestResult executionId="0754474a-a259-4ce3-b0c8-9df9313d3042" testId="cad8e770-6b34-3ed1-d5b9-aff90025f291" testName="Ctor_NullPassedToNotNullParameters_Failure" computerName="DKSR-EFI-04" duration="00:00:00.0867969" startTime="2023-12-22T09:37:24.7574577+01:00" endTime="2023-12-22T09:37:24.8512041+01:00" testType="13cdc9d9-ddb5-4fa4-a97d-d965ccfc6d4b" outcome="Passed" testListId="8c84fa94-04c1-424b-9868-57a2d4851a1d" relativeResultsDirectory="0754474a-a259-4ce3-b0c8-9df9313d3042" />
    <UnitTestResult executionId="eafcb966-7cb2-4f53-9ba5-e693095a2324" testId="5fbb5d38-d0c1-8683-ad00-378581dc683f" testName="ShowSuccessToast_ShouldShowCorrectNumberOfToasts (1,1)" computerName="DKSR-EFI-04" duration="00:00:00.0051606" startTime="2023-12-22T09:38:00.2889021+01:00" endTime="2023-12-22T09:38:00.2889021+01:00" testType="13cdc9d9-ddb5-4fa4-a97d-d965ccfc6d4b" outcome="Passed" testListId="8c84fa94-04c1-424b-9868-57a2d4851a1d" relativeResultsDirectory="eafcb966-7cb2-4f53-9ba5-e693095a2324" />
    <UnitTestResult executionId="dd6ff461-3179-4f10-bc9f-4e5a6614d079" testId="9245a3fe-e6e8-4a14-f7b3-94227339454e" testName="IconValueConverter_ConvertInvalidIconSourceFallback_Success" computerName="DKSR-EFI-04" duration="00:00:00.0141755" startTime="2023-12-22T09:37:04.1167176+01:00" endTime="2023-12-22T09:37:04.1323451+01:00" testType="13cdc9d9-ddb5-4fa4-a97d-d965ccfc6d4b" outcome="Passed" testListId="8c84fa94-04c1-424b-9868-57a2d4851a1d" relativeResultsDirectory="dd6ff461-3179-4f10-bc9f-4e5a6614d079" />
    <UnitTestResult executionId="13de65b3-6c07-4324-afb1-1075d44d0da4" testId="4d11492e-27b0-719b-9344-aa3d6645e529" testName="DisplayErrorOnNotificationArea_ServerNotAvailableSearchError_Success" computerName="DKSR-EFI-04" duration="00:00:00.0112471" startTime="2023-12-22T09:37:28.1637225+01:00" endTime="2023-12-22T09:37:28.1793489+01:00" testType="13cdc9d9-ddb5-4fa4-a97d-d965ccfc6d4b" outcome="Passed" testListId="8c84fa94-04c1-424b-9868-57a2d4851a1d" relativeResultsDirectory="13de65b3-6c07-4324-afb1-1075d44d0da4" />
    <UnitTestResult executionId="97b7a43d-abc2-4c4c-aa29-7d91fd90681a" testId="a414dc23-7c3d-099a-1001-11be32d85424" testName="SaveSearchTemplateAsync_NoActive_Fails" computerName="DKSR-EFI-04" duration="00:00:00.0018621" startTime="2023-12-22T09:37:33.7887614+01:00" endTime="2023-12-22T09:37:33.7887614+01:00" testType="13cdc9d9-ddb5-4fa4-a97d-d965ccfc6d4b" outcome="Passed" testListId="8c84fa94-04c1-424b-9868-57a2d4851a1d" relativeResultsDirectory="97b7a43d-abc2-4c4c-aa29-7d91fd90681a" />
    <UnitTestResult executionId="d877c33b-c4f6-4579-89fe-29fcca907e91" testId="43001655-6df0-fd55-49b4-09a30b307ee3" testName="Compare_SameBeginTimeDeterministicBehavior_CameraId_Success" computerName="DKSR-EFI-04" duration="00:00:00.0013700" startTime="2023-12-22T09:37:35.3044431+01:00" endTime="2023-12-22T09:37:35.3044431+01:00" testType="13cdc9d9-ddb5-4fa4-a97d-d965ccfc6d4b" outcome="Passed" testListId="8c84fa94-04c1-424b-9868-57a2d4851a1d" relativeResultsDirectory="d877c33b-c4f6-4579-89fe-29fcca907e91" />
    <UnitTestResult executionId="068c7717-46a6-4812-97ee-0820f407ae40" testId="017cc019-8cef-3e6e-38b3-9860b15006c5" testName="ValidateExportName_ShouldReturnFailResult_ExportNameRequired" computerName="DKSR-EFI-04" duration="00:00:00.2338079" startTime="2023-12-22T09:36:29.3977823+01:00" endTime="2023-12-22T09:36:29.6321550+01:00" testType="13cdc9d9-ddb5-4fa4-a97d-d965ccfc6d4b" outcome="Passed" testListId="8c84fa94-04c1-424b-9868-57a2d4851a1d" relativeResultsDirectory="068c7717-46a6-4812-97ee-0820f407ae40" />
    <UnitTestResult executionId="d0418627-4a0f-4c47-9965-fd7aa724b3d9" testId="49a421d1-e95e-714d-edf9-45ffcfd2a39e" testName="InputMapItem_ForceActivateAsync_NotInBuilding_Success" computerName="DKSR-EFI-04" duration="00:00:00.2067933" startTime="2023-12-22T09:37:55.1326214+01:00" endTime="2023-12-22T09:37:55.3513706+01:00" testType="13cdc9d9-ddb5-4fa4-a97d-d965ccfc6d4b" outcome="Passed" testListId="8c84fa94-04c1-424b-9868-57a2d4851a1d" relativeResultsDirectory="d0418627-4a0f-4c47-9965-fd7aa724b3d9" />
    <UnitTestResult executionId="c3aa3cf2-39ba-4e80-9ec2-70fe7e75b501" testId="9f58f9ac-c237-b302-81b2-6eb6c67dcabf" testName="ViewsAreSortedCorrectly" computerName="DKSR-EFI-04" duration="00:00:00.0032838" startTime="2023-12-22T09:37:59.4607710+01:00" endTime="2023-12-22T09:37:59.4607710+01:00" testType="13cdc9d9-ddb5-4fa4-a97d-d965ccfc6d4b" outcome="Passed" testListId="8c84fa94-04c1-424b-9868-57a2d4851a1d" relativeResultsDirectory="c3aa3cf2-39ba-4e80-9ec2-70fe7e75b501" />
    <UnitTestResult executionId="e35d016d-10bf-4919-8f6e-0ee89c2b3d5b" testId="a45efc73-9982-c081-715a-b39f84b6a0cd" testName="OpenEditAndChangeAttributeValue_ValidChange_EditValueUpdated" computerName="DKSR-EFI-04" duration="00:00:00.0113306" startTime="2023-12-22T09:37:24.3355748+01:00" endTime="2023-12-22T09:37:24.3511995+01:00" testType="13cdc9d9-ddb5-4fa4-a97d-d965ccfc6d4b" outcome="Passed" testListId="8c84fa94-04c1-424b-9868-57a2d4851a1d" relativeResultsDirectory="e35d016d-10bf-4919-8f6e-0ee89c2b3d5b" />
    <UnitTestResult executionId="466fe397-8129-4ea7-924c-7bfaff283360" testId="c22deb6e-f8ad-a898-d5fa-2612e0c2ea52" testName="GetDefaultReportDestination_WrongUserSettingsAttribute_ReturnsDefaultFolder" computerName="DKSR-EFI-04" duration="00:00:00.0076366" startTime="2023-12-22T09:37:24.5699545+01:00" endTime="2023-12-22T09:37:24.5855799+01:00" testType="13cdc9d9-ddb5-4fa4-a97d-d965ccfc6d4b" outcome="Passed" testListId="8c84fa94-04c1-424b-9868-57a2d4851a1d" relativeResultsDirectory="466fe397-8129-4ea7-924c-7bfaff283360" />
    <UnitTestResult executionId="99115b68-6ebd-4cf2-aaf3-47b511f80f90" testId="4927bb5b-1d8a-626c-1d59-507b7cca82e7" testName="IsCamera_ShouldReturnTrue_WhenAllCamerasSelected" computerName="DKSR-EFI-04" duration="00:00:00.0002649" startTime="2023-12-22T09:38:02.0232876+01:00" endTime="2023-12-22T09:38:02.0232876+01:00" testType="13cdc9d9-ddb5-4fa4-a97d-d965ccfc6d4b" outcome="Passed" testListId="8c84fa94-04c1-424b-9868-57a2d4851a1d" relativeResultsDirectory="99115b68-6ebd-4cf2-aaf3-47b511f80f90" />
    <UnitTestResult executionId="de6cfccd-33f1-46a7-af46-c8e37c0852d4" testId="65a9b794-921a-eae9-026a-f733825b3d4a" testName="SearchAction_BrowseMode_30MinutesInTheFuture" computerName="DKSR-EFI-04" duration="00:00:00.0106312" startTime="2023-12-22T09:38:00.8514021+01:00" endTime="2023-12-22T09:38:00.8670276+01:00" testType="13cdc9d9-ddb5-4fa4-a97d-d965ccfc6d4b" outcome="Passed" testListId="8c84fa94-04c1-424b-9868-57a2d4851a1d" relativeResultsDirectory="de6cfccd-33f1-46a7-af46-c8e37c0852d4" />
    <UnitTestResult executionId="3c4253c2-65b5-431b-a7b3-94fac7b0a1cd" testId="91423947-d9d3-4bfd-cfab-68c119421239" testName="GetWorkspaceToolbarItems_ShouldReturnGroupedToolbarItemAsDisabled_WhenAllSubItemsAreDisabled" computerName="DKSR-EFI-04" duration="00:00:00.0029510" startTime="2023-12-22T09:37:58.7576428+01:00" endTime="2023-12-22T09:37:58.7576428+01:00" testType="13cdc9d9-ddb5-4fa4-a97d-d965ccfc6d4b" outcome="Passed" testListId="8c84fa94-04c1-424b-9868-57a2d4851a1d" relativeResultsDirectory="3c4253c2-65b5-431b-a7b3-94fac7b0a1cd" />
    <UnitTestResult executionId="9c25c6de-a93f-41f7-842d-fd92bab33eee" testId="540a3b23-7cf4-4873-bac2-ebb7a9a2a9f2" testName="ActiveInteractionStateBinding_ShouldOnlyContainNormalAndNewDevice_WhenCtorIsCalled" computerName="DKSR-EFI-04" duration="00:00:00.0901938" startTime="2023-12-22T09:36:22.6946222+01:00" endTime="2023-12-22T09:36:22.7727486+01:00" testType="13cdc9d9-ddb5-4fa4-a97d-d965ccfc6d4b" outcome="Passed" testListId="8c84fa94-04c1-424b-9868-57a2d4851a1d" relativeResultsDirectory="9c25c6de-a93f-41f7-842d-fd92bab33eee" />
    <UnitTestResult executionId="a2661f10-4c6c-481e-8b1b-1fa991aad233" testId="62360bb2-0571-b412-04d5-fd14e8294ea1" testName="OnMarkerRightClicked_ShouldLetMapLayerControlMenuItems_WhenSingleMapItemSelected" computerName="DKSR-EFI-04" duration="00:00:00.9016265" startTime="2023-12-22T09:36:17.6477181+01:00" endTime="2023-12-22T09:36:18.5539737+01:00" testType="13cdc9d9-ddb5-4fa4-a97d-d965ccfc6d4b" outcome="Passed" testListId="8c84fa94-04c1-424b-9868-57a2d4851a1d" relativeResultsDirectory="a2661f10-4c6c-481e-8b1b-1fa991aad233" />
    <UnitTestResult executionId="01a029ea-5bc6-4f44-81e9-2cc891948432" testId="7ca171df-e98e-0a85-0373-bda8d8a6f93c" testName="Init_NullState_CorrectViewModelSetOnView" computerName="DKSR-EFI-04" duration="00:00:00.6749845" startTime="2023-12-22T09:36:28.6946511+01:00" endTime="2023-12-22T09:36:29.3665327+01:00" testType="13cdc9d9-ddb5-4fa4-a97d-d965ccfc6d4b" outcome="Passed" testListId="8c84fa94-04c1-424b-9868-57a2d4851a1d" relativeResultsDirectory="01a029ea-5bc6-4f44-81e9-2cc891948432" />
    <UnitTestResult executionId="79304949-f579-48fa-94d5-94abde7a42c8" testId="92ffac32-345b-b5fe-0330-df7f8960df1b" testName="ShowAlreadyAddedToast_ShouldShowCorrectNumberOfToasts (0,0)" computerName="DKSR-EFI-04" duration="00:00:00.0014411" startTime="2023-12-22T09:38:00.2889021+01:00" endTime="2023-12-22T09:38:00.2889021+01:00" testType="13cdc9d9-ddb5-4fa4-a97d-d965ccfc6d4b" outcome="Passed" testListId="8c84fa94-04c1-424b-9868-57a2d4851a1d" relativeResultsDirectory="79304949-f579-48fa-94d5-94abde7a42c8" />
    <UnitTestResult executionId="2399d282-754d-4c8a-81b3-8faa3ba8a0c6" testId="1c883c92-bef7-61b1-c07f-4369319c74ff" testName="GetPassword_ShouldReturnPasswordPartOfNetworkCredentials_WhenNetworkCredentialsContainsAPassword" computerName="DKSR-EFI-04" duration="00:00:00.0028065" startTime="2023-12-22T09:36:07.6789158+01:00" endTime="2023-12-22T09:36:07.6789158+01:00" testType="13cdc9d9-ddb5-4fa4-a97d-d965ccfc6d4b" outcome="Passed" testListId="8c84fa94-04c1-424b-9868-57a2d4851a1d" relativeResultsDirectory="2399d282-754d-4c8a-81b3-8faa3ba8a0c6" />
    <UnitTestResult executionId="c180c96c-be31-44e2-9584-7e63446ca8fd" testId="38ec599c-8886-9abd-0e90-9384d2644f53" testName="PatrollingProfileListViewModel_CanExecuteAddProfile" computerName="DKSR-EFI-04" duration="00:00:00.0012488" startTime="2023-12-22T09:37:57.8982708+01:00" endTime="2023-12-22T09:37:57.9138833+01:00" testType="13cdc9d9-ddb5-4fa4-a97d-d965ccfc6d4b" outcome="Passed" testListId="8c84fa94-04c1-424b-9868-57a2d4851a1d" relativeResultsDirectory="c180c96c-be31-44e2-9584-7e63446ca8fd" />
    <UnitTestResult executionId="731f3c81-fb97-4622-840a-23e2e78864b6" testId="f31e45eb-b31b-c8a0-0fd1-7b7c41d2f7a0" testName="AddSelectedWindowsToExport_ShouldShowCorrectToastMessages (5,0,5)" computerName="DKSR-EFI-04" duration="00:00:00.0054291" startTime="2023-12-22T09:38:00.2264003+01:00" endTime="2023-12-22T09:38:00.2420260+01:00" testType="13cdc9d9-ddb5-4fa4-a97d-d965ccfc6d4b" outcome="Passed" testListId="8c84fa94-04c1-424b-9868-57a2d4851a1d" relativeResultsDirectory="731f3c81-fb97-4622-840a-23e2e78864b6" />
    <UnitTestResult executionId="7ba369a4-dfc5-41eb-a230-e035cfc46209" testId="0abf48ed-aa70-1dda-b2cb-ff714665e116" testName="UpdateSearchFilter_SingleFilterWithoutValues_NotAdded" computerName="DKSR-EFI-04" duration="00:00:00.0008638" startTime="2023-12-22T09:37:24.4605751+01:00" endTime="2023-12-22T09:37:24.4605751+01:00" testType="13cdc9d9-ddb5-4fa4-a97d-d965ccfc6d4b" outcome="Passed" testListId="8c84fa94-04c1-424b-9868-57a2d4851a1d" relativeResultsDirectory="7ba369a4-dfc5-41eb-a230-e035cfc46209" />
    <UnitTestResult executionId="0149768a-e15e-424b-9802-a0a517c85d1b" testId="57b504fd-2c7e-dcd2-d028-6f333f529539" testName="BuildMapOptions_ShouldHandleEnumOptionsCorrectly (GisMapOpenStreetMapGeographicLayer,Available,True)" computerName="DKSR-EFI-04" duration="00:00:00.0025149" startTime="2023-12-22T09:38:06.0701809+01:00" endTime="2023-12-22T09:38:06.0701809+01:00" testType="13cdc9d9-ddb5-4fa4-a97d-d965ccfc6d4b" outcome="Passed" testListId="8c84fa94-04c1-424b-9868-57a2d4851a1d" relativeResultsDirectory="0149768a-e15e-424b-9802-a0a517c85d1b" />
    <UnitTestResult executionId="49f8ff4a-a919-4196-bddd-adf17f2503f4" testId="db4646bf-024d-6e80-c8eb-b0bfdcf6a10a" testName="ShowPermissionDeniedStatusBarError_ShouldSendAMessage (0,0)" computerName="DKSR-EFI-04" duration="00:00:00.0022383" startTime="2023-12-22T09:38:00.3201583+01:00" endTime="2023-12-22T09:38:00.3201583+01:00" testType="13cdc9d9-ddb5-4fa4-a97d-d965ccfc6d4b" outcome="Passed" testListId="8c84fa94-04c1-424b-9868-57a2d4851a1d" relativeResultsDirectory="49f8ff4a-a919-4196-bddd-adf17f2503f4" />
    <UnitTestResult executionId="9992a9b5-c218-4c65-b2d7-85be1970cfad" testId="5c9e3b97-385d-08ab-8be4-492336c43670" testName="Convert_InvalidSecondArgument_Collapsed" computerName="DKSR-EFI-04" duration="00:00:00.0002594" startTime="2023-12-22T09:37:04.1792203+01:00" endTime="2023-12-22T09:37:04.1792203+01:00" testType="13cdc9d9-ddb5-4fa4-a97d-d965ccfc6d4b" outcome="Passed" testListId="8c84fa94-04c1-424b-9868-57a2d4851a1d" relativeResultsDirectory="9992a9b5-c218-4c65-b2d7-85be1970cfad" />
    <UnitTestResult executionId="4a4031eb-04e5-46b3-8f83-dc301246e836" testId="52f7905c-ef65-6a99-dc3b-01a6a292c041" testName="TestForAssemblyCoverage" computerName="DKSR-EFI-04" duration="00:00:00.0002129" startTime="2023-12-22T09:36:07.8039157+01:00" endTime="2023-12-22T09:36:07.8039157+01:00" testType="13cdc9d9-ddb5-4fa4-a97d-d965ccfc6d4b" outcome="Passed" testListId="8c84fa94-04c1-424b-9868-57a2d4851a1d" relativeResultsDirectory="4a4031eb-04e5-46b3-8f83-dc301246e836" />
    <UnitTestResult executionId="8c60c3aa-1db2-4b0f-90b0-e5c863b2dbd6" testId="5ab2a160-0b3e-3ddc-61b5-6572c40a7f10" testName="DeactivateView_Success" computerName="DKSR-EFI-04" duration="00:00:00.0101667" startTime="2023-12-22T09:37:28.3043481+01:00" endTime="2023-12-22T09:37:28.3043481+01:00" testType="13cdc9d9-ddb5-4fa4-a97d-d965ccfc6d4b" outcome="Passed" testListId="8c84fa94-04c1-424b-9868-57a2d4851a1d" relativeResultsDirectory="8c60c3aa-1db2-4b0f-90b0-e5c863b2dbd6" />
    <UnitTestResult executionId="2d368659-2f62-4c74-b161-3b1eb120c87c" testId="84d3c143-14c2-3de5-71ff-f8eed6db60b1" testName="SearchDefinitionCountSet_NewValue_EventFired" computerName="DKSR-EFI-04" duration="00:00:00.0030573" startTime="2023-12-22T09:37:35.0700155+01:00" endTime="2023-12-22T09:37:35.0700155+01:00" testType="13cdc9d9-ddb5-4fa4-a97d-d965ccfc6d4b" outcome="Passed" testListId="8c84fa94-04c1-424b-9868-57a2d4851a1d" relativeResultsDirectory="2d368659-2f62-4c74-b161-3b1eb120c87c" />
    <UnitTestResult executionId="47919de4-9834-44da-a954-20332352ede2" testId="e998f77e-77b2-7e10-d8db-3813eb8031aa" testName="GetClusters_ThreeInitialItems_ClustersForInitialItems (Data Row 1)" computerName="DKSR-EFI-04" duration="00:00:00.0085063" startTime="2023-12-22T09:37:57.3201337+01:00" endTime="2023-12-22T09:37:57.5076341+01:00" testType="13cdc9d9-ddb5-4fa4-a97d-d965ccfc6d4b" outcome="Passed" testListId="8c84fa94-04c1-424b-9868-57a2d4851a1d" relativeResultsDirectory="47919de4-9834-44da-a954-20332352ede2" />
    <UnitTestResult executionId="121b9b6e-8438-46b2-b336-b7635b260f88" testId="2d0e7e74-3dc2-b64e-e8df-81c281af4e3d" testName="SupportsRightClick_ShouldBeFalse_WhenInteractionStateIsNotNormal" computerName="DKSR-EFI-04" duration="00:00:00.0855696" startTime="2023-12-22T09:36:22.8664968+01:00" endTime="2023-12-22T09:36:22.9602473+01:00" testType="13cdc9d9-ddb5-4fa4-a97d-d965ccfc6d4b" outcome="Passed" testListId="8c84fa94-04c1-424b-9868-57a2d4851a1d" relativeResultsDirectory="121b9b6e-8438-46b2-b336-b7635b260f88" />
    <UnitTestResult executionId="e18b8c71-2871-4707-87db-476a8f999b8b" testId="4ef99c33-c023-cc35-d098-ffd6c1e453c8" testName="Warning_Shown_When_Reducing_Protection_Interval" computerName="DKSR-EFI-04" duration="00:00:00.0064486" startTime="2023-12-22T09:38:07.1639378+01:00" endTime="2023-12-22T09:38:07.1639378+01:00" testType="13cdc9d9-ddb5-4fa4-a97d-d965ccfc6d4b" outcome="Passed" testListId="8c84fa94-04c1-424b-9868-57a2d4851a1d" relativeResultsDirectory="e18b8c71-2871-4707-87db-476a8f999b8b" />
    <UnitTestResult executionId="3df5734e-deb8-41d5-9ad8-4b6849cc1db5" testId="b6f07467-7831-36e3-42f4-7ae0ac1fdc16" testName="SetIncludePartialResults_ShouldRespectResultsToReselect_WhenResultsToReselectIsEmpty" computerName="DKSR-EFI-04" duration="00:00:00.0015808" startTime="2023-12-22T09:37:35.1325152+01:00" endTime="2023-12-22T09:37:35.1325152+01:00" testType="13cdc9d9-ddb5-4fa4-a97d-d965ccfc6d4b" outcome="Passed" testListId="8c84fa94-04c1-424b-9868-57a2d4851a1d" relativeResultsDirectory="3df5734e-deb8-41d5-9ad8-4b6849cc1db5" />
    <UnitTestResult executionId="f5e07bfc-cb11-451f-959b-ea7a195dfcb3" testId="2b46e357-2d79-f0cc-72d8-c56a288a4a1d" testName="BookmarkSearchTime_WithSearchStringInDifferentCases_ReturnCorrectBookmarkWithSearchStringInDescription (,False,True,False,False,,SeArChStRiNg,1)" computerName="DKSR-EFI-04" duration="00:00:00.0032120" startTime="2023-12-22T09:38:01.4139091+01:00" endTime="2023-12-22T09:38:01.4139091+01:00" testType="13cdc9d9-ddb5-4fa4-a97d-d965ccfc6d4b" outcome="Passed" testListId="8c84fa94-04c1-424b-9868-57a2d4851a1d" relativeResultsDirectory="f5e07bfc-cb11-451f-959b-ea7a195dfcb3" />
    <UnitTestResult executionId="276359d2-caff-4acc-a339-5f58b7ec29e9" testId="ac48ab08-0586-5064-3572-983965e5b6b6" testName="ActiveInteractionStateBinding_ShouldNotBeNull_WhenCtorIsCalled" computerName="DKSR-EFI-04" duration="00:00:00.1381113" startTime="2023-12-22T09:36:20.8196094+01:00" endTime="2023-12-22T09:36:20.9602351+01:00" testType="13cdc9d9-ddb5-4fa4-a97d-d965ccfc6d4b" outcome="Passed" testListId="8c84fa94-04c1-424b-9868-57a2d4851a1d" relativeResultsDirectory="276359d2-caff-4acc-a339-5f58b7ec29e9" />
    <UnitTestResult executionId="ebf3bd0e-2b43-44da-ba5a-7fcf1b18b902" testId="59d7ce5a-9242-f1c0-ee68-764d8def5314" testName="PtzInfoViewModel_PtzReservedByAnonymousOwnUserTest" computerName="DKSR-EFI-04" duration="00:00:00.0021895" startTime="2023-12-22T09:36:08.1007933+01:00" endTime="2023-12-22T09:36:08.1007933+01:00" testType="13cdc9d9-ddb5-4fa4-a97d-d965ccfc6d4b" outcome="Passed" testListId="8c84fa94-04c1-424b-9868-57a2d4851a1d" relativeResultsDirectory="ebf3bd0e-2b43-44da-ba5a-7fcf1b18b902" />
    <UnitTestResult executionId="88875b4b-5bbe-4c7d-94fa-e64189cfe2a8" testId="dd385b74-b0ce-69dd-5bae-8f3c49a74f34" testName="SupportsRightClick_ShouldBeFalse_WhenInteractionStateIsNotNormal" computerName="DKSR-EFI-04" duration="00:00:00.0353871" startTime="2023-12-22T09:36:20.2727352+01:00" endTime="2023-12-22T09:36:20.3039817+01:00" testType="13cdc9d9-ddb5-4fa4-a97d-d965ccfc6d4b" outcome="Passed" testListId="8c84fa94-04c1-424b-9868-57a2d4851a1d" relativeResultsDirectory="88875b4b-5bbe-4c7d-94fa-e64189cfe2a8" />
    <UnitTestResult executionId="2b20bbd9-b773-4d31-8f3c-7577a8df5f02" testId="e288d304-5f35-f382-d06b-9b0ed9edf0e1" testName="ToSafeName_NullName_Failure" computerName="DKSR-EFI-04" duration="00:00:00.0016107" startTime="2023-12-22T09:38:06.2576843+01:00" endTime="2023-12-22T09:38:06.2576843+01:00" testType="13cdc9d9-ddb5-4fa4-a97d-d965ccfc6d4b" outcome="Passed" testListId="8c84fa94-04c1-424b-9868-57a2d4851a1d" relativeResultsDirectory="2b20bbd9-b773-4d31-8f3c-7577a8df5f02" />
    <UnitTestResult executionId="f9425d76-8006-4aad-b1f5-7950beb50fd4" testId="eaeacd17-7709-0ad4-3782-3c779da7e956" testName="PtzPresetsMenuViewModel_PtzReservedByCurrentUserTest" computerName="DKSR-EFI-04" duration="00:00:00.0015057" startTime="2023-12-22T09:38:04.1639205+01:00" endTime="2023-12-22T09:38:04.1795470+01:00" testType="13cdc9d9-ddb5-4fa4-a97d-d965ccfc6d4b" outcome="Passed" testListId="8c84fa94-04c1-424b-9868-57a2d4851a1d" relativeResultsDirectory="f9425d76-8006-4aad-b1f5-7950beb50fd4" />
    <UnitTestResult executionId="3abdc0f4-b181-4c15-b048-053cffe23989" testId="b875a004-85a0-61f0-5a06-f872b9bf4ce4" testName="MainScopeTitleMaxWidthConverter_ConvertSuccess" computerName="DKSR-EFI-04" duration="00:00:00.0018891" startTime="2023-12-22T09:37:04.1479695+01:00" endTime="2023-12-22T09:37:04.1479695+01:00" testType="13cdc9d9-ddb5-4fa4-a97d-d965ccfc6d4b" outcome="Passed" testListId="8c84fa94-04c1-424b-9868-57a2d4851a1d" relativeResultsDirectory="3abdc0f4-b181-4c15-b048-053cffe23989" />
    <UnitTestResult executionId="3f013d6e-5874-42a7-bee9-bebd6e57c082" testId="17ba5638-6ea6-b4d6-f1bc-1949b3768658" testName="PopulateTooltip_FewResultsFromFewCameras12Hours_ValidText" computerName="DKSR-EFI-04" duration="00:00:00.0543904" startTime="2023-12-22T09:37:17.4136701+01:00" endTime="2023-12-22T09:37:17.4605413+01:00" testType="13cdc9d9-ddb5-4fa4-a97d-d965ccfc6d4b" outcome="Passed" testListId="8c84fa94-04c1-424b-9868-57a2d4851a1d" relativeResultsDirectory="3f013d6e-5874-42a7-bee9-bebd6e57c082" />
    <UnitTestResult executionId="5fa09588-52a0-4d38-ab5b-d28112508712" testId="3355c355-6b0a-3812-de70-8d7a8a005906" testName="TestWriteXml" computerName="DKSR-EFI-04" duration="00:00:00.0006237" startTime="2023-12-22T09:38:00.9139061+01:00" endTime="2023-12-22T09:38:00.9139061+01:00" testType="13cdc9d9-ddb5-4fa4-a97d-d965ccfc6d4b" outcome="Passed" testListId="8c84fa94-04c1-424b-9868-57a2d4851a1d" relativeResultsDirectory="5fa09588-52a0-4d38-ab5b-d28112508712" />
    <UnitTestResult executionId="999f30eb-5d61-4550-9742-8434c7eab2e2" testId="cea1f122-04c5-bf3d-5adc-09ad4dc7f7c2" testName="Ctor_CentralizedSearchStateWithNoSelectedSearchTemplate_ActiveSearchTemplateNotSet" computerName="DKSR-EFI-04" duration="00:00:00.0100794" startTime="2023-12-22T09:37:27.7887250+01:00" endTime="2023-12-22T09:37:27.7887250+01:00" testType="13cdc9d9-ddb5-4fa4-a97d-d965ccfc6d4b" outcome="Passed" testListId="8c84fa94-04c1-424b-9868-57a2d4851a1d" relativeResultsDirectory="999f30eb-5d61-4550-9742-8434c7eab2e2" />
    <UnitTestResult executionId="f0e729b2-c6f2-45bb-bcd6-2b6e77e15992" testId="db2886ea-13dd-b03a-a528-49fda3ee9983" testName="PtzSessionControllerInfo_UserChangedTest_Different_Domain" computerName="DKSR-EFI-04" duration="00:00:00.0003678" startTime="2023-12-22T09:36:07.2570389+01:00" endTime="2023-12-22T09:36:07.2570389+01:00" testType="13cdc9d9-ddb5-4fa4-a97d-d965ccfc6d4b" outcome="Passed" testListId="8c84fa94-04c1-424b-9868-57a2d4851a1d" relativeResultsDirectory="f0e729b2-c6f2-45bb-bcd6-2b6e77e15992" />
    <UnitTestResult executionId="ee052b15-7090-4540-aa21-143d447ae5e1" testId="e998f77e-77b2-7e10-d8db-3813eb8031aa" testName="GetClusters_ThreeInitialItems_ClustersForInitialItems (Data Row 18)" computerName="DKSR-EFI-04" duration="00:00:00.0082868" startTime="2023-12-22T09:37:57.3201337+01:00" endTime="2023-12-22T09:37:57.5076341+01:00" testType="13cdc9d9-ddb5-4fa4-a97d-d965ccfc6d4b" outcome="Passed" testListId="8c84fa94-04c1-424b-9868-57a2d4851a1d" relativeResultsDirectory="ee052b15-7090-4540-aa21-143d447ae5e1" />
    <UnitTestResult executionId="6f4dfd48-b855-4419-88b0-e8439a8db65a" testId="80e1e452-82cf-b088-db40-d28f7d32c62d" testName="Export when Playback" computerName="DKSR-EFI-04" duration="00:00:00.0174673" startTime="2023-12-22T09:37:58.8045216+01:00" endTime="2023-12-22T09:37:59.0389054+01:00" testType="13cdc9d9-ddb5-4fa4-a97d-d965ccfc6d4b" outcome="Passed" testListId="8c84fa94-04c1-424b-9868-57a2d4851a1d" relativeResultsDirectory="6f4dfd48-b855-4419-88b0-e8439a8db65a" />
    <UnitTestResult executionId="714f5521-99cb-4267-adb8-d0a06a17cdc2" testId="4ca2f8f4-021b-5238-c299-1b1fb7ab3fab" testName="GisPointToIndexGridPosition_00_ReturnsPowerScaleMinusOne" computerName="DKSR-EFI-04" duration="00:00:00.0002818" startTime="2023-12-22T09:37:57.2732604+01:00" endTime="2023-12-22T09:37:57.2732604+01:00" testType="13cdc9d9-ddb5-4fa4-a97d-d965ccfc6d4b" outcome="Passed" testListId="8c84fa94-04c1-424b-9868-57a2d4851a1d" relativeResultsDirectory="714f5521-99cb-4267-adb8-d0a06a17cdc2" />
    <UnitTestResult executionId="de9eac76-de59-498d-ad5a-1f6b730b048d" testId="faa83ec7-f24a-086a-e966-e8c82cf7330a" testName="Detach_ShouldDetachWindowMouseDownEvent_WhenAttachWasCalledPreviously" computerName="DKSR-EFI-04" duration="00:00:00.0041590" startTime="2023-12-22T09:36:11.6476897+01:00" endTime="2023-12-22T09:36:11.6476897+01:00" testType="13cdc9d9-ddb5-4fa4-a97d-d965ccfc6d4b" outcome="Passed" testListId="8c84fa94-04c1-424b-9868-57a2d4851a1d" relativeResultsDirectory="de9eac76-de59-498d-ad5a-1f6b730b048d" />
    <UnitTestResult executionId="e5d92414-d4ef-4443-a1ae-527cd7d5fe09" testId="7ca40658-07ed-4fea-d08c-7887f7c6e388" testName="SearchDefinitionCountSet_SameValue_NoEventFired" computerName="DKSR-EFI-04" duration="00:00:00.0018068" startTime="2023-12-22T09:37:35.0543901+01:00" endTime="2023-12-22T09:37:35.0700155+01:00" testType="13cdc9d9-ddb5-4fa4-a97d-d965ccfc6d4b" outcome="Passed" testListId="8c84fa94-04c1-424b-9868-57a2d4851a1d" relativeResultsDirectory="e5d92414-d4ef-4443-a1ae-527cd7d5fe09" />
    <UnitTestResult executionId="42db00fb-9b20-4576-b67c-a696f727bb6c" testId="7aa29abd-7d3e-a7dc-4d9c-0edf39d05bae" testName="SupportsDoubleClick_ShouldBeTrue_WhenInteractionStateIsNormalAndInSetupMode" computerName="DKSR-EFI-04" duration="00:00:00.0390833" startTime="2023-12-22T09:36:20.3039817+01:00" endTime="2023-12-22T09:36:20.3508595+01:00" testType="13cdc9d9-ddb5-4fa4-a97d-d965ccfc6d4b" outcome="Passed" testListId="8c84fa94-04c1-424b-9868-57a2d4851a1d" relativeResultsDirectory="42db00fb-9b20-4576-b67c-a696f727bb6c" />
    <UnitTestResult executionId="ff35b09b-5e99-4e35-8d17-d1f9c2797970" testId="d64e21f7-4ea3-a5fe-a361-c369ca14a84e" testName="GisMapLayerSource_CreateFrom_Success" computerName="DKSR-EFI-04" duration="00:00:00.0104002" startTime="2023-12-22T09:37:51.7419818+01:00" endTime="2023-12-22T09:37:51.7576015+01:00" testType="13cdc9d9-ddb5-4fa4-a97d-d965ccfc6d4b" outcome="Passed" testListId="8c84fa94-04c1-424b-9868-57a2d4851a1d" relativeResultsDirectory="ff35b09b-5e99-4e35-8d17-d1f9c2797970" />
    <UnitTestResult executionId="a433a97b-ffb5-4479-9fbf-1c50e1186f1f" testId="2ce1ff21-6093-7b3b-54d2-6773bfebe33a" testName="TestAttachedView_WithKeepInMemory_Success" computerName="DKSR-EFI-04" duration="00:00:00.0002980" startTime="2023-12-22T09:38:05.8826847+01:00" endTime="2023-12-22T09:38:05.8826847+01:00" testType="13cdc9d9-ddb5-4fa4-a97d-d965ccfc6d4b" outcome="Passed" testListId="8c84fa94-04c1-424b-9868-57a2d4851a1d" relativeResultsDirectory="a433a97b-ffb5-4479-9fbf-1c50e1186f1f" />
    <UnitTestResult executionId="581aba63-53c3-4395-9485-8fd9bc971b59" testId="65b86002-200e-c55e-a53f-146aec337152" testName="ScWorkSpaceModeChangedEvent_ShouldSetDeviceIsDisabledToTrue_WhenSwitchingToBrowseMode" computerName="DKSR-EFI-04" duration="00:00:00.0130368" startTime="2023-12-22T09:37:53.6951273+01:00" endTime="2023-12-22T09:37:53.7107429+01:00" testType="13cdc9d9-ddb5-4fa4-a97d-d965ccfc6d4b" outcome="Passed" testListId="8c84fa94-04c1-424b-9868-57a2d4851a1d" relativeResultsDirectory="581aba63-53c3-4395-9485-8fd9bc971b59" />
    <UnitTestResult executionId="a068ee71-4a79-4a7a-8032-5b0dbf147916" testId="26493e2f-f09a-fd85-4932-ec0c6378d5e5" testName="Constructor_ShouldThrowArgumentNullException_WhenControllerManagerIsNull" computerName="DKSR-EFI-04" duration="00:00:00.0180327" startTime="2023-12-22T09:37:58.1638944+01:00" endTime="2023-12-22T09:37:58.1795184+01:00" testType="13cdc9d9-ddb5-4fa4-a97d-d965ccfc6d4b" outcome="Passed" testListId="8c84fa94-04c1-424b-9868-57a2d4851a1d" relativeResultsDirectory="a068ee71-4a79-4a7a-8032-5b0dbf147916" />
    <UnitTestResult executionId="613d3ec5-6af6-46fc-a9ff-a21633f3dff4" testId="417d2775-4be3-356c-d0c6-5cff4570afc9" testName="TimeToStringConverter_Ctor_Success" computerName="DKSR-EFI-04" duration="00:00:00.0016636" startTime="2023-12-22T09:37:04.1792203+01:00" endTime="2023-12-22T09:37:04.1792203+01:00" testType="13cdc9d9-ddb5-4fa4-a97d-d965ccfc6d4b" outcome="Passed" testListId="8c84fa94-04c1-424b-9868-57a2d4851a1d" relativeResultsDirectory="613d3ec5-6af6-46fc-a9ff-a21633f3dff4" />
    <UnitTestResult executionId="c470cdc6-52a0-4f6e-8c5c-0561f19ef0ee" testId="a994a568-3e00-625c-a6cf-5145a11d5bf6" testName="Connect_FailToConnect_ShouldReturnFalse" computerName="DKSR-EFI-04" duration="00:00:00.5737145" startTime="2023-12-22T09:35:59.3507472+01:00" endTime="2023-12-22T09:35:59.9288760+01:00" testType="13cdc9d9-ddb5-4fa4-a97d-d965ccfc6d4b" outcome="Passed" testListId="8c84fa94-04c1-424b-9868-57a2d4851a1d" relativeResultsDirectory="c470cdc6-52a0-4f6e-8c5c-0561f19ef0ee" />
    <UnitTestResult executionId="ace35d1f-a689-466c-ad08-1c77557e074b" testId="3ed7a399-d9a7-d9be-39f4-d877ad4e286e" testName="LoginPlugins_ShouldContainOneAccessControlLoginPluginElement_WhenIsInitialized" computerName="DKSR-EFI-04" duration="00:00:00.0108932" startTime="2023-12-22T09:38:07.8670695+01:00" endTime="2023-12-22T09:38:07.8826932+01:00" testType="13cdc9d9-ddb5-4fa4-a97d-d965ccfc6d4b" outcome="Passed" testListId="8c84fa94-04c1-424b-9868-57a2d4851a1d" relativeResultsDirectory="ace35d1f-a689-466c-ad08-1c77557e074b" />
    <UnitTestResult executionId="4338b6c4-0236-4d13-bebf-c6ef8fb31687" testId="3a384c62-a21e-fecb-daa1-7890a574eea7" testName="AndOrSearchDefinitionToVisibilityMultiConverter_CallConvert_NotFirstInListAnd" computerName="DKSR-EFI-04" duration="00:00:00.0007863" startTime="2023-12-22T09:37:04.0073434+01:00" endTime="2023-12-22T09:37:04.0073434+01:00" testType="13cdc9d9-ddb5-4fa4-a97d-d965ccfc6d4b" outcome="Passed" testListId="8c84fa94-04c1-424b-9868-57a2d4851a1d" relativeResultsDirectory="4338b6c4-0236-4d13-bebf-c6ef8fb31687" />
    <UnitTestResult executionId="1e3b5711-bef0-419c-bbf9-c2095d967034" testId="86c3c546-c6cf-be65-f34c-24ab64b4ab72" testName="InputMapItem_Delete_Success" computerName="DKSR-EFI-04" duration="00:00:00.0106356" startTime="2023-12-22T09:37:54.8201200+01:00" endTime="2023-12-22T09:37:54.8201200+01:00" testType="13cdc9d9-ddb5-4fa4-a97d-d965ccfc6d4b" outcome="Passed" testListId="8c84fa94-04c1-424b-9868-57a2d4851a1d" relativeResultsDirectory="1e3b5711-bef0-419c-bbf9-c2095d967034" />
    <UnitTestResult executionId="c9f1053f-ee90-4924-9681-1873cc62db02" testId="d15a2abd-55c2-7d70-0462-a973f8ec2ac3" testName="OpenStreetMapLayer_IsGeographic_Save_Success" computerName="DKSR-EFI-04" duration="00:00:00.0134964" startTime="2023-12-22T09:37:50.0388426+01:00" endTime="2023-12-22T09:37:50.0544756+01:00" testType="13cdc9d9-ddb5-4fa4-a97d-d965ccfc6d4b" outcome="Passed" testListId="8c84fa94-04c1-424b-9868-57a2d4851a1d" relativeResultsDirectory="c9f1053f-ee90-4924-9681-1873cc62db02" />
    <UnitTestResult executionId="cb131405-a1e1-4f31-b95d-fdf87ee64886" testId="21718b1b-f62a-37ac-fbeb-8c4d4d01bc07" testName="SearchResultsActionBarActions_ActionResultCreateReport_CreatePdfDocument_Success" computerName="DKSR-EFI-04" duration="00:00:00.0146185" startTime="2023-12-22T09:37:24.6793328+01:00" endTime="2023-12-22T09:37:24.6949537+01:00" testType="13cdc9d9-ddb5-4fa4-a97d-d965ccfc6d4b" outcome="Passed" testListId="8c84fa94-04c1-424b-9868-57a2d4851a1d" relativeResultsDirectory="cb131405-a1e1-4f31-b95d-fdf87ee64886" />
    <UnitTestResult executionId="dd5d8735-f903-438f-8020-751ecefa5bfa" testId="1b048c4f-8dd0-574f-1458-26bf1df29b58" testName="BoundingBoxRefreshWithData" computerName="DKSR-EFI-04" duration="00:00:00.0667798" startTime="2023-12-22T09:38:01.5701848+01:00" endTime="2023-12-22T09:38:01.6326575+01:00" testType="13cdc9d9-ddb5-4fa4-a97d-d965ccfc6d4b" outcome="Passed" testListId="8c84fa94-04c1-424b-9868-57a2d4851a1d" relativeResultsDirectory="dd5d8735-f903-438f-8020-751ecefa5bfa" />
    <UnitTestResult executionId="1ac5469a-2ec8-4b21-8773-c7be97e2f146" testId="d1148632-27af-a6b6-932c-c9e12abeebb9" testName="SearchResultsActionBarActions_EditBookmark_NotEnabled" computerName="DKSR-EFI-04" duration="00:00:00.0122810" startTime="2023-12-22T09:37:25.6012160+01:00" endTime="2023-12-22T09:37:25.6168355+01:00" testType="13cdc9d9-ddb5-4fa4-a97d-d965ccfc6d4b" outcome="Passed" testListId="8c84fa94-04c1-424b-9868-57a2d4851a1d" relativeResultsDirectory="1ac5469a-2ec8-4b21-8773-c7be97e2f146" />
    <UnitTestResult executionId="831c9759-8e40-4da9-aa47-4813ea7fcc2b" testId="addbc64d-1bd3-678f-14d6-6dd2dda6bd02" testName="IsCurrentCenterEqualTo_ShouldReturnTrue_WhenValuesAreEqualWithinGivenPrecision" computerName="DKSR-EFI-04" duration="00:00:00.0094827" startTime="2023-12-22T09:36:18.8977250+01:00" endTime="2023-12-22T09:36:18.8977250+01:00" testType="13cdc9d9-ddb5-4fa4-a97d-d965ccfc6d4b" outcome="Passed" testListId="8c84fa94-04c1-424b-9868-57a2d4851a1d" relativeResultsDirectory="831c9759-8e40-4da9-aa47-4813ea7fcc2b" />
    <UnitTestResult executionId="42876a60-dcda-44a3-91f4-c634307b5a0a" testId="03169915-5e36-4862-8f40-5f0139419946" testName="PatrollingStepListViewModel_MoveStepDownCommand" computerName="DKSR-EFI-04" duration="00:00:00.0017035" startTime="2023-12-22T09:37:58.0857627+01:00" endTime="2023-12-22T09:37:58.0857627+01:00" testType="13cdc9d9-ddb5-4fa4-a97d-d965ccfc6d4b" outcome="Passed" testListId="8c84fa94-04c1-424b-9868-57a2d4851a1d" relativeResultsDirectory="42876a60-dcda-44a3-91f4-c634307b5a0a" />
    <UnitTestResult executionId="b6095eb4-543f-4f12-b100-843a7746117a" testId="f2b7929b-9477-2b09-878d-9dcd16e02623" testName="Convert_OneCamerasSelectionAndOneSearchDefinition_Collapsed" computerName="DKSR-EFI-04" duration="00:00:00.0002673" startTime="2023-12-22T09:37:04.1792203+01:00" endTime="2023-12-22T09:37:04.1792203+01:00" testType="13cdc9d9-ddb5-4fa4-a97d-d965ccfc6d4b" outcome="Passed" testListId="8c84fa94-04c1-424b-9868-57a2d4851a1d" relativeResultsDirectory="b6095eb4-543f-4f12-b100-843a7746117a" />
    <UnitTestResult executionId="e1ed0e09-fcd4-4664-952e-9cefb9f30de2" testId="626588a6-8954-1a80-be96-bc32494f9793" testName="SearchResultCombineType_ShouldNotSetSearchTemplateAsModified_WhenValueChangesAndSearchTemplateIsNotActive" computerName="DKSR-EFI-04" duration="00:00:00.0070146" startTime="2023-12-22T09:37:28.5074759+01:00" endTime="2023-12-22T09:37:28.5230975+01:00" testType="13cdc9d9-ddb5-4fa4-a97d-d965ccfc6d4b" outcome="Passed" testListId="8c84fa94-04c1-424b-9868-57a2d4851a1d" relativeResultsDirectory="e1ed0e09-fcd4-4664-952e-9cefb9f30de2" />
    <UnitTestResult executionId="439378fc-99e7-4750-bef4-1544b78b1aca" testId="5af784fc-9243-ca85-aed0-526fe2586632" testName="BuildState_Success" computerName="DKSR-EFI-04" duration="00:00:00.0711152" startTime="2023-12-22T09:36:30.6009124+01:00" endTime="2023-12-22T09:36:30.6790386+01:00" testType="13cdc9d9-ddb5-4fa4-a97d-d965ccfc6d4b" outcome="Passed" testListId="8c84fa94-04c1-424b-9868-57a2d4851a1d" relativeResultsDirectory="439378fc-99e7-4750-bef4-1544b78b1aca" />
    <UnitTestResult executionId="52ff51b3-b486-4f01-9085-fee27d2615f6" testId="75abe4ea-20eb-3ee5-eee8-f4f3f43cc779" testName="OpenEdit_EditControlAvailable_EditContentControlUpdated" computerName="DKSR-EFI-04" duration="00:00:00.0157469" startTime="2023-12-22T09:37:24.3199532+01:00" endTime="2023-12-22T09:37:24.3355748+01:00" testType="13cdc9d9-ddb5-4fa4-a97d-d965ccfc6d4b" outcome="Passed" testListId="8c84fa94-04c1-424b-9868-57a2d4851a1d" relativeResultsDirectory="52ff51b3-b486-4f01-9085-fee27d2615f6" />
    <UnitTestResult executionId="af068685-b7d8-46d7-9892-d464fbfe2e7a" testId="7e7082ae-fc95-11b5-f109-06c5d9d16b4c" testName="Edit_Is_Enabled_When_Both_Update_And_Create_Rights_Present" computerName="DKSR-EFI-04" duration="00:00:00.0034824" startTime="2023-12-22T09:38:07.1795683+01:00" endTime="2023-12-22T09:38:07.1795683+01:00" testType="13cdc9d9-ddb5-4fa4-a97d-d965ccfc6d4b" outcome="Passed" testListId="8c84fa94-04c1-424b-9868-57a2d4851a1d" relativeResultsDirectory="af068685-b7d8-46d7-9892-d464fbfe2e7a" />
    <UnitTestResult executionId="3e6d3381-73a8-4b44-8a4a-656a376cd34e" testId="910648d0-f58e-b40c-710a-20818471b114" testName="ServerAuthentication_ShouldReturnLegacyWindowsCurrentUser_WhenConstructedUsingWindowsDefault" computerName="DKSR-EFI-04" duration="00:00:00.0002445" startTime="2023-12-22T09:36:07.6945402+01:00" endTime="2023-12-22T09:36:07.6945402+01:00" testType="13cdc9d9-ddb5-4fa4-a97d-d965ccfc6d4b" outcome="Passed" testListId="8c84fa94-04c1-424b-9868-57a2d4851a1d" relativeResultsDirectory="3e6d3381-73a8-4b44-8a4a-656a376cd34e" />
    <UnitTestResult executionId="2656630a-a185-49ea-b8e7-d29371ce597e" testId="ae62f6d0-4efb-1563-b9f4-62dadf9c392c" testName="PopulateTooltip_ManyResultsFromSingleCamera24Hours_ValidText" computerName="DKSR-EFI-04" duration="00:00:00.1942906" startTime="2023-12-22T09:37:18.0542976+01:00" endTime="2023-12-22T09:37:18.2574190+01:00" testType="13cdc9d9-ddb5-4fa4-a97d-d965ccfc6d4b" outcome="Passed" testListId="8c84fa94-04c1-424b-9868-57a2d4851a1d" relativeResultsDirectory="2656630a-a185-49ea-b8e7-d29371ce597e" />
    <UnitTestResult executionId="1d767e94-07c8-4a81-92c4-ebc6216b98c7" testId="1d5225e4-5ff0-424d-ae91-6d7aa1287493" testName="Deserialize_ShouldReportInvalidCombineType_WhenCombineTypeValueIsNotAnInteger" computerName="DKSR-EFI-04" duration="00:00:00.0005566" startTime="2023-12-22T09:37:35.3981411+01:00" endTime="2023-12-22T09:37:35.3981411+01:00" testType="13cdc9d9-ddb5-4fa4-a97d-d965ccfc6d4b" outcome="Passed" testListId="8c84fa94-04c1-424b-9868-57a2d4851a1d" relativeResultsDirectory="1d767e94-07c8-4a81-92c4-ebc6216b98c7" />
    <UnitTestResult executionId="7bf4113a-cf0c-485f-8697-b92072d47fbb" testId="e46a3755-9d5c-ba11-e43a-121111b751e2" testName="CreateReportAsync_ShouldNotHang_WhenReportNameIsTooLong" computerName="DKSR-EFI-04" duration="00:00:00.0115776" startTime="2023-12-22T09:37:29.6793530+01:00" endTime="2023-12-22T09:37:29.6949831+01:00" testType="13cdc9d9-ddb5-4fa4-a97d-d965ccfc6d4b" outcome="Passed" testListId="8c84fa94-04c1-424b-9868-57a2d4851a1d" relativeResultsDirectory="7bf4113a-cf0c-485f-8697-b92072d47fbb" />
    <UnitTestResult executionId="d22702b9-dd7b-45d2-a8f2-97115c4660bb" testId="eb1477a2-2fb7-b3cb-5428-9b4cc8d1e650" testName="HandleSetLayerFeatures_ShouldUpdateMicrophoneLayerFeatures_WhenMicrophoneKindAndMicrophoneLayerFeatures" computerName="DKSR-EFI-04" duration="00:00:00.0023877" startTime="2023-12-22T09:37:55.8045018+01:00" endTime="2023-12-22T09:37:55.8045018+01:00" testType="13cdc9d9-ddb5-4fa4-a97d-d965ccfc6d4b" outcome="Passed" testListId="8c84fa94-04c1-424b-9868-57a2d4851a1d" relativeResultsDirectory="d22702b9-dd7b-45d2-a8f2-97115c4660bb" />
    <UnitTestResult executionId="0bdc1720-f3e4-452b-a2ab-dd5acf4e9387" testId="a6efae3b-3424-1b71-e217-c61e2ebc0907" testName="ValidateExportName_ShouldReturnFailResult_InvalidCharactersInExportName (1213?)" computerName="DKSR-EFI-04" duration="00:00:00.0043814" startTime="2023-12-22T09:36:29.6634065+01:00" endTime="2023-12-22T09:36:29.6634065+01:00" testType="13cdc9d9-ddb5-4fa4-a97d-d965ccfc6d4b" outcome="Passed" testListId="8c84fa94-04c1-424b-9868-57a2d4851a1d" relativeResultsDirectory="0bdc1720-f3e4-452b-a2ab-dd5acf4e9387" />
    <UnitTestResult executionId="9cf4e04f-e635-4b17-b9cb-9b499360219b" testId="872d533c-7618-1f1f-1814-b113065309ba" testName="VideoResultSearchResult_PropertiesWhenCombinedResultSameCategoryName_CollectedAndDisplayed" computerName="DKSR-EFI-04" duration="00:00:00.0287898" startTime="2023-12-22T09:37:06.4917309+01:00" endTime="2023-12-22T09:37:06.5229810+01:00" testType="13cdc9d9-ddb5-4fa4-a97d-d965ccfc6d4b" outcome="Passed" testListId="8c84fa94-04c1-424b-9868-57a2d4851a1d" relativeResultsDirectory="9cf4e04f-e635-4b17-b9cb-9b499360219b" />
    <UnitTestResult executionId="13640a30-f48d-45f2-ba64-aed982aff6ec" testId="d1eb0766-e5d9-4c32-2713-e353a5504dcf" testName="ToDenormalizedDirection_1_0" computerName="DKSR-EFI-04" duration="00:00:00.0000755" startTime="2023-12-22T09:37:49.8513436+01:00" endTime="2023-12-22T09:37:49.8513436+01:00" testType="13cdc9d9-ddb5-4fa4-a97d-d965ccfc6d4b" outcome="Passed" testListId="8c84fa94-04c1-424b-9868-57a2d4851a1d" relativeResultsDirectory="13640a30-f48d-45f2-ba64-aed982aff6ec" />
    <UnitTestResult executionId="a675b320-afcf-41a5-be37-15866cdca46e" testId="47ac3dda-7749-2f44-950d-c0fd39257f55" testName="AudioControllerOnDevicesLockEvent_ShouldDisableMicrophones_WhenLockingAudioDevicesAndApplicationIsInLiveMode" computerName="DKSR-EFI-04" duration="00:00:00.0202057" startTime="2023-12-22T09:37:53.5388645+01:00" endTime="2023-12-22T09:37:53.5544879+01:00" testType="13cdc9d9-ddb5-4fa4-a97d-d965ccfc6d4b" outcome="Passed" testListId="8c84fa94-04c1-424b-9868-57a2d4851a1d" relativeResultsDirectory="a675b320-afcf-41a5-be37-15866cdca46e" />
    <UnitTestResult executionId="8a3c2cc5-a66a-422f-b068-fd1b94afd7d7" testId="2e98d886-c9c5-7fb8-f647-7bfb037cf4a5" testName="MapInputIcons_WhenMilestoneOemResource_ShouldReturnSevenIcons" computerName="DKSR-EFI-04" duration="00:00:00.0275181" startTime="2023-12-22T09:38:05.2733063+01:00" endTime="2023-12-22T09:38:05.3045532+01:00" testType="13cdc9d9-ddb5-4fa4-a97d-d965ccfc6d4b" outcome="Passed" testListId="8c84fa94-04c1-424b-9868-57a2d4851a1d" relativeResultsDirectory="8a3c2cc5-a66a-422f-b068-fd1b94afd7d7" />
    <UnitTestResult executionId="d9c3322a-0955-4022-b21c-b4550d8c23ba" testId="a0ce8b18-c0e1-b20c-c79e-d473edcc8518" testName="SearchResultsActionBarActions_EditBookmark_ResultMovedOutOfSearchScope_EditBookmarkInvokedAndSearchStarted" computerName="DKSR-EFI-04" duration="00:00:00.0193526" startTime="2023-12-22T09:37:25.6637088+01:00" endTime="2023-12-22T09:37:25.6793338+01:00" testType="13cdc9d9-ddb5-4fa4-a97d-d965ccfc6d4b" outcome="Passed" testListId="8c84fa94-04c1-424b-9868-57a2d4851a1d" relativeResultsDirectory="d9c3322a-0955-4022-b21c-b4550d8c23ba" />
    <UnitTestResult executionId="923145b4-eb6a-4cff-915e-48bf23d83808" testId="9bd36f2b-bb15-3fec-5cc0-8da29f15f2eb" testName="EndSelection_ShouldNotStartInPlaceEditMode_WhenItemIsNotSelected" computerName="DKSR-EFI-04" duration="00:00:00.0145831" startTime="2023-12-22T09:36:18.8039754+01:00" endTime="2023-12-22T09:36:18.8196011+01:00" testType="13cdc9d9-ddb5-4fa4-a97d-d965ccfc6d4b" outcome="Passed" testListId="8c84fa94-04c1-424b-9868-57a2d4851a1d" relativeResultsDirectory="923145b4-eb6a-4cff-915e-48bf23d83808" />
    <UnitTestResult executionId="d367f4c3-a1af-4f77-ad34-f45458350d0e" testId="5bb54e26-c71e-f619-e4ab-387584c60929" testName="SearchAction_BrowseMode_30MinutesInThePast" computerName="DKSR-EFI-04" duration="00:00:00.0085758" startTime="2023-12-22T09:38:04.2732999+01:00" endTime="2023-12-22T09:38:04.2732999+01:00" testType="13cdc9d9-ddb5-4fa4-a97d-d965ccfc6d4b" outcome="Passed" testListId="8c84fa94-04c1-424b-9868-57a2d4851a1d" relativeResultsDirectory="d367f4c3-a1af-4f77-ad34-f45458350d0e" />
    <UnitTestResult executionId="b32d7343-233c-4245-927f-8175d3d74605" testId="dfccc8b7-199c-9ea3-3acb-490aa9ca096b" testName="AddGetConfigurationMicrophoneTest" computerName="DKSR-EFI-04" duration="00:00:00.0032852" startTime="2023-12-22T09:36:07.7726675+01:00" endTime="2023-12-22T09:36:07.7726675+01:00" testType="13cdc9d9-ddb5-4fa4-a97d-d965ccfc6d4b" outcome="Passed" testListId="8c84fa94-04c1-424b-9868-57a2d4851a1d" relativeResultsDirectory="b32d7343-233c-4245-927f-8175d3d74605" />
    <UnitTestResult executionId="410d8420-393c-43fb-8411-27abe66172c5" testId="1e878ee6-feaf-3437-9319-2c6ce9824817" testName="CreateReportAsync_ShouldFadeoutThumbnail_WhenAfterRecordings" computerName="DKSR-EFI-04" duration="00:00:00.0153065" startTime="2023-12-22T09:37:32.8043719+01:00" endTime="2023-12-22T09:37:32.8200039+01:00" testType="13cdc9d9-ddb5-4fa4-a97d-d965ccfc6d4b" outcome="Passed" testListId="8c84fa94-04c1-424b-9868-57a2d4851a1d" relativeResultsDirectory="410d8420-393c-43fb-8411-27abe66172c5" />
    <UnitTestResult executionId="59f9a591-b61b-488d-852a-6565f79a56aa" testId="52708fc0-86f2-693c-d699-4f89eda92f77" testName="Toolbar_IsVisible_WhenNotInLiveOrPlayback_ReactsTo_WindowStateChange" computerName="DKSR-EFI-04" duration="00:00:00.0317253" startTime="2023-12-22T09:37:59.3826428+01:00" endTime="2023-12-22T09:37:59.4138955+01:00" testType="13cdc9d9-ddb5-4fa4-a97d-d965ccfc6d4b" outcome="Passed" testListId="8c84fa94-04c1-424b-9868-57a2d4851a1d" relativeResultsDirectory="59f9a591-b61b-488d-852a-6565f79a56aa" />
    <UnitTestResult executionId="7e44639c-38f2-4867-b95a-110e3969f49f" testId="59476004-430a-3b34-3bb3-3229ecde9f89" testName="SupportsDoubleClick_ShouldBeFalse_WhenInteractionStateIsNormalAndNotInSetupMode" computerName="DKSR-EFI-04" duration="00:00:00.0364472" startTime="2023-12-22T09:36:20.3508595+01:00" endTime="2023-12-22T09:36:20.3821091+01:00" testType="13cdc9d9-ddb5-4fa4-a97d-d965ccfc6d4b" outcome="Passed" testListId="8c84fa94-04c1-424b-9868-57a2d4851a1d" relativeResultsDirectory="7e44639c-38f2-4867-b95a-110e3969f49f" />
    <UnitTestResult executionId="e5c4f5e2-32cf-43a3-a998-b2165063ccf5" testId="5b1daa6e-5313-bb62-6c77-c9a482eb7914" testName="Ctor_NoAppConfigOverride_AddScriptSetToFalse" computerName="DKSR-EFI-04" duration="00:00:00.0078359" startTime="2023-12-22T09:36:08.5226699+01:00" endTime="2023-12-22T09:36:08.5226699+01:00" testType="13cdc9d9-ddb5-4fa4-a97d-d965ccfc6d4b" outcome="Passed" testListId="8c84fa94-04c1-424b-9868-57a2d4851a1d" relativeResultsDirectory="e5c4f5e2-32cf-43a3-a998-b2165063ccf5" />
    <UnitTestResult executionId="d3fba2e4-edf7-4ea5-a398-e5cccc22905d" testId="57630e13-6376-5ac4-f876-8b3113252cf4" testName="HandleGetLayerFeatures_ShouldReturnMicrophoneLayerFeatures_WhenMicrophoneKind" computerName="DKSR-EFI-04" duration="00:00:00.0049991" startTime="2023-12-22T09:37:55.7888800+01:00" endTime="2023-12-22T09:37:55.8045018+01:00" testType="13cdc9d9-ddb5-4fa4-a97d-d965ccfc6d4b" outcome="Passed" testListId="8c84fa94-04c1-424b-9868-57a2d4851a1d" relativeResultsDirectory="d3fba2e4-edf7-4ea5-a398-e5cccc22905d" />
    <UnitTestResult executionId="c9c6ba27-449d-47ef-afab-b011f7e31f1e" testId="9f2c2791-650e-d7c8-970e-1310d2e32cdc" testName="HasWritePermissionOnDir_NoWritePermission_ReturnsFalse" computerName="DKSR-EFI-04" duration="00:00:00.0028773" startTime="2023-12-22T09:37:33.1793819+01:00" endTime="2023-12-22T09:37:33.1950087+01:00" testType="13cdc9d9-ddb5-4fa4-a97d-d965ccfc6d4b" outcome="Passed" testListId="8c84fa94-04c1-424b-9868-57a2d4851a1d" relativeResultsDirectory="c9c6ba27-449d-47ef-afab-b011f7e31f1e" />
    <UnitTestResult executionId="469fbdfe-464b-447b-a305-a305954bf0b5" testId="c733db05-5b7b-4d43-767f-ec9ea4306b0e" testName="InputMapItem_ForceActivateAsync_InBuilding_MapLevelsNotLoaded_Success" computerName="DKSR-EFI-04" duration="00:00:00.0153100" startTime="2023-12-22T09:37:55.1169958+01:00" endTime="2023-12-22T09:37:55.1326214+01:00" testType="13cdc9d9-ddb5-4fa4-a97d-d965ccfc6d4b" outcome="Passed" testListId="8c84fa94-04c1-424b-9868-57a2d4851a1d" relativeResultsDirectory="469fbdfe-464b-447b-a305-a305954bf0b5" />
    <UnitTestResult executionId="78f48bf0-9899-4ab5-941b-6e58d02fbe47" testId="4b7dc18b-d6d1-94cf-67c8-cfdd48ab9288" testName="Connect_WhenMajorServerVersionIsBelow3_ShouldNotStartAnySchClient" computerName="DKSR-EFI-04" duration="00:00:00.1756531" startTime="2023-12-22T09:36:00.6320081+01:00" endTime="2023-12-22T09:36:00.8038822+01:00" testType="13cdc9d9-ddb5-4fa4-a97d-d965ccfc6d4b" outcome="Passed" testListId="8c84fa94-04c1-424b-9868-57a2d4851a1d" relativeResultsDirectory="78f48bf0-9899-4ab5-941b-6e58d02fbe47" />
    <UnitTestResult executionId="fac74e32-7a07-4928-96b5-edbd0442f4d1" testId="c0d12a95-e15f-6166-5a13-d922c014e85f" testName="SupportsDoubleClick_ShouldBeFalse_WhenInteractionStateIsNotNormalOrNewDevice" computerName="DKSR-EFI-04" duration="00:00:00.0884654" startTime="2023-12-22T09:36:23.1321248+01:00" endTime="2023-12-22T09:36:23.2258736+01:00" testType="13cdc9d9-ddb5-4fa4-a97d-d965ccfc6d4b" outcome="Passed" testListId="8c84fa94-04c1-424b-9868-57a2d4851a1d" relativeResultsDirectory="fac74e32-7a07-4928-96b5-edbd0442f4d1" />
    <UnitTestResult executionId="a4862cac-d77b-4e62-8c34-09484d4a16f8" testId="d9a71493-8a98-1ce2-4921-b216ae947c71" testName="SupportsDoubleClick_ShouldBeFalse_WhenInteractionStateIsNotNormalAndNotInSetupMode" computerName="DKSR-EFI-04" duration="00:00:00.0380671" startTime="2023-12-22T09:36:20.4289836+01:00" endTime="2023-12-22T09:36:20.4602329+01:00" testType="13cdc9d9-ddb5-4fa4-a97d-d965ccfc6d4b" outcome="Passed" testListId="8c84fa94-04c1-424b-9868-57a2d4851a1d" relativeResultsDirectory="a4862cac-d77b-4e62-8c34-09484d4a16f8" />
    <UnitTestResult executionId="b9d3d496-151a-407a-aade-e773cc0ae0b8" testId="c6e098df-93ea-edd9-9f8d-a8296c3d60ed" testName="Compare_Descending_Success" computerName="DKSR-EFI-04" duration="00:00:00.0008248" startTime="2023-12-22T09:37:35.2887642+01:00" endTime="2023-12-22T09:37:35.2887642+01:00" testType="13cdc9d9-ddb5-4fa4-a97d-d965ccfc6d4b" outcome="Passed" testListId="8c84fa94-04c1-424b-9868-57a2d4851a1d" relativeResultsDirectory="b9d3d496-151a-407a-aade-e773cc0ae0b8" />
    <UnitTestResult executionId="aa08d697-6dea-4cbc-aa88-f5b5bc470bdb" testId="84735ce6-0802-6c3e-660b-0ce9dcdbafe2" testName="Connect_WhenUriIsNull_ShouldThrowException" computerName="DKSR-EFI-04" duration="00:00:00.0013013" startTime="2023-12-22T09:36:00.6163779+01:00" endTime="2023-12-22T09:36:00.6320081+01:00" testType="13cdc9d9-ddb5-4fa4-a97d-d965ccfc6d4b" outcome="Passed" testListId="8c84fa94-04c1-424b-9868-57a2d4851a1d" relativeResultsDirectory="aa08d697-6dea-4cbc-aa88-f5b5bc470bdb" />
    <UnitTestResult executionId="5c7f5a04-6a36-4355-8911-02b6e0c4d562" testId="6b0b8696-32c2-657c-f281-65444866a1da" testName="GetDomainAndUserName_ShouldReturnDomainAndUserNamePartOfNetworkCredentials_WhenNetworkCredentialsContainsAUserNameAndDomain" computerName="DKSR-EFI-04" duration="00:00:00.0002420" startTime="2023-12-22T09:36:07.6789158+01:00" endTime="2023-12-22T09:36:07.6789158+01:00" testType="13cdc9d9-ddb5-4fa4-a97d-d965ccfc6d4b" outcome="Passed" testListId="8c84fa94-04c1-424b-9868-57a2d4851a1d" relativeResultsDirectory="5c7f5a04-6a36-4355-8911-02b6e0c4d562" />
    <UnitTestResult executionId="14b4140b-6e37-4712-8478-e61c87be7c17" testId="4fc92a95-da20-ab9b-15d1-74f6c3c27fe0" testName="RemoveWorkroom_ShouldChangeSelectionToNextWorkroom_WhenSelectedWorkroomIsRemoved" computerName="DKSR-EFI-04" duration="00:00:00.0073686" startTime="2023-12-22T09:38:05.9451817+01:00" endTime="2023-12-22T09:38:05.9608098+01:00" testType="13cdc9d9-ddb5-4fa4-a97d-d965ccfc6d4b" outcome="Passed" testListId="8c84fa94-04c1-424b-9868-57a2d4851a1d" relativeResultsDirectory="14b4140b-6e37-4712-8478-e61c87be7c17" />
    <UnitTestResult executionId="9b2765cb-0e9e-45e6-ae3f-b59822261089" testId="5837e4ca-1cc6-6c6e-80e5-27206d993c91" testName="CreateDefinition_TwoFiltersInCategory_TwoFilterValuesAddedToSearchCriteria" computerName="DKSR-EFI-04" duration="00:00:00.0055551" startTime="2023-12-22T09:37:34.4606323+01:00" endTime="2023-12-22T09:37:34.4762558+01:00" testType="13cdc9d9-ddb5-4fa4-a97d-d965ccfc6d4b" outcome="Passed" testListId="8c84fa94-04c1-424b-9868-57a2d4851a1d" relativeResultsDirectory="9b2765cb-0e9e-45e6-ae3f-b59822261089" />
    <UnitTestResult executionId="bdb19a5b-a32f-48b4-993e-7f13bc7876c4" testId="cd0b28bc-7718-797b-f022-800ca6ce22ba" testName="MoveToTop_ShouldNotMoveItemIndexInItemCollection_WhenItemIsAlreadyTopmost" computerName="DKSR-EFI-04" duration="00:00:00.0085087" startTime="2023-12-22T09:36:19.2102258+01:00" endTime="2023-12-22T09:36:19.2258530+01:00" testType="13cdc9d9-ddb5-4fa4-a97d-d965ccfc6d4b" outcome="Passed" testListId="8c84fa94-04c1-424b-9868-57a2d4851a1d" relativeResultsDirectory="bdb19a5b-a32f-48b4-993e-7f13bc7876c4" />
    <UnitTestResult executionId="e406eb48-241f-43c4-9acb-81975b0dcd72" testId="5d25dc9f-b119-d464-f93e-42b850f6a1ac" testName="ScWorkSpaceModeChangedEvent_ShouldSetDeviceIsDisabledToFalse_WhenSwitchingToLiveModeAndDeviceIsDisabled" computerName="DKSR-EFI-04" duration="00:00:00.0135506" startTime="2023-12-22T09:37:53.2576099+01:00" endTime="2023-12-22T09:37:53.2732414+01:00" testType="13cdc9d9-ddb5-4fa4-a97d-d965ccfc6d4b" outcome="Passed" testListId="8c84fa94-04c1-424b-9868-57a2d4851a1d" relativeResultsDirectory="e406eb48-241f-43c4-9acb-81975b0dcd72" />
    <UnitTestResult executionId="8ee95c6d-b033-40c0-9392-5166471ce364" testId="45b9039f-b96a-687f-1be5-e83ccd97ef2c" testName="AddToExportTuples_ShouldReturnCorrectResult (1,0,0)" computerName="DKSR-EFI-04" duration="00:00:00.0020852" startTime="2023-12-22T09:37:59.9451496+01:00" endTime="2023-12-22T09:37:59.9451496+01:00" testType="13cdc9d9-ddb5-4fa4-a97d-d965ccfc6d4b" outcome="Passed" testListId="8c84fa94-04c1-424b-9868-57a2d4851a1d" relativeResultsDirectory="8ee95c6d-b033-40c0-9392-5166471ce364" />
    <UnitTestResult executionId="e0d11c78-e819-4b73-8ecb-f317f928f9e2" testId="52d5db23-51cb-3736-9800-a010b174438e" testName="InputMapItem_Delete_Failure_PositionRevertsToGisPoint" computerName="DKSR-EFI-04" duration="00:00:00.0135057" startTime="2023-12-22T09:37:54.8357496+01:00" endTime="2023-12-22T09:37:54.8357496+01:00" testType="13cdc9d9-ddb5-4fa4-a97d-d965ccfc6d4b" outcome="Passed" testListId="8c84fa94-04c1-424b-9868-57a2d4851a1d" relativeResultsDirectory="e0d11c78-e819-4b73-8ecb-f317f928f9e2" />
    <UnitTestResult executionId="5f808945-9bdc-4763-89b2-bdf23142ef2d" testId="02a92acd-3e74-c832-568f-0225ec898104" testName="AddSelectedWindowsToExport_ShouldShowCorrectToastMessages (1,0,1)" computerName="DKSR-EFI-04" duration="00:00:00.0024387" startTime="2023-12-22T09:38:00.1951542+01:00" endTime="2023-12-22T09:38:00.1951542+01:00" testType="13cdc9d9-ddb5-4fa4-a97d-d965ccfc6d4b" outcome="Passed" testListId="8c84fa94-04c1-424b-9868-57a2d4851a1d" relativeResultsDirectory="5f808945-9bdc-4763-89b2-bdf23142ef2d" />
    <UnitTestResult executionId="d1bbd08c-f9ff-4394-93e0-e9d0fade1c4f" testId="65173ca9-ca7a-eecb-f51e-664ba3987e33" testName="PtzSessionController_GetPtzSessionInfo_Unregistered_Camera_Test" computerName="DKSR-EFI-04" duration="00:00:00.0118946" startTime="2023-12-22T09:36:06.9445351+01:00" endTime="2023-12-22T09:36:06.9601627+01:00" testType="13cdc9d9-ddb5-4fa4-a97d-d965ccfc6d4b" outcome="Passed" testListId="8c84fa94-04c1-424b-9868-57a2d4851a1d" relativeResultsDirectory="d1bbd08c-f9ff-4394-93e0-e9d0fade1c4f" />
    <UnitTestResult executionId="4fdf429b-778d-4a91-8c70-386638d282fe" testId="184dde77-5a92-558e-ebbc-812bb20e2c0f" testName="PointMapItem_Load_CameraDevice_Success" computerName="DKSR-EFI-04" duration="00:00:00.0694077" startTime="2023-12-22T09:37:50.5075970+01:00" endTime="2023-12-22T09:37:50.5857213+01:00" testType="13cdc9d9-ddb5-4fa4-a97d-d965ccfc6d4b" outcome="Passed" testListId="8c84fa94-04c1-424b-9868-57a2d4851a1d" relativeResultsDirectory="4fdf429b-778d-4a91-8c70-386638d282fe" />
    <UnitTestResult executionId="3cd4035f-ebab-4b86-a599-bd42a3315983" testId="79e1afa4-43dc-dcc8-f757-ad97cc1a6215" testName="Tooltip_ShouldShowUnmuteText_WhenMicrophoneIsMutedOnLiveModeAndUserHasListenPermissions" computerName="DKSR-EFI-04" duration="00:00:00.0710528" startTime="2023-12-22T09:36:21.4446147+01:00" endTime="2023-12-22T09:36:21.5071145+01:00" testType="13cdc9d9-ddb5-4fa4-a97d-d965ccfc6d4b" outcome="Passed" testListId="8c84fa94-04c1-424b-9868-57a2d4851a1d" relativeResultsDirectory="3cd4035f-ebab-4b86-a599-bd42a3315983" />
    <UnitTestResult executionId="7b7912d4-b788-4aa4-ab7f-643256226520" testId="d7c6fd34-24a6-6d61-4f74-e11b861b527b" testName="ToggleMicrophoneStateAsync_ShouldUnMuteMicrophone_WhenMicrophoneWasMuted" computerName="DKSR-EFI-04" duration="00:00:00.0113650" startTime="2023-12-22T09:37:51.6326027+01:00" endTime="2023-12-22T09:37:51.6326027+01:00" testType="13cdc9d9-ddb5-4fa4-a97d-d965ccfc6d4b" outcome="Passed" testListId="8c84fa94-04c1-424b-9868-57a2d4851a1d" relativeResultsDirectory="7b7912d4-b788-4aa4-ab7f-643256226520" />
    <UnitTestResult executionId="5b90c98a-6129-4042-998d-96ff4e39c984" testId="76f56124-31a2-88ce-2d55-72b9a34a85b7" testName="ToggleMicrophoneStateAsync_ShouldRaiseArgumentNullException_WhenMicrophoneIsNull" computerName="DKSR-EFI-04" duration="00:00:00.0110163" startTime="2023-12-22T09:37:51.5857255+01:00" endTime="2023-12-22T09:37:51.6013496+01:00" testType="13cdc9d9-ddb5-4fa4-a97d-d965ccfc6d4b" outcome="Passed" testListId="8c84fa94-04c1-424b-9868-57a2d4851a1d" relativeResultsDirectory="5b90c98a-6129-4042-998d-96ff4e39c984" />
    <UnitTestResult executionId="a3bcc286-9b95-4b5d-ab50-87628460037b" testId="ee325437-e5fe-a792-f60f-ba53523f3b7b" testName="MaxRegionsAllowed_ShouldBeIntMaxValue_WhenProvidedMaxIsNegative" computerName="DKSR-EFI-04" duration="00:00:00.0001539" startTime="2023-12-22T09:37:49.0857147+01:00" endTime="2023-12-22T09:37:49.0857147+01:00" testType="13cdc9d9-ddb5-4fa4-a97d-d965ccfc6d4b" outcome="Passed" testListId="8c84fa94-04c1-424b-9868-57a2d4851a1d" relativeResultsDirectory="a3bcc286-9b95-4b5d-ab50-87628460037b" />
    <UnitTestResult executionId="eff4c965-ee83-4180-945d-aad15d988510" testId="187ee319-c305-31ec-cc6d-df00e81417f3" testName="SupportsDoubleClick_ShouldBeFalse_WhenInteractionStateIsNormalAndNotInSetupMode" computerName="DKSR-EFI-04" duration="00:00:00.0362586" startTime="2023-12-22T09:36:20.0227293+01:00" endTime="2023-12-22T09:36:20.0696058+01:00" testType="13cdc9d9-ddb5-4fa4-a97d-d965ccfc6d4b" outcome="Passed" testListId="8c84fa94-04c1-424b-9868-57a2d4851a1d" relativeResultsDirectory="eff4c965-ee83-4180-945d-aad15d988510" />
    <UnitTestResult executionId="127b413b-0f2e-4178-a222-3acdc968a2ff" testId="8a4d4995-3c1b-876f-b006-d12439f37a6d" testName="AndOrSearchDefinitionToVisibilityMultiConverter_CallConvert_FirstInList" computerName="DKSR-EFI-04" duration="00:00:00.0014600" startTime="2023-12-22T09:37:04.0073434+01:00" endTime="2023-12-22T09:37:04.0073434+01:00" testType="13cdc9d9-ddb5-4fa4-a97d-d965ccfc6d4b" outcome="Passed" testListId="8c84fa94-04c1-424b-9868-57a2d4851a1d" relativeResultsDirectory="127b413b-0f2e-4178-a222-3acdc968a2ff" />
    <UnitTestResult executionId="7f7d0bf2-ecc7-4316-9ae6-c54dd592f282" testId="89633d51-0a7e-1e94-929d-ec9b25c6de3a" testName="GetKey_ShouldReturnValidConnectionString" computerName="DKSR-EFI-04" duration="00:00:00.0016715" startTime="2023-12-22T09:38:06.2576843+01:00" endTime="2023-12-22T09:38:06.2576843+01:00" testType="13cdc9d9-ddb5-4fa4-a97d-d965ccfc6d4b" outcome="Passed" testListId="8c84fa94-04c1-424b-9868-57a2d4851a1d" relativeResultsDirectory="7f7d0bf2-ecc7-4316-9ae6-c54dd592f282" />
    <UnitTestResult executionId="4b7f6072-4c75-40c5-ae82-b66a3d79021e" testId="f680908c-3b4b-7b4d-7066-6e5fce7c0b27" testName="GetClusters_ExcludeThenIncludeExcludedItems_NoChange (Data Row 14)" computerName="DKSR-EFI-04" duration="00:00:00.0086730" startTime="2023-12-22T09:37:56.4607518+01:00" endTime="2023-12-22T09:37:56.6638974+01:00" testType="13cdc9d9-ddb5-4fa4-a97d-d965ccfc6d4b" outcome="Passed" testListId="8c84fa94-04c1-424b-9868-57a2d4851a1d" relativeResultsDirectory="4b7f6072-4c75-40c5-ae82-b66a3d79021e" />
    <UnitTestResult executionId="b05ac347-5738-41d8-9693-4efdadec492d" testId="ac8063fd-ec4b-484a-0383-753253f47780" testName="GetBoundingShapesAsync_ShouldIgnoreNullBoundingShapesCollectionFromSubResults" computerName="DKSR-EFI-04" duration="00:00:00.0045022" startTime="2023-12-22T09:37:35.2262726+01:00" endTime="2023-12-22T09:37:35.2418898+01:00" testType="13cdc9d9-ddb5-4fa4-a97d-d965ccfc6d4b" outcome="Passed" testListId="8c84fa94-04c1-424b-9868-57a2d4851a1d" relativeResultsDirectory="b05ac347-5738-41d8-9693-4efdadec492d" />
    <UnitTestResult executionId="61c54efe-45af-4657-a495-40b0ab93adab" testId="80faadd3-7ee5-fd40-aebd-98e719e96493" testName="TestUpdateState_3Cameras" computerName="DKSR-EFI-04" duration="00:00:00.0194951" startTime="2023-12-22T09:38:00.6482769+01:00" endTime="2023-12-22T09:38:00.6795308+01:00" testType="13cdc9d9-ddb5-4fa4-a97d-d965ccfc6d4b" outcome="Passed" testListId="8c84fa94-04c1-424b-9868-57a2d4851a1d" relativeResultsDirectory="61c54efe-45af-4657-a495-40b0ab93adab" />
    <UnitTestResult executionId="851d20f9-a7bc-432a-b2cb-eea51efc1bc0" testId="5b38455f-575a-f0bf-1374-9f24005465f7" testName="Ctor_UnknownEditControl_DropDownAttributeEditorUsed" computerName="DKSR-EFI-04" duration="00:00:00.0072842" startTime="2023-12-22T09:37:24.4762007+01:00" endTime="2023-12-22T09:37:24.4918308+01:00" testType="13cdc9d9-ddb5-4fa4-a97d-d965ccfc6d4b" outcome="Passed" testListId="8c84fa94-04c1-424b-9868-57a2d4851a1d" relativeResultsDirectory="851d20f9-a7bc-432a-b2cb-eea51efc1bc0" />
    <UnitTestResult executionId="43ed0c11-13ed-44f1-ae67-99d175e0985d" testId="c122d3c0-e65a-97bc-0031-9b0adfb0a20b" testName="Execute_YesCommand_DialogResultReturnsTrue" computerName="DKSR-EFI-04" duration="00:00:00.0009411" startTime="2023-12-22T09:37:59.5076461+01:00" endTime="2023-12-22T09:37:59.5232764+01:00" testType="13cdc9d9-ddb5-4fa4-a97d-d965ccfc6d4b" outcome="Passed" testListId="8c84fa94-04c1-424b-9868-57a2d4851a1d" relativeResultsDirectory="43ed0c11-13ed-44f1-ae67-99d175e0985d" />
    <UnitTestResult executionId="efed23a9-407b-476b-8bd0-f22f39208e22" testId="21153cd2-a7a5-1184-78bc-9992e32899dd" testName="AddToExportTuples_ShouldReturnCorrectResult (0,1,0)" computerName="DKSR-EFI-04" duration="00:00:00.0016660" startTime="2023-12-22T09:37:59.9607724+01:00" endTime="2023-12-22T09:37:59.9607724+01:00" testType="13cdc9d9-ddb5-4fa4-a97d-d965ccfc6d4b" outcome="Passed" testListId="8c84fa94-04c1-424b-9868-57a2d4851a1d" relativeResultsDirectory="efed23a9-407b-476b-8bd0-f22f39208e22" />
    <UnitTestResult executionId="5d80a53b-ed41-4333-894b-41a9bcdb162e" testId="02b778e1-2711-1e32-4739-47c0e9b81d4d" testName="BookmarkSearchTime_WithSearchStringInDifferentCases_ReturnCorrectBookmarkWithSearchStringInHeader (SeArChStRiNg,False,True,True,True,,,0)" computerName="DKSR-EFI-04" duration="00:00:00.0061429" startTime="2023-12-22T09:38:01.2107851+01:00" endTime="2023-12-22T09:38:01.2264104+01:00" testType="13cdc9d9-ddb5-4fa4-a97d-d965ccfc6d4b" outcome="Passed" testListId="8c84fa94-04c1-424b-9868-57a2d4851a1d" relativeResultsDirectory="5d80a53b-ed41-4333-894b-41a9bcdb162e" />
    <UnitTestResult executionId="d323906d-d175-400d-9c49-f5beef8a07c9" testId="08b3ace1-45f6-6e1d-2bc1-52f8ecd0e63e" testName="SupportsDoubleClick_ShouldBeFalse_WhenInteractionStateIsNormalAndNotInSetupMode" computerName="DKSR-EFI-04" duration="00:00:00.0320506" startTime="2023-12-22T09:36:19.7102273+01:00" endTime="2023-12-22T09:36:19.7414798+01:00" testType="13cdc9d9-ddb5-4fa4-a97d-d965ccfc6d4b" outcome="Passed" testListId="8c84fa94-04c1-424b-9868-57a2d4851a1d" relativeResultsDirectory="d323906d-d175-400d-9c49-f5beef8a07c9" />
    <UnitTestResult executionId="57bb9b6e-2d58-42fd-8792-e3d099c31477" testId="37b7b1e5-9323-fb29-1885-37b5c9283b82" testName="GetCameraTiles_ShouldReturnCorrectCameraTilesWithSingleCameraTest" computerName="DKSR-EFI-04" duration="00:00:00.0089528" startTime="2023-12-22T09:38:02.0701590+01:00" endTime="2023-12-22T09:38:02.0857829+01:00" testType="13cdc9d9-ddb5-4fa4-a97d-d965ccfc6d4b" outcome="Passed" testListId="8c84fa94-04c1-424b-9868-57a2d4851a1d" relativeResultsDirectory="57bb9b6e-2d58-42fd-8792-e3d099c31477" />
    <UnitTestResult executionId="ceb338b2-3bc8-430d-b002-fc8fa50114b2" testId="e0dfd89d-a08f-8cca-2e86-69c3531c6abb" testName="Ctor_NoAppConfigOverride_AddScriptSetToTrue" computerName="DKSR-EFI-04" duration="00:00:00.3274601" startTime="2023-12-22T09:36:08.1945447+01:00" endTime="2023-12-22T09:36:08.5226699+01:00" testType="13cdc9d9-ddb5-4fa4-a97d-d965ccfc6d4b" outcome="Passed" testListId="8c84fa94-04c1-424b-9868-57a2d4851a1d" relativeResultsDirectory="ceb338b2-3bc8-430d-b002-fc8fa50114b2" />
    <UnitTestResult executionId="e37f7d93-aeca-43c8-8578-e86a2442ecde" testId="d2bdec8a-ca9e-7ce3-8f9b-b4cc3a8ec042" testName="DrawItems_200KResultItems_Success" computerName="DKSR-EFI-04" duration="00:00:10.2063506" startTime="2023-12-22T09:37:06.8823562+01:00" endTime="2023-12-22T09:37:17.1011632+01:00" testType="13cdc9d9-ddb5-4fa4-a97d-d965ccfc6d4b" outcome="Passed" testListId="8c84fa94-04c1-424b-9868-57a2d4851a1d" relativeResultsDirectory="e37f7d93-aeca-43c8-8578-e86a2442ecde" />
    <UnitTestResult executionId="7d3f8475-ab9c-4352-bcd5-04a669ad9462" testId="e9871a8e-a7b1-7767-3712-747754e9915c" testName="WorkspaceToolBarItemEdgeRetrieve_ShouldGoIntoSelectionMode_WhenNotInSelectionMode" computerName="DKSR-EFI-04" duration="00:00:00.0040845" startTime="2023-12-22T09:38:00.8826562+01:00" endTime="2023-12-22T09:38:00.8982765+01:00" testType="13cdc9d9-ddb5-4fa4-a97d-d965ccfc6d4b" outcome="Passed" testListId="8c84fa94-04c1-424b-9868-57a2d4851a1d" relativeResultsDirectory="7d3f8475-ab9c-4352-bcd5-04a669ad9462" />
    <UnitTestResult executionId="8f852e24-3e60-4141-8153-d48a1d5282f2" testId="c8fac7fa-4b08-7ff4-1155-d669516586fe" testName="ScrollWheelInTileLayout_ScrollUp_IncreaseItemSize" computerName="DKSR-EFI-04" duration="00:00:01.3301923" startTime="2023-12-22T09:36:56.6166786+01:00" endTime="2023-12-22T09:36:57.9448102+01:00" testType="13cdc9d9-ddb5-4fa4-a97d-d965ccfc6d4b" outcome="Passed" testListId="8c84fa94-04c1-424b-9868-57a2d4851a1d" relativeResultsDirectory="8f852e24-3e60-4141-8153-d48a1d5282f2" />
    <UnitTestResult executionId="ed61cdc3-263f-4fff-a152-73a3807a70d2" testId="776120a9-8caa-dd82-0111-de02703fa844" testName="ImageMaskDto_ShouldYieldSameValues_WhenRoundTripConverted" computerName="DKSR-EFI-04" duration="00:00:00.0034017" startTime="2023-12-22T09:36:00.2882515+01:00" endTime="2023-12-22T09:36:00.2882515+01:00" testType="13cdc9d9-ddb5-4fa4-a97d-d965ccfc6d4b" outcome="Passed" testListId="8c84fa94-04c1-424b-9868-57a2d4851a1d" relativeResultsDirectory="ed61cdc3-263f-4fff-a152-73a3807a70d2" />
    <UnitTestResult executionId="dea1b9c5-3b59-46b3-bfc9-25e3117abd60" testId="7e087806-67ee-93e5-99ce-89aefdf33c63" testName="CreateDefinition_ZeroFiltersInCategory_ZeroFilterValuesAddedToSearchCriteria" computerName="DKSR-EFI-04" duration="00:00:00.0057564" startTime="2023-12-22T09:37:34.4450108+01:00" endTime="2023-12-22T09:37:34.4606323+01:00" testType="13cdc9d9-ddb5-4fa4-a97d-d965ccfc6d4b" outcome="Passed" testListId="8c84fa94-04c1-424b-9868-57a2d4851a1d" relativeResultsDirectory="dea1b9c5-3b59-46b3-bfc9-25e3117abd60" />
    <UnitTestResult executionId="4370896f-e57c-43fe-a863-e931f0da5a86" testId="6d978bab-aad4-7287-6436-c0f917b175ca" testName="FetchDeviceConfiguration_ShouldLoadFromServer_WhenCacheFileIsNotPresentAndFetchTypeIsOnlyCache" computerName="DKSR-EFI-04" duration="00:00:00.0021008" startTime="2023-12-22T09:38:06.0233076+01:00" endTime="2023-12-22T09:38:06.0233076+01:00" testType="13cdc9d9-ddb5-4fa4-a97d-d965ccfc6d4b" outcome="Passed" testListId="8c84fa94-04c1-424b-9868-57a2d4851a1d" relativeResultsDirectory="4370896f-e57c-43fe-a863-e931f0da5a86" />
    <UnitTestResult executionId="a79a2387-0ecd-4ff3-bab9-7319efbe6335" testId="1f86583b-e772-053b-5dde-1a3c6a164dcd" testName="LoadInitialState_NullState_ReturnsNewEmptyState" computerName="DKSR-EFI-04" duration="00:00:00.0020994" startTime="2023-12-22T09:36:30.5540379+01:00" endTime="2023-12-22T09:36:30.5540379+01:00" testType="13cdc9d9-ddb5-4fa4-a97d-d965ccfc6d4b" outcome="Passed" testListId="8c84fa94-04c1-424b-9868-57a2d4851a1d" relativeResultsDirectory="a79a2387-0ecd-4ff3-bab9-7319efbe6335" />
    <UnitTestResult executionId="364efa84-fea1-4f85-82c2-a7ac4a72b24b" testId="c6fc9995-4feb-7741-7b1f-15f47389f965" testName="CreateDefinition_OneFiltersInCategory_OneFilterValuesAddedToSearchCriteria" computerName="DKSR-EFI-04" duration="00:00:00.0088532" startTime="2023-12-22T09:37:34.4606323+01:00" endTime="2023-12-22T09:37:34.4606323+01:00" testType="13cdc9d9-ddb5-4fa4-a97d-d965ccfc6d4b" outcome="Passed" testListId="8c84fa94-04c1-424b-9868-57a2d4851a1d" relativeResultsDirectory="364efa84-fea1-4f85-82c2-a7ac4a72b24b" />
    <UnitTestResult executionId="7a2bc53d-0d80-4dd4-97b1-f5b154925257" testId="0c50efac-b8b6-9fec-2121-593589ddcef1" testName="Ctor_SearchReportData_Success" computerName="DKSR-EFI-04" duration="00:00:00.0673694" startTime="2023-12-22T09:37:24.4918308+01:00" endTime="2023-12-22T09:37:24.5543306+01:00" testType="13cdc9d9-ddb5-4fa4-a97d-d965ccfc6d4b" outcome="Passed" testListId="8c84fa94-04c1-424b-9868-57a2d4851a1d" relativeResultsDirectory="7a2bc53d-0d80-4dd4-97b1-f5b154925257" />
    <UnitTestResult executionId="a1b84856-5e47-4ce2-8ec7-7b063c6a8905" testId="4c079a3c-32b1-18a2-0888-498e65e1e695" testName="AddSelectedCameras_TooManyCamerasMultiple_AddedUntilMaxAndWarningMessageDisplayed" computerName="DKSR-EFI-04" duration="00:00:00.0338310" startTime="2023-12-22T09:37:26.7262142+01:00" endTime="2023-12-22T09:37:26.7574805+01:00" testType="13cdc9d9-ddb5-4fa4-a97d-d965ccfc6d4b" outcome="Passed" testListId="8c84fa94-04c1-424b-9868-57a2d4851a1d" relativeResultsDirectory="a1b84856-5e47-4ce2-8ec7-7b063c6a8905" />
    <UnitTestResult executionId="f2baa6c5-b183-4da4-8f74-332de2b20d9b" testId="f710e014-90ce-d71f-9c5f-5c71e6c4af0c" testName="Execute_CopyToClipboardCommand_ClipboardContainsText" computerName="DKSR-EFI-04" duration="00:00:00.0580248" startTime="2023-12-22T09:37:59.5232764+01:00" endTime="2023-12-22T09:37:59.5857685+01:00" testType="13cdc9d9-ddb5-4fa4-a97d-d965ccfc6d4b" outcome="Passed" testListId="8c84fa94-04c1-424b-9868-57a2d4851a1d" relativeResultsDirectory="f2baa6c5-b183-4da4-8f74-332de2b20d9b" />
    <UnitTestResult executionId="b2408833-f8dc-4ce4-9a94-6c1e09b01001" testId="b3aaeac2-8a8e-15b7-f149-450ef9d8d467" testName="Parse_TwentyFourHours_Success" computerName="DKSR-EFI-04" duration="00:00:00.0000974" startTime="2023-12-22T09:37:34.2262577+01:00" endTime="2023-12-22T09:37:34.2262577+01:00" testType="13cdc9d9-ddb5-4fa4-a97d-d965ccfc6d4b" outcome="Passed" testListId="8c84fa94-04c1-424b-9868-57a2d4851a1d" relativeResultsDirectory="b2408833-f8dc-4ce4-9a94-6c1e09b01001" />
    <UnitTestResult executionId="afd1de4b-8f0e-491c-ac46-4ec570c6b0e3" testId="56b52fe7-501e-5059-ffb3-616a27cb0414" testName="WhenActionExecutedWithAlarmsWithRelatedDeviceThenEveryObserverNotifiedWithRelated" computerName="DKSR-EFI-04" duration="00:00:00.0072565" startTime="2023-12-22T09:37:56.0545094+01:00" endTime="2023-12-22T09:37:56.0701386+01:00" testType="13cdc9d9-ddb5-4fa4-a97d-d965ccfc6d4b" outcome="Passed" testListId="8c84fa94-04c1-424b-9868-57a2d4851a1d" relativeResultsDirectory="afd1de4b-8f0e-491c-ac46-4ec570c6b0e3" />
    <UnitTestResult executionId="887b3b45-9448-4748-bb1e-0ec5a159aaec" testId="98f27d45-2a93-357a-deeb-cbe956e4dc11" testName="IsBasicUser_ShouldReturnFalse_WhenConstructedUsingWindows" computerName="DKSR-EFI-04" duration="00:00:00.0002464" startTime="2023-12-22T09:36:07.6320396+01:00" endTime="2023-12-22T09:36:07.6320396+01:00" testType="13cdc9d9-ddb5-4fa4-a97d-d965ccfc6d4b" outcome="Passed" testListId="8c84fa94-04c1-424b-9868-57a2d4851a1d" relativeResultsDirectory="887b3b45-9448-4748-bb1e-0ec5a159aaec" />
    <UnitTestResult executionId="74491d66-06b7-42b1-a6a2-ce218d09d043" testId="b1b5a4b2-ef61-9282-6663-5d7233efeaab" testName="SupportsDoubleClick_ShouldBeFalse_WhenInteractionStateIsNotNormalAndInSetupMode" computerName="DKSR-EFI-04" duration="00:00:00.0373760" startTime="2023-12-22T09:36:20.0696058+01:00" endTime="2023-12-22T09:36:20.1008588+01:00" testType="13cdc9d9-ddb5-4fa4-a97d-d965ccfc6d4b" outcome="Passed" testListId="8c84fa94-04c1-424b-9868-57a2d4851a1d" relativeResultsDirectory="74491d66-06b7-42b1-a6a2-ce218d09d043" />
    <UnitTestResult executionId="d8809477-3f54-4acb-b5b6-373530c61d9f" testId="233a6bed-ae00-b023-a337-828767e08ee8" testName="AlwaysPutSmartWallGroupLast" computerName="DKSR-EFI-04" duration="00:00:00.0005997" startTime="2023-12-22T09:37:59.4607710+01:00" endTime="2023-12-22T09:37:59.4607710+01:00" testType="13cdc9d9-ddb5-4fa4-a97d-d965ccfc6d4b" outcome="Passed" testListId="8c84fa94-04c1-424b-9868-57a2d4851a1d" relativeResultsDirectory="d8809477-3f54-4acb-b5b6-373530c61d9f" />
    <UnitTestResult executionId="70c5aaae-2b5b-4555-9417-cbbec65c986c" testId="63624589-6e81-4374-c68c-608870ab2423" testName="CreateSearchTemplateAsync_ThrowPathNotFoundMIPException_Success" computerName="DKSR-EFI-04" duration="00:00:00.0024920" startTime="2023-12-22T09:37:33.9137582+01:00" endTime="2023-12-22T09:37:33.9293830+01:00" testType="13cdc9d9-ddb5-4fa4-a97d-d965ccfc6d4b" outcome="Passed" testListId="8c84fa94-04c1-424b-9868-57a2d4851a1d" relativeResultsDirectory="70c5aaae-2b5b-4555-9417-cbbec65c986c" />
    <UnitTestResult executionId="87a05cc5-2701-409d-94b3-c4d2b78cb2c1" testId="78a6f3bc-f69b-adde-fc5c-c831994f27cb" testName="AddToExportDevices_ShouldReturnCorrectResult (5,5,5)" computerName="DKSR-EFI-04" duration="00:00:00.0042687" startTime="2023-12-22T09:38:00.1326502+01:00" endTime="2023-12-22T09:38:00.1482774+01:00" testType="13cdc9d9-ddb5-4fa4-a97d-d965ccfc6d4b" outcome="Passed" testListId="8c84fa94-04c1-424b-9868-57a2d4851a1d" relativeResultsDirectory="87a05cc5-2701-409d-94b3-c4d2b78cb2c1" />
    <UnitTestResult executionId="98da7ec9-6d64-4aad-9a66-43751708e2b9" testId="6bd74aa1-066e-7f55-8ec9-3c760d2fdfa7" testName="GetSnapshots_NoWritePermissionOnDirectory_Failure" computerName="DKSR-EFI-04" duration="00:00:00.0046761" startTime="2023-12-22T09:37:33.5075073+01:00" endTime="2023-12-22T09:37:33.5075073+01:00" testType="13cdc9d9-ddb5-4fa4-a97d-d965ccfc6d4b" outcome="Passed" testListId="8c84fa94-04c1-424b-9868-57a2d4851a1d" relativeResultsDirectory="98da7ec9-6d64-4aad-9a66-43751708e2b9" />
    <UnitTestResult executionId="2bd0f7b1-b453-4f6e-8ed4-deeae13437af" testId="61320e3d-b3bf-23f6-1c7c-0aea9f2fda01" testName="SearchAction_BrowseMode_30MinutesInTheFuture" computerName="DKSR-EFI-04" duration="00:00:00.0076783" startTime="2023-12-22T09:38:04.2889181+01:00" endTime="2023-12-22T09:38:04.3045463+01:00" testType="13cdc9d9-ddb5-4fa4-a97d-d965ccfc6d4b" outcome="Passed" testListId="8c84fa94-04c1-424b-9868-57a2d4851a1d" relativeResultsDirectory="2bd0f7b1-b453-4f6e-8ed4-deeae13437af" />
    <UnitTestResult executionId="d24008c1-d3b1-427d-b222-14feb7fbe066" testId="63ba4f35-3e85-1d5a-7e8f-eadf238adc6d" testName="BookmarkSearchTime_WithSearchStringInDifferentCases_ReturnCorrectBookmarkWithSearchStringInDescription (SeArChStRiNg,True,True,False,False,,,1)" computerName="DKSR-EFI-04" duration="00:00:00.0050832" startTime="2023-12-22T09:38:01.3357802+01:00" endTime="2023-12-22T09:38:01.3514138+01:00" testType="13cdc9d9-ddb5-4fa4-a97d-d965ccfc6d4b" outcome="Passed" testListId="8c84fa94-04c1-424b-9868-57a2d4851a1d" relativeResultsDirectory="d24008c1-d3b1-427d-b222-14feb7fbe066" />
    <UnitTestResult executionId="53cd8f6d-8981-4402-ab70-4638acd8bb21" testId="343a30d3-1c98-4af1-2d1b-916bd3f172bd" testName="AddSelectedWindowsToExport_ShouldShowCorrectToastMessages (1,0,0)" computerName="DKSR-EFI-04" duration="00:00:00.0025612" startTime="2023-12-22T09:38:00.1639078+01:00" endTime="2023-12-22T09:38:00.1795239+01:00" testType="13cdc9d9-ddb5-4fa4-a97d-d965ccfc6d4b" outcome="Passed" testListId="8c84fa94-04c1-424b-9868-57a2d4851a1d" relativeResultsDirectory="53cd8f6d-8981-4402-ab70-4638acd8bb21" />
    <UnitTestResult executionId="1b3a4b0d-b35d-4205-920d-2c583e8a7bd6" testId="de275d14-569b-3727-dc66-e87b528f415d" testName="RightButtonDown_DoubleClick_ZoomsOut" computerName="DKSR-EFI-04" duration="00:00:00.0085162" startTime="2023-12-22T09:36:16.4133380+01:00" endTime="2023-12-22T09:36:16.4289627+01:00" testType="13cdc9d9-ddb5-4fa4-a97d-d965ccfc6d4b" outcome="Passed" testListId="8c84fa94-04c1-424b-9868-57a2d4851a1d" relativeResultsDirectory="1b3a4b0d-b35d-4205-920d-2c583e8a7bd6" />
    <UnitTestResult executionId="eb2eddb9-bd6b-491f-ab89-1f7962f3bc88" testId="a2a3a958-6508-e929-6708-500cc4e3cc3a" testName="PatrollingProfileViewModelTest_IsInEditMode_IsNotInEditMode_Unset" computerName="DKSR-EFI-04" duration="00:00:00.0019898" startTime="2023-12-22T09:37:57.9920130+01:00" endTime="2023-12-22T09:37:57.9920130+01:00" testType="13cdc9d9-ddb5-4fa4-a97d-d965ccfc6d4b" outcome="Passed" testListId="8c84fa94-04c1-424b-9868-57a2d4851a1d" relativeResultsDirectory="eb2eddb9-bd6b-491f-ab89-1f7962f3bc88" />
    <UnitTestResult executionId="72121d27-5c3c-475f-a1f3-a355e532674a" testId="aa1fb81d-7b98-7b44-90a1-fd0ecea840da" testName="IsProcessing_ClearWhileUnprocessedItems_Success" computerName="DKSR-EFI-04" duration="00:00:00.0018848" startTime="2023-12-22T09:37:35.0856379+01:00" endTime="2023-12-22T09:37:35.0856379+01:00" testType="13cdc9d9-ddb5-4fa4-a97d-d965ccfc6d4b" outcome="Passed" testListId="8c84fa94-04c1-424b-9868-57a2d4851a1d" relativeResultsDirectory="72121d27-5c3c-475f-a1f3-a355e532674a" />
    <UnitTestResult executionId="02a67831-072c-423d-9e9a-6cdc1350dee3" testId="b89a6798-9691-5fa5-5f0c-53d6c5a0e9aa" testName="CompareMilestonePinkTest" computerName="DKSR-EFI-04" duration="00:00:00.0242243" startTime="2023-12-22T09:38:05.8201843+01:00" endTime="2023-12-22T09:38:05.8514323+01:00" testType="13cdc9d9-ddb5-4fa4-a97d-d965ccfc6d4b" outcome="Passed" testListId="8c84fa94-04c1-424b-9868-57a2d4851a1d" relativeResultsDirectory="02a67831-072c-423d-9e9a-6cdc1350dee3" />
    <UnitTestResult executionId="9e36b05d-01b5-4712-90a8-8b508e571871" testId="c0a6798f-9e7a-77b0-28d7-c43040f073db" testName="ShowPermissionDeniedToasts_ShouldShowCorrectNumberOfToasts (0,0)" computerName="DKSR-EFI-04" duration="00:00:00.0015105" startTime="2023-12-22T09:38:00.3045271+01:00" endTime="2023-12-22T09:38:00.3201583+01:00" testType="13cdc9d9-ddb5-4fa4-a97d-d965ccfc6d4b" outcome="Passed" testListId="8c84fa94-04c1-424b-9868-57a2d4851a1d" relativeResultsDirectory="9e36b05d-01b5-4712-90a8-8b508e571871" />
    <UnitTestResult executionId="bb84fa55-ff85-4bb9-914f-661a03b6d1f3" testId="eeeef62f-490f-22e7-a2d2-ec5886a54dce" testName="GetResultGroups_ShouldReturnGroupsMatchingSearchAgentIds_WhenResultsAreNotCombined" computerName="DKSR-EFI-04" duration="00:00:00.0046324" startTime="2023-12-22T09:37:25.9605897+01:00" endTime="2023-12-22T09:37:25.9605897+01:00" testType="13cdc9d9-ddb5-4fa4-a97d-d965ccfc6d4b" outcome="Passed" testListId="8c84fa94-04c1-424b-9868-57a2d4851a1d" relativeResultsDirectory="bb84fa55-ff85-4bb9-914f-661a03b6d1f3" />
    <UnitTestResult executionId="8ae06a25-7311-4024-b3d0-6de8fe692ce8" testId="3bd81b95-7261-7440-6f9b-0a040682a0f4" testName="Passwords are not the same, same length" computerName="DKSR-EFI-04" duration="00:00:00.0002614" startTime="2023-12-22T09:36:30.1946614+01:00" endTime="2023-12-22T09:36:30.1946614+01:00" testType="13cdc9d9-ddb5-4fa4-a97d-d965ccfc6d4b" outcome="Passed" testListId="8c84fa94-04c1-424b-9868-57a2d4851a1d" relativeResultsDirectory="8ae06a25-7311-4024-b3d0-6de8fe692ce8" />
    <UnitTestResult executionId="fce2867e-2d89-4fcd-87a3-56a832f67c08" testId="91c02083-3eab-8cf1-1555-f235b60671d1" testName="Decorate_ShouldRaiseArgumentNullException_WhenWindowIsNull" computerName="DKSR-EFI-04" duration="00:00:00.0016812" startTime="2023-12-22T09:36:11.5851876+01:00" endTime="2023-12-22T09:36:11.5851876+01:00" testType="13cdc9d9-ddb5-4fa4-a97d-d965ccfc6d4b" outcome="Passed" testListId="8c84fa94-04c1-424b-9868-57a2d4851a1d" relativeResultsDirectory="fce2867e-2d89-4fcd-87a3-56a832f67c08" />
    <UnitTestResult executionId="8a480e24-0f48-4bad-ae8d-6bfc2db46295" testId="772d579c-1f25-0ecf-1421-f86f202fcaa5" testName="TestConstructor_CastToPolygon_Success" computerName="DKSR-EFI-04" duration="00:00:00.0001127" startTime="2023-12-22T09:37:51.5232251+01:00" endTime="2023-12-22T09:37:51.5232251+01:00" testType="13cdc9d9-ddb5-4fa4-a97d-d965ccfc6d4b" outcome="Passed" testListId="8c84fa94-04c1-424b-9868-57a2d4851a1d" relativeResultsDirectory="8a480e24-0f48-4bad-ae8d-6bfc2db46295" />
    <UnitTestResult executionId="d9119fb0-cede-4b0b-8a9b-f10dd6577f55" testId="ff4c1a2e-8962-452c-b4bc-b163c724e109" testName="Map_DeleteLayer_InvalidArg_Failed" computerName="DKSR-EFI-04" duration="00:00:00.0405000" startTime="2023-12-22T09:37:52.5388603+01:00" endTime="2023-12-22T09:37:52.5701067+01:00" testType="13cdc9d9-ddb5-4fa4-a97d-d965ccfc6d4b" outcome="Passed" testListId="8c84fa94-04c1-424b-9868-57a2d4851a1d" relativeResultsDirectory="d9119fb0-cede-4b0b-8a9b-f10dd6577f55" />
    <UnitTestResult executionId="b0a52a12-36ea-4370-9fdf-ffcc73e7d385" testId="9337e38c-4624-4f1b-786d-f8be59a53622" testName="MutedMicrophoneIcons_ShouldReturnIconsInAProperOrder_WhenCalled" computerName="DKSR-EFI-04" duration="00:00:00.0025893" startTime="2023-12-22T09:37:53.0701120+01:00" endTime="2023-12-22T09:37:53.0701120+01:00" testType="13cdc9d9-ddb5-4fa4-a97d-d965ccfc6d4b" outcome="Passed" testListId="8c84fa94-04c1-424b-9868-57a2d4851a1d" relativeResultsDirectory="b0a52a12-36ea-4370-9fdf-ffcc73e7d385" />
    <UnitTestResult executionId="7083c175-8cc2-4ac7-b0bd-e8c79822ff97" testId="361cc772-0d75-885b-698f-f995fb066fc5" testName="ReCreateOverlay_WhereOverlayIsRecreable_OverlayRequestToBeReCreated" computerName="DKSR-EFI-04" duration="00:00:00.1356846" startTime="2023-12-22T09:36:16.6633403+01:00" endTime="2023-12-22T09:36:16.8039620+01:00" testType="13cdc9d9-ddb5-4fa4-a97d-d965ccfc6d4b" outcome="Passed" testListId="8c84fa94-04c1-424b-9868-57a2d4851a1d" relativeResultsDirectory="7083c175-8cc2-4ac7-b0bd-e8c79822ff97" />
    <UnitTestResult executionId="f80f7cd4-bb6b-4d46-819b-16e03da969e1" testId="3127eee9-b24b-38fc-7372-b6a7a8378a18" testName="SearchResultsActionBarActions_CreateEvidenceLock_OptionAvailable_Enabled" computerName="DKSR-EFI-04" duration="00:00:00.0086568" startTime="2023-12-22T09:37:25.6949631+01:00" endTime="2023-12-22T09:37:25.7105910+01:00" testType="13cdc9d9-ddb5-4fa4-a97d-d965ccfc6d4b" outcome="Passed" testListId="8c84fa94-04c1-424b-9868-57a2d4851a1d" relativeResultsDirectory="f80f7cd4-bb6b-4d46-819b-16e03da969e1" />
    <UnitTestResult executionId="89fcb8d7-db32-4791-8ed2-216fbb13c48d" testId="2521704e-7859-65c2-160f-02af43e2aa44" testName="PatrollingProfileListViewModel_SelectedPatrollingProfileViewModel_Selected_PatrollingStep" computerName="DKSR-EFI-04" duration="00:00:00.0084437" startTime="2023-12-22T09:37:57.8826420+01:00" endTime="2023-12-22T09:37:57.8982708+01:00" testType="13cdc9d9-ddb5-4fa4-a97d-d965ccfc6d4b" outcome="Passed" testListId="8c84fa94-04c1-424b-9868-57a2d4851a1d" relativeResultsDirectory="89fcb8d7-db32-4791-8ed2-216fbb13c48d" />
    <UnitTestResult executionId="0097e4e1-8b17-42aa-98d7-2405b49af66a" testId="dfb5cf56-cecf-f905-a0de-98205eae9749" testName="RightButtonUp_ShouldNotChangeActiveInteractionState_WhenInteractionStateIsAddNewDevice" computerName="DKSR-EFI-04" duration="00:00:00.0178747" startTime="2023-12-22T09:36:16.5539654+01:00" endTime="2023-12-22T09:36:16.5852131+01:00" testType="13cdc9d9-ddb5-4fa4-a97d-d965ccfc6d4b" outcome="Passed" testListId="8c84fa94-04c1-424b-9868-57a2d4851a1d" relativeResultsDirectory="0097e4e1-8b17-42aa-98d7-2405b49af66a" />
    <UnitTestResult executionId="8caeea44-c832-48e7-a071-3d935784aad1" testId="f63c2d26-77b7-377e-2b59-219fb8f0f7b9" testName="CameraMapItem_UpdateName_Rejected" computerName="DKSR-EFI-04" duration="00:00:00.0308499" startTime="2023-12-22T09:37:50.9607232+01:00" endTime="2023-12-22T09:37:50.9919726+01:00" testType="13cdc9d9-ddb5-4fa4-a97d-d965ccfc6d4b" outcome="Passed" testListId="8c84fa94-04c1-424b-9868-57a2d4851a1d" relativeResultsDirectory="8caeea44-c832-48e7-a071-3d935784aad1" />
    <UnitTestResult executionId="7eedbe4a-7590-4354-8899-53d074a1ed6b" testId="78c19542-007c-6e74-a71b-b102247d98de" testName="CreateSearchTemplateAsync_StateError_Success" computerName="DKSR-EFI-04" duration="00:00:00.0029860" startTime="2023-12-22T09:37:33.9137582+01:00" endTime="2023-12-22T09:37:33.9137582+01:00" testType="13cdc9d9-ddb5-4fa4-a97d-d965ccfc6d4b" outcome="Passed" testListId="8c84fa94-04c1-424b-9868-57a2d4851a1d" relativeResultsDirectory="7eedbe4a-7590-4354-8899-53d074a1ed6b" />
    <UnitTestResult executionId="a3009b90-ea92-461d-a9e1-3a983019ce80" testId="3ff6b5d8-f141-7a2b-08b3-b0a5923ed411" testName="ActiveInteractionStateBinding_ShouldOnlyContainNormalAndNewDevice_WhenCtorIsCalled" computerName="DKSR-EFI-04" duration="00:00:00.0390983" startTime="2023-12-22T09:36:22.1008676+01:00" endTime="2023-12-22T09:36:22.1321175+01:00" testType="13cdc9d9-ddb5-4fa4-a97d-d965ccfc6d4b" outcome="Passed" testListId="8c84fa94-04c1-424b-9868-57a2d4851a1d" relativeResultsDirectory="a3009b90-ea92-461d-a9e1-3a983019ce80" />
    <UnitTestResult executionId="cb3c7daa-4fdd-4f97-bfee-2e0986712e8b" testId="affa63ad-42e7-9452-c5a5-b0d4d8cb39a1" testName="Compare_Ascending_Success" computerName="DKSR-EFI-04" duration="00:00:00.0016212" startTime="2023-12-22T09:37:35.3512604+01:00" endTime="2023-12-22T09:37:35.3512604+01:00" testType="13cdc9d9-ddb5-4fa4-a97d-d965ccfc6d4b" outcome="Passed" testListId="8c84fa94-04c1-424b-9868-57a2d4851a1d" relativeResultsDirectory="cb3c7daa-4fdd-4f97-bfee-2e0986712e8b" />
    <UnitTestResult executionId="35270570-2a49-40d6-9146-47ba5d0fe178" testId="504360c9-285d-3030-32b3-a9a95cfffe51" testName="LeftButtonDown_DoubleClick_ZoomsIn" computerName="DKSR-EFI-04" duration="00:00:00.0121063" startTime="2023-12-22T09:36:16.3664617+01:00" endTime="2023-12-22T09:36:16.3820879+01:00" testType="13cdc9d9-ddb5-4fa4-a97d-d965ccfc6d4b" outcome="Passed" testListId="8c84fa94-04c1-424b-9868-57a2d4851a1d" relativeResultsDirectory="35270570-2a49-40d6-9146-47ba5d0fe178" />
    <UnitTestResult executionId="01ea2fbd-c383-444e-a963-9c1b52e32166" testId="a00003bd-aa50-3927-aba0-52fe02475d39" testName="Convert_ShouldRaiseInvalidCastException_WhenParameterIsAnInteractionState" computerName="DKSR-EFI-04" duration="00:00:00.0007136" startTime="2023-12-22T09:36:11.6789379+01:00" endTime="2023-12-22T09:36:11.6789379+01:00" testType="13cdc9d9-ddb5-4fa4-a97d-d965ccfc6d4b" outcome="Passed" testListId="8c84fa94-04c1-424b-9868-57a2d4851a1d" relativeResultsDirectory="01ea2fbd-c383-444e-a963-9c1b52e32166" />
    <UnitTestResult executionId="de77f4cd-30d3-47be-be6d-e0aac598b2f6" testId="6e9ddeeb-8237-28ab-191f-f32e87858c27" testName="LoadSearchTemplate_NoActiveToNoActive_NoUpdateAndEvent" computerName="DKSR-EFI-04" duration="00:00:00.0107279" startTime="2023-12-22T09:37:33.7731344+01:00" endTime="2023-12-22T09:37:33.7731344+01:00" testType="13cdc9d9-ddb5-4fa4-a97d-d965ccfc6d4b" outcome="Passed" testListId="8c84fa94-04c1-424b-9868-57a2d4851a1d" relativeResultsDirectory="de77f4cd-30d3-47be-be6d-e0aac598b2f6" />
    <UnitTestResult executionId="366d0d61-2e6c-4d62-9d9a-19459588f9e7" testId="87d4d6f3-e417-2505-d5bd-2afd34871ea6" testName="TryGetOsmServerTileAddress_ShouldSetEmptyAddress_WhenOsmServerAddressIsInvalid" computerName="DKSR-EFI-04" duration="00:00:00.0001809" startTime="2023-12-22T09:37:55.8982514+01:00" endTime="2023-12-22T09:37:55.8982514+01:00" testType="13cdc9d9-ddb5-4fa4-a97d-d965ccfc6d4b" outcome="Passed" testListId="8c84fa94-04c1-424b-9868-57a2d4851a1d" relativeResultsDirectory="366d0d61-2e6c-4d62-9d9a-19459588f9e7" />
    <UnitTestResult executionId="138bbb76-34ad-45e4-a911-84538a1feacc" testId="aad7f35a-646d-e848-06d9-3817cba16168" testName="PopulateTooltip_FewResultsFromManyCameras12Hours_ValidText" computerName="DKSR-EFI-04" duration="00:00:00.1414862" startTime="2023-12-22T09:37:17.5386659+01:00" endTime="2023-12-22T09:37:17.6792948+01:00" testType="13cdc9d9-ddb5-4fa4-a97d-d965ccfc6d4b" outcome="Passed" testListId="8c84fa94-04c1-424b-9868-57a2d4851a1d" relativeResultsDirectory="138bbb76-34ad-45e4-a911-84538a1feacc" />
    <UnitTestResult executionId="9db25fe5-bdf3-454d-be87-665e637d1149" testId="05f48571-d878-d35c-a36e-2898473abdf2" testName="TestAttachedView_WithNull_Success" computerName="DKSR-EFI-04" duration="00:00:00.0001436" startTime="2023-12-22T09:38:05.8826847+01:00" endTime="2023-12-22T09:38:05.8826847+01:00" testType="13cdc9d9-ddb5-4fa4-a97d-d965ccfc6d4b" outcome="Passed" testListId="8c84fa94-04c1-424b-9868-57a2d4851a1d" relativeResultsDirectory="9db25fe5-bdf3-454d-be87-665e637d1149" />
    <UnitTestResult executionId="4e82345d-f71b-4d7b-acb6-ee49bb167300" testId="d7e4860d-7071-2952-a78b-70bcfc57bf72" testName="BookmarkSearchTime_WithSearchStringInDifferentCases_ReturnCorrectBookmarkWithSearchStringInDescription (SeArChStRiNg,False,False,True,False,,,0)" computerName="DKSR-EFI-04" duration="00:00:00.0031345" startTime="2023-12-22T09:38:01.3982843+01:00" endTime="2023-12-22T09:38:01.3982843+01:00" testType="13cdc9d9-ddb5-4fa4-a97d-d965ccfc6d4b" outcome="Passed" testListId="8c84fa94-04c1-424b-9868-57a2d4851a1d" relativeResultsDirectory="4e82345d-f71b-4d7b-acb6-ee49bb167300" />
    <UnitTestResult executionId="d97beeb2-e904-42b7-b91d-29fcc85cac42" testId="4c20bf32-144e-f991-5a67-7f381a38b0ef" testName="Search_SingleCategory_FiltersUpdatedInSubDefinition" computerName="DKSR-EFI-04" duration="00:00:00.0064459" startTime="2023-12-22T09:37:48.2263357+01:00" endTime="2023-12-22T09:37:48.2419595+01:00" testType="13cdc9d9-ddb5-4fa4-a97d-d965ccfc6d4b" outcome="Passed" testListId="8c84fa94-04c1-424b-9868-57a2d4851a1d" relativeResultsDirectory="d97beeb2-e904-42b7-b91d-29fcc85cac42" />
    <UnitTestResult executionId="afe81937-2c76-415d-b7f0-d88ea178ab9b" testId="7c80c5ff-8206-70cb-2a46-eb970cd4a208" testName="GetUtcToday_DifferentTimeZoneDst_Success" computerName="DKSR-EFI-04" duration="00:00:00.0005718" startTime="2023-12-22T09:37:33.5700013+01:00" endTime="2023-12-22T09:37:33.5700013+01:00" testType="13cdc9d9-ddb5-4fa4-a97d-d965ccfc6d4b" outcome="Passed" testListId="8c84fa94-04c1-424b-9868-57a2d4851a1d" relativeResultsDirectory="afe81937-2c76-415d-b7f0-d88ea178ab9b" />
    <UnitTestResult executionId="0039f2a3-8a3e-4061-bd3c-a9950b9f1cd8" testId="454652c1-c285-915f-adae-d89d6726087e" testName="SmartSearchStatusType_ShouldYieldSameValuesForAllEnumValues_WhenRoundTripConverted (SearchEndTimeReached,SearchEndTimeReached)" computerName="DKSR-EFI-04" duration="00:00:00.0000428" startTime="2023-12-22T09:36:00.5695032+01:00" endTime="2023-12-22T09:36:00.5695032+01:00" testType="13cdc9d9-ddb5-4fa4-a97d-d965ccfc6d4b" outcome="Passed" testListId="8c84fa94-04c1-424b-9868-57a2d4851a1d" relativeResultsDirectory="0039f2a3-8a3e-4061-bd3c-a9950b9f1cd8" />
    <UnitTestResult executionId="7031e6a1-92e7-428c-b98a-962b6540b647" testId="3d5c9967-0460-2f6a-3450-76146b434884" testName="LoadBoundingShapes_Cancelled_NoBoundingShapesAddedToUI" computerName="DKSR-EFI-04" duration="00:00:00.0155984" startTime="2023-12-22T09:37:48.8357097+01:00" endTime="2023-12-22T09:37:48.8513419+01:00" testType="13cdc9d9-ddb5-4fa4-a97d-d965ccfc6d4b" outcome="Passed" testListId="8c84fa94-04c1-424b-9868-57a2d4851a1d" relativeResultsDirectory="7031e6a1-92e7-428c-b98a-962b6540b647" />
    <UnitTestResult executionId="acd0c8c1-85ed-4472-8822-f77f59de81ca" testId="d87bb820-5df8-b7cb-0dc2-a51e231db935" testName="AndOrSearchDefinitionToCornerRadiusMultiConverter_CallConvert_LastAnd" computerName="DKSR-EFI-04" duration="00:00:00.0010663" startTime="2023-12-22T09:37:04.0385935+01:00" endTime="2023-12-22T09:37:04.0385935+01:00" testType="13cdc9d9-ddb5-4fa4-a97d-d965ccfc6d4b" outcome="Passed" testListId="8c84fa94-04c1-424b-9868-57a2d4851a1d" relativeResultsDirectory="acd0c8c1-85ed-4472-8822-f77f59de81ca" />
    <UnitTestResult executionId="5dccc30f-c5cf-4aaf-b9b2-ac1a73a6c2ff" testId="a1160efa-2835-5d9d-5525-8de08fe1c5f9" testName="Ctor_DefaultFalseWithAppConfigOverride_AddScriptSetToTrue" computerName="DKSR-EFI-04" duration="00:00:00.0076879" startTime="2023-12-22T09:36:08.5226699+01:00" endTime="2023-12-22T09:36:08.5382950+01:00" testType="13cdc9d9-ddb5-4fa4-a97d-d965ccfc6d4b" outcome="Passed" testListId="8c84fa94-04c1-424b-9868-57a2d4851a1d" relativeResultsDirectory="5dccc30f-c5cf-4aaf-b9b2-ac1a73a6c2ff" />
    <UnitTestResult executionId="b625b67f-6ed3-418d-a920-c3afadc1c0b7" testId="dc2a73b2-537f-23c2-17dd-b62bfff2142a" testName="RemoveDefinition_NullDefinition_Throws" computerName="DKSR-EFI-04" duration="00:00:00.0303015" startTime="2023-12-22T09:37:34.7262610+01:00" endTime="2023-12-22T09:37:34.7575133+01:00" testType="13cdc9d9-ddb5-4fa4-a97d-d965ccfc6d4b" outcome="Passed" testListId="8c84fa94-04c1-424b-9868-57a2d4851a1d" relativeResultsDirectory="b625b67f-6ed3-418d-a920-c3afadc1c0b7" />
    <UnitTestResult executionId="c6c5563b-d21f-45b4-9eb0-5b28108631d3" testId="3204b6d4-271a-3c48-7f1c-1d8f9fa8fb2f" testName="PtzSessionControllerInfo_UserChangedTest_Argument_Null_1" computerName="DKSR-EFI-04" duration="00:00:00.0012413" startTime="2023-12-22T09:36:07.2257900+01:00" endTime="2023-12-22T09:36:07.2257900+01:00" testType="13cdc9d9-ddb5-4fa4-a97d-d965ccfc6d4b" outcome="Passed" testListId="8c84fa94-04c1-424b-9868-57a2d4851a1d" relativeResultsDirectory="c6c5563b-d21f-45b4-9eb0-5b28108631d3" />
    <UnitTestResult executionId="aa4fd273-560b-48bb-988b-c30791a4e2a1" testId="491df381-b5ce-67d7-d550-c29421a6f155" testName="GetOsmServerAddress_ShouldReturnGeographicLayerValue_WhenGeographicLayerIsAvailableAndAlternativeServerIsEmpty" computerName="DKSR-EFI-04" duration="00:00:00.0009645" startTime="2023-12-22T09:37:55.8826248+01:00" endTime="2023-12-22T09:37:55.8826248+01:00" testType="13cdc9d9-ddb5-4fa4-a97d-d965ccfc6d4b" outcome="Passed" testListId="8c84fa94-04c1-424b-9868-57a2d4851a1d" relativeResultsDirectory="aa4fd273-560b-48bb-988b-c30791a4e2a1" />
    <UnitTestResult executionId="e3243dad-9f60-4397-85f1-04e9440df77e" testId="ba590efe-de31-f5db-8328-f1cc3382ad35" testName="NavigateAndSelectAsync_ZoomIn_ReCenterCommandEnabled" computerName="DKSR-EFI-04" duration="00:00:00.0481758" startTime="2023-12-22T09:36:14.0852003+01:00" endTime="2023-12-22T09:36:14.1320746+01:00" testType="13cdc9d9-ddb5-4fa4-a97d-d965ccfc6d4b" outcome="Passed" testListId="8c84fa94-04c1-424b-9868-57a2d4851a1d" relativeResultsDirectory="e3243dad-9f60-4397-85f1-04e9440df77e" />
    <UnitTestResult executionId="8665d34e-c602-4b64-992d-aec14a0551e8" testId="37275f45-b603-68a0-1bd8-9697e06c83fc" testName="Domain_ShouldThrow_InvalidOperationException_WhenConstructedUsingExternal" computerName="DKSR-EFI-04" duration="00:00:00.0004964" startTime="2023-12-22T09:36:07.7101678+01:00" endTime="2023-12-22T09:36:07.7101678+01:00" testType="13cdc9d9-ddb5-4fa4-a97d-d965ccfc6d4b" outcome="Passed" testListId="8c84fa94-04c1-424b-9868-57a2d4851a1d" relativeResultsDirectory="8665d34e-c602-4b64-992d-aec14a0551e8" />
    <UnitTestResult executionId="8e78143f-89d5-4235-8d00-54697df7637b" testId="6bf98392-1073-05ae-8e9e-5a0aa6674b1b" testName="ToUnsafeName_SingleNonKeywordName_Success" computerName="DKSR-EFI-04" duration="00:00:00.0001251" startTime="2023-12-22T09:38:06.2889374+01:00" endTime="2023-12-22T09:38:06.2889374+01:00" testType="13cdc9d9-ddb5-4fa4-a97d-d965ccfc6d4b" outcome="Passed" testListId="8c84fa94-04c1-424b-9868-57a2d4851a1d" relativeResultsDirectory="8e78143f-89d5-4235-8d00-54697df7637b" />
    <UnitTestResult executionId="66e4be2d-1bbe-4f6c-9bd3-77d88d45c0a2" testId="8901884e-5a64-e2c2-ebd4-9f1033556330" testName="BuildContentOptions_ShouldReturnInternalTab (73576FEA-BD0E-43C4-AD9D-589FBE4DC29B,True)" computerName="DKSR-EFI-04" duration="00:00:00.0014217" startTime="2023-12-22T09:38:06.1014348+01:00" endTime="2023-12-22T09:38:06.1014348+01:00" testType="13cdc9d9-ddb5-4fa4-a97d-d965ccfc6d4b" outcome="Passed" testListId="8c84fa94-04c1-424b-9868-57a2d4851a1d" relativeResultsDirectory="66e4be2d-1bbe-4f6c-9bd3-77d88d45c0a2" />
    <UnitTestResult executionId="150a54e9-3f3f-4071-8d3b-100ccbe4c915" testId="c92b65c5-6961-9b98-a1f9-2c2587ff0054" testName="SearchResultsActionBarActions_CreateSnapshot_InvokeCommand_SingleSnapshotSucceeded_CorrectStatusTextShown" computerName="DKSR-EFI-04" duration="00:00:00.0104205" startTime="2023-12-22T09:37:25.8043399+01:00" endTime="2023-12-22T09:37:25.8199619+01:00" testType="13cdc9d9-ddb5-4fa4-a97d-d965ccfc6d4b" outcome="Passed" testListId="8c84fa94-04c1-424b-9868-57a2d4851a1d" relativeResultsDirectory="150a54e9-3f3f-4071-8d3b-100ccbe4c915" />
    <UnitTestResult executionId="41f51adf-5945-4921-9874-a9cc88106874" testId="d4e99847-3efa-a01b-10b2-9229e2250900" testName="Not forced" computerName="DKSR-EFI-04" duration="00:00:00.0076807" startTime="2023-12-22T09:36:28.6634037+01:00" endTime="2023-12-22T09:36:28.6790308+01:00" testType="13cdc9d9-ddb5-4fa4-a97d-d965ccfc6d4b" outcome="Passed" testListId="8c84fa94-04c1-424b-9868-57a2d4851a1d" relativeResultsDirectory="41f51adf-5945-4921-9874-a9cc88106874" />
    <UnitTestResult executionId="1c5263b0-9e06-4c03-a68a-a58d9046fe48" testId="ecb78db4-fbd8-8b6b-a357-e550309c3c9c" testName="SearchEventsAsync_ShouldReturnNull_WhenAccessControlLoginInfoIsNull" computerName="DKSR-EFI-04" duration="00:00:00.0050843" startTime="2023-12-22T09:38:07.7733185+01:00" endTime="2023-12-22T09:38:07.7733185+01:00" testType="13cdc9d9-ddb5-4fa4-a97d-d965ccfc6d4b" outcome="Passed" testListId="8c84fa94-04c1-424b-9868-57a2d4851a1d" relativeResultsDirectory="1c5263b0-9e06-4c03-a68a-a58d9046fe48" />
    <UnitTestResult executionId="2718f352-1d0a-4488-ac2a-6d03b6f672d8" testId="f386bd71-4890-9925-d3d2-7dcbf0b9febe" testName="AndOrSearchDefinitionToVisibilityMultiConverter_CallConvert_NotFirstInListOr" computerName="DKSR-EFI-04" duration="00:00:00.0006878" startTime="2023-12-22T09:37:04.0073434+01:00" endTime="2023-12-22T09:37:04.0073434+01:00" testType="13cdc9d9-ddb5-4fa4-a97d-d965ccfc6d4b" outcome="Passed" testListId="8c84fa94-04c1-424b-9868-57a2d4851a1d" relativeResultsDirectory="2718f352-1d0a-4488-ac2a-6d03b6f672d8" />
    <UnitTestResult executionId="d465798f-e18e-4da5-90ad-fee5d6cfa8f6" testId="6dc834ce-7990-c21f-5442-e578c180d56f" testName="AutomationId_ShouldBeValid_WhenInteractionStateIsOutput" computerName="DKSR-EFI-04" duration="00:00:00.0002856" startTime="2023-12-22T09:36:14.9289540+01:00" endTime="2023-12-22T09:36:14.9289540+01:00" testType="13cdc9d9-ddb5-4fa4-a97d-d965ccfc6d4b" outcome="Passed" testListId="8c84fa94-04c1-424b-9868-57a2d4851a1d" relativeResultsDirectory="d465798f-e18e-4da5-90ad-fee5d6cfa8f6" />
    <UnitTestResult executionId="05f5d11c-8a4d-4d3b-8083-096a7c0778e3" testId="782e99d7-36f7-67c7-e68d-cb6d91a4a048" testName="Convert_ShouldReturnTextBlock_WhenValueIsString" computerName="DKSR-EFI-04" duration="00:00:00.0032080" startTime="2023-12-22T09:36:07.8507928+01:00" endTime="2023-12-22T09:36:07.8664202+01:00" testType="13cdc9d9-ddb5-4fa4-a97d-d965ccfc6d4b" outcome="Passed" testListId="8c84fa94-04c1-424b-9868-57a2d4851a1d" relativeResultsDirectory="05f5d11c-8a4d-4d3b-8083-096a7c0778e3" />
    <UnitTestResult executionId="83101674-423e-4e73-b01f-948e9f35ae88" testId="a5677ca9-068f-1409-b05b-617b1124d3e3" testName="GetBoundingShapesForMetadataObjectsAsync_ShouldIncludeNonFirstMetadataObject_WhenRequestedTimeIsWithinMetadataTimespan" computerName="DKSR-EFI-04" duration="00:00:00.0022563" startTime="2023-12-22T09:37:33.6481284+01:00" endTime="2023-12-22T09:37:33.6481284+01:00" testType="13cdc9d9-ddb5-4fa4-a97d-d965ccfc6d4b" outcome="Passed" testListId="8c84fa94-04c1-424b-9868-57a2d4851a1d" relativeResultsDirectory="83101674-423e-4e73-b01f-948e9f35ae88" />
    <UnitTestResult executionId="318b7135-ea45-4190-a756-25461b66384e" testId="52ea9bfe-1874-02a6-4b0f-ab5154a2f6b0" testName="BookmarkSearchTime_WithSearchStringInDifferentCases_ReturnCorrectBookmarkWithSearchStringInDescription (SeArChStRiNg,False,True,False,False,,SeArChStRiNg,1)" computerName="DKSR-EFI-04" duration="00:00:00.0046672" startTime="2023-12-22T09:38:01.4139091+01:00" endTime="2023-12-22T09:38:01.4139091+01:00" testType="13cdc9d9-ddb5-4fa4-a97d-d965ccfc6d4b" outcome="Passed" testListId="8c84fa94-04c1-424b-9868-57a2d4851a1d" relativeResultsDirectory="318b7135-ea45-4190-a756-25461b66384e" />
    <UnitTestResult executionId="7d6c053c-b78d-49a4-9f83-8f9fb9a8f4ea" testId="aad983c5-8e27-f320-9ef1-f25fd06b1fff" testName="LoadStateFrom_OrderResultsBy_RelevanceNotAllowed_ShouldChangeToNewestTriggerTime" computerName="DKSR-EFI-04" duration="00:00:00.0055249" startTime="2023-12-22T09:37:26.2574659+01:00" endTime="2023-12-22T09:37:26.2574659+01:00" testType="13cdc9d9-ddb5-4fa4-a97d-d965ccfc6d4b" outcome="Passed" testListId="8c84fa94-04c1-424b-9868-57a2d4851a1d" relativeResultsDirectory="7d6c053c-b78d-49a4-9f83-8f9fb9a8f4ea" />
    <UnitTestResult executionId="deca11cf-0f93-4732-a5ca-42b1aae0fa63" testId="59d09cb9-f05a-ad0a-27b2-ae8fd67c3518" testName="Included_ShouldRemoveViewItemFromIncludedViewItems_WhenSetToFalse" computerName="DKSR-EFI-04" duration="00:00:00.0088059" startTime="2023-12-22T09:38:04.0701721+01:00" endTime="2023-12-22T09:38:04.0701721+01:00" testType="13cdc9d9-ddb5-4fa4-a97d-d965ccfc6d4b" outcome="Passed" testListId="8c84fa94-04c1-424b-9868-57a2d4851a1d" relativeResultsDirectory="deca11cf-0f93-4732-a5ca-42b1aae0fa63" />
    <UnitTestResult executionId="a24b5286-1980-40d5-908f-cb53fec62ad2" testId="0a4e5b36-6578-df3d-cfd2-3d6ee660820a" testName="GetClusters_ExcludeFromClustering_OnlyClustersForExcludedItems (Data Row 0)" computerName="DKSR-EFI-04" duration="00:00:00.0339536" startTime="2023-12-22T09:37:56.0857518+01:00" endTime="2023-12-22T09:37:56.4451365+01:00" testType="13cdc9d9-ddb5-4fa4-a97d-d965ccfc6d4b" outcome="Passed" testListId="8c84fa94-04c1-424b-9868-57a2d4851a1d" relativeResultsDirectory="a24b5286-1980-40d5-908f-cb53fec62ad2" />
    <UnitTestResult executionId="5f436d50-226b-4f47-956b-6ed7ed7a72ce" testId="97763cfc-7d38-77f7-1969-32e195ae413f" testName="Cameras_where_the_user_has_RetentionUpdate_rights_can_be_removed_from_the_evidence_lock" computerName="DKSR-EFI-04" duration="00:00:00.0033427" startTime="2023-12-22T09:38:07.1951870+01:00" endTime="2023-12-22T09:38:07.2108110+01:00" testType="13cdc9d9-ddb5-4fa4-a97d-d965ccfc6d4b" outcome="Passed" testListId="8c84fa94-04c1-424b-9868-57a2d4851a1d" relativeResultsDirectory="5f436d50-226b-4f47-956b-6ed7ed7a72ce" />
    <UnitTestResult executionId="29fd8443-a2b5-4eed-aaed-ec6148937495" testId="0a4e5b36-6578-df3d-cfd2-3d6ee660820a" testName="GetClusters_ExcludeFromClustering_OnlyClustersForExcludedItems (Data Row 7)" computerName="DKSR-EFI-04" duration="00:00:00.0081940" startTime="2023-12-22T09:37:56.0857518+01:00" endTime="2023-12-22T09:37:56.4451365+01:00" testType="13cdc9d9-ddb5-4fa4-a97d-d965ccfc6d4b" outcome="Passed" testListId="8c84fa94-04c1-424b-9868-57a2d4851a1d" relativeResultsDirectory="29fd8443-a2b5-4eed-aaed-ec6148937495" />
    <UnitTestResult executionId="03919223-02e9-4e96-bad8-f754b0131558" testId="0a4e5b36-6578-df3d-cfd2-3d6ee660820a" testName="GetClusters_ExcludeFromClustering_OnlyClustersForExcludedItems (Data Row 2)" computerName="DKSR-EFI-04" duration="00:00:00.0087127" startTime="2023-12-22T09:37:56.0857518+01:00" endTime="2023-12-22T09:37:56.4451365+01:00" testType="13cdc9d9-ddb5-4fa4-a97d-d965ccfc6d4b" outcome="Passed" testListId="8c84fa94-04c1-424b-9868-57a2d4851a1d" relativeResultsDirectory="03919223-02e9-4e96-bad8-f754b0131558" />
    <UnitTestResult executionId="79ad972f-a82f-42d5-8d11-026d2ed2e6a3" testId="ee49bb23-cebf-abdf-0b3d-a9f5e1a1dc4f" testName="SearchResultsActionBarActions_AddBookmark_BookmarkAgentAdded_SingleResult_CreateBookmarkInvoked" computerName="DKSR-EFI-04" duration="00:00:00.0151903" startTime="2023-12-22T09:37:25.5543361+01:00" endTime="2023-12-22T09:37:25.5702391+01:00" testType="13cdc9d9-ddb5-4fa4-a97d-d965ccfc6d4b" outcome="Passed" testListId="8c84fa94-04c1-424b-9868-57a2d4851a1d" relativeResultsDirectory="79ad972f-a82f-42d5-8d11-026d2ed2e6a3" />
    <UnitTestResult executionId="a5b4d2e1-faab-43b0-9f8c-6c9b972ffb17" testId="eca2f5e0-8a90-6eb5-1db4-f1eb3f5fb4f4" testName="ActiveInteractionStateBinding_ShouldNotBeNull_WhenCtorIsCalled" computerName="DKSR-EFI-04" duration="00:00:00.0933001" startTime="2023-12-22T09:36:22.5852435+01:00" endTime="2023-12-22T09:36:22.6789948+01:00" testType="13cdc9d9-ddb5-4fa4-a97d-d965ccfc6d4b" outcome="Passed" testListId="8c84fa94-04c1-424b-9868-57a2d4851a1d" relativeResultsDirectory="a5b4d2e1-faab-43b0-9f8c-6c9b972ffb17" />
    <UnitTestResult executionId="11e2e337-466c-44d0-8eda-32ad153dd2a3" testId="3166ce8a-6864-b5e2-c1c8-2bea9adde082" testName="MonitorPlaybackState_Deserialize_Success" computerName="DKSR-EFI-04" duration="00:00:00.0060931" startTime="2023-12-22T09:38:08.0076949+01:00" endTime="2023-12-22T09:38:08.0076949+01:00" testType="13cdc9d9-ddb5-4fa4-a97d-d965ccfc6d4b" outcome="Passed" testListId="8c84fa94-04c1-424b-9868-57a2d4851a1d" relativeResultsDirectory="11e2e337-466c-44d0-8eda-32ad153dd2a3" />
    <UnitTestResult executionId="9b0e6c93-a895-4277-8f4a-b92d565f8c55" testId="6e48d542-e9b0-81b3-6d86-e61f8dff61ca" testName="FetchDeviceConfiguration_ShouldLoadCache_WhenCacheFileIsPresent" computerName="DKSR-EFI-04" duration="00:00:00.0069879" startTime="2023-12-22T09:38:06.0076858+01:00" endTime="2023-12-22T09:38:06.0076858+01:00" testType="13cdc9d9-ddb5-4fa4-a97d-d965ccfc6d4b" outcome="Passed" testListId="8c84fa94-04c1-424b-9868-57a2d4851a1d" relativeResultsDirectory="9b0e6c93-a895-4277-8f4a-b92d565f8c55" />
    <UnitTestResult executionId="0ebf2d55-a7ed-4f06-af71-64faee88e415" testId="b228f7b3-2a35-5ed1-38ba-c95d5b6752e4" testName="FocusedSearchResultChanged_CameraOnMap_CameraMapLevelFeaturesSavedAndRestored" computerName="DKSR-EFI-04" duration="00:00:00.0136302" startTime="2023-12-22T09:37:21.3199384+01:00" endTime="2023-12-22T09:37:21.3355633+01:00" testType="13cdc9d9-ddb5-4fa4-a97d-d965ccfc6d4b" outcome="Passed" testListId="8c84fa94-04c1-424b-9868-57a2d4851a1d" relativeResultsDirectory="0ebf2d55-a7ed-4f06-af71-64faee88e415" />
    <UnitTestResult executionId="3857e95e-e97e-4f1d-bd68-acc195420768" testId="283f9f13-cb3e-1218-3fcd-08b263d8e990" testName="Initialize_ShouldAttachOptionChanged_WhenAllowOnlyFipsAlgorithmsIsFalse" computerName="DKSR-EFI-04" duration="00:00:00.3025726" startTime="2023-12-22T09:38:07.3514370+01:00" endTime="2023-12-22T09:38:07.6485658+01:00" testType="13cdc9d9-ddb5-4fa4-a97d-d965ccfc6d4b" outcome="Passed" testListId="8c84fa94-04c1-424b-9868-57a2d4851a1d" relativeResultsDirectory="3857e95e-e97e-4f1d-bd68-acc195420768" />
    <UnitTestResult executionId="eb010870-7192-470a-a5f2-6ab25a712f07" testId="91442c7a-e900-c7e6-67e7-639e8a44931b" testName="CameraMapItem_Select_WithAlarm_Activates_Related" computerName="DKSR-EFI-04" duration="00:00:00.0615430" startTime="2023-12-22T09:37:50.7888474+01:00" endTime="2023-12-22T09:37:50.8513480+01:00" testType="13cdc9d9-ddb5-4fa4-a97d-d965ccfc6d4b" outcome="Passed" testListId="8c84fa94-04c1-424b-9868-57a2d4851a1d" relativeResultsDirectory="eb010870-7192-470a-a5f2-6ab25a712f07" />
    <UnitTestResult executionId="bbd2d940-115f-424e-9260-285602fd549c" testId="c3862469-efa6-2b47-619c-2ccf15cc9a36" testName="DrawCore_ShouldUseCachedMarkers_WhenRedrawSameData" computerName="DKSR-EFI-04" duration="00:00:00.0232464" startTime="2023-12-22T09:36:17.4133415+01:00" endTime="2023-12-22T09:36:17.4289671+01:00" testType="13cdc9d9-ddb5-4fa4-a97d-d965ccfc6d4b" outcome="Passed" testListId="8c84fa94-04c1-424b-9868-57a2d4851a1d" relativeResultsDirectory="bbd2d940-115f-424e-9260-285602fd549c" />
    <UnitTestResult executionId="70c1613a-6c6b-4a0c-8990-7d9727d102ed" testId="0a4e5b36-6578-df3d-cfd2-3d6ee660820a" testName="GetClusters_ExcludeFromClustering_OnlyClustersForExcludedItems (Data Row 10)" computerName="DKSR-EFI-04" duration="00:00:00.0156433" startTime="2023-12-22T09:37:56.0857518+01:00" endTime="2023-12-22T09:37:56.4451365+01:00" testType="13cdc9d9-ddb5-4fa4-a97d-d965ccfc6d4b" outcome="Passed" testListId="8c84fa94-04c1-424b-9868-57a2d4851a1d" relativeResultsDirectory="70c1613a-6c6b-4a0c-8990-7d9727d102ed" />
    <UnitTestResult executionId="14033997-0a10-4550-9c6a-ed3326facb69" testId="f680908c-3b4b-7b4d-7066-6e5fce7c0b27" testName="GetClusters_ExcludeThenIncludeExcludedItems_NoChange (Data Row 13)" computerName="DKSR-EFI-04" duration="00:00:00.0085176" startTime="2023-12-22T09:37:56.4607518+01:00" endTime="2023-12-22T09:37:56.6638974+01:00" testType="13cdc9d9-ddb5-4fa4-a97d-d965ccfc6d4b" outcome="Passed" testListId="8c84fa94-04c1-424b-9868-57a2d4851a1d" relativeResultsDirectory="14033997-0a10-4550-9c6a-ed3326facb69" />
    <UnitTestResult executionId="e5094b75-0910-4b09-8ede-033c4ff26778" testId="e6a27a32-2825-5e2a-a774-c78b32a20322" testName="FetchDeviceConfiguration_ShouldNotLoadCache_WhenCacheFileIsPresentButFetchTypeIsOnlyServer" computerName="DKSR-EFI-04" duration="00:00:00.0022833" startTime="2023-12-22T09:38:06.0076858+01:00" endTime="2023-12-22T09:38:06.0233076+01:00" testType="13cdc9d9-ddb5-4fa4-a97d-d965ccfc6d4b" outcome="Passed" testListId="8c84fa94-04c1-424b-9868-57a2d4851a1d" relativeResultsDirectory="e5094b75-0910-4b09-8ede-033c4ff26778" />
    <UnitTestResult executionId="a328f519-f430-4375-bb0c-caacd74b4c94" testId="738cbe03-e159-a418-8d3e-aaea3bd6f9f5" testName="GetOsmServerAddress_ShouldReturnAlternativeServerValue_WhenGeographicLayerIsUnavailable" computerName="DKSR-EFI-04" duration="00:00:00.0007798" startTime="2023-12-22T09:37:55.8826248+01:00" endTime="2023-12-22T09:37:55.8826248+01:00" testType="13cdc9d9-ddb5-4fa4-a97d-d965ccfc6d4b" outcome="Passed" testListId="8c84fa94-04c1-424b-9868-57a2d4851a1d" relativeResultsDirectory="a328f519-f430-4375-bb0c-caacd74b4c94" />
    <UnitTestResult executionId="40c90a9d-fa05-499b-ad84-02ba58b7b9f7" testId="89928fee-575e-9986-6b1d-9005971a41e3" testName="OpenStreetMapLayerIsDisabled_ShouldReturnTrue_WhenOpenStreetMapGeographicLayerOptionIsNotAvailableAndOpenStreetMapAlternativeServerIsInvalidURl" computerName="DKSR-EFI-04" duration="00:00:00.0109634" startTime="2023-12-22T09:37:50.0857203+01:00" endTime="2023-12-22T09:37:50.1013432+01:00" testType="13cdc9d9-ddb5-4fa4-a97d-d965ccfc6d4b" outcome="Passed" testListId="8c84fa94-04c1-424b-9868-57a2d4851a1d" relativeResultsDirectory="40c90a9d-fa05-499b-ad84-02ba58b7b9f7" />
    <UnitTestResult executionId="2afb085f-ce6e-4c09-84d9-9c8a3c6fc58c" testId="36554cb2-1edf-a642-dc86-4d6ff7ede95e" testName="PatrollingStepListViewModel_Constructor_Success" computerName="DKSR-EFI-04" duration="00:00:00.0022453" startTime="2023-12-22T09:37:58.0388900+01:00" endTime="2023-12-22T09:37:58.0388900+01:00" testType="13cdc9d9-ddb5-4fa4-a97d-d965ccfc6d4b" outcome="Passed" testListId="8c84fa94-04c1-424b-9868-57a2d4851a1d" relativeResultsDirectory="2afb085f-ce6e-4c09-84d9-9c8a3c6fc58c" />
    <UnitTestResult executionId="611d57ff-46ee-4f34-b0f7-b4bd8d328102" testId="f5dc02d2-c831-9a51-1ebc-8f8a343ea344" testName="Convert_ShouldReturnFalse_WhenParameterContainsValue" computerName="DKSR-EFI-04" duration="00:00:00.0004001" startTime="2023-12-22T09:36:11.6945609+01:00" endTime="2023-12-22T09:36:11.6945609+01:00" testType="13cdc9d9-ddb5-4fa4-a97d-d965ccfc6d4b" outcome="Passed" testListId="8c84fa94-04c1-424b-9868-57a2d4851a1d" relativeResultsDirectory="611d57ff-46ee-4f34-b0f7-b4bd8d328102" />
    <UnitTestResult executionId="854ddbf9-c4d5-407d-b372-5552e6c1812c" testId="45d1826c-1c27-e38c-1199-81f219410589" testName="BookmarkSearchTime_WithSearchStringInDifferentCases_ReturnCorrectBookmarkWithSearchStringInHeader (SeArChStRiNg,True,False,True,False,,,1)" computerName="DKSR-EFI-04" duration="00:00:00.0055328" startTime="2023-12-22T09:38:01.1951549+01:00" endTime="2023-12-22T09:38:01.1951549+01:00" testType="13cdc9d9-ddb5-4fa4-a97d-d965ccfc6d4b" outcome="Passed" testListId="8c84fa94-04c1-424b-9868-57a2d4851a1d" relativeResultsDirectory="854ddbf9-c4d5-407d-b372-5552e6c1812c" />
    <UnitTestResult executionId="094ee9ed-73a1-42ea-9210-9d0619b58154" testId="4ac98c6c-183a-9821-4f8c-c314ab12e456" testName="Clear_ShouldClearIncludedViewItemsForSelectedView" computerName="DKSR-EFI-04" duration="00:00:00.0068214" startTime="2023-12-22T09:36:07.3195415+01:00" endTime="2023-12-22T09:36:07.3195415+01:00" testType="13cdc9d9-ddb5-4fa4-a97d-d965ccfc6d4b" outcome="Passed" testListId="8c84fa94-04c1-424b-9868-57a2d4851a1d" relativeResultsDirectory="094ee9ed-73a1-42ea-9210-9d0619b58154" />
    <UnitTestResult executionId="75c70efc-730c-4286-9251-ab3bc8c58cea" testId="5175ef0f-a0f9-284b-e221-701056f8c5c0" testName="GetSearchReportDialog_SelectedSearchResults_Null_Failure" computerName="DKSR-EFI-04" duration="00:00:00.0045002" startTime="2023-12-22T09:37:28.5856034+01:00" endTime="2023-12-22T09:37:28.5856034+01:00" testType="13cdc9d9-ddb5-4fa4-a97d-d965ccfc6d4b" outcome="Passed" testListId="8c84fa94-04c1-424b-9868-57a2d4851a1d" relativeResultsDirectory="75c70efc-730c-4286-9251-ab3bc8c58cea" />
    <UnitTestResult executionId="69bc7279-e784-4173-85a5-465a83b43081" testId="da81eaec-1453-f24c-a30b-9b3f5e23a05c" testName="SearchAction_BrowseMode_30MinutesInThePast" computerName="DKSR-EFI-04" duration="00:00:00.0076703" startTime="2023-12-22T09:38:00.8357813+01:00" endTime="2023-12-22T09:38:00.8357813+01:00" testType="13cdc9d9-ddb5-4fa4-a97d-d965ccfc6d4b" outcome="Passed" testListId="8c84fa94-04c1-424b-9868-57a2d4851a1d" relativeResultsDirectory="69bc7279-e784-4173-85a5-465a83b43081" />
    <UnitTestResult executionId="6ee6c830-3400-401e-b585-2794f17b2813" testId="4aba77ec-b883-b9a3-2441-be573e48795b" testName="PointMapItem_OutputWithNoShortName_Success" computerName="DKSR-EFI-04" duration="00:00:00.0669812" startTime="2023-12-22T09:37:53.8357373+01:00" endTime="2023-12-22T09:37:53.9138669+01:00" testType="13cdc9d9-ddb5-4fa4-a97d-d965ccfc6d4b" outcome="Passed" testListId="8c84fa94-04c1-424b-9868-57a2d4851a1d" relativeResultsDirectory="6ee6c830-3400-401e-b585-2794f17b2813" />
    <UnitTestResult executionId="b4f24662-1b98-40f7-aa11-3db66b7c6d02" testId="007b902b-e17d-c451-d588-1b1be6581913" testName="AssignPanTiltValue_WhenValueJustAboveDeadzone_ShouldReturnJustAboveCenterValue" computerName="DKSR-EFI-04" duration="00:00:00.0002209" startTime="2023-12-22T09:36:08.1789189+01:00" endTime="2023-12-22T09:36:08.1789189+01:00" testType="13cdc9d9-ddb5-4fa4-a97d-d965ccfc6d4b" outcome="Passed" testListId="8c84fa94-04c1-424b-9868-57a2d4851a1d" relativeResultsDirectory="b4f24662-1b98-40f7-aa11-3db66b7c6d02" />
    <UnitTestResult executionId="391eb068-9c15-4970-9f3b-6a62151c3bad" testId="9b69c053-abc5-671a-966c-e8011ea8926f" testName="Deserialize_ShouldReturnCombineTypeOr_WhenCombineTypeIsOrInXml" computerName="DKSR-EFI-04" duration="00:00:00.0035629" startTime="2023-12-22T09:37:34.9918891+01:00" endTime="2023-12-22T09:37:34.9918891+01:00" testType="13cdc9d9-ddb5-4fa4-a97d-d965ccfc6d4b" outcome="Passed" testListId="8c84fa94-04c1-424b-9868-57a2d4851a1d" relativeResultsDirectory="391eb068-9c15-4970-9f3b-6a62151c3bad" />
    <UnitTestResult executionId="7fdfe7b4-0cce-4f16-8788-938691fb4cb7" testId="157aad73-8765-1a18-20a7-9dff1712428b" testName="HandlePermissionDeniedResults_ShouldShowMessageAndToast (5,1)" computerName="DKSR-EFI-04" duration="00:00:00.0048156" startTime="2023-12-22T09:38:00.3514001+01:00" endTime="2023-12-22T09:38:00.3514001+01:00" testType="13cdc9d9-ddb5-4fa4-a97d-d965ccfc6d4b" outcome="Passed" testListId="8c84fa94-04c1-424b-9868-57a2d4851a1d" relativeResultsDirectory="7fdfe7b4-0cce-4f16-8788-938691fb4cb7" />
    <UnitTestResult executionId="975c482f-8bcc-4586-8a62-e61e45842a24" testId="971ae998-f6f4-2825-fcc4-633419b90bb1" testName="PatrollingProfileViewModelTest_Constructor_Success" computerName="DKSR-EFI-04" duration="00:00:00.0121202" startTime="2023-12-22T09:37:57.9607579+01:00" endTime="2023-12-22T09:37:57.9763825+01:00" testType="13cdc9d9-ddb5-4fa4-a97d-d965ccfc6d4b" outcome="Passed" testListId="8c84fa94-04c1-424b-9868-57a2d4851a1d" relativeResultsDirectory="975c482f-8bcc-4586-8a62-e61e45842a24" />
    <UnitTestResult executionId="4ac3a02c-d045-4f93-aa7f-5d03e244b06d" testId="12e3f3e5-87cc-94c2-7b91-aad929301ec9" testName="Execute_RemoveCommand_DialogResultReturnsTrue" computerName="DKSR-EFI-04" duration="00:00:00.0009070" startTime="2023-12-22T09:37:59.5232764+01:00" endTime="2023-12-22T09:37:59.5232764+01:00" testType="13cdc9d9-ddb5-4fa4-a97d-d965ccfc6d4b" outcome="Passed" testListId="8c84fa94-04c1-424b-9868-57a2d4851a1d" relativeResultsDirectory="4ac3a02c-d045-4f93-aa7f-5d03e244b06d" />
    <UnitTestResult executionId="c3f003e3-ae80-4a35-bee3-1eb79caeb421" testId="709c7513-9237-87e3-38c3-aa85300198a4" testName="GetClusters_ShouldNotIncludeItemFromBuildingIntoSuperClusterOutsideBuilding_WhenBuildingIsRendered" computerName="DKSR-EFI-04" duration="00:00:00.0078552" startTime="2023-12-22T09:37:57.2263827+01:00" endTime="2023-12-22T09:37:57.2420123+01:00" testType="13cdc9d9-ddb5-4fa4-a97d-d965ccfc6d4b" outcome="Passed" testListId="8c84fa94-04c1-424b-9868-57a2d4851a1d" relativeResultsDirectory="c3f003e3-ae80-4a35-bee3-1eb79caeb421" />
    <UnitTestResult executionId="71a21ecf-5a27-4aab-9eb3-6f978a1db5b2" testId="90f82d21-92dc-bc32-5511-a2c2549dad1d" testName="Valid password bigger length" computerName="DKSR-EFI-04" duration="00:00:00.0002698" startTime="2023-12-22T09:36:30.1946614+01:00" endTime="2023-12-22T09:36:30.1946614+01:00" testType="13cdc9d9-ddb5-4fa4-a97d-d965ccfc6d4b" outcome="Passed" testListId="8c84fa94-04c1-424b-9868-57a2d4851a1d" relativeResultsDirectory="71a21ecf-5a27-4aab-9eb3-6f978a1db5b2" />
    <UnitTestResult executionId="716cc43f-b261-4253-abda-08c89cebee15" testId="dd886858-691f-731d-ef45-b4933e1e6cbf" testName="GetUtcToday_UtcTimeZoneNoDst_Success" computerName="DKSR-EFI-04" duration="00:00:00.0005671" startTime="2023-12-22T09:37:33.5543767+01:00" endTime="2023-12-22T09:37:33.5543767+01:00" testType="13cdc9d9-ddb5-4fa4-a97d-d965ccfc6d4b" outcome="Passed" testListId="8c84fa94-04c1-424b-9868-57a2d4851a1d" relativeResultsDirectory="716cc43f-b261-4253-abda-08c89cebee15" />
    <UnitTestResult executionId="50ad9dae-a9a3-48a1-b5fd-25aa37f7a53a" testId="e56a4d58-0ff2-e6be-cab4-b17c9aa01d74" testName="ValueWithFallbackConverterTests_Convert_FirstValueNotNull_SecondValueNotNull_Success" computerName="DKSR-EFI-04" duration="00:00:00.0002622" startTime="2023-12-22T09:37:04.2104707+01:00" endTime="2023-12-22T09:37:04.2104707+01:00" testType="13cdc9d9-ddb5-4fa4-a97d-d965ccfc6d4b" outcome="Passed" testListId="8c84fa94-04c1-424b-9868-57a2d4851a1d" relativeResultsDirectory="50ad9dae-a9a3-48a1-b5fd-25aa37f7a53a" />
    <UnitTestResult executionId="ab983ceb-22ed-4c7c-a6b9-85f25eb177e4" testId="9d8dbace-9130-7ffd-4719-3c557ceeb743" testName="CreateSearchDefinition_MultipleCalls_FactoryInvokedWithUniqueSearchManagers" computerName="DKSR-EFI-04" duration="00:00:00.0025070" startTime="2023-12-22T09:37:48.1482133+01:00" endTime="2023-12-22T09:37:48.1638336+01:00" testType="13cdc9d9-ddb5-4fa4-a97d-d965ccfc6d4b" outcome="Passed" testListId="8c84fa94-04c1-424b-9868-57a2d4851a1d" relativeResultsDirectory="ab983ceb-22ed-4c7c-a6b9-85f25eb177e4" />
    <UnitTestResult executionId="203c2b57-f856-4e18-88d6-1d7a134cf171" testId="2227d8a1-1292-2ada-1845-295f40381449" testName="GetServerTypes_ShouldReturnLPRType" computerName="DKSR-EFI-04" duration="00:00:00.0003822" startTime="2023-12-22T09:38:01.9764237+01:00" endTime="2023-12-22T09:38:01.9764237+01:00" testType="13cdc9d9-ddb5-4fa4-a97d-d965ccfc6d4b" outcome="Passed" testListId="8c84fa94-04c1-424b-9868-57a2d4851a1d" relativeResultsDirectory="203c2b57-f856-4e18-88d6-1d7a134cf171" />
    <UnitTestResult executionId="024f8a32-5450-4ba9-9e9d-3c963be1b1e7" testId="e7d7638f-db70-d29e-fb1f-5160e555e3cc" testName="AddToExportDevices_ShouldReturnCorrectResult (5,0,0)" computerName="DKSR-EFI-04" duration="00:00:00.0019327" startTime="2023-12-22T09:38:00.1170267+01:00" endTime="2023-12-22T09:38:00.1170267+01:00" testType="13cdc9d9-ddb5-4fa4-a97d-d965ccfc6d4b" outcome="Passed" testListId="8c84fa94-04c1-424b-9868-57a2d4851a1d" relativeResultsDirectory="024f8a32-5450-4ba9-9e9d-3c963be1b1e7" />
    <UnitTestResult executionId="28dd22bb-f343-4460-8a12-648ed79cb15f" testId="858fcac7-e389-8062-ee0a-81085946f8a2" testName="GetLayerFeatures_ShouldReturnOutputLayerFeatures_WhenMicrophoneKind" computerName="DKSR-EFI-04" duration="00:00:00.0028569" startTime="2023-12-22T09:37:55.9294985+01:00" endTime="2023-12-22T09:37:55.9294985+01:00" testType="13cdc9d9-ddb5-4fa4-a97d-d965ccfc6d4b" outcome="Passed" testListId="8c84fa94-04c1-424b-9868-57a2d4851a1d" relativeResultsDirectory="28dd22bb-f343-4460-8a12-648ed79cb15f" />
    <UnitTestResult executionId="097c917e-56e2-49bb-919f-efb345672778" testId="f8d3c854-1d0a-1d27-f1f9-7cfc35295620" testName="GridSizeTest" computerName="DKSR-EFI-04" duration="00:00:00.0024570" startTime="2023-12-22T09:38:04.1483004+01:00" endTime="2023-12-22T09:38:04.1483004+01:00" testType="13cdc9d9-ddb5-4fa4-a97d-d965ccfc6d4b" outcome="Passed" testListId="8c84fa94-04c1-424b-9868-57a2d4851a1d" relativeResultsDirectory="097c917e-56e2-49bb-919f-efb345672778" />
    <UnitTestResult executionId="dcf3cfa6-fbb8-43cc-ba84-56a213562c75" testId="5fe6e33e-4c74-05bc-98e6-058910f0ab96" testName="CameraMapItem_AddMapItemsAsync_ShouldSetCameraLayerVisible_IfNotVisibleWhenAddingCamera" computerName="DKSR-EFI-04" duration="00:00:00.0553239" startTime="2023-12-22T09:37:50.8982236+01:00" endTime="2023-12-22T09:37:50.9451036+01:00" testType="13cdc9d9-ddb5-4fa4-a97d-d965ccfc6d4b" outcome="Passed" testListId="8c84fa94-04c1-424b-9868-57a2d4851a1d" relativeResultsDirectory="dcf3cfa6-fbb8-43cc-ba84-56a213562c75" />
    <UnitTestResult executionId="9cd0b818-9e67-4713-9aa5-0e7a6bc3e4c7" testId="3284ea6f-a6ad-01dc-f291-bda78cd8c320" testName="Deserialize_ShouldReturnCombineTypeOr_WhenCombineTypeIsNotPresentInXml" computerName="DKSR-EFI-04" duration="00:00:00.0047860" startTime="2023-12-22T09:37:34.9762649+01:00" endTime="2023-12-22T09:37:34.9762649+01:00" testType="13cdc9d9-ddb5-4fa4-a97d-d965ccfc6d4b" outcome="Passed" testListId="8c84fa94-04c1-424b-9868-57a2d4851a1d" relativeResultsDirectory="9cd0b818-9e67-4713-9aa5-0e7a6bc3e4c7" />
    <UnitTestResult executionId="6d5922cf-612a-4d4a-89f2-5715d6edcc27" testId="a7e344e1-2528-5469-f149-8c729b6a9d91" testName="SupportsRightClick_ShouldBeFalse_WhenInteractionStateIsNotNormal" computerName="DKSR-EFI-04" duration="00:00:00.0282646" startTime="2023-12-22T09:36:19.6477291+01:00" endTime="2023-12-22T09:36:19.6789810+01:00" testType="13cdc9d9-ddb5-4fa4-a97d-d965ccfc6d4b" outcome="Passed" testListId="8c84fa94-04c1-424b-9868-57a2d4851a1d" relativeResultsDirectory="6d5922cf-612a-4d4a-89f2-5715d6edcc27" />
    <UnitTestResult executionId="35ebe93a-8721-4ae8-9ba8-1996a0fc7314" testId="c30ded44-b30e-59c8-d179-eddc682c6ef5" testName="Convert_ShouldRaiseInvalidCastException_WhenValueIsNotAnInteractionState" computerName="DKSR-EFI-04" duration="00:00:00.0011851" startTime="2023-12-22T09:36:11.6789379+01:00" endTime="2023-12-22T09:36:11.6789379+01:00" testType="13cdc9d9-ddb5-4fa4-a97d-d965ccfc6d4b" outcome="Passed" testListId="8c84fa94-04c1-424b-9868-57a2d4851a1d" relativeResultsDirectory="35ebe93a-8721-4ae8-9ba8-1996a0fc7314" />
    <UnitTestResult executionId="bd94b454-2c66-4968-966e-5101755e765e" testId="7e7d56df-e811-fb96-c231-b34d18240573" testName="GetIndexExtent_MilestoneCampusZoomMax_MilestoneBuildingIsConvered" computerName="DKSR-EFI-04" duration="00:00:00.0002592" startTime="2023-12-22T09:37:57.2888828+01:00" endTime="2023-12-22T09:37:57.2888828+01:00" testType="13cdc9d9-ddb5-4fa4-a97d-d965ccfc6d4b" outcome="Passed" testListId="8c84fa94-04c1-424b-9868-57a2d4851a1d" relativeResultsDirectory="bd94b454-2c66-4968-966e-5101755e765e" />
    <UnitTestResult executionId="211bbbc3-3573-401f-bd4b-4149844cb4be" testId="55e4f137-ee25-d174-0329-0df4a0a2d62a" testName="GetOSFullName_ShouldReturnSomething" computerName="DKSR-EFI-04" duration="00:00:00.0022208" startTime="2023-12-22T09:38:06.0389367+01:00" endTime="2023-12-22T09:38:06.0545566+01:00" testType="13cdc9d9-ddb5-4fa4-a97d-d965ccfc6d4b" outcome="Passed" testListId="8c84fa94-04c1-424b-9868-57a2d4851a1d" relativeResultsDirectory="211bbbc3-3573-401f-bd4b-4149844cb4be" />
    <UnitTestResult executionId="79372ac8-1eb0-450b-ae59-630d578da47e" testId="30fe8312-9877-ebd0-79b2-11d30d1e5b58" testName="VideoResultSearchResult_SetThenReset_PropertiesEmptied" computerName="DKSR-EFI-04" duration="00:00:00.0320329" startTime="2023-12-22T09:37:04.3354683+01:00" endTime="2023-12-22T09:37:04.3667204+01:00" testType="13cdc9d9-ddb5-4fa4-a97d-d965ccfc6d4b" outcome="Passed" testListId="8c84fa94-04c1-424b-9868-57a2d4851a1d" relativeResultsDirectory="79372ac8-1eb0-450b-ae59-630d578da47e" />
    <UnitTestResult executionId="d62f6a89-edc4-41a4-bf98-498e62da3e94" testId="8f753e63-32d9-0333-cd9b-b93644536674" testName="TestLoad_Success" computerName="DKSR-EFI-04" duration="00:00:00.0085478" startTime="2023-12-22T09:37:55.3826211+01:00" endTime="2023-12-22T09:37:55.3826211+01:00" testType="13cdc9d9-ddb5-4fa4-a97d-d965ccfc6d4b" outcome="Passed" testListId="8c84fa94-04c1-424b-9868-57a2d4851a1d" relativeResultsDirectory="d62f6a89-edc4-41a4-bf98-498e62da3e94" />
    <UnitTestResult executionId="919f1f7d-91cc-4f63-8c61-acc0227f875a" testId="55f2a393-6280-6aa0-15de-d20389e1fd9f" testName="CreateSearchTemplateAsync_Null_Failure" computerName="DKSR-EFI-04" duration="00:00:00.0056962" startTime="2023-12-22T09:37:33.8825089+01:00" endTime="2023-12-22T09:37:33.8981321+01:00" testType="13cdc9d9-ddb5-4fa4-a97d-d965ccfc6d4b" outcome="Passed" testListId="8c84fa94-04c1-424b-9868-57a2d4851a1d" relativeResultsDirectory="919f1f7d-91cc-4f63-8c61-acc0227f875a" />
    <UnitTestResult executionId="2955b1f3-72c6-478f-ba6e-7bcecbb5c75e" testId="bc93f730-cf4f-b2fd-70c0-19446c70f746" testName="IconResourceKey_ShouldBeValid_WhenInteractionStateIsAddInput" computerName="DKSR-EFI-04" duration="00:00:00.0002775" startTime="2023-12-22T09:36:14.9289540+01:00" endTime="2023-12-22T09:36:14.9289540+01:00" testType="13cdc9d9-ddb5-4fa4-a97d-d965ccfc6d4b" outcome="Passed" testListId="8c84fa94-04c1-424b-9868-57a2d4851a1d" relativeResultsDirectory="2955b1f3-72c6-478f-ba6e-7bcecbb5c75e" />
    <UnitTestResult executionId="bd136728-4910-4bca-ae8d-206a8306e4c5" testId="67ee2264-2350-9541-5091-2e559be75dbe" testName="TestProperties_Name_Success" computerName="DKSR-EFI-04" duration="00:00:00.0059103" startTime="2023-12-22T09:37:55.3982461+01:00" endTime="2023-12-22T09:37:55.4138734+01:00" testType="13cdc9d9-ddb5-4fa4-a97d-d965ccfc6d4b" outcome="Passed" testListId="8c84fa94-04c1-424b-9868-57a2d4851a1d" relativeResultsDirectory="bd136728-4910-4bca-ae8d-206a8306e4c5" />
    <UnitTestResult executionId="92278617-ea2c-44d6-b19b-9a857f7187e3" testId="6ebc1c3a-7886-6ea1-878f-b64af57e9527" testName="Connect_SucceedeInConnectingWithWindowsUser_ShouldReturnTrue" computerName="DKSR-EFI-04" duration="00:00:00.0162134" startTime="2023-12-22T09:35:59.9288760+01:00" endTime="2023-12-22T09:35:59.9445013+01:00" testType="13cdc9d9-ddb5-4fa4-a97d-d965ccfc6d4b" outcome="Passed" testListId="8c84fa94-04c1-424b-9868-57a2d4851a1d" relativeResultsDirectory="92278617-ea2c-44d6-b19b-9a857f7187e3" />
    <UnitTestResult executionId="c030583b-50d2-4a77-b70b-0a6c59391b61" testId="e2bc20ac-f49d-eabf-edc0-8474eb6a4a1c" testName="SmartMapGoToPositionHandler_WhenDataIsNotSmartMapGoToPositionCommandData_ShouldWriteToLog" computerName="DKSR-EFI-04" duration="00:00:00.0037295" startTime="2023-12-22T09:36:23.6790047+01:00" endTime="2023-12-22T09:36:23.6790047+01:00" testType="13cdc9d9-ddb5-4fa4-a97d-d965ccfc6d4b" outcome="Passed" testListId="8c84fa94-04c1-424b-9868-57a2d4851a1d" relativeResultsDirectory="c030583b-50d2-4a77-b70b-0a6c59391b61" />
    <UnitTestResult executionId="783f560d-2502-4f77-ad3f-5e3f4e895054" testId="a2a193f8-3456-c024-ce2d-2ecfa84a29fd" testName="BuildEvidenceLockFilterProperties_ShouldReturnCorrectValues (False,2,3,All,Custom)" computerName="DKSR-EFI-04" duration="00:00:00.0035105" startTime="2023-12-22T09:38:06.1483140+01:00" endTime="2023-12-22T09:38:06.1483140+01:00" testType="13cdc9d9-ddb5-4fa4-a97d-d965ccfc6d4b" outcome="Passed" testListId="8c84fa94-04c1-424b-9868-57a2d4851a1d" relativeResultsDirectory="783f560d-2502-4f77-ad3f-5e3f4e895054" />
    <UnitTestResult executionId="55caa678-6b1c-4083-b813-35133dfadd9f" testId="e0397ba9-9217-2c04-c95a-ff9b50a208f5" testName="GetSnapshots_UnknownErrorWhileRetrievingImage_Failure" computerName="DKSR-EFI-04" duration="00:00:00.0026174" startTime="2023-12-22T09:37:33.4762577+01:00" endTime="2023-12-22T09:37:33.4918769+01:00" testType="13cdc9d9-ddb5-4fa4-a97d-d965ccfc6d4b" outcome="Passed" testListId="8c84fa94-04c1-424b-9868-57a2d4851a1d" relativeResultsDirectory="55caa678-6b1c-4083-b813-35133dfadd9f" />
    <UnitTestResult executionId="39fe566b-e0fa-4d01-8a1f-13723bda03f1" testId="ca442d25-1d56-7ce4-2a08-3c581c8826e1" testName="MapLayerType_ShouldBeInputItemsMapLayer_WhenCalled" computerName="DKSR-EFI-04" duration="00:00:00.0002055" startTime="2023-12-22T09:37:53.0076077+01:00" endTime="2023-12-22T09:37:53.0076077+01:00" testType="13cdc9d9-ddb5-4fa4-a97d-d965ccfc6d4b" outcome="Passed" testListId="8c84fa94-04c1-424b-9868-57a2d4851a1d" relativeResultsDirectory="39fe566b-e0fa-4d01-8a1f-13723bda03f1" />
    <UnitTestResult executionId="7065fb15-e85c-4799-8ab7-4524233e737b" testId="29c77f9c-4048-1470-9159-cedbe420b5fd" testName="Ctor_NullMessage_ThrowsException" computerName="DKSR-EFI-04" duration="00:00:00.0004556" startTime="2023-12-22T09:37:59.4763962+01:00" endTime="2023-12-22T09:37:59.4763962+01:00" testType="13cdc9d9-ddb5-4fa4-a97d-d965ccfc6d4b" outcome="Passed" testListId="8c84fa94-04c1-424b-9868-57a2d4851a1d" relativeResultsDirectory="7065fb15-e85c-4799-8ab7-4524233e737b" />
    <UnitTestResult executionId="6f58aff0-9cf6-4ab5-a6bc-0d238bdc24d4" testId="c9640990-b6c9-dafb-a909-cdccd9fc41e7" testName="Create_Retention_Times_Cannot_Be_Before_1900" computerName="DKSR-EFI-04" duration="00:00:00.0034169" startTime="2023-12-22T09:38:07.1326871+01:00" endTime="2023-12-22T09:38:07.1483154+01:00" testType="13cdc9d9-ddb5-4fa4-a97d-d965ccfc6d4b" outcome="Passed" testListId="8c84fa94-04c1-424b-9868-57a2d4851a1d" relativeResultsDirectory="6f58aff0-9cf6-4ab5-a6bc-0d238bdc24d4" />
    <UnitTestResult executionId="40ab8601-952b-4df0-a10a-c279be1fe394" testId="53bc71ef-c08f-8372-fdf8-0535984f2d5b" testName="ToDenormalizedFieldOfView_0_5" computerName="DKSR-EFI-04" duration="00:00:00.0000858" startTime="2023-12-22T09:37:49.8669709+01:00" endTime="2023-12-22T09:37:49.8669709+01:00" testType="13cdc9d9-ddb5-4fa4-a97d-d965ccfc6d4b" outcome="Passed" testListId="8c84fa94-04c1-424b-9868-57a2d4851a1d" relativeResultsDirectory="40ab8601-952b-4df0-a10a-c279be1fe394" />
    <UnitTestResult executionId="c311625b-c55e-475a-abb1-ff0b8d178e92" testId="f680908c-3b4b-7b4d-7066-6e5fce7c0b27" testName="GetClusters_ExcludeThenIncludeExcludedItems_NoChange (Data Row 17)" computerName="DKSR-EFI-04" duration="00:00:00.0086938" startTime="2023-12-22T09:37:56.4607518+01:00" endTime="2023-12-22T09:37:56.6638974+01:00" testType="13cdc9d9-ddb5-4fa4-a97d-d965ccfc6d4b" outcome="Passed" testListId="8c84fa94-04c1-424b-9868-57a2d4851a1d" relativeResultsDirectory="c311625b-c55e-475a-abb1-ff0b8d178e92" />
    <UnitTestResult executionId="015f06b8-f68d-4df5-826e-40ca80029f46" testId="1038d0a8-74b6-4dd8-b766-1b08a5e0b707" testName="MipItemsMapLayer_Loaded_Success" computerName="DKSR-EFI-04" duration="00:00:00.0095388" startTime="2023-12-22T09:37:49.9919677+01:00" endTime="2023-12-22T09:37:50.0076021+01:00" testType="13cdc9d9-ddb5-4fa4-a97d-d965ccfc6d4b" outcome="Passed" testListId="8c84fa94-04c1-424b-9868-57a2d4851a1d" relativeResultsDirectory="015f06b8-f68d-4df5-826e-40ca80029f46" />
    <UnitTestResult executionId="916b0c6e-1782-4b36-be3f-f6e4a4a1c9b7" testId="ea6b211e-3258-7db9-8b82-11e88b9536ce" testName="HandleSetLayerFeatures_ShouldRaiseArgumentException_WhenInputKindAndNotInputLayerFeatures" computerName="DKSR-EFI-04" duration="00:00:00.0009869" startTime="2023-12-22T09:37:55.7888800+01:00" endTime="2023-12-22T09:37:55.7888800+01:00" testType="13cdc9d9-ddb5-4fa4-a97d-d965ccfc6d4b" outcome="Passed" testListId="8c84fa94-04c1-424b-9868-57a2d4851a1d" relativeResultsDirectory="916b0c6e-1782-4b36-be3f-f6e4a4a1c9b7" />
    <UnitTestResult executionId="06f2391d-7e1f-4c0b-8f28-0d7783d5b6c3" testId="a28e9689-4e5e-848d-448b-9fc289af2ecb" testName="Search_MultipleCategories_SearchCallsDelegatedToSearchManager" computerName="DKSR-EFI-04" duration="00:00:00.0096657" startTime="2023-12-22T09:37:48.2263357+01:00" endTime="2023-12-22T09:37:48.2263357+01:00" testType="13cdc9d9-ddb5-4fa4-a97d-d965ccfc6d4b" outcome="Passed" testListId="8c84fa94-04c1-424b-9868-57a2d4851a1d" relativeResultsDirectory="06f2391d-7e1f-4c0b-8f28-0d7783d5b6c3" />
    <UnitTestResult executionId="c9ca02be-ff47-4c9b-ba6f-02e08d8ed4fc" testId="4008f5fb-3189-e45e-5cbf-2d8d6943a733" testName="AddSelectedWindowsToExport_ShouldShowCorrectToastMessages (0,0,1)" computerName="DKSR-EFI-04" duration="00:00:00.0023250" startTime="2023-12-22T09:38:00.1795239+01:00" endTime="2023-12-22T09:38:00.1795239+01:00" testType="13cdc9d9-ddb5-4fa4-a97d-d965ccfc6d4b" outcome="Passed" testListId="8c84fa94-04c1-424b-9868-57a2d4851a1d" relativeResultsDirectory="c9ca02be-ff47-4c9b-ba6f-02e08d8ed4fc" />
    <UnitTestResult executionId="a3b6638d-b43a-4d69-b9a9-a01df920b0fe" testId="fbf1e532-d446-55e3-818a-b4fc676cabf8" testName="GetCameraGroups_ShouldReturnCameraGroupsType" computerName="DKSR-EFI-04" duration="00:00:00.0002906" startTime="2023-12-22T09:38:02.0232876+01:00" endTime="2023-12-22T09:38:02.0232876+01:00" testType="13cdc9d9-ddb5-4fa4-a97d-d965ccfc6d4b" outcome="Passed" testListId="8c84fa94-04c1-424b-9868-57a2d4851a1d" relativeResultsDirectory="a3b6638d-b43a-4d69-b9a9-a01df920b0fe" />
    <UnitTestResult executionId="b48b32e1-7e32-41ed-81b6-0ab8dd39eca0" testId="317e86cb-de5d-7ed1-da85-650314a8d400" testName="NavigateAndSelectAsync_DeselectCamera_ReCenterCommandEnabled" computerName="DKSR-EFI-04" duration="00:00:00.0444271" startTime="2023-12-22T09:36:14.1789504+01:00" endTime="2023-12-22T09:36:14.2258255+01:00" testType="13cdc9d9-ddb5-4fa4-a97d-d965ccfc6d4b" outcome="Passed" testListId="8c84fa94-04c1-424b-9868-57a2d4851a1d" relativeResultsDirectory="b48b32e1-7e32-41ed-81b6-0ab8dd39eca0" />
    <UnitTestResult executionId="3675518d-a7c8-4b3a-9968-99c3aa746823" testId="dd8d755a-3eba-5a94-2039-0ce20505a681" testName="ActiveInteractionStateBinding_ShouldOnlyContainNormal_WhenCtorIsCalled" computerName="DKSR-EFI-04" duration="00:00:00.0257037" startTime="2023-12-22T09:36:19.5852310+01:00" endTime="2023-12-22T09:36:19.6164805+01:00" testType="13cdc9d9-ddb5-4fa4-a97d-d965ccfc6d4b" outcome="Passed" testListId="8c84fa94-04c1-424b-9868-57a2d4851a1d" relativeResultsDirectory="3675518d-a7c8-4b3a-9968-99c3aa746823" />
    <UnitTestResult executionId="9c0f1352-9237-4b0b-8bbb-e5befc60ecbd" testId="54f7979c-7440-2cc5-5665-679c43abe566" testName="ExportNotVisible_WhenFeatureDisabled" computerName="DKSR-EFI-04" duration="00:00:00.0199554" startTime="2023-12-22T09:37:59.0389054+01:00" endTime="2023-12-22T09:37:59.0701457+01:00" testType="13cdc9d9-ddb5-4fa4-a97d-d965ccfc6d4b" outcome="Passed" testListId="8c84fa94-04c1-424b-9868-57a2d4851a1d" relativeResultsDirectory="9c0f1352-9237-4b0b-8bbb-e5befc60ecbd" />
    <UnitTestResult executionId="01b5e78a-42f3-4b28-bb7d-ae1ec9e0d667" testId="354575f3-258a-a333-c17e-93eec2bc0cc7" testName="When password 1 is invalid, password 2 is valid" computerName="DKSR-EFI-04" duration="00:00:00.0002536" startTime="2023-12-22T09:36:30.2102846+01:00" endTime="2023-12-22T09:36:30.2102846+01:00" testType="13cdc9d9-ddb5-4fa4-a97d-d965ccfc6d4b" outcome="Passed" testListId="8c84fa94-04c1-424b-9868-57a2d4851a1d" relativeResultsDirectory="01b5e78a-42f3-4b28-bb7d-ae1ec9e0d667" />
    <UnitTestResult executionId="d3e31701-a28d-4c2f-b450-fbc1c258765a" testId="ede7971d-d588-349a-0279-c271f7ada06e" testName="MaxRegionsAllowed_ShouldBeIntMaxValue_WhenProvidedMaxIsZero" computerName="DKSR-EFI-04" duration="00:00:00.0006770" startTime="2023-12-22T09:37:49.0700962+01:00" endTime="2023-12-22T09:37:49.0857147+01:00" testType="13cdc9d9-ddb5-4fa4-a97d-d965ccfc6d4b" outcome="Passed" testListId="8c84fa94-04c1-424b-9868-57a2d4851a1d" relativeResultsDirectory="d3e31701-a28d-4c2f-b450-fbc1c258765a" />
    <UnitTestResult executionId="08b845fa-cb4c-49fa-a96a-8cc01e3a0074" testId="68273da4-d8f3-7604-23b1-9e7df4a52b5c" testName="BindingModelVisible_ReactsTo_PluginInstanceVisibleUpdate" computerName="DKSR-EFI-04" duration="00:00:00.0013444" startTime="2023-12-22T09:38:00.4451548+01:00" endTime="2023-12-22T09:38:00.4451548+01:00" testType="13cdc9d9-ddb5-4fa4-a97d-d965ccfc6d4b" outcome="Passed" testListId="8c84fa94-04c1-424b-9868-57a2d4851a1d" relativeResultsDirectory="08b845fa-cb4c-49fa-a96a-8cc01e3a0074" />
    <UnitTestResult executionId="7eab1e35-08db-4b2d-bd5e-8dc6ec735de8" testId="e5776fdb-2ce3-71cf-fd30-74705513040a" testName="ActionBarPluginsEnabled_TwoPluginsWithDifferentOverflowModes_OnePluginButtonPresentInActionBarAndOnePresentInOverflowMenu" computerName="DKSR-EFI-04" duration="00:00:00.0451825" startTime="2023-12-22T09:36:33.5228030+01:00" endTime="2023-12-22T09:36:33.5540507+01:00" testType="13cdc9d9-ddb5-4fa4-a97d-d965ccfc6d4b" outcome="Passed" testListId="8c84fa94-04c1-424b-9868-57a2d4851a1d" relativeResultsDirectory="7eab1e35-08db-4b2d-bd5e-8dc6ec735de8" />
    <UnitTestResult executionId="5af32fac-d2ca-422d-b93c-2d4a1c568ae1" testId="d4287150-22c1-db59-46c8-b3a46f9472fc" testName="SearchResultDetailsView_MouseDoubleClick_AnimationEnabled_DetailsViewRemovedFromMainGrid" computerName="DKSR-EFI-04" duration="00:00:01.4191415" startTime="2023-12-22T09:36:43.2259828+01:00" endTime="2023-12-22T09:36:44.6478623+01:00" testType="13cdc9d9-ddb5-4fa4-a97d-d965ccfc6d4b" outcome="Passed" testListId="8c84fa94-04c1-424b-9868-57a2d4851a1d" relativeResultsDirectory="5af32fac-d2ca-422d-b93c-2d4a1c568ae1" />
    <UnitTestResult executionId="d9c7d2a0-9067-4cda-b3ad-a5ee77246369" testId="a6e357f5-5043-640f-dc7b-7f6d8536f9c8" testName="PtzSessionController_Constructor_ArgumentNull_PtzSessionInfoCommunication_Test" computerName="DKSR-EFI-04" duration="00:00:00.0007589" startTime="2023-12-22T09:36:06.9289135+01:00" endTime="2023-12-22T09:36:06.9289135+01:00" testType="13cdc9d9-ddb5-4fa4-a97d-d965ccfc6d4b" outcome="Passed" testListId="8c84fa94-04c1-424b-9868-57a2d4851a1d" relativeResultsDirectory="d9c7d2a0-9067-4cda-b3ad-a5ee77246369" />
    <UnitTestResult executionId="27ae024c-36ff-4339-8658-e5a85640bb3a" testId="a86403c6-a793-aab2-0ab7-ce467563d7d6" testName="GetCredential_ShouldThrowException_WhenUriIsNull" computerName="DKSR-EFI-04" duration="00:00:00.0009998" startTime="2023-12-22T09:36:07.6476654+01:00" endTime="2023-12-22T09:36:07.6476654+01:00" testType="13cdc9d9-ddb5-4fa4-a97d-d965ccfc6d4b" outcome="Passed" testListId="8c84fa94-04c1-424b-9868-57a2d4851a1d" relativeResultsDirectory="27ae024c-36ff-4339-8658-e5a85640bb3a" />
    <UnitTestResult executionId="8ece4c09-aaa2-472a-bd54-31d359fa0f6a" testId="65ef895f-879d-2d2d-7aa0-966d606f5376" testName="EndTime_ShouldBeSetToValueOfSearchResult" computerName="DKSR-EFI-04" duration="00:00:00.0004646" startTime="2023-12-22T09:37:35.2731397+01:00" endTime="2023-12-22T09:37:35.2731397+01:00" testType="13cdc9d9-ddb5-4fa4-a97d-d965ccfc6d4b" outcome="Passed" testListId="8c84fa94-04c1-424b-9868-57a2d4851a1d" relativeResultsDirectory="8ece4c09-aaa2-472a-bd54-31d359fa0f6a" />
    <UnitTestResult executionId="a807abaa-f64f-49ef-ba30-c6b321dd4830" testId="c3441c18-6d91-a3fc-0eb6-245d76a8e060" testName="DetermineUserAllowsUnsecureConnection_WhereUserIsNotAskedAndUnsecureIsAllow_ShouldReturnTrue" computerName="DKSR-EFI-04" duration="00:00:00.0005566" startTime="2023-12-22T09:36:01.1945081+01:00" endTime="2023-12-22T09:36:01.1945081+01:00" testType="13cdc9d9-ddb5-4fa4-a97d-d965ccfc6d4b" outcome="Passed" testListId="8c84fa94-04c1-424b-9868-57a2d4851a1d" relativeResultsDirectory="a807abaa-f64f-49ef-ba30-c6b321dd4830" />
    <UnitTestResult executionId="55bc0699-b541-43a2-93d9-81b22a952998" testId="2833457c-1856-8c1e-4496-190a417e49d0" testName="Deserialize_ShouldReturnCombineTypeAnd_WhenCombineTypeIsAndInXml" computerName="DKSR-EFI-04" duration="00:00:00.0038290" startTime="2023-12-22T09:37:34.9918891+01:00" endTime="2023-12-22T09:37:35.0075141+01:00" testType="13cdc9d9-ddb5-4fa4-a97d-d965ccfc6d4b" outcome="Passed" testListId="8c84fa94-04c1-424b-9868-57a2d4851a1d" relativeResultsDirectory="55bc0699-b541-43a2-93d9-81b22a952998" />
    <UnitTestResult executionId="42ec6655-83d8-415a-947e-3ef88304396e" testId="20b83e96-bb0c-eaa7-3f17-8420c76ddd7b" testName="TrySelectAvailableExportNameTest_ShouldReturnValidationResultOk_When2ndDirectoryDoNotExistsIsFalse" computerName="DKSR-EFI-04" duration="00:00:00.0011195" startTime="2023-12-22T09:38:01.8670316+01:00" endTime="2023-12-22T09:38:01.8670316+01:00" testType="13cdc9d9-ddb5-4fa4-a97d-d965ccfc6d4b" outcome="Passed" testListId="8c84fa94-04c1-424b-9868-57a2d4851a1d" relativeResultsDirectory="42ec6655-83d8-415a-947e-3ef88304396e" />
    <UnitTestResult executionId="b3346554-c555-4f03-82d5-de2ed41acf67" testId="cadbf7d4-d58e-eeac-6faf-7c00f5bba9ec" testName="SearchResultCombineType_DefaultValue_And" computerName="DKSR-EFI-04" duration="00:00:00.0106243" startTime="2023-12-22T09:37:28.4762229+01:00" endTime="2023-12-22T09:37:28.4918502+01:00" testType="13cdc9d9-ddb5-4fa4-a97d-d965ccfc6d4b" outcome="Passed" testListId="8c84fa94-04c1-424b-9868-57a2d4851a1d" relativeResultsDirectory="b3346554-c555-4f03-82d5-de2ed41acf67" />
    <UnitTestResult executionId="5078b385-f47b-477c-91dc-b4b86d61ed07" testId="e998f77e-77b2-7e10-d8db-3813eb8031aa" testName="GetClusters_ThreeInitialItems_ClustersForInitialItems (Data Row 14)" computerName="DKSR-EFI-04" duration="00:00:00.0082815" startTime="2023-12-22T09:37:57.3201337+01:00" endTime="2023-12-22T09:37:57.5076341+01:00" testType="13cdc9d9-ddb5-4fa4-a97d-d965ccfc6d4b" outcome="Passed" testListId="8c84fa94-04c1-424b-9868-57a2d4851a1d" relativeResultsDirectory="5078b385-f47b-477c-91dc-b4b86d61ed07" />
    <UnitTestResult executionId="9c01c61c-a592-4e3c-a43c-330237f1ac43" testId="079450ee-9c67-b58c-8699-2a3c056c36d2" testName="GetSearchTemplateAsync_Null_Failure" computerName="DKSR-EFI-04" duration="00:00:00.0032982" startTime="2023-12-22T09:37:34.1325037+01:00" endTime="2023-12-22T09:37:34.1481287+01:00" testType="13cdc9d9-ddb5-4fa4-a97d-d965ccfc6d4b" outcome="Passed" testListId="8c84fa94-04c1-424b-9868-57a2d4851a1d" relativeResultsDirectory="9c01c61c-a592-4e3c-a43c-330237f1ac43" />
    <UnitTestResult executionId="32363ee3-0666-4c57-b4a3-14919c7bc0fa" testId="80e1e452-82cf-b088-db40-d28f7d32c62d" testName="EdgeRetrieve when Live" computerName="DKSR-EFI-04" duration="00:00:00.0181995" startTime="2023-12-22T09:37:58.8045216+01:00" endTime="2023-12-22T09:37:59.0389054+01:00" testType="13cdc9d9-ddb5-4fa4-a97d-d965ccfc6d4b" outcome="Passed" testListId="8c84fa94-04c1-424b-9868-57a2d4851a1d" relativeResultsDirectory="32363ee3-0666-4c57-b4a3-14919c7bc0fa" />
    <UnitTestResult executionId="ab49e9dd-a5f3-45da-8bb9-f28950be29cf" testId="0888e3f9-abd4-4799-6395-fe5ed75b869d" testName="ShowAccessControlSystems_ShouldReturnFalse_WhenOneACSystemsAvailable" computerName="DKSR-EFI-04" duration="00:00:00.0041079" startTime="2023-12-22T09:38:07.8201953+01:00" endTime="2023-12-22T09:38:07.8201953+01:00" testType="13cdc9d9-ddb5-4fa4-a97d-d965ccfc6d4b" outcome="Passed" testListId="8c84fa94-04c1-424b-9868-57a2d4851a1d" relativeResultsDirectory="ab49e9dd-a5f3-45da-8bb9-f28950be29cf" />
    <UnitTestResult executionId="6c17bbd9-b1b8-4831-a123-8fa984c21e74" testId="a3df582b-9242-8550-dbc2-e8cf5432b6b2" testName="Connect_WhenCredentialsIsNull_ShouldThrowException" computerName="DKSR-EFI-04" duration="00:00:00.0255557" startTime="2023-12-22T09:36:00.6007531+01:00" endTime="2023-12-22T09:36:00.6163779+01:00" testType="13cdc9d9-ddb5-4fa4-a97d-d965ccfc6d4b" outcome="Passed" testListId="8c84fa94-04c1-424b-9868-57a2d4851a1d" relativeResultsDirectory="6c17bbd9-b1b8-4831-a123-8fa984c21e74" />
    <UnitTestResult executionId="fe5edeae-f37f-4d20-8bdd-4e48c318f199" testId="bd985866-6108-57f7-ecf5-4c4e6d1eb163" testName="ValidateExportLocation_ShouldReturnFailResult_ExportPathIsInvalid (qwerty)" computerName="DKSR-EFI-04" duration="00:00:00.0114945" startTime="2023-12-22T09:36:29.8196579+01:00" endTime="2023-12-22T09:36:29.8196579+01:00" testType="13cdc9d9-ddb5-4fa4-a97d-d965ccfc6d4b" outcome="Passed" testListId="8c84fa94-04c1-424b-9868-57a2d4851a1d" relativeResultsDirectory="fe5edeae-f37f-4d20-8bdd-4e48c318f199" />
    <UnitTestResult executionId="2424297f-5ebd-4114-a207-0f229f7b2d3b" testId="c38b7f29-0890-e425-1d35-d7b906d89816" testName="BuildEvidenceCreatedProperties_ShouldReturnCorrectValues (some headline,some description,03:00:00,Days,1.22:00:00,0,True,True,03:00:00,Days,1.22:00:00,0)" computerName="DKSR-EFI-04" duration="00:00:00.0140184" startTime="2023-12-22T09:38:06.1951883+01:00" endTime="2023-12-22T09:38:06.2108091+01:00" testType="13cdc9d9-ddb5-4fa4-a97d-d965ccfc6d4b" outcome="Passed" testListId="8c84fa94-04c1-424b-9868-57a2d4851a1d" relativeResultsDirectory="2424297f-5ebd-4114-a207-0f229f7b2d3b" />
    <UnitTestResult executionId="39c7afb1-4b68-462c-b9cd-c0ce7388a38d" testId="31863e20-a64d-0b66-e341-1da2a444bd4d" testName="OutputMapItem_ForceActivateAsync_InBuilding_Success" computerName="DKSR-EFI-04" duration="00:00:00.2267119" startTime="2023-12-22T09:37:53.9294913+01:00" endTime="2023-12-22T09:37:54.1638747+01:00" testType="13cdc9d9-ddb5-4fa4-a97d-d965ccfc6d4b" outcome="Passed" testListId="8c84fa94-04c1-424b-9868-57a2d4851a1d" relativeResultsDirectory="39c7afb1-4b68-462c-b9cd-c0ce7388a38d" />
    <UnitTestResult executionId="dca48d5a-08bd-4022-92b4-8dafd48c129a" testId="ed8ce939-1ecb-5339-ef24-908cae52144a" testName="PtzInfoViewModel_PtzCotrolledByPatrollingTest" computerName="DKSR-EFI-04" duration="00:00:00.0022170" startTime="2023-12-22T09:36:08.0851679+01:00" endTime="2023-12-22T09:36:08.0851679+01:00" testType="13cdc9d9-ddb5-4fa4-a97d-d965ccfc6d4b" outcome="Passed" testListId="8c84fa94-04c1-424b-9868-57a2d4851a1d" relativeResultsDirectory="dca48d5a-08bd-4022-92b4-8dafd48c129a" />
    <UnitTestResult executionId="df2adcdc-dd3e-4131-9ad5-c385bdb9edc6" testId="f6513c15-778f-06ab-2b80-8faa11f30046" testName="Password1 valid, Password 2 invalid, higher length" computerName="DKSR-EFI-04" duration="00:00:00.0002904" startTime="2023-12-22T09:36:30.1477870+01:00" endTime="2023-12-22T09:36:30.1477870+01:00" testType="13cdc9d9-ddb5-4fa4-a97d-d965ccfc6d4b" outcome="Passed" testListId="8c84fa94-04c1-424b-9868-57a2d4851a1d" relativeResultsDirectory="df2adcdc-dd3e-4131-9ad5-c385bdb9edc6" />
    <UnitTestResult executionId="174d3c74-a6d6-459b-af43-f5d8cd136b2a" testId="d8b2b973-4ac7-3ca5-0bd3-f1fc5da91e4d" testName="GetSnapshots_SuccessAndFailure" computerName="DKSR-EFI-04" duration="00:00:00.0040419" startTime="2023-12-22T09:37:33.5231267+01:00" endTime="2023-12-22T09:37:33.5231267+01:00" testType="13cdc9d9-ddb5-4fa4-a97d-d965ccfc6d4b" outcome="Passed" testListId="8c84fa94-04c1-424b-9868-57a2d4851a1d" relativeResultsDirectory="174d3c74-a6d6-459b-af43-f5d8cd136b2a" />
    <UnitTestResult executionId="433c8792-5463-4698-83c5-e4c38af4fb34" testId="00ac5168-01a9-aa78-532b-b6d6c419a156" testName="ClearSelectedCamerasCommand_EmptyList_CommandNotExecutable" computerName="DKSR-EFI-04" duration="00:00:00.0077303" startTime="2023-12-22T09:37:27.6481011+01:00" endTime="2023-12-22T09:37:27.6637213+01:00" testType="13cdc9d9-ddb5-4fa4-a97d-d965ccfc6d4b" outcome="Passed" testListId="8c84fa94-04c1-424b-9868-57a2d4851a1d" relativeResultsDirectory="433c8792-5463-4698-83c5-e4c38af4fb34" />
    <UnitTestResult executionId="829b9ac2-9c88-4300-9299-5657f9269b5e" testId="0ce35179-5c3e-8d99-982b-1a911192d0c8" testName="BookmarkSearchTime_WithSearchStringInDifferentCases_ReturnCorrectBookmarkWithSearchStringInHeader (SeArChStRiNg,True,True,False,False,,,1)" computerName="DKSR-EFI-04" duration="00:00:00.0058077" startTime="2023-12-22T09:38:01.1951549+01:00" endTime="2023-12-22T09:38:01.2107851+01:00" testType="13cdc9d9-ddb5-4fa4-a97d-d965ccfc6d4b" outcome="Passed" testListId="8c84fa94-04c1-424b-9868-57a2d4851a1d" relativeResultsDirectory="829b9ac2-9c88-4300-9299-5657f9269b5e" />
    <UnitTestResult executionId="8f43831b-afbc-4793-822b-4ac7eda366aa" testId="1b215d44-dc60-3855-41b7-391caaf25646" testName="PatrollingProfileViewModelTest_Save_UpdateProfile" computerName="DKSR-EFI-04" duration="00:00:00.0036260" startTime="2023-12-22T09:37:58.0232647+01:00" endTime="2023-12-22T09:37:58.0232647+01:00" testType="13cdc9d9-ddb5-4fa4-a97d-d965ccfc6d4b" outcome="Passed" testListId="8c84fa94-04c1-424b-9868-57a2d4851a1d" relativeResultsDirectory="8f43831b-afbc-4793-822b-4ac7eda366aa" />
    <UnitTestResult executionId="637311f8-19db-408c-b3c4-6fac67ce2f1f" testId="1d64d188-2f85-c3c0-9756-83b6a2cd8474" testName="Constructor_ShouldAttachOnUpdateUnmutedMicrophonesRaised_WhenCalled" computerName="DKSR-EFI-04" duration="00:00:00.1044531" startTime="2023-12-22T09:37:53.4138645+01:00" endTime="2023-12-22T09:37:53.5076107+01:00" testType="13cdc9d9-ddb5-4fa4-a97d-d965ccfc6d4b" outcome="Passed" testListId="8c84fa94-04c1-424b-9868-57a2d4851a1d" relativeResultsDirectory="637311f8-19db-408c-b3c4-6fac67ce2f1f" />
    <UnitTestResult executionId="54958847-e665-4c5b-aaf1-d58360d8f256" testId="b5ee2c9c-1f7c-6f06-e4ae-c68c87fb3f67" testName="DeleteBookmarksAsync_DeleteBookmark_ServerError_ErrorRaised" computerName="DKSR-EFI-04" duration="00:00:00.0039734" startTime="2023-12-22T09:37:24.4293266+01:00" endTime="2023-12-22T09:37:24.4293266+01:00" testType="13cdc9d9-ddb5-4fa4-a97d-d965ccfc6d4b" outcome="Passed" testListId="8c84fa94-04c1-424b-9868-57a2d4851a1d" relativeResultsDirectory="54958847-e665-4c5b-aaf1-d58360d8f256" />
    <UnitTestResult executionId="5f9cbb2f-9a47-4f70-a65d-335bc9c2728b" testId="63e96068-9f53-27fa-ddcd-94b9c2880dd5" testName="GetCredential_ShouldReturnContainedBasicCredentials_WhenUriAndAuthTypeAreNotNull" computerName="DKSR-EFI-04" duration="00:00:00.0003150" startTime="2023-12-22T09:36:07.6632922+01:00" endTime="2023-12-22T09:36:07.6632922+01:00" testType="13cdc9d9-ddb5-4fa4-a97d-d965ccfc6d4b" outcome="Passed" testListId="8c84fa94-04c1-424b-9868-57a2d4851a1d" relativeResultsDirectory="5f9cbb2f-9a47-4f70-a65d-335bc9c2728b" />
    <UnitTestResult executionId="273fba4b-8a78-47ac-8f70-f7f6ed65c3c7" testId="9e54b2cc-1227-f4b9-99d1-ff15db1cd685" testName="AddToExportDevices_ShouldReturnCorrectResult (5,0,5)" computerName="DKSR-EFI-04" duration="00:00:00.0027624" startTime="2023-12-22T09:38:00.1326502+01:00" endTime="2023-12-22T09:38:00.1326502+01:00" testType="13cdc9d9-ddb5-4fa4-a97d-d965ccfc6d4b" outcome="Passed" testListId="8c84fa94-04c1-424b-9868-57a2d4851a1d" relativeResultsDirectory="273fba4b-8a78-47ac-8f70-f7f6ed65c3c7" />
    <UnitTestResult executionId="11a45418-b8e1-47a8-93e9-efba0c9a6cd6" testId="ad2137f8-da12-9879-f4e4-b1576d0429b7" testName="InitialPassword_ShouldBePropagatedToPasswords" computerName="DKSR-EFI-04" duration="00:00:00.0014921" startTime="2023-12-22T09:36:30.1321612+01:00" endTime="2023-12-22T09:36:30.1321612+01:00" testType="13cdc9d9-ddb5-4fa4-a97d-d965ccfc6d4b" outcome="Passed" testListId="8c84fa94-04c1-424b-9868-57a2d4851a1d" relativeResultsDirectory="11a45418-b8e1-47a8-93e9-efba0c9a6cd6" />
    <UnitTestResult executionId="684f269c-2ce6-4586-bc19-2e36bdc66e82" testId="3dd17c2d-4aaa-fdf7-41d3-a00ff3aff086" testName="Constructor_ShouldRaiseArgumentNullException_WhenNextDeviceDataHandlerIsNull" computerName="DKSR-EFI-04" duration="00:00:00.0098074" startTime="2023-12-22T09:36:26.0227650+01:00" endTime="2023-12-22T09:36:26.0227650+01:00" testType="13cdc9d9-ddb5-4fa4-a97d-d965ccfc6d4b" outcome="Passed" testListId="8c84fa94-04c1-424b-9868-57a2d4851a1d" relativeResultsDirectory="684f269c-2ce6-4586-bc19-2e36bdc66e82" />
    <UnitTestResult executionId="2e43717a-fa5a-4c44-9463-e33717bf2552" testId="2716e864-2686-b94f-0317-399f0994a985" testName="Command_ShouldInvokeRemoveMipMapItem_WhenExecutedForSingleSelectedItem" computerName="DKSR-EFI-04" duration="00:00:00.0055016" startTime="2023-12-22T09:36:23.4290010+01:00" endTime="2023-12-22T09:36:23.4446237+01:00" testType="13cdc9d9-ddb5-4fa4-a97d-d965ccfc6d4b" outcome="Passed" testListId="8c84fa94-04c1-424b-9868-57a2d4851a1d" relativeResultsDirectory="2e43717a-fa5a-4c44-9463-e33717bf2552" />
    <UnitTestResult executionId="8299e398-b53f-48e5-82cc-6a3880298b4d" testId="e91df096-2318-b52c-fe1f-08261834359a" testName="DateToStringConverter_MultiConvertBack_Fail" computerName="DKSR-EFI-04" duration="00:00:00.0011825" startTime="2023-12-22T09:37:04.1010937+01:00" endTime="2023-12-22T09:37:04.1010937+01:00" testType="13cdc9d9-ddb5-4fa4-a97d-d965ccfc6d4b" outcome="Passed" testListId="8c84fa94-04c1-424b-9868-57a2d4851a1d" relativeResultsDirectory="8299e398-b53f-48e5-82cc-6a3880298b4d" />
    <UnitTestResult executionId="41d2d801-7472-4bf7-a666-79ce970c221e" testId="8baf1177-ddd8-e709-9da7-68dded36199a" testName="IconTooltip_ShouldBeValid_WhenInteractionStateIsAddOutput" computerName="DKSR-EFI-04" duration="00:00:00.0004387" startTime="2023-12-22T09:36:14.9445795+01:00" endTime="2023-12-22T09:36:14.9445795+01:00" testType="13cdc9d9-ddb5-4fa4-a97d-d965ccfc6d4b" outcome="Passed" testListId="8c84fa94-04c1-424b-9868-57a2d4851a1d" relativeResultsDirectory="41d2d801-7472-4bf7-a666-79ce970c221e" />
    <UnitTestResult executionId="6133187d-cb15-43f4-9117-718b061104ac" testId="8893b278-aa55-a685-d169-59d2e6a2a2db" testName="AssignPanTiltValue_WhenValueMax_ShouldReturnMaxValue" computerName="DKSR-EFI-04" duration="00:00:00.0001537" startTime="2023-12-22T09:36:08.1789189+01:00" endTime="2023-12-22T09:36:08.1789189+01:00" testType="13cdc9d9-ddb5-4fa4-a97d-d965ccfc6d4b" outcome="Passed" testListId="8c84fa94-04c1-424b-9868-57a2d4851a1d" relativeResultsDirectory="6133187d-cb15-43f4-9117-718b061104ac" />
    <UnitTestResult executionId="8fffa929-841a-476b-9aaf-286002d304b2" testId="0de77785-462a-9bb1-5b6c-6230796bd88d" testName="ToSafeName_DifferentSeperator_Success" computerName="DKSR-EFI-04" duration="00:00:00.0000958" startTime="2023-12-22T09:38:06.2733052+01:00" endTime="2023-12-22T09:38:06.2733052+01:00" testType="13cdc9d9-ddb5-4fa4-a97d-d965ccfc6d4b" outcome="Passed" testListId="8c84fa94-04c1-424b-9868-57a2d4851a1d" relativeResultsDirectory="8fffa929-841a-476b-9aaf-286002d304b2" />
    <UnitTestResult executionId="eec270c2-5900-434e-ba59-fb9fbe318b82" testId="d88de873-7cef-0143-495e-05b7d2b41757" testName="ToString_ShouldSuccess_Always" computerName="DKSR-EFI-04" duration="00:00:00.0362160" startTime="2023-12-22T09:37:57.1795087+01:00" endTime="2023-12-22T09:37:57.2107607+01:00" testType="13cdc9d9-ddb5-4fa4-a97d-d965ccfc6d4b" outcome="Passed" testListId="8c84fa94-04c1-424b-9868-57a2d4851a1d" relativeResultsDirectory="eec270c2-5900-434e-ba59-fb9fbe318b82" />
    <UnitTestResult executionId="7f491eda-74a5-4702-97c5-609f48c983d9" testId="e5b3b709-ebd8-5410-dfc8-207021a3b5a1" testName="GetDuration_OneDayAndTwoHours_Success" computerName="DKSR-EFI-04" duration="00:00:00.0003642" startTime="2023-12-22T09:37:33.5543767+01:00" endTime="2023-12-22T09:37:33.5543767+01:00" testType="13cdc9d9-ddb5-4fa4-a97d-d965ccfc6d4b" outcome="Passed" testListId="8c84fa94-04c1-424b-9868-57a2d4851a1d" relativeResultsDirectory="7f491eda-74a5-4702-97c5-609f48c983d9" />
    <UnitTestResult executionId="0813b52c-ff16-499b-b522-711de1079c0c" testId="0910d3e9-c4fa-4b0a-4db0-a2f6efd079c5" testName="AssignPanTiltValue_WhenValueMin_ShouldReturnMinValue" computerName="DKSR-EFI-04" duration="00:00:00.0001378" startTime="2023-12-22T09:36:08.1789189+01:00" endTime="2023-12-22T09:36:08.1789189+01:00" testType="13cdc9d9-ddb5-4fa4-a97d-d965ccfc6d4b" outcome="Passed" testListId="8c84fa94-04c1-424b-9868-57a2d4851a1d" relativeResultsDirectory="0813b52c-ff16-499b-b522-711de1079c0c" />
    <UnitTestResult executionId="0430c292-7817-4c22-8a97-d22ab2c7af69" testId="dff598f9-366f-62da-9c71-d860a04dd5cd" testName="SidePanelToggleButtonIsVisible_DependingOnConditions (FullScreen,True,True,False)" computerName="DKSR-EFI-04" duration="00:00:00.0180076" startTime="2023-12-22T09:37:59.2107667+01:00" endTime="2023-12-22T09:37:59.2263969+01:00" testType="13cdc9d9-ddb5-4fa4-a97d-d965ccfc6d4b" outcome="Passed" testListId="8c84fa94-04c1-424b-9868-57a2d4851a1d" relativeResultsDirectory="0430c292-7817-4c22-8a97-d22ab2c7af69" />
    <UnitTestResult executionId="4c4567a7-b983-42ad-b93c-df53dbc3c111" testId="9a284a1d-156e-907f-d45e-bf23dce7a8b2" testName="HandleGetLayerFeatures_ShouldRaiseArgumentException_WhenNotInputKind" computerName="DKSR-EFI-04" duration="00:00:00.0010156" startTime="2023-12-22T09:37:55.7732541+01:00" endTime="2023-12-22T09:37:55.7732541+01:00" testType="13cdc9d9-ddb5-4fa4-a97d-d965ccfc6d4b" outcome="Passed" testListId="8c84fa94-04c1-424b-9868-57a2d4851a1d" relativeResultsDirectory="4c4567a7-b983-42ad-b93c-df53dbc3c111" />
    <UnitTestResult executionId="a6fe1776-ecc1-4f63-9b02-177aa6bb4751" testId="15dcfbd5-f39d-5642-bf0e-0d9eb38e85f1" testName="PatrollingProfileListViewModel_Constructor_Success" computerName="DKSR-EFI-04" duration="00:00:00.0333627" startTime="2023-12-22T09:37:57.8357607+01:00" endTime="2023-12-22T09:37:57.8670198+01:00" testType="13cdc9d9-ddb5-4fa4-a97d-d965ccfc6d4b" outcome="Passed" testListId="8c84fa94-04c1-424b-9868-57a2d4851a1d" relativeResultsDirectory="a6fe1776-ecc1-4f63-9b02-177aa6bb4751" />
    <UnitTestResult executionId="e74ce652-df59-44e5-8b1e-9ce5f74198b0" testId="e998f77e-77b2-7e10-d8db-3813eb8031aa" testName="GetClusters_ThreeInitialItems_ClustersForInitialItems (Data Row 3)" computerName="DKSR-EFI-04" duration="00:00:00.0106786" startTime="2023-12-22T09:37:57.3201337+01:00" endTime="2023-12-22T09:37:57.5076341+01:00" testType="13cdc9d9-ddb5-4fa4-a97d-d965ccfc6d4b" outcome="Passed" testListId="8c84fa94-04c1-424b-9868-57a2d4851a1d" relativeResultsDirectory="e74ce652-df59-44e5-8b1e-9ce5f74198b0" />
    <UnitTestResult executionId="51be9cbc-abbb-40de-ad28-6bd78e506412" testId="337537ae-5ca8-61cb-549e-269d84719921" testName="SmartSearchStatusType_ShouldYieldSameValuesForAllEnumValues_WhenRoundTripConverted (SearchResultReady,SearchResultReady)" computerName="DKSR-EFI-04" duration="00:00:00.0000303" startTime="2023-12-22T09:36:00.5695032+01:00" endTime="2023-12-22T09:36:00.5695032+01:00" testType="13cdc9d9-ddb5-4fa4-a97d-d965ccfc6d4b" outcome="Passed" testListId="8c84fa94-04c1-424b-9868-57a2d4851a1d" relativeResultsDirectory="51be9cbc-abbb-40de-ad28-6bd78e506412" />
    <UnitTestResult executionId="be46993f-d30e-4be0-9c0a-a00b28029168" testId="611c2ae8-85c7-442b-a5ec-d38ddebdb9be" testName="GetClusters_ShouldSplitSuperClusterIntoSimpleClusters_WhenZoomingIn" computerName="DKSR-EFI-04" duration="00:00:00.0020089" startTime="2023-12-22T09:37:57.8045068+01:00" endTime="2023-12-22T09:37:57.8045068+01:00" testType="13cdc9d9-ddb5-4fa4-a97d-d965ccfc6d4b" outcome="Passed" testListId="8c84fa94-04c1-424b-9868-57a2d4851a1d" relativeResultsDirectory="be46993f-d30e-4be0-9c0a-a00b28029168" />
    <UnitTestResult executionId="72e1ac5a-6e26-4ee7-8d8d-d9dd538494ce" testId="d47eb9ec-3b5d-0e31-8fe7-d1a0340bf1c0" testName="UpdateScope_RelativeScopeDurationToTimeChanged_ReturnsFalse" computerName="DKSR-EFI-04" duration="00:00:00.0002584" startTime="2023-12-22T09:37:35.1637634+01:00" endTime="2023-12-22T09:37:35.1637634+01:00" testType="13cdc9d9-ddb5-4fa4-a97d-d965ccfc6d4b" outcome="Passed" testListId="8c84fa94-04c1-424b-9868-57a2d4851a1d" relativeResultsDirectory="72e1ac5a-6e26-4ee7-8d8d-d9dd538494ce" />
    <UnitTestResult executionId="59b3d9df-ae4c-4c30-8696-d0deb4db22c0" testId="c6c12d45-27fb-4bdb-9c70-a3598bb5e949" testName="GetCameraTypes_ShouldReturnCameraGroupType" computerName="DKSR-EFI-04" duration="00:00:00.0003548" startTime="2023-12-22T09:38:01.9920310+01:00" endTime="2023-12-22T09:38:01.9920310+01:00" testType="13cdc9d9-ddb5-4fa4-a97d-d965ccfc6d4b" outcome="Passed" testListId="8c84fa94-04c1-424b-9868-57a2d4851a1d" relativeResultsDirectory="59b3d9df-ae4c-4c30-8696-d0deb4db22c0" />
    <UnitTestResult executionId="3c917577-0cc5-4a1d-aa6b-763dbf169d07" testId="b747edf0-9262-f0c5-aca1-78a34402aa92" testName="SearchAction_LiveMode" computerName="DKSR-EFI-04" duration="00:00:00.0180226" startTime="2023-12-22T09:38:00.6795308+01:00" endTime="2023-12-22T09:38:00.6951576+01:00" testType="13cdc9d9-ddb5-4fa4-a97d-d965ccfc6d4b" outcome="Passed" testListId="8c84fa94-04c1-424b-9868-57a2d4851a1d" relativeResultsDirectory="3c917577-0cc5-4a1d-aa6b-763dbf169d07" />
    <UnitTestResult executionId="d64621ed-bbb0-4b39-b9ac-0e409363c123" testId="cbb16c95-d728-15c5-f7f7-7aec1e98ffde" testName="ResolveGenericResultProperties_ShouldReturnGenericPropertiesFromASingleSearchResult_WhenGivenASingleSearchResult" computerName="DKSR-EFI-04" duration="00:00:00.0016835" startTime="2023-12-22T09:37:33.7575107+01:00" endTime="2023-12-22T09:37:33.7575107+01:00" testType="13cdc9d9-ddb5-4fa4-a97d-d965ccfc6d4b" outcome="Passed" testListId="8c84fa94-04c1-424b-9868-57a2d4851a1d" relativeResultsDirectory="d64621ed-bbb0-4b39-b9ac-0e409363c123" />
    <UnitTestResult executionId="65001304-ffcb-41bc-99e9-92b466fc839c" testId="fe7cc80a-38c0-8f78-ba29-abacfcc11533" testName="CreateReportAsync_ShouldReturnNormalPdf_WhereOneSearchResultIsPrinted" computerName="DKSR-EFI-04" duration="00:00:00.7223567" startTime="2023-12-22T09:37:28.8668527+01:00" endTime="2023-12-22T09:37:29.6012299+01:00" testType="13cdc9d9-ddb5-4fa4-a97d-d965ccfc6d4b" outcome="Passed" testListId="8c84fa94-04c1-424b-9868-57a2d4851a1d" relativeResultsDirectory="65001304-ffcb-41bc-99e9-92b466fc839c" />
    <UnitTestResult executionId="e976e1b4-43a3-4b9b-82bc-11990a8b89e1" testId="4fb4182c-2a3f-97bb-507b-d3ceb3937b43" testName="ExcludeItem_CameraItem_Excluded" computerName="DKSR-EFI-04" duration="00:00:00.0109954" startTime="2023-12-22T09:37:56.6638974+01:00" endTime="2023-12-22T09:37:56.6795043+01:00" testType="13cdc9d9-ddb5-4fa4-a97d-d965ccfc6d4b" outcome="Passed" testListId="8c84fa94-04c1-424b-9868-57a2d4851a1d" relativeResultsDirectory="e976e1b4-43a3-4b9b-82bc-11990a8b89e1" />
    <UnitTestResult executionId="69ad6a55-9786-4782-9d05-325d3054669a" testId="bbcf692c-7333-592c-a07e-45efe599945b" testName="GetSnapshots_Success" computerName="DKSR-EFI-04" duration="00:00:00.0033722" startTime="2023-12-22T09:37:33.5231267+01:00" endTime="2023-12-22T09:37:33.5231267+01:00" testType="13cdc9d9-ddb5-4fa4-a97d-d965ccfc6d4b" outcome="Passed" testListId="8c84fa94-04c1-424b-9868-57a2d4851a1d" relativeResultsDirectory="69ad6a55-9786-4782-9d05-325d3054669a" />
    <UnitTestResult executionId="3cb8c8cd-b5f0-4d97-b689-faa178571b98" testId="d77e07f4-f850-753d-8f8c-2c87b60f7fa6" testName="CreateSearchTemplateAsync_ThrowException_Success" computerName="DKSR-EFI-04" duration="00:00:00.1157488" startTime="2023-12-22T09:37:33.9293830+01:00" endTime="2023-12-22T09:37:34.0543805+01:00" testType="13cdc9d9-ddb5-4fa4-a97d-d965ccfc6d4b" outcome="Passed" testListId="8c84fa94-04c1-424b-9868-57a2d4851a1d" relativeResultsDirectory="3cb8c8cd-b5f0-4d97-b689-faa178571b98" />
    <UnitTestResult executionId="4b16cf5b-a209-4ef3-986f-50e4a16b16cf" testId="3a461286-4d9a-bb6f-bf27-81b491059d6a" testName="DeleteMapItems_ShouldReturnFalse_WhenItemListIsNullOrEmpty" computerName="DKSR-EFI-04" duration="00:00:00.0031615" startTime="2023-12-22T09:37:52.9451111+01:00" endTime="2023-12-22T09:37:52.9451111+01:00" testType="13cdc9d9-ddb5-4fa4-a97d-d965ccfc6d4b" outcome="Passed" testListId="8c84fa94-04c1-424b-9868-57a2d4851a1d" relativeResultsDirectory="4b16cf5b-a209-4ef3-986f-50e4a16b16cf" />
    <UnitTestResult executionId="75bc80fa-3a58-472c-99d9-8fbe8243d000" testId="7e58be8f-9941-69cb-e59f-eb5323ed9f2d" testName="SupportsRightClick_ShouldBeTrue_WhenInteractionStateIsNormal" computerName="DKSR-EFI-04" duration="00:00:00.0894677" startTime="2023-12-22T09:36:22.7883704+01:00" endTime="2023-12-22T09:36:22.8664968+01:00" testType="13cdc9d9-ddb5-4fa4-a97d-d965ccfc6d4b" outcome="Passed" testListId="8c84fa94-04c1-424b-9868-57a2d4851a1d" relativeResultsDirectory="75bc80fa-3a58-472c-99d9-8fbe8243d000" />
    <UnitTestResult executionId="eb6be79b-c1c5-400b-8f84-3bae4375eab4" testId="a03d49df-0221-3c4c-4d83-361bfb025c76" testName="TestAttachedView_Success" computerName="DKSR-EFI-04" duration="00:00:00.0023490" startTime="2023-12-22T09:38:05.8670568+01:00" endTime="2023-12-22T09:38:05.8670568+01:00" testType="13cdc9d9-ddb5-4fa4-a97d-d965ccfc6d4b" outcome="Passed" testListId="8c84fa94-04c1-424b-9868-57a2d4851a1d" relativeResultsDirectory="eb6be79b-c1c5-400b-8f84-3bae4375eab4" />
    <UnitTestResult executionId="1948088d-b668-42fc-b623-139285e3ecf9" testId="c179356e-fb95-bde9-7e42-099773116f5f" testName="ShouldCameraListItemBeEnabledForCamera_ShouldReturnTrue" computerName="DKSR-EFI-04" duration="00:00:00.0003885" startTime="2023-12-22T09:37:49.1013450+01:00" endTime="2023-12-22T09:37:49.1013450+01:00" testType="13cdc9d9-ddb5-4fa4-a97d-d965ccfc6d4b" outcome="Passed" testListId="8c84fa94-04c1-424b-9868-57a2d4851a1d" relativeResultsDirectory="1948088d-b668-42fc-b623-139285e3ecf9" />
    <UnitTestResult executionId="3ca1e2a9-797a-40ae-9517-0e6a1bf2173e" testId="af1a0be1-93c9-d922-1b83-a62e257edad1" testName="UpdateSearchTemplateAsync_ThrowException_Success" computerName="DKSR-EFI-04" duration="00:00:00.0174308" startTime="2023-12-22T09:37:34.0856337+01:00" endTime="2023-12-22T09:37:34.1012547+01:00" testType="13cdc9d9-ddb5-4fa4-a97d-d965ccfc6d4b" outcome="Passed" testListId="8c84fa94-04c1-424b-9868-57a2d4851a1d" relativeResultsDirectory="3ca1e2a9-797a-40ae-9517-0e6a1bf2173e" />
    <UnitTestResult executionId="c41ff3b8-514d-4b64-98d1-c1b7e4e943b1" testId="2f70380e-1d07-1023-936c-dd584dd81a70" testName="CreateUniqeNameTest" computerName="DKSR-EFI-04" duration="00:00:00.0021163" startTime="2023-12-22T09:38:04.3045463+01:00" endTime="2023-12-22T09:38:04.3045463+01:00" testType="13cdc9d9-ddb5-4fa4-a97d-d965ccfc6d4b" outcome="Passed" testListId="8c84fa94-04c1-424b-9868-57a2d4851a1d" relativeResultsDirectory="c41ff3b8-514d-4b64-98d1-c1b7e4e943b1" />
    <UnitTestResult executionId="e16226a8-691b-41b1-a88a-ff85ec69b8c3" testId="3e265c80-d18d-ffa2-733c-86a2e1bcbc61" testName="SearchResultsActionBarActions_MipActionSupportsSelectedSearchResult_ActionEnabled" computerName="DKSR-EFI-04" duration="00:00:00.0113622" startTime="2023-12-22T09:37:25.2418321+01:00" endTime="2023-12-22T09:37:25.2574622+01:00" testType="13cdc9d9-ddb5-4fa4-a97d-d965ccfc6d4b" outcome="Passed" testListId="8c84fa94-04c1-424b-9868-57a2d4851a1d" relativeResultsDirectory="e16226a8-691b-41b1-a88a-ff85ec69b8c3" />
    <UnitTestResult executionId="b07eca96-1804-4740-9982-1fec513d3747" testId="e310b5f1-c455-40bf-82e5-d008ba1db855" testName="TestSaveMap_NoChanges_Success" computerName="DKSR-EFI-04" duration="00:00:00.0443299" startTime="2023-12-22T09:37:51.9294830+01:00" endTime="2023-12-22T09:37:51.9763560+01:00" testType="13cdc9d9-ddb5-4fa4-a97d-d965ccfc6d4b" outcome="Passed" testListId="8c84fa94-04c1-424b-9868-57a2d4851a1d" relativeResultsDirectory="b07eca96-1804-4740-9982-1fec513d3747">
      <Output>
        <StdOut>Debug Trace:&#xD;
 &gt;&gt;&gt; ERROR: System.NullReferenceException: Object reference not set to an instance of an object.&#xD;
   at VideoOS.RemoteClient.GisMapData.MapLayers.MapLayer.&lt;LoadItemsAsync&gt;d__102.MoveNext() in D:\actions-runner\_work\XPCO\XPCO\SC\Components\dotNet\VideoOS.RemoteClient.GisMapData\MapLayers\MapLayer.cs:line 531&#xD;
 &gt;&gt;&gt; Stack:    at VideoOS.RemoteClient.GisMapData.MapLayers.MapLayer.&lt;LoadItemsAsync&gt;d__102.MoveNext() in D:\actions-runner\_work\XPCO\XPCO\SC\Components\dotNet\VideoOS.RemoteClient.GisMapData\MapLayers\MapLayer.cs:line 531&#xD;
 &gt;&gt;&gt; ERROR: System.NullReferenceException: Object reference not set to an instance of an object.&#xD;
   at VideoOS.RemoteClient.GisMapData.MapLayers.MapLayer.&lt;LoadItemsAsync&gt;d__102.MoveNext() in D:\actions-runner\_work\XPCO\XPCO\SC\Components\dotNet\VideoOS.RemoteClient.GisMapData\MapLayers\MapLayer.cs:line 531&#xD;
 &gt;&gt;&gt; Stack:    at VideoOS.RemoteClient.GisMapData.MapLayers.MapLayer.&lt;LoadItemsAsync&gt;d__102.MoveNext() in D:\actions-runner\_work\XPCO\XPCO\SC\Components\dotNet\VideoOS.RemoteClient.GisMapData\MapLayers\MapLayer.cs:line 531</StdOut>
      </Output>
    </UnitTestResult>
    <UnitTestResult executionId="f70a636e-b029-4f75-942f-fccca61e734f" testId="c3f29bf2-4c11-11c6-eb66-4e32acc46d8c" testName="MainScopeTitleMaxWidthConverter_ProvideValueSuccess" computerName="DKSR-EFI-04" duration="00:00:00.0006112" startTime="2023-12-22T09:37:04.1479695+01:00" endTime="2023-12-22T09:37:04.1479695+01:00" testType="13cdc9d9-ddb5-4fa4-a97d-d965ccfc6d4b" outcome="Passed" testListId="8c84fa94-04c1-424b-9868-57a2d4851a1d" relativeResultsDirectory="f70a636e-b029-4f75-942f-fccca61e734f" />
    <UnitTestResult executionId="4b680c1a-f0b6-4c5f-90b6-399b9d38e33c" testId="efa5f5d5-e246-d31e-90ae-ee25a83e9147" testName="LoadBuilding_DefaultLevel_Selected" computerName="DKSR-EFI-04" duration="00:00:00.0229999" startTime="2023-12-22T09:37:49.7888422+01:00" endTime="2023-12-22T09:37:49.8044698+01:00" testType="13cdc9d9-ddb5-4fa4-a97d-d965ccfc6d4b" outcome="Passed" testListId="8c84fa94-04c1-424b-9868-57a2d4851a1d" relativeResultsDirectory="4b680c1a-f0b6-4c5f-90b6-399b9d38e33c" />
    <UnitTestResult executionId="0be9ca3f-6f53-4f42-b413-e34b423415b3" testId="00898047-0053-d119-5ff1-919a14dc0313" testName="WorkspaceToolBarItemEvidenceLockCreate_ShouldGoIntoSelectionMode_WhenNotInSelectionMode" computerName="DKSR-EFI-04" duration="00:00:00.0022403" startTime="2023-12-22T09:38:00.8982765+01:00" endTime="2023-12-22T09:38:00.8982765+01:00" testType="13cdc9d9-ddb5-4fa4-a97d-d965ccfc6d4b" outcome="Passed" testListId="8c84fa94-04c1-424b-9868-57a2d4851a1d" relativeResultsDirectory="0be9ca3f-6f53-4f42-b413-e34b423415b3" />
    <UnitTestResult executionId="15593e0b-06d6-4b5e-a148-48ec21a46ee5" testId="670e500e-5c39-dd47-a9de-bf38c3c1554c" testName="ConvertToValidPath_WhenNotAllowDirectories_ConvertToValidPath" computerName="DKSR-EFI-04" duration="00:00:00.0004033" startTime="2023-12-22T09:38:06.0233076+01:00" endTime="2023-12-22T09:38:06.0233076+01:00" testType="13cdc9d9-ddb5-4fa4-a97d-d965ccfc6d4b" outcome="Passed" testListId="8c84fa94-04c1-424b-9868-57a2d4851a1d" relativeResultsDirectory="15593e0b-06d6-4b5e-a148-48ec21a46ee5" />
    <UnitTestResult executionId="98bacd9e-3b42-44b9-b562-ca23a2fa8d47" testId="831c9d38-b235-c32d-79f4-dc554e18bb06" testName="PtzSessionControllerInfo_ReservedChangedTest_Different" computerName="DKSR-EFI-04" duration="00:00:00.0003454" startTime="2023-12-22T09:36:07.2882915+01:00" endTime="2023-12-22T09:36:07.2882915+01:00" testType="13cdc9d9-ddb5-4fa4-a97d-d965ccfc6d4b" outcome="Passed" testListId="8c84fa94-04c1-424b-9868-57a2d4851a1d" relativeResultsDirectory="98bacd9e-3b42-44b9-b562-ca23a2fa8d47" />
    <UnitTestResult executionId="33e55ba0-e1d7-4bcb-9eda-256fbde9a572" testId="ac8d1b70-d786-34c4-5f08-7e56322f2a79" testName="LanguageOptionsData_NullsIgnored_Success" computerName="DKSR-EFI-04" duration="00:00:00.0003887" startTime="2023-12-22T09:37:58.1638944+01:00" endTime="2023-12-22T09:37:58.1638944+01:00" testType="13cdc9d9-ddb5-4fa4-a97d-d965ccfc6d4b" outcome="Passed" testListId="8c84fa94-04c1-424b-9868-57a2d4851a1d" relativeResultsDirectory="33e55ba0-e1d7-4bcb-9eda-256fbde9a572" />
    <UnitTestResult executionId="de098b94-369d-4e89-94de-51660f5bcc8f" testId="a181eeb7-1c31-8890-a7e0-69f2adb601a4" testName="GetClusters_ShouldMergeSimpleClustersToSuperCluster_WhenZoomingOut" computerName="DKSR-EFI-04" duration="00:00:00.0099065" startTime="2023-12-22T09:37:57.7888826+01:00" endTime="2023-12-22T09:37:57.8045068+01:00" testType="13cdc9d9-ddb5-4fa4-a97d-d965ccfc6d4b" outcome="Passed" testListId="8c84fa94-04c1-424b-9868-57a2d4851a1d" relativeResultsDirectory="de098b94-369d-4e89-94de-51660f5bcc8f" />
    <UnitTestResult executionId="7b5e399d-06db-4015-84e9-45e4e9b16252" testId="4f0f0f05-4e54-c98a-97cd-1164c4d7679e" testName="Constructor_ShouldRaiseArgumentNullException_WhenEventServerIdsIsNull" computerName="DKSR-EFI-04" duration="00:00:00.0013399" startTime="2023-12-22T09:38:07.8514400+01:00" endTime="2023-12-22T09:38:07.8514400+01:00" testType="13cdc9d9-ddb5-4fa4-a97d-d965ccfc6d4b" outcome="Passed" testListId="8c84fa94-04c1-424b-9868-57a2d4851a1d" relativeResultsDirectory="7b5e399d-06db-4015-84e9-45e4e9b16252" />
    <UnitTestResult executionId="a1849782-b398-434b-bda0-52af7b5cd18c" testId="e591cb66-07e5-1b9d-9e29-d469d485e69c" testName="ShowAccessControlSystems_ShouldReturnFalse_WhenTwoACSystemsNotSupportingCardholdersAvailable" computerName="DKSR-EFI-04" duration="00:00:00.0018491" startTime="2023-12-22T09:38:07.8358191+01:00" endTime="2023-12-22T09:38:07.8358191+01:00" testType="13cdc9d9-ddb5-4fa4-a97d-d965ccfc6d4b" outcome="Passed" testListId="8c84fa94-04c1-424b-9868-57a2d4851a1d" relativeResultsDirectory="a1849782-b398-434b-bda0-52af7b5cd18c" />
    <UnitTestResult executionId="ead54b2b-7e08-4bcd-a539-2b1ea891cf24" testId="780b91d2-0044-d042-dc26-f60de2f5b427" testName="Parse_TwoHours_Success" computerName="DKSR-EFI-04" duration="00:00:00.0010195" startTime="2023-12-22T09:37:34.2106321+01:00" endTime="2023-12-22T09:37:34.2262577+01:00" testType="13cdc9d9-ddb5-4fa4-a97d-d965ccfc6d4b" outcome="Passed" testListId="8c84fa94-04c1-424b-9868-57a2d4851a1d" relativeResultsDirectory="ead54b2b-7e08-4bcd-a539-2b1ea891cf24" />
    <UnitTestResult executionId="6f7073b8-aba8-4e95-92a8-465de48f810c" testId="17f82cf7-4d92-18c7-4ec3-228bc2e9056a" testName="SmartMapGoToPositionHandler_WhenDataIsValid_ShouldCallNavigateTo" computerName="DKSR-EFI-04" duration="00:00:00.0049468" startTime="2023-12-22T09:36:23.7102506+01:00" endTime="2023-12-22T09:36:23.7102506+01:00" testType="13cdc9d9-ddb5-4fa4-a97d-d965ccfc6d4b" outcome="Passed" testListId="8c84fa94-04c1-424b-9868-57a2d4851a1d" relativeResultsDirectory="6f7073b8-aba8-4e95-92a8-465de48f810c" />
    <UnitTestResult executionId="f4e8dbb2-9c44-4e4d-b641-32e2bc5001b4" testId="47224733-ad21-5fec-3afd-19ad43870d88" testName="Constructor_ShouldThrowAnException_WhenWorkroomIsNull" computerName="DKSR-EFI-04" duration="00:00:00.0036786" startTime="2023-12-22T09:38:00.4139031+01:00" endTime="2023-12-22T09:38:00.4295289+01:00" testType="13cdc9d9-ddb5-4fa4-a97d-d965ccfc6d4b" outcome="Passed" testListId="8c84fa94-04c1-424b-9868-57a2d4851a1d" relativeResultsDirectory="f4e8dbb2-9c44-4e4d-b641-32e2bc5001b4" />
    <UnitTestResult executionId="56a72563-6887-4bf9-a892-9a867f2c513e" testId="99ee5135-30d5-eb69-226f-d05fc552bf85" testName="Serialize_FromTimeOnly_Success" computerName="DKSR-EFI-04" duration="00:00:00.0006286" startTime="2023-12-22T09:37:35.3668866+01:00" endTime="2023-12-22T09:37:35.3668866+01:00" testType="13cdc9d9-ddb5-4fa4-a97d-d965ccfc6d4b" outcome="Passed" testListId="8c84fa94-04c1-424b-9868-57a2d4851a1d" relativeResultsDirectory="56a72563-6887-4bf9-a892-9a867f2c513e" />
    <UnitTestResult executionId="c99ea267-33c6-4537-9e86-f076026877d3" testId="63135864-bbed-7d2f-1686-fca6f6a9f030" testName="SearchCriteriaOnChanged_ShouldNotThrow_WhenNoRegionSelectionOrSmartSearchFilterValuesAdded" computerName="DKSR-EFI-04" duration="00:00:00.0028582" startTime="2023-12-22T09:37:35.2418898+01:00" endTime="2023-12-22T09:37:35.2418898+01:00" testType="13cdc9d9-ddb5-4fa4-a97d-d965ccfc6d4b" outcome="Passed" testListId="8c84fa94-04c1-424b-9868-57a2d4851a1d" relativeResultsDirectory="c99ea267-33c6-4537-9e86-f076026877d3" />
    <UnitTestResult executionId="314fe41d-85b2-478c-a2d6-5199a9515f7e" testId="e7e63149-c015-7b5a-f774-f0bcac9b808e" testName="GetSearchTemplateAsync_ThrowTimeoutException_Success" computerName="DKSR-EFI-04" duration="00:00:00.0016377" startTime="2023-12-22T09:37:34.1637597+01:00" endTime="2023-12-22T09:37:34.1637597+01:00" testType="13cdc9d9-ddb5-4fa4-a97d-d965ccfc6d4b" outcome="Passed" testListId="8c84fa94-04c1-424b-9868-57a2d4851a1d" relativeResultsDirectory="314fe41d-85b2-478c-a2d6-5199a9515f7e" />
    <UnitTestResult executionId="f2e6985d-bddd-48d9-b6a3-efabcefbe99a" testId="ef4e21c0-7da5-c60c-260f-ced0773f5f69" testName="DeviceIcons_ShouldHaveTenElements_WhenCalled" computerName="DKSR-EFI-04" duration="00:00:00.0012507" startTime="2023-12-22T09:37:53.0388576+01:00" endTime="2023-12-22T09:37:53.0388576+01:00" testType="13cdc9d9-ddb5-4fa4-a97d-d965ccfc6d4b" outcome="Passed" testListId="8c84fa94-04c1-424b-9868-57a2d4851a1d" relativeResultsDirectory="f2e6985d-bddd-48d9-b6a3-efabcefbe99a" />
    <UnitTestResult executionId="d58b17c7-bcd7-4281-a3a0-35306c1aab15" testId="2f07bb8b-cd50-f2c2-1839-7178b31bc8e9" testName="GetMapLayerArguments_ShouldReturnIGisMapModelAndAlarmsObservables_WhenCalled" computerName="DKSR-EFI-04" duration="00:00:00.0005181" startTime="2023-12-22T09:37:53.0232418+01:00" endTime="2023-12-22T09:37:53.0232418+01:00" testType="13cdc9d9-ddb5-4fa4-a97d-d965ccfc6d4b" outcome="Passed" testListId="8c84fa94-04c1-424b-9868-57a2d4851a1d" relativeResultsDirectory="d58b17c7-bcd7-4281-a3a0-35306c1aab15" />
    <UnitTestResult executionId="b7cdd2f8-6a49-4a60-a6f5-dff42b4a43fd" testId="cd58fbcf-a8ec-7be0-672d-3675d644b67c" testName="Instance_ShouldBeSingleton_WhenCalled" computerName="DKSR-EFI-04" duration="00:00:00.0001847" startTime="2023-12-22T09:37:53.0857414+01:00" endTime="2023-12-22T09:37:53.0857414+01:00" testType="13cdc9d9-ddb5-4fa4-a97d-d965ccfc6d4b" outcome="Passed" testListId="8c84fa94-04c1-424b-9868-57a2d4851a1d" relativeResultsDirectory="b7cdd2f8-6a49-4a60-a6f5-dff42b4a43fd" />
    <UnitTestResult executionId="753ec863-9e5e-4cad-a44c-5af7713dd918" testId="27433e55-5768-6c79-0b23-c4648c647a81" testName="Constructor_ShouldThrowException_WhenReportViewerStateIsNull" computerName="DKSR-EFI-04" duration="00:00:00.0005464" startTime="2023-12-22T09:38:02.1326637+01:00" endTime="2023-12-22T09:38:02.1326637+01:00" testType="13cdc9d9-ddb5-4fa4-a97d-d965ccfc6d4b" outcome="Passed" testListId="8c84fa94-04c1-424b-9868-57a2d4851a1d" relativeResultsDirectory="753ec863-9e5e-4cad-a44c-5af7713dd918" />
    <UnitTestResult executionId="0011f0da-56a3-4766-bfc3-7634c2dba74d" testId="a8208005-f5a7-973c-33f3-44102c0d608d" testName="ShowAlreadyAddedToast_ShouldShowCorrectNumberOfToasts (5,1)" computerName="DKSR-EFI-04" duration="00:00:00.0045776" startTime="2023-12-22T09:38:00.3045271+01:00" endTime="2023-12-22T09:38:00.3045271+01:00" testType="13cdc9d9-ddb5-4fa4-a97d-d965ccfc6d4b" outcome="Passed" testListId="8c84fa94-04c1-424b-9868-57a2d4851a1d" relativeResultsDirectory="0011f0da-56a3-4766-bfc3-7634c2dba74d" />
    <UnitTestResult executionId="35e38314-13ca-4ede-8721-673990492c9d" testId="b45956e1-d5fa-0cc5-9bb7-ea079e1e5f1e" testName="RequiredGuidProviderStrategies_ShouldHaveOneMd5AndOneSHA1Strategy_WhenEventServerIdsAreNonFipsCompliantAndFipsCompliant" computerName="DKSR-EFI-04" duration="00:00:00.0006971" startTime="2023-12-22T09:38:07.8670695+01:00" endTime="2023-12-22T09:38:07.8670695+01:00" testType="13cdc9d9-ddb5-4fa4-a97d-d965ccfc6d4b" outcome="Passed" testListId="8c84fa94-04c1-424b-9868-57a2d4851a1d" relativeResultsDirectory="35e38314-13ca-4ede-8721-673990492c9d" />
    <UnitTestResult executionId="ffc1e874-aca2-47d7-9258-fcc7c52f0223" testId="db35590a-caad-391c-4e81-fbc7dc664cab" testName="TestMethod1" computerName="DKSR-EFI-04" duration="00:00:00.1642147" startTime="2023-12-22T09:38:00.9139061+01:00" endTime="2023-12-22T09:38:01.0857859+01:00" testType="13cdc9d9-ddb5-4fa4-a97d-d965ccfc6d4b" outcome="Passed" testListId="8c84fa94-04c1-424b-9868-57a2d4851a1d" relativeResultsDirectory="ffc1e874-aca2-47d7-9258-fcc7c52f0223" />
    <UnitTestResult executionId="aedd8469-3a7d-4c6c-b001-ca1604580f9e" testId="ca24c09d-a214-cd57-9506-eb63722a25cc" testName="UpdateHomeLocationInModel_HomeLocationId_NoUpdated_DragDataSet_Succes" computerName="DKSR-EFI-04" duration="00:00:00.0968614" startTime="2023-12-22T09:36:10.0383084+01:00" endTime="2023-12-22T09:36:10.1320559+01:00" testType="13cdc9d9-ddb5-4fa4-a97d-d965ccfc6d4b" outcome="Passed" testListId="8c84fa94-04c1-424b-9868-57a2d4851a1d" relativeResultsDirectory="aedd8469-3a7d-4c6c-b001-ca1604580f9e" />
    <UnitTestResult executionId="805a3d70-e880-4fcf-a862-686071f5b540" testId="4bc203d8-dd85-c0c7-a002-24dc9564ca84" testName="HandleGetLayerFeatures_ShouldReturnInputLayerFeatures_WhenInputKind" computerName="DKSR-EFI-04" duration="00:00:00.0010147" startTime="2023-12-22T09:37:55.7732541+01:00" endTime="2023-12-22T09:37:55.7732541+01:00" testType="13cdc9d9-ddb5-4fa4-a97d-d965ccfc6d4b" outcome="Passed" testListId="8c84fa94-04c1-424b-9868-57a2d4851a1d" relativeResultsDirectory="805a3d70-e880-4fcf-a862-686071f5b540" />
    <UnitTestResult executionId="861c98a6-1e95-445c-96c9-afc40bd9745f" testId="cc634d85-ac00-a639-0e52-434691164702" testName="Search_MultipleCategoriesWithOverlappingFilter_AppropriateFiltersUpdatedInSubDefinitions" computerName="DKSR-EFI-04" duration="00:00:00.0066865" startTime="2023-12-22T09:37:48.2419595+01:00" endTime="2023-12-22T09:37:48.2419595+01:00" testType="13cdc9d9-ddb5-4fa4-a97d-d965ccfc6d4b" outcome="Passed" testListId="8c84fa94-04c1-424b-9868-57a2d4851a1d" relativeResultsDirectory="861c98a6-1e95-445c-96c9-afc40bd9745f" />
    <UnitTestResult executionId="3d207612-70b4-4683-bf17-85955f0b1230" testId="593594fc-46c9-b9c0-d561-0e066e80633b" testName="No_warning_when_removing_camera_with_related_device_with_no_update_rights" computerName="DKSR-EFI-04" duration="00:00:00.0050222" startTime="2023-12-22T09:38:07.2264455+01:00" endTime="2023-12-22T09:38:07.2264455+01:00" testType="13cdc9d9-ddb5-4fa4-a97d-d965ccfc6d4b" outcome="Passed" testListId="8c84fa94-04c1-424b-9868-57a2d4851a1d" relativeResultsDirectory="3d207612-70b4-4683-bf17-85955f0b1230" />
    <UnitTestResult executionId="b879bac2-2b5a-4e77-a4ff-fd7f4d571399" testId="6c5f61a4-ad87-32db-d53b-dc288f4c0d0f" testName="BookmarkSearchTime_WithSearchStringInDifferentCases_ReturnCorrectBookmarkWithSearchStringInDescription (SeArChStRiNg,True,True,False,True,,,1)" computerName="DKSR-EFI-04" duration="00:00:00.0071065" startTime="2023-12-22T09:38:01.3201588+01:00" endTime="2023-12-22T09:38:01.3201588+01:00" testType="13cdc9d9-ddb5-4fa4-a97d-d965ccfc6d4b" outcome="Passed" testListId="8c84fa94-04c1-424b-9868-57a2d4851a1d" relativeResultsDirectory="b879bac2-2b5a-4e77-a4ff-fd7f4d571399" />
    <UnitTestResult executionId="37de04c2-d8de-4cef-a113-0d924c5d908f" testId="737570f7-4183-1643-93e9-5894a6ee837f" testName="ForceUpdate_CallsUpdateStrategyForceUpdate" computerName="DKSR-EFI-04" duration="00:00:00.0021119" startTime="2023-12-22T09:36:23.9915036+01:00" endTime="2023-12-22T09:36:23.9915036+01:00" testType="13cdc9d9-ddb5-4fa4-a97d-d965ccfc6d4b" outcome="Passed" testListId="8c84fa94-04c1-424b-9868-57a2d4851a1d" relativeResultsDirectory="37de04c2-d8de-4cef-a113-0d924c5d908f" />
    <UnitTestResult executionId="22d42dbd-bd84-4bff-84c8-a356b8b2439d" testId="aae708ca-94a3-f452-ba7c-adc8143fc2ae" testName="LeftButtonUpEvent_ShouldDeselectMapItems_WhenInteractionStateIsAddNewDeviceState" computerName="DKSR-EFI-04" duration="00:00:00.0514597" startTime="2023-12-22T09:36:16.5852131+01:00" endTime="2023-12-22T09:36:16.6320866+01:00" testType="13cdc9d9-ddb5-4fa4-a97d-d965ccfc6d4b" outcome="Passed" testListId="8c84fa94-04c1-424b-9868-57a2d4851a1d" relativeResultsDirectory="22d42dbd-bd84-4bff-84c8-a356b8b2439d">
      <Output>
        <StdOut>Debug Trace:&#xD;
 &gt;&gt;&gt; IsAddNewDeviceState: MapPoint: (long, lat, alt): 0, 0, 0, ScreenPoint: 0,0, scale: 0, extent: GisRectangle isEmpty:True ul[(long, lat, alt): 0, 0, 0]:lr[(long, lat, alt): 0, 0, 0], extentInMeters:</StdOut>
      </Output>
    </UnitTestResult>
    <UnitTestResult executionId="a96ddcea-2b74-4316-a5ab-6b7bc19d5f2c" testId="61c2e857-2ecc-1265-1a6e-d3f3e6eddf31" testName="PatrollingProfileViewModelTest_Save_CreateProfile" computerName="DKSR-EFI-04" duration="00:00:00.0071373" startTime="2023-12-22T09:37:58.0076360+01:00" endTime="2023-12-22T09:37:58.0076360+01:00" testType="13cdc9d9-ddb5-4fa4-a97d-d965ccfc6d4b" outcome="Passed" testListId="8c84fa94-04c1-424b-9868-57a2d4851a1d" relativeResultsDirectory="a96ddcea-2b74-4316-a5ab-6b7bc19d5f2c" />
    <UnitTestResult executionId="911fb462-2d93-4b33-ba28-2895aedb8ae2" testId="54fe689a-094b-c2b1-eff8-7a88071b8275" testName="SelectOptions_ShouldSetSelectedComponent_WhenGivenOptionGroupWithCorrelatedComponent" computerName="DKSR-EFI-04" duration="00:00:00.0068571" startTime="2023-12-22T09:37:58.2107615+01:00" endTime="2023-12-22T09:37:58.2263898+01:00" testType="13cdc9d9-ddb5-4fa4-a97d-d965ccfc6d4b" outcome="Passed" testListId="8c84fa94-04c1-424b-9868-57a2d4851a1d" relativeResultsDirectory="911fb462-2d93-4b33-ba28-2895aedb8ae2" />
    <UnitTestResult executionId="26e38819-5dda-438f-900f-ba5404e1888e" testId="4fbe1405-2b3d-d3ff-a663-0a6e5d9aa972" testName="TryGetEventServerIdByACSystemId_ShouldReturnTrue_WhenEventServerIdIsPartOfServerConfiguredAccessControlSystemsDictionary" computerName="DKSR-EFI-04" duration="00:00:00.0294144" startTime="2023-12-22T09:38:07.2576877+01:00" endTime="2023-12-22T09:38:07.2889435+01:00" testType="13cdc9d9-ddb5-4fa4-a97d-d965ccfc6d4b" outcome="Passed" testListId="8c84fa94-04c1-424b-9868-57a2d4851a1d" relativeResultsDirectory="26e38819-5dda-438f-900f-ba5404e1888e" />
    <UnitTestResult executionId="e693c92d-d7e9-4960-b826-460f25146272" testId="18372786-9c22-e3d6-04ef-6b4e808d181a" testName="IsCamera_ShouldReturnTrue_WhenSingleCameraSelected" computerName="DKSR-EFI-04" duration="00:00:00.0145432" startTime="2023-12-22T09:38:02.0076635+01:00" endTime="2023-12-22T09:38:02.0076635+01:00" testType="13cdc9d9-ddb5-4fa4-a97d-d965ccfc6d4b" outcome="Passed" testListId="8c84fa94-04c1-424b-9868-57a2d4851a1d" relativeResultsDirectory="e693c92d-d7e9-4960-b826-460f25146272" />
    <UnitTestResult executionId="3bf31237-39a4-415f-a89f-c2b9ef7a12fa" testId="1828ecd5-bb3e-6d98-809c-f913ae167b2a" testName="TestBuildingLoadAsync_Success" computerName="DKSR-EFI-04" duration="00:00:00.0364621" startTime="2023-12-22T09:37:49.2107129+01:00" endTime="2023-12-22T09:37:49.2419656+01:00" testType="13cdc9d9-ddb5-4fa4-a97d-d965ccfc6d4b" outcome="Passed" testListId="8c84fa94-04c1-424b-9868-57a2d4851a1d" relativeResultsDirectory="3bf31237-39a4-415f-a89f-c2b9ef7a12fa" />
    <UnitTestResult executionId="30758331-0940-44f5-9c45-affc937768a5" testId="3c6da4f1-e15b-e209-7afc-b41a7ac6ff10" testName="AuthType_ShouldReturnNegotiate_WhenConstructedUsingWindowsDefault" computerName="DKSR-EFI-04" duration="00:00:00.0002637" startTime="2023-12-22T09:36:07.6476654+01:00" endTime="2023-12-22T09:36:07.6476654+01:00" testType="13cdc9d9-ddb5-4fa4-a97d-d965ccfc6d4b" outcome="Passed" testListId="8c84fa94-04c1-424b-9868-57a2d4851a1d" relativeResultsDirectory="30758331-0940-44f5-9c45-affc937768a5" />
    <UnitTestResult executionId="74e13625-1eef-49ab-8371-e51c858d0ae7" testId="0dee4a37-8d38-ef6d-98a5-3e594bce7f88" testName="PTZArgsDto_ShouldYieldSameValues_WhenRoundTripConverted" computerName="DKSR-EFI-04" duration="00:00:00.0083030" startTime="2023-12-22T09:36:00.3351270+01:00" endTime="2023-12-22T09:36:00.3507540+01:00" testType="13cdc9d9-ddb5-4fa4-a97d-d965ccfc6d4b" outcome="Passed" testListId="8c84fa94-04c1-424b-9868-57a2d4851a1d" relativeResultsDirectory="74e13625-1eef-49ab-8371-e51c858d0ae7" />
    <UnitTestResult executionId="d9d6fd8c-4515-410e-abec-1290260e2050" testId="0d4811ec-9931-fb19-edc0-7bcc796825fb" testName="IsDisabled_ShouldBeTrue_WhenIsDetachedControllerManager" computerName="DKSR-EFI-04" duration="00:00:00.0172773" startTime="2023-12-22T09:37:54.4138711+01:00" endTime="2023-12-22T09:37:54.4294958+01:00" testType="13cdc9d9-ddb5-4fa4-a97d-d965ccfc6d4b" outcome="Passed" testListId="8c84fa94-04c1-424b-9868-57a2d4851a1d" relativeResultsDirectory="d9d6fd8c-4515-410e-abec-1290260e2050" />
    <UnitTestResult executionId="42ce63fc-d0c0-41e1-b1b0-407ce23bf1d5" testId="0c50b0ff-2617-98bb-3217-a3a88ea54c14" testName="BuildContentOptions_ShouldReturnCorrectWorkspaceName (73576FEA-BD0E-43C4-AD9D-589FBE4DC29B,Default title,Live)" computerName="DKSR-EFI-04" duration="00:00:00.0050316" startTime="2023-12-22T09:38:06.0858046+01:00" endTime="2023-12-22T09:38:06.1014348+01:00" testType="13cdc9d9-ddb5-4fa4-a97d-d965ccfc6d4b" outcome="Passed" testListId="8c84fa94-04c1-424b-9868-57a2d4851a1d" relativeResultsDirectory="42ce63fc-d0c0-41e1-b1b0-407ce23bf1d5" />
    <UnitTestResult executionId="b2aacc34-8c4f-481c-b5f6-d500b50a9fa7" testId="65cfed84-d8b7-91f1-c7b3-2b30cf50cfed" testName="Deserialize_MissingScopeDurationAndFromToValues_DefaultsToTwoHours" computerName="DKSR-EFI-04" duration="00:00:00.0052560" startTime="2023-12-22T09:37:35.0075141+01:00" endTime="2023-12-22T09:37:35.0075141+01:00" testType="13cdc9d9-ddb5-4fa4-a97d-d965ccfc6d4b" outcome="Passed" testListId="8c84fa94-04c1-424b-9868-57a2d4851a1d" relativeResultsDirectory="b2aacc34-8c4f-481c-b5f6-d500b50a9fa7" />
    <UnitTestResult executionId="85a7fb70-3aa1-4b6f-83e8-ff40c8b03b96" testId="d2a9174b-0e8a-f538-f842-cd59e66f5936" testName="GetLayerFeatures_ShouldNotThrow_WhenLayersCollectionIsEmpty" computerName="DKSR-EFI-04" duration="00:00:00.0009457" startTime="2023-12-22T09:37:55.9451272+01:00" endTime="2023-12-22T09:37:55.9451272+01:00" testType="13cdc9d9-ddb5-4fa4-a97d-d965ccfc6d4b" outcome="Passed" testListId="8c84fa94-04c1-424b-9868-57a2d4851a1d" relativeResultsDirectory="85a7fb70-3aa1-4b6f-83e8-ff40c8b03b96" />
    <UnitTestResult executionId="5d9dd153-d4e9-4ff4-91f5-5d6938eee7bb" testId="654dfcc7-b76a-e7bb-4995-363927b604e0" testName="GetMapLayerArguments_ShouldReturnIGisMapModel_WhenCalled" computerName="DKSR-EFI-04" duration="00:00:00.0004987" startTime="2023-12-22T09:37:53.0232418+01:00" endTime="2023-12-22T09:37:53.0232418+01:00" testType="13cdc9d9-ddb5-4fa4-a97d-d965ccfc6d4b" outcome="Passed" testListId="8c84fa94-04c1-424b-9868-57a2d4851a1d" relativeResultsDirectory="5d9dd153-d4e9-4ff4-91f5-5d6938eee7bb" />
    <UnitTestResult executionId="a380187b-4e00-4da5-acf9-025f4375f9a9" testId="22f81f95-90ca-baa7-300b-797405eeaf34" testName="InitializeTokenException_ShouldReturnTokenException_ForValidTokenErrors" computerName="DKSR-EFI-04" duration="00:00:00.0009669" startTime="2023-12-22T09:38:05.8670568+01:00" endTime="2023-12-22T09:38:05.8670568+01:00" testType="13cdc9d9-ddb5-4fa4-a97d-d965ccfc6d4b" outcome="Passed" testListId="8c84fa94-04c1-424b-9868-57a2d4851a1d" relativeResultsDirectory="a380187b-4e00-4da5-acf9-025f4375f9a9" />
    <UnitTestResult executionId="27c6a6aa-c3da-465f-a830-ac4719ac61f8" testId="0d6c642a-81af-572a-f3ab-8e4b1d302c6a" testName="ShouldReturnTrueWhenScaleChanged" computerName="DKSR-EFI-04" duration="00:00:00.0014438" startTime="2023-12-22T09:36:24.0227537+01:00" endTime="2023-12-22T09:36:24.0227537+01:00" testType="13cdc9d9-ddb5-4fa4-a97d-d965ccfc6d4b" outcome="Passed" testListId="8c84fa94-04c1-424b-9868-57a2d4851a1d" relativeResultsDirectory="27c6a6aa-c3da-465f-a830-ac4719ac61f8" />
    <UnitTestResult executionId="6fd9902c-14fc-4943-85c0-3735c9c54612" testId="f7b5e73d-d725-7d90-231b-5a2bdb3de4fe" testName="BookmarkSearchTime_WithSearchStringInDifferentCases_ReturnCorrectBookmarkWithSearchStringInDescription (SeArChStRiNg,False,False,True,True,,,0)" computerName="DKSR-EFI-04" duration="00:00:00.0050394" startTime="2023-12-22T09:38:01.3670348+01:00" endTime="2023-12-22T09:38:01.3670348+01:00" testType="13cdc9d9-ddb5-4fa4-a97d-d965ccfc6d4b" outcome="Passed" testListId="8c84fa94-04c1-424b-9868-57a2d4851a1d" relativeResultsDirectory="6fd9902c-14fc-4943-85c0-3735c9c54612" />
    <UnitTestResult executionId="462e498b-6893-4025-8c9a-88a2943a140b" testId="0ba8e521-cdf8-1d32-c711-88b35489e15b" testName="CreateExportDialog_CannotCreateExport_WithNoDestinationsSelected" computerName="DKSR-EFI-04" duration="00:00:00.0087256" startTime="2023-12-22T09:36:28.3977790+01:00" endTime="2023-12-22T09:36:28.4133997+01:00" testType="13cdc9d9-ddb5-4fa4-a97d-d965ccfc6d4b" outcome="Passed" testListId="8c84fa94-04c1-424b-9868-57a2d4851a1d" relativeResultsDirectory="462e498b-6893-4025-8c9a-88a2943a140b" />
    <UnitTestResult executionId="bf37523c-fb87-46f1-9f38-5c97aa31e0df" testId="efd25159-239b-fd92-436e-6007a499ebd4" testName="AddToExportDevices_ShouldReturnCorrectResult (0,5,0)" computerName="DKSR-EFI-04" duration="00:00:00.0020400" startTime="2023-12-22T09:38:00.1170267+01:00" endTime="2023-12-22T09:38:00.1170267+01:00" testType="13cdc9d9-ddb5-4fa4-a97d-d965ccfc6d4b" outcome="Passed" testListId="8c84fa94-04c1-424b-9868-57a2d4851a1d" relativeResultsDirectory="bf37523c-fb87-46f1-9f38-5c97aa31e0df" />
    <UnitTestResult executionId="d369f1c2-f879-45c2-aa90-b2732ea1f3d1" testId="eafd993c-1009-37c6-4ede-de325862c5a7" testName="FromBase64_Success" computerName="DKSR-EFI-04" duration="00:00:00.0101796" startTime="2023-12-22T09:38:03.8670461+01:00" endTime="2023-12-22T09:38:03.8826708+01:00" testType="13cdc9d9-ddb5-4fa4-a97d-d965ccfc6d4b" outcome="Passed" testListId="8c84fa94-04c1-424b-9868-57a2d4851a1d" relativeResultsDirectory="d369f1c2-f879-45c2-aa90-b2732ea1f3d1" />
    <UnitTestResult executionId="1094db90-9243-4466-9f09-e5b6036e5e53" testId="06bd284b-d73d-920f-7739-efb670bc85e0" testName="SupportsDoubleClick_ShouldBeTrue_WhenInteractionStateIsNormal" computerName="DKSR-EFI-04" duration="00:00:00.0442906" startTime="2023-12-22T09:36:22.2258667+01:00" endTime="2023-12-22T09:36:22.2727448+01:00" testType="13cdc9d9-ddb5-4fa4-a97d-d965ccfc6d4b" outcome="Passed" testListId="8c84fa94-04c1-424b-9868-57a2d4851a1d" relativeResultsDirectory="1094db90-9243-4466-9f09-e5b6036e5e53" />
    <UnitTestResult executionId="1818dafb-b738-4153-bacd-c77ddbb706cc" testId="f6638888-72f9-3abc-824d-07e5504a43a5" testName="IconResourceKey_ShouldBeValid_WhenInteractionStateIsAddMicrophone" computerName="DKSR-EFI-04" duration="00:00:00.0003204" startTime="2023-12-22T09:36:16.3195854+01:00" endTime="2023-12-22T09:36:16.3195854+01:00" testType="13cdc9d9-ddb5-4fa4-a97d-d965ccfc6d4b" outcome="Passed" testListId="8c84fa94-04c1-424b-9868-57a2d4851a1d" relativeResultsDirectory="1818dafb-b738-4153-bacd-c77ddbb706cc" />
    <UnitTestResult executionId="0243731e-ae9b-4e93-a509-796b11267c38" testId="ac0bff77-e4ee-0120-d789-0cc06032e8d1" testName="CanMoreRegionsBeAdded_ShouldReturnFalse_WhenMaximumRegionsAllowedIsReached" computerName="DKSR-EFI-04" duration="00:00:00.0013949" startTime="2023-12-22T09:37:49.1169647+01:00" endTime="2023-12-22T09:37:49.1169647+01:00" testType="13cdc9d9-ddb5-4fa4-a97d-d965ccfc6d4b" outcome="Passed" testListId="8c84fa94-04c1-424b-9868-57a2d4851a1d" relativeResultsDirectory="0243731e-ae9b-4e93-a509-796b11267c38" />
    <UnitTestResult executionId="62775b07-7cbb-4515-95bc-eb7ac4fd7a4d" testId="e5973daf-eb52-605d-f256-024d8a961fe9" testName="Search_EmptyFilterValue_WarningTextNotApplied" computerName="DKSR-EFI-04" duration="00:00:00.0113408" startTime="2023-12-22T09:37:48.3200839+01:00" endTime="2023-12-22T09:37:48.3200839+01:00" testType="13cdc9d9-ddb5-4fa4-a97d-d965ccfc6d4b" outcome="Passed" testListId="8c84fa94-04c1-424b-9868-57a2d4851a1d" relativeResultsDirectory="62775b07-7cbb-4515-95bc-eb7ac4fd7a4d" />
    <UnitTestResult executionId="55db8139-b90f-4f8b-b3c8-df3a25ebc5eb" testId="31d5d148-0cd6-8d1e-0567-f1c07ae35162" testName="IncludeViewItemToggledEvent_ShouldAddViewItemToIncludedViewItems_WhenIncludedIsTrueOnContentHolderControl" computerName="DKSR-EFI-04" duration="00:00:00.0381201" startTime="2023-12-22T09:38:04.0701721+01:00" endTime="2023-12-22T09:38:04.1170438+01:00" testType="13cdc9d9-ddb5-4fa4-a97d-d965ccfc6d4b" outcome="Passed" testListId="8c84fa94-04c1-424b-9868-57a2d4851a1d" relativeResultsDirectory="55db8139-b90f-4f8b-b3c8-df3a25ebc5eb" />
    <UnitTestResult executionId="fc4b6526-7f57-460e-954d-7fa6383846fb" testId="c675d4e8-953d-dd95-1e7d-aaf53b345df4" testName="Command_WithZeroResults_PluginInstanceActivatedCalled" computerName="DKSR-EFI-04" duration="00:00:00.0038470" startTime="2023-12-22T09:37:26.1482245+01:00" endTime="2023-12-22T09:37:26.1482245+01:00" testType="13cdc9d9-ddb5-4fa4-a97d-d965ccfc6d4b" outcome="Passed" testListId="8c84fa94-04c1-424b-9868-57a2d4851a1d" relativeResultsDirectory="fc4b6526-7f57-460e-954d-7fa6383846fb" />
    <UnitTestResult executionId="d1136ba6-2049-4c9b-98a4-c9a5d8e9bb1f" testId="30772405-8178-0ea1-63c6-a4f72d01f565" testName="Ctor_NullScreen_ThrowsException" computerName="DKSR-EFI-04" duration="00:00:00.0020117" startTime="2023-12-22T09:37:58.1482679+01:00" endTime="2023-12-22T09:37:58.1482679+01:00" testType="13cdc9d9-ddb5-4fa4-a97d-d965ccfc6d4b" outcome="Passed" testListId="8c84fa94-04c1-424b-9868-57a2d4851a1d" relativeResultsDirectory="d1136ba6-2049-4c9b-98a4-c9a5d8e9bb1f" />
    <UnitTestResult executionId="43fabb72-6db4-48cb-adae-3a9c1bb841e9" testId="c0728f95-ecc1-be8f-b46d-a960462fa608" testName="DoubleClickOnPreviewPlayer_ShouldOpenDetailsViewWithoutAnimation_WhenFocusedItemIsNotNullAndAnimationsAreDisabled" computerName="DKSR-EFI-04" duration="00:00:01.4349078" startTime="2023-12-22T09:37:02.5542136+01:00" endTime="2023-12-22T09:37:03.9917160+01:00" testType="13cdc9d9-ddb5-4fa4-a97d-d965ccfc6d4b" outcome="Passed" testListId="8c84fa94-04c1-424b-9868-57a2d4851a1d" relativeResultsDirectory="43fabb72-6db4-48cb-adae-3a9c1bb841e9" />
    <UnitTestResult executionId="7c2fb649-1fc4-4791-b438-0860e2664beb" testId="05cdc091-f2e6-9c3b-1f81-118e480d95e3" testName="Deserialize_ScopeItemsOnly_Success" computerName="DKSR-EFI-04" duration="00:00:00.0016813" startTime="2023-12-22T09:37:35.4450191+01:00" endTime="2023-12-22T09:37:35.4450191+01:00" testType="13cdc9d9-ddb5-4fa4-a97d-d965ccfc6d4b" outcome="Passed" testListId="8c84fa94-04c1-424b-9868-57a2d4851a1d" relativeResultsDirectory="7c2fb649-1fc4-4791-b438-0860e2664beb" />
    <UnitTestResult executionId="85e75708-259d-439a-b97d-91fab26df78c" testId="b53cbe33-730e-fb6f-4fda-1e9679963edf" testName="AuthType_ShouldReturnBasic_WhenConstructedUsingSimple" computerName="DKSR-EFI-04" duration="00:00:00.0036503" startTime="2023-12-22T09:36:07.6164146+01:00" endTime="2023-12-22T09:36:07.6164146+01:00" testType="13cdc9d9-ddb5-4fa4-a97d-d965ccfc6d4b" outcome="Passed" testListId="8c84fa94-04c1-424b-9868-57a2d4851a1d" relativeResultsDirectory="85e75708-259d-439a-b97d-91fab26df78c" />
    <UnitTestResult executionId="b6da258e-20aa-4dc1-862e-b8bcc556a581" testId="db0bdc8c-751d-0e6e-b46c-9ca8002153fd" testName="PtzPresetsMenuViewModel_PtzNotCotrolledTest" computerName="DKSR-EFI-04" duration="00:00:00.0023901" startTime="2023-12-22T09:38:04.1483004+01:00" endTime="2023-12-22T09:38:04.1639205+01:00" testType="13cdc9d9-ddb5-4fa4-a97d-d965ccfc6d4b" outcome="Passed" testListId="8c84fa94-04c1-424b-9868-57a2d4851a1d" relativeResultsDirectory="b6da258e-20aa-4dc1-862e-b8bcc556a581" />
    <UnitTestResult executionId="8c4f7e18-c59c-4013-890b-7143f52df0d6" testId="6da29afb-8acf-3f8d-692b-690d3f268744" testName="Extending_Is_Disabled_When_Create_Rights_Missing" computerName="DKSR-EFI-04" duration="00:00:00.0030310" startTime="2023-12-22T09:38:07.1951870+01:00" endTime="2023-12-22T09:38:07.1951870+01:00" testType="13cdc9d9-ddb5-4fa4-a97d-d965ccfc6d4b" outcome="Passed" testListId="8c84fa94-04c1-424b-9868-57a2d4851a1d" relativeResultsDirectory="8c4f7e18-c59c-4013-890b-7143f52df0d6" />
    <UnitTestResult executionId="8c8dfcd9-f540-46f2-8cef-7465c3c84619" testId="537b2445-9bec-85ec-3d34-ba15ef73d25d" testName="PtzSessionControllerInfo_UserChangedTest_NoChange_Anonymous" computerName="DKSR-EFI-04" duration="00:00:00.0003678" startTime="2023-12-22T09:36:07.2414144+01:00" endTime="2023-12-22T09:36:07.2414144+01:00" testType="13cdc9d9-ddb5-4fa4-a97d-d965ccfc6d4b" outcome="Passed" testListId="8c84fa94-04c1-424b-9868-57a2d4851a1d" relativeResultsDirectory="8c8dfcd9-f540-46f2-8cef-7465c3c84619" />
    <UnitTestResult executionId="674828f1-c1e0-4942-8473-b64d0b620a3d" testId="06afff30-aa98-f03f-ebfe-83961e8caf5d" testName="ButtonVisibilityProperties_ShouldSetPropertyValues_WhenPropertiesLoaded" computerName="DKSR-EFI-04" duration="00:00:00.0077723" startTime="2023-12-22T09:36:10.4289294+01:00" endTime="2023-12-22T09:36:10.4289294+01:00" testType="13cdc9d9-ddb5-4fa4-a97d-d965ccfc6d4b" outcome="Passed" testListId="8c84fa94-04c1-424b-9868-57a2d4851a1d" relativeResultsDirectory="674828f1-c1e0-4942-8473-b64d0b620a3d" />
    <UnitTestResult executionId="08b0d294-4d52-4673-a1e4-34ebd56ef88c" testId="30f4ca0f-0cfa-0e61-edff-19f1044181dc" testName="PatrollingProfileViewModelTest_patrollingStepListViewModel_PropertyChanged" computerName="DKSR-EFI-04" duration="00:00:00.0019987" startTime="2023-12-22T09:37:58.0388900+01:00" endTime="2023-12-22T09:37:58.0388900+01:00" testType="13cdc9d9-ddb5-4fa4-a97d-d965ccfc6d4b" outcome="Passed" testListId="8c84fa94-04c1-424b-9868-57a2d4851a1d" relativeResultsDirectory="08b0d294-4d52-4673-a1e4-34ebd56ef88c" />
    <UnitTestResult executionId="0c01d0ea-8719-4b13-8d6d-3492780c93bb" testId="c01b7aad-2de6-9625-9d52-27adc6cc7bd7" testName="IconTooltip_ShouldBeValid_WhenInteractionStateIsAddMicrophone" computerName="DKSR-EFI-04" duration="00:00:00.0004281" startTime="2023-12-22T09:36:16.3039634+01:00" endTime="2023-12-22T09:36:16.3039634+01:00" testType="13cdc9d9-ddb5-4fa4-a97d-d965ccfc6d4b" outcome="Passed" testListId="8c84fa94-04c1-424b-9868-57a2d4851a1d" relativeResultsDirectory="0c01d0ea-8719-4b13-8d6d-3492780c93bb" />
    <UnitTestResult executionId="1087c4a0-501e-49ac-a522-56f9e5a99527" testId="2e79e419-e74e-f445-7799-1adbaa35d399" testName="GetWorkspaceToolbarItems_ShouldReturnNormalToolbarItemEnabledSetupToolbarItemDisabled_WhenWorkspaceStateIsNormal" computerName="DKSR-EFI-04" duration="00:00:00.0088256" startTime="2023-12-22T09:37:58.7576428+01:00" endTime="2023-12-22T09:37:58.7732711+01:00" testType="13cdc9d9-ddb5-4fa4-a97d-d965ccfc6d4b" outcome="Passed" testListId="8c84fa94-04c1-424b-9868-57a2d4851a1d" relativeResultsDirectory="1087c4a0-501e-49ac-a522-56f9e5a99527" />
    <UnitTestResult executionId="59184e69-700a-4eef-b663-d75f1d6b487a" testId="01ab0198-4b7e-8a94-e88d-b1f770a7248f" testName="EnsureSnapshotIsPngFormat" computerName="DKSR-EFI-04" duration="00:00:00.0004562" startTime="2023-12-22T09:38:04.1326702+01:00" endTime="2023-12-22T09:38:04.1326702+01:00" testType="13cdc9d9-ddb5-4fa4-a97d-d965ccfc6d4b" outcome="Passed" testListId="8c84fa94-04c1-424b-9868-57a2d4851a1d" relativeResultsDirectory="59184e69-700a-4eef-b663-d75f1d6b487a" />
    <UnitTestResult executionId="ef55b8a6-ae36-42e9-beed-1cf38b6e541d" testId="9091bca7-c5dc-fba1-fee5-e99fb48d96dc" testName="BookmarkSearchTime_WithSearchStringInDifferentCases_ReturnCorrectBookmarkWithSearchStringInHeader (SeArChStRiNg,False,False,False,True,,,0)" computerName="DKSR-EFI-04" duration="00:00:00.0077506" startTime="2023-12-22T09:38:01.2576577+01:00" endTime="2023-12-22T09:38:01.2732776+01:00" testType="13cdc9d9-ddb5-4fa4-a97d-d965ccfc6d4b" outcome="Passed" testListId="8c84fa94-04c1-424b-9868-57a2d4851a1d" relativeResultsDirectory="ef55b8a6-ae36-42e9-beed-1cf38b6e541d" />
    <UnitTestResult executionId="20d0d191-ebc7-4a19-a97c-60a299690de9" testId="e136a8cd-3f63-a904-c5bb-437c3044bc59" testName="CanMoreRegionsBeAdded_ShouldReturnTrue_WhenMaximumRegionsAllowedIsReachedAndSelectedCameraHasRegionsSelected" computerName="DKSR-EFI-04" duration="00:00:00.0003992" startTime="2023-12-22T09:37:49.1169647+01:00" endTime="2023-12-22T09:37:49.1169647+01:00" testType="13cdc9d9-ddb5-4fa4-a97d-d965ccfc6d4b" outcome="Passed" testListId="8c84fa94-04c1-424b-9868-57a2d4851a1d" relativeResultsDirectory="20d0d191-ebc7-4a19-a97c-60a299690de9" />
    <UnitTestResult executionId="15e1ca70-325d-4113-82bd-622c70fe91ee" testId="45576843-c696-061d-15e3-1a981d4c54b2" testName="SmartMapGoToLocationHandler_WhenDataIsNotSmartMapGoToLocationCommandData_ShouldWriteToLog" computerName="DKSR-EFI-04" duration="00:00:00.0025762" startTime="2023-12-22T09:36:23.6633790+01:00" endTime="2023-12-22T09:36:23.6633790+01:00" testType="13cdc9d9-ddb5-4fa4-a97d-d965ccfc6d4b" outcome="Passed" testListId="8c84fa94-04c1-424b-9868-57a2d4851a1d" relativeResultsDirectory="15e1ca70-325d-4113-82bd-622c70fe91ee" />
    <UnitTestResult executionId="b7015251-b095-4e02-8426-5cfbc3e00373" testId="2618920c-aa56-2790-77ca-5dcd9d1e0fd1" testName="SearchCriteriaChanged_ActiveSearchResults_SearchRestartedAndResultsCleared" computerName="DKSR-EFI-04" duration="00:00:00.0362631" startTime="2023-12-22T09:37:34.6637591+01:00" endTime="2023-12-22T09:37:34.7106367+01:00" testType="13cdc9d9-ddb5-4fa4-a97d-d965ccfc6d4b" outcome="Passed" testListId="8c84fa94-04c1-424b-9868-57a2d4851a1d" relativeResultsDirectory="b7015251-b095-4e02-8426-5cfbc3e00373" />
    <UnitTestResult executionId="0d1d29ad-57ba-4189-ab3e-1bb3f2649009" testId="8d8eee96-464d-c577-6270-884494a6a9b2" testName="SelectOptions_ShouldNotChangeSelectedComponent_WhenGivenComponentIsNull" computerName="DKSR-EFI-04" duration="00:00:00.0027804" startTime="2023-12-22T09:37:58.2263898+01:00" endTime="2023-12-22T09:37:58.2263898+01:00" testType="13cdc9d9-ddb5-4fa4-a97d-d965ccfc6d4b" outcome="Passed" testListId="8c84fa94-04c1-424b-9868-57a2d4851a1d" relativeResultsDirectory="0d1d29ad-57ba-4189-ab3e-1bb3f2649009" />
    <UnitTestResult executionId="14e2c9c8-b73b-492f-8a1c-b44bc8e6af2b" testId="23e6b65b-70a8-06de-4fd2-1098c3da7047" testName="OnLayersRetrieved_ShouldSetComponentsOrdered_WhenLayersCollectionContainsInput" computerName="DKSR-EFI-04" duration="00:00:00.0175455" startTime="2023-12-22T09:36:13.1320695+01:00" endTime="2023-12-22T09:36:13.1476952+01:00" testType="13cdc9d9-ddb5-4fa4-a97d-d965ccfc6d4b" outcome="Passed" testListId="8c84fa94-04c1-424b-9868-57a2d4851a1d" relativeResultsDirectory="14e2c9c8-b73b-492f-8a1c-b44bc8e6af2b" />
    <UnitTestResult executionId="d744a412-7b21-443a-bd04-bb39275aed91" testId="4e201780-8be5-36cf-a6cd-fc75ae04350d" testName="Compare_NullVsNotNullDescending_LessThan" computerName="DKSR-EFI-04" duration="00:00:00.0002597" startTime="2023-12-22T09:37:35.3512604+01:00" endTime="2023-12-22T09:37:35.3512604+01:00" testType="13cdc9d9-ddb5-4fa4-a97d-d965ccfc6d4b" outcome="Passed" testListId="8c84fa94-04c1-424b-9868-57a2d4851a1d" relativeResultsDirectory="d744a412-7b21-443a-bd04-bb39275aed91" />
    <UnitTestResult executionId="366c8a9a-f845-4063-b5f2-1444ee4181c3" testId="59991295-e7c5-ae1a-4d3d-515c29cc9e2b" testName="ResolveSearchDefinitions_ShouldReturnResultSearchDefinition_WhenCombinedSearchResultWithMultipleSubResultAndSearchDefinitionsContainingCorrectSearchDefinitionsAreGiven" computerName="DKSR-EFI-04" duration="00:00:00.0008924" startTime="2023-12-22T09:37:33.7262560+01:00" endTime="2023-12-22T09:37:33.7262560+01:00" testType="13cdc9d9-ddb5-4fa4-a97d-d965ccfc6d4b" outcome="Passed" testListId="8c84fa94-04c1-424b-9868-57a2d4851a1d" relativeResultsDirectory="366c8a9a-f845-4063-b5f2-1444ee4181c3" />
    <UnitTestResult executionId="d5d8f36b-ae7f-48ca-ae03-e2118cb4ed92" testId="17c23f4a-d1aa-c7f2-4b0c-28e098799329" testName="GetServerTypes_ShouldReturnMobileServerType" computerName="DKSR-EFI-04" duration="00:00:00.0003688" startTime="2023-12-22T09:38:01.9920310+01:00" endTime="2023-12-22T09:38:01.9920310+01:00" testType="13cdc9d9-ddb5-4fa4-a97d-d965ccfc6d4b" outcome="Passed" testListId="8c84fa94-04c1-424b-9868-57a2d4851a1d" relativeResultsDirectory="d5d8f36b-ae7f-48ca-ae03-e2118cb4ed92" />
    <UnitTestResult executionId="3d92171b-2f6f-4514-8535-04a196a5c1b7" testId="f5cc9535-b7e6-daa3-8b93-880b7a1798ad" testName="AddClientId_WhereClientIsNull_ThrowException" computerName="DKSR-EFI-04" duration="00:00:00.0012871" startTime="2023-12-22T09:36:14.8664531+01:00" endTime="2023-12-22T09:36:14.8664531+01:00" testType="13cdc9d9-ddb5-4fa4-a97d-d965ccfc6d4b" outcome="Passed" testListId="8c84fa94-04c1-424b-9868-57a2d4851a1d" relativeResultsDirectory="3d92171b-2f6f-4514-8535-04a196a5c1b7" />
    <UnitTestResult executionId="e1dbe94c-b411-4b6a-a80d-91317df6f643" testId="97333588-528f-b816-eec2-32c062436864" testName="Constructor_ShouldThrowException_WhenFunctorCollectionIsNull" computerName="DKSR-EFI-04" duration="00:00:00.0005944" startTime="2023-12-22T09:38:02.1326637+01:00" endTime="2023-12-22T09:38:02.1326637+01:00" testType="13cdc9d9-ddb5-4fa4-a97d-d965ccfc6d4b" outcome="Passed" testListId="8c84fa94-04c1-424b-9868-57a2d4851a1d" relativeResultsDirectory="e1dbe94c-b411-4b6a-a80d-91317df6f643" />
    <UnitTestResult executionId="15a9dac2-6d55-48c0-b029-97db9ad3f646" testId="f680908c-3b4b-7b4d-7066-6e5fce7c0b27" testName="GetClusters_ExcludeThenIncludeExcludedItems_NoChange (Data Row 7)" computerName="DKSR-EFI-04" duration="00:00:00.0113837" startTime="2023-12-22T09:37:56.4607518+01:00" endTime="2023-12-22T09:37:56.6638974+01:00" testType="13cdc9d9-ddb5-4fa4-a97d-d965ccfc6d4b" outcome="Passed" testListId="8c84fa94-04c1-424b-9868-57a2d4851a1d" relativeResultsDirectory="15a9dac2-6d55-48c0-b029-97db9ad3f646" />
    <UnitTestResult executionId="39d58b0c-4637-47ee-a8e9-e8294b13a8f8" testId="8b541578-adaa-009d-fcd7-342c1711308d" testName="HandleSetLayerFeatures_ShouldRaiseArgumentException_WhenOutputKindAndNotOutputLayerFeatures" computerName="DKSR-EFI-04" duration="00:00:00.0013352" startTime="2023-12-22T09:37:55.8357483+01:00" endTime="2023-12-22T09:37:55.8357483+01:00" testType="13cdc9d9-ddb5-4fa4-a97d-d965ccfc6d4b" outcome="Passed" testListId="8c84fa94-04c1-424b-9868-57a2d4851a1d" relativeResultsDirectory="39d58b0c-4637-47ee-a8e9-e8294b13a8f8" />
    <UnitTestResult executionId="9991e520-3851-4767-b8f7-1bf22aff598e" testId="8ffeda3d-e799-7be5-92e9-cd0ffd88ed12" testName="TestKeepInMemory_Success" computerName="DKSR-EFI-04" duration="00:00:00.0001487" startTime="2023-12-22T09:38:05.8826847+01:00" endTime="2023-12-22T09:38:05.8826847+01:00" testType="13cdc9d9-ddb5-4fa4-a97d-d965ccfc6d4b" outcome="Passed" testListId="8c84fa94-04c1-424b-9868-57a2d4851a1d" relativeResultsDirectory="9991e520-3851-4767-b8f7-1bf22aff598e" />
    <UnitTestResult executionId="8bea5770-d57c-4349-82da-302a24721c3e" testId="c80f6705-aed7-e74b-8edd-9b2f7c5971b3" testName="PtzPresetsMenuViewModel_PtzReservedByOtherUserTest" computerName="DKSR-EFI-04" duration="00:00:00.0013478" startTime="2023-12-22T09:38:04.1639205+01:00" endTime="2023-12-22T09:38:04.1639205+01:00" testType="13cdc9d9-ddb5-4fa4-a97d-d965ccfc6d4b" outcome="Passed" testListId="8c84fa94-04c1-424b-9868-57a2d4851a1d" relativeResultsDirectory="8bea5770-d57c-4349-82da-302a24721c3e" />
    <UnitTestResult executionId="d5b0bcfa-29d8-4765-aa04-b6133f8f8b83" testId="c91a6029-2d3a-0f60-dab5-db888083c7c3" testName="State_ShouldUpdateMicrophoneIconImage_WhenSetToUnMute" computerName="DKSR-EFI-04" duration="00:00:00.0131671" startTime="2023-12-22T09:37:54.5701251+01:00" endTime="2023-12-22T09:37:54.5857418+01:00" testType="13cdc9d9-ddb5-4fa4-a97d-d965ccfc6d4b" outcome="Passed" testListId="8c84fa94-04c1-424b-9868-57a2d4851a1d" relativeResultsDirectory="d5b0bcfa-29d8-4765-aa04-b6133f8f8b83" />
    <UnitTestResult executionId="1f432092-454b-4a3e-abbd-3227d449114a" testId="d8157b41-29f4-4a55-1811-3e5273ac9071" testName="SupportsRightClick_ShouldBeFalse_WhenInteractionStateIsNotNormal" computerName="DKSR-EFI-04" duration="00:00:00.0387578" startTime="2023-12-22T09:36:19.9446071+01:00" endTime="2023-12-22T09:36:19.9758582+01:00" testType="13cdc9d9-ddb5-4fa4-a97d-d965ccfc6d4b" outcome="Passed" testListId="8c84fa94-04c1-424b-9868-57a2d4851a1d" relativeResultsDirectory="1f432092-454b-4a3e-abbd-3227d449114a" />
    <UnitTestResult executionId="2f74cf12-e7a5-4b5b-b03b-b33180300ee8" testId="bddb2a40-1daa-d4bf-c455-d8a073e5d8cf" testName="SelectTemplate_UseInDialogEdit_ReturnsInDialogTemplate" computerName="DKSR-EFI-04" duration="00:00:00.0010297" startTime="2023-12-22T09:36:30.9446657+01:00" endTime="2023-12-22T09:36:30.9446657+01:00" testType="13cdc9d9-ddb5-4fa4-a97d-d965ccfc6d4b" outcome="Passed" testListId="8c84fa94-04c1-424b-9868-57a2d4851a1d" relativeResultsDirectory="2f74cf12-e7a5-4b5b-b03b-b33180300ee8" />
    <UnitTestResult executionId="3a135af2-e61d-433b-b4df-a525c8b30684" testId="a6aa36e2-697d-2507-2a34-be6ba6cdbea9" testName="GeNumberOfMonitors_ShouldReturnValidValue" computerName="DKSR-EFI-04" duration="00:00:00.0041156" startTime="2023-12-22T09:38:06.0233076+01:00" endTime="2023-12-22T09:38:06.0389367+01:00" testType="13cdc9d9-ddb5-4fa4-a97d-d965ccfc6d4b" outcome="Passed" testListId="8c84fa94-04c1-424b-9868-57a2d4851a1d" relativeResultsDirectory="3a135af2-e61d-433b-b4df-a525c8b30684" />
    <UnitTestResult executionId="eb2f14fd-01d7-42b0-9424-0939813e166c" testId="234ad1b4-c3ca-386c-029e-422d8061eab6" testName="DeleteItems_ShouldOnlyHandleMipMapItems_WhenCalled" computerName="DKSR-EFI-04" duration="00:00:00.0561747" startTime="2023-12-22T09:37:53.6013681+01:00" endTime="2023-12-22T09:37:53.6482348+01:00" testType="13cdc9d9-ddb5-4fa4-a97d-d965ccfc6d4b" outcome="Passed" testListId="8c84fa94-04c1-424b-9868-57a2d4851a1d" relativeResultsDirectory="eb2f14fd-01d7-42b0-9424-0939813e166c" />
    <UnitTestResult executionId="e1e80851-0701-4fc9-983e-f8af3b099e98" testId="77d0e63a-0772-b03a-0b99-eeaeb962de64" testName="FindSearchTemplatesAsync_ThrowTimeoutException_Success" computerName="DKSR-EFI-04" duration="00:00:00.0015600" startTime="2023-12-22T09:37:34.1950088+01:00" endTime="2023-12-22T09:37:34.1950088+01:00" testType="13cdc9d9-ddb5-4fa4-a97d-d965ccfc6d4b" outcome="Passed" testListId="8c84fa94-04c1-424b-9868-57a2d4851a1d" relativeResultsDirectory="e1e80851-0701-4fc9-983e-f8af3b099e98" />
    <UnitTestResult executionId="5e2a53b4-fc6a-43e4-b950-098e2b15457b" testId="9029e935-145d-d5fd-fae9-96c860349038" testName="GetClusters_AddedItems_ClustersForAddedItems (Data Row 9)" computerName="DKSR-EFI-04" duration="00:00:00.0141729" startTime="2023-12-22T09:37:57.5232605+01:00" endTime="2023-12-22T09:37:57.7107610+01:00" testType="13cdc9d9-ddb5-4fa4-a97d-d965ccfc6d4b" outcome="Passed" testListId="8c84fa94-04c1-424b-9868-57a2d4851a1d" relativeResultsDirectory="5e2a53b4-fc6a-43e4-b950-098e2b15457b" />
    <UnitTestResult executionId="af1c5aef-a16e-465a-91d8-6a6f80e9c90d" testId="3375033a-d5e6-72b6-24f8-d995495958e4" testName="SearchResultsActionBarActions_MipActionSpecificallySupportsSelectedSearchResult_ActionEnabled" computerName="DKSR-EFI-04" duration="00:00:00.0086460" startTime="2023-12-22T09:37:25.2730850+01:00" endTime="2023-12-22T09:37:25.2730850+01:00" testType="13cdc9d9-ddb5-4fa4-a97d-d965ccfc6d4b" outcome="Passed" testListId="8c84fa94-04c1-424b-9868-57a2d4851a1d" relativeResultsDirectory="af1c5aef-a16e-465a-91d8-6a6f80e9c90d" />
    <UnitTestResult executionId="08261d33-48a5-4509-90de-97c564d125a3" testId="d9d0601b-6afc-d56b-58cd-43bff45267f6" testName="OnLayersRetrieved_ShouldSetComponentsOrdered_WhenLayersCollectionContainsCamera" computerName="DKSR-EFI-04" duration="00:00:00.0170364" startTime="2023-12-22T09:36:13.0851949+01:00" endTime="2023-12-22T09:36:13.1008208+01:00" testType="13cdc9d9-ddb5-4fa4-a97d-d965ccfc6d4b" outcome="Passed" testListId="8c84fa94-04c1-424b-9868-57a2d4851a1d" relativeResultsDirectory="08261d33-48a5-4509-90de-97c564d125a3" />
    <UnitTestResult executionId="26532383-da32-4567-a464-dc16f5680921" testId="c31c0655-edc1-f75e-ad95-999fd95393d5" testName="ValidateExportLocation_ShouldReturnFailResult_ExportFolderIsIllegal (True,True)" computerName="DKSR-EFI-04" duration="00:00:00.0129601" startTime="2023-12-22T09:36:29.8665332+01:00" endTime="2023-12-22T09:36:29.8665332+01:00" testType="13cdc9d9-ddb5-4fa4-a97d-d965ccfc6d4b" outcome="Passed" testListId="8c84fa94-04c1-424b-9868-57a2d4851a1d" relativeResultsDirectory="26532383-da32-4567-a464-dc16f5680921" />
    <UnitTestResult executionId="2c768c13-b28f-422b-9814-0d9294715137" testId="3d7ba390-9a7b-bdaa-74a4-97118816f256" testName="OnLayersRetrieved_ShouldSetComponentsOrdered_WhenLayersCollectionContainsInputAndOutputAndCamera" computerName="DKSR-EFI-04" duration="00:00:00.0265537" startTime="2023-12-22T09:36:13.0383198+01:00" endTime="2023-12-22T09:36:13.0695684+01:00" testType="13cdc9d9-ddb5-4fa4-a97d-d965ccfc6d4b" outcome="Passed" testListId="8c84fa94-04c1-424b-9868-57a2d4851a1d" relativeResultsDirectory="2c768c13-b28f-422b-9814-0d9294715137" />
    <UnitTestResult executionId="9166ba5c-109b-4287-8576-b021b69bffe8" testId="e36d83f9-6b5d-9305-3ea9-821cb3744fa4" testName="PatrollingStepListViewModel_ConvertToIPatrollingSteps" computerName="DKSR-EFI-04" duration="00:00:00.0020058" startTime="2023-12-22T09:37:58.1013853+01:00" endTime="2023-12-22T09:37:58.1013853+01:00" testType="13cdc9d9-ddb5-4fa4-a97d-d965ccfc6d4b" outcome="Passed" testListId="8c84fa94-04c1-424b-9868-57a2d4851a1d" relativeResultsDirectory="9166ba5c-109b-4287-8576-b021b69bffe8" />
    <UnitTestResult executionId="f15472ae-b44a-4f60-ac81-a58f71314674" testId="c34f42eb-c62c-cd70-fefe-eae8d43a9ea6" testName="OnMarkerSelected_ShouldSelectMarker_WhenNoExistingSelectionAndAddToSelectionIsTrue" computerName="DKSR-EFI-04" duration="00:00:00.0078248" startTime="2023-12-22T09:36:18.8508492+01:00" endTime="2023-12-22T09:36:18.8664763+01:00" testType="13cdc9d9-ddb5-4fa4-a97d-d965ccfc6d4b" outcome="Passed" testListId="8c84fa94-04c1-424b-9868-57a2d4851a1d" relativeResultsDirectory="f15472ae-b44a-4f60-ac81-a58f71314674" />
    <UnitTestResult executionId="73aac499-83fe-41d8-a44a-6732f9680a35" testId="e9210e25-ddb7-3ad7-3147-1b0286b3f5d2" testName="ProvideValue_ShouldAlwaysReturnItself" computerName="DKSR-EFI-04" duration="00:00:00.0047007" startTime="2023-12-22T09:36:07.8039157+01:00" endTime="2023-12-22T09:36:07.8039157+01:00" testType="13cdc9d9-ddb5-4fa4-a97d-d965ccfc6d4b" outcome="Passed" testListId="8c84fa94-04c1-424b-9868-57a2d4851a1d" relativeResultsDirectory="73aac499-83fe-41d8-a44a-6732f9680a35" />
    <UnitTestResult executionId="f9a18484-f660-4e9d-beb6-1ecbfd661fd3" testId="cedacd39-cebe-080f-c95c-117129a33131" testName="Constructor_ShouldRaiseArgumentNullException_WhenGisMapModelIsNull" computerName="DKSR-EFI-04" duration="00:00:00.0129211" startTime="2023-12-22T09:36:26.0071395+01:00" endTime="2023-12-22T09:36:26.0071395+01:00" testType="13cdc9d9-ddb5-4fa4-a97d-d965ccfc6d4b" outcome="Passed" testListId="8c84fa94-04c1-424b-9868-57a2d4851a1d" relativeResultsDirectory="f9a18484-f660-4e9d-beb6-1ecbfd661fd3" />
    <UnitTestResult executionId="8f8c394e-5809-4fc7-bb7f-3e22bba696d0" testId="ed35a7f0-03d4-ea75-0507-862afb897619" testName="RemoveAttributeValueCommand_NotNullValue_AttributeValueCleared" computerName="DKSR-EFI-04" duration="00:00:00.0014403" startTime="2023-12-22T09:37:24.4449558+01:00" endTime="2023-12-22T09:37:24.4449558+01:00" testType="13cdc9d9-ddb5-4fa4-a97d-d965ccfc6d4b" outcome="Passed" testListId="8c84fa94-04c1-424b-9868-57a2d4851a1d" relativeResultsDirectory="8f8c394e-5809-4fc7-bb7f-3e22bba696d0" />
    <UnitTestResult executionId="bfe8629b-8c56-4a29-8e34-c45574bd43f2" testId="704f12b7-2603-a060-9466-3d44ec217344" testName="Keywords_Built" computerName="DKSR-EFI-04" duration="00:00:00.1474537" startTime="2023-12-22T09:38:06.3201931+01:00" endTime="2023-12-22T09:38:06.4608118+01:00" testType="13cdc9d9-ddb5-4fa4-a97d-d965ccfc6d4b" outcome="Passed" testListId="8c84fa94-04c1-424b-9868-57a2d4851a1d" relativeResultsDirectory="bfe8629b-8c56-4a29-8e34-c45574bd43f2" />
    <UnitTestResult executionId="ed30891d-bb6d-446f-a452-3d363b39c398" testId="e833bb24-3fa7-84ca-0015-97d61c5799eb" testName="HandleGetDeviceData_ShouldReturnNotFoundDeviceData_WhenNotSupportedKind" computerName="DKSR-EFI-04" duration="00:00:00.1467686" startTime="2023-12-22T09:36:26.1946402+01:00" endTime="2023-12-22T09:36:26.3352659+01:00" testType="13cdc9d9-ddb5-4fa4-a97d-d965ccfc6d4b" outcome="Passed" testListId="8c84fa94-04c1-424b-9868-57a2d4851a1d" relativeResultsDirectory="ed30891d-bb6d-446f-a452-3d363b39c398" />
    <UnitTestResult executionId="16a9e72d-60c6-4548-8a0b-34a7b6e61c3c" testId="c6aa84d9-56b3-333b-31b6-309528e6353e" testName="DeviceIcons_ShouldReturnIconsInAProperOrder_WhenCalled" computerName="DKSR-EFI-04" duration="00:00:00.0006907" startTime="2023-12-22T09:37:53.1013600+01:00" endTime="2023-12-22T09:37:53.1013600+01:00" testType="13cdc9d9-ddb5-4fa4-a97d-d965ccfc6d4b" outcome="Passed" testListId="8c84fa94-04c1-424b-9868-57a2d4851a1d" relativeResultsDirectory="16a9e72d-60c6-4548-8a0b-34a7b6e61c3c" />
    <UnitTestResult executionId="edf86680-0aee-4286-8f73-7bd749e7ee22" testId="8db91f9d-1fce-7008-7fb4-f88012013950" testName="ClearSelectedCamerasCommand_WithActiveSearchTemplate_ActiveSearchTemplateModifiedSet" computerName="DKSR-EFI-04" duration="00:00:00.0112912" startTime="2023-12-22T09:37:27.6793530+01:00" endTime="2023-12-22T09:37:27.6949742+01:00" testType="13cdc9d9-ddb5-4fa4-a97d-d965ccfc6d4b" outcome="Passed" testListId="8c84fa94-04c1-424b-9868-57a2d4851a1d" relativeResultsDirectory="edf86680-0aee-4286-8f73-7bd749e7ee22" />
    <UnitTestResult executionId="03b60132-c62a-4a64-9442-e465f4646dbe" testId="b0add685-1c58-f35e-e4aa-57de22bf2774" testName="PtzPresetsMenuViewModel_SetInfo_PtzSessionControllerInfo_ArgumentNullCheckTest" computerName="DKSR-EFI-04" duration="00:00:00.0016949" startTime="2023-12-22T09:38:04.1483004+01:00" endTime="2023-12-22T09:38:04.1483004+01:00" testType="13cdc9d9-ddb5-4fa4-a97d-d965ccfc6d4b" outcome="Passed" testListId="8c84fa94-04c1-424b-9868-57a2d4851a1d" relativeResultsDirectory="03b60132-c62a-4a64-9442-e465f4646dbe" />
    <UnitTestResult executionId="e17b7108-27f6-485e-9b0d-767483edc1a4" testId="39116a4a-80db-ce36-d47f-ad7c599fcdc1" testName="AssignPanTiltValue_WhenValueJustBelowDeadzone_ShouldReturnJustBelowCenterValue" computerName="DKSR-EFI-04" duration="00:00:00.0001641" startTime="2023-12-22T09:36:08.1789189+01:00" endTime="2023-12-22T09:36:08.1789189+01:00" testType="13cdc9d9-ddb5-4fa4-a97d-d965ccfc6d4b" outcome="Passed" testListId="8c84fa94-04c1-424b-9868-57a2d4851a1d" relativeResultsDirectory="e17b7108-27f6-485e-9b0d-767483edc1a4" />
    <UnitTestResult executionId="179a5c6b-5a5d-41f1-beb4-0c2c2b026c4e" testId="98f162c3-7789-0517-6acc-2e2623f261ea" testName="VideoResultSearchResult_PropertiesWhenCombinedResultDifferentCategoryName_CollectedAndDisplayed" computerName="DKSR-EFI-04" duration="00:00:00.0221666" startTime="2023-12-22T09:37:06.5229810+01:00" endTime="2023-12-22T09:37:06.5386073+01:00" testType="13cdc9d9-ddb5-4fa4-a97d-d965ccfc6d4b" outcome="Passed" testListId="8c84fa94-04c1-424b-9868-57a2d4851a1d" relativeResultsDirectory="179a5c6b-5a5d-41f1-beb4-0c2c2b026c4e" />
    <UnitTestResult executionId="b4fb798a-48cb-407b-b7d3-199cfd5d5261" testId="82581c83-f8ac-d2d4-2282-bfb72f7ace78" testName="GeNumberOfMonitors_GetResolution_ShouldReturnValidValue" computerName="DKSR-EFI-04" duration="00:00:00.0015942" startTime="2023-12-22T09:38:06.0389367+01:00" endTime="2023-12-22T09:38:06.0389367+01:00" testType="13cdc9d9-ddb5-4fa4-a97d-d965ccfc6d4b" outcome="Passed" testListId="8c84fa94-04c1-424b-9868-57a2d4851a1d" relativeResultsDirectory="b4fb798a-48cb-407b-b7d3-199cfd5d5261" />
    <UnitTestResult executionId="28fd2a09-cb23-453c-b462-4110cd0f957f" testId="9cc6be48-d93e-7fa9-ac2d-151cc03c3ec0" testName="Compare_Descending_Success" computerName="DKSR-EFI-04" duration="00:00:00.0004328" startTime="2023-12-22T09:37:35.3512604+01:00" endTime="2023-12-22T09:37:35.3512604+01:00" testType="13cdc9d9-ddb5-4fa4-a97d-d965ccfc6d4b" outcome="Passed" testListId="8c84fa94-04c1-424b-9868-57a2d4851a1d" relativeResultsDirectory="28fd2a09-cb23-453c-b462-4110cd0f957f" />
    <UnitTestResult executionId="77d067de-5931-412d-8f00-2e6f3af36291" testId="d054dd78-c223-2b18-9e0c-69480854f65f" testName="Init_NullState_CorrectViewAppliedAsContent" computerName="DKSR-EFI-04" duration="00:00:00.0029113" startTime="2023-12-22T09:36:29.3665327+01:00" endTime="2023-12-22T09:36:29.3665327+01:00" testType="13cdc9d9-ddb5-4fa4-a97d-d965ccfc6d4b" outcome="Passed" testListId="8c84fa94-04c1-424b-9868-57a2d4851a1d" relativeResultsDirectory="77d067de-5931-412d-8f00-2e6f3af36291" />
    <UnitTestResult executionId="1ab68533-c4a7-4536-85ea-1fddad975577" testId="b252d43e-f2d3-2b51-45af-2db3de66090b" testName="SidePanelToggleButtonIsVisible_DependingOnConditions (Normal,True,True,False)" computerName="DKSR-EFI-04" duration="00:00:00.0169620" startTime="2023-12-22T09:37:59.1482677+01:00" endTime="2023-12-22T09:37:59.1638917+01:00" testType="13cdc9d9-ddb5-4fa4-a97d-d965ccfc6d4b" outcome="Passed" testListId="8c84fa94-04c1-424b-9868-57a2d4851a1d" relativeResultsDirectory="1ab68533-c4a7-4536-85ea-1fddad975577" />
    <UnitTestResult executionId="a98d8782-dcb9-45d8-9254-16e493cc267f" testId="aab428ed-a31b-f1b7-b0cd-f341bed7d107" testName="ctor_NullArg_NullArgException" computerName="DKSR-EFI-04" duration="00:00:00.0013149" startTime="2023-12-22T09:37:24.3511995+01:00" endTime="2023-12-22T09:37:24.3511995+01:00" testType="13cdc9d9-ddb5-4fa4-a97d-d965ccfc6d4b" outcome="Passed" testListId="8c84fa94-04c1-424b-9868-57a2d4851a1d" relativeResultsDirectory="a98d8782-dcb9-45d8-9254-16e493cc267f" />
    <UnitTestResult executionId="253bc74c-903e-4340-a7f6-6af91bbc3a0d" testId="acb150f5-b42c-e1e1-4437-dd62b031592b" testName="Dispose_ShouldDetachOnUpdateUnmutedMicrophonesRaised_WhenCalled" computerName="DKSR-EFI-04" duration="00:00:00.0116659" startTime="2023-12-22T09:37:53.5232398+01:00" endTime="2023-12-22T09:37:53.5388645+01:00" testType="13cdc9d9-ddb5-4fa4-a97d-d965ccfc6d4b" outcome="Passed" testListId="8c84fa94-04c1-424b-9868-57a2d4851a1d" relativeResultsDirectory="253bc74c-903e-4340-a7f6-6af91bbc3a0d" />
    <UnitTestResult executionId="7c17eafa-7b30-407a-9ae0-bac802bd56ee" testId="a68fe85a-0571-5cf5-4ec4-cc94366f30ee" testName="GetProductDisplayVersion_ShouldReturnDefault_WhenSmartClientVersionIsNull" computerName="DKSR-EFI-04" duration="00:00:00.0006407" startTime="2023-12-22T09:38:06.0389367+01:00" endTime="2023-12-22T09:38:06.0389367+01:00" testType="13cdc9d9-ddb5-4fa4-a97d-d965ccfc6d4b" outcome="Passed" testListId="8c84fa94-04c1-424b-9868-57a2d4851a1d" relativeResultsDirectory="7c17eafa-7b30-407a-9ae0-bac802bd56ee" />
    <UnitTestResult executionId="2c8f7a8a-0d75-478f-a4a3-b006efb1292a" testId="dc622a34-8cc7-4600-a4f3-cf01b26ced88" testName="GetSubGroup_NewUser" computerName="DKSR-EFI-04" duration="00:00:00.0006839" startTime="2023-12-22T09:36:07.5226660+01:00" endTime="2023-12-22T09:36:07.5382906+01:00" testType="13cdc9d9-ddb5-4fa4-a97d-d965ccfc6d4b" outcome="Passed" testListId="8c84fa94-04c1-424b-9868-57a2d4851a1d" relativeResultsDirectory="2c8f7a8a-0d75-478f-a4a3-b006efb1292a" />
    <UnitTestResult executionId="910398f9-3b9c-449e-a308-0644508a162b" testId="ee3692c6-4239-b2e2-f69d-66ef9eb784ce" testName="TestForAssemblyCoverage" computerName="DKSR-EFI-04" duration="00:00:00.0069248" startTime="2023-12-22T09:36:07.9132915+01:00" endTime="2023-12-22T09:36:07.9132915+01:00" testType="13cdc9d9-ddb5-4fa4-a97d-d965ccfc6d4b" outcome="Passed" testListId="8c84fa94-04c1-424b-9868-57a2d4851a1d" relativeResultsDirectory="910398f9-3b9c-449e-a308-0644508a162b" />
    <UnitTestResult executionId="cb299d07-0b54-40c2-961e-bc0f529691f1" testId="efe4db7d-9fc9-dd9f-492e-e4ff6529fb1e" testName="SerializeDeserialize_ExcludeNotPersistedProperties_Success" computerName="DKSR-EFI-04" duration="00:00:00.0012235" startTime="2023-12-22T09:38:00.9139061+01:00" endTime="2023-12-22T09:38:00.9139061+01:00" testType="13cdc9d9-ddb5-4fa4-a97d-d965ccfc6d4b" outcome="Passed" testListId="8c84fa94-04c1-424b-9868-57a2d4851a1d" relativeResultsDirectory="cb299d07-0b54-40c2-961e-bc0f529691f1" />
    <UnitTestResult executionId="2809f82e-acff-4290-ad08-7c22a302731a" testId="c0f6f50e-70bb-6ec7-7cb1-70b1c03dbf38" testName="SetResultsToReselect_ShouldBeReflectedInResultsProcessedEvent" computerName="DKSR-EFI-04" duration="00:00:00.0052632" startTime="2023-12-22T09:37:35.0856379+01:00" endTime="2023-12-22T09:37:35.1012648+01:00" testType="13cdc9d9-ddb5-4fa4-a97d-d965ccfc6d4b" outcome="Passed" testListId="8c84fa94-04c1-424b-9868-57a2d4851a1d" relativeResultsDirectory="2809f82e-acff-4290-ad08-7c22a302731a" />
    <UnitTestResult executionId="0e9a96e7-019b-4392-83b0-187be5ef0fa7" testId="2a5bdc9b-a4a1-6e5d-d8c0-74a33d9867c4" testName="BookmarkSearchTime_WithSearchStringInDifferentCases_ReturnCorrectBookmarkWithSearchStringInHeader (SeArChStRiNg,True,False,True,True,,,1)" computerName="DKSR-EFI-04" duration="00:00:00.0057050" startTime="2023-12-22T09:38:01.1795337+01:00" endTime="2023-12-22T09:38:01.1795337+01:00" testType="13cdc9d9-ddb5-4fa4-a97d-d965ccfc6d4b" outcome="Passed" testListId="8c84fa94-04c1-424b-9868-57a2d4851a1d" relativeResultsDirectory="0e9a96e7-019b-4392-83b0-187be5ef0fa7" />
    <UnitTestResult executionId="4fe70f03-6408-471f-a23c-b8109232d651" testId="73f202f0-6b9c-f5c0-5b33-e4aa7777d3dd" testName="NavigateAndSelectAsync_CameraKind_CallDelegatedToViewModel" computerName="DKSR-EFI-04" duration="00:00:00.0233559" startTime="2023-12-22T09:36:24.4133785+01:00" endTime="2023-12-22T09:36:24.4446297+01:00" testType="13cdc9d9-ddb5-4fa4-a97d-d965ccfc6d4b" outcome="Passed" testListId="8c84fa94-04c1-424b-9868-57a2d4851a1d" relativeResultsDirectory="4fe70f03-6408-471f-a23c-b8109232d651" />
    <UnitTestResult executionId="9e342ece-b5b8-42ad-9a29-f56b5fdb43fb" testId="2fac8697-42a0-e62c-c584-1a27c1834f8e" testName="SaveAsNewSearchTemplateAsync_Fails_Success" computerName="DKSR-EFI-04" duration="00:00:00.0051774" startTime="2023-12-22T09:37:33.8200111+01:00" endTime="2023-12-22T09:37:33.8200111+01:00" testType="13cdc9d9-ddb5-4fa4-a97d-d965ccfc6d4b" outcome="Passed" testListId="8c84fa94-04c1-424b-9868-57a2d4851a1d" relativeResultsDirectory="9e342ece-b5b8-42ad-9a29-f56b5fdb43fb" />
    <UnitTestResult executionId="9f6c9a90-2728-42c1-b0f6-8feb40f96988" testId="896580b1-84f1-933f-fef3-e601288590b2" testName="CreateCameraListItem_ShouldNotAddRegionSelectionToFilterValue_WhenAlreadyPresent" computerName="DKSR-EFI-04" duration="00:00:00.0012762" startTime="2023-12-22T09:37:49.0857147+01:00" endTime="2023-12-22T09:37:49.0857147+01:00" testType="13cdc9d9-ddb5-4fa4-a97d-d965ccfc6d4b" outcome="Passed" testListId="8c84fa94-04c1-424b-9868-57a2d4851a1d" relativeResultsDirectory="9f6c9a90-2728-42c1-b0f6-8feb40f96988" />
    <UnitTestResult executionId="d83ae132-9ede-495a-9c3a-91c175c4eed6" testId="54d37202-700f-6df9-4a02-04121275df7c" testName="DeleteBookmarksAsync_NoPermissionDeleteBookmark_ErrorRaised" computerName="DKSR-EFI-04" duration="00:00:00.0030606" startTime="2023-12-22T09:37:24.4137027+01:00" endTime="2023-12-22T09:37:24.4137027+01:00" testType="13cdc9d9-ddb5-4fa4-a97d-d965ccfc6d4b" outcome="Passed" testListId="8c84fa94-04c1-424b-9868-57a2d4851a1d" relativeResultsDirectory="d83ae132-9ede-495a-9c3a-91c175c4eed6" />
    <UnitTestResult executionId="cee478ee-0d3d-4247-8474-ec445f7a4168" testId="e7590a2a-9404-cfd8-85e4-42ebf7fee746" testName="EvidenceLockNotVisible_WhenFeatureDisabled" computerName="DKSR-EFI-04" duration="00:00:00.0176835" startTime="2023-12-22T09:37:59.0701457+01:00" endTime="2023-12-22T09:37:59.0857757+01:00" testType="13cdc9d9-ddb5-4fa4-a97d-d965ccfc6d4b" outcome="Passed" testListId="8c84fa94-04c1-424b-9868-57a2d4851a1d" relativeResultsDirectory="cee478ee-0d3d-4247-8474-ec445f7a4168" />
    <UnitTestResult executionId="7b9d8666-6e73-4f2d-9033-5f494464cd0b" testId="c26bcfcf-d6cf-eb3f-8de4-51157c9540bf" testName="CreateSearchTemplateAsync_ThrowTimeoutException_Success" computerName="DKSR-EFI-04" duration="00:00:00.0018421" startTime="2023-12-22T09:37:33.9293830+01:00" endTime="2023-12-22T09:37:33.9293830+01:00" testType="13cdc9d9-ddb5-4fa4-a97d-d965ccfc6d4b" outcome="Passed" testListId="8c84fa94-04c1-424b-9868-57a2d4851a1d" relativeResultsDirectory="7b9d8666-6e73-4f2d-9033-5f494464cd0b" />
    <UnitTestResult executionId="e46b7380-1226-490c-a16b-49fe9d207a1c" testId="34490af8-d3d6-7a91-eac4-416d37c4c03b" testName="SerializeDeserialize_Success" computerName="DKSR-EFI-04" duration="00:00:00.0005054" startTime="2023-12-22T09:37:33.8825089+01:00" endTime="2023-12-22T09:37:33.8825089+01:00" testType="13cdc9d9-ddb5-4fa4-a97d-d965ccfc6d4b" outcome="Passed" testListId="8c84fa94-04c1-424b-9868-57a2d4851a1d" relativeResultsDirectory="e46b7380-1226-490c-a16b-49fe9d207a1c" />
    <UnitTestResult executionId="5662baea-7ecb-436f-a79f-04e313e5f936" testId="2a74f75f-14b3-bc86-2d45-d53566346d28" testName="DeviceSelectorUserControl_ShouldRaiseMissingMethodException_WhenUserControlLacksConstructorWithInteractionStateParameter" computerName="DKSR-EFI-04" duration="00:00:01.3559935" startTime="2023-12-22T09:36:14.9445795+01:00" endTime="2023-12-22T09:36:16.3039634+01:00" testType="13cdc9d9-ddb5-4fa4-a97d-d965ccfc6d4b" outcome="Passed" testListId="8c84fa94-04c1-424b-9868-57a2d4851a1d" relativeResultsDirectory="5662baea-7ecb-436f-a79f-04e313e5f936" />
    <UnitTestResult executionId="99816763-355a-474d-8512-64d506083ecf" testId="8a331f63-bf32-57ca-e19f-2c5fb3b70109" testName="SupportsDoubleClick_ShouldBeTrue_WhenInteractionStateIsNormalAndInSetupMode" computerName="DKSR-EFI-04" duration="00:00:00.0393712" startTime="2023-12-22T09:36:19.9914829+01:00" endTime="2023-12-22T09:36:20.0227293+01:00" testType="13cdc9d9-ddb5-4fa4-a97d-d965ccfc6d4b" outcome="Passed" testListId="8c84fa94-04c1-424b-9868-57a2d4851a1d" relativeResultsDirectory="99816763-355a-474d-8512-64d506083ecf" />
    <UnitTestResult executionId="a5364403-fe33-4192-a89c-6cd70a0214f8" testId="95e53d06-c2c3-70e9-48e1-6d7859b93b61" testName="GetItemsFor_Building2Levels_Success" computerName="DKSR-EFI-04" duration="00:00:00.0501392" startTime="2023-12-22T09:37:56.8357615+01:00" endTime="2023-12-22T09:37:56.8826295+01:00" testType="13cdc9d9-ddb5-4fa4-a97d-d965ccfc6d4b" outcome="Passed" testListId="8c84fa94-04c1-424b-9868-57a2d4851a1d" relativeResultsDirectory="a5364403-fe33-4192-a89c-6cd70a0214f8" />
    <UnitTestResult executionId="e9cf0034-6ce9-4356-997d-5dd2de08e15c" testId="80e1e452-82cf-b088-db40-d28f7d32c62d" testName="Export when Other" computerName="DKSR-EFI-04" duration="00:00:00.0178573" startTime="2023-12-22T09:37:58.8045216+01:00" endTime="2023-12-22T09:37:59.0389054+01:00" testType="13cdc9d9-ddb5-4fa4-a97d-d965ccfc6d4b" outcome="Passed" testListId="8c84fa94-04c1-424b-9868-57a2d4851a1d" relativeResultsDirectory="e9cf0034-6ce9-4356-997d-5dd2de08e15c" />
    <UnitTestResult executionId="f210b186-e05b-4aa4-8d3e-1731cf32bbc3" testId="cf1b5120-2f82-9f5f-15f1-028f78b34222" testName="AddToExportTuples_ShouldReturnCorrectResult (1,1,0)" computerName="DKSR-EFI-04" duration="00:00:00.0047219" startTime="2023-12-22T09:37:59.9607724+01:00" endTime="2023-12-22T09:37:59.9764000+01:00" testType="13cdc9d9-ddb5-4fa4-a97d-d965ccfc6d4b" outcome="Passed" testListId="8c84fa94-04c1-424b-9868-57a2d4851a1d" relativeResultsDirectory="f210b186-e05b-4aa4-8d3e-1731cf32bbc3" />
    <UnitTestResult executionId="eff53c4c-ea65-40af-aa90-b7881d715fa2" testId="60b3c6a0-382d-f239-6234-5e6df72cc9b2" testName="SmartMapGoToAreaHandler_WhenDataIsNotSmartMapGoToAreaCommandData_ShouldWriteToLog" computerName="DKSR-EFI-04" duration="00:00:00.0036573" startTime="2023-12-22T09:36:23.7102506+01:00" endTime="2023-12-22T09:36:23.7258771+01:00" testType="13cdc9d9-ddb5-4fa4-a97d-d965ccfc6d4b" outcome="Passed" testListId="8c84fa94-04c1-424b-9868-57a2d4851a1d" relativeResultsDirectory="eff53c4c-ea65-40af-aa90-b7881d715fa2" />
    <UnitTestResult executionId="6d8edd5c-c283-4881-a7d1-2f2f40206adc" testId="98c541d3-5d24-2401-7643-1e542884ed7a" testName="CreateReportAsync_ShouldSplitFrontPage_WhereFrontPageNotesSectionIsTooLarge" computerName="DKSR-EFI-04" duration="00:00:00.0776883" startTime="2023-12-22T09:37:29.6012299+01:00" endTime="2023-12-22T09:37:29.6793530+01:00" testType="13cdc9d9-ddb5-4fa4-a97d-d965ccfc6d4b" outcome="Passed" testListId="8c84fa94-04c1-424b-9868-57a2d4851a1d" relativeResultsDirectory="6d8edd5c-c283-4881-a7d1-2f2f40206adc" />
    <UnitTestResult executionId="6e19f9e0-6e95-425a-a75e-db9c93222a18" testId="c3727fbd-7b27-2b58-8aac-80b9993febce" testName="OutputMapItem_ForceActivateAsync_InBuilding_MapLayerHidden_Success" computerName="DKSR-EFI-04" duration="00:00:00.0158465" startTime="2023-12-22T09:37:54.1795010+01:00" endTime="2023-12-22T09:37:54.1951204+01:00" testType="13cdc9d9-ddb5-4fa4-a97d-d965ccfc6d4b" outcome="Passed" testListId="8c84fa94-04c1-424b-9868-57a2d4851a1d" relativeResultsDirectory="6e19f9e0-6e95-425a-a75e-db9c93222a18" />
    <UnitTestResult executionId="8aa5c939-bea4-44b9-b6e4-2c48a812f4bc" testId="ad0fb3f5-59c6-f38e-8f48-61ec61251228" testName="TryGetOsmServerTileAddress_ShouldSetUriWithOsmTileSuffix_WhenOsmServerAddressDoesNotIncludeOsmTileSuffix" computerName="DKSR-EFI-04" duration="00:00:00.0001994" startTime="2023-12-22T09:37:55.8982514+01:00" endTime="2023-12-22T09:37:55.8982514+01:00" testType="13cdc9d9-ddb5-4fa4-a97d-d965ccfc6d4b" outcome="Passed" testListId="8c84fa94-04c1-424b-9868-57a2d4851a1d" relativeResultsDirectory="8aa5c939-bea4-44b9-b6e4-2c48a812f4bc" />
    <UnitTestResult executionId="6d1ff326-7307-4189-ac0a-45226d41a339" testId="47771962-fd80-aab3-ebc0-33717839eb97" testName="GetMutedMicrophoneIconId_ShouldReturnValidMutedMicrophoneIconId_WhenValidUnmutedMicrophoneIconIdIsProvided" computerName="DKSR-EFI-04" duration="00:00:00.0002114" startTime="2023-12-22T09:37:53.0857414+01:00" endTime="2023-12-22T09:37:53.0857414+01:00" testType="13cdc9d9-ddb5-4fa4-a97d-d965ccfc6d4b" outcome="Passed" testListId="8c84fa94-04c1-424b-9868-57a2d4851a1d" relativeResultsDirectory="6d1ff326-7307-4189-ac0a-45226d41a339" />
    <UnitTestResult executionId="08b6dbff-9688-4f69-a2c1-98fc23c3498b" testId="bb9524ad-acf8-1507-0ed6-9348671a86fe" testName="Tokenizer_Test" computerName="DKSR-EFI-04" duration="00:00:00.0005459" startTime="2023-12-22T09:38:07.0545635+01:00" endTime="2023-12-22T09:38:07.0545635+01:00" testType="13cdc9d9-ddb5-4fa4-a97d-d965ccfc6d4b" outcome="Passed" testListId="8c84fa94-04c1-424b-9868-57a2d4851a1d" relativeResultsDirectory="08b6dbff-9688-4f69-a2c1-98fc23c3498b" />
    <UnitTestResult executionId="0c05f661-fcf4-4658-ae9d-f075bd5fc244" testId="a54693d6-edca-b2f0-c9d1-6e253deb3c9c" testName="SearchResultContainerView_OnItemActivated_SearchResultNotSelected" computerName="DKSR-EFI-04" duration="00:00:01.2511690" startTime="2023-12-22T09:36:39.3978356+01:00" endTime="2023-12-22T09:36:40.6478386+01:00" testType="13cdc9d9-ddb5-4fa4-a97d-d965ccfc6d4b" outcome="Passed" testListId="8c84fa94-04c1-424b-9868-57a2d4851a1d" relativeResultsDirectory="0c05f661-fcf4-4658-ae9d-f075bd5fc244" />
    <UnitTestResult executionId="1d17b818-4de3-45ac-a073-c6b24ce19ff9" testId="f31307eb-7ac9-c75e-b886-051d44063f63" testName="SelectedSearchResultsChanged_InitiallyNotVisible_BecomesVisible" computerName="DKSR-EFI-04" duration="00:00:00.0146979" startTime="2023-12-22T09:37:24.9293285+01:00" endTime="2023-12-22T09:37:24.9293285+01:00" testType="13cdc9d9-ddb5-4fa4-a97d-d965ccfc6d4b" outcome="Passed" testListId="8c84fa94-04c1-424b-9868-57a2d4851a1d" relativeResultsDirectory="1d17b818-4de3-45ac-a073-c6b24ce19ff9" />
    <UnitTestResult executionId="1e4564ea-f2e1-4f16-a5e4-01288b320d66" testId="34c107db-e9ce-df15-620e-0ed84eb2d0d6" testName="DisplayErrorOnNotificationArea_DeviceSearchError_Success" computerName="DKSR-EFI-04" duration="00:00:00.0093918" startTime="2023-12-22T09:37:28.1949709+01:00" endTime="2023-12-22T09:37:28.2105943+01:00" testType="13cdc9d9-ddb5-4fa4-a97d-d965ccfc6d4b" outcome="Passed" testListId="8c84fa94-04c1-424b-9868-57a2d4851a1d" relativeResultsDirectory="1e4564ea-f2e1-4f16-a5e4-01288b320d66" />
    <UnitTestResult executionId="98e70292-c762-4559-b7e3-791bb79f9e7c" testId="4b94700f-6e5c-855d-b131-f805331c5a39" testName="OpenStreetMapLayerIsDisabled_ShouldReturnFalse_WhenOpenStreetMapGeographicLayerOptionIsAvailableAndOpenStreetMapAlternativeServerIsNotEmpty" computerName="DKSR-EFI-04" duration="00:00:00.0077544" startTime="2023-12-22T09:37:50.0544756+01:00" endTime="2023-12-22T09:37:50.0700964+01:00" testType="13cdc9d9-ddb5-4fa4-a97d-d965ccfc6d4b" outcome="Passed" testListId="8c84fa94-04c1-424b-9868-57a2d4851a1d" relativeResultsDirectory="98e70292-c762-4559-b7e3-791bb79f9e7c" />
    <UnitTestResult executionId="4f0f57f6-3871-41af-95d2-2646da0d1822" testId="cf8b2ce3-17c9-1838-bf3d-cd93b522ea5f" testName="DrawProperty_ShouldNotCrash_WhenDrawingManyProperties" computerName="DKSR-EFI-04" duration="00:00:02.8647984" startTime="2023-12-22T09:37:29.9449839+01:00" endTime="2023-12-22T09:37:32.8043719+01:00" testType="13cdc9d9-ddb5-4fa4-a97d-d965ccfc6d4b" outcome="Passed" testListId="8c84fa94-04c1-424b-9868-57a2d4851a1d" relativeResultsDirectory="4f0f57f6-3871-41af-95d2-2646da0d1822" />
    <UnitTestResult executionId="29ccebe9-5be6-4b65-ae87-3f2d07cafaf1" testId="8c07f686-6c37-5afb-9e2e-861969346f9f" testName="AddResults_IncludePartialResults_OnePartialResult_Success" computerName="DKSR-EFI-04" duration="00:00:00.0040379" startTime="2023-12-22T09:37:35.1012648+01:00" endTime="2023-12-22T09:37:35.1168886+01:00" testType="13cdc9d9-ddb5-4fa4-a97d-d965ccfc6d4b" outcome="Passed" testListId="8c84fa94-04c1-424b-9868-57a2d4851a1d" relativeResultsDirectory="29ccebe9-5be6-4b65-ae87-3f2d07cafaf1" />
    <UnitTestResult executionId="381d8c73-a8b6-477f-8db8-dc8f1d6fc46e" testId="99a87674-ee88-dca5-48a5-598cbe7cb43b" testName="Search_TokenCancelled_SearchCallNotDelegatedToSearchManager" computerName="DKSR-EFI-04" duration="00:00:00.0079804" startTime="2023-12-22T09:37:48.1794611+01:00" endTime="2023-12-22T09:37:48.1794611+01:00" testType="13cdc9d9-ddb5-4fa4-a97d-d965ccfc6d4b" outcome="Passed" testListId="8c84fa94-04c1-424b-9868-57a2d4851a1d" relativeResultsDirectory="381d8c73-a8b6-477f-8db8-dc8f1d6fc46e" />
    <UnitTestResult executionId="f3e6beb1-d422-4317-b95f-170abb768c7e" testId="e0d78dcd-5614-964a-05ab-ebe0da0d939b" testName="ScrollIntoView_Sync_DataContextChange_Scrolled" computerName="DKSR-EFI-04" duration="00:00:00.1640396" startTime="2023-12-22T09:36:32.1165458+01:00" endTime="2023-12-22T09:36:32.2727965+01:00" testType="13cdc9d9-ddb5-4fa4-a97d-d965ccfc6d4b" outcome="Passed" testListId="8c84fa94-04c1-424b-9868-57a2d4851a1d" relativeResultsDirectory="f3e6beb1-d422-4317-b95f-170abb768c7e" />
    <UnitTestResult executionId="7ce12cf3-3cde-477a-b2cb-bb33e2822a86" testId="f086d804-d792-85ee-7f01-0c6bad93eebb" testName="SupportsDoubleClick_ShouldBeFalse_WhenInteractionStateIsNotNormalOrNewDevice" computerName="DKSR-EFI-04" duration="00:00:00.0460785" startTime="2023-12-22T09:36:20.7727345+01:00" endTime="2023-12-22T09:36:20.8196094+01:00" testType="13cdc9d9-ddb5-4fa4-a97d-d965ccfc6d4b" outcome="Passed" testListId="8c84fa94-04c1-424b-9868-57a2d4851a1d" relativeResultsDirectory="7ce12cf3-3cde-477a-b2cb-bb33e2822a86" />
    <UnitTestResult executionId="3a8910fd-cb46-433e-a3bb-74547ff6c71a" testId="6c45a0dd-5772-753d-7493-6b1e41606871" testName="NearestPossibleZoomLevel_ShouldReturnZoomLevel19_WhenScaleIsJustBelowZoomLevel19" computerName="DKSR-EFI-04" duration="00:00:00.0010990" startTime="2023-12-22T09:36:18.9289760+01:00" endTime="2023-12-22T09:36:18.9289760+01:00" testType="13cdc9d9-ddb5-4fa4-a97d-d965ccfc6d4b" outcome="Passed" testListId="8c84fa94-04c1-424b-9868-57a2d4851a1d" relativeResultsDirectory="3a8910fd-cb46-433e-a3bb-74547ff6c71a" />
    <UnitTestResult executionId="78d1bc9c-8fd6-4791-9162-b02723c18c33" testId="8dbcc6f1-4cbd-986e-7ab0-4762c811a25e" testName="IsProductionEnvironment_ShouldReturnCorrectValue (,True)" computerName="DKSR-EFI-04" duration="00:00:00.0001319" startTime="2023-12-22T09:38:06.2576843+01:00" endTime="2023-12-22T09:38:06.2576843+01:00" testType="13cdc9d9-ddb5-4fa4-a97d-d965ccfc6d4b" outcome="Passed" testListId="8c84fa94-04c1-424b-9868-57a2d4851a1d" relativeResultsDirectory="78d1bc9c-8fd6-4791-9162-b02723c18c33" />
    <UnitTestResult executionId="d67dd290-0f63-4e38-a604-99bbb61abc5d" testId="c44548aa-9337-8061-84b6-1037567d8f33" testName="BuildMapOptions_ShouldHandleSecretStringOptionsCorrectly (GisMapBingMapKey,,False)" computerName="DKSR-EFI-04" duration="00:00:00.0009110" startTime="2023-12-22T09:38:06.0858046+01:00" endTime="2023-12-22T09:38:06.0858046+01:00" testType="13cdc9d9-ddb5-4fa4-a97d-d965ccfc6d4b" outcome="Passed" testListId="8c84fa94-04c1-424b-9868-57a2d4851a1d" relativeResultsDirectory="d67dd290-0f63-4e38-a604-99bbb61abc5d" />
    <UnitTestResult executionId="d8416a3d-8309-4e34-86e2-45fdcb150cb1" testId="31ae9737-3293-daff-e7b1-357b7daf0b9b" testName="ShouldReturnFalseWhenScaleChangedButOverlayTypeIsNotRedraw" computerName="DKSR-EFI-04" duration="00:00:00.0013480" startTime="2023-12-22T09:36:24.0227537+01:00" endTime="2023-12-22T09:36:24.0227537+01:00" testType="13cdc9d9-ddb5-4fa4-a97d-d965ccfc6d4b" outcome="Passed" testListId="8c84fa94-04c1-424b-9868-57a2d4851a1d" relativeResultsDirectory="d8416a3d-8309-4e34-86e2-45fdcb150cb1" />
    <UnitTestResult executionId="f0c7d26b-3368-4884-926d-5d2c6fe4480a" testId="c7b7da64-3485-b2c1-376a-4a2776f7bf98" testName="AutomationId_ShouldBeValid_WhenInteractionStateIsInput" computerName="DKSR-EFI-04" duration="00:00:00.0002450" startTime="2023-12-22T09:36:14.9133295+01:00" endTime="2023-12-22T09:36:14.9133295+01:00" testType="13cdc9d9-ddb5-4fa4-a97d-d965ccfc6d4b" outcome="Passed" testListId="8c84fa94-04c1-424b-9868-57a2d4851a1d" relativeResultsDirectory="f0c7d26b-3368-4884-926d-5d2c6fe4480a" />
    <UnitTestResult executionId="d65c8de1-bf1b-4928-9db1-7230c65ea363" testId="17b36dbd-a0b1-7dd9-4d17-df2b3239cefc" testName="DetermineUserAllowsUnsecureConnection_WhereUserIsAskedAndUnsecureIsNotAllow_ShouldReturnFalse" computerName="DKSR-EFI-04" duration="00:00:02.3693776" startTime="2023-12-22T09:36:01.1945081+01:00" endTime="2023-12-22T09:36:03.5695221+01:00" testType="13cdc9d9-ddb5-4fa4-a97d-d965ccfc6d4b" outcome="Passed" testListId="8c84fa94-04c1-424b-9868-57a2d4851a1d" relativeResultsDirectory="d65c8de1-bf1b-4928-9db1-7230c65ea363" />
    <UnitTestResult executionId="d886374c-43e3-4e7d-bf11-f1f9a76bd624" testId="fc2cbc5b-c2b1-3d19-f684-8de533e0344a" testName="ToDenormalizedDirection_Minus0_25" computerName="DKSR-EFI-04" duration="00:00:00.0000729" startTime="2023-12-22T09:37:49.8513436+01:00" endTime="2023-12-22T09:37:49.8513436+01:00" testType="13cdc9d9-ddb5-4fa4-a97d-d965ccfc6d4b" outcome="Passed" testListId="8c84fa94-04c1-424b-9868-57a2d4851a1d" relativeResultsDirectory="d886374c-43e3-4e7d-bf11-f1f9a76bd624" />
    <UnitTestResult executionId="67eab624-9606-443c-ab1e-516fe0db0fd2" testId="a96b347d-5d1c-d89b-916b-371c05303b3e" testName="ActiveInteractionStateBinding_ShouldNotBeNull_WhenCtorIsCalled" computerName="DKSR-EFI-04" duration="00:00:00.0494712" startTime="2023-12-22T09:36:19.8196049+01:00" endTime="2023-12-22T09:36:19.8664825+01:00" testType="13cdc9d9-ddb5-4fa4-a97d-d965ccfc6d4b" outcome="Passed" testListId="8c84fa94-04c1-424b-9868-57a2d4851a1d" relativeResultsDirectory="67eab624-9606-443c-ab1e-516fe0db0fd2" />
    <UnitTestResult executionId="7d8ae390-d42d-4435-a4e2-5a8cfa27227b" testId="2c45a0c4-a819-6921-a82a-e9167bcfa09d" testName="AddLevel_Success" computerName="DKSR-EFI-04" duration="00:00:00.0412250" startTime="2023-12-22T09:37:55.4138734+01:00" endTime="2023-12-22T09:37:55.4607470+01:00" testType="13cdc9d9-ddb5-4fa4-a97d-d965ccfc6d4b" outcome="Passed" testListId="8c84fa94-04c1-424b-9868-57a2d4851a1d" relativeResultsDirectory="7d8ae390-d42d-4435-a4e2-5a8cfa27227b" />
    <UnitTestResult executionId="db1b4de2-d68a-4cc4-a3d1-e9330725ba35" testId="6cf12226-4d60-3448-6119-955749ad1a56" testName="ClearSelectedCommand_ClearsTheSelectedResults" computerName="DKSR-EFI-04" duration="00:00:00.0088128" startTime="2023-12-22T09:37:24.9762059+01:00" endTime="2023-12-22T09:37:24.9918325+01:00" testType="13cdc9d9-ddb5-4fa4-a97d-d965ccfc6d4b" outcome="Passed" testListId="8c84fa94-04c1-424b-9868-57a2d4851a1d" relativeResultsDirectory="db1b4de2-d68a-4cc4-a3d1-e9330725ba35" />
    <UnitTestResult executionId="bb887677-53af-42d8-9ba7-4293d53c0bec" testId="3417a0aa-0a1b-f490-3003-26e2483aac2f" testName="ValidateExportLocation_ShouldReturnFailResult_ExportFolderIsIllegal (True,False)" computerName="DKSR-EFI-04" duration="00:00:00.0150166" startTime="2023-12-22T09:36:29.8352828+01:00" endTime="2023-12-22T09:36:29.8509095+01:00" testType="13cdc9d9-ddb5-4fa4-a97d-d965ccfc6d4b" outcome="Passed" testListId="8c84fa94-04c1-424b-9868-57a2d4851a1d" relativeResultsDirectory="bb887677-53af-42d8-9ba7-4293d53c0bec" />
    <UnitTestResult executionId="c4586c6d-1cd1-4060-8581-9c3ae0e1d326" testId="52501ffb-ac7e-ad78-d1e0-6621a5b53480" testName="GetGisMapLayerFlyoutName_ShouldRaiseArgumentNullException_WhenOptionManagerIsNull" computerName="DKSR-EFI-04" duration="00:00:00.0004256" startTime="2023-12-22T09:37:55.8357483+01:00" endTime="2023-12-22T09:37:55.8513737+01:00" testType="13cdc9d9-ddb5-4fa4-a97d-d965ccfc6d4b" outcome="Passed" testListId="8c84fa94-04c1-424b-9868-57a2d4851a1d" relativeResultsDirectory="c4586c6d-1cd1-4060-8581-9c3ae0e1d326" />
    <UnitTestResult executionId="772b44a6-b16e-4f87-a184-dc613ead43d2" testId="9f2d8267-74f7-ee47-e40a-a9214d8b0149" testName="ValueWithFallbackConverterTests_Convert_OneValue_Success" computerName="DKSR-EFI-04" duration="00:00:00.0005016" startTime="2023-12-22T09:37:04.2104707+01:00" endTime="2023-12-22T09:37:04.2104707+01:00" testType="13cdc9d9-ddb5-4fa4-a97d-d965ccfc6d4b" outcome="Passed" testListId="8c84fa94-04c1-424b-9868-57a2d4851a1d" relativeResultsDirectory="772b44a6-b16e-4f87-a184-dc613ead43d2" />
    <UnitTestResult executionId="32ca733a-57e7-4019-b30f-2a32b1d79086" testId="533b05cc-a804-1759-db1f-d456efa129c0" testName="GetClusters_ShouldIncludeItemFromBuildingIntoSuperClusterOutsideBuilding_WhenBuildingLayerIsHidden" computerName="DKSR-EFI-04" duration="00:00:00.0019142" startTime="2023-12-22T09:37:57.2263827+01:00" endTime="2023-12-22T09:37:57.2263827+01:00" testType="13cdc9d9-ddb5-4fa4-a97d-d965ccfc6d4b" outcome="Passed" testListId="8c84fa94-04c1-424b-9868-57a2d4851a1d" relativeResultsDirectory="32ca733a-57e7-4019-b30f-2a32b1d79086" />
    <UnitTestResult executionId="b811e517-0686-4eab-9ada-f1e2d9c7eb3a" testId="e2431222-69de-ae33-ddac-4a921de8419c" testName="BookmarkSearchTime_WithSearchStringInDifferentCases_ReturnCorrectBookmarkWithSearchStringInHeader (SeArChStRiNg,True,False,False,False,,,1)" computerName="DKSR-EFI-04" duration="00:00:00.0050989" startTime="2023-12-22T09:38:01.2107851+01:00" endTime="2023-12-22T09:38:01.2107851+01:00" testType="13cdc9d9-ddb5-4fa4-a97d-d965ccfc6d4b" outcome="Passed" testListId="8c84fa94-04c1-424b-9868-57a2d4851a1d" relativeResultsDirectory="b811e517-0686-4eab-9ada-f1e2d9c7eb3a" />
    <UnitTestResult executionId="e066d197-67b7-4cb8-a5f8-f4a0712a2175" testId="7ef6fc17-41f7-b6dd-5a72-5e5de8ea26a4" testName="GetServerTypes_ShouldReturnServiceChannelType" computerName="DKSR-EFI-04" duration="00:00:00.0003607" startTime="2023-12-22T09:38:01.9920310+01:00" endTime="2023-12-22T09:38:01.9920310+01:00" testType="13cdc9d9-ddb5-4fa4-a97d-d965ccfc6d4b" outcome="Passed" testListId="8c84fa94-04c1-424b-9868-57a2d4851a1d" relativeResultsDirectory="e066d197-67b7-4cb8-a5f8-f4a0712a2175" />
    <UnitTestResult executionId="86dcc08a-e31f-43bf-95c3-c7540dc0fabc" testId="e8fbfc8d-82fa-6534-4e95-6007f14b30c3" testName="IsCamera_ShouldReturnTrue_WhenSingleCameraGourpSelected" computerName="DKSR-EFI-04" duration="00:00:00.0003340" startTime="2023-12-22T09:38:02.0232876+01:00" endTime="2023-12-22T09:38:02.0232876+01:00" testType="13cdc9d9-ddb5-4fa4-a97d-d965ccfc6d4b" outcome="Passed" testListId="8c84fa94-04c1-424b-9868-57a2d4851a1d" relativeResultsDirectory="86dcc08a-e31f-43bf-95c3-c7540dc0fabc" />
    <UnitTestResult executionId="ad226356-551f-4923-92bd-eed4cbc35700" testId="b39b8640-a4cc-96cc-891a-64310b2030c3" testName="SearchResultDetailsView_MouseDoubleClick_AnimationDisabled_DetailsViewRemovedFromDetailsViewControl" computerName="DKSR-EFI-04" startTime="2023-12-22T09:36:43.2259828+01:00" endTime="2023-12-22T09:36:43.2259828+01:00" testType="13cdc9d9-ddb5-4fa4-a97d-d965ccfc6d4b" outcome="NotExecuted" testListId="8c84fa94-04c1-424b-9868-57a2d4851a1d" relativeResultsDirectory="ad226356-551f-4923-92bd-eed4cbc35700">
      <Output></Output>
    </UnitTestResult>
    <UnitTestResult executionId="5d5741f9-bfb0-4a3b-971e-584fa27c5776" testId="b8dcd7c2-d643-4004-06b6-71dd24bea1c1" testName="CameraMapItem_AddWithViewZone_EvsServer_Success" computerName="DKSR-EFI-04" duration="00:00:00.0908079" startTime="2023-12-22T09:37:50.6325985+01:00" endTime="2023-12-22T09:37:50.7263465+01:00" testType="13cdc9d9-ddb5-4fa4-a97d-d965ccfc6d4b" outcome="Passed" testListId="8c84fa94-04c1-424b-9868-57a2d4851a1d" relativeResultsDirectory="5d5741f9-bfb0-4a3b-971e-584fa27c5776" />
    <UnitTestResult executionId="201f0865-b984-4b7b-9a00-85538dd14bdc" testId="f8f04b21-fad0-48a3-39ca-a5f162fe7d64" testName="Convert_InvalidArgumentCount_MoreThanExpected_Collapsed" computerName="DKSR-EFI-04" duration="00:00:00.0003124" startTime="2023-12-22T09:37:04.1635923+01:00" endTime="2023-12-22T09:37:04.1635923+01:00" testType="13cdc9d9-ddb5-4fa4-a97d-d965ccfc6d4b" outcome="Passed" testListId="8c84fa94-04c1-424b-9868-57a2d4851a1d" relativeResultsDirectory="201f0865-b984-4b7b-9a00-85538dd14bdc" />
    <UnitTestResult executionId="9daedaa7-e9bc-4527-9342-51570b64d175" testId="127e2415-6090-4094-56d7-1fadf987188b" testName="GetPartialDiffBetweenDictionaries_ShouldReturnCorrectValues (System.Collections.Generic.Dictionary`2[System.String,System.String],System.Collections.Generic.Dictionary`2[System.String,System.String],System.Collections.Generic.Dictionary`2[System.String,System.String])" computerName="DKSR-EFI-04" duration="00:00:00.0085706" startTime="2023-12-22T09:38:06.1483140+01:00" endTime="2023-12-22T09:38:06.1795611+01:00" testType="13cdc9d9-ddb5-4fa4-a97d-d965ccfc6d4b" outcome="Passed" testListId="8c84fa94-04c1-424b-9868-57a2d4851a1d" relativeResultsDirectory="9daedaa7-e9bc-4527-9342-51570b64d175" />
    <UnitTestResult executionId="42a1004b-b8ba-42c1-b298-90d0aeaca722" testId="c5f889fe-34fb-e81d-4390-ab303a66ed0c" testName="AddToExportTuples_ShouldAddToExportData (1)" computerName="DKSR-EFI-04" duration="00:00:00.1337570" startTime="2023-12-22T09:37:59.8045305+01:00" endTime="2023-12-22T09:37:59.9451496+01:00" testType="13cdc9d9-ddb5-4fa4-a97d-d965ccfc6d4b" outcome="Passed" testListId="8c84fa94-04c1-424b-9868-57a2d4851a1d" relativeResultsDirectory="42a1004b-b8ba-42c1-b298-90d0aeaca722" />
    <UnitTestResult executionId="2774c92e-5f0b-4bda-ab12-e98020fa7855" testId="b2f0581d-5dcb-6a8a-df35-b5108915cfe4" testName="ActionBarPluginsEnabled_TwoPluginsOneThirdPartyAndOneNot_ThirdPartyPrioritizedLowerThanNonThirdParty" computerName="DKSR-EFI-04" duration="00:00:00.0458932" startTime="2023-12-22T09:36:33.5696808+01:00" endTime="2023-12-22T09:36:33.6165541+01:00" testType="13cdc9d9-ddb5-4fa4-a97d-d965ccfc6d4b" outcome="Passed" testListId="8c84fa94-04c1-424b-9868-57a2d4851a1d" relativeResultsDirectory="2774c92e-5f0b-4bda-ab12-e98020fa7855" />
    <UnitTestResult executionId="ec00b64c-ec9f-42a6-a26a-a42ae1a5543a" testId="f56fd28f-91dc-8b5a-3f0d-995472c1fd21" testName="Constructor_ShouldRaiseArgumentNullException_WhenLayersIsNull" computerName="DKSR-EFI-04" duration="00:00:00.0050165" startTime="2023-12-22T09:37:55.7888800+01:00" endTime="2023-12-22T09:37:55.7888800+01:00" testType="13cdc9d9-ddb5-4fa4-a97d-d965ccfc6d4b" outcome="Passed" testListId="8c84fa94-04c1-424b-9868-57a2d4851a1d" relativeResultsDirectory="ec00b64c-ec9f-42a6-a26a-a42ae1a5543a" />
    <UnitTestResult executionId="09158b9a-6c56-40db-8e57-0ac5fc3e6332" testId="5ff1d928-fddf-7f17-ef34-f8a1593f2a8d" testName="GetWorkspaceToolbarItems_ShouldReturnGroupedToolbarItem_WhenPluginGroupIsSet" computerName="DKSR-EFI-04" duration="00:00:00.0060932" startTime="2023-12-22T09:37:58.7263941+01:00" endTime="2023-12-22T09:37:58.7420177+01:00" testType="13cdc9d9-ddb5-4fa4-a97d-d965ccfc6d4b" outcome="Passed" testListId="8c84fa94-04c1-424b-9868-57a2d4851a1d" relativeResultsDirectory="09158b9a-6c56-40db-8e57-0ac5fc3e6332" />
    <UnitTestResult executionId="5447d847-687b-4847-9e91-b374f4870e50" testId="98f1ad4a-6d3e-c8b6-e210-a1665c4899ea" testName="GetSearchTemplateAsync_ThrowPathNotFoundMIPException_Success" computerName="DKSR-EFI-04" duration="00:00:00.0017292" startTime="2023-12-22T09:37:34.1637597+01:00" endTime="2023-12-22T09:37:34.1637597+01:00" testType="13cdc9d9-ddb5-4fa4-a97d-d965ccfc6d4b" outcome="Passed" testListId="8c84fa94-04c1-424b-9868-57a2d4851a1d" relativeResultsDirectory="5447d847-687b-4847-9e91-b374f4870e50" />
    <UnitTestResult executionId="86777ddb-776f-4808-8e79-723841eca704" testId="b56ba348-15c5-c13d-2c63-319be0707c78" testName="TimeToStringConverter_ConvertBack_Fail" computerName="DKSR-EFI-04" duration="00:00:00.0016186" startTime="2023-12-22T09:37:04.1948450+01:00" endTime="2023-12-22T09:37:04.1948450+01:00" testType="13cdc9d9-ddb5-4fa4-a97d-d965ccfc6d4b" outcome="Passed" testListId="8c84fa94-04c1-424b-9868-57a2d4851a1d" relativeResultsDirectory="86777ddb-776f-4808-8e79-723841eca704" />
    <UnitTestResult executionId="302044fd-2909-4308-afb6-604307cdefb2" testId="5e9a784a-512a-9e3c-4365-749c6efbd67e" testName="GetClusters_ShouldIncludeItemFromBuildingIntoSuperClusterOutsideBuilding_WhenBuildingIsTooSmallToRender" computerName="DKSR-EFI-04" duration="00:00:00.0075617" startTime="2023-12-22T09:37:57.2107607+01:00" endTime="2023-12-22T09:37:57.2263827+01:00" testType="13cdc9d9-ddb5-4fa4-a97d-d965ccfc6d4b" outcome="Passed" testListId="8c84fa94-04c1-424b-9868-57a2d4851a1d" relativeResultsDirectory="302044fd-2909-4308-afb6-604307cdefb2" />
    <UnitTestResult executionId="7a1a0f8c-e6e5-4f75-ac4d-bd3788b35370" testId="1d2a1f8c-9df5-1e11-ff05-9be1bb8085db" testName="TestForAssemblyCoverage" computerName="DKSR-EFI-04" duration="00:00:00.0001720" startTime="2023-12-22T09:37:49.1794657+01:00" endTime="2023-12-22T09:37:49.1794657+01:00" testType="13cdc9d9-ddb5-4fa4-a97d-d965ccfc6d4b" outcome="Passed" testListId="8c84fa94-04c1-424b-9868-57a2d4851a1d" relativeResultsDirectory="7a1a0f8c-e6e5-4f75-ac4d-bd3788b35370" />
    <UnitTestResult executionId="f8b67ece-f8c6-4a93-bf2d-64eb67a3eb75" testId="a31ae58a-ac3b-c32e-1d10-665517748c9e" testName="Deserialize_UnknownFilterCategory_Error" computerName="DKSR-EFI-04" duration="00:00:00.0024693" startTime="2023-12-22T09:37:35.4137736+01:00" endTime="2023-12-22T09:37:35.4137736+01:00" testType="13cdc9d9-ddb5-4fa4-a97d-d965ccfc6d4b" outcome="Passed" testListId="8c84fa94-04c1-424b-9868-57a2d4851a1d" relativeResultsDirectory="f8b67ece-f8c6-4a93-bf2d-64eb67a3eb75" />
    <UnitTestResult executionId="2993e739-6812-41a2-b5b8-b56c3f723fed" testId="df434b1a-bd33-b3a0-035c-8fb9149eaa0e" testName="HasMd5ProviderStrategy2_ShouldReturnFalse_WhenAllEventServerIdAreFipsCompliant" computerName="DKSR-EFI-04" duration="00:00:00.0003550" startTime="2023-12-22T09:38:07.8670695+01:00" endTime="2023-12-22T09:38:07.8670695+01:00" testType="13cdc9d9-ddb5-4fa4-a97d-d965ccfc6d4b" outcome="Passed" testListId="8c84fa94-04c1-424b-9868-57a2d4851a1d" relativeResultsDirectory="2993e739-6812-41a2-b5b8-b56c3f723fed" />
    <UnitTestResult executionId="8a637be8-899a-4867-af39-3f47ec7bd9e3" testId="91b2687b-d336-be96-6484-dd3e01d48bcc" testName="TwentyFourHours_Success" computerName="DKSR-EFI-04" duration="00:00:00.0001528" startTime="2023-12-22T09:37:34.2106321+01:00" endTime="2023-12-22T09:37:34.2106321+01:00" testType="13cdc9d9-ddb5-4fa4-a97d-d965ccfc6d4b" outcome="Passed" testListId="8c84fa94-04c1-424b-9868-57a2d4851a1d" relativeResultsDirectory="8a637be8-899a-4867-af39-3f47ec7bd9e3" />
    <UnitTestResult executionId="97ff0974-0017-4ca8-b77e-9ca8cce996ae" testId="0d83c1ac-5a73-d746-bd8b-9b4e86108c9b" testName="PopulateTooltip_FewResultsFromSingleCamera24Hours_ValidText" computerName="DKSR-EFI-04" duration="00:00:00.0588222" startTime="2023-12-22T09:37:17.3511724+01:00" endTime="2023-12-22T09:37:17.4136701+01:00" testType="13cdc9d9-ddb5-4fa4-a97d-d965ccfc6d4b" outcome="Passed" testListId="8c84fa94-04c1-424b-9868-57a2d4851a1d" relativeResultsDirectory="97ff0974-0017-4ca8-b77e-9ca8cce996ae" />
    <UnitTestResult executionId="62a36095-4949-4eb7-81de-88a8ed80625c" testId="a1ef0514-5d41-eded-e838-32de99602a54" testName="TestLoadLevelsAsync_Success" computerName="DKSR-EFI-04" duration="00:00:00.0512683" startTime="2023-12-22T09:37:49.3044623+01:00" endTime="2023-12-22T09:37:49.3669678+01:00" testType="13cdc9d9-ddb5-4fa4-a97d-d965ccfc6d4b" outcome="Passed" testListId="8c84fa94-04c1-424b-9868-57a2d4851a1d" relativeResultsDirectory="62a36095-4949-4eb7-81de-88a8ed80625c" />
    <UnitTestResult executionId="e0b9fd08-06d0-4eee-9feb-e62c2e25892e" testId="0b5a5a76-188a-3cd1-7ad8-530b93b01a49" testName="SupportsDoubleClick_ShouldBeFalse_WhenInteractionStateIsNotNormalOrNewDevice" computerName="DKSR-EFI-04" duration="00:00:00.0422120" startTime="2023-12-22T09:36:22.3196194+01:00" endTime="2023-12-22T09:36:22.3664937+01:00" testType="13cdc9d9-ddb5-4fa4-a97d-d965ccfc6d4b" outcome="Passed" testListId="8c84fa94-04c1-424b-9868-57a2d4851a1d" relativeResultsDirectory="e0b9fd08-06d0-4eee-9feb-e62c2e25892e" />
    <UnitTestResult executionId="08f222a7-0d13-4d6b-bfe7-6f6cd963171e" testId="d697ec40-0cdc-2a97-6199-7cace147591a" testName="FindSearchTemplatesAsync_Fails_Success" computerName="DKSR-EFI-04" duration="00:00:00.0039474" startTime="2023-12-22T09:37:33.8668859+01:00" endTime="2023-12-22T09:37:33.8668859+01:00" testType="13cdc9d9-ddb5-4fa4-a97d-d965ccfc6d4b" outcome="Passed" testListId="8c84fa94-04c1-424b-9868-57a2d4851a1d" relativeResultsDirectory="08f222a7-0d13-4d6b-bfe7-6f6cd963171e" />
    <UnitTestResult executionId="c1a2a00a-f065-4a53-8813-feeab335dff5" testId="3f3233bd-4893-b779-69f6-789d6f6a1d9a" testName="AddAttributeValueCommand_NullValue_AttributeValueSet" computerName="DKSR-EFI-04" duration="00:00:00.0019064" startTime="2023-12-22T09:37:24.4449558+01:00" endTime="2023-12-22T09:37:24.4449558+01:00" testType="13cdc9d9-ddb5-4fa4-a97d-d965ccfc6d4b" outcome="Passed" testListId="8c84fa94-04c1-424b-9868-57a2d4851a1d" relativeResultsDirectory="c1a2a00a-f065-4a53-8813-feeab335dff5" />
    <UnitTestResult executionId="f69006f4-920d-4e53-bd1b-f7a4e2f18dfe" testId="dd9fef57-cc98-7ad4-c53a-0bf4ce117b29" testName="SearchResultsActionBarActions_AddBookmark_MultipleResult_CreateBookmarkInvokedForAllItems" computerName="DKSR-EFI-04" duration="00:00:00.0114439" startTime="2023-12-22T09:37:25.5702391+01:00" endTime="2023-12-22T09:37:25.5855812+01:00" testType="13cdc9d9-ddb5-4fa4-a97d-d965ccfc6d4b" outcome="Passed" testListId="8c84fa94-04c1-424b-9868-57a2d4851a1d" relativeResultsDirectory="f69006f4-920d-4e53-bd1b-f7a4e2f18dfe" />
    <UnitTestResult executionId="66fdab7e-e8f4-49ea-8986-46f431bfb236" testId="135e5704-6a7d-41be-b6f0-09a10aa88b3e" testName="FocusedSearchResultChanged_MapControlDisposed_CallIgnored" computerName="DKSR-EFI-04" duration="00:00:00.0059402" startTime="2023-12-22T09:37:21.3199384+01:00" endTime="2023-12-22T09:37:21.3199384+01:00" testType="13cdc9d9-ddb5-4fa4-a97d-d965ccfc6d4b" outcome="Passed" testListId="8c84fa94-04c1-424b-9868-57a2d4851a1d" relativeResultsDirectory="66fdab7e-e8f4-49ea-8986-46f431bfb236" />
    <UnitTestResult executionId="32d4b39b-2209-4011-ab52-f40adafe8853" testId="073071ee-a9ec-09b5-e762-5a4e8dd50939" testName="PtzSessionControllerInfoConstructorTest_From_PtzSessionInfo_Patrolling_User" computerName="DKSR-EFI-04" duration="00:00:00.0011702" startTime="2023-12-22T09:36:07.2101650+01:00" endTime="2023-12-22T09:36:07.2101650+01:00" testType="13cdc9d9-ddb5-4fa4-a97d-d965ccfc6d4b" outcome="Passed" testListId="8c84fa94-04c1-424b-9868-57a2d4851a1d" relativeResultsDirectory="32d4b39b-2209-4011-ab52-f40adafe8853" />
    <UnitTestResult executionId="27ad8bf6-edc9-463a-be30-5cd2f4f3b290" testId="2b65c344-0249-bf47-6c8a-07f52bcd6a60" testName="BookmarkSearchTime_WithSearchStringInDifferentCases_ReturnCorrectBookmarkWithSearchStringInHeader (SeArChStRiNg,True,True,True,False,,,1)" computerName="DKSR-EFI-04" duration="00:00:00.0028434" startTime="2023-12-22T09:38:01.1639131+01:00" endTime="2023-12-22T09:38:01.1639131+01:00" testType="13cdc9d9-ddb5-4fa4-a97d-d965ccfc6d4b" outcome="Passed" testListId="8c84fa94-04c1-424b-9868-57a2d4851a1d" relativeResultsDirectory="27ad8bf6-edc9-463a-be30-5cd2f4f3b290" />
    <UnitTestResult executionId="d09c925f-8413-4c85-b746-08486564d0f3" testId="f8c8d11d-62f5-abc3-7817-a973cfa3607a" testName="IsMicrophoneEnabled_ShouldBeFalse_WhenMicrophoneIsDisabled" computerName="DKSR-EFI-04" duration="00:00:00.0139296" startTime="2023-12-22T09:37:53.3513611+01:00" endTime="2023-12-22T09:37:53.3669868+01:00" testType="13cdc9d9-ddb5-4fa4-a97d-d965ccfc6d4b" outcome="Passed" testListId="8c84fa94-04c1-424b-9868-57a2d4851a1d" relativeResultsDirectory="d09c925f-8413-4c85-b746-08486564d0f3" />
    <UnitTestResult executionId="346f4190-5ad5-4224-8404-ae109137fc9e" testId="2f6c3871-63b7-76a6-f56a-4c6dd0f4f467" testName="SearchResultDetailsView_EscapeKey_AnimationDisabled_DetailsViewRemovedFromDetailsViewControl" computerName="DKSR-EFI-04" startTime="2023-12-22T09:36:43.2259828+01:00" endTime="2023-12-22T09:36:43.2259828+01:00" testType="13cdc9d9-ddb5-4fa4-a97d-d965ccfc6d4b" outcome="NotExecuted" testListId="8c84fa94-04c1-424b-9868-57a2d4851a1d" relativeResultsDirectory="346f4190-5ad5-4224-8404-ae109137fc9e">
      <Output></Output>
    </UnitTestResult>
    <UnitTestResult executionId="eb3b04aa-0e38-44e8-b35d-fafba94a9874" testId="d1c49c69-fe5f-8257-84d6-6eb683f2a033" testName="MapLayerType_ShouldBeOutputItemsMapLayer_WhenCalled" computerName="DKSR-EFI-04" duration="00:00:00.0002313" startTime="2023-12-22T09:37:53.0232418+01:00" endTime="2023-12-22T09:37:53.0232418+01:00" testType="13cdc9d9-ddb5-4fa4-a97d-d965ccfc6d4b" outcome="Passed" testListId="8c84fa94-04c1-424b-9868-57a2d4851a1d" relativeResultsDirectory="eb3b04aa-0e38-44e8-b35d-fafba94a9874" />
    <UnitTestResult executionId="a5f4c88c-016e-4aa7-b41e-e283cef97313" testId="b380b0ee-9aa4-cd9d-29ce-2b0885fdf47b" testName="BoundingBoxBrowseTimeChangedTestYoungData" computerName="DKSR-EFI-04" duration="00:00:00.0051275" startTime="2023-12-22T09:38:01.8201650+01:00" endTime="2023-12-22T09:38:01.8201650+01:00" testType="13cdc9d9-ddb5-4fa4-a97d-d965ccfc6d4b" outcome="Passed" testListId="8c84fa94-04c1-424b-9868-57a2d4851a1d" relativeResultsDirectory="a5f4c88c-016e-4aa7-b41e-e283cef97313" />
    <UnitTestResult executionId="ce004c9e-419f-4a34-802e-05f10eaf0073" testId="c6bb27a1-5619-6a1e-cb9a-a062fa5050e7" testName="MapLayerType_ShouldBeCameraItemsMapLayer_WhenCalled" computerName="DKSR-EFI-04" duration="00:00:00.0004188" startTime="2023-12-22T09:37:52.9919856+01:00" endTime="2023-12-22T09:37:53.0076077+01:00" testType="13cdc9d9-ddb5-4fa4-a97d-d965ccfc6d4b" outcome="Passed" testListId="8c84fa94-04c1-424b-9868-57a2d4851a1d" relativeResultsDirectory="ce004c9e-419f-4a34-802e-05f10eaf0073" />
    <UnitTestResult executionId="81fafab7-9b64-47da-9c43-3921ca6bfa72" testId="87830711-b32c-2c47-4ef6-67875858e949" testName="EmptySearchResult_PropertiesCollection_IsEmpty" computerName="DKSR-EFI-04" duration="00:00:00.0301434" startTime="2023-12-22T09:37:04.2104707+01:00" endTime="2023-12-22T09:37:04.2417174+01:00" testType="13cdc9d9-ddb5-4fa4-a97d-d965ccfc6d4b" outcome="Passed" testListId="8c84fa94-04c1-424b-9868-57a2d4851a1d" relativeResultsDirectory="81fafab7-9b64-47da-9c43-3921ca6bfa72" />
    <UnitTestResult executionId="f6271953-f8a3-4a90-9706-bc9fbcefb5e1" testId="10f7e539-95db-7d97-e660-3fdca86f07c0" testName="PatrollingStepListViewModel_AddStepExecute" computerName="DKSR-EFI-04" duration="00:00:00.0025563" startTime="2023-12-22T09:37:58.0545152+01:00" endTime="2023-12-22T09:37:58.0545152+01:00" testType="13cdc9d9-ddb5-4fa4-a97d-d965ccfc6d4b" outcome="Passed" testListId="8c84fa94-04c1-424b-9868-57a2d4851a1d" relativeResultsDirectory="f6271953-f8a3-4a90-9706-bc9fbcefb5e1" />
    <UnitTestResult executionId="fd26488b-1ced-4cdc-b0ef-a67f2c4b2048" testId="7ed10e38-acaf-fb97-a236-10882c020ef0" testName="Ctor_ShouldApplyNewestTriggerTimeComparer_WhenMultipleSimultaneousSearchesIsNotAllowed" computerName="DKSR-EFI-04" duration="00:00:00.0044748" startTime="2023-12-22T09:37:26.2887184+01:00" endTime="2023-12-22T09:37:26.2887184+01:00" testType="13cdc9d9-ddb5-4fa4-a97d-d965ccfc6d4b" outcome="Passed" testListId="8c84fa94-04c1-424b-9868-57a2d4851a1d" relativeResultsDirectory="fd26488b-1ced-4cdc-b0ef-a67f2c4b2048" />
    <UnitTestResult executionId="39dd0259-8203-434e-ad1f-059309922f11" testId="aa81343a-5273-d050-4734-4d568d0cd256" testName="PtzSessionControllerInfo_TimeChangedTest_Argument_Null_1" computerName="DKSR-EFI-04" duration="00:00:00.0013011" startTime="2023-12-22T09:36:07.2570389+01:00" endTime="2023-12-22T09:36:07.2570389+01:00" testType="13cdc9d9-ddb5-4fa4-a97d-d965ccfc6d4b" outcome="Passed" testListId="8c84fa94-04c1-424b-9868-57a2d4851a1d" relativeResultsDirectory="39dd0259-8203-434e-ad1f-059309922f11" />
    <UnitTestResult executionId="736aead1-9a95-46d6-a22a-9675a1733661" testId="6cd2234b-585d-b823-54fb-25eb6199902f" testName="PointMapItem_Load_Microphone_Success" computerName="DKSR-EFI-04" duration="00:00:00.0402041" startTime="2023-12-22T09:37:54.4451191+01:00" endTime="2023-12-22T09:37:54.4919937+01:00" testType="13cdc9d9-ddb5-4fa4-a97d-d965ccfc6d4b" outcome="Passed" testListId="8c84fa94-04c1-424b-9868-57a2d4851a1d" relativeResultsDirectory="736aead1-9a95-46d6-a22a-9675a1733661" />
    <UnitTestResult executionId="5e7b80ab-8b0c-4e81-b55e-78201c1aa3d0" testId="dae60964-6fd2-ce46-6ae5-e5c61041a0e8" testName="Problem_Repro" computerName="DKSR-EFI-04" duration="00:00:00.1116630" startTime="2023-12-22T09:38:06.9451871+01:00" endTime="2023-12-22T09:38:07.0545635+01:00" testType="13cdc9d9-ddb5-4fa4-a97d-d965ccfc6d4b" outcome="Passed" testListId="8c84fa94-04c1-424b-9868-57a2d4851a1d" relativeResultsDirectory="5e7b80ab-8b0c-4e81-b55e-78201c1aa3d0" />
    <UnitTestResult executionId="012966e1-7dc9-4994-8134-f1d8c2fa5104" testId="89439a20-c712-15bd-9c46-c5709b4b0f9d" testName="SearchResultsActionBarActions_AddBookmark_NotEnabled" computerName="DKSR-EFI-04" duration="00:00:00.0090978" startTime="2023-12-22T09:37:25.4918305+01:00" endTime="2023-12-22T09:37:25.5074589+01:00" testType="13cdc9d9-ddb5-4fa4-a97d-d965ccfc6d4b" outcome="Passed" testListId="8c84fa94-04c1-424b-9868-57a2d4851a1d" relativeResultsDirectory="012966e1-7dc9-4994-8134-f1d8c2fa5104" />
    <UnitTestResult executionId="2579b707-4833-4495-a05f-619a62479da7" testId="cb294e8a-66b3-92e4-9b3b-b2ff0e864477" testName="Update_Retention_Times_Cannot_Be_Before_1900" computerName="DKSR-EFI-04" duration="00:00:00.0027788" startTime="2023-12-22T09:38:07.1483154+01:00" endTime="2023-12-22T09:38:07.1483154+01:00" testType="13cdc9d9-ddb5-4fa4-a97d-d965ccfc6d4b" outcome="Passed" testListId="8c84fa94-04c1-424b-9868-57a2d4851a1d" relativeResultsDirectory="2579b707-4833-4495-a05f-619a62479da7" />
    <UnitTestResult executionId="beb8ff40-5037-4d48-9606-627b2fa0ea5a" testId="ebc58dfd-14b7-49e6-e46a-09a44593433d" testName="CanEditRegionSelection_ShouldBeTrue_WhenHelperAllowsMoreRegionsToBeAdded" computerName="DKSR-EFI-04" duration="00:00:00.0021968" startTime="2023-12-22T09:37:49.0700962+01:00" endTime="2023-12-22T09:37:49.0700962+01:00" testType="13cdc9d9-ddb5-4fa4-a97d-d965ccfc6d4b" outcome="Passed" testListId="8c84fa94-04c1-424b-9868-57a2d4851a1d" relativeResultsDirectory="beb8ff40-5037-4d48-9606-627b2fa0ea5a" />
    <UnitTestResult executionId="7ec42a45-0244-4ee0-8954-c78cf4bdd85f" testId="20cd3c5b-85a9-064a-ae50-0db9b4c55966" testName="Search_SingleCategory_SearchCallDelegatedToSearchManager" computerName="DKSR-EFI-04" duration="00:00:00.0227699" startTime="2023-12-22T09:37:48.1794611+01:00" endTime="2023-12-22T09:37:48.2107094+01:00" testType="13cdc9d9-ddb5-4fa4-a97d-d965ccfc6d4b" outcome="Passed" testListId="8c84fa94-04c1-424b-9868-57a2d4851a1d" relativeResultsDirectory="7ec42a45-0244-4ee0-8954-c78cf4bdd85f" />
    <UnitTestResult executionId="b8879e5c-0f76-4054-8e07-48b3fbb037ab" testId="a4f00ade-c810-bdc2-a419-06f9196522bd" testName="CreateGeometry_FourCornerBuilding_Success" computerName="DKSR-EFI-04" duration="00:00:00.0021669" startTime="2023-12-22T09:37:57.3045109+01:00" endTime="2023-12-22T09:37:57.3201337+01:00" testType="13cdc9d9-ddb5-4fa4-a97d-d965ccfc6d4b" outcome="Passed" testListId="8c84fa94-04c1-424b-9868-57a2d4851a1d" relativeResultsDirectory="b8879e5c-0f76-4054-8e07-48b3fbb037ab" />
    <UnitTestResult executionId="ae5d7fc1-acab-408d-83e2-cd405acf92ae" testId="f8f6e293-a84f-8369-75b0-8cd14fb32ce3" testName="MicrophoneItemsLayer_NotIsGeographic_Load_Success" computerName="DKSR-EFI-04" duration="00:00:00.0104133" startTime="2023-12-22T09:37:49.9607176+01:00" endTime="2023-12-22T09:37:49.9763524+01:00" testType="13cdc9d9-ddb5-4fa4-a97d-d965ccfc6d4b" outcome="Passed" testListId="8c84fa94-04c1-424b-9868-57a2d4851a1d" relativeResultsDirectory="ae5d7fc1-acab-408d-83e2-cd405acf92ae" />
    <UnitTestResult executionId="ce9ae848-1d9a-440f-af45-127b40149c05" testId="0ed09f5c-e815-112c-6aff-fe0dbd9b6f36" testName="Instance_ShouldBeSingleton_WhenCalled" computerName="DKSR-EFI-04" duration="00:00:00.0001772" startTime="2023-12-22T09:37:53.0388576+01:00" endTime="2023-12-22T09:37:53.0388576+01:00" testType="13cdc9d9-ddb5-4fa4-a97d-d965ccfc6d4b" outcome="Passed" testListId="8c84fa94-04c1-424b-9868-57a2d4851a1d" relativeResultsDirectory="ce9ae848-1d9a-440f-af45-127b40149c05" />
    <UnitTestResult executionId="ce64a6ee-87bd-48df-b5c4-436288e790db" testId="c2f67433-8910-98a5-d9a8-3181ecfa6a6e" testName="GetWorkspaceToolbarItems_ShouldReturnNormalToolbarItemDisabledSetupToolbarItemEnabled_WhenWorkspaceStateIsSetup" computerName="DKSR-EFI-04" duration="00:00:00.0024864" startTime="2023-12-22T09:37:58.7732711+01:00" endTime="2023-12-22T09:37:58.7732711+01:00" testType="13cdc9d9-ddb5-4fa4-a97d-d965ccfc6d4b" outcome="Passed" testListId="8c84fa94-04c1-424b-9868-57a2d4851a1d" relativeResultsDirectory="ce64a6ee-87bd-48df-b5c4-436288e790db" />
    <UnitTestResult executionId="31b527ca-f70d-48c0-9686-98fc674e58f0" testId="7b469b70-7a6f-7a92-2723-c93cd3a56c6f" testName="AddItems_SingleMapItem_OneClusterChange" computerName="DKSR-EFI-04" duration="00:00:00.0077699" startTime="2023-12-22T09:37:57.7263874+01:00" endTime="2023-12-22T09:37:57.7420083+01:00" testType="13cdc9d9-ddb5-4fa4-a97d-d965ccfc6d4b" outcome="Passed" testListId="8c84fa94-04c1-424b-9868-57a2d4851a1d" relativeResultsDirectory="31b527ca-f70d-48c0-9686-98fc674e58f0" />
    <UnitTestResult executionId="4cbaa8a3-7d0c-4adb-ac83-16a4ad6c9718" testId="8b0909b5-769b-12ea-d91a-88a0ad4a6e48" testName="Serialize_ToTimeOnly_Success" computerName="DKSR-EFI-04" duration="00:00:00.0005834" startTime="2023-12-22T09:37:35.3668866+01:00" endTime="2023-12-22T09:37:35.3668866+01:00" testType="13cdc9d9-ddb5-4fa4-a97d-d965ccfc6d4b" outcome="Passed" testListId="8c84fa94-04c1-424b-9868-57a2d4851a1d" relativeResultsDirectory="4cbaa8a3-7d0c-4adb-ac83-16a4ad6c9718" />
    <UnitTestResult executionId="0575b6b1-0822-4f88-8826-a16b0fce14fa" testId="205d3986-407b-ed3e-b9d7-5c5108416447" testName="PtzSessionControllerInfoConstructorTest_From_PtzSessionInfo_Anonymous_User" computerName="DKSR-EFI-04" duration="00:00:00.0014388" startTime="2023-12-22T09:36:07.2101650+01:00" endTime="2023-12-22T09:36:07.2257900+01:00" testType="13cdc9d9-ddb5-4fa4-a97d-d965ccfc6d4b" outcome="Passed" testListId="8c84fa94-04c1-424b-9868-57a2d4851a1d" relativeResultsDirectory="0575b6b1-0822-4f88-8826-a16b0fce14fa" />
    <UnitTestResult executionId="c2eaffb0-daba-4301-9991-7f1bc5d3afe5" testId="ed095898-1909-8564-6a3c-b8e3252b52c8" testName="Serialize_SearchDefinitionsOnly_Success" computerName="DKSR-EFI-04" duration="00:00:00.0018787" startTime="2023-12-22T09:37:35.3825147+01:00" endTime="2023-12-22T09:37:35.3825147+01:00" testType="13cdc9d9-ddb5-4fa4-a97d-d965ccfc6d4b" outcome="Passed" testListId="8c84fa94-04c1-424b-9868-57a2d4851a1d" relativeResultsDirectory="c2eaffb0-daba-4301-9991-7f1bc5d3afe5" />
    <UnitTestResult executionId="e31aec2c-b543-4169-928e-5912a826e96b" testId="63f12d9f-b048-76b8-264d-b989df0bfbca" testName="GetOsmServerAddress_ShouldReturnAlternativeServerValue_WhenGeographicLayerIsNullAndAlternativeServerHasValidUrl" computerName="DKSR-EFI-04" duration="00:00:00.0006772" startTime="2023-12-22T09:37:55.8826248+01:00" endTime="2023-12-22T09:37:55.8826248+01:00" testType="13cdc9d9-ddb5-4fa4-a97d-d965ccfc6d4b" outcome="Passed" testListId="8c84fa94-04c1-424b-9868-57a2d4851a1d" relativeResultsDirectory="e31aec2c-b543-4169-928e-5912a826e96b" />
    <UnitTestResult executionId="0eb512d6-1e3c-455c-ae5e-49980f1a745f" testId="013b26f2-09bd-8917-4b17-0706864d4c14" testName="HandleSetLayerFeatures_ShouldUpdateOutputLayerFeatures_WhenOutputKindAndOutputLayerFeatures" computerName="DKSR-EFI-04" duration="00:00:00.0013069" startTime="2023-12-22T09:37:55.8357483+01:00" endTime="2023-12-22T09:37:55.8357483+01:00" testType="13cdc9d9-ddb5-4fa4-a97d-d965ccfc6d4b" outcome="Passed" testListId="8c84fa94-04c1-424b-9868-57a2d4851a1d" relativeResultsDirectory="0eb512d6-1e3c-455c-ae5e-49980f1a745f" />
    <UnitTestResult executionId="1cb66c40-529b-48cc-b649-eba0bf85f1ab" testId="fb9b27c6-d958-01c3-0bba-3a3e5a814ae8" testName="ScrollWheelInTileLayout_ScrollDown_DecreasesItemSize" computerName="DKSR-EFI-04" duration="00:00:01.3322440" startTime="2023-12-22T09:36:55.2729190+01:00" endTime="2023-12-22T09:36:56.6010523+01:00" testType="13cdc9d9-ddb5-4fa4-a97d-d965ccfc6d4b" outcome="Passed" testListId="8c84fa94-04c1-424b-9868-57a2d4851a1d" relativeResultsDirectory="1cb66c40-529b-48cc-b649-eba0bf85f1ab" />
    <UnitTestResult executionId="55297d64-2c81-476e-ba88-6b6e47016da3" testId="a0bf150c-e557-e095-022b-d649c58ba210" testName="Initialize_ShouldCreateAllCameraItems_WhenInitializedWithNonEmptyScope" computerName="DKSR-EFI-04" duration="00:00:00.0144092" startTime="2023-12-22T09:37:49.0544635+01:00" endTime="2023-12-22T09:37:49.0544635+01:00" testType="13cdc9d9-ddb5-4fa4-a97d-d965ccfc6d4b" outcome="Passed" testListId="8c84fa94-04c1-424b-9868-57a2d4851a1d" relativeResultsDirectory="55297d64-2c81-476e-ba88-6b6e47016da3" />
    <UnitTestResult executionId="67576e23-806e-478d-8033-2e7af1919740" testId="048d6a52-6981-f00b-b420-3b6a2fb00ce8" testName="SetMapItemCluster_ShouldClearIcon_WhenSuperCluster" computerName="DKSR-EFI-04" duration="00:00:00.0637196" startTime="2023-12-22T09:36:22.3664937+01:00" endTime="2023-12-22T09:36:22.4289922+01:00" testType="13cdc9d9-ddb5-4fa4-a97d-d965ccfc6d4b" outcome="Passed" testListId="8c84fa94-04c1-424b-9868-57a2d4851a1d" relativeResultsDirectory="67576e23-806e-478d-8033-2e7af1919740" />
    <UnitTestResult executionId="1cd9ad5c-0d1a-4fba-a190-1325f0d55f62" testId="34f71d61-40e4-8716-5c83-5c84a7e66552" testName="TestLoadAsync_Success" computerName="DKSR-EFI-04" duration="00:00:00.0077627" startTime="2023-12-22T09:37:55.3982461+01:00" endTime="2023-12-22T09:37:55.3982461+01:00" testType="13cdc9d9-ddb5-4fa4-a97d-d965ccfc6d4b" outcome="Passed" testListId="8c84fa94-04c1-424b-9868-57a2d4851a1d" relativeResultsDirectory="1cd9ad5c-0d1a-4fba-a190-1325f0d55f62" />
    <UnitTestResult executionId="b063d319-9a57-4437-a76c-ccb62e7291e4" testId="652759b5-622f-10aa-539b-69455d2a0fcb" testName="OnLayersRetrieved_ShouldSetComponentsToCamera_WhenLayersCollectionContainsCamera" computerName="DKSR-EFI-04" duration="00:00:00.0177589" startTime="2023-12-22T09:36:13.0695684+01:00" endTime="2023-12-22T09:36:13.0851949+01:00" testType="13cdc9d9-ddb5-4fa4-a97d-d965ccfc6d4b" outcome="Passed" testListId="8c84fa94-04c1-424b-9868-57a2d4851a1d" relativeResultsDirectory="b063d319-9a57-4437-a76c-ccb62e7291e4" />
    <UnitTestResult executionId="6ffff366-c1c5-48d2-841a-a6f49471612f" testId="2d789d28-e6a7-138d-5118-90d326f34b7e" testName="AddSelectedWindowsToExport_ShouldShowCorrectToastMessages (5,0,0)" computerName="DKSR-EFI-04" duration="00:00:00.0035502" startTime="2023-12-22T09:38:00.2107825+01:00" endTime="2023-12-22T09:38:00.2107825+01:00" testType="13cdc9d9-ddb5-4fa4-a97d-d965ccfc6d4b" outcome="Passed" testListId="8c84fa94-04c1-424b-9868-57a2d4851a1d" relativeResultsDirectory="6ffff366-c1c5-48d2-841a-a6f49471612f" />
    <UnitTestResult executionId="37a09a5d-adac-4804-b0b0-fc9ca6be1619" testId="2920c2e0-39a3-dd93-5693-d4ce08512159" testName="Deserialize_ShouldReportMissingCombineType_WhenCombineTypeIsNotPresentInXml" computerName="DKSR-EFI-04" duration="00:00:00.0007423" startTime="2023-12-22T09:37:35.3981411+01:00" endTime="2023-12-22T09:37:35.3981411+01:00" testType="13cdc9d9-ddb5-4fa4-a97d-d965ccfc6d4b" outcome="Passed" testListId="8c84fa94-04c1-424b-9868-57a2d4851a1d" relativeResultsDirectory="37a09a5d-adac-4804-b0b0-fc9ca6be1619" />
    <UnitTestResult executionId="f082b3af-9d82-4f06-8ae4-777be54d7228" testId="c277206d-3ad5-99fa-fd35-5b55265763de" testName="Execute_OkCommand_DialogResultReturnsTrue" computerName="DKSR-EFI-04" duration="00:00:00.0046581" startTime="2023-12-22T09:37:59.5076461+01:00" endTime="2023-12-22T09:37:59.5076461+01:00" testType="13cdc9d9-ddb5-4fa4-a97d-d965ccfc6d4b" outcome="Passed" testListId="8c84fa94-04c1-424b-9868-57a2d4851a1d" relativeResultsDirectory="f082b3af-9d82-4f06-8ae4-777be54d7228" />
    <UnitTestResult executionId="d7093739-77b5-409a-ac30-09cefe890f96" testId="9bd97529-6ca2-0a88-ecb8-dfa8925597ef" testName="ResolveGenericResultProperties_ShouldReturnOrderedProperties_WhenGivenCombinedSearchResults" computerName="DKSR-EFI-04" duration="00:00:00.0024891" startTime="2023-12-22T09:37:33.7575107+01:00" endTime="2023-12-22T09:37:33.7575107+01:00" testType="13cdc9d9-ddb5-4fa4-a97d-d965ccfc6d4b" outcome="Passed" testListId="8c84fa94-04c1-424b-9868-57a2d4851a1d" relativeResultsDirectory="d7093739-77b5-409a-ac30-09cefe890f96" />
    <UnitTestResult executionId="c0fc2e80-915a-4347-ade9-2e3a18ea20a4" testId="eccebb4b-dd86-ffbc-9874-555886a9ecd8" testName="UpdateSearchAttributes_MultipleFiltersWithoutValues_NotAdded" computerName="DKSR-EFI-04" duration="00:00:00.0008780" startTime="2023-12-22T09:37:24.4605751+01:00" endTime="2023-12-22T09:37:24.4762007+01:00" testType="13cdc9d9-ddb5-4fa4-a97d-d965ccfc6d4b" outcome="Passed" testListId="8c84fa94-04c1-424b-9868-57a2d4851a1d" relativeResultsDirectory="c0fc2e80-915a-4347-ade9-2e3a18ea20a4" />
    <UnitTestResult executionId="89090fbc-efd0-4685-a15c-3caf84020808" testId="b7e67eb3-5e37-470d-ad59-462ac69a420c" testName="Compare_SameBeginTimeDeterministicBehavior_Id_Success" computerName="DKSR-EFI-04" duration="00:00:00.0019764" startTime="2023-12-22T09:37:35.3044431+01:00" endTime="2023-12-22T09:37:35.3044431+01:00" testType="13cdc9d9-ddb5-4fa4-a97d-d965ccfc6d4b" outcome="Passed" testListId="8c84fa94-04c1-424b-9868-57a2d4851a1d" relativeResultsDirectory="89090fbc-efd0-4685-a15c-3caf84020808" />
    <UnitTestResult executionId="70c5b8e9-7389-4b0d-b1ea-f830206ee20d" testId="bedf46db-baeb-e070-62c2-ab54242ce982" testName="DeviceIcons_ShouldNotBeNull_WhenCalled" computerName="DKSR-EFI-04" duration="00:00:00.0001727" startTime="2023-12-22T09:37:53.0544885+01:00" endTime="2023-12-22T09:37:53.0544885+01:00" testType="13cdc9d9-ddb5-4fa4-a97d-d965ccfc6d4b" outcome="Passed" testListId="8c84fa94-04c1-424b-9868-57a2d4851a1d" relativeResultsDirectory="70c5b8e9-7389-4b0d-b1ea-f830206ee20d" />
    <UnitTestResult executionId="4e3fef21-b166-4e71-beba-6040fc9ee710" testId="c3ba5d7c-9bf9-1a13-3c27-8e6b50e0674e" testName="SearchAction_BrowseMode_Now" computerName="DKSR-EFI-04" duration="00:00:00.0116714" startTime="2023-12-22T09:38:04.2732999+01:00" endTime="2023-12-22T09:38:04.2889181+01:00" testType="13cdc9d9-ddb5-4fa4-a97d-d965ccfc6d4b" outcome="Passed" testListId="8c84fa94-04c1-424b-9868-57a2d4851a1d" relativeResultsDirectory="4e3fef21-b166-4e71-beba-6040fc9ee710" />
    <UnitTestResult executionId="3d24fa28-45fa-468f-ad9a-5888bfc83343" testId="895eb9fc-2343-3650-d2d8-97e69df3493b" testName="RaiseUpdateMutedMicrophonesAsync_ShouldMutedMicrophones_WhenEventIsRaised" computerName="DKSR-EFI-04" duration="00:00:00.0199413" startTime="2023-12-22T09:37:51.6638511+01:00" endTime="2023-12-22T09:37:51.6794741+01:00" testType="13cdc9d9-ddb5-4fa4-a97d-d965ccfc6d4b" outcome="Passed" testListId="8c84fa94-04c1-424b-9868-57a2d4851a1d" relativeResultsDirectory="3d24fa28-45fa-468f-ad9a-5888bfc83343" />
    <UnitTestResult executionId="d9599f60-35d1-405c-bb24-9a8eae1919af" testId="0d43d95c-82c9-c386-cdd6-8d869ea0afd9" testName="PatrollingPresetViewModel_Constructor_2_Success" computerName="DKSR-EFI-04" duration="00:00:00.0099594" startTime="2023-12-22T09:37:57.8201364+01:00" endTime="2023-12-22T09:37:57.8201364+01:00" testType="13cdc9d9-ddb5-4fa4-a97d-d965ccfc6d4b" outcome="Passed" testListId="8c84fa94-04c1-424b-9868-57a2d4851a1d" relativeResultsDirectory="d9599f60-35d1-405c-bb24-9a8eae1919af" />
    <UnitTestResult executionId="d0331987-cc7e-4813-8ef2-7b1e684e2464" testId="dc096e9d-933e-6e98-213b-490659477502" testName="ToSafeName_NullString_Success" computerName="DKSR-EFI-04" duration="00:00:00.0001211" startTime="2023-12-22T09:38:06.2733052+01:00" endTime="2023-12-22T09:38:06.2733052+01:00" testType="13cdc9d9-ddb5-4fa4-a97d-d965ccfc6d4b" outcome="Passed" testListId="8c84fa94-04c1-424b-9868-57a2d4851a1d" relativeResultsDirectory="d0331987-cc7e-4813-8ef2-7b1e684e2464" />
    <UnitTestResult executionId="914f15ef-4a29-4625-b776-9fa224c9dac7" testId="f680908c-3b4b-7b4d-7066-6e5fce7c0b27" testName="GetClusters_ExcludeThenIncludeExcludedItems_NoChange (Data Row 0)" computerName="DKSR-EFI-04" duration="00:00:00.0247788" startTime="2023-12-22T09:37:56.4607518+01:00" endTime="2023-12-22T09:37:56.6638974+01:00" testType="13cdc9d9-ddb5-4fa4-a97d-d965ccfc6d4b" outcome="Passed" testListId="8c84fa94-04c1-424b-9868-57a2d4851a1d" relativeResultsDirectory="914f15ef-4a29-4625-b776-9fa224c9dac7" />
    <UnitTestResult executionId="af7199e2-7cc3-4bfb-a17d-24624267c910" testId="62bfa639-11d3-81b7-beea-8fc58ddae302" testName="BuildState_SelectionWithSingleSearchDefinition_Success" computerName="DKSR-EFI-04" duration="00:00:00.0114952" startTime="2023-12-22T09:36:30.7415380+01:00" endTime="2023-12-22T09:36:30.7571642+01:00" testType="13cdc9d9-ddb5-4fa4-a97d-d965ccfc6d4b" outcome="Passed" testListId="8c84fa94-04c1-424b-9868-57a2d4851a1d" relativeResultsDirectory="af7199e2-7cc3-4bfb-a17d-24624267c910" />
    <UnitTestResult executionId="8b3aedc3-423e-48a7-b47a-ad8836b0c06b" testId="c0d785e8-8864-98d5-b13c-b47a7d8658f2" testName="Initialize_ShouldAttachOptionChanged_WhenAllowOnlyFipsAlgorithmsIsTrueAndAllEventServerIdsAreFipsCompliant" computerName="DKSR-EFI-04" duration="00:00:00.1142265" startTime="2023-12-22T09:38:07.6485658+01:00" endTime="2023-12-22T09:38:07.7733185+01:00" testType="13cdc9d9-ddb5-4fa4-a97d-d965ccfc6d4b" outcome="Passed" testListId="8c84fa94-04c1-424b-9868-57a2d4851a1d" relativeResultsDirectory="8b3aedc3-423e-48a7-b47a-ad8836b0c06b" />
    <UnitTestResult executionId="708d83b1-25a4-4717-9a99-1056d0a13efe" testId="a3b47612-c41f-b6f9-cd26-71a4607bc51d" testName="SearchFilterCategoryGet_TwoSearchAgentsWithOverlappingFilters_AllFiltersAdded" computerName="DKSR-EFI-04" duration="00:00:00.0025662" startTime="2023-12-22T09:37:48.1325913+01:00" endTime="2023-12-22T09:37:48.1325913+01:00" testType="13cdc9d9-ddb5-4fa4-a97d-d965ccfc6d4b" outcome="Passed" testListId="8c84fa94-04c1-424b-9868-57a2d4851a1d" relativeResultsDirectory="708d83b1-25a4-4717-9a99-1056d0a13efe" />
    <UnitTestResult executionId="5a370f60-2b97-4850-a493-e57903b6aaf0" testId="1291d01e-bd85-b5f5-d3c1-6bce38753c19" testName="BookmarkSearchTime_WithSearchStringInDifferentCases_ReturnCorrectBookmarkWithSearchStringInHeader (,True,False,False,False,SeArChStRiNg,,1)" computerName="DKSR-EFI-04" duration="00:00:00.0064435" startTime="2023-12-22T09:38:01.2890036+01:00" endTime="2023-12-22T09:38:01.2890036+01:00" testType="13cdc9d9-ddb5-4fa4-a97d-d965ccfc6d4b" outcome="Passed" testListId="8c84fa94-04c1-424b-9868-57a2d4851a1d" relativeResultsDirectory="5a370f60-2b97-4850-a493-e57903b6aaf0" />
    <UnitTestResult executionId="e3ca90ab-3e9f-461d-b479-75fcfb295493" testId="4095d4e0-7747-4418-2cba-d8d1b699249f" testName="SmartMapGoToLocationHandler_WhenLocationCanNotBeFound_ShouldWriteToLog" computerName="DKSR-EFI-04" duration="00:00:00.0069928" startTime="2023-12-22T09:36:23.6633790+01:00" endTime="2023-12-22T09:36:23.6633790+01:00" testType="13cdc9d9-ddb5-4fa4-a97d-d965ccfc6d4b" outcome="Passed" testListId="8c84fa94-04c1-424b-9868-57a2d4851a1d" relativeResultsDirectory="e3ca90ab-3e9f-461d-b479-75fcfb295493" />
    <UnitTestResult executionId="7d55cd65-fac3-411c-97ce-bd131c4caf06" testId="ecf00477-94a3-5251-4140-6240ac1b0b60" testName="Perform_FirstAction_Success" computerName="DKSR-EFI-04" duration="00:00:00.0209747" startTime="2023-12-22T09:36:07.3195415+01:00" endTime="2023-12-22T09:36:07.3507900+01:00" testType="13cdc9d9-ddb5-4fa4-a97d-d965ccfc6d4b" outcome="Passed" testListId="8c84fa94-04c1-424b-9868-57a2d4851a1d" relativeResultsDirectory="7d55cd65-fac3-411c-97ce-bd131c4caf06" />
    <UnitTestResult executionId="39ec769a-a21b-47ab-ba77-122728e3b6f4" testId="999506c9-e472-e23b-a3ad-3d977990564e" testName="SupportsRightClick_ShouldBeTrue_WhenInteractionStateIsNormal" computerName="DKSR-EFI-04" duration="00:00:00.0314050" startTime="2023-12-22T09:36:19.6164805+01:00" endTime="2023-12-22T09:36:19.6477291+01:00" testType="13cdc9d9-ddb5-4fa4-a97d-d965ccfc6d4b" outcome="Passed" testListId="8c84fa94-04c1-424b-9868-57a2d4851a1d" relativeResultsDirectory="39ec769a-a21b-47ab-ba77-122728e3b6f4" />
    <UnitTestResult executionId="036811bb-1500-4978-a703-e0d4c49233bc" testId="feb3bdce-3024-5a59-89ff-b1ebe27d119c" testName="SearchResultsActionBarActions_SelectedSearchResults_ExportActionEnabled" computerName="DKSR-EFI-04" duration="00:00:00.0083765" startTime="2023-12-22T09:37:25.0074528+01:00" endTime="2023-12-22T09:37:25.0074528+01:00" testType="13cdc9d9-ddb5-4fa4-a97d-d965ccfc6d4b" outcome="Passed" testListId="8c84fa94-04c1-424b-9868-57a2d4851a1d" relativeResultsDirectory="036811bb-1500-4978-a703-e0d4c49233bc" />
    <UnitTestResult executionId="9e7f4187-fae7-4e24-bb91-218665e1325b" testId="c4920b28-249b-4562-1020-f303c8a65938" testName="AddToExportDevices_ShouldReturnCorrectResult (0,0,0)" computerName="DKSR-EFI-04" duration="00:00:00.0021422" startTime="2023-12-22T09:38:00.0857838+01:00" endTime="2023-12-22T09:38:00.0857838+01:00" testType="13cdc9d9-ddb5-4fa4-a97d-d965ccfc6d4b" outcome="Passed" testListId="8c84fa94-04c1-424b-9868-57a2d4851a1d" relativeResultsDirectory="9e7f4187-fae7-4e24-bb91-218665e1325b" />
    <UnitTestResult executionId="cff9b3ae-c530-45bb-92a1-aa1189e6f4cf" testId="4007ec22-794b-cf4d-bda6-76bc701e6452" testName="TimeToStringConverter_Convert_NullParameter_ReturnUnsetValue" computerName="DKSR-EFI-04" duration="00:00:00.0006105" startTime="2023-12-22T09:37:04.1948450+01:00" endTime="2023-12-22T09:37:04.1948450+01:00" testType="13cdc9d9-ddb5-4fa4-a97d-d965ccfc6d4b" outcome="Passed" testListId="8c84fa94-04c1-424b-9868-57a2d4851a1d" relativeResultsDirectory="cff9b3ae-c530-45bb-92a1-aa1189e6f4cf" />
    <UnitTestResult executionId="fcc41efa-8ff2-47d7-85ee-afd6a778ffaf" testId="885a9095-1f49-3411-918f-5cf4108e4b7b" testName="Enable_WhenInvoked_ThenAlarmEnableAndSubscribers" computerName="DKSR-EFI-04" duration="00:00:00.0049996" startTime="2023-12-22T09:37:53.1169907+01:00" endTime="2023-12-22T09:37:53.1326241+01:00" testType="13cdc9d9-ddb5-4fa4-a97d-d965ccfc6d4b" outcome="Passed" testListId="8c84fa94-04c1-424b-9868-57a2d4851a1d" relativeResultsDirectory="fcc41efa-8ff2-47d7-85ee-afd6a778ffaf" />
    <UnitTestResult executionId="8516c228-4a68-4295-8a4a-45f1401d3c82" testId="7863e25b-2679-2198-6c24-80dcdc161cf9" testName="IsCurrentScaleEqualTo_ShouldReturnTrue_WhenValuesAreEqualWithinGivenPrecision" computerName="DKSR-EFI-04" duration="00:00:00.0034153" startTime="2023-12-22T09:36:18.8821018+01:00" endTime="2023-12-22T09:36:18.8821018+01:00" testType="13cdc9d9-ddb5-4fa4-a97d-d965ccfc6d4b" outcome="Passed" testListId="8c84fa94-04c1-424b-9868-57a2d4851a1d" relativeResultsDirectory="8516c228-4a68-4295-8a4a-45f1401d3c82" />
    <UnitTestResult executionId="0a64e693-2c00-43a5-ad73-beaec8b9071c" testId="923f1aa7-880c-4c72-8f5e-a07409280a9b" testName="GisMap_Create_MembersInitializedOK" computerName="DKSR-EFI-04" duration="00:00:00.0078515" startTime="2023-12-22T09:37:51.6794741+01:00" endTime="2023-12-22T09:37:51.6951011+01:00" testType="13cdc9d9-ddb5-4fa4-a97d-d965ccfc6d4b" outcome="Passed" testListId="8c84fa94-04c1-424b-9868-57a2d4851a1d" relativeResultsDirectory="0a64e693-2c00-43a5-ad73-beaec8b9071c" />
    <UnitTestResult executionId="813944a0-be53-4ede-aa39-42292de64cbf" testId="b7cfc484-cb4b-49fc-a4f0-d587f8a4ea1f" testName="HandleSetLayerFeatures_ShouldRaiseArgumentException_WhenNotMicrophoneKindAndMicrophoneLayerFeatures" computerName="DKSR-EFI-04" duration="00:00:00.0022942" startTime="2023-12-22T09:37:55.8045018+01:00" endTime="2023-12-22T09:37:55.8045018+01:00" testType="13cdc9d9-ddb5-4fa4-a97d-d965ccfc6d4b" outcome="Passed" testListId="8c84fa94-04c1-424b-9868-57a2d4851a1d" relativeResultsDirectory="813944a0-be53-4ede-aa39-42292de64cbf" />
    <UnitTestResult executionId="1a7b7288-63fc-4ff8-993b-ab208ef7946f" testId="add54532-7e20-f473-1fef-d0865cc9a84b" testName="IncludeViewItemToggledEvent_ShouldRemoveViewItemFromIncludedViewItems_WhenIncludedIsFalseOnContentHolderControl" computerName="DKSR-EFI-04" duration="00:00:00.0106941" startTime="2023-12-22T09:38:04.1170438+01:00" endTime="2023-12-22T09:38:04.1326702+01:00" testType="13cdc9d9-ddb5-4fa4-a97d-d965ccfc6d4b" outcome="Passed" testListId="8c84fa94-04c1-424b-9868-57a2d4851a1d" relativeResultsDirectory="1a7b7288-63fc-4ff8-993b-ab208ef7946f" />
    <UnitTestResult executionId="459bff0f-58f6-410c-863f-b48a54ddcb4f" testId="a2c49861-8cfa-cfb9-a354-4ffbac34fc0c" testName="Connect_WhenMajorServerVersionIsBelow13_ShouldCreateOldSchClient" computerName="DKSR-EFI-04" duration="00:00:00.0887174" startTime="2023-12-22T09:36:00.8038822+01:00" endTime="2023-12-22T09:36:00.8976302+01:00" testType="13cdc9d9-ddb5-4fa4-a97d-d965ccfc6d4b" outcome="Passed" testListId="8c84fa94-04c1-424b-9868-57a2d4851a1d" relativeResultsDirectory="459bff0f-58f6-410c-863f-b48a54ddcb4f" />
    <UnitTestResult executionId="ed3c00ed-0240-4b32-a642-d463464a532d" testId="b00294e4-8686-0263-7a25-105dca27e462" testName="HandleGetLayerFeatures_ShouldReturnOutputLayerFeatures_WhenOutputKind" computerName="DKSR-EFI-04" duration="00:00:00.0012769" startTime="2023-12-22T09:37:55.8201217+01:00" endTime="2023-12-22T09:37:55.8201217+01:00" testType="13cdc9d9-ddb5-4fa4-a97d-d965ccfc6d4b" outcome="Passed" testListId="8c84fa94-04c1-424b-9868-57a2d4851a1d" relativeResultsDirectory="ed3c00ed-0240-4b32-a642-d463464a532d" />
    <UnitTestResult executionId="4a770cd3-a1ec-4940-a5d3-3cc6e91dbc21" testId="23557db4-cf2f-5c4a-81e2-b54970cb5a80" testName="LoadMapAsyncWithBuildings_Success" computerName="DKSR-EFI-04" duration="00:00:00.0572710" startTime="2023-12-22T09:37:52.2107333+01:00" endTime="2023-12-22T09:37:52.2732282+01:00" testType="13cdc9d9-ddb5-4fa4-a97d-d965ccfc6d4b" outcome="Passed" testListId="8c84fa94-04c1-424b-9868-57a2d4851a1d" relativeResultsDirectory="4a770cd3-a1ec-4940-a5d3-3cc6e91dbc21" />
    <UnitTestResult executionId="958b26bc-002d-420b-87be-ae0e5e9278ee" testId="28b18be3-0a42-80b2-dd31-6ed6fce84202" testName="BookmarkSearchTime_WithSearchStringInDifferentCases_ReturnCorrectBookmarkWithSearchStringInHeader (SeArChStRiNg,False,True,False,False,,,0)" computerName="DKSR-EFI-04" duration="00:00:00.0034675" startTime="2023-12-22T09:38:01.2420317+01:00" endTime="2023-12-22T09:38:01.2420317+01:00" testType="13cdc9d9-ddb5-4fa4-a97d-d965ccfc6d4b" outcome="Passed" testListId="8c84fa94-04c1-424b-9868-57a2d4851a1d" relativeResultsDirectory="958b26bc-002d-420b-87be-ae0e5e9278ee" />
    <UnitTestResult executionId="1f490344-ee68-4a50-a970-d3acbef7fb92" testId="403a78e4-c46e-adcb-e74a-7da90bcef733" testName="GetSnapshots_UnknownErrorWhileSavingImage_Failure" computerName="DKSR-EFI-04" duration="00:00:00.0066362" startTime="2023-12-22T09:37:33.5075073+01:00" endTime="2023-12-22T09:37:33.5231267+01:00" testType="13cdc9d9-ddb5-4fa4-a97d-d965ccfc6d4b" outcome="Passed" testListId="8c84fa94-04c1-424b-9868-57a2d4851a1d" relativeResultsDirectory="1f490344-ee68-4a50-a970-d3acbef7fb92" />
    <UnitTestResult executionId="55d3c3c1-774b-4cab-983e-ac0ae4a1ce24" testId="058170fd-69e2-a7d3-64d2-1a307243ea90" testName="PatrollingStepViewModel_Constructor_Success" computerName="DKSR-EFI-04" duration="00:00:00.0022232" startTime="2023-12-22T09:37:58.1013853+01:00" endTime="2023-12-22T09:37:58.1013853+01:00" testType="13cdc9d9-ddb5-4fa4-a97d-d965ccfc6d4b" outcome="Passed" testListId="8c84fa94-04c1-424b-9868-57a2d4851a1d" relativeResultsDirectory="55d3c3c1-774b-4cab-983e-ac0ae4a1ce24" />
    <UnitTestResult executionId="7044bbd4-a22c-441c-9262-339b5956274f" testId="4f80de53-a9c2-6ff5-bbd6-96cbb2c56bea" testName="ToSafeName_UnderscoreSeperator_Failure" computerName="DKSR-EFI-04" duration="00:00:00.0005238" startTime="2023-12-22T09:38:06.2733052+01:00" endTime="2023-12-22T09:38:06.2733052+01:00" testType="13cdc9d9-ddb5-4fa4-a97d-d965ccfc6d4b" outcome="Passed" testListId="8c84fa94-04c1-424b-9868-57a2d4851a1d" relativeResultsDirectory="7044bbd4-a22c-441c-9262-339b5956274f" />
    <UnitTestResult executionId="a2a57bae-53b6-4f64-921e-37ca7a051547" testId="b87a1c99-d996-5e0b-a096-13dd2701c2c1" testName="RemoveItems_EmptyCollection_NoClusterChanges" computerName="DKSR-EFI-04" duration="00:00:00.0091564" startTime="2023-12-22T09:37:57.7576323+01:00" endTime="2023-12-22T09:37:57.7576323+01:00" testType="13cdc9d9-ddb5-4fa4-a97d-d965ccfc6d4b" outcome="Passed" testListId="8c84fa94-04c1-424b-9868-57a2d4851a1d" relativeResultsDirectory="a2a57bae-53b6-4f64-921e-37ca7a051547" />
    <UnitTestResult executionId="52790160-aef8-4928-8246-25796478c05a" testId="4dadd341-55c4-2c66-0797-5674a8d63b8b" testName="ConvertBack_ShouldReturnIsNormalState_WhenValueIsNull" computerName="DKSR-EFI-04" duration="00:00:00.0026985" startTime="2023-12-22T09:36:11.7101883+01:00" endTime="2023-12-22T09:36:11.7101883+01:00" testType="13cdc9d9-ddb5-4fa4-a97d-d965ccfc6d4b" outcome="Passed" testListId="8c84fa94-04c1-424b-9868-57a2d4851a1d" relativeResultsDirectory="52790160-aef8-4928-8246-25796478c05a" />
    <UnitTestResult executionId="1fe7eb9d-5622-428e-a4f8-47e88e505068" testId="e5f806d4-832f-52ef-8b31-b0825a471642" testName="IsCurrentScaleEqualTo_ShouldReturnFalse_WhenValuesAreNotEqualWithinGivenPrecision" computerName="DKSR-EFI-04" duration="00:00:00.0007589" startTime="2023-12-22T09:36:18.8821018+01:00" endTime="2023-12-22T09:36:18.8977250+01:00" testType="13cdc9d9-ddb5-4fa4-a97d-d965ccfc6d4b" outcome="Passed" testListId="8c84fa94-04c1-424b-9868-57a2d4851a1d" relativeResultsDirectory="1fe7eb9d-5622-428e-a4f8-47e88e505068" />
    <UnitTestResult executionId="2d45a6a4-39e4-4749-87d9-53e34ed21b8b" testId="0352ab5e-ef5f-b291-c33f-bb3ed2d6f909" testName="AutomationId_ShouldBeValid_WhenInteractionStateIsAddMicrophone" computerName="DKSR-EFI-04" duration="00:00:00.0002719" startTime="2023-12-22T09:36:16.3195854+01:00" endTime="2023-12-22T09:36:16.3195854+01:00" testType="13cdc9d9-ddb5-4fa4-a97d-d965ccfc6d4b" outcome="Passed" testListId="8c84fa94-04c1-424b-9868-57a2d4851a1d" relativeResultsDirectory="2d45a6a4-39e4-4749-87d9-53e34ed21b8b" />
    <UnitTestResult executionId="70c3d9f2-ff4d-4744-a062-d1b07ac3a981" testId="bbaeb53f-2674-b2c2-8841-ab6f6884b997" testName="SearchResultsActionBarActions_AddBookmark_Enabled" computerName="DKSR-EFI-04" duration="00:00:00.0083020" startTime="2023-12-22T09:37:25.4918305+01:00" endTime="2023-12-22T09:37:25.4918305+01:00" testType="13cdc9d9-ddb5-4fa4-a97d-d965ccfc6d4b" outcome="Passed" testListId="8c84fa94-04c1-424b-9868-57a2d4851a1d" relativeResultsDirectory="70c3d9f2-ff4d-4744-a062-d1b07ac3a981" />
    <UnitTestResult executionId="84677e8a-9f5f-4a28-81b4-95504ddac004" testId="3cc1b7a3-6a23-5d4a-8d17-b87aa291e5cf" testName="GetDeactivatedOutputIconId_ShouldReturnValidDeactivatedOutputIconId_WhenValidActivatedOutputIconIdIsProvided" computerName="DKSR-EFI-04" duration="00:00:00.0021403" startTime="2023-12-22T09:37:53.1169907+01:00" endTime="2023-12-22T09:37:53.1169907+01:00" testType="13cdc9d9-ddb5-4fa4-a97d-d965ccfc6d4b" outcome="Passed" testListId="8c84fa94-04c1-424b-9868-57a2d4851a1d" relativeResultsDirectory="84677e8a-9f5f-4a28-81b4-95504ddac004" />
    <UnitTestResult executionId="4662859d-5d3e-4471-b2e8-735dc263f5e9" testId="d4781dc2-7c6c-059d-3535-c27ddbecee56" testName="LoadBoundingShapes_RectangleShape_AddedToUIAndSizedCorrectly" computerName="DKSR-EFI-04" duration="00:00:00.0201502" startTime="2023-12-22T09:37:48.6794675+01:00" endTime="2023-12-22T09:37:48.7107150+01:00" testType="13cdc9d9-ddb5-4fa4-a97d-d965ccfc6d4b" outcome="Passed" testListId="8c84fa94-04c1-424b-9868-57a2d4851a1d" relativeResultsDirectory="4662859d-5d3e-4471-b2e8-735dc263f5e9" />
    <UnitTestResult executionId="ab2bd525-6323-4dc0-98d1-5631dfd2f76b" testId="cbd28a6e-603b-cdc1-8dd3-9bb5df99a9b4" testName="Compare_NullVsNull_Equals" computerName="DKSR-EFI-04" duration="00:00:00.0003202" startTime="2023-12-22T09:37:35.3356369+01:00" endTime="2023-12-22T09:37:35.3356369+01:00" testType="13cdc9d9-ddb5-4fa4-a97d-d965ccfc6d4b" outcome="Passed" testListId="8c84fa94-04c1-424b-9868-57a2d4851a1d" relativeResultsDirectory="ab2bd525-6323-4dc0-98d1-5631dfd2f76b" />
    <UnitTestResult executionId="7e64dbf2-3f85-4d2f-8f2b-e3d51e2375fa" testId="4fb1e9eb-976d-db8c-6efc-0c953d97980e" testName="Ctor_NullPassedToNotNullParameters_Failure" computerName="DKSR-EFI-04" duration="00:00:00.2675183" startTime="2023-12-22T09:37:26.2887184+01:00" endTime="2023-12-22T09:37:26.5699605+01:00" testType="13cdc9d9-ddb5-4fa4-a97d-d965ccfc6d4b" outcome="Passed" testListId="8c84fa94-04c1-424b-9868-57a2d4851a1d" relativeResultsDirectory="7e64dbf2-3f85-4d2f-8f2b-e3d51e2375fa" />
    <UnitTestResult executionId="d7e1ce71-9fcd-4126-b43a-fc503949fcc5" testId="846a9eb5-5d29-1fe6-2752-1629db0ce419" testName="AlwaysPutGroupsBeforeViews" computerName="DKSR-EFI-04" duration="00:00:00.0003297" startTime="2023-12-22T09:37:59.4607710+01:00" endTime="2023-12-22T09:37:59.4607710+01:00" testType="13cdc9d9-ddb5-4fa4-a97d-d965ccfc6d4b" outcome="Passed" testListId="8c84fa94-04c1-424b-9868-57a2d4851a1d" relativeResultsDirectory="d7e1ce71-9fcd-4126-b43a-fc503949fcc5" />
    <UnitTestResult executionId="d721ba14-7692-4937-b63e-fd53b95272d8" testId="3a44bf9a-8ca0-1e46-e5d0-584bd0cbe223" testName="TestGetWorkroom_ByWorkSpaceId_Success" computerName="DKSR-EFI-04" duration="00:00:00.0231354" startTime="2023-12-22T09:36:06.8039114+01:00" endTime="2023-12-22T09:36:06.8195394+01:00" testType="13cdc9d9-ddb5-4fa4-a97d-d965ccfc6d4b" outcome="Passed" testListId="8c84fa94-04c1-424b-9868-57a2d4851a1d" relativeResultsDirectory="d721ba14-7692-4937-b63e-fd53b95272d8" />
    <UnitTestResult executionId="84f7303f-03b1-4fe6-9ef2-f502c41360ae" testId="965562eb-8289-311d-8c35-1161a699ffcd" testName="MipItemsMapLayer_Constructed_Success" computerName="DKSR-EFI-04" duration="00:00:00.0114692" startTime="2023-12-22T09:37:49.9763524+01:00" endTime="2023-12-22T09:37:49.9919677+01:00" testType="13cdc9d9-ddb5-4fa4-a97d-d965ccfc6d4b" outcome="Passed" testListId="8c84fa94-04c1-424b-9868-57a2d4851a1d" relativeResultsDirectory="84f7303f-03b1-4fe6-9ef2-f502c41360ae" />
    <UnitTestResult executionId="4c23abd6-9514-4251-9bd6-dddb10548eb9" testId="3beeed46-879f-7c95-5996-20291cefba2d" testName="BindingModelNotEnabled_When_WorkspaceStateDoesNotMatchPlaceDefinition" computerName="DKSR-EFI-04" duration="00:00:00.0015006" startTime="2023-12-22T09:38:00.4607808+01:00" endTime="2023-12-22T09:38:00.4607808+01:00" testType="13cdc9d9-ddb5-4fa4-a97d-d965ccfc6d4b" outcome="Passed" testListId="8c84fa94-04c1-424b-9868-57a2d4851a1d" relativeResultsDirectory="4c23abd6-9514-4251-9bd6-dddb10548eb9" />
    <UnitTestResult executionId="3befec3c-50bf-4f37-818c-6e0e16009c26" testId="9b197971-a4a0-f2e7-cf86-c42cab4fc0ac" testName="RightClick_ShouldNotSetContextMenu_WhenHostIsContextMenuAware" computerName="DKSR-EFI-04" duration="00:00:00.0203343" startTime="2023-12-22T09:36:19.2571018+01:00" endTime="2023-12-22T09:36:19.2727265+01:00" testType="13cdc9d9-ddb5-4fa4-a97d-d965ccfc6d4b" outcome="Passed" testListId="8c84fa94-04c1-424b-9868-57a2d4851a1d" relativeResultsDirectory="3befec3c-50bf-4f37-818c-6e0e16009c26" />
    <UnitTestResult executionId="517ef3bc-091c-48d2-8b1b-7c711a550d43" testId="81d4eeef-857b-5bf1-5cd0-3e8726c4f84c" testName="GetSearchReportDialog_SelectedSearchResults_Empty_Failure" computerName="DKSR-EFI-04" duration="00:00:00.0151803" startTime="2023-12-22T09:37:28.5856034+01:00" endTime="2023-12-22T09:37:28.6012273+01:00" testType="13cdc9d9-ddb5-4fa4-a97d-d965ccfc6d4b" outcome="Passed" testListId="8c84fa94-04c1-424b-9868-57a2d4851a1d" relativeResultsDirectory="517ef3bc-091c-48d2-8b1b-7c711a550d43" />
    <UnitTestResult executionId="fdd67bb5-b577-4bd7-b861-bfa289318899" testId="17258b23-ff23-da1c-73fb-351e418fb581" testName="BeginTime_ShouldBeSetToValueOfSearchResult" computerName="DKSR-EFI-04" duration="00:00:00.0004596" startTime="2023-12-22T09:37:35.2731397+01:00" endTime="2023-12-22T09:37:35.2731397+01:00" testType="13cdc9d9-ddb5-4fa4-a97d-d965ccfc6d4b" outcome="Passed" testListId="8c84fa94-04c1-424b-9868-57a2d4851a1d" relativeResultsDirectory="fdd67bb5-b577-4bd7-b861-bfa289318899" />
    <UnitTestResult executionId="55e81042-10b1-4910-b59e-36908d736b56" testId="9029e935-145d-d5fd-fae9-96c860349038" testName="GetClusters_AddedItems_ClustersForAddedItems (Data Row 18)" computerName="DKSR-EFI-04" duration="00:00:00.0095887" startTime="2023-12-22T09:37:57.5232605+01:00" endTime="2023-12-22T09:37:57.7107610+01:00" testType="13cdc9d9-ddb5-4fa4-a97d-d965ccfc6d4b" outcome="Passed" testListId="8c84fa94-04c1-424b-9868-57a2d4851a1d" relativeResultsDirectory="55e81042-10b1-4910-b59e-36908d736b56" />
    <UnitTestResult executionId="6ca29c18-9232-4700-8daf-4882d9d2b321" testId="0ad4b394-46f3-87fb-eed4-e2c73091dff3" testName="OnMarkerRightClicked_ShouldLetMapLayerControlMenuItems_WhenMultipleItemsFromSameLayerAreSelected" computerName="DKSR-EFI-04" duration="00:00:00.0225006" startTime="2023-12-22T09:36:18.5539737+01:00" endTime="2023-12-22T09:36:18.5695985+01:00" testType="13cdc9d9-ddb5-4fa4-a97d-d965ccfc6d4b" outcome="Passed" testListId="8c84fa94-04c1-424b-9868-57a2d4851a1d" relativeResultsDirectory="6ca29c18-9232-4700-8daf-4882d9d2b321" />
    <UnitTestResult executionId="39778cb3-034b-4b4d-9dae-7e925a9e1fdd" testId="110c5f83-752f-57c6-1e06-5ba87b7d2a16" testName="ChangeSorting_ShouldApplyRelevanceComparerAndNewestEventTimeSortOrder_WhenRelevanceEnumValueIsApplied" computerName="DKSR-EFI-04" duration="00:00:00.0132195" startTime="2023-12-22T09:37:28.3981018+01:00" endTime="2023-12-22T09:37:28.4137261+01:00" testType="13cdc9d9-ddb5-4fa4-a97d-d965ccfc6d4b" outcome="Passed" testListId="8c84fa94-04c1-424b-9868-57a2d4851a1d" relativeResultsDirectory="39778cb3-034b-4b4d-9dae-7e925a9e1fdd" />
    <UnitTestResult executionId="8fe1ef5c-81f3-4f23-ad86-3f59eeaeeaaf" testId="f7f3f6a6-4ba1-e9bb-d8fc-f000e145af31" testName="ToDenormalizedDirection_GreaterThan1_0_Failure" computerName="DKSR-EFI-04" duration="00:00:00.0006377" startTime="2023-12-22T09:37:49.8513436+01:00" endTime="2023-12-22T09:37:49.8513436+01:00" testType="13cdc9d9-ddb5-4fa4-a97d-d965ccfc6d4b" outcome="Passed" testListId="8c84fa94-04c1-424b-9868-57a2d4851a1d" relativeResultsDirectory="8fe1ef5c-81f3-4f23-ad86-3f59eeaeeaaf" />
    <UnitTestResult executionId="98dd3aa7-a773-4377-8fb4-29d5dd2ececf" testId="0d816db9-c190-9338-49a3-bd0095232832" testName="BuildContentOptions_ShouldReturnCorrectNumberOfViewItems" computerName="DKSR-EFI-04" duration="00:00:00.0008262" startTime="2023-12-22T09:38:06.1170594+01:00" endTime="2023-12-22T09:38:06.1170594+01:00" testType="13cdc9d9-ddb5-4fa4-a97d-d965ccfc6d4b" outcome="Passed" testListId="8c84fa94-04c1-424b-9868-57a2d4851a1d" relativeResultsDirectory="98dd3aa7-a773-4377-8fb4-29d5dd2ececf" />
    <UnitTestResult executionId="c8044f2b-d925-42f2-94b8-4b5a4bcebb7d" testId="c8fe984c-75b4-9cd0-54a9-6f5de670d21e" testName="AddToExportDevices_ShouldReturnCorrectResult (0,0,1)" computerName="DKSR-EFI-04" duration="00:00:00.0013519" startTime="2023-12-22T09:38:00.0857838+01:00" endTime="2023-12-22T09:38:00.0857838+01:00" testType="13cdc9d9-ddb5-4fa4-a97d-d965ccfc6d4b" outcome="Passed" testListId="8c84fa94-04c1-424b-9868-57a2d4851a1d" relativeResultsDirectory="c8044f2b-d925-42f2-94b8-4b5a4bcebb7d" />
    <UnitTestResult executionId="9ee083a4-7450-4c77-b4be-3a79b6e1d502" testId="81b361c4-c965-939e-7e57-636c62f4161d" testName="DeleteLevel_WhereLevelsHasBeenRenumbered_Success" computerName="DKSR-EFI-04" duration="00:00:00.0369670" startTime="2023-12-22T09:37:55.6326233+01:00" endTime="2023-12-22T09:37:55.6638748+01:00" testType="13cdc9d9-ddb5-4fa4-a97d-d965ccfc6d4b" outcome="Passed" testListId="8c84fa94-04c1-424b-9868-57a2d4851a1d" relativeResultsDirectory="9ee083a4-7450-4c77-b4be-3a79b6e1d502">
      <Output>
        <StdOut>Debug Trace:&#xD;
 &gt;&gt;&gt; ERROR: System.NullReferenceException: Object reference not set to an instance of an object.&#xD;
   at VideoOS.RemoteClient.GisMapData.MapBuildings.MapLevel.&lt;LoadLayersAsync&gt;d__71.MoveNext() in D:\actions-runner\_work\XPCO\XPCO\SC\Components\dotNet\VideoOS.RemoteClient.GisMapData\MapBuildings\MapLevel.cs:line 283&#xD;
 &gt;&gt;&gt; Stack:    at VideoOS.RemoteClient.GisMapData.MapBuildings.MapLevel.&lt;LoadLayersAsync&gt;d__71.MoveNext() in D:\actions-runner\_work\XPCO\XPCO\SC\Components\dotNet\VideoOS.RemoteClient.GisMapData\MapBuildings\MapLevel.cs:line 283&#xD;
 &gt;&gt;&gt; ERROR: System.NullReferenceException: Object reference not set to an instance of an object.&#xD;
   at VideoOS.RemoteClient.GisMapData.MapBuildings.MapLevel.&lt;LoadLayersAsync&gt;d__71.MoveNext() in D:\actions-runner\_work\XPCO\XPCO\SC\Components\dotNet\VideoOS.RemoteClient.GisMapData\MapBuildings\MapLevel.cs:line 283&#xD;
 &gt;&gt;&gt; Stack:    at VideoOS.RemoteClient.GisMapData.MapBuildings.MapLevel.&lt;LoadLayersAsync&gt;d__71.MoveNext() in D:\actions-runner\_work\XPCO\XPCO\SC\Components\dotNet\VideoOS.RemoteClient.GisMapData\MapBuildings\MapLevel.cs:line 283&#xD;
 &gt;&gt;&gt; ERROR: System.NullReferenceException: Object reference not set to an instance of an object.&#xD;
   at VideoOS.RemoteClient.GisMapData.MapBuildings.MapLevel.&lt;LoadLayersAsync&gt;d__71.MoveNext() in D:\actions-runner\_work\XPCO\XPCO\SC\Components\dotNet\VideoOS.RemoteClient.GisMapData\MapBuildings\MapLevel.cs:line 283&#xD;
 &gt;&gt;&gt; Stack:    at VideoOS.RemoteClient.GisMapData.MapBuildings.MapLevel.&lt;LoadLayersAsync&gt;d__71.MoveNext() in D:\actions-runner\_work\XPCO\XPCO\SC\Components\dotNet\VideoOS.RemoteClient.GisMapData\MapBuildings\MapLevel.cs:line 283</StdOut>
      </Output>
    </UnitTestResult>
    <UnitTestResult executionId="1f9baacd-270d-48b1-b583-2540b13368f9" testId="bc479aff-5943-50ba-916d-4ef25a516c49" testName="BuildMapOptions_ShouldHandleSecretStringOptionsCorrectly (GisMapBingMapKey,someText,True)" computerName="DKSR-EFI-04" duration="00:00:00.0018229" startTime="2023-12-22T09:38:06.0858046+01:00" endTime="2023-12-22T09:38:06.0858046+01:00" testType="13cdc9d9-ddb5-4fa4-a97d-d965ccfc6d4b" outcome="Passed" testListId="8c84fa94-04c1-424b-9868-57a2d4851a1d" relativeResultsDirectory="1f9baacd-270d-48b1-b583-2540b13368f9" />
    <UnitTestResult executionId="d6364b12-d739-42dd-bd5f-41e35e971525" testId="9a1e0638-3454-96aa-be92-9d9c7a4bfa39" testName="GetItemsIn_BuildingNoLevelsNotIndexed_NoException" computerName="DKSR-EFI-04" duration="00:00:00.0459138" startTime="2023-12-22T09:37:56.7888813+01:00" endTime="2023-12-22T09:37:56.8357615+01:00" testType="13cdc9d9-ddb5-4fa4-a97d-d965ccfc6d4b" outcome="Passed" testListId="8c84fa94-04c1-424b-9868-57a2d4851a1d" relativeResultsDirectory="d6364b12-d739-42dd-bd5f-41e35e971525" />
    <UnitTestResult executionId="7e96fa40-b5bc-4f78-955f-a1178944439b" testId="afb51d05-f3b7-7ba8-3b5a-420afd719c13" testName="SetMapItemCluster_ShouldSetIcon_WhenNotSuperCluster" computerName="DKSR-EFI-04" duration="00:00:00.0455898" startTime="2023-12-22T09:36:22.4914945+01:00" endTime="2023-12-22T09:36:22.5383685+01:00" testType="13cdc9d9-ddb5-4fa4-a97d-d965ccfc6d4b" outcome="Passed" testListId="8c84fa94-04c1-424b-9868-57a2d4851a1d" relativeResultsDirectory="7e96fa40-b5bc-4f78-955f-a1178944439b" />
    <UnitTestResult executionId="543a3b0d-80d7-412f-a6db-bdbdb4d13fc4" testId="483cfce3-3ff7-5b57-4c23-5d8fbcaf1d0a" testName="GetSnapshots_PathTooLong_Failure" computerName="DKSR-EFI-04" duration="00:00:00.0151151" startTime="2023-12-22T09:37:33.4918769+01:00" endTime="2023-12-22T09:37:33.5075073+01:00" testType="13cdc9d9-ddb5-4fa4-a97d-d965ccfc6d4b" outcome="Passed" testListId="8c84fa94-04c1-424b-9868-57a2d4851a1d" relativeResultsDirectory="543a3b0d-80d7-412f-a6db-bdbdb4d13fc4" />
    <UnitTestResult executionId="c57e4b93-5166-4929-bb47-fc7158e35e90" testId="d72e9a2a-9534-badd-5a74-22ef698e678e" testName="PtzSessionControllerInfo_UserChangedTest_NoChange" computerName="DKSR-EFI-04" duration="00:00:00.0003755" startTime="2023-12-22T09:36:07.2414144+01:00" endTime="2023-12-22T09:36:07.2414144+01:00" testType="13cdc9d9-ddb5-4fa4-a97d-d965ccfc6d4b" outcome="Passed" testListId="8c84fa94-04c1-424b-9868-57a2d4851a1d" relativeResultsDirectory="c57e4b93-5166-4929-bb47-fc7158e35e90" />
    <UnitTestResult executionId="a52182e6-6d5c-4ea7-9bb9-9728d6d57e43" testId="8029d216-4010-3441-1bae-329046b8b3a9" testName="OnLoaded_UserControlIsLoadingEventChanges_Success" computerName="DKSR-EFI-04" duration="00:00:00.0177851" startTime="2023-12-22T09:36:34.7884332+01:00" endTime="2023-12-22T09:36:34.8040605+01:00" testType="13cdc9d9-ddb5-4fa4-a97d-d965ccfc6d4b" outcome="Passed" testListId="8c84fa94-04c1-424b-9868-57a2d4851a1d" relativeResultsDirectory="a52182e6-6d5c-4ea7-9bb9-9728d6d57e43" />
    <UnitTestResult executionId="85734ef9-f80b-49e6-bb70-04d02ef0c6d3" testId="b15c0dd5-d448-b8b2-12b9-2297f983e50d" testName="SearchResultsActionBarActions_CreateEvidenceLock_OptionUnavailable_NotEnabled" computerName="DKSR-EFI-04" duration="00:00:00.0077821" startTime="2023-12-22T09:37:25.7105910+01:00" endTime="2023-12-22T09:37:25.7105910+01:00" testType="13cdc9d9-ddb5-4fa4-a97d-d965ccfc6d4b" outcome="Passed" testListId="8c84fa94-04c1-424b-9868-57a2d4851a1d" relativeResultsDirectory="85734ef9-f80b-49e6-bb70-04d02ef0c6d3" />
    <UnitTestResult executionId="0eed3fab-fd14-4ccd-a315-9100cccd29e9" testId="75190a91-bb67-9255-8853-c45d21832247" testName="BuildEvidenceCreatedProperties_ShouldReturnCorrectValues (some headline,,03:00:00,Weeks,1.22:00:00,3,True,False,03:00:00,Weeks,1.22:00:00,3)" computerName="DKSR-EFI-04" duration="00:00:00.0366530" startTime="2023-12-22T09:38:06.2108091+01:00" endTime="2023-12-22T09:38:06.2420594+01:00" testType="13cdc9d9-ddb5-4fa4-a97d-d965ccfc6d4b" outcome="Passed" testListId="8c84fa94-04c1-424b-9868-57a2d4851a1d" relativeResultsDirectory="0eed3fab-fd14-4ccd-a315-9100cccd29e9" />
    <UnitTestResult executionId="a2e4f3f4-4041-49d3-894b-bf257cae0c59" testId="e0ddb94a-4c42-ee26-7803-7c8bb915b98c" testName="CreateExportDialog_CanCreateExport_WhenOnlyExportToOpticsAndInvalidExportPath" computerName="DKSR-EFI-04" duration="00:00:00.0143648" startTime="2023-12-22T09:36:28.4759011+01:00" endTime="2023-12-22T09:36:28.4915274+01:00" testType="13cdc9d9-ddb5-4fa4-a97d-d965ccfc6d4b" outcome="Passed" testListId="8c84fa94-04c1-424b-9868-57a2d4851a1d" relativeResultsDirectory="a2e4f3f4-4041-49d3-894b-bf257cae0c59" />
    <UnitTestResult executionId="1e7964f6-5a20-4b6a-bdd7-fe0cee13d9c9" testId="2a52f03a-cddc-7860-41d6-2e4a73025212" testName="VideoResultSearchResult_ShouldOnlyHavePropertiesFromSecondContext_WhenSetTwiceAndThrowingOnTokenCancellation" computerName="DKSR-EFI-04" duration="00:00:02.0309194" startTime="2023-12-22T09:37:04.4604717+01:00" endTime="2023-12-22T09:37:06.4917309+01:00" testType="13cdc9d9-ddb5-4fa4-a97d-d965ccfc6d4b" outcome="Passed" testListId="8c84fa94-04c1-424b-9868-57a2d4851a1d" relativeResultsDirectory="1e7964f6-5a20-4b6a-bdd7-fe0cee13d9c9" />
    <UnitTestResult executionId="7cff939d-e228-47e7-ae71-f084eebd5f69" testId="a7b3a0a1-b567-86d1-d16a-ead40656c5fa" testName="ZoomOut_MapSet_MapZoomOutInvoked" computerName="DKSR-EFI-04" duration="00:00:00.0009523" startTime="2023-12-22T09:36:16.3352132+01:00" endTime="2023-12-22T09:36:16.3352132+01:00" testType="13cdc9d9-ddb5-4fa4-a97d-d965ccfc6d4b" outcome="Passed" testListId="8c84fa94-04c1-424b-9868-57a2d4851a1d" relativeResultsDirectory="7cff939d-e228-47e7-ae71-f084eebd5f69" />
    <UnitTestResult executionId="002fa830-5657-4644-b894-c591292539c5" testId="82925021-fc8d-b0e6-5578-b84c5fa8b18a" testName="IOState_ShouldYieldSameValuesForAllEnumValues_WhenRoundTripConverted (Deactivated,Deactivated)" computerName="DKSR-EFI-04" duration="00:00:00.0000457" startTime="2023-12-22T09:36:00.5851589+01:00" endTime="2023-12-22T09:36:00.5851589+01:00" testType="13cdc9d9-ddb5-4fa4-a97d-d965ccfc6d4b" outcome="Passed" testListId="8c84fa94-04c1-424b-9868-57a2d4851a1d" relativeResultsDirectory="002fa830-5657-4644-b894-c591292539c5" />
    <UnitTestResult executionId="fac4cf1b-07fb-496a-8438-03b36c1b3983" testId="dc5553ed-c8db-34b6-aa61-f33cd39a8ce9" testName="BoundingBoxBrowseTimeChangedTestOldData" computerName="DKSR-EFI-04" duration="00:00:00.0053440" startTime="2023-12-22T09:38:01.8201650+01:00" endTime="2023-12-22T09:38:01.8201650+01:00" testType="13cdc9d9-ddb5-4fa4-a97d-d965ccfc6d4b" outcome="Passed" testListId="8c84fa94-04c1-424b-9868-57a2d4851a1d" relativeResultsDirectory="fac4cf1b-07fb-496a-8438-03b36c1b3983" />
    <UnitTestResult executionId="67ba5951-07cf-4f81-892e-58f410253535" testId="e70bd816-d0ac-eace-44c7-520cb1bd1024" testName="LoadBoundingShapes_ShouldMergeBoundingShapes_WhenResultProvidesBoundingShapesAndMetadataObjects" computerName="DKSR-EFI-04" duration="00:00:00.0125639" startTime="2023-12-22T09:37:48.7107150+01:00" endTime="2023-12-22T09:37:48.7263405+01:00" testType="13cdc9d9-ddb5-4fa4-a97d-d965ccfc6d4b" outcome="Passed" testListId="8c84fa94-04c1-424b-9868-57a2d4851a1d" relativeResultsDirectory="67ba5951-07cf-4f81-892e-58f410253535" />
    <UnitTestResult executionId="20f0b224-3b26-4e05-a6b3-6b9ceba8946a" testId="117fa8ef-1259-0f08-beca-cde4c7f00c30" testName="InputMapItem_ForceActivateAsync_InBuilding_MapLayerHidden_Success" computerName="DKSR-EFI-04" duration="00:00:00.0177317" startTime="2023-12-22T09:37:55.1013724+01:00" endTime="2023-12-22T09:37:55.1169958+01:00" testType="13cdc9d9-ddb5-4fa4-a97d-d965ccfc6d4b" outcome="Passed" testListId="8c84fa94-04c1-424b-9868-57a2d4851a1d" relativeResultsDirectory="20f0b224-3b26-4e05-a6b3-6b9ceba8946a" />
    <UnitTestResult executionId="23291794-add2-47cc-a9a4-250bbd95d09d" testId="4190041e-4d7b-4cda-212b-4ae0c9029e36" testName="GetGisMapLayerFlyoutName_ShouldReturnMilestoneGisMapServiceName_WhenGeographicLayerIsAvailableAndAlternativeServerIsEmpty" computerName="DKSR-EFI-04" duration="00:00:00.0031440" startTime="2023-12-22T09:37:55.8513737+01:00" endTime="2023-12-22T09:37:55.8513737+01:00" testType="13cdc9d9-ddb5-4fa4-a97d-d965ccfc6d4b" outcome="Passed" testListId="8c84fa94-04c1-424b-9868-57a2d4851a1d" relativeResultsDirectory="23291794-add2-47cc-a9a4-250bbd95d09d" />
    <UnitTestResult executionId="6ae6e190-9e97-4063-b2c8-ecb19f038e5b" testId="a480eb88-b28c-a072-8d06-d39cc9a234d7" testName="Outline_ShouldRejectSet_WhenOutlineIsSelfcrossing" computerName="DKSR-EFI-04" duration="00:00:00.0072945" startTime="2023-12-22T09:37:49.8200910+01:00" endTime="2023-12-22T09:37:49.8357200+01:00" testType="13cdc9d9-ddb5-4fa4-a97d-d965ccfc6d4b" outcome="Passed" testListId="8c84fa94-04c1-424b-9868-57a2d4851a1d" relativeResultsDirectory="6ae6e190-9e97-4063-b2c8-ecb19f038e5b" />
    <UnitTestResult executionId="66cbe133-d390-4d94-98b1-21c7666117fd" testId="0d68917f-e0c8-8b03-5d02-6e8d6b862245" testName="ConvertBack_Throws" computerName="DKSR-EFI-04" duration="00:00:00.0006661" startTime="2023-12-22T09:37:04.1479695+01:00" endTime="2023-12-22T09:37:04.1479695+01:00" testType="13cdc9d9-ddb5-4fa4-a97d-d965ccfc6d4b" outcome="Passed" testListId="8c84fa94-04c1-424b-9868-57a2d4851a1d" relativeResultsDirectory="66cbe133-d390-4d94-98b1-21c7666117fd" />
    <UnitTestResult executionId="69077740-8134-4831-82ff-298fdaa18960" testId="9d33f831-b29f-950b-6dda-1dc9cfbec78f" testName="BookmarkSearchTime_WithSearchStringInDifferentCases_ReturnCorrectBookmarkWithSearchStringInHeader (SeArChStRiNg,False,False,True,False,,,0)" computerName="DKSR-EFI-04" duration="00:00:00.0076271" startTime="2023-12-22T09:38:01.2420317+01:00" endTime="2023-12-22T09:38:01.2576577+01:00" testType="13cdc9d9-ddb5-4fa4-a97d-d965ccfc6d4b" outcome="Passed" testListId="8c84fa94-04c1-424b-9868-57a2d4851a1d" relativeResultsDirectory="69077740-8134-4831-82ff-298fdaa18960" />
    <UnitTestResult executionId="b89f69cd-8e5d-4ffd-87d2-0c156a9f9c4c" testId="343adaa4-a6b4-4217-fe91-ea0e91bd35db" testName="Everything_Is_Disabled_When_Both_Create_And_Update_Rights_Missing" computerName="DKSR-EFI-04" duration="00:00:00.0028604" startTime="2023-12-22T09:38:07.1951870+01:00" endTime="2023-12-22T09:38:07.1951870+01:00" testType="13cdc9d9-ddb5-4fa4-a97d-d965ccfc6d4b" outcome="Passed" testListId="8c84fa94-04c1-424b-9868-57a2d4851a1d" relativeResultsDirectory="b89f69cd-8e5d-4ffd-87d2-0c156a9f9c4c" />
    <UnitTestResult executionId="a4446c2d-49e1-4193-87fe-cf7aa18d0774" testId="abb67912-1d6f-1304-0ce6-d0a01fbfb2dc" testName="UpdateItemState_Hidden_WrongServerProtocol" computerName="DKSR-EFI-04" duration="00:00:00.0049837" startTime="2023-12-22T09:38:04.2264200+01:00" endTime="2023-12-22T09:38:04.2264200+01:00" testType="13cdc9d9-ddb5-4fa4-a97d-d965ccfc6d4b" outcome="Passed" testListId="8c84fa94-04c1-424b-9868-57a2d4851a1d" relativeResultsDirectory="a4446c2d-49e1-4193-87fe-cf7aa18d0774" />
    <UnitTestResult executionId="97fb5919-4d2e-4722-af5b-36cf66e6c25a" testId="044f4a26-7cbd-7c3b-61fb-5e7facd7c43c" testName="CreateDefinition_NullValue_Throws" computerName="DKSR-EFI-04" duration="00:00:00.0880124" startTime="2023-12-22T09:37:34.3512570+01:00" endTime="2023-12-22T09:37:34.4293859+01:00" testType="13cdc9d9-ddb5-4fa4-a97d-d965ccfc6d4b" outcome="Passed" testListId="8c84fa94-04c1-424b-9868-57a2d4851a1d" relativeResultsDirectory="97fb5919-4d2e-4722-af5b-36cf66e6c25a" />
    <UnitTestResult executionId="a7f326eb-b52f-4843-9fa1-e01bbb874da6" testId="1ff772ea-316c-7a4b-bb91-f3ab3f44e05b" testName="CreateExportDialog_CannotCreateExport_WithInvalidExportPath" computerName="DKSR-EFI-04" duration="00:00:00.0138758" startTime="2023-12-22T09:36:28.4133997+01:00" endTime="2023-12-22T09:36:28.4290248+01:00" testType="13cdc9d9-ddb5-4fa4-a97d-d965ccfc6d4b" outcome="Passed" testListId="8c84fa94-04c1-424b-9868-57a2d4851a1d" relativeResultsDirectory="a7f326eb-b52f-4843-9fa1-e01bbb874da6" />
    <UnitTestResult executionId="67f235fa-d5e3-4d46-a6d8-cc182bef1ead" testId="e0bc5994-1c1d-ed47-7ea9-5075ce14af91" testName="Deserialize_UnknownItem_Error" computerName="DKSR-EFI-04" duration="00:00:00.0011577" startTime="2023-12-22T09:37:35.4137736+01:00" endTime="2023-12-22T09:37:35.4137736+01:00" testType="13cdc9d9-ddb5-4fa4-a97d-d965ccfc6d4b" outcome="Passed" testListId="8c84fa94-04c1-424b-9868-57a2d4851a1d" relativeResultsDirectory="67f235fa-d5e3-4d46-a6d8-cc182bef1ead" />
    <UnitTestResult executionId="4227db10-b7f0-47c9-80b0-e3cf3091b23e" testId="d84399e7-2094-11f2-58a1-ad3cf8b39c94" testName="IconTooltip_ShouldBeValid_WhenInteractionStateIsAddInput" computerName="DKSR-EFI-04" duration="00:00:00.0004196" startTime="2023-12-22T09:36:14.9289540+01:00" endTime="2023-12-22T09:36:14.9289540+01:00" testType="13cdc9d9-ddb5-4fa4-a97d-d965ccfc6d4b" outcome="Passed" testListId="8c84fa94-04c1-424b-9868-57a2d4851a1d" relativeResultsDirectory="4227db10-b7f0-47c9-80b0-e3cf3091b23e" />
    <UnitTestResult executionId="a3a83e86-c14d-4736-b729-e774bdecef6e" testId="532cb81a-df32-0fbd-c0b0-8629f10837bd" testName="DeviceIcons_ShouldNotBeNull_WhenCalled" computerName="DKSR-EFI-04" duration="00:00:00.0001471" startTime="2023-12-22T09:37:53.0388576+01:00" endTime="2023-12-22T09:37:53.0388576+01:00" testType="13cdc9d9-ddb5-4fa4-a97d-d965ccfc6d4b" outcome="Passed" testListId="8c84fa94-04c1-424b-9868-57a2d4851a1d" relativeResultsDirectory="a3a83e86-c14d-4736-b729-e774bdecef6e" />
    <UnitTestResult executionId="e3335250-d176-4895-9ea0-e320046653aa" testId="8c7cfc0f-91dd-5926-50e6-959c77c2ec34" testName="GetFeatures_CameraMapItemsLayer_FeaturesCollected" computerName="DKSR-EFI-04" duration="00:00:00.0682946" startTime="2023-12-22T09:37:51.9763560+01:00" endTime="2023-12-22T09:37:52.0388540+01:00" testType="13cdc9d9-ddb5-4fa4-a97d-d965ccfc6d4b" outcome="Passed" testListId="8c84fa94-04c1-424b-9868-57a2d4851a1d" relativeResultsDirectory="e3335250-d176-4895-9ea0-e320046653aa" />
    <UnitTestResult executionId="91016927-0ed6-4c75-b707-fd7668224794" testId="958a4635-0d5e-dda4-f61e-9578d9aa3b40" testName="GetLayerVisibilityItemsData_ShouldAddThreeFixedLayersInOrder_WhenThreeNonRelatedMapLayersAreProvided" computerName="DKSR-EFI-04" duration="00:00:00.1885811" startTime="2023-12-22T09:36:14.4758281+01:00" endTime="2023-12-22T09:36:14.6633285+01:00" testType="13cdc9d9-ddb5-4fa4-a97d-d965ccfc6d4b" outcome="Passed" testListId="8c84fa94-04c1-424b-9868-57a2d4851a1d" relativeResultsDirectory="91016927-0ed6-4c75-b707-fd7668224794" />
    <UnitTestResult executionId="0b24b5c2-f373-42bc-9012-c1bd37867fdd" testId="2978490b-f335-bd98-3d44-ea762b2e8674" testName="CalculateNewExtent_ShouldLimitExtent_WhenBeyondMaxOnUpperLeftEdge" computerName="DKSR-EFI-04" duration="00:00:00.0003616" startTime="2023-12-22T09:36:24.1165019+01:00" endTime="2023-12-22T09:36:24.1165019+01:00" testType="13cdc9d9-ddb5-4fa4-a97d-d965ccfc6d4b" outcome="Passed" testListId="8c84fa94-04c1-424b-9868-57a2d4851a1d" relativeResultsDirectory="0b24b5c2-f373-42bc-9012-c1bd37867fdd" />
    <UnitTestResult executionId="fcdd31dc-bfd3-4461-bdcf-8044d991a1cd" testId="dbcd5ac4-1055-621c-a685-f7e5c606ee46" testName="Initialize_ShouldNotHaveAnyCameras_WhenInitializedWithEmptyScope" computerName="DKSR-EFI-04" duration="00:00:00.0298565" startTime="2023-12-22T09:37:49.0075864+01:00" endTime="2023-12-22T09:37:49.0388382+01:00" testType="13cdc9d9-ddb5-4fa4-a97d-d965ccfc6d4b" outcome="Passed" testListId="8c84fa94-04c1-424b-9868-57a2d4851a1d" relativeResultsDirectory="fcdd31dc-bfd3-4461-bdcf-8044d991a1cd" />
    <UnitTestResult executionId="22f34d6a-f8d3-4b5f-86d9-a25dfe9138a1" testId="113f0a6f-863e-d128-89b6-fd830e00edfd" testName="DoubleClickOnPreviewPlayer_ShouldNotOpenDetailsView_WhenFocusedItemIsNull" computerName="DKSR-EFI-04" duration="00:00:01.7260292" startTime="2023-12-22T09:36:59.3198153+01:00" endTime="2023-12-22T09:37:01.0542030+01:00" testType="13cdc9d9-ddb5-4fa4-a97d-d965ccfc6d4b" outcome="Passed" testListId="8c84fa94-04c1-424b-9868-57a2d4851a1d" relativeResultsDirectory="22f34d6a-f8d3-4b5f-86d9-a25dfe9138a1" />
    <UnitTestResult executionId="c2ba259a-5388-4df6-8101-6f86b9fb9e34" testId="9060f73f-d5fa-875e-8bed-572cba260200" testName="CloseDeviceSelectorUserControl_ShouldCallDispose_WhenUserControlImplementsIDisposable" computerName="DKSR-EFI-04" duration="00:00:00.0008301" startTime="2023-12-22T09:36:14.9445795+01:00" endTime="2023-12-22T09:36:14.9445795+01:00" testType="13cdc9d9-ddb5-4fa4-a97d-d965ccfc6d4b" outcome="Passed" testListId="8c84fa94-04c1-424b-9868-57a2d4851a1d" relativeResultsDirectory="c2ba259a-5388-4df6-8101-6f86b9fb9e34" />
    <UnitTestResult executionId="70f14e1f-c555-4986-8d0f-2e9a10641f36" testId="8ac6bfd4-1fa8-6445-4d9e-b8a25f795922" testName="Constructor_ShouldRaiseArgumentNullException_WhenWorkroomIsNull" computerName="DKSR-EFI-04" duration="00:00:01.0399256" startTime="2023-12-22T09:36:11.7258123+01:00" endTime="2023-12-22T09:36:12.7570716+01:00" testType="13cdc9d9-ddb5-4fa4-a97d-d965ccfc6d4b" outcome="Passed" testListId="8c84fa94-04c1-424b-9868-57a2d4851a1d" relativeResultsDirectory="70f14e1f-c555-4986-8d0f-2e9a10641f36" />
    <UnitTestResult executionId="9c0f766d-8156-4e54-b27b-5eb80026682e" testId="f701d271-970d-88b5-079f-6601babfed26" testName="PtzSessionControllerInfo_ReservedChangedTest_NoChange" computerName="DKSR-EFI-04" duration="00:00:00.0004053" startTime="2023-12-22T09:36:07.2882915+01:00" endTime="2023-12-22T09:36:07.2882915+01:00" testType="13cdc9d9-ddb5-4fa4-a97d-d965ccfc6d4b" outcome="Passed" testListId="8c84fa94-04c1-424b-9868-57a2d4851a1d" relativeResultsDirectory="9c0f766d-8156-4e54-b27b-5eb80026682e" />
    <UnitTestResult executionId="dcecf8c7-13c1-47ca-b30d-63e0ee3799b6" testId="3dd075ba-7c20-36ac-fd3e-ad2d99db0844" testName="TestSelectedWorkroom_GetSelectedWorkroomWithNoWorkroomsInCollection_FailWithInvalidOperationException" computerName="DKSR-EFI-04" duration="00:00:00.0037245" startTime="2023-12-22T09:36:06.7882859+01:00" endTime="2023-12-22T09:36:06.7882859+01:00" testType="13cdc9d9-ddb5-4fa4-a97d-d965ccfc6d4b" outcome="Passed" testListId="8c84fa94-04c1-424b-9868-57a2d4851a1d" relativeResultsDirectory="dcecf8c7-13c1-47ca-b30d-63e0ee3799b6" />
    <UnitTestResult executionId="5af4b068-4480-4e96-825d-0f975a0323b7" testId="311fde88-c34a-c749-87ef-d691bdbb01e5" testName="SearchResultsActionBarActions_DeleteBookmark_SingleResult_DeleteBookmarkInvoked" computerName="DKSR-EFI-04" duration="00:00:00.0420899" startTime="2023-12-22T09:37:25.9605897+01:00" endTime="2023-12-22T09:37:26.0074655+01:00" testType="13cdc9d9-ddb5-4fa4-a97d-d965ccfc6d4b" outcome="Passed" testListId="8c84fa94-04c1-424b-9868-57a2d4851a1d" relativeResultsDirectory="5af4b068-4480-4e96-825d-0f975a0323b7" />
    <UnitTestResult executionId="ee8adfc6-7177-40b9-b1ed-16a5ea8e7353" testId="b0e10c91-c024-4a15-62c7-840e030250c4" testName="GetMutedMicrophoneIconId_ShouldRaiseArgumentException_WhenArgumentIsNotAUnmutedMicrophoneIconId" computerName="DKSR-EFI-04" duration="00:00:00.0005455" startTime="2023-12-22T09:37:53.0857414+01:00" endTime="2023-12-22T09:37:53.0857414+01:00" testType="13cdc9d9-ddb5-4fa4-a97d-d965ccfc6d4b" outcome="Passed" testListId="8c84fa94-04c1-424b-9868-57a2d4851a1d" relativeResultsDirectory="ee8adfc6-7177-40b9-b1ed-16a5ea8e7353" />
    <UnitTestResult executionId="f3d9ea2f-e7c5-471f-ad52-8ba9e1aa42a6" testId="b802935f-0eb0-14ff-4c95-9725f194073b" testName="GetItemsIn_InBuildingNoLevels_Returns2Items" computerName="DKSR-EFI-04" duration="00:00:00.0628513" startTime="2023-12-22T09:37:56.6795043+01:00" endTime="2023-12-22T09:37:56.7420045+01:00" testType="13cdc9d9-ddb5-4fa4-a97d-d965ccfc6d4b" outcome="Passed" testListId="8c84fa94-04c1-424b-9868-57a2d4851a1d" relativeResultsDirectory="f3d9ea2f-e7c5-471f-ad52-8ba9e1aa42a6" />
    <UnitTestResult executionId="0e8ba7d4-3904-4cd0-aac0-ef8400af0c8a" testId="3b4fccf6-70be-2d9b-f5f2-d6283b7fde7b" testName="CreateGeometry_OnePointsCollection_ThrowsArgException" computerName="DKSR-EFI-04" duration="00:00:00.0070048" startTime="2023-12-22T09:37:57.2888828+01:00" endTime="2023-12-22T09:37:57.3045109+01:00" testType="13cdc9d9-ddb5-4fa4-a97d-d965ccfc6d4b" outcome="Passed" testListId="8c84fa94-04c1-424b-9868-57a2d4851a1d" relativeResultsDirectory="0e8ba7d4-3904-4cd0-aac0-ef8400af0c8a" />
    <UnitTestResult executionId="05795d2c-359b-4060-b23d-c73492a27243" testId="bf7f705f-c3a5-d6a3-c61b-3ef06011aead" testName="GetDefaultReportDestination_UserSettings_ReturnsDefaultPathFromUserSettings" computerName="DKSR-EFI-04" duration="00:00:00.0040803" startTime="2023-12-22T09:37:24.5855799+01:00" endTime="2023-12-22T09:37:24.5855799+01:00" testType="13cdc9d9-ddb5-4fa4-a97d-d965ccfc6d4b" outcome="Passed" testListId="8c84fa94-04c1-424b-9868-57a2d4851a1d" relativeResultsDirectory="05795d2c-359b-4060-b23d-c73492a27243" />
    <UnitTestResult executionId="188683dc-34f9-48ae-8a9d-ecb590f829b4" testId="83492e0d-212b-a788-b283-557077b5c1d0" testName="NearestPossibleZoomLevel_ShouldReturnZoomLevel19_WhenScaleIsZoomLevel19" computerName="DKSR-EFI-04" duration="00:00:00.0009509" startTime="2023-12-22T09:36:18.9289760+01:00" endTime="2023-12-22T09:36:18.9289760+01:00" testType="13cdc9d9-ddb5-4fa4-a97d-d965ccfc6d4b" outcome="Passed" testListId="8c84fa94-04c1-424b-9868-57a2d4851a1d" relativeResultsDirectory="188683dc-34f9-48ae-8a9d-ecb590f829b4" />
    <UnitTestResult executionId="8ebb9901-1217-4763-a5e1-e20d65d30163" testId="a2ceebde-d242-3694-fb90-e4ca65781850" testName="PatrollingProfileListViewModel_DeleteProfileExecute" computerName="DKSR-EFI-04" duration="00:00:00.0019665" startTime="2023-12-22T09:37:57.9138833+01:00" endTime="2023-12-22T09:37:57.9138833+01:00" testType="13cdc9d9-ddb5-4fa4-a97d-d965ccfc6d4b" outcome="Passed" testListId="8c84fa94-04c1-424b-9868-57a2d4851a1d" relativeResultsDirectory="8ebb9901-1217-4763-a5e1-e20d65d30163" />
    <UnitTestResult executionId="5b5d28d2-3866-439e-9790-102d8c34ef7d" testId="dda1789b-98bf-2ab4-b6fb-aff5b89b7425" testName="HandleGetLayerFeatures_ShouldReturnCameraLayerFeatures_WhenCameraKind" computerName="DKSR-EFI-04" duration="00:00:00.0009567" startTime="2023-12-22T09:37:55.7576319+01:00" endTime="2023-12-22T09:37:55.7576319+01:00" testType="13cdc9d9-ddb5-4fa4-a97d-d965ccfc6d4b" outcome="Passed" testListId="8c84fa94-04c1-424b-9868-57a2d4851a1d" relativeResultsDirectory="5b5d28d2-3866-439e-9790-102d8c34ef7d" />
    <UnitTestResult executionId="948b4ce2-28fb-458b-8d23-43ad01878b3f" testId="14084b93-5aba-08b1-aca1-53c6d97f4819" testName="DeserializeEmptyState_Fail" computerName="DKSR-EFI-04" duration="00:00:00.0001110" startTime="2023-12-22T09:38:08.0233202+01:00" endTime="2023-12-22T09:38:08.0233202+01:00" testType="13cdc9d9-ddb5-4fa4-a97d-d965ccfc6d4b" outcome="Passed" testListId="8c84fa94-04c1-424b-9868-57a2d4851a1d" relativeResultsDirectory="948b4ce2-28fb-458b-8d23-43ad01878b3f" />
    <UnitTestResult executionId="ee321029-7eb1-490a-a121-a41e42aba8d0" testId="acb1a3bd-713e-4d7a-4e0c-8e617e64d48b" testName="SupportsDoubleClick_ShouldBeTrue_WhenInteractionStateIsNormal" computerName="DKSR-EFI-04" duration="00:00:00.0153015" startTime="2023-12-22T09:36:19.4758540+01:00" endTime="2023-12-22T09:36:19.4914774+01:00" testType="13cdc9d9-ddb5-4fa4-a97d-d965ccfc6d4b" outcome="Passed" testListId="8c84fa94-04c1-424b-9868-57a2d4851a1d" relativeResultsDirectory="ee321029-7eb1-490a-a121-a41e42aba8d0" />
    <UnitTestResult executionId="eb705520-db34-4f31-89e2-0d35074764c7" testId="221c6f5c-67df-3e64-4570-740aa30cf80e" testName="DateToStringConverter_Convert_Success" computerName="DKSR-EFI-04" duration="00:00:00.0026977" startTime="2023-12-22T09:37:04.0385935+01:00" endTime="2023-12-22T09:37:04.0385935+01:00" testType="13cdc9d9-ddb5-4fa4-a97d-d965ccfc6d4b" outcome="Passed" testListId="8c84fa94-04c1-424b-9868-57a2d4851a1d" relativeResultsDirectory="eb705520-db34-4f31-89e2-0d35074764c7" />
    <UnitTestResult executionId="8f457374-437a-481d-90a5-61955e3d691e" testId="568e27a2-2d92-2560-0d4d-7360cf22e5e8" testName="GetItemsIn_BuildingNoLevels_Returns2Items" computerName="DKSR-EFI-04" duration="00:00:00.0457992" startTime="2023-12-22T09:37:56.7420045+01:00" endTime="2023-12-22T09:37:56.7888813+01:00" testType="13cdc9d9-ddb5-4fa4-a97d-d965ccfc6d4b" outcome="Passed" testListId="8c84fa94-04c1-424b-9868-57a2d4851a1d" relativeResultsDirectory="8f457374-437a-481d-90a5-61955e3d691e" />
    <UnitTestResult executionId="f66a1ed7-3247-468a-9e9a-8b72a62d5deb" testId="6bcb61d5-27f5-0fda-d895-8ea5b1245aab" testName="PtzInfoViewModel_PtzCotrolledByUserTest" computerName="DKSR-EFI-04" duration="00:00:00.0039506" startTime="2023-12-22T09:36:08.0695443+01:00" endTime="2023-12-22T09:36:08.0851679+01:00" testType="13cdc9d9-ddb5-4fa4-a97d-d965ccfc6d4b" outcome="Passed" testListId="8c84fa94-04c1-424b-9868-57a2d4851a1d" relativeResultsDirectory="f66a1ed7-3247-468a-9e9a-8b72a62d5deb" />
    <UnitTestResult executionId="599bc011-cff3-40c9-b90c-9c0a5ff6c9ed" testId="8717c557-1272-1ca3-c2f1-71d1819ddb50" testName="Result_Expands_Correctly" computerName="DKSR-EFI-04" duration="00:00:00.1106136" startTime="2023-12-22T09:38:06.8358165+01:00" endTime="2023-12-22T09:38:06.9451871+01:00" testType="13cdc9d9-ddb5-4fa4-a97d-d965ccfc6d4b" outcome="Passed" testListId="8c84fa94-04c1-424b-9868-57a2d4851a1d" relativeResultsDirectory="599bc011-cff3-40c9-b90c-9c0a5ff6c9ed" />
    <UnitTestResult executionId="d407b241-6958-40bd-9bb4-cde3d4ebc9fa" testId="3e00ced7-c9ef-e081-8698-0bfc18ba5ea0" testName="Ctor_NullOptionManager_Failure" computerName="DKSR-EFI-04" duration="00:00:00.0004970" startTime="2023-12-22T09:37:33.1012566+01:00" endTime="2023-12-22T09:37:33.1012566+01:00" testType="13cdc9d9-ddb5-4fa4-a97d-d965ccfc6d4b" outcome="Passed" testListId="8c84fa94-04c1-424b-9868-57a2d4851a1d" relativeResultsDirectory="d407b241-6958-40bd-9bb4-cde3d4ebc9fa" />
    <UnitTestResult executionId="72381d30-9187-49a5-82b6-9ea3ddf02c15" testId="9a8b0630-7fe0-b955-d569-785b1cb3be21" testName="GetUserOptions_ShouldDecryptOptions_WhenServerIs2020R2OrOlder" computerName="DKSR-EFI-04" duration="00:00:00.0421558" startTime="2023-12-22T09:38:00.3514001+01:00" endTime="2023-12-22T09:38:00.3982776+01:00" testType="13cdc9d9-ddb5-4fa4-a97d-d965ccfc6d4b" outcome="Passed" testListId="8c84fa94-04c1-424b-9868-57a2d4851a1d" relativeResultsDirectory="72381d30-9187-49a5-82b6-9ea3ddf02c15" />
    <UnitTestResult executionId="71779504-7d16-45ad-add5-64b798d4f7d2" testId="87ce29ae-fa70-7faa-19b8-94e3041ec68c" testName="AddToExportDevices_ShouldAddToExportData (1)" computerName="DKSR-EFI-04" duration="00:00:00.0021182" startTime="2023-12-22T09:38:00.0701476+01:00" endTime="2023-12-22T09:38:00.0701476+01:00" testType="13cdc9d9-ddb5-4fa4-a97d-d965ccfc6d4b" outcome="Passed" testListId="8c84fa94-04c1-424b-9868-57a2d4851a1d" relativeResultsDirectory="71779504-7d16-45ad-add5-64b798d4f7d2" />
    <UnitTestResult executionId="d3af4444-d04b-408d-970c-1ac80d7a4bac" testId="0fc44201-8e69-82b3-88da-4213b7a1319c" testName="Constructor_ShouldRaiseArgumentNullException_WhenGisMapModelIsNull" computerName="DKSR-EFI-04" duration="00:00:00.0131568" startTime="2023-12-22T09:36:26.7102662+01:00" endTime="2023-12-22T09:36:26.7258908+01:00" testType="13cdc9d9-ddb5-4fa4-a97d-d965ccfc6d4b" outcome="Passed" testListId="8c84fa94-04c1-424b-9868-57a2d4851a1d" relativeResultsDirectory="d3af4444-d04b-408d-970c-1ac80d7a4bac" />
    <UnitTestResult executionId="b02b2ecf-0ac2-47c8-8f58-8d365e8ddc72" testId="84b3e980-bdbe-5014-755b-538d50035c46" testName="ToDenormalizedDirection_0_75" computerName="DKSR-EFI-04" duration="00:00:00.0000921" startTime="2023-12-22T09:37:49.8513436+01:00" endTime="2023-12-22T09:37:49.8513436+01:00" testType="13cdc9d9-ddb5-4fa4-a97d-d965ccfc6d4b" outcome="Passed" testListId="8c84fa94-04c1-424b-9868-57a2d4851a1d" relativeResultsDirectory="b02b2ecf-0ac2-47c8-8f58-8d365e8ddc72" />
    <UnitTestResult executionId="5456210f-2226-477c-898c-52d4e9c14f97" testId="727eace4-6f24-f89e-4093-133963eb0bdd" testName="IsOutputEnabled_ShouldBeFalse_WhenOutputIsDisabled" computerName="DKSR-EFI-04" duration="00:00:00.0126785" startTime="2023-12-22T09:37:53.7419902+01:00" endTime="2023-12-22T09:37:53.7576121+01:00" testType="13cdc9d9-ddb5-4fa4-a97d-d965ccfc6d4b" outcome="Passed" testListId="8c84fa94-04c1-424b-9868-57a2d4851a1d" relativeResultsDirectory="5456210f-2226-477c-898c-52d4e9c14f97" />
    <UnitTestResult executionId="d318dcd7-57f8-43c1-882f-725a8424624a" testId="cc27b110-75f5-fa85-b001-d22c68a54aec" testName="PatrollingStepListViewModel_CanAddStepExecute" computerName="DKSR-EFI-04" duration="00:00:00.0015174" startTime="2023-12-22T09:37:58.0545152+01:00" endTime="2023-12-22T09:37:58.0545152+01:00" testType="13cdc9d9-ddb5-4fa4-a97d-d965ccfc6d4b" outcome="Passed" testListId="8c84fa94-04c1-424b-9868-57a2d4851a1d" relativeResultsDirectory="d318dcd7-57f8-43c1-882f-725a8424624a" />
    <UnitTestResult executionId="1dffb6cd-1498-4078-97f2-24dad50c71a8" testId="abed422e-8ff0-5810-3b31-84bfdebdfcc3" testName="Constructor_ShouldRaiseArgumentNullException_WhenGisMapModelIsNull" computerName="DKSR-EFI-04" duration="00:00:00.0130283" startTime="2023-12-22T09:36:26.3352659+01:00" endTime="2023-12-22T09:36:26.3508897+01:00" testType="13cdc9d9-ddb5-4fa4-a97d-d965ccfc6d4b" outcome="Passed" testListId="8c84fa94-04c1-424b-9868-57a2d4851a1d" relativeResultsDirectory="1dffb6cd-1498-4078-97f2-24dad50c71a8" />
    <UnitTestResult executionId="d672b130-b077-4f26-b9c6-00849976e14b" testId="785adfea-b9ff-19b0-fdb3-0e5d5ad68924" testName="TryGetEventServerIdByACSystemId_ShouldReturnAnEmptyGuid_WhenEventServerIdIsNotPartOfServerConfiguredAccessControlSystemsDictionary" computerName="DKSR-EFI-04" duration="00:00:00.0005383" startTime="2023-12-22T09:38:07.2889435+01:00" endTime="2023-12-22T09:38:07.3045703+01:00" testType="13cdc9d9-ddb5-4fa4-a97d-d965ccfc6d4b" outcome="Passed" testListId="8c84fa94-04c1-424b-9868-57a2d4851a1d" relativeResultsDirectory="d672b130-b077-4f26-b9c6-00849976e14b" />
    <UnitTestResult executionId="96e07fdb-9e6d-491e-b7a8-b69de7f5f60c" testId="96fc4cfc-b0cb-85d1-dba2-d547b6f8865a" testName="BookmarkSearchTime_WithSearchStringInDifferentCases_ReturnCorrectBookmarkWithSearchStringInDescription (SeArChStRiNg,True,False,False,True,,,0)" computerName="DKSR-EFI-04" duration="00:00:00.0030539" startTime="2023-12-22T09:38:01.3670348+01:00" endTime="2023-12-22T09:38:01.3670348+01:00" testType="13cdc9d9-ddb5-4fa4-a97d-d965ccfc6d4b" outcome="Passed" testListId="8c84fa94-04c1-424b-9868-57a2d4851a1d" relativeResultsDirectory="96e07fdb-9e6d-491e-b7a8-b69de7f5f60c" />
    <UnitTestResult executionId="fa95c8d5-f5f4-406b-8bf6-d2f22724c5ad" testId="7800ded3-3f95-f40a-3aae-7b7a07c1c0ae" testName="GetLayerVisibilityItemsData_ShouldRenameViewZoneLayer_WhenDeviceLayersAreProvided" computerName="DKSR-EFI-04" duration="00:00:00.0087098" startTime="2023-12-22T09:36:14.7414552+01:00" endTime="2023-12-22T09:36:14.7570787+01:00" testType="13cdc9d9-ddb5-4fa4-a97d-d965ccfc6d4b" outcome="Passed" testListId="8c84fa94-04c1-424b-9868-57a2d4851a1d" relativeResultsDirectory="fa95c8d5-f5f4-406b-8bf6-d2f22724c5ad" />
    <UnitTestResult executionId="5ba69115-d07f-4952-8244-f6db96de471c" testId="b7dfb3e8-2e47-78f3-b474-5d161942d69f" testName="Constructor_ShouldRaiseArgumentNullException_WhenGisMapModelIsNull" computerName="DKSR-EFI-04" duration="00:00:00.0173589" startTime="2023-12-22T09:36:13.3508206+01:00" endTime="2023-12-22T09:36:13.3664484+01:00" testType="13cdc9d9-ddb5-4fa4-a97d-d965ccfc6d4b" outcome="Passed" testListId="8c84fa94-04c1-424b-9868-57a2d4851a1d" relativeResultsDirectory="5ba69115-d07f-4952-8244-f6db96de471c" />
    <UnitTestResult executionId="008753f2-e637-4400-b9b3-fee1e2eceb19" testId="949114ce-b635-6899-abf2-c4e97a411c85" testName="ConvertBack_ShouldReturnTheParameterInteractionState_WhenValueIsTrueAndParameterIsAnInteractionState" computerName="DKSR-EFI-04" duration="00:00:00.0003468" startTime="2023-12-22T09:36:11.7258123+01:00" endTime="2023-12-22T09:36:11.7258123+01:00" testType="13cdc9d9-ddb5-4fa4-a97d-d965ccfc6d4b" outcome="Passed" testListId="8c84fa94-04c1-424b-9868-57a2d4851a1d" relativeResultsDirectory="008753f2-e637-4400-b9b3-fee1e2eceb19" />
    <UnitTestResult executionId="cb49dd0d-0a02-4742-8775-af9054bd9c9c" testId="1c3a0b3c-9d39-e423-34b0-23113deccc9a" testName="ActiveInteractionStateBinding_ShouldOnlyContainNormal_WhenCtorIsCalled" computerName="DKSR-EFI-04" duration="00:00:00.0126556" startTime="2023-12-22T09:36:23.2415007+01:00" endTime="2023-12-22T09:36:23.2571228+01:00" testType="13cdc9d9-ddb5-4fa4-a97d-d965ccfc6d4b" outcome="Passed" testListId="8c84fa94-04c1-424b-9868-57a2d4851a1d" relativeResultsDirectory="cb49dd0d-0a02-4742-8775-af9054bd9c9c" />
    <UnitTestResult executionId="475b4fb9-6264-42d8-97cd-3cc2167ca4cc" testId="85a2369e-6316-dbc2-97b3-7104e8e43977" testName="ToMipSearchResultData_ShouldIncludeCommonProperties" computerName="DKSR-EFI-04" duration="00:00:00.0038121" startTime="2023-12-22T09:37:35.1637634+01:00" endTime="2023-12-22T09:37:35.1637634+01:00" testType="13cdc9d9-ddb5-4fa4-a97d-d965ccfc6d4b" outcome="Passed" testListId="8c84fa94-04c1-424b-9868-57a2d4851a1d" relativeResultsDirectory="475b4fb9-6264-42d8-97cd-3cc2167ca4cc" />
    <UnitTestResult executionId="0c122f4f-3ae3-40eb-87c9-e8a7b3499676" testId="8781c4e8-8f6b-fc4e-fad2-e4adb8260be9" testName="GetDeviceData_ShouldReturnDeviceData_WhenInputKindAndExistingInputId" computerName="DKSR-EFI-04" duration="00:00:00.2412128" startTime="2023-12-22T09:36:27.4290202+01:00" endTime="2023-12-22T09:36:27.6633968+01:00" testType="13cdc9d9-ddb5-4fa4-a97d-d965ccfc6d4b" outcome="Passed" testListId="8c84fa94-04c1-424b-9868-57a2d4851a1d" relativeResultsDirectory="0c122f4f-3ae3-40eb-87c9-e8a7b3499676" />
    <UnitTestResult executionId="d2f58eb4-c55c-4219-bc6f-c3fac43951d7" testId="a4ca9f4d-7da9-49ee-3144-e59fceacf949" testName="AddToExportDevices_ShouldReturnCorrectResult (1,1,0)" computerName="DKSR-EFI-04" duration="00:00:00.0015144" startTime="2023-12-22T09:38:00.1014009+01:00" endTime="2023-12-22T09:38:00.1014009+01:00" testType="13cdc9d9-ddb5-4fa4-a97d-d965ccfc6d4b" outcome="Passed" testListId="8c84fa94-04c1-424b-9868-57a2d4851a1d" relativeResultsDirectory="d2f58eb4-c55c-4219-bc6f-c3fac43951d7" />
    <UnitTestResult executionId="a91b96a6-f55e-4c31-8a1d-332a16b23ffa" testId="694752a6-f80f-3cf2-2854-db6d5b4b1e01" testName="PtzInfoViewModel_PtzReservedByOtherUserTest" computerName="DKSR-EFI-04" duration="00:00:00.0022513" startTime="2023-12-22T09:36:08.0851679+01:00" endTime="2023-12-22T09:36:08.1007933+01:00" testType="13cdc9d9-ddb5-4fa4-a97d-d965ccfc6d4b" outcome="Passed" testListId="8c84fa94-04c1-424b-9868-57a2d4851a1d" relativeResultsDirectory="a91b96a6-f55e-4c31-8a1d-332a16b23ffa" />
    <UnitTestResult executionId="dadd5b54-041f-4871-bf01-aee9c2f972f3" testId="3c8130e7-463f-39e3-1454-66e2409862a6" testName="HandleGetDeviceData_ShouldReturnNotFoundDeviceData_WhenOutputKindAndNonExistingOutputId" computerName="DKSR-EFI-04" duration="00:00:00.1703749" startTime="2023-12-22T09:36:26.8665169+01:00" endTime="2023-12-22T09:36:27.0383941+01:00" testType="13cdc9d9-ddb5-4fa4-a97d-d965ccfc6d4b" outcome="Passed" testListId="8c84fa94-04c1-424b-9868-57a2d4851a1d" relativeResultsDirectory="dadd5b54-041f-4871-bf01-aee9c2f972f3" />
    <UnitTestResult executionId="c28e1bd2-1eba-49d4-b6ab-c3ff27a8b6fb" testId="a565b306-850e-b284-c6c4-6f49c2eabf91" testName="HandleRemoveItem_ShouldNotAffectMarkersCache_WhenRemovingPermanentMarkers" computerName="DKSR-EFI-04" duration="00:00:00.0504485" startTime="2023-12-22T09:36:16.9914662+01:00" endTime="2023-12-22T09:36:17.0383428+01:00" testType="13cdc9d9-ddb5-4fa4-a97d-d965ccfc6d4b" outcome="Passed" testListId="8c84fa94-04c1-424b-9868-57a2d4851a1d" relativeResultsDirectory="c28e1bd2-1eba-49d4-b6ab-c3ff27a8b6fb" />
    <UnitTestResult executionId="e3c7caed-1cf3-4f26-aa66-7dbff0568841" testId="95462bd9-0187-1112-acdc-9a03ca385aa9" testName="Constructor_ShouldCallDecorate_WhenCalled" computerName="DKSR-EFI-04" duration="00:00:00.0379626" startTime="2023-12-22T09:36:11.2570606+01:00" endTime="2023-12-22T09:36:11.3039373+01:00" testType="13cdc9d9-ddb5-4fa4-a97d-d965ccfc6d4b" outcome="Passed" testListId="8c84fa94-04c1-424b-9868-57a2d4851a1d" relativeResultsDirectory="e3c7caed-1cf3-4f26-aa66-7dbff0568841" />
    <UnitTestResult executionId="9aa3c386-1db6-4f02-b218-f384dffcd465" testId="8427d757-e615-3911-b8e1-c6a9d939c66c" testName="SearchModelOnSearchResultsExpired_OnUiThread_Success" computerName="DKSR-EFI-04" duration="00:00:00.0540667" startTime="2023-12-22T09:37:28.0387265+01:00" endTime="2023-12-22T09:37:28.0856015+01:00" testType="13cdc9d9-ddb5-4fa4-a97d-d965ccfc6d4b" outcome="Passed" testListId="8c84fa94-04c1-424b-9868-57a2d4851a1d" relativeResultsDirectory="9aa3c386-1db6-4f02-b218-f384dffcd465" />
    <UnitTestResult executionId="3cd0b990-36ed-41be-9b10-ae8e60cec75d" testId="0f3901de-ced3-95a2-d7b7-1fb73bba7570" testName="SearchCriteriaOnChanged_ShouldUpdateSmartSearchFilterValue_WhenCameraScopeIsUpdated" computerName="DKSR-EFI-04" duration="00:00:00.0030156" startTime="2023-12-22T09:37:35.2577089+01:00" endTime="2023-12-22T09:37:35.2577089+01:00" testType="13cdc9d9-ddb5-4fa4-a97d-d965ccfc6d4b" outcome="Passed" testListId="8c84fa94-04c1-424b-9868-57a2d4851a1d" relativeResultsDirectory="3cd0b990-36ed-41be-9b10-ae8e60cec75d" />
    <UnitTestResult executionId="12a0ff1c-f550-4e7b-8b40-cfad2d7bbc34" testId="1a4e885e-6ffc-c617-8987-ed7778452758" testName="UpdateSearchAttributes_NoAttributes_NoChange" computerName="DKSR-EFI-04" duration="00:00:00.0035789" startTime="2023-12-22T09:37:24.4449558+01:00" endTime="2023-12-22T09:37:24.4605751+01:00" testType="13cdc9d9-ddb5-4fa4-a97d-d965ccfc6d4b" outcome="Passed" testListId="8c84fa94-04c1-424b-9868-57a2d4851a1d" relativeResultsDirectory="12a0ff1c-f550-4e7b-8b40-cfad2d7bbc34" />
    <UnitTestResult executionId="ef3134be-1fac-4f38-a6c3-ea65dac9974f" testId="074b42c5-f1ad-52e6-005b-319d157cb31a" testName="ShouldReturnTrueFirstTimeAndFalseWhenNothingChanged" computerName="DKSR-EFI-04" duration="00:00:00.0215167" startTime="2023-12-22T09:36:24.0071280+01:00" endTime="2023-12-22T09:36:24.0227537+01:00" testType="13cdc9d9-ddb5-4fa4-a97d-d965ccfc6d4b" outcome="Passed" testListId="8c84fa94-04c1-424b-9868-57a2d4851a1d" relativeResultsDirectory="ef3134be-1fac-4f38-a6c3-ea65dac9974f" />
    <UnitTestResult executionId="b8268fb7-8caa-4a02-b5c7-9d92d34e054e" testId="0fd90a39-90c9-a28c-8d05-c52712094258" testName="RightButtonDown_ShouldNotRaiseAnException_WhenFired" computerName="DKSR-EFI-04" duration="00:00:00.0019250" startTime="2023-12-22T09:36:11.6320620+01:00" endTime="2023-12-22T09:36:11.6320620+01:00" testType="13cdc9d9-ddb5-4fa4-a97d-d965ccfc6d4b" outcome="Passed" testListId="8c84fa94-04c1-424b-9868-57a2d4851a1d" relativeResultsDirectory="b8268fb7-8caa-4a02-b5c7-9d92d34e054e" />
    <UnitTestResult executionId="a523ae4f-dd85-4bf5-bd40-af90b778d0a0" testId="1ae4eff8-6b2f-6b05-41a0-15eb97967c7f" testName="Password_ShouldThrow_InvalidOperationException_WhenConstructedUsingExternal" computerName="DKSR-EFI-04" duration="00:00:00.0005656" startTime="2023-12-22T09:36:07.7101678+01:00" endTime="2023-12-22T09:36:07.7101678+01:00" testType="13cdc9d9-ddb5-4fa4-a97d-d965ccfc6d4b" outcome="Passed" testListId="8c84fa94-04c1-424b-9868-57a2d4851a1d" relativeResultsDirectory="a523ae4f-dd85-4bf5-bd40-af90b778d0a0" />
    <UnitTestResult executionId="d1ea3989-701d-4104-85f8-d5d9615c9725" testId="b063cbf8-fbea-b941-bdb6-591483cd4018" testName="CameraItemsLayer_NotIsGeographic_Load_Success" computerName="DKSR-EFI-04" duration="00:00:00.0148031" startTime="2023-12-22T09:37:49.9294653+01:00" endTime="2023-12-22T09:37:49.9450886+01:00" testType="13cdc9d9-ddb5-4fa4-a97d-d965ccfc6d4b" outcome="Passed" testListId="8c84fa94-04c1-424b-9868-57a2d4851a1d" relativeResultsDirectory="d1ea3989-701d-4104-85f8-d5d9615c9725" />
    <UnitTestResult executionId="ab99d931-7c96-416d-b508-d3792c5d87ab" testId="204823b6-de51-5dbf-961f-bc00c64fcbfd" testName="GetSearchTemplateAsync_EmptyParameters_Success" computerName="DKSR-EFI-04" duration="00:00:00.0011083" startTime="2023-12-22T09:37:34.1481287+01:00" endTime="2023-12-22T09:37:34.1481287+01:00" testType="13cdc9d9-ddb5-4fa4-a97d-d965ccfc6d4b" outcome="Passed" testListId="8c84fa94-04c1-424b-9868-57a2d4851a1d" relativeResultsDirectory="ab99d931-7c96-416d-b508-d3792c5d87ab" />
    <UnitTestResult executionId="294f0603-502c-4709-88b4-477d4dae3ebe" testId="663c2ea1-d59f-cd44-9dca-0512735453ca" testName="AddSelectedWindowsToExport_ShouldAddToExportData (1)" computerName="DKSR-EFI-04" duration="00:00:00.0029018" startTime="2023-12-22T09:38:00.1482774+01:00" endTime="2023-12-22T09:38:00.1639078+01:00" testType="13cdc9d9-ddb5-4fa4-a97d-d965ccfc6d4b" outcome="Passed" testListId="8c84fa94-04c1-424b-9868-57a2d4851a1d" relativeResultsDirectory="294f0603-502c-4709-88b4-477d4dae3ebe" />
    <UnitTestResult executionId="223aaef3-66ed-47ce-be28-37674705b764" testId="64d2c8ef-e8dc-d27f-690f-41ed527ac20a" testName="BuildMapOptions_ShouldHandleStringOptionsCorrectly (GisMapOpenStreetMapAlternativeServer,,False)" computerName="DKSR-EFI-04" duration="00:00:00.0009506" startTime="2023-12-22T09:38:06.0858046+01:00" endTime="2023-12-22T09:38:06.0858046+01:00" testType="13cdc9d9-ddb5-4fa4-a97d-d965ccfc6d4b" outcome="Passed" testListId="8c84fa94-04c1-424b-9868-57a2d4851a1d" relativeResultsDirectory="223aaef3-66ed-47ce-be28-37674705b764" />
    <UnitTestResult executionId="00047016-c8ff-4bdc-8e18-47b689669292" testId="9e880996-cd5c-0f52-e791-ea181de9a9e4" testName="BuildMapOptions_ShouldHandleStringOptionsCorrectly (GisMapOpenStreetMapAlternativeServer,someText,True)" computerName="DKSR-EFI-04" duration="00:00:00.0016923" startTime="2023-12-22T09:38:06.0701809+01:00" endTime="2023-12-22T09:38:06.0701809+01:00" testType="13cdc9d9-ddb5-4fa4-a97d-d965ccfc6d4b" outcome="Passed" testListId="8c84fa94-04c1-424b-9868-57a2d4851a1d" relativeResultsDirectory="00047016-c8ff-4bdc-8e18-47b689669292" />
    <UnitTestResult executionId="86848381-07c9-4518-a647-4121da3a6f2a" testId="4672bcf4-734d-4ad9-761e-d152a3dbb36b" testName="ShowNotificationMessage_SetsCorrectDisplayProperties_WhenCalled" computerName="DKSR-EFI-04" duration="00:00:00.0369204" startTime="2023-12-22T09:36:10.3195562+01:00" endTime="2023-12-22T09:36:10.3664316+01:00" testType="13cdc9d9-ddb5-4fa4-a97d-d965ccfc6d4b" outcome="Passed" testListId="8c84fa94-04c1-424b-9868-57a2d4851a1d" relativeResultsDirectory="86848381-07c9-4518-a647-4121da3a6f2a" />
    <UnitTestResult executionId="2ecd0314-6c33-44b4-b4fc-79dd66d33af2" testId="67e6b479-6adc-62fc-07f6-d8999cdcc3cc" testName="BookmarkSearchTime_WithSearchStringInDifferentCases_ReturnCorrectBookmarkWithSearchStringInDescription (SeArChStRiNg,True,False,True,True,,,0)" computerName="DKSR-EFI-04" duration="00:00:00.0045765" startTime="2023-12-22T09:38:01.3514138+01:00" endTime="2023-12-22T09:38:01.3670348+01:00" testType="13cdc9d9-ddb5-4fa4-a97d-d965ccfc6d4b" outcome="Passed" testListId="8c84fa94-04c1-424b-9868-57a2d4851a1d" relativeResultsDirectory="2ecd0314-6c33-44b4-b4fc-79dd66d33af2" />
    <UnitTestResult executionId="c8603280-ff77-485b-9269-a3e98e03edf5" testId="843dae0b-b140-3d67-5588-10bfec2781a8" testName="GetIsOpenStreetMapValid_ShouldRaiseArgumentNullException_WhenOptionManagerIsNull" computerName="DKSR-EFI-04" duration="00:00:00.0005505" startTime="2023-12-22T09:37:55.8513737+01:00" endTime="2023-12-22T09:37:55.8670005+01:00" testType="13cdc9d9-ddb5-4fa4-a97d-d965ccfc6d4b" outcome="Passed" testListId="8c84fa94-04c1-424b-9868-57a2d4851a1d" relativeResultsDirectory="c8603280-ff77-485b-9269-a3e98e03edf5" />
    <UnitTestResult executionId="ad8defd3-c80d-4ade-90e0-9c3121dbd43f" testId="e976302a-a37c-8679-9199-ce1bff08e845" testName="AddSelectedWindowsToExport_ShouldShowCorrectToastMessages (0,1,0)" computerName="DKSR-EFI-04" duration="00:00:00.0051918" startTime="2023-12-22T09:38:00.1795239+01:00" endTime="2023-12-22T09:38:00.1795239+01:00" testType="13cdc9d9-ddb5-4fa4-a97d-d965ccfc6d4b" outcome="Passed" testListId="8c84fa94-04c1-424b-9868-57a2d4851a1d" relativeResultsDirectory="ad8defd3-c80d-4ade-90e0-9c3121dbd43f" />
    <UnitTestResult executionId="49a83a4e-c0a6-47c1-bd17-a0e7f881f888" testId="4729feb7-4741-1ecd-d16a-200494d70780" testName="Deserialize_ScopeDurationOnly_Success" computerName="DKSR-EFI-04" duration="00:00:00.0010602" startTime="2023-12-22T09:37:35.4293939+01:00" endTime="2023-12-22T09:37:35.4450191+01:00" testType="13cdc9d9-ddb5-4fa4-a97d-d965ccfc6d4b" outcome="Passed" testListId="8c84fa94-04c1-424b-9868-57a2d4851a1d" relativeResultsDirectory="49a83a4e-c0a6-47c1-bd17-a0e7f881f888" />
    <UnitTestResult executionId="ba2387bf-f0ff-4e11-b3b8-52f31b9f91d0" testId="d4e46870-eb38-895f-fa8d-62938fc8e119" testName="RemoveDefinition_UnknownDefinition_NoChange" computerName="DKSR-EFI-04" duration="00:00:00.0056936" startTime="2023-12-22T09:37:34.7575133+01:00" endTime="2023-12-22T09:37:34.7575133+01:00" testType="13cdc9d9-ddb5-4fa4-a97d-d965ccfc6d4b" outcome="Passed" testListId="8c84fa94-04c1-424b-9868-57a2d4851a1d" relativeResultsDirectory="ba2387bf-f0ff-4e11-b3b8-52f31b9f91d0" />
    <UnitTestResult executionId="e893afff-a0d8-4e78-9d30-4b3826638758" testId="9636a1f1-1232-f981-d42a-36589836bff4" testName="DeviceIcons_ShouldNotBeNull_WhenCalled" computerName="DKSR-EFI-04" duration="00:00:00.0001751" startTime="2023-12-22T09:37:53.0857414+01:00" endTime="2023-12-22T09:37:53.0857414+01:00" testType="13cdc9d9-ddb5-4fa4-a97d-d965ccfc6d4b" outcome="Passed" testListId="8c84fa94-04c1-424b-9868-57a2d4851a1d" relativeResultsDirectory="e893afff-a0d8-4e78-9d30-4b3826638758" />
    <UnitTestResult executionId="8a80ba76-ad18-4042-96a5-6e46a228dbf4" testId="833aec2e-c0ac-4112-94cf-5fa375595a9e" testName="Search_ShouldPopulateSearchResult_WhenSuccessful" computerName="DKSR-EFI-04" duration="00:00:00.0051450" startTime="2023-12-22T09:38:07.8514400+01:00" endTime="2023-12-22T09:38:07.8514400+01:00" testType="13cdc9d9-ddb5-4fa4-a97d-d965ccfc6d4b" outcome="Passed" testListId="8c84fa94-04c1-424b-9868-57a2d4851a1d" relativeResultsDirectory="8a80ba76-ad18-4042-96a5-6e46a228dbf4" />
    <UnitTestResult executionId="46be0fa0-757c-423b-bd3a-9e233339b84b" testId="7f459878-6a38-694e-ae10-2238a011c770" testName="DeleteSearchTemplateAsync_Null_Failure" computerName="DKSR-EFI-04" duration="00:00:00.0030899" startTime="2023-12-22T09:37:34.1012547+01:00" endTime="2023-12-22T09:37:34.1012547+01:00" testType="13cdc9d9-ddb5-4fa4-a97d-d965ccfc6d4b" outcome="Passed" testListId="8c84fa94-04c1-424b-9868-57a2d4851a1d" relativeResultsDirectory="46be0fa0-757c-423b-bd3a-9e233339b84b" />
    <UnitTestResult executionId="b62473d2-2c22-4152-a04b-abec87a4fba8" testId="1a9497ea-544a-7067-529f-b7c94b2f8c7f" testName="MicrophoneMapItem_UpdateName_Rejected" computerName="DKSR-EFI-04" duration="00:00:00.0121690" startTime="2023-12-22T09:37:54.5544935+01:00" endTime="2023-12-22T09:37:54.5544935+01:00" testType="13cdc9d9-ddb5-4fa4-a97d-d965ccfc6d4b" outcome="Passed" testListId="8c84fa94-04c1-424b-9868-57a2d4851a1d" relativeResultsDirectory="b62473d2-2c22-4152-a04b-abec87a4fba8" />
    <UnitTestResult executionId="a3319e36-a7ce-43fd-8e14-7fe0286236bb" testId="70311a0a-2853-d903-384a-e493017e2da4" testName="Constructor_ShouldRaiseArgumentNullException_WhenNavigationHistoryIsNull" computerName="DKSR-EFI-04" duration="00:00:00.0203900" startTime="2023-12-22T09:36:13.3664484+01:00" endTime="2023-12-22T09:36:13.3976955+01:00" testType="13cdc9d9-ddb5-4fa4-a97d-d965ccfc6d4b" outcome="Passed" testListId="8c84fa94-04c1-424b-9868-57a2d4851a1d" relativeResultsDirectory="a3319e36-a7ce-43fd-8e14-7fe0286236bb" />
    <UnitTestResult executionId="10212f6c-4352-4c9a-b099-3e5e938e963f" testId="862de922-2beb-921d-d13a-0b59aae77f6b" testName="True" computerName="DKSR-EFI-04" duration="00:00:00.0011076" startTime="2023-12-22T09:38:00.4295289+01:00" endTime="2023-12-22T09:38:00.4295289+01:00" testType="13cdc9d9-ddb5-4fa4-a97d-d965ccfc6d4b" outcome="Passed" testListId="8c84fa94-04c1-424b-9868-57a2d4851a1d" relativeResultsDirectory="10212f6c-4352-4c9a-b099-3e5e938e963f" />
    <UnitTestResult executionId="428dbf63-8680-4c2b-8a03-7094b17e5fed" testId="c64dde4b-44bc-09e7-e376-39c843a2f827" testName="ChangeSorting_UnknownSortResultsBy_Success" computerName="DKSR-EFI-04" duration="00:00:00.0076479" startTime="2023-12-22T09:37:28.3668516+01:00" endTime="2023-12-22T09:37:28.3824735+01:00" testType="13cdc9d9-ddb5-4fa4-a97d-d965ccfc6d4b" outcome="Passed" testListId="8c84fa94-04c1-424b-9868-57a2d4851a1d" relativeResultsDirectory="428dbf63-8680-4c2b-8a03-7094b17e5fed" />
    <UnitTestResult executionId="73d00b0f-8dc5-4dec-9b33-473a3de289a5" testId="a9befe17-1a37-48c6-1312-217259747307" testName="AddToExportDevices_ShouldReturnCorrectResult (5,5,0)" computerName="DKSR-EFI-04" duration="00:00:00.0051027" startTime="2023-12-22T09:38:00.1326502+01:00" endTime="2023-12-22T09:38:00.1326502+01:00" testType="13cdc9d9-ddb5-4fa4-a97d-d965ccfc6d4b" outcome="Passed" testListId="8c84fa94-04c1-424b-9868-57a2d4851a1d" relativeResultsDirectory="73d00b0f-8dc5-4dec-9b33-473a3de289a5" />
    <UnitTestResult executionId="2912e80f-4ffa-4ba4-81c7-2dec4a7868bc" testId="376aa488-622a-ef3d-865f-34b9990a82be" testName="OpenStreetMapLayer_IsGeographic_Load_Success" computerName="DKSR-EFI-04" duration="00:00:00.0093529" startTime="2023-12-22T09:37:49.9138431+01:00" endTime="2023-12-22T09:37:49.9138431+01:00" testType="13cdc9d9-ddb5-4fa4-a97d-d965ccfc6d4b" outcome="Passed" testListId="8c84fa94-04c1-424b-9868-57a2d4851a1d" relativeResultsDirectory="2912e80f-4ffa-4ba4-81c7-2dec4a7868bc" />
    <UnitTestResult executionId="78a3ee77-d46a-4376-811d-ba9d570fae1d" testId="5764435e-95eb-e757-9f1b-c59c8d326b1c" testName="BookmarkSearchTime_WithSearchStringInDifferentCases_ReturnCorrectBookmarkWithSearchStringInHeader (SeArChStRiNg,True,True,True,True,,,1)" computerName="DKSR-EFI-04" duration="00:00:00.0301264" startTime="2023-12-22T09:38:01.1326664+01:00" endTime="2023-12-22T09:38:01.1639131+01:00" testType="13cdc9d9-ddb5-4fa4-a97d-d965ccfc6d4b" outcome="Passed" testListId="8c84fa94-04c1-424b-9868-57a2d4851a1d" relativeResultsDirectory="78a3ee77-d46a-4376-811d-ba9d570fae1d" />
    <UnitTestResult executionId="7af1b7b4-72f2-4f5e-9b9f-c432d561b32a" testId="227dae21-47d4-ba20-0c10-f41a6c7e9f9c" testName="PatrollingProfileListViewModel_CanExecuteDeleteProfile_Profile_Selected" computerName="DKSR-EFI-04" duration="00:00:00.0013973" startTime="2023-12-22T09:37:57.9138833+01:00" endTime="2023-12-22T09:37:57.9138833+01:00" testType="13cdc9d9-ddb5-4fa4-a97d-d965ccfc6d4b" outcome="Passed" testListId="8c84fa94-04c1-424b-9868-57a2d4851a1d" relativeResultsDirectory="7af1b7b4-72f2-4f5e-9b9f-c432d561b32a" />
    <UnitTestResult executionId="9c183784-9b4e-49db-ab16-14ead8b54d86" testId="13b2a1dd-d764-6ad5-a674-3e86cc761e8a" testName="Deserialize_RelativeScopeDurationAndFromToValues_ToAndFromValuesIgnored" computerName="DKSR-EFI-04" duration="00:00:00.0046441" startTime="2023-12-22T09:37:35.0075141+01:00" endTime="2023-12-22T09:37:35.0075141+01:00" testType="13cdc9d9-ddb5-4fa4-a97d-d965ccfc6d4b" outcome="Passed" testListId="8c84fa94-04c1-424b-9868-57a2d4851a1d" relativeResultsDirectory="9c183784-9b4e-49db-ab16-14ead8b54d86" />
    <UnitTestResult executionId="b1f40b4f-892a-4006-9d3c-ff7cfac28599" testId="6fb4919f-9275-fa65-8704-748d9ebfe4e0" testName="SmartMapGoToPositionHandler_WhenLongitudeIsInvalid_ShouldWriteToLog" computerName="DKSR-EFI-04" duration="00:00:00.0028357" startTime="2023-12-22T09:36:23.6946276+01:00" endTime="2023-12-22T09:36:23.7102506+01:00" testType="13cdc9d9-ddb5-4fa4-a97d-d965ccfc6d4b" outcome="Passed" testListId="8c84fa94-04c1-424b-9868-57a2d4851a1d" relativeResultsDirectory="b1f40b4f-892a-4006-9d3c-ff7cfac28599" />
    <UnitTestResult executionId="8548cd86-b1a6-497a-bbc3-871e3680d68c" testId="6f067ff4-f915-05c2-a0a4-f5e23793ba9b" testName="GetServers_ShouldReturnCorrectServerByIdsTest" computerName="DKSR-EFI-04" duration="00:00:00.0031114" startTime="2023-12-22T09:38:01.9764237+01:00" endTime="2023-12-22T09:38:01.9764237+01:00" testType="13cdc9d9-ddb5-4fa4-a97d-d965ccfc6d4b" outcome="Passed" testListId="8c84fa94-04c1-424b-9868-57a2d4851a1d" relativeResultsDirectory="8548cd86-b1a6-497a-bbc3-871e3680d68c" />
    <UnitTestResult executionId="85756428-95c3-40e6-91f8-311cde1833ad" testId="88e52a12-1a52-4078-5db4-c86ba1c3b447" testName="Map_AddExtraBackgroundLayer_Success" computerName="DKSR-EFI-04" duration="00:00:00.0906096" startTime="2023-12-22T09:37:52.3669822+01:00" endTime="2023-12-22T09:37:52.4607307+01:00" testType="13cdc9d9-ddb5-4fa4-a97d-d965ccfc6d4b" outcome="Passed" testListId="8c84fa94-04c1-424b-9868-57a2d4851a1d" relativeResultsDirectory="85756428-95c3-40e6-91f8-311cde1833ad" />
    <UnitTestResult executionId="b81fbe29-407d-4a6d-bffe-882d7ce5103d" testId="673f3e73-dfeb-8ed6-a405-443eef7a608a" testName="OnLoaded_ValidUserControl_Success" computerName="DKSR-EFI-04" duration="00:00:00.7938213" startTime="2023-12-22T09:36:33.9915615+01:00" endTime="2023-12-22T09:36:34.7884332+01:00" testType="13cdc9d9-ddb5-4fa4-a97d-d965ccfc6d4b" outcome="Passed" testListId="8c84fa94-04c1-424b-9868-57a2d4851a1d" relativeResultsDirectory="b81fbe29-407d-4a6d-bffe-882d7ce5103d" />
    <UnitTestResult executionId="91270cf6-64fe-4043-a138-431ce3982dc4" testId="e9db157d-7d85-2810-0c2d-91345491fde3" testName="ValidateExportFormats_VideoClipFormat_ShouldReturnFailResult_PrePostTextsRequired" computerName="DKSR-EFI-04" duration="00:00:00.0315855" startTime="2023-12-22T09:36:30.0696618+01:00" endTime="2023-12-22T09:36:30.1009114+01:00" testType="13cdc9d9-ddb5-4fa4-a97d-d965ccfc6d4b" outcome="Passed" testListId="8c84fa94-04c1-424b-9868-57a2d4851a1d" relativeResultsDirectory="91270cf6-64fe-4043-a138-431ce3982dc4" />
    <UnitTestResult executionId="03df2949-fb0c-425a-a315-3a68fd72de9f" testId="5abecf11-14e8-1dec-27ca-77abbda42776" testName="ValidateExportName_ShouldReturnFailResult_InvalidCharactersInExportName (1213*)" computerName="DKSR-EFI-04" duration="00:00:00.0046117" startTime="2023-12-22T09:36:29.6790315+01:00" endTime="2023-12-22T09:36:29.6790315+01:00" testType="13cdc9d9-ddb5-4fa4-a97d-d965ccfc6d4b" outcome="Passed" testListId="8c84fa94-04c1-424b-9868-57a2d4851a1d" relativeResultsDirectory="03df2949-fb0c-425a-a315-3a68fd72de9f" />
    <UnitTestResult executionId="0d88acc3-6694-46fa-8373-39e84c79d531" testId="01c01ca3-1cfc-215a-ffeb-b8e6d0ef2e1f" testName="Dispose_Success" computerName="DKSR-EFI-04" duration="00:00:00.0010850" startTime="2023-12-22T09:37:24.3824497+01:00" endTime="2023-12-22T09:37:24.3980775+01:00" testType="13cdc9d9-ddb5-4fa4-a97d-d965ccfc6d4b" outcome="Passed" testListId="8c84fa94-04c1-424b-9868-57a2d4851a1d" relativeResultsDirectory="0d88acc3-6694-46fa-8373-39e84c79d531" />
    <UnitTestResult executionId="d19880c5-7066-438f-9e4c-a43e3d224192" testId="31b52586-5789-6780-65c0-3c8320c10bb3" testName="AddToExportTuples_ShouldReturnCorrectResult (0,5,5)" computerName="DKSR-EFI-04" duration="00:00:00.0114067" startTime="2023-12-22T09:38:00.0076489+01:00" endTime="2023-12-22T09:38:00.0232890+01:00" testType="13cdc9d9-ddb5-4fa4-a97d-d965ccfc6d4b" outcome="Passed" testListId="8c84fa94-04c1-424b-9868-57a2d4851a1d" relativeResultsDirectory="d19880c5-7066-438f-9e4c-a43e3d224192" />
    <UnitTestResult executionId="0ff950de-69ed-46b7-9efd-60394e35b36f" testId="380c2d79-325d-3409-b945-e63fa33fc5f3" testName="ToDenormalizedDirection_LesserThanMinus1_0_Failure" computerName="DKSR-EFI-04" duration="00:00:00.0003812" startTime="2023-12-22T09:37:49.8513436+01:00" endTime="2023-12-22T09:37:49.8513436+01:00" testType="13cdc9d9-ddb5-4fa4-a97d-d965ccfc6d4b" outcome="Passed" testListId="8c84fa94-04c1-424b-9868-57a2d4851a1d" relativeResultsDirectory="0ff950de-69ed-46b7-9efd-60394e35b36f" />
    <UnitTestResult executionId="ecbeef6a-f900-4ae9-8b58-a3503b02ec4f" testId="ec15ac28-e259-9e0e-79de-b4c8ed950c52" testName="GetSnapshots_NoImageAvailable_Failure" computerName="DKSR-EFI-04" duration="00:00:00.0078270" startTime="2023-12-22T09:37:33.4762577+01:00" endTime="2023-12-22T09:37:33.4762577+01:00" testType="13cdc9d9-ddb5-4fa4-a97d-d965ccfc6d4b" outcome="Passed" testListId="8c84fa94-04c1-424b-9868-57a2d4851a1d" relativeResultsDirectory="ecbeef6a-f900-4ae9-8b58-a3503b02ec4f" />
    <UnitTestResult executionId="6167cff7-9354-4dbe-a201-3c06a128a7a5" testId="ef6e5d44-4248-113e-0569-ec93691b2771" testName="ToDenormalizedFieldOfView_LesserThan0_0_Failure" computerName="DKSR-EFI-04" duration="00:00:00.0004396" startTime="2023-12-22T09:37:49.8669709+01:00" endTime="2023-12-22T09:37:49.8669709+01:00" testType="13cdc9d9-ddb5-4fa4-a97d-d965ccfc6d4b" outcome="Passed" testListId="8c84fa94-04c1-424b-9868-57a2d4851a1d" relativeResultsDirectory="6167cff7-9354-4dbe-a201-3c06a128a7a5" />
    <UnitTestResult executionId="28b1d8ff-e630-4546-9eaa-577fa018ba26" testId="a8a50f03-3329-f171-e632-4989e995a587" testName="SelectionCountDisplayText_MultipleSelectedResults_ReturnsMultipleString" computerName="DKSR-EFI-04" duration="00:00:00.0130308" startTime="2023-12-22T09:37:24.9605834+01:00" endTime="2023-12-22T09:37:24.9762059+01:00" testType="13cdc9d9-ddb5-4fa4-a97d-d965ccfc6d4b" outcome="Passed" testListId="8c84fa94-04c1-424b-9868-57a2d4851a1d" relativeResultsDirectory="28b1d8ff-e630-4546-9eaa-577fa018ba26" />
    <UnitTestResult executionId="5565492c-2bde-4fd1-b655-36e35a7a1ae2" testId="c4234132-b84d-ff6e-5128-178403da1d67" testName="BuildContentOptions_ShouldReturnCorrectWorkspaceName (00000000-0000-0000-0000-000000000000,Default title,00000000-0000-0000-0000-000000000000)" computerName="DKSR-EFI-04" duration="00:00:00.0012333" startTime="2023-12-22T09:38:06.1014348+01:00" endTime="2023-12-22T09:38:06.1014348+01:00" testType="13cdc9d9-ddb5-4fa4-a97d-d965ccfc6d4b" outcome="Passed" testListId="8c84fa94-04c1-424b-9868-57a2d4851a1d" relativeResultsDirectory="5565492c-2bde-4fd1-b655-36e35a7a1ae2" />
    <UnitTestResult executionId="f0af99ce-d480-462e-abc8-825eb41b1480" testId="9029e935-145d-d5fd-fae9-96c860349038" testName="GetClusters_AddedItems_ClustersForAddedItems (Data Row 16)" computerName="DKSR-EFI-04" duration="00:00:00.0086564" startTime="2023-12-22T09:37:57.5232605+01:00" endTime="2023-12-22T09:37:57.7107610+01:00" testType="13cdc9d9-ddb5-4fa4-a97d-d965ccfc6d4b" outcome="Passed" testListId="8c84fa94-04c1-424b-9868-57a2d4851a1d" relativeResultsDirectory="f0af99ce-d480-462e-abc8-825eb41b1480" />
    <UnitTestResult executionId="7e337db8-1ef9-483d-abd9-cf9aa47e671e" testId="d39f566a-6448-5523-5e51-422943258ba3" testName="IsLocationSelectionVisible_MappedToViewModel_Success" computerName="DKSR-EFI-04" duration="00:00:00.0577348" startTime="2023-12-22T09:36:24.1633791+01:00" endTime="2023-12-22T09:36:24.2102531+01:00" testType="13cdc9d9-ddb5-4fa4-a97d-d965ccfc6d4b" outcome="Passed" testListId="8c84fa94-04c1-424b-9868-57a2d4851a1d" relativeResultsDirectory="7e337db8-1ef9-483d-abd9-cf9aa47e671e" />
    <UnitTestResult executionId="4d27171c-c627-41b9-8885-d8a2daee5a12" testId="744b677d-0c71-fc1a-e1ca-cb97cabb4a84" testName="TryGetOsmServerTileAddress_ShouldReturnFalse_WhenOsmServerAddressIsNull" computerName="DKSR-EFI-04" duration="00:00:00.0001666" startTime="2023-12-22T09:37:55.8982514+01:00" endTime="2023-12-22T09:37:55.8982514+01:00" testType="13cdc9d9-ddb5-4fa4-a97d-d965ccfc6d4b" outcome="Passed" testListId="8c84fa94-04c1-424b-9868-57a2d4851a1d" relativeResultsDirectory="4d27171c-c627-41b9-8885-d8a2daee5a12" />
    <UnitTestResult executionId="8d566b76-2fbc-4d69-8146-74c79389f2c8" testId="fd7a9f23-20c6-7435-b6cf-fa7d550f66d0" testName="FindSearchTemplatesAsync_ThrowException_Success" computerName="DKSR-EFI-04" duration="00:00:00.0046615" startTime="2023-12-22T09:37:34.1950088+01:00" endTime="2023-12-22T09:37:34.2106321+01:00" testType="13cdc9d9-ddb5-4fa4-a97d-d965ccfc6d4b" outcome="Passed" testListId="8c84fa94-04c1-424b-9868-57a2d4851a1d" relativeResultsDirectory="8d566b76-2fbc-4d69-8146-74c79389f2c8" />
    <UnitTestResult executionId="0ed29a41-577d-4839-b327-b2168a921c96" testId="5e565792-e4b8-6770-32ea-67c3fa2ad1ab" testName="AddToExportTuples_ShouldReturnCorrectResult (5,5,0)" computerName="DKSR-EFI-04" duration="00:00:00.0074862" startTime="2023-12-22T09:38:00.0389004+01:00" endTime="2023-12-22T09:38:00.0389004+01:00" testType="13cdc9d9-ddb5-4fa4-a97d-d965ccfc6d4b" outcome="Passed" testListId="8c84fa94-04c1-424b-9868-57a2d4851a1d" relativeResultsDirectory="0ed29a41-577d-4839-b327-b2168a921c96" />
    <UnitTestResult executionId="ef013bc1-c244-4c11-acd3-9fcfb7c1e1ec" testId="c10d4fd4-740d-9f46-fe03-3b1c2cb7d5c2" testName="TryAddInterval_ShouldReturnCorrectValue (False,False,PermissionDenied)" computerName="DKSR-EFI-04" duration="00:00:00.0015779" startTime="2023-12-22T09:37:59.7888981+01:00" endTime="2023-12-22T09:37:59.7888981+01:00" testType="13cdc9d9-ddb5-4fa4-a97d-d965ccfc6d4b" outcome="Passed" testListId="8c84fa94-04c1-424b-9868-57a2d4851a1d" relativeResultsDirectory="ef013bc1-c244-4c11-acd3-9fcfb7c1e1ec" />
    <UnitTestResult executionId="e975e210-421b-4381-8af3-275855f09642" testId="add162a8-f1ad-a5bc-d7cc-f7fa5d66acf8" testName="AlwaysPutSmartWallBeforeViews" computerName="DKSR-EFI-04" duration="00:00:00.0007899" startTime="2023-12-22T09:37:59.4607710+01:00" endTime="2023-12-22T09:37:59.4607710+01:00" testType="13cdc9d9-ddb5-4fa4-a97d-d965ccfc6d4b" outcome="Passed" testListId="8c84fa94-04c1-424b-9868-57a2d4851a1d" relativeResultsDirectory="e975e210-421b-4381-8af3-275855f09642" />
    <UnitTestResult executionId="7142a5cc-c6fa-49d0-b686-d3e81fa07cc4" testId="1b422f57-785f-39b3-2e48-19335b37060e" testName="Dispose_NoActiveSearchResults_Success" computerName="DKSR-EFI-04" duration="00:00:00.0100818" startTime="2023-12-22T09:37:34.7887657+01:00" endTime="2023-12-22T09:37:34.8043907+01:00" testType="13cdc9d9-ddb5-4fa4-a97d-d965ccfc6d4b" outcome="Passed" testListId="8c84fa94-04c1-424b-9868-57a2d4851a1d" relativeResultsDirectory="7142a5cc-c6fa-49d0-b686-d3e81fa07cc4" />
    <UnitTestResult executionId="e0180018-d581-4657-baf5-6a3208f3251e" testId="fcfc9cad-5753-f6cc-59a6-f568d4caf2fd" testName="Ctor_Success" computerName="DKSR-EFI-04" duration="00:00:00.0019949" startTime="2023-12-22T09:37:24.3511995+01:00" endTime="2023-12-22T09:37:24.3511995+01:00" testType="13cdc9d9-ddb5-4fa4-a97d-d965ccfc6d4b" outcome="Passed" testListId="8c84fa94-04c1-424b-9868-57a2d4851a1d" relativeResultsDirectory="e0180018-d581-4657-baf5-6a3208f3251e" />
    <UnitTestResult executionId="1b2bc574-7a4c-4ef6-b520-146c311ad333" testId="f342c369-1b63-ac09-7592-3bbf19ea7792" testName="HandleSetLayerFeatures_ShouldUpdateInputLayerFeatures_WhenInputKindAndInputLayerFeatures" computerName="DKSR-EFI-04" duration="00:00:00.0010321" startTime="2023-12-22T09:37:55.7732541+01:00" endTime="2023-12-22T09:37:55.7888800+01:00" testType="13cdc9d9-ddb5-4fa4-a97d-d965ccfc6d4b" outcome="Passed" testListId="8c84fa94-04c1-424b-9868-57a2d4851a1d" relativeResultsDirectory="1b2bc574-7a4c-4ef6-b520-146c311ad333" />
    <UnitTestResult executionId="0445d6d4-476a-4edc-bf76-09f06b9e0154" testId="51eb78b3-47f8-22f8-16bb-8f1455db269f" testName="TestConstructor_Success" computerName="DKSR-EFI-04" duration="00:00:00.0084367" startTime="2023-12-22T09:37:55.3513706+01:00" endTime="2023-12-22T09:37:55.3513706+01:00" testType="13cdc9d9-ddb5-4fa4-a97d-d965ccfc6d4b" outcome="Passed" testListId="8c84fa94-04c1-424b-9868-57a2d4851a1d" relativeResultsDirectory="0445d6d4-476a-4edc-bf76-09f06b9e0154" />
    <UnitTestResult executionId="7f2eea1f-bf91-4e81-a783-ba108919f4f9" testId="51482505-ca37-9cd6-7636-ffa697390b81" testName="PatrollingProfileListViewModel_DeleteProfileCommand" computerName="DKSR-EFI-04" duration="00:00:00.0015909" startTime="2023-12-22T09:37:57.9138833+01:00" endTime="2023-12-22T09:37:57.9138833+01:00" testType="13cdc9d9-ddb5-4fa4-a97d-d965ccfc6d4b" outcome="Passed" testListId="8c84fa94-04c1-424b-9868-57a2d4851a1d" relativeResultsDirectory="7f2eea1f-bf91-4e81-a783-ba108919f4f9" />
    <UnitTestResult executionId="14ffe4db-b0ab-41c7-b050-1968b28b4997" testId="ff39d078-db32-05c4-cda1-a2362a7ad157" testName="Compare_ShouldSortByPrimaryEventTime_WhenOnlySingleResults" computerName="DKSR-EFI-04" duration="00:00:00.0019416" startTime="2023-12-22T09:37:35.3044431+01:00" endTime="2023-12-22T09:37:35.3200176+01:00" testType="13cdc9d9-ddb5-4fa4-a97d-d965ccfc6d4b" outcome="Passed" testListId="8c84fa94-04c1-424b-9868-57a2d4851a1d" relativeResultsDirectory="14ffe4db-b0ab-41c7-b050-1968b28b4997" />
    <UnitTestResult executionId="d50239d1-bad7-482f-a0e2-7a71c606ca7c" testId="bc299358-874f-d04a-92ad-e691bf3c092e" testName="SetItemOutlines_ItemNotCameraKind_Exception" computerName="DKSR-EFI-04" duration="00:00:00.0153589" startTime="2023-12-22T09:36:24.3196286+01:00" endTime="2023-12-22T09:36:24.3352529+01:00" testType="13cdc9d9-ddb5-4fa4-a97d-d965ccfc6d4b" outcome="Passed" testListId="8c84fa94-04c1-424b-9868-57a2d4851a1d" relativeResultsDirectory="d50239d1-bad7-482f-a0e2-7a71c606ca7c" />
    <UnitTestResult executionId="eb7273fd-5d81-4253-839c-b78cebac0652" testId="4b4d5e86-475e-c148-8766-115d68041442" testName="Constructor_ShouldRaiseArgumentNullException_WhenLayersIsNull" computerName="DKSR-EFI-04" duration="00:00:00.0116170" startTime="2023-12-22T09:36:27.2102703+01:00" endTime="2023-12-22T09:36:27.2102703+01:00" testType="13cdc9d9-ddb5-4fa4-a97d-d965ccfc6d4b" outcome="Passed" testListId="8c84fa94-04c1-424b-9868-57a2d4851a1d" relativeResultsDirectory="eb7273fd-5d81-4253-839c-b78cebac0652" />
    <UnitTestResult executionId="6d6d8c28-fec0-4b9f-a404-a84cc52df963" testId="e9caefce-c71e-206f-c8b4-a603b26c14bb" testName="FetchDeviceConfiguration_ShouldNotLoadFromServer_WhenCacheFileIsPresentAndFetchTypeIsOnlyCache" computerName="DKSR-EFI-04" duration="00:00:00.0024386" startTime="2023-12-22T09:38:06.0233076+01:00" endTime="2023-12-22T09:38:06.0233076+01:00" testType="13cdc9d9-ddb5-4fa4-a97d-d965ccfc6d4b" outcome="Passed" testListId="8c84fa94-04c1-424b-9868-57a2d4851a1d" relativeResultsDirectory="6d6d8c28-fec0-4b9f-a404-a84cc52df963" />
    <UnitTestResult executionId="971c1467-a1b2-4498-a94d-8acd7acfe22a" testId="48054fb2-bd75-c8f4-21b2-fc21c0457ce0" testName="SearchModelOnSearchResultsExpired_NotOnUiThread_Success" computerName="DKSR-EFI-04" duration="00:00:00.0111582" startTime="2023-12-22T09:37:28.1012322+01:00" endTime="2023-12-22T09:37:28.1012322+01:00" testType="13cdc9d9-ddb5-4fa4-a97d-d965ccfc6d4b" outcome="Passed" testListId="8c84fa94-04c1-424b-9868-57a2d4851a1d" relativeResultsDirectory="971c1467-a1b2-4498-a94d-8acd7acfe22a" />
    <UnitTestResult executionId="beb67608-096f-4abb-9afd-bb6897da2a77" testId="03a16989-cfc5-ab34-8c7c-ef90806b02a7" testName="Ctor_NullArgs_ArgNullException" computerName="DKSR-EFI-04" duration="00:00:00.0097479" startTime="2023-12-22T09:37:24.3980775+01:00" endTime="2023-12-22T09:37:24.3980775+01:00" testType="13cdc9d9-ddb5-4fa4-a97d-d965ccfc6d4b" outcome="Passed" testListId="8c84fa94-04c1-424b-9868-57a2d4851a1d" relativeResultsDirectory="beb67608-096f-4abb-9afd-bb6897da2a77" />
    <UnitTestResult executionId="3d726cf1-b8e3-4cbf-b43b-b2c5ae1b7f55" testId="0a4e5b36-6578-df3d-cfd2-3d6ee660820a" testName="GetClusters_ExcludeFromClustering_OnlyClustersForExcludedItems (Data Row 3)" computerName="DKSR-EFI-04" duration="00:00:00.0087871" startTime="2023-12-22T09:37:56.0857518+01:00" endTime="2023-12-22T09:37:56.4451365+01:00" testType="13cdc9d9-ddb5-4fa4-a97d-d965ccfc6d4b" outcome="Passed" testListId="8c84fa94-04c1-424b-9868-57a2d4851a1d" relativeResultsDirectory="3d726cf1-b8e3-4cbf-b43b-b2c5ae1b7f55" />
    <UnitTestResult executionId="82848997-ba78-47f4-ad5e-adca945ea650" testId="6e773555-d3bc-18e6-58f4-6a33d2e565e0" testName="CreateExportDialog_CanCreateExport_WithDefaults" computerName="DKSR-EFI-04" duration="00:00:00.1320259" startTime="2023-12-22T09:36:28.2415260+01:00" endTime="2023-12-22T09:36:28.3821524+01:00" testType="13cdc9d9-ddb5-4fa4-a97d-d965ccfc6d4b" outcome="Passed" testListId="8c84fa94-04c1-424b-9868-57a2d4851a1d" relativeResultsDirectory="82848997-ba78-47f4-ad5e-adca945ea650" />
    <UnitTestResult executionId="ba6cc4d2-703f-4b94-a2d8-4764dcba0c12" testId="33dd535d-bccc-f095-c4f3-483569c16d21" testName="Combine_ShouldPassAllStringInputValidationTests_OnlyFirstPermutationUsed" computerName="DKSR-EFI-04" duration="00:00:00.4928981" startTime="2023-12-22T09:37:35.4606469+01:00" endTime="2023-12-22T09:37:35.9606402+01:00" testType="13cdc9d9-ddb5-4fa4-a97d-d965ccfc6d4b" outcome="Passed" testListId="8c84fa94-04c1-424b-9868-57a2d4851a1d" relativeResultsDirectory="ba6cc4d2-703f-4b94-a2d8-4764dcba0c12">
      <Output>
        <StdOut>Debug Trace:&#xD;
&#xD;
&#xD;
************* TEST RESULTS *************&#xD;
Total tests: 132&#xD;
Passed permutations: 132&#xD;
Failed permutations: 0</StdOut>
      </Output>
    </UnitTestResult>
    <UnitTestResult executionId="e9a2fd7a-75f4-44fa-b1b8-0becd7ba3511" testId="b3f5f35c-92f5-1335-49e4-d72ffb56774b" testName="Constructor_ShouldRaiseArgumentNullException_WhenNextDeviceDataHandlerIsNull" computerName="DKSR-EFI-04" duration="00:00:00.0152132" startTime="2023-12-22T09:36:26.3508897+01:00" endTime="2023-12-22T09:36:26.3665153+01:00" testType="13cdc9d9-ddb5-4fa4-a97d-d965ccfc6d4b" outcome="Passed" testListId="8c84fa94-04c1-424b-9868-57a2d4851a1d" relativeResultsDirectory="e9a2fd7a-75f4-44fa-b1b8-0becd7ba3511" />
    <UnitTestResult executionId="9fdb4a9d-59d3-4f02-934e-7fb3fbd8e793" testId="42b5cf79-6dbd-73ce-f336-4c9a97122aad" testName="ScWorkSpaceModeChangedEvent_ShouldSetDeviceIsDisabledToTrue_WhenSwitchingToBrowseMode" computerName="DKSR-EFI-04" duration="00:00:00.0190373" startTime="2023-12-22T09:37:53.2107461+01:00" endTime="2023-12-22T09:37:53.2419979+01:00" testType="13cdc9d9-ddb5-4fa4-a97d-d965ccfc6d4b" outcome="Passed" testListId="8c84fa94-04c1-424b-9868-57a2d4851a1d" relativeResultsDirectory="9fdb4a9d-59d3-4f02-934e-7fb3fbd8e793" />
    <UnitTestResult executionId="6c9f5485-b85a-4d18-b809-c831aaad4cf9" testId="80485e03-b7b7-4e18-0bc2-2cf35c60e815" testName="AddSelectedWindowsToExport_ShouldShowCorrectToastMessages (0,0,5)" computerName="DKSR-EFI-04" duration="00:00:00.0044765" startTime="2023-12-22T09:38:00.2264003+01:00" endTime="2023-12-22T09:38:00.2264003+01:00" testType="13cdc9d9-ddb5-4fa4-a97d-d965ccfc6d4b" outcome="Passed" testListId="8c84fa94-04c1-424b-9868-57a2d4851a1d" relativeResultsDirectory="6c9f5485-b85a-4d18-b809-c831aaad4cf9" />
    <UnitTestResult executionId="b29d7a2b-d3b1-4a5a-ae1e-34829d1afc2c" testId="75ab4f71-3b38-2c11-9aa3-99e6e265b21d" testName="Compare_Ascending_Success" computerName="DKSR-EFI-04" duration="00:00:00.0051968" startTime="2023-12-22T09:37:35.2887642+01:00" endTime="2023-12-22T09:37:35.2887642+01:00" testType="13cdc9d9-ddb5-4fa4-a97d-d965ccfc6d4b" outcome="Passed" testListId="8c84fa94-04c1-424b-9868-57a2d4851a1d" relativeResultsDirectory="b29d7a2b-d3b1-4a5a-ae1e-34829d1afc2c" />
    <UnitTestResult executionId="f6a32f85-ec81-46c2-b934-8e6b8a03a1b8" testId="aa968540-b42d-3b72-16d5-0bf3327fa8b4" testName="FindSearchTemplateesAsync_StateError_Success" computerName="DKSR-EFI-04" duration="00:00:00.0015437" startTime="2023-12-22T09:37:34.1950088+01:00" endTime="2023-12-22T09:37:34.1950088+01:00" testType="13cdc9d9-ddb5-4fa4-a97d-d965ccfc6d4b" outcome="Passed" testListId="8c84fa94-04c1-424b-9868-57a2d4851a1d" relativeResultsDirectory="f6a32f85-ec81-46c2-b934-8e6b8a03a1b8" />
    <UnitTestResult executionId="6525c73f-865c-4b41-9fec-d2f512dd0a81" testId="d628b9e8-ecd7-5880-2e1a-54156c671e9a" testName="GetLayerFeatures_ShouldReturnOutputLayerFeaturesBasedOnOutputItemsMapLayer_WhenOutputKind" computerName="DKSR-EFI-04" duration="00:00:00.0019630" startTime="2023-12-22T09:37:55.9451272+01:00" endTime="2023-12-22T09:37:55.9451272+01:00" testType="13cdc9d9-ddb5-4fa4-a97d-d965ccfc6d4b" outcome="Passed" testListId="8c84fa94-04c1-424b-9868-57a2d4851a1d" relativeResultsDirectory="6525c73f-865c-4b41-9fec-d2f512dd0a81" />
    <UnitTestResult executionId="1f264814-5aae-4ade-a57c-12e5e5f54c62" testId="dfe3fd2e-b517-b2eb-b2e2-30f7a11293dd" testName="PatrollingProfileListViewModel_CanExecuteDeleteProfile_No_Profile_Selected" computerName="DKSR-EFI-04" duration="00:00:00.0012066" startTime="2023-12-22T09:37:57.9138833+01:00" endTime="2023-12-22T09:37:57.9138833+01:00" testType="13cdc9d9-ddb5-4fa4-a97d-d965ccfc6d4b" outcome="Passed" testListId="8c84fa94-04c1-424b-9868-57a2d4851a1d" relativeResultsDirectory="1f264814-5aae-4ade-a57c-12e5e5f54c62" />
    <UnitTestResult executionId="a24b8f00-953d-49bb-a9f7-26b76a7a4513" testId="3ca183c0-19b7-c862-e0ae-e783adb3e613" testName="Optics enabled, forced" computerName="DKSR-EFI-04" duration="00:00:00.0007615" startTime="2023-12-22T09:36:28.5540260+01:00" endTime="2023-12-22T09:36:28.5540260+01:00" testType="13cdc9d9-ddb5-4fa4-a97d-d965ccfc6d4b" outcome="Passed" testListId="8c84fa94-04c1-424b-9868-57a2d4851a1d" relativeResultsDirectory="a24b8f00-953d-49bb-a9f7-26b76a7a4513" />
    <UnitTestResult executionId="a0086247-1858-45ed-9f68-347f7c495314" testId="c620d01b-a235-adbe-ef3b-c8f7cbb07bda" testName="AndOrSearchDefinitionToCornerRadiusMultiConverter_CallConvert_Or" computerName="DKSR-EFI-04" duration="00:00:00.0009000" startTime="2023-12-22T09:37:04.0229674+01:00" endTime="2023-12-22T09:37:04.0229674+01:00" testType="13cdc9d9-ddb5-4fa4-a97d-d965ccfc6d4b" outcome="Passed" testListId="8c84fa94-04c1-424b-9868-57a2d4851a1d" relativeResultsDirectory="a0086247-1858-45ed-9f68-347f7c495314" />
    <UnitTestResult executionId="1f81d78f-e187-48e4-b58c-89e4d7a4ae0a" testId="9029e935-145d-d5fd-fae9-96c860349038" testName="GetClusters_AddedItems_ClustersForAddedItems (Data Row 2)" computerName="DKSR-EFI-04" duration="00:00:00.0088276" startTime="2023-12-22T09:37:57.5232605+01:00" endTime="2023-12-22T09:37:57.7107610+01:00" testType="13cdc9d9-ddb5-4fa4-a97d-d965ccfc6d4b" outcome="Passed" testListId="8c84fa94-04c1-424b-9868-57a2d4851a1d" relativeResultsDirectory="1f81d78f-e187-48e4-b58c-89e4d7a4ae0a" />
    <UnitTestResult executionId="b6c6e085-22d1-4e26-9699-2a63d85abab5" testId="7a29bb4c-872a-7722-5bfa-4ff03f288d37" testName="GetWorkspaceToolbarItems_ShouldNotReturnGroupedToolbarItem_WhenPluginGroupIsNotSetInPluginDefinition" computerName="DKSR-EFI-04" duration="00:00:00.0675500" startTime="2023-12-22T09:37:58.6638915+01:00" endTime="2023-12-22T09:37:58.7263941+01:00" testType="13cdc9d9-ddb5-4fa4-a97d-d965ccfc6d4b" outcome="Passed" testListId="8c84fa94-04c1-424b-9868-57a2d4851a1d" relativeResultsDirectory="b6c6e085-22d1-4e26-9699-2a63d85abab5" />
    <UnitTestResult executionId="ddfcebda-0319-4473-9056-a8ad531ef393" testId="165e0853-e6ec-d7d3-2c96-375c649002cc" testName="LoadSearchTemplate_NoActiveToNewActiveSuppressEvent_UpdateAndNoEvent" computerName="DKSR-EFI-04" duration="00:00:00.0005787" startTime="2023-12-22T09:37:33.7887614+01:00" endTime="2023-12-22T09:37:33.7887614+01:00" testType="13cdc9d9-ddb5-4fa4-a97d-d965ccfc6d4b" outcome="Passed" testListId="8c84fa94-04c1-424b-9868-57a2d4851a1d" relativeResultsDirectory="ddfcebda-0319-4473-9056-a8ad531ef393" />
    <UnitTestResult executionId="e15de67f-e5fe-403a-ac21-9da1920ab817" testId="5f513201-29bd-f30b-cd65-0841ae9bbb63" testName="IsProductionEnvironment_ShouldReturnCorrectValue (,True)" computerName="DKSR-EFI-04" duration="00:00:00.0000068" startTime="2023-12-22T09:38:06.2576843+01:00" endTime="2023-12-22T09:38:06.2576843+01:00" testType="13cdc9d9-ddb5-4fa4-a97d-d965ccfc6d4b" outcome="Passed" testListId="8c84fa94-04c1-424b-9868-57a2d4851a1d" relativeResultsDirectory="e15de67f-e5fe-403a-ac21-9da1920ab817" />
    <UnitTestResult executionId="48cc93c7-94ee-4860-915b-f58af20bf48d" testId="95263003-a60e-ad32-6d79-b2420a12e34b" testName="IsOAuth_ShouldReturnFalse_WhenConstructedUsingWindows" computerName="DKSR-EFI-04" duration="00:00:00.0002467" startTime="2023-12-22T09:36:07.6320396+01:00" endTime="2023-12-22T09:36:07.6320396+01:00" testType="13cdc9d9-ddb5-4fa4-a97d-d965ccfc6d4b" outcome="Passed" testListId="8c84fa94-04c1-424b-9868-57a2d4851a1d" relativeResultsDirectory="48cc93c7-94ee-4860-915b-f58af20bf48d" />
    <UnitTestResult executionId="76f81d9f-e86a-4075-827f-dc91aa299236" testId="926d43bc-6a30-b23f-6308-169a0af031e0" testName="DeleteSearchTemplateAsync_ThrowPathNotFoundMIPException_Success" computerName="DKSR-EFI-04" duration="00:00:00.0016268" startTime="2023-12-22T09:37:34.1168817+01:00" endTime="2023-12-22T09:37:34.1168817+01:00" testType="13cdc9d9-ddb5-4fa4-a97d-d965ccfc6d4b" outcome="Passed" testListId="8c84fa94-04c1-424b-9868-57a2d4851a1d" relativeResultsDirectory="76f81d9f-e86a-4075-827f-dc91aa299236" />
    <UnitTestResult executionId="9b5baa1d-6fab-4257-9bba-a5883b5e55cb" testId="411bf916-58a4-1dad-e0e6-3f86688192cf" testName="ScrollIntoView_Async_DefinitionViewBelowOutOfViewPort_Scrolled" computerName="DKSR-EFI-04" duration="00:00:00.0976428" startTime="2023-12-22T09:36:31.7102950+01:00" endTime="2023-12-22T09:36:31.8040442+01:00" testType="13cdc9d9-ddb5-4fa4-a97d-d965ccfc6d4b" outcome="Passed" testListId="8c84fa94-04c1-424b-9868-57a2d4851a1d" relativeResultsDirectory="9b5baa1d-6fab-4257-9bba-a5883b5e55cb" />
    <UnitTestResult executionId="56835652-a9d1-4a84-8638-80d2b3445eba" testId="a721bda0-d060-fd7b-5877-e579358eb55b" testName="UserInfoDto_ShouldYieldSameValues_WhenRoundTripConverted" computerName="DKSR-EFI-04" duration="00:00:00.0002770" startTime="2023-12-22T09:36:00.3820040+01:00" endTime="2023-12-22T09:36:00.3820040+01:00" testType="13cdc9d9-ddb5-4fa4-a97d-d965ccfc6d4b" outcome="Passed" testListId="8c84fa94-04c1-424b-9868-57a2d4851a1d" relativeResultsDirectory="56835652-a9d1-4a84-8638-80d2b3445eba" />
    <UnitTestResult executionId="395fc5e9-f133-4fbb-ac49-f730121b09aa" testId="14375da6-0c80-56ea-8d0d-fd5af8584025" testName="ShouldReturnTrueWhenLevelChanged" computerName="DKSR-EFI-04" duration="00:00:00.0059951" startTime="2023-12-22T09:36:24.0852538+01:00" endTime="2023-12-22T09:36:24.1008811+01:00" testType="13cdc9d9-ddb5-4fa4-a97d-d965ccfc6d4b" outcome="Passed" testListId="8c84fa94-04c1-424b-9868-57a2d4851a1d" relativeResultsDirectory="395fc5e9-f133-4fbb-ac49-f730121b09aa" />
    <UnitTestResult executionId="0a717a79-6af5-451a-9cfb-429064b52f1c" testId="0e000a76-c424-1348-5a62-7f5cf04c0b5a" testName="SelectionCountDisplayText_ZeroSelectedResults_ReturnsEmptyString" computerName="DKSR-EFI-04" duration="00:00:00.0083287" startTime="2023-12-22T09:37:24.9449556+01:00" endTime="2023-12-22T09:37:24.9449556+01:00" testType="13cdc9d9-ddb5-4fa4-a97d-d965ccfc6d4b" outcome="Passed" testListId="8c84fa94-04c1-424b-9868-57a2d4851a1d" relativeResultsDirectory="0a717a79-6af5-451a-9cfb-429064b52f1c" />
    <UnitTestResult executionId="6f494b18-9ff5-4156-8867-c71551c1298b" testId="e671fc0c-9f3c-71e0-8b22-c4f68d735e7f" testName="GetServerTypes_ShouldReturnLogServiceType" computerName="DKSR-EFI-04" duration="00:00:00.0003637" startTime="2023-12-22T09:38:01.9920310+01:00" endTime="2023-12-22T09:38:01.9920310+01:00" testType="13cdc9d9-ddb5-4fa4-a97d-d965ccfc6d4b" outcome="Passed" testListId="8c84fa94-04c1-424b-9868-57a2d4851a1d" relativeResultsDirectory="6f494b18-9ff5-4156-8867-c71551c1298b" />
    <UnitTestResult executionId="8e6bb63b-af61-4c4e-8e12-e831c7f24cac" testId="dbcf26cf-e43a-3a61-c59e-b7d73dca07b5" testName="SearchResultsActionBarActions_MipActionSpecificallySupportsOneAndNotTheOtherSelectedSearchResult_ActionEnabled" computerName="DKSR-EFI-04" duration="00:00:00.0182544" startTime="2023-12-22T09:37:25.2730850+01:00" endTime="2023-12-22T09:37:25.2887143+01:00" testType="13cdc9d9-ddb5-4fa4-a97d-d965ccfc6d4b" outcome="Passed" testListId="8c84fa94-04c1-424b-9868-57a2d4851a1d" relativeResultsDirectory="8e6bb63b-af61-4c4e-8e12-e831c7f24cac" />
    <UnitTestResult executionId="3411a162-1631-4a5c-a5f7-5c31f301fba5" testId="6bca5693-82fe-719f-17b6-6224c9668233" testName="UserHasCreatePublicSearchPermission_HasCreatePermission_ReturnsTrue" computerName="DKSR-EFI-04" duration="00:00:00.0005293" startTime="2023-12-22T09:37:33.8825089+01:00" endTime="2023-12-22T09:37:33.8825089+01:00" testType="13cdc9d9-ddb5-4fa4-a97d-d965ccfc6d4b" outcome="Passed" testListId="8c84fa94-04c1-424b-9868-57a2d4851a1d" relativeResultsDirectory="3411a162-1631-4a5c-a5f7-5c31f301fba5" />
    <UnitTestResult executionId="ccfe76e4-e9db-4103-8288-446ea3291e34" testId="7f46d23c-5d7c-d0cd-6885-7066d3b47889" testName="GetLayerFeatures_ShouldReturnInputLayerFeatures_WhenMicrophoneKind" computerName="DKSR-EFI-04" duration="00:00:00.0053602" startTime="2023-12-22T09:37:55.9138735+01:00" endTime="2023-12-22T09:37:55.9294985+01:00" testType="13cdc9d9-ddb5-4fa4-a97d-d965ccfc6d4b" outcome="Passed" testListId="8c84fa94-04c1-424b-9868-57a2d4851a1d" relativeResultsDirectory="ccfe76e4-e9db-4103-8288-446ea3291e34" />
    <UnitTestResult executionId="9a118a03-37e6-4580-86b3-a9ee2a601ca4" testId="dd6a6056-335a-e790-dd5c-836d1beab39a" testName="InputMapItem_UpdateName_Rejected" computerName="DKSR-EFI-04" duration="00:00:00.0120154" startTime="2023-12-22T09:37:54.8045045+01:00" endTime="2023-12-22T09:37:54.8201200+01:00" testType="13cdc9d9-ddb5-4fa4-a97d-d965ccfc6d4b" outcome="Passed" testListId="8c84fa94-04c1-424b-9868-57a2d4851a1d" relativeResultsDirectory="9a118a03-37e6-4580-86b3-a9ee2a601ca4" />
    <UnitTestResult executionId="c3ad8c57-9f00-4a6b-bbb9-377346f6919e" testId="aa47cc05-cff7-e883-f784-0ec23d2be9d9" testName="AddToExportTuples_ShouldReturnCorrectResult (5,0,5)" computerName="DKSR-EFI-04" duration="00:00:00.0084221" startTime="2023-12-22T09:38:00.0232890+01:00" endTime="2023-12-22T09:38:00.0389004+01:00" testType="13cdc9d9-ddb5-4fa4-a97d-d965ccfc6d4b" outcome="Passed" testListId="8c84fa94-04c1-424b-9868-57a2d4851a1d" relativeResultsDirectory="c3ad8c57-9f00-4a6b-bbb9-377346f6919e" />
    <UnitTestResult executionId="2c43b465-d9d6-4f43-a9c7-0d75e1bbbb75" testId="1b358bc1-458b-910a-26a9-b665d6fb08b0" testName="DownsizeImageSuccess" computerName="DKSR-EFI-04" duration="00:00:00.1888743" startTime="2023-12-22T09:38:03.6639193+01:00" endTime="2023-12-22T09:38:03.8670461+01:00" testType="13cdc9d9-ddb5-4fa4-a97d-d965ccfc6d4b" outcome="Passed" testListId="8c84fa94-04c1-424b-9868-57a2d4851a1d" relativeResultsDirectory="2c43b465-d9d6-4f43-a9c7-0d75e1bbbb75" />
    <UnitTestResult executionId="296b22bc-e62d-43eb-ab56-e5f3b9bd0013" testId="bfa2e036-0b0c-2621-93e6-fae23f6d7c6d" testName="Initialize_ShouldSelectTheFirstCameraWithRegionSelected_WhenInitializedWithFilterValueThatHasRegionSelected" computerName="DKSR-EFI-04" duration="00:00:00.0033994" startTime="2023-12-22T09:37:49.0700962+01:00" endTime="2023-12-22T09:37:49.0700962+01:00" testType="13cdc9d9-ddb5-4fa4-a97d-d965ccfc6d4b" outcome="Passed" testListId="8c84fa94-04c1-424b-9868-57a2d4851a1d" relativeResultsDirectory="296b22bc-e62d-43eb-ab56-e5f3b9bd0013" />
    <UnitTestResult executionId="fc06a663-4ec2-4d4a-8155-262209ed5a7e" testId="2696c9e3-385a-1f49-5d53-6a80871ac3fe" testName="SequenceTypeDto_ShouldYieldSameValues_WhenRoundTripConverted" computerName="DKSR-EFI-04" duration="00:00:00.0018829" startTime="2023-12-22T09:36:00.3663814+01:00" endTime="2023-12-22T09:36:00.3663814+01:00" testType="13cdc9d9-ddb5-4fa4-a97d-d965ccfc6d4b" outcome="Passed" testListId="8c84fa94-04c1-424b-9868-57a2d4851a1d" relativeResultsDirectory="fc06a663-4ec2-4d4a-8155-262209ed5a7e" />
    <UnitTestResult executionId="8ad2819c-c9af-46bf-bd3f-59220a07439d" testId="f8edaabc-4dde-c771-27c5-00bf75b12606" testName="PatrollingProfileListViewModel_ResolvePresetName_New_Preset" computerName="DKSR-EFI-04" duration="00:00:00.0030343" startTime="2023-12-22T09:37:57.9295112+01:00" endTime="2023-12-22T09:37:57.9295112+01:00" testType="13cdc9d9-ddb5-4fa4-a97d-d965ccfc6d4b" outcome="Passed" testListId="8c84fa94-04c1-424b-9868-57a2d4851a1d" relativeResultsDirectory="8ad2819c-c9af-46bf-bd3f-59220a07439d" />
    <UnitTestResult executionId="f592e836-4fcd-4971-8eae-4ea48a020994" testId="758ded00-253a-01de-65f8-b4892f2d016b" testName="BookmarkSearchTime_WithSearchStringInDifferentCases_ReturnCorrectBookmarkWithSearchStringInHeader (SeArChStRiNg,True,True,False,True,,,1)" computerName="DKSR-EFI-04" duration="00:00:00.0029819" startTime="2023-12-22T09:38:01.1639131+01:00" endTime="2023-12-22T09:38:01.1795337+01:00" testType="13cdc9d9-ddb5-4fa4-a97d-d965ccfc6d4b" outcome="Passed" testListId="8c84fa94-04c1-424b-9868-57a2d4851a1d" relativeResultsDirectory="f592e836-4fcd-4971-8eae-4ea48a020994" />
    <UnitTestResult executionId="9b83288d-e23b-45bd-ab2f-adb52c581496" testId="f482a2f5-ee23-f9e4-c2fa-729d4fc94abb" testName="FocussedSearchResult_FocussedSearchResultIsKeptWhenShowPartialResultsChanges" computerName="DKSR-EFI-04" duration="00:00:00.0097214" startTime="2023-12-22T09:37:28.4293573+01:00" endTime="2023-12-22T09:37:28.4449817+01:00" testType="13cdc9d9-ddb5-4fa4-a97d-d965ccfc6d4b" outcome="Passed" testListId="8c84fa94-04c1-424b-9868-57a2d4851a1d" relativeResultsDirectory="9b83288d-e23b-45bd-ab2f-adb52c581496" />
    <UnitTestResult executionId="9674c27a-aa71-442d-8fdf-008b47c8419b" testId="863152b5-1e2c-356b-c14c-cd62911ba167" testName="PatrollingStepListViewModel_CanDeleteStepExecute" computerName="DKSR-EFI-04" duration="00:00:00.0016271" startTime="2023-12-22T09:37:58.0701401+01:00" endTime="2023-12-22T09:37:58.0701401+01:00" testType="13cdc9d9-ddb5-4fa4-a97d-d965ccfc6d4b" outcome="Passed" testListId="8c84fa94-04c1-424b-9868-57a2d4851a1d" relativeResultsDirectory="9674c27a-aa71-442d-8fdf-008b47c8419b" />
    <UnitTestResult executionId="489f68b5-b571-48e8-bd3b-672a8d992d71" testId="f948b06a-352e-85e9-1354-e9aec0364e60" testName="Ctor_NullResourceManager_Throws" computerName="DKSR-EFI-04" duration="00:00:00.0254300" startTime="2023-12-22T09:37:26.0387101+01:00" endTime="2023-12-22T09:37:26.0699609+01:00" testType="13cdc9d9-ddb5-4fa4-a97d-d965ccfc6d4b" outcome="Passed" testListId="8c84fa94-04c1-424b-9868-57a2d4851a1d" relativeResultsDirectory="489f68b5-b571-48e8-bd3b-672a8d992d71" />
    <UnitTestResult executionId="623ab54e-d298-4b7b-b832-621e5172035f" testId="ce2cf82c-5810-0ccc-465a-37da15418741" testName="HandleSetLayerFeatures_ShouldRaiseArgumentException_WhenMicrophoneKindAndNotMicrophoneLayerFeatures" computerName="DKSR-EFI-04" duration="00:00:00.0024491" startTime="2023-12-22T09:37:55.8201217+01:00" endTime="2023-12-22T09:37:55.8201217+01:00" testType="13cdc9d9-ddb5-4fa4-a97d-d965ccfc6d4b" outcome="Passed" testListId="8c84fa94-04c1-424b-9868-57a2d4851a1d" relativeResultsDirectory="623ab54e-d298-4b7b-b832-621e5172035f" />
    <UnitTestResult executionId="02f7b109-f9b8-4dbb-a5b2-ad8ce65f240e" testId="d8aaa504-6178-a22d-3fb8-ce2b255c46bf" testName="Toolbar_IsVisible_WhenNotInLiveOrPlayback_ButFullscreen" computerName="DKSR-EFI-04" duration="00:00:00.0199599" startTime="2023-12-22T09:37:59.3513990+01:00" endTime="2023-12-22T09:37:59.3670257+01:00" testType="13cdc9d9-ddb5-4fa4-a97d-d965ccfc6d4b" outcome="Passed" testListId="8c84fa94-04c1-424b-9868-57a2d4851a1d" relativeResultsDirectory="02f7b109-f9b8-4dbb-a5b2-ad8ce65f240e" />
    <UnitTestResult executionId="5167784c-196a-4118-9232-70ce121d30a9" testId="028566f8-b92e-8888-84dd-3fb5690b9d88" testName="TwoHours_Success" computerName="DKSR-EFI-04" duration="00:00:00.0002581" startTime="2023-12-22T09:37:34.2106321+01:00" endTime="2023-12-22T09:37:34.2106321+01:00" testType="13cdc9d9-ddb5-4fa4-a97d-d965ccfc6d4b" outcome="Passed" testListId="8c84fa94-04c1-424b-9868-57a2d4851a1d" relativeResultsDirectory="5167784c-196a-4118-9232-70ce121d30a9" />
    <UnitTestResult executionId="1c328d91-74a4-45c4-908b-6b8173d836c7" testId="80e1e452-82cf-b088-db40-d28f7d32c62d" testName="EdgeRetrieve when Other" computerName="DKSR-EFI-04" duration="00:00:00.0164835" startTime="2023-12-22T09:37:58.8045216+01:00" endTime="2023-12-22T09:37:59.0389054+01:00" testType="13cdc9d9-ddb5-4fa4-a97d-d965ccfc6d4b" outcome="Passed" testListId="8c84fa94-04c1-424b-9868-57a2d4851a1d" relativeResultsDirectory="1c328d91-74a4-45c4-908b-6b8173d836c7" />
    <UnitTestResult executionId="4ad8a6d6-dfbc-48e3-aad9-465b5a3bade0" testId="41f04a9d-5df2-9e79-b05d-aaa6c4b08e60" testName="CreateNewGroup_NewUser" computerName="DKSR-EFI-04" duration="00:00:00.0279124" startTime="2023-12-22T09:36:07.5382906+01:00" endTime="2023-12-22T09:36:07.5539158+01:00" testType="13cdc9d9-ddb5-4fa4-a97d-d965ccfc6d4b" outcome="Passed" testListId="8c84fa94-04c1-424b-9868-57a2d4851a1d" relativeResultsDirectory="4ad8a6d6-dfbc-48e3-aad9-465b5a3bade0" />
    <UnitTestResult executionId="17b169a8-ff5b-4c91-9007-5b1cdc22d6e1" testId="aa6b509d-ef33-e576-b983-961276c69241" testName="SearchResultsActionBarActions_SendToFloatingWindow_InvokeCommand_Success" computerName="DKSR-EFI-04" duration="00:00:00.0266546" startTime="2023-12-22T09:37:25.4137089+01:00" endTime="2023-12-22T09:37:25.4449617+01:00" testType="13cdc9d9-ddb5-4fa4-a97d-d965ccfc6d4b" outcome="Passed" testListId="8c84fa94-04c1-424b-9868-57a2d4851a1d" relativeResultsDirectory="17b169a8-ff5b-4c91-9007-5b1cdc22d6e1" />
    <UnitTestResult executionId="79aca4c1-d6f7-41a0-86bd-b669e4125ca1" testId="9586cc92-f1bb-653a-bd17-70b79fb89f50" testName="Deserialize_InvalidPluginIdElement_Error" computerName="DKSR-EFI-04" duration="00:00:00.0012717" startTime="2023-12-22T09:37:35.4137736+01:00" endTime="2023-12-22T09:37:35.4137736+01:00" testType="13cdc9d9-ddb5-4fa4-a97d-d965ccfc6d4b" outcome="Passed" testListId="8c84fa94-04c1-424b-9868-57a2d4851a1d" relativeResultsDirectory="79aca4c1-d6f7-41a0-86bd-b669e4125ca1" />
    <UnitTestResult executionId="7b499ddd-b439-4f50-838b-4fa3ee1bd13a" testId="b5155b68-06cf-ff0d-b5a3-6677768f61c2" testName="SignUrl_WhereSignatureIsNotBase64_ThrowException" computerName="DKSR-EFI-04" duration="00:00:00.0018536" startTime="2023-12-22T09:36:14.8820815+01:00" endTime="2023-12-22T09:36:14.8820815+01:00" testType="13cdc9d9-ddb5-4fa4-a97d-d965ccfc6d4b" outcome="Passed" testListId="8c84fa94-04c1-424b-9868-57a2d4851a1d" relativeResultsDirectory="7b499ddd-b439-4f50-838b-4fa3ee1bd13a" />
    <UnitTestResult executionId="0bdfe96e-7300-4309-9bf6-2b2536c8313b" testId="a11326b9-3454-b2a2-061f-4440307800dc" testName="OpenStreetMapLayerIsDisabled_ShouldReturnTrue_WhenOpenStreetMapGeographicLayerOptionIsNotAvailableAndOpenStreetMapAlternativeServerIsEmpty" computerName="DKSR-EFI-04" duration="00:00:00.0076683" startTime="2023-12-22T09:37:50.0700964+01:00" endTime="2023-12-22T09:37:50.0700964+01:00" testType="13cdc9d9-ddb5-4fa4-a97d-d965ccfc6d4b" outcome="Passed" testListId="8c84fa94-04c1-424b-9868-57a2d4851a1d" relativeResultsDirectory="0bdfe96e-7300-4309-9bf6-2b2536c8313b" />
    <UnitTestResult executionId="7e55d436-2e3b-4b99-8150-3c72ec132ee3" testId="9dcc893b-d6ef-d5e3-81ca-720cad492687" testName="LoadInitialState_ValidStateInStateManage_ReturnsStateFromStateManager" computerName="DKSR-EFI-04" duration="00:00:00.0022612" startTime="2023-12-22T09:36:30.5852876+01:00" endTime="2023-12-22T09:36:30.5852876+01:00" testType="13cdc9d9-ddb5-4fa4-a97d-d965ccfc6d4b" outcome="Passed" testListId="8c84fa94-04c1-424b-9868-57a2d4851a1d" relativeResultsDirectory="7e55d436-2e3b-4b99-8150-3c72ec132ee3" />
    <UnitTestResult executionId="dc101a9f-29e7-4557-89a4-8484f1de9a1c" testId="7bad54ac-e807-b7de-c086-e2462b8bfb21" testName="SmartMapGoToAreaHandler_WhenDataIsInvalid_ShouldWriteToLog" computerName="DKSR-EFI-04" duration="00:00:00.0062612" startTime="2023-12-22T09:36:23.7258771+01:00" endTime="2023-12-22T09:36:23.7258771+01:00" testType="13cdc9d9-ddb5-4fa4-a97d-d965ccfc6d4b" outcome="Passed" testListId="8c84fa94-04c1-424b-9868-57a2d4851a1d" relativeResultsDirectory="dc101a9f-29e7-4557-89a4-8484f1de9a1c" />
    <UnitTestResult executionId="be07fd5b-723e-487e-ac7e-2ea4e9b08f7c" testId="a23b4ce6-5a10-4f53-6d78-06dd8b92b431" testName="PatrollingStepViewModel_CreatePatrollingStepViewModel_Success" computerName="DKSR-EFI-04" duration="00:00:00.0017434" startTime="2023-12-22T09:37:58.1013853+01:00" endTime="2023-12-22T09:37:58.1170123+01:00" testType="13cdc9d9-ddb5-4fa4-a97d-d965ccfc6d4b" outcome="Passed" testListId="8c84fa94-04c1-424b-9868-57a2d4851a1d" relativeResultsDirectory="be07fd5b-723e-487e-ac7e-2ea4e9b08f7c" />
    <UnitTestResult executionId="0c964237-2c37-49ec-9a52-a2244184cd6d" testId="f472fa58-6e18-42be-4063-867fef6b02e5" testName="AddResults_IncludePartialResults_TwoPartialResult_Success" computerName="DKSR-EFI-04" duration="00:00:00.0025847" startTime="2023-12-22T09:37:35.1168886+01:00" endTime="2023-12-22T09:37:35.1168886+01:00" testType="13cdc9d9-ddb5-4fa4-a97d-d965ccfc6d4b" outcome="Passed" testListId="8c84fa94-04c1-424b-9868-57a2d4851a1d" relativeResultsDirectory="0c964237-2c37-49ec-9a52-a2244184cd6d" />
    <UnitTestResult executionId="fc6e27fa-3610-4f14-9d36-cdd55f9e661d" testId="7a16e0cb-4e01-7898-4d17-e4adaaac865e" testName="Constructor_ShouldRaiseArgumentNullException_WhenLayersIsNull" computerName="DKSR-EFI-04" duration="00:00:00.0025751" startTime="2023-12-22T09:37:55.8201217+01:00" endTime="2023-12-22T09:37:55.8201217+01:00" testType="13cdc9d9-ddb5-4fa4-a97d-d965ccfc6d4b" outcome="Passed" testListId="8c84fa94-04c1-424b-9868-57a2d4851a1d" relativeResultsDirectory="fc6e27fa-3610-4f14-9d36-cdd55f9e661d" />
    <UnitTestResult executionId="d7da5551-0c5e-4d26-a123-1cef5a0979dd" testId="603c4aa1-d1a2-454e-a0ed-ef37e0b81ab7" testName="GetDefaultReportDestination_WrongUserSettings_ReturnsDefaultFolder" computerName="DKSR-EFI-04" duration="00:00:00.0070166" startTime="2023-12-22T09:37:24.5699545+01:00" endTime="2023-12-22T09:37:24.5699545+01:00" testType="13cdc9d9-ddb5-4fa4-a97d-d965ccfc6d4b" outcome="Passed" testListId="8c84fa94-04c1-424b-9868-57a2d4851a1d" relativeResultsDirectory="d7da5551-0c5e-4d26-a123-1cef5a0979dd" />
    <UnitTestResult executionId="16a7ba30-dac4-4a85-a222-d7e1be9d3d89" testId="920a2918-af9a-e3ed-e910-d0d07bf9fed3" testName="IsProcessing_CancelWhileUnprocessedItemsAndThenResumeSearch_Success" computerName="DKSR-EFI-04" duration="00:00:00.0019350" startTime="2023-12-22T09:37:35.1012648+01:00" endTime="2023-12-22T09:37:35.1012648+01:00" testType="13cdc9d9-ddb5-4fa4-a97d-d965ccfc6d4b" outcome="Passed" testListId="8c84fa94-04c1-424b-9868-57a2d4851a1d" relativeResultsDirectory="16a7ba30-dac4-4a85-a222-d7e1be9d3d89" />
    <UnitTestResult executionId="73dd180e-9c03-4c0c-953c-e656b506e6e1" testId="a7073313-f063-a674-8d00-3ff21318e1ce" testName="CreateCameraListItem_ShouldAddRegionSelectionToFilterValue_WhenNotAlreadyPresent" computerName="DKSR-EFI-04" duration="00:00:00.0036237" startTime="2023-12-22T09:37:49.1169647+01:00" endTime="2023-12-22T09:37:49.1169647+01:00" testType="13cdc9d9-ddb5-4fa4-a97d-d965ccfc6d4b" outcome="Passed" testListId="8c84fa94-04c1-424b-9868-57a2d4851a1d" relativeResultsDirectory="73dd180e-9c03-4c0c-953c-e656b506e6e1" />
    <UnitTestResult executionId="5944f0c6-6833-45bf-ab12-2e02017e9ab3" testId="8338d7c2-18e7-4534-499f-88d705208b50" testName="CreateGeometry_FourCornerBuildingNotClosed_Success" computerName="DKSR-EFI-04" duration="00:00:00.0003644" startTime="2023-12-22T09:37:57.3201337+01:00" endTime="2023-12-22T09:37:57.3201337+01:00" testType="13cdc9d9-ddb5-4fa4-a97d-d965ccfc6d4b" outcome="Passed" testListId="8c84fa94-04c1-424b-9868-57a2d4851a1d" relativeResultsDirectory="5944f0c6-6833-45bf-ab12-2e02017e9ab3" />
    <UnitTestResult executionId="60d2725b-4af4-474b-b00e-bd39c6470371" testId="d2ac6e2c-d244-6600-ac41-33c9ad0aa47c" testName="Close_ShouldBeInvoked_WhenMarkerIsDisposed" computerName="DKSR-EFI-04" duration="00:00:00.0729299" startTime="2023-12-22T09:36:19.1321046+01:00" endTime="2023-12-22T09:36:19.2102258+01:00" testType="13cdc9d9-ddb5-4fa4-a97d-d965ccfc6d4b" outcome="Passed" testListId="8c84fa94-04c1-424b-9868-57a2d4851a1d" relativeResultsDirectory="60d2725b-4af4-474b-b00e-bd39c6470371" />
    <UnitTestResult executionId="b5da82aa-4fad-4717-a26d-2f2d8dd228c6" testId="55849d48-8f3f-820c-27fa-98e4f30a7358" testName="OutputMapItem_ForceActivateAsync_NotInBuilding_Success" computerName="DKSR-EFI-04" duration="00:00:00.2026111" startTime="2023-12-22T09:37:54.2107436+01:00" endTime="2023-12-22T09:37:54.4138711+01:00" testType="13cdc9d9-ddb5-4fa4-a97d-d965ccfc6d4b" outcome="Passed" testListId="8c84fa94-04c1-424b-9868-57a2d4851a1d" relativeResultsDirectory="b5da82aa-4fad-4717-a26d-2f2d8dd228c6" />
    <UnitTestResult executionId="871d6eaa-d01e-47b3-a21c-7fc14a4c2724" testId="c16f8099-6dbb-2cba-9e36-c36b7b8492a9" testName="Compare_SameTriggerTimeDeterministicBehavior_CameraId_Success" computerName="DKSR-EFI-04" duration="00:00:00.0007555" startTime="2023-12-22T09:37:35.3512604+01:00" endTime="2023-12-22T09:37:35.3512604+01:00" testType="13cdc9d9-ddb5-4fa4-a97d-d965ccfc6d4b" outcome="Passed" testListId="8c84fa94-04c1-424b-9868-57a2d4851a1d" relativeResultsDirectory="871d6eaa-d01e-47b3-a21c-7fc14a4c2724" />
    <UnitTestResult executionId="078b161e-ccde-4670-8651-5030895a8afe" testId="6de4aab5-2fa1-b939-34a5-199a14825407" testName="CreateSearchTemplateAsync_EmptyParameters_Success" computerName="DKSR-EFI-04" duration="00:00:00.0027099" startTime="2023-12-22T09:37:33.8981321+01:00" endTime="2023-12-22T09:37:33.8981321+01:00" testType="13cdc9d9-ddb5-4fa4-a97d-d965ccfc6d4b" outcome="Passed" testListId="8c84fa94-04c1-424b-9868-57a2d4851a1d" relativeResultsDirectory="078b161e-ccde-4670-8651-5030895a8afe" />
    <UnitTestResult executionId="f6640a59-6167-4a17-bee0-e87d7bd53bd5" testId="de09b4c2-8c85-fd07-a4bd-ac2ed052171a" testName="SevenDays_Success" computerName="DKSR-EFI-04" duration="00:00:00.0001851" startTime="2023-12-22T09:37:34.2106321+01:00" endTime="2023-12-22T09:37:34.2106321+01:00" testType="13cdc9d9-ddb5-4fa4-a97d-d965ccfc6d4b" outcome="Passed" testListId="8c84fa94-04c1-424b-9868-57a2d4851a1d" relativeResultsDirectory="f6640a59-6167-4a17-bee0-e87d7bd53bd5" />
    <UnitTestResult executionId="34f9d0c5-80f3-47aa-9823-e7ceaa8fffbf" testId="a189583c-978a-c969-def3-f27770df3054" testName="ClearAllItemOutlines_MappedToViewModel_Success" computerName="DKSR-EFI-04" duration="00:00:00.0141906" startTime="2023-12-22T09:36:24.2883781+01:00" endTime="2023-12-22T09:36:24.3040043+01:00" testType="13cdc9d9-ddb5-4fa4-a97d-d965ccfc6d4b" outcome="Passed" testListId="8c84fa94-04c1-424b-9868-57a2d4851a1d" relativeResultsDirectory="34f9d0c5-80f3-47aa-9823-e7ceaa8fffbf" />
    <UnitTestResult executionId="85877050-f951-452f-a818-8521bb557a3e" testId="98e4ae88-2a6f-4ea6-fc3c-66faedd2526c" testName="AttributeValueGet_NotNullValue_Success" computerName="DKSR-EFI-04" duration="00:00:00.0115576" startTime="2023-12-22T09:37:48.9919670+01:00" endTime="2023-12-22T09:37:49.0075864+01:00" testType="13cdc9d9-ddb5-4fa4-a97d-d965ccfc6d4b" outcome="Passed" testListId="8c84fa94-04c1-424b-9868-57a2d4851a1d" relativeResultsDirectory="85877050-f951-452f-a818-8521bb557a3e" />
    <UnitTestResult executionId="99b0b017-98ce-49e5-8728-fdafea220a14" testId="9dd385ef-b7c1-a45d-9dea-e00dc401f11c" testName="SetIncludePartialResults_ShouldNotFireEvent_WhenSameValueApplied" computerName="DKSR-EFI-04" duration="00:00:00.0011849" startTime="2023-12-22T09:37:35.1168886+01:00" endTime="2023-12-22T09:37:35.1325152+01:00" testType="13cdc9d9-ddb5-4fa4-a97d-d965ccfc6d4b" outcome="Passed" testListId="8c84fa94-04c1-424b-9868-57a2d4851a1d" relativeResultsDirectory="99b0b017-98ce-49e5-8728-fdafea220a14" />
    <UnitTestResult executionId="4648c2ac-3e51-47a2-ada2-0cd222f4723a" testId="f23cbfaa-bd0e-0a68-964c-aedac70dbd89" testName="Constructor_ShouldRaiseArgumentNullException_WhenLayersIsNull" computerName="DKSR-EFI-04" duration="00:00:00.0036239" startTime="2023-12-22T09:37:55.8982514+01:00" endTime="2023-12-22T09:37:55.9138735+01:00" testType="13cdc9d9-ddb5-4fa4-a97d-d965ccfc6d4b" outcome="Passed" testListId="8c84fa94-04c1-424b-9868-57a2d4851a1d" relativeResultsDirectory="4648c2ac-3e51-47a2-ada2-0cd222f4723a" />
    <UnitTestResult executionId="0cbbd7bd-3f2b-49fa-9e00-9b8b79c94571" testId="d4872f30-d2e7-fc1d-f456-df3197080a48" testName="CameraMapItem_ForceActivateAsync_NotInBuilding_Success" computerName="DKSR-EFI-04" duration="00:00:00.1992570" startTime="2023-12-22T09:37:51.3044835+01:00" endTime="2023-12-22T09:37:51.5075969+01:00" testType="13cdc9d9-ddb5-4fa4-a97d-d965ccfc6d4b" outcome="Passed" testListId="8c84fa94-04c1-424b-9868-57a2d4851a1d" relativeResultsDirectory="0cbbd7bd-3f2b-49fa-9e00-9b8b79c94571" />
    <UnitTestResult executionId="1421715b-7b90-46ac-9f82-cda17ea38ad5" testId="2a167ce1-2e85-c399-ed2a-4777d927b987" testName="AddSelectedWindowsToExport_ShouldShowCorrectToastMessages (5,5,0)" computerName="DKSR-EFI-04" duration="00:00:00.0075475" startTime="2023-12-22T09:38:00.2420260+01:00" endTime="2023-12-22T09:38:00.2420260+01:00" testType="13cdc9d9-ddb5-4fa4-a97d-d965ccfc6d4b" outcome="Passed" testListId="8c84fa94-04c1-424b-9868-57a2d4851a1d" relativeResultsDirectory="1421715b-7b90-46ac-9f82-cda17ea38ad5" />
    <UnitTestResult executionId="f0c11d07-dfe7-4e58-9b16-6703a69011af" testId="7bc99a94-0c53-913f-78d1-d1b66b08b925" testName="DrawProperty_ShouldNotInjectEmptyPages_WhenDrawingLargeProperty" computerName="DKSR-EFI-04" duration="00:00:00.0477069" startTime="2023-12-22T09:37:29.8981068+01:00" endTime="2023-12-22T09:37:29.9449839+01:00" testType="13cdc9d9-ddb5-4fa4-a97d-d965ccfc6d4b" outcome="Passed" testListId="8c84fa94-04c1-424b-9868-57a2d4851a1d" relativeResultsDirectory="f0c11d07-dfe7-4e58-9b16-6703a69011af" />
    <UnitTestResult executionId="61d68f61-b90f-4249-9e2c-0ace766bc23d" testId="40975595-da4a-f761-4446-28adcce54b50" testName="MergeOptionNodes_ShouldMergeOptionsFromOldKeyAndNewKey_WhenBothSettingsHaveOptionsAndEmptyNamespaceAddedToOptionsElement" computerName="DKSR-EFI-04" duration="00:00:00.0005549" startTime="2023-12-22T09:38:00.4139031+01:00" endTime="2023-12-22T09:38:00.4139031+01:00" testType="13cdc9d9-ddb5-4fa4-a97d-d965ccfc6d4b" outcome="Passed" testListId="8c84fa94-04c1-424b-9868-57a2d4851a1d" relativeResultsDirectory="61d68f61-b90f-4249-9e2c-0ace766bc23d" />
    <UnitTestResult executionId="4f02df6e-b992-49fc-a4dc-e55498bd44a9" testId="cb7e0b0b-265a-1cd7-8d28-4bc375b72be8" testName="TestLoadLevelsAsync_CommunicationFailure_Success" computerName="DKSR-EFI-04" duration="00:00:00.0111278" startTime="2023-12-22T09:37:49.3669678+01:00" endTime="2023-12-22T09:37:49.3825882+01:00" testType="13cdc9d9-ddb5-4fa4-a97d-d965ccfc6d4b" outcome="Passed" testListId="8c84fa94-04c1-424b-9868-57a2d4851a1d" relativeResultsDirectory="4f02df6e-b992-49fc-a4dc-e55498bd44a9" />
    <UnitTestResult executionId="5e3987da-849b-4ea6-b5a6-2aa7054e1a2f" testId="ac792034-f247-0505-126f-c91db503a0d1" testName="False" computerName="DKSR-EFI-04" duration="00:00:00.0011080" startTime="2023-12-22T09:38:00.4451548+01:00" endTime="2023-12-22T09:38:00.4451548+01:00" testType="13cdc9d9-ddb5-4fa4-a97d-d965ccfc6d4b" outcome="Passed" testListId="8c84fa94-04c1-424b-9868-57a2d4851a1d" relativeResultsDirectory="5e3987da-849b-4ea6-b5a6-2aa7054e1a2f" />
    <UnitTestResult executionId="37fd5cc7-2eee-45b0-a6d5-45d1673cf4dc" testId="d8b647c6-ef54-f676-621e-8f04d1dc548d" testName="SelectTemplate_NullViewModelSearchAttribute_Throws" computerName="DKSR-EFI-04" duration="00:00:00.0014832" startTime="2023-12-22T09:36:30.9134141+01:00" endTime="2023-12-22T09:36:30.9134141+01:00" testType="13cdc9d9-ddb5-4fa4-a97d-d965ccfc6d4b" outcome="Passed" testListId="8c84fa94-04c1-424b-9868-57a2d4851a1d" relativeResultsDirectory="37fd5cc7-2eee-45b0-a6d5-45d1673cf4dc" />
    <UnitTestResult executionId="e6cda634-6b01-47e9-9f40-24a2156776e4" testId="4aa175c2-c268-2aa8-a9f4-2e34c2367c47" testName="IsVisible_MultipleSelectedResult_ReturnsTrue" computerName="DKSR-EFI-04" duration="00:00:00.0098709" startTime="2023-12-22T09:37:24.9137083+01:00" endTime="2023-12-22T09:37:24.9137083+01:00" testType="13cdc9d9-ddb5-4fa4-a97d-d965ccfc6d4b" outcome="Passed" testListId="8c84fa94-04c1-424b-9868-57a2d4851a1d" relativeResultsDirectory="e6cda634-6b01-47e9-9f40-24a2156776e4" />
    <UnitTestResult executionId="7debf864-3325-4074-bdae-752d2afea1e9" testId="2e3adaa4-ba6e-d91b-783c-2bb11efe1b7a" testName="Ctor_WpfMessageBoxButtonIsSetToYesNo_OnlyYesNoButtonsVisible" computerName="DKSR-EFI-04" duration="00:00:00.0004148" startTime="2023-12-22T09:37:59.5076461+01:00" endTime="2023-12-22T09:37:59.5076461+01:00" testType="13cdc9d9-ddb5-4fa4-a97d-d965ccfc6d4b" outcome="Passed" testListId="8c84fa94-04c1-424b-9868-57a2d4851a1d" relativeResultsDirectory="7debf864-3325-4074-bdae-752d2afea1e9" />
    <UnitTestResult executionId="29f9d6de-a282-4408-83ae-648d945da460" testId="ea5a4ea7-1d9c-b14b-b54d-c59f326749f2" testName="TestSwitchWorkroom_UnknownWorkroom_Refuse" computerName="DKSR-EFI-04" duration="00:00:00.0283783" startTime="2023-12-22T09:36:06.8195394+01:00" endTime="2023-12-22T09:36:06.8507864+01:00" testType="13cdc9d9-ddb5-4fa4-a97d-d965ccfc6d4b" outcome="Passed" testListId="8c84fa94-04c1-424b-9868-57a2d4851a1d" relativeResultsDirectory="29f9d6de-a282-4408-83ae-648d945da460" />
    <UnitTestResult executionId="1ac05fe0-ddc8-499e-91cb-24f02d29c379" testId="102b1376-858e-c079-f8d2-05ad7ca84e2b" testName="PerfCnt_ExecuteUnknownCounter_Success" computerName="DKSR-EFI-04" duration="00:00:00.0010755" startTime="2023-12-22T09:37:59.6013967+01:00" endTime="2023-12-22T09:37:59.6013967+01:00" testType="13cdc9d9-ddb5-4fa4-a97d-d965ccfc6d4b" outcome="Passed" testListId="8c84fa94-04c1-424b-9868-57a2d4851a1d" relativeResultsDirectory="1ac05fe0-ddc8-499e-91cb-24f02d29c379" />
    <UnitTestResult executionId="c1cd1b02-d3ee-4cee-b8cd-ccfb38eabf95" testId="5fd77bc3-628f-79b5-9bc7-14dea7ab0867" testName="SmartMapGetPositionRequestHandler_WhenDataIsNotSmartMapGetPositionRequestData_ShouldWriteToLog" computerName="DKSR-EFI-04" duration="00:00:00.0031761" startTime="2023-12-22T09:36:23.7415025+01:00" endTime="2023-12-22T09:36:23.7415025+01:00" testType="13cdc9d9-ddb5-4fa4-a97d-d965ccfc6d4b" outcome="Passed" testListId="8c84fa94-04c1-424b-9868-57a2d4851a1d" relativeResultsDirectory="c1cd1b02-d3ee-4cee-b8cd-ccfb38eabf95" />
    <UnitTestResult executionId="e11356c9-afc0-4a9b-b3ae-6cb394f84d20" testId="92df0312-a314-f2ad-872b-182bbef5a446" testName="ValidateExportFormats_VideoClipFormat_ShouldValidate" computerName="DKSR-EFI-04" duration="00:00:00.0170179" startTime="2023-12-22T09:36:30.1009114+01:00" endTime="2023-12-22T09:36:30.1165383+01:00" testType="13cdc9d9-ddb5-4fa4-a97d-d965ccfc6d4b" outcome="Passed" testListId="8c84fa94-04c1-424b-9868-57a2d4851a1d" relativeResultsDirectory="e11356c9-afc0-4a9b-b3ae-6cb394f84d20" />
    <UnitTestResult executionId="7f576ff3-1530-4443-838d-a52230fc7ab1" testId="0aa70671-374f-7770-8a94-a9ce6a48572f" testName="OnIsVisiblePropertyChanged_ShouldActivateSoundOfAllUnmutedMicrophones_WhenShowingMicrophonesLayer" computerName="DKSR-EFI-04" duration="00:00:00.0130993" startTime="2023-12-22T09:37:53.2888596+01:00" endTime="2023-12-22T09:37:53.3044998+01:00" testType="13cdc9d9-ddb5-4fa4-a97d-d965ccfc6d4b" outcome="Passed" testListId="8c84fa94-04c1-424b-9868-57a2d4851a1d" relativeResultsDirectory="7f576ff3-1530-4443-838d-a52230fc7ab1" />
    <UnitTestResult executionId="4af09cb0-6115-4405-bc3f-0a9e1e858b6e" testId="d075e987-3000-b723-e176-5d1d494fc6f2" testName="ApplyStatesToUi_StateWithoutItemSize_UpdateItemSizeNotCalled" computerName="DKSR-EFI-04" duration="00:00:01.2677519" startTime="2023-12-22T09:36:48.8041359+01:00" endTime="2023-12-22T09:36:50.0699946+01:00" testType="13cdc9d9-ddb5-4fa4-a97d-d965ccfc6d4b" outcome="Passed" testListId="8c84fa94-04c1-424b-9868-57a2d4851a1d" relativeResultsDirectory="4af09cb0-6115-4405-bc3f-0a9e1e858b6e" />
    <UnitTestResult executionId="ea1ec94f-4e2a-4c4d-a99c-16232d9f18eb" testId="6480e990-929e-4f74-6838-96e2b97d0c00" testName="Constructor_ShouldRaiseArgumentNullException_WhenDeviceIdsIsNull" computerName="DKSR-EFI-04" duration="00:00:00.0005908" startTime="2023-12-22T09:37:57.8045068+01:00" endTime="2023-12-22T09:37:57.8045068+01:00" testType="13cdc9d9-ddb5-4fa4-a97d-d965ccfc6d4b" outcome="Passed" testListId="8c84fa94-04c1-424b-9868-57a2d4851a1d" relativeResultsDirectory="ea1ec94f-4e2a-4c4d-a99c-16232d9f18eb" />
    <UnitTestResult executionId="c8b55d76-e517-4a03-a53e-d02307302837" testId="f4a64d46-5162-ebbc-c6d5-bf9ee224f0ba" testName="ActionBarPluginsEnabled_TwoPluginsWithDifferentOverflowModes_PluginButtonPresentInActionBarAndSortedCorrectly" computerName="DKSR-EFI-04" duration="00:00:00.0548807" startTime="2023-12-22T09:36:33.4603054+01:00" endTime="2023-12-22T09:36:33.5071779+01:00" testType="13cdc9d9-ddb5-4fa4-a97d-d965ccfc6d4b" outcome="Passed" testListId="8c84fa94-04c1-424b-9868-57a2d4851a1d" relativeResultsDirectory="c8b55d76-e517-4a03-a53e-d02307302837" />
    <UnitTestResult executionId="db061127-4e84-46dc-aed5-4456fa9d6230" testId="b0e999aa-6f2d-cdfd-39f2-77fd8d2611be" testName="Compare_NotNullVsNull_LessThan" computerName="DKSR-EFI-04" duration="00:00:00.0001670" startTime="2023-12-22T09:37:35.2887642+01:00" endTime="2023-12-22T09:37:35.2887642+01:00" testType="13cdc9d9-ddb5-4fa4-a97d-d965ccfc6d4b" outcome="Passed" testListId="8c84fa94-04c1-424b-9868-57a2d4851a1d" relativeResultsDirectory="db061127-4e84-46dc-aed5-4456fa9d6230" />
    <UnitTestResult executionId="8827fbcf-aa78-4172-a52b-c2246d00803e" testId="91ffcb1a-560f-f3c6-61e7-9aaab2d982dc" testName="SmartSearchStatusType_ShouldYieldSameValuesForAllEnumValues_WhenRoundTripConverted (SearchCancelled,SearchCancelled)" computerName="DKSR-EFI-04" duration="00:00:00.0067072" startTime="2023-12-22T09:36:00.3820040+01:00" endTime="2023-12-22T09:36:00.5695032+01:00" testType="13cdc9d9-ddb5-4fa4-a97d-d965ccfc6d4b" outcome="Passed" testListId="8c84fa94-04c1-424b-9868-57a2d4851a1d" relativeResultsDirectory="8827fbcf-aa78-4172-a52b-c2246d00803e" />
    <UnitTestResult executionId="11654f31-4329-49e0-ab2f-847ff43d6668" testId="1827dddb-e32e-3062-ab3d-687741a79313" testName="EnsureLayersOrderIsValidBy_AddLayersAt_AfterLast_Success" computerName="DKSR-EFI-04" duration="00:00:00.0528563" startTime="2023-12-22T09:37:52.8513602+01:00" endTime="2023-12-22T09:37:52.9138598+01:00" testType="13cdc9d9-ddb5-4fa4-a97d-d965ccfc6d4b" outcome="Passed" testListId="8c84fa94-04c1-424b-9868-57a2d4851a1d" relativeResultsDirectory="11654f31-4329-49e0-ab2f-847ff43d6668" />
    <UnitTestResult executionId="935be039-1741-4084-b854-e33625f6d472" testId="6ea25a13-961a-d8b8-8741-00e7f42d7603" testName="Unrelated_device_unchanged_when_camera_with_same_related_device_added" computerName="DKSR-EFI-04" duration="00:00:00.0025667" startTime="2023-12-22T09:38:07.2576877+01:00" endTime="2023-12-22T09:38:07.2576877+01:00" testType="13cdc9d9-ddb5-4fa4-a97d-d965ccfc6d4b" outcome="Passed" testListId="8c84fa94-04c1-424b-9868-57a2d4851a1d" relativeResultsDirectory="935be039-1741-4084-b854-e33625f6d472" />
    <UnitTestResult executionId="98a2731b-b7d3-42cd-9d44-108f1031d0b0" testId="1a5d20b5-3e71-5ce5-a87e-e4e29bb0d7d5" testName="Ctor_NullPlugin_Throws" computerName="DKSR-EFI-04" duration="00:00:00.0006508" startTime="2023-12-22T09:37:26.0699609+01:00" endTime="2023-12-22T09:37:26.0699609+01:00" testType="13cdc9d9-ddb5-4fa4-a97d-d965ccfc6d4b" outcome="Passed" testListId="8c84fa94-04c1-424b-9868-57a2d4851a1d" relativeResultsDirectory="98a2731b-b7d3-42cd-9d44-108f1031d0b0" />
    <UnitTestResult executionId="b6554d56-bb3f-4804-a2ad-acbf559eb7d5" testId="62ccd416-325f-fc18-4621-c0f70b480ec4" testName="MonitorLiveState_Deserialize_Success" computerName="DKSR-EFI-04" duration="00:00:00.0080025" startTime="2023-12-22T09:38:07.9764433+01:00" endTime="2023-12-22T09:38:07.9764433+01:00" testType="13cdc9d9-ddb5-4fa4-a97d-d965ccfc6d4b" outcome="Passed" testListId="8c84fa94-04c1-424b-9868-57a2d4851a1d" relativeResultsDirectory="b6554d56-bb3f-4804-a2ad-acbf559eb7d5" />
    <UnitTestResult executionId="0c8ed151-ad69-442a-9f35-69601f0b33c2" testId="11bc7ddd-0334-e311-f2a7-f381145ec805" testName="CreateGeometry_EmptyPointsCollection_ThrowsArgException" computerName="DKSR-EFI-04" duration="00:00:00.0012292" startTime="2023-12-22T09:37:57.2888828+01:00" endTime="2023-12-22T09:37:57.2888828+01:00" testType="13cdc9d9-ddb5-4fa4-a97d-d965ccfc6d4b" outcome="Passed" testListId="8c84fa94-04c1-424b-9868-57a2d4851a1d" relativeResultsDirectory="0c8ed151-ad69-442a-9f35-69601f0b33c2" />
    <UnitTestResult executionId="3ea1a652-a332-4ada-93b7-8745023daa13" testId="9029e935-145d-d5fd-fae9-96c860349038" testName="GetClusters_AddedItems_ClustersForAddedItems (Data Row 8)" computerName="DKSR-EFI-04" duration="00:00:00.0093798" startTime="2023-12-22T09:37:57.5232605+01:00" endTime="2023-12-22T09:37:57.7107610+01:00" testType="13cdc9d9-ddb5-4fa4-a97d-d965ccfc6d4b" outcome="Passed" testListId="8c84fa94-04c1-424b-9868-57a2d4851a1d" relativeResultsDirectory="3ea1a652-a332-4ada-93b7-8745023daa13" />
    <UnitTestResult executionId="0a3fa05d-8b5b-4f3e-8f6a-529c3a1831e2" testId="43ebd83e-9e77-e80a-e383-3f96bfb58151" testName="TwelveHours_Success" computerName="DKSR-EFI-04" duration="00:00:00.0001954" startTime="2023-12-22T09:37:34.2106321+01:00" endTime="2023-12-22T09:37:34.2106321+01:00" testType="13cdc9d9-ddb5-4fa4-a97d-d965ccfc6d4b" outcome="Passed" testListId="8c84fa94-04c1-424b-9868-57a2d4851a1d" relativeResultsDirectory="0a3fa05d-8b5b-4f3e-8f6a-529c3a1831e2" />
    <UnitTestResult executionId="67a57386-55de-4e26-9814-9fd27ff37c14" testId="4857c902-d3db-1acf-7754-f8c2fceb17a8" testName="AddItems_EmptyCollection_NoClusterChanges" computerName="DKSR-EFI-04" duration="00:00:00.0067831" startTime="2023-12-22T09:37:57.7263874+01:00" endTime="2023-12-22T09:37:57.7263874+01:00" testType="13cdc9d9-ddb5-4fa4-a97d-d965ccfc6d4b" outcome="Passed" testListId="8c84fa94-04c1-424b-9868-57a2d4851a1d" relativeResultsDirectory="67a57386-55de-4e26-9814-9fd27ff37c14" />
    <UnitTestResult executionId="e1b13a66-d95c-4810-85e2-d9cf8ab21af3" testId="b504ac94-d24b-65b3-ca37-c7d43c96a4da" testName="PointMapItem_InputWithNoShortName_Success" computerName="DKSR-EFI-04" duration="00:00:00.0626981" startTime="2023-12-22T09:37:54.7419949+01:00" endTime="2023-12-22T09:37:54.8045045+01:00" testType="13cdc9d9-ddb5-4fa4-a97d-d965ccfc6d4b" outcome="Passed" testListId="8c84fa94-04c1-424b-9868-57a2d4851a1d" relativeResultsDirectory="e1b13a66-d95c-4810-85e2-d9cf8ab21af3" />
    <UnitTestResult executionId="44ffa9ce-0c18-4182-b741-bb56958784a9" testId="4af45186-897f-200d-9f00-a1608aaab093" testName="NavigateAndSelectAsync_ReCenterCommandUsesOriginalValues" computerName="DKSR-EFI-04" duration="00:00:00.0510700" startTime="2023-12-22T09:36:14.3352055+01:00" endTime="2023-12-22T09:36:14.3977041+01:00" testType="13cdc9d9-ddb5-4fa4-a97d-d965ccfc6d4b" outcome="Passed" testListId="8c84fa94-04c1-424b-9868-57a2d4851a1d" relativeResultsDirectory="44ffa9ce-0c18-4182-b741-bb56958784a9" />
    <UnitTestResult executionId="62cd299a-f495-4430-baa2-04c4ab7bc8c9" testId="c0259e91-f91b-42ff-6977-459d0c7782fd" testName="EditCriteriaCommand_InEditSearchDefinition_Set" computerName="DKSR-EFI-04" duration="00:00:00.0075830" startTime="2023-12-22T09:37:28.0235918+01:00" endTime="2023-12-22T09:37:28.0387265+01:00" testType="13cdc9d9-ddb5-4fa4-a97d-d965ccfc6d4b" outcome="Passed" testListId="8c84fa94-04c1-424b-9868-57a2d4851a1d" relativeResultsDirectory="62cd299a-f495-4430-baa2-04c4ab7bc8c9" />
    <UnitTestResult executionId="ad0242d9-f7fc-46bd-adfd-b0b37d42f2ca" testId="3c716f34-734b-16bb-9f28-27f6b4a026ec" testName="Perform_NewActionDuringDelay_OverwritesPrevious" computerName="DKSR-EFI-04" duration="00:00:00.0045132" startTime="2023-12-22T09:36:07.3820410+01:00" endTime="2023-12-22T09:36:07.3976655+01:00" testType="13cdc9d9-ddb5-4fa4-a97d-d965ccfc6d4b" outcome="Passed" testListId="8c84fa94-04c1-424b-9868-57a2d4851a1d" relativeResultsDirectory="ad0242d9-f7fc-46bd-adfd-b0b37d42f2ca" />
    <UnitTestResult executionId="f9826042-3e9b-4539-a6d8-d5d1063e2396" testId="af1e35a2-62a8-4a4f-249d-2b9ad620f97f" testName="SupportsRightClick_ShouldBeTrue_WhenInteractionStateIsNormal" computerName="DKSR-EFI-04" duration="00:00:00.0415122" startTime="2023-12-22T09:36:22.1321175+01:00" endTime="2023-12-22T09:36:22.1789922+01:00" testType="13cdc9d9-ddb5-4fa4-a97d-d965ccfc6d4b" outcome="Passed" testListId="8c84fa94-04c1-424b-9868-57a2d4851a1d" relativeResultsDirectory="f9826042-3e9b-4539-a6d8-d5d1063e2396" />
    <UnitTestResult executionId="6082d6f7-b678-45e1-8aac-4fc28efe9cec" testId="dcdbbe69-ab49-7246-fc1b-b94cfe92e639" testName="ServerAuthentication_ShouldReturnLegacyWindows_WhenConstructedUsingWindows" computerName="DKSR-EFI-04" duration="00:00:00.0002433" startTime="2023-12-22T09:36:07.6945402+01:00" endTime="2023-12-22T09:36:07.6945402+01:00" testType="13cdc9d9-ddb5-4fa4-a97d-d965ccfc6d4b" outcome="Passed" testListId="8c84fa94-04c1-424b-9868-57a2d4851a1d" relativeResultsDirectory="6082d6f7-b678-45e1-8aac-4fc28efe9cec" />
    <UnitTestResult executionId="9b47fff6-3801-4d1b-934c-75137c70e992" testId="f3077786-632a-26ad-8d51-86ff9f306fe4" testName="BoundingBoxBrowseTimeChangedTestSameData" computerName="DKSR-EFI-04" duration="00:00:00.0045120" startTime="2023-12-22T09:38:01.8358320+01:00" endTime="2023-12-22T09:38:01.8358320+01:00" testType="13cdc9d9-ddb5-4fa4-a97d-d965ccfc6d4b" outcome="Passed" testListId="8c84fa94-04c1-424b-9868-57a2d4851a1d" relativeResultsDirectory="9b47fff6-3801-4d1b-934c-75137c70e992" />
    <UnitTestResult executionId="0db63779-729c-4b33-af78-a47c1e493970" testId="4efc28b2-fe1f-f63d-e78f-1c7f34702762" testName="ResolveSearchDefinitions_ShouldReturnResultSearchDefinition_WhenCombinedSearchResultWithSingleSubResultAndNullSearchDefinitionsAreGiven" computerName="DKSR-EFI-04" duration="00:00:00.0045327" startTime="2023-12-22T09:37:33.7106311+01:00" endTime="2023-12-22T09:37:33.7106311+01:00" testType="13cdc9d9-ddb5-4fa4-a97d-d965ccfc6d4b" outcome="Passed" testListId="8c84fa94-04c1-424b-9868-57a2d4851a1d" relativeResultsDirectory="0db63779-729c-4b33-af78-a47c1e493970" />
    <UnitTestResult executionId="8b832d0e-e4d4-498c-ae84-f6f1bc2861ab" testId="702b2a99-3d22-8fb5-d555-a5570edf1677" testName="GetGisMapLayerFlyoutName_ShouldRaiseArgumentNullException_WhenCultureInfoIsNull" computerName="DKSR-EFI-04" duration="00:00:00.0020900" startTime="2023-12-22T09:37:55.8357483+01:00" endTime="2023-12-22T09:37:55.8357483+01:00" testType="13cdc9d9-ddb5-4fa4-a97d-d965ccfc6d4b" outcome="Passed" testListId="8c84fa94-04c1-424b-9868-57a2d4851a1d" relativeResultsDirectory="8b832d0e-e4d4-498c-ae84-f6f1bc2861ab" />
    <UnitTestResult executionId="0ac21eff-df88-4298-88d0-a5eb434569f8" testId="f80158fa-d75f-54b9-6b80-4f00a7c4aaf2" testName="ShouldReturnTrueWhenBuildingsLayerChanged" computerName="DKSR-EFI-04" duration="00:00:00.0013849" startTime="2023-12-22T09:36:24.0383773+01:00" endTime="2023-12-22T09:36:24.0383773+01:00" testType="13cdc9d9-ddb5-4fa4-a97d-d965ccfc6d4b" outcome="Passed" testListId="8c84fa94-04c1-424b-9868-57a2d4851a1d" relativeResultsDirectory="0ac21eff-df88-4298-88d0-a5eb434569f8" />
    <UnitTestResult executionId="5c3a9ac9-a63b-4681-87f0-28e3b1b51312" testId="fbac2a6f-2233-86d4-ebd9-d19d11941509" testName="CloseDeviceSelectorUserControl_ShouldSetUserControlNull_Always" computerName="DKSR-EFI-04" duration="00:00:00.0003293" startTime="2023-12-22T09:36:14.9445795+01:00" endTime="2023-12-22T09:36:14.9445795+01:00" testType="13cdc9d9-ddb5-4fa4-a97d-d965ccfc6d4b" outcome="Passed" testListId="8c84fa94-04c1-424b-9868-57a2d4851a1d" relativeResultsDirectory="5c3a9ac9-a63b-4681-87f0-28e3b1b51312" />
    <UnitTestResult executionId="af7fcbd5-4cd6-4087-9f62-efad2eb5f02c" testId="fde63fcf-969d-dfa6-38ad-696fd5d00bc2" testName="GetLayerFeatures_ShouldReturnInputLayerFeatures_WhenInputKind" computerName="DKSR-EFI-04" duration="00:00:00.0018595" startTime="2023-12-22T09:37:55.9138735+01:00" endTime="2023-12-22T09:37:55.9138735+01:00" testType="13cdc9d9-ddb5-4fa4-a97d-d965ccfc6d4b" outcome="Passed" testListId="8c84fa94-04c1-424b-9868-57a2d4851a1d" relativeResultsDirectory="af7fcbd5-4cd6-4087-9f62-efad2eb5f02c" />
    <UnitTestResult executionId="d70d09ed-b17d-4960-a694-9fbc347cdb55" testId="0e8eb8b8-1a42-be54-07c1-244508590add" testName="BuildingChangeProperty_Persisted_Success" computerName="DKSR-EFI-04" duration="00:00:00.0164331" startTime="2023-12-22T09:37:49.2888404+01:00" endTime="2023-12-22T09:37:49.3044623+01:00" testType="13cdc9d9-ddb5-4fa4-a97d-d965ccfc6d4b" outcome="Passed" testListId="8c84fa94-04c1-424b-9868-57a2d4851a1d" relativeResultsDirectory="d70d09ed-b17d-4960-a694-9fbc347cdb55" />
    <UnitTestResult executionId="be75073e-0ca5-4a01-9126-2f1273f96738" testId="b9c24147-fbc0-a069-bdd6-759f76e4ceca" testName="GisMapModel_AddBuilding_Success" computerName="DKSR-EFI-04" duration="00:00:00.1351372" startTime="2023-12-22T09:37:50.1638465+01:00" endTime="2023-12-22T09:37:50.3044697+01:00" testType="13cdc9d9-ddb5-4fa4-a97d-d965ccfc6d4b" outcome="Passed" testListId="8c84fa94-04c1-424b-9868-57a2d4851a1d" relativeResultsDirectory="be75073e-0ca5-4a01-9126-2f1273f96738">
      <Output>
        <StdOut>Debug Trace:&#xD;
 &gt;&gt;&gt; ERROR: System.NotImplementedException: The method or operation is not implemented.&#xD;
   at VideoOS.RemoteClient.GisMapData.Repositories.Test.BuildingsDataTestClient.GetLevelsByBuildingAsync(GetLevelsByBuildingParams parameters) in D:\actions-runner\_work\XPCO\XPCO\SC\Components\dotNet\VideoOS.RemoteClient.GisMapData\Repositories\Test\BuildingsDataTestClient.cs:line 142&#xD;
   at VideoOS.RemoteClient.GisMapData.MapBuildings.MapBuilding.&lt;LoadLevelsAsync&gt;d__103.MoveNext() in D:\actions-runner\_work\XPCO\XPCO\SC\Components\dotNet\VideoOS.RemoteClient.GisMapData\MapBuildings\MapBuilding.cs:line 444&#xD;
 &gt;&gt;&gt; Stack:    at VideoOS.RemoteClient.GisMapData.Repositories.Test.BuildingsDataTestClient.GetLevelsByBuildingAsync(GetLevelsByBuildingParams parameters) in D:\actions-runner\_work\XPCO\XPCO\SC\Components\dotNet\VideoOS.RemoteClient.GisMapData\Repositories\Test\BuildingsDataTestClient.cs:line 142&#xD;    at VideoOS.RemoteClient.GisMapData.MapBuildings.MapBuilding.&lt;LoadLevelsAsync&gt;d__103.MoveNext() in D:\actions-runner\_work\XPCO\XPCO\SC\Components\dotNet\VideoOS.RemoteClient.GisMapData\MapBuildings\MapBuilding.cs:line 444</StdOut>
      </Output>
    </UnitTestResult>
    <UnitTestResult executionId="a9258d21-2be3-46ee-8e00-d11273a5ab43" testId="b95925c6-4417-d47a-19a9-e46062ab44bc" testName="IOState_ShouldYieldSameValuesForAllEnumValues_WhenRoundTripConverted (NotAvailable,Unknown)" computerName="DKSR-EFI-04" duration="00:00:00.0000076" startTime="2023-12-22T09:36:00.5851589+01:00" endTime="2023-12-22T09:36:00.6007531+01:00" testType="13cdc9d9-ddb5-4fa4-a97d-d965ccfc6d4b" outcome="Passed" testListId="8c84fa94-04c1-424b-9868-57a2d4851a1d" relativeResultsDirectory="a9258d21-2be3-46ee-8e00-d11273a5ab43" />
    <UnitTestResult executionId="418e2f14-e44c-4cfc-9f17-739d23f51ef1" testId="6785fdff-345e-55ce-2159-cac1962fde04" testName="ChangeSorting_WithNoFocusItem_Success" computerName="DKSR-EFI-04" duration="00:00:00.0081565" startTime="2023-12-22T09:37:28.3668516+01:00" endTime="2023-12-22T09:37:28.3668516+01:00" testType="13cdc9d9-ddb5-4fa4-a97d-d965ccfc6d4b" outcome="Passed" testListId="8c84fa94-04c1-424b-9868-57a2d4851a1d" relativeResultsDirectory="418e2f14-e44c-4cfc-9f17-739d23f51ef1" />
    <UnitTestResult executionId="7a12ea7f-0e11-4e3d-af84-d691c3b93e9c" testId="ceb42b69-4329-8c68-9d19-b6fb1b9c3ef1" testName="PtzSessionController_DisposeTest" computerName="DKSR-EFI-04" duration="00:00:00.0115721" startTime="2023-12-22T09:36:06.9289135+01:00" endTime="2023-12-22T09:36:06.9445351+01:00" testType="13cdc9d9-ddb5-4fa4-a97d-d965ccfc6d4b" outcome="Passed" testListId="8c84fa94-04c1-424b-9868-57a2d4851a1d" relativeResultsDirectory="7a12ea7f-0e11-4e3d-af84-d691c3b93e9c" />
    <UnitTestResult executionId="6eb15b9c-096d-478e-a03b-0cfc859988e1" testId="90f79a7f-93e8-4862-4be1-6691fb292404" testName="AndOrSearchDefinitionToCornerRadiusMultiConverter_CallConvert_SingleAnd" computerName="DKSR-EFI-04" duration="00:00:00.0011122" startTime="2023-12-22T09:37:04.0229674+01:00" endTime="2023-12-22T09:37:04.0229674+01:00" testType="13cdc9d9-ddb5-4fa4-a97d-d965ccfc6d4b" outcome="Passed" testListId="8c84fa94-04c1-424b-9868-57a2d4851a1d" relativeResultsDirectory="6eb15b9c-096d-478e-a03b-0cfc859988e1" />
    <UnitTestResult executionId="fec81773-a69d-4087-9fc6-341fcce60f6d" testId="d02218a8-fae4-70d3-39b6-dbd98bfacc73" testName="PinkOemResourcesTest" computerName="DKSR-EFI-04" duration="00:00:00.4570382" startTime="2023-12-22T09:38:05.3670523+01:00" endTime="2023-12-22T09:38:05.8201843+01:00" testType="13cdc9d9-ddb5-4fa4-a97d-d965ccfc6d4b" outcome="Passed" testListId="8c84fa94-04c1-424b-9868-57a2d4851a1d" relativeResultsDirectory="fec81773-a69d-4087-9fc6-341fcce60f6d" />
    <UnitTestResult executionId="5dad7390-3662-4267-b298-a996ac1369e6" testId="8711fcc3-eab8-86a0-2ca3-46b7c717fdd4" testName="TestCreateMipTabWorkroom_workSpaceItemIsNull_FailWithArgumentNullException" computerName="DKSR-EFI-04" duration="00:00:00.0054101" startTime="2023-12-22T09:36:03.9445206+01:00" endTime="2023-12-22T09:36:03.9445206+01:00" testType="13cdc9d9-ddb5-4fa4-a97d-d965ccfc6d4b" outcome="Passed" testListId="8c84fa94-04c1-424b-9868-57a2d4851a1d" relativeResultsDirectory="5dad7390-3662-4267-b298-a996ac1369e6" />
    <UnitTestResult executionId="33b59066-bf65-474f-b798-4d564dd716c3" testId="ba333333-3cb8-334f-91af-f5ad79143e8f" testName="ToDenormalizedDirection_Minus1_0" computerName="DKSR-EFI-04" duration="00:00:00.0000811" startTime="2023-12-22T09:37:49.8669709+01:00" endTime="2023-12-22T09:37:49.8669709+01:00" testType="13cdc9d9-ddb5-4fa4-a97d-d965ccfc6d4b" outcome="Passed" testListId="8c84fa94-04c1-424b-9868-57a2d4851a1d" relativeResultsDirectory="33b59066-bf65-474f-b798-4d564dd716c3" />
    <UnitTestResult executionId="6c69f92a-2cdc-40af-b221-fab0e60e356e" testId="16850f24-a3f3-b035-b0b3-7c99490a9542" testName="CreateDefinition_FireMultipleSearchResultsInOneEvent_SearchFinishedWithResults" computerName="DKSR-EFI-04" duration="00:00:00.0083287" startTime="2023-12-22T09:37:34.6481404+01:00" endTime="2023-12-22T09:37:34.6481404+01:00" testType="13cdc9d9-ddb5-4fa4-a97d-d965ccfc6d4b" outcome="Passed" testListId="8c84fa94-04c1-424b-9868-57a2d4851a1d" relativeResultsDirectory="6c69f92a-2cdc-40af-b221-fab0e60e356e" />
    <UnitTestResult executionId="0b1aba66-b4fe-462c-9b05-dfd6120f9e82" testId="e27c79a9-96f0-c6eb-4cec-029a6b6b7927" testName="Passwords are not the same, higher length" computerName="DKSR-EFI-04" duration="00:00:00.0002448" startTime="2023-12-22T09:36:30.1946614+01:00" endTime="2023-12-22T09:36:30.1946614+01:00" testType="13cdc9d9-ddb5-4fa4-a97d-d965ccfc6d4b" outcome="Passed" testListId="8c84fa94-04c1-424b-9868-57a2d4851a1d" relativeResultsDirectory="0b1aba66-b4fe-462c-9b05-dfd6120f9e82" />
    <UnitTestResult executionId="98546609-ca47-4d0c-94e1-b08c4a296de1" testId="a1f63b95-bed0-b504-3aa1-12bbb203c9f9" testName="HandleSetLayerFeatures_ShouldRaiseArgumentException_WhenNotOutputKindAndOutputLayerFeatures" computerName="DKSR-EFI-04" duration="00:00:00.0013268" startTime="2023-12-22T09:37:55.8357483+01:00" endTime="2023-12-22T09:37:55.8357483+01:00" testType="13cdc9d9-ddb5-4fa4-a97d-d965ccfc6d4b" outcome="Passed" testListId="8c84fa94-04c1-424b-9868-57a2d4851a1d" relativeResultsDirectory="98546609-ca47-4d0c-94e1-b08c4a296de1" />
    <UnitTestResult executionId="50d5d2f3-be25-4577-93cf-604048d4da45" testId="0edc3f32-14dd-b812-075b-a9e435bcc1ca" testName="Ctor_NullPassedToNotNullParameters_Failure" computerName="DKSR-EFI-04" duration="00:00:00.1020086" startTime="2023-12-22T09:37:34.2418814+01:00" endTime="2023-12-22T09:37:34.3512570+01:00" testType="13cdc9d9-ddb5-4fa4-a97d-d965ccfc6d4b" outcome="Passed" testListId="8c84fa94-04c1-424b-9868-57a2d4851a1d" relativeResultsDirectory="50d5d2f3-be25-4577-93cf-604048d4da45" />
    <UnitTestResult executionId="73215b29-5693-48c4-8970-c38d82adaa6d" testId="ee53e0e4-b55d-0010-076b-5818fc51a7bf" testName="GisMapModel_SaveAggregates_Success" computerName="DKSR-EFI-04" duration="00:00:00.0363558" startTime="2023-12-22T09:37:51.7888567+01:00" endTime="2023-12-22T09:37:51.8357344+01:00" testType="13cdc9d9-ddb5-4fa4-a97d-d965ccfc6d4b" outcome="Passed" testListId="8c84fa94-04c1-424b-9868-57a2d4851a1d" relativeResultsDirectory="73215b29-5693-48c4-8970-c38d82adaa6d" />
    <UnitTestResult executionId="ca7042b1-f22f-445c-9955-bbc6fbd0f655" testId="6a8a8393-b45c-5684-e668-393262a5478a" testName="Tooltip_ShouldShowMuteText_WhenMicrophoneIsUnmutedOnLiveModeAndUserHasListenPermissions" computerName="DKSR-EFI-04" duration="00:00:00.1724264" startTime="2023-12-22T09:36:21.5227385+01:00" endTime="2023-12-22T09:36:21.6946154+01:00" testType="13cdc9d9-ddb5-4fa4-a97d-d965ccfc6d4b" outcome="Passed" testListId="8c84fa94-04c1-424b-9868-57a2d4851a1d" relativeResultsDirectory="ca7042b1-f22f-445c-9955-bbc6fbd0f655" />
    <UnitTestResult executionId="95d6530d-a63c-480b-9a55-0422048b2660" testId="7a5350b3-34d1-bd37-e8d8-d06d15c440d2" testName="ConvertToValidPath_WhenAllowDirectories_ConvertToValidPath" computerName="DKSR-EFI-04" duration="00:00:00.0006226" startTime="2023-12-22T09:38:06.0233076+01:00" endTime="2023-12-22T09:38:06.0233076+01:00" testType="13cdc9d9-ddb5-4fa4-a97d-d965ccfc6d4b" outcome="Passed" testListId="8c84fa94-04c1-424b-9868-57a2d4851a1d" relativeResultsDirectory="95d6530d-a63c-480b-9a55-0422048b2660" />
    <UnitTestResult executionId="d8a94de3-7716-4d99-9cb4-5807d51dcf32" testId="80e1e452-82cf-b088-db40-d28f7d32c62d" testName="EvidenceLock when Other" computerName="DKSR-EFI-04" duration="00:00:00.0167158" startTime="2023-12-22T09:37:58.8045216+01:00" endTime="2023-12-22T09:37:59.0389054+01:00" testType="13cdc9d9-ddb5-4fa4-a97d-d965ccfc6d4b" outcome="Passed" testListId="8c84fa94-04c1-424b-9868-57a2d4851a1d" relativeResultsDirectory="d8a94de3-7716-4d99-9cb4-5807d51dcf32" />
    <UnitTestResult executionId="860a53de-78b9-4ca4-8a5c-69073d22bef2" testId="2b4d39ea-1010-36f3-4fa9-2911297ae4a4" testName="PointMapItem_CameraDeviceWithNoShortName_Success" computerName="DKSR-EFI-04" duration="00:00:00.0556402" startTime="2023-12-22T09:37:50.5857213+01:00" endTime="2023-12-22T09:37:50.6325985+01:00" testType="13cdc9d9-ddb5-4fa4-a97d-d965ccfc6d4b" outcome="Passed" testListId="8c84fa94-04c1-424b-9868-57a2d4851a1d" relativeResultsDirectory="860a53de-78b9-4ca4-8a5c-69073d22bef2" />
    <UnitTestResult executionId="1ee4fce8-b823-40b7-b742-178aa0f5ea50" testId="ed1eba09-8472-7b1b-0969-bd05029178c2" testName="ResolveSearchDefinitions_ShouldReturnResultSearchDefinition_WhenSingleSearchResultAndNullSearchDefinitionsAreGiven" computerName="DKSR-EFI-04" duration="00:00:00.0020797" startTime="2023-12-22T09:37:33.6950044+01:00" endTime="2023-12-22T09:37:33.6950044+01:00" testType="13cdc9d9-ddb5-4fa4-a97d-d965ccfc6d4b" outcome="Passed" testListId="8c84fa94-04c1-424b-9868-57a2d4851a1d" relativeResultsDirectory="1ee4fce8-b823-40b7-b742-178aa0f5ea50" />
    <UnitTestResult executionId="7b4c101a-5543-448b-bfb2-1ab0063e6098" testId="229876bb-741e-424e-6d09-7576e2519ca6" testName="ResolveSearchDefinitions_ShouldReturnResultSearchDefinition_WhenCombinedSearchResultWithMultipleSubResultAndNullSearchDefinitionsAreGiven" computerName="DKSR-EFI-04" duration="00:00:00.0007620" startTime="2023-12-22T09:37:33.7106311+01:00" endTime="2023-12-22T09:37:33.7106311+01:00" testType="13cdc9d9-ddb5-4fa4-a97d-d965ccfc6d4b" outcome="Passed" testListId="8c84fa94-04c1-424b-9868-57a2d4851a1d" relativeResultsDirectory="7b4c101a-5543-448b-bfb2-1ab0063e6098" />
    <UnitTestResult executionId="d1b90845-b0fa-44c6-9c83-dc37813f358b" testId="450403dd-612e-6c5e-cdd7-e2b614d0687c" testName="ParseExceptionToTokenError_ShouldReturnTokenErrors_WhenExceptionIsKnown" computerName="DKSR-EFI-04" duration="00:00:00.0161825" startTime="2023-12-22T09:38:05.8514323+01:00" endTime="2023-12-22T09:38:05.8670568+01:00" testType="13cdc9d9-ddb5-4fa4-a97d-d965ccfc6d4b" outcome="Passed" testListId="8c84fa94-04c1-424b-9868-57a2d4851a1d" relativeResultsDirectory="d1b90845-b0fa-44c6-9c83-dc37813f358b" />
    <UnitTestResult executionId="0dfd8d05-489a-42d8-ad01-7ecc8ff76910" testId="7e1fdf53-1cce-0f14-6eba-6df4732e28ac" testName="Convert_ShouldReturnUnchangedObject_WhenCustomObjectIsUsed" computerName="DKSR-EFI-04" duration="00:00:00.0045139" startTime="2023-12-22T09:36:07.8195446+01:00" endTime="2023-12-22T09:36:07.8195446+01:00" testType="13cdc9d9-ddb5-4fa4-a97d-d965ccfc6d4b" outcome="Passed" testListId="8c84fa94-04c1-424b-9868-57a2d4851a1d" relativeResultsDirectory="0dfd8d05-489a-42d8-ad01-7ecc8ff76910" />
    <UnitTestResult executionId="4a5be91a-7654-4a0f-8e56-50e9c3f37cdb" testId="f4609267-8826-6634-3e91-b8471488e292" testName="GetServerTypes_ShouldReturnRecordingServiceType" computerName="DKSR-EFI-04" duration="00:00:00.0003715" startTime="2023-12-22T09:38:01.9920310+01:00" endTime="2023-12-22T09:38:01.9920310+01:00" testType="13cdc9d9-ddb5-4fa4-a97d-d965ccfc6d4b" outcome="Passed" testListId="8c84fa94-04c1-424b-9868-57a2d4851a1d" relativeResultsDirectory="4a5be91a-7654-4a0f-8e56-50e9c3f37cdb" />
    <UnitTestResult executionId="1447094d-c3ff-4294-85bc-bb7ca70c8985" testId="ddbacd2a-c40a-102c-db67-c9bb149b6b99" testName="PtzSessionControllerInfo_ReservedChangedTest_Different_CameraId" computerName="DKSR-EFI-04" duration="00:00:00.0003734" startTime="2023-12-22T09:36:07.2882915+01:00" endTime="2023-12-22T09:36:07.2882915+01:00" testType="13cdc9d9-ddb5-4fa4-a97d-d965ccfc6d4b" outcome="Passed" testListId="8c84fa94-04c1-424b-9868-57a2d4851a1d" relativeResultsDirectory="1447094d-c3ff-4294-85bc-bb7ca70c8985" />
    <UnitTestResult executionId="f4aff82c-2345-4c4e-859c-58e0e5f9b00e" testId="7480cb9c-3d2a-334b-c8f7-266fc8075bc0" testName="GisMap_Load_Success" computerName="DKSR-EFI-04" duration="00:00:00.0548948" startTime="2023-12-22T09:37:51.6951011+01:00" endTime="2023-12-22T09:37:51.7419818+01:00" testType="13cdc9d9-ddb5-4fa4-a97d-d965ccfc6d4b" outcome="Passed" testListId="8c84fa94-04c1-424b-9868-57a2d4851a1d" relativeResultsDirectory="f4aff82c-2345-4c4e-859c-58e0e5f9b00e" />
    <UnitTestResult executionId="70b1d5c4-1d29-4eba-a093-9b9f82d83ae5" testId="f41a40ab-384f-e635-88d2-0deb0549b00c" testName="PatrollingStepViewModel_WaitTime" computerName="DKSR-EFI-04" duration="00:00:00.0021911" startTime="2023-12-22T09:37:58.1170123+01:00" endTime="2023-12-22T09:37:58.1170123+01:00" testType="13cdc9d9-ddb5-4fa4-a97d-d965ccfc6d4b" outcome="Passed" testListId="8c84fa94-04c1-424b-9868-57a2d4851a1d" relativeResultsDirectory="70b1d5c4-1d29-4eba-a093-9b9f82d83ae5" />
    <UnitTestResult executionId="5cd8d277-84c2-4053-b73e-fdcb2b24e747" testId="c1eeed7f-e4ec-7e8c-7de0-e6cd997c3f16" testName="Both enabled, forced" computerName="DKSR-EFI-04" duration="00:00:00.0068862" startTime="2023-12-22T09:36:28.5696510+01:00" endTime="2023-12-22T09:36:28.5852769+01:00" testType="13cdc9d9-ddb5-4fa4-a97d-d965ccfc6d4b" outcome="Passed" testListId="8c84fa94-04c1-424b-9868-57a2d4851a1d" relativeResultsDirectory="5cd8d277-84c2-4053-b73e-fdcb2b24e747" />
    <UnitTestResult executionId="68ce675f-34b3-49a5-8350-c3c57aaf5859" testId="ea3dc3ca-b9db-c951-f087-38b03fc1d7df" testName="RemoveItems_SingleMapItem_OneClusterChange" computerName="DKSR-EFI-04" duration="00:00:00.0070539" startTime="2023-12-22T09:37:57.7576323+01:00" endTime="2023-12-22T09:37:57.7732589+01:00" testType="13cdc9d9-ddb5-4fa4-a97d-d965ccfc6d4b" outcome="Passed" testListId="8c84fa94-04c1-424b-9868-57a2d4851a1d" relativeResultsDirectory="68ce675f-34b3-49a5-8350-c3c57aaf5859" />
    <UnitTestResult executionId="d0a3d47b-d3f5-4196-8dfd-9bcc0e9a8377" testId="2b698e66-74fb-6c00-069a-969a34e3db3a" testName="BeginTimeWithPadding_ShouldBeSetToValueOfSearchResult" computerName="DKSR-EFI-04" duration="00:00:00.0003347" startTime="2023-12-22T09:37:35.2731397+01:00" endTime="2023-12-22T09:37:35.2731397+01:00" testType="13cdc9d9-ddb5-4fa4-a97d-d965ccfc6d4b" outcome="Passed" testListId="8c84fa94-04c1-424b-9868-57a2d4851a1d" relativeResultsDirectory="d0a3d47b-d3f5-4196-8dfd-9bcc0e9a8377" />
    <UnitTestResult executionId="bc931909-6d9f-4d17-865a-862fe77efa2b" testId="8ecade2b-3ad6-f16a-0138-df9b1b58928f" testName="Warning_Shown_When_Removing_Camera" computerName="DKSR-EFI-04" duration="00:00:00.0029531" startTime="2023-12-22T09:38:07.1795683+01:00" endTime="2023-12-22T09:38:07.1795683+01:00" testType="13cdc9d9-ddb5-4fa4-a97d-d965ccfc6d4b" outcome="Passed" testListId="8c84fa94-04c1-424b-9868-57a2d4851a1d" relativeResultsDirectory="bc931909-6d9f-4d17-865a-862fe77efa2b" />
    <UnitTestResult executionId="71fb5d97-0516-42c3-83d7-36f150bf58b3" testId="b1a54d71-5c4b-5e18-0c40-6a96ee3db5e8" testName="SetSelectedDuration_ValidScopeDurations_SelectedTimeScopeSet" computerName="DKSR-EFI-04" duration="00:00:00.0175556" startTime="2023-12-22T09:37:27.6949742+01:00" endTime="2023-12-22T09:37:27.7105994+01:00" testType="13cdc9d9-ddb5-4fa4-a97d-d965ccfc6d4b" outcome="Passed" testListId="8c84fa94-04c1-424b-9868-57a2d4851a1d" relativeResultsDirectory="71fb5d97-0516-42c3-83d7-36f150bf58b3" />
    <UnitTestResult executionId="bbd831b2-a6b3-4565-8190-ca85e73ffdcb" testId="642e6019-2faa-a30d-dbaf-ea59f97e9c72" testName="SearchAction_BrowseMode_OneYearInThePast" computerName="DKSR-EFI-04" duration="00:00:00.0091779" startTime="2023-12-22T09:38:00.8045279+01:00" endTime="2023-12-22T09:38:00.8201515+01:00" testType="13cdc9d9-ddb5-4fa4-a97d-d965ccfc6d4b" outcome="Passed" testListId="8c84fa94-04c1-424b-9868-57a2d4851a1d" relativeResultsDirectory="bbd831b2-a6b3-4565-8190-ca85e73ffdcb" />
    <UnitTestResult executionId="9b50309b-7604-41bd-aa9e-1efdc378cb5a" testId="93ea4899-517e-c6f1-21bb-544e5f026df8" testName="RetrievalTestStopping" computerName="DKSR-EFI-04" duration="00:00:00.0196340" startTime="2023-12-22T09:37:59.7420283+01:00" endTime="2023-12-22T09:37:59.7576533+01:00" testType="13cdc9d9-ddb5-4fa4-a97d-d965ccfc6d4b" outcome="Passed" testListId="8c84fa94-04c1-424b-9868-57a2d4851a1d" relativeResultsDirectory="9b50309b-7604-41bd-aa9e-1efdc378cb5a" />
    <UnitTestResult executionId="a8631213-9236-4d62-ae06-9420a26bca8b" testId="37ae04ae-6997-0ecf-07a1-64b6d7659569" testName="SearchResultsActionBarActions_Export_OptionStillAvailable_OtherExportOptionsUnavailable_NotVisible" computerName="DKSR-EFI-04" duration="00:00:00.0083678" startTime="2023-12-22T09:37:25.3512098+01:00" endTime="2023-12-22T09:37:25.3512098+01:00" testType="13cdc9d9-ddb5-4fa4-a97d-d965ccfc6d4b" outcome="Passed" testListId="8c84fa94-04c1-424b-9868-57a2d4851a1d" relativeResultsDirectory="a8631213-9236-4d62-ae06-9420a26bca8b" />
    <UnitTestResult executionId="d50e8f65-b96a-451c-99b9-614ff2e0a27c" testId="3898ccc9-d005-6a67-598e-bc078f848ef1" testName="IsMicrophoneUnmuted_ShouldBeTrue_WhenMicrophoneIsUnmuted" computerName="DKSR-EFI-04" duration="00:00:00.0234517" startTime="2023-12-22T09:37:53.3201139+01:00" endTime="2023-12-22T09:37:53.3513611+01:00" testType="13cdc9d9-ddb5-4fa4-a97d-d965ccfc6d4b" outcome="Passed" testListId="8c84fa94-04c1-424b-9868-57a2d4851a1d" relativeResultsDirectory="d50e8f65-b96a-451c-99b9-614ff2e0a27c" />
    <UnitTestResult executionId="57a17eda-4edb-45cf-bdae-034e5cb030c0" testId="32fec1f9-c048-b0a8-7432-484e5a8663c8" testName="ReorderLevels123to213_Success" computerName="DKSR-EFI-04" duration="00:00:00.0584349" startTime="2023-12-22T09:37:49.6013439+01:00" endTime="2023-12-22T09:37:49.6482129+01:00" testType="13cdc9d9-ddb5-4fa4-a97d-d965ccfc6d4b" outcome="Passed" testListId="8c84fa94-04c1-424b-9868-57a2d4851a1d" relativeResultsDirectory="57a17eda-4edb-45cf-bdae-034e5cb030c0" />
    <UnitTestResult executionId="840241d4-ee7c-48c4-b083-760b9cc3e88f" testId="842bf4ca-6371-3a8a-228b-d721ac1b9eb1" testName="Convert_ShouldRaiseInvalidCastException_WhenParameterIsNotAnArrayOfInteractionState" computerName="DKSR-EFI-04" duration="00:00:00.0008645" startTime="2023-12-22T09:36:11.6789379+01:00" endTime="2023-12-22T09:36:11.6789379+01:00" testType="13cdc9d9-ddb5-4fa4-a97d-d965ccfc6d4b" outcome="Passed" testListId="8c84fa94-04c1-424b-9868-57a2d4851a1d" relativeResultsDirectory="840241d4-ee7c-48c4-b083-760b9cc3e88f" />
    <UnitTestResult executionId="8a207715-8005-43ac-bd12-dd11e9fa76fd" testId="232f8949-7296-2b4c-d535-61493d92276d" testName="BuildContentOptions_ShouldReturnCorrectTimeSpan" computerName="DKSR-EFI-04" duration="00:00:00.0012541" startTime="2023-12-22T09:38:06.1014348+01:00" endTime="2023-12-22T09:38:06.1170594+01:00" testType="13cdc9d9-ddb5-4fa4-a97d-d965ccfc6d4b" outcome="Passed" testListId="8c84fa94-04c1-424b-9868-57a2d4851a1d" relativeResultsDirectory="8a207715-8005-43ac-bd12-dd11e9fa76fd" />
    <UnitTestResult executionId="5ab268f1-ca18-4018-9e51-ba4b20605848" testId="76f114f4-6a41-0573-26af-b718e6fbb07c" testName="RightButtonUp_ShouldSetActiveInteractionStateToNormal_WhenInteractionStateIsNotAddNewDevice" computerName="DKSR-EFI-04" duration="00:00:00.0298253" startTime="2023-12-22T09:36:16.5227126+01:00" endTime="2023-12-22T09:36:16.5539654+01:00" testType="13cdc9d9-ddb5-4fa4-a97d-d965ccfc6d4b" outcome="Passed" testListId="8c84fa94-04c1-424b-9868-57a2d4851a1d" relativeResultsDirectory="5ab268f1-ca18-4018-9e51-ba4b20605848" />
    <UnitTestResult executionId="573beffb-91ac-4227-9831-1ac0ead1c368" testId="3faa4dab-caeb-2298-7011-c6556cbbddc1" testName="IsSuperCluster_ShouldReturnFalse_WhenMapItemsClusterIsNull" computerName="DKSR-EFI-04" duration="00:00:00.0542081" startTime="2023-12-22T09:36:22.4289922+01:00" endTime="2023-12-22T09:36:22.4914945+01:00" testType="13cdc9d9-ddb5-4fa4-a97d-d965ccfc6d4b" outcome="Passed" testListId="8c84fa94-04c1-424b-9868-57a2d4851a1d" relativeResultsDirectory="573beffb-91ac-4227-9831-1ac0ead1c368" />
    <UnitTestResult executionId="1aebae70-92db-4101-8513-51ad468caf11" testId="c126ef38-de54-9d14-e11c-edf70abaf073" testName="PtzInfoViewModel_PtzNotCotrolledTest" computerName="DKSR-EFI-04" duration="00:00:00.0055299" startTime="2023-12-22T09:36:08.0695443+01:00" endTime="2023-12-22T09:36:08.0695443+01:00" testType="13cdc9d9-ddb5-4fa4-a97d-d965ccfc6d4b" outcome="Passed" testListId="8c84fa94-04c1-424b-9868-57a2d4851a1d" relativeResultsDirectory="1aebae70-92db-4101-8513-51ad468caf11" />
    <UnitTestResult executionId="e7b93590-cb53-4dd4-8714-7fc6e1cc1275" testId="eef2616b-2ca4-c350-22c0-5b72ecd848dd" testName="UpdateSearchTemplateAsync_Succeeds_Success" computerName="DKSR-EFI-04" duration="00:00:00.0060839" startTime="2023-12-22T09:37:33.8200111+01:00" endTime="2023-12-22T09:37:33.8356258+01:00" testType="13cdc9d9-ddb5-4fa4-a97d-d965ccfc6d4b" outcome="Passed" testListId="8c84fa94-04c1-424b-9868-57a2d4851a1d" relativeResultsDirectory="e7b93590-cb53-4dd4-8714-7fc6e1cc1275" />
    <UnitTestResult executionId="a63d562d-14bb-42d7-9cea-437aabd97cae" testId="e2466cfc-7e0f-fee8-93df-e8c746cb8a63" testName="OnMarkerRightClicked_ShouldUseCrossTypeMenuItems_WhenMultipleItemsFromDifferentLayersAreSelected" computerName="DKSR-EFI-04" duration="00:00:00.0586106" startTime="2023-12-22T09:36:18.5695985+01:00" endTime="2023-12-22T09:36:18.6321028+01:00" testType="13cdc9d9-ddb5-4fa4-a97d-d965ccfc6d4b" outcome="Passed" testListId="8c84fa94-04c1-424b-9868-57a2d4851a1d" relativeResultsDirectory="a63d562d-14bb-42d7-9cea-437aabd97cae" />
    <UnitTestResult executionId="4c884338-c347-4986-83cd-6852e81b592a" testId="50eff704-edc5-bb65-d2be-7ddc270e7a86" testName="New_related_device_added_when_unrelated_camera_added" computerName="DKSR-EFI-04" duration="00:00:00.0032447" startTime="2023-12-22T09:38:07.2420643+01:00" endTime="2023-12-22T09:38:07.2420643+01:00" testType="13cdc9d9-ddb5-4fa4-a97d-d965ccfc6d4b" outcome="Passed" testListId="8c84fa94-04c1-424b-9868-57a2d4851a1d" relativeResultsDirectory="4c884338-c347-4986-83cd-6852e81b592a" />
    <UnitTestResult executionId="e1bcca9f-1b1a-4948-9952-484748a73dbc" testId="da72df1e-3911-6673-65ef-dc8a157dd1ea" testName="SelectTemplate_NullItem_ReturnsPopupTemplate" computerName="DKSR-EFI-04" duration="00:00:00.0750074" startTime="2023-12-22T09:36:30.8040378+01:00" endTime="2023-12-22T09:36:30.8821637+01:00" testType="13cdc9d9-ddb5-4fa4-a97d-d965ccfc6d4b" outcome="Passed" testListId="8c84fa94-04c1-424b-9868-57a2d4851a1d" relativeResultsDirectory="e1bcca9f-1b1a-4948-9952-484748a73dbc" />
    <UnitTestResult executionId="01450e85-ab80-43c1-8203-bd3acf35f336" testId="820765dc-029b-30df-a6e4-7e3395cecf69" testName="NavigateAndSelectAsync_ZoomOut_ReCenterCommandEnabled" computerName="DKSR-EFI-04" duration="00:00:00.0699084" startTime="2023-12-22T09:36:14.0070753+01:00" endTime="2023-12-22T09:36:14.0695761+01:00" testType="13cdc9d9-ddb5-4fa4-a97d-d965ccfc6d4b" outcome="Passed" testListId="8c84fa94-04c1-424b-9868-57a2d4851a1d" relativeResultsDirectory="01450e85-ab80-43c1-8203-bd3acf35f336" />
    <UnitTestResult executionId="9e275103-5c8f-4ae6-b921-74ab58b84667" testId="d974494d-63ae-7806-8273-c958d7210490" testName="FromByteArray_Success" computerName="DKSR-EFI-04" duration="00:00:00.0082006" startTime="2023-12-22T09:38:03.8670461+01:00" endTime="2023-12-22T09:38:03.8670461+01:00" testType="13cdc9d9-ddb5-4fa4-a97d-d965ccfc6d4b" outcome="Passed" testListId="8c84fa94-04c1-424b-9868-57a2d4851a1d" relativeResultsDirectory="9e275103-5c8f-4ae6-b921-74ab58b84667" />
    <UnitTestResult executionId="a9dca5e9-2132-487c-a017-f3c97630f075" testId="1e845a4d-c6af-6717-84e9-62ec3d2affe9" testName="ShouldCameraListItemBeEnabledForCamera_ShouldReturnFalse_WhenSmartSearchIsNotAllowedForTheCamera" computerName="DKSR-EFI-04" duration="00:00:00.0042130" startTime="2023-12-22T09:37:49.1482120+01:00" endTime="2023-12-22T09:37:49.1482120+01:00" testType="13cdc9d9-ddb5-4fa4-a97d-d965ccfc6d4b" outcome="Passed" testListId="8c84fa94-04c1-424b-9868-57a2d4851a1d" relativeResultsDirectory="a9dca5e9-2132-487c-a017-f3c97630f075" />
    <UnitTestResult executionId="02ae1699-1d8d-433d-8d5e-680290673a86" testId="d14ec128-bbfb-0096-f562-be494b986880" testName="Redrawing_SettingsSet_Success" computerName="DKSR-EFI-04" duration="00:00:00.0996554" startTime="2023-12-22T09:36:16.4289627+01:00" endTime="2023-12-22T09:36:16.5227126+01:00" testType="13cdc9d9-ddb5-4fa4-a97d-d965ccfc6d4b" outcome="Passed" testListId="8c84fa94-04c1-424b-9868-57a2d4851a1d" relativeResultsDirectory="02ae1699-1d8d-433d-8d5e-680290673a86" />
    <UnitTestResult executionId="7a980366-3d5a-4650-9018-2bdb57f466ce" testId="77b1b206-b293-8add-d0dd-e8f3149cd45e" testName="TestCreateMipTabWorkroom_Single_Success" computerName="DKSR-EFI-04" duration="00:00:01.9278383" startTime="2023-12-22T09:36:03.9445206+01:00" endTime="2023-12-22T09:36:05.8820302+01:00" testType="13cdc9d9-ddb5-4fa4-a97d-d965ccfc6d4b" outcome="Passed" testListId="8c84fa94-04c1-424b-9868-57a2d4851a1d" relativeResultsDirectory="7a980366-3d5a-4650-9018-2bdb57f466ce" />
    <UnitTestResult executionId="028b48ac-ff03-4ee3-94a7-cec0bfa7d46b" testId="62a83c18-891b-449e-7f90-a5e43688fbf0" testName="TrySelectAvailableExportNameTest_ShouldNotDoInfiniteLoop_WhenValidateExportPathIsNotOk" computerName="DKSR-EFI-04" duration="00:00:00.0027756" startTime="2023-12-22T09:38:01.8670316+01:00" endTime="2023-12-22T09:38:01.8670316+01:00" testType="13cdc9d9-ddb5-4fa4-a97d-d965ccfc6d4b" outcome="Passed" testListId="8c84fa94-04c1-424b-9868-57a2d4851a1d" relativeResultsDirectory="028b48ac-ff03-4ee3-94a7-cec0bfa7d46b" />
    <UnitTestResult executionId="91166bb2-a706-4c39-95e6-554e901e415f" testId="2690c66e-1a17-c167-c5a2-9a34963b7540" testName="Execute_CancelCommand_DialogResultReturnsFalse" computerName="DKSR-EFI-04" duration="00:00:00.0007182" startTime="2023-12-22T09:37:59.5076461+01:00" endTime="2023-12-22T09:37:59.5076461+01:00" testType="13cdc9d9-ddb5-4fa4-a97d-d965ccfc6d4b" outcome="Passed" testListId="8c84fa94-04c1-424b-9868-57a2d4851a1d" relativeResultsDirectory="91166bb2-a706-4c39-95e6-554e901e415f" />
    <UnitTestResult executionId="e2b64fdd-a18b-4dd6-ad01-8ad052285dba" testId="134dc4da-478b-60fb-2dfc-b3d26508bd1a" testName="BoundingBoxLiveStartNoLiveOrPlaybackHandler" computerName="DKSR-EFI-04" duration="00:00:00.0008324" startTime="2023-12-22T09:38:01.5545318+01:00" endTime="2023-12-22T09:38:01.5545318+01:00" testType="13cdc9d9-ddb5-4fa4-a97d-d965ccfc6d4b" outcome="Passed" testListId="8c84fa94-04c1-424b-9868-57a2d4851a1d" relativeResultsDirectory="e2b64fdd-a18b-4dd6-ad01-8ad052285dba" />
    <UnitTestResult executionId="c59d0d5f-9cf5-4d2e-9e05-b1b4a81951f9" testId="88eff823-fbf7-7507-7019-8e0b7f4937d4" testName="SearchResultsActionBarActions_ActionResultDeleted_Success" computerName="DKSR-EFI-04" duration="00:00:00.0123870" startTime="2023-12-22T09:37:25.8824618+01:00" endTime="2023-12-22T09:37:25.8980850+01:00" testType="13cdc9d9-ddb5-4fa4-a97d-d965ccfc6d4b" outcome="Passed" testListId="8c84fa94-04c1-424b-9868-57a2d4851a1d" relativeResultsDirectory="c59d0d5f-9cf5-4d2e-9e05-b1b4a81951f9" />
    <UnitTestResult executionId="e9986de2-4fc6-4d84-a2a9-cf49869f721a" testId="652e2acd-4b9b-c94b-6cb4-ec087b7c4d43" testName="Both enabled, not forced" computerName="DKSR-EFI-04" duration="00:00:00.0078163" startTime="2023-12-22T09:36:28.5696510+01:00" endTime="2023-12-22T09:36:28.5696510+01:00" testType="13cdc9d9-ddb5-4fa4-a97d-d965ccfc6d4b" outcome="Passed" testListId="8c84fa94-04c1-424b-9868-57a2d4851a1d" relativeResultsDirectory="e9986de2-4fc6-4d84-a2a9-cf49869f721a" />
    <UnitTestResult executionId="cc4d2b83-c10f-4717-b503-3bec1da253c6" testId="bca73f19-3fcc-16d4-a031-f2f6afaf40ee" testName="UnmutedMicrophoneIconsId_ShouldReturnUnMutedIconsInAProperOrder_WhenCalled" computerName="DKSR-EFI-04" duration="00:00:00.0004801" startTime="2023-12-22T09:37:53.0857414+01:00" endTime="2023-12-22T09:37:53.0857414+01:00" testType="13cdc9d9-ddb5-4fa4-a97d-d965ccfc6d4b" outcome="Passed" testListId="8c84fa94-04c1-424b-9868-57a2d4851a1d" relativeResultsDirectory="cc4d2b83-c10f-4717-b503-3bec1da253c6" />
    <UnitTestResult executionId="69417d8c-7bca-4cc7-b6dc-ea48d92fce3a" testId="a0e10027-a764-ad05-f981-a17a6b93cae5" testName="Constructor_ShouldRaiseArgumentNullException_WhenDeviceSelectorWindowViewModelIsNull" computerName="DKSR-EFI-04" duration="00:00:00.0528554" startTime="2023-12-22T09:36:10.4289294+01:00" endTime="2023-12-22T09:36:10.4914307+01:00" testType="13cdc9d9-ddb5-4fa4-a97d-d965ccfc6d4b" outcome="Passed" testListId="8c84fa94-04c1-424b-9868-57a2d4851a1d" relativeResultsDirectory="69417d8c-7bca-4cc7-b6dc-ea48d92fce3a" />
    <UnitTestResult executionId="f6ddccca-c33b-4241-9a33-1ef5af93e745" testId="e0ca0f50-e0fe-3af6-65f6-228d57aa9d13" testName="Constructor_ShouldThrowAnException_WhenWorkspaceToolbarPluginIsNull" computerName="DKSR-EFI-04" duration="00:00:00.0009857" startTime="2023-12-22T09:38:00.4295289+01:00" endTime="2023-12-22T09:38:00.4295289+01:00" testType="13cdc9d9-ddb5-4fa4-a97d-d965ccfc6d4b" outcome="Passed" testListId="8c84fa94-04c1-424b-9868-57a2d4851a1d" relativeResultsDirectory="f6ddccca-c33b-4241-9a33-1ef5af93e745" />
    <UnitTestResult executionId="53fdbfcc-5f73-4d14-b7fc-bb350f630c35" testId="b18c5783-3346-0ed2-7230-790ae4df554b" testName="EnsureLayersOrderIsValidBy_Swap201_Success" computerName="DKSR-EFI-04" duration="00:00:00.0472908" startTime="2023-12-22T09:37:52.6951073+01:00" endTime="2023-12-22T09:37:52.7419860+01:00" testType="13cdc9d9-ddb5-4fa4-a97d-d965ccfc6d4b" outcome="Passed" testListId="8c84fa94-04c1-424b-9868-57a2d4851a1d" relativeResultsDirectory="53fdbfcc-5f73-4d14-b7fc-bb350f630c35" />
    <UnitTestResult executionId="a96bb809-3271-470e-944d-974c6d2f7fbb" testId="731f7e19-89ff-c108-ad63-9eb46b5c0a59" testName="PatrollingStepViewModel_Speed" computerName="DKSR-EFI-04" duration="00:00:00.0029690" startTime="2023-12-22T09:37:58.1170123+01:00" endTime="2023-12-22T09:37:58.1326347+01:00" testType="13cdc9d9-ddb5-4fa4-a97d-d965ccfc6d4b" outcome="Passed" testListId="8c84fa94-04c1-424b-9868-57a2d4851a1d" relativeResultsDirectory="a96bb809-3271-470e-944d-974c6d2f7fbb" />
    <UnitTestResult executionId="c1189b34-02c4-4b16-bd26-11bf571642b9" testId="eb8cc7fe-9fe8-0f19-c373-e4f56eaad478" testName="Close_ViewModelIsClosed" computerName="DKSR-EFI-04" duration="00:00:00.0097390" startTime="2023-12-22T09:36:29.3977823+01:00" endTime="2023-12-22T09:36:29.3977823+01:00" testType="13cdc9d9-ddb5-4fa4-a97d-d965ccfc6d4b" outcome="Passed" testListId="8c84fa94-04c1-424b-9868-57a2d4851a1d" relativeResultsDirectory="c1189b34-02c4-4b16-bd26-11bf571642b9" />
    <UnitTestResult executionId="d67c58c8-dcd6-4b78-9080-df8568379aac" testId="3a37d654-c030-a07d-9c40-73fc97223ffe" testName="Dispose_ShouldDisposeDeviceSelectorWindowViewModel_WhenDisposingInstance" computerName="DKSR-EFI-04" duration="00:00:00.0453707" startTime="2023-12-22T09:36:13.4601959+01:00" endTime="2023-12-22T09:36:13.4914471+01:00" testType="13cdc9d9-ddb5-4fa4-a97d-d965ccfc6d4b" outcome="Passed" testListId="8c84fa94-04c1-424b-9868-57a2d4851a1d" relativeResultsDirectory="d67c58c8-dcd6-4b78-9080-df8568379aac" />
    <UnitTestResult executionId="29bdadd2-acca-4aba-a885-537100a8fc16" testId="b0824442-ef79-c269-aac7-84f27339359e" testName="Valid password exact length" computerName="DKSR-EFI-04" duration="00:00:00.0002600" startTime="2023-12-22T09:36:30.1790384+01:00" endTime="2023-12-22T09:36:30.1790384+01:00" testType="13cdc9d9-ddb5-4fa4-a97d-d965ccfc6d4b" outcome="Passed" testListId="8c84fa94-04c1-424b-9868-57a2d4851a1d" relativeResultsDirectory="29bdadd2-acca-4aba-a885-537100a8fc16" />
    <UnitTestResult executionId="0e6f704b-72d3-4410-906e-99c49e018938" testId="4ccdfeb9-004d-3fe2-5c2e-c79ef1dd5941" testName="CreateCameraListItem_ShouldCreateNotEnabledCamera_WhenEnabledParameterIsFalse" computerName="DKSR-EFI-04" duration="00:00:00.0003423" startTime="2023-12-22T09:37:49.1325870+01:00" endTime="2023-12-22T09:37:49.1325870+01:00" testType="13cdc9d9-ddb5-4fa4-a97d-d965ccfc6d4b" outcome="Passed" testListId="8c84fa94-04c1-424b-9868-57a2d4851a1d" relativeResultsDirectory="0e6f704b-72d3-4410-906e-99c49e018938" />
    <UnitTestResult executionId="d0936dd9-1b35-436e-8f87-08e7de8c9f22" testId="7b40f6f2-095c-b718-ce38-5d349c806839" testName="BookmarkSearchTime_WithSearchStringInDifferentCases_ReturnCorrectBookmarkWithSearchStringInDescription (SeArChStRiNg,True,True,True,True,,,1)" computerName="DKSR-EFI-04" duration="00:00:00.0038419" startTime="2023-12-22T09:38:01.3045326+01:00" endTime="2023-12-22T09:38:01.3045326+01:00" testType="13cdc9d9-ddb5-4fa4-a97d-d965ccfc6d4b" outcome="Passed" testListId="8c84fa94-04c1-424b-9868-57a2d4851a1d" relativeResultsDirectory="d0936dd9-1b35-436e-8f87-08e7de8c9f22" />
    <UnitTestResult executionId="c61176c3-57ca-4d3d-9d40-5066f3708603" testId="06671719-51c0-06b8-b1b7-8927e1da93cb" testName="SupportsRightClick_ShouldBeFalse_WhenInteractionStateIsNotNormal" computerName="DKSR-EFI-04" duration="00:00:00.0682381" startTime="2023-12-22T09:36:21.1164857+01:00" endTime="2023-12-22T09:36:21.1789868+01:00" testType="13cdc9d9-ddb5-4fa4-a97d-d965ccfc6d4b" outcome="Passed" testListId="8c84fa94-04c1-424b-9868-57a2d4851a1d" relativeResultsDirectory="c61176c3-57ca-4d3d-9d40-5066f3708603" />
    <UnitTestResult executionId="1bbcd7b9-1287-4420-80f4-d255e0e42c9a" testId="72a98ab7-40b5-c78d-22d4-3cffe98aa29f" testName="Deserialize_FilterIdMissing_Error" computerName="DKSR-EFI-04" duration="00:00:00.0017239" startTime="2023-12-22T09:37:35.4293939+01:00" endTime="2023-12-22T09:37:35.4293939+01:00" testType="13cdc9d9-ddb5-4fa4-a97d-d965ccfc6d4b" outcome="Passed" testListId="8c84fa94-04c1-424b-9868-57a2d4851a1d" relativeResultsDirectory="1bbcd7b9-1287-4420-80f4-d255e0e42c9a" />
    <UnitTestResult executionId="1e2a09b9-2ecc-4dd8-9229-3997f4a9b82c" testId="31b9ac86-ff3a-2d5f-32cb-aba7e18815ce" testName="GetMapLayerArguments_ShouldReturnIGisMapModelAndMapLayerDataId_WhenCalled" computerName="DKSR-EFI-04" duration="00:00:00.0036291" startTime="2023-12-22T09:37:53.0076077+01:00" endTime="2023-12-22T09:37:53.0232418+01:00" testType="13cdc9d9-ddb5-4fa4-a97d-d965ccfc6d4b" outcome="Passed" testListId="8c84fa94-04c1-424b-9868-57a2d4851a1d" relativeResultsDirectory="1e2a09b9-2ecc-4dd8-9229-3997f4a9b82c" />
    <UnitTestResult executionId="1b25221f-03e6-426a-b9a1-6f7f296505bc" testId="fbe353e8-c445-3d4e-0596-dbc13a8e8e1e" testName="GetMapLayerArguments_ShouldReturnIGisMapModelAndAlarmsObservables_WhenCalled" computerName="DKSR-EFI-04" duration="00:00:00.0009104" startTime="2023-12-22T09:37:53.0076077+01:00" endTime="2023-12-22T09:37:53.0076077+01:00" testType="13cdc9d9-ddb5-4fa4-a97d-d965ccfc6d4b" outcome="Passed" testListId="8c84fa94-04c1-424b-9868-57a2d4851a1d" relativeResultsDirectory="1b25221f-03e6-426a-b9a1-6f7f296505bc" />
    <UnitTestResult executionId="0fe9efb9-ce64-4cbf-965a-8b1155228b35" testId="047ae752-4baa-4950-c45b-96826b207ed0" testName="PtzSessionControllerInfo_ReservedChangedTest_Argument_Null_1" computerName="DKSR-EFI-04" duration="00:00:00.0012814" startTime="2023-12-22T09:36:07.2726654+01:00" endTime="2023-12-22T09:36:07.2726654+01:00" testType="13cdc9d9-ddb5-4fa4-a97d-d965ccfc6d4b" outcome="Passed" testListId="8c84fa94-04c1-424b-9868-57a2d4851a1d" relativeResultsDirectory="0fe9efb9-ce64-4cbf-965a-8b1155228b35" />
    <UnitTestResult executionId="5171502d-4acd-4d2f-8c5b-ce3aaf7982c4" testId="0d6f4d12-30c4-770e-7e76-c3c94335926a" testName="DeleteLevel2Of123_Success" computerName="DKSR-EFI-04" duration="00:00:00.0466593" startTime="2023-12-22T09:37:55.5076227+01:00" endTime="2023-12-22T09:37:55.5544933+01:00" testType="13cdc9d9-ddb5-4fa4-a97d-d965ccfc6d4b" outcome="Passed" testListId="8c84fa94-04c1-424b-9868-57a2d4851a1d" relativeResultsDirectory="5171502d-4acd-4d2f-8c5b-ce3aaf7982c4">
      <Output>
        <StdOut>Debug Trace:&#xD;
 &gt;&gt;&gt; ERROR: System.NullReferenceException: Object reference not set to an instance of an object.&#xD;
   at VideoOS.RemoteClient.GisMapData.MapBuildings.MapLevel.&lt;LoadLayersAsync&gt;d__71.MoveNext() in D:\actions-runner\_work\XPCO\XPCO\SC\Components\dotNet\VideoOS.RemoteClient.GisMapData\MapBuildings\MapLevel.cs:line 283&#xD;
 &gt;&gt;&gt; Stack:    at VideoOS.RemoteClient.GisMapData.MapBuildings.MapLevel.&lt;LoadLayersAsync&gt;d__71.MoveNext() in D:\actions-runner\_work\XPCO\XPCO\SC\Components\dotNet\VideoOS.RemoteClient.GisMapData\MapBuildings\MapLevel.cs:line 283&#xD;
 &gt;&gt;&gt; ERROR: System.NullReferenceException: Object reference not set to an instance of an object.&#xD;
   at VideoOS.RemoteClient.GisMapData.MapBuildings.MapLevel.&lt;LoadLayersAsync&gt;d__71.MoveNext() in D:\actions-runner\_work\XPCO\XPCO\SC\Components\dotNet\VideoOS.RemoteClient.GisMapData\MapBuildings\MapLevel.cs:line 283&#xD;
 &gt;&gt;&gt; Stack:    at VideoOS.RemoteClient.GisMapData.MapBuildings.MapLevel.&lt;LoadLayersAsync&gt;d__71.MoveNext() in D:\actions-runner\_work\XPCO\XPCO\SC\Components\dotNet\VideoOS.RemoteClient.GisMapData\MapBuildings\MapLevel.cs:line 283&#xD;
 &gt;&gt;&gt; ERROR: System.NullReferenceException: Object reference not set to an instance of an object.&#xD;
   at VideoOS.RemoteClient.GisMapData.MapBuildings.MapLevel.&lt;LoadLayersAsync&gt;d__71.MoveNext() in D:\actions-runner\_work\XPCO\XPCO\SC\Components\dotNet\VideoOS.RemoteClient.GisMapData\MapBuildings\MapLevel.cs:line 283&#xD;
 &gt;&gt;&gt; Stack:    at VideoOS.RemoteClient.GisMapData.MapBuildings.MapLevel.&lt;LoadLayersAsync&gt;d__71.MoveNext() in D:\actions-runner\_work\XPCO\XPCO\SC\Components\dotNet\VideoOS.RemoteClient.GisMapData\MapBuildings\MapLevel.cs:line 283</StdOut>
      </Output>
    </UnitTestResult>
    <UnitTestResult executionId="700ee84f-43a8-4559-9d5a-583761f1f0af" testId="a2585aed-0f0c-4b5a-b559-bb2fb6af779c" testName="Dispose_ClusterMarkersNotDisposed_WhenMarkerMovedToCache" computerName="DKSR-EFI-04" duration="00:00:00.1615772" startTime="2023-12-22T09:36:17.4758422+01:00" endTime="2023-12-22T09:36:17.6477181+01:00" testType="13cdc9d9-ddb5-4fa4-a97d-d965ccfc6d4b" outcome="Passed" testListId="8c84fa94-04c1-424b-9868-57a2d4851a1d" relativeResultsDirectory="700ee84f-43a8-4559-9d5a-583761f1f0af" />
    <UnitTestResult executionId="1ec9bea7-ac21-4d1e-93a6-971b41807836" testId="13e00d9f-1356-be26-5e63-c3874f003845" testName="SmartMapPositionChanged_WhenMapPositionIsChanged_ShouldCallPostMessage" computerName="DKSR-EFI-04" duration="00:00:00.1510888" startTime="2023-12-22T09:36:23.4602491+01:00" endTime="2023-12-22T09:36:23.6165004+01:00" testType="13cdc9d9-ddb5-4fa4-a97d-d965ccfc6d4b" outcome="Passed" testListId="8c84fa94-04c1-424b-9868-57a2d4851a1d" relativeResultsDirectory="1ec9bea7-ac21-4d1e-93a6-971b41807836" />
    <UnitTestResult executionId="e16aa981-c118-48a1-ae2b-3835c428fa2a" testId="c435aae9-5b22-bdd0-e52d-6186cac6a468" testName="AddToExportDevices_ShouldAddToExportData (5)" computerName="DKSR-EFI-04" duration="00:00:00.0021594" startTime="2023-12-22T09:38:00.0701476+01:00" endTime="2023-12-22T09:38:00.0857838+01:00" testType="13cdc9d9-ddb5-4fa4-a97d-d965ccfc6d4b" outcome="Passed" testListId="8c84fa94-04c1-424b-9868-57a2d4851a1d" relativeResultsDirectory="e16aa981-c118-48a1-ae2b-3835c428fa2a" />
    <UnitTestResult executionId="ace3eb69-baa7-42c1-bdc8-14932c430d42" testId="d0c51da7-1dd7-d068-f152-d898ea188859" testName="GetItemsIn_BuildingNoLevels_EdgeItem" computerName="DKSR-EFI-04" duration="00:00:00.0446116" startTime="2023-12-22T09:37:57.1170056+01:00" endTime="2023-12-22T09:37:57.1482556+01:00" testType="13cdc9d9-ddb5-4fa4-a97d-d965ccfc6d4b" outcome="Passed" testListId="8c84fa94-04c1-424b-9868-57a2d4851a1d" relativeResultsDirectory="ace3eb69-baa7-42c1-bdc8-14932c430d42" />
    <UnitTestResult executionId="8841cfdd-adfe-484e-a291-48f052fdaf2b" testId="660d3fbc-11c9-2181-8c43-b82c5f6b1504" testName="Serialize_NothingToSerialize_Success" computerName="DKSR-EFI-04" duration="00:00:00.0020786" startTime="2023-12-22T09:37:35.3668866+01:00" endTime="2023-12-22T09:37:35.3668866+01:00" testType="13cdc9d9-ddb5-4fa4-a97d-d965ccfc6d4b" outcome="Passed" testListId="8c84fa94-04c1-424b-9868-57a2d4851a1d" relativeResultsDirectory="8841cfdd-adfe-484e-a291-48f052fdaf2b" />
    <UnitTestResult executionId="5a42c246-0459-4b61-8248-96e1bd333dd7" testId="c729309e-9f99-768d-510f-3057a1bf771b" testName="Show_ShouldRaiseInvalidOperationException_WhenIsClosed" computerName="DKSR-EFI-04" duration="00:00:00.0503180" startTime="2023-12-22T09:36:11.3039373+01:00" endTime="2023-12-22T09:36:11.3508122+01:00" testType="13cdc9d9-ddb5-4fa4-a97d-d965ccfc6d4b" outcome="Passed" testListId="8c84fa94-04c1-424b-9868-57a2d4851a1d" relativeResultsDirectory="5a42c246-0459-4b61-8248-96e1bd333dd7" />
    <UnitTestResult executionId="ac0bfa71-748f-48ea-864d-974325710edd" testId="69b3d945-2a1b-80c9-0ef7-10272f3bf7eb" testName="Constructor_ShouldSetInitialOffsetPoint_WhenCalled" computerName="DKSR-EFI-04" duration="00:00:00.7444299" startTime="2023-12-22T09:36:10.5070597+01:00" endTime="2023-12-22T09:36:11.2570606+01:00" testType="13cdc9d9-ddb5-4fa4-a97d-d965ccfc6d4b" outcome="Passed" testListId="8c84fa94-04c1-424b-9868-57a2d4851a1d" relativeResultsDirectory="ac0bfa71-748f-48ea-864d-974325710edd" />
    <UnitTestResult executionId="42d6d73a-a6a0-4ab4-8446-6cc918117c7c" testId="b970da34-c722-c5ca-a09c-f43a81894d73" testName="Empty password" computerName="DKSR-EFI-04" duration="00:00:00.0002732" startTime="2023-12-22T09:36:30.1790384+01:00" endTime="2023-12-22T09:36:30.1790384+01:00" testType="13cdc9d9-ddb5-4fa4-a97d-d965ccfc6d4b" outcome="Passed" testListId="8c84fa94-04c1-424b-9868-57a2d4851a1d" relativeResultsDirectory="42d6d73a-a6a0-4ab4-8446-6cc918117c7c" />
    <UnitTestResult executionId="97585c21-0610-4584-b76d-66cb7d41b3df" testId="bd1c2cab-1265-633f-739a-62f24eef82f7" testName="CreateSearchDefinition_FactoryInvokedWithCorrectParameters" computerName="DKSR-EFI-04" duration="00:00:00.0128010" startTime="2023-12-22T09:37:48.1325913+01:00" endTime="2023-12-22T09:37:48.1482133+01:00" testType="13cdc9d9-ddb5-4fa4-a97d-d965ccfc6d4b" outcome="Passed" testListId="8c84fa94-04c1-424b-9868-57a2d4851a1d" relativeResultsDirectory="97585c21-0610-4584-b76d-66cb7d41b3df" />
    <UnitTestResult executionId="18b9ad9d-15df-48e9-b554-a1a363f45b6a" testId="e072681a-a667-cb13-263c-17284bfd2cca" testName="BookmarkSearchTime_WithSearchStringInDifferentCases_ReturnCorrectBookmarkWithSearchStringInHeader (SeArChStRiNg,True,False,False,True,,,1)" computerName="DKSR-EFI-04" duration="00:00:00.0057570" startTime="2023-12-22T09:38:01.1795337+01:00" endTime="2023-12-22T09:38:01.1951549+01:00" testType="13cdc9d9-ddb5-4fa4-a97d-d965ccfc6d4b" outcome="Passed" testListId="8c84fa94-04c1-424b-9868-57a2d4851a1d" relativeResultsDirectory="18b9ad9d-15df-48e9-b554-a1a363f45b6a" />
    <UnitTestResult executionId="127ac763-a8fd-4e83-881f-4f335eb3d417" testId="deaca624-52c0-c1cd-66a2-a22703cf16ef" testName="BookmarkSearchTime_WithSearchStringInDifferentCases_ReturnCorrectBookmarkWithSearchStringInDescription (SeArChStRiNg,False,False,False,False,,,0)" computerName="DKSR-EFI-04" duration="00:00:00.0024989" startTime="2023-12-22T09:38:01.3982843+01:00" endTime="2023-12-22T09:38:01.3982843+01:00" testType="13cdc9d9-ddb5-4fa4-a97d-d965ccfc6d4b" outcome="Passed" testListId="8c84fa94-04c1-424b-9868-57a2d4851a1d" relativeResultsDirectory="127ac763-a8fd-4e83-881f-4f335eb3d417" />
    <UnitTestResult executionId="26449af5-e31c-42f9-9fc1-08c379f634f2" testId="a8f4b6d2-f49f-cfb1-a73f-419bc32fb67e" testName="MoveToTop_ShouldMoveItemIndexInItemCollection_WhenItemIsNotAlreadyTopmost" computerName="DKSR-EFI-04" duration="00:00:00.2009835" startTime="2023-12-22T09:36:18.9289760+01:00" endTime="2023-12-22T09:36:19.1321046+01:00" testType="13cdc9d9-ddb5-4fa4-a97d-d965ccfc6d4b" outcome="Passed" testListId="8c84fa94-04c1-424b-9868-57a2d4851a1d" relativeResultsDirectory="26449af5-e31c-42f9-9fc1-08c379f634f2" />
    <UnitTestResult executionId="6ec3ea48-2880-48c9-84f1-3559863e7445" testId="1a438984-8e5e-2cb0-c251-969595afcd3b" testName="ScrollIntoView_Async_DefinitionViewAboveOutOfViewPort_Scrolled" computerName="DKSR-EFI-04" duration="00:00:00.0872158" startTime="2023-12-22T09:36:31.8040442+01:00" endTime="2023-12-22T09:36:31.8977963+01:00" testType="13cdc9d9-ddb5-4fa4-a97d-d965ccfc6d4b" outcome="Passed" testListId="8c84fa94-04c1-424b-9868-57a2d4851a1d" relativeResultsDirectory="6ec3ea48-2880-48c9-84f1-3559863e7445" />
    <UnitTestResult executionId="59d9679f-ad62-4f98-a922-fa24c0b92385" testId="8fb02973-b048-8216-b7ce-b352b4c4fa12" testName="ValidEncryptionStrengthsForExport_ShouldReturnAllStrengths_WhenLegacyEncryptionEnabledInAppConfigAndFipsDisabled" computerName="DKSR-EFI-04" duration="00:00:00.0007153" startTime="2023-12-22T09:38:01.8826543+01:00" endTime="2023-12-22T09:38:01.8826543+01:00" testType="13cdc9d9-ddb5-4fa4-a97d-d965ccfc6d4b" outcome="Passed" testListId="8c84fa94-04c1-424b-9868-57a2d4851a1d" relativeResultsDirectory="59d9679f-ad62-4f98-a922-fa24c0b92385" />
    <UnitTestResult executionId="10fcf917-7079-408c-81ae-a9e16d3f3191" testId="e998f77e-77b2-7e10-d8db-3813eb8031aa" testName="GetClusters_ThreeInitialItems_ClustersForInitialItems (Data Row 5)" computerName="DKSR-EFI-04" duration="00:00:00.0083301" startTime="2023-12-22T09:37:57.3201337+01:00" endTime="2023-12-22T09:37:57.5076341+01:00" testType="13cdc9d9-ddb5-4fa4-a97d-d965ccfc6d4b" outcome="Passed" testListId="8c84fa94-04c1-424b-9868-57a2d4851a1d" relativeResultsDirectory="10fcf917-7079-408c-81ae-a9e16d3f3191" />
    <UnitTestResult executionId="bee086fb-ca4f-4bf3-b104-9a9323341742" testId="7191513c-28f2-659c-e5d2-897223e1317f" testName="ToNormalizedFieldOfView_OutOfRange_LessZero_Fail" computerName="DKSR-EFI-04" duration="00:00:00.0005225" startTime="2023-12-22T09:37:49.8825933+01:00" endTime="2023-12-22T09:37:49.8825933+01:00" testType="13cdc9d9-ddb5-4fa4-a97d-d965ccfc6d4b" outcome="Passed" testListId="8c84fa94-04c1-424b-9868-57a2d4851a1d" relativeResultsDirectory="bee086fb-ca4f-4bf3-b104-9a9323341742" />
    <UnitTestResult executionId="4ab13a40-7c3a-48f9-8d8e-586a844dd7d7" testId="3369c6d4-ee50-9d6e-0705-4fc6884cc7fb" testName="AuthType_ShouldReturnNegotiate_WhenConstructedUsingWindows" computerName="DKSR-EFI-04" duration="00:00:00.0002660" startTime="2023-12-22T09:36:07.6320396+01:00" endTime="2023-12-22T09:36:07.6320396+01:00" testType="13cdc9d9-ddb5-4fa4-a97d-d965ccfc6d4b" outcome="Passed" testListId="8c84fa94-04c1-424b-9868-57a2d4851a1d" relativeResultsDirectory="4ab13a40-7c3a-48f9-8d8e-586a844dd7d7" />
    <UnitTestResult executionId="2ba4a6f7-3443-44d5-8ea1-f53de9e5ff6d" testId="c4726943-b1e4-7dec-138b-79d3b9940013" testName="BoundingBoxNewLiveData" computerName="DKSR-EFI-04" duration="00:00:00.0035909" startTime="2023-12-22T09:38:01.6326575+01:00" endTime="2023-12-22T09:38:01.6326575+01:00" testType="13cdc9d9-ddb5-4fa4-a97d-d965ccfc6d4b" outcome="Passed" testListId="8c84fa94-04c1-424b-9868-57a2d4851a1d" relativeResultsDirectory="2ba4a6f7-3443-44d5-8ea1-f53de9e5ff6d" />
    <UnitTestResult executionId="4b0cc65a-0dbe-4fad-a6ca-49881a19d5ac" testId="5a499a63-0d2f-5e8b-f84d-d4c0ec13dea2" testName="SupportsDoubleClick_ShouldBeTrue_WhenInteractionStateIsNewDevice" computerName="DKSR-EFI-04" duration="00:00:00.0440252" startTime="2023-12-22T09:36:22.2727448+01:00" endTime="2023-12-22T09:36:22.3196194+01:00" testType="13cdc9d9-ddb5-4fa4-a97d-d965ccfc6d4b" outcome="Passed" testListId="8c84fa94-04c1-424b-9868-57a2d4851a1d" relativeResultsDirectory="4b0cc65a-0dbe-4fad-a6ca-49881a19d5ac" />
    <UnitTestResult executionId="e32a83f1-784e-40fb-86f7-a847ada6a5df" testId="188f8c25-7b8a-3022-0d47-4b40a28cebbb" testName="TestKeepInMemory_WithAttachedView_Success" computerName="DKSR-EFI-04" duration="00:00:00.0003583" startTime="2023-12-22T09:38:05.8826847+01:00" endTime="2023-12-22T09:38:05.8826847+01:00" testType="13cdc9d9-ddb5-4fa4-a97d-d965ccfc6d4b" outcome="Passed" testListId="8c84fa94-04c1-424b-9868-57a2d4851a1d" relativeResultsDirectory="e32a83f1-784e-40fb-86f7-a847ada6a5df" />
    <UnitTestResult executionId="d5248aad-7055-46bf-9dcd-cfc546800367" testId="82d78304-b48c-9515-7f8e-4adb71fd31ee" testName="AddSelectedCameras_CameraAlreadyAdded_NoDuplicates" computerName="DKSR-EFI-04" duration="00:00:00.0085723" startTime="2023-12-22T09:37:26.6637190+01:00" endTime="2023-12-22T09:37:26.6793493+01:00" testType="13cdc9d9-ddb5-4fa4-a97d-d965ccfc6d4b" outcome="Passed" testListId="8c84fa94-04c1-424b-9868-57a2d4851a1d" relativeResultsDirectory="d5248aad-7055-46bf-9dcd-cfc546800367" />
    <UnitTestResult executionId="f7d747c9-b969-4853-9293-ed1435cd7af9" testId="907e6cbe-4234-cd51-c51e-c0122588864e" testName="MonitorsAreSortedCorrectly" computerName="DKSR-EFI-04" duration="00:00:00.0044460" startTime="2023-12-22T09:37:59.4607710+01:00" endTime="2023-12-22T09:37:59.4763962+01:00" testType="13cdc9d9-ddb5-4fa4-a97d-d965ccfc6d4b" outcome="Passed" testListId="8c84fa94-04c1-424b-9868-57a2d4851a1d" relativeResultsDirectory="f7d747c9-b969-4853-9293-ed1435cd7af9" />
    <UnitTestResult executionId="234fbf9e-644d-4495-96a8-17f6157118a7" testId="bd651570-26ef-748e-338b-ea4a28651cdb" testName="UpdateSearchTemplateAsync_Null_Failure" computerName="DKSR-EFI-04" duration="00:00:00.0033544" startTime="2023-12-22T09:37:34.0543805+01:00" endTime="2023-12-22T09:37:34.0543805+01:00" testType="13cdc9d9-ddb5-4fa4-a97d-d965ccfc6d4b" outcome="Passed" testListId="8c84fa94-04c1-424b-9868-57a2d4851a1d" relativeResultsDirectory="234fbf9e-644d-4495-96a8-17f6157118a7" />
    <UnitTestResult executionId="1daf1eb4-5e43-4bb2-9608-77be30509441" testId="c98efbf5-2f3d-50a2-5f38-9c6abe3c1c8e" testName="CreateDefinition_StartSearch_ExecutedAfterDelay" computerName="DKSR-EFI-04" duration="00:00:00.0268396" startTime="2023-12-22T09:37:34.5700117+01:00" endTime="2023-12-22T09:37:34.6012617+01:00" testType="13cdc9d9-ddb5-4fa4-a97d-d965ccfc6d4b" outcome="Passed" testListId="8c84fa94-04c1-424b-9868-57a2d4851a1d" relativeResultsDirectory="1daf1eb4-5e43-4bb2-9608-77be30509441" />
    <UnitTestResult executionId="14fdd0b6-b74b-402a-a608-1a7a7c951bb5" testId="dafe6617-7d77-6bca-77a9-2080de8d8ac3" testName="PopulateTooltip_SingleResultsFromManyCameras12Hours_ValidText" computerName="DKSR-EFI-04" duration="00:00:00.0292719" startTime="2023-12-22T09:37:17.2261624+01:00" endTime="2023-12-22T09:37:17.2574158+01:00" testType="13cdc9d9-ddb5-4fa4-a97d-d965ccfc6d4b" outcome="Passed" testListId="8c84fa94-04c1-424b-9868-57a2d4851a1d" relativeResultsDirectory="14fdd0b6-b74b-402a-a608-1a7a7c951bb5" />
    <UnitTestResult executionId="171940c2-7828-4671-b88c-c1556ba4aca0" testId="da008dea-21a3-bbc8-6446-27067c0278d2" testName="RequiredGuidProviderStrategies_ShouldHaveOneMd5Strategy_WhenEventServerIdsAreNonFipsCompliant" computerName="DKSR-EFI-04" duration="00:00:00.0007891" startTime="2023-12-22T09:38:07.8514400+01:00" endTime="2023-12-22T09:38:07.8670695+01:00" testType="13cdc9d9-ddb5-4fa4-a97d-d965ccfc6d4b" outcome="Passed" testListId="8c84fa94-04c1-424b-9868-57a2d4851a1d" relativeResultsDirectory="171940c2-7828-4671-b88c-c1556ba4aca0" />
    <UnitTestResult executionId="b5b24de3-95be-4d49-b653-359e20cccfad" testId="7ca8a434-7012-c34d-5866-6521f620a2e4" testName="TestReloadView_Success" computerName="DKSR-EFI-04" duration="00:00:00.0171608" startTime="2023-12-22T09:36:05.9601560+01:00" endTime="2023-12-22T09:36:05.9757827+01:00" testType="13cdc9d9-ddb5-4fa4-a97d-d965ccfc6d4b" outcome="Passed" testListId="8c84fa94-04c1-424b-9868-57a2d4851a1d" relativeResultsDirectory="b5b24de3-95be-4d49-b653-359e20cccfad" />
    <UnitTestResult executionId="179d56ce-3594-4872-83ee-d7797d39efae" testId="89935175-7a1b-8472-5162-947ab445be3b" testName="Constructor_ShouldRaiseArgumentException_WhenEventServerIdsIsEmpty" computerName="DKSR-EFI-04" duration="00:00:00.0006898" startTime="2023-12-22T09:38:07.8514400+01:00" endTime="2023-12-22T09:38:07.8514400+01:00" testType="13cdc9d9-ddb5-4fa4-a97d-d965ccfc6d4b" outcome="Passed" testListId="8c84fa94-04c1-424b-9868-57a2d4851a1d" relativeResultsDirectory="179d56ce-3594-4872-83ee-d7797d39efae" />
    <UnitTestResult executionId="411a7cff-19ec-4e93-9b00-6ab59c200a06" testId="a62f73f0-335e-a678-1617-1f76a60aab0f" testName="TestConstructor_NormalParameters_Success" computerName="DKSR-EFI-04" duration="00:00:00.0008817" startTime="2023-12-22T09:36:03.9445206+01:00" endTime="2023-12-22T09:36:03.9445206+01:00" testType="13cdc9d9-ddb5-4fa4-a97d-d965ccfc6d4b" outcome="Passed" testListId="8c84fa94-04c1-424b-9868-57a2d4851a1d" relativeResultsDirectory="411a7cff-19ec-4e93-9b00-6ab59c200a06" />
    <UnitTestResult executionId="f0aff632-8546-4c24-8be4-8934ae45ce3a" testId="f8d72901-3af0-f1c6-f40b-6d20a887c21a" testName="ShowPermissionDeniedStatusBarError_ShouldSendAMessage (1,1)" computerName="DKSR-EFI-04" duration="00:00:00.0021950" startTime="2023-12-22T09:38:00.3201583+01:00" endTime="2023-12-22T09:38:00.3357779+01:00" testType="13cdc9d9-ddb5-4fa4-a97d-d965ccfc6d4b" outcome="Passed" testListId="8c84fa94-04c1-424b-9868-57a2d4851a1d" relativeResultsDirectory="f0aff632-8546-4c24-8be4-8934ae45ce3a" />
    <UnitTestResult executionId="40e02788-2b79-434c-97bc-d5e77a743139" testId="a2d013ca-7402-4f94-4ab9-860cc766f7d2" testName="SearchCriteriaOnChanged_ShouldUpdateRegionSelectionFilterValue_WhenCameraScopeIsUpdated" computerName="DKSR-EFI-04" duration="00:00:00.0050166" startTime="2023-12-22T09:37:35.2418898+01:00" endTime="2023-12-22T09:37:35.2418898+01:00" testType="13cdc9d9-ddb5-4fa4-a97d-d965ccfc6d4b" outcome="Passed" testListId="8c84fa94-04c1-424b-9868-57a2d4851a1d" relativeResultsDirectory="40e02788-2b79-434c-97bc-d5e77a743139" />
    <UnitTestResult executionId="3fbeca2f-141f-4fc1-93ed-3e18dd92d3ad" testId="85b176e4-fb59-5c82-65b9-233680a9d61b" testName="PopulateTooltip_ManyResultsFromManyCameras24Hours_ValidText" computerName="DKSR-EFI-04" duration="00:00:01.5897575" startTime="2023-12-22T09:37:19.6480541+01:00" endTime="2023-12-22T09:37:21.2418108+01:00" testType="13cdc9d9-ddb5-4fa4-a97d-d965ccfc6d4b" outcome="Passed" testListId="8c84fa94-04c1-424b-9868-57a2d4851a1d" relativeResultsDirectory="3fbeca2f-141f-4fc1-93ed-3e18dd92d3ad" />
    <UnitTestResult executionId="f3af2147-9fc7-41ba-b11a-42322859ac90" testId="8ad35947-3018-f160-b80e-8c54c467a21a" testName="GetCredential_ShouldReturnNull_WhenAuthTypeIsNull" computerName="DKSR-EFI-04" duration="00:00:00.0009616" startTime="2023-12-22T09:36:07.6476654+01:00" endTime="2023-12-22T09:36:07.6476654+01:00" testType="13cdc9d9-ddb5-4fa4-a97d-d965ccfc6d4b" outcome="Passed" testListId="8c84fa94-04c1-424b-9868-57a2d4851a1d" relativeResultsDirectory="f3af2147-9fc7-41ba-b11a-42322859ac90" />
    <UnitTestResult executionId="7f833506-1e1e-48df-a110-8f902ef479c8" testId="a8fe3325-ab25-7197-00a6-eb64a10d8cb7" testName="LoadSearchTemplate_ActiveToNewActiveSuppressEvent_UpdateAndNoEvent" computerName="DKSR-EFI-04" duration="00:00:00.0005661" startTime="2023-12-22T09:37:33.7887614+01:00" endTime="2023-12-22T09:37:33.7887614+01:00" testType="13cdc9d9-ddb5-4fa4-a97d-d965ccfc6d4b" outcome="Passed" testListId="8c84fa94-04c1-424b-9868-57a2d4851a1d" relativeResultsDirectory="7f833506-1e1e-48df-a110-8f902ef479c8" />
    <UnitTestResult executionId="75c8fcae-3c25-4b72-a56b-272871440cec" testId="6eb63bb3-0a07-3cfb-8d0a-86ee2a28be11" testName="TestSave_Success" computerName="DKSR-EFI-04" duration="00:00:00.0444896" startTime="2023-12-22T09:37:55.6638748+01:00" endTime="2023-12-22T09:37:55.7107508+01:00" testType="13cdc9d9-ddb5-4fa4-a97d-d965ccfc6d4b" outcome="Passed" testListId="8c84fa94-04c1-424b-9868-57a2d4851a1d" relativeResultsDirectory="75c8fcae-3c25-4b72-a56b-272871440cec" />
    <UnitTestResult executionId="feee4f8e-64c6-4f0e-83b0-dc51ae9db0a8" testId="6463d51b-77d7-6acd-19d1-958e93231c67" testName="FindSearchTemplatesAsync_Null_Failure" computerName="DKSR-EFI-04" duration="00:00:00.0036045" startTime="2023-12-22T09:37:34.1793837+01:00" endTime="2023-12-22T09:37:34.1793837+01:00" testType="13cdc9d9-ddb5-4fa4-a97d-d965ccfc6d4b" outcome="Passed" testListId="8c84fa94-04c1-424b-9868-57a2d4851a1d" relativeResultsDirectory="feee4f8e-64c6-4f0e-83b0-dc51ae9db0a8" />
    <UnitTestResult executionId="e59d6a37-5eb6-464a-b48a-5c40b9956cf5" testId="c16412a0-c100-f8dd-8f2b-f63db635bf73" testName="MergeWith_EmptyCluster_ThisNotChanged" computerName="DKSR-EFI-04" duration="00:00:00.0112464" startTime="2023-12-22T09:37:57.2420123+01:00" endTime="2023-12-22T09:37:57.2576369+01:00" testType="13cdc9d9-ddb5-4fa4-a97d-d965ccfc6d4b" outcome="Passed" testListId="8c84fa94-04c1-424b-9868-57a2d4851a1d" relativeResultsDirectory="e59d6a37-5eb6-464a-b48a-5c40b9956cf5" />
    <UnitTestResult executionId="9eb2f369-1fdb-4791-a048-5455481b0cb1" testId="0b4d5c4e-e489-765d-d3a8-0ce9513428a5" testName="CameraMapItem_ForceActivateAsync_InBuilding_MapLevelsNotLoaded_Success" computerName="DKSR-EFI-04" duration="00:00:00.0217793" startTime="2023-12-22T09:37:51.2888578+01:00" endTime="2023-12-22T09:37:51.3044835+01:00" testType="13cdc9d9-ddb5-4fa4-a97d-d965ccfc6d4b" outcome="Passed" testListId="8c84fa94-04c1-424b-9868-57a2d4851a1d" relativeResultsDirectory="9eb2f369-1fdb-4791-a048-5455481b0cb1" />
    <UnitTestResult executionId="ccea364c-8805-45ff-8b66-0a3f673499ca" testId="15256628-10ab-395d-cdc0-982196f2d384" testName="PtzInfoViewModel_PtzReservedByCurrentUserTest" computerName="DKSR-EFI-04" duration="00:00:00.0023467" startTime="2023-12-22T09:36:08.1007933+01:00" endTime="2023-12-22T09:36:08.1007933+01:00" testType="13cdc9d9-ddb5-4fa4-a97d-d965ccfc6d4b" outcome="Passed" testListId="8c84fa94-04c1-424b-9868-57a2d4851a1d" relativeResultsDirectory="ccea364c-8805-45ff-8b66-0a3f673499ca" />
    <UnitTestResult executionId="4a79f187-4f7c-4473-b129-a8977a3ffb15" testId="647cadee-21ed-ea7f-d1b6-56ee51403b46" testName="AuthType_ShouldThrow_InvalidOperationException_WhenConstructedUsingExternal" computerName="DKSR-EFI-04" duration="00:00:00.0010374" startTime="2023-12-22T09:36:07.6945402+01:00" endTime="2023-12-22T09:36:07.6945402+01:00" testType="13cdc9d9-ddb5-4fa4-a97d-d965ccfc6d4b" outcome="Passed" testListId="8c84fa94-04c1-424b-9868-57a2d4851a1d" relativeResultsDirectory="4a79f187-4f7c-4473-b129-a8977a3ffb15" />
    <UnitTestResult executionId="949df327-ed18-492b-95ee-e0983c2fbfe5" testId="6ce0ebd1-2fbb-36d1-63ea-8fff8a05554e" testName="UpdateWorkspaceToolbarItemsState_ShouldUpdateToolbarItemState_WhenWorkspaceStateChanges" computerName="DKSR-EFI-04" duration="00:00:00.0035390" startTime="2023-12-22T09:37:58.7732711+01:00" endTime="2023-12-22T09:37:58.7732711+01:00" testType="13cdc9d9-ddb5-4fa4-a97d-d965ccfc6d4b" outcome="Passed" testListId="8c84fa94-04c1-424b-9868-57a2d4851a1d" relativeResultsDirectory="949df327-ed18-492b-95ee-e0983c2fbfe5" />
    <UnitTestResult executionId="b087f7a4-e666-40bf-9b9f-eafd738f18de" testId="ae1ed87e-08b0-6456-55b5-f1c7e9a80148" testName="CreateDefinition_FireSingleSearchResult_SearchFinishedWithResults" computerName="DKSR-EFI-04" duration="00:00:00.0121068" startTime="2023-12-22T09:37:34.6325133+01:00" endTime="2023-12-22T09:37:34.6481404+01:00" testType="13cdc9d9-ddb5-4fa4-a97d-d965ccfc6d4b" outcome="Passed" testListId="8c84fa94-04c1-424b-9868-57a2d4851a1d" relativeResultsDirectory="b087f7a4-e666-40bf-9b9f-eafd738f18de" />
    <UnitTestResult executionId="b48485c0-17bb-4958-9d49-4bc2a3883d45" testId="00f7a484-6e81-6caf-9969-08e5a26f96ea" testName="Constructor_ShouldRaiseArgumentNullException_WhenOwnerWindowIsNull" computerName="DKSR-EFI-04" duration="00:00:00.0014593" startTime="2023-12-22T09:36:10.5070597+01:00" endTime="2023-12-22T09:36:10.5070597+01:00" testType="13cdc9d9-ddb5-4fa4-a97d-d965ccfc6d4b" outcome="Passed" testListId="8c84fa94-04c1-424b-9868-57a2d4851a1d" relativeResultsDirectory="b48485c0-17bb-4958-9d49-4bc2a3883d45" />
    <UnitTestResult executionId="88533be3-a8f7-4b5e-ada9-256697a73de5" testId="d921760b-a454-9186-7ea4-4c5612e00344" testName="AddToExportDevices_ShouldReturnCorrectResult (1,0,1)" computerName="DKSR-EFI-04" duration="00:00:00.0021084" startTime="2023-12-22T09:38:00.1014009+01:00" endTime="2023-12-22T09:38:00.1014009+01:00" testType="13cdc9d9-ddb5-4fa4-a97d-d965ccfc6d4b" outcome="Passed" testListId="8c84fa94-04c1-424b-9868-57a2d4851a1d" relativeResultsDirectory="88533be3-a8f7-4b5e-ada9-256697a73de5" />
    <UnitTestResult executionId="26dbe16e-dc8e-4950-8b07-702fb0927a5f" testId="adae62f9-2b72-4530-ee33-22d9b99a1467" testName="ClearFilterCommand_ClearsFilter" computerName="DKSR-EFI-04" duration="00:00:00.0148169" startTime="2023-12-22T09:37:48.9607132+01:00" endTime="2023-12-22T09:37:48.9763433+01:00" testType="13cdc9d9-ddb5-4fa4-a97d-d965ccfc6d4b" outcome="Passed" testListId="8c84fa94-04c1-424b-9868-57a2d4851a1d" relativeResultsDirectory="26dbe16e-dc8e-4950-8b07-702fb0927a5f" />
    <UnitTestResult executionId="3d4ad7da-4343-4cfb-9d78-10f4b2ead5c4" testId="b7bca108-da6d-1f8c-7ea5-81ba3e07496a" testName="DeleteMapItems_ShouldReturnTrue_WhenUserAcknowledgesDeletionOfSingleItem" computerName="DKSR-EFI-04" duration="00:00:00.0306985" startTime="2023-12-22T09:37:52.9451111+01:00" endTime="2023-12-22T09:37:52.9766915+01:00" testType="13cdc9d9-ddb5-4fa4-a97d-d965ccfc6d4b" outcome="Passed" testListId="8c84fa94-04c1-424b-9868-57a2d4851a1d" relativeResultsDirectory="3d4ad7da-4343-4cfb-9d78-10f4b2ead5c4" />
    <UnitTestResult executionId="1f6b4f4e-4dff-4f9d-b529-dacf4dc0d12f" testId="e858b755-e862-b910-8b81-43167ff825a3" testName="DeleteBookmarksAsync_3items_Success" computerName="DKSR-EFI-04" duration="00:00:00.0112404" startTime="2023-12-22T09:37:24.3980775+01:00" endTime="2023-12-22T09:37:24.4137027+01:00" testType="13cdc9d9-ddb5-4fa4-a97d-d965ccfc6d4b" outcome="Passed" testListId="8c84fa94-04c1-424b-9868-57a2d4851a1d" relativeResultsDirectory="1f6b4f4e-4dff-4f9d-b529-dacf4dc0d12f" />
    <UnitTestResult executionId="7c2ae41b-98f6-4a66-a27a-ba08642e6473" testId="9b908469-0451-8cb6-bea4-479be46ad482" testName="OnLoaded_ValidConfigurationInlineEdit_InlineAttributeEditControlSet" computerName="DKSR-EFI-04" duration="00:00:00.7234938" startTime="2023-12-22T09:36:32.4290474+01:00" endTime="2023-12-22T09:36:33.1634281+01:00" testType="13cdc9d9-ddb5-4fa4-a97d-d965ccfc6d4b" outcome="Passed" testListId="8c84fa94-04c1-424b-9868-57a2d4851a1d" relativeResultsDirectory="7c2ae41b-98f6-4a66-a27a-ba08642e6473" />
    <UnitTestResult executionId="cf75f17a-fcb8-4605-b1e8-ffa5ffcde90b" testId="ea8f64f7-705b-0857-7b53-590a46740227" testName="AddSelectedCameras_TooManyCamerasSingle_AddedUntilMaxAndWarningMessageDisplayed" computerName="DKSR-EFI-04" duration="00:00:00.0325190" startTime="2023-12-22T09:37:26.6793493+01:00" endTime="2023-12-22T09:37:26.7106012+01:00" testType="13cdc9d9-ddb5-4fa4-a97d-d965ccfc6d4b" outcome="Passed" testListId="8c84fa94-04c1-424b-9868-57a2d4851a1d" relativeResultsDirectory="cf75f17a-fcb8-4605-b1e8-ffa5ffcde90b" />
    <UnitTestResult executionId="d63386b9-3595-4c4c-a81c-dd109ced50ef" testId="873b07ed-167b-fa39-bd63-4c1afd4d93c5" testName="HandleGetLayerFeatures_ShouldRaiseArgumentException_WhenNotOutputKind" computerName="DKSR-EFI-04" duration="00:00:00.0013033" startTime="2023-12-22T09:37:55.8201217+01:00" endTime="2023-12-22T09:37:55.8357483+01:00" testType="13cdc9d9-ddb5-4fa4-a97d-d965ccfc6d4b" outcome="Passed" testListId="8c84fa94-04c1-424b-9868-57a2d4851a1d" relativeResultsDirectory="d63386b9-3595-4c4c-a81c-dd109ced50ef" />
    <UnitTestResult executionId="a4d935e3-e84f-46fe-8495-b8905279642c" testId="eeed665d-fc4a-36d4-2080-835d14f41e2a" testName="Map_Layers_AddDirectly_Fail" computerName="DKSR-EFI-04" duration="00:00:00.0139157" startTime="2023-12-22T09:37:52.5701067+01:00" endTime="2023-12-22T09:37:52.5857345+01:00" testType="13cdc9d9-ddb5-4fa4-a97d-d965ccfc6d4b" outcome="Passed" testListId="8c84fa94-04c1-424b-9868-57a2d4851a1d" relativeResultsDirectory="a4d935e3-e84f-46fe-8495-b8905279642c" />
    <UnitTestResult executionId="cb44cd52-4dbe-4952-8991-60d808ce27ea" testId="68b8744b-0d04-5ccf-e59d-98d1006236e5" testName="ToggleMicrophoneStateAsync_ShouldMuteAllOtherMicrophonesAndUnmuteOneMicrophone_WhenThereAreOtherUnmutedMicrophones" computerName="DKSR-EFI-04" duration="00:00:00.0214019" startTime="2023-12-22T09:37:51.6013496+01:00" endTime="2023-12-22T09:37:51.6326027+01:00" testType="13cdc9d9-ddb5-4fa4-a97d-d965ccfc6d4b" outcome="Passed" testListId="8c84fa94-04c1-424b-9868-57a2d4851a1d" relativeResultsDirectory="cb44cd52-4dbe-4952-8991-60d808ce27ea" />
    <UnitTestResult executionId="c54255a9-93ad-4be8-8af7-dab9dc82c42a" testId="161a0e40-6dbd-cbdc-3714-f2442765e338" testName="AddCriteriaCommand_WithActiveSearchTemplate_ActiveSearchTemplateModifiedSet" computerName="DKSR-EFI-04" duration="00:00:00.0103385" startTime="2023-12-22T09:37:28.0074708+01:00" endTime="2023-12-22T09:37:28.0074708+01:00" testType="13cdc9d9-ddb5-4fa4-a97d-d965ccfc6d4b" outcome="Passed" testListId="8c84fa94-04c1-424b-9868-57a2d4851a1d" relativeResultsDirectory="c54255a9-93ad-4be8-8af7-dab9dc82c42a" />
    <UnitTestResult executionId="e7ca8768-46b9-4b71-a79a-1eb84a1e8890" testId="fab13144-dbad-5831-0a01-3cacac990e32" testName="Compare_NullVsNull_Equals" computerName="DKSR-EFI-04" duration="00:00:00.0010236" startTime="2023-12-22T09:37:35.2731397+01:00" endTime="2023-12-22T09:37:35.2731397+01:00" testType="13cdc9d9-ddb5-4fa4-a97d-d965ccfc6d4b" outcome="Passed" testListId="8c84fa94-04c1-424b-9868-57a2d4851a1d" relativeResultsDirectory="e7ca8768-46b9-4b71-a79a-1eb84a1e8890" />
    <UnitTestResult executionId="75235f0f-ac50-43f0-bc01-8e990d8e662d" testId="69d36869-4d47-77af-11ea-1700a11c2aa4" testName="ActiveInteractionStateBinding_ShouldNotBeNull_WhenCtorIsCalled" computerName="DKSR-EFI-04" duration="00:00:00.0772410" startTime="2023-12-22T09:36:20.4758575+01:00" endTime="2023-12-22T09:36:20.5539832+01:00" testType="13cdc9d9-ddb5-4fa4-a97d-d965ccfc6d4b" outcome="Passed" testListId="8c84fa94-04c1-424b-9868-57a2d4851a1d" relativeResultsDirectory="75235f0f-ac50-43f0-bc01-8e990d8e662d" />
    <UnitTestResult executionId="7dac20ae-7e4b-4b83-9c22-e033a295b357" testId="cd84e885-1918-e01a-687a-a984ec9c18f5" testName="LoadInitialState_InvalidState_ReturnsNewEmptyState" computerName="DKSR-EFI-04" duration="00:00:00.0088539" startTime="2023-12-22T09:36:30.5540379+01:00" endTime="2023-12-22T09:36:30.5696630+01:00" testType="13cdc9d9-ddb5-4fa4-a97d-d965ccfc6d4b" outcome="Passed" testListId="8c84fa94-04c1-424b-9868-57a2d4851a1d" relativeResultsDirectory="7dac20ae-7e4b-4b83-9c22-e033a295b357" />
    <UnitTestResult executionId="2224a7c3-359e-41f0-9f48-1adc4d173330" testId="64de8207-d2f2-0b11-e8d3-5f4ca79e44ca" testName="MapLayerType_ShouldBeNull_WhenCalled" computerName="DKSR-EFI-04" duration="00:00:00.0002412" startTime="2023-12-22T09:37:53.0076077+01:00" endTime="2023-12-22T09:37:53.0076077+01:00" testType="13cdc9d9-ddb5-4fa4-a97d-d965ccfc6d4b" outcome="Passed" testListId="8c84fa94-04c1-424b-9868-57a2d4851a1d" relativeResultsDirectory="2224a7c3-359e-41f0-9f48-1adc4d173330" />
    <UnitTestResult executionId="7adbc253-d4bb-4a66-a8e2-217005d211ea" testId="a2a9cc5c-ea62-0899-d27a-81da48bb47d1" testName="IgnoredFiltersChanged_WarningTextChanges" computerName="DKSR-EFI-04" duration="00:00:00.0275956" startTime="2023-12-22T09:37:24.3511995+01:00" endTime="2023-12-22T09:37:24.3824497+01:00" testType="13cdc9d9-ddb5-4fa4-a97d-d965ccfc6d4b" outcome="Passed" testListId="8c84fa94-04c1-424b-9868-57a2d4851a1d" relativeResultsDirectory="7adbc253-d4bb-4a66-a8e2-217005d211ea" />
    <UnitTestResult executionId="65c2dd58-a7c2-4d96-bb8d-3e8e37192e45" testId="788c7744-bd48-e28d-a864-bbd05271aa4c" testName="CreateDefinition_ThreeFiltersInCategory_ZeroFilterValuesAddedToSearchCriteria" computerName="DKSR-EFI-04" duration="00:00:00.0049044" startTime="2023-12-22T09:37:34.4762558+01:00" endTime="2023-12-22T09:37:34.4762558+01:00" testType="13cdc9d9-ddb5-4fa4-a97d-d965ccfc6d4b" outcome="Passed" testListId="8c84fa94-04c1-424b-9868-57a2d4851a1d" relativeResultsDirectory="65c2dd58-a7c2-4d96-bb8d-3e8e37192e45" />
    <UnitTestResult executionId="e177f4c1-ed69-47fe-8a86-a32a37e3491f" testId="5038381c-1ef8-8dbb-06ed-8a9f21662b0a" testName="Clear_EventFired" computerName="DKSR-EFI-04" duration="00:00:00.0091399" startTime="2023-12-22T09:37:35.0700155+01:00" endTime="2023-12-22T09:37:35.0856379+01:00" testType="13cdc9d9-ddb5-4fa4-a97d-d965ccfc6d4b" outcome="Passed" testListId="8c84fa94-04c1-424b-9868-57a2d4851a1d" relativeResultsDirectory="e177f4c1-ed69-47fe-8a86-a32a37e3491f" />
    <UnitTestResult executionId="0ef8b092-8d53-471f-aac8-076a07e1fb52" testId="102f1558-5f20-a6d5-8bb1-2bdfa2e7b50e" testName="RemoveDefinition_ExistingDefinitionWithSearchResult_SearchResultsCleared" computerName="DKSR-EFI-04" duration="00:00:00.0099158" startTime="2023-12-22T09:37:34.7575133+01:00" endTime="2023-12-22T09:37:34.7731363+01:00" testType="13cdc9d9-ddb5-4fa4-a97d-d965ccfc6d4b" outcome="Passed" testListId="8c84fa94-04c1-424b-9868-57a2d4851a1d" relativeResultsDirectory="0ef8b092-8d53-471f-aac8-076a07e1fb52" />
    <UnitTestResult executionId="5c887a77-29be-437c-b8d6-ff104ccc9547" testId="e81278a0-f697-84b0-67b1-ed0b5035a30c" testName="SearchAction_BrowseMode_Now" computerName="DKSR-EFI-04" duration="00:00:00.0072039" startTime="2023-12-22T09:38:00.8357813+01:00" endTime="2023-12-22T09:38:00.8514021+01:00" testType="13cdc9d9-ddb5-4fa4-a97d-d965ccfc6d4b" outcome="Passed" testListId="8c84fa94-04c1-424b-9868-57a2d4851a1d" relativeResultsDirectory="5c887a77-29be-437c-b8d6-ff104ccc9547" />
    <UnitTestResult executionId="17f256a1-f93f-48e5-97b7-1a0edee06ce2" testId="e518f34f-e56a-1614-f28f-2cc87eda4412" testName="ShowPermissionDeniedToasts_ShouldShowCorrectNumberOfToasts (5,1)" computerName="DKSR-EFI-04" duration="00:00:00.0033558" startTime="2023-12-22T09:38:00.3201583+01:00" endTime="2023-12-22T09:38:00.3201583+01:00" testType="13cdc9d9-ddb5-4fa4-a97d-d965ccfc6d4b" outcome="Passed" testListId="8c84fa94-04c1-424b-9868-57a2d4851a1d" relativeResultsDirectory="17f256a1-f93f-48e5-97b7-1a0edee06ce2" />
    <UnitTestResult executionId="5685c1a2-60b4-4098-a7b7-d9d5b4e21385" testId="cee32012-58c3-68f0-2859-0edd65456cf2" testName="EdgeRetrievalDisabled_WithNoRetrieveEdgeRecordingsDevices" computerName="DKSR-EFI-04" duration="00:00:00.0180358" startTime="2023-12-22T09:37:59.0857757+01:00" endTime="2023-12-22T09:37:59.1013978+01:00" testType="13cdc9d9-ddb5-4fa4-a97d-d965ccfc6d4b" outcome="Passed" testListId="8c84fa94-04c1-424b-9868-57a2d4851a1d" relativeResultsDirectory="5685c1a2-60b4-4098-a7b7-d9d5b4e21385" />
    <UnitTestResult executionId="cfea1d96-16ab-42b0-af8f-560e8c848d89" testId="13753856-9a1f-9357-f48e-ccc42a00eb0c" testName="Cameras_where_the_user_has_RetentionCreate_rights_can_be_added_to_the_evidence_lock" computerName="DKSR-EFI-04" duration="00:00:00.0027557" startTime="2023-12-22T09:38:07.1951870+01:00" endTime="2023-12-22T09:38:07.1951870+01:00" testType="13cdc9d9-ddb5-4fa4-a97d-d965ccfc6d4b" outcome="Passed" testListId="8c84fa94-04c1-424b-9868-57a2d4851a1d" relativeResultsDirectory="cfea1d96-16ab-42b0-af8f-560e8c848d89" />
    <UnitTestResult executionId="d32e074f-3c4c-480c-8e3a-e0660e01b59e" testId="53f5a1ce-14d4-a418-d0ff-8ef725db7d01" testName="Ctor_WpfMessageBoxButtonIsSetToOkCancel_OnlyOkCancelButtonsVisible" computerName="DKSR-EFI-04" duration="00:00:00.0006794" startTime="2023-12-22T09:37:59.4920186+01:00" endTime="2023-12-22T09:37:59.4920186+01:00" testType="13cdc9d9-ddb5-4fa4-a97d-d965ccfc6d4b" outcome="Passed" testListId="8c84fa94-04c1-424b-9868-57a2d4851a1d" relativeResultsDirectory="d32e074f-3c4c-480c-8e3a-e0660e01b59e" />
    <UnitTestResult executionId="0ed37fe6-ce5c-4f91-af20-12a75b3c0616" testId="f6b2dd1a-21fb-6c4a-e3a3-9cff7ca08b77" testName="SignUrl_WhereUrlIsValid_ReturnsUrlWithSignature" computerName="DKSR-EFI-04" duration="00:00:00.0080569" startTime="2023-12-22T09:36:14.8977028+01:00" endTime="2023-12-22T09:36:14.8977028+01:00" testType="13cdc9d9-ddb5-4fa4-a97d-d965ccfc6d4b" outcome="Passed" testListId="8c84fa94-04c1-424b-9868-57a2d4851a1d" relativeResultsDirectory="0ed37fe6-ce5c-4f91-af20-12a75b3c0616" />
    <UnitTestResult executionId="02ba5d74-5301-4757-9fc7-c2ecf17a3aa3" testId="f4a81b1f-d65d-e48b-b006-18eab3f2b023" testName="Map_DeleteLayer_ImageLayer_Success" computerName="DKSR-EFI-04" duration="00:00:00.0416487" startTime="2023-12-22T09:37:52.4607307+01:00" endTime="2023-12-22T09:37:52.5076051+01:00" testType="13cdc9d9-ddb5-4fa4-a97d-d965ccfc6d4b" outcome="Passed" testListId="8c84fa94-04c1-424b-9868-57a2d4851a1d" relativeResultsDirectory="02ba5d74-5301-4757-9fc7-c2ecf17a3aa3" />
    <UnitTestResult executionId="1a032731-8104-476b-bddb-883ecd5fb0b1" testId="98a7490b-a0d5-3f84-ad1f-205206139c5a" testName="DeviceIcons_ShouldBeCached_WhenCalled" computerName="DKSR-EFI-04" duration="00:00:00.0001741" startTime="2023-12-22T09:37:53.0544885+01:00" endTime="2023-12-22T09:37:53.0544885+01:00" testType="13cdc9d9-ddb5-4fa4-a97d-d965ccfc6d4b" outcome="Passed" testListId="8c84fa94-04c1-424b-9868-57a2d4851a1d" relativeResultsDirectory="1a032731-8104-476b-bddb-883ecd5fb0b1" />
    <UnitTestResult executionId="10a58096-5a1d-4bd2-9385-13c71acfe977" testId="a7a0d721-aaa5-74c0-69b6-e91fcbb08804" testName="Layout_Many_Success" computerName="DKSR-EFI-04" duration="00:00:02.1307509" startTime="2023-12-22T09:37:21.8980698+01:00" endTime="2023-12-22T09:37:24.0387030+01:00" testType="13cdc9d9-ddb5-4fa4-a97d-d965ccfc6d4b" outcome="Passed" testListId="8c84fa94-04c1-424b-9868-57a2d4851a1d" relativeResultsDirectory="10a58096-5a1d-4bd2-9385-13c71acfe977" />
    <UnitTestResult executionId="9cbd6bb5-72be-4da0-92dc-583ac2c52f18" testId="f680908c-3b4b-7b4d-7066-6e5fce7c0b27" testName="GetClusters_ExcludeThenIncludeExcludedItems_NoChange (Data Row 15)" computerName="DKSR-EFI-04" duration="00:00:00.0110458" startTime="2023-12-22T09:37:56.4607518+01:00" endTime="2023-12-22T09:37:56.6638974+01:00" testType="13cdc9d9-ddb5-4fa4-a97d-d965ccfc6d4b" outcome="Passed" testListId="8c84fa94-04c1-424b-9868-57a2d4851a1d" relativeResultsDirectory="9cbd6bb5-72be-4da0-92dc-583ac2c52f18" />
    <UnitTestResult executionId="c94ebae0-f374-42f9-b558-a328bca87dcb" testId="03c0368b-e341-b507-4b7e-610a5973bcc4" testName="WhenActionExecutedWithAlarmsThenEveryObserverNotified" computerName="DKSR-EFI-04" duration="00:00:00.0063244" startTime="2023-12-22T09:37:56.0388762+01:00" endTime="2023-12-22T09:37:56.0545094+01:00" testType="13cdc9d9-ddb5-4fa4-a97d-d965ccfc6d4b" outcome="Passed" testListId="8c84fa94-04c1-424b-9868-57a2d4851a1d" relativeResultsDirectory="c94ebae0-f374-42f9-b558-a328bca87dcb" />
    <UnitTestResult executionId="e1154c85-71e8-404c-bf7b-1d241fe75154" testId="dcedc9aa-0a2b-4f0d-afad-d14fe62fdbd7" testName="PatrollingProfileViewModelTest_Save_UpdateProfile_Failed" computerName="DKSR-EFI-04" duration="00:00:00.0037277" startTime="2023-12-22T09:37:58.0232647+01:00" endTime="2023-12-22T09:37:58.0232647+01:00" testType="13cdc9d9-ddb5-4fa4-a97d-d965ccfc6d4b" outcome="Passed" testListId="8c84fa94-04c1-424b-9868-57a2d4851a1d" relativeResultsDirectory="e1154c85-71e8-404c-bf7b-1d241fe75154" />
    <UnitTestResult executionId="66913865-f746-47fc-a5cf-64ba9f798d9d" testId="65f38f06-9057-2883-e0bd-60370f8d7d0d" testName="ResultsAvailable_NoResults_Success" computerName="DKSR-EFI-04" duration="00:00:00.0201844" startTime="2023-12-22T09:37:26.1793437+01:00" endTime="2023-12-22T09:37:26.2105945+01:00" testType="13cdc9d9-ddb5-4fa4-a97d-d965ccfc6d4b" outcome="Passed" testListId="8c84fa94-04c1-424b-9868-57a2d4851a1d" relativeResultsDirectory="66913865-f746-47fc-a5cf-64ba9f798d9d" />
    <UnitTestResult executionId="fa1fd6da-c093-4dd3-b1bb-971429bf37d5" testId="d84aea0e-76b6-55d2-4b7e-5e6eebfaed0e" testName="BoundingShapesCanvasVisibility_UpdateCorrectly" computerName="DKSR-EFI-04" duration="00:00:00.0397606" startTime="2023-12-22T09:37:48.8513419+01:00" endTime="2023-12-22T09:37:48.8982158+01:00" testType="13cdc9d9-ddb5-4fa4-a97d-d965ccfc6d4b" outcome="Passed" testListId="8c84fa94-04c1-424b-9868-57a2d4851a1d" relativeResultsDirectory="fa1fd6da-c093-4dd3-b1bb-971429bf37d5" />
    <UnitTestResult executionId="626f82b6-2799-45c9-8891-82531e987e71" testId="2b329938-e3b1-01ad-a60f-47df5d0a331f" testName="FocusedSearchResultChanged_CameraNotOnMap_NavigateToHomeAndShowWarning" computerName="DKSR-EFI-04" duration="00:00:00.0070352" startTime="2023-12-22T09:37:21.3043097+01:00" endTime="2023-12-22T09:37:21.3043097+01:00" testType="13cdc9d9-ddb5-4fa4-a97d-d965ccfc6d4b" outcome="Passed" testListId="8c84fa94-04c1-424b-9868-57a2d4851a1d" relativeResultsDirectory="626f82b6-2799-45c9-8891-82531e987e71" />
    <UnitTestResult executionId="66d1fb75-2a95-4361-ab66-b8467a9f9987" testId="fb67ea71-6b78-1dc1-49b9-30224c6a1bae" testName="Enabled_WhenInterrupted_ThenNoSubscribers" computerName="DKSR-EFI-04" duration="00:00:00.0033153" startTime="2023-12-22T09:37:53.1326241+01:00" endTime="2023-12-22T09:37:53.1326241+01:00" testType="13cdc9d9-ddb5-4fa4-a97d-d965ccfc6d4b" outcome="Passed" testListId="8c84fa94-04c1-424b-9868-57a2d4851a1d" relativeResultsDirectory="66d1fb75-2a95-4361-ab66-b8467a9f9987" />
    <UnitTestResult executionId="00d2a29e-76d3-4da8-ab0c-e7209c539b57" testId="9029e935-145d-d5fd-fae9-96c860349038" testName="GetClusters_AddedItems_ClustersForAddedItems (Data Row 6)" computerName="DKSR-EFI-04" duration="00:00:00.0092024" startTime="2023-12-22T09:37:57.5232605+01:00" endTime="2023-12-22T09:37:57.7107610+01:00" testType="13cdc9d9-ddb5-4fa4-a97d-d965ccfc6d4b" outcome="Passed" testListId="8c84fa94-04c1-424b-9868-57a2d4851a1d" relativeResultsDirectory="00d2a29e-76d3-4da8-ab0c-e7209c539b57" />
    <UnitTestResult executionId="29dbee5b-ec05-42cb-9249-5566d0f5def7" testId="2b33b0ae-9699-070c-729a-42132d028501" testName="GetLayerFeatures_ShouldReturnOutputLayerFeatures_WhenOutputKind" computerName="DKSR-EFI-04" duration="00:00:00.0023802" startTime="2023-12-22T09:37:55.9294985+01:00" endTime="2023-12-22T09:37:55.9294985+01:00" testType="13cdc9d9-ddb5-4fa4-a97d-d965ccfc6d4b" outcome="Passed" testListId="8c84fa94-04c1-424b-9868-57a2d4851a1d" relativeResultsDirectory="29dbee5b-ec05-42cb-9249-5566d0f5def7" />
    <UnitTestResult executionId="6249cefa-b182-45d0-8eab-607acada6fe7" testId="c2dd673d-ca57-2691-c104-7023a833ff11" testName="Ctor_CentralizedSearchStateWithSelectedSearchTemplate_ActiveSearchTemplateSet" computerName="DKSR-EFI-04" duration="00:00:00.1218987" startTime="2023-12-22T09:37:27.8043522+01:00" endTime="2023-12-22T09:37:27.9137229+01:00" testType="13cdc9d9-ddb5-4fa4-a97d-d965ccfc6d4b" outcome="Passed" testListId="8c84fa94-04c1-424b-9868-57a2d4851a1d" relativeResultsDirectory="6249cefa-b182-45d0-8eab-607acada6fe7" />
    <UnitTestResult executionId="eb53edff-8165-4bf5-8fde-52310f3826df" testId="c5b82386-ac03-bc8b-608e-5bd976068876" testName="SerializeDeserialize_RoundTripWithValues_Equals" computerName="DKSR-EFI-04" duration="00:00:00.0043504" startTime="2023-12-22T09:38:00.8982765+01:00" endTime="2023-12-22T09:38:00.9139061+01:00" testType="13cdc9d9-ddb5-4fa4-a97d-d965ccfc6d4b" outcome="Passed" testListId="8c84fa94-04c1-424b-9868-57a2d4851a1d" relativeResultsDirectory="eb53edff-8165-4bf5-8fde-52310f3826df" />
    <UnitTestResult executionId="82e94cda-afb5-4fb5-9d85-bd1853cd4bcc" testId="fb103779-d04c-1686-3285-367738634a78" testName="HandleGetDeviceData_ShouldReturnMicrophoneData_WhenMicrophoneKindAndExistingMicrophoneId" computerName="DKSR-EFI-04" duration="00:00:00.1141474" startTime="2023-12-22T09:36:26.3821421+01:00" endTime="2023-12-22T09:36:26.4915151+01:00" testType="13cdc9d9-ddb5-4fa4-a97d-d965ccfc6d4b" outcome="Passed" testListId="8c84fa94-04c1-424b-9868-57a2d4851a1d" relativeResultsDirectory="82e94cda-afb5-4fb5-9d85-bd1853cd4bcc" />
    <UnitTestResult executionId="d639fcb4-a345-4598-afca-9e94d0870773" testId="ac3585d4-59ce-87ee-5312-f23049732097" testName="FilteredItems_FilterApplied_SubsetOfItemsVisible" computerName="DKSR-EFI-04" duration="00:00:00.0348033" startTime="2023-12-22T09:37:48.8982158+01:00" endTime="2023-12-22T09:37:48.9450973+01:00" testType="13cdc9d9-ddb5-4fa4-a97d-d965ccfc6d4b" outcome="Passed" testListId="8c84fa94-04c1-424b-9868-57a2d4851a1d" relativeResultsDirectory="d639fcb4-a345-4598-afca-9e94d0870773" />
    <UnitTestResult executionId="013e2381-c65b-4d00-a677-6e8f48357798" testId="332d7c0b-99e9-8913-1359-6d2df137b355" testName="TestForAssemblyCoverage" computerName="DKSR-EFI-04" duration="00:00:00.0083423" startTime="2023-12-22T09:36:07.8976649+01:00" endTime="2023-12-22T09:36:07.8976649+01:00" testType="13cdc9d9-ddb5-4fa4-a97d-d965ccfc6d4b" outcome="Passed" testListId="8c84fa94-04c1-424b-9868-57a2d4851a1d" relativeResultsDirectory="013e2381-c65b-4d00-a677-6e8f48357798" />
    <UnitTestResult executionId="9393850c-6388-425d-9a2f-f465856edecf" testId="9cb22239-8c05-3795-1d49-f4debbc5193e" testName="SearchResultsActionBarActions_CreateSnapshot_InvokeCommand_NoSnapshotSucceeded_CorrectStatusTextShown" computerName="DKSR-EFI-04" duration="00:00:00.0284618" startTime="2023-12-22T09:37:25.7730895+01:00" endTime="2023-12-22T09:37:25.8043399+01:00" testType="13cdc9d9-ddb5-4fa4-a97d-d965ccfc6d4b" outcome="Passed" testListId="8c84fa94-04c1-424b-9868-57a2d4851a1d" relativeResultsDirectory="9393850c-6388-425d-9a2f-f465856edecf" />
    <UnitTestResult executionId="73d195a1-ed0b-4e98-a556-648419662e24" testId="0acd9aea-66db-23f1-2f4e-7c9500451a5d" testName="TrySelectAvailableExportNameTest_ShouldThrowException_WhenExportDataValidatorIsNull" computerName="DKSR-EFI-04" duration="00:00:00.0259862" startTime="2023-12-22T09:38:01.8358320+01:00" endTime="2023-12-22T09:38:01.8670316+01:00" testType="13cdc9d9-ddb5-4fa4-a97d-d965ccfc6d4b" outcome="Passed" testListId="8c84fa94-04c1-424b-9868-57a2d4851a1d" relativeResultsDirectory="73d195a1-ed0b-4e98-a556-648419662e24" />
    <UnitTestResult executionId="b2fca5eb-62c3-4882-bd85-da04c3b106ba" testId="55d96512-5a91-19ab-11b5-5b61e2c70e29" testName="DisplayErrorOnNotificationArea_CustomSearchError_Success" computerName="DKSR-EFI-04" duration="00:00:00.0114828" startTime="2023-12-22T09:37:28.2262208+01:00" endTime="2023-12-22T09:37:28.2418456+01:00" testType="13cdc9d9-ddb5-4fa4-a97d-d965ccfc6d4b" outcome="Passed" testListId="8c84fa94-04c1-424b-9868-57a2d4851a1d" relativeResultsDirectory="b2fca5eb-62c3-4882-bd85-da04c3b106ba" />
    <UnitTestResult executionId="96cc968e-1537-4330-b0de-83c3587de5ff" testId="af2fff69-ede4-2bff-61e9-6a132589f2de" testName="ComparerSet_SameValue_NoEventFired" computerName="DKSR-EFI-04" duration="00:00:00.0184863" startTime="2023-12-22T09:37:35.0231370+01:00" endTime="2023-12-22T09:37:35.0387599+01:00" testType="13cdc9d9-ddb5-4fa4-a97d-d965ccfc6d4b" outcome="Passed" testListId="8c84fa94-04c1-424b-9868-57a2d4851a1d" relativeResultsDirectory="96cc968e-1537-4330-b0de-83c3587de5ff" />
    <UnitTestResult executionId="1140e52b-5c0a-4a96-b389-7cbc91f34655" testId="5b1fb637-3ca1-9a80-d25d-3a01eede0458" testName="AddApiKey_WhereApiKeyNull_ThrowException" computerName="DKSR-EFI-04" duration="00:00:00.0008492" startTime="2023-12-22T09:36:14.8664531+01:00" endTime="2023-12-22T09:36:14.8664531+01:00" testType="13cdc9d9-ddb5-4fa4-a97d-d965ccfc6d4b" outcome="Passed" testListId="8c84fa94-04c1-424b-9868-57a2d4851a1d" relativeResultsDirectory="1140e52b-5c0a-4a96-b389-7cbc91f34655" />
    <UnitTestResult executionId="d9551333-77e9-4a06-87a2-288cf451ab32" testId="a6f9c41f-5ed0-c96c-bb7f-fb5d30d812a5" testName="ComparingSameInstance" computerName="DKSR-EFI-04" duration="00:00:00.0019063" startTime="2023-12-22T09:37:59.4451488+01:00" endTime="2023-12-22T09:37:59.4451488+01:00" testType="13cdc9d9-ddb5-4fa4-a97d-d965ccfc6d4b" outcome="Passed" testListId="8c84fa94-04c1-424b-9868-57a2d4851a1d" relativeResultsDirectory="d9551333-77e9-4a06-87a2-288cf451ab32" />
    <UnitTestResult executionId="43f297b5-ac05-4c8b-831c-83d59c3bfc3c" testId="1131d610-fdb8-bf14-5dd7-5607c21d80e3" testName="Search_SortOrderSpecified_Success" computerName="DKSR-EFI-04" duration="00:00:00.0073353" startTime="2023-12-22T09:37:48.2888377+01:00" endTime="2023-12-22T09:37:48.3044594+01:00" testType="13cdc9d9-ddb5-4fa4-a97d-d965ccfc6d4b" outcome="Passed" testListId="8c84fa94-04c1-424b-9868-57a2d4851a1d" relativeResultsDirectory="43f297b5-ac05-4c8b-831c-83d59c3bfc3c" />
    <UnitTestResult executionId="a1e138d6-e664-43ce-8d51-315a2a391a49" testId="e1ce66f6-03d2-e28b-bcfb-64c1c424a716" testName="OnLoaded_NullSmartMapControl_DoesNotCrash" computerName="DKSR-EFI-04" duration="00:00:00.0097581" startTime="2023-12-22T09:37:21.2418108+01:00" endTime="2023-12-22T09:37:21.2574384+01:00" testType="13cdc9d9-ddb5-4fa4-a97d-d965ccfc6d4b" outcome="Passed" testListId="8c84fa94-04c1-424b-9868-57a2d4851a1d" relativeResultsDirectory="a1e138d6-e664-43ce-8d51-315a2a391a49" />
    <UnitTestResult executionId="91a73125-bfc9-4e05-8d6c-d65be9cbb045" testId="86a445c9-5dff-52f1-c98f-77ae4a8bc915" testName="PatrollingStepListViewModel_UpdatePositions" computerName="DKSR-EFI-04" duration="00:00:00.0018856" startTime="2023-12-22T09:37:58.0857627+01:00" endTime="2023-12-22T09:37:58.1013853+01:00" testType="13cdc9d9-ddb5-4fa4-a97d-d965ccfc6d4b" outcome="Passed" testListId="8c84fa94-04c1-424b-9868-57a2d4851a1d" relativeResultsDirectory="91a73125-bfc9-4e05-8d6c-d65be9cbb045" />
    <UnitTestResult executionId="6e3cefdd-6fce-4bc1-a268-571e98039678" testId="cefd37a3-357f-d082-971e-590f86c9275f" testName="DomainAndUserName_ShouldThrow_InvalidOperationException_WhenConstructedUsingExternal" computerName="DKSR-EFI-04" duration="00:00:00.0005717" startTime="2023-12-22T09:36:07.7101678+01:00" endTime="2023-12-22T09:36:07.7101678+01:00" testType="13cdc9d9-ddb5-4fa4-a97d-d965ccfc6d4b" outcome="Passed" testListId="8c84fa94-04c1-424b-9868-57a2d4851a1d" relativeResultsDirectory="6e3cefdd-6fce-4bc1-a268-571e98039678" />
    <UnitTestResult executionId="1d8196b3-187f-4924-b4ae-d952e17b0b32" testId="2e48f727-377d-16c5-c400-f5ba4ec6882c" testName="Command_WithInputValues_PluginInstanceActivateCalled" computerName="DKSR-EFI-04" duration="00:00:00.0034081" startTime="2023-12-22T09:37:26.1168359+01:00" endTime="2023-12-22T09:37:26.1168359+01:00" testType="13cdc9d9-ddb5-4fa4-a97d-d965ccfc6d4b" outcome="Passed" testListId="8c84fa94-04c1-424b-9868-57a2d4851a1d" relativeResultsDirectory="1d8196b3-187f-4924-b4ae-d952e17b0b32" />
    <UnitTestResult executionId="60f6ff82-b80d-4daa-ac92-0bc12a865553" testId="ae8385af-29cc-f7d5-51ff-84300db47ada" testName="Ctor_NullControllerManager_Throws" computerName="DKSR-EFI-04" duration="00:00:00.0016453" startTime="2023-12-22T09:37:24.4449558+01:00" endTime="2023-12-22T09:37:24.4449558+01:00" testType="13cdc9d9-ddb5-4fa4-a97d-d965ccfc6d4b" outcome="Passed" testListId="8c84fa94-04c1-424b-9868-57a2d4851a1d" relativeResultsDirectory="60f6ff82-b80d-4daa-ac92-0bc12a865553" />
    <UnitTestResult executionId="f7e69738-269c-4dcc-b1b8-698c33af75c7" testId="2b8f6313-6f64-c487-2e4c-3d07b5bd4159" testName="GetCredential_ShouldReturnContainedWindowsCredentials_WhenUriAndAuthTypeAreNotNull" computerName="DKSR-EFI-04" duration="00:00:00.0003220" startTime="2023-12-22T09:36:07.6632922+01:00" endTime="2023-12-22T09:36:07.6632922+01:00" testType="13cdc9d9-ddb5-4fa4-a97d-d965ccfc6d4b" outcome="Passed" testListId="8c84fa94-04c1-424b-9868-57a2d4851a1d" relativeResultsDirectory="f7e69738-269c-4dcc-b1b8-698c33af75c7" />
    <UnitTestResult executionId="1226ea74-55cb-46bd-a2fc-d486ac488a45" testId="de27c998-c190-9d93-e424-7870d21a123c" testName="InputMapItem_ForceActivateAsync_InBuilding_UseLastLevel_Success" computerName="DKSR-EFI-04" duration="00:00:00.0133693" startTime="2023-12-22T09:37:55.0857470+01:00" endTime="2023-12-22T09:37:55.1013724+01:00" testType="13cdc9d9-ddb5-4fa4-a97d-d965ccfc6d4b" outcome="Passed" testListId="8c84fa94-04c1-424b-9868-57a2d4851a1d" relativeResultsDirectory="1226ea74-55cb-46bd-a2fc-d486ac488a45" />
    <UnitTestResult executionId="2f6e6172-231a-434b-a881-79cafdff79e2" testId="77538764-96ab-d361-cc57-e43d65dc3ccd" testName="Tooltip_ShouldShowMicrophoneName_WhenMicrophoneIsDisabled" computerName="DKSR-EFI-04" duration="00:00:00.0684250" startTime="2023-12-22T09:36:21.8352433+01:00" endTime="2023-12-22T09:36:21.8977442+01:00" testType="13cdc9d9-ddb5-4fa4-a97d-d965ccfc6d4b" outcome="Passed" testListId="8c84fa94-04c1-424b-9868-57a2d4851a1d" relativeResultsDirectory="2f6e6172-231a-434b-a881-79cafdff79e2" />
    <UnitTestResult executionId="3827885b-1b74-41df-a67c-09ede0871962" testId="02af0d15-e099-b0e6-50ad-6fe37219924b" testName="AddResults_NoPartialResults_Success" computerName="DKSR-EFI-04" duration="00:00:00.0022484" startTime="2023-12-22T09:37:35.1012648+01:00" endTime="2023-12-22T09:37:35.1012648+01:00" testType="13cdc9d9-ddb5-4fa4-a97d-d965ccfc6d4b" outcome="Passed" testListId="8c84fa94-04c1-424b-9868-57a2d4851a1d" relativeResultsDirectory="3827885b-1b74-41df-a67c-09ede0871962" />
    <UnitTestResult executionId="32afb981-4675-41c6-9b2f-5de64a34b902" testId="c3c8acd6-ab82-9706-0dfb-389b90288a20" testName="SelectOptions_ShouldNotChangeSelectedComponent_WhenGivenNonExistingComponent" computerName="DKSR-EFI-04" duration="00:00:00.0149561" startTime="2023-12-22T09:37:58.2263898+01:00" endTime="2023-12-22T09:37:58.2420099+01:00" testType="13cdc9d9-ddb5-4fa4-a97d-d965ccfc6d4b" outcome="Passed" testListId="8c84fa94-04c1-424b-9868-57a2d4851a1d" relativeResultsDirectory="32afb981-4675-41c6-9b2f-5de64a34b902" />
    <UnitTestResult executionId="e2794f00-5cc5-49bc-bb96-101b0156dd91" testId="14807a36-cb4f-9f35-8679-aa8746cf4c38" testName="CreateCameraListItem_ShouldCreateEnabledCamera_WhenEnabledParameterIsTrue" computerName="DKSR-EFI-04" duration="00:00:00.0004684" startTime="2023-12-22T09:37:49.1169647+01:00" endTime="2023-12-22T09:37:49.1325870+01:00" testType="13cdc9d9-ddb5-4fa4-a97d-d965ccfc6d4b" outcome="Passed" testListId="8c84fa94-04c1-424b-9868-57a2d4851a1d" relativeResultsDirectory="e2794f00-5cc5-49bc-bb96-101b0156dd91" />
    <UnitTestResult executionId="d16672a7-4437-43b2-bb9e-8b4fb360c799" testId="a65d3f02-ca6d-a89f-9465-6c592d8f6d71" testName="Constructor_ShouldThrowArgumentNullException_WhenServerConfigurationIsNull" computerName="DKSR-EFI-04" duration="00:00:00.0017410" startTime="2023-12-22T09:37:58.1951415+01:00" endTime="2023-12-22T09:37:58.1951415+01:00" testType="13cdc9d9-ddb5-4fa4-a97d-d965ccfc6d4b" outcome="Passed" testListId="8c84fa94-04c1-424b-9868-57a2d4851a1d" relativeResultsDirectory="d16672a7-4437-43b2-bb9e-8b4fb360c799" />
    <UnitTestResult executionId="708286f6-856f-4e6a-8220-cc882e29b9e7" testId="1f36d00d-52dc-9505-27a0-fc9cb116fecb" testName="AddToExportTuples_ShouldReturnCorrectResult (5,5,5)" computerName="DKSR-EFI-04" duration="00:00:00.0146140" startTime="2023-12-22T09:38:00.0389004+01:00" endTime="2023-12-22T09:38:00.0545297+01:00" testType="13cdc9d9-ddb5-4fa4-a97d-d965ccfc6d4b" outcome="Passed" testListId="8c84fa94-04c1-424b-9868-57a2d4851a1d" relativeResultsDirectory="708286f6-856f-4e6a-8220-cc882e29b9e7" />
    <UnitTestResult executionId="bf30a4a0-63c0-4d9f-88ba-02232f2c932e" testId="16dbf6df-affd-54c4-6e12-ed2586e45ece" testName="AddSelectedWindowsToExport_ShouldShowCorrectToastMessages (0,0,0)" computerName="DKSR-EFI-04" duration="00:00:00.0033200" startTime="2023-12-22T09:38:00.1639078+01:00" endTime="2023-12-22T09:38:00.1639078+01:00" testType="13cdc9d9-ddb5-4fa4-a97d-d965ccfc6d4b" outcome="Passed" testListId="8c84fa94-04c1-424b-9868-57a2d4851a1d" relativeResultsDirectory="bf30a4a0-63c0-4d9f-88ba-02232f2c932e" />
    <UnitTestResult executionId="d5a8e21a-a492-4f56-8407-8b935621f555" testId="a476d913-853e-9006-57bf-9e825d119810" testName="CreateMenuItem_Success" computerName="DKSR-EFI-04" duration="00:00:00.0106679" startTime="2023-12-22T09:36:23.2571228+01:00" endTime="2023-12-22T09:36:23.2727480+01:00" testType="13cdc9d9-ddb5-4fa4-a97d-d965ccfc6d4b" outcome="Passed" testListId="8c84fa94-04c1-424b-9868-57a2d4851a1d" relativeResultsDirectory="d5a8e21a-a492-4f56-8407-8b935621f555" />
    <UnitTestResult executionId="07913e91-1422-4477-a127-5feae235cc91" testId="dacf30eb-2932-4de8-bb63-28183a1f0765" testName="AssignPanTiltValue_WhenValueIsOutsideDeadzone_ShouldReturnCenterValue" computerName="DKSR-EFI-04" duration="00:00:00.0007126" startTime="2023-12-22T09:36:08.1789189+01:00" endTime="2023-12-22T09:36:08.1789189+01:00" testType="13cdc9d9-ddb5-4fa4-a97d-d965ccfc6d4b" outcome="Passed" testListId="8c84fa94-04c1-424b-9868-57a2d4851a1d" relativeResultsDirectory="07913e91-1422-4477-a127-5feae235cc91" />
    <UnitTestResult executionId="94ae8232-7383-4c5c-adc3-7a7dd7922fcf" testId="d9f777ed-3466-7c99-be02-84bb7ebbad4b" testName="SearchResultsActionBarActions_EditBookmark_SingleResult_EditBookmarkInvoked" computerName="DKSR-EFI-04" duration="00:00:00.0214762" startTime="2023-12-22T09:37:25.6168355+01:00" endTime="2023-12-22T09:37:25.6324614+01:00" testType="13cdc9d9-ddb5-4fa4-a97d-d965ccfc6d4b" outcome="Passed" testListId="8c84fa94-04c1-424b-9868-57a2d4851a1d" relativeResultsDirectory="94ae8232-7383-4c5c-adc3-7a7dd7922fcf" />
    <UnitTestResult executionId="c7fe6197-618c-481a-9898-ed5e52ea839d" testId="8cc6d850-7864-120d-52a3-07064eb9831b" testName="IconResourceKey_ShouldBeValid_WhenInteractionStateIsAddCamera" computerName="DKSR-EFI-04" duration="00:00:00.0009192" startTime="2023-12-22T09:36:14.9133295+01:00" endTime="2023-12-22T09:36:14.9133295+01:00" testType="13cdc9d9-ddb5-4fa4-a97d-d965ccfc6d4b" outcome="Passed" testListId="8c84fa94-04c1-424b-9868-57a2d4851a1d" relativeResultsDirectory="c7fe6197-618c-481a-9898-ed5e52ea839d" />
    <UnitTestResult executionId="20b5f37b-3348-46a5-9b72-b408d80e7790" testId="edafcc43-4593-3e69-06bb-d94b360979cb" testName="ToDenormalizedDirection_0_50" computerName="DKSR-EFI-04" duration="00:00:00.0000791" startTime="2023-12-22T09:37:49.8513436+01:00" endTime="2023-12-22T09:37:49.8513436+01:00" testType="13cdc9d9-ddb5-4fa4-a97d-d965ccfc6d4b" outcome="Passed" testListId="8c84fa94-04c1-424b-9868-57a2d4851a1d" relativeResultsDirectory="20b5f37b-3348-46a5-9b72-b408d80e7790" />
    <UnitTestResult executionId="fb605567-41e9-4f67-a6b2-93eabd1dbf6a" testId="a6a5106e-d98b-7b36-c37f-52d3d3eccf9f" testName="BookmarkSearchTime_WithSearchStringInDifferentCases_ReturnCorrectBookmarkWithSearchStringInDescription (SeArChStRiNg,False,False,False,True,,,0)" computerName="DKSR-EFI-04" duration="00:00:00.0067666" startTime="2023-12-22T09:38:01.3826557+01:00" endTime="2023-12-22T09:38:01.3826557+01:00" testType="13cdc9d9-ddb5-4fa4-a97d-d965ccfc6d4b" outcome="Passed" testListId="8c84fa94-04c1-424b-9868-57a2d4851a1d" relativeResultsDirectory="fb605567-41e9-4f67-a6b2-93eabd1dbf6a" />
    <UnitTestResult executionId="6dfddd24-5a3a-495e-837a-b31706d9f942" testId="a786e6a0-7158-6a05-c54a-28647fb14bb7" testName="TestConstructor_windowManagerIsNull_FailWithArgumentNullException" computerName="DKSR-EFI-04" duration="00:00:00.2566855" startTime="2023-12-22T09:36:03.6476475+01:00" endTime="2023-12-22T09:36:03.9132720+01:00" testType="13cdc9d9-ddb5-4fa4-a97d-d965ccfc6d4b" outcome="Passed" testListId="8c84fa94-04c1-424b-9868-57a2d4851a1d" relativeResultsDirectory="6dfddd24-5a3a-495e-837a-b31706d9f942" />
    <UnitTestResult executionId="93331cbd-b70c-48f9-a24a-9a6a9ef1bd88" testId="7d0d6edf-f56b-d148-3827-35b36e3e80c4" testName="OnLoaded_ValidConfigurationInlineEditNoUserControl_InlineAttributeEditControlNotSet" computerName="DKSR-EFI-04" duration="00:00:00.0210110" startTime="2023-12-22T09:36:33.1634281+01:00" endTime="2023-12-22T09:36:33.1790538+01:00" testType="13cdc9d9-ddb5-4fa4-a97d-d965ccfc6d4b" outcome="Passed" testListId="8c84fa94-04c1-424b-9868-57a2d4851a1d" relativeResultsDirectory="93331cbd-b70c-48f9-a24a-9a6a9ef1bd88" />
    <UnitTestResult executionId="76c21269-d636-4cdc-b820-5e16e21c1dcf" testId="0f92f552-4017-16fb-01c6-431cdb4f66b2" testName="DeviceSelectorWindow_ShouldUpdatePosition_WhenMaximizedMainWindow" computerName="DKSR-EFI-04" duration="00:00:00.0910837" startTime="2023-12-22T09:36:11.4601857+01:00" endTime="2023-12-22T09:36:11.5539360+01:00" testType="13cdc9d9-ddb5-4fa4-a97d-d965ccfc6d4b" outcome="Passed" testListId="8c84fa94-04c1-424b-9868-57a2d4851a1d" relativeResultsDirectory="76c21269-d636-4cdc-b820-5e16e21c1dcf" />
    <UnitTestResult executionId="3714b31f-1343-409d-a280-44bbaf66b3ea" testId="02e91707-aab1-0a11-fa7b-f648cd0fd36e" testName="IsOutputDisabled_ShouldBeFalse_WhenOutputIsEnabled" computerName="DKSR-EFI-04" duration="00:00:00.0195131" startTime="2023-12-22T09:37:53.7576121+01:00" endTime="2023-12-22T09:37:53.7732387+01:00" testType="13cdc9d9-ddb5-4fa4-a97d-d965ccfc6d4b" outcome="Passed" testListId="8c84fa94-04c1-424b-9868-57a2d4851a1d" relativeResultsDirectory="3714b31f-1343-409d-a280-44bbaf66b3ea" />
    <UnitTestResult executionId="50e3739a-7341-49ff-ad1f-3c7bc1594eb2" testId="d334a597-c565-285a-8550-3b9ea2cba29c" testName="CalculateNewExtent_ShouldScaleEvenly_WhenWithinMaxInLowerLeft" computerName="DKSR-EFI-04" duration="00:00:00.0003321" startTime="2023-12-22T09:36:24.1165019+01:00" endTime="2023-12-22T09:36:24.1165019+01:00" testType="13cdc9d9-ddb5-4fa4-a97d-d965ccfc6d4b" outcome="Passed" testListId="8c84fa94-04c1-424b-9868-57a2d4851a1d" relativeResultsDirectory="50e3739a-7341-49ff-ad1f-3c7bc1594eb2" />
    <UnitTestResult executionId="38247a88-5b8e-42ea-a49f-aae151521e20" testId="af2a8788-f2d5-ea21-a188-f51e4691cee7" testName="OnSizeChanged_FivePluginButtonsPresentInActionBar_WithRoomForLessThenFourPluginButtonsPluginsMoveToSecondLine" computerName="DKSR-EFI-04" duration="00:00:00.1089626" startTime="2023-12-22T09:36:33.7884309+01:00" endTime="2023-12-22T09:36:33.8978068+01:00" testType="13cdc9d9-ddb5-4fa4-a97d-d965ccfc6d4b" outcome="Passed" testListId="8c84fa94-04c1-424b-9868-57a2d4851a1d" relativeResultsDirectory="38247a88-5b8e-42ea-a49f-aae151521e20" />
    <UnitTestResult executionId="e13a8e49-ef84-445a-9977-b9400d23bd8d" testId="208c7d14-25fa-d8f3-7f48-278c6762125d" testName="False" computerName="DKSR-EFI-04" duration="00:00:00.0005432" startTime="2023-12-22T09:38:00.4451548+01:00" endTime="2023-12-22T09:38:00.4451548+01:00" testType="13cdc9d9-ddb5-4fa4-a97d-d965ccfc6d4b" outcome="Passed" testListId="8c84fa94-04c1-424b-9868-57a2d4851a1d" relativeResultsDirectory="e13a8e49-ef84-445a-9977-b9400d23bd8d" />
    <UnitTestResult executionId="a10dd5a5-6ea3-4e23-b1a4-7366ab080ac4" testId="2b34fdd0-9f13-a5e7-cdd1-b024cdc0e042" testName="UpdateSearchTemplateAsync_ValidParameters_Success" computerName="DKSR-EFI-04" duration="00:00:00.0052481" startTime="2023-12-22T09:37:34.0543805+01:00" endTime="2023-12-22T09:37:34.0700066+01:00" testType="13cdc9d9-ddb5-4fa4-a97d-d965ccfc6d4b" outcome="Passed" testListId="8c84fa94-04c1-424b-9868-57a2d4851a1d" relativeResultsDirectory="a10dd5a5-6ea3-4e23-b1a4-7366ab080ac4" />
    <UnitTestResult executionId="5076c406-4654-4a17-8906-4a54348b39f1" testId="16cbfe5e-7bb9-3462-1447-f565ffc95fc8" testName="HandleSetLayerFeatures_ShouldRaiseArgumentException_WhenIsCalled" computerName="DKSR-EFI-04" duration="00:00:00.0003741" startTime="2023-12-22T09:37:55.8201217+01:00" endTime="2023-12-22T09:37:55.8201217+01:00" testType="13cdc9d9-ddb5-4fa4-a97d-d965ccfc6d4b" outcome="Passed" testListId="8c84fa94-04c1-424b-9868-57a2d4851a1d" relativeResultsDirectory="5076c406-4654-4a17-8906-4a54348b39f1" />
    <UnitTestResult executionId="cd94b98d-6839-4f9f-823c-d1fbd96c250d" testId="3def0511-4e40-2e00-f9b9-6bb18ace3fe8" testName="HideNotificationMessage_SetsIsNotificationMessageShownToFalse_WhenCalled" computerName="DKSR-EFI-04" duration="00:00:00.0503504" startTime="2023-12-22T09:36:10.3664316+01:00" endTime="2023-12-22T09:36:10.4133064+01:00" testType="13cdc9d9-ddb5-4fa4-a97d-d965ccfc6d4b" outcome="Passed" testListId="8c84fa94-04c1-424b-9868-57a2d4851a1d" relativeResultsDirectory="cd94b98d-6839-4f9f-823c-d1fbd96c250d" />
    <UnitTestResult executionId="e5f82be9-3e69-4ee7-8992-4e184e1e72d4" testId="b2d1fc86-5b6c-12c9-7390-a0eef3e963b8" testName="ValidateExportLocation_ShouldReturnFailResult_ExportFolderIsIllegal (False,False)" computerName="DKSR-EFI-04" duration="00:00:00.0127194" startTime="2023-12-22T09:36:29.8821591+01:00" endTime="2023-12-22T09:36:29.8977851+01:00" testType="13cdc9d9-ddb5-4fa4-a97d-d965ccfc6d4b" outcome="Passed" testListId="8c84fa94-04c1-424b-9868-57a2d4851a1d" relativeResultsDirectory="e5f82be9-3e69-4ee7-8992-4e184e1e72d4" />
    <UnitTestResult executionId="86bee939-b594-4a44-abdc-cdfb4732f59b" testId="fd527641-542a-2899-2dcd-c9ca191cdf52" testName="GetUnmutedMicrophoneIconId_ShouldRaiseArgumentException_WhenArgumentIsNotAMutedMicrophoneIconId" computerName="DKSR-EFI-04" duration="00:00:00.0004691" startTime="2023-12-22T09:37:53.0857414+01:00" endTime="2023-12-22T09:37:53.0857414+01:00" testType="13cdc9d9-ddb5-4fa4-a97d-d965ccfc6d4b" outcome="Passed" testListId="8c84fa94-04c1-424b-9868-57a2d4851a1d" relativeResultsDirectory="86bee939-b594-4a44-abdc-cdfb4732f59b" />
    <UnitTestResult executionId="a0c74656-8483-4143-beef-3270f27d9785" testId="52eb6924-d5b6-63f8-57b6-c1258325ea0d" testName="ValidateExportLocation_ShouldReturnFailResult_ExportPathIsInvalid (qq:\qwerty\qwerty)" computerName="DKSR-EFI-04" duration="00:00:00.0116787" startTime="2023-12-22T09:36:29.8040360+01:00" endTime="2023-12-22T09:36:29.8040360+01:00" testType="13cdc9d9-ddb5-4fa4-a97d-d965ccfc6d4b" outcome="Passed" testListId="8c84fa94-04c1-424b-9868-57a2d4851a1d" relativeResultsDirectory="a0c74656-8483-4143-beef-3270f27d9785" />
    <UnitTestResult executionId="90b35045-e20d-442e-a14d-f809e9c68ced" testId="9029e935-145d-d5fd-fae9-96c860349038" testName="GetClusters_AddedItems_ClustersForAddedItems (Data Row 13)" computerName="DKSR-EFI-04" duration="00:00:00.0134171" startTime="2023-12-22T09:37:57.5232605+01:00" endTime="2023-12-22T09:37:57.7107610+01:00" testType="13cdc9d9-ddb5-4fa4-a97d-d965ccfc6d4b" outcome="Passed" testListId="8c84fa94-04c1-424b-9868-57a2d4851a1d" relativeResultsDirectory="90b35045-e20d-442e-a14d-f809e9c68ced" />
    <UnitTestResult executionId="cdb26687-1aa8-46f7-a14d-7edca71d1658" testId="44e92960-87da-bcfa-c839-b0dd09a9d8ba" testName="SearchFilterCategoryGet_OneSearchAgent_FiltersMatch" computerName="DKSR-EFI-04" duration="00:00:00.0334891" startTime="2023-12-22T09:37:48.1013468+01:00" endTime="2023-12-22T09:37:48.1325913+01:00" testType="13cdc9d9-ddb5-4fa4-a97d-d965ccfc6d4b" outcome="Passed" testListId="8c84fa94-04c1-424b-9868-57a2d4851a1d" relativeResultsDirectory="cdb26687-1aa8-46f7-a14d-7edca71d1658" />
    <UnitTestResult executionId="27e92e39-f3d6-4b42-ae4d-04f9c50c7397" testId="76aaeca3-fba5-a4e3-743c-70ebeb58a048" testName="GetSearchReportDialog_SelectedSearchResults_MultiResults_Success" computerName="DKSR-EFI-04" duration="00:00:00.0998081" startTime="2023-12-22T09:37:28.7730996+01:00" endTime="2023-12-22T09:37:28.8668527+01:00" testType="13cdc9d9-ddb5-4fa4-a97d-d965ccfc6d4b" outcome="Passed" testListId="8c84fa94-04c1-424b-9868-57a2d4851a1d" relativeResultsDirectory="27e92e39-f3d6-4b42-ae4d-04f9c50c7397" />
    <UnitTestResult executionId="5125d219-74c9-4218-bb95-f526e19c5b17" testId="0fea2cc1-51cc-e0fa-152a-f6a58ad22a37" testName="DeviceIcons_ShouldHaveSevenElements_WhenCalled" computerName="DKSR-EFI-04" duration="00:00:00.0001953" startTime="2023-12-22T09:37:53.0544885+01:00" endTime="2023-12-22T09:37:53.0544885+01:00" testType="13cdc9d9-ddb5-4fa4-a97d-d965ccfc6d4b" outcome="Passed" testListId="8c84fa94-04c1-424b-9868-57a2d4851a1d" relativeResultsDirectory="5125d219-74c9-4218-bb95-f526e19c5b17" />
    <UnitTestResult executionId="1678e83f-1f0f-4d62-9574-2fe02911685a" testId="ab9ddcfe-5059-def5-d0f3-2a728312c36d" testName="DisplayErrorOnNotificationArea_UnknownDerivedFromSearchError_LoggingDisabled_Success" computerName="DKSR-EFI-04" duration="00:00:00.0092041" startTime="2023-12-22T09:37:28.2730981+01:00" endTime="2023-12-22T09:37:28.2887305+01:00" testType="13cdc9d9-ddb5-4fa4-a97d-d965ccfc6d4b" outcome="Passed" testListId="8c84fa94-04c1-424b-9868-57a2d4851a1d" relativeResultsDirectory="1678e83f-1f0f-4d62-9574-2fe02911685a" />
    <UnitTestResult executionId="5a6a8f65-febd-4449-97c3-08d4986e9f33" testId="c37e3ceb-4de2-f887-5ba0-5f1d4459693f" testName="DateToStringConverter_MultiConvertInvalidInput_UnsetValue" computerName="DKSR-EFI-04" duration="00:00:00.0006364" startTime="2023-12-22T09:37:04.1010937+01:00" endTime="2023-12-22T09:37:04.1010937+01:00" testType="13cdc9d9-ddb5-4fa4-a97d-d965ccfc6d4b" outcome="Passed" testListId="8c84fa94-04c1-424b-9868-57a2d4851a1d" relativeResultsDirectory="5a6a8f65-febd-4449-97c3-08d4986e9f33" />
    <UnitTestResult executionId="650d1204-4b41-49b3-9e3f-a5c2efa887c6" testId="743f0fe4-79cc-4cbd-b2f9-4683eb98d09d" testName="SetLayerFeatures_ShouldUpdateMicrophoneItemsMapLayer_WhenMicrophoneKindAndMicrophoneLayerFeatures" computerName="DKSR-EFI-04" duration="00:00:00.0045322" startTime="2023-12-22T09:37:55.9607492+01:00" endTime="2023-12-22T09:37:55.9763775+01:00" testType="13cdc9d9-ddb5-4fa4-a97d-d965ccfc6d4b" outcome="Passed" testListId="8c84fa94-04c1-424b-9868-57a2d4851a1d" relativeResultsDirectory="650d1204-4b41-49b3-9e3f-a5c2efa887c6" />
    <UnitTestResult executionId="297f938d-b7db-42fa-9340-0ad4dd61cb38" testId="604833d7-d8a0-cb51-77cf-d5e2a38bc181" testName="PtzInfoViewModel_PtzCotrolledByUnknownTest" computerName="DKSR-EFI-04" duration="00:00:00.0023260" startTime="2023-12-22T09:36:08.0695443+01:00" endTime="2023-12-22T09:36:08.0695443+01:00" testType="13cdc9d9-ddb5-4fa4-a97d-d965ccfc6d4b" outcome="Passed" testListId="8c84fa94-04c1-424b-9868-57a2d4851a1d" relativeResultsDirectory="297f938d-b7db-42fa-9340-0ad4dd61cb38" />
    <UnitTestResult executionId="fdaa6720-e93e-4dd5-942c-f1d19a93ee33" testId="26cac981-fbd9-d7dc-6bf9-6e552986f888" testName="Password too short" computerName="DKSR-EFI-04" duration="00:00:00.0005958" startTime="2023-12-22T09:36:30.1790384+01:00" endTime="2023-12-22T09:36:30.1790384+01:00" testType="13cdc9d9-ddb5-4fa4-a97d-d965ccfc6d4b" outcome="Passed" testListId="8c84fa94-04c1-424b-9868-57a2d4851a1d" relativeResultsDirectory="fdaa6720-e93e-4dd5-942c-f1d19a93ee33" />
    <UnitTestResult executionId="624cf245-90c8-4c95-b2d1-9d9afbd26249" testId="f9180ab0-97a0-1d07-1493-896e111e86f4" testName="TryGetOsmServerTileAddress_ShouldSetEmptyUriAddress_WhenOsmServerAddressIsEmpty" computerName="DKSR-EFI-04" duration="00:00:00.0001884" startTime="2023-12-22T09:37:55.8982514+01:00" endTime="2023-12-22T09:37:55.8982514+01:00" testType="13cdc9d9-ddb5-4fa4-a97d-d965ccfc6d4b" outcome="Passed" testListId="8c84fa94-04c1-424b-9868-57a2d4851a1d" relativeResultsDirectory="624cf245-90c8-4c95-b2d1-9d9afbd26249" />
    <UnitTestResult executionId="faf7bfb7-b3e9-4c01-9350-9cc176ee35ba" testId="b9ffa3f4-1f18-4167-4317-71e05fdcc916" testName="PatrollingProfileListViewModel_AddProfileExecute_Name_Taken" computerName="DKSR-EFI-04" duration="00:00:00.0016140" startTime="2023-12-22T09:37:57.8982708+01:00" endTime="2023-12-22T09:37:57.8982708+01:00" testType="13cdc9d9-ddb5-4fa4-a97d-d965ccfc6d4b" outcome="Passed" testListId="8c84fa94-04c1-424b-9868-57a2d4851a1d" relativeResultsDirectory="faf7bfb7-b3e9-4c01-9350-9cc176ee35ba" />
    <UnitTestResult executionId="aab7fc34-1aff-4c89-8f5d-d8c6ad0e59d1" testId="9ee3310d-df68-3208-bd43-511bd668f4d5" testName="OnMarkerRightClicked_ShouldLetMapLayerControlMenuItems_WhenNoMapItemSelected" computerName="DKSR-EFI-04" duration="00:00:00.0113730" startTime="2023-12-22T09:36:18.7258518+01:00" endTime="2023-12-22T09:36:18.7414776+01:00" testType="13cdc9d9-ddb5-4fa4-a97d-d965ccfc6d4b" outcome="Passed" testListId="8c84fa94-04c1-424b-9868-57a2d4851a1d" relativeResultsDirectory="aab7fc34-1aff-4c89-8f5d-d8c6ad0e59d1" />
    <UnitTestResult executionId="08632ec3-4f64-4c06-924a-89e28a762479" testId="e60bae60-c13a-330d-734d-4108f8865d47" testName="SmartMapGetPositionRequestHandler_WhenDataIsValid_ShouldCallNavigateTo" computerName="DKSR-EFI-04" duration="00:00:00.0060966" startTime="2023-12-22T09:36:23.7415025+01:00" endTime="2023-12-22T09:36:23.7571270+01:00" testType="13cdc9d9-ddb5-4fa4-a97d-d965ccfc6d4b" outcome="Passed" testListId="8c84fa94-04c1-424b-9868-57a2d4851a1d" relativeResultsDirectory="08632ec3-4f64-4c06-924a-89e28a762479" />
    <UnitTestResult executionId="540e8aad-a9b1-4767-8bb9-b7709935e00b" testId="7e6ab9bc-6be0-57ee-f082-006f13f3fda7" testName="PtzSessionControllerInfo_TimeChangedTest_Different_TimeLeft" computerName="DKSR-EFI-04" duration="00:00:00.0003715" startTime="2023-12-22T09:36:07.2726654+01:00" endTime="2023-12-22T09:36:07.2726654+01:00" testType="13cdc9d9-ddb5-4fa4-a97d-d965ccfc6d4b" outcome="Passed" testListId="8c84fa94-04c1-424b-9868-57a2d4851a1d" relativeResultsDirectory="540e8aad-a9b1-4767-8bb9-b7709935e00b" />
    <UnitTestResult executionId="1f4014d3-6982-405d-9479-a669736b3a53" testId="d6a182f6-1abb-4c06-28b1-3486154a7ed6" testName="VideoResultSearchResult_ShouldOnlyHavePropertiesFromSecondContext_WhenSetTwiceWithoutThrowingOnTokenCancellation" computerName="DKSR-EFI-04" duration="00:00:00.0598999" startTime="2023-12-22T09:37:04.3979711+01:00" endTime="2023-12-22T09:37:04.4604717+01:00" testType="13cdc9d9-ddb5-4fa4-a97d-d965ccfc6d4b" outcome="Passed" testListId="8c84fa94-04c1-424b-9868-57a2d4851a1d" relativeResultsDirectory="1f4014d3-6982-405d-9479-a669736b3a53" />
    <UnitTestResult executionId="da7c48b2-e706-4730-99b0-cc9af0517a38" testId="9f4edaad-99c4-2eb1-ba6c-f50887f230cb" testName="UpdateSearchTemplateAsync_EmptyParameters_Success" computerName="DKSR-EFI-04" duration="00:00:00.0011333" startTime="2023-12-22T09:37:34.0543805+01:00" endTime="2023-12-22T09:37:34.0543805+01:00" testType="13cdc9d9-ddb5-4fa4-a97d-d965ccfc6d4b" outcome="Passed" testListId="8c84fa94-04c1-424b-9868-57a2d4851a1d" relativeResultsDirectory="da7c48b2-e706-4730-99b0-cc9af0517a38" />
    <UnitTestResult executionId="52987ee3-0710-4fa4-91e0-64b1e66e6212" testId="d99b4f5e-d723-6b95-fc42-5b32d4349edc" testName="PatrollingProfileListViewModel_ResolvePresetName_Update_Name" computerName="DKSR-EFI-04" duration="00:00:00.0056409" startTime="2023-12-22T09:37:57.9295112+01:00" endTime="2023-12-22T09:37:57.9295112+01:00" testType="13cdc9d9-ddb5-4fa4-a97d-d965ccfc6d4b" outcome="Passed" testListId="8c84fa94-04c1-424b-9868-57a2d4851a1d" relativeResultsDirectory="52987ee3-0710-4fa4-91e0-64b1e66e6212" />
    <UnitTestResult executionId="b025b3b7-4fe5-4149-b8ad-0a21303a0b20" testId="dc0d2b36-aa1d-1594-0d6a-cf1fe6649772" testName="DeleteLevel2Of12_Success" computerName="DKSR-EFI-04" duration="00:00:00.0386078" startTime="2023-12-22T09:37:55.5857464+01:00" endTime="2023-12-22T09:37:55.6326233+01:00" testType="13cdc9d9-ddb5-4fa4-a97d-d965ccfc6d4b" outcome="Passed" testListId="8c84fa94-04c1-424b-9868-57a2d4851a1d" relativeResultsDirectory="b025b3b7-4fe5-4149-b8ad-0a21303a0b20">
      <Output>
        <StdOut>Debug Trace:&#xD;
 &gt;&gt;&gt; ERROR: System.NullReferenceException: Object reference not set to an instance of an object.&#xD;
   at VideoOS.RemoteClient.GisMapData.MapBuildings.MapLevel.&lt;LoadLayersAsync&gt;d__71.MoveNext() in D:\actions-runner\_work\XPCO\XPCO\SC\Components\dotNet\VideoOS.RemoteClient.GisMapData\MapBuildings\MapLevel.cs:line 283&#xD;
 &gt;&gt;&gt; Stack:    at VideoOS.RemoteClient.GisMapData.MapBuildings.MapLevel.&lt;LoadLayersAsync&gt;d__71.MoveNext() in D:\actions-runner\_work\XPCO\XPCO\SC\Components\dotNet\VideoOS.RemoteClient.GisMapData\MapBuildings\MapLevel.cs:line 283&#xD;
 &gt;&gt;&gt; ERROR: System.NullReferenceException: Object reference not set to an instance of an object.&#xD;
   at VideoOS.RemoteClient.GisMapData.MapBuildings.MapLevel.&lt;LoadLayersAsync&gt;d__71.MoveNext() in D:\actions-runner\_work\XPCO\XPCO\SC\Components\dotNet\VideoOS.RemoteClient.GisMapData\MapBuildings\MapLevel.cs:line 283&#xD;
 &gt;&gt;&gt; Stack:    at VideoOS.RemoteClient.GisMapData.MapBuildings.MapLevel.&lt;LoadLayersAsync&gt;d__71.MoveNext() in D:\actions-runner\_work\XPCO\XPCO\SC\Components\dotNet\VideoOS.RemoteClient.GisMapData\MapBuildings\MapLevel.cs:line 283&#xD;
 &gt;&gt;&gt; ERROR: System.NullReferenceException: Object reference not set to an instance of an object.&#xD;
   at VideoOS.RemoteClient.GisMapData.MapBuildings.MapLevel.&lt;LoadLayersAsync&gt;d__71.MoveNext() in D:\actions-runner\_work\XPCO\XPCO\SC\Components\dotNet\VideoOS.RemoteClient.GisMapData\MapBuildings\MapLevel.cs:line 283&#xD;
 &gt;&gt;&gt; Stack:    at VideoOS.RemoteClient.GisMapData.MapBuildings.MapLevel.&lt;LoadLayersAsync&gt;d__71.MoveNext() in D:\actions-runner\_work\XPCO\XPCO\SC\Components\dotNet\VideoOS.RemoteClient.GisMapData\MapBuildings\MapLevel.cs:line 283</StdOut>
      </Output>
    </UnitTestResult>
    <UnitTestResult executionId="51faf66f-8963-4291-bbb2-07d87b5e8ad8" testId="79975695-e433-2a9b-026b-7999a642c311" testName="BoundingBoxBrowseTimeChangedTest" computerName="DKSR-EFI-04" duration="00:00:00.0239916" startTime="2023-12-22T09:38:01.7889143+01:00" endTime="2023-12-22T09:38:01.8201650+01:00" testType="13cdc9d9-ddb5-4fa4-a97d-d965ccfc6d4b" outcome="Passed" testListId="8c84fa94-04c1-424b-9868-57a2d4851a1d" relativeResultsDirectory="51faf66f-8963-4291-bbb2-07d87b5e8ad8" />
    <UnitTestResult executionId="67efd804-e2b5-4a9a-b964-0e234a8d48f8" testId="76c6e850-3966-de20-82b6-519095d891a6" testName="Ctor_ShouldAddBasicUserCredentialsToCache_WhenServerAuthenticationIsSimple" computerName="DKSR-EFI-04" duration="00:00:00.0015453" startTime="2023-12-22T09:36:07.6164146+01:00" endTime="2023-12-22T09:36:07.6164146+01:00" testType="13cdc9d9-ddb5-4fa4-a97d-d965ccfc6d4b" outcome="Passed" testListId="8c84fa94-04c1-424b-9868-57a2d4851a1d" relativeResultsDirectory="67efd804-e2b5-4a9a-b964-0e234a8d48f8" />
    <UnitTestResult executionId="4abcf273-17a8-4a01-a4d4-02d47d1566e1" testId="3f8e6f27-c942-75f1-d43c-4f4dbc2ed891" testName="TestConstructor_LongLat_Success" computerName="DKSR-EFI-04" duration="00:00:00.0002057" startTime="2023-12-22T09:37:51.5075969+01:00" endTime="2023-12-22T09:37:51.5075969+01:00" testType="13cdc9d9-ddb5-4fa4-a97d-d965ccfc6d4b" outcome="Passed" testListId="8c84fa94-04c1-424b-9868-57a2d4851a1d" relativeResultsDirectory="4abcf273-17a8-4a01-a4d4-02d47d1566e1" />
    <UnitTestResult executionId="6b777a39-59d3-4ac2-8825-0190eff06ae6" testId="500812c7-2caf-0961-5585-75ab839884c8" testName="Tooltip_ShouldShowMicrophoneName_WhenMicrophoneIsMutedOnLiveModeAndUserHasListenPermissions" computerName="DKSR-EFI-04" duration="00:00:00.0671240" startTime="2023-12-22T09:36:21.6946154+01:00" endTime="2023-12-22T09:36:21.7571152+01:00" testType="13cdc9d9-ddb5-4fa4-a97d-d965ccfc6d4b" outcome="Passed" testListId="8c84fa94-04c1-424b-9868-57a2d4851a1d" relativeResultsDirectory="6b777a39-59d3-4ac2-8825-0190eff06ae6" />
    <UnitTestResult executionId="cf5960eb-a746-480d-824b-df398fb1c55f" testId="5ce1375e-46fd-90ff-af6f-56b477f36294" testName="GetWorkspaceToolbarItems_ShouldNotReturnGroupedToolbarItem_WhenGroupIdIsNull" computerName="DKSR-EFI-04" duration="00:00:00.1046602" startTime="2023-12-22T09:37:58.5545128+01:00" endTime="2023-12-22T09:37:58.6638915+01:00" testType="13cdc9d9-ddb5-4fa4-a97d-d965ccfc6d4b" outcome="Passed" testListId="8c84fa94-04c1-424b-9868-57a2d4851a1d" relativeResultsDirectory="cf5960eb-a746-480d-824b-df398fb1c55f" />
    <UnitTestResult executionId="8c3634c1-6464-479b-a206-ece48272b796" testId="e975a99c-1f61-f6af-a603-7683bb9bab62" testName="DateToStringConverter_Convert_InvalidParameter_ReturnUnsetValue" computerName="DKSR-EFI-04" duration="00:00:00.0006770" startTime="2023-12-22T09:37:04.0542183+01:00" endTime="2023-12-22T09:37:04.0542183+01:00" testType="13cdc9d9-ddb5-4fa4-a97d-d965ccfc6d4b" outcome="Passed" testListId="8c84fa94-04c1-424b-9868-57a2d4851a1d" relativeResultsDirectory="8c3634c1-6464-479b-a206-ece48272b796" />
    <UnitTestResult executionId="b74792b1-ede6-4cf8-aebb-c10db3e44a60" testId="3073894f-f138-694b-5154-436b92ff7cb8" testName="UpdateSearchAttributes_MultipleFiltersWithValues_Added" computerName="DKSR-EFI-04" duration="00:00:00.0016833" startTime="2023-12-22T09:37:24.4605751+01:00" endTime="2023-12-22T09:37:24.4605751+01:00" testType="13cdc9d9-ddb5-4fa4-a97d-d965ccfc6d4b" outcome="Passed" testListId="8c84fa94-04c1-424b-9868-57a2d4851a1d" relativeResultsDirectory="b74792b1-ede6-4cf8-aebb-c10db3e44a60" />
    <UnitTestResult executionId="b4bc0dfa-592d-4e30-88e7-85004ee6e6a4" testId="616c12d5-722e-e683-3114-c8a71232eef2" testName="GetLayerFeatures_ShouldReturnMicrophoneLayerFeaturesBasedOnMicrophoneItemsMapLayer_WhenMicrophoneKind" computerName="DKSR-EFI-04" duration="00:00:00.0027506" startTime="2023-12-22T09:37:55.9451272+01:00" endTime="2023-12-22T09:37:55.9451272+01:00" testType="13cdc9d9-ddb5-4fa4-a97d-d965ccfc6d4b" outcome="Passed" testListId="8c84fa94-04c1-424b-9868-57a2d4851a1d" relativeResultsDirectory="b4bc0dfa-592d-4e30-88e7-85004ee6e6a4" />
    <UnitTestResult executionId="d65b81ed-e09a-4c10-98b7-48b9e48b469c" testId="7e5f1658-9579-80ac-0889-217afa2e8ebf" testName="Constructor1_ShouldNotAllowInjectionOfNulls" computerName="DKSR-EFI-04" duration="00:00:00.0026460" startTime="2023-12-22T09:36:30.1321612+01:00" endTime="2023-12-22T09:36:30.1321612+01:00" testType="13cdc9d9-ddb5-4fa4-a97d-d965ccfc6d4b" outcome="Passed" testListId="8c84fa94-04c1-424b-9868-57a2d4851a1d" relativeResultsDirectory="d65b81ed-e09a-4c10-98b7-48b9e48b469c" />
    <UnitTestResult executionId="74ca4eac-7a14-4ad2-9a36-63969779bc60" testId="90f737d2-bf89-5d2f-b28c-8cecebbed027" testName="RemoveDefinition_WithRunningSearch_SearchCancelledAndResultsCleared" computerName="DKSR-EFI-04" duration="00:00:00.0088064" startTime="2023-12-22T09:37:34.7731363+01:00" endTime="2023-12-22T09:37:34.7887657+01:00" testType="13cdc9d9-ddb5-4fa4-a97d-d965ccfc6d4b" outcome="Passed" testListId="8c84fa94-04c1-424b-9868-57a2d4851a1d" relativeResultsDirectory="74ca4eac-7a14-4ad2-9a36-63969779bc60" />
    <UnitTestResult executionId="ac20cdd3-8fa3-4a6f-87ef-c12002b25ee7" testId="2864b3eb-0ab6-4da0-5436-4c6f89cc4874" testName="ToTimeScope_YesterdayInNonDST_Success" computerName="DKSR-EFI-04" duration="00:00:00.0010713" startTime="2023-12-22T09:37:34.2418814+01:00" endTime="2023-12-22T09:37:34.2418814+01:00" testType="13cdc9d9-ddb5-4fa4-a97d-d965ccfc6d4b" outcome="Passed" testListId="8c84fa94-04c1-424b-9868-57a2d4851a1d" relativeResultsDirectory="ac20cdd3-8fa3-4a6f-87ef-c12002b25ee7" />
    <UnitTestResult executionId="ef3ee190-0efb-4d9d-9038-1b01101a4cef" testId="adafff31-7445-4899-a64a-9d78ba6fa82f" testName="DisplayErrorOnNotificationArea_DuplicateResultSearchError_Success" computerName="DKSR-EFI-04" duration="00:00:00.0103364" startTime="2023-12-22T09:37:28.2887305+01:00" endTime="2023-12-22T09:37:28.3043481+01:00" testType="13cdc9d9-ddb5-4fa4-a97d-d965ccfc6d4b" outcome="Passed" testListId="8c84fa94-04c1-424b-9868-57a2d4851a1d" relativeResultsDirectory="ef3ee190-0efb-4d9d-9038-1b01101a4cef" />
    <UnitTestResult executionId="2676b716-50c2-4e03-9764-3bc23743ec01" testId="19c9cf52-9433-0ae2-27f1-e1c0ebb67acf" testName="Initialize_NullState_DoesNotCrash" computerName="DKSR-EFI-04" duration="00:00:00.0083586" startTime="2023-12-22T09:37:03.9917160+01:00" endTime="2023-12-22T09:37:03.9917160+01:00" testType="13cdc9d9-ddb5-4fa4-a97d-d965ccfc6d4b" outcome="Passed" testListId="8c84fa94-04c1-424b-9868-57a2d4851a1d" relativeResultsDirectory="2676b716-50c2-4e03-9764-3bc23743ec01" />
    <UnitTestResult executionId="5fef1d2e-5412-44bf-b9e7-d50bef16f629" testId="eabf48e5-196a-32f6-d385-edcb8e627a16" testName="TryGetOsmServerTileAddress_ShouldReturnFalse_WhenOsmServerAddressIsInvalid" computerName="DKSR-EFI-04" duration="00:00:00.0001576" startTime="2023-12-22T09:37:55.8982514+01:00" endTime="2023-12-22T09:37:55.8982514+01:00" testType="13cdc9d9-ddb5-4fa4-a97d-d965ccfc6d4b" outcome="Passed" testListId="8c84fa94-04c1-424b-9868-57a2d4851a1d" relativeResultsDirectory="5fef1d2e-5412-44bf-b9e7-d50bef16f629" />
    <UnitTestResult executionId="39d13cd6-45c4-4520-acf0-a5dee8498e91" testId="6fee5694-49d5-a68c-4692-637882795255" testName="Ctor_OneBuiltInGroupDefined_OneCompositeAgentAddedAndOneStandardAgentAdded" computerName="DKSR-EFI-04" duration="00:00:00.0014094" startTime="2023-12-22T09:37:48.3513320+01:00" endTime="2023-12-22T09:37:48.3513320+01:00" testType="13cdc9d9-ddb5-4fa4-a97d-d965ccfc6d4b" outcome="Passed" testListId="8c84fa94-04c1-424b-9868-57a2d4851a1d" relativeResultsDirectory="39d13cd6-45c4-4520-acf0-a5dee8498e91" />
    <UnitTestResult executionId="d0c4939f-2251-4268-92e8-82d84198d279" testId="55ff5278-ace4-0f2e-f8ad-9f5f257b511f" testName="GetMapLayerArguments_ShouldReturnIGisMapModel_WhenCalled" computerName="DKSR-EFI-04" duration="00:00:00.0004576" startTime="2023-12-22T09:37:53.0076077+01:00" endTime="2023-12-22T09:37:53.0076077+01:00" testType="13cdc9d9-ddb5-4fa4-a97d-d965ccfc6d4b" outcome="Passed" testListId="8c84fa94-04c1-424b-9868-57a2d4851a1d" relativeResultsDirectory="d0c4939f-2251-4268-92e8-82d84198d279" />
    <UnitTestResult executionId="817f97d2-ba04-4dc1-b87c-e3b9f7989189" testId="f16a12ad-889f-384d-d0eb-cbbdfad076fe" testName="TestMultipleTaskUpdate" computerName="DKSR-EFI-04" duration="00:00:00.0124446" startTime="2023-12-22T09:37:59.6795266+01:00" endTime="2023-12-22T09:37:59.6951450+01:00" testType="13cdc9d9-ddb5-4fa4-a97d-d965ccfc6d4b" outcome="Passed" testListId="8c84fa94-04c1-424b-9868-57a2d4851a1d" relativeResultsDirectory="817f97d2-ba04-4dc1-b87c-e3b9f7989189" />
    <UnitTestResult executionId="3873e883-5260-4ec0-bf6a-831a487fca20" testId="199cdec6-ec51-273d-006c-9fb34f580f59" testName="CreateCameraListItem_ShouldNotAddRegionSelectionToFilterValue_WhenAlreadyPresent" computerName="DKSR-EFI-04" duration="00:00:00.0012648" startTime="2023-12-22T09:37:49.1169647+01:00" endTime="2023-12-22T09:37:49.1169647+01:00" testType="13cdc9d9-ddb5-4fa4-a97d-d965ccfc6d4b" outcome="Passed" testListId="8c84fa94-04c1-424b-9868-57a2d4851a1d" relativeResultsDirectory="3873e883-5260-4ec0-bf6a-831a487fca20" />
    <UnitTestResult executionId="71be5e06-f565-4e54-9f04-f0be327a8a8e" testId="f47f6c44-9fa8-d010-756e-7b3d112428c4" testName="UpdateScope_FromTimeChangedWithNullScopeDuration_ReturnsTrue" computerName="DKSR-EFI-04" duration="00:00:00.0001439" startTime="2023-12-22T09:37:35.1481394+01:00" endTime="2023-12-22T09:37:35.1481394+01:00" testType="13cdc9d9-ddb5-4fa4-a97d-d965ccfc6d4b" outcome="Passed" testListId="8c84fa94-04c1-424b-9868-57a2d4851a1d" relativeResultsDirectory="71be5e06-f565-4e54-9f04-f0be327a8a8e" />
    <UnitTestResult executionId="bfbbcd09-c20a-40a5-8b8e-638a26a7358f" testId="eccb1112-d77c-887e-87bf-b7f65298e1a6" testName="SmartSearchStatusDto_ShouldYieldSameValues_WhenRoundTripConverted" computerName="DKSR-EFI-04" duration="00:00:00.0028197" startTime="2023-12-22T09:36:00.3663814+01:00" endTime="2023-12-22T09:36:00.3663814+01:00" testType="13cdc9d9-ddb5-4fa4-a97d-d965ccfc6d4b" outcome="Passed" testListId="8c84fa94-04c1-424b-9868-57a2d4851a1d" relativeResultsDirectory="bfbbcd09-c20a-40a5-8b8e-638a26a7358f" />
    <UnitTestResult executionId="0c20bdd9-353c-40df-9be8-ab876069c94a" testId="f0c5812c-630c-2912-6782-e7e51d2e4caa" testName="ValidateExportName_ShouldReturnFailResult_InvalidCharactersInExportName (1213&gt;)" computerName="DKSR-EFI-04" duration="00:00:00.0043521" startTime="2023-12-22T09:36:29.6477799+01:00" endTime="2023-12-22T09:36:29.6477799+01:00" testType="13cdc9d9-ddb5-4fa4-a97d-d965ccfc6d4b" outcome="Passed" testListId="8c84fa94-04c1-424b-9868-57a2d4851a1d" relativeResultsDirectory="0c20bdd9-353c-40df-9be8-ab876069c94a" />
    <UnitTestResult executionId="c4b70c19-a5ba-4e66-a497-93b63ba5c50d" testId="0a4e5b36-6578-df3d-cfd2-3d6ee660820a" testName="GetClusters_ExcludeFromClustering_OnlyClustersForExcludedItems (Data Row 5)" computerName="DKSR-EFI-04" duration="00:00:00.0132172" startTime="2023-12-22T09:37:56.0857518+01:00" endTime="2023-12-22T09:37:56.4451365+01:00" testType="13cdc9d9-ddb5-4fa4-a97d-d965ccfc6d4b" outcome="Passed" testListId="8c84fa94-04c1-424b-9868-57a2d4851a1d" relativeResultsDirectory="c4b70c19-a5ba-4e66-a497-93b63ba5c50d" />
    <UnitTestResult executionId="bfb45b20-8b0d-4acf-8fdc-49f13b50fbac" testId="a233d66c-f313-1e74-e181-b2dafdf7eda1" testName="BindingModelTitle_ReactsTo_PluginInstanceTitleUpdate" computerName="DKSR-EFI-04" duration="00:00:00.0020163" startTime="2023-12-22T09:38:00.4295289+01:00" endTime="2023-12-22T09:38:00.4295289+01:00" testType="13cdc9d9-ddb5-4fa4-a97d-d965ccfc6d4b" outcome="Passed" testListId="8c84fa94-04c1-424b-9868-57a2d4851a1d" relativeResultsDirectory="bfb45b20-8b0d-4acf-8fdc-49f13b50fbac" />
    <UnitTestResult executionId="14fdce18-3bb6-49b2-9222-f07dac07c187" testId="52b60312-f92a-489e-ac83-49b5962a1a66" testName="GetServerTiles_ShouldReturnCorrectServerTilesWithGroupTest" computerName="DKSR-EFI-04" duration="00:00:00.0041683" startTime="2023-12-22T09:38:02.1014093+01:00" endTime="2023-12-22T09:38:02.1014093+01:00" testType="13cdc9d9-ddb5-4fa4-a97d-d965ccfc6d4b" outcome="Passed" testListId="8c84fa94-04c1-424b-9868-57a2d4851a1d" relativeResultsDirectory="14fdce18-3bb6-49b2-9222-f07dac07c187" />
    <UnitTestResult executionId="810e4d7b-ee4c-4514-97d4-224f248f2277" testId="fe450cea-9ffb-3719-460a-cf60fe446421" testName="SearchAction_Carrousel_LiveMode" computerName="DKSR-EFI-04" duration="00:00:00.0935448" startTime="2023-12-22T09:38:00.6951576+01:00" endTime="2023-12-22T09:38:00.7889058+01:00" testType="13cdc9d9-ddb5-4fa4-a97d-d965ccfc6d4b" outcome="Passed" testListId="8c84fa94-04c1-424b-9868-57a2d4851a1d" relativeResultsDirectory="810e4d7b-ee4c-4514-97d4-224f248f2277" />
    <UnitTestResult executionId="36da96ab-9a3e-4548-ad18-840281dabab0" testId="6c232766-0173-c070-73ea-ec002545c357" testName="Parse_Yesterday_Success" computerName="DKSR-EFI-04" duration="00:00:00.0000943" startTime="2023-12-22T09:37:34.2262577+01:00" endTime="2023-12-22T09:37:34.2262577+01:00" testType="13cdc9d9-ddb5-4fa4-a97d-d965ccfc6d4b" outcome="Passed" testListId="8c84fa94-04c1-424b-9868-57a2d4851a1d" relativeResultsDirectory="36da96ab-9a3e-4548-ad18-840281dabab0" />
    <UnitTestResult executionId="3b18c607-016e-4efc-b290-d9e9bc8cfe42" testId="6681258b-ffc2-f0da-0c92-25b111f465fa" testName="OnMarkerSelected_ShouldAddMarkerToSelectionButNotStartInPlaceEditing_WhenExistingSelectionAndAddToSelectionIsTrue" computerName="DKSR-EFI-04" duration="00:00:00.0122203" startTime="2023-12-22T09:36:18.8664763+01:00" endTime="2023-12-22T09:36:18.8821018+01:00" testType="13cdc9d9-ddb5-4fa4-a97d-d965ccfc6d4b" outcome="Passed" testListId="8c84fa94-04c1-424b-9868-57a2d4851a1d" relativeResultsDirectory="3b18c607-016e-4efc-b290-d9e9bc8cfe42" />
    <UnitTestResult executionId="cddb2c77-3557-4a2c-916d-03827f6ec757" testId="9a20c48e-d269-b782-9e2c-26946688cee6" testName="BoundingBoxClear" computerName="DKSR-EFI-04" duration="00:00:00.0042953" startTime="2023-12-22T09:38:01.7576649+01:00" endTime="2023-12-22T09:38:01.7732837+01:00" testType="13cdc9d9-ddb5-4fa4-a97d-d965ccfc6d4b" outcome="Passed" testListId="8c84fa94-04c1-424b-9868-57a2d4851a1d" relativeResultsDirectory="cddb2c77-3557-4a2c-916d-03827f6ec757" />
    <UnitTestResult executionId="56ed5063-6314-4f1d-830d-23fe61836ac8" testId="86b5c5b9-f5c0-2dad-738f-2d685bd44644" testName="PopulateTooltip_FewResultsFromFewCameras24Hours_ValidText" computerName="DKSR-EFI-04" duration="00:00:00.0756527" startTime="2023-12-22T09:37:17.4605413+01:00" endTime="2023-12-22T09:37:17.5386659+01:00" testType="13cdc9d9-ddb5-4fa4-a97d-d965ccfc6d4b" outcome="Passed" testListId="8c84fa94-04c1-424b-9868-57a2d4851a1d" relativeResultsDirectory="56ed5063-6314-4f1d-830d-23fe61836ac8" />
    <UnitTestResult executionId="db5167e3-d5a0-421f-95d8-3c37571c0531" testId="1947d432-ac4e-8ff4-6a61-109d18cd0bdb" testName="ConvertToNewLevel_OneLevelDown_Success" computerName="DKSR-EFI-04" duration="00:00:00.0002484" startTime="2023-12-22T09:37:57.2732604+01:00" endTime="2023-12-22T09:37:57.2732604+01:00" testType="13cdc9d9-ddb5-4fa4-a97d-d965ccfc6d4b" outcome="Passed" testListId="8c84fa94-04c1-424b-9868-57a2d4851a1d" relativeResultsDirectory="db5167e3-d5a0-421f-95d8-3c37571c0531" />
    <UnitTestResult executionId="9546f650-7fa6-41ab-af7a-775358db91d0" testId="b518f299-3b00-cc5d-b78d-f3f85f49a757" testName="AddSelectedCameras_EmptyList_NoChange" computerName="DKSR-EFI-04" duration="00:00:00.0104782" startTime="2023-12-22T09:37:26.6012145+01:00" endTime="2023-12-22T09:37:26.6168401+01:00" testType="13cdc9d9-ddb5-4fa4-a97d-d965ccfc6d4b" outcome="Passed" testListId="8c84fa94-04c1-424b-9868-57a2d4851a1d" relativeResultsDirectory="9546f650-7fa6-41ab-af7a-775358db91d0" />
    <UnitTestResult executionId="e9e50491-e32a-4e1d-9308-60d913ee470c" testId="3346e13c-f7e8-cb19-f9f1-938fc47b8c60" testName="ValidateExportFormats_VideoClipFormat_ShouldReturnFailResult_NoAudioToExport" computerName="DKSR-EFI-04" duration="00:00:00.0443574" startTime="2023-12-22T09:36:30.0227839+01:00" endTime="2023-12-22T09:36:30.0696618+01:00" testType="13cdc9d9-ddb5-4fa4-a97d-d965ccfc6d4b" outcome="Passed" testListId="8c84fa94-04c1-424b-9868-57a2d4851a1d" relativeResultsDirectory="e9e50491-e32a-4e1d-9308-60d913ee470c" />
    <UnitTestResult executionId="6910c336-7b22-4fb2-a3f1-879ce4b7993c" testId="cf2bce97-0784-515c-e2f5-b39bb123cf9f" testName="Constructor_ShouldRaiseArgumentNullException_WhenWorkroomIsNull" computerName="DKSR-EFI-04" duration="00:00:00.1493324" startTime="2023-12-22T09:36:13.1945735+01:00" endTime="2023-12-22T09:36:13.3508206+01:00" testType="13cdc9d9-ddb5-4fa4-a97d-d965ccfc6d4b" outcome="Passed" testListId="8c84fa94-04c1-424b-9868-57a2d4851a1d" relativeResultsDirectory="6910c336-7b22-4fb2-a3f1-879ce4b7993c" />
    <UnitTestResult executionId="090e7f32-7eed-4483-bf61-1c896a4c8f6f" testId="d7914310-2797-ff1f-ca17-4f5e247c4bf2" testName="AddToExportDevices_ShouldReturnCorrectResult (0,0,5)" computerName="DKSR-EFI-04" duration="00:00:00.0022438" startTime="2023-12-22T09:38:00.1170267+01:00" endTime="2023-12-22T09:38:00.1170267+01:00" testType="13cdc9d9-ddb5-4fa4-a97d-d965ccfc6d4b" outcome="Passed" testListId="8c84fa94-04c1-424b-9868-57a2d4851a1d" relativeResultsDirectory="090e7f32-7eed-4483-bf61-1c896a4c8f6f" />
    <UnitTestResult executionId="8daa871e-2c26-41af-aefb-3e3511055f35" testId="6da1ad54-af03-13ff-88b0-777550297923" testName="SetItemOutlines_OutlinesSome_Success" computerName="DKSR-EFI-04" duration="00:00:00.0204030" startTime="2023-12-22T09:36:24.3821274+01:00" endTime="2023-12-22T09:36:24.3977526+01:00" testType="13cdc9d9-ddb5-4fa4-a97d-d965ccfc6d4b" outcome="Passed" testListId="8c84fa94-04c1-424b-9868-57a2d4851a1d" relativeResultsDirectory="8daa871e-2c26-41af-aefb-3e3511055f35" />
    <UnitTestResult executionId="7718ea92-c009-49b5-8739-edec19438f2e" testId="9a208f53-2994-a17f-1d39-9e17cb2164bd" testName="FetchDeviceConfiguration_ShouldNotLoadCache_WhenCacheFileIsNotPresent" computerName="DKSR-EFI-04" duration="00:00:00.0363248" startTime="2023-12-22T09:38:05.9608098+01:00" endTime="2023-12-22T09:38:06.0076858+01:00" testType="13cdc9d9-ddb5-4fa4-a97d-d965ccfc6d4b" outcome="Passed" testListId="8c84fa94-04c1-424b-9868-57a2d4851a1d" relativeResultsDirectory="7718ea92-c009-49b5-8739-edec19438f2e" />
    <UnitTestResult executionId="af6b5c96-724a-495d-afd3-9f9ff4d8644f" testId="1fb4c865-1faa-3cb2-dba2-5caed6ef1c09" testName="TestConstructor_NullMapBuilding_Failure" computerName="DKSR-EFI-04" duration="00:00:00.0179768" startTime="2023-12-22T09:37:55.3513706+01:00" endTime="2023-12-22T09:37:55.3826211+01:00" testType="13cdc9d9-ddb5-4fa4-a97d-d965ccfc6d4b" outcome="Passed" testListId="8c84fa94-04c1-424b-9868-57a2d4851a1d" relativeResultsDirectory="af6b5c96-724a-495d-afd3-9f9ff4d8644f" />
    <UnitTestResult executionId="d5c16ffa-cc1f-46db-9666-a81c04f7d056" testId="374542b4-887c-5193-c1b0-f2e6d543faf3" testName="TryAddInterval_ShouldReturnCorrectValue (True,True,Success)" computerName="DKSR-EFI-04" duration="00:00:00.0193872" startTime="2023-12-22T09:37:59.7576533+01:00" endTime="2023-12-22T09:37:59.7888981+01:00" testType="13cdc9d9-ddb5-4fa4-a97d-d965ccfc6d4b" outcome="Passed" testListId="8c84fa94-04c1-424b-9868-57a2d4851a1d" relativeResultsDirectory="d5c16ffa-cc1f-46db-9666-a81c04f7d056" />
    <UnitTestResult executionId="04d8901c-0f62-4fb4-ae78-c06d79e15467" testId="d6e18f4d-928d-faa8-fd00-f4b6e0b7623e" testName="PreprocessorResultsProcessed_ShouldAppendReselectedSearchResults_WhenPreprocessorHasResultsToReselect" computerName="DKSR-EFI-04" duration="00:00:00.0177961" startTime="2023-12-22T09:37:28.4449817+01:00" endTime="2023-12-22T09:37:28.4606038+01:00" testType="13cdc9d9-ddb5-4fa4-a97d-d965ccfc6d4b" outcome="Passed" testListId="8c84fa94-04c1-424b-9868-57a2d4851a1d" relativeResultsDirectory="04d8901c-0f62-4fb4-ae78-c06d79e15467" />
    <UnitTestResult executionId="5d597442-dbc3-48bb-9a75-fe74acd50822" testId="ba03e836-1476-7d35-ae0b-6b2da7f85509" testName="Compare_ShouldPrioritizeCombinedResultsWithMostSearchCategories_WhenResultsDoNotMatchTheSameNumberOfCategories" computerName="DKSR-EFI-04" duration="00:00:00.0008029" startTime="2023-12-22T09:37:35.3356369+01:00" endTime="2023-12-22T09:37:35.3356369+01:00" testType="13cdc9d9-ddb5-4fa4-a97d-d965ccfc6d4b" outcome="Passed" testListId="8c84fa94-04c1-424b-9868-57a2d4851a1d" relativeResultsDirectory="5d597442-dbc3-48bb-9a75-fe74acd50822" />
    <UnitTestResult executionId="96622351-eebf-4908-af89-22c5c45248c2" testId="1cdbc1c1-e214-17d8-9ab0-1390398a8948" testName="CreateSearchAttributeEditControl_UnmappedConfiguration_ReturnsNull" computerName="DKSR-EFI-04" duration="00:00:00.0108820" startTime="2023-12-22T09:37:48.6482076+01:00" endTime="2023-12-22T09:37:48.6638373+01:00" testType="13cdc9d9-ddb5-4fa4-a97d-d965ccfc6d4b" outcome="Passed" testListId="8c84fa94-04c1-424b-9868-57a2d4851a1d" relativeResultsDirectory="96622351-eebf-4908-af89-22c5c45248c2" />
    <UnitTestResult executionId="7718f510-1bb3-432d-95a1-6f7efb070bad" testId="51b24619-a3ed-9418-8456-52beb88978c3" testName="No_warning_when_removing_camera_with_unrelated_device_with_no_update_rights" computerName="DKSR-EFI-04" duration="00:00:00.0028416" startTime="2023-12-22T09:38:07.2264455+01:00" endTime="2023-12-22T09:38:07.2264455+01:00" testType="13cdc9d9-ddb5-4fa4-a97d-d965ccfc6d4b" outcome="Passed" testListId="8c84fa94-04c1-424b-9868-57a2d4851a1d" relativeResultsDirectory="7718f510-1bb3-432d-95a1-6f7efb070bad" />
    <UnitTestResult executionId="0efa3a71-7871-4d09-92c5-8facd5f47744" testId="582d8a38-a0ae-cfd9-0b4e-02b7216ac2ae" testName="AddToExportDevices_ShouldReturnCorrectResult (0,1,1)" computerName="DKSR-EFI-04" duration="00:00:00.0015463" startTime="2023-12-22T09:38:00.1014009+01:00" endTime="2023-12-22T09:38:00.1014009+01:00" testType="13cdc9d9-ddb5-4fa4-a97d-d965ccfc6d4b" outcome="Passed" testListId="8c84fa94-04c1-424b-9868-57a2d4851a1d" relativeResultsDirectory="0efa3a71-7871-4d09-92c5-8facd5f47744" />
    <UnitTestResult executionId="f1cbf373-18bb-4261-8cab-68b01c435f80" testId="e9266c48-cfc4-e144-1936-f643e910fdf5" testName="GisMapModel_Save_Success" computerName="DKSR-EFI-04" duration="00:00:00.0332817" startTime="2023-12-22T09:37:51.7576015+01:00" endTime="2023-12-22T09:37:51.7888567+01:00" testType="13cdc9d9-ddb5-4fa4-a97d-d965ccfc6d4b" outcome="Passed" testListId="8c84fa94-04c1-424b-9868-57a2d4851a1d" relativeResultsDirectory="f1cbf373-18bb-4261-8cab-68b01c435f80" />
    <UnitTestResult executionId="49536860-6293-4e66-85ae-0758b9732af6" testId="2670b347-ae46-c79b-6a32-846917e5ef9a" testName="HandleSetLayerFeatures_ShouldRaiseArgumentException_WhenCameraKindAndNotCameraLayerFeaturesAndInputLayer" computerName="DKSR-EFI-04" duration="00:00:00.0011069" startTime="2023-12-22T09:37:55.7576319+01:00" endTime="2023-12-22T09:37:55.7576319+01:00" testType="13cdc9d9-ddb5-4fa4-a97d-d965ccfc6d4b" outcome="Passed" testListId="8c84fa94-04c1-424b-9868-57a2d4851a1d" relativeResultsDirectory="49536860-6293-4e66-85ae-0758b9732af6" />
    <UnitTestResult executionId="280f6126-462d-4870-b945-1d89be533e51" testId="3601e411-06fe-e014-7da4-87000446bebe" testName="MapCameraIcons_WhenMilestoneOemResource_ShouldReturnTenIcons" computerName="DKSR-EFI-04" duration="00:00:00.0264933" startTime="2023-12-22T09:38:05.2264363+01:00" endTime="2023-12-22T09:38:05.2576860+01:00" testType="13cdc9d9-ddb5-4fa4-a97d-d965ccfc6d4b" outcome="Passed" testListId="8c84fa94-04c1-424b-9868-57a2d4851a1d" relativeResultsDirectory="280f6126-462d-4870-b945-1d89be533e51" />
    <UnitTestResult executionId="ad5c92a6-76ac-423f-bc00-001318e57fbc" testId="1dfcecbd-375a-81ed-2ce9-6d3e61013acd" testName="RightButtonDown_DoubleClickNoZoomHandler_DoesNotCrash" computerName="DKSR-EFI-04" duration="00:00:00.0079894" startTime="2023-12-22T09:36:16.3977129+01:00" endTime="2023-12-22T09:36:16.4133380+01:00" testType="13cdc9d9-ddb5-4fa4-a97d-d965ccfc6d4b" outcome="Passed" testListId="8c84fa94-04c1-424b-9868-57a2d4851a1d" relativeResultsDirectory="ad5c92a6-76ac-423f-bc00-001318e57fbc" />
    <UnitTestResult executionId="7f1b4c8c-119c-4f73-bb3e-862812fd8f20" testId="91f26bca-4ab5-824b-aa90-84778c7aa540" testName="SearchModelOnSearchResultsReady_OnUiThread_Success" computerName="DKSR-EFI-04" duration="00:00:00.0131927" startTime="2023-12-22T09:37:28.1168503+01:00" endTime="2023-12-22T09:37:28.1168503+01:00" testType="13cdc9d9-ddb5-4fa4-a97d-d965ccfc6d4b" outcome="Passed" testListId="8c84fa94-04c1-424b-9868-57a2d4851a1d" relativeResultsDirectory="7f1b4c8c-119c-4f73-bb3e-862812fd8f20" />
    <UnitTestResult executionId="bc6a8036-2d6f-45a0-ac25-c91b64e789bf" testId="2fb66288-907e-6f79-7496-8522636043b2" testName="HandleGetDeviceData_ShouldReturnNotFoundDeviceData_WhenNotSupportedKind" computerName="DKSR-EFI-04" duration="00:00:00.1293678" startTime="2023-12-22T09:36:26.5696399+01:00" endTime="2023-12-22T09:36:26.6946416+01:00" testType="13cdc9d9-ddb5-4fa4-a97d-d965ccfc6d4b" outcome="Passed" testListId="8c84fa94-04c1-424b-9868-57a2d4851a1d" relativeResultsDirectory="bc6a8036-2d6f-45a0-ac25-c91b64e789bf" />
    <UnitTestResult executionId="2b06a18a-703d-47c5-867e-47e80a89b6c7" testId="11e45243-c796-e305-ccb2-ad123da6b869" testName="SearchModelOnSearchResultsReady_NotOnUiThread_Success" computerName="DKSR-EFI-04" duration="00:00:00.0105164" startTime="2023-12-22T09:37:28.1324702+01:00" endTime="2023-12-22T09:37:28.1324702+01:00" testType="13cdc9d9-ddb5-4fa4-a97d-d965ccfc6d4b" outcome="Passed" testListId="8c84fa94-04c1-424b-9868-57a2d4851a1d" relativeResultsDirectory="2b06a18a-703d-47c5-867e-47e80a89b6c7" />
    <UnitTestResult executionId="7e44fe1a-90d1-4ebe-886f-ae5b80915505" testId="f680908c-3b4b-7b4d-7066-6e5fce7c0b27" testName="GetClusters_ExcludeThenIncludeExcludedItems_NoChange (Data Row 2)" computerName="DKSR-EFI-04" duration="00:00:00.0087114" startTime="2023-12-22T09:37:56.4607518+01:00" endTime="2023-12-22T09:37:56.6638974+01:00" testType="13cdc9d9-ddb5-4fa4-a97d-d965ccfc6d4b" outcome="Passed" testListId="8c84fa94-04c1-424b-9868-57a2d4851a1d" relativeResultsDirectory="7e44fe1a-90d1-4ebe-886f-ae5b80915505" />
    <UnitTestResult executionId="1277f83d-9eda-4fa8-a32c-56967820484a" testId="19f414fb-e29e-e53a-f5c0-dddd8004a79d" testName="ObjectToEnabledConverter_Convert_Success" computerName="DKSR-EFI-04" duration="00:00:00.0005366" startTime="2023-12-22T09:37:58.1482679+01:00" endTime="2023-12-22T09:37:58.1482679+01:00" testType="13cdc9d9-ddb5-4fa4-a97d-d965ccfc6d4b" outcome="Passed" testListId="8c84fa94-04c1-424b-9868-57a2d4851a1d" relativeResultsDirectory="1277f83d-9eda-4fa8-a32c-56967820484a" />
    <UnitTestResult executionId="89d10662-324e-4a59-b563-b6bbf05fa272" testId="174bdb8c-ca63-6d38-8008-0e1813915a8c" testName="TestForAssemblyCoverage" computerName="DKSR-EFI-04" duration="00:00:00.0552102" startTime="2023-12-22T09:36:07.9445431+01:00" endTime="2023-12-22T09:36:08.0070443+01:00" testType="13cdc9d9-ddb5-4fa4-a97d-d965ccfc6d4b" outcome="Passed" testListId="8c84fa94-04c1-424b-9868-57a2d4851a1d" relativeResultsDirectory="89d10662-324e-4a59-b563-b6bbf05fa272" />
    <UnitTestResult executionId="cf0f394f-eb5b-44dc-97c3-d4864265b731" testId="fefc1ca8-7f95-c638-84b7-b1c00b90c427" testName="GetGuidProviderStrategyByEventServerId_ShouldReturnOneMd5Strategy_WhenEventServerIdIsNonFipsCompliant" computerName="DKSR-EFI-04" duration="00:00:00.0005516" startTime="2023-12-22T09:38:07.8670695+01:00" endTime="2023-12-22T09:38:07.8670695+01:00" testType="13cdc9d9-ddb5-4fa4-a97d-d965ccfc6d4b" outcome="Passed" testListId="8c84fa94-04c1-424b-9868-57a2d4851a1d" relativeResultsDirectory="cf0f394f-eb5b-44dc-97c3-d4864265b731" />
    <UnitTestResult executionId="a0630154-54f3-4056-994f-a118ef18682c" testId="e998f77e-77b2-7e10-d8db-3813eb8031aa" testName="GetClusters_ThreeInitialItems_ClustersForInitialItems (Data Row 8)" computerName="DKSR-EFI-04" duration="00:00:00.0090851" startTime="2023-12-22T09:37:57.3201337+01:00" endTime="2023-12-22T09:37:57.5076341+01:00" testType="13cdc9d9-ddb5-4fa4-a97d-d965ccfc6d4b" outcome="Passed" testListId="8c84fa94-04c1-424b-9868-57a2d4851a1d" relativeResultsDirectory="a0630154-54f3-4056-994f-a118ef18682c" />
    <UnitTestResult executionId="2fce2577-ba99-4244-a585-6d1c1a33bffd" testId="370610a6-40ac-68fd-6f42-3e5c99313cb3" testName="IsOAuth_ShouldReturnFalse_WhenConstructedUsingWindowsDefault" computerName="DKSR-EFI-04" duration="00:00:00.0002309" startTime="2023-12-22T09:36:07.6476654+01:00" endTime="2023-12-22T09:36:07.6476654+01:00" testType="13cdc9d9-ddb5-4fa4-a97d-d965ccfc6d4b" outcome="Passed" testListId="8c84fa94-04c1-424b-9868-57a2d4851a1d" relativeResultsDirectory="2fce2577-ba99-4244-a585-6d1c1a33bffd" />
    <UnitTestResult executionId="fd76f63a-44fa-4eb1-98e0-351f9702c969" testId="60b9be0e-76ba-0ec0-0f7c-3f59c1ff8d12" testName="AddItemGetClusters_Milestone_ItemIsInCluster" computerName="DKSR-EFI-04" duration="00:00:00.0547540" startTime="2023-12-22T09:37:56.9451341+01:00" endTime="2023-12-22T09:37:56.9920070+01:00" testType="13cdc9d9-ddb5-4fa4-a97d-d965ccfc6d4b" outcome="Passed" testListId="8c84fa94-04c1-424b-9868-57a2d4851a1d" relativeResultsDirectory="fd76f63a-44fa-4eb1-98e0-351f9702c969" />
    <UnitTestResult executionId="da4112c9-71cc-41f4-95a6-f15b473a1483" testId="2c3cc6dd-0ecc-2298-ce4a-d064661bf1a0" testName="Init_NullStateAndManagerReturnsNullState_InitialStateCreatedFromScratch" computerName="DKSR-EFI-04" duration="00:00:00.0073632" startTime="2023-12-22T09:36:30.5227861+01:00" endTime="2023-12-22T09:36:30.5384120+01:00" testType="13cdc9d9-ddb5-4fa4-a97d-d965ccfc6d4b" outcome="Passed" testListId="8c84fa94-04c1-424b-9868-57a2d4851a1d" relativeResultsDirectory="da4112c9-71cc-41f4-95a6-f15b473a1483" />
    <UnitTestResult executionId="1f941a88-3fe6-418d-bc27-7e71d0586744" testId="27438fb6-5317-1252-e840-ea85e2375f48" testName="PatrollingProfileListViewModel_SelectedPatrollingProfileViewModel_No_Selected_PatrollingStep" computerName="DKSR-EFI-04" duration="00:00:00.0150888" startTime="2023-12-22T09:37:57.8670198+01:00" endTime="2023-12-22T09:37:57.8826420+01:00" testType="13cdc9d9-ddb5-4fa4-a97d-d965ccfc6d4b" outcome="Passed" testListId="8c84fa94-04c1-424b-9868-57a2d4851a1d" relativeResultsDirectory="1f941a88-3fe6-418d-bc27-7e71d0586744" />
    <UnitTestResult executionId="20237483-6c3a-459c-abf4-f3f85c4b097e" testId="a660afa4-f5aa-b923-9ed9-b3aed02ce38b" testName="CreateGeometry_ThreeCornerBuilding_Success" computerName="DKSR-EFI-04" duration="00:00:00.0004754" startTime="2023-12-22T09:37:57.3045109+01:00" endTime="2023-12-22T09:37:57.3045109+01:00" testType="13cdc9d9-ddb5-4fa4-a97d-d965ccfc6d4b" outcome="Passed" testListId="8c84fa94-04c1-424b-9868-57a2d4851a1d" relativeResultsDirectory="20237483-6c3a-459c-abf4-f3f85c4b097e" />
    <UnitTestResult executionId="619a5df6-3043-4424-a942-b062a0861b71" testId="a2942f2b-9678-3c30-9d53-cbabd8538e8a" testName="SmartMapGoToPositionHandler_WhenZoomIsInvalid_ShouldWriteToLog" computerName="DKSR-EFI-04" duration="00:00:00.0028059" startTime="2023-12-22T09:36:23.7102506+01:00" endTime="2023-12-22T09:36:23.7102506+01:00" testType="13cdc9d9-ddb5-4fa4-a97d-d965ccfc6d4b" outcome="Passed" testListId="8c84fa94-04c1-424b-9868-57a2d4851a1d" relativeResultsDirectory="619a5df6-3043-4424-a942-b062a0861b71" />
    <UnitTestResult executionId="926682d9-81cf-453a-bab8-df083dfd464a" testId="3e27fb37-1b1d-4928-6472-96f4fe8cf3c8" testName="Path enabled, not forced" computerName="DKSR-EFI-04" duration="00:00:00.0071179" startTime="2023-12-22T09:36:28.5384037+01:00" endTime="2023-12-22T09:36:28.5384037+01:00" testType="13cdc9d9-ddb5-4fa4-a97d-d965ccfc6d4b" outcome="Passed" testListId="8c84fa94-04c1-424b-9868-57a2d4851a1d" relativeResultsDirectory="926682d9-81cf-453a-bab8-df083dfd464a" />
    <UnitTestResult executionId="34cc6ecb-0054-403c-9735-d58bda862cca" testId="0a626f9c-1fcc-6ba0-e354-bb3374659d02" testName="PermanentMarkers_ShouldAdd_WhenTryInitExecuted" computerName="DKSR-EFI-04" duration="00:00:00.0499491" startTime="2023-12-22T09:36:16.9289639+01:00" endTime="2023-12-22T09:36:16.9914662+01:00" testType="13cdc9d9-ddb5-4fa4-a97d-d965ccfc6d4b" outcome="Passed" testListId="8c84fa94-04c1-424b-9868-57a2d4851a1d" relativeResultsDirectory="34cc6ecb-0054-403c-9735-d58bda862cca" />
    <UnitTestResult executionId="ef840e7e-fcd0-4404-8a53-410558d9f321" testId="ae852a8d-7ae4-98ec-f509-452d42fd042a" testName="BuildMapOptions_ShouldHandleStringOptionsCorrectly (GisMapOpenStreetMapAlternativeServer,,False)" computerName="DKSR-EFI-04" duration="00:00:00.0010445" startTime="2023-12-22T09:38:06.0858046+01:00" endTime="2023-12-22T09:38:06.0858046+01:00" testType="13cdc9d9-ddb5-4fa4-a97d-d965ccfc6d4b" outcome="Passed" testListId="8c84fa94-04c1-424b-9868-57a2d4851a1d" relativeResultsDirectory="ef840e7e-fcd0-4404-8a53-410558d9f321" />
    <UnitTestResult executionId="bc0a63b2-0a19-45fe-a608-a4a4e5de138e" testId="42e0893f-9727-8df7-fab4-99edc06f1ca2" testName="Compare_NotNullVsNull_LessThan" computerName="DKSR-EFI-04" duration="00:00:00.0001769" startTime="2023-12-22T09:37:35.3512604+01:00" endTime="2023-12-22T09:37:35.3512604+01:00" testType="13cdc9d9-ddb5-4fa4-a97d-d965ccfc6d4b" outcome="Passed" testListId="8c84fa94-04c1-424b-9868-57a2d4851a1d" relativeResultsDirectory="bc0a63b2-0a19-45fe-a608-a4a4e5de138e" />
    <UnitTestResult executionId="62921933-931a-46d3-a178-a07f5f53713c" testId="0eacc291-f328-de4d-1a1f-8a8b3e1cccd7" testName="OnUnloaded_ResultControl_ResultControlClosed" computerName="DKSR-EFI-04" duration="00:00:00.0100056" startTime="2023-12-22T09:36:34.8196862+01:00" endTime="2023-12-22T09:36:34.8353102+01:00" testType="13cdc9d9-ddb5-4fa4-a97d-d965ccfc6d4b" outcome="Passed" testListId="8c84fa94-04c1-424b-9868-57a2d4851a1d" relativeResultsDirectory="62921933-931a-46d3-a178-a07f5f53713c" />
    <UnitTestResult executionId="cd9dd35d-d733-4869-b412-7a4b9ca7b26c" testId="41b6c041-6264-4714-8517-a042a107be15" testName="ActiveInteractionStateBinding_ShouldNotBeNull_WhenCtorIsCalled" computerName="DKSR-EFI-04" duration="00:00:00.0148654" startTime="2023-12-22T09:36:23.2258736+01:00" endTime="2023-12-22T09:36:23.2415007+01:00" testType="13cdc9d9-ddb5-4fa4-a97d-d965ccfc6d4b" outcome="Passed" testListId="8c84fa94-04c1-424b-9868-57a2d4851a1d" relativeResultsDirectory="cd9dd35d-d733-4869-b412-7a4b9ca7b26c" />
    <UnitTestResult executionId="ae1de2ed-3e3b-4441-9dca-1aa6ee6c0312" testId="80316af5-ff8d-d096-8b7d-158b3853fd75" testName="Constructor_ShouldRaiseArgumentNullException_WhenGisMapModelIsNull" computerName="DKSR-EFI-04" duration="00:00:00.1925103" startTime="2023-12-22T09:36:24.9758822+01:00" endTime="2023-12-22T09:36:25.1633837+01:00" testType="13cdc9d9-ddb5-4fa4-a97d-d965ccfc6d4b" outcome="Passed" testListId="8c84fa94-04c1-424b-9868-57a2d4851a1d" relativeResultsDirectory="ae1de2ed-3e3b-4441-9dca-1aa6ee6c0312" />
    <UnitTestResult executionId="9c6c9067-02e6-4f6c-9dfa-b4df18edd7ca" testId="bed8c8de-bd82-cb94-6967-81e34fce6907" testName="SetIncludePartialResults_ShouldNotReselectResult_WhenResultToReselectIsPartialAndPartialResultsAreExcluded" computerName="DKSR-EFI-04" duration="00:00:00.0035153" startTime="2023-12-22T09:37:35.1325152+01:00" endTime="2023-12-22T09:37:35.1481394+01:00" testType="13cdc9d9-ddb5-4fa4-a97d-d965ccfc6d4b" outcome="Passed" testListId="8c84fa94-04c1-424b-9868-57a2d4851a1d" relativeResultsDirectory="9c6c9067-02e6-4f6c-9dfa-b4df18edd7ca" />
    <UnitTestResult executionId="cc53f1ef-20c2-4ed8-9781-eff75e26040c" testId="bc1a7ca7-c75d-3f41-ef6e-10d032a0855e" testName="Default, forced" computerName="DKSR-EFI-04" duration="00:00:00.0078627" startTime="2023-12-22T09:36:28.6321516+01:00" endTime="2023-12-22T09:36:28.6477781+01:00" testType="13cdc9d9-ddb5-4fa4-a97d-d965ccfc6d4b" outcome="Passed" testListId="8c84fa94-04c1-424b-9868-57a2d4851a1d" relativeResultsDirectory="cc53f1ef-20c2-4ed8-9781-eff75e26040c" />
    <UnitTestResult executionId="79b31f6e-dcb0-4a26-9b24-f3c329922cdd" testId="854a54be-59a6-d3a9-c68f-32fd5f490d07" testName="GetActivatedOutputIconId_ShouldReturnValidUnDeactivatedOutputIconId_WhenValidDeactivatedOutputIconIdIsProvided" computerName="DKSR-EFI-04" duration="00:00:00.0003683" startTime="2023-12-22T09:37:53.1169907+01:00" endTime="2023-12-22T09:37:53.1169907+01:00" testType="13cdc9d9-ddb5-4fa4-a97d-d965ccfc6d4b" outcome="Passed" testListId="8c84fa94-04c1-424b-9868-57a2d4851a1d" relativeResultsDirectory="79b31f6e-dcb0-4a26-9b24-f3c329922cdd" />
    <UnitTestResult executionId="9985b64a-ee5d-4873-b3ba-0112c0df31e5" testId="898a040b-fc5b-2cd2-659c-46113f65fe38" testName="ToDenormalizedDirection_0_25" computerName="DKSR-EFI-04" duration="00:00:00.0000838" startTime="2023-12-22T09:37:49.8513436+01:00" endTime="2023-12-22T09:37:49.8513436+01:00" testType="13cdc9d9-ddb5-4fa4-a97d-d965ccfc6d4b" outcome="Passed" testListId="8c84fa94-04c1-424b-9868-57a2d4851a1d" relativeResultsDirectory="9985b64a-ee5d-4873-b3ba-0112c0df31e5" />
    <UnitTestResult executionId="74a3c2d2-3599-4975-afc4-724177825c85" testId="beb419e5-5bec-3550-745e-1f14592b96f7" testName="AddApiKey_WhereApiKeyValid_ReturnsGoogleMapsUrl" computerName="DKSR-EFI-04" duration="00:00:00.0001844" startTime="2023-12-22T09:36:14.8664531+01:00" endTime="2023-12-22T09:36:14.8664531+01:00" testType="13cdc9d9-ddb5-4fa4-a97d-d965ccfc6d4b" outcome="Passed" testListId="8c84fa94-04c1-424b-9868-57a2d4851a1d" relativeResultsDirectory="74a3c2d2-3599-4975-afc4-724177825c85" />
    <UnitTestResult executionId="7d6a0fa8-5818-4a9c-a928-e771ebc9de29" testId="8ef9e844-3d1a-7964-caca-ab02c4eee36c" testName="ShowSuccessToast_ShouldShowCorrectNumberOfToasts (0,0)" computerName="DKSR-EFI-04" duration="00:00:00.0203301" startTime="2023-12-22T09:38:00.2576562+01:00" endTime="2023-12-22T09:38:00.2732838+01:00" testType="13cdc9d9-ddb5-4fa4-a97d-d965ccfc6d4b" outcome="Passed" testListId="8c84fa94-04c1-424b-9868-57a2d4851a1d" relativeResultsDirectory="7d6a0fa8-5818-4a9c-a928-e771ebc9de29" />
    <UnitTestResult executionId="c34623b7-84a2-4125-aa3f-ec2d498bb4a5" testId="02ca40da-1acc-291d-7447-d3e7fda89520" testName="Retention_Options_Are_Intersected" computerName="DKSR-EFI-04" duration="00:00:00.0668057" startTime="2023-12-22T09:38:07.0545635+01:00" endTime="2023-12-22T09:38:07.1326871+01:00" testType="13cdc9d9-ddb5-4fa4-a97d-d965ccfc6d4b" outcome="Passed" testListId="8c84fa94-04c1-424b-9868-57a2d4851a1d" relativeResultsDirectory="c34623b7-84a2-4125-aa3f-ec2d498bb4a5" />
    <UnitTestResult executionId="abf48d26-8741-4b7d-a948-6fd9b62c0633" testId="63b5e857-7c0f-1bfb-6bac-ed0592160bce" testName="UpdateScope_ToTimeChangedWithNullScopeDuration_ReturnsTrue" computerName="DKSR-EFI-04" duration="00:00:00.0001350" startTime="2023-12-22T09:37:35.1481394+01:00" endTime="2023-12-22T09:37:35.1481394+01:00" testType="13cdc9d9-ddb5-4fa4-a97d-d965ccfc6d4b" outcome="Passed" testListId="8c84fa94-04c1-424b-9868-57a2d4851a1d" relativeResultsDirectory="abf48d26-8741-4b7d-a948-6fd9b62c0633" />
    <UnitTestResult executionId="21d75475-d073-4384-9acd-9acfb5e2f51c" testId="eb41b80f-fe87-ec26-1817-78a947446eac" testName="UpdateItems_WhenStrategyReturnsUpdateNeeded_ShouldResultInMipItemsReadyEvent" computerName="DKSR-EFI-04" duration="00:00:00.1788737" startTime="2023-12-22T09:36:23.7883772+01:00" endTime="2023-12-22T09:36:23.9758767+01:00" testType="13cdc9d9-ddb5-4fa4-a97d-d965ccfc6d4b" outcome="Passed" testListId="8c84fa94-04c1-424b-9868-57a2d4851a1d" relativeResultsDirectory="21d75475-d073-4384-9acd-9acfb5e2f51c" />
    <UnitTestResult executionId="e842b3e6-b831-4a9b-bf5a-51f0da2066bb" testId="4f555e67-dae7-b67f-1beb-febf2b9b4968" testName="HandleGetDeviceData_ShouldReturnOutputData_WhenOutputKindAndExistingOutputId" computerName="DKSR-EFI-04" duration="00:00:00.1362037" startTime="2023-12-22T09:36:26.7415157+01:00" endTime="2023-12-22T09:36:26.8665169+01:00" testType="13cdc9d9-ddb5-4fa4-a97d-d965ccfc6d4b" outcome="Passed" testListId="8c84fa94-04c1-424b-9868-57a2d4851a1d" relativeResultsDirectory="e842b3e6-b831-4a9b-bf5a-51f0da2066bb" />
    <UnitTestResult executionId="1cfee877-a101-4ca2-a05f-a70144bdc2d8" testId="27940d64-03df-8f28-2a77-22152c4e2bc7" testName="IsSearchInProgressChanged_Success" computerName="DKSR-EFI-04" duration="00:00:00.0057855" startTime="2023-12-22T09:37:26.2262141+01:00" endTime="2023-12-22T09:37:26.2418439+01:00" testType="13cdc9d9-ddb5-4fa4-a97d-d965ccfc6d4b" outcome="Passed" testListId="8c84fa94-04c1-424b-9868-57a2d4851a1d" relativeResultsDirectory="1cfee877-a101-4ca2-a05f-a70144bdc2d8" />
    <UnitTestResult executionId="119eb4fb-b539-4272-b9f6-dbd136bbed12" testId="02e79180-7231-3946-3d30-86e386fbe7e5" testName="CreateExportDialog_CanSelectExportToOptics_WithOpticalDrivesPresent" computerName="DKSR-EFI-04" duration="00:00:00.0148949" startTime="2023-12-22T09:36:28.4446511+01:00" endTime="2023-12-22T09:36:28.4759011+01:00" testType="13cdc9d9-ddb5-4fa4-a97d-d965ccfc6d4b" outcome="Passed" testListId="8c84fa94-04c1-424b-9868-57a2d4851a1d" relativeResultsDirectory="119eb4fb-b539-4272-b9f6-dbd136bbed12" />
    <UnitTestResult executionId="8efb861d-23ea-4dc1-b4a7-3018986cf147" testId="962aa215-0703-be2d-ae49-5fe79d594412" testName="Deserialize_NothingToDeserialize_Success" computerName="DKSR-EFI-04" duration="00:00:00.0007073" startTime="2023-12-22T09:37:35.4293939+01:00" endTime="2023-12-22T09:37:35.4293939+01:00" testType="13cdc9d9-ddb5-4fa4-a97d-d965ccfc6d4b" outcome="Passed" testListId="8c84fa94-04c1-424b-9868-57a2d4851a1d" relativeResultsDirectory="8efb861d-23ea-4dc1-b4a7-3018986cf147" />
    <UnitTestResult executionId="f46c0fe0-f407-48a9-939b-b8e325b97d01" testId="5fd3f98c-c6c1-c9ae-ace1-6e51d9ce104b" testName="TestMultipleTaskSubscription" computerName="DKSR-EFI-04" duration="00:00:00.0080341" startTime="2023-12-22T09:37:59.6951450+01:00" endTime="2023-12-22T09:37:59.6951450+01:00" testType="13cdc9d9-ddb5-4fa4-a97d-d965ccfc6d4b" outcome="Passed" testListId="8c84fa94-04c1-424b-9868-57a2d4851a1d" relativeResultsDirectory="f46c0fe0-f407-48a9-939b-b8e325b97d01" />
    <UnitTestResult executionId="6e7629bb-f18f-4555-be30-975b4d5f115b" testId="6e668805-e583-b333-030a-20aba32624a1" testName="Ctor_MultipleSearchFilterCategoriesInManager_SearchDefinitionCreatedForEachCategory" computerName="DKSR-EFI-04" duration="00:00:00.0051108" startTime="2023-12-22T09:37:48.1638336+01:00" endTime="2023-12-22T09:37:48.1638336+01:00" testType="13cdc9d9-ddb5-4fa4-a97d-d965ccfc6d4b" outcome="Passed" testListId="8c84fa94-04c1-424b-9868-57a2d4851a1d" relativeResultsDirectory="6e7629bb-f18f-4555-be30-975b4d5f115b" />
    <UnitTestResult executionId="1f37753e-5224-4c99-9eb1-cdbdbda1eab5" testId="2a7cf9dc-e9f0-7632-64c7-f92d98f50bd4" testName="CalculateNewExtent_ShouldScaleEvenly_WhenWithinMax" computerName="DKSR-EFI-04" duration="00:00:00.0003298" startTime="2023-12-22T09:36:24.1165019+01:00" endTime="2023-12-22T09:36:24.1165019+01:00" testType="13cdc9d9-ddb5-4fa4-a97d-d965ccfc6d4b" outcome="Passed" testListId="8c84fa94-04c1-424b-9868-57a2d4851a1d" relativeResultsDirectory="1f37753e-5224-4c99-9eb1-cdbdbda1eab5" />
    <UnitTestResult executionId="e6896f36-9135-4e4c-8986-4aad13adb1d8" testId="272037c0-f590-39e8-9884-c04de913150c" testName="NavigateAndSelectAsync_NotCameraKind_ReturnsFalse" computerName="DKSR-EFI-04" duration="00:00:00.0175714" startTime="2023-12-22T09:36:24.3977526+01:00" endTime="2023-12-22T09:36:24.4133785+01:00" testType="13cdc9d9-ddb5-4fa4-a97d-d965ccfc6d4b" outcome="Passed" testListId="8c84fa94-04c1-424b-9868-57a2d4851a1d" relativeResultsDirectory="e6896f36-9135-4e4c-8986-4aad13adb1d8" />
    <UnitTestResult executionId="fd70f959-372d-42af-8afe-97f11c71edad" testId="195570df-9817-b542-b94a-a76463a05b14" testName="ParseFromName_SecondZero_MinutesNotRoundedUp" computerName="DKSR-EFI-04" duration="00:00:00.0004750" startTime="2023-12-22T09:37:33.5543767+01:00" endTime="2023-12-22T09:37:33.5543767+01:00" testType="13cdc9d9-ddb5-4fa4-a97d-d965ccfc6d4b" outcome="Passed" testListId="8c84fa94-04c1-424b-9868-57a2d4851a1d" relativeResultsDirectory="fd70f959-372d-42af-8afe-97f11c71edad" />
    <UnitTestResult executionId="9d911d46-f3bd-4e24-b7ad-b94ff6547d2c" testId="0daa0cf2-f08f-9af5-8f90-3afbe873dbac" testName="InitializeTokenException_ShouldThrow_WhenErrorOutOfRangeLow" computerName="DKSR-EFI-04" duration="00:00:00.0005460" startTime="2023-12-22T09:38:05.8670568+01:00" endTime="2023-12-22T09:38:05.8670568+01:00" testType="13cdc9d9-ddb5-4fa4-a97d-d965ccfc6d4b" outcome="Passed" testListId="8c84fa94-04c1-424b-9868-57a2d4851a1d" relativeResultsDirectory="9d911d46-f3bd-4e24-b7ad-b94ff6547d2c" />
    <UnitTestResult executionId="cb5abeba-c570-4cb0-8edb-c2e27744c3ec" testId="7df9b500-6856-6e35-de99-08c43bb682f1" testName="TestForAssemblyCoverage" computerName="DKSR-EFI-04" duration="00:00:00.0110054" startTime="2023-12-22T09:36:08.1164197+01:00" endTime="2023-12-22T09:36:08.1164197+01:00" testType="13cdc9d9-ddb5-4fa4-a97d-d965ccfc6d4b" outcome="Passed" testListId="8c84fa94-04c1-424b-9868-57a2d4851a1d" relativeResultsDirectory="cb5abeba-c570-4cb0-8edb-c2e27744c3ec" />
    <UnitTestResult executionId="35df0375-39ba-4d1f-8539-89c6c2d2be37" testId="58415a14-73c9-7515-7cc6-10b983611842" testName="SearchAction_BrowseMode_OneYearInTheFuture" computerName="DKSR-EFI-04" duration="00:00:00.0058631" startTime="2023-12-22T09:38:04.2576706+01:00" endTime="2023-12-22T09:38:04.2576706+01:00" testType="13cdc9d9-ddb5-4fa4-a97d-d965ccfc6d4b" outcome="Passed" testListId="8c84fa94-04c1-424b-9868-57a2d4851a1d" relativeResultsDirectory="35df0375-39ba-4d1f-8539-89c6c2d2be37" />
    <UnitTestResult executionId="2e62abf0-b203-421f-bc99-ca6d4120705d" testId="4adcb6de-d6b1-ce7d-930d-8dcc82e4f478" testName="GetLayerVisibilityItemsData_ShouldAddCameraWithViewZoneFixedLayer_WhenCameraMapAndViewZoneLayersAreProvided" computerName="DKSR-EFI-04" duration="00:00:00.0109455" startTime="2023-12-22T09:36:14.7102033+01:00" endTime="2023-12-22T09:36:14.7102033+01:00" testType="13cdc9d9-ddb5-4fa4-a97d-d965ccfc6d4b" outcome="Passed" testListId="8c84fa94-04c1-424b-9868-57a2d4851a1d" relativeResultsDirectory="2e62abf0-b203-421f-bc99-ca6d4120705d" />
    <UnitTestResult executionId="ced9a574-8fe9-45ac-8f58-b6a587ecfd56" testId="b918b474-74ff-1345-54cb-cdaf09a7e1fc" testName="TryGetOsmServerTileAddress_ShouldReturnUri_WhenOsmServerIncludesOsmTileSuffix" computerName="DKSR-EFI-04" duration="00:00:00.0001611" startTime="2023-12-22T09:37:55.8982514+01:00" endTime="2023-12-22T09:37:55.8982514+01:00" testType="13cdc9d9-ddb5-4fa4-a97d-d965ccfc6d4b" outcome="Passed" testListId="8c84fa94-04c1-424b-9868-57a2d4851a1d" relativeResultsDirectory="ced9a574-8fe9-45ac-8f58-b6a587ecfd56" />
    <UnitTestResult executionId="2ea0172f-86b1-466a-9a42-42f41c821be5" testId="c7772852-e1ce-5a56-9e2d-f376c5ee0d2f" testName="SearchResultsActionBarActions_SendToFloatingWindowMaxCamerasExceededButAccepted_InvokeCommand_WarningDialogDisplayed" computerName="DKSR-EFI-04" duration="00:00:00.0174813" startTime="2023-12-22T09:37:25.4449617+01:00" endTime="2023-12-22T09:37:25.4605800+01:00" testType="13cdc9d9-ddb5-4fa4-a97d-d965ccfc6d4b" outcome="Passed" testListId="8c84fa94-04c1-424b-9868-57a2d4851a1d" relativeResultsDirectory="2ea0172f-86b1-466a-9a42-42f41c821be5" />
    <UnitTestResult executionId="1401ba00-4fc0-4d73-8468-c60130114ed9" testId="3ff67012-33f7-cd39-573d-f3e6ab37a120" testName="Close_MultipleSearchFilterCategoriesInManager_SearchDefinitionDestroyedForEachCategory" computerName="DKSR-EFI-04" duration="00:00:00.0032080" startTime="2023-12-22T09:37:48.1794611+01:00" endTime="2023-12-22T09:37:48.1794611+01:00" testType="13cdc9d9-ddb5-4fa4-a97d-d965ccfc6d4b" outcome="Passed" testListId="8c84fa94-04c1-424b-9868-57a2d4851a1d" relativeResultsDirectory="1401ba00-4fc0-4d73-8468-c60130114ed9" />
    <UnitTestResult executionId="876c777d-31c1-405a-b5d4-d4ee6adb69c6" testId="c80c8876-22f6-262f-2179-9c2d308f50c4" testName="HasWritePermissionOnDir_WriteDenied_ReturnsFalse" computerName="DKSR-EFI-04" duration="00:00:00.0008347" startTime="2023-12-22T09:37:33.1950087+01:00" endTime="2023-12-22T09:37:33.1950087+01:00" testType="13cdc9d9-ddb5-4fa4-a97d-d965ccfc6d4b" outcome="Passed" testListId="8c84fa94-04c1-424b-9868-57a2d4851a1d" relativeResultsDirectory="876c777d-31c1-405a-b5d4-d4ee6adb69c6" />
    <UnitTestResult executionId="2eeb47e7-1b16-4f24-8840-5b553ad07e60" testId="b2858415-8d80-7600-7fe5-6b1b7d183235" testName="Create_Success" computerName="DKSR-EFI-04" duration="00:00:00.1338079" startTime="2023-12-22T09:36:23.3041759+01:00" endTime="2023-12-22T09:36:23.4290010+01:00" testType="13cdc9d9-ddb5-4fa4-a97d-d965ccfc6d4b" outcome="Passed" testListId="8c84fa94-04c1-424b-9868-57a2d4851a1d" relativeResultsDirectory="2eeb47e7-1b16-4f24-8840-5b553ad07e60" />
    <UnitTestResult executionId="22934653-ad5c-4678-b800-5b743b5aed60" testId="dacad55c-89db-4a83-ada9-6fb14502b91c" testName="EnsureLayersOrderIsValidBy_AddLayersAt_Success" computerName="DKSR-EFI-04" duration="00:00:00.0656041" startTime="2023-12-22T09:37:52.7888544+01:00" endTime="2023-12-22T09:37:52.8513602+01:00" testType="13cdc9d9-ddb5-4fa4-a97d-d965ccfc6d4b" outcome="Passed" testListId="8c84fa94-04c1-424b-9868-57a2d4851a1d" relativeResultsDirectory="22934653-ad5c-4678-b800-5b743b5aed60" />
    <UnitTestResult executionId="5e256779-431e-406a-a079-40f9c632827d" testId="d971de1e-b31f-31c2-fa67-f30dd423d56b" testName="Constructor_ShouldRaiseArgumentNullException_WhenGisMapViewModelIsNull" computerName="DKSR-EFI-04" duration="00:00:00.0041181" startTime="2023-12-22T09:36:14.3977041+01:00" endTime="2023-12-22T09:36:14.3977041+01:00" testType="13cdc9d9-ddb5-4fa4-a97d-d965ccfc6d4b" outcome="Passed" testListId="8c84fa94-04c1-424b-9868-57a2d4851a1d" relativeResultsDirectory="5e256779-431e-406a-a079-40f9c632827d" />
    <UnitTestResult executionId="a1828ff3-02db-42e6-a1ae-f90f7e5a5abd" testId="f43e4ea6-dc47-ee70-a56d-6546d3877223" testName="HandlePermissionDeniedResults_ShouldShowMessageAndToast (1,1)" computerName="DKSR-EFI-04" duration="00:00:00.0015390" startTime="2023-12-22T09:38:00.3357779+01:00" endTime="2023-12-22T09:38:00.3357779+01:00" testType="13cdc9d9-ddb5-4fa4-a97d-d965ccfc6d4b" outcome="Passed" testListId="8c84fa94-04c1-424b-9868-57a2d4851a1d" relativeResultsDirectory="a1828ff3-02db-42e6-a1ae-f90f7e5a5abd" />
    <UnitTestResult executionId="98e901b5-9bbf-4a39-a8e8-e1eebb97e5d0" testId="b532dcb5-d46e-e627-c8a2-132588b28593" testName="WorkspaceToolBarItemExportAdd_ShouldGoIntoSelectionMode_WhenNotInSelectionMode" computerName="DKSR-EFI-04" duration="00:00:00.0254163" startTime="2023-12-22T09:38:00.8670276+01:00" endTime="2023-12-22T09:38:00.8826562+01:00" testType="13cdc9d9-ddb5-4fa4-a97d-d965ccfc6d4b" outcome="Passed" testListId="8c84fa94-04c1-424b-9868-57a2d4851a1d" relativeResultsDirectory="98e901b5-9bbf-4a39-a8e8-e1eebb97e5d0" />
    <UnitTestResult executionId="f1d6a892-2299-484f-bc59-e1f9b5c64554" testId="9b9f5855-551c-70f8-1e00-64a607e6089e" testName="GetSearchTemplateAsync_ThrowCommunicationMIPException_Success" computerName="DKSR-EFI-04" duration="00:00:00.0018390" startTime="2023-12-22T09:37:34.1637597+01:00" endTime="2023-12-22T09:37:34.1637597+01:00" testType="13cdc9d9-ddb5-4fa4-a97d-d965ccfc6d4b" outcome="Passed" testListId="8c84fa94-04c1-424b-9868-57a2d4851a1d" relativeResultsDirectory="f1d6a892-2299-484f-bc59-e1f9b5c64554" />
    <UnitTestResult executionId="71fb0af9-adc8-41bb-96e5-58580ab25cf6" testId="88368492-ab90-c1cc-ed53-9c30bffbee67" testName="DeleteSearchTemplateAsync_ThrowException_Success" computerName="DKSR-EFI-04" duration="00:00:00.0041362" startTime="2023-12-22T09:37:34.1325037+01:00" endTime="2023-12-22T09:37:34.1325037+01:00" testType="13cdc9d9-ddb5-4fa4-a97d-d965ccfc6d4b" outcome="Passed" testListId="8c84fa94-04c1-424b-9868-57a2d4851a1d" relativeResultsDirectory="71fb0af9-adc8-41bb-96e5-58580ab25cf6" />
    <UnitTestResult executionId="794b6b00-4fec-49b8-8a33-5ed86fe4e87d" testId="cdf55ccf-9363-1335-a916-7ffe8ada8675" testName="Dispose_ShouldSetGisMapViewModelToNull_WhenCalled" computerName="DKSR-EFI-04" duration="00:00:00.0017835" startTime="2023-12-22T09:36:14.3977041+01:00" endTime="2023-12-22T09:36:14.3977041+01:00" testType="13cdc9d9-ddb5-4fa4-a97d-d965ccfc6d4b" outcome="Passed" testListId="8c84fa94-04c1-424b-9868-57a2d4851a1d" relativeResultsDirectory="794b6b00-4fec-49b8-8a33-5ed86fe4e87d" />
    <UnitTestResult executionId="c2c82346-372d-4cd3-8948-03f8a34594b5" testId="0431698b-89c7-961c-1219-e2a2171a4f5c" testName="PtzSessionTimer_ConstructorTest" computerName="DKSR-EFI-04" duration="00:00:00.0006121" startTime="2023-12-22T09:36:07.2882915+01:00" endTime="2023-12-22T09:36:07.2882915+01:00" testType="13cdc9d9-ddb5-4fa4-a97d-d965ccfc6d4b" outcome="Passed" testListId="8c84fa94-04c1-424b-9868-57a2d4851a1d" relativeResultsDirectory="c2c82346-372d-4cd3-8948-03f8a34594b5" />
    <UnitTestResult executionId="207e0ac7-4d21-4188-a0f3-a17f46bc41c5" testId="e998f77e-77b2-7e10-d8db-3813eb8031aa" testName="GetClusters_ThreeInitialItems_ClustersForInitialItems (Data Row 13)" computerName="DKSR-EFI-04" duration="00:00:00.0082411" startTime="2023-12-22T09:37:57.3201337+01:00" endTime="2023-12-22T09:37:57.5076341+01:00" testType="13cdc9d9-ddb5-4fa4-a97d-d965ccfc6d4b" outcome="Passed" testListId="8c84fa94-04c1-424b-9868-57a2d4851a1d" relativeResultsDirectory="207e0ac7-4d21-4188-a0f3-a17f46bc41c5" />
    <UnitTestResult executionId="fb9e243e-0731-482b-9591-84a4b672dcf4" testId="bf38d087-b471-df6a-7d14-7824df80030c" testName="AddItems_ShouldAcceptItems_WhenItemsAreOfDifferentTypes" computerName="DKSR-EFI-04" duration="00:00:00.0204687" startTime="2023-12-22T09:37:57.1638858+01:00" endTime="2023-12-22T09:37:57.1795087+01:00" testType="13cdc9d9-ddb5-4fa4-a97d-d965ccfc6d4b" outcome="Passed" testListId="8c84fa94-04c1-424b-9868-57a2d4851a1d" relativeResultsDirectory="fb9e243e-0731-482b-9591-84a4b672dcf4" />
    <UnitTestResult executionId="559858dc-2209-40ac-943b-eff5348da9c5" testId="931ed933-de82-365f-5037-e2d1c5c2f2a2" testName="PtzSessionControllerInfo_TimeChangedTest_Different_CameraId" computerName="DKSR-EFI-04" duration="00:00:00.0003750" startTime="2023-12-22T09:36:07.2726654+01:00" endTime="2023-12-22T09:36:07.2726654+01:00" testType="13cdc9d9-ddb5-4fa4-a97d-d965ccfc6d4b" outcome="Passed" testListId="8c84fa94-04c1-424b-9868-57a2d4851a1d" relativeResultsDirectory="559858dc-2209-40ac-943b-eff5348da9c5" />
    <UnitTestResult executionId="b5cffeff-c666-4845-a580-359b173d0f5d" testId="7bc82cbe-20de-caab-82e3-ab7c085d6916" testName="ScWorkspaceStateChangedEvent_ShouldSetDeviceStateToMuted_WhenSwitchingToSetupMode" computerName="DKSR-EFI-04" duration="00:00:00.0139843" startTime="2023-12-22T09:37:53.1951098+01:00" endTime="2023-12-22T09:37:53.2107461+01:00" testType="13cdc9d9-ddb5-4fa4-a97d-d965ccfc6d4b" outcome="Passed" testListId="8c84fa94-04c1-424b-9868-57a2d4851a1d" relativeResultsDirectory="b5cffeff-c666-4845-a580-359b173d0f5d" />
    <UnitTestResult executionId="184b367b-29c9-4593-87cf-33618412320d" testId="79dc6ade-1fb5-e53a-3895-120821ee0ad1" testName="Combine_ShouldPassAllHardcodedEdgeCaseTests" computerName="DKSR-EFI-04" duration="00:00:00.1467089" startTime="2023-12-22T09:37:47.9138319+01:00" endTime="2023-12-22T09:37:48.0700864+01:00" testType="13cdc9d9-ddb5-4fa4-a97d-d965ccfc6d4b" outcome="Passed" testListId="8c84fa94-04c1-424b-9868-57a2d4851a1d" relativeResultsDirectory="184b367b-29c9-4593-87cf-33618412320d">
      <Output>
        <StdOut>Debug Trace:&#xD;
&#xD;
&#xD;
************* TEST RESULTS *************&#xD;
Total tests: 224&#xD;
Passed tests: 224&#xD;
Failed tests: 0</StdOut>
      </Output>
    </UnitTestResult>
    <UnitTestResult executionId="5af49dde-537f-403e-be77-2e4ef2bf2a0f" testId="5004265f-fd28-da5b-c559-ead79e5384bf" testName="GetDuration_OneMinute_Success" computerName="DKSR-EFI-04" duration="00:00:00.0004757" startTime="2023-12-22T09:37:33.5387550+01:00" endTime="2023-12-22T09:37:33.5387550+01:00" testType="13cdc9d9-ddb5-4fa4-a97d-d965ccfc6d4b" outcome="Passed" testListId="8c84fa94-04c1-424b-9868-57a2d4851a1d" relativeResultsDirectory="5af49dde-537f-403e-be77-2e4ef2bf2a0f" />
    <UnitTestResult executionId="9429f977-cbd5-48f2-9132-031513c87c6c" testId="ccbe9915-207e-f3b0-9e57-5dc3348b938c" testName="MonitorState_Equal_Tests" computerName="DKSR-EFI-04" duration="00:00:00.0016565" startTime="2023-12-22T09:38:08.0076949+01:00" endTime="2023-12-22T09:38:08.0076949+01:00" testType="13cdc9d9-ddb5-4fa4-a97d-d965ccfc6d4b" outcome="Passed" testListId="8c84fa94-04c1-424b-9868-57a2d4851a1d" relativeResultsDirectory="9429f977-cbd5-48f2-9132-031513c87c6c" />
    <UnitTestResult executionId="708012e7-94a7-4f99-be5f-1aead3331694" testId="f7a4182b-ffd3-38f8-408e-5d4264f4f5e8" testName="GetPropertiesAsync_ShouldIgnoreNullPropertyCollectionFromSubResults" computerName="DKSR-EFI-04" duration="00:00:00.0035404" startTime="2023-12-22T09:37:35.2262726+01:00" endTime="2023-12-22T09:37:35.2262726+01:00" testType="13cdc9d9-ddb5-4fa4-a97d-d965ccfc6d4b" outcome="Passed" testListId="8c84fa94-04c1-424b-9868-57a2d4851a1d" relativeResultsDirectory="708012e7-94a7-4f99-be5f-1aead3331694" />
    <UnitTestResult executionId="5120d097-acc2-4965-93b6-e9cd1c0b196a" testId="883ed386-0af3-88ca-5bd9-30da25d79f41" testName="SearchResultsActionBarActions_DeleteBookmark_ConfirmDeleteNo_DeleteCancelled" computerName="DKSR-EFI-04" duration="00:00:00.0106859" startTime="2023-12-22T09:37:26.0230852+01:00" endTime="2023-12-22T09:37:26.0387101+01:00" testType="13cdc9d9-ddb5-4fa4-a97d-d965ccfc6d4b" outcome="Passed" testListId="8c84fa94-04c1-424b-9868-57a2d4851a1d" relativeResultsDirectory="5120d097-acc2-4965-93b6-e9cd1c0b196a" />
    <UnitTestResult executionId="38bcdd9d-f743-442e-b5a7-5dcbc026e4b7" testId="207c734e-48ea-b6e3-83cc-3b0a65265019" testName="PopulateTooltip_SingleResultsFromSingleCamera12Hours_ValidText" computerName="DKSR-EFI-04" duration="00:00:00.0375207" startTime="2023-12-22T09:37:17.1011632+01:00" endTime="2023-12-22T09:37:17.1324137+01:00" testType="13cdc9d9-ddb5-4fa4-a97d-d965ccfc6d4b" outcome="Passed" testListId="8c84fa94-04c1-424b-9868-57a2d4851a1d" relativeResultsDirectory="38bcdd9d-f743-442e-b5a7-5dcbc026e4b7" />
    <UnitTestResult executionId="5dddd2f0-23d4-4ed9-aae5-b54fc4513edf" testId="ef7eb1a4-404f-fda1-15f0-bcd1e692326a" testName="PatrollingStepListViewModel_MoveStepDownExecute" computerName="DKSR-EFI-04" duration="00:00:00.0022728" startTime="2023-12-22T09:37:58.0857627+01:00" endTime="2023-12-22T09:37:58.0857627+01:00" testType="13cdc9d9-ddb5-4fa4-a97d-d965ccfc6d4b" outcome="Passed" testListId="8c84fa94-04c1-424b-9868-57a2d4851a1d" relativeResultsDirectory="5dddd2f0-23d4-4ed9-aae5-b54fc4513edf" />
    <UnitTestResult executionId="a97cfea5-f63b-4388-b5cc-836763567951" testId="dc3b0316-49f0-426f-b38e-3bcd6e62bfdd" testName="NavigateAndSelectAsync_ReCenterCommandDisabled_Success" computerName="DKSR-EFI-04" duration="00:00:00.5017625" startTime="2023-12-22T09:36:13.5070730+01:00" endTime="2023-12-22T09:36:14.0070753+01:00" testType="13cdc9d9-ddb5-4fa4-a97d-d965ccfc6d4b" outcome="Passed" testListId="8c84fa94-04c1-424b-9868-57a2d4851a1d" relativeResultsDirectory="a97cfea5-f63b-4388-b5cc-836763567951" />
    <UnitTestResult executionId="bf3acc8f-9b62-4d6d-84e1-44df29fe1cac" testId="6754b662-82b1-e1e8-5fb7-5034b721677b" testName="Ctor_Success" computerName="DKSR-EFI-04" duration="00:00:00.0687076" startTime="2023-12-22T09:37:33.1012566+01:00" endTime="2023-12-22T09:37:33.1793819+01:00" testType="13cdc9d9-ddb5-4fa4-a97d-d965ccfc6d4b" outcome="Passed" testListId="8c84fa94-04c1-424b-9868-57a2d4851a1d" relativeResultsDirectory="bf3acc8f-9b62-4d6d-84e1-44df29fe1cac" />
    <UnitTestResult executionId="9dfc107f-18e5-4715-ad95-860c72249d72" testId="6fad06d6-6e6b-b6b2-c6ce-b133426e326c" testName="GetLayerFeatures_ShouldReturnInputLayerFeaturesBasedOnInputItemsMapLayer_WhenInputKind" computerName="DKSR-EFI-04" duration="00:00:00.0016786" startTime="2023-12-22T09:37:55.9294985+01:00" endTime="2023-12-22T09:37:55.9294985+01:00" testType="13cdc9d9-ddb5-4fa4-a97d-d965ccfc6d4b" outcome="Passed" testListId="8c84fa94-04c1-424b-9868-57a2d4851a1d" relativeResultsDirectory="9dfc107f-18e5-4715-ad95-860c72249d72" />
    <UnitTestResult executionId="8fc3af69-f075-4708-9114-cb1d8999ba68" testId="ece9c0c6-7f24-79de-902b-ae084a6701cb" testName="LoadBoundingShapes_RectangleShapeWithNegativeHeight_NotAddedToUI" computerName="DKSR-EFI-04" duration="00:00:00.0114864" startTime="2023-12-22T09:37:48.7419668+01:00" endTime="2023-12-22T09:37:48.7575970+01:00" testType="13cdc9d9-ddb5-4fa4-a97d-d965ccfc6d4b" outcome="Passed" testListId="8c84fa94-04c1-424b-9868-57a2d4851a1d" relativeResultsDirectory="8fc3af69-f075-4708-9114-cb1d8999ba68" />
    <UnitTestResult executionId="dc03565e-3daf-4d7a-8ef7-a1d0a33ae6b6" testId="84f93f59-fd44-afa7-32df-18fcfc62c68f" testName="TestUpdateState_NotIsLiveOrPlayback" computerName="DKSR-EFI-04" duration="00:00:00.0021972" startTime="2023-12-22T09:38:00.4764039+01:00" endTime="2023-12-22T09:38:00.4764039+01:00" testType="13cdc9d9-ddb5-4fa4-a97d-d965ccfc6d4b" outcome="Passed" testListId="8c84fa94-04c1-424b-9868-57a2d4851a1d" relativeResultsDirectory="dc03565e-3daf-4d7a-8ef7-a1d0a33ae6b6" />
    <UnitTestResult executionId="9d17fd55-4f28-4180-bdf2-1994dd40bebb" testId="ef94c6fe-3d3c-a109-4351-ac27f971b64d" testName="AddToSearchSelectedEvent_AllCategoriesSelected_Success" computerName="DKSR-EFI-04" duration="00:00:00.0457750" startTime="2023-12-22T09:37:24.1168621+01:00" endTime="2023-12-22T09:37:24.1637032+01:00" testType="13cdc9d9-ddb5-4fa4-a97d-d965ccfc6d4b" outcome="Passed" testListId="8c84fa94-04c1-424b-9868-57a2d4851a1d" relativeResultsDirectory="9d17fd55-4f28-4180-bdf2-1994dd40bebb" />
    <UnitTestResult executionId="3c01a4e5-fbf0-4fe6-8ae5-a1be48de1c86" testId="cd13bfee-f8b4-3d5e-a0f6-00049079c32f" testName="ResultsAvailable_SomeResults_Success" computerName="DKSR-EFI-04" duration="00:00:00.0049347" startTime="2023-12-22T09:37:26.2105945+01:00" endTime="2023-12-22T09:37:26.2105945+01:00" testType="13cdc9d9-ddb5-4fa4-a97d-d965ccfc6d4b" outcome="Passed" testListId="8c84fa94-04c1-424b-9868-57a2d4851a1d" relativeResultsDirectory="3c01a4e5-fbf0-4fe6-8ae5-a1be48de1c86" />
    <UnitTestResult executionId="4eb7d325-8495-4cfb-a4fd-ce2b768215b5" testId="224208d0-b60c-0e1e-7362-af15735beb49" testName="PatrollingStepListViewModel_SelectedPatrollingStepViewModel" computerName="DKSR-EFI-04" duration="00:00:00.0042198" startTime="2023-12-22T09:37:58.0388900+01:00" endTime="2023-12-22T09:37:58.0388900+01:00" testType="13cdc9d9-ddb5-4fa4-a97d-d965ccfc6d4b" outcome="Passed" testListId="8c84fa94-04c1-424b-9868-57a2d4851a1d" relativeResultsDirectory="4eb7d325-8495-4cfb-a4fd-ce2b768215b5" />
    <UnitTestResult executionId="ed77b05d-0807-47ce-984f-9d5752b507ed" testId="bfbae833-a487-affd-e910-685bd64afc57" testName="OnLayersRetrieved_ShouldSetComponentsToCameraAndInput_WhenLayersCollectionContainsCameraAndInputAndOutput" computerName="DKSR-EFI-04" duration="00:00:00.1467838" startTime="2023-12-22T09:36:12.8664448+01:00" endTime="2023-12-22T09:36:13.0070708+01:00" testType="13cdc9d9-ddb5-4fa4-a97d-d965ccfc6d4b" outcome="Passed" testListId="8c84fa94-04c1-424b-9868-57a2d4851a1d" relativeResultsDirectory="ed77b05d-0807-47ce-984f-9d5752b507ed" />
    <UnitTestResult executionId="b32c0605-4bd1-4a40-9a06-e83a87f25916" testId="1522f9c5-5447-f8a7-7916-026ac691e6f0" testName="GetDuration_SeveralMinutes_Success" computerName="DKSR-EFI-04" duration="00:00:00.0003158" startTime="2023-12-22T09:37:33.5387550+01:00" endTime="2023-12-22T09:37:33.5387550+01:00" testType="13cdc9d9-ddb5-4fa4-a97d-d965ccfc6d4b" outcome="Passed" testListId="8c84fa94-04c1-424b-9868-57a2d4851a1d" relativeResultsDirectory="b32c0605-4bd1-4a40-9a06-e83a87f25916" />
    <UnitTestResult executionId="7dc461ce-2e91-49b7-9f55-1dd276b6f3a1" testId="fb699dcc-5e5e-47d1-e653-08665478eed9" testName="AddCriteriaCommand_AddCriteriaCommand_InEditSearchDefinitionCorrect" computerName="DKSR-EFI-04" duration="00:00:00.0113411" startTime="2023-12-22T09:37:28.0074708+01:00" endTime="2023-12-22T09:37:28.0235918+01:00" testType="13cdc9d9-ddb5-4fa4-a97d-d965ccfc6d4b" outcome="Passed" testListId="8c84fa94-04c1-424b-9868-57a2d4851a1d" relativeResultsDirectory="7dc461ce-2e91-49b7-9f55-1dd276b6f3a1" />
    <UnitTestResult executionId="ef37341c-003e-427e-bd22-0bff2ac7710d" testId="90e28b3e-a0b2-cd0c-c5a2-021ebe10799d" testName="AddSelectedCameras_TooManyCameras_ValidateAllOptionCentralizedSearchMaxDeviceCountValues" computerName="DKSR-EFI-04" duration="00:00:00.8349333" startTime="2023-12-22T09:37:26.7574805+01:00" endTime="2023-12-22T09:37:27.5856009+01:00" testType="13cdc9d9-ddb5-4fa4-a97d-d965ccfc6d4b" outcome="Passed" testListId="8c84fa94-04c1-424b-9868-57a2d4851a1d" relativeResultsDirectory="ef37341c-003e-427e-bd22-0bff2ac7710d" />
    <UnitTestResult executionId="6a2f17a3-2aae-4e48-9477-166c7122df9c" testId="e998f77e-77b2-7e10-d8db-3813eb8031aa" testName="GetClusters_ThreeInitialItems_ClustersForInitialItems (Data Row 10)" computerName="DKSR-EFI-04" duration="00:00:00.0082268" startTime="2023-12-22T09:37:57.3201337+01:00" endTime="2023-12-22T09:37:57.5076341+01:00" testType="13cdc9d9-ddb5-4fa4-a97d-d965ccfc6d4b" outcome="Passed" testListId="8c84fa94-04c1-424b-9868-57a2d4851a1d" relativeResultsDirectory="6a2f17a3-2aae-4e48-9477-166c7122df9c" />
    <UnitTestResult executionId="e310781c-c2c7-4a0a-8eb5-9029a13c6151" testId="c2089cd7-1abb-31da-c4ba-3d9555a4f6a0" testName="PtzSessionControllerInfo_ReservedChangedTest_Argument_Null_2" computerName="DKSR-EFI-04" duration="00:00:00.0007595" startTime="2023-12-22T09:36:07.2726654+01:00" endTime="2023-12-22T09:36:07.2726654+01:00" testType="13cdc9d9-ddb5-4fa4-a97d-d965ccfc6d4b" outcome="Passed" testListId="8c84fa94-04c1-424b-9868-57a2d4851a1d" relativeResultsDirectory="e310781c-c2c7-4a0a-8eb5-9029a13c6151" />
    <UnitTestResult executionId="a0b9938d-38e5-42e2-82b3-b23f03155d1f" testId="0a4e5b36-6578-df3d-cfd2-3d6ee660820a" testName="GetClusters_ExcludeFromClustering_OnlyClustersForExcludedItems (Data Row 4)" computerName="DKSR-EFI-04" duration="00:00:00.0087287" startTime="2023-12-22T09:37:56.0857518+01:00" endTime="2023-12-22T09:37:56.4451365+01:00" testType="13cdc9d9-ddb5-4fa4-a97d-d965ccfc6d4b" outcome="Passed" testListId="8c84fa94-04c1-424b-9868-57a2d4851a1d" relativeResultsDirectory="a0b9938d-38e5-42e2-82b3-b23f03155d1f" />
    <UnitTestResult executionId="7b9c62eb-861d-43c7-a98e-20313d2d26cf" testId="e1f594ff-5c37-d66b-07f6-82e1c4cb1481" testName="SelectTemplate_UseInlineEditFalse_ReturnsPopupTemplate" computerName="DKSR-EFI-04" duration="00:00:00.0011676" startTime="2023-12-22T09:36:30.9134141+01:00" endTime="2023-12-22T09:36:30.9134141+01:00" testType="13cdc9d9-ddb5-4fa4-a97d-d965ccfc6d4b" outcome="Passed" testListId="8c84fa94-04c1-424b-9868-57a2d4851a1d" relativeResultsDirectory="7b9c62eb-861d-43c7-a98e-20313d2d26cf" />
    <UnitTestResult executionId="72946fd9-a93c-4e39-a567-5d604983aed6" testId="7e90dd26-5432-8bfa-3839-6557709d9ac8" testName="TestCreateWorkroom_Two_Success" computerName="DKSR-EFI-04" duration="00:00:00.0162593" startTime="2023-12-22T09:36:05.9445313+01:00" endTime="2023-12-22T09:36:05.9601560+01:00" testType="13cdc9d9-ddb5-4fa4-a97d-d965ccfc6d4b" outcome="Passed" testListId="8c84fa94-04c1-424b-9868-57a2d4851a1d" relativeResultsDirectory="72946fd9-a93c-4e39-a567-5d604983aed6" />
    <UnitTestResult executionId="8b64dfed-b4fd-4127-93f9-64a2e9d0ef7c" testId="3dff5113-fbc5-85c4-6443-3894194c92b8" testName="AddSelectedCameras_ValidCamera_CameraAdded" computerName="DKSR-EFI-04" duration="00:00:00.0314097" startTime="2023-12-22T09:37:26.6168401+01:00" endTime="2023-12-22T09:37:26.6480956+01:00" testType="13cdc9d9-ddb5-4fa4-a97d-d965ccfc6d4b" outcome="Passed" testListId="8c84fa94-04c1-424b-9868-57a2d4851a1d" relativeResultsDirectory="8b64dfed-b4fd-4127-93f9-64a2e9d0ef7c" />
    <UnitTestResult executionId="041b7b87-d06c-4c00-ae49-94930ffcf9d6" testId="198a7352-93d7-0944-f1ae-7a5a353fc2ea" testName="PtzSessionController_Register_Camera_Test" computerName="DKSR-EFI-04" duration="00:00:00.1800088" startTime="2023-12-22T09:36:06.9601627+01:00" endTime="2023-12-22T09:36:07.1476638+01:00" testType="13cdc9d9-ddb5-4fa4-a97d-d965ccfc6d4b" outcome="Passed" testListId="8c84fa94-04c1-424b-9868-57a2d4851a1d" relativeResultsDirectory="041b7b87-d06c-4c00-ae49-94930ffcf9d6" />
    <UnitTestResult executionId="062fc3d3-6f83-4fc3-9f46-84af9747a014" testId="eaa1d30c-5f58-30c3-2f20-3844e46318d4" testName="Initial_Result_Object_Correct" computerName="DKSR-EFI-04" duration="00:00:00.1002614" startTime="2023-12-22T09:38:06.5858078+01:00" endTime="2023-12-22T09:38:06.6951852+01:00" testType="13cdc9d9-ddb5-4fa4-a97d-d965ccfc6d4b" outcome="Passed" testListId="8c84fa94-04c1-424b-9868-57a2d4851a1d" relativeResultsDirectory="062fc3d3-6f83-4fc3-9f46-84af9747a014" />
    <UnitTestResult executionId="3db4ef42-ea6f-4e1e-badb-a45bf1be3f14" testId="b77b4041-c2a1-a348-dd99-14c2acc50a9c" testName="ConvertToNewLevel_ThreeLevelsDown_Success" computerName="DKSR-EFI-04" duration="00:00:00.0002228" startTime="2023-12-22T09:37:57.2732604+01:00" endTime="2023-12-22T09:37:57.2732604+01:00" testType="13cdc9d9-ddb5-4fa4-a97d-d965ccfc6d4b" outcome="Passed" testListId="8c84fa94-04c1-424b-9868-57a2d4851a1d" relativeResultsDirectory="3db4ef42-ea6f-4e1e-badb-a45bf1be3f14" />
    <UnitTestResult executionId="591a9f52-bbf9-48dc-9820-1cd9dd8968aa" testId="b4b53b4f-883e-94e0-fef4-aaf250b86eec" testName="PtzSessionController_Unregister_Camera_Test" computerName="DKSR-EFI-04" duration="00:00:00.0084368" startTime="2023-12-22T09:36:07.1632877+01:00" endTime="2023-12-22T09:36:07.1632877+01:00" testType="13cdc9d9-ddb5-4fa4-a97d-d965ccfc6d4b" outcome="Passed" testListId="8c84fa94-04c1-424b-9868-57a2d4851a1d" relativeResultsDirectory="591a9f52-bbf9-48dc-9820-1cd9dd8968aa" />
    <UnitTestResult executionId="6dbb5fac-ba15-4029-b05b-94ef7c0fad51" testId="e5baebdf-dd33-61d2-8622-e7904797fee0" testName="GetDomainAndUserName_ShouldReturnOnlyUserNamePartOfNetworkCredentials_WhenNetworkCredentialsContainsNoDomain" computerName="DKSR-EFI-04" duration="00:00:00.0002599" startTime="2023-12-22T09:36:07.6945402+01:00" endTime="2023-12-22T09:36:07.6945402+01:00" testType="13cdc9d9-ddb5-4fa4-a97d-d965ccfc6d4b" outcome="Passed" testListId="8c84fa94-04c1-424b-9868-57a2d4851a1d" relativeResultsDirectory="6dbb5fac-ba15-4029-b05b-94ef7c0fad51" />
    <UnitTestResult executionId="1d1f0c13-0c9f-4069-b099-9aa5dac9e686" testId="8019e7cd-2b2b-285d-fe92-717617455fd4" testName="SmartMapSelectItemHandler_WhenDataIsValid_ShouldCallNavigateAndSelect" computerName="DKSR-EFI-04" duration="00:00:00.0229572" startTime="2023-12-22T09:36:23.6165004+01:00" endTime="2023-12-22T09:36:23.6321258+01:00" testType="13cdc9d9-ddb5-4fa4-a97d-d965ccfc6d4b" outcome="Passed" testListId="8c84fa94-04c1-424b-9868-57a2d4851a1d" relativeResultsDirectory="1d1f0c13-0c9f-4069-b099-9aa5dac9e686" />
    <UnitTestResult executionId="f00c8b03-dfce-4103-8901-3ebf13dff696" testId="fcff554d-34c8-97ff-ebce-88a9ec7d660a" testName="MulticastInfoDto_ShouldYieldSameValues_WhenRoundTripConverted" computerName="DKSR-EFI-04" duration="00:00:00.0066177" startTime="2023-12-22T09:36:00.3195152+01:00" endTime="2023-12-22T09:36:00.3351270+01:00" testType="13cdc9d9-ddb5-4fa4-a97d-d965ccfc6d4b" outcome="Passed" testListId="8c84fa94-04c1-424b-9868-57a2d4851a1d" relativeResultsDirectory="f00c8b03-dfce-4103-8901-3ebf13dff696" />
    <UnitTestResult executionId="6e4c7fbd-c48e-4623-960c-2dc38556f5bb" testId="a66072e2-b1f7-196d-b793-cd24ef5c3a36" testName="BookmarkSearchTime_WithSearchStringInDifferentCases_ReturnCorrectBookmarkWithSearchStringInDescription (SeArChStRiNg,True,False,False,False,,,0)" computerName="DKSR-EFI-04" duration="00:00:00.0027080" startTime="2023-12-22T09:38:01.3982843+01:00" endTime="2023-12-22T09:38:01.3982843+01:00" testType="13cdc9d9-ddb5-4fa4-a97d-d965ccfc6d4b" outcome="Passed" testListId="8c84fa94-04c1-424b-9868-57a2d4851a1d" relativeResultsDirectory="6e4c7fbd-c48e-4623-960c-2dc38556f5bb" />
    <UnitTestResult executionId="e9e33490-14d2-43c3-b562-39d518bb2dca" testId="535a6c4c-9d95-551a-92bd-bde3b28a38d2" testName="RemoveSelectedCameraCommand_NoCameraSelected_NoChange" computerName="DKSR-EFI-04" duration="00:00:00.0085951" startTime="2023-12-22T09:37:27.6013420+01:00" endTime="2023-12-22T09:37:27.6168455+01:00" testType="13cdc9d9-ddb5-4fa4-a97d-d965ccfc6d4b" outcome="Passed" testListId="8c84fa94-04c1-424b-9868-57a2d4851a1d" relativeResultsDirectory="e9e33490-14d2-43c3-b562-39d518bb2dca" />
    <UnitTestResult executionId="70dd194a-f54a-4353-854a-0a773501eb23" testId="00fca5c1-405d-b820-34ef-a1a0e9446a86" testName="ApplicationController_SystemInformationChangedEvent_ShouldUnregisterActions_WhenUserLoggedOut" computerName="DKSR-EFI-04" duration="00:00:00.0187100" startTime="2023-12-22T09:38:06.2889374+01:00" endTime="2023-12-22T09:38:06.3201931+01:00" testType="13cdc9d9-ddb5-4fa4-a97d-d965ccfc6d4b" outcome="Passed" testListId="8c84fa94-04c1-424b-9868-57a2d4851a1d" relativeResultsDirectory="70dd194a-f54a-4353-854a-0a773501eb23" />
    <UnitTestResult executionId="a63c7efe-5ff9-4196-979e-503d6d7ad3ff" testId="a97eb8e2-cea3-70dd-d5ee-19b9b7f4e4bf" testName="UserHasReadPublicSearchPermission_HasReadPermission_ReturnsTrue" computerName="DKSR-EFI-04" duration="00:00:00.0059604" startTime="2023-12-22T09:37:33.8668859+01:00" endTime="2023-12-22T09:37:33.8825089+01:00" testType="13cdc9d9-ddb5-4fa4-a97d-d965ccfc6d4b" outcome="Passed" testListId="8c84fa94-04c1-424b-9868-57a2d4851a1d" relativeResultsDirectory="a63c7efe-5ff9-4196-979e-503d6d7ad3ff" />
    <UnitTestResult executionId="f016791e-a556-426a-baab-aaa14ae51138" testId="0a4e5b36-6578-df3d-cfd2-3d6ee660820a" testName="GetClusters_ExcludeFromClustering_OnlyClustersForExcludedItems (Data Row 15)" computerName="DKSR-EFI-04" duration="00:00:00.0107643" startTime="2023-12-22T09:37:56.0857518+01:00" endTime="2023-12-22T09:37:56.4451365+01:00" testType="13cdc9d9-ddb5-4fa4-a97d-d965ccfc6d4b" outcome="Passed" testListId="8c84fa94-04c1-424b-9868-57a2d4851a1d" relativeResultsDirectory="f016791e-a556-426a-baab-aaa14ae51138" />
    <UnitTestResult executionId="f2718c96-7a98-44f5-b5ab-39d908b0ff8b" testId="cb1d8729-ed7e-3666-4cf6-433514c9d9a6" testName="MicrophoneIconStates_ShouldReturnMicrophoneIconStatesInAProperOrder_WhenCalled" computerName="DKSR-EFI-04" duration="00:00:00.0061951" startTime="2023-12-22T09:37:53.0701120+01:00" endTime="2023-12-22T09:37:53.0701120+01:00" testType="13cdc9d9-ddb5-4fa4-a97d-d965ccfc6d4b" outcome="Passed" testListId="8c84fa94-04c1-424b-9868-57a2d4851a1d" relativeResultsDirectory="f2718c96-7a98-44f5-b5ab-39d908b0ff8b" />
    <UnitTestResult executionId="3bf4ee3a-1621-4c50-9778-ef0928e70a11" testId="449f9dee-f5b4-3847-0b97-06960a8176b4" testName="SidePanelToggleButtonIsVisible_DependingOnConditions (FullScreen,True,False,False)" computerName="DKSR-EFI-04" duration="00:00:00.0163064" startTime="2023-12-22T09:37:59.1951427+01:00" endTime="2023-12-22T09:37:59.2107667+01:00" testType="13cdc9d9-ddb5-4fa4-a97d-d965ccfc6d4b" outcome="Passed" testListId="8c84fa94-04c1-424b-9868-57a2d4851a1d" relativeResultsDirectory="3bf4ee3a-1621-4c50-9778-ef0928e70a11" />
    <UnitTestResult executionId="775afdcf-7a69-40c6-8ef2-61aa21cfe27e" testId="0a4e5b36-6578-df3d-cfd2-3d6ee660820a" testName="GetClusters_ExcludeFromClustering_OnlyClustersForExcludedItems (Data Row 14)" computerName="DKSR-EFI-04" duration="00:00:00.0108961" startTime="2023-12-22T09:37:56.0857518+01:00" endTime="2023-12-22T09:37:56.4451365+01:00" testType="13cdc9d9-ddb5-4fa4-a97d-d965ccfc6d4b" outcome="Passed" testListId="8c84fa94-04c1-424b-9868-57a2d4851a1d" relativeResultsDirectory="775afdcf-7a69-40c6-8ef2-61aa21cfe27e" />
    <UnitTestResult executionId="782203c8-24f9-4277-a6cc-413c62626d92" testId="ed5d2d51-b6a2-01b7-2ce0-6c8ba87417c3" testName="AndOrSearchDefinitionToCornerRadiusMultiConverter_CallConvert_MiddleAnd" computerName="DKSR-EFI-04" duration="00:00:00.0010543" startTime="2023-12-22T09:37:04.0229674+01:00" endTime="2023-12-22T09:37:04.0229674+01:00" testType="13cdc9d9-ddb5-4fa4-a97d-d965ccfc6d4b" outcome="Passed" testListId="8c84fa94-04c1-424b-9868-57a2d4851a1d" relativeResultsDirectory="782203c8-24f9-4277-a6cc-413c62626d92" />
    <UnitTestResult executionId="f7221eb6-c1dc-4be6-bbd9-c2c7e8cbe4d1" testId="93ef99d9-ca73-69ac-4d15-4561a881ee1d" testName="GetDeviceData_ShouldReturnDeviceData_WhenMicrophoneKindAndExistingMicrophoneId" computerName="DKSR-EFI-04" duration="00:00:00.2489179" startTime="2023-12-22T09:36:27.6790367+01:00" endTime="2023-12-22T09:36:27.9290234+01:00" testType="13cdc9d9-ddb5-4fa4-a97d-d965ccfc6d4b" outcome="Passed" testListId="8c84fa94-04c1-424b-9868-57a2d4851a1d" relativeResultsDirectory="f7221eb6-c1dc-4be6-bbd9-c2c7e8cbe4d1" />
    <UnitTestResult executionId="bf0a04e6-6b23-41c1-aadf-ab5a2c3db77e" testId="2111d8db-c64b-ce9e-32b3-88fa21541431" testName="PtzSessionController_Start_Test" computerName="DKSR-EFI-04" duration="00:00:00.0013322" startTime="2023-12-22T09:36:07.1789128+01:00" endTime="2023-12-22T09:36:07.1789128+01:00" testType="13cdc9d9-ddb5-4fa4-a97d-d965ccfc6d4b" outcome="Passed" testListId="8c84fa94-04c1-424b-9868-57a2d4851a1d" relativeResultsDirectory="bf0a04e6-6b23-41c1-aadf-ab5a2c3db77e" />
    <UnitTestResult executionId="02b59578-e464-46fd-801b-e38a97d87250" testId="7a953664-98b1-285b-43a1-df248849d87e" testName="CreatePdfDocumentAsync_ShouldMakeValidReportFileName_WhenReportNameHasInvalidCharacters" computerName="DKSR-EFI-04" duration="00:00:00.0074003" startTime="2023-12-22T09:37:24.7418266+01:00" endTime="2023-12-22T09:37:24.7418266+01:00" testType="13cdc9d9-ddb5-4fa4-a97d-d965ccfc6d4b" outcome="Passed" testListId="8c84fa94-04c1-424b-9868-57a2d4851a1d" relativeResultsDirectory="02b59578-e464-46fd-801b-e38a97d87250" />
    <UnitTestResult executionId="f83b2f1b-dd7e-4e62-b19f-d2835c2497f6" testId="da8fd7da-175b-17d6-2b65-b1622f31efd6" testName="GetCameraTypes_ShouldReturnSingleCameraType" computerName="DKSR-EFI-04" duration="00:00:00.0008241" startTime="2023-12-22T09:38:01.9920310+01:00" endTime="2023-12-22T09:38:01.9920310+01:00" testType="13cdc9d9-ddb5-4fa4-a97d-d965ccfc6d4b" outcome="Passed" testListId="8c84fa94-04c1-424b-9868-57a2d4851a1d" relativeResultsDirectory="f83b2f1b-dd7e-4e62-b19f-d2835c2497f6" />
    <UnitTestResult executionId="45322bf2-2ea0-405f-b9e7-f78f2beab3c0" testId="7279d631-5e65-263e-b126-502467fa7c3a" testName="CameraMapItem_Start_AlarmObservable_SetAlarms" computerName="DKSR-EFI-04" duration="00:00:00.0503965" startTime="2023-12-22T09:37:50.7263465+01:00" endTime="2023-12-22T09:37:50.7888474+01:00" testType="13cdc9d9-ddb5-4fa4-a97d-d965ccfc6d4b" outcome="Passed" testListId="8c84fa94-04c1-424b-9868-57a2d4851a1d" relativeResultsDirectory="45322bf2-2ea0-405f-b9e7-f78f2beab3c0" />
    <UnitTestResult executionId="87de1e03-f84f-4964-9977-b529231a78b5" testId="4c310887-8495-4e52-0457-4cbe13b9a200" testName="NavigateAndSelectAsync_PanMap_ReCenterCommandEnabled" computerName="DKSR-EFI-04" duration="00:00:00.0442742" startTime="2023-12-22T09:36:14.1320746+01:00" endTime="2023-12-22T09:36:14.1789504+01:00" testType="13cdc9d9-ddb5-4fa4-a97d-d965ccfc6d4b" outcome="Passed" testListId="8c84fa94-04c1-424b-9868-57a2d4851a1d" relativeResultsDirectory="87de1e03-f84f-4964-9977-b529231a78b5" />
    <UnitTestResult executionId="8dd5aba2-5a66-40a6-ae3f-35114e952916" testId="6ed649e1-03e1-4590-3da9-e33c23ab658c" testName="Retrieve_InnerExceptionLogged" computerName="DKSR-EFI-04" duration="00:00:00.0033918" startTime="2023-12-22T09:36:23.7727518+01:00" endTime="2023-12-22T09:36:23.7883772+01:00" testType="13cdc9d9-ddb5-4fa4-a97d-d965ccfc6d4b" outcome="Passed" testListId="8c84fa94-04c1-424b-9868-57a2d4851a1d" relativeResultsDirectory="8dd5aba2-5a66-40a6-ae3f-35114e952916" />
    <UnitTestResult executionId="193474f9-29db-46ea-aa9c-aefd9f700a8f" testId="8ed2a60a-eeda-1585-64ac-27fd20cde828" testName="ToMipSearchResultData_ShouldIncludeMetadataObjectsFromAllSubResults" computerName="DKSR-EFI-04" duration="00:00:00.0070573" startTime="2023-12-22T09:37:35.1793900+01:00" endTime="2023-12-22T09:37:35.1950151+01:00" testType="13cdc9d9-ddb5-4fa4-a97d-d965ccfc6d4b" outcome="Passed" testListId="8c84fa94-04c1-424b-9868-57a2d4851a1d" relativeResultsDirectory="193474f9-29db-46ea-aa9c-aefd9f700a8f" />
    <UnitTestResult executionId="e7c9cd2a-779e-4d4b-b47b-39d846bd984c" testId="3ab16e75-8a5c-b09f-3b52-52df61cf6c95" testName="JobData_SetsCorrect_StatusText_And_SortOrder" computerName="DKSR-EFI-04" duration="00:00:00.2827691" startTime="2023-12-22T09:37:58.2420099+01:00" endTime="2023-12-22T09:37:58.5388891+01:00" testType="13cdc9d9-ddb5-4fa4-a97d-d965ccfc6d4b" outcome="Passed" testListId="8c84fa94-04c1-424b-9868-57a2d4851a1d" relativeResultsDirectory="e7c9cd2a-779e-4d4b-b47b-39d846bd984c" />
    <UnitTestResult executionId="80285cff-688b-4a77-86be-24a1cedd80fd" testId="e63df314-54b1-32a3-73ac-881577d2c079" testName="SetLayerFeatures_ShouldUpdateOutputItemsMapLayer_WhenOutputKindAndOutputLayerFeatures" computerName="DKSR-EFI-04" duration="00:00:00.0019138" startTime="2023-12-22T09:37:55.9607492+01:00" endTime="2023-12-22T09:37:55.9607492+01:00" testType="13cdc9d9-ddb5-4fa4-a97d-d965ccfc6d4b" outcome="Passed" testListId="8c84fa94-04c1-424b-9868-57a2d4851a1d" relativeResultsDirectory="80285cff-688b-4a77-86be-24a1cedd80fd" />
    <UnitTestResult executionId="e3e40e76-bc9c-4bc5-b719-7fae4d183bb3" testId="95a21395-b040-7ff7-fe99-d443a657de60" testName="MonitorPlaybackState_Serialize_Success" computerName="DKSR-EFI-04" duration="00:00:00.0192939" startTime="2023-12-22T09:38:07.9764433+01:00" endTime="2023-12-22T09:38:08.0076949+01:00" testType="13cdc9d9-ddb5-4fa4-a97d-d965ccfc6d4b" outcome="Passed" testListId="8c84fa94-04c1-424b-9868-57a2d4851a1d" relativeResultsDirectory="e3e40e76-bc9c-4bc5-b719-7fae4d183bb3" />
    <UnitTestResult executionId="15a699da-dfac-4ed1-a772-ce6ece0326f6" testId="80e1e452-82cf-b088-db40-d28f7d32c62d" testName="Export when Live" computerName="DKSR-EFI-04" duration="00:00:00.0967428" startTime="2023-12-22T09:37:58.8045216+01:00" endTime="2023-12-22T09:37:59.0389054+01:00" testType="13cdc9d9-ddb5-4fa4-a97d-d965ccfc6d4b" outcome="Passed" testListId="8c84fa94-04c1-424b-9868-57a2d4851a1d" relativeResultsDirectory="15a699da-dfac-4ed1-a772-ce6ece0326f6" />
    <UnitTestResult executionId="d80f9e5f-c0e9-4294-88b4-e97a426e3d5f" testId="25e21b40-8b6b-75c0-de39-11c840b2c816" testName="ConvertToNewLevel_OneLevelUp_Success" computerName="DKSR-EFI-04" duration="00:00:00.0014444" startTime="2023-12-22T09:37:57.2732604+01:00" endTime="2023-12-22T09:37:57.2732604+01:00" testType="13cdc9d9-ddb5-4fa4-a97d-d965ccfc6d4b" outcome="Passed" testListId="8c84fa94-04c1-424b-9868-57a2d4851a1d" relativeResultsDirectory="d80f9e5f-c0e9-4294-88b4-e97a426e3d5f" />
    <UnitTestResult executionId="8496ffd0-d399-486a-ab0b-8c89f3a5f555" testId="9febb6f2-deb2-94da-aa47-7dc5befd915e" testName="DeactivatedOutputIcons_ShouldReturnIconsInAProperOrder_WhenCalled" computerName="DKSR-EFI-04" duration="00:00:00.0023308" startTime="2023-12-22T09:37:53.1013600+01:00" endTime="2023-12-22T09:37:53.1013600+01:00" testType="13cdc9d9-ddb5-4fa4-a97d-d965ccfc6d4b" outcome="Passed" testListId="8c84fa94-04c1-424b-9868-57a2d4851a1d" relativeResultsDirectory="8496ffd0-d399-486a-ab0b-8c89f3a5f555" />
    <UnitTestResult executionId="79df5b13-e92e-4217-9452-3be1f9fa9941" testId="13ba617e-c06d-6b6c-0709-611e06771ad4" testName="Constructor_ShouldRaiseArgumentNullException_WhenLayersIsNull" computerName="DKSR-EFI-04" duration="00:00:00.0022822" startTime="2023-12-22T09:37:55.7420046+01:00" endTime="2023-12-22T09:37:55.7576319+01:00" testType="13cdc9d9-ddb5-4fa4-a97d-d965ccfc6d4b" outcome="Passed" testListId="8c84fa94-04c1-424b-9868-57a2d4851a1d" relativeResultsDirectory="79df5b13-e92e-4217-9452-3be1f9fa9941" />
    <UnitTestResult executionId="b30a6a08-b65e-4989-a4f9-cd98fd8779b5" testId="17891e0b-7823-7706-f334-6ca55cc2528c" testName="RemoveSelectedCameraCommand_CameraInList_CameraRemoved" computerName="DKSR-EFI-04" duration="00:00:00.0118831" startTime="2023-12-22T09:37:27.6168455+01:00" endTime="2023-12-22T09:37:27.6324808+01:00" testType="13cdc9d9-ddb5-4fa4-a97d-d965ccfc6d4b" outcome="Passed" testListId="8c84fa94-04c1-424b-9868-57a2d4851a1d" relativeResultsDirectory="b30a6a08-b65e-4989-a4f9-cd98fd8779b5" />
    <UnitTestResult executionId="37d7af42-a1e0-495e-b8cf-023524224e12" testId="c5313a02-9751-5e36-b637-63c29c825679" testName="SetCustomPickerResult_Set_CustomIntervalOpenResetAndNotificationFired" computerName="DKSR-EFI-04" duration="00:00:00.0073771" startTime="2023-12-22T09:37:27.7418440+01:00" endTime="2023-12-22T09:37:27.7574713+01:00" testType="13cdc9d9-ddb5-4fa4-a97d-d965ccfc6d4b" outcome="Passed" testListId="8c84fa94-04c1-424b-9868-57a2d4851a1d" relativeResultsDirectory="37d7af42-a1e0-495e-b8cf-023524224e12" />
    <UnitTestResult executionId="eefb8f25-6feb-4fb3-bbfa-f9bc3207c5f8" testId="cf688c28-2d6d-a793-dedf-06d48b63f6f1" testName="PatrollingStepViewModel_SelectedPatrollingPreset" computerName="DKSR-EFI-04" duration="00:00:00.0032045" startTime="2023-12-22T09:37:58.1326347+01:00" endTime="2023-12-22T09:37:58.1326347+01:00" testType="13cdc9d9-ddb5-4fa4-a97d-d965ccfc6d4b" outcome="Passed" testListId="8c84fa94-04c1-424b-9868-57a2d4851a1d" relativeResultsDirectory="eefb8f25-6feb-4fb3-bbfa-f9bc3207c5f8" />
    <UnitTestResult executionId="56b8b88b-cb89-46ce-8f5e-a7db98e1ebc5" testId="f5cd0ea9-70e1-1cbd-01d3-fa2672fe0616" testName="ZoomOut_MapNotSet_DoesNotCrash" computerName="DKSR-EFI-04" duration="00:00:00.0003191" startTime="2023-12-22T09:36:16.3195854+01:00" endTime="2023-12-22T09:36:16.3195854+01:00" testType="13cdc9d9-ddb5-4fa4-a97d-d965ccfc6d4b" outcome="Passed" testListId="8c84fa94-04c1-424b-9868-57a2d4851a1d" relativeResultsDirectory="56b8b88b-cb89-46ce-8f5e-a7db98e1ebc5" />
    <UnitTestResult executionId="1a491bf8-0185-42ed-9328-c2d77f4c5fc3" testId="1869091f-40a7-b7a8-b1dc-92bece636d41" testName="ToUnsafeName_SingleSafeName_Success" computerName="DKSR-EFI-04" duration="00:00:00.0001111" startTime="2023-12-22T09:38:06.2889374+01:00" endTime="2023-12-22T09:38:06.2889374+01:00" testType="13cdc9d9-ddb5-4fa4-a97d-d965ccfc6d4b" outcome="Passed" testListId="8c84fa94-04c1-424b-9868-57a2d4851a1d" relativeResultsDirectory="1a491bf8-0185-42ed-9328-c2d77f4c5fc3" />
    <UnitTestResult executionId="ebf7400e-9ed2-40ea-9691-d6b31e378365" testId="227dc5e8-fd61-64c5-c58b-a4363d10733d" testName="Dispose_ClosesPluginInstance" computerName="DKSR-EFI-04" duration="00:00:00.0298881" startTime="2023-12-22T09:37:26.0699609+01:00" endTime="2023-12-22T09:37:26.1012145+01:00" testType="13cdc9d9-ddb5-4fa4-a97d-d965ccfc6d4b" outcome="Passed" testListId="8c84fa94-04c1-424b-9868-57a2d4851a1d" relativeResultsDirectory="ebf7400e-9ed2-40ea-9691-d6b31e378365" />
    <UnitTestResult executionId="fd8d7c43-00de-4217-8ce9-8f3d0328f22e" testId="3457bd27-1f00-b005-3af0-cc532182e652" testName="SearchFilterCategoryGet_TwoSearchAgents_AllFiltersAdded" computerName="DKSR-EFI-04" duration="00:00:00.0026067" startTime="2023-12-22T09:37:48.1325913+01:00" endTime="2023-12-22T09:37:48.1325913+01:00" testType="13cdc9d9-ddb5-4fa4-a97d-d965ccfc6d4b" outcome="Passed" testListId="8c84fa94-04c1-424b-9868-57a2d4851a1d" relativeResultsDirectory="fd8d7c43-00de-4217-8ce9-8f3d0328f22e" />
    <UnitTestResult executionId="ec5c549a-b752-44e2-a26f-ce84288f7fb0" testId="84796659-ba8c-65c7-7760-1f800728b555" testName="Command_ShouldInvokeRemoveMipMapItem_WhenExecutedForMultipleSelectedItem" computerName="DKSR-EFI-04" duration="00:00:00.0069685" startTime="2023-12-22T09:36:23.4446237+01:00" endTime="2023-12-22T09:36:23.4446237+01:00" testType="13cdc9d9-ddb5-4fa4-a97d-d965ccfc6d4b" outcome="Passed" testListId="8c84fa94-04c1-424b-9868-57a2d4851a1d" relativeResultsDirectory="ec5c549a-b752-44e2-a26f-ce84288f7fb0" />
    <UnitTestResult executionId="e7bfc494-c40c-4377-aa9b-3ab303db0f32" testId="866f7855-bb2c-7de3-0df1-014de8905cab" testName="GetDuration_SeveralDays_Success" computerName="DKSR-EFI-04" duration="00:00:00.0004647" startTime="2023-12-22T09:37:33.5543767+01:00" endTime="2023-12-22T09:37:33.5543767+01:00" testType="13cdc9d9-ddb5-4fa4-a97d-d965ccfc6d4b" outcome="Passed" testListId="8c84fa94-04c1-424b-9868-57a2d4851a1d" relativeResultsDirectory="e7bfc494-c40c-4377-aa9b-3ab303db0f32" />
    <UnitTestResult executionId="b6860217-17fa-4eaf-ae30-939fc489f86e" testId="cc5bf0e8-1cf1-748c-6f30-7b7cfd04c1dc" testName="UpdateItemState_Hidden_WrongServerTypes" computerName="DKSR-EFI-04" duration="00:00:00.0041408" startTime="2023-12-22T09:38:04.2264200+01:00" endTime="2023-12-22T09:38:04.2264200+01:00" testType="13cdc9d9-ddb5-4fa4-a97d-d965ccfc6d4b" outcome="Passed" testListId="8c84fa94-04c1-424b-9868-57a2d4851a1d" relativeResultsDirectory="b6860217-17fa-4eaf-ae30-939fc489f86e" />
    <UnitTestResult executionId="66601c0f-b624-402a-be4c-b56539da6908" testId="f997409a-cc5a-67e4-b0e7-5e198ad107a1" testName="GetMetadataObjectsAsync_ShouldIgnoreNullMetadataObjectsCollectionFromSubResults" computerName="DKSR-EFI-04" duration="00:00:00.0059339" startTime="2023-12-22T09:37:35.2262726+01:00" endTime="2023-12-22T09:37:35.2262726+01:00" testType="13cdc9d9-ddb5-4fa4-a97d-d965ccfc6d4b" outcome="Passed" testListId="8c84fa94-04c1-424b-9868-57a2d4851a1d" relativeResultsDirectory="66601c0f-b624-402a-be4c-b56539da6908" />
    <UnitTestResult executionId="cd41066c-a316-45a4-bacf-83eae95b0d3e" testId="1f3c2e70-43ac-a9e9-ce4b-d72a9af7f0f0" testName="TryGetEventServerIdByACSystemId_ShouldReturnFalse_WhenEventServerIdIsNotPartOfServerConfiguredAccessControlSystemsDictionary" computerName="DKSR-EFI-04" duration="00:00:00.0003907" startTime="2023-12-22T09:38:07.2889435+01:00" endTime="2023-12-22T09:38:07.2889435+01:00" testType="13cdc9d9-ddb5-4fa4-a97d-d965ccfc6d4b" outcome="Passed" testListId="8c84fa94-04c1-424b-9868-57a2d4851a1d" relativeResultsDirectory="cd41066c-a316-45a4-bacf-83eae95b0d3e" />
    <UnitTestResult executionId="c38ebf5c-cb5b-4cfe-b251-ea46ed42b22d" testId="74b99f6c-f52d-e611-9fc2-7e56383e4299" testName="Parse_Custom_Success" computerName="DKSR-EFI-04" duration="00:00:00.0001394" startTime="2023-12-22T09:37:34.2262577+01:00" endTime="2023-12-22T09:37:34.2262577+01:00" testType="13cdc9d9-ddb5-4fa4-a97d-d965ccfc6d4b" outcome="Passed" testListId="8c84fa94-04c1-424b-9868-57a2d4851a1d" relativeResultsDirectory="c38ebf5c-cb5b-4cfe-b251-ea46ed42b22d" />
    <UnitTestResult executionId="f08fddf1-bf48-466a-b5c1-7d007237c7fd" testId="ee6192d4-4913-e5e7-42dd-becf117dbb37" testName="MotionAreaInfoDto_ShouldYieldSameValues_WhenRoundTripConverted" computerName="DKSR-EFI-04" duration="00:00:00.0022801" startTime="2023-12-22T09:36:00.3195152+01:00" endTime="2023-12-22T09:36:00.3195152+01:00" testType="13cdc9d9-ddb5-4fa4-a97d-d965ccfc6d4b" outcome="Passed" testListId="8c84fa94-04c1-424b-9868-57a2d4851a1d" relativeResultsDirectory="f08fddf1-bf48-466a-b5c1-7d007237c7fd" />
    <UnitTestResult executionId="5a35cf9b-d556-44a0-9d25-e04efff7ee3e" testId="b77ab5c7-4e76-dc3e-b1c6-67decc6894df" testName="OutputMapItem_ForceActivateAsync_InBuilding_UseLastLevel_Success" computerName="DKSR-EFI-04" duration="00:00:00.0131684" startTime="2023-12-22T09:37:54.1638747+01:00" endTime="2023-12-22T09:37:54.1795010+01:00" testType="13cdc9d9-ddb5-4fa4-a97d-d965ccfc6d4b" outcome="Passed" testListId="8c84fa94-04c1-424b-9868-57a2d4851a1d" relativeResultsDirectory="5a35cf9b-d556-44a0-9d25-e04efff7ee3e" />
    <UnitTestResult executionId="14c1c9e0-56b5-4e5d-920d-0a08a1163018" testId="49c08253-b1e4-f17b-bbba-a7e45be6cbd0" testName="ToUnsafeName_NullName_Failure" computerName="DKSR-EFI-04" duration="00:00:00.0010074" startTime="2023-12-22T09:38:06.2733052+01:00" endTime="2023-12-22T09:38:06.2733052+01:00" testType="13cdc9d9-ddb5-4fa4-a97d-d965ccfc6d4b" outcome="Passed" testListId="8c84fa94-04c1-424b-9868-57a2d4851a1d" relativeResultsDirectory="14c1c9e0-56b5-4e5d-920d-0a08a1163018" />
    <UnitTestResult executionId="9dd9146f-5cfa-4f3e-9089-862a92611cc4" testId="2960add4-9952-f70d-dcad-c47d9da5fd58" testName="SelectTemplate_RegionSelectionFilterConfiguration_ReturnsPopupTemplate" computerName="DKSR-EFI-04" duration="00:00:00.0010939" startTime="2023-12-22T09:36:30.9290401+01:00" endTime="2023-12-22T09:36:30.9446657+01:00" testType="13cdc9d9-ddb5-4fa4-a97d-d965ccfc6d4b" outcome="Passed" testListId="8c84fa94-04c1-424b-9868-57a2d4851a1d" relativeResultsDirectory="9dd9146f-5cfa-4f3e-9089-862a92611cc4" />
    <UnitTestResult executionId="967c5a3f-124c-49fa-a12e-1368dc4cfbda" testId="35fdccc0-c07e-b0f5-43ff-b8462db1e66e" testName="MarkerFactory_WhenMipMapItemIsGiven_ShouldReturnNull" computerName="DKSR-EFI-04" duration="00:00:00.0029562" startTime="2023-12-22T09:36:24.9602584+01:00" endTime="2023-12-22T09:36:24.9758822+01:00" testType="13cdc9d9-ddb5-4fa4-a97d-d965ccfc6d4b" outcome="Passed" testListId="8c84fa94-04c1-424b-9868-57a2d4851a1d" relativeResultsDirectory="967c5a3f-124c-49fa-a12e-1368dc4cfbda" />
    <UnitTestResult executionId="0e02330e-2dbc-4f42-9fca-8c01774b7752" testId="cfda1da7-2899-4bbe-17b2-c69d57b6f85d" testName="ShowAccessControlSystems_ShouldReturnFalse_WhenNoACSystemsAvailable" computerName="DKSR-EFI-04" duration="00:00:00.0456544" startTime="2023-12-22T09:38:07.7733185+01:00" endTime="2023-12-22T09:38:07.8201953+01:00" testType="13cdc9d9-ddb5-4fa4-a97d-d965ccfc6d4b" outcome="Passed" testListId="8c84fa94-04c1-424b-9868-57a2d4851a1d" relativeResultsDirectory="0e02330e-2dbc-4f42-9fca-8c01774b7752" />
    <UnitTestResult executionId="db83c312-638c-439d-b0f0-56a066ef09cd" testId="8b851834-9d1b-52ee-4c1e-eca26c60010d" testName="IsProcessing_CancelWhileUnprocessedItems_Success" computerName="DKSR-EFI-04" duration="00:00:00.0021922" startTime="2023-12-22T09:37:35.1012648+01:00" endTime="2023-12-22T09:37:35.1012648+01:00" testType="13cdc9d9-ddb5-4fa4-a97d-d965ccfc6d4b" outcome="Passed" testListId="8c84fa94-04c1-424b-9868-57a2d4851a1d" relativeResultsDirectory="db83c312-638c-439d-b0f0-56a066ef09cd" />
    <UnitTestResult executionId="1b036412-a0fd-46e2-ba8c-d969e385e0c9" testId="0a4e5b36-6578-df3d-cfd2-3d6ee660820a" testName="GetClusters_ExcludeFromClustering_OnlyClustersForExcludedItems (Data Row 9)" computerName="DKSR-EFI-04" duration="00:00:00.0080814" startTime="2023-12-22T09:37:56.0857518+01:00" endTime="2023-12-22T09:37:56.4451365+01:00" testType="13cdc9d9-ddb5-4fa4-a97d-d965ccfc6d4b" outcome="Passed" testListId="8c84fa94-04c1-424b-9868-57a2d4851a1d" relativeResultsDirectory="1b036412-a0fd-46e2-ba8c-d969e385e0c9" />
    <UnitTestResult executionId="685437f0-7a3d-464c-b2bd-1c41e635086c" testId="08e5fbd3-af06-8bc6-9a21-3f68283f610d" testName="Ctor_ShouldThrowException_WhenServerAuthenticationIsUnknown" computerName="DKSR-EFI-04" duration="00:00:00.0394711" startTime="2023-12-22T09:36:07.5695389+01:00" endTime="2023-12-22T09:36:07.6007914+01:00" testType="13cdc9d9-ddb5-4fa4-a97d-d965ccfc6d4b" outcome="Passed" testListId="8c84fa94-04c1-424b-9868-57a2d4851a1d" relativeResultsDirectory="685437f0-7a3d-464c-b2bd-1c41e635086c" />
    <UnitTestResult executionId="679eb337-7946-4ea8-afd4-ba861e66dbc4" testId="6a126318-594d-0412-acf1-03ec27689761" testName="GisPointToIndexGridPosition_Milestone_Success" computerName="DKSR-EFI-04" duration="00:00:00.0001925" startTime="2023-12-22T09:37:57.2732604+01:00" endTime="2023-12-22T09:37:57.2732604+01:00" testType="13cdc9d9-ddb5-4fa4-a97d-d965ccfc6d4b" outcome="Passed" testListId="8c84fa94-04c1-424b-9868-57a2d4851a1d" relativeResultsDirectory="679eb337-7946-4ea8-afd4-ba861e66dbc4" />
    <UnitTestResult executionId="1e9382ad-92a6-4aa4-a8aa-d936eb6688c4" testId="e886f146-563d-6db0-f755-1724a8f2f2c8" testName="ActiveInteractionStateBinding_ShouldNotBeNull_WhenCtorIsCalled" computerName="DKSR-EFI-04" duration="00:00:00.1283139" startTime="2023-12-22T09:36:19.2727265+01:00" endTime="2023-12-22T09:36:19.3977294+01:00" testType="13cdc9d9-ddb5-4fa4-a97d-d965ccfc6d4b" outcome="Passed" testListId="8c84fa94-04c1-424b-9868-57a2d4851a1d" relativeResultsDirectory="1e9382ad-92a6-4aa4-a8aa-d936eb6688c4" />
    <UnitTestResult executionId="8500b080-b6fd-45c6-a2ed-85032c060a5c" testId="f5d9ddfe-7809-e6c0-f589-d7f4a1e2a8af" testName="Compare_SameTriggerTimeDeterministicBehavior_Id_Success" computerName="DKSR-EFI-04" duration="00:00:00.0006446" startTime="2023-12-22T09:37:35.3512604+01:00" endTime="2023-12-22T09:37:35.3512604+01:00" testType="13cdc9d9-ddb5-4fa4-a97d-d965ccfc6d4b" outcome="Passed" testListId="8c84fa94-04c1-424b-9868-57a2d4851a1d" relativeResultsDirectory="8500b080-b6fd-45c6-a2ed-85032c060a5c" />
    <UnitTestResult executionId="fb654da5-c712-40e6-8fd5-a35dc5bfe1c9" testId="9060a50a-9771-de76-4b8f-daa876d7df09" testName="ScWorkspaceStateChangedEvent_ShouldSetDeviceIsDisabledToFalse_WhenSwitchingToSetupModeAndDeviceIsDisabled" computerName="DKSR-EFI-04" duration="00:00:00.0146806" startTime="2023-12-22T09:37:53.1794884+01:00" endTime="2023-12-22T09:37:53.1951098+01:00" testType="13cdc9d9-ddb5-4fa4-a97d-d965ccfc6d4b" outcome="Passed" testListId="8c84fa94-04c1-424b-9868-57a2d4851a1d" relativeResultsDirectory="fb654da5-c712-40e6-8fd5-a35dc5bfe1c9" />
    <UnitTestResult executionId="29c1e7f1-24ff-4925-a9c7-3129cfb5f606" testId="2d9d257b-dc7a-dd0a-92c1-64a2f9201d0f" testName="LoadInitialState_OfflineMode_ReturnsStateWithTimeScopeFromOfflineManager" computerName="DKSR-EFI-04" duration="00:00:00.0173868" startTime="2023-12-22T09:36:30.5852876+01:00" endTime="2023-12-22T09:36:30.6009124+01:00" testType="13cdc9d9-ddb5-4fa4-a97d-d965ccfc6d4b" outcome="Passed" testListId="8c84fa94-04c1-424b-9868-57a2d4851a1d" relativeResultsDirectory="29c1e7f1-24ff-4925-a9c7-3129cfb5f606" />
    <UnitTestResult executionId="1a2d81ed-66db-48fe-a7aa-64952903ba2c" testId="965180e6-a25e-a55d-955c-d1e2d083f58f" testName="ActiveInteractionStateBinding_ShouldNotBeNull_WhenCtorIsCalled" computerName="DKSR-EFI-04" duration="00:00:00.0749380" startTime="2023-12-22T09:36:19.5071029+01:00" endTime="2023-12-22T09:36:19.5852310+01:00" testType="13cdc9d9-ddb5-4fa4-a97d-d965ccfc6d4b" outcome="Passed" testListId="8c84fa94-04c1-424b-9868-57a2d4851a1d" relativeResultsDirectory="1a2d81ed-66db-48fe-a7aa-64952903ba2c" />
    <UnitTestResult executionId="924e34bb-71fc-4132-a5bf-15eb2230eb45" testId="d9e596ab-93a9-7684-fb6f-71e1dbbc0c03" testName="Compare_ShouldBeDeterministic_WhenOnlyIdOfResultsDiffer" computerName="DKSR-EFI-04" duration="00:00:00.0050173" startTime="2023-12-22T09:37:35.3356369+01:00" endTime="2023-12-22T09:37:35.3356369+01:00" testType="13cdc9d9-ddb5-4fa4-a97d-d965ccfc6d4b" outcome="Passed" testListId="8c84fa94-04c1-424b-9868-57a2d4851a1d" relativeResultsDirectory="924e34bb-71fc-4132-a5bf-15eb2230eb45" />
    <UnitTestResult executionId="e04c2a55-0aa6-4268-930e-edf311852847" testId="c391d9c0-dcf3-3657-c2f3-5bd34c44ec5b" testName="CreateDashboardViewModel_DoesNotUseIdentityTokenCache_WhenAuthenticationIsLegacy" computerName="DKSR-EFI-04" duration="00:00:00.0039169" startTime="2023-12-22T09:38:03.6639193+01:00" endTime="2023-12-22T09:38:03.6639193+01:00" testType="13cdc9d9-ddb5-4fa4-a97d-d965ccfc6d4b" outcome="Passed" testListId="8c84fa94-04c1-424b-9868-57a2d4851a1d" relativeResultsDirectory="e04c2a55-0aa6-4268-930e-edf311852847" />
    <UnitTestResult executionId="4daa0b13-9b53-4075-8eab-0dda5cfb6505" testId="126ce091-c6ba-ecff-2f2d-3c69aa56bf21" testName="Deserialize_FilterIdInvalid_Error" computerName="DKSR-EFI-04" duration="00:00:00.0016762" startTime="2023-12-22T09:37:35.4293939+01:00" endTime="2023-12-22T09:37:35.4293939+01:00" testType="13cdc9d9-ddb5-4fa4-a97d-d965ccfc6d4b" outcome="Passed" testListId="8c84fa94-04c1-424b-9868-57a2d4851a1d" relativeResultsDirectory="4daa0b13-9b53-4075-8eab-0dda5cfb6505" />
    <UnitTestResult executionId="820d5c62-9ed5-4e4e-b617-15c8e676820b" testId="80e1e452-82cf-b088-db40-d28f7d32c62d" testName="EvidenceLock when Live" computerName="DKSR-EFI-04" duration="00:00:00.0180595" startTime="2023-12-22T09:37:58.8045216+01:00" endTime="2023-12-22T09:37:59.0389054+01:00" testType="13cdc9d9-ddb5-4fa4-a97d-d965ccfc6d4b" outcome="Passed" testListId="8c84fa94-04c1-424b-9868-57a2d4851a1d" relativeResultsDirectory="820d5c62-9ed5-4e4e-b617-15c8e676820b" />
    <UnitTestResult executionId="52452627-17f4-4b3e-98bf-a067dad92601" testId="935f6e0f-c97b-5019-7e62-2a29c5b4df2c" testName="Detach_ShouldNotRaiseAnException_WhenAttachWasNotCalledPreviously" computerName="DKSR-EFI-04" duration="00:00:00.0003724" startTime="2023-12-22T09:36:11.6476897+01:00" endTime="2023-12-22T09:36:11.6476897+01:00" testType="13cdc9d9-ddb5-4fa4-a97d-d965ccfc6d4b" outcome="Passed" testListId="8c84fa94-04c1-424b-9868-57a2d4851a1d" relativeResultsDirectory="52452627-17f4-4b3e-98bf-a067dad92601" />
    <UnitTestResult executionId="3b8c6ef8-0691-4ecd-a885-e74bbbc0b87d" testId="c98d87e1-2599-14ad-dad8-186cb5a68eb4" testName="TestUpdateState_NotLoggedIn" computerName="DKSR-EFI-04" duration="00:00:00.0122614" startTime="2023-12-22T09:38:00.4607808+01:00" endTime="2023-12-22T09:38:00.4764039+01:00" testType="13cdc9d9-ddb5-4fa4-a97d-d965ccfc6d4b" outcome="Passed" testListId="8c84fa94-04c1-424b-9868-57a2d4851a1d" relativeResultsDirectory="3b8c6ef8-0691-4ecd-a885-e74bbbc0b87d" />
    <UnitTestResult executionId="f81490b6-a098-49c8-b45b-e5a77242b83d" testId="2f225332-0e21-75f7-07f4-8bdf7706d8a6" testName="BindingModelEnabled_ReactsTo_UpdateState" computerName="DKSR-EFI-04" duration="00:00:00.0016547" startTime="2023-12-22T09:38:00.4607808+01:00" endTime="2023-12-22T09:38:00.4607808+01:00" testType="13cdc9d9-ddb5-4fa4-a97d-d965ccfc6d4b" outcome="Passed" testListId="8c84fa94-04c1-424b-9868-57a2d4851a1d" relativeResultsDirectory="f81490b6-a098-49c8-b45b-e5a77242b83d" />
    <UnitTestResult executionId="241d2bfd-ce0a-41b1-9448-05566eb98a90" testId="e6354ff1-9ff3-d19c-6313-930a0e558467" testName="ResolveGenericResultProperties_ShouldAppendNumberOnDuplicateTitles_WhenGivenCombinedSearchResultsWithDuplicateTitles" computerName="DKSR-EFI-04" duration="00:00:00.0038437" startTime="2023-12-22T09:37:33.7575107+01:00" endTime="2023-12-22T09:37:33.7731344+01:00" testType="13cdc9d9-ddb5-4fa4-a97d-d965ccfc6d4b" outcome="Passed" testListId="8c84fa94-04c1-424b-9868-57a2d4851a1d" relativeResultsDirectory="241d2bfd-ce0a-41b1-9448-05566eb98a90" />
    <UnitTestResult executionId="31d3426b-c4fa-4d52-ad7b-6ef8eca72012" testId="cb3c2aec-6735-d3a0-5cab-578bcfb4d46d" testName="TestForAssemblyCoverage" computerName="DKSR-EFI-04" duration="00:00:00.0094071" startTime="2023-12-22T09:37:49.1638371+01:00" endTime="2023-12-22T09:37:49.1638371+01:00" testType="13cdc9d9-ddb5-4fa4-a97d-d965ccfc6d4b" outcome="Passed" testListId="8c84fa94-04c1-424b-9868-57a2d4851a1d" relativeResultsDirectory="31d3426b-c4fa-4d52-ad7b-6ef8eca72012" />
    <UnitTestResult executionId="f41978e3-442d-4f02-acc8-f3eff80a25d7" testId="64e7256a-b290-3467-22a6-88571ed2d255" testName="PatrollingStepListViewModel_DeleteStepExecute" computerName="DKSR-EFI-04" duration="00:00:00.0034887" startTime="2023-12-22T09:37:58.0545152+01:00" endTime="2023-12-22T09:37:58.0701401+01:00" testType="13cdc9d9-ddb5-4fa4-a97d-d965ccfc6d4b" outcome="Passed" testListId="8c84fa94-04c1-424b-9868-57a2d4851a1d" relativeResultsDirectory="f41978e3-442d-4f02-acc8-f3eff80a25d7" />
    <UnitTestResult executionId="c957000f-6384-4eb2-8004-d414630acd37" testId="8c7ec482-bc88-8ad6-1098-ff19a10b5886" testName="BookmarkSearchTime_WithSearchStringInDifferentCases_ReturnCorrectBookmarkWithSearchStringInDescription (SeArChStRiNg,True,False,True,False,,,0)" computerName="DKSR-EFI-04" duration="00:00:00.0065726" startTime="2023-12-22T09:38:01.3670348+01:00" endTime="2023-12-22T09:38:01.3826557+01:00" testType="13cdc9d9-ddb5-4fa4-a97d-d965ccfc6d4b" outcome="Passed" testListId="8c84fa94-04c1-424b-9868-57a2d4851a1d" relativeResultsDirectory="c957000f-6384-4eb2-8004-d414630acd37" />
    <UnitTestResult executionId="2311cf18-b7a9-450f-a9ee-bdb61c905f89" testId="19058fc1-17d3-cb6e-9eb7-bbf4a0d2890d" testName="ValidateExportName_ShouldReturnFailResult_InvalidCharactersInExportName (1213&lt;&gt;!?%)" computerName="DKSR-EFI-04" duration="00:00:00.0050496" startTime="2023-12-22T09:36:29.6321550+01:00" endTime="2023-12-22T09:36:29.6477799+01:00" testType="13cdc9d9-ddb5-4fa4-a97d-d965ccfc6d4b" outcome="Passed" testListId="8c84fa94-04c1-424b-9868-57a2d4851a1d" relativeResultsDirectory="2311cf18-b7a9-450f-a9ee-bdb61c905f89" />
    <UnitTestResult executionId="ad64cec0-5f68-4cd7-afd8-fcccd46d9518" testId="549a6411-d3e1-79bc-a090-6c2d81e9f120" testName="ValidateExportFormats_SmartClientPlayerFormat_ShouldNotReturnFailResult_ExportPathIsTooLong_WhenLongPathsEnabled (c:\aaaaaaaaaaaaaaaaaaaaaaaaaaaaaaaaaaaaaaaaaaaaaaaaaaaaaaaaaaaaaaaaaaaaaaaaaaaaaaaaaaaaaaaaaaaaaaaaaaaaaaaaaaaaaaaaaaaaaaaaaaaaaaaaaaaaaaaaaaaaaaaaaaaaaaaaaaaaaaaaaaaaaaaaaaaaaaaaaaaaaaa)" computerName="DKSR-EFI-04" duration="00:00:00.0142446" startTime="2023-12-22T09:36:29.9759106+01:00" endTime="2023-12-22T09:36:29.9915345+01:00" testType="13cdc9d9-ddb5-4fa4-a97d-d965ccfc6d4b" outcome="Passed" testListId="8c84fa94-04c1-424b-9868-57a2d4851a1d" relativeResultsDirectory="ad64cec0-5f68-4cd7-afd8-fcccd46d9518" />
    <UnitTestResult executionId="90564bd5-1d0e-4ddd-8d8e-3ab91d3d79a9" testId="22c14ae1-426d-20b6-6b98-6e6a9790adb4" testName="BookmarkSearchTime_WithSearchStringInDifferentCases_ReturnCorrectBookmarkWithSearchStringInHeader (SeArChStRiNg,False,False,False,False,,,0)" computerName="DKSR-EFI-04" duration="00:00:00.0053539" startTime="2023-12-22T09:38:01.2732776+01:00" endTime="2023-12-22T09:38:01.2732776+01:00" testType="13cdc9d9-ddb5-4fa4-a97d-d965ccfc6d4b" outcome="Passed" testListId="8c84fa94-04c1-424b-9868-57a2d4851a1d" relativeResultsDirectory="90564bd5-1d0e-4ddd-8d8e-3ab91d3d79a9" />
    <UnitTestResult executionId="b7e5607c-7f65-453f-a412-c55f6d3c0958" testId="90ade623-c933-13b0-3f87-d92db5a5c117" testName="Parse_SixHours_Success" computerName="DKSR-EFI-04" duration="00:00:00.0001049" startTime="2023-12-22T09:37:34.2262577+01:00" endTime="2023-12-22T09:37:34.2262577+01:00" testType="13cdc9d9-ddb5-4fa4-a97d-d965ccfc6d4b" outcome="Passed" testListId="8c84fa94-04c1-424b-9868-57a2d4851a1d" relativeResultsDirectory="b7e5607c-7f65-453f-a412-c55f6d3c0958" />
    <UnitTestResult executionId="2df48b4d-58df-463a-8321-6fafa2205989" testId="2ebfe8ce-3c37-b151-62ae-982463586759" testName="Constructor_ShouldThrowAnException_WhenWorkroomIsNull" computerName="DKSR-EFI-04" duration="00:00:00.0184618" startTime="2023-12-22T09:37:58.7888960+01:00" endTime="2023-12-22T09:37:58.8045216+01:00" testType="13cdc9d9-ddb5-4fa4-a97d-d965ccfc6d4b" outcome="Passed" testListId="8c84fa94-04c1-424b-9868-57a2d4851a1d" relativeResultsDirectory="2df48b4d-58df-463a-8321-6fafa2205989" />
    <UnitTestResult executionId="8f270d95-eac9-4dfd-8488-d01a9dd374c7" testId="27664859-4d07-7aa6-2422-c69fa8d16b38" testName="Ctor_ValidParameterWithTimeZoneManager_Success" computerName="DKSR-EFI-04" duration="00:00:00.0360936" startTime="2023-12-22T09:37:26.5699605+01:00" endTime="2023-12-22T09:37:26.6012145+01:00" testType="13cdc9d9-ddb5-4fa4-a97d-d965ccfc6d4b" outcome="Passed" testListId="8c84fa94-04c1-424b-9868-57a2d4851a1d" relativeResultsDirectory="8f270d95-eac9-4dfd-8488-d01a9dd374c7" />
    <UnitTestResult executionId="8eba87ee-967f-4dfa-9f48-c1007fbd97e2" testId="23c3222c-43bf-12ab-6d71-69f32f727a99" testName="Constructor_ShouldCreateNewGenericClient_WhenPassedWithNotOldVersion" computerName="DKSR-EFI-04" duration="00:00:00.0088212" startTime="2023-12-22T09:36:00.9913809+01:00" endTime="2023-12-22T09:36:00.9913809+01:00" testType="13cdc9d9-ddb5-4fa4-a97d-d965ccfc6d4b" outcome="Passed" testListId="8c84fa94-04c1-424b-9868-57a2d4851a1d" relativeResultsDirectory="8eba87ee-967f-4dfa-9f48-c1007fbd97e2" />
    <UnitTestResult executionId="464cf3c6-52de-49ac-9cb1-6c6d8a67798d" testId="4203d4af-b5bf-b00b-9139-2a7c647d28e9" testName="EnsureLayersOrderIsValidBy_Swap210_Success" computerName="DKSR-EFI-04" duration="00:00:00.0510064" startTime="2023-12-22T09:37:52.6326084+01:00" endTime="2023-12-22T09:37:52.6951073+01:00" testType="13cdc9d9-ddb5-4fa4-a97d-d965ccfc6d4b" outcome="Passed" testListId="8c84fa94-04c1-424b-9868-57a2d4851a1d" relativeResultsDirectory="464cf3c6-52de-49ac-9cb1-6c6d8a67798d" />
    <UnitTestResult executionId="804fb913-b894-444d-83a4-351e02bfef10" testId="f19f66f7-3714-6457-44d8-9a0c3461226c" testName="Constructor_ShouldRaiseArgumentNullException_WhenNextDeviceDataHandlerIsNull" computerName="DKSR-EFI-04" duration="00:00:00.0096110" startTime="2023-12-22T09:36:25.1633837+01:00" endTime="2023-12-22T09:36:25.1790095+01:00" testType="13cdc9d9-ddb5-4fa4-a97d-d965ccfc6d4b" outcome="Passed" testListId="8c84fa94-04c1-424b-9868-57a2d4851a1d" relativeResultsDirectory="804fb913-b894-444d-83a4-351e02bfef10" />
    <UnitTestResult executionId="2cb4948a-4059-4e29-8b15-acf81ffc1cf2" testId="0d21c288-6b50-0b5f-f1c0-b66a8d9fbd36" testName="CreateReportCommand_ReportDestinationSaved" computerName="DKSR-EFI-04" duration="00:00:00.0488918" startTime="2023-12-22T09:37:24.6168324+01:00" endTime="2023-12-22T09:37:24.6637105+01:00" testType="13cdc9d9-ddb5-4fa4-a97d-d965ccfc6d4b" outcome="Passed" testListId="8c84fa94-04c1-424b-9868-57a2d4851a1d" relativeResultsDirectory="2cb4948a-4059-4e29-8b15-acf81ffc1cf2" />
    <UnitTestResult executionId="2d0a0053-293a-4a05-8eb9-2cca37322230" testId="432a45cf-3feb-7030-7c65-5254973ebb20" testName="AddSelectedCameras_WithActiveSearchTemplateAndValidCamera_ActiveSearchTemplateModifiedSet" computerName="DKSR-EFI-04" duration="00:00:00.0190853" startTime="2023-12-22T09:37:26.6480956+01:00" endTime="2023-12-22T09:37:26.6637190+01:00" testType="13cdc9d9-ddb5-4fa4-a97d-d965ccfc6d4b" outcome="Passed" testListId="8c84fa94-04c1-424b-9868-57a2d4851a1d" relativeResultsDirectory="2d0a0053-293a-4a05-8eb9-2cca37322230" />
    <UnitTestResult executionId="235c0086-7cad-4b91-96be-6d5e4f08184c" testId="2a89a08d-dc4f-9b66-c54a-43d74ab324c2" testName="TrySelectAvailableExportNameTest_ShouldReturnValidationResultOk_WhenEverythingIsOk" computerName="DKSR-EFI-04" duration="00:00:00.0004764" startTime="2023-12-22T09:38:01.8670316+01:00" endTime="2023-12-22T09:38:01.8670316+01:00" testType="13cdc9d9-ddb5-4fa4-a97d-d965ccfc6d4b" outcome="Passed" testListId="8c84fa94-04c1-424b-9868-57a2d4851a1d" relativeResultsDirectory="235c0086-7cad-4b91-96be-6d5e4f08184c" />
    <UnitTestResult executionId="f771b73e-1c12-4126-b97c-cc5de7ca30e9" testId="45e90a7e-78c2-d92a-c93a-505afc46f1ab" testName="OnLoaded_NoUserControl_Success" computerName="DKSR-EFI-04" duration="00:00:00.0686391" startTime="2023-12-22T09:36:33.9290556+01:00" endTime="2023-12-22T09:36:33.9915615+01:00" testType="13cdc9d9-ddb5-4fa4-a97d-d965ccfc6d4b" outcome="Passed" testListId="8c84fa94-04c1-424b-9868-57a2d4851a1d" relativeResultsDirectory="f771b73e-1c12-4126-b97c-cc5de7ca30e9" />
    <UnitTestResult executionId="aad6a8e0-c730-4853-aad5-893bd16bfd72" testId="7066e281-486d-b17e-901e-9424698e9f74" testName="MergeOptionNodes_ShouldMergeOptionsFromOldKeyAndNewKey_WhenBothSettingsHaveOptions" computerName="DKSR-EFI-04" duration="00:00:00.0005905" startTime="2023-12-22T09:38:00.4139031+01:00" endTime="2023-12-22T09:38:00.4139031+01:00" testType="13cdc9d9-ddb5-4fa4-a97d-d965ccfc6d4b" outcome="Passed" testListId="8c84fa94-04c1-424b-9868-57a2d4851a1d" relativeResultsDirectory="aad6a8e0-c730-4853-aad5-893bd16bfd72" />
    <UnitTestResult executionId="b95021e6-f9f0-4502-97ac-89d71a833591" testId="e692b3e0-3f04-ab27-9ec5-4a69402a8875" testName="UpdateStartupLocationInModel_Updated_Success" computerName="DKSR-EFI-04" duration="00:00:00.0609063" startTime="2023-12-22T09:36:10.2570595+01:00" endTime="2023-12-22T09:36:10.3195562+01:00" testType="13cdc9d9-ddb5-4fa4-a97d-d965ccfc6d4b" outcome="Passed" testListId="8c84fa94-04c1-424b-9868-57a2d4851a1d" relativeResultsDirectory="b95021e6-f9f0-4502-97ac-89d71a833591" />
    <UnitTestResult executionId="4c4f6fc2-03a8-4a0c-9339-7a3dd3b8afa2" testId="d8e86d95-613e-e989-d6c8-a98a3e38c1b2" testName="MipItemsMapLayer_Saved_Success" computerName="DKSR-EFI-04" duration="00:00:00.0140103" startTime="2023-12-22T09:37:50.0076021+01:00" endTime="2023-12-22T09:37:50.0232196+01:00" testType="13cdc9d9-ddb5-4fa4-a97d-d965ccfc6d4b" outcome="Passed" testListId="8c84fa94-04c1-424b-9868-57a2d4851a1d" relativeResultsDirectory="4c4f6fc2-03a8-4a0c-9339-7a3dd3b8afa2" />
    <UnitTestResult executionId="6d66e059-be97-4116-89f4-3bd7f1e8ce5b" testId="847f64c7-3f64-8d01-6913-77b9ebb56919" testName="Convert_ShouldReturnTrue_WhenParameterArrayContainsValue" computerName="DKSR-EFI-04" duration="00:00:00.0060718" startTime="2023-12-22T09:36:11.6945609+01:00" endTime="2023-12-22T09:36:11.6945609+01:00" testType="13cdc9d9-ddb5-4fa4-a97d-d965ccfc6d4b" outcome="Passed" testListId="8c84fa94-04c1-424b-9868-57a2d4851a1d" relativeResultsDirectory="6d66e059-be97-4116-89f4-3bd7f1e8ce5b" />
    <UnitTestResult executionId="497adf98-6f11-47c1-93aa-bbff5ff9ec87" testId="aa8972af-4006-c6fd-4be2-6ab7cf64c83f" testName="CreateCameraListItem_ShouldAddRegionSelectionToFilterValue_WhenNotAlreadyPresent" computerName="DKSR-EFI-04" duration="00:00:00.0035337" startTime="2023-12-22T09:37:49.0857147+01:00" endTime="2023-12-22T09:37:49.0857147+01:00" testType="13cdc9d9-ddb5-4fa4-a97d-d965ccfc6d4b" outcome="Passed" testListId="8c84fa94-04c1-424b-9868-57a2d4851a1d" relativeResultsDirectory="497adf98-6f11-47c1-93aa-bbff5ff9ec87" />
    <UnitTestResult executionId="92a0ce78-6a13-4205-aaa3-bf241521ddb2" testId="c619b254-8c86-c5cf-c771-3ea358787f56" testName="TestSwitchWorkroom_ByWorkSpaceId_Success" computerName="DKSR-EFI-04" duration="00:00:00.0488789" startTime="2023-12-22T09:36:06.8507864+01:00" endTime="2023-12-22T09:36:06.8976632+01:00" testType="13cdc9d9-ddb5-4fa4-a97d-d965ccfc6d4b" outcome="Passed" testListId="8c84fa94-04c1-424b-9868-57a2d4851a1d" relativeResultsDirectory="92a0ce78-6a13-4205-aaa3-bf241521ddb2" />
    <UnitTestResult executionId="dcab80e4-ff7c-4279-8a43-07eb2d73906a" testId="e119e886-63ff-9e4b-f30c-287618dff31a" testName="PatrollingProfileListViewModel_Save_CreateProfile" computerName="DKSR-EFI-04" duration="00:00:00.0082472" startTime="2023-12-22T09:37:57.9295112+01:00" endTime="2023-12-22T09:37:57.9451442+01:00" testType="13cdc9d9-ddb5-4fa4-a97d-d965ccfc6d4b" outcome="Passed" testListId="8c84fa94-04c1-424b-9868-57a2d4851a1d" relativeResultsDirectory="dcab80e4-ff7c-4279-8a43-07eb2d73906a" />
    <UnitTestResult executionId="71f496a2-d82d-4197-ac07-6cce1b411045" testId="4cca1d5f-44b2-3473-1e35-1d77003b5df5" testName="LoadBoundingShapes_RectangleShapeWithNegativeWidth_NotAddedToUI" computerName="DKSR-EFI-04" duration="00:00:00.0144251" startTime="2023-12-22T09:37:48.7263405+01:00" endTime="2023-12-22T09:37:48.7419668+01:00" testType="13cdc9d9-ddb5-4fa4-a97d-d965ccfc6d4b" outcome="Passed" testListId="8c84fa94-04c1-424b-9868-57a2d4851a1d" relativeResultsDirectory="71f496a2-d82d-4197-ac07-6cce1b411045" />
    <UnitTestResult executionId="2c421047-e332-44bc-b0f0-9e5b4cbb21e2" testId="f7bcbf5e-0012-a0f0-d3f0-82ca6b14f5dd" testName="ResultCountText_SeveralResults_Success" computerName="DKSR-EFI-04" duration="00:00:00.0048559" startTime="2023-12-22T09:37:26.2262141+01:00" endTime="2023-12-22T09:37:26.2262141+01:00" testType="13cdc9d9-ddb5-4fa4-a97d-d965ccfc6d4b" outcome="Passed" testListId="8c84fa94-04c1-424b-9868-57a2d4851a1d" relativeResultsDirectory="2c421047-e332-44bc-b0f0-9e5b4cbb21e2" />
    <UnitTestResult executionId="52eadd31-ef67-433c-98ee-bb60d0b2d3d2" testId="9dce6ef1-0bfb-ffc5-b0e0-e06717bb70cf" testName="AddToSearchButtonEnabledState_AllScenarios_Success" computerName="DKSR-EFI-04" duration="00:00:00.0358989" startTime="2023-12-22T09:37:24.2574506+01:00" endTime="2023-12-22T09:37:24.3043315+01:00" testType="13cdc9d9-ddb5-4fa4-a97d-d965ccfc6d4b" outcome="Passed" testListId="8c84fa94-04c1-424b-9868-57a2d4851a1d" relativeResultsDirectory="52eadd31-ef67-433c-98ee-bb60d0b2d3d2" />
    <UnitTestResult executionId="213a2e10-2529-4980-bd6c-d43edf21d69c" testId="a64a4521-eb75-1b0e-49ca-196652940e73" testName="ResolveSearchDefinitions_ShouldReturnResultSearchDefinition_WhenCombinedSearchResultWithMultipleSubResultAndSearchDefinitionsNotContainingCorrectSearchDefinitionsAreGiven" computerName="DKSR-EFI-04" duration="00:00:00.0009570" startTime="2023-12-22T09:37:33.7262560+01:00" endTime="2023-12-22T09:37:33.7262560+01:00" testType="13cdc9d9-ddb5-4fa4-a97d-d965ccfc6d4b" outcome="Passed" testListId="8c84fa94-04c1-424b-9868-57a2d4851a1d" relativeResultsDirectory="213a2e10-2529-4980-bd6c-d43edf21d69c" />
    <UnitTestResult executionId="68818ed9-13cc-4835-8911-ccb923380322" testId="a466016b-4a7a-12db-67a6-4d7bfdd8044c" testName="Connect_WhenMajorServerVersionIs13AndMinorServerVersionIs2_ShouldCreateOldSchClient" computerName="DKSR-EFI-04" duration="00:00:00.0375389" startTime="2023-12-22T09:36:00.8976302+01:00" endTime="2023-12-22T09:36:00.9445086+01:00" testType="13cdc9d9-ddb5-4fa4-a97d-d965ccfc6d4b" outcome="Passed" testListId="8c84fa94-04c1-424b-9868-57a2d4851a1d" relativeResultsDirectory="68818ed9-13cc-4835-8911-ccb923380322" />
    <UnitTestResult executionId="cee66b28-7d90-41e2-8b37-961fbe9807bf" testId="e6dcebe5-b6cc-8c91-5e65-857f5572db4e" testName="SortBuildingLayers_Success" computerName="DKSR-EFI-04" duration="00:00:00.0154063" startTime="2023-12-22T09:37:52.9294859+01:00" endTime="2023-12-22T09:37:52.9451111+01:00" testType="13cdc9d9-ddb5-4fa4-a97d-d965ccfc6d4b" outcome="Passed" testListId="8c84fa94-04c1-424b-9868-57a2d4851a1d" relativeResultsDirectory="cee66b28-7d90-41e2-8b37-961fbe9807bf" />
    <UnitTestResult executionId="479a399a-4db1-4324-ae14-0dc493160ad9" testId="6d62f599-0f0c-18d4-6cc8-c03dee27684a" testName="TestHasCapapability_LesserThan_Success" computerName="DKSR-EFI-04" duration="00:00:00.0001752" startTime="2023-12-22T09:37:56.0701386+01:00" endTime="2023-12-22T09:37:56.0701386+01:00" testType="13cdc9d9-ddb5-4fa4-a97d-d965ccfc6d4b" outcome="Passed" testListId="8c84fa94-04c1-424b-9868-57a2d4851a1d" relativeResultsDirectory="479a399a-4db1-4324-ae14-0dc493160ad9" />
    <UnitTestResult executionId="a7e4431c-15d7-4e63-b897-e73a5cecd4d8" testId="07e2d80c-1c7c-425d-45d2-9a4739a86a66" testName="PopulateTooltip_SingleResultsFromFewCameras24Hours_ValidText" computerName="DKSR-EFI-04" duration="00:00:00.0293277" startTime="2023-12-22T09:37:17.1949246+01:00" endTime="2023-12-22T09:37:17.2261624+01:00" testType="13cdc9d9-ddb5-4fa4-a97d-d965ccfc6d4b" outcome="Passed" testListId="8c84fa94-04c1-424b-9868-57a2d4851a1d" relativeResultsDirectory="a7e4431c-15d7-4e63-b897-e73a5cecd4d8" />
    <UnitTestResult executionId="a077d46d-89f9-4c98-9319-9d081e5618de" testId="21b483a6-27e8-bb30-b612-d3263e5cc6f1" testName="MenuItemIcon_ShouldBeSet_WhenSuppliedInCtor" computerName="DKSR-EFI-04" duration="00:00:00.0032373" startTime="2023-12-22T09:36:23.4602491+01:00" endTime="2023-12-22T09:36:23.4602491+01:00" testType="13cdc9d9-ddb5-4fa4-a97d-d965ccfc6d4b" outcome="Passed" testListId="8c84fa94-04c1-424b-9868-57a2d4851a1d" relativeResultsDirectory="a077d46d-89f9-4c98-9319-9d081e5618de" />
    <UnitTestResult executionId="48f0bb4c-78ad-45c2-9d80-0bb4f550773e" testId="3ce53063-c90f-436d-4a7d-2e3b5be274ef" testName="UpdateItems_WhenServerCallThrowsException_ShouldResultInErrorLog" computerName="DKSR-EFI-04" duration="00:00:00.0100015" startTime="2023-12-22T09:36:23.9758767+01:00" endTime="2023-12-22T09:36:23.9915036+01:00" testType="13cdc9d9-ddb5-4fa4-a97d-d965ccfc6d4b" outcome="Passed" testListId="8c84fa94-04c1-424b-9868-57a2d4851a1d" relativeResultsDirectory="48f0bb4c-78ad-45c2-9d80-0bb4f550773e" />
    <UnitTestResult executionId="26023e00-5ae5-4fd1-9c17-43391fa876cb" testId="96b04f8c-f777-c014-a499-dfe98011948d" testName="AddClientId_WhereClientIsValid_ReturnsGoogleMapsUrl" computerName="DKSR-EFI-04" duration="00:00:00.0002033" startTime="2023-12-22T09:36:14.8664531+01:00" endTime="2023-12-22T09:36:14.8664531+01:00" testType="13cdc9d9-ddb5-4fa4-a97d-d965ccfc6d4b" outcome="Passed" testListId="8c84fa94-04c1-424b-9868-57a2d4851a1d" relativeResultsDirectory="26023e00-5ae5-4fd1-9c17-43391fa876cb" />
    <UnitTestResult executionId="9ee43c60-b792-4a34-b6ad-43d45795c2ad" testId="29952541-0072-8c3b-e8db-a524fa1509da" testName="RemoveSelectedCameraCommand_WithActiveSearchTemplateAndValidCamera_ActiveSearchTemplateModifiedSet" computerName="DKSR-EFI-04" duration="00:00:00.0096615" startTime="2023-12-22T09:37:27.6324808+01:00" endTime="2023-12-22T09:37:27.6481011+01:00" testType="13cdc9d9-ddb5-4fa4-a97d-d965ccfc6d4b" outcome="Passed" testListId="8c84fa94-04c1-424b-9868-57a2d4851a1d" relativeResultsDirectory="9ee43c60-b792-4a34-b6ad-43d45795c2ad" />
    <UnitTestResult executionId="70b9af19-5287-4fa4-915f-7943169685bf" testId="5304ef5f-6f68-f464-023c-0e8f2792256b" testName="Command_WithNullActivateResult_PluginInstanceActivatedCalled" computerName="DKSR-EFI-04" duration="00:00:00.0037553" startTime="2023-12-22T09:37:26.1324591+01:00" endTime="2023-12-22T09:37:26.1324591+01:00" testType="13cdc9d9-ddb5-4fa4-a97d-d965ccfc6d4b" outcome="Passed" testListId="8c84fa94-04c1-424b-9868-57a2d4851a1d" relativeResultsDirectory="70b9af19-5287-4fa4-915f-7943169685bf" />
    <UnitTestResult executionId="afdfc788-316e-48c6-b7fc-b46b39ff5df1" testId="eb5a9d83-2458-0842-7b16-6cd517958096" testName="Session_Built" computerName="DKSR-EFI-04" duration="00:00:00.1228437" startTime="2023-12-22T09:38:06.4608118+01:00" endTime="2023-12-22T09:38:06.5858078+01:00" testType="13cdc9d9-ddb5-4fa4-a97d-d965ccfc6d4b" outcome="Passed" testListId="8c84fa94-04c1-424b-9868-57a2d4851a1d" relativeResultsDirectory="afdfc788-316e-48c6-b7fc-b46b39ff5df1" />
    <UnitTestResult executionId="34d4d1d2-477e-47cd-a94a-4581e22e97ee" testId="5234d1ee-ef9d-50d7-130b-4f673d2d6420" testName="Instance_ShouldBeSingleton_WhenCalled" computerName="DKSR-EFI-04" duration="00:00:00.0002000" startTime="2023-12-22T09:37:53.0544885+01:00" endTime="2023-12-22T09:37:53.0544885+01:00" testType="13cdc9d9-ddb5-4fa4-a97d-d965ccfc6d4b" outcome="Passed" testListId="8c84fa94-04c1-424b-9868-57a2d4851a1d" relativeResultsDirectory="34d4d1d2-477e-47cd-a94a-4581e22e97ee" />
    <UnitTestResult executionId="d324a3cd-8108-470d-a94b-511f45a8f1f3" testId="27a95cc0-3e4b-dbea-fc7f-0563168b8940" testName="ConnectSlave_SucceedeInConnectingAndAllowingSecureConnection_ShouldReturnTrueAndAValidUrl" computerName="DKSR-EFI-04" duration="00:00:00.0920354" startTime="2023-12-22T09:36:00.1476255+01:00" endTime="2023-12-22T09:36:00.2413782+01:00" testType="13cdc9d9-ddb5-4fa4-a97d-d965ccfc6d4b" outcome="Passed" testListId="8c84fa94-04c1-424b-9868-57a2d4851a1d" relativeResultsDirectory="d324a3cd-8108-470d-a94b-511f45a8f1f3" />
    <UnitTestResult executionId="d9324186-00d4-44fc-a8c2-f9f41b349fbd" testId="a2522359-b2a2-5229-47e0-a441d8ac2c1e" testName="Decorate_ShouldRaiseArgumentNullException_WhenLayerVisibilityItemDataIsNull" computerName="DKSR-EFI-04" duration="00:00:00.0008129" startTime="2023-12-22T09:36:14.8508286+01:00" endTime="2023-12-22T09:36:14.8508286+01:00" testType="13cdc9d9-ddb5-4fa4-a97d-d965ccfc6d4b" outcome="Passed" testListId="8c84fa94-04c1-424b-9868-57a2d4851a1d" relativeResultsDirectory="d9324186-00d4-44fc-a8c2-f9f41b349fbd" />
    <UnitTestResult executionId="a588eece-e1bb-422e-8b80-6f022376577e" testId="9e654779-7c3a-a723-682e-e39ebed74684" testName="GetGisMapLayerFlyoutName_ShouldReturnOpenStreetMap_WhenGeographicLayerIsAvailableAndAlternativeServerIsNotEmpty" computerName="DKSR-EFI-04" duration="00:00:00.0009319" startTime="2023-12-22T09:37:55.8513737+01:00" endTime="2023-12-22T09:37:55.8513737+01:00" testType="13cdc9d9-ddb5-4fa4-a97d-d965ccfc6d4b" outcome="Passed" testListId="8c84fa94-04c1-424b-9868-57a2d4851a1d" relativeResultsDirectory="a588eece-e1bb-422e-8b80-6f022376577e" />
    <UnitTestResult executionId="2dd87685-2267-4a1e-a16c-42633ddbd3c5" testId="cdb294e5-a11e-c1b8-28c0-e318e116348c" testName="Narrowing_Is_Disabled_When_Update_Rights_Missing" computerName="DKSR-EFI-04" duration="00:00:00.0037560" startTime="2023-12-22T09:38:07.1795683+01:00" endTime="2023-12-22T09:38:07.1795683+01:00" testType="13cdc9d9-ddb5-4fa4-a97d-d965ccfc6d4b" outcome="Passed" testListId="8c84fa94-04c1-424b-9868-57a2d4851a1d" relativeResultsDirectory="2dd87685-2267-4a1e-a16c-42633ddbd3c5" />
    <UnitTestResult executionId="4b090cbe-2d51-4952-a673-bb83f10f2113" testId="5803be46-e356-847f-cccc-58e283b812ae" testName="OnLoaded_NoDataContext_DoesNotCrash" computerName="DKSR-EFI-04" duration="00:00:00.0178173" startTime="2023-12-22T09:36:33.8978068+01:00" endTime="2023-12-22T09:36:33.9290556+01:00" testType="13cdc9d9-ddb5-4fa4-a97d-d965ccfc6d4b" outcome="Passed" testListId="8c84fa94-04c1-424b-9868-57a2d4851a1d" relativeResultsDirectory="4b090cbe-2d51-4952-a673-bb83f10f2113" />
    <UnitTestResult executionId="f6e0692f-fb0c-4909-b526-3d2d662f3931" testId="ef92f893-79c7-0d51-127f-8470ebdbc768" testName="GetViewGroup_SubGroup_WithMissingGroupsElement" computerName="DKSR-EFI-04" duration="00:00:00.0880179" startTime="2023-12-22T09:36:07.4445412+01:00" endTime="2023-12-22T09:36:07.5226660+01:00" testType="13cdc9d9-ddb5-4fa4-a97d-d965ccfc6d4b" outcome="Passed" testListId="8c84fa94-04c1-424b-9868-57a2d4851a1d" relativeResultsDirectory="f6e0692f-fb0c-4909-b526-3d2d662f3931" />
    <UnitTestResult executionId="cadeead6-45a8-4165-8e09-12f7f0250f8f" testId="7a75352d-c73e-5868-4a6f-939343fd10a2" testName="PtzSessionControllerInfoConstructorTest_Success" computerName="DKSR-EFI-04" duration="00:00:00.0044048" startTime="2023-12-22T09:36:07.1789128+01:00" endTime="2023-12-22T09:36:07.1945421+01:00" testType="13cdc9d9-ddb5-4fa4-a97d-d965ccfc6d4b" outcome="Passed" testListId="8c84fa94-04c1-424b-9868-57a2d4851a1d" relativeResultsDirectory="cadeead6-45a8-4165-8e09-12f7f0250f8f" />
    <UnitTestResult executionId="f1fd0245-dd62-4b0f-91c3-7a350abaabd2" testId="5660124e-2746-e525-af63-46d6c656faea" testName="Toolbar_HasNoButtonsVisibleByDefault_WhenNotInLiveOrPlayback" computerName="DKSR-EFI-04" duration="00:00:00.0135227" startTime="2023-12-22T09:37:59.2576423+01:00" endTime="2023-12-22T09:37:59.2732700+01:00" testType="13cdc9d9-ddb5-4fa4-a97d-d965ccfc6d4b" outcome="Passed" testListId="8c84fa94-04c1-424b-9868-57a2d4851a1d" relativeResultsDirectory="f1fd0245-dd62-4b0f-91c3-7a350abaabd2" />
    <UnitTestResult executionId="bab0eaca-32eb-44aa-b50f-da25f4c82657" testId="44e92a95-de94-fe77-bf6a-bab8a099b9c8" testName="BuildMapOptions_ShouldHandleSecretStringOptionsCorrectly (GisMapBingMapKey,,False)" computerName="DKSR-EFI-04" duration="00:00:00.0009140" startTime="2023-12-22T09:38:06.0858046+01:00" endTime="2023-12-22T09:38:06.0858046+01:00" testType="13cdc9d9-ddb5-4fa4-a97d-d965ccfc6d4b" outcome="Passed" testListId="8c84fa94-04c1-424b-9868-57a2d4851a1d" relativeResultsDirectory="bab0eaca-32eb-44aa-b50f-da25f4c82657" />
    <UnitTestResult executionId="8adfd700-f4a2-47b1-9eb2-b99b38d43c79" testId="9dcaedba-c848-3b00-d622-5c7b863dca11" testName="GetSLC_ShouldReturnCorrectSLC" computerName="DKSR-EFI-04" duration="00:00:00.0012910" startTime="2023-12-22T09:38:06.0545566+01:00" endTime="2023-12-22T09:38:06.0545566+01:00" testType="13cdc9d9-ddb5-4fa4-a97d-d965ccfc6d4b" outcome="Passed" testListId="8c84fa94-04c1-424b-9868-57a2d4851a1d" relativeResultsDirectory="8adfd700-f4a2-47b1-9eb2-b99b38d43c79" />
    <UnitTestResult executionId="491a725c-330c-44ca-8acf-f4eebc374958" testId="cc482776-e68c-2c6f-b7ea-c8334df0cc99" testName="Toolbar_IsVisible_WhenNotInLiveOrPlayback_ButCanShowSidePane" computerName="DKSR-EFI-04" duration="00:00:00.0165210" startTime="2023-12-22T09:37:59.3670257+01:00" endTime="2023-12-22T09:37:59.3826428+01:00" testType="13cdc9d9-ddb5-4fa4-a97d-d965ccfc6d4b" outcome="Passed" testListId="8c84fa94-04c1-424b-9868-57a2d4851a1d" relativeResultsDirectory="491a725c-330c-44ca-8acf-f4eebc374958" />
    <UnitTestResult executionId="f283156b-e237-4229-a75b-366e20b6b231" testId="d02f35d6-61fd-fd34-88f9-5255843d0782" testName="TestGetBuildingClient_WithBuildingSupport_Success" computerName="DKSR-EFI-04" duration="00:00:00.0158311" startTime="2023-12-22T09:37:55.9763775+01:00" endTime="2023-12-22T09:37:55.9920045+01:00" testType="13cdc9d9-ddb5-4fa4-a97d-d965ccfc6d4b" outcome="Passed" testListId="8c84fa94-04c1-424b-9868-57a2d4851a1d" relativeResultsDirectory="f283156b-e237-4229-a75b-366e20b6b231" />
    <UnitTestResult executionId="18f900c3-e700-43aa-ae39-ad8cb97b67ab" testId="dbbcef65-1aa6-a5c1-32ef-04150022dcf1" testName="Compare_ShouldPrioritizeCombinedResultsWithMostTriggerTimesInTimespan_WhenNotAllTriggerTimesAreCounted" computerName="DKSR-EFI-04" duration="00:00:00.0026014" startTime="2023-12-22T09:37:35.3200176+01:00" endTime="2023-12-22T09:37:35.3200176+01:00" testType="13cdc9d9-ddb5-4fa4-a97d-d965ccfc6d4b" outcome="Passed" testListId="8c84fa94-04c1-424b-9868-57a2d4851a1d" relativeResultsDirectory="18f900c3-e700-43aa-ae39-ad8cb97b67ab" />
    <UnitTestResult executionId="680cfe2b-a35e-4836-844c-55164b12596a" testId="9293549a-e4d8-25ee-0a7e-0a58daedfd4d" testName="SequenceEntryDto_ShouldYieldSameValues_WhenRoundTripConverted" computerName="DKSR-EFI-04" duration="00:00:00.0028046" startTime="2023-12-22T09:36:00.3507540+01:00" endTime="2023-12-22T09:36:00.3663814+01:00" testType="13cdc9d9-ddb5-4fa4-a97d-d965ccfc6d4b" outcome="Passed" testListId="8c84fa94-04c1-424b-9868-57a2d4851a1d" relativeResultsDirectory="680cfe2b-a35e-4836-844c-55164b12596a" />
    <UnitTestResult executionId="b1ccc590-b326-4ce3-94eb-cd6f91297c82" testId="9029e935-145d-d5fd-fae9-96c860349038" testName="GetClusters_AddedItems_ClustersForAddedItems (Data Row 5)" computerName="DKSR-EFI-04" duration="00:00:00.0135635" startTime="2023-12-22T09:37:57.5232605+01:00" endTime="2023-12-22T09:37:57.7107610+01:00" testType="13cdc9d9-ddb5-4fa4-a97d-d965ccfc6d4b" outcome="Passed" testListId="8c84fa94-04c1-424b-9868-57a2d4851a1d" relativeResultsDirectory="b1ccc590-b326-4ce3-94eb-cd6f91297c82" />
    <UnitTestResult executionId="2a2c1655-c46a-41e7-a21b-524a1fe3bea1" testId="5a96ab5f-7525-5e8b-4ceb-aece78f169bb" testName="Connect_WhenMajorServerVersionIs13AndMinorServerVersionIs3_ShouldCreateNewSchClient" computerName="DKSR-EFI-04" duration="00:00:00.0259412" startTime="2023-12-22T09:36:00.9445086+01:00" endTime="2023-12-22T09:36:00.9601311+01:00" testType="13cdc9d9-ddb5-4fa4-a97d-d965ccfc6d4b" outcome="Passed" testListId="8c84fa94-04c1-424b-9868-57a2d4851a1d" relativeResultsDirectory="2a2c1655-c46a-41e7-a21b-524a1fe3bea1" />
    <UnitTestResult executionId="0924590c-1af8-44c1-a10f-1d135e44763e" testId="62c0f445-e4f5-0b37-109b-e9362caf5a8c" testName="Unrelated_devices_removed_when_camera_removed" computerName="DKSR-EFI-04" duration="00:00:00.0023508" startTime="2023-12-22T09:38:07.2420643+01:00" endTime="2023-12-22T09:38:07.2420643+01:00" testType="13cdc9d9-ddb5-4fa4-a97d-d965ccfc6d4b" outcome="Passed" testListId="8c84fa94-04c1-424b-9868-57a2d4851a1d" relativeResultsDirectory="0924590c-1af8-44c1-a10f-1d135e44763e" />
    <UnitTestResult executionId="2dee803b-f085-4305-960f-17e5e3efe1ac" testId="ae7f298e-edeb-46f5-3d43-4270f80b5ca8" testName="SearchResultsActionBarActions_MipActionDoesSupportsSelectedSearchResult_ActionDisabled" computerName="DKSR-EFI-04" duration="00:00:00.0100097" startTime="2023-12-22T09:37:25.2574622+01:00" endTime="2023-12-22T09:37:25.2574622+01:00" testType="13cdc9d9-ddb5-4fa4-a97d-d965ccfc6d4b" outcome="Passed" testListId="8c84fa94-04c1-424b-9868-57a2d4851a1d" relativeResultsDirectory="2dee803b-f085-4305-960f-17e5e3efe1ac" />
    <UnitTestResult executionId="fdc1608c-ce38-4684-8168-ef8cf4870656" testId="d77fa2b3-cd91-4a80-9070-a6c107df2662" testName="Deserialize_ManagerUnableToCreateSearchDefinition_Error" computerName="DKSR-EFI-04" duration="00:00:00.0020180" startTime="2023-12-22T09:37:35.4137736+01:00" endTime="2023-12-22T09:37:35.4293939+01:00" testType="13cdc9d9-ddb5-4fa4-a97d-d965ccfc6d4b" outcome="Passed" testListId="8c84fa94-04c1-424b-9868-57a2d4851a1d" relativeResultsDirectory="fdc1608c-ce38-4684-8168-ef8cf4870656" />
    <UnitTestResult executionId="d0caff30-69d1-48e0-b55a-5356aea7d7c5" testId="550475a3-cdd8-1a4c-8164-53657594f4b5" testName="RemoveWorkroom_ShouldThrowException_WhenWorkroomToRemoveIsNull" computerName="DKSR-EFI-04" duration="00:00:00.0096425" startTime="2023-12-22T09:38:05.9139384+01:00" endTime="2023-12-22T09:38:05.9295593+01:00" testType="13cdc9d9-ddb5-4fa4-a97d-d965ccfc6d4b" outcome="Passed" testListId="8c84fa94-04c1-424b-9868-57a2d4851a1d" relativeResultsDirectory="d0caff30-69d1-48e0-b55a-5356aea7d7c5" />
    <UnitTestResult executionId="d5fc474f-ca11-4e42-9b20-df079789dd01" testId="7f664b57-7413-e68a-c6c0-a58e6b75f164" testName="Ctor_NoSearchAgents_Throws" computerName="DKSR-EFI-04" duration="00:00:00.0281225" startTime="2023-12-22T09:37:48.0700864+01:00" endTime="2023-12-22T09:37:48.1013468+01:00" testType="13cdc9d9-ddb5-4fa4-a97d-d965ccfc6d4b" outcome="Passed" testListId="8c84fa94-04c1-424b-9868-57a2d4851a1d" relativeResultsDirectory="d5fc474f-ca11-4e42-9b20-df079789dd01" />
    <UnitTestResult executionId="00d16063-d2ae-40f6-8749-104df2e9a406" testId="24643fe7-0bf9-5382-835f-f9f91ed814f3" testName="ReorderLevels123to312_Success" computerName="DKSR-EFI-04" duration="00:00:00.0581243" startTime="2023-12-22T09:37:49.6638437+01:00" endTime="2023-12-22T09:37:49.7107144+01:00" testType="13cdc9d9-ddb5-4fa4-a97d-d965ccfc6d4b" outcome="Passed" testListId="8c84fa94-04c1-424b-9868-57a2d4851a1d" relativeResultsDirectory="00d16063-d2ae-40f6-8749-104df2e9a406" />
    <UnitTestResult executionId="5b03fa10-42fb-4e2a-8661-197dfef83de4" testId="7b0dc253-1a60-98fa-ca06-9217e1553108" testName="SearchResultsActionBarActions_ActionResultCreateReport_CreatePdfDocument_ErrorSaving" computerName="DKSR-EFI-04" duration="00:00:00.0235231" startTime="2023-12-22T09:37:24.7105828+01:00" endTime="2023-12-22T09:37:24.7418266+01:00" testType="13cdc9d9-ddb5-4fa4-a97d-d965ccfc6d4b" outcome="Passed" testListId="8c84fa94-04c1-424b-9868-57a2d4851a1d" relativeResultsDirectory="5b03fa10-42fb-4e2a-8661-197dfef83de4" />
    <UnitTestResult executionId="eb9a6d26-221d-48aa-8f36-e7d1d0bdf36a" testId="518a8b99-6420-184f-272c-7fecbc8732ca" testName="LanguageOptionsData_IsSorted_Success" computerName="DKSR-EFI-04" duration="00:00:00.0094191" startTime="2023-12-22T09:37:58.1482679+01:00" endTime="2023-12-22T09:37:58.1638944+01:00" testType="13cdc9d9-ddb5-4fa4-a97d-d965ccfc6d4b" outcome="Passed" testListId="8c84fa94-04c1-424b-9868-57a2d4851a1d" relativeResultsDirectory="eb9a6d26-221d-48aa-8f36-e7d1d0bdf36a" />
    <UnitTestResult executionId="c3f639fb-6072-4dc2-83fe-79baf1131d60" testId="046c17a3-2693-b379-a8a6-25e6537747cf" testName="Constructor_ShouldThrowException_WhenStateHandlerFactoryIsNull" computerName="DKSR-EFI-04" duration="00:00:00.0005285" startTime="2023-12-22T09:38:02.1326637+01:00" endTime="2023-12-22T09:38:02.1326637+01:00" testType="13cdc9d9-ddb5-4fa4-a97d-d965ccfc6d4b" outcome="Passed" testListId="8c84fa94-04c1-424b-9868-57a2d4851a1d" relativeResultsDirectory="c3f639fb-6072-4dc2-83fe-79baf1131d60" />
    <UnitTestResult executionId="67734c57-654d-4e6f-8da1-dd937a18329c" testId="2be8ff91-530a-56da-c98c-d25f9ef28970" testName="CanMoreRegionsBeAdded_ShouldReturnTrue_WhenMaximumRegionsAllowedIsNotReached" computerName="DKSR-EFI-04" duration="00:00:00.0010463" startTime="2023-12-22T09:37:49.1169647+01:00" endTime="2023-12-22T09:37:49.1169647+01:00" testType="13cdc9d9-ddb5-4fa4-a97d-d965ccfc6d4b" outcome="Passed" testListId="8c84fa94-04c1-424b-9868-57a2d4851a1d" relativeResultsDirectory="67734c57-654d-4e6f-8da1-dd937a18329c" />
    <UnitTestResult executionId="4a4fa5c1-cf38-428e-97ef-c936e7f5318f" testId="e26b2205-c180-7f1b-f046-b9155ed9b951" testName="ScWorkspaceStateChangedEvent_ShouldKeepIsSelected_WhenSwitchingToSetupMode" computerName="DKSR-EFI-04" duration="00:00:00.0175847" startTime="2023-12-22T09:37:53.7107429+01:00" endTime="2023-12-22T09:37:53.7263723+01:00" testType="13cdc9d9-ddb5-4fa4-a97d-d965ccfc6d4b" outcome="Passed" testListId="8c84fa94-04c1-424b-9868-57a2d4851a1d" relativeResultsDirectory="4a4fa5c1-cf38-428e-97ef-c936e7f5318f" />
    <UnitTestResult executionId="aad16fcc-53bf-4358-a7f5-8b4a252192e9" testId="3483fd74-40ab-caaa-a1c3-b598cd24d905" testName="ToNormalizedFieldOfView_OutOfRange_2PI_Fail" computerName="DKSR-EFI-04" duration="00:00:00.0003712" startTime="2023-12-22T09:37:49.8825933+01:00" endTime="2023-12-22T09:37:49.8825933+01:00" testType="13cdc9d9-ddb5-4fa4-a97d-d965ccfc6d4b" outcome="Passed" testListId="8c84fa94-04c1-424b-9868-57a2d4851a1d" relativeResultsDirectory="aad16fcc-53bf-4358-a7f5-8b4a252192e9" />
    <UnitTestResult executionId="78dca2d3-d882-4edd-8e7a-598b5ab45925" testId="6d90f09d-ac26-1a78-00bb-8e50418f096e" testName="MoveToTop_ShouldNotChangeZOrder_WhenItemIdIsNotFound" computerName="DKSR-EFI-04" duration="00:00:00.0094024" startTime="2023-12-22T09:36:16.9289639+01:00" endTime="2023-12-22T09:36:16.9289639+01:00" testType="13cdc9d9-ddb5-4fa4-a97d-d965ccfc6d4b" outcome="Passed" testListId="8c84fa94-04c1-424b-9868-57a2d4851a1d" relativeResultsDirectory="78dca2d3-d882-4edd-8e7a-598b5ab45925" />
    <UnitTestResult executionId="9637cbb9-66ce-4c45-8102-4b3aefe65a29" testId="0a4e5b36-6578-df3d-cfd2-3d6ee660820a" testName="GetClusters_ExcludeFromClustering_OnlyClustersForExcludedItems (Data Row 17)" computerName="DKSR-EFI-04" duration="00:00:00.0082156" startTime="2023-12-22T09:37:56.0857518+01:00" endTime="2023-12-22T09:37:56.4451365+01:00" testType="13cdc9d9-ddb5-4fa4-a97d-d965ccfc6d4b" outcome="Passed" testListId="8c84fa94-04c1-424b-9868-57a2d4851a1d" relativeResultsDirectory="9637cbb9-66ce-4c45-8102-4b3aefe65a29" />
    <UnitTestResult executionId="f594a7be-2b4c-4216-b2e1-57cd96c6fd8d" testId="0a4e5b36-6578-df3d-cfd2-3d6ee660820a" testName="GetClusters_ExcludeFromClustering_OnlyClustersForExcludedItems (Data Row 13)" computerName="DKSR-EFI-04" duration="00:00:00.0081584" startTime="2023-12-22T09:37:56.0857518+01:00" endTime="2023-12-22T09:37:56.4451365+01:00" testType="13cdc9d9-ddb5-4fa4-a97d-d965ccfc6d4b" outcome="Passed" testListId="8c84fa94-04c1-424b-9868-57a2d4851a1d" relativeResultsDirectory="f594a7be-2b4c-4216-b2e1-57cd96c6fd8d" />
    <UnitTestResult executionId="0f076468-cb23-41c2-9118-8eabe384ac49" testId="4ead98c0-ed43-b791-ad04-b3743cb5d69b" testName="CreateDashboardViewModel_UsesIdentityTokenCache_WhenAuthenticationIsOAuth" computerName="DKSR-EFI-04" duration="00:00:01.5239218" startTime="2023-12-22T09:38:02.1326637+01:00" endTime="2023-12-22T09:38:03.6639193+01:00" testType="13cdc9d9-ddb5-4fa4-a97d-d965ccfc6d4b" outcome="Passed" testListId="8c84fa94-04c1-424b-9868-57a2d4851a1d" relativeResultsDirectory="0f076468-cb23-41c2-9118-8eabe384ac49" />
    <UnitTestResult executionId="cc95c0e7-1808-4003-b067-6bf9def4b415" testId="88adc3c3-8805-8765-8e54-e11a02ee63c8" testName="Constructor_ShouldRaiseArgumentNullException_WhenNextDeviceDataHandlerIsNull" computerName="DKSR-EFI-04" duration="00:00:00.0098116" startTime="2023-12-22T09:36:26.7258908+01:00" endTime="2023-12-22T09:36:26.7258908+01:00" testType="13cdc9d9-ddb5-4fa4-a97d-d965ccfc6d4b" outcome="Passed" testListId="8c84fa94-04c1-424b-9868-57a2d4851a1d" relativeResultsDirectory="cc95c0e7-1808-4003-b067-6bf9def4b415" />
    <UnitTestResult executionId="2e74ae72-96cb-4f4f-998f-159c7850be21" testId="b6cb2108-bdbd-409f-1317-853c26dc4a4e" testName="DeleteSearchTemplateAsync_ThrowCommunicationMIPException_Success" computerName="DKSR-EFI-04" duration="00:00:00.0016719" startTime="2023-12-22T09:37:34.1168817+01:00" endTime="2023-12-22T09:37:34.1168817+01:00" testType="13cdc9d9-ddb5-4fa4-a97d-d965ccfc6d4b" outcome="Passed" testListId="8c84fa94-04c1-424b-9868-57a2d4851a1d" relativeResultsDirectory="2e74ae72-96cb-4f4f-998f-159c7850be21" />
    <UnitTestResult executionId="9f73d870-260e-415f-b437-7da528269ede" testId="e087b5f0-3763-6f36-256a-40fa9b7a8fcb" testName="DeviceIcons_ShouldNotBeNull_WhenCalled" computerName="DKSR-EFI-04" duration="00:00:00.0017778" startTime="2023-12-22T09:37:53.0232418+01:00" endTime="2023-12-22T09:37:53.0388576+01:00" testType="13cdc9d9-ddb5-4fa4-a97d-d965ccfc6d4b" outcome="Passed" testListId="8c84fa94-04c1-424b-9868-57a2d4851a1d" relativeResultsDirectory="9f73d870-260e-415f-b437-7da528269ede" />
    <UnitTestResult executionId="724c76df-d05b-44a6-aec9-fdba84fff76c" testId="abe5f6e4-096b-0a4b-7a9e-2ac4821bca20" testName="AddToExportTuples_ShouldReturnCorrectResult (1,0,1)" computerName="DKSR-EFI-04" duration="00:00:00.0022622" startTime="2023-12-22T09:37:59.9607724+01:00" endTime="2023-12-22T09:37:59.9607724+01:00" testType="13cdc9d9-ddb5-4fa4-a97d-d965ccfc6d4b" outcome="Passed" testListId="8c84fa94-04c1-424b-9868-57a2d4851a1d" relativeResultsDirectory="724c76df-d05b-44a6-aec9-fdba84fff76c" />
    <UnitTestResult executionId="209e65dd-e1e8-4206-8edf-73b3392c8261" testId="526844e8-d693-bdcc-23f1-06de8a485eea" testName="PopulateTooltip_HoverOverEmpty_TooltipIsEmpty" computerName="DKSR-EFI-04" duration="00:00:00.0429889" startTime="2023-12-22T09:37:06.8042317+01:00" endTime="2023-12-22T09:37:06.8511095+01:00" testType="13cdc9d9-ddb5-4fa4-a97d-d965ccfc6d4b" outcome="Passed" testListId="8c84fa94-04c1-424b-9868-57a2d4851a1d" relativeResultsDirectory="209e65dd-e1e8-4206-8edf-73b3392c8261" />
    <UnitTestResult executionId="e6649580-be22-4a43-aa8c-b9e72c7b7de3" testId="83e5fe5b-931d-f217-a151-96bc1abdc89d" testName="Dispose_ActiveSearchResults_DefinitionsCancelled" computerName="DKSR-EFI-04" duration="00:00:00.0075409" startTime="2023-12-22T09:37:34.8043907+01:00" endTime="2023-12-22T09:37:34.8200126+01:00" testType="13cdc9d9-ddb5-4fa4-a97d-d965ccfc6d4b" outcome="Passed" testListId="8c84fa94-04c1-424b-9868-57a2d4851a1d" relativeResultsDirectory="e6649580-be22-4a43-aa8c-b9e72c7b7de3" />
    <UnitTestResult executionId="0bbd638d-eacf-415a-83b9-9fd9a06ff937" testId="5a96435f-7bfb-674d-9228-2eed29df56f2" testName="SetLayerFeatures_ShouldUpdateInputItemsMapLayer_WhenInputKindAndInputLayerFeatures" computerName="DKSR-EFI-04" duration="00:00:00.0017375" startTime="2023-12-22T09:37:55.9607492+01:00" endTime="2023-12-22T09:37:55.9607492+01:00" testType="13cdc9d9-ddb5-4fa4-a97d-d965ccfc6d4b" outcome="Passed" testListId="8c84fa94-04c1-424b-9868-57a2d4851a1d" relativeResultsDirectory="0bbd638d-eacf-415a-83b9-9fd9a06ff937" />
    <UnitTestResult executionId="b56e7e81-fa7e-46f1-b6b8-6b3e51b39dbc" testId="10a72da7-6e6a-e08f-6884-b1f500f16a56" testName="GisMapModel_DeleteBuildings_Success" computerName="DKSR-EFI-04" duration="00:00:00.0680762" startTime="2023-12-22T09:37:50.3669689+01:00" endTime="2023-12-22T09:37:50.4450971+01:00" testType="13cdc9d9-ddb5-4fa4-a97d-d965ccfc6d4b" outcome="Passed" testListId="8c84fa94-04c1-424b-9868-57a2d4851a1d" relativeResultsDirectory="b56e7e81-fa7e-46f1-b6b8-6b3e51b39dbc" />
    <UnitTestResult executionId="cebae07b-2919-4a0e-9669-59875ad868f5" testId="10a1b738-5399-5e92-e2ed-009c7ed9c454" testName="AddLevelWithLoadNewLevel_Success" computerName="DKSR-EFI-04" duration="00:00:00.0355409" startTime="2023-12-22T09:37:55.4607470+01:00" endTime="2023-12-22T09:37:55.4919960+01:00" testType="13cdc9d9-ddb5-4fa4-a97d-d965ccfc6d4b" outcome="Passed" testListId="8c84fa94-04c1-424b-9868-57a2d4851a1d" relativeResultsDirectory="cebae07b-2919-4a0e-9669-59875ad868f5" />
    <UnitTestResult executionId="78fa5ed8-26a2-40af-a604-0decd1f0bd7b" testId="1d30d716-63ba-8629-37de-621fcc2f5f57" testName="IsProcessing_AddResults_Success" computerName="DKSR-EFI-04" duration="00:00:00.0021492" startTime="2023-12-22T09:37:35.0856379+01:00" endTime="2023-12-22T09:37:35.0856379+01:00" testType="13cdc9d9-ddb5-4fa4-a97d-d965ccfc6d4b" outcome="Passed" testListId="8c84fa94-04c1-424b-9868-57a2d4851a1d" relativeResultsDirectory="78fa5ed8-26a2-40af-a604-0decd1f0bd7b" />
    <UnitTestResult executionId="00d32914-d903-4524-ac2c-052b99f7f600" testId="597f2f58-81bb-4d82-b5c8-d8c0619f1925" testName="CameraSearch_ShouldBeRenewed_WhenSystemInformationChanges" computerName="DKSR-EFI-04" duration="00:00:00.0325919" startTime="2023-12-22T09:37:28.5387231+01:00" endTime="2023-12-22T09:37:28.5856034+01:00" testType="13cdc9d9-ddb5-4fa4-a97d-d965ccfc6d4b" outcome="Passed" testListId="8c84fa94-04c1-424b-9868-57a2d4851a1d" relativeResultsDirectory="00d32914-d903-4524-ac2c-052b99f7f600" />
    <UnitTestResult executionId="a6fddd14-46d2-438a-9ccd-d3696799ad6c" testId="64acf650-ab74-e994-39a9-4ff5a401cc98" testName="Show_ShouldRaiseDeviceSelectorWindowClose_WhenIsClosed" computerName="DKSR-EFI-04" duration="00:00:00.0222866" startTime="2023-12-22T09:36:11.3508122+01:00" endTime="2023-12-22T09:36:11.3820612+01:00" testType="13cdc9d9-ddb5-4fa4-a97d-d965ccfc6d4b" outcome="Passed" testListId="8c84fa94-04c1-424b-9868-57a2d4851a1d" relativeResultsDirectory="a6fddd14-46d2-438a-9ccd-d3696799ad6c" />
    <UnitTestResult executionId="2b724c68-4187-4bb7-bd6c-34205d3dd2f5" testId="ff22d43a-17fa-db51-d7fd-2f5ea3ee7dbb" testName="RemoveWorkroom_ShouldNotChangeSelection_WhenWorkroomThatIsNotSelectedIsRemoved" computerName="DKSR-EFI-04" duration="00:00:00.0122277" startTime="2023-12-22T09:38:05.9295593+01:00" endTime="2023-12-22T09:38:05.9451817+01:00" testType="13cdc9d9-ddb5-4fa4-a97d-d965ccfc6d4b" outcome="Passed" testListId="8c84fa94-04c1-424b-9868-57a2d4851a1d" relativeResultsDirectory="2b724c68-4187-4bb7-bd6c-34205d3dd2f5" />
    <UnitTestResult executionId="39332ec2-3a39-4a36-b891-f007bec535a0" testId="9029e935-145d-d5fd-fae9-96c860349038" testName="GetClusters_AddedItems_ClustersForAddedItems (Data Row 7)" computerName="DKSR-EFI-04" duration="00:00:00.0090108" startTime="2023-12-22T09:37:57.5232605+01:00" endTime="2023-12-22T09:37:57.7107610+01:00" testType="13cdc9d9-ddb5-4fa4-a97d-d965ccfc6d4b" outcome="Passed" testListId="8c84fa94-04c1-424b-9868-57a2d4851a1d" relativeResultsDirectory="39332ec2-3a39-4a36-b891-f007bec535a0" />
    <UnitTestResult executionId="5a1c3bed-e72a-45e3-87de-e2f9f3d24e80" testId="85091bf5-79fb-de26-dea4-3270f148dbfd" testName="PatrollingStepListViewModel_PresetModified" computerName="DKSR-EFI-04" duration="00:00:00.0023537" startTime="2023-12-22T09:37:58.1013853+01:00" endTime="2023-12-22T09:37:58.1013853+01:00" testType="13cdc9d9-ddb5-4fa4-a97d-d965ccfc6d4b" outcome="Passed" testListId="8c84fa94-04c1-424b-9868-57a2d4851a1d" relativeResultsDirectory="5a1c3bed-e72a-45e3-87de-e2f9f3d24e80" />
    <UnitTestResult executionId="d1b56db9-7bc9-4262-b52a-27a580460c5a" testId="228d20c3-db2d-4eb9-0c15-bbc7ab7ead20" testName="BookmarkSearchTime_WithSearchStringInDifferentCases_ReturnCorrectBookmarkWithSearchStringInDescription (,False,False,False,False,,SeArChStRiNg,1)" computerName="DKSR-EFI-04" duration="00:00:00.0055871" startTime="2023-12-22T09:38:01.3982843+01:00" endTime="2023-12-22T09:38:01.4139091+01:00" testType="13cdc9d9-ddb5-4fa4-a97d-d965ccfc6d4b" outcome="Passed" testListId="8c84fa94-04c1-424b-9868-57a2d4851a1d" relativeResultsDirectory="d1b56db9-7bc9-4262-b52a-27a580460c5a" />
    <UnitTestResult executionId="f6f8bd3d-44b4-4de8-a7f8-c6ad58b07664" testId="84ba2f48-d35e-2565-b5d6-9096907c8416" testName="CreateDefinition_DisposeModelWhileWaitingForStartSearch_ModelDisposed" computerName="DKSR-EFI-04" duration="00:00:00.0070606" startTime="2023-12-22T09:37:34.6168900+01:00" endTime="2023-12-22T09:37:34.6168900+01:00" testType="13cdc9d9-ddb5-4fa4-a97d-d965ccfc6d4b" outcome="Passed" testListId="8c84fa94-04c1-424b-9868-57a2d4851a1d" relativeResultsDirectory="f6f8bd3d-44b4-4de8-a7f8-c6ad58b07664" />
    <UnitTestResult executionId="49b8f0ea-6ed0-4ba7-aaf1-3a8a1c00204f" testId="3215309a-c170-3a90-36e8-c896704e6333" testName="Decorate_ShouldAddChildren_WhenThereAreLayersImplementingITitleToggleableWithItems" computerName="DKSR-EFI-04" duration="00:00:00.0082378" startTime="2023-12-22T09:36:14.8195792+01:00" endTime="2023-12-22T09:36:14.8352049+01:00" testType="13cdc9d9-ddb5-4fa4-a97d-d965ccfc6d4b" outcome="Passed" testListId="8c84fa94-04c1-424b-9868-57a2d4851a1d" relativeResultsDirectory="49b8f0ea-6ed0-4ba7-aaf1-3a8a1c00204f" />
    <UnitTestResult executionId="e08276e5-2598-4820-90f5-693b346522b8" testId="451bffc0-3ae5-2acf-fc45-f7a1232d7fdf" testName="Constructor_ShouldRaiseArgumentNullException_WhenGisMapViewModelIsNull" computerName="DKSR-EFI-04" duration="00:00:00.0592590" startTime="2023-12-22T09:36:14.4133282+01:00" endTime="2023-12-22T09:36:14.4758281+01:00" testType="13cdc9d9-ddb5-4fa4-a97d-d965ccfc6d4b" outcome="Passed" testListId="8c84fa94-04c1-424b-9868-57a2d4851a1d" relativeResultsDirectory="e08276e5-2598-4820-90f5-693b346522b8" />
    <UnitTestResult executionId="ceb4b273-e57a-4f19-9797-950c6b821e8c" testId="e02372be-e433-9cbf-ee9f-b1ebff6c1698" testName="AddSelectedWindowsToExport_ShouldShowCorrectToastMessages (1,1,1)" computerName="DKSR-EFI-04" duration="00:00:00.0028487" startTime="2023-12-22T09:38:00.1951542+01:00" endTime="2023-12-22T09:38:00.2107825+01:00" testType="13cdc9d9-ddb5-4fa4-a97d-d965ccfc6d4b" outcome="Passed" testListId="8c84fa94-04c1-424b-9868-57a2d4851a1d" relativeResultsDirectory="ceb4b273-e57a-4f19-9797-950c6b821e8c" />
    <UnitTestResult executionId="089cd9f9-4d62-45a7-b0e3-684d89d977a1" testId="4ffbb65d-5283-caab-4ee9-d197524190bc" testName="PtzSessionControllerInfo_UserChangedTest_Argument_Null_2" computerName="DKSR-EFI-04" duration="00:00:00.0007706" startTime="2023-12-22T09:36:07.2257900+01:00" endTime="2023-12-22T09:36:07.2414144+01:00" testType="13cdc9d9-ddb5-4fa4-a97d-d965ccfc6d4b" outcome="Passed" testListId="8c84fa94-04c1-424b-9868-57a2d4851a1d" relativeResultsDirectory="089cd9f9-4d62-45a7-b0e3-684d89d977a1" />
    <UnitTestResult executionId="fbe1d925-e97c-46a9-8ca2-bb0a3fde32ad" testId="80cc67c7-792e-07c8-c20a-98cfccf11348" testName="UpdateAttributeValue_ValidAttributeAndCriteria_DisplayValueUpdated" computerName="DKSR-EFI-04" duration="00:00:00.0031128" startTime="2023-12-22T09:37:24.4293266+01:00" endTime="2023-12-22T09:37:24.4293266+01:00" testType="13cdc9d9-ddb5-4fa4-a97d-d965ccfc6d4b" outcome="Passed" testListId="8c84fa94-04c1-424b-9868-57a2d4851a1d" relativeResultsDirectory="fbe1d925-e97c-46a9-8ca2-bb0a3fde32ad" />
    <UnitTestResult executionId="3a32a29d-1306-421d-a49f-404f6d33ced4" testId="8b087bdb-e613-2682-1659-90f070e3535d" testName="AddGetConfigurationCameraTest" computerName="DKSR-EFI-04" duration="00:00:00.0439887" startTime="2023-12-22T09:36:07.7257919+01:00" endTime="2023-12-22T09:36:07.7570408+01:00" testType="13cdc9d9-ddb5-4fa4-a97d-d965ccfc6d4b" outcome="Passed" testListId="8c84fa94-04c1-424b-9868-57a2d4851a1d" relativeResultsDirectory="3a32a29d-1306-421d-a49f-404f6d33ced4" />
    <UnitTestResult executionId="91e1286e-5280-4813-b8a8-cc74685acd6d" testId="06412854-071a-034e-5a5f-ce51d467c3ae" testName="UpdateScope_NullItems_Throws" computerName="DKSR-EFI-04" duration="00:00:00.0006333" startTime="2023-12-22T09:37:35.1481394+01:00" endTime="2023-12-22T09:37:35.1481394+01:00" testType="13cdc9d9-ddb5-4fa4-a97d-d965ccfc6d4b" outcome="Passed" testListId="8c84fa94-04c1-424b-9868-57a2d4851a1d" relativeResultsDirectory="91e1286e-5280-4813-b8a8-cc74685acd6d" />
    <UnitTestResult executionId="ded87c09-3955-451d-b803-835560e49e99" testId="6a069b88-27e1-e70c-13f9-4c619372c66b" testName="SearchResultCombineType_ShouldStartSearchWithEmptyCollection_WhenValueChanges" computerName="DKSR-EFI-04" duration="00:00:00.0084420" startTime="2023-12-22T09:37:28.5074759+01:00" endTime="2023-12-22T09:37:28.5074759+01:00" testType="13cdc9d9-ddb5-4fa4-a97d-d965ccfc6d4b" outcome="Passed" testListId="8c84fa94-04c1-424b-9868-57a2d4851a1d" relativeResultsDirectory="ded87c09-3955-451d-b803-835560e49e99" />
    <UnitTestResult executionId="ae307c29-bbf5-48a5-82bc-445a8163e043" testId="3d676a9f-bbcb-bc89-c504-7e67ca06500e" testName="ActiveIncomingMicrophones_ShouldHave_NoMicrophonesWhenMicrophoneIsMuted" computerName="DKSR-EFI-04" duration="00:00:00.0079711" startTime="2023-12-22T09:37:51.5857255+01:00" endTime="2023-12-22T09:37:51.5857255+01:00" testType="13cdc9d9-ddb5-4fa4-a97d-d965ccfc6d4b" outcome="Passed" testListId="8c84fa94-04c1-424b-9868-57a2d4851a1d" relativeResultsDirectory="ae307c29-bbf5-48a5-82bc-445a8163e043" />
    <UnitTestResult executionId="b5dee349-3dd8-4187-ae64-86291b533114" testId="086df0e0-5aad-7a70-c738-24f763045ce7" testName="BuildState_SelectionWithSearchDefinitionIndices_Success" computerName="DKSR-EFI-04" duration="00:00:00.0607277" startTime="2023-12-22T09:36:30.6790386+01:00" endTime="2023-12-22T09:36:30.7415380+01:00" testType="13cdc9d9-ddb5-4fa4-a97d-d965ccfc6d4b" outcome="Passed" testListId="8c84fa94-04c1-424b-9868-57a2d4851a1d" relativeResultsDirectory="b5dee349-3dd8-4187-ae64-86291b533114" />
    <UnitTestResult executionId="e011a454-b692-48ff-899a-1b6fedaf88ed" testId="4b45c6e7-7f37-b930-8977-ed2b5f3bab07" testName="ToNormalizedDirection_OutOfRange_Minus2PI_Fail" computerName="DKSR-EFI-04" duration="00:00:00.0005041" startTime="2023-12-22T09:37:49.8825933+01:00" endTime="2023-12-22T09:37:49.8825933+01:00" testType="13cdc9d9-ddb5-4fa4-a97d-d965ccfc6d4b" outcome="Passed" testListId="8c84fa94-04c1-424b-9868-57a2d4851a1d" relativeResultsDirectory="e011a454-b692-48ff-899a-1b6fedaf88ed" />
    <UnitTestResult executionId="49ec535f-5cda-402d-a6ce-5d69295951c1" testId="1189299d-d6c8-7716-1cc1-5c418c696590" testName="SearchResultCombineType_ShouldNotStartSearch_WhenValueDoesNotChanges" computerName="DKSR-EFI-04" duration="00:00:00.0089591" startTime="2023-12-22T09:37:28.4918502+01:00" endTime="2023-12-22T09:37:28.5074759+01:00" testType="13cdc9d9-ddb5-4fa4-a97d-d965ccfc6d4b" outcome="Passed" testListId="8c84fa94-04c1-424b-9868-57a2d4851a1d" relativeResultsDirectory="49ec535f-5cda-402d-a6ce-5d69295951c1" />
    <UnitTestResult executionId="690ecc82-cc0d-4d92-ae4d-28363f9ae736" testId="00f0e371-214b-3362-fe49-cbc53292d7d9" testName="TryGetOsmServerTileAddress_ShouldReturnTrue_WhenOsmServerAddressIsValidUrl" computerName="DKSR-EFI-04" duration="00:00:00.0001515" startTime="2023-12-22T09:37:55.8982514+01:00" endTime="2023-12-22T09:37:55.8982514+01:00" testType="13cdc9d9-ddb5-4fa4-a97d-d965ccfc6d4b" outcome="Passed" testListId="8c84fa94-04c1-424b-9868-57a2d4851a1d" relativeResultsDirectory="690ecc82-cc0d-4d92-ae4d-28363f9ae736" />
    <UnitTestResult executionId="52b5ec95-6074-41a2-99ef-851a3d8cb7c6" testId="05aeaa8c-7d80-f9e7-54a6-810812bf76ac" testName="ConnectSlave_FailToConnectAndDoNotAllowgSecureConnection_ShouldThrowException" computerName="DKSR-EFI-04" duration="00:00:00.0034736" startTime="2023-12-22T09:36:00.2570000+01:00" endTime="2023-12-22T09:36:00.2570000+01:00" testType="13cdc9d9-ddb5-4fa4-a97d-d965ccfc6d4b" outcome="Passed" testListId="8c84fa94-04c1-424b-9868-57a2d4851a1d" relativeResultsDirectory="52b5ec95-6074-41a2-99ef-851a3d8cb7c6" />
    <UnitTestResult executionId="ab2a8f62-e600-44ea-968c-e698d989e5c3" testId="103905f4-9b3f-baa3-099f-93a0f91d8394" testName="SetFeatures_CameraMapItemsLayer_Success" computerName="DKSR-EFI-04" duration="00:00:00.0454812" startTime="2023-12-22T09:37:52.0388540+01:00" endTime="2023-12-22T09:37:52.0857288+01:00" testType="13cdc9d9-ddb5-4fa4-a97d-d965ccfc6d4b" outcome="Passed" testListId="8c84fa94-04c1-424b-9868-57a2d4851a1d" relativeResultsDirectory="ab2a8f62-e600-44ea-968c-e698d989e5c3" />
    <UnitTestResult executionId="a033f537-bbe8-498f-9e30-dceeeb23893f" testId="f27b2734-7e6c-c464-7643-e40625bfd46a" testName="TestImplicitOperator_Position2D_Success" computerName="DKSR-EFI-04" duration="00:00:00.0002863" startTime="2023-12-22T09:37:51.5075969+01:00" endTime="2023-12-22T09:37:51.5075969+01:00" testType="13cdc9d9-ddb5-4fa4-a97d-d965ccfc6d4b" outcome="Passed" testListId="8c84fa94-04c1-424b-9868-57a2d4851a1d" relativeResultsDirectory="a033f537-bbe8-498f-9e30-dceeeb23893f" />
    <UnitTestResult executionId="bda736bf-032c-4df6-bab7-240721cbd166" testId="11e32396-3f3f-284e-b683-2e3e119136e4" testName="PopulateTooltip_ManyResultsFromManyCameras12Hours_ValidText" computerName="DKSR-EFI-04" duration="00:00:00.8117975" startTime="2023-12-22T09:37:18.8355469+01:00" endTime="2023-12-22T09:37:19.6480541+01:00" testType="13cdc9d9-ddb5-4fa4-a97d-d965ccfc6d4b" outcome="Passed" testListId="8c84fa94-04c1-424b-9868-57a2d4851a1d" relativeResultsDirectory="bda736bf-032c-4df6-bab7-240721cbd166" />
    <UnitTestResult executionId="a8e1e696-6f88-4fd0-bfcf-6c5ee50d8bb7" testId="669fc029-8875-e129-8d0c-bd7a31bdd15f" testName="DeviceIcons_ShouldBeCached_WhenCalled" computerName="DKSR-EFI-04" duration="00:00:00.0001710" startTime="2023-12-22T09:37:53.0388576+01:00" endTime="2023-12-22T09:37:53.0388576+01:00" testType="13cdc9d9-ddb5-4fa4-a97d-d965ccfc6d4b" outcome="Passed" testListId="8c84fa94-04c1-424b-9868-57a2d4851a1d" relativeResultsDirectory="a8e1e696-6f88-4fd0-bfcf-6c5ee50d8bb7" />
    <UnitTestResult executionId="1a3bf059-e30c-40c5-b011-83f0035f35b6" testId="f7818ee3-e956-b295-d253-9fdf096ceee7" testName="GetServerTypes_ShouldReturnEventServerType" computerName="DKSR-EFI-04" duration="00:00:00.0017646" startTime="2023-12-22T09:38:01.9764237+01:00" endTime="2023-12-22T09:38:01.9764237+01:00" testType="13cdc9d9-ddb5-4fa4-a97d-d965ccfc6d4b" outcome="Passed" testListId="8c84fa94-04c1-424b-9868-57a2d4851a1d" relativeResultsDirectory="1a3bf059-e30c-40c5-b011-83f0035f35b6" />
    <UnitTestResult executionId="5c5340bd-3160-45e8-bc23-685df8674897" testId="dc138ee9-21ff-a5b7-13f9-f62a771c926b" testName="IconValueConverter_ConvertInvalidIconSource_Null" computerName="DKSR-EFI-04" duration="00:00:00.0008685" startTime="2023-12-22T09:37:04.1167176+01:00" endTime="2023-12-22T09:37:04.1167176+01:00" testType="13cdc9d9-ddb5-4fa4-a97d-d965ccfc6d4b" outcome="Passed" testListId="8c84fa94-04c1-424b-9868-57a2d4851a1d" relativeResultsDirectory="5c5340bd-3160-45e8-bc23-685df8674897" />
    <UnitTestResult executionId="bf0215e0-f867-464e-b946-bc8c690d9af7" testId="5b878309-5fba-ade9-5fb0-a0b0fe46423a" testName="CloseCommand_ShouldSetInteractionStateToNormal_WhenInvoked" computerName="DKSR-EFI-04" duration="00:00:00.0150517" startTime="2023-12-22T09:36:12.8508199+01:00" endTime="2023-12-22T09:36:12.8664448+01:00" testType="13cdc9d9-ddb5-4fa4-a97d-d965ccfc6d4b" outcome="Passed" testListId="8c84fa94-04c1-424b-9868-57a2d4851a1d" relativeResultsDirectory="bf0215e0-f867-464e-b946-bc8c690d9af7" />
    <UnitTestResult executionId="0ab40f67-6871-4354-ae05-e008a0095213" testId="3419854c-a58b-26c0-1755-df23f4de0fe4" testName="Ctor_WpfMessageBoxButtonIsSetToOk_OnlyOkButtonVisible" computerName="DKSR-EFI-04" duration="00:00:00.0010012" startTime="2023-12-22T09:37:59.4920186+01:00" endTime="2023-12-22T09:37:59.4920186+01:00" testType="13cdc9d9-ddb5-4fa4-a97d-d965ccfc6d4b" outcome="Passed" testListId="8c84fa94-04c1-424b-9868-57a2d4851a1d" relativeResultsDirectory="0ab40f67-6871-4354-ae05-e008a0095213" />
    <UnitTestResult executionId="60c8dbc4-1403-4c02-8d26-d187ad38b691" testId="0ae53827-c728-1e97-29dd-bbdf893d6166" testName="PatrollingStepViewModel_SelectPreset" computerName="DKSR-EFI-04" duration="00:00:00.0026595" startTime="2023-12-22T09:37:58.1326347+01:00" endTime="2023-12-22T09:37:58.1326347+01:00" testType="13cdc9d9-ddb5-4fa4-a97d-d965ccfc6d4b" outcome="Passed" testListId="8c84fa94-04c1-424b-9868-57a2d4851a1d" relativeResultsDirectory="60c8dbc4-1403-4c02-8d26-d187ad38b691" />
    <UnitTestResult executionId="41217730-c5db-4637-a108-3954e8cc1f89" testId="5be7c8bc-c613-0652-ed73-c4eee352182b" testName="Deserialize_MissingPluginIdElement_Error" computerName="DKSR-EFI-04" duration="00:00:00.0007810" startTime="2023-12-22T09:37:35.4137736+01:00" endTime="2023-12-22T09:37:35.4137736+01:00" testType="13cdc9d9-ddb5-4fa4-a97d-d965ccfc6d4b" outcome="Passed" testListId="8c84fa94-04c1-424b-9868-57a2d4851a1d" relativeResultsDirectory="41217730-c5db-4637-a108-3954e8cc1f89" />
    <UnitTestResult executionId="78a6af07-6d92-41d6-b752-bc53e88f5fa8" testId="94ba17e6-30fb-3cd3-1d80-21c645e8deb9" testName="GetWorkspaceToolbarItems_ShouldReturnLiveToolbarItemDisabledPlaybackToolbarItemEnabled_WhenWorkspaceIsPlayback" computerName="DKSR-EFI-04" duration="00:00:00.0024083" startTime="2023-12-22T09:37:58.7420177+01:00" endTime="2023-12-22T09:37:58.7420177+01:00" testType="13cdc9d9-ddb5-4fa4-a97d-d965ccfc6d4b" outcome="Passed" testListId="8c84fa94-04c1-424b-9868-57a2d4851a1d" relativeResultsDirectory="78a6af07-6d92-41d6-b752-bc53e88f5fa8" />
    <UnitTestResult executionId="f65fcaa5-dced-4e18-87c8-706cb849e895" testId="63fb96d5-d28e-59d8-da39-0b1d1307a3be" testName="ShouldReturnTrueWhenBuildingsChanged" computerName="DKSR-EFI-04" duration="00:00:00.0377780" startTime="2023-12-22T09:36:24.0540019+01:00" endTime="2023-12-22T09:36:24.0852538+01:00" testType="13cdc9d9-ddb5-4fa4-a97d-d965ccfc6d4b" outcome="Passed" testListId="8c84fa94-04c1-424b-9868-57a2d4851a1d" relativeResultsDirectory="f65fcaa5-dced-4e18-87c8-706cb849e895" />
    <UnitTestResult executionId="8d511832-322f-4f4d-afa1-dc69acfc8369" testId="5f08cd58-65ec-6481-8a3e-55fd6d8233b0" testName="Ctor_CentralizedSearchState_ViewModelUpdatedAccordingly" computerName="DKSR-EFI-04" duration="00:00:00.0118380" startTime="2023-12-22T09:37:27.7730967+01:00" endTime="2023-12-22T09:37:27.7887250+01:00" testType="13cdc9d9-ddb5-4fa4-a97d-d965ccfc6d4b" outcome="Passed" testListId="8c84fa94-04c1-424b-9868-57a2d4851a1d" relativeResultsDirectory="8d511832-322f-4f4d-afa1-dc69acfc8369" />
    <UnitTestResult executionId="0df729ce-3221-47ba-b1b0-7afdd8a61566" testId="6b9d0101-5179-e1bc-9826-482bb244b50e" testName="CameraItemsLayer_NotIsGeographic_Save_Success" computerName="DKSR-EFI-04" duration="00:00:00.0119240" startTime="2023-12-22T09:37:50.0232196+01:00" endTime="2023-12-22T09:37:50.0388426+01:00" testType="13cdc9d9-ddb5-4fa4-a97d-d965ccfc6d4b" outcome="Passed" testListId="8c84fa94-04c1-424b-9868-57a2d4851a1d" relativeResultsDirectory="0df729ce-3221-47ba-b1b0-7afdd8a61566" />
    <UnitTestResult executionId="2df538f7-58ad-448b-bb07-46d168359687" testId="0aadc201-49e1-bf75-6608-564242125dc2" testName="GetOsmServerAddress_ShouldReturnEmptyString_WhenGeographicLayerIsNullAndAlternativeServerIsEmpty" computerName="DKSR-EFI-04" duration="00:00:00.0006847" startTime="2023-12-22T09:37:55.8826248+01:00" endTime="2023-12-22T09:37:55.8826248+01:00" testType="13cdc9d9-ddb5-4fa4-a97d-d965ccfc6d4b" outcome="Passed" testListId="8c84fa94-04c1-424b-9868-57a2d4851a1d" relativeResultsDirectory="2df538f7-58ad-448b-bb07-46d168359687" />
    <UnitTestResult executionId="bae03fd8-480d-431d-9c64-6bcfbc537a2f" testId="fd2f0a2f-32fb-8519-02c2-e506fea764d9" testName="AddToExportTuples_ShouldAddToExportData (0)" computerName="DKSR-EFI-04" duration="00:00:00.0067286" startTime="2023-12-22T09:37:59.7888981+01:00" endTime="2023-12-22T09:37:59.8045305+01:00" testType="13cdc9d9-ddb5-4fa4-a97d-d965ccfc6d4b" outcome="Passed" testListId="8c84fa94-04c1-424b-9868-57a2d4851a1d" relativeResultsDirectory="bae03fd8-480d-431d-9c64-6bcfbc537a2f" />
    <UnitTestResult executionId="d31a0891-9983-49d6-85c6-06e5fa1380f2" testId="ce6e2ff3-4955-41da-37f3-e3853ebb6060" testName="When password 1 is invalid, password 2 is valid, even when different" computerName="DKSR-EFI-04" duration="00:00:00.0002611" startTime="2023-12-22T09:36:30.2102846+01:00" endTime="2023-12-22T09:36:30.2102846+01:00" testType="13cdc9d9-ddb5-4fa4-a97d-d965ccfc6d4b" outcome="Passed" testListId="8c84fa94-04c1-424b-9868-57a2d4851a1d" relativeResultsDirectory="d31a0891-9983-49d6-85c6-06e5fa1380f2" />
    <UnitTestResult executionId="de97ccca-ed2d-4102-9fd3-4714bcb41613" testId="d8b08358-1787-7f72-e88b-c6b80ebec05d" testName="AddToExportTuples_ShouldReturnCorrectResult (1,1,1)" computerName="DKSR-EFI-04" duration="00:00:00.0033354" startTime="2023-12-22T09:37:59.9764000+01:00" endTime="2023-12-22T09:37:59.9764000+01:00" testType="13cdc9d9-ddb5-4fa4-a97d-d965ccfc6d4b" outcome="Passed" testListId="8c84fa94-04c1-424b-9868-57a2d4851a1d" relativeResultsDirectory="de97ccca-ed2d-4102-9fd3-4714bcb41613" />
    <UnitTestResult executionId="f3722ed4-d9af-4684-bb91-3f41d1e6c077" testId="f4ab981e-0c0f-f2f3-f99e-665599b904ff" testName="SelectedDuration_ShouldRevertToPreviousSelection_WhenCustomIntervalSelectionPopupIsClosedWithoutBeingSetOrCancelled" computerName="DKSR-EFI-04" duration="00:00:00.0073668" startTime="2023-12-22T09:37:27.7418440+01:00" endTime="2023-12-22T09:37:27.7418440+01:00" testType="13cdc9d9-ddb5-4fa4-a97d-d965ccfc6d4b" outcome="Passed" testListId="8c84fa94-04c1-424b-9868-57a2d4851a1d" relativeResultsDirectory="f3722ed4-d9af-4684-bb91-3f41d1e6c077" />
    <UnitTestResult executionId="e874d4bf-d78a-4677-a0f2-2607a352714b" testId="94665017-ba44-93eb-512e-f9565e558eb5" testName="TestGetBuildingClient_WithoutBuildingSupport_Success" computerName="DKSR-EFI-04" duration="00:00:00.0015400" startTime="2023-12-22T09:37:55.9920045+01:00" endTime="2023-12-22T09:37:55.9920045+01:00" testType="13cdc9d9-ddb5-4fa4-a97d-d965ccfc6d4b" outcome="Passed" testListId="8c84fa94-04c1-424b-9868-57a2d4851a1d" relativeResultsDirectory="e874d4bf-d78a-4677-a0f2-2607a352714b" />
    <UnitTestResult executionId="d1b4967b-af3b-46e7-bfff-27c17d8b7ba9" testId="0d8d7f88-cdb1-c8e3-59a9-3cff81206fb2" testName="UpdateMarkers_OnResize_Success" computerName="DKSR-EFI-04" duration="00:00:00.0450106" startTime="2023-12-22T09:37:06.6479817+01:00" endTime="2023-12-22T09:37:06.6948576+01:00" testType="13cdc9d9-ddb5-4fa4-a97d-d965ccfc6d4b" outcome="Passed" testListId="8c84fa94-04c1-424b-9868-57a2d4851a1d" relativeResultsDirectory="d1b4967b-af3b-46e7-bfff-27c17d8b7ba9" />
    <UnitTestResult executionId="1e3b2290-bae9-4b39-9cc3-964ca023233a" testId="795c0b9d-f299-8ffa-d2ce-4bce515e128c" testName="ConvertBack_ShouldReturnIsNormalState_WhenValueFalse" computerName="DKSR-EFI-04" duration="00:00:00.0004029" startTime="2023-12-22T09:36:11.7258123+01:00" endTime="2023-12-22T09:36:11.7258123+01:00" testType="13cdc9d9-ddb5-4fa4-a97d-d965ccfc6d4b" outcome="Passed" testListId="8c84fa94-04c1-424b-9868-57a2d4851a1d" relativeResultsDirectory="1e3b2290-bae9-4b39-9cc3-964ca023233a" />
    <UnitTestResult executionId="7b664e33-37e0-40a2-9bcc-f6d7d2438117" testId="07465ce7-6373-2a9f-806a-3101b38a9200" testName="ComparerSet_NewValue_EventFired" computerName="DKSR-EFI-04" duration="00:00:00.0144461" startTime="2023-12-22T09:37:35.0387599+01:00" endTime="2023-12-22T09:37:35.0543901+01:00" testType="13cdc9d9-ddb5-4fa4-a97d-d965ccfc6d4b" outcome="Passed" testListId="8c84fa94-04c1-424b-9868-57a2d4851a1d" relativeResultsDirectory="7b664e33-37e0-40a2-9bcc-f6d7d2438117" />
    <UnitTestResult executionId="0be3f52e-0fff-44c4-9f79-bd5769754c69" testId="d5b83293-8848-4b1e-df37-68e69f1f794e" testName="SearchResultsActionBarActions_EditBookmark_MultipleResult_EditBookmarkInvoked" computerName="DKSR-EFI-04" duration="00:00:00.0182172" startTime="2023-12-22T09:37:25.6324614+01:00" endTime="2023-12-22T09:37:25.6480841+01:00" testType="13cdc9d9-ddb5-4fa4-a97d-d965ccfc6d4b" outcome="Passed" testListId="8c84fa94-04c1-424b-9868-57a2d4851a1d" relativeResultsDirectory="0be3f52e-0fff-44c4-9f79-bd5769754c69" />
    <UnitTestResult executionId="76662339-5de6-4770-bad6-afc3db09171c" testId="88071ce5-6a3f-f4ed-8ba6-7bfde6e1c46a" testName="TestConstructor_EmptyOuterRing_GetBounds_Success" computerName="DKSR-EFI-04" duration="00:00:00.0028336" startTime="2023-12-22T09:37:51.5232251+01:00" endTime="2023-12-22T09:37:51.5232251+01:00" testType="13cdc9d9-ddb5-4fa4-a97d-d965ccfc6d4b" outcome="Passed" testListId="8c84fa94-04c1-424b-9868-57a2d4851a1d" relativeResultsDirectory="76662339-5de6-4770-bad6-afc3db09171c" />
    <UnitTestResult executionId="7e83382b-a6a3-4277-babc-a0d101396b0a" testId="22a59367-a811-ccdf-0b6a-1dbe692127f9" testName="Path enabled, forced" computerName="DKSR-EFI-04" duration="00:00:00.0068943" startTime="2023-12-22T09:36:28.6009026+01:00" endTime="2023-12-22T09:36:28.6009026+01:00" testType="13cdc9d9-ddb5-4fa4-a97d-d965ccfc6d4b" outcome="Passed" testListId="8c84fa94-04c1-424b-9868-57a2d4851a1d" relativeResultsDirectory="7e83382b-a6a3-4277-babc-a0d101396b0a" />
    <UnitTestResult executionId="708cddad-86cc-4bd5-a76c-a3bce71b1093" testId="814ca95b-3749-a755-e5cd-7c6f8bffd2b6" testName="DeserializeBrokenState_Fail" computerName="DKSR-EFI-04" duration="00:00:00.0084474" startTime="2023-12-22T09:38:08.0233202+01:00" endTime="2023-12-22T09:38:08.0233202+01:00" testType="13cdc9d9-ddb5-4fa4-a97d-d965ccfc6d4b" outcome="Passed" testListId="8c84fa94-04c1-424b-9868-57a2d4851a1d" relativeResultsDirectory="708cddad-86cc-4bd5-a76c-a3bce71b1093" />
    <UnitTestResult executionId="5ff0e71e-ef8e-4667-8daa-fac3e21fff77" testId="d90a523b-e1ac-2a8a-dd1a-2b2e05a4e8cb" testName="UpdateItemSize_ItemSizeChangedAndEventFired" computerName="DKSR-EFI-04" duration="00:00:01.2834653" startTime="2023-12-22T09:36:52.6635306+01:00" endTime="2023-12-22T09:36:53.9447899+01:00" testType="13cdc9d9-ddb5-4fa4-a97d-d965ccfc6d4b" outcome="Passed" testListId="8c84fa94-04c1-424b-9868-57a2d4851a1d" relativeResultsDirectory="5ff0e71e-ef8e-4667-8daa-fac3e21fff77" />
    <UnitTestResult executionId="ba0b7fc2-5056-48e5-989a-954dc1a490a8" testId="9436abbf-5e35-6c76-dd3c-5e8e30ea43e2" testName="LeftButtonDown_DoubleClickNoZoomHandler_DoesNotCrash" computerName="DKSR-EFI-04" duration="00:00:00.0119437" startTime="2023-12-22T09:36:16.3664617+01:00" endTime="2023-12-22T09:36:16.3664617+01:00" testType="13cdc9d9-ddb5-4fa4-a97d-d965ccfc6d4b" outcome="Passed" testListId="8c84fa94-04c1-424b-9868-57a2d4851a1d" relativeResultsDirectory="ba0b7fc2-5056-48e5-989a-954dc1a490a8" />
    <UnitTestResult executionId="645463ef-4b73-4f0a-9365-8aee13c46252" testId="046e87a4-129e-e9d1-b689-ff12d71bb7aa" testName="UpdateAction_SingleRejected_AddSuffixToToolTip" computerName="DKSR-EFI-04" duration="00:00:00.0022101" startTime="2023-12-22T09:37:26.1012145+01:00" endTime="2023-12-22T09:37:26.1168359+01:00" testType="13cdc9d9-ddb5-4fa4-a97d-d965ccfc6d4b" outcome="Passed" testListId="8c84fa94-04c1-424b-9868-57a2d4851a1d" relativeResultsDirectory="645463ef-4b73-4f0a-9365-8aee13c46252" />
    <UnitTestResult executionId="8d189898-b2a2-4efa-ac30-1fbe3f7f74b4" testId="40de1517-d6a6-7e31-1713-862fa25a82b9" testName="GetSnapshots_UnauthorizedAccess_Failure" computerName="DKSR-EFI-04" duration="00:00:00.0035145" startTime="2023-12-22T09:37:33.4762577+01:00" endTime="2023-12-22T09:37:33.4762577+01:00" testType="13cdc9d9-ddb5-4fa4-a97d-d965ccfc6d4b" outcome="Passed" testListId="8c84fa94-04c1-424b-9868-57a2d4851a1d" relativeResultsDirectory="8d189898-b2a2-4efa-ac30-1fbe3f7f74b4" />
    <UnitTestResult executionId="a243a188-2ede-420e-bffc-e96286581b47" testId="0ff0e9cd-64a6-a486-b25c-40dba615fd2d" testName="Close_ShouldCallDetach_WhenCalled" computerName="DKSR-EFI-04" duration="00:00:00.0195552" startTime="2023-12-22T09:36:11.3820612+01:00" endTime="2023-12-22T09:36:11.3976881+01:00" testType="13cdc9d9-ddb5-4fa4-a97d-d965ccfc6d4b" outcome="Passed" testListId="8c84fa94-04c1-424b-9868-57a2d4851a1d" relativeResultsDirectory="a243a188-2ede-420e-bffc-e96286581b47" />
    <UnitTestResult executionId="618abf4d-af29-472d-9545-eafba4cf8362" testId="f84b750e-f7b1-dfa1-6239-ac206a9e1008" testName="GetDomain_ShouldReturnEmptyDomainPartOfNetworkCredentials_WhenNetworkCredentialsContainsNoDomain" computerName="DKSR-EFI-04" duration="00:00:00.0002813" startTime="2023-12-22T09:36:07.6789158+01:00" endTime="2023-12-22T09:36:07.6789158+01:00" testType="13cdc9d9-ddb5-4fa4-a97d-d965ccfc6d4b" outcome="Passed" testListId="8c84fa94-04c1-424b-9868-57a2d4851a1d" relativeResultsDirectory="618abf4d-af29-472d-9545-eafba4cf8362" />
    <UnitTestResult executionId="c0ea9322-b2f3-49be-a319-bcddb048246e" testId="ed8d77e0-76a5-81b3-8198-30c2ee7d220a" testName="TestChangeProperties_Name_Success" computerName="DKSR-EFI-04" duration="00:00:00.0065898" startTime="2023-12-22T09:37:49.2732182+01:00" endTime="2023-12-22T09:37:49.2732182+01:00" testType="13cdc9d9-ddb5-4fa4-a97d-d965ccfc6d4b" outcome="Passed" testListId="8c84fa94-04c1-424b-9868-57a2d4851a1d" relativeResultsDirectory="c0ea9322-b2f3-49be-a319-bcddb048246e" />
    <UnitTestResult executionId="aa0018ee-5fe1-467c-90d9-5864cb47c1a6" testId="5f362ea2-3502-a9a4-859c-9b7a53373938" testName="SearchResultsActionBarActions_ActionResultCreateReport_CreatePdfDocument_ErrorCreating" computerName="DKSR-EFI-04" duration="00:00:00.0218742" startTime="2023-12-22T09:37:24.6949537+01:00" endTime="2023-12-22T09:37:24.7105828+01:00" testType="13cdc9d9-ddb5-4fa4-a97d-d965ccfc6d4b" outcome="Passed" testListId="8c84fa94-04c1-424b-9868-57a2d4851a1d" relativeResultsDirectory="aa0018ee-5fe1-467c-90d9-5864cb47c1a6" />
    <UnitTestResult executionId="513fdff7-4339-4155-bcee-ad7432815d43" testId="9fe32e3c-1f4e-e7ac-2652-a48159917634" testName="UpdateScope_ItemsChangedButSameCollectionSize_ReturnsTrue" computerName="DKSR-EFI-04" duration="00:00:00.0008487" startTime="2023-12-22T09:37:35.1637634+01:00" endTime="2023-12-22T09:37:35.1637634+01:00" testType="13cdc9d9-ddb5-4fa4-a97d-d965ccfc6d4b" outcome="Passed" testListId="8c84fa94-04c1-424b-9868-57a2d4851a1d" relativeResultsDirectory="513fdff7-4339-4155-bcee-ad7432815d43" />
    <UnitTestResult executionId="5a44753c-39dc-44f0-916a-0e00fc1ff57d" testId="63448ae4-3822-6161-d46b-a6dd1dfe44fd" testName="SupportsDoubleClick_ShouldBeFalse_WhenInteractionStateIsNotNormalAndNotInSetupMode" computerName="DKSR-EFI-04" duration="00:00:00.0280618" startTime="2023-12-22T09:36:19.7883552+01:00" endTime="2023-12-22T09:36:19.8196049+01:00" testType="13cdc9d9-ddb5-4fa4-a97d-d965ccfc6d4b" outcome="Passed" testListId="8c84fa94-04c1-424b-9868-57a2d4851a1d" relativeResultsDirectory="5a44753c-39dc-44f0-916a-0e00fc1ff57d" />
    <UnitTestResult executionId="517b75b7-5dee-42e3-9775-a3a49ceaa98a" testId="f82ee61b-ae97-d19b-9f9c-9b68d981c021" testName="TestConstructor_MultipleGenerations_Success" computerName="DKSR-EFI-04" duration="00:00:00.0002637" startTime="2023-12-22T09:37:56.0701386+01:00" endTime="2023-12-22T09:37:56.0701386+01:00" testType="13cdc9d9-ddb5-4fa4-a97d-d965ccfc6d4b" outcome="Passed" testListId="8c84fa94-04c1-424b-9868-57a2d4851a1d" relativeResultsDirectory="517b75b7-5dee-42e3-9775-a3a49ceaa98a" />
    <UnitTestResult executionId="41bd4deb-57ab-4839-81f1-092035270129" testId="95de192a-ea76-d295-f88b-c527532da98d" testName="BuildContentOptions_ShouldReturnInternalTab (00000000-0000-0000-0000-000000000000,False)" computerName="DKSR-EFI-04" duration="00:00:00.0011585" startTime="2023-12-22T09:38:06.1014348+01:00" endTime="2023-12-22T09:38:06.1014348+01:00" testType="13cdc9d9-ddb5-4fa4-a97d-d965ccfc6d4b" outcome="Passed" testListId="8c84fa94-04c1-424b-9868-57a2d4851a1d" relativeResultsDirectory="41bd4deb-57ab-4839-81f1-092035270129" />
    <UnitTestResult executionId="08a79390-d848-4bbd-898e-25deaf48e2bb" testId="10dd7bf8-f28a-4f0c-1dc0-23b4c2def703" testName="SupportsRightClick_ShouldBeTrue_WhenInteractionStateIsNormal" computerName="DKSR-EFI-04" duration="00:00:00.0412895" startTime="2023-12-22T09:36:20.6008575+01:00" endTime="2023-12-22T09:36:20.6321094+01:00" testType="13cdc9d9-ddb5-4fa4-a97d-d965ccfc6d4b" outcome="Passed" testListId="8c84fa94-04c1-424b-9868-57a2d4851a1d" relativeResultsDirectory="08a79390-d848-4bbd-898e-25deaf48e2bb" />
    <UnitTestResult executionId="7ba50a5a-e7fe-4548-9bce-df8c9d1073c7" testId="63f149e4-246e-312e-204b-29ba70cef87d" testName="SmartMapSelectItemHandler_WhenItemCanNotBeFound_ShouldWriteToLog" computerName="DKSR-EFI-04" duration="00:00:00.0087632" startTime="2023-12-22T09:36:23.6477520+01:00" endTime="2023-12-22T09:36:23.6477520+01:00" testType="13cdc9d9-ddb5-4fa4-a97d-d965ccfc6d4b" outcome="Passed" testListId="8c84fa94-04c1-424b-9868-57a2d4851a1d" relativeResultsDirectory="7ba50a5a-e7fe-4548-9bce-df8c9d1073c7" />
    <UnitTestResult executionId="9459ec92-5f4a-4e07-89c0-9f9bcb82b246" testId="ea1b5845-13e0-a3f9-5ed1-720958ca2d0a" testName="SetItemOutlines_ItemNull_Exception" computerName="DKSR-EFI-04" duration="00:00:00.0160529" startTime="2023-12-22T09:36:24.3040043+01:00" endTime="2023-12-22T09:36:24.3196286+01:00" testType="13cdc9d9-ddb5-4fa4-a97d-d965ccfc6d4b" outcome="Passed" testListId="8c84fa94-04c1-424b-9868-57a2d4851a1d" relativeResultsDirectory="9459ec92-5f4a-4e07-89c0-9f9bcb82b246" />
    <UnitTestResult executionId="9b99480f-be8d-49ef-80e5-0da62872857f" testId="6e8c0e78-ac96-07f6-2327-5c670bb6a7bf" testName="CreateExportDialog_CannotCreateExport_WithMissingExportName" computerName="DKSR-EFI-04" duration="00:00:00.0147083" startTime="2023-12-22T09:36:28.3821524+01:00" endTime="2023-12-22T09:36:28.3977790+01:00" testType="13cdc9d9-ddb5-4fa4-a97d-d965ccfc6d4b" outcome="Passed" testListId="8c84fa94-04c1-424b-9868-57a2d4851a1d" relativeResultsDirectory="9b99480f-be8d-49ef-80e5-0da62872857f" />
    <UnitTestResult executionId="45db20a6-4ed3-415c-961a-8e105e675610" testId="7540b45d-6ef8-10a5-03bf-82e202908376" testName="BoundingBoxPlaybackNoPlaybackHandler" computerName="DKSR-EFI-04" duration="00:00:00.0022897" startTime="2023-12-22T09:38:01.7732837+01:00" endTime="2023-12-22T09:38:01.7732837+01:00" testType="13cdc9d9-ddb5-4fa4-a97d-d965ccfc6d4b" outcome="Passed" testListId="8c84fa94-04c1-424b-9868-57a2d4851a1d" relativeResultsDirectory="45db20a6-4ed3-415c-961a-8e105e675610" />
    <UnitTestResult executionId="391b1d34-155b-4e20-98af-a12d01534c90" testId="4a1a72a9-3748-b54f-9812-2fd52873801b" testName="HandleGetDeviceData_ShouldReturnNotFoundDeviceData_WhenInputKindAndNonExistingInputId" computerName="DKSR-EFI-04" duration="00:00:00.0840514" startTime="2023-12-22T09:36:26.1008913+01:00" endTime="2023-12-22T09:36:26.1946402+01:00" testType="13cdc9d9-ddb5-4fa4-a97d-d965ccfc6d4b" outcome="Passed" testListId="8c84fa94-04c1-424b-9868-57a2d4851a1d" relativeResultsDirectory="391b1d34-155b-4e20-98af-a12d01534c90" />
    <UnitTestResult executionId="612d4a89-fd3c-4511-9086-8b312c38438d" testId="f952c068-f034-3ff2-3bf8-7e5b673c1e64" testName="Compare_ShouldPrioritizeCombinedResults_WhenSingleAndCombinedResultsArePresent" computerName="DKSR-EFI-04" duration="00:00:00.0024941" startTime="2023-12-22T09:37:35.3200176+01:00" endTime="2023-12-22T09:37:35.3200176+01:00" testType="13cdc9d9-ddb5-4fa4-a97d-d965ccfc6d4b" outcome="Passed" testListId="8c84fa94-04c1-424b-9868-57a2d4851a1d" relativeResultsDirectory="612d4a89-fd3c-4511-9086-8b312c38438d" />
    <UnitTestResult executionId="28435976-e0d3-4c77-80d5-d6117b39ae8a" testId="f7e9fd32-cda0-b4a7-03c5-d4f85abad026" testName="UpdateSearchTemplateAsync_ThrowCommunicationMIPException_Success" computerName="DKSR-EFI-04" duration="00:00:00.0015775" startTime="2023-12-22T09:37:34.0700066+01:00" endTime="2023-12-22T09:37:34.0700066+01:00" testType="13cdc9d9-ddb5-4fa4-a97d-d965ccfc6d4b" outcome="Passed" testListId="8c84fa94-04c1-424b-9868-57a2d4851a1d" relativeResultsDirectory="28435976-e0d3-4c77-80d5-d6117b39ae8a" />
    <UnitTestResult executionId="bbadf59b-bade-4335-a10c-18d88af81d11" testId="41ffe1b6-1bbb-2400-999f-02df2a743ad6" testName="Connect_WhenServerAuthenticationIsOAuthSecure_ShouldCreateSecureSchClient" computerName="DKSR-EFI-04" duration="00:00:00.0157912" startTime="2023-12-22T09:36:00.9757553+01:00" endTime="2023-12-22T09:36:00.9913809+01:00" testType="13cdc9d9-ddb5-4fa4-a97d-d965ccfc6d4b" outcome="Passed" testListId="8c84fa94-04c1-424b-9868-57a2d4851a1d" relativeResultsDirectory="bbadf59b-bade-4335-a10c-18d88af81d11" />
    <UnitTestResult executionId="b8230e0c-f4fa-42ab-b9a0-255de46d5fa2" testId="71b3373f-dea8-3cfe-2919-2c270031d8d7" testName="UpdateHomeLocationInModel_NoUpdate_Succes" computerName="DKSR-EFI-04" duration="00:00:01.4886694" startTime="2023-12-22T09:36:08.5539216+01:00" endTime="2023-12-22T09:36:10.0383084+01:00" testType="13cdc9d9-ddb5-4fa4-a97d-d965ccfc6d4b" outcome="Passed" testListId="8c84fa94-04c1-424b-9868-57a2d4851a1d" relativeResultsDirectory="b8230e0c-f4fa-42ab-b9a0-255de46d5fa2" />
    <UnitTestResult executionId="7d545f40-8f7a-402e-aa37-41efdd8d8367" testId="76f9de2a-47c0-eaaa-3675-ac942aca2f32" testName="SetLayerFeatures_ShouldUpdateCameraItemsMapLayer_WhenCameraKindAndCameraLayerFeatures" computerName="DKSR-EFI-04" duration="00:00:00.0013772" startTime="2023-12-22T09:37:55.9451272+01:00" endTime="2023-12-22T09:37:55.9451272+01:00" testType="13cdc9d9-ddb5-4fa4-a97d-d965ccfc6d4b" outcome="Passed" testListId="8c84fa94-04c1-424b-9868-57a2d4851a1d" relativeResultsDirectory="7d545f40-8f7a-402e-aa37-41efdd8d8367" />
    <UnitTestResult executionId="d7b3c97e-1a10-4eb1-9fd9-4274185cdbe1" testId="9029e935-145d-d5fd-fae9-96c860349038" testName="GetClusters_AddedItems_ClustersForAddedItems (Data Row 12)" computerName="DKSR-EFI-04" duration="00:00:00.0091708" startTime="2023-12-22T09:37:57.5232605+01:00" endTime="2023-12-22T09:37:57.7107610+01:00" testType="13cdc9d9-ddb5-4fa4-a97d-d965ccfc6d4b" outcome="Passed" testListId="8c84fa94-04c1-424b-9868-57a2d4851a1d" relativeResultsDirectory="d7b3c97e-1a10-4eb1-9fd9-4274185cdbe1" />
    <UnitTestResult executionId="666c55f3-3cac-4ff5-bb1a-549951b553b4" testId="8a8e4fe8-cc44-1592-1359-5f4e8b98044b" testName="TestCreateWorkroom_Single_Success" computerName="DKSR-EFI-04" duration="00:00:00.0144367" startTime="2023-12-22T09:36:05.9289056+01:00" endTime="2023-12-22T09:36:05.9445313+01:00" testType="13cdc9d9-ddb5-4fa4-a97d-d965ccfc6d4b" outcome="Passed" testListId="8c84fa94-04c1-424b-9868-57a2d4851a1d" relativeResultsDirectory="666c55f3-3cac-4ff5-bb1a-549951b553b4" />
    <UnitTestResult executionId="f36a2565-f00e-4119-bfdd-7a77eeb7c299" testId="60bdbe1c-556f-ee06-0399-2842675c306a" testName="NavigateAndSelectAsync_SelectAdditionalCamera_ReCenterCommandEnabled" computerName="DKSR-EFI-04" duration="00:00:00.0482254" startTime="2023-12-22T09:36:14.2883272+01:00" endTime="2023-12-22T09:36:14.3352055+01:00" testType="13cdc9d9-ddb5-4fa4-a97d-d965ccfc6d4b" outcome="Passed" testListId="8c84fa94-04c1-424b-9868-57a2d4851a1d" relativeResultsDirectory="f36a2565-f00e-4119-bfdd-7a77eeb7c299" />
    <UnitTestResult executionId="d49ba238-915b-4ffb-bf99-0c797d6e0f56" testId="b162402f-2c1b-0582-f67d-d6b489572737" testName="ProvideValue_ReturnsThis" computerName="DKSR-EFI-04" duration="00:00:00.0002349" startTime="2023-12-22T09:37:04.1479695+01:00" endTime="2023-12-22T09:37:04.1479695+01:00" testType="13cdc9d9-ddb5-4fa4-a97d-d965ccfc6d4b" outcome="Passed" testListId="8c84fa94-04c1-424b-9868-57a2d4851a1d" relativeResultsDirectory="d49ba238-915b-4ffb-bf99-0c797d6e0f56" />
    <UnitTestResult executionId="6ad0bfdd-d1ad-4661-b218-a35513935758" testId="03690dec-a251-8115-c3a7-9374da58537f" testName="ValidateExportFormats_SmartClientPlayerFormat_ShouldNotReturnFailResult_ExportPathIsTooLong_WhenLongPathsEnabled (c:\aaaaaaaaaaaaaaaaaaaaaaaaaaaaaaaaaaaaaaaaaaaaaaaaaaaaaaaaaaaaaaaaaaaaaaaaaaaaaaaaaaaaaaaaaaaaaaaaaaaaaaaaaaaaaaaaaaaaaaaaaaaaaaaaaaaaaaaaaaaaaaaaaaaaaaaaaaaaaaaaaaaaaaaaaaaaaaaaaaaaaaa\aaaaaaaaaaaaaaaaaaaaaaaaaaaaaaaaaaaaaaaaaaaaaaaaaaaaaaaaaaaaaaaaaaaaaaaaaaaaaaaaaaaaaaaaaaaaaaaaaaaaaaaaaaaaaaaaaaaaaaaaaaaaaaaaaaaaaaaaaaaaaaaaaaaaaaaaaaaaaaaaaaaaaaaaaaaaaaaaaaaaaaa)" computerName="DKSR-EFI-04" duration="00:00:00.0133850" startTime="2023-12-22T09:36:29.9915345+01:00" endTime="2023-12-22T09:36:30.0071599+01:00" testType="13cdc9d9-ddb5-4fa4-a97d-d965ccfc6d4b" outcome="Passed" testListId="8c84fa94-04c1-424b-9868-57a2d4851a1d" relativeResultsDirectory="6ad0bfdd-d1ad-4661-b218-a35513935758" />
    <UnitTestResult executionId="dbb5e884-9558-4e4c-b640-453718070a65" testId="33331069-dc53-a636-5d65-773a4897854a" testName="BookmarkSearchTime_WithSearchStringInDifferentCases_ReturnCorrectBookmarkWithSearchStringInHeader (SeArChStRiNg,False,True,False,True,,,0)" computerName="DKSR-EFI-04" duration="00:00:00.0053313" startTime="2023-12-22T09:38:01.2264104+01:00" endTime="2023-12-22T09:38:01.2264104+01:00" testType="13cdc9d9-ddb5-4fa4-a97d-d965ccfc6d4b" outcome="Passed" testListId="8c84fa94-04c1-424b-9868-57a2d4851a1d" relativeResultsDirectory="dbb5e884-9558-4e4c-b640-453718070a65" />
    <UnitTestResult executionId="e3c701b2-c1c2-48e7-aec1-a34413ac0b75" testId="957f9b92-e025-9215-a70c-c67cce904d02" testName="Parse_AttributeMissing_SuccessWithWarning" computerName="DKSR-EFI-04" duration="00:00:00.0022362" startTime="2023-12-22T09:37:59.6013967+01:00" endTime="2023-12-22T09:37:59.6013967+01:00" testType="13cdc9d9-ddb5-4fa4-a97d-d965ccfc6d4b" outcome="Passed" testListId="8c84fa94-04c1-424b-9868-57a2d4851a1d" relativeResultsDirectory="e3c701b2-c1c2-48e7-aec1-a34413ac0b75" />
    <UnitTestResult executionId="5652b926-2c6c-4f86-b58b-2e545676f1f4" testId="bf43b520-f013-6f88-54e2-4da33d00fc9f" testName="PtzSessionController_Unregister_None_Registered_Camera_Test" computerName="DKSR-EFI-04" duration="00:00:00.0025856" startTime="2023-12-22T09:36:07.1632877+01:00" endTime="2023-12-22T09:36:07.1789128+01:00" testType="13cdc9d9-ddb5-4fa4-a97d-d965ccfc6d4b" outcome="Passed" testListId="8c84fa94-04c1-424b-9868-57a2d4851a1d" relativeResultsDirectory="5652b926-2c6c-4f86-b58b-2e545676f1f4" />
    <UnitTestResult executionId="586e6a7a-1bd2-4b6e-b050-4c4af13e273e" testId="42206c17-853c-7b3a-7834-e4be8b79460f" testName="DeviceIcons_ShouldNotBeEmpty_WhenCalled" computerName="DKSR-EFI-04" duration="00:00:00.0001518" startTime="2023-12-22T09:37:53.0544885+01:00" endTime="2023-12-22T09:37:53.0544885+01:00" testType="13cdc9d9-ddb5-4fa4-a97d-d965ccfc6d4b" outcome="Passed" testListId="8c84fa94-04c1-424b-9868-57a2d4851a1d" relativeResultsDirectory="586e6a7a-1bd2-4b6e-b050-4c4af13e273e" />
    <UnitTestResult executionId="9f070c8a-4bde-4a51-800f-3f522e59849b" testId="a5f3c4e3-2515-5b34-ca88-e1bb40637adf" testName="Decorate_ShouldAddChildrenWithProperName_WhenThereAreLayersWithItemsImplementingITitleToggleable" computerName="DKSR-EFI-04" duration="00:00:00.0020851" startTime="2023-12-22T09:36:14.8352049+01:00" endTime="2023-12-22T09:36:14.8352049+01:00" testType="13cdc9d9-ddb5-4fa4-a97d-d965ccfc6d4b" outcome="Passed" testListId="8c84fa94-04c1-424b-9868-57a2d4851a1d" relativeResultsDirectory="9f070c8a-4bde-4a51-800f-3f522e59849b" />
    <UnitTestResult executionId="11a0a752-08b6-4975-92dd-2274c3a1bdaf" testId="fca58915-8fae-a999-eb21-fb7a250b2818" testName="Deserialize_ScopeOnly_ErrorReported" computerName="DKSR-EFI-04" duration="00:00:00.0120969" startTime="2023-12-22T09:37:34.9606353+01:00" endTime="2023-12-22T09:37:34.9762649+01:00" testType="13cdc9d9-ddb5-4fa4-a97d-d965ccfc6d4b" outcome="Passed" testListId="8c84fa94-04c1-424b-9868-57a2d4851a1d" relativeResultsDirectory="11a0a752-08b6-4975-92dd-2274c3a1bdaf" />
    <UnitTestResult executionId="9a02ef90-bdf1-454b-bf25-79df729f9286" testId="4e8d1cbd-b8ef-6778-0ee2-4c64d9b96b59" testName="MakeId_ShouldGenerateSameId_WhenDefinitionsChangeOrderButResultsAreSame" computerName="DKSR-EFI-04" duration="00:00:00.0004282" startTime="2023-12-22T09:37:35.2577089+01:00" endTime="2023-12-22T09:37:35.2577089+01:00" testType="13cdc9d9-ddb5-4fa4-a97d-d965ccfc6d4b" outcome="Passed" testListId="8c84fa94-04c1-424b-9868-57a2d4851a1d" relativeResultsDirectory="9a02ef90-bdf1-454b-bf25-79df729f9286" />
    <UnitTestResult executionId="3084385c-a656-46d7-9a44-215f806f64ce" testId="8f5491df-5fca-1dbe-cd17-6a2db5019ce9" testName="SignUrl_WhereSignatureIsNull_ThrowException" computerName="DKSR-EFI-04" duration="00:00:00.0007149" startTime="2023-12-22T09:36:14.8820815+01:00" endTime="2023-12-22T09:36:14.8820815+01:00" testType="13cdc9d9-ddb5-4fa4-a97d-d965ccfc6d4b" outcome="Passed" testListId="8c84fa94-04c1-424b-9868-57a2d4851a1d" relativeResultsDirectory="3084385c-a656-46d7-9a44-215f806f64ce" />
    <UnitTestResult executionId="60a7e947-8fb9-43d0-aabb-af5990f84bb1" testId="55807824-53e4-23f9-def8-1210782703cc" testName="OnLayersRetrieved_ShouldSetComponentsOrdered_WhenLayersCollectionContainsOutput" computerName="DKSR-EFI-04" duration="00:00:00.0171532" startTime="2023-12-22T09:36:13.1789451+01:00" endTime="2023-12-22T09:36:13.1945735+01:00" testType="13cdc9d9-ddb5-4fa4-a97d-d965ccfc6d4b" outcome="Passed" testListId="8c84fa94-04c1-424b-9868-57a2d4851a1d" relativeResultsDirectory="60a7e947-8fb9-43d0-aabb-af5990f84bb1" />
    <UnitTestResult executionId="42a9d82b-9e3c-405f-bc95-6ef41327cf35" testId="d6a59c85-6c58-584e-c43d-f10c50d7e1a2" testName="ConvertToNewLevel_ThreeLevelsUp_Success" computerName="DKSR-EFI-04" duration="00:00:00.0003030" startTime="2023-12-22T09:37:57.2732604+01:00" endTime="2023-12-22T09:37:57.2732604+01:00" testType="13cdc9d9-ddb5-4fa4-a97d-d965ccfc6d4b" outcome="Passed" testListId="8c84fa94-04c1-424b-9868-57a2d4851a1d" relativeResultsDirectory="42a9d82b-9e3c-405f-bc95-6ef41327cf35" />
    <UnitTestResult executionId="922784fb-ca2c-4bdc-a0f1-bb14910580a3" testId="f666c42d-aace-c940-638f-8ab4e58f4377" testName="SupportsRightClick_ShouldBeTrue_WhenInteractionStateIsNormal" computerName="DKSR-EFI-04" duration="00:00:00.0173804" startTime="2023-12-22T09:36:19.4289794+01:00" endTime="2023-12-22T09:36:19.4446033+01:00" testType="13cdc9d9-ddb5-4fa4-a97d-d965ccfc6d4b" outcome="Passed" testListId="8c84fa94-04c1-424b-9868-57a2d4851a1d" relativeResultsDirectory="922784fb-ca2c-4bdc-a0f1-bb14910580a3" />
    <UnitTestResult executionId="d89752d0-6507-4bbb-a57e-385ba6eff614" testId="04c83cca-8782-2962-eccb-1c1b5d4d8166" testName="SelectTemplate_UseInlineEditTrue_ReturnsInlineTemplate" computerName="DKSR-EFI-04" duration="00:00:00.0257090" startTime="2023-12-22T09:36:30.8821637+01:00" endTime="2023-12-22T09:36:30.9134141+01:00" testType="13cdc9d9-ddb5-4fa4-a97d-d965ccfc6d4b" outcome="Passed" testListId="8c84fa94-04c1-424b-9868-57a2d4851a1d" relativeResultsDirectory="d89752d0-6507-4bbb-a57e-385ba6eff614" />
    <UnitTestResult executionId="78a3e283-930a-4547-aeae-7a842836aa2f" testId="f7f1fade-22dc-b3ee-b4cb-477d416d63d2" testName="LeftButtonDown_SingleClick_DoesNotZoom" computerName="DKSR-EFI-04" duration="00:00:00.0186482" startTime="2023-12-22T09:36:16.3352132+01:00" endTime="2023-12-22T09:36:16.3508360+01:00" testType="13cdc9d9-ddb5-4fa4-a97d-d965ccfc6d4b" outcome="Passed" testListId="8c84fa94-04c1-424b-9868-57a2d4851a1d" relativeResultsDirectory="78a3e283-930a-4547-aeae-7a842836aa2f" />
    <UnitTestResult executionId="077a8216-a941-48be-b66f-1d98367cb2a7" testId="165287bc-bef0-3870-c69b-a17243fed1fc" testName="LoadSearchTemplate_NoActiveToNewActive_UpdateAndEvent" computerName="DKSR-EFI-04" duration="00:00:00.0007904" startTime="2023-12-22T09:37:33.7887614+01:00" endTime="2023-12-22T09:37:33.7887614+01:00" testType="13cdc9d9-ddb5-4fa4-a97d-d965ccfc6d4b" outcome="Passed" testListId="8c84fa94-04c1-424b-9868-57a2d4851a1d" relativeResultsDirectory="077a8216-a941-48be-b66f-1d98367cb2a7" />
    <UnitTestResult executionId="fe6abf58-3a4e-4727-b988-262d70a0a923" testId="91d14b34-4712-1785-f0d4-572e813a795e" testName="ScWorkspaceStateChangedEvent_ShouldSetDeviceStateToDeactivated_WhenSwitchingToSetupMode" computerName="DKSR-EFI-04" duration="00:00:00.0135595" startTime="2023-12-22T09:37:53.6794928+01:00" endTime="2023-12-22T09:37:53.6951273+01:00" testType="13cdc9d9-ddb5-4fa4-a97d-d965ccfc6d4b" outcome="Passed" testListId="8c84fa94-04c1-424b-9868-57a2d4851a1d" relativeResultsDirectory="fe6abf58-3a4e-4727-b988-262d70a0a923" />
    <UnitTestResult executionId="6d528228-b88b-4c72-8a40-e4ed836b0530" testId="4092a02b-aad1-4cd2-975c-e2b5b68e9e4b" testName="HandleSetLayerFeatures_ShouldRaiseArgumentException_WhenNotInputKindAndInputLayerFeatures" computerName="DKSR-EFI-04" duration="00:00:00.0010289" startTime="2023-12-22T09:37:55.7888800+01:00" endTime="2023-12-22T09:37:55.7888800+01:00" testType="13cdc9d9-ddb5-4fa4-a97d-d965ccfc6d4b" outcome="Passed" testListId="8c84fa94-04c1-424b-9868-57a2d4851a1d" relativeResultsDirectory="6d528228-b88b-4c72-8a40-e4ed836b0530" />
    <UnitTestResult executionId="ed2ce161-9a08-442d-b401-5c772f6abfe0" testId="d5b52bb5-55cf-dc85-f26b-7b0562d6b30f" testName="GetGuidProviderStrategyByEventServerId_ShouldReturnOneSHA1Strategy_WhenEventServerIdIsFipsCompliant" computerName="DKSR-EFI-04" duration="00:00:00.0004885" startTime="2023-12-22T09:38:07.8670695+01:00" endTime="2023-12-22T09:38:07.8670695+01:00" testType="13cdc9d9-ddb5-4fa4-a97d-d965ccfc6d4b" outcome="Passed" testListId="8c84fa94-04c1-424b-9868-57a2d4851a1d" relativeResultsDirectory="ed2ce161-9a08-442d-b401-5c772f6abfe0" />
    <UnitTestResult executionId="13105ff3-0b2a-4aac-a848-701e335ec7be" testId="47bead1c-a537-8842-47a7-b3ba583fe988" testName="Convert_NullArgument_Collapsed" computerName="DKSR-EFI-04" duration="00:00:00.0006854" startTime="2023-12-22T09:37:04.1479695+01:00" endTime="2023-12-22T09:37:04.1635923+01:00" testType="13cdc9d9-ddb5-4fa4-a97d-d965ccfc6d4b" outcome="Passed" testListId="8c84fa94-04c1-424b-9868-57a2d4851a1d" relativeResultsDirectory="13105ff3-0b2a-4aac-a848-701e335ec7be" />
    <UnitTestResult executionId="0022df1b-e37b-40cb-bdec-fb8e602475e7" testId="6ec299cf-433f-6019-4dfb-ce39d2dfd94a" testName="CreateDefinition_ModifyOneDefinition_DelayedSearchStartedForAllDefinitions" computerName="DKSR-EFI-04" duration="00:00:00.0083238" startTime="2023-12-22T09:37:34.6012617+01:00" endTime="2023-12-22T09:37:34.6168900+01:00" testType="13cdc9d9-ddb5-4fa4-a97d-d965ccfc6d4b" outcome="Passed" testListId="8c84fa94-04c1-424b-9868-57a2d4851a1d" relativeResultsDirectory="0022df1b-e37b-40cb-bdec-fb8e602475e7" />
    <UnitTestResult executionId="e039d4b0-2667-4483-8015-336264236e5c" testId="ee5f0f9a-0e04-d5a2-b25f-f40f3b08b3de" testName="ToDenormalizedDirection_0_0" computerName="DKSR-EFI-04" duration="00:00:00.0000940" startTime="2023-12-22T09:37:49.8513436+01:00" endTime="2023-12-22T09:37:49.8513436+01:00" testType="13cdc9d9-ddb5-4fa4-a97d-d965ccfc6d4b" outcome="Passed" testListId="8c84fa94-04c1-424b-9868-57a2d4851a1d" relativeResultsDirectory="e039d4b0-2667-4483-8015-336264236e5c" />
    <UnitTestResult executionId="3276e561-7b65-4fbd-acb5-bc6b4baee002" testId="9029e935-145d-d5fd-fae9-96c860349038" testName="GetClusters_AddedItems_ClustersForAddedItems (Data Row 4)" computerName="DKSR-EFI-04" duration="00:00:00.0086362" startTime="2023-12-22T09:37:57.5232605+01:00" endTime="2023-12-22T09:37:57.7107610+01:00" testType="13cdc9d9-ddb5-4fa4-a97d-d965ccfc6d4b" outcome="Passed" testListId="8c84fa94-04c1-424b-9868-57a2d4851a1d" relativeResultsDirectory="3276e561-7b65-4fbd-acb5-bc6b4baee002" />
    <UnitTestResult executionId="8f2b7ccf-b221-406e-9667-484dad3f4c0c" testId="67dea1b0-7e98-e001-6bf4-02f00add95c5" testName="Password1 valid, Password 2 invalid, shorter length" computerName="DKSR-EFI-04" duration="00:00:00.0024973" startTime="2023-12-22T09:36:30.1477870+01:00" endTime="2023-12-22T09:36:30.1477870+01:00" testType="13cdc9d9-ddb5-4fa4-a97d-d965ccfc6d4b" outcome="Passed" testListId="8c84fa94-04c1-424b-9868-57a2d4851a1d" relativeResultsDirectory="8f2b7ccf-b221-406e-9667-484dad3f4c0c" />
    <UnitTestResult executionId="51038b4e-6cc9-4438-8a02-d4f70b0805e4" testId="7c485018-e81c-b9cc-ee22-382cb4b7a7c1" testName="IsDeviceSupported_ShouldReturnTrue_WhenCameraKind" computerName="DKSR-EFI-04" duration="00:00:00.0003280" startTime="2023-12-22T09:36:27.1946435+01:00" endTime="2023-12-22T09:36:27.1946435+01:00" testType="13cdc9d9-ddb5-4fa4-a97d-d965ccfc6d4b" outcome="Passed" testListId="8c84fa94-04c1-424b-9868-57a2d4851a1d" relativeResultsDirectory="51038b4e-6cc9-4438-8a02-d4f70b0805e4" />
    <UnitTestResult executionId="33f94f20-9b45-44a4-8503-12117843af07" testId="368cb1e4-cb3a-71e3-96c7-b85f55f12c0c" testName="Related_device_with_no_create_rights_not_added_when_in_edit_mode" computerName="DKSR-EFI-04" duration="00:00:00.0062688" startTime="2023-12-22T09:38:07.2108110+01:00" endTime="2023-12-22T09:38:07.2264455+01:00" testType="13cdc9d9-ddb5-4fa4-a97d-d965ccfc6d4b" outcome="Passed" testListId="8c84fa94-04c1-424b-9868-57a2d4851a1d" relativeResultsDirectory="33f94f20-9b45-44a4-8503-12117843af07" />
    <UnitTestResult executionId="d846debd-cb48-4a74-b87c-922f30dec859" testId="bfdc2e11-573c-5747-26b0-0b571bfbb54c" testName="Valid password bigger length" computerName="DKSR-EFI-04" duration="00:00:00.0002825" startTime="2023-12-22T09:36:30.1790384+01:00" endTime="2023-12-22T09:36:30.1790384+01:00" testType="13cdc9d9-ddb5-4fa4-a97d-d965ccfc6d4b" outcome="Passed" testListId="8c84fa94-04c1-424b-9868-57a2d4851a1d" relativeResultsDirectory="d846debd-cb48-4a74-b87c-922f30dec859" />
    <UnitTestResult executionId="3f808170-e07e-4164-919b-e6439bcc72d0" testId="0882c6fe-e955-9a8a-eee5-7ae62c8b3178" testName="DateToStringConverter_ProvideValue_Success" computerName="DKSR-EFI-04" duration="00:00:00.0004257" startTime="2023-12-22T09:37:04.1010937+01:00" endTime="2023-12-22T09:37:04.1010937+01:00" testType="13cdc9d9-ddb5-4fa4-a97d-d965ccfc6d4b" outcome="Passed" testListId="8c84fa94-04c1-424b-9868-57a2d4851a1d" relativeResultsDirectory="3f808170-e07e-4164-919b-e6439bcc72d0" />
    <UnitTestResult executionId="f26ad0ad-6245-458b-b908-83f92683bf8a" testId="7d900372-2011-73f8-033d-c6e57807e942" testName="Search_SearchResultReceived_EventFired" computerName="DKSR-EFI-04" duration="00:00:00.0409655" startTime="2023-12-22T09:37:48.2419595+01:00" endTime="2023-12-22T09:37:48.2888377+01:00" testType="13cdc9d9-ddb5-4fa4-a97d-d965ccfc6d4b" outcome="Passed" testListId="8c84fa94-04c1-424b-9868-57a2d4851a1d" relativeResultsDirectory="f26ad0ad-6245-458b-b908-83f92683bf8a" />
    <UnitTestResult executionId="b9b25f32-4c85-4b8e-93f4-7cb3a67d7a31" testId="dddb1835-bc62-9ecf-f6da-266a9e5d6d03" testName="SerializeDeserialize_RoundTripNoValues_Equals" computerName="DKSR-EFI-04" duration="00:00:00.0017353" startTime="2023-12-22T09:38:00.8982765+01:00" endTime="2023-12-22T09:38:00.8982765+01:00" testType="13cdc9d9-ddb5-4fa4-a97d-d965ccfc6d4b" outcome="Passed" testListId="8c84fa94-04c1-424b-9868-57a2d4851a1d" relativeResultsDirectory="b9b25f32-4c85-4b8e-93f4-7cb3a67d7a31" />
    <UnitTestResult executionId="d585ac01-d699-497c-a9cd-60bb5c3d2236" testId="86e972ed-14c6-3ad2-ddf5-8b4f957f0006" testName="CreateDetailsViewControl_ValidSearchResult_Success" computerName="DKSR-EFI-04" duration="00:00:01.3291312" startTime="2023-12-22T09:36:46.1009951+01:00" endTime="2023-12-22T09:36:47.4291283+01:00" testType="13cdc9d9-ddb5-4fa4-a97d-d965ccfc6d4b" outcome="Passed" testListId="8c84fa94-04c1-424b-9868-57a2d4851a1d" relativeResultsDirectory="d585ac01-d699-497c-a9cd-60bb5c3d2236" />
    <UnitTestResult executionId="3a53fbcd-2693-47a0-8348-de6b0d947bf6" testId="96abbcdd-783c-a6e6-4e38-7f3dc42ebf4f" testName="FilteredItems_NoFilter_AllItemsVisible" computerName="DKSR-EFI-04" duration="00:00:00.0115747" startTime="2023-12-22T09:37:48.8982158+01:00" endTime="2023-12-22T09:37:48.8982158+01:00" testType="13cdc9d9-ddb5-4fa4-a97d-d965ccfc6d4b" outcome="Passed" testListId="8c84fa94-04c1-424b-9868-57a2d4851a1d" relativeResultsDirectory="3a53fbcd-2693-47a0-8348-de6b0d947bf6" />
    <UnitTestResult executionId="d162275a-226c-49b7-97f4-26a619bc0b08" testId="60f76d2a-8443-d6c5-ab49-4b19e96bdb7e" testName="Toolbar_IsVisible_WhenInPlayback" computerName="DKSR-EFI-04" duration="00:00:00.0194912" startTime="2023-12-22T09:37:59.3045303+01:00" endTime="2023-12-22T09:37:59.3201467+01:00" testType="13cdc9d9-ddb5-4fa4-a97d-d965ccfc6d4b" outcome="Passed" testListId="8c84fa94-04c1-424b-9868-57a2d4851a1d" relativeResultsDirectory="d162275a-226c-49b7-97f4-26a619bc0b08" />
    <UnitTestResult executionId="97853c90-7f4b-48c5-8608-66d5b7f72ab0" testId="72855fe1-8be2-532b-4d86-61e95119c906" testName="PatrollingStepListViewModel_MoveStepUpExecute" computerName="DKSR-EFI-04" duration="00:00:00.0027902" startTime="2023-12-22T09:37:58.0701401+01:00" endTime="2023-12-22T09:37:58.0857627+01:00" testType="13cdc9d9-ddb5-4fa4-a97d-d965ccfc6d4b" outcome="Passed" testListId="8c84fa94-04c1-424b-9868-57a2d4851a1d" relativeResultsDirectory="97853c90-7f4b-48c5-8608-66d5b7f72ab0" />
    <UnitTestResult executionId="ed7eee5b-0218-42ba-a163-9eb97583025e" testId="3147bc1a-6400-429f-1c8f-cd7dc6defaa1" testName="PopulateTooltip_ManyResultsFromFewCameras12Hours_ValidText" computerName="DKSR-EFI-04" duration="00:00:00.2438728" startTime="2023-12-22T09:37:18.2574190+01:00" endTime="2023-12-22T09:37:18.4918005+01:00" testType="13cdc9d9-ddb5-4fa4-a97d-d965ccfc6d4b" outcome="Passed" testListId="8c84fa94-04c1-424b-9868-57a2d4851a1d" relativeResultsDirectory="ed7eee5b-0218-42ba-a163-9eb97583025e" />
    <UnitTestResult executionId="72a8b943-2851-4da4-ac13-08da506fc871" testId="62ccc5b1-eb5f-4644-e919-a3a7e7740785" testName="UpgradeToOAuth_ShouldUpgradeToUnsecureOAuth_WhenRequested" computerName="DKSR-EFI-04" duration="00:00:00.0003427" startTime="2023-12-22T09:36:07.6632922+01:00" endTime="2023-12-22T09:36:07.6632922+01:00" testType="13cdc9d9-ddb5-4fa4-a97d-d965ccfc6d4b" outcome="Passed" testListId="8c84fa94-04c1-424b-9868-57a2d4851a1d" relativeResultsDirectory="72a8b943-2851-4da4-ac13-08da506fc871" />
    <UnitTestResult executionId="2166717f-b667-4a29-afa2-47ce333af483" testId="37c23154-aec4-129b-8dc2-bb50808aef9e" testName="OnMarkerSelected_ShouldSelectMarkerExcludeItFromClusteringAndBeginInPlaceEditMode_WhenSingleSelection" computerName="DKSR-EFI-04" duration="00:00:00.0132903" startTime="2023-12-22T09:36:18.8352256+01:00" endTime="2023-12-22T09:36:18.8508492+01:00" testType="13cdc9d9-ddb5-4fa4-a97d-d965ccfc6d4b" outcome="Passed" testListId="8c84fa94-04c1-424b-9868-57a2d4851a1d" relativeResultsDirectory="2166717f-b667-4a29-afa2-47ce333af483" />
    <UnitTestResult executionId="331afe9f-5cdc-4d4e-a6aa-e477fbac0fac" testId="cfadad16-7fef-9797-8a05-f69be03fa506" testName="ValueWithFallbackConverterTests_Convert_FirstValueNull_SecondValueNotNull_Success" computerName="DKSR-EFI-04" duration="00:00:00.0002648" startTime="2023-12-22T09:37:04.2104707+01:00" endTime="2023-12-22T09:37:04.2104707+01:00" testType="13cdc9d9-ddb5-4fa4-a97d-d965ccfc6d4b" outcome="Passed" testListId="8c84fa94-04c1-424b-9868-57a2d4851a1d" relativeResultsDirectory="331afe9f-5cdc-4d4e-a6aa-e477fbac0fac" />
    <UnitTestResult executionId="0256f61f-7362-4acb-abfa-7a32ad7e2dd6" testId="a1232aab-9143-95b0-ed05-58af3d018f0d" testName="ToDenormalizedFieldOfView_1_0" computerName="DKSR-EFI-04" duration="00:00:00.0001162" startTime="2023-12-22T09:37:49.8669709+01:00" endTime="2023-12-22T09:37:49.8669709+01:00" testType="13cdc9d9-ddb5-4fa4-a97d-d965ccfc6d4b" outcome="Passed" testListId="8c84fa94-04c1-424b-9868-57a2d4851a1d" relativeResultsDirectory="0256f61f-7362-4acb-abfa-7a32ad7e2dd6" />
    <UnitTestResult executionId="5899e946-2e67-4154-b0d4-e4309cd70232" testId="e321a84a-46d6-5a10-48a6-04d6f541eeb1" testName="PtzSessionControllerInfoConstructorTest_From_PtzSessionInfo_Idle_User" computerName="DKSR-EFI-04" duration="00:00:00.0008770" startTime="2023-12-22T09:36:07.2257900+01:00" endTime="2023-12-22T09:36:07.2257900+01:00" testType="13cdc9d9-ddb5-4fa4-a97d-d965ccfc6d4b" outcome="Passed" testListId="8c84fa94-04c1-424b-9868-57a2d4851a1d" relativeResultsDirectory="5899e946-2e67-4154-b0d4-e4309cd70232" />
    <UnitTestResult executionId="178b282a-cd71-4606-a688-aa3ea38dca03" testId="45426788-53bd-fdd6-9e67-f15e7f5b5490" testName="MoveToTop_ShouldMoveMarkerTopmost_WhenNotAlreadyTopmost" computerName="DKSR-EFI-04" duration="00:00:00.0889212" startTime="2023-12-22T09:36:16.8039620+01:00" endTime="2023-12-22T09:36:16.8977143+01:00" testType="13cdc9d9-ddb5-4fa4-a97d-d965ccfc6d4b" outcome="Passed" testListId="8c84fa94-04c1-424b-9868-57a2d4851a1d" relativeResultsDirectory="178b282a-cd71-4606-a688-aa3ea38dca03" />
    <UnitTestResult executionId="a1bfae90-4143-4bd6-8148-2cd1bde1a476" testId="a2769260-4eb7-daf9-b4d2-f155ed354d1b" testName="Deserialize_ShouldReturnCombineTypeOr_WhenCombineTypeIsInvalidInXml" computerName="DKSR-EFI-04" duration="00:00:00.0035235" startTime="2023-12-22T09:37:34.9762649+01:00" endTime="2023-12-22T09:37:34.9918891+01:00" testType="13cdc9d9-ddb5-4fa4-a97d-d965ccfc6d4b" outcome="Passed" testListId="8c84fa94-04c1-424b-9868-57a2d4851a1d" relativeResultsDirectory="a1bfae90-4143-4bd6-8148-2cd1bde1a476" />
    <UnitTestResult executionId="07d194d4-1b15-4694-903e-94ff9afaebe2" testId="6cafc5ed-fe23-6238-885d-2059ca1b7427" testName="HandleSetLayerFeatures_ShouldRaiseArgumentException_WhenNotCameraKindAndCameraLayerFeaturesAndOutputLayer" computerName="DKSR-EFI-04" duration="00:00:00.0009695" startTime="2023-12-22T09:37:55.7732541+01:00" endTime="2023-12-22T09:37:55.7732541+01:00" testType="13cdc9d9-ddb5-4fa4-a97d-d965ccfc6d4b" outcome="Passed" testListId="8c84fa94-04c1-424b-9868-57a2d4851a1d" relativeResultsDirectory="07d194d4-1b15-4694-903e-94ff9afaebe2" />
    <UnitTestResult executionId="3b719dd6-e055-4ef6-a1bf-0cff1291246c" testId="f680908c-3b4b-7b4d-7066-6e5fce7c0b27" testName="GetClusters_ExcludeThenIncludeExcludedItems_NoChange (Data Row 6)" computerName="DKSR-EFI-04" duration="00:00:00.0083757" startTime="2023-12-22T09:37:56.4607518+01:00" endTime="2023-12-22T09:37:56.6638974+01:00" testType="13cdc9d9-ddb5-4fa4-a97d-d965ccfc6d4b" outcome="Passed" testListId="8c84fa94-04c1-424b-9868-57a2d4851a1d" relativeResultsDirectory="3b719dd6-e055-4ef6-a1bf-0cff1291246c" />
    <UnitTestResult executionId="971f8080-0627-4e02-9bff-a0c517067d34" testId="574bf290-6995-ff93-7ee5-b70a6ace7d84" testName="Compare_SameBeginTimeDeterministicBehavior_HashCode_Success" computerName="DKSR-EFI-04" duration="00:00:00.0020914" startTime="2023-12-22T09:37:35.3044431+01:00" endTime="2023-12-22T09:37:35.3044431+01:00" testType="13cdc9d9-ddb5-4fa4-a97d-d965ccfc6d4b" outcome="Passed" testListId="8c84fa94-04c1-424b-9868-57a2d4851a1d" relativeResultsDirectory="971f8080-0627-4e02-9bff-a0c517067d34" />
    <UnitTestResult executionId="d8657f8b-5058-451c-a4f0-1d30263d3567" testId="e6f18f4e-717d-7e35-b333-de26f141ac91" testName="BindingModelVisible_ReactsTo_PluginInstanceEnabledUpdate" computerName="DKSR-EFI-04" duration="00:00:00.0016846" startTime="2023-12-22T09:38:00.4451548+01:00" endTime="2023-12-22T09:38:00.4451548+01:00" testType="13cdc9d9-ddb5-4fa4-a97d-d965ccfc6d4b" outcome="Passed" testListId="8c84fa94-04c1-424b-9868-57a2d4851a1d" relativeResultsDirectory="d8657f8b-5058-451c-a4f0-1d30263d3567" />
    <UnitTestResult executionId="4597adeb-038a-4a44-908f-e91ac8eabe42" testId="73c84d82-bb7d-01f8-8894-e9f1d48f8356" testName="Convert_InvalidArgumentCount_LessThanExpected_Collapsed" computerName="DKSR-EFI-04" duration="00:00:00.0002232" startTime="2023-12-22T09:37:04.1635923+01:00" endTime="2023-12-22T09:37:04.1635923+01:00" testType="13cdc9d9-ddb5-4fa4-a97d-d965ccfc6d4b" outcome="Passed" testListId="8c84fa94-04c1-424b-9868-57a2d4851a1d" relativeResultsDirectory="4597adeb-038a-4a44-908f-e91ac8eabe42" />
    <UnitTestResult executionId="8a7b7b5c-8947-41e4-a0d8-0efbc1ef061c" testId="4ab80538-8920-6bd3-f5bf-6a692e875394" testName="GetUtcToday_DifferentTimeZoneNoDst_Success" computerName="DKSR-EFI-04" duration="00:00:00.0022861" startTime="2023-12-22T09:37:33.5700013+01:00" endTime="2023-12-22T09:37:33.5700013+01:00" testType="13cdc9d9-ddb5-4fa4-a97d-d965ccfc6d4b" outcome="Passed" testListId="8c84fa94-04c1-424b-9868-57a2d4851a1d" relativeResultsDirectory="8a7b7b5c-8947-41e4-a0d8-0efbc1ef061c" />
    <UnitTestResult executionId="c9f0bceb-66e3-432d-a7e2-06ef9f8e81ba" testId="092a5f5d-5e92-e7c2-e812-620b9e6c3275" testName="Convert_NoCamerasSelectionsAndNoSearchDefinitions_Collapsed" computerName="DKSR-EFI-04" duration="00:00:00.0002374" startTime="2023-12-22T09:37:04.1792203+01:00" endTime="2023-12-22T09:37:04.1792203+01:00" testType="13cdc9d9-ddb5-4fa4-a97d-d965ccfc6d4b" outcome="Passed" testListId="8c84fa94-04c1-424b-9868-57a2d4851a1d" relativeResultsDirectory="c9f0bceb-66e3-432d-a7e2-06ef9f8e81ba" />
    <UnitTestResult executionId="23228c1d-55e3-4775-b103-fcabb86b2b62" testId="8208e4be-3fed-2de3-3add-7c787e622e9d" testName="GisPointToIndexGridPosition_FarWest_Success" computerName="DKSR-EFI-04" duration="00:00:00.0001778" startTime="2023-12-22T09:37:57.2732604+01:00" endTime="2023-12-22T09:37:57.2732604+01:00" testType="13cdc9d9-ddb5-4fa4-a97d-d965ccfc6d4b" outcome="Passed" testListId="8c84fa94-04c1-424b-9868-57a2d4851a1d" relativeResultsDirectory="23228c1d-55e3-4775-b103-fcabb86b2b62" />
    <UnitTestResult executionId="968d7db5-1be6-4dcf-b31a-54a8e3af6b11" testId="3a7cd1b3-7650-7055-af1d-619a6bb401ba" testName="AddSelectedWindowsToExport_ShouldShowCorrectToastMessages (0,1,1)" computerName="DKSR-EFI-04" duration="00:00:00.0033624" startTime="2023-12-22T09:38:00.1795239+01:00" endTime="2023-12-22T09:38:00.1951542+01:00" testType="13cdc9d9-ddb5-4fa4-a97d-d965ccfc6d4b" outcome="Passed" testListId="8c84fa94-04c1-424b-9868-57a2d4851a1d" relativeResultsDirectory="968d7db5-1be6-4dcf-b31a-54a8e3af6b11" />
    <UnitTestResult executionId="4bd60708-1f7e-468e-ac6c-a76bed757afc" testId="efcae59c-c765-a30f-3362-183bf9168666" testName="Ctor_OneBuiltInIncompleteGroupDefined_NoCompositeAgentsAdded" computerName="DKSR-EFI-04" duration="00:00:00.0011227" startTime="2023-12-22T09:37:48.3513320+01:00" endTime="2023-12-22T09:37:48.3513320+01:00" testType="13cdc9d9-ddb5-4fa4-a97d-d965ccfc6d4b" outcome="Passed" testListId="8c84fa94-04c1-424b-9868-57a2d4851a1d" relativeResultsDirectory="4bd60708-1f7e-468e-ac6c-a76bed757afc" />
    <UnitTestResult executionId="1fe353e7-1459-4de5-93ba-0bea6e57f43a" testId="4359d1f6-24c0-77e3-a295-f1f91acd7a66" testName="OutputItemsLayer_NotIsGeographic_Load_Success" computerName="DKSR-EFI-04" duration="00:00:00.0106610" startTime="2023-12-22T09:37:49.9607176+01:00" endTime="2023-12-22T09:37:49.9607176+01:00" testType="13cdc9d9-ddb5-4fa4-a97d-d965ccfc6d4b" outcome="Passed" testListId="8c84fa94-04c1-424b-9868-57a2d4851a1d" relativeResultsDirectory="1fe353e7-1459-4de5-93ba-0bea6e57f43a" />
    <UnitTestResult executionId="adce6a19-7767-4770-b93a-f5ce1cade062" testId="fc1071f1-9dc8-3652-9848-fa70b1167397" testName="AddCriteriaCommand_SearchAttributeCategoryNotNull" computerName="DKSR-EFI-04" duration="00:00:00.0549591" startTime="2023-12-22T09:37:27.9449708+01:00" endTime="2023-12-22T09:37:28.0074708+01:00" testType="13cdc9d9-ddb5-4fa4-a97d-d965ccfc6d4b" outcome="Passed" testListId="8c84fa94-04c1-424b-9868-57a2d4851a1d" relativeResultsDirectory="adce6a19-7767-4770-b93a-f5ce1cade062" />
    <UnitTestResult executionId="5f58b115-57ad-4a11-98bb-db4dded59947" testId="9029e935-145d-d5fd-fae9-96c860349038" testName="GetClusters_AddedItems_ClustersForAddedItems (Data Row 0)" computerName="DKSR-EFI-04" duration="00:00:00.0116810" startTime="2023-12-22T09:37:57.5232605+01:00" endTime="2023-12-22T09:37:57.7107610+01:00" testType="13cdc9d9-ddb5-4fa4-a97d-d965ccfc6d4b" outcome="Passed" testListId="8c84fa94-04c1-424b-9868-57a2d4851a1d" relativeResultsDirectory="5f58b115-57ad-4a11-98bb-db4dded59947" />
    <UnitTestResult executionId="537098d7-49e7-4c47-85b5-b8d9f5434b7a" testId="82ab9888-0e8e-be7c-a27b-7d4882e76ad2" testName="ModelSerialization_Serialize_Success" computerName="DKSR-EFI-04" duration="00:00:00.0403469" startTime="2023-12-22T09:37:34.8356389+01:00" endTime="2023-12-22T09:37:34.8825083+01:00" testType="13cdc9d9-ddb5-4fa4-a97d-d965ccfc6d4b" outcome="Passed" testListId="8c84fa94-04c1-424b-9868-57a2d4851a1d" relativeResultsDirectory="537098d7-49e7-4c47-85b5-b8d9f5434b7a" />
    <UnitTestResult executionId="14e8e527-9f05-41b9-b232-e003e5cf45af" testId="80e60020-24f2-b8c1-7ee1-a8544259cfd1" testName="BoundingBoxLiveStartNoLiveHandler" computerName="DKSR-EFI-04" duration="00:00:00.0010857" startTime="2023-12-22T09:38:01.5545318+01:00" endTime="2023-12-22T09:38:01.5545318+01:00" testType="13cdc9d9-ddb5-4fa4-a97d-d965ccfc6d4b" outcome="Passed" testListId="8c84fa94-04c1-424b-9868-57a2d4851a1d" relativeResultsDirectory="14e8e527-9f05-41b9-b232-e003e5cf45af" />
    <UnitTestResult executionId="c55b2ffd-dd42-4086-b898-7f5d8040614a" testId="e00615fe-3a8d-1512-20d9-8abe6916016f" testName="SelectTemplate_CheckBoxFilterConfiguration_ReturnsInlineTemplate" computerName="DKSR-EFI-04" duration="00:00:00.0011159" startTime="2023-12-22T09:36:30.9290401+01:00" endTime="2023-12-22T09:36:30.9290401+01:00" testType="13cdc9d9-ddb5-4fa4-a97d-d965ccfc6d4b" outcome="Passed" testListId="8c84fa94-04c1-424b-9868-57a2d4851a1d" relativeResultsDirectory="c55b2ffd-dd42-4086-b898-7f5d8040614a" />
    <UnitTestResult executionId="84ebfaea-4050-4ae8-ac3a-0907a20f8ffe" testId="968967c1-9c91-5395-ae74-dba306913820" testName="PatrollingPresetViewModel_OnPropertyChanged_Raised" computerName="DKSR-EFI-04" duration="00:00:00.0005646" startTime="2023-12-22T09:37:57.8201364+01:00" endTime="2023-12-22T09:37:57.8201364+01:00" testType="13cdc9d9-ddb5-4fa4-a97d-d965ccfc6d4b" outcome="Passed" testListId="8c84fa94-04c1-424b-9868-57a2d4851a1d" relativeResultsDirectory="84ebfaea-4050-4ae8-ac3a-0907a20f8ffe" />
    <UnitTestResult executionId="ce8feb9a-b768-42c9-9d82-ec2e7bfcfa3d" testId="d6460871-04c1-69a0-835f-12db0d68e9bd" testName="NewSearchSelectedEvent_AllCategoriesSelected_Success" computerName="DKSR-EFI-04" duration="00:00:00.0383359" startTime="2023-12-22T09:37:24.0387030+01:00" endTime="2023-12-22T09:37:24.0699488+01:00" testType="13cdc9d9-ddb5-4fa4-a97d-d965ccfc6d4b" outcome="Passed" testListId="8c84fa94-04c1-424b-9868-57a2d4851a1d" relativeResultsDirectory="ce8feb9a-b768-42c9-9d82-ec2e7bfcfa3d" />
    <UnitTestResult executionId="aab62b05-a3a5-47dd-a02c-520df10b46fb" testId="575af213-6f43-c554-7582-c09e43d49cdb" testName="ResolveSearchDefinitions_ShouldReturnResultSearchDefinition_WhenSingleSearchResultAndSearchDefinitionsContainingCorrectSearchDefinitionsAreGiven" computerName="DKSR-EFI-04" duration="00:00:00.0005089" startTime="2023-12-22T09:37:33.6950044+01:00" endTime="2023-12-22T09:37:33.6950044+01:00" testType="13cdc9d9-ddb5-4fa4-a97d-d965ccfc6d4b" outcome="Passed" testListId="8c84fa94-04c1-424b-9868-57a2d4851a1d" relativeResultsDirectory="aab62b05-a3a5-47dd-a02c-520df10b46fb" />
    <UnitTestResult executionId="cf187b5a-f471-4a0f-baf2-d7d5e50160f4" testId="a27dcab4-fe50-bb56-8a65-057bfb64a1f4" testName="ActivatedOutputIconsId_ShouldReturnUnDeactivatedIconsInAProperOrder_WhenCalled" computerName="DKSR-EFI-04" duration="00:00:00.0007111" startTime="2023-12-22T09:37:53.1169907+01:00" endTime="2023-12-22T09:37:53.1169907+01:00" testType="13cdc9d9-ddb5-4fa4-a97d-d965ccfc6d4b" outcome="Passed" testListId="8c84fa94-04c1-424b-9868-57a2d4851a1d" relativeResultsDirectory="cf187b5a-f471-4a0f-baf2-d7d5e50160f4" />
    <UnitTestResult executionId="d0e8e368-94fa-4881-ac72-29466dfd9af4" testId="64bb4b70-7e25-7afc-6d81-0c3474ed7a2b" testName="TimeLineInformationDataDto_ShouldYieldSameValues_WhenRoundTripConverted" computerName="DKSR-EFI-04" duration="00:00:00.0033607" startTime="2023-12-22T09:36:00.3820040+01:00" endTime="2023-12-22T09:36:00.3820040+01:00" testType="13cdc9d9-ddb5-4fa4-a97d-d965ccfc6d4b" outcome="Passed" testListId="8c84fa94-04c1-424b-9868-57a2d4851a1d" relativeResultsDirectory="d0e8e368-94fa-4881-ac72-29466dfd9af4" />
    <UnitTestResult executionId="62c74595-527e-4039-b16b-474f9f68fef6" testId="c6be3c70-f05e-da41-cdde-2e744b71ec65" testName="GetUserName_ShouldReturnUserNamePartOfNetworkCredentials_WhenNetworkCredentialsContainsAUserName" computerName="DKSR-EFI-04" duration="00:00:00.0018470" startTime="2023-12-22T09:36:07.6789158+01:00" endTime="2023-12-22T09:36:07.6789158+01:00" testType="13cdc9d9-ddb5-4fa4-a97d-d965ccfc6d4b" outcome="Passed" testListId="8c84fa94-04c1-424b-9868-57a2d4851a1d" relativeResultsDirectory="62c74595-527e-4039-b16b-474f9f68fef6" />
    <UnitTestResult executionId="07d27fd5-868d-405d-b97a-2f7b257501e6" testId="9f407d44-4f3f-f1b2-0cc2-8c4bc65e5f39" testName="ScrollIntoView_Synchronous_DefinitionViewAboveOutOfViewPort_Scrolled" computerName="DKSR-EFI-04" duration="00:00:00.0880965" startTime="2023-12-22T09:36:31.6009197+01:00" endTime="2023-12-22T09:36:31.6946683+01:00" testType="13cdc9d9-ddb5-4fa4-a97d-d965ccfc6d4b" outcome="Passed" testListId="8c84fa94-04c1-424b-9868-57a2d4851a1d" relativeResultsDirectory="07d27fd5-868d-405d-b97a-2f7b257501e6" />
    <UnitTestResult executionId="d730d41a-f808-4863-b35c-6116de06682f" testId="145e0ff6-94b3-8f9e-a3e6-3b43ce77eb33" testName="IsReCenterButtonVisible_MappedToViewModel_Success" computerName="DKSR-EFI-04" duration="00:00:00.0186391" startTime="2023-12-22T09:36:24.2571295+01:00" endTime="2023-12-22T09:36:24.2883781+01:00" testType="13cdc9d9-ddb5-4fa4-a97d-d965ccfc6d4b" outcome="Passed" testListId="8c84fa94-04c1-424b-9868-57a2d4851a1d" relativeResultsDirectory="d730d41a-f808-4863-b35c-6116de06682f" />
    <UnitTestResult executionId="c48f8309-8928-4704-8eee-c2d16b3982bc" testId="8a1568a6-ad98-67e4-8764-7fa07b40b0f4" testName="CameraMapItem_AddWithViewZone_XpcoServer_Success" computerName="DKSR-EFI-04" duration="00:00:00.0444598" startTime="2023-12-22T09:37:50.8513480+01:00" endTime="2023-12-22T09:37:50.8982236+01:00" testType="13cdc9d9-ddb5-4fa4-a97d-d965ccfc6d4b" outcome="Passed" testListId="8c84fa94-04c1-424b-9868-57a2d4851a1d" relativeResultsDirectory="c48f8309-8928-4704-8eee-c2d16b3982bc" />
    <UnitTestResult executionId="e3db2ce0-fdf0-4806-bfd1-05ec1b23f513" testId="43a12b2e-14a7-1d5f-4fc9-a448b6cf0edd" testName="SetLayerFeatures_ShouldRaiseArgumentException_WhenCameraKindAndNoneCameraLayerFeatures" computerName="DKSR-EFI-04" duration="00:00:00.0016195" startTime="2023-12-22T09:37:55.9607492+01:00" endTime="2023-12-22T09:37:55.9607492+01:00" testType="13cdc9d9-ddb5-4fa4-a97d-d965ccfc6d4b" outcome="Passed" testListId="8c84fa94-04c1-424b-9868-57a2d4851a1d" relativeResultsDirectory="e3db2ce0-fdf0-4806-bfd1-05ec1b23f513" />
    <UnitTestResult executionId="bb0cd975-3a74-4037-922d-c141baa6006c" testId="d5380333-0029-a673-b16f-5047c88c70d6" testName="OnIsVisiblePropertyChanged_ShouldDeactivateSoundOfAllUnmutedMicrophones_WhenHidingMicrophonesLayer" computerName="DKSR-EFI-04" duration="00:00:00.0193304" startTime="2023-12-22T09:37:53.2732414+01:00" endTime="2023-12-22T09:37:53.2888596+01:00" testType="13cdc9d9-ddb5-4fa4-a97d-d965ccfc6d4b" outcome="Passed" testListId="8c84fa94-04c1-424b-9868-57a2d4851a1d" relativeResultsDirectory="bb0cd975-3a74-4037-922d-c141baa6006c" />
    <UnitTestResult executionId="db2c42cc-411c-4f69-a96b-6353319a99e1" testId="f52b7516-be31-9d30-cb41-04f4b2fe00bf" testName="SetFeatures_NonCameraMapItemsLayer_ArgumentException" computerName="DKSR-EFI-04" duration="00:00:00.0510373" startTime="2023-12-22T09:37:52.1638544+01:00" endTime="2023-12-22T09:37:52.2107333+01:00" testType="13cdc9d9-ddb5-4fa4-a97d-d965ccfc6d4b" outcome="Passed" testListId="8c84fa94-04c1-424b-9868-57a2d4851a1d" relativeResultsDirectory="db2c42cc-411c-4f69-a96b-6353319a99e1" />
    <UnitTestResult executionId="c57cede6-1dd9-46d7-a79e-2672b44b2a41" testId="2720977a-3c1d-8925-ae8c-f10491ee0903" testName="DeviceIcons_ShouldNotBeEmpty_WhenCalled" computerName="DKSR-EFI-04" duration="00:00:00.0017677" startTime="2023-12-22T09:37:53.0388576+01:00" endTime="2023-12-22T09:37:53.0388576+01:00" testType="13cdc9d9-ddb5-4fa4-a97d-d965ccfc6d4b" outcome="Passed" testListId="8c84fa94-04c1-424b-9868-57a2d4851a1d" relativeResultsDirectory="c57cede6-1dd9-46d7-a79e-2672b44b2a41" />
    <UnitTestResult executionId="f156ceab-7231-4bc8-b458-93e51a23802d" testId="d15f2956-b0bb-0a02-ecca-d862db8848a6" testName="DeleteSearchTemplateAsync_ThrowTimeoutException_Success" computerName="DKSR-EFI-04" duration="00:00:00.0041752" startTime="2023-12-22T09:37:34.1325037+01:00" endTime="2023-12-22T09:37:34.1325037+01:00" testType="13cdc9d9-ddb5-4fa4-a97d-d965ccfc6d4b" outcome="Passed" testListId="8c84fa94-04c1-424b-9868-57a2d4851a1d" relativeResultsDirectory="f156ceab-7231-4bc8-b458-93e51a23802d" />
    <UnitTestResult executionId="b4a689fa-142c-472c-b828-757a6a2e0b6d" testId="d4a56e7d-608d-82d0-94be-2ee3ccb3dc5e" testName="ResolveSearchDefinitions_ShouldReturnResultSearchDefinition_WhenCombinedSearchResultWithSingleSubResultAndEmptySearchDefinitionsAreGiven" computerName="DKSR-EFI-04" duration="00:00:00.0006755" startTime="2023-12-22T09:37:33.7106311+01:00" endTime="2023-12-22T09:37:33.7106311+01:00" testType="13cdc9d9-ddb5-4fa4-a97d-d965ccfc6d4b" outcome="Passed" testListId="8c84fa94-04c1-424b-9868-57a2d4851a1d" relativeResultsDirectory="b4a689fa-142c-472c-b828-757a6a2e0b6d" />
    <UnitTestResult executionId="ad82ffc0-0242-4ec1-b94b-692b36c9dd5c" testId="3b017c71-375f-442c-f7b3-12802f145c64" testName="OutputIconStates_ShouldReturnOutputIconStatesInAProperOrder_WhenCalled" computerName="DKSR-EFI-04" duration="00:00:00.0019705" startTime="2023-12-22T09:37:53.1013600+01:00" endTime="2023-12-22T09:37:53.1013600+01:00" testType="13cdc9d9-ddb5-4fa4-a97d-d965ccfc6d4b" outcome="Passed" testListId="8c84fa94-04c1-424b-9868-57a2d4851a1d" relativeResultsDirectory="ad82ffc0-0242-4ec1-b94b-692b36c9dd5c" />
    <UnitTestResult executionId="f1e51988-4750-4b6e-af47-b792d5dd9a0f" testId="e76f4094-8dcd-5aeb-e147-a8a4e7a18b8c" testName="SupportsDoubleClick_ShouldBeFalse_WhenInteractionStateIsNotNormalOrNewDevice" computerName="DKSR-EFI-04" duration="00:00:00.0676442" startTime="2023-12-22T09:36:21.3664881+01:00" endTime="2023-12-22T09:36:21.4446147+01:00" testType="13cdc9d9-ddb5-4fa4-a97d-d965ccfc6d4b" outcome="Passed" testListId="8c84fa94-04c1-424b-9868-57a2d4851a1d" relativeResultsDirectory="f1e51988-4750-4b6e-af47-b792d5dd9a0f" />
    <UnitTestResult executionId="b8d410da-ecfb-40ed-a34a-53576dd40683" testId="78819630-2935-1e63-9860-8c1336d44889" testName="ConvertGridMaskTestImageViewerFormat" computerName="DKSR-EFI-04" duration="00:00:00.0002661" startTime="2023-12-22T09:38:04.1326702+01:00" endTime="2023-12-22T09:38:04.1483004+01:00" testType="13cdc9d9-ddb5-4fa4-a97d-d965ccfc6d4b" outcome="Passed" testListId="8c84fa94-04c1-424b-9868-57a2d4851a1d" relativeResultsDirectory="b8d410da-ecfb-40ed-a34a-53576dd40683" />
    <UnitTestResult executionId="8e0739be-4773-49f9-a862-14aeedd84c5e" testId="5d6c44db-c687-1340-5e99-d0beeace71f3" testName="Outline_ShouldRejectSet_WhenOutlineIsNull" computerName="DKSR-EFI-04" duration="00:00:00.0089581" startTime="2023-12-22T09:37:49.8044698+01:00" endTime="2023-12-22T09:37:49.8200910+01:00" testType="13cdc9d9-ddb5-4fa4-a97d-d965ccfc6d4b" outcome="Passed" testListId="8c84fa94-04c1-424b-9868-57a2d4851a1d" relativeResultsDirectory="8e0739be-4773-49f9-a862-14aeedd84c5e" />
    <UnitTestResult executionId="af8eea90-548d-4fcf-983d-0332f2e5787c" testId="4e7c1dac-cca0-02a1-db28-32ba9bd6a0cf" testName="ValidateExportFormats_ShouldReturnFailResult_ExportFormatRequired" computerName="DKSR-EFI-04" duration="00:00:00.0200228" startTime="2023-12-22T09:36:29.8977851+01:00" endTime="2023-12-22T09:36:29.9134094+01:00" testType="13cdc9d9-ddb5-4fa4-a97d-d965ccfc6d4b" outcome="Passed" testListId="8c84fa94-04c1-424b-9868-57a2d4851a1d" relativeResultsDirectory="af8eea90-548d-4fcf-983d-0332f2e5787c" />
    <UnitTestResult executionId="fe39b4df-fdd1-4024-98db-c8d65d5ed7c6" testId="a2c904bd-3f69-e9d9-0ae2-6c94ccb201e3" testName="GetDefaultReportDestination_NullUserSettings_ReturnsDefaultFolder" computerName="DKSR-EFI-04" duration="00:00:00.0054471" startTime="2023-12-22T09:37:24.5543306+01:00" endTime="2023-12-22T09:37:24.5699545+01:00" testType="13cdc9d9-ddb5-4fa4-a97d-d965ccfc6d4b" outcome="Passed" testListId="8c84fa94-04c1-424b-9868-57a2d4851a1d" relativeResultsDirectory="fe39b4df-fdd1-4024-98db-c8d65d5ed7c6" />
    <UnitTestResult executionId="cc9e88ee-03ac-463b-a16d-f3422deecacb" testId="7b500be0-a5d4-b64a-b894-c5511ab58617" testName="PatrollingStepListViewModel_AddStepCommand" computerName="DKSR-EFI-04" duration="00:00:00.0017377" startTime="2023-12-22T09:37:58.0388900+01:00" endTime="2023-12-22T09:37:58.0545152+01:00" testType="13cdc9d9-ddb5-4fa4-a97d-d965ccfc6d4b" outcome="Passed" testListId="8c84fa94-04c1-424b-9868-57a2d4851a1d" relativeResultsDirectory="cc9e88ee-03ac-463b-a16d-f3422deecacb" />
    <UnitTestResult executionId="2c1c301a-b654-4cf7-a505-0b7423e33af2" testId="5b8ffd61-7472-5d07-a1e1-10f78205a31d" testName="GetServerTypes_ShouldReturnFailoverServerType" computerName="DKSR-EFI-04" duration="00:00:00.0003538" startTime="2023-12-22T09:38:01.9920310+01:00" endTime="2023-12-22T09:38:01.9920310+01:00" testType="13cdc9d9-ddb5-4fa4-a97d-d965ccfc6d4b" outcome="Passed" testListId="8c84fa94-04c1-424b-9868-57a2d4851a1d" relativeResultsDirectory="2c1c301a-b654-4cf7-a505-0b7423e33af2" />
    <UnitTestResult executionId="f35fcd48-7cb0-4583-a8d0-0156b9522967" testId="a50d2941-a3c6-9371-026f-bc022ac6c222" testName="Toolbar_IsVisible_WhenNotInLiveOrPlayback_ReactsTo_ButtonBecomingVisible" computerName="DKSR-EFI-04" duration="00:00:00.0190783" startTime="2023-12-22T09:37:59.4295230+01:00" endTime="2023-12-22T09:37:59.4451488+01:00" testType="13cdc9d9-ddb5-4fa4-a97d-d965ccfc6d4b" outcome="Passed" testListId="8c84fa94-04c1-424b-9868-57a2d4851a1d" relativeResultsDirectory="f35fcd48-7cb0-4583-a8d0-0156b9522967" />
    <UnitTestResult executionId="4aaf8015-6afc-4e05-b491-7aeecdde34c1" testId="18ef78f3-1eb2-cc48-74e1-3d0d69ec27f2" testName="LoadStateFrom_OrderResultsBy_Success" computerName="DKSR-EFI-04" duration="00:00:00.0101229" startTime="2023-12-22T09:37:26.2418439+01:00" endTime="2023-12-22T09:37:26.2574659+01:00" testType="13cdc9d9-ddb5-4fa4-a97d-d965ccfc6d4b" outcome="Passed" testListId="8c84fa94-04c1-424b-9868-57a2d4851a1d" relativeResultsDirectory="4aaf8015-6afc-4e05-b491-7aeecdde34c1" />
    <UnitTestResult executionId="dccd7863-9cdd-43bc-aaf5-d8bef6a8d78b" testId="24de239e-634e-94d1-f05a-2dd6d4c77c91" testName="Parse_TwelveHours_Success" computerName="DKSR-EFI-04" duration="00:00:00.0000900" startTime="2023-12-22T09:37:34.2262577+01:00" endTime="2023-12-22T09:37:34.2262577+01:00" testType="13cdc9d9-ddb5-4fa4-a97d-d965ccfc6d4b" outcome="Passed" testListId="8c84fa94-04c1-424b-9868-57a2d4851a1d" relativeResultsDirectory="dccd7863-9cdd-43bc-aaf5-d8bef6a8d78b" />
    <UnitTestResult executionId="f5e3718a-7a7f-4c07-b241-fd77bc0e4159" testId="1cf78aaf-7e14-43de-6645-da2adf43991c" testName="Perform_ActionLongAfterFirst_Success" computerName="DKSR-EFI-04" duration="00:00:00.0016708" startTime="2023-12-22T09:36:07.3820410+01:00" endTime="2023-12-22T09:36:07.3820410+01:00" testType="13cdc9d9-ddb5-4fa4-a97d-d965ccfc6d4b" outcome="Passed" testListId="8c84fa94-04c1-424b-9868-57a2d4851a1d" relativeResultsDirectory="f5e3718a-7a7f-4c07-b241-fd77bc0e4159" />
    <UnitTestResult executionId="45b3b850-ddb2-4d2b-98a8-e865985a1182" testId="f6cae615-2487-dbea-6964-0ccca1418db3" testName="GetPrivacyMaskTest" computerName="DKSR-EFI-04" duration="00:00:00.0003241" startTime="2023-12-22T09:38:04.1483004+01:00" endTime="2023-12-22T09:38:04.1483004+01:00" testType="13cdc9d9-ddb5-4fa4-a97d-d965ccfc6d4b" outcome="Passed" testListId="8c84fa94-04c1-424b-9868-57a2d4851a1d" relativeResultsDirectory="45b3b850-ddb2-4d2b-98a8-e865985a1182" />
    <UnitTestResult executionId="f64bbce3-fb82-4342-955f-dcddb5d6ccec" testId="0a4e5b36-6578-df3d-cfd2-3d6ee660820a" testName="GetClusters_ExcludeFromClustering_OnlyClustersForExcludedItems (Data Row 8)" computerName="DKSR-EFI-04" duration="00:00:00.0083027" startTime="2023-12-22T09:37:56.0857518+01:00" endTime="2023-12-22T09:37:56.4451365+01:00" testType="13cdc9d9-ddb5-4fa4-a97d-d965ccfc6d4b" outcome="Passed" testListId="8c84fa94-04c1-424b-9868-57a2d4851a1d" relativeResultsDirectory="f64bbce3-fb82-4342-955f-dcddb5d6ccec" />
    <UnitTestResult executionId="552d0a83-309a-42d7-8574-b974fc367921" testId="ab584460-bac9-0990-0924-68a8db1e4a1e" testName="PopulateTooltip_SingleResultsFromManyCameras24Hours_ValidText" computerName="DKSR-EFI-04" duration="00:00:00.0313739" startTime="2023-12-22T09:37:17.2730388+01:00" endTime="2023-12-22T09:37:17.3042874+01:00" testType="13cdc9d9-ddb5-4fa4-a97d-d965ccfc6d4b" outcome="Passed" testListId="8c84fa94-04c1-424b-9868-57a2d4851a1d" relativeResultsDirectory="552d0a83-309a-42d7-8574-b974fc367921" />
    <UnitTestResult executionId="29bddbb0-ecce-495f-a661-4b88053c5a8d" testId="81128042-c745-b3dd-d6e9-cc3789c8a026" testName="TestConstructor_viewSelectionSetterIsNull_FailWithArgumentNullException" computerName="DKSR-EFI-04" duration="00:00:00.0174453" startTime="2023-12-22T09:36:03.9132720+01:00" endTime="2023-12-22T09:36:03.9288980+01:00" testType="13cdc9d9-ddb5-4fa4-a97d-d965ccfc6d4b" outcome="Passed" testListId="8c84fa94-04c1-424b-9868-57a2d4851a1d" relativeResultsDirectory="29bddbb0-ecce-495f-a661-4b88053c5a8d" />
    <UnitTestResult executionId="80db3259-c4de-4fe4-ac23-3a8bf84fd7d6" testId="9db4bf7e-3e99-c9d1-0a71-7ee3bc093993" testName="Serialize_ShouldSerializeCombineType_WhenPresentInData" computerName="DKSR-EFI-04" duration="00:00:00.0010187" startTime="2023-12-22T09:37:35.3825147+01:00" endTime="2023-12-22T09:37:35.3825147+01:00" testType="13cdc9d9-ddb5-4fa4-a97d-d965ccfc6d4b" outcome="Passed" testListId="8c84fa94-04c1-424b-9868-57a2d4851a1d" relativeResultsDirectory="80db3259-c4de-4fe4-ac23-3a8bf84fd7d6" />
    <UnitTestResult executionId="3f690109-ff35-4fdc-b04c-00a701b4ab36" testId="e2e868a3-fc1a-6808-398b-537acaa38f26" testName="Ctor_ShouldAddNegotiateUserCredentialsToCache_WhenServerAuthenticationIsNotSimple" computerName="DKSR-EFI-04" duration="00:00:00.0002730" startTime="2023-12-22T09:36:07.6164146+01:00" endTime="2023-12-22T09:36:07.6164146+01:00" testType="13cdc9d9-ddb5-4fa4-a97d-d965ccfc6d4b" outcome="Passed" testListId="8c84fa94-04c1-424b-9868-57a2d4851a1d" relativeResultsDirectory="3f690109-ff35-4fdc-b04c-00a701b4ab36" />
    <UnitTestResult executionId="1b36ff78-adc0-4eb2-930d-8fcf4ad36298" testId="4a1694b5-7db1-bf67-dca4-8860f0f31e9d" testName="DisplayErrorOnNotificationArea_UnknownDerivedFromSearchError_LoggingEnabled_Success" computerName="DKSR-EFI-04" duration="00:00:00.0265337" startTime="2023-12-22T09:37:28.2418456+01:00" endTime="2023-12-22T09:37:28.2730981+01:00" testType="13cdc9d9-ddb5-4fa4-a97d-d965ccfc6d4b" outcome="Passed" testListId="8c84fa94-04c1-424b-9868-57a2d4851a1d" relativeResultsDirectory="1b36ff78-adc0-4eb2-930d-8fcf4ad36298" />
    <UnitTestResult executionId="c7a56adb-9f21-4d45-af09-cead2f1eeaf6" testId="4fdd99bf-6905-0af0-30e5-6e050f489153" testName="Decorate_ShouldNotAddChildren_WhenThereAreNoLayersImplementingITitleToggleable" computerName="DKSR-EFI-04" duration="00:00:00.0017242" startTime="2023-12-22T09:36:14.8195792+01:00" endTime="2023-12-22T09:36:14.8195792+01:00" testType="13cdc9d9-ddb5-4fa4-a97d-d965ccfc6d4b" outcome="Passed" testListId="8c84fa94-04c1-424b-9868-57a2d4851a1d" relativeResultsDirectory="c7a56adb-9f21-4d45-af09-cead2f1eeaf6" />
    <UnitTestResult executionId="6eaf777f-1aa4-4721-b908-a67a8ae1e89a" testId="98514a87-c9e9-a001-7d97-02b7ed802ee7" testName="GisMapModel_AddBuilding_ServerFail_ErrorReported" computerName="DKSR-EFI-04" duration="00:00:00.0661795" startTime="2023-12-22T09:37:50.3044697+01:00" endTime="2023-12-22T09:37:50.3669689+01:00" testType="13cdc9d9-ddb5-4fa4-a97d-d965ccfc6d4b" outcome="Passed" testListId="8c84fa94-04c1-424b-9868-57a2d4851a1d" relativeResultsDirectory="6eaf777f-1aa4-4721-b908-a67a8ae1e89a">
      <Output>
        <StdOut>Debug Trace:&#xD;
 &gt;&gt;&gt; ERROR: System.ArgumentNullException: Value cannot be null.&#xD;
Parameter name: response&#xD;
   at VideoOS.RemoteClient.GisMapData.Utilities.VersionHelper.ReportUnsupportedData(Type sourceType, String operation, UnsupportedRespBase response) in D:\actions-runner\_work\XPCO\XPCO\SC\Components\dotNet\VideoOS.RemoteClient.GisMapData\Utilities\VersionHelper.cs:line 56&#xD;
   at VideoOS.RemoteClient.GisMapData.GisMapModelController.&lt;&gt;c__DisplayClass50_0.&lt;AddBuildings&gt;b__0() in D:\actions-runner\_work\XPCO\XPCO\SC\Components\dotNet\VideoOS.RemoteClient.GisMapData\GisMapModelController.cs:line 686&#xD;
   at System.Threading.Tasks.Task`1.InnerInvoke()&#xD;
   at System.Threading.Tasks.Task.Execute()&#xD;
 &gt;&gt;&gt; Stack:    at VideoOS.RemoteClient.GisMapData.Utilities.VersionHelper.ReportUnsupportedData(Type sourceType, String operation, UnsupportedRespBase response) in D:\actions-runner\_work\XPCO\XPCO\SC\Components\dotNet\VideoOS.RemoteClient.GisMapData\Utilities\VersionHelper.cs:line 56&#xD;    at VideoOS.RemoteClient.GisMapData.GisMapModelController.&lt;&gt;c__DisplayClass50_0.&lt;AddBuildings&gt;b__0() in D:\actions-runner\_work\XPCO\XPCO\SC\Components\dotNet\VideoOS.RemoteClient.GisMapData\GisMapModelController.cs:line 686&#xD;    at System.Threading.Tasks.Task`1.InnerInvoke()&#xD;    at System.Threading.Tasks.Task.Execute()</StdOut>
      </Output>
    </UnitTestResult>
    <UnitTestResult executionId="15e8529b-1eb0-4f2f-a500-8a87fd904d92" testId="3011877c-371c-af3a-5f96-72aad6f976b4" testName="GetUserOptions_ShouldReturnCustomSettingsFromOldAndNewKey_WhenDataIsAvailableInTheSystem" computerName="DKSR-EFI-04" duration="00:00:00.0033522" startTime="2023-12-22T09:38:00.3982776+01:00" endTime="2023-12-22T09:38:00.3982776+01:00" testType="13cdc9d9-ddb5-4fa4-a97d-d965ccfc6d4b" outcome="Passed" testListId="8c84fa94-04c1-424b-9868-57a2d4851a1d" relativeResultsDirectory="15e8529b-1eb0-4f2f-a500-8a87fd904d92" />
    <UnitTestResult executionId="54e27cfe-65d5-4135-829e-9a67091c43db" testId="97233566-784e-0a25-ecca-3d6658603571" testName="Constructor_ShouldInitialiseDeviceSelectorWindowViewModel_WhenCreatingInstance" computerName="DKSR-EFI-04" duration="00:00:00.0544286" startTime="2023-12-22T09:36:13.3976955+01:00" endTime="2023-12-22T09:36:13.4445700+01:00" testType="13cdc9d9-ddb5-4fa4-a97d-d965ccfc6d4b" outcome="Passed" testListId="8c84fa94-04c1-424b-9868-57a2d4851a1d" relativeResultsDirectory="54e27cfe-65d5-4135-829e-9a67091c43db" />
    <UnitTestResult executionId="28c8c419-4c0c-423a-8201-4a22ecd3633f" testId="d640e950-edb7-4ec2-9af0-4b559a6b67cf" testName="UpdateItemState_Hidden_WrongWorkSpaceState" computerName="DKSR-EFI-04" duration="00:00:00.0043986" startTime="2023-12-22T09:38:04.2264200+01:00" endTime="2023-12-22T09:38:04.2420530+01:00" testType="13cdc9d9-ddb5-4fa4-a97d-d965ccfc6d4b" outcome="Passed" testListId="8c84fa94-04c1-424b-9868-57a2d4851a1d" relativeResultsDirectory="28c8c419-4c0c-423a-8201-4a22ecd3633f" />
    <UnitTestResult executionId="51d1e14c-a753-4834-af47-9eff641a65d4" testId="57d998ab-72e0-6699-7a67-4312514fd442" testName="ToTimeScope_YesterdayInTransitionToDST_Success" computerName="DKSR-EFI-04" duration="00:00:00.0010225" startTime="2023-12-22T09:37:34.2418814+01:00" endTime="2023-12-22T09:37:34.2418814+01:00" testType="13cdc9d9-ddb5-4fa4-a97d-d965ccfc6d4b" outcome="Passed" testListId="8c84fa94-04c1-424b-9868-57a2d4851a1d" relativeResultsDirectory="51d1e14c-a753-4834-af47-9eff641a65d4" />
    <UnitTestResult executionId="f4cb4d1c-4a1a-4b53-95f5-e6a847422960" testId="f680908c-3b4b-7b4d-7066-6e5fce7c0b27" testName="GetClusters_ExcludeThenIncludeExcludedItems_NoChange (Data Row 11)" computerName="DKSR-EFI-04" duration="00:00:00.0110817" startTime="2023-12-22T09:37:56.4607518+01:00" endTime="2023-12-22T09:37:56.6638974+01:00" testType="13cdc9d9-ddb5-4fa4-a97d-d965ccfc6d4b" outcome="Passed" testListId="8c84fa94-04c1-424b-9868-57a2d4851a1d" relativeResultsDirectory="f4cb4d1c-4a1a-4b53-95f5-e6a847422960" />
    <UnitTestResult executionId="e942bcf2-b124-471f-982f-6b44b8f9af9c" testId="1bd47a22-fa5c-5334-c7fb-8e1b4053f662" testName="Map_Layers_InsertDirectly_Fail" computerName="DKSR-EFI-04" duration="00:00:00.0073493" startTime="2023-12-22T09:37:52.5857345+01:00" endTime="2023-12-22T09:37:52.6013642+01:00" testType="13cdc9d9-ddb5-4fa4-a97d-d965ccfc6d4b" outcome="Passed" testListId="8c84fa94-04c1-424b-9868-57a2d4851a1d" relativeResultsDirectory="e942bcf2-b124-471f-982f-6b44b8f9af9c" />
    <UnitTestResult executionId="6bdf783c-8546-451c-99e8-34f733ce043c" testId="618671da-f82c-c489-4e50-3ec438e9a9d0" testName="Connect_SucceedeInConnectingWithOAuthSecure_ShouldReturnTrue" computerName="DKSR-EFI-04" duration="00:00:00.0703416" startTime="2023-12-22T09:36:00.0538738+01:00" endTime="2023-12-22T09:36:00.1320007+01:00" testType="13cdc9d9-ddb5-4fa4-a97d-d965ccfc6d4b" outcome="Passed" testListId="8c84fa94-04c1-424b-9868-57a2d4851a1d" relativeResultsDirectory="6bdf783c-8546-451c-99e8-34f733ce043c" />
    <UnitTestResult executionId="d3b346b9-deaa-4d03-8ffa-70e45ceeb963" testId="6c2035c4-97e2-d122-0c36-23cf8131de7d" testName="PtzSessionControllerInfoConstructorTest_From_PtzSessionInfo_Basic_User_Current" computerName="DKSR-EFI-04" duration="00:00:00.0013005" startTime="2023-12-22T09:36:07.2257900+01:00" endTime="2023-12-22T09:36:07.2257900+01:00" testType="13cdc9d9-ddb5-4fa4-a97d-d965ccfc6d4b" outcome="Passed" testListId="8c84fa94-04c1-424b-9868-57a2d4851a1d" relativeResultsDirectory="d3b346b9-deaa-4d03-8ffa-70e45ceeb963" />
    <UnitTestResult executionId="ee699448-14c8-4002-be24-be7f6397701b" testId="d35bc711-77c3-11d0-bc06-2b27557cb244" testName="Decorate_ShouldNotAddChildren_WhenLayerVisibilityItemDataHasANonCameraLayer" computerName="DKSR-EFI-04" duration="00:00:00.0015275" startTime="2023-12-22T09:36:14.8508286+01:00" endTime="2023-12-22T09:36:14.8508286+01:00" testType="13cdc9d9-ddb5-4fa4-a97d-d965ccfc6d4b" outcome="Passed" testListId="8c84fa94-04c1-424b-9868-57a2d4851a1d" relativeResultsDirectory="ee699448-14c8-4002-be24-be7f6397701b" />
    <UnitTestResult executionId="781c4ad2-6f6d-447a-84b0-d92bbb575e57" testId="8e2c4cca-7551-4f11-2133-425fd4297ee4" testName="SelectedComponent_ShouldDefaultToFirstComponent_WhenSettingsDialogIsOpened" computerName="DKSR-EFI-04" duration="00:00:00.0181659" startTime="2023-12-22T09:37:58.1951415+01:00" endTime="2023-12-22T09:37:58.2107615+01:00" testType="13cdc9d9-ddb5-4fa4-a97d-d965ccfc6d4b" outcome="Passed" testListId="8c84fa94-04c1-424b-9868-57a2d4851a1d" relativeResultsDirectory="781c4ad2-6f6d-447a-84b0-d92bbb575e57" />
    <UnitTestResult executionId="4432412f-c1c4-41a7-95c9-13eb2550935c" testId="baa96bb4-9a62-b146-14d8-03dbee056087" testName="ActionBarPluginEnabled_SinglePluginWithEnoughRoom_PluginButtonPresentInActionBar" computerName="DKSR-EFI-04" duration="00:00:00.0705027" startTime="2023-12-22T09:36:33.2884282+01:00" endTime="2023-12-22T09:36:33.3665539+01:00" testType="13cdc9d9-ddb5-4fa4-a97d-d965ccfc6d4b" outcome="Passed" testListId="8c84fa94-04c1-424b-9868-57a2d4851a1d" relativeResultsDirectory="4432412f-c1c4-41a7-95c9-13eb2550935c" />
    <UnitTestResult executionId="92dc861e-07e3-4fbc-a613-14716a444dc9" testId="d8d8f61c-66c0-35aa-72e8-108d872447d5" testName="UpdateScope_AbsoluteScopeDurationFromTimeChanged_ReturnsTrue" computerName="DKSR-EFI-04" duration="00:00:00.0002012" startTime="2023-12-22T09:37:35.1637634+01:00" endTime="2023-12-22T09:37:35.1637634+01:00" testType="13cdc9d9-ddb5-4fa4-a97d-d965ccfc6d4b" outcome="Passed" testListId="8c84fa94-04c1-424b-9868-57a2d4851a1d" relativeResultsDirectory="92dc861e-07e3-4fbc-a613-14716a444dc9" />
    <UnitTestResult executionId="b1cf1ba5-4f6c-4879-a1fd-0a584a48c979" testId="f655cfd1-db07-f37a-bdd0-c0091f35a2db" testName="SmartMapGoToPositionHandler_WhenWindowIdDoesNotMatch_ShouldDoNothing" computerName="DKSR-EFI-04" duration="00:00:00.0063343" startTime="2023-12-22T09:36:23.6790047+01:00" endTime="2023-12-22T09:36:23.6946276+01:00" testType="13cdc9d9-ddb5-4fa4-a97d-d965ccfc6d4b" outcome="Passed" testListId="8c84fa94-04c1-424b-9868-57a2d4851a1d" relativeResultsDirectory="b1cf1ba5-4f6c-4879-a1fd-0a584a48c979" />
    <UnitTestResult executionId="a1431819-2a5b-46f0-84e5-d29873218ed1" testId="b292696a-1665-7718-2677-c233de8e9b49" testName="UserHasDeletePublicSearchPermission_HasDeletePermission_ReturnsTrue" computerName="DKSR-EFI-04" duration="00:00:00.0004422" startTime="2023-12-22T09:37:33.8825089+01:00" endTime="2023-12-22T09:37:33.8825089+01:00" testType="13cdc9d9-ddb5-4fa4-a97d-d965ccfc6d4b" outcome="Passed" testListId="8c84fa94-04c1-424b-9868-57a2d4851a1d" relativeResultsDirectory="a1431819-2a5b-46f0-84e5-d29873218ed1" />
    <UnitTestResult executionId="10946f66-894f-429f-911f-a4c9c8c332d8" testId="2c8890ce-c89d-6a9e-b8c6-3ef6c4bffec5" testName="IsDeviceSupported_ShouldReturnTrue_WhenMicrophoneKind" computerName="DKSR-EFI-04" duration="00:00:00.0002141" startTime="2023-12-22T09:36:27.1946435+01:00" endTime="2023-12-22T09:36:27.2102703+01:00" testType="13cdc9d9-ddb5-4fa4-a97d-d965ccfc6d4b" outcome="Passed" testListId="8c84fa94-04c1-424b-9868-57a2d4851a1d" relativeResultsDirectory="10946f66-894f-429f-911f-a4c9c8c332d8" />
    <UnitTestResult executionId="7c303e5e-6a58-41de-9c19-a85862553d85" testId="b7e1ee47-1435-7822-cf95-e3720fecc94e" testName="StartSelection_ShouldNotClearAnyExistingSelections_WhenAddingToExitingSelection" computerName="DKSR-EFI-04" duration="00:00:00.0014398" startTime="2023-12-22T09:36:18.7883490+01:00" endTime="2023-12-22T09:36:18.7883490+01:00" testType="13cdc9d9-ddb5-4fa4-a97d-d965ccfc6d4b" outcome="Passed" testListId="8c84fa94-04c1-424b-9868-57a2d4851a1d" relativeResultsDirectory="7c303e5e-6a58-41de-9c19-a85862553d85" />
    <UnitTestResult executionId="388147b7-ef92-4457-945c-df82aa467057" testId="c0f25cd3-6ed3-eae8-438d-18b69791b31c" testName="DateToStringConverter_Ctor_Success" computerName="DKSR-EFI-04" duration="00:00:00.0046626" startTime="2023-12-22T09:37:04.0385935+01:00" endTime="2023-12-22T09:37:04.0385935+01:00" testType="13cdc9d9-ddb5-4fa4-a97d-d965ccfc6d4b" outcome="Passed" testListId="8c84fa94-04c1-424b-9868-57a2d4851a1d" relativeResultsDirectory="388147b7-ef92-4457-945c-df82aa467057" />
    <UnitTestResult executionId="97b041f0-a18c-4ada-a0f4-ca1aede715d6" testId="10564402-f576-f83c-7508-dc98243ffb4b" testName="FocusedSearchResultChanged_NoSearchResultSelected_NavigateToHome" computerName="DKSR-EFI-04" duration="00:00:00.0394899" startTime="2023-12-22T09:37:21.2574384+01:00" endTime="2023-12-22T09:37:21.3043097+01:00" testType="13cdc9d9-ddb5-4fa4-a97d-d965ccfc6d4b" outcome="Passed" testListId="8c84fa94-04c1-424b-9868-57a2d4851a1d" relativeResultsDirectory="97b041f0-a18c-4ada-a0f4-ca1aede715d6" />
    <UnitTestResult executionId="a00ed36d-d396-4e6a-85ab-a6e046f64d1a" testId="973652a4-37ac-8c5a-9df8-ff32f79b8968" testName="DisplayErrorOnNotificationArea_InvalidAttributeSearchError_Success" computerName="DKSR-EFI-04" duration="00:00:00.0198191" startTime="2023-12-22T09:37:28.1324702+01:00" endTime="2023-12-22T09:37:28.1637225+01:00" testType="13cdc9d9-ddb5-4fa4-a97d-d965ccfc6d4b" outcome="Passed" testListId="8c84fa94-04c1-424b-9868-57a2d4851a1d" relativeResultsDirectory="a00ed36d-d396-4e6a-85ab-a6e046f64d1a" />
    <UnitTestResult executionId="7918407b-1d44-4244-9eaa-82f51eb23114" testId="9c23bc24-c1ee-6f47-512c-5d239bfcd591" testName="HasMd5ProviderStrategy_ShouldReturnTrue_WhenSomeEventServerIdAreNonFipsCompliant" computerName="DKSR-EFI-04" duration="00:00:00.0004249" startTime="2023-12-22T09:38:07.8670695+01:00" endTime="2023-12-22T09:38:07.8670695+01:00" testType="13cdc9d9-ddb5-4fa4-a97d-d965ccfc6d4b" outcome="Passed" testListId="8c84fa94-04c1-424b-9868-57a2d4851a1d" relativeResultsDirectory="7918407b-1d44-4244-9eaa-82f51eb23114" />
    <UnitTestResult executionId="c96a0258-ba62-4c6c-87a6-573596cc0327" testId="c9e65ace-67e8-aaf0-227a-cc6ee9b8878a" testName="Perform_ActionFastAfterFirst_Delay" computerName="DKSR-EFI-04" duration="00:00:00.0311860" startTime="2023-12-22T09:36:07.3507900+01:00" endTime="2023-12-22T09:36:07.3820410+01:00" testType="13cdc9d9-ddb5-4fa4-a97d-d965ccfc6d4b" outcome="Passed" testListId="8c84fa94-04c1-424b-9868-57a2d4851a1d" relativeResultsDirectory="c96a0258-ba62-4c6c-87a6-573596cc0327" />
    <UnitTestResult executionId="06114b7e-5420-4677-b14b-947ffadd6d43" testId="8ccd7a8f-ef67-0ae3-b153-d3f9ffe8fcc3" testName="SmartMapGoToAreaHandler_WhenDataIsValid_ShouldCallNavigateTo" computerName="DKSR-EFI-04" duration="00:00:00.0074000" startTime="2023-12-22T09:36:23.7258771+01:00" endTime="2023-12-22T09:36:23.7415025+01:00" testType="13cdc9d9-ddb5-4fa4-a97d-d965ccfc6d4b" outcome="Passed" testListId="8c84fa94-04c1-424b-9868-57a2d4851a1d" relativeResultsDirectory="06114b7e-5420-4677-b14b-947ffadd6d43" />
    <UnitTestResult executionId="9b6d1dc3-1437-4fe0-8c80-79e381adf104" testId="89684484-4d0f-00a8-989b-9cbdfecf3e30" testName="GetSnapshots_InvalidSnapshotPath_Failure" computerName="DKSR-EFI-04" duration="00:00:00.2676081" startTime="2023-12-22T09:37:33.1950087+01:00" endTime="2023-12-22T09:37:33.4606356+01:00" testType="13cdc9d9-ddb5-4fa4-a97d-d965ccfc6d4b" outcome="Passed" testListId="8c84fa94-04c1-424b-9868-57a2d4851a1d" relativeResultsDirectory="9b6d1dc3-1437-4fe0-8c80-79e381adf104" />
    <UnitTestResult executionId="e44f9327-b091-45d5-9dfe-373fa3e1812e" testId="593930ca-a7df-1408-b332-7a4bf0c72a54" testName="State_ShouldUpdateMicrophoneIconId_WhenSetToMute" computerName="DKSR-EFI-04" duration="00:00:00.0121574" startTime="2023-12-22T09:37:54.5857418+01:00" endTime="2023-12-22T09:37:54.6013768+01:00" testType="13cdc9d9-ddb5-4fa4-a97d-d965ccfc6d4b" outcome="Passed" testListId="8c84fa94-04c1-424b-9868-57a2d4851a1d" relativeResultsDirectory="e44f9327-b091-45d5-9dfe-373fa3e1812e" />
    <UnitTestResult executionId="c025a0f0-be85-4088-b242-0d6c14c9fa82" testId="834cde2d-9602-045a-ea86-c849382faa06" testName="ResolveBaseResultProperties_ShouldOnlyReturnASingleTriggerTime_WhenThreeOutOfFourTriggerTimesAreOutsideBeginEnd" computerName="DKSR-EFI-04" duration="00:00:00.0017800" startTime="2023-12-22T09:37:33.7418819+01:00" endTime="2023-12-22T09:37:33.7418819+01:00" testType="13cdc9d9-ddb5-4fa4-a97d-d965ccfc6d4b" outcome="Passed" testListId="8c84fa94-04c1-424b-9868-57a2d4851a1d" relativeResultsDirectory="c025a0f0-be85-4088-b242-0d6c14c9fa82" />
    <UnitTestResult executionId="8a7ca150-a5d3-48b7-ad8f-03cd35d609cd" testId="8a54600b-ddfe-122f-8fbb-15179853629f" testName="ScWorkspaceStateChangedEvent_ShouldSetDeviceStateToMuted_WhenSwitchingToSetupModeAndDeviceStateIsUnMuted" computerName="DKSR-EFI-04" duration="00:00:00.0372994" startTime="2023-12-22T09:37:53.1326241+01:00" endTime="2023-12-22T09:37:53.1794884+01:00" testType="13cdc9d9-ddb5-4fa4-a97d-d965ccfc6d4b" outcome="Passed" testListId="8c84fa94-04c1-424b-9868-57a2d4851a1d" relativeResultsDirectory="8a7ca150-a5d3-48b7-ad8f-03cd35d609cd" />
    <UnitTestResult executionId="246df007-9f5a-435e-9cfc-b8b698a3fb37" testId="cb536c37-af93-5a21-739a-c12d45516012" testName="GetLayerFeatures_ShouldReturnCameraLayerFeatures_WhenCameraKind" computerName="DKSR-EFI-04" duration="00:00:00.0016265" startTime="2023-12-22T09:37:55.9138735+01:00" endTime="2023-12-22T09:37:55.9138735+01:00" testType="13cdc9d9-ddb5-4fa4-a97d-d965ccfc6d4b" outcome="Passed" testListId="8c84fa94-04c1-424b-9868-57a2d4851a1d" relativeResultsDirectory="246df007-9f5a-435e-9cfc-b8b698a3fb37" />
    <UnitTestResult executionId="28e82cc2-724b-4c31-be8f-be4526238cfa" testId="af9e36c7-6a97-f2e2-549f-4bcadfe1d626" testName="DateToStringConverter_ConvertBack_Fail" computerName="DKSR-EFI-04" duration="00:00:00.0016153" startTime="2023-12-22T09:37:04.0542183+01:00" endTime="2023-12-22T09:37:04.0542183+01:00" testType="13cdc9d9-ddb5-4fa4-a97d-d965ccfc6d4b" outcome="Passed" testListId="8c84fa94-04c1-424b-9868-57a2d4851a1d" relativeResultsDirectory="28e82cc2-724b-4c31-be8f-be4526238cfa" />
    <UnitTestResult executionId="533d0e41-8ed2-441f-af09-9ae8f0c4d246" testId="f192461d-c04b-ccd8-4669-21b5fa7a7ede" testName="SuspendedPropertyChanged_Success" computerName="DKSR-EFI-04" duration="00:00:01.3765688" startTime="2023-12-22T09:36:57.9448102+01:00" endTime="2023-12-22T09:36:59.3198153+01:00" testType="13cdc9d9-ddb5-4fa4-a97d-d965ccfc6d4b" outcome="Passed" testListId="8c84fa94-04c1-424b-9868-57a2d4851a1d" relativeResultsDirectory="533d0e41-8ed2-441f-af09-9ae8f0c4d246" />
    <UnitTestResult executionId="92eb1e73-8222-40ce-aed3-f4fa8eca8771" testId="0a4e5b36-6578-df3d-cfd2-3d6ee660820a" testName="GetClusters_ExcludeFromClustering_OnlyClustersForExcludedItems (Data Row 11)" computerName="DKSR-EFI-04" duration="00:00:00.0083655" startTime="2023-12-22T09:37:56.0857518+01:00" endTime="2023-12-22T09:37:56.4451365+01:00" testType="13cdc9d9-ddb5-4fa4-a97d-d965ccfc6d4b" outcome="Passed" testListId="8c84fa94-04c1-424b-9868-57a2d4851a1d" relativeResultsDirectory="92eb1e73-8222-40ce-aed3-f4fa8eca8771" />
    <UnitTestResult executionId="5d453721-e454-4ed1-ab49-ae1e54827f4c" testId="bd4280d2-c5d6-9ce8-8082-e33833fcfdb0" testName="ToSafeName_SingleUnsafeName_Success" computerName="DKSR-EFI-04" duration="00:00:00.0000944" startTime="2023-12-22T09:38:06.2733052+01:00" endTime="2023-12-22T09:38:06.2733052+01:00" testType="13cdc9d9-ddb5-4fa4-a97d-d965ccfc6d4b" outcome="Passed" testListId="8c84fa94-04c1-424b-9868-57a2d4851a1d" relativeResultsDirectory="5d453721-e454-4ed1-ab49-ae1e54827f4c" />
    <UnitTestResult executionId="bb910047-03d3-4d8c-bfb9-5ff8bc759059" testId="1e269b48-31d1-e9d9-6456-feb927b5229e" testName="GetFeatures_NonCameraMapItemsLayer_ArgumentException" computerName="DKSR-EFI-04" duration="00:00:00.0639098" startTime="2023-12-22T09:37:52.0857288+01:00" endTime="2023-12-22T09:37:52.1638544+01:00" testType="13cdc9d9-ddb5-4fa4-a97d-d965ccfc6d4b" outcome="Passed" testListId="8c84fa94-04c1-424b-9868-57a2d4851a1d" relativeResultsDirectory="bb910047-03d3-4d8c-bfb9-5ff8bc759059" />
    <UnitTestResult executionId="a32bf271-5c9b-45df-94e1-3a3cd360ddc3" testId="fb14c4a0-3abe-1800-58f2-38754bcd2463" testName="Optics enabled, forced" computerName="DKSR-EFI-04" duration="00:00:00.0008073" startTime="2023-12-22T09:36:28.6165263+01:00" endTime="2023-12-22T09:36:28.6165263+01:00" testType="13cdc9d9-ddb5-4fa4-a97d-d965ccfc6d4b" outcome="Passed" testListId="8c84fa94-04c1-424b-9868-57a2d4851a1d" relativeResultsDirectory="a32bf271-5c9b-45df-94e1-3a3cd360ddc3" />
    <UnitTestResult executionId="ab130fad-078c-4975-afd4-dcd7f4381ecd" testId="58207370-d2d3-1d5b-355d-7ed4a3b1c8b1" testName="BookmarkSearchTime_WithSearchStringInDifferentCases_ReturnCorrectBookmarkWithSearchStringInDescription (SeArChStRiNg,False,True,True,True,,,1)" computerName="DKSR-EFI-04" duration="00:00:00.0066796" startTime="2023-12-22T09:38:01.3045326+01:00" endTime="2023-12-22T09:38:01.3201588+01:00" testType="13cdc9d9-ddb5-4fa4-a97d-d965ccfc6d4b" outcome="Passed" testListId="8c84fa94-04c1-424b-9868-57a2d4851a1d" relativeResultsDirectory="ab130fad-078c-4975-afd4-dcd7f4381ecd" />
    <UnitTestResult executionId="67cf7259-cd11-4408-8ae7-a198aabfb6ff" testId="1576a34d-4425-e758-2eec-5a2e4ef4d6ef" testName="ErrorOccurred_Exception_Success" computerName="DKSR-EFI-04" duration="00:00:00.0098195" startTime="2023-12-22T09:37:34.7887657+01:00" endTime="2023-12-22T09:37:34.7887657+01:00" testType="13cdc9d9-ddb5-4fa4-a97d-d965ccfc6d4b" outcome="Passed" testListId="8c84fa94-04c1-424b-9868-57a2d4851a1d" relativeResultsDirectory="67cf7259-cd11-4408-8ae7-a198aabfb6ff">
      <Output>
        <StdOut>Debug Trace:&#xD;
&gt;&gt;&gt; message: Error when searching in search agent: "Category Name" with message: "Error message"</StdOut>
      </Output>
    </UnitTestResult>
    <UnitTestResult executionId="4360f801-5a6f-4b48-b2fe-cb3e0c68e6bd" testId="83ccd97a-3d39-ee6a-e0f8-f15f62764577" testName="GetIsOpenStreetMapValid_ShouldReturnTrue_WhenGeographicLayerIsNullAndAlternativeServerHasValidUrl" computerName="DKSR-EFI-04" duration="00:00:00.0006456" startTime="2023-12-22T09:37:55.8670005+01:00" endTime="2023-12-22T09:37:55.8670005+01:00" testType="13cdc9d9-ddb5-4fa4-a97d-d965ccfc6d4b" outcome="Passed" testListId="8c84fa94-04c1-424b-9868-57a2d4851a1d" relativeResultsDirectory="4360f801-5a6f-4b48-b2fe-cb3e0c68e6bd" />
    <UnitTestResult executionId="97c155f6-e22c-43ef-b804-151e49b52aa9" testId="9a94a475-1b0f-e9b3-ba5e-634b89ce686f" testName="HandleGetDeviceData_ShouldReturnNotFoundDeviceData_WhenCalled" computerName="DKSR-EFI-04" duration="00:00:00.0003083" startTime="2023-12-22T09:36:26.6946416+01:00" endTime="2023-12-22T09:36:26.7102662+01:00" testType="13cdc9d9-ddb5-4fa4-a97d-d965ccfc6d4b" outcome="Passed" testListId="8c84fa94-04c1-424b-9868-57a2d4851a1d" relativeResultsDirectory="97c155f6-e22c-43ef-b804-151e49b52aa9" />
    <UnitTestResult executionId="a1386cd7-ba84-4b0b-8b82-a65a209766fa" testId="720fe66f-b8b5-d4e5-7a83-b546dcd33e63" testName="PatrollingProfileListViewModel_AddProfileCommand" computerName="DKSR-EFI-04" duration="00:00:00.0022304" startTime="2023-12-22T09:37:57.8982708+01:00" endTime="2023-12-22T09:37:57.8982708+01:00" testType="13cdc9d9-ddb5-4fa4-a97d-d965ccfc6d4b" outcome="Passed" testListId="8c84fa94-04c1-424b-9868-57a2d4851a1d" relativeResultsDirectory="a1386cd7-ba84-4b0b-8b82-a65a209766fa" />
    <UnitTestResult executionId="1b778190-44d2-4cbc-b7e7-4be3cadd1922" testId="98d6e5bd-b7db-7e62-faab-cf0ab9b4f07d" testName="LoadSaveStateFrom_UnknownOrderResultsBy_Success" computerName="DKSR-EFI-04" duration="00:00:00.0046224" startTime="2023-12-22T09:37:26.2730950+01:00" endTime="2023-12-22T09:37:26.2730950+01:00" testType="13cdc9d9-ddb5-4fa4-a97d-d965ccfc6d4b" outcome="Passed" testListId="8c84fa94-04c1-424b-9868-57a2d4851a1d" relativeResultsDirectory="1b778190-44d2-4cbc-b7e7-4be3cadd1922" />
    <UnitTestResult executionId="cf564457-ada6-436d-b284-2029e49023c5" testId="aa78a0a1-2106-fb0e-c153-f9f2a07b5821" testName="PatrollingStepViewModel_ConvertToIPatrollingStep" computerName="DKSR-EFI-04" duration="00:00:00.0016424" startTime="2023-12-22T09:37:58.1326347+01:00" endTime="2023-12-22T09:37:58.1482679+01:00" testType="13cdc9d9-ddb5-4fa4-a97d-d965ccfc6d4b" outcome="Passed" testListId="8c84fa94-04c1-424b-9868-57a2d4851a1d" relativeResultsDirectory="cf564457-ada6-436d-b284-2029e49023c5" />
    <UnitTestResult executionId="611085a7-1098-4c94-831b-5e962b592bdd" testId="425d7941-e1e0-5212-c622-83e7ab8c692e" testName="Decorate_ShouldNotRaiseMoreThanOneWindowMouseDownEvent_WhenCalledMultipleTimes" computerName="DKSR-EFI-04" duration="00:00:00.0007400" startTime="2023-12-22T09:36:11.6320620+01:00" endTime="2023-12-22T09:36:11.6320620+01:00" testType="13cdc9d9-ddb5-4fa4-a97d-d965ccfc6d4b" outcome="Passed" testListId="8c84fa94-04c1-424b-9868-57a2d4851a1d" relativeResultsDirectory="611085a7-1098-4c94-831b-5e962b592bdd" />
    <UnitTestResult executionId="8a762496-6e41-43e2-8af9-3cd518166380" testId="e788a2d0-4486-022b-835a-f533cc3033d2" testName="DeviceIcons_ShouldBeCached_WhenCalled" computerName="DKSR-EFI-04" duration="00:00:00.0001682" startTime="2023-12-22T09:37:53.1013600+01:00" endTime="2023-12-22T09:37:53.1013600+01:00" testType="13cdc9d9-ddb5-4fa4-a97d-d965ccfc6d4b" outcome="Passed" testListId="8c84fa94-04c1-424b-9868-57a2d4851a1d" relativeResultsDirectory="8a762496-6e41-43e2-8af9-3cd518166380" />
    <UnitTestResult executionId="a9d7caba-cd9d-49a7-924b-cfd4788ff90b" testId="5711c871-ad4e-1c97-b7af-50ef5d9eff82" testName="ServerAuthentication_ShouldReturnLegacyBasic_WhenConstructedUsingSimple" computerName="DKSR-EFI-04" duration="00:00:00.0002458" startTime="2023-12-22T09:36:07.6945402+01:00" endTime="2023-12-22T09:36:07.6945402+01:00" testType="13cdc9d9-ddb5-4fa4-a97d-d965ccfc6d4b" outcome="Passed" testListId="8c84fa94-04c1-424b-9868-57a2d4851a1d" relativeResultsDirectory="a9d7caba-cd9d-49a7-924b-cfd4788ff90b" />
    <UnitTestResult executionId="d1664a91-4015-4d06-9062-130686db200a" testId="69439449-9ebe-29e2-c62e-065951471c5d" testName="Serialize_ShouldNotSerializeCombineType_WhenNotPresentInData" computerName="DKSR-EFI-04" duration="00:00:00.0005932" startTime="2023-12-22T09:37:35.3825147+01:00" endTime="2023-12-22T09:37:35.3825147+01:00" testType="13cdc9d9-ddb5-4fa4-a97d-d965ccfc6d4b" outcome="Passed" testListId="8c84fa94-04c1-424b-9868-57a2d4851a1d" relativeResultsDirectory="d1664a91-4015-4d06-9062-130686db200a" />
    <UnitTestResult executionId="38f553eb-0ee9-42dd-b932-5205c554dfcd" testId="197e6921-40ea-6a05-42eb-bd7a939f37cd" testName="IsProductionEnvironment_ShouldReturnCorrectValue (somethingRandom,False)" computerName="DKSR-EFI-04" duration="00:00:00.0000053" startTime="2023-12-22T09:38:06.2576843+01:00" endTime="2023-12-22T09:38:06.2576843+01:00" testType="13cdc9d9-ddb5-4fa4-a97d-d965ccfc6d4b" outcome="Passed" testListId="8c84fa94-04c1-424b-9868-57a2d4851a1d" relativeResultsDirectory="38f553eb-0ee9-42dd-b932-5205c554dfcd" />
    <UnitTestResult executionId="a9a08107-a702-42cf-a871-dc8a2f5bc147" testId="a890ab18-0d5c-e9a7-db4d-696ea60071f9" testName="IsServer_ShouldReturnTrue_WhenAllServersSelected" computerName="DKSR-EFI-04" duration="00:00:00.0013768" startTime="2023-12-22T09:38:02.0232876+01:00" endTime="2023-12-22T09:38:02.0232876+01:00" testType="13cdc9d9-ddb5-4fa4-a97d-d965ccfc6d4b" outcome="Passed" testListId="8c84fa94-04c1-424b-9868-57a2d4851a1d" relativeResultsDirectory="a9a08107-a702-42cf-a871-dc8a2f5bc147" />
    <UnitTestResult executionId="a3f6d933-f364-4665-8cf9-c899f4a9db59" testId="3a324bfc-234e-c9df-2934-23de7ff42e44" testName="TriggerTime_ShouldBeSetToValueOfSearchResult" computerName="DKSR-EFI-04" duration="00:00:00.0003445" startTime="2023-12-22T09:37:35.2731397+01:00" endTime="2023-12-22T09:37:35.2731397+01:00" testType="13cdc9d9-ddb5-4fa4-a97d-d965ccfc6d4b" outcome="Passed" testListId="8c84fa94-04c1-424b-9868-57a2d4851a1d" relativeResultsDirectory="a3f6d933-f364-4665-8cf9-c899f4a9db59" />
    <UnitTestResult executionId="7213d78e-b6bf-4f4c-beb1-0330c04c95f2" testId="5e16f1a5-ac2f-de21-a1b1-de59b21f35bb" testName="IsDisabled_ShouldBeTrue_WhenApplicationIsInBrowseMode" computerName="DKSR-EFI-04" duration="00:00:00.0137229" startTime="2023-12-22T09:37:54.4294958+01:00" endTime="2023-12-22T09:37:54.4451191+01:00" testType="13cdc9d9-ddb5-4fa4-a97d-d965ccfc6d4b" outcome="Passed" testListId="8c84fa94-04c1-424b-9868-57a2d4851a1d" relativeResultsDirectory="7213d78e-b6bf-4f4c-beb1-0330c04c95f2" />
    <UnitTestResult executionId="e2987653-a36b-44b5-ba95-8167b2d84d2a" testId="e0e4a25c-da24-71c2-6a4d-30260f82e840" testName="PtzSessionController_Stop_Test" computerName="DKSR-EFI-04" duration="00:00:00.0011562" startTime="2023-12-22T09:36:07.1789128+01:00" endTime="2023-12-22T09:36:07.1789128+01:00" testType="13cdc9d9-ddb5-4fa4-a97d-d965ccfc6d4b" outcome="Passed" testListId="8c84fa94-04c1-424b-9868-57a2d4851a1d" relativeResultsDirectory="e2987653-a36b-44b5-ba95-8167b2d84d2a" />
    <UnitTestResult executionId="1f4157ff-b88e-4b74-87da-577f38d221c1" testId="0235937d-7835-1be7-a6de-aa25a4b10aac" testName="GetSnapshots_NoPlaybackRight_Failure" computerName="DKSR-EFI-04" duration="00:00:00.0032529" startTime="2023-12-22T09:37:33.4606356+01:00" endTime="2023-12-22T09:37:33.4606356+01:00" testType="13cdc9d9-ddb5-4fa4-a97d-d965ccfc6d4b" outcome="Passed" testListId="8c84fa94-04c1-424b-9868-57a2d4851a1d" relativeResultsDirectory="1f4157ff-b88e-4b74-87da-577f38d221c1" />
    <UnitTestResult executionId="4d5f5271-441a-4a60-b9dc-068a41eb895c" testId="06d17b56-b174-7e5f-cf96-64396547a14e" testName="IconValueConverter_Convert_ValidIconSource_Success" computerName="DKSR-EFI-04" duration="00:00:00.0015877" startTime="2023-12-22T09:37:04.1010937+01:00" endTime="2023-12-22T09:37:04.1010937+01:00" testType="13cdc9d9-ddb5-4fa4-a97d-d965ccfc6d4b" outcome="Passed" testListId="8c84fa94-04c1-424b-9868-57a2d4851a1d" relativeResultsDirectory="4d5f5271-441a-4a60-b9dc-068a41eb895c" />
    <UnitTestResult executionId="b3e7094b-f729-482d-b263-b7c86fdb5be1" testId="91badbed-8323-8970-07a3-e3c2481d7a72" testName="Deserialize_ToTimeOnly_Success" computerName="DKSR-EFI-04" duration="00:00:00.0010408" startTime="2023-12-22T09:37:35.4450191+01:00" endTime="2023-12-22T09:37:35.4450191+01:00" testType="13cdc9d9-ddb5-4fa4-a97d-d965ccfc6d4b" outcome="Passed" testListId="8c84fa94-04c1-424b-9868-57a2d4851a1d" relativeResultsDirectory="b3e7094b-f729-482d-b263-b7c86fdb5be1" />
    <UnitTestResult executionId="1535dfcd-335b-439d-9f67-203977f5581d" testId="fd462d91-75b7-b364-0ac2-28f926aa5acd" testName="Decorate_ShouldRaiseArgumentNullException_WhenLayerVisibilityItemDataIsNull" computerName="DKSR-EFI-04" duration="00:00:00.0009402" startTime="2023-12-22T09:36:14.8039550+01:00" endTime="2023-12-22T09:36:14.8039550+01:00" testType="13cdc9d9-ddb5-4fa4-a97d-d965ccfc6d4b" outcome="Passed" testListId="8c84fa94-04c1-424b-9868-57a2d4851a1d" relativeResultsDirectory="1535dfcd-335b-439d-9f67-203977f5581d" />
    <UnitTestResult executionId="f92974d3-a015-4728-92e9-dde5111e6a71" testId="40053e00-4502-6843-1f1d-ac2a3e574fe1" testName="MuteMicrophone_ShouldBeCalled_WhenMicrophoneStateGoesFromUnmutedToMuted" computerName="DKSR-EFI-04" duration="00:00:00.0086459" startTime="2023-12-22T09:37:51.5544756+01:00" endTime="2023-12-22T09:37:51.5701077+01:00" testType="13cdc9d9-ddb5-4fa4-a97d-d965ccfc6d4b" outcome="Passed" testListId="8c84fa94-04c1-424b-9868-57a2d4851a1d" relativeResultsDirectory="f92974d3-a015-4728-92e9-dde5111e6a71" />
    <UnitTestResult executionId="954c7b3b-48ec-4c0b-8e28-1ff230d48c23" testId="86d2f9a3-cd73-6e30-e154-d9542034e978" testName="InitializeTokenException_ShouldThrow_WhenErrorOutOfRangeHigh" computerName="DKSR-EFI-04" duration="00:00:00.0005631" startTime="2023-12-22T09:38:05.8670568+01:00" endTime="2023-12-22T09:38:05.8670568+01:00" testType="13cdc9d9-ddb5-4fa4-a97d-d965ccfc6d4b" outcome="Passed" testListId="8c84fa94-04c1-424b-9868-57a2d4851a1d" relativeResultsDirectory="954c7b3b-48ec-4c0b-8e28-1ff230d48c23" />
    <UnitTestResult executionId="c85a8f78-d29a-4e4f-be9a-2fcdf8634a9a" testId="2ee6bce4-4d10-a7ff-ad46-044be6c8e9a0" testName="Dispose_ShouldCloseAndRelease_WhenInvoked" computerName="DKSR-EFI-04" duration="00:00:00.0149051" startTime="2023-12-22T09:36:17.4602199+01:00" endTime="2023-12-22T09:36:17.4758422+01:00" testType="13cdc9d9-ddb5-4fa4-a97d-d965ccfc6d4b" outcome="Passed" testListId="8c84fa94-04c1-424b-9868-57a2d4851a1d" relativeResultsDirectory="c85a8f78-d29a-4e4f-be9a-2fcdf8634a9a" />
    <UnitTestResult executionId="42093481-367a-47af-b52c-18a047b10f36" testId="b11ed0cb-92ec-eb39-adbe-7566a1ca86ed" testName="GetClusters_Milestone_DifferentZoom_Success" computerName="DKSR-EFI-04" duration="00:00:00.0528227" startTime="2023-12-22T09:37:56.8826295+01:00" endTime="2023-12-22T09:37:56.9451341+01:00" testType="13cdc9d9-ddb5-4fa4-a97d-d965ccfc6d4b" outcome="Passed" testListId="8c84fa94-04c1-424b-9868-57a2d4851a1d" relativeResultsDirectory="42093481-367a-47af-b52c-18a047b10f36" />
    <UnitTestResult executionId="22c4c99c-c1d7-49aa-a1b8-46e21f32d9fc" testId="20efb3d3-79c6-bd77-1370-aab1347bcb2b" testName="DeleteSearchTemplateAsync_Succeeds_Success" computerName="DKSR-EFI-04" duration="00:00:00.0051074" startTime="2023-12-22T09:37:33.8512635+01:00" endTime="2023-12-22T09:37:33.8512635+01:00" testType="13cdc9d9-ddb5-4fa4-a97d-d965ccfc6d4b" outcome="Passed" testListId="8c84fa94-04c1-424b-9868-57a2d4851a1d" relativeResultsDirectory="22c4c99c-c1d7-49aa-a1b8-46e21f32d9fc" />
    <UnitTestResult executionId="d7c9ff6a-9f44-496a-a0a0-5f9833f381a3" testId="b734b426-c8b0-ef6c-467b-1212971e7759" testName="MainScopeTitleMaxWidthConverter_ConvertBack_Fails" computerName="DKSR-EFI-04" duration="00:00:00.0012443" startTime="2023-12-22T09:37:04.1479695+01:00" endTime="2023-12-22T09:37:04.1479695+01:00" testType="13cdc9d9-ddb5-4fa4-a97d-d965ccfc6d4b" outcome="Passed" testListId="8c84fa94-04c1-424b-9868-57a2d4851a1d" relativeResultsDirectory="d7c9ff6a-9f44-496a-a0a0-5f9833f381a3" />
    <UnitTestResult executionId="9a6b9b52-2cc9-49ea-a04d-77c5b0f97057" testId="2a4b4823-fd60-1de2-7bef-a1adf9e470c2" testName="IsCurrentCenterEqualTo_ShouldReturnFalse_WhenValuesAreNotEqualWithinGivenPrecision" computerName="DKSR-EFI-04" duration="00:00:00.0018396" startTime="2023-12-22T09:36:18.8977250+01:00" endTime="2023-12-22T09:36:18.9133504+01:00" testType="13cdc9d9-ddb5-4fa4-a97d-d965ccfc6d4b" outcome="Passed" testListId="8c84fa94-04c1-424b-9868-57a2d4851a1d" relativeResultsDirectory="9a6b9b52-2cc9-49ea-a04d-77c5b0f97057" />
    <UnitTestResult executionId="9e0fb7fb-7173-4272-8fa8-71ae265d27fb" testId="2a8e52f2-e158-9e1f-e00b-d901637dc8ba" testName="Password1 invalid, Password 2 invalid" computerName="DKSR-EFI-04" duration="00:00:00.0007696" startTime="2023-12-22T09:36:30.1477870+01:00" endTime="2023-12-22T09:36:30.1477870+01:00" testType="13cdc9d9-ddb5-4fa4-a97d-d965ccfc6d4b" outcome="Passed" testListId="8c84fa94-04c1-424b-9868-57a2d4851a1d" relativeResultsDirectory="9e0fb7fb-7173-4272-8fa8-71ae265d27fb" />
    <UnitTestResult executionId="48a4fb64-1a24-4e2b-92bd-062d7841389d" testId="f92d7d34-ac45-0e70-f396-9fcde6a3e066" testName="Combine_Guids_Succeded" computerName="DKSR-EFI-04" duration="00:00:00.0002254" startTime="2023-12-22T09:37:50.4450971+01:00" endTime="2023-12-22T09:37:50.4450971+01:00" testType="13cdc9d9-ddb5-4fa4-a97d-d965ccfc6d4b" outcome="Passed" testListId="8c84fa94-04c1-424b-9868-57a2d4851a1d" relativeResultsDirectory="48a4fb64-1a24-4e2b-92bd-062d7841389d" />
    <UnitTestResult executionId="c340bf89-91b2-4f19-bacf-2835619c647f" testId="c716e274-8d35-b2a1-4808-fe6779275a47" testName="ActiveInteractionStateBinding_ShouldNotBeNull_WhenCtorIsCalled" computerName="DKSR-EFI-04" duration="00:00:00.0401120" startTime="2023-12-22T09:36:20.1477336+01:00" endTime="2023-12-22T09:36:20.1946077+01:00" testType="13cdc9d9-ddb5-4fa4-a97d-d965ccfc6d4b" outcome="Passed" testListId="8c84fa94-04c1-424b-9868-57a2d4851a1d" relativeResultsDirectory="c340bf89-91b2-4f19-bacf-2835619c647f" />
    <UnitTestResult executionId="d0d226ac-2836-43c7-9ab5-d80566cac5d8" testId="c8112731-d8e1-83da-555e-fca9f813858c" testName="GetSearchTemplateAsync_StateError_Success" computerName="DKSR-EFI-04" duration="00:00:00.0022542" startTime="2023-12-22T09:37:34.1481287+01:00" endTime="2023-12-22T09:37:34.1481287+01:00" testType="13cdc9d9-ddb5-4fa4-a97d-d965ccfc6d4b" outcome="Passed" testListId="8c84fa94-04c1-424b-9868-57a2d4851a1d" relativeResultsDirectory="d0d226ac-2836-43c7-9ab5-d80566cac5d8" />
    <UnitTestResult executionId="3d9ca563-d278-45aa-a22b-961cee939dde" testId="fcc71f98-4fa9-3c89-a58d-cfe34dc4476c" testName="GetUtcToday_UtcTimeZoneDst_Success" computerName="DKSR-EFI-04" duration="00:00:00.0005943" startTime="2023-12-22T09:37:33.5543767+01:00" endTime="2023-12-22T09:37:33.5543767+01:00" testType="13cdc9d9-ddb5-4fa4-a97d-d965ccfc6d4b" outcome="Passed" testListId="8c84fa94-04c1-424b-9868-57a2d4851a1d" relativeResultsDirectory="3d9ca563-d278-45aa-a22b-961cee939dde" />
    <UnitTestResult executionId="c15d5600-8751-4886-8bf4-7bc56f995d31" testId="50ac9240-7e70-f521-a930-8425f2e1e8c4" testName="ZoomIn_MapNotSet_DoesNotCrash" computerName="DKSR-EFI-04" duration="00:00:00.0004456" startTime="2023-12-22T09:36:16.3195854+01:00" endTime="2023-12-22T09:36:16.3195854+01:00" testType="13cdc9d9-ddb5-4fa4-a97d-d965ccfc6d4b" outcome="Passed" testListId="8c84fa94-04c1-424b-9868-57a2d4851a1d" relativeResultsDirectory="c15d5600-8751-4886-8bf4-7bc56f995d31" />
    <UnitTestResult executionId="c9f0bb5e-53d1-49cc-8104-8b4b790f4d3c" testId="df3f8216-c259-3e39-24bc-16b94a530f01" testName="SearchResultContainerView_OnItemActivated_AnimationEnabled_DetailsViewAddedToDetailsViewControl" computerName="DKSR-EFI-04" duration="00:00:01.3326376" startTime="2023-12-22T09:36:41.8978499+01:00" endTime="2023-12-22T09:36:43.2259828+01:00" testType="13cdc9d9-ddb5-4fa4-a97d-d965ccfc6d4b" outcome="Passed" testListId="8c84fa94-04c1-424b-9868-57a2d4851a1d" relativeResultsDirectory="c9f0bb5e-53d1-49cc-8104-8b4b790f4d3c" />
    <UnitTestResult executionId="125ce95a-00b2-4898-91d6-4302d59ddb90" testId="708d048c-4fd9-557c-20db-ce75a712beed" testName="HasWritePermissionOnDir_NoFileSystemAccessRule_ReturnsFalse" computerName="DKSR-EFI-04" duration="00:00:00.0033863" startTime="2023-12-22T09:37:33.1793819+01:00" endTime="2023-12-22T09:37:33.1793819+01:00" testType="13cdc9d9-ddb5-4fa4-a97d-d965ccfc6d4b" outcome="Passed" testListId="8c84fa94-04c1-424b-9868-57a2d4851a1d" relativeResultsDirectory="125ce95a-00b2-4898-91d6-4302d59ddb90" />
    <UnitTestResult executionId="115a7541-ebb0-4d78-8eee-fbd91fac4af9" testId="5ff0df64-4714-54ce-b6d1-3a4063918e93" testName="InputItemsLayer_NotIsGeographic_Load_Success" computerName="DKSR-EFI-04" duration="00:00:00.0131336" startTime="2023-12-22T09:37:49.9450886+01:00" endTime="2023-12-22T09:37:49.9450886+01:00" testType="13cdc9d9-ddb5-4fa4-a97d-d965ccfc6d4b" outcome="Passed" testListId="8c84fa94-04c1-424b-9868-57a2d4851a1d" relativeResultsDirectory="115a7541-ebb0-4d78-8eee-fbd91fac4af9" />
    <UnitTestResult executionId="0717a4d8-a1f1-44a3-9efc-64c45500b43c" testId="074ff88b-4399-26b0-d5af-74bb943b8f07" testName="FilterValueHasRegionSelectionForCamera_ShouldReturnFalse_WhenFilterValueDoesNotHaveRegionSelectionForCamera" computerName="DKSR-EFI-04" duration="00:00:00.0132632" startTime="2023-12-22T09:37:49.1325870+01:00" endTime="2023-12-22T09:37:49.1482120+01:00" testType="13cdc9d9-ddb5-4fa4-a97d-d965ccfc6d4b" outcome="Passed" testListId="8c84fa94-04c1-424b-9868-57a2d4851a1d" relativeResultsDirectory="0717a4d8-a1f1-44a3-9efc-64c45500b43c" />
    <UnitTestResult executionId="1f95434a-6c18-47b1-bd4f-84116070d258" testId="f68d42a3-acec-6b53-6243-cbfed90e3b19" testName="Command_PluginInstanceActivateCalled" computerName="DKSR-EFI-04" duration="00:00:00.0019413" startTime="2023-12-22T09:37:26.1168359+01:00" endTime="2023-12-22T09:37:26.1168359+01:00" testType="13cdc9d9-ddb5-4fa4-a97d-d965ccfc6d4b" outcome="Passed" testListId="8c84fa94-04c1-424b-9868-57a2d4851a1d" relativeResultsDirectory="1f95434a-6c18-47b1-bd4f-84116070d258" />
    <UnitTestResult executionId="6ac116a8-61af-43a5-b2f3-7ac5b70207f4" testId="9d816285-0b59-6b20-cfe0-b3a6030c5ba5" testName="AddToExportTuples_ShouldReturnCorrectResult (0,0,0)" computerName="DKSR-EFI-04" duration="00:00:00.0018733" startTime="2023-12-22T09:37:59.9451496+01:00" endTime="2023-12-22T09:37:59.9451496+01:00" testType="13cdc9d9-ddb5-4fa4-a97d-d965ccfc6d4b" outcome="Passed" testListId="8c84fa94-04c1-424b-9868-57a2d4851a1d" relativeResultsDirectory="6ac116a8-61af-43a5-b2f3-7ac5b70207f4" />
    <UnitTestResult executionId="e4077f24-0219-4f91-a35c-905f755f15ae" testId="84d62aca-a413-46a5-c8ba-3602e6cd8798" testName="CameraMapItem_ForceActivateAsync_InBuilding_UseLastLevel_Success" computerName="DKSR-EFI-04" duration="00:00:00.0178280" startTime="2023-12-22T09:37:51.2419842+01:00" endTime="2023-12-22T09:37:51.2576068+01:00" testType="13cdc9d9-ddb5-4fa4-a97d-d965ccfc6d4b" outcome="Passed" testListId="8c84fa94-04c1-424b-9868-57a2d4851a1d" relativeResultsDirectory="e4077f24-0219-4f91-a35c-905f755f15ae" />
    <UnitTestResult executionId="b678874d-d8d9-458f-9543-944fca1dd9ca" testId="f91b226d-2b49-7c62-7356-ad2379db1ec6" testName="AddToExportTuples_ShouldReturnCorrectResult (0,1,1)" computerName="DKSR-EFI-04" duration="00:00:00.0022405" startTime="2023-12-22T09:37:59.9607724+01:00" endTime="2023-12-22T09:37:59.9607724+01:00" testType="13cdc9d9-ddb5-4fa4-a97d-d965ccfc6d4b" outcome="Passed" testListId="8c84fa94-04c1-424b-9868-57a2d4851a1d" relativeResultsDirectory="b678874d-d8d9-458f-9543-944fca1dd9ca" />
    <UnitTestResult executionId="617795d6-0371-42d3-a969-16bf997dad14" testId="62414311-f47b-f1ac-7284-9bb4f606ff0e" testName="LoadBoundingShapes_ManyVariants_LeastPossiblePathsAddedToUI" computerName="DKSR-EFI-04" duration="00:00:00.0336203" startTime="2023-12-22T09:37:48.8044617+01:00" endTime="2023-12-22T09:37:48.8357097+01:00" testType="13cdc9d9-ddb5-4fa4-a97d-d965ccfc6d4b" outcome="Passed" testListId="8c84fa94-04c1-424b-9868-57a2d4851a1d" relativeResultsDirectory="617795d6-0371-42d3-a969-16bf997dad14" />
    <UnitTestResult executionId="e100f318-886b-45bf-8495-c5d21edef37d" testId="880da315-51a5-facb-4f5d-0ceb4daad608" testName="DeviceIcons_ShouldNotBeEmpty_WhenCalled" computerName="DKSR-EFI-04" duration="00:00:00.0001923" startTime="2023-12-22T09:37:53.1013600+01:00" endTime="2023-12-22T09:37:53.1013600+01:00" testType="13cdc9d9-ddb5-4fa4-a97d-d965ccfc6d4b" outcome="Passed" testListId="8c84fa94-04c1-424b-9868-57a2d4851a1d" relativeResultsDirectory="e100f318-886b-45bf-8495-c5d21edef37d" />
    <UnitTestResult executionId="421977af-c045-4504-a7a8-c8c4890d1404" testId="9aaaf4ba-8359-75df-6568-0739721a7d97" testName="Selected_retention_option_is_not_cleared_when_available" computerName="DKSR-EFI-04" duration="00:00:00.0008285" startTime="2023-12-22T09:38:07.1326871+01:00" endTime="2023-12-22T09:38:07.1326871+01:00" testType="13cdc9d9-ddb5-4fa4-a97d-d965ccfc6d4b" outcome="Passed" testListId="8c84fa94-04c1-424b-9868-57a2d4851a1d" relativeResultsDirectory="421977af-c045-4504-a7a8-c8c4890d1404" />
    <UnitTestResult executionId="eaafe58c-7a75-42a1-b25b-57295187a29b" testId="84b93a3f-06e6-2db5-d48c-76967b5d9e52" testName="True" computerName="DKSR-EFI-04" duration="00:00:00.0010992" startTime="2023-12-22T09:38:00.4451548+01:00" endTime="2023-12-22T09:38:00.4451548+01:00" testType="13cdc9d9-ddb5-4fa4-a97d-d965ccfc6d4b" outcome="Passed" testListId="8c84fa94-04c1-424b-9868-57a2d4851a1d" relativeResultsDirectory="eaafe58c-7a75-42a1-b25b-57295187a29b" />
    <UnitTestResult executionId="3c692733-4d85-4663-887e-427e945d1063" testId="3396378a-9ca0-08c0-5632-b84c1a5adbad" testName="RemoveWorkroom_ShouldChangeSelectionToPreviousWorkroom_WhenSelectedWorkroomIsRemovedAndThereIsNoNextWorkroom" computerName="DKSR-EFI-04" duration="00:00:00.0090323" startTime="2023-12-22T09:38:05.9608098+01:00" endTime="2023-12-22T09:38:05.9608098+01:00" testType="13cdc9d9-ddb5-4fa4-a97d-d965ccfc6d4b" outcome="Passed" testListId="8c84fa94-04c1-424b-9868-57a2d4851a1d" relativeResultsDirectory="3c692733-4d85-4663-887e-427e945d1063" />
    <UnitTestResult executionId="db765a50-5fdb-489c-ba22-820bef9cb1af" testId="bab1654e-c8b6-f4c1-eb14-25680f0e8712" testName="SupportsRightClick_ShouldBeFalse_WhenInteractionStateIsNotNormal" computerName="DKSR-EFI-04" duration="00:00:00.0421847" startTime="2023-12-22T09:36:20.6321094+01:00" endTime="2023-12-22T09:36:20.6789835+01:00" testType="13cdc9d9-ddb5-4fa4-a97d-d965ccfc6d4b" outcome="Passed" testListId="8c84fa94-04c1-424b-9868-57a2d4851a1d" relativeResultsDirectory="db765a50-5fdb-489c-ba22-820bef9cb1af" />
    <UnitTestResult executionId="f72c03d2-23d2-45e0-9615-afddbeb05573" testId="77cba9e9-3a3f-2b38-cfa1-fd20ef6dec97" testName="FilterValueHasRegionSelectionForCamera_ShouldReturnTrue_WhenFilterValueDoesHaveRegionSelectionForCamera" computerName="DKSR-EFI-04" duration="00:00:00.0008491" startTime="2023-12-22T09:37:49.1482120+01:00" endTime="2023-12-22T09:37:49.1482120+01:00" testType="13cdc9d9-ddb5-4fa4-a97d-d965ccfc6d4b" outcome="Passed" testListId="8c84fa94-04c1-424b-9868-57a2d4851a1d" relativeResultsDirectory="f72c03d2-23d2-45e0-9615-afddbeb05573" />
    <UnitTestResult executionId="5a313305-11dc-4d82-8df6-829b2dea69bc" testId="7ce02435-55dc-be77-8a7d-085f35894996" testName="PatrollingPresetViewModel_Constructor_1_Success" computerName="DKSR-EFI-04" duration="00:00:00.0005629" startTime="2023-12-22T09:37:57.8045068+01:00" endTime="2023-12-22T09:37:57.8045068+01:00" testType="13cdc9d9-ddb5-4fa4-a97d-d965ccfc6d4b" outcome="Passed" testListId="8c84fa94-04c1-424b-9868-57a2d4851a1d" relativeResultsDirectory="5a313305-11dc-4d82-8df6-829b2dea69bc" />
    <UnitTestResult executionId="d8ce3622-355b-499d-907b-2a944fd6820d" testId="59a4f4a0-e2da-d6b5-1323-31e33b78b21f" testName="GetBoundingShapesForMetadataObjectsAsync_ShouldIncludeMetadataObject_WhenRequestedTimeIsWithinMetadataTimespan" computerName="DKSR-EFI-04" duration="00:00:00.0671188" startTime="2023-12-22T09:37:33.5856326+01:00" endTime="2023-12-22T09:37:33.6481284+01:00" testType="13cdc9d9-ddb5-4fa4-a97d-d965ccfc6d4b" outcome="Passed" testListId="8c84fa94-04c1-424b-9868-57a2d4851a1d" relativeResultsDirectory="d8ce3622-355b-499d-907b-2a944fd6820d" />
    <UnitTestResult executionId="1b2ab4d4-c144-4de3-ac3b-b3521bfe8c82" testId="b9339d47-1b08-2f87-b4ed-bf554f7069bd" testName="TestForAssemblyCoverage" computerName="DKSR-EFI-04" duration="00:00:00.0063677" startTime="2023-12-22T09:36:08.5382950+01:00" endTime="2023-12-22T09:36:08.5539216+01:00" testType="13cdc9d9-ddb5-4fa4-a97d-d965ccfc6d4b" outcome="Passed" testListId="8c84fa94-04c1-424b-9868-57a2d4851a1d" relativeResultsDirectory="1b2ab4d4-c144-4de3-ac3b-b3521bfe8c82" />
    <UnitTestResult executionId="660e8f2b-84db-425b-af50-afde636d74f0" testId="81839942-eab6-dd11-a06f-a19981ad17ba" testName="OnLayersRetrieved_ShouldSetComponentsToInput_WhenLayersCollectionContainsOutput" computerName="DKSR-EFI-04" duration="00:00:00.0202599" startTime="2023-12-22T09:36:13.1476952+01:00" endTime="2023-12-22T09:36:13.1789451+01:00" testType="13cdc9d9-ddb5-4fa4-a97d-d965ccfc6d4b" outcome="Passed" testListId="8c84fa94-04c1-424b-9868-57a2d4851a1d" relativeResultsDirectory="660e8f2b-84db-425b-af50-afde636d74f0" />
    <UnitTestResult executionId="38375808-39c0-4e50-9d84-771da4e529ea" testId="27f45b32-e46d-1c8f-ae71-a8a2f0519cb3" testName="UpdateScope_ScopeDurationChange_ReturnsTrue" computerName="DKSR-EFI-04" duration="00:00:00.0001349" startTime="2023-12-22T09:37:35.1481394+01:00" endTime="2023-12-22T09:37:35.1481394+01:00" testType="13cdc9d9-ddb5-4fa4-a97d-d965ccfc6d4b" outcome="Passed" testListId="8c84fa94-04c1-424b-9868-57a2d4851a1d" relativeResultsDirectory="38375808-39c0-4e50-9d84-771da4e529ea" />
    <UnitTestResult executionId="1db1a1a3-e9e9-4e89-b0b4-6da5a1c29188" testId="78964e11-1fbc-7f63-fecb-4ff3a281734b" testName="UpdateSearchTemplateAsync_StateError_Success" computerName="DKSR-EFI-04" duration="00:00:00.0018441" startTime="2023-12-22T09:37:34.0700066+01:00" endTime="2023-12-22T09:37:34.0700066+01:00" testType="13cdc9d9-ddb5-4fa4-a97d-d965ccfc6d4b" outcome="Passed" testListId="8c84fa94-04c1-424b-9868-57a2d4851a1d" relativeResultsDirectory="1db1a1a3-e9e9-4e89-b0b4-6da5a1c29188" />
    <UnitTestResult executionId="1b4506df-d458-492e-9024-d3708ff3031f" testId="1991c578-2343-4df2-6af1-b0db3a798f44" testName="State_ShouldBeMuted_WhenMicrophoneIsDisabled" computerName="DKSR-EFI-04" duration="00:00:00.0095066" startTime="2023-12-22T09:37:54.6170021+01:00" endTime="2023-12-22T09:37:54.6326232+01:00" testType="13cdc9d9-ddb5-4fa4-a97d-d965ccfc6d4b" outcome="Passed" testListId="8c84fa94-04c1-424b-9868-57a2d4851a1d" relativeResultsDirectory="1b4506df-d458-492e-9024-d3708ff3031f" />
    <UnitTestResult executionId="fcf56253-6125-469b-abbe-cfcc42684982" testId="f2392ab0-78ba-8d94-1e9f-3ff53d3d1da4" testName="AddSelectedCameras_AddedUnsorted_Sorted" computerName="DKSR-EFI-04" duration="00:00:00.0122410" startTime="2023-12-22T09:37:27.6013420+01:00" endTime="2023-12-22T09:37:27.6013420+01:00" testType="13cdc9d9-ddb5-4fa4-a97d-d965ccfc6d4b" outcome="Passed" testListId="8c84fa94-04c1-424b-9868-57a2d4851a1d" relativeResultsDirectory="fcf56253-6125-469b-abbe-cfcc42684982" />
    <UnitTestResult executionId="92588eaf-ba97-4c72-b265-10d58a6936d5" testId="917a5570-b519-84b9-98e6-e30d662a605f" testName="AttributeValueGet_NoItems_ReturnsEmptyList" computerName="DKSR-EFI-04" duration="00:00:00.0091913" startTime="2023-12-22T09:37:48.9450973+01:00" endTime="2023-12-22T09:37:48.9450973+01:00" testType="13cdc9d9-ddb5-4fa4-a97d-d965ccfc6d4b" outcome="Passed" testListId="8c84fa94-04c1-424b-9868-57a2d4851a1d" relativeResultsDirectory="92588eaf-ba97-4c72-b265-10d58a6936d5" />
    <UnitTestResult executionId="08f99856-8d13-4661-a6dd-665f1d33aee8" testId="4e54cb2c-d65b-9738-63c7-b5798acdd38c" testName="GetIndexCell_Milestone_Success" computerName="DKSR-EFI-04" duration="00:00:00.0003778" startTime="2023-12-22T09:37:57.2732604+01:00" endTime="2023-12-22T09:37:57.2888828+01:00" testType="13cdc9d9-ddb5-4fa4-a97d-d965ccfc6d4b" outcome="Passed" testListId="8c84fa94-04c1-424b-9868-57a2d4851a1d" relativeResultsDirectory="08f99856-8d13-4661-a6dd-665f1d33aee8" />
    <UnitTestResult executionId="fa08f7b7-baa4-480a-b5ee-7a56995d188f" testId="f6d8789c-bf6f-a41e-00b0-0d3a9016c658" testName="AddToExportTuples_ShouldReturnCorrectResult (0,0,1)" computerName="DKSR-EFI-04" duration="00:00:00.0016170" startTime="2023-12-22T09:37:59.9607724+01:00" endTime="2023-12-22T09:37:59.9607724+01:00" testType="13cdc9d9-ddb5-4fa4-a97d-d965ccfc6d4b" outcome="Passed" testListId="8c84fa94-04c1-424b-9868-57a2d4851a1d" relativeResultsDirectory="fa08f7b7-baa4-480a-b5ee-7a56995d188f" />
    <UnitTestResult executionId="6198843a-6b49-4e89-a085-00f69c711212" testId="2f96cc7e-229b-c021-6453-b884afd8bfc0" testName="CreateReportAsync_ShouldNotFail_WhenAllResultFieldsAreLong" computerName="DKSR-EFI-04" duration="00:00:00.2709784" startTime="2023-12-22T09:37:32.8200039+01:00" endTime="2023-12-22T09:37:33.1012566+01:00" testType="13cdc9d9-ddb5-4fa4-a97d-d965ccfc6d4b" outcome="Passed" testListId="8c84fa94-04c1-424b-9868-57a2d4851a1d" relativeResultsDirectory="6198843a-6b49-4e89-a085-00f69c711212" />
    <UnitTestResult executionId="d8839ddd-97db-44fb-b0fe-1371fbea4231" testId="ed1d90ee-8339-654e-30f1-a3356e61f489" testName="PatrollingStepListViewModel_MoveStepUpCommand" computerName="DKSR-EFI-04" duration="00:00:00.0021110" startTime="2023-12-22T09:37:58.0701401+01:00" endTime="2023-12-22T09:37:58.0701401+01:00" testType="13cdc9d9-ddb5-4fa4-a97d-d965ccfc6d4b" outcome="Passed" testListId="8c84fa94-04c1-424b-9868-57a2d4851a1d" relativeResultsDirectory="d8839ddd-97db-44fb-b0fe-1371fbea4231" />
    <UnitTestResult executionId="6964652c-cf1a-433e-9794-7770f95d9048" testId="ff967a29-b052-9b02-d0d2-90cfa45b8b4f" testName="CreateSearchResultUserControl_AllMappings_Success" computerName="DKSR-EFI-04" duration="00:00:00.0139622" startTime="2023-12-22T09:37:48.4138341+01:00" endTime="2023-12-22T09:37:48.4294713+01:00" testType="13cdc9d9-ddb5-4fa4-a97d-d965ccfc6d4b" outcome="Passed" testListId="8c84fa94-04c1-424b-9868-57a2d4851a1d" relativeResultsDirectory="6964652c-cf1a-433e-9794-7770f95d9048" />
    <UnitTestResult executionId="a5e04b14-b851-4327-bbac-ecff56026fab" testId="5effecc7-0d7c-71b0-4a5d-1b5e24448f32" testName="SaveAsNewSearchTemplateAsync_Succeeds_Success" computerName="DKSR-EFI-04" duration="00:00:00.0063234" startTime="2023-12-22T09:37:33.8043888+01:00" endTime="2023-12-22T09:37:33.8200111+01:00" testType="13cdc9d9-ddb5-4fa4-a97d-d965ccfc6d4b" outcome="Passed" testListId="8c84fa94-04c1-424b-9868-57a2d4851a1d" relativeResultsDirectory="a5e04b14-b851-4327-bbac-ecff56026fab" />
    <UnitTestResult executionId="79257698-c7fc-42e1-8b27-ad9488372a03" testId="dd25e118-a384-e666-07c3-e9a0431950f6" testName="GetBoundingShapesPathsAsync_ShouldGetBoundingShapesFromBoundingShapesSourceOnly_WhenOnlyBoundingShapesSourceIsPassedIn" computerName="DKSR-EFI-04" duration="00:00:00.0025348" startTime="2023-12-22T09:37:33.6793810+01:00" endTime="2023-12-22T09:37:33.6793810+01:00" testType="13cdc9d9-ddb5-4fa4-a97d-d965ccfc6d4b" outcome="Passed" testListId="8c84fa94-04c1-424b-9868-57a2d4851a1d" relativeResultsDirectory="79257698-c7fc-42e1-8b27-ad9488372a03" />
    <UnitTestResult executionId="b5fc8996-7e94-44dc-8cbb-c73fce605382" testId="68a0cb09-28c6-2900-d9b8-f1de6e183f62" testName="ToDenormalizedFieldOfView_GreaterThan1_0_Failure" computerName="DKSR-EFI-04" duration="00:00:00.0004925" startTime="2023-12-22T09:37:49.8669709+01:00" endTime="2023-12-22T09:37:49.8669709+01:00" testType="13cdc9d9-ddb5-4fa4-a97d-d965ccfc6d4b" outcome="Passed" testListId="8c84fa94-04c1-424b-9868-57a2d4851a1d" relativeResultsDirectory="b5fc8996-7e94-44dc-8cbb-c73fce605382" />
    <UnitTestResult executionId="75ad7dbb-c02e-43be-b209-03aac24b5a9e" testId="6a9c6020-889e-b6db-aa72-939d2660cb16" testName="HandleSetLayerFeatures_ShouldRaiseArgumentException_WhenCameraKindAndNotCameraLayerFeaturesAndOutputLayer" computerName="DKSR-EFI-04" duration="00:00:00.0010885" startTime="2023-12-22T09:37:55.7732541+01:00" endTime="2023-12-22T09:37:55.7732541+01:00" testType="13cdc9d9-ddb5-4fa4-a97d-d965ccfc6d4b" outcome="Passed" testListId="8c84fa94-04c1-424b-9868-57a2d4851a1d" relativeResultsDirectory="75ad7dbb-c02e-43be-b209-03aac24b5a9e" />
    <UnitTestResult executionId="0bf3251d-a459-477e-9991-21c61efdd32b" testId="46dd7f69-3eb9-c12b-fd9e-271331372eba" testName="SupportsDoubleClick_ShouldBeFalse_WhenInteractionStateIsNotNormalAndInSetupMode" computerName="DKSR-EFI-04" duration="00:00:00.0363769" startTime="2023-12-22T09:36:20.3821091+01:00" endTime="2023-12-22T09:36:20.4289836+01:00" testType="13cdc9d9-ddb5-4fa4-a97d-d965ccfc6d4b" outcome="Passed" testListId="8c84fa94-04c1-424b-9868-57a2d4851a1d" relativeResultsDirectory="0bf3251d-a459-477e-9991-21c61efdd32b" />
    <UnitTestResult executionId="5e6ab907-81b4-4055-a2b4-1f3c43d55216" testId="03b9d988-af55-c02a-fb0b-6c811350a612" testName="IsProductionEnvironment_ShouldReturnFalse_WhenSystemLicenseIsNull" computerName="DKSR-EFI-04" duration="00:00:00.0001004" startTime="2023-12-22T09:38:06.2576843+01:00" endTime="2023-12-22T09:38:06.2576843+01:00" testType="13cdc9d9-ddb5-4fa4-a97d-d965ccfc6d4b" outcome="Passed" testListId="8c84fa94-04c1-424b-9868-57a2d4851a1d" relativeResultsDirectory="5e6ab907-81b4-4055-a2b4-1f3c43d55216" />
    <UnitTestResult executionId="00fc9718-a077-4ce8-b0c6-0a2fca0dbdbe" testId="48a343bd-9a05-413c-06ca-9a257f76938b" testName="Constructor_ShouldRaiseArgumentException_WhenEventServerIdsAreRepeated" computerName="DKSR-EFI-04" duration="00:00:00.0006191" startTime="2023-12-22T09:38:07.8514400+01:00" endTime="2023-12-22T09:38:07.8514400+01:00" testType="13cdc9d9-ddb5-4fa4-a97d-d965ccfc6d4b" outcome="Passed" testListId="8c84fa94-04c1-424b-9868-57a2d4851a1d" relativeResultsDirectory="00fc9718-a077-4ce8-b0c6-0a2fca0dbdbe" />
    <UnitTestResult executionId="e3231fd6-b739-4df9-8340-1ef5398f298b" testId="88b4d386-4c27-112e-bb74-c07845596dd9" testName="MergeOptionNodes_ShouldReturnOptionsFromOldKey_WhenOptionsForNewKeyIsNull" computerName="DKSR-EFI-04" duration="00:00:00.0041704" startTime="2023-12-22T09:38:00.4139031+01:00" endTime="2023-12-22T09:38:00.4139031+01:00" testType="13cdc9d9-ddb5-4fa4-a97d-d965ccfc6d4b" outcome="Passed" testListId="8c84fa94-04c1-424b-9868-57a2d4851a1d" relativeResultsDirectory="e3231fd6-b739-4df9-8340-1ef5398f298b" />
    <UnitTestResult executionId="65c9389a-99fe-4eeb-b570-e4002769c8d9" testId="9a0fb96e-e4fc-b2c2-ba48-82a57235f1f3" testName="Parse_LastSevenDays_Success" computerName="DKSR-EFI-04" duration="00:00:00.0001404" startTime="2023-12-22T09:37:34.2262577+01:00" endTime="2023-12-22T09:37:34.2262577+01:00" testType="13cdc9d9-ddb5-4fa4-a97d-d965ccfc6d4b" outcome="Passed" testListId="8c84fa94-04c1-424b-9868-57a2d4851a1d" relativeResultsDirectory="65c9389a-99fe-4eeb-b570-e4002769c8d9" />
    <UnitTestResult executionId="52f2cb46-16fd-494a-85b4-a73046d2acd8" testId="156bd96a-a805-e045-2ce9-1615a20e29fa" testName="Execute_NoCommand_DialogResultReturnsFalse" computerName="DKSR-EFI-04" duration="00:00:00.0007423" startTime="2023-12-22T09:37:59.5232764+01:00" endTime="2023-12-22T09:37:59.5232764+01:00" testType="13cdc9d9-ddb5-4fa4-a97d-d965ccfc6d4b" outcome="Passed" testListId="8c84fa94-04c1-424b-9868-57a2d4851a1d" relativeResultsDirectory="52f2cb46-16fd-494a-85b4-a73046d2acd8" />
    <UnitTestResult executionId="a2080a32-9020-484a-af93-29569e347f58" testId="e998f77e-77b2-7e10-d8db-3813eb8031aa" testName="GetClusters_ThreeInitialItems_ClustersForInitialItems (Data Row 6)" computerName="DKSR-EFI-04" duration="00:00:00.0109934" startTime="2023-12-22T09:37:57.3201337+01:00" endTime="2023-12-22T09:37:57.5076341+01:00" testType="13cdc9d9-ddb5-4fa4-a97d-d965ccfc6d4b" outcome="Passed" testListId="8c84fa94-04c1-424b-9868-57a2d4851a1d" relativeResultsDirectory="a2080a32-9020-484a-af93-29569e347f58" />
    <UnitTestResult executionId="2ba5367f-18de-437f-baeb-ad9140184b28" testId="7a648730-a880-ab42-6524-73337b3605fc" testName="ActiveIncomingMicrophones_ShouldHave_OneMicrophoneWhenMicrophoneIsUnmuted" computerName="DKSR-EFI-04" duration="00:00:00.0085329" startTime="2023-12-22T09:37:51.5701077+01:00" endTime="2023-12-22T09:37:51.5857255+01:00" testType="13cdc9d9-ddb5-4fa4-a97d-d965ccfc6d4b" outcome="Passed" testListId="8c84fa94-04c1-424b-9868-57a2d4851a1d" relativeResultsDirectory="2ba5367f-18de-437f-baeb-ad9140184b28" />
    <UnitTestResult executionId="369a4df8-dd3e-466b-a510-ddb0c2fc3b4c" testId="c2441b73-f50b-2134-daff-42ee09341afb" testName="CanEditRegionSelection_ShouldBeFalse_WhenHelperDoesNotAllowMoreRegionsToBeAdded" computerName="DKSR-EFI-04" duration="00:00:00.0012472" startTime="2023-12-22T09:37:49.0700962+01:00" endTime="2023-12-22T09:37:49.0700962+01:00" testType="13cdc9d9-ddb5-4fa4-a97d-d965ccfc6d4b" outcome="Passed" testListId="8c84fa94-04c1-424b-9868-57a2d4851a1d" relativeResultsDirectory="369a4df8-dd3e-466b-a510-ddb0c2fc3b4c" />
    <UnitTestResult executionId="bcbd01dc-894a-4cba-ad81-759a9220bb5b" testId="72e0aaef-b782-3799-5f94-2f93780a25bc" testName="AssignPanTiltValue_WhenValueIsInsideDeadzone_ShouldReturnCenterValue" computerName="DKSR-EFI-04" duration="00:00:00.0444941" startTime="2023-12-22T09:36:08.1320439+01:00" endTime="2023-12-22T09:36:08.1632952+01:00" testType="13cdc9d9-ddb5-4fa4-a97d-d965ccfc6d4b" outcome="Passed" testListId="8c84fa94-04c1-424b-9868-57a2d4851a1d" relativeResultsDirectory="bcbd01dc-894a-4cba-ad81-759a9220bb5b" />
    <UnitTestResult executionId="bc777e79-e0bd-4d40-86a4-1c97ec390324" testId="29cd7680-6529-be15-6bcd-e95b8579b607" testName="ActiveInteractionStateBinding_ShouldOnlyContainNormalAndNewDevice_WhenCtorIsCalled" computerName="DKSR-EFI-04" duration="00:00:00.0381778" startTime="2023-12-22T09:36:20.5539832+01:00" endTime="2023-12-22T09:36:20.5852370+01:00" testType="13cdc9d9-ddb5-4fa4-a97d-d965ccfc6d4b" outcome="Passed" testListId="8c84fa94-04c1-424b-9868-57a2d4851a1d" relativeResultsDirectory="bc777e79-e0bd-4d40-86a4-1c97ec390324" />
    <UnitTestResult executionId="d88e3a9d-7be9-48f9-9983-497ccc3cced7" testId="8f3be891-cc07-82e3-b944-406561072d26" testName="GetBoundingShapesPathsAsync_ShouldGetBoundingShapesFromAllSources_WhenAllSourcesArePassedIn" computerName="DKSR-EFI-04" duration="00:00:00.0236449" startTime="2023-12-22T09:37:33.6637590+01:00" endTime="2023-12-22T09:37:33.6793810+01:00" testType="13cdc9d9-ddb5-4fa4-a97d-d965ccfc6d4b" outcome="Passed" testListId="8c84fa94-04c1-424b-9868-57a2d4851a1d" relativeResultsDirectory="d88e3a9d-7be9-48f9-9983-497ccc3cced7" />
    <UnitTestResult executionId="9d793d4a-401a-46be-b1de-7e003467d179" testId="4ac872cb-6eae-9e1a-7612-37a387bb363b" testName="TestUpdateState_InSetup" computerName="DKSR-EFI-04" duration="00:00:00.1605085" startTime="2023-12-22T09:38:00.4920275+01:00" endTime="2023-12-22T09:38:00.6482769+01:00" testType="13cdc9d9-ddb5-4fa4-a97d-d965ccfc6d4b" outcome="Passed" testListId="8c84fa94-04c1-424b-9868-57a2d4851a1d" relativeResultsDirectory="9d793d4a-401a-46be-b1de-7e003467d179" />
    <UnitTestResult executionId="9511f3d0-509a-40f9-bb0b-b6f5b2110b32" testId="ff572efe-33da-3147-c10c-1641937b78fe" testName="TestHasCapapability_DoesNotHave_Success" computerName="DKSR-EFI-04" duration="00:00:00.0001330" startTime="2023-12-22T09:37:56.0701386+01:00" endTime="2023-12-22T09:37:56.0701386+01:00" testType="13cdc9d9-ddb5-4fa4-a97d-d965ccfc6d4b" outcome="Passed" testListId="8c84fa94-04c1-424b-9868-57a2d4851a1d" relativeResultsDirectory="9511f3d0-509a-40f9-bb0b-b6f5b2110b32" />
    <UnitTestResult executionId="ee441bce-5038-4527-aeb8-28264554f424" testId="d7701d8e-231a-34c8-92a1-08bab8594154" testName="BuildMapOptions_ShouldHandleEnumOptionsCorrectly (GisMapOpenStreetMapGeographicLayer,Unavailable,False)" computerName="DKSR-EFI-04" duration="00:00:00.0010458" startTime="2023-12-22T09:38:06.0701809+01:00" endTime="2023-12-22T09:38:06.0701809+01:00" testType="13cdc9d9-ddb5-4fa4-a97d-d965ccfc6d4b" outcome="Passed" testListId="8c84fa94-04c1-424b-9868-57a2d4851a1d" relativeResultsDirectory="ee441bce-5038-4527-aeb8-28264554f424" />
    <UnitTestResult executionId="649eb12d-f5ec-4885-97a5-63aef4e3ec9a" testId="e9b6f05b-8b63-04bd-4d02-75ef2000b3a9" testName="DetermineUserAllowsUnsecureConnection_WhereUserIsNotAskedAndUnsecureIsNotAllow_ShouldReturnFalse" computerName="DKSR-EFI-04" duration="00:00:00.1918928" startTime="2023-12-22T09:36:01.0070058+01:00" endTime="2023-12-22T09:36:01.1945081+01:00" testType="13cdc9d9-ddb5-4fa4-a97d-d965ccfc6d4b" outcome="Passed" testListId="8c84fa94-04c1-424b-9868-57a2d4851a1d" relativeResultsDirectory="649eb12d-f5ec-4885-97a5-63aef4e3ec9a" />
    <UnitTestResult executionId="cdecdf45-d3c4-488d-a880-14351e6121ae" testId="fd55daeb-7419-55fa-3178-07b8b00e171d" testName="Constructor_ShouldAttachOnUpdateMutedMicrophonesRaised_WhenCalled" computerName="DKSR-EFI-04" duration="00:00:00.0261874" startTime="2023-12-22T09:37:53.3826152+01:00" endTime="2023-12-22T09:37:53.3982368+01:00" testType="13cdc9d9-ddb5-4fa4-a97d-d965ccfc6d4b" outcome="Passed" testListId="8c84fa94-04c1-424b-9868-57a2d4851a1d" relativeResultsDirectory="cdecdf45-d3c4-488d-a880-14351e6121ae" />
    <UnitTestResult executionId="c90d7ab6-98b6-48b7-869e-b01764eea228" testId="390e2c5d-d097-3631-576d-cd317912483e" testName="SupportsDoubleClick_ShouldBeTrue_WhenInteractionStateIsNormal" computerName="DKSR-EFI-04" duration="00:00:00.0415816" startTime="2023-12-22T09:36:20.6789835+01:00" endTime="2023-12-22T09:36:20.7258610+01:00" testType="13cdc9d9-ddb5-4fa4-a97d-d965ccfc6d4b" outcome="Passed" testListId="8c84fa94-04c1-424b-9868-57a2d4851a1d" relativeResultsDirectory="c90d7ab6-98b6-48b7-869e-b01764eea228" />
    <UnitTestResult executionId="9f9aa11e-b926-4c72-9986-347931e2a078" testId="1f280893-1f72-6f45-77a3-2457f07e9bd2" testName="ResolveSearchDefinitions_ShouldReturnResultSearchDefinition_WhenCombinedSearchResultWithSingleSubResultAndSearchDefinitionsNotContainingCorrectSearchDefinitionsAreGiven" computerName="DKSR-EFI-04" duration="00:00:00.0006922" startTime="2023-12-22T09:37:33.7106311+01:00" endTime="2023-12-22T09:37:33.7106311+01:00" testType="13cdc9d9-ddb5-4fa4-a97d-d965ccfc6d4b" outcome="Passed" testListId="8c84fa94-04c1-424b-9868-57a2d4851a1d" relativeResultsDirectory="9f9aa11e-b926-4c72-9986-347931e2a078" />
    <UnitTestResult executionId="9b9b2043-1924-476a-9af9-2a340d5459d3" testId="8647f015-786e-4211-7702-95ed8f5c87dc" testName="GetServerGroups_ShouldReturnServerGroupsType" computerName="DKSR-EFI-04" duration="00:00:00.0002383" startTime="2023-12-22T09:38:02.0232876+01:00" endTime="2023-12-22T09:38:02.0232876+01:00" testType="13cdc9d9-ddb5-4fa4-a97d-d965ccfc6d4b" outcome="Passed" testListId="8c84fa94-04c1-424b-9868-57a2d4851a1d" relativeResultsDirectory="9b9b2043-1924-476a-9af9-2a340d5459d3" />
    <UnitTestResult executionId="8eae104b-8c52-488d-bfe2-cf5145385e5c" testId="4a1a2788-2d06-5b60-601c-3b966d1658c3" testName="Serialize_ScopeDurationOnly_Success" computerName="DKSR-EFI-04" duration="00:00:00.0010436" startTime="2023-12-22T09:37:35.3668866+01:00" endTime="2023-12-22T09:37:35.3668866+01:00" testType="13cdc9d9-ddb5-4fa4-a97d-d965ccfc6d4b" outcome="Passed" testListId="8c84fa94-04c1-424b-9868-57a2d4851a1d" relativeResultsDirectory="8eae104b-8c52-488d-bfe2-cf5145385e5c" />
    <UnitTestResult executionId="3ace67c7-8a4a-443e-a5f7-6f6eca27bf2a" testId="4fb20969-8818-625a-fe73-6165a97fd7c8" testName="SetIncludePartialResults_ShouldRespectResultsToReselect_WhenResultsToReselectIsNotEmpty" computerName="DKSR-EFI-04" duration="00:00:00.0024762" startTime="2023-12-22T09:37:35.1325152+01:00" endTime="2023-12-22T09:37:35.1325152+01:00" testType="13cdc9d9-ddb5-4fa4-a97d-d965ccfc6d4b" outcome="Passed" testListId="8c84fa94-04c1-424b-9868-57a2d4851a1d" relativeResultsDirectory="3ace67c7-8a4a-443e-a5f7-6f6eca27bf2a" />
    <UnitTestResult executionId="ceec1c39-00eb-444f-9ed9-579cace01463" testId="5f62afcf-78b1-cf27-ec49-8afca2d6fc38" testName="PtzSessionControllerInfo_TimeChangedTest_Different_Timeout" computerName="DKSR-EFI-04" duration="00:00:00.0004335" startTime="2023-12-22T09:36:07.2726654+01:00" endTime="2023-12-22T09:36:07.2726654+01:00" testType="13cdc9d9-ddb5-4fa4-a97d-d965ccfc6d4b" outcome="Passed" testListId="8c84fa94-04c1-424b-9868-57a2d4851a1d" relativeResultsDirectory="ceec1c39-00eb-444f-9ed9-579cace01463" />
    <UnitTestResult executionId="37842d36-6a3d-4fdb-aeca-cc031018559c" testId="5da91449-988e-883d-873e-5998d198d64c" testName="ConvertBack_ShouldRaiseInvalidCastException_WhenValueIsTrueAndParameterIsNotAnInteractionState" computerName="DKSR-EFI-04" duration="00:00:00.0006860" startTime="2023-12-22T09:36:11.7101883+01:00" endTime="2023-12-22T09:36:11.7101883+01:00" testType="13cdc9d9-ddb5-4fa4-a97d-d965ccfc6d4b" outcome="Passed" testListId="8c84fa94-04c1-424b-9868-57a2d4851a1d" relativeResultsDirectory="37842d36-6a3d-4fdb-aeca-cc031018559c" />
    <UnitTestResult executionId="fb7aec92-a764-4cd0-95fa-34c857db5f53" testId="57c51b3e-0bbc-373f-47ab-9b946ca10dfa" testName="FilterValueHasRegionSelectionForCamera_ShouldReturnFalse_WhenFilterValueDoesNotHaveRegionSelectionForCamera" computerName="DKSR-EFI-04" duration="00:00:00.0104322" startTime="2023-12-22T09:37:49.0857147+01:00" endTime="2023-12-22T09:37:49.1013450+01:00" testType="13cdc9d9-ddb5-4fa4-a97d-d965ccfc6d4b" outcome="Passed" testListId="8c84fa94-04c1-424b-9868-57a2d4851a1d" relativeResultsDirectory="fb7aec92-a764-4cd0-95fa-34c857db5f53" />
    <UnitTestResult executionId="c77ea997-1606-4f21-92e7-079911beaec7" testId="f680908c-3b4b-7b4d-7066-6e5fce7c0b27" testName="GetClusters_ExcludeThenIncludeExcludedItems_NoChange (Data Row 12)" computerName="DKSR-EFI-04" duration="00:00:00.0111864" startTime="2023-12-22T09:37:56.4607518+01:00" endTime="2023-12-22T09:37:56.6638974+01:00" testType="13cdc9d9-ddb5-4fa4-a97d-d965ccfc6d4b" outcome="Passed" testListId="8c84fa94-04c1-424b-9868-57a2d4851a1d" relativeResultsDirectory="c77ea997-1606-4f21-92e7-079911beaec7" />
    <UnitTestResult executionId="975e3e87-f9d2-4821-9308-779d513c7864" testId="e0503f8a-eae1-c2d9-bbae-ed3d40256258" testName="GetBoundingShapesForMetadataObjectsAsync_ShouldIgnoreMetadataObject_WhenRequestedTimeIsOutsideMetadataTimespan" computerName="DKSR-EFI-04" duration="00:00:00.0087184" startTime="2023-12-22T09:37:33.5700013+01:00" endTime="2023-12-22T09:37:33.5856326+01:00" testType="13cdc9d9-ddb5-4fa4-a97d-d965ccfc6d4b" outcome="Passed" testListId="8c84fa94-04c1-424b-9868-57a2d4851a1d" relativeResultsDirectory="975e3e87-f9d2-4821-9308-779d513c7864" />
    <UnitTestResult executionId="43a0bd6e-aba5-4b3f-a606-da401825fddf" testId="e2a3c11c-1944-c086-d9fe-0c8ab6c0a314" testName="SearchResultsActionBarActions_Export_OptionUnavailable_NotVisible" computerName="DKSR-EFI-04" duration="00:00:00.0111121" startTime="2023-12-22T09:37:25.3043352+01:00" endTime="2023-12-22T09:37:25.3199585+01:00" testType="13cdc9d9-ddb5-4fa4-a97d-d965ccfc6d4b" outcome="Passed" testListId="8c84fa94-04c1-424b-9868-57a2d4851a1d" relativeResultsDirectory="43a0bd6e-aba5-4b3f-a606-da401825fddf" />
    <UnitTestResult executionId="c0e30033-ea0c-4577-b55e-e3356edd1bfd" testId="2393804e-4c64-30b5-d8f4-67c3cee41ca1" testName="ShowAccessControlSystems_ShouldReturnTrue_WhenTwoACSystemsAvailable" computerName="DKSR-EFI-04" duration="00:00:00.0015962" startTime="2023-12-22T09:38:07.8358191+01:00" endTime="2023-12-22T09:38:07.8358191+01:00" testType="13cdc9d9-ddb5-4fa4-a97d-d965ccfc6d4b" outcome="Passed" testListId="8c84fa94-04c1-424b-9868-57a2d4851a1d" relativeResultsDirectory="c0e30033-ea0c-4577-b55e-e3356edd1bfd" />
    <UnitTestResult executionId="4407f48e-2533-46da-8c4a-7a1a3fa7b220" testId="95bdcbe4-e420-deb8-8439-dbd680e08a25" testName="ActiveInteractionStateBinding_ShouldNotBeNull_WhenCtorIsCalled" computerName="DKSR-EFI-04" duration="00:00:00.0672222" startTime="2023-12-22T09:36:22.0227409+01:00" endTime="2023-12-22T09:36:22.0852421+01:00" testType="13cdc9d9-ddb5-4fa4-a97d-d965ccfc6d4b" outcome="Passed" testListId="8c84fa94-04c1-424b-9868-57a2d4851a1d" relativeResultsDirectory="4407f48e-2533-46da-8c4a-7a1a3fa7b220" />
    <UnitTestResult executionId="ac8fa4c0-c8a5-46b1-a6e6-58b4b55f4884" testId="5479df44-d54f-1884-c573-5213e20618b0" testName="MotionAreaInfosDto_ShouldYieldSameValues_WhenRoundTripConverted" computerName="DKSR-EFI-04" duration="00:00:00.0045752" startTime="2023-12-22T09:36:00.3195152+01:00" endTime="2023-12-22T09:36:00.3195152+01:00" testType="13cdc9d9-ddb5-4fa4-a97d-d965ccfc6d4b" outcome="Passed" testListId="8c84fa94-04c1-424b-9868-57a2d4851a1d" relativeResultsDirectory="ac8fa4c0-c8a5-46b1-a6e6-58b4b55f4884" />
    <UnitTestResult executionId="0edf4431-9d0a-4dfc-bf50-b6f3fd58448c" testId="e5ac7c8b-5d6c-e4aa-7715-b9b1e7a9023f" testName="HandleGetDeviceData_ShouldReturnNotFoundDeviceData_WhenNotSupportedKind" computerName="DKSR-EFI-04" duration="00:00:00.1465892" startTime="2023-12-22T09:36:27.0540178+01:00" endTime="2023-12-22T09:36:27.1946435+01:00" testType="13cdc9d9-ddb5-4fa4-a97d-d965ccfc6d4b" outcome="Passed" testListId="8c84fa94-04c1-424b-9868-57a2d4851a1d" relativeResultsDirectory="0edf4431-9d0a-4dfc-bf50-b6f3fd58448c" />
    <UnitTestResult executionId="d824a734-9728-4ec4-a57e-7bf0d7052ed9" testId="bdfc4999-ccbe-91b3-0eb1-52f2f541ba00" testName="PatrollingStepViewModel_IsDirty" computerName="DKSR-EFI-04" duration="00:00:00.0018335" startTime="2023-12-22T09:37:58.1326347+01:00" endTime="2023-12-22T09:37:58.1326347+01:00" testType="13cdc9d9-ddb5-4fa4-a97d-d965ccfc6d4b" outcome="Passed" testListId="8c84fa94-04c1-424b-9868-57a2d4851a1d" relativeResultsDirectory="d824a734-9728-4ec4-a57e-7bf0d7052ed9" />
    <UnitTestResult executionId="b8cafe2f-70d9-4d00-91cb-b79f0bdf2478" testId="57bd8ba2-a7b1-3773-dd72-99c3e39978da" testName="GetSKU_ShouldReturnEmptyString_WhenLicenseIsNull" computerName="DKSR-EFI-04" duration="00:00:00.0006082" startTime="2023-12-22T09:38:06.0545566+01:00" endTime="2023-12-22T09:38:06.0545566+01:00" testType="13cdc9d9-ddb5-4fa4-a97d-d965ccfc6d4b" outcome="Passed" testListId="8c84fa94-04c1-424b-9868-57a2d4851a1d" relativeResultsDirectory="b8cafe2f-70d9-4d00-91cb-b79f0bdf2478" />
    <UnitTestResult executionId="0dad083e-bba9-49bf-98bd-96919002ae73" testId="7ceab3e2-a3b0-9c8f-80fc-83722cb5c583" testName="ResolveSearchDefinitions_ShouldReturnResultSearchDefinition_WhenCombinedSearchResultWithMultipleSubResultAndEmptySearchDefinitionsAreGiven" computerName="DKSR-EFI-04" duration="00:00:00.0007998" startTime="2023-12-22T09:37:33.7106311+01:00" endTime="2023-12-22T09:37:33.7262560+01:00" testType="13cdc9d9-ddb5-4fa4-a97d-d965ccfc6d4b" outcome="Passed" testListId="8c84fa94-04c1-424b-9868-57a2d4851a1d" relativeResultsDirectory="0dad083e-bba9-49bf-98bd-96919002ae73" />
    <UnitTestResult executionId="51009a8e-ba19-4eda-92cc-9ea786aaf50e" testId="bcf60051-ecc6-b8b5-1879-3df57ae16566" testName="SearchResultsActionBarActions_CreateEvidenceLock_InvokeCommand_Success" computerName="DKSR-EFI-04" duration="00:00:00.0249766" startTime="2023-12-22T09:37:25.7262069+01:00" endTime="2023-12-22T09:37:25.7418467+01:00" testType="13cdc9d9-ddb5-4fa4-a97d-d965ccfc6d4b" outcome="Passed" testListId="8c84fa94-04c1-424b-9868-57a2d4851a1d" relativeResultsDirectory="51009a8e-ba19-4eda-92cc-9ea786aaf50e" />
    <UnitTestResult executionId="1c08e95e-49ed-438c-a290-fc86d9e019c5" testId="2baa9530-1f3b-08c8-d90b-9f25fb854e03" testName="State_ShouldUpdateMicrophoneIconImage_WhenSetToMute" computerName="DKSR-EFI-04" duration="00:00:00.0098563" startTime="2023-12-22T09:37:54.6013768+01:00" endTime="2023-12-22T09:37:54.6170021+01:00" testType="13cdc9d9-ddb5-4fa4-a97d-d965ccfc6d4b" outcome="Passed" testListId="8c84fa94-04c1-424b-9868-57a2d4851a1d" relativeResultsDirectory="1c08e95e-49ed-438c-a290-fc86d9e019c5" />
    <UnitTestResult executionId="6fe5c27b-54c8-4d15-b2d7-62caf1ac1a2b" testId="1fa1b181-5d22-26ea-7e52-cb77efe3c864" testName="BookmarkSearchTime_WithSearchStringInDifferentCases_ReturnCorrectBookmarkWithSearchStringInDescription (wrong,False,True,False,False,,SeArChStRiNg,0)" computerName="DKSR-EFI-04" duration="00:00:00.0050530" startTime="2023-12-22T09:38:01.4295352+01:00" endTime="2023-12-22T09:38:01.4295352+01:00" testType="13cdc9d9-ddb5-4fa4-a97d-d965ccfc6d4b" outcome="Passed" testListId="8c84fa94-04c1-424b-9868-57a2d4851a1d" relativeResultsDirectory="6fe5c27b-54c8-4d15-b2d7-62caf1ac1a2b" />
    <UnitTestResult executionId="7968b37a-1899-4ef4-9733-eee5ed651a4d" testId="cc0eb8f4-de0d-0d2a-a312-64bcc8b88edd" testName="OpenStreetMapLayerIsDisabled_ShouldReturnFalse_WhenOpenStreetMapGeographicLayerOptionIsNotAvailableAndOpenStreetMapAlternativeServerIsNotEmpty" computerName="DKSR-EFI-04" duration="00:00:00.0076838" startTime="2023-12-22T09:37:50.0857203+01:00" endTime="2023-12-22T09:37:50.0857203+01:00" testType="13cdc9d9-ddb5-4fa4-a97d-d965ccfc6d4b" outcome="Passed" testListId="8c84fa94-04c1-424b-9868-57a2d4851a1d" relativeResultsDirectory="7968b37a-1899-4ef4-9733-eee5ed651a4d" />
    <UnitTestResult executionId="94d1c43d-f41c-4820-b71a-a6290200babe" testId="1181cb63-0543-4806-6972-5950350789da" testName="ToMipSearchResultData_ShouldReturnCorrectSearchResult" computerName="DKSR-EFI-04" duration="00:00:00.0003377" startTime="2023-12-22T09:37:35.2731397+01:00" endTime="2023-12-22T09:37:35.2731397+01:00" testType="13cdc9d9-ddb5-4fa4-a97d-d965ccfc6d4b" outcome="Passed" testListId="8c84fa94-04c1-424b-9868-57a2d4851a1d" relativeResultsDirectory="94d1c43d-f41c-4820-b71a-a6290200babe" />
    <UnitTestResult executionId="248125b5-69c1-4854-9611-e45624e227ac" testId="b960a51a-07ce-5c77-9c47-9b7d49f68b04" testName="GetBoundingShapesPathsAsync_ShouldGetBoundingShapesFromFromMetadataObjectsSourceOnly_WhenOnlyFromMetadataObjectsSourceIsPassedIn" computerName="DKSR-EFI-04" duration="00:00:00.0039575" startTime="2023-12-22T09:37:33.6793810+01:00" endTime="2023-12-22T09:37:33.6950044+01:00" testType="13cdc9d9-ddb5-4fa4-a97d-d965ccfc6d4b" outcome="Passed" testListId="8c84fa94-04c1-424b-9868-57a2d4851a1d" relativeResultsDirectory="248125b5-69c1-4854-9611-e45624e227ac" />
    <UnitTestResult executionId="210a87a0-21a4-4f3a-a1c8-98d509087898" testId="69a471d5-b0a2-5fd2-ad73-823b3f723b44" testName="ValidateExportFormats_SmartClientPlayerFormat_ShouldValidate" computerName="DKSR-EFI-04" duration="00:00:00.0137938" startTime="2023-12-22T09:36:30.0071599+01:00" endTime="2023-12-22T09:36:30.0227839+01:00" testType="13cdc9d9-ddb5-4fa4-a97d-d965ccfc6d4b" outcome="Passed" testListId="8c84fa94-04c1-424b-9868-57a2d4851a1d" relativeResultsDirectory="210a87a0-21a4-4f3a-a1c8-98d509087898" />
    <UnitTestResult executionId="da9c34fb-6b79-4f3d-bd7d-90de6d0e3d02" testId="b7e1027f-ab12-3a23-380e-a1ca4e90c2bf" testName="TryAddInterval_ShouldReturnCorrectValue (True,False,AlreadyAdded)" computerName="DKSR-EFI-04" duration="00:00:00.0015694" startTime="2023-12-22T09:37:59.7888981+01:00" endTime="2023-12-22T09:37:59.7888981+01:00" testType="13cdc9d9-ddb5-4fa4-a97d-d965ccfc6d4b" outcome="Passed" testListId="8c84fa94-04c1-424b-9868-57a2d4851a1d" relativeResultsDirectory="da9c34fb-6b79-4f3d-bd7d-90de6d0e3d02" />
    <UnitTestResult executionId="4d479f0a-09de-4c95-9a7d-40c522de264e" testId="f959810f-2600-c7c3-3e3a-8928298ba128" testName="SetItemOutlines_OutlinesNull_Success" computerName="DKSR-EFI-04" duration="00:00:00.0148544" startTime="2023-12-22T09:36:24.3352529+01:00" endTime="2023-12-22T09:36:24.3508786+01:00" testType="13cdc9d9-ddb5-4fa4-a97d-d965ccfc6d4b" outcome="Passed" testListId="8c84fa94-04c1-424b-9868-57a2d4851a1d" relativeResultsDirectory="4d479f0a-09de-4c95-9a7d-40c522de264e" />
    <UnitTestResult executionId="1e98ae65-ad6d-4b12-9d67-54b20e816992" testId="1ab5d979-4667-2003-c0dc-5c23807afc87" testName="SetItemOutlines_OutlinesEmpty_Success" computerName="DKSR-EFI-04" duration="00:00:00.0141036" startTime="2023-12-22T09:36:24.3508786+01:00" endTime="2023-12-22T09:36:24.3665027+01:00" testType="13cdc9d9-ddb5-4fa4-a97d-d965ccfc6d4b" outcome="Passed" testListId="8c84fa94-04c1-424b-9868-57a2d4851a1d" relativeResultsDirectory="1e98ae65-ad6d-4b12-9d67-54b20e816992" />
    <UnitTestResult executionId="dbfe8a45-e1b7-445f-ac53-eb7f48efb995" testId="929085e5-a3c9-9121-b306-acebdc919f57" testName="IsHomeButtonVisible_MappedToViewModel_Success" computerName="DKSR-EFI-04" duration="00:00:00.0206470" startTime="2023-12-22T09:36:24.2415055+01:00" endTime="2023-12-22T09:36:24.2571295+01:00" testType="13cdc9d9-ddb5-4fa4-a97d-d965ccfc6d4b" outcome="Passed" testListId="8c84fa94-04c1-424b-9868-57a2d4851a1d" relativeResultsDirectory="dbfe8a45-e1b7-445f-ac53-eb7f48efb995" />
    <UnitTestResult executionId="cf6f730f-977c-4fdf-9b55-c1877142aaab" testId="93642e15-5690-c906-3db0-8d1d5502773a" testName="SearchDefinitionSearchLogic_ValidateBehaviour" computerName="DKSR-EFI-04" duration="00:00:00.0557153" startTime="2023-12-22T09:37:34.5231417+01:00" endTime="2023-12-22T09:37:34.5700117+01:00" testType="13cdc9d9-ddb5-4fa4-a97d-d965ccfc6d4b" outcome="Passed" testListId="8c84fa94-04c1-424b-9868-57a2d4851a1d" relativeResultsDirectory="cf6f730f-977c-4fdf-9b55-c1877142aaab" />
    <UnitTestResult executionId="236d8bcb-cb4f-48ec-a305-25d71d7eb699" testId="6260aeda-57ba-cb91-4a82-f4cbd7c152d7" testName="DeleteSearchTemplateAsync_ValidParameters_Success" computerName="DKSR-EFI-04" duration="00:00:00.0048354" startTime="2023-12-22T09:37:34.1012547+01:00" endTime="2023-12-22T09:37:34.1168817+01:00" testType="13cdc9d9-ddb5-4fa4-a97d-d965ccfc6d4b" outcome="Passed" testListId="8c84fa94-04c1-424b-9868-57a2d4851a1d" relativeResultsDirectory="236d8bcb-cb4f-48ec-a305-25d71d7eb699" />
    <UnitTestResult executionId="a2714658-de02-492f-bc91-aff1a7ad4959" testId="87b58032-586b-2c99-8416-71ae0f8434e1" testName="ShowSuccessToast_ShouldShowCorrectNumberOfToasts (5,1)" computerName="DKSR-EFI-04" duration="00:00:00.0037100" startTime="2023-12-22T09:38:00.2889021+01:00" endTime="2023-12-22T09:38:00.2889021+01:00" testType="13cdc9d9-ddb5-4fa4-a97d-d965ccfc6d4b" outcome="Passed" testListId="8c84fa94-04c1-424b-9868-57a2d4851a1d" relativeResultsDirectory="a2714658-de02-492f-bc91-aff1a7ad4959" />
    <UnitTestResult executionId="507492ba-3f49-4fe4-b325-96950bc404f3" testId="c852f0f2-cc0b-cd32-55ea-6f08f26c6103" testName="Instance_ShouldBeSingleton_WhenCalled" computerName="DKSR-EFI-04" duration="00:00:00.0001839" startTime="2023-12-22T09:37:53.0232418+01:00" endTime="2023-12-22T09:37:53.0232418+01:00" testType="13cdc9d9-ddb5-4fa4-a97d-d965ccfc6d4b" outcome="Passed" testListId="8c84fa94-04c1-424b-9868-57a2d4851a1d" relativeResultsDirectory="507492ba-3f49-4fe4-b325-96950bc404f3" />
    <UnitTestResult executionId="8c8adcf2-afb4-404d-9e24-ff0193649493" testId="2e1f1a04-832c-f244-dd8a-e5aa199150f1" testName="SetSelectedDuration_CustomInterval_CustomIntervalOpenSet" computerName="DKSR-EFI-04" duration="00:00:00.0080066" startTime="2023-12-22T09:37:27.7262182+01:00" endTime="2023-12-22T09:37:27.7262182+01:00" testType="13cdc9d9-ddb5-4fa4-a97d-d965ccfc6d4b" outcome="Passed" testListId="8c84fa94-04c1-424b-9868-57a2d4851a1d" relativeResultsDirectory="8c8adcf2-afb4-404d-9e24-ff0193649493" />
    <UnitTestResult executionId="ef00abad-bc82-4a06-a953-053bd3cbccad" testId="7693c0df-b71c-2c4d-9039-a2e154577900" testName="DeleteMapItems_ShouldReturnFalse_WhenUserDeclinesDeletionOfMultipleItems" computerName="DKSR-EFI-04" duration="00:00:00.0029350" startTime="2023-12-22T09:37:52.9919856+01:00" endTime="2023-12-22T09:37:52.9919856+01:00" testType="13cdc9d9-ddb5-4fa4-a97d-d965ccfc6d4b" outcome="Passed" testListId="8c84fa94-04c1-424b-9868-57a2d4851a1d" relativeResultsDirectory="ef00abad-bc82-4a06-a953-053bd3cbccad" />
    <UnitTestResult executionId="479527d7-d31b-4eeb-9d55-3ad84f437f2e" testId="3f089a4c-2d32-ba99-dedb-fa96b9528cb6" testName="HandleGetDeviceData_ShouldReturnNotFoundDeviceData_WhenMicrophoneKindAndNonExistingMicrophoneId" computerName="DKSR-EFI-04" duration="00:00:00.0743774" startTime="2023-12-22T09:36:26.4915151+01:00" endTime="2023-12-22T09:36:26.5696399+01:00" testType="13cdc9d9-ddb5-4fa4-a97d-d965ccfc6d4b" outcome="Passed" testListId="8c84fa94-04c1-424b-9868-57a2d4851a1d" relativeResultsDirectory="479527d7-d31b-4eeb-9d55-3ad84f437f2e" />
    <UnitTestResult executionId="fc57b74b-f5b6-4bac-813d-bd6b7b81e6d3" testId="4556e3ff-7a50-1b95-c5b1-f10c7d15ff66" testName="FindSearchTemplatesAsync_ValidParameters_Success" computerName="DKSR-EFI-04" duration="00:00:00.0077592" startTime="2023-12-22T09:37:34.1793837+01:00" endTime="2023-12-22T09:37:34.1793837+01:00" testType="13cdc9d9-ddb5-4fa4-a97d-d965ccfc6d4b" outcome="Passed" testListId="8c84fa94-04c1-424b-9868-57a2d4851a1d" relativeResultsDirectory="fc57b74b-f5b6-4bac-813d-bd6b7b81e6d3" />
    <UnitTestResult executionId="2a9d4af6-48ea-46ba-8e06-a710c53d3f75" testId="f1e0caf2-26c1-7e52-0baf-d74ce88aa74e" testName="Unrelated_devices_removed_when_unrelated_camera_added" computerName="DKSR-EFI-04" duration="00:00:00.0028511" startTime="2023-12-22T09:38:07.2420643+01:00" endTime="2023-12-22T09:38:07.2576877+01:00" testType="13cdc9d9-ddb5-4fa4-a97d-d965ccfc6d4b" outcome="Passed" testListId="8c84fa94-04c1-424b-9868-57a2d4851a1d" relativeResultsDirectory="2a9d4af6-48ea-46ba-8e06-a710c53d3f75" />
    <UnitTestResult executionId="ac59c9cc-f0f1-4dad-a603-4af7de6284c5" testId="299b8bc8-9ed0-5ee6-8aa2-46e5da15a4a2" testName="UserHasEditPublicSearchPermission_HasEditPermission_ReturnsTrue" computerName="DKSR-EFI-04" duration="00:00:00.0004619" startTime="2023-12-22T09:37:33.8825089+01:00" endTime="2023-12-22T09:37:33.8825089+01:00" testType="13cdc9d9-ddb5-4fa4-a97d-d965ccfc6d4b" outcome="Passed" testListId="8c84fa94-04c1-424b-9868-57a2d4851a1d" relativeResultsDirectory="ac59c9cc-f0f1-4dad-a603-4af7de6284c5" />
    <UnitTestResult executionId="95b6dee3-31d8-4a0b-a92e-cc994d5a9d26" testId="e9c28755-a991-4a05-f44d-1683b9f1f037" testName="TestLoad_WithNullDatagram_Failure" computerName="DKSR-EFI-04" duration="00:00:00.0062445" startTime="2023-12-22T09:37:55.3826211+01:00" endTime="2023-12-22T09:37:55.3982461+01:00" testType="13cdc9d9-ddb5-4fa4-a97d-d965ccfc6d4b" outcome="Passed" testListId="8c84fa94-04c1-424b-9868-57a2d4851a1d" relativeResultsDirectory="95b6dee3-31d8-4a0b-a92e-cc994d5a9d26" />
    <UnitTestResult executionId="f578b27d-3965-4b24-a67b-66162b0ca0f8" testId="c0fbebe8-662e-1768-fb63-e3fa6064e5a1" testName="VideoResultSearchResult_Properties_CollectedAndDisplayed" computerName="DKSR-EFI-04" duration="00:00:00.0795461" startTime="2023-12-22T09:37:04.2573438+01:00" endTime="2023-12-22T09:37:04.3354683+01:00" testType="13cdc9d9-ddb5-4fa4-a97d-d965ccfc6d4b" outcome="Passed" testListId="8c84fa94-04c1-424b-9868-57a2d4851a1d" relativeResultsDirectory="f578b27d-3965-4b24-a67b-66162b0ca0f8" />
    <UnitTestResult executionId="fe2335b6-6282-47b0-aa32-465f524c55c6" testId="9a0ec1ee-717c-f9be-241c-4cf9cb866a4c" testName="Toolbar_HasButtonsVisibleByDefault_WhenInLive" computerName="DKSR-EFI-04" duration="00:00:00.0137656" startTime="2023-12-22T09:37:59.2732700+01:00" endTime="2023-12-22T09:37:59.2888943+01:00" testType="13cdc9d9-ddb5-4fa4-a97d-d965ccfc6d4b" outcome="Passed" testListId="8c84fa94-04c1-424b-9868-57a2d4851a1d" relativeResultsDirectory="fe2335b6-6282-47b0-aa32-465f524c55c6" />
    <UnitTestResult executionId="f86d735d-a033-4793-b8b7-5fa708723eaa" testId="f61a8a43-f371-24a0-5a58-6db210060a1a" testName="Password1 invalid, Password 2 valid" computerName="DKSR-EFI-04" duration="00:00:00.0003322" startTime="2023-12-22T09:36:30.1477870+01:00" endTime="2023-12-22T09:36:30.1634118+01:00" testType="13cdc9d9-ddb5-4fa4-a97d-d965ccfc6d4b" outcome="Passed" testListId="8c84fa94-04c1-424b-9868-57a2d4851a1d" relativeResultsDirectory="f86d735d-a033-4793-b8b7-5fa708723eaa" />
    <UnitTestResult executionId="14af932e-cf93-4991-84dd-48ae31d84761" testId="08f82558-d98c-02af-8d5e-3581c5e98c4c" testName="LoadSearchTemplate_ActiveToSameActive_NoUpdateAndEvent" computerName="DKSR-EFI-04" duration="00:00:00.0005505" startTime="2023-12-22T09:37:33.7887614+01:00" endTime="2023-12-22T09:37:33.7887614+01:00" testType="13cdc9d9-ddb5-4fa4-a97d-d965ccfc6d4b" outcome="Passed" testListId="8c84fa94-04c1-424b-9868-57a2d4851a1d" relativeResultsDirectory="14af932e-cf93-4991-84dd-48ae31d84761" />
    <UnitTestResult executionId="efe9a0c5-1b22-4ac1-9561-010982015a79" testId="22f57bdb-c5ee-b53f-99a9-02334618ffe6" testName="Decorate_ShouldRaiseMissingMethodException_WhenDecoratorUsesLayerVisibilityItemData" computerName="DKSR-EFI-04" duration="00:00:00.0035046" startTime="2023-12-22T09:36:14.8039550+01:00" endTime="2023-12-22T09:36:14.8039550+01:00" testType="13cdc9d9-ddb5-4fa4-a97d-d965ccfc6d4b" outcome="Passed" testListId="8c84fa94-04c1-424b-9868-57a2d4851a1d" relativeResultsDirectory="efe9a0c5-1b22-4ac1-9561-010982015a79" />
    <UnitTestResult executionId="2153a690-7798-41b4-a994-f998f125af26" testId="e379db59-aec0-b3e4-c211-4083a6fbfae8" testName="Both enabled, not forced" computerName="DKSR-EFI-04" duration="00:00:00.0080748" startTime="2023-12-22T09:36:28.5071518+01:00" endTime="2023-12-22T09:36:28.5227774+01:00" testType="13cdc9d9-ddb5-4fa4-a97d-d965ccfc6d4b" outcome="Passed" testListId="8c84fa94-04c1-424b-9868-57a2d4851a1d" relativeResultsDirectory="2153a690-7798-41b4-a994-f998f125af26" />
    <UnitTestResult executionId="e9c55159-bb20-49aa-9035-797a7d914a5e" testId="6a53a4fc-af98-30a6-3b55-6aeeac9be0be" testName="SaveStateTo_OrderResultsBy_Success" computerName="DKSR-EFI-04" duration="00:00:00.0081202" startTime="2023-12-22T09:37:26.2574659+01:00" endTime="2023-12-22T09:37:26.2730950+01:00" testType="13cdc9d9-ddb5-4fa4-a97d-d965ccfc6d4b" outcome="Passed" testListId="8c84fa94-04c1-424b-9868-57a2d4851a1d" relativeResultsDirectory="e9c55159-bb20-49aa-9035-797a7d914a5e" />
    <UnitTestResult executionId="d9371cc3-32c9-4fa6-9e7b-73c02d7897f7" testId="7fa4e74d-d917-b5cf-9ec9-cff6147ce87d" testName="ShowPermissionDeniedStatusBarError_ShouldSendAMessage (5,1)" computerName="DKSR-EFI-04" duration="00:00:00.0033579" startTime="2023-12-22T09:38:00.3357779+01:00" endTime="2023-12-22T09:38:00.3357779+01:00" testType="13cdc9d9-ddb5-4fa4-a97d-d965ccfc6d4b" outcome="Passed" testListId="8c84fa94-04c1-424b-9868-57a2d4851a1d" relativeResultsDirectory="d9371cc3-32c9-4fa6-9e7b-73c02d7897f7" />
    <UnitTestResult executionId="cf6fe4b6-4d7d-490a-98a4-30915c9c06af" testId="374a86fe-b697-52f4-06b9-ec8ef8d94c81" testName="Both enabled, forced" computerName="DKSR-EFI-04" duration="00:00:00.0073734" startTime="2023-12-22T09:36:28.5227774+01:00" endTime="2023-12-22T09:36:28.5227774+01:00" testType="13cdc9d9-ddb5-4fa4-a97d-d965ccfc6d4b" outcome="Passed" testListId="8c84fa94-04c1-424b-9868-57a2d4851a1d" relativeResultsDirectory="cf6fe4b6-4d7d-490a-98a4-30915c9c06af" />
    <UnitTestResult executionId="da0ab44a-cd2b-42be-88ef-f8b63277ff3b" testId="be46907d-a173-13ad-6a6b-f04367a3abb5" testName="RightClick_ShouldSetContextMenu_WhenHostIsNotContextMenuAware" computerName="DKSR-EFI-04" duration="00:00:00.0256997" startTime="2023-12-22T09:36:19.2258530+01:00" endTime="2023-12-22T09:36:19.2414767+01:00" testType="13cdc9d9-ddb5-4fa4-a97d-d965ccfc6d4b" outcome="Passed" testListId="8c84fa94-04c1-424b-9868-57a2d4851a1d" relativeResultsDirectory="da0ab44a-cd2b-42be-88ef-f8b63277ff3b" />
    <UnitTestResult executionId="aa9ad47c-ae44-4cf2-8574-65fe79f0d17a" testId="443c2399-34e1-f6f5-cccc-278f0b0d999a" testName="AudioControllerOnDevicesLockEvent_ShouldNotEnableMicrophones_WhenUnlockingAudioDevicesAndApplicationIsInBrowseMode" computerName="DKSR-EFI-04" duration="00:00:00.0123543" startTime="2023-12-22T09:37:53.5857410+01:00" endTime="2023-12-22T09:37:53.5857410+01:00" testType="13cdc9d9-ddb5-4fa4-a97d-d965ccfc6d4b" outcome="Passed" testListId="8c84fa94-04c1-424b-9868-57a2d4851a1d" relativeResultsDirectory="aa9ad47c-ae44-4cf2-8574-65fe79f0d17a" />
    <UnitTestResult executionId="afdd9518-6cc7-4aa9-8d1e-159f1c3bd586" testId="63df17ff-7d87-8f4d-112e-c1a3760436bb" testName="GetDuration_AllCombined_Success" computerName="DKSR-EFI-04" duration="00:00:00.0003609" startTime="2023-12-22T09:37:33.5543767+01:00" endTime="2023-12-22T09:37:33.5543767+01:00" testType="13cdc9d9-ddb5-4fa4-a97d-d965ccfc6d4b" outcome="Passed" testListId="8c84fa94-04c1-424b-9868-57a2d4851a1d" relativeResultsDirectory="afdd9518-6cc7-4aa9-8d1e-159f1c3bd586" />
    <UnitTestResult executionId="d251d184-c5b3-446e-af4d-c4f545533813" testId="b6d0f186-52a1-85f5-8e22-24d46ac1ac11" testName="ErrorInModel_Updates_LastError" computerName="DKSR-EFI-04" duration="00:00:00.0244081" startTime="2023-12-22T09:37:51.8982279+01:00" endTime="2023-12-22T09:37:51.9294830+01:00" testType="13cdc9d9-ddb5-4fa4-a97d-d965ccfc6d4b" outcome="Passed" testListId="8c84fa94-04c1-424b-9868-57a2d4851a1d" relativeResultsDirectory="d251d184-c5b3-446e-af4d-c4f545533813">
      <Output>
        <StdOut>Debug Trace:&#xD;
 &gt;&gt;&gt; ERROR: System.NullReferenceException: Object reference not set to an instance of an object.&#xD;
   at VideoOS.RemoteClient.GisMapData.GisMapModel.&lt;LoadMapAsync&gt;d__195.MoveNext() in D:\actions-runner\_work\XPCO\XPCO\SC\Components\dotNet\VideoOS.RemoteClient.GisMapData\GisMapModel.cs:line 937&#xD;
 &gt;&gt;&gt; Stack:    at VideoOS.RemoteClient.GisMapData.GisMapModel.&lt;LoadMapAsync&gt;d__195.MoveNext() in D:\actions-runner\_work\XPCO\XPCO\SC\Components\dotNet\VideoOS.RemoteClient.GisMapData\GisMapModel.cs:line 937</StdOut>
      </Output>
    </UnitTestResult>
    <UnitTestResult executionId="3672412e-b43a-4c0f-91f4-96c54f621d3d" testId="3adcd1f6-966f-7457-7e36-7976f4188830" testName="CameraItemsMapLayer_Load_Save_DataIsSame" computerName="DKSR-EFI-04" duration="00:00:00.0121881" startTime="2023-12-22T09:37:50.1013432+01:00" endTime="2023-12-22T09:37:50.1169702+01:00" testType="13cdc9d9-ddb5-4fa4-a97d-d965ccfc6d4b" outcome="Passed" testListId="8c84fa94-04c1-424b-9868-57a2d4851a1d" relativeResultsDirectory="3672412e-b43a-4c0f-91f4-96c54f621d3d" />
    <UnitTestResult executionId="44753d12-96e0-41ab-aa0a-befa0d99df58" testId="232e38bc-f1e6-d745-c4df-2efcf25dd919" testName="Initialize_ShouldRaiseServerUpgradeRequiredAccessControlInitException_WhenAllowOnlyFipsAlgorithmsIsTrueAndSomeEventServerIdsAreNonFipsCompliant" computerName="DKSR-EFI-04" duration="00:00:00.0451816" startTime="2023-12-22T09:38:07.3045703+01:00" endTime="2023-12-22T09:38:07.3514370+01:00" testType="13cdc9d9-ddb5-4fa4-a97d-d965ccfc6d4b" outcome="Passed" testListId="8c84fa94-04c1-424b-9868-57a2d4851a1d" relativeResultsDirectory="44753d12-96e0-41ab-aa0a-befa0d99df58" />
    <UnitTestResult executionId="accdf562-1cab-4d12-97c6-ab57ee7db0ae" testId="01f34d8e-771f-fa5c-163a-25421605a156" testName="HandleGetDeviceData_ShouldReturnInputData_WhenInputKindAndExistingInputId" computerName="DKSR-EFI-04" duration="00:00:00.0725745" startTime="2023-12-22T09:36:26.0227650+01:00" endTime="2023-12-22T09:36:26.1008913+01:00" testType="13cdc9d9-ddb5-4fa4-a97d-d965ccfc6d4b" outcome="Passed" testListId="8c84fa94-04c1-424b-9868-57a2d4851a1d" relativeResultsDirectory="accdf562-1cab-4d12-97c6-ab57ee7db0ae" />
    <UnitTestResult executionId="fac9d62e-7b4d-4649-8fe9-0aae401721e1" testId="0df0cb69-797b-9ae4-83ed-e8c0cce4f5b0" testName="ToDenormalizedFieldOfView_0_0" computerName="DKSR-EFI-04" duration="00:00:00.0000962" startTime="2023-12-22T09:37:49.8669709+01:00" endTime="2023-12-22T09:37:49.8669709+01:00" testType="13cdc9d9-ddb5-4fa4-a97d-d965ccfc6d4b" outcome="Passed" testListId="8c84fa94-04c1-424b-9868-57a2d4851a1d" relativeResultsDirectory="fac9d62e-7b4d-4649-8fe9-0aae401721e1" />
    <UnitTestResult executionId="dbc76d87-0e85-48dc-94ee-7b02360819a7" testId="b1b8a305-1381-b18e-2bbc-3221c5d951a2" testName="GetSearchTemplateAsync_ValidParameters_Success" computerName="DKSR-EFI-04" duration="00:00:00.0050686" startTime="2023-12-22T09:37:34.1481287+01:00" endTime="2023-12-22T09:37:34.1481287+01:00" testType="13cdc9d9-ddb5-4fa4-a97d-d965ccfc6d4b" outcome="Passed" testListId="8c84fa94-04c1-424b-9868-57a2d4851a1d" relativeResultsDirectory="dbc76d87-0e85-48dc-94ee-7b02360819a7" />
    <UnitTestResult executionId="e3f6fd41-1455-4c36-af39-3e8cfcd9548d" testId="b7095fa5-4f07-bfb6-a358-0338e32383f9" testName="MapCameraIcons_WhenPinkOemResource_ShouldReturnTenIcons" computerName="DKSR-EFI-04" duration="00:00:00.0210731" startTime="2023-12-22T09:38:05.2576860+01:00" endTime="2023-12-22T09:38:05.2733063+01:00" testType="13cdc9d9-ddb5-4fa4-a97d-d965ccfc6d4b" outcome="Passed" testListId="8c84fa94-04c1-424b-9868-57a2d4851a1d" relativeResultsDirectory="e3f6fd41-1455-4c36-af39-3e8cfcd9548d" />
    <UnitTestResult executionId="0651ccfb-107b-4d58-8c14-7fcc88907b5b" testId="cb87cf1a-c232-cb4e-8509-02ba48adec73" testName="UpdateScope_ItemsChangedWithNullScopeDuration_ReturnsTrue" computerName="DKSR-EFI-04" duration="00:00:00.0001753" startTime="2023-12-22T09:37:35.1481394+01:00" endTime="2023-12-22T09:37:35.1481394+01:00" testType="13cdc9d9-ddb5-4fa4-a97d-d965ccfc6d4b" outcome="Passed" testListId="8c84fa94-04c1-424b-9868-57a2d4851a1d" relativeResultsDirectory="0651ccfb-107b-4d58-8c14-7fcc88907b5b" />
    <UnitTestResult executionId="58921fa0-2aac-4eb1-881d-48dea7a398e0" testId="965fdcc0-0a63-658e-8232-27fc5f468c9d" testName="AddToSearchSelectedEvent_SomeCategoriesSelected_Success" computerName="DKSR-EFI-04" duration="00:00:00.0355123" startTime="2023-12-22T09:37:24.1637032+01:00" endTime="2023-12-22T09:37:24.1949581+01:00" testType="13cdc9d9-ddb5-4fa4-a97d-d965ccfc6d4b" outcome="Passed" testListId="8c84fa94-04c1-424b-9868-57a2d4851a1d" relativeResultsDirectory="58921fa0-2aac-4eb1-881d-48dea7a398e0" />
    <UnitTestResult executionId="43a113b2-dc89-46ed-b92e-4f2ec3f594ac" testId="830bf89f-dfc4-5715-2ff6-ae54ad42b242" testName="IsDeviceSupported_ShouldReturnTrue_WhenInputKind" computerName="DKSR-EFI-04" duration="00:00:00.0002637" startTime="2023-12-22T09:36:27.1946435+01:00" endTime="2023-12-22T09:36:27.1946435+01:00" testType="13cdc9d9-ddb5-4fa4-a97d-d965ccfc6d4b" outcome="Passed" testListId="8c84fa94-04c1-424b-9868-57a2d4851a1d" relativeResultsDirectory="43a113b2-dc89-46ed-b92e-4f2ec3f594ac" />
    <UnitTestResult executionId="c5c1a94b-41d2-49a6-ac40-19582f984ec1" testId="bcd71d5d-281d-5d3b-7426-e01e3ca8b29e" testName="Compare_ShouldSortByPrimaryEventTime_WhenCombinedResultsAreEquallyRelevant" computerName="DKSR-EFI-04" duration="00:00:00.0016792" startTime="2023-12-22T09:37:35.3200176+01:00" endTime="2023-12-22T09:37:35.3356369+01:00" testType="13cdc9d9-ddb5-4fa4-a97d-d965ccfc6d4b" outcome="Passed" testListId="8c84fa94-04c1-424b-9868-57a2d4851a1d" relativeResultsDirectory="c5c1a94b-41d2-49a6-ac40-19582f984ec1" />
    <UnitTestResult executionId="528fa691-d5c2-4719-8b2b-9f3b985b3d70" testId="6cf1d803-864d-f447-b323-57be8d42bea0" testName="ActionBarPluginEnabled_SinglePluginWithNotEnoughRoom_PluginButtonPresentInOverflowMenu" computerName="DKSR-EFI-04" duration="00:00:00.0884757" startTime="2023-12-22T09:36:33.3665539+01:00" endTime="2023-12-22T09:36:33.4603054+01:00" testType="13cdc9d9-ddb5-4fa4-a97d-d965ccfc6d4b" outcome="Passed" testListId="8c84fa94-04c1-424b-9868-57a2d4851a1d" relativeResultsDirectory="528fa691-d5c2-4719-8b2b-9f3b985b3d70" />
    <UnitTestResult executionId="1612e57e-edd2-4f1e-88ce-1acfa2b039a8" testId="c56f457f-add8-fe75-61ba-d07e5ee3df6d" testName="ValidateExportItems_ShouldReturnFailResult_ViewItemRequired" computerName="DKSR-EFI-04" duration="00:00:00.0083050" startTime="2023-12-22T09:36:29.6790315+01:00" endTime="2023-12-22T09:36:29.6946575+01:00" testType="13cdc9d9-ddb5-4fa4-a97d-d965ccfc6d4b" outcome="Passed" testListId="8c84fa94-04c1-424b-9868-57a2d4851a1d" relativeResultsDirectory="1612e57e-edd2-4f1e-88ce-1acfa2b039a8" />
    <UnitTestResult executionId="fa9b3d90-4f7b-4dd2-a4e1-0d4083b42146" testId="49758d16-90af-426b-1c8f-f4b8f8b9a8ad" testName="Constructor_ShouldRaiseArgumentNullException_WhenMapLayersIsNull" computerName="DKSR-EFI-04" duration="00:00:00.0021943" startTime="2023-12-22T09:36:14.8352049+01:00" endTime="2023-12-22T09:36:14.8352049+01:00" testType="13cdc9d9-ddb5-4fa4-a97d-d965ccfc6d4b" outcome="Passed" testListId="8c84fa94-04c1-424b-9868-57a2d4851a1d" relativeResultsDirectory="fa9b3d90-4f7b-4dd2-a4e1-0d4083b42146" />
    <UnitTestResult executionId="ae31611d-2c25-46f2-9663-da96e42784cd" testId="a3a279c4-f3f7-95fe-94ce-1de6e3205e7e" testName="ValueWithFallbackConverterTests_Convert_FirstValueNull_SecondValueNull_Failure" computerName="DKSR-EFI-04" duration="00:00:00.0002016" startTime="2023-12-22T09:37:04.2104707+01:00" endTime="2023-12-22T09:37:04.2104707+01:00" testType="13cdc9d9-ddb5-4fa4-a97d-d965ccfc6d4b" outcome="Passed" testListId="8c84fa94-04c1-424b-9868-57a2d4851a1d" relativeResultsDirectory="ae31611d-2c25-46f2-9663-da96e42784cd" />
    <UnitTestResult executionId="34140082-55ba-408f-93f7-3f8c8db54937" testId="885e02ef-e416-e860-c427-66861a1cef8a" testName="LoginPlugins_ShouldContainOneAccessControlLoginPluginElement_WhenCloseHasBeenPreviouslyCalled" computerName="DKSR-EFI-04" duration="00:00:00.0019323" startTime="2023-12-22T09:38:07.8826932+01:00" endTime="2023-12-22T09:38:07.8826932+01:00" testType="13cdc9d9-ddb5-4fa4-a97d-d965ccfc6d4b" outcome="Passed" testListId="8c84fa94-04c1-424b-9868-57a2d4851a1d" relativeResultsDirectory="34140082-55ba-408f-93f7-3f8c8db54937" />
    <UnitTestResult executionId="84a25dec-e0e8-42b0-a3af-95447a00bf9f" testId="5876e8ec-2002-4245-4ea9-8cdb899ab34a" testName="AddToExportDevices_ShouldAddToExportData (0)" computerName="DKSR-EFI-04" duration="00:00:00.0069473" startTime="2023-12-22T09:38:00.0701476+01:00" endTime="2023-12-22T09:38:00.0701476+01:00" testType="13cdc9d9-ddb5-4fa4-a97d-d965ccfc6d4b" outcome="Passed" testListId="8c84fa94-04c1-424b-9868-57a2d4851a1d" relativeResultsDirectory="84a25dec-e0e8-42b0-a3af-95447a00bf9f" />
    <UnitTestResult executionId="3f0aee92-1b3d-45d0-955b-0e9cacf2aa91" testId="55521edb-a4b7-bc99-96a2-4a68c93fc884" testName="BoundingBoxInvalidData" computerName="DKSR-EFI-04" duration="00:00:00.1110172" startTime="2023-12-22T09:38:01.6326575+01:00" endTime="2023-12-22T09:38:01.7420347+01:00" testType="13cdc9d9-ddb5-4fa4-a97d-d965ccfc6d4b" outcome="Passed" testListId="8c84fa94-04c1-424b-9868-57a2d4851a1d" relativeResultsDirectory="3f0aee92-1b3d-45d0-955b-0e9cacf2aa91" />
    <UnitTestResult executionId="6ecbd05a-a42c-4aae-9f2d-f953b3ed02c5" testId="788a6834-d7c6-3652-9af3-0c73bb9d6301" testName="GetIndexExtent_ZoomMin_WholeWorldIsCovered" computerName="DKSR-EFI-04" duration="00:00:00.0005791" startTime="2023-12-22T09:37:57.2888828+01:00" endTime="2023-12-22T09:37:57.2888828+01:00" testType="13cdc9d9-ddb5-4fa4-a97d-d965ccfc6d4b" outcome="Passed" testListId="8c84fa94-04c1-424b-9868-57a2d4851a1d" relativeResultsDirectory="6ecbd05a-a42c-4aae-9f2d-f953b3ed02c5" />
    <UnitTestResult executionId="fb7633a7-b14a-41ca-a48f-388cbd572b69" testId="a9a49dd9-77fa-e02e-a80e-c665ef39753c" testName="WhenActionExecutedWithAlarmsForSoSubscribedObserverThenNoObserverNotified" computerName="DKSR-EFI-04" duration="00:00:00.0024730" startTime="2023-12-22T09:37:56.0545094+01:00" endTime="2023-12-22T09:37:56.0545094+01:00" testType="13cdc9d9-ddb5-4fa4-a97d-d965ccfc6d4b" outcome="Passed" testListId="8c84fa94-04c1-424b-9868-57a2d4851a1d" relativeResultsDirectory="fb7633a7-b14a-41ca-a48f-388cbd572b69" />
    <UnitTestResult executionId="56f5b971-b86f-4658-8799-43eb0fae3f56" testId="4be5efe6-8790-c0c6-bead-44c751febe9d" testName="ResolveBaseResultProperties_ShouldReturnTwoTriggerTimes_WhenTwoTriggerTimesAreWithinBeginEnd" computerName="DKSR-EFI-04" duration="00:00:00.0023362" startTime="2023-12-22T09:37:33.7418819+01:00" endTime="2023-12-22T09:37:33.7418819+01:00" testType="13cdc9d9-ddb5-4fa4-a97d-d965ccfc6d4b" outcome="Passed" testListId="8c84fa94-04c1-424b-9868-57a2d4851a1d" relativeResultsDirectory="56f5b971-b86f-4658-8799-43eb0fae3f56" />
    <UnitTestResult executionId="335fc044-4f70-461c-8f15-c1133f6e24de" testId="1153276a-4acc-8389-9593-9aed2f86bdf6" testName="Toolbar_IsVisible_WhenInLive" computerName="DKSR-EFI-04" duration="00:00:00.0181529" startTime="2023-12-22T09:37:59.2888943+01:00" endTime="2023-12-22T09:37:59.3045303+01:00" testType="13cdc9d9-ddb5-4fa4-a97d-d965ccfc6d4b" outcome="Passed" testListId="8c84fa94-04c1-424b-9868-57a2d4851a1d" relativeResultsDirectory="335fc044-4f70-461c-8f15-c1133f6e24de" />
    <UnitTestResult executionId="5c61c822-2460-45c8-8856-1ddad8b1a993" testId="935f9d23-02e5-8e42-a5d2-10f08e3ce4fe" testName="Ctor_NullCaption_ThrowsException" computerName="DKSR-EFI-04" duration="00:00:00.0027056" startTime="2023-12-22T09:37:59.4763962+01:00" endTime="2023-12-22T09:37:59.4763962+01:00" testType="13cdc9d9-ddb5-4fa4-a97d-d965ccfc6d4b" outcome="Passed" testListId="8c84fa94-04c1-424b-9868-57a2d4851a1d" relativeResultsDirectory="5c61c822-2460-45c8-8856-1ddad8b1a993" />
    <UnitTestResult executionId="6816e504-5bbc-4f55-aaf8-0e5ffdd5d8af" testId="faece781-49e2-4e59-ebf9-bba502576c3c" testName="RemoveWorkroom_ShouldReturnFalse_WhenThereIsOnlyOneWorkroom" computerName="DKSR-EFI-04" duration="00:00:00.0283766" startTime="2023-12-22T09:38:05.8826847+01:00" endTime="2023-12-22T09:38:05.9139384+01:00" testType="13cdc9d9-ddb5-4fa4-a97d-d965ccfc6d4b" outcome="Passed" testListId="8c84fa94-04c1-424b-9868-57a2d4851a1d" relativeResultsDirectory="6816e504-5bbc-4f55-aaf8-0e5ffdd5d8af" />
    <UnitTestResult executionId="55fb65d5-4284-4065-8b85-cdd9f764d69b" testId="06d7b27d-6e66-2e53-04a1-64a9308dafcb" testName="HandleGetDeviceData_ShouldReturnCameraData_WhenCameraKindAndExistingCameraId" computerName="DKSR-EFI-04" duration="00:00:00.5092823" startTime="2023-12-22T09:36:25.1790095+01:00" endTime="2023-12-22T09:36:25.6946662+01:00" testType="13cdc9d9-ddb5-4fa4-a97d-d965ccfc6d4b" outcome="Passed" testListId="8c84fa94-04c1-424b-9868-57a2d4851a1d" relativeResultsDirectory="55fb65d5-4284-4065-8b85-cdd9f764d69b" />
    <UnitTestResult executionId="198619dd-b20e-4dc3-84b1-eb66585ff401" testId="f680908c-3b4b-7b4d-7066-6e5fce7c0b27" testName="GetClusters_ExcludeThenIncludeExcludedItems_NoChange (Data Row 3)" computerName="DKSR-EFI-04" duration="00:00:00.0114971" startTime="2023-12-22T09:37:56.4607518+01:00" endTime="2023-12-22T09:37:56.6638974+01:00" testType="13cdc9d9-ddb5-4fa4-a97d-d965ccfc6d4b" outcome="Passed" testListId="8c84fa94-04c1-424b-9868-57a2d4851a1d" relativeResultsDirectory="198619dd-b20e-4dc3-84b1-eb66585ff401" />
    <UnitTestResult executionId="19aa75a1-4de1-4071-b87d-c787f89099f2" testId="5b36a0fc-0af7-9466-52bd-af4aae9184ca" testName="Constructor_ShouldRaiseArgumentNullException_WhenGisMapViewModelInteractionStateControllerIsNull" computerName="DKSR-EFI-04" duration="00:00:00.0136412" startTime="2023-12-22T09:36:12.7883181+01:00" endTime="2023-12-22T09:36:12.8039450+01:00" testType="13cdc9d9-ddb5-4fa4-a97d-d965ccfc6d4b" outcome="Passed" testListId="8c84fa94-04c1-424b-9868-57a2d4851a1d" relativeResultsDirectory="19aa75a1-4de1-4071-b87d-c787f89099f2" />
    <UnitTestResult executionId="4a8fe35c-e9d4-4feb-a413-dbd8d84cff77" testId="d516c9f8-a086-c688-a8dc-fd4cd17c2bf6" testName="Deserialize_InvalidValidate_ErrorCollectionNotEmpty" computerName="DKSR-EFI-04" duration="00:00:00.0046395" startTime="2023-12-22T09:37:34.9450171+01:00" endTime="2023-12-22T09:37:34.9606353+01:00" testType="13cdc9d9-ddb5-4fa4-a97d-d965ccfc6d4b" outcome="Passed" testListId="8c84fa94-04c1-424b-9868-57a2d4851a1d" relativeResultsDirectory="4a8fe35c-e9d4-4feb-a413-dbd8d84cff77" />
    <UnitTestResult executionId="5ea4e823-34fd-4c1b-a851-b9d29645d520" testId="1f23f407-ba0c-3271-0197-9ffb55ef110e" testName="CreateSearchTemplateAsync_ThrowCommunicationMIPException_Success" computerName="DKSR-EFI-04" duration="00:00:00.0020755" startTime="2023-12-22T09:37:33.9293830+01:00" endTime="2023-12-22T09:37:33.9293830+01:00" testType="13cdc9d9-ddb5-4fa4-a97d-d965ccfc6d4b" outcome="Passed" testListId="8c84fa94-04c1-424b-9868-57a2d4851a1d" relativeResultsDirectory="5ea4e823-34fd-4c1b-a851-b9d29645d520" />
    <UnitTestResult executionId="30d7cf2b-6a70-4437-ac06-da60d406c547" testId="86196731-e240-8e80-a6e3-fc0d4e3d2f5c" testName="FindSearchTemplatesAsync_ThrowCommunicationMIPException_Success" computerName="DKSR-EFI-04" duration="00:00:00.0013293" startTime="2023-12-22T09:37:34.1950088+01:00" endTime="2023-12-22T09:37:34.1950088+01:00" testType="13cdc9d9-ddb5-4fa4-a97d-d965ccfc6d4b" outcome="Passed" testListId="8c84fa94-04c1-424b-9868-57a2d4851a1d" relativeResultsDirectory="30d7cf2b-6a70-4437-ac06-da60d406c547" />
    <UnitTestResult executionId="5c3eb6ac-b93c-4db1-93d3-d904757a456a" testId="b6df7e61-5cd3-7534-d237-3d944ef5fa3d" testName="Ctor_NoBuiltInGroupsDefined_NoAgentsAdded" computerName="DKSR-EFI-04" duration="00:00:00.0080886" startTime="2023-12-22T09:37:48.3357184+01:00" endTime="2023-12-22T09:37:48.3357184+01:00" testType="13cdc9d9-ddb5-4fa4-a97d-d965ccfc6d4b" outcome="Passed" testListId="8c84fa94-04c1-424b-9868-57a2d4851a1d" relativeResultsDirectory="5c3eb6ac-b93c-4db1-93d3-d904757a456a" />
    <UnitTestResult executionId="031e49b7-94e4-4bdd-a3eb-3c1b87455610" testId="95782b76-412a-a409-a816-e93155ca7714" testName="ResultTick_MouseClick_FirstItemSelected" computerName="DKSR-EFI-04" duration="00:00:00.0596111" startTime="2023-12-22T09:37:06.7417317+01:00" endTime="2023-12-22T09:37:06.8042317+01:00" testType="13cdc9d9-ddb5-4fa4-a97d-d965ccfc6d4b" outcome="Passed" testListId="8c84fa94-04c1-424b-9868-57a2d4851a1d" relativeResultsDirectory="031e49b7-94e4-4bdd-a3eb-3c1b87455610" />
    <UnitTestResult executionId="81dd8955-19b0-4348-b245-5af67df12bb5" testId="f18dd244-4a09-e214-2e8b-a1adb5d41997" testName="SearchResultsActionBarActions_CreateSnapshot_InvokeCommand_MultipleSnapshotsFailed_CorrectErrorMessageShown" computerName="DKSR-EFI-04" duration="00:00:00.0125025" startTime="2023-12-22T09:37:25.8668387+01:00" endTime="2023-12-22T09:37:25.8668387+01:00" testType="13cdc9d9-ddb5-4fa4-a97d-d965ccfc6d4b" outcome="Passed" testListId="8c84fa94-04c1-424b-9868-57a2d4851a1d" relativeResultsDirectory="81dd8955-19b0-4348-b245-5af67df12bb5" />
    <UnitTestResult executionId="aaddff08-5a09-4f02-8410-78991f2eebf9" testId="2031c616-1edd-8f7a-639e-5fd173aaa18e" testName="LeftButtonDown_ShouldNotRaiseAnException_WhenFired" computerName="DKSR-EFI-04" duration="00:00:00.0275568" startTime="2023-12-22T09:36:11.6008144+01:00" endTime="2023-12-22T09:36:11.6320620+01:00" testType="13cdc9d9-ddb5-4fa4-a97d-d965ccfc6d4b" outcome="Passed" testListId="8c84fa94-04c1-424b-9868-57a2d4851a1d" relativeResultsDirectory="aaddff08-5a09-4f02-8410-78991f2eebf9" />
    <UnitTestResult executionId="a723f017-2059-4d28-8bfa-564d3b946a6c" testId="e998f77e-77b2-7e10-d8db-3813eb8031aa" testName="GetClusters_ThreeInitialItems_ClustersForInitialItems (Data Row 15)" computerName="DKSR-EFI-04" duration="00:00:00.0084969" startTime="2023-12-22T09:37:57.3201337+01:00" endTime="2023-12-22T09:37:57.5076341+01:00" testType="13cdc9d9-ddb5-4fa4-a97d-d965ccfc6d4b" outcome="Passed" testListId="8c84fa94-04c1-424b-9868-57a2d4851a1d" relativeResultsDirectory="a723f017-2059-4d28-8bfa-564d3b946a6c" />
    <UnitTestResult executionId="349f6d0b-84b7-41a8-a58d-1369894e1283" testId="787ee61a-eea4-f68b-10a6-56765d45d4e8" testName="Remove_ShouldRemoveViewItemFromIncludedViewItemsForSelectedView" computerName="DKSR-EFI-04" duration="00:00:00.0021956" startTime="2023-12-22T09:36:07.3195415+01:00" endTime="2023-12-22T09:36:07.3195415+01:00" testType="13cdc9d9-ddb5-4fa4-a97d-d965ccfc6d4b" outcome="Passed" testListId="8c84fa94-04c1-424b-9868-57a2d4851a1d" relativeResultsDirectory="349f6d0b-84b7-41a8-a58d-1369894e1283" />
    <UnitTestResult executionId="e1dab151-b3b2-4fa3-9329-5afe4f54eab3" testId="2f768a08-79d1-a2fa-f632-631b61e890cb" testName="Model_UpdateBuildingMapItems_Success" computerName="DKSR-EFI-04" duration="00:00:00.0547645" startTime="2023-12-22T09:37:51.8357344+01:00" endTime="2023-12-22T09:37:51.8982279+01:00" testType="13cdc9d9-ddb5-4fa4-a97d-d965ccfc6d4b" outcome="Passed" testListId="8c84fa94-04c1-424b-9868-57a2d4851a1d" relativeResultsDirectory="e1dab151-b3b2-4fa3-9329-5afe4f54eab3" />
    <UnitTestResult executionId="5a17a6c7-a0b4-4582-8e5c-aabb7242a48b" testId="015cbbb2-3ae8-0f0d-d16b-d3a0e1ee3da3" testName="OnMarkerRightClicked_ShouldUseCrossTypeMenuItems_WhenInSetupModeAndMultipleItemsFromDifferentLayersIncludingAtLeastOneCameraAreSelected" computerName="DKSR-EFI-04" duration="00:00:00.0398036" startTime="2023-12-22T09:36:18.6477257+01:00" endTime="2023-12-22T09:36:18.6945999+01:00" testType="13cdc9d9-ddb5-4fa4-a97d-d965ccfc6d4b" outcome="Passed" testListId="8c84fa94-04c1-424b-9868-57a2d4851a1d" relativeResultsDirectory="5a17a6c7-a0b4-4582-8e5c-aabb7242a48b" />
    <UnitTestResult executionId="554d2a5c-f25e-4bd2-8505-c7f9aef6d28f" testId="9d2adb93-4837-25dd-c5fc-bdfa01122682" testName="HandleGetLayerFeatures_ShouldRaiseArgumentException_WhenIsCalled" computerName="DKSR-EFI-04" duration="00:00:00.0004651" startTime="2023-12-22T09:37:55.8201217+01:00" endTime="2023-12-22T09:37:55.8201217+01:00" testType="13cdc9d9-ddb5-4fa4-a97d-d965ccfc6d4b" outcome="Passed" testListId="8c84fa94-04c1-424b-9868-57a2d4851a1d" relativeResultsDirectory="554d2a5c-f25e-4bd2-8505-c7f9aef6d28f" />
    <UnitTestResult executionId="ba6788e3-303e-4424-be96-ff93fe38dec0" testId="026dfb6f-c080-58ce-2d5a-796a4588997d" testName="PtzSessionControllerInfoConstructorTest_From_PtzSessionInfo_Other_User" computerName="DKSR-EFI-04" duration="00:00:00.0009972" startTime="2023-12-22T09:36:07.2257900+01:00" endTime="2023-12-22T09:36:07.2257900+01:00" testType="13cdc9d9-ddb5-4fa4-a97d-d965ccfc6d4b" outcome="Passed" testListId="8c84fa94-04c1-424b-9868-57a2d4851a1d" relativeResultsDirectory="ba6788e3-303e-4424-be96-ff93fe38dec0" />
    <UnitTestResult executionId="9b242d42-edbf-48d8-bd62-30555f731c8f" testId="8fad5930-640a-f193-8986-d1e8191830e2" testName="PatrollingProfileViewModelTest_IsInEditMode_IsNotInEditMode_Set" computerName="DKSR-EFI-04" duration="00:00:00.0021449" startTime="2023-12-22T09:37:57.9920130+01:00" endTime="2023-12-22T09:37:57.9920130+01:00" testType="13cdc9d9-ddb5-4fa4-a97d-d965ccfc6d4b" outcome="Passed" testListId="8c84fa94-04c1-424b-9868-57a2d4851a1d" relativeResultsDirectory="9b242d42-edbf-48d8-bd62-30555f731c8f" />
    <UnitTestResult executionId="8921b642-9543-4885-8959-520e8211e294" testId="3787704c-f9e0-e566-1c87-02188e388c59" testName="PtzSessionControllerInfo_UserChangedTest_Different_User_Type" computerName="DKSR-EFI-04" duration="00:00:00.0004217" startTime="2023-12-22T09:36:07.2414144+01:00" endTime="2023-12-22T09:36:07.2414144+01:00" testType="13cdc9d9-ddb5-4fa4-a97d-d965ccfc6d4b" outcome="Passed" testListId="8c84fa94-04c1-424b-9868-57a2d4851a1d" relativeResultsDirectory="8921b642-9543-4885-8959-520e8211e294" />
    <UnitTestResult executionId="86383be5-13dc-436b-b8b7-27625eaf7b59" testId="f107b2f8-e52e-2d8a-eafb-dc1e00450b6b" testName="Command_WithResults_PluginInstanceActivatedCalled" computerName="DKSR-EFI-04" duration="00:00:00.0051511" startTime="2023-12-22T09:37:26.1324591+01:00" endTime="2023-12-22T09:37:26.1324591+01:00" testType="13cdc9d9-ddb5-4fa4-a97d-d965ccfc6d4b" outcome="Passed" testListId="8c84fa94-04c1-424b-9868-57a2d4851a1d" relativeResultsDirectory="86383be5-13dc-436b-b8b7-27625eaf7b59" />
    <UnitTestResult executionId="4e176bc4-d21a-4ee4-aed7-88c28268f3f1" testId="478d0236-e1c2-77c9-69c0-a72f12637e60" testName="BindingModelTitle_Matches_PluginInstanceTitle" computerName="DKSR-EFI-04" duration="00:00:00.0017516" startTime="2023-12-22T09:38:00.4295289+01:00" endTime="2023-12-22T09:38:00.4295289+01:00" testType="13cdc9d9-ddb5-4fa4-a97d-d965ccfc6d4b" outcome="Passed" testListId="8c84fa94-04c1-424b-9868-57a2d4851a1d" relativeResultsDirectory="4e176bc4-d21a-4ee4-aed7-88c28268f3f1" />
    <UnitTestResult executionId="622d8576-0973-48b7-95a2-d50aff54612d" testId="58078e76-fc8c-090d-f603-a4db3d83abcc" testName="MicrophoneItemsMapLayer_Load_Save_DataIsSame" computerName="DKSR-EFI-04" duration="00:00:00.0141934" startTime="2023-12-22T09:37:50.1482221+01:00" endTime="2023-12-22T09:37:50.1638465+01:00" testType="13cdc9d9-ddb5-4fa4-a97d-d965ccfc6d4b" outcome="Passed" testListId="8c84fa94-04c1-424b-9868-57a2d4851a1d" relativeResultsDirectory="622d8576-0973-48b7-95a2-d50aff54612d" />
    <UnitTestResult executionId="78cbc737-ada1-4f3c-b6f3-99104de16ea8" testId="27f390ff-a294-3ac4-6f34-9d39f621e68b" testName="Ctor_NullItems_ThrowsException" computerName="DKSR-EFI-04" duration="00:00:00.0003904" startTime="2023-12-22T09:37:59.4763962+01:00" endTime="2023-12-22T09:37:59.4763962+01:00" testType="13cdc9d9-ddb5-4fa4-a97d-d965ccfc6d4b" outcome="Passed" testListId="8c84fa94-04c1-424b-9868-57a2d4851a1d" relativeResultsDirectory="78cbc737-ada1-4f3c-b6f3-99104de16ea8" />
    <UnitTestResult executionId="0e0d8e76-f518-4a01-b707-d02992f4d932" testId="ff37e13a-ef96-a965-37b4-7e2b5b7bc7cd" testName="Ctor_NullPassedToNotNullParameters_Failure" computerName="DKSR-EFI-04" duration="00:00:00.0046611" startTime="2023-12-22T09:37:48.1638336+01:00" endTime="2023-12-22T09:37:48.1638336+01:00" testType="13cdc9d9-ddb5-4fa4-a97d-d965ccfc6d4b" outcome="Passed" testListId="8c84fa94-04c1-424b-9868-57a2d4851a1d" relativeResultsDirectory="0e0d8e76-f518-4a01-b707-d02992f4d932" />
    <UnitTestResult executionId="5b868155-14de-4d27-837b-ae4dcb6ed94a" testId="383557df-ae77-e167-ffa1-ee8498a57d67" testName="ShowPermissionDeniedToasts_ShouldShowCorrectNumberOfToasts (1,1)" computerName="DKSR-EFI-04" duration="00:00:00.0015870" startTime="2023-12-22T09:38:00.3201583+01:00" endTime="2023-12-22T09:38:00.3201583+01:00" testType="13cdc9d9-ddb5-4fa4-a97d-d965ccfc6d4b" outcome="Passed" testListId="8c84fa94-04c1-424b-9868-57a2d4851a1d" relativeResultsDirectory="5b868155-14de-4d27-837b-ae4dcb6ed94a" />
    <UnitTestResult executionId="2036017f-4892-488b-8f27-623362d56587" testId="e998f77e-77b2-7e10-d8db-3813eb8031aa" testName="GetClusters_ThreeInitialItems_ClustersForInitialItems (Data Row 2)" computerName="DKSR-EFI-04" duration="00:00:00.0110474" startTime="2023-12-22T09:37:57.3201337+01:00" endTime="2023-12-22T09:37:57.5076341+01:00" testType="13cdc9d9-ddb5-4fa4-a97d-d965ccfc6d4b" outcome="Passed" testListId="8c84fa94-04c1-424b-9868-57a2d4851a1d" relativeResultsDirectory="2036017f-4892-488b-8f27-623362d56587" />
    <UnitTestResult executionId="eea55e44-b714-4d63-a8a6-c29ec8308812" testId="84f87709-ca75-b015-fe61-63a08c2421fb" testName="PatrollingPresetViewModel_Constructor_ArgumentNull" computerName="DKSR-EFI-04" duration="00:00:00.0001536" startTime="2023-12-22T09:37:57.8201364+01:00" endTime="2023-12-22T09:37:57.8201364+01:00" testType="13cdc9d9-ddb5-4fa4-a97d-d965ccfc6d4b" outcome="Passed" testListId="8c84fa94-04c1-424b-9868-57a2d4851a1d" relativeResultsDirectory="eea55e44-b714-4d63-a8a6-c29ec8308812" />
    <UnitTestResult executionId="6d7ae888-31e5-4693-b2af-42316a3bb8c0" testId="ed7bec68-0198-a68e-a9fa-29c0dcede6d8" testName="Tooltip_ShouldShowMicrophoneName_OnSetupMode" computerName="DKSR-EFI-04" duration="00:00:00.0633883" startTime="2023-12-22T09:36:21.7571152+01:00" endTime="2023-12-22T09:36:21.8196178+01:00" testType="13cdc9d9-ddb5-4fa4-a97d-d965ccfc6d4b" outcome="Passed" testListId="8c84fa94-04c1-424b-9868-57a2d4851a1d" relativeResultsDirectory="6d7ae888-31e5-4693-b2af-42316a3bb8c0" />
    <UnitTestResult executionId="faea6cae-8c98-47c1-9bba-682a03711aac" testId="2373c7df-8688-ecca-12e2-43612d6b960f" testName="TestChangeProperties_Outline_Success" computerName="DKSR-EFI-04" duration="00:00:00.0088039" startTime="2023-12-22T09:37:49.2888404+01:00" endTime="2023-12-22T09:37:49.2888404+01:00" testType="13cdc9d9-ddb5-4fa4-a97d-d965ccfc6d4b" outcome="Passed" testListId="8c84fa94-04c1-424b-9868-57a2d4851a1d" relativeResultsDirectory="faea6cae-8c98-47c1-9bba-682a03711aac" />
    <UnitTestResult executionId="59dd9b3b-a0fc-4152-871a-5f0d4131f566" testId="f1b8d3af-7232-b482-4982-8c83d005f2cf" testName="CreateExportDialog_ProjectCommentOnlyVisible_WhenSmartClientFormatIsIncluded" computerName="DKSR-EFI-04" duration="00:00:00.0081801" startTime="2023-12-22T09:36:28.4915274+01:00" endTime="2023-12-22T09:36:28.4915274+01:00" testType="13cdc9d9-ddb5-4fa4-a97d-d965ccfc6d4b" outcome="Passed" testListId="8c84fa94-04c1-424b-9868-57a2d4851a1d" relativeResultsDirectory="59dd9b3b-a0fc-4152-871a-5f0d4131f566" />
    <UnitTestResult executionId="7d01232b-1983-4492-aa65-6d6602e4a7e6" testId="663795a0-d44e-108c-adbb-753bfdf4d621" testName="CallingAction_Generates_PopoverUserControl_WhenToolbarPluginTypeIsUserControl" computerName="DKSR-EFI-04" duration="00:00:00.0015558" startTime="2023-12-22T09:38:00.4607808+01:00" endTime="2023-12-22T09:38:00.4607808+01:00" testType="13cdc9d9-ddb5-4fa4-a97d-d965ccfc6d4b" outcome="Passed" testListId="8c84fa94-04c1-424b-9868-57a2d4851a1d" relativeResultsDirectory="7d01232b-1983-4492-aa65-6d6602e4a7e6" />
    <UnitTestResult executionId="ff4d9d8f-f8f8-416f-9874-e5443b9c8686" testId="9029e935-145d-d5fd-fae9-96c860349038" testName="GetClusters_AddedItems_ClustersForAddedItems (Data Row 1)" computerName="DKSR-EFI-04" duration="00:00:00.0137110" startTime="2023-12-22T09:37:57.5232605+01:00" endTime="2023-12-22T09:37:57.7107610+01:00" testType="13cdc9d9-ddb5-4fa4-a97d-d965ccfc6d4b" outcome="Passed" testListId="8c84fa94-04c1-424b-9868-57a2d4851a1d" relativeResultsDirectory="ff4d9d8f-f8f8-416f-9874-e5443b9c8686" />
    <UnitTestResult executionId="18721604-e102-4f6e-b80a-db9e39b40645" testId="1e0ec4a9-a03c-c4c9-74f7-c48ccb99f71e" testName="ValidateExportLocation_ShouldReturnFailResult_ExportPathIsInvalid (1213&lt;&gt;!?%)" computerName="DKSR-EFI-04" duration="00:00:00.0174666" startTime="2023-12-22T09:36:29.7727839+01:00" endTime="2023-12-22T09:36:29.7884078+01:00" testType="13cdc9d9-ddb5-4fa4-a97d-d965ccfc6d4b" outcome="Passed" testListId="8c84fa94-04c1-424b-9868-57a2d4851a1d" relativeResultsDirectory="18721604-e102-4f6e-b80a-db9e39b40645" />
    <UnitTestResult executionId="cf210e4d-028b-4850-8696-690b5fb2c74f" testId="45bd735f-7812-dc55-613d-6b72234baad1" testName="BoundingBoxRefresh" computerName="DKSR-EFI-04" duration="00:00:00.0014203" startTime="2023-12-22T09:38:01.5545318+01:00" endTime="2023-12-22T09:38:01.5545318+01:00" testType="13cdc9d9-ddb5-4fa4-a97d-d965ccfc6d4b" outcome="Passed" testListId="8c84fa94-04c1-424b-9868-57a2d4851a1d" relativeResultsDirectory="cf210e4d-028b-4850-8696-690b5fb2c74f" />
    <UnitTestResult executionId="a9b0ee43-936a-4d71-9eb5-5b5fcc311a0a" testId="9aef69ad-5102-e920-d6a1-4c0ddf8b9303" testName="AutomationId_ShouldBeValid_WhenInteractionStateIsAddCamera" computerName="DKSR-EFI-04" duration="00:00:00.0004661" startTime="2023-12-22T09:36:14.9133295+01:00" endTime="2023-12-22T09:36:14.9133295+01:00" testType="13cdc9d9-ddb5-4fa4-a97d-d965ccfc6d4b" outcome="Passed" testListId="8c84fa94-04c1-424b-9868-57a2d4851a1d" relativeResultsDirectory="a9b0ee43-936a-4d71-9eb5-5b5fcc311a0a" />
    <UnitTestResult executionId="3c7eac10-396d-4621-a3b5-0b234cb97016" testId="f33717b2-6c8e-2361-6ace-29e4108005a6" testName="AndOrSearchDefinitionToCornerRadiusMultiConverter_CallConvert_WithNullSearchDefinitionWrapper" computerName="DKSR-EFI-04" duration="00:00:00.0018097" startTime="2023-12-22T09:37:04.0073434+01:00" endTime="2023-12-22T09:37:04.0229674+01:00" testType="13cdc9d9-ddb5-4fa4-a97d-d965ccfc6d4b" outcome="Passed" testListId="8c84fa94-04c1-424b-9868-57a2d4851a1d" relativeResultsDirectory="3c7eac10-396d-4621-a3b5-0b234cb97016" />
    <UnitTestResult executionId="69f7d997-a20a-4802-985d-11b890c25765" testId="d8c85228-fbef-6713-8b24-27f4eac58477" testName="AddMapLayer_CheckPersistedDatagramUpdated_And_RolledbackOnEnterSetupMode_Success" computerName="DKSR-EFI-04" duration="00:00:00.0298575" startTime="2023-12-22T09:37:52.6013642+01:00" endTime="2023-12-22T09:37:52.6326084+01:00" testType="13cdc9d9-ddb5-4fa4-a97d-d965ccfc6d4b" outcome="Passed" testListId="8c84fa94-04c1-424b-9868-57a2d4851a1d" relativeResultsDirectory="69f7d997-a20a-4802-985d-11b890c25765" />
    <UnitTestResult executionId="96090eed-ae4d-4651-ba35-421295ea55d2" testId="95b39f8a-1d05-ef16-b7bc-9f5670cd4fdd" testName="ManualRecordingResultDto_ShouldYieldSameValues_WhenRoundTripConverted" computerName="DKSR-EFI-04" duration="00:00:00.0027568" startTime="2023-12-22T09:36:00.3038746+01:00" endTime="2023-12-22T09:36:00.3038746+01:00" testType="13cdc9d9-ddb5-4fa4-a97d-d965ccfc6d4b" outcome="Passed" testListId="8c84fa94-04c1-424b-9868-57a2d4851a1d" relativeResultsDirectory="96090eed-ae4d-4651-ba35-421295ea55d2" />
    <UnitTestResult executionId="b05ac038-1442-4a0e-9421-c7510819f33f" testId="f2eafc92-05e6-6561-5ea1-9b5fc4ef5a32" testName="ShouldReturnTrueWhenExtentChanged" computerName="DKSR-EFI-04" duration="00:00:00.0014969" startTime="2023-12-22T09:36:24.0383773+01:00" endTime="2023-12-22T09:36:24.0383773+01:00" testType="13cdc9d9-ddb5-4fa4-a97d-d965ccfc6d4b" outcome="Passed" testListId="8c84fa94-04c1-424b-9868-57a2d4851a1d" relativeResultsDirectory="b05ac038-1442-4a0e-9421-c7510819f33f" />
    <UnitTestResult executionId="39d8920a-286c-403a-9e4f-338f1a1f1357" testId="f4957e0d-8b3e-6f39-d235-00a44690d337" testName="Constructor_ShouldRaiseArgumentNullException_WhenCursorIsNull" computerName="DKSR-EFI-04" duration="00:00:00.0015688" startTime="2023-12-22T09:38:03.8826708+01:00" endTime="2023-12-22T09:38:03.8826708+01:00" testType="13cdc9d9-ddb5-4fa4-a97d-d965ccfc6d4b" outcome="Passed" testListId="8c84fa94-04c1-424b-9868-57a2d4851a1d" relativeResultsDirectory="39d8920a-286c-403a-9e4f-338f1a1f1357" />
    <UnitTestResult executionId="b25e677b-56f4-4501-933d-584cc9297be7" testId="bdb27dac-eff0-8887-ff55-d405cca80355" testName="Ctor_WpfMessageBoxButtonIsSetToYesNoCancel_OnlyYesNoCancelButtonsVisible" computerName="DKSR-EFI-04" duration="00:00:00.0005822" startTime="2023-12-22T09:37:59.5076461+01:00" endTime="2023-12-22T09:37:59.5076461+01:00" testType="13cdc9d9-ddb5-4fa4-a97d-d965ccfc6d4b" outcome="Passed" testListId="8c84fa94-04c1-424b-9868-57a2d4851a1d" relativeResultsDirectory="b25e677b-56f4-4501-933d-584cc9297be7" />
    <UnitTestResult executionId="1b560ddc-2139-440a-ba1a-44ba68a5b225" testId="d267b36b-f7e7-25e9-6fde-c14a7c8d614c" testName="FilterValueHasRegionSelectionForCamera_ShouldReturnTrue_WhenFilterValueDoesHaveRegionSelectionForCamera" computerName="DKSR-EFI-04" duration="00:00:00.0005019" startTime="2023-12-22T09:37:49.1013450+01:00" endTime="2023-12-22T09:37:49.1013450+01:00" testType="13cdc9d9-ddb5-4fa4-a97d-d965ccfc6d4b" outcome="Passed" testListId="8c84fa94-04c1-424b-9868-57a2d4851a1d" relativeResultsDirectory="1b560ddc-2139-440a-ba1a-44ba68a5b225" />
    <UnitTestResult executionId="7287aae2-e2f1-497c-b1a1-7b87e4f2b9c3" testId="56ff3fa9-0890-e06e-62f8-d4c54f830dfc" testName="SearchTemplatesEnabled_SaveSearchesServerOptionIsTrue_ReturnsTrue" computerName="DKSR-EFI-04" duration="00:00:00.0080814" startTime="2023-12-22T09:37:28.4137261+01:00" endTime="2023-12-22T09:37:28.4293573+01:00" testType="13cdc9d9-ddb5-4fa4-a97d-d965ccfc6d4b" outcome="Passed" testListId="8c84fa94-04c1-424b-9868-57a2d4851a1d" relativeResultsDirectory="7287aae2-e2f1-497c-b1a1-7b87e4f2b9c3" />
    <UnitTestResult executionId="dbcbde18-ee72-466a-986c-be400bae0e97" testId="c4ff8731-9813-5df7-e5dd-207c7cca1b16" testName="CreateSearchAttributeEditControl_AllMappings_Success" computerName="DKSR-EFI-04" duration="00:00:00.2006571" startTime="2023-12-22T09:37:48.4450937+01:00" endTime="2023-12-22T09:37:48.6482076+01:00" testType="13cdc9d9-ddb5-4fa4-a97d-d965ccfc6d4b" outcome="Passed" testListId="8c84fa94-04c1-424b-9868-57a2d4851a1d" relativeResultsDirectory="dbcbde18-ee72-466a-986c-be400bae0e97" />
    <UnitTestResult executionId="d865404b-2e4f-4ba5-9048-6d8b872ba9e3" testId="a4ec8e4b-30aa-49df-138f-1971a7f8ca38" testName="ToUnsafeName_NullString_Success" computerName="DKSR-EFI-04" duration="00:00:00.0001062" startTime="2023-12-22T09:38:06.2733052+01:00" endTime="2023-12-22T09:38:06.2889374+01:00" testType="13cdc9d9-ddb5-4fa4-a97d-d965ccfc6d4b" outcome="Passed" testListId="8c84fa94-04c1-424b-9868-57a2d4851a1d" relativeResultsDirectory="d865404b-2e4f-4ba5-9048-6d8b872ba9e3" />
    <UnitTestResult executionId="c483aa1f-162c-4c33-a95c-e84a0cc2dd0d" testId="2b46b6c4-bcde-6b7d-2664-3e89c49247f4" testName="Deserialize_SearchDefinitionsOnly_Success" computerName="DKSR-EFI-04" duration="00:00:00.0022197" startTime="2023-12-22T09:37:35.4450191+01:00" endTime="2023-12-22T09:37:35.4606469+01:00" testType="13cdc9d9-ddb5-4fa4-a97d-d965ccfc6d4b" outcome="Passed" testListId="8c84fa94-04c1-424b-9868-57a2d4851a1d" relativeResultsDirectory="c483aa1f-162c-4c33-a95c-e84a0cc2dd0d" />
    <UnitTestResult executionId="5924d36a-7ffe-4217-bcde-c10714eb03ca" testId="199e5799-986d-710e-fa92-973a198651af" testName="PatrollingProfileListViewModel_Save_CreateProfile_Failed" computerName="DKSR-EFI-04" duration="00:00:00.0037902" startTime="2023-12-22T09:37:57.9451442+01:00" endTime="2023-12-22T09:37:57.9451442+01:00" testType="13cdc9d9-ddb5-4fa4-a97d-d965ccfc6d4b" outcome="Passed" testListId="8c84fa94-04c1-424b-9868-57a2d4851a1d" relativeResultsDirectory="5924d36a-7ffe-4217-bcde-c10714eb03ca" />
    <UnitTestResult executionId="da99789f-4384-4534-ad82-3607619f2b87" testId="f680908c-3b4b-7b4d-7066-6e5fce7c0b27" testName="GetClusters_ExcludeThenIncludeExcludedItems_NoChange (Data Row 18)" computerName="DKSR-EFI-04" duration="00:00:00.0086717" startTime="2023-12-22T09:37:56.4607518+01:00" endTime="2023-12-22T09:37:56.6638974+01:00" testType="13cdc9d9-ddb5-4fa4-a97d-d965ccfc6d4b" outcome="Passed" testListId="8c84fa94-04c1-424b-9868-57a2d4851a1d" relativeResultsDirectory="da99789f-4384-4534-ad82-3607619f2b87" />
    <UnitTestResult executionId="c3fcaa7f-f23d-4437-bfe7-a64976434d94" testId="7899bcea-7118-cfa0-aa3f-14444c7eb8ac" testName="DoubleClickOnPreviewPlayer_ShouldOpenDetailsViewWithAnimation_WhenFocusedItemIsNotNullAndAnimationsAreEnabled" computerName="DKSR-EFI-04" duration="00:00:01.4933989" startTime="2023-12-22T09:37:01.0542030+01:00" endTime="2023-12-22T09:37:02.5542136+01:00" testType="13cdc9d9-ddb5-4fa4-a97d-d965ccfc6d4b" outcome="Passed" testListId="8c84fa94-04c1-424b-9868-57a2d4851a1d" relativeResultsDirectory="c3fcaa7f-f23d-4437-bfe7-a64976434d94" />
    <UnitTestResult executionId="2e326eff-6cbb-4fe1-8bfc-3fa4a98e6fcc" testId="24e7c2bb-215e-6687-9176-48e72f6cf85e" testName="ApplyStatesFromUi_ValidState_StateUpdated" computerName="DKSR-EFI-04" duration="00:00:01.2744139" startTime="2023-12-22T09:36:51.3822744+01:00" endTime="2023-12-22T09:36:52.6635306+01:00" testType="13cdc9d9-ddb5-4fa4-a97d-d965ccfc6d4b" outcome="Passed" testListId="8c84fa94-04c1-424b-9868-57a2d4851a1d" relativeResultsDirectory="2e326eff-6cbb-4fe1-8bfc-3fa4a98e6fcc" />
    <UnitTestResult executionId="a32bbf05-36b3-4ef8-8d25-e062316a7dee" testId="4ac44c86-bed3-2106-179e-e12e5a83e7dd" testName="TestGetWorkroom_UnknownWorkSpaceId_Success" computerName="DKSR-EFI-04" duration="00:00:00.0032031" startTime="2023-12-22T09:36:06.7882859+01:00" endTime="2023-12-22T09:36:06.7882859+01:00" testType="13cdc9d9-ddb5-4fa4-a97d-d965ccfc6d4b" outcome="Passed" testListId="8c84fa94-04c1-424b-9868-57a2d4851a1d" relativeResultsDirectory="a32bbf05-36b3-4ef8-8d25-e062316a7dee" />
    <UnitTestResult executionId="4247809b-963c-4590-9fe1-e7d5718ea440" testId="cdf3455a-ff33-49bd-8e27-f8c9df19be38" testName="Related_devices_removed_when_camera_removed" computerName="DKSR-EFI-04" duration="00:00:00.0023578" startTime="2023-12-22T09:38:07.2420643+01:00" endTime="2023-12-22T09:38:07.2420643+01:00" testType="13cdc9d9-ddb5-4fa4-a97d-d965ccfc6d4b" outcome="Passed" testListId="8c84fa94-04c1-424b-9868-57a2d4851a1d" relativeResultsDirectory="4247809b-963c-4590-9fe1-e7d5718ea440" />
    <UnitTestResult executionId="e753ec28-0b66-47bd-911b-951518e6a947" testId="455c6da2-80f5-0fe8-cc92-891d7de0d2ac" testName="StartSelection_ShouldClearAnyExistingSelections_WhenNotAddingToExitingSelection" computerName="DKSR-EFI-04" duration="00:00:00.0452713" startTime="2023-12-22T09:36:18.7414776+01:00" endTime="2023-12-22T09:36:18.7883490+01:00" testType="13cdc9d9-ddb5-4fa4-a97d-d965ccfc6d4b" outcome="Passed" testListId="8c84fa94-04c1-424b-9868-57a2d4851a1d" relativeResultsDirectory="e753ec28-0b66-47bd-911b-951518e6a947" />
    <UnitTestResult executionId="ec2e9e49-5062-4edf-8346-9e8eea640c17" testId="c6214463-25ef-9b77-19c9-f227068e9681" testName="Outline_ShouldAcceptSet_WhenNon4CornersOutline" computerName="DKSR-EFI-04" duration="00:00:00.0058669" startTime="2023-12-22T09:37:49.8357200+01:00" endTime="2023-12-22T09:37:49.8357200+01:00" testType="13cdc9d9-ddb5-4fa4-a97d-d965ccfc6d4b" outcome="Passed" testListId="8c84fa94-04c1-424b-9868-57a2d4851a1d" relativeResultsDirectory="ec2e9e49-5062-4edf-8346-9e8eea640c17" />
    <UnitTestResult executionId="da785f24-5a67-48e2-8a61-c089c5affe2d" testId="65ba2efa-0759-8a99-b7e3-1a551182172b" testName="Convert_InvalidFirstArgument_Collapsed" computerName="DKSR-EFI-04" duration="00:00:00.0030185" startTime="2023-12-22T09:37:04.1635923+01:00" endTime="2023-12-22T09:37:04.1635923+01:00" testType="13cdc9d9-ddb5-4fa4-a97d-d965ccfc6d4b" outcome="Passed" testListId="8c84fa94-04c1-424b-9868-57a2d4851a1d" relativeResultsDirectory="da785f24-5a67-48e2-8a61-c089c5affe2d" />
    <UnitTestResult executionId="dc31dd39-5759-4515-8c5d-f9496943d20c" testId="ccc464e8-45ae-b4d4-a53d-f854db73b0a5" testName="Forced" computerName="DKSR-EFI-04" duration="00:00:00.0094550" startTime="2023-12-22T09:36:28.6790308+01:00" endTime="2023-12-22T09:36:28.6790308+01:00" testType="13cdc9d9-ddb5-4fa4-a97d-d965ccfc6d4b" outcome="Passed" testListId="8c84fa94-04c1-424b-9868-57a2d4851a1d" relativeResultsDirectory="dc31dd39-5759-4515-8c5d-f9496943d20c" />
    <UnitTestResult executionId="14daf04a-128e-4eff-a836-6f88875e36d4" testId="178f613b-e8c8-b623-2c5d-08d78665b8c9" testName="ValidateExportLocation_ShouldReturnFailResult_ExportPathIsInvalid (aaaaaaaaaaaaaaaaaaaaaaaaaaaaaaaaaaaaaaaaaaaaaaaaaaaaaaaaaaaaaaaaaaaaaaaaaaaaaaaaaaaaaaaaaaaaaaaaaaaaaaaaaaaaaaaaaaaaaaaaaaaaaaaaaaaaaaaaaaaaaaaaaaaaaaaaaaaaaaaaaaaaaaaaaaaaaaaaaaaaaaa)" computerName="DKSR-EFI-04" duration="00:00:00.0117815" startTime="2023-12-22T09:36:29.8352828+01:00" endTime="2023-12-22T09:36:29.8352828+01:00" testType="13cdc9d9-ddb5-4fa4-a97d-d965ccfc6d4b" outcome="Passed" testListId="8c84fa94-04c1-424b-9868-57a2d4851a1d" relativeResultsDirectory="14daf04a-128e-4eff-a836-6f88875e36d4" />
    <UnitTestResult executionId="944526ba-614d-47ef-841f-2fc8a19b3668" testId="c4b0d9bd-4b80-996e-41b7-0bd28fc67a52" testName="SearchResultsActionBarActions_CreateSnapshot_OptionAvailable_Enabled" computerName="DKSR-EFI-04" duration="00:00:00.0146692" startTime="2023-12-22T09:37:25.7418467+01:00" endTime="2023-12-22T09:37:25.7574631+01:00" testType="13cdc9d9-ddb5-4fa4-a97d-d965ccfc6d4b" outcome="Passed" testListId="8c84fa94-04c1-424b-9868-57a2d4851a1d" relativeResultsDirectory="944526ba-614d-47ef-841f-2fc8a19b3668" />
    <UnitTestResult executionId="88a28e7f-a97b-4bc1-aec6-bf6c9488c7f3" testId="628ededf-b510-91fa-7712-c59b72f0952a" testName="DateToStringConverter_MultiConvertValidInput_Success" computerName="DKSR-EFI-04" duration="00:00:00.0005681" startTime="2023-12-22T09:37:04.1010937+01:00" endTime="2023-12-22T09:37:04.1010937+01:00" testType="13cdc9d9-ddb5-4fa4-a97d-d965ccfc6d4b" outcome="Passed" testListId="8c84fa94-04c1-424b-9868-57a2d4851a1d" relativeResultsDirectory="88a28e7f-a97b-4bc1-aec6-bf6c9488c7f3" />
    <UnitTestResult executionId="da6e676c-d870-4469-b6c8-2a5e843b21e1" testId="3440448b-f182-3326-b799-bc9fc2738adb" testName="Custom, forced" computerName="DKSR-EFI-04" duration="00:00:00.0067709" startTime="2023-12-22T09:36:28.6477781+01:00" endTime="2023-12-22T09:36:28.6634037+01:00" testType="13cdc9d9-ddb5-4fa4-a97d-d965ccfc6d4b" outcome="Passed" testListId="8c84fa94-04c1-424b-9868-57a2d4851a1d" relativeResultsDirectory="da6e676c-d870-4469-b6c8-2a5e843b21e1" />
    <UnitTestResult executionId="a83515e1-a0ad-4658-b539-3c542f1c00bc" testId="d48c488e-fbbb-1e36-d1b4-d630148880b0" testName="MonitorLiveState_Serialize_Success" computerName="DKSR-EFI-04" duration="00:00:00.0811538" startTime="2023-12-22T09:38:07.8826932+01:00" endTime="2023-12-22T09:38:07.9764433+01:00" testType="13cdc9d9-ddb5-4fa4-a97d-d965ccfc6d4b" outcome="Passed" testListId="8c84fa94-04c1-424b-9868-57a2d4851a1d" relativeResultsDirectory="a83515e1-a0ad-4658-b539-3c542f1c00bc" />
    <UnitTestResult executionId="e8a13e7f-e265-4160-8e94-e797e139e90b" testId="4552c7a0-9f71-d2b4-51c4-e785ac828b42" testName="ResolveBaseResultProperties_ShouldReturnOrderedTriggerTimes_WhenGivenUnorderedTriggerTimes" computerName="DKSR-EFI-04" duration="00:00:00.0019199" startTime="2023-12-22T09:37:33.7575107+01:00" endTime="2023-12-22T09:37:33.7575107+01:00" testType="13cdc9d9-ddb5-4fa4-a97d-d965ccfc6d4b" outcome="Passed" testListId="8c84fa94-04c1-424b-9868-57a2d4851a1d" relativeResultsDirectory="e8a13e7f-e265-4160-8e94-e797e139e90b" />
    <UnitTestResult executionId="d015d3ba-3428-4f22-8940-c14b97f2e189" testId="c9af20fb-019d-827e-06ad-7b6611074f36" testName="DeleteSearchTemplateAsync_EmptyParameters_Success" computerName="DKSR-EFI-04" duration="00:00:00.0010532" startTime="2023-12-22T09:37:34.1012547+01:00" endTime="2023-12-22T09:37:34.1012547+01:00" testType="13cdc9d9-ddb5-4fa4-a97d-d965ccfc6d4b" outcome="Passed" testListId="8c84fa94-04c1-424b-9868-57a2d4851a1d" relativeResultsDirectory="d015d3ba-3428-4f22-8940-c14b97f2e189" />
    <UnitTestResult executionId="22fef9d0-8eb7-4b1c-bdb1-cb8a6fb50395" testId="b9fc609a-8ca2-2be6-d0e9-1319545fa745" testName="PatrollingProfileListViewModel_Save_DeleteProfile_Failed" computerName="DKSR-EFI-04" duration="00:00:00.0032101" startTime="2023-12-22T09:37:57.9607579+01:00" endTime="2023-12-22T09:37:57.9607579+01:00" testType="13cdc9d9-ddb5-4fa4-a97d-d965ccfc6d4b" outcome="Passed" testListId="8c84fa94-04c1-424b-9868-57a2d4851a1d" relativeResultsDirectory="22fef9d0-8eb7-4b1c-bdb1-cb8a6fb50395" />
    <UnitTestResult executionId="f573a2d5-9e62-4bd9-93e4-b61961cdfcaa" testId="b06788dc-a2be-9fbd-2a2a-6d94fe4b396d" testName="BookmarkSearchTime_WithSearchStringInDifferentCases_ReturnCorrectBookmarkWithSearchStringInHeader (SeArChStRiNg,False,False,True,True,,,0)" computerName="DKSR-EFI-04" duration="00:00:00.0054737" startTime="2023-12-22T09:38:01.2420317+01:00" endTime="2023-12-22T09:38:01.2420317+01:00" testType="13cdc9d9-ddb5-4fa4-a97d-d965ccfc6d4b" outcome="Passed" testListId="8c84fa94-04c1-424b-9868-57a2d4851a1d" relativeResultsDirectory="f573a2d5-9e62-4bd9-93e4-b61961cdfcaa" />
    <UnitTestResult executionId="9d4eef67-38cc-4202-98b9-ac9aa4482caa" testId="0a4bd700-62ec-92c2-9d2a-4cd013e53bcb" testName="TestTaskCreation" computerName="DKSR-EFI-04" duration="00:00:00.0130266" startTime="2023-12-22T09:37:59.6170203+01:00" endTime="2023-12-22T09:37:59.6170203+01:00" testType="13cdc9d9-ddb5-4fa4-a97d-d965ccfc6d4b" outcome="Passed" testListId="8c84fa94-04c1-424b-9868-57a2d4851a1d" relativeResultsDirectory="9d4eef67-38cc-4202-98b9-ac9aa4482caa" />
    <UnitTestResult executionId="fb4070ae-cdfa-4ef6-8dc1-10b92e709627" testId="fd11af71-a4c4-5921-60ab-2b01bfd9ee13" testName="ScWorkspaceStateChangedEvent_ShouldKeepIsSelected_WhenSwitchingToSetupMode" computerName="DKSR-EFI-04" duration="00:00:00.0133102" startTime="2023-12-22T09:37:53.2419979+01:00" endTime="2023-12-22T09:37:53.2576099+01:00" testType="13cdc9d9-ddb5-4fa4-a97d-d965ccfc6d4b" outcome="Passed" testListId="8c84fa94-04c1-424b-9868-57a2d4851a1d" relativeResultsDirectory="fb4070ae-cdfa-4ef6-8dc1-10b92e709627" />
    <UnitTestResult executionId="f78ab397-77eb-4f2b-9cab-2fa9d177bd3f" testId="a7ae775e-2c15-1f46-f93f-e37442fe54d1" testName="CreateMenuItem_SetsIcons" computerName="DKSR-EFI-04" duration="00:00:00.0214429" startTime="2023-12-22T09:36:23.2727480+01:00" endTime="2023-12-22T09:36:23.2883725+01:00" testType="13cdc9d9-ddb5-4fa4-a97d-d965ccfc6d4b" outcome="Passed" testListId="8c84fa94-04c1-424b-9868-57a2d4851a1d" relativeResultsDirectory="f78ab397-77eb-4f2b-9cab-2fa9d177bd3f" />
    <UnitTestResult executionId="cc85abe1-c4c0-48cf-abc8-75564b5a8bf6" testId="4ad3fc13-c11a-f5b6-2594-d08a3607b0ec" testName="TestSaveMap_MapAndLayerChanges_Success" computerName="DKSR-EFI-04" duration="00:00:00.0552933" startTime="2023-12-22T09:37:52.3044822+01:00" endTime="2023-12-22T09:37:52.3669822+01:00" testType="13cdc9d9-ddb5-4fa4-a97d-d965ccfc6d4b" outcome="Passed" testListId="8c84fa94-04c1-424b-9868-57a2d4851a1d" relativeResultsDirectory="cc85abe1-c4c0-48cf-abc8-75564b5a8bf6" />
    <UnitTestResult executionId="68b676ab-50ca-487d-8118-518b0b47f0e4" testId="80e1e452-82cf-b088-db40-d28f7d32c62d" testName="EdgeRetrieve when Playback" computerName="DKSR-EFI-04" duration="00:00:00.0164798" startTime="2023-12-22T09:37:58.8045216+01:00" endTime="2023-12-22T09:37:59.0389054+01:00" testType="13cdc9d9-ddb5-4fa4-a97d-d965ccfc6d4b" outcome="Passed" testListId="8c84fa94-04c1-424b-9868-57a2d4851a1d" relativeResultsDirectory="68b676ab-50ca-487d-8118-518b0b47f0e4" />
    <UnitTestResult executionId="fcb7efc3-ef39-4b93-9150-590f1dad9947" testId="9c9fd855-69d4-9918-84e1-a8e0fcc2b097" testName="SearchAction_Carrousel_PlaybackMode" computerName="DKSR-EFI-04" duration="00:00:00.0144395" startTime="2023-12-22T09:38:00.7889058+01:00" endTime="2023-12-22T09:38:00.8045279+01:00" testType="13cdc9d9-ddb5-4fa4-a97d-d965ccfc6d4b" outcome="Passed" testListId="8c84fa94-04c1-424b-9868-57a2d4851a1d" relativeResultsDirectory="fcb7efc3-ef39-4b93-9150-590f1dad9947" />
    <UnitTestResult executionId="eddfad86-994e-47e9-ad5e-1ae8712b6af1" testId="bc1d45b3-de40-0d4a-bd1b-d3b6d235d5d4" testName="RetrieveBookmarks_WhereBookmarkTriggerTimesAreOutsideBeginEnd_AndSomeBookmarksAreExcluded" computerName="DKSR-EFI-04" duration="00:00:00.0402517" startTime="2023-12-22T09:38:01.0857859+01:00" endTime="2023-12-22T09:38:01.1326664+01:00" testType="13cdc9d9-ddb5-4fa4-a97d-d965ccfc6d4b" outcome="Passed" testListId="8c84fa94-04c1-424b-9868-57a2d4851a1d" relativeResultsDirectory="eddfad86-994e-47e9-ad5e-1ae8712b6af1" />
    <UnitTestResult executionId="a7e95010-8379-4943-aa39-6690ca1480cb" testId="8655e08e-93f9-ea96-e1a5-f913a90803b9" testName="GetGisMapLayerFlyoutName_ShouldReturnOpenStreetMap_WhenGeographicLayerIsUnavailableAndAlternativeServerIsNotEmpty" computerName="DKSR-EFI-04" duration="00:00:00.0008091" startTime="2023-12-22T09:37:55.8513737+01:00" endTime="2023-12-22T09:37:55.8513737+01:00" testType="13cdc9d9-ddb5-4fa4-a97d-d965ccfc6d4b" outcome="Passed" testListId="8c84fa94-04c1-424b-9868-57a2d4851a1d" relativeResultsDirectory="a7e95010-8379-4943-aa39-6690ca1480cb" />
    <UnitTestResult executionId="7f770eb2-75e6-41a4-895e-26d08cfc0767" testId="c28e213e-317a-4527-5d0b-e1f50d0ea576" testName="SearchResultsActionBarActions_MipAction_Exists" computerName="DKSR-EFI-04" duration="00:00:00.2266522" startTime="2023-12-22T09:37:25.0074528+01:00" endTime="2023-12-22T09:37:25.2418321+01:00" testType="13cdc9d9-ddb5-4fa4-a97d-d965ccfc6d4b" outcome="Passed" testListId="8c84fa94-04c1-424b-9868-57a2d4851a1d" relativeResultsDirectory="7f770eb2-75e6-41a4-895e-26d08cfc0767" />
    <UnitTestResult executionId="35ac452a-9fcf-468e-8dd0-830fbea49bed" testId="0a4e5b36-6578-df3d-cfd2-3d6ee660820a" testName="GetClusters_ExcludeFromClustering_OnlyClustersForExcludedItems (Data Row 18)" computerName="DKSR-EFI-04" duration="00:00:00.0081088" startTime="2023-12-22T09:37:56.0857518+01:00" endTime="2023-12-22T09:37:56.4451365+01:00" testType="13cdc9d9-ddb5-4fa4-a97d-d965ccfc6d4b" outcome="Passed" testListId="8c84fa94-04c1-424b-9868-57a2d4851a1d" relativeResultsDirectory="35ac452a-9fcf-468e-8dd0-830fbea49bed" />
    <UnitTestResult executionId="75f76f2e-8951-4779-b89e-7e5519a648cc" testId="1ff412f4-a550-fccb-f616-ee490e039d87" testName="HandleSetLayerFeatures_ShouldRaiseArgumentException_WhenNotCameraKindAndCameraLayerFeaturesAndInputLayer" computerName="DKSR-EFI-04" duration="00:00:00.0010676" startTime="2023-12-22T09:37:55.7576319+01:00" endTime="2023-12-22T09:37:55.7576319+01:00" testType="13cdc9d9-ddb5-4fa4-a97d-d965ccfc6d4b" outcome="Passed" testListId="8c84fa94-04c1-424b-9868-57a2d4851a1d" relativeResultsDirectory="75f76f2e-8951-4779-b89e-7e5519a648cc" />
    <UnitTestResult executionId="9f3c7cff-4e0a-4b37-afd6-6f941f5d65f2" testId="324b13ab-64d8-9667-f4d5-2b34c2ee361f" testName="Optics enabled, not forced" computerName="DKSR-EFI-04" duration="00:00:00.0067742" startTime="2023-12-22T09:36:28.6009026+01:00" endTime="2023-12-22T09:36:28.6165263+01:00" testType="13cdc9d9-ddb5-4fa4-a97d-d965ccfc6d4b" outcome="Passed" testListId="8c84fa94-04c1-424b-9868-57a2d4851a1d" relativeResultsDirectory="9f3c7cff-4e0a-4b37-afd6-6f941f5d65f2" />
    <UnitTestResult executionId="302ee91d-601b-4d0d-8f34-0824f887e682" testId="4ac17529-5b95-5a72-033f-f220f1f85e71" testName="UpdateSearchTemplateAsync_ActiveSearchTemplateUpdated_Success" computerName="DKSR-EFI-04" duration="00:00:00.0033352" startTime="2023-12-22T09:37:33.8356258+01:00" endTime="2023-12-22T09:37:33.8356258+01:00" testType="13cdc9d9-ddb5-4fa4-a97d-d965ccfc6d4b" outcome="Passed" testListId="8c84fa94-04c1-424b-9868-57a2d4851a1d" relativeResultsDirectory="302ee91d-601b-4d0d-8f34-0824f887e682" />
    <UnitTestResult executionId="96150235-b8e8-453a-82db-fe26c9c0091d" testId="54665edf-a1f2-e9fe-2f83-fd5f97c5627f" testName="WorkspaceChangedEvent_ShouldSetLayerDeviceVisibilityItemDataCached_WhenEnteringIntoSetupMode" computerName="DKSR-EFI-04" duration="00:00:00.0275995" startTime="2023-12-22T09:36:14.7570787+01:00" endTime="2023-12-22T09:36:14.7883302+01:00" testType="13cdc9d9-ddb5-4fa4-a97d-d965ccfc6d4b" outcome="Passed" testListId="8c84fa94-04c1-424b-9868-57a2d4851a1d" relativeResultsDirectory="96150235-b8e8-453a-82db-fe26c9c0091d" />
    <UnitTestResult executionId="b50e56ba-b484-483b-8376-d6433ec5c1d0" testId="4586ccb8-434e-a6fb-3efe-7ae23e91a4a4" testName="MarkerOnMouseLeftButtonDoubleClicked_ShouldCallToggleMicrophoneStateAsync_WhenIsInLiveMode" computerName="DKSR-EFI-04" duration="00:00:00.1165834" startTime="2023-12-22T09:36:21.8977442+01:00" endTime="2023-12-22T09:36:22.0227409+01:00" testType="13cdc9d9-ddb5-4fa4-a97d-d965ccfc6d4b" outcome="Passed" testListId="8c84fa94-04c1-424b-9868-57a2d4851a1d" relativeResultsDirectory="b50e56ba-b484-483b-8376-d6433ec5c1d0" />
    <UnitTestResult executionId="d865238d-e466-441d-af7d-bc0d0ac58e1a" testId="6bac4380-8ca1-03ec-b0fa-87faadf2b614" testName="TestChangeProperties_Note_Success" computerName="DKSR-EFI-04" duration="00:00:00.0063178" startTime="2023-12-22T09:37:49.2732182+01:00" endTime="2023-12-22T09:37:49.2732182+01:00" testType="13cdc9d9-ddb5-4fa4-a97d-d965ccfc6d4b" outcome="Passed" testListId="8c84fa94-04c1-424b-9868-57a2d4851a1d" relativeResultsDirectory="d865238d-e466-441d-af7d-bc0d0ac58e1a" />
    <UnitTestResult executionId="088c62ff-ec9d-4c82-83f7-c2a39233303f" testId="e07f5d01-bfa0-04f4-825e-59c493d5b5f5" testName="GetDomain_ShouldReturnDomainPartOfNetworkCredentials_WhenNetworkCredentialsContainsADomain" computerName="DKSR-EFI-04" duration="00:00:00.0005194" startTime="2023-12-22T09:36:07.6789158+01:00" endTime="2023-12-22T09:36:07.6789158+01:00" testType="13cdc9d9-ddb5-4fa4-a97d-d965ccfc6d4b" outcome="Passed" testListId="8c84fa94-04c1-424b-9868-57a2d4851a1d" relativeResultsDirectory="088c62ff-ec9d-4c82-83f7-c2a39233303f" />
    <UnitTestResult executionId="cfec3632-ba9e-48b9-9e5d-98caf97a1ff3" testId="9f0f6d30-f426-c7af-d9b6-15317c05ddf1" testName="DateToStringConverter_Convert_NullParameter_ReturnUnsetValue" computerName="DKSR-EFI-04" duration="00:00:00.0007007" startTime="2023-12-22T09:37:04.0542183+01:00" endTime="2023-12-22T09:37:04.0542183+01:00" testType="13cdc9d9-ddb5-4fa4-a97d-d965ccfc6d4b" outcome="Passed" testListId="8c84fa94-04c1-424b-9868-57a2d4851a1d" relativeResultsDirectory="cfec3632-ba9e-48b9-9e5d-98caf97a1ff3" />
    <UnitTestResult executionId="a1554656-714d-4782-b57b-b26caf612965" testId="e998f77e-77b2-7e10-d8db-3813eb8031aa" testName="GetClusters_ThreeInitialItems_ClustersForInitialItems (Data Row 11)" computerName="DKSR-EFI-04" duration="00:00:00.0107882" startTime="2023-12-22T09:37:57.3201337+01:00" endTime="2023-12-22T09:37:57.5076341+01:00" testType="13cdc9d9-ddb5-4fa4-a97d-d965ccfc6d4b" outcome="Passed" testListId="8c84fa94-04c1-424b-9868-57a2d4851a1d" relativeResultsDirectory="a1554656-714d-4782-b57b-b26caf612965" />
    <UnitTestResult executionId="c95f5395-7680-483c-9189-fef4ad011255" testId="3f5ee2de-3b1b-0c75-47d5-11fe5a7f62f5" testName="AddToExportTuples_ShouldAddToExportData (5)" computerName="DKSR-EFI-04" duration="00:00:00.0047506" startTime="2023-12-22T09:37:59.9451496+01:00" endTime="2023-12-22T09:37:59.9451496+01:00" testType="13cdc9d9-ddb5-4fa4-a97d-d965ccfc6d4b" outcome="Passed" testListId="8c84fa94-04c1-424b-9868-57a2d4851a1d" relativeResultsDirectory="c95f5395-7680-483c-9189-fef4ad011255" />
    <UnitTestResult executionId="36f2f674-5058-42bc-b277-2097f6a79275" testId="2288a65b-0f46-66d4-26bb-35d3e0b13ae8" testName="GetPartialDiffBetweenDictionaries_ShouldReturnCorrectValues (System.Collections.Generic.Dictionary`2[System.String,System.String],System.Collections.Generic.Dictionary`2[System.String,System.String],System.Collections.Generic.Dictionary`2[System.String,System.String])" computerName="DKSR-EFI-04" duration="00:00:00.0001762" startTime="2023-12-22T09:38:06.1951883+01:00" endTime="2023-12-22T09:38:06.1951883+01:00" testType="13cdc9d9-ddb5-4fa4-a97d-d965ccfc6d4b" outcome="Passed" testListId="8c84fa94-04c1-424b-9868-57a2d4851a1d" relativeResultsDirectory="36f2f674-5058-42bc-b277-2097f6a79275" />
    <UnitTestResult executionId="3726fd83-4333-4c57-a97d-9900584e56a2" testId="9f2f58ff-e9c2-3880-dcf4-b319d054c9c6" testName="ObjectToEnabledConverter_Convert_Null" computerName="DKSR-EFI-04" duration="00:00:00.0001355" startTime="2023-12-22T09:37:58.1482679+01:00" endTime="2023-12-22T09:37:58.1482679+01:00" testType="13cdc9d9-ddb5-4fa4-a97d-d965ccfc6d4b" outcome="Passed" testListId="8c84fa94-04c1-424b-9868-57a2d4851a1d" relativeResultsDirectory="3726fd83-4333-4c57-a97d-9900584e56a2" />
    <UnitTestResult executionId="f5ce1696-a15e-40a3-a23a-deeb67874933" testId="41d4421e-5dd5-6cec-027d-d4227fb48184" testName="ParseFromName_SecondPartNotZero_MinutesRoundedUp" computerName="DKSR-EFI-04" duration="00:00:00.0006105" startTime="2023-12-22T09:37:33.5543767+01:00" endTime="2023-12-22T09:37:33.5543767+01:00" testType="13cdc9d9-ddb5-4fa4-a97d-d965ccfc6d4b" outcome="Passed" testListId="8c84fa94-04c1-424b-9868-57a2d4851a1d" relativeResultsDirectory="f5ce1696-a15e-40a3-a23a-deeb67874933" />
    <UnitTestResult executionId="cfad0e66-e4da-4131-9f0b-3c4509a30885" testId="df09f867-7de1-e38f-53d1-73f889393669" testName="IsServer_ShouldReturnTrue_WhenSingleServerGroupSelected" computerName="DKSR-EFI-04" duration="00:00:00.0002860" startTime="2023-12-22T09:38:02.0232876+01:00" endTime="2023-12-22T09:38:02.0232876+01:00" testType="13cdc9d9-ddb5-4fa4-a97d-d965ccfc6d4b" outcome="Passed" testListId="8c84fa94-04c1-424b-9868-57a2d4851a1d" relativeResultsDirectory="cfad0e66-e4da-4131-9f0b-3c4509a30885" />
    <UnitTestResult executionId="f3e208d9-5f10-415f-af2c-aea275c49eb9" testId="5ed08d6e-1829-53d6-39c2-5824072e1015" testName="Convert_ShouldReturnFalse_WhenParameterIsNotEqualToValue" computerName="DKSR-EFI-04" duration="00:00:00.0003524" startTime="2023-12-22T09:36:11.7101883+01:00" endTime="2023-12-22T09:36:11.7101883+01:00" testType="13cdc9d9-ddb5-4fa4-a97d-d965ccfc6d4b" outcome="Passed" testListId="8c84fa94-04c1-424b-9868-57a2d4851a1d" relativeResultsDirectory="f3e208d9-5f10-415f-af2c-aea275c49eb9" />
    <UnitTestResult executionId="b1e3b595-7d28-4d2e-9663-cab0cdfff87c" testId="9a38b1c7-2744-f7db-489b-6f81a442d11b" testName="ResolveSearchDefinitions_ShouldReturnResultSearchDefinition_WhenCombinedSearchResultWithSingleSubResultAndSearchDefinitionsContainingCorrectSearchDefinitionsAreGiven" computerName="DKSR-EFI-04" duration="00:00:00.0009106" startTime="2023-12-22T09:37:33.7106311+01:00" endTime="2023-12-22T09:37:33.7106311+01:00" testType="13cdc9d9-ddb5-4fa4-a97d-d965ccfc6d4b" outcome="Passed" testListId="8c84fa94-04c1-424b-9868-57a2d4851a1d" relativeResultsDirectory="b1e3b595-7d28-4d2e-9663-cab0cdfff87c" />
    <UnitTestResult executionId="3e03f624-d3b6-4fdb-8308-0322ad5d6d21" testId="ee79b24f-9e89-909d-5cb1-d41ef45dcfd9" testName="NewSearchButtonEnabledState_AllScenarios_Success" computerName="DKSR-EFI-04" duration="00:00:00.0514622" startTime="2023-12-22T09:37:24.2105812+01:00" endTime="2023-12-22T09:37:24.2574506+01:00" testType="13cdc9d9-ddb5-4fa4-a97d-d965ccfc6d4b" outcome="Passed" testListId="8c84fa94-04c1-424b-9868-57a2d4851a1d" relativeResultsDirectory="3e03f624-d3b6-4fdb-8308-0322ad5d6d21" />
    <UnitTestResult executionId="2bf4f4a0-46bf-46ab-a281-dddbea0994d4" testId="14586c69-09d9-7b16-15c8-c6b5e4ea64f4" testName="ScrollIntoView_Async_3DefinitionViewsBelowViewPort_ScrolledToTopmost" computerName="DKSR-EFI-04" duration="00:00:00.0934805" startTime="2023-12-22T09:36:32.0071708+01:00" endTime="2023-12-22T09:36:32.1009212+01:00" testType="13cdc9d9-ddb5-4fa4-a97d-d965ccfc6d4b" outcome="Passed" testListId="8c84fa94-04c1-424b-9868-57a2d4851a1d" relativeResultsDirectory="2bf4f4a0-46bf-46ab-a281-dddbea0994d4" />
    <UnitTestResult executionId="dbb7a512-0da5-4a93-acc7-620b63019a8b" testId="0a4e5b36-6578-df3d-cfd2-3d6ee660820a" testName="GetClusters_ExcludeFromClustering_OnlyClustersForExcludedItems (Data Row 16)" computerName="DKSR-EFI-04" duration="00:00:00.0082086" startTime="2023-12-22T09:37:56.0857518+01:00" endTime="2023-12-22T09:37:56.4451365+01:00" testType="13cdc9d9-ddb5-4fa4-a97d-d965ccfc6d4b" outcome="Passed" testListId="8c84fa94-04c1-424b-9868-57a2d4851a1d" relativeResultsDirectory="dbb7a512-0da5-4a93-acc7-620b63019a8b" />
    <UnitTestResult executionId="2c776c50-34ee-48f4-8008-543cfb3c3f18" testId="9ccd04df-3e0c-6d9f-958b-55fa47ad0ff1" testName="GetIsOpenStreetMapValid_ShouldReturnFalse_WhenGeographicLayerIsNullAndAlternativeServerIsEmpty" computerName="DKSR-EFI-04" duration="00:00:00.0007030" startTime="2023-12-22T09:37:55.8670005+01:00" endTime="2023-12-22T09:37:55.8670005+01:00" testType="13cdc9d9-ddb5-4fa4-a97d-d965ccfc6d4b" outcome="Passed" testListId="8c84fa94-04c1-424b-9868-57a2d4851a1d" relativeResultsDirectory="2c776c50-34ee-48f4-8008-543cfb3c3f18" />
    <UnitTestResult executionId="aed62d97-1c05-400b-af6c-91e109ab7525" testId="800f9645-615e-ad0a-a2cb-53e0d1e48385" testName="GetSearchReportDialog_SelectedSearchResults_SingleResult_Success" computerName="DKSR-EFI-04" duration="00:00:00.1640522" startTime="2023-12-22T09:37:28.6012273+01:00" endTime="2023-12-22T09:37:28.7730996+01:00" testType="13cdc9d9-ddb5-4fa4-a97d-d965ccfc6d4b" outcome="Passed" testListId="8c84fa94-04c1-424b-9868-57a2d4851a1d" relativeResultsDirectory="aed62d97-1c05-400b-af6c-91e109ab7525" />
    <UnitTestResult executionId="e51d2b61-c93d-4a0a-b507-f3ac03f5b079" testId="56b7fe15-643b-5b55-8dfa-1ded6df183bf" testName="BoundingBoxPlaybackStart" computerName="DKSR-EFI-04" duration="00:00:00.0046158" startTime="2023-12-22T09:38:01.7732837+01:00" endTime="2023-12-22T09:38:01.7732837+01:00" testType="13cdc9d9-ddb5-4fa4-a97d-d965ccfc6d4b" outcome="Passed" testListId="8c84fa94-04c1-424b-9868-57a2d4851a1d" relativeResultsDirectory="e51d2b61-c93d-4a0a-b507-f3ac03f5b079" />
    <UnitTestResult executionId="ab2a63db-57f6-4a2c-887d-c095963b02cb" testId="b09a1385-ea97-6649-75a7-4f5d4ef865f4" testName="TestProperties_Note_Success" computerName="DKSR-EFI-04" duration="00:00:00.0058902" startTime="2023-12-22T09:37:55.4138734+01:00" endTime="2023-12-22T09:37:55.4138734+01:00" testType="13cdc9d9-ddb5-4fa4-a97d-d965ccfc6d4b" outcome="Passed" testListId="8c84fa94-04c1-424b-9868-57a2d4851a1d" relativeResultsDirectory="ab2a63db-57f6-4a2c-887d-c095963b02cb" />
    <UnitTestResult executionId="1a811413-efd5-428f-b279-7fadb4c423f0" testId="bf66e757-0492-e485-8a4b-fc8c1a4bef3b" testName="TestUpdateState_SmartWallViewType" computerName="DKSR-EFI-04" duration="00:00:00.0032082" startTime="2023-12-22T09:38:00.4920275+01:00" endTime="2023-12-22T09:38:00.4920275+01:00" testType="13cdc9d9-ddb5-4fa4-a97d-d965ccfc6d4b" outcome="Passed" testListId="8c84fa94-04c1-424b-9868-57a2d4851a1d" relativeResultsDirectory="1a811413-efd5-428f-b279-7fadb4c423f0" />
    <UnitTestResult executionId="bb617bd0-95f7-47b6-9f4b-dd34058c9067" testId="c78705d8-4e54-e5cc-d7aa-358b1af77cf7" testName="ValueWithFallbackConverterTests_Ctor_Success" computerName="DKSR-EFI-04" duration="00:00:00.0003781" startTime="2023-12-22T09:37:04.1948450+01:00" endTime="2023-12-22T09:37:04.2104707+01:00" testType="13cdc9d9-ddb5-4fa4-a97d-d965ccfc6d4b" outcome="Passed" testListId="8c84fa94-04c1-424b-9868-57a2d4851a1d" relativeResultsDirectory="bb617bd0-95f7-47b6-9f4b-dd34058c9067" />
    <UnitTestResult executionId="56a0e09a-f540-4e77-965a-70d195822ce6" testId="24c926a6-ee97-c276-700e-e9cf4f4112ef" testName="PatrollingStepViewModel_Position" computerName="DKSR-EFI-04" duration="00:00:00.0020778" startTime="2023-12-22T09:37:58.1170123+01:00" endTime="2023-12-22T09:37:58.1170123+01:00" testType="13cdc9d9-ddb5-4fa4-a97d-d965ccfc6d4b" outcome="Passed" testListId="8c84fa94-04c1-424b-9868-57a2d4851a1d" relativeResultsDirectory="56a0e09a-f540-4e77-965a-70d195822ce6" />
    <UnitTestResult executionId="064836d4-d165-4edd-b0ce-e9283ed91057" testId="2d399f3a-cd79-9af4-db68-ab2622857a87" testName="SupportsRightClick_ShouldBeFalse_WhenInteractionStateIsNotNormal" computerName="DKSR-EFI-04" duration="00:00:00.0462307" startTime="2023-12-22T09:36:22.1789922+01:00" endTime="2023-12-22T09:36:22.2258667+01:00" testType="13cdc9d9-ddb5-4fa4-a97d-d965ccfc6d4b" outcome="Passed" testListId="8c84fa94-04c1-424b-9868-57a2d4851a1d" relativeResultsDirectory="064836d4-d165-4edd-b0ce-e9283ed91057" />
    <UnitTestResult executionId="a31e8f9f-e3e3-40e6-a80b-b512a0c25639" testId="5a8fb903-2861-1882-49ca-4356404c3995" testName="IsMicrophoneDisabled_ShouldBeFalse_WhenMicrophoneIsEnabled" computerName="DKSR-EFI-04" duration="00:00:00.0130680" startTime="2023-12-22T09:37:53.3669868+01:00" endTime="2023-12-22T09:37:53.3826152+01:00" testType="13cdc9d9-ddb5-4fa4-a97d-d965ccfc6d4b" outcome="Passed" testListId="8c84fa94-04c1-424b-9868-57a2d4851a1d" relativeResultsDirectory="a31e8f9f-e3e3-40e6-a80b-b512a0c25639" />
    <UnitTestResult executionId="071573da-ed56-4778-bed8-4c7e021744fe" testId="4d16c358-c29f-69ec-8ad9-4ed7ab30e526" testName="AddToExportDevices_ShouldReturnCorrectResult (1,0,0)" computerName="DKSR-EFI-04" duration="00:00:00.0017632" startTime="2023-12-22T09:38:00.0857838+01:00" endTime="2023-12-22T09:38:00.0857838+01:00" testType="13cdc9d9-ddb5-4fa4-a97d-d965ccfc6d4b" outcome="Passed" testListId="8c84fa94-04c1-424b-9868-57a2d4851a1d" relativeResultsDirectory="071573da-ed56-4778-bed8-4c7e021744fe" />
    <UnitTestResult executionId="b5f784dc-8f97-4f53-b9dc-4980a7078425" testId="a90fcb60-5904-342b-4fdf-2acce1eecc2f" testName="Deserialize_ShouldReportInvalidCombineType_WhenCombineTypeValueIsNotInEnumeration" computerName="DKSR-EFI-04" duration="00:00:00.0005420" startTime="2023-12-22T09:37:35.3981411+01:00" endTime="2023-12-22T09:37:35.3981411+01:00" testType="13cdc9d9-ddb5-4fa4-a97d-d965ccfc6d4b" outcome="Passed" testListId="8c84fa94-04c1-424b-9868-57a2d4851a1d" relativeResultsDirectory="b5f784dc-8f97-4f53-b9dc-4980a7078425" />
    <UnitTestResult executionId="28360fc8-0091-41fd-8b90-85bc1a731c1e" testId="c5f981d9-37f1-54c9-b862-4fbb2d02666f" testName="CalculateNewExtent_ShouldLimitExtent_WhenBeyondMax" computerName="DKSR-EFI-04" duration="00:00:00.0007374" startTime="2023-12-22T09:36:24.1165019+01:00" endTime="2023-12-22T09:36:24.1165019+01:00" testType="13cdc9d9-ddb5-4fa4-a97d-d965ccfc6d4b" outcome="Passed" testListId="8c84fa94-04c1-424b-9868-57a2d4851a1d" relativeResultsDirectory="28360fc8-0091-41fd-8b90-85bc1a731c1e" />
    <UnitTestResult executionId="f22373bb-13a3-411f-916a-8b63af901c34" testId="2ee134e1-115d-c1eb-9935-4d228f8143e5" testName="OnLoaded_ValidConfigurationNoInlineEdit_InlineAttributeEditControlNotSet" computerName="DKSR-EFI-04" duration="00:00:00.1532063" startTime="2023-12-22T09:36:32.2727965+01:00" endTime="2023-12-22T09:36:32.4290474+01:00" testType="13cdc9d9-ddb5-4fa4-a97d-d965ccfc6d4b" outcome="Passed" testListId="8c84fa94-04c1-424b-9868-57a2d4851a1d" relativeResultsDirectory="f22373bb-13a3-411f-916a-8b63af901c34" />
    <UnitTestResult executionId="509fcf54-2728-413f-9b71-d9b1b6ddefb6" testId="0cd872bf-1428-c181-b201-48c4c96402b3" testName="WaitForItemAsync_WhenNotAdded_QuitsOnTimeout" computerName="DKSR-EFI-04" duration="00:00:00.0140813" startTime="2023-12-22T09:36:24.1477552+01:00" endTime="2023-12-22T09:36:24.1633791+01:00" testType="13cdc9d9-ddb5-4fa4-a97d-d965ccfc6d4b" outcome="Passed" testListId="8c84fa94-04c1-424b-9868-57a2d4851a1d" relativeResultsDirectory="509fcf54-2728-413f-9b71-d9b1b6ddefb6" />
    <UnitTestResult executionId="a0ec7697-aa1e-4f84-877a-f4c1d8ac6dc6" testId="903b9858-a52e-2d97-0254-7f3a20fa6f17" testName="DisplayErrorOnNotificationArea_UnauthorizedDeviceAccessSearchError_Success" computerName="DKSR-EFI-04" duration="00:00:00.0092961" startTime="2023-12-22T09:37:28.1793489+01:00" endTime="2023-12-22T09:37:28.1793489+01:00" testType="13cdc9d9-ddb5-4fa4-a97d-d965ccfc6d4b" outcome="Passed" testListId="8c84fa94-04c1-424b-9868-57a2d4851a1d" relativeResultsDirectory="a0ec7697-aa1e-4f84-877a-f4c1d8ac6dc6" />
    <UnitTestResult executionId="6543a62d-9f47-4e95-9e20-116435c02986" testId="e18e3570-53c3-3508-0442-177c4a2f785b" testName="ValidateExportFormats_SmartClientPlayerFormat_ShouldReturnFailResult_ViewItemCommentRequired" computerName="DKSR-EFI-04" duration="00:00:00.0141627" startTime="2023-12-22T09:36:29.9446600+01:00" endTime="2023-12-22T09:36:29.9446600+01:00" testType="13cdc9d9-ddb5-4fa4-a97d-d965ccfc6d4b" outcome="Passed" testListId="8c84fa94-04c1-424b-9868-57a2d4851a1d" relativeResultsDirectory="6543a62d-9f47-4e95-9e20-116435c02986" />
    <UnitTestResult executionId="e63b2486-5079-4892-b66e-e407c18d77af" testId="f680908c-3b4b-7b4d-7066-6e5fce7c0b27" testName="GetClusters_ExcludeThenIncludeExcludedItems_NoChange (Data Row 5)" computerName="DKSR-EFI-04" duration="00:00:00.0085050" startTime="2023-12-22T09:37:56.4607518+01:00" endTime="2023-12-22T09:37:56.6638974+01:00" testType="13cdc9d9-ddb5-4fa4-a97d-d965ccfc6d4b" outcome="Passed" testListId="8c84fa94-04c1-424b-9868-57a2d4851a1d" relativeResultsDirectory="e63b2486-5079-4892-b66e-e407c18d77af" />
    <UnitTestResult executionId="23b46eeb-6c72-4ece-8d09-54366365fb93" testId="b4d81ea5-4d96-f4f8-9a36-c8fa8d756925" testName="TryAddInterval_ShouldReturnCorrectValue (False,True,PermissionDenied)" computerName="DKSR-EFI-04" duration="00:00:00.0016259" startTime="2023-12-22T09:37:59.7888981+01:00" endTime="2023-12-22T09:37:59.7888981+01:00" testType="13cdc9d9-ddb5-4fa4-a97d-d965ccfc6d4b" outcome="Passed" testListId="8c84fa94-04c1-424b-9868-57a2d4851a1d" relativeResultsDirectory="23b46eeb-6c72-4ece-8d09-54366365fb93" />
    <UnitTestResult executionId="7ab8a7bd-2124-412d-a450-b14bf550dbbf" testId="7249d529-4797-4846-66f9-a36e8ab1d5c8" testName="GetSKU_ShouldReturnCorrectSKU" computerName="DKSR-EFI-04" duration="00:00:00.0011861" startTime="2023-12-22T09:38:06.0545566+01:00" endTime="2023-12-22T09:38:06.0545566+01:00" testType="13cdc9d9-ddb5-4fa4-a97d-d965ccfc6d4b" outcome="Passed" testListId="8c84fa94-04c1-424b-9868-57a2d4851a1d" relativeResultsDirectory="7ab8a7bd-2124-412d-a450-b14bf550dbbf" />
    <UnitTestResult executionId="c058e1f1-d394-4b68-b099-824531c38031" testId="8ad53d84-7b7f-42f1-3c0f-a181a1bcf187" testName="FieldOfView_XPCO_SC_RoundtripTransform_Success" computerName="DKSR-EFI-04" duration="00:00:00.0003604" startTime="2023-12-22T09:37:49.8982191+01:00" endTime="2023-12-22T09:37:49.8982191+01:00" testType="13cdc9d9-ddb5-4fa4-a97d-d965ccfc6d4b" outcome="Passed" testListId="8c84fa94-04c1-424b-9868-57a2d4851a1d" relativeResultsDirectory="c058e1f1-d394-4b68-b099-824531c38031" />
    <UnitTestResult executionId="a48b864e-ed75-47fd-aff0-23a8ca4f097f" testId="aa5c4da8-abb1-5dab-502e-bd81c20e341d" testName="TestForAssemblyCoverage" computerName="DKSR-EFI-04" duration="00:00:00.0062585" startTime="2023-12-22T09:36:07.8976649+01:00" endTime="2023-12-22T09:36:07.9132915+01:00" testType="13cdc9d9-ddb5-4fa4-a97d-d965ccfc6d4b" outcome="Passed" testListId="8c84fa94-04c1-424b-9868-57a2d4851a1d" relativeResultsDirectory="a48b864e-ed75-47fd-aff0-23a8ca4f097f" />
    <UnitTestResult executionId="6608dffb-2912-4cab-bc80-7af61bcfbbef" testId="8d3921c6-4c1a-b1d4-4584-3d6429a3707e" testName="DetermineUserAllowsUnsecureConnection_WhereUserIsAskedAndUnsecureIsAllow_ShouldReturnTrue" computerName="DKSR-EFI-04" duration="00:00:00.0004964" startTime="2023-12-22T09:36:01.1945081+01:00" endTime="2023-12-22T09:36:01.1945081+01:00" testType="13cdc9d9-ddb5-4fa4-a97d-d965ccfc6d4b" outcome="Passed" testListId="8c84fa94-04c1-424b-9868-57a2d4851a1d" relativeResultsDirectory="6608dffb-2912-4cab-bc80-7af61bcfbbef" />
    <UnitTestResult executionId="435046f9-8417-4aa9-a379-93185197832b" testId="cecff56d-f2c2-5f4f-f26a-46e190ce7353" testName="Ctor_ValidParameters_ParametersSetCorrectly" computerName="DKSR-EFI-04" duration="00:00:00.0139114" startTime="2023-12-22T09:37:59.4763962+01:00" endTime="2023-12-22T09:37:59.4920186+01:00" testType="13cdc9d9-ddb5-4fa4-a97d-d965ccfc6d4b" outcome="Passed" testListId="8c84fa94-04c1-424b-9868-57a2d4851a1d" relativeResultsDirectory="435046f9-8417-4aa9-a379-93185197832b" />
    <UnitTestResult executionId="c63de618-b04d-4692-af8d-d4b1171038e7" testId="6847ebb6-e732-c391-be2d-0bdf0abaf563" testName="TestReadXmlCreated" computerName="DKSR-EFI-04" duration="00:00:00.0002997" startTime="2023-12-22T09:38:00.9139061+01:00" endTime="2023-12-22T09:38:00.9139061+01:00" testType="13cdc9d9-ddb5-4fa4-a97d-d965ccfc6d4b" outcome="Passed" testListId="8c84fa94-04c1-424b-9868-57a2d4851a1d" relativeResultsDirectory="c63de618-b04d-4692-af8d-d4b1171038e7" />
    <UnitTestResult executionId="f2dd4ce1-f18d-47d7-bcbc-8c8f863b657a" testId="2a44ed0f-e637-248d-7f45-7c53931a1bbe" testName="Close_NotMainController_StateNotSaved" computerName="DKSR-EFI-04" duration="00:00:00.0082189" startTime="2023-12-22T09:36:30.7727886+01:00" endTime="2023-12-22T09:36:30.7727886+01:00" testType="13cdc9d9-ddb5-4fa4-a97d-d965ccfc6d4b" outcome="Passed" testListId="8c84fa94-04c1-424b-9868-57a2d4851a1d" relativeResultsDirectory="f2dd4ce1-f18d-47d7-bcbc-8c8f863b657a" />
    <UnitTestResult executionId="f5dc2683-d0fc-4ac7-8c5c-426864399094" testId="0181f0b9-73fd-f503-b29b-b3c042d24b5b" testName="SaveSearchTemplateAsync_ActiveAndSaveSucceeds_Success" computerName="DKSR-EFI-04" duration="00:00:00.0066181" startTime="2023-12-22T09:37:33.7887614+01:00" endTime="2023-12-22T09:37:33.8043888+01:00" testType="13cdc9d9-ddb5-4fa4-a97d-d965ccfc6d4b" outcome="Passed" testListId="8c84fa94-04c1-424b-9868-57a2d4851a1d" relativeResultsDirectory="f5dc2683-d0fc-4ac7-8c5c-426864399094" />
    <UnitTestResult executionId="5f86b4e9-e2aa-4d23-b332-1f277ce7c79c" testId="052697c7-c6ac-9c36-6e57-c8105d8c8917" testName="SupportsDoubleClick_ShouldBeTrue_WhenInteractionStateIsNewDevice" computerName="DKSR-EFI-04" duration="00:00:00.0819851" startTime="2023-12-22T09:36:23.0539992+01:00" endTime="2023-12-22T09:36:23.1321248+01:00" testType="13cdc9d9-ddb5-4fa4-a97d-d965ccfc6d4b" outcome="Passed" testListId="8c84fa94-04c1-424b-9868-57a2d4851a1d" relativeResultsDirectory="5f86b4e9-e2aa-4d23-b332-1f277ce7c79c" />
    <UnitTestResult executionId="6dbd8650-c5d3-4a28-ada0-e278265124c8" testId="b583fd3b-a208-f88c-adeb-f397f1f95808" testName="GetDuration_OneHour_Success" computerName="DKSR-EFI-04" duration="00:00:00.0003069" startTime="2023-12-22T09:37:33.5387550+01:00" endTime="2023-12-22T09:37:33.5387550+01:00" testType="13cdc9d9-ddb5-4fa4-a97d-d965ccfc6d4b" outcome="Passed" testListId="8c84fa94-04c1-424b-9868-57a2d4851a1d" relativeResultsDirectory="6dbd8650-c5d3-4a28-ada0-e278265124c8" />
    <UnitTestResult executionId="cff5b277-ff9f-4f2a-9cd4-c81c7816880c" testId="64c5fa93-8c90-e61b-c74e-24c3a14c685e" testName="HandleGetDeviceData_ShouldReturnNotFoundDeviceData_WhenNotSupportedKind" computerName="DKSR-EFI-04" duration="00:00:00.1201507" startTime="2023-12-22T09:36:25.8821383+01:00" endTime="2023-12-22T09:36:25.9915115+01:00" testType="13cdc9d9-ddb5-4fa4-a97d-d965ccfc6d4b" outcome="Passed" testListId="8c84fa94-04c1-424b-9868-57a2d4851a1d" relativeResultsDirectory="cff5b277-ff9f-4f2a-9cd4-c81c7816880c" />
    <UnitTestResult executionId="e243954a-208a-4a42-8e13-6c6f03c9a888" testId="a8f9d2e6-a062-909a-f825-43244fd288c9" testName="BuildMapOptions_ShouldReturnCorrectNumberOfOptions" computerName="DKSR-EFI-04" duration="00:00:00.0035917" startTime="2023-12-22T09:38:06.0545566+01:00" endTime="2023-12-22T09:38:06.0545566+01:00" testType="13cdc9d9-ddb5-4fa4-a97d-d965ccfc6d4b" outcome="Passed" testListId="8c84fa94-04c1-424b-9868-57a2d4851a1d" relativeResultsDirectory="e243954a-208a-4a42-8e13-6c6f03c9a888" />
    <UnitTestResult executionId="4a4a4798-62ad-4c5e-9d28-2d671805943c" testId="b99d652b-8f29-0344-acef-87a042a63281" testName="LoadBoundingShapes_EllipseShape_AddedToUIAndSizedCorrectly" computerName="DKSR-EFI-04" duration="00:00:00.0139592" startTime="2023-12-22T09:37:48.7575970+01:00" endTime="2023-12-22T09:37:48.7732164+01:00" testType="13cdc9d9-ddb5-4fa4-a97d-d965ccfc6d4b" outcome="Passed" testListId="8c84fa94-04c1-424b-9868-57a2d4851a1d" relativeResultsDirectory="4a4a4798-62ad-4c5e-9d28-2d671805943c" />
    <UnitTestResult executionId="d1b40c9b-d98c-425c-a793-7e07354a5151" testId="828aa887-d61e-2965-7b2f-bafe3c7dac25" testName="Constructor_ShouldThrow_ArgumentNullException_WhenConstructedWithNullClientCredentials" computerName="DKSR-EFI-04" duration="00:00:00.0011023" startTime="2023-12-22T09:36:07.7101678+01:00" endTime="2023-12-22T09:36:07.7101678+01:00" testType="13cdc9d9-ddb5-4fa4-a97d-d965ccfc6d4b" outcome="Passed" testListId="8c84fa94-04c1-424b-9868-57a2d4851a1d" relativeResultsDirectory="d1b40c9b-d98c-425c-a793-7e07354a5151" />
    <UnitTestResult executionId="3b9d4d53-ba37-4280-8083-42c6e397d383" testId="bc3083b0-a3ea-e4f1-9c27-4c183b204440" testName="SearchAction_LiveMode" computerName="DKSR-EFI-04" duration="00:00:00.0104975" startTime="2023-12-22T09:38:04.2420530+01:00" endTime="2023-12-22T09:38:04.2576706+01:00" testType="13cdc9d9-ddb5-4fa4-a97d-d965ccfc6d4b" outcome="Passed" testListId="8c84fa94-04c1-424b-9868-57a2d4851a1d" relativeResultsDirectory="3b9d4d53-ba37-4280-8083-42c6e397d383" />
    <UnitTestResult executionId="677c2e5d-9202-429c-a259-fe0277adfd85" testId="0b48726b-7d83-90f3-a7e6-6509817ad105" testName="SelectTemplate_NullViewModel_Throws" computerName="DKSR-EFI-04" duration="00:00:00.0010074" startTime="2023-12-22T09:36:30.9134141+01:00" endTime="2023-12-22T09:36:30.9134141+01:00" testType="13cdc9d9-ddb5-4fa4-a97d-d965ccfc6d4b" outcome="Passed" testListId="8c84fa94-04c1-424b-9868-57a2d4851a1d" relativeResultsDirectory="677c2e5d-9202-429c-a259-fe0277adfd85" />
    <UnitTestResult executionId="7ba555da-1151-450f-8089-e4a1928bb98d" testId="23c856d5-b6c3-19f8-8013-074be7c600aa" testName="Retrieve_ExceptionHandled" computerName="DKSR-EFI-04" duration="00:00:00.0042553" startTime="2023-12-22T09:36:23.7727518+01:00" endTime="2023-12-22T09:36:23.7727518+01:00" testType="13cdc9d9-ddb5-4fa4-a97d-d965ccfc6d4b" outcome="Passed" testListId="8c84fa94-04c1-424b-9868-57a2d4851a1d" relativeResultsDirectory="7ba555da-1151-450f-8089-e4a1928bb98d" />
    <UnitTestResult executionId="d8196fea-9a48-42eb-b5e1-6d7e444eb0f5" testId="dbc1a342-48a8-affa-8d55-c00e2654c55f" testName="ScWorkSpaceModeChangedEvent_ShouldSetDeviceIsDisabledToFalse_WhenSwitchingToLiveModeAndDeviceIsDisabled" computerName="DKSR-EFI-04" duration="00:00:00.0132221" startTime="2023-12-22T09:37:53.7263723+01:00" endTime="2023-12-22T09:37:53.7419902+01:00" testType="13cdc9d9-ddb5-4fa4-a97d-d965ccfc6d4b" outcome="Passed" testListId="8c84fa94-04c1-424b-9868-57a2d4851a1d" relativeResultsDirectory="d8196fea-9a48-42eb-b5e1-6d7e444eb0f5" />
    <UnitTestResult executionId="1a013d42-a560-45d1-b6a8-e302c6909b5e" testId="6ac3daf7-7d17-a19c-0567-b6e3340bf41b" testName="DataTypeTest" computerName="DKSR-EFI-04" duration="00:00:00.0003616" startTime="2023-12-22T09:38:04.3045463+01:00" endTime="2023-12-22T09:38:04.3045463+01:00" testType="13cdc9d9-ddb5-4fa4-a97d-d965ccfc6d4b" outcome="Passed" testListId="8c84fa94-04c1-424b-9868-57a2d4851a1d" relativeResultsDirectory="1a013d42-a560-45d1-b6a8-e302c6909b5e" />
    <UnitTestResult executionId="cebed8ac-3dea-4f05-a160-b47c3be59f77" testId="0fb4b7bb-e522-c3cc-c43e-c8a8d68a12cc" testName="GetDuration_LessThanOneMinute_Success" computerName="DKSR-EFI-04" duration="00:00:00.0019003" startTime="2023-12-22T09:37:33.5387550+01:00" endTime="2023-12-22T09:37:33.5387550+01:00" testType="13cdc9d9-ddb5-4fa4-a97d-d965ccfc6d4b" outcome="Passed" testListId="8c84fa94-04c1-424b-9868-57a2d4851a1d" relativeResultsDirectory="cebed8ac-3dea-4f05-a160-b47c3be59f77" />
    <UnitTestResult executionId="e99509a9-6624-4c7d-bcca-217a4dd84b64" testId="91bb0037-7fe2-0981-dce5-8270b853ee50" testName="BookmarkSearchTime_WithSearchStringInDifferentCases_ReturnCorrectBookmarkWithSearchStringInHeader (wrong,True,False,False,False,SeArChStRiNg,,0)" computerName="DKSR-EFI-04" duration="00:00:00.0051000" startTime="2023-12-22T09:38:01.3045326+01:00" endTime="2023-12-22T09:38:01.3045326+01:00" testType="13cdc9d9-ddb5-4fa4-a97d-d965ccfc6d4b" outcome="Passed" testListId="8c84fa94-04c1-424b-9868-57a2d4851a1d" relativeResultsDirectory="e99509a9-6624-4c7d-bcca-217a4dd84b64" />
    <UnitTestResult executionId="de0873cf-d107-47c4-92dd-87f1f9008bbd" testId="e998f77e-77b2-7e10-d8db-3813eb8031aa" testName="GetClusters_ThreeInitialItems_ClustersForInitialItems (Data Row 7)" computerName="DKSR-EFI-04" duration="00:00:00.0158056" startTime="2023-12-22T09:37:57.3201337+01:00" endTime="2023-12-22T09:37:57.5076341+01:00" testType="13cdc9d9-ddb5-4fa4-a97d-d965ccfc6d4b" outcome="Passed" testListId="8c84fa94-04c1-424b-9868-57a2d4851a1d" relativeResultsDirectory="de0873cf-d107-47c4-92dd-87f1f9008bbd" />
    <UnitTestResult executionId="57f0dd19-11ae-494b-b02d-cd084801ff42" testId="ac29b4b5-8534-78d0-60ee-ce2fc38c2fe4" testName="SearchResultsActionBarActions_ActionResultModified_Success" computerName="DKSR-EFI-04" duration="00:00:00.0109807" startTime="2023-12-22T09:37:25.8824618+01:00" endTime="2023-12-22T09:37:25.8824618+01:00" testType="13cdc9d9-ddb5-4fa4-a97d-d965ccfc6d4b" outcome="Passed" testListId="8c84fa94-04c1-424b-9868-57a2d4851a1d" relativeResultsDirectory="57f0dd19-11ae-494b-b02d-cd084801ff42" />
    <UnitTestResult executionId="9227d243-8c79-42f0-a100-f5aae285b569" testId="78da3d90-e186-2eb8-9d50-1ad80ad9921b" testName="Direction_XPCO_SC_RoundtripTransform_Success" computerName="DKSR-EFI-04" duration="00:00:00.0041133" startTime="2023-12-22T09:37:49.8825933+01:00" endTime="2023-12-22T09:37:49.8825933+01:00" testType="13cdc9d9-ddb5-4fa4-a97d-d965ccfc6d4b" outcome="Passed" testListId="8c84fa94-04c1-424b-9868-57a2d4851a1d" relativeResultsDirectory="9227d243-8c79-42f0-a100-f5aae285b569" />
    <UnitTestResult executionId="e41a824b-4f86-4e40-835e-70e844b01bb6" testId="15776c9e-bed1-aa30-abbc-b85a9e95cf84" testName="SmartMapGoToLocationHandler_WhenDataIsValid_ShouldCallNavigateTo" computerName="DKSR-EFI-04" duration="00:00:00.0033900" startTime="2023-12-22T09:36:23.6633790+01:00" endTime="2023-12-22T09:36:23.6790047+01:00" testType="13cdc9d9-ddb5-4fa4-a97d-d965ccfc6d4b" outcome="Passed" testListId="8c84fa94-04c1-424b-9868-57a2d4851a1d" relativeResultsDirectory="e41a824b-4f86-4e40-835e-70e844b01bb6" />
    <UnitTestResult executionId="a1e7236d-7343-4718-9edf-f73a4d2ff013" testId="47672882-b255-5356-2127-17a9bbfd997e" testName="Convert_OneCamerasSelectionAndZeroSearchDefinitions_Visible" computerName="DKSR-EFI-04" duration="00:00:00.0002750" startTime="2023-12-22T09:37:04.1792203+01:00" endTime="2023-12-22T09:37:04.1792203+01:00" testType="13cdc9d9-ddb5-4fa4-a97d-d965ccfc6d4b" outcome="Passed" testListId="8c84fa94-04c1-424b-9868-57a2d4851a1d" relativeResultsDirectory="a1e7236d-7343-4718-9edf-f73a4d2ff013" />
    <UnitTestResult executionId="c2212b02-d94c-4b48-a9ec-d85e8d48ece8" testId="7cef2a09-ed80-a76c-b595-1833aff59ca7" testName="EndTimeWithPadding_ShouldBeSetToValueOfSearchResult" computerName="DKSR-EFI-04" duration="00:00:00.0003035" startTime="2023-12-22T09:37:35.2731397+01:00" endTime="2023-12-22T09:37:35.2731397+01:00" testType="13cdc9d9-ddb5-4fa4-a97d-d965ccfc6d4b" outcome="Passed" testListId="8c84fa94-04c1-424b-9868-57a2d4851a1d" relativeResultsDirectory="c2212b02-d94c-4b48-a9ec-d85e8d48ece8" />
    <UnitTestResult executionId="46ef7651-42e6-47ad-8772-e35a9070dbf0" testId="cd8ebcc2-066f-cdc6-6883-57e1205bcf51" testName="OnMarkerRightClicked_ShouldUseCrossTypeMenuItems_WhenNotInSetupModeAndMultipleItemsFromDifferentLayersIncludingAtLeastOneCameraAreSelected" computerName="DKSR-EFI-04" duration="00:00:00.0246912" startTime="2023-12-22T09:36:18.6945999+01:00" endTime="2023-12-22T09:36:18.7258518+01:00" testType="13cdc9d9-ddb5-4fa4-a97d-d965ccfc6d4b" outcome="Passed" testListId="8c84fa94-04c1-424b-9868-57a2d4851a1d" relativeResultsDirectory="46ef7651-42e6-47ad-8772-e35a9070dbf0" />
    <UnitTestResult executionId="c255ba5d-acbc-40fa-a351-a963acd1aa96" testId="8558e7ab-4f92-48f5-6cd7-72956b247ea9" testName="CreateSearchResultUserControl_UnmappedConfiguration_ReturnsUnknownSearchResultUserControl" computerName="DKSR-EFI-04" duration="00:00:00.0161531" startTime="2023-12-22T09:37:48.4294713+01:00" endTime="2023-12-22T09:37:48.4450937+01:00" testType="13cdc9d9-ddb5-4fa4-a97d-d965ccfc6d4b" outcome="Passed" testListId="8c84fa94-04c1-424b-9868-57a2d4851a1d" relativeResultsDirectory="c255ba5d-acbc-40fa-a351-a963acd1aa96" />
    <UnitTestResult executionId="2f2f1942-e4e2-45fd-8abe-63a6b105cba2" testId="c845158a-13c6-a74d-17c8-bb3ff5beabf6" testName="Retrieve_Success" computerName="DKSR-EFI-04" duration="00:00:00.0109916" startTime="2023-12-22T09:36:23.7571270+01:00" endTime="2023-12-22T09:36:23.7727518+01:00" testType="13cdc9d9-ddb5-4fa4-a97d-d965ccfc6d4b" outcome="Passed" testListId="8c84fa94-04c1-424b-9868-57a2d4851a1d" relativeResultsDirectory="2f2f1942-e4e2-45fd-8abe-63a6b105cba2" />
    <UnitTestResult executionId="b01b0c27-f3f0-4670-b97f-f76536ab6271" testId="f51cf9e2-cdcd-f8dd-962c-cbd4db2c5ec7" testName="AddToExportDevices_ShouldReturnCorrectResult (0,5,5)" computerName="DKSR-EFI-04" duration="00:00:00.0029498" startTime="2023-12-22T09:38:00.1170267+01:00" endTime="2023-12-22T09:38:00.1326502+01:00" testType="13cdc9d9-ddb5-4fa4-a97d-d965ccfc6d4b" outcome="Passed" testListId="8c84fa94-04c1-424b-9868-57a2d4851a1d" relativeResultsDirectory="b01b0c27-f3f0-4670-b97f-f76536ab6271" />
    <UnitTestResult executionId="3c752110-4be3-45df-b84c-5d63588f2920" testId="97644baf-75da-2d1d-90ad-632f1839ba1c" testName="Constructor_ShouldThrowException_WhenControllerManagerIsNull" computerName="DKSR-EFI-04" duration="00:00:00.0277986" startTime="2023-12-22T09:38:02.1014093+01:00" endTime="2023-12-22T09:38:02.1326637+01:00" testType="13cdc9d9-ddb5-4fa4-a97d-d965ccfc6d4b" outcome="Passed" testListId="8c84fa94-04c1-424b-9868-57a2d4851a1d" relativeResultsDirectory="3c752110-4be3-45df-b84c-5d63588f2920" />
    <UnitTestResult executionId="14a208b8-4c35-4192-9b27-5430920ce574" testId="fb732742-5469-4819-2a2e-a73e08e91605" testName="SelectTemplate_ListSelectionFilterConfiguration_LessThanThreeItems_ReturnsInlineTemplate" computerName="DKSR-EFI-04" duration="00:00:00.0032233" startTime="2023-12-22T09:36:30.9446657+01:00" endTime="2023-12-22T09:36:30.9446657+01:00" testType="13cdc9d9-ddb5-4fa4-a97d-d965ccfc6d4b" outcome="Passed" testListId="8c84fa94-04c1-424b-9868-57a2d4851a1d" relativeResultsDirectory="14a208b8-4c35-4192-9b27-5430920ce574" />
    <UnitTestResult executionId="2216af2d-5f9c-4e36-872c-50e5af2ec70d" testId="a8d5f143-40e9-2f91-37a6-26e5ad4ff867" testName="ListenToMicrophone_ShouldBeCalled_WhenMicrophoneStateChangesToUnmuted" computerName="DKSR-EFI-04" duration="00:00:00.0087978" startTime="2023-12-22T09:37:51.5544756+01:00" endTime="2023-12-22T09:37:51.5544756+01:00" testType="13cdc9d9-ddb5-4fa4-a97d-d965ccfc6d4b" outcome="Passed" testListId="8c84fa94-04c1-424b-9868-57a2d4851a1d" relativeResultsDirectory="2216af2d-5f9c-4e36-872c-50e5af2ec70d" />
    <UnitTestResult executionId="599d3298-b882-48a3-8677-fe4459a1a19a" testId="336b8482-3bf7-7f8c-61fa-1897c8b88bb6" testName="GetIsOpenStreetMapValid_ShouldReturnTrue_WhenGeographicLayerIsAvailableAndAlternativeServerIsEmpty" computerName="DKSR-EFI-04" duration="00:00:00.0007797" startTime="2023-12-22T09:37:55.8670005+01:00" endTime="2023-12-22T09:37:55.8670005+01:00" testType="13cdc9d9-ddb5-4fa4-a97d-d965ccfc6d4b" outcome="Passed" testListId="8c84fa94-04c1-424b-9868-57a2d4851a1d" relativeResultsDirectory="599d3298-b882-48a3-8677-fe4459a1a19a" />
    <UnitTestResult executionId="27b2458a-28bd-4a12-9ff2-d3f9ba793681" testId="ebac5c23-cf94-d057-1e07-261b56c40f5f" testName="RemoveItems_ThreeMapItems_ThreeClusterChanges" computerName="DKSR-EFI-04" duration="00:00:00.0098328" startTime="2023-12-22T09:37:57.7732589+01:00" endTime="2023-12-22T09:37:57.7888826+01:00" testType="13cdc9d9-ddb5-4fa4-a97d-d965ccfc6d4b" outcome="Passed" testListId="8c84fa94-04c1-424b-9868-57a2d4851a1d" relativeResultsDirectory="27b2458a-28bd-4a12-9ff2-d3f9ba793681" />
    <UnitTestResult executionId="0055cbbf-4ba6-4235-a14e-3c1a0964156a" testId="14ce9c46-40b0-3cf1-b65d-94e20f3f850c" testName="GetDuration_SeveralHours_Success" computerName="DKSR-EFI-04" duration="00:00:00.0003074" startTime="2023-12-22T09:37:33.5387550+01:00" endTime="2023-12-22T09:37:33.5387550+01:00" testType="13cdc9d9-ddb5-4fa4-a97d-d965ccfc6d4b" outcome="Passed" testListId="8c84fa94-04c1-424b-9868-57a2d4851a1d" relativeResultsDirectory="0055cbbf-4ba6-4235-a14e-3c1a0964156a" />
    <UnitTestResult executionId="8bd55ace-4185-4fa8-b0b6-191499caf745" testId="5fa2d48f-d59e-30ed-e88d-ec6e2699e6a0" testName="MapInputIcons_WhenPinkOemResource_ShouldReturnSevenIcons" computerName="DKSR-EFI-04" duration="00:00:00.0143196" startTime="2023-12-22T09:38:05.3045532+01:00" endTime="2023-12-22T09:38:05.3201845+01:00" testType="13cdc9d9-ddb5-4fa4-a97d-d965ccfc6d4b" outcome="Passed" testListId="8c84fa94-04c1-424b-9868-57a2d4851a1d" relativeResultsDirectory="8bd55ace-4185-4fa8-b0b6-191499caf745" />
    <UnitTestResult executionId="34451232-653b-4809-8738-c0f270d80ed8" testId="13732851-1316-f3ba-505c-1b7f66e1148d" testName="SmartSearchResultDto_ShouldYieldSameValues_WhenRoundTripConverted" computerName="DKSR-EFI-04" duration="00:00:00.0026780" startTime="2023-12-22T09:36:00.3663814+01:00" endTime="2023-12-22T09:36:00.3663814+01:00" testType="13cdc9d9-ddb5-4fa4-a97d-d965ccfc6d4b" outcome="Passed" testListId="8c84fa94-04c1-424b-9868-57a2d4851a1d" relativeResultsDirectory="34451232-653b-4809-8738-c0f270d80ed8" />
    <UnitTestResult executionId="6adb4127-c377-4d55-940a-b0c93a17cb14" testId="9c84fcaa-119c-eb3e-55a7-125cbe865eba" testName="UpdateSearchTemplateAsync_Fails_Success" computerName="DKSR-EFI-04" duration="00:00:00.0041218" startTime="2023-12-22T09:37:33.8356258+01:00" endTime="2023-12-22T09:37:33.8512635+01:00" testType="13cdc9d9-ddb5-4fa4-a97d-d965ccfc6d4b" outcome="Passed" testListId="8c84fa94-04c1-424b-9868-57a2d4851a1d" relativeResultsDirectory="6adb4127-c377-4d55-940a-b0c93a17cb14" />
    <UnitTestResult executionId="cd1a0995-d9b8-4656-a5a4-040fcdbfcb0d" testId="eaed56d6-5fe7-43a9-6be3-9e902b595505" testName="TestConstructor_Copy_Success" computerName="DKSR-EFI-04" duration="00:00:00.0004660" startTime="2023-12-22T09:37:51.5075969+01:00" endTime="2023-12-22T09:37:51.5075969+01:00" testType="13cdc9d9-ddb5-4fa4-a97d-d965ccfc6d4b" outcome="Passed" testListId="8c84fa94-04c1-424b-9868-57a2d4851a1d" relativeResultsDirectory="cd1a0995-d9b8-4656-a5a4-040fcdbfcb0d" />
    <UnitTestResult executionId="c34029b2-40a6-43b9-a265-33648aa0729b" testId="c41fdcd8-e2bb-ccbb-e17c-f63252358ede" testName="RightButtonDown_SingleClick_DoesNotZoom" computerName="DKSR-EFI-04" duration="00:00:00.0107234" startTime="2023-12-22T09:36:16.3820879+01:00" endTime="2023-12-22T09:36:16.3977129+01:00" testType="13cdc9d9-ddb5-4fa4-a97d-d965ccfc6d4b" outcome="Passed" testListId="8c84fa94-04c1-424b-9868-57a2d4851a1d" relativeResultsDirectory="c34029b2-40a6-43b9-a265-33648aa0729b" />
    <UnitTestResult executionId="f3a231c1-df17-4616-989f-367da816677a" testId="a6493ade-3aba-8e55-3d5b-e3a18089f41b" testName="CameraMapItem_ForceActivateAsync_InBuilding_MapLayerHidden_Success" computerName="DKSR-EFI-04" duration="00:00:00.0148342" startTime="2023-12-22T09:37:51.2732307+01:00" endTime="2023-12-22T09:37:51.2888578+01:00" testType="13cdc9d9-ddb5-4fa4-a97d-d965ccfc6d4b" outcome="Passed" testListId="8c84fa94-04c1-424b-9868-57a2d4851a1d" relativeResultsDirectory="f3a231c1-df17-4616-989f-367da816677a" />
    <UnitTestResult executionId="a9afdcb9-6abd-4fe9-a472-a8dc5665cfff" testId="903924a4-7ced-4d98-9edf-15f9a7cfa0d7" testName="MapLayer_LoadSave_DataIsSame" computerName="DKSR-EFI-04" duration="00:00:00.0169846" startTime="2023-12-22T09:37:49.8982191+01:00" endTime="2023-12-22T09:37:49.9138431+01:00" testType="13cdc9d9-ddb5-4fa4-a97d-d965ccfc6d4b" outcome="Passed" testListId="8c84fa94-04c1-424b-9868-57a2d4851a1d" relativeResultsDirectory="a9afdcb9-6abd-4fe9-a472-a8dc5665cfff" />
    <UnitTestResult executionId="177ec052-3e32-4c20-9c66-8ba453b05968" testId="3fc559f5-bb13-876b-1485-1faebe02441c" testName="OutputItemsMapLayer_Load_Save_DataIsSame_WhenOutputIsEnabled" computerName="DKSR-EFI-04" duration="00:00:00.0157930" startTime="2023-12-22T09:37:50.1325976+01:00" endTime="2023-12-22T09:37:50.1482221+01:00" testType="13cdc9d9-ddb5-4fa4-a97d-d965ccfc6d4b" outcome="Passed" testListId="8c84fa94-04c1-424b-9868-57a2d4851a1d" relativeResultsDirectory="177ec052-3e32-4c20-9c66-8ba453b05968" />
    <UnitTestResult executionId="01209513-7e2c-4bdf-897a-6acd504f643c" testId="671ee35e-217f-e976-440a-afae3aff818a" testName="PerformAction_ExceptionHandled" computerName="DKSR-EFI-04" duration="00:00:00.0030347" startTime="2023-12-22T09:36:23.7883772+01:00" endTime="2023-12-22T09:36:23.7883772+01:00" testType="13cdc9d9-ddb5-4fa4-a97d-d965ccfc6d4b" outcome="Passed" testListId="8c84fa94-04c1-424b-9868-57a2d4851a1d" relativeResultsDirectory="01209513-7e2c-4bdf-897a-6acd504f643c" />
    <UnitTestResult executionId="efabaf98-dfe6-400d-99e7-08b63a022a8e" testId="9b11dd70-a212-4435-b232-2bb1537ea05b" testName="AddItemsRemoveItems_SingleMapItem_OneClusterChangeForEach" computerName="DKSR-EFI-04" duration="00:00:00.0073320" startTime="2023-12-22T09:37:57.7888826+01:00" endTime="2023-12-22T09:37:57.7888826+01:00" testType="13cdc9d9-ddb5-4fa4-a97d-d965ccfc6d4b" outcome="Passed" testListId="8c84fa94-04c1-424b-9868-57a2d4851a1d" relativeResultsDirectory="efabaf98-dfe6-400d-99e7-08b63a022a8e" />
    <UnitTestResult executionId="aeb4a238-bfbb-4f7c-bb2f-d1d367541992" testId="ba697472-1eee-6276-10b8-517f33455021" testName="SmartWallButtonHidden_WhenNotInSmartWallView" computerName="DKSR-EFI-04" duration="00:00:00.0273917" startTime="2023-12-22T09:37:59.1013978+01:00" endTime="2023-12-22T09:37:59.1326413+01:00" testType="13cdc9d9-ddb5-4fa4-a97d-d965ccfc6d4b" outcome="Passed" testListId="8c84fa94-04c1-424b-9868-57a2d4851a1d" relativeResultsDirectory="aeb4a238-bfbb-4f7c-bb2f-d1d367541992" />
    <UnitTestResult executionId="7a587362-c026-42c2-848b-c4903db49dd9" testId="9aeccaa7-2271-ee00-99ac-96f3fa1164be" testName="SetMapItemCluster_ShouldSetIcon_WhenNotSuperClusterAndNotCamera" computerName="DKSR-EFI-04" duration="00:00:00.0471090" startTime="2023-12-22T09:36:22.5383685+01:00" endTime="2023-12-22T09:36:22.5852435+01:00" testType="13cdc9d9-ddb5-4fa4-a97d-d965ccfc6d4b" outcome="Passed" testListId="8c84fa94-04c1-424b-9868-57a2d4851a1d" relativeResultsDirectory="7a587362-c026-42c2-848b-c4903db49dd9" />
    <UnitTestResult executionId="11363d9c-c69b-45ea-a43b-fbaac4b5fa14" testId="50437517-5fc5-21fb-fd24-7bb70ccad1c0" testName="Constructor_ShouldThrowAnException_WhenSearchManagerIsNull" computerName="DKSR-EFI-04" duration="00:00:00.0011603" startTime="2023-12-22T09:37:58.8045216+01:00" endTime="2023-12-22T09:37:58.8045216+01:00" testType="13cdc9d9-ddb5-4fa4-a97d-d965ccfc6d4b" outcome="Passed" testListId="8c84fa94-04c1-424b-9868-57a2d4851a1d" relativeResultsDirectory="11363d9c-c69b-45ea-a43b-fbaac4b5fa14" />
    <UnitTestResult executionId="bce09878-9fee-4160-b90e-049b4104b8a5" testId="ab6a68a4-df8c-0feb-73f0-3750600e7308" testName="BuildEvidenceLockFilterProperties_ShouldReturnCorrectValues (True,1,0,Only me,All)" computerName="DKSR-EFI-04" duration="00:00:00.0023270" startTime="2023-12-22T09:38:06.1327034+01:00" endTime="2023-12-22T09:38:06.1327034+01:00" testType="13cdc9d9-ddb5-4fa4-a97d-d965ccfc6d4b" outcome="Passed" testListId="8c84fa94-04c1-424b-9868-57a2d4851a1d" relativeResultsDirectory="bce09878-9fee-4160-b90e-049b4104b8a5" />
    <UnitTestResult executionId="0e8f2ccd-c6b7-46ab-8359-ca14bada7833" testId="876c309e-bcb3-56f1-e371-740d48449c19" testName="ClientCapabilitiesDto_ShouldYieldSameValues_WhenRoundTripConverted" computerName="DKSR-EFI-04" duration="00:00:00.0085839" startTime="2023-12-22T09:36:00.2726290+01:00" endTime="2023-12-22T09:36:00.2726290+01:00" testType="13cdc9d9-ddb5-4fa4-a97d-d965ccfc6d4b" outcome="Passed" testListId="8c84fa94-04c1-424b-9868-57a2d4851a1d" relativeResultsDirectory="0e8f2ccd-c6b7-46ab-8359-ca14bada7833" />
    <UnitTestResult executionId="614a49e7-7e6d-4d18-b7e1-b6a76a504a30" testId="6005aa8f-bfed-16e6-eb0c-0e72997b485a" testName="PtzSessionController_Constructor_ArgumentNull_PtzSessionTimer_Test" computerName="DKSR-EFI-04" duration="00:00:00.0007066" startTime="2023-12-22T09:36:06.9289135+01:00" endTime="2023-12-22T09:36:06.9289135+01:00" testType="13cdc9d9-ddb5-4fa4-a97d-d965ccfc6d4b" outcome="Passed" testListId="8c84fa94-04c1-424b-9868-57a2d4851a1d" relativeResultsDirectory="614a49e7-7e6d-4d18-b7e1-b6a76a504a30" />
    <UnitTestResult executionId="cbb32249-8540-4ed1-a7c1-e078b0585113" testId="0c0629d0-f6ea-17eb-459f-54981f9ede50" testName="DetermineUserAllowsUnsecureConnection_WhereUserIsAskedAndUnsecureIsAllowIsSelected_ShouldReturnTrue" computerName="DKSR-EFI-04" duration="00:00:00.0278586" startTime="2023-12-22T09:36:03.5695221+01:00" endTime="2023-12-22T09:36:03.6007701+01:00" testType="13cdc9d9-ddb5-4fa4-a97d-d965ccfc6d4b" outcome="Passed" testListId="8c84fa94-04c1-424b-9868-57a2d4851a1d" relativeResultsDirectory="cbb32249-8540-4ed1-a7c1-e078b0585113" />
    <UnitTestResult executionId="ab33eff2-7a98-4997-9531-c99fa7012cc4" testId="284a6b15-0a7d-d4a1-ae93-88897a496866" testName="Decorate_ShouldAddChildren_WhenThereAreLayersWithItemsImplementingITitleToggleableAndIBackgroundDiskToggleable" computerName="DKSR-EFI-04" duration="00:00:00.0027312" startTime="2023-12-22T09:36:14.8352049+01:00" endTime="2023-12-22T09:36:14.8352049+01:00" testType="13cdc9d9-ddb5-4fa4-a97d-d965ccfc6d4b" outcome="Passed" testListId="8c84fa94-04c1-424b-9868-57a2d4851a1d" relativeResultsDirectory="ab33eff2-7a98-4997-9531-c99fa7012cc4" />
    <UnitTestResult executionId="68657751-37e8-499d-acf7-127fdb997429" testId="61db488c-fd57-8a4d-714e-e5d3bad8b45f" testName="ScrollIntoView_Synchronous_DefinitionViewBelowOutOfViewPort_Scrolled" computerName="DKSR-EFI-04" duration="00:00:00.6518264" startTime="2023-12-22T09:36:30.9446657+01:00" endTime="2023-12-22T09:36:31.6009197+01:00" testType="13cdc9d9-ddb5-4fa4-a97d-d965ccfc6d4b" outcome="Passed" testListId="8c84fa94-04c1-424b-9868-57a2d4851a1d" relativeResultsDirectory="68657751-37e8-499d-acf7-127fdb997429" />
    <UnitTestResult executionId="3238577f-6b28-46bf-8639-197c9035aec1" testId="28b7e0ab-6c4a-f8e2-76d8-c7775c82dbd0" testName="Included_ShouldAddViewItemToIncludedViewItems_WhenSetToTrue" computerName="DKSR-EFI-04" duration="00:00:00.1758347" startTime="2023-12-22T09:38:03.8826708+01:00" endTime="2023-12-22T09:38:04.0701721+01:00" testType="13cdc9d9-ddb5-4fa4-a97d-d965ccfc6d4b" outcome="Passed" testListId="8c84fa94-04c1-424b-9868-57a2d4851a1d" relativeResultsDirectory="3238577f-6b28-46bf-8639-197c9035aec1" />
    <UnitTestResult executionId="72cc240c-d389-4f1a-84a8-560cb0f4f739" testId="6999d28b-b0a1-0e27-60a0-97e9ac879716" testName="PopulateTooltip_SingleResultsFromFewCameras12Hours_ValidText" computerName="DKSR-EFI-04" duration="00:00:00.0271375" startTime="2023-12-22T09:37:17.1792929+01:00" endTime="2023-12-22T09:37:17.1949246+01:00" testType="13cdc9d9-ddb5-4fa4-a97d-d965ccfc6d4b" outcome="Passed" testListId="8c84fa94-04c1-424b-9868-57a2d4851a1d" relativeResultsDirectory="72cc240c-d389-4f1a-84a8-560cb0f4f739" />
    <UnitTestResult executionId="de60059d-3c69-4410-8cf2-dc11e44a110f" testId="84cdc42c-8723-3f7f-aeea-e185addc7b1d" testName="PtzInfoViewModel_SetInfo_PtzSessionControllerInfo_ArgumentNullCheckTest" computerName="DKSR-EFI-04" duration="00:00:00.0025158" startTime="2023-12-22T09:36:08.0539185+01:00" endTime="2023-12-22T09:36:08.0539185+01:00" testType="13cdc9d9-ddb5-4fa4-a97d-d965ccfc6d4b" outcome="Passed" testListId="8c84fa94-04c1-424b-9868-57a2d4851a1d" relativeResultsDirectory="de60059d-3c69-4410-8cf2-dc11e44a110f" />
    <UnitTestResult executionId="215b7614-0f11-420a-baf0-2ed15f5199c3" testId="f982a6b2-b7fa-97b9-3ee1-04eced2a82e8" testName="ResultCountText_NoResults_Success" computerName="DKSR-EFI-04" duration="00:00:00.0052633" startTime="2023-12-22T09:37:26.2105945+01:00" endTime="2023-12-22T09:37:26.2105945+01:00" testType="13cdc9d9-ddb5-4fa4-a97d-d965ccfc6d4b" outcome="Passed" testListId="8c84fa94-04c1-424b-9868-57a2d4851a1d" relativeResultsDirectory="215b7614-0f11-420a-baf0-2ed15f5199c3" />
    <UnitTestResult executionId="b561c2ad-7749-46dd-afed-9bf43802fd48" testId="09064739-d6f3-b35b-43e1-f9b5634afbd3" testName="Search_PreviouslyAddedFilterValueRemoved_SubDefinitionOnlyUsesRemainingFilterValues" computerName="DKSR-EFI-04" duration="00:00:00.0072380" startTime="2023-12-22T09:37:48.2107094+01:00" endTime="2023-12-22T09:37:48.2263357+01:00" testType="13cdc9d9-ddb5-4fa4-a97d-d965ccfc6d4b" outcome="Passed" testListId="8c84fa94-04c1-424b-9868-57a2d4851a1d" relativeResultsDirectory="b561c2ad-7749-46dd-afed-9bf43802fd48" />
    <UnitTestResult executionId="37302589-b4e6-40db-9124-18a0cb1d466d" testId="401d2e62-9623-23c2-8f1c-f70d5a6debc1" testName="CreateDefinition_ModelReturnsNullDefinition_ReturnsNull" computerName="DKSR-EFI-04" duration="00:00:00.0059859" startTime="2023-12-22T09:37:34.4450108+01:00" endTime="2023-12-22T09:37:34.4450108+01:00" testType="13cdc9d9-ddb5-4fa4-a97d-d965ccfc6d4b" outcome="Passed" testListId="8c84fa94-04c1-424b-9868-57a2d4851a1d" relativeResultsDirectory="37302589-b4e6-40db-9124-18a0cb1d466d" />
    <UnitTestResult executionId="e5557aa9-1704-4412-8028-974e2da437e7" testId="a82486f4-91e1-c778-be1c-6489525080cf" testName="PtzSessionControllerInfoConstructorTest_From_PtzSessionInfo_Windows_User" computerName="DKSR-EFI-04" duration="00:00:00.0199541" startTime="2023-12-22T09:36:07.1945421+01:00" endTime="2023-12-22T09:36:07.2101650+01:00" testType="13cdc9d9-ddb5-4fa4-a97d-d965ccfc6d4b" outcome="Passed" testListId="8c84fa94-04c1-424b-9868-57a2d4851a1d" relativeResultsDirectory="e5557aa9-1704-4412-8028-974e2da437e7" />
    <UnitTestResult executionId="80ec2c78-553d-4652-b9d0-aaa98c24ec9a" testId="7487436c-f2c5-4df4-5b49-6474bc347b87" testName="PatrollingProfileViewModelTest_CreatePatrollingProfileViewModel_Success" computerName="DKSR-EFI-04" duration="00:00:00.0018364" startTime="2023-12-22T09:37:57.9763825+01:00" endTime="2023-12-22T09:37:57.9763825+01:00" testType="13cdc9d9-ddb5-4fa4-a97d-d965ccfc6d4b" outcome="Passed" testListId="8c84fa94-04c1-424b-9868-57a2d4851a1d" relativeResultsDirectory="80ec2c78-553d-4652-b9d0-aaa98c24ec9a" />
    <UnitTestResult executionId="4ca2fd6c-7b37-4e52-95b5-9c4ffb1fde96" testId="21be0112-22bc-28e4-3be0-7f0713407426" testName="PopulateTooltip_FewResultsFromSingleCamera12Hours_ValidText" computerName="DKSR-EFI-04" duration="00:00:00.0452691" startTime="2023-12-22T09:37:17.3042874+01:00" endTime="2023-12-22T09:37:17.3511724+01:00" testType="13cdc9d9-ddb5-4fa4-a97d-d965ccfc6d4b" outcome="Passed" testListId="8c84fa94-04c1-424b-9868-57a2d4851a1d" relativeResultsDirectory="4ca2fd6c-7b37-4e52-95b5-9c4ffb1fde96" />
    <UnitTestResult executionId="d9bab7e3-d64f-4f62-a756-0c02775686ed" testId="03176de6-d0a5-5d83-9bd0-bdcb94c2ab49" testName="Compare_NullVsNotNull_GreaterThan" computerName="DKSR-EFI-04" duration="00:00:00.0002082" startTime="2023-12-22T09:37:35.3356369+01:00" endTime="2023-12-22T09:37:35.3356369+01:00" testType="13cdc9d9-ddb5-4fa4-a97d-d965ccfc6d4b" outcome="Passed" testListId="8c84fa94-04c1-424b-9868-57a2d4851a1d" relativeResultsDirectory="d9bab7e3-d64f-4f62-a756-0c02775686ed" />
    <UnitTestResult executionId="8c342ee6-9da7-44b6-9b93-f209503d9cfd" testId="1079a229-fd63-4e8b-6131-749f5fa842df" testName="ConvertBack_ShouldRaiseInvalidCastException_WhenValueIsNotABoolean" computerName="DKSR-EFI-04" duration="00:00:00.0008407" startTime="2023-12-22T09:36:11.7101883+01:00" endTime="2023-12-22T09:36:11.7101883+01:00" testType="13cdc9d9-ddb5-4fa4-a97d-d965ccfc6d4b" outcome="Passed" testListId="8c84fa94-04c1-424b-9868-57a2d4851a1d" relativeResultsDirectory="8c342ee6-9da7-44b6-9b93-f209503d9cfd" />
    <UnitTestResult executionId="15adedcf-7b4d-4831-9b73-f597a0932a85" testId="b4dcaf4b-c8a6-a3d6-898f-051609cb706b" testName="Search_SearchResultReceivedFromDefinitionOnlySupportingSubsetOfFilters_WarningTextAppliedAndEventFired" computerName="DKSR-EFI-04" duration="00:00:00.0125660" startTime="2023-12-22T09:37:48.3044594+01:00" endTime="2023-12-22T09:37:48.3200839+01:00" testType="13cdc9d9-ddb5-4fa4-a97d-d965ccfc6d4b" outcome="Passed" testListId="8c84fa94-04c1-424b-9868-57a2d4851a1d" relativeResultsDirectory="15adedcf-7b4d-4831-9b73-f597a0932a85" />
    <UnitTestResult executionId="ce917176-4086-4cea-a98e-48c1116b2e7b" testId="f484692c-fec3-a0b6-18ec-e828d80b67b7" testName="Optics enabled, not forced" computerName="DKSR-EFI-04" duration="00:00:00.0067329" startTime="2023-12-22T09:36:28.5540260+01:00" endTime="2023-12-22T09:36:28.5540260+01:00" testType="13cdc9d9-ddb5-4fa4-a97d-d965ccfc6d4b" outcome="Passed" testListId="8c84fa94-04c1-424b-9868-57a2d4851a1d" relativeResultsDirectory="ce917176-4086-4cea-a98e-48c1116b2e7b" />
    <UnitTestResult executionId="30f05d74-321f-4520-a026-c0a2c0239162" testId="96e8936d-0390-58bc-a96b-c2ae29467c1e" testName="SmartSearchStatusType_ShouldYieldSameValuesForAllEnumValues_WhenRoundTripConverted (SearchInProgress,SearchInProgress)" computerName="DKSR-EFI-04" duration="00:00:00.0000265" startTime="2023-12-22T09:36:00.5695032+01:00" endTime="2023-12-22T09:36:00.5695032+01:00" testType="13cdc9d9-ddb5-4fa4-a97d-d965ccfc6d4b" outcome="Passed" testListId="8c84fa94-04c1-424b-9868-57a2d4851a1d" relativeResultsDirectory="30f05d74-321f-4520-a026-c0a2c0239162" />
    <UnitTestResult executionId="3ea95186-d1a7-43a6-919c-3cf12943957a" testId="fcd118df-d28f-9914-22b6-30e2ce26737f" testName="OpenStreetMapLayerIsDisabled_ShouldReturnFalse_WhenOpenStreetMapGeographicLayerOptionIsAvailableAndOpenStreetMapAlternativeServerIsEmpty" computerName="DKSR-EFI-04" duration="00:00:00.0091798" startTime="2023-12-22T09:37:50.0544756+01:00" endTime="2023-12-22T09:37:50.0544756+01:00" testType="13cdc9d9-ddb5-4fa4-a97d-d965ccfc6d4b" outcome="Passed" testListId="8c84fa94-04c1-424b-9868-57a2d4851a1d" relativeResultsDirectory="3ea95186-d1a7-43a6-919c-3cf12943957a" />
    <UnitTestResult executionId="b860d798-3f27-4eec-bc93-67d0df0cd866" testId="c49afcd7-de27-7990-5754-d54f7b7c14ac" testName="SearchResultContainerView_OnItemActivated_AnimationDisabled_DetailsViewAddedToDetailsViewControl" computerName="DKSR-EFI-04" duration="00:00:01.3269920" startTime="2023-12-22T09:36:38.0543016+01:00" endTime="2023-12-22T09:36:39.3822083+01:00" testType="13cdc9d9-ddb5-4fa4-a97d-d965ccfc6d4b" outcome="Passed" testListId="8c84fa94-04c1-424b-9868-57a2d4851a1d" relativeResultsDirectory="b860d798-3f27-4eec-bc93-67d0df0cd866" />
    <UnitTestResult executionId="1953e5d3-9612-4080-8f9e-b85c56ef61c3" testId="1242f06f-0c87-0502-1a6f-b0f180763fd7" testName="PtzSessionController_Register_Camera_Generates_PtzSessionUserChangedEvent_Test" computerName="DKSR-EFI-04" duration="00:00:00.0058562" startTime="2023-12-22T09:36:07.1476638+01:00" endTime="2023-12-22T09:36:07.1476638+01:00" testType="13cdc9d9-ddb5-4fa4-a97d-d965ccfc6d4b" outcome="Passed" testListId="8c84fa94-04c1-424b-9868-57a2d4851a1d" relativeResultsDirectory="1953e5d3-9612-4080-8f9e-b85c56ef61c3" />
    <UnitTestResult executionId="53b9db8d-b9df-4b66-9c0e-74696e3421c5" testId="d7ec089c-29ea-169c-5410-9af8ec475d2d" testName="PopulateTooltip_FewResultsFromManyCameras24Hours_ValidText" computerName="DKSR-EFI-04" duration="00:00:00.2597028" startTime="2023-12-22T09:37:17.6949238+01:00" endTime="2023-12-22T09:37:17.9449198+01:00" testType="13cdc9d9-ddb5-4fa4-a97d-d965ccfc6d4b" outcome="Passed" testListId="8c84fa94-04c1-424b-9868-57a2d4851a1d" relativeResultsDirectory="53b9db8d-b9df-4b66-9c0e-74696e3421c5" />
    <UnitTestResult executionId="b8fdc3da-ded9-4f3c-a02d-4c8c485c1191" testId="f212a945-9645-4128-b861-6596693a6fad" testName="Decorate_ShouldAddChildren_WhenThereIsCameraLayerAndViewZoneLayer" computerName="DKSR-EFI-04" duration="00:00:00.0026856" startTime="2023-12-22T09:36:14.8508286+01:00" endTime="2023-12-22T09:36:14.8664531+01:00" testType="13cdc9d9-ddb5-4fa4-a97d-d965ccfc6d4b" outcome="Passed" testListId="8c84fa94-04c1-424b-9868-57a2d4851a1d" relativeResultsDirectory="b8fdc3da-ded9-4f3c-a02d-4c8c485c1191" />
    <UnitTestResult executionId="9dcebdb0-0406-4455-92a2-d41901a3e1c0" testId="77328071-fcbe-8814-7b38-9b55da6b9e94" testName="Deserialize_ShouldIncludeCombineTypeOr_WhenCombineTypeIsOrInXml" computerName="DKSR-EFI-04" duration="00:00:00.0013168" startTime="2023-12-22T09:37:35.3981411+01:00" endTime="2023-12-22T09:37:35.3981411+01:00" testType="13cdc9d9-ddb5-4fa4-a97d-d965ccfc6d4b" outcome="Passed" testListId="8c84fa94-04c1-424b-9868-57a2d4851a1d" relativeResultsDirectory="9dcebdb0-0406-4455-92a2-d41901a3e1c0" />
    <UnitTestResult executionId="bf71174a-3575-4c64-90df-0b075f528817" testId="eafedef4-77b0-0ba7-44ca-5ee1ec158773" testName="ValidEncryptionStrengthsForExport_ShouldOnlyReturnAllAesStrengths_WhenLegacyEncryptionEnabledInAppConfigAndFipsEnabled" computerName="DKSR-EFI-04" duration="00:00:00.0004201" startTime="2023-12-22T09:38:01.8826543+01:00" endTime="2023-12-22T09:38:01.8826543+01:00" testType="13cdc9d9-ddb5-4fa4-a97d-d965ccfc6d4b" outcome="Passed" testListId="8c84fa94-04c1-424b-9868-57a2d4851a1d" relativeResultsDirectory="bf71174a-3575-4c64-90df-0b075f528817" />
    <UnitTestResult executionId="7d3e5f83-9582-45e1-9c15-2be321845ba7" testId="fc5fd650-f337-b166-89da-483c36c8a94d" testName="SearchResultCombineType_OneSearchDefinition_SearchResultCombineTypeSetToDefaultValue" computerName="DKSR-EFI-04" duration="00:00:00.0102859" startTime="2023-12-22T09:37:28.5387231+01:00" endTime="2023-12-22T09:37:28.5387231+01:00" testType="13cdc9d9-ddb5-4fa4-a97d-d965ccfc6d4b" outcome="Passed" testListId="8c84fa94-04c1-424b-9868-57a2d4851a1d" relativeResultsDirectory="7d3e5f83-9582-45e1-9c15-2be321845ba7" />
    <UnitTestResult executionId="f53887bb-431c-4010-ae36-dfa3d2bdab01" testId="1908903c-8778-1771-d8eb-296b41bd1c8a" testName="MarkerFactory_WhenMarkerDoesNotExistForMapItem_ShouldReturnNull" computerName="DKSR-EFI-04" duration="00:00:00.1375361" startTime="2023-12-22T09:36:24.4446297+01:00" endTime="2023-12-22T09:36:24.5852565+01:00" testType="13cdc9d9-ddb5-4fa4-a97d-d965ccfc6d4b" outcome="Passed" testListId="8c84fa94-04c1-424b-9868-57a2d4851a1d" relativeResultsDirectory="f53887bb-431c-4010-ae36-dfa3d2bdab01" />
    <UnitTestResult executionId="ab21011d-bfc5-4f9e-9c45-7161e9e2178f" testId="1ba3b9b4-ea19-f6d5-8589-707d8ab372fd" testName="DeleteSearchTemplateAsync_StateError_Success" computerName="DKSR-EFI-04" duration="00:00:00.0017050" startTime="2023-12-22T09:37:34.1168817+01:00" endTime="2023-12-22T09:37:34.1168817+01:00" testType="13cdc9d9-ddb5-4fa4-a97d-d965ccfc6d4b" outcome="Passed" testListId="8c84fa94-04c1-424b-9868-57a2d4851a1d" relativeResultsDirectory="ab21011d-bfc5-4f9e-9c45-7161e9e2178f" />
    <UnitTestResult executionId="80291ea4-c53f-425e-8873-aa81926f30cd" testId="3a31272a-a65c-0e34-46f8-f3357cdba23a" testName="IconValueConverter_ConvertInvalidIconSourceFallbackBuiltIn_Success" computerName="DKSR-EFI-04" duration="00:00:00.0039144" startTime="2023-12-22T09:37:04.1323451+01:00" endTime="2023-12-22T09:37:04.1323451+01:00" testType="13cdc9d9-ddb5-4fa4-a97d-d965ccfc6d4b" outcome="Passed" testListId="8c84fa94-04c1-424b-9868-57a2d4851a1d" relativeResultsDirectory="80291ea4-c53f-425e-8873-aa81926f30cd" />
    <UnitTestResult executionId="b60b887b-994c-4286-b2b2-271da2553027" testId="d2403e41-fe85-53e9-35b9-5ba516826082" testName="MapOutputIcons_WhenMilestoneOemResource_ShouldReturnTwoIcons" computerName="DKSR-EFI-04" duration="00:00:00.0196111" startTime="2023-12-22T09:38:05.3201845+01:00" endTime="2023-12-22T09:38:05.3514359+01:00" testType="13cdc9d9-ddb5-4fa4-a97d-d965ccfc6d4b" outcome="Passed" testListId="8c84fa94-04c1-424b-9868-57a2d4851a1d" relativeResultsDirectory="b60b887b-994c-4286-b2b2-271da2553027" />
    <UnitTestResult executionId="beb6ac99-28e8-4346-a952-9277ad54f074" testId="bcf3e398-10f5-c5db-c0c4-dde95790e302" testName="GetDeviceData_ShouldReturnNotFoundDeviceData_WhenNotSupportedKind" computerName="DKSR-EFI-04" duration="00:00:00.1416056" startTime="2023-12-22T09:36:28.1009009+01:00" endTime="2023-12-22T09:36:28.2415260+01:00" testType="13cdc9d9-ddb5-4fa4-a97d-d965ccfc6d4b" outcome="Passed" testListId="8c84fa94-04c1-424b-9868-57a2d4851a1d" relativeResultsDirectory="beb6ac99-28e8-4346-a952-9277ad54f074" />
    <UnitTestResult executionId="dcc436f7-5f05-4950-968b-993b6a854ff6" testId="6242ad29-7e7c-5410-ba44-fa393248cc06" testName="NewSearchSelectedEvent_SomeCategoriesSelected_Success" computerName="DKSR-EFI-04" duration="00:00:00.0383518" startTime="2023-12-22T09:37:24.0699488+01:00" endTime="2023-12-22T09:37:24.1168621+01:00" testType="13cdc9d9-ddb5-4fa4-a97d-d965ccfc6d4b" outcome="Passed" testListId="8c84fa94-04c1-424b-9868-57a2d4851a1d" relativeResultsDirectory="dcc436f7-5f05-4950-968b-993b6a854ff6" />
    <UnitTestResult executionId="9f886b55-8aae-4880-8f67-5334835e8303" testId="ec512750-1b3e-ee37-48da-474be022f3c4" testName="OnMarkerRightClicked_ShouldUseCrossTypeMenuItems_WhenInSetupModeAndMultipleItemsFromDifferentLayersAreSelected" computerName="DKSR-EFI-04" duration="00:00:00.0160295" startTime="2023-12-22T09:36:18.6321028+01:00" endTime="2023-12-22T09:36:18.6477257+01:00" testType="13cdc9d9-ddb5-4fa4-a97d-d965ccfc6d4b" outcome="Passed" testListId="8c84fa94-04c1-424b-9868-57a2d4851a1d" relativeResultsDirectory="9f886b55-8aae-4880-8f67-5334835e8303" />
    <UnitTestResult executionId="47367392-d8b4-4c2a-9d91-24701491e9d3" testId="78ae1d5d-740b-66e6-7a5c-ade2279f3a28" testName="Add_ShouldAddViewItemToIncludedViewItemsForSelectedView" computerName="DKSR-EFI-04" duration="00:00:00.0166855" startTime="2023-12-22T09:36:07.2882915+01:00" endTime="2023-12-22T09:36:07.3039125+01:00" testType="13cdc9d9-ddb5-4fa4-a97d-d965ccfc6d4b" outcome="Passed" testListId="8c84fa94-04c1-424b-9868-57a2d4851a1d" relativeResultsDirectory="47367392-d8b4-4c2a-9d91-24701491e9d3" />
    <UnitTestResult executionId="108ca118-34c5-4fa4-8e91-bc0511e2cd3f" testId="9338997c-d9a9-672b-42cd-fbb543d1c72e" testName="SearchResultsActionBarActions_Export_InvokeCommand_DeviceNotAvailable_Failure" computerName="DKSR-EFI-04" duration="00:00:00.0180985" startTime="2023-12-22T09:37:25.3980808+01:00" endTime="2023-12-22T09:37:25.4137089+01:00" testType="13cdc9d9-ddb5-4fa4-a97d-d965ccfc6d4b" outcome="Passed" testListId="8c84fa94-04c1-424b-9868-57a2d4851a1d" relativeResultsDirectory="108ca118-34c5-4fa4-8e91-bc0511e2cd3f" />
    <UnitTestResult executionId="b4072e88-aa0e-414f-b561-ccaf54cf0037" testId="0b44e872-d464-60e7-3348-83243bc0d155" testName="Warning_Shown_When_Reducing_Protection_Expiry" computerName="DKSR-EFI-04" duration="00:00:00.0095964" startTime="2023-12-22T09:38:07.1483154+01:00" endTime="2023-12-22T09:38:07.1639378+01:00" testType="13cdc9d9-ddb5-4fa4-a97d-d965ccfc6d4b" outcome="Passed" testListId="8c84fa94-04c1-424b-9868-57a2d4851a1d" relativeResultsDirectory="b4072e88-aa0e-414f-b561-ccaf54cf0037" />
    <UnitTestResult executionId="72b11c02-aa40-4081-80c4-e3d53f9ab46c" testId="20b32a9d-1528-d876-b23d-11423094b46d" testName="Unrelated_devices_removed_when_unrelated_camera_with_related_devices_added" computerName="DKSR-EFI-04" duration="00:00:00.0027077" startTime="2023-12-22T09:38:07.2576877+01:00" endTime="2023-12-22T09:38:07.2576877+01:00" testType="13cdc9d9-ddb5-4fa4-a97d-d965ccfc6d4b" outcome="Passed" testListId="8c84fa94-04c1-424b-9868-57a2d4851a1d" relativeResultsDirectory="72b11c02-aa40-4081-80c4-e3d53f9ab46c" />
    <UnitTestResult executionId="92056b49-4267-4bea-a564-0f90c27777a7" testId="87f381e7-d9c3-dd59-a7de-147f1cb1e49c" testName="SelectTemplate_TextBoxFilterConfiguration_ReturnsInlineTemplate" computerName="DKSR-EFI-04" duration="00:00:00.0012071" startTime="2023-12-22T09:36:30.9290401+01:00" endTime="2023-12-22T09:36:30.9290401+01:00" testType="13cdc9d9-ddb5-4fa4-a97d-d965ccfc6d4b" outcome="Passed" testListId="8c84fa94-04c1-424b-9868-57a2d4851a1d" relativeResultsDirectory="92056b49-4267-4bea-a564-0f90c27777a7" />
    <UnitTestResult executionId="857a20a7-ff52-4199-b49e-7c2112d7c2b2" testId="1bb961de-3244-ec3d-ba9c-efd8693da7cb" testName="TestReadXml" computerName="DKSR-EFI-04" duration="00:00:00.0002854" startTime="2023-12-22T09:38:00.9139061+01:00" endTime="2023-12-22T09:38:00.9139061+01:00" testType="13cdc9d9-ddb5-4fa4-a97d-d965ccfc6d4b" outcome="Passed" testListId="8c84fa94-04c1-424b-9868-57a2d4851a1d" relativeResultsDirectory="857a20a7-ff52-4199-b49e-7c2112d7c2b2" />
    <UnitTestResult executionId="14259e23-8bd4-46e2-b335-e337b5cf55ea" testId="239b3280-9e3f-daec-90e9-2d7422e5091c" testName="Serialize_SearchDefinitionWithNonSerializableFilterValue_FilterValueOmitted" computerName="DKSR-EFI-04" duration="00:00:00.0009269" startTime="2023-12-22T09:37:35.3825147+01:00" endTime="2023-12-22T09:37:35.3825147+01:00" testType="13cdc9d9-ddb5-4fa4-a97d-d965ccfc6d4b" outcome="Passed" testListId="8c84fa94-04c1-424b-9868-57a2d4851a1d" relativeResultsDirectory="14259e23-8bd4-46e2-b335-e337b5cf55ea" />
    <UnitTestResult executionId="01a48ba0-9d8b-4bc4-ac28-c66956c4f17a" testId="4a97d8d2-9fcf-7559-c175-69939d513efc" testName="SignUrl_WhereUrlIsNull_ThrowException" computerName="DKSR-EFI-04" duration="00:00:00.0016616" startTime="2023-12-22T09:36:14.8820815+01:00" endTime="2023-12-22T09:36:14.8820815+01:00" testType="13cdc9d9-ddb5-4fa4-a97d-d965ccfc6d4b" outcome="Passed" testListId="8c84fa94-04c1-424b-9868-57a2d4851a1d" relativeResultsDirectory="01a48ba0-9d8b-4bc4-ac28-c66956c4f17a" />
    <UnitTestResult executionId="9a1ca529-f1fe-4fcf-8d7a-9811c04e5ee4" testId="03da6113-f0cb-2522-1d80-c9d47dcb71a8" testName="CreateGeography_FourCornerBuilding_Crossed_Success" computerName="DKSR-EFI-04" duration="00:00:00.0050972" startTime="2023-12-22T09:37:57.3045109+01:00" endTime="2023-12-22T09:37:57.3045109+01:00" testType="13cdc9d9-ddb5-4fa4-a97d-d965ccfc6d4b" outcome="Passed" testListId="8c84fa94-04c1-424b-9868-57a2d4851a1d" relativeResultsDirectory="9a1ca529-f1fe-4fcf-8d7a-9811c04e5ee4" />
    <UnitTestResult executionId="47df2d8d-4d08-4d85-ba6b-af86e2a6b029" testId="623a898d-977d-5b91-e1b8-7c6682d95502" testName="MapLayerType_ShouldBeNull_WhenCalled" computerName="DKSR-EFI-04" duration="00:00:00.0001675" startTime="2023-12-22T09:37:53.0076077+01:00" endTime="2023-12-22T09:37:53.0076077+01:00" testType="13cdc9d9-ddb5-4fa4-a97d-d965ccfc6d4b" outcome="Passed" testListId="8c84fa94-04c1-424b-9868-57a2d4851a1d" relativeResultsDirectory="47df2d8d-4d08-4d85-ba6b-af86e2a6b029" />
    <UnitTestResult executionId="70d94be5-8d47-4e56-81bf-156639be60d1" testId="3a9ca3f4-6530-4192-b910-778a279b21e0" testName="BookmarkSearchTime_WithSearchStringInDifferentCases_ReturnCorrectBookmarkWithSearchStringInHeader (SeArChStRiNg,True,False,False,False,SeArChStRiNg,,1)" computerName="DKSR-EFI-04" duration="00:00:00.0053252" startTime="2023-12-22T09:38:01.2890036+01:00" endTime="2023-12-22T09:38:01.2890036+01:00" testType="13cdc9d9-ddb5-4fa4-a97d-d965ccfc6d4b" outcome="Passed" testListId="8c84fa94-04c1-424b-9868-57a2d4851a1d" relativeResultsDirectory="70d94be5-8d47-4e56-81bf-156639be60d1" />
    <UnitTestResult executionId="89d7dc43-2d83-4bb7-ae04-bc712f34c647" testId="47525e4b-96e7-dfdf-5445-9a26f7449bd8" testName="CameraListCleared_ShouldRemoveAnyPendingSearches" computerName="DKSR-EFI-04" duration="00:00:00.0054013" startTime="2023-12-22T09:37:34.8356389+01:00" endTime="2023-12-22T09:37:34.8356389+01:00" testType="13cdc9d9-ddb5-4fa4-a97d-d965ccfc6d4b" outcome="Passed" testListId="8c84fa94-04c1-424b-9868-57a2d4851a1d" relativeResultsDirectory="89d7dc43-2d83-4bb7-ae04-bc712f34c647" />
    <UnitTestResult executionId="0f9b7be2-be8c-4103-a39b-6eebbd3e1067" testId="c15ffa78-e595-57a3-d2fc-5e6f27b46541" testName="CameraMapItem_Delete_Failure_PositionRevertsToGisPoint" computerName="DKSR-EFI-04" duration="00:00:00.0098947" startTime="2023-12-22T09:37:50.9919726+01:00" endTime="2023-12-22T09:37:51.0076066+01:00" testType="13cdc9d9-ddb5-4fa4-a97d-d965ccfc6d4b" outcome="Passed" testListId="8c84fa94-04c1-424b-9868-57a2d4851a1d" relativeResultsDirectory="0f9b7be2-be8c-4103-a39b-6eebbd3e1067" />
    <UnitTestResult executionId="17833629-f52b-49ff-b784-c7e8235110e6" testId="fdf9438a-27a4-c417-e139-bbc64b5e5709" testName="PtzSessionInfoDto_ShouldYieldSameValues_WhenRoundTripConverted" computerName="DKSR-EFI-04" duration="00:00:00.0063208" startTime="2023-12-22T09:36:00.3507540+01:00" endTime="2023-12-22T09:36:00.3507540+01:00" testType="13cdc9d9-ddb5-4fa4-a97d-d965ccfc6d4b" outcome="Passed" testListId="8c84fa94-04c1-424b-9868-57a2d4851a1d" relativeResultsDirectory="17833629-f52b-49ff-b784-c7e8235110e6" />
    <UnitTestResult executionId="6724e528-6a27-4708-8a6b-f6463111dd84" testId="6800db71-c8bd-80f4-55c4-def277b5aa8f" testName="SupportsDoubleClick_ShouldBeTrue_WhenInteractionStateIsNormal" computerName="DKSR-EFI-04" duration="00:00:00.0845922" startTime="2023-12-22T09:36:22.9602473+01:00" endTime="2023-12-22T09:36:23.0539992+01:00" testType="13cdc9d9-ddb5-4fa4-a97d-d965ccfc6d4b" outcome="Passed" testListId="8c84fa94-04c1-424b-9868-57a2d4851a1d" relativeResultsDirectory="6724e528-6a27-4708-8a6b-f6463111dd84" />
    <UnitTestResult executionId="36c3d5c5-36a1-4939-9d77-70602ee6f108" testId="680b5a30-8d08-87c3-1561-38e60980ac40" testName="ConnectSlave_FailToConnectAndAllowingSecureConnection_ShouldReturnFalse" computerName="DKSR-EFI-04" duration="00:00:00.0026226" startTime="2023-12-22T09:36:00.2413782+01:00" endTime="2023-12-22T09:36:00.2570000+01:00" testType="13cdc9d9-ddb5-4fa4-a97d-d965ccfc6d4b" outcome="Passed" testListId="8c84fa94-04c1-424b-9868-57a2d4851a1d" relativeResultsDirectory="36c3d5c5-36a1-4939-9d77-70602ee6f108" />
    <UnitTestResult executionId="928545fa-2c28-4661-84dc-82be595a0e67" testId="c1c2bc59-f0a7-06da-8b9c-e5d38bba111a" testName="SearchResultsActionBarActions_CreateSnapshot_InvokeCommand_SingleSnapshotFailed_CorrectErrorMessageShown" computerName="DKSR-EFI-04" duration="00:00:00.0227467" startTime="2023-12-22T09:37:25.8355875+01:00" endTime="2023-12-22T09:37:25.8668387+01:00" testType="13cdc9d9-ddb5-4fa4-a97d-d965ccfc6d4b" outcome="Passed" testListId="8c84fa94-04c1-424b-9868-57a2d4851a1d" relativeResultsDirectory="928545fa-2c28-4661-84dc-82be595a0e67" />
    <UnitTestResult executionId="05014da0-380e-4333-9d7b-9017b2ea385f" testId="521edd59-e00a-7fda-d2c0-b2558265b67a" testName="TestImplicitOperator_Polygon_Success" computerName="DKSR-EFI-04" duration="00:00:00.0008003" startTime="2023-12-22T09:37:51.5232251+01:00" endTime="2023-12-22T09:37:51.5232251+01:00" testType="13cdc9d9-ddb5-4fa4-a97d-d965ccfc6d4b" outcome="Passed" testListId="8c84fa94-04c1-424b-9868-57a2d4851a1d" relativeResultsDirectory="05014da0-380e-4333-9d7b-9017b2ea385f" />
    <UnitTestResult executionId="67a83992-e9d4-486f-943e-f26467aa6aa0" testId="6bb54fbb-dfac-5d0a-56dc-de94512d7ee7" testName="ToUnsafeName_DifferentSeperator_Success" computerName="DKSR-EFI-04" duration="00:00:00.0001056" startTime="2023-12-22T09:38:06.2889374+01:00" endTime="2023-12-22T09:38:06.2889374+01:00" testType="13cdc9d9-ddb5-4fa4-a97d-d965ccfc6d4b" outcome="Passed" testListId="8c84fa94-04c1-424b-9868-57a2d4851a1d" relativeResultsDirectory="67a83992-e9d4-486f-943e-f26467aa6aa0" />
    <UnitTestResult executionId="eeaa2338-5830-4370-944e-d2c69015fae6" testId="d2a4e8f1-b2e6-68f0-1810-a5d540d2f7a3" testName="CreateDefinition_ValidCategoryAndSortOrderSpecified_SearchStarted" computerName="DKSR-EFI-04" duration="00:00:00.0070775" startTime="2023-12-22T09:37:34.5075044+01:00" endTime="2023-12-22T09:37:34.5075044+01:00" testType="13cdc9d9-ddb5-4fa4-a97d-d965ccfc6d4b" outcome="Passed" testListId="8c84fa94-04c1-424b-9868-57a2d4851a1d" relativeResultsDirectory="eeaa2338-5830-4370-944e-d2c69015fae6" />
    <UnitTestResult executionId="9d7cd534-ecec-4412-8784-1c756eb01edd" testId="b1732416-dfe0-9e87-af0e-b787555e9f9f" testName="SearchResultsActionBarActions_Export_InvokeCommand_Success" computerName="DKSR-EFI-04" duration="00:00:00.0347126" startTime="2023-12-22T09:37:25.3668360+01:00" endTime="2023-12-22T09:37:25.3980808+01:00" testType="13cdc9d9-ddb5-4fa4-a97d-d965ccfc6d4b" outcome="Passed" testListId="8c84fa94-04c1-424b-9868-57a2d4851a1d" relativeResultsDirectory="9d7cd534-ecec-4412-8784-1c756eb01edd" />
    <UnitTestResult executionId="8444614f-fbd9-48e8-b91c-b7cd2bc2f2a8" testId="947e66f8-3edd-6840-266f-9e5f8a6ffe6e" testName="PointMapItem_Load_Output_Success" computerName="DKSR-EFI-04" duration="00:00:00.0590671" startTime="2023-12-22T09:37:53.7732387+01:00" endTime="2023-12-22T09:37:53.8357373+01:00" testType="13cdc9d9-ddb5-4fa4-a97d-d965ccfc6d4b" outcome="Passed" testListId="8c84fa94-04c1-424b-9868-57a2d4851a1d" relativeResultsDirectory="8444614f-fbd9-48e8-b91c-b7cd2bc2f2a8" />
    <UnitTestResult executionId="b381c17d-59d2-43da-bb57-7d233c9c3357" testId="aaab9dde-be84-0ade-c90f-e582e149ad8f" testName="MoveToTop_ShouldMoveMarkerTopmost_WhenClusterMarkerMovedToTopBeforehand" computerName="DKSR-EFI-04" duration="00:00:00.0072196" startTime="2023-12-22T09:36:16.9133406+01:00" endTime="2023-12-22T09:36:16.9289639+01:00" testType="13cdc9d9-ddb5-4fa4-a97d-d965ccfc6d4b" outcome="Passed" testListId="8c84fa94-04c1-424b-9868-57a2d4851a1d" relativeResultsDirectory="b381c17d-59d2-43da-bb57-7d233c9c3357" />
    <UnitTestResult executionId="d570818a-a16e-4ddd-9b93-0619764d6faa" testId="e998f77e-77b2-7e10-d8db-3813eb8031aa" testName="GetClusters_ThreeInitialItems_ClustersForInitialItems (Data Row 12)" computerName="DKSR-EFI-04" duration="00:00:00.0106530" startTime="2023-12-22T09:37:57.3201337+01:00" endTime="2023-12-22T09:37:57.5076341+01:00" testType="13cdc9d9-ddb5-4fa4-a97d-d965ccfc6d4b" outcome="Passed" testListId="8c84fa94-04c1-424b-9868-57a2d4851a1d" relativeResultsDirectory="d570818a-a16e-4ddd-9b93-0619764d6faa" />
    <UnitTestResult executionId="dda8191f-4794-4526-8edd-cd87cf522f24" testId="043e653c-51c1-1e91-2072-c6aa4ad8dfeb" testName="EnsureLayersOrderIsValidBy_AddLayerAt_Success" computerName="DKSR-EFI-04" duration="00:00:00.0454150" startTime="2023-12-22T09:37:52.7419860+01:00" endTime="2023-12-22T09:37:52.7888544+01:00" testType="13cdc9d9-ddb5-4fa4-a97d-d965ccfc6d4b" outcome="Passed" testListId="8c84fa94-04c1-424b-9868-57a2d4851a1d" relativeResultsDirectory="dda8191f-4794-4526-8edd-cd87cf522f24" />
    <UnitTestResult executionId="d1fa4117-7a57-4a7a-99c4-a1e85482e8f3" testId="338ec46a-cbb9-1c81-1283-b774722703ea" testName="AddToExportTuples_ShouldReturnCorrectResult (0,5,0)" computerName="DKSR-EFI-04" duration="00:00:00.0045294" startTime="2023-12-22T09:37:59.9928187+01:00" endTime="2023-12-22T09:37:59.9928187+01:00" testType="13cdc9d9-ddb5-4fa4-a97d-d965ccfc6d4b" outcome="Passed" testListId="8c84fa94-04c1-424b-9868-57a2d4851a1d" relativeResultsDirectory="d1fa4117-7a57-4a7a-99c4-a1e85482e8f3" />
    <UnitTestResult executionId="1c89439c-7018-465a-871c-56306963b8ad" testId="cf366775-ad88-dfab-044d-7fd00fe030bf" testName="AllMappingsIncluded" computerName="DKSR-EFI-04" duration="00:00:00.0145096" startTime="2023-12-22T09:37:48.3982069+01:00" endTime="2023-12-22T09:37:48.4138341+01:00" testType="13cdc9d9-ddb5-4fa4-a97d-d965ccfc6d4b" outcome="Passed" testListId="8c84fa94-04c1-424b-9868-57a2d4851a1d" relativeResultsDirectory="1c89439c-7018-465a-871c-56306963b8ad" />
    <UnitTestResult executionId="264e2f52-0dc0-4fd0-a8e7-e18a44b037f7" testId="8005e8bb-64fd-8f7e-b8b0-c5f3354ecb07" testName="DateToStringConverter_SingleConvertValidInput_Success" computerName="DKSR-EFI-04" duration="00:00:00.0014330" startTime="2023-12-22T09:37:04.0854685+01:00" endTime="2023-12-22T09:37:04.0854685+01:00" testType="13cdc9d9-ddb5-4fa4-a97d-d965ccfc6d4b" outcome="Passed" testListId="8c84fa94-04c1-424b-9868-57a2d4851a1d" relativeResultsDirectory="264e2f52-0dc0-4fd0-a8e7-e18a44b037f7" />
    <UnitTestResult executionId="c891bab1-a22e-4f6f-9a47-5f19f49f96f4" testId="d4db1bde-02f2-af75-8dda-4a9596de1dfd" testName="Compare_SameTriggerTimeDeterministicBehavior_HashCode_Success" computerName="DKSR-EFI-04" duration="00:00:00.0008296" startTime="2023-12-22T09:37:35.3512604+01:00" endTime="2023-12-22T09:37:35.3668866+01:00" testType="13cdc9d9-ddb5-4fa4-a97d-d965ccfc6d4b" outcome="Passed" testListId="8c84fa94-04c1-424b-9868-57a2d4851a1d" relativeResultsDirectory="c891bab1-a22e-4f6f-9a47-5f19f49f96f4" />
    <UnitTestResult executionId="9baf7cd2-fb51-4502-b896-da06455c53c5" testId="a6949d64-370a-8be7-7bab-9ebfeb9ac327" testName="IsBackButtonVisible_MappedToViewModel_Success" computerName="DKSR-EFI-04" duration="00:00:00.0154084" startTime="2023-12-22T09:36:24.2258782+01:00" endTime="2023-12-22T09:36:24.2415055+01:00" testType="13cdc9d9-ddb5-4fa4-a97d-d965ccfc6d4b" outcome="Passed" testListId="8c84fa94-04c1-424b-9868-57a2d4851a1d" relativeResultsDirectory="9baf7cd2-fb51-4502-b896-da06455c53c5" />
    <UnitTestResult executionId="4535780d-9d73-4719-a741-1f6a36391997" testId="6e09ad1b-dc7a-2da6-6085-ead018e4d60b" testName="UpdateRecorderInfoTest" computerName="DKSR-EFI-04" duration="00:00:00.0090879" startTime="2023-12-22T09:36:07.7726675+01:00" endTime="2023-12-22T09:36:07.7882916+01:00" testType="13cdc9d9-ddb5-4fa4-a97d-d965ccfc6d4b" outcome="Passed" testListId="8c84fa94-04c1-424b-9868-57a2d4851a1d" relativeResultsDirectory="4535780d-9d73-4719-a741-1f6a36391997" />
    <UnitTestResult executionId="a1cfe03b-5604-4923-a328-aa22044ff834" testId="c8bbc1da-c94e-b071-1c1c-4c9621410661" testName="BoundingBoxPlaybackNoLiveOrPlaybackHandler" computerName="DKSR-EFI-04" duration="00:00:00.0019301" startTime="2023-12-22T09:38:01.7889143+01:00" endTime="2023-12-22T09:38:01.7889143+01:00" testType="13cdc9d9-ddb5-4fa4-a97d-d965ccfc6d4b" outcome="Passed" testListId="8c84fa94-04c1-424b-9868-57a2d4851a1d" relativeResultsDirectory="a1cfe03b-5604-4923-a328-aa22044ff834" />
    <UnitTestResult executionId="447bc640-d90c-4965-a311-939cc4b71656" testId="2c1f07ec-ce8f-9b5e-788c-417096e2b9e1" testName="SupportsRightClick_ShouldBeFalse_WhenInteractionStateIsNotNormal" computerName="DKSR-EFI-04" duration="00:00:00.0176427" startTime="2023-12-22T09:36:19.4446033+01:00" endTime="2023-12-22T09:36:19.4758540+01:00" testType="13cdc9d9-ddb5-4fa4-a97d-d965ccfc6d4b" outcome="Passed" testListId="8c84fa94-04c1-424b-9868-57a2d4851a1d" relativeResultsDirectory="447bc640-d90c-4965-a311-939cc4b71656" />
    <UnitTestResult executionId="eca647ee-80be-4a0c-9791-57a7aac05800" testId="b13c73e0-3d5f-8cb8-a883-f65f02f74154" testName="TestConstructor_OuterRing_Success" computerName="DKSR-EFI-04" duration="00:00:00.0002311" startTime="2023-12-22T09:37:51.5232251+01:00" endTime="2023-12-22T09:37:51.5232251+01:00" testType="13cdc9d9-ddb5-4fa4-a97d-d965ccfc6d4b" outcome="Passed" testListId="8c84fa94-04c1-424b-9868-57a2d4851a1d" relativeResultsDirectory="eca647ee-80be-4a0c-9791-57a7aac05800" />
    <UnitTestResult executionId="61430f4d-f939-4bfa-9cf5-301a65a5ec30" testId="f144e82e-b1a8-81fa-ae3f-f634d720ce68" testName="ShowAccessControlSystems_ShouldReturnTrue_WhenTwoACSystemsOnlyOneSupportingCardholdersAvailable" computerName="DKSR-EFI-04" duration="00:00:00.0042860" startTime="2023-12-22T09:38:07.8358191+01:00" endTime="2023-12-22T09:38:07.8358191+01:00" testType="13cdc9d9-ddb5-4fa4-a97d-d965ccfc6d4b" outcome="Passed" testListId="8c84fa94-04c1-424b-9868-57a2d4851a1d" relativeResultsDirectory="61430f4d-f939-4bfa-9cf5-301a65a5ec30" />
    <UnitTestResult executionId="ec16c666-0d77-4537-9fef-38828d106b49" testId="bc03d8ec-092f-15f4-b2b5-81687d93c9f8" testName="ToUnsafeName_MultipleSafeNames_Success" computerName="DKSR-EFI-04" duration="00:00:00.0001177" startTime="2023-12-22T09:38:06.2889374+01:00" endTime="2023-12-22T09:38:06.2889374+01:00" testType="13cdc9d9-ddb5-4fa4-a97d-d965ccfc6d4b" outcome="Passed" testListId="8c84fa94-04c1-424b-9868-57a2d4851a1d" relativeResultsDirectory="ec16c666-0d77-4537-9fef-38828d106b49" />
    <UnitTestResult executionId="aeb3db1e-f701-4766-90c5-68b1face0e5e" testId="01b97152-1f28-3a19-acee-e24e8fccadd4" testName="Reactivated_Success" computerName="DKSR-EFI-04" duration="00:00:00.0070466" startTime="2023-12-22T09:36:30.7884145+01:00" endTime="2023-12-22T09:36:30.8040378+01:00" testType="13cdc9d9-ddb5-4fa4-a97d-d965ccfc6d4b" outcome="Passed" testListId="8c84fa94-04c1-424b-9868-57a2d4851a1d" relativeResultsDirectory="aeb3db1e-f701-4766-90c5-68b1face0e5e" />
    <UnitTestResult executionId="9d58a128-469b-461d-bcb2-dc3d9aef8fa1" testId="c453d029-07d1-c3a5-eeb3-4f67d3418e09" testName="ResultCountText_OneResults_Success" computerName="DKSR-EFI-04" duration="00:00:00.0046969" startTime="2023-12-22T09:37:26.2262141+01:00" endTime="2023-12-22T09:37:26.2262141+01:00" testType="13cdc9d9-ddb5-4fa4-a97d-d965ccfc6d4b" outcome="Passed" testListId="8c84fa94-04c1-424b-9868-57a2d4851a1d" relativeResultsDirectory="9d58a128-469b-461d-bcb2-dc3d9aef8fa1" />
    <UnitTestResult executionId="982e327e-564f-46c4-8882-1c748f596778" testId="3f349f22-910e-6467-945d-edabf65aa707" testName="AddSelectedWindowsToExport_ShouldShowCorrectToastMessages (0,5,5)" computerName="DKSR-EFI-04" duration="00:00:00.0054103" startTime="2023-12-22T09:38:00.2264003+01:00" endTime="2023-12-22T09:38:00.2264003+01:00" testType="13cdc9d9-ddb5-4fa4-a97d-d965ccfc6d4b" outcome="Passed" testListId="8c84fa94-04c1-424b-9868-57a2d4851a1d" relativeResultsDirectory="982e327e-564f-46c4-8882-1c748f596778" />
    <UnitTestResult executionId="8023c490-fd44-4712-918b-7a9422cfaf03" testId="92da1333-fabd-2900-5a70-ee9fd98edfc4" testName="DeviceIcons_ShouldNotBeEmpty_WhenCalled" computerName="DKSR-EFI-04" duration="00:00:00.0002183" startTime="2023-12-22T09:37:53.0388576+01:00" endTime="2023-12-22T09:37:53.0388576+01:00" testType="13cdc9d9-ddb5-4fa4-a97d-d965ccfc6d4b" outcome="Passed" testListId="8c84fa94-04c1-424b-9868-57a2d4851a1d" relativeResultsDirectory="8023c490-fd44-4712-918b-7a9422cfaf03" />
    <UnitTestResult executionId="86993a59-5460-44cf-8c4f-93e454616c77" testId="9ef40f5e-38f9-a518-38bf-9ae97100aebe" testName="PatrollingStepListViewModel_DeleteStepCommand" computerName="DKSR-EFI-04" duration="00:00:00.0016518" startTime="2023-12-22T09:37:58.0545152+01:00" endTime="2023-12-22T09:37:58.0545152+01:00" testType="13cdc9d9-ddb5-4fa4-a97d-d965ccfc6d4b" outcome="Passed" testListId="8c84fa94-04c1-424b-9868-57a2d4851a1d" relativeResultsDirectory="86993a59-5460-44cf-8c4f-93e454616c77" />
    <UnitTestResult executionId="dcc79fd6-8740-45d2-8d9c-e0fdd5884451" testId="8afe4c58-19f6-dd1a-c67e-b2b4ee85f2ac" testName="Selected_retention_option_is_cleared_when_not_available" computerName="DKSR-EFI-04" duration="00:00:00.0063391" startTime="2023-12-22T09:38:07.1326871+01:00" endTime="2023-12-22T09:38:07.1326871+01:00" testType="13cdc9d9-ddb5-4fa4-a97d-d965ccfc6d4b" outcome="Passed" testListId="8c84fa94-04c1-424b-9868-57a2d4851a1d" relativeResultsDirectory="dcc79fd6-8740-45d2-8d9c-e0fdd5884451" />
    <UnitTestResult executionId="4be320fc-e011-40aa-a23b-1d2392887ba5" testId="27435069-3b26-ac29-8504-ccee8722f11b" testName="ToDenormalizedDirection_Minus0_5" computerName="DKSR-EFI-04" duration="00:00:00.0000713" startTime="2023-12-22T09:37:49.8513436+01:00" endTime="2023-12-22T09:37:49.8513436+01:00" testType="13cdc9d9-ddb5-4fa4-a97d-d965ccfc6d4b" outcome="Passed" testListId="8c84fa94-04c1-424b-9868-57a2d4851a1d" relativeResultsDirectory="4be320fc-e011-40aa-a23b-1d2392887ba5" />
    <UnitTestResult executionId="86e0d892-ff0f-407b-930d-2bf0af6f5b75" testId="1b7a8e72-6c5b-1b1a-773c-d218457056e9" testName="SmartMapSelectItemHandler_WhenDataIsNotSmartMapSelectItemCommandData_ShouldWriteToLog" computerName="DKSR-EFI-04" duration="00:00:00.0022539" startTime="2023-12-22T09:36:23.6321258+01:00" endTime="2023-12-22T09:36:23.6477520+01:00" testType="13cdc9d9-ddb5-4fa4-a97d-d965ccfc6d4b" outcome="Passed" testListId="8c84fa94-04c1-424b-9868-57a2d4851a1d" relativeResultsDirectory="86e0d892-ff0f-407b-930d-2bf0af6f5b75" />
    <UnitTestResult executionId="fefbe066-37ae-4c76-a2da-6cf1df4fcd83" testId="fe59fd9d-eb33-67df-fe2b-87a233e68931" testName="PatrollingProfileListViewModel_Constructor_ArgumentNull" computerName="DKSR-EFI-04" duration="00:00:00.0002033" startTime="2023-12-22T09:37:57.8670198+01:00" endTime="2023-12-22T09:37:57.8670198+01:00" testType="13cdc9d9-ddb5-4fa4-a97d-d965ccfc6d4b" outcome="Passed" testListId="8c84fa94-04c1-424b-9868-57a2d4851a1d" relativeResultsDirectory="fefbe066-37ae-4c76-a2da-6cf1df4fcd83" />
    <UnitTestResult executionId="c022c21f-3c76-4fa4-b0ec-436ed7ebac4c" testId="bbef5494-4e92-f5fc-3633-d07397508d79" testName="DeviceIcons_ShouldBeCached_WhenCalled" computerName="DKSR-EFI-04" duration="00:00:00.0001551" startTime="2023-12-22T09:37:53.0544885+01:00" endTime="2023-12-22T09:37:53.0544885+01:00" testType="13cdc9d9-ddb5-4fa4-a97d-d965ccfc6d4b" outcome="Passed" testListId="8c84fa94-04c1-424b-9868-57a2d4851a1d" relativeResultsDirectory="c022c21f-3c76-4fa4-b0ec-436ed7ebac4c" />
    <UnitTestResult executionId="05e3f27d-7d61-4980-9fe2-1ce14d047526" testId="72ff64d9-b16e-e940-9856-804e7e3a62f9" testName="GetIsOpenStreetMapValid_ShouldReturnFalse_WhenGeographicLayerIsUnavailableAndAlternativeServerHasInvalidUrl" computerName="DKSR-EFI-04" duration="00:00:00.0007520" startTime="2023-12-22T09:37:55.8670005+01:00" endTime="2023-12-22T09:37:55.8670005+01:00" testType="13cdc9d9-ddb5-4fa4-a97d-d965ccfc6d4b" outcome="Passed" testListId="8c84fa94-04c1-424b-9868-57a2d4851a1d" relativeResultsDirectory="05e3f27d-7d61-4980-9fe2-1ce14d047526" />
    <UnitTestResult executionId="01429b5d-fe36-47eb-af6a-6820e6b1ee8f" testId="caaa1ff0-9d50-8a88-cc0f-12986835057f" testName="GetLayerVisibilityItemsData_ShouldAddDeviceFixedLayerInOrder_WhenMultipleLayersAreProvided" computerName="DKSR-EFI-04" duration="00:00:00.0156694" startTime="2023-12-22T09:36:14.7258285+01:00" endTime="2023-12-22T09:36:14.7414552+01:00" testType="13cdc9d9-ddb5-4fa4-a97d-d965ccfc6d4b" outcome="Passed" testListId="8c84fa94-04c1-424b-9868-57a2d4851a1d" relativeResultsDirectory="01429b5d-fe36-47eb-af6a-6820e6b1ee8f" />
    <UnitTestResult executionId="4f721e15-11a6-484d-b0cd-3105f2dd0d35" testId="3d9fd783-1e00-5310-17a4-99bc84d5613e" testName="AddSelectedWindowsToExport_ShouldShowCorrectToastMessages (0,5,0)" computerName="DKSR-EFI-04" duration="00:00:00.0063028" startTime="2023-12-22T09:38:00.2107825+01:00" endTime="2023-12-22T09:38:00.2107825+01:00" testType="13cdc9d9-ddb5-4fa4-a97d-d965ccfc6d4b" outcome="Passed" testListId="8c84fa94-04c1-424b-9868-57a2d4851a1d" relativeResultsDirectory="4f721e15-11a6-484d-b0cd-3105f2dd0d35" />
    <UnitTestResult executionId="1c7ae835-71d9-4313-b91c-7c5e1cd841ca" testId="d3a599a4-935b-da5b-b016-03413c57fddc" testName="CameraMapItem_Delete_Success" computerName="DKSR-EFI-04" duration="00:00:00.0103752" startTime="2023-12-22T09:37:50.9919726+01:00" endTime="2023-12-22T09:37:50.9919726+01:00" testType="13cdc9d9-ddb5-4fa4-a97d-d965ccfc6d4b" outcome="Passed" testListId="8c84fa94-04c1-424b-9868-57a2d4851a1d" relativeResultsDirectory="1c7ae835-71d9-4313-b91c-7c5e1cd841ca" />
    <UnitTestResult executionId="de439ef0-a8e2-4db9-b4dd-9cdb7a3f8ac4" testId="f524f1c4-1318-ce7b-3939-10f70b1c9bd9" testName="GisPointToIndexGridPosition_SouthPole_Success" computerName="DKSR-EFI-04" duration="00:00:00.0001900" startTime="2023-12-22T09:37:57.2732604+01:00" endTime="2023-12-22T09:37:57.2732604+01:00" testType="13cdc9d9-ddb5-4fa4-a97d-d965ccfc6d4b" outcome="Passed" testListId="8c84fa94-04c1-424b-9868-57a2d4851a1d" relativeResultsDirectory="de439ef0-a8e2-4db9-b4dd-9cdb7a3f8ac4" />
    <UnitTestResult executionId="511fac5d-c94b-407f-81ed-ea50bbb8c1af" testId="3377fc03-ebfb-5203-3a6a-1a517b97bfcd" testName="Map_Layers_AddRangeDirectly_Fail" computerName="DKSR-EFI-04" duration="00:00:00.0068283" startTime="2023-12-22T09:37:52.6013642+01:00" endTime="2023-12-22T09:37:52.6013642+01:00" testType="13cdc9d9-ddb5-4fa4-a97d-d965ccfc6d4b" outcome="Passed" testListId="8c84fa94-04c1-424b-9868-57a2d4851a1d" relativeResultsDirectory="511fac5d-c94b-407f-81ed-ea50bbb8c1af" />
    <UnitTestResult executionId="6d8a43b3-dccf-4a2b-b1da-580fce5c74e3" testId="5ea77848-9cab-6829-7cc9-030d32485ccd" testName="TryGetOsmServerTileAddress_ShouldReturnFalse_WhenOsmServerAddressIsEmpty" computerName="DKSR-EFI-04" duration="00:00:00.0001639" startTime="2023-12-22T09:37:55.8982514+01:00" endTime="2023-12-22T09:37:55.8982514+01:00" testType="13cdc9d9-ddb5-4fa4-a97d-d965ccfc6d4b" outcome="Passed" testListId="8c84fa94-04c1-424b-9868-57a2d4851a1d" relativeResultsDirectory="6d8a43b3-dccf-4a2b-b1da-580fce5c74e3" />
    <UnitTestResult executionId="8870dbdb-efa2-4d20-95b4-ae61a92f423a" testId="f7204c3a-a2f1-1bb5-2fa5-0b71c4b947a5" testName="Default, not forced" computerName="DKSR-EFI-04" duration="00:00:00.0086142" startTime="2023-12-22T09:36:28.6165263+01:00" endTime="2023-12-22T09:36:28.6321516+01:00" testType="13cdc9d9-ddb5-4fa4-a97d-d965ccfc6d4b" outcome="Passed" testListId="8c84fa94-04c1-424b-9868-57a2d4851a1d" relativeResultsDirectory="8870dbdb-efa2-4d20-95b4-ae61a92f423a" />
    <UnitTestResult executionId="b93ffa4a-0e90-41ac-8640-d6d6c87de117" testId="fe22a4f5-f49f-f59f-57fa-2e035d1a94ac" testName="IsVisible_ZeroSelectedResults_ReturnsFalse" computerName="DKSR-EFI-04" duration="00:00:00.0390773" startTime="2023-12-22T09:37:24.8512041+01:00" endTime="2023-12-22T09:37:24.8824539+01:00" testType="13cdc9d9-ddb5-4fa4-a97d-d965ccfc6d4b" outcome="Passed" testListId="8c84fa94-04c1-424b-9868-57a2d4851a1d" relativeResultsDirectory="b93ffa4a-0e90-41ac-8640-d6d6c87de117" />
    <UnitTestResult executionId="5a433658-f829-441e-99d1-8768ea1b14a1" testId="ebcc233a-fd3e-8478-fead-9ccf15ebc250" testName="IsDisabled_ShouldBeTrue_WhenIsDetachedControllerManager" computerName="DKSR-EFI-04" duration="00:00:00.0171657" startTime="2023-12-22T09:37:54.6482498+01:00" endTime="2023-12-22T09:37:54.6638759+01:00" testType="13cdc9d9-ddb5-4fa4-a97d-d965ccfc6d4b" outcome="Passed" testListId="8c84fa94-04c1-424b-9868-57a2d4851a1d" relativeResultsDirectory="5a433658-f829-441e-99d1-8768ea1b14a1" />
    <UnitTestResult executionId="4ed451e5-94f2-4bc2-ad5e-40f28204261d" testId="64807985-c509-c615-5e46-3ee5e8e0197e" testName="Result_Updates_Correctly" computerName="DKSR-EFI-04" duration="00:00:00.1391167" startTime="2023-12-22T09:38:06.6951852+01:00" endTime="2023-12-22T09:38:06.8358165+01:00" testType="13cdc9d9-ddb5-4fa4-a97d-d965ccfc6d4b" outcome="Passed" testListId="8c84fa94-04c1-424b-9868-57a2d4851a1d" relativeResultsDirectory="4ed451e5-94f2-4bc2-ad5e-40f28204261d" />
    <UnitTestResult executionId="0d4dcb8b-d6f7-40e6-9712-13a88dd07ca6" testId="8f19814e-6231-9ee7-d114-fdf6c35f1f79" testName="CreateExportDialog_CannotSelectExportToOptics_WithoutPrerequisitesSatisfied" computerName="DKSR-EFI-04" duration="00:00:00.0085717" startTime="2023-12-22T09:36:28.4290248+01:00" endTime="2023-12-22T09:36:28.4290248+01:00" testType="13cdc9d9-ddb5-4fa4-a97d-d965ccfc6d4b" outcome="Passed" testListId="8c84fa94-04c1-424b-9868-57a2d4851a1d" relativeResultsDirectory="0d4dcb8b-d6f7-40e6-9712-13a88dd07ca6" />
    <UnitTestResult executionId="6b922ebe-7c7f-4276-8b3b-d2e823869d83" testId="fe6f2295-84a6-bdea-0225-d326e31ab62b" testName="CallingAction_Activates_WorkSpaceToolbarPluginInstance_WhenToolbarPluginTypeIsAction" computerName="DKSR-EFI-04" duration="00:00:00.0015350" startTime="2023-12-22T09:38:00.4607808+01:00" endTime="2023-12-22T09:38:00.4607808+01:00" testType="13cdc9d9-ddb5-4fa4-a97d-d965ccfc6d4b" outcome="Passed" testListId="8c84fa94-04c1-424b-9868-57a2d4851a1d" relativeResultsDirectory="6b922ebe-7c7f-4276-8b3b-d2e823869d83" />
    <UnitTestResult executionId="b4f2871f-4d40-4a19-8560-bddad455dd56" testId="d9cf4840-605e-c89a-3f41-61314ef11e52" testName="GetServerTypes_ShouldReturnManagementServerType" computerName="DKSR-EFI-04" duration="00:00:00.0004090" startTime="2023-12-22T09:38:01.9920310+01:00" endTime="2023-12-22T09:38:01.9920310+01:00" testType="13cdc9d9-ddb5-4fa4-a97d-d965ccfc6d4b" outcome="Passed" testListId="8c84fa94-04c1-424b-9868-57a2d4851a1d" relativeResultsDirectory="b4f2871f-4d40-4a19-8560-bddad455dd56" />
    <UnitTestResult executionId="11c7a2c9-8a89-4450-98aa-8ff210f59fe6" testId="e3eaed0d-86bd-8f89-51b2-10bb869eeb76" testName="RetrievalTestStop" computerName="DKSR-EFI-04" duration="00:00:00.0238941" startTime="2023-12-22T09:37:59.7107721+01:00" endTime="2023-12-22T09:37:59.7420283+01:00" testType="13cdc9d9-ddb5-4fa4-a97d-d965ccfc6d4b" outcome="Passed" testListId="8c84fa94-04c1-424b-9868-57a2d4851a1d" relativeResultsDirectory="11c7a2c9-8a89-4450-98aa-8ff210f59fe6" />
    <UnitTestResult executionId="130abec4-82d3-428c-96d2-89faf857318f" testId="8f6cd5c2-e849-6c20-9267-83c3d531958e" testName="Compare_NotNullVsNullDescending_GreaterThan" computerName="DKSR-EFI-04" duration="00:00:00.0001628" startTime="2023-12-22T09:37:35.3512604+01:00" endTime="2023-12-22T09:37:35.3512604+01:00" testType="13cdc9d9-ddb5-4fa4-a97d-d965ccfc6d4b" outcome="Passed" testListId="8c84fa94-04c1-424b-9868-57a2d4851a1d" relativeResultsDirectory="130abec4-82d3-428c-96d2-89faf857318f" />
    <UnitTestResult executionId="31a7b873-ae39-4202-8508-6b34ab875701" testId="bf3342cd-aa37-ec7a-aed8-02a15815d43f" testName="TestGetAllTasks" computerName="DKSR-EFI-04" duration="00:00:00.0112577" startTime="2023-12-22T09:37:59.6639005+01:00" endTime="2023-12-22T09:37:59.6795266+01:00" testType="13cdc9d9-ddb5-4fa4-a97d-d965ccfc6d4b" outcome="Passed" testListId="8c84fa94-04c1-424b-9868-57a2d4851a1d" relativeResultsDirectory="31a7b873-ae39-4202-8508-6b34ab875701" />
    <UnitTestResult executionId="2cfe012b-4328-46f1-a67a-a6331154014c" testId="076479ee-f448-9ceb-4230-0072b1a0e768" testName="SortLayersByOrderAndTypes_Success" computerName="DKSR-EFI-04" duration="00:00:00.0140816" startTime="2023-12-22T09:37:52.9138598+01:00" endTime="2023-12-22T09:37:52.9294859+01:00" testType="13cdc9d9-ddb5-4fa4-a97d-d965ccfc6d4b" outcome="Passed" testListId="8c84fa94-04c1-424b-9868-57a2d4851a1d" relativeResultsDirectory="2cfe012b-4328-46f1-a67a-a6331154014c" />
    <UnitTestResult executionId="bbb7f2bb-1b9a-4f6c-ab4b-93b806f06124" testId="54a7733a-514e-04cf-6d1f-91eeef43fa83" testName="PtzSessionControllerInfo_TimeChangedTest_Argument_Null_2" computerName="DKSR-EFI-04" duration="00:00:00.0007272" startTime="2023-12-22T09:36:07.2570389+01:00" endTime="2023-12-22T09:36:07.2570389+01:00" testType="13cdc9d9-ddb5-4fa4-a97d-d965ccfc6d4b" outcome="Passed" testListId="8c84fa94-04c1-424b-9868-57a2d4851a1d" relativeResultsDirectory="bbb7f2bb-1b9a-4f6c-ab4b-93b806f06124" />
    <UnitTestResult executionId="5627efb7-9e94-4f07-8f31-685e96f87e39" testId="efaca709-8a13-6b06-ae96-68d58720423e" testName="DrawCore_ShouldRemoveAllTransientMarkers_WhenNoTransientItemsToDisplay" computerName="DKSR-EFI-04" duration="00:00:00.0253589" startTime="2023-12-22T09:36:17.4289671+01:00" endTime="2023-12-22T09:36:17.4602199+01:00" testType="13cdc9d9-ddb5-4fa4-a97d-d965ccfc6d4b" outcome="Passed" testListId="8c84fa94-04c1-424b-9868-57a2d4851a1d" relativeResultsDirectory="5627efb7-9e94-4f07-8f31-685e96f87e39" />
    <UnitTestResult executionId="62bc0c37-1b6c-48b4-9a7f-3015363d66a3" testId="12b1647d-efe3-c366-079d-2236800d0935" testName="SearchResultsActionBarActions_Export_OptionAvailable_Enabled" computerName="DKSR-EFI-04" duration="00:00:00.0088994" startTime="2023-12-22T09:37:25.3043352+01:00" endTime="2023-12-22T09:37:25.3043352+01:00" testType="13cdc9d9-ddb5-4fa4-a97d-d965ccfc6d4b" outcome="Passed" testListId="8c84fa94-04c1-424b-9868-57a2d4851a1d" relativeResultsDirectory="62bc0c37-1b6c-48b4-9a7f-3015363d66a3" />
    <UnitTestResult executionId="b8c777f4-8e86-4ba1-beeb-be2b3b7be879" testId="bf9b3a45-d909-447b-010d-271720cc6b13" testName="CreateReportCommand_InvalidPath_ErrorDialogShown" computerName="DKSR-EFI-04" duration="00:00:00.0091252" startTime="2023-12-22T09:37:24.6637105+01:00" endTime="2023-12-22T09:37:24.6793328+01:00" testType="13cdc9d9-ddb5-4fa4-a97d-d965ccfc6d4b" outcome="Passed" testListId="8c84fa94-04c1-424b-9868-57a2d4851a1d" relativeResultsDirectory="b8c777f4-8e86-4ba1-beeb-be2b3b7be879" />
    <UnitTestResult executionId="b7fe18c8-e7a1-4b83-8761-09a22ec929ea" testId="284b6dde-d469-e7b6-918d-53acf8f9cd77" testName="IconResourceKey_ShouldBeValid_WhenInteractionStateIsAddOutput" computerName="DKSR-EFI-04" duration="00:00:00.0002863" startTime="2023-12-22T09:36:14.9445795+01:00" endTime="2023-12-22T09:36:14.9445795+01:00" testType="13cdc9d9-ddb5-4fa4-a97d-d965ccfc6d4b" outcome="Passed" testListId="8c84fa94-04c1-424b-9868-57a2d4851a1d" relativeResultsDirectory="b7fe18c8-e7a1-4b83-8761-09a22ec929ea" />
    <UnitTestResult executionId="0c39b2d9-947c-47b2-b3c2-f48858ae68a8" testId="283d69c9-21df-936a-0efc-b10765e9b17c" testName="ValidateExportName_ShouldReturnFailResult_InvalidCharactersInExportName (1213/)" computerName="DKSR-EFI-04" duration="00:00:00.0044543" startTime="2023-12-22T09:36:29.6634065+01:00" endTime="2023-12-22T09:36:29.6790315+01:00" testType="13cdc9d9-ddb5-4fa4-a97d-d965ccfc6d4b" outcome="Passed" testListId="8c84fa94-04c1-424b-9868-57a2d4851a1d" relativeResultsDirectory="0c39b2d9-947c-47b2-b3c2-f48858ae68a8" />
    <UnitTestResult executionId="e13a0498-5221-4fb3-9eb5-dda1415e1bae" testId="48d0aa96-83b2-ad6d-f963-8245525eabe9" testName="DateToStringConverter_SingleConvertInvalidInput_UnsetValue" computerName="DKSR-EFI-04" duration="00:00:00.0258591" startTime="2023-12-22T09:37:04.0542183+01:00" endTime="2023-12-22T09:37:04.0854685+01:00" testType="13cdc9d9-ddb5-4fa4-a97d-d965ccfc6d4b" outcome="Passed" testListId="8c84fa94-04c1-424b-9868-57a2d4851a1d" relativeResultsDirectory="e13a0498-5221-4fb3-9eb5-dda1415e1bae" />
    <UnitTestResult executionId="68237753-4d26-40ef-9398-e00e782a37d3" testId="f50ada7c-d947-8c69-ca9d-bb57a8cda16a" testName="OnSizeChanged_PluginButtonsPresentInActionBar_PluginButtonsMovedToOverflowMenu" computerName="DKSR-EFI-04" duration="00:00:00.0576777" startTime="2023-12-22T09:36:33.6165541+01:00" endTime="2023-12-22T09:36:33.6634296+01:00" testType="13cdc9d9-ddb5-4fa4-a97d-d965ccfc6d4b" outcome="Passed" testListId="8c84fa94-04c1-424b-9868-57a2d4851a1d" relativeResultsDirectory="68237753-4d26-40ef-9398-e00e782a37d3" />
    <UnitTestResult executionId="1743be64-9598-4ca8-bc01-e5bb4a521774" testId="575a32bf-8dea-b537-a592-8290f971bf09" testName="LoadSearchTemplate_ActiveToNewActive_UpdateAndEvent" computerName="DKSR-EFI-04" duration="00:00:00.0006972" startTime="2023-12-22T09:37:33.7887614+01:00" endTime="2023-12-22T09:37:33.7887614+01:00" testType="13cdc9d9-ddb5-4fa4-a97d-d965ccfc6d4b" outcome="Passed" testListId="8c84fa94-04c1-424b-9868-57a2d4851a1d" relativeResultsDirectory="1743be64-9598-4ca8-bc01-e5bb4a521774" />
    <UnitTestResult executionId="0f429df7-4f12-4dec-90e0-c839320ba3f5" testId="6816708f-fdf2-3222-9491-91819f8c817b" testName="GetMapLayerArguments_ShouldReturnIGisMapModelAndAlarmsObservables_WhenCalled" computerName="DKSR-EFI-04" duration="00:00:00.0004933" startTime="2023-12-22T09:37:53.0076077+01:00" endTime="2023-12-22T09:37:53.0076077+01:00" testType="13cdc9d9-ddb5-4fa4-a97d-d965ccfc6d4b" outcome="Passed" testListId="8c84fa94-04c1-424b-9868-57a2d4851a1d" relativeResultsDirectory="0f429df7-4f12-4dec-90e0-c839320ba3f5" />
    <UnitTestResult executionId="a5d8df3e-31d3-4547-9187-4009a94b97d1" testId="6f750899-6999-d05b-77b7-f266affebcca" testName="Deserialize_FilterMissing_Error" computerName="DKSR-EFI-04" duration="00:00:00.0016453" startTime="2023-12-22T09:37:35.4293939+01:00" endTime="2023-12-22T09:37:35.4293939+01:00" testType="13cdc9d9-ddb5-4fa4-a97d-d965ccfc6d4b" outcome="Passed" testListId="8c84fa94-04c1-424b-9868-57a2d4851a1d" relativeResultsDirectory="a5d8df3e-31d3-4547-9187-4009a94b97d1" />
    <UnitTestResult executionId="8b2244b1-d48a-484b-b7b1-5a716437caaa" testId="8911612a-a11f-ae1d-ffaf-716d141c41ca" testName="OutputMapItem_Delete_Success" computerName="DKSR-EFI-04" duration="00:00:00.0182076" startTime="2023-12-22T09:37:53.9138669+01:00" endTime="2023-12-22T09:37:53.9294913+01:00" testType="13cdc9d9-ddb5-4fa4-a97d-d965ccfc6d4b" outcome="Passed" testListId="8c84fa94-04c1-424b-9868-57a2d4851a1d" relativeResultsDirectory="8b2244b1-d48a-484b-b7b1-5a716437caaa" />
    <UnitTestResult executionId="a4012e0f-8f65-465e-94bb-fcd39d6ff367" testId="406cee59-f4cd-7984-c0a3-27cb754058dc" testName="ClipLength_ValueCorrect" computerName="DKSR-EFI-04" duration="00:00:00.0200379" startTime="2023-12-22T09:37:48.6638373+01:00" endTime="2023-12-22T09:37:48.6794675+01:00" testType="13cdc9d9-ddb5-4fa4-a97d-d965ccfc6d4b" outcome="Passed" testListId="8c84fa94-04c1-424b-9868-57a2d4851a1d" relativeResultsDirectory="a4012e0f-8f65-465e-94bb-fcd39d6ff367" />
    <UnitTestResult executionId="6053966d-3ad3-49e1-94aa-eaa549e5865a" testId="9029e935-145d-d5fd-fae9-96c860349038" testName="GetClusters_AddedItems_ClustersForAddedItems (Data Row 17)" computerName="DKSR-EFI-04" duration="00:00:00.0132550" startTime="2023-12-22T09:37:57.5232605+01:00" endTime="2023-12-22T09:37:57.7107610+01:00" testType="13cdc9d9-ddb5-4fa4-a97d-d965ccfc6d4b" outcome="Passed" testListId="8c84fa94-04c1-424b-9868-57a2d4851a1d" relativeResultsDirectory="6053966d-3ad3-49e1-94aa-eaa549e5865a" />
    <UnitTestResult executionId="11e609fd-4e96-461d-848d-89a7239820c7" testId="cb533a58-4a71-8bf8-23d3-b894ae78ba25" testName="SidePanelToggleButtonIsVisible_DependingOnConditions (Normal,True,False,True)" computerName="DKSR-EFI-04" duration="00:00:00.0186434" startTime="2023-12-22T09:37:59.1326413+01:00" endTime="2023-12-22T09:37:59.1482677+01:00" testType="13cdc9d9-ddb5-4fa4-a97d-d965ccfc6d4b" outcome="Passed" testListId="8c84fa94-04c1-424b-9868-57a2d4851a1d" relativeResultsDirectory="11e609fd-4e96-461d-848d-89a7239820c7" />
    <UnitTestResult executionId="ff1926dd-1818-4194-9bbd-df60bedfe766" testId="f5719a53-45a7-6c3f-5ed7-93d8143fc0a6" testName="GetOsmServerAddress_ShouldReturnAlternativeServerValue_WhenGeographicLayerIsAvailableAndAlternativeServerIsNotEmpty" computerName="DKSR-EFI-04" duration="00:00:00.0008670" startTime="2023-12-22T09:37:55.8826248+01:00" endTime="2023-12-22T09:37:55.8826248+01:00" testType="13cdc9d9-ddb5-4fa4-a97d-d965ccfc6d4b" outcome="Passed" testListId="8c84fa94-04c1-424b-9868-57a2d4851a1d" relativeResultsDirectory="ff1926dd-1818-4194-9bbd-df60bedfe766" />
    <UnitTestResult executionId="27758c67-04d7-4921-9110-3b508905ba8b" testId="3d6545fc-4bd4-f8dd-090b-7fa4464a971d" testName="Constructor_ShouldRaiseArgumentNullException_WhenGisMapViewModelIsNull" computerName="DKSR-EFI-04" duration="00:00:00.0135032" startTime="2023-12-22T09:36:12.7726938+01:00" endTime="2023-12-22T09:36:12.7883181+01:00" testType="13cdc9d9-ddb5-4fa4-a97d-d965ccfc6d4b" outcome="Passed" testListId="8c84fa94-04c1-424b-9868-57a2d4851a1d" relativeResultsDirectory="27758c67-04d7-4921-9110-3b508905ba8b" />
    <UnitTestResult executionId="e30433bb-adf2-4317-86fc-bb163b0c8be9" testId="daa7dc49-f207-f73b-e691-533a5b8c5990" testName="ZoomIn_MapSet_MapZoomInInvoked" computerName="DKSR-EFI-04" duration="00:00:00.0078476" startTime="2023-12-22T09:36:16.3195854+01:00" endTime="2023-12-22T09:36:16.3352132+01:00" testType="13cdc9d9-ddb5-4fa4-a97d-d965ccfc6d4b" outcome="Passed" testListId="8c84fa94-04c1-424b-9868-57a2d4851a1d" relativeResultsDirectory="e30433bb-adf2-4317-86fc-bb163b0c8be9" />
    <UnitTestResult executionId="05e47ce1-2f9f-4dcf-a5e4-b97039f688d7" testId="a316d943-455b-a96d-fb1b-0c24977fe437" testName="Create_Retention_Time_Cannot_Be_Before_1900_Test_Rollback_After_Valid_Value" computerName="DKSR-EFI-04" duration="00:00:00.0023498" startTime="2023-12-22T09:38:07.1483154+01:00" endTime="2023-12-22T09:38:07.1483154+01:00" testType="13cdc9d9-ddb5-4fa4-a97d-d965ccfc6d4b" outcome="Passed" testListId="8c84fa94-04c1-424b-9868-57a2d4851a1d" relativeResultsDirectory="05e47ce1-2f9f-4dcf-a5e4-b97039f688d7" />
    <UnitTestResult executionId="4474a550-8528-4ce1-a98a-14ff0b16d46f" testId="7f983a5e-5f3c-ed76-0115-273409a0ed19" testName="SupportsRightClick_ShouldBeTrue_WhenInteractionStateIsNormal" computerName="DKSR-EFI-04" duration="00:00:00.0393693" startTime="2023-12-22T09:36:20.2258575+01:00" endTime="2023-12-22T09:36:20.2727352+01:00" testType="13cdc9d9-ddb5-4fa4-a97d-d965ccfc6d4b" outcome="Passed" testListId="8c84fa94-04c1-424b-9868-57a2d4851a1d" relativeResultsDirectory="4474a550-8528-4ce1-a98a-14ff0b16d46f" />
    <UnitTestResult executionId="7c81c70a-38ae-423f-8c2f-e3a2dc1c9fb5" testId="7cda1263-ac69-512e-7ac9-aa77b99959cd" testName="GetResultGroups_ShouldReturnOnlyCombinedGroup_WhenAllResultsAreCombined" computerName="DKSR-EFI-04" duration="00:00:00.0047195" startTime="2023-12-22T09:37:25.9449620+01:00" endTime="2023-12-22T09:37:25.9605897+01:00" testType="13cdc9d9-ddb5-4fa4-a97d-d965ccfc6d4b" outcome="Passed" testListId="8c84fa94-04c1-424b-9868-57a2d4851a1d" relativeResultsDirectory="7c81c70a-38ae-423f-8c2f-e3a2dc1c9fb5" />
    <UnitTestResult executionId="3d1f3cb5-c42f-4647-958e-4a521ba400f7" testId="37f14c37-5c5d-2aca-7f78-44d1e6498fe0" testName="SetIncludePartialResults_ShouldFireEvent_WhenNewValueApplied" computerName="DKSR-EFI-04" duration="00:00:00.0012185" startTime="2023-12-22T09:37:35.1325152+01:00" endTime="2023-12-22T09:37:35.1325152+01:00" testType="13cdc9d9-ddb5-4fa4-a97d-d965ccfc6d4b" outcome="Passed" testListId="8c84fa94-04c1-424b-9868-57a2d4851a1d" relativeResultsDirectory="3d1f3cb5-c42f-4647-958e-4a521ba400f7" />
    <UnitTestResult executionId="d9e057b0-b6ec-490c-be10-a4032f7ca1dc" testId="0ea16923-06ad-6887-3f6e-aa5fa78ff65a" testName="GetOsmServerAddress_ShouldRaiseArgumentNullException_WhenOptionManagerIsNull" computerName="DKSR-EFI-04" duration="00:00:00.0007183" startTime="2023-12-22T09:37:55.8826248+01:00" endTime="2023-12-22T09:37:55.8826248+01:00" testType="13cdc9d9-ddb5-4fa4-a97d-d965ccfc6d4b" outcome="Passed" testListId="8c84fa94-04c1-424b-9868-57a2d4851a1d" relativeResultsDirectory="d9e057b0-b6ec-490c-be10-a4032f7ca1dc" />
    <UnitTestResult executionId="2ea02e64-8331-494e-a80e-d5b95c98ab1b" testId="45464de9-2088-da3a-85ed-a8a4fecb083d" testName="Ctor_ShouldThrowException_WhenCredentialsAreNull" computerName="DKSR-EFI-04" duration="00:00:00.0013222" startTime="2023-12-22T09:36:07.6007914+01:00" endTime="2023-12-22T09:36:07.6007914+01:00" testType="13cdc9d9-ddb5-4fa4-a97d-d965ccfc6d4b" outcome="Passed" testListId="8c84fa94-04c1-424b-9868-57a2d4851a1d" relativeResultsDirectory="2ea02e64-8331-494e-a80e-d5b95c98ab1b" />
    <UnitTestResult executionId="cd901361-ce6d-49f0-8ce8-98912046bfc1" testId="04187fa0-5851-9668-dfce-6611bb5be8f1" testName="DeactivatedOutputIconsId_ShouldReturnDeactivatedIconsInAProperOrder_WhenCalled" computerName="DKSR-EFI-04" duration="00:00:00.0004276" startTime="2023-12-22T09:37:53.1013600+01:00" endTime="2023-12-22T09:37:53.1013600+01:00" testType="13cdc9d9-ddb5-4fa4-a97d-d965ccfc6d4b" outcome="Passed" testListId="8c84fa94-04c1-424b-9868-57a2d4851a1d" relativeResultsDirectory="cd901361-ce6d-49f0-8ce8-98912046bfc1" />
    <UnitTestResult executionId="64a961a0-cf51-4e9c-9ec3-a61c2b3df02b" testId="faf9bd45-1e34-2d61-de4a-11b39437c102" testName="SearchTemplatesEnabled_SaveSearchesServerOptionIsFalse_ReturnsFalse" computerName="DKSR-EFI-04" duration="00:00:00.0178446" startTime="2023-12-22T09:37:28.3824735+01:00" endTime="2023-12-22T09:37:28.3981018+01:00" testType="13cdc9d9-ddb5-4fa4-a97d-d965ccfc6d4b" outcome="Passed" testListId="8c84fa94-04c1-424b-9868-57a2d4851a1d" relativeResultsDirectory="64a961a0-cf51-4e9c-9ec3-a61c2b3df02b" />
    <UnitTestResult executionId="eff92666-7591-47c9-972d-f4a35307d7e9" testId="21a232b1-83c0-dfe7-7779-e914867076f2" testName="GetSearchTemplateAsync_ThrowException_Success" computerName="DKSR-EFI-04" duration="00:00:00.0038414" startTime="2023-12-22T09:37:34.1637597+01:00" endTime="2023-12-22T09:37:34.1637597+01:00" testType="13cdc9d9-ddb5-4fa4-a97d-d965ccfc6d4b" outcome="Passed" testListId="8c84fa94-04c1-424b-9868-57a2d4851a1d" relativeResultsDirectory="eff92666-7591-47c9-972d-f4a35307d7e9" />
    <UnitTestResult executionId="8d15ccff-bd65-4872-9d87-f4ae1642d5f0" testId="e5d0a93d-5262-e4d0-5f45-ee6b0db6945d" testName="Dispose_ShouldReleaseResources_WhenCalled" computerName="DKSR-EFI-04" duration="00:00:00.0420451" startTime="2023-12-22T09:36:12.8039450+01:00" endTime="2023-12-22T09:36:12.8508199+01:00" testType="13cdc9d9-ddb5-4fa4-a97d-d965ccfc6d4b" outcome="Passed" testListId="8c84fa94-04c1-424b-9868-57a2d4851a1d" relativeResultsDirectory="8d15ccff-bd65-4872-9d87-f4ae1642d5f0" />
    <UnitTestResult executionId="410f0280-8ee0-4358-ba7f-cacd3cd0c3a7" testId="ac028d00-9e94-7167-70c4-eff006ef19bc" testName="Command_WithNullResults_PluginInstanceActivatedCalled" computerName="DKSR-EFI-04" duration="00:00:00.0036281" startTime="2023-12-22T09:37:26.1482245+01:00" endTime="2023-12-22T09:37:26.1482245+01:00" testType="13cdc9d9-ddb5-4fa4-a97d-d965ccfc6d4b" outcome="Passed" testListId="8c84fa94-04c1-424b-9868-57a2d4851a1d" relativeResultsDirectory="410f0280-8ee0-4358-ba7f-cacd3cd0c3a7" />
    <UnitTestResult executionId="2cdb9bb4-f803-44b7-a03f-b9c6e031e89a" testId="b0092946-2776-e7d9-62f7-adb16861e4a5" testName="DrawItems_TimeZoneUtcPlus1_MarksShifted" computerName="DKSR-EFI-04" duration="00:00:00.0399381" startTime="2023-12-22T09:37:06.6948576+01:00" endTime="2023-12-22T09:37:06.7417317+01:00" testType="13cdc9d9-ddb5-4fa4-a97d-d965ccfc6d4b" outcome="Passed" testListId="8c84fa94-04c1-424b-9868-57a2d4851a1d" relativeResultsDirectory="2cdb9bb4-f803-44b7-a03f-b9c6e031e89a" />
    <UnitTestResult executionId="3141b939-bac4-426e-82bf-1f3ca39d0b1f" testId="fcfe2bea-524e-b6f0-1644-957aeea21ce7" testName="CreateReportAsync_ShouldSplitFrontPage_WhereFrontPageNotesSectionIsExtraLarge" computerName="DKSR-EFI-04" duration="00:00:00.2001358" startTime="2023-12-22T09:37:29.6949831+01:00" endTime="2023-12-22T09:37:29.8824832+01:00" testType="13cdc9d9-ddb5-4fa4-a97d-d965ccfc6d4b" outcome="Passed" testListId="8c84fa94-04c1-424b-9868-57a2d4851a1d" relativeResultsDirectory="3141b939-bac4-426e-82bf-1f3ca39d0b1f" />
    <UnitTestResult executionId="277ea7bc-db2b-402b-94d9-6147538f664b" testId="fb9b6cec-ea3c-18e4-a458-d89d0dfaac9b" testName="GetIsOpenStreetMapValid_ShouldReturnFalse_WhenGeographicLayerIsUnavailableAndAlternativeServerIsEmpty" computerName="DKSR-EFI-04" duration="00:00:00.0007835" startTime="2023-12-22T09:37:55.8670005+01:00" endTime="2023-12-22T09:37:55.8670005+01:00" testType="13cdc9d9-ddb5-4fa4-a97d-d965ccfc6d4b" outcome="Passed" testListId="8c84fa94-04c1-424b-9868-57a2d4851a1d" relativeResultsDirectory="277ea7bc-db2b-402b-94d9-6147538f664b" />
    <UnitTestResult executionId="b93800e5-6f84-4a96-9aa8-018b58224b73" testId="3439b9dc-7196-e05d-43e6-c0e2ac91454a" testName="SearchResultContainerView_OnItemActivated_SearchResultSelectedAndPreviousSelectionKept" computerName="DKSR-EFI-04" duration="00:00:01.2401088" startTime="2023-12-22T09:36:40.6478386+01:00" endTime="2023-12-22T09:36:41.8822218+01:00" testType="13cdc9d9-ddb5-4fa4-a97d-d965ccfc6d4b" outcome="Passed" testListId="8c84fa94-04c1-424b-9868-57a2d4851a1d" relativeResultsDirectory="b93800e5-6f84-4a96-9aa8-018b58224b73" />
    <UnitTestResult executionId="e67f8acf-48f5-4ebc-bf40-26dba0db7d10" testId="cb87ae3f-127d-d533-f5f1-ec7b4f65cbcc" testName="SearchResultsActionBarActions_Export_OptionMediaPlayerAvailable_OtherExportOptionsUnavailable_NotVisible" computerName="DKSR-EFI-04" duration="00:00:00.0084105" startTime="2023-12-22T09:37:25.3355898+01:00" endTime="2023-12-22T09:37:25.3512098+01:00" testType="13cdc9d9-ddb5-4fa4-a97d-d965ccfc6d4b" outcome="Passed" testListId="8c84fa94-04c1-424b-9868-57a2d4851a1d" relativeResultsDirectory="e67f8acf-48f5-4ebc-bf40-26dba0db7d10" />
    <UnitTestResult executionId="6b50888e-2d68-4a40-b724-e6491c74486f" testId="84a40563-ae3e-05c4-e02d-b8d79f27ea48" testName="Init_NullState_InitialStateObtainedFromStateManager" computerName="DKSR-EFI-04" duration="00:00:00.3137240" startTime="2023-12-22T09:36:30.2102846+01:00" endTime="2023-12-22T09:36:30.5227861+01:00" testType="13cdc9d9-ddb5-4fa4-a97d-d965ccfc6d4b" outcome="Passed" testListId="8c84fa94-04c1-424b-9868-57a2d4851a1d" relativeResultsDirectory="6b50888e-2d68-4a40-b724-e6491c74486f" />
    <UnitTestResult executionId="1b366dee-6db0-4ece-962f-68343c11dfc9" testId="73bd23e6-7d5d-17da-f712-c442eb016e35" testName="GetServerTiles_ShouldReturnCorrectServerTilesWithSingleServerTest" computerName="DKSR-EFI-04" duration="00:00:00.0065019" startTime="2023-12-22T09:38:02.0857829+01:00" endTime="2023-12-22T09:38:02.1014093+01:00" testType="13cdc9d9-ddb5-4fa4-a97d-d965ccfc6d4b" outcome="Passed" testListId="8c84fa94-04c1-424b-9868-57a2d4851a1d" relativeResultsDirectory="1b366dee-6db0-4ece-962f-68343c11dfc9" />
    <UnitTestResult executionId="dbd3e6c4-2b7a-46e1-b17c-4a29fd992866" testId="14f3ec32-0fa4-5f7a-4835-a25af4f36100" testName="Ctor_OneBuiltInGroupDefined_OneCompositeAgentAddedAndTwoStandardAgentsAdded" computerName="DKSR-EFI-04" duration="00:00:00.0014100" startTime="2023-12-22T09:37:48.3513320+01:00" endTime="2023-12-22T09:37:48.3513320+01:00" testType="13cdc9d9-ddb5-4fa4-a97d-d965ccfc6d4b" outcome="Passed" testListId="8c84fa94-04c1-424b-9868-57a2d4851a1d" relativeResultsDirectory="dbd3e6c4-2b7a-46e1-b17c-4a29fd992866" />
    <UnitTestResult executionId="b9b363ec-c27b-431f-827a-3f7c56100ad6" testId="a727049e-baa7-2030-caa3-50ce4db896ae" testName="Deserialize_InvalidXml_Error" computerName="DKSR-EFI-04" duration="00:00:00.0015217" startTime="2023-12-22T09:37:35.3825147+01:00" endTime="2023-12-22T09:37:35.3825147+01:00" testType="13cdc9d9-ddb5-4fa4-a97d-d965ccfc6d4b" outcome="Passed" testListId="8c84fa94-04c1-424b-9868-57a2d4851a1d" relativeResultsDirectory="b9b363ec-c27b-431f-827a-3f7c56100ad6" />
    <UnitTestResult executionId="f32506c5-243b-4d89-978e-34f8bb95a505" testId="9029e935-145d-d5fd-fae9-96c860349038" testName="GetClusters_AddedItems_ClustersForAddedItems (Data Row 10)" computerName="DKSR-EFI-04" duration="00:00:00.0090086" startTime="2023-12-22T09:37:57.5232605+01:00" endTime="2023-12-22T09:37:57.7107610+01:00" testType="13cdc9d9-ddb5-4fa4-a97d-d965ccfc6d4b" outcome="Passed" testListId="8c84fa94-04c1-424b-9868-57a2d4851a1d" relativeResultsDirectory="f32506c5-243b-4d89-978e-34f8bb95a505" />
  </Results>
  <TestDefinitions>
    <UnitTest name="GetClusters_AddedItems_ClustersForAddedItems" storage="d:\actions-runner\_work\xpco\xpco\sc\components\remoteviewer\smartclient\tst\zsmartclient_unittest\bin\x64\debug\net472\zsmartclient_unittest.dll" id="9029e935-145d-d5fd-fae9-96c860349038">
      <TestCategory>
        <TestCategoryItem TestCategory="GisMapIndex" />
      </TestCategory>
      <Execution id="5f58b115-57ad-4a11-98bb-db4dded59947" />
      <TestMethod codeBase="D:\actions-runner\_work\XPCO\XPCO\SC\Components\RemoteViewer\SmartClient\tst\zSmartClient_UnitTest\bin\x64\Debug\net472\zSmartClient_UnitTest.dll" adapterTypeName="executor://mstestadapter/v2" className="SmartClient_UnitTest.VideoOS.RemoteClient.GisMapData.Common.Indexer.MapItemIndexerTests" name="GetClusters_AddedItems_ClustersForAddedItems" />
    </UnitTest>
    <UnitTest name="CreateCameraListItem_ShouldNotAddRegionSelectionToFilterValue_WhenAlreadyPresent" storage="d:\actions-runner\_work\xpco\xpco\sc\components\remoteviewer\smartclient\tst\zsmartclient_unittest\bin\x64\debug\net472\zsmartclient_unittest.dll" id="199cdec6-ec51-273d-006c-9fb34f580f59">
      <TestCategory>
        <TestCategoryItem TestCategory="Search.Filters.ViewModels" />
      </TestCategory>
      <Execution id="3873e883-5260-4ec0-bf6a-831a487fca20" />
      <TestMethod codeBase="D:\actions-runner\_work\XPCO\XPCO\SC\Components\RemoteViewer\SmartClient\tst\zSmartClient_UnitTest\bin\x64\Debug\net472\zSmartClient_UnitTest.dll" adapterTypeName="executor://mstestadapter/v2" className="SmartClient_UnitTest.VideoOS.RemoteClient.Plugin.CentralizedSearch.MIPPlugin.Criteria.ViewModels.SmartSearchCameraListItemHelperTests" name="CreateCameraListItem_ShouldNotAddRegionSelectionToFilterValue_WhenAlreadyPresent" />
    </UnitTest>
    <UnitTest name="SerializeDeserialize_RoundTripWithValues_Equals" storage="d:\actions-runner\_work\xpco\xpco\sc\components\remoteviewer\smartclient\tst\zsmartclient_unittest\bin\x64\debug\net472\zsmartclient_unittest.dll" id="c5b82386-ac03-bc8b-608e-5bd976068876">
      <Execution id="eb53edff-8165-4bf5-8fde-52310f3826df" />
      <TestMethod codeBase="D:\actions-runner\_work\XPCO\XPCO\SC\Components\RemoteViewer\SmartClient\tst\zSmartClient_UnitTest\bin\x64\Debug\net472\zSmartClient_UnitTest.dll" adapterTypeName="executor://mstestadapter/v2" className="SmartClient_UnitTest.VideoOS.RemoteClient.Application.Data.States.CentralizedSearchStateTest" name="SerializeDeserialize_RoundTripWithValues_Equals" />
    </UnitTest>
    <UnitTest name="UpdateSearchTemplateAsync_Succeeds_Success" storage="d:\actions-runner\_work\xpco\xpco\sc\components\remoteviewer\smartclient\tst\zsmartclient_unittest\bin\x64\debug\net472\zsmartclient_unittest.dll" id="eef2616b-2ca4-c350-22c0-5b72ecd848dd">
      <TestCategory>
        <TestCategoryItem TestCategory="SearchTemplates" />
      </TestCategory>
      <Execution id="e7b93590-cb53-4dd4-8714-7fc6e1cc1275" />
      <TestMethod codeBase="D:\actions-runner\_work\XPCO\XPCO\SC\Components\RemoteViewer\SmartClient\tst\zSmartClient_UnitTest\bin\x64\Debug\net472\zSmartClient_UnitTest.dll" adapterTypeName="executor://mstestadapter/v2" className="SmartClient_UnitTest.VideoOS.RemoteClient.Plugin.CentralizedSearch.SearchTemplates.SearchTemplateManagerTests" name="UpdateSearchTemplateAsync_Succeeds_Success" />
    </UnitTest>
    <UnitTest name="PopulateTooltip_ManyResultsFromManyCameras12Hours_ValidText" storage="d:\actions-runner\_work\xpco\xpco\sc\components\remoteviewer\smartclient\tst\zsmartclient_unittest\bin\x64\debug\net472\zsmartclient_unittest.dll" id="11e32396-3f3f-284e-b683-2e3e119136e4">
      <TestCategory>
        <TestCategoryItem TestCategory="SearchControls" />
      </TestCategory>
      <Execution id="bda736bf-032c-4df6-bab7-240721cbd166" />
      <TestMethod codeBase="D:\actions-runner\_work\XPCO\XPCO\SC\Components\RemoteViewer\SmartClient\tst\zSmartClient_UnitTest\bin\x64\Debug\net472\zSmartClient_UnitTest.dll" adapterTypeName="executor://mstestadapter/v2" className="SmartClient_UnitTest.VideoOS.RemoteClient.Plugin.CentralizedSearch.Views.Controls.TimelineRuler.TimelineRulerControlTests" name="PopulateTooltip_ManyResultsFromManyCameras12Hours_ValidText" />
    </UnitTest>
    <UnitTest name="Id_ShouldBeSame_WhenSearchResultIdIsIdentical" storage="d:\actions-runner\_work\xpco\xpco\sc\components\remoteviewer\smartclient\tst\zsmartclient_unittest\bin\x64\debug\net472\zsmartclient_unittest.dll" id="53c0737c-9e1d-a506-fd7e-f73a88cea37f">
      <TestCategory>
        <TestCategoryItem TestCategory="Search.Wrappers" />
      </TestCategory>
      <Execution id="420c2e1a-b4b8-4ccc-bc4a-443d4b1121b8" />
      <TestMethod codeBase="D:\actions-runner\_work\XPCO\XPCO\SC\Components\RemoteViewer\SmartClient\tst\zSmartClient_UnitTest\bin\x64\Debug\net472\zSmartClient_UnitTest.dll" adapterTypeName="executor://mstestadapter/v2" className="SmartClient_UnitTest.VideoOS.RemoteClient.Plugin.CentralizedSearch.Models.Wrappers.SearchResultDataWrapperTests" name="Id_ShouldBeSame_WhenSearchResultIdIsIdentical" />
    </UnitTest>
    <UnitTest name="SetLayerFeatures_ShouldUpdateCameraItemsMapLayer_WhenCameraKindAndCameraLayerFeatures" storage="d:\actions-runner\_work\xpco\xpco\sc\components\remoteviewer\smartclient\tst\zsmartclient_unittest\bin\x64\debug\net472\zsmartclient_unittest.dll" id="76f9de2a-47c0-eaaa-3675-ac942aca2f32">
      <TestCategory>
        <TestCategoryItem TestCategory="GisMapData.Controllers.LayerFeatures" />
      </TestCategory>
      <Execution id="7d545f40-8f7a-402e-aa37-41efdd8d8367" />
      <TestMethod codeBase="D:\actions-runner\_work\XPCO\XPCO\SC\Components\RemoteViewer\SmartClient\tst\zSmartClient_UnitTest\bin\x64\Debug\net472\zSmartClient_UnitTest.dll" adapterTypeName="executor://mstestadapter/v2" className="SmartClient_UnitTest.VideoOS.RemoteClient.GisMapData.Controllers.LayerFeatures.LayerFeaturesControllerTests" name="SetLayerFeatures_ShouldUpdateCameraItemsMapLayer_WhenCameraKindAndCameraLayerFeatures" />
    </UnitTest>
    <UnitTest name="ScrollIntoView_Synchronous_DefinitionViewAboveOutOfViewPort_Scrolled" storage="d:\actions-runner\_work\xpco\xpco\sc\components\remoteviewer\smartclient\tst\zsmartclient_unittest\bin\x64\debug\net472\zsmartclient_unittest.dll" id="9f407d44-4f3f-f1b2-0cc2-8c4bc65e5f39">
      <TestCategory>
        <TestCategoryItem TestCategory="Search" />
      </TestCategory>
      <Execution id="07d27fd5-868d-405d-b97a-2f7b257501e6" />
      <TestMethod codeBase="D:\actions-runner\_work\XPCO\XPCO\SC\Components\RemoteViewer\SmartClient\tst\zSmartClient_UnitTest\bin\x64\Debug\net472\zSmartClient_UnitTest.dll" adapterTypeName="executor://mstestadapter/v2" className="SmartClient_UnitTest.VideoOS.RemoteClient.Plugin.CentralizedSearch.Views.CriteriaViewTests" name="ScrollIntoView_Synchronous_DefinitionViewAboveOutOfViewPort_Scrolled" />
    </UnitTest>
    <UnitTest name="DateToStringConverter_ProvideValue_Success" storage="d:\actions-runner\_work\xpco\xpco\sc\components\remoteviewer\smartclient\tst\zsmartclient_unittest\bin\x64\debug\net472\zsmartclient_unittest.dll" id="0882c6fe-e955-9a8a-eee5-7ae62c8b3178">
      <TestCategory>
        <TestCategoryItem TestCategory="SearchConverter" />
      </TestCategory>
      <Execution id="3f808170-e07e-4164-919b-e6439bcc72d0" />
      <TestMethod codeBase="D:\actions-runner\_work\XPCO\XPCO\SC\Components\RemoteViewer\SmartClient\tst\zSmartClient_UnitTest\bin\x64\Debug\net472\zSmartClient_UnitTest.dll" adapterTypeName="executor://mstestadapter/v2" className="SmartClient_UnitTest.VideoOS.RemoteClient.Plugin.CentralizedSearch.Views.Converters.DurationToStringConverterTests" name="DateToStringConverter_ProvideValue_Success" />
    </UnitTest>
    <UnitTest name="UpdateSearchFilter_SingleFilterWithoutValues_NotAdded" storage="d:\actions-runner\_work\xpco\xpco\sc\components\remoteviewer\smartclient\tst\zsmartclient_unittest\bin\x64\debug\net472\zsmartclient_unittest.dll" id="0abf48ed-aa70-1dda-b2cb-ff714665e116">
      <TestCategory>
        <TestCategoryItem TestCategory="Search" />
      </TestCategory>
      <Execution id="7ba369a4-dfc5-41eb-a230-e035cfc46209" />
      <TestMethod codeBase="D:\actions-runner\_work\XPCO\XPCO\SC\Components\RemoteViewer\SmartClient\tst\zSmartClient_UnitTest\bin\x64\Debug\net472\zSmartClient_UnitTest.dll" adapterTypeName="executor://mstestadapter/v2" className="SmartClient_UnitTest.VideoOS.RemoteClient.Plugin.CentralizedSearch.ViewModels.SearchDefinitionViewModelTests" name="UpdateSearchFilter_SingleFilterWithoutValues_NotAdded" />
    </UnitTest>
    <UnitTest name="GetWorkspaceToolbarItems_ShouldNotReturnGroupedToolbarItem_WhenPluginGroupIsNotSetInPluginDefinition" storage="d:\actions-runner\_work\xpco\xpco\sc\components\remoteviewer\smartclient\tst\zsmartclient_unittest\bin\x64\debug\net472\zsmartclient_unittest.dll" id="7a29bb4c-872a-7722-5bfa-4ff03f288d37">
      <TestCategory>
        <TestCategoryItem TestCategory="WorkspaceToolbar" />
      </TestCategory>
      <Execution id="b6c6e085-22d1-4e26-9699-2a63d85abab5" />
      <TestMethod codeBase="D:\actions-runner\_work\XPCO\XPCO\SC\Components\RemoteViewer\SmartClient\tst\zSmartClient_UnitTest\bin\x64\Debug\net472\zSmartClient_UnitTest.dll" adapterTypeName="executor://mstestadapter/v2" className="SmartClient_UnitTest.VideoOS.RemoteClient.Application.UI.Content.WorkspaceToolbar.MIPWorkspaceToolbarItemManagerTests" name="GetWorkspaceToolbarItems_ShouldNotReturnGroupedToolbarItem_WhenPluginGroupIsNotSetInPluginDefinition" />
    </UnitTest>
    <UnitTest name="AddToExportTuples_ShouldReturnCorrectResult (0,0,1)" storage="d:\actions-runner\_work\xpco\xpco\sc\components\remoteviewer\smartclient\tst\zsmartclient_unittest\bin\x64\debug\net472\zsmartclient_unittest.dll" id="f6d8789c-bf6f-a41e-00b0-0d3a9016c658">
      <TestCategory>
        <TestCategoryItem TestCategory="Managers" />
      </TestCategory>
      <Execution id="fa08f7b7-baa4-480a-b5ee-7a56995d188f" />
      <TestMethod codeBase="D:\actions-runner\_work\XPCO\XPCO\SC\Components\RemoteViewer\SmartClient\tst\zSmartClient_UnitTest\bin\x64\Debug\net472\zSmartClient_UnitTest.dll" adapterTypeName="executor://mstestadapter/v2" className="SmartClient_UnitTest.VideoOS.RemoteClient.Application.Managers.ExportManagerTests" name="AddToExportTuples_ShouldReturnCorrectResult" />
    </UnitTest>
    <UnitTest name="DisplayErrorOnNotificationArea_ServerNotAvailableSearchError_Success" storage="d:\actions-runner\_work\xpco\xpco\sc\components\remoteviewer\smartclient\tst\zsmartclient_unittest\bin\x64\debug\net472\zsmartclient_unittest.dll" id="4d11492e-27b0-719b-9344-aa3d6645e529">
      <TestCategory>
        <TestCategoryItem TestCategory="SearchViewModels" />
      </TestCategory>
      <Execution id="13de65b3-6c07-4324-afb1-1075d44d0da4" />
      <TestMethod codeBase="D:\actions-runner\_work\XPCO\XPCO\SC\Components\RemoteViewer\SmartClient\tst\zSmartClient_UnitTest\bin\x64\Debug\net472\zSmartClient_UnitTest.dll" adapterTypeName="executor://mstestadapter/v2" className="SmartClient_UnitTest.VideoOS.RemoteClient.Plugin.CentralizedSearch.ViewModels.SearchViewModelTests" name="DisplayErrorOnNotificationArea_ServerNotAvailableSearchError_Success" />
    </UnitTest>
    <UnitTest name="ShowOrHidePartialResultsCommand_Triggered_ButtonTextChanged" storage="d:\actions-runner\_work\xpco\xpco\sc\components\remoteviewer\smartclient\tst\zsmartclient_unittest\bin\x64\debug\net472\zsmartclient_unittest.dll" id="ecf13227-e49d-1db7-a97a-21cf256d2c96">
      <TestCategory>
        <TestCategoryItem TestCategory="Search" />
      </TestCategory>
      <Execution id="e72ca14b-e83e-4656-bc44-9a4407db2340" />
      <TestMethod codeBase="D:\actions-runner\_work\XPCO\XPCO\SC\Components\RemoteViewer\SmartClient\tst\zSmartClient_UnitTest\bin\x64\Debug\net472\zSmartClient_UnitTest.dll" adapterTypeName="executor://mstestadapter/v2" className="SmartClient_UnitTest.VideoOS.RemoteClient.Plugin.CentralizedSearch.ViewModels.CompositeSearchWarningViewModelTests" name="ShowOrHidePartialResultsCommand_Triggered_ButtonTextChanged" />
    </UnitTest>
    <UnitTest name="Deserialize_FromTimeOnly_Success" storage="d:\actions-runner\_work\xpco\xpco\sc\components\remoteviewer\smartclient\tst\zsmartclient_unittest\bin\x64\debug\net472\zsmartclient_unittest.dll" id="81fc8aa1-de6a-e087-adfe-af829f91bad7">
      <TestCategory>
        <TestCategoryItem TestCategory="SearchSerialization" />
      </TestCategory>
      <Execution id="dc79fc81-c50c-4d84-bb94-f259029dc1e5" />
      <TestMethod codeBase="D:\actions-runner\_work\XPCO\XPCO\SC\Components\RemoteViewer\SmartClient\tst\zSmartClient_UnitTest\bin\x64\Debug\net472\zSmartClient_UnitTest.dll" adapterTypeName="executor://mstestadapter/v2" className="SmartClient_UnitTest.VideoOS.RemoteClient.Plugin.CentralizedSearch.Models.Serialization.SearchSerializerTests" name="Deserialize_FromTimeOnly_Success" />
    </UnitTest>
    <UnitTest name="EnsureLayersOrderIsValidBy_AddLayersAt_Success" storage="d:\actions-runner\_work\xpco\xpco\sc\components\remoteviewer\smartclient\tst\zsmartclient_unittest\bin\x64\debug\net472\zsmartclient_unittest.dll" id="dacad55c-89db-4a83-ada9-6fb14502b91c">
      <TestCategory>
        <TestCategoryItem TestCategory="GisMapLayers" />
      </TestCategory>
      <Execution id="22934653-ad5c-4678-b800-5b743b5aed60" />
      <TestMethod codeBase="D:\actions-runner\_work\XPCO\XPCO\SC\Components\RemoteViewer\SmartClient\tst\zSmartClient_UnitTest\bin\x64\Debug\net472\zSmartClient_UnitTest.dll" adapterTypeName="executor://mstestadapter/v2" className="SmartClient_UnitTest.VideoOS.RemoteClient.GisMapData.GisMapLayerZOrderTests" name="EnsureLayersOrderIsValidBy_AddLayersAt_Success" />
    </UnitTest>
    <UnitTest name="CreateItemUserControl_CombinedSearchResultDataWrapperParameter_ControlCreatedAndInitialized" storage="d:\actions-runner\_work\xpco\xpco\sc\components\remoteviewer\smartclient\tst\zsmartclient_unittest\bin\x64\debug\net472\zsmartclient_unittest.dll" id="d381fedf-8c58-4a19-b08e-ee127d4421c9">
      <TestCategory>
        <TestCategoryItem TestCategory="SearchViews" />
      </TestCategory>
      <Execution id="305a04f8-4071-43fe-bf0f-bc4ed1619342" />
      <TestMethod codeBase="D:\actions-runner\_work\XPCO\XPCO\SC\Components\RemoteViewer\SmartClient\tst\zSmartClient_UnitTest\bin\x64\Debug\net472\zSmartClient_UnitTest.dll" adapterTypeName="executor://mstestadapter/v2" className="SmartClient_UnitTest.VideoOS.RemoteClient.Plugin.CentralizedSearch.Views.SearchResultsViewTests" name="CreateItemUserControl_CombinedSearchResultDataWrapperParameter_ControlCreatedAndInitialized" />
    </UnitTest>
    <UnitTest name="SearchResultsActionBarActions_CreateSnapshot_InvokeCommand_NoSnapshotSucceeded_CorrectStatusTextShown" storage="d:\actions-runner\_work\xpco\xpco\sc\components\remoteviewer\smartclient\tst\zsmartclient_unittest\bin\x64\debug\net472\zsmartclient_unittest.dll" id="9cb22239-8c05-3795-1d49-f4debbc5193e">
      <TestCategory>
        <TestCategoryItem TestCategory="SearchResultActionBarViewModel" />
      </TestCategory>
      <Execution id="9393850c-6388-425d-9a2f-f465856edecf" />
      <TestMethod codeBase="D:\actions-runner\_work\XPCO\XPCO\SC\Components\RemoteViewer\SmartClient\tst\zSmartClient_UnitTest\bin\x64\Debug\net472\zSmartClient_UnitTest.dll" adapterTypeName="executor://mstestadapter/v2" className="SmartClient_UnitTest.VideoOS.RemoteClient.Plugin.CentralizedSearch.ViewModels.SearchResultsActionBarViewModelTest" name="SearchResultsActionBarActions_CreateSnapshot_InvokeCommand_NoSnapshotSucceeded_CorrectStatusTextShown" />
    </UnitTest>
    <UnitTest name="MoveToTop_ShouldNotChangeZOrder_WhenItemIdIsNotFound" storage="d:\actions-runner\_work\xpco\xpco\sc\components\remoteviewer\smartclient\tst\zsmartclient_unittest\bin\x64\debug\net472\zsmartclient_unittest.dll" id="6d90f09d-ac26-1a78-00bb-8e50418f096e">
      <TestCategory>
        <TestCategoryItem TestCategory="SmartMap.MapItemsOverlay" />
      </TestCategory>
      <Execution id="78dca2d3-d882-4edd-8e7a-598b5ab45925" />
      <TestMethod codeBase="D:\actions-runner\_work\XPCO\XPCO\SC\Components\RemoteViewer\SmartClient\tst\zSmartClient_UnitTest\bin\x64\Debug\net472\zSmartClient_UnitTest.dll" adapterTypeName="executor://mstestadapter/v2" className="SmartClient_UnitTest.VideoOS.RemoteClient.Plugin.GisMap.ThinkGeoMap.SpecializedOverlays.Overlays.MapItemsOverlayTests" name="MoveToTop_ShouldNotChangeZOrder_WhenItemIdIsNotFound" />
    </UnitTest>
    <UnitTest name="DrawItems_TimeZoneUtcPlus1_MarksShifted" storage="d:\actions-runner\_work\xpco\xpco\sc\components\remoteviewer\smartclient\tst\zsmartclient_unittest\bin\x64\debug\net472\zsmartclient_unittest.dll" id="b0092946-2776-e7d9-62f7-adb16861e4a5">
      <TestCategory>
        <TestCategoryItem TestCategory="SearchControls" />
      </TestCategory>
      <Execution id="2cdb9bb4-f803-44b7-a03f-b9c6e031e89a" />
      <TestMethod codeBase="D:\actions-runner\_work\XPCO\XPCO\SC\Components\RemoteViewer\SmartClient\tst\zSmartClient_UnitTest\bin\x64\Debug\net472\zSmartClient_UnitTest.dll" adapterTypeName="executor://mstestadapter/v2" className="SmartClient_UnitTest.VideoOS.RemoteClient.Plugin.CentralizedSearch.Views.Controls.TimelineRuler.TimelineRulerControlTests" name="DrawItems_TimeZoneUtcPlus1_MarksShifted" />
    </UnitTest>
    <UnitTest name="OpenStreetMapLayerIsDisabled_ShouldReturnFalse_WhenOpenStreetMapGeographicLayerOptionIsAvailableAndOpenStreetMapAlternativeServerIsEmpty" storage="d:\actions-runner\_work\xpco\xpco\sc\components\remoteviewer\smartclient\tst\zsmartclient_unittest\bin\x64\debug\net472\zsmartclient_unittest.dll" id="fcd118df-d28f-9914-22b6-30e2ce26737f">
      <TestCategory>
        <TestCategoryItem TestCategory="GisMapLayer" />
      </TestCategory>
      <Execution id="3ea95186-d1a7-43a6-919c-3cf12943957a" />
      <TestMethod codeBase="D:\actions-runner\_work\XPCO\XPCO\SC\Components\RemoteViewer\SmartClient\tst\zSmartClient_UnitTest\bin\x64\Debug\net472\zSmartClient_UnitTest.dll" adapterTypeName="executor://mstestadapter/v2" className="SmartClient_UnitTest.VideoOS.RemoteClient.GisMap.MapLayers.GisMapLayerTests" name="OpenStreetMapLayerIsDisabled_ShouldReturnFalse_WhenOpenStreetMapGeographicLayerOptionIsAvailableAndOpenStreetMapAlternativeServerIsEmpty" />
    </UnitTest>
    <UnitTest name="CreateExportDialog_CannotCreateExport_WithNoDestinationsSelected" storage="d:\actions-runner\_work\xpco\xpco\sc\components\remoteviewer\smartclient\tst\zsmartclient_unittest\bin\x64\debug\net472\zsmartclient_unittest.dll" id="0ba8e521-cdf8-1d32-c711-88b35489e15b">
      <TestCategory>
        <TestCategoryItem TestCategory="Export" />
      </TestCategory>
      <Execution id="462e498b-6893-4025-8c9a-88a2943a140b" />
      <TestMethod codeBase="D:\actions-runner\_work\XPCO\XPCO\SC\Components\RemoteViewer\SmartClient\tst\zSmartClient_UnitTest\bin\x64\Debug\net472\zSmartClient_UnitTest.dll" adapterTypeName="executor://mstestadapter/v2" className="SmartClient_UnitTest.VideoOS.RemoteClient.Plugin.Export.CreateExportDialogViewModelTests" name="CreateExportDialog_CannotCreateExport_WithNoDestinationsSelected" />
    </UnitTest>
    <UnitTest name="InitializeTokenException_ShouldThrow_WhenErrorOutOfRangeLow" storage="d:\actions-runner\_work\xpco\xpco\sc\components\remoteviewer\smartclient\tst\zsmartclient_unittest\bin\x64\debug\net472\zsmartclient_unittest.dll" id="0daa0cf2-f08f-9af5-8f90-3afbe873dbac">
      <TestCategory>
        <TestCategoryItem TestCategory="ServerCommandController.IDPToken" />
      </TestCategory>
      <Execution id="9d911d46-f3bd-4e24-b7ad-b94ff6547d2c" />
      <TestMethod codeBase="D:\actions-runner\_work\XPCO\XPCO\SC\Components\RemoteViewer\SmartClient\tst\zSmartClient_UnitTest\bin\x64\Debug\net472\zSmartClient_UnitTest.dll" adapterTypeName="executor://mstestadapter/v2" className="SmartClient_UnitTest.VideoOS.RemoteClient.Application.Controllers.TokenExceptionsConverterTests" name="InitializeTokenException_ShouldThrow_WhenErrorOutOfRangeLow" />
    </UnitTest>
    <UnitTest name="UpdateSearchTemplateAsync_Null_Failure" storage="d:\actions-runner\_work\xpco\xpco\sc\components\remoteviewer\smartclient\tst\zsmartclient_unittest\bin\x64\debug\net472\zsmartclient_unittest.dll" id="bd651570-26ef-748e-338b-ea4a28651cdb">
      <TestCategory>
        <TestCategoryItem TestCategory="SearchTemplatesService" />
      </TestCategory>
      <Execution id="234fbf9e-644d-4495-96a8-17f6157118a7" />
      <TestMethod codeBase="D:\actions-runner\_work\XPCO\XPCO\SC\Components\RemoteViewer\SmartClient\tst\zSmartClient_UnitTest\bin\x64\Debug\net472\zSmartClient_UnitTest.dll" adapterTypeName="executor://mstestadapter/v2" className="SmartClient_UnitTest.VideoOS.RemoteClient.Plugin.CentralizedSearch.SearchTemplates.Service.SearchTemplateServiceTests" name="UpdateSearchTemplateAsync_Null_Failure" />
    </UnitTest>
    <UnitTest name="ApplicationController_SystemInformationChangedEvent_ShouldUnregisterActions_WhenUserLoggedOut" storage="d:\actions-runner\_work\xpco\xpco\sc\components\remoteviewer\smartclient\tst\zsmartclient_unittest\bin\x64\debug\net472\zsmartclient_unittest.dll" id="00fca5c1-405d-b820-34ef-a1a0e9446a86">
      <TestCategory>
        <TestCategoryItem TestCategory="Application.Actions" />
      </TestCategory>
      <Execution id="70dd194a-f54a-4353-854a-0a773501eb23" />
      <TestMethod codeBase="D:\actions-runner\_work\XPCO\XPCO\SC\Components\RemoteViewer\SmartClient\tst\zSmartClient_UnitTest\bin\x64\Debug\net472\zSmartClient_UnitTest.dll" adapterTypeName="executor://mstestadapter/v2" className="SmartClient_UnitTest.VideoOS.RemoteClient.Application.Actions.PresetActionTests" name="ApplicationController_SystemInformationChangedEvent_ShouldUnregisterActions_WhenUserLoggedOut" />
    </UnitTest>
    <UnitTest name="DeviceIcons_ShouldNotBeNull_WhenCalled" storage="d:\actions-runner\_work\xpco\xpco\sc\components\remoteviewer\smartclient\tst\zsmartclient_unittest\bin\x64\debug\net472\zsmartclient_unittest.dll" id="9636a1f1-1232-f981-d42a-36589836bff4">
      <TestCategory>
        <TestCategoryItem TestCategory="GisMapData.OutputOemResourcesProviderTests" />
      </TestCategory>
      <Execution id="e893afff-a0d8-4e78-9d30-4b3826638758" />
      <TestMethod codeBase="D:\actions-runner\_work\XPCO\XPCO\SC\Components\RemoteViewer\SmartClient\tst\zSmartClient_UnitTest\bin\x64\Debug\net472\zSmartClient_UnitTest.dll" adapterTypeName="executor://mstestadapter/v2" className="SmartClient_UnitTest.VideoOS.RemoteClient.GisMapData.Resources.OutputOemResourcesProviderTests" name="DeviceIcons_ShouldNotBeNull_WhenCalled" />
    </UnitTest>
    <UnitTest name="GetDomain_ShouldReturnEmptyDomainPartOfNetworkCredentials_WhenNetworkCredentialsContainsNoDomain" storage="d:\actions-runner\_work\xpco\xpco\sc\components\remoteviewer\smartclient\tst\zsmartclient_unittest\bin\x64\debug\net472\zsmartclient_unittest.dll" id="f84b750e-f7b1-dfa1-6239-ac206a9e1008">
      <TestCategory>
        <TestCategoryItem TestCategory="Authentication.ClientCredentials" />
      </TestCategory>
      <Execution id="618abf4d-af29-472d-9545-eafba4cf8362" />
      <TestMethod codeBase="D:\actions-runner\_work\XPCO\XPCO\SC\Components\RemoteViewer\SmartClient\tst\zSmartClient_UnitTest\bin\x64\Debug\net472\zSmartClient_UnitTest.dll" adapterTypeName="executor://mstestadapter/v2" className="SmartClient_UnitTest.VideoOS.Shared.ServerAPI.ClientCredentialsTest" name="GetDomain_ShouldReturnEmptyDomainPartOfNetworkCredentials_WhenNetworkCredentialsContainsNoDomain" />
    </UnitTest>
    <UnitTest name="PatrollingStepListViewModel_MoveStepUpExecute" storage="d:\actions-runner\_work\xpco\xpco\sc\components\remoteviewer\smartclient\tst\zsmartclient_unittest\bin\x64\debug\net472\zsmartclient_unittest.dll" id="72855fe1-8be2-532b-4d86-61e95119c906">
      <Execution id="97853c90-7f4b-48c5-8608-66d5b7f72ab0" />
      <TestMethod codeBase="D:\actions-runner\_work\XPCO\XPCO\SC\Components\RemoteViewer\SmartClient\tst\zSmartClient_UnitTest\bin\x64\Debug\net472\zSmartClient_UnitTest.dll" adapterTypeName="executor://mstestadapter/v2" className="SmartClient_UnitTest.VideoOS.RemoteClient.Application.UI.PtzPreset.PatrollingViewModel.PatrollingStepListViewModelTest" name="PatrollingStepListViewModel_MoveStepUpExecute" />
    </UnitTest>
    <UnitTest name="SmartMapGoToPositionHandler_WhenZoomIsInvalid_ShouldWriteToLog" storage="d:\actions-runner\_work\xpco\xpco\sc\components\remoteviewer\smartclient\tst\zsmartclient_unittest\bin\x64\debug\net472\zsmartclient_unittest.dll" id="a2942f2b-9678-3c30-9d53-cbabd8538e8a">
      <Execution id="619a5df6-3043-4424-a942-b062a0861b71" />
      <TestMethod codeBase="D:\actions-runner\_work\XPCO\XPCO\SC\Components\RemoteViewer\SmartClient\tst\zSmartClient_UnitTest\bin\x64\Debug\net472\zSmartClient_UnitTest.dll" adapterTypeName="executor://mstestadapter/v2" className="SmartClient_UnitTest.VideoOS.RemoteClient.Plugin.GisMap.MIP.ContentHolderMipMessageManagerTests" name="SmartMapGoToPositionHandler_WhenZoomIsInvalid_ShouldWriteToLog" />
    </UnitTest>
    <UnitTest name="FilteredItems_NoFilter_AllItemsVisible" storage="d:\actions-runner\_work\xpco\xpco\sc\components\remoteviewer\smartclient\tst\zsmartclient_unittest\bin\x64\debug\net472\zsmartclient_unittest.dll" id="96abbcdd-783c-a6e6-4e38-7f3dc42ebf4f">
      <TestCategory>
        <TestCategoryItem TestCategory="Search" />
      </TestCategory>
      <Execution id="3a53fbcd-2693-47a0-8348-de6b0d947bf6" />
      <TestMethod codeBase="D:\actions-runner\_work\XPCO\XPCO\SC\Components\RemoteViewer\SmartClient\tst\zSmartClient_UnitTest\bin\x64\Debug\net472\zSmartClient_UnitTest.dll" adapterTypeName="executor://mstestadapter/v2" className="SmartClient_UnitTest.VideoOS.RemoteClient.Plugin.CentralizedSearch.MIPPlugin.Criteria.MultipleSelectionAttributeEditControlTest" name="FilteredItems_NoFilter_AllItemsVisible" />
    </UnitTest>
    <UnitTest name="AndOrSearchDefinitionToVisibilityMultiConverter_CallConvert_WithNullSearchDefinitionWrapper" storage="d:\actions-runner\_work\xpco\xpco\sc\components\remoteviewer\smartclient\tst\zsmartclient_unittest\bin\x64\debug\net472\zsmartclient_unittest.dll" id="bc1eab18-b23a-a958-6a7b-2426121871d6">
      <TestCategory>
        <TestCategoryItem TestCategory="SearchConverter" />
      </TestCategory>
      <Execution id="1833b69a-1762-480c-b97e-325e9bf43821" />
      <TestMethod codeBase="D:\actions-runner\_work\XPCO\XPCO\SC\Components\RemoteViewer\SmartClient\tst\zSmartClient_UnitTest\bin\x64\Debug\net472\zSmartClient_UnitTest.dll" adapterTypeName="executor://mstestadapter/v2" className="SmartClient_UnitTest.VideoOS.RemoteClient.Plugin.CentralizedSearch.Views.Converters.AndOrSearchDefinitionMultiConverterTests" name="AndOrSearchDefinitionToVisibilityMultiConverter_CallConvert_WithNullSearchDefinitionWrapper" />
    </UnitTest>
    <UnitTest name="Re_adding_cameras_with_no_RetentionCreate_rights_after_extending_retention_interval" storage="d:\actions-runner\_work\xpco\xpco\sc\components\remoteviewer\smartclient\tst\zsmartclient_unittest\bin\x64\debug\net472\zsmartclient_unittest.dll" id="9040b640-fe7c-9575-9486-622077ffb232">
      <Execution id="302b085d-32f9-4477-a65e-e6d4ff3b3a41" />
      <TestMethod codeBase="D:\actions-runner\_work\XPCO\XPCO\SC\Components\RemoteViewer\SmartClient\tst\zSmartClient_UnitTest\bin\x64\Debug\net472\zSmartClient_UnitTest.dll" adapterTypeName="executor://mstestadapter/v2" className="SmartClient_UnitTest.VideoOS.RemoteClient.Application.Components.EvidenceLock.EvidenceLockEditModeUserRightTests" name="Re_adding_cameras_with_no_RetentionCreate_rights_after_extending_retention_interval" />
    </UnitTest>
    <UnitTest name="CameraMapItem_Delete_Success" storage="d:\actions-runner\_work\xpco\xpco\sc\components\remoteviewer\smartclient\tst\zsmartclient_unittest\bin\x64\debug\net472\zsmartclient_unittest.dll" id="d3a599a4-935b-da5b-b016-03413c57fddc">
      <TestCategory>
        <TestCategoryItem TestCategory="GisMapMapItem" />
      </TestCategory>
      <Execution id="1c7ae835-71d9-4313-b91c-7c5e1cd841ca" />
      <TestMethod codeBase="D:\actions-runner\_work\XPCO\XPCO\SC\Components\RemoteViewer\SmartClient\tst\zSmartClient_UnitTest\bin\x64\Debug\net472\zSmartClient_UnitTest.dll" adapterTypeName="executor://mstestadapter/v2" className="SmartClient_UnitTest.VideoOS.RemoteClient.GisMap.MapItem.MapItemTests" name="CameraMapItem_Delete_Success" />
    </UnitTest>
    <UnitTest name="GetServerTypes_ShouldReturnManagementServerType" storage="d:\actions-runner\_work\xpco\xpco\sc\components\remoteviewer\smartclient\tst\zsmartclient_unittest\bin\x64\debug\net472\zsmartclient_unittest.dll" id="d9cf4840-605e-c89a-3f41-61314ef11e52">
      <Execution id="b4f2871f-4d40-4a19-8560-bddad455dd56" />
      <TestMethod codeBase="D:\actions-runner\_work\XPCO\XPCO\SC\Components\RemoteViewer\SmartClient\tst\zSmartClient_UnitTest\bin\x64\Debug\net472\zSmartClient_UnitTest.dll" adapterTypeName="executor://mstestadapter/v2" className="SmartClient_UnitTest.VideoOS.RemoteClient.Application.Data.ContentTypes.ReportingContentType.DashboardExtentionsTest" name="GetServerTypes_ShouldReturnManagementServerType" />
    </UnitTest>
    <UnitTest name="LoadSearchTemplate_ActiveToNewActiveSuppressEvent_UpdateAndNoEvent" storage="d:\actions-runner\_work\xpco\xpco\sc\components\remoteviewer\smartclient\tst\zsmartclient_unittest\bin\x64\debug\net472\zsmartclient_unittest.dll" id="a8fe3325-ab25-7197-00a6-eb64a10d8cb7">
      <TestCategory>
        <TestCategoryItem TestCategory="SearchTemplates" />
      </TestCategory>
      <Execution id="7f833506-1e1e-48df-a110-8f902ef479c8" />
      <TestMethod codeBase="D:\actions-runner\_work\XPCO\XPCO\SC\Components\RemoteViewer\SmartClient\tst\zSmartClient_UnitTest\bin\x64\Debug\net472\zSmartClient_UnitTest.dll" adapterTypeName="executor://mstestadapter/v2" className="SmartClient_UnitTest.VideoOS.RemoteClient.Plugin.CentralizedSearch.SearchTemplates.SearchTemplateManagerTests" name="LoadSearchTemplate_ActiveToNewActiveSuppressEvent_UpdateAndNoEvent" />
    </UnitTest>
    <UnitTest name="GetLayerVisibilityItemsData_ShouldAddOneFixedLayer_WhenOnlyDeviceMapLayersAreProvided" storage="d:\actions-runner\_work\xpco\xpco\sc\components\remoteviewer\smartclient\tst\zsmartclient_unittest\bin\x64\debug\net472\zsmartclient_unittest.dll" id="076370ef-98dd-553b-4db5-16eb7626b01e">
      <TestCategory>
        <TestCategoryItem TestCategory="GisMap.DefaultFixedLayerManagerStrategyTests" />
      </TestCategory>
      <Execution id="0fe5c64d-00e0-44d7-8174-36cbeac04bac" />
      <TestMethod codeBase="D:\actions-runner\_work\XPCO\XPCO\SC\Components\RemoteViewer\SmartClient\tst\zSmartClient_UnitTest\bin\x64\Debug\net472\zSmartClient_UnitTest.dll" adapterTypeName="executor://mstestadapter/v2" className="SmartClient_UnitTest.VideoOS.RemoteClient.Plugin.GisMap.ViewModels.LayersVisibility.FixedLayers.DefaultFixedLayerManagerStrategyTests" name="GetLayerVisibilityItemsData_ShouldAddOneFixedLayer_WhenOnlyDeviceMapLayersAreProvided" />
    </UnitTest>
    <UnitTest name="TestMultipleTaskUpdate" storage="d:\actions-runner\_work\xpco\xpco\sc\components\remoteviewer\smartclient\tst\zsmartclient_unittest\bin\x64\debug\net472\zsmartclient_unittest.dll" id="f16a12ad-889f-384d-d0eb-cbbdfad076fe">
      <Execution id="817f97d2-ba04-4dc1-b87c-e3b9f7989189" />
      <TestMethod codeBase="D:\actions-runner\_work\XPCO\XPCO\SC\Components\RemoteViewer\SmartClient\tst\zSmartClient_UnitTest\bin\x64\Debug\net472\zSmartClient_UnitTest.dll" adapterTypeName="executor://mstestadapter/v2" className="SmartClient_UnitTest.VideoOS.RemoteClient.Application.Managers.EdgeRetrievalTaskManagerUnitTest" name="TestMultipleTaskUpdate" />
    </UnitTest>
    <UnitTest name="Close_ShouldBeInvoked_WhenMarkerIsDisposed" storage="d:\actions-runner\_work\xpco\xpco\sc\components\remoteviewer\smartclient\tst\zsmartclient_unittest\bin\x64\debug\net472\zsmartclient_unittest.dll" id="d2ac6e2c-d244-6600-ac41-33c9ad0aa47c">
      <TestCategory>
        <TestCategoryItem TestCategory="MapItemMarkerBase" />
      </TestCategory>
      <Execution id="60d2725b-4af4-474b-b00e-bd39c6470371" />
      <TestMethod codeBase="D:\actions-runner\_work\XPCO\XPCO\SC\Components\RemoteViewer\SmartClient\tst\zSmartClient_UnitTest\bin\x64\Debug\net472\zSmartClient_UnitTest.dll" adapterTypeName="executor://mstestadapter/v2" className="SmartClient_UnitTest.VideoOS.RemoteClient.Plugin.GisMap.ThinkGeoMap.Markers.MapItemMarkerBaseTests" name="Close_ShouldBeInvoked_WhenMarkerIsDisposed" />
    </UnitTest>
    <UnitTest name="BookmarkSearchTime_WithSearchStringInDifferentCases_ReturnCorrectBookmarkWithSearchStringInDescription (SeArChStRiNg,False,True,False,False,,,1)" storage="d:\actions-runner\_work\xpco\xpco\sc\components\remoteviewer\smartclient\tst\zsmartclient_unittest\bin\x64\debug\net472\zsmartclient_unittest.dll" id="a93415ec-de36-b2ea-d5e2-6436a58b1c63">
      <Execution id="af5a0dcd-ddda-47ba-9428-be08dd91a20f" />
      <TestMethod codeBase="D:\actions-runner\_work\XPCO\XPCO\SC\Components\RemoteViewer\SmartClient\tst\zSmartClient_UnitTest\bin\x64\Debug\net472\zSmartClient_UnitTest.dll" adapterTypeName="executor://mstestadapter/v2" className="SmartClient_UnitTest.VideoOS.RemoteClient.Application.Data.Offline.UnitTest.BookmarkExportReaderTest" name="BookmarkSearchTime_WithSearchStringInDifferentCases_ReturnCorrectBookmarkWithSearchStringInDescription" />
    </UnitTest>
    <UnitTest name="InputItemsMapLayer_Load_Save_DataIsSame_WhenInputIsEnabled" storage="d:\actions-runner\_work\xpco\xpco\sc\components\remoteviewer\smartclient\tst\zsmartclient_unittest\bin\x64\debug\net472\zsmartclient_unittest.dll" id="e7e1ec7e-8e1e-7f8d-e3da-59506c852ed4">
      <TestCategory>
        <TestCategoryItem TestCategory="GisMapLayer" />
      </TestCategory>
      <Execution id="dd5ac9da-c014-439b-8d94-51149f84f07d" />
      <TestMethod codeBase="D:\actions-runner\_work\XPCO\XPCO\SC\Components\RemoteViewer\SmartClient\tst\zSmartClient_UnitTest\bin\x64\Debug\net472\zSmartClient_UnitTest.dll" adapterTypeName="executor://mstestadapter/v2" className="SmartClient_UnitTest.VideoOS.RemoteClient.GisMap.MapLayers.GisMapLayerTests" name="InputItemsMapLayer_Load_Save_DataIsSame_WhenInputIsEnabled" />
    </UnitTest>
    <UnitTest name="NavigateAndSelectAsync_DeselectCamera_ReCenterCommandEnabled" storage="d:\actions-runner\_work\xpco\xpco\sc\components\remoteviewer\smartclient\tst\zsmartclient_unittest\bin\x64\debug\net472\zsmartclient_unittest.dll" id="317e86cb-de5d-7ed1-da85-650314a8d400">
      <TestCategory>
        <TestCategoryItem TestCategory="GisMap.GisMapViewModel" />
      </TestCategory>
      <Execution id="b48b32e1-7e32-41ed-81b6-0ab8dd39eca0" />
      <TestMethod codeBase="D:\actions-runner\_work\XPCO\XPCO\SC\Components\RemoteViewer\SmartClient\tst\zSmartClient_UnitTest\bin\x64\Debug\net472\zSmartClient_UnitTest.dll" adapterTypeName="executor://mstestadapter/v2" className="SmartClient_UnitTest.VideoOS.RemoteClient.Plugin.GisMap.ViewModels.GisMapViewModelTests" name="NavigateAndSelectAsync_DeselectCamera_ReCenterCommandEnabled" />
    </UnitTest>
    <UnitTest name="Ctor_TwoBuiltInGroupsDefined_TwoCompositeAgentsAddedAndOneStandardAgentAdded" storage="d:\actions-runner\_work\xpco\xpco\sc\components\remoteviewer\smartclient\tst\zsmartclient_unittest\bin\x64\debug\net472\zsmartclient_unittest.dll" id="a39ae70d-c88f-1b05-e852-22bd9620ca7b">
      <TestCategory>
        <TestCategoryItem TestCategory="ScSearchManager" />
      </TestCategory>
      <Execution id="bd8338d9-0542-4aee-baee-4a2c0ba7da11" />
      <TestMethod codeBase="D:\actions-runner\_work\XPCO\XPCO\SC\Components\RemoteViewer\SmartClient\tst\zSmartClient_UnitTest\bin\x64\Debug\net472\zSmartClient_UnitTest.dll" adapterTypeName="executor://mstestadapter/v2" className="SmartClient_UnitTest.VideoOS.RemoteClient.Plugin.CentralizedSearch.MIPPlugin.ScSearchManagerTests" name="Ctor_TwoBuiltInGroupsDefined_TwoCompositeAgentsAddedAndOneStandardAgentAdded" />
    </UnitTest>
    <UnitTest name="Valid password exact length" storage="d:\actions-runner\_work\xpco\xpco\sc\components\remoteviewer\smartclient\tst\zsmartclient_unittest\bin\x64\debug\net472\zsmartclient_unittest.dll" id="b0824442-ef79-c269-aac7-84f27339359e">
      <TestCategory>
        <TestCategoryItem TestCategory="Export" />
      </TestCategory>
      <Execution id="29bdadd2-acca-4aba-a885-537100a8fc16" />
      <TestMethod codeBase="D:\actions-runner\_work\XPCO\XPCO\SC\Components\RemoteViewer\SmartClient\tst\zSmartClient_UnitTest\bin\x64\Debug\net472\zSmartClient_UnitTest.dll" adapterTypeName="executor://mstestadapter/v2" className="SmartClient_UnitTest.VideoOS.RemoteClient.Plugin.Export.PasswordDialogViewModelTests" name="SettingPassword1_ShouldSetIsPassword1Valid" />
    </UnitTest>
    <UnitTest name="Constructor_ShouldRaiseArgumentNullException_WhenLayersIsNull" storage="d:\actions-runner\_work\xpco\xpco\sc\components\remoteviewer\smartclient\tst\zsmartclient_unittest\bin\x64\debug\net472\zsmartclient_unittest.dll" id="4b4d5e86-475e-c148-8766-115d68041442">
      <TestCategory>
        <TestCategoryItem TestCategory="GisMap.Controllers.Devices.MapItems" />
      </TestCategory>
      <Execution id="eb7273fd-5d81-4253-839c-b78cebac0652" />
      <TestMethod codeBase="D:\actions-runner\_work\XPCO\XPCO\SC\Components\RemoteViewer\SmartClient\tst\zSmartClient_UnitTest\bin\x64\Debug\net472\zSmartClient_UnitTest.dll" adapterTypeName="executor://mstestadapter/v2" className="SmartClient_UnitTest.VideoOS.RemoteClient.Plugin.GisMap.Controllers.Devices.MapItems.DeviceDataControllerTests" name="Constructor_ShouldRaiseArgumentNullException_WhenLayersIsNull" />
    </UnitTest>
    <UnitTest name="Execute_YesCommand_DialogResultReturnsTrue" storage="d:\actions-runner\_work\xpco\xpco\sc\components\remoteviewer\smartclient\tst\zsmartclient_unittest\bin\x64\debug\net472\zsmartclient_unittest.dll" id="c122d3c0-e65a-97bc-0031-9b0adfb0a20b">
      <Execution id="43ed0c11-13ed-44f1-ae67-99d175e0985d" />
      <TestMethod codeBase="D:\actions-runner\_work\XPCO\XPCO\SC\Components\RemoteViewer\SmartClient\tst\zSmartClient_UnitTest\bin\x64\Debug\net472\zSmartClient_UnitTest.dll" adapterTypeName="executor://mstestadapter/v2" className="SmartClient_UnitTest.VideoOS.RemoteClient.Application.UI.Common.MessageBoxWithList.MessageBoxWithListViewModelTests" name="Execute_YesCommand_DialogResultReturnsTrue" />
    </UnitTest>
    <UnitTest name="Convert_InvalidSecondArgument_Collapsed" storage="d:\actions-runner\_work\xpco\xpco\sc\components\remoteviewer\smartclient\tst\zsmartclient_unittest\bin\x64\debug\net472\zsmartclient_unittest.dll" id="5c9e3b97-385d-08ab-8be4-492336c43670">
      <TestCategory>
        <TestCategoryItem TestCategory="SearchConverter" />
      </TestCategory>
      <Execution id="9992a9b5-c218-4c65-b2d7-85be1970cfad" />
      <TestMethod codeBase="D:\actions-runner\_work\XPCO\XPCO\SC\Components\RemoteViewer\SmartClient\tst\zSmartClient_UnitTest\bin\x64\Debug\net472\zSmartClient_UnitTest.dll" adapterTypeName="executor://mstestadapter/v2" className="SmartClient_UnitTest.VideoOS.RemoteClient.Plugin.CentralizedSearch.Views.Converters.NoCriteriaSelectedGridVisibilityConverterTests" name="Convert_InvalidSecondArgument_Collapsed" />
    </UnitTest>
    <UnitTest name="ActionBarPluginsEnabled_TwoPluginsWithDifferentOverflowModes_PluginButtonPresentInActionBarAndSortedCorrectly" storage="d:\actions-runner\_work\xpco\xpco\sc\components\remoteviewer\smartclient\tst\zsmartclient_unittest\bin\x64\debug\net472\zsmartclient_unittest.dll" id="f4a64d46-5162-ebbc-c6d5-bf9ee224f0ba">
      <TestCategory>
        <TestCategoryItem TestCategory="SearchViews" />
      </TestCategory>
      <Execution id="c8b55d76-e517-4a03-a53e-d02307302837" />
      <TestMethod codeBase="D:\actions-runner\_work\XPCO\XPCO\SC\Components\RemoteViewer\SmartClient\tst\zSmartClient_UnitTest\bin\x64\Debug\net472\zSmartClient_UnitTest.dll" adapterTypeName="executor://mstestadapter/v2" className="SmartClient_UnitTest.VideoOS.RemoteClient.Plugin.CentralizedSearch.Views.SearchResultActionBarViewTests" name="ActionBarPluginsEnabled_TwoPluginsWithDifferentOverflowModes_PluginButtonPresentInActionBarAndSortedCorrectly" />
    </UnitTest>
    <UnitTest name="RemoveDefinition_NullDefinition_Throws" storage="d:\actions-runner\_work\xpco\xpco\sc\components\remoteviewer\smartclient\tst\zsmartclient_unittest\bin\x64\debug\net472\zsmartclient_unittest.dll" id="dc2a73b2-537f-23c2-17dd-b62bfff2142a">
      <TestCategory>
        <TestCategoryItem TestCategory="SearchModels" />
      </TestCategory>
      <Execution id="b625b67f-6ed3-418d-a920-c3afadc1c0b7" />
      <TestMethod codeBase="D:\actions-runner\_work\XPCO\XPCO\SC\Components\RemoteViewer\SmartClient\tst\zSmartClient_UnitTest\bin\x64\Debug\net472\zSmartClient_UnitTest.dll" adapterTypeName="executor://mstestadapter/v2" className="SmartClient_UnitTest.VideoOS.RemoteClient.Plugin.CentralizedSearch.Models.SearchModelTests" name="RemoveDefinition_NullDefinition_Throws" />
    </UnitTest>
    <UnitTest name="Ctor_WpfMessageBoxButtonIsSetToYesNo_OnlyYesNoButtonsVisible" storage="d:\actions-runner\_work\xpco\xpco\sc\components\remoteviewer\smartclient\tst\zsmartclient_unittest\bin\x64\debug\net472\zsmartclient_unittest.dll" id="2e3adaa4-ba6e-d91b-783c-2bb11efe1b7a">
      <Execution id="7debf864-3325-4074-bdae-752d2afea1e9" />
      <TestMethod codeBase="D:\actions-runner\_work\XPCO\XPCO\SC\Components\RemoteViewer\SmartClient\tst\zSmartClient_UnitTest\bin\x64\Debug\net472\zSmartClient_UnitTest.dll" adapterTypeName="executor://mstestadapter/v2" className="SmartClient_UnitTest.VideoOS.RemoteClient.Application.UI.Common.MessageBoxWithList.MessageBoxWithListViewModelTests" name="Ctor_WpfMessageBoxButtonIsSetToYesNo_OnlyYesNoButtonsVisible" />
    </UnitTest>
    <UnitTest name="SearchResultsActionBarActions_SendToFloatingWindowMaxCamerasExceededButAccepted_InvokeCommand_WarningDialogDisplayed" storage="d:\actions-runner\_work\xpco\xpco\sc\components\remoteviewer\smartclient\tst\zsmartclient_unittest\bin\x64\debug\net472\zsmartclient_unittest.dll" id="c7772852-e1ce-5a56-9e2d-f376c5ee0d2f">
      <TestCategory>
        <TestCategoryItem TestCategory="SearchResultActionBarViewModel" />
      </TestCategory>
      <Execution id="2ea0172f-86b1-466a-9a42-42f41c821be5" />
      <TestMethod codeBase="D:\actions-runner\_work\XPCO\XPCO\SC\Components\RemoteViewer\SmartClient\tst\zSmartClient_UnitTest\bin\x64\Debug\net472\zSmartClient_UnitTest.dll" adapterTypeName="executor://mstestadapter/v2" className="SmartClient_UnitTest.VideoOS.RemoteClient.Plugin.CentralizedSearch.ViewModels.SearchResultsActionBarViewModelTest" name="SearchResultsActionBarActions_SendToFloatingWindowMaxCamerasExceededButAccepted_InvokeCommand_WarningDialogDisplayed" />
    </UnitTest>
    <UnitTest name="NewSearchButtonEnabledState_AllScenarios_Success" storage="d:\actions-runner\_work\xpco\xpco\sc\components\remoteviewer\smartclient\tst\zsmartclient_unittest\bin\x64\debug\net472\zsmartclient_unittest.dll" id="ee79b24f-9e89-909d-5cb1-d41ef45dcfd9">
      <TestCategory>
        <TestCategoryItem TestCategory="SearchControls" />
      </TestCategory>
      <Execution id="3e03f624-d3b6-4fdb-8308-0322ad5d6d21" />
      <TestMethod codeBase="D:\actions-runner\_work\XPCO\XPCO\SC\Components\RemoteViewer\SmartClient\tst\zSmartClient_UnitTest\bin\x64\Debug\net472\zSmartClient_UnitTest.dll" adapterTypeName="executor://mstestadapter/v2" className="SmartClient_UnitTest.VideoOS.RemoteClient.Plugin.CentralizedSearch.Views.Controls.SearchCategorySelect.SelectSearchCategoryLayoutTests" name="NewSearchButtonEnabledState_AllScenarios_Success" />
    </UnitTest>
    <UnitTest name="VideoResultSearchResult_ShouldOnlyHavePropertiesFromSecondContext_WhenSetTwiceAndThrowingOnTokenCancellation" storage="d:\actions-runner\_work\xpco\xpco\sc\components\remoteviewer\smartclient\tst\zsmartclient_unittest\bin\x64\debug\net472\zsmartclient_unittest.dll" id="2a52f03a-cddc-7860-41d6-2e4a73025212">
      <TestCategory>
        <TestCategoryItem TestCategory="SearchControls" />
      </TestCategory>
      <Execution id="1e7964f6-5a20-4b6a-bdd7-fe0cee13d9c9" />
      <TestMethod codeBase="D:\actions-runner\_work\XPCO\XPCO\SC\Components\RemoteViewer\SmartClient\tst\zSmartClient_UnitTest\bin\x64\Debug\net472\zSmartClient_UnitTest.dll" adapterTypeName="executor://mstestadapter/v2" className="SmartClient_UnitTest.VideoOS.RemoteClient.Plugin.CentralizedSearch.Views.Controls.SearchResultDetailsControlTests" name="VideoResultSearchResult_ShouldOnlyHavePropertiesFromSecondContext_WhenSetTwiceAndThrowingOnTokenCancellation" />
    </UnitTest>
    <UnitTest name="SearchAction_BrowseMode_Now" storage="d:\actions-runner\_work\xpco\xpco\sc\components\remoteviewer\smartclient\tst\zsmartclient_unittest\bin\x64\debug\net472\zsmartclient_unittest.dll" id="e81278a0-f697-84b0-67b1-ed0b5035a30c">
      <TestCategory>
        <TestCategoryItem TestCategory="WorkspaceToolbar" />
      </TestCategory>
      <Execution id="5c887a77-29be-437c-b8d6-ff104ccc9547" />
      <TestMethod codeBase="D:\actions-runner\_work\XPCO\XPCO\SC\Components\RemoteViewer\SmartClient\tst\zSmartClient_UnitTest\bin\x64\Debug\net472\zSmartClient_UnitTest.dll" adapterTypeName="executor://mstestadapter/v2" className="SmartClient_UnitTest.VideoOS.RemoteClient.Application.Data.WorkspaceToolbar.WorkspaceToolbarItemSmartSearchTests" name="SearchAction_BrowseMode_Now" />
    </UnitTest>
    <UnitTest name="RemoveSelectedCameraCommand_WithActiveSearchTemplateAndValidCamera_ActiveSearchTemplateModifiedSet" storage="d:\actions-runner\_work\xpco\xpco\sc\components\remoteviewer\smartclient\tst\zsmartclient_unittest\bin\x64\debug\net472\zsmartclient_unittest.dll" id="29952541-0072-8c3b-e8db-a524fa1509da">
      <TestCategory>
        <TestCategoryItem TestCategory="SearchViewModels" />
      </TestCategory>
      <Execution id="9ee43c60-b792-4a34-b6ad-43d45795c2ad" />
      <TestMethod codeBase="D:\actions-runner\_work\XPCO\XPCO\SC\Components\RemoteViewer\SmartClient\tst\zSmartClient_UnitTest\bin\x64\Debug\net472\zSmartClient_UnitTest.dll" adapterTypeName="executor://mstestadapter/v2" className="SmartClient_UnitTest.VideoOS.RemoteClient.Plugin.CentralizedSearch.ViewModels.SearchViewModelTests" name="RemoveSelectedCameraCommand_WithActiveSearchTemplateAndValidCamera_ActiveSearchTemplateModifiedSet" />
    </UnitTest>
    <UnitTest name="GetBoundingShapesForMetadataObjectsAsync_ShouldIncludeNonFirstMetadataObject_WhenRequestedTimeIsWithinMetadataTimespan" storage="d:\actions-runner\_work\xpco\xpco\sc\components\remoteviewer\smartclient\tst\zsmartclient_unittest\bin\x64\debug\net472\zsmartclient_unittest.dll" id="a5677ca9-068f-1409-b05b-617b1124d3e3">
      <Execution id="83101674-423e-4e73-b01f-948e9f35ae88" />
      <TestMethod codeBase="D:\actions-runner\_work\XPCO\XPCO\SC\Components\RemoteViewer\SmartClient\tst\zSmartClient_UnitTest\bin\x64\Debug\net472\zSmartClient_UnitTest.dll" adapterTypeName="executor://mstestadapter/v2" className="SmartClient_UnitTest.VideoOS.RemoteClient.Plugin.CentralizedSearch.Utils.MetadataUtilTests" name="GetBoundingShapesForMetadataObjectsAsync_ShouldIncludeNonFirstMetadataObject_WhenRequestedTimeIsWithinMetadataTimespan" />
    </UnitTest>
    <UnitTest name="GetSKU_ShouldReturnEmptyString_WhenLicenseIsNull" storage="d:\actions-runner\_work\xpco\xpco\sc\components\remoteviewer\smartclient\tst\zsmartclient_unittest\bin\x64\debug\net472\zsmartclient_unittest.dll" id="57bd8ba2-a7b1-3773-dd72-99c3e39978da">
      <Execution id="b8cafe2f-70d9-4d00-91cb-b79f0bdf2478" />
      <TestMethod codeBase="D:\actions-runner\_work\XPCO\XPCO\SC\Components\RemoteViewer\SmartClient\tst\zSmartClient_UnitTest\bin\x64\Debug\net472\zSmartClient_UnitTest.dll" adapterTypeName="executor://mstestadapter/v2" className="SmartClient_UnitTest.VideoOS.RemoteClient.Application.Common.Telemetry.SCTelemetrySpecificsTests" name="GetSKU_ShouldReturnEmptyString_WhenLicenseIsNull" />
    </UnitTest>
    <UnitTest name="CreateExportDialog_CannotCreateExport_WithMissingExportName" storage="d:\actions-runner\_work\xpco\xpco\sc\components\remoteviewer\smartclient\tst\zsmartclient_unittest\bin\x64\debug\net472\zsmartclient_unittest.dll" id="6e8c0e78-ac96-07f6-2327-5c670bb6a7bf">
      <TestCategory>
        <TestCategoryItem TestCategory="Export" />
      </TestCategory>
      <Execution id="9b99480f-be8d-49ef-80e5-0da62872857f" />
      <TestMethod codeBase="D:\actions-runner\_work\XPCO\XPCO\SC\Components\RemoteViewer\SmartClient\tst\zSmartClient_UnitTest\bin\x64\Debug\net472\zSmartClient_UnitTest.dll" adapterTypeName="executor://mstestadapter/v2" className="SmartClient_UnitTest.VideoOS.RemoteClient.Plugin.Export.CreateExportDialogViewModelTests" name="CreateExportDialog_CannotCreateExport_WithMissingExportName" />
    </UnitTest>
    <UnitTest name="UpdateSearchTemplateAsync_ThrowException_Success" storage="d:\actions-runner\_work\xpco\xpco\sc\components\remoteviewer\smartclient\tst\zsmartclient_unittest\bin\x64\debug\net472\zsmartclient_unittest.dll" id="af1a0be1-93c9-d922-1b83-a62e257edad1">
      <TestCategory>
        <TestCategoryItem TestCategory="SearchTemplatesService" />
      </TestCategory>
      <Execution id="3ca1e2a9-797a-40ae-9517-0e6a1bf2173e" />
      <TestMethod codeBase="D:\actions-runner\_work\XPCO\XPCO\SC\Components\RemoteViewer\SmartClient\tst\zSmartClient_UnitTest\bin\x64\Debug\net472\zSmartClient_UnitTest.dll" adapterTypeName="executor://mstestadapter/v2" className="SmartClient_UnitTest.VideoOS.RemoteClient.Plugin.CentralizedSearch.SearchTemplates.Service.SearchTemplateServiceTests" name="UpdateSearchTemplateAsync_ThrowException_Success" />
    </UnitTest>
    <UnitTest name="SuspendedPropertyChanged_Success" storage="d:\actions-runner\_work\xpco\xpco\sc\components\remoteviewer\smartclient\tst\zsmartclient_unittest\bin\x64\debug\net472\zsmartclient_unittest.dll" id="f192461d-c04b-ccd8-4669-21b5fa7a7ede">
      <TestCategory>
        <TestCategoryItem TestCategory="SearchViews" />
      </TestCategory>
      <Execution id="533d0e41-8ed2-441f-af09-9ae8f0c4d246" />
      <TestMethod codeBase="D:\actions-runner\_work\XPCO\XPCO\SC\Components\RemoteViewer\SmartClient\tst\zSmartClient_UnitTest\bin\x64\Debug\net472\zSmartClient_UnitTest.dll" adapterTypeName="executor://mstestadapter/v2" className="SmartClient_UnitTest.VideoOS.RemoteClient.Plugin.CentralizedSearch.Views.SearchResultsViewTests" name="SuspendedPropertyChanged_Success" />
    </UnitTest>
    <UnitTest name="Compare_NullVsNotNull_GreaterThan" storage="d:\actions-runner\_work\xpco\xpco\sc\components\remoteviewer\smartclient\tst\zsmartclient_unittest\bin\x64\debug\net472\zsmartclient_unittest.dll" id="03176de6-d0a5-5d83-9bd0-bdcb94c2ab49">
      <TestCategory>
        <TestCategoryItem TestCategory="SearchComparers" />
      </TestCategory>
      <Execution id="d9bab7e3-d64f-4f62-a756-0c02775686ed" />
      <TestMethod codeBase="D:\actions-runner\_work\XPCO\XPCO\SC\Components\RemoteViewer\SmartClient\tst\zSmartClient_UnitTest\bin\x64\Debug\net472\zSmartClient_UnitTest.dll" adapterTypeName="executor://mstestadapter/v2" className="SmartClient_UnitTest.VideoOS.RemoteClient.Plugin.CentralizedSearch.Models.Wrappers.Comparers.TriggerTimeComparerTests" name="Compare_NullVsNotNull_GreaterThan" />
    </UnitTest>
    <UnitTest name="SupportsRightClick_ShouldBeFalse_WhenInteractionStateIsNotNormal" storage="d:\actions-runner\_work\xpco\xpco\sc\components\remoteviewer\smartclient\tst\zsmartclient_unittest\bin\x64\debug\net472\zsmartclient_unittest.dll" id="2c1f07ec-ce8f-9b5e-788c-417096e2b9e1">
      <TestCategory>
        <TestCategoryItem TestCategory="GisMap.MipItemMarker" />
      </TestCategory>
      <Execution id="447bc640-d90c-4965-a311-939cc4b71656" />
      <TestMethod codeBase="D:\actions-runner\_work\XPCO\XPCO\SC\Components\RemoteViewer\SmartClient\tst\zSmartClient_UnitTest\bin\x64\Debug\net472\zSmartClient_UnitTest.dll" adapterTypeName="executor://mstestadapter/v2" className="SmartClient_UnitTest.VideoOS.RemoteClient.Plugin.GisMap.ThinkGeoMap.Markers.MipItemMarker.MipItemMarkerTests" name="SupportsRightClick_ShouldBeFalse_WhenInteractionStateIsNotNormal" />
    </UnitTest>
    <UnitTest name="PatrollingProfileViewModelTest_Name" storage="d:\actions-runner\_work\xpco\xpco\sc\components\remoteviewer\smartclient\tst\zsmartclient_unittest\bin\x64\debug\net472\zsmartclient_unittest.dll" id="56fde5b0-e4df-3dd0-b924-b3d8168ff571">
      <Execution id="e9e10078-9af5-4b3a-a2b9-58cb5006a9a0" />
      <TestMethod codeBase="D:\actions-runner\_work\XPCO\XPCO\SC\Components\RemoteViewer\SmartClient\tst\zSmartClient_UnitTest\bin\x64\Debug\net472\zSmartClient_UnitTest.dll" adapterTypeName="executor://mstestadapter/v2" className="SmartClient_UnitTest.VideoOS.RemoteClient.Application.UI.PtzPreset.PatrollingViewModel.PatrollingProfileViewModelTest" name="PatrollingProfileViewModelTest_Name" />
    </UnitTest>
    <UnitTest name="BookmarkSearchTime_WithSearchStringInDifferentCases_ReturnCorrectBookmarkWithSearchStringInDescription (SeArChStRiNg,False,False,False,False,,,0)" storage="d:\actions-runner\_work\xpco\xpco\sc\components\remoteviewer\smartclient\tst\zsmartclient_unittest\bin\x64\debug\net472\zsmartclient_unittest.dll" id="deaca624-52c0-c1cd-66a2-a22703cf16ef">
      <Execution id="127ac763-a8fd-4e83-881f-4f335eb3d417" />
      <TestMethod codeBase="D:\actions-runner\_work\XPCO\XPCO\SC\Components\RemoteViewer\SmartClient\tst\zSmartClient_UnitTest\bin\x64\Debug\net472\zSmartClient_UnitTest.dll" adapterTypeName="executor://mstestadapter/v2" className="SmartClient_UnitTest.VideoOS.RemoteClient.Application.Data.Offline.UnitTest.BookmarkExportReaderTest" name="BookmarkSearchTime_WithSearchStringInDifferentCases_ReturnCorrectBookmarkWithSearchStringInDescription" />
    </UnitTest>
    <UnitTest name="PerformAction_Success" storage="d:\actions-runner\_work\xpco\xpco\sc\components\remoteviewer\smartclient\tst\zsmartclient_unittest\bin\x64\debug\net472\zsmartclient_unittest.dll" id="4b3691e7-07b6-0fb9-2d54-63140b399b3d">
      <TestCategory>
        <TestCategoryItem TestCategory="MipItemsRetriever" />
      </TestCategory>
      <Execution id="95face0a-c404-45c4-abd9-1f57c3926024" />
      <TestMethod codeBase="D:\actions-runner\_work\XPCO\XPCO\SC\Components\RemoteViewer\SmartClient\tst\zSmartClient_UnitTest\bin\x64\Debug\net472\zSmartClient_UnitTest.dll" adapterTypeName="executor://mstestadapter/v2" className="SmartClient_UnitTest.VideoOS.RemoteClient.Plugin.GisMap.MIP.MipItemActionsCommunicatorTests" name="PerformAction_Success" />
    </UnitTest>
    <UnitTest name="GetServerTypes_ShouldReturnFailoverServerType" storage="d:\actions-runner\_work\xpco\xpco\sc\components\remoteviewer\smartclient\tst\zsmartclient_unittest\bin\x64\debug\net472\zsmartclient_unittest.dll" id="5b8ffd61-7472-5d07-a1e1-10f78205a31d">
      <Execution id="2c1c301a-b654-4cf7-a505-0b7423e33af2" />
      <TestMethod codeBase="D:\actions-runner\_work\XPCO\XPCO\SC\Components\RemoteViewer\SmartClient\tst\zSmartClient_UnitTest\bin\x64\Debug\net472\zSmartClient_UnitTest.dll" adapterTypeName="executor://mstestadapter/v2" className="SmartClient_UnitTest.VideoOS.RemoteClient.Application.Data.ContentTypes.ReportingContentType.DashboardExtentionsTest" name="GetServerTypes_ShouldReturnFailoverServerType" />
    </UnitTest>
    <UnitTest name="Convert_NoCamerasSelectionsAndNoSearchDefinitions_Collapsed" storage="d:\actions-runner\_work\xpco\xpco\sc\components\remoteviewer\smartclient\tst\zsmartclient_unittest\bin\x64\debug\net472\zsmartclient_unittest.dll" id="092a5f5d-5e92-e7c2-e812-620b9e6c3275">
      <TestCategory>
        <TestCategoryItem TestCategory="SearchConverter" />
      </TestCategory>
      <Execution id="c9f0bceb-66e3-432d-a7e2-06ef9f8e81ba" />
      <TestMethod codeBase="D:\actions-runner\_work\XPCO\XPCO\SC\Components\RemoteViewer\SmartClient\tst\zSmartClient_UnitTest\bin\x64\Debug\net472\zSmartClient_UnitTest.dll" adapterTypeName="executor://mstestadapter/v2" className="SmartClient_UnitTest.VideoOS.RemoteClient.Plugin.CentralizedSearch.Views.Converters.NoCriteriaSelectedGridVisibilityConverterTests" name="Convert_NoCamerasSelectionsAndNoSearchDefinitions_Collapsed" />
    </UnitTest>
    <UnitTest name="Parse_Yesterday_Success" storage="d:\actions-runner\_work\xpco\xpco\sc\components\remoteviewer\smartclient\tst\zsmartclient_unittest\bin\x64\debug\net472\zsmartclient_unittest.dll" id="6c232766-0173-c070-73ea-ec002545c357">
      <TestCategory>
        <TestCategoryItem TestCategory="Search" />
      </TestCategory>
      <Execution id="36da96ab-9a3e-4548-ad18-840281dabab0" />
      <TestMethod codeBase="D:\actions-runner\_work\XPCO\XPCO\SC\Components\RemoteViewer\SmartClient\tst\zSmartClient_UnitTest\bin\x64\Debug\net472\zSmartClient_UnitTest.dll" adapterTypeName="executor://mstestadapter/v2" className="SmartClient_UnitTest.VideoOS.RemoteClient.Plugin.CentralizedSearch.Models.ScopeDurationTests" name="Parse_Yesterday_Success" />
    </UnitTest>
    <UnitTest name="ServerAuthentication_ShouldReturnLegacyWindowsCurrentUser_WhenConstructedUsingWindowsDefault" storage="d:\actions-runner\_work\xpco\xpco\sc\components\remoteviewer\smartclient\tst\zsmartclient_unittest\bin\x64\debug\net472\zsmartclient_unittest.dll" id="910648d0-f58e-b40c-710a-20818471b114">
      <TestCategory>
        <TestCategoryItem TestCategory="Authentication.ClientCredentials" />
      </TestCategory>
      <Execution id="3e6d3381-73a8-4b44-8a4a-656a376cd34e" />
      <TestMethod codeBase="D:\actions-runner\_work\XPCO\XPCO\SC\Components\RemoteViewer\SmartClient\tst\zSmartClient_UnitTest\bin\x64\Debug\net472\zSmartClient_UnitTest.dll" adapterTypeName="executor://mstestadapter/v2" className="SmartClient_UnitTest.VideoOS.Shared.ServerAPI.ClientCredentialsTest" name="ServerAuthentication_ShouldReturnLegacyWindowsCurrentUser_WhenConstructedUsingWindowsDefault" />
    </UnitTest>
    <UnitTest name="PtzSessionController_Constructor_Test" storage="d:\actions-runner\_work\xpco\xpco\sc\components\remoteviewer\smartclient\tst\zsmartclient_unittest\bin\x64\debug\net472\zsmartclient_unittest.dll" id="bdaa8c04-85d7-4ee8-e951-82186f7309ad">
      <Execution id="e71e0f3f-68d4-4f81-9874-0b0075a6f336" />
      <TestMethod codeBase="D:\actions-runner\_work\XPCO\XPCO\SC\Components\RemoteViewer\SmartClient\tst\zSmartClient_UnitTest\bin\x64\Debug\net472\zSmartClient_UnitTest.dll" adapterTypeName="executor://mstestadapter/v2" className="VideoOS.RemoteClient.Application.Controllers.UnitTest.PtzSessionControllerTest" name="PtzSessionController_Constructor_Test" />
    </UnitTest>
    <UnitTest name="PatrollingStepViewModel_IsDirty" storage="d:\actions-runner\_work\xpco\xpco\sc\components\remoteviewer\smartclient\tst\zsmartclient_unittest\bin\x64\debug\net472\zsmartclient_unittest.dll" id="bdfc4999-ccbe-91b3-0eb1-52f2f541ba00">
      <Execution id="d824a734-9728-4ec4-a57e-7bf0d7052ed9" />
      <TestMethod codeBase="D:\actions-runner\_work\XPCO\XPCO\SC\Components\RemoteViewer\SmartClient\tst\zSmartClient_UnitTest\bin\x64\Debug\net472\zSmartClient_UnitTest.dll" adapterTypeName="executor://mstestadapter/v2" className="SmartClient_UnitTest.VideoOS.RemoteClient.Application.UI.PtzPreset.PatrollingViewModel.PatrollingStepViewModelTest" name="PatrollingStepViewModel_IsDirty" />
    </UnitTest>
    <UnitTest name="SupportsDoubleClick_ShouldBeFalse_WhenInteractionStateIsNormalAndNotInSetupMode" storage="d:\actions-runner\_work\xpco\xpco\sc\components\remoteviewer\smartclient\tst\zsmartclient_unittest\bin\x64\debug\net472\zsmartclient_unittest.dll" id="08b3ace1-45f6-6e1d-2bc1-52f8ecd0e63e">
      <TestCategory>
        <TestCategoryItem TestCategory="GisMap.LocationMarker" />
      </TestCategory>
      <Execution id="d323906d-d175-400d-9c49-f5beef8a07c9" />
      <TestMethod codeBase="D:\actions-runner\_work\XPCO\XPCO\SC\Components\RemoteViewer\SmartClient\tst\zSmartClient_UnitTest\bin\x64\Debug\net472\zSmartClient_UnitTest.dll" adapterTypeName="executor://mstestadapter/v2" className="SmartClient_UnitTest.VideoOS.RemoteClient.Plugin.GisMap.ThinkGeoMap.Markers.LocationMarker.LocationMarkerTests" name="SupportsDoubleClick_ShouldBeFalse_WhenInteractionStateIsNormalAndNotInSetupMode" />
    </UnitTest>
    <UnitTest name="LoadSearchTemplate_ActiveToNewActive_UpdateAndEvent" storage="d:\actions-runner\_work\xpco\xpco\sc\components\remoteviewer\smartclient\tst\zsmartclient_unittest\bin\x64\debug\net472\zsmartclient_unittest.dll" id="575a32bf-8dea-b537-a592-8290f971bf09">
      <TestCategory>
        <TestCategoryItem TestCategory="SearchTemplates" />
      </TestCategory>
      <Execution id="1743be64-9598-4ca8-bc01-e5bb4a521774" />
      <TestMethod codeBase="D:\actions-runner\_work\XPCO\XPCO\SC\Components\RemoteViewer\SmartClient\tst\zSmartClient_UnitTest\bin\x64\Debug\net472\zSmartClient_UnitTest.dll" adapterTypeName="executor://mstestadapter/v2" className="SmartClient_UnitTest.VideoOS.RemoteClient.Plugin.CentralizedSearch.SearchTemplates.SearchTemplateManagerTests" name="LoadSearchTemplate_ActiveToNewActive_UpdateAndEvent" />
    </UnitTest>
    <UnitTest name="UpdateAction_SingleRejected_AddSuffixToToolTip" storage="d:\actions-runner\_work\xpco\xpco\sc\components\remoteviewer\smartclient\tst\zsmartclient_unittest\bin\x64\debug\net472\zsmartclient_unittest.dll" id="046e87a4-129e-e9d1-b689-ff12d71bb7aa">
      <TestCategory>
        <TestCategoryItem TestCategory="SearchResultsAction" />
      </TestCategory>
      <Execution id="645463ef-4b73-4f0a-9365-8aee13c46252" />
      <TestMethod codeBase="D:\actions-runner\_work\XPCO\XPCO\SC\Components\RemoteViewer\SmartClient\tst\zSmartClient_UnitTest\bin\x64\Debug\net472\zSmartClient_UnitTest.dll" adapterTypeName="executor://mstestadapter/v2" className="SmartClient_UnitTest.VideoOS.RemoteClient.Plugin.CentralizedSearch.ViewModels.SearchResultsActionViewModelTests" name="UpdateAction_SingleRejected_AddSuffixToToolTip" />
    </UnitTest>
    <UnitTest name="GetItemsIn_InBuildingNoLevels_Returns2Items" storage="d:\actions-runner\_work\xpco\xpco\sc\components\remoteviewer\smartclient\tst\zsmartclient_unittest\bin\x64\debug\net472\zsmartclient_unittest.dll" id="b802935f-0eb0-14ff-4c95-9725f194073b">
      <TestCategory>
        <TestCategoryItem TestCategory="GisMapIndex" />
      </TestCategory>
      <Execution id="f3d9ea2f-e7c5-471f-ad52-8ba9e1aa42a6" />
      <TestMethod codeBase="D:\actions-runner\_work\XPCO\XPCO\SC\Components\RemoteViewer\SmartClient\tst\zSmartClient_UnitTest\bin\x64\Debug\net472\zSmartClient_UnitTest.dll" adapterTypeName="executor://mstestadapter/v2" className="SmartClient_UnitTest.VideoOS.RemoteClient.GisMapData.Common.Indexer.BuildingsAwareIndexerTests" name="GetItemsIn_InBuildingNoLevels_Returns2Items" />
    </UnitTest>
    <UnitTest name="LeftButtonDown_ShouldNotRaiseAnException_WhenFired" storage="d:\actions-runner\_work\xpco\xpco\sc\components\remoteviewer\smartclient\tst\zsmartclient_unittest\bin\x64\debug\net472\zsmartclient_unittest.dll" id="2031c616-1edd-8f7a-639e-5fd173aaa18e">
      <TestCategory>
        <TestCategoryItem TestCategory="GisMap.WindowsBases" />
      </TestCategory>
      <Execution id="aaddff08-5a09-4f02-8410-78991f2eebf9" />
      <TestMethod codeBase="D:\actions-runner\_work\XPCO\XPCO\SC\Components\RemoteViewer\SmartClient\tst\zSmartClient_UnitTest\bin\x64\Debug\net472\zSmartClient_UnitTest.dll" adapterTypeName="executor://mstestadapter/v2" className="SmartClient_UnitTest.VideoOS.RemoteClient.Plugin.GisMap.Windows.Bases.DragWindowDecoratorTests" name="LeftButtonDown_ShouldNotRaiseAnException_WhenFired" />
    </UnitTest>
    <UnitTest name="CreateGeometry_NullPointsCollection_ThrowsArgNullException" storage="d:\actions-runner\_work\xpco\xpco\sc\components\remoteviewer\smartclient\tst\zsmartclient_unittest\bin\x64\debug\net472\zsmartclient_unittest.dll" id="8b769f83-03d1-54d2-bd91-c30ba7e579fb">
      <TestCategory>
        <TestCategoryItem TestCategory="GisMapIndex" />
      </TestCategory>
      <Execution id="4f4e1c55-c08e-4901-b2fd-21cd60719c04" />
      <TestMethod codeBase="D:\actions-runner\_work\XPCO\XPCO\SC\Components\RemoteViewer\SmartClient\tst\zSmartClient_UnitTest\bin\x64\Debug\net472\zSmartClient_UnitTest.dll" adapterTypeName="executor://mstestadapter/v2" className="SmartClient_UnitTest.VideoOS.RemoteClient.GisMapData.Common.Indexer.IndexUtilTests" name="CreateGeometry_NullPointsCollection_ThrowsArgNullException" />
    </UnitTest>
    <UnitTest name="LoadInitialState_OfflineMode_ReturnsStateWithTimeScopeFromOfflineManager" storage="d:\actions-runner\_work\xpco\xpco\sc\components\remoteviewer\smartclient\tst\zsmartclient_unittest\bin\x64\debug\net472\zsmartclient_unittest.dll" id="2d9d257b-dc7a-dd0a-92c1-64a2f9201d0f">
      <TestCategory>
        <TestCategoryItem TestCategory="Search" />
      </TestCategory>
      <Execution id="29c1e7f1-24ff-4925-a9c7-3129cfb5f606" />
      <TestMethod codeBase="D:\actions-runner\_work\XPCO\XPCO\SC\Components\RemoteViewer\SmartClient\tst\zSmartClient_UnitTest\bin\x64\Debug\net472\zSmartClient_UnitTest.dll" adapterTypeName="executor://mstestadapter/v2" className="SmartClient_UnitTest.VideoOS.RemoteClient.Plugin.CentralizedSearch.CentralizedSearchContentHolderTests" name="LoadInitialState_OfflineMode_ReturnsStateWithTimeScopeFromOfflineManager" />
    </UnitTest>
    <UnitTest name="AddToExportDevices_ShouldReturnCorrectResult (1,1,1)" storage="d:\actions-runner\_work\xpco\xpco\sc\components\remoteviewer\smartclient\tst\zsmartclient_unittest\bin\x64\debug\net472\zsmartclient_unittest.dll" id="02670d69-ce2a-fe6d-73fd-2b66fd26f5d4">
      <TestCategory>
        <TestCategoryItem TestCategory="Managers" />
      </TestCategory>
      <Execution id="f2baee73-657a-4aec-8b74-89cb45118170" />
      <TestMethod codeBase="D:\actions-runner\_work\XPCO\XPCO\SC\Components\RemoteViewer\SmartClient\tst\zSmartClient_UnitTest\bin\x64\Debug\net472\zSmartClient_UnitTest.dll" adapterTypeName="executor://mstestadapter/v2" className="SmartClient_UnitTest.VideoOS.RemoteClient.Application.Managers.ExportManagerTests" name="AddToExportDevices_ShouldReturnCorrectResult" />
    </UnitTest>
    <UnitTest name="MapLayerType_ShouldBeInputItemsMapLayer_WhenCalled" storage="d:\actions-runner\_work\xpco\xpco\sc\components\remoteviewer\smartclient\tst\zsmartclient_unittest\bin\x64\debug\net472\zsmartclient_unittest.dll" id="ca442d25-1d56-7ce4-2a08-3c581c8826e1">
      <Execution id="39fe566b-e0fa-4d01-8a1f-13723bda03f1" />
      <TestMethod codeBase="D:\actions-runner\_work\XPCO\XPCO\SC\Components\RemoteViewer\SmartClient\tst\zSmartClient_UnitTest\bin\x64\Debug\net472\zSmartClient_UnitTest.dll" adapterTypeName="executor://mstestadapter/v2" className="SmartClient_UnitTest.VideoOS.RemoteClient.GisMapData.Strategies.MapLayers.InputMapLayerDatagramClassFactoryStrategyTests" name="MapLayerType_ShouldBeInputItemsMapLayer_WhenCalled" />
    </UnitTest>
    <UnitTest name="ValidateExportItems_ShouldReturnFailResult_ViewItemRequired" storage="d:\actions-runner\_work\xpco\xpco\sc\components\remoteviewer\smartclient\tst\zsmartclient_unittest\bin\x64\debug\net472\zsmartclient_unittest.dll" id="c56f457f-add8-fe75-61ba-d07e5ee3df6d">
      <TestCategory>
        <TestCategoryItem TestCategory="Export" />
      </TestCategory>
      <Execution id="1612e57e-edd2-4f1e-88ce-1acfa2b039a8" />
      <TestMethod codeBase="D:\actions-runner\_work\XPCO\XPCO\SC\Components\RemoteViewer\SmartClient\tst\zSmartClient_UnitTest\bin\x64\Debug\net472\zSmartClient_UnitTest.dll" adapterTypeName="executor://mstestadapter/v2" className="SmartClient_UnitTest.VideoOS.RemoteClient.Plugin.Export.ExportDataValidatorTests" name="ValidateExportItems_ShouldReturnFailResult_ViewItemRequired" />
    </UnitTest>
    <UnitTest name="Toolbar_IsVisible_WhenNotInLiveOrPlayback_ReactsTo_WindowStateChange" storage="d:\actions-runner\_work\xpco\xpco\sc\components\remoteviewer\smartclient\tst\zsmartclient_unittest\bin\x64\debug\net472\zsmartclient_unittest.dll" id="52708fc0-86f2-693c-d699-4f89eda92f77">
      <TestCategory>
        <TestCategoryItem TestCategory="WorkspaceToolbar" />
      </TestCategory>
      <Execution id="59f9a591-b61b-488d-852a-6565f79a56aa" />
      <TestMethod codeBase="D:\actions-runner\_work\XPCO\XPCO\SC\Components\RemoteViewer\SmartClient\tst\zSmartClient_UnitTest\bin\x64\Debug\net472\zSmartClient_UnitTest.dll" adapterTypeName="executor://mstestadapter/v2" className="SmartClient_UnitTest.VideoOS.RemoteClient.Application.UI.Content.WorkspaceToolbar.WorkspaceToolbarViewModelTests" name="Toolbar_IsVisible_WhenNotInLiveOrPlayback_ReactsTo_WindowStateChange" />
    </UnitTest>
    <UnitTest name="SmartMapGoToAreaHandler_WhenDataIsNotSmartMapGoToAreaCommandData_ShouldWriteToLog" storage="d:\actions-runner\_work\xpco\xpco\sc\components\remoteviewer\smartclient\tst\zsmartclient_unittest\bin\x64\debug\net472\zsmartclient_unittest.dll" id="60b3c6a0-382d-f239-6234-5e6df72cc9b2">
      <Execution id="eff53c4c-ea65-40af-aa90-b7881d715fa2" />
      <TestMethod codeBase="D:\actions-runner\_work\XPCO\XPCO\SC\Components\RemoteViewer\SmartClient\tst\zSmartClient_UnitTest\bin\x64\Debug\net472\zSmartClient_UnitTest.dll" adapterTypeName="executor://mstestadapter/v2" className="SmartClient_UnitTest.VideoOS.RemoteClient.Plugin.GisMap.MIP.ContentHolderMipMessageManagerTests" name="SmartMapGoToAreaHandler_WhenDataIsNotSmartMapGoToAreaCommandData_ShouldWriteToLog" />
    </UnitTest>
    <UnitTest name="HandleGetDeviceData_ShouldReturnOutputData_WhenOutputKindAndExistingOutputId" storage="d:\actions-runner\_work\xpco\xpco\sc\components\remoteviewer\smartclient\tst\zsmartclient_unittest\bin\x64\debug\net472\zsmartclient_unittest.dll" id="4f555e67-dae7-b67f-1beb-febf2b9b4968">
      <TestCategory>
        <TestCategoryItem TestCategory="GisMap.Handlers.Devices.MapItems" />
      </TestCategory>
      <Execution id="e842b3e6-b831-4a9b-bf5a-51f0da2066bb" />
      <TestMethod codeBase="D:\actions-runner\_work\XPCO\XPCO\SC\Components\RemoteViewer\SmartClient\tst\zSmartClient_UnitTest\bin\x64\Debug\net472\zSmartClient_UnitTest.dll" adapterTypeName="executor://mstestadapter/v2" className="SmartClient_UnitTest.VideoOS.RemoteClient.Plugin.GisMap.Handlers.Devices.MapItems.OutputDataHandlerTests" name="HandleGetDeviceData_ShouldReturnOutputData_WhenOutputKindAndExistingOutputId" />
    </UnitTest>
    <UnitTest name="AddSelectedWindowsToExport_ShouldShowCorrectToastMessages (0,5,0)" storage="d:\actions-runner\_work\xpco\xpco\sc\components\remoteviewer\smartclient\tst\zsmartclient_unittest\bin\x64\debug\net472\zsmartclient_unittest.dll" id="3d9fd783-1e00-5310-17a4-99bc84d5613e">
      <TestCategory>
        <TestCategoryItem TestCategory="Managers" />
      </TestCategory>
      <Execution id="4f721e15-11a6-484d-b0cd-3105f2dd0d35" />
      <TestMethod codeBase="D:\actions-runner\_work\XPCO\XPCO\SC\Components\RemoteViewer\SmartClient\tst\zSmartClient_UnitTest\bin\x64\Debug\net472\zSmartClient_UnitTest.dll" adapterTypeName="executor://mstestadapter/v2" className="SmartClient_UnitTest.VideoOS.RemoteClient.Application.Managers.ExportManagerTests" name="AddSelectedWindowsToExport_ShouldShowCorrectToastMessages" />
    </UnitTest>
    <UnitTest name="AddAttributeValueCommand_NullValue_AttributeValueSet" storage="d:\actions-runner\_work\xpco\xpco\sc\components\remoteviewer\smartclient\tst\zsmartclient_unittest\bin\x64\debug\net472\zsmartclient_unittest.dll" id="3f3233bd-4893-b779-69f6-789d6f6a1d9a">
      <TestCategory>
        <TestCategoryItem TestCategory="Search" />
      </TestCategory>
      <Execution id="c1a2a00a-f065-4a53-8813-feeab335dff5" />
      <TestMethod codeBase="D:\actions-runner\_work\XPCO\XPCO\SC\Components\RemoteViewer\SmartClient\tst\zSmartClient_UnitTest\bin\x64\Debug\net472\zSmartClient_UnitTest.dll" adapterTypeName="executor://mstestadapter/v2" className="SmartClient_UnitTest.VideoOS.RemoteClient.Plugin.CentralizedSearch.ViewModels.SearchAttributeViewModelTests" name="AddAttributeValueCommand_NullValue_AttributeValueSet" />
    </UnitTest>
    <UnitTest name="PtzPresetsMenuViewModelConstructorTest" storage="d:\actions-runner\_work\xpco\xpco\sc\components\remoteviewer\smartclient\tst\zsmartclient_unittest\bin\x64\debug\net472\zsmartclient_unittest.dll" id="d44210af-46ab-fec2-8d60-032381467d22">
      <Execution id="1c661533-8b92-4446-997a-a28b15243328" />
      <TestMethod codeBase="D:\actions-runner\_work\XPCO\XPCO\SC\Components\RemoteViewer\SmartClient\tst\zSmartClient_UnitTest\bin\x64\Debug\net472\zSmartClient_UnitTest.dll" adapterTypeName="executor://mstestadapter/v2" className="SmartClient_UnitTest.VideoOS.RemoteClient.Application.Data.ContentTypes.CameraContentType.PtzPresetsMenuViewModelTest" name="PtzPresetsMenuViewModelConstructorTest" />
    </UnitTest>
    <UnitTest name="Connect_SucceedeInConnectingWithBasicUser_ShouldReturnTrue" storage="d:\actions-runner\_work\xpco\xpco\sc\components\remoteviewer\smartclient\tst\zsmartclient_unittest\bin\x64\debug\net472\zsmartclient_unittest.dll" id="071ac8b1-07a6-4ae6-7403-5c16e58426a3">
      <Execution id="50cbc820-13ef-4c08-97f9-54a34d1382ef" />
      <TestMethod codeBase="D:\actions-runner\_work\XPCO\XPCO\SC\Components\RemoteViewer\SmartClient\tst\zSmartClient_UnitTest\bin\x64\Debug\net472\zSmartClient_UnitTest.dll" adapterTypeName="executor://mstestadapter/v2" className="VideoOS.Shared.ServerAPI.VMOViewerClientFacade.UnitTest.VMOViewerClientFacadeTests" name="Connect_SucceedeInConnectingWithBasicUser_ShouldReturnTrue" />
    </UnitTest>
    <UnitTest name="TestSelectedWorkroom_GetSelectedWorkroomWithNoWorkroomsInCollection_FailWithInvalidOperationException" storage="d:\actions-runner\_work\xpco\xpco\sc\components\remoteviewer\smartclient\tst\zsmartclient_unittest\bin\x64\debug\net472\zsmartclient_unittest.dll" id="3dd075ba-7c20-36ac-fd3e-ad2d99db0844">
      <TestCategory>
        <TestCategoryItem TestCategory="WorkroomController" />
      </TestCategory>
      <Execution id="dcecf8c7-13c1-47ca-b30d-63e0ee3799b6" />
      <TestMethod codeBase="D:\actions-runner\_work\XPCO\XPCO\SC\Components\RemoteViewer\SmartClient\tst\zSmartClient_UnitTest\bin\x64\Debug\net472\zSmartClient_UnitTest.dll" adapterTypeName="executor://mstestadapter/v2" className="VideoOS.RemoteClient.Application.Controllers.WorkroomController.UnitTest.TabWorkroomControllerTest" name="TestSelectedWorkroom_GetSelectedWorkroomWithNoWorkroomsInCollection_FailWithInvalidOperationException" />
    </UnitTest>
    <UnitTest name="SixHours_Success" storage="d:\actions-runner\_work\xpco\xpco\sc\components\remoteviewer\smartclient\tst\zsmartclient_unittest\bin\x64\debug\net472\zsmartclient_unittest.dll" id="87907f38-5e5a-055c-b4ad-972d80a0d676">
      <TestCategory>
        <TestCategoryItem TestCategory="Search" />
      </TestCategory>
      <Execution id="7c977d5d-42d4-4052-b3bb-bcabe0b84031" />
      <TestMethod codeBase="D:\actions-runner\_work\XPCO\XPCO\SC\Components\RemoteViewer\SmartClient\tst\zSmartClient_UnitTest\bin\x64\Debug\net472\zSmartClient_UnitTest.dll" adapterTypeName="executor://mstestadapter/v2" className="SmartClient_UnitTest.VideoOS.RemoteClient.Plugin.CentralizedSearch.Models.ScopeDurationTests" name="SixHours_Success" />
    </UnitTest>
    <UnitTest name="ToggleMicrophoneStateAsync_ShouldUnMuteMicrophone_WhenMicrophoneWasMuted" storage="d:\actions-runner\_work\xpco\xpco\sc\components\remoteviewer\smartclient\tst\zsmartclient_unittest\bin\x64\debug\net472\zsmartclient_unittest.dll" id="d7c6fd34-24a6-6d61-4f74-e11b861b527b">
      <TestCategory>
        <TestCategoryItem TestCategory="GisMapAudioController" />
      </TestCategory>
      <Execution id="7b7912d4-b788-4aa4-ab7f-643256226520" />
      <TestMethod codeBase="D:\actions-runner\_work\XPCO\XPCO\SC\Components\RemoteViewer\SmartClient\tst\zSmartClient_UnitTest\bin\x64\Debug\net472\zSmartClient_UnitTest.dll" adapterTypeName="executor://mstestadapter/v2" className="SmartClient_UnitTest.VideoOS.RemoteClient.GisMapData.GisMapAudioControllerTests" name="ToggleMicrophoneStateAsync_ShouldUnMuteMicrophone_WhenMicrophoneWasMuted" />
    </UnitTest>
    <UnitTest name="Search_MultipleCategoriesWithOverlappingFilter_AppropriateFiltersUpdatedInSubDefinitions" storage="d:\actions-runner\_work\xpco\xpco\sc\components\remoteviewer\smartclient\tst\zsmartclient_unittest\bin\x64\debug\net472\zsmartclient_unittest.dll" id="cc634d85-ac00-a639-0e52-434691164702">
      <TestCategory>
        <TestCategoryItem TestCategory="Search" />
      </TestCategory>
      <Execution id="861c98a6-1e95-445c-96c9-afc40bd9745f" />
      <TestMethod codeBase="D:\actions-runner\_work\XPCO\XPCO\SC\Components\RemoteViewer\SmartClient\tst\zSmartClient_UnitTest\bin\x64\Debug\net472\zSmartClient_UnitTest.dll" adapterTypeName="executor://mstestadapter/v2" className="SmartClient_UnitTest.VideoOS.RemoteClient.Plugin.CentralizedSearch.MIPPlugin.CompositeSearchDefinitionTests" name="Search_MultipleCategoriesWithOverlappingFilter_AppropriateFiltersUpdatedInSubDefinitions" />
    </UnitTest>
    <UnitTest name="PtzPresetsMenuViewModel_SetInfo_PtzSessionControllerInfo_ArgumentNullCheckTest" storage="d:\actions-runner\_work\xpco\xpco\sc\components\remoteviewer\smartclient\tst\zsmartclient_unittest\bin\x64\debug\net472\zsmartclient_unittest.dll" id="b0add685-1c58-f35e-e4aa-57de22bf2774">
      <Execution id="03b60132-c62a-4a64-9442-e465f4646dbe" />
      <TestMethod codeBase="D:\actions-runner\_work\XPCO\XPCO\SC\Components\RemoteViewer\SmartClient\tst\zSmartClient_UnitTest\bin\x64\Debug\net472\zSmartClient_UnitTest.dll" adapterTypeName="executor://mstestadapter/v2" className="SmartClient_UnitTest.VideoOS.RemoteClient.Application.Data.ContentTypes.CameraContentType.PtzPresetsMenuViewModelTest" name="PtzPresetsMenuViewModel_SetInfo_PtzSessionControllerInfo_ArgumentNullCheckTest" />
    </UnitTest>
    <UnitTest name="Compare_SameBeginTimeDeterministicBehavior_CameraId_Success" storage="d:\actions-runner\_work\xpco\xpco\sc\components\remoteviewer\smartclient\tst\zsmartclient_unittest\bin\x64\debug\net472\zsmartclient_unittest.dll" id="43001655-6df0-fd55-49b4-09a30b307ee3">
      <TestCategory>
        <TestCategoryItem TestCategory="SearchComparers" />
      </TestCategory>
      <Execution id="d877c33b-c4f6-4579-89fe-29fcca907e91" />
      <TestMethod codeBase="D:\actions-runner\_work\XPCO\XPCO\SC\Components\RemoteViewer\SmartClient\tst\zSmartClient_UnitTest\bin\x64\Debug\net472\zSmartClient_UnitTest.dll" adapterTypeName="executor://mstestadapter/v2" className="SmartClient_UnitTest.VideoOS.RemoteClient.Plugin.CentralizedSearch.Models.Wrappers.Comparers.BeginTimeWithPaddingComparerTests" name="Compare_SameBeginTimeDeterministicBehavior_CameraId_Success" />
    </UnitTest>
    <UnitTest name="SearchResultCombineType_ShouldNotSetSearchTemplateAsModified_WhenValueChangesAndSearchTemplateIsNotActive" storage="d:\actions-runner\_work\xpco\xpco\sc\components\remoteviewer\smartclient\tst\zsmartclient_unittest\bin\x64\debug\net472\zsmartclient_unittest.dll" id="626588a6-8954-1a80-be96-bc32494f9793">
      <TestCategory>
        <TestCategoryItem TestCategory="SearchViewModels" />
      </TestCategory>
      <Execution id="e1ed0e09-fcd4-4664-952e-9cefb9f30de2" />
      <TestMethod codeBase="D:\actions-runner\_work\XPCO\XPCO\SC\Components\RemoteViewer\SmartClient\tst\zSmartClient_UnitTest\bin\x64\Debug\net472\zSmartClient_UnitTest.dll" adapterTypeName="executor://mstestadapter/v2" className="SmartClient_UnitTest.VideoOS.RemoteClient.Plugin.CentralizedSearch.ViewModels.SearchViewModelTests" name="SearchResultCombineType_ShouldNotSetSearchTemplateAsModified_WhenValueChangesAndSearchTemplateIsNotActive" />
    </UnitTest>
    <UnitTest name="HasWritePermissionOnDir_WriteAllowed_ReturnsTrue" storage="d:\actions-runner\_work\xpco\xpco\sc\components\remoteviewer\smartclient\tst\zsmartclient_unittest\bin\x64\debug\net472\zsmartclient_unittest.dll" id="798f07f3-7aba-5c3c-bfdb-b4e160b73303">
      <TestCategory>
        <TestCategoryItem TestCategory="Search" />
      </TestCategory>
      <Execution id="eaf0f972-9445-487c-be11-e1d9b32e63ad" />
      <TestMethod codeBase="D:\actions-runner\_work\XPCO\XPCO\SC\Components\RemoteViewer\SmartClient\tst\zSmartClient_UnitTest\bin\x64\Debug\net472\zSmartClient_UnitTest.dll" adapterTypeName="executor://mstestadapter/v2" className="SmartClient_UnitTest.VideoOS.RemoteClient.Plugin.CentralizedSearch.ViewModels.Data.SnapshotHandlerTests" name="HasWritePermissionOnDir_WriteAllowed_ReturnsTrue" />
    </UnitTest>
    <UnitTest name="Constructor_ShouldThrowException_WhenStateHandlerFactoryIsNull" storage="d:\actions-runner\_work\xpco\xpco\sc\components\remoteviewer\smartclient\tst\zsmartclient_unittest\bin\x64\debug\net472\zsmartclient_unittest.dll" id="046c17a3-2693-b379-a8a6-25e6537747cf">
      <TestCategory>
        <TestCategoryItem TestCategory="ReportingContentType" />
      </TestCategory>
      <Execution id="c3f639fb-6072-4dc2-83fe-79baf1131d60" />
      <TestMethod codeBase="D:\actions-runner\_work\XPCO\XPCO\SC\Components\RemoteViewer\SmartClient\tst\zSmartClient_UnitTest\bin\x64\Debug\net472\zSmartClient_UnitTest.dll" adapterTypeName="executor://mstestadapter/v2" className="SmartClient_UnitTest.VideoOS.RemoteClient.Application.Data.ContentTypes.ReportingContentType.ReportViewerViewModelTest" name="Constructor_ShouldThrowException_WhenStateHandlerFactoryIsNull" />
    </UnitTest>
    <UnitTest name="DeleteSearchTemplateAsync_ThrowTimeoutException_Success" storage="d:\actions-runner\_work\xpco\xpco\sc\components\remoteviewer\smartclient\tst\zsmartclient_unittest\bin\x64\debug\net472\zsmartclient_unittest.dll" id="d15f2956-b0bb-0a02-ecca-d862db8848a6">
      <TestCategory>
        <TestCategoryItem TestCategory="SearchTemplatesService" />
      </TestCategory>
      <Execution id="f156ceab-7231-4bc8-b458-93e51a23802d" />
      <TestMethod codeBase="D:\actions-runner\_work\XPCO\XPCO\SC\Components\RemoteViewer\SmartClient\tst\zSmartClient_UnitTest\bin\x64\Debug\net472\zSmartClient_UnitTest.dll" adapterTypeName="executor://mstestadapter/v2" className="SmartClient_UnitTest.VideoOS.RemoteClient.Plugin.CentralizedSearch.SearchTemplates.Service.SearchTemplateServiceTests" name="DeleteSearchTemplateAsync_ThrowTimeoutException_Success" />
    </UnitTest>
    <UnitTest name="GetWorkspaceToolbarItems_ShouldReturnGroupedToolbarItemAsHidden_WhenAllSubItemsAreHidden" storage="d:\actions-runner\_work\xpco\xpco\sc\components\remoteviewer\smartclient\tst\zsmartclient_unittest\bin\x64\debug\net472\zsmartclient_unittest.dll" id="53185803-f30d-3a94-55f9-276f689abca4">
      <TestCategory>
        <TestCategoryItem TestCategory="WorkspaceToolbar" />
      </TestCategory>
      <Execution id="fcf4bee3-f3c6-4960-8e60-16501f369819" />
      <TestMethod codeBase="D:\actions-runner\_work\XPCO\XPCO\SC\Components\RemoteViewer\SmartClient\tst\zSmartClient_UnitTest\bin\x64\Debug\net472\zSmartClient_UnitTest.dll" adapterTypeName="executor://mstestadapter/v2" className="SmartClient_UnitTest.VideoOS.RemoteClient.Application.UI.Content.WorkspaceToolbar.MIPWorkspaceToolbarItemManagerTests" name="GetWorkspaceToolbarItems_ShouldReturnGroupedToolbarItemAsHidden_WhenAllSubItemsAreHidden" />
    </UnitTest>
    <UnitTest name="OutputMapItem_ForceActivateAsync_InBuilding_MapLayerHidden_Success" storage="d:\actions-runner\_work\xpco\xpco\sc\components\remoteviewer\smartclient\tst\zsmartclient_unittest\bin\x64\debug\net472\zsmartclient_unittest.dll" id="c3727fbd-7b27-2b58-8aac-80b9993febce">
      <TestCategory>
        <TestCategoryItem TestCategory="GisMapData.MapItem.Outputs" />
      </TestCategory>
      <Execution id="6e19f9e0-6e95-425a-a75e-db9c93222a18" />
      <TestMethod codeBase="D:\actions-runner\_work\XPCO\XPCO\SC\Components\RemoteViewer\SmartClient\tst\zSmartClient_UnitTest\bin\x64\Debug\net472\zSmartClient_UnitTest.dll" adapterTypeName="executor://mstestadapter/v2" className="SmartClient_UnitTest.VideoOS.RemoteClient.GisMapData.MapItem.Outputs.OutputMapItemTests" name="OutputMapItem_ForceActivateAsync_InBuilding_MapLayerHidden_Success" />
    </UnitTest>
    <UnitTest name="BoundingBoxPlaybackStart" storage="d:\actions-runner\_work\xpco\xpco\sc\components\remoteviewer\smartclient\tst\zsmartclient_unittest\bin\x64\debug\net472\zsmartclient_unittest.dll" id="56b7fe15-643b-5b55-8dfa-1ded6df183bf">
      <Execution id="e51d2b61-c93d-4a0a-b507-f3ac03f5b079" />
      <TestMethod codeBase="D:\actions-runner\_work\XPCO\XPCO\SC\Components\RemoteViewer\SmartClient\tst\zSmartClient_UnitTest\bin\x64\Debug\net472\zSmartClient_UnitTest.dll" adapterTypeName="executor://mstestadapter/v2" className="SmartClient_UnitTest.VideoOS.RemoteClient.Application.Data.Metadata.BoundingBoxes.BoundingBoxProviderTest" name="BoundingBoxPlaybackStart" />
    </UnitTest>
    <UnitTest name="HoverBehaviour_MouseLeave_HoverTickIsHidden" storage="d:\actions-runner\_work\xpco\xpco\sc\components\remoteviewer\smartclient\tst\zsmartclient_unittest\bin\x64\debug\net472\zsmartclient_unittest.dll" id="8c46d0ed-f3b9-c5f4-aaef-9879232f4518">
      <TestCategory>
        <TestCategoryItem TestCategory="SearchControls" />
      </TestCategory>
      <Execution id="0d1a1331-d479-4338-8657-ed70a920ca97" />
      <TestMethod codeBase="D:\actions-runner\_work\XPCO\XPCO\SC\Components\RemoteViewer\SmartClient\tst\zSmartClient_UnitTest\bin\x64\Debug\net472\zSmartClient_UnitTest.dll" adapterTypeName="executor://mstestadapter/v2" className="SmartClient_UnitTest.VideoOS.RemoteClient.Plugin.CentralizedSearch.Views.Controls.TimelineRuler.TimelineRulerControlTests" name="HoverBehaviour_MouseLeave_HoverTickIsHidden" />
    </UnitTest>
    <UnitTest name="NavigateAndSelectAsync_ReCenterCommandDisabled_Success" storage="d:\actions-runner\_work\xpco\xpco\sc\components\remoteviewer\smartclient\tst\zsmartclient_unittest\bin\x64\debug\net472\zsmartclient_unittest.dll" id="dc3b0316-49f0-426f-b38e-3bcd6e62bfdd">
      <TestCategory>
        <TestCategoryItem TestCategory="GisMap.GisMapViewModel" />
      </TestCategory>
      <Execution id="a97cfea5-f63b-4388-b5cc-836763567951" />
      <TestMethod codeBase="D:\actions-runner\_work\XPCO\XPCO\SC\Components\RemoteViewer\SmartClient\tst\zSmartClient_UnitTest\bin\x64\Debug\net472\zSmartClient_UnitTest.dll" adapterTypeName="executor://mstestadapter/v2" className="SmartClient_UnitTest.VideoOS.RemoteClient.Plugin.GisMap.ViewModels.GisMapViewModelTests" name="NavigateAndSelectAsync_ReCenterCommandDisabled_Success" />
    </UnitTest>
    <UnitTest name="GetUserOptions_ShouldNotDecryptOptions_WhenServerIs2020R3OrNewer" storage="d:\actions-runner\_work\xpco\xpco\sc\components\remoteviewer\smartclient\tst\zsmartclient_unittest\bin\x64\debug\net472\zsmartclient_unittest.dll" id="db58b9a0-b265-e010-375f-3c8e68defc73">
      <TestCategory>
        <TestCategoryItem TestCategory="Managers" />
      </TestCategory>
      <Execution id="c04d10aa-d2dd-4617-884b-29c5d65f8a17" />
      <TestMethod codeBase="D:\actions-runner\_work\XPCO\XPCO\SC\Components\RemoteViewer\SmartClient\tst\zSmartClient_UnitTest\bin\x64\Debug\net472\zSmartClient_UnitTest.dll" adapterTypeName="executor://mstestadapter/v2" className="SmartClient_UnitTest.VideoOS.RemoteClient.Application.Managers.OptionManagerTests" name="GetUserOptions_ShouldNotDecryptOptions_WhenServerIs2020R3OrNewer" />
    </UnitTest>
    <UnitTest name="TryGetOsmServerTileAddress_ShouldSetEmptyAddress_WhenOsmServerAddressIsNull" storage="d:\actions-runner\_work\xpco\xpco\sc\components\remoteviewer\smartclient\tst\zsmartclient_unittest\bin\x64\debug\net472\zsmartclient_unittest.dll" id="df32f1cb-82fe-5f6f-2fce-2d11c090b877">
      <TestCategory>
        <TestCategoryItem TestCategory="GisMapData.Controllers.Osm" />
      </TestCategory>
      <Execution id="14717726-2a7d-445a-a23f-9c63e9c86b27" />
      <TestMethod codeBase="D:\actions-runner\_work\XPCO\XPCO\SC\Components\RemoteViewer\SmartClient\tst\zSmartClient_UnitTest\bin\x64\Debug\net472\zSmartClient_UnitTest.dll" adapterTypeName="executor://mstestadapter/v2" className="SmartClient_UnitTest.VideoOS.RemoteClient.GisMapData.Controllers.Osm.GisMapOsmControllerTests" name="TryGetOsmServerTileAddress_ShouldSetEmptyAddress_WhenOsmServerAddressIsNull" />
    </UnitTest>
    <UnitTest name="InputMapItem_ForceActivateAsync_InBuilding_UseLastLevel_Success" storage="d:\actions-runner\_work\xpco\xpco\sc\components\remoteviewer\smartclient\tst\zsmartclient_unittest\bin\x64\debug\net472\zsmartclient_unittest.dll" id="de27c998-c190-9d93-e424-7870d21a123c">
      <TestCategory>
        <TestCategoryItem TestCategory="GisMapData.MapItem.Inputs" />
      </TestCategory>
      <Execution id="1226ea74-55cb-46bd-a2fc-d486ac488a45" />
      <TestMethod codeBase="D:\actions-runner\_work\XPCO\XPCO\SC\Components\RemoteViewer\SmartClient\tst\zSmartClient_UnitTest\bin\x64\Debug\net472\zSmartClient_UnitTest.dll" adapterTypeName="executor://mstestadapter/v2" className="SmartClient_UnitTest.VideoOS.RemoteClient.GisMapData.MapItem.Inputs.InputMapItemTests" name="InputMapItem_ForceActivateAsync_InBuilding_UseLastLevel_Success" />
    </UnitTest>
    <UnitTest name="HandleGetLayerFeatures_ShouldRaiseArgumentException_WhenNotCameraKind" storage="d:\actions-runner\_work\xpco\xpco\sc\components\remoteviewer\smartclient\tst\zsmartclient_unittest\bin\x64\debug\net472\zsmartclient_unittest.dll" id="e9263aa8-347f-0f52-1f4b-0a131d318784">
      <TestCategory>
        <TestCategoryItem TestCategory="GisMapData.Handlers.LayerFeatures" />
      </TestCategory>
      <Execution id="b1a71885-355d-45a6-9c0d-36f2a48e330a" />
      <TestMethod codeBase="D:\actions-runner\_work\XPCO\XPCO\SC\Components\RemoteViewer\SmartClient\tst\zSmartClient_UnitTest\bin\x64\Debug\net472\zSmartClient_UnitTest.dll" adapterTypeName="executor://mstestadapter/v2" className="SmartClient_UnitTest.VideoOS.RemoteClient.GisMapData.Handlers.LayerFeatures.CameraLayerFeaturesHandlerTests" name="HandleGetLayerFeatures_ShouldRaiseArgumentException_WhenNotCameraKind" />
    </UnitTest>
    <UnitTest name="TestChangeProperties_Note_Success" storage="d:\actions-runner\_work\xpco\xpco\sc\components\remoteviewer\smartclient\tst\zsmartclient_unittest\bin\x64\debug\net472\zsmartclient_unittest.dll" id="6bac4380-8ca1-03ec-b0fa-87faadf2b614">
      <TestCategory>
        <TestCategoryItem TestCategory="GisMapBuilding" />
      </TestCategory>
      <Execution id="d865238d-e466-441d-af7d-bc0d0ac58e1a" />
      <TestMethod codeBase="D:\actions-runner\_work\XPCO\XPCO\SC\Components\RemoteViewer\SmartClient\tst\zSmartClient_UnitTest\bin\x64\Debug\net472\zSmartClient_UnitTest.dll" adapterTypeName="executor://mstestadapter/v2" className="SmartClient_UnitTest.VideoOS.RemoteClient.GisMap.MapBuildingTests" name="TestChangeProperties_Note_Success" />
    </UnitTest>
    <UnitTest name="FilterValueHasRegionSelectionForCamera_ShouldReturnTrue_WhenFilterValueDoesHaveRegionSelectionForCamera" storage="d:\actions-runner\_work\xpco\xpco\sc\components\remoteviewer\smartclient\tst\zsmartclient_unittest\bin\x64\debug\net472\zsmartclient_unittest.dll" id="77cba9e9-3a3f-2b38-cfa1-fd20ef6dec97">
      <TestCategory>
        <TestCategoryItem TestCategory="Search.Filters.ViewModels" />
      </TestCategory>
      <Execution id="f72c03d2-23d2-45e0-9615-afddbeb05573" />
      <TestMethod codeBase="D:\actions-runner\_work\XPCO\XPCO\SC\Components\RemoteViewer\SmartClient\tst\zSmartClient_UnitTest\bin\x64\Debug\net472\zSmartClient_UnitTest.dll" adapterTypeName="executor://mstestadapter/v2" className="SmartClient_UnitTest.VideoOS.RemoteClient.Plugin.CentralizedSearch.MIPPlugin.Criteria.ViewModels.SmartSearchCameraListItemHelperTests" name="FilterValueHasRegionSelectionForCamera_ShouldReturnTrue_WhenFilterValueDoesHaveRegionSelectionForCamera" />
    </UnitTest>
    <UnitTest name="ToTimeScope_YesterdayInNonDST_Success" storage="d:\actions-runner\_work\xpco\xpco\sc\components\remoteviewer\smartclient\tst\zsmartclient_unittest\bin\x64\debug\net472\zsmartclient_unittest.dll" id="2864b3eb-0ab6-4da0-5436-4c6f89cc4874">
      <TestCategory>
        <TestCategoryItem TestCategory="Search" />
      </TestCategory>
      <Execution id="ac20cdd3-8fa3-4a6f-87ef-c12002b25ee7" />
      <TestMethod codeBase="D:\actions-runner\_work\XPCO\XPCO\SC\Components\RemoteViewer\SmartClient\tst\zSmartClient_UnitTest\bin\x64\Debug\net472\zSmartClient_UnitTest.dll" adapterTypeName="executor://mstestadapter/v2" className="SmartClient_UnitTest.VideoOS.RemoteClient.Plugin.CentralizedSearch.Models.ScopeDurationTests" name="ToTimeScope_YesterdayInNonDST_Success" />
    </UnitTest>
    <UnitTest name="GetWorkspaceToolbarItems_ShouldNotReturnGroupedToolbarItem_WhenGroupIdIsNull" storage="d:\actions-runner\_work\xpco\xpco\sc\components\remoteviewer\smartclient\tst\zsmartclient_unittest\bin\x64\debug\net472\zsmartclient_unittest.dll" id="5ce1375e-46fd-90ff-af6f-56b477f36294">
      <TestCategory>
        <TestCategoryItem TestCategory="WorkspaceToolbar" />
      </TestCategory>
      <Execution id="cf5960eb-a746-480d-824b-df398fb1c55f" />
      <TestMethod codeBase="D:\actions-runner\_work\XPCO\XPCO\SC\Components\RemoteViewer\SmartClient\tst\zSmartClient_UnitTest\bin\x64\Debug\net472\zSmartClient_UnitTest.dll" adapterTypeName="executor://mstestadapter/v2" className="SmartClient_UnitTest.VideoOS.RemoteClient.Application.UI.Content.WorkspaceToolbar.MIPWorkspaceToolbarItemManagerTests" name="GetWorkspaceToolbarItems_ShouldNotReturnGroupedToolbarItem_WhenGroupIdIsNull" />
    </UnitTest>
    <UnitTest name="Combine_ShouldPassAllStringInputValidationTests_OnlyFirstPermutationUsed" storage="d:\actions-runner\_work\xpco\xpco\sc\components\remoteviewer\smartclient\tst\zsmartclient_unittest\bin\x64\debug\net472\zsmartclient_unittest.dll" id="33dd535d-bccc-f095-c4f3-483569c16d21">
      <Execution id="ba6cc4d2-703f-4b94-a2d8-4764dcba0c12" />
      <TestMethod codeBase="D:\actions-runner\_work\XPCO\XPCO\SC\Components\RemoteViewer\SmartClient\tst\zSmartClient_UnitTest\bin\x64\Debug\net472\zSmartClient_UnitTest.dll" adapterTypeName="executor://mstestadapter/v2" className="SmartClient_UnitTest.VideoOS.RemoteClient.Plugin.CentralizedSearch.Models.Combiners.SearchResultCombinerTests" name="Combine_ShouldPassAllStringInputValidationTests_OnlyFirstPermutationUsed" />
    </UnitTest>
    <UnitTest name="TwelveHours_Success" storage="d:\actions-runner\_work\xpco\xpco\sc\components\remoteviewer\smartclient\tst\zsmartclient_unittest\bin\x64\debug\net472\zsmartclient_unittest.dll" id="43ebd83e-9e77-e80a-e383-3f96bfb58151">
      <TestCategory>
        <TestCategoryItem TestCategory="Search" />
      </TestCategory>
      <Execution id="0a3fa05d-8b5b-4f3e-8f6a-529c3a1831e2" />
      <TestMethod codeBase="D:\actions-runner\_work\XPCO\XPCO\SC\Components\RemoteViewer\SmartClient\tst\zSmartClient_UnitTest\bin\x64\Debug\net472\zSmartClient_UnitTest.dll" adapterTypeName="executor://mstestadapter/v2" className="SmartClient_UnitTest.VideoOS.RemoteClient.Plugin.CentralizedSearch.Models.ScopeDurationTests" name="TwelveHours_Success" />
    </UnitTest>
    <UnitTest name="IgnoredFiltersChanged_WarningTextChanges" storage="d:\actions-runner\_work\xpco\xpco\sc\components\remoteviewer\smartclient\tst\zsmartclient_unittest\bin\x64\debug\net472\zsmartclient_unittest.dll" id="a2a9cc5c-ea62-0899-d27a-81da48bb47d1">
      <TestCategory>
        <TestCategoryItem TestCategory="Search" />
      </TestCategory>
      <Execution id="7adbc253-d4bb-4a66-a8e2-217005d211ea" />
      <TestMethod codeBase="D:\actions-runner\_work\XPCO\XPCO\SC\Components\RemoteViewer\SmartClient\tst\zSmartClient_UnitTest\bin\x64\Debug\net472\zSmartClient_UnitTest.dll" adapterTypeName="executor://mstestadapter/v2" className="SmartClient_UnitTest.VideoOS.RemoteClient.Plugin.CentralizedSearch.ViewModels.CompositeSearchWarningViewModelTests" name="IgnoredFiltersChanged_WarningTextChanges" />
    </UnitTest>
    <UnitTest name="Enable_WhenInvoked_ThenAlarmEnableAndSubscribers" storage="d:\actions-runner\_work\xpco\xpco\sc\components\remoteviewer\smartclient\tst\zsmartclient_unittest\bin\x64\debug\net472\zsmartclient_unittest.dll" id="885a9095-1f49-3411-918f-5cf4108e4b7b">
      <Execution id="fcc41efa-8ff2-47d7-85ee-afd6a778ffaf" />
      <TestMethod codeBase="D:\actions-runner\_work\XPCO\XPCO\SC\Components\RemoteViewer\SmartClient\tst\zSmartClient_UnitTest\bin\x64\Debug\net472\zSmartClient_UnitTest.dll" adapterTypeName="executor://mstestadapter/v2" className="SmartClient_UnitTest.VideoOS.RemoteClient.GisMapData.MapLayers.LayerAlarmNotificationTest" name="Enable_WhenInvoked_ThenAlarmEnableAndSubscribers" />
    </UnitTest>
    <UnitTest name="Create_Retention_Times_Cannot_Be_Before_1900" storage="d:\actions-runner\_work\xpco\xpco\sc\components\remoteviewer\smartclient\tst\zsmartclient_unittest\bin\x64\debug\net472\zsmartclient_unittest.dll" id="c9640990-b6c9-dafb-a909-cdccd9fc41e7">
      <Execution id="6f58aff0-9cf6-4ab5-a6bc-0d238bdc24d4" />
      <TestMethod codeBase="D:\actions-runner\_work\XPCO\XPCO\SC\Components\RemoteViewer\SmartClient\tst\zSmartClient_UnitTest\bin\x64\Debug\net472\zSmartClient_UnitTest.dll" adapterTypeName="executor://mstestadapter/v2" className="SmartClient_UnitTest.VideoOS.RemoteClient.Application.Components.EvidenceLock.EvidenceLockCreateEditTests" name="Create_Retention_Times_Cannot_Be_Before_1900" />
    </UnitTest>
    <UnitTest name="IsProcessing_ClearWhileUnprocessedItems_Success" storage="d:\actions-runner\_work\xpco\xpco\sc\components\remoteviewer\smartclient\tst\zsmartclient_unittest\bin\x64\debug\net472\zsmartclient_unittest.dll" id="aa1fb81d-7b98-7b44-90a1-fd0ecea840da">
      <TestCategory>
        <TestCategoryItem TestCategory="SearchResultsPreprocessor" />
      </TestCategory>
      <Execution id="72121d27-5c3c-475f-a1f3-a355e532674a" />
      <TestMethod codeBase="D:\actions-runner\_work\XPCO\XPCO\SC\Components\RemoteViewer\SmartClient\tst\zSmartClient_UnitTest\bin\x64\Debug\net472\zSmartClient_UnitTest.dll" adapterTypeName="executor://mstestadapter/v2" className="SmartClient_UnitTest.VideoOS.RemoteClient.Plugin.CentralizedSearch.Models.SearchResultsPreprocessorTests" name="IsProcessing_ClearWhileUnprocessedItems_Success" />
    </UnitTest>
    <UnitTest name="SaveAsNewSearchTemplateAsync_Succeeds_Success" storage="d:\actions-runner\_work\xpco\xpco\sc\components\remoteviewer\smartclient\tst\zsmartclient_unittest\bin\x64\debug\net472\zsmartclient_unittest.dll" id="5effecc7-0d7c-71b0-4a5d-1b5e24448f32">
      <TestCategory>
        <TestCategoryItem TestCategory="SearchTemplates" />
      </TestCategory>
      <Execution id="a5e04b14-b851-4327-bbac-ecff56026fab" />
      <TestMethod codeBase="D:\actions-runner\_work\XPCO\XPCO\SC\Components\RemoteViewer\SmartClient\tst\zSmartClient_UnitTest\bin\x64\Debug\net472\zSmartClient_UnitTest.dll" adapterTypeName="executor://mstestadapter/v2" className="SmartClient_UnitTest.VideoOS.RemoteClient.Plugin.CentralizedSearch.SearchTemplates.SearchTemplateManagerTests" name="SaveAsNewSearchTemplateAsync_Succeeds_Success" />
    </UnitTest>
    <UnitTest name="IconValueConverter_ConvertInvalidIconSourceFallbackBuiltIn_Success" storage="d:\actions-runner\_work\xpco\xpco\sc\components\remoteviewer\smartclient\tst\zsmartclient_unittest\bin\x64\debug\net472\zsmartclient_unittest.dll" id="3a31272a-a65c-0e34-46f8-f3357cdba23a">
      <TestCategory>
        <TestCategoryItem TestCategory="SearchConverter" />
      </TestCategory>
      <Execution id="80291ea4-c53f-425e-8873-aa81926f30cd" />
      <TestMethod codeBase="D:\actions-runner\_work\XPCO\XPCO\SC\Components\RemoteViewer\SmartClient\tst\zSmartClient_UnitTest\bin\x64\Debug\net472\zSmartClient_UnitTest.dll" adapterTypeName="executor://mstestadapter/v2" className="SmartClient_UnitTest.VideoOS.RemoteClient.Plugin.CentralizedSearch.Views.Converters.IconValueConverterTests" name="IconValueConverter_ConvertInvalidIconSourceFallbackBuiltIn_Success" />
    </UnitTest>
    <UnitTest name="CreateDetailsViewControl_ValidSearchResult_Success" storage="d:\actions-runner\_work\xpco\xpco\sc\components\remoteviewer\smartclient\tst\zsmartclient_unittest\bin\x64\debug\net472\zsmartclient_unittest.dll" id="86e972ed-14c6-3ad2-ddf5-8b4f957f0006">
      <TestCategory>
        <TestCategoryItem TestCategory="SearchViews" />
      </TestCategory>
      <Execution id="d585ac01-d699-497c-a9cd-60bb5c3d2236" />
      <TestMethod codeBase="D:\actions-runner\_work\XPCO\XPCO\SC\Components\RemoteViewer\SmartClient\tst\zSmartClient_UnitTest\bin\x64\Debug\net472\zSmartClient_UnitTest.dll" adapterTypeName="executor://mstestadapter/v2" className="SmartClient_UnitTest.VideoOS.RemoteClient.Plugin.CentralizedSearch.Views.SearchResultsViewTests" name="CreateDetailsViewControl_ValidSearchResult_Success" />
    </UnitTest>
    <UnitTest name="LeftButtonUpEvent_ShouldHidePreviewOfCameras_WhenInteractionStateIsAddNewDeviceState" storage="d:\actions-runner\_work\xpco\xpco\sc\components\remoteviewer\smartclient\tst\zsmartclient_unittest\bin\x64\debug\net472\zsmartclient_unittest.dll" id="32ed77af-24ae-94bc-03f8-4122e838d29f">
      <TestCategory>
        <TestCategoryItem TestCategory="GisMap.MapControl" />
      </TestCategory>
      <Execution id="42f8e456-b494-4b67-ab94-cc049152baa9" />
      <TestMethod codeBase="D:\actions-runner\_work\XPCO\XPCO\SC\Components\RemoteViewer\SmartClient\tst\zSmartClient_UnitTest\bin\x64\Debug\net472\zSmartClient_UnitTest.dll" adapterTypeName="executor://mstestadapter/v2" className="SmartClient_UnitTest.VideoOS.RemoteClient.Plugin.GisMap.ThinkGeoMap.ThinkGeoMapControlTests" name="LeftButtonUpEvent_ShouldHidePreviewOfCameras_WhenInteractionStateIsAddNewDeviceState" />
    </UnitTest>
    <UnitTest name="DateToStringConverter_Convert_InvalidParameter_ReturnUnsetValue" storage="d:\actions-runner\_work\xpco\xpco\sc\components\remoteviewer\smartclient\tst\zsmartclient_unittest\bin\x64\debug\net472\zsmartclient_unittest.dll" id="e975a99c-1f61-f6af-a603-7683bb9bab62">
      <TestCategory>
        <TestCategoryItem TestCategory="SearchConverter" />
      </TestCategory>
      <Execution id="8c3634c1-6464-479b-a206-ece48272b796" />
      <TestMethod codeBase="D:\actions-runner\_work\XPCO\XPCO\SC\Components\RemoteViewer\SmartClient\tst\zSmartClient_UnitTest\bin\x64\Debug\net472\zSmartClient_UnitTest.dll" adapterTypeName="executor://mstestadapter/v2" className="SmartClient_UnitTest.VideoOS.RemoteClient.Plugin.CentralizedSearch.Views.Converters.DateToStringConverterTests" name="DateToStringConverter_Convert_InvalidParameter_ReturnUnsetValue" />
    </UnitTest>
    <UnitTest name="DisplayErrorOnNotificationArea_UnknownSearchError_LoggingEnabled_Success" storage="d:\actions-runner\_work\xpco\xpco\sc\components\remoteviewer\smartclient\tst\zsmartclient_unittest\bin\x64\debug\net472\zsmartclient_unittest.dll" id="84f8043b-4691-c526-0edb-4d71ad8832d8">
      <TestCategory>
        <TestCategoryItem TestCategory="SearchViewModels" />
      </TestCategory>
      <Execution id="af50768e-4923-4ab5-ad0d-66c54a2e3343" />
      <TestMethod codeBase="D:\actions-runner\_work\XPCO\XPCO\SC\Components\RemoteViewer\SmartClient\tst\zSmartClient_UnitTest\bin\x64\Debug\net472\zSmartClient_UnitTest.dll" adapterTypeName="executor://mstestadapter/v2" className="SmartClient_UnitTest.VideoOS.RemoteClient.Plugin.CentralizedSearch.ViewModels.SearchViewModelTests" name="DisplayErrorOnNotificationArea_UnknownSearchError_LoggingEnabled_Success" />
    </UnitTest>
    <UnitTest name="Unrelated_devices_removed_when_unrelated_camera_with_related_devices_added" storage="d:\actions-runner\_work\xpco\xpco\sc\components\remoteviewer\smartclient\tst\zsmartclient_unittest\bin\x64\debug\net472\zsmartclient_unittest.dll" id="20b32a9d-1528-d876-b23d-11423094b46d">
      <Execution id="72b11c02-aa40-4081-80c4-e3d53f9ab46c" />
      <TestMethod codeBase="D:\actions-runner\_work\XPCO\XPCO\SC\Components\RemoteViewer\SmartClient\tst\zSmartClient_UnitTest\bin\x64\Debug\net472\zSmartClient_UnitTest.dll" adapterTypeName="executor://mstestadapter/v2" className="SmartClient_UnitTest.VideoOS.RemoteClient.Application.Components.EvidenceLock.EvidenceLockRelatedDeviceTests" name="Unrelated_devices_removed_when_unrelated_camera_with_related_devices_added" />
    </UnitTest>
    <UnitTest name="Custom, forced" storage="d:\actions-runner\_work\xpco\xpco\sc\components\remoteviewer\smartclient\tst\zsmartclient_unittest\bin\x64\debug\net472\zsmartclient_unittest.dll" id="3440448b-f182-3326-b799-bc9fc2738adb">
      <TestCategory>
        <TestCategoryItem TestCategory="Export" />
      </TestCategory>
      <Execution id="da6e676c-d870-4469-b6c8-2a5e843b21e1" />
      <TestMethod codeBase="D:\actions-runner\_work\XPCO\XPCO\SC\Components\RemoteViewer\SmartClient\tst\zSmartClient_UnitTest\bin\x64\Debug\net472\zSmartClient_UnitTest.dll" adapterTypeName="executor://mstestadapter/v2" className="SmartClient_UnitTest.VideoOS.RemoteClient.Plugin.Export.CreateExportDialogViewModelTests" name="CreateExportDialog_ExportPathCanBeModified_BasedOnOptions" />
    </UnitTest>
    <UnitTest name="InputItemsLayer_NotIsGeographic_Load_Success" storage="d:\actions-runner\_work\xpco\xpco\sc\components\remoteviewer\smartclient\tst\zsmartclient_unittest\bin\x64\debug\net472\zsmartclient_unittest.dll" id="5ff0df64-4714-54ce-b6d1-3a4063918e93">
      <TestCategory>
        <TestCategoryItem TestCategory="GisMapLayer" />
      </TestCategory>
      <Execution id="115a7541-ebb0-4d78-8eee-fbd91fac4af9" />
      <TestMethod codeBase="D:\actions-runner\_work\XPCO\XPCO\SC\Components\RemoteViewer\SmartClient\tst\zSmartClient_UnitTest\bin\x64\Debug\net472\zSmartClient_UnitTest.dll" adapterTypeName="executor://mstestadapter/v2" className="SmartClient_UnitTest.VideoOS.RemoteClient.GisMap.MapLayers.GisMapLayerTests" name="InputItemsLayer_NotIsGeographic_Load_Success" />
    </UnitTest>
    <UnitTest name="OnLayersRetrieved_ShouldSetComponentsToCameraAndInput_WhenLayersCollectionContainsCameraAndInputAndOutput" storage="d:\actions-runner\_work\xpco\xpco\sc\components\remoteviewer\smartclient\tst\zsmartclient_unittest\bin\x64\debug\net472\zsmartclient_unittest.dll" id="bfbae833-a487-affd-e910-685bd64afc57">
      <TestCategory>
        <TestCategoryItem TestCategory="GisMap.DeviceSelectorWindowViewModel" />
      </TestCategory>
      <Execution id="ed77b05d-0807-47ce-984f-9d5752b507ed" />
      <TestMethod codeBase="D:\actions-runner\_work\XPCO\XPCO\SC\Components\RemoteViewer\SmartClient\tst\zSmartClient_UnitTest\bin\x64\Debug\net472\zSmartClient_UnitTest.dll" adapterTypeName="executor://mstestadapter/v2" className="SmartClient_UnitTest.VideoOS.RemoteClient.Plugin.GisMap.ViewModels.DeviceSelectorWindowViewModelTests" name="OnLayersRetrieved_ShouldSetComponentsToCameraAndInput_WhenLayersCollectionContainsCameraAndInputAndOutput" />
    </UnitTest>
    <UnitTest name="Forced" storage="d:\actions-runner\_work\xpco\xpco\sc\components\remoteviewer\smartclient\tst\zsmartclient_unittest\bin\x64\debug\net472\zsmartclient_unittest.dll" id="ccc464e8-45ae-b4d4-a53d-f854db73b0a5">
      <TestCategory>
        <TestCategoryItem TestCategory="Export" />
      </TestCategory>
      <Execution id="dc31dd39-5759-4515-8c5d-f9496943d20c" />
      <TestMethod codeBase="D:\actions-runner\_work\XPCO\XPCO\SC\Components\RemoteViewer\SmartClient\tst\zSmartClient_UnitTest\bin\x64\Debug\net472\zSmartClient_UnitTest.dll" adapterTypeName="executor://mstestadapter/v2" className="SmartClient_UnitTest.VideoOS.RemoteClient.Plugin.Export.CreateExportDialogViewModelTests" name="CreateExportDialog_GlobalCommentCanBeModified_BasedOnOptions" />
    </UnitTest>
    <UnitTest name="SearchResultsActionBarActions_SendToFloatingWindow_InvokeCommand_Success" storage="d:\actions-runner\_work\xpco\xpco\sc\components\remoteviewer\smartclient\tst\zsmartclient_unittest\bin\x64\debug\net472\zsmartclient_unittest.dll" id="aa6b509d-ef33-e576-b983-961276c69241">
      <TestCategory>
        <TestCategoryItem TestCategory="SearchResultActionBarViewModel" />
      </TestCategory>
      <Execution id="17b169a8-ff5b-4c91-9007-5b1cdc22d6e1" />
      <TestMethod codeBase="D:\actions-runner\_work\XPCO\XPCO\SC\Components\RemoteViewer\SmartClient\tst\zSmartClient_UnitTest\bin\x64\Debug\net472\zSmartClient_UnitTest.dll" adapterTypeName="executor://mstestadapter/v2" className="SmartClient_UnitTest.VideoOS.RemoteClient.Plugin.CentralizedSearch.ViewModels.SearchResultsActionBarViewModelTest" name="SearchResultsActionBarActions_SendToFloatingWindow_InvokeCommand_Success" />
    </UnitTest>
    <UnitTest name="Parse_SixHours_Success" storage="d:\actions-runner\_work\xpco\xpco\sc\components\remoteviewer\smartclient\tst\zsmartclient_unittest\bin\x64\debug\net472\zsmartclient_unittest.dll" id="90ade623-c933-13b0-3f87-d92db5a5c117">
      <TestCategory>
        <TestCategoryItem TestCategory="Search" />
      </TestCategory>
      <Execution id="b7e5607c-7f65-453f-a412-c55f6d3c0958" />
      <TestMethod codeBase="D:\actions-runner\_work\XPCO\XPCO\SC\Components\RemoteViewer\SmartClient\tst\zSmartClient_UnitTest\bin\x64\Debug\net472\zSmartClient_UnitTest.dll" adapterTypeName="executor://mstestadapter/v2" className="SmartClient_UnitTest.VideoOS.RemoteClient.Plugin.CentralizedSearch.Models.ScopeDurationTests" name="Parse_SixHours_Success" />
    </UnitTest>
    <UnitTest name="Compare_NullVsNotNull_GreaterThan" storage="d:\actions-runner\_work\xpco\xpco\sc\components\remoteviewer\smartclient\tst\zsmartclient_unittest\bin\x64\debug\net472\zsmartclient_unittest.dll" id="8304cf81-7f4f-297c-5609-3851440a85fa">
      <TestCategory>
        <TestCategoryItem TestCategory="SearchComparers" />
      </TestCategory>
      <Execution id="a5cc74e3-7414-4764-9642-6ca7d2915027" />
      <TestMethod codeBase="D:\actions-runner\_work\XPCO\XPCO\SC\Components\RemoteViewer\SmartClient\tst\zSmartClient_UnitTest\bin\x64\Debug\net472\zSmartClient_UnitTest.dll" adapterTypeName="executor://mstestadapter/v2" className="SmartClient_UnitTest.VideoOS.RemoteClient.Plugin.CentralizedSearch.Models.Wrappers.Comparers.BeginTimeWithPaddingComparerTests" name="Compare_NullVsNotNull_GreaterThan" />
    </UnitTest>
    <UnitTest name="SearchResultsActionBarActions_EditBookmark_Enabled" storage="d:\actions-runner\_work\xpco\xpco\sc\components\remoteviewer\smartclient\tst\zsmartclient_unittest\bin\x64\debug\net472\zsmartclient_unittest.dll" id="9c89c59d-b4e1-b0e6-38b6-740ac9ec96bd">
      <TestCategory>
        <TestCategoryItem TestCategory="SearchResultActionBarViewModel" />
      </TestCategory>
      <Execution id="5ea2b834-50e8-4b65-bfd4-f1eae729c9f0" />
      <TestMethod codeBase="D:\actions-runner\_work\XPCO\XPCO\SC\Components\RemoteViewer\SmartClient\tst\zSmartClient_UnitTest\bin\x64\Debug\net472\zSmartClient_UnitTest.dll" adapterTypeName="executor://mstestadapter/v2" className="SmartClient_UnitTest.VideoOS.RemoteClient.Plugin.CentralizedSearch.ViewModels.SearchResultsActionBarViewModelTest" name="SearchResultsActionBarActions_EditBookmark_Enabled" />
    </UnitTest>
    <UnitTest name="ValidateExportName_ShouldReturnFailResult_InvalidCharactersInExportName (1213*)" storage="d:\actions-runner\_work\xpco\xpco\sc\components\remoteviewer\smartclient\tst\zsmartclient_unittest\bin\x64\debug\net472\zsmartclient_unittest.dll" id="5abecf11-14e8-1dec-27ca-77abbda42776">
      <TestCategory>
        <TestCategoryItem TestCategory="Export" />
      </TestCategory>
      <Execution id="03df2949-fb0c-425a-a315-3a68fd72de9f" />
      <TestMethod codeBase="D:\actions-runner\_work\XPCO\XPCO\SC\Components\RemoteViewer\SmartClient\tst\zSmartClient_UnitTest\bin\x64\Debug\net472\zSmartClient_UnitTest.dll" adapterTypeName="executor://mstestadapter/v2" className="SmartClient_UnitTest.VideoOS.RemoteClient.Plugin.Export.ExportDataValidatorTests" name="ValidateExportName_ShouldReturnFailResult_InvalidCharactersInExportName" />
    </UnitTest>
    <UnitTest name="PatrollingStepListViewModel_DeleteStepCommand" storage="d:\actions-runner\_work\xpco\xpco\sc\components\remoteviewer\smartclient\tst\zsmartclient_unittest\bin\x64\debug\net472\zsmartclient_unittest.dll" id="9ef40f5e-38f9-a518-38bf-9ae97100aebe">
      <Execution id="86993a59-5460-44cf-8c4f-93e454616c77" />
      <TestMethod codeBase="D:\actions-runner\_work\XPCO\XPCO\SC\Components\RemoteViewer\SmartClient\tst\zSmartClient_UnitTest\bin\x64\Debug\net472\zSmartClient_UnitTest.dll" adapterTypeName="executor://mstestadapter/v2" className="SmartClient_UnitTest.VideoOS.RemoteClient.Application.UI.PtzPreset.PatrollingViewModel.PatrollingStepListViewModelTest" name="PatrollingStepListViewModel_DeleteStepCommand" />
    </UnitTest>
    <UnitTest name="Deserialize_InvalidXml_Error" storage="d:\actions-runner\_work\xpco\xpco\sc\components\remoteviewer\smartclient\tst\zsmartclient_unittest\bin\x64\debug\net472\zsmartclient_unittest.dll" id="a727049e-baa7-2030-caa3-50ce4db896ae">
      <TestCategory>
        <TestCategoryItem TestCategory="SearchSerialization" />
      </TestCategory>
      <Execution id="b9b363ec-c27b-431f-827a-3f7c56100ad6" />
      <TestMethod codeBase="D:\actions-runner\_work\XPCO\XPCO\SC\Components\RemoteViewer\SmartClient\tst\zSmartClient_UnitTest\bin\x64\Debug\net472\zSmartClient_UnitTest.dll" adapterTypeName="executor://mstestadapter/v2" className="SmartClient_UnitTest.VideoOS.RemoteClient.Plugin.CentralizedSearch.Models.Serialization.SearchSerializerTests" name="Deserialize_InvalidXml_Error" />
    </UnitTest>
    <UnitTest name="InitialPassword_ShouldBePropagatedToPasswords" storage="d:\actions-runner\_work\xpco\xpco\sc\components\remoteviewer\smartclient\tst\zsmartclient_unittest\bin\x64\debug\net472\zsmartclient_unittest.dll" id="ad2137f8-da12-9879-f4e4-b1576d0429b7">
      <TestCategory>
        <TestCategoryItem TestCategory="Export" />
      </TestCategory>
      <Execution id="11a45418-b8e1-47a8-93e9-efba0c9a6cd6" />
      <TestMethod codeBase="D:\actions-runner\_work\XPCO\XPCO\SC\Components\RemoteViewer\SmartClient\tst\zSmartClient_UnitTest\bin\x64\Debug\net472\zSmartClient_UnitTest.dll" adapterTypeName="executor://mstestadapter/v2" className="SmartClient_UnitTest.VideoOS.RemoteClient.Plugin.Export.PasswordDialogViewModelTests" name="InitialPassword_ShouldBePropagatedToPasswords" />
    </UnitTest>
    <UnitTest name="HandleGetDeviceData_ShouldReturnNotFoundDeviceData_WhenMicrophoneKindAndNonExistingMicrophoneId" storage="d:\actions-runner\_work\xpco\xpco\sc\components\remoteviewer\smartclient\tst\zsmartclient_unittest\bin\x64\debug\net472\zsmartclient_unittest.dll" id="3f089a4c-2d32-ba99-dedb-fa96b9528cb6">
      <TestCategory>
        <TestCategoryItem TestCategory="GisMap.Handlers.Devices.MapItems" />
      </TestCategory>
      <Execution id="479527d7-d31b-4eeb-9d55-3ad84f437f2e" />
      <TestMethod codeBase="D:\actions-runner\_work\XPCO\XPCO\SC\Components\RemoteViewer\SmartClient\tst\zSmartClient_UnitTest\bin\x64\Debug\net472\zSmartClient_UnitTest.dll" adapterTypeName="executor://mstestadapter/v2" className="SmartClient_UnitTest.VideoOS.RemoteClient.Plugin.GisMap.Handlers.Devices.MapItems.MicrophoneDataHandlerTests" name="HandleGetDeviceData_ShouldReturnNotFoundDeviceData_WhenMicrophoneKindAndNonExistingMicrophoneId" />
    </UnitTest>
    <UnitTest name="AddSelectedCameras_ValidCamera_CameraAdded" storage="d:\actions-runner\_work\xpco\xpco\sc\components\remoteviewer\smartclient\tst\zsmartclient_unittest\bin\x64\debug\net472\zsmartclient_unittest.dll" id="3dff5113-fbc5-85c4-6443-3894194c92b8">
      <TestCategory>
        <TestCategoryItem TestCategory="SearchViewModels" />
      </TestCategory>
      <Execution id="8b64dfed-b4fd-4127-93f9-64a2e9d0ef7c" />
      <TestMethod codeBase="D:\actions-runner\_work\XPCO\XPCO\SC\Components\RemoteViewer\SmartClient\tst\zSmartClient_UnitTest\bin\x64\Debug\net472\zSmartClient_UnitTest.dll" adapterTypeName="executor://mstestadapter/v2" className="SmartClient_UnitTest.VideoOS.RemoteClient.Plugin.CentralizedSearch.ViewModels.SearchViewModelTests" name="AddSelectedCameras_ValidCamera_CameraAdded" />
    </UnitTest>
    <UnitTest name="DisplayErrorOnNotificationArea_UnknownSearchError_LoggingDisabled_Success" storage="d:\actions-runner\_work\xpco\xpco\sc\components\remoteviewer\smartclient\tst\zsmartclient_unittest\bin\x64\debug\net472\zsmartclient_unittest.dll" id="45f53e24-e644-c161-a854-8f98e8cdbf61">
      <TestCategory>
        <TestCategoryItem TestCategory="SearchViewModels" />
      </TestCategory>
      <Execution id="31072355-aef3-443a-8b4f-e9f03eefe84c" />
      <TestMethod codeBase="D:\actions-runner\_work\XPCO\XPCO\SC\Components\RemoteViewer\SmartClient\tst\zSmartClient_UnitTest\bin\x64\Debug\net472\zSmartClient_UnitTest.dll" adapterTypeName="executor://mstestadapter/v2" className="SmartClient_UnitTest.VideoOS.RemoteClient.Plugin.CentralizedSearch.ViewModels.SearchViewModelTests" name="DisplayErrorOnNotificationArea_UnknownSearchError_LoggingDisabled_Success" />
    </UnitTest>
    <UnitTest name="UpdateScope_AbsoluteScopeDurationFromTimeChanged_ReturnsTrue" storage="d:\actions-runner\_work\xpco\xpco\sc\components\remoteviewer\smartclient\tst\zsmartclient_unittest\bin\x64\debug\net472\zsmartclient_unittest.dll" id="d8d8f61c-66c0-35aa-72e8-108d872447d5">
      <TestCategory>
        <TestCategoryItem TestCategory="SearchModels" />
      </TestCategory>
      <Execution id="92dc861e-07e3-4fbc-a613-14716a444dc9" />
      <TestMethod codeBase="D:\actions-runner\_work\XPCO\XPCO\SC\Components\RemoteViewer\SmartClient\tst\zSmartClient_UnitTest\bin\x64\Debug\net472\zSmartClient_UnitTest.dll" adapterTypeName="executor://mstestadapter/v2" className="SmartClient_UnitTest.VideoOS.RemoteClient.Plugin.CentralizedSearch.Models.SearchScopeTests" name="UpdateScope_AbsoluteScopeDurationFromTimeChanged_ReturnsTrue" />
    </UnitTest>
    <UnitTest name="GetPrivacyMaskTest" storage="d:\actions-runner\_work\xpco\xpco\sc\components\remoteviewer\smartclient\tst\zsmartclient_unittest\bin\x64\debug\net472\zsmartclient_unittest.dll" id="f6cae615-2487-dbea-6964-0ccca1418db3">
      <Execution id="45b3b850-ddb2-4d2b-98a8-e865985a1182" />
      <TestMethod codeBase="D:\actions-runner\_work\XPCO\XPCO\SC\Components\RemoteViewer\SmartClient\tst\zSmartClient_UnitTest\bin\x64\Debug\net472\zSmartClient_UnitTest.dll" adapterTypeName="executor://mstestadapter/v2" className="SmartClient_UnitTest.VideoOS.RemoteClient.Application.Data.ContentTypes.CameraContentType.PrivacyMaskTest" name="GetPrivacyMaskTest" />
    </UnitTest>
    <UnitTest name="PopulateTooltip_FewResultsFromSingleCamera24Hours_ValidText" storage="d:\actions-runner\_work\xpco\xpco\sc\components\remoteviewer\smartclient\tst\zsmartclient_unittest\bin\x64\debug\net472\zsmartclient_unittest.dll" id="0d83c1ac-5a73-d746-bd8b-9b4e86108c9b">
      <TestCategory>
        <TestCategoryItem TestCategory="SearchControls" />
      </TestCategory>
      <Execution id="97ff0974-0017-4ca8-b77e-9ca8cce996ae" />
      <TestMethod codeBase="D:\actions-runner\_work\XPCO\XPCO\SC\Components\RemoteViewer\SmartClient\tst\zSmartClient_UnitTest\bin\x64\Debug\net472\zSmartClient_UnitTest.dll" adapterTypeName="executor://mstestadapter/v2" className="SmartClient_UnitTest.VideoOS.RemoteClient.Plugin.CentralizedSearch.Views.Controls.TimelineRuler.TimelineRulerControlTests" name="PopulateTooltip_FewResultsFromSingleCamera24Hours_ValidText" />
    </UnitTest>
    <UnitTest name="PtzSessionControllerInfo_UserChangedTest_NoChange_Anonymous" storage="d:\actions-runner\_work\xpco\xpco\sc\components\remoteviewer\smartclient\tst\zsmartclient_unittest\bin\x64\debug\net472\zsmartclient_unittest.dll" id="537b2445-9bec-85ec-3d34-ba15ef73d25d">
      <Execution id="8c8dfcd9-f540-46f2-8cef-7465c3c84619" />
      <TestMethod codeBase="D:\actions-runner\_work\XPCO\XPCO\SC\Components\RemoteViewer\SmartClient\tst\zSmartClient_UnitTest\bin\x64\Debug\net472\zSmartClient_UnitTest.dll" adapterTypeName="executor://mstestadapter/v2" className="VideoOS.RemoteClient.Application.Controllers.UnitTest.PtzSessionControllerTest" name="PtzSessionControllerInfo_UserChangedTest_NoChange_Anonymous" />
    </UnitTest>
    <UnitTest name="AddToExportDevices_ShouldReturnCorrectResult (0,1,0)" storage="d:\actions-runner\_work\xpco\xpco\sc\components\remoteviewer\smartclient\tst\zsmartclient_unittest\bin\x64\debug\net472\zsmartclient_unittest.dll" id="3a1ea9f6-a18a-e117-50e1-2abd43b289e2">
      <TestCategory>
        <TestCategoryItem TestCategory="Managers" />
      </TestCategory>
      <Execution id="5e04dd6d-5216-4cb9-a25d-629d6bccb45f" />
      <TestMethod codeBase="D:\actions-runner\_work\XPCO\XPCO\SC\Components\RemoteViewer\SmartClient\tst\zSmartClient_UnitTest\bin\x64\Debug\net472\zSmartClient_UnitTest.dll" adapterTypeName="executor://mstestadapter/v2" className="SmartClient_UnitTest.VideoOS.RemoteClient.Application.Managers.ExportManagerTests" name="AddToExportDevices_ShouldReturnCorrectResult" />
    </UnitTest>
    <UnitTest name="Ctor_AllTypesConfigured" storage="d:\actions-runner\_work\xpco\xpco\sc\components\remoteviewer\smartclient\tst\zsmartclient_unittest\bin\x64\debug\net472\zsmartclient_unittest.dll" id="b93013c3-d297-89cf-1fce-624bcbbbca6c">
      <TestCategory>
        <TestCategoryItem TestCategory="Search" />
      </TestCategory>
      <Execution id="9ba32481-e8d9-4194-98ea-a9853d8dd8cc" />
      <TestMethod codeBase="D:\actions-runner\_work\XPCO\XPCO\SC\Components\RemoteViewer\SmartClient\tst\zSmartClient_UnitTest\bin\x64\Debug\net472\zSmartClient_UnitTest.dll" adapterTypeName="executor://mstestadapter/v2" className="SmartClient_UnitTest.VideoOS.RemoteClient.Plugin.CentralizedSearch.MIPPlugin.ScSearchUserControlPluginTest" name="Ctor_AllTypesConfigured" />
    </UnitTest>
    <UnitTest name="Parse_Custom_Success" storage="d:\actions-runner\_work\xpco\xpco\sc\components\remoteviewer\smartclient\tst\zsmartclient_unittest\bin\x64\debug\net472\zsmartclient_unittest.dll" id="74b99f6c-f52d-e611-9fc2-7e56383e4299">
      <TestCategory>
        <TestCategoryItem TestCategory="Search" />
      </TestCategory>
      <Execution id="c38ebf5c-cb5b-4cfe-b251-ea46ed42b22d" />
      <TestMethod codeBase="D:\actions-runner\_work\XPCO\XPCO\SC\Components\RemoteViewer\SmartClient\tst\zSmartClient_UnitTest\bin\x64\Debug\net472\zSmartClient_UnitTest.dll" adapterTypeName="executor://mstestadapter/v2" className="SmartClient_UnitTest.VideoOS.RemoteClient.Plugin.CentralizedSearch.Models.ScopeDurationTests" name="Parse_Custom_Success" />
    </UnitTest>
    <UnitTest name="DeviceIcons_ShouldBeCached_WhenCalled" storage="d:\actions-runner\_work\xpco\xpco\sc\components\remoteviewer\smartclient\tst\zsmartclient_unittest\bin\x64\debug\net472\zsmartclient_unittest.dll" id="669fc029-8875-e129-8d0c-bd7a31bdd15f">
      <TestCategory>
        <TestCategoryItem TestCategory="GisMapData.CameraOemResourcesProviderTests" />
      </TestCategory>
      <Execution id="a8e1e696-6f88-4fd0-bfcf-6c5ee50d8bb7" />
      <TestMethod codeBase="D:\actions-runner\_work\XPCO\XPCO\SC\Components\RemoteViewer\SmartClient\tst\zSmartClient_UnitTest\bin\x64\Debug\net472\zSmartClient_UnitTest.dll" adapterTypeName="executor://mstestadapter/v2" className="SmartClient_UnitTest.VideoOS.RemoteClient.GisMapData.Resources.CameraOemResourcesProviderTests" name="DeviceIcons_ShouldBeCached_WhenCalled" />
    </UnitTest>
    <UnitTest name="State_ShouldUpdateMicrophoneIconImage_WhenSetToMute" storage="d:\actions-runner\_work\xpco\xpco\sc\components\remoteviewer\smartclient\tst\zsmartclient_unittest\bin\x64\debug\net472\zsmartclient_unittest.dll" id="2baa9530-1f3b-08c8-d90b-9f25fb854e03">
      <TestCategory>
        <TestCategoryItem TestCategory="GisMapData.MapItem.Microphones" />
      </TestCategory>
      <Execution id="1c08e95e-49ed-438c-a290-fc86d9e019c5" />
      <TestMethod codeBase="D:\actions-runner\_work\XPCO\XPCO\SC\Components\RemoteViewer\SmartClient\tst\zSmartClient_UnitTest\bin\x64\Debug\net472\zSmartClient_UnitTest.dll" adapterTypeName="executor://mstestadapter/v2" className="SmartClient_UnitTest.VideoOS.RemoteClient.GisMapData.MapItem.Microphones.MicrophoneMapItemTests" name="State_ShouldUpdateMicrophoneIconImage_WhenSetToMute" />
    </UnitTest>
    <UnitTest name="ShowAlreadyAddedToast_ShouldShowCorrectNumberOfToasts (1,1)" storage="d:\actions-runner\_work\xpco\xpco\sc\components\remoteviewer\smartclient\tst\zsmartclient_unittest\bin\x64\debug\net472\zsmartclient_unittest.dll" id="995126b2-b089-a150-2dce-04198c8d17e0">
      <TestCategory>
        <TestCategoryItem TestCategory="Managers" />
      </TestCategory>
      <Execution id="f05f57d0-a2e6-4ced-8415-c747a4414077" />
      <TestMethod codeBase="D:\actions-runner\_work\XPCO\XPCO\SC\Components\RemoteViewer\SmartClient\tst\zSmartClient_UnitTest\bin\x64\Debug\net472\zSmartClient_UnitTest.dll" adapterTypeName="executor://mstestadapter/v2" className="SmartClient_UnitTest.VideoOS.RemoteClient.Application.Managers.ExportResultsNotificationHelperTests" name="ShowAlreadyAddedToast_ShouldShowCorrectNumberOfToasts" />
    </UnitTest>
    <UnitTest name="ActiveInteractionStateBinding_ShouldOnlyContainNormalAndNewDevice_WhenCtorIsCalled" storage="d:\actions-runner\_work\xpco\xpco\sc\components\remoteviewer\smartclient\tst\zsmartclient_unittest\bin\x64\debug\net472\zsmartclient_unittest.dll" id="29cd7680-6529-be15-6bcd-e95b8579b607">
      <TestCategory>
        <TestCategoryItem TestCategory="GisMap.OutputMarkerTest" />
      </TestCategory>
      <Execution id="bc777e79-e0bd-4d40-86a4-1c97ec390324" />
      <TestMethod codeBase="D:\actions-runner\_work\XPCO\XPCO\SC\Components\RemoteViewer\SmartClient\tst\zSmartClient_UnitTest\bin\x64\Debug\net472\zSmartClient_UnitTest.dll" adapterTypeName="executor://mstestadapter/v2" className="SmartClient_UnitTest.VideoOS.RemoteClient.Plugin.GisMap.ThinkGeoMap.Markers.DeviceMarkers.OutputMarker.OutputMarkerTests" name="ActiveInteractionStateBinding_ShouldOnlyContainNormalAndNewDevice_WhenCtorIsCalled" />
    </UnitTest>
    <UnitTest name="SetItemOutlines_ItemNotCameraKind_Exception" storage="d:\actions-runner\_work\xpco\xpco\sc\components\remoteviewer\smartclient\tst\zsmartclient_unittest\bin\x64\debug\net472\zsmartclient_unittest.dll" id="bc299358-874f-d04a-92ad-e691bf3c092e">
      <TestCategory>
        <TestCategoryItem TestCategory="GisMap.GisMapViewFacade" />
      </TestCategory>
      <Execution id="d50239d1-bad7-482f-a0e2-7a71c606ca7c" />
      <TestMethod codeBase="D:\actions-runner\_work\XPCO\XPCO\SC\Components\RemoteViewer\SmartClient\tst\zSmartClient_UnitTest\bin\x64\Debug\net472\zSmartClient_UnitTest.dll" adapterTypeName="executor://mstestadapter/v2" className="SmartClient_UnitTest.VideoOS.RemoteClient.Plugin.GisMap.IoC.GisMapViewFacadeTests" name="SetItemOutlines_ItemNotCameraKind_Exception" />
    </UnitTest>
    <UnitTest name="Deserialize_ScopeDurationOnly_Success" storage="d:\actions-runner\_work\xpco\xpco\sc\components\remoteviewer\smartclient\tst\zsmartclient_unittest\bin\x64\debug\net472\zsmartclient_unittest.dll" id="4729feb7-4741-1ecd-d16a-200494d70780">
      <TestCategory>
        <TestCategoryItem TestCategory="SearchSerialization" />
      </TestCategory>
      <Execution id="49a83a4e-c0a6-47c1-bd17-a0e7f881f888" />
      <TestMethod codeBase="D:\actions-runner\_work\XPCO\XPCO\SC\Components\RemoteViewer\SmartClient\tst\zSmartClient_UnitTest\bin\x64\Debug\net472\zSmartClient_UnitTest.dll" adapterTypeName="executor://mstestadapter/v2" className="SmartClient_UnitTest.VideoOS.RemoteClient.Plugin.CentralizedSearch.Models.Serialization.SearchSerializerTests" name="Deserialize_ScopeDurationOnly_Success" />
    </UnitTest>
    <UnitTest name="TestReadXml" storage="d:\actions-runner\_work\xpco\xpco\sc\components\remoteviewer\smartclient\tst\zsmartclient_unittest\bin\x64\debug\net472\zsmartclient_unittest.dll" id="1bb961de-3244-ec3d-ba9c-efd8693da7cb">
      <Execution id="857a20a7-ff52-4199-b49e-7c2112d7c2b2" />
      <TestMethod codeBase="D:\actions-runner\_work\XPCO\XPCO\SC\Components\RemoteViewer\SmartClient\tst\zSmartClient_UnitTest\bin\x64\Debug\net472\zSmartClient_UnitTest.dll" adapterTypeName="executor://mstestadapter/v2" className="SmartClient_UnitTest.VideoOS.RemoteClient.Application.Data.Retrievals.RetrievalMetadataTest" name="TestReadXml" />
    </UnitTest>
    <UnitTest name="PatrollingProfileViewModelTest_Constructor_Success" storage="d:\actions-runner\_work\xpco\xpco\sc\components\remoteviewer\smartclient\tst\zsmartclient_unittest\bin\x64\debug\net472\zsmartclient_unittest.dll" id="971ae998-f6f4-2825-fcc4-633419b90bb1">
      <Execution id="975c482f-8bcc-4586-8a62-e61e45842a24" />
      <TestMethod codeBase="D:\actions-runner\_work\XPCO\XPCO\SC\Components\RemoteViewer\SmartClient\tst\zSmartClient_UnitTest\bin\x64\Debug\net472\zSmartClient_UnitTest.dll" adapterTypeName="executor://mstestadapter/v2" className="SmartClient_UnitTest.VideoOS.RemoteClient.Application.UI.PtzPreset.PatrollingViewModel.PatrollingProfileViewModelTest" name="PatrollingProfileViewModelTest_Constructor_Success" />
    </UnitTest>
    <UnitTest name="Search_EmptyFilterValue_WarningTextNotApplied" storage="d:\actions-runner\_work\xpco\xpco\sc\components\remoteviewer\smartclient\tst\zsmartclient_unittest\bin\x64\debug\net472\zsmartclient_unittest.dll" id="e5973daf-eb52-605d-f256-024d8a961fe9">
      <TestCategory>
        <TestCategoryItem TestCategory="Search" />
      </TestCategory>
      <Execution id="62775b07-7cbb-4515-95bc-eb7ac4fd7a4d" />
      <TestMethod codeBase="D:\actions-runner\_work\XPCO\XPCO\SC\Components\RemoteViewer\SmartClient\tst\zSmartClient_UnitTest\bin\x64\Debug\net472\zSmartClient_UnitTest.dll" adapterTypeName="executor://mstestadapter/v2" className="SmartClient_UnitTest.VideoOS.RemoteClient.Plugin.CentralizedSearch.MIPPlugin.CompositeSearchDefinitionTests" name="Search_EmptyFilterValue_WarningTextNotApplied" />
    </UnitTest>
    <UnitTest name="ConvertToNewLevel_ThreeLevelsUp_Success" storage="d:\actions-runner\_work\xpco\xpco\sc\components\remoteviewer\smartclient\tst\zsmartclient_unittest\bin\x64\debug\net472\zsmartclient_unittest.dll" id="d6a59c85-6c58-584e-c43d-f10c50d7e1a2">
      <TestCategory>
        <TestCategoryItem TestCategory="GisMapIndex" />
      </TestCategory>
      <Execution id="42a9d82b-9e3c-405f-bc95-6ef41327cf35" />
      <TestMethod codeBase="D:\actions-runner\_work\XPCO\XPCO\SC\Components\RemoteViewer\SmartClient\tst\zSmartClient_UnitTest\bin\x64\Debug\net472\zSmartClient_UnitTest.dll" adapterTypeName="executor://mstestadapter/v2" className="SmartClient_UnitTest.VideoOS.RemoteClient.GisMapData.Common.Indexer.IndexGridExtentTest" name="ConvertToNewLevel_ThreeLevelsUp_Success" />
    </UnitTest>
    <UnitTest name="GetSLC_ShouldReturnCorrectSLC" storage="d:\actions-runner\_work\xpco\xpco\sc\components\remoteviewer\smartclient\tst\zsmartclient_unittest\bin\x64\debug\net472\zsmartclient_unittest.dll" id="9dcaedba-c848-3b00-d622-5c7b863dca11">
      <Execution id="8adfd700-f4a2-47b1-9eb2-b99b38d43c79" />
      <TestMethod codeBase="D:\actions-runner\_work\XPCO\XPCO\SC\Components\RemoteViewer\SmartClient\tst\zSmartClient_UnitTest\bin\x64\Debug\net472\zSmartClient_UnitTest.dll" adapterTypeName="executor://mstestadapter/v2" className="SmartClient_UnitTest.VideoOS.RemoteClient.Application.Common.Telemetry.SCTelemetrySpecificsTests" name="GetSLC_ShouldReturnCorrectSLC" />
    </UnitTest>
    <UnitTest name="OpenStreetMapLayerIsDisabled_ShouldReturnFalse_WhenOpenStreetMapGeographicLayerOptionIsNotAvailableAndOpenStreetMapAlternativeServerIsNotEmpty" storage="d:\actions-runner\_work\xpco\xpco\sc\components\remoteviewer\smartclient\tst\zsmartclient_unittest\bin\x64\debug\net472\zsmartclient_unittest.dll" id="cc0eb8f4-de0d-0d2a-a312-64bcc8b88edd">
      <TestCategory>
        <TestCategoryItem TestCategory="GisMapLayer" />
      </TestCategory>
      <Execution id="7968b37a-1899-4ef4-9733-eee5ed651a4d" />
      <TestMethod codeBase="D:\actions-runner\_work\XPCO\XPCO\SC\Components\RemoteViewer\SmartClient\tst\zSmartClient_UnitTest\bin\x64\Debug\net472\zSmartClient_UnitTest.dll" adapterTypeName="executor://mstestadapter/v2" className="SmartClient_UnitTest.VideoOS.RemoteClient.GisMap.MapLayers.GisMapLayerTests" name="OpenStreetMapLayerIsDisabled_ShouldReturnFalse_WhenOpenStreetMapGeographicLayerOptionIsNotAvailableAndOpenStreetMapAlternativeServerIsNotEmpty" />
    </UnitTest>
    <UnitTest name="Outline_ShouldAcceptSet_WhenNon4CornersOutline" storage="d:\actions-runner\_work\xpco\xpco\sc\components\remoteviewer\smartclient\tst\zsmartclient_unittest\bin\x64\debug\net472\zsmartclient_unittest.dll" id="c6214463-25ef-9b77-19c9-f227068e9681">
      <TestCategory>
        <TestCategoryItem TestCategory="GisMapBuilding" />
      </TestCategory>
      <Execution id="ec2e9e49-5062-4edf-8346-9e8eea640c17" />
      <TestMethod codeBase="D:\actions-runner\_work\XPCO\XPCO\SC\Components\RemoteViewer\SmartClient\tst\zSmartClient_UnitTest\bin\x64\Debug\net472\zSmartClient_UnitTest.dll" adapterTypeName="executor://mstestadapter/v2" className="SmartClient_UnitTest.VideoOS.RemoteClient.GisMap.MapBuildingTests" name="Outline_ShouldAcceptSet_WhenNon4CornersOutline" />
    </UnitTest>
    <UnitTest name="ScrollIntoView_Async_DefinitionViewAboveOutOfViewPort_Scrolled" storage="d:\actions-runner\_work\xpco\xpco\sc\components\remoteviewer\smartclient\tst\zsmartclient_unittest\bin\x64\debug\net472\zsmartclient_unittest.dll" id="1a438984-8e5e-2cb0-c251-969595afcd3b">
      <TestCategory>
        <TestCategoryItem TestCategory="Search" />
      </TestCategory>
      <Execution id="6ec3ea48-2880-48c9-84f1-3559863e7445" />
      <TestMethod codeBase="D:\actions-runner\_work\XPCO\XPCO\SC\Components\RemoteViewer\SmartClient\tst\zSmartClient_UnitTest\bin\x64\Debug\net472\zSmartClient_UnitTest.dll" adapterTypeName="executor://mstestadapter/v2" className="SmartClient_UnitTest.VideoOS.RemoteClient.Plugin.CentralizedSearch.Views.CriteriaViewTests" name="ScrollIntoView_Async_DefinitionViewAboveOutOfViewPort_Scrolled" />
    </UnitTest>
    <UnitTest name="SelectTemplate_InvalidItemType_ReturnsPopupTemplate" storage="d:\actions-runner\_work\xpco\xpco\sc\components\remoteviewer\smartclient\tst\zsmartclient_unittest\bin\x64\debug\net472\zsmartclient_unittest.dll" id="7d70a72d-3886-6952-72a5-a740f2010644">
      <TestCategory>
        <TestCategoryItem TestCategory="SearchViews" />
      </TestCategory>
      <Execution id="35239db4-c3ad-4715-bc86-cc188e3614ef" />
      <TestMethod codeBase="D:\actions-runner\_work\XPCO\XPCO\SC\Components\RemoteViewer\SmartClient\tst\zSmartClient_UnitTest\bin\x64\Debug\net472\zSmartClient_UnitTest.dll" adapterTypeName="executor://mstestadapter/v2" className="SmartClient_UnitTest.VideoOS.RemoteClient.Plugin.CentralizedSearch.Views.AttributeEditControlTemplateSelectorTests" name="SelectTemplate_InvalidItemType_ReturnsPopupTemplate" />
    </UnitTest>
    <UnitTest name="IsLocationSelectionVisible_MappedToViewModel_Success" storage="d:\actions-runner\_work\xpco\xpco\sc\components\remoteviewer\smartclient\tst\zsmartclient_unittest\bin\x64\debug\net472\zsmartclient_unittest.dll" id="d39f566a-6448-5523-5e51-422943258ba3">
      <TestCategory>
        <TestCategoryItem TestCategory="GisMap.GisMapViewFacade" />
      </TestCategory>
      <Execution id="7e337db8-1ef9-483d-abd9-cf9aa47e671e" />
      <TestMethod codeBase="D:\actions-runner\_work\XPCO\XPCO\SC\Components\RemoteViewer\SmartClient\tst\zSmartClient_UnitTest\bin\x64\Debug\net472\zSmartClient_UnitTest.dll" adapterTypeName="executor://mstestadapter/v2" className="SmartClient_UnitTest.VideoOS.RemoteClient.Plugin.GisMap.IoC.GisMapViewFacadeTests" name="IsLocationSelectionVisible_MappedToViewModel_Success" />
    </UnitTest>
    <UnitTest name="OutputItemsLayer_NotIsGeographic_Load_Success" storage="d:\actions-runner\_work\xpco\xpco\sc\components\remoteviewer\smartclient\tst\zsmartclient_unittest\bin\x64\debug\net472\zsmartclient_unittest.dll" id="4359d1f6-24c0-77e3-a295-f1f91acd7a66">
      <TestCategory>
        <TestCategoryItem TestCategory="GisMapLayer" />
      </TestCategory>
      <Execution id="1fe353e7-1459-4de5-93ba-0bea6e57f43a" />
      <TestMethod codeBase="D:\actions-runner\_work\XPCO\XPCO\SC\Components\RemoteViewer\SmartClient\tst\zSmartClient_UnitTest\bin\x64\Debug\net472\zSmartClient_UnitTest.dll" adapterTypeName="executor://mstestadapter/v2" className="SmartClient_UnitTest.VideoOS.RemoteClient.GisMap.MapLayers.GisMapLayerTests" name="OutputItemsLayer_NotIsGeographic_Load_Success" />
    </UnitTest>
    <UnitTest name="AddLevelWithLoadNewLevel_Success" storage="d:\actions-runner\_work\xpco\xpco\sc\components\remoteviewer\smartclient\tst\zsmartclient_unittest\bin\x64\debug\net472\zsmartclient_unittest.dll" id="10a1b738-5399-5e92-e2ed-009c7ed9c454">
      <TestCategory>
        <TestCategoryItem TestCategory="GisMapBuilding" />
      </TestCategory>
      <Execution id="cebae07b-2919-4a0e-9669-59875ad868f5" />
      <TestMethod codeBase="D:\actions-runner\_work\XPCO\XPCO\SC\Components\RemoteViewer\SmartClient\tst\zSmartClient_UnitTest\bin\x64\Debug\net472\zSmartClient_UnitTest.dll" adapterTypeName="executor://mstestadapter/v2" className="SmartClient_UnitTest.VideoOS.RemoteClient.GisMapData.MapBuildings.MapLevelTests" name="AddLevelWithLoadNewLevel_Success" />
    </UnitTest>
    <UnitTest name="SidePanelToggleButtonIsVisible_DependingOnConditions (Normal,False,False,False)" storage="d:\actions-runner\_work\xpco\xpco\sc\components\remoteviewer\smartclient\tst\zsmartclient_unittest\bin\x64\debug\net472\zsmartclient_unittest.dll" id="11ced5ad-842d-1524-f246-9d123f54e1e0">
      <TestCategory>
        <TestCategoryItem TestCategory="WorkspaceToolbar" />
      </TestCategory>
      <Execution id="fb42cc90-b273-469e-9b1f-0a0aebe40a8b" />
      <TestMethod codeBase="D:\actions-runner\_work\XPCO\XPCO\SC\Components\RemoteViewer\SmartClient\tst\zSmartClient_UnitTest\bin\x64\Debug\net472\zSmartClient_UnitTest.dll" adapterTypeName="executor://mstestadapter/v2" className="SmartClient_UnitTest.VideoOS.RemoteClient.Application.UI.Content.WorkspaceToolbar.WorkspaceToolbarViewModelTests" name="SidePanelToggleButtonIsVisible_DependingOnConditions" />
    </UnitTest>
    <UnitTest name="ActiveInteractionStateBinding_ShouldNotBeNull_WhenCtorIsCalled" storage="d:\actions-runner\_work\xpco\xpco\sc\components\remoteviewer\smartclient\tst\zsmartclient_unittest\bin\x64\debug\net472\zsmartclient_unittest.dll" id="69d36869-4d47-77af-11ea-1700a11c2aa4">
      <TestCategory>
        <TestCategoryItem TestCategory="GisMap.OutputMarkerTest" />
      </TestCategory>
      <Execution id="75235f0f-ac50-43f0-bc01-8e990d8e662d" />
      <TestMethod codeBase="D:\actions-runner\_work\XPCO\XPCO\SC\Components\RemoteViewer\SmartClient\tst\zSmartClient_UnitTest\bin\x64\Debug\net472\zSmartClient_UnitTest.dll" adapterTypeName="executor://mstestadapter/v2" className="SmartClient_UnitTest.VideoOS.RemoteClient.Plugin.GisMap.ThinkGeoMap.Markers.DeviceMarkers.OutputMarker.OutputMarkerTests" name="ActiveInteractionStateBinding_ShouldNotBeNull_WhenCtorIsCalled" />
    </UnitTest>
    <UnitTest name="HandleGetDeviceData_ShouldReturnNotFoundDeviceData_WhenNotSupportedKind" storage="d:\actions-runner\_work\xpco\xpco\sc\components\remoteviewer\smartclient\tst\zsmartclient_unittest\bin\x64\debug\net472\zsmartclient_unittest.dll" id="e833bb24-3fa7-84ca-0015-97d61c5799eb">
      <TestCategory>
        <TestCategoryItem TestCategory="GisMap.Handlers.Devices.MapItems" />
      </TestCategory>
      <Execution id="ed30891d-bb6d-446f-a452-3d363b39c398" />
      <TestMethod codeBase="D:\actions-runner\_work\XPCO\XPCO\SC\Components\RemoteViewer\SmartClient\tst\zSmartClient_UnitTest\bin\x64\Debug\net472\zSmartClient_UnitTest.dll" adapterTypeName="executor://mstestadapter/v2" className="SmartClient_UnitTest.VideoOS.RemoteClient.Plugin.GisMap.Handlers.Devices.MapItems.InputDataHandlerTests" name="HandleGetDeviceData_ShouldReturnNotFoundDeviceData_WhenNotSupportedKind" />
    </UnitTest>
    <UnitTest name="PatrollingProfileListViewModel_AddProfileCommand" storage="d:\actions-runner\_work\xpco\xpco\sc\components\remoteviewer\smartclient\tst\zsmartclient_unittest\bin\x64\debug\net472\zsmartclient_unittest.dll" id="720fe66f-b8b5-d4e5-7a83-b546dcd33e63">
      <Execution id="a1386cd7-ba84-4b0b-8b82-a65a209766fa" />
      <TestMethod codeBase="D:\actions-runner\_work\XPCO\XPCO\SC\Components\RemoteViewer\SmartClient\tst\zSmartClient_UnitTest\bin\x64\Debug\net472\zSmartClient_UnitTest.dll" adapterTypeName="executor://mstestadapter/v2" className="SmartClient_UnitTest.VideoOS.RemoteClient.Application.UI.PtzPreset.PatrollingViewModel.PatrollingProfileListViewModelTest" name="PatrollingProfileListViewModel_AddProfileCommand" />
    </UnitTest>
    <UnitTest name="Compare_Descending_Success" storage="d:\actions-runner\_work\xpco\xpco\sc\components\remoteviewer\smartclient\tst\zsmartclient_unittest\bin\x64\debug\net472\zsmartclient_unittest.dll" id="c6e098df-93ea-edd9-9f8d-a8296c3d60ed">
      <TestCategory>
        <TestCategoryItem TestCategory="SearchComparers" />
      </TestCategory>
      <Execution id="b9d3d496-151a-407a-aade-e773cc0ae0b8" />
      <TestMethod codeBase="D:\actions-runner\_work\XPCO\XPCO\SC\Components\RemoteViewer\SmartClient\tst\zSmartClient_UnitTest\bin\x64\Debug\net472\zSmartClient_UnitTest.dll" adapterTypeName="executor://mstestadapter/v2" className="SmartClient_UnitTest.VideoOS.RemoteClient.Plugin.CentralizedSearch.Models.Wrappers.Comparers.BeginTimeWithPaddingComparerTests" name="Compare_Descending_Success" />
    </UnitTest>
    <UnitTest name="SelectTemplate_TextBoxFilterConfiguration_ReturnsInlineTemplate" storage="d:\actions-runner\_work\xpco\xpco\sc\components\remoteviewer\smartclient\tst\zsmartclient_unittest\bin\x64\debug\net472\zsmartclient_unittest.dll" id="87f381e7-d9c3-dd59-a7de-147f1cb1e49c">
      <TestCategory>
        <TestCategoryItem TestCategory="SearchViews" />
      </TestCategory>
      <Execution id="92056b49-4267-4bea-a564-0f90c27777a7" />
      <TestMethod codeBase="D:\actions-runner\_work\XPCO\XPCO\SC\Components\RemoteViewer\SmartClient\tst\zSmartClient_UnitTest\bin\x64\Debug\net472\zSmartClient_UnitTest.dll" adapterTypeName="executor://mstestadapter/v2" className="SmartClient_UnitTest.VideoOS.RemoteClient.Plugin.CentralizedSearch.Views.AttributeEditControlTemplateSelectorTests" name="SelectTemplate_TextBoxFilterConfiguration_ReturnsInlineTemplate" />
    </UnitTest>
    <UnitTest name="MonitorLiveState_Deserialize_Success" storage="d:\actions-runner\_work\xpco\xpco\sc\components\remoteviewer\smartclient\tst\zsmartclient_unittest\bin\x64\debug\net472\zsmartclient_unittest.dll" id="62ccd416-325f-fc18-4621-c0f70b480ec4">
      <Execution id="b6554d56-bb3f-4804-a2ad-acbf559eb7d5" />
      <TestMethod codeBase="D:\actions-runner\_work\XPCO\XPCO\SC\Components\RemoteViewer\SmartClient\tst\zSmartClient_UnitTest\bin\x64\Debug\net472\zSmartClient_UnitTest.dll" adapterTypeName="executor://mstestadapter/v2" className="SmartClient_UnitTest.VideoOS.RemoteClient.Data.VideoWall.MonitorStateTests" name="MonitorLiveState_Deserialize_Success" />
    </UnitTest>
    <UnitTest name="ShowSuccessToast_ShouldShowCorrectNumberOfToasts (0,0)" storage="d:\actions-runner\_work\xpco\xpco\sc\components\remoteviewer\smartclient\tst\zsmartclient_unittest\bin\x64\debug\net472\zsmartclient_unittest.dll" id="8ef9e844-3d1a-7964-caca-ab02c4eee36c">
      <TestCategory>
        <TestCategoryItem TestCategory="Managers" />
      </TestCategory>
      <Execution id="7d6a0fa8-5818-4a9c-a928-e771ebc9de29" />
      <TestMethod codeBase="D:\actions-runner\_work\XPCO\XPCO\SC\Components\RemoteViewer\SmartClient\tst\zSmartClient_UnitTest\bin\x64\Debug\net472\zSmartClient_UnitTest.dll" adapterTypeName="executor://mstestadapter/v2" className="SmartClient_UnitTest.VideoOS.RemoteClient.Application.Managers.ExportResultsNotificationHelperTests" name="ShowSuccessToast_ShouldShowCorrectNumberOfToasts" />
    </UnitTest>
    <UnitTest name="SevenDays_Success" storage="d:\actions-runner\_work\xpco\xpco\sc\components\remoteviewer\smartclient\tst\zsmartclient_unittest\bin\x64\debug\net472\zsmartclient_unittest.dll" id="de09b4c2-8c85-fd07-a4bd-ac2ed052171a">
      <TestCategory>
        <TestCategoryItem TestCategory="Search" />
      </TestCategory>
      <Execution id="f6640a59-6167-4a17-bee0-e87d7bd53bd5" />
      <TestMethod codeBase="D:\actions-runner\_work\XPCO\XPCO\SC\Components\RemoteViewer\SmartClient\tst\zSmartClient_UnitTest\bin\x64\Debug\net472\zSmartClient_UnitTest.dll" adapterTypeName="executor://mstestadapter/v2" className="SmartClient_UnitTest.VideoOS.RemoteClient.Plugin.CentralizedSearch.Models.ScopeDurationTests" name="SevenDays_Success" />
    </UnitTest>
    <UnitTest name="AddGetConfigurationMicrophoneTest" storage="d:\actions-runner\_work\xpco\xpco\sc\components\remoteviewer\smartclient\tst\zsmartclient_unittest\bin\x64\debug\net472\zsmartclient_unittest.dll" id="dfccc8b7-199c-9ea3-3acb-490aa9ca096b">
      <Execution id="b32d7343-233c-4245-927f-8175d3d74605" />
      <TestMethod codeBase="D:\actions-runner\_work\XPCO\XPCO\SC\Components\RemoteViewer\SmartClient\tst\zSmartClient_UnitTest\bin\x64\Debug\net472\zSmartClient_UnitTest.dll" adapterTypeName="executor://mstestadapter/v2" className="SmartClient_UnitTest.VideoOS.Shared.ServerAPI.IServerConfigurationTest" name="AddGetConfigurationMicrophoneTest" />
    </UnitTest>
    <UnitTest name="TryGetEventServerIdByACSystemId_ShouldReturnProperEventServerId_WhenEventServerIdIsPartOfServerConfiguredAccessControlSystemsDictionary" storage="d:\actions-runner\_work\xpco\xpco\sc\components\remoteviewer\smartclient\tst\zsmartclient_unittest\bin\x64\debug\net472\zsmartclient_unittest.dll" id="e722e3a9-2981-c54f-b874-d266f762bbea">
      <TestCategory>
        <TestCategoryItem TestCategory="AccessControl" />
      </TestCategory>
      <Execution id="1a71d4ee-b44a-4a03-ac1c-4798dc8a273a" />
      <TestMethod codeBase="D:\actions-runner\_work\XPCO\XPCO\SC\Components\RemoteViewer\SmartClient\tst\zSmartClient_UnitTest\bin\x64\Debug\net472\zSmartClient_UnitTest.dll" adapterTypeName="executor://mstestadapter/v2" className="SmartClient_UnitTest.VideoOS.RemoteClient.AccessControl.AccessControlLoginInfoTests" name="TryGetEventServerIdByACSystemId_ShouldReturnProperEventServerId_WhenEventServerIdIsPartOfServerConfiguredAccessControlSystemsDictionary" />
    </UnitTest>
    <UnitTest name="BeginTime_ShouldBeSetToValueOfSearchResult" storage="d:\actions-runner\_work\xpco\xpco\sc\components\remoteviewer\smartclient\tst\zsmartclient_unittest\bin\x64\debug\net472\zsmartclient_unittest.dll" id="17258b23-ff23-da1c-73fb-351e418fb581">
      <TestCategory>
        <TestCategoryItem TestCategory="Search.Wrappers" />
      </TestCategory>
      <Execution id="fdd67bb5-b577-4bd7-b861-bfa289318899" />
      <TestMethod codeBase="D:\actions-runner\_work\XPCO\XPCO\SC\Components\RemoteViewer\SmartClient\tst\zSmartClient_UnitTest\bin\x64\Debug\net472\zSmartClient_UnitTest.dll" adapterTypeName="executor://mstestadapter/v2" className="SmartClient_UnitTest.VideoOS.RemoteClient.Plugin.CentralizedSearch.Models.Wrappers.SearchResultDataWrapperTests" name="BeginTime_ShouldBeSetToValueOfSearchResult" />
    </UnitTest>
    <UnitTest name="TestForAssemblyCoverage" storage="d:\actions-runner\_work\xpco\xpco\sc\components\remoteviewer\smartclient\tst\zsmartclient_unittest\bin\x64\debug\net472\zsmartclient_unittest.dll" id="332d7c0b-99e9-8913-1359-6d2df137b355">
      <Execution id="013e2381-c65b-4d00-a677-6e8f48357798" />
      <TestMethod codeBase="D:\actions-runner\_work\XPCO\XPCO\SC\Components\RemoteViewer\SmartClient\tst\zSmartClient_UnitTest\bin\x64\Debug\net472\zSmartClient_UnitTest.dll" adapterTypeName="executor://mstestadapter/v2" className="SmartClient_UnitTest.VideoOS.RemoteClient.Plugin.VideoWall.UnitTest1" name="TestForAssemblyCoverage" />
    </UnitTest>
    <UnitTest name="Close_ShouldCallDetach_WhenCalled" storage="d:\actions-runner\_work\xpco\xpco\sc\components\remoteviewer\smartclient\tst\zsmartclient_unittest\bin\x64\debug\net472\zsmartclient_unittest.dll" id="0ff0e9cd-64a6-a486-b25c-40dba615fd2d">
      <TestCategory>
        <TestCategoryItem TestCategory="GisMap.DeviceSelectorWindow" />
      </TestCategory>
      <Execution id="a243a188-2ede-420e-bffc-e96286581b47" />
      <TestMethod codeBase="D:\actions-runner\_work\XPCO\XPCO\SC\Components\RemoteViewer\SmartClient\tst\zSmartClient_UnitTest\bin\x64\Debug\net472\zSmartClient_UnitTest.dll" adapterTypeName="executor://mstestadapter/v2" className="SmartClient_UnitTest.VideoOS.RemoteClient.Plugin.GisMap.Windows.GisMapSetup.DeviceSelectors.DeviceSelectorWindowTests" name="Close_ShouldCallDetach_WhenCalled" />
    </UnitTest>
    <UnitTest name="GetGuidProviderStrategyByEventServerId_ShouldReturnOneSHA1Strategy_WhenEventServerIdIsFipsCompliant" storage="d:\actions-runner\_work\xpco\xpco\sc\components\remoteviewer\smartclient\tst\zsmartclient_unittest\bin\x64\debug\net472\zsmartclient_unittest.dll" id="d5b52bb5-55cf-dc85-f26b-7b0562d6b30f">
      <TestCategory>
        <TestCategoryItem TestCategory="AccessControl.Services" />
      </TestCategory>
      <Execution id="ed2ce161-9a08-442d-b401-5c772f6abfe0" />
      <TestMethod codeBase="D:\actions-runner\_work\XPCO\XPCO\SC\Components\RemoteViewer\SmartClient\tst\zSmartClient_UnitTest\bin\x64\Debug\net472\zSmartClient_UnitTest.dll" adapterTypeName="executor://mstestadapter/v2" className="SmartClient_UnitTest.VideoOS.RemoteClient.AccessControl.Services.AccessControlGuidProviderTests" name="GetGuidProviderStrategyByEventServerId_ShouldReturnOneSHA1Strategy_WhenEventServerIdIsFipsCompliant" />
    </UnitTest>
    <UnitTest name="Toolbar_IsNotVisible_WhenNotInLiveOrPlayback" storage="d:\actions-runner\_work\xpco\xpco\sc\components\remoteviewer\smartclient\tst\zsmartclient_unittest\bin\x64\debug\net472\zsmartclient_unittest.dll" id="f97a9c11-337a-9db0-c57e-d2aa1b5d357d">
      <TestCategory>
        <TestCategoryItem TestCategory="WorkspaceToolbar" />
      </TestCategory>
      <Execution id="1d317c0f-b401-4d99-b1da-694103bcd4f7" />
      <TestMethod codeBase="D:\actions-runner\_work\XPCO\XPCO\SC\Components\RemoteViewer\SmartClient\tst\zSmartClient_UnitTest\bin\x64\Debug\net472\zSmartClient_UnitTest.dll" adapterTypeName="executor://mstestadapter/v2" className="SmartClient_UnitTest.VideoOS.RemoteClient.Application.UI.Content.WorkspaceToolbar.WorkspaceToolbarViewModelTests" name="Toolbar_IsNotVisible_WhenNotInLiveOrPlayback" />
    </UnitTest>
    <UnitTest name="GetServer_ShouldReturnCorrectServerTest" storage="d:\actions-runner\_work\xpco\xpco\sc\components\remoteviewer\smartclient\tst\zsmartclient_unittest\bin\x64\debug\net472\zsmartclient_unittest.dll" id="c1617589-7ab5-2785-7153-f5d42b13af57">
      <Execution id="792c3183-13e3-4399-bd32-a12b617265f9" />
      <TestMethod codeBase="D:\actions-runner\_work\XPCO\XPCO\SC\Components\RemoteViewer\SmartClient\tst\zSmartClient_UnitTest\bin\x64\Debug\net472\zSmartClient_UnitTest.dll" adapterTypeName="executor://mstestadapter/v2" className="SmartClient_UnitTest.VideoOS.RemoteClient.Application.Data.ContentTypes.ReportingContentType.DashboardDetailsProviderTest" name="GetServer_ShouldReturnCorrectServerTest" />
    </UnitTest>
    <UnitTest name="Parse_AttributeMissing_SuccessWithWarning" storage="d:\actions-runner\_work\xpco\xpco\sc\components\remoteviewer\smartclient\tst\zsmartclient_unittest\bin\x64\debug\net472\zsmartclient_unittest.dll" id="957f9b92-e025-9215-a70c-c67cce904d02">
      <Execution id="e3c701b2-c1c2-48e7-aec1-a34413ac0b75" />
      <TestMethod codeBase="D:\actions-runner\_work\XPCO\XPCO\SC\Components\RemoteViewer\SmartClient\tst\zSmartClient_UnitTest\bin\x64\Debug\net472\zSmartClient_UnitTest.dll" adapterTypeName="executor://mstestadapter/v2" className="SmartClient_UnitTest.VideoOS.RemoteClient.Application.PerformanceCounters.ConfigurationTests" name="Parse_AttributeMissing_SuccessWithWarning" />
    </UnitTest>
    <UnitTest name="SearchResultsActionBarActions_MipActionSpecificallySupportsOneAndNotTheOtherSelectedSearchResult_ActionEnabled" storage="d:\actions-runner\_work\xpco\xpco\sc\components\remoteviewer\smartclient\tst\zsmartclient_unittest\bin\x64\debug\net472\zsmartclient_unittest.dll" id="dbcf26cf-e43a-3a61-c59e-b7d73dca07b5">
      <TestCategory>
        <TestCategoryItem TestCategory="SearchResultActionBarViewModel" />
      </TestCategory>
      <Execution id="8e6bb63b-af61-4c4e-8e12-e831c7f24cac" />
      <TestMethod codeBase="D:\actions-runner\_work\XPCO\XPCO\SC\Components\RemoteViewer\SmartClient\tst\zSmartClient_UnitTest\bin\x64\Debug\net472\zSmartClient_UnitTest.dll" adapterTypeName="executor://mstestadapter/v2" className="SmartClient_UnitTest.VideoOS.RemoteClient.Plugin.CentralizedSearch.ViewModels.SearchResultsActionBarViewModelTest" name="SearchResultsActionBarActions_MipActionSpecificallySupportsOneAndNotTheOtherSelectedSearchResult_ActionEnabled" />
    </UnitTest>
    <UnitTest name="MonitorLiveState_Serialize_Success" storage="d:\actions-runner\_work\xpco\xpco\sc\components\remoteviewer\smartclient\tst\zsmartclient_unittest\bin\x64\debug\net472\zsmartclient_unittest.dll" id="d48c488e-fbbb-1e36-d1b4-d630148880b0">
      <Execution id="a83515e1-a0ad-4658-b539-3c542f1c00bc" />
      <TestMethod codeBase="D:\actions-runner\_work\XPCO\XPCO\SC\Components\RemoteViewer\SmartClient\tst\zSmartClient_UnitTest\bin\x64\Debug\net472\zSmartClient_UnitTest.dll" adapterTypeName="executor://mstestadapter/v2" className="SmartClient_UnitTest.VideoOS.RemoteClient.Data.VideoWall.MonitorStateTests" name="MonitorLiveState_Serialize_Success" />
    </UnitTest>
    <UnitTest name="SidePanelToggleButtonIsVisible_DependingOnConditions (FullScreen,True,True,False)" storage="d:\actions-runner\_work\xpco\xpco\sc\components\remoteviewer\smartclient\tst\zsmartclient_unittest\bin\x64\debug\net472\zsmartclient_unittest.dll" id="dff598f9-366f-62da-9c71-d860a04dd5cd">
      <TestCategory>
        <TestCategoryItem TestCategory="WorkspaceToolbar" />
      </TestCategory>
      <Execution id="0430c292-7817-4c22-8a97-d22ab2c7af69" />
      <TestMethod codeBase="D:\actions-runner\_work\XPCO\XPCO\SC\Components\RemoteViewer\SmartClient\tst\zSmartClient_UnitTest\bin\x64\Debug\net472\zSmartClient_UnitTest.dll" adapterTypeName="executor://mstestadapter/v2" className="SmartClient_UnitTest.VideoOS.RemoteClient.Application.UI.Content.WorkspaceToolbar.WorkspaceToolbarViewModelTests" name="SidePanelToggleButtonIsVisible_DependingOnConditions" />
    </UnitTest>
    <UnitTest name="DeleteItems_ShouldOnlyHandleMipMapItems_WhenCalled" storage="d:\actions-runner\_work\xpco\xpco\sc\components\remoteviewer\smartclient\tst\zsmartclient_unittest\bin\x64\debug\net472\zsmartclient_unittest.dll" id="234ad1b4-c3ca-386c-029e-422d8061eab6">
      <Execution id="eb2f14fd-01d7-42b0-9424-0939813e166c" />
      <TestMethod codeBase="D:\actions-runner\_work\XPCO\XPCO\SC\Components\RemoteViewer\SmartClient\tst\zSmartClient_UnitTest\bin\x64\Debug\net472\zSmartClient_UnitTest.dll" adapterTypeName="executor://mstestadapter/v2" className="SmartClient_UnitTest.VideoOS.RemoteClient.GisMapData.MapLayers.MipItemsMapLayerTests" name="DeleteItems_ShouldOnlyHandleMipMapItems_WhenCalled" />
    </UnitTest>
    <UnitTest name="ReorderLevels123to312_Success" storage="d:\actions-runner\_work\xpco\xpco\sc\components\remoteviewer\smartclient\tst\zsmartclient_unittest\bin\x64\debug\net472\zsmartclient_unittest.dll" id="24643fe7-0bf9-5382-835f-f9f91ed814f3">
      <TestCategory>
        <TestCategoryItem TestCategory="GisMapBuilding" />
      </TestCategory>
      <Execution id="00d16063-d2ae-40f6-8749-104df2e9a406" />
      <TestMethod codeBase="D:\actions-runner\_work\XPCO\XPCO\SC\Components\RemoteViewer\SmartClient\tst\zSmartClient_UnitTest\bin\x64\Debug\net472\zSmartClient_UnitTest.dll" adapterTypeName="executor://mstestadapter/v2" className="SmartClient_UnitTest.VideoOS.RemoteClient.GisMap.MapBuildingTests" name="ReorderLevels123to312_Success" />
    </UnitTest>
    <UnitTest name="Ctor_ShouldThrowException_WhenCredentialsAreNull" storage="d:\actions-runner\_work\xpco\xpco\sc\components\remoteviewer\smartclient\tst\zsmartclient_unittest\bin\x64\debug\net472\zsmartclient_unittest.dll" id="45464de9-2088-da3a-85ed-a8a4fecb083d">
      <TestCategory>
        <TestCategoryItem TestCategory="Authentication.ClientCredentials" />
      </TestCategory>
      <Execution id="2ea02e64-8331-494e-a80e-d5b95c98ab1b" />
      <TestMethod codeBase="D:\actions-runner\_work\XPCO\XPCO\SC\Components\RemoteViewer\SmartClient\tst\zSmartClient_UnitTest\bin\x64\Debug\net472\zSmartClient_UnitTest.dll" adapterTypeName="executor://mstestadapter/v2" className="SmartClient_UnitTest.VideoOS.Shared.ServerAPI.ClientCredentialsTest" name="Ctor_ShouldThrowException_WhenCredentialsAreNull" />
    </UnitTest>
    <UnitTest name="Deserialize_ManagerUnableToCreateSearchDefinition_Error" storage="d:\actions-runner\_work\xpco\xpco\sc\components\remoteviewer\smartclient\tst\zsmartclient_unittest\bin\x64\debug\net472\zsmartclient_unittest.dll" id="d77fa2b3-cd91-4a80-9070-a6c107df2662">
      <TestCategory>
        <TestCategoryItem TestCategory="SearchSerialization" />
      </TestCategory>
      <Execution id="fdc1608c-ce38-4684-8168-ef8cf4870656" />
      <TestMethod codeBase="D:\actions-runner\_work\XPCO\XPCO\SC\Components\RemoteViewer\SmartClient\tst\zSmartClient_UnitTest\bin\x64\Debug\net472\zSmartClient_UnitTest.dll" adapterTypeName="executor://mstestadapter/v2" className="SmartClient_UnitTest.VideoOS.RemoteClient.Plugin.CentralizedSearch.Models.Serialization.SearchSerializerTests" name="Deserialize_ManagerUnableToCreateSearchDefinition_Error" />
    </UnitTest>
    <UnitTest name="Parse_TwoHours_Success" storage="d:\actions-runner\_work\xpco\xpco\sc\components\remoteviewer\smartclient\tst\zsmartclient_unittest\bin\x64\debug\net472\zsmartclient_unittest.dll" id="780b91d2-0044-d042-dc26-f60de2f5b427">
      <TestCategory>
        <TestCategoryItem TestCategory="Search" />
      </TestCategory>
      <Execution id="ead54b2b-7e08-4bcd-a539-2b1ea891cf24" />
      <TestMethod codeBase="D:\actions-runner\_work\XPCO\XPCO\SC\Components\RemoteViewer\SmartClient\tst\zSmartClient_UnitTest\bin\x64\Debug\net472\zSmartClient_UnitTest.dll" adapterTypeName="executor://mstestadapter/v2" className="SmartClient_UnitTest.VideoOS.RemoteClient.Plugin.CentralizedSearch.Models.ScopeDurationTests" name="Parse_TwoHours_Success" />
    </UnitTest>
    <UnitTest name="Edit_Is_Enabled_When_Both_Update_And_Create_Rights_Present" storage="d:\actions-runner\_work\xpco\xpco\sc\components\remoteviewer\smartclient\tst\zsmartclient_unittest\bin\x64\debug\net472\zsmartclient_unittest.dll" id="7e7082ae-fc95-11b5-f109-06c5d9d16b4c">
      <Execution id="af068685-b7d8-46d7-9892-d464fbfe2e7a" />
      <TestMethod codeBase="D:\actions-runner\_work\XPCO\XPCO\SC\Components\RemoteViewer\SmartClient\tst\zSmartClient_UnitTest\bin\x64\Debug\net472\zSmartClient_UnitTest.dll" adapterTypeName="executor://mstestadapter/v2" className="SmartClient_UnitTest.VideoOS.RemoteClient.Application.Components.EvidenceLock.EvidenceLockEditModeUserRightTests" name="Edit_Is_Enabled_When_Both_Update_And_Create_Rights_Present" />
    </UnitTest>
    <UnitTest name="UpdateSearchTemplateAsync_StateError_Success" storage="d:\actions-runner\_work\xpco\xpco\sc\components\remoteviewer\smartclient\tst\zsmartclient_unittest\bin\x64\debug\net472\zsmartclient_unittest.dll" id="78964e11-1fbc-7f63-fecb-4ff3a281734b">
      <TestCategory>
        <TestCategoryItem TestCategory="SearchTemplatesService" />
      </TestCategory>
      <Execution id="1db1a1a3-e9e9-4e89-b0b4-6da5a1c29188" />
      <TestMethod codeBase="D:\actions-runner\_work\XPCO\XPCO\SC\Components\RemoteViewer\SmartClient\tst\zSmartClient_UnitTest\bin\x64\Debug\net472\zSmartClient_UnitTest.dll" adapterTypeName="executor://mstestadapter/v2" className="SmartClient_UnitTest.VideoOS.RemoteClient.Plugin.CentralizedSearch.SearchTemplates.Service.SearchTemplateServiceTests" name="UpdateSearchTemplateAsync_StateError_Success" />
    </UnitTest>
    <UnitTest name="UpdateScope_RelativeScopeDurationFromTimeChanged_ReturnsFalse" storage="d:\actions-runner\_work\xpco\xpco\sc\components\remoteviewer\smartclient\tst\zsmartclient_unittest\bin\x64\debug\net472\zsmartclient_unittest.dll" id="dc781f78-aa42-d9b1-8797-d2b3767e846c">
      <TestCategory>
        <TestCategoryItem TestCategory="SearchModels" />
      </TestCategory>
      <Execution id="f211387e-8788-430d-9ddc-f95cafdbc00c" />
      <TestMethod codeBase="D:\actions-runner\_work\XPCO\XPCO\SC\Components\RemoteViewer\SmartClient\tst\zSmartClient_UnitTest\bin\x64\Debug\net472\zSmartClient_UnitTest.dll" adapterTypeName="executor://mstestadapter/v2" className="SmartClient_UnitTest.VideoOS.RemoteClient.Plugin.CentralizedSearch.Models.SearchScopeTests" name="UpdateScope_RelativeScopeDurationFromTimeChanged_ReturnsFalse" />
    </UnitTest>
    <UnitTest name="ShouldReturnFalseWhenScaleChangedButOverlayTypeIsNotRedraw" storage="d:\actions-runner\_work\xpco\xpco\sc\components\remoteviewer\smartclient\tst\zsmartclient_unittest\bin\x64\debug\net472\zsmartclient_unittest.dll" id="31ae9737-3293-daff-e7b1-357b7daf0b9b">
      <TestCategory>
        <TestCategoryItem TestCategory="MipItemsUpdateStrategy" />
      </TestCategory>
      <Execution id="d8416a3d-8309-4e34-86e2-45fdcb150cb1" />
      <TestMethod codeBase="D:\actions-runner\_work\XPCO\XPCO\SC\Components\RemoteViewer\SmartClient\tst\zSmartClient_UnitTest\bin\x64\Debug\net472\zSmartClient_UnitTest.dll" adapterTypeName="executor://mstestadapter/v2" className="SmartClient_UnitTest.VideoOS.RemoteClient.Plugin.GisMap.MIP.MipItemsUpdateStrategyTests" name="ShouldReturnFalseWhenScaleChangedButOverlayTypeIsNotRedraw" />
    </UnitTest>
    <UnitTest name="ManualRecordingInfoDto_ShouldYieldSameValues_WhenRoundTripConverted" storage="d:\actions-runner\_work\xpco\xpco\sc\components\remoteviewer\smartclient\tst\zsmartclient_unittest\bin\x64\debug\net472\zsmartclient_unittest.dll" id="d33238ac-1e47-b12a-5f1e-c0efc2aabbf1">
      <TestCategory>
        <TestCategoryItem TestCategory="RecorderProxyToDtoMapping" />
      </TestCategory>
      <Execution id="88c12ba3-d719-4fb7-a035-f3dedc47e2ab" />
      <TestMethod codeBase="D:\actions-runner\_work\XPCO\XPCO\SC\Components\RemoteViewer\SmartClient\tst\zSmartClient_UnitTest\bin\x64\Debug\net472\zSmartClient_UnitTest.dll" adapterTypeName="executor://mstestadapter/v2" className="VideoOS.Shared.ServerAPI.SOAP.RecorderClientMappingTests" name="ManualRecordingInfoDto_ShouldYieldSameValues_WhenRoundTripConverted" />
    </UnitTest>
    <UnitTest name="SmartMapSelectItemHandler_WhenItemCanNotBeFound_ShouldWriteToLog" storage="d:\actions-runner\_work\xpco\xpco\sc\components\remoteviewer\smartclient\tst\zsmartclient_unittest\bin\x64\debug\net472\zsmartclient_unittest.dll" id="63f149e4-246e-312e-204b-29ba70cef87d">
      <Execution id="7ba50a5a-e7fe-4548-9bce-df8c9d1073c7" />
      <TestMethod codeBase="D:\actions-runner\_work\XPCO\XPCO\SC\Components\RemoteViewer\SmartClient\tst\zSmartClient_UnitTest\bin\x64\Debug\net472\zSmartClient_UnitTest.dll" adapterTypeName="executor://mstestadapter/v2" className="SmartClient_UnitTest.VideoOS.RemoteClient.Plugin.GisMap.MIP.ContentHolderMipMessageManagerTests" name="SmartMapSelectItemHandler_WhenItemCanNotBeFound_ShouldWriteToLog" />
    </UnitTest>
    <UnitTest name="CreateSearchTemplateAsync_EmptyParameters_Success" storage="d:\actions-runner\_work\xpco\xpco\sc\components\remoteviewer\smartclient\tst\zsmartclient_unittest\bin\x64\debug\net472\zsmartclient_unittest.dll" id="6de4aab5-2fa1-b939-34a5-199a14825407">
      <TestCategory>
        <TestCategoryItem TestCategory="SearchTemplatesService" />
      </TestCategory>
      <Execution id="078b161e-ccde-4670-8651-5030895a8afe" />
      <TestMethod codeBase="D:\actions-runner\_work\XPCO\XPCO\SC\Components\RemoteViewer\SmartClient\tst\zSmartClient_UnitTest\bin\x64\Debug\net472\zSmartClient_UnitTest.dll" adapterTypeName="executor://mstestadapter/v2" className="SmartClient_UnitTest.VideoOS.RemoteClient.Plugin.CentralizedSearch.SearchTemplates.Service.SearchTemplateServiceTests" name="CreateSearchTemplateAsync_EmptyParameters_Success" />
    </UnitTest>
    <UnitTest name="GetPassword_ShouldReturnPasswordPartOfNetworkCredentials_WhenNetworkCredentialsContainsAPassword" storage="d:\actions-runner\_work\xpco\xpco\sc\components\remoteviewer\smartclient\tst\zsmartclient_unittest\bin\x64\debug\net472\zsmartclient_unittest.dll" id="1c883c92-bef7-61b1-c07f-4369319c74ff">
      <TestCategory>
        <TestCategoryItem TestCategory="Authentication.ClientCredentials" />
      </TestCategory>
      <Execution id="2399d282-754d-4c8a-81b3-8faa3ba8a0c6" />
      <TestMethod codeBase="D:\actions-runner\_work\XPCO\XPCO\SC\Components\RemoteViewer\SmartClient\tst\zSmartClient_UnitTest\bin\x64\Debug\net472\zSmartClient_UnitTest.dll" adapterTypeName="executor://mstestadapter/v2" className="SmartClient_UnitTest.VideoOS.Shared.ServerAPI.ClientCredentialsTest" name="GetPassword_ShouldReturnPasswordPartOfNetworkCredentials_WhenNetworkCredentialsContainsAPassword" />
    </UnitTest>
    <UnitTest name="CreateSearchDefinition_FactoryInvokedWithCorrectParameters" storage="d:\actions-runner\_work\xpco\xpco\sc\components\remoteviewer\smartclient\tst\zsmartclient_unittest\bin\x64\debug\net472\zsmartclient_unittest.dll" id="bd1c2cab-1265-633f-739a-62f24eef82f7">
      <TestCategory>
        <TestCategoryItem TestCategory="Search" />
      </TestCategory>
      <Execution id="97585c21-0610-4584-b76d-66cb7d41b3df" />
      <TestMethod codeBase="D:\actions-runner\_work\XPCO\XPCO\SC\Components\RemoteViewer\SmartClient\tst\zSmartClient_UnitTest\bin\x64\Debug\net472\zSmartClient_UnitTest.dll" adapterTypeName="executor://mstestadapter/v2" className="SmartClient_UnitTest.VideoOS.RemoteClient.Plugin.CentralizedSearch.MIPPlugin.CompositeSearchAgentTests" name="CreateSearchDefinition_FactoryInvokedWithCorrectParameters" />
    </UnitTest>
    <UnitTest name="LoadBoundingShapes_EllipseShape_AddedToUIAndSizedCorrectly" storage="d:\actions-runner\_work\xpco\xpco\sc\components\remoteviewer\smartclient\tst\zsmartclient_unittest\bin\x64\debug\net472\zsmartclient_unittest.dll" id="b99d652b-8f29-0344-acef-87a042a63281">
      <Execution id="4a4a4798-62ad-4c5e-9d28-2d671805943c" />
      <TestMethod codeBase="D:\actions-runner\_work\XPCO\XPCO\SC\Components\RemoteViewer\SmartClient\tst\zSmartClient_UnitTest\bin\x64\Debug\net472\zSmartClient_UnitTest.dll" adapterTypeName="executor://mstestadapter/v2" className="SmartClient_UnitTest.VideoOS.RemoteClient.Plugin.CentralizedSearch.MIPPlugin.Results.VideoSearchResultUserControlTests" name="LoadBoundingShapes_EllipseShape_AddedToUIAndSizedCorrectly" />
    </UnitTest>
    <UnitTest name="AddLevel_Success" storage="d:\actions-runner\_work\xpco\xpco\sc\components\remoteviewer\smartclient\tst\zsmartclient_unittest\bin\x64\debug\net472\zsmartclient_unittest.dll" id="2c45a0c4-a819-6921-a82a-e9167bcfa09d">
      <TestCategory>
        <TestCategoryItem TestCategory="GisMapBuilding" />
      </TestCategory>
      <Execution id="7d8ae390-d42d-4435-a4e2-5a8cfa27227b" />
      <TestMethod codeBase="D:\actions-runner\_work\XPCO\XPCO\SC\Components\RemoteViewer\SmartClient\tst\zSmartClient_UnitTest\bin\x64\Debug\net472\zSmartClient_UnitTest.dll" adapterTypeName="executor://mstestadapter/v2" className="SmartClient_UnitTest.VideoOS.RemoteClient.GisMapData.MapBuildings.MapLevelTests" name="AddLevel_Success" />
    </UnitTest>
    <UnitTest name="OnMarkerRightClicked_ShouldUseCrossTypeMenuItems_WhenMultipleItemsFromDifferentLayersAreSelected" storage="d:\actions-runner\_work\xpco\xpco\sc\components\remoteviewer\smartclient\tst\zsmartclient_unittest\bin\x64\debug\net472\zsmartclient_unittest.dll" id="e2466cfc-7e0f-fee8-93df-e8c746cb8a63">
      <TestCategory>
        <TestCategoryItem TestCategory="SmartMap.MapItemsOverlay" />
      </TestCategory>
      <Execution id="a63d562d-14bb-42d7-9cea-437aabd97cae" />
      <TestMethod codeBase="D:\actions-runner\_work\XPCO\XPCO\SC\Components\RemoteViewer\SmartClient\tst\zSmartClient_UnitTest\bin\x64\Debug\net472\zSmartClient_UnitTest.dll" adapterTypeName="executor://mstestadapter/v2" className="SmartClient_UnitTest.VideoOS.RemoteClient.Plugin.GisMap.ThinkGeoMap.SpecializedOverlays.Overlays.MapItemsOverlayTests" name="OnMarkerRightClicked_ShouldUseCrossTypeMenuItems_WhenMultipleItemsFromDifferentLayersAreSelected" />
    </UnitTest>
    <UnitTest name="SupportsDoubleClick_ShouldBeTrue_WhenInteractionStateIsNormal" storage="d:\actions-runner\_work\xpco\xpco\sc\components\remoteviewer\smartclient\tst\zsmartclient_unittest\bin\x64\debug\net472\zsmartclient_unittest.dll" id="6800db71-c8bd-80f4-55c4-def277b5aa8f">
      <TestCategory>
        <TestCategoryItem TestCategory="GisMap.CameraMarker" />
      </TestCategory>
      <Execution id="6724e528-6a27-4708-8a6b-f6463111dd84" />
      <TestMethod codeBase="D:\actions-runner\_work\XPCO\XPCO\SC\Components\RemoteViewer\SmartClient\tst\zSmartClient_UnitTest\bin\x64\Debug\net472\zSmartClient_UnitTest.dll" adapterTypeName="executor://mstestadapter/v2" className="SmartClient_UnitTest.VideoOS.RemoteClient.Plugin.GisMap.ThinkGeoMap.Markers.DeviceMarkers.CameraMarker.CameraMarkerTests" name="SupportsDoubleClick_ShouldBeTrue_WhenInteractionStateIsNormal" />
    </UnitTest>
    <UnitTest name="IsSuperCluster_ShouldReturnFalse_WhenMapItemsClusterIsNull" storage="d:\actions-runner\_work\xpco\xpco\sc\components\remoteviewer\smartclient\tst\zsmartclient_unittest\bin\x64\debug\net472\zsmartclient_unittest.dll" id="3faa4dab-caeb-2298-7011-c6556cbbddc1">
      <TestCategory>
        <TestCategoryItem TestCategory="GisMap.ClusterMarkerTests" />
      </TestCategory>
      <Execution id="573beffb-91ac-4227-9831-1ac0ead1c368" />
      <TestMethod codeBase="D:\actions-runner\_work\XPCO\XPCO\SC\Components\RemoteViewer\SmartClient\tst\zSmartClient_UnitTest\bin\x64\Debug\net472\zSmartClient_UnitTest.dll" adapterTypeName="executor://mstestadapter/v2" className="SmartClient_UnitTest.VideoOS.RemoteClient.Plugin.GisMap.ThinkGeoMap.Markers.DeviceMarkers.ClusterMarker.ClusterMarkerTests" name="IsSuperCluster_ShouldReturnFalse_WhenMapItemsClusterIsNull" />
    </UnitTest>
    <UnitTest name="DisplayErrorOnNotificationArea_UnauthorizedDeviceAccessSearchError_Success" storage="d:\actions-runner\_work\xpco\xpco\sc\components\remoteviewer\smartclient\tst\zsmartclient_unittest\bin\x64\debug\net472\zsmartclient_unittest.dll" id="903b9858-a52e-2d97-0254-7f3a20fa6f17">
      <TestCategory>
        <TestCategoryItem TestCategory="SearchViewModels" />
      </TestCategory>
      <Execution id="a0ec7697-aa1e-4f84-877a-f4c1d8ac6dc6" />
      <TestMethod codeBase="D:\actions-runner\_work\XPCO\XPCO\SC\Components\RemoteViewer\SmartClient\tst\zSmartClient_UnitTest\bin\x64\Debug\net472\zSmartClient_UnitTest.dll" adapterTypeName="executor://mstestadapter/v2" className="SmartClient_UnitTest.VideoOS.RemoteClient.Plugin.CentralizedSearch.ViewModels.SearchViewModelTests" name="DisplayErrorOnNotificationArea_UnauthorizedDeviceAccessSearchError_Success" />
    </UnitTest>
    <UnitTest name="SupportsRightClick_ShouldBeTrue_WhenInteractionStateIsNormal" storage="d:\actions-runner\_work\xpco\xpco\sc\components\remoteviewer\smartclient\tst\zsmartclient_unittest\bin\x64\debug\net472\zsmartclient_unittest.dll" id="7e58be8f-9941-69cb-e59f-eb5323ed9f2d">
      <TestCategory>
        <TestCategoryItem TestCategory="GisMap.CameraMarker" />
      </TestCategory>
      <Execution id="75bc80fa-3a58-472c-99d9-8fbe8243d000" />
      <TestMethod codeBase="D:\actions-runner\_work\XPCO\XPCO\SC\Components\RemoteViewer\SmartClient\tst\zSmartClient_UnitTest\bin\x64\Debug\net472\zSmartClient_UnitTest.dll" adapterTypeName="executor://mstestadapter/v2" className="SmartClient_UnitTest.VideoOS.RemoteClient.Plugin.GisMap.ThinkGeoMap.Markers.DeviceMarkers.CameraMarker.CameraMarkerTests" name="SupportsRightClick_ShouldBeTrue_WhenInteractionStateIsNormal" />
    </UnitTest>
    <UnitTest name="Serialize_ShouldNotSerializeCombineType_WhenNotPresentInData" storage="d:\actions-runner\_work\xpco\xpco\sc\components\remoteviewer\smartclient\tst\zsmartclient_unittest\bin\x64\debug\net472\zsmartclient_unittest.dll" id="69439449-9ebe-29e2-c62e-065951471c5d">
      <TestCategory>
        <TestCategoryItem TestCategory="SearchSerialization" />
      </TestCategory>
      <Execution id="d1664a91-4015-4d06-9062-130686db200a" />
      <TestMethod codeBase="D:\actions-runner\_work\XPCO\XPCO\SC\Components\RemoteViewer\SmartClient\tst\zSmartClient_UnitTest\bin\x64\Debug\net472\zSmartClient_UnitTest.dll" adapterTypeName="executor://mstestadapter/v2" className="SmartClient_UnitTest.VideoOS.RemoteClient.Plugin.CentralizedSearch.Models.Serialization.SearchSerializerTests" name="Serialize_ShouldNotSerializeCombineType_WhenNotPresentInData" />
    </UnitTest>
    <UnitTest name="BoundingBoxLiveStartNoLiveOrPlaybackHandler" storage="d:\actions-runner\_work\xpco\xpco\sc\components\remoteviewer\smartclient\tst\zsmartclient_unittest\bin\x64\debug\net472\zsmartclient_unittest.dll" id="134dc4da-478b-60fb-2dfc-b3d26508bd1a">
      <Execution id="e2b64fdd-a18b-4dd6-ad01-8ad052285dba" />
      <TestMethod codeBase="D:\actions-runner\_work\XPCO\XPCO\SC\Components\RemoteViewer\SmartClient\tst\zSmartClient_UnitTest\bin\x64\Debug\net472\zSmartClient_UnitTest.dll" adapterTypeName="executor://mstestadapter/v2" className="SmartClient_UnitTest.VideoOS.RemoteClient.Application.Data.Metadata.BoundingBoxes.BoundingBoxProviderTest" name="BoundingBoxLiveStartNoLiveOrPlaybackHandler" />
    </UnitTest>
    <UnitTest name="GetMetadataObjectsAsync_ShouldIgnoreNullMetadataObjectsCollectionFromSubResults" storage="d:\actions-runner\_work\xpco\xpco\sc\components\remoteviewer\smartclient\tst\zsmartclient_unittest\bin\x64\debug\net472\zsmartclient_unittest.dll" id="f997409a-cc5a-67e4-b0e7-5e198ad107a1">
      <TestCategory>
        <TestCategoryItem TestCategory="Search.Wrappers" />
      </TestCategory>
      <Execution id="66601c0f-b624-402a-be4c-b56539da6908" />
      <TestMethod codeBase="D:\actions-runner\_work\XPCO\XPCO\SC\Components\RemoteViewer\SmartClient\tst\zSmartClient_UnitTest\bin\x64\Debug\net472\zSmartClient_UnitTest.dll" adapterTypeName="executor://mstestadapter/v2" className="SmartClient_UnitTest.VideoOS.RemoteClient.Plugin.CentralizedSearch.Models.Wrappers.CombinedSearchResultDataWrapperTests" name="GetMetadataObjectsAsync_ShouldIgnoreNullMetadataObjectsCollectionFromSubResults" />
    </UnitTest>
    <UnitTest name="Deserialize_ScopeOnly_ErrorReported" storage="d:\actions-runner\_work\xpco\xpco\sc\components\remoteviewer\smartclient\tst\zsmartclient_unittest\bin\x64\debug\net472\zsmartclient_unittest.dll" id="fca58915-8fae-a999-eb21-fb7a250b2818">
      <TestCategory>
        <TestCategoryItem TestCategory="SearchModels" />
      </TestCategory>
      <Execution id="11a0a752-08b6-4975-92dd-2274c3a1bdaf" />
      <TestMethod codeBase="D:\actions-runner\_work\XPCO\XPCO\SC\Components\RemoteViewer\SmartClient\tst\zSmartClient_UnitTest\bin\x64\Debug\net472\zSmartClient_UnitTest.dll" adapterTypeName="executor://mstestadapter/v2" className="SmartClient_UnitTest.VideoOS.RemoteClient.Plugin.CentralizedSearch.Models.SearchModelTests" name="Deserialize_ScopeOnly_ErrorReported" />
    </UnitTest>
    <UnitTest name="BoundingBoxPlaybackNoPlaybackHandler" storage="d:\actions-runner\_work\xpco\xpco\sc\components\remoteviewer\smartclient\tst\zsmartclient_unittest\bin\x64\debug\net472\zsmartclient_unittest.dll" id="7540b45d-6ef8-10a5-03bf-82e202908376">
      <Execution id="45db20a6-4ed3-415c-961a-8e105e675610" />
      <TestMethod codeBase="D:\actions-runner\_work\XPCO\XPCO\SC\Components\RemoteViewer\SmartClient\tst\zSmartClient_UnitTest\bin\x64\Debug\net472\zSmartClient_UnitTest.dll" adapterTypeName="executor://mstestadapter/v2" className="SmartClient_UnitTest.VideoOS.RemoteClient.Application.Data.Metadata.BoundingBoxes.BoundingBoxProviderTest" name="BoundingBoxPlaybackNoPlaybackHandler" />
    </UnitTest>
    <UnitTest name="Included_ShouldAddViewItemToIncludedViewItems_WhenSetToTrue" storage="d:\actions-runner\_work\xpco\xpco\sc\components\remoteviewer\smartclient\tst\zsmartclient_unittest\bin\x64\debug\net472\zsmartclient_unittest.dll" id="28b7e0ab-6c4a-f8e2-76d8-c7775c82dbd0">
      <TestCategory>
        <TestCategoryItem TestCategory="ContentHolder" />
      </TestCategory>
      <Execution id="3238577f-6b28-46bf-8639-197c9035aec1" />
      <TestMethod codeBase="D:\actions-runner\_work\XPCO\XPCO\SC\Components\RemoteViewer\SmartClient\tst\zSmartClient_UnitTest\bin\x64\Debug\net472\zSmartClient_UnitTest.dll" adapterTypeName="executor://mstestadapter/v2" className="SmartClient_UnitTest.VideoOS.RemoteClient.Application.Data.ContentTypes.ContentTypeBase.ContentHolderBaseTests" name="Included_ShouldAddViewItemToIncludedViewItems_WhenSetToTrue" />
    </UnitTest>
    <UnitTest name="RaiseUpdateUnmutedMicrophonesAsync_ShouldUnmutedMicrophones_WhenEventIsRaised" storage="d:\actions-runner\_work\xpco\xpco\sc\components\remoteviewer\smartclient\tst\zsmartclient_unittest\bin\x64\debug\net472\zsmartclient_unittest.dll" id="71d3bf04-2f4b-0825-76a5-fe6f8626ce91">
      <TestCategory>
        <TestCategoryItem TestCategory="GisMapAudioController" />
      </TestCategory>
      <Execution id="b0662562-554f-4050-9b58-33ec77ddb2f2" />
      <TestMethod codeBase="D:\actions-runner\_work\XPCO\XPCO\SC\Components\RemoteViewer\SmartClient\tst\zSmartClient_UnitTest\bin\x64\Debug\net472\zSmartClient_UnitTest.dll" adapterTypeName="executor://mstestadapter/v2" className="SmartClient_UnitTest.VideoOS.RemoteClient.GisMapData.GisMapAudioControllerTests" name="RaiseUpdateUnmutedMicrophonesAsync_ShouldUnmutedMicrophones_WhenEventIsRaised" />
    </UnitTest>
    <UnitTest name="GisPointToIndexGridPosition_Milestone_Success" storage="d:\actions-runner\_work\xpco\xpco\sc\components\remoteviewer\smartclient\tst\zsmartclient_unittest\bin\x64\debug\net472\zsmartclient_unittest.dll" id="6a126318-594d-0412-acf1-03ec27689761">
      <TestCategory>
        <TestCategoryItem TestCategory="GisMapIndex" />
      </TestCategory>
      <Execution id="679eb337-7946-4ea8-afd4-ba861e66dbc4" />
      <TestMethod codeBase="D:\actions-runner\_work\XPCO\XPCO\SC\Components\RemoteViewer\SmartClient\tst\zSmartClient_UnitTest\bin\x64\Debug\net472\zSmartClient_UnitTest.dll" adapterTypeName="executor://mstestadapter/v2" className="SmartClient_UnitTest.VideoOS.RemoteClient.GisMapData.Common.Indexer.IndexUtilTests" name="GisPointToIndexGridPosition_Milestone_Success" />
    </UnitTest>
    <UnitTest name="SelectTemplate_ListSelectionFilterConfiguration_LessThanThreeItems_ReturnsInlineTemplate" storage="d:\actions-runner\_work\xpco\xpco\sc\components\remoteviewer\smartclient\tst\zsmartclient_unittest\bin\x64\debug\net472\zsmartclient_unittest.dll" id="fb732742-5469-4819-2a2e-a73e08e91605">
      <TestCategory>
        <TestCategoryItem TestCategory="SearchViews" />
      </TestCategory>
      <Execution id="14a208b8-4c35-4192-9b27-5430920ce574" />
      <TestMethod codeBase="D:\actions-runner\_work\XPCO\XPCO\SC\Components\RemoteViewer\SmartClient\tst\zSmartClient_UnitTest\bin\x64\Debug\net472\zSmartClient_UnitTest.dll" adapterTypeName="executor://mstestadapter/v2" className="SmartClient_UnitTest.VideoOS.RemoteClient.Plugin.CentralizedSearch.Views.AttributeEditControlTemplateSelectorTests" name="SelectTemplate_ListSelectionFilterConfiguration_LessThanThreeItems_ReturnsInlineTemplate" />
    </UnitTest>
    <UnitTest name="DisplayErrorOnNotificationArea_DuplicateResultSearchError_Success" storage="d:\actions-runner\_work\xpco\xpco\sc\components\remoteviewer\smartclient\tst\zsmartclient_unittest\bin\x64\debug\net472\zsmartclient_unittest.dll" id="adafff31-7445-4899-a64a-9d78ba6fa82f">
      <TestCategory>
        <TestCategoryItem TestCategory="SearchViewModels" />
      </TestCategory>
      <Execution id="ef3ee190-0efb-4d9d-9038-1b01101a4cef" />
      <TestMethod codeBase="D:\actions-runner\_work\XPCO\XPCO\SC\Components\RemoteViewer\SmartClient\tst\zSmartClient_UnitTest\bin\x64\Debug\net472\zSmartClient_UnitTest.dll" adapterTypeName="executor://mstestadapter/v2" className="SmartClient_UnitTest.VideoOS.RemoteClient.Plugin.CentralizedSearch.ViewModels.SearchViewModelTests" name="DisplayErrorOnNotificationArea_DuplicateResultSearchError_Success" />
    </UnitTest>
    <UnitTest name="CreateSearchTemplateAsync_ThrowException_Success" storage="d:\actions-runner\_work\xpco\xpco\sc\components\remoteviewer\smartclient\tst\zsmartclient_unittest\bin\x64\debug\net472\zsmartclient_unittest.dll" id="d77e07f4-f850-753d-8f8c-2c87b60f7fa6">
      <TestCategory>
        <TestCategoryItem TestCategory="SearchTemplatesService" />
      </TestCategory>
      <Execution id="3cb8c8cd-b5f0-4d97-b689-faa178571b98" />
      <TestMethod codeBase="D:\actions-runner\_work\XPCO\XPCO\SC\Components\RemoteViewer\SmartClient\tst\zSmartClient_UnitTest\bin\x64\Debug\net472\zSmartClient_UnitTest.dll" adapterTypeName="executor://mstestadapter/v2" className="SmartClient_UnitTest.VideoOS.RemoteClient.Plugin.CentralizedSearch.SearchTemplates.Service.SearchTemplateServiceTests" name="CreateSearchTemplateAsync_ThrowException_Success" />
    </UnitTest>
    <UnitTest name="ToSafeName_SingleSafeName_Success" storage="d:\actions-runner\_work\xpco\xpco\sc\components\remoteviewer\smartclient\tst\zsmartclient_unittest\bin\x64\debug\net472\zsmartclient_unittest.dll" id="df4fc108-b9f8-183e-9857-a0352a34d2c9">
      <Execution id="501d7e3b-dabc-46d3-8727-d23539461977" />
      <TestMethod codeBase="D:\actions-runner\_work\XPCO\XPCO\SC\Components\RemoteViewer\SmartClient\tst\zSmartClient_UnitTest\bin\x64\Debug\net472\zSmartClient_UnitTest.dll" adapterTypeName="executor://mstestadapter/v2" className="SmartClient_UnitTest.VideoOS.RemoteClient.Application.Common.Scripting.ReservedJavascriptKeywordsTests" name="ToSafeName_SingleSafeName_Success" />
    </UnitTest>
    <UnitTest name="Compare_Ascending_Success" storage="d:\actions-runner\_work\xpco\xpco\sc\components\remoteviewer\smartclient\tst\zsmartclient_unittest\bin\x64\debug\net472\zsmartclient_unittest.dll" id="affa63ad-42e7-9452-c5a5-b0d4d8cb39a1">
      <TestCategory>
        <TestCategoryItem TestCategory="SearchComparers" />
      </TestCategory>
      <Execution id="cb3c7daa-4fdd-4f97-bfee-2e0986712e8b" />
      <TestMethod codeBase="D:\actions-runner\_work\XPCO\XPCO\SC\Components\RemoteViewer\SmartClient\tst\zSmartClient_UnitTest\bin\x64\Debug\net472\zSmartClient_UnitTest.dll" adapterTypeName="executor://mstestadapter/v2" className="SmartClient_UnitTest.VideoOS.RemoteClient.Plugin.CentralizedSearch.Models.Wrappers.Comparers.TriggerTimeComparerTests" name="Compare_Ascending_Success" />
    </UnitTest>
    <UnitTest name="BookmarkSearchTime_WithSearchStringInDifferentCases_ReturnCorrectBookmarkWithSearchStringInHeader (SeArChStRiNg,False,False,True,True,,,0)" storage="d:\actions-runner\_work\xpco\xpco\sc\components\remoteviewer\smartclient\tst\zsmartclient_unittest\bin\x64\debug\net472\zsmartclient_unittest.dll" id="b06788dc-a2be-9fbd-2a2a-6d94fe4b396d">
      <Execution id="f573a2d5-9e62-4bd9-93e4-b61961cdfcaa" />
      <TestMethod codeBase="D:\actions-runner\_work\XPCO\XPCO\SC\Components\RemoteViewer\SmartClient\tst\zSmartClient_UnitTest\bin\x64\Debug\net472\zSmartClient_UnitTest.dll" adapterTypeName="executor://mstestadapter/v2" className="SmartClient_UnitTest.VideoOS.RemoteClient.Application.Data.Offline.UnitTest.BookmarkExportReaderTest" name="BookmarkSearchTime_WithSearchStringInDifferentCases_ReturnCorrectBookmarkWithSearchStringInHeader" />
    </UnitTest>
    <UnitTest name="ResultsAvailable_SomeResults_Success" storage="d:\actions-runner\_work\xpco\xpco\sc\components\remoteviewer\smartclient\tst\zsmartclient_unittest\bin\x64\debug\net472\zsmartclient_unittest.dll" id="cd13bfee-f8b4-3d5e-a0f6-00049079c32f">
      <TestCategory>
        <TestCategoryItem TestCategory="SearchResultViewModels" />
      </TestCategory>
      <Execution id="3c01a4e5-fbf0-4fe6-8ae5-a1be48de1c86" />
      <TestMethod codeBase="D:\actions-runner\_work\XPCO\XPCO\SC\Components\RemoteViewer\SmartClient\tst\zSmartClient_UnitTest\bin\x64\Debug\net472\zSmartClient_UnitTest.dll" adapterTypeName="executor://mstestadapter/v2" className="SmartClient_UnitTest.VideoOS.RemoteClient.Plugin.CentralizedSearch.ViewModels.SearchResultsViewModelTest" name="ResultsAvailable_SomeResults_Success" />
    </UnitTest>
    <UnitTest name="DeleteSearchTemplateAsync_Succeeds_Success" storage="d:\actions-runner\_work\xpco\xpco\sc\components\remoteviewer\smartclient\tst\zsmartclient_unittest\bin\x64\debug\net472\zsmartclient_unittest.dll" id="20efb3d3-79c6-bd77-1370-aab1347bcb2b">
      <TestCategory>
        <TestCategoryItem TestCategory="SearchTemplates" />
      </TestCategory>
      <Execution id="22c4c99c-c1d7-49aa-a1b8-46e21f32d9fc" />
      <TestMethod codeBase="D:\actions-runner\_work\XPCO\XPCO\SC\Components\RemoteViewer\SmartClient\tst\zSmartClient_UnitTest\bin\x64\Debug\net472\zSmartClient_UnitTest.dll" adapterTypeName="executor://mstestadapter/v2" className="SmartClient_UnitTest.VideoOS.RemoteClient.Plugin.CentralizedSearch.SearchTemplates.SearchTemplateManagerTests" name="DeleteSearchTemplateAsync_Succeeds_Success" />
    </UnitTest>
    <UnitTest name="IsServer_ShouldReturnTrue_WhenSingleServerGroupSelected" storage="d:\actions-runner\_work\xpco\xpco\sc\components\remoteviewer\smartclient\tst\zsmartclient_unittest\bin\x64\debug\net472\zsmartclient_unittest.dll" id="df09f867-7de1-e38f-53d1-73f889393669">
      <Execution id="cfad0e66-e4da-4131-9f0b-3c4509a30885" />
      <TestMethod codeBase="D:\actions-runner\_work\XPCO\XPCO\SC\Components\RemoteViewer\SmartClient\tst\zSmartClient_UnitTest\bin\x64\Debug\net472\zSmartClient_UnitTest.dll" adapterTypeName="executor://mstestadapter/v2" className="SmartClient_UnitTest.VideoOS.RemoteClient.Application.Data.ContentTypes.ReportingContentType.DashboardExtentionsTest" name="IsServer_ShouldReturnTrue_WhenSingleServerGroupSelected" />
    </UnitTest>
    <UnitTest name="SearchResultsReady_ShouldReturnUniqueResults_WhenSomeResultIdsAreDuplicated" storage="d:\actions-runner\_work\xpco\xpco\sc\components\remoteviewer\smartclient\tst\zsmartclient_unittest\bin\x64\debug\net472\zsmartclient_unittest.dll" id="8ff6a0dd-30dd-b7ad-a8c3-0633bc0cf3f8">
      <TestCategory>
        <TestCategoryItem TestCategory="SearchModels" />
      </TestCategory>
      <Execution id="137bf3da-ac37-4b03-b7cd-9ef01c030f3c" />
      <TestMethod codeBase="D:\actions-runner\_work\XPCO\XPCO\SC\Components\RemoteViewer\SmartClient\tst\zSmartClient_UnitTest\bin\x64\Debug\net472\zSmartClient_UnitTest.dll" adapterTypeName="executor://mstestadapter/v2" className="SmartClient_UnitTest.VideoOS.RemoteClient.Plugin.CentralizedSearch.Models.SearchModelTests" name="SearchResultsReady_ShouldReturnUniqueResults_WhenSomeResultIdsAreDuplicated" />
    </UnitTest>
    <UnitTest name="ResolveBaseResultProperties_ShouldReturnTwoTriggerTimes_WhenTwoTriggerTimesAreWithinBeginEnd" storage="d:\actions-runner\_work\xpco\xpco\sc\components\remoteviewer\smartclient\tst\zsmartclient_unittest\bin\x64\debug\net472\zsmartclient_unittest.dll" id="4be5efe6-8790-c0c6-bead-44c751febe9d">
      <TestCategory>
        <TestCategoryItem TestCategory="Search" />
      </TestCategory>
      <Execution id="56f5b971-b86f-4658-8799-43eb0fae3f56" />
      <TestMethod codeBase="D:\actions-runner\_work\XPCO\XPCO\SC\Components\RemoteViewer\SmartClient\tst\zSmartClient_UnitTest\bin\x64\Debug\net472\zSmartClient_UnitTest.dll" adapterTypeName="executor://mstestadapter/v2" className="SmartClient_UnitTest.VideoOS.RemoteClient.Plugin.CentralizedSearch.Utils.SearchResultDataWrapperExtensionsTests" name="ResolveBaseResultProperties_ShouldReturnTwoTriggerTimes_WhenTwoTriggerTimesAreWithinBeginEnd" />
    </UnitTest>
    <UnitTest name="Init_NullState_CorrectViewAppliedAsContent" storage="d:\actions-runner\_work\xpco\xpco\sc\components\remoteviewer\smartclient\tst\zsmartclient_unittest\bin\x64\debug\net472\zsmartclient_unittest.dll" id="d054dd78-c223-2b18-9e0c-69480854f65f">
      <TestCategory>
        <TestCategoryItem TestCategory="Export" />
      </TestCategory>
      <Execution id="77d067de-5931-412d-8f00-2e6f3af36291" />
      <TestMethod codeBase="D:\actions-runner\_work\XPCO\XPCO\SC\Components\RemoteViewer\SmartClient\tst\zSmartClient_UnitTest\bin\x64\Debug\net472\zSmartClient_UnitTest.dll" adapterTypeName="executor://mstestadapter/v2" className="SmartClient_UnitTest.VideoOS.RemoteClient.Plugin.Export.ExportContentHolderTests" name="Init_NullState_CorrectViewAppliedAsContent" />
    </UnitTest>
    <UnitTest name="CreateDashboardViewModel_UsesIdentityTokenCache_WhenAuthenticationIsOAuth" storage="d:\actions-runner\_work\xpco\xpco\sc\components\remoteviewer\smartclient\tst\zsmartclient_unittest\bin\x64\debug\net472\zsmartclient_unittest.dll" id="4ead98c0-ed43-b791-ad04-b3743cb5d69b">
      <TestCategory>
        <TestCategoryItem TestCategory="ReportingContentType" />
      </TestCategory>
      <Execution id="0f076468-cb23-41c2-9118-8eabe384ac49" />
      <TestMethod codeBase="D:\actions-runner\_work\XPCO\XPCO\SC\Components\RemoteViewer\SmartClient\tst\zSmartClient_UnitTest\bin\x64\Debug\net472\zSmartClient_UnitTest.dll" adapterTypeName="executor://mstestadapter/v2" className="SmartClient_UnitTest.VideoOS.RemoteClient.Application.Data.ContentTypes.ReportingContentType.ReportViewerViewModelTest" name="CreateDashboardViewModel_UsesIdentityTokenCache_WhenAuthenticationIsOAuth" />
    </UnitTest>
    <UnitTest name="GisMapModel_SaveAggregates_Success" storage="d:\actions-runner\_work\xpco\xpco\sc\components\remoteviewer\smartclient\tst\zsmartclient_unittest\bin\x64\debug\net472\zsmartclient_unittest.dll" id="ee53e0e4-b55d-0010-076b-5818fc51a7bf">
      <TestCategory>
        <TestCategoryItem TestCategory="GisMap" />
      </TestCategory>
      <Execution id="73215b29-5693-48c4-8970-c38d82adaa6d" />
      <TestMethod codeBase="D:\actions-runner\_work\XPCO\XPCO\SC\Components\RemoteViewer\SmartClient\tst\zSmartClient_UnitTest\bin\x64\Debug\net472\zSmartClient_UnitTest.dll" adapterTypeName="executor://mstestadapter/v2" className="SmartClient_UnitTest.VideoOS.RemoteClient.GisMapData.GisMapBasicTests" name="GisMapModel_SaveAggregates_Success" />
    </UnitTest>
    <UnitTest name="EndSelection_ShouldStartInPlaceEditMode_WhenItemIsTheOnlySelectedItem" storage="d:\actions-runner\_work\xpco\xpco\sc\components\remoteviewer\smartclient\tst\zsmartclient_unittest\bin\x64\debug\net472\zsmartclient_unittest.dll" id="92049893-c7c1-0d80-70d7-8d0471e997cf">
      <TestCategory>
        <TestCategoryItem TestCategory="SmartMap.SelectionHelper" />
      </TestCategory>
      <Execution id="89a9cff9-9559-4009-9135-6a99158e3d96" />
      <TestMethod codeBase="D:\actions-runner\_work\XPCO\XPCO\SC\Components\RemoteViewer\SmartClient\tst\zSmartClient_UnitTest\bin\x64\Debug\net472\zSmartClient_UnitTest.dll" adapterTypeName="executor://mstestadapter/v2" className="SmartClient_UnitTest.VideoOS.RemoteClient.Plugin.GisMap.ThinkGeoMap.SpecializedOverlays.Overlays.SelectionHelperTests" name="EndSelection_ShouldStartInPlaceEditMode_WhenItemIsTheOnlySelectedItem" />
    </UnitTest>
    <UnitTest name="SupportsRightClick_ShouldBeTrue_WhenInteractionStateIsNormal" storage="d:\actions-runner\_work\xpco\xpco\sc\components\remoteviewer\smartclient\tst\zsmartclient_unittest\bin\x64\debug\net472\zsmartclient_unittest.dll" id="999506c9-e472-e23b-a3ad-3d977990564e">
      <TestCategory>
        <TestCategoryItem TestCategory="GisMap.LocationMarker" />
      </TestCategory>
      <Execution id="39ec769a-a21b-47ab-ba77-122728e3b6f4" />
      <TestMethod codeBase="D:\actions-runner\_work\XPCO\XPCO\SC\Components\RemoteViewer\SmartClient\tst\zSmartClient_UnitTest\bin\x64\Debug\net472\zSmartClient_UnitTest.dll" adapterTypeName="executor://mstestadapter/v2" className="SmartClient_UnitTest.VideoOS.RemoteClient.Plugin.GisMap.ThinkGeoMap.Markers.LocationMarker.LocationMarkerTests" name="SupportsRightClick_ShouldBeTrue_WhenInteractionStateIsNormal" />
    </UnitTest>
    <UnitTest name="TestConstructor_Success" storage="d:\actions-runner\_work\xpco\xpco\sc\components\remoteviewer\smartclient\tst\zsmartclient_unittest\bin\x64\debug\net472\zsmartclient_unittest.dll" id="a5317ab4-d180-d0ab-5f5b-a18f8fb41f6e">
      <Execution id="46d06a21-1816-4b0e-90cb-3d5f430d89a8" />
      <TestMethod codeBase="D:\actions-runner\_work\XPCO\XPCO\SC\Components\RemoteViewer\SmartClient\tst\zSmartClient_UnitTest\bin\x64\Debug\net472\zSmartClient_UnitTest.dll" adapterTypeName="executor://mstestadapter/v2" className="SmartClient_UnitTest.VideoOS.RemoteClient.GisMapData.Common.GisMapServerCapabilitiesTest" name="TestConstructor_Success" />
    </UnitTest>
    <UnitTest name="UpdateItems_WhenServerCallThrowsException_ShouldResultInErrorLog" storage="d:\actions-runner\_work\xpco\xpco\sc\components\remoteviewer\smartclient\tst\zsmartclient_unittest\bin\x64\debug\net472\zsmartclient_unittest.dll" id="3ce53063-c90f-436d-4a7d-2e3b5be274ef">
      <TestCategory>
        <TestCategoryItem TestCategory="MipItemsRetriever" />
      </TestCategory>
      <Execution id="48f0bb4c-78ad-45c2-9d80-0bb4f550773e" />
      <TestMethod codeBase="D:\actions-runner\_work\XPCO\XPCO\SC\Components\RemoteViewer\SmartClient\tst\zSmartClient_UnitTest\bin\x64\Debug\net472\zSmartClient_UnitTest.dll" adapterTypeName="executor://mstestadapter/v2" className="SmartClient_UnitTest.VideoOS.RemoteClient.Plugin.GisMap.MIP.MipItemsRetrieverTests" name="UpdateItems_WhenServerCallThrowsException_ShouldResultInErrorLog" />
    </UnitTest>
    <UnitTest name="SetMapItemCluster_ShouldSetIcon_WhenNotSuperCluster" storage="d:\actions-runner\_work\xpco\xpco\sc\components\remoteviewer\smartclient\tst\zsmartclient_unittest\bin\x64\debug\net472\zsmartclient_unittest.dll" id="afb51d05-f3b7-7ba8-3b5a-420afd719c13">
      <TestCategory>
        <TestCategoryItem TestCategory="GisMap.ClusterMarkerTests" />
      </TestCategory>
      <Execution id="7e96fa40-b5bc-4f78-955f-a1178944439b" />
      <TestMethod codeBase="D:\actions-runner\_work\XPCO\XPCO\SC\Components\RemoteViewer\SmartClient\tst\zSmartClient_UnitTest\bin\x64\Debug\net472\zSmartClient_UnitTest.dll" adapterTypeName="executor://mstestadapter/v2" className="SmartClient_UnitTest.VideoOS.RemoteClient.Plugin.GisMap.ThinkGeoMap.Markers.DeviceMarkers.ClusterMarker.ClusterMarkerTests" name="SetMapItemCluster_ShouldSetIcon_WhenNotSuperCluster" />
    </UnitTest>
    <UnitTest name="SearchResultsActionBarActions_EditBookmark_SingleResult_EditBookmarkInvoked" storage="d:\actions-runner\_work\xpco\xpco\sc\components\remoteviewer\smartclient\tst\zsmartclient_unittest\bin\x64\debug\net472\zsmartclient_unittest.dll" id="d9f777ed-3466-7c99-be02-84bb7ebbad4b">
      <TestCategory>
        <TestCategoryItem TestCategory="SearchResultActionBarViewModel" />
      </TestCategory>
      <Execution id="94ae8232-7383-4c5c-adc3-7a7dd7922fcf" />
      <TestMethod codeBase="D:\actions-runner\_work\XPCO\XPCO\SC\Components\RemoteViewer\SmartClient\tst\zSmartClient_UnitTest\bin\x64\Debug\net472\zSmartClient_UnitTest.dll" adapterTypeName="executor://mstestadapter/v2" className="SmartClient_UnitTest.VideoOS.RemoteClient.Plugin.CentralizedSearch.ViewModels.SearchResultsActionBarViewModelTest" name="SearchResultsActionBarActions_EditBookmark_SingleResult_EditBookmarkInvoked" />
    </UnitTest>
    <UnitTest name="SearchCriteriaFilterValues_ValidatePopupFunctionalityWithUnknownConfiguration_Success" storage="d:\actions-runner\_work\xpco\xpco\sc\components\remoteviewer\smartclient\tst\zsmartclient_unittest\bin\x64\debug\net472\zsmartclient_unittest.dll" id="edbdb0fc-44d8-43ee-8589-e03588652149">
      <TestCategory>
        <TestCategoryItem TestCategory="SearchControls" />
      </TestCategory>
      <Execution id="aed197ab-6b88-466b-9582-d3c3773893ff" />
      <TestMethod codeBase="D:\actions-runner\_work\XPCO\XPCO\SC\Components\RemoteViewer\SmartClient\tst\zSmartClient_UnitTest\bin\x64\Debug\net472\zSmartClient_UnitTest.dll" adapterTypeName="executor://mstestadapter/v2" className="SmartClient_UnitTest.VideoOS.RemoteClient.Plugin.CentralizedSearch.Views.Controls.SearchDefinitions.EditSearchDefinitionPopupTests" name="SearchCriteriaFilterValues_ValidatePopupFunctionalityWithUnknownConfiguration_Success" />
    </UnitTest>
    <UnitTest name="CanMoreRegionsBeAdded_ShouldReturnTrue" storage="d:\actions-runner\_work\xpco\xpco\sc\components\remoteviewer\smartclient\tst\zsmartclient_unittest\bin\x64\debug\net472\zsmartclient_unittest.dll" id="035a2e7c-4006-749c-7663-f769d610c2cb">
      <TestCategory>
        <TestCategoryItem TestCategory="Search.Filters.ViewModels" />
      </TestCategory>
      <Execution id="8bc1418d-4a59-4715-93b9-325d9a210f65" />
      <TestMethod codeBase="D:\actions-runner\_work\XPCO\XPCO\SC\Components\RemoteViewer\SmartClient\tst\zSmartClient_UnitTest\bin\x64\Debug\net472\zSmartClient_UnitTest.dll" adapterTypeName="executor://mstestadapter/v2" className="SmartClient_UnitTest.VideoOS.RemoteClient.Plugin.CentralizedSearch.MIPPlugin.Criteria.ViewModels.SmartSearchCameraListItemHelperTests" name="CanMoreRegionsBeAdded_ShouldReturnTrue" />
    </UnitTest>
    <UnitTest name="SupportsDoubleClick_ShouldBeTrue_WhenInteractionStateIsNormal" storage="d:\actions-runner\_work\xpco\xpco\sc\components\remoteviewer\smartclient\tst\zsmartclient_unittest\bin\x64\debug\net472\zsmartclient_unittest.dll" id="acb1a3bd-713e-4d7a-4e0c-8e617e64d48b">
      <TestCategory>
        <TestCategoryItem TestCategory="GisMap.MipItemMarker" />
      </TestCategory>
      <Execution id="ee321029-7eb1-490a-a121-a41e42aba8d0" />
      <TestMethod codeBase="D:\actions-runner\_work\XPCO\XPCO\SC\Components\RemoteViewer\SmartClient\tst\zSmartClient_UnitTest\bin\x64\Debug\net472\zSmartClient_UnitTest.dll" adapterTypeName="executor://mstestadapter/v2" className="SmartClient_UnitTest.VideoOS.RemoteClient.Plugin.GisMap.ThinkGeoMap.Markers.MipItemMarker.MipItemMarkerTests" name="SupportsDoubleClick_ShouldBeTrue_WhenInteractionStateIsNormal" />
    </UnitTest>
    <UnitTest name="Dispose_ShouldDetachOnUpdateMutedMicrophonesRaised_WhenCalled" storage="d:\actions-runner\_work\xpco\xpco\sc\components\remoteviewer\smartclient\tst\zsmartclient_unittest\bin\x64\debug\net472\zsmartclient_unittest.dll" id="57e42158-c478-d557-913f-3f7cb2a55e4f">
      <TestCategory>
        <TestCategoryItem TestCategory="GisMapData.MapLayers" />
      </TestCategory>
      <Execution id="4d2fbba9-430b-4093-8a39-099b06776715" />
      <TestMethod codeBase="D:\actions-runner\_work\XPCO\XPCO\SC\Components\RemoteViewer\SmartClient\tst\zSmartClient_UnitTest\bin\x64\Debug\net472\zSmartClient_UnitTest.dll" adapterTypeName="executor://mstestadapter/v2" className="SmartClient_UnitTest.VideoOS.RemoteClient.GisMapData.MapLayers.MicrophoneItemsMapLayerTests" name="Dispose_ShouldDetachOnUpdateMutedMicrophonesRaised_WhenCalled" />
    </UnitTest>
    <UnitTest name="ScrollWheelInTileLayout_ScrollUp_IncreaseItemSize" storage="d:\actions-runner\_work\xpco\xpco\sc\components\remoteviewer\smartclient\tst\zsmartclient_unittest\bin\x64\debug\net472\zsmartclient_unittest.dll" id="c8fac7fa-4b08-7ff4-1155-d669516586fe">
      <TestCategory>
        <TestCategoryItem TestCategory="SearchViews" />
      </TestCategory>
      <Execution id="8f852e24-3e60-4141-8153-d48a1d5282f2" />
      <TestMethod codeBase="D:\actions-runner\_work\XPCO\XPCO\SC\Components\RemoteViewer\SmartClient\tst\zSmartClient_UnitTest\bin\x64\Debug\net472\zSmartClient_UnitTest.dll" adapterTypeName="executor://mstestadapter/v2" className="SmartClient_UnitTest.VideoOS.RemoteClient.Plugin.CentralizedSearch.Views.SearchResultsViewTests" name="ScrollWheelInTileLayout_ScrollUp_IncreaseItemSize" />
    </UnitTest>
    <UnitTest name="LoadMapAsyncWithBuildings_Success" storage="d:\actions-runner\_work\xpco\xpco\sc\components\remoteviewer\smartclient\tst\zsmartclient_unittest\bin\x64\debug\net472\zsmartclient_unittest.dll" id="23557db4-cf2f-5c4a-81e2-b54970cb5a80">
      <TestCategory>
        <TestCategoryItem TestCategory="GisMapBuilding" />
      </TestCategory>
      <Execution id="4a770cd3-a1ec-4940-a5d3-3cc6e91dbc21" />
      <TestMethod codeBase="D:\actions-runner\_work\XPCO\XPCO\SC\Components\RemoteViewer\SmartClient\tst\zSmartClient_UnitTest\bin\x64\Debug\net472\zSmartClient_UnitTest.dll" adapterTypeName="executor://mstestadapter/v2" className="SmartClient_UnitTest.VideoOS.RemoteClient.GisMapData.GisMapBuildingTests" name="LoadMapAsyncWithBuildings_Success" />
    </UnitTest>
    <UnitTest name="PtzSessionControllerInfoConstructorTest_From_PtzSessionInfo_Windows_User" storage="d:\actions-runner\_work\xpco\xpco\sc\components\remoteviewer\smartclient\tst\zsmartclient_unittest\bin\x64\debug\net472\zsmartclient_unittest.dll" id="a82486f4-91e1-c778-be1c-6489525080cf">
      <Execution id="e5557aa9-1704-4412-8028-974e2da437e7" />
      <TestMethod codeBase="D:\actions-runner\_work\XPCO\XPCO\SC\Components\RemoteViewer\SmartClient\tst\zSmartClient_UnitTest\bin\x64\Debug\net472\zSmartClient_UnitTest.dll" adapterTypeName="executor://mstestadapter/v2" className="VideoOS.RemoteClient.Application.Controllers.UnitTest.PtzSessionControllerTest" name="PtzSessionControllerInfoConstructorTest_From_PtzSessionInfo_Windows_User" />
    </UnitTest>
    <UnitTest name="Dispose_ShouldReleaseResources_WhenCalled" storage="d:\actions-runner\_work\xpco\xpco\sc\components\remoteviewer\smartclient\tst\zsmartclient_unittest\bin\x64\debug\net472\zsmartclient_unittest.dll" id="e5d0a93d-5262-e4d0-5f45-ee6b0db6945d">
      <TestCategory>
        <TestCategoryItem TestCategory="GisMap.DeviceSelectorWindowViewModel" />
      </TestCategory>
      <Execution id="8d15ccff-bd65-4872-9d87-f4ae1642d5f0" />
      <TestMethod codeBase="D:\actions-runner\_work\XPCO\XPCO\SC\Components\RemoteViewer\SmartClient\tst\zSmartClient_UnitTest\bin\x64\Debug\net472\zSmartClient_UnitTest.dll" adapterTypeName="executor://mstestadapter/v2" className="SmartClient_UnitTest.VideoOS.RemoteClient.Plugin.GisMap.ViewModels.DeviceSelectorWindowViewModelTests" name="Dispose_ShouldReleaseResources_WhenCalled" />
    </UnitTest>
    <UnitTest name="ConvertBack_ShouldRaiseInvalidCastException_WhenValueIsNotABoolean" storage="d:\actions-runner\_work\xpco\xpco\sc\components\remoteviewer\smartclient\tst\zsmartclient_unittest\bin\x64\debug\net472\zsmartclient_unittest.dll" id="1079a229-fd63-4e8b-6131-749f5fa842df">
      <TestCategory>
        <TestCategoryItem TestCategory="GisMap.InteractionStateConverter" />
      </TestCategory>
      <Execution id="8c342ee6-9da7-44b6-9b93-f209503d9cfd" />
      <TestMethod codeBase="D:\actions-runner\_work\XPCO\XPCO\SC\Components\RemoteViewer\SmartClient\tst\zSmartClient_UnitTest\bin\x64\Debug\net472\zSmartClient_UnitTest.dll" adapterTypeName="executor://mstestadapter/v2" className="SmartClient_UnitTest.VideoOS.RemoteClient.Plugin.GisMap.View.InteractionStateConverterTests" name="ConvertBack_ShouldRaiseInvalidCastException_WhenValueIsNotABoolean" />
    </UnitTest>
    <UnitTest name="Initialize_ShouldCreateAllCameraItems_WhenInitializedWithNonEmptyScope" storage="d:\actions-runner\_work\xpco\xpco\sc\components\remoteviewer\smartclient\tst\zsmartclient_unittest\bin\x64\debug\net472\zsmartclient_unittest.dll" id="a0bf150c-e557-e095-022b-d649c58ba210">
      <TestCategory>
        <TestCategoryItem TestCategory="Search.Filters.ViewModels" />
      </TestCategory>
      <Execution id="55297d64-2c81-476e-ba88-6b6e47016da3" />
      <TestMethod codeBase="D:\actions-runner\_work\XPCO\XPCO\SC\Components\RemoteViewer\SmartClient\tst\zSmartClient_UnitTest\bin\x64\Debug\net472\zSmartClient_UnitTest.dll" adapterTypeName="executor://mstestadapter/v2" className="SmartClient_UnitTest.VideoOS.RemoteClient.Plugin.CentralizedSearch.MIPPlugin.Criteria.ViewModels.RegionSelectionAttributeEditControlViewModelTests" name="Initialize_ShouldCreateAllCameraItems_WhenInitializedWithNonEmptyScope" />
    </UnitTest>
    <UnitTest name="PatrollingStepListViewModel_CanExecuteMoveDown" storage="d:\actions-runner\_work\xpco\xpco\sc\components\remoteviewer\smartclient\tst\zsmartclient_unittest\bin\x64\debug\net472\zsmartclient_unittest.dll" id="9deaeb24-21b9-9f12-691a-fda61c229e90">
      <Execution id="637e25f5-579c-4ed5-96bc-63fe49991cd0" />
      <TestMethod codeBase="D:\actions-runner\_work\XPCO\XPCO\SC\Components\RemoteViewer\SmartClient\tst\zSmartClient_UnitTest\bin\x64\Debug\net472\zSmartClient_UnitTest.dll" adapterTypeName="executor://mstestadapter/v2" className="SmartClient_UnitTest.VideoOS.RemoteClient.Application.UI.PtzPreset.PatrollingViewModel.PatrollingStepListViewModelTest" name="PatrollingStepListViewModel_CanExecuteMoveDown" />
    </UnitTest>
    <UnitTest name="SupportsDoubleClick_ShouldBeTrue_WhenInteractionStateIsNormal" storage="d:\actions-runner\_work\xpco\xpco\sc\components\remoteviewer\smartclient\tst\zsmartclient_unittest\bin\x64\debug\net472\zsmartclient_unittest.dll" id="06bd284b-d73d-920f-7739-efb670bc85e0">
      <TestCategory>
        <TestCategoryItem TestCategory="GisMap.InputMarkerTest" />
      </TestCategory>
      <Execution id="1094db90-9243-4466-9f09-e5b6036e5e53" />
      <TestMethod codeBase="D:\actions-runner\_work\XPCO\XPCO\SC\Components\RemoteViewer\SmartClient\tst\zSmartClient_UnitTest\bin\x64\Debug\net472\zSmartClient_UnitTest.dll" adapterTypeName="executor://mstestadapter/v2" className="SmartClient_UnitTest.VideoOS.RemoteClient.Plugin.GisMap.ThinkGeoMap.Markers.DeviceMarkers.InputMarker.InputMarkerTests" name="SupportsDoubleClick_ShouldBeTrue_WhenInteractionStateIsNormal" />
    </UnitTest>
    <UnitTest name="ValidateExportFormats_SmartClientPlayerFormat_ShouldReturnFailResult_ExportPathIsTooLong (c:\aaaaaaaaaaaaaaaaaaaaaaaaaaaaaaaaaaaaaaaaaaaaaaaaaaaaaaaaaaaaaaaaaaaaaaaaaaaaaaaaaaaaaaaaaaaaaaaaaaaaaaaaaaaaaaaaaaaaaaaaaaaaaaaaaaaaaaaaaaaaaaaaaaaaaaaaaaaaaaaaaaaaaaaaaaaaaaaaaaaaaaa)" storage="d:\actions-runner\_work\xpco\xpco\sc\components\remoteviewer\smartclient\tst\zsmartclient_unittest\bin\x64\debug\net472\zsmartclient_unittest.dll" id="2f1a043d-2a10-79ca-c195-ea30a15eafce">
      <TestCategory>
        <TestCategoryItem TestCategory="Export" />
      </TestCategory>
      <Execution id="56518e48-1390-46d7-9ee3-5e5b09132f78" />
      <TestMethod codeBase="D:\actions-runner\_work\XPCO\XPCO\SC\Components\RemoteViewer\SmartClient\tst\zSmartClient_UnitTest\bin\x64\Debug\net472\zSmartClient_UnitTest.dll" adapterTypeName="executor://mstestadapter/v2" className="SmartClient_UnitTest.VideoOS.RemoteClient.Plugin.Export.ExportDataValidatorTests" name="ValidateExportFormats_SmartClientPlayerFormat_ShouldReturnFailResult_ExportPathIsTooLong" />
    </UnitTest>
    <UnitTest name="ClearSelectedCamerasCommand_NonEmptyList_ListCleared" storage="d:\actions-runner\_work\xpco\xpco\sc\components\remoteviewer\smartclient\tst\zsmartclient_unittest\bin\x64\debug\net472\zsmartclient_unittest.dll" id="35b5f995-b2f1-b0ad-4d21-7b40aa694ec8">
      <TestCategory>
        <TestCategoryItem TestCategory="SearchViewModels" />
      </TestCategory>
      <Execution id="bee7a19b-95bc-4bba-a44d-4e549250423b" />
      <TestMethod codeBase="D:\actions-runner\_work\XPCO\XPCO\SC\Components\RemoteViewer\SmartClient\tst\zSmartClient_UnitTest\bin\x64\Debug\net472\zSmartClient_UnitTest.dll" adapterTypeName="executor://mstestadapter/v2" className="SmartClient_UnitTest.VideoOS.RemoteClient.Plugin.CentralizedSearch.ViewModels.SearchViewModelTests" name="ClearSelectedCamerasCommand_NonEmptyList_ListCleared" />
    </UnitTest>
    <UnitTest name="Compare_ShouldSortByPrimaryEventTime_WhenOnlySingleResults" storage="d:\actions-runner\_work\xpco\xpco\sc\components\remoteviewer\smartclient\tst\zsmartclient_unittest\bin\x64\debug\net472\zsmartclient_unittest.dll" id="ff39d078-db32-05c4-cda1-a2362a7ad157">
      <TestCategory>
        <TestCategoryItem TestCategory="SearchComparers" />
      </TestCategory>
      <Execution id="14ffe4db-b0ab-41c7-b050-1968b28b4997" />
      <TestMethod codeBase="D:\actions-runner\_work\XPCO\XPCO\SC\Components\RemoteViewer\SmartClient\tst\zSmartClient_UnitTest\bin\x64\Debug\net472\zSmartClient_UnitTest.dll" adapterTypeName="executor://mstestadapter/v2" className="SmartClient_UnitTest.VideoOS.RemoteClient.Plugin.CentralizedSearch.Models.Wrappers.Comparers.RelevanceComparerTests" name="Compare_ShouldSortByPrimaryEventTime_WhenOnlySingleResults" />
    </UnitTest>
    <UnitTest name="UpdateItems_WhenStrategyReturnsUpdateNotNeeded_ShouldNotResultInMipItemsReadyEvent" storage="d:\actions-runner\_work\xpco\xpco\sc\components\remoteviewer\smartclient\tst\zsmartclient_unittest\bin\x64\debug\net472\zsmartclient_unittest.dll" id="cab07565-7102-ab00-4f85-136d84889f35">
      <TestCategory>
        <TestCategoryItem TestCategory="MipItemsRetriever" />
      </TestCategory>
      <Execution id="629cdded-598c-42dd-a880-5e379a9c10f1" />
      <TestMethod codeBase="D:\actions-runner\_work\XPCO\XPCO\SC\Components\RemoteViewer\SmartClient\tst\zSmartClient_UnitTest\bin\x64\Debug\net472\zSmartClient_UnitTest.dll" adapterTypeName="executor://mstestadapter/v2" className="SmartClient_UnitTest.VideoOS.RemoteClient.Plugin.GisMap.MIP.MipItemsRetrieverTests" name="UpdateItems_WhenStrategyReturnsUpdateNotNeeded_ShouldNotResultInMipItemsReadyEvent" />
    </UnitTest>
    <UnitTest name="ScrollIntoView_Synchronous_DefinitionViewBelowOutOfViewPort_Scrolled" storage="d:\actions-runner\_work\xpco\xpco\sc\components\remoteviewer\smartclient\tst\zsmartclient_unittest\bin\x64\debug\net472\zsmartclient_unittest.dll" id="61db488c-fd57-8a4d-714e-e5d3bad8b45f">
      <TestCategory>
        <TestCategoryItem TestCategory="Search" />
      </TestCategory>
      <Execution id="68657751-37e8-499d-acf7-127fdb997429" />
      <TestMethod codeBase="D:\actions-runner\_work\XPCO\XPCO\SC\Components\RemoteViewer\SmartClient\tst\zSmartClient_UnitTest\bin\x64\Debug\net472\zSmartClient_UnitTest.dll" adapterTypeName="executor://mstestadapter/v2" className="SmartClient_UnitTest.VideoOS.RemoteClient.Plugin.CentralizedSearch.Views.CriteriaViewTests" name="ScrollIntoView_Synchronous_DefinitionViewBelowOutOfViewPort_Scrolled" />
    </UnitTest>
    <UnitTest name="ReCreateOverlay_WhereOverlayIsRecreable_OverlayRequestToBeReCreated" storage="d:\actions-runner\_work\xpco\xpco\sc\components\remoteviewer\smartclient\tst\zsmartclient_unittest\bin\x64\debug\net472\zsmartclient_unittest.dll" id="361cc772-0d75-885b-698f-f995fb066fc5">
      <Execution id="7083c175-8cc2-4ac7-b0bd-e8c79822ff97" />
      <TestMethod codeBase="D:\actions-runner\_work\XPCO\XPCO\SC\Components\RemoteViewer\SmartClient\tst\zSmartClient_UnitTest\bin\x64\Debug\net472\zSmartClient_UnitTest.dll" adapterTypeName="executor://mstestadapter/v2" className="SmartClient_UnitTest.VideoOS.RemoteClient.Plugin.GisMap.ThinkGeoMap.ThinkGeoOverlaysManagerTests" name="ReCreateOverlay_WhereOverlayIsRecreable_OverlayRequestToBeReCreated" />
    </UnitTest>
    <UnitTest name="PatrollingProfileViewModelTest_Save_UpdateProfile" storage="d:\actions-runner\_work\xpco\xpco\sc\components\remoteviewer\smartclient\tst\zsmartclient_unittest\bin\x64\debug\net472\zsmartclient_unittest.dll" id="1b215d44-dc60-3855-41b7-391caaf25646">
      <Execution id="8f43831b-afbc-4793-822b-4ac7eda366aa" />
      <TestMethod codeBase="D:\actions-runner\_work\XPCO\XPCO\SC\Components\RemoteViewer\SmartClient\tst\zSmartClient_UnitTest\bin\x64\Debug\net472\zSmartClient_UnitTest.dll" adapterTypeName="executor://mstestadapter/v2" className="SmartClient_UnitTest.VideoOS.RemoteClient.Application.UI.PtzPreset.PatrollingViewModel.PatrollingProfileViewModelTest" name="PatrollingProfileViewModelTest_Save_UpdateProfile" />
    </UnitTest>
    <UnitTest name="ResolveBaseResultProperties_ShouldOnlyReturnTriggerTimesThatAreWithinBeginEndWithPadding" storage="d:\actions-runner\_work\xpco\xpco\sc\components\remoteviewer\smartclient\tst\zsmartclient_unittest\bin\x64\debug\net472\zsmartclient_unittest.dll" id="2674b7c4-7076-fd3a-f5df-01507f4b862a">
      <TestCategory>
        <TestCategoryItem TestCategory="Search" />
      </TestCategory>
      <Execution id="6736b285-4cdb-47c8-bbae-9b7a35a338a4" />
      <TestMethod codeBase="D:\actions-runner\_work\XPCO\XPCO\SC\Components\RemoteViewer\SmartClient\tst\zSmartClient_UnitTest\bin\x64\Debug\net472\zSmartClient_UnitTest.dll" adapterTypeName="executor://mstestadapter/v2" className="SmartClient_UnitTest.VideoOS.RemoteClient.Plugin.CentralizedSearch.Utils.SearchResultDataWrapperExtensionsTests" name="ResolveBaseResultProperties_ShouldOnlyReturnTriggerTimesThatAreWithinBeginEndWithPadding" />
    </UnitTest>
    <UnitTest name="IsOutputEnabled_ShouldBeFalse_WhenOutputIsDisabled" storage="d:\actions-runner\_work\xpco\xpco\sc\components\remoteviewer\smartclient\tst\zsmartclient_unittest\bin\x64\debug\net472\zsmartclient_unittest.dll" id="727eace4-6f24-f89e-4093-133963eb0bdd">
      <TestCategory>
        <TestCategoryItem TestCategory="GisMapData.MapLayers" />
      </TestCategory>
      <Execution id="5456210f-2226-477c-898c-52d4e9c14f97" />
      <TestMethod codeBase="D:\actions-runner\_work\XPCO\XPCO\SC\Components\RemoteViewer\SmartClient\tst\zSmartClient_UnitTest\bin\x64\Debug\net472\zSmartClient_UnitTest.dll" adapterTypeName="executor://mstestadapter/v2" className="SmartClient_UnitTest.VideoOS.RemoteClient.GisMapData.MapLayers.OutputItemsMapLayerTests" name="IsOutputEnabled_ShouldBeFalse_WhenOutputIsDisabled" />
    </UnitTest>
    <UnitTest name="WhenActionExecutedWithNoAlarmsThenNoObserverNotified" storage="d:\actions-runner\_work\xpco\xpco\sc\components\remoteviewer\smartclient\tst\zsmartclient_unittest\bin\x64\debug\net472\zsmartclient_unittest.dll" id="b023ed0a-de55-261e-b76b-b001235c2a21">
      <Execution id="07a7b425-e71f-4939-b29f-2fbaad0e232f" />
      <TestMethod codeBase="D:\actions-runner\_work\XPCO\XPCO\SC\Components\RemoteViewer\SmartClient\tst\zSmartClient_UnitTest\bin\x64\Debug\net472\zSmartClient_UnitTest.dll" adapterTypeName="executor://mstestadapter/v2" className="SmartClient_UnitTest.VideoOS.RemoteClient.GisMapData.Common.AlarmObservableTest" name="WhenActionExecutedWithNoAlarmsThenNoObserverNotified" />
    </UnitTest>
    <UnitTest name="ActiveInteractionStateBinding_ShouldNotBeNull_WhenCtorIsCalled" storage="d:\actions-runner\_work\xpco\xpco\sc\components\remoteviewer\smartclient\tst\zsmartclient_unittest\bin\x64\debug\net472\zsmartclient_unittest.dll" id="a96b347d-5d1c-d89b-916b-371c05303b3e">
      <TestCategory>
        <TestCategoryItem TestCategory="GisMap.LinkMarker" />
      </TestCategory>
      <Execution id="67eab624-9606-443c-ab1e-516fe0db0fd2" />
      <TestMethod codeBase="D:\actions-runner\_work\XPCO\XPCO\SC\Components\RemoteViewer\SmartClient\tst\zSmartClient_UnitTest\bin\x64\Debug\net472\zSmartClient_UnitTest.dll" adapterTypeName="executor://mstestadapter/v2" className="SmartClient_UnitTest.VideoOS.RemoteClient.Plugin.GisMap.ThinkGeoMap.Markers.LinkMarker.LinkMarkerTests" name="ActiveInteractionStateBinding_ShouldNotBeNull_WhenCtorIsCalled" />
    </UnitTest>
    <UnitTest name="SearchFilterCategoryGet_OneSearchAgent_FiltersMatch" storage="d:\actions-runner\_work\xpco\xpco\sc\components\remoteviewer\smartclient\tst\zsmartclient_unittest\bin\x64\debug\net472\zsmartclient_unittest.dll" id="44e92960-87da-bcfa-c839-b0dd09a9d8ba">
      <TestCategory>
        <TestCategoryItem TestCategory="Search" />
      </TestCategory>
      <Execution id="cdb26687-1aa8-46f7-a14d-7edca71d1658" />
      <TestMethod codeBase="D:\actions-runner\_work\XPCO\XPCO\SC\Components\RemoteViewer\SmartClient\tst\zSmartClient_UnitTest\bin\x64\Debug\net472\zSmartClient_UnitTest.dll" adapterTypeName="executor://mstestadapter/v2" className="SmartClient_UnitTest.VideoOS.RemoteClient.Plugin.CentralizedSearch.MIPPlugin.CompositeSearchAgentTests" name="SearchFilterCategoryGet_OneSearchAgent_FiltersMatch" />
    </UnitTest>
    <UnitTest name="ConvertBack_ShouldReturnTheParameterInteractionState_WhenValueIsTrueAndParameterIsAnInteractionState" storage="d:\actions-runner\_work\xpco\xpco\sc\components\remoteviewer\smartclient\tst\zsmartclient_unittest\bin\x64\debug\net472\zsmartclient_unittest.dll" id="949114ce-b635-6899-abf2-c4e97a411c85">
      <TestCategory>
        <TestCategoryItem TestCategory="GisMap.InteractionStateConverter" />
      </TestCategory>
      <Execution id="008753f2-e637-4400-b9b3-fee1e2eceb19" />
      <TestMethod codeBase="D:\actions-runner\_work\XPCO\XPCO\SC\Components\RemoteViewer\SmartClient\tst\zSmartClient_UnitTest\bin\x64\Debug\net472\zSmartClient_UnitTest.dll" adapterTypeName="executor://mstestadapter/v2" className="SmartClient_UnitTest.VideoOS.RemoteClient.Plugin.GisMap.View.InteractionStateConverterTests" name="ConvertBack_ShouldReturnTheParameterInteractionState_WhenValueIsTrueAndParameterIsAnInteractionState" />
    </UnitTest>
    <UnitTest name="SearchModelOnSearchResultsExpired_NotOnUiThread_Success" storage="d:\actions-runner\_work\xpco\xpco\sc\components\remoteviewer\smartclient\tst\zsmartclient_unittest\bin\x64\debug\net472\zsmartclient_unittest.dll" id="48054fb2-bd75-c8f4-21b2-fc21c0457ce0">
      <TestCategory>
        <TestCategoryItem TestCategory="SearchViewModels" />
      </TestCategory>
      <Execution id="971c1467-a1b2-4498-a94d-8acd7acfe22a" />
      <TestMethod codeBase="D:\actions-runner\_work\XPCO\XPCO\SC\Components\RemoteViewer\SmartClient\tst\zSmartClient_UnitTest\bin\x64\Debug\net472\zSmartClient_UnitTest.dll" adapterTypeName="executor://mstestadapter/v2" className="SmartClient_UnitTest.VideoOS.RemoteClient.Plugin.CentralizedSearch.ViewModels.SearchViewModelTests" name="SearchModelOnSearchResultsExpired_NotOnUiThread_Success" />
    </UnitTest>
    <UnitTest name="GetSearchTemplateAsync_EmptyParameters_Success" storage="d:\actions-runner\_work\xpco\xpco\sc\components\remoteviewer\smartclient\tst\zsmartclient_unittest\bin\x64\debug\net472\zsmartclient_unittest.dll" id="204823b6-de51-5dbf-961f-bc00c64fcbfd">
      <TestCategory>
        <TestCategoryItem TestCategory="SearchTemplatesService" />
      </TestCategory>
      <Execution id="ab99d931-7c96-416d-b508-d3792c5d87ab" />
      <TestMethod codeBase="D:\actions-runner\_work\XPCO\XPCO\SC\Components\RemoteViewer\SmartClient\tst\zSmartClient_UnitTest\bin\x64\Debug\net472\zSmartClient_UnitTest.dll" adapterTypeName="executor://mstestadapter/v2" className="SmartClient_UnitTest.VideoOS.RemoteClient.Plugin.CentralizedSearch.SearchTemplates.Service.SearchTemplateServiceTests" name="GetSearchTemplateAsync_EmptyParameters_Success" />
    </UnitTest>
    <UnitTest name="PatrollingProfileListViewModel_CanExecuteAddProfile" storage="d:\actions-runner\_work\xpco\xpco\sc\components\remoteviewer\smartclient\tst\zsmartclient_unittest\bin\x64\debug\net472\zsmartclient_unittest.dll" id="38ec599c-8886-9abd-0e90-9384d2644f53">
      <Execution id="c180c96c-be31-44e2-9584-7e63446ca8fd" />
      <TestMethod codeBase="D:\actions-runner\_work\XPCO\XPCO\SC\Components\RemoteViewer\SmartClient\tst\zSmartClient_UnitTest\bin\x64\Debug\net472\zSmartClient_UnitTest.dll" adapterTypeName="executor://mstestadapter/v2" className="SmartClient_UnitTest.VideoOS.RemoteClient.Application.UI.PtzPreset.PatrollingViewModel.PatrollingProfileListViewModelTest" name="PatrollingProfileListViewModel_CanExecuteAddProfile" />
    </UnitTest>
    <UnitTest name="BuildEvidenceCreatedProperties_ShouldReturnCorrectValues (some headline,,03:00:00,Weeks,1.22:00:00,3,True,False,03:00:00,Weeks,1.22:00:00,3)" storage="d:\actions-runner\_work\xpco\xpco\sc\components\remoteviewer\smartclient\tst\zsmartclient_unittest\bin\x64\debug\net472\zsmartclient_unittest.dll" id="75190a91-bb67-9255-8853-c45d21832247">
      <Execution id="0eed3fab-fd14-4ccd-a315-9100cccd29e9" />
      <TestMethod codeBase="D:\actions-runner\_work\XPCO\XPCO\SC\Components\RemoteViewer\SmartClient\tst\zSmartClient_UnitTest\bin\x64\Debug\net472\zSmartClient_UnitTest.dll" adapterTypeName="executor://mstestadapter/v2" className="SmartClient_UnitTest.VideoOS.RemoteClient.Application.Common.Telemetry.TelemetryBuilderTests" name="BuildEvidenceCreatedProperties_ShouldReturnCorrectValues" />
    </UnitTest>
    <UnitTest name="PatrollingStepListViewModel_DeleteStepExecute" storage="d:\actions-runner\_work\xpco\xpco\sc\components\remoteviewer\smartclient\tst\zsmartclient_unittest\bin\x64\debug\net472\zsmartclient_unittest.dll" id="64e7256a-b290-3467-22a6-88571ed2d255">
      <Execution id="f41978e3-442d-4f02-acc8-f3eff80a25d7" />
      <TestMethod codeBase="D:\actions-runner\_work\XPCO\XPCO\SC\Components\RemoteViewer\SmartClient\tst\zSmartClient_UnitTest\bin\x64\Debug\net472\zSmartClient_UnitTest.dll" adapterTypeName="executor://mstestadapter/v2" className="SmartClient_UnitTest.VideoOS.RemoteClient.Application.UI.PtzPreset.PatrollingViewModel.PatrollingStepListViewModelTest" name="PatrollingStepListViewModel_DeleteStepExecute" />
    </UnitTest>
    <UnitTest name="PermanentMarkers_ShouldAdd_WhenTryInitExecuted" storage="d:\actions-runner\_work\xpco\xpco\sc\components\remoteviewer\smartclient\tst\zsmartclient_unittest\bin\x64\debug\net472\zsmartclient_unittest.dll" id="0a626f9c-1fcc-6ba0-e354-bb3374659d02">
      <TestCategory>
        <TestCategoryItem TestCategory="SmartMap.MapItemsOverlay" />
      </TestCategory>
      <Execution id="34cc6ecb-0054-403c-9735-d58bda862cca" />
      <TestMethod codeBase="D:\actions-runner\_work\XPCO\XPCO\SC\Components\RemoteViewer\SmartClient\tst\zSmartClient_UnitTest\bin\x64\Debug\net472\zSmartClient_UnitTest.dll" adapterTypeName="executor://mstestadapter/v2" className="SmartClient_UnitTest.VideoOS.RemoteClient.Plugin.GisMap.ThinkGeoMap.SpecializedOverlays.Overlays.MapItemsOverlayTests" name="PermanentMarkers_ShouldAdd_WhenTryInitExecuted" />
    </UnitTest>
    <UnitTest name="TryAddInterval_ShouldReturnCorrectValue (True,True,Success)" storage="d:\actions-runner\_work\xpco\xpco\sc\components\remoteviewer\smartclient\tst\zsmartclient_unittest\bin\x64\debug\net472\zsmartclient_unittest.dll" id="374542b4-887c-5193-c1b0-f2e6d543faf3">
      <TestCategory>
        <TestCategoryItem TestCategory="Managers" />
      </TestCategory>
      <Execution id="d5c16ffa-cc1f-46db-9666-a81c04f7d056" />
      <TestMethod codeBase="D:\actions-runner\_work\XPCO\XPCO\SC\Components\RemoteViewer\SmartClient\tst\zSmartClient_UnitTest\bin\x64\Debug\net472\zSmartClient_UnitTest.dll" adapterTypeName="executor://mstestadapter/v2" className="SmartClient_UnitTest.VideoOS.RemoteClient.Application.Managers.ExportManagerTests" name="TryAddInterval_ShouldReturnCorrectValue" />
    </UnitTest>
    <UnitTest name="ScWorkspaceStateChangedEvent_ShouldSetDeviceIsDisabledToFalse_WhenSwitchingToSetupModeAndDeviceIsDisabled" storage="d:\actions-runner\_work\xpco\xpco\sc\components\remoteviewer\smartclient\tst\zsmartclient_unittest\bin\x64\debug\net472\zsmartclient_unittest.dll" id="0642a600-4a64-e9cb-eb5f-0984d3d228c6">
      <TestCategory>
        <TestCategoryItem TestCategory="GisMapData.MapLayers" />
      </TestCategory>
      <Execution id="00fd6943-dd4e-4c14-8799-694735668e80" />
      <TestMethod codeBase="D:\actions-runner\_work\XPCO\XPCO\SC\Components\RemoteViewer\SmartClient\tst\zSmartClient_UnitTest\bin\x64\Debug\net472\zSmartClient_UnitTest.dll" adapterTypeName="executor://mstestadapter/v2" className="SmartClient_UnitTest.VideoOS.RemoteClient.GisMapData.MapLayers.OutputItemsMapLayerTests" name="ScWorkspaceStateChangedEvent_ShouldSetDeviceIsDisabledToFalse_WhenSwitchingToSetupModeAndDeviceIsDisabled" />
    </UnitTest>
    <UnitTest name="SmartMapGoToAreaHandler_WhenDataIsValid_ShouldCallNavigateTo" storage="d:\actions-runner\_work\xpco\xpco\sc\components\remoteviewer\smartclient\tst\zsmartclient_unittest\bin\x64\debug\net472\zsmartclient_unittest.dll" id="8ccd7a8f-ef67-0ae3-b153-d3f9ffe8fcc3">
      <Execution id="06114b7e-5420-4677-b14b-947ffadd6d43" />
      <TestMethod codeBase="D:\actions-runner\_work\XPCO\XPCO\SC\Components\RemoteViewer\SmartClient\tst\zSmartClient_UnitTest\bin\x64\Debug\net472\zSmartClient_UnitTest.dll" adapterTypeName="executor://mstestadapter/v2" className="SmartClient_UnitTest.VideoOS.RemoteClient.Plugin.GisMap.MIP.ContentHolderMipMessageManagerTests" name="SmartMapGoToAreaHandler_WhenDataIsValid_ShouldCallNavigateTo" />
    </UnitTest>
    <UnitTest name="SearchResultsActionBarActions_MipActionSpecificallySupportsSelectedSearchResult_ActionEnabled" storage="d:\actions-runner\_work\xpco\xpco\sc\components\remoteviewer\smartclient\tst\zsmartclient_unittest\bin\x64\debug\net472\zsmartclient_unittest.dll" id="3375033a-d5e6-72b6-24f8-d995495958e4">
      <TestCategory>
        <TestCategoryItem TestCategory="SearchResultActionBarViewModel" />
      </TestCategory>
      <Execution id="af1c5aef-a16e-465a-91d8-6a6f80e9c90d" />
      <TestMethod codeBase="D:\actions-runner\_work\XPCO\XPCO\SC\Components\RemoteViewer\SmartClient\tst\zSmartClient_UnitTest\bin\x64\Debug\net472\zSmartClient_UnitTest.dll" adapterTypeName="executor://mstestadapter/v2" className="SmartClient_UnitTest.VideoOS.RemoteClient.Plugin.CentralizedSearch.ViewModels.SearchResultsActionBarViewModelTest" name="SearchResultsActionBarActions_MipActionSpecificallySupportsSelectedSearchResult_ActionEnabled" />
    </UnitTest>
    <UnitTest name="GetCameraTypes_ShouldReturnSingleCameraType" storage="d:\actions-runner\_work\xpco\xpco\sc\components\remoteviewer\smartclient\tst\zsmartclient_unittest\bin\x64\debug\net472\zsmartclient_unittest.dll" id="da8fd7da-175b-17d6-2b65-b1622f31efd6">
      <Execution id="f83b2f1b-dd7e-4e62-b19f-d2835c2497f6" />
      <TestMethod codeBase="D:\actions-runner\_work\XPCO\XPCO\SC\Components\RemoteViewer\SmartClient\tst\zSmartClient_UnitTest\bin\x64\Debug\net472\zSmartClient_UnitTest.dll" adapterTypeName="executor://mstestadapter/v2" className="SmartClient_UnitTest.VideoOS.RemoteClient.Application.Data.ContentTypes.ReportingContentType.DashboardExtentionsTest" name="GetCameraTypes_ShouldReturnSingleCameraType" />
    </UnitTest>
    <UnitTest name="Search_MultipleCategories_SearchCallsDelegatedToSearchManager" storage="d:\actions-runner\_work\xpco\xpco\sc\components\remoteviewer\smartclient\tst\zsmartclient_unittest\bin\x64\debug\net472\zsmartclient_unittest.dll" id="a28e9689-4e5e-848d-448b-9fc289af2ecb">
      <TestCategory>
        <TestCategoryItem TestCategory="Search" />
      </TestCategory>
      <Execution id="06f2391d-7e1f-4c0b-8f28-0d7783d5b6c3" />
      <TestMethod codeBase="D:\actions-runner\_work\XPCO\XPCO\SC\Components\RemoteViewer\SmartClient\tst\zSmartClient_UnitTest\bin\x64\Debug\net472\zSmartClient_UnitTest.dll" adapterTypeName="executor://mstestadapter/v2" className="SmartClient_UnitTest.VideoOS.RemoteClient.Plugin.CentralizedSearch.MIPPlugin.CompositeSearchDefinitionTests" name="Search_MultipleCategories_SearchCallsDelegatedToSearchManager" />
    </UnitTest>
    <UnitTest name="ScWorkspaceStateChangedEvent_ShouldKeepIsSelected_WhenSwitchingToSetupMode" storage="d:\actions-runner\_work\xpco\xpco\sc\components\remoteviewer\smartclient\tst\zsmartclient_unittest\bin\x64\debug\net472\zsmartclient_unittest.dll" id="fd11af71-a4c4-5921-60ab-2b01bfd9ee13">
      <TestCategory>
        <TestCategoryItem TestCategory="GisMapData.MapLayers" />
      </TestCategory>
      <Execution id="fb4070ae-cdfa-4ef6-8dc1-10b92e709627" />
      <TestMethod codeBase="D:\actions-runner\_work\XPCO\XPCO\SC\Components\RemoteViewer\SmartClient\tst\zSmartClient_UnitTest\bin\x64\Debug\net472\zSmartClient_UnitTest.dll" adapterTypeName="executor://mstestadapter/v2" className="SmartClient_UnitTest.VideoOS.RemoteClient.GisMapData.MapLayers.MicrophoneItemsMapLayerTests" name="ScWorkspaceStateChangedEvent_ShouldKeepIsSelected_WhenSwitchingToSetupMode" />
    </UnitTest>
    <UnitTest name="CallingAction_Generates_PopoverUserControl_WhenToolbarPluginTypeIsUserControl" storage="d:\actions-runner\_work\xpco\xpco\sc\components\remoteviewer\smartclient\tst\zsmartclient_unittest\bin\x64\debug\net472\zsmartclient_unittest.dll" id="663795a0-d44e-108c-adbb-753bfdf4d621">
      <TestCategory>
        <TestCategoryItem TestCategory="WorkspaceToolbar" />
      </TestCategory>
      <Execution id="7d01232b-1983-4492-aa65-6d6602e4a7e6" />
      <TestMethod codeBase="D:\actions-runner\_work\XPCO\XPCO\SC\Components\RemoteViewer\SmartClient\tst\zSmartClient_UnitTest\bin\x64\Debug\net472\zSmartClient_UnitTest.dll" adapterTypeName="executor://mstestadapter/v2" className="SmartClient_UnitTest.VideoOS.RemoteClient.Application.Data.WorkspaceToolbar.WorkspaceToolbarItemMipPluginTests" name="CallingAction_Generates_PopoverUserControl_WhenToolbarPluginTypeIsUserControl" />
    </UnitTest>
    <UnitTest name="IsDisabled_ShouldBeTrue_WhenApplicationIsInBrowseMode" storage="d:\actions-runner\_work\xpco\xpco\sc\components\remoteviewer\smartclient\tst\zsmartclient_unittest\bin\x64\debug\net472\zsmartclient_unittest.dll" id="5e16f1a5-ac2f-de21-a1b1-de59b21f35bb">
      <TestCategory>
        <TestCategoryItem TestCategory="GisMapData.MapItem.Outputs" />
      </TestCategory>
      <Execution id="7213d78e-b6bf-4f4c-beb1-0330c04c95f2" />
      <TestMethod codeBase="D:\actions-runner\_work\XPCO\XPCO\SC\Components\RemoteViewer\SmartClient\tst\zSmartClient_UnitTest\bin\x64\Debug\net472\zSmartClient_UnitTest.dll" adapterTypeName="executor://mstestadapter/v2" className="SmartClient_UnitTest.VideoOS.RemoteClient.GisMapData.MapItem.Outputs.OutputMapItemTests" name="IsDisabled_ShouldBeTrue_WhenApplicationIsInBrowseMode" />
    </UnitTest>
    <UnitTest name="RemoveSelectedCameraCommand_CameraInList_CameraRemoved" storage="d:\actions-runner\_work\xpco\xpco\sc\components\remoteviewer\smartclient\tst\zsmartclient_unittest\bin\x64\debug\net472\zsmartclient_unittest.dll" id="17891e0b-7823-7706-f334-6ca55cc2528c">
      <TestCategory>
        <TestCategoryItem TestCategory="SearchViewModels" />
      </TestCategory>
      <Execution id="b30a6a08-b65e-4989-a4f9-cd98fd8779b5" />
      <TestMethod codeBase="D:\actions-runner\_work\XPCO\XPCO\SC\Components\RemoteViewer\SmartClient\tst\zSmartClient_UnitTest\bin\x64\Debug\net472\zSmartClient_UnitTest.dll" adapterTypeName="executor://mstestadapter/v2" className="SmartClient_UnitTest.VideoOS.RemoteClient.Plugin.CentralizedSearch.ViewModels.SearchViewModelTests" name="RemoveSelectedCameraCommand_CameraInList_CameraRemoved" />
    </UnitTest>
    <UnitTest name="MutedMicrophoneIconsId_ShouldReturnMutedIconsInAProperOrder_WhenCalled" storage="d:\actions-runner\_work\xpco\xpco\sc\components\remoteviewer\smartclient\tst\zsmartclient_unittest\bin\x64\debug\net472\zsmartclient_unittest.dll" id="d7aebc88-d17a-4418-cff4-f3007ce02d1e">
      <TestCategory>
        <TestCategoryItem TestCategory="GisMapData.MicrophoneOemResourcesProviderTests" />
      </TestCategory>
      <Execution id="4ff4538e-d4dd-4e76-80ff-a9aed7ea66b6" />
      <TestMethod codeBase="D:\actions-runner\_work\XPCO\XPCO\SC\Components\RemoteViewer\SmartClient\tst\zSmartClient_UnitTest\bin\x64\Debug\net472\zSmartClient_UnitTest.dll" adapterTypeName="executor://mstestadapter/v2" className="SmartClient_UnitTest.VideoOS.RemoteClient.GisMapData.Resources.MicrophoneOemResourcesProviderTests" name="MutedMicrophoneIconsId_ShouldReturnMutedIconsInAProperOrder_WhenCalled" />
    </UnitTest>
    <UnitTest name="BoundingBoxNewLiveData" storage="d:\actions-runner\_work\xpco\xpco\sc\components\remoteviewer\smartclient\tst\zsmartclient_unittest\bin\x64\debug\net472\zsmartclient_unittest.dll" id="c4726943-b1e4-7dec-138b-79d3b9940013">
      <Execution id="2ba4a6f7-3443-44d5-8ea1-f53de9e5ff6d" />
      <TestMethod codeBase="D:\actions-runner\_work\XPCO\XPCO\SC\Components\RemoteViewer\SmartClient\tst\zSmartClient_UnitTest\bin\x64\Debug\net472\zSmartClient_UnitTest.dll" adapterTypeName="executor://mstestadapter/v2" className="SmartClient_UnitTest.VideoOS.RemoteClient.Application.Data.Metadata.BoundingBoxes.BoundingBoxProviderTest" name="BoundingBoxNewLiveData" />
    </UnitTest>
    <UnitTest name="Deserialize_ShouldReportMissingCombineType_WhenCombineTypeIsNotPresentInXml" storage="d:\actions-runner\_work\xpco\xpco\sc\components\remoteviewer\smartclient\tst\zsmartclient_unittest\bin\x64\debug\net472\zsmartclient_unittest.dll" id="2920c2e0-39a3-dd93-5693-d4ce08512159">
      <TestCategory>
        <TestCategoryItem TestCategory="SearchSerialization" />
      </TestCategory>
      <Execution id="37a09a5d-adac-4804-b0b0-fc9ca6be1619" />
      <TestMethod codeBase="D:\actions-runner\_work\XPCO\XPCO\SC\Components\RemoteViewer\SmartClient\tst\zSmartClient_UnitTest\bin\x64\Debug\net472\zSmartClient_UnitTest.dll" adapterTypeName="executor://mstestadapter/v2" className="SmartClient_UnitTest.VideoOS.RemoteClient.Plugin.CentralizedSearch.Models.Serialization.SearchSerializerTests" name="Deserialize_ShouldReportMissingCombineType_WhenCombineTypeIsNotPresentInXml" />
    </UnitTest>
    <UnitTest name="TestMultipleTaskSubscription" storage="d:\actions-runner\_work\xpco\xpco\sc\components\remoteviewer\smartclient\tst\zsmartclient_unittest\bin\x64\debug\net472\zsmartclient_unittest.dll" id="5fd3f98c-c6c1-c9ae-ace1-6e51d9ce104b">
      <Execution id="f46c0fe0-f407-48a9-939b-b8e325b97d01" />
      <TestMethod codeBase="D:\actions-runner\_work\XPCO\XPCO\SC\Components\RemoteViewer\SmartClient\tst\zSmartClient_UnitTest\bin\x64\Debug\net472\zSmartClient_UnitTest.dll" adapterTypeName="executor://mstestadapter/v2" className="SmartClient_UnitTest.VideoOS.RemoteClient.Application.Managers.EdgeRetrievalTaskManagerUnitTest" name="TestMultipleTaskSubscription" />
    </UnitTest>
    <UnitTest name="GetMutedMicrophoneIconId_ShouldReturnValidMutedMicrophoneIconId_WhenValidUnmutedMicrophoneIconIdIsProvided" storage="d:\actions-runner\_work\xpco\xpco\sc\components\remoteviewer\smartclient\tst\zsmartclient_unittest\bin\x64\debug\net472\zsmartclient_unittest.dll" id="47771962-fd80-aab3-ebc0-33717839eb97">
      <TestCategory>
        <TestCategoryItem TestCategory="GisMapData.MicrophoneOemResourcesProviderTests" />
      </TestCategory>
      <Execution id="6d1ff326-7307-4189-ac0a-45226d41a339" />
      <TestMethod codeBase="D:\actions-runner\_work\XPCO\XPCO\SC\Components\RemoteViewer\SmartClient\tst\zSmartClient_UnitTest\bin\x64\Debug\net472\zSmartClient_UnitTest.dll" adapterTypeName="executor://mstestadapter/v2" className="SmartClient_UnitTest.VideoOS.RemoteClient.GisMapData.Resources.MicrophoneOemResourcesProviderTests" name="GetMutedMicrophoneIconId_ShouldReturnValidMutedMicrophoneIconId_WhenValidUnmutedMicrophoneIconIdIsProvided" />
    </UnitTest>
    <UnitTest name="AddSelectedWindowsToExport_ShouldShowCorrectToastMessages (0,0,1)" storage="d:\actions-runner\_work\xpco\xpco\sc\components\remoteviewer\smartclient\tst\zsmartclient_unittest\bin\x64\debug\net472\zsmartclient_unittest.dll" id="4008f5fb-3189-e45e-5cbf-2d8d6943a733">
      <TestCategory>
        <TestCategoryItem TestCategory="Managers" />
      </TestCategory>
      <Execution id="c9ca02be-ff47-4c9b-ba6f-02e08d8ed4fc" />
      <TestMethod codeBase="D:\actions-runner\_work\XPCO\XPCO\SC\Components\RemoteViewer\SmartClient\tst\zSmartClient_UnitTest\bin\x64\Debug\net472\zSmartClient_UnitTest.dll" adapterTypeName="executor://mstestadapter/v2" className="SmartClient_UnitTest.VideoOS.RemoteClient.Application.Managers.ExportManagerTests" name="AddSelectedWindowsToExport_ShouldShowCorrectToastMessages" />
    </UnitTest>
    <UnitTest name="RenameDeviceTest" storage="d:\actions-runner\_work\xpco\xpco\sc\components\remoteviewer\smartclient\tst\zsmartclient_unittest\bin\x64\debug\net472\zsmartclient_unittest.dll" id="3460e6f3-0dd6-9361-76e4-41731c8ee6fa">
      <Execution id="b41afb43-c5bb-4906-aad7-5270f3195258" />
      <TestMethod codeBase="D:\actions-runner\_work\XPCO\XPCO\SC\Components\RemoteViewer\SmartClient\tst\zSmartClient_UnitTest\bin\x64\Debug\net472\zSmartClient_UnitTest.dll" adapterTypeName="executor://mstestadapter/v2" className="SmartClient_UnitTest.VideoOS.Shared.ServerAPI.IServerConfigurationTest" name="RenameDeviceTest" />
    </UnitTest>
    <UnitTest name="FocusedSearchResultChanged_CameraNotOnMap_NavigateToHomeAndShowWarning" storage="d:\actions-runner\_work\xpco\xpco\sc\components\remoteviewer\smartclient\tst\zsmartclient_unittest\bin\x64\debug\net472\zsmartclient_unittest.dll" id="2b329938-e3b1-01ad-a60f-47df5d0a331f">
      <TestCategory>
        <TestCategoryItem TestCategory="Search.SmartMapPreview" />
      </TestCategory>
      <Execution id="626f82b6-2799-45c9-8891-82531e987e71" />
      <TestMethod codeBase="D:\actions-runner\_work\XPCO\XPCO\SC\Components\RemoteViewer\SmartClient\tst\zSmartClient_UnitTest\bin\x64\Debug\net472\zSmartClient_UnitTest.dll" adapterTypeName="executor://mstestadapter/v2" className="SmartClient_UnitTest.VideoOS.RemoteClient.Plugin.CentralizedSearch.Views.Controls.SmartMap.SmartMapPreviewTests" name="FocusedSearchResultChanged_CameraNotOnMap_NavigateToHomeAndShowWarning" />
    </UnitTest>
    <UnitTest name="GetServerGroups_ShouldReturnServerGroupsType" storage="d:\actions-runner\_work\xpco\xpco\sc\components\remoteviewer\smartclient\tst\zsmartclient_unittest\bin\x64\debug\net472\zsmartclient_unittest.dll" id="8647f015-786e-4211-7702-95ed8f5c87dc">
      <Execution id="9b9b2043-1924-476a-9af9-2a340d5459d3" />
      <TestMethod codeBase="D:\actions-runner\_work\XPCO\XPCO\SC\Components\RemoteViewer\SmartClient\tst\zSmartClient_UnitTest\bin\x64\Debug\net472\zSmartClient_UnitTest.dll" adapterTypeName="executor://mstestadapter/v2" className="SmartClient_UnitTest.VideoOS.RemoteClient.Application.Data.ContentTypes.ReportingContentType.DashboardExtentionsTest" name="GetServerGroups_ShouldReturnServerGroupsType" />
    </UnitTest>
    <UnitTest name="ShowSuccessToast_ShouldShowCorrectNumberOfToasts (5,1)" storage="d:\actions-runner\_work\xpco\xpco\sc\components\remoteviewer\smartclient\tst\zsmartclient_unittest\bin\x64\debug\net472\zsmartclient_unittest.dll" id="87b58032-586b-2c99-8416-71ae0f8434e1">
      <TestCategory>
        <TestCategoryItem TestCategory="Managers" />
      </TestCategory>
      <Execution id="a2714658-de02-492f-bc91-aff1a7ad4959" />
      <TestMethod codeBase="D:\actions-runner\_work\XPCO\XPCO\SC\Components\RemoteViewer\SmartClient\tst\zSmartClient_UnitTest\bin\x64\Debug\net472\zSmartClient_UnitTest.dll" adapterTypeName="executor://mstestadapter/v2" className="SmartClient_UnitTest.VideoOS.RemoteClient.Application.Managers.ExportResultsNotificationHelperTests" name="ShowSuccessToast_ShouldShowCorrectNumberOfToasts" />
    </UnitTest>
    <UnitTest name="IsMicrophoneDisabled_ShouldBeFalse_WhenMicrophoneIsEnabled" storage="d:\actions-runner\_work\xpco\xpco\sc\components\remoteviewer\smartclient\tst\zsmartclient_unittest\bin\x64\debug\net472\zsmartclient_unittest.dll" id="5a8fb903-2861-1882-49ca-4356404c3995">
      <TestCategory>
        <TestCategoryItem TestCategory="GisMapData.MapLayers" />
      </TestCategory>
      <Execution id="a31e8f9f-e3e3-40e6-a80b-b512a0c25639" />
      <TestMethod codeBase="D:\actions-runner\_work\XPCO\XPCO\SC\Components\RemoteViewer\SmartClient\tst\zSmartClient_UnitTest\bin\x64\Debug\net472\zSmartClient_UnitTest.dll" adapterTypeName="executor://mstestadapter/v2" className="SmartClient_UnitTest.VideoOS.RemoteClient.GisMapData.MapLayers.MicrophoneItemsMapLayerTests" name="IsMicrophoneDisabled_ShouldBeFalse_WhenMicrophoneIsEnabled" />
    </UnitTest>
    <UnitTest name="TestGetWorkroom_ByWorkSpaceId_Success" storage="d:\actions-runner\_work\xpco\xpco\sc\components\remoteviewer\smartclient\tst\zsmartclient_unittest\bin\x64\debug\net472\zsmartclient_unittest.dll" id="3a44bf9a-8ca0-1e46-e5d0-584bd0cbe223">
      <TestCategory>
        <TestCategoryItem TestCategory="WorkroomController" />
      </TestCategory>
      <Execution id="d721ba14-7692-4937-b63e-fd53b95272d8" />
      <TestMethod codeBase="D:\actions-runner\_work\XPCO\XPCO\SC\Components\RemoteViewer\SmartClient\tst\zSmartClient_UnitTest\bin\x64\Debug\net472\zSmartClient_UnitTest.dll" adapterTypeName="executor://mstestadapter/v2" className="VideoOS.RemoteClient.Application.Controllers.WorkroomController.UnitTest.TabWorkroomControllerTest" name="TestGetWorkroom_ByWorkSpaceId_Success" />
    </UnitTest>
    <UnitTest name="Execute_NoCommand_DialogResultReturnsFalse" storage="d:\actions-runner\_work\xpco\xpco\sc\components\remoteviewer\smartclient\tst\zsmartclient_unittest\bin\x64\debug\net472\zsmartclient_unittest.dll" id="156bd96a-a805-e045-2ce9-1615a20e29fa">
      <Execution id="52f2cb46-16fd-494a-85b4-a73046d2acd8" />
      <TestMethod codeBase="D:\actions-runner\_work\XPCO\XPCO\SC\Components\RemoteViewer\SmartClient\tst\zSmartClient_UnitTest\bin\x64\Debug\net472\zSmartClient_UnitTest.dll" adapterTypeName="executor://mstestadapter/v2" className="SmartClient_UnitTest.VideoOS.RemoteClient.Application.UI.Common.MessageBoxWithList.MessageBoxWithListViewModelTests" name="Execute_NoCommand_DialogResultReturnsFalse" />
    </UnitTest>
    <UnitTest name="BookmarkSearchTime_WithSearchStringInDifferentCases_ReturnCorrectBookmarkWithSearchStringInHeader (SeArChStRiNg,True,False,True,False,,,1)" storage="d:\actions-runner\_work\xpco\xpco\sc\components\remoteviewer\smartclient\tst\zsmartclient_unittest\bin\x64\debug\net472\zsmartclient_unittest.dll" id="45d1826c-1c27-e38c-1199-81f219410589">
      <Execution id="854ddbf9-c4d5-407d-b372-5552e6c1812c" />
      <TestMethod codeBase="D:\actions-runner\_work\XPCO\XPCO\SC\Components\RemoteViewer\SmartClient\tst\zSmartClient_UnitTest\bin\x64\Debug\net472\zSmartClient_UnitTest.dll" adapterTypeName="executor://mstestadapter/v2" className="SmartClient_UnitTest.VideoOS.RemoteClient.Application.Data.Offline.UnitTest.BookmarkExportReaderTest" name="BookmarkSearchTime_WithSearchStringInDifferentCases_ReturnCorrectBookmarkWithSearchStringInHeader" />
    </UnitTest>
    <UnitTest name="SaveSearchTemplateAsync_ActiveAndSaveFails_Success" storage="d:\actions-runner\_work\xpco\xpco\sc\components\remoteviewer\smartclient\tst\zsmartclient_unittest\bin\x64\debug\net472\zsmartclient_unittest.dll" id="7e66b483-7a2b-eb7e-b3f4-08fdb2d87edb">
      <TestCategory>
        <TestCategoryItem TestCategory="SearchTemplates" />
      </TestCategory>
      <Execution id="fb8d85b5-b668-4168-8f31-418bb0e1f247" />
      <TestMethod codeBase="D:\actions-runner\_work\XPCO\XPCO\SC\Components\RemoteViewer\SmartClient\tst\zSmartClient_UnitTest\bin\x64\Debug\net472\zSmartClient_UnitTest.dll" adapterTypeName="executor://mstestadapter/v2" className="SmartClient_UnitTest.VideoOS.RemoteClient.Plugin.CentralizedSearch.SearchTemplates.SearchTemplateManagerTests" name="SaveSearchTemplateAsync_ActiveAndSaveFails_Success" />
    </UnitTest>
    <UnitTest name="ScWorkSpaceModeChangedEvent_ShouldSetDeviceIsDisabledToFalse_WhenSwitchingToLiveModeAndDeviceIsDisabled" storage="d:\actions-runner\_work\xpco\xpco\sc\components\remoteviewer\smartclient\tst\zsmartclient_unittest\bin\x64\debug\net472\zsmartclient_unittest.dll" id="5d25dc9f-b119-d464-f93e-42b850f6a1ac">
      <TestCategory>
        <TestCategoryItem TestCategory="GisMapData.MapLayers" />
      </TestCategory>
      <Execution id="e406eb48-241f-43c4-9acb-81975b0dcd72" />
      <TestMethod codeBase="D:\actions-runner\_work\XPCO\XPCO\SC\Components\RemoteViewer\SmartClient\tst\zSmartClient_UnitTest\bin\x64\Debug\net472\zSmartClient_UnitTest.dll" adapterTypeName="executor://mstestadapter/v2" className="SmartClient_UnitTest.VideoOS.RemoteClient.GisMapData.MapLayers.MicrophoneItemsMapLayerTests" name="ScWorkSpaceModeChangedEvent_ShouldSetDeviceIsDisabledToFalse_WhenSwitchingToLiveModeAndDeviceIsDisabled" />
    </UnitTest>
    <UnitTest name="HasWritePermissionOnDir_WriteDenied_ReturnsFalse" storage="d:\actions-runner\_work\xpco\xpco\sc\components\remoteviewer\smartclient\tst\zsmartclient_unittest\bin\x64\debug\net472\zsmartclient_unittest.dll" id="c80c8876-22f6-262f-2179-9c2d308f50c4">
      <TestCategory>
        <TestCategoryItem TestCategory="Search" />
      </TestCategory>
      <Execution id="876c777d-31c1-405a-b5d4-d4ee6adb69c6" />
      <TestMethod codeBase="D:\actions-runner\_work\XPCO\XPCO\SC\Components\RemoteViewer\SmartClient\tst\zSmartClient_UnitTest\bin\x64\Debug\net472\zSmartClient_UnitTest.dll" adapterTypeName="executor://mstestadapter/v2" className="SmartClient_UnitTest.VideoOS.RemoteClient.Plugin.CentralizedSearch.ViewModels.Data.SnapshotHandlerTests" name="HasWritePermissionOnDir_WriteDenied_ReturnsFalse" />
    </UnitTest>
    <UnitTest name="TestForAssemblyCoverage" storage="d:\actions-runner\_work\xpco\xpco\sc\components\remoteviewer\smartclient\tst\zsmartclient_unittest\bin\x64\debug\net472\zsmartclient_unittest.dll" id="3682e780-aa17-fe02-e0c3-3a38eee876d9">
      <Execution id="b2d3ec90-92a9-4dd2-b399-0dc9e1a0af55" />
      <TestMethod codeBase="D:\actions-runner\_work\XPCO\XPCO\SC\Components\RemoteViewer\SmartClient\tst\zSmartClient_UnitTest\bin\x64\Debug\net472\zSmartClient_UnitTest.dll" adapterTypeName="executor://mstestadapter/v2" className="SmartClient_UnitTest.VideoOS.Common.MulticastRegistration.UnitTest1" name="TestForAssemblyCoverage" />
    </UnitTest>
    <UnitTest name="UpdateHomeLocationInModel_NoUpdate_Succes" storage="d:\actions-runner\_work\xpco\xpco\sc\components\remoteviewer\smartclient\tst\zsmartclient_unittest\bin\x64\debug\net472\zsmartclient_unittest.dll" id="71b3373f-dea8-3cfe-2919-2c270031d8d7">
      <TestCategory>
        <TestCategoryItem TestCategory="GisMapContentHolderTests" />
      </TestCategory>
      <Execution id="b8230e0c-f4fa-42ab-b9a0-255de46d5fa2" />
      <TestMethod codeBase="D:\actions-runner\_work\XPCO\XPCO\SC\Components\RemoteViewer\SmartClient\tst\zSmartClient_UnitTest\bin\x64\Debug\net472\zSmartClient_UnitTest.dll" adapterTypeName="executor://mstestadapter/v2" className="SmartClient_UnitTest.VideoOS.RemoteClient.Plugin.GisMap.ContentHolderTests" name="UpdateHomeLocationInModel_NoUpdate_Succes" />
    </UnitTest>
    <UnitTest name="DateToStringConverter_MultiConvertBack_Fail" storage="d:\actions-runner\_work\xpco\xpco\sc\components\remoteviewer\smartclient\tst\zsmartclient_unittest\bin\x64\debug\net472\zsmartclient_unittest.dll" id="e91df096-2318-b52c-fe1f-08261834359a">
      <TestCategory>
        <TestCategoryItem TestCategory="SearchConverter" />
      </TestCategory>
      <Execution id="8299e398-b53f-48e5-82cc-6a3880298b4d" />
      <TestMethod codeBase="D:\actions-runner\_work\XPCO\XPCO\SC\Components\RemoteViewer\SmartClient\tst\zSmartClient_UnitTest\bin\x64\Debug\net472\zSmartClient_UnitTest.dll" adapterTypeName="executor://mstestadapter/v2" className="SmartClient_UnitTest.VideoOS.RemoteClient.Plugin.CentralizedSearch.Views.Converters.DurationToStringConverterTests" name="DateToStringConverter_MultiConvertBack_Fail" />
    </UnitTest>
    <UnitTest name="DeviceIcons_ShouldNotBeEmpty_WhenCalled" storage="d:\actions-runner\_work\xpco\xpco\sc\components\remoteviewer\smartclient\tst\zsmartclient_unittest\bin\x64\debug\net472\zsmartclient_unittest.dll" id="2720977a-3c1d-8925-ae8c-f10491ee0903">
      <TestCategory>
        <TestCategoryItem TestCategory="GisMapData.CameraOemResourcesProviderTests" />
      </TestCategory>
      <Execution id="c57cede6-1dd9-46d7-a79e-2672b44b2a41" />
      <TestMethod codeBase="D:\actions-runner\_work\XPCO\XPCO\SC\Components\RemoteViewer\SmartClient\tst\zSmartClient_UnitTest\bin\x64\Debug\net472\zSmartClient_UnitTest.dll" adapterTypeName="executor://mstestadapter/v2" className="SmartClient_UnitTest.VideoOS.RemoteClient.GisMapData.Resources.CameraOemResourcesProviderTests" name="DeviceIcons_ShouldNotBeEmpty_WhenCalled" />
    </UnitTest>
    <UnitTest name="DeleteSearchTemplateAsync_Null_Failure" storage="d:\actions-runner\_work\xpco\xpco\sc\components\remoteviewer\smartclient\tst\zsmartclient_unittest\bin\x64\debug\net472\zsmartclient_unittest.dll" id="7f459878-6a38-694e-ae10-2238a011c770">
      <TestCategory>
        <TestCategoryItem TestCategory="SearchTemplatesService" />
      </TestCategory>
      <Execution id="46be0fa0-757c-423b-bd3a-9e233339b84b" />
      <TestMethod codeBase="D:\actions-runner\_work\XPCO\XPCO\SC\Components\RemoteViewer\SmartClient\tst\zSmartClient_UnitTest\bin\x64\Debug\net472\zSmartClient_UnitTest.dll" adapterTypeName="executor://mstestadapter/v2" className="SmartClient_UnitTest.VideoOS.RemoteClient.Plugin.CentralizedSearch.SearchTemplates.Service.SearchTemplateServiceTests" name="DeleteSearchTemplateAsync_Null_Failure" />
    </UnitTest>
    <UnitTest name="Dispose_NoActiveSearchResults_Success" storage="d:\actions-runner\_work\xpco\xpco\sc\components\remoteviewer\smartclient\tst\zsmartclient_unittest\bin\x64\debug\net472\zsmartclient_unittest.dll" id="1b422f57-785f-39b3-2e48-19335b37060e">
      <TestCategory>
        <TestCategoryItem TestCategory="SearchModels" />
      </TestCategory>
      <Execution id="7142a5cc-c6fa-49d0-b686-d3e81fa07cc4" />
      <TestMethod codeBase="D:\actions-runner\_work\XPCO\XPCO\SC\Components\RemoteViewer\SmartClient\tst\zSmartClient_UnitTest\bin\x64\Debug\net472\zSmartClient_UnitTest.dll" adapterTypeName="executor://mstestadapter/v2" className="SmartClient_UnitTest.VideoOS.RemoteClient.Plugin.CentralizedSearch.Models.SearchModelTests" name="Dispose_NoActiveSearchResults_Success" />
    </UnitTest>
    <UnitTest name="TryGetOsmServerTileAddress_ShouldReturnFalse_WhenOsmServerAddressIsNull" storage="d:\actions-runner\_work\xpco\xpco\sc\components\remoteviewer\smartclient\tst\zsmartclient_unittest\bin\x64\debug\net472\zsmartclient_unittest.dll" id="744b677d-0c71-fc1a-e1ca-cb97cabb4a84">
      <TestCategory>
        <TestCategoryItem TestCategory="GisMapData.Controllers.Osm" />
      </TestCategory>
      <Execution id="4d27171c-c627-41b9-8885-d8a2daee5a12" />
      <TestMethod codeBase="D:\actions-runner\_work\XPCO\XPCO\SC\Components\RemoteViewer\SmartClient\tst\zSmartClient_UnitTest\bin\x64\Debug\net472\zSmartClient_UnitTest.dll" adapterTypeName="executor://mstestadapter/v2" className="SmartClient_UnitTest.VideoOS.RemoteClient.GisMapData.Controllers.Osm.GisMapOsmControllerTests" name="TryGetOsmServerTileAddress_ShouldReturnFalse_WhenOsmServerAddressIsNull" />
    </UnitTest>
    <UnitTest name="IsMicrophoneEnabled_ShouldBeFalse_WhenMicrophoneIsDisabled" storage="d:\actions-runner\_work\xpco\xpco\sc\components\remoteviewer\smartclient\tst\zsmartclient_unittest\bin\x64\debug\net472\zsmartclient_unittest.dll" id="f8c8d11d-62f5-abc3-7817-a973cfa3607a">
      <TestCategory>
        <TestCategoryItem TestCategory="GisMapData.MapLayers" />
      </TestCategory>
      <Execution id="d09c925f-8413-4c85-b746-08486564d0f3" />
      <TestMethod codeBase="D:\actions-runner\_work\XPCO\XPCO\SC\Components\RemoteViewer\SmartClient\tst\zSmartClient_UnitTest\bin\x64\Debug\net472\zSmartClient_UnitTest.dll" adapterTypeName="executor://mstestadapter/v2" className="SmartClient_UnitTest.VideoOS.RemoteClient.GisMapData.MapLayers.MicrophoneItemsMapLayerTests" name="IsMicrophoneEnabled_ShouldBeFalse_WhenMicrophoneIsDisabled" />
    </UnitTest>
    <UnitTest name="ConnectSlave_FailToConnectAndAllowingSecureConnection_ShouldReturnFalse" storage="d:\actions-runner\_work\xpco\xpco\sc\components\remoteviewer\smartclient\tst\zsmartclient_unittest\bin\x64\debug\net472\zsmartclient_unittest.dll" id="680b5a30-8d08-87c3-1561-38e60980ac40">
      <Execution id="36c3d5c5-36a1-4939-9d77-70602ee6f108" />
      <TestMethod codeBase="D:\actions-runner\_work\XPCO\XPCO\SC\Components\RemoteViewer\SmartClient\tst\zSmartClient_UnitTest\bin\x64\Debug\net472\zSmartClient_UnitTest.dll" adapterTypeName="executor://mstestadapter/v2" className="VideoOS.Shared.ServerAPI.VMOViewerClientFacade.UnitTest.VMOViewerClientFacadeTests" name="ConnectSlave_FailToConnectAndAllowingSecureConnection_ShouldReturnFalse" />
    </UnitTest>
    <UnitTest name="Ctor_ShouldThrowException_WhenServerAuthenticationIsUnknown" storage="d:\actions-runner\_work\xpco\xpco\sc\components\remoteviewer\smartclient\tst\zsmartclient_unittest\bin\x64\debug\net472\zsmartclient_unittest.dll" id="08e5fbd3-af06-8bc6-9a21-3f68283f610d">
      <TestCategory>
        <TestCategoryItem TestCategory="Authentication.ClientCredentials" />
      </TestCategory>
      <Execution id="685437f0-7a3d-464c-b2bd-1c41e635086c" />
      <TestMethod codeBase="D:\actions-runner\_work\XPCO\XPCO\SC\Components\RemoteViewer\SmartClient\tst\zSmartClient_UnitTest\bin\x64\Debug\net472\zSmartClient_UnitTest.dll" adapterTypeName="executor://mstestadapter/v2" className="SmartClient_UnitTest.VideoOS.Shared.ServerAPI.ClientCredentialsTest" name="Ctor_ShouldThrowException_WhenServerAuthenticationIsUnknown" />
    </UnitTest>
    <UnitTest name="MaxRegionsAllowed_ShouldBeIntMaxValue_WhenProvidedMaxIsZero" storage="d:\actions-runner\_work\xpco\xpco\sc\components\remoteviewer\smartclient\tst\zsmartclient_unittest\bin\x64\debug\net472\zsmartclient_unittest.dll" id="ede7971d-d588-349a-0279-c271f7ada06e">
      <TestCategory>
        <TestCategoryItem TestCategory="Search.Filters.ViewModels" />
      </TestCategory>
      <Execution id="d3e31701-a28d-4c2f-b450-fbc1c258765a" />
      <TestMethod codeBase="D:\actions-runner\_work\XPCO\XPCO\SC\Components\RemoteViewer\SmartClient\tst\zSmartClient_UnitTest\bin\x64\Debug\net472\zSmartClient_UnitTest.dll" adapterTypeName="executor://mstestadapter/v2" className="SmartClient_UnitTest.VideoOS.RemoteClient.Plugin.CentralizedSearch.MIPPlugin.Criteria.ViewModels.RegionSelectionCameraListItemHelperTests" name="MaxRegionsAllowed_ShouldBeIntMaxValue_WhenProvidedMaxIsZero" />
    </UnitTest>
    <UnitTest name="MicrophoneItemsLayer_NotIsGeographic_Load_Success" storage="d:\actions-runner\_work\xpco\xpco\sc\components\remoteviewer\smartclient\tst\zsmartclient_unittest\bin\x64\debug\net472\zsmartclient_unittest.dll" id="f8f6e293-a84f-8369-75b0-8cd14fb32ce3">
      <TestCategory>
        <TestCategoryItem TestCategory="GisMapLayer" />
      </TestCategory>
      <Execution id="ae5d7fc1-acab-408d-83e2-cd405acf92ae" />
      <TestMethod codeBase="D:\actions-runner\_work\XPCO\XPCO\SC\Components\RemoteViewer\SmartClient\tst\zSmartClient_UnitTest\bin\x64\Debug\net472\zSmartClient_UnitTest.dll" adapterTypeName="executor://mstestadapter/v2" className="SmartClient_UnitTest.VideoOS.RemoteClient.GisMap.MapLayers.GisMapLayerTests" name="MicrophoneItemsLayer_NotIsGeographic_Load_Success" />
    </UnitTest>
    <UnitTest name="PatrollingProfileListViewModel_Save_DeleteProfile_Failed" storage="d:\actions-runner\_work\xpco\xpco\sc\components\remoteviewer\smartclient\tst\zsmartclient_unittest\bin\x64\debug\net472\zsmartclient_unittest.dll" id="b9fc609a-8ca2-2be6-d0e9-1319545fa745">
      <Execution id="22fef9d0-8eb7-4b1c-bdb1-cb8a6fb50395" />
      <TestMethod codeBase="D:\actions-runner\_work\XPCO\XPCO\SC\Components\RemoteViewer\SmartClient\tst\zSmartClient_UnitTest\bin\x64\Debug\net472\zSmartClient_UnitTest.dll" adapterTypeName="executor://mstestadapter/v2" className="SmartClient_UnitTest.VideoOS.RemoteClient.Application.UI.PtzPreset.PatrollingViewModel.PatrollingProfileListViewModelTest" name="PatrollingProfileListViewModel_Save_DeleteProfile_Failed" />
    </UnitTest>
    <UnitTest name="IconTooltip_ShouldBeValid_WhenInteractionStateIsAddMicrophone" storage="d:\actions-runner\_work\xpco\xpco\sc\components\remoteviewer\smartclient\tst\zsmartclient_unittest\bin\x64\debug\net472\zsmartclient_unittest.dll" id="c01b7aad-2de6-9625-9d52-27adc6cc7bd7">
      <TestCategory>
        <TestCategoryItem TestCategory="GisMap.UI.DeviceSelectors.PanelComponents" />
      </TestCategory>
      <Execution id="0c01d0ea-8719-4b13-8d6d-3492780c93bb" />
      <TestMethod codeBase="D:\actions-runner\_work\XPCO\XPCO\SC\Components\RemoteViewer\SmartClient\tst\zSmartClient_UnitTest\bin\x64\Debug\net472\zSmartClient_UnitTest.dll" adapterTypeName="executor://mstestadapter/v2" className="SmartClient_UnitTest.VideoOS.RemoteClient.Plugin.GisMap.UI.DeviceSelectors.PanelComponents.DeviceSelectorPanelComponentTests" name="IconTooltip_ShouldBeValid_WhenInteractionStateIsAddMicrophone" />
    </UnitTest>
    <UnitTest name="BuildMapOptions_ShouldHandleStringOptionsCorrectly (GisMapOpenStreetMapAlternativeServer,someText,True)" storage="d:\actions-runner\_work\xpco\xpco\sc\components\remoteviewer\smartclient\tst\zsmartclient_unittest\bin\x64\debug\net472\zsmartclient_unittest.dll" id="9e880996-cd5c-0f52-e791-ea181de9a9e4">
      <Execution id="00047016-c8ff-4bdc-8e18-47b689669292" />
      <TestMethod codeBase="D:\actions-runner\_work\XPCO\XPCO\SC\Components\RemoteViewer\SmartClient\tst\zSmartClient_UnitTest\bin\x64\Debug\net472\zSmartClient_UnitTest.dll" adapterTypeName="executor://mstestadapter/v2" className="SmartClient_UnitTest.VideoOS.RemoteClient.Application.Common.Telemetry.TelemetryBuilderTests" name="BuildMapOptions_ShouldHandleStringOptionsCorrectly" />
    </UnitTest>
    <UnitTest name="Combine_ShouldPassAllHardcodedEdgeCaseTests" storage="d:\actions-runner\_work\xpco\xpco\sc\components\remoteviewer\smartclient\tst\zsmartclient_unittest\bin\x64\debug\net472\zsmartclient_unittest.dll" id="79dc6ade-1fb5-e53a-3895-120821ee0ad1">
      <Execution id="184b367b-29c9-4593-87cf-33618412320d" />
      <TestMethod codeBase="D:\actions-runner\_work\XPCO\XPCO\SC\Components\RemoteViewer\SmartClient\tst\zSmartClient_UnitTest\bin\x64\Debug\net472\zSmartClient_UnitTest.dll" adapterTypeName="executor://mstestadapter/v2" className="SmartClient_UnitTest.VideoOS.RemoteClient.Plugin.CentralizedSearch.Models.Combiners.SearchResultCombinerTests" name="Combine_ShouldPassAllHardcodedEdgeCaseTests" />
    </UnitTest>
    <UnitTest name="WorkspaceToolBarItemEdgeRetrieve_ShouldGoIntoSelectionMode_WhenNotInSelectionMode" storage="d:\actions-runner\_work\xpco\xpco\sc\components\remoteviewer\smartclient\tst\zsmartclient_unittest\bin\x64\debug\net472\zsmartclient_unittest.dll" id="e9871a8e-a7b1-7767-3712-747754e9915c">
      <Execution id="7d3f8475-ab9c-4352-bcd5-04a669ad9462" />
      <TestMethod codeBase="D:\actions-runner\_work\XPCO\XPCO\SC\Components\RemoteViewer\SmartClient\tst\zSmartClient_UnitTest\bin\x64\Debug\net472\zSmartClient_UnitTest.dll" adapterTypeName="executor://mstestadapter/v2" className="SmartClient_UnitTest.VideoOS.RemoteClient.Application.Data.WorkspaceToolbar.WorkspaceToolbarItemsTimelineSelectionModeTests" name="WorkspaceToolBarItemEdgeRetrieve_ShouldGoIntoSelectionMode_WhenNotInSelectionMode" />
    </UnitTest>
    <UnitTest name="Unrelated_device_unchanged_when_camera_with_same_related_device_added" storage="d:\actions-runner\_work\xpco\xpco\sc\components\remoteviewer\smartclient\tst\zsmartclient_unittest\bin\x64\debug\net472\zsmartclient_unittest.dll" id="6ea25a13-961a-d8b8-8741-00e7f42d7603">
      <Execution id="935be039-1741-4084-b854-e33625f6d472" />
      <TestMethod codeBase="D:\actions-runner\_work\XPCO\XPCO\SC\Components\RemoteViewer\SmartClient\tst\zSmartClient_UnitTest\bin\x64\Debug\net472\zSmartClient_UnitTest.dll" adapterTypeName="executor://mstestadapter/v2" className="SmartClient_UnitTest.VideoOS.RemoteClient.Application.Components.EvidenceLock.EvidenceLockRelatedDeviceTests" name="Unrelated_device_unchanged_when_camera_with_same_related_device_added" />
    </UnitTest>
    <UnitTest name="ActiveInteractionStateBinding_ShouldOnlyContainNormal_WhenCtorIsCalled" storage="d:\actions-runner\_work\xpco\xpco\sc\components\remoteviewer\smartclient\tst\zsmartclient_unittest\bin\x64\debug\net472\zsmartclient_unittest.dll" id="dd8d755a-3eba-5a94-2039-0ce20505a681">
      <TestCategory>
        <TestCategoryItem TestCategory="GisMap.LocationMarker" />
      </TestCategory>
      <Execution id="3675518d-a7c8-4b3a-9968-99c3aa746823" />
      <TestMethod codeBase="D:\actions-runner\_work\XPCO\XPCO\SC\Components\RemoteViewer\SmartClient\tst\zSmartClient_UnitTest\bin\x64\Debug\net472\zSmartClient_UnitTest.dll" adapterTypeName="executor://mstestadapter/v2" className="SmartClient_UnitTest.VideoOS.RemoteClient.Plugin.GisMap.ThinkGeoMap.Markers.LocationMarker.LocationMarkerTests" name="ActiveInteractionStateBinding_ShouldOnlyContainNormal_WhenCtorIsCalled" />
    </UnitTest>
    <UnitTest name="GetSearchReportDialog_SelectedSearchResults_Null_Failure" storage="d:\actions-runner\_work\xpco\xpco\sc\components\remoteviewer\smartclient\tst\zsmartclient_unittest\bin\x64\debug\net472\zsmartclient_unittest.dll" id="5175ef0f-a0f9-284b-e221-701056f8c5c0">
      <TestCategory>
        <TestCategoryItem TestCategory="Search" />
      </TestCategory>
      <Execution id="75c70efc-730c-4286-9251-ab3bc8c58cea" />
      <TestMethod codeBase="D:\actions-runner\_work\XPCO\XPCO\SC\Components\RemoteViewer\SmartClient\tst\zSmartClient_UnitTest\bin\x64\Debug\net472\zSmartClient_UnitTest.dll" adapterTypeName="executor://mstestadapter/v2" className="SmartClient_UnitTest.VideoOS.RemoteClient.Plugin.CentralizedSearch.ViewModels.Utility.SearchReportHandlerTests" name="GetSearchReportDialog_SelectedSearchResults_Null_Failure" />
    </UnitTest>
    <UnitTest name="IOState_ShouldYieldSameValuesForAllEnumValues_WhenRoundTripConverted (Deactivated,Deactivated)" storage="d:\actions-runner\_work\xpco\xpco\sc\components\remoteviewer\smartclient\tst\zsmartclient_unittest\bin\x64\debug\net472\zsmartclient_unittest.dll" id="82925021-fc8d-b0e6-5578-b84c5fa8b18a">
      <TestCategory>
        <TestCategoryItem TestCategory="RecorderProxyToDtoMapping" />
      </TestCategory>
      <Execution id="002fa830-5657-4644-b894-c591292539c5" />
      <TestMethod codeBase="D:\actions-runner\_work\XPCO\XPCO\SC\Components\RemoteViewer\SmartClient\tst\zSmartClient_UnitTest\bin\x64\Debug\net472\zSmartClient_UnitTest.dll" adapterTypeName="executor://mstestadapter/v2" className="VideoOS.Shared.ServerAPI.SOAP.RecorderClientMappingTests" name="IOState_ShouldYieldSameValuesForAllEnumValues_WhenRoundTripConverted" />
    </UnitTest>
    <UnitTest name="PatrollingProfileListViewModel_CanExecuteDeleteProfile_No_Profile_Selected" storage="d:\actions-runner\_work\xpco\xpco\sc\components\remoteviewer\smartclient\tst\zsmartclient_unittest\bin\x64\debug\net472\zsmartclient_unittest.dll" id="dfe3fd2e-b517-b2eb-b2e2-30f7a11293dd">
      <Execution id="1f264814-5aae-4ade-a57c-12e5e5f54c62" />
      <TestMethod codeBase="D:\actions-runner\_work\XPCO\XPCO\SC\Components\RemoteViewer\SmartClient\tst\zSmartClient_UnitTest\bin\x64\Debug\net472\zSmartClient_UnitTest.dll" adapterTypeName="executor://mstestadapter/v2" className="SmartClient_UnitTest.VideoOS.RemoteClient.Application.UI.PtzPreset.PatrollingViewModel.PatrollingProfileListViewModelTest" name="PatrollingProfileListViewModel_CanExecuteDeleteProfile_No_Profile_Selected" />
    </UnitTest>
    <UnitTest name="TestLoadAsyncWithNullDatagram_Failure" storage="d:\actions-runner\_work\xpco\xpco\sc\components\remoteviewer\smartclient\tst\zsmartclient_unittest\bin\x64\debug\net472\zsmartclient_unittest.dll" id="7ed35012-584a-2fe3-a716-cd0afc4bf24c">
      <TestCategory>
        <TestCategoryItem TestCategory="GisMapBuilding" />
      </TestCategory>
      <Execution id="b334a782-f92e-4c51-bd06-1fbc302beefc" />
      <TestMethod codeBase="D:\actions-runner\_work\XPCO\XPCO\SC\Components\RemoteViewer\SmartClient\tst\zSmartClient_UnitTest\bin\x64\Debug\net472\zSmartClient_UnitTest.dll" adapterTypeName="executor://mstestadapter/v2" className="SmartClient_UnitTest.VideoOS.RemoteClient.GisMap.MapBuildingTests" name="TestLoadAsyncWithNullDatagram_Failure" />
    </UnitTest>
    <UnitTest name="TryGetOsmServerTileAddress_ShouldReturnTrue_WhenOsmServerAddressIsValidUrl" storage="d:\actions-runner\_work\xpco\xpco\sc\components\remoteviewer\smartclient\tst\zsmartclient_unittest\bin\x64\debug\net472\zsmartclient_unittest.dll" id="00f0e371-214b-3362-fe49-cbc53292d7d9">
      <TestCategory>
        <TestCategoryItem TestCategory="GisMapData.Controllers.Osm" />
      </TestCategory>
      <Execution id="690ecc82-cc0d-4d92-ae4d-28363f9ae736" />
      <TestMethod codeBase="D:\actions-runner\_work\XPCO\XPCO\SC\Components\RemoteViewer\SmartClient\tst\zSmartClient_UnitTest\bin\x64\Debug\net472\zSmartClient_UnitTest.dll" adapterTypeName="executor://mstestadapter/v2" className="SmartClient_UnitTest.VideoOS.RemoteClient.GisMapData.Controllers.Osm.GisMapOsmControllerTests" name="TryGetOsmServerTileAddress_ShouldReturnTrue_WhenOsmServerAddressIsValidUrl" />
    </UnitTest>
    <UnitTest name="CreateGeometry_FourCornerBuilding_Success" storage="d:\actions-runner\_work\xpco\xpco\sc\components\remoteviewer\smartclient\tst\zsmartclient_unittest\bin\x64\debug\net472\zsmartclient_unittest.dll" id="a4f00ade-c810-bdc2-a419-06f9196522bd">
      <TestCategory>
        <TestCategoryItem TestCategory="GisMapIndex" />
      </TestCategory>
      <Execution id="b8879e5c-0f76-4054-8e07-48b3fbb037ab" />
      <TestMethod codeBase="D:\actions-runner\_work\XPCO\XPCO\SC\Components\RemoteViewer\SmartClient\tst\zSmartClient_UnitTest\bin\x64\Debug\net472\zSmartClient_UnitTest.dll" adapterTypeName="executor://mstestadapter/v2" className="SmartClient_UnitTest.VideoOS.RemoteClient.GisMapData.Common.Indexer.IndexUtilTests" name="CreateGeometry_FourCornerBuilding_Success" />
    </UnitTest>
    <UnitTest name="GetLayerFeatures_ShouldReturnCameraLayerFeaturesBasedOnCameraItemsMapLayer_WhenCameraKind" storage="d:\actions-runner\_work\xpco\xpco\sc\components\remoteviewer\smartclient\tst\zsmartclient_unittest\bin\x64\debug\net472\zsmartclient_unittest.dll" id="651e8dde-0b5e-5bed-5256-d6a71b2a59d0">
      <TestCategory>
        <TestCategoryItem TestCategory="GisMapData.Controllers.LayerFeatures" />
      </TestCategory>
      <Execution id="90ebf8d6-f209-4b7c-9b2c-baadd32f7653" />
      <TestMethod codeBase="D:\actions-runner\_work\XPCO\XPCO\SC\Components\RemoteViewer\SmartClient\tst\zSmartClient_UnitTest\bin\x64\Debug\net472\zSmartClient_UnitTest.dll" adapterTypeName="executor://mstestadapter/v2" className="SmartClient_UnitTest.VideoOS.RemoteClient.GisMapData.Controllers.LayerFeatures.LayerFeaturesControllerTests" name="GetLayerFeatures_ShouldReturnCameraLayerFeaturesBasedOnCameraItemsMapLayer_WhenCameraKind" />
    </UnitTest>
    <UnitTest name="IconResourceKey_ShouldBeValid_WhenInteractionStateIsAddMicrophone" storage="d:\actions-runner\_work\xpco\xpco\sc\components\remoteviewer\smartclient\tst\zsmartclient_unittest\bin\x64\debug\net472\zsmartclient_unittest.dll" id="f6638888-72f9-3abc-824d-07e5504a43a5">
      <TestCategory>
        <TestCategoryItem TestCategory="GisMap.UI.DeviceSelectors.PanelComponents" />
      </TestCategory>
      <Execution id="1818dafb-b738-4153-bacd-c77ddbb706cc" />
      <TestMethod codeBase="D:\actions-runner\_work\XPCO\XPCO\SC\Components\RemoteViewer\SmartClient\tst\zSmartClient_UnitTest\bin\x64\Debug\net472\zSmartClient_UnitTest.dll" adapterTypeName="executor://mstestadapter/v2" className="SmartClient_UnitTest.VideoOS.RemoteClient.Plugin.GisMap.UI.DeviceSelectors.PanelComponents.DeviceSelectorPanelComponentTests" name="IconResourceKey_ShouldBeValid_WhenInteractionStateIsAddMicrophone" />
    </UnitTest>
    <UnitTest name="RequiredGuidProviderStrategies_ShouldHaveOneMd5AndOneSHA1Strategy_WhenEventServerIdsAreNonFipsCompliantAndFipsCompliant" storage="d:\actions-runner\_work\xpco\xpco\sc\components\remoteviewer\smartclient\tst\zsmartclient_unittest\bin\x64\debug\net472\zsmartclient_unittest.dll" id="b45956e1-d5fa-0cc5-9bb7-ea079e1e5f1e">
      <TestCategory>
        <TestCategoryItem TestCategory="AccessControl.Services" />
      </TestCategory>
      <Execution id="35e38314-13ca-4ede-8721-673990492c9d" />
      <TestMethod codeBase="D:\actions-runner\_work\XPCO\XPCO\SC\Components\RemoteViewer\SmartClient\tst\zSmartClient_UnitTest\bin\x64\Debug\net472\zSmartClient_UnitTest.dll" adapterTypeName="executor://mstestadapter/v2" className="SmartClient_UnitTest.VideoOS.RemoteClient.AccessControl.Services.AccessControlGuidProviderTests" name="RequiredGuidProviderStrategies_ShouldHaveOneMd5AndOneSHA1Strategy_WhenEventServerIdsAreNonFipsCompliantAndFipsCompliant" />
    </UnitTest>
    <UnitTest name="TryAddInterval_ShouldReturnCorrectValue (False,False,PermissionDenied)" storage="d:\actions-runner\_work\xpco\xpco\sc\components\remoteviewer\smartclient\tst\zsmartclient_unittest\bin\x64\debug\net472\zsmartclient_unittest.dll" id="c10d4fd4-740d-9f46-fe03-3b1c2cb7d5c2">
      <TestCategory>
        <TestCategoryItem TestCategory="Managers" />
      </TestCategory>
      <Execution id="ef013bc1-c244-4c11-acd3-9fcfb7c1e1ec" />
      <TestMethod codeBase="D:\actions-runner\_work\XPCO\XPCO\SC\Components\RemoteViewer\SmartClient\tst\zSmartClient_UnitTest\bin\x64\Debug\net472\zSmartClient_UnitTest.dll" adapterTypeName="executor://mstestadapter/v2" className="SmartClient_UnitTest.VideoOS.RemoteClient.Application.Managers.ExportManagerTests" name="TryAddInterval_ShouldReturnCorrectValue" />
    </UnitTest>
    <UnitTest name="Compare_ShouldPrioritizeCombinedResultsWithMostSearchCategories_WhenResultsDoNotMatchTheSameNumberOfCategories" storage="d:\actions-runner\_work\xpco\xpco\sc\components\remoteviewer\smartclient\tst\zsmartclient_unittest\bin\x64\debug\net472\zsmartclient_unittest.dll" id="ba03e836-1476-7d35-ae0b-6b2da7f85509">
      <TestCategory>
        <TestCategoryItem TestCategory="SearchComparers" />
      </TestCategory>
      <Execution id="5d597442-dbc3-48bb-9a75-fe74acd50822" />
      <TestMethod codeBase="D:\actions-runner\_work\XPCO\XPCO\SC\Components\RemoteViewer\SmartClient\tst\zSmartClient_UnitTest\bin\x64\Debug\net472\zSmartClient_UnitTest.dll" adapterTypeName="executor://mstestadapter/v2" className="SmartClient_UnitTest.VideoOS.RemoteClient.Plugin.CentralizedSearch.Models.Wrappers.Comparers.RelevanceComparerTests" name="Compare_ShouldPrioritizeCombinedResultsWithMostSearchCategories_WhenResultsDoNotMatchTheSameNumberOfCategories" />
    </UnitTest>
    <UnitTest name="FetchDeviceConfiguration_ShouldLoadCache_WhenCacheFileIsPresent" storage="d:\actions-runner\_work\xpco\xpco\sc\components\remoteviewer\smartclient\tst\zsmartclient_unittest\bin\x64\debug\net472\zsmartclient_unittest.dll" id="6e48d542-e9b0-81b3-6d86-e61f8dff61ca">
      <Execution id="9b0e6c93-a895-4277-8f4a-b92d565f8c55" />
      <TestMethod codeBase="D:\actions-runner\_work\XPCO\XPCO\SC\Components\RemoteViewer\SmartClient\tst\zSmartClient_UnitTest\bin\x64\Debug\net472\zSmartClient_UnitTest.dll" adapterTypeName="executor://mstestadapter/v2" className="SmartClient_UnitTest.VideoOS.RemoteClient.Application.Controllers.Helpers.DeviceConfigurationFetcherTests" name="FetchDeviceConfiguration_ShouldLoadCache_WhenCacheFileIsPresent" />
    </UnitTest>
    <UnitTest name="SetIncludePartialResults_ShouldRespectResultsToReselect_WhenResultsToReselectIsNotEmpty" storage="d:\actions-runner\_work\xpco\xpco\sc\components\remoteviewer\smartclient\tst\zsmartclient_unittest\bin\x64\debug\net472\zsmartclient_unittest.dll" id="4fb20969-8818-625a-fe73-6165a97fd7c8">
      <TestCategory>
        <TestCategoryItem TestCategory="SearchResultsPreprocessor" />
      </TestCategory>
      <Execution id="3ace67c7-8a4a-443e-a5f7-6f6eca27bf2a" />
      <TestMethod codeBase="D:\actions-runner\_work\XPCO\XPCO\SC\Components\RemoteViewer\SmartClient\tst\zSmartClient_UnitTest\bin\x64\Debug\net472\zSmartClient_UnitTest.dll" adapterTypeName="executor://mstestadapter/v2" className="SmartClient_UnitTest.VideoOS.RemoteClient.Plugin.CentralizedSearch.Models.SearchResultsPreprocessorTests" name="SetIncludePartialResults_ShouldRespectResultsToReselect_WhenResultsToReselectIsNotEmpty" />
    </UnitTest>
    <UnitTest name="ValidateExportLocation_ShouldReturnFailResult_ExportPathIsInvalid (1213&lt;&gt;!?%)" storage="d:\actions-runner\_work\xpco\xpco\sc\components\remoteviewer\smartclient\tst\zsmartclient_unittest\bin\x64\debug\net472\zsmartclient_unittest.dll" id="1e0ec4a9-a03c-c4c9-74f7-c48ccb99f71e">
      <TestCategory>
        <TestCategoryItem TestCategory="Export" />
      </TestCategory>
      <Execution id="18721604-e102-4f6e-b80a-db9e39b40645" />
      <TestMethod codeBase="D:\actions-runner\_work\XPCO\XPCO\SC\Components\RemoteViewer\SmartClient\tst\zSmartClient_UnitTest\bin\x64\Debug\net472\zSmartClient_UnitTest.dll" adapterTypeName="executor://mstestadapter/v2" className="SmartClient_UnitTest.VideoOS.RemoteClient.Plugin.Export.ExportDataValidatorTests" name="ValidateExportLocation_ShouldReturnFailResult_ExportPathIsInvalid" />
    </UnitTest>
    <UnitTest name="PopulateTooltip_ManyResultsFromFewCameras24Hours_ValidText" storage="d:\actions-runner\_work\xpco\xpco\sc\components\remoteviewer\smartclient\tst\zsmartclient_unittest\bin\x64\debug\net472\zsmartclient_unittest.dll" id="b58eb60e-3eb1-72c6-0301-c9875128ee4e">
      <TestCategory>
        <TestCategoryItem TestCategory="SearchControls" />
      </TestCategory>
      <Execution id="a5ce6b87-cd17-4753-a562-209345adcdf5" />
      <TestMethod codeBase="D:\actions-runner\_work\XPCO\XPCO\SC\Components\RemoteViewer\SmartClient\tst\zSmartClient_UnitTest\bin\x64\Debug\net472\zSmartClient_UnitTest.dll" adapterTypeName="executor://mstestadapter/v2" className="SmartClient_UnitTest.VideoOS.RemoteClient.Plugin.CentralizedSearch.Views.Controls.TimelineRuler.TimelineRulerControlTests" name="PopulateTooltip_ManyResultsFromFewCameras24Hours_ValidText" />
    </UnitTest>
    <UnitTest name="PatrollingStepViewModel_ConvertToIPatrollingStep" storage="d:\actions-runner\_work\xpco\xpco\sc\components\remoteviewer\smartclient\tst\zsmartclient_unittest\bin\x64\debug\net472\zsmartclient_unittest.dll" id="aa78a0a1-2106-fb0e-c153-f9f2a07b5821">
      <Execution id="cf564457-ada6-436d-b284-2029e49023c5" />
      <TestMethod codeBase="D:\actions-runner\_work\XPCO\XPCO\SC\Components\RemoteViewer\SmartClient\tst\zSmartClient_UnitTest\bin\x64\Debug\net472\zSmartClient_UnitTest.dll" adapterTypeName="executor://mstestadapter/v2" className="SmartClient_UnitTest.VideoOS.RemoteClient.Application.UI.PtzPreset.PatrollingViewModel.PatrollingStepViewModelTest" name="PatrollingStepViewModel_ConvertToIPatrollingStep" />
    </UnitTest>
    <UnitTest name="PopulateTooltip_ManyResultsFromSingleCamera24Hours_ValidText" storage="d:\actions-runner\_work\xpco\xpco\sc\components\remoteviewer\smartclient\tst\zsmartclient_unittest\bin\x64\debug\net472\zsmartclient_unittest.dll" id="ae62f6d0-4efb-1563-b9f4-62dadf9c392c">
      <TestCategory>
        <TestCategoryItem TestCategory="SearchControls" />
      </TestCategory>
      <Execution id="2656630a-a185-49ea-b8e7-d29371ce597e" />
      <TestMethod codeBase="D:\actions-runner\_work\XPCO\XPCO\SC\Components\RemoteViewer\SmartClient\tst\zSmartClient_UnitTest\bin\x64\Debug\net472\zSmartClient_UnitTest.dll" adapterTypeName="executor://mstestadapter/v2" className="SmartClient_UnitTest.VideoOS.RemoteClient.Plugin.CentralizedSearch.Views.Controls.TimelineRuler.TimelineRulerControlTests" name="PopulateTooltip_ManyResultsFromSingleCamera24Hours_ValidText" />
    </UnitTest>
    <UnitTest name="SearchResultsActionBarActions_SelectedSearchResults_ExportActionEnabled" storage="d:\actions-runner\_work\xpco\xpco\sc\components\remoteviewer\smartclient\tst\zsmartclient_unittest\bin\x64\debug\net472\zsmartclient_unittest.dll" id="feb3bdce-3024-5a59-89ff-b1ebe27d119c">
      <TestCategory>
        <TestCategoryItem TestCategory="SearchResultActionBarViewModel" />
      </TestCategory>
      <Execution id="036811bb-1500-4978-a703-e0d4c49233bc" />
      <TestMethod codeBase="D:\actions-runner\_work\XPCO\XPCO\SC\Components\RemoteViewer\SmartClient\tst\zSmartClient_UnitTest\bin\x64\Debug\net472\zSmartClient_UnitTest.dll" adapterTypeName="executor://mstestadapter/v2" className="SmartClient_UnitTest.VideoOS.RemoteClient.Plugin.CentralizedSearch.ViewModels.SearchResultsActionBarViewModelTest" name="SearchResultsActionBarActions_SelectedSearchResults_ExportActionEnabled" />
    </UnitTest>
    <UnitTest name="AddToExportDevices_ShouldReturnCorrectResult (5,5,0)" storage="d:\actions-runner\_work\xpco\xpco\sc\components\remoteviewer\smartclient\tst\zsmartclient_unittest\bin\x64\debug\net472\zsmartclient_unittest.dll" id="a9befe17-1a37-48c6-1312-217259747307">
      <TestCategory>
        <TestCategoryItem TestCategory="Managers" />
      </TestCategory>
      <Execution id="73d00b0f-8dc5-4dec-9b33-473a3de289a5" />
      <TestMethod codeBase="D:\actions-runner\_work\XPCO\XPCO\SC\Components\RemoteViewer\SmartClient\tst\zSmartClient_UnitTest\bin\x64\Debug\net472\zSmartClient_UnitTest.dll" adapterTypeName="executor://mstestadapter/v2" className="SmartClient_UnitTest.VideoOS.RemoteClient.Application.Managers.ExportManagerTests" name="AddToExportDevices_ShouldReturnCorrectResult" />
    </UnitTest>
    <UnitTest name="FetchDeviceConfiguration_ShouldNotLoadCache_WhenCacheFileIsNotPresent" storage="d:\actions-runner\_work\xpco\xpco\sc\components\remoteviewer\smartclient\tst\zsmartclient_unittest\bin\x64\debug\net472\zsmartclient_unittest.dll" id="9a208f53-2994-a17f-1d39-9e17cb2164bd">
      <Execution id="7718ea92-c009-49b5-8739-edec19438f2e" />
      <TestMethod codeBase="D:\actions-runner\_work\XPCO\XPCO\SC\Components\RemoteViewer\SmartClient\tst\zSmartClient_UnitTest\bin\x64\Debug\net472\zSmartClient_UnitTest.dll" adapterTypeName="executor://mstestadapter/v2" className="SmartClient_UnitTest.VideoOS.RemoteClient.Application.Controllers.Helpers.DeviceConfigurationFetcherTests" name="FetchDeviceConfiguration_ShouldNotLoadCache_WhenCacheFileIsNotPresent" />
    </UnitTest>
    <UnitTest name="Ctor_NullPassedToNotNullParameters_Failure" storage="d:\actions-runner\_work\xpco\xpco\sc\components\remoteviewer\smartclient\tst\zsmartclient_unittest\bin\x64\debug\net472\zsmartclient_unittest.dll" id="cad8e770-6b34-3ed1-d5b9-aff90025f291">
      <TestCategory>
        <TestCategoryItem TestCategory="SearchResultActionBarViewModel" />
      </TestCategory>
      <Execution id="0754474a-a259-4ce3-b0c8-9df9313d3042" />
      <TestMethod codeBase="D:\actions-runner\_work\XPCO\XPCO\SC\Components\RemoteViewer\SmartClient\tst\zSmartClient_UnitTest\bin\x64\Debug\net472\zSmartClient_UnitTest.dll" adapterTypeName="executor://mstestadapter/v2" className="SmartClient_UnitTest.VideoOS.RemoteClient.Plugin.CentralizedSearch.ViewModels.SearchResultsActionBarViewModelTest" name="Ctor_NullPassedToNotNullParameters_Failure" />
    </UnitTest>
    <UnitTest name="Search_SingleCategory_FiltersUpdatedInSubDefinition" storage="d:\actions-runner\_work\xpco\xpco\sc\components\remoteviewer\smartclient\tst\zsmartclient_unittest\bin\x64\debug\net472\zsmartclient_unittest.dll" id="4c20bf32-144e-f991-5a67-7f381a38b0ef">
      <TestCategory>
        <TestCategoryItem TestCategory="Search" />
      </TestCategory>
      <Execution id="d97beeb2-e904-42b7-b91d-29fcc85cac42" />
      <TestMethod codeBase="D:\actions-runner\_work\XPCO\XPCO\SC\Components\RemoteViewer\SmartClient\tst\zSmartClient_UnitTest\bin\x64\Debug\net472\zSmartClient_UnitTest.dll" adapterTypeName="executor://mstestadapter/v2" className="SmartClient_UnitTest.VideoOS.RemoteClient.Plugin.CentralizedSearch.MIPPlugin.CompositeSearchDefinitionTests" name="Search_SingleCategory_FiltersUpdatedInSubDefinition" />
    </UnitTest>
    <UnitTest name="SearchAction_BrowseMode_OneYearInThePast" storage="d:\actions-runner\_work\xpco\xpco\sc\components\remoteviewer\smartclient\tst\zsmartclient_unittest\bin\x64\debug\net472\zsmartclient_unittest.dll" id="0fc9e9bc-717c-57dc-ce36-115b2e3717aa">
      <TestCategory>
        <TestCategoryItem TestCategory="ContentHolderToolbar" />
      </TestCategory>
      <Execution id="2f87789c-9eec-4e28-b1cf-063474be4335" />
      <TestMethod codeBase="D:\actions-runner\_work\XPCO\XPCO\SC\Components\RemoteViewer\SmartClient\tst\zSmartClient_UnitTest\bin\x64\Debug\net472\zSmartClient_UnitTest.dll" adapterTypeName="executor://mstestadapter/v2" className="SmartClient_UnitTest.VideoOS.RemoteClient.Application.Data.ContentHolderToolbar.ToolBarItemSearchTests" name="SearchAction_BrowseMode_OneYearInThePast" />
    </UnitTest>
    <UnitTest name="SerializeDeserialize_ExcludeNotPersistedProperties_Success" storage="d:\actions-runner\_work\xpco\xpco\sc\components\remoteviewer\smartclient\tst\zsmartclient_unittest\bin\x64\debug\net472\zsmartclient_unittest.dll" id="efe4db7d-9fc9-dd9f-492e-e4ff6529fb1e">
      <Execution id="cb299d07-0b54-40c2-961e-bc0f529691f1" />
      <TestMethod codeBase="D:\actions-runner\_work\XPCO\XPCO\SC\Components\RemoteViewer\SmartClient\tst\zSmartClient_UnitTest\bin\x64\Debug\net472\zSmartClient_UnitTest.dll" adapterTypeName="executor://mstestadapter/v2" className="SmartClient_UnitTest.VideoOS.RemoteClient.Application.Data.States.CentralizedSearchStateTest" name="SerializeDeserialize_ExcludeNotPersistedProperties_Success" />
    </UnitTest>
    <UnitTest name="Password1 invalid, Password 2 invalid" storage="d:\actions-runner\_work\xpco\xpco\sc\components\remoteviewer\smartclient\tst\zsmartclient_unittest\bin\x64\debug\net472\zsmartclient_unittest.dll" id="2a8e52f2-e158-9e1f-e00b-d901637dc8ba">
      <TestCategory>
        <TestCategoryItem TestCategory="Export" />
      </TestCategory>
      <Execution id="9e0fb7fb-7173-4272-8fa8-71ae265d27fb" />
      <TestMethod codeBase="D:\actions-runner\_work\XPCO\XPCO\SC\Components\RemoteViewer\SmartClient\tst\zSmartClient_UnitTest\bin\x64\Debug\net472\zSmartClient_UnitTest.dll" adapterTypeName="executor://mstestadapter/v2" className="SmartClient_UnitTest.VideoOS.RemoteClient.Plugin.Export.PasswordDialogViewModelTests" name="ArePasswordsValid_ShouldDependOnPassword1AndPassword2" />
    </UnitTest>
    <UnitTest name="OnMarkerRightClicked_ShouldLetMapLayerControlMenuItems_WhenSingleMapItemSelected" storage="d:\actions-runner\_work\xpco\xpco\sc\components\remoteviewer\smartclient\tst\zsmartclient_unittest\bin\x64\debug\net472\zsmartclient_unittest.dll" id="62360bb2-0571-b412-04d5-fd14e8294ea1">
      <TestCategory>
        <TestCategoryItem TestCategory="SmartMap.MapItemsOverlay" />
      </TestCategory>
      <Execution id="a2661f10-4c6c-481e-8b1b-1fa991aad233" />
      <TestMethod codeBase="D:\actions-runner\_work\XPCO\XPCO\SC\Components\RemoteViewer\SmartClient\tst\zSmartClient_UnitTest\bin\x64\Debug\net472\zSmartClient_UnitTest.dll" adapterTypeName="executor://mstestadapter/v2" className="SmartClient_UnitTest.VideoOS.RemoteClient.Plugin.GisMap.ThinkGeoMap.SpecializedOverlays.Overlays.MapItemsOverlayTests" name="OnMarkerRightClicked_ShouldLetMapLayerControlMenuItems_WhenSingleMapItemSelected" />
    </UnitTest>
    <UnitTest name="ConvertBack_ShouldReturnIsNormalState_WhenValueIsNull" storage="d:\actions-runner\_work\xpco\xpco\sc\components\remoteviewer\smartclient\tst\zsmartclient_unittest\bin\x64\debug\net472\zsmartclient_unittest.dll" id="4dadd341-55c4-2c66-0797-5674a8d63b8b">
      <TestCategory>
        <TestCategoryItem TestCategory="GisMap.InteractionStateConverter" />
      </TestCategory>
      <Execution id="52790160-aef8-4928-8246-25796478c05a" />
      <TestMethod codeBase="D:\actions-runner\_work\XPCO\XPCO\SC\Components\RemoteViewer\SmartClient\tst\zSmartClient_UnitTest\bin\x64\Debug\net472\zSmartClient_UnitTest.dll" adapterTypeName="executor://mstestadapter/v2" className="SmartClient_UnitTest.VideoOS.RemoteClient.Plugin.GisMap.View.InteractionStateConverterTests" name="ConvertBack_ShouldReturnIsNormalState_WhenValueIsNull" />
    </UnitTest>
    <UnitTest name="SupportsDoubleClick_ShouldBeFalse_WhenInteractionStateIsNotNormalAndInSetupMode" storage="d:\actions-runner\_work\xpco\xpco\sc\components\remoteviewer\smartclient\tst\zsmartclient_unittest\bin\x64\debug\net472\zsmartclient_unittest.dll" id="46dd7f69-3eb9-c12b-fd9e-271331372eba">
      <TestCategory>
        <TestCategoryItem TestCategory="GisMap.LegacyLinkMarker" />
      </TestCategory>
      <Execution id="0bf3251d-a459-477e-9991-21c61efdd32b" />
      <TestMethod codeBase="D:\actions-runner\_work\XPCO\XPCO\SC\Components\RemoteViewer\SmartClient\tst\zSmartClient_UnitTest\bin\x64\Debug\net472\zSmartClient_UnitTest.dll" adapterTypeName="executor://mstestadapter/v2" className="SmartClient_UnitTest.VideoOS.RemoteClient.Plugin.GisMap.ThinkGeoMap.Markers.LegacyLinkMarker.LegacyLinkMarkerTests" name="SupportsDoubleClick_ShouldBeFalse_WhenInteractionStateIsNotNormalAndInSetupMode" />
    </UnitTest>
    <UnitTest name="TestHasCapapability_DoesNotHave_Success" storage="d:\actions-runner\_work\xpco\xpco\sc\components\remoteviewer\smartclient\tst\zsmartclient_unittest\bin\x64\debug\net472\zsmartclient_unittest.dll" id="ff572efe-33da-3147-c10c-1641937b78fe">
      <Execution id="9511f3d0-509a-40f9-bb0b-b6f5b2110b32" />
      <TestMethod codeBase="D:\actions-runner\_work\XPCO\XPCO\SC\Components\RemoteViewer\SmartClient\tst\zSmartClient_UnitTest\bin\x64\Debug\net472\zSmartClient_UnitTest.dll" adapterTypeName="executor://mstestadapter/v2" className="SmartClient_UnitTest.VideoOS.RemoteClient.GisMapData.Common.GisMapServerCapabilitiesTest" name="TestHasCapapability_DoesNotHave_Success" />
    </UnitTest>
    <UnitTest name="MapInputIcons_WhenPinkOemResource_ShouldReturnSevenIcons" storage="d:\actions-runner\_work\xpco\xpco\sc\components\remoteviewer\smartclient\tst\zsmartclient_unittest\bin\x64\debug\net472\zsmartclient_unittest.dll" id="5fa2d48f-d59e-30ed-e88d-ec6e2699e6a0">
      <Execution id="8bd55ace-4185-4fa8-b0b6-191499caf745" />
      <TestMethod codeBase="D:\actions-runner\_work\XPCO\XPCO\SC\Components\RemoteViewer\SmartClient\tst\zSmartClient_UnitTest\bin\x64\Debug\net472\zSmartClient_UnitTest.dll" adapterTypeName="executor://mstestadapter/v2" className="SmartClient_UnitTest.VideoOS.RemoteClient.Application.Controllers.OemResourceControllerTest" name="MapInputIcons_WhenPinkOemResource_ShouldReturnSevenIcons" />
    </UnitTest>
    <UnitTest name="FocusedSearchResultChanged_CameraOnMap_NavigateToCamera" storage="d:\actions-runner\_work\xpco\xpco\sc\components\remoteviewer\smartclient\tst\zsmartclient_unittest\bin\x64\debug\net472\zsmartclient_unittest.dll" id="dd098655-ce3b-b407-bc7d-fa88b3ed5381">
      <TestCategory>
        <TestCategoryItem TestCategory="Search.SmartMapPreview" />
      </TestCategory>
      <Execution id="602ed2b2-8f68-4cdd-a032-72439b13a536" />
      <TestMethod codeBase="D:\actions-runner\_work\XPCO\XPCO\SC\Components\RemoteViewer\SmartClient\tst\zSmartClient_UnitTest\bin\x64\Debug\net472\zSmartClient_UnitTest.dll" adapterTypeName="executor://mstestadapter/v2" className="SmartClient_UnitTest.VideoOS.RemoteClient.Plugin.CentralizedSearch.Views.Controls.SmartMap.SmartMapPreviewTests" name="FocusedSearchResultChanged_CameraOnMap_NavigateToCamera" />
    </UnitTest>
    <UnitTest name="PtzSessionControllerInfo_UserChangedTest_Argument_Null_1" storage="d:\actions-runner\_work\xpco\xpco\sc\components\remoteviewer\smartclient\tst\zsmartclient_unittest\bin\x64\debug\net472\zsmartclient_unittest.dll" id="3204b6d4-271a-3c48-7f1c-1d8f9fa8fb2f">
      <Execution id="c6c5563b-d21f-45b4-9eb0-5b28108631d3" />
      <TestMethod codeBase="D:\actions-runner\_work\XPCO\XPCO\SC\Components\RemoteViewer\SmartClient\tst\zSmartClient_UnitTest\bin\x64\Debug\net472\zSmartClient_UnitTest.dll" adapterTypeName="executor://mstestadapter/v2" className="VideoOS.RemoteClient.Application.Controllers.UnitTest.PtzSessionControllerTest" name="PtzSessionControllerInfo_UserChangedTest_Argument_Null_1" />
    </UnitTest>
    <UnitTest name="TestSaveMap_BuildingsChanges_Success" storage="d:\actions-runner\_work\xpco\xpco\sc\components\remoteviewer\smartclient\tst\zsmartclient_unittest\bin\x64\debug\net472\zsmartclient_unittest.dll" id="1e268e1f-9f4f-f655-e5bb-e50feefd0bab">
      <TestCategory>
        <TestCategoryItem TestCategory="GisMapBuilding" />
      </TestCategory>
      <Execution id="80f62e85-5e38-49e6-b3d1-aba45394ddb5" />
      <TestMethod codeBase="D:\actions-runner\_work\XPCO\XPCO\SC\Components\RemoteViewer\SmartClient\tst\zSmartClient_UnitTest\bin\x64\Debug\net472\zSmartClient_UnitTest.dll" adapterTypeName="executor://mstestadapter/v2" className="SmartClient_UnitTest.VideoOS.RemoteClient.GisMapData.GisMapBuildingTests" name="TestSaveMap_BuildingsChanges_Success" />
    </UnitTest>
    <UnitTest name="GetItemsFor_Building2Levels_Success" storage="d:\actions-runner\_work\xpco\xpco\sc\components\remoteviewer\smartclient\tst\zsmartclient_unittest\bin\x64\debug\net472\zsmartclient_unittest.dll" id="95e53d06-c2c3-70e9-48e1-6d7859b93b61">
      <TestCategory>
        <TestCategoryItem TestCategory="GisMapIndex" />
      </TestCategory>
      <Execution id="a5364403-fe33-4192-a89c-6cd70a0214f8" />
      <TestMethod codeBase="D:\actions-runner\_work\XPCO\XPCO\SC\Components\RemoteViewer\SmartClient\tst\zSmartClient_UnitTest\bin\x64\Debug\net472\zSmartClient_UnitTest.dll" adapterTypeName="executor://mstestadapter/v2" className="SmartClient_UnitTest.VideoOS.RemoteClient.GisMapData.Common.Indexer.BuildingsAwareIndexerTests" name="GetItemsFor_Building2Levels_Success" />
    </UnitTest>
    <UnitTest name="ActiveInteractionStateBinding_ShouldOnlyContainNormal_WhenCtorIsCalled" storage="d:\actions-runner\_work\xpco\xpco\sc\components\remoteviewer\smartclient\tst\zsmartclient_unittest\bin\x64\debug\net472\zsmartclient_unittest.dll" id="8f59d74f-1387-b481-45ba-5b4638b6eca1">
      <TestCategory>
        <TestCategoryItem TestCategory="GisMap.LegacyLinkMarker" />
      </TestCategory>
      <Execution id="00ab257f-0d9d-4313-9ef3-1489c8672d2d" />
      <TestMethod codeBase="D:\actions-runner\_work\XPCO\XPCO\SC\Components\RemoteViewer\SmartClient\tst\zSmartClient_UnitTest\bin\x64\Debug\net472\zSmartClient_UnitTest.dll" adapterTypeName="executor://mstestadapter/v2" className="SmartClient_UnitTest.VideoOS.RemoteClient.Plugin.GisMap.ThinkGeoMap.Markers.LegacyLinkMarker.LegacyLinkMarkerTests" name="ActiveInteractionStateBinding_ShouldOnlyContainNormal_WhenCtorIsCalled" />
    </UnitTest>
    <UnitTest name="NavigateAndSelectAsync_SelectAnotherCamera_ReCenterCommandEnabled" storage="d:\actions-runner\_work\xpco\xpco\sc\components\remoteviewer\smartclient\tst\zsmartclient_unittest\bin\x64\debug\net472\zsmartclient_unittest.dll" id="5725dc6b-38b3-44b7-6936-015732fd6b4c">
      <TestCategory>
        <TestCategoryItem TestCategory="GisMap.GisMapViewModel" />
      </TestCategory>
      <Execution id="4aab13a0-b0c9-4315-9e41-736a97c0255f" />
      <TestMethod codeBase="D:\actions-runner\_work\XPCO\XPCO\SC\Components\RemoteViewer\SmartClient\tst\zSmartClient_UnitTest\bin\x64\Debug\net472\zSmartClient_UnitTest.dll" adapterTypeName="executor://mstestadapter/v2" className="SmartClient_UnitTest.VideoOS.RemoteClient.Plugin.GisMap.ViewModels.GisMapViewModelTests" name="NavigateAndSelectAsync_SelectAnotherCamera_ReCenterCommandEnabled" />
    </UnitTest>
    <UnitTest name="CreateDetailsViewControl_ValidSearchResult_DetailsViewPlaybackSpeedSet_Success" storage="d:\actions-runner\_work\xpco\xpco\sc\components\remoteviewer\smartclient\tst\zsmartclient_unittest\bin\x64\debug\net472\zsmartclient_unittest.dll" id="e571b35d-57ce-9cb9-ba77-a93c8415ec13">
      <TestCategory>
        <TestCategoryItem TestCategory="SearchViews" />
      </TestCategory>
      <Execution id="11eb94b2-f147-4e51-8057-1c395c48eda2" />
      <TestMethod codeBase="D:\actions-runner\_work\XPCO\XPCO\SC\Components\RemoteViewer\SmartClient\tst\zSmartClient_UnitTest\bin\x64\Debug\net472\zSmartClient_UnitTest.dll" adapterTypeName="executor://mstestadapter/v2" className="SmartClient_UnitTest.VideoOS.RemoteClient.Plugin.CentralizedSearch.Views.SearchResultsViewTests" name="CreateDetailsViewControl_ValidSearchResult_DetailsViewPlaybackSpeedSet_Success" />
    </UnitTest>
    <UnitTest name="MicrophoneMapItem_UpdateName_Rejected" storage="d:\actions-runner\_work\xpco\xpco\sc\components\remoteviewer\smartclient\tst\zsmartclient_unittest\bin\x64\debug\net472\zsmartclient_unittest.dll" id="1a9497ea-544a-7067-529f-b7c94b2f8c7f">
      <TestCategory>
        <TestCategoryItem TestCategory="GisMapData.MapItem.Microphones" />
      </TestCategory>
      <Execution id="b62473d2-2c22-4152-a04b-abec87a4fba8" />
      <TestMethod codeBase="D:\actions-runner\_work\XPCO\XPCO\SC\Components\RemoteViewer\SmartClient\tst\zSmartClient_UnitTest\bin\x64\Debug\net472\zSmartClient_UnitTest.dll" adapterTypeName="executor://mstestadapter/v2" className="SmartClient_UnitTest.VideoOS.RemoteClient.GisMapData.MapItem.Microphones.MicrophoneMapItemTests" name="MicrophoneMapItem_UpdateName_Rejected" />
    </UnitTest>
    <UnitTest name="GetDuration_OneMinute_Success" storage="d:\actions-runner\_work\xpco\xpco\sc\components\remoteviewer\smartclient\tst\zsmartclient_unittest\bin\x64\debug\net472\zsmartclient_unittest.dll" id="5004265f-fd28-da5b-c559-ead79e5384bf">
      <TestCategory>
        <TestCategoryItem TestCategory="Search" />
      </TestCategory>
      <Execution id="5af49dde-537f-403e-be77-2e4ef2bf2a0f" />
      <TestMethod codeBase="D:\actions-runner\_work\XPCO\XPCO\SC\Components\RemoteViewer\SmartClient\tst\zSmartClient_UnitTest\bin\x64\Debug\net472\zSmartClient_UnitTest.dll" adapterTypeName="executor://mstestadapter/v2" className="SmartClient_UnitTest.VideoOS.RemoteClient.Plugin.CentralizedSearch.ViewModels.Data.TimeScopeTests" name="GetDuration_OneMinute_Success" />
    </UnitTest>
    <UnitTest name="BoundingBoxBrowseTimeChangedTestYoungData" storage="d:\actions-runner\_work\xpco\xpco\sc\components\remoteviewer\smartclient\tst\zsmartclient_unittest\bin\x64\debug\net472\zsmartclient_unittest.dll" id="b380b0ee-9aa4-cd9d-29ce-2b0885fdf47b">
      <Execution id="a5f4c88c-016e-4aa7-b41e-e283cef97313" />
      <TestMethod codeBase="D:\actions-runner\_work\XPCO\XPCO\SC\Components\RemoteViewer\SmartClient\tst\zSmartClient_UnitTest\bin\x64\Debug\net472\zSmartClient_UnitTest.dll" adapterTypeName="executor://mstestadapter/v2" className="SmartClient_UnitTest.VideoOS.RemoteClient.Application.Data.Metadata.BoundingBoxes.BoundingBoxProviderTest" name="BoundingBoxBrowseTimeChangedTestYoungData" />
    </UnitTest>
    <UnitTest name="Parse_TwentyFourHours_Success" storage="d:\actions-runner\_work\xpco\xpco\sc\components\remoteviewer\smartclient\tst\zsmartclient_unittest\bin\x64\debug\net472\zsmartclient_unittest.dll" id="b3aaeac2-8a8e-15b7-f149-450ef9d8d467">
      <TestCategory>
        <TestCategoryItem TestCategory="Search" />
      </TestCategory>
      <Execution id="b2408833-f8dc-4ce4-9a94-6c1e09b01001" />
      <TestMethod codeBase="D:\actions-runner\_work\XPCO\XPCO\SC\Components\RemoteViewer\SmartClient\tst\zSmartClient_UnitTest\bin\x64\Debug\net472\zSmartClient_UnitTest.dll" adapterTypeName="executor://mstestadapter/v2" className="SmartClient_UnitTest.VideoOS.RemoteClient.Plugin.CentralizedSearch.Models.ScopeDurationTests" name="Parse_TwentyFourHours_Success" />
    </UnitTest>
    <UnitTest name="AddToExportDevices_ShouldReturnCorrectResult (5,0,5)" storage="d:\actions-runner\_work\xpco\xpco\sc\components\remoteviewer\smartclient\tst\zsmartclient_unittest\bin\x64\debug\net472\zsmartclient_unittest.dll" id="9e54b2cc-1227-f4b9-99d1-ff15db1cd685">
      <TestCategory>
        <TestCategoryItem TestCategory="Managers" />
      </TestCategory>
      <Execution id="273fba4b-8a78-47ac-8f70-f7f6ed65c3c7" />
      <TestMethod codeBase="D:\actions-runner\_work\XPCO\XPCO\SC\Components\RemoteViewer\SmartClient\tst\zSmartClient_UnitTest\bin\x64\Debug\net472\zSmartClient_UnitTest.dll" adapterTypeName="executor://mstestadapter/v2" className="SmartClient_UnitTest.VideoOS.RemoteClient.Application.Managers.ExportManagerTests" name="AddToExportDevices_ShouldReturnCorrectResult" />
    </UnitTest>
    <UnitTest name="PatrollingProfileViewModelTest_Save_UpdateProfile_Failed" storage="d:\actions-runner\_work\xpco\xpco\sc\components\remoteviewer\smartclient\tst\zsmartclient_unittest\bin\x64\debug\net472\zsmartclient_unittest.dll" id="dcedc9aa-0a2b-4f0d-afad-d14fe62fdbd7">
      <Execution id="e1154c85-71e8-404c-bf7b-1d241fe75154" />
      <TestMethod codeBase="D:\actions-runner\_work\XPCO\XPCO\SC\Components\RemoteViewer\SmartClient\tst\zSmartClient_UnitTest\bin\x64\Debug\net472\zSmartClient_UnitTest.dll" adapterTypeName="executor://mstestadapter/v2" className="SmartClient_UnitTest.VideoOS.RemoteClient.Application.UI.PtzPreset.PatrollingViewModel.PatrollingProfileViewModelTest" name="PatrollingProfileViewModelTest_Save_UpdateProfile_Failed" />
    </UnitTest>
    <UnitTest name="DisplayErrorOnNotificationArea_InvalidAttributeSearchError_Success" storage="d:\actions-runner\_work\xpco\xpco\sc\components\remoteviewer\smartclient\tst\zsmartclient_unittest\bin\x64\debug\net472\zsmartclient_unittest.dll" id="973652a4-37ac-8c5a-9df8-ff32f79b8968">
      <TestCategory>
        <TestCategoryItem TestCategory="SearchViewModels" />
      </TestCategory>
      <Execution id="a00ed36d-d396-4e6a-85ab-a6e046f64d1a" />
      <TestMethod codeBase="D:\actions-runner\_work\XPCO\XPCO\SC\Components\RemoteViewer\SmartClient\tst\zSmartClient_UnitTest\bin\x64\Debug\net472\zSmartClient_UnitTest.dll" adapterTypeName="executor://mstestadapter/v2" className="SmartClient_UnitTest.VideoOS.RemoteClient.Plugin.CentralizedSearch.ViewModels.SearchViewModelTests" name="DisplayErrorOnNotificationArea_InvalidAttributeSearchError_Success" />
    </UnitTest>
    <UnitTest name="Combine_ShouldPassAllStringInputValidationTests" storage="d:\actions-runner\_work\xpco\xpco\sc\components\remoteviewer\smartclient\tst\zsmartclient_unittest\bin\x64\debug\net472\zsmartclient_unittest.dll" id="47de8f42-b82b-27c9-e6cb-af47f9988997">
      <Execution id="691fe19a-aa99-4a3d-8da7-b78f37bf0f25" />
      <TestMethod codeBase="D:\actions-runner\_work\XPCO\XPCO\SC\Components\RemoteViewer\SmartClient\tst\zSmartClient_UnitTest\bin\x64\Debug\net472\zSmartClient_UnitTest.dll" adapterTypeName="executor://mstestadapter/v2" className="SmartClient_UnitTest.VideoOS.RemoteClient.Plugin.CentralizedSearch.Models.Combiners.SearchResultCombinerTests" name="Combine_ShouldPassAllStringInputValidationTests" />
    </UnitTest>
    <UnitTest name="GetBoundingShapesPathsAsync_ShouldGetBoundingShapesFromBoundingShapesSourceOnly_WhenOnlyBoundingShapesSourceIsPassedIn" storage="d:\actions-runner\_work\xpco\xpco\sc\components\remoteviewer\smartclient\tst\zsmartclient_unittest\bin\x64\debug\net472\zsmartclient_unittest.dll" id="dd25e118-a384-e666-07c3-e9a0431950f6">
      <Execution id="79257698-c7fc-42e1-8b27-ad9488372a03" />
      <TestMethod codeBase="D:\actions-runner\_work\XPCO\XPCO\SC\Components\RemoteViewer\SmartClient\tst\zSmartClient_UnitTest\bin\x64\Debug\net472\zSmartClient_UnitTest.dll" adapterTypeName="executor://mstestadapter/v2" className="SmartClient_UnitTest.VideoOS.RemoteClient.Plugin.CentralizedSearch.Utils.SearchResultDataExtensionsTests" name="GetBoundingShapesPathsAsync_ShouldGetBoundingShapesFromBoundingShapesSourceOnly_WhenOnlyBoundingShapesSourceIsPassedIn" />
    </UnitTest>
    <UnitTest name="MuteMicrophone_ShouldBeCalled_WhenMicrophoneStateGoesFromUnmutedToMuted" storage="d:\actions-runner\_work\xpco\xpco\sc\components\remoteviewer\smartclient\tst\zsmartclient_unittest\bin\x64\debug\net472\zsmartclient_unittest.dll" id="40053e00-4502-6843-1f1d-ac2a3e574fe1">
      <TestCategory>
        <TestCategoryItem TestCategory="GisMapAudioController" />
      </TestCategory>
      <Execution id="f92974d3-a015-4728-92e9-dde5111e6a71" />
      <TestMethod codeBase="D:\actions-runner\_work\XPCO\XPCO\SC\Components\RemoteViewer\SmartClient\tst\zSmartClient_UnitTest\bin\x64\Debug\net472\zSmartClient_UnitTest.dll" adapterTypeName="executor://mstestadapter/v2" className="SmartClient_UnitTest.VideoOS.RemoteClient.GisMapData.GisMapAudioControllerTests" name="MuteMicrophone_ShouldBeCalled_WhenMicrophoneStateGoesFromUnmutedToMuted" />
    </UnitTest>
    <UnitTest name="GetUserOptions_ShouldReturnCustomSettingsFromOldAndNewKey_WhenDataIsAvailableInTheSystem" storage="d:\actions-runner\_work\xpco\xpco\sc\components\remoteviewer\smartclient\tst\zsmartclient_unittest\bin\x64\debug\net472\zsmartclient_unittest.dll" id="3011877c-371c-af3a-5f96-72aad6f976b4">
      <TestCategory>
        <TestCategoryItem TestCategory="Managers" />
      </TestCategory>
      <Execution id="15e8529b-1eb0-4f2f-a500-8a87fd904d92" />
      <TestMethod codeBase="D:\actions-runner\_work\XPCO\XPCO\SC\Components\RemoteViewer\SmartClient\tst\zSmartClient_UnitTest\bin\x64\Debug\net472\zSmartClient_UnitTest.dll" adapterTypeName="executor://mstestadapter/v2" className="SmartClient_UnitTest.VideoOS.RemoteClient.Application.Managers.OptionManagerTests" name="GetUserOptions_ShouldReturnCustomSettingsFromOldAndNewKey_WhenDataIsAvailableInTheSystem" />
    </UnitTest>
    <UnitTest name="ActiveInteractionStateBinding_ShouldNotBeNull_WhenCtorIsCalled" storage="d:\actions-runner\_work\xpco\xpco\sc\components\remoteviewer\smartclient\tst\zsmartclient_unittest\bin\x64\debug\net472\zsmartclient_unittest.dll" id="e886f146-563d-6db0-f755-1724a8f2f2c8">
      <TestCategory>
        <TestCategoryItem TestCategory="GisMap.MipItemMarker" />
      </TestCategory>
      <Execution id="1e9382ad-92a6-4aa4-a8aa-d936eb6688c4" />
      <TestMethod codeBase="D:\actions-runner\_work\XPCO\XPCO\SC\Components\RemoteViewer\SmartClient\tst\zSmartClient_UnitTest\bin\x64\Debug\net472\zSmartClient_UnitTest.dll" adapterTypeName="executor://mstestadapter/v2" className="SmartClient_UnitTest.VideoOS.RemoteClient.Plugin.GisMap.ThinkGeoMap.Markers.MipItemMarker.MipItemMarkerTests" name="ActiveInteractionStateBinding_ShouldNotBeNull_WhenCtorIsCalled" />
    </UnitTest>
    <UnitTest name="PtzInfoViewModel_PtzReservedByAnonymousOwnUserTest" storage="d:\actions-runner\_work\xpco\xpco\sc\components\remoteviewer\smartclient\tst\zsmartclient_unittest\bin\x64\debug\net472\zsmartclient_unittest.dll" id="59d7ce5a-9242-f1c0-ee68-764d8def5314">
      <Execution id="ebf3bd0e-2b43-44da-ba5a-7fcf1b18b902" />
      <TestMethod codeBase="D:\actions-runner\_work\XPCO\XPCO\SC\Components\RemoteViewer\SmartClient\tst\zSmartClient_UnitTest\bin\x64\Debug\net472\zSmartClient_UnitTest.dll" adapterTypeName="executor://mstestadapter/v2" className="SmartClient_UnitTest.VideoOS.RemoteClient.Plugin.Map.WPFObjects.PtzInfoViewModelUnitTest" name="PtzInfoViewModel_PtzReservedByAnonymousOwnUserTest" />
    </UnitTest>
    <UnitTest name="Compare_NullVsNotNullDescending_LessThan" storage="d:\actions-runner\_work\xpco\xpco\sc\components\remoteviewer\smartclient\tst\zsmartclient_unittest\bin\x64\debug\net472\zsmartclient_unittest.dll" id="4e201780-8be5-36cf-a6cd-fc75ae04350d">
      <TestCategory>
        <TestCategoryItem TestCategory="SearchComparers" />
      </TestCategory>
      <Execution id="d744a412-7b21-443a-bd04-bb39275aed91" />
      <TestMethod codeBase="D:\actions-runner\_work\XPCO\XPCO\SC\Components\RemoteViewer\SmartClient\tst\zSmartClient_UnitTest\bin\x64\Debug\net472\zSmartClient_UnitTest.dll" adapterTypeName="executor://mstestadapter/v2" className="SmartClient_UnitTest.VideoOS.RemoteClient.Plugin.CentralizedSearch.Models.Wrappers.Comparers.TriggerTimeComparerTests" name="Compare_NullVsNotNullDescending_LessThan" />
    </UnitTest>
    <UnitTest name="ToSafeName_DifferentSeperator_Success" storage="d:\actions-runner\_work\xpco\xpco\sc\components\remoteviewer\smartclient\tst\zsmartclient_unittest\bin\x64\debug\net472\zsmartclient_unittest.dll" id="0de77785-462a-9bb1-5b6c-6230796bd88d">
      <Execution id="8fffa929-841a-476b-9aaf-286002d304b2" />
      <TestMethod codeBase="D:\actions-runner\_work\XPCO\XPCO\SC\Components\RemoteViewer\SmartClient\tst\zSmartClient_UnitTest\bin\x64\Debug\net472\zSmartClient_UnitTest.dll" adapterTypeName="executor://mstestadapter/v2" className="SmartClient_UnitTest.VideoOS.RemoteClient.Application.Common.Scripting.ReservedJavascriptKeywordsTests" name="ToSafeName_DifferentSeperator_Success" />
    </UnitTest>
    <UnitTest name="SearchResultsActionBarActions_AddBookmark_BookmarkAgentAdded_SingleResult_CreateBookmarkInvoked" storage="d:\actions-runner\_work\xpco\xpco\sc\components\remoteviewer\smartclient\tst\zsmartclient_unittest\bin\x64\debug\net472\zsmartclient_unittest.dll" id="ee49bb23-cebf-abdf-0b3d-a9f5e1a1dc4f">
      <TestCategory>
        <TestCategoryItem TestCategory="SearchResultActionBarViewModel" />
      </TestCategory>
      <Execution id="79ad972f-a82f-42d5-8d11-026d2ed2e6a3" />
      <TestMethod codeBase="D:\actions-runner\_work\XPCO\XPCO\SC\Components\RemoteViewer\SmartClient\tst\zSmartClient_UnitTest\bin\x64\Debug\net472\zSmartClient_UnitTest.dll" adapterTypeName="executor://mstestadapter/v2" className="SmartClient_UnitTest.VideoOS.RemoteClient.Plugin.CentralizedSearch.ViewModels.SearchResultsActionBarViewModelTest" name="SearchResultsActionBarActions_AddBookmark_BookmarkAgentAdded_SingleResult_CreateBookmarkInvoked" />
    </UnitTest>
    <UnitTest name="HandleGetDeviceData_ShouldReturnNotFoundDeviceData_WhenNotSupportedKind" storage="d:\actions-runner\_work\xpco\xpco\sc\components\remoteviewer\smartclient\tst\zsmartclient_unittest\bin\x64\debug\net472\zsmartclient_unittest.dll" id="64c5fa93-8c90-e61b-c74e-24c3a14c685e">
      <TestCategory>
        <TestCategoryItem TestCategory="GisMap.Handlers.Devices.MapItems" />
      </TestCategory>
      <Execution id="cff5b277-ff9f-4f2a-9cd4-c81c7816880c" />
      <TestMethod codeBase="D:\actions-runner\_work\XPCO\XPCO\SC\Components\RemoteViewer\SmartClient\tst\zSmartClient_UnitTest\bin\x64\Debug\net472\zSmartClient_UnitTest.dll" adapterTypeName="executor://mstestadapter/v2" className="SmartClient_UnitTest.VideoOS.RemoteClient.Plugin.GisMap.Handlers.Devices.MapItems.CameraDataHandlerTests" name="HandleGetDeviceData_ShouldReturnNotFoundDeviceData_WhenNotSupportedKind" />
    </UnitTest>
    <UnitTest name="GetSearchTemplateAsync_ThrowException_Success" storage="d:\actions-runner\_work\xpco\xpco\sc\components\remoteviewer\smartclient\tst\zsmartclient_unittest\bin\x64\debug\net472\zsmartclient_unittest.dll" id="21a232b1-83c0-dfe7-7779-e914867076f2">
      <TestCategory>
        <TestCategoryItem TestCategory="SearchTemplatesService" />
      </TestCategory>
      <Execution id="eff92666-7591-47c9-972d-f4a35307d7e9" />
      <TestMethod codeBase="D:\actions-runner\_work\XPCO\XPCO\SC\Components\RemoteViewer\SmartClient\tst\zSmartClient_UnitTest\bin\x64\Debug\net472\zSmartClient_UnitTest.dll" adapterTypeName="executor://mstestadapter/v2" className="SmartClient_UnitTest.VideoOS.RemoteClient.Plugin.CentralizedSearch.SearchTemplates.Service.SearchTemplateServiceTests" name="GetSearchTemplateAsync_ThrowException_Success" />
    </UnitTest>
    <UnitTest name="TestForAssemblyCoverage" storage="d:\actions-runner\_work\xpco\xpco\sc\components\remoteviewer\smartclient\tst\zsmartclient_unittest\bin\x64\debug\net472\zsmartclient_unittest.dll" id="7df9b500-6856-6e35-de99-08c43bb682f1">
      <Execution id="cb5abeba-c570-4cb0-8edb-c2e27744c3ec" />
      <TestMethod codeBase="D:\actions-runner\_work\XPCO\XPCO\SC\Components\RemoteViewer\SmartClient\tst\zSmartClient_UnitTest\bin\x64\Debug\net472\zSmartClient_UnitTest.dll" adapterTypeName="executor://mstestadapter/v2" className="SmartClient_UnitTest.VideoOS.RemoteClient.Plugin.KeyboardSupport.UnitTest1" name="TestForAssemblyCoverage" />
    </UnitTest>
    <UnitTest name="ZoomOut_MapNotSet_DoesNotCrash" storage="d:\actions-runner\_work\xpco\xpco\sc\components\remoteviewer\smartclient\tst\zsmartclient_unittest\bin\x64\debug\net472\zsmartclient_unittest.dll" id="f5cd0ea9-70e1-1cbd-01d3-fa2672fe0616">
      <Execution id="56b8b88b-cb89-46ce-8f5e-a7db98e1ebc5" />
      <TestMethod codeBase="D:\actions-runner\_work\XPCO\XPCO\SC\Components\RemoteViewer\SmartClient\tst\zSmartClient_UnitTest\bin\x64\Debug\net472\zSmartClient_UnitTest.dll" adapterTypeName="executor://mstestadapter/v2" className="SmartClient_UnitTest.VideoOS.RemoteClient.Plugin.GisMap.ThinkGeoMap.DefaultZoomHandlerTests" name="ZoomOut_MapNotSet_DoesNotCrash" />
    </UnitTest>
    <UnitTest name="Ctor_ShouldAddNegotiateUserCredentialsToCache_WhenServerAuthenticationIsNotSimple" storage="d:\actions-runner\_work\xpco\xpco\sc\components\remoteviewer\smartclient\tst\zsmartclient_unittest\bin\x64\debug\net472\zsmartclient_unittest.dll" id="e2e868a3-fc1a-6808-398b-537acaa38f26">
      <TestCategory>
        <TestCategoryItem TestCategory="Authentication.ClientCredentials" />
      </TestCategory>
      <Execution id="3f690109-ff35-4fdc-b04c-00a701b4ab36" />
      <TestMethod codeBase="D:\actions-runner\_work\XPCO\XPCO\SC\Components\RemoteViewer\SmartClient\tst\zSmartClient_UnitTest\bin\x64\Debug\net472\zSmartClient_UnitTest.dll" adapterTypeName="executor://mstestadapter/v2" className="SmartClient_UnitTest.VideoOS.Shared.ServerAPI.ClientCredentialsTest" name="Ctor_ShouldAddNegotiateUserCredentialsToCache_WhenServerAuthenticationIsNotSimple" />
    </UnitTest>
    <UnitTest name="SelectedDuration_ShouldRevertToPreviousSelection_WhenCustomIntervalSelectionIsCancelled" storage="d:\actions-runner\_work\xpco\xpco\sc\components\remoteviewer\smartclient\tst\zsmartclient_unittest\bin\x64\debug\net472\zsmartclient_unittest.dll" id="91ccec24-6878-75d9-83f5-29ad2ed9f604">
      <TestCategory>
        <TestCategoryItem TestCategory="SearchViewModels" />
      </TestCategory>
      <Execution id="0705be48-0487-42a3-8041-a8c1db3088c1" />
      <TestMethod codeBase="D:\actions-runner\_work\XPCO\XPCO\SC\Components\RemoteViewer\SmartClient\tst\zSmartClient_UnitTest\bin\x64\Debug\net472\zSmartClient_UnitTest.dll" adapterTypeName="executor://mstestadapter/v2" className="SmartClient_UnitTest.VideoOS.RemoteClient.Plugin.CentralizedSearch.ViewModels.SearchViewModelTests" name="SelectedDuration_ShouldRevertToPreviousSelection_WhenCustomIntervalSelectionIsCancelled" />
    </UnitTest>
    <UnitTest name="SetLayerFeatures_ShouldRaiseArgumentException_WhenCameraKindAndNoneCameraLayerFeatures" storage="d:\actions-runner\_work\xpco\xpco\sc\components\remoteviewer\smartclient\tst\zsmartclient_unittest\bin\x64\debug\net472\zsmartclient_unittest.dll" id="43a12b2e-14a7-1d5f-4fc9-a448b6cf0edd">
      <TestCategory>
        <TestCategoryItem TestCategory="GisMapData.Controllers.LayerFeatures" />
      </TestCategory>
      <Execution id="e3db2ce0-fdf0-4806-bfd1-05ec1b23f513" />
      <TestMethod codeBase="D:\actions-runner\_work\XPCO\XPCO\SC\Components\RemoteViewer\SmartClient\tst\zSmartClient_UnitTest\bin\x64\Debug\net472\zSmartClient_UnitTest.dll" adapterTypeName="executor://mstestadapter/v2" className="SmartClient_UnitTest.VideoOS.RemoteClient.GisMapData.Controllers.LayerFeatures.LayerFeaturesControllerTests" name="SetLayerFeatures_ShouldRaiseArgumentException_WhenCameraKindAndNoneCameraLayerFeatures" />
    </UnitTest>
    <UnitTest name="GetClusters_ShouldNotIncludeItemFromBuildingIntoSuperClusterOutsideBuilding_WhenBuildingIsRendered" storage="d:\actions-runner\_work\xpco\xpco\sc\components\remoteviewer\smartclient\tst\zsmartclient_unittest\bin\x64\debug\net472\zsmartclient_unittest.dll" id="709c7513-9237-87e3-38c3-aa85300198a4">
      <TestCategory>
        <TestCategoryItem TestCategory="GisMapIndex.SuperClusters" />
      </TestCategory>
      <Execution id="c3f003e3-ae80-4a35-bee3-1eb79caeb421" />
      <TestMethod codeBase="D:\actions-runner\_work\XPCO\XPCO\SC\Components\RemoteViewer\SmartClient\tst\zSmartClient_UnitTest\bin\x64\Debug\net472\zSmartClient_UnitTest.dll" adapterTypeName="executor://mstestadapter/v2" className="SmartClient_UnitTest.VideoOS.RemoteClient.GisMapData.Common.Indexer.BuildingsAwareIndexerTests_SuperCluster" name="GetClusters_ShouldNotIncludeItemFromBuildingIntoSuperClusterOutsideBuilding_WhenBuildingIsRendered" />
    </UnitTest>
    <UnitTest name="BookmarkSearchTime_WithSearchStringInDifferentCases_ReturnCorrectBookmarkWithSearchStringInHeader (SeArChStRiNg,True,True,False,True,,,1)" storage="d:\actions-runner\_work\xpco\xpco\sc\components\remoteviewer\smartclient\tst\zsmartclient_unittest\bin\x64\debug\net472\zsmartclient_unittest.dll" id="758ded00-253a-01de-65f8-b4892f2d016b">
      <Execution id="f592e836-4fcd-4971-8eae-4ea48a020994" />
      <TestMethod codeBase="D:\actions-runner\_work\XPCO\XPCO\SC\Components\RemoteViewer\SmartClient\tst\zSmartClient_UnitTest\bin\x64\Debug\net472\zSmartClient_UnitTest.dll" adapterTypeName="executor://mstestadapter/v2" className="SmartClient_UnitTest.VideoOS.RemoteClient.Application.Data.Offline.UnitTest.BookmarkExportReaderTest" name="BookmarkSearchTime_WithSearchStringInDifferentCases_ReturnCorrectBookmarkWithSearchStringInHeader" />
    </UnitTest>
    <UnitTest name="PopulateTooltip_SingleResultsFromSingleCamera12Hours_ValidText" storage="d:\actions-runner\_work\xpco\xpco\sc\components\remoteviewer\smartclient\tst\zsmartclient_unittest\bin\x64\debug\net472\zsmartclient_unittest.dll" id="207c734e-48ea-b6e3-83cc-3b0a65265019">
      <TestCategory>
        <TestCategoryItem TestCategory="SearchControls" />
      </TestCategory>
      <Execution id="38bcdd9d-f743-442e-b5a7-5dcbc026e4b7" />
      <TestMethod codeBase="D:\actions-runner\_work\XPCO\XPCO\SC\Components\RemoteViewer\SmartClient\tst\zSmartClient_UnitTest\bin\x64\Debug\net472\zSmartClient_UnitTest.dll" adapterTypeName="executor://mstestadapter/v2" className="SmartClient_UnitTest.VideoOS.RemoteClient.Plugin.CentralizedSearch.Views.Controls.TimelineRuler.TimelineRulerControlTests" name="PopulateTooltip_SingleResultsFromSingleCamera12Hours_ValidText" />
    </UnitTest>
    <UnitTest name="SearchResultsActionBarActions_MipActionDoesSupportsSelectedSearchResult_ActionDisabled" storage="d:\actions-runner\_work\xpco\xpco\sc\components\remoteviewer\smartclient\tst\zsmartclient_unittest\bin\x64\debug\net472\zsmartclient_unittest.dll" id="ae7f298e-edeb-46f5-3d43-4270f80b5ca8">
      <TestCategory>
        <TestCategoryItem TestCategory="SearchResultActionBarViewModel" />
      </TestCategory>
      <Execution id="2dee803b-f085-4305-960f-17e5e3efe1ac" />
      <TestMethod codeBase="D:\actions-runner\_work\XPCO\XPCO\SC\Components\RemoteViewer\SmartClient\tst\zSmartClient_UnitTest\bin\x64\Debug\net472\zSmartClient_UnitTest.dll" adapterTypeName="executor://mstestadapter/v2" className="SmartClient_UnitTest.VideoOS.RemoteClient.Plugin.CentralizedSearch.ViewModels.SearchResultsActionBarViewModelTest" name="SearchResultsActionBarActions_MipActionDoesSupportsSelectedSearchResult_ActionDisabled" />
    </UnitTest>
    <UnitTest name="PtzInfoViewModel_PtzCotrolledByPatrollingTest" storage="d:\actions-runner\_work\xpco\xpco\sc\components\remoteviewer\smartclient\tst\zsmartclient_unittest\bin\x64\debug\net472\zsmartclient_unittest.dll" id="ed8ce939-1ecb-5339-ef24-908cae52144a">
      <Execution id="dca48d5a-08bd-4022-92b4-8dafd48c129a" />
      <TestMethod codeBase="D:\actions-runner\_work\XPCO\XPCO\SC\Components\RemoteViewer\SmartClient\tst\zSmartClient_UnitTest\bin\x64\Debug\net472\zSmartClient_UnitTest.dll" adapterTypeName="executor://mstestadapter/v2" className="SmartClient_UnitTest.VideoOS.RemoteClient.Plugin.Map.WPFObjects.PtzInfoViewModelUnitTest" name="PtzInfoViewModel_PtzCotrolledByPatrollingTest" />
    </UnitTest>
    <UnitTest name="BoundingBoxInvalidData" storage="d:\actions-runner\_work\xpco\xpco\sc\components\remoteviewer\smartclient\tst\zsmartclient_unittest\bin\x64\debug\net472\zsmartclient_unittest.dll" id="55521edb-a4b7-bc99-96a2-4a68c93fc884">
      <Execution id="3f0aee92-1b3d-45d0-955b-0e9cacf2aa91" />
      <TestMethod codeBase="D:\actions-runner\_work\XPCO\XPCO\SC\Components\RemoteViewer\SmartClient\tst\zSmartClient_UnitTest\bin\x64\Debug\net472\zSmartClient_UnitTest.dll" adapterTypeName="executor://mstestadapter/v2" className="SmartClient_UnitTest.VideoOS.RemoteClient.Application.Data.Metadata.BoundingBoxes.BoundingBoxProviderTest" name="BoundingBoxInvalidData" />
    </UnitTest>
    <UnitTest name="GetOsmServerAddress_ShouldReturnAlternativeServerValue_WhenGeographicLayerIsNullAndAlternativeServerHasValidUrl" storage="d:\actions-runner\_work\xpco\xpco\sc\components\remoteviewer\smartclient\tst\zsmartclient_unittest\bin\x64\debug\net472\zsmartclient_unittest.dll" id="63f12d9f-b048-76b8-264d-b989df0bfbca">
      <TestCategory>
        <TestCategoryItem TestCategory="GisMapData.Controllers.Osm" />
      </TestCategory>
      <Execution id="e31aec2c-b543-4169-928e-5912a826e96b" />
      <TestMethod codeBase="D:\actions-runner\_work\XPCO\XPCO\SC\Components\RemoteViewer\SmartClient\tst\zSmartClient_UnitTest\bin\x64\Debug\net472\zSmartClient_UnitTest.dll" adapterTypeName="executor://mstestadapter/v2" className="SmartClient_UnitTest.VideoOS.RemoteClient.GisMapData.Controllers.Osm.GisMapOsmControllerTests" name="GetOsmServerAddress_ShouldReturnAlternativeServerValue_WhenGeographicLayerIsNullAndAlternativeServerHasValidUrl" />
    </UnitTest>
    <UnitTest name="GetClusters_ShouldSplitSuperClusterIntoSimpleClusters_WhenZoomingIn" storage="d:\actions-runner\_work\xpco\xpco\sc\components\remoteviewer\smartclient\tst\zsmartclient_unittest\bin\x64\debug\net472\zsmartclient_unittest.dll" id="611c2ae8-85c7-442b-a5ec-d38ddebdb9be">
      <TestCategory>
        <TestCategoryItem TestCategory="GisMapIndex.SuperClusters" />
      </TestCategory>
      <Execution id="be46993f-d30e-4be0-9c0a-a00b28029168" />
      <TestMethod codeBase="D:\actions-runner\_work\XPCO\XPCO\SC\Components\RemoteViewer\SmartClient\tst\zSmartClient_UnitTest\bin\x64\Debug\net472\zSmartClient_UnitTest.dll" adapterTypeName="executor://mstestadapter/v2" className="SmartClient_UnitTest.VideoOS.RemoteClient.GisMapData.Common.Indexer.MapItemIndexerTests_SuperClusters" name="GetClusters_ShouldSplitSuperClusterIntoSimpleClusters_WhenZoomingIn" />
    </UnitTest>
    <UnitTest name="OnLoaded_NullSmartMapControl_DoesNotCrash" storage="d:\actions-runner\_work\xpco\xpco\sc\components\remoteviewer\smartclient\tst\zsmartclient_unittest\bin\x64\debug\net472\zsmartclient_unittest.dll" id="e1ce66f6-03d2-e28b-bcfb-64c1c424a716">
      <TestCategory>
        <TestCategoryItem TestCategory="Search.SmartMapPreview" />
      </TestCategory>
      <Execution id="a1e138d6-e664-43ce-8d51-315a2a391a49" />
      <TestMethod codeBase="D:\actions-runner\_work\XPCO\XPCO\SC\Components\RemoteViewer\SmartClient\tst\zSmartClient_UnitTest\bin\x64\Debug\net472\zSmartClient_UnitTest.dll" adapterTypeName="executor://mstestadapter/v2" className="SmartClient_UnitTest.VideoOS.RemoteClient.Plugin.CentralizedSearch.Views.Controls.SmartMap.SmartMapPreviewTests" name="OnLoaded_NullSmartMapControl_DoesNotCrash" />
    </UnitTest>
    <UnitTest name="BuildMapOptions_ShouldHandleEnumOptionsCorrectly (GisMapOpenStreetMapGeographicLayer,Available,True)" storage="d:\actions-runner\_work\xpco\xpco\sc\components\remoteviewer\smartclient\tst\zsmartclient_unittest\bin\x64\debug\net472\zsmartclient_unittest.dll" id="57b504fd-2c7e-dcd2-d028-6f333f529539">
      <Execution id="0149768a-e15e-424b-9802-a0a517c85d1b" />
      <TestMethod codeBase="D:\actions-runner\_work\XPCO\XPCO\SC\Components\RemoteViewer\SmartClient\tst\zSmartClient_UnitTest\bin\x64\Debug\net472\zSmartClient_UnitTest.dll" adapterTypeName="executor://mstestadapter/v2" className="SmartClient_UnitTest.VideoOS.RemoteClient.Application.Common.Telemetry.TelemetryBuilderTests" name="BuildMapOptions_ShouldHandleEnumOptionsCorrectly" />
    </UnitTest>
    <UnitTest name="BookmarkSearchTime_WithSearchStringInDifferentCases_ReturnCorrectBookmarkWithSearchStringInHeader (SeArChStRiNg,True,False,False,True,,,1)" storage="d:\actions-runner\_work\xpco\xpco\sc\components\remoteviewer\smartclient\tst\zsmartclient_unittest\bin\x64\debug\net472\zsmartclient_unittest.dll" id="e072681a-a667-cb13-263c-17284bfd2cca">
      <Execution id="18b9ad9d-15df-48e9-b554-a1a363f45b6a" />
      <TestMethod codeBase="D:\actions-runner\_work\XPCO\XPCO\SC\Components\RemoteViewer\SmartClient\tst\zSmartClient_UnitTest\bin\x64\Debug\net472\zSmartClient_UnitTest.dll" adapterTypeName="executor://mstestadapter/v2" className="SmartClient_UnitTest.VideoOS.RemoteClient.Application.Data.Offline.UnitTest.BookmarkExportReaderTest" name="BookmarkSearchTime_WithSearchStringInDifferentCases_ReturnCorrectBookmarkWithSearchStringInHeader" />
    </UnitTest>
    <UnitTest name="BookmarkSearchTime_WithSearchStringInDifferentCases_ReturnCorrectBookmarkWithSearchStringInDescription (,False,True,False,False,,SeArChStRiNg,1)" storage="d:\actions-runner\_work\xpco\xpco\sc\components\remoteviewer\smartclient\tst\zsmartclient_unittest\bin\x64\debug\net472\zsmartclient_unittest.dll" id="2b46e357-2d79-f0cc-72d8-c56a288a4a1d">
      <Execution id="f5e07bfc-cb11-451f-959b-ea7a195dfcb3" />
      <TestMethod codeBase="D:\actions-runner\_work\XPCO\XPCO\SC\Components\RemoteViewer\SmartClient\tst\zSmartClient_UnitTest\bin\x64\Debug\net472\zSmartClient_UnitTest.dll" adapterTypeName="executor://mstestadapter/v2" className="SmartClient_UnitTest.VideoOS.RemoteClient.Application.Data.Offline.UnitTest.BookmarkExportReaderTest" name="BookmarkSearchTime_WithSearchStringInDifferentCases_ReturnCorrectBookmarkWithSearchStringInDescription" />
    </UnitTest>
    <UnitTest name="Decorate_ShouldAttachWindowMouseDownEvent_WhenDecorateIsCalled" storage="d:\actions-runner\_work\xpco\xpco\sc\components\remoteviewer\smartclient\tst\zsmartclient_unittest\bin\x64\debug\net472\zsmartclient_unittest.dll" id="c3476bd9-ab82-3913-af01-2849b9aa1d17">
      <TestCategory>
        <TestCategoryItem TestCategory="GisMap.WindowsBases" />
      </TestCategory>
      <Execution id="c6159ecc-0efa-4bc3-a166-1fe7259f6236" />
      <TestMethod codeBase="D:\actions-runner\_work\XPCO\XPCO\SC\Components\RemoteViewer\SmartClient\tst\zSmartClient_UnitTest\bin\x64\Debug\net472\zSmartClient_UnitTest.dll" adapterTypeName="executor://mstestadapter/v2" className="SmartClient_UnitTest.VideoOS.RemoteClient.Plugin.GisMap.Windows.Bases.DragWindowDecoratorTests" name="Decorate_ShouldAttachWindowMouseDownEvent_WhenDecorateIsCalled" />
    </UnitTest>
    <UnitTest name="BoundingBoxLiveStartNoPlaybackHandler" storage="d:\actions-runner\_work\xpco\xpco\sc\components\remoteviewer\smartclient\tst\zsmartclient_unittest\bin\x64\debug\net472\zsmartclient_unittest.dll" id="736d5841-1c67-3c66-a8df-caf0433686aa">
      <Execution id="7a640405-31ee-429d-8f38-0706a085118d" />
      <TestMethod codeBase="D:\actions-runner\_work\XPCO\XPCO\SC\Components\RemoteViewer\SmartClient\tst\zSmartClient_UnitTest\bin\x64\Debug\net472\zSmartClient_UnitTest.dll" adapterTypeName="executor://mstestadapter/v2" className="SmartClient_UnitTest.VideoOS.RemoteClient.Application.Data.Metadata.BoundingBoxes.BoundingBoxProviderTest" name="BoundingBoxLiveStartNoPlaybackHandler" />
    </UnitTest>
    <UnitTest name="JPEGDataDto_ShouldYieldSameValues_WhenRoundTripConverted" storage="d:\actions-runner\_work\xpco\xpco\sc\components\remoteviewer\smartclient\tst\zsmartclient_unittest\bin\x64\debug\net472\zsmartclient_unittest.dll" id="b3439aa9-ae3f-b685-1de2-36964f947d35">
      <TestCategory>
        <TestCategoryItem TestCategory="RecorderProxyToDtoMapping" />
      </TestCategory>
      <Execution id="3e9cacbb-34e9-4fe7-8990-d3adeecb1abf" />
      <TestMethod codeBase="D:\actions-runner\_work\XPCO\XPCO\SC\Components\RemoteViewer\SmartClient\tst\zSmartClient_UnitTest\bin\x64\Debug\net472\zSmartClient_UnitTest.dll" adapterTypeName="executor://mstestadapter/v2" className="VideoOS.Shared.ServerAPI.SOAP.RecorderClientMappingTests" name="JPEGDataDto_ShouldYieldSameValues_WhenRoundTripConverted" />
    </UnitTest>
    <UnitTest name="RemoveItems_SingleMapItem_OneClusterChange" storage="d:\actions-runner\_work\xpco\xpco\sc\components\remoteviewer\smartclient\tst\zsmartclient_unittest\bin\x64\debug\net472\zsmartclient_unittest.dll" id="ea3dc3ca-b9db-c951-f087-38b03fc1d7df">
      <TestCategory>
        <TestCategoryItem TestCategory="GisMapIndex" />
      </TestCategory>
      <Execution id="68ce675f-34b3-49a5-8350-c3c57aaf5859" />
      <TestMethod codeBase="D:\actions-runner\_work\XPCO\XPCO\SC\Components\RemoteViewer\SmartClient\tst\zSmartClient_UnitTest\bin\x64\Debug\net472\zSmartClient_UnitTest.dll" adapterTypeName="executor://mstestadapter/v2" className="SmartClient_UnitTest.VideoOS.RemoteClient.GisMapData.Common.Indexer.MapItemIndexerTests" name="RemoveItems_SingleMapItem_OneClusterChange" />
    </UnitTest>
    <UnitTest name="GetSnapshots_UnknownErrorWhileRetrievingImage_Failure" storage="d:\actions-runner\_work\xpco\xpco\sc\components\remoteviewer\smartclient\tst\zsmartclient_unittest\bin\x64\debug\net472\zsmartclient_unittest.dll" id="e0397ba9-9217-2c04-c95a-ff9b50a208f5">
      <TestCategory>
        <TestCategoryItem TestCategory="Search" />
      </TestCategory>
      <Execution id="55caa678-6b1c-4083-b813-35133dfadd9f" />
      <TestMethod codeBase="D:\actions-runner\_work\XPCO\XPCO\SC\Components\RemoteViewer\SmartClient\tst\zSmartClient_UnitTest\bin\x64\Debug\net472\zSmartClient_UnitTest.dll" adapterTypeName="executor://mstestadapter/v2" className="SmartClient_UnitTest.VideoOS.RemoteClient.Plugin.CentralizedSearch.ViewModels.Data.SnapshotHandlerTests" name="GetSnapshots_UnknownErrorWhileRetrievingImage_Failure" />
    </UnitTest>
    <UnitTest name="PatrollingStepViewModel_WaitTime" storage="d:\actions-runner\_work\xpco\xpco\sc\components\remoteviewer\smartclient\tst\zsmartclient_unittest\bin\x64\debug\net472\zsmartclient_unittest.dll" id="f41a40ab-384f-e635-88d2-0deb0549b00c">
      <Execution id="70b1d5c4-1d29-4eba-a093-9b9f82d83ae5" />
      <TestMethod codeBase="D:\actions-runner\_work\XPCO\XPCO\SC\Components\RemoteViewer\SmartClient\tst\zSmartClient_UnitTest\bin\x64\Debug\net472\zSmartClient_UnitTest.dll" adapterTypeName="executor://mstestadapter/v2" className="SmartClient_UnitTest.VideoOS.RemoteClient.Application.UI.PtzPreset.PatrollingViewModel.PatrollingStepViewModelTest" name="PatrollingStepViewModel_WaitTime" />
    </UnitTest>
    <UnitTest name="PtzInfoViewModel_PtzReservedByCurrentUserTest" storage="d:\actions-runner\_work\xpco\xpco\sc\components\remoteviewer\smartclient\tst\zsmartclient_unittest\bin\x64\debug\net472\zsmartclient_unittest.dll" id="15256628-10ab-395d-cdc0-982196f2d384">
      <Execution id="ccea364c-8805-45ff-8b66-0a3f673499ca" />
      <TestMethod codeBase="D:\actions-runner\_work\XPCO\XPCO\SC\Components\RemoteViewer\SmartClient\tst\zSmartClient_UnitTest\bin\x64\Debug\net472\zSmartClient_UnitTest.dll" adapterTypeName="executor://mstestadapter/v2" className="SmartClient_UnitTest.VideoOS.RemoteClient.Plugin.Map.WPFObjects.PtzInfoViewModelUnitTest" name="PtzInfoViewModel_PtzReservedByCurrentUserTest" />
    </UnitTest>
    <UnitTest name="ConnectSlave_FailToConnectAndDoNotAllowgSecureConnection_ShouldThrowException" storage="d:\actions-runner\_work\xpco\xpco\sc\components\remoteviewer\smartclient\tst\zsmartclient_unittest\bin\x64\debug\net472\zsmartclient_unittest.dll" id="05aeaa8c-7d80-f9e7-54a6-810812bf76ac">
      <Execution id="52b5ec95-6074-41a2-99ef-851a3d8cb7c6" />
      <TestMethod codeBase="D:\actions-runner\_work\XPCO\XPCO\SC\Components\RemoteViewer\SmartClient\tst\zSmartClient_UnitTest\bin\x64\Debug\net472\zSmartClient_UnitTest.dll" adapterTypeName="executor://mstestadapter/v2" className="VideoOS.Shared.ServerAPI.VMOViewerClientFacade.UnitTest.VMOViewerClientFacadeTests" name="ConnectSlave_FailToConnectAndDoNotAllowgSecureConnection_ShouldThrowException" />
    </UnitTest>
    <UnitTest name="PointMapItem_Load_Microphone_Success" storage="d:\actions-runner\_work\xpco\xpco\sc\components\remoteviewer\smartclient\tst\zsmartclient_unittest\bin\x64\debug\net472\zsmartclient_unittest.dll" id="6cd2234b-585d-b823-54fb-25eb6199902f">
      <TestCategory>
        <TestCategoryItem TestCategory="GisMapData.MapItem.Microphones" />
      </TestCategory>
      <Execution id="736aead1-9a95-46d6-a22a-9675a1733661" />
      <TestMethod codeBase="D:\actions-runner\_work\XPCO\XPCO\SC\Components\RemoteViewer\SmartClient\tst\zSmartClient_UnitTest\bin\x64\Debug\net472\zSmartClient_UnitTest.dll" adapterTypeName="executor://mstestadapter/v2" className="SmartClient_UnitTest.VideoOS.RemoteClient.GisMapData.MapItem.Microphones.MicrophoneMapItemTests" name="PointMapItem_Load_Microphone_Success" />
    </UnitTest>
    <UnitTest name="IconTooltip_ShouldBeValid_WhenInteractionStateIsAddInput" storage="d:\actions-runner\_work\xpco\xpco\sc\components\remoteviewer\smartclient\tst\zsmartclient_unittest\bin\x64\debug\net472\zsmartclient_unittest.dll" id="d84399e7-2094-11f2-58a1-ad3cf8b39c94">
      <TestCategory>
        <TestCategoryItem TestCategory="GisMap.UI.DeviceSelectors.PanelComponents" />
      </TestCategory>
      <Execution id="4227db10-b7f0-47c9-80b0-e3cf3091b23e" />
      <TestMethod codeBase="D:\actions-runner\_work\XPCO\XPCO\SC\Components\RemoteViewer\SmartClient\tst\zSmartClient_UnitTest\bin\x64\Debug\net472\zSmartClient_UnitTest.dll" adapterTypeName="executor://mstestadapter/v2" className="SmartClient_UnitTest.VideoOS.RemoteClient.Plugin.GisMap.UI.DeviceSelectors.PanelComponents.DeviceSelectorPanelComponentTests" name="IconTooltip_ShouldBeValid_WhenInteractionStateIsAddInput" />
    </UnitTest>
    <UnitTest name="GetGuidProviderStrategyByEventServerId_ShouldRaiseArgumentOutOfRangeException_WhenEventServerIdsHasNotBeenInjectedAtTheConstructor" storage="d:\actions-runner\_work\xpco\xpco\sc\components\remoteviewer\smartclient\tst\zsmartclient_unittest\bin\x64\debug\net472\zsmartclient_unittest.dll" id="194c53c7-91a0-a39c-19f4-75d99e8bf5f1">
      <TestCategory>
        <TestCategoryItem TestCategory="AccessControl.Services" />
      </TestCategory>
      <Execution id="3dbf1797-6c13-411d-a388-31a35b9fa4a0" />
      <TestMethod codeBase="D:\actions-runner\_work\XPCO\XPCO\SC\Components\RemoteViewer\SmartClient\tst\zSmartClient_UnitTest\bin\x64\Debug\net472\zSmartClient_UnitTest.dll" adapterTypeName="executor://mstestadapter/v2" className="SmartClient_UnitTest.VideoOS.RemoteClient.AccessControl.Services.AccessControlGuidProviderTests" name="GetGuidProviderStrategyByEventServerId_ShouldRaiseArgumentOutOfRangeException_WhenEventServerIdsHasNotBeenInjectedAtTheConstructor" />
    </UnitTest>
    <UnitTest name="DeleteDefaultLevel_Success" storage="d:\actions-runner\_work\xpco\xpco\sc\components\remoteviewer\smartclient\tst\zsmartclient_unittest\bin\x64\debug\net472\zsmartclient_unittest.dll" id="5ffa61d1-ba0a-5c24-5f29-257815c65d94">
      <TestCategory>
        <TestCategoryItem TestCategory="GisMapBuilding" />
      </TestCategory>
      <Execution id="9d1e1c1c-f68b-4e93-8c81-176d078958f4" />
      <TestMethod codeBase="D:\actions-runner\_work\XPCO\XPCO\SC\Components\RemoteViewer\SmartClient\tst\zSmartClient_UnitTest\bin\x64\Debug\net472\zSmartClient_UnitTest.dll" adapterTypeName="executor://mstestadapter/v2" className="SmartClient_UnitTest.VideoOS.RemoteClient.GisMap.MapBuildingTests" name="DeleteDefaultLevel_Success" />
    </UnitTest>
    <UnitTest name="ResolveGenericResultProperties_ShouldAppendNumberOnDuplicateTitles_WhenGivenCombinedSearchResultsWithDuplicateTitles" storage="d:\actions-runner\_work\xpco\xpco\sc\components\remoteviewer\smartclient\tst\zsmartclient_unittest\bin\x64\debug\net472\zsmartclient_unittest.dll" id="e6354ff1-9ff3-d19c-6313-930a0e558467">
      <TestCategory>
        <TestCategoryItem TestCategory="Search" />
      </TestCategory>
      <Execution id="241d2bfd-ce0a-41b1-9448-05566eb98a90" />
      <TestMethod codeBase="D:\actions-runner\_work\XPCO\XPCO\SC\Components\RemoteViewer\SmartClient\tst\zSmartClient_UnitTest\bin\x64\Debug\net472\zSmartClient_UnitTest.dll" adapterTypeName="executor://mstestadapter/v2" className="SmartClient_UnitTest.VideoOS.RemoteClient.Plugin.CentralizedSearch.Utils.SearchResultDataWrapperExtensionsTests" name="ResolveGenericResultProperties_ShouldAppendNumberOnDuplicateTitles_WhenGivenCombinedSearchResultsWithDuplicateTitles" />
    </UnitTest>
    <UnitTest name="ValueWithFallbackConverterTests_Convert_FirstValueNull_SecondValueNull_Failure" storage="d:\actions-runner\_work\xpco\xpco\sc\components\remoteviewer\smartclient\tst\zsmartclient_unittest\bin\x64\debug\net472\zsmartclient_unittest.dll" id="a3a279c4-f3f7-95fe-94ce-1de6e3205e7e">
      <TestCategory>
        <TestCategoryItem TestCategory="SearchConverter" />
      </TestCategory>
      <Execution id="ae31611d-2c25-46f2-9663-da96e42784cd" />
      <TestMethod codeBase="D:\actions-runner\_work\XPCO\XPCO\SC\Components\RemoteViewer\SmartClient\tst\zSmartClient_UnitTest\bin\x64\Debug\net472\zSmartClient_UnitTest.dll" adapterTypeName="executor://mstestadapter/v2" className="SmartClient_UnitTest.VideoOS.RemoteClient.Plugin.CentralizedSearch.Views.Converters.ValueWithFallbackConverterTests" name="ValueWithFallbackConverterTests_Convert_FirstValueNull_SecondValueNull_Failure" />
    </UnitTest>
    <UnitTest name="AddToExportDevices_ShouldReturnCorrectResult (5,0,0)" storage="d:\actions-runner\_work\xpco\xpco\sc\components\remoteviewer\smartclient\tst\zsmartclient_unittest\bin\x64\debug\net472\zsmartclient_unittest.dll" id="e7d7638f-db70-d29e-fb1f-5160e555e3cc">
      <TestCategory>
        <TestCategoryItem TestCategory="Managers" />
      </TestCategory>
      <Execution id="024f8a32-5450-4ba9-9e9d-3c963be1b1e7" />
      <TestMethod codeBase="D:\actions-runner\_work\XPCO\XPCO\SC\Components\RemoteViewer\SmartClient\tst\zSmartClient_UnitTest\bin\x64\Debug\net472\zSmartClient_UnitTest.dll" adapterTypeName="executor://mstestadapter/v2" className="SmartClient_UnitTest.VideoOS.RemoteClient.Application.Managers.ExportManagerTests" name="AddToExportDevices_ShouldReturnCorrectResult" />
    </UnitTest>
    <UnitTest name="PatrollingPresetViewModel_Constructor_ArgumentNull" storage="d:\actions-runner\_work\xpco\xpco\sc\components\remoteviewer\smartclient\tst\zsmartclient_unittest\bin\x64\debug\net472\zsmartclient_unittest.dll" id="84f87709-ca75-b015-fe61-63a08c2421fb">
      <Execution id="eea55e44-b714-4d63-a8a6-c29ec8308812" />
      <TestMethod codeBase="D:\actions-runner\_work\XPCO\XPCO\SC\Components\RemoteViewer\SmartClient\tst\zSmartClient_UnitTest\bin\x64\Debug\net472\zSmartClient_UnitTest.dll" adapterTypeName="executor://mstestadapter/v2" className="SmartClient_UnitTest.VideoOS.RemoteClient.Application.UI.PtzPreset.PatrollingViewModel.PatrollingPresetViewModelTest" name="PatrollingPresetViewModel_Constructor_ArgumentNull" />
    </UnitTest>
    <UnitTest name="RightButtonDown_SingleClick_DoesNotZoom" storage="d:\actions-runner\_work\xpco\xpco\sc\components\remoteviewer\smartclient\tst\zsmartclient_unittest\bin\x64\debug\net472\zsmartclient_unittest.dll" id="c41fdcd8-e2bb-ccbb-e17c-f63252358ede">
      <TestCategory>
        <TestCategoryItem TestCategory="GisMap.MapControl" />
      </TestCategory>
      <Execution id="c34029b2-40a6-43b9-a265-33648aa0729b" />
      <TestMethod codeBase="D:\actions-runner\_work\XPCO\XPCO\SC\Components\RemoteViewer\SmartClient\tst\zSmartClient_UnitTest\bin\x64\Debug\net472\zSmartClient_UnitTest.dll" adapterTypeName="executor://mstestadapter/v2" className="SmartClient_UnitTest.VideoOS.RemoteClient.Plugin.GisMap.ThinkGeoMap.ThinkGeoMapControlTests" name="RightButtonDown_SingleClick_DoesNotZoom" />
    </UnitTest>
    <UnitTest name="SmartSearchStatusType_ShouldYieldSameValuesForAllEnumValues_WhenRoundTripConverted (SearchInProgress,SearchInProgress)" storage="d:\actions-runner\_work\xpco\xpco\sc\components\remoteviewer\smartclient\tst\zsmartclient_unittest\bin\x64\debug\net472\zsmartclient_unittest.dll" id="96e8936d-0390-58bc-a96b-c2ae29467c1e">
      <TestCategory>
        <TestCategoryItem TestCategory="RecorderProxyToDtoMapping" />
      </TestCategory>
      <Execution id="30f05d74-321f-4520-a026-c0a2c0239162" />
      <TestMethod codeBase="D:\actions-runner\_work\XPCO\XPCO\SC\Components\RemoteViewer\SmartClient\tst\zSmartClient_UnitTest\bin\x64\Debug\net472\zSmartClient_UnitTest.dll" adapterTypeName="executor://mstestadapter/v2" className="VideoOS.Shared.ServerAPI.SOAP.RecorderClientMappingTests" name="SmartSearchStatusType_ShouldYieldSameValuesForAllEnumValues_WhenRoundTripConverted" />
    </UnitTest>
    <UnitTest name="FromByteArray_Success" storage="d:\actions-runner\_work\xpco\xpco\sc\components\remoteviewer\smartclient\tst\zsmartclient_unittest\bin\x64\debug\net472\zsmartclient_unittest.dll" id="d974494d-63ae-7806-8273-c958d7210490">
      <Execution id="9e275103-5c8f-4ae6-b921-74ab58b84667" />
      <TestMethod codeBase="D:\actions-runner\_work\XPCO\XPCO\SC\Components\RemoteViewer\SmartClient\tst\zSmartClient_UnitTest\bin\x64\Debug\net472\zSmartClient_UnitTest.dll" adapterTypeName="executor://mstestadapter/v2" className="SmartClient_UnitTest.VideoOS.RemoteClient.Application.Data.ContentTypes.ImageContentType.ImageUtilsTests" name="FromByteArray_Success" />
    </UnitTest>
    <UnitTest name="GetServers_ShouldReturnCorrectServerByTypesTest" storage="d:\actions-runner\_work\xpco\xpco\sc\components\remoteviewer\smartclient\tst\zsmartclient_unittest\bin\x64\debug\net472\zsmartclient_unittest.dll" id="86edbbe8-5149-0aa3-dcd3-1e89f5303917">
      <Execution id="00e4bfe0-b1f8-4e10-9f6d-adaf6a37a94d" />
      <TestMethod codeBase="D:\actions-runner\_work\XPCO\XPCO\SC\Components\RemoteViewer\SmartClient\tst\zSmartClient_UnitTest\bin\x64\Debug\net472\zSmartClient_UnitTest.dll" adapterTypeName="executor://mstestadapter/v2" className="SmartClient_UnitTest.VideoOS.RemoteClient.Application.Data.ContentTypes.ReportingContentType.DashboardDetailsProviderTest" name="GetServers_ShouldReturnCorrectServerByTypesTest" />
    </UnitTest>
    <UnitTest name="FilteredItems_FilterApplied_SubsetOfItemsVisible" storage="d:\actions-runner\_work\xpco\xpco\sc\components\remoteviewer\smartclient\tst\zsmartclient_unittest\bin\x64\debug\net472\zsmartclient_unittest.dll" id="ac3585d4-59ce-87ee-5312-f23049732097">
      <TestCategory>
        <TestCategoryItem TestCategory="Search" />
      </TestCategory>
      <Execution id="d639fcb4-a345-4598-afca-9e94d0870773" />
      <TestMethod codeBase="D:\actions-runner\_work\XPCO\XPCO\SC\Components\RemoteViewer\SmartClient\tst\zSmartClient_UnitTest\bin\x64\Debug\net472\zSmartClient_UnitTest.dll" adapterTypeName="executor://mstestadapter/v2" className="SmartClient_UnitTest.VideoOS.RemoteClient.Plugin.CentralizedSearch.MIPPlugin.Criteria.MultipleSelectionAttributeEditControlTest" name="FilteredItems_FilterApplied_SubsetOfItemsVisible" />
    </UnitTest>
    <UnitTest name="Execute_RemoveCommand_DialogResultReturnsTrue" storage="d:\actions-runner\_work\xpco\xpco\sc\components\remoteviewer\smartclient\tst\zsmartclient_unittest\bin\x64\debug\net472\zsmartclient_unittest.dll" id="12e3f3e5-87cc-94c2-7b91-aad929301ec9">
      <Execution id="4ac3a02c-d045-4f93-aa7f-5d03e244b06d" />
      <TestMethod codeBase="D:\actions-runner\_work\XPCO\XPCO\SC\Components\RemoteViewer\SmartClient\tst\zSmartClient_UnitTest\bin\x64\Debug\net472\zSmartClient_UnitTest.dll" adapterTypeName="executor://mstestadapter/v2" className="SmartClient_UnitTest.VideoOS.RemoteClient.Application.UI.Common.MessageBoxWithList.MessageBoxWithListViewModelTests" name="Execute_RemoveCommand_DialogResultReturnsTrue" />
    </UnitTest>
    <UnitTest name="TestUpdateState_NotIsLiveOrPlayback" storage="d:\actions-runner\_work\xpco\xpco\sc\components\remoteviewer\smartclient\tst\zsmartclient_unittest\bin\x64\debug\net472\zsmartclient_unittest.dll" id="84f93f59-fd44-afa7-32df-18fcfc62c68f">
      <TestCategory>
        <TestCategoryItem TestCategory="WorkspaceToolbar" />
      </TestCategory>
      <Execution id="dc03565e-3daf-4d7a-8ef7-a1d0a33ae6b6" />
      <TestMethod codeBase="D:\actions-runner\_work\XPCO\XPCO\SC\Components\RemoteViewer\SmartClient\tst\zSmartClient_UnitTest\bin\x64\Debug\net472\zSmartClient_UnitTest.dll" adapterTypeName="executor://mstestadapter/v2" className="SmartClient_UnitTest.VideoOS.RemoteClient.Application.Data.WorkspaceToolbar.WorkspaceToolbarItemSmartSearchTests" name="TestUpdateState_NotIsLiveOrPlayback" />
    </UnitTest>
    <UnitTest name="Init_NullStateAndManagerReturnsNullState_InitialStateCreatedFromScratch" storage="d:\actions-runner\_work\xpco\xpco\sc\components\remoteviewer\smartclient\tst\zsmartclient_unittest\bin\x64\debug\net472\zsmartclient_unittest.dll" id="2c3cc6dd-0ecc-2298-ce4a-d064661bf1a0">
      <TestCategory>
        <TestCategoryItem TestCategory="Search" />
      </TestCategory>
      <Execution id="da4112c9-71cc-41f4-95a6-f15b473a1483" />
      <TestMethod codeBase="D:\actions-runner\_work\XPCO\XPCO\SC\Components\RemoteViewer\SmartClient\tst\zSmartClient_UnitTest\bin\x64\Debug\net472\zSmartClient_UnitTest.dll" adapterTypeName="executor://mstestadapter/v2" className="SmartClient_UnitTest.VideoOS.RemoteClient.Plugin.CentralizedSearch.CentralizedSearchContentHolderTests" name="Init_NullStateAndManagerReturnsNullState_InitialStateCreatedFromScratch" />
    </UnitTest>
    <UnitTest name="Close_ViewIsDisposed" storage="d:\actions-runner\_work\xpco\xpco\sc\components\remoteviewer\smartclient\tst\zsmartclient_unittest\bin\x64\debug\net472\zsmartclient_unittest.dll" id="35fc3a4c-edd3-265e-4852-719b6a1e2df7">
      <TestCategory>
        <TestCategoryItem TestCategory="Export" />
      </TestCategory>
      <Execution id="2c60a4b1-8881-4e9e-9ffa-449134c67695" />
      <TestMethod codeBase="D:\actions-runner\_work\XPCO\XPCO\SC\Components\RemoteViewer\SmartClient\tst\zSmartClient_UnitTest\bin\x64\Debug\net472\zSmartClient_UnitTest.dll" adapterTypeName="executor://mstestadapter/v2" className="SmartClient_UnitTest.VideoOS.RemoteClient.Plugin.Export.ExportContentHolderTests" name="Close_ViewIsDisposed" />
    </UnitTest>
    <UnitTest name="Connect_WhenUriIsNull_ShouldThrowException" storage="d:\actions-runner\_work\xpco\xpco\sc\components\remoteviewer\smartclient\tst\zsmartclient_unittest\bin\x64\debug\net472\zsmartclient_unittest.dll" id="84735ce6-0802-6c3e-660b-0ce9dcdbafe2">
      <Execution id="aa08d697-6dea-4cbc-aa88-f5b5bc470bdb" />
      <TestMethod codeBase="D:\actions-runner\_work\XPCO\XPCO\SC\Components\RemoteViewer\SmartClient\tst\zSmartClient_UnitTest\bin\x64\Debug\net472\zSmartClient_UnitTest.dll" adapterTypeName="executor://mstestadapter/v2" className="VideoOS.Shared.ServerAPI.ServiceChannel.UnitTest.ServiceChannelCommandServiceTests" name="Connect_WhenUriIsNull_ShouldThrowException" />
    </UnitTest>
    <UnitTest name="TestConstructor_LongLat_Success" storage="d:\actions-runner\_work\xpco\xpco\sc\components\remoteviewer\smartclient\tst\zsmartclient_unittest\bin\x64\debug\net472\zsmartclient_unittest.dll" id="3f8e6f27-c942-75f1-d43c-4f4dbc2ed891">
      <Execution id="4abcf273-17a8-4a01-a4d4-02d47d1566e1" />
      <TestMethod codeBase="D:\actions-runner\_work\XPCO\XPCO\SC\Components\RemoteViewer\SmartClient\tst\zSmartClient_UnitTest\bin\x64\Debug\net472\zSmartClient_UnitTest.dll" adapterTypeName="executor://mstestadapter/v2" className="SmartClient_UnitTest.VideoOS.RemoteClient.GisMap.Common.MapPoint2DTest" name="TestConstructor_LongLat_Success" />
    </UnitTest>
    <UnitTest name="Compare_SameTriggerTimeDeterministicBehavior_Id_Success" storage="d:\actions-runner\_work\xpco\xpco\sc\components\remoteviewer\smartclient\tst\zsmartclient_unittest\bin\x64\debug\net472\zsmartclient_unittest.dll" id="f5d9ddfe-7809-e6c0-f589-d7f4a1e2a8af">
      <TestCategory>
        <TestCategoryItem TestCategory="SearchComparers" />
      </TestCategory>
      <Execution id="8500b080-b6fd-45c6-a2ed-85032c060a5c" />
      <TestMethod codeBase="D:\actions-runner\_work\XPCO\XPCO\SC\Components\RemoteViewer\SmartClient\tst\zSmartClient_UnitTest\bin\x64\Debug\net472\zSmartClient_UnitTest.dll" adapterTypeName="executor://mstestadapter/v2" className="SmartClient_UnitTest.VideoOS.RemoteClient.Plugin.CentralizedSearch.Models.Wrappers.Comparers.TriggerTimeComparerTests" name="Compare_SameTriggerTimeDeterministicBehavior_Id_Success" />
    </UnitTest>
    <UnitTest name="FocusedSearchResultChanged_MapControlDisposed_CallIgnored" storage="d:\actions-runner\_work\xpco\xpco\sc\components\remoteviewer\smartclient\tst\zsmartclient_unittest\bin\x64\debug\net472\zsmartclient_unittest.dll" id="135e5704-6a7d-41be-b6f0-09a10aa88b3e">
      <TestCategory>
        <TestCategoryItem TestCategory="Search.SmartMapPreview" />
      </TestCategory>
      <Execution id="66fdab7e-e8f4-49ea-8986-46f431bfb236" />
      <TestMethod codeBase="D:\actions-runner\_work\XPCO\XPCO\SC\Components\RemoteViewer\SmartClient\tst\zSmartClient_UnitTest\bin\x64\Debug\net472\zSmartClient_UnitTest.dll" adapterTypeName="executor://mstestadapter/v2" className="SmartClient_UnitTest.VideoOS.RemoteClient.Plugin.CentralizedSearch.Views.Controls.SmartMap.SmartMapPreviewTests" name="FocusedSearchResultChanged_MapControlDisposed_CallIgnored" />
    </UnitTest>
    <UnitTest name="SupportsDoubleClick_ShouldBeTrue_WhenInteractionStateIsNewDevice" storage="d:\actions-runner\_work\xpco\xpco\sc\components\remoteviewer\smartclient\tst\zsmartclient_unittest\bin\x64\debug\net472\zsmartclient_unittest.dll" id="5a499a63-0d2f-5e8b-f84d-d4c0ec13dea2">
      <TestCategory>
        <TestCategoryItem TestCategory="GisMap.InputMarkerTest" />
      </TestCategory>
      <Execution id="4b0cc65a-0dbe-4fad-a6ca-49881a19d5ac" />
      <TestMethod codeBase="D:\actions-runner\_work\XPCO\XPCO\SC\Components\RemoteViewer\SmartClient\tst\zSmartClient_UnitTest\bin\x64\Debug\net472\zSmartClient_UnitTest.dll" adapterTypeName="executor://mstestadapter/v2" className="SmartClient_UnitTest.VideoOS.RemoteClient.Plugin.GisMap.ThinkGeoMap.Markers.DeviceMarkers.InputMarker.InputMarkerTests" name="SupportsDoubleClick_ShouldBeTrue_WhenInteractionStateIsNewDevice" />
    </UnitTest>
    <UnitTest name="Execute_CancelCommand_DialogResultReturnsFalse" storage="d:\actions-runner\_work\xpco\xpco\sc\components\remoteviewer\smartclient\tst\zsmartclient_unittest\bin\x64\debug\net472\zsmartclient_unittest.dll" id="2690c66e-1a17-c167-c5a2-9a34963b7540">
      <Execution id="91166bb2-a706-4c39-95e6-554e901e415f" />
      <TestMethod codeBase="D:\actions-runner\_work\XPCO\XPCO\SC\Components\RemoteViewer\SmartClient\tst\zSmartClient_UnitTest\bin\x64\Debug\net472\zSmartClient_UnitTest.dll" adapterTypeName="executor://mstestadapter/v2" className="SmartClient_UnitTest.VideoOS.RemoteClient.Application.UI.Common.MessageBoxWithList.MessageBoxWithListViewModelTests" name="Execute_CancelCommand_DialogResultReturnsFalse" />
    </UnitTest>
    <UnitTest name="SelectTemplate_UseInDialogEdit_ReturnsInDialogTemplate" storage="d:\actions-runner\_work\xpco\xpco\sc\components\remoteviewer\smartclient\tst\zsmartclient_unittest\bin\x64\debug\net472\zsmartclient_unittest.dll" id="bddb2a40-1daa-d4bf-c455-d8a073e5d8cf">
      <TestCategory>
        <TestCategoryItem TestCategory="SearchViews" />
      </TestCategory>
      <Execution id="2f74cf12-e7a5-4b5b-b03b-b33180300ee8" />
      <TestMethod codeBase="D:\actions-runner\_work\XPCO\XPCO\SC\Components\RemoteViewer\SmartClient\tst\zSmartClient_UnitTest\bin\x64\Debug\net472\zSmartClient_UnitTest.dll" adapterTypeName="executor://mstestadapter/v2" className="SmartClient_UnitTest.VideoOS.RemoteClient.Plugin.CentralizedSearch.Views.AttributeEditControlTemplateSelectorTests" name="SelectTemplate_UseInDialogEdit_ReturnsInDialogTemplate" />
    </UnitTest>
    <UnitTest name="CreateReportAsync_ShouldNotHang_WhenReportNameIsTooLong" storage="d:\actions-runner\_work\xpco\xpco\sc\components\remoteviewer\smartclient\tst\zsmartclient_unittest\bin\x64\debug\net472\zsmartclient_unittest.dll" id="e46a3755-9d5c-ba11-e43a-121111b751e2">
      <TestCategory>
        <TestCategoryItem TestCategory="Search" />
      </TestCategory>
      <Execution id="7bf4113a-cf0c-485f-8697-b92072d47fbb" />
      <TestMethod codeBase="D:\actions-runner\_work\XPCO\XPCO\SC\Components\RemoteViewer\SmartClient\tst\zSmartClient_UnitTest\bin\x64\Debug\net472\zSmartClient_UnitTest.dll" adapterTypeName="executor://mstestadapter/v2" className="SmartClient_UnitTest.VideoOS.RemoteClient.Plugin.CentralizedSearch.ViewModels.Utility.SearchReportPrintFactoryTests" name="CreateReportAsync_ShouldNotHang_WhenReportNameIsTooLong" />
    </UnitTest>
    <UnitTest name="Ctor_NullArgs_ArgNullException" storage="d:\actions-runner\_work\xpco\xpco\sc\components\remoteviewer\smartclient\tst\zsmartclient_unittest\bin\x64\debug\net472\zsmartclient_unittest.dll" id="03a16989-cfc5-ab34-8c7c-ef90806b02a7">
      <TestCategory>
        <TestCategoryItem TestCategory="Search.Bookmarks" />
      </TestCategory>
      <Execution id="beb67608-096f-4abb-9afd-bb6897da2a77" />
      <TestMethod codeBase="D:\actions-runner\_work\XPCO\XPCO\SC\Components\RemoteViewer\SmartClient\tst\zSmartClient_UnitTest\bin\x64\Debug\net472\zSmartClient_UnitTest.dll" adapterTypeName="executor://mstestadapter/v2" className="SmartClient_UnitTest.VideoOS.RemoteClient.Plugin.CentralizedSearch.ViewModels.DeleteBookmarkHandlerTests" name="Ctor_NullArgs_ArgNullException" />
    </UnitTest>
    <UnitTest name="GetMapLayerArguments_ShouldReturnIGisMapModelAndAlarmsObservables_WhenCalled" storage="d:\actions-runner\_work\xpco\xpco\sc\components\remoteviewer\smartclient\tst\zsmartclient_unittest\bin\x64\debug\net472\zsmartclient_unittest.dll" id="fbe353e8-c445-3d4e-0596-dbc13a8e8e1e">
      <Execution id="1b25221f-03e6-426a-b9a1-6f7f296505bc" />
      <TestMethod codeBase="D:\actions-runner\_work\XPCO\XPCO\SC\Components\RemoteViewer\SmartClient\tst\zSmartClient_UnitTest\bin\x64\Debug\net472\zSmartClient_UnitTest.dll" adapterTypeName="executor://mstestadapter/v2" className="SmartClient_UnitTest.VideoOS.RemoteClient.GisMapData.Strategies.MapLayers.CameraMapLayerDatagramClassFactoryStrategyTests" name="GetMapLayerArguments_ShouldReturnIGisMapModelAndAlarmsObservables_WhenCalled" />
    </UnitTest>
    <UnitTest name="ResolveSearchDefinitions_ShouldReturnResultSearchDefinition_WhenSingleSearchResultAndSearchDefinitionsNotContainingCorrectSearchDefinitionsAreGiven" storage="d:\actions-runner\_work\xpco\xpco\sc\components\remoteviewer\smartclient\tst\zsmartclient_unittest\bin\x64\debug\net472\zsmartclient_unittest.dll" id="e36cf31f-4200-8205-4a12-8df912fdbdf1">
      <TestCategory>
        <TestCategoryItem TestCategory="Search" />
      </TestCategory>
      <Execution id="1dd155f0-5478-48bc-93ca-4113ba87506a" />
      <TestMethod codeBase="D:\actions-runner\_work\XPCO\XPCO\SC\Components\RemoteViewer\SmartClient\tst\zSmartClient_UnitTest\bin\x64\Debug\net472\zSmartClient_UnitTest.dll" adapterTypeName="executor://mstestadapter/v2" className="SmartClient_UnitTest.VideoOS.RemoteClient.Plugin.CentralizedSearch.Utils.SearchResultDataWrapperExtensionsTests" name="ResolveSearchDefinitions_ShouldReturnResultSearchDefinition_WhenSingleSearchResultAndSearchDefinitionsNotContainingCorrectSearchDefinitionsAreGiven" />
    </UnitTest>
    <UnitTest name="Serialize_ScopeDurationOnly_Success" storage="d:\actions-runner\_work\xpco\xpco\sc\components\remoteviewer\smartclient\tst\zsmartclient_unittest\bin\x64\debug\net472\zsmartclient_unittest.dll" id="4a1a2788-2d06-5b60-601c-3b966d1658c3">
      <TestCategory>
        <TestCategoryItem TestCategory="SearchSerialization" />
      </TestCategory>
      <Execution id="8eae104b-8c52-488d-bfe2-cf5145385e5c" />
      <TestMethod codeBase="D:\actions-runner\_work\XPCO\XPCO\SC\Components\RemoteViewer\SmartClient\tst\zSmartClient_UnitTest\bin\x64\Debug\net472\zSmartClient_UnitTest.dll" adapterTypeName="executor://mstestadapter/v2" className="SmartClient_UnitTest.VideoOS.RemoteClient.Plugin.CentralizedSearch.Models.Serialization.SearchSerializerTests" name="Serialize_ScopeDurationOnly_Success" />
    </UnitTest>
    <UnitTest name="PtzSessionControllerInfo_ReservedChangedTest_Argument_Null_2" storage="d:\actions-runner\_work\xpco\xpco\sc\components\remoteviewer\smartclient\tst\zsmartclient_unittest\bin\x64\debug\net472\zsmartclient_unittest.dll" id="c2089cd7-1abb-31da-c4ba-3d9555a4f6a0">
      <Execution id="e310781c-c2c7-4a0a-8eb5-9029a13c6151" />
      <TestMethod codeBase="D:\actions-runner\_work\XPCO\XPCO\SC\Components\RemoteViewer\SmartClient\tst\zSmartClient_UnitTest\bin\x64\Debug\net472\zSmartClient_UnitTest.dll" adapterTypeName="executor://mstestadapter/v2" className="VideoOS.RemoteClient.Application.Controllers.UnitTest.PtzSessionControllerTest" name="PtzSessionControllerInfo_ReservedChangedTest_Argument_Null_2" />
    </UnitTest>
    <UnitTest name="FindSearchTemplatesAsync_Succeeds_Success" storage="d:\actions-runner\_work\xpco\xpco\sc\components\remoteviewer\smartclient\tst\zsmartclient_unittest\bin\x64\debug\net472\zsmartclient_unittest.dll" id="96dce277-8e08-3c8a-12f9-10c2b51249cb">
      <TestCategory>
        <TestCategoryItem TestCategory="SearchTemplates" />
      </TestCategory>
      <Execution id="4d3085cf-706a-4440-b1cb-f5765a3ca071" />
      <TestMethod codeBase="D:\actions-runner\_work\XPCO\XPCO\SC\Components\RemoteViewer\SmartClient\tst\zSmartClient_UnitTest\bin\x64\Debug\net472\zSmartClient_UnitTest.dll" adapterTypeName="executor://mstestadapter/v2" className="SmartClient_UnitTest.VideoOS.RemoteClient.Plugin.CentralizedSearch.SearchTemplates.SearchTemplateManagerTests" name="FindSearchTemplatesAsync_Succeeds_Success" />
    </UnitTest>
    <UnitTest name="FindSearchTemplatesAsync_ThrowPathNotFoundMIPException_Success" storage="d:\actions-runner\_work\xpco\xpco\sc\components\remoteviewer\smartclient\tst\zsmartclient_unittest\bin\x64\debug\net472\zsmartclient_unittest.dll" id="e5e298fb-304c-1a45-0e4a-b64258842db0">
      <TestCategory>
        <TestCategoryItem TestCategory="SearchTemplatesService" />
      </TestCategory>
      <Execution id="67b04e7f-6459-449a-a5fe-c47764a4cb3a" />
      <TestMethod codeBase="D:\actions-runner\_work\XPCO\XPCO\SC\Components\RemoteViewer\SmartClient\tst\zSmartClient_UnitTest\bin\x64\Debug\net472\zSmartClient_UnitTest.dll" adapterTypeName="executor://mstestadapter/v2" className="SmartClient_UnitTest.VideoOS.RemoteClient.Plugin.CentralizedSearch.SearchTemplates.Service.SearchTemplateServiceTests" name="FindSearchTemplatesAsync_ThrowPathNotFoundMIPException_Success" />
    </UnitTest>
    <UnitTest name="GeNumberOfMonitors_ShouldReturnValidValue" storage="d:\actions-runner\_work\xpco\xpco\sc\components\remoteviewer\smartclient\tst\zsmartclient_unittest\bin\x64\debug\net472\zsmartclient_unittest.dll" id="a6aa36e2-697d-2507-2a34-be6ba6cdbea9">
      <Execution id="3a135af2-e61d-433b-b4df-a525c8b30684" />
      <TestMethod codeBase="D:\actions-runner\_work\XPCO\XPCO\SC\Components\RemoteViewer\SmartClient\tst\zSmartClient_UnitTest\bin\x64\Debug\net472\zSmartClient_UnitTest.dll" adapterTypeName="executor://mstestadapter/v2" className="SmartClient_UnitTest.VideoOS.RemoteClient.Application.Common.Telemetry.SCTelemetrySpecificsTests" name="GeNumberOfMonitors_ShouldReturnValidValue" />
    </UnitTest>
    <UnitTest name="PatrollingProfileViewModelTest_patrollingStepListViewModel_PropertyChanged" storage="d:\actions-runner\_work\xpco\xpco\sc\components\remoteviewer\smartclient\tst\zsmartclient_unittest\bin\x64\debug\net472\zsmartclient_unittest.dll" id="30f4ca0f-0cfa-0e61-edff-19f1044181dc">
      <Execution id="08b0d294-4d52-4673-a1e4-34ebd56ef88c" />
      <TestMethod codeBase="D:\actions-runner\_work\XPCO\XPCO\SC\Components\RemoteViewer\SmartClient\tst\zSmartClient_UnitTest\bin\x64\Debug\net472\zSmartClient_UnitTest.dll" adapterTypeName="executor://mstestadapter/v2" className="SmartClient_UnitTest.VideoOS.RemoteClient.Application.UI.PtzPreset.PatrollingViewModel.PatrollingProfileViewModelTest" name="PatrollingProfileViewModelTest_patrollingStepListViewModel_PropertyChanged" />
    </UnitTest>
    <UnitTest name="Deserialize_ShouldReturnCombineTypeOr_WhenCombineTypeIsNotPresentInXml" storage="d:\actions-runner\_work\xpco\xpco\sc\components\remoteviewer\smartclient\tst\zsmartclient_unittest\bin\x64\debug\net472\zsmartclient_unittest.dll" id="3284ea6f-a6ad-01dc-f291-bda78cd8c320">
      <TestCategory>
        <TestCategoryItem TestCategory="SearchModels" />
      </TestCategory>
      <Execution id="9cd0b818-9e67-4713-9aa5-0e7a6bc3e4c7" />
      <TestMethod codeBase="D:\actions-runner\_work\XPCO\XPCO\SC\Components\RemoteViewer\SmartClient\tst\zSmartClient_UnitTest\bin\x64\Debug\net472\zSmartClient_UnitTest.dll" adapterTypeName="executor://mstestadapter/v2" className="SmartClient_UnitTest.VideoOS.RemoteClient.Plugin.CentralizedSearch.Models.SearchModelTests" name="Deserialize_ShouldReturnCombineTypeOr_WhenCombineTypeIsNotPresentInXml" />
    </UnitTest>
    <UnitTest name="SearchAction_BrowseMode_OneYearInThePast" storage="d:\actions-runner\_work\xpco\xpco\sc\components\remoteviewer\smartclient\tst\zsmartclient_unittest\bin\x64\debug\net472\zsmartclient_unittest.dll" id="642e6019-2faa-a30d-dbaf-ea59f97e9c72">
      <TestCategory>
        <TestCategoryItem TestCategory="WorkspaceToolbar" />
      </TestCategory>
      <Execution id="bbd831b2-a6b3-4565-8190-ca85e73ffdcb" />
      <TestMethod codeBase="D:\actions-runner\_work\XPCO\XPCO\SC\Components\RemoteViewer\SmartClient\tst\zSmartClient_UnitTest\bin\x64\Debug\net472\zSmartClient_UnitTest.dll" adapterTypeName="executor://mstestadapter/v2" className="SmartClient_UnitTest.VideoOS.RemoteClient.Application.Data.WorkspaceToolbar.WorkspaceToolbarItemSmartSearchTests" name="SearchAction_BrowseMode_OneYearInThePast" />
    </UnitTest>
    <UnitTest name="DrawProperty_ShouldNotCrash_WhenDrawingManyProperties" storage="d:\actions-runner\_work\xpco\xpco\sc\components\remoteviewer\smartclient\tst\zsmartclient_unittest\bin\x64\debug\net472\zsmartclient_unittest.dll" id="cf8b2ce3-17c9-1838-bf3d-cd93b522ea5f">
      <TestCategory>
        <TestCategoryItem TestCategory="Search" />
      </TestCategory>
      <Execution id="4f0f57f6-3871-41af-95d2-2646da0d1822" />
      <TestMethod codeBase="D:\actions-runner\_work\XPCO\XPCO\SC\Components\RemoteViewer\SmartClient\tst\zSmartClient_UnitTest\bin\x64\Debug\net472\zSmartClient_UnitTest.dll" adapterTypeName="executor://mstestadapter/v2" className="SmartClient_UnitTest.VideoOS.RemoteClient.Plugin.CentralizedSearch.ViewModels.Utility.SearchReportPrintFactoryTests" name="DrawProperty_ShouldNotCrash_WhenDrawingManyProperties" />
    </UnitTest>
    <UnitTest name="Compare_ShouldPrioritizeCombinedResultsWithMostTriggerTimesInTimespan_WhenNotAllTriggerTimesAreCounted" storage="d:\actions-runner\_work\xpco\xpco\sc\components\remoteviewer\smartclient\tst\zsmartclient_unittest\bin\x64\debug\net472\zsmartclient_unittest.dll" id="dbbcef65-1aa6-a5c1-32ef-04150022dcf1">
      <TestCategory>
        <TestCategoryItem TestCategory="SearchComparers" />
      </TestCategory>
      <Execution id="18f900c3-e700-43aa-ae39-ad8cb97b67ab" />
      <TestMethod codeBase="D:\actions-runner\_work\XPCO\XPCO\SC\Components\RemoteViewer\SmartClient\tst\zSmartClient_UnitTest\bin\x64\Debug\net472\zSmartClient_UnitTest.dll" adapterTypeName="executor://mstestadapter/v2" className="SmartClient_UnitTest.VideoOS.RemoteClient.Plugin.CentralizedSearch.Models.Wrappers.Comparers.RelevanceComparerTests" name="Compare_ShouldPrioritizeCombinedResultsWithMostTriggerTimesInTimespan_WhenNotAllTriggerTimesAreCounted" />
    </UnitTest>
    <UnitTest name="SearchModelOnSearchResultsReady_OnUiThread_Success" storage="d:\actions-runner\_work\xpco\xpco\sc\components\remoteviewer\smartclient\tst\zsmartclient_unittest\bin\x64\debug\net472\zsmartclient_unittest.dll" id="91f26bca-4ab5-824b-aa90-84778c7aa540">
      <TestCategory>
        <TestCategoryItem TestCategory="SearchViewModels" />
      </TestCategory>
      <Execution id="7f1b4c8c-119c-4f73-bb3e-862812fd8f20" />
      <TestMethod codeBase="D:\actions-runner\_work\XPCO\XPCO\SC\Components\RemoteViewer\SmartClient\tst\zSmartClient_UnitTest\bin\x64\Debug\net472\zSmartClient_UnitTest.dll" adapterTypeName="executor://mstestadapter/v2" className="SmartClient_UnitTest.VideoOS.RemoteClient.Plugin.CentralizedSearch.ViewModels.SearchViewModelTests" name="SearchModelOnSearchResultsReady_OnUiThread_Success" />
    </UnitTest>
    <UnitTest name="TestCreateMipTabWorkroom_Single_Success" storage="d:\actions-runner\_work\xpco\xpco\sc\components\remoteviewer\smartclient\tst\zsmartclient_unittest\bin\x64\debug\net472\zsmartclient_unittest.dll" id="77b1b206-b293-8add-d0dd-e8f3149cd45e">
      <TestCategory>
        <TestCategoryItem TestCategory="WorkroomController" />
      </TestCategory>
      <Execution id="7a980366-3d5a-4650-9018-2bdb57f466ce" />
      <TestMethod codeBase="D:\actions-runner\_work\XPCO\XPCO\SC\Components\RemoteViewer\SmartClient\tst\zSmartClient_UnitTest\bin\x64\Debug\net472\zSmartClient_UnitTest.dll" adapterTypeName="executor://mstestadapter/v2" className="VideoOS.RemoteClient.Application.Controllers.WorkroomController.UnitTest.TabWorkroomControllerTest" name="TestCreateMipTabWorkroom_Single_Success" />
    </UnitTest>
    <UnitTest name="ConvertBack_ShouldRaiseInvalidCastException_WhenValueIsTrueAndParameterIsNotAnInteractionState" storage="d:\actions-runner\_work\xpco\xpco\sc\components\remoteviewer\smartclient\tst\zsmartclient_unittest\bin\x64\debug\net472\zsmartclient_unittest.dll" id="5da91449-988e-883d-873e-5998d198d64c">
      <TestCategory>
        <TestCategoryItem TestCategory="GisMap.InteractionStateConverter" />
      </TestCategory>
      <Execution id="37842d36-6a3d-4fdb-aeca-cc031018559c" />
      <TestMethod codeBase="D:\actions-runner\_work\XPCO\XPCO\SC\Components\RemoteViewer\SmartClient\tst\zSmartClient_UnitTest\bin\x64\Debug\net472\zSmartClient_UnitTest.dll" adapterTypeName="executor://mstestadapter/v2" className="SmartClient_UnitTest.VideoOS.RemoteClient.Plugin.GisMap.View.InteractionStateConverterTests" name="ConvertBack_ShouldRaiseInvalidCastException_WhenValueIsTrueAndParameterIsNotAnInteractionState" />
    </UnitTest>
    <UnitTest name="FilterValueHasRegionSelectionForCamera_ShouldReturnFalse_WhenFilterValueDoesNotHaveRegionSelectionForCamera" storage="d:\actions-runner\_work\xpco\xpco\sc\components\remoteviewer\smartclient\tst\zsmartclient_unittest\bin\x64\debug\net472\zsmartclient_unittest.dll" id="074ff88b-4399-26b0-d5af-74bb943b8f07">
      <TestCategory>
        <TestCategoryItem TestCategory="Search.Filters.ViewModels" />
      </TestCategory>
      <Execution id="0717a4d8-a1f1-44a3-9efc-64c45500b43c" />
      <TestMethod codeBase="D:\actions-runner\_work\XPCO\XPCO\SC\Components\RemoteViewer\SmartClient\tst\zSmartClient_UnitTest\bin\x64\Debug\net472\zSmartClient_UnitTest.dll" adapterTypeName="executor://mstestadapter/v2" className="SmartClient_UnitTest.VideoOS.RemoteClient.Plugin.CentralizedSearch.MIPPlugin.Criteria.ViewModels.SmartSearchCameraListItemHelperTests" name="FilterValueHasRegionSelectionForCamera_ShouldReturnFalse_WhenFilterValueDoesNotHaveRegionSelectionForCamera" />
    </UnitTest>
    <UnitTest name="AuthType_ShouldReturnNegotiate_WhenConstructedUsingWindows" storage="d:\actions-runner\_work\xpco\xpco\sc\components\remoteviewer\smartclient\tst\zsmartclient_unittest\bin\x64\debug\net472\zsmartclient_unittest.dll" id="3369c6d4-ee50-9d6e-0705-4fc6884cc7fb">
      <TestCategory>
        <TestCategoryItem TestCategory="Authentication.ClientCredentials" />
      </TestCategory>
      <Execution id="4ab13a40-7c3a-48f9-8d8e-586a844dd7d7" />
      <TestMethod codeBase="D:\actions-runner\_work\XPCO\XPCO\SC\Components\RemoteViewer\SmartClient\tst\zSmartClient_UnitTest\bin\x64\Debug\net472\zSmartClient_UnitTest.dll" adapterTypeName="executor://mstestadapter/v2" className="SmartClient_UnitTest.VideoOS.Shared.ServerAPI.ClientCredentialsTest" name="AuthType_ShouldReturnNegotiate_WhenConstructedUsingWindows" />
    </UnitTest>
    <UnitTest name="TestGetWorkroom_UnknownWorkSpaceId_Success" storage="d:\actions-runner\_work\xpco\xpco\sc\components\remoteviewer\smartclient\tst\zsmartclient_unittest\bin\x64\debug\net472\zsmartclient_unittest.dll" id="4ac44c86-bed3-2106-179e-e12e5a83e7dd">
      <TestCategory>
        <TestCategoryItem TestCategory="WorkroomController" />
      </TestCategory>
      <Execution id="a32bbf05-36b3-4ef8-8d25-e062316a7dee" />
      <TestMethod codeBase="D:\actions-runner\_work\XPCO\XPCO\SC\Components\RemoteViewer\SmartClient\tst\zSmartClient_UnitTest\bin\x64\Debug\net472\zSmartClient_UnitTest.dll" adapterTypeName="executor://mstestadapter/v2" className="VideoOS.RemoteClient.Application.Controllers.WorkroomController.UnitTest.TabWorkroomControllerTest" name="TestGetWorkroom_UnknownWorkSpaceId_Success" />
    </UnitTest>
    <UnitTest name="Password1 valid, Password 2 invalid, higher length" storage="d:\actions-runner\_work\xpco\xpco\sc\components\remoteviewer\smartclient\tst\zsmartclient_unittest\bin\x64\debug\net472\zsmartclient_unittest.dll" id="f6513c15-778f-06ab-2b80-8faa11f30046">
      <TestCategory>
        <TestCategoryItem TestCategory="Export" />
      </TestCategory>
      <Execution id="df2adcdc-dd3e-4131-9ad5-c385bdb9edc6" />
      <TestMethod codeBase="D:\actions-runner\_work\XPCO\XPCO\SC\Components\RemoteViewer\SmartClient\tst\zSmartClient_UnitTest\bin\x64\Debug\net472\zSmartClient_UnitTest.dll" adapterTypeName="executor://mstestadapter/v2" className="SmartClient_UnitTest.VideoOS.RemoteClient.Plugin.Export.PasswordDialogViewModelTests" name="ArePasswordsValid_ShouldDependOnPassword1AndPassword2" />
    </UnitTest>
    <UnitTest name="DeviceIcons_ShouldNotBeNull_WhenCalled" storage="d:\actions-runner\_work\xpco\xpco\sc\components\remoteviewer\smartclient\tst\zsmartclient_unittest\bin\x64\debug\net472\zsmartclient_unittest.dll" id="bedf46db-baeb-e070-62c2-ab54242ce982">
      <TestCategory>
        <TestCategoryItem TestCategory="GisMapData.MicrophoneOemResourcesProviderTests" />
      </TestCategory>
      <Execution id="70c5b8e9-7389-4b0d-b1ea-f830206ee20d" />
      <TestMethod codeBase="D:\actions-runner\_work\XPCO\XPCO\SC\Components\RemoteViewer\SmartClient\tst\zSmartClient_UnitTest\bin\x64\Debug\net472\zSmartClient_UnitTest.dll" adapterTypeName="executor://mstestadapter/v2" className="SmartClient_UnitTest.VideoOS.RemoteClient.GisMapData.Resources.MicrophoneOemResourcesProviderTests" name="DeviceIcons_ShouldNotBeNull_WhenCalled" />
    </UnitTest>
    <UnitTest name="PtzSessionControllerInfoConstructorTest_From_PtzSessionInfo_Anonymous_User" storage="d:\actions-runner\_work\xpco\xpco\sc\components\remoteviewer\smartclient\tst\zsmartclient_unittest\bin\x64\debug\net472\zsmartclient_unittest.dll" id="205d3986-407b-ed3e-b9d7-5c5108416447">
      <Execution id="0575b6b1-0822-4f88-8826-a16b0fce14fa" />
      <TestMethod codeBase="D:\actions-runner\_work\XPCO\XPCO\SC\Components\RemoteViewer\SmartClient\tst\zSmartClient_UnitTest\bin\x64\Debug\net472\zSmartClient_UnitTest.dll" adapterTypeName="executor://mstestadapter/v2" className="VideoOS.RemoteClient.Application.Controllers.UnitTest.PtzSessionControllerTest" name="PtzSessionControllerInfoConstructorTest_From_PtzSessionInfo_Anonymous_User" />
    </UnitTest>
    <UnitTest name="GetIsOpenStreetMapValid_ShouldReturnFalse_WhenGeographicLayerIsNullAndAlternativeServerIsEmpty" storage="d:\actions-runner\_work\xpco\xpco\sc\components\remoteviewer\smartclient\tst\zsmartclient_unittest\bin\x64\debug\net472\zsmartclient_unittest.dll" id="9ccd04df-3e0c-6d9f-958b-55fa47ad0ff1">
      <TestCategory>
        <TestCategoryItem TestCategory="GisMapData.Controllers.Osm" />
      </TestCategory>
      <Execution id="2c776c50-34ee-48f4-8008-543cfb3c3f18" />
      <TestMethod codeBase="D:\actions-runner\_work\XPCO\XPCO\SC\Components\RemoteViewer\SmartClient\tst\zSmartClient_UnitTest\bin\x64\Debug\net472\zSmartClient_UnitTest.dll" adapterTypeName="executor://mstestadapter/v2" className="SmartClient_UnitTest.VideoOS.RemoteClient.GisMapData.Controllers.Osm.GisMapOsmControllerTests" name="GetIsOpenStreetMapValid_ShouldReturnFalse_WhenGeographicLayerIsNullAndAlternativeServerIsEmpty" />
    </UnitTest>
    <UnitTest name="GetSearchTemplateAsync_ThrowCommunicationMIPException_Success" storage="d:\actions-runner\_work\xpco\xpco\sc\components\remoteviewer\smartclient\tst\zsmartclient_unittest\bin\x64\debug\net472\zsmartclient_unittest.dll" id="9b9f5855-551c-70f8-1e00-64a607e6089e">
      <TestCategory>
        <TestCategoryItem TestCategory="SearchTemplatesService" />
      </TestCategory>
      <Execution id="f1d6a892-2299-484f-bc59-e1f9b5c64554" />
      <TestMethod codeBase="D:\actions-runner\_work\XPCO\XPCO\SC\Components\RemoteViewer\SmartClient\tst\zSmartClient_UnitTest\bin\x64\Debug\net472\zSmartClient_UnitTest.dll" adapterTypeName="executor://mstestadapter/v2" className="SmartClient_UnitTest.VideoOS.RemoteClient.Plugin.CentralizedSearch.SearchTemplates.Service.SearchTemplateServiceTests" name="GetSearchTemplateAsync_ThrowCommunicationMIPException_Success" />
    </UnitTest>
    <UnitTest name="PatrollingStepListViewModel_AddStepExecute" storage="d:\actions-runner\_work\xpco\xpco\sc\components\remoteviewer\smartclient\tst\zsmartclient_unittest\bin\x64\debug\net472\zsmartclient_unittest.dll" id="10f7e539-95db-7d97-e660-3fdca86f07c0">
      <Execution id="f6271953-f8a3-4a90-9706-bc9fbcefb5e1" />
      <TestMethod codeBase="D:\actions-runner\_work\XPCO\XPCO\SC\Components\RemoteViewer\SmartClient\tst\zSmartClient_UnitTest\bin\x64\Debug\net472\zSmartClient_UnitTest.dll" adapterTypeName="executor://mstestadapter/v2" className="SmartClient_UnitTest.VideoOS.RemoteClient.Application.UI.PtzPreset.PatrollingViewModel.PatrollingStepListViewModelTest" name="PatrollingStepListViewModel_AddStepExecute" />
    </UnitTest>
    <UnitTest name="MipItemsMapLayer_Loaded_Success" storage="d:\actions-runner\_work\xpco\xpco\sc\components\remoteviewer\smartclient\tst\zsmartclient_unittest\bin\x64\debug\net472\zsmartclient_unittest.dll" id="1038d0a8-74b6-4dd8-b766-1b08a5e0b707">
      <TestCategory>
        <TestCategoryItem TestCategory="GisMapLayer" />
      </TestCategory>
      <Execution id="015f06b8-f68d-4df5-826e-40ca80029f46" />
      <TestMethod codeBase="D:\actions-runner\_work\XPCO\XPCO\SC\Components\RemoteViewer\SmartClient\tst\zSmartClient_UnitTest\bin\x64\Debug\net472\zSmartClient_UnitTest.dll" adapterTypeName="executor://mstestadapter/v2" className="SmartClient_UnitTest.VideoOS.RemoteClient.GisMap.MapLayers.GisMapLayerTests" name="MipItemsMapLayer_Loaded_Success" />
    </UnitTest>
    <UnitTest name="PatrollingProfileListViewModel_AddProfileExecute" storage="d:\actions-runner\_work\xpco\xpco\sc\components\remoteviewer\smartclient\tst\zsmartclient_unittest\bin\x64\debug\net472\zsmartclient_unittest.dll" id="2f8a4bab-4df9-e4ff-fb91-be0d70ec975d">
      <Execution id="69ae75a8-db07-4487-a12a-002064755d8f" />
      <TestMethod codeBase="D:\actions-runner\_work\XPCO\XPCO\SC\Components\RemoteViewer\SmartClient\tst\zSmartClient_UnitTest\bin\x64\Debug\net472\zSmartClient_UnitTest.dll" adapterTypeName="executor://mstestadapter/v2" className="SmartClient_UnitTest.VideoOS.RemoteClient.Application.UI.PtzPreset.PatrollingViewModel.PatrollingProfileListViewModelTest" name="PatrollingProfileListViewModel_AddProfileExecute" />
    </UnitTest>
    <UnitTest name="PtzSessionControllerInfo_UserChangedTest_Different_CameraId" storage="d:\actions-runner\_work\xpco\xpco\sc\components\remoteviewer\smartclient\tst\zsmartclient_unittest\bin\x64\debug\net472\zsmartclient_unittest.dll" id="4ded814a-816b-915a-dcce-433d1dc05ab0">
      <Execution id="881c12d0-e262-4389-9fea-4493921213f9" />
      <TestMethod codeBase="D:\actions-runner\_work\XPCO\XPCO\SC\Components\RemoteViewer\SmartClient\tst\zSmartClient_UnitTest\bin\x64\Debug\net472\zSmartClient_UnitTest.dll" adapterTypeName="executor://mstestadapter/v2" className="VideoOS.RemoteClient.Application.Controllers.UnitTest.PtzSessionControllerTest" name="PtzSessionControllerInfo_UserChangedTest_Different_CameraId" />
    </UnitTest>
    <UnitTest name="GetMutedMicrophoneIconId_ShouldRaiseArgumentException_WhenArgumentIsNotAUnmutedMicrophoneIconId" storage="d:\actions-runner\_work\xpco\xpco\sc\components\remoteviewer\smartclient\tst\zsmartclient_unittest\bin\x64\debug\net472\zsmartclient_unittest.dll" id="b0e10c91-c024-4a15-62c7-840e030250c4">
      <TestCategory>
        <TestCategoryItem TestCategory="GisMapData.MicrophoneOemResourcesProviderTests" />
      </TestCategory>
      <Execution id="ee8adfc6-7177-40b9-b1ed-16a5ea8e7353" />
      <TestMethod codeBase="D:\actions-runner\_work\XPCO\XPCO\SC\Components\RemoteViewer\SmartClient\tst\zSmartClient_UnitTest\bin\x64\Debug\net472\zSmartClient_UnitTest.dll" adapterTypeName="executor://mstestadapter/v2" className="SmartClient_UnitTest.VideoOS.RemoteClient.GisMapData.Resources.MicrophoneOemResourcesProviderTests" name="GetMutedMicrophoneIconId_ShouldRaiseArgumentException_WhenArgumentIsNotAUnmutedMicrophoneIconId" />
    </UnitTest>
    <UnitTest name="MakeId_ShouldGenerateSameId_WhenResultsChangeOrderButResultsAreSame" storage="d:\actions-runner\_work\xpco\xpco\sc\components\remoteviewer\smartclient\tst\zsmartclient_unittest\bin\x64\debug\net472\zsmartclient_unittest.dll" id="310bd126-7eaa-5bf4-39f9-05d7e2e492eb">
      <TestCategory>
        <TestCategoryItem TestCategory="Search.Wrappers" />
      </TestCategory>
      <Execution id="9ebd3bf6-c7af-4136-a5e9-4fac381ac70e" />
      <TestMethod codeBase="D:\actions-runner\_work\XPCO\XPCO\SC\Components\RemoteViewer\SmartClient\tst\zSmartClient_UnitTest\bin\x64\Debug\net472\zSmartClient_UnitTest.dll" adapterTypeName="executor://mstestadapter/v2" className="SmartClient_UnitTest.VideoOS.RemoteClient.Plugin.CentralizedSearch.Models.Wrappers.SearchResultDataWrapperTests" name="MakeId_ShouldGenerateSameId_WhenResultsChangeOrderButResultsAreSame" />
    </UnitTest>
    <UnitTest name="SortBuildingLayers_Success" storage="d:\actions-runner\_work\xpco\xpco\sc\components\remoteviewer\smartclient\tst\zsmartclient_unittest\bin\x64\debug\net472\zsmartclient_unittest.dll" id="e6dcebe5-b6cc-8c91-5e65-857f5572db4e">
      <TestCategory>
        <TestCategoryItem TestCategory="GisMapLayers" />
      </TestCategory>
      <Execution id="cee66b28-7d90-41e2-8b37-961fbe9807bf" />
      <TestMethod codeBase="D:\actions-runner\_work\XPCO\XPCO\SC\Components\RemoteViewer\SmartClient\tst\zSmartClient_UnitTest\bin\x64\Debug\net472\zSmartClient_UnitTest.dll" adapterTypeName="executor://mstestadapter/v2" className="SmartClient_UnitTest.VideoOS.RemoteClient.GisMapData.GisMapLayerZOrderTests" name="SortBuildingLayers_Success" />
    </UnitTest>
    <UnitTest name="UpdateSearchAttributes_MultipleFiltersWithoutValues_NotAdded" storage="d:\actions-runner\_work\xpco\xpco\sc\components\remoteviewer\smartclient\tst\zsmartclient_unittest\bin\x64\debug\net472\zsmartclient_unittest.dll" id="eccebb4b-dd86-ffbc-9874-555886a9ecd8">
      <TestCategory>
        <TestCategoryItem TestCategory="Search" />
      </TestCategory>
      <Execution id="c0fc2e80-915a-4347-ade9-2e3a18ea20a4" />
      <TestMethod codeBase="D:\actions-runner\_work\XPCO\XPCO\SC\Components\RemoteViewer\SmartClient\tst\zSmartClient_UnitTest\bin\x64\Debug\net472\zSmartClient_UnitTest.dll" adapterTypeName="executor://mstestadapter/v2" className="SmartClient_UnitTest.VideoOS.RemoteClient.Plugin.CentralizedSearch.ViewModels.SearchDefinitionViewModelTests" name="UpdateSearchAttributes_MultipleFiltersWithoutValues_NotAdded" />
    </UnitTest>
    <UnitTest name="ZoomIn_MapNotSet_DoesNotCrash" storage="d:\actions-runner\_work\xpco\xpco\sc\components\remoteviewer\smartclient\tst\zsmartclient_unittest\bin\x64\debug\net472\zsmartclient_unittest.dll" id="50ac9240-7e70-f521-a930-8425f2e1e8c4">
      <Execution id="c15d5600-8751-4886-8bf4-7bc56f995d31" />
      <TestMethod codeBase="D:\actions-runner\_work\XPCO\XPCO\SC\Components\RemoteViewer\SmartClient\tst\zSmartClient_UnitTest\bin\x64\Debug\net472\zSmartClient_UnitTest.dll" adapterTypeName="executor://mstestadapter/v2" className="SmartClient_UnitTest.VideoOS.RemoteClient.Plugin.GisMap.ThinkGeoMap.DefaultZoomHandlerTests" name="ZoomIn_MapNotSet_DoesNotCrash" />
    </UnitTest>
    <UnitTest name="OnLoaded_ValidConfigurationNoInlineEdit_InlineAttributeEditControlNotSet" storage="d:\actions-runner\_work\xpco\xpco\sc\components\remoteviewer\smartclient\tst\zsmartclient_unittest\bin\x64\debug\net472\zsmartclient_unittest.dll" id="2ee134e1-115d-c1eb-9935-4d228f8143e5">
      <TestCategory>
        <TestCategoryItem TestCategory="SearchViews" />
      </TestCategory>
      <Execution id="f22373bb-13a3-411f-916a-8b63af901c34" />
      <TestMethod codeBase="D:\actions-runner\_work\XPCO\XPCO\SC\Components\RemoteViewer\SmartClient\tst\zSmartClient_UnitTest\bin\x64\Debug\net472\zSmartClient_UnitTest.dll" adapterTypeName="executor://mstestadapter/v2" className="SmartClient_UnitTest.VideoOS.RemoteClient.Plugin.CentralizedSearch.Views.SearchAttributeViewTests" name="OnLoaded_ValidConfigurationNoInlineEdit_InlineAttributeEditControlNotSet" />
    </UnitTest>
    <UnitTest name="SmartMapGoToPositionHandler_WhenDataIsValid_ShouldCallNavigateTo" storage="d:\actions-runner\_work\xpco\xpco\sc\components\remoteviewer\smartclient\tst\zsmartclient_unittest\bin\x64\debug\net472\zsmartclient_unittest.dll" id="17f82cf7-4d92-18c7-4ec3-228bc2e9056a">
      <Execution id="6f7073b8-aba8-4e95-92a8-465de48f810c" />
      <TestMethod codeBase="D:\actions-runner\_work\XPCO\XPCO\SC\Components\RemoteViewer\SmartClient\tst\zSmartClient_UnitTest\bin\x64\Debug\net472\zSmartClient_UnitTest.dll" adapterTypeName="executor://mstestadapter/v2" className="SmartClient_UnitTest.VideoOS.RemoteClient.Plugin.GisMap.MIP.ContentHolderMipMessageManagerTests" name="SmartMapGoToPositionHandler_WhenDataIsValid_ShouldCallNavigateTo" />
    </UnitTest>
    <UnitTest name="CameraMapItem_Start_AlarmObservable_SetAlarms" storage="d:\actions-runner\_work\xpco\xpco\sc\components\remoteviewer\smartclient\tst\zsmartclient_unittest\bin\x64\debug\net472\zsmartclient_unittest.dll" id="7279d631-5e65-263e-b126-502467fa7c3a">
      <TestCategory>
        <TestCategoryItem TestCategory="GisMapMapItem" />
      </TestCategory>
      <Execution id="45322bf2-2ea0-405f-b9e7-f78f2beab3c0" />
      <TestMethod codeBase="D:\actions-runner\_work\XPCO\XPCO\SC\Components\RemoteViewer\SmartClient\tst\zSmartClient_UnitTest\bin\x64\Debug\net472\zSmartClient_UnitTest.dll" adapterTypeName="executor://mstestadapter/v2" className="SmartClient_UnitTest.VideoOS.RemoteClient.GisMap.MapItem.MapItemTests" name="CameraMapItem_Start_AlarmObservable_SetAlarms" />
    </UnitTest>
    <UnitTest name="RemoveWorkroom_ShouldThrowException_WhenWorkroomToRemoveIsNull" storage="d:\actions-runner\_work\xpco\xpco\sc\components\remoteviewer\smartclient\tst\zsmartclient_unittest\bin\x64\debug\net472\zsmartclient_unittest.dll" id="550475a3-cdd8-1a4c-8164-53657594f4b5">
      <TestCategory>
        <TestCategoryItem TestCategory="WorkroomController" />
      </TestCategory>
      <Execution id="d0caff30-69d1-48e0-b55a-5356aea7d7c5" />
      <TestMethod codeBase="D:\actions-runner\_work\XPCO\XPCO\SC\Components\RemoteViewer\SmartClient\tst\zSmartClient_UnitTest\bin\x64\Debug\net472\zSmartClient_UnitTest.dll" adapterTypeName="executor://mstestadapter/v2" className="SmartClient_UnitTest.VideoOS.RemoteClient.Application.Controllers.WorkroomController.WorkroomControllerBaseTest" name="RemoveWorkroom_ShouldThrowException_WhenWorkroomToRemoveIsNull" />
    </UnitTest>
    <UnitTest name="CameraItemsLayer_NotIsGeographic_Load_Success" storage="d:\actions-runner\_work\xpco\xpco\sc\components\remoteviewer\smartclient\tst\zsmartclient_unittest\bin\x64\debug\net472\zsmartclient_unittest.dll" id="b063cbf8-fbea-b941-bdb6-591483cd4018">
      <TestCategory>
        <TestCategoryItem TestCategory="GisMapLayer" />
      </TestCategory>
      <Execution id="d1ea3989-701d-4104-85f8-d5d9615c9725" />
      <TestMethod codeBase="D:\actions-runner\_work\XPCO\XPCO\SC\Components\RemoteViewer\SmartClient\tst\zSmartClient_UnitTest\bin\x64\Debug\net472\zSmartClient_UnitTest.dll" adapterTypeName="executor://mstestadapter/v2" className="SmartClient_UnitTest.VideoOS.RemoteClient.GisMap.MapLayers.GisMapLayerTests" name="CameraItemsLayer_NotIsGeographic_Load_Success" />
    </UnitTest>
    <UnitTest name="Password 1 empty" storage="d:\actions-runner\_work\xpco\xpco\sc\components\remoteviewer\smartclient\tst\zsmartclient_unittest\bin\x64\debug\net472\zsmartclient_unittest.dll" id="aaa1be74-2e34-5829-1e4e-488dd7c80429">
      <TestCategory>
        <TestCategoryItem TestCategory="Export" />
      </TestCategory>
      <Execution id="15fea34d-f5ef-42b4-8a2c-dec58abc41dd" />
      <TestMethod codeBase="D:\actions-runner\_work\XPCO\XPCO\SC\Components\RemoteViewer\SmartClient\tst\zSmartClient_UnitTest\bin\x64\Debug\net472\zSmartClient_UnitTest.dll" adapterTypeName="executor://mstestadapter/v2" className="SmartClient_UnitTest.VideoOS.RemoteClient.Plugin.Export.PasswordDialogViewModelTests" name="InitialPassword_ShouldResultInCorrectValidity" />
    </UnitTest>
    <UnitTest name="VideoResultSearchResult_SetThenReset_PropertiesEmptied" storage="d:\actions-runner\_work\xpco\xpco\sc\components\remoteviewer\smartclient\tst\zsmartclient_unittest\bin\x64\debug\net472\zsmartclient_unittest.dll" id="30fe8312-9877-ebd0-79b2-11d30d1e5b58">
      <TestCategory>
        <TestCategoryItem TestCategory="SearchControls" />
      </TestCategory>
      <Execution id="79372ac8-1eb0-450b-ae59-630d578da47e" />
      <TestMethod codeBase="D:\actions-runner\_work\XPCO\XPCO\SC\Components\RemoteViewer\SmartClient\tst\zSmartClient_UnitTest\bin\x64\Debug\net472\zSmartClient_UnitTest.dll" adapterTypeName="executor://mstestadapter/v2" className="SmartClient_UnitTest.VideoOS.RemoteClient.Plugin.CentralizedSearch.Views.Controls.SearchResultDetailsControlTests" name="VideoResultSearchResult_SetThenReset_PropertiesEmptied" />
    </UnitTest>
    <UnitTest name="GetLayerVisibilityItemsData_ShouldAddTwoToggleableVisibilityItemData_WhenAnyDeviceMapLayerIsProvided" storage="d:\actions-runner\_work\xpco\xpco\sc\components\remoteviewer\smartclient\tst\zsmartclient_unittest\bin\x64\debug\net472\zsmartclient_unittest.dll" id="361fc6c6-0e8b-67f9-3bea-df214e20d9d1">
      <TestCategory>
        <TestCategoryItem TestCategory="GisMap.DefaultFixedLayerManagerStrategyTests" />
      </TestCategory>
      <Execution id="113c48cc-9c98-4ea0-8eb5-0112603b3d26" />
      <TestMethod codeBase="D:\actions-runner\_work\XPCO\XPCO\SC\Components\RemoteViewer\SmartClient\tst\zSmartClient_UnitTest\bin\x64\Debug\net472\zSmartClient_UnitTest.dll" adapterTypeName="executor://mstestadapter/v2" className="SmartClient_UnitTest.VideoOS.RemoteClient.Plugin.GisMap.ViewModels.LayersVisibility.FixedLayers.DefaultFixedLayerManagerStrategyTests" name="GetLayerVisibilityItemsData_ShouldAddTwoToggleableVisibilityItemData_WhenAnyDeviceMapLayerIsProvided" />
    </UnitTest>
    <UnitTest name="SortLayersByOrderAndTypes_Success" storage="d:\actions-runner\_work\xpco\xpco\sc\components\remoteviewer\smartclient\tst\zsmartclient_unittest\bin\x64\debug\net472\zsmartclient_unittest.dll" id="076479ee-f448-9ceb-4230-0072b1a0e768">
      <TestCategory>
        <TestCategoryItem TestCategory="GisMapLayers" />
      </TestCategory>
      <Execution id="2cfe012b-4328-46f1-a67a-a6331154014c" />
      <TestMethod codeBase="D:\actions-runner\_work\XPCO\XPCO\SC\Components\RemoteViewer\SmartClient\tst\zSmartClient_UnitTest\bin\x64\Debug\net472\zSmartClient_UnitTest.dll" adapterTypeName="executor://mstestadapter/v2" className="SmartClient_UnitTest.VideoOS.RemoteClient.GisMapData.GisMapLayerZOrderTests" name="SortLayersByOrderAndTypes_Success" />
    </UnitTest>
    <UnitTest name="AutomationId_ShouldBeValid_WhenInteractionStateIsAddMicrophone" storage="d:\actions-runner\_work\xpco\xpco\sc\components\remoteviewer\smartclient\tst\zsmartclient_unittest\bin\x64\debug\net472\zsmartclient_unittest.dll" id="0352ab5e-ef5f-b291-c33f-bb3ed2d6f909">
      <TestCategory>
        <TestCategoryItem TestCategory="GisMap.UI.DeviceSelectors.PanelComponents" />
      </TestCategory>
      <Execution id="2d45a6a4-39e4-4749-87d9-53e34ed21b8b" />
      <TestMethod codeBase="D:\actions-runner\_work\XPCO\XPCO\SC\Components\RemoteViewer\SmartClient\tst\zSmartClient_UnitTest\bin\x64\Debug\net472\zSmartClient_UnitTest.dll" adapterTypeName="executor://mstestadapter/v2" className="SmartClient_UnitTest.VideoOS.RemoteClient.Plugin.GisMap.UI.DeviceSelectors.PanelComponents.DeviceSelectorPanelComponentTests" name="AutomationId_ShouldBeValid_WhenInteractionStateIsAddMicrophone" />
    </UnitTest>
    <UnitTest name="ErrorOccurred_Exception_Success" storage="d:\actions-runner\_work\xpco\xpco\sc\components\remoteviewer\smartclient\tst\zsmartclient_unittest\bin\x64\debug\net472\zsmartclient_unittest.dll" id="1576a34d-4425-e758-2eec-5a2e4ef4d6ef">
      <TestCategory>
        <TestCategoryItem TestCategory="SearchModels" />
      </TestCategory>
      <Execution id="67cf7259-cd11-4408-8ae7-a198aabfb6ff" />
      <TestMethod codeBase="D:\actions-runner\_work\XPCO\XPCO\SC\Components\RemoteViewer\SmartClient\tst\zSmartClient_UnitTest\bin\x64\Debug\net472\zSmartClient_UnitTest.dll" adapterTypeName="executor://mstestadapter/v2" className="SmartClient_UnitTest.VideoOS.RemoteClient.Plugin.CentralizedSearch.Models.SearchModelTests" name="ErrorOccurred_Exception_Success" />
    </UnitTest>
    <UnitTest name="LoadInitialState_InvalidState_ReturnsNewEmptyState" storage="d:\actions-runner\_work\xpco\xpco\sc\components\remoteviewer\smartclient\tst\zsmartclient_unittest\bin\x64\debug\net472\zsmartclient_unittest.dll" id="cd84e885-1918-e01a-687a-a984ec9c18f5">
      <TestCategory>
        <TestCategoryItem TestCategory="Search" />
      </TestCategory>
      <Execution id="7dac20ae-7e4b-4b83-9c22-e033a295b357" />
      <TestMethod codeBase="D:\actions-runner\_work\XPCO\XPCO\SC\Components\RemoteViewer\SmartClient\tst\zSmartClient_UnitTest\bin\x64\Debug\net472\zSmartClient_UnitTest.dll" adapterTypeName="executor://mstestadapter/v2" className="SmartClient_UnitTest.VideoOS.RemoteClient.Plugin.CentralizedSearch.CentralizedSearchContentHolderTests" name="LoadInitialState_InvalidState_ReturnsNewEmptyState" />
    </UnitTest>
    <UnitTest name="PtzPresetsMenuViewModel_PtzNotCotrolledTest" storage="d:\actions-runner\_work\xpco\xpco\sc\components\remoteviewer\smartclient\tst\zsmartclient_unittest\bin\x64\debug\net472\zsmartclient_unittest.dll" id="db0bdc8c-751d-0e6e-b46c-9ca8002153fd">
      <Execution id="b6da258e-20aa-4dc1-862e-b8bcc556a581" />
      <TestMethod codeBase="D:\actions-runner\_work\XPCO\XPCO\SC\Components\RemoteViewer\SmartClient\tst\zSmartClient_UnitTest\bin\x64\Debug\net472\zSmartClient_UnitTest.dll" adapterTypeName="executor://mstestadapter/v2" className="SmartClient_UnitTest.VideoOS.RemoteClient.Application.Data.ContentTypes.CameraContentType.PtzPresetsMenuViewModelTest" name="PtzPresetsMenuViewModel_PtzNotCotrolledTest" />
    </UnitTest>
    <UnitTest name="SearchResultsActionBarActions_Export_OptionMediaPlayerAvailable_OtherExportOptionsUnavailable_NotVisible" storage="d:\actions-runner\_work\xpco\xpco\sc\components\remoteviewer\smartclient\tst\zsmartclient_unittest\bin\x64\debug\net472\zsmartclient_unittest.dll" id="cb87ae3f-127d-d533-f5f1-ec7b4f65cbcc">
      <TestCategory>
        <TestCategoryItem TestCategory="SearchResultActionBarViewModel" />
      </TestCategory>
      <Execution id="e67f8acf-48f5-4ebc-bf40-26dba0db7d10" />
      <TestMethod codeBase="D:\actions-runner\_work\XPCO\XPCO\SC\Components\RemoteViewer\SmartClient\tst\zSmartClient_UnitTest\bin\x64\Debug\net472\zSmartClient_UnitTest.dll" adapterTypeName="executor://mstestadapter/v2" className="SmartClient_UnitTest.VideoOS.RemoteClient.Plugin.CentralizedSearch.ViewModels.SearchResultsActionBarViewModelTest" name="SearchResultsActionBarActions_Export_OptionMediaPlayerAvailable_OtherExportOptionsUnavailable_NotVisible" />
    </UnitTest>
    <UnitTest name="ResolveSearchDefinitions_ShouldReturnResultSearchDefinition_WhenCombinedSearchResultWithSingleSubResultAndSearchDefinitionsContainingCorrectSearchDefinitionsAreGiven" storage="d:\actions-runner\_work\xpco\xpco\sc\components\remoteviewer\smartclient\tst\zsmartclient_unittest\bin\x64\debug\net472\zsmartclient_unittest.dll" id="9a38b1c7-2744-f7db-489b-6f81a442d11b">
      <TestCategory>
        <TestCategoryItem TestCategory="Search" />
      </TestCategory>
      <Execution id="b1e3b595-7d28-4d2e-9663-cab0cdfff87c" />
      <TestMethod codeBase="D:\actions-runner\_work\XPCO\XPCO\SC\Components\RemoteViewer\SmartClient\tst\zSmartClient_UnitTest\bin\x64\Debug\net472\zSmartClient_UnitTest.dll" adapterTypeName="executor://mstestadapter/v2" className="SmartClient_UnitTest.VideoOS.RemoteClient.Plugin.CentralizedSearch.Utils.SearchResultDataWrapperExtensionsTests" name="ResolveSearchDefinitions_ShouldReturnResultSearchDefinition_WhenCombinedSearchResultWithSingleSubResultAndSearchDefinitionsContainingCorrectSearchDefinitionsAreGiven" />
    </UnitTest>
    <UnitTest name="BuildContentOptions_ShouldReturnCorrectNumberOfViewItems" storage="d:\actions-runner\_work\xpco\xpco\sc\components\remoteviewer\smartclient\tst\zsmartclient_unittest\bin\x64\debug\net472\zsmartclient_unittest.dll" id="0d816db9-c190-9338-49a3-bd0095232832">
      <Execution id="98dd3aa7-a773-4377-8fb4-29d5dd2ececf" />
      <TestMethod codeBase="D:\actions-runner\_work\XPCO\XPCO\SC\Components\RemoteViewer\SmartClient\tst\zSmartClient_UnitTest\bin\x64\Debug\net472\zSmartClient_UnitTest.dll" adapterTypeName="executor://mstestadapter/v2" className="SmartClient_UnitTest.VideoOS.RemoteClient.Application.Common.Telemetry.TelemetryBuilderTests" name="BuildContentOptions_ShouldReturnCorrectNumberOfViewItems" />
    </UnitTest>
    <UnitTest name="CreateExportDialog_CannotCreateExport_WithInvalidExportPath" storage="d:\actions-runner\_work\xpco\xpco\sc\components\remoteviewer\smartclient\tst\zsmartclient_unittest\bin\x64\debug\net472\zsmartclient_unittest.dll" id="1ff772ea-316c-7a4b-bb91-f3ab3f44e05b">
      <TestCategory>
        <TestCategoryItem TestCategory="Export" />
      </TestCategory>
      <Execution id="a7f326eb-b52f-4843-9fa1-e01bbb874da6" />
      <TestMethod codeBase="D:\actions-runner\_work\XPCO\XPCO\SC\Components\RemoteViewer\SmartClient\tst\zSmartClient_UnitTest\bin\x64\Debug\net472\zSmartClient_UnitTest.dll" adapterTypeName="executor://mstestadapter/v2" className="SmartClient_UnitTest.VideoOS.RemoteClient.Plugin.Export.CreateExportDialogViewModelTests" name="CreateExportDialog_CannotCreateExport_WithInvalidExportPath" />
    </UnitTest>
    <UnitTest name="Deserialize_MissingItemId_Error" storage="d:\actions-runner\_work\xpco\xpco\sc\components\remoteviewer\smartclient\tst\zsmartclient_unittest\bin\x64\debug\net472\zsmartclient_unittest.dll" id="ab974738-a590-83df-60ac-92b301ef7ab8">
      <TestCategory>
        <TestCategoryItem TestCategory="SearchSerialization" />
      </TestCategory>
      <Execution id="25c94fa7-4bda-4ff6-a919-31789a66acc8" />
      <TestMethod codeBase="D:\actions-runner\_work\XPCO\XPCO\SC\Components\RemoteViewer\SmartClient\tst\zSmartClient_UnitTest\bin\x64\Debug\net472\zSmartClient_UnitTest.dll" adapterTypeName="executor://mstestadapter/v2" className="SmartClient_UnitTest.VideoOS.RemoteClient.Plugin.CentralizedSearch.Models.Serialization.SearchSerializerTests" name="Deserialize_MissingItemId_Error" />
    </UnitTest>
    <UnitTest name="GetIndexCell_Milestone_Success" storage="d:\actions-runner\_work\xpco\xpco\sc\components\remoteviewer\smartclient\tst\zsmartclient_unittest\bin\x64\debug\net472\zsmartclient_unittest.dll" id="4e54cb2c-d65b-9738-63c7-b5798acdd38c">
      <TestCategory>
        <TestCategoryItem TestCategory="GisMapIndex" />
      </TestCategory>
      <Execution id="08f99856-8d13-4661-a6dd-665f1d33aee8" />
      <TestMethod codeBase="D:\actions-runner\_work\XPCO\XPCO\SC\Components\RemoteViewer\SmartClient\tst\zSmartClient_UnitTest\bin\x64\Debug\net472\zSmartClient_UnitTest.dll" adapterTypeName="executor://mstestadapter/v2" className="SmartClient_UnitTest.VideoOS.RemoteClient.GisMapData.Common.Indexer.IndexUtilTests" name="GetIndexCell_Milestone_Success" />
    </UnitTest>
    <UnitTest name="ScWorkSpaceModeChangedEvent_ShouldSetDeviceIsDisabledToTrue_WhenSwitchingToBrowseMode" storage="d:\actions-runner\_work\xpco\xpco\sc\components\remoteviewer\smartclient\tst\zsmartclient_unittest\bin\x64\debug\net472\zsmartclient_unittest.dll" id="65b86002-200e-c55e-a53f-146aec337152">
      <TestCategory>
        <TestCategoryItem TestCategory="GisMapData.MapLayers" />
      </TestCategory>
      <Execution id="581aba63-53c3-4395-9485-8fd9bc971b59" />
      <TestMethod codeBase="D:\actions-runner\_work\XPCO\XPCO\SC\Components\RemoteViewer\SmartClient\tst\zSmartClient_UnitTest\bin\x64\Debug\net472\zSmartClient_UnitTest.dll" adapterTypeName="executor://mstestadapter/v2" className="SmartClient_UnitTest.VideoOS.RemoteClient.GisMapData.MapLayers.OutputItemsMapLayerTests" name="ScWorkSpaceModeChangedEvent_ShouldSetDeviceIsDisabledToTrue_WhenSwitchingToBrowseMode" />
    </UnitTest>
    <UnitTest name="PopulateTooltip_FewResultsFromManyCameras24Hours_ValidText" storage="d:\actions-runner\_work\xpco\xpco\sc\components\remoteviewer\smartclient\tst\zsmartclient_unittest\bin\x64\debug\net472\zsmartclient_unittest.dll" id="d7ec089c-29ea-169c-5410-9af8ec475d2d">
      <TestCategory>
        <TestCategoryItem TestCategory="SearchControls" />
      </TestCategory>
      <Execution id="53b9db8d-b9df-4b66-9c0e-74696e3421c5" />
      <TestMethod codeBase="D:\actions-runner\_work\XPCO\XPCO\SC\Components\RemoteViewer\SmartClient\tst\zSmartClient_UnitTest\bin\x64\Debug\net472\zSmartClient_UnitTest.dll" adapterTypeName="executor://mstestadapter/v2" className="SmartClient_UnitTest.VideoOS.RemoteClient.Plugin.CentralizedSearch.Views.Controls.TimelineRuler.TimelineRulerControlTests" name="PopulateTooltip_FewResultsFromManyCameras24Hours_ValidText" />
    </UnitTest>
    <UnitTest name="AddResults_IncludePartialResults_TwoPartialResult_Success" storage="d:\actions-runner\_work\xpco\xpco\sc\components\remoteviewer\smartclient\tst\zsmartclient_unittest\bin\x64\debug\net472\zsmartclient_unittest.dll" id="f472fa58-6e18-42be-4063-867fef6b02e5">
      <TestCategory>
        <TestCategoryItem TestCategory="SearchResultsPreprocessor.PartialResults" />
      </TestCategory>
      <Execution id="0c964237-2c37-49ec-9a52-a2244184cd6d" />
      <TestMethod codeBase="D:\actions-runner\_work\XPCO\XPCO\SC\Components\RemoteViewer\SmartClient\tst\zSmartClient_UnitTest\bin\x64\Debug\net472\zSmartClient_UnitTest.dll" adapterTypeName="executor://mstestadapter/v2" className="SmartClient_UnitTest.VideoOS.RemoteClient.Plugin.CentralizedSearch.Models.SearchResultsPreprocessorTests" name="AddResults_IncludePartialResults_TwoPartialResult_Success" />
    </UnitTest>
    <UnitTest name="TestGetAllTasks" storage="d:\actions-runner\_work\xpco\xpco\sc\components\remoteviewer\smartclient\tst\zsmartclient_unittest\bin\x64\debug\net472\zsmartclient_unittest.dll" id="bf3342cd-aa37-ec7a-aed8-02a15815d43f">
      <Execution id="31a7b873-ae39-4202-8508-6b34ab875701" />
      <TestMethod codeBase="D:\actions-runner\_work\XPCO\XPCO\SC\Components\RemoteViewer\SmartClient\tst\zSmartClient_UnitTest\bin\x64\Debug\net472\zSmartClient_UnitTest.dll" adapterTypeName="executor://mstestadapter/v2" className="SmartClient_UnitTest.VideoOS.RemoteClient.Application.Managers.EdgeRetrievalTaskManagerUnitTest" name="TestGetAllTasks" />
    </UnitTest>
    <UnitTest name="MonitorPlaybackState_Serialize_Success" storage="d:\actions-runner\_work\xpco\xpco\sc\components\remoteviewer\smartclient\tst\zsmartclient_unittest\bin\x64\debug\net472\zsmartclient_unittest.dll" id="95a21395-b040-7ff7-fe99-d443a657de60">
      <Execution id="e3e40e76-bc9c-4bc5-b719-7fae4d183bb3" />
      <TestMethod codeBase="D:\actions-runner\_work\XPCO\XPCO\SC\Components\RemoteViewer\SmartClient\tst\zSmartClient_UnitTest\bin\x64\Debug\net472\zSmartClient_UnitTest.dll" adapterTypeName="executor://mstestadapter/v2" className="SmartClient_UnitTest.VideoOS.RemoteClient.Data.VideoWall.MonitorStateTests" name="MonitorPlaybackState_Serialize_Success" />
    </UnitTest>
    <UnitTest name="PatrollingStepListViewModel_UpdatePositions" storage="d:\actions-runner\_work\xpco\xpco\sc\components\remoteviewer\smartclient\tst\zsmartclient_unittest\bin\x64\debug\net472\zsmartclient_unittest.dll" id="86a445c9-5dff-52f1-c98f-77ae4a8bc915">
      <Execution id="91a73125-bfc9-4e05-8d6c-d65be9cbb045" />
      <TestMethod codeBase="D:\actions-runner\_work\XPCO\XPCO\SC\Components\RemoteViewer\SmartClient\tst\zSmartClient_UnitTest\bin\x64\Debug\net472\zSmartClient_UnitTest.dll" adapterTypeName="executor://mstestadapter/v2" className="SmartClient_UnitTest.VideoOS.RemoteClient.Application.UI.PtzPreset.PatrollingViewModel.PatrollingStepListViewModelTest" name="PatrollingStepListViewModel_UpdatePositions" />
    </UnitTest>
    <UnitTest name="Constructor_ShouldRaiseArgumentNullException_WhenLayersIsNull" storage="d:\actions-runner\_work\xpco\xpco\sc\components\remoteviewer\smartclient\tst\zsmartclient_unittest\bin\x64\debug\net472\zsmartclient_unittest.dll" id="f23cbfaa-bd0e-0a68-964c-aedac70dbd89">
      <TestCategory>
        <TestCategoryItem TestCategory="GisMapData.Controllers.LayerFeatures" />
      </TestCategory>
      <Execution id="4648c2ac-3e51-47a2-ada2-0cd222f4723a" />
      <TestMethod codeBase="D:\actions-runner\_work\XPCO\XPCO\SC\Components\RemoteViewer\SmartClient\tst\zSmartClient_UnitTest\bin\x64\Debug\net472\zSmartClient_UnitTest.dll" adapterTypeName="executor://mstestadapter/v2" className="SmartClient_UnitTest.VideoOS.RemoteClient.GisMapData.Controllers.LayerFeatures.LayerFeaturesControllerTests" name="Constructor_ShouldRaiseArgumentNullException_WhenLayersIsNull" />
    </UnitTest>
    <UnitTest name="SearchResultsActionBarActions_ActionResultDeleted_Success" storage="d:\actions-runner\_work\xpco\xpco\sc\components\remoteviewer\smartclient\tst\zsmartclient_unittest\bin\x64\debug\net472\zsmartclient_unittest.dll" id="88eff823-fbf7-7507-7019-8e0b7f4937d4">
      <TestCategory>
        <TestCategoryItem TestCategory="SearchResultActionBarViewModel" />
      </TestCategory>
      <Execution id="c59d0d5f-9cf5-4d2e-9e05-b1b4a81951f9" />
      <TestMethod codeBase="D:\actions-runner\_work\XPCO\XPCO\SC\Components\RemoteViewer\SmartClient\tst\zSmartClient_UnitTest\bin\x64\Debug\net472\zSmartClient_UnitTest.dll" adapterTypeName="executor://mstestadapter/v2" className="SmartClient_UnitTest.VideoOS.RemoteClient.Plugin.CentralizedSearch.ViewModels.SearchResultsActionBarViewModelTest" name="SearchResultsActionBarActions_ActionResultDeleted_Success" />
    </UnitTest>
    <UnitTest name="Keywords_Built" storage="d:\actions-runner\_work\xpco\xpco\sc\components\remoteviewer\smartclient\tst\zsmartclient_unittest\bin\x64\debug\net472\zsmartclient_unittest.dll" id="704f12b7-2603-a060-9466-3d44ec217344">
      <Execution id="bfe8629b-8c56-4a29-8e34-c45574bd43f2" />
      <TestMethod codeBase="D:\actions-runner\_work\XPCO\XPCO\SC\Components\RemoteViewer\SmartClient\tst\zSmartClient_UnitTest\bin\x64\Debug\net472\zSmartClient_UnitTest.dll" adapterTypeName="executor://mstestadapter/v2" className="SmartClient_UnitTest.VideoOS.RemoteClient.Application.Components.Search.SearchManagerTest" name="Keywords_Built" />
    </UnitTest>
    <UnitTest name="Narrowing_Is_Disabled_When_Update_Rights_Missing" storage="d:\actions-runner\_work\xpco\xpco\sc\components\remoteviewer\smartclient\tst\zsmartclient_unittest\bin\x64\debug\net472\zsmartclient_unittest.dll" id="cdb294e5-a11e-c1b8-28c0-e318e116348c">
      <Execution id="2dd87685-2267-4a1e-a16c-42633ddbd3c5" />
      <TestMethod codeBase="D:\actions-runner\_work\XPCO\XPCO\SC\Components\RemoteViewer\SmartClient\tst\zSmartClient_UnitTest\bin\x64\Debug\net472\zSmartClient_UnitTest.dll" adapterTypeName="executor://mstestadapter/v2" className="SmartClient_UnitTest.VideoOS.RemoteClient.Application.Components.EvidenceLock.EvidenceLockEditModeUserRightTests" name="Narrowing_Is_Disabled_When_Update_Rights_Missing" />
    </UnitTest>
    <UnitTest name="BookmarkSearchTime_WithSearchStringInDifferentCases_ReturnCorrectBookmarkWithSearchStringInDescription (SeArChStRiNg,True,True,True,False,,,1)" storage="d:\actions-runner\_work\xpco\xpco\sc\components\remoteviewer\smartclient\tst\zsmartclient_unittest\bin\x64\debug\net472\zsmartclient_unittest.dll" id="ae6abbbb-4f6b-840f-8d6f-dd6d967cb60f">
      <Execution id="e70def24-0231-41a4-b453-ac941e0c09e9" />
      <TestMethod codeBase="D:\actions-runner\_work\XPCO\XPCO\SC\Components\RemoteViewer\SmartClient\tst\zSmartClient_UnitTest\bin\x64\Debug\net472\zSmartClient_UnitTest.dll" adapterTypeName="executor://mstestadapter/v2" className="SmartClient_UnitTest.VideoOS.RemoteClient.Application.Data.Offline.UnitTest.BookmarkExportReaderTest" name="BookmarkSearchTime_WithSearchStringInDifferentCases_ReturnCorrectBookmarkWithSearchStringInDescription" />
    </UnitTest>
    <UnitTest name="PtzInfoViewModel_PtzReservedByOtherUserTest" storage="d:\actions-runner\_work\xpco\xpco\sc\components\remoteviewer\smartclient\tst\zsmartclient_unittest\bin\x64\debug\net472\zsmartclient_unittest.dll" id="694752a6-f80f-3cf2-2854-db6d5b4b1e01">
      <Execution id="a91b96a6-f55e-4c31-8a1d-332a16b23ffa" />
      <TestMethod codeBase="D:\actions-runner\_work\XPCO\XPCO\SC\Components\RemoteViewer\SmartClient\tst\zSmartClient_UnitTest\bin\x64\Debug\net472\zSmartClient_UnitTest.dll" adapterTypeName="executor://mstestadapter/v2" className="SmartClient_UnitTest.VideoOS.RemoteClient.Plugin.Map.WPFObjects.PtzInfoViewModelUnitTest" name="PtzInfoViewModel_PtzReservedByOtherUserTest" />
    </UnitTest>
    <UnitTest name="DeleteItems_ShouldResetGisPointAndRaiseEvent_WhenAnItemIsDeleted" storage="d:\actions-runner\_work\xpco\xpco\sc\components\remoteviewer\smartclient\tst\zsmartclient_unittest\bin\x64\debug\net472\zsmartclient_unittest.dll" id="9e8c2141-20ec-ba37-0f1b-2e2277c88211">
      <Execution id="5cd86de4-9428-4b23-91ba-c480fe492707" />
      <TestMethod codeBase="D:\actions-runner\_work\XPCO\XPCO\SC\Components\RemoteViewer\SmartClient\tst\zSmartClient_UnitTest\bin\x64\Debug\net472\zSmartClient_UnitTest.dll" adapterTypeName="executor://mstestadapter/v2" className="SmartClient_UnitTest.VideoOS.RemoteClient.GisMapData.MapLayers.MipItemsMapLayerTests" name="DeleteItems_ShouldResetGisPointAndRaiseEvent_WhenAnItemIsDeleted" />
    </UnitTest>
    <UnitTest name="BindingModelVisible_ReactsTo_PluginInstanceVisibleUpdate" storage="d:\actions-runner\_work\xpco\xpco\sc\components\remoteviewer\smartclient\tst\zsmartclient_unittest\bin\x64\debug\net472\zsmartclient_unittest.dll" id="68273da4-d8f3-7604-23b1-9e7df4a52b5c">
      <TestCategory>
        <TestCategoryItem TestCategory="WorkspaceToolbar" />
      </TestCategory>
      <Execution id="08b845fa-cb4c-49fa-a96a-8cc01e3a0074" />
      <TestMethod codeBase="D:\actions-runner\_work\XPCO\XPCO\SC\Components\RemoteViewer\SmartClient\tst\zSmartClient_UnitTest\bin\x64\Debug\net472\zSmartClient_UnitTest.dll" adapterTypeName="executor://mstestadapter/v2" className="SmartClient_UnitTest.VideoOS.RemoteClient.Application.Data.WorkspaceToolbar.WorkspaceToolbarItemMipPluginTests" name="BindingModelVisible_ReactsTo_PluginInstanceVisibleUpdate" />
    </UnitTest>
    <UnitTest name="IsDeviceSupported_ShouldReturnTrue_WhenInputKind" storage="d:\actions-runner\_work\xpco\xpco\sc\components\remoteviewer\smartclient\tst\zsmartclient_unittest\bin\x64\debug\net472\zsmartclient_unittest.dll" id="830bf89f-dfc4-5715-2ff6-ae54ad42b242">
      <TestCategory>
        <TestCategoryItem TestCategory="GisMap.Controllers.Devices" />
      </TestCategory>
      <Execution id="43a113b2-dc89-46ed-b92e-4f2ec3f594ac" />
      <TestMethod codeBase="D:\actions-runner\_work\XPCO\XPCO\SC\Components\RemoteViewer\SmartClient\tst\zSmartClient_UnitTest\bin\x64\Debug\net472\zSmartClient_UnitTest.dll" adapterTypeName="executor://mstestadapter/v2" className="SmartClient_UnitTest.VideoOS.RemoteClient.Plugin.GisMap.Controllers.Devices.DeviceControllerTests" name="IsDeviceSupported_ShouldReturnTrue_WhenInputKind" />
    </UnitTest>
    <UnitTest name="Password too short" storage="d:\actions-runner\_work\xpco\xpco\sc\components\remoteviewer\smartclient\tst\zsmartclient_unittest\bin\x64\debug\net472\zsmartclient_unittest.dll" id="26cac981-fbd9-d7dc-6bf9-6e552986f888">
      <TestCategory>
        <TestCategoryItem TestCategory="Export" />
      </TestCategory>
      <Execution id="fdaa6720-e93e-4dd5-942c-f1d19a93ee33" />
      <TestMethod codeBase="D:\actions-runner\_work\XPCO\XPCO\SC\Components\RemoteViewer\SmartClient\tst\zSmartClient_UnitTest\bin\x64\Debug\net472\zSmartClient_UnitTest.dll" adapterTypeName="executor://mstestadapter/v2" className="SmartClient_UnitTest.VideoOS.RemoteClient.Plugin.Export.PasswordDialogViewModelTests" name="SettingPassword1_ShouldSetIsPassword1Valid" />
    </UnitTest>
    <UnitTest name="TestReadXmlTaskId" storage="d:\actions-runner\_work\xpco\xpco\sc\components\remoteviewer\smartclient\tst\zsmartclient_unittest\bin\x64\debug\net472\zsmartclient_unittest.dll" id="8f3c7e47-c7ba-15e0-4ea3-5c99da54e2cf">
      <Execution id="65560153-2ade-4de8-a9bf-2648944d7023" />
      <TestMethod codeBase="D:\actions-runner\_work\XPCO\XPCO\SC\Components\RemoteViewer\SmartClient\tst\zSmartClient_UnitTest\bin\x64\Debug\net472\zSmartClient_UnitTest.dll" adapterTypeName="executor://mstestadapter/v2" className="SmartClient_UnitTest.VideoOS.RemoteClient.Application.Data.Retrievals.RetrievalMetadataTest" name="TestReadXmlTaskId" />
    </UnitTest>
    <UnitTest name="Constructor_ShouldThrowException_WhenControllerManagerIsNull" storage="d:\actions-runner\_work\xpco\xpco\sc\components\remoteviewer\smartclient\tst\zsmartclient_unittest\bin\x64\debug\net472\zsmartclient_unittest.dll" id="97644baf-75da-2d1d-90ad-632f1839ba1c">
      <TestCategory>
        <TestCategoryItem TestCategory="ReportingContentType" />
      </TestCategory>
      <Execution id="3c752110-4be3-45df-b84c-5d63588f2920" />
      <TestMethod codeBase="D:\actions-runner\_work\XPCO\XPCO\SC\Components\RemoteViewer\SmartClient\tst\zSmartClient_UnitTest\bin\x64\Debug\net472\zSmartClient_UnitTest.dll" adapterTypeName="executor://mstestadapter/v2" className="SmartClient_UnitTest.VideoOS.RemoteClient.Application.Data.ContentTypes.ReportingContentType.ReportViewerViewModelTest" name="Constructor_ShouldThrowException_WhenControllerManagerIsNull" />
    </UnitTest>
    <UnitTest name="SupportsDoubleClick_ShouldBeFalse_WhenInteractionStateIsNotNormalAndInSetupMode" storage="d:\actions-runner\_work\xpco\xpco\sc\components\remoteviewer\smartclient\tst\zsmartclient_unittest\bin\x64\debug\net472\zsmartclient_unittest.dll" id="b4acbf62-a814-6c5c-b0cb-e93db772efce">
      <TestCategory>
        <TestCategoryItem TestCategory="GisMap.LocationMarker" />
      </TestCategory>
      <Execution id="9ff1c210-bf4e-4738-b060-7dd2d720cc7f" />
      <TestMethod codeBase="D:\actions-runner\_work\XPCO\XPCO\SC\Components\RemoteViewer\SmartClient\tst\zSmartClient_UnitTest\bin\x64\Debug\net472\zSmartClient_UnitTest.dll" adapterTypeName="executor://mstestadapter/v2" className="SmartClient_UnitTest.VideoOS.RemoteClient.Plugin.GisMap.ThinkGeoMap.Markers.LocationMarker.LocationMarkerTests" name="SupportsDoubleClick_ShouldBeFalse_WhenInteractionStateIsNotNormalAndInSetupMode" />
    </UnitTest>
    <UnitTest name="AddSelectedWindowsToExport_ShouldShowCorrectToastMessages (0,5,5)" storage="d:\actions-runner\_work\xpco\xpco\sc\components\remoteviewer\smartclient\tst\zsmartclient_unittest\bin\x64\debug\net472\zsmartclient_unittest.dll" id="3f349f22-910e-6467-945d-edabf65aa707">
      <TestCategory>
        <TestCategoryItem TestCategory="Managers" />
      </TestCategory>
      <Execution id="982e327e-564f-46c4-8882-1c748f596778" />
      <TestMethod codeBase="D:\actions-runner\_work\XPCO\XPCO\SC\Components\RemoteViewer\SmartClient\tst\zSmartClient_UnitTest\bin\x64\Debug\net472\zSmartClient_UnitTest.dll" adapterTypeName="executor://mstestadapter/v2" className="SmartClient_UnitTest.VideoOS.RemoteClient.Application.Managers.ExportManagerTests" name="AddSelectedWindowsToExport_ShouldShowCorrectToastMessages" />
    </UnitTest>
    <UnitTest name="BuildMapOptions_ShouldHandleEnumOptionsCorrectly (GisMapOpenStreetMapGeographicLayer,Unavailable,False)" storage="d:\actions-runner\_work\xpco\xpco\sc\components\remoteviewer\smartclient\tst\zsmartclient_unittest\bin\x64\debug\net472\zsmartclient_unittest.dll" id="d7701d8e-231a-34c8-92a1-08bab8594154">
      <Execution id="ee441bce-5038-4527-aeb8-28264554f424" />
      <TestMethod codeBase="D:\actions-runner\_work\XPCO\XPCO\SC\Components\RemoteViewer\SmartClient\tst\zSmartClient_UnitTest\bin\x64\Debug\net472\zSmartClient_UnitTest.dll" adapterTypeName="executor://mstestadapter/v2" className="SmartClient_UnitTest.VideoOS.RemoteClient.Application.Common.Telemetry.TelemetryBuilderTests" name="BuildMapOptions_ShouldHandleEnumOptionsCorrectly" />
    </UnitTest>
    <UnitTest name="OpenStreetMapLayerIsDisabled_ShouldReturnFalse_WhenOpenStreetMapGeographicLayerOptionIsAvailableAndOpenStreetMapAlternativeServerIsNotEmpty" storage="d:\actions-runner\_work\xpco\xpco\sc\components\remoteviewer\smartclient\tst\zsmartclient_unittest\bin\x64\debug\net472\zsmartclient_unittest.dll" id="4b94700f-6e5c-855d-b131-f805331c5a39">
      <TestCategory>
        <TestCategoryItem TestCategory="GisMapLayer" />
      </TestCategory>
      <Execution id="98e70292-c762-4559-b7e3-791bb79f9e7c" />
      <TestMethod codeBase="D:\actions-runner\_work\XPCO\XPCO\SC\Components\RemoteViewer\SmartClient\tst\zSmartClient_UnitTest\bin\x64\Debug\net472\zSmartClient_UnitTest.dll" adapterTypeName="executor://mstestadapter/v2" className="SmartClient_UnitTest.VideoOS.RemoteClient.GisMap.MapLayers.GisMapLayerTests" name="OpenStreetMapLayerIsDisabled_ShouldReturnFalse_WhenOpenStreetMapGeographicLayerOptionIsAvailableAndOpenStreetMapAlternativeServerIsNotEmpty" />
    </UnitTest>
    <UnitTest name="SelectTemplate_RegionSelectionFilterConfiguration_ReturnsPopupTemplate" storage="d:\actions-runner\_work\xpco\xpco\sc\components\remoteviewer\smartclient\tst\zsmartclient_unittest\bin\x64\debug\net472\zsmartclient_unittest.dll" id="2960add4-9952-f70d-dcad-c47d9da5fd58">
      <TestCategory>
        <TestCategoryItem TestCategory="SearchViews" />
      </TestCategory>
      <Execution id="9dd9146f-5cfa-4f3e-9089-862a92611cc4" />
      <TestMethod codeBase="D:\actions-runner\_work\XPCO\XPCO\SC\Components\RemoteViewer\SmartClient\tst\zSmartClient_UnitTest\bin\x64\Debug\net472\zSmartClient_UnitTest.dll" adapterTypeName="executor://mstestadapter/v2" className="SmartClient_UnitTest.VideoOS.RemoteClient.Plugin.CentralizedSearch.Views.AttributeEditControlTemplateSelectorTests" name="SelectTemplate_RegionSelectionFilterConfiguration_ReturnsPopupTemplate" />
    </UnitTest>
    <UnitTest name="CreateUniqeNameTest" storage="d:\actions-runner\_work\xpco\xpco\sc\components\remoteviewer\smartclient\tst\zsmartclient_unittest\bin\x64\debug\net472\zsmartclient_unittest.dll" id="2f70380e-1d07-1023-936c-dd584dd81a70">
      <Execution id="c41ff3b8-514d-4b64-98d1-c1b7e4e943b1" />
      <TestMethod codeBase="D:\actions-runner\_work\XPCO\XPCO\SC\Components\RemoteViewer\SmartClient\tst\zSmartClient_UnitTest\bin\x64\Debug\net472\zSmartClient_UnitTest.dll" adapterTypeName="executor://mstestadapter/v2" className="SmartClient_UnitTest.VideoOS.RemoteClient.Application.Data.Configuration.ViewGroupManagerTest" name="CreateUniqeNameTest" />
    </UnitTest>
    <UnitTest name="HandleSetLayerFeatures_ShouldRaiseArgumentException_WhenNotOutputKindAndOutputLayerFeatures" storage="d:\actions-runner\_work\xpco\xpco\sc\components\remoteviewer\smartclient\tst\zsmartclient_unittest\bin\x64\debug\net472\zsmartclient_unittest.dll" id="a1f63b95-bed0-b504-3aa1-12bbb203c9f9">
      <TestCategory>
        <TestCategoryItem TestCategory="GisMapData.Handlers.LayerFeatures" />
      </TestCategory>
      <Execution id="98546609-ca47-4d0c-94e1-b08c4a296de1" />
      <TestMethod codeBase="D:\actions-runner\_work\XPCO\XPCO\SC\Components\RemoteViewer\SmartClient\tst\zSmartClient_UnitTest\bin\x64\Debug\net472\zSmartClient_UnitTest.dll" adapterTypeName="executor://mstestadapter/v2" className="SmartClient_UnitTest.VideoOS.RemoteClient.GisMapData.Handlers.LayerFeatures.OutputLayerFeaturesHandlerTests" name="HandleSetLayerFeatures_ShouldRaiseArgumentException_WhenNotOutputKindAndOutputLayerFeatures" />
    </UnitTest>
    <UnitTest name="CreateMenuItem_Success" storage="d:\actions-runner\_work\xpco\xpco\sc\components\remoteviewer\smartclient\tst\zsmartclient_unittest\bin\x64\debug\net472\zsmartclient_unittest.dll" id="a476d913-853e-9006-57bf-9e825d119810">
      <TestCategory>
        <TestCategoryItem TestCategory="GisMapMip" />
      </TestCategory>
      <Execution id="d5a8e21a-a492-4f56-8407-8b935621f555" />
      <TestMethod codeBase="D:\actions-runner\_work\XPCO\XPCO\SC\Components\RemoteViewer\SmartClient\tst\zSmartClient_UnitTest\bin\x64\Debug\net472\zSmartClient_UnitTest.dll" adapterTypeName="executor://mstestadapter/v2" className="SmartClient_UnitTest.VideoOS.RemoteClient.Plugin.GisMap.ThinkGeoMap.ContextMenuUtils.MipItemActionsContextMenuTests" name="CreateMenuItem_Success" />
    </UnitTest>
    <UnitTest name="ScrollIntoView_Async_3DefinitionViewsBelowViewPort_ScrolledToTopmost" storage="d:\actions-runner\_work\xpco\xpco\sc\components\remoteviewer\smartclient\tst\zsmartclient_unittest\bin\x64\debug\net472\zsmartclient_unittest.dll" id="14586c69-09d9-7b16-15c8-c6b5e4ea64f4">
      <TestCategory>
        <TestCategoryItem TestCategory="Search" />
      </TestCategory>
      <Execution id="2bf4f4a0-46bf-46ab-a281-dddbea0994d4" />
      <TestMethod codeBase="D:\actions-runner\_work\XPCO\XPCO\SC\Components\RemoteViewer\SmartClient\tst\zSmartClient_UnitTest\bin\x64\Debug\net472\zSmartClient_UnitTest.dll" adapterTypeName="executor://mstestadapter/v2" className="SmartClient_UnitTest.VideoOS.RemoteClient.Plugin.CentralizedSearch.Views.CriteriaViewTests" name="ScrollIntoView_Async_3DefinitionViewsBelowViewPort_ScrolledToTopmost" />
    </UnitTest>
    <UnitTest name="Command_WithNullActivateResult_PluginInstanceActivatedCalled" storage="d:\actions-runner\_work\xpco\xpco\sc\components\remoteviewer\smartclient\tst\zsmartclient_unittest\bin\x64\debug\net472\zsmartclient_unittest.dll" id="5304ef5f-6f68-f464-023c-0e8f2792256b">
      <TestCategory>
        <TestCategoryItem TestCategory="SearchResultsAction" />
      </TestCategory>
      <Execution id="70b9af19-5287-4fa4-915f-7943169685bf" />
      <TestMethod codeBase="D:\actions-runner\_work\XPCO\XPCO\SC\Components\RemoteViewer\SmartClient\tst\zSmartClient_UnitTest\bin\x64\Debug\net472\zSmartClient_UnitTest.dll" adapterTypeName="executor://mstestadapter/v2" className="SmartClient_UnitTest.VideoOS.RemoteClient.Plugin.CentralizedSearch.ViewModels.SearchResultsActionViewModelTests" name="Command_WithNullActivateResult_PluginInstanceActivatedCalled" />
    </UnitTest>
    <UnitTest name="Ctor_NullPassedToNotNullParameters_Failure" storage="d:\actions-runner\_work\xpco\xpco\sc\components\remoteviewer\smartclient\tst\zsmartclient_unittest\bin\x64\debug\net472\zsmartclient_unittest.dll" id="4fb1e9eb-976d-db8c-6efc-0c953d97980e">
      <TestCategory>
        <TestCategoryItem TestCategory="SearchViewModels" />
      </TestCategory>
      <Execution id="7e64dbf2-3f85-4d2f-8f2b-e3d51e2375fa" />
      <TestMethod codeBase="D:\actions-runner\_work\XPCO\XPCO\SC\Components\RemoteViewer\SmartClient\tst\zSmartClient_UnitTest\bin\x64\Debug\net472\zSmartClient_UnitTest.dll" adapterTypeName="executor://mstestadapter/v2" className="SmartClient_UnitTest.VideoOS.RemoteClient.Plugin.CentralizedSearch.ViewModels.SearchViewModelTests" name="Ctor_NullPassedToNotNullParameters_Failure" />
    </UnitTest>
    <UnitTest name="Ctor_CentralizedSearchStateWithSelectedSearchResults_SelectionHelperInitialized" storage="d:\actions-runner\_work\xpco\xpco\sc\components\remoteviewer\smartclient\tst\zsmartclient_unittest\bin\x64\debug\net472\zsmartclient_unittest.dll" id="daba4ba3-c0c2-8c2c-c76e-9c5fdbf89a9e">
      <TestCategory>
        <TestCategoryItem TestCategory="SearchViewModels" />
      </TestCategory>
      <Execution id="9628abee-ade2-4b0e-8f2c-60b43b416a9a" />
      <TestMethod codeBase="D:\actions-runner\_work\XPCO\XPCO\SC\Components\RemoteViewer\SmartClient\tst\zSmartClient_UnitTest\bin\x64\Debug\net472\zSmartClient_UnitTest.dll" adapterTypeName="executor://mstestadapter/v2" className="SmartClient_UnitTest.VideoOS.RemoteClient.Plugin.CentralizedSearch.ViewModels.SearchViewModelTests" name="Ctor_CentralizedSearchStateWithSelectedSearchResults_SelectionHelperInitialized" />
    </UnitTest>
    <UnitTest name="ToUnsafeName_MultipleSafeNames_Success" storage="d:\actions-runner\_work\xpco\xpco\sc\components\remoteviewer\smartclient\tst\zsmartclient_unittest\bin\x64\debug\net472\zsmartclient_unittest.dll" id="bc03d8ec-092f-15f4-b2b5-81687d93c9f8">
      <Execution id="ec16c666-0d77-4537-9fef-38828d106b49" />
      <TestMethod codeBase="D:\actions-runner\_work\XPCO\XPCO\SC\Components\RemoteViewer\SmartClient\tst\zSmartClient_UnitTest\bin\x64\Debug\net472\zSmartClient_UnitTest.dll" adapterTypeName="executor://mstestadapter/v2" className="SmartClient_UnitTest.VideoOS.RemoteClient.Application.Common.Scripting.ReservedJavascriptKeywordsTests" name="ToUnsafeName_MultipleSafeNames_Success" />
    </UnitTest>
    <UnitTest name="DeactivateView_Success" storage="d:\actions-runner\_work\xpco\xpco\sc\components\remoteviewer\smartclient\tst\zsmartclient_unittest\bin\x64\debug\net472\zsmartclient_unittest.dll" id="5ab2a160-0b3e-3ddc-61b5-6572c40a7f10">
      <TestCategory>
        <TestCategoryItem TestCategory="SearchViewModels" />
      </TestCategory>
      <Execution id="8c60c3aa-1db2-4b0f-90b0-e5c863b2dbd6" />
      <TestMethod codeBase="D:\actions-runner\_work\XPCO\XPCO\SC\Components\RemoteViewer\SmartClient\tst\zSmartClient_UnitTest\bin\x64\Debug\net472\zSmartClient_UnitTest.dll" adapterTypeName="executor://mstestadapter/v2" className="SmartClient_UnitTest.VideoOS.RemoteClient.Plugin.CentralizedSearch.ViewModels.SearchViewModelTests" name="DeactivateView_Success" />
    </UnitTest>
    <UnitTest name="IsVisible_OneSelectedResult_ReturnsTrue" storage="d:\actions-runner\_work\xpco\xpco\sc\components\remoteviewer\smartclient\tst\zsmartclient_unittest\bin\x64\debug\net472\zsmartclient_unittest.dll" id="4acf2e12-f867-ff67-73aa-be136e127327">
      <TestCategory>
        <TestCategoryItem TestCategory="SearchResultActionBarViewModel" />
      </TestCategory>
      <Execution id="d17ae809-43d1-45dd-9e5d-cd9192ec6f7b" />
      <TestMethod codeBase="D:\actions-runner\_work\XPCO\XPCO\SC\Components\RemoteViewer\SmartClient\tst\zSmartClient_UnitTest\bin\x64\Debug\net472\zSmartClient_UnitTest.dll" adapterTypeName="executor://mstestadapter/v2" className="SmartClient_UnitTest.VideoOS.RemoteClient.Plugin.CentralizedSearch.ViewModels.SearchResultsActionBarViewModelTest" name="IsVisible_OneSelectedResult_ReturnsTrue" />
    </UnitTest>
    <UnitTest name="Selected_retention_option_is_not_cleared_when_available" storage="d:\actions-runner\_work\xpco\xpco\sc\components\remoteviewer\smartclient\tst\zsmartclient_unittest\bin\x64\debug\net472\zsmartclient_unittest.dll" id="9aaaf4ba-8359-75df-6568-0739721a7d97">
      <Execution id="421977af-c045-4504-a7a8-c8c4890d1404" />
      <TestMethod codeBase="D:\actions-runner\_work\XPCO\XPCO\SC\Components\RemoteViewer\SmartClient\tst\zSmartClient_UnitTest\bin\x64\Debug\net472\zSmartClient_UnitTest.dll" adapterTypeName="executor://mstestadapter/v2" className="SmartClient_UnitTest.VideoOS.RemoteClient.Application.Components.EvidenceLock.EvidenceLockCreateEditTests" name="Selected_retention_option_is_not_cleared_when_available" />
    </UnitTest>
    <UnitTest name="DateToStringConverter_Ctor_Success" storage="d:\actions-runner\_work\xpco\xpco\sc\components\remoteviewer\smartclient\tst\zsmartclient_unittest\bin\x64\debug\net472\zsmartclient_unittest.dll" id="c0f25cd3-6ed3-eae8-438d-18b69791b31c">
      <TestCategory>
        <TestCategoryItem TestCategory="SearchConverter" />
      </TestCategory>
      <Execution id="388147b7-ef92-4457-945c-df82aa467057" />
      <TestMethod codeBase="D:\actions-runner\_work\XPCO\XPCO\SC\Components\RemoteViewer\SmartClient\tst\zSmartClient_UnitTest\bin\x64\Debug\net472\zSmartClient_UnitTest.dll" adapterTypeName="executor://mstestadapter/v2" className="SmartClient_UnitTest.VideoOS.RemoteClient.Plugin.CentralizedSearch.Views.Converters.DateToStringConverterTests" name="DateToStringConverter_Ctor_Success" />
    </UnitTest>
    <UnitTest name="ValidateExportName_ShouldReturnFailResult_InvalidCharactersInExportName (1213&lt;&gt;!?%)" storage="d:\actions-runner\_work\xpco\xpco\sc\components\remoteviewer\smartclient\tst\zsmartclient_unittest\bin\x64\debug\net472\zsmartclient_unittest.dll" id="19058fc1-17d3-cb6e-9eb7-bbf4a0d2890d">
      <TestCategory>
        <TestCategoryItem TestCategory="Export" />
      </TestCategory>
      <Execution id="2311cf18-b7a9-450f-a9ee-bdb61c905f89" />
      <TestMethod codeBase="D:\actions-runner\_work\XPCO\XPCO\SC\Components\RemoteViewer\SmartClient\tst\zSmartClient_UnitTest\bin\x64\Debug\net472\zSmartClient_UnitTest.dll" adapterTypeName="executor://mstestadapter/v2" className="SmartClient_UnitTest.VideoOS.RemoteClient.Plugin.Export.ExportDataValidatorTests" name="ValidateExportName_ShouldReturnFailResult_InvalidCharactersInExportName" />
    </UnitTest>
    <UnitTest name="PatrollingPresetViewModel_Constructor_1_Success" storage="d:\actions-runner\_work\xpco\xpco\sc\components\remoteviewer\smartclient\tst\zsmartclient_unittest\bin\x64\debug\net472\zsmartclient_unittest.dll" id="7ce02435-55dc-be77-8a7d-085f35894996">
      <Execution id="5a313305-11dc-4d82-8df6-829b2dea69bc" />
      <TestMethod codeBase="D:\actions-runner\_work\XPCO\XPCO\SC\Components\RemoteViewer\SmartClient\tst\zSmartClient_UnitTest\bin\x64\Debug\net472\zSmartClient_UnitTest.dll" adapterTypeName="executor://mstestadapter/v2" className="SmartClient_UnitTest.VideoOS.RemoteClient.Application.UI.PtzPreset.PatrollingViewModel.PatrollingPresetViewModelTest" name="PatrollingPresetViewModel_Constructor_1_Success" />
    </UnitTest>
    <UnitTest name="CreateGeometry_OnePointsCollection_ThrowsArgException" storage="d:\actions-runner\_work\xpco\xpco\sc\components\remoteviewer\smartclient\tst\zsmartclient_unittest\bin\x64\debug\net472\zsmartclient_unittest.dll" id="3b4fccf6-70be-2d9b-f5f2-d6283b7fde7b">
      <TestCategory>
        <TestCategoryItem TestCategory="GisMapIndex" />
      </TestCategory>
      <Execution id="0e8ba7d4-3904-4cd0-aac0-ef8400af0c8a" />
      <TestMethod codeBase="D:\actions-runner\_work\XPCO\XPCO\SC\Components\RemoteViewer\SmartClient\tst\zSmartClient_UnitTest\bin\x64\Debug\net472\zSmartClient_UnitTest.dll" adapterTypeName="executor://mstestadapter/v2" className="SmartClient_UnitTest.VideoOS.RemoteClient.GisMapData.Common.Indexer.IndexUtilTests" name="CreateGeometry_OnePointsCollection_ThrowsArgException" />
    </UnitTest>
    <UnitTest name="Deserialize_ShouldReturnCombineTypeAnd_WhenCombineTypeIsAndInXml" storage="d:\actions-runner\_work\xpco\xpco\sc\components\remoteviewer\smartclient\tst\zsmartclient_unittest\bin\x64\debug\net472\zsmartclient_unittest.dll" id="2833457c-1856-8c1e-4496-190a417e49d0">
      <TestCategory>
        <TestCategoryItem TestCategory="SearchModels" />
      </TestCategory>
      <Execution id="55bc0699-b541-43a2-93d9-81b22a952998" />
      <TestMethod codeBase="D:\actions-runner\_work\XPCO\XPCO\SC\Components\RemoteViewer\SmartClient\tst\zSmartClient_UnitTest\bin\x64\Debug\net472\zSmartClient_UnitTest.dll" adapterTypeName="executor://mstestadapter/v2" className="SmartClient_UnitTest.VideoOS.RemoteClient.Plugin.CentralizedSearch.Models.SearchModelTests" name="Deserialize_ShouldReturnCombineTypeAnd_WhenCombineTypeIsAndInXml" />
    </UnitTest>
    <UnitTest name="ToMipSearchResultData_ShouldIncludeCorrectBoundingShapesFromAllSubResults" storage="d:\actions-runner\_work\xpco\xpco\sc\components\remoteviewer\smartclient\tst\zsmartclient_unittest\bin\x64\debug\net472\zsmartclient_unittest.dll" id="6ee9d76c-102e-6b0c-a05d-d3b2cd96bee2">
      <TestCategory>
        <TestCategoryItem TestCategory="Search.Wrappers" />
      </TestCategory>
      <Execution id="5784e3c4-daa9-4273-9d35-44ec7ac3095c" />
      <TestMethod codeBase="D:\actions-runner\_work\XPCO\XPCO\SC\Components\RemoteViewer\SmartClient\tst\zSmartClient_UnitTest\bin\x64\Debug\net472\zSmartClient_UnitTest.dll" adapterTypeName="executor://mstestadapter/v2" className="SmartClient_UnitTest.VideoOS.RemoteClient.Plugin.CentralizedSearch.Models.Wrappers.CombinedSearchResultDataWrapperTests" name="ToMipSearchResultData_ShouldIncludeCorrectBoundingShapesFromAllSubResults" />
    </UnitTest>
    <UnitTest name="Search_SearchResultReceivedFromDefinitionOnlySupportingSubsetOfFilters_WarningTextAppliedAndEventFired" storage="d:\actions-runner\_work\xpco\xpco\sc\components\remoteviewer\smartclient\tst\zsmartclient_unittest\bin\x64\debug\net472\zsmartclient_unittest.dll" id="b4dcaf4b-c8a6-a3d6-898f-051609cb706b">
      <TestCategory>
        <TestCategoryItem TestCategory="Search" />
      </TestCategory>
      <Execution id="15adedcf-7b4d-4831-9b73-f597a0932a85" />
      <TestMethod codeBase="D:\actions-runner\_work\XPCO\XPCO\SC\Components\RemoteViewer\SmartClient\tst\zSmartClient_UnitTest\bin\x64\Debug\net472\zSmartClient_UnitTest.dll" adapterTypeName="executor://mstestadapter/v2" className="SmartClient_UnitTest.VideoOS.RemoteClient.Plugin.CentralizedSearch.MIPPlugin.CompositeSearchDefinitionTests" name="Search_SearchResultReceivedFromDefinitionOnlySupportingSubsetOfFilters_WarningTextAppliedAndEventFired" />
    </UnitTest>
    <UnitTest name="PinkOemResourcesTest" storage="d:\actions-runner\_work\xpco\xpco\sc\components\remoteviewer\smartclient\tst\zsmartclient_unittest\bin\x64\debug\net472\zsmartclient_unittest.dll" id="d02218a8-fae4-70d3-39b6-dbd98bfacc73">
      <Execution id="fec81773-a69d-4087-9fc6-341fcce60f6d" />
      <TestMethod codeBase="D:\actions-runner\_work\XPCO\XPCO\SC\Components\RemoteViewer\SmartClient\tst\zSmartClient_UnitTest\bin\x64\Debug\net472\zSmartClient_UnitTest.dll" adapterTypeName="executor://mstestadapter/v2" className="SmartClient_UnitTest.VideoOS.RemoteClient.Application.Controllers.OemResourceControllerTest" name="PinkOemResourcesTest" />
    </UnitTest>
    <UnitTest name="GetUtcToday_DayOffsetIncluded_Success" storage="d:\actions-runner\_work\xpco\xpco\sc\components\remoteviewer\smartclient\tst\zsmartclient_unittest\bin\x64\debug\net472\zsmartclient_unittest.dll" id="bd7d68bd-5950-0934-2e64-6a07c08a54b7">
      <TestCategory>
        <TestCategoryItem TestCategory="Search" />
      </TestCategory>
      <Execution id="a8b4ebd2-3798-4161-a314-48531017aba7" />
      <TestMethod codeBase="D:\actions-runner\_work\XPCO\XPCO\SC\Components\RemoteViewer\SmartClient\tst\zSmartClient_UnitTest\bin\x64\Debug\net472\zSmartClient_UnitTest.dll" adapterTypeName="executor://mstestadapter/v2" className="SmartClient_UnitTest.VideoOS.RemoteClient.Plugin.CentralizedSearch.ViewModels.Data.TimeScopeTests" name="GetUtcToday_DayOffsetIncluded_Success" />
    </UnitTest>
    <UnitTest name="AddMapLayer_CheckPersistedDatagramUpdated_And_RolledbackOnEnterSetupMode_Success" storage="d:\actions-runner\_work\xpco\xpco\sc\components\remoteviewer\smartclient\tst\zsmartclient_unittest\bin\x64\debug\net472\zsmartclient_unittest.dll" id="d8c85228-fbef-6713-8b24-27f4eac58477">
      <TestCategory>
        <TestCategoryItem TestCategory="GisMapLayers" />
      </TestCategory>
      <Execution id="69f7d997-a20a-4802-985d-11b890c25765" />
      <TestMethod codeBase="D:\actions-runner\_work\XPCO\XPCO\SC\Components\RemoteViewer\SmartClient\tst\zSmartClient_UnitTest\bin\x64\Debug\net472\zSmartClient_UnitTest.dll" adapterTypeName="executor://mstestadapter/v2" className="SmartClient_UnitTest.VideoOS.RemoteClient.GisMapData.GisMapLayerTests" name="AddMapLayer_CheckPersistedDatagramUpdated_And_RolledbackOnEnterSetupMode_Success" />
    </UnitTest>
    <UnitTest name="ResultTick_MouseClick_FirstItemSelected" storage="d:\actions-runner\_work\xpco\xpco\sc\components\remoteviewer\smartclient\tst\zsmartclient_unittest\bin\x64\debug\net472\zsmartclient_unittest.dll" id="95782b76-412a-a409-a816-e93155ca7714">
      <TestCategory>
        <TestCategoryItem TestCategory="SearchControls" />
      </TestCategory>
      <Execution id="031e49b7-94e4-4bdd-a3eb-3c1b87455610" />
      <TestMethod codeBase="D:\actions-runner\_work\XPCO\XPCO\SC\Components\RemoteViewer\SmartClient\tst\zSmartClient_UnitTest\bin\x64\Debug\net472\zSmartClient_UnitTest.dll" adapterTypeName="executor://mstestadapter/v2" className="SmartClient_UnitTest.VideoOS.RemoteClient.Plugin.CentralizedSearch.Views.Controls.TimelineRuler.TimelineRulerControlTests" name="ResultTick_MouseClick_FirstItemSelected" />
    </UnitTest>
    <UnitTest name="GetDomainAndUserName_ShouldReturnDomainAndUserNamePartOfNetworkCredentials_WhenNetworkCredentialsContainsAUserNameAndDomain" storage="d:\actions-runner\_work\xpco\xpco\sc\components\remoteviewer\smartclient\tst\zsmartclient_unittest\bin\x64\debug\net472\zsmartclient_unittest.dll" id="6b0b8696-32c2-657c-f281-65444866a1da">
      <TestCategory>
        <TestCategoryItem TestCategory="Authentication.ClientCredentials" />
      </TestCategory>
      <Execution id="5c7f5a04-6a36-4355-8911-02b6e0c4d562" />
      <TestMethod codeBase="D:\actions-runner\_work\XPCO\XPCO\SC\Components\RemoteViewer\SmartClient\tst\zSmartClient_UnitTest\bin\x64\Debug\net472\zSmartClient_UnitTest.dll" adapterTypeName="executor://mstestadapter/v2" className="SmartClient_UnitTest.VideoOS.Shared.ServerAPI.ClientCredentialsTest" name="GetDomainAndUserName_ShouldReturnDomainAndUserNamePartOfNetworkCredentials_WhenNetworkCredentialsContainsAUserNameAndDomain" />
    </UnitTest>
    <UnitTest name="InputMapItem_Delete_Failure_PositionRevertsToGisPoint" storage="d:\actions-runner\_work\xpco\xpco\sc\components\remoteviewer\smartclient\tst\zsmartclient_unittest\bin\x64\debug\net472\zsmartclient_unittest.dll" id="52d5db23-51cb-3736-9800-a010b174438e">
      <TestCategory>
        <TestCategoryItem TestCategory="GisMapData.MapItem.Inputs" />
      </TestCategory>
      <Execution id="e0d11c78-e819-4b73-8ecb-f317f928f9e2" />
      <TestMethod codeBase="D:\actions-runner\_work\XPCO\XPCO\SC\Components\RemoteViewer\SmartClient\tst\zSmartClient_UnitTest\bin\x64\Debug\net472\zSmartClient_UnitTest.dll" adapterTypeName="executor://mstestadapter/v2" className="SmartClient_UnitTest.VideoOS.RemoteClient.GisMapData.MapItem.Inputs.InputMapItemTests" name="InputMapItem_Delete_Failure_PositionRevertsToGisPoint" />
    </UnitTest>
    <UnitTest name="DateToStringConverter_Convert_Success" storage="d:\actions-runner\_work\xpco\xpco\sc\components\remoteviewer\smartclient\tst\zsmartclient_unittest\bin\x64\debug\net472\zsmartclient_unittest.dll" id="221c6f5c-67df-3e64-4570-740aa30cf80e">
      <TestCategory>
        <TestCategoryItem TestCategory="SearchConverter" />
      </TestCategory>
      <Execution id="eb705520-db34-4f31-89e2-0d35074764c7" />
      <TestMethod codeBase="D:\actions-runner\_work\XPCO\XPCO\SC\Components\RemoteViewer\SmartClient\tst\zSmartClient_UnitTest\bin\x64\Debug\net472\zSmartClient_UnitTest.dll" adapterTypeName="executor://mstestadapter/v2" className="SmartClient_UnitTest.VideoOS.RemoteClient.Plugin.CentralizedSearch.Views.Converters.DateToStringConverterTests" name="DateToStringConverter_Convert_Success" />
    </UnitTest>
    <UnitTest name="CreateSearchTemplateAsync_StateError_Success" storage="d:\actions-runner\_work\xpco\xpco\sc\components\remoteviewer\smartclient\tst\zsmartclient_unittest\bin\x64\debug\net472\zsmartclient_unittest.dll" id="78c19542-007c-6e74-a71b-b102247d98de">
      <TestCategory>
        <TestCategoryItem TestCategory="SearchTemplatesService" />
      </TestCategory>
      <Execution id="7eedbe4a-7590-4354-8899-53d074a1ed6b" />
      <TestMethod codeBase="D:\actions-runner\_work\XPCO\XPCO\SC\Components\RemoteViewer\SmartClient\tst\zSmartClient_UnitTest\bin\x64\Debug\net472\zSmartClient_UnitTest.dll" adapterTypeName="executor://mstestadapter/v2" className="SmartClient_UnitTest.VideoOS.RemoteClient.Plugin.CentralizedSearch.SearchTemplates.Service.SearchTemplateServiceTests" name="CreateSearchTemplateAsync_StateError_Success" />
    </UnitTest>
    <UnitTest name="AndOrSearchDefinitionToVisibilityMultiConverter_CallConvert_NotFirstInListAnd" storage="d:\actions-runner\_work\xpco\xpco\sc\components\remoteviewer\smartclient\tst\zsmartclient_unittest\bin\x64\debug\net472\zsmartclient_unittest.dll" id="3a384c62-a21e-fecb-daa1-7890a574eea7">
      <TestCategory>
        <TestCategoryItem TestCategory="SearchConverter" />
      </TestCategory>
      <Execution id="4338b6c4-0236-4d13-bebf-c6ef8fb31687" />
      <TestMethod codeBase="D:\actions-runner\_work\XPCO\XPCO\SC\Components\RemoteViewer\SmartClient\tst\zSmartClient_UnitTest\bin\x64\Debug\net472\zSmartClient_UnitTest.dll" adapterTypeName="executor://mstestadapter/v2" className="SmartClient_UnitTest.VideoOS.RemoteClient.Plugin.CentralizedSearch.Views.Converters.AndOrSearchDefinitionMultiConverterTests" name="AndOrSearchDefinitionToVisibilityMultiConverter_CallConvert_NotFirstInListAnd" />
    </UnitTest>
    <UnitTest name="BindingModelTitle_ReactsTo_PluginInstanceTitleUpdate" storage="d:\actions-runner\_work\xpco\xpco\sc\components\remoteviewer\smartclient\tst\zsmartclient_unittest\bin\x64\debug\net472\zsmartclient_unittest.dll" id="a233d66c-f313-1e74-e181-b2dafdf7eda1">
      <TestCategory>
        <TestCategoryItem TestCategory="WorkspaceToolbar" />
      </TestCategory>
      <Execution id="bfb45b20-8b0d-4acf-8fdc-49f13b50fbac" />
      <TestMethod codeBase="D:\actions-runner\_work\XPCO\XPCO\SC\Components\RemoteViewer\SmartClient\tst\zSmartClient_UnitTest\bin\x64\Debug\net472\zSmartClient_UnitTest.dll" adapterTypeName="executor://mstestadapter/v2" className="SmartClient_UnitTest.VideoOS.RemoteClient.Application.Data.WorkspaceToolbar.WorkspaceToolbarItemMipPluginTests" name="BindingModelTitle_ReactsTo_PluginInstanceTitleUpdate" />
    </UnitTest>
    <UnitTest name="SupportsDoubleClick_ShouldBeFalse_WhenInteractionStateIsNotNormalOrNewDevice" storage="d:\actions-runner\_work\xpco\xpco\sc\components\remoteviewer\smartclient\tst\zsmartclient_unittest\bin\x64\debug\net472\zsmartclient_unittest.dll" id="0b5a5a76-188a-3cd1-7ad8-530b93b01a49">
      <TestCategory>
        <TestCategoryItem TestCategory="GisMap.InputMarkerTest" />
      </TestCategory>
      <Execution id="e0b9fd08-06d0-4eee-9feb-e62c2e25892e" />
      <TestMethod codeBase="D:\actions-runner\_work\XPCO\XPCO\SC\Components\RemoteViewer\SmartClient\tst\zSmartClient_UnitTest\bin\x64\Debug\net472\zSmartClient_UnitTest.dll" adapterTypeName="executor://mstestadapter/v2" className="SmartClient_UnitTest.VideoOS.RemoteClient.Plugin.GisMap.ThinkGeoMap.Markers.DeviceMarkers.InputMarker.InputMarkerTests" name="SupportsDoubleClick_ShouldBeFalse_WhenInteractionStateIsNotNormalOrNewDevice" />
    </UnitTest>
    <UnitTest name="UpdateSearchTemplateAsync_ValidParameters_Success" storage="d:\actions-runner\_work\xpco\xpco\sc\components\remoteviewer\smartclient\tst\zsmartclient_unittest\bin\x64\debug\net472\zsmartclient_unittest.dll" id="2b34fdd0-9f13-a5e7-cdd1-b024cdc0e042">
      <TestCategory>
        <TestCategoryItem TestCategory="SearchTemplatesService" />
      </TestCategory>
      <Execution id="a10dd5a5-6ea3-4e23-b1a4-7366ab080ac4" />
      <TestMethod codeBase="D:\actions-runner\_work\XPCO\XPCO\SC\Components\RemoteViewer\SmartClient\tst\zSmartClient_UnitTest\bin\x64\Debug\net472\zSmartClient_UnitTest.dll" adapterTypeName="executor://mstestadapter/v2" className="SmartClient_UnitTest.VideoOS.RemoteClient.Plugin.CentralizedSearch.SearchTemplates.Service.SearchTemplateServiceTests" name="UpdateSearchTemplateAsync_ValidParameters_Success" />
    </UnitTest>
    <UnitTest name="EdgeRetrievalDisabled_WithNoRetrieveEdgeRecordingsDevices" storage="d:\actions-runner\_work\xpco\xpco\sc\components\remoteviewer\smartclient\tst\zsmartclient_unittest\bin\x64\debug\net472\zsmartclient_unittest.dll" id="cee32012-58c3-68f0-2859-0edd65456cf2">
      <TestCategory>
        <TestCategoryItem TestCategory="WorkspaceToolbar" />
      </TestCategory>
      <Execution id="5685c1a2-60b4-4098-a7b7-d9d5b4e21385" />
      <TestMethod codeBase="D:\actions-runner\_work\XPCO\XPCO\SC\Components\RemoteViewer\SmartClient\tst\zSmartClient_UnitTest\bin\x64\Debug\net472\zSmartClient_UnitTest.dll" adapterTypeName="executor://mstestadapter/v2" className="SmartClient_UnitTest.VideoOS.RemoteClient.Application.UI.Content.WorkspaceToolbar.WorkspaceToolbarViewModelTests" name="EdgeRetrievalDisabled_WithNoRetrieveEdgeRecordingsDevices" />
    </UnitTest>
    <UnitTest name="ClientCapabilitiesDto_ShouldYieldSameValues_WhenRoundTripConverted" storage="d:\actions-runner\_work\xpco\xpco\sc\components\remoteviewer\smartclient\tst\zsmartclient_unittest\bin\x64\debug\net472\zsmartclient_unittest.dll" id="876c309e-bcb3-56f1-e371-740d48449c19">
      <TestCategory>
        <TestCategoryItem TestCategory="RecorderProxyToDtoMapping" />
      </TestCategory>
      <Execution id="0e8f2ccd-c6b7-46ab-8359-ca14bada7833" />
      <TestMethod codeBase="D:\actions-runner\_work\XPCO\XPCO\SC\Components\RemoteViewer\SmartClient\tst\zSmartClient_UnitTest\bin\x64\Debug\net472\zSmartClient_UnitTest.dll" adapterTypeName="executor://mstestadapter/v2" className="VideoOS.Shared.ServerAPI.SOAP.RecorderClientMappingTests" name="ClientCapabilitiesDto_ShouldYieldSameValues_WhenRoundTripConverted" />
    </UnitTest>
    <UnitTest name="TestSwitchWorkroom_UnknownWorkroom_Refuse" storage="d:\actions-runner\_work\xpco\xpco\sc\components\remoteviewer\smartclient\tst\zsmartclient_unittest\bin\x64\debug\net472\zsmartclient_unittest.dll" id="ea5a4ea7-1d9c-b14b-b54d-c59f326749f2">
      <TestCategory>
        <TestCategoryItem TestCategory="WorkroomController" />
      </TestCategory>
      <Execution id="29f9d6de-a282-4408-83ae-648d945da460" />
      <TestMethod codeBase="D:\actions-runner\_work\XPCO\XPCO\SC\Components\RemoteViewer\SmartClient\tst\zSmartClient_UnitTest\bin\x64\Debug\net472\zSmartClient_UnitTest.dll" adapterTypeName="executor://mstestadapter/v2" className="VideoOS.RemoteClient.Application.Controllers.WorkroomController.UnitTest.TabWorkroomControllerTest" name="TestSwitchWorkroom_UnknownWorkroom_Refuse" />
    </UnitTest>
    <UnitTest name="TestWriteXmlTaskId" storage="d:\actions-runner\_work\xpco\xpco\sc\components\remoteviewer\smartclient\tst\zsmartclient_unittest\bin\x64\debug\net472\zsmartclient_unittest.dll" id="74ee50b8-0598-e8ca-7e2f-330081ea45bc">
      <Execution id="699a6551-c09b-4a9e-b63c-cde5131e8fb2" />
      <TestMethod codeBase="D:\actions-runner\_work\XPCO\XPCO\SC\Components\RemoteViewer\SmartClient\tst\zSmartClient_UnitTest\bin\x64\Debug\net472\zSmartClient_UnitTest.dll" adapterTypeName="executor://mstestadapter/v2" className="SmartClient_UnitTest.VideoOS.RemoteClient.Application.Data.Retrievals.RetrievalMetadataTest" name="TestWriteXmlTaskId" />
    </UnitTest>
    <UnitTest name="DeviceSelectorUserControl_ShouldRaiseMissingMethodException_WhenUserControlLacksConstructorWithInteractionStateParameter" storage="d:\actions-runner\_work\xpco\xpco\sc\components\remoteviewer\smartclient\tst\zsmartclient_unittest\bin\x64\debug\net472\zsmartclient_unittest.dll" id="2a74f75f-14b3-bc86-2d45-d53566346d28">
      <TestCategory>
        <TestCategoryItem TestCategory="GisMap.UI.DeviceSelectors.PanelComponents" />
      </TestCategory>
      <Execution id="5662baea-7ecb-436f-a79f-04e313e5f936" />
      <TestMethod codeBase="D:\actions-runner\_work\XPCO\XPCO\SC\Components\RemoteViewer\SmartClient\tst\zSmartClient_UnitTest\bin\x64\Debug\net472\zSmartClient_UnitTest.dll" adapterTypeName="executor://mstestadapter/v2" className="SmartClient_UnitTest.VideoOS.RemoteClient.Plugin.GisMap.UI.DeviceSelectors.PanelComponents.DeviceSelectorPanelComponentTests" name="DeviceSelectorUserControl_ShouldRaiseMissingMethodException_WhenUserControlLacksConstructorWithInteractionStateParameter" />
    </UnitTest>
    <UnitTest name="DrawCore_ShouldDisplayClusterMarkers_WhenClusteringEnabled" storage="d:\actions-runner\_work\xpco\xpco\sc\components\remoteviewer\smartclient\tst\zsmartclient_unittest\bin\x64\debug\net472\zsmartclient_unittest.dll" id="b3f386a5-07aa-a732-a6bd-e0f6659489a9">
      <TestCategory>
        <TestCategoryItem TestCategory="SmartMap.MapItemsOverlay" />
      </TestCategory>
      <Execution id="e4a017a7-6716-424c-9cd6-a7a55b25da29" />
      <TestMethod codeBase="D:\actions-runner\_work\XPCO\XPCO\SC\Components\RemoteViewer\SmartClient\tst\zSmartClient_UnitTest\bin\x64\Debug\net472\zSmartClient_UnitTest.dll" adapterTypeName="executor://mstestadapter/v2" className="SmartClient_UnitTest.VideoOS.RemoteClient.Plugin.GisMap.ThinkGeoMap.SpecializedOverlays.Overlays.MapItemsOverlayTests" name="DrawCore_ShouldDisplayClusterMarkers_WhenClusteringEnabled" />
    </UnitTest>
    <UnitTest name="GetSnapshots_SuccessAndFailure" storage="d:\actions-runner\_work\xpco\xpco\sc\components\remoteviewer\smartclient\tst\zsmartclient_unittest\bin\x64\debug\net472\zsmartclient_unittest.dll" id="d8b2b973-4ac7-3ca5-0bd3-f1fc5da91e4d">
      <TestCategory>
        <TestCategoryItem TestCategory="Search" />
      </TestCategory>
      <Execution id="174d3c74-a6d6-459b-af43-f5d8cd136b2a" />
      <TestMethod codeBase="D:\actions-runner\_work\XPCO\XPCO\SC\Components\RemoteViewer\SmartClient\tst\zSmartClient_UnitTest\bin\x64\Debug\net472\zSmartClient_UnitTest.dll" adapterTypeName="executor://mstestadapter/v2" className="SmartClient_UnitTest.VideoOS.RemoteClient.Plugin.CentralizedSearch.ViewModels.Data.SnapshotHandlerTests" name="GetSnapshots_SuccessAndFailure" />
    </UnitTest>
    <UnitTest name="Ctor_NoAppConfigOverride_AddScriptSetToTrue" storage="d:\actions-runner\_work\xpco\xpco\sc\components\remoteviewer\smartclient\tst\zsmartclient_unittest\bin\x64\debug\net472\zsmartclient_unittest.dll" id="e0dfd89d-a08f-8cca-2e86-69c3531c6abb">
      <Execution id="ceb338b2-3bc8-430d-b002-fc8fa50114b2" />
      <TestMethod codeBase="D:\actions-runner\_work\XPCO\XPCO\SC\Components\RemoteViewer\SmartClient\tst\zSmartClient_UnitTest\bin\x64\Debug\net472\zSmartClient_UnitTest.dll" adapterTypeName="executor://mstestadapter/v2" className="SmartClient_UnitTest.VideoOS.RemoteClient.Plugin.HtmlViewItem.HtmlContentHolderTests" name="Ctor_NoAppConfigOverride_AddScriptSetToTrue" />
    </UnitTest>
    <UnitTest name="IsHomeButtonVisible_MappedToViewModel_Success" storage="d:\actions-runner\_work\xpco\xpco\sc\components\remoteviewer\smartclient\tst\zsmartclient_unittest\bin\x64\debug\net472\zsmartclient_unittest.dll" id="929085e5-a3c9-9121-b306-acebdc919f57">
      <TestCategory>
        <TestCategoryItem TestCategory="GisMap.GisMapViewFacade" />
      </TestCategory>
      <Execution id="dbfe8a45-e1b7-445f-ac53-eb7f48efb995" />
      <TestMethod codeBase="D:\actions-runner\_work\XPCO\XPCO\SC\Components\RemoteViewer\SmartClient\tst\zSmartClient_UnitTest\bin\x64\Debug\net472\zSmartClient_UnitTest.dll" adapterTypeName="executor://mstestadapter/v2" className="SmartClient_UnitTest.VideoOS.RemoteClient.Plugin.GisMap.IoC.GisMapViewFacadeTests" name="IsHomeButtonVisible_MappedToViewModel_Success" />
    </UnitTest>
    <UnitTest name="Close_NotMainController_StateNotSaved" storage="d:\actions-runner\_work\xpco\xpco\sc\components\remoteviewer\smartclient\tst\zsmartclient_unittest\bin\x64\debug\net472\zsmartclient_unittest.dll" id="2a44ed0f-e637-248d-7f45-7c53931a1bbe">
      <TestCategory>
        <TestCategoryItem TestCategory="Search" />
      </TestCategory>
      <Execution id="f2dd4ce1-f18d-47d7-bcbc-8c8f863b657a" />
      <TestMethod codeBase="D:\actions-runner\_work\XPCO\XPCO\SC\Components\RemoteViewer\SmartClient\tst\zSmartClient_UnitTest\bin\x64\Debug\net472\zSmartClient_UnitTest.dll" adapterTypeName="executor://mstestadapter/v2" className="SmartClient_UnitTest.VideoOS.RemoteClient.Plugin.CentralizedSearch.CentralizedSearchContentHolderTests" name="Close_NotMainController_StateNotSaved" />
    </UnitTest>
    <UnitTest name="Deserialize_ShouldReportInvalidCombineType_WhenCombineTypeValueIsNotAnInteger" storage="d:\actions-runner\_work\xpco\xpco\sc\components\remoteviewer\smartclient\tst\zsmartclient_unittest\bin\x64\debug\net472\zsmartclient_unittest.dll" id="1d5225e4-5ff0-424d-ae91-6d7aa1287493">
      <TestCategory>
        <TestCategoryItem TestCategory="SearchSerialization" />
      </TestCategory>
      <Execution id="1d767e94-07c8-4a81-92c4-ebc6216b98c7" />
      <TestMethod codeBase="D:\actions-runner\_work\XPCO\XPCO\SC\Components\RemoteViewer\SmartClient\tst\zSmartClient_UnitTest\bin\x64\Debug\net472\zSmartClient_UnitTest.dll" adapterTypeName="executor://mstestadapter/v2" className="SmartClient_UnitTest.VideoOS.RemoteClient.Plugin.CentralizedSearch.Models.Serialization.SearchSerializerTests" name="Deserialize_ShouldReportInvalidCombineType_WhenCombineTypeValueIsNotAnInteger" />
    </UnitTest>
    <UnitTest name="ActiveInteractionStateBinding_ShouldNotBeNull_WhenCtorIsCalled" storage="d:\actions-runner\_work\xpco\xpco\sc\components\remoteviewer\smartclient\tst\zsmartclient_unittest\bin\x64\debug\net472\zsmartclient_unittest.dll" id="eca2f5e0-8a90-6eb5-1db4-f1eb3f5fb4f4">
      <TestCategory>
        <TestCategoryItem TestCategory="GisMap.CameraMarker" />
      </TestCategory>
      <Execution id="a5b4d2e1-faab-43b0-9f8c-6c9b972ffb17" />
      <TestMethod codeBase="D:\actions-runner\_work\XPCO\XPCO\SC\Components\RemoteViewer\SmartClient\tst\zSmartClient_UnitTest\bin\x64\Debug\net472\zSmartClient_UnitTest.dll" adapterTypeName="executor://mstestadapter/v2" className="SmartClient_UnitTest.VideoOS.RemoteClient.Plugin.GisMap.ThinkGeoMap.Markers.DeviceMarkers.CameraMarker.CameraMarkerTests" name="ActiveInteractionStateBinding_ShouldNotBeNull_WhenCtorIsCalled" />
    </UnitTest>
    <UnitTest name="SetItemOutlines_OutlinesSome_Success" storage="d:\actions-runner\_work\xpco\xpco\sc\components\remoteviewer\smartclient\tst\zsmartclient_unittest\bin\x64\debug\net472\zsmartclient_unittest.dll" id="6da1ad54-af03-13ff-88b0-777550297923">
      <TestCategory>
        <TestCategoryItem TestCategory="GisMap.GisMapViewFacade" />
      </TestCategory>
      <Execution id="8daa871e-2c26-41af-aefb-3e3511055f35" />
      <TestMethod codeBase="D:\actions-runner\_work\XPCO\XPCO\SC\Components\RemoteViewer\SmartClient\tst\zSmartClient_UnitTest\bin\x64\Debug\net472\zSmartClient_UnitTest.dll" adapterTypeName="executor://mstestadapter/v2" className="SmartClient_UnitTest.VideoOS.RemoteClient.Plugin.GisMap.IoC.GisMapViewFacadeTests" name="SetItemOutlines_OutlinesSome_Success" />
    </UnitTest>
    <UnitTest name="UpdateAction_SingleAccepted_DoesNotChangeToolTip" storage="d:\actions-runner\_work\xpco\xpco\sc\components\remoteviewer\smartclient\tst\zsmartclient_unittest\bin\x64\debug\net472\zsmartclient_unittest.dll" id="1995aa56-764e-e077-7015-d7ad96740ef7">
      <TestCategory>
        <TestCategoryItem TestCategory="SearchResultsAction" />
      </TestCategory>
      <Execution id="7fae0983-8ca7-4fee-bfc7-c096d89b5b1c" />
      <TestMethod codeBase="D:\actions-runner\_work\XPCO\XPCO\SC\Components\RemoteViewer\SmartClient\tst\zSmartClient_UnitTest\bin\x64\Debug\net472\zSmartClient_UnitTest.dll" adapterTypeName="executor://mstestadapter/v2" className="SmartClient_UnitTest.VideoOS.RemoteClient.Plugin.CentralizedSearch.ViewModels.SearchResultsActionViewModelTests" name="UpdateAction_SingleAccepted_DoesNotChangeToolTip" />
    </UnitTest>
    <UnitTest name="DeleteIndexFor_Milestone_ItemsAreInGlobalCluster" storage="d:\actions-runner\_work\xpco\xpco\sc\components\remoteviewer\smartclient\tst\zsmartclient_unittest\bin\x64\debug\net472\zsmartclient_unittest.dll" id="80d36421-2cec-943f-7f34-60be14e9a632">
      <TestCategory>
        <TestCategoryItem TestCategory="GisMapIndex" />
      </TestCategory>
      <Execution id="f32335c7-5b31-4d92-81fb-dfbedbe7ac21" />
      <TestMethod codeBase="D:\actions-runner\_work\XPCO\XPCO\SC\Components\RemoteViewer\SmartClient\tst\zSmartClient_UnitTest\bin\x64\Debug\net472\zSmartClient_UnitTest.dll" adapterTypeName="executor://mstestadapter/v2" className="SmartClient_UnitTest.VideoOS.RemoteClient.GisMapData.Common.Indexer.BuildingsAwareIndexerTests" name="DeleteIndexFor_Milestone_ItemsAreInGlobalCluster" />
    </UnitTest>
    <UnitTest name="LoadInitialState_NullState_ReturnsNewEmptyState" storage="d:\actions-runner\_work\xpco\xpco\sc\components\remoteviewer\smartclient\tst\zsmartclient_unittest\bin\x64\debug\net472\zsmartclient_unittest.dll" id="1f86583b-e772-053b-5dde-1a3c6a164dcd">
      <TestCategory>
        <TestCategoryItem TestCategory="Search" />
      </TestCategory>
      <Execution id="a79a2387-0ecd-4ff3-bab9-7319efbe6335" />
      <TestMethod codeBase="D:\actions-runner\_work\XPCO\XPCO\SC\Components\RemoteViewer\SmartClient\tst\zSmartClient_UnitTest\bin\x64\Debug\net472\zSmartClient_UnitTest.dll" adapterTypeName="executor://mstestadapter/v2" className="SmartClient_UnitTest.VideoOS.RemoteClient.Plugin.CentralizedSearch.CentralizedSearchContentHolderTests" name="LoadInitialState_NullState_ReturnsNewEmptyState" />
    </UnitTest>
    <UnitTest name="SetLayerFeatures_ShouldUpdateMicrophoneItemsMapLayer_WhenMicrophoneKindAndMicrophoneLayerFeatures" storage="d:\actions-runner\_work\xpco\xpco\sc\components\remoteviewer\smartclient\tst\zsmartclient_unittest\bin\x64\debug\net472\zsmartclient_unittest.dll" id="743f0fe4-79cc-4cbd-b2f9-4683eb98d09d">
      <TestCategory>
        <TestCategoryItem TestCategory="GisMapData.Controllers.LayerFeatures" />
      </TestCategory>
      <Execution id="650d1204-4b41-49b3-9e3f-a5c2efa887c6" />
      <TestMethod codeBase="D:\actions-runner\_work\XPCO\XPCO\SC\Components\RemoteViewer\SmartClient\tst\zSmartClient_UnitTest\bin\x64\Debug\net472\zSmartClient_UnitTest.dll" adapterTypeName="executor://mstestadapter/v2" className="SmartClient_UnitTest.VideoOS.RemoteClient.GisMapData.Controllers.LayerFeatures.LayerFeaturesControllerTests" name="SetLayerFeatures_ShouldUpdateMicrophoneItemsMapLayer_WhenMicrophoneKindAndMicrophoneLayerFeatures" />
    </UnitTest>
    <UnitTest name="PopulateTooltip_SingleResultsFromSingleCamera24Hours_ValidText" storage="d:\actions-runner\_work\xpco\xpco\sc\components\remoteviewer\smartclient\tst\zsmartclient_unittest\bin\x64\debug\net472\zsmartclient_unittest.dll" id="15d239ea-71aa-55f8-a2eb-41474406f678">
      <TestCategory>
        <TestCategoryItem TestCategory="SearchControls" />
      </TestCategory>
      <Execution id="cb2f17b7-d8d1-432d-a2cd-09be5af2f739" />
      <TestMethod codeBase="D:\actions-runner\_work\XPCO\XPCO\SC\Components\RemoteViewer\SmartClient\tst\zSmartClient_UnitTest\bin\x64\Debug\net472\zSmartClient_UnitTest.dll" adapterTypeName="executor://mstestadapter/v2" className="SmartClient_UnitTest.VideoOS.RemoteClient.Plugin.CentralizedSearch.Views.Controls.TimelineRuler.TimelineRulerControlTests" name="PopulateTooltip_SingleResultsFromSingleCamera24Hours_ValidText" />
    </UnitTest>
    <UnitTest name="GetDuration_AllCombined_Success" storage="d:\actions-runner\_work\xpco\xpco\sc\components\remoteviewer\smartclient\tst\zsmartclient_unittest\bin\x64\debug\net472\zsmartclient_unittest.dll" id="63df17ff-7d87-8f4d-112e-c1a3760436bb">
      <TestCategory>
        <TestCategoryItem TestCategory="Search" />
      </TestCategory>
      <Execution id="afdd9518-6cc7-4aa9-8d1e-159f1c3bd586" />
      <TestMethod codeBase="D:\actions-runner\_work\XPCO\XPCO\SC\Components\RemoteViewer\SmartClient\tst\zSmartClient_UnitTest\bin\x64\Debug\net472\zSmartClient_UnitTest.dll" adapterTypeName="executor://mstestadapter/v2" className="SmartClient_UnitTest.VideoOS.RemoteClient.Plugin.CentralizedSearch.ViewModels.Data.TimeScopeTests" name="GetDuration_AllCombined_Success" />
    </UnitTest>
    <UnitTest name="CameraMapItem_Delete_Failure_PositionRevertsToGisPoint" storage="d:\actions-runner\_work\xpco\xpco\sc\components\remoteviewer\smartclient\tst\zsmartclient_unittest\bin\x64\debug\net472\zsmartclient_unittest.dll" id="c15ffa78-e595-57a3-d2fc-5e6f27b46541">
      <TestCategory>
        <TestCategoryItem TestCategory="GisMapMapItem" />
      </TestCategory>
      <Execution id="0f9b7be2-be8c-4103-a39b-6eebbd3e1067" />
      <TestMethod codeBase="D:\actions-runner\_work\XPCO\XPCO\SC\Components\RemoteViewer\SmartClient\tst\zSmartClient_UnitTest\bin\x64\Debug\net472\zSmartClient_UnitTest.dll" adapterTypeName="executor://mstestadapter/v2" className="SmartClient_UnitTest.VideoOS.RemoteClient.GisMap.MapItem.MapItemTests" name="CameraMapItem_Delete_Failure_PositionRevertsToGisPoint" />
    </UnitTest>
    <UnitTest name="PtzSessionControllerInfo_TimeChangedTest_Different_CameraId" storage="d:\actions-runner\_work\xpco\xpco\sc\components\remoteviewer\smartclient\tst\zsmartclient_unittest\bin\x64\debug\net472\zsmartclient_unittest.dll" id="931ed933-de82-365f-5037-e2d1c5c2f2a2">
      <Execution id="559858dc-2209-40ac-943b-eff5348da9c5" />
      <TestMethod codeBase="D:\actions-runner\_work\XPCO\XPCO\SC\Components\RemoteViewer\SmartClient\tst\zSmartClient_UnitTest\bin\x64\Debug\net472\zSmartClient_UnitTest.dll" adapterTypeName="executor://mstestadapter/v2" className="VideoOS.RemoteClient.Application.Controllers.UnitTest.PtzSessionControllerTest" name="PtzSessionControllerInfo_TimeChangedTest_Different_CameraId" />
    </UnitTest>
    <UnitTest name="Serialize_FromTimeOnly_Success" storage="d:\actions-runner\_work\xpco\xpco\sc\components\remoteviewer\smartclient\tst\zsmartclient_unittest\bin\x64\debug\net472\zsmartclient_unittest.dll" id="99ee5135-30d5-eb69-226f-d05fc552bf85">
      <TestCategory>
        <TestCategoryItem TestCategory="SearchSerialization" />
      </TestCategory>
      <Execution id="56a72563-6887-4bf9-a892-9a867f2c513e" />
      <TestMethod codeBase="D:\actions-runner\_work\XPCO\XPCO\SC\Components\RemoteViewer\SmartClient\tst\zSmartClient_UnitTest\bin\x64\Debug\net472\zSmartClient_UnitTest.dll" adapterTypeName="executor://mstestadapter/v2" className="SmartClient_UnitTest.VideoOS.RemoteClient.Plugin.CentralizedSearch.Models.Serialization.SearchSerializerTests" name="Serialize_FromTimeOnly_Success" />
    </UnitTest>
    <UnitTest name="ValidateExportLocation_ShouldReturnFailResult_ExportFolderIsIllegal (True,False)" storage="d:\actions-runner\_work\xpco\xpco\sc\components\remoteviewer\smartclient\tst\zsmartclient_unittest\bin\x64\debug\net472\zsmartclient_unittest.dll" id="3417a0aa-0a1b-f490-3003-26e2483aac2f">
      <TestCategory>
        <TestCategoryItem TestCategory="Export" />
      </TestCategory>
      <Execution id="bb887677-53af-42d8-9ba7-4293d53c0bec" />
      <TestMethod codeBase="D:\actions-runner\_work\XPCO\XPCO\SC\Components\RemoteViewer\SmartClient\tst\zSmartClient_UnitTest\bin\x64\Debug\net472\zSmartClient_UnitTest.dll" adapterTypeName="executor://mstestadapter/v2" className="SmartClient_UnitTest.VideoOS.RemoteClient.Plugin.Export.ExportDataValidatorTests" name="ValidateExportLocation_ShouldReturnFailResult_ExportFolderIsIllegal" />
    </UnitTest>
    <UnitTest name="ShouldReturnTrueWhenBuildingsLayerChanged" storage="d:\actions-runner\_work\xpco\xpco\sc\components\remoteviewer\smartclient\tst\zsmartclient_unittest\bin\x64\debug\net472\zsmartclient_unittest.dll" id="f80158fa-d75f-54b9-6b80-4f00a7c4aaf2">
      <TestCategory>
        <TestCategoryItem TestCategory="MipItemsUpdateStrategy" />
      </TestCategory>
      <Execution id="0ac21eff-df88-4298-88d0-a5eb434569f8" />
      <TestMethod codeBase="D:\actions-runner\_work\XPCO\XPCO\SC\Components\RemoteViewer\SmartClient\tst\zSmartClient_UnitTest\bin\x64\Debug\net472\zSmartClient_UnitTest.dll" adapterTypeName="executor://mstestadapter/v2" className="SmartClient_UnitTest.VideoOS.RemoteClient.Plugin.GisMap.MIP.MipItemsUpdateStrategyTests" name="ShouldReturnTrueWhenBuildingsLayerChanged" />
    </UnitTest>
    <UnitTest name="ScrollIntoView_Async_DefinitionViewBelowOutOfViewPort_Scrolled" storage="d:\actions-runner\_work\xpco\xpco\sc\components\remoteviewer\smartclient\tst\zsmartclient_unittest\bin\x64\debug\net472\zsmartclient_unittest.dll" id="411bf916-58a4-1dad-e0e6-3f86688192cf">
      <TestCategory>
        <TestCategoryItem TestCategory="Search" />
      </TestCategory>
      <Execution id="9b5baa1d-6fab-4257-9bba-a5883b5e55cb" />
      <TestMethod codeBase="D:\actions-runner\_work\XPCO\XPCO\SC\Components\RemoteViewer\SmartClient\tst\zSmartClient_UnitTest\bin\x64\Debug\net472\zSmartClient_UnitTest.dll" adapterTypeName="executor://mstestadapter/v2" className="SmartClient_UnitTest.VideoOS.RemoteClient.Plugin.CentralizedSearch.Views.CriteriaViewTests" name="ScrollIntoView_Async_DefinitionViewBelowOutOfViewPort_Scrolled" />
    </UnitTest>
    <UnitTest name="Constructor_ShouldRaiseArgumentNullException_WhenGisMapViewModelIsNull" storage="d:\actions-runner\_work\xpco\xpco\sc\components\remoteviewer\smartclient\tst\zsmartclient_unittest\bin\x64\debug\net472\zsmartclient_unittest.dll" id="3d6545fc-4bd4-f8dd-090b-7fa4464a971d">
      <TestCategory>
        <TestCategoryItem TestCategory="GisMap.DeviceSelectorWindowViewModel" />
      </TestCategory>
      <Execution id="27758c67-04d7-4921-9110-3b508905ba8b" />
      <TestMethod codeBase="D:\actions-runner\_work\XPCO\XPCO\SC\Components\RemoteViewer\SmartClient\tst\zSmartClient_UnitTest\bin\x64\Debug\net472\zSmartClient_UnitTest.dll" adapterTypeName="executor://mstestadapter/v2" className="SmartClient_UnitTest.VideoOS.RemoteClient.Plugin.GisMap.ViewModels.DeviceSelectorWindowViewModelTests" name="Constructor_ShouldRaiseArgumentNullException_WhenGisMapViewModelIsNull" />
    </UnitTest>
    <UnitTest name="SearchResultsActionBarActions_Export_OptionStillAvailable_OtherExportOptionsUnavailable_NotVisible" storage="d:\actions-runner\_work\xpco\xpco\sc\components\remoteviewer\smartclient\tst\zsmartclient_unittest\bin\x64\debug\net472\zsmartclient_unittest.dll" id="37ae04ae-6997-0ecf-07a1-64b6d7659569">
      <TestCategory>
        <TestCategoryItem TestCategory="SearchResultActionBarViewModel" />
      </TestCategory>
      <Execution id="a8631213-9236-4d62-ae06-9420a26bca8b" />
      <TestMethod codeBase="D:\actions-runner\_work\XPCO\XPCO\SC\Components\RemoteViewer\SmartClient\tst\zSmartClient_UnitTest\bin\x64\Debug\net472\zSmartClient_UnitTest.dll" adapterTypeName="executor://mstestadapter/v2" className="SmartClient_UnitTest.VideoOS.RemoteClient.Plugin.CentralizedSearch.ViewModels.SearchResultsActionBarViewModelTest" name="SearchResultsActionBarActions_Export_OptionStillAvailable_OtherExportOptionsUnavailable_NotVisible" />
    </UnitTest>
    <UnitTest name="MapCameraIcons_WhenPinkOemResource_ShouldReturnTenIcons" storage="d:\actions-runner\_work\xpco\xpco\sc\components\remoteviewer\smartclient\tst\zsmartclient_unittest\bin\x64\debug\net472\zsmartclient_unittest.dll" id="b7095fa5-4f07-bfb6-a358-0338e32383f9">
      <Execution id="e3f6fd41-1455-4c36-af39-3e8cfcd9548d" />
      <TestMethod codeBase="D:\actions-runner\_work\XPCO\XPCO\SC\Components\RemoteViewer\SmartClient\tst\zSmartClient_UnitTest\bin\x64\Debug\net472\zSmartClient_UnitTest.dll" adapterTypeName="executor://mstestadapter/v2" className="SmartClient_UnitTest.VideoOS.RemoteClient.Application.Controllers.OemResourceControllerTest" name="MapCameraIcons_WhenPinkOemResource_ShouldReturnTenIcons" />
    </UnitTest>
    <UnitTest name="Constructor_ShouldRaiseArgumentNullException_WhenMapLayersIsNull" storage="d:\actions-runner\_work\xpco\xpco\sc\components\remoteviewer\smartclient\tst\zsmartclient_unittest\bin\x64\debug\net472\zsmartclient_unittest.dll" id="13a4d90a-2e75-f52a-90e5-614716c51196">
      <TestCategory>
        <TestCategoryItem TestCategory="GisMap.LayerVisibilityItemDataChildrenToggleItemDecoratorTests" />
      </TestCategory>
      <Execution id="b1f543e2-e612-4fc5-9c9c-949b6c7f3690" />
      <TestMethod codeBase="D:\actions-runner\_work\XPCO\XPCO\SC\Components\RemoteViewer\SmartClient\tst\zSmartClient_UnitTest\bin\x64\Debug\net472\zSmartClient_UnitTest.dll" adapterTypeName="executor://mstestadapter/v2" className="SmartClient_UnitTest.VideoOS.RemoteClient.Plugin.GisMap.ViewModels.LayersVisibility.Decorators.LayerVisibilityItemDataChildrenToggleItemDecoratorTests" name="Constructor_ShouldRaiseArgumentNullException_WhenMapLayersIsNull" />
    </UnitTest>
    <UnitTest name="DeactivatedOutputIcons_ShouldReturnIconsInAProperOrder_WhenCalled" storage="d:\actions-runner\_work\xpco\xpco\sc\components\remoteviewer\smartclient\tst\zsmartclient_unittest\bin\x64\debug\net472\zsmartclient_unittest.dll" id="9febb6f2-deb2-94da-aa47-7dc5befd915e">
      <TestCategory>
        <TestCategoryItem TestCategory="GisMapData.OutputOemResourcesProviderTests" />
      </TestCategory>
      <Execution id="8496ffd0-d399-486a-ab0b-8c89f3a5f555" />
      <TestMethod codeBase="D:\actions-runner\_work\XPCO\XPCO\SC\Components\RemoteViewer\SmartClient\tst\zSmartClient_UnitTest\bin\x64\Debug\net472\zSmartClient_UnitTest.dll" adapterTypeName="executor://mstestadapter/v2" className="SmartClient_UnitTest.VideoOS.RemoteClient.GisMapData.Resources.OutputOemResourcesProviderTests" name="DeactivatedOutputIcons_ShouldReturnIconsInAProperOrder_WhenCalled" />
    </UnitTest>
    <UnitTest name="State_ShouldUpdateMicrophoneIconId_WhenSetToMute" storage="d:\actions-runner\_work\xpco\xpco\sc\components\remoteviewer\smartclient\tst\zsmartclient_unittest\bin\x64\debug\net472\zsmartclient_unittest.dll" id="593930ca-a7df-1408-b332-7a4bf0c72a54">
      <TestCategory>
        <TestCategoryItem TestCategory="GisMapData.MapItem.Microphones" />
      </TestCategory>
      <Execution id="e44f9327-b091-45d5-9dfe-373fa3e1812e" />
      <TestMethod codeBase="D:\actions-runner\_work\XPCO\XPCO\SC\Components\RemoteViewer\SmartClient\tst\zSmartClient_UnitTest\bin\x64\Debug\net472\zSmartClient_UnitTest.dll" adapterTypeName="executor://mstestadapter/v2" className="SmartClient_UnitTest.VideoOS.RemoteClient.GisMapData.MapItem.Microphones.MicrophoneMapItemTests" name="State_ShouldUpdateMicrophoneIconId_WhenSetToMute" />
    </UnitTest>
    <UnitTest name="TestForAssemblyCoverage" storage="d:\actions-runner\_work\xpco\xpco\sc\components\remoteviewer\smartclient\tst\zsmartclient_unittest\bin\x64\debug\net472\zsmartclient_unittest.dll" id="b9339d47-1b08-2f87-b4ed-bf554f7069bd">
      <Execution id="1b2ab4d4-c144-4de3-ac3b-b3521bfe8c82" />
      <TestMethod codeBase="D:\actions-runner\_work\XPCO\XPCO\SC\Components\RemoteViewer\SmartClient\tst\zSmartClient_UnitTest\bin\x64\Debug\net472\zSmartClient_UnitTest.dll" adapterTypeName="executor://mstestadapter/v2" className="SmartClient_UnitTest.VideoOS.RemoteClient.Plugin.Hotspot.UnitTest1" name="TestForAssemblyCoverage" />
    </UnitTest>
    <UnitTest name="CreateGeography_FourCornerBuilding_Crossed_Success" storage="d:\actions-runner\_work\xpco\xpco\sc\components\remoteviewer\smartclient\tst\zsmartclient_unittest\bin\x64\debug\net472\zsmartclient_unittest.dll" id="03da6113-f0cb-2522-1d80-c9d47dcb71a8">
      <TestCategory>
        <TestCategoryItem TestCategory="GisMapIndex" />
      </TestCategory>
      <Execution id="9a1ca529-f1fe-4fcf-8d7a-9811c04e5ee4" />
      <TestMethod codeBase="D:\actions-runner\_work\XPCO\XPCO\SC\Components\RemoteViewer\SmartClient\tst\zSmartClient_UnitTest\bin\x64\Debug\net472\zSmartClient_UnitTest.dll" adapterTypeName="executor://mstestadapter/v2" className="SmartClient_UnitTest.VideoOS.RemoteClient.GisMapData.Common.Indexer.IndexUtilTests" name="CreateGeography_FourCornerBuilding_Crossed_Success" />
    </UnitTest>
    <UnitTest name="HandleGetLayerFeatures_ShouldRaiseArgumentException_WhenIsCalled" storage="d:\actions-runner\_work\xpco\xpco\sc\components\remoteviewer\smartclient\tst\zsmartclient_unittest\bin\x64\debug\net472\zsmartclient_unittest.dll" id="9d2adb93-4837-25dd-c5fc-bdfa01122682">
      <TestCategory>
        <TestCategoryItem TestCategory="GisMapData.Handlers.LayerFeatures" />
      </TestCategory>
      <Execution id="554d2a5c-f25e-4bd2-8505-c7f9aef6d28f" />
      <TestMethod codeBase="D:\actions-runner\_work\XPCO\XPCO\SC\Components\RemoteViewer\SmartClient\tst\zSmartClient_UnitTest\bin\x64\Debug\net472\zSmartClient_UnitTest.dll" adapterTypeName="executor://mstestadapter/v2" className="SmartClient_UnitTest.VideoOS.RemoteClient.GisMapData.Handlers.LayerFeatures.NotSupportedLayerFeaturesHandlerTests" name="HandleGetLayerFeatures_ShouldRaiseArgumentException_WhenIsCalled" />
    </UnitTest>
    <UnitTest name="CreateReportAsync_ShouldSplitFrontPage_WhereFrontPageNotesSectionIsExtraLarge" storage="d:\actions-runner\_work\xpco\xpco\sc\components\remoteviewer\smartclient\tst\zsmartclient_unittest\bin\x64\debug\net472\zsmartclient_unittest.dll" id="fcfe2bea-524e-b6f0-1644-957aeea21ce7">
      <TestCategory>
        <TestCategoryItem TestCategory="Search" />
      </TestCategory>
      <Execution id="3141b939-bac4-426e-82bf-1f3ca39d0b1f" />
      <TestMethod codeBase="D:\actions-runner\_work\XPCO\XPCO\SC\Components\RemoteViewer\SmartClient\tst\zSmartClient_UnitTest\bin\x64\Debug\net472\zSmartClient_UnitTest.dll" adapterTypeName="executor://mstestadapter/v2" className="SmartClient_UnitTest.VideoOS.RemoteClient.Plugin.CentralizedSearch.ViewModels.Utility.SearchReportPrintFactoryTests" name="CreateReportAsync_ShouldSplitFrontPage_WhereFrontPageNotesSectionIsExtraLarge" />
    </UnitTest>
    <UnitTest name="IsBasicUser_ShouldReturnTrue_WhenConstructedUsingWindowsDefault" storage="d:\actions-runner\_work\xpco\xpco\sc\components\remoteviewer\smartclient\tst\zsmartclient_unittest\bin\x64\debug\net472\zsmartclient_unittest.dll" id="e55520ca-13b9-16e0-7c91-282920a34b8a">
      <TestCategory>
        <TestCategoryItem TestCategory="Authentication.ClientCredentials" />
      </TestCategory>
      <Execution id="17e593ed-6cf8-4b00-b96b-1394eb3a45f6" />
      <TestMethod codeBase="D:\actions-runner\_work\XPCO\XPCO\SC\Components\RemoteViewer\SmartClient\tst\zSmartClient_UnitTest\bin\x64\Debug\net472\zSmartClient_UnitTest.dll" adapterTypeName="executor://mstestadapter/v2" className="SmartClient_UnitTest.VideoOS.Shared.ServerAPI.ClientCredentialsTest" name="IsBasicUser_ShouldReturnTrue_WhenConstructedUsingWindowsDefault" />
    </UnitTest>
    <UnitTest name="IsVisible_ZeroSelectedResults_ReturnsFalse" storage="d:\actions-runner\_work\xpco\xpco\sc\components\remoteviewer\smartclient\tst\zsmartclient_unittest\bin\x64\debug\net472\zsmartclient_unittest.dll" id="fe22a4f5-f49f-f59f-57fa-2e035d1a94ac">
      <TestCategory>
        <TestCategoryItem TestCategory="SearchResultActionBarViewModel" />
      </TestCategory>
      <Execution id="b93ffa4a-0e90-41ac-8640-d6d6c87de117" />
      <TestMethod codeBase="D:\actions-runner\_work\XPCO\XPCO\SC\Components\RemoteViewer\SmartClient\tst\zSmartClient_UnitTest\bin\x64\Debug\net472\zSmartClient_UnitTest.dll" adapterTypeName="executor://mstestadapter/v2" className="SmartClient_UnitTest.VideoOS.RemoteClient.Plugin.CentralizedSearch.ViewModels.SearchResultsActionBarViewModelTest" name="IsVisible_ZeroSelectedResults_ReturnsFalse" />
    </UnitTest>
    <UnitTest name="MoveToTop_ShouldNotMoveItemIndexInItemCollection_WhenItemIsAlreadyTopmost" storage="d:\actions-runner\_work\xpco\xpco\sc\components\remoteviewer\smartclient\tst\zsmartclient_unittest\bin\x64\debug\net472\zsmartclient_unittest.dll" id="cd0b28bc-7718-797b-f022-800ca6ce22ba">
      <TestCategory>
        <TestCategoryItem TestCategory="MapItemMarkerBase" />
      </TestCategory>
      <Execution id="bdb19a5b-a32f-48b4-993e-7f13bc7876c4" />
      <TestMethod codeBase="D:\actions-runner\_work\XPCO\XPCO\SC\Components\RemoteViewer\SmartClient\tst\zSmartClient_UnitTest\bin\x64\Debug\net472\zSmartClient_UnitTest.dll" adapterTypeName="executor://mstestadapter/v2" className="SmartClient_UnitTest.VideoOS.RemoteClient.Plugin.GisMap.ThinkGeoMap.Markers.MapItemMarkerBaseTests" name="MoveToTop_ShouldNotMoveItemIndexInItemCollection_WhenItemIsAlreadyTopmost" />
    </UnitTest>
    <UnitTest name="Constructor_ShouldRaiseArgumentNullException_WhenGisMapViewModelIsNull" storage="d:\actions-runner\_work\xpco\xpco\sc\components\remoteviewer\smartclient\tst\zsmartclient_unittest\bin\x64\debug\net472\zsmartclient_unittest.dll" id="451bffc0-3ae5-2acf-fc45-f7a1232d7fdf">
      <TestCategory>
        <TestCategoryItem TestCategory="GisMap.DefaultFixedLayerManagerStrategyTests" />
      </TestCategory>
      <Execution id="e08276e5-2598-4820-90f5-693b346522b8" />
      <TestMethod codeBase="D:\actions-runner\_work\XPCO\XPCO\SC\Components\RemoteViewer\SmartClient\tst\zSmartClient_UnitTest\bin\x64\Debug\net472\zSmartClient_UnitTest.dll" adapterTypeName="executor://mstestadapter/v2" className="SmartClient_UnitTest.VideoOS.RemoteClient.Plugin.GisMap.ViewModels.LayersVisibility.FixedLayers.DefaultFixedLayerManagerStrategyTests" name="Constructor_ShouldRaiseArgumentNullException_WhenGisMapViewModelIsNull" />
    </UnitTest>
    <UnitTest name="Detach_ShouldDetachWindowMouseDownEvent_WhenAttachWasCalledPreviously" storage="d:\actions-runner\_work\xpco\xpco\sc\components\remoteviewer\smartclient\tst\zsmartclient_unittest\bin\x64\debug\net472\zsmartclient_unittest.dll" id="faa83ec7-f24a-086a-e966-e8c82cf7330a">
      <TestCategory>
        <TestCategoryItem TestCategory="GisMap.WindowsBases" />
      </TestCategory>
      <Execution id="de9eac76-de59-498d-ad5a-1f6b730b048d" />
      <TestMethod codeBase="D:\actions-runner\_work\XPCO\XPCO\SC\Components\RemoteViewer\SmartClient\tst\zSmartClient_UnitTest\bin\x64\Debug\net472\zSmartClient_UnitTest.dll" adapterTypeName="executor://mstestadapter/v2" className="SmartClient_UnitTest.VideoOS.RemoteClient.Plugin.GisMap.Windows.Bases.DragWindowDecoratorTests" name="Detach_ShouldDetachWindowMouseDownEvent_WhenAttachWasCalledPreviously" />
    </UnitTest>
    <UnitTest name="ToggleMicrophoneStateAsync_ShouldMuteAllOtherMicrophonesAndUnmuteOneMicrophone_WhenThereAreOtherUnmutedMicrophones" storage="d:\actions-runner\_work\xpco\xpco\sc\components\remoteviewer\smartclient\tst\zsmartclient_unittest\bin\x64\debug\net472\zsmartclient_unittest.dll" id="68b8744b-0d04-5ccf-e59d-98d1006236e5">
      <TestCategory>
        <TestCategoryItem TestCategory="GisMapAudioController" />
      </TestCategory>
      <Execution id="cb44cd52-4dbe-4952-8991-60d808ce27ea" />
      <TestMethod codeBase="D:\actions-runner\_work\XPCO\XPCO\SC\Components\RemoteViewer\SmartClient\tst\zSmartClient_UnitTest\bin\x64\Debug\net472\zSmartClient_UnitTest.dll" adapterTypeName="executor://mstestadapter/v2" className="SmartClient_UnitTest.VideoOS.RemoteClient.GisMapData.GisMapAudioControllerTests" name="ToggleMicrophoneStateAsync_ShouldMuteAllOtherMicrophonesAndUnmuteOneMicrophone_WhenThereAreOtherUnmutedMicrophones" />
    </UnitTest>
    <UnitTest name="PtzSessionControllerInfo_UserChangedTest_Different_Domain" storage="d:\actions-runner\_work\xpco\xpco\sc\components\remoteviewer\smartclient\tst\zsmartclient_unittest\bin\x64\debug\net472\zsmartclient_unittest.dll" id="db2886ea-13dd-b03a-a528-49fda3ee9983">
      <Execution id="f0e729b2-c6f2-45bb-bcd6-2b6e77e15992" />
      <TestMethod codeBase="D:\actions-runner\_work\XPCO\XPCO\SC\Components\RemoteViewer\SmartClient\tst\zSmartClient_UnitTest\bin\x64\Debug\net472\zSmartClient_UnitTest.dll" adapterTypeName="executor://mstestadapter/v2" className="VideoOS.RemoteClient.Application.Controllers.UnitTest.PtzSessionControllerTest" name="PtzSessionControllerInfo_UserChangedTest_Different_Domain" />
    </UnitTest>
    <UnitTest name="EvidenceLockNotVisible_WhenFeatureDisabled" storage="d:\actions-runner\_work\xpco\xpco\sc\components\remoteviewer\smartclient\tst\zsmartclient_unittest\bin\x64\debug\net472\zsmartclient_unittest.dll" id="e7590a2a-9404-cfd8-85e4-42ebf7fee746">
      <TestCategory>
        <TestCategoryItem TestCategory="WorkspaceToolbar" />
      </TestCategory>
      <Execution id="cee478ee-0d3d-4247-8474-ec445f7a4168" />
      <TestMethod codeBase="D:\actions-runner\_work\XPCO\XPCO\SC\Components\RemoteViewer\SmartClient\tst\zSmartClient_UnitTest\bin\x64\Debug\net472\zSmartClient_UnitTest.dll" adapterTypeName="executor://mstestadapter/v2" className="SmartClient_UnitTest.VideoOS.RemoteClient.Application.UI.Content.WorkspaceToolbar.WorkspaceToolbarViewModelTests" name="EvidenceLockNotVisible_WhenFeatureDisabled" />
    </UnitTest>
    <UnitTest name="GetWorkspaceToolbarItems_ShouldReturnLiveToolbarItemEnabledPlaybackToolbarItemDisabled_WhenWorkspaceIsLive" storage="d:\actions-runner\_work\xpco\xpco\sc\components\remoteviewer\smartclient\tst\zsmartclient_unittest\bin\x64\debug\net472\zsmartclient_unittest.dll" id="4daaf6d7-7b46-8260-2000-7f96a4364f19">
      <TestCategory>
        <TestCategoryItem TestCategory="WorkspaceToolbar" />
      </TestCategory>
      <Execution id="d11e0ca4-7e5a-4b3c-9595-52583ebb2044" />
      <TestMethod codeBase="D:\actions-runner\_work\XPCO\XPCO\SC\Components\RemoteViewer\SmartClient\tst\zSmartClient_UnitTest\bin\x64\Debug\net472\zSmartClient_UnitTest.dll" adapterTypeName="executor://mstestadapter/v2" className="SmartClient_UnitTest.VideoOS.RemoteClient.Application.UI.Content.WorkspaceToolbar.MIPWorkspaceToolbarItemManagerTests" name="GetWorkspaceToolbarItems_ShouldReturnLiveToolbarItemEnabledPlaybackToolbarItemDisabled_WhenWorkspaceIsLive" />
    </UnitTest>
    <UnitTest name="PointMapItem_Load_Success" storage="d:\actions-runner\_work\xpco\xpco\sc\components\remoteviewer\smartclient\tst\zsmartclient_unittest\bin\x64\debug\net472\zsmartclient_unittest.dll" id="f8050766-a819-6e5a-f094-40b949fa7692">
      <TestCategory>
        <TestCategoryItem TestCategory="GisMapMapItem" />
      </TestCategory>
      <Execution id="47b7c1d8-96bc-41b2-b304-73867ddd3409" />
      <TestMethod codeBase="D:\actions-runner\_work\XPCO\XPCO\SC\Components\RemoteViewer\SmartClient\tst\zSmartClient_UnitTest\bin\x64\Debug\net472\zSmartClient_UnitTest.dll" adapterTypeName="executor://mstestadapter/v2" className="SmartClient_UnitTest.VideoOS.RemoteClient.GisMap.MapItem.MapItemTests" name="PointMapItem_Load_Success" />
    </UnitTest>
    <UnitTest name="TestProperties_Note_Success" storage="d:\actions-runner\_work\xpco\xpco\sc\components\remoteviewer\smartclient\tst\zsmartclient_unittest\bin\x64\debug\net472\zsmartclient_unittest.dll" id="b09a1385-ea97-6649-75a7-4f5d4ef865f4">
      <TestCategory>
        <TestCategoryItem TestCategory="GisMapBuilding" />
      </TestCategory>
      <Execution id="ab2a63db-57f6-4a2c-887d-c095963b02cb" />
      <TestMethod codeBase="D:\actions-runner\_work\XPCO\XPCO\SC\Components\RemoteViewer\SmartClient\tst\zSmartClient_UnitTest\bin\x64\Debug\net472\zSmartClient_UnitTest.dll" adapterTypeName="executor://mstestadapter/v2" className="SmartClient_UnitTest.VideoOS.RemoteClient.GisMapData.MapBuildings.MapLevelTests" name="TestProperties_Note_Success" />
    </UnitTest>
    <UnitTest name="DeviceIcons_ShouldHaveSevenElements_WhenCalled" storage="d:\actions-runner\_work\xpco\xpco\sc\components\remoteviewer\smartclient\tst\zsmartclient_unittest\bin\x64\debug\net472\zsmartclient_unittest.dll" id="0fea2cc1-51cc-e0fa-152a-f6a58ad22a37">
      <TestCategory>
        <TestCategoryItem TestCategory="GisMapData.InputOemResourcesProviderTests" />
      </TestCategory>
      <Execution id="5125d219-74c9-4218-bb95-f526e19c5b17" />
      <TestMethod codeBase="D:\actions-runner\_work\XPCO\XPCO\SC\Components\RemoteViewer\SmartClient\tst\zSmartClient_UnitTest\bin\x64\Debug\net472\zSmartClient_UnitTest.dll" adapterTypeName="executor://mstestadapter/v2" className="SmartClient_UnitTest.VideoOS.RemoteClient.GisMapData.Resources.InputOemResourcesProviderTests" name="DeviceIcons_ShouldHaveSevenElements_WhenCalled" />
    </UnitTest>
    <UnitTest name="AddToExportTuples_ShouldReturnCorrectResult (5,5,5)" storage="d:\actions-runner\_work\xpco\xpco\sc\components\remoteviewer\smartclient\tst\zsmartclient_unittest\bin\x64\debug\net472\zsmartclient_unittest.dll" id="1f36d00d-52dc-9505-27a0-fc9cb116fecb">
      <TestCategory>
        <TestCategoryItem TestCategory="Managers" />
      </TestCategory>
      <Execution id="708286f6-856f-4e6a-8220-cc882e29b9e7" />
      <TestMethod codeBase="D:\actions-runner\_work\XPCO\XPCO\SC\Components\RemoteViewer\SmartClient\tst\zSmartClient_UnitTest\bin\x64\Debug\net472\zSmartClient_UnitTest.dll" adapterTypeName="executor://mstestadapter/v2" className="SmartClient_UnitTest.VideoOS.RemoteClient.Application.Managers.ExportManagerTests" name="AddToExportTuples_ShouldReturnCorrectResult" />
    </UnitTest>
    <UnitTest name="SetResultsToReselect_ShouldBeReflectedInResultsProcessedEvent" storage="d:\actions-runner\_work\xpco\xpco\sc\components\remoteviewer\smartclient\tst\zsmartclient_unittest\bin\x64\debug\net472\zsmartclient_unittest.dll" id="c0f6f50e-70bb-6ec7-7cb1-70b1c03dbf38">
      <TestCategory>
        <TestCategoryItem TestCategory="SearchResultsPreprocessor" />
      </TestCategory>
      <Execution id="2809f82e-acff-4290-ad08-7c22a302731a" />
      <TestMethod codeBase="D:\actions-runner\_work\XPCO\XPCO\SC\Components\RemoteViewer\SmartClient\tst\zSmartClient_UnitTest\bin\x64\Debug\net472\zSmartClient_UnitTest.dll" adapterTypeName="executor://mstestadapter/v2" className="SmartClient_UnitTest.VideoOS.RemoteClient.Plugin.CentralizedSearch.Models.SearchResultsPreprocessorTests" name="SetResultsToReselect_ShouldBeReflectedInResultsProcessedEvent" />
    </UnitTest>
    <UnitTest name="SearchResultsActionBarActions_Export_OptionUnavailable_NotVisible" storage="d:\actions-runner\_work\xpco\xpco\sc\components\remoteviewer\smartclient\tst\zsmartclient_unittest\bin\x64\debug\net472\zsmartclient_unittest.dll" id="e2a3c11c-1944-c086-d9fe-0c8ab6c0a314">
      <TestCategory>
        <TestCategoryItem TestCategory="SearchResultActionBarViewModel" />
      </TestCategory>
      <Execution id="43a0bd6e-aba5-4b3f-a606-da401825fddf" />
      <TestMethod codeBase="D:\actions-runner\_work\XPCO\XPCO\SC\Components\RemoteViewer\SmartClient\tst\zSmartClient_UnitTest\bin\x64\Debug\net472\zSmartClient_UnitTest.dll" adapterTypeName="executor://mstestadapter/v2" className="SmartClient_UnitTest.VideoOS.RemoteClient.Plugin.CentralizedSearch.ViewModels.SearchResultsActionBarViewModelTest" name="SearchResultsActionBarActions_Export_OptionUnavailable_NotVisible" />
    </UnitTest>
    <UnitTest name="AuthType_ShouldReturnBasic_WhenConstructedUsingSimple" storage="d:\actions-runner\_work\xpco\xpco\sc\components\remoteviewer\smartclient\tst\zsmartclient_unittest\bin\x64\debug\net472\zsmartclient_unittest.dll" id="b53cbe33-730e-fb6f-4fda-1e9679963edf">
      <TestCategory>
        <TestCategoryItem TestCategory="Authentication.ClientCredentials" />
      </TestCategory>
      <Execution id="85e75708-259d-439a-b97d-91fab26df78c" />
      <TestMethod codeBase="D:\actions-runner\_work\XPCO\XPCO\SC\Components\RemoteViewer\SmartClient\tst\zSmartClient_UnitTest\bin\x64\Debug\net472\zSmartClient_UnitTest.dll" adapterTypeName="executor://mstestadapter/v2" className="SmartClient_UnitTest.VideoOS.Shared.ServerAPI.ClientCredentialsTest" name="AuthType_ShouldReturnBasic_WhenConstructedUsingSimple" />
    </UnitTest>
    <UnitTest name="DeserializeBrokenState_Fail" storage="d:\actions-runner\_work\xpco\xpco\sc\components\remoteviewer\smartclient\tst\zsmartclient_unittest\bin\x64\debug\net472\zsmartclient_unittest.dll" id="814ca95b-3749-a755-e5cd-7c6f8bffd2b6">
      <Execution id="708cddad-86cc-4bd5-a76c-a3bce71b1093" />
      <TestMethod codeBase="D:\actions-runner\_work\XPCO\XPCO\SC\Components\RemoteViewer\SmartClient\tst\zSmartClient_UnitTest\bin\x64\Debug\net472\zSmartClient_UnitTest.dll" adapterTypeName="executor://mstestadapter/v2" className="SmartClient_UnitTest.VideoOS.RemoteClient.Data.VideoWall.MonitorStateTests" name="DeserializeBrokenState_Fail" />
    </UnitTest>
    <UnitTest name="VideoResultSearchResult_ShouldOnlyHavePropertiesFromSecondContext_WhenSetTwiceWithoutThrowingOnTokenCancellation" storage="d:\actions-runner\_work\xpco\xpco\sc\components\remoteviewer\smartclient\tst\zsmartclient_unittest\bin\x64\debug\net472\zsmartclient_unittest.dll" id="d6a182f6-1abb-4c06-28b1-3486154a7ed6">
      <TestCategory>
        <TestCategoryItem TestCategory="SearchControls" />
      </TestCategory>
      <Execution id="1f4014d3-6982-405d-9479-a669736b3a53" />
      <TestMethod codeBase="D:\actions-runner\_work\XPCO\XPCO\SC\Components\RemoteViewer\SmartClient\tst\zSmartClient_UnitTest\bin\x64\Debug\net472\zSmartClient_UnitTest.dll" adapterTypeName="executor://mstestadapter/v2" className="SmartClient_UnitTest.VideoOS.RemoteClient.Plugin.CentralizedSearch.Views.Controls.SearchResultDetailsControlTests" name="VideoResultSearchResult_ShouldOnlyHavePropertiesFromSecondContext_WhenSetTwiceWithoutThrowingOnTokenCancellation" />
    </UnitTest>
    <UnitTest name="Constructor_ShouldInitialiseDeviceSelectorWindowViewModel_WhenCreatingInstance" storage="d:\actions-runner\_work\xpco\xpco\sc\components\remoteviewer\smartclient\tst\zsmartclient_unittest\bin\x64\debug\net472\zsmartclient_unittest.dll" id="97233566-784e-0a25-ecca-3d6658603571">
      <TestCategory>
        <TestCategoryItem TestCategory="GisMap.GisMapViewModel" />
      </TestCategory>
      <Execution id="54e27cfe-65d5-4135-829e-9a67091c43db" />
      <TestMethod codeBase="D:\actions-runner\_work\XPCO\XPCO\SC\Components\RemoteViewer\SmartClient\tst\zSmartClient_UnitTest\bin\x64\Debug\net472\zSmartClient_UnitTest.dll" adapterTypeName="executor://mstestadapter/v2" className="SmartClient_UnitTest.VideoOS.RemoteClient.Plugin.GisMap.ViewModels.GisMapViewModelTests" name="Constructor_ShouldInitialiseDeviceSelectorWindowViewModel_WhenCreatingInstance" />
    </UnitTest>
    <UnitTest name="BookmarkSearchTime_WithSearchStringInDifferentCases_ReturnCorrectBookmarkWithSearchStringInDescription (SeArChStRiNg,False,True,False,True,,,1)" storage="d:\actions-runner\_work\xpco\xpco\sc\components\remoteviewer\smartclient\tst\zsmartclient_unittest\bin\x64\debug\net472\zsmartclient_unittest.dll" id="780a8c0e-f11a-2814-e487-bc0747c662a2">
      <Execution id="9a80040d-bda3-4e37-b6d6-61304de7de0c" />
      <TestMethod codeBase="D:\actions-runner\_work\XPCO\XPCO\SC\Components\RemoteViewer\SmartClient\tst\zSmartClient_UnitTest\bin\x64\Debug\net472\zSmartClient_UnitTest.dll" adapterTypeName="executor://mstestadapter/v2" className="SmartClient_UnitTest.VideoOS.RemoteClient.Application.Data.Offline.UnitTest.BookmarkExportReaderTest" name="BookmarkSearchTime_WithSearchStringInDifferentCases_ReturnCorrectBookmarkWithSearchStringInDescription" />
    </UnitTest>
    <UnitTest name="HandleSetLayerFeatures_ShouldUpdateMicrophoneLayerFeatures_WhenMicrophoneKindAndMicrophoneLayerFeatures" storage="d:\actions-runner\_work\xpco\xpco\sc\components\remoteviewer\smartclient\tst\zsmartclient_unittest\bin\x64\debug\net472\zsmartclient_unittest.dll" id="eb1477a2-2fb7-b3cb-5428-9b4cc8d1e650">
      <TestCategory>
        <TestCategoryItem TestCategory="GisMapData.Handlers.LayerFeatures" />
      </TestCategory>
      <Execution id="d22702b9-dd7b-45d2-a8f2-97115c4660bb" />
      <TestMethod codeBase="D:\actions-runner\_work\XPCO\XPCO\SC\Components\RemoteViewer\SmartClient\tst\zSmartClient_UnitTest\bin\x64\Debug\net472\zSmartClient_UnitTest.dll" adapterTypeName="executor://mstestadapter/v2" className="SmartClient_UnitTest.VideoOS.RemoteClient.GisMapData.Handlers.LayerFeatures.MicrophoneLayerFeaturesHandlerTests" name="HandleSetLayerFeatures_ShouldUpdateMicrophoneLayerFeatures_WhenMicrophoneKindAndMicrophoneLayerFeatures" />
    </UnitTest>
    <UnitTest name="BookmarkSearchTime_WithSearchStringInDifferentCases_ReturnCorrectBookmarkWithSearchStringInDescription (SeArChStRiNg,True,True,False,True,,,1)" storage="d:\actions-runner\_work\xpco\xpco\sc\components\remoteviewer\smartclient\tst\zsmartclient_unittest\bin\x64\debug\net472\zsmartclient_unittest.dll" id="6c5f61a4-ad87-32db-d53b-dc288f4c0d0f">
      <Execution id="b879bac2-2b5a-4e77-a4ff-fd7f4d571399" />
      <TestMethod codeBase="D:\actions-runner\_work\XPCO\XPCO\SC\Components\RemoteViewer\SmartClient\tst\zSmartClient_UnitTest\bin\x64\Debug\net472\zSmartClient_UnitTest.dll" adapterTypeName="executor://mstestadapter/v2" className="SmartClient_UnitTest.VideoOS.RemoteClient.Application.Data.Offline.UnitTest.BookmarkExportReaderTest" name="BookmarkSearchTime_WithSearchStringInDifferentCases_ReturnCorrectBookmarkWithSearchStringInDescription" />
    </UnitTest>
    <UnitTest name="SaveSearchTemplateAsync_NoActive_Fails" storage="d:\actions-runner\_work\xpco\xpco\sc\components\remoteviewer\smartclient\tst\zsmartclient_unittest\bin\x64\debug\net472\zsmartclient_unittest.dll" id="a414dc23-7c3d-099a-1001-11be32d85424">
      <TestCategory>
        <TestCategoryItem TestCategory="SearchTemplates" />
      </TestCategory>
      <Execution id="97b7a43d-abc2-4c4c-aa29-7d91fd90681a" />
      <TestMethod codeBase="D:\actions-runner\_work\XPCO\XPCO\SC\Components\RemoteViewer\SmartClient\tst\zSmartClient_UnitTest\bin\x64\Debug\net472\zSmartClient_UnitTest.dll" adapterTypeName="executor://mstestadapter/v2" className="SmartClient_UnitTest.VideoOS.RemoteClient.Plugin.CentralizedSearch.SearchTemplates.SearchTemplateManagerTests" name="SaveSearchTemplateAsync_NoActive_Fails" />
    </UnitTest>
    <UnitTest name="EnsureLayersOrderIsValidBy_AddLayersAt_AfterLast_Success" storage="d:\actions-runner\_work\xpco\xpco\sc\components\remoteviewer\smartclient\tst\zsmartclient_unittest\bin\x64\debug\net472\zsmartclient_unittest.dll" id="1827dddb-e32e-3062-ab3d-687741a79313">
      <TestCategory>
        <TestCategoryItem TestCategory="GisMapLayers" />
      </TestCategory>
      <Execution id="11654f31-4329-49e0-ab2f-847ff43d6668" />
      <TestMethod codeBase="D:\actions-runner\_work\XPCO\XPCO\SC\Components\RemoteViewer\SmartClient\tst\zSmartClient_UnitTest\bin\x64\Debug\net472\zSmartClient_UnitTest.dll" adapterTypeName="executor://mstestadapter/v2" className="SmartClient_UnitTest.VideoOS.RemoteClient.GisMapData.GisMapLayerZOrderTests" name="EnsureLayersOrderIsValidBy_AddLayersAt_AfterLast_Success" />
    </UnitTest>
    <UnitTest name="FieldOfView_XPCO_SC_RoundtripTransform_Success" storage="d:\actions-runner\_work\xpco\xpco\sc\components\remoteviewer\smartclient\tst\zsmartclient_unittest\bin\x64\debug\net472\zsmartclient_unittest.dll" id="8ad53d84-7b7f-42f1-3c0f-a181a1bcf187">
      <TestCategory>
        <TestCategoryItem TestCategory="GisMap" />
      </TestCategory>
      <Execution id="c058e1f1-d394-4b68-b099-824531c38031" />
      <TestMethod codeBase="D:\actions-runner\_work\XPCO\XPCO\SC\Components\RemoteViewer\SmartClient\tst\zSmartClient_UnitTest\bin\x64\Debug\net472\zSmartClient_UnitTest.dll" adapterTypeName="executor://mstestadapter/v2" className="SmartClient_UnitTest.VideoOS.RemoteClient.GisMap.Utilities.GisUtilityTests" name="FieldOfView_XPCO_SC_RoundtripTransform_Success" />
    </UnitTest>
    <UnitTest name="HandleGetDeviceData_ShouldReturnNotFoundDeviceData_WhenNotSupportedKind" storage="d:\actions-runner\_work\xpco\xpco\sc\components\remoteviewer\smartclient\tst\zsmartclient_unittest\bin\x64\debug\net472\zsmartclient_unittest.dll" id="e5ac7c8b-5d6c-e4aa-7715-b9b1e7a9023f">
      <TestCategory>
        <TestCategoryItem TestCategory="GisMap.Handlers.Devices.MapItems" />
      </TestCategory>
      <Execution id="0edf4431-9d0a-4dfc-bf50-b6f3fd58448c" />
      <TestMethod codeBase="D:\actions-runner\_work\XPCO\XPCO\SC\Components\RemoteViewer\SmartClient\tst\zSmartClient_UnitTest\bin\x64\Debug\net472\zSmartClient_UnitTest.dll" adapterTypeName="executor://mstestadapter/v2" className="SmartClient_UnitTest.VideoOS.RemoteClient.Plugin.GisMap.Handlers.Devices.MapItems.OutputDataHandlerTests" name="HandleGetDeviceData_ShouldReturnNotFoundDeviceData_WhenNotSupportedKind" />
    </UnitTest>
    <UnitTest name="Valid password bigger length" storage="d:\actions-runner\_work\xpco\xpco\sc\components\remoteviewer\smartclient\tst\zsmartclient_unittest\bin\x64\debug\net472\zsmartclient_unittest.dll" id="90f82d21-92dc-bc32-5511-a2c2549dad1d">
      <TestCategory>
        <TestCategoryItem TestCategory="Export" />
      </TestCategory>
      <Execution id="71a21ecf-5a27-4aab-9eb3-6f978a1db5b2" />
      <TestMethod codeBase="D:\actions-runner\_work\XPCO\XPCO\SC\Components\RemoteViewer\SmartClient\tst\zSmartClient_UnitTest\bin\x64\Debug\net472\zSmartClient_UnitTest.dll" adapterTypeName="executor://mstestadapter/v2" className="SmartClient_UnitTest.VideoOS.RemoteClient.Plugin.Export.PasswordDialogViewModelTests" name="SettingPassword1_ShouldSetIsPassword1Valid" />
    </UnitTest>
    <UnitTest name="Constructor_ShouldRaiseArgumentNullException_WhenGisMapViewModelInteractionStateControllerIsNull" storage="d:\actions-runner\_work\xpco\xpco\sc\components\remoteviewer\smartclient\tst\zsmartclient_unittest\bin\x64\debug\net472\zsmartclient_unittest.dll" id="5b36a0fc-0af7-9466-52bd-af4aae9184ca">
      <TestCategory>
        <TestCategoryItem TestCategory="GisMap.DeviceSelectorWindowViewModel" />
      </TestCategory>
      <Execution id="19aa75a1-4de1-4071-b87d-c787f89099f2" />
      <TestMethod codeBase="D:\actions-runner\_work\XPCO\XPCO\SC\Components\RemoteViewer\SmartClient\tst\zSmartClient_UnitTest\bin\x64\Debug\net472\zSmartClient_UnitTest.dll" adapterTypeName="executor://mstestadapter/v2" className="SmartClient_UnitTest.VideoOS.RemoteClient.Plugin.GisMap.ViewModels.DeviceSelectorWindowViewModelTests" name="Constructor_ShouldRaiseArgumentNullException_WhenGisMapViewModelInteractionStateControllerIsNull" />
    </UnitTest>
    <UnitTest name="RetrievalTestStop" storage="d:\actions-runner\_work\xpco\xpco\sc\components\remoteviewer\smartclient\tst\zsmartclient_unittest\bin\x64\debug\net472\zsmartclient_unittest.dll" id="e3eaed0d-86bd-8f89-51b2-10bb869eeb76">
      <Execution id="11c7a2c9-8a89-4450-98aa-8ff210f59fe6" />
      <TestMethod codeBase="D:\actions-runner\_work\XPCO\XPCO\SC\Components\RemoteViewer\SmartClient\tst\zSmartClient_UnitTest\bin\x64\Debug\net472\zSmartClient_UnitTest.dll" adapterTypeName="executor://mstestadapter/v2" className="SmartClient_UnitTest.VideoOS.RemoteClient.Application.Managers.EdgeRetrievalTaskManagerUnitTest" name="RetrievalTestStop" />
    </UnitTest>
    <UnitTest name="ShowPermissionDeniedToasts_ShouldShowCorrectNumberOfToasts (1,1)" storage="d:\actions-runner\_work\xpco\xpco\sc\components\remoteviewer\smartclient\tst\zsmartclient_unittest\bin\x64\debug\net472\zsmartclient_unittest.dll" id="383557df-ae77-e167-ffa1-ee8498a57d67">
      <TestCategory>
        <TestCategoryItem TestCategory="Managers" />
      </TestCategory>
      <Execution id="5b868155-14de-4d27-837b-ae4dcb6ed94a" />
      <TestMethod codeBase="D:\actions-runner\_work\XPCO\XPCO\SC\Components\RemoteViewer\SmartClient\tst\zSmartClient_UnitTest\bin\x64\Debug\net472\zSmartClient_UnitTest.dll" adapterTypeName="executor://mstestadapter/v2" className="SmartClient_UnitTest.VideoOS.RemoteClient.Application.Managers.ExportResultsNotificationHelperTests" name="ShowPermissionDeniedToasts_ShouldShowCorrectNumberOfToasts" />
    </UnitTest>
    <UnitTest name="PatrollingStepViewModel_Position" storage="d:\actions-runner\_work\xpco\xpco\sc\components\remoteviewer\smartclient\tst\zsmartclient_unittest\bin\x64\debug\net472\zsmartclient_unittest.dll" id="24c926a6-ee97-c276-700e-e9cf4f4112ef">
      <Execution id="56a0e09a-f540-4e77-965a-70d195822ce6" />
      <TestMethod codeBase="D:\actions-runner\_work\XPCO\XPCO\SC\Components\RemoteViewer\SmartClient\tst\zSmartClient_UnitTest\bin\x64\Debug\net472\zSmartClient_UnitTest.dll" adapterTypeName="executor://mstestadapter/v2" className="SmartClient_UnitTest.VideoOS.RemoteClient.Application.UI.PtzPreset.PatrollingViewModel.PatrollingStepViewModelTest" name="PatrollingStepViewModel_Position" />
    </UnitTest>
    <UnitTest name="CameraItemsLayer_NotIsGeographic_Save_Success" storage="d:\actions-runner\_work\xpco\xpco\sc\components\remoteviewer\smartclient\tst\zsmartclient_unittest\bin\x64\debug\net472\zsmartclient_unittest.dll" id="6b9d0101-5179-e1bc-9826-482bb244b50e">
      <TestCategory>
        <TestCategoryItem TestCategory="GisMapLayer" />
      </TestCategory>
      <Execution id="0df729ce-3221-47ba-b1b0-7afdd8a61566" />
      <TestMethod codeBase="D:\actions-runner\_work\XPCO\XPCO\SC\Components\RemoteViewer\SmartClient\tst\zSmartClient_UnitTest\bin\x64\Debug\net472\zSmartClient_UnitTest.dll" adapterTypeName="executor://mstestadapter/v2" className="SmartClient_UnitTest.VideoOS.RemoteClient.GisMap.MapLayers.GisMapLayerTests" name="CameraItemsLayer_NotIsGeographic_Save_Success" />
    </UnitTest>
    <UnitTest name="SupportsDoubleClick_ShouldBeTrue_WhenInteractionStateIsNormal" storage="d:\actions-runner\_work\xpco\xpco\sc\components\remoteviewer\smartclient\tst\zsmartclient_unittest\bin\x64\debug\net472\zsmartclient_unittest.dll" id="390e2c5d-d097-3631-576d-cd317912483e">
      <TestCategory>
        <TestCategoryItem TestCategory="GisMap.OutputMarkerTest" />
      </TestCategory>
      <Execution id="c90d7ab6-98b6-48b7-869e-b01764eea228" />
      <TestMethod codeBase="D:\actions-runner\_work\XPCO\XPCO\SC\Components\RemoteViewer\SmartClient\tst\zSmartClient_UnitTest\bin\x64\Debug\net472\zSmartClient_UnitTest.dll" adapterTypeName="executor://mstestadapter/v2" className="SmartClient_UnitTest.VideoOS.RemoteClient.Plugin.GisMap.ThinkGeoMap.Markers.DeviceMarkers.OutputMarker.OutputMarkerTests" name="SupportsDoubleClick_ShouldBeTrue_WhenInteractionStateIsNormal" />
    </UnitTest>
    <UnitTest name="ClearTest" storage="d:\actions-runner\_work\xpco\xpco\sc\components\remoteviewer\smartclient\tst\zsmartclient_unittest\bin\x64\debug\net472\zsmartclient_unittest.dll" id="b8af5950-498b-c4c9-4d6a-619dcb6074cf">
      <Execution id="e38667f1-3ed7-42c7-b94e-6217851e82fa" />
      <TestMethod codeBase="D:\actions-runner\_work\XPCO\XPCO\SC\Components\RemoteViewer\SmartClient\tst\zSmartClient_UnitTest\bin\x64\Debug\net472\zSmartClient_UnitTest.dll" adapterTypeName="executor://mstestadapter/v2" className="SmartClient_UnitTest.VideoOS.RemoteClient.Application.Data.ContentTypes.CameraContentType.PrivacyMaskTest" name="ClearTest" />
    </UnitTest>
    <UnitTest name="Constructor_ShouldThrowArgumentNullException_WhenStateManagerIsNull" storage="d:\actions-runner\_work\xpco\xpco\sc\components\remoteviewer\smartclient\tst\zsmartclient_unittest\bin\x64\debug\net472\zsmartclient_unittest.dll" id="d01a472c-8c79-6237-bbd9-99dcce00cbb8">
      <Execution id="fdb22942-d992-4827-abbd-c60dd41b6740" />
      <TestMethod codeBase="D:\actions-runner\_work\XPCO\XPCO\SC\Components\RemoteViewer\SmartClient\tst\zSmartClient_UnitTest\bin\x64\Debug\net472\zSmartClient_UnitTest.dll" adapterTypeName="executor://mstestadapter/v2" className="SmartClient_UnitTest.VideoOS.RemoteClient.Application.UI.Settings.SettingsDialogViewModelTests" name="Constructor_ShouldThrowArgumentNullException_WhenStateManagerIsNull" />
    </UnitTest>
    <UnitTest name="Retention_Options_Are_Intersected" storage="d:\actions-runner\_work\xpco\xpco\sc\components\remoteviewer\smartclient\tst\zsmartclient_unittest\bin\x64\debug\net472\zsmartclient_unittest.dll" id="02ca40da-1acc-291d-7447-d3e7fda89520">
      <Execution id="c34623b7-84a2-4125-aa3f-ec2d498bb4a5" />
      <TestMethod codeBase="D:\actions-runner\_work\XPCO\XPCO\SC\Components\RemoteViewer\SmartClient\tst\zSmartClient_UnitTest\bin\x64\Debug\net472\zSmartClient_UnitTest.dll" adapterTypeName="executor://mstestadapter/v2" className="SmartClient_UnitTest.VideoOS.RemoteClient.Application.Components.EvidenceLock.EvidenceLockCreateEditTests" name="Retention_Options_Are_Intersected" />
    </UnitTest>
    <UnitTest name="ShowAccessControlSystems_ShouldReturnFalse_WhenTwoACSystemsNotSupportingCardholdersAvailable" storage="d:\actions-runner\_work\xpco\xpco\sc\components\remoteviewer\smartclient\tst\zsmartclient_unittest\bin\x64\debug\net472\zsmartclient_unittest.dll" id="e591cb66-07e5-1b9d-9e29-d469d485e69c">
      <Execution id="a1849782-b398-434b-bda0-52af7b5cd18c" />
      <TestMethod codeBase="D:\actions-runner\_work\XPCO\XPCO\SC\Components\RemoteViewer\SmartClient\tst\zSmartClient_UnitTest\bin\x64\Debug\net472\zSmartClient_UnitTest.dll" adapterTypeName="executor://mstestadapter/v2" className="SmartClient_UnitTest.VideoOS.RemoteClient.AccessControl.ViewModel.CardholdersTabViewModelTests" name="ShowAccessControlSystems_ShouldReturnFalse_WhenTwoACSystemsNotSupportingCardholdersAvailable" />
    </UnitTest>
    <UnitTest name="TestInitializeWorkrooms_AllBuiltinWorkroomsWithSearchTabAsInitialWorkroom_Success" storage="d:\actions-runner\_work\xpco\xpco\sc\components\remoteviewer\smartclient\tst\zsmartclient_unittest\bin\x64\debug\net472\zsmartclient_unittest.dll" id="d02a9bfe-ef70-0b80-6768-a063d853aefd">
      <TestCategory>
        <TestCategoryItem TestCategory="WorkroomController" />
      </TestCategory>
      <Execution id="fdf74524-6433-4758-b590-151c0533d970" />
      <TestMethod codeBase="D:\actions-runner\_work\XPCO\XPCO\SC\Components\RemoteViewer\SmartClient\tst\zSmartClient_UnitTest\bin\x64\Debug\net472\zSmartClient_UnitTest.dll" adapterTypeName="executor://mstestadapter/v2" className="VideoOS.RemoteClient.Application.Controllers.WorkroomController.UnitTest.TabWorkroomControllerTest" name="TestInitializeWorkrooms_AllBuiltinWorkroomsWithSearchTabAsInitialWorkroom_Success" />
    </UnitTest>
    <UnitTest name="RemoveAttributeValueCommand_NotNullValue_AttributeValueCleared" storage="d:\actions-runner\_work\xpco\xpco\sc\components\remoteviewer\smartclient\tst\zsmartclient_unittest\bin\x64\debug\net472\zsmartclient_unittest.dll" id="ed35a7f0-03d4-ea75-0507-862afb897619">
      <TestCategory>
        <TestCategoryItem TestCategory="Search" />
      </TestCategory>
      <Execution id="8f8c394e-5809-4fc7-bb7f-3e22bba696d0" />
      <TestMethod codeBase="D:\actions-runner\_work\XPCO\XPCO\SC\Components\RemoteViewer\SmartClient\tst\zSmartClient_UnitTest\bin\x64\Debug\net472\zSmartClient_UnitTest.dll" adapterTypeName="executor://mstestadapter/v2" className="SmartClient_UnitTest.VideoOS.RemoteClient.Plugin.CentralizedSearch.ViewModels.SearchAttributeViewModelTests" name="RemoveAttributeValueCommand_NotNullValue_AttributeValueCleared" />
    </UnitTest>
    <UnitTest name="PatrollingStepViewModel_SelectedPatrollingPreset" storage="d:\actions-runner\_work\xpco\xpco\sc\components\remoteviewer\smartclient\tst\zsmartclient_unittest\bin\x64\debug\net472\zsmartclient_unittest.dll" id="cf688c28-2d6d-a793-dedf-06d48b63f6f1">
      <Execution id="eefb8f25-6feb-4fb3-bbfa-f9bc3207c5f8" />
      <TestMethod codeBase="D:\actions-runner\_work\XPCO\XPCO\SC\Components\RemoteViewer\SmartClient\tst\zSmartClient_UnitTest\bin\x64\Debug\net472\zSmartClient_UnitTest.dll" adapterTypeName="executor://mstestadapter/v2" className="SmartClient_UnitTest.VideoOS.RemoteClient.Application.UI.PtzPreset.PatrollingViewModel.PatrollingStepViewModelTest" name="PatrollingStepViewModel_SelectedPatrollingPreset" />
    </UnitTest>
    <UnitTest name="ModelSerialization_DeserializeSerialize_SerializationXmlIsSame" storage="d:\actions-runner\_work\xpco\xpco\sc\components\remoteviewer\smartclient\tst\zsmartclient_unittest\bin\x64\debug\net472\zsmartclient_unittest.dll" id="1663762a-2500-b801-aa4a-60e46d01fc4b">
      <TestCategory>
        <TestCategoryItem TestCategory="SearchModels" />
      </TestCategory>
      <Execution id="8cdf793a-a9e8-4942-8d04-cb3c18dea4bd" />
      <TestMethod codeBase="D:\actions-runner\_work\XPCO\XPCO\SC\Components\RemoteViewer\SmartClient\tst\zSmartClient_UnitTest\bin\x64\Debug\net472\zSmartClient_UnitTest.dll" adapterTypeName="executor://mstestadapter/v2" className="SmartClient_UnitTest.VideoOS.RemoteClient.Plugin.CentralizedSearch.Models.SearchModelTests" name="ModelSerialization_DeserializeSerialize_SerializationXmlIsSame" />
    </UnitTest>
    <UnitTest name="BuildMapOptions_ShouldHandleStringOptionsCorrectly (GisMapOpenStreetMapAlternativeServer,,False)" storage="d:\actions-runner\_work\xpco\xpco\sc\components\remoteviewer\smartclient\tst\zsmartclient_unittest\bin\x64\debug\net472\zsmartclient_unittest.dll" id="ae852a8d-7ae4-98ec-f509-452d42fd042a">
      <Execution id="ef840e7e-fcd0-4404-8a53-410558d9f321" />
      <TestMethod codeBase="D:\actions-runner\_work\XPCO\XPCO\SC\Components\RemoteViewer\SmartClient\tst\zSmartClient_UnitTest\bin\x64\Debug\net472\zSmartClient_UnitTest.dll" adapterTypeName="executor://mstestadapter/v2" className="SmartClient_UnitTest.VideoOS.RemoteClient.Application.Common.Telemetry.TelemetryBuilderTests" name="BuildMapOptions_ShouldHandleStringOptionsCorrectly" />
    </UnitTest>
    <UnitTest name="EnsureLayersOrderIsValidBy_Swap210_Success" storage="d:\actions-runner\_work\xpco\xpco\sc\components\remoteviewer\smartclient\tst\zsmartclient_unittest\bin\x64\debug\net472\zsmartclient_unittest.dll" id="4203d4af-b5bf-b00b-9139-2a7c647d28e9">
      <TestCategory>
        <TestCategoryItem TestCategory="GisMapLayers" />
      </TestCategory>
      <Execution id="464cf3c6-52de-49ac-9cb1-6c6d8a67798d" />
      <TestMethod codeBase="D:\actions-runner\_work\XPCO\XPCO\SC\Components\RemoteViewer\SmartClient\tst\zSmartClient_UnitTest\bin\x64\Debug\net472\zSmartClient_UnitTest.dll" adapterTypeName="executor://mstestadapter/v2" className="SmartClient_UnitTest.VideoOS.RemoteClient.GisMapData.GisMapLayerZOrderTests" name="EnsureLayersOrderIsValidBy_Swap210_Success" />
    </UnitTest>
    <UnitTest name="MapLayerType_ShouldBeNull_WhenCalled" storage="d:\actions-runner\_work\xpco\xpco\sc\components\remoteviewer\smartclient\tst\zsmartclient_unittest\bin\x64\debug\net472\zsmartclient_unittest.dll" id="623a898d-977d-5b91-e1b8-7c6682d95502">
      <Execution id="47df2d8d-4d08-4d85-ba6b-af86e2a6b029" />
      <TestMethod codeBase="D:\actions-runner\_work\XPCO\XPCO\SC\Components\RemoteViewer\SmartClient\tst\zSmartClient_UnitTest\bin\x64\Debug\net472\zSmartClient_UnitTest.dll" adapterTypeName="executor://mstestadapter/v2" className="SmartClient_UnitTest.VideoOS.RemoteClient.GisMapData.Strategies.MapLayers.MipMapLayerDatagramClassFactoryStrategyTests" name="MapLayerType_ShouldBeNull_WhenCalled" />
    </UnitTest>
    <UnitTest name="Outline_ShouldRejectSet_WhenOutlineIsNull" storage="d:\actions-runner\_work\xpco\xpco\sc\components\remoteviewer\smartclient\tst\zsmartclient_unittest\bin\x64\debug\net472\zsmartclient_unittest.dll" id="5d6c44db-c687-1340-5e99-d0beeace71f3">
      <TestCategory>
        <TestCategoryItem TestCategory="GisMapBuilding" />
      </TestCategory>
      <Execution id="8e0739be-4773-49f9-a862-14aeedd84c5e" />
      <TestMethod codeBase="D:\actions-runner\_work\XPCO\XPCO\SC\Components\RemoteViewer\SmartClient\tst\zSmartClient_UnitTest\bin\x64\Debug\net472\zSmartClient_UnitTest.dll" adapterTypeName="executor://mstestadapter/v2" className="SmartClient_UnitTest.VideoOS.RemoteClient.GisMap.MapBuildingTests" name="Outline_ShouldRejectSet_WhenOutlineIsNull" />
    </UnitTest>
    <UnitTest name="TestBuildingLoadAsync_Success" storage="d:\actions-runner\_work\xpco\xpco\sc\components\remoteviewer\smartclient\tst\zsmartclient_unittest\bin\x64\debug\net472\zsmartclient_unittest.dll" id="1828ecd5-bb3e-6d98-809c-f913ae167b2a">
      <TestCategory>
        <TestCategoryItem TestCategory="GisMapBuilding" />
      </TestCategory>
      <Execution id="3bf31237-39a4-415f-a89f-c2b9ef7a12fa" />
      <TestMethod codeBase="D:\actions-runner\_work\XPCO\XPCO\SC\Components\RemoteViewer\SmartClient\tst\zSmartClient_UnitTest\bin\x64\Debug\net472\zSmartClient_UnitTest.dll" adapterTypeName="executor://mstestadapter/v2" className="SmartClient_UnitTest.VideoOS.RemoteClient.GisMap.MapBuildingTests" name="TestBuildingLoadAsync_Success" />
    </UnitTest>
    <UnitTest name="AddToExportTuples_ShouldReturnCorrectResult (0,5,0)" storage="d:\actions-runner\_work\xpco\xpco\sc\components\remoteviewer\smartclient\tst\zsmartclient_unittest\bin\x64\debug\net472\zsmartclient_unittest.dll" id="338ec46a-cbb9-1c81-1283-b774722703ea">
      <TestCategory>
        <TestCategoryItem TestCategory="Managers" />
      </TestCategory>
      <Execution id="d1fa4117-7a57-4a7a-99c4-a1e85482e8f3" />
      <TestMethod codeBase="D:\actions-runner\_work\XPCO\XPCO\SC\Components\RemoteViewer\SmartClient\tst\zSmartClient_UnitTest\bin\x64\Debug\net472\zSmartClient_UnitTest.dll" adapterTypeName="executor://mstestadapter/v2" className="SmartClient_UnitTest.VideoOS.RemoteClient.Application.Managers.ExportManagerTests" name="AddToExportTuples_ShouldReturnCorrectResult" />
    </UnitTest>
    <UnitTest name="GetWorkspaceToolbarItems_ShouldReturnLiveToolbarItemDisabledPlaybackToolbarItemEnabled_WhenWorkspaceIsPlayback" storage="d:\actions-runner\_work\xpco\xpco\sc\components\remoteviewer\smartclient\tst\zsmartclient_unittest\bin\x64\debug\net472\zsmartclient_unittest.dll" id="94ba17e6-30fb-3cd3-1d80-21c645e8deb9">
      <TestCategory>
        <TestCategoryItem TestCategory="WorkspaceToolbar" />
      </TestCategory>
      <Execution id="78a6af07-6d92-41d6-b752-bc53e88f5fa8" />
      <TestMethod codeBase="D:\actions-runner\_work\XPCO\XPCO\SC\Components\RemoteViewer\SmartClient\tst\zSmartClient_UnitTest\bin\x64\Debug\net472\zSmartClient_UnitTest.dll" adapterTypeName="executor://mstestadapter/v2" className="SmartClient_UnitTest.VideoOS.RemoteClient.Application.UI.Content.WorkspaceToolbar.MIPWorkspaceToolbarItemManagerTests" name="GetWorkspaceToolbarItems_ShouldReturnLiveToolbarItemDisabledPlaybackToolbarItemEnabled_WhenWorkspaceIsPlayback" />
    </UnitTest>
    <UnitTest name="Warning_Shown_When_Removing_Camera" storage="d:\actions-runner\_work\xpco\xpco\sc\components\remoteviewer\smartclient\tst\zsmartclient_unittest\bin\x64\debug\net472\zsmartclient_unittest.dll" id="8ecade2b-3ad6-f16a-0138-df9b1b58928f">
      <Execution id="bc931909-6d9f-4d17-865a-862fe77efa2b" />
      <TestMethod codeBase="D:\actions-runner\_work\XPCO\XPCO\SC\Components\RemoteViewer\SmartClient\tst\zSmartClient_UnitTest\bin\x64\Debug\net472\zSmartClient_UnitTest.dll" adapterTypeName="executor://mstestadapter/v2" className="SmartClient_UnitTest.VideoOS.RemoteClient.Application.Components.EvidenceLock.EvidenceLockCreateEditTests" name="Warning_Shown_When_Removing_Camera" />
    </UnitTest>
    <UnitTest name="SupportsDoubleClick_ShouldBeFalse_WhenInteractionStateIsNotNormalOrNewDevice" storage="d:\actions-runner\_work\xpco\xpco\sc\components\remoteviewer\smartclient\tst\zsmartclient_unittest\bin\x64\debug\net472\zsmartclient_unittest.dll" id="c0d12a95-e15f-6166-5a13-d922c014e85f">
      <TestCategory>
        <TestCategoryItem TestCategory="GisMap.CameraMarker" />
      </TestCategory>
      <Execution id="fac74e32-7a07-4928-96b5-edbd0442f4d1" />
      <TestMethod codeBase="D:\actions-runner\_work\XPCO\XPCO\SC\Components\RemoteViewer\SmartClient\tst\zSmartClient_UnitTest\bin\x64\Debug\net472\zSmartClient_UnitTest.dll" adapterTypeName="executor://mstestadapter/v2" className="SmartClient_UnitTest.VideoOS.RemoteClient.Plugin.GisMap.ThinkGeoMap.Markers.DeviceMarkers.CameraMarker.CameraMarkerTests" name="SupportsDoubleClick_ShouldBeFalse_WhenInteractionStateIsNotNormalOrNewDevice" />
    </UnitTest>
    <UnitTest name="SmartWallButtonHidden_WhenNotInSmartWallView" storage="d:\actions-runner\_work\xpco\xpco\sc\components\remoteviewer\smartclient\tst\zsmartclient_unittest\bin\x64\debug\net472\zsmartclient_unittest.dll" id="ba697472-1eee-6276-10b8-517f33455021">
      <TestCategory>
        <TestCategoryItem TestCategory="WorkspaceToolbar" />
      </TestCategory>
      <Execution id="aeb4a238-bfbb-4f7c-bb2f-d1d367541992" />
      <TestMethod codeBase="D:\actions-runner\_work\XPCO\XPCO\SC\Components\RemoteViewer\SmartClient\tst\zSmartClient_UnitTest\bin\x64\Debug\net472\zSmartClient_UnitTest.dll" adapterTypeName="executor://mstestadapter/v2" className="SmartClient_UnitTest.VideoOS.RemoteClient.Application.UI.Content.WorkspaceToolbar.WorkspaceToolbarViewModelTests" name="SmartWallButtonHidden_WhenNotInSmartWallView" />
    </UnitTest>
    <UnitTest name="RemoveItems_EmptyCollection_NoClusterChanges" storage="d:\actions-runner\_work\xpco\xpco\sc\components\remoteviewer\smartclient\tst\zsmartclient_unittest\bin\x64\debug\net472\zsmartclient_unittest.dll" id="b87a1c99-d996-5e0b-a096-13dd2701c2c1">
      <TestCategory>
        <TestCategoryItem TestCategory="GisMapIndex" />
      </TestCategory>
      <Execution id="a2a57bae-53b6-4f64-921e-37ca7a051547" />
      <TestMethod codeBase="D:\actions-runner\_work\XPCO\XPCO\SC\Components\RemoteViewer\SmartClient\tst\zSmartClient_UnitTest\bin\x64\Debug\net472\zSmartClient_UnitTest.dll" adapterTypeName="executor://mstestadapter/v2" className="SmartClient_UnitTest.VideoOS.RemoteClient.GisMapData.Common.Indexer.MapItemIndexerTests" name="RemoveItems_EmptyCollection_NoClusterChanges" />
    </UnitTest>
    <UnitTest name="IsOAuth_ShouldReturnFalse_WhenConstructedUsingWindows" storage="d:\actions-runner\_work\xpco\xpco\sc\components\remoteviewer\smartclient\tst\zsmartclient_unittest\bin\x64\debug\net472\zsmartclient_unittest.dll" id="95263003-a60e-ad32-6d79-b2420a12e34b">
      <TestCategory>
        <TestCategoryItem TestCategory="Authentication.ClientCredentials" />
      </TestCategory>
      <Execution id="48cc93c7-94ee-4860-915b-f58af20bf48d" />
      <TestMethod codeBase="D:\actions-runner\_work\XPCO\XPCO\SC\Components\RemoteViewer\SmartClient\tst\zSmartClient_UnitTest\bin\x64\Debug\net472\zSmartClient_UnitTest.dll" adapterTypeName="executor://mstestadapter/v2" className="SmartClient_UnitTest.VideoOS.Shared.ServerAPI.ClientCredentialsTest" name="IsOAuth_ShouldReturnFalse_WhenConstructedUsingWindows" />
    </UnitTest>
    <UnitTest name="ScWorkSpaceModeChangedEvent_ShouldSetDeviceIsDisabledToTrue_WhenSwitchingToBrowseMode" storage="d:\actions-runner\_work\xpco\xpco\sc\components\remoteviewer\smartclient\tst\zsmartclient_unittest\bin\x64\debug\net472\zsmartclient_unittest.dll" id="42b5cf79-6dbd-73ce-f336-4c9a97122aad">
      <TestCategory>
        <TestCategoryItem TestCategory="GisMapData.MapLayers" />
      </TestCategory>
      <Execution id="9fdb4a9d-59d3-4f02-934e-7fb3fbd8e793" />
      <TestMethod codeBase="D:\actions-runner\_work\XPCO\XPCO\SC\Components\RemoteViewer\SmartClient\tst\zSmartClient_UnitTest\bin\x64\Debug\net472\zSmartClient_UnitTest.dll" adapterTypeName="executor://mstestadapter/v2" className="SmartClient_UnitTest.VideoOS.RemoteClient.GisMapData.MapLayers.MicrophoneItemsMapLayerTests" name="ScWorkSpaceModeChangedEvent_ShouldSetDeviceIsDisabledToTrue_WhenSwitchingToBrowseMode" />
    </UnitTest>
    <UnitTest name="Password 1 too short" storage="d:\actions-runner\_work\xpco\xpco\sc\components\remoteviewer\smartclient\tst\zsmartclient_unittest\bin\x64\debug\net472\zsmartclient_unittest.dll" id="6f38fefe-03f5-0f1c-3a6a-8844abdc82dd">
      <TestCategory>
        <TestCategoryItem TestCategory="Export" />
      </TestCategory>
      <Execution id="eb7f9b4c-0a43-4e00-87dc-f6b83fe2f51a" />
      <TestMethod codeBase="D:\actions-runner\_work\XPCO\XPCO\SC\Components\RemoteViewer\SmartClient\tst\zSmartClient_UnitTest\bin\x64\Debug\net472\zSmartClient_UnitTest.dll" adapterTypeName="executor://mstestadapter/v2" className="SmartClient_UnitTest.VideoOS.RemoteClient.Plugin.Export.PasswordDialogViewModelTests" name="InitialPassword_ShouldResultInCorrectValidity" />
    </UnitTest>
    <UnitTest name="PtzSessionControllerInfo_UserChangedTest_NoChange" storage="d:\actions-runner\_work\xpco\xpco\sc\components\remoteviewer\smartclient\tst\zsmartclient_unittest\bin\x64\debug\net472\zsmartclient_unittest.dll" id="d72e9a2a-9534-badd-5a74-22ef698e678e">
      <Execution id="c57e4b93-5166-4929-bb47-fc7158e35e90" />
      <TestMethod codeBase="D:\actions-runner\_work\XPCO\XPCO\SC\Components\RemoteViewer\SmartClient\tst\zSmartClient_UnitTest\bin\x64\Debug\net472\zSmartClient_UnitTest.dll" adapterTypeName="executor://mstestadapter/v2" className="VideoOS.RemoteClient.Application.Controllers.UnitTest.PtzSessionControllerTest" name="PtzSessionControllerInfo_UserChangedTest_NoChange" />
    </UnitTest>
    <UnitTest name="TestConstructor_NullMapBuilding_Failure" storage="d:\actions-runner\_work\xpco\xpco\sc\components\remoteviewer\smartclient\tst\zsmartclient_unittest\bin\x64\debug\net472\zsmartclient_unittest.dll" id="1fb4c865-1faa-3cb2-dba2-5caed6ef1c09">
      <TestCategory>
        <TestCategoryItem TestCategory="GisMapBuilding" />
      </TestCategory>
      <Execution id="af6b5c96-724a-495d-afd3-9f9ff4d8644f" />
      <TestMethod codeBase="D:\actions-runner\_work\XPCO\XPCO\SC\Components\RemoteViewer\SmartClient\tst\zSmartClient_UnitTest\bin\x64\Debug\net472\zSmartClient_UnitTest.dll" adapterTypeName="executor://mstestadapter/v2" className="SmartClient_UnitTest.VideoOS.RemoteClient.GisMapData.MapBuildings.MapLevelTests" name="TestConstructor_NullMapBuilding_Failure" />
    </UnitTest>
    <UnitTest name="Decorate_ShouldAddChildren_WhenThereAreLayersImplementingITitleToggleableWithItems" storage="d:\actions-runner\_work\xpco\xpco\sc\components\remoteviewer\smartclient\tst\zsmartclient_unittest\bin\x64\debug\net472\zsmartclient_unittest.dll" id="3215309a-c170-3a90-36e8-c896704e6333">
      <TestCategory>
        <TestCategoryItem TestCategory="GisMap.LayerVisibilityItemDataChildrenToggleItemDecoratorTests" />
      </TestCategory>
      <Execution id="49b8f0ea-6ed0-4ba7-aaf1-3a8a1c00204f" />
      <TestMethod codeBase="D:\actions-runner\_work\XPCO\XPCO\SC\Components\RemoteViewer\SmartClient\tst\zSmartClient_UnitTest\bin\x64\Debug\net472\zSmartClient_UnitTest.dll" adapterTypeName="executor://mstestadapter/v2" className="SmartClient_UnitTest.VideoOS.RemoteClient.Plugin.GisMap.ViewModels.LayersVisibility.Decorators.LayerVisibilityItemDataChildrenToggleItemDecoratorTests" name="Decorate_ShouldAddChildren_WhenThereAreLayersImplementingITitleToggleableWithItems" />
    </UnitTest>
    <UnitTest name="Ctor_SearchReportData_Success" storage="d:\actions-runner\_work\xpco\xpco\sc\components\remoteviewer\smartclient\tst\zsmartclient_unittest\bin\x64\debug\net472\zsmartclient_unittest.dll" id="0c50efac-b8b6-9fec-2121-593589ddcef1">
      <TestCategory>
        <TestCategoryItem TestCategory="Search" />
      </TestCategory>
      <Execution id="7a2bc53d-0d80-4dd4-97b1-f5b154925257" />
      <TestMethod codeBase="D:\actions-runner\_work\XPCO\XPCO\SC\Components\RemoteViewer\SmartClient\tst\zSmartClient_UnitTest\bin\x64\Debug\net472\zSmartClient_UnitTest.dll" adapterTypeName="executor://mstestadapter/v2" className="SmartClient_UnitTest.VideoOS.RemoteClient.Plugin.CentralizedSearch.ViewModels.SearchReportViewModelTests" name="Ctor_SearchReportData_Success" />
    </UnitTest>
    <UnitTest name="NavigateAndSelectAsync_SelectAdditionalCamera_ReCenterCommandEnabled" storage="d:\actions-runner\_work\xpco\xpco\sc\components\remoteviewer\smartclient\tst\zsmartclient_unittest\bin\x64\debug\net472\zsmartclient_unittest.dll" id="60bdbe1c-556f-ee06-0399-2842675c306a">
      <TestCategory>
        <TestCategoryItem TestCategory="GisMap.GisMapViewModel" />
      </TestCategory>
      <Execution id="f36a2565-f00e-4119-bfdd-7a77eeb7c299" />
      <TestMethod codeBase="D:\actions-runner\_work\XPCO\XPCO\SC\Components\RemoteViewer\SmartClient\tst\zSmartClient_UnitTest\bin\x64\Debug\net472\zSmartClient_UnitTest.dll" adapterTypeName="executor://mstestadapter/v2" className="SmartClient_UnitTest.VideoOS.RemoteClient.Plugin.GisMap.ViewModels.GisMapViewModelTests" name="NavigateAndSelectAsync_SelectAdditionalCamera_ReCenterCommandEnabled" />
    </UnitTest>
    <UnitTest name="CreateNewGroup_NewUser" storage="d:\actions-runner\_work\xpco\xpco\sc\components\remoteviewer\smartclient\tst\zsmartclient_unittest\bin\x64\debug\net472\zsmartclient_unittest.dll" id="41f04a9d-5df2-9e79-b05d-aaa6c4b08e60">
      <Execution id="4ad8a6d6-dfbc-48e3-aad9-465b5a3bade0" />
      <TestMethod codeBase="D:\actions-runner\_work\XPCO\XPCO\SC\Components\RemoteViewer\SmartClient\tst\zSmartClient_UnitTest\bin\x64\Debug\net472\zSmartClient_UnitTest.dll" adapterTypeName="executor://mstestadapter/v2" className="SmartClient_UnitTest.VideoOS.Shared.ViewGroupSerializationControllerTests" name="CreateNewGroup_NewUser" />
    </UnitTest>
    <UnitTest name="GetLayerVisibilityItemsData_ShouldAddDeviceFixedLayerInOrder_WhenMultipleLayersAreProvided" storage="d:\actions-runner\_work\xpco\xpco\sc\components\remoteviewer\smartclient\tst\zsmartclient_unittest\bin\x64\debug\net472\zsmartclient_unittest.dll" id="caaa1ff0-9d50-8a88-cc0f-12986835057f">
      <TestCategory>
        <TestCategoryItem TestCategory="GisMap.DefaultFixedLayerManagerStrategyTests" />
      </TestCategory>
      <Execution id="01429b5d-fe36-47eb-af6a-6820e6b1ee8f" />
      <TestMethod codeBase="D:\actions-runner\_work\XPCO\XPCO\SC\Components\RemoteViewer\SmartClient\tst\zSmartClient_UnitTest\bin\x64\Debug\net472\zSmartClient_UnitTest.dll" adapterTypeName="executor://mstestadapter/v2" className="SmartClient_UnitTest.VideoOS.RemoteClient.Plugin.GisMap.ViewModels.LayersVisibility.FixedLayers.DefaultFixedLayerManagerStrategyTests" name="GetLayerVisibilityItemsData_ShouldAddDeviceFixedLayerInOrder_WhenMultipleLayersAreProvided" />
    </UnitTest>
    <UnitTest name="InputMapItem_UpdateName_Rejected" storage="d:\actions-runner\_work\xpco\xpco\sc\components\remoteviewer\smartclient\tst\zsmartclient_unittest\bin\x64\debug\net472\zsmartclient_unittest.dll" id="dd6a6056-335a-e790-dd5c-836d1beab39a">
      <TestCategory>
        <TestCategoryItem TestCategory="GisMapData.MapItem.Inputs" />
      </TestCategory>
      <Execution id="9a118a03-37e6-4580-86b3-a9ee2a601ca4" />
      <TestMethod codeBase="D:\actions-runner\_work\XPCO\XPCO\SC\Components\RemoteViewer\SmartClient\tst\zSmartClient_UnitTest\bin\x64\Debug\net472\zSmartClient_UnitTest.dll" adapterTypeName="executor://mstestadapter/v2" className="SmartClient_UnitTest.VideoOS.RemoteClient.GisMapData.MapItem.Inputs.InputMapItemTests" name="InputMapItem_UpdateName_Rejected" />
    </UnitTest>
    <UnitTest name="ValidateExportName_ShouldReturnFailResult_InvalidCharactersInExportName (1213&gt;)" storage="d:\actions-runner\_work\xpco\xpco\sc\components\remoteviewer\smartclient\tst\zsmartclient_unittest\bin\x64\debug\net472\zsmartclient_unittest.dll" id="f0c5812c-630c-2912-6782-e7e51d2e4caa">
      <TestCategory>
        <TestCategoryItem TestCategory="Export" />
      </TestCategory>
      <Execution id="0c20bdd9-353c-40df-9be8-ab876069c94a" />
      <TestMethod codeBase="D:\actions-runner\_work\XPCO\XPCO\SC\Components\RemoteViewer\SmartClient\tst\zSmartClient_UnitTest\bin\x64\Debug\net472\zSmartClient_UnitTest.dll" adapterTypeName="executor://mstestadapter/v2" className="SmartClient_UnitTest.VideoOS.RemoteClient.Plugin.Export.ExportDataValidatorTests" name="ValidateExportName_ShouldReturnFailResult_InvalidCharactersInExportName" />
    </UnitTest>
    <UnitTest name="DeviceIcons_ShouldBeCached_WhenCalled" storage="d:\actions-runner\_work\xpco\xpco\sc\components\remoteviewer\smartclient\tst\zsmartclient_unittest\bin\x64\debug\net472\zsmartclient_unittest.dll" id="e788a2d0-4486-022b-835a-f533cc3033d2">
      <TestCategory>
        <TestCategoryItem TestCategory="GisMapData.OutputOemResourcesProviderTests" />
      </TestCategory>
      <Execution id="8a762496-6e41-43e2-8af9-3cd518166380" />
      <TestMethod codeBase="D:\actions-runner\_work\XPCO\XPCO\SC\Components\RemoteViewer\SmartClient\tst\zSmartClient_UnitTest\bin\x64\Debug\net472\zSmartClient_UnitTest.dll" adapterTypeName="executor://mstestadapter/v2" className="SmartClient_UnitTest.VideoOS.RemoteClient.GisMapData.Resources.OutputOemResourcesProviderTests" name="DeviceIcons_ShouldBeCached_WhenCalled" />
    </UnitTest>
    <UnitTest name="Both enabled, forced" storage="d:\actions-runner\_work\xpco\xpco\sc\components\remoteviewer\smartclient\tst\zsmartclient_unittest\bin\x64\debug\net472\zsmartclient_unittest.dll" id="374a86fe-b697-52f4-06b9-ec8ef8d94c81">
      <TestCategory>
        <TestCategoryItem TestCategory="Export" />
      </TestCategory>
      <Execution id="cf6fe4b6-4d7d-490a-98a4-30915c9c06af" />
      <TestMethod codeBase="D:\actions-runner\_work\XPCO\XPCO\SC\Components\RemoteViewer\SmartClient\tst\zSmartClient_UnitTest\bin\x64\Debug\net472\zSmartClient_UnitTest.dll" adapterTypeName="executor://mstestadapter/v2" className="SmartClient_UnitTest.VideoOS.RemoteClient.Plugin.Export.CreateExportDialogViewModelTests" name="CreateExportDialog_ExportDestinationSelectionEnabled_BasedOnOptions" />
    </UnitTest>
    <UnitTest name="GetMapLayerArguments_ShouldReturnIGisMapModelAndAlarmsObservables_WhenCalled" storage="d:\actions-runner\_work\xpco\xpco\sc\components\remoteviewer\smartclient\tst\zsmartclient_unittest\bin\x64\debug\net472\zsmartclient_unittest.dll" id="2f07bb8b-cd50-f2c2-1839-7178b31bc8e9">
      <Execution id="d58b17c7-bcd7-4281-a3a0-35306c1aab15" />
      <TestMethod codeBase="D:\actions-runner\_work\XPCO\XPCO\SC\Components\RemoteViewer\SmartClient\tst\zSmartClient_UnitTest\bin\x64\Debug\net472\zSmartClient_UnitTest.dll" adapterTypeName="executor://mstestadapter/v2" className="SmartClient_UnitTest.VideoOS.RemoteClient.GisMapData.Strategies.MapLayers.OutputMapLayerDatagramClassFactoryStrategyTests" name="GetMapLayerArguments_ShouldReturnIGisMapModelAndAlarmsObservables_WhenCalled" />
    </UnitTest>
    <UnitTest name="LoadBoundingShapes_PolygonShape_AddedToUI" storage="d:\actions-runner\_work\xpco\xpco\sc\components\remoteviewer\smartclient\tst\zsmartclient_unittest\bin\x64\debug\net472\zsmartclient_unittest.dll" id="03362dc6-019e-7120-2944-4e9a1bc66b6d">
      <Execution id="7217061f-806b-4827-9635-170b0f42a0ea" />
      <TestMethod codeBase="D:\actions-runner\_work\XPCO\XPCO\SC\Components\RemoteViewer\SmartClient\tst\zSmartClient_UnitTest\bin\x64\Debug\net472\zSmartClient_UnitTest.dll" adapterTypeName="executor://mstestadapter/v2" className="SmartClient_UnitTest.VideoOS.RemoteClient.Plugin.CentralizedSearch.MIPPlugin.Results.VideoSearchResultUserControlTests" name="LoadBoundingShapes_PolygonShape_AddedToUI" />
    </UnitTest>
    <UnitTest name="UpdateItemState_Hidden_WrongServerTypes" storage="d:\actions-runner\_work\xpco\xpco\sc\components\remoteviewer\smartclient\tst\zsmartclient_unittest\bin\x64\debug\net472\zsmartclient_unittest.dll" id="cc5bf0e8-1cf1-748c-6f30-7b7cfd04c1dc">
      <TestCategory>
        <TestCategoryItem TestCategory="ContentHolderToolbar" />
      </TestCategory>
      <Execution id="b6860217-17fa-4eaf-ae30-939fc489f86e" />
      <TestMethod codeBase="D:\actions-runner\_work\XPCO\XPCO\SC\Components\RemoteViewer\SmartClient\tst\zSmartClient_UnitTest\bin\x64\Debug\net472\zSmartClient_UnitTest.dll" adapterTypeName="executor://mstestadapter/v2" className="SmartClient_UnitTest.VideoOS.RemoteClient.Application.Data.ContentHolderToolbar.ToolBarItemSearchTests" name="UpdateItemState_Hidden_WrongServerTypes" />
    </UnitTest>
    <UnitTest name="ToNormalizedDirection_OutOfRange_Minus2PI_Fail" storage="d:\actions-runner\_work\xpco\xpco\sc\components\remoteviewer\smartclient\tst\zsmartclient_unittest\bin\x64\debug\net472\zsmartclient_unittest.dll" id="4b45c6e7-7f37-b930-8977-ed2b5f3bab07">
      <TestCategory>
        <TestCategoryItem TestCategory="GisMap" />
      </TestCategory>
      <Execution id="e011a454-b692-48ff-899a-1b6fedaf88ed" />
      <TestMethod codeBase="D:\actions-runner\_work\XPCO\XPCO\SC\Components\RemoteViewer\SmartClient\tst\zSmartClient_UnitTest\bin\x64\Debug\net472\zSmartClient_UnitTest.dll" adapterTypeName="executor://mstestadapter/v2" className="SmartClient_UnitTest.VideoOS.RemoteClient.GisMap.Utilities.GisUtilityTests" name="ToNormalizedDirection_OutOfRange_Minus2PI_Fail" />
    </UnitTest>
    <UnitTest name="OnSizeChanged_FivePluginButtonsPresentInActionBar_WithRoomForLessThenFourPluginButtonsPluginsMoveToSecondLine" storage="d:\actions-runner\_work\xpco\xpco\sc\components\remoteviewer\smartclient\tst\zsmartclient_unittest\bin\x64\debug\net472\zsmartclient_unittest.dll" id="af2a8788-f2d5-ea21-a188-f51e4691cee7">
      <TestCategory>
        <TestCategoryItem TestCategory="SearchViews" />
      </TestCategory>
      <Execution id="38247a88-5b8e-42ea-a49f-aae151521e20" />
      <TestMethod codeBase="D:\actions-runner\_work\XPCO\XPCO\SC\Components\RemoteViewer\SmartClient\tst\zSmartClient_UnitTest\bin\x64\Debug\net472\zSmartClient_UnitTest.dll" adapterTypeName="executor://mstestadapter/v2" className="SmartClient_UnitTest.VideoOS.RemoteClient.Plugin.CentralizedSearch.Views.SearchResultActionBarViewTests" name="OnSizeChanged_FivePluginButtonsPresentInActionBar_WithRoomForLessThenFourPluginButtonsPluginsMoveToSecondLine" />
    </UnitTest>
    <UnitTest name="OnLoaded_UserControlIsLoadingEventChanges_Success" storage="d:\actions-runner\_work\xpco\xpco\sc\components\remoteviewer\smartclient\tst\zsmartclient_unittest\bin\x64\debug\net472\zsmartclient_unittest.dll" id="8029d216-4010-3441-1bae-329046b8b3a9">
      <TestCategory>
        <TestCategoryItem TestCategory="Search" />
      </TestCategory>
      <Execution id="a52182e6-6d5c-4ea7-9bb9-9728d6d57e43" />
      <TestMethod codeBase="D:\actions-runner\_work\XPCO\XPCO\SC\Components\RemoteViewer\SmartClient\tst\zSmartClient_UnitTest\bin\x64\Debug\net472\zSmartClient_UnitTest.dll" adapterTypeName="executor://mstestadapter/v2" className="SmartClient_UnitTest.VideoOS.RemoteClient.Plugin.CentralizedSearch.Views.SearchResultContainerViewTests" name="OnLoaded_UserControlIsLoadingEventChanges_Success" />
    </UnitTest>
    <UnitTest name="State_ShouldBeMuted_WhenMicrophoneIsDisabled" storage="d:\actions-runner\_work\xpco\xpco\sc\components\remoteviewer\smartclient\tst\zsmartclient_unittest\bin\x64\debug\net472\zsmartclient_unittest.dll" id="1991c578-2343-4df2-6af1-b0db3a798f44">
      <TestCategory>
        <TestCategoryItem TestCategory="GisMapData.MapItem.Microphones" />
      </TestCategory>
      <Execution id="1b4506df-d458-492e-9024-d3708ff3031f" />
      <TestMethod codeBase="D:\actions-runner\_work\XPCO\XPCO\SC\Components\RemoteViewer\SmartClient\tst\zSmartClient_UnitTest\bin\x64\Debug\net472\zSmartClient_UnitTest.dll" adapterTypeName="executor://mstestadapter/v2" className="SmartClient_UnitTest.VideoOS.RemoteClient.GisMapData.MapItem.Microphones.MicrophoneMapItemTests" name="State_ShouldBeMuted_WhenMicrophoneIsDisabled" />
    </UnitTest>
    <UnitTest name="NearestPossibleZoomLevel_ShouldReturnZoomLevel19_WhenScaleIsJustBelowZoomLevel19" storage="d:\actions-runner\_work\xpco\xpco\sc\components\remoteviewer\smartclient\tst\zsmartclient_unittest\bin\x64\debug\net472\zsmartclient_unittest.dll" id="6c45a0dd-5772-753d-7493-6b1e41606871">
      <TestCategory>
        <TestCategoryItem TestCategory="MapExtentManager" />
      </TestCategory>
      <Execution id="3a8910fd-cb46-433e-a3bb-74547ff6c71a" />
      <TestMethod codeBase="D:\actions-runner\_work\XPCO\XPCO\SC\Components\RemoteViewer\SmartClient\tst\zSmartClient_UnitTest\bin\x64\Debug\net472\zSmartClient_UnitTest.dll" adapterTypeName="executor://mstestadapter/v2" className="SmartClient_UnitTest.VideoOS.RemoteClient.Plugin.GisMap.ThinkGeoMap.Settings.ThinkGeoMapExtentManagerTests" name="NearestPossibleZoomLevel_ShouldReturnZoomLevel19_WhenScaleIsJustBelowZoomLevel19" />
    </UnitTest>
    <UnitTest name="Deserialize_FilterIdMissing_Error" storage="d:\actions-runner\_work\xpco\xpco\sc\components\remoteviewer\smartclient\tst\zsmartclient_unittest\bin\x64\debug\net472\zsmartclient_unittest.dll" id="72a98ab7-40b5-c78d-22d4-3cffe98aa29f">
      <TestCategory>
        <TestCategoryItem TestCategory="SearchSerialization" />
      </TestCategory>
      <Execution id="1bbcd7b9-1287-4420-80f4-d255e0e42c9a" />
      <TestMethod codeBase="D:\actions-runner\_work\XPCO\XPCO\SC\Components\RemoteViewer\SmartClient\tst\zSmartClient_UnitTest\bin\x64\Debug\net472\zSmartClient_UnitTest.dll" adapterTypeName="executor://mstestadapter/v2" className="SmartClient_UnitTest.VideoOS.RemoteClient.Plugin.CentralizedSearch.Models.Serialization.SearchSerializerTests" name="Deserialize_FilterIdMissing_Error" />
    </UnitTest>
    <UnitTest name="IsDisabled_ShouldBeTrue_WhenIsDetachedControllerManager" storage="d:\actions-runner\_work\xpco\xpco\sc\components\remoteviewer\smartclient\tst\zsmartclient_unittest\bin\x64\debug\net472\zsmartclient_unittest.dll" id="ebcc233a-fd3e-8478-fead-9ccf15ebc250">
      <TestCategory>
        <TestCategoryItem TestCategory="GisMapData.MapItem.Microphones" />
      </TestCategory>
      <Execution id="5a433658-f829-441e-99d1-8768ea1b14a1" />
      <TestMethod codeBase="D:\actions-runner\_work\XPCO\XPCO\SC\Components\RemoteViewer\SmartClient\tst\zSmartClient_UnitTest\bin\x64\Debug\net472\zSmartClient_UnitTest.dll" adapterTypeName="executor://mstestadapter/v2" className="SmartClient_UnitTest.VideoOS.RemoteClient.GisMapData.MapItem.Microphones.MicrophoneMapItemTests" name="IsDisabled_ShouldBeTrue_WhenIsDetachedControllerManager" />
    </UnitTest>
    <UnitTest name="When password 1 is invalid, password 2 is valid, even when different" storage="d:\actions-runner\_work\xpco\xpco\sc\components\remoteviewer\smartclient\tst\zsmartclient_unittest\bin\x64\debug\net472\zsmartclient_unittest.dll" id="ce6e2ff3-4955-41da-37f3-e3853ebb6060">
      <TestCategory>
        <TestCategoryItem TestCategory="Export" />
      </TestCategory>
      <Execution id="d31a0891-9983-49d6-85c6-06e5fa1380f2" />
      <TestMethod codeBase="D:\actions-runner\_work\XPCO\XPCO\SC\Components\RemoteViewer\SmartClient\tst\zSmartClient_UnitTest\bin\x64\Debug\net472\zSmartClient_UnitTest.dll" adapterTypeName="executor://mstestadapter/v2" className="SmartClient_UnitTest.VideoOS.RemoteClient.Plugin.Export.PasswordDialogViewModelTests" name="SettingPassword1AndPassword2_ShouldSetIsPassword2Valid" />
    </UnitTest>
    <UnitTest name="TestLoadLevelsAsync_CommunicationFailure_Success" storage="d:\actions-runner\_work\xpco\xpco\sc\components\remoteviewer\smartclient\tst\zsmartclient_unittest\bin\x64\debug\net472\zsmartclient_unittest.dll" id="cb7e0b0b-265a-1cd7-8d28-4bc375b72be8">
      <TestCategory>
        <TestCategoryItem TestCategory="GisMapBuilding" />
      </TestCategory>
      <Execution id="4f02df6e-b992-49fc-a4dc-e55498bd44a9" />
      <TestMethod codeBase="D:\actions-runner\_work\XPCO\XPCO\SC\Components\RemoteViewer\SmartClient\tst\zSmartClient_UnitTest\bin\x64\Debug\net472\zSmartClient_UnitTest.dll" adapterTypeName="executor://mstestadapter/v2" className="SmartClient_UnitTest.VideoOS.RemoteClient.GisMap.MapBuildingTests" name="TestLoadLevelsAsync_CommunicationFailure_Success" />
    </UnitTest>
    <UnitTest name="AddItems_ShouldAcceptItems_WhenItemsAreOfDifferentTypes" storage="d:\actions-runner\_work\xpco\xpco\sc\components\remoteviewer\smartclient\tst\zsmartclient_unittest\bin\x64\debug\net472\zsmartclient_unittest.dll" id="bf38d087-b471-df6a-7d14-7824df80030c">
      <TestCategory>
        <TestCategoryItem TestCategory="GisMapIndex" />
      </TestCategory>
      <Execution id="fb9e243e-0731-482b-9591-84a4b672dcf4" />
      <TestMethod codeBase="D:\actions-runner\_work\XPCO\XPCO\SC\Components\RemoteViewer\SmartClient\tst\zSmartClient_UnitTest\bin\x64\Debug\net472\zSmartClient_UnitTest.dll" adapterTypeName="executor://mstestadapter/v2" className="SmartClient_UnitTest.VideoOS.RemoteClient.GisMapData.Common.Indexer.BuildingsAwareIndexerTests" name="AddItems_ShouldAcceptItems_WhenItemsAreOfDifferentTypes" />
    </UnitTest>
    <UnitTest name="ToDenormalizedDirection_GreaterThan1_0_Failure" storage="d:\actions-runner\_work\xpco\xpco\sc\components\remoteviewer\smartclient\tst\zsmartclient_unittest\bin\x64\debug\net472\zsmartclient_unittest.dll" id="f7f3f6a6-4ba1-e9bb-d8fc-f000e145af31">
      <TestCategory>
        <TestCategoryItem TestCategory="GisMap" />
      </TestCategory>
      <Execution id="8fe1ef5c-81f3-4f23-ad86-3f59eeaeeaaf" />
      <TestMethod codeBase="D:\actions-runner\_work\XPCO\XPCO\SC\Components\RemoteViewer\SmartClient\tst\zSmartClient_UnitTest\bin\x64\Debug\net472\zSmartClient_UnitTest.dll" adapterTypeName="executor://mstestadapter/v2" className="SmartClient_UnitTest.VideoOS.RemoteClient.GisMap.Utilities.GisUtilityTests" name="ToDenormalizedDirection_GreaterThan1_0_Failure" />
    </UnitTest>
    <UnitTest name="ActiveIncomingMicrophones_ShouldHave_OneMicrophoneWhenMicrophoneIsUnmuted" storage="d:\actions-runner\_work\xpco\xpco\sc\components\remoteviewer\smartclient\tst\zsmartclient_unittest\bin\x64\debug\net472\zsmartclient_unittest.dll" id="7a648730-a880-ab42-6524-73337b3605fc">
      <TestCategory>
        <TestCategoryItem TestCategory="GisMapAudioController" />
      </TestCategory>
      <Execution id="2ba5367f-18de-437f-baeb-ad9140184b28" />
      <TestMethod codeBase="D:\actions-runner\_work\XPCO\XPCO\SC\Components\RemoteViewer\SmartClient\tst\zSmartClient_UnitTest\bin\x64\Debug\net472\zSmartClient_UnitTest.dll" adapterTypeName="executor://mstestadapter/v2" className="SmartClient_UnitTest.VideoOS.RemoteClient.GisMapData.GisMapAudioControllerTests" name="ActiveIncomingMicrophones_ShouldHave_OneMicrophoneWhenMicrophoneIsUnmuted" />
    </UnitTest>
    <UnitTest name="SearchCriteriaOnChanged_ShouldUpdateSmartSearchFilterValue_WhenCameraScopeIsUpdated" storage="d:\actions-runner\_work\xpco\xpco\sc\components\remoteviewer\smartclient\tst\zsmartclient_unittest\bin\x64\debug\net472\zsmartclient_unittest.dll" id="0f3901de-ced3-95a2-d7b7-1fb73bba7570">
      <TestCategory>
        <TestCategoryItem TestCategory="Search.Wrappers" />
      </TestCategory>
      <Execution id="3cd0b990-36ed-41be-9b10-ae8e60cec75d" />
      <TestMethod codeBase="D:\actions-runner\_work\XPCO\XPCO\SC\Components\RemoteViewer\SmartClient\tst\zSmartClient_UnitTest\bin\x64\Debug\net472\zSmartClient_UnitTest.dll" adapterTypeName="executor://mstestadapter/v2" className="SmartClient_UnitTest.VideoOS.RemoteClient.Plugin.CentralizedSearch.Models.Wrappers.SearchDefinitionWrapperTests" name="SearchCriteriaOnChanged_ShouldUpdateSmartSearchFilterValue_WhenCameraScopeIsUpdated" />
    </UnitTest>
    <UnitTest name="Map_DeleteLayer_InvalidArg_Failed" storage="d:\actions-runner\_work\xpco\xpco\sc\components\remoteviewer\smartclient\tst\zsmartclient_unittest\bin\x64\debug\net472\zsmartclient_unittest.dll" id="ff4c1a2e-8962-452c-b4bc-b163c724e109">
      <TestCategory>
        <TestCategoryItem TestCategory="GisMapLayers" />
      </TestCategory>
      <Execution id="d9119fb0-cede-4b0b-8a9b-f10dd6577f55" />
      <TestMethod codeBase="D:\actions-runner\_work\XPCO\XPCO\SC\Components\RemoteViewer\SmartClient\tst\zSmartClient_UnitTest\bin\x64\Debug\net472\zSmartClient_UnitTest.dll" adapterTypeName="executor://mstestadapter/v2" className="SmartClient_UnitTest.VideoOS.RemoteClient.GisMapData.GisMapLayerTests" name="Map_DeleteLayer_InvalidArg_Failed" />
    </UnitTest>
    <UnitTest name="Tokenizer_Test" storage="d:\actions-runner\_work\xpco\xpco\sc\components\remoteviewer\smartclient\tst\zsmartclient_unittest\bin\x64\debug\net472\zsmartclient_unittest.dll" id="bb9524ad-acf8-1507-0ed6-9348671a86fe">
      <Execution id="08b6dbff-9688-4f69-a2c1-98fc23c3498b" />
      <TestMethod codeBase="D:\actions-runner\_work\XPCO\XPCO\SC\Components\RemoteViewer\SmartClient\tst\zSmartClient_UnitTest\bin\x64\Debug\net472\zSmartClient_UnitTest.dll" adapterTypeName="executor://mstestadapter/v2" className="SmartClient_UnitTest.VideoOS.RemoteClient.Application.Components.Search.SearchTextTokenizerTest" name="Tokenizer_Test" />
    </UnitTest>
    <UnitTest name="LanguageOptionsData_NullsIgnored_Success" storage="d:\actions-runner\_work\xpco\xpco\sc\components\remoteviewer\smartclient\tst\zsmartclient_unittest\bin\x64\debug\net472\zsmartclient_unittest.dll" id="ac8d1b70-d786-34c4-5f08-7e56322f2a79">
      <Execution id="33e55ba0-e1d7-4bcb-9eda-256fbde9a572" />
      <TestMethod codeBase="D:\actions-runner\_work\XPCO\XPCO\SC\Components\RemoteViewer\SmartClient\tst\zSmartClient_UnitTest\bin\x64\Debug\net472\zSmartClient_UnitTest.dll" adapterTypeName="executor://mstestadapter/v2" className="SmartClient_UnitTest.VideoOS.RemoteClient.Application.UI.Settings.LanguageOptionComponentModelTests" name="LanguageOptionsData_NullsIgnored_Success" />
    </UnitTest>
    <UnitTest name="ShouldCameraListItemBeEnabledForCamera_ShouldReturnFalse_WhenSmartSearchIsNotAllowedForTheCamera" storage="d:\actions-runner\_work\xpco\xpco\sc\components\remoteviewer\smartclient\tst\zsmartclient_unittest\bin\x64\debug\net472\zsmartclient_unittest.dll" id="1e845a4d-c6af-6717-84e9-62ec3d2affe9">
      <TestCategory>
        <TestCategoryItem TestCategory="Search.Filters.ViewModels" />
      </TestCategory>
      <Execution id="a9dca5e9-2132-487c-a017-f3c97630f075" />
      <TestMethod codeBase="D:\actions-runner\_work\XPCO\XPCO\SC\Components\RemoteViewer\SmartClient\tst\zSmartClient_UnitTest\bin\x64\Debug\net472\zSmartClient_UnitTest.dll" adapterTypeName="executor://mstestadapter/v2" className="SmartClient_UnitTest.VideoOS.RemoteClient.Plugin.CentralizedSearch.MIPPlugin.Criteria.ViewModels.SmartSearchCameraListItemHelperTests" name="ShouldCameraListItemBeEnabledForCamera_ShouldReturnFalse_WhenSmartSearchIsNotAllowedForTheCamera" />
    </UnitTest>
    <UnitTest name="Cameras_where_the_user_has_RetentionUpdate_rights_can_be_removed_from_the_evidence_lock" storage="d:\actions-runner\_work\xpco\xpco\sc\components\remoteviewer\smartclient\tst\zsmartclient_unittest\bin\x64\debug\net472\zsmartclient_unittest.dll" id="97763cfc-7d38-77f7-1969-32e195ae413f">
      <Execution id="5f436d50-226b-4f47-956b-6ed7ed7a72ce" />
      <TestMethod codeBase="D:\actions-runner\_work\XPCO\XPCO\SC\Components\RemoteViewer\SmartClient\tst\zSmartClient_UnitTest\bin\x64\Debug\net472\zSmartClient_UnitTest.dll" adapterTypeName="executor://mstestadapter/v2" className="SmartClient_UnitTest.VideoOS.RemoteClient.Application.Components.EvidenceLock.EvidenceLockEditModeUserRightTests" name="Cameras_where_the_user_has_RetentionUpdate_rights_can_be_removed_from_the_evidence_lock" />
    </UnitTest>
    <UnitTest name="TryGetOsmServerTileAddress_ShouldSetUriWithOsmTileSuffix_WhenOsmServerAddressDoesNotIncludeOsmTileSuffix" storage="d:\actions-runner\_work\xpco\xpco\sc\components\remoteviewer\smartclient\tst\zsmartclient_unittest\bin\x64\debug\net472\zsmartclient_unittest.dll" id="ad0fb3f5-59c6-f38e-8f48-61ec61251228">
      <TestCategory>
        <TestCategoryItem TestCategory="GisMapData.Controllers.Osm" />
      </TestCategory>
      <Execution id="8aa5c939-bea4-44b9-b6e4-2c48a812f4bc" />
      <TestMethod codeBase="D:\actions-runner\_work\XPCO\XPCO\SC\Components\RemoteViewer\SmartClient\tst\zSmartClient_UnitTest\bin\x64\Debug\net472\zSmartClient_UnitTest.dll" adapterTypeName="executor://mstestadapter/v2" className="SmartClient_UnitTest.VideoOS.RemoteClient.GisMapData.Controllers.Osm.GisMapOsmControllerTests" name="TryGetOsmServerTileAddress_ShouldSetUriWithOsmTileSuffix_WhenOsmServerAddressDoesNotIncludeOsmTileSuffix" />
    </UnitTest>
    <UnitTest name="DeleteSearchTemplateAsync_StateError_Success" storage="d:\actions-runner\_work\xpco\xpco\sc\components\remoteviewer\smartclient\tst\zsmartclient_unittest\bin\x64\debug\net472\zsmartclient_unittest.dll" id="1ba3b9b4-ea19-f6d5-8589-707d8ab372fd">
      <TestCategory>
        <TestCategoryItem TestCategory="SearchTemplatesService" />
      </TestCategory>
      <Execution id="ab21011d-bfc5-4f9e-9c45-7161e9e2178f" />
      <TestMethod codeBase="D:\actions-runner\_work\XPCO\XPCO\SC\Components\RemoteViewer\SmartClient\tst\zSmartClient_UnitTest\bin\x64\Debug\net472\zSmartClient_UnitTest.dll" adapterTypeName="executor://mstestadapter/v2" className="SmartClient_UnitTest.VideoOS.RemoteClient.Plugin.CentralizedSearch.SearchTemplates.Service.SearchTemplateServiceTests" name="DeleteSearchTemplateAsync_StateError_Success" />
    </UnitTest>
    <UnitTest name="Ctor_ValidParameters_ParametersSetCorrectly" storage="d:\actions-runner\_work\xpco\xpco\sc\components\remoteviewer\smartclient\tst\zsmartclient_unittest\bin\x64\debug\net472\zsmartclient_unittest.dll" id="cecff56d-f2c2-5f4f-f26a-46e190ce7353">
      <Execution id="435046f9-8417-4aa9-a379-93185197832b" />
      <TestMethod codeBase="D:\actions-runner\_work\XPCO\XPCO\SC\Components\RemoteViewer\SmartClient\tst\zSmartClient_UnitTest\bin\x64\Debug\net472\zSmartClient_UnitTest.dll" adapterTypeName="executor://mstestadapter/v2" className="SmartClient_UnitTest.VideoOS.RemoteClient.Application.UI.Common.MessageBoxWithList.MessageBoxWithListViewModelTests" name="Ctor_ValidParameters_ParametersSetCorrectly" />
    </UnitTest>
    <UnitTest name="GetCameraGroups_ShouldReturnCameraGroupsType" storage="d:\actions-runner\_work\xpco\xpco\sc\components\remoteviewer\smartclient\tst\zsmartclient_unittest\bin\x64\debug\net472\zsmartclient_unittest.dll" id="fbf1e532-d446-55e3-818a-b4fc676cabf8">
      <Execution id="a3b6638d-b43a-4d69-b9a9-a01df920b0fe" />
      <TestMethod codeBase="D:\actions-runner\_work\XPCO\XPCO\SC\Components\RemoteViewer\SmartClient\tst\zSmartClient_UnitTest\bin\x64\Debug\net472\zSmartClient_UnitTest.dll" adapterTypeName="executor://mstestadapter/v2" className="SmartClient_UnitTest.VideoOS.RemoteClient.Application.Data.ContentTypes.ReportingContentType.DashboardExtentionsTest" name="GetCameraGroups_ShouldReturnCameraGroupsType" />
    </UnitTest>
    <UnitTest name="TestInitializeWorkrooms_OnlySearchWorkroom_Success" storage="d:\actions-runner\_work\xpco\xpco\sc\components\remoteviewer\smartclient\tst\zsmartclient_unittest\bin\x64\debug\net472\zsmartclient_unittest.dll" id="a463440b-2916-b6c4-8a71-e3deeca8173f">
      <TestCategory>
        <TestCategoryItem TestCategory="WorkroomController" />
      </TestCategory>
      <Execution id="53354cb0-f423-49b8-9fcf-2cd9683b5d03" />
      <TestMethod codeBase="D:\actions-runner\_work\XPCO\XPCO\SC\Components\RemoteViewer\SmartClient\tst\zSmartClient_UnitTest\bin\x64\Debug\net472\zSmartClient_UnitTest.dll" adapterTypeName="executor://mstestadapter/v2" className="VideoOS.RemoteClient.Application.Controllers.WorkroomController.UnitTest.TabWorkroomControllerTest" name="TestInitializeWorkrooms_OnlySearchWorkroom_Success" />
    </UnitTest>
    <UnitTest name="StartSearch_Success" storage="d:\actions-runner\_work\xpco\xpco\sc\components\remoteviewer\smartclient\tst\zsmartclient_unittest\bin\x64\debug\net472\zsmartclient_unittest.dll" id="2106a4d7-5b05-e5c0-8033-860c82b0ad6a">
      <TestCategory>
        <TestCategoryItem TestCategory="SearchViewModels" />
      </TestCategory>
      <Execution id="82f24587-ee9b-4c6f-bdbd-0968f62b49d5" />
      <TestMethod codeBase="D:\actions-runner\_work\XPCO\XPCO\SC\Components\RemoteViewer\SmartClient\tst\zSmartClient_UnitTest\bin\x64\Debug\net472\zSmartClient_UnitTest.dll" adapterTypeName="executor://mstestadapter/v2" className="SmartClient_UnitTest.VideoOS.RemoteClient.Plugin.CentralizedSearch.ViewModels.SearchViewModelTests" name="StartSearch_Success" />
    </UnitTest>
    <UnitTest name="Retrieve_ExceptionHandled" storage="d:\actions-runner\_work\xpco\xpco\sc\components\remoteviewer\smartclient\tst\zsmartclient_unittest\bin\x64\debug\net472\zsmartclient_unittest.dll" id="23c856d5-b6c3-19f8-8013-074be7c600aa">
      <TestCategory>
        <TestCategoryItem TestCategory="MipItemsRetriever" />
      </TestCategory>
      <Execution id="7ba555da-1151-450f-8089-e4a1928bb98d" />
      <TestMethod codeBase="D:\actions-runner\_work\XPCO\XPCO\SC\Components\RemoteViewer\SmartClient\tst\zSmartClient_UnitTest\bin\x64\Debug\net472\zSmartClient_UnitTest.dll" adapterTypeName="executor://mstestadapter/v2" className="SmartClient_UnitTest.VideoOS.RemoteClient.Plugin.GisMap.MIP.MipItemActionsCommunicatorTests" name="Retrieve_ExceptionHandled" />
    </UnitTest>
    <UnitTest name="CreateDefinition_ValidCategory_SearchStarted" storage="d:\actions-runner\_work\xpco\xpco\sc\components\remoteviewer\smartclient\tst\zsmartclient_unittest\bin\x64\debug\net472\zsmartclient_unittest.dll" id="c5afb81b-9473-e705-4713-ff021498a318">
      <TestCategory>
        <TestCategoryItem TestCategory="SearchModels" />
      </TestCategory>
      <Execution id="4b465327-f763-42a9-81d6-c803703ea76f" />
      <TestMethod codeBase="D:\actions-runner\_work\XPCO\XPCO\SC\Components\RemoteViewer\SmartClient\tst\zSmartClient_UnitTest\bin\x64\Debug\net472\zSmartClient_UnitTest.dll" adapterTypeName="executor://mstestadapter/v2" className="SmartClient_UnitTest.VideoOS.RemoteClient.Plugin.CentralizedSearch.Models.SearchModelTests" name="CreateDefinition_ValidCategory_SearchStarted" />
    </UnitTest>
    <UnitTest name="VideoResultSearchResult_PropertiesWhenCombinedResultBothSameAndDifferentCategoryNames_CollectedAndDisplayed" storage="d:\actions-runner\_work\xpco\xpco\sc\components\remoteviewer\smartclient\tst\zsmartclient_unittest\bin\x64\debug\net472\zsmartclient_unittest.dll" id="dbc60698-0cd7-03e9-b63e-13b29d5c84fe">
      <TestCategory>
        <TestCategoryItem TestCategory="SearchControls" />
      </TestCategory>
      <Execution id="e002cd51-a86c-4226-b519-251152d83141" />
      <TestMethod codeBase="D:\actions-runner\_work\XPCO\XPCO\SC\Components\RemoteViewer\SmartClient\tst\zSmartClient_UnitTest\bin\x64\Debug\net472\zSmartClient_UnitTest.dll" adapterTypeName="executor://mstestadapter/v2" className="SmartClient_UnitTest.VideoOS.RemoteClient.Plugin.CentralizedSearch.Views.Controls.SearchResultDetailsControlTests" name="VideoResultSearchResult_PropertiesWhenCombinedResultBothSameAndDifferentCategoryNames_CollectedAndDisplayed" />
    </UnitTest>
    <UnitTest name="GetDuration_OneDayAndTwoHours_Success" storage="d:\actions-runner\_work\xpco\xpco\sc\components\remoteviewer\smartclient\tst\zsmartclient_unittest\bin\x64\debug\net472\zsmartclient_unittest.dll" id="e5b3b709-ebd8-5410-dfc8-207021a3b5a1">
      <TestCategory>
        <TestCategoryItem TestCategory="Search" />
      </TestCategory>
      <Execution id="7f491eda-74a5-4702-97c5-609f48c983d9" />
      <TestMethod codeBase="D:\actions-runner\_work\XPCO\XPCO\SC\Components\RemoteViewer\SmartClient\tst\zSmartClient_UnitTest\bin\x64\Debug\net472\zSmartClient_UnitTest.dll" adapterTypeName="executor://mstestadapter/v2" className="SmartClient_UnitTest.VideoOS.RemoteClient.Plugin.CentralizedSearch.ViewModels.Data.TimeScopeTests" name="GetDuration_OneDayAndTwoHours_Success" />
    </UnitTest>
    <UnitTest name="Command_WithZeroResults_PluginInstanceActivatedCalled" storage="d:\actions-runner\_work\xpco\xpco\sc\components\remoteviewer\smartclient\tst\zsmartclient_unittest\bin\x64\debug\net472\zsmartclient_unittest.dll" id="c675d4e8-953d-dd95-1e7d-aaf53b345df4">
      <TestCategory>
        <TestCategoryItem TestCategory="SearchResultsAction" />
      </TestCategory>
      <Execution id="fc4b6526-7f57-460e-954d-7fa6383846fb" />
      <TestMethod codeBase="D:\actions-runner\_work\XPCO\XPCO\SC\Components\RemoteViewer\SmartClient\tst\zSmartClient_UnitTest\bin\x64\Debug\net472\zSmartClient_UnitTest.dll" adapterTypeName="executor://mstestadapter/v2" className="SmartClient_UnitTest.VideoOS.RemoteClient.Plugin.CentralizedSearch.ViewModels.SearchResultsActionViewModelTests" name="Command_WithZeroResults_PluginInstanceActivatedCalled" />
    </UnitTest>
    <UnitTest name="GetIndexExtent_MilestoneCampusZoomMax_MilestoneBuildingIsConvered" storage="d:\actions-runner\_work\xpco\xpco\sc\components\remoteviewer\smartclient\tst\zsmartclient_unittest\bin\x64\debug\net472\zsmartclient_unittest.dll" id="7e7d56df-e811-fb96-c231-b34d18240573">
      <TestCategory>
        <TestCategoryItem TestCategory="GisMapIndex" />
      </TestCategory>
      <Execution id="bd94b454-2c66-4968-966e-5101755e765e" />
      <TestMethod codeBase="D:\actions-runner\_work\XPCO\XPCO\SC\Components\RemoteViewer\SmartClient\tst\zSmartClient_UnitTest\bin\x64\Debug\net472\zSmartClient_UnitTest.dll" adapterTypeName="executor://mstestadapter/v2" className="SmartClient_UnitTest.VideoOS.RemoteClient.GisMapData.Common.Indexer.IndexUtilTests" name="GetIndexExtent_MilestoneCampusZoomMax_MilestoneBuildingIsConvered" />
    </UnitTest>
    <UnitTest name="SearchResultsActionBarActions_SendToFloatingWindowVerifyTimeSelectionInterval_InvokeCommand_WarningDialogDisplayed" storage="d:\actions-runner\_work\xpco\xpco\sc\components\remoteviewer\smartclient\tst\zsmartclient_unittest\bin\x64\debug\net472\zsmartclient_unittest.dll" id="905c94e4-bdc8-1fe6-5444-613a4eb6d1c7">
      <TestCategory>
        <TestCategoryItem TestCategory="SearchResultActionBarViewModel" />
      </TestCategory>
      <Execution id="29aaa73f-29a4-4037-86e7-a4a2e2810303" />
      <TestMethod codeBase="D:\actions-runner\_work\XPCO\XPCO\SC\Components\RemoteViewer\SmartClient\tst\zSmartClient_UnitTest\bin\x64\Debug\net472\zSmartClient_UnitTest.dll" adapterTypeName="executor://mstestadapter/v2" className="SmartClient_UnitTest.VideoOS.RemoteClient.Plugin.CentralizedSearch.ViewModels.SearchResultsActionBarViewModelTest" name="SearchResultsActionBarActions_SendToFloatingWindowVerifyTimeSelectionInterval_InvokeCommand_WarningDialogDisplayed" />
    </UnitTest>
    <UnitTest name="Cameras_where_the_user_has_RetentionCreate_rights_can_be_added_to_the_evidence_lock" storage="d:\actions-runner\_work\xpco\xpco\sc\components\remoteviewer\smartclient\tst\zsmartclient_unittest\bin\x64\debug\net472\zsmartclient_unittest.dll" id="13753856-9a1f-9357-f48e-ccc42a00eb0c">
      <Execution id="cfea1d96-16ab-42b0-af8f-560e8c848d89" />
      <TestMethod codeBase="D:\actions-runner\_work\XPCO\XPCO\SC\Components\RemoteViewer\SmartClient\tst\zSmartClient_UnitTest\bin\x64\Debug\net472\zSmartClient_UnitTest.dll" adapterTypeName="executor://mstestadapter/v2" className="SmartClient_UnitTest.VideoOS.RemoteClient.Application.Components.EvidenceLock.EvidenceLockEditModeUserRightTests" name="Cameras_where_the_user_has_RetentionCreate_rights_can_be_added_to_the_evidence_lock" />
    </UnitTest>
    <UnitTest name="ActiveInteractionStateBinding_ShouldOnlyContainNormal_WhenCtorIsCalled" storage="d:\actions-runner\_work\xpco\xpco\sc\components\remoteviewer\smartclient\tst\zsmartclient_unittest\bin\x64\debug\net472\zsmartclient_unittest.dll" id="56af3ae0-30c5-e2c9-265d-9763c2af0b14">
      <TestCategory>
        <TestCategoryItem TestCategory="GisMap.LinkMarker" />
      </TestCategory>
      <Execution id="b8f81c63-a804-4582-a98f-bdb02930f8a6" />
      <TestMethod codeBase="D:\actions-runner\_work\XPCO\XPCO\SC\Components\RemoteViewer\SmartClient\tst\zSmartClient_UnitTest\bin\x64\Debug\net472\zSmartClient_UnitTest.dll" adapterTypeName="executor://mstestadapter/v2" className="SmartClient_UnitTest.VideoOS.RemoteClient.Plugin.GisMap.ThinkGeoMap.Markers.LinkMarker.LinkMarkerTests" name="ActiveInteractionStateBinding_ShouldOnlyContainNormal_WhenCtorIsCalled" />
    </UnitTest>
    <UnitTest name="LoginPlugins_ShouldContainOneAccessControlLoginPluginElement_WhenIsInitialized" storage="d:\actions-runner\_work\xpco\xpco\sc\components\remoteviewer\smartclient\tst\zsmartclient_unittest\bin\x64\debug\net472\zsmartclient_unittest.dll" id="3ed7a399-d9a7-d9be-39f4-d877ad4e286e">
      <TestCategory>
        <TestCategoryItem TestCategory="AccessControl.MipPlugins.WorkSpace" />
      </TestCategory>
      <Execution id="ace35d1f-a689-466c-ad08-1c77557e074b" />
      <TestMethod codeBase="D:\actions-runner\_work\XPCO\XPCO\SC\Components\RemoteViewer\SmartClient\tst\zSmartClient_UnitTest\bin\x64\Debug\net472\zSmartClient_UnitTest.dll" adapterTypeName="executor://mstestadapter/v2" className="SmartClient_UnitTest.VideoOS.RemoteClient.AccessControl.MipPlugins.WorkSpace.AccessControlPluginDefinitionTests" name="LoginPlugins_ShouldContainOneAccessControlLoginPluginElement_WhenIsInitialized" />
    </UnitTest>
    <UnitTest name="PointMapItem_Load_CameraDevice_Success" storage="d:\actions-runner\_work\xpco\xpco\sc\components\remoteviewer\smartclient\tst\zsmartclient_unittest\bin\x64\debug\net472\zsmartclient_unittest.dll" id="184dde77-5a92-558e-ebbc-812bb20e2c0f">
      <TestCategory>
        <TestCategoryItem TestCategory="GisMapMapItem" />
      </TestCategory>
      <Execution id="4fdf429b-778d-4a91-8c70-386638d282fe" />
      <TestMethod codeBase="D:\actions-runner\_work\XPCO\XPCO\SC\Components\RemoteViewer\SmartClient\tst\zSmartClient_UnitTest\bin\x64\Debug\net472\zSmartClient_UnitTest.dll" adapterTypeName="executor://mstestadapter/v2" className="SmartClient_UnitTest.VideoOS.RemoteClient.GisMap.MapItem.MapItemTests" name="PointMapItem_Load_CameraDevice_Success" />
    </UnitTest>
    <UnitTest name="ChangeSorting_WithNoFocusItem_Success" storage="d:\actions-runner\_work\xpco\xpco\sc\components\remoteviewer\smartclient\tst\zsmartclient_unittest\bin\x64\debug\net472\zsmartclient_unittest.dll" id="6785fdff-345e-55ce-2159-cac1962fde04">
      <TestCategory>
        <TestCategoryItem TestCategory="SearchViewModels" />
      </TestCategory>
      <Execution id="418e2f14-e44c-4cfc-9f17-739d23f51ef1" />
      <TestMethod codeBase="D:\actions-runner\_work\XPCO\XPCO\SC\Components\RemoteViewer\SmartClient\tst\zSmartClient_UnitTest\bin\x64\Debug\net472\zSmartClient_UnitTest.dll" adapterTypeName="executor://mstestadapter/v2" className="SmartClient_UnitTest.VideoOS.RemoteClient.Plugin.CentralizedSearch.ViewModels.SearchViewModelTests" name="ChangeSorting_WithNoFocusItem_Success" />
    </UnitTest>
    <UnitTest name="DeleteBookmarksAsync_NoPermissionDeleteBookmark_ErrorRaised" storage="d:\actions-runner\_work\xpco\xpco\sc\components\remoteviewer\smartclient\tst\zsmartclient_unittest\bin\x64\debug\net472\zsmartclient_unittest.dll" id="54d37202-700f-6df9-4a02-04121275df7c">
      <TestCategory>
        <TestCategoryItem TestCategory="Search.Bookmarks" />
      </TestCategory>
      <Execution id="d83ae132-9ede-495a-9c3a-91c175c4eed6" />
      <TestMethod codeBase="D:\actions-runner\_work\XPCO\XPCO\SC\Components\RemoteViewer\SmartClient\tst\zSmartClient_UnitTest\bin\x64\Debug\net472\zSmartClient_UnitTest.dll" adapterTypeName="executor://mstestadapter/v2" className="SmartClient_UnitTest.VideoOS.RemoteClient.Plugin.CentralizedSearch.ViewModels.DeleteBookmarkHandlerTests" name="DeleteBookmarksAsync_NoPermissionDeleteBookmark_ErrorRaised" />
    </UnitTest>
    <UnitTest name="PopulateTooltip_FewResultsFromSingleCamera12Hours_ValidText" storage="d:\actions-runner\_work\xpco\xpco\sc\components\remoteviewer\smartclient\tst\zsmartclient_unittest\bin\x64\debug\net472\zsmartclient_unittest.dll" id="21be0112-22bc-28e4-3be0-7f0713407426">
      <TestCategory>
        <TestCategoryItem TestCategory="SearchControls" />
      </TestCategory>
      <Execution id="4ca2fd6c-7b37-4e52-95b5-9c4ffb1fde96" />
      <TestMethod codeBase="D:\actions-runner\_work\XPCO\XPCO\SC\Components\RemoteViewer\SmartClient\tst\zSmartClient_UnitTest\bin\x64\Debug\net472\zSmartClient_UnitTest.dll" adapterTypeName="executor://mstestadapter/v2" className="SmartClient_UnitTest.VideoOS.RemoteClient.Plugin.CentralizedSearch.Views.Controls.TimelineRuler.TimelineRulerControlTests" name="PopulateTooltip_FewResultsFromSingleCamera12Hours_ValidText" />
    </UnitTest>
    <UnitTest name="FilterValueHasRegionSelectionForCamera_ShouldReturnTrue_WhenFilterValueDoesHaveRegionSelectionForCamera" storage="d:\actions-runner\_work\xpco\xpco\sc\components\remoteviewer\smartclient\tst\zsmartclient_unittest\bin\x64\debug\net472\zsmartclient_unittest.dll" id="d267b36b-f7e7-25e9-6fde-c14a7c8d614c">
      <TestCategory>
        <TestCategoryItem TestCategory="Search.Filters.ViewModels" />
      </TestCategory>
      <Execution id="1b560ddc-2139-440a-ba1a-44ba68a5b225" />
      <TestMethod codeBase="D:\actions-runner\_work\XPCO\XPCO\SC\Components\RemoteViewer\SmartClient\tst\zSmartClient_UnitTest\bin\x64\Debug\net472\zSmartClient_UnitTest.dll" adapterTypeName="executor://mstestadapter/v2" className="SmartClient_UnitTest.VideoOS.RemoteClient.Plugin.CentralizedSearch.MIPPlugin.Criteria.ViewModels.RegionSelectionCameraListItemHelperTests" name="FilterValueHasRegionSelectionForCamera_ShouldReturnTrue_WhenFilterValueDoesHaveRegionSelectionForCamera" />
    </UnitTest>
    <UnitTest name="PatrollingStepListViewModel_MoveStepDownCommand" storage="d:\actions-runner\_work\xpco\xpco\sc\components\remoteviewer\smartclient\tst\zsmartclient_unittest\bin\x64\debug\net472\zsmartclient_unittest.dll" id="03169915-5e36-4862-8f40-5f0139419946">
      <Execution id="42876a60-dcda-44a3-91f4-c634307b5a0a" />
      <TestMethod codeBase="D:\actions-runner\_work\XPCO\XPCO\SC\Components\RemoteViewer\SmartClient\tst\zSmartClient_UnitTest\bin\x64\Debug\net472\zSmartClient_UnitTest.dll" adapterTypeName="executor://mstestadapter/v2" className="SmartClient_UnitTest.VideoOS.RemoteClient.Application.UI.PtzPreset.PatrollingViewModel.PatrollingStepListViewModelTest" name="PatrollingStepListViewModel_MoveStepDownCommand" />
    </UnitTest>
    <UnitTest name="CreateSearchTemplateAsync_ThrowPathNotFoundMIPException_Success" storage="d:\actions-runner\_work\xpco\xpco\sc\components\remoteviewer\smartclient\tst\zsmartclient_unittest\bin\x64\debug\net472\zsmartclient_unittest.dll" id="63624589-6e81-4374-c68c-608870ab2423">
      <TestCategory>
        <TestCategoryItem TestCategory="SearchTemplatesService" />
      </TestCategory>
      <Execution id="70c5aaae-2b5b-4555-9417-cbbec65c986c" />
      <TestMethod codeBase="D:\actions-runner\_work\XPCO\XPCO\SC\Components\RemoteViewer\SmartClient\tst\zSmartClient_UnitTest\bin\x64\Debug\net472\zSmartClient_UnitTest.dll" adapterTypeName="executor://mstestadapter/v2" className="SmartClient_UnitTest.VideoOS.RemoteClient.Plugin.CentralizedSearch.SearchTemplates.Service.SearchTemplateServiceTests" name="CreateSearchTemplateAsync_ThrowPathNotFoundMIPException_Success" />
    </UnitTest>
    <UnitTest name="BuildContentOptions_ShouldReturnCorrectTimeSpan" storage="d:\actions-runner\_work\xpco\xpco\sc\components\remoteviewer\smartclient\tst\zsmartclient_unittest\bin\x64\debug\net472\zsmartclient_unittest.dll" id="232f8949-7296-2b4c-d535-61493d92276d">
      <Execution id="8a207715-8005-43ac-bd12-dd11e9fa76fd" />
      <TestMethod codeBase="D:\actions-runner\_work\XPCO\XPCO\SC\Components\RemoteViewer\SmartClient\tst\zSmartClient_UnitTest\bin\x64\Debug\net472\zSmartClient_UnitTest.dll" adapterTypeName="executor://mstestadapter/v2" className="SmartClient_UnitTest.VideoOS.RemoteClient.Application.Common.Telemetry.TelemetryBuilderTests" name="BuildContentOptions_ShouldReturnCorrectTimeSpan" />
    </UnitTest>
    <UnitTest name="EditButtonClicked_EditViewCollapsed_StartEdit" storage="d:\actions-runner\_work\xpco\xpco\sc\components\remoteviewer\smartclient\tst\zsmartclient_unittest\bin\x64\debug\net472\zsmartclient_unittest.dll" id="549593cd-e3e2-290a-18b6-e153b1543b39">
      <TestCategory>
        <TestCategoryItem TestCategory="SearchControls" />
      </TestCategory>
      <Execution id="6dae539b-10e1-4629-8a2e-18937c1f6eef" />
      <TestMethod codeBase="D:\actions-runner\_work\XPCO\XPCO\SC\Components\RemoteViewer\SmartClient\tst\zSmartClient_UnitTest\bin\x64\Debug\net472\zSmartClient_UnitTest.dll" adapterTypeName="executor://mstestadapter/v2" className="SmartClient_UnitTest.VideoOS.RemoteClient.Plugin.CentralizedSearch.Views.Controls.DropDownAttributeEditor.DropDownAttributeEditorTests" name="EditButtonClicked_EditViewCollapsed_StartEdit" />
    </UnitTest>
    <UnitTest name="ValidateExportFormats_SmartClientPlayerFormat_ShouldReturnFailResult_ProjectCommentRequired" storage="d:\actions-runner\_work\xpco\xpco\sc\components\remoteviewer\smartclient\tst\zsmartclient_unittest\bin\x64\debug\net472\zsmartclient_unittest.dll" id="489bb6c1-57c4-1ecc-b27a-2b7660cd9960">
      <TestCategory>
        <TestCategoryItem TestCategory="Export" />
      </TestCategory>
      <Execution id="5a10fbef-ec13-40bd-837d-de340b5c3471" />
      <TestMethod codeBase="D:\actions-runner\_work\XPCO\XPCO\SC\Components\RemoteViewer\SmartClient\tst\zSmartClient_UnitTest\bin\x64\Debug\net472\zSmartClient_UnitTest.dll" adapterTypeName="executor://mstestadapter/v2" className="SmartClient_UnitTest.VideoOS.RemoteClient.Plugin.Export.ExportDataValidatorTests" name="ValidateExportFormats_SmartClientPlayerFormat_ShouldReturnFailResult_ProjectCommentRequired" />
    </UnitTest>
    <UnitTest name="LanguageOptionsData_IsSorted_Success" storage="d:\actions-runner\_work\xpco\xpco\sc\components\remoteviewer\smartclient\tst\zsmartclient_unittest\bin\x64\debug\net472\zsmartclient_unittest.dll" id="518a8b99-6420-184f-272c-7fecbc8732ca">
      <Execution id="eb9a6d26-221d-48aa-8f36-e7d1d0bdf36a" />
      <TestMethod codeBase="D:\actions-runner\_work\XPCO\XPCO\SC\Components\RemoteViewer\SmartClient\tst\zSmartClient_UnitTest\bin\x64\Debug\net472\zSmartClient_UnitTest.dll" adapterTypeName="executor://mstestadapter/v2" className="SmartClient_UnitTest.VideoOS.RemoteClient.Application.UI.Settings.LanguageOptionComponentModelTests" name="LanguageOptionsData_IsSorted_Success" />
    </UnitTest>
    <UnitTest name="GetOsmServerAddress_ShouldReturnGeographicLayerValue_WhenGeographicLayerIsAvailableAndAlternativeServerIsEmpty" storage="d:\actions-runner\_work\xpco\xpco\sc\components\remoteviewer\smartclient\tst\zsmartclient_unittest\bin\x64\debug\net472\zsmartclient_unittest.dll" id="491df381-b5ce-67d7-d550-c29421a6f155">
      <TestCategory>
        <TestCategoryItem TestCategory="GisMapData.Controllers.Osm" />
      </TestCategory>
      <Execution id="aa4fd273-560b-48bb-988b-c30791a4e2a1" />
      <TestMethod codeBase="D:\actions-runner\_work\XPCO\XPCO\SC\Components\RemoteViewer\SmartClient\tst\zSmartClient_UnitTest\bin\x64\Debug\net472\zSmartClient_UnitTest.dll" adapterTypeName="executor://mstestadapter/v2" className="SmartClient_UnitTest.VideoOS.RemoteClient.GisMapData.Controllers.Osm.GisMapOsmControllerTests" name="GetOsmServerAddress_ShouldReturnGeographicLayerValue_WhenGeographicLayerIsAvailableAndAlternativeServerIsEmpty" />
    </UnitTest>
    <UnitTest name="Convert_InvalidArgumentCount_LessThanExpected_Collapsed" storage="d:\actions-runner\_work\xpco\xpco\sc\components\remoteviewer\smartclient\tst\zsmartclient_unittest\bin\x64\debug\net472\zsmartclient_unittest.dll" id="73c84d82-bb7d-01f8-8894-e9f1d48f8356">
      <TestCategory>
        <TestCategoryItem TestCategory="SearchConverter" />
      </TestCategory>
      <Execution id="4597adeb-038a-4a44-908f-e91ac8eabe42" />
      <TestMethod codeBase="D:\actions-runner\_work\XPCO\XPCO\SC\Components\RemoteViewer\SmartClient\tst\zSmartClient_UnitTest\bin\x64\Debug\net472\zSmartClient_UnitTest.dll" adapterTypeName="executor://mstestadapter/v2" className="SmartClient_UnitTest.VideoOS.RemoteClient.Plugin.CentralizedSearch.Views.Converters.NoCriteriaSelectedGridVisibilityConverterTests" name="Convert_InvalidArgumentCount_LessThanExpected_Collapsed" />
    </UnitTest>
    <UnitTest name="AddToSearchSelectedEvent_SomeCategoriesSelected_Success" storage="d:\actions-runner\_work\xpco\xpco\sc\components\remoteviewer\smartclient\tst\zsmartclient_unittest\bin\x64\debug\net472\zsmartclient_unittest.dll" id="965fdcc0-0a63-658e-8232-27fc5f468c9d">
      <TestCategory>
        <TestCategoryItem TestCategory="SearchControls" />
      </TestCategory>
      <Execution id="58921fa0-2aac-4eb1-881d-48dea7a398e0" />
      <TestMethod codeBase="D:\actions-runner\_work\XPCO\XPCO\SC\Components\RemoteViewer\SmartClient\tst\zSmartClient_UnitTest\bin\x64\Debug\net472\zSmartClient_UnitTest.dll" adapterTypeName="executor://mstestadapter/v2" className="SmartClient_UnitTest.VideoOS.RemoteClient.Plugin.CentralizedSearch.Views.Controls.SearchCategorySelect.SelectSearchCategoryLayoutTests" name="AddToSearchSelectedEvent_SomeCategoriesSelected_Success" />
    </UnitTest>
    <UnitTest name="SignUrl_WhereUrlIsInvalid_ThrowException" storage="d:\actions-runner\_work\xpco\xpco\sc\components\remoteviewer\smartclient\tst\zsmartclient_unittest\bin\x64\debug\net472\zsmartclient_unittest.dll" id="e5d551bc-1dd2-666f-0864-398b71d25710">
      <Execution id="6695b5f9-9a21-481c-9c3d-0926ac2c4716" />
      <TestMethod codeBase="D:\actions-runner\_work\XPCO\XPCO\SC\Components\RemoteViewer\SmartClient\tst\zSmartClient_UnitTest\bin\x64\Debug\net472\zSmartClient_UnitTest.dll" adapterTypeName="executor://mstestadapter/v2" className="SmartClient_UnitTest.VideoOS.RemoteClient.Plugin.GisMap.Utilities.GoogleApiUrlTest" name="SignUrl_WhereUrlIsInvalid_ThrowException" />
    </UnitTest>
    <UnitTest name="DeleteBookmarksAsync_DeleteBookmark_ServerError_ErrorRaised" storage="d:\actions-runner\_work\xpco\xpco\sc\components\remoteviewer\smartclient\tst\zsmartclient_unittest\bin\x64\debug\net472\zsmartclient_unittest.dll" id="b5ee2c9c-1f7c-6f06-e4ae-c68c87fb3f67">
      <TestCategory>
        <TestCategoryItem TestCategory="Search.Bookmarks" />
      </TestCategory>
      <Execution id="54958847-e665-4c5b-aaf1-d58360d8f256" />
      <TestMethod codeBase="D:\actions-runner\_work\XPCO\XPCO\SC\Components\RemoteViewer\SmartClient\tst\zSmartClient_UnitTest\bin\x64\Debug\net472\zSmartClient_UnitTest.dll" adapterTypeName="executor://mstestadapter/v2" className="SmartClient_UnitTest.VideoOS.RemoteClient.Plugin.CentralizedSearch.ViewModels.DeleteBookmarkHandlerTests" name="DeleteBookmarksAsync_DeleteBookmark_ServerError_ErrorRaised" />
    </UnitTest>
    <UnitTest name="CameraMapItem_AddWithViewZone_EvsServer_Success" storage="d:\actions-runner\_work\xpco\xpco\sc\components\remoteviewer\smartclient\tst\zsmartclient_unittest\bin\x64\debug\net472\zsmartclient_unittest.dll" id="b8dcd7c2-d643-4004-06b6-71dd24bea1c1">
      <TestCategory>
        <TestCategoryItem TestCategory="GisMapMapItem" />
      </TestCategory>
      <Execution id="5d5741f9-bfb0-4a3b-971e-584fa27c5776" />
      <TestMethod codeBase="D:\actions-runner\_work\XPCO\XPCO\SC\Components\RemoteViewer\SmartClient\tst\zSmartClient_UnitTest\bin\x64\Debug\net472\zSmartClient_UnitTest.dll" adapterTypeName="executor://mstestadapter/v2" className="SmartClient_UnitTest.VideoOS.RemoteClient.GisMap.MapItem.MapItemTests" name="CameraMapItem_AddWithViewZone_EvsServer_Success" />
    </UnitTest>
    <UnitTest name="ScWorkspaceStateChangedEvent_ShouldKeepIsSelected_WhenSwitchingToSetupMode" storage="d:\actions-runner\_work\xpco\xpco\sc\components\remoteviewer\smartclient\tst\zsmartclient_unittest\bin\x64\debug\net472\zsmartclient_unittest.dll" id="e26b2205-c180-7f1b-f046-b9155ed9b951">
      <TestCategory>
        <TestCategoryItem TestCategory="GisMapData.MapLayers" />
      </TestCategory>
      <Execution id="4a4fa5c1-cf38-428e-97ef-c936e7f5318f" />
      <TestMethod codeBase="D:\actions-runner\_work\XPCO\XPCO\SC\Components\RemoteViewer\SmartClient\tst\zSmartClient_UnitTest\bin\x64\Debug\net472\zSmartClient_UnitTest.dll" adapterTypeName="executor://mstestadapter/v2" className="SmartClient_UnitTest.VideoOS.RemoteClient.GisMapData.MapLayers.OutputItemsMapLayerTests" name="ScWorkspaceStateChangedEvent_ShouldKeepIsSelected_WhenSwitchingToSetupMode" />
    </UnitTest>
    <UnitTest name="GisMap_Load_Success" storage="d:\actions-runner\_work\xpco\xpco\sc\components\remoteviewer\smartclient\tst\zsmartclient_unittest\bin\x64\debug\net472\zsmartclient_unittest.dll" id="7480cb9c-3d2a-334b-c8f7-266fc8075bc0">
      <TestCategory>
        <TestCategoryItem TestCategory="GisMap" />
      </TestCategory>
      <Execution id="f4aff82c-2345-4c4e-859c-58e0e5f9b00e" />
      <TestMethod codeBase="D:\actions-runner\_work\XPCO\XPCO\SC\Components\RemoteViewer\SmartClient\tst\zSmartClient_UnitTest\bin\x64\Debug\net472\zSmartClient_UnitTest.dll" adapterTypeName="executor://mstestadapter/v2" className="SmartClient_UnitTest.VideoOS.RemoteClient.GisMapData.GisMapBasicTests" name="GisMap_Load_Success" />
    </UnitTest>
    <UnitTest name="Decorate_ShouldAddChildren_WhenThereIsCameraLayerAndViewZoneLayer" storage="d:\actions-runner\_work\xpco\xpco\sc\components\remoteviewer\smartclient\tst\zsmartclient_unittest\bin\x64\debug\net472\zsmartclient_unittest.dll" id="f212a945-9645-4128-b861-6596693a6fad">
      <TestCategory>
        <TestCategoryItem TestCategory="GisMap.LayerVisibilityItemDataChildrenViewZoneDecoratorTests" />
      </TestCategory>
      <Execution id="b8fdc3da-ded9-4f3c-a02d-4c8c485c1191" />
      <TestMethod codeBase="D:\actions-runner\_work\XPCO\XPCO\SC\Components\RemoteViewer\SmartClient\tst\zSmartClient_UnitTest\bin\x64\Debug\net472\zSmartClient_UnitTest.dll" adapterTypeName="executor://mstestadapter/v2" className="SmartClient_UnitTest.VideoOS.RemoteClient.Plugin.GisMap.ViewModels.LayersVisibility.Decorators.LayerVisibilityItemDataChildrenViewZoneDecoratorTests" name="Decorate_ShouldAddChildren_WhenThereIsCameraLayerAndViewZoneLayer" />
    </UnitTest>
    <UnitTest name="HandleGetLayerFeatures_ShouldReturnInputLayerFeatures_WhenInputKind" storage="d:\actions-runner\_work\xpco\xpco\sc\components\remoteviewer\smartclient\tst\zsmartclient_unittest\bin\x64\debug\net472\zsmartclient_unittest.dll" id="4bc203d8-dd85-c0c7-a002-24dc9564ca84">
      <TestCategory>
        <TestCategoryItem TestCategory="GisMapData.Handlers.LayerFeatures" />
      </TestCategory>
      <Execution id="805a3d70-e880-4fcf-a862-686071f5b540" />
      <TestMethod codeBase="D:\actions-runner\_work\XPCO\XPCO\SC\Components\RemoteViewer\SmartClient\tst\zSmartClient_UnitTest\bin\x64\Debug\net472\zSmartClient_UnitTest.dll" adapterTypeName="executor://mstestadapter/v2" className="SmartClient_UnitTest.VideoOS.RemoteClient.GisMapData.Handlers.LayerFeatures.InputLayerFeaturesHandlerTests" name="HandleGetLayerFeatures_ShouldReturnInputLayerFeatures_WhenInputKind" />
    </UnitTest>
    <UnitTest name="Constructor2_ShouldNotAllowInjectionOfNulls" storage="d:\actions-runner\_work\xpco\xpco\sc\components\remoteviewer\smartclient\tst\zsmartclient_unittest\bin\x64\debug\net472\zsmartclient_unittest.dll" id="195cadae-c368-871e-b908-a48bf7f49ea5">
      <Execution id="ffe7fccc-3075-4326-a453-843b97c56273" />
      <TestMethod codeBase="D:\actions-runner\_work\XPCO\XPCO\SC\Components\RemoteViewer\SmartClient\tst\zSmartClient_UnitTest\bin\x64\Debug\net472\zSmartClient_UnitTest.dll" adapterTypeName="executor://mstestadapter/v2" className="SmartClient_UnitTest.VideoOS.RemoteClient.Plugin.Export.PasswordDialogViewModelTests" name="Constructor2_ShouldNotAllowInjectionOfNulls" />
    </UnitTest>
    <UnitTest name="ShouldCameraListItemBeEnabledForCamera_ShouldReturnTrue_WhenSmartSearchIsAllowedForTheCamera" storage="d:\actions-runner\_work\xpco\xpco\sc\components\remoteviewer\smartclient\tst\zsmartclient_unittest\bin\x64\debug\net472\zsmartclient_unittest.dll" id="5e38d847-a6e1-c044-80d4-91e6d7b293f2">
      <TestCategory>
        <TestCategoryItem TestCategory="Search.Filters.ViewModels" />
      </TestCategory>
      <Execution id="2aaf2285-5fba-4ad1-ba60-04adb25f8045" />
      <TestMethod codeBase="D:\actions-runner\_work\XPCO\XPCO\SC\Components\RemoteViewer\SmartClient\tst\zSmartClient_UnitTest\bin\x64\Debug\net472\zSmartClient_UnitTest.dll" adapterTypeName="executor://mstestadapter/v2" className="SmartClient_UnitTest.VideoOS.RemoteClient.Plugin.CentralizedSearch.MIPPlugin.Criteria.ViewModels.SmartSearchCameraListItemHelperTests" name="ShouldCameraListItemBeEnabledForCamera_ShouldReturnTrue_WhenSmartSearchIsAllowedForTheCamera" />
    </UnitTest>
    <UnitTest name="GetSnapshots_Success" storage="d:\actions-runner\_work\xpco\xpco\sc\components\remoteviewer\smartclient\tst\zsmartclient_unittest\bin\x64\debug\net472\zsmartclient_unittest.dll" id="bbcf692c-7333-592c-a07e-45efe599945b">
      <TestCategory>
        <TestCategoryItem TestCategory="Search" />
      </TestCategory>
      <Execution id="69ad6a55-9786-4782-9d05-325d3054669a" />
      <TestMethod codeBase="D:\actions-runner\_work\XPCO\XPCO\SC\Components\RemoteViewer\SmartClient\tst\zSmartClient_UnitTest\bin\x64\Debug\net472\zSmartClient_UnitTest.dll" adapterTypeName="executor://mstestadapter/v2" className="SmartClient_UnitTest.VideoOS.RemoteClient.Plugin.CentralizedSearch.ViewModels.Data.SnapshotHandlerTests" name="GetSnapshots_Success" />
    </UnitTest>
    <UnitTest name="Constructor_ShouldRaiseArgumentNullException_WhenDeviceSelectorWindowViewModelIsNull" storage="d:\actions-runner\_work\xpco\xpco\sc\components\remoteviewer\smartclient\tst\zsmartclient_unittest\bin\x64\debug\net472\zsmartclient_unittest.dll" id="a0e10027-a764-ad05-f981-a17a6b93cae5">
      <TestCategory>
        <TestCategoryItem TestCategory="GisMap.DeviceSelectorWindow" />
      </TestCategory>
      <Execution id="69417d8c-7bca-4cc7-b6dc-ea48d92fce3a" />
      <TestMethod codeBase="D:\actions-runner\_work\XPCO\XPCO\SC\Components\RemoteViewer\SmartClient\tst\zSmartClient_UnitTest\bin\x64\Debug\net472\zSmartClient_UnitTest.dll" adapterTypeName="executor://mstestadapter/v2" className="SmartClient_UnitTest.VideoOS.RemoteClient.Plugin.GisMap.Windows.GisMapSetup.DeviceSelectors.DeviceSelectorWindowTests" name="Constructor_ShouldRaiseArgumentNullException_WhenDeviceSelectorWindowViewModelIsNull" />
    </UnitTest>
    <UnitTest name="GetBoundingShapesPathsAsync_ShouldGetBoundingShapesFromAllSources_WhenAllSourcesArePassedIn" storage="d:\actions-runner\_work\xpco\xpco\sc\components\remoteviewer\smartclient\tst\zsmartclient_unittest\bin\x64\debug\net472\zsmartclient_unittest.dll" id="8f3be891-cc07-82e3-b944-406561072d26">
      <Execution id="d88e3a9d-7be9-48f9-9983-497ccc3cced7" />
      <TestMethod codeBase="D:\actions-runner\_work\XPCO\XPCO\SC\Components\RemoteViewer\SmartClient\tst\zSmartClient_UnitTest\bin\x64\Debug\net472\zSmartClient_UnitTest.dll" adapterTypeName="executor://mstestadapter/v2" className="SmartClient_UnitTest.VideoOS.RemoteClient.Plugin.CentralizedSearch.Utils.SearchResultDataExtensionsTests" name="GetBoundingShapesPathsAsync_ShouldGetBoundingShapesFromAllSources_WhenAllSourcesArePassedIn" />
    </UnitTest>
    <UnitTest name="CreateItemUserControl_SingleSearchResultDataWrapperParameter_ControlCreatedAndInitialized" storage="d:\actions-runner\_work\xpco\xpco\sc\components\remoteviewer\smartclient\tst\zsmartclient_unittest\bin\x64\debug\net472\zsmartclient_unittest.dll" id="de8654eb-af61-aa53-49f9-84c165fb21f5">
      <TestCategory>
        <TestCategoryItem TestCategory="SearchViews" />
      </TestCategory>
      <Execution id="e41cea1d-4e5a-4286-8bcb-d3ecb8d71098" />
      <TestMethod codeBase="D:\actions-runner\_work\XPCO\XPCO\SC\Components\RemoteViewer\SmartClient\tst\zSmartClient_UnitTest\bin\x64\Debug\net472\zSmartClient_UnitTest.dll" adapterTypeName="executor://mstestadapter/v2" className="SmartClient_UnitTest.VideoOS.RemoteClient.Plugin.CentralizedSearch.Views.SearchResultsViewTests" name="CreateItemUserControl_SingleSearchResultDataWrapperParameter_ControlCreatedAndInitialized" />
    </UnitTest>
    <UnitTest name="OpenEdit_EditControlAvailable_EditContentControlUpdated" storage="d:\actions-runner\_work\xpco\xpco\sc\components\remoteviewer\smartclient\tst\zsmartclient_unittest\bin\x64\debug\net472\zsmartclient_unittest.dll" id="75abe4ea-20eb-3ee5-eee8-f4f3f43cc779">
      <TestCategory>
        <TestCategoryItem TestCategory="SearchControls" />
      </TestCategory>
      <Execution id="52ff51b3-b486-4f01-9085-fee27d2615f6" />
      <TestMethod codeBase="D:\actions-runner\_work\XPCO\XPCO\SC\Components\RemoteViewer\SmartClient\tst\zSmartClient_UnitTest\bin\x64\Debug\net472\zSmartClient_UnitTest.dll" adapterTypeName="executor://mstestadapter/v2" className="SmartClient_UnitTest.VideoOS.RemoteClient.Plugin.CentralizedSearch.Views.Controls.DropDownAttributeEditor.DropDownAttributeEditorTests" name="OpenEdit_EditControlAvailable_EditContentControlUpdated" />
    </UnitTest>
    <UnitTest name="BuildContentOptions_ShouldReturnCorrectWorkspaceName (00000000-0000-0000-0000-000000000000,Default title,00000000-0000-0000-0000-000000000000)" storage="d:\actions-runner\_work\xpco\xpco\sc\components\remoteviewer\smartclient\tst\zsmartclient_unittest\bin\x64\debug\net472\zsmartclient_unittest.dll" id="c4234132-b84d-ff6e-5128-178403da1d67">
      <Execution id="5565492c-2bde-4fd1-b655-36e35a7a1ae2" />
      <TestMethod codeBase="D:\actions-runner\_work\XPCO\XPCO\SC\Components\RemoteViewer\SmartClient\tst\zSmartClient_UnitTest\bin\x64\Debug\net472\zSmartClient_UnitTest.dll" adapterTypeName="executor://mstestadapter/v2" className="SmartClient_UnitTest.VideoOS.RemoteClient.Application.Common.Telemetry.TelemetryBuilderTests" name="BuildContentOptions_ShouldReturnCorrectWorkspaceName" />
    </UnitTest>
    <UnitTest name="PtzSessionController_Register_Camera_Generates_PtzSessionUserChangedEvent_Test" storage="d:\actions-runner\_work\xpco\xpco\sc\components\remoteviewer\smartclient\tst\zsmartclient_unittest\bin\x64\debug\net472\zsmartclient_unittest.dll" id="1242f06f-0c87-0502-1a6f-b0f180763fd7">
      <Execution id="1953e5d3-9612-4080-8f9e-b85c56ef61c3" />
      <TestMethod codeBase="D:\actions-runner\_work\XPCO\XPCO\SC\Components\RemoteViewer\SmartClient\tst\zSmartClient_UnitTest\bin\x64\Debug\net472\zSmartClient_UnitTest.dll" adapterTypeName="executor://mstestadapter/v2" className="VideoOS.RemoteClient.Application.Controllers.UnitTest.PtzSessionControllerTest" name="PtzSessionController_Register_Camera_Generates_PtzSessionUserChangedEvent_Test" />
    </UnitTest>
    <UnitTest name="ShouldReturnTrueFirstTimeAndFalseWhenNothingChanged" storage="d:\actions-runner\_work\xpco\xpco\sc\components\remoteviewer\smartclient\tst\zsmartclient_unittest\bin\x64\debug\net472\zsmartclient_unittest.dll" id="074b42c5-f1ad-52e6-005b-319d157cb31a">
      <TestCategory>
        <TestCategoryItem TestCategory="MipItemsUpdateStrategy" />
      </TestCategory>
      <Execution id="ef3134be-1fac-4f38-a6c3-ea65dac9974f" />
      <TestMethod codeBase="D:\actions-runner\_work\XPCO\XPCO\SC\Components\RemoteViewer\SmartClient\tst\zSmartClient_UnitTest\bin\x64\Debug\net472\zSmartClient_UnitTest.dll" adapterTypeName="executor://mstestadapter/v2" className="SmartClient_UnitTest.VideoOS.RemoteClient.Plugin.GisMap.MIP.MipItemsUpdateStrategyTests" name="ShouldReturnTrueFirstTimeAndFalseWhenNothingChanged" />
    </UnitTest>
    <UnitTest name="DateToStringConverter_SingleConvertValidInput_Success" storage="d:\actions-runner\_work\xpco\xpco\sc\components\remoteviewer\smartclient\tst\zsmartclient_unittest\bin\x64\debug\net472\zsmartclient_unittest.dll" id="8005e8bb-64fd-8f7e-b8b0-c5f3354ecb07">
      <TestCategory>
        <TestCategoryItem TestCategory="SearchConverter" />
      </TestCategory>
      <Execution id="264e2f52-0dc0-4fd0-a8e7-e18a44b037f7" />
      <TestMethod codeBase="D:\actions-runner\_work\XPCO\XPCO\SC\Components\RemoteViewer\SmartClient\tst\zSmartClient_UnitTest\bin\x64\Debug\net472\zSmartClient_UnitTest.dll" adapterTypeName="executor://mstestadapter/v2" className="SmartClient_UnitTest.VideoOS.RemoteClient.Plugin.CentralizedSearch.Views.Converters.DurationToStringConverterTests" name="DateToStringConverter_SingleConvertValidInput_Success" />
    </UnitTest>
    <UnitTest name="SupportsDoubleClick_ShouldBeFalse_WhenInteractionStateIsNormalAndNotInSetupMode" storage="d:\actions-runner\_work\xpco\xpco\sc\components\remoteviewer\smartclient\tst\zsmartclient_unittest\bin\x64\debug\net472\zsmartclient_unittest.dll" id="187ee319-c305-31ec-cc6d-df00e81417f3">
      <TestCategory>
        <TestCategoryItem TestCategory="GisMap.LinkMarker" />
      </TestCategory>
      <Execution id="eff4c965-ee83-4180-945d-aad15d988510" />
      <TestMethod codeBase="D:\actions-runner\_work\XPCO\XPCO\SC\Components\RemoteViewer\SmartClient\tst\zSmartClient_UnitTest\bin\x64\Debug\net472\zSmartClient_UnitTest.dll" adapterTypeName="executor://mstestadapter/v2" className="SmartClient_UnitTest.VideoOS.RemoteClient.Plugin.GisMap.ThinkGeoMap.Markers.LinkMarker.LinkMarkerTests" name="SupportsDoubleClick_ShouldBeFalse_WhenInteractionStateIsNormalAndNotInSetupMode" />
    </UnitTest>
    <UnitTest name="UpdateSearchTemplateAsync_ActiveSearchTemplateUpdated_Success" storage="d:\actions-runner\_work\xpco\xpco\sc\components\remoteviewer\smartclient\tst\zsmartclient_unittest\bin\x64\debug\net472\zsmartclient_unittest.dll" id="4ac17529-5b95-5a72-033f-f220f1f85e71">
      <TestCategory>
        <TestCategoryItem TestCategory="SearchTemplates" />
      </TestCategory>
      <Execution id="302ee91d-601b-4d0d-8f34-0824f887e682" />
      <TestMethod codeBase="D:\actions-runner\_work\XPCO\XPCO\SC\Components\RemoteViewer\SmartClient\tst\zSmartClient_UnitTest\bin\x64\Debug\net472\zSmartClient_UnitTest.dll" adapterTypeName="executor://mstestadapter/v2" className="SmartClient_UnitTest.VideoOS.RemoteClient.Plugin.CentralizedSearch.SearchTemplates.SearchTemplateManagerTests" name="UpdateSearchTemplateAsync_ActiveSearchTemplateUpdated_Success" />
    </UnitTest>
    <UnitTest name="ShouldReturnTrueWhenExtentChanged" storage="d:\actions-runner\_work\xpco\xpco\sc\components\remoteviewer\smartclient\tst\zsmartclient_unittest\bin\x64\debug\net472\zsmartclient_unittest.dll" id="f2eafc92-05e6-6561-5ea1-9b5fc4ef5a32">
      <TestCategory>
        <TestCategoryItem TestCategory="MipItemsUpdateStrategy" />
      </TestCategory>
      <Execution id="b05ac038-1442-4a0e-9421-c7510819f33f" />
      <TestMethod codeBase="D:\actions-runner\_work\XPCO\XPCO\SC\Components\RemoteViewer\SmartClient\tst\zSmartClient_UnitTest\bin\x64\Debug\net472\zSmartClient_UnitTest.dll" adapterTypeName="executor://mstestadapter/v2" className="SmartClient_UnitTest.VideoOS.RemoteClient.Plugin.GisMap.MIP.MipItemsUpdateStrategyTests" name="ShouldReturnTrueWhenExtentChanged" />
    </UnitTest>
    <UnitTest name="ShowPermissionDeniedToasts_ShouldShowCorrectNumberOfToasts (0,0)" storage="d:\actions-runner\_work\xpco\xpco\sc\components\remoteviewer\smartclient\tst\zsmartclient_unittest\bin\x64\debug\net472\zsmartclient_unittest.dll" id="c0a6798f-9e7a-77b0-28d7-c43040f073db">
      <TestCategory>
        <TestCategoryItem TestCategory="Managers" />
      </TestCategory>
      <Execution id="9e36b05d-01b5-4712-90a8-8b508e571871" />
      <TestMethod codeBase="D:\actions-runner\_work\XPCO\XPCO\SC\Components\RemoteViewer\SmartClient\tst\zSmartClient_UnitTest\bin\x64\Debug\net472\zSmartClient_UnitTest.dll" adapterTypeName="executor://mstestadapter/v2" className="SmartClient_UnitTest.VideoOS.RemoteClient.Application.Managers.ExportResultsNotificationHelperTests" name="ShowPermissionDeniedToasts_ShouldShowCorrectNumberOfToasts" />
    </UnitTest>
    <UnitTest name="ExportNotVisible_WhenFeatureDisabled" storage="d:\actions-runner\_work\xpco\xpco\sc\components\remoteviewer\smartclient\tst\zsmartclient_unittest\bin\x64\debug\net472\zsmartclient_unittest.dll" id="54f7979c-7440-2cc5-5665-679c43abe566">
      <TestCategory>
        <TestCategoryItem TestCategory="WorkspaceToolbar" />
      </TestCategory>
      <Execution id="9c0f1352-9237-4b0b-8bbb-e5befc60ecbd" />
      <TestMethod codeBase="D:\actions-runner\_work\XPCO\XPCO\SC\Components\RemoteViewer\SmartClient\tst\zSmartClient_UnitTest\bin\x64\Debug\net472\zSmartClient_UnitTest.dll" adapterTypeName="executor://mstestadapter/v2" className="SmartClient_UnitTest.VideoOS.RemoteClient.Application.UI.Content.WorkspaceToolbar.WorkspaceToolbarViewModelTests" name="ExportNotVisible_WhenFeatureDisabled" />
    </UnitTest>
    <UnitTest name="BookmarkSearchTime_WithSearchStringInDifferentCases_ReturnCorrectBookmarkWithSearchStringInDescription (SeArChStRiNg,False,True,True,False,,,1)" storage="d:\actions-runner\_work\xpco\xpco\sc\components\remoteviewer\smartclient\tst\zsmartclient_unittest\bin\x64\debug\net472\zsmartclient_unittest.dll" id="6cd11450-096a-ebc5-8d74-0d1afc1e5b1d">
      <Execution id="7692891a-a526-48dd-9c9d-0988b04587a7" />
      <TestMethod codeBase="D:\actions-runner\_work\XPCO\XPCO\SC\Components\RemoteViewer\SmartClient\tst\zSmartClient_UnitTest\bin\x64\Debug\net472\zSmartClient_UnitTest.dll" adapterTypeName="executor://mstestadapter/v2" className="SmartClient_UnitTest.VideoOS.RemoteClient.Application.Data.Offline.UnitTest.BookmarkExportReaderTest" name="BookmarkSearchTime_WithSearchStringInDifferentCases_ReturnCorrectBookmarkWithSearchStringInDescription" />
    </UnitTest>
    <UnitTest name="ZoomIn_MapSet_MapZoomInInvoked" storage="d:\actions-runner\_work\xpco\xpco\sc\components\remoteviewer\smartclient\tst\zsmartclient_unittest\bin\x64\debug\net472\zsmartclient_unittest.dll" id="daa7dc49-f207-f73b-e691-533a5b8c5990">
      <Execution id="e30433bb-adf2-4317-86fc-bb163b0c8be9" />
      <TestMethod codeBase="D:\actions-runner\_work\XPCO\XPCO\SC\Components\RemoteViewer\SmartClient\tst\zSmartClient_UnitTest\bin\x64\Debug\net472\zSmartClient_UnitTest.dll" adapterTypeName="executor://mstestadapter/v2" className="SmartClient_UnitTest.VideoOS.RemoteClient.Plugin.GisMap.ThinkGeoMap.DefaultZoomHandlerTests" name="ZoomIn_MapSet_MapZoomInInvoked" />
    </UnitTest>
    <UnitTest name="MoveToTop_ShouldMoveMarkerTopmost_WhenNotAlreadyTopmostButHasPreviouslyBeenMovedToTop" storage="d:\actions-runner\_work\xpco\xpco\sc\components\remoteviewer\smartclient\tst\zsmartclient_unittest\bin\x64\debug\net472\zsmartclient_unittest.dll" id="6247c776-b6f2-69b6-74d1-6fc24161e71e">
      <TestCategory>
        <TestCategoryItem TestCategory="SmartMap.MapItemsOverlay" />
      </TestCategory>
      <Execution id="5d3d4bd9-103a-4a27-bb01-113d1e6d9893" />
      <TestMethod codeBase="D:\actions-runner\_work\XPCO\XPCO\SC\Components\RemoteViewer\SmartClient\tst\zSmartClient_UnitTest\bin\x64\Debug\net472\zSmartClient_UnitTest.dll" adapterTypeName="executor://mstestadapter/v2" className="SmartClient_UnitTest.VideoOS.RemoteClient.Plugin.GisMap.ThinkGeoMap.SpecializedOverlays.Overlays.MapItemsOverlayTests" name="MoveToTop_ShouldMoveMarkerTopmost_WhenNotAlreadyTopmostButHasPreviouslyBeenMovedToTop" />
    </UnitTest>
    <UnitTest name="HandleSetLayerFeatures_ShouldRaiseArgumentException_WhenCameraKindAndNotCameraLayerFeaturesAndOutputLayer" storage="d:\actions-runner\_work\xpco\xpco\sc\components\remoteviewer\smartclient\tst\zsmartclient_unittest\bin\x64\debug\net472\zsmartclient_unittest.dll" id="6a9c6020-889e-b6db-aa72-939d2660cb16">
      <TestCategory>
        <TestCategoryItem TestCategory="GisMapData.Handlers.LayerFeatures" />
      </TestCategory>
      <Execution id="75ad7dbb-c02e-43be-b209-03aac24b5a9e" />
      <TestMethod codeBase="D:\actions-runner\_work\XPCO\XPCO\SC\Components\RemoteViewer\SmartClient\tst\zSmartClient_UnitTest\bin\x64\Debug\net472\zSmartClient_UnitTest.dll" adapterTypeName="executor://mstestadapter/v2" className="SmartClient_UnitTest.VideoOS.RemoteClient.GisMapData.Handlers.LayerFeatures.CameraLayerFeaturesHandlerTests" name="HandleSetLayerFeatures_ShouldRaiseArgumentException_WhenCameraKindAndNotCameraLayerFeaturesAndOutputLayer" />
    </UnitTest>
    <UnitTest name="PtzSessionControllerInfo_UserChangedTest_Different_User_Type" storage="d:\actions-runner\_work\xpco\xpco\sc\components\remoteviewer\smartclient\tst\zsmartclient_unittest\bin\x64\debug\net472\zsmartclient_unittest.dll" id="3787704c-f9e0-e566-1c87-02188e388c59">
      <Execution id="8921b642-9543-4885-8959-520e8211e294" />
      <TestMethod codeBase="D:\actions-runner\_work\XPCO\XPCO\SC\Components\RemoteViewer\SmartClient\tst\zSmartClient_UnitTest\bin\x64\Debug\net472\zSmartClient_UnitTest.dll" adapterTypeName="executor://mstestadapter/v2" className="VideoOS.RemoteClient.Application.Controllers.UnitTest.PtzSessionControllerTest" name="PtzSessionControllerInfo_UserChangedTest_Different_User_Type" />
    </UnitTest>
    <UnitTest name="FromBase64_Success" storage="d:\actions-runner\_work\xpco\xpco\sc\components\remoteviewer\smartclient\tst\zsmartclient_unittest\bin\x64\debug\net472\zsmartclient_unittest.dll" id="eafd993c-1009-37c6-4ede-de325862c5a7">
      <Execution id="d369f1c2-f879-45c2-aa90-b2732ea1f3d1" />
      <TestMethod codeBase="D:\actions-runner\_work\XPCO\XPCO\SC\Components\RemoteViewer\SmartClient\tst\zSmartClient_UnitTest\bin\x64\Debug\net472\zSmartClient_UnitTest.dll" adapterTypeName="executor://mstestadapter/v2" className="SmartClient_UnitTest.VideoOS.RemoteClient.Application.Data.ContentTypes.ImageContentType.ImageUtilsTests" name="FromBase64_Success" />
    </UnitTest>
    <UnitTest name="Convert_NullArgument_Collapsed" storage="d:\actions-runner\_work\xpco\xpco\sc\components\remoteviewer\smartclient\tst\zsmartclient_unittest\bin\x64\debug\net472\zsmartclient_unittest.dll" id="47bead1c-a537-8842-47a7-b3ba583fe988">
      <TestCategory>
        <TestCategoryItem TestCategory="SearchConverter" />
      </TestCategory>
      <Execution id="13105ff3-0b2a-4aac-a848-701e335ec7be" />
      <TestMethod codeBase="D:\actions-runner\_work\XPCO\XPCO\SC\Components\RemoteViewer\SmartClient\tst\zSmartClient_UnitTest\bin\x64\Debug\net472\zSmartClient_UnitTest.dll" adapterTypeName="executor://mstestadapter/v2" className="SmartClient_UnitTest.VideoOS.RemoteClient.Plugin.CentralizedSearch.Views.Converters.NoCriteriaSelectedGridVisibilityConverterTests" name="Convert_NullArgument_Collapsed" />
    </UnitTest>
    <UnitTest name="GetCamera_ShouldReturnCorrectCameraTest" storage="d:\actions-runner\_work\xpco\xpco\sc\components\remoteviewer\smartclient\tst\zsmartclient_unittest\bin\x64\debug\net472\zsmartclient_unittest.dll" id="e36d7108-5c81-aaf4-329c-24a028699d61">
      <Execution id="43fc90db-5122-40cc-9b4f-b3599481af02" />
      <TestMethod codeBase="D:\actions-runner\_work\XPCO\XPCO\SC\Components\RemoteViewer\SmartClient\tst\zSmartClient_UnitTest\bin\x64\Debug\net472\zSmartClient_UnitTest.dll" adapterTypeName="executor://mstestadapter/v2" className="SmartClient_UnitTest.VideoOS.RemoteClient.Application.Data.ContentTypes.ReportingContentType.DashboardDetailsProviderTest" name="GetCamera_ShouldReturnCorrectCameraTest" />
    </UnitTest>
    <UnitTest name="Constructor_ShouldThrowArgumentNullException_WhenControllerManagerIsNull" storage="d:\actions-runner\_work\xpco\xpco\sc\components\remoteviewer\smartclient\tst\zsmartclient_unittest\bin\x64\debug\net472\zsmartclient_unittest.dll" id="26493e2f-f09a-fd85-4932-ec0c6378d5e5">
      <Execution id="a068ee71-4a79-4a7a-8032-5b0dbf147916" />
      <TestMethod codeBase="D:\actions-runner\_work\XPCO\XPCO\SC\Components\RemoteViewer\SmartClient\tst\zSmartClient_UnitTest\bin\x64\Debug\net472\zSmartClient_UnitTest.dll" adapterTypeName="executor://mstestadapter/v2" className="SmartClient_UnitTest.VideoOS.RemoteClient.Application.UI.Settings.SettingsDialogViewModelTests" name="Constructor_ShouldThrowArgumentNullException_WhenControllerManagerIsNull" />
    </UnitTest>
    <UnitTest name="AddCriteriaCommand_WithActiveSearchTemplate_ActiveSearchTemplateModifiedSet" storage="d:\actions-runner\_work\xpco\xpco\sc\components\remoteviewer\smartclient\tst\zsmartclient_unittest\bin\x64\debug\net472\zsmartclient_unittest.dll" id="161a0e40-6dbd-cbdc-3714-f2442765e338">
      <TestCategory>
        <TestCategoryItem TestCategory="SearchViewModels" />
      </TestCategory>
      <Execution id="c54255a9-93ad-4be8-8af7-dab9dc82c42a" />
      <TestMethod codeBase="D:\actions-runner\_work\XPCO\XPCO\SC\Components\RemoteViewer\SmartClient\tst\zSmartClient_UnitTest\bin\x64\Debug\net472\zSmartClient_UnitTest.dll" adapterTypeName="executor://mstestadapter/v2" className="SmartClient_UnitTest.VideoOS.RemoteClient.Plugin.CentralizedSearch.ViewModels.SearchViewModelTests" name="AddCriteriaCommand_WithActiveSearchTemplate_ActiveSearchTemplateModifiedSet" />
    </UnitTest>
    <UnitTest name="AddApiKey_WhereApiKeyNull_ThrowException" storage="d:\actions-runner\_work\xpco\xpco\sc\components\remoteviewer\smartclient\tst\zsmartclient_unittest\bin\x64\debug\net472\zsmartclient_unittest.dll" id="5b1fb637-3ca1-9a80-d25d-3a01eede0458">
      <Execution id="1140e52b-5c0a-4a96-b389-7cbc91f34655" />
      <TestMethod codeBase="D:\actions-runner\_work\XPCO\XPCO\SC\Components\RemoteViewer\SmartClient\tst\zSmartClient_UnitTest\bin\x64\Debug\net472\zSmartClient_UnitTest.dll" adapterTypeName="executor://mstestadapter/v2" className="SmartClient_UnitTest.VideoOS.RemoteClient.Plugin.GisMap.Utilities.GoogleApiUrlTest" name="AddApiKey_WhereApiKeyNull_ThrowException" />
    </UnitTest>
    <UnitTest name="SupportsRightClick_ShouldBeTrue_WhenInteractionStateIsNormal" storage="d:\actions-runner\_work\xpco\xpco\sc\components\remoteviewer\smartclient\tst\zsmartclient_unittest\bin\x64\debug\net472\zsmartclient_unittest.dll" id="afde7264-8c54-4b55-3afb-8cc9db7bdd2c">
      <TestCategory>
        <TestCategoryItem TestCategory="GisMap.MicrophoneMarkerTest" />
      </TestCategory>
      <Execution id="4e2e0b27-a5ac-4c69-b8f9-fd16159536d7" />
      <TestMethod codeBase="D:\actions-runner\_work\XPCO\XPCO\SC\Components\RemoteViewer\SmartClient\tst\zSmartClient_UnitTest\bin\x64\Debug\net472\zSmartClient_UnitTest.dll" adapterTypeName="executor://mstestadapter/v2" className="SmartClient_UnitTest.VideoOS.RemoteClient.Plugin.GisMap.ThinkGeoMap.Markers.DeviceMarkers.MicrophoneMarker.MicrophoneMarkerTests" name="SupportsRightClick_ShouldBeTrue_WhenInteractionStateIsNormal" />
    </UnitTest>
    <UnitTest name="ToNormalizedDirection_OutOfRange_2PI_Fail" storage="d:\actions-runner\_work\xpco\xpco\sc\components\remoteviewer\smartclient\tst\zsmartclient_unittest\bin\x64\debug\net472\zsmartclient_unittest.dll" id="af78caca-a27e-9e6b-678d-4aa454a90502">
      <TestCategory>
        <TestCategoryItem TestCategory="GisMap" />
      </TestCategory>
      <Execution id="ae8961b2-eafa-4e53-9acc-8e78f5a07ed2" />
      <TestMethod codeBase="D:\actions-runner\_work\XPCO\XPCO\SC\Components\RemoteViewer\SmartClient\tst\zSmartClient_UnitTest\bin\x64\Debug\net472\zSmartClient_UnitTest.dll" adapterTypeName="executor://mstestadapter/v2" className="SmartClient_UnitTest.VideoOS.RemoteClient.GisMap.Utilities.GisUtilityTests" name="ToNormalizedDirection_OutOfRange_2PI_Fail" />
    </UnitTest>
    <UnitTest name="BookmarkSearchTime_WithSearchStringInDifferentCases_ReturnCorrectBookmarkWithSearchStringInDescription (SeArChStRiNg,False,False,True,True,,,0)" storage="d:\actions-runner\_work\xpco\xpco\sc\components\remoteviewer\smartclient\tst\zsmartclient_unittest\bin\x64\debug\net472\zsmartclient_unittest.dll" id="f7b5e73d-d725-7d90-231b-5a2bdb3de4fe">
      <Execution id="6fd9902c-14fc-4943-85c0-3735c9c54612" />
      <TestMethod codeBase="D:\actions-runner\_work\XPCO\XPCO\SC\Components\RemoteViewer\SmartClient\tst\zSmartClient_UnitTest\bin\x64\Debug\net472\zSmartClient_UnitTest.dll" adapterTypeName="executor://mstestadapter/v2" className="SmartClient_UnitTest.VideoOS.RemoteClient.Application.Data.Offline.UnitTest.BookmarkExportReaderTest" name="BookmarkSearchTime_WithSearchStringInDifferentCases_ReturnCorrectBookmarkWithSearchStringInDescription" />
    </UnitTest>
    <UnitTest name="CreateReportCommand_ReportDestinationSaved" storage="d:\actions-runner\_work\xpco\xpco\sc\components\remoteviewer\smartclient\tst\zsmartclient_unittest\bin\x64\debug\net472\zsmartclient_unittest.dll" id="0d21c288-6b50-0b5f-f1c0-b66a8d9fbd36">
      <TestCategory>
        <TestCategoryItem TestCategory="Search" />
      </TestCategory>
      <Execution id="2cb4948a-4059-4e29-8b15-acf81ffc1cf2" />
      <TestMethod codeBase="D:\actions-runner\_work\XPCO\XPCO\SC\Components\RemoteViewer\SmartClient\tst\zSmartClient_UnitTest\bin\x64\Debug\net472\zSmartClient_UnitTest.dll" adapterTypeName="executor://mstestadapter/v2" className="SmartClient_UnitTest.VideoOS.RemoteClient.Plugin.CentralizedSearch.ViewModels.SearchReportViewModelTests" name="CreateReportCommand_ReportDestinationSaved" />
    </UnitTest>
    <UnitTest name="Ctor_UnknownEditControl_InlineEditControl_Success" storage="d:\actions-runner\_work\xpco\xpco\sc\components\remoteviewer\smartclient\tst\zsmartclient_unittest\bin\x64\debug\net472\zsmartclient_unittest.dll" id="e6be9160-5cc6-c513-67c4-14d959e49ad9">
      <TestCategory>
        <TestCategoryItem TestCategory="Search" />
      </TestCategory>
      <Execution id="7c74bf58-ddcd-4e71-a720-1701b250ba60" />
      <TestMethod codeBase="D:\actions-runner\_work\XPCO\XPCO\SC\Components\RemoteViewer\SmartClient\tst\zSmartClient_UnitTest\bin\x64\Debug\net472\zSmartClient_UnitTest.dll" adapterTypeName="executor://mstestadapter/v2" className="SmartClient_UnitTest.VideoOS.RemoteClient.Plugin.CentralizedSearch.ViewModels.SearchFilterViewModelTests" name="Ctor_UnknownEditControl_InlineEditControl_Success" />
    </UnitTest>
    <UnitTest name="LoadSearchTemplate_ActiveToSameActive_NoUpdateAndEvent" storage="d:\actions-runner\_work\xpco\xpco\sc\components\remoteviewer\smartclient\tst\zsmartclient_unittest\bin\x64\debug\net472\zsmartclient_unittest.dll" id="08f82558-d98c-02af-8d5e-3581c5e98c4c">
      <TestCategory>
        <TestCategoryItem TestCategory="SearchTemplates" />
      </TestCategory>
      <Execution id="14af932e-cf93-4991-84dd-48ae31d84761" />
      <TestMethod codeBase="D:\actions-runner\_work\XPCO\XPCO\SC\Components\RemoteViewer\SmartClient\tst\zSmartClient_UnitTest\bin\x64\Debug\net472\zSmartClient_UnitTest.dll" adapterTypeName="executor://mstestadapter/v2" className="SmartClient_UnitTest.VideoOS.RemoteClient.Plugin.CentralizedSearch.SearchTemplates.SearchTemplateManagerTests" name="LoadSearchTemplate_ActiveToSameActive_NoUpdateAndEvent" />
    </UnitTest>
    <UnitTest name="PatrollingStepListViewModel_MoveStepDownExecute" storage="d:\actions-runner\_work\xpco\xpco\sc\components\remoteviewer\smartclient\tst\zsmartclient_unittest\bin\x64\debug\net472\zsmartclient_unittest.dll" id="ef7eb1a4-404f-fda1-15f0-bcd1e692326a">
      <Execution id="5dddd2f0-23d4-4ed9-aae5-b54fc4513edf" />
      <TestMethod codeBase="D:\actions-runner\_work\XPCO\XPCO\SC\Components\RemoteViewer\SmartClient\tst\zSmartClient_UnitTest\bin\x64\Debug\net472\zSmartClient_UnitTest.dll" adapterTypeName="executor://mstestadapter/v2" className="SmartClient_UnitTest.VideoOS.RemoteClient.Application.UI.PtzPreset.PatrollingViewModel.PatrollingStepListViewModelTest" name="PatrollingStepListViewModel_MoveStepDownExecute" />
    </UnitTest>
    <UnitTest name="NavigateAndSelectAsync_PanMap_ReCenterCommandEnabled" storage="d:\actions-runner\_work\xpco\xpco\sc\components\remoteviewer\smartclient\tst\zsmartclient_unittest\bin\x64\debug\net472\zsmartclient_unittest.dll" id="4c310887-8495-4e52-0457-4cbe13b9a200">
      <TestCategory>
        <TestCategoryItem TestCategory="GisMap.GisMapViewModel" />
      </TestCategory>
      <Execution id="87de1e03-f84f-4964-9977-b529231a78b5" />
      <TestMethod codeBase="D:\actions-runner\_work\XPCO\XPCO\SC\Components\RemoteViewer\SmartClient\tst\zSmartClient_UnitTest\bin\x64\Debug\net472\zSmartClient_UnitTest.dll" adapterTypeName="executor://mstestadapter/v2" className="SmartClient_UnitTest.VideoOS.RemoteClient.Plugin.GisMap.ViewModels.GisMapViewModelTests" name="NavigateAndSelectAsync_PanMap_ReCenterCommandEnabled" />
    </UnitTest>
    <UnitTest name="HandleSetLayerFeatures_ShouldRaiseArgumentException_WhenNotMicrophoneKindAndMicrophoneLayerFeatures" storage="d:\actions-runner\_work\xpco\xpco\sc\components\remoteviewer\smartclient\tst\zsmartclient_unittest\bin\x64\debug\net472\zsmartclient_unittest.dll" id="b7cfc484-cb4b-49fc-a4f0-d587f8a4ea1f">
      <TestCategory>
        <TestCategoryItem TestCategory="GisMapData.Handlers.LayerFeatures" />
      </TestCategory>
      <Execution id="813944a0-be53-4ede-aa39-42292de64cbf" />
      <TestMethod codeBase="D:\actions-runner\_work\XPCO\XPCO\SC\Components\RemoteViewer\SmartClient\tst\zSmartClient_UnitTest\bin\x64\Debug\net472\zSmartClient_UnitTest.dll" adapterTypeName="executor://mstestadapter/v2" className="SmartClient_UnitTest.VideoOS.RemoteClient.GisMapData.Handlers.LayerFeatures.MicrophoneLayerFeaturesHandlerTests" name="HandleSetLayerFeatures_ShouldRaiseArgumentException_WhenNotMicrophoneKindAndMicrophoneLayerFeatures" />
    </UnitTest>
    <UnitTest name="IsDisabled_ShouldBeTrue_WhenApplicationIsInBrowseMode" storage="d:\actions-runner\_work\xpco\xpco\sc\components\remoteviewer\smartclient\tst\zsmartclient_unittest\bin\x64\debug\net472\zsmartclient_unittest.dll" id="771137e7-8711-d371-fedf-d100a6d214c7">
      <TestCategory>
        <TestCategoryItem TestCategory="GisMapData.MapItem.Microphones" />
      </TestCategory>
      <Execution id="fbca489a-cf91-491d-b989-d58a98f65f95" />
      <TestMethod codeBase="D:\actions-runner\_work\XPCO\XPCO\SC\Components\RemoteViewer\SmartClient\tst\zSmartClient_UnitTest\bin\x64\Debug\net472\zSmartClient_UnitTest.dll" adapterTypeName="executor://mstestadapter/v2" className="SmartClient_UnitTest.VideoOS.RemoteClient.GisMapData.MapItem.Microphones.MicrophoneMapItemTests" name="IsDisabled_ShouldBeTrue_WhenApplicationIsInBrowseMode" />
    </UnitTest>
    <UnitTest name="GetUtcToday_UtcTimeZoneDst_Success" storage="d:\actions-runner\_work\xpco\xpco\sc\components\remoteviewer\smartclient\tst\zsmartclient_unittest\bin\x64\debug\net472\zsmartclient_unittest.dll" id="fcc71f98-4fa9-3c89-a58d-cfe34dc4476c">
      <TestCategory>
        <TestCategoryItem TestCategory="Search" />
      </TestCategory>
      <Execution id="3d9ca563-d278-45aa-a22b-961cee939dde" />
      <TestMethod codeBase="D:\actions-runner\_work\XPCO\XPCO\SC\Components\RemoteViewer\SmartClient\tst\zSmartClient_UnitTest\bin\x64\Debug\net472\zSmartClient_UnitTest.dll" adapterTypeName="executor://mstestadapter/v2" className="SmartClient_UnitTest.VideoOS.RemoteClient.Plugin.CentralizedSearch.ViewModels.Data.TimeScopeTests" name="GetUtcToday_UtcTimeZoneDst_Success" />
    </UnitTest>
    <UnitTest name="Search_SortOrderSpecified_Success" storage="d:\actions-runner\_work\xpco\xpco\sc\components\remoteviewer\smartclient\tst\zsmartclient_unittest\bin\x64\debug\net472\zsmartclient_unittest.dll" id="1131d610-fdb8-bf14-5dd7-5607c21d80e3">
      <TestCategory>
        <TestCategoryItem TestCategory="Search" />
      </TestCategory>
      <Execution id="43f297b5-ac05-4c8b-831c-83d59c3bfc3c" />
      <TestMethod codeBase="D:\actions-runner\_work\XPCO\XPCO\SC\Components\RemoteViewer\SmartClient\tst\zSmartClient_UnitTest\bin\x64\Debug\net472\zSmartClient_UnitTest.dll" adapterTypeName="executor://mstestadapter/v2" className="SmartClient_UnitTest.VideoOS.RemoteClient.Plugin.CentralizedSearch.MIPPlugin.CompositeSearchDefinitionTests" name="Search_SortOrderSpecified_Success" />
    </UnitTest>
    <UnitTest name="FindSearchTemplatesAsync_ThrowTimeoutException_Success" storage="d:\actions-runner\_work\xpco\xpco\sc\components\remoteviewer\smartclient\tst\zsmartclient_unittest\bin\x64\debug\net472\zsmartclient_unittest.dll" id="77d0e63a-0772-b03a-0b99-eeaeb962de64">
      <TestCategory>
        <TestCategoryItem TestCategory="SearchTemplatesService" />
      </TestCategory>
      <Execution id="e1e80851-0701-4fc9-983e-f8af3b099e98" />
      <TestMethod codeBase="D:\actions-runner\_work\XPCO\XPCO\SC\Components\RemoteViewer\SmartClient\tst\zSmartClient_UnitTest\bin\x64\Debug\net472\zSmartClient_UnitTest.dll" adapterTypeName="executor://mstestadapter/v2" className="SmartClient_UnitTest.VideoOS.RemoteClient.Plugin.CentralizedSearch.SearchTemplates.Service.SearchTemplateServiceTests" name="FindSearchTemplatesAsync_ThrowTimeoutException_Success" />
    </UnitTest>
    <UnitTest name="PtzSessionControllerInfo_TimeChangedTest_Different_TimeLeft" storage="d:\actions-runner\_work\xpco\xpco\sc\components\remoteviewer\smartclient\tst\zsmartclient_unittest\bin\x64\debug\net472\zsmartclient_unittest.dll" id="7e6ab9bc-6be0-57ee-f082-006f13f3fda7">
      <Execution id="540e8aad-a9b1-4767-8bb9-b7709935e00b" />
      <TestMethod codeBase="D:\actions-runner\_work\XPCO\XPCO\SC\Components\RemoteViewer\SmartClient\tst\zSmartClient_UnitTest\bin\x64\Debug\net472\zSmartClient_UnitTest.dll" adapterTypeName="executor://mstestadapter/v2" className="VideoOS.RemoteClient.Application.Controllers.UnitTest.PtzSessionControllerTest" name="PtzSessionControllerInfo_TimeChangedTest_Different_TimeLeft" />
    </UnitTest>
    <UnitTest name="MergeWith_EmptyCluster_ThisNotChanged" storage="d:\actions-runner\_work\xpco\xpco\sc\components\remoteviewer\smartclient\tst\zsmartclient_unittest\bin\x64\debug\net472\zsmartclient_unittest.dll" id="c16412a0-c100-f8dd-8f2b-f63db635bf73">
      <TestCategory>
        <TestCategoryItem TestCategory="GisMapIndex" />
      </TestCategory>
      <Execution id="e59d6a37-5eb6-464a-b48a-5c40b9956cf5" />
      <TestMethod codeBase="D:\actions-runner\_work\XPCO\XPCO\SC\Components\RemoteViewer\SmartClient\tst\zSmartClient_UnitTest\bin\x64\Debug\net472\zSmartClient_UnitTest.dll" adapterTypeName="executor://mstestadapter/v2" className="SmartClient_UnitTest.VideoOS.RemoteClient.GisMapData.Common.Indexer.ClusterDataTests" name="MergeWith_EmptyCluster_ThisNotChanged" />
    </UnitTest>
    <UnitTest name="DrawProperty_ShouldNotInjectEmptyPages_WhenDrawingLargeProperty" storage="d:\actions-runner\_work\xpco\xpco\sc\components\remoteviewer\smartclient\tst\zsmartclient_unittest\bin\x64\debug\net472\zsmartclient_unittest.dll" id="7bc99a94-0c53-913f-78d1-d1b66b08b925">
      <TestCategory>
        <TestCategoryItem TestCategory="Search" />
      </TestCategory>
      <Execution id="f0c11d07-dfe7-4e58-9b16-6703a69011af" />
      <TestMethod codeBase="D:\actions-runner\_work\XPCO\XPCO\SC\Components\RemoteViewer\SmartClient\tst\zSmartClient_UnitTest\bin\x64\Debug\net472\zSmartClient_UnitTest.dll" adapterTypeName="executor://mstestadapter/v2" className="SmartClient_UnitTest.VideoOS.RemoteClient.Plugin.CentralizedSearch.ViewModels.Utility.SearchReportPrintFactoryTests" name="DrawProperty_ShouldNotInjectEmptyPages_WhenDrawingLargeProperty" />
    </UnitTest>
    <UnitTest name="RemoveDefinition_ExistingDefinitionWithSearchResult_SearchResultsCleared" storage="d:\actions-runner\_work\xpco\xpco\sc\components\remoteviewer\smartclient\tst\zsmartclient_unittest\bin\x64\debug\net472\zsmartclient_unittest.dll" id="102f1558-5f20-a6d5-8bb1-2bdfa2e7b50e">
      <TestCategory>
        <TestCategoryItem TestCategory="SearchModels" />
      </TestCategory>
      <Execution id="0ef8b092-8d53-471f-aac8-076a07e1fb52" />
      <TestMethod codeBase="D:\actions-runner\_work\XPCO\XPCO\SC\Components\RemoteViewer\SmartClient\tst\zSmartClient_UnitTest\bin\x64\Debug\net472\zSmartClient_UnitTest.dll" adapterTypeName="executor://mstestadapter/v2" className="SmartClient_UnitTest.VideoOS.RemoteClient.Plugin.CentralizedSearch.Models.SearchModelTests" name="RemoveDefinition_ExistingDefinitionWithSearchResult_SearchResultsCleared" />
    </UnitTest>
    <UnitTest name="Show_ShouldRaiseDeviceSelectorWindowClose_WhenIsClosed" storage="d:\actions-runner\_work\xpco\xpco\sc\components\remoteviewer\smartclient\tst\zsmartclient_unittest\bin\x64\debug\net472\zsmartclient_unittest.dll" id="64acf650-ab74-e994-39a9-4ff5a401cc98">
      <TestCategory>
        <TestCategoryItem TestCategory="GisMap.DeviceSelectorWindow" />
      </TestCategory>
      <Execution id="a6fddd14-46d2-438a-9ccd-d3696799ad6c" />
      <TestMethod codeBase="D:\actions-runner\_work\XPCO\XPCO\SC\Components\RemoteViewer\SmartClient\tst\zSmartClient_UnitTest\bin\x64\Debug\net472\zSmartClient_UnitTest.dll" adapterTypeName="executor://mstestadapter/v2" className="SmartClient_UnitTest.VideoOS.RemoteClient.Plugin.GisMap.Windows.GisMapSetup.DeviceSelectors.DeviceSelectorWindowTests" name="Show_ShouldRaiseDeviceSelectorWindowClose_WhenIsClosed" />
    </UnitTest>
    <UnitTest name="MergeWith_ClusterItems_ItemAdded" storage="d:\actions-runner\_work\xpco\xpco\sc\components\remoteviewer\smartclient\tst\zsmartclient_unittest\bin\x64\debug\net472\zsmartclient_unittest.dll" id="f252f3f1-2ddc-5f57-0a09-9fe0a66fde7a">
      <TestCategory>
        <TestCategoryItem TestCategory="GisMapIndex" />
      </TestCategory>
      <Execution id="1a038c11-1dab-4fa5-9556-a194aa6f4c4d" />
      <TestMethod codeBase="D:\actions-runner\_work\XPCO\XPCO\SC\Components\RemoteViewer\SmartClient\tst\zSmartClient_UnitTest\bin\x64\Debug\net472\zSmartClient_UnitTest.dll" adapterTypeName="executor://mstestadapter/v2" className="SmartClient_UnitTest.VideoOS.RemoteClient.GisMapData.Common.Indexer.ClusterDataTests" name="MergeWith_ClusterItems_ItemAdded" />
    </UnitTest>
    <UnitTest name="IsSelected_ShouldBeTrue_WhenSelectedMicrophoneGetsDisabled" storage="d:\actions-runner\_work\xpco\xpco\sc\components\remoteviewer\smartclient\tst\zsmartclient_unittest\bin\x64\debug\net472\zsmartclient_unittest.dll" id="d4294147-b6f1-1dea-474b-6d1ef066918c">
      <TestCategory>
        <TestCategoryItem TestCategory="GisMapData.MapItem.Microphones" />
      </TestCategory>
      <Execution id="69cdd451-0004-4c66-bf7d-71d94f5bab2a" />
      <TestMethod codeBase="D:\actions-runner\_work\XPCO\XPCO\SC\Components\RemoteViewer\SmartClient\tst\zSmartClient_UnitTest\bin\x64\Debug\net472\zSmartClient_UnitTest.dll" adapterTypeName="executor://mstestadapter/v2" className="SmartClient_UnitTest.VideoOS.RemoteClient.GisMapData.MapItem.Microphones.MicrophoneMapItemTests" name="IsSelected_ShouldBeTrue_WhenSelectedMicrophoneGetsDisabled" />
    </UnitTest>
    <UnitTest name="SearchCriteriaFilterValues_ValidatePopupFunctionality_Success" storage="d:\actions-runner\_work\xpco\xpco\sc\components\remoteviewer\smartclient\tst\zsmartclient_unittest\bin\x64\debug\net472\zsmartclient_unittest.dll" id="daf95640-1ecb-1c8c-09bc-d8c8490777c1">
      <TestCategory>
        <TestCategoryItem TestCategory="SearchControls" />
      </TestCategory>
      <Execution id="7e6cc093-58d1-411b-a39f-0f7e59e98159" />
      <TestMethod codeBase="D:\actions-runner\_work\XPCO\XPCO\SC\Components\RemoteViewer\SmartClient\tst\zSmartClient_UnitTest\bin\x64\Debug\net472\zSmartClient_UnitTest.dll" adapterTypeName="executor://mstestadapter/v2" className="SmartClient_UnitTest.VideoOS.RemoteClient.Plugin.CentralizedSearch.Views.Controls.SearchDefinitions.EditSearchDefinitionPopupTests" name="SearchCriteriaFilterValues_ValidatePopupFunctionality_Success" />
    </UnitTest>
    <UnitTest name="DeviceIcons_ShouldBeCached_WhenCalled" storage="d:\actions-runner\_work\xpco\xpco\sc\components\remoteviewer\smartclient\tst\zsmartclient_unittest\bin\x64\debug\net472\zsmartclient_unittest.dll" id="bbef5494-4e92-f5fc-3633-d07397508d79">
      <TestCategory>
        <TestCategoryItem TestCategory="GisMapData.MicrophoneOemResourcesProviderTests" />
      </TestCategory>
      <Execution id="c022c21f-3c76-4fa4-b0ec-436ed7ebac4c" />
      <TestMethod codeBase="D:\actions-runner\_work\XPCO\XPCO\SC\Components\RemoteViewer\SmartClient\tst\zSmartClient_UnitTest\bin\x64\Debug\net472\zSmartClient_UnitTest.dll" adapterTypeName="executor://mstestadapter/v2" className="SmartClient_UnitTest.VideoOS.RemoteClient.GisMapData.Resources.MicrophoneOemResourcesProviderTests" name="DeviceIcons_ShouldBeCached_WhenCalled" />
    </UnitTest>
    <UnitTest name="PatrollingStepListViewModel_CanDeleteStepExecute" storage="d:\actions-runner\_work\xpco\xpco\sc\components\remoteviewer\smartclient\tst\zsmartclient_unittest\bin\x64\debug\net472\zsmartclient_unittest.dll" id="863152b5-1e2c-356b-c14c-cd62911ba167">
      <Execution id="9674c27a-aa71-442d-8fdf-008b47c8419b" />
      <TestMethod codeBase="D:\actions-runner\_work\XPCO\XPCO\SC\Components\RemoteViewer\SmartClient\tst\zSmartClient_UnitTest\bin\x64\Debug\net472\zSmartClient_UnitTest.dll" adapterTypeName="executor://mstestadapter/v2" className="SmartClient_UnitTest.VideoOS.RemoteClient.Application.UI.PtzPreset.PatrollingViewModel.PatrollingStepListViewModelTest" name="PatrollingStepListViewModel_CanDeleteStepExecute" />
    </UnitTest>
    <UnitTest name="SupportsRightClick_ShouldBeFalse_WhenInteractionStateIsNotNormal" storage="d:\actions-runner\_work\xpco\xpco\sc\components\remoteviewer\smartclient\tst\zsmartclient_unittest\bin\x64\debug\net472\zsmartclient_unittest.dll" id="06671719-51c0-06b8-b1b7-8927e1da93cb">
      <TestCategory>
        <TestCategoryItem TestCategory="GisMap.MicrophoneMarkerTest" />
      </TestCategory>
      <Execution id="c61176c3-57ca-4d3d-9d40-5066f3708603" />
      <TestMethod codeBase="D:\actions-runner\_work\XPCO\XPCO\SC\Components\RemoteViewer\SmartClient\tst\zSmartClient_UnitTest\bin\x64\Debug\net472\zSmartClient_UnitTest.dll" adapterTypeName="executor://mstestadapter/v2" className="SmartClient_UnitTest.VideoOS.RemoteClient.Plugin.GisMap.ThinkGeoMap.Markers.DeviceMarkers.MicrophoneMarker.MicrophoneMarkerTests" name="SupportsRightClick_ShouldBeFalse_WhenInteractionStateIsNotNormal" />
    </UnitTest>
    <UnitTest name="ValueWithFallbackConverterTests_Ctor_Success" storage="d:\actions-runner\_work\xpco\xpco\sc\components\remoteviewer\smartclient\tst\zsmartclient_unittest\bin\x64\debug\net472\zsmartclient_unittest.dll" id="c78705d8-4e54-e5cc-d7aa-358b1af77cf7">
      <TestCategory>
        <TestCategoryItem TestCategory="SearchConverter" />
      </TestCategory>
      <Execution id="bb617bd0-95f7-47b6-9f4b-dd34058c9067" />
      <TestMethod codeBase="D:\actions-runner\_work\XPCO\XPCO\SC\Components\RemoteViewer\SmartClient\tst\zSmartClient_UnitTest\bin\x64\Debug\net472\zSmartClient_UnitTest.dll" adapterTypeName="executor://mstestadapter/v2" className="SmartClient_UnitTest.VideoOS.RemoteClient.Plugin.CentralizedSearch.Views.Converters.ValueWithFallbackConverterTests" name="ValueWithFallbackConverterTests_Ctor_Success" />
    </UnitTest>
    <UnitTest name="GetServerTypes_ShouldReturnMobileServerType" storage="d:\actions-runner\_work\xpco\xpco\sc\components\remoteviewer\smartclient\tst\zsmartclient_unittest\bin\x64\debug\net472\zsmartclient_unittest.dll" id="17c23f4a-d1aa-c7f2-4b0c-28e098799329">
      <Execution id="d5d8f36b-ae7f-48ca-ae03-e2118cb4ed92" />
      <TestMethod codeBase="D:\actions-runner\_work\XPCO\XPCO\SC\Components\RemoteViewer\SmartClient\tst\zSmartClient_UnitTest\bin\x64\Debug\net472\zSmartClient_UnitTest.dll" adapterTypeName="executor://mstestadapter/v2" className="SmartClient_UnitTest.VideoOS.RemoteClient.Application.Data.ContentTypes.ReportingContentType.DashboardExtentionsTest" name="GetServerTypes_ShouldReturnMobileServerType" />
    </UnitTest>
    <UnitTest name="UpdateItems_WhenStrategyReturnsUpdateNeeded_ShouldResultInMipItemsReadyEvent" storage="d:\actions-runner\_work\xpco\xpco\sc\components\remoteviewer\smartclient\tst\zsmartclient_unittest\bin\x64\debug\net472\zsmartclient_unittest.dll" id="eb41b80f-fe87-ec26-1817-78a947446eac">
      <TestCategory>
        <TestCategoryItem TestCategory="MipItemsRetriever" />
      </TestCategory>
      <Execution id="21d75475-d073-4384-9acd-9acfb5e2f51c" />
      <TestMethod codeBase="D:\actions-runner\_work\XPCO\XPCO\SC\Components\RemoteViewer\SmartClient\tst\zSmartClient_UnitTest\bin\x64\Debug\net472\zSmartClient_UnitTest.dll" adapterTypeName="executor://mstestadapter/v2" className="SmartClient_UnitTest.VideoOS.RemoteClient.Plugin.GisMap.MIP.MipItemsRetrieverTests" name="UpdateItems_WhenStrategyReturnsUpdateNeeded_ShouldResultInMipItemsReadyEvent" />
    </UnitTest>
    <UnitTest name="TimeLineInformationDataDto_ShouldYieldSameValues_WhenRoundTripConverted" storage="d:\actions-runner\_work\xpco\xpco\sc\components\remoteviewer\smartclient\tst\zsmartclient_unittest\bin\x64\debug\net472\zsmartclient_unittest.dll" id="64bb4b70-7e25-7afc-6d81-0c3474ed7a2b">
      <TestCategory>
        <TestCategoryItem TestCategory="RecorderProxyToDtoMapping" />
      </TestCategory>
      <Execution id="d0e8e368-94fa-4881-ac72-29466dfd9af4" />
      <TestMethod codeBase="D:\actions-runner\_work\XPCO\XPCO\SC\Components\RemoteViewer\SmartClient\tst\zSmartClient_UnitTest\bin\x64\Debug\net472\zSmartClient_UnitTest.dll" adapterTypeName="executor://mstestadapter/v2" className="VideoOS.Shared.ServerAPI.SOAP.RecorderClientMappingTests" name="TimeLineInformationDataDto_ShouldYieldSameValues_WhenRoundTripConverted" />
    </UnitTest>
    <UnitTest name="ToTimeScope_YesterdayInDST_Success" storage="d:\actions-runner\_work\xpco\xpco\sc\components\remoteviewer\smartclient\tst\zsmartclient_unittest\bin\x64\debug\net472\zsmartclient_unittest.dll" id="293008c2-9745-d477-0bc6-1ddbf5e8b276">
      <TestCategory>
        <TestCategoryItem TestCategory="Search" />
      </TestCategory>
      <Execution id="81300770-f190-42c3-a481-7426cc1b5f06" />
      <TestMethod codeBase="D:\actions-runner\_work\XPCO\XPCO\SC\Components\RemoteViewer\SmartClient\tst\zSmartClient_UnitTest\bin\x64\Debug\net472\zSmartClient_UnitTest.dll" adapterTypeName="executor://mstestadapter/v2" className="SmartClient_UnitTest.VideoOS.RemoteClient.Plugin.CentralizedSearch.Models.ScopeDurationTests" name="ToTimeScope_YesterdayInDST_Success" />
    </UnitTest>
    <UnitTest name="Password1 valid, Password 2 invalid, shorter length" storage="d:\actions-runner\_work\xpco\xpco\sc\components\remoteviewer\smartclient\tst\zsmartclient_unittest\bin\x64\debug\net472\zsmartclient_unittest.dll" id="67dea1b0-7e98-e001-6bf4-02f00add95c5">
      <TestCategory>
        <TestCategoryItem TestCategory="Export" />
      </TestCategory>
      <Execution id="8f2b7ccf-b221-406e-9667-484dad3f4c0c" />
      <TestMethod codeBase="D:\actions-runner\_work\XPCO\XPCO\SC\Components\RemoteViewer\SmartClient\tst\zSmartClient_UnitTest\bin\x64\Debug\net472\zSmartClient_UnitTest.dll" adapterTypeName="executor://mstestadapter/v2" className="SmartClient_UnitTest.VideoOS.RemoteClient.Plugin.Export.PasswordDialogViewModelTests" name="ArePasswordsValid_ShouldDependOnPassword1AndPassword2" />
    </UnitTest>
    <UnitTest name="IsProductionEnvironment_ShouldReturnCorrectValue (wtst,False)" storage="d:\actions-runner\_work\xpco\xpco\sc\components\remoteviewer\smartclient\tst\zsmartclient_unittest\bin\x64\debug\net472\zsmartclient_unittest.dll" id="340145dc-4ce7-58f9-f34f-cf47939e6a08">
      <Execution id="56d50ba7-8c5d-42ab-8dfd-8476df481879" />
      <TestMethod codeBase="D:\actions-runner\_work\XPCO\XPCO\SC\Components\RemoteViewer\SmartClient\tst\zSmartClient_UnitTest\bin\x64\Debug\net472\zSmartClient_UnitTest.dll" adapterTypeName="executor://mstestadapter/v2" className="SmartClient_UnitTest.VideoOS.RemoteClient.Application.Common.Telemetry.TelemetryKeyProviderTests" name="IsProductionEnvironment_ShouldReturnCorrectValue" />
    </UnitTest>
    <UnitTest name="Connect_SucceedeInConnectingWithOAuthSecure_ShouldReturnTrue" storage="d:\actions-runner\_work\xpco\xpco\sc\components\remoteviewer\smartclient\tst\zsmartclient_unittest\bin\x64\debug\net472\zsmartclient_unittest.dll" id="618671da-f82c-c489-4e50-3ec438e9a9d0">
      <Execution id="6bdf783c-8546-451c-99e8-34f733ce043c" />
      <TestMethod codeBase="D:\actions-runner\_work\XPCO\XPCO\SC\Components\RemoteViewer\SmartClient\tst\zSmartClient_UnitTest\bin\x64\Debug\net472\zSmartClient_UnitTest.dll" adapterTypeName="executor://mstestadapter/v2" className="VideoOS.Shared.ServerAPI.VMOViewerClientFacade.UnitTest.VMOViewerClientFacadeTests" name="Connect_SucceedeInConnectingWithOAuthSecure_ShouldReturnTrue" />
    </UnitTest>
    <UnitTest name="Constructor_WhenPassingNullCredentials_ShouldThrowException" storage="d:\actions-runner\_work\xpco\xpco\sc\components\remoteviewer\smartclient\tst\zsmartclient_unittest\bin\x64\debug\net472\zsmartclient_unittest.dll" id="584617a4-8322-97bf-2a6c-744ce8c991ef">
      <Execution id="424d6ca2-d7ee-465b-ba16-1b94f915276e" />
      <TestMethod codeBase="D:\actions-runner\_work\XPCO\XPCO\SC\Components\RemoteViewer\SmartClient\tst\zSmartClient_UnitTest\bin\x64\Debug\net472\zSmartClient_UnitTest.dll" adapterTypeName="executor://mstestadapter/v2" className="VideoOS.Shared.ServerAPI.VMOViewerClientFacade.UnitTest.VMOViewerClientFacadeTests" name="Constructor_WhenPassingNullCredentials_ShouldThrowException" />
    </UnitTest>
    <UnitTest name="GetFeatures_NonCameraMapItemsLayer_ArgumentException" storage="d:\actions-runner\_work\xpco\xpco\sc\components\remoteviewer\smartclient\tst\zsmartclient_unittest\bin\x64\debug\net472\zsmartclient_unittest.dll" id="1e269b48-31d1-e9d9-6456-feb927b5229e">
      <TestCategory>
        <TestCategoryItem TestCategory="GisMap" />
      </TestCategory>
      <Execution id="bb910047-03d3-4d8c-bfb9-5ff8bc759059" />
      <TestMethod codeBase="D:\actions-runner\_work\XPCO\XPCO\SC\Components\RemoteViewer\SmartClient\tst\zSmartClient_UnitTest\bin\x64\Debug\net472\zSmartClient_UnitTest.dll" adapterTypeName="executor://mstestadapter/v2" className="SmartClient_UnitTest.VideoOS.RemoteClient.GisMapData.GisMapBasicTests" name="GetFeatures_NonCameraMapItemsLayer_ArgumentException" />
    </UnitTest>
    <UnitTest name="Init_NullState_InitialStateObtainedFromStateManager" storage="d:\actions-runner\_work\xpco\xpco\sc\components\remoteviewer\smartclient\tst\zsmartclient_unittest\bin\x64\debug\net472\zsmartclient_unittest.dll" id="84a40563-ae3e-05c4-e02d-b8d79f27ea48">
      <TestCategory>
        <TestCategoryItem TestCategory="Search" />
      </TestCategory>
      <Execution id="6b50888e-2d68-4a40-b724-e6491c74486f" />
      <TestMethod codeBase="D:\actions-runner\_work\XPCO\XPCO\SC\Components\RemoteViewer\SmartClient\tst\zSmartClient_UnitTest\bin\x64\Debug\net472\zSmartClient_UnitTest.dll" adapterTypeName="executor://mstestadapter/v2" className="SmartClient_UnitTest.VideoOS.RemoteClient.Plugin.CentralizedSearch.CentralizedSearchContentHolderTests" name="Init_NullState_InitialStateObtainedFromStateManager" />
    </UnitTest>
    <UnitTest name="OnSizeChanged_FivePluginButtonsPresentInActionBar_WithRoomForFourPluginButtonsTwoPluginsMoveToOverflowMenu" storage="d:\actions-runner\_work\xpco\xpco\sc\components\remoteviewer\smartclient\tst\zsmartclient_unittest\bin\x64\debug\net472\zsmartclient_unittest.dll" id="c2a70a77-deae-9615-f302-cf5bc25a63ec">
      <TestCategory>
        <TestCategoryItem TestCategory="SearchViews" />
      </TestCategory>
      <Execution id="74fba75d-6a3f-4493-9c65-6e5e88beee6b" />
      <TestMethod codeBase="D:\actions-runner\_work\XPCO\XPCO\SC\Components\RemoteViewer\SmartClient\tst\zSmartClient_UnitTest\bin\x64\Debug\net472\zSmartClient_UnitTest.dll" adapterTypeName="executor://mstestadapter/v2" className="SmartClient_UnitTest.VideoOS.RemoteClient.Plugin.CentralizedSearch.Views.SearchResultActionBarViewTests" name="OnSizeChanged_FivePluginButtonsPresentInActionBar_WithRoomForFourPluginButtonsTwoPluginsMoveToOverflowMenu" />
    </UnitTest>
    <UnitTest name="Compare_NullVsNull_Equals" storage="d:\actions-runner\_work\xpco\xpco\sc\components\remoteviewer\smartclient\tst\zsmartclient_unittest\bin\x64\debug\net472\zsmartclient_unittest.dll" id="fab13144-dbad-5831-0a01-3cacac990e32">
      <TestCategory>
        <TestCategoryItem TestCategory="SearchComparers" />
      </TestCategory>
      <Execution id="e7ca8768-46b9-4b71-a79a-1eb84a1e8890" />
      <TestMethod codeBase="D:\actions-runner\_work\XPCO\XPCO\SC\Components\RemoteViewer\SmartClient\tst\zSmartClient_UnitTest\bin\x64\Debug\net472\zSmartClient_UnitTest.dll" adapterTypeName="executor://mstestadapter/v2" className="SmartClient_UnitTest.VideoOS.RemoteClient.Plugin.CentralizedSearch.Models.Wrappers.Comparers.BeginTimeWithPaddingComparerTests" name="Compare_NullVsNull_Equals" />
    </UnitTest>
    <UnitTest name="BuildMapOptions_ShouldReturnCorrectNumberOfOptions" storage="d:\actions-runner\_work\xpco\xpco\sc\components\remoteviewer\smartclient\tst\zsmartclient_unittest\bin\x64\debug\net472\zsmartclient_unittest.dll" id="a8f9d2e6-a062-909a-f825-43244fd288c9">
      <Execution id="e243954a-208a-4a42-8e13-6c6f03c9a888" />
      <TestMethod codeBase="D:\actions-runner\_work\XPCO\XPCO\SC\Components\RemoteViewer\SmartClient\tst\zSmartClient_UnitTest\bin\x64\Debug\net472\zSmartClient_UnitTest.dll" adapterTypeName="executor://mstestadapter/v2" className="SmartClient_UnitTest.VideoOS.RemoteClient.Application.Common.Telemetry.TelemetryBuilderTests" name="BuildMapOptions_ShouldReturnCorrectNumberOfOptions" />
    </UnitTest>
    <UnitTest name="ShowAccessControlSystems_ShouldReturnTrue_WhenTwoACSystemsOnlyOneSupportingCardholdersAvailable" storage="d:\actions-runner\_work\xpco\xpco\sc\components\remoteviewer\smartclient\tst\zsmartclient_unittest\bin\x64\debug\net472\zsmartclient_unittest.dll" id="f144e82e-b1a8-81fa-ae3f-f634d720ce68">
      <Execution id="61430f4d-f939-4bfa-9cf5-301a65a5ec30" />
      <TestMethod codeBase="D:\actions-runner\_work\XPCO\XPCO\SC\Components\RemoteViewer\SmartClient\tst\zSmartClient_UnitTest\bin\x64\Debug\net472\zSmartClient_UnitTest.dll" adapterTypeName="executor://mstestadapter/v2" className="SmartClient_UnitTest.VideoOS.RemoteClient.AccessControl.ViewModel.CardholdersTabViewModelTests" name="ShowAccessControlSystems_ShouldReturnTrue_WhenTwoACSystemsOnlyOneSupportingCardholdersAvailable" />
    </UnitTest>
    <UnitTest name="BindingModelNotEnabled_When_WorkspaceStateDoesNotMatchPlaceDefinition" storage="d:\actions-runner\_work\xpco\xpco\sc\components\remoteviewer\smartclient\tst\zsmartclient_unittest\bin\x64\debug\net472\zsmartclient_unittest.dll" id="3beeed46-879f-7c95-5996-20291cefba2d">
      <TestCategory>
        <TestCategoryItem TestCategory="WorkspaceToolbar" />
      </TestCategory>
      <Execution id="4c23abd6-9514-4251-9bd6-dddb10548eb9" />
      <TestMethod codeBase="D:\actions-runner\_work\XPCO\XPCO\SC\Components\RemoteViewer\SmartClient\tst\zSmartClient_UnitTest\bin\x64\Debug\net472\zSmartClient_UnitTest.dll" adapterTypeName="executor://mstestadapter/v2" className="SmartClient_UnitTest.VideoOS.RemoteClient.Application.Data.WorkspaceToolbar.WorkspaceToolbarItemMipPluginTests" name="BindingModelNotEnabled_When_WorkspaceStateDoesNotMatchPlaceDefinition" />
    </UnitTest>
    <UnitTest name="Connect_WhenMajorServerVersionIsBelow13_ShouldCreateOldSchClient" storage="d:\actions-runner\_work\xpco\xpco\sc\components\remoteviewer\smartclient\tst\zsmartclient_unittest\bin\x64\debug\net472\zsmartclient_unittest.dll" id="a2c49861-8cfa-cfb9-a354-4ffbac34fc0c">
      <Execution id="459bff0f-58f6-410c-863f-b48a54ddcb4f" />
      <TestMethod codeBase="D:\actions-runner\_work\XPCO\XPCO\SC\Components\RemoteViewer\SmartClient\tst\zSmartClient_UnitTest\bin\x64\Debug\net472\zSmartClient_UnitTest.dll" adapterTypeName="executor://mstestadapter/v2" className="VideoOS.Shared.ServerAPI.ServiceChannel.UnitTest.ServiceChannelCommandServiceTests" name="Connect_WhenMajorServerVersionIsBelow13_ShouldCreateOldSchClient" />
    </UnitTest>
    <UnitTest name="BookmarkSearchTime_WithSearchStringInDifferentCases_ReturnCorrectBookmarkWithSearchStringInHeader (SeArChStRiNg,True,False,False,False,SeArChStRiNg,,1)" storage="d:\actions-runner\_work\xpco\xpco\sc\components\remoteviewer\smartclient\tst\zsmartclient_unittest\bin\x64\debug\net472\zsmartclient_unittest.dll" id="3a9ca3f4-6530-4192-b910-778a279b21e0">
      <Execution id="70d94be5-8d47-4e56-81bf-156639be60d1" />
      <TestMethod codeBase="D:\actions-runner\_work\XPCO\XPCO\SC\Components\RemoteViewer\SmartClient\tst\zSmartClient_UnitTest\bin\x64\Debug\net472\zSmartClient_UnitTest.dll" adapterTypeName="executor://mstestadapter/v2" className="SmartClient_UnitTest.VideoOS.RemoteClient.Application.Data.Offline.UnitTest.BookmarkExportReaderTest" name="BookmarkSearchTime_WithSearchStringInDifferentCases_ReturnCorrectBookmarkWithSearchStringInHeader" />
    </UnitTest>
    <UnitTest name="HandleGetLayerFeatures_ShouldReturnOutputLayerFeatures_WhenOutputKind" storage="d:\actions-runner\_work\xpco\xpco\sc\components\remoteviewer\smartclient\tst\zsmartclient_unittest\bin\x64\debug\net472\zsmartclient_unittest.dll" id="b00294e4-8686-0263-7a25-105dca27e462">
      <TestCategory>
        <TestCategoryItem TestCategory="GisMapData.Handlers.LayerFeatures" />
      </TestCategory>
      <Execution id="ed3c00ed-0240-4b32-a642-d463464a532d" />
      <TestMethod codeBase="D:\actions-runner\_work\XPCO\XPCO\SC\Components\RemoteViewer\SmartClient\tst\zSmartClient_UnitTest\bin\x64\Debug\net472\zSmartClient_UnitTest.dll" adapterTypeName="executor://mstestadapter/v2" className="SmartClient_UnitTest.VideoOS.RemoteClient.GisMapData.Handlers.LayerFeatures.OutputLayerFeaturesHandlerTests" name="HandleGetLayerFeatures_ShouldReturnOutputLayerFeatures_WhenOutputKind" />
    </UnitTest>
    <UnitTest name="ToUnsafeName_SingleNonKeywordName_Success" storage="d:\actions-runner\_work\xpco\xpco\sc\components\remoteviewer\smartclient\tst\zsmartclient_unittest\bin\x64\debug\net472\zsmartclient_unittest.dll" id="6bf98392-1073-05ae-8e9e-5a0aa6674b1b">
      <Execution id="8e78143f-89d5-4235-8d00-54697df7637b" />
      <TestMethod codeBase="D:\actions-runner\_work\XPCO\XPCO\SC\Components\RemoteViewer\SmartClient\tst\zSmartClient_UnitTest\bin\x64\Debug\net472\zSmartClient_UnitTest.dll" adapterTypeName="executor://mstestadapter/v2" className="SmartClient_UnitTest.VideoOS.RemoteClient.Application.Common.Scripting.ReservedJavascriptKeywordsTests" name="ToUnsafeName_SingleNonKeywordName_Success" />
    </UnitTest>
    <UnitTest name="CalculateNewExtent_ShouldScaleEvenly_WhenWithinMax" storage="d:\actions-runner\_work\xpco\xpco\sc\components\remoteviewer\smartclient\tst\zsmartclient_unittest\bin\x64\debug\net472\zsmartclient_unittest.dll" id="2a7cf9dc-e9f0-7632-64c7-f92d98f50bd4">
      <TestCategory>
        <TestCategoryItem TestCategory="MipItemsUpdateStrategy" />
      </TestCategory>
      <Execution id="1f37753e-5224-4c99-9eb1-cdbdbda1eab5" />
      <TestMethod codeBase="D:\actions-runner\_work\XPCO\XPCO\SC\Components\RemoteViewer\SmartClient\tst\zSmartClient_UnitTest\bin\x64\Debug\net472\zSmartClient_UnitTest.dll" adapterTypeName="executor://mstestadapter/v2" className="SmartClient_UnitTest.VideoOS.RemoteClient.Plugin.GisMap.MIP.MipItemsUpdateStrategyTests" name="CalculateNewExtent_ShouldScaleEvenly_WhenWithinMax" />
    </UnitTest>
    <UnitTest name="FocusedSearchResultChanged_NoSearchResultSelected_NavigateToHome" storage="d:\actions-runner\_work\xpco\xpco\sc\components\remoteviewer\smartclient\tst\zsmartclient_unittest\bin\x64\debug\net472\zsmartclient_unittest.dll" id="10564402-f576-f83c-7508-dc98243ffb4b">
      <TestCategory>
        <TestCategoryItem TestCategory="Search.SmartMapPreview" />
      </TestCategory>
      <Execution id="97b041f0-a18c-4ada-a0f4-ca1aede715d6" />
      <TestMethod codeBase="D:\actions-runner\_work\XPCO\XPCO\SC\Components\RemoteViewer\SmartClient\tst\zSmartClient_UnitTest\bin\x64\Debug\net472\zSmartClient_UnitTest.dll" adapterTypeName="executor://mstestadapter/v2" className="SmartClient_UnitTest.VideoOS.RemoteClient.Plugin.CentralizedSearch.Views.Controls.SmartMap.SmartMapPreviewTests" name="FocusedSearchResultChanged_NoSearchResultSelected_NavigateToHome" />
    </UnitTest>
    <UnitTest name="ActiveInteractionStateBinding_ShouldNotBeNull_WhenCtorIsCalled" storage="d:\actions-runner\_work\xpco\xpco\sc\components\remoteviewer\smartclient\tst\zsmartclient_unittest\bin\x64\debug\net472\zsmartclient_unittest.dll" id="965180e6-a25e-a55d-955c-d1e2d083f58f">
      <TestCategory>
        <TestCategoryItem TestCategory="GisMap.LocationMarker" />
      </TestCategory>
      <Execution id="1a2d81ed-66db-48fe-a7aa-64952903ba2c" />
      <TestMethod codeBase="D:\actions-runner\_work\XPCO\XPCO\SC\Components\RemoteViewer\SmartClient\tst\zSmartClient_UnitTest\bin\x64\Debug\net472\zSmartClient_UnitTest.dll" adapterTypeName="executor://mstestadapter/v2" className="SmartClient_UnitTest.VideoOS.RemoteClient.Plugin.GisMap.ThinkGeoMap.Markers.LocationMarker.LocationMarkerTests" name="ActiveInteractionStateBinding_ShouldNotBeNull_WhenCtorIsCalled" />
    </UnitTest>
    <UnitTest name="LeftButtonDown_DoubleClickNoZoomHandler_DoesNotCrash" storage="d:\actions-runner\_work\xpco\xpco\sc\components\remoteviewer\smartclient\tst\zsmartclient_unittest\bin\x64\debug\net472\zsmartclient_unittest.dll" id="9436abbf-5e35-6c76-dd3c-5e8e30ea43e2">
      <TestCategory>
        <TestCategoryItem TestCategory="GisMap.MapControl" />
      </TestCategory>
      <Execution id="ba0b7fc2-5056-48e5-989a-954dc1a490a8" />
      <TestMethod codeBase="D:\actions-runner\_work\XPCO\XPCO\SC\Components\RemoteViewer\SmartClient\tst\zSmartClient_UnitTest\bin\x64\Debug\net472\zSmartClient_UnitTest.dll" adapterTypeName="executor://mstestadapter/v2" className="SmartClient_UnitTest.VideoOS.RemoteClient.Plugin.GisMap.ThinkGeoMap.ThinkGeoMapControlTests" name="LeftButtonDown_DoubleClickNoZoomHandler_DoesNotCrash" />
    </UnitTest>
    <UnitTest name="CreateReportCommand_InvalidPath_ErrorDialogShown" storage="d:\actions-runner\_work\xpco\xpco\sc\components\remoteviewer\smartclient\tst\zsmartclient_unittest\bin\x64\debug\net472\zsmartclient_unittest.dll" id="bf9b3a45-d909-447b-010d-271720cc6b13">
      <TestCategory>
        <TestCategoryItem TestCategory="Search" />
      </TestCategory>
      <Execution id="b8c777f4-8e86-4ba1-beeb-be2b3b7be879" />
      <TestMethod codeBase="D:\actions-runner\_work\XPCO\XPCO\SC\Components\RemoteViewer\SmartClient\tst\zSmartClient_UnitTest\bin\x64\Debug\net472\zSmartClient_UnitTest.dll" adapterTypeName="executor://mstestadapter/v2" className="SmartClient_UnitTest.VideoOS.RemoteClient.Plugin.CentralizedSearch.ViewModels.SearchReportViewModelTests" name="CreateReportCommand_InvalidPath_ErrorDialogShown" />
    </UnitTest>
    <UnitTest name="TwoHours_Success" storage="d:\actions-runner\_work\xpco\xpco\sc\components\remoteviewer\smartclient\tst\zsmartclient_unittest\bin\x64\debug\net472\zsmartclient_unittest.dll" id="028566f8-b92e-8888-84dd-3fb5690b9d88">
      <TestCategory>
        <TestCategoryItem TestCategory="Search" />
      </TestCategory>
      <Execution id="5167784c-196a-4118-9232-70ce121d30a9" />
      <TestMethod codeBase="D:\actions-runner\_work\XPCO\XPCO\SC\Components\RemoteViewer\SmartClient\tst\zSmartClient_UnitTest\bin\x64\Debug\net472\zSmartClient_UnitTest.dll" adapterTypeName="executor://mstestadapter/v2" className="SmartClient_UnitTest.VideoOS.RemoteClient.Plugin.CentralizedSearch.Models.ScopeDurationTests" name="TwoHours_Success" />
    </UnitTest>
    <UnitTest name="BuildEvidenceLockFilterProperties_ShouldReturnCorrectValues (False,2,3,All,Custom)" storage="d:\actions-runner\_work\xpco\xpco\sc\components\remoteviewer\smartclient\tst\zsmartclient_unittest\bin\x64\debug\net472\zsmartclient_unittest.dll" id="a2a193f8-3456-c024-ce2d-2ecfa84a29fd">
      <Execution id="783f560d-2502-4f77-ad3f-5e3f4e895054" />
      <TestMethod codeBase="D:\actions-runner\_work\XPCO\XPCO\SC\Components\RemoteViewer\SmartClient\tst\zSmartClient_UnitTest\bin\x64\Debug\net472\zSmartClient_UnitTest.dll" adapterTypeName="executor://mstestadapter/v2" className="SmartClient_UnitTest.VideoOS.RemoteClient.Application.Common.Telemetry.TelemetryBuilderTests" name="BuildEvidenceLockFilterProperties_ShouldReturnCorrectValues" />
    </UnitTest>
    <UnitTest name="SearchResultsActionBarActions_Export_InvokeCommand_DeviceNotAvailable_Failure" storage="d:\actions-runner\_work\xpco\xpco\sc\components\remoteviewer\smartclient\tst\zsmartclient_unittest\bin\x64\debug\net472\zsmartclient_unittest.dll" id="9338997c-d9a9-672b-42cd-fbb543d1c72e">
      <TestCategory>
        <TestCategoryItem TestCategory="SearchResultActionBarViewModel" />
      </TestCategory>
      <Execution id="108ca118-34c5-4fa4-8e91-bc0511e2cd3f" />
      <TestMethod codeBase="D:\actions-runner\_work\XPCO\XPCO\SC\Components\RemoteViewer\SmartClient\tst\zSmartClient_UnitTest\bin\x64\Debug\net472\zSmartClient_UnitTest.dll" adapterTypeName="executor://mstestadapter/v2" className="SmartClient_UnitTest.VideoOS.RemoteClient.Plugin.CentralizedSearch.ViewModels.SearchResultsActionBarViewModelTest" name="SearchResultsActionBarActions_Export_InvokeCommand_DeviceNotAvailable_Failure" />
    </UnitTest>
    <UnitTest name="TestChangeProperties_Outline_Success" storage="d:\actions-runner\_work\xpco\xpco\sc\components\remoteviewer\smartclient\tst\zsmartclient_unittest\bin\x64\debug\net472\zsmartclient_unittest.dll" id="2373c7df-8688-ecca-12e2-43612d6b960f">
      <TestCategory>
        <TestCategoryItem TestCategory="GisMapBuilding" />
      </TestCategory>
      <Execution id="faea6cae-8c98-47c1-9bba-682a03711aac" />
      <TestMethod codeBase="D:\actions-runner\_work\XPCO\XPCO\SC\Components\RemoteViewer\SmartClient\tst\zSmartClient_UnitTest\bin\x64\Debug\net472\zSmartClient_UnitTest.dll" adapterTypeName="executor://mstestadapter/v2" className="SmartClient_UnitTest.VideoOS.RemoteClient.GisMap.MapBuildingTests" name="TestChangeProperties_Outline_Success" />
    </UnitTest>
    <UnitTest name="DeleteLevel_WhereLevelsHasBeenRenumbered_Success" storage="d:\actions-runner\_work\xpco\xpco\sc\components\remoteviewer\smartclient\tst\zsmartclient_unittest\bin\x64\debug\net472\zsmartclient_unittest.dll" id="81b361c4-c965-939e-7e57-636c62f4161d">
      <TestCategory>
        <TestCategoryItem TestCategory="GisMapBuilding" />
      </TestCategory>
      <Execution id="9ee083a4-7450-4c77-b4be-3a79b6e1d502" />
      <TestMethod codeBase="D:\actions-runner\_work\XPCO\XPCO\SC\Components\RemoteViewer\SmartClient\tst\zSmartClient_UnitTest\bin\x64\Debug\net472\zSmartClient_UnitTest.dll" adapterTypeName="executor://mstestadapter/v2" className="SmartClient_UnitTest.VideoOS.RemoteClient.GisMapData.MapBuildings.MapLevelTests" name="DeleteLevel_WhereLevelsHasBeenRenumbered_Success" />
    </UnitTest>
    <UnitTest name="AutomationId_ShouldBeValid_WhenInteractionStateIsAddCamera" storage="d:\actions-runner\_work\xpco\xpco\sc\components\remoteviewer\smartclient\tst\zsmartclient_unittest\bin\x64\debug\net472\zsmartclient_unittest.dll" id="9aef69ad-5102-e920-d6a1-4c0ddf8b9303">
      <TestCategory>
        <TestCategoryItem TestCategory="GisMap.UI.DeviceSelectors.PanelComponents" />
      </TestCategory>
      <Execution id="a9b0ee43-936a-4d71-9eb5-5b5fcc311a0a" />
      <TestMethod codeBase="D:\actions-runner\_work\XPCO\XPCO\SC\Components\RemoteViewer\SmartClient\tst\zSmartClient_UnitTest\bin\x64\Debug\net472\zSmartClient_UnitTest.dll" adapterTypeName="executor://mstestadapter/v2" className="SmartClient_UnitTest.VideoOS.RemoteClient.Plugin.GisMap.UI.DeviceSelectors.PanelComponents.DeviceSelectorPanelComponentTests" name="AutomationId_ShouldBeValid_WhenInteractionStateIsAddCamera" />
    </UnitTest>
    <UnitTest name="ToDenormalizedDirection_1_0" storage="d:\actions-runner\_work\xpco\xpco\sc\components\remoteviewer\smartclient\tst\zsmartclient_unittest\bin\x64\debug\net472\zsmartclient_unittest.dll" id="d1eb0766-e5d9-4c32-2713-e353a5504dcf">
      <TestCategory>
        <TestCategoryItem TestCategory="GisMap" />
      </TestCategory>
      <Execution id="13640a30-f48d-45f2-ba64-aed982aff6ec" />
      <TestMethod codeBase="D:\actions-runner\_work\XPCO\XPCO\SC\Components\RemoteViewer\SmartClient\tst\zSmartClient_UnitTest\bin\x64\Debug\net472\zSmartClient_UnitTest.dll" adapterTypeName="executor://mstestadapter/v2" className="SmartClient_UnitTest.VideoOS.RemoteClient.GisMap.Utilities.GisUtilityTests" name="ToDenormalizedDirection_1_0" />
    </UnitTest>
    <UnitTest name="AttributeValueGet_NoItems_ReturnsEmptyList" storage="d:\actions-runner\_work\xpco\xpco\sc\components\remoteviewer\smartclient\tst\zsmartclient_unittest\bin\x64\debug\net472\zsmartclient_unittest.dll" id="917a5570-b519-84b9-98e6-e30d662a605f">
      <TestCategory>
        <TestCategoryItem TestCategory="Search" />
      </TestCategory>
      <Execution id="92588eaf-ba97-4c72-b265-10d58a6936d5" />
      <TestMethod codeBase="D:\actions-runner\_work\XPCO\XPCO\SC\Components\RemoteViewer\SmartClient\tst\zSmartClient_UnitTest\bin\x64\Debug\net472\zSmartClient_UnitTest.dll" adapterTypeName="executor://mstestadapter/v2" className="SmartClient_UnitTest.VideoOS.RemoteClient.Plugin.CentralizedSearch.MIPPlugin.Criteria.MultipleSelectionAttributeEditControlTest" name="AttributeValueGet_NoItems_ReturnsEmptyList" />
    </UnitTest>
    <UnitTest name="PtzSessionControllerInfo_UserChangedTest_Different_User" storage="d:\actions-runner\_work\xpco\xpco\sc\components\remoteviewer\smartclient\tst\zsmartclient_unittest\bin\x64\debug\net472\zsmartclient_unittest.dll" id="c8da5140-6bbf-d2bf-c522-f95e06d6a595">
      <Execution id="189bbc6f-e10d-4875-8be6-3a7a449c597c" />
      <TestMethod codeBase="D:\actions-runner\_work\XPCO\XPCO\SC\Components\RemoteViewer\SmartClient\tst\zSmartClient_UnitTest\bin\x64\Debug\net472\zSmartClient_UnitTest.dll" adapterTypeName="executor://mstestadapter/v2" className="VideoOS.RemoteClient.Application.Controllers.UnitTest.PtzSessionControllerTest" name="PtzSessionControllerInfo_UserChangedTest_Different_User" />
    </UnitTest>
    <UnitTest name="ModelSerialization_Serialize_Success" storage="d:\actions-runner\_work\xpco\xpco\sc\components\remoteviewer\smartclient\tst\zsmartclient_unittest\bin\x64\debug\net472\zsmartclient_unittest.dll" id="82ab9888-0e8e-be7c-a27b-7d4882e76ad2">
      <TestCategory>
        <TestCategoryItem TestCategory="SearchModels" />
      </TestCategory>
      <Execution id="537098d7-49e7-4c47-85b5-b8d9f5434b7a" />
      <TestMethod codeBase="D:\actions-runner\_work\XPCO\XPCO\SC\Components\RemoteViewer\SmartClient\tst\zSmartClient_UnitTest\bin\x64\Debug\net472\zSmartClient_UnitTest.dll" adapterTypeName="executor://mstestadapter/v2" className="SmartClient_UnitTest.VideoOS.RemoteClient.Plugin.CentralizedSearch.Models.SearchModelTests" name="ModelSerialization_Serialize_Success" />
    </UnitTest>
    <UnitTest name="OutputMapItem_ForceActivateAsync_InBuilding_UseLastLevel_Success" storage="d:\actions-runner\_work\xpco\xpco\sc\components\remoteviewer\smartclient\tst\zsmartclient_unittest\bin\x64\debug\net472\zsmartclient_unittest.dll" id="b77ab5c7-4e76-dc3e-b1c6-67decc6894df">
      <TestCategory>
        <TestCategoryItem TestCategory="GisMapData.MapItem.Outputs" />
      </TestCategory>
      <Execution id="5a35cf9b-d556-44a0-9d25-e04efff7ee3e" />
      <TestMethod codeBase="D:\actions-runner\_work\XPCO\XPCO\SC\Components\RemoteViewer\SmartClient\tst\zSmartClient_UnitTest\bin\x64\Debug\net472\zSmartClient_UnitTest.dll" adapterTypeName="executor://mstestadapter/v2" className="SmartClient_UnitTest.VideoOS.RemoteClient.GisMapData.MapItem.Outputs.OutputMapItemTests" name="OutputMapItem_ForceActivateAsync_InBuilding_UseLastLevel_Success" />
    </UnitTest>
    <UnitTest name="TestChangeProperties_Name_Success" storage="d:\actions-runner\_work\xpco\xpco\sc\components\remoteviewer\smartclient\tst\zsmartclient_unittest\bin\x64\debug\net472\zsmartclient_unittest.dll" id="ed8d77e0-76a5-81b3-8198-30c2ee7d220a">
      <TestCategory>
        <TestCategoryItem TestCategory="GisMapBuilding" />
      </TestCategory>
      <Execution id="c0ea9322-b2f3-49be-a319-bcddb048246e" />
      <TestMethod codeBase="D:\actions-runner\_work\XPCO\XPCO\SC\Components\RemoteViewer\SmartClient\tst\zSmartClient_UnitTest\bin\x64\Debug\net472\zSmartClient_UnitTest.dll" adapterTypeName="executor://mstestadapter/v2" className="SmartClient_UnitTest.VideoOS.RemoteClient.GisMap.MapBuildingTests" name="TestChangeProperties_Name_Success" />
    </UnitTest>
    <UnitTest name="Toolbar_IsVisible_WhenInPlayback" storage="d:\actions-runner\_work\xpco\xpco\sc\components\remoteviewer\smartclient\tst\zsmartclient_unittest\bin\x64\debug\net472\zsmartclient_unittest.dll" id="60f76d2a-8443-d6c5-ab49-4b19e96bdb7e">
      <TestCategory>
        <TestCategoryItem TestCategory="WorkspaceToolbar" />
      </TestCategory>
      <Execution id="d162275a-226c-49b7-97f4-26a619bc0b08" />
      <TestMethod codeBase="D:\actions-runner\_work\XPCO\XPCO\SC\Components\RemoteViewer\SmartClient\tst\zSmartClient_UnitTest\bin\x64\Debug\net472\zSmartClient_UnitTest.dll" adapterTypeName="executor://mstestadapter/v2" className="SmartClient_UnitTest.VideoOS.RemoteClient.Application.UI.Content.WorkspaceToolbar.WorkspaceToolbarViewModelTests" name="Toolbar_IsVisible_WhenInPlayback" />
    </UnitTest>
    <UnitTest name="AddToExportTuples_ShouldAddToExportData (1)" storage="d:\actions-runner\_work\xpco\xpco\sc\components\remoteviewer\smartclient\tst\zsmartclient_unittest\bin\x64\debug\net472\zsmartclient_unittest.dll" id="c5f889fe-34fb-e81d-4390-ab303a66ed0c">
      <TestCategory>
        <TestCategoryItem TestCategory="Managers" />
      </TestCategory>
      <Execution id="42a1004b-b8ba-42c1-b298-90d0aeaca722" />
      <TestMethod codeBase="D:\actions-runner\_work\XPCO\XPCO\SC\Components\RemoteViewer\SmartClient\tst\zSmartClient_UnitTest\bin\x64\Debug\net472\zSmartClient_UnitTest.dll" adapterTypeName="executor://mstestadapter/v2" className="SmartClient_UnitTest.VideoOS.RemoteClient.Application.Managers.ExportManagerTests" name="AddToExportTuples_ShouldAddToExportData" />
    </UnitTest>
    <UnitTest name="SupportsRightClick_ShouldBeFalse_WhenInteractionStateIsNotNormal" storage="d:\actions-runner\_work\xpco\xpco\sc\components\remoteviewer\smartclient\tst\zsmartclient_unittest\bin\x64\debug\net472\zsmartclient_unittest.dll" id="d8157b41-29f4-4a55-1811-3e5273ac9071">
      <TestCategory>
        <TestCategoryItem TestCategory="GisMap.LinkMarker" />
      </TestCategory>
      <Execution id="1f432092-454b-4a3e-abbd-3227d449114a" />
      <TestMethod codeBase="D:\actions-runner\_work\XPCO\XPCO\SC\Components\RemoteViewer\SmartClient\tst\zSmartClient_UnitTest\bin\x64\Debug\net472\zSmartClient_UnitTest.dll" adapterTypeName="executor://mstestadapter/v2" className="SmartClient_UnitTest.VideoOS.RemoteClient.Plugin.GisMap.ThinkGeoMap.Markers.LinkMarker.LinkMarkerTests" name="SupportsRightClick_ShouldBeFalse_WhenInteractionStateIsNotNormal" />
    </UnitTest>
    <UnitTest name="LoginPlugins_ShouldContainOneAccessControlLoginPluginElement_WhenCloseHasBeenPreviouslyCalled" storage="d:\actions-runner\_work\xpco\xpco\sc\components\remoteviewer\smartclient\tst\zsmartclient_unittest\bin\x64\debug\net472\zsmartclient_unittest.dll" id="885e02ef-e416-e860-c427-66861a1cef8a">
      <TestCategory>
        <TestCategoryItem TestCategory="AccessControl.MipPlugins.WorkSpace" />
      </TestCategory>
      <Execution id="34140082-55ba-408f-93f7-3f8c8db54937" />
      <TestMethod codeBase="D:\actions-runner\_work\XPCO\XPCO\SC\Components\RemoteViewer\SmartClient\tst\zSmartClient_UnitTest\bin\x64\Debug\net472\zSmartClient_UnitTest.dll" adapterTypeName="executor://mstestadapter/v2" className="SmartClient_UnitTest.VideoOS.RemoteClient.AccessControl.MipPlugins.WorkSpace.AccessControlPluginDefinitionTests" name="LoginPlugins_ShouldContainOneAccessControlLoginPluginElement_WhenCloseHasBeenPreviouslyCalled" />
    </UnitTest>
    <UnitTest name="Load_Save_Success" storage="d:\actions-runner\_work\xpco\xpco\sc\components\remoteviewer\smartclient\tst\zsmartclient_unittest\bin\x64\debug\net472\zsmartclient_unittest.dll" id="47884aeb-7497-b6ff-3c54-8cf7d508053b">
      <TestCategory>
        <TestCategoryItem TestCategory="GisMapMapItem" />
      </TestCategory>
      <Execution id="90ea5cfd-5204-4354-8fe0-377d871420fc" />
      <TestMethod codeBase="D:\actions-runner\_work\XPCO\XPCO\SC\Components\RemoteViewer\SmartClient\tst\zSmartClient_UnitTest\bin\x64\Debug\net472\zSmartClient_UnitTest.dll" adapterTypeName="executor://mstestadapter/v2" className="SmartClient_UnitTest.VideoOS.RemoteClient.GisMap.MapItem.LocationMapItemTests" name="Load_Save_Success" />
    </UnitTest>
    <UnitTest name="TestLoadLevelsAsync_Success" storage="d:\actions-runner\_work\xpco\xpco\sc\components\remoteviewer\smartclient\tst\zsmartclient_unittest\bin\x64\debug\net472\zsmartclient_unittest.dll" id="a1ef0514-5d41-eded-e838-32de99602a54">
      <TestCategory>
        <TestCategoryItem TestCategory="GisMapBuilding" />
      </TestCategory>
      <Execution id="62a36095-4949-4eb7-81de-88a8ed80625c" />
      <TestMethod codeBase="D:\actions-runner\_work\XPCO\XPCO\SC\Components\RemoteViewer\SmartClient\tst\zSmartClient_UnitTest\bin\x64\Debug\net472\zSmartClient_UnitTest.dll" adapterTypeName="executor://mstestadapter/v2" className="SmartClient_UnitTest.VideoOS.RemoteClient.GisMap.MapBuildingTests" name="TestLoadLevelsAsync_Success" />
    </UnitTest>
    <UnitTest name="AndOrSearchDefinitionToCornerRadiusMultiConverter_CallConvert_SingleAnd" storage="d:\actions-runner\_work\xpco\xpco\sc\components\remoteviewer\smartclient\tst\zsmartclient_unittest\bin\x64\debug\net472\zsmartclient_unittest.dll" id="90f79a7f-93e8-4862-4be1-6691fb292404">
      <TestCategory>
        <TestCategoryItem TestCategory="SearchConverter" />
      </TestCategory>
      <Execution id="6eb15b9c-096d-478e-a03b-0cfc859988e1" />
      <TestMethod codeBase="D:\actions-runner\_work\XPCO\XPCO\SC\Components\RemoteViewer\SmartClient\tst\zSmartClient_UnitTest\bin\x64\Debug\net472\zSmartClient_UnitTest.dll" adapterTypeName="executor://mstestadapter/v2" className="SmartClient_UnitTest.VideoOS.RemoteClient.Plugin.CentralizedSearch.Views.Converters.AndOrSearchDefinitionMultiConverterTests" name="AndOrSearchDefinitionToCornerRadiusMultiConverter_CallConvert_SingleAnd" />
    </UnitTest>
    <UnitTest name="GetUnmutedMicrophoneIconId_ShouldReturnValidUnMutedMicrophoneIconId_WhenValidMutedMicrophoneIconIdIsProvided" storage="d:\actions-runner\_work\xpco\xpco\sc\components\remoteviewer\smartclient\tst\zsmartclient_unittest\bin\x64\debug\net472\zsmartclient_unittest.dll" id="0110325c-27e3-3325-4a17-71d49ff6f036">
      <TestCategory>
        <TestCategoryItem TestCategory="GisMapData.MicrophoneOemResourcesProviderTests" />
      </TestCategory>
      <Execution id="f31e65e2-916d-4277-ad45-65e425884679" />
      <TestMethod codeBase="D:\actions-runner\_work\XPCO\XPCO\SC\Components\RemoteViewer\SmartClient\tst\zSmartClient_UnitTest\bin\x64\Debug\net472\zSmartClient_UnitTest.dll" adapterTypeName="executor://mstestadapter/v2" className="SmartClient_UnitTest.VideoOS.RemoteClient.GisMapData.Resources.MicrophoneOemResourcesProviderTests" name="GetUnmutedMicrophoneIconId_ShouldReturnValidUnMutedMicrophoneIconId_WhenValidMutedMicrophoneIconIdIsProvided" />
    </UnitTest>
    <UnitTest name="ComparerSet_NewValue_EventFired" storage="d:\actions-runner\_work\xpco\xpco\sc\components\remoteviewer\smartclient\tst\zsmartclient_unittest\bin\x64\debug\net472\zsmartclient_unittest.dll" id="07465ce7-6373-2a9f-806a-3101b38a9200">
      <TestCategory>
        <TestCategoryItem TestCategory="SearchResultsPreprocessor" />
      </TestCategory>
      <Execution id="7b664e33-37e0-40a2-9bcc-f6d7d2438117" />
      <TestMethod codeBase="D:\actions-runner\_work\XPCO\XPCO\SC\Components\RemoteViewer\SmartClient\tst\zSmartClient_UnitTest\bin\x64\Debug\net472\zSmartClient_UnitTest.dll" adapterTypeName="executor://mstestadapter/v2" className="SmartClient_UnitTest.VideoOS.RemoteClient.Plugin.CentralizedSearch.Models.SearchResultsPreprocessorTests" name="ComparerSet_NewValue_EventFired" />
    </UnitTest>
    <UnitTest name="MainWindow_ShouldUpdateDeviceSelectorWindowTopAndLeft_WhenIsLoaded" storage="d:\actions-runner\_work\xpco\xpco\sc\components\remoteviewer\smartclient\tst\zsmartclient_unittest\bin\x64\debug\net472\zsmartclient_unittest.dll" id="4b81b8f4-db20-c853-b41f-b509d6abfb70">
      <TestCategory>
        <TestCategoryItem TestCategory="GisMap.DeviceSelectorWindow" />
      </TestCategory>
      <Execution id="c1cd831f-a1b4-4ce1-8e4c-89b81b12be00" />
      <TestMethod codeBase="D:\actions-runner\_work\XPCO\XPCO\SC\Components\RemoteViewer\SmartClient\tst\zSmartClient_UnitTest\bin\x64\Debug\net472\zSmartClient_UnitTest.dll" adapterTypeName="executor://mstestadapter/v2" className="SmartClient_UnitTest.VideoOS.RemoteClient.Plugin.GisMap.Windows.GisMapSetup.DeviceSelectors.DeviceSelectorWindowTests" name="MainWindow_ShouldUpdateDeviceSelectorWindowTopAndLeft_WhenIsLoaded" />
    </UnitTest>
    <UnitTest name="HandlePermissionDeniedResults_ShouldShowMessageAndToast (5,1)" storage="d:\actions-runner\_work\xpco\xpco\sc\components\remoteviewer\smartclient\tst\zsmartclient_unittest\bin\x64\debug\net472\zsmartclient_unittest.dll" id="157aad73-8765-1a18-20a7-9dff1712428b">
      <TestCategory>
        <TestCategoryItem TestCategory="Managers" />
      </TestCategory>
      <Execution id="7fdfe7b4-0cce-4f16-8788-938691fb4cb7" />
      <TestMethod codeBase="D:\actions-runner\_work\XPCO\XPCO\SC\Components\RemoteViewer\SmartClient\tst\zSmartClient_UnitTest\bin\x64\Debug\net472\zSmartClient_UnitTest.dll" adapterTypeName="executor://mstestadapter/v2" className="SmartClient_UnitTest.VideoOS.RemoteClient.Application.Managers.ExportResultsNotificationHelperTests" name="HandlePermissionDeniedResults_ShouldShowMessageAndToast" />
    </UnitTest>
    <UnitTest name="TestForAssemblyCoverage" storage="d:\actions-runner\_work\xpco\xpco\sc\components\remoteviewer\smartclient\tst\zsmartclient_unittest\bin\x64\debug\net472\zsmartclient_unittest.dll" id="cb3c2aec-6735-d3a0-5cab-578bcfb4d46d">
      <Execution id="31d3426b-c4fa-4d52-ad7b-6ef8eca72012" />
      <TestMethod codeBase="D:\actions-runner\_work\XPCO\XPCO\SC\Components\RemoteViewer\SmartClient\tst\zSmartClient_UnitTest\bin\x64\Debug\net472\zSmartClient_UnitTest.dll" adapterTypeName="executor://mstestadapter/v2" className="SmartClient_UnitTest.VideoOS.RemoteClient.Plugin.Carrousel.UnitTest1" name="TestForAssemblyCoverage" />
    </UnitTest>
    <UnitTest name="Constructor_ShouldThrowAnException_WhenWorkroomIsNull" storage="d:\actions-runner\_work\xpco\xpco\sc\components\remoteviewer\smartclient\tst\zsmartclient_unittest\bin\x64\debug\net472\zsmartclient_unittest.dll" id="47224733-ad21-5fec-3afd-19ad43870d88">
      <TestCategory>
        <TestCategoryItem TestCategory="WorkspaceToolbar" />
      </TestCategory>
      <Execution id="f4e8dbb2-9c44-4e4d-b641-32e2bc5001b4" />
      <TestMethod codeBase="D:\actions-runner\_work\XPCO\XPCO\SC\Components\RemoteViewer\SmartClient\tst\zSmartClient_UnitTest\bin\x64\Debug\net472\zSmartClient_UnitTest.dll" adapterTypeName="executor://mstestadapter/v2" className="SmartClient_UnitTest.VideoOS.RemoteClient.Application.Data.WorkspaceToolbar.WorkspaceToolbarItemMipPluginTests" name="Constructor_ShouldThrowAnException_WhenWorkroomIsNull" />
    </UnitTest>
    <UnitTest name="Constructor_ShouldAttachOnUpdateMutedMicrophonesRaised_WhenCalled" storage="d:\actions-runner\_work\xpco\xpco\sc\components\remoteviewer\smartclient\tst\zsmartclient_unittest\bin\x64\debug\net472\zsmartclient_unittest.dll" id="fd55daeb-7419-55fa-3178-07b8b00e171d">
      <TestCategory>
        <TestCategoryItem TestCategory="GisMapData.MapLayers" />
      </TestCategory>
      <Execution id="cdecdf45-d3c4-488d-a880-14351e6121ae" />
      <TestMethod codeBase="D:\actions-runner\_work\XPCO\XPCO\SC\Components\RemoteViewer\SmartClient\tst\zSmartClient_UnitTest\bin\x64\Debug\net472\zSmartClient_UnitTest.dll" adapterTypeName="executor://mstestadapter/v2" className="SmartClient_UnitTest.VideoOS.RemoteClient.GisMapData.MapLayers.MicrophoneItemsMapLayerTests" name="Constructor_ShouldAttachOnUpdateMutedMicrophonesRaised_WhenCalled" />
    </UnitTest>
    <UnitTest name="Ctor_NullPassedToNotNullParameters_Failure" storage="d:\actions-runner\_work\xpco\xpco\sc\components\remoteviewer\smartclient\tst\zsmartclient_unittest\bin\x64\debug\net472\zsmartclient_unittest.dll" id="ff37e13a-ef96-a965-37b4-7e2b5b7bc7cd">
      <TestCategory>
        <TestCategoryItem TestCategory="Search" />
      </TestCategory>
      <Execution id="0e0d8e76-f518-4a01-b707-d02992f4d932" />
      <TestMethod codeBase="D:\actions-runner\_work\XPCO\XPCO\SC\Components\RemoteViewer\SmartClient\tst\zSmartClient_UnitTest\bin\x64\Debug\net472\zSmartClient_UnitTest.dll" adapterTypeName="executor://mstestadapter/v2" className="SmartClient_UnitTest.VideoOS.RemoteClient.Plugin.CentralizedSearch.MIPPlugin.CompositeSearchDefinitionTests" name="Ctor_NullPassedToNotNullParameters_Failure" />
    </UnitTest>
    <UnitTest name="PatrollingStepViewModel_CreatePatrollingStepViewModel_Success" storage="d:\actions-runner\_work\xpco\xpco\sc\components\remoteviewer\smartclient\tst\zsmartclient_unittest\bin\x64\debug\net472\zsmartclient_unittest.dll" id="a23b4ce6-5a10-4f53-6d78-06dd8b92b431">
      <Execution id="be07fd5b-723e-487e-ac7e-2ea4e9b08f7c" />
      <TestMethod codeBase="D:\actions-runner\_work\XPCO\XPCO\SC\Components\RemoteViewer\SmartClient\tst\zSmartClient_UnitTest\bin\x64\Debug\net472\zSmartClient_UnitTest.dll" adapterTypeName="executor://mstestadapter/v2" className="SmartClient_UnitTest.VideoOS.RemoteClient.Application.UI.PtzPreset.PatrollingViewModel.PatrollingStepViewModelTest" name="PatrollingStepViewModel_CreatePatrollingStepViewModel_Success" />
    </UnitTest>
    <UnitTest name="AddSelectedWindowsToExport_ShouldShowCorrectToastMessages (0,1,1)" storage="d:\actions-runner\_work\xpco\xpco\sc\components\remoteviewer\smartclient\tst\zsmartclient_unittest\bin\x64\debug\net472\zsmartclient_unittest.dll" id="3a7cd1b3-7650-7055-af1d-619a6bb401ba">
      <TestCategory>
        <TestCategoryItem TestCategory="Managers" />
      </TestCategory>
      <Execution id="968d7db5-1be6-4dcf-b31a-54a8e3af6b11" />
      <TestMethod codeBase="D:\actions-runner\_work\XPCO\XPCO\SC\Components\RemoteViewer\SmartClient\tst\zSmartClient_UnitTest\bin\x64\Debug\net472\zSmartClient_UnitTest.dll" adapterTypeName="executor://mstestadapter/v2" className="SmartClient_UnitTest.VideoOS.RemoteClient.Application.Managers.ExportManagerTests" name="AddSelectedWindowsToExport_ShouldShowCorrectToastMessages" />
    </UnitTest>
    <UnitTest name="PatrollingStepListViewModel_AddStepExecute_NoPreset" storage="d:\actions-runner\_work\xpco\xpco\sc\components\remoteviewer\smartclient\tst\zsmartclient_unittest\bin\x64\debug\net472\zsmartclient_unittest.dll" id="a159b604-532f-6996-d93d-757652430688">
      <Execution id="763830dd-0078-4da3-9af1-79537849e319" />
      <TestMethod codeBase="D:\actions-runner\_work\XPCO\XPCO\SC\Components\RemoteViewer\SmartClient\tst\zSmartClient_UnitTest\bin\x64\Debug\net472\zSmartClient_UnitTest.dll" adapterTypeName="executor://mstestadapter/v2" className="SmartClient_UnitTest.VideoOS.RemoteClient.Application.UI.PtzPreset.PatrollingViewModel.PatrollingStepListViewModelTest" name="PatrollingStepListViewModel_AddStepExecute_NoPreset" />
    </UnitTest>
    <UnitTest name="TestUpdateState_NotLoggedIn" storage="d:\actions-runner\_work\xpco\xpco\sc\components\remoteviewer\smartclient\tst\zsmartclient_unittest\bin\x64\debug\net472\zsmartclient_unittest.dll" id="c98d87e1-2599-14ad-dad8-186cb5a68eb4">
      <TestCategory>
        <TestCategoryItem TestCategory="WorkspaceToolbar" />
      </TestCategory>
      <Execution id="3b8c6ef8-0691-4ecd-a885-e74bbbc0b87d" />
      <TestMethod codeBase="D:\actions-runner\_work\XPCO\XPCO\SC\Components\RemoteViewer\SmartClient\tst\zSmartClient_UnitTest\bin\x64\Debug\net472\zSmartClient_UnitTest.dll" adapterTypeName="executor://mstestadapter/v2" className="SmartClient_UnitTest.VideoOS.RemoteClient.Application.Data.WorkspaceToolbar.WorkspaceToolbarItemSmartSearchTests" name="TestUpdateState_NotLoggedIn" />
    </UnitTest>
    <UnitTest name="MainScopeTitleMaxWidthConverter_ProvideValueSuccess" storage="d:\actions-runner\_work\xpco\xpco\sc\components\remoteviewer\smartclient\tst\zsmartclient_unittest\bin\x64\debug\net472\zsmartclient_unittest.dll" id="c3f29bf2-4c11-11c6-eb66-4e32acc46d8c">
      <TestCategory>
        <TestCategoryItem TestCategory="SearchConverter" />
      </TestCategory>
      <Execution id="f70a636e-b029-4f75-942f-fccca61e734f" />
      <TestMethod codeBase="D:\actions-runner\_work\XPCO\XPCO\SC\Components\RemoteViewer\SmartClient\tst\zSmartClient_UnitTest\bin\x64\Debug\net472\zSmartClient_UnitTest.dll" adapterTypeName="executor://mstestadapter/v2" className="SmartClient_UnitTest.VideoOS.RemoteClient.Plugin.CentralizedSearch.Views.Converters.MainScopeTitleMaxWidthConverterTests" name="MainScopeTitleMaxWidthConverter_ProvideValueSuccess" />
    </UnitTest>
    <UnitTest name="BoundingBoxPlaybackNoLiveOrPlaybackHandler" storage="d:\actions-runner\_work\xpco\xpco\sc\components\remoteviewer\smartclient\tst\zsmartclient_unittest\bin\x64\debug\net472\zsmartclient_unittest.dll" id="c8bbc1da-c94e-b071-1c1c-4c9621410661">
      <Execution id="a1cfe03b-5604-4923-a328-aa22044ff834" />
      <TestMethod codeBase="D:\actions-runner\_work\XPCO\XPCO\SC\Components\RemoteViewer\SmartClient\tst\zSmartClient_UnitTest\bin\x64\Debug\net472\zSmartClient_UnitTest.dll" adapterTypeName="executor://mstestadapter/v2" className="SmartClient_UnitTest.VideoOS.RemoteClient.Application.Data.Metadata.BoundingBoxes.BoundingBoxProviderTest" name="BoundingBoxPlaybackNoLiveOrPlaybackHandler" />
    </UnitTest>
    <UnitTest name="GetGisMapLayerFlyoutName_ShouldRaiseArgumentNullException_WhenCultureInfoIsNull" storage="d:\actions-runner\_work\xpco\xpco\sc\components\remoteviewer\smartclient\tst\zsmartclient_unittest\bin\x64\debug\net472\zsmartclient_unittest.dll" id="702b2a99-3d22-8fb5-d555-a5570edf1677">
      <TestCategory>
        <TestCategoryItem TestCategory="GisMapData.Controllers.Osm" />
      </TestCategory>
      <Execution id="8b832d0e-e4d4-498c-ae84-f6f1bc2861ab" />
      <TestMethod codeBase="D:\actions-runner\_work\XPCO\XPCO\SC\Components\RemoteViewer\SmartClient\tst\zSmartClient_UnitTest\bin\x64\Debug\net472\zSmartClient_UnitTest.dll" adapterTypeName="executor://mstestadapter/v2" className="SmartClient_UnitTest.VideoOS.RemoteClient.GisMapData.Controllers.Osm.GisMapOsmControllerTests" name="GetGisMapLayerFlyoutName_ShouldRaiseArgumentNullException_WhenCultureInfoIsNull" />
    </UnitTest>
    <UnitTest name="HandleGetLayerFeatures_ShouldRaiseArgumentException_WhenNotOutputKind" storage="d:\actions-runner\_work\xpco\xpco\sc\components\remoteviewer\smartclient\tst\zsmartclient_unittest\bin\x64\debug\net472\zsmartclient_unittest.dll" id="873b07ed-167b-fa39-bd63-4c1afd4d93c5">
      <TestCategory>
        <TestCategoryItem TestCategory="GisMapData.Handlers.LayerFeatures" />
      </TestCategory>
      <Execution id="d63386b9-3595-4c4c-a81c-dd109ced50ef" />
      <TestMethod codeBase="D:\actions-runner\_work\XPCO\XPCO\SC\Components\RemoteViewer\SmartClient\tst\zSmartClient_UnitTest\bin\x64\Debug\net472\zSmartClient_UnitTest.dll" adapterTypeName="executor://mstestadapter/v2" className="SmartClient_UnitTest.VideoOS.RemoteClient.GisMapData.Handlers.LayerFeatures.OutputLayerFeaturesHandlerTests" name="HandleGetLayerFeatures_ShouldRaiseArgumentException_WhenNotOutputKind" />
    </UnitTest>
    <UnitTest name="Constructor_ShouldRaiseArgumentNullException_WhenNextDeviceDataHandlerIsNull" storage="d:\actions-runner\_work\xpco\xpco\sc\components\remoteviewer\smartclient\tst\zsmartclient_unittest\bin\x64\debug\net472\zsmartclient_unittest.dll" id="88adc3c3-8805-8765-8e54-e11a02ee63c8">
      <TestCategory>
        <TestCategoryItem TestCategory="GisMap.Handlers.Devices.MapItems" />
      </TestCategory>
      <Execution id="cc95c0e7-1808-4003-b067-6bf9def4b415" />
      <TestMethod codeBase="D:\actions-runner\_work\XPCO\XPCO\SC\Components\RemoteViewer\SmartClient\tst\zSmartClient_UnitTest\bin\x64\Debug\net472\zSmartClient_UnitTest.dll" adapterTypeName="executor://mstestadapter/v2" className="SmartClient_UnitTest.VideoOS.RemoteClient.Plugin.GisMap.Handlers.Devices.MapItems.OutputDataHandlerTests" name="Constructor_ShouldRaiseArgumentNullException_WhenNextDeviceDataHandlerIsNull" />
    </UnitTest>
    <UnitTest name="Command_WithInputValues_PluginInstanceActivateCalled" storage="d:\actions-runner\_work\xpco\xpco\sc\components\remoteviewer\smartclient\tst\zsmartclient_unittest\bin\x64\debug\net472\zsmartclient_unittest.dll" id="2e48f727-377d-16c5-c400-f5ba4ec6882c">
      <TestCategory>
        <TestCategoryItem TestCategory="SearchResultsAction" />
      </TestCategory>
      <Execution id="1d8196b3-187f-4924-b4ae-d952e17b0b32" />
      <TestMethod codeBase="D:\actions-runner\_work\XPCO\XPCO\SC\Components\RemoteViewer\SmartClient\tst\zSmartClient_UnitTest\bin\x64\Debug\net472\zSmartClient_UnitTest.dll" adapterTypeName="executor://mstestadapter/v2" className="SmartClient_UnitTest.VideoOS.RemoteClient.Plugin.CentralizedSearch.ViewModels.SearchResultsActionViewModelTests" name="Command_WithInputValues_PluginInstanceActivateCalled" />
    </UnitTest>
    <UnitTest name="ValidEncryptionStrengthsForExport_ShouldOnlyReturnAes256_WhenLegacyEncryptionNotEnabledInAppConfig" storage="d:\actions-runner\_work\xpco\xpco\sc\components\remoteviewer\smartclient\tst\zsmartclient_unittest\bin\x64\debug\net472\zsmartclient_unittest.dll" id="7303b39e-095c-d519-9482-2df53e696cb0">
      <TestCategory>
        <TestCategoryItem TestCategory="Encryption" />
      </TestCategory>
      <Execution id="3646fe08-f768-4435-9dc7-2ff607a6d372" />
      <TestMethod codeBase="D:\actions-runner\_work\XPCO\XPCO\SC\Components\RemoteViewer\SmartClient\tst\zSmartClient_UnitTest\bin\x64\Debug\net472\zSmartClient_UnitTest.dll" adapterTypeName="executor://mstestadapter/v2" className="SmartClient_UnitTest.VideoOS.RemoteClient.Application.Data.Export.Validation.ValidateEncryptionStrengthTests" name="ValidEncryptionStrengthsForExport_ShouldOnlyReturnAes256_WhenLegacyEncryptionNotEnabledInAppConfig" />
    </UnitTest>
    <UnitTest name="ShouldReturnFalseWhenExtentChangedButWithinPrevious" storage="d:\actions-runner\_work\xpco\xpco\sc\components\remoteviewer\smartclient\tst\zsmartclient_unittest\bin\x64\debug\net472\zsmartclient_unittest.dll" id="9c5832f3-6c80-ca09-af3f-21dab48f2284">
      <TestCategory>
        <TestCategoryItem TestCategory="MipItemsUpdateStrategy" />
      </TestCategory>
      <Execution id="33cea977-fe10-4e7b-a9e2-a158f84e1eca" />
      <TestMethod codeBase="D:\actions-runner\_work\XPCO\XPCO\SC\Components\RemoteViewer\SmartClient\tst\zSmartClient_UnitTest\bin\x64\Debug\net472\zSmartClient_UnitTest.dll" adapterTypeName="executor://mstestadapter/v2" className="SmartClient_UnitTest.VideoOS.RemoteClient.Plugin.GisMap.MIP.MipItemsUpdateStrategyTests" name="ShouldReturnFalseWhenExtentChangedButWithinPrevious" />
    </UnitTest>
    <UnitTest name="BuildEvidenceCreatedProperties_ShouldReturnCorrectValues (some headline,some description,03:00:00,Days,1.22:00:00,0,True,True,03:00:00,Days,1.22:00:00,0)" storage="d:\actions-runner\_work\xpco\xpco\sc\components\remoteviewer\smartclient\tst\zsmartclient_unittest\bin\x64\debug\net472\zsmartclient_unittest.dll" id="c38b7f29-0890-e425-1d35-d7b906d89816">
      <Execution id="2424297f-5ebd-4114-a207-0f229f7b2d3b" />
      <TestMethod codeBase="D:\actions-runner\_work\XPCO\XPCO\SC\Components\RemoteViewer\SmartClient\tst\zSmartClient_UnitTest\bin\x64\Debug\net472\zSmartClient_UnitTest.dll" adapterTypeName="executor://mstestadapter/v2" className="SmartClient_UnitTest.VideoOS.RemoteClient.Application.Common.Telemetry.TelemetryBuilderTests" name="BuildEvidenceCreatedProperties_ShouldReturnCorrectValues" />
    </UnitTest>
    <UnitTest name="LoadBuilding_DefaultLevel_Selected" storage="d:\actions-runner\_work\xpco\xpco\sc\components\remoteviewer\smartclient\tst\zsmartclient_unittest\bin\x64\debug\net472\zsmartclient_unittest.dll" id="efa5f5d5-e246-d31e-90ae-ee25a83e9147">
      <TestCategory>
        <TestCategoryItem TestCategory="GisMapBuilding" />
      </TestCategory>
      <Execution id="4b680c1a-f0b6-4c5f-90b6-399b9d38e33c" />
      <TestMethod codeBase="D:\actions-runner\_work\XPCO\XPCO\SC\Components\RemoteViewer\SmartClient\tst\zSmartClient_UnitTest\bin\x64\Debug\net472\zSmartClient_UnitTest.dll" adapterTypeName="executor://mstestadapter/v2" className="SmartClient_UnitTest.VideoOS.RemoteClient.GisMap.MapBuildingTests" name="LoadBuilding_DefaultLevel_Selected" />
    </UnitTest>
    <UnitTest name="AddClientId_WhereClientIsValid_ReturnsGoogleMapsUrl" storage="d:\actions-runner\_work\xpco\xpco\sc\components\remoteviewer\smartclient\tst\zsmartclient_unittest\bin\x64\debug\net472\zsmartclient_unittest.dll" id="96b04f8c-f777-c014-a499-dfe98011948d">
      <Execution id="26023e00-5ae5-4fd1-9c17-43391fa876cb" />
      <TestMethod codeBase="D:\actions-runner\_work\XPCO\XPCO\SC\Components\RemoteViewer\SmartClient\tst\zSmartClient_UnitTest\bin\x64\Debug\net472\zSmartClient_UnitTest.dll" adapterTypeName="executor://mstestadapter/v2" className="SmartClient_UnitTest.VideoOS.RemoteClient.Plugin.GisMap.Utilities.GoogleApiUrlTest" name="AddClientId_WhereClientIsValid_ReturnsGoogleMapsUrl" />
    </UnitTest>
    <UnitTest name="SidePanelToggleButtonIsVisible_DependingOnConditions (Normal,True,True,False)" storage="d:\actions-runner\_work\xpco\xpco\sc\components\remoteviewer\smartclient\tst\zsmartclient_unittest\bin\x64\debug\net472\zsmartclient_unittest.dll" id="b252d43e-f2d3-2b51-45af-2db3de66090b">
      <TestCategory>
        <TestCategoryItem TestCategory="WorkspaceToolbar" />
      </TestCategory>
      <Execution id="1ab68533-c4a7-4536-85ea-1fddad975577" />
      <TestMethod codeBase="D:\actions-runner\_work\XPCO\XPCO\SC\Components\RemoteViewer\SmartClient\tst\zSmartClient_UnitTest\bin\x64\Debug\net472\zSmartClient_UnitTest.dll" adapterTypeName="executor://mstestadapter/v2" className="SmartClient_UnitTest.VideoOS.RemoteClient.Application.UI.Content.WorkspaceToolbar.WorkspaceToolbarViewModelTests" name="SidePanelToggleButtonIsVisible_DependingOnConditions" />
    </UnitTest>
    <UnitTest name="GetSearchReportDialog_SelectedSearchResults_MultiResults_Success" storage="d:\actions-runner\_work\xpco\xpco\sc\components\remoteviewer\smartclient\tst\zsmartclient_unittest\bin\x64\debug\net472\zsmartclient_unittest.dll" id="76aaeca3-fba5-a4e3-743c-70ebeb58a048">
      <TestCategory>
        <TestCategoryItem TestCategory="Search" />
      </TestCategory>
      <Execution id="27e92e39-f3d6-4b42-ae4d-04f9c50c7397" />
      <TestMethod codeBase="D:\actions-runner\_work\XPCO\XPCO\SC\Components\RemoteViewer\SmartClient\tst\zSmartClient_UnitTest\bin\x64\Debug\net472\zSmartClient_UnitTest.dll" adapterTypeName="executor://mstestadapter/v2" className="SmartClient_UnitTest.VideoOS.RemoteClient.Plugin.CentralizedSearch.ViewModels.Utility.SearchReportHandlerTests" name="GetSearchReportDialog_SelectedSearchResults_MultiResults_Success" />
    </UnitTest>
    <UnitTest name="CameraListCleared_ShouldRemoveAnyPendingSearches" storage="d:\actions-runner\_work\xpco\xpco\sc\components\remoteviewer\smartclient\tst\zsmartclient_unittest\bin\x64\debug\net472\zsmartclient_unittest.dll" id="47525e4b-96e7-dfdf-5445-9a26f7449bd8">
      <TestCategory>
        <TestCategoryItem TestCategory="SearchModels" />
      </TestCategory>
      <Execution id="89d7dc43-2d83-4bb7-ae04-bc712f34c647" />
      <TestMethod codeBase="D:\actions-runner\_work\XPCO\XPCO\SC\Components\RemoteViewer\SmartClient\tst\zSmartClient_UnitTest\bin\x64\Debug\net472\zSmartClient_UnitTest.dll" adapterTypeName="executor://mstestadapter/v2" className="SmartClient_UnitTest.VideoOS.RemoteClient.Plugin.CentralizedSearch.Models.SearchModelTests" name="CameraListCleared_ShouldRemoveAnyPendingSearches" />
    </UnitTest>
    <UnitTest name="SmartMapSelectItemHandler_WhenDataIsValid_ShouldCallNavigateAndSelect" storage="d:\actions-runner\_work\xpco\xpco\sc\components\remoteviewer\smartclient\tst\zsmartclient_unittest\bin\x64\debug\net472\zsmartclient_unittest.dll" id="8019e7cd-2b2b-285d-fe92-717617455fd4">
      <Execution id="1d1f0c13-0c9f-4069-b099-9aa5dac9e686" />
      <TestMethod codeBase="D:\actions-runner\_work\XPCO\XPCO\SC\Components\RemoteViewer\SmartClient\tst\zSmartClient_UnitTest\bin\x64\Debug\net472\zSmartClient_UnitTest.dll" adapterTypeName="executor://mstestadapter/v2" className="SmartClient_UnitTest.VideoOS.RemoteClient.Plugin.GisMap.MIP.ContentHolderMipMessageManagerTests" name="SmartMapSelectItemHandler_WhenDataIsValid_ShouldCallNavigateAndSelect" />
    </UnitTest>
    <UnitTest name="UpdateSearchAttributes_MultipleFiltersWithValues_Added" storage="d:\actions-runner\_work\xpco\xpco\sc\components\remoteviewer\smartclient\tst\zsmartclient_unittest\bin\x64\debug\net472\zsmartclient_unittest.dll" id="3073894f-f138-694b-5154-436b92ff7cb8">
      <TestCategory>
        <TestCategoryItem TestCategory="Search" />
      </TestCategory>
      <Execution id="b74792b1-ede6-4cf8-aebb-c10db3e44a60" />
      <TestMethod codeBase="D:\actions-runner\_work\XPCO\XPCO\SC\Components\RemoteViewer\SmartClient\tst\zSmartClient_UnitTest\bin\x64\Debug\net472\zSmartClient_UnitTest.dll" adapterTypeName="executor://mstestadapter/v2" className="SmartClient_UnitTest.VideoOS.RemoteClient.Plugin.CentralizedSearch.ViewModels.SearchDefinitionViewModelTests" name="UpdateSearchAttributes_MultipleFiltersWithValues_Added" />
    </UnitTest>
    <UnitTest name="GetItemsIn_BuildingNoLevels_EdgeItem" storage="d:\actions-runner\_work\xpco\xpco\sc\components\remoteviewer\smartclient\tst\zsmartclient_unittest\bin\x64\debug\net472\zsmartclient_unittest.dll" id="d0c51da7-1dd7-d068-f152-d898ea188859">
      <TestCategory>
        <TestCategoryItem TestCategory="GisMapIndex" />
      </TestCategory>
      <Execution id="ace3eb69-baa7-42c1-bdc8-14932c430d42" />
      <TestMethod codeBase="D:\actions-runner\_work\XPCO\XPCO\SC\Components\RemoteViewer\SmartClient\tst\zSmartClient_UnitTest\bin\x64\Debug\net472\zSmartClient_UnitTest.dll" adapterTypeName="executor://mstestadapter/v2" className="SmartClient_UnitTest.VideoOS.RemoteClient.GisMapData.Common.Indexer.BuildingsAwareIndexerTests" name="GetItemsIn_BuildingNoLevels_EdgeItem" />
    </UnitTest>
    <UnitTest name="Connect_SucceedeInConnectingWithWindowsUser_ShouldReturnTrue" storage="d:\actions-runner\_work\xpco\xpco\sc\components\remoteviewer\smartclient\tst\zsmartclient_unittest\bin\x64\debug\net472\zsmartclient_unittest.dll" id="6ebc1c3a-7886-6ea1-878f-b64af57e9527">
      <Execution id="92278617-ea2c-44d6-b19b-9a857f7187e3" />
      <TestMethod codeBase="D:\actions-runner\_work\XPCO\XPCO\SC\Components\RemoteViewer\SmartClient\tst\zSmartClient_UnitTest\bin\x64\Debug\net472\zSmartClient_UnitTest.dll" adapterTypeName="executor://mstestadapter/v2" className="VideoOS.Shared.ServerAPI.VMOViewerClientFacade.UnitTest.VMOViewerClientFacadeTests" name="Connect_SucceedeInConnectingWithWindowsUser_ShouldReturnTrue" />
    </UnitTest>
    <UnitTest name="TimeToStringConverter_ConvertBack_Fail" storage="d:\actions-runner\_work\xpco\xpco\sc\components\remoteviewer\smartclient\tst\zsmartclient_unittest\bin\x64\debug\net472\zsmartclient_unittest.dll" id="b56ba348-15c5-c13d-2c63-319be0707c78">
      <TestCategory>
        <TestCategoryItem TestCategory="SearchConverter" />
      </TestCategory>
      <Execution id="86777ddb-776f-4808-8e79-723841eca704" />
      <TestMethod codeBase="D:\actions-runner\_work\XPCO\XPCO\SC\Components\RemoteViewer\SmartClient\tst\zSmartClient_UnitTest\bin\x64\Debug\net472\zSmartClient_UnitTest.dll" adapterTypeName="executor://mstestadapter/v2" className="SmartClient_UnitTest.VideoOS.RemoteClient.Plugin.CentralizedSearch.Views.Converters.TimeToStringConverterTests" name="TimeToStringConverter_ConvertBack_Fail" />
    </UnitTest>
    <UnitTest name="Disable_WhenInvoked_ThenAlarmsDisabledAndNoSubscribers" storage="d:\actions-runner\_work\xpco\xpco\sc\components\remoteviewer\smartclient\tst\zsmartclient_unittest\bin\x64\debug\net472\zsmartclient_unittest.dll" id="1b5117b5-2de0-24e5-94e2-f368e4d15b39">
      <Execution id="0e936d2c-b0e3-4864-ad27-f30a6f6cec50" />
      <TestMethod codeBase="D:\actions-runner\_work\XPCO\XPCO\SC\Components\RemoteViewer\SmartClient\tst\zSmartClient_UnitTest\bin\x64\Debug\net472\zSmartClient_UnitTest.dll" adapterTypeName="executor://mstestadapter/v2" className="SmartClient_UnitTest.VideoOS.RemoteClient.GisMapData.MapLayers.LayerAlarmNotificationTest" name="Disable_WhenInvoked_ThenAlarmsDisabledAndNoSubscribers" />
    </UnitTest>
    <UnitTest name="LeftButtonUpEvent_ShouldDeselectMapItems_WhenInteractionStateIsAddNewDeviceState" storage="d:\actions-runner\_work\xpco\xpco\sc\components\remoteviewer\smartclient\tst\zsmartclient_unittest\bin\x64\debug\net472\zsmartclient_unittest.dll" id="aae708ca-94a3-f452-ba7c-adc8143fc2ae">
      <TestCategory>
        <TestCategoryItem TestCategory="GisMap.MapControl" />
      </TestCategory>
      <Execution id="22d42dbd-bd84-4bff-84c8-a356b8b2439d" />
      <TestMethod codeBase="D:\actions-runner\_work\XPCO\XPCO\SC\Components\RemoteViewer\SmartClient\tst\zSmartClient_UnitTest\bin\x64\Debug\net472\zSmartClient_UnitTest.dll" adapterTypeName="executor://mstestadapter/v2" className="SmartClient_UnitTest.VideoOS.RemoteClient.Plugin.GisMap.ThinkGeoMap.ThinkGeoMapControlTests" name="LeftButtonUpEvent_ShouldDeselectMapItems_WhenInteractionStateIsAddNewDeviceState" />
    </UnitTest>
    <UnitTest name="PatrollingProfileListViewModel_DeleteProfileExecute" storage="d:\actions-runner\_work\xpco\xpco\sc\components\remoteviewer\smartclient\tst\zsmartclient_unittest\bin\x64\debug\net472\zsmartclient_unittest.dll" id="a2ceebde-d242-3694-fb90-e4ca65781850">
      <Execution id="8ebb9901-1217-4763-a5e1-e20d65d30163" />
      <TestMethod codeBase="D:\actions-runner\_work\XPCO\XPCO\SC\Components\RemoteViewer\SmartClient\tst\zSmartClient_UnitTest\bin\x64\Debug\net472\zSmartClient_UnitTest.dll" adapterTypeName="executor://mstestadapter/v2" className="SmartClient_UnitTest.VideoOS.RemoteClient.Application.UI.PtzPreset.PatrollingViewModel.PatrollingProfileListViewModelTest" name="PatrollingProfileListViewModel_DeleteProfileExecute" />
    </UnitTest>
    <UnitTest name="TestHasCapapability_GreaterThan_Success" storage="d:\actions-runner\_work\xpco\xpco\sc\components\remoteviewer\smartclient\tst\zsmartclient_unittest\bin\x64\debug\net472\zsmartclient_unittest.dll" id="a29ab1db-8305-8d4c-4b34-cf235b407b90">
      <Execution id="9845de7d-4b7e-489e-a1a9-bfe2c6fe4005" />
      <TestMethod codeBase="D:\actions-runner\_work\XPCO\XPCO\SC\Components\RemoteViewer\SmartClient\tst\zSmartClient_UnitTest\bin\x64\Debug\net472\zSmartClient_UnitTest.dll" adapterTypeName="executor://mstestadapter/v2" className="SmartClient_UnitTest.VideoOS.RemoteClient.GisMapData.Common.GisMapServerCapabilitiesTest" name="TestHasCapapability_GreaterThan_Success" />
    </UnitTest>
    <UnitTest name="TestKeepInMemory_WithAttachedView_Success" storage="d:\actions-runner\_work\xpco\xpco\sc\components\remoteviewer\smartclient\tst\zsmartclient_unittest\bin\x64\debug\net472\zsmartclient_unittest.dll" id="188f8c25-7b8a-3022-0d47-4b40a28cebbb">
      <Execution id="e32a83f1-784e-40fb-86f7-a847ada6a5df" />
      <TestMethod codeBase="D:\actions-runner\_work\XPCO\XPCO\SC\Components\RemoteViewer\SmartClient\tst\zSmartClient_UnitTest\bin\x64\Debug\net472\zSmartClient_UnitTest.dll" adapterTypeName="executor://mstestadapter/v2" className="SmartClient_UnitTest.VideoOS.RemoteClient.Application.Controllers.WorkSpace.WorkSpaceItemTest" name="TestKeepInMemory_WithAttachedView_Success" />
    </UnitTest>
    <UnitTest name="SearchResultContainerView_OnItemActivated_AnimationDisabled_DetailsViewAddedToDetailsViewControl" storage="d:\actions-runner\_work\xpco\xpco\sc\components\remoteviewer\smartclient\tst\zsmartclient_unittest\bin\x64\debug\net472\zsmartclient_unittest.dll" id="c49afcd7-de27-7990-5754-d54f7b7c14ac">
      <TestCategory>
        <TestCategoryItem TestCategory="SearchViews" />
      </TestCategory>
      <Execution id="b860d798-3f27-4eec-bc93-67d0df0cd866" />
      <TestMethod codeBase="D:\actions-runner\_work\XPCO\XPCO\SC\Components\RemoteViewer\SmartClient\tst\zSmartClient_UnitTest\bin\x64\Debug\net472\zSmartClient_UnitTest.dll" adapterTypeName="executor://mstestadapter/v2" className="SmartClient_UnitTest.VideoOS.RemoteClient.Plugin.CentralizedSearch.Views.SearchResultsViewTests" name="SearchResultContainerView_OnItemActivated_AnimationDisabled_DetailsViewAddedToDetailsViewControl" />
    </UnitTest>
    <UnitTest name="UserHasReadPublicSearchPermission_HasReadPermission_ReturnsTrue" storage="d:\actions-runner\_work\xpco\xpco\sc\components\remoteviewer\smartclient\tst\zsmartclient_unittest\bin\x64\debug\net472\zsmartclient_unittest.dll" id="a97eb8e2-cea3-70dd-d5ee-19b9b7f4e4bf">
      <TestCategory>
        <TestCategoryItem TestCategory="SearchTemplates" />
      </TestCategory>
      <Execution id="a63c7efe-5ff9-4196-979e-503d6d7ad3ff" />
      <TestMethod codeBase="D:\actions-runner\_work\XPCO\XPCO\SC\Components\RemoteViewer\SmartClient\tst\zSmartClient_UnitTest\bin\x64\Debug\net472\zSmartClient_UnitTest.dll" adapterTypeName="executor://mstestadapter/v2" className="SmartClient_UnitTest.VideoOS.RemoteClient.Plugin.CentralizedSearch.SearchTemplates.SearchTemplateManagerTests" name="UserHasReadPublicSearchPermission_HasReadPermission_ReturnsTrue" />
    </UnitTest>
    <UnitTest name="PointMapItem_OutputWithNoShortName_Success" storage="d:\actions-runner\_work\xpco\xpco\sc\components\remoteviewer\smartclient\tst\zsmartclient_unittest\bin\x64\debug\net472\zsmartclient_unittest.dll" id="4aba77ec-b883-b9a3-2441-be573e48795b">
      <TestCategory>
        <TestCategoryItem TestCategory="GisMapData.MapItem.Outputs" />
      </TestCategory>
      <Execution id="6ee6c830-3400-401e-b585-2794f17b2813" />
      <TestMethod codeBase="D:\actions-runner\_work\XPCO\XPCO\SC\Components\RemoteViewer\SmartClient\tst\zSmartClient_UnitTest\bin\x64\Debug\net472\zSmartClient_UnitTest.dll" adapterTypeName="executor://mstestadapter/v2" className="SmartClient_UnitTest.VideoOS.RemoteClient.GisMapData.MapItem.Outputs.OutputMapItemTests" name="PointMapItem_OutputWithNoShortName_Success" />
    </UnitTest>
    <UnitTest name="Constructor_ShouldRaiseArgumentNullException_WhenWorkroomIsNull" storage="d:\actions-runner\_work\xpco\xpco\sc\components\remoteviewer\smartclient\tst\zsmartclient_unittest\bin\x64\debug\net472\zsmartclient_unittest.dll" id="cf2bce97-0784-515c-e2f5-b39bb123cf9f">
      <TestCategory>
        <TestCategoryItem TestCategory="GisMap.GisMapViewModel" />
      </TestCategory>
      <Execution id="6910c336-7b22-4fb2-a3f1-879ce4b7993c" />
      <TestMethod codeBase="D:\actions-runner\_work\XPCO\XPCO\SC\Components\RemoteViewer\SmartClient\tst\zSmartClient_UnitTest\bin\x64\Debug\net472\zSmartClient_UnitTest.dll" adapterTypeName="executor://mstestadapter/v2" className="SmartClient_UnitTest.VideoOS.RemoteClient.Plugin.GisMap.ViewModels.GisMapViewModelTests" name="Constructor_ShouldRaiseArgumentNullException_WhenWorkroomIsNull" />
    </UnitTest>
    <UnitTest name="DeleteSearchTemplateAsync_ThrowCommunicationMIPException_Success" storage="d:\actions-runner\_work\xpco\xpco\sc\components\remoteviewer\smartclient\tst\zsmartclient_unittest\bin\x64\debug\net472\zsmartclient_unittest.dll" id="b6cb2108-bdbd-409f-1317-853c26dc4a4e">
      <TestCategory>
        <TestCategoryItem TestCategory="SearchTemplatesService" />
      </TestCategory>
      <Execution id="2e74ae72-96cb-4f4f-998f-159c7850be21" />
      <TestMethod codeBase="D:\actions-runner\_work\XPCO\XPCO\SC\Components\RemoteViewer\SmartClient\tst\zSmartClient_UnitTest\bin\x64\Debug\net472\zSmartClient_UnitTest.dll" adapterTypeName="executor://mstestadapter/v2" className="SmartClient_UnitTest.VideoOS.RemoteClient.Plugin.CentralizedSearch.SearchTemplates.Service.SearchTemplateServiceTests" name="DeleteSearchTemplateAsync_ThrowCommunicationMIPException_Success" />
    </UnitTest>
    <UnitTest name="Constructor_ShouldRaiseArgumentNullException_WhenNextDeviceDataHandlerIsNull" storage="d:\actions-runner\_work\xpco\xpco\sc\components\remoteviewer\smartclient\tst\zsmartclient_unittest\bin\x64\debug\net472\zsmartclient_unittest.dll" id="b3f5f35c-92f5-1335-49e4-d72ffb56774b">
      <TestCategory>
        <TestCategoryItem TestCategory="GisMap.Handlers.Devices.MapItems" />
      </TestCategory>
      <Execution id="e9a2fd7a-75f4-44fa-b1b8-0becd7ba3511" />
      <TestMethod codeBase="D:\actions-runner\_work\XPCO\XPCO\SC\Components\RemoteViewer\SmartClient\tst\zSmartClient_UnitTest\bin\x64\Debug\net472\zSmartClient_UnitTest.dll" adapterTypeName="executor://mstestadapter/v2" className="SmartClient_UnitTest.VideoOS.RemoteClient.Plugin.GisMap.Handlers.Devices.MapItems.MicrophoneDataHandlerTests" name="Constructor_ShouldRaiseArgumentNullException_WhenNextDeviceDataHandlerIsNull" />
    </UnitTest>
    <UnitTest name="Loaded_NoActionBarPlugins_NoActionButtonsPresent" storage="d:\actions-runner\_work\xpco\xpco\sc\components\remoteviewer\smartclient\tst\zsmartclient_unittest\bin\x64\debug\net472\zsmartclient_unittest.dll" id="18d974d6-a642-8807-34d7-9a9c256df013">
      <TestCategory>
        <TestCategoryItem TestCategory="SearchViews" />
      </TestCategory>
      <Execution id="e40775b0-f03c-445c-b459-7ec8a575858a" />
      <TestMethod codeBase="D:\actions-runner\_work\XPCO\XPCO\SC\Components\RemoteViewer\SmartClient\tst\zSmartClient_UnitTest\bin\x64\Debug\net472\zSmartClient_UnitTest.dll" adapterTypeName="executor://mstestadapter/v2" className="SmartClient_UnitTest.VideoOS.RemoteClient.Plugin.CentralizedSearch.Views.SearchResultActionBarViewTests" name="Loaded_NoActionBarPlugins_NoActionButtonsPresent" />
    </UnitTest>
    <UnitTest name="Constructor_ShouldRaiseArgumentNullException_WhenCursorIsNull" storage="d:\actions-runner\_work\xpco\xpco\sc\components\remoteviewer\smartclient\tst\zsmartclient_unittest\bin\x64\debug\net472\zsmartclient_unittest.dll" id="f4957e0d-8b3e-6f39-d235-00a44690d337">
      <Execution id="39d8920a-286c-403a-9e4f-338f1a1f1357" />
      <TestMethod codeBase="D:\actions-runner\_work\XPCO\XPCO\SC\Components\RemoteViewer\SmartClient\tst\zSmartClient_UnitTest\bin\x64\Debug\net472\zSmartClient_UnitTest.dll" adapterTypeName="executor://mstestadapter/v2" className="SmartClient_UnitTest.VideoOS.RemoteClient.Application.Data.ContentTypes.DevicesContentType.SelectCameraControlTests" name="Constructor_ShouldRaiseArgumentNullException_WhenCursorIsNull" />
    </UnitTest>
    <UnitTest name="BuildMapOptions_ShouldHandleSecretStringOptionsCorrectly (GisMapBingMapKey,,False)" storage="d:\actions-runner\_work\xpco\xpco\sc\components\remoteviewer\smartclient\tst\zsmartclient_unittest\bin\x64\debug\net472\zsmartclient_unittest.dll" id="44e92a95-de94-fe77-bf6a-bab8a099b9c8">
      <Execution id="bab0eaca-32eb-44aa-b50f-da25f4c82657" />
      <TestMethod codeBase="D:\actions-runner\_work\XPCO\XPCO\SC\Components\RemoteViewer\SmartClient\tst\zSmartClient_UnitTest\bin\x64\Debug\net472\zSmartClient_UnitTest.dll" adapterTypeName="executor://mstestadapter/v2" className="SmartClient_UnitTest.VideoOS.RemoteClient.Application.Common.Telemetry.TelemetryBuilderTests" name="BuildMapOptions_ShouldHandleSecretStringOptionsCorrectly" />
    </UnitTest>
    <UnitTest name="GetLayerFeatures_ShouldReturnInputLayerFeatures_WhenMicrophoneKind" storage="d:\actions-runner\_work\xpco\xpco\sc\components\remoteviewer\smartclient\tst\zsmartclient_unittest\bin\x64\debug\net472\zsmartclient_unittest.dll" id="7f46d23c-5d7c-d0cd-6885-7066d3b47889">
      <TestCategory>
        <TestCategoryItem TestCategory="GisMapData.Controllers.LayerFeatures" />
      </TestCategory>
      <Execution id="ccfe76e4-e9db-4103-8288-446ea3291e34" />
      <TestMethod codeBase="D:\actions-runner\_work\XPCO\XPCO\SC\Components\RemoteViewer\SmartClient\tst\zSmartClient_UnitTest\bin\x64\Debug\net472\zSmartClient_UnitTest.dll" adapterTypeName="executor://mstestadapter/v2" className="SmartClient_UnitTest.VideoOS.RemoteClient.GisMapData.Controllers.LayerFeatures.LayerFeaturesControllerTests" name="GetLayerFeatures_ShouldReturnInputLayerFeatures_WhenMicrophoneKind" />
    </UnitTest>
    <UnitTest name="PopulateTooltip_SingleResultsFromManyCameras24Hours_ValidText" storage="d:\actions-runner\_work\xpco\xpco\sc\components\remoteviewer\smartclient\tst\zsmartclient_unittest\bin\x64\debug\net472\zsmartclient_unittest.dll" id="ab584460-bac9-0990-0924-68a8db1e4a1e">
      <TestCategory>
        <TestCategoryItem TestCategory="SearchControls" />
      </TestCategory>
      <Execution id="552d0a83-309a-42d7-8574-b974fc367921" />
      <TestMethod codeBase="D:\actions-runner\_work\XPCO\XPCO\SC\Components\RemoteViewer\SmartClient\tst\zSmartClient_UnitTest\bin\x64\Debug\net472\zSmartClient_UnitTest.dll" adapterTypeName="executor://mstestadapter/v2" className="SmartClient_UnitTest.VideoOS.RemoteClient.Plugin.CentralizedSearch.Views.Controls.TimelineRuler.TimelineRulerControlTests" name="PopulateTooltip_SingleResultsFromManyCameras24Hours_ValidText" />
    </UnitTest>
    <UnitTest name="Optics enabled, forced" storage="d:\actions-runner\_work\xpco\xpco\sc\components\remoteviewer\smartclient\tst\zsmartclient_unittest\bin\x64\debug\net472\zsmartclient_unittest.dll" id="fb14c4a0-3abe-1800-58f2-38754bcd2463">
      <TestCategory>
        <TestCategoryItem TestCategory="Export" />
      </TestCategory>
      <Execution id="a32bf271-5c9b-45df-94e1-3a3cd360ddc3" />
      <TestMethod codeBase="D:\actions-runner\_work\XPCO\XPCO\SC\Components\RemoteViewer\SmartClient\tst\zSmartClient_UnitTest\bin\x64\Debug\net472\zSmartClient_UnitTest.dll" adapterTypeName="executor://mstestadapter/v2" className="SmartClient_UnitTest.VideoOS.RemoteClient.Plugin.Export.CreateExportDialogViewModelTests" name="CreateExportDialog_ExportDestinationPreSelected_BasedOnOptions" />
    </UnitTest>
    <UnitTest name="Command_PluginInstanceActivateCalled" storage="d:\actions-runner\_work\xpco\xpco\sc\components\remoteviewer\smartclient\tst\zsmartclient_unittest\bin\x64\debug\net472\zsmartclient_unittest.dll" id="f68d42a3-acec-6b53-6243-cbfed90e3b19">
      <TestCategory>
        <TestCategoryItem TestCategory="SearchResultsAction" />
      </TestCategory>
      <Execution id="1f95434a-6c18-47b1-bd4f-84116070d258" />
      <TestMethod codeBase="D:\actions-runner\_work\XPCO\XPCO\SC\Components\RemoteViewer\SmartClient\tst\zSmartClient_UnitTest\bin\x64\Debug\net472\zSmartClient_UnitTest.dll" adapterTypeName="executor://mstestadapter/v2" className="SmartClient_UnitTest.VideoOS.RemoteClient.Plugin.CentralizedSearch.ViewModels.SearchResultsActionViewModelTests" name="Command_PluginInstanceActivateCalled" />
    </UnitTest>
    <UnitTest name="AddSelectedWindowsToExport_ShouldShowCorrectToastMessages (1,1,1)" storage="d:\actions-runner\_work\xpco\xpco\sc\components\remoteviewer\smartclient\tst\zsmartclient_unittest\bin\x64\debug\net472\zsmartclient_unittest.dll" id="e02372be-e433-9cbf-ee9f-b1ebff6c1698">
      <TestCategory>
        <TestCategoryItem TestCategory="Managers" />
      </TestCategory>
      <Execution id="ceb4b273-e57a-4f19-9797-950c6b821e8c" />
      <TestMethod codeBase="D:\actions-runner\_work\XPCO\XPCO\SC\Components\RemoteViewer\SmartClient\tst\zSmartClient_UnitTest\bin\x64\Debug\net472\zSmartClient_UnitTest.dll" adapterTypeName="executor://mstestadapter/v2" className="SmartClient_UnitTest.VideoOS.RemoteClient.Application.Managers.ExportManagerTests" name="AddSelectedWindowsToExport_ShouldShowCorrectToastMessages" />
    </UnitTest>
    <UnitTest name="Dispose_WhenWaitingToPerformAction_CancelsAction" storage="d:\actions-runner\_work\xpco\xpco\sc\components\remoteviewer\smartclient\tst\zsmartclient_unittest\bin\x64\debug\net472\zsmartclient_unittest.dll" id="58baf932-aaa1-22e9-3f8a-ec584346b657">
      <TestCategory>
        <TestCategoryItem TestCategory="UI.Facilitators" />
      </TestCategory>
      <Execution id="9d1e388a-1b81-437e-a21c-84fef7604f19" />
      <TestMethod codeBase="D:\actions-runner\_work\XPCO\XPCO\SC\Components\RemoteViewer\SmartClient\tst\zSmartClient_UnitTest\bin\x64\Debug\net472\zSmartClient_UnitTest.dll" adapterTypeName="executor://mstestadapter/v2" className="SmartClient_UnitTest.VideoOS.UI.Common.EventDrivenBufferWithDelayTests" name="Dispose_WhenWaitingToPerformAction_CancelsAction" />
    </UnitTest>
    <UnitTest name="Deserialize_ToTimeOnly_Success" storage="d:\actions-runner\_work\xpco\xpco\sc\components\remoteviewer\smartclient\tst\zsmartclient_unittest\bin\x64\debug\net472\zsmartclient_unittest.dll" id="91badbed-8323-8970-07a3-e3c2481d7a72">
      <TestCategory>
        <TestCategoryItem TestCategory="SearchSerialization" />
      </TestCategory>
      <Execution id="b3e7094b-f729-482d-b263-b7c86fdb5be1" />
      <TestMethod codeBase="D:\actions-runner\_work\XPCO\XPCO\SC\Components\RemoteViewer\SmartClient\tst\zSmartClient_UnitTest\bin\x64\Debug\net472\zSmartClient_UnitTest.dll" adapterTypeName="executor://mstestadapter/v2" className="SmartClient_UnitTest.VideoOS.RemoteClient.Plugin.CentralizedSearch.Models.Serialization.SearchSerializerTests" name="Deserialize_ToTimeOnly_Success" />
    </UnitTest>
    <UnitTest name="SearchDefinitionCountSet_NewValue_EventFired" storage="d:\actions-runner\_work\xpco\xpco\sc\components\remoteviewer\smartclient\tst\zsmartclient_unittest\bin\x64\debug\net472\zsmartclient_unittest.dll" id="84d3c143-14c2-3de5-71ff-f8eed6db60b1">
      <TestCategory>
        <TestCategoryItem TestCategory="SearchResultsPreprocessor" />
      </TestCategory>
      <Execution id="2d368659-2f62-4c74-b161-3b1eb120c87c" />
      <TestMethod codeBase="D:\actions-runner\_work\XPCO\XPCO\SC\Components\RemoteViewer\SmartClient\tst\zSmartClient_UnitTest\bin\x64\Debug\net472\zSmartClient_UnitTest.dll" adapterTypeName="executor://mstestadapter/v2" className="SmartClient_UnitTest.VideoOS.RemoteClient.Plugin.CentralizedSearch.Models.SearchResultsPreprocessorTests" name="SearchDefinitionCountSet_NewValue_EventFired" />
    </UnitTest>
    <UnitTest name="State_ShouldUpdateMicrophoneIconId_WhenSetToUnMute" storage="d:\actions-runner\_work\xpco\xpco\sc\components\remoteviewer\smartclient\tst\zsmartclient_unittest\bin\x64\debug\net472\zsmartclient_unittest.dll" id="59a60e54-e35c-c435-6281-92cda5ac809d">
      <TestCategory>
        <TestCategoryItem TestCategory="GisMapData.MapItem.Microphones" />
      </TestCategory>
      <Execution id="5a1e7a07-f135-4567-acf6-ef3793107149" />
      <TestMethod codeBase="D:\actions-runner\_work\XPCO\XPCO\SC\Components\RemoteViewer\SmartClient\tst\zSmartClient_UnitTest\bin\x64\Debug\net472\zSmartClient_UnitTest.dll" adapterTypeName="executor://mstestadapter/v2" className="SmartClient_UnitTest.VideoOS.RemoteClient.GisMapData.MapItem.Microphones.MicrophoneMapItemTests" name="State_ShouldUpdateMicrophoneIconId_WhenSetToUnMute" />
    </UnitTest>
    <UnitTest name="HandleSetLayerFeatures_ShouldRaiseArgumentException_WhenNotCameraKindAndCameraLayerFeaturesAndOutputLayer" storage="d:\actions-runner\_work\xpco\xpco\sc\components\remoteviewer\smartclient\tst\zsmartclient_unittest\bin\x64\debug\net472\zsmartclient_unittest.dll" id="6cafc5ed-fe23-6238-885d-2059ca1b7427">
      <TestCategory>
        <TestCategoryItem TestCategory="GisMapData.Handlers.LayerFeatures" />
      </TestCategory>
      <Execution id="07d194d4-1b15-4694-903e-94ff9afaebe2" />
      <TestMethod codeBase="D:\actions-runner\_work\XPCO\XPCO\SC\Components\RemoteViewer\SmartClient\tst\zSmartClient_UnitTest\bin\x64\Debug\net472\zSmartClient_UnitTest.dll" adapterTypeName="executor://mstestadapter/v2" className="SmartClient_UnitTest.VideoOS.RemoteClient.GisMapData.Handlers.LayerFeatures.CameraLayerFeaturesHandlerTests" name="HandleSetLayerFeatures_ShouldRaiseArgumentException_WhenNotCameraKindAndCameraLayerFeaturesAndOutputLayer" />
    </UnitTest>
    <UnitTest name="IsCamera_ShouldReturnTrue_WhenAllCamerasSelected" storage="d:\actions-runner\_work\xpco\xpco\sc\components\remoteviewer\smartclient\tst\zsmartclient_unittest\bin\x64\debug\net472\zsmartclient_unittest.dll" id="4927bb5b-1d8a-626c-1d59-507b7cca82e7">
      <Execution id="99115b68-6ebd-4cf2-aaf3-47b511f80f90" />
      <TestMethod codeBase="D:\actions-runner\_work\XPCO\XPCO\SC\Components\RemoteViewer\SmartClient\tst\zSmartClient_UnitTest\bin\x64\Debug\net472\zSmartClient_UnitTest.dll" adapterTypeName="executor://mstestadapter/v2" className="SmartClient_UnitTest.VideoOS.RemoteClient.Application.Data.ContentTypes.ReportingContentType.DashboardExtentionsTest" name="IsCamera_ShouldReturnTrue_WhenAllCamerasSelected" />
    </UnitTest>
    <UnitTest name="PointMapItem_Load_Input_Success" storage="d:\actions-runner\_work\xpco\xpco\sc\components\remoteviewer\smartclient\tst\zsmartclient_unittest\bin\x64\debug\net472\zsmartclient_unittest.dll" id="1ce67353-df26-d1bd-d2aa-05733d1ac693">
      <TestCategory>
        <TestCategoryItem TestCategory="GisMapData.MapItem.Inputs" />
      </TestCategory>
      <Execution id="c4863cb7-0ada-43a5-826a-ac3825d0bc73" />
      <TestMethod codeBase="D:\actions-runner\_work\XPCO\XPCO\SC\Components\RemoteViewer\SmartClient\tst\zSmartClient_UnitTest\bin\x64\Debug\net472\zSmartClient_UnitTest.dll" adapterTypeName="executor://mstestadapter/v2" className="SmartClient_UnitTest.VideoOS.RemoteClient.GisMapData.MapItem.Inputs.InputMapItemTests" name="PointMapItem_Load_Input_Success" />
    </UnitTest>
    <UnitTest name="PopulateTooltip_SingleResultsFromManyCameras12Hours_ValidText" storage="d:\actions-runner\_work\xpco\xpco\sc\components\remoteviewer\smartclient\tst\zsmartclient_unittest\bin\x64\debug\net472\zsmartclient_unittest.dll" id="dafe6617-7d77-6bca-77a9-2080de8d8ac3">
      <TestCategory>
        <TestCategoryItem TestCategory="SearchControls" />
      </TestCategory>
      <Execution id="14fdd0b6-b74b-402a-a608-1a7a7c951bb5" />
      <TestMethod codeBase="D:\actions-runner\_work\XPCO\XPCO\SC\Components\RemoteViewer\SmartClient\tst\zSmartClient_UnitTest\bin\x64\Debug\net472\zSmartClient_UnitTest.dll" adapterTypeName="executor://mstestadapter/v2" className="SmartClient_UnitTest.VideoOS.RemoteClient.Plugin.CentralizedSearch.Views.Controls.TimelineRuler.TimelineRulerControlTests" name="PopulateTooltip_SingleResultsFromManyCameras12Hours_ValidText" />
    </UnitTest>
    <UnitTest name="Search_SearchResultReceived_EventFired" storage="d:\actions-runner\_work\xpco\xpco\sc\components\remoteviewer\smartclient\tst\zsmartclient_unittest\bin\x64\debug\net472\zsmartclient_unittest.dll" id="7d900372-2011-73f8-033d-c6e57807e942">
      <TestCategory>
        <TestCategoryItem TestCategory="Search" />
      </TestCategory>
      <Execution id="f26ad0ad-6245-458b-b908-83f92683bf8a" />
      <TestMethod codeBase="D:\actions-runner\_work\XPCO\XPCO\SC\Components\RemoteViewer\SmartClient\tst\zSmartClient_UnitTest\bin\x64\Debug\net472\zSmartClient_UnitTest.dll" adapterTypeName="executor://mstestadapter/v2" className="SmartClient_UnitTest.VideoOS.RemoteClient.Plugin.CentralizedSearch.MIPPlugin.CompositeSearchDefinitionTests" name="Search_SearchResultReceived_EventFired" />
    </UnitTest>
    <UnitTest name="GetServerTypes_ShouldReturnLPRType" storage="d:\actions-runner\_work\xpco\xpco\sc\components\remoteviewer\smartclient\tst\zsmartclient_unittest\bin\x64\debug\net472\zsmartclient_unittest.dll" id="2227d8a1-1292-2ada-1845-295f40381449">
      <Execution id="203c2b57-f856-4e18-88d6-1d7a134cf171" />
      <TestMethod codeBase="D:\actions-runner\_work\XPCO\XPCO\SC\Components\RemoteViewer\SmartClient\tst\zSmartClient_UnitTest\bin\x64\Debug\net472\zSmartClient_UnitTest.dll" adapterTypeName="executor://mstestadapter/v2" className="SmartClient_UnitTest.VideoOS.RemoteClient.Application.Data.ContentTypes.ReportingContentType.DashboardExtentionsTest" name="GetServerTypes_ShouldReturnLPRType" />
    </UnitTest>
    <UnitTest name="SetIncludePartialResults_ShouldFireEvent_WhenNewValueApplied" storage="d:\actions-runner\_work\xpco\xpco\sc\components\remoteviewer\smartclient\tst\zsmartclient_unittest\bin\x64\debug\net472\zsmartclient_unittest.dll" id="37f14c37-5c5d-2aca-7f78-44d1e6498fe0">
      <TestCategory>
        <TestCategoryItem TestCategory="SearchResultsPreprocessor" />
      </TestCategory>
      <Execution id="3d1f3cb5-c42f-4647-958e-4a521ba400f7" />
      <TestMethod codeBase="D:\actions-runner\_work\XPCO\XPCO\SC\Components\RemoteViewer\SmartClient\tst\zSmartClient_UnitTest\bin\x64\Debug\net472\zSmartClient_UnitTest.dll" adapterTypeName="executor://mstestadapter/v2" className="SmartClient_UnitTest.VideoOS.RemoteClient.Plugin.CentralizedSearch.Models.SearchResultsPreprocessorTests" name="SetIncludePartialResults_ShouldFireEvent_WhenNewValueApplied" />
    </UnitTest>
    <UnitTest name="PtzInfoViewModel_PtzCotrolledByAnonymousTest" storage="d:\actions-runner\_work\xpco\xpco\sc\components\remoteviewer\smartclient\tst\zsmartclient_unittest\bin\x64\debug\net472\zsmartclient_unittest.dll" id="46662b5d-bee1-3465-212d-6cf5f23d5fcf">
      <Execution id="d268cdec-0053-461f-a404-8af3085376bb" />
      <TestMethod codeBase="D:\actions-runner\_work\XPCO\XPCO\SC\Components\RemoteViewer\SmartClient\tst\zSmartClient_UnitTest\bin\x64\Debug\net472\zSmartClient_UnitTest.dll" adapterTypeName="executor://mstestadapter/v2" className="SmartClient_UnitTest.VideoOS.RemoteClient.Plugin.Map.WPFObjects.PtzInfoViewModelUnitTest" name="PtzInfoViewModel_PtzCotrolledByAnonymousTest" />
    </UnitTest>
    <UnitTest name="NewSearchSelectedEvent_SomeCategoriesSelected_Success" storage="d:\actions-runner\_work\xpco\xpco\sc\components\remoteviewer\smartclient\tst\zsmartclient_unittest\bin\x64\debug\net472\zsmartclient_unittest.dll" id="6242ad29-7e7c-5410-ba44-fa393248cc06">
      <TestCategory>
        <TestCategoryItem TestCategory="SearchControls" />
      </TestCategory>
      <Execution id="dcc436f7-5f05-4950-968b-993b6a854ff6" />
      <TestMethod codeBase="D:\actions-runner\_work\XPCO\XPCO\SC\Components\RemoteViewer\SmartClient\tst\zSmartClient_UnitTest\bin\x64\Debug\net472\zSmartClient_UnitTest.dll" adapterTypeName="executor://mstestadapter/v2" className="SmartClient_UnitTest.VideoOS.RemoteClient.Plugin.CentralizedSearch.Views.Controls.SearchCategorySelect.SelectSearchCategoryLayoutTests" name="NewSearchSelectedEvent_SomeCategoriesSelected_Success" />
    </UnitTest>
    <UnitTest name="GetBoundingShapesPathsAsync_ShouldGetBoundingShapesFromFromMetadataObjectsSourceOnly_WhenOnlyFromMetadataObjectsSourceIsPassedIn" storage="d:\actions-runner\_work\xpco\xpco\sc\components\remoteviewer\smartclient\tst\zsmartclient_unittest\bin\x64\debug\net472\zsmartclient_unittest.dll" id="b960a51a-07ce-5c77-9c47-9b7d49f68b04">
      <Execution id="248125b5-69c1-4854-9611-e45624e227ac" />
      <TestMethod codeBase="D:\actions-runner\_work\XPCO\XPCO\SC\Components\RemoteViewer\SmartClient\tst\zSmartClient_UnitTest\bin\x64\Debug\net472\zSmartClient_UnitTest.dll" adapterTypeName="executor://mstestadapter/v2" className="SmartClient_UnitTest.VideoOS.RemoteClient.Plugin.CentralizedSearch.Utils.SearchResultDataExtensionsTests" name="GetBoundingShapesPathsAsync_ShouldGetBoundingShapesFromFromMetadataObjectsSourceOnly_WhenOnlyFromMetadataObjectsSourceIsPassedIn" />
    </UnitTest>
    <UnitTest name="SupportsDoubleClick_ShouldBeFalse_WhenInteractionStateIsNotNormalAndNotInSetupMode" storage="d:\actions-runner\_work\xpco\xpco\sc\components\remoteviewer\smartclient\tst\zsmartclient_unittest\bin\x64\debug\net472\zsmartclient_unittest.dll" id="d9a71493-8a98-1ce2-4921-b216ae947c71">
      <TestCategory>
        <TestCategoryItem TestCategory="GisMap.LegacyLinkMarker" />
      </TestCategory>
      <Execution id="a4862cac-d77b-4e62-8c34-09484d4a16f8" />
      <TestMethod codeBase="D:\actions-runner\_work\XPCO\XPCO\SC\Components\RemoteViewer\SmartClient\tst\zSmartClient_UnitTest\bin\x64\Debug\net472\zSmartClient_UnitTest.dll" adapterTypeName="executor://mstestadapter/v2" className="SmartClient_UnitTest.VideoOS.RemoteClient.Plugin.GisMap.ThinkGeoMap.Markers.LegacyLinkMarker.LegacyLinkMarkerTests" name="SupportsDoubleClick_ShouldBeFalse_WhenInteractionStateIsNotNormalAndNotInSetupMode" />
    </UnitTest>
    <UnitTest name="TestForAssemblyCoverage" storage="d:\actions-runner\_work\xpco\xpco\sc\components\remoteviewer\smartclient\tst\zsmartclient_unittest\bin\x64\debug\net472\zsmartclient_unittest.dll" id="001c0c93-73e4-b3d7-1e2b-249f259f59d0">
      <Execution id="865c0b24-dce7-4f3c-8260-041db3927517" />
      <TestMethod codeBase="D:\actions-runner\_work\XPCO\XPCO\SC\Components\RemoteViewer\SmartClient\tst\zSmartClient_UnitTest\bin\x64\Debug\net472\zSmartClient_UnitTest.dll" adapterTypeName="executor://mstestadapter/v2" className="SmartClient_UnitTest.VideoOS.RemoteClient.Plugin.JoystickSupport.UnitTest1" name="TestForAssemblyCoverage" />
    </UnitTest>
    <UnitTest name="Initialize_ShouldSelectTheFirstCameraWithRegionSelected_WhenInitializedWithFilterValueThatHasRegionSelected" storage="d:\actions-runner\_work\xpco\xpco\sc\components\remoteviewer\smartclient\tst\zsmartclient_unittest\bin\x64\debug\net472\zsmartclient_unittest.dll" id="bfa2e036-0b0c-2621-93e6-fae23f6d7c6d">
      <TestCategory>
        <TestCategoryItem TestCategory="Search.Filters.ViewModels" />
      </TestCategory>
      <Execution id="296b22bc-e62d-43eb-ab56-e5f3b9bd0013" />
      <TestMethod codeBase="D:\actions-runner\_work\XPCO\XPCO\SC\Components\RemoteViewer\SmartClient\tst\zSmartClient_UnitTest\bin\x64\Debug\net472\zSmartClient_UnitTest.dll" adapterTypeName="executor://mstestadapter/v2" className="SmartClient_UnitTest.VideoOS.RemoteClient.Plugin.CentralizedSearch.MIPPlugin.Criteria.ViewModels.RegionSelectionAttributeEditControlViewModelTests" name="Initialize_ShouldSelectTheFirstCameraWithRegionSelected_WhenInitializedWithFilterValueThatHasRegionSelected" />
    </UnitTest>
    <UnitTest name="SearchAction_BrowseMode_30MinutesInTheFuture" storage="d:\actions-runner\_work\xpco\xpco\sc\components\remoteviewer\smartclient\tst\zsmartclient_unittest\bin\x64\debug\net472\zsmartclient_unittest.dll" id="65a9b794-921a-eae9-026a-f733825b3d4a">
      <TestCategory>
        <TestCategoryItem TestCategory="WorkspaceToolbar" />
      </TestCategory>
      <Execution id="de6cfccd-33f1-46a7-af46-c8e37c0852d4" />
      <TestMethod codeBase="D:\actions-runner\_work\XPCO\XPCO\SC\Components\RemoteViewer\SmartClient\tst\zSmartClient_UnitTest\bin\x64\Debug\net472\zSmartClient_UnitTest.dll" adapterTypeName="executor://mstestadapter/v2" className="SmartClient_UnitTest.VideoOS.RemoteClient.Application.Data.WorkspaceToolbar.WorkspaceToolbarItemSmartSearchTests" name="SearchAction_BrowseMode_30MinutesInTheFuture" />
    </UnitTest>
    <UnitTest name="TestProperties_Name_Success" storage="d:\actions-runner\_work\xpco\xpco\sc\components\remoteviewer\smartclient\tst\zsmartclient_unittest\bin\x64\debug\net472\zsmartclient_unittest.dll" id="67ee2264-2350-9541-5091-2e559be75dbe">
      <TestCategory>
        <TestCategoryItem TestCategory="GisMapBuilding" />
      </TestCategory>
      <Execution id="bd136728-4910-4bca-ae8d-206a8306e4c5" />
      <TestMethod codeBase="D:\actions-runner\_work\XPCO\XPCO\SC\Components\RemoteViewer\SmartClient\tst\zSmartClient_UnitTest\bin\x64\Debug\net472\zSmartClient_UnitTest.dll" adapterTypeName="executor://mstestadapter/v2" className="SmartClient_UnitTest.VideoOS.RemoteClient.GisMapData.MapBuildings.MapLevelTests" name="TestProperties_Name_Success" />
    </UnitTest>
    <UnitTest name="PtzInfoViewModel_PtzCotrolledByUserTest" storage="d:\actions-runner\_work\xpco\xpco\sc\components\remoteviewer\smartclient\tst\zsmartclient_unittest\bin\x64\debug\net472\zsmartclient_unittest.dll" id="6bcb61d5-27f5-0fda-d895-8ea5b1245aab">
      <Execution id="f66a1ed7-3247-468a-9e9a-8b72a62d5deb" />
      <TestMethod codeBase="D:\actions-runner\_work\XPCO\XPCO\SC\Components\RemoteViewer\SmartClient\tst\zSmartClient_UnitTest\bin\x64\Debug\net472\zSmartClient_UnitTest.dll" adapterTypeName="executor://mstestadapter/v2" className="SmartClient_UnitTest.VideoOS.RemoteClient.Plugin.Map.WPFObjects.PtzInfoViewModelUnitTest" name="PtzInfoViewModel_PtzCotrolledByUserTest" />
    </UnitTest>
    <UnitTest name="ToDenormalizedDirection_0_75" storage="d:\actions-runner\_work\xpco\xpco\sc\components\remoteviewer\smartclient\tst\zsmartclient_unittest\bin\x64\debug\net472\zsmartclient_unittest.dll" id="84b3e980-bdbe-5014-755b-538d50035c46">
      <TestCategory>
        <TestCategoryItem TestCategory="GisMap" />
      </TestCategory>
      <Execution id="b02b2ecf-0ac2-47c8-8f58-8d365e8ddc72" />
      <TestMethod codeBase="D:\actions-runner\_work\XPCO\XPCO\SC\Components\RemoteViewer\SmartClient\tst\zSmartClient_UnitTest\bin\x64\Debug\net472\zSmartClient_UnitTest.dll" adapterTypeName="executor://mstestadapter/v2" className="SmartClient_UnitTest.VideoOS.RemoteClient.GisMap.Utilities.GisUtilityTests" name="ToDenormalizedDirection_0_75" />
    </UnitTest>
    <UnitTest name="Passwords are not the same, lower length" storage="d:\actions-runner\_work\xpco\xpco\sc\components\remoteviewer\smartclient\tst\zsmartclient_unittest\bin\x64\debug\net472\zsmartclient_unittest.dll" id="f8eaf1dc-b859-6623-e5ad-974dd53ad456">
      <TestCategory>
        <TestCategoryItem TestCategory="Export" />
      </TestCategory>
      <Execution id="07e00b25-4607-466e-a949-f688c86193f0" />
      <TestMethod codeBase="D:\actions-runner\_work\XPCO\XPCO\SC\Components\RemoteViewer\SmartClient\tst\zSmartClient_UnitTest\bin\x64\Debug\net472\zSmartClient_UnitTest.dll" adapterTypeName="executor://mstestadapter/v2" className="SmartClient_UnitTest.VideoOS.RemoteClient.Plugin.Export.PasswordDialogViewModelTests" name="SettingPassword1AndPassword2_ShouldSetIsPassword2Valid" />
    </UnitTest>
    <UnitTest name="StartSelection_ShouldNotClearAnyExistingSelections_WhenCtrlKeyIsPressed" storage="d:\actions-runner\_work\xpco\xpco\sc\components\remoteviewer\smartclient\tst\zsmartclient_unittest\bin\x64\debug\net472\zsmartclient_unittest.dll" id="01eab79c-bc50-d06f-cdd9-f0cb405d3b66">
      <TestCategory>
        <TestCategoryItem TestCategory="SmartMap.SelectionHelper" />
      </TestCategory>
      <Execution id="85d17eb2-c8cd-4557-bef3-d235c0d39db0" />
      <TestMethod codeBase="D:\actions-runner\_work\XPCO\XPCO\SC\Components\RemoteViewer\SmartClient\tst\zSmartClient_UnitTest\bin\x64\Debug\net472\zSmartClient_UnitTest.dll" adapterTypeName="executor://mstestadapter/v2" className="SmartClient_UnitTest.VideoOS.RemoteClient.Plugin.GisMap.ThinkGeoMap.SpecializedOverlays.Overlays.SelectionHelperTests" name="StartSelection_ShouldNotClearAnyExistingSelections_WhenCtrlKeyIsPressed" />
    </UnitTest>
    <UnitTest name="Constructor_ShouldRaiseArgumentNullException_WhenDeviceIdsIsNull" storage="d:\actions-runner\_work\xpco\xpco\sc\components\remoteviewer\smartclient\tst\zsmartclient_unittest\bin\x64\debug\net472\zsmartclient_unittest.dll" id="6480e990-929e-4f74-6838-96e2b97d0c00">
      <TestCategory>
        <TestCategoryItem TestCategory="GisMapData.Common.EventsArgs" />
      </TestCategory>
      <Execution id="ea1ec94f-4e2a-4c4d-a99c-16232d9f18eb" />
      <TestMethod codeBase="D:\actions-runner\_work\XPCO\XPCO\SC\Components\RemoteViewer\SmartClient\tst\zSmartClient_UnitTest\bin\x64\Debug\net472\zSmartClient_UnitTest.dll" adapterTypeName="executor://mstestadapter/v2" className="SmartClient_UnitTest.VideoOS.RemoteClient.GisMapData.Common.EventsArgs.UpdateMicrophonesEventArgsTests" name="Constructor_ShouldRaiseArgumentNullException_WhenDeviceIdsIsNull" />
    </UnitTest>
    <UnitTest name="ZoomOut_MapSet_MapZoomOutInvoked" storage="d:\actions-runner\_work\xpco\xpco\sc\components\remoteviewer\smartclient\tst\zsmartclient_unittest\bin\x64\debug\net472\zsmartclient_unittest.dll" id="a7b3a0a1-b567-86d1-d16a-ead40656c5fa">
      <Execution id="7cff939d-e228-47e7-ae71-f084eebd5f69" />
      <TestMethod codeBase="D:\actions-runner\_work\XPCO\XPCO\SC\Components\RemoteViewer\SmartClient\tst\zSmartClient_UnitTest\bin\x64\Debug\net472\zSmartClient_UnitTest.dll" adapterTypeName="executor://mstestadapter/v2" className="SmartClient_UnitTest.VideoOS.RemoteClient.Plugin.GisMap.ThinkGeoMap.DefaultZoomHandlerTests" name="ZoomOut_MapSet_MapZoomOutInvoked" />
    </UnitTest>
    <UnitTest name="BookmarkSearchTime_WithSearchStringInDifferentCases_ReturnCorrectBookmarkWithSearchStringInHeader (,False,False,False,False,SeArChStRiNg,,1)" storage="d:\actions-runner\_work\xpco\xpco\sc\components\remoteviewer\smartclient\tst\zsmartclient_unittest\bin\x64\debug\net472\zsmartclient_unittest.dll" id="7005b14c-73a9-8c05-e947-be79236b7645">
      <Execution id="defd9138-bb5e-4113-949b-4ffe3f033657" />
      <TestMethod codeBase="D:\actions-runner\_work\XPCO\XPCO\SC\Components\RemoteViewer\SmartClient\tst\zSmartClient_UnitTest\bin\x64\Debug\net472\zSmartClient_UnitTest.dll" adapterTypeName="executor://mstestadapter/v2" className="SmartClient_UnitTest.VideoOS.RemoteClient.Application.Data.Offline.UnitTest.BookmarkExportReaderTest" name="BookmarkSearchTime_WithSearchStringInDifferentCases_ReturnCorrectBookmarkWithSearchStringInHeader" />
    </UnitTest>
    <UnitTest name="GetDefaultReportDestination_UserSettings_ReturnsDefaultPathFromUserSettings" storage="d:\actions-runner\_work\xpco\xpco\sc\components\remoteviewer\smartclient\tst\zsmartclient_unittest\bin\x64\debug\net472\zsmartclient_unittest.dll" id="bf7f705f-c3a5-d6a3-c61b-3ef06011aead">
      <TestCategory>
        <TestCategoryItem TestCategory="Search" />
      </TestCategory>
      <Execution id="05795d2c-359b-4060-b23d-c73492a27243" />
      <TestMethod codeBase="D:\actions-runner\_work\XPCO\XPCO\SC\Components\RemoteViewer\SmartClient\tst\zSmartClient_UnitTest\bin\x64\Debug\net472\zSmartClient_UnitTest.dll" adapterTypeName="executor://mstestadapter/v2" className="SmartClient_UnitTest.VideoOS.RemoteClient.Plugin.CentralizedSearch.ViewModels.SearchReportViewModelTests" name="GetDefaultReportDestination_UserSettings_ReturnsDefaultPathFromUserSettings" />
    </UnitTest>
    <UnitTest name="CameraMapItem_ForceActivateAsync_InBuilding_UseLastLevel_Success" storage="d:\actions-runner\_work\xpco\xpco\sc\components\remoteviewer\smartclient\tst\zsmartclient_unittest\bin\x64\debug\net472\zsmartclient_unittest.dll" id="84d62aca-a413-46a5-c8ba-3602e6cd8798">
      <TestCategory>
        <TestCategoryItem TestCategory="GisMapMapItem" />
      </TestCategory>
      <Execution id="e4077f24-0219-4f91-a35c-905f755f15ae" />
      <TestMethod codeBase="D:\actions-runner\_work\XPCO\XPCO\SC\Components\RemoteViewer\SmartClient\tst\zSmartClient_UnitTest\bin\x64\Debug\net472\zSmartClient_UnitTest.dll" adapterTypeName="executor://mstestadapter/v2" className="SmartClient_UnitTest.VideoOS.RemoteClient.GisMap.MapItem.MapItemTests" name="CameraMapItem_ForceActivateAsync_InBuilding_UseLastLevel_Success" />
    </UnitTest>
    <UnitTest name="Constructor_ShouldThrowException_WhenReportViewerStateIsNull" storage="d:\actions-runner\_work\xpco\xpco\sc\components\remoteviewer\smartclient\tst\zsmartclient_unittest\bin\x64\debug\net472\zsmartclient_unittest.dll" id="27433e55-5768-6c79-0b23-c4648c647a81">
      <TestCategory>
        <TestCategoryItem TestCategory="ReportingContentType" />
      </TestCategory>
      <Execution id="753ec863-9e5e-4cad-a44c-5af7713dd918" />
      <TestMethod codeBase="D:\actions-runner\_work\XPCO\XPCO\SC\Components\RemoteViewer\SmartClient\tst\zSmartClient_UnitTest\bin\x64\Debug\net472\zSmartClient_UnitTest.dll" adapterTypeName="executor://mstestadapter/v2" className="SmartClient_UnitTest.VideoOS.RemoteClient.Application.Data.ContentTypes.ReportingContentType.ReportViewerViewModelTest" name="Constructor_ShouldThrowException_WhenReportViewerStateIsNull" />
    </UnitTest>
    <UnitTest name="Deserialize_NothingToDeserialize_Success" storage="d:\actions-runner\_work\xpco\xpco\sc\components\remoteviewer\smartclient\tst\zsmartclient_unittest\bin\x64\debug\net472\zsmartclient_unittest.dll" id="962aa215-0703-be2d-ae49-5fe79d594412">
      <TestCategory>
        <TestCategoryItem TestCategory="SearchSerialization" />
      </TestCategory>
      <Execution id="8efb861d-23ea-4dc1-b4a7-3018986cf147" />
      <TestMethod codeBase="D:\actions-runner\_work\XPCO\XPCO\SC\Components\RemoteViewer\SmartClient\tst\zSmartClient_UnitTest\bin\x64\Debug\net472\zSmartClient_UnitTest.dll" adapterTypeName="executor://mstestadapter/v2" className="SmartClient_UnitTest.VideoOS.RemoteClient.Plugin.CentralizedSearch.Models.Serialization.SearchSerializerTests" name="Deserialize_NothingToDeserialize_Success" />
    </UnitTest>
    <UnitTest name="TestGetAllTasksAsync" storage="d:\actions-runner\_work\xpco\xpco\sc\components\remoteviewer\smartclient\tst\zsmartclient_unittest\bin\x64\debug\net472\zsmartclient_unittest.dll" id="19146f14-6143-cfb7-4c8f-467081c697c0">
      <Execution id="13b355b0-7a1b-48e2-9a2a-2ed59e7f9ef1" />
      <TestMethod codeBase="D:\actions-runner\_work\XPCO\XPCO\SC\Components\RemoteViewer\SmartClient\tst\zSmartClient_UnitTest\bin\x64\Debug\net472\zSmartClient_UnitTest.dll" adapterTypeName="executor://mstestadapter/v2" className="SmartClient_UnitTest.VideoOS.RemoteClient.Application.Managers.EdgeRetrievalTaskManagerUnitTest" name="TestGetAllTasksAsync" />
    </UnitTest>
    <UnitTest name="UpdateAction_SingleAcceptedAndSingleRejected_EnabledAndAddSuffixToToolTip" storage="d:\actions-runner\_work\xpco\xpco\sc\components\remoteviewer\smartclient\tst\zsmartclient_unittest\bin\x64\debug\net472\zsmartclient_unittest.dll" id="da74414c-6059-a1d1-7697-c9f6a432ab01">
      <TestCategory>
        <TestCategoryItem TestCategory="SearchResultsAction" />
      </TestCategory>
      <Execution id="1ff5fb25-b9f9-4a06-bda0-c45515f2e649" />
      <TestMethod codeBase="D:\actions-runner\_work\XPCO\XPCO\SC\Components\RemoteViewer\SmartClient\tst\zSmartClient_UnitTest\bin\x64\Debug\net472\zSmartClient_UnitTest.dll" adapterTypeName="executor://mstestadapter/v2" className="SmartClient_UnitTest.VideoOS.RemoteClient.Plugin.CentralizedSearch.ViewModels.SearchResultsActionViewModelTests" name="UpdateAction_SingleAcceptedAndSingleRejected_EnabledAndAddSuffixToToolTip" />
    </UnitTest>
    <UnitTest name="HandleGetLayerFeatures_ShouldReturnMicrophoneLayerFeatures_WhenMicrophoneKind" storage="d:\actions-runner\_work\xpco\xpco\sc\components\remoteviewer\smartclient\tst\zsmartclient_unittest\bin\x64\debug\net472\zsmartclient_unittest.dll" id="57630e13-6376-5ac4-f876-8b3113252cf4">
      <TestCategory>
        <TestCategoryItem TestCategory="GisMapData.Handlers.LayerFeatures" />
      </TestCategory>
      <Execution id="d3fba2e4-edf7-4ea5-a398-e5cccc22905d" />
      <TestMethod codeBase="D:\actions-runner\_work\XPCO\XPCO\SC\Components\RemoteViewer\SmartClient\tst\zSmartClient_UnitTest\bin\x64\Debug\net472\zSmartClient_UnitTest.dll" adapterTypeName="executor://mstestadapter/v2" className="SmartClient_UnitTest.VideoOS.RemoteClient.GisMapData.Handlers.LayerFeatures.MicrophoneLayerFeaturesHandlerTests" name="HandleGetLayerFeatures_ShouldReturnMicrophoneLayerFeatures_WhenMicrophoneKind" />
    </UnitTest>
    <UnitTest name="TestKeepInMemory_Success" storage="d:\actions-runner\_work\xpco\xpco\sc\components\remoteviewer\smartclient\tst\zsmartclient_unittest\bin\x64\debug\net472\zsmartclient_unittest.dll" id="8ffeda3d-e799-7be5-92e9-cd0ffd88ed12">
      <Execution id="9991e520-3851-4767-b8f7-1bf22aff598e" />
      <TestMethod codeBase="D:\actions-runner\_work\XPCO\XPCO\SC\Components\RemoteViewer\SmartClient\tst\zSmartClient_UnitTest\bin\x64\Debug\net472\zSmartClient_UnitTest.dll" adapterTypeName="executor://mstestadapter/v2" className="SmartClient_UnitTest.VideoOS.RemoteClient.Application.Controllers.WorkSpace.WorkSpaceItemTest" name="TestKeepInMemory_Success" />
    </UnitTest>
    <UnitTest name="ScrollIntoView_Sync_DefinitionViewInViewPort_NotScrolled" storage="d:\actions-runner\_work\xpco\xpco\sc\components\remoteviewer\smartclient\tst\zsmartclient_unittest\bin\x64\debug\net472\zsmartclient_unittest.dll" id="633b1573-6042-ec26-9f10-dd2e2dcea040">
      <TestCategory>
        <TestCategoryItem TestCategory="Search" />
      </TestCategory>
      <Execution id="0c4b51df-37f3-4ada-93cc-d09b1338ff52" />
      <TestMethod codeBase="D:\actions-runner\_work\XPCO\XPCO\SC\Components\RemoteViewer\SmartClient\tst\zSmartClient_UnitTest\bin\x64\Debug\net472\zSmartClient_UnitTest.dll" adapterTypeName="executor://mstestadapter/v2" className="SmartClient_UnitTest.VideoOS.RemoteClient.Plugin.CentralizedSearch.Views.CriteriaViewTests" name="ScrollIntoView_Sync_DefinitionViewInViewPort_NotScrolled" />
    </UnitTest>
    <UnitTest name="SelectTemplate_NullViewModelSearchAttribute_Throws" storage="d:\actions-runner\_work\xpco\xpco\sc\components\remoteviewer\smartclient\tst\zsmartclient_unittest\bin\x64\debug\net472\zsmartclient_unittest.dll" id="d8b647c6-ef54-f676-621e-8f04d1dc548d">
      <TestCategory>
        <TestCategoryItem TestCategory="SearchViews" />
      </TestCategory>
      <Execution id="37fd5cc7-2eee-45b0-a6d5-45d1673cf4dc" />
      <TestMethod codeBase="D:\actions-runner\_work\XPCO\XPCO\SC\Components\RemoteViewer\SmartClient\tst\zSmartClient_UnitTest\bin\x64\Debug\net472\zSmartClient_UnitTest.dll" adapterTypeName="executor://mstestadapter/v2" className="SmartClient_UnitTest.VideoOS.RemoteClient.Plugin.CentralizedSearch.Views.AttributeEditControlTemplateSelectorTests" name="SelectTemplate_NullViewModelSearchAttribute_Throws" />
    </UnitTest>
    <UnitTest name="BookmarkSearchTime_WithSearchStringInDifferentCases_ReturnCorrectBookmarkWithSearchStringInHeader (SeArChStRiNg,True,True,True,False,,,1)" storage="d:\actions-runner\_work\xpco\xpco\sc\components\remoteviewer\smartclient\tst\zsmartclient_unittest\bin\x64\debug\net472\zsmartclient_unittest.dll" id="2b65c344-0249-bf47-6c8a-07f52bcd6a60">
      <Execution id="27ad8bf6-edc9-463a-be30-5cd2f4f3b290" />
      <TestMethod codeBase="D:\actions-runner\_work\XPCO\XPCO\SC\Components\RemoteViewer\SmartClient\tst\zSmartClient_UnitTest\bin\x64\Debug\net472\zSmartClient_UnitTest.dll" adapterTypeName="executor://mstestadapter/v2" className="SmartClient_UnitTest.VideoOS.RemoteClient.Application.Data.Offline.UnitTest.BookmarkExportReaderTest" name="BookmarkSearchTime_WithSearchStringInDifferentCases_ReturnCorrectBookmarkWithSearchStringInHeader" />
    </UnitTest>
    <UnitTest name="SmartSearchStatusType_ShouldYieldSameValuesForAllEnumValues_WhenRoundTripConverted (SearchEndTimeReached,SearchEndTimeReached)" storage="d:\actions-runner\_work\xpco\xpco\sc\components\remoteviewer\smartclient\tst\zsmartclient_unittest\bin\x64\debug\net472\zsmartclient_unittest.dll" id="454652c1-c285-915f-adae-d89d6726087e">
      <TestCategory>
        <TestCategoryItem TestCategory="RecorderProxyToDtoMapping" />
      </TestCategory>
      <Execution id="0039f2a3-8a3e-4061-bd3c-a9950b9f1cd8" />
      <TestMethod codeBase="D:\actions-runner\_work\XPCO\XPCO\SC\Components\RemoteViewer\SmartClient\tst\zSmartClient_UnitTest\bin\x64\Debug\net472\zSmartClient_UnitTest.dll" adapterTypeName="executor://mstestadapter/v2" className="VideoOS.Shared.ServerAPI.SOAP.RecorderClientMappingTests" name="SmartSearchStatusType_ShouldYieldSameValuesForAllEnumValues_WhenRoundTripConverted" />
    </UnitTest>
    <UnitTest name="SmartSearchStatusDto_ShouldYieldSameValues_WhenRoundTripConverted" storage="d:\actions-runner\_work\xpco\xpco\sc\components\remoteviewer\smartclient\tst\zsmartclient_unittest\bin\x64\debug\net472\zsmartclient_unittest.dll" id="eccb1112-d77c-887e-87bf-b7f65298e1a6">
      <TestCategory>
        <TestCategoryItem TestCategory="RecorderProxyToDtoMapping" />
      </TestCategory>
      <Execution id="bfbbcd09-c20a-40a5-8b8e-638a26a7358f" />
      <TestMethod codeBase="D:\actions-runner\_work\XPCO\XPCO\SC\Components\RemoteViewer\SmartClient\tst\zSmartClient_UnitTest\bin\x64\Debug\net472\zSmartClient_UnitTest.dll" adapterTypeName="executor://mstestadapter/v2" className="VideoOS.Shared.ServerAPI.SOAP.RecorderClientMappingTests" name="SmartSearchStatusDto_ShouldYieldSameValues_WhenRoundTripConverted" />
    </UnitTest>
    <UnitTest name="OnSearchResultsSelectionChangedByUser_ShouldUpdateSelectedResults_WhenSelectionChangedByUser" storage="d:\actions-runner\_work\xpco\xpco\sc\components\remoteviewer\smartclient\tst\zsmartclient_unittest\bin\x64\debug\net472\zsmartclient_unittest.dll" id="4d525835-86fa-0619-e484-37026867a280">
      <TestCategory>
        <TestCategoryItem TestCategory="SearchViewModels" />
      </TestCategory>
      <Execution id="095be18c-a515-4b8d-b878-bf1805cbc82b" />
      <TestMethod codeBase="D:\actions-runner\_work\XPCO\XPCO\SC\Components\RemoteViewer\SmartClient\tst\zSmartClient_UnitTest\bin\x64\Debug\net472\zSmartClient_UnitTest.dll" adapterTypeName="executor://mstestadapter/v2" className="SmartClient_UnitTest.VideoOS.RemoteClient.Plugin.CentralizedSearch.ViewModels.SearchViewModelTests" name="OnSearchResultsSelectionChangedByUser_ShouldUpdateSelectedResults_WhenSelectionChangedByUser" />
    </UnitTest>
    <UnitTest name="Deserialize_ShouldReportInvalidCombineType_WhenCombineTypeValueIsNotInEnumeration" storage="d:\actions-runner\_work\xpco\xpco\sc\components\remoteviewer\smartclient\tst\zsmartclient_unittest\bin\x64\debug\net472\zsmartclient_unittest.dll" id="a90fcb60-5904-342b-4fdf-2acce1eecc2f">
      <TestCategory>
        <TestCategoryItem TestCategory="SearchSerialization" />
      </TestCategory>
      <Execution id="b5f784dc-8f97-4f53-b9dc-4980a7078425" />
      <TestMethod codeBase="D:\actions-runner\_work\XPCO\XPCO\SC\Components\RemoteViewer\SmartClient\tst\zSmartClient_UnitTest\bin\x64\Debug\net472\zSmartClient_UnitTest.dll" adapterTypeName="executor://mstestadapter/v2" className="SmartClient_UnitTest.VideoOS.RemoteClient.Plugin.CentralizedSearch.Models.Serialization.SearchSerializerTests" name="Deserialize_ShouldReportInvalidCombineType_WhenCombineTypeValueIsNotInEnumeration" />
    </UnitTest>
    <UnitTest name="ShowPermissionDeniedToasts_ShouldShowCorrectNumberOfToasts (5,1)" storage="d:\actions-runner\_work\xpco\xpco\sc\components\remoteviewer\smartclient\tst\zsmartclient_unittest\bin\x64\debug\net472\zsmartclient_unittest.dll" id="e518f34f-e56a-1614-f28f-2cc87eda4412">
      <TestCategory>
        <TestCategoryItem TestCategory="Managers" />
      </TestCategory>
      <Execution id="17f256a1-f93f-48e5-97b7-1a0edee06ce2" />
      <TestMethod codeBase="D:\actions-runner\_work\XPCO\XPCO\SC\Components\RemoteViewer\SmartClient\tst\zSmartClient_UnitTest\bin\x64\Debug\net472\zSmartClient_UnitTest.dll" adapterTypeName="executor://mstestadapter/v2" className="SmartClient_UnitTest.VideoOS.RemoteClient.Application.Managers.ExportResultsNotificationHelperTests" name="ShowPermissionDeniedToasts_ShouldShowCorrectNumberOfToasts" />
    </UnitTest>
    <UnitTest name="IsDisabled_ShouldBeTrue_WhenIsDetachedControllerManager" storage="d:\actions-runner\_work\xpco\xpco\sc\components\remoteviewer\smartclient\tst\zsmartclient_unittest\bin\x64\debug\net472\zsmartclient_unittest.dll" id="0d4811ec-9931-fb19-edc0-7bcc796825fb">
      <TestCategory>
        <TestCategoryItem TestCategory="GisMapData.MapItem.Outputs" />
      </TestCategory>
      <Execution id="d9d6fd8c-4515-410e-abec-1290260e2050" />
      <TestMethod codeBase="D:\actions-runner\_work\XPCO\XPCO\SC\Components\RemoteViewer\SmartClient\tst\zSmartClient_UnitTest\bin\x64\Debug\net472\zSmartClient_UnitTest.dll" adapterTypeName="executor://mstestadapter/v2" className="SmartClient_UnitTest.VideoOS.RemoteClient.GisMapData.MapItem.Outputs.OutputMapItemTests" name="IsDisabled_ShouldBeTrue_WhenIsDetachedControllerManager" />
    </UnitTest>
    <UnitTest name="VideoResultSearchResult_PropertiesWhenCombinedResultSameCategoryName_CollectedAndDisplayed" storage="d:\actions-runner\_work\xpco\xpco\sc\components\remoteviewer\smartclient\tst\zsmartclient_unittest\bin\x64\debug\net472\zsmartclient_unittest.dll" id="872d533c-7618-1f1f-1814-b113065309ba">
      <TestCategory>
        <TestCategoryItem TestCategory="SearchControls" />
      </TestCategory>
      <Execution id="9cf4e04f-e635-4b17-b9cb-9b499360219b" />
      <TestMethod codeBase="D:\actions-runner\_work\XPCO\XPCO\SC\Components\RemoteViewer\SmartClient\tst\zSmartClient_UnitTest\bin\x64\Debug\net472\zSmartClient_UnitTest.dll" adapterTypeName="executor://mstestadapter/v2" className="SmartClient_UnitTest.VideoOS.RemoteClient.Plugin.CentralizedSearch.Views.Controls.SearchResultDetailsControlTests" name="VideoResultSearchResult_PropertiesWhenCombinedResultSameCategoryName_CollectedAndDisplayed" />
    </UnitTest>
    <UnitTest name="GetDomainAndUserName_ShouldReturnOnlyUserNamePartOfNetworkCredentials_WhenNetworkCredentialsContainsNoDomain" storage="d:\actions-runner\_work\xpco\xpco\sc\components\remoteviewer\smartclient\tst\zsmartclient_unittest\bin\x64\debug\net472\zsmartclient_unittest.dll" id="e5baebdf-dd33-61d2-8622-e7904797fee0">
      <TestCategory>
        <TestCategoryItem TestCategory="Authentication.ClientCredentials" />
      </TestCategory>
      <Execution id="6dbb5fac-ba15-4029-b05b-94ef7c0fad51" />
      <TestMethod codeBase="D:\actions-runner\_work\XPCO\XPCO\SC\Components\RemoteViewer\SmartClient\tst\zSmartClient_UnitTest\bin\x64\Debug\net472\zSmartClient_UnitTest.dll" adapterTypeName="executor://mstestadapter/v2" className="SmartClient_UnitTest.VideoOS.Shared.ServerAPI.ClientCredentialsTest" name="GetDomainAndUserName_ShouldReturnOnlyUserNamePartOfNetworkCredentials_WhenNetworkCredentialsContainsNoDomain" />
    </UnitTest>
    <UnitTest name="Ctor_OneBuiltInGroupDefined_OneCompositeAgentAddedAndOneStandardAgentAdded" storage="d:\actions-runner\_work\xpco\xpco\sc\components\remoteviewer\smartclient\tst\zsmartclient_unittest\bin\x64\debug\net472\zsmartclient_unittest.dll" id="6fee5694-49d5-a68c-4692-637882795255">
      <TestCategory>
        <TestCategoryItem TestCategory="ScSearchManager" />
      </TestCategory>
      <Execution id="39d13cd6-45c4-4520-acf0-a5dee8498e91" />
      <TestMethod codeBase="D:\actions-runner\_work\XPCO\XPCO\SC\Components\RemoteViewer\SmartClient\tst\zSmartClient_UnitTest\bin\x64\Debug\net472\zSmartClient_UnitTest.dll" adapterTypeName="executor://mstestadapter/v2" className="SmartClient_UnitTest.VideoOS.RemoteClient.Plugin.CentralizedSearch.MIPPlugin.ScSearchManagerTests" name="Ctor_OneBuiltInGroupDefined_OneCompositeAgentAddedAndOneStandardAgentAdded" />
    </UnitTest>
    <UnitTest name="Dispose_ShouldDisposeDeviceSelectorWindowViewModel_WhenDisposingInstance" storage="d:\actions-runner\_work\xpco\xpco\sc\components\remoteviewer\smartclient\tst\zsmartclient_unittest\bin\x64\debug\net472\zsmartclient_unittest.dll" id="3a37d654-c030-a07d-9c40-73fc97223ffe">
      <TestCategory>
        <TestCategoryItem TestCategory="GisMap.GisMapViewModel" />
      </TestCategory>
      <Execution id="d67c58c8-dcd6-4b78-9080-df8568379aac" />
      <TestMethod codeBase="D:\actions-runner\_work\XPCO\XPCO\SC\Components\RemoteViewer\SmartClient\tst\zSmartClient_UnitTest\bin\x64\Debug\net472\zSmartClient_UnitTest.dll" adapterTypeName="executor://mstestadapter/v2" className="SmartClient_UnitTest.VideoOS.RemoteClient.Plugin.GisMap.ViewModels.GisMapViewModelTests" name="Dispose_ShouldDisposeDeviceSelectorWindowViewModel_WhenDisposingInstance" />
    </UnitTest>
    <UnitTest name="Constructor_ShouldRaiseArgumentNullException_WhenLayersIsNull" storage="d:\actions-runner\_work\xpco\xpco\sc\components\remoteviewer\smartclient\tst\zsmartclient_unittest\bin\x64\debug\net472\zsmartclient_unittest.dll" id="7a16e0cb-4e01-7898-4d17-e4adaaac865e">
      <TestCategory>
        <TestCategoryItem TestCategory="GisMapData.Handlers.LayerFeatures" />
      </TestCategory>
      <Execution id="fc6e27fa-3610-4f14-9d36-cdd55f9e661d" />
      <TestMethod codeBase="D:\actions-runner\_work\XPCO\XPCO\SC\Components\RemoteViewer\SmartClient\tst\zSmartClient_UnitTest\bin\x64\Debug\net472\zSmartClient_UnitTest.dll" adapterTypeName="executor://mstestadapter/v2" className="SmartClient_UnitTest.VideoOS.RemoteClient.GisMapData.Handlers.LayerFeatures.OutputLayerFeaturesHandlerTests" name="Constructor_ShouldRaiseArgumentNullException_WhenLayersIsNull" />
    </UnitTest>
    <UnitTest name="MapLayer_LoadSave_DataIsSame" storage="d:\actions-runner\_work\xpco\xpco\sc\components\remoteviewer\smartclient\tst\zsmartclient_unittest\bin\x64\debug\net472\zsmartclient_unittest.dll" id="903924a4-7ced-4d98-9edf-15f9a7cfa0d7">
      <TestCategory>
        <TestCategoryItem TestCategory="GisMapLayer" />
      </TestCategory>
      <Execution id="a9afdcb9-6abd-4fe9-a472-a8dc5665cfff" />
      <TestMethod codeBase="D:\actions-runner\_work\XPCO\XPCO\SC\Components\RemoteViewer\SmartClient\tst\zSmartClient_UnitTest\bin\x64\Debug\net472\zSmartClient_UnitTest.dll" adapterTypeName="executor://mstestadapter/v2" className="SmartClient_UnitTest.VideoOS.RemoteClient.GisMap.MapLayers.GisMapLayerTests" name="MapLayer_LoadSave_DataIsSame" />
    </UnitTest>
    <UnitTest name="AssignPanTiltValue_WhenValueJustBelowDeadzone_ShouldReturnJustBelowCenterValue" storage="d:\actions-runner\_work\xpco\xpco\sc\components\remoteviewer\smartclient\tst\zsmartclient_unittest\bin\x64\debug\net472\zsmartclient_unittest.dll" id="39116a4a-80db-ce36-d47f-ad7c599fcdc1">
      <Execution id="e17b7108-27f6-485e-9b0d-767483edc1a4" />
      <TestMethod codeBase="D:\actions-runner\_work\XPCO\XPCO\SC\Components\RemoteViewer\SmartClient\tst\zSmartClient_UnitTest\bin\x64\Debug\net472\zSmartClient_UnitTest.dll" adapterTypeName="executor://mstestadapter/v2" className="SmartClient_UnitTest.VideoOS.RemoteClient.Plugin.JoystickSupport.JoystickDeviceTests" name="AssignPanTiltValue_WhenValueJustBelowDeadzone_ShouldReturnJustBelowCenterValue" />
    </UnitTest>
    <UnitTest name="UpdateScope_ItemsChangedWithNullScopeDuration_ReturnsTrue" storage="d:\actions-runner\_work\xpco\xpco\sc\components\remoteviewer\smartclient\tst\zsmartclient_unittest\bin\x64\debug\net472\zsmartclient_unittest.dll" id="cb87cf1a-c232-cb4e-8509-02ba48adec73">
      <TestCategory>
        <TestCategoryItem TestCategory="SearchModels" />
      </TestCategory>
      <Execution id="0651ccfb-107b-4d58-8c14-7fcc88907b5b" />
      <TestMethod codeBase="D:\actions-runner\_work\XPCO\XPCO\SC\Components\RemoteViewer\SmartClient\tst\zSmartClient_UnitTest\bin\x64\Debug\net472\zSmartClient_UnitTest.dll" adapterTypeName="executor://mstestadapter/v2" className="SmartClient_UnitTest.VideoOS.RemoteClient.Plugin.CentralizedSearch.Models.SearchScopeTests" name="UpdateScope_ItemsChangedWithNullScopeDuration_ReturnsTrue" />
    </UnitTest>
    <UnitTest name="SelectTemplate_NullViewModel_Throws" storage="d:\actions-runner\_work\xpco\xpco\sc\components\remoteviewer\smartclient\tst\zsmartclient_unittest\bin\x64\debug\net472\zsmartclient_unittest.dll" id="0b48726b-7d83-90f3-a7e6-6509817ad105">
      <TestCategory>
        <TestCategoryItem TestCategory="SearchViews" />
      </TestCategory>
      <Execution id="677c2e5d-9202-429c-a259-fe0277adfd85" />
      <TestMethod codeBase="D:\actions-runner\_work\XPCO\XPCO\SC\Components\RemoteViewer\SmartClient\tst\zSmartClient_UnitTest\bin\x64\Debug\net472\zSmartClient_UnitTest.dll" adapterTypeName="executor://mstestadapter/v2" className="SmartClient_UnitTest.VideoOS.RemoteClient.Plugin.CentralizedSearch.Views.AttributeEditControlTemplateSelectorTests" name="SelectTemplate_NullViewModel_Throws" />
    </UnitTest>
    <UnitTest name="Perform_ActionLongAfterFirst_Success" storage="d:\actions-runner\_work\xpco\xpco\sc\components\remoteviewer\smartclient\tst\zsmartclient_unittest\bin\x64\debug\net472\zsmartclient_unittest.dll" id="1cf78aaf-7e14-43de-6645-da2adf43991c">
      <TestCategory>
        <TestCategoryItem TestCategory="UI.Facilitators" />
      </TestCategory>
      <Execution id="f5e3718a-7a7f-4c07-b241-fd77bc0e4159" />
      <TestMethod codeBase="D:\actions-runner\_work\XPCO\XPCO\SC\Components\RemoteViewer\SmartClient\tst\zSmartClient_UnitTest\bin\x64\Debug\net472\zSmartClient_UnitTest.dll" adapterTypeName="executor://mstestadapter/v2" className="SmartClient_UnitTest.VideoOS.UI.Common.EventDrivenBufferWithDelayTests" name="Perform_ActionLongAfterFirst_Success" />
    </UnitTest>
    <UnitTest name="Constructor_ShouldRaiseArgumentNullException_WhenDecoratorsAreNull" storage="d:\actions-runner\_work\xpco\xpco\sc\components\remoteviewer\smartclient\tst\zsmartclient_unittest\bin\x64\debug\net472\zsmartclient_unittest.dll" id="6d237ca8-ac51-9a90-e310-d587619a886d">
      <TestCategory>
        <TestCategoryItem TestCategory="GisMap.DeviceSelectorWindow" />
      </TestCategory>
      <Execution id="b9c08c8b-8b33-4c0f-8051-121b0808e248" />
      <TestMethod codeBase="D:\actions-runner\_work\XPCO\XPCO\SC\Components\RemoteViewer\SmartClient\tst\zSmartClient_UnitTest\bin\x64\Debug\net472\zSmartClient_UnitTest.dll" adapterTypeName="executor://mstestadapter/v2" className="SmartClient_UnitTest.VideoOS.RemoteClient.Plugin.GisMap.Windows.GisMapSetup.DeviceSelectors.DeviceSelectorWindowTests" name="Constructor_ShouldRaiseArgumentNullException_WhenDecoratorsAreNull" />
    </UnitTest>
    <UnitTest name="ToUnsafeName_DifferentSeperator_Success" storage="d:\actions-runner\_work\xpco\xpco\sc\components\remoteviewer\smartclient\tst\zsmartclient_unittest\bin\x64\debug\net472\zsmartclient_unittest.dll" id="6bb54fbb-dfac-5d0a-56dc-de94512d7ee7">
      <Execution id="67a83992-e9d4-486f-943e-f26467aa6aa0" />
      <TestMethod codeBase="D:\actions-runner\_work\XPCO\XPCO\SC\Components\RemoteViewer\SmartClient\tst\zSmartClient_UnitTest\bin\x64\Debug\net472\zSmartClient_UnitTest.dll" adapterTypeName="executor://mstestadapter/v2" className="SmartClient_UnitTest.VideoOS.RemoteClient.Application.Common.Scripting.ReservedJavascriptKeywordsTests" name="ToUnsafeName_DifferentSeperator_Success" />
    </UnitTest>
    <UnitTest name="ScrollIntoView_Sync_DataContextChange_Scrolled" storage="d:\actions-runner\_work\xpco\xpco\sc\components\remoteviewer\smartclient\tst\zsmartclient_unittest\bin\x64\debug\net472\zsmartclient_unittest.dll" id="e0d78dcd-5614-964a-05ab-ebe0da0d939b">
      <TestCategory>
        <TestCategoryItem TestCategory="Search" />
      </TestCategory>
      <Execution id="f3e6beb1-d422-4317-b95f-170abb768c7e" />
      <TestMethod codeBase="D:\actions-runner\_work\XPCO\XPCO\SC\Components\RemoteViewer\SmartClient\tst\zSmartClient_UnitTest\bin\x64\Debug\net472\zSmartClient_UnitTest.dll" adapterTypeName="executor://mstestadapter/v2" className="SmartClient_UnitTest.VideoOS.RemoteClient.Plugin.CentralizedSearch.Views.CriteriaViewTests" name="ScrollIntoView_Sync_DataContextChange_Scrolled" />
    </UnitTest>
    <UnitTest name="NavigateAndSelectAsync_CameraKind_CallDelegatedToViewModel" storage="d:\actions-runner\_work\xpco\xpco\sc\components\remoteviewer\smartclient\tst\zsmartclient_unittest\bin\x64\debug\net472\zsmartclient_unittest.dll" id="73f202f0-6b9c-f5c0-5b33-e4aa7777d3dd">
      <TestCategory>
        <TestCategoryItem TestCategory="GisMap.GisMapViewFacade" />
      </TestCategory>
      <Execution id="4fe70f03-6408-471f-a23c-b8109232d651" />
      <TestMethod codeBase="D:\actions-runner\_work\XPCO\XPCO\SC\Components\RemoteViewer\SmartClient\tst\zSmartClient_UnitTest\bin\x64\Debug\net472\zSmartClient_UnitTest.dll" adapterTypeName="executor://mstestadapter/v2" className="SmartClient_UnitTest.VideoOS.RemoteClient.Plugin.GisMap.IoC.GisMapViewFacadeTests" name="NavigateAndSelectAsync_CameraKind_CallDelegatedToViewModel" />
    </UnitTest>
    <UnitTest name="PtzSessionControllerInfo_ReservedChangedTest_Argument_Null_1" storage="d:\actions-runner\_work\xpco\xpco\sc\components\remoteviewer\smartclient\tst\zsmartclient_unittest\bin\x64\debug\net472\zsmartclient_unittest.dll" id="047ae752-4baa-4950-c45b-96826b207ed0">
      <Execution id="0fe9efb9-ce64-4cbf-965a-8b1155228b35" />
      <TestMethod codeBase="D:\actions-runner\_work\XPCO\XPCO\SC\Components\RemoteViewer\SmartClient\tst\zSmartClient_UnitTest\bin\x64\Debug\net472\zSmartClient_UnitTest.dll" adapterTypeName="executor://mstestadapter/v2" className="VideoOS.RemoteClient.Application.Controllers.UnitTest.PtzSessionControllerTest" name="PtzSessionControllerInfo_ReservedChangedTest_Argument_Null_1" />
    </UnitTest>
    <UnitTest name="SearchResultsActionBarActions_Export_InvokeCommand_Success" storage="d:\actions-runner\_work\xpco\xpco\sc\components\remoteviewer\smartclient\tst\zsmartclient_unittest\bin\x64\debug\net472\zsmartclient_unittest.dll" id="b1732416-dfe0-9e87-af0e-b787555e9f9f">
      <TestCategory>
        <TestCategoryItem TestCategory="SearchResultActionBarViewModel" />
      </TestCategory>
      <Execution id="9d7cd534-ecec-4412-8784-1c756eb01edd" />
      <TestMethod codeBase="D:\actions-runner\_work\XPCO\XPCO\SC\Components\RemoteViewer\SmartClient\tst\zSmartClient_UnitTest\bin\x64\Debug\net472\zSmartClient_UnitTest.dll" adapterTypeName="executor://mstestadapter/v2" className="SmartClient_UnitTest.VideoOS.RemoteClient.Plugin.CentralizedSearch.ViewModels.SearchResultsActionBarViewModelTest" name="SearchResultsActionBarActions_Export_InvokeCommand_Success" />
    </UnitTest>
    <UnitTest name="TestUpdateState_SmartWallViewType" storage="d:\actions-runner\_work\xpco\xpco\sc\components\remoteviewer\smartclient\tst\zsmartclient_unittest\bin\x64\debug\net472\zsmartclient_unittest.dll" id="bf66e757-0492-e485-8a4b-fc8c1a4bef3b">
      <TestCategory>
        <TestCategoryItem TestCategory="WorkspaceToolbar" />
      </TestCategory>
      <Execution id="1a811413-efd5-428f-b279-7fadb4c423f0" />
      <TestMethod codeBase="D:\actions-runner\_work\XPCO\XPCO\SC\Components\RemoteViewer\SmartClient\tst\zSmartClient_UnitTest\bin\x64\Debug\net472\zSmartClient_UnitTest.dll" adapterTypeName="executor://mstestadapter/v2" className="SmartClient_UnitTest.VideoOS.RemoteClient.Application.Data.WorkspaceToolbar.WorkspaceToolbarItemSmartSearchTests" name="TestUpdateState_SmartWallViewType" />
    </UnitTest>
    <UnitTest name="GetIsOpenStreetMapValid_ShouldReturnFalse_WhenGeographicLayerIsUnavailableAndAlternativeServerIsEmpty" storage="d:\actions-runner\_work\xpco\xpco\sc\components\remoteviewer\smartclient\tst\zsmartclient_unittest\bin\x64\debug\net472\zsmartclient_unittest.dll" id="fb9b6cec-ea3c-18e4-a458-d89d0dfaac9b">
      <TestCategory>
        <TestCategoryItem TestCategory="GisMapData.Controllers.Osm" />
      </TestCategory>
      <Execution id="277ea7bc-db2b-402b-94d9-6147538f664b" />
      <TestMethod codeBase="D:\actions-runner\_work\XPCO\XPCO\SC\Components\RemoteViewer\SmartClient\tst\zSmartClient_UnitTest\bin\x64\Debug\net472\zSmartClient_UnitTest.dll" adapterTypeName="executor://mstestadapter/v2" className="SmartClient_UnitTest.VideoOS.RemoteClient.GisMapData.Controllers.Osm.GisMapOsmControllerTests" name="GetIsOpenStreetMapValid_ShouldReturnFalse_WhenGeographicLayerIsUnavailableAndAlternativeServerIsEmpty" />
    </UnitTest>
    <UnitTest name="MulticastInfoDto_ShouldYieldSameValues_WhenRoundTripConverted" storage="d:\actions-runner\_work\xpco\xpco\sc\components\remoteviewer\smartclient\tst\zsmartclient_unittest\bin\x64\debug\net472\zsmartclient_unittest.dll" id="fcff554d-34c8-97ff-ebce-88a9ec7d660a">
      <TestCategory>
        <TestCategoryItem TestCategory="RecorderProxyToDtoMapping" />
      </TestCategory>
      <Execution id="f00c8b03-dfce-4103-8901-3ebf13dff696" />
      <TestMethod codeBase="D:\actions-runner\_work\XPCO\XPCO\SC\Components\RemoteViewer\SmartClient\tst\zSmartClient_UnitTest\bin\x64\Debug\net472\zSmartClient_UnitTest.dll" adapterTypeName="executor://mstestadapter/v2" className="VideoOS.Shared.ServerAPI.SOAP.RecorderClientMappingTests" name="MulticastInfoDto_ShouldYieldSameValues_WhenRoundTripConverted" />
    </UnitTest>
    <UnitTest name="FocussedSearchResult_FocussedSearchResultIsKeptWhenShowPartialResultsChanges" storage="d:\actions-runner\_work\xpco\xpco\sc\components\remoteviewer\smartclient\tst\zsmartclient_unittest\bin\x64\debug\net472\zsmartclient_unittest.dll" id="f482a2f5-ee23-f9e4-c2fa-729d4fc94abb">
      <TestCategory>
        <TestCategoryItem TestCategory="SearchViewModels" />
      </TestCategory>
      <Execution id="9b83288d-e23b-45bd-ab2f-adb52c581496" />
      <TestMethod codeBase="D:\actions-runner\_work\XPCO\XPCO\SC\Components\RemoteViewer\SmartClient\tst\zSmartClient_UnitTest\bin\x64\Debug\net472\zSmartClient_UnitTest.dll" adapterTypeName="executor://mstestadapter/v2" className="SmartClient_UnitTest.VideoOS.RemoteClient.Plugin.CentralizedSearch.ViewModels.SearchViewModelTests" name="FocussedSearchResult_FocussedSearchResultIsKeptWhenShowPartialResultsChanges" />
    </UnitTest>
    <UnitTest name="SearchTemplatesEnabled_SaveSearchesServerOptionIsTrue_ReturnsTrue" storage="d:\actions-runner\_work\xpco\xpco\sc\components\remoteviewer\smartclient\tst\zsmartclient_unittest\bin\x64\debug\net472\zsmartclient_unittest.dll" id="56ff3fa9-0890-e06e-62f8-d4c54f830dfc">
      <TestCategory>
        <TestCategoryItem TestCategory="SearchViewModels" />
      </TestCategory>
      <Execution id="7287aae2-e2f1-497c-b1a1-7b87e4f2b9c3" />
      <TestMethod codeBase="D:\actions-runner\_work\XPCO\XPCO\SC\Components\RemoteViewer\SmartClient\tst\zSmartClient_UnitTest\bin\x64\Debug\net472\zSmartClient_UnitTest.dll" adapterTypeName="executor://mstestadapter/v2" className="SmartClient_UnitTest.VideoOS.RemoteClient.Plugin.CentralizedSearch.ViewModels.SearchViewModelTests" name="SearchTemplatesEnabled_SaveSearchesServerOptionIsTrue_ReturnsTrue" />
    </UnitTest>
    <UnitTest name="UpdateItemState_Hidden_WrongServerProtocol" storage="d:\actions-runner\_work\xpco\xpco\sc\components\remoteviewer\smartclient\tst\zsmartclient_unittest\bin\x64\debug\net472\zsmartclient_unittest.dll" id="abb67912-1d6f-1304-0ce6-d0a01fbfb2dc">
      <TestCategory>
        <TestCategoryItem TestCategory="ContentHolderToolbar" />
      </TestCategory>
      <Execution id="a4446c2d-49e1-4193-87fe-cf7aa18d0774" />
      <TestMethod codeBase="D:\actions-runner\_work\XPCO\XPCO\SC\Components\RemoteViewer\SmartClient\tst\zSmartClient_UnitTest\bin\x64\Debug\net472\zSmartClient_UnitTest.dll" adapterTypeName="executor://mstestadapter/v2" className="SmartClient_UnitTest.VideoOS.RemoteClient.Application.Data.ContentHolderToolbar.ToolBarItemSearchTests" name="UpdateItemState_Hidden_WrongServerProtocol" />
    </UnitTest>
    <UnitTest name="SupportsDoubleClick_ShouldBeFalse_WhenInteractionStateIsNormalAndNotInSetupMode" storage="d:\actions-runner\_work\xpco\xpco\sc\components\remoteviewer\smartclient\tst\zsmartclient_unittest\bin\x64\debug\net472\zsmartclient_unittest.dll" id="59476004-430a-3b34-3bb3-3229ecde9f89">
      <TestCategory>
        <TestCategoryItem TestCategory="GisMap.LegacyLinkMarker" />
      </TestCategory>
      <Execution id="7e44639c-38f2-4867-b95a-110e3969f49f" />
      <TestMethod codeBase="D:\actions-runner\_work\XPCO\XPCO\SC\Components\RemoteViewer\SmartClient\tst\zSmartClient_UnitTest\bin\x64\Debug\net472\zSmartClient_UnitTest.dll" adapterTypeName="executor://mstestadapter/v2" className="SmartClient_UnitTest.VideoOS.RemoteClient.Plugin.GisMap.ThinkGeoMap.Markers.LegacyLinkMarker.LegacyLinkMarkerTests" name="SupportsDoubleClick_ShouldBeFalse_WhenInteractionStateIsNormalAndNotInSetupMode" />
    </UnitTest>
    <UnitTest name="Initialize_ShouldAttachOptionChanged_WhenAllowOnlyFipsAlgorithmsIsFalse" storage="d:\actions-runner\_work\xpco\xpco\sc\components\remoteviewer\smartclient\tst\zsmartclient_unittest\bin\x64\debug\net472\zsmartclient_unittest.dll" id="283f9f13-cb3e-1218-3fcd-08b263d8e990">
      <TestCategory>
        <TestCategoryItem TestCategory="AccessControl" />
      </TestCategory>
      <Execution id="3857e95e-e97e-4f1d-bd68-acc195420768" />
      <TestMethod codeBase="D:\actions-runner\_work\XPCO\XPCO\SC\Components\RemoteViewer\SmartClient\tst\zSmartClient_UnitTest\bin\x64\Debug\net472\zSmartClient_UnitTest.dll" adapterTypeName="executor://mstestadapter/v2" className="SmartClient_UnitTest.VideoOS.RemoteClient.AccessControl.AccessControlManagerCoreTests" name="Initialize_ShouldAttachOptionChanged_WhenAllowOnlyFipsAlgorithmsIsFalse" />
    </UnitTest>
    <UnitTest name="GisMapModel_Save_Success" storage="d:\actions-runner\_work\xpco\xpco\sc\components\remoteviewer\smartclient\tst\zsmartclient_unittest\bin\x64\debug\net472\zsmartclient_unittest.dll" id="e9266c48-cfc4-e144-1936-f643e910fdf5">
      <TestCategory>
        <TestCategoryItem TestCategory="GisMap" />
      </TestCategory>
      <Execution id="f1cbf373-18bb-4261-8cab-68b01c435f80" />
      <TestMethod codeBase="D:\actions-runner\_work\XPCO\XPCO\SC\Components\RemoteViewer\SmartClient\tst\zSmartClient_UnitTest\bin\x64\Debug\net472\zSmartClient_UnitTest.dll" adapterTypeName="executor://mstestadapter/v2" className="SmartClient_UnitTest.VideoOS.RemoteClient.GisMapData.GisMapBasicTests" name="GisMapModel_Save_Success" />
    </UnitTest>
    <UnitTest name="UserHasEditPublicSearchPermission_HasEditPermission_ReturnsTrue" storage="d:\actions-runner\_work\xpco\xpco\sc\components\remoteviewer\smartclient\tst\zsmartclient_unittest\bin\x64\debug\net472\zsmartclient_unittest.dll" id="299b8bc8-9ed0-5ee6-8aa2-46e5da15a4a2">
      <TestCategory>
        <TestCategoryItem TestCategory="SearchTemplates" />
      </TestCategory>
      <Execution id="ac59c9cc-f0f1-4dad-a603-4af7de6284c5" />
      <TestMethod codeBase="D:\actions-runner\_work\XPCO\XPCO\SC\Components\RemoteViewer\SmartClient\tst\zSmartClient_UnitTest\bin\x64\Debug\net472\zSmartClient_UnitTest.dll" adapterTypeName="executor://mstestadapter/v2" className="SmartClient_UnitTest.VideoOS.RemoteClient.Plugin.CentralizedSearch.SearchTemplates.SearchTemplateManagerTests" name="UserHasEditPublicSearchPermission_HasEditPermission_ReturnsTrue" />
    </UnitTest>
    <UnitTest name="LoadBoundingShapes_RectangleShapeWithNegativeHeight_NotAddedToUI" storage="d:\actions-runner\_work\xpco\xpco\sc\components\remoteviewer\smartclient\tst\zsmartclient_unittest\bin\x64\debug\net472\zsmartclient_unittest.dll" id="ece9c0c6-7f24-79de-902b-ae084a6701cb">
      <Execution id="8fc3af69-f075-4708-9114-cb1d8999ba68" />
      <TestMethod codeBase="D:\actions-runner\_work\XPCO\XPCO\SC\Components\RemoteViewer\SmartClient\tst\zSmartClient_UnitTest\bin\x64\Debug\net472\zSmartClient_UnitTest.dll" adapterTypeName="executor://mstestadapter/v2" className="SmartClient_UnitTest.VideoOS.RemoteClient.Plugin.CentralizedSearch.MIPPlugin.Results.VideoSearchResultUserControlTests" name="LoadBoundingShapes_RectangleShapeWithNegativeHeight_NotAddedToUI" />
    </UnitTest>
    <UnitTest name="SearchResultsActionBarActions_CreateSnapshot_OptionAvailable_Enabled" storage="d:\actions-runner\_work\xpco\xpco\sc\components\remoteviewer\smartclient\tst\zsmartclient_unittest\bin\x64\debug\net472\zsmartclient_unittest.dll" id="c4b0d9bd-4b80-996e-41b7-0bd28fc67a52">
      <TestCategory>
        <TestCategoryItem TestCategory="SearchResultActionBarViewModel" />
      </TestCategory>
      <Execution id="944526ba-614d-47ef-841f-2fc8a19b3668" />
      <TestMethod codeBase="D:\actions-runner\_work\XPCO\XPCO\SC\Components\RemoteViewer\SmartClient\tst\zSmartClient_UnitTest\bin\x64\Debug\net472\zSmartClient_UnitTest.dll" adapterTypeName="executor://mstestadapter/v2" className="SmartClient_UnitTest.VideoOS.RemoteClient.Plugin.CentralizedSearch.ViewModels.SearchResultsActionBarViewModelTest" name="SearchResultsActionBarActions_CreateSnapshot_OptionAvailable_Enabled" />
    </UnitTest>
    <UnitTest name="PtzPresetsMenuViewModel_PtzReservedByCurrentUserTest" storage="d:\actions-runner\_work\xpco\xpco\sc\components\remoteviewer\smartclient\tst\zsmartclient_unittest\bin\x64\debug\net472\zsmartclient_unittest.dll" id="eaeacd17-7709-0ad4-3782-3c779da7e956">
      <Execution id="f9425d76-8006-4aad-b1f5-7950beb50fd4" />
      <TestMethod codeBase="D:\actions-runner\_work\XPCO\XPCO\SC\Components\RemoteViewer\SmartClient\tst\zSmartClient_UnitTest\bin\x64\Debug\net472\zSmartClient_UnitTest.dll" adapterTypeName="executor://mstestadapter/v2" className="SmartClient_UnitTest.VideoOS.RemoteClient.Application.Data.ContentTypes.CameraContentType.PtzPresetsMenuViewModelTest" name="PtzPresetsMenuViewModel_PtzReservedByCurrentUserTest" />
    </UnitTest>
    <UnitTest name="CreateSearchTemplateAsync_Null_Failure" storage="d:\actions-runner\_work\xpco\xpco\sc\components\remoteviewer\smartclient\tst\zsmartclient_unittest\bin\x64\debug\net472\zsmartclient_unittest.dll" id="55f2a393-6280-6aa0-15de-d20389e1fd9f">
      <TestCategory>
        <TestCategoryItem TestCategory="SearchTemplatesService" />
      </TestCategory>
      <Execution id="919f1f7d-91cc-4f63-8c61-acc0227f875a" />
      <TestMethod codeBase="D:\actions-runner\_work\XPCO\XPCO\SC\Components\RemoteViewer\SmartClient\tst\zSmartClient_UnitTest\bin\x64\Debug\net472\zSmartClient_UnitTest.dll" adapterTypeName="executor://mstestadapter/v2" className="SmartClient_UnitTest.VideoOS.RemoteClient.Plugin.CentralizedSearch.SearchTemplates.Service.SearchTemplateServiceTests" name="CreateSearchTemplateAsync_Null_Failure" />
    </UnitTest>
    <UnitTest name="AddSelectedWindowsToExport_ShouldShowCorrectToastMessages (5,0,0)" storage="d:\actions-runner\_work\xpco\xpco\sc\components\remoteviewer\smartclient\tst\zsmartclient_unittest\bin\x64\debug\net472\zsmartclient_unittest.dll" id="2d789d28-e6a7-138d-5118-90d326f34b7e">
      <TestCategory>
        <TestCategoryItem TestCategory="Managers" />
      </TestCategory>
      <Execution id="6ffff366-c1c5-48d2-841a-a6f49471612f" />
      <TestMethod codeBase="D:\actions-runner\_work\XPCO\XPCO\SC\Components\RemoteViewer\SmartClient\tst\zSmartClient_UnitTest\bin\x64\Debug\net472\zSmartClient_UnitTest.dll" adapterTypeName="executor://mstestadapter/v2" className="SmartClient_UnitTest.VideoOS.RemoteClient.Application.Managers.ExportManagerTests" name="AddSelectedWindowsToExport_ShouldShowCorrectToastMessages" />
    </UnitTest>
    <UnitTest name="OnMarkerSelected_ShouldAddMarkerToSelectionButNotStartInPlaceEditing_WhenExistingSelectionAndAddToSelectionIsTrue" storage="d:\actions-runner\_work\xpco\xpco\sc\components\remoteviewer\smartclient\tst\zsmartclient_unittest\bin\x64\debug\net472\zsmartclient_unittest.dll" id="6681258b-ffc2-f0da-0c92-25b111f465fa">
      <TestCategory>
        <TestCategoryItem TestCategory="SmartMap.SelectionHelper" />
      </TestCategory>
      <Execution id="3b18c607-016e-4efc-b290-d9e9bc8cfe42" />
      <TestMethod codeBase="D:\actions-runner\_work\XPCO\XPCO\SC\Components\RemoteViewer\SmartClient\tst\zSmartClient_UnitTest\bin\x64\Debug\net472\zSmartClient_UnitTest.dll" adapterTypeName="executor://mstestadapter/v2" className="SmartClient_UnitTest.VideoOS.RemoteClient.Plugin.GisMap.ThinkGeoMap.SpecializedOverlays.Overlays.SelectionHelperTests" name="OnMarkerSelected_ShouldAddMarkerToSelectionButNotStartInPlaceEditing_WhenExistingSelectionAndAddToSelectionIsTrue" />
    </UnitTest>
    <UnitTest name="DetermineUserAllowsUnsecureConnection_WhereUserIsNotAskedAndUnsecureIsNotAllow_ShouldReturnFalse" storage="d:\actions-runner\_work\xpco\xpco\sc\components\remoteviewer\smartclient\tst\zsmartclient_unittest\bin\x64\debug\net472\zsmartclient_unittest.dll" id="e9b6f05b-8b63-04bd-4d02-75ef2000b3a9">
      <Execution id="649eb12d-f5ec-4885-97a5-63aef4e3ec9a" />
      <TestMethod codeBase="D:\actions-runner\_work\XPCO\XPCO\SC\Components\RemoteViewer\SmartClient\tst\zSmartClient_UnitTest\bin\x64\Debug\net472\zSmartClient_UnitTest.dll" adapterTypeName="executor://mstestadapter/v2" className="VideoOS.RemoteClient.Application.Managers.UnitTest.AllowUnsecureConnectionManagerTests" name="DetermineUserAllowsUnsecureConnection_WhereUserIsNotAskedAndUnsecureIsNotAllow_ShouldReturnFalse" />
    </UnitTest>
    <UnitTest name="SearchAction_BrowseMode_30MinutesInTheFuture" storage="d:\actions-runner\_work\xpco\xpco\sc\components\remoteviewer\smartclient\tst\zsmartclient_unittest\bin\x64\debug\net472\zsmartclient_unittest.dll" id="61320e3d-b3bf-23f6-1c7c-0aea9f2fda01">
      <TestCategory>
        <TestCategoryItem TestCategory="ContentHolderToolbar" />
      </TestCategory>
      <Execution id="2bd0f7b1-b453-4f6e-8ed4-deeae13437af" />
      <TestMethod codeBase="D:\actions-runner\_work\XPCO\XPCO\SC\Components\RemoteViewer\SmartClient\tst\zSmartClient_UnitTest\bin\x64\Debug\net472\zSmartClient_UnitTest.dll" adapterTypeName="executor://mstestadapter/v2" className="SmartClient_UnitTest.VideoOS.RemoteClient.Application.Data.ContentHolderToolbar.ToolBarItemSearchTests" name="SearchAction_BrowseMode_30MinutesInTheFuture" />
    </UnitTest>
    <UnitTest name="AddToExportTuples_ShouldReturnCorrectResult (0,1,1)" storage="d:\actions-runner\_work\xpco\xpco\sc\components\remoteviewer\smartclient\tst\zsmartclient_unittest\bin\x64\debug\net472\zsmartclient_unittest.dll" id="f91b226d-2b49-7c62-7356-ad2379db1ec6">
      <TestCategory>
        <TestCategoryItem TestCategory="Managers" />
      </TestCategory>
      <Execution id="b678874d-d8d9-458f-9543-944fca1dd9ca" />
      <TestMethod codeBase="D:\actions-runner\_work\XPCO\XPCO\SC\Components\RemoteViewer\SmartClient\tst\zSmartClient_UnitTest\bin\x64\Debug\net472\zSmartClient_UnitTest.dll" adapterTypeName="executor://mstestadapter/v2" className="SmartClient_UnitTest.VideoOS.RemoteClient.Application.Managers.ExportManagerTests" name="AddToExportTuples_ShouldReturnCorrectResult" />
    </UnitTest>
    <UnitTest name="DeviceIcons_ShouldNotBeNull_WhenCalled" storage="d:\actions-runner\_work\xpco\xpco\sc\components\remoteviewer\smartclient\tst\zsmartclient_unittest\bin\x64\debug\net472\zsmartclient_unittest.dll" id="e087b5f0-3763-6f36-256a-40fa9b7a8fcb">
      <TestCategory>
        <TestCategoryItem TestCategory="GisMapData.CameraOemResourcesProviderTests" />
      </TestCategory>
      <Execution id="9f73d870-260e-415f-b437-7da528269ede" />
      <TestMethod codeBase="D:\actions-runner\_work\XPCO\XPCO\SC\Components\RemoteViewer\SmartClient\tst\zSmartClient_UnitTest\bin\x64\Debug\net472\zSmartClient_UnitTest.dll" adapterTypeName="executor://mstestadapter/v2" className="SmartClient_UnitTest.VideoOS.RemoteClient.GisMapData.Resources.CameraOemResourcesProviderTests" name="DeviceIcons_ShouldNotBeNull_WhenCalled" />
    </UnitTest>
    <UnitTest name="SmartMapGetPositionRequestHandler_WhenDataIsNotSmartMapGetPositionRequestData_ShouldWriteToLog" storage="d:\actions-runner\_work\xpco\xpco\sc\components\remoteviewer\smartclient\tst\zsmartclient_unittest\bin\x64\debug\net472\zsmartclient_unittest.dll" id="5fd77bc3-628f-79b5-9bc7-14dea7ab0867">
      <Execution id="c1cd1b02-d3ee-4cee-b8cd-ccfb38eabf95" />
      <TestMethod codeBase="D:\actions-runner\_work\XPCO\XPCO\SC\Components\RemoteViewer\SmartClient\tst\zSmartClient_UnitTest\bin\x64\Debug\net472\zSmartClient_UnitTest.dll" adapterTypeName="executor://mstestadapter/v2" className="SmartClient_UnitTest.VideoOS.RemoteClient.Plugin.GisMap.MIP.ContentHolderMipMessageManagerTests" name="SmartMapGetPositionRequestHandler_WhenDataIsNotSmartMapGetPositionRequestData_ShouldWriteToLog" />
    </UnitTest>
    <UnitTest name="GetFeatures_CameraMapItemsLayer_FeaturesCollected" storage="d:\actions-runner\_work\xpco\xpco\sc\components\remoteviewer\smartclient\tst\zsmartclient_unittest\bin\x64\debug\net472\zsmartclient_unittest.dll" id="8c7cfc0f-91dd-5926-50e6-959c77c2ec34">
      <TestCategory>
        <TestCategoryItem TestCategory="GisMap" />
      </TestCategory>
      <Execution id="e3335250-d176-4895-9ea0-e320046653aa" />
      <TestMethod codeBase="D:\actions-runner\_work\XPCO\XPCO\SC\Components\RemoteViewer\SmartClient\tst\zSmartClient_UnitTest\bin\x64\Debug\net472\zSmartClient_UnitTest.dll" adapterTypeName="executor://mstestadapter/v2" className="SmartClient_UnitTest.VideoOS.RemoteClient.GisMapData.GisMapBasicTests" name="GetFeatures_CameraMapItemsLayer_FeaturesCollected" />
    </UnitTest>
    <UnitTest name="AssignPanTiltValue_WhenValueIsOutsideDeadzone_ShouldReturnCenterValue" storage="d:\actions-runner\_work\xpco\xpco\sc\components\remoteviewer\smartclient\tst\zsmartclient_unittest\bin\x64\debug\net472\zsmartclient_unittest.dll" id="dacf30eb-2932-4de8-bb63-28183a1f0765">
      <Execution id="07913e91-1422-4477-a127-5feae235cc91" />
      <TestMethod codeBase="D:\actions-runner\_work\XPCO\XPCO\SC\Components\RemoteViewer\SmartClient\tst\zSmartClient_UnitTest\bin\x64\Debug\net472\zSmartClient_UnitTest.dll" adapterTypeName="executor://mstestadapter/v2" className="SmartClient_UnitTest.VideoOS.RemoteClient.Plugin.JoystickSupport.JoystickDeviceTests" name="AssignPanTiltValue_WhenValueIsOutsideDeadzone_ShouldReturnCenterValue" />
    </UnitTest>
    <UnitTest name="Yesterday_Success" storage="d:\actions-runner\_work\xpco\xpco\sc\components\remoteviewer\smartclient\tst\zsmartclient_unittest\bin\x64\debug\net472\zsmartclient_unittest.dll" id="7b69f7ac-73d5-55bc-5045-f13549ae846c">
      <TestCategory>
        <TestCategoryItem TestCategory="Search" />
      </TestCategory>
      <Execution id="ab2cc1b0-189e-4903-a882-46d1916798a6" />
      <TestMethod codeBase="D:\actions-runner\_work\XPCO\XPCO\SC\Components\RemoteViewer\SmartClient\tst\zSmartClient_UnitTest\bin\x64\Debug\net472\zSmartClient_UnitTest.dll" adapterTypeName="executor://mstestadapter/v2" className="SmartClient_UnitTest.VideoOS.RemoteClient.Plugin.CentralizedSearch.Models.ScopeDurationTests" name="Yesterday_Success" />
    </UnitTest>
    <UnitTest name="Connect_WhenMajorServerVersionIs13AndMinorServerVersionIs2_ShouldCreateOldSchClient" storage="d:\actions-runner\_work\xpco\xpco\sc\components\remoteviewer\smartclient\tst\zsmartclient_unittest\bin\x64\debug\net472\zsmartclient_unittest.dll" id="a466016b-4a7a-12db-67a6-4d7bfdd8044c">
      <Execution id="68818ed9-13cc-4835-8911-ccb923380322" />
      <TestMethod codeBase="D:\actions-runner\_work\XPCO\XPCO\SC\Components\RemoteViewer\SmartClient\tst\zSmartClient_UnitTest\bin\x64\Debug\net472\zSmartClient_UnitTest.dll" adapterTypeName="executor://mstestadapter/v2" className="VideoOS.Shared.ServerAPI.ServiceChannel.UnitTest.ServiceChannelCommandServiceTests" name="Connect_WhenMajorServerVersionIs13AndMinorServerVersionIs2_ShouldCreateOldSchClient" />
    </UnitTest>
    <UnitTest name="TestForAssemblyCoverage" storage="d:\actions-runner\_work\xpco\xpco\sc\components\remoteviewer\smartclient\tst\zsmartclient_unittest\bin\x64\debug\net472\zsmartclient_unittest.dll" id="7b7ac52a-fd20-eae1-4eee-941b2f9ad41c">
      <Execution id="2f982d75-e149-4c7e-8143-40b816adae62" />
      <TestMethod codeBase="D:\actions-runner\_work\XPCO\XPCO\SC\Components\RemoteViewer\SmartClient\tst\zSmartClient_UnitTest\bin\x64\Debug\net472\zSmartClient_UnitTest.dll" adapterTypeName="executor://mstestadapter/v2" className="SmartClient_UnitTest.VideoOS.RemoteClient.Plugin.AdvKeyControl.UnitTest1" name="TestForAssemblyCoverage" />
    </UnitTest>
    <UnitTest name="AddResults_ExcludePartialResults_TwoPartialResult_Success" storage="d:\actions-runner\_work\xpco\xpco\sc\components\remoteviewer\smartclient\tst\zsmartclient_unittest\bin\x64\debug\net472\zsmartclient_unittest.dll" id="b00af7f0-604c-fe77-ba1c-c7a5845e3353">
      <TestCategory>
        <TestCategoryItem TestCategory="SearchResultsPreprocessor.PartialResults" />
      </TestCategory>
      <Execution id="0e652885-10fa-4fe9-a9ce-c2841d4604f2" />
      <TestMethod codeBase="D:\actions-runner\_work\XPCO\XPCO\SC\Components\RemoteViewer\SmartClient\tst\zSmartClient_UnitTest\bin\x64\Debug\net472\zSmartClient_UnitTest.dll" adapterTypeName="executor://mstestadapter/v2" className="SmartClient_UnitTest.VideoOS.RemoteClient.Plugin.CentralizedSearch.Models.SearchResultsPreprocessorTests" name="AddResults_ExcludePartialResults_TwoPartialResult_Success" />
    </UnitTest>
    <UnitTest name="PtzSessionControllerInfo_TimeChangedTest_Different_Timeout" storage="d:\actions-runner\_work\xpco\xpco\sc\components\remoteviewer\smartclient\tst\zsmartclient_unittest\bin\x64\debug\net472\zsmartclient_unittest.dll" id="5f62afcf-78b1-cf27-ec49-8afca2d6fc38">
      <Execution id="ceec1c39-00eb-444f-9ed9-579cace01463" />
      <TestMethod codeBase="D:\actions-runner\_work\XPCO\XPCO\SC\Components\RemoteViewer\SmartClient\tst\zSmartClient_UnitTest\bin\x64\Debug\net472\zSmartClient_UnitTest.dll" adapterTypeName="executor://mstestadapter/v2" className="VideoOS.RemoteClient.Application.Controllers.UnitTest.PtzSessionControllerTest" name="PtzSessionControllerInfo_TimeChangedTest_Different_Timeout" />
    </UnitTest>
    <UnitTest name="WhenActionExecutedWithAlarmsForSoSubscribedObserverThenNoObserverNotified" storage="d:\actions-runner\_work\xpco\xpco\sc\components\remoteviewer\smartclient\tst\zsmartclient_unittest\bin\x64\debug\net472\zsmartclient_unittest.dll" id="a9a49dd9-77fa-e02e-a80e-c665ef39753c">
      <Execution id="fb7633a7-b14a-41ca-a48f-388cbd572b69" />
      <TestMethod codeBase="D:\actions-runner\_work\XPCO\XPCO\SC\Components\RemoteViewer\SmartClient\tst\zSmartClient_UnitTest\bin\x64\Debug\net472\zSmartClient_UnitTest.dll" adapterTypeName="executor://mstestadapter/v2" className="SmartClient_UnitTest.VideoOS.RemoteClient.GisMapData.Common.AlarmObservableTest" name="WhenActionExecutedWithAlarmsForSoSubscribedObserverThenNoObserverNotified" />
    </UnitTest>
    <UnitTest name="Dispose_ShouldCloseAndRelease_WhenInvoked" storage="d:\actions-runner\_work\xpco\xpco\sc\components\remoteviewer\smartclient\tst\zsmartclient_unittest\bin\x64\debug\net472\zsmartclient_unittest.dll" id="2ee6bce4-4d10-a7ff-ad46-044be6c8e9a0">
      <TestCategory>
        <TestCategoryItem TestCategory="SmartMap.MapItemsOverlay" />
      </TestCategory>
      <Execution id="c85a8f78-d29a-4e4f-be9a-2fcdf8634a9a" />
      <TestMethod codeBase="D:\actions-runner\_work\XPCO\XPCO\SC\Components\RemoteViewer\SmartClient\tst\zSmartClient_UnitTest\bin\x64\Debug\net472\zSmartClient_UnitTest.dll" adapterTypeName="executor://mstestadapter/v2" className="SmartClient_UnitTest.VideoOS.RemoteClient.Plugin.GisMap.ThinkGeoMap.SpecializedOverlays.Overlays.MapItemsOverlayTests" name="Dispose_ShouldCloseAndRelease_WhenInvoked" />
    </UnitTest>
    <UnitTest name="GetUtcToday_DifferentTimeZoneDst_Success" storage="d:\actions-runner\_work\xpco\xpco\sc\components\remoteviewer\smartclient\tst\zsmartclient_unittest\bin\x64\debug\net472\zsmartclient_unittest.dll" id="7c80c5ff-8206-70cb-2a46-eb970cd4a208">
      <TestCategory>
        <TestCategoryItem TestCategory="Search" />
      </TestCategory>
      <Execution id="afe81937-2c76-415d-b7f0-d88ea178ab9b" />
      <TestMethod codeBase="D:\actions-runner\_work\XPCO\XPCO\SC\Components\RemoteViewer\SmartClient\tst\zSmartClient_UnitTest\bin\x64\Debug\net472\zSmartClient_UnitTest.dll" adapterTypeName="executor://mstestadapter/v2" className="SmartClient_UnitTest.VideoOS.RemoteClient.Plugin.CentralizedSearch.ViewModels.Data.TimeScopeTests" name="GetUtcToday_DifferentTimeZoneDst_Success" />
    </UnitTest>
    <UnitTest name="SearchAction_BrowseMode_30MinutesInThePast" storage="d:\actions-runner\_work\xpco\xpco\sc\components\remoteviewer\smartclient\tst\zsmartclient_unittest\bin\x64\debug\net472\zsmartclient_unittest.dll" id="da81eaec-1453-f24c-a30b-9b3f5e23a05c">
      <TestCategory>
        <TestCategoryItem TestCategory="WorkspaceToolbar" />
      </TestCategory>
      <Execution id="69bc7279-e784-4173-85a5-465a83b43081" />
      <TestMethod codeBase="D:\actions-runner\_work\XPCO\XPCO\SC\Components\RemoteViewer\SmartClient\tst\zSmartClient_UnitTest\bin\x64\Debug\net472\zSmartClient_UnitTest.dll" adapterTypeName="executor://mstestadapter/v2" className="SmartClient_UnitTest.VideoOS.RemoteClient.Application.Data.WorkspaceToolbar.WorkspaceToolbarItemSmartSearchTests" name="SearchAction_BrowseMode_30MinutesInThePast" />
    </UnitTest>
    <UnitTest name="EditCriteriaCommand_InEditSearchDefinition_Set" storage="d:\actions-runner\_work\xpco\xpco\sc\components\remoteviewer\smartclient\tst\zsmartclient_unittest\bin\x64\debug\net472\zsmartclient_unittest.dll" id="c0259e91-f91b-42ff-6977-459d0c7782fd">
      <TestCategory>
        <TestCategoryItem TestCategory="SearchViewModels" />
      </TestCategory>
      <Execution id="62cd299a-f495-4430-baa2-04c4ab7bc8c9" />
      <TestMethod codeBase="D:\actions-runner\_work\XPCO\XPCO\SC\Components\RemoteViewer\SmartClient\tst\zSmartClient_UnitTest\bin\x64\Debug\net472\zSmartClient_UnitTest.dll" adapterTypeName="executor://mstestadapter/v2" className="SmartClient_UnitTest.VideoOS.RemoteClient.Plugin.CentralizedSearch.ViewModels.SearchViewModelTests" name="EditCriteriaCommand_InEditSearchDefinition_Set" />
    </UnitTest>
    <UnitTest name="AddToExportTuples_ShouldReturnCorrectResult (1,1,1)" storage="d:\actions-runner\_work\xpco\xpco\sc\components\remoteviewer\smartclient\tst\zsmartclient_unittest\bin\x64\debug\net472\zsmartclient_unittest.dll" id="d8b08358-1787-7f72-e88b-c6b80ebec05d">
      <TestCategory>
        <TestCategoryItem TestCategory="Managers" />
      </TestCategory>
      <Execution id="de97ccca-ed2d-4102-9fd3-4714bcb41613" />
      <TestMethod codeBase="D:\actions-runner\_work\XPCO\XPCO\SC\Components\RemoteViewer\SmartClient\tst\zSmartClient_UnitTest\bin\x64\Debug\net472\zSmartClient_UnitTest.dll" adapterTypeName="executor://mstestadapter/v2" className="SmartClient_UnitTest.VideoOS.RemoteClient.Application.Managers.ExportManagerTests" name="AddToExportTuples_ShouldReturnCorrectResult" />
    </UnitTest>
    <UnitTest name="SearchResultsActionBarActions_CreateSnapshot_InvokeCommand_MultipleSnapshotsFailed_CorrectErrorMessageShown" storage="d:\actions-runner\_work\xpco\xpco\sc\components\remoteviewer\smartclient\tst\zsmartclient_unittest\bin\x64\debug\net472\zsmartclient_unittest.dll" id="f18dd244-4a09-e214-2e8b-a1adb5d41997">
      <TestCategory>
        <TestCategoryItem TestCategory="SearchResultActionBarViewModel" />
      </TestCategory>
      <Execution id="81dd8955-19b0-4348-b245-5af67df12bb5" />
      <TestMethod codeBase="D:\actions-runner\_work\XPCO\XPCO\SC\Components\RemoteViewer\SmartClient\tst\zSmartClient_UnitTest\bin\x64\Debug\net472\zSmartClient_UnitTest.dll" adapterTypeName="executor://mstestadapter/v2" className="SmartClient_UnitTest.VideoOS.RemoteClient.Plugin.CentralizedSearch.ViewModels.SearchResultsActionBarViewModelTest" name="SearchResultsActionBarActions_CreateSnapshot_InvokeCommand_MultipleSnapshotsFailed_CorrectErrorMessageShown" />
    </UnitTest>
    <UnitTest name="BookmarkSearchTime_WithSearchStringInDifferentCases_ReturnCorrectBookmarkWithSearchStringInDescription (,False,False,False,False,,SeArChStRiNg,1)" storage="d:\actions-runner\_work\xpco\xpco\sc\components\remoteviewer\smartclient\tst\zsmartclient_unittest\bin\x64\debug\net472\zsmartclient_unittest.dll" id="228d20c3-db2d-4eb9-0c15-bbc7ab7ead20">
      <Execution id="d1b56db9-7bc9-4262-b52a-27a580460c5a" />
      <TestMethod codeBase="D:\actions-runner\_work\XPCO\XPCO\SC\Components\RemoteViewer\SmartClient\tst\zSmartClient_UnitTest\bin\x64\Debug\net472\zSmartClient_UnitTest.dll" adapterTypeName="executor://mstestadapter/v2" className="SmartClient_UnitTest.VideoOS.RemoteClient.Application.Data.Offline.UnitTest.BookmarkExportReaderTest" name="BookmarkSearchTime_WithSearchStringInDifferentCases_ReturnCorrectBookmarkWithSearchStringInDescription" />
    </UnitTest>
    <UnitTest name="Tooltip_ShouldShowMicrophoneName_WhenMicrophoneIsDisabled" storage="d:\actions-runner\_work\xpco\xpco\sc\components\remoteviewer\smartclient\tst\zsmartclient_unittest\bin\x64\debug\net472\zsmartclient_unittest.dll" id="77538764-96ab-d361-cc57-e43d65dc3ccd">
      <TestCategory>
        <TestCategoryItem TestCategory="GisMap.MicrophoneMarkerTest" />
      </TestCategory>
      <Execution id="2f6e6172-231a-434b-a881-79cafdff79e2" />
      <TestMethod codeBase="D:\actions-runner\_work\XPCO\XPCO\SC\Components\RemoteViewer\SmartClient\tst\zSmartClient_UnitTest\bin\x64\Debug\net472\zSmartClient_UnitTest.dll" adapterTypeName="executor://mstestadapter/v2" className="SmartClient_UnitTest.VideoOS.RemoteClient.Plugin.GisMap.ThinkGeoMap.Markers.DeviceMarkers.MicrophoneMarker.MicrophoneMarkerTests" name="Tooltip_ShouldShowMicrophoneName_WhenMicrophoneIsDisabled" />
    </UnitTest>
    <UnitTest name="Deserialize_UnknownFilterCategory_Error" storage="d:\actions-runner\_work\xpco\xpco\sc\components\remoteviewer\smartclient\tst\zsmartclient_unittest\bin\x64\debug\net472\zsmartclient_unittest.dll" id="a31ae58a-ac3b-c32e-1d10-665517748c9e">
      <TestCategory>
        <TestCategoryItem TestCategory="SearchSerialization" />
      </TestCategory>
      <Execution id="f8b67ece-f8c6-4a93-bf2d-64eb67a3eb75" />
      <TestMethod codeBase="D:\actions-runner\_work\XPCO\XPCO\SC\Components\RemoteViewer\SmartClient\tst\zSmartClient_UnitTest\bin\x64\Debug\net472\zSmartClient_UnitTest.dll" adapterTypeName="executor://mstestadapter/v2" className="SmartClient_UnitTest.VideoOS.RemoteClient.Plugin.CentralizedSearch.Models.Serialization.SearchSerializerTests" name="Deserialize_UnknownFilterCategory_Error" />
    </UnitTest>
    <UnitTest name="DateToStringConverter_SingleConvertInvalidInput_UnsetValue" storage="d:\actions-runner\_work\xpco\xpco\sc\components\remoteviewer\smartclient\tst\zsmartclient_unittest\bin\x64\debug\net472\zsmartclient_unittest.dll" id="48d0aa96-83b2-ad6d-f963-8245525eabe9">
      <TestCategory>
        <TestCategoryItem TestCategory="SearchConverter" />
      </TestCategory>
      <Execution id="e13a0498-5221-4fb3-9eb5-dda1415e1bae" />
      <TestMethod codeBase="D:\actions-runner\_work\XPCO\XPCO\SC\Components\RemoteViewer\SmartClient\tst\zSmartClient_UnitTest\bin\x64\Debug\net472\zSmartClient_UnitTest.dll" adapterTypeName="executor://mstestadapter/v2" className="SmartClient_UnitTest.VideoOS.RemoteClient.Plugin.CentralizedSearch.Views.Converters.DurationToStringConverterTests" name="DateToStringConverter_SingleConvertInvalidInput_UnsetValue" />
    </UnitTest>
    <UnitTest name="IsProcessing_AddResults_Success" storage="d:\actions-runner\_work\xpco\xpco\sc\components\remoteviewer\smartclient\tst\zsmartclient_unittest\bin\x64\debug\net472\zsmartclient_unittest.dll" id="1d30d716-63ba-8629-37de-621fcc2f5f57">
      <TestCategory>
        <TestCategoryItem TestCategory="SearchResultsPreprocessor" />
      </TestCategory>
      <Execution id="78fa5ed8-26a2-40af-a604-0decd1f0bd7b" />
      <TestMethod codeBase="D:\actions-runner\_work\XPCO\XPCO\SC\Components\RemoteViewer\SmartClient\tst\zSmartClient_UnitTest\bin\x64\Debug\net472\zSmartClient_UnitTest.dll" adapterTypeName="executor://mstestadapter/v2" className="SmartClient_UnitTest.VideoOS.RemoteClient.Plugin.CentralizedSearch.Models.SearchResultsPreprocessorTests" name="IsProcessing_AddResults_Success" />
    </UnitTest>
    <UnitTest name="MapLayerType_ShouldBeViewZoneItemsMapLayer_WhenCalled" storage="d:\actions-runner\_work\xpco\xpco\sc\components\remoteviewer\smartclient\tst\zsmartclient_unittest\bin\x64\debug\net472\zsmartclient_unittest.dll" id="b89300df-44ea-f5d9-8c31-b46cc2e57c07">
      <Execution id="064dc5ea-d802-4bf3-acda-7d2630e57f17" />
      <TestMethod codeBase="D:\actions-runner\_work\XPCO\XPCO\SC\Components\RemoteViewer\SmartClient\tst\zSmartClient_UnitTest\bin\x64\Debug\net472\zSmartClient_UnitTest.dll" adapterTypeName="executor://mstestadapter/v2" className="SmartClient_UnitTest.VideoOS.RemoteClient.GisMapData.Strategies.MapLayers.ViewZoneItemsMapLayerDatagramClassFactoryStrategyTests" name="MapLayerType_ShouldBeViewZoneItemsMapLayer_WhenCalled" />
    </UnitTest>
    <UnitTest name="ScrollWheelInTileLayout_ScrollDownWithoutCtrl_NoChangeInItemSize" storage="d:\actions-runner\_work\xpco\xpco\sc\components\remoteviewer\smartclient\tst\zsmartclient_unittest\bin\x64\debug\net472\zsmartclient_unittest.dll" id="54618795-0b49-cc31-65f0-11068addceea">
      <TestCategory>
        <TestCategoryItem TestCategory="SearchViews" />
      </TestCategory>
      <Execution id="03c17cba-642d-4748-9ee5-bda6ba5d45bf" />
      <TestMethod codeBase="D:\actions-runner\_work\XPCO\XPCO\SC\Components\RemoteViewer\SmartClient\tst\zSmartClient_UnitTest\bin\x64\Debug\net472\zSmartClient_UnitTest.dll" adapterTypeName="executor://mstestadapter/v2" className="SmartClient_UnitTest.VideoOS.RemoteClient.Plugin.CentralizedSearch.Views.SearchResultsViewTests" name="ScrollWheelInTileLayout_ScrollDownWithoutCtrl_NoChangeInItemSize" />
    </UnitTest>
    <UnitTest name="CreateDefinition_ValidCategoryAndSortOrderSpecified_SearchStarted" storage="d:\actions-runner\_work\xpco\xpco\sc\components\remoteviewer\smartclient\tst\zsmartclient_unittest\bin\x64\debug\net472\zsmartclient_unittest.dll" id="d2a4e8f1-b2e6-68f0-1810-a5d540d2f7a3">
      <TestCategory>
        <TestCategoryItem TestCategory="SearchModels" />
      </TestCategory>
      <Execution id="eeaa2338-5830-4370-944e-d2c69015fae6" />
      <TestMethod codeBase="D:\actions-runner\_work\XPCO\XPCO\SC\Components\RemoteViewer\SmartClient\tst\zSmartClient_UnitTest\bin\x64\Debug\net472\zSmartClient_UnitTest.dll" adapterTypeName="executor://mstestadapter/v2" className="SmartClient_UnitTest.VideoOS.RemoteClient.Plugin.CentralizedSearch.Models.SearchModelTests" name="CreateDefinition_ValidCategoryAndSortOrderSpecified_SearchStarted" />
    </UnitTest>
    <UnitTest name="PtzSessionControllerInfoConstructorTest_From_PtzSessionInfo_Basic_User_Current" storage="d:\actions-runner\_work\xpco\xpco\sc\components\remoteviewer\smartclient\tst\zsmartclient_unittest\bin\x64\debug\net472\zsmartclient_unittest.dll" id="6c2035c4-97e2-d122-0c36-23cf8131de7d">
      <Execution id="d3b346b9-deaa-4d03-8ffa-70e45ceeb963" />
      <TestMethod codeBase="D:\actions-runner\_work\XPCO\XPCO\SC\Components\RemoteViewer\SmartClient\tst\zSmartClient_UnitTest\bin\x64\Debug\net472\zSmartClient_UnitTest.dll" adapterTypeName="executor://mstestadapter/v2" className="VideoOS.RemoteClient.Application.Controllers.UnitTest.PtzSessionControllerTest" name="PtzSessionControllerInfoConstructorTest_From_PtzSessionInfo_Basic_User_Current" />
    </UnitTest>
    <UnitTest name="BuildContentOptions_ShouldReturnCorrectWorkspaceName (73576FEA-BD0E-43C4-AD9D-589FBE4DC29B,Default title,Live)" storage="d:\actions-runner\_work\xpco\xpco\sc\components\remoteviewer\smartclient\tst\zsmartclient_unittest\bin\x64\debug\net472\zsmartclient_unittest.dll" id="0c50b0ff-2617-98bb-3217-a3a88ea54c14">
      <Execution id="42ce63fc-d0c0-41e1-b1b0-407ce23bf1d5" />
      <TestMethod codeBase="D:\actions-runner\_work\XPCO\XPCO\SC\Components\RemoteViewer\SmartClient\tst\zSmartClient_UnitTest\bin\x64\Debug\net472\zSmartClient_UnitTest.dll" adapterTypeName="executor://mstestadapter/v2" className="SmartClient_UnitTest.VideoOS.RemoteClient.Application.Common.Telemetry.TelemetryBuilderTests" name="BuildContentOptions_ShouldReturnCorrectWorkspaceName" />
    </UnitTest>
    <UnitTest name="Ctor_Success" storage="d:\actions-runner\_work\xpco\xpco\sc\components\remoteviewer\smartclient\tst\zsmartclient_unittest\bin\x64\debug\net472\zsmartclient_unittest.dll" id="fcfc9cad-5753-f6cc-59a6-f568d4caf2fd">
      <TestCategory>
        <TestCategoryItem TestCategory="Search" />
      </TestCategory>
      <Execution id="e0180018-d581-4657-baf5-6a3208f3251e" />
      <TestMethod codeBase="D:\actions-runner\_work\XPCO\XPCO\SC\Components\RemoteViewer\SmartClient\tst\zSmartClient_UnitTest\bin\x64\Debug\net472\zSmartClient_UnitTest.dll" adapterTypeName="executor://mstestadapter/v2" className="SmartClient_UnitTest.VideoOS.RemoteClient.Plugin.CentralizedSearch.ViewModels.CompositeSearchWarningViewModelTests" name="Ctor_Success" />
    </UnitTest>
    <UnitTest name="DeleteMapItems_ShouldReturnFalse_WhenUserDeclinesDeletionOfMultipleItems" storage="d:\actions-runner\_work\xpco\xpco\sc\components\remoteviewer\smartclient\tst\zsmartclient_unittest\bin\x64\debug\net472\zsmartclient_unittest.dll" id="7693c0df-b71c-2c4d-9039-a2e154577900">
      <TestCategory>
        <TestCategoryItem TestCategory="GisMapModelController" />
      </TestCategory>
      <Execution id="ef00abad-bc82-4a06-a953-053bd3cbccad" />
      <TestMethod codeBase="D:\actions-runner\_work\XPCO\XPCO\SC\Components\RemoteViewer\SmartClient\tst\zSmartClient_UnitTest\bin\x64\Debug\net472\zSmartClient_UnitTest.dll" adapterTypeName="executor://mstestadapter/v2" className="SmartClient_UnitTest.VideoOS.RemoteClient.GisMapData.GisMapModelControllerTests" name="DeleteMapItems_ShouldReturnFalse_WhenUserDeclinesDeletionOfMultipleItems" />
    </UnitTest>
    <UnitTest name="IsDeviceSupported_ShouldReturnTrue_WhenMicrophoneKind" storage="d:\actions-runner\_work\xpco\xpco\sc\components\remoteviewer\smartclient\tst\zsmartclient_unittest\bin\x64\debug\net472\zsmartclient_unittest.dll" id="2c8890ce-c89d-6a9e-b8c6-3ef6c4bffec5">
      <TestCategory>
        <TestCategoryItem TestCategory="GisMap.Controllers.Devices" />
      </TestCategory>
      <Execution id="10946f66-894f-429f-911f-a4c9c8c332d8" />
      <TestMethod codeBase="D:\actions-runner\_work\XPCO\XPCO\SC\Components\RemoteViewer\SmartClient\tst\zSmartClient_UnitTest\bin\x64\Debug\net472\zSmartClient_UnitTest.dll" adapterTypeName="executor://mstestadapter/v2" className="SmartClient_UnitTest.VideoOS.RemoteClient.Plugin.GisMap.Controllers.Devices.DeviceControllerTests" name="IsDeviceSupported_ShouldReturnTrue_WhenMicrophoneKind" />
    </UnitTest>
    <UnitTest name="SearchAction_BrowseMode_OneYearInTheFuture" storage="d:\actions-runner\_work\xpco\xpco\sc\components\remoteviewer\smartclient\tst\zsmartclient_unittest\bin\x64\debug\net472\zsmartclient_unittest.dll" id="58415a14-73c9-7515-7cc6-10b983611842">
      <TestCategory>
        <TestCategoryItem TestCategory="ContentHolderToolbar" />
      </TestCategory>
      <Execution id="35df0375-39ba-4d1f-8539-89c6c2d2be37" />
      <TestMethod codeBase="D:\actions-runner\_work\XPCO\XPCO\SC\Components\RemoteViewer\SmartClient\tst\zSmartClient_UnitTest\bin\x64\Debug\net472\zSmartClient_UnitTest.dll" adapterTypeName="executor://mstestadapter/v2" className="SmartClient_UnitTest.VideoOS.RemoteClient.Application.Data.ContentHolderToolbar.ToolBarItemSearchTests" name="SearchAction_BrowseMode_OneYearInTheFuture" />
    </UnitTest>
    <UnitTest name="CreateDefinition_NullValue_Throws" storage="d:\actions-runner\_work\xpco\xpco\sc\components\remoteviewer\smartclient\tst\zsmartclient_unittest\bin\x64\debug\net472\zsmartclient_unittest.dll" id="044f4a26-7cbd-7c3b-61fb-5e7facd7c43c">
      <TestCategory>
        <TestCategoryItem TestCategory="SearchModels" />
      </TestCategory>
      <Execution id="97fb5919-4d2e-4722-af5b-36cf66e6c25a" />
      <TestMethod codeBase="D:\actions-runner\_work\XPCO\XPCO\SC\Components\RemoteViewer\SmartClient\tst\zSmartClient_UnitTest\bin\x64\Debug\net472\zSmartClient_UnitTest.dll" adapterTypeName="executor://mstestadapter/v2" className="SmartClient_UnitTest.VideoOS.RemoteClient.Plugin.CentralizedSearch.Models.SearchModelTests" name="CreateDefinition_NullValue_Throws" />
    </UnitTest>
    <UnitTest name="UpdateSearchTemplateAsync_EmptyParameters_Success" storage="d:\actions-runner\_work\xpco\xpco\sc\components\remoteviewer\smartclient\tst\zsmartclient_unittest\bin\x64\debug\net472\zsmartclient_unittest.dll" id="9f4edaad-99c4-2eb1-ba6c-f50887f230cb">
      <TestCategory>
        <TestCategoryItem TestCategory="SearchTemplatesService" />
      </TestCategory>
      <Execution id="da7c48b2-e706-4730-99b0-cc9af0517a38" />
      <TestMethod codeBase="D:\actions-runner\_work\XPCO\XPCO\SC\Components\RemoteViewer\SmartClient\tst\zSmartClient_UnitTest\bin\x64\Debug\net472\zSmartClient_UnitTest.dll" adapterTypeName="executor://mstestadapter/v2" className="SmartClient_UnitTest.VideoOS.RemoteClient.Plugin.CentralizedSearch.SearchTemplates.Service.SearchTemplateServiceTests" name="UpdateSearchTemplateAsync_EmptyParameters_Success" />
    </UnitTest>
    <UnitTest name="ClearSelectedCamerasCommand_EmptyList_CommandNotExecutable" storage="d:\actions-runner\_work\xpco\xpco\sc\components\remoteviewer\smartclient\tst\zsmartclient_unittest\bin\x64\debug\net472\zsmartclient_unittest.dll" id="00ac5168-01a9-aa78-532b-b6d6c419a156">
      <TestCategory>
        <TestCategoryItem TestCategory="SearchViewModels" />
      </TestCategory>
      <Execution id="433c8792-5463-4698-83c5-e4c38af4fb34" />
      <TestMethod codeBase="D:\actions-runner\_work\XPCO\XPCO\SC\Components\RemoteViewer\SmartClient\tst\zSmartClient_UnitTest\bin\x64\Debug\net472\zSmartClient_UnitTest.dll" adapterTypeName="executor://mstestadapter/v2" className="SmartClient_UnitTest.VideoOS.RemoteClient.Plugin.CentralizedSearch.ViewModels.SearchViewModelTests" name="ClearSelectedCamerasCommand_EmptyList_CommandNotExecutable" />
    </UnitTest>
    <UnitTest name="ShouldReturnTrueWhenScaleChanged" storage="d:\actions-runner\_work\xpco\xpco\sc\components\remoteviewer\smartclient\tst\zsmartclient_unittest\bin\x64\debug\net472\zsmartclient_unittest.dll" id="0d6c642a-81af-572a-f3ab-8e4b1d302c6a">
      <TestCategory>
        <TestCategoryItem TestCategory="MipItemsUpdateStrategy" />
      </TestCategory>
      <Execution id="27c6a6aa-c3da-465f-a830-ac4719ac61f8" />
      <TestMethod codeBase="D:\actions-runner\_work\XPCO\XPCO\SC\Components\RemoteViewer\SmartClient\tst\zSmartClient_UnitTest\bin\x64\Debug\net472\zSmartClient_UnitTest.dll" adapterTypeName="executor://mstestadapter/v2" className="SmartClient_UnitTest.VideoOS.RemoteClient.Plugin.GisMap.MIP.MipItemsUpdateStrategyTests" name="ShouldReturnTrueWhenScaleChanged" />
    </UnitTest>
    <UnitTest name="Ctor_NoAppConfigOverride_AddScriptSetToFalse" storage="d:\actions-runner\_work\xpco\xpco\sc\components\remoteviewer\smartclient\tst\zsmartclient_unittest\bin\x64\debug\net472\zsmartclient_unittest.dll" id="5b1daa6e-5313-bb62-6c77-c9a482eb7914">
      <Execution id="e5c4f5e2-32cf-43a3-a998-b2165063ccf5" />
      <TestMethod codeBase="D:\actions-runner\_work\XPCO\XPCO\SC\Components\RemoteViewer\SmartClient\tst\zSmartClient_UnitTest\bin\x64\Debug\net472\zSmartClient_UnitTest.dll" adapterTypeName="executor://mstestadapter/v2" className="SmartClient_UnitTest.VideoOS.RemoteClient.Plugin.HtmlViewItem.HtmlContentHolderTests" name="Ctor_NoAppConfigOverride_AddScriptSetToFalse" />
    </UnitTest>
    <UnitTest name="Both enabled, not forced" storage="d:\actions-runner\_work\xpco\xpco\sc\components\remoteviewer\smartclient\tst\zsmartclient_unittest\bin\x64\debug\net472\zsmartclient_unittest.dll" id="652e2acd-4b9b-c94b-6cb4-ec087b7c4d43">
      <TestCategory>
        <TestCategoryItem TestCategory="Export" />
      </TestCategory>
      <Execution id="e9986de2-4fc6-4d84-a2a9-cf49869f721a" />
      <TestMethod codeBase="D:\actions-runner\_work\XPCO\XPCO\SC\Components\RemoteViewer\SmartClient\tst\zSmartClient_UnitTest\bin\x64\Debug\net472\zSmartClient_UnitTest.dll" adapterTypeName="executor://mstestadapter/v2" className="SmartClient_UnitTest.VideoOS.RemoteClient.Plugin.Export.CreateExportDialogViewModelTests" name="CreateExportDialog_ExportDestinationPreSelected_BasedOnOptions" />
    </UnitTest>
    <UnitTest name="GetSnapshots_NoImageAvailable_Failure" storage="d:\actions-runner\_work\xpco\xpco\sc\components\remoteviewer\smartclient\tst\zsmartclient_unittest\bin\x64\debug\net472\zsmartclient_unittest.dll" id="ec15ac28-e259-9e0e-79de-b4c8ed950c52">
      <TestCategory>
        <TestCategoryItem TestCategory="Search" />
      </TestCategory>
      <Execution id="ecbeef6a-f900-4ae9-8b58-a3503b02ec4f" />
      <TestMethod codeBase="D:\actions-runner\_work\XPCO\XPCO\SC\Components\RemoteViewer\SmartClient\tst\zSmartClient_UnitTest\bin\x64\Debug\net472\zSmartClient_UnitTest.dll" adapterTypeName="executor://mstestadapter/v2" className="SmartClient_UnitTest.VideoOS.RemoteClient.Plugin.CentralizedSearch.ViewModels.Data.SnapshotHandlerTests" name="GetSnapshots_NoImageAvailable_Failure" />
    </UnitTest>
    <UnitTest name="AddToExportDevices_ShouldAddToExportData (0)" storage="d:\actions-runner\_work\xpco\xpco\sc\components\remoteviewer\smartclient\tst\zsmartclient_unittest\bin\x64\debug\net472\zsmartclient_unittest.dll" id="5876e8ec-2002-4245-4ea9-8cdb899ab34a">
      <TestCategory>
        <TestCategoryItem TestCategory="Managers" />
      </TestCategory>
      <Execution id="84a25dec-e0e8-42b0-a3af-95447a00bf9f" />
      <TestMethod codeBase="D:\actions-runner\_work\XPCO\XPCO\SC\Components\RemoteViewer\SmartClient\tst\zSmartClient_UnitTest\bin\x64\Debug\net472\zSmartClient_UnitTest.dll" adapterTypeName="executor://mstestadapter/v2" className="SmartClient_UnitTest.VideoOS.RemoteClient.Application.Managers.ExportManagerTests" name="AddToExportDevices_ShouldAddToExportData" />
    </UnitTest>
    <UnitTest name="OnIsVisiblePropertyChanged_ShouldActivateSoundOfAllUnmutedMicrophones_WhenShowingMicrophonesLayer" storage="d:\actions-runner\_work\xpco\xpco\sc\components\remoteviewer\smartclient\tst\zsmartclient_unittest\bin\x64\debug\net472\zsmartclient_unittest.dll" id="0aa70671-374f-7770-8a94-a9ce6a48572f">
      <TestCategory>
        <TestCategoryItem TestCategory="GisMapData.MapLayers" />
      </TestCategory>
      <Execution id="7f576ff3-1530-4443-838d-a52230fc7ab1" />
      <TestMethod codeBase="D:\actions-runner\_work\XPCO\XPCO\SC\Components\RemoteViewer\SmartClient\tst\zSmartClient_UnitTest\bin\x64\Debug\net472\zSmartClient_UnitTest.dll" adapterTypeName="executor://mstestadapter/v2" className="SmartClient_UnitTest.VideoOS.RemoteClient.GisMapData.MapLayers.MicrophoneItemsMapLayerTests" name="OnIsVisiblePropertyChanged_ShouldActivateSoundOfAllUnmutedMicrophones_WhenShowingMicrophonesLayer" />
    </UnitTest>
    <UnitTest name="ActiveInteractionStateBinding_ShouldOnlyContainNormalAndNewDevice_WhenCtorIsCalled" storage="d:\actions-runner\_work\xpco\xpco\sc\components\remoteviewer\smartclient\tst\zsmartclient_unittest\bin\x64\debug\net472\zsmartclient_unittest.dll" id="540a3b23-7cf4-4873-bac2-ebb7a9a2a9f2">
      <TestCategory>
        <TestCategoryItem TestCategory="GisMap.CameraMarker" />
      </TestCategory>
      <Execution id="9c25c6de-a93f-41f7-842d-fd92bab33eee" />
      <TestMethod codeBase="D:\actions-runner\_work\XPCO\XPCO\SC\Components\RemoteViewer\SmartClient\tst\zSmartClient_UnitTest\bin\x64\Debug\net472\zSmartClient_UnitTest.dll" adapterTypeName="executor://mstestadapter/v2" className="SmartClient_UnitTest.VideoOS.RemoteClient.Plugin.GisMap.ThinkGeoMap.Markers.DeviceMarkers.CameraMarker.CameraMarkerTests" name="ActiveInteractionStateBinding_ShouldOnlyContainNormalAndNewDevice_WhenCtorIsCalled" />
    </UnitTest>
    <UnitTest name="SetCustomPickerResult_Set_CustomIntervalOpenResetAndNotificationFired" storage="d:\actions-runner\_work\xpco\xpco\sc\components\remoteviewer\smartclient\tst\zsmartclient_unittest\bin\x64\debug\net472\zsmartclient_unittest.dll" id="c5313a02-9751-5e36-b637-63c29c825679">
      <TestCategory>
        <TestCategoryItem TestCategory="SearchViewModels" />
      </TestCategory>
      <Execution id="37d7af42-a1e0-495e-b8cf-023524224e12" />
      <TestMethod codeBase="D:\actions-runner\_work\XPCO\XPCO\SC\Components\RemoteViewer\SmartClient\tst\zSmartClient_UnitTest\bin\x64\Debug\net472\zSmartClient_UnitTest.dll" adapterTypeName="executor://mstestadapter/v2" className="SmartClient_UnitTest.VideoOS.RemoteClient.Plugin.CentralizedSearch.ViewModels.SearchViewModelTests" name="SetCustomPickerResult_Set_CustomIntervalOpenResetAndNotificationFired" />
    </UnitTest>
    <UnitTest name="AddResults_ExcludePartialResults_OnePartialResult_Success" storage="d:\actions-runner\_work\xpco\xpco\sc\components\remoteviewer\smartclient\tst\zsmartclient_unittest\bin\x64\debug\net472\zsmartclient_unittest.dll" id="6bd5f4c7-c179-311a-1fc1-8d1f4fd89099">
      <TestCategory>
        <TestCategoryItem TestCategory="SearchResultsPreprocessor.PartialResults" />
      </TestCategory>
      <Execution id="ff4bed67-8dd1-4e7d-8b2e-de8aa7a0847b" />
      <TestMethod codeBase="D:\actions-runner\_work\XPCO\XPCO\SC\Components\RemoteViewer\SmartClient\tst\zSmartClient_UnitTest\bin\x64\Debug\net472\zSmartClient_UnitTest.dll" adapterTypeName="executor://mstestadapter/v2" className="SmartClient_UnitTest.VideoOS.RemoteClient.Plugin.CentralizedSearch.Models.SearchResultsPreprocessorTests" name="AddResults_ExcludePartialResults_OnePartialResult_Success" />
    </UnitTest>
    <UnitTest name="SearchResultsActionBarActions_CreateSnapshot_InvokeCommand_SingleSnapshotFailed_CorrectErrorMessageShown" storage="d:\actions-runner\_work\xpco\xpco\sc\components\remoteviewer\smartclient\tst\zsmartclient_unittest\bin\x64\debug\net472\zsmartclient_unittest.dll" id="c1c2bc59-f0a7-06da-8b9c-e5d38bba111a">
      <TestCategory>
        <TestCategoryItem TestCategory="SearchResultActionBarViewModel" />
      </TestCategory>
      <Execution id="928545fa-2c28-4661-84dc-82be595a0e67" />
      <TestMethod codeBase="D:\actions-runner\_work\XPCO\XPCO\SC\Components\RemoteViewer\SmartClient\tst\zSmartClient_UnitTest\bin\x64\Debug\net472\zSmartClient_UnitTest.dll" adapterTypeName="executor://mstestadapter/v2" className="SmartClient_UnitTest.VideoOS.RemoteClient.Plugin.CentralizedSearch.ViewModels.SearchResultsActionBarViewModelTest" name="SearchResultsActionBarActions_CreateSnapshot_InvokeCommand_SingleSnapshotFailed_CorrectErrorMessageShown" />
    </UnitTest>
    <UnitTest name="SetFeatures_CameraMapItemsLayer_Success" storage="d:\actions-runner\_work\xpco\xpco\sc\components\remoteviewer\smartclient\tst\zsmartclient_unittest\bin\x64\debug\net472\zsmartclient_unittest.dll" id="103905f4-9b3f-baa3-099f-93a0f91d8394">
      <TestCategory>
        <TestCategoryItem TestCategory="GisMap" />
      </TestCategory>
      <Execution id="ab2a8f62-e600-44ea-968c-e698d989e5c3" />
      <TestMethod codeBase="D:\actions-runner\_work\XPCO\XPCO\SC\Components\RemoteViewer\SmartClient\tst\zSmartClient_UnitTest\bin\x64\Debug\net472\zSmartClient_UnitTest.dll" adapterTypeName="executor://mstestadapter/v2" className="SmartClient_UnitTest.VideoOS.RemoteClient.GisMapData.GisMapBasicTests" name="SetFeatures_CameraMapItemsLayer_Success" />
    </UnitTest>
    <UnitTest name="RemoveMicTest" storage="d:\actions-runner\_work\xpco\xpco\sc\components\remoteviewer\smartclient\tst\zsmartclient_unittest\bin\x64\debug\net472\zsmartclient_unittest.dll" id="c182b392-9fcc-95a2-7938-cd3b2c46ad54">
      <Execution id="ec51f46f-2968-44f8-a926-32bf22e25694" />
      <TestMethod codeBase="D:\actions-runner\_work\XPCO\XPCO\SC\Components\RemoteViewer\SmartClient\tst\zSmartClient_UnitTest\bin\x64\Debug\net472\zSmartClient_UnitTest.dll" adapterTypeName="executor://mstestadapter/v2" className="SmartClient_UnitTest.VideoOS.Shared.ServerAPI.IServerConfigurationTest" name="RemoveMicTest" />
    </UnitTest>
    <UnitTest name="ParseExceptionToTokenError_ShouldReturnTokenErrors_WhenExceptionIsKnown" storage="d:\actions-runner\_work\xpco\xpco\sc\components\remoteviewer\smartclient\tst\zsmartclient_unittest\bin\x64\debug\net472\zsmartclient_unittest.dll" id="450403dd-612e-6c5e-cdd7-e2b614d0687c">
      <TestCategory>
        <TestCategoryItem TestCategory="ServerCommandController.IDPToken" />
      </TestCategory>
      <Execution id="d1b90845-b0fa-44c6-9c83-dc37813f358b" />
      <TestMethod codeBase="D:\actions-runner\_work\XPCO\XPCO\SC\Components\RemoteViewer\SmartClient\tst\zSmartClient_UnitTest\bin\x64\Debug\net472\zSmartClient_UnitTest.dll" adapterTypeName="executor://mstestadapter/v2" className="SmartClient_UnitTest.VideoOS.RemoteClient.Application.Controllers.TokenExceptionsConverterTests" name="ParseExceptionToTokenError_ShouldReturnTokenErrors_WhenExceptionIsKnown" />
    </UnitTest>
    <UnitTest name="OnLayersRetrieved_ShouldSetComponentsOrdered_WhenLayersCollectionContainsInput" storage="d:\actions-runner\_work\xpco\xpco\sc\components\remoteviewer\smartclient\tst\zsmartclient_unittest\bin\x64\debug\net472\zsmartclient_unittest.dll" id="23e6b65b-70a8-06de-4fd2-1098c3da7047">
      <TestCategory>
        <TestCategoryItem TestCategory="GisMap.DeviceSelectorWindowViewModel" />
      </TestCategory>
      <Execution id="14e2c9c8-b73b-492f-8a1c-b44bc8e6af2b" />
      <TestMethod codeBase="D:\actions-runner\_work\XPCO\XPCO\SC\Components\RemoteViewer\SmartClient\tst\zSmartClient_UnitTest\bin\x64\Debug\net472\zSmartClient_UnitTest.dll" adapterTypeName="executor://mstestadapter/v2" className="SmartClient_UnitTest.VideoOS.RemoteClient.Plugin.GisMap.ViewModels.DeviceSelectorWindowViewModelTests" name="OnLayersRetrieved_ShouldSetComponentsOrdered_WhenLayersCollectionContainsInput" />
    </UnitTest>
    <UnitTest name="TestConstructor_Copy_Success" storage="d:\actions-runner\_work\xpco\xpco\sc\components\remoteviewer\smartclient\tst\zsmartclient_unittest\bin\x64\debug\net472\zsmartclient_unittest.dll" id="eaed56d6-5fe7-43a9-6be3-9e902b595505">
      <Execution id="cd1a0995-d9b8-4656-a5a4-040fcdbfcb0d" />
      <TestMethod codeBase="D:\actions-runner\_work\XPCO\XPCO\SC\Components\RemoteViewer\SmartClient\tst\zSmartClient_UnitTest\bin\x64\Debug\net472\zSmartClient_UnitTest.dll" adapterTypeName="executor://mstestadapter/v2" className="SmartClient_UnitTest.VideoOS.RemoteClient.GisMap.Common.MapPoint2DTest" name="TestConstructor_Copy_Success" />
    </UnitTest>
    <UnitTest name="SearchAction_LiveMode" storage="d:\actions-runner\_work\xpco\xpco\sc\components\remoteviewer\smartclient\tst\zsmartclient_unittest\bin\x64\debug\net472\zsmartclient_unittest.dll" id="b747edf0-9262-f0c5-aca1-78a34402aa92">
      <TestCategory>
        <TestCategoryItem TestCategory="WorkspaceToolbar" />
      </TestCategory>
      <Execution id="3c917577-0cc5-4a1d-aa6b-763dbf169d07" />
      <TestMethod codeBase="D:\actions-runner\_work\XPCO\XPCO\SC\Components\RemoteViewer\SmartClient\tst\zSmartClient_UnitTest\bin\x64\Debug\net472\zSmartClient_UnitTest.dll" adapterTypeName="executor://mstestadapter/v2" className="SmartClient_UnitTest.VideoOS.RemoteClient.Application.Data.WorkspaceToolbar.WorkspaceToolbarItemSmartSearchTests" name="SearchAction_LiveMode" />
    </UnitTest>
    <UnitTest name="GetDefaultReportDestination_WrongUserSettings_ReturnsDefaultFolder" storage="d:\actions-runner\_work\xpco\xpco\sc\components\remoteviewer\smartclient\tst\zsmartclient_unittest\bin\x64\debug\net472\zsmartclient_unittest.dll" id="603c4aa1-d1a2-454e-a0ed-ef37e0b81ab7">
      <TestCategory>
        <TestCategoryItem TestCategory="Search" />
      </TestCategory>
      <Execution id="d7da5551-0c5e-4d26-a123-1cef5a0979dd" />
      <TestMethod codeBase="D:\actions-runner\_work\XPCO\XPCO\SC\Components\RemoteViewer\SmartClient\tst\zSmartClient_UnitTest\bin\x64\Debug\net472\zSmartClient_UnitTest.dll" adapterTypeName="executor://mstestadapter/v2" className="SmartClient_UnitTest.VideoOS.RemoteClient.Plugin.CentralizedSearch.ViewModels.SearchReportViewModelTests" name="GetDefaultReportDestination_WrongUserSettings_ReturnsDefaultFolder" />
    </UnitTest>
    <UnitTest name="WorkspaceToolBarItemExportAdd_ShouldGoIntoSelectionMode_WhenNotInSelectionMode" storage="d:\actions-runner\_work\xpco\xpco\sc\components\remoteviewer\smartclient\tst\zsmartclient_unittest\bin\x64\debug\net472\zsmartclient_unittest.dll" id="b532dcb5-d46e-e627-c8a2-132588b28593">
      <Execution id="98e901b5-9bbf-4a39-a8e8-e1eebb97e5d0" />
      <TestMethod codeBase="D:\actions-runner\_work\XPCO\XPCO\SC\Components\RemoteViewer\SmartClient\tst\zSmartClient_UnitTest\bin\x64\Debug\net472\zSmartClient_UnitTest.dll" adapterTypeName="executor://mstestadapter/v2" className="SmartClient_UnitTest.VideoOS.RemoteClient.Application.Data.WorkspaceToolbar.WorkspaceToolbarItemsTimelineSelectionModeTests" name="WorkspaceToolBarItemExportAdd_ShouldGoIntoSelectionMode_WhenNotInSelectionMode" />
    </UnitTest>
    <UnitTest name="TryGetEventServerIdByACSystemId_ShouldReturnFalse_WhenEventServerIdIsNotPartOfServerConfiguredAccessControlSystemsDictionary" storage="d:\actions-runner\_work\xpco\xpco\sc\components\remoteviewer\smartclient\tst\zsmartclient_unittest\bin\x64\debug\net472\zsmartclient_unittest.dll" id="1f3c2e70-43ac-a9e9-ce4b-d72a9af7f0f0">
      <TestCategory>
        <TestCategoryItem TestCategory="AccessControl" />
      </TestCategory>
      <Execution id="cd41066c-a316-45a4-bacf-83eae95b0d3e" />
      <TestMethod codeBase="D:\actions-runner\_work\XPCO\XPCO\SC\Components\RemoteViewer\SmartClient\tst\zSmartClient_UnitTest\bin\x64\Debug\net472\zSmartClient_UnitTest.dll" adapterTypeName="executor://mstestadapter/v2" className="SmartClient_UnitTest.VideoOS.RemoteClient.AccessControl.AccessControlLoginInfoTests" name="TryGetEventServerIdByACSystemId_ShouldReturnFalse_WhenEventServerIdIsNotPartOfServerConfiguredAccessControlSystemsDictionary" />
    </UnitTest>
    <UnitTest name="SmartMapGoToLocationHandler_WhenDataIsNotSmartMapGoToLocationCommandData_ShouldWriteToLog" storage="d:\actions-runner\_work\xpco\xpco\sc\components\remoteviewer\smartclient\tst\zsmartclient_unittest\bin\x64\debug\net472\zsmartclient_unittest.dll" id="45576843-c696-061d-15e3-1a981d4c54b2">
      <Execution id="15e1ca70-325d-4113-82bd-622c70fe91ee" />
      <TestMethod codeBase="D:\actions-runner\_work\XPCO\XPCO\SC\Components\RemoteViewer\SmartClient\tst\zSmartClient_UnitTest\bin\x64\Debug\net472\zSmartClient_UnitTest.dll" adapterTypeName="executor://mstestadapter/v2" className="SmartClient_UnitTest.VideoOS.RemoteClient.Plugin.GisMap.MIP.ContentHolderMipMessageManagerTests" name="SmartMapGoToLocationHandler_WhenDataIsNotSmartMapGoToLocationCommandData_ShouldWriteToLog" />
    </UnitTest>
    <UnitTest name="InputMapItem_ForceActivateAsync_InBuilding_MapLayerHidden_Success" storage="d:\actions-runner\_work\xpco\xpco\sc\components\remoteviewer\smartclient\tst\zsmartclient_unittest\bin\x64\debug\net472\zsmartclient_unittest.dll" id="117fa8ef-1259-0f08-beca-cde4c7f00c30">
      <TestCategory>
        <TestCategoryItem TestCategory="GisMapData.MapItem.Inputs" />
      </TestCategory>
      <Execution id="20f0b224-3b26-4e05-a6b3-6b9ceba8946a" />
      <TestMethod codeBase="D:\actions-runner\_work\XPCO\XPCO\SC\Components\RemoteViewer\SmartClient\tst\zSmartClient_UnitTest\bin\x64\Debug\net472\zSmartClient_UnitTest.dll" adapterTypeName="executor://mstestadapter/v2" className="SmartClient_UnitTest.VideoOS.RemoteClient.GisMapData.MapItem.Inputs.InputMapItemTests" name="InputMapItem_ForceActivateAsync_InBuilding_MapLayerHidden_Success" />
    </UnitTest>
    <UnitTest name="GetGisMapLayerFlyoutName_ShouldReturnOpenStreetMap_WhenGeographicLayerIsNull" storage="d:\actions-runner\_work\xpco\xpco\sc\components\remoteviewer\smartclient\tst\zsmartclient_unittest\bin\x64\debug\net472\zsmartclient_unittest.dll" id="c91e348e-da6a-7f91-b16a-f6b11cfb0f4a">
      <TestCategory>
        <TestCategoryItem TestCategory="GisMapData.Controllers.Osm" />
      </TestCategory>
      <Execution id="e269892d-4eaa-4d6f-a327-e3a510e807b5" />
      <TestMethod codeBase="D:\actions-runner\_work\XPCO\XPCO\SC\Components\RemoteViewer\SmartClient\tst\zSmartClient_UnitTest\bin\x64\Debug\net472\zSmartClient_UnitTest.dll" adapterTypeName="executor://mstestadapter/v2" className="SmartClient_UnitTest.VideoOS.RemoteClient.GisMapData.Controllers.Osm.GisMapOsmControllerTests" name="GetGisMapLayerFlyoutName_ShouldReturnOpenStreetMap_WhenGeographicLayerIsNull" />
    </UnitTest>
    <UnitTest name="IconValueConverter_Convert_ValidIconSource_Success" storage="d:\actions-runner\_work\xpco\xpco\sc\components\remoteviewer\smartclient\tst\zsmartclient_unittest\bin\x64\debug\net472\zsmartclient_unittest.dll" id="06d17b56-b174-7e5f-cf96-64396547a14e">
      <TestCategory>
        <TestCategoryItem TestCategory="SearchConverter" />
      </TestCategory>
      <Execution id="4d5f5271-441a-4a60-b9dc-068a41eb895c" />
      <TestMethod codeBase="D:\actions-runner\_work\XPCO\XPCO\SC\Components\RemoteViewer\SmartClient\tst\zSmartClient_UnitTest\bin\x64\Debug\net472\zSmartClient_UnitTest.dll" adapterTypeName="executor://mstestadapter/v2" className="SmartClient_UnitTest.VideoOS.RemoteClient.Plugin.CentralizedSearch.Views.Converters.IconValueConverterTests" name="IconValueConverter_Convert_ValidIconSource_Success" />
    </UnitTest>
    <UnitTest name="TestLoad_WithNullDatagram_Failure" storage="d:\actions-runner\_work\xpco\xpco\sc\components\remoteviewer\smartclient\tst\zsmartclient_unittest\bin\x64\debug\net472\zsmartclient_unittest.dll" id="e9c28755-a991-4a05-f44d-1683b9f1f037">
      <TestCategory>
        <TestCategoryItem TestCategory="GisMapBuilding" />
      </TestCategory>
      <Execution id="95b6dee3-31d8-4a0b-a92e-cc994d5a9d26" />
      <TestMethod codeBase="D:\actions-runner\_work\XPCO\XPCO\SC\Components\RemoteViewer\SmartClient\tst\zSmartClient_UnitTest\bin\x64\Debug\net472\zSmartClient_UnitTest.dll" adapterTypeName="executor://mstestadapter/v2" className="SmartClient_UnitTest.VideoOS.RemoteClient.GisMapData.MapBuildings.MapLevelTests" name="TestLoad_WithNullDatagram_Failure" />
    </UnitTest>
    <UnitTest name="CreatePdfDocumentAsync_ShouldMakeValidReportFileName_WhenReportNameHasInvalidCharacters" storage="d:\actions-runner\_work\xpco\xpco\sc\components\remoteviewer\smartclient\tst\zsmartclient_unittest\bin\x64\debug\net472\zsmartclient_unittest.dll" id="7a953664-98b1-285b-43a1-df248849d87e">
      <TestCategory>
        <TestCategoryItem TestCategory="Search" />
      </TestCategory>
      <Execution id="02b59578-e464-46fd-801b-e38a97d87250" />
      <TestMethod codeBase="D:\actions-runner\_work\XPCO\XPCO\SC\Components\RemoteViewer\SmartClient\tst\zSmartClient_UnitTest\bin\x64\Debug\net472\zSmartClient_UnitTest.dll" adapterTypeName="executor://mstestadapter/v2" className="SmartClient_UnitTest.VideoOS.RemoteClient.Plugin.CentralizedSearch.ViewModels.SearchReportViewModelTests" name="CreatePdfDocumentAsync_ShouldMakeValidReportFileName_WhenReportNameHasInvalidCharacters" />
    </UnitTest>
    <UnitTest name="Constructor_ShouldCreateNewGenericClient_WhenPassedWithNotOldVersion" storage="d:\actions-runner\_work\xpco\xpco\sc\components\remoteviewer\smartclient\tst\zsmartclient_unittest\bin\x64\debug\net472\zsmartclient_unittest.dll" id="23c3222c-43bf-12ab-6d71-69f32f727a99">
      <Execution id="8eba87ee-967f-4dfa-9f48-c1007fbd97e2" />
      <TestMethod codeBase="D:\actions-runner\_work\XPCO\XPCO\SC\Components\RemoteViewer\SmartClient\tst\zSmartClient_UnitTest\bin\x64\Debug\net472\zSmartClient_UnitTest.dll" adapterTypeName="executor://mstestadapter/v2" className="VideoOS.RemoteClient.ServiceChannel.UnitTest.SmartClientClientTests" name="Constructor_ShouldCreateNewGenericClient_WhenPassedWithNotOldVersion" />
    </UnitTest>
    <UnitTest name="BindingModelVisible_ReactsTo_PluginInstanceEnabledUpdate" storage="d:\actions-runner\_work\xpco\xpco\sc\components\remoteviewer\smartclient\tst\zsmartclient_unittest\bin\x64\debug\net472\zsmartclient_unittest.dll" id="e6f18f4e-717d-7e35-b333-de26f141ac91">
      <TestCategory>
        <TestCategoryItem TestCategory="WorkspaceToolbar" />
      </TestCategory>
      <Execution id="d8657f8b-5058-451c-a4f0-1d30263d3567" />
      <TestMethod codeBase="D:\actions-runner\_work\XPCO\XPCO\SC\Components\RemoteViewer\SmartClient\tst\zSmartClient_UnitTest\bin\x64\Debug\net472\zSmartClient_UnitTest.dll" adapterTypeName="executor://mstestadapter/v2" className="SmartClient_UnitTest.VideoOS.RemoteClient.Application.Data.WorkspaceToolbar.WorkspaceToolbarItemMipPluginTests" name="BindingModelVisible_ReactsTo_PluginInstanceEnabledUpdate" />
    </UnitTest>
    <UnitTest name="GetClusters_NotInitialized_NoClusters" storage="d:\actions-runner\_work\xpco\xpco\sc\components\remoteviewer\smartclient\tst\zsmartclient_unittest\bin\x64\debug\net472\zsmartclient_unittest.dll" id="e9e0e7d6-a421-cf24-61f6-b52746752039">
      <TestCategory>
        <TestCategoryItem TestCategory="GisMapIndex" />
      </TestCategory>
      <Execution id="68e320e7-d1a7-42d0-aca0-006425154b5b" />
      <TestMethod codeBase="D:\actions-runner\_work\XPCO\XPCO\SC\Components\RemoteViewer\SmartClient\tst\zSmartClient_UnitTest\bin\x64\Debug\net472\zSmartClient_UnitTest.dll" adapterTypeName="executor://mstestadapter/v2" className="SmartClient_UnitTest.VideoOS.RemoteClient.GisMapData.Common.Indexer.MapItemIndexerTests" name="GetClusters_NotInitialized_NoClusters" />
    </UnitTest>
    <UnitTest name="DetermineUserAllowsUnsecureConnection_WhereUserIsAskedAndUnsecureIsAllowIsSelected_ShouldReturnTrue" storage="d:\actions-runner\_work\xpco\xpco\sc\components\remoteviewer\smartclient\tst\zsmartclient_unittest\bin\x64\debug\net472\zsmartclient_unittest.dll" id="0c0629d0-f6ea-17eb-459f-54981f9ede50">
      <Execution id="cbb32249-8540-4ed1-a7c1-e078b0585113" />
      <TestMethod codeBase="D:\actions-runner\_work\XPCO\XPCO\SC\Components\RemoteViewer\SmartClient\tst\zSmartClient_UnitTest\bin\x64\Debug\net472\zSmartClient_UnitTest.dll" adapterTypeName="executor://mstestadapter/v2" className="VideoOS.RemoteClient.Application.Managers.UnitTest.AllowUnsecureConnectionManagerTests" name="DetermineUserAllowsUnsecureConnection_WhereUserIsAskedAndUnsecureIsAllowIsSelected_ShouldReturnTrue" />
    </UnitTest>
    <UnitTest name="GetLayerVisibilityItemsData_ShouldAddCameraWithViewZoneFixedLayer_WhenCameraMapAndViewZoneLayersAreProvided" storage="d:\actions-runner\_work\xpco\xpco\sc\components\remoteviewer\smartclient\tst\zsmartclient_unittest\bin\x64\debug\net472\zsmartclient_unittest.dll" id="4adcb6de-d6b1-ce7d-930d-8dcc82e4f478">
      <TestCategory>
        <TestCategoryItem TestCategory="GisMap.DefaultFixedLayerManagerStrategyTests" />
      </TestCategory>
      <Execution id="2e62abf0-b203-421f-bc99-ca6d4120705d" />
      <TestMethod codeBase="D:\actions-runner\_work\XPCO\XPCO\SC\Components\RemoteViewer\SmartClient\tst\zSmartClient_UnitTest\bin\x64\Debug\net472\zSmartClient_UnitTest.dll" adapterTypeName="executor://mstestadapter/v2" className="SmartClient_UnitTest.VideoOS.RemoteClient.Plugin.GisMap.ViewModels.LayersVisibility.FixedLayers.DefaultFixedLayerManagerStrategyTests" name="GetLayerVisibilityItemsData_ShouldAddCameraWithViewZoneFixedLayer_WhenCameraMapAndViewZoneLayersAreProvided" />
    </UnitTest>
    <UnitTest name="CanMoreRegionsBeAdded_ShouldReturnTrue_WhenMaximumRegionsAllowedIsReachedAndSelectedCameraHasRegionsSelected" storage="d:\actions-runner\_work\xpco\xpco\sc\components\remoteviewer\smartclient\tst\zsmartclient_unittest\bin\x64\debug\net472\zsmartclient_unittest.dll" id="e136a8cd-3f63-a904-c5bb-437c3044bc59">
      <TestCategory>
        <TestCategoryItem TestCategory="Search.Filters.ViewModels" />
      </TestCategory>
      <Execution id="20d0d191-ebc7-4a19-a97c-60a299690de9" />
      <TestMethod codeBase="D:\actions-runner\_work\XPCO\XPCO\SC\Components\RemoteViewer\SmartClient\tst\zSmartClient_UnitTest\bin\x64\Debug\net472\zSmartClient_UnitTest.dll" adapterTypeName="executor://mstestadapter/v2" className="SmartClient_UnitTest.VideoOS.RemoteClient.Plugin.CentralizedSearch.MIPPlugin.Criteria.ViewModels.RegionSelectionCameraListItemHelperTests" name="CanMoreRegionsBeAdded_ShouldReturnTrue_WhenMaximumRegionsAllowedIsReachedAndSelectedCameraHasRegionsSelected" />
    </UnitTest>
    <UnitTest name="Connect_SucceedeInConnectingWithCurrentWindowsUser_ShouldReturnTrue" storage="d:\actions-runner\_work\xpco\xpco\sc\components\remoteviewer\smartclient\tst\zsmartclient_unittest\bin\x64\debug\net472\zsmartclient_unittest.dll" id="27e4287b-6aa8-a5c7-2e9e-fe37ab9970d9">
      <Execution id="57b3a89b-5cdb-4ed8-b903-f9f87e1448fc" />
      <TestMethod codeBase="D:\actions-runner\_work\XPCO\XPCO\SC\Components\RemoteViewer\SmartClient\tst\zSmartClient_UnitTest\bin\x64\Debug\net472\zSmartClient_UnitTest.dll" adapterTypeName="executor://mstestadapter/v2" className="VideoOS.Shared.ServerAPI.VMOViewerClientFacade.UnitTest.VMOViewerClientFacadeTests" name="Connect_SucceedeInConnectingWithCurrentWindowsUser_ShouldReturnTrue" />
    </UnitTest>
    <UnitTest name="PtzSessionController_Register_Camera_Test" storage="d:\actions-runner\_work\xpco\xpco\sc\components\remoteviewer\smartclient\tst\zsmartclient_unittest\bin\x64\debug\net472\zsmartclient_unittest.dll" id="198a7352-93d7-0944-f1ae-7a5a353fc2ea">
      <Execution id="041b7b87-d06c-4c00-ae49-94930ffcf9d6" />
      <TestMethod codeBase="D:\actions-runner\_work\XPCO\XPCO\SC\Components\RemoteViewer\SmartClient\tst\zSmartClient_UnitTest\bin\x64\Debug\net472\zSmartClient_UnitTest.dll" adapterTypeName="executor://mstestadapter/v2" className="VideoOS.RemoteClient.Application.Controllers.UnitTest.PtzSessionControllerTest" name="PtzSessionController_Register_Camera_Test" />
    </UnitTest>
    <UnitTest name="TestHasCapability_Success" storage="d:\actions-runner\_work\xpco\xpco\sc\components\remoteviewer\smartclient\tst\zsmartclient_unittest\bin\x64\debug\net472\zsmartclient_unittest.dll" id="3df39c27-f4f5-5c42-c9cb-c9b3731ba9be">
      <Execution id="39e56ce7-757f-42ae-867e-f6fb143749fa" />
      <TestMethod codeBase="D:\actions-runner\_work\XPCO\XPCO\SC\Components\RemoteViewer\SmartClient\tst\zSmartClient_UnitTest\bin\x64\Debug\net472\zSmartClient_UnitTest.dll" adapterTypeName="executor://mstestadapter/v2" className="SmartClient_UnitTest.VideoOS.RemoteClient.GisMapData.Common.GisMapServerCapabilitiesTest" name="TestHasCapability_Success" />
    </UnitTest>
    <UnitTest name="ToSafeName_UnderscoreSeperator_Failure" storage="d:\actions-runner\_work\xpco\xpco\sc\components\remoteviewer\smartclient\tst\zsmartclient_unittest\bin\x64\debug\net472\zsmartclient_unittest.dll" id="4f80de53-a9c2-6ff5-bbd6-96cbb2c56bea">
      <Execution id="7044bbd4-a22c-441c-9262-339b5956274f" />
      <TestMethod codeBase="D:\actions-runner\_work\XPCO\XPCO\SC\Components\RemoteViewer\SmartClient\tst\zSmartClient_UnitTest\bin\x64\Debug\net472\zSmartClient_UnitTest.dll" adapterTypeName="executor://mstestadapter/v2" className="SmartClient_UnitTest.VideoOS.RemoteClient.Application.Common.Scripting.ReservedJavascriptKeywordsTests" name="ToSafeName_UnderscoreSeperator_Failure" />
    </UnitTest>
    <UnitTest name="IsBasicUser_ShouldReturnTrue_WhenConstructedUsingSimple" storage="d:\actions-runner\_work\xpco\xpco\sc\components\remoteviewer\smartclient\tst\zsmartclient_unittest\bin\x64\debug\net472\zsmartclient_unittest.dll" id="9b54b5db-74ce-7f6e-1fd4-798a1baa40f1">
      <TestCategory>
        <TestCategoryItem TestCategory="Authentication.ClientCredentials" />
      </TestCategory>
      <Execution id="0fbb30ad-1b13-486f-bff0-7190bd6c36ab" />
      <TestMethod codeBase="D:\actions-runner\_work\XPCO\XPCO\SC\Components\RemoteViewer\SmartClient\tst\zSmartClient_UnitTest\bin\x64\Debug\net472\zSmartClient_UnitTest.dll" adapterTypeName="executor://mstestadapter/v2" className="SmartClient_UnitTest.VideoOS.Shared.ServerAPI.ClientCredentialsTest" name="IsBasicUser_ShouldReturnTrue_WhenConstructedUsingSimple" />
    </UnitTest>
    <UnitTest name="CreateReportAsync_ShouldFadeoutThumbnail_WhenAfterRecordings" storage="d:\actions-runner\_work\xpco\xpco\sc\components\remoteviewer\smartclient\tst\zsmartclient_unittest\bin\x64\debug\net472\zsmartclient_unittest.dll" id="1e878ee6-feaf-3437-9319-2c6ce9824817">
      <TestCategory>
        <TestCategoryItem TestCategory="Search" />
      </TestCategory>
      <Execution id="410d8420-393c-43fb-8411-27abe66172c5" />
      <TestMethod codeBase="D:\actions-runner\_work\XPCO\XPCO\SC\Components\RemoteViewer\SmartClient\tst\zSmartClient_UnitTest\bin\x64\Debug\net472\zSmartClient_UnitTest.dll" adapterTypeName="executor://mstestadapter/v2" className="SmartClient_UnitTest.VideoOS.RemoteClient.Plugin.CentralizedSearch.ViewModels.Utility.SearchReportPrintFactoryTests" name="CreateReportAsync_ShouldFadeoutThumbnail_WhenAfterRecordings" />
    </UnitTest>
    <UnitTest name="Init_InitialStateLoaded_Success" storage="d:\actions-runner\_work\xpco\xpco\sc\components\remoteviewer\smartclient\tst\zsmartclient_unittest\bin\x64\debug\net472\zsmartclient_unittest.dll" id="00c9ed3e-1b96-abed-4b9f-a4e09fd426a6">
      <TestCategory>
        <TestCategoryItem TestCategory="Search" />
      </TestCategory>
      <Execution id="eb57bf7c-014d-430e-8a5b-c6de8d81df5d" />
      <TestMethod codeBase="D:\actions-runner\_work\XPCO\XPCO\SC\Components\RemoteViewer\SmartClient\tst\zSmartClient_UnitTest\bin\x64\Debug\net472\zSmartClient_UnitTest.dll" adapterTypeName="executor://mstestadapter/v2" className="SmartClient_UnitTest.VideoOS.RemoteClient.Plugin.CentralizedSearch.CentralizedSearchContentHolderTests" name="Init_InitialStateLoaded_Success" />
    </UnitTest>
    <UnitTest name="Ctor_CentralizedSearchState_ViewModelUpdatedAccordingly" storage="d:\actions-runner\_work\xpco\xpco\sc\components\remoteviewer\smartclient\tst\zsmartclient_unittest\bin\x64\debug\net472\zsmartclient_unittest.dll" id="5f08cd58-65ec-6481-8a3e-55fd6d8233b0">
      <TestCategory>
        <TestCategoryItem TestCategory="SearchViewModels" />
      </TestCategory>
      <Execution id="8d511832-322f-4f4d-afa1-dc69acfc8369" />
      <TestMethod codeBase="D:\actions-runner\_work\XPCO\XPCO\SC\Components\RemoteViewer\SmartClient\tst\zSmartClient_UnitTest\bin\x64\Debug\net472\zSmartClient_UnitTest.dll" adapterTypeName="executor://mstestadapter/v2" className="SmartClient_UnitTest.VideoOS.RemoteClient.Plugin.CentralizedSearch.ViewModels.SearchViewModelTests" name="Ctor_CentralizedSearchState_ViewModelUpdatedAccordingly" />
    </UnitTest>
    <UnitTest name="AddItems_ThreeMapItems_ThreeClusterChanges" storage="d:\actions-runner\_work\xpco\xpco\sc\components\remoteviewer\smartclient\tst\zsmartclient_unittest\bin\x64\debug\net472\zsmartclient_unittest.dll" id="be546a67-03cf-7dc5-701c-f28c8929b881">
      <TestCategory>
        <TestCategoryItem TestCategory="GisMapIndex" />
      </TestCategory>
      <Execution id="f00f3af5-c8fa-415f-8193-828cca14ff2b" />
      <TestMethod codeBase="D:\actions-runner\_work\XPCO\XPCO\SC\Components\RemoteViewer\SmartClient\tst\zSmartClient_UnitTest\bin\x64\Debug\net472\zSmartClient_UnitTest.dll" adapterTypeName="executor://mstestadapter/v2" className="SmartClient_UnitTest.VideoOS.RemoteClient.GisMapData.Common.Indexer.MapItemIndexerTests" name="AddItems_ThreeMapItems_ThreeClusterChanges" />
    </UnitTest>
    <UnitTest name="ValidateExportLocation_ShouldReturnFailResult_ExportPathIsInvalid (qwerty)" storage="d:\actions-runner\_work\xpco\xpco\sc\components\remoteviewer\smartclient\tst\zsmartclient_unittest\bin\x64\debug\net472\zsmartclient_unittest.dll" id="bd985866-6108-57f7-ecf5-4c4e6d1eb163">
      <TestCategory>
        <TestCategoryItem TestCategory="Export" />
      </TestCategory>
      <Execution id="fe5edeae-f37f-4d20-8bdd-4e48c318f199" />
      <TestMethod codeBase="D:\actions-runner\_work\XPCO\XPCO\SC\Components\RemoteViewer\SmartClient\tst\zSmartClient_UnitTest\bin\x64\Debug\net472\zSmartClient_UnitTest.dll" adapterTypeName="executor://mstestadapter/v2" className="SmartClient_UnitTest.VideoOS.RemoteClient.Plugin.Export.ExportDataValidatorTests" name="ValidateExportLocation_ShouldReturnFailResult_ExportPathIsInvalid" />
    </UnitTest>
    <UnitTest name="HandlePermissionDeniedResults_ShouldShowMessageAndToast (1,1)" storage="d:\actions-runner\_work\xpco\xpco\sc\components\remoteviewer\smartclient\tst\zsmartclient_unittest\bin\x64\debug\net472\zsmartclient_unittest.dll" id="f43e4ea6-dc47-ee70-a56d-6546d3877223">
      <TestCategory>
        <TestCategoryItem TestCategory="Managers" />
      </TestCategory>
      <Execution id="a1828ff3-02db-42e6-a1ae-f90f7e5a5abd" />
      <TestMethod codeBase="D:\actions-runner\_work\XPCO\XPCO\SC\Components\RemoteViewer\SmartClient\tst\zSmartClient_UnitTest\bin\x64\Debug\net472\zSmartClient_UnitTest.dll" adapterTypeName="executor://mstestadapter/v2" className="SmartClient_UnitTest.VideoOS.RemoteClient.Application.Managers.ExportResultsNotificationHelperTests" name="HandlePermissionDeniedResults_ShouldShowMessageAndToast" />
    </UnitTest>
    <UnitTest name="SetIncludePartialResults_ShouldRespectResultsToReselect_WhenResultsToReselectIsEmpty" storage="d:\actions-runner\_work\xpco\xpco\sc\components\remoteviewer\smartclient\tst\zsmartclient_unittest\bin\x64\debug\net472\zsmartclient_unittest.dll" id="b6f07467-7831-36e3-42f4-7ae0ac1fdc16">
      <TestCategory>
        <TestCategoryItem TestCategory="SearchResultsPreprocessor" />
      </TestCategory>
      <Execution id="3df5734e-deb8-41d5-9ad8-4b6849cc1db5" />
      <TestMethod codeBase="D:\actions-runner\_work\XPCO\XPCO\SC\Components\RemoteViewer\SmartClient\tst\zSmartClient_UnitTest\bin\x64\Debug\net472\zSmartClient_UnitTest.dll" adapterTypeName="executor://mstestadapter/v2" className="SmartClient_UnitTest.VideoOS.RemoteClient.Plugin.CentralizedSearch.Models.SearchResultsPreprocessorTests" name="SetIncludePartialResults_ShouldRespectResultsToReselect_WhenResultsToReselectIsEmpty" />
    </UnitTest>
    <UnitTest name="SearchResultContainerView_OnItemActivated_SearchResultSelectedAndPreviousSelectionKept" storage="d:\actions-runner\_work\xpco\xpco\sc\components\remoteviewer\smartclient\tst\zsmartclient_unittest\bin\x64\debug\net472\zsmartclient_unittest.dll" id="3439b9dc-7196-e05d-43e6-c0e2ac91454a">
      <TestCategory>
        <TestCategoryItem TestCategory="SearchViews" />
      </TestCategory>
      <Execution id="b93800e5-6f84-4a96-9aa8-018b58224b73" />
      <TestMethod codeBase="D:\actions-runner\_work\XPCO\XPCO\SC\Components\RemoteViewer\SmartClient\tst\zSmartClient_UnitTest\bin\x64\Debug\net472\zSmartClient_UnitTest.dll" adapterTypeName="executor://mstestadapter/v2" className="SmartClient_UnitTest.VideoOS.RemoteClient.Plugin.CentralizedSearch.Views.SearchResultsViewTests" name="SearchResultContainerView_OnItemActivated_SearchResultSelectedAndPreviousSelectionKept" />
    </UnitTest>
    <UnitTest name="OutputItemsMapLayer_Load_Save_DataIsSame_WhenOutputIsEnabled" storage="d:\actions-runner\_work\xpco\xpco\sc\components\remoteviewer\smartclient\tst\zsmartclient_unittest\bin\x64\debug\net472\zsmartclient_unittest.dll" id="3fc559f5-bb13-876b-1485-1faebe02441c">
      <TestCategory>
        <TestCategoryItem TestCategory="GisMapLayer" />
      </TestCategory>
      <Execution id="177ec052-3e32-4c20-9c66-8ba453b05968" />
      <TestMethod codeBase="D:\actions-runner\_work\XPCO\XPCO\SC\Components\RemoteViewer\SmartClient\tst\zSmartClient_UnitTest\bin\x64\Debug\net472\zSmartClient_UnitTest.dll" adapterTypeName="executor://mstestadapter/v2" className="SmartClient_UnitTest.VideoOS.RemoteClient.GisMap.MapLayers.GisMapLayerTests" name="OutputItemsMapLayer_Load_Save_DataIsSame_WhenOutputIsEnabled" />
    </UnitTest>
    <UnitTest name="ToUnsafeName_UnderscoreSeperator_Failure" storage="d:\actions-runner\_work\xpco\xpco\sc\components\remoteviewer\smartclient\tst\zsmartclient_unittest\bin\x64\debug\net472\zsmartclient_unittest.dll" id="ab87a2ac-ff1e-bd5f-59b1-9c79c2ca68fe">
      <Execution id="e7b64d3a-3bd8-4a09-abd2-73fb5631d4a4" />
      <TestMethod codeBase="D:\actions-runner\_work\XPCO\XPCO\SC\Components\RemoteViewer\SmartClient\tst\zSmartClient_UnitTest\bin\x64\Debug\net472\zSmartClient_UnitTest.dll" adapterTypeName="executor://mstestadapter/v2" className="SmartClient_UnitTest.VideoOS.RemoteClient.Application.Common.Scripting.ReservedJavascriptKeywordsTests" name="ToUnsafeName_UnderscoreSeperator_Failure" />
    </UnitTest>
    <UnitTest name="IsProductionEnvironment_ShouldReturnCorrectValue (somethingRandom,False)" storage="d:\actions-runner\_work\xpco\xpco\sc\components\remoteviewer\smartclient\tst\zsmartclient_unittest\bin\x64\debug\net472\zsmartclient_unittest.dll" id="197e6921-40ea-6a05-42eb-bd7a939f37cd">
      <Execution id="38f553eb-0ee9-42dd-b932-5205c554dfcd" />
      <TestMethod codeBase="D:\actions-runner\_work\XPCO\XPCO\SC\Components\RemoteViewer\SmartClient\tst\zSmartClient_UnitTest\bin\x64\Debug\net472\zSmartClient_UnitTest.dll" adapterTypeName="executor://mstestadapter/v2" className="SmartClient_UnitTest.VideoOS.RemoteClient.Application.Common.Telemetry.TelemetryKeyProviderTests" name="IsProductionEnvironment_ShouldReturnCorrectValue" />
    </UnitTest>
    <UnitTest name="RemoveWorkroom_ShouldReturnFalse_WhenWorkroomToRemoveIsNotInWorkroomController" storage="d:\actions-runner\_work\xpco\xpco\sc\components\remoteviewer\smartclient\tst\zsmartclient_unittest\bin\x64\debug\net472\zsmartclient_unittest.dll" id="89b47aac-6f01-eda4-d247-3a79dc9d2cab">
      <TestCategory>
        <TestCategoryItem TestCategory="WorkroomController" />
      </TestCategory>
      <Execution id="470551ff-e0e2-48fc-8554-4ae65e2335a8" />
      <TestMethod codeBase="D:\actions-runner\_work\XPCO\XPCO\SC\Components\RemoteViewer\SmartClient\tst\zSmartClient_UnitTest\bin\x64\Debug\net472\zSmartClient_UnitTest.dll" adapterTypeName="executor://mstestadapter/v2" className="SmartClient_UnitTest.VideoOS.RemoteClient.Application.Controllers.WorkroomController.WorkroomControllerBaseTest" name="RemoveWorkroom_ShouldReturnFalse_WhenWorkroomToRemoveIsNotInWorkroomController" />
    </UnitTest>
    <UnitTest name="GetGisMapLayerFlyoutName_ShouldReturnMilestoneGisMapServiceName_WhenGeographicLayerIsAvailableAndAlternativeServerIsEmpty" storage="d:\actions-runner\_work\xpco\xpco\sc\components\remoteviewer\smartclient\tst\zsmartclient_unittest\bin\x64\debug\net472\zsmartclient_unittest.dll" id="4190041e-4d7b-4cda-212b-4ae0c9029e36">
      <TestCategory>
        <TestCategoryItem TestCategory="GisMapData.Controllers.Osm" />
      </TestCategory>
      <Execution id="23291794-add2-47cc-a9a4-250bbd95d09d" />
      <TestMethod codeBase="D:\actions-runner\_work\XPCO\XPCO\SC\Components\RemoteViewer\SmartClient\tst\zSmartClient_UnitTest\bin\x64\Debug\net472\zSmartClient_UnitTest.dll" adapterTypeName="executor://mstestadapter/v2" className="SmartClient_UnitTest.VideoOS.RemoteClient.GisMapData.Controllers.Osm.GisMapOsmControllerTests" name="GetGisMapLayerFlyoutName_ShouldReturnMilestoneGisMapServiceName_WhenGeographicLayerIsAvailableAndAlternativeServerIsEmpty" />
    </UnitTest>
    <UnitTest name="Related_devices_removed_when_camera_removed" storage="d:\actions-runner\_work\xpco\xpco\sc\components\remoteviewer\smartclient\tst\zsmartclient_unittest\bin\x64\debug\net472\zsmartclient_unittest.dll" id="cdf3455a-ff33-49bd-8e27-f8c9df19be38">
      <Execution id="4247809b-963c-4590-9fe1-e7d5718ea440" />
      <TestMethod codeBase="D:\actions-runner\_work\XPCO\XPCO\SC\Components\RemoteViewer\SmartClient\tst\zSmartClient_UnitTest\bin\x64\Debug\net472\zSmartClient_UnitTest.dll" adapterTypeName="executor://mstestadapter/v2" className="SmartClient_UnitTest.VideoOS.RemoteClient.Application.Components.EvidenceLock.EvidenceLockRelatedDeviceTests" name="Related_devices_removed_when_camera_removed" />
    </UnitTest>
    <UnitTest name="Passwords are not the same, same length" storage="d:\actions-runner\_work\xpco\xpco\sc\components\remoteviewer\smartclient\tst\zsmartclient_unittest\bin\x64\debug\net472\zsmartclient_unittest.dll" id="3bd81b95-7261-7440-6f9b-0a040682a0f4">
      <TestCategory>
        <TestCategoryItem TestCategory="Export" />
      </TestCategory>
      <Execution id="8ae06a25-7311-4024-b3d0-6de8fe692ce8" />
      <TestMethod codeBase="D:\actions-runner\_work\XPCO\XPCO\SC\Components\RemoteViewer\SmartClient\tst\zSmartClient_UnitTest\bin\x64\Debug\net472\zSmartClient_UnitTest.dll" adapterTypeName="executor://mstestadapter/v2" className="SmartClient_UnitTest.VideoOS.RemoteClient.Plugin.Export.PasswordDialogViewModelTests" name="SettingPassword1AndPassword2_ShouldSetIsPassword2Valid" />
    </UnitTest>
    <UnitTest name="HandlePermissionDeniedResults_ShouldShowMessageAndToast (0,0)" storage="d:\actions-runner\_work\xpco\xpco\sc\components\remoteviewer\smartclient\tst\zsmartclient_unittest\bin\x64\debug\net472\zsmartclient_unittest.dll" id="e297916a-d955-c1ee-c31e-2f68ca7e1b88">
      <TestCategory>
        <TestCategoryItem TestCategory="Managers" />
      </TestCategory>
      <Execution id="53d33f2a-0aee-4b14-8e9b-9517229386ad" />
      <TestMethod codeBase="D:\actions-runner\_work\XPCO\XPCO\SC\Components\RemoteViewer\SmartClient\tst\zSmartClient_UnitTest\bin\x64\Debug\net472\zSmartClient_UnitTest.dll" adapterTypeName="executor://mstestadapter/v2" className="SmartClient_UnitTest.VideoOS.RemoteClient.Application.Managers.ExportResultsNotificationHelperTests" name="HandlePermissionDeniedResults_ShouldShowMessageAndToast" />
    </UnitTest>
    <UnitTest name="AddApiKey_WhereApiKeyValid_ReturnsGoogleMapsUrl" storage="d:\actions-runner\_work\xpco\xpco\sc\components\remoteviewer\smartclient\tst\zsmartclient_unittest\bin\x64\debug\net472\zsmartclient_unittest.dll" id="beb419e5-5bec-3550-745e-1f14592b96f7">
      <Execution id="74a3c2d2-3599-4975-afc4-724177825c85" />
      <TestMethod codeBase="D:\actions-runner\_work\XPCO\XPCO\SC\Components\RemoteViewer\SmartClient\tst\zSmartClient_UnitTest\bin\x64\Debug\net472\zSmartClient_UnitTest.dll" adapterTypeName="executor://mstestadapter/v2" className="SmartClient_UnitTest.VideoOS.RemoteClient.Plugin.GisMap.Utilities.GoogleApiUrlTest" name="AddApiKey_WhereApiKeyValid_ReturnsGoogleMapsUrl" />
    </UnitTest>
    <UnitTest name="ShowNotificationMessage_SetsCorrectDisplayProperties_WhenCalled" storage="d:\actions-runner\_work\xpco\xpco\sc\components\remoteviewer\smartclient\tst\zsmartclient_unittest\bin\x64\debug\net472\zsmartclient_unittest.dll" id="4672bcf4-734d-4ad9-761e-d152a3dbb36b">
      <TestCategory>
        <TestCategoryItem TestCategory="GisMapContentHolderTests" />
      </TestCategory>
      <Execution id="86848381-07c9-4518-a647-4121da3a6f2a" />
      <TestMethod codeBase="D:\actions-runner\_work\XPCO\XPCO\SC\Components\RemoteViewer\SmartClient\tst\zSmartClient_UnitTest\bin\x64\Debug\net472\zSmartClient_UnitTest.dll" adapterTypeName="executor://mstestadapter/v2" className="SmartClient_UnitTest.VideoOS.RemoteClient.Plugin.GisMap.ContentHolderTests" name="ShowNotificationMessage_SetsCorrectDisplayProperties_WhenCalled" />
    </UnitTest>
    <UnitTest name="Dispose_ActiveSearchResults_DefinitionsCancelled" storage="d:\actions-runner\_work\xpco\xpco\sc\components\remoteviewer\smartclient\tst\zsmartclient_unittest\bin\x64\debug\net472\zsmartclient_unittest.dll" id="83e5fe5b-931d-f217-a151-96bc1abdc89d">
      <TestCategory>
        <TestCategoryItem TestCategory="SearchModels" />
      </TestCategory>
      <Execution id="e6649580-be22-4a43-aa8c-b9e72c7b7de3" />
      <TestMethod codeBase="D:\actions-runner\_work\XPCO\XPCO\SC\Components\RemoteViewer\SmartClient\tst\zSmartClient_UnitTest\bin\x64\Debug\net472\zSmartClient_UnitTest.dll" adapterTypeName="executor://mstestadapter/v2" className="SmartClient_UnitTest.VideoOS.RemoteClient.Plugin.CentralizedSearch.Models.SearchModelTests" name="Dispose_ActiveSearchResults_DefinitionsCancelled" />
    </UnitTest>
    <UnitTest name="Convert_ShouldReturnTextBlock_WhenValueIsString" storage="d:\actions-runner\_work\xpco\xpco\sc\components\remoteviewer\smartclient\tst\zsmartclient_unittest\bin\x64\debug\net472\zsmartclient_unittest.dll" id="782e99d7-36f7-67c7-e68d-cb6d91a4a048">
      <Execution id="05f5d11c-8a4d-4d3b-8083-096a7c0778e3" />
      <TestMethod codeBase="D:\actions-runner\_work\XPCO\XPCO\SC\Components\RemoteViewer\SmartClient\tst\zSmartClient_UnitTest\bin\x64\Debug\net472\zSmartClient_UnitTest.dll" adapterTypeName="executor://mstestadapter/v2" className="SmartClient_UnitTest.VideoOS.Common.UIThemes.ContentToTooltipTextConverterTests" name="Convert_ShouldReturnTextBlock_WhenValueIsString" />
    </UnitTest>
    <UnitTest name="PointMapItem_CameraDeviceWithNoShortName_Success" storage="d:\actions-runner\_work\xpco\xpco\sc\components\remoteviewer\smartclient\tst\zsmartclient_unittest\bin\x64\debug\net472\zsmartclient_unittest.dll" id="2b4d39ea-1010-36f3-4fa9-2911297ae4a4">
      <TestCategory>
        <TestCategoryItem TestCategory="GisMapMapItem" />
      </TestCategory>
      <Execution id="860a53de-78b9-4ca4-8a5c-69073d22bef2" />
      <TestMethod codeBase="D:\actions-runner\_work\XPCO\XPCO\SC\Components\RemoteViewer\SmartClient\tst\zSmartClient_UnitTest\bin\x64\Debug\net472\zSmartClient_UnitTest.dll" adapterTypeName="executor://mstestadapter/v2" className="SmartClient_UnitTest.VideoOS.RemoteClient.GisMap.MapItem.MapItemTests" name="PointMapItem_CameraDeviceWithNoShortName_Success" />
    </UnitTest>
    <UnitTest name="Deserialize_MissingScopeDurationAndFromToValues_DefaultsToTwoHours" storage="d:\actions-runner\_work\xpco\xpco\sc\components\remoteviewer\smartclient\tst\zsmartclient_unittest\bin\x64\debug\net472\zsmartclient_unittest.dll" id="65cfed84-d8b7-91f1-c7b3-2b30cf50cfed">
      <TestCategory>
        <TestCategoryItem TestCategory="SearchModels" />
      </TestCategory>
      <Execution id="b2aacc34-8c4f-481c-b5f6-d500b50a9fa7" />
      <TestMethod codeBase="D:\actions-runner\_work\XPCO\XPCO\SC\Components\RemoteViewer\SmartClient\tst\zSmartClient_UnitTest\bin\x64\Debug\net472\zSmartClient_UnitTest.dll" adapterTypeName="executor://mstestadapter/v2" className="SmartClient_UnitTest.VideoOS.RemoteClient.Plugin.CentralizedSearch.Models.SearchModelTests" name="Deserialize_MissingScopeDurationAndFromToValues_DefaultsToTwoHours" />
    </UnitTest>
    <UnitTest name="Convert_NoCamerasSelectionsButOneSearchDefinition_Collapsed" storage="d:\actions-runner\_work\xpco\xpco\sc\components\remoteviewer\smartclient\tst\zsmartclient_unittest\bin\x64\debug\net472\zsmartclient_unittest.dll" id="f4c83ffd-478a-19b7-4825-b6d0081bab21">
      <TestCategory>
        <TestCategoryItem TestCategory="SearchConverter" />
      </TestCategory>
      <Execution id="268d0203-2518-4cbe-89a4-588d543a8cde" />
      <TestMethod codeBase="D:\actions-runner\_work\XPCO\XPCO\SC\Components\RemoteViewer\SmartClient\tst\zSmartClient_UnitTest\bin\x64\Debug\net472\zSmartClient_UnitTest.dll" adapterTypeName="executor://mstestadapter/v2" className="SmartClient_UnitTest.VideoOS.RemoteClient.Plugin.CentralizedSearch.Views.Converters.NoCriteriaSelectedGridVisibilityConverterTests" name="Convert_NoCamerasSelectionsButOneSearchDefinition_Collapsed" />
    </UnitTest>
    <UnitTest name="Close_MultipleSearchFilterCategoriesInManager_SearchDefinitionDestroyedForEachCategory" storage="d:\actions-runner\_work\xpco\xpco\sc\components\remoteviewer\smartclient\tst\zsmartclient_unittest\bin\x64\debug\net472\zsmartclient_unittest.dll" id="3ff67012-33f7-cd39-573d-f3e6ab37a120">
      <TestCategory>
        <TestCategoryItem TestCategory="Search" />
      </TestCategory>
      <Execution id="1401ba00-4fc0-4d73-8468-c60130114ed9" />
      <TestMethod codeBase="D:\actions-runner\_work\XPCO\XPCO\SC\Components\RemoteViewer\SmartClient\tst\zSmartClient_UnitTest\bin\x64\Debug\net472\zSmartClient_UnitTest.dll" adapterTypeName="executor://mstestadapter/v2" className="SmartClient_UnitTest.VideoOS.RemoteClient.Plugin.CentralizedSearch.MIPPlugin.CompositeSearchDefinitionTests" name="Close_MultipleSearchFilterCategoriesInManager_SearchDefinitionDestroyedForEachCategory" />
    </UnitTest>
    <UnitTest name="CreateGeometry_FourCornerBuildingNotClosed_Success" storage="d:\actions-runner\_work\xpco\xpco\sc\components\remoteviewer\smartclient\tst\zsmartclient_unittest\bin\x64\debug\net472\zsmartclient_unittest.dll" id="8338d7c2-18e7-4534-499f-88d705208b50">
      <TestCategory>
        <TestCategoryItem TestCategory="GisMapIndex" />
      </TestCategory>
      <Execution id="5944f0c6-6833-45bf-ab12-2e02017e9ab3" />
      <TestMethod codeBase="D:\actions-runner\_work\XPCO\XPCO\SC\Components\RemoteViewer\SmartClient\tst\zSmartClient_UnitTest\bin\x64\Debug\net472\zSmartClient_UnitTest.dll" adapterTypeName="executor://mstestadapter/v2" className="SmartClient_UnitTest.VideoOS.RemoteClient.GisMapData.Common.Indexer.IndexUtilTests" name="CreateGeometry_FourCornerBuildingNotClosed_Success" />
    </UnitTest>
    <UnitTest name="GetDuration_SeveralDays_Success" storage="d:\actions-runner\_work\xpco\xpco\sc\components\remoteviewer\smartclient\tst\zsmartclient_unittest\bin\x64\debug\net472\zsmartclient_unittest.dll" id="866f7855-bb2c-7de3-0df1-014de8905cab">
      <TestCategory>
        <TestCategoryItem TestCategory="Search" />
      </TestCategory>
      <Execution id="e7bfc494-c40c-4377-aa9b-3ab303db0f32" />
      <TestMethod codeBase="D:\actions-runner\_work\XPCO\XPCO\SC\Components\RemoteViewer\SmartClient\tst\zSmartClient_UnitTest\bin\x64\Debug\net472\zSmartClient_UnitTest.dll" adapterTypeName="executor://mstestadapter/v2" className="SmartClient_UnitTest.VideoOS.RemoteClient.Plugin.CentralizedSearch.ViewModels.Data.TimeScopeTests" name="GetDuration_SeveralDays_Success" />
    </UnitTest>
    <UnitTest name="OpenStreetMapLayer_IsGeographic_Save_Success" storage="d:\actions-runner\_work\xpco\xpco\sc\components\remoteviewer\smartclient\tst\zsmartclient_unittest\bin\x64\debug\net472\zsmartclient_unittest.dll" id="d15a2abd-55c2-7d70-0462-a973f8ec2ac3">
      <TestCategory>
        <TestCategoryItem TestCategory="GisMapLayer" />
      </TestCategory>
      <Execution id="c9f1053f-ee90-4924-9681-1873cc62db02" />
      <TestMethod codeBase="D:\actions-runner\_work\XPCO\XPCO\SC\Components\RemoteViewer\SmartClient\tst\zSmartClient_UnitTest\bin\x64\Debug\net472\zSmartClient_UnitTest.dll" adapterTypeName="executor://mstestadapter/v2" className="SmartClient_UnitTest.VideoOS.RemoteClient.GisMap.MapLayers.GisMapLayerTests" name="OpenStreetMapLayer_IsGeographic_Save_Success" />
    </UnitTest>
    <UnitTest name="Extending_Is_Disabled_When_Create_Rights_Missing" storage="d:\actions-runner\_work\xpco\xpco\sc\components\remoteviewer\smartclient\tst\zsmartclient_unittest\bin\x64\debug\net472\zsmartclient_unittest.dll" id="6da29afb-8acf-3f8d-692b-690d3f268744">
      <Execution id="8c4f7e18-c59c-4013-890b-7143f52df0d6" />
      <TestMethod codeBase="D:\actions-runner\_work\XPCO\XPCO\SC\Components\RemoteViewer\SmartClient\tst\zSmartClient_UnitTest\bin\x64\Debug\net472\zSmartClient_UnitTest.dll" adapterTypeName="executor://mstestadapter/v2" className="SmartClient_UnitTest.VideoOS.RemoteClient.Application.Components.EvidenceLock.EvidenceLockEditModeUserRightTests" name="Extending_Is_Disabled_When_Create_Rights_Missing" />
    </UnitTest>
    <UnitTest name="Ctor_WpfMessageBoxButtonIsSetToYesNoCancel_OnlyYesNoCancelButtonsVisible" storage="d:\actions-runner\_work\xpco\xpco\sc\components\remoteviewer\smartclient\tst\zsmartclient_unittest\bin\x64\debug\net472\zsmartclient_unittest.dll" id="bdb27dac-eff0-8887-ff55-d405cca80355">
      <Execution id="b25e677b-56f4-4501-933d-584cc9297be7" />
      <TestMethod codeBase="D:\actions-runner\_work\XPCO\XPCO\SC\Components\RemoteViewer\SmartClient\tst\zSmartClient_UnitTest\bin\x64\Debug\net472\zSmartClient_UnitTest.dll" adapterTypeName="executor://mstestadapter/v2" className="SmartClient_UnitTest.VideoOS.RemoteClient.Application.UI.Common.MessageBoxWithList.MessageBoxWithListViewModelTests" name="Ctor_WpfMessageBoxButtonIsSetToYesNoCancel_OnlyYesNoCancelButtonsVisible" />
    </UnitTest>
    <UnitTest name="GetCredential_ShouldReturnContainedWindowsCredentials_WhenUriAndAuthTypeAreNotNull" storage="d:\actions-runner\_work\xpco\xpco\sc\components\remoteviewer\smartclient\tst\zsmartclient_unittest\bin\x64\debug\net472\zsmartclient_unittest.dll" id="2b8f6313-6f64-c487-2e4c-3d07b5bd4159">
      <TestCategory>
        <TestCategoryItem TestCategory="Authentication.ClientCredentials" />
      </TestCategory>
      <Execution id="f7e69738-269c-4dcc-b1b8-698c33af75c7" />
      <TestMethod codeBase="D:\actions-runner\_work\XPCO\XPCO\SC\Components\RemoteViewer\SmartClient\tst\zSmartClient_UnitTest\bin\x64\Debug\net472\zSmartClient_UnitTest.dll" adapterTypeName="executor://mstestadapter/v2" className="SmartClient_UnitTest.VideoOS.Shared.ServerAPI.ClientCredentialsTest" name="GetCredential_ShouldReturnContainedWindowsCredentials_WhenUriAndAuthTypeAreNotNull" />
    </UnitTest>
    <UnitTest name="DrawCore_ShouldRemoveAllTransientMarkers_WhenNoTransientItemsToDisplay" storage="d:\actions-runner\_work\xpco\xpco\sc\components\remoteviewer\smartclient\tst\zsmartclient_unittest\bin\x64\debug\net472\zsmartclient_unittest.dll" id="efaca709-8a13-6b06-ae96-68d58720423e">
      <TestCategory>
        <TestCategoryItem TestCategory="SmartMap.MapItemsOverlay" />
      </TestCategory>
      <Execution id="5627efb7-9e94-4f07-8f31-685e96f87e39" />
      <TestMethod codeBase="D:\actions-runner\_work\XPCO\XPCO\SC\Components\RemoteViewer\SmartClient\tst\zSmartClient_UnitTest\bin\x64\Debug\net472\zSmartClient_UnitTest.dll" adapterTypeName="executor://mstestadapter/v2" className="SmartClient_UnitTest.VideoOS.RemoteClient.Plugin.GisMap.ThinkGeoMap.SpecializedOverlays.Overlays.MapItemsOverlayTests" name="DrawCore_ShouldRemoveAllTransientMarkers_WhenNoTransientItemsToDisplay" />
    </UnitTest>
    <UnitTest name="OnLoaded_NullFactory_DoesNotCrash" storage="d:\actions-runner\_work\xpco\xpco\sc\components\remoteviewer\smartclient\tst\zsmartclient_unittest\bin\x64\debug\net472\zsmartclient_unittest.dll" id="025863ce-ac84-e56c-d6b6-947b70b4b25d">
      <TestCategory>
        <TestCategoryItem TestCategory="Search.SmartMapPreview" />
      </TestCategory>
      <Execution id="5859376b-a26b-4c86-8225-6fe171d92498" />
      <TestMethod codeBase="D:\actions-runner\_work\XPCO\XPCO\SC\Components\RemoteViewer\SmartClient\tst\zSmartClient_UnitTest\bin\x64\Debug\net472\zSmartClient_UnitTest.dll" adapterTypeName="executor://mstestadapter/v2" className="SmartClient_UnitTest.VideoOS.RemoteClient.Plugin.CentralizedSearch.Views.Controls.SmartMap.SmartMapPreviewTests" name="OnLoaded_NullFactory_DoesNotCrash" />
    </UnitTest>
    <UnitTest name="GetPartialDiffBetweenDictionaries_ShouldReturnCorrectValues (System.Collections.Generic.Dictionary`2[System.String,System.String],System.Collections.Generic.Dictionary`2[System.String,System.String],System.Collections.Generic.Dictionary`2[System.String,System.String])" storage="d:\actions-runner\_work\xpco\xpco\sc\components\remoteviewer\smartclient\tst\zsmartclient_unittest\bin\x64\debug\net472\zsmartclient_unittest.dll" id="127e2415-6090-4094-56d7-1fadf987188b">
      <Execution id="9daedaa7-e9bc-4527-9342-51570b64d175" />
      <TestMethod codeBase="D:\actions-runner\_work\XPCO\XPCO\SC\Components\RemoteViewer\SmartClient\tst\zSmartClient_UnitTest\bin\x64\Debug\net472\zSmartClient_UnitTest.dll" adapterTypeName="executor://mstestadapter/v2" className="SmartClient_UnitTest.VideoOS.RemoteClient.Application.Common.Telemetry.TelemetryBuilderTests" name="GetPartialDiffBetweenDictionaries_ShouldReturnCorrectValues" />
    </UnitTest>
    <UnitTest name="TestCreateWorkroom_Two_Success" storage="d:\actions-runner\_work\xpco\xpco\sc\components\remoteviewer\smartclient\tst\zsmartclient_unittest\bin\x64\debug\net472\zsmartclient_unittest.dll" id="7e90dd26-5432-8bfa-3839-6557709d9ac8">
      <TestCategory>
        <TestCategoryItem TestCategory="WorkroomController" />
      </TestCategory>
      <Execution id="72946fd9-a93c-4e39-a567-5d604983aed6" />
      <TestMethod codeBase="D:\actions-runner\_work\XPCO\XPCO\SC\Components\RemoteViewer\SmartClient\tst\zSmartClient_UnitTest\bin\x64\Debug\net472\zSmartClient_UnitTest.dll" adapterTypeName="executor://mstestadapter/v2" className="VideoOS.RemoteClient.Application.Controllers.WorkroomController.UnitTest.TabWorkroomControllerTest" name="TestCreateWorkroom_Two_Success" />
    </UnitTest>
    <UnitTest name="RaiseUpdateMutedMicrophonesAsync_ShouldMutedMicrophones_WhenEventIsRaised" storage="d:\actions-runner\_work\xpco\xpco\sc\components\remoteviewer\smartclient\tst\zsmartclient_unittest\bin\x64\debug\net472\zsmartclient_unittest.dll" id="895eb9fc-2343-3650-d2d8-97e69df3493b">
      <TestCategory>
        <TestCategoryItem TestCategory="GisMapAudioController" />
      </TestCategory>
      <Execution id="3d24fa28-45fa-468f-ad9a-5888bfc83343" />
      <TestMethod codeBase="D:\actions-runner\_work\XPCO\XPCO\SC\Components\RemoteViewer\SmartClient\tst\zSmartClient_UnitTest\bin\x64\Debug\net472\zSmartClient_UnitTest.dll" adapterTypeName="executor://mstestadapter/v2" className="SmartClient_UnitTest.VideoOS.RemoteClient.GisMapData.GisMapAudioControllerTests" name="RaiseUpdateMutedMicrophonesAsync_ShouldMutedMicrophones_WhenEventIsRaised" />
    </UnitTest>
    <UnitTest name="DeleteSearchTemplateAsync_ValidParameters_Success" storage="d:\actions-runner\_work\xpco\xpco\sc\components\remoteviewer\smartclient\tst\zsmartclient_unittest\bin\x64\debug\net472\zsmartclient_unittest.dll" id="6260aeda-57ba-cb91-4a82-f4cbd7c152d7">
      <TestCategory>
        <TestCategoryItem TestCategory="SearchTemplatesService" />
      </TestCategory>
      <Execution id="236d8bcb-cb4f-48ec-a305-25d71d7eb699" />
      <TestMethod codeBase="D:\actions-runner\_work\XPCO\XPCO\SC\Components\RemoteViewer\SmartClient\tst\zSmartClient_UnitTest\bin\x64\Debug\net472\zSmartClient_UnitTest.dll" adapterTypeName="executor://mstestadapter/v2" className="SmartClient_UnitTest.VideoOS.RemoteClient.Plugin.CentralizedSearch.SearchTemplates.Service.SearchTemplateServiceTests" name="DeleteSearchTemplateAsync_ValidParameters_Success" />
    </UnitTest>
    <UnitTest name="MapLayerType_ShouldBeOutputItemsMapLayer_WhenCalled" storage="d:\actions-runner\_work\xpco\xpco\sc\components\remoteviewer\smartclient\tst\zsmartclient_unittest\bin\x64\debug\net472\zsmartclient_unittest.dll" id="d1c49c69-fe5f-8257-84d6-6eb683f2a033">
      <Execution id="eb3b04aa-0e38-44e8-b35d-fafba94a9874" />
      <TestMethod codeBase="D:\actions-runner\_work\XPCO\XPCO\SC\Components\RemoteViewer\SmartClient\tst\zSmartClient_UnitTest\bin\x64\Debug\net472\zSmartClient_UnitTest.dll" adapterTypeName="executor://mstestadapter/v2" className="SmartClient_UnitTest.VideoOS.RemoteClient.GisMapData.Strategies.MapLayers.OutputMapLayerDatagramClassFactoryStrategyTests" name="MapLayerType_ShouldBeOutputItemsMapLayer_WhenCalled" />
    </UnitTest>
    <UnitTest name="Convert_ShouldRaiseInvalidCastException_WhenParameterIsAnInteractionState" storage="d:\actions-runner\_work\xpco\xpco\sc\components\remoteviewer\smartclient\tst\zsmartclient_unittest\bin\x64\debug\net472\zsmartclient_unittest.dll" id="a00003bd-aa50-3927-aba0-52fe02475d39">
      <TestCategory>
        <TestCategoryItem TestCategory="GisMap.InteractionStateConverter" />
      </TestCategory>
      <Execution id="01ea2fbd-c383-444e-a963-9c1b52e32166" />
      <TestMethod codeBase="D:\actions-runner\_work\XPCO\XPCO\SC\Components\RemoteViewer\SmartClient\tst\zSmartClient_UnitTest\bin\x64\Debug\net472\zSmartClient_UnitTest.dll" adapterTypeName="executor://mstestadapter/v2" className="SmartClient_UnitTest.VideoOS.RemoteClient.Plugin.GisMap.View.InteractionStateConverterTests" name="Convert_ShouldRaiseInvalidCastException_WhenParameterIsAnInteractionState" />
    </UnitTest>
    <UnitTest name="GetSearchTemplateAsync_ThrowTimeoutException_Success" storage="d:\actions-runner\_work\xpco\xpco\sc\components\remoteviewer\smartclient\tst\zsmartclient_unittest\bin\x64\debug\net472\zsmartclient_unittest.dll" id="e7e63149-c015-7b5a-f774-f0bcac9b808e">
      <TestCategory>
        <TestCategoryItem TestCategory="SearchTemplatesService" />
      </TestCategory>
      <Execution id="314fe41d-85b2-478c-a2d6-5199a9515f7e" />
      <TestMethod codeBase="D:\actions-runner\_work\XPCO\XPCO\SC\Components\RemoteViewer\SmartClient\tst\zSmartClient_UnitTest\bin\x64\Debug\net472\zSmartClient_UnitTest.dll" adapterTypeName="executor://mstestadapter/v2" className="SmartClient_UnitTest.VideoOS.RemoteClient.Plugin.CentralizedSearch.SearchTemplates.Service.SearchTemplateServiceTests" name="GetSearchTemplateAsync_ThrowTimeoutException_Success" />
    </UnitTest>
    <UnitTest name="GetSnapshots_UnauthorizedAccess_Failure" storage="d:\actions-runner\_work\xpco\xpco\sc\components\remoteviewer\smartclient\tst\zsmartclient_unittest\bin\x64\debug\net472\zsmartclient_unittest.dll" id="40de1517-d6a6-7e31-1713-862fa25a82b9">
      <TestCategory>
        <TestCategoryItem TestCategory="Search" />
      </TestCategory>
      <Execution id="8d189898-b2a2-4efa-ac30-1fbe3f7f74b4" />
      <TestMethod codeBase="D:\actions-runner\_work\XPCO\XPCO\SC\Components\RemoteViewer\SmartClient\tst\zSmartClient_UnitTest\bin\x64\Debug\net472\zSmartClient_UnitTest.dll" adapterTypeName="executor://mstestadapter/v2" className="SmartClient_UnitTest.VideoOS.RemoteClient.Plugin.CentralizedSearch.ViewModels.Data.SnapshotHandlerTests" name="GetSnapshots_UnauthorizedAccess_Failure" />
    </UnitTest>
    <UnitTest name="Convert_ShouldReturnUnchangedObject_WhenCustomObjectIsUsed" storage="d:\actions-runner\_work\xpco\xpco\sc\components\remoteviewer\smartclient\tst\zsmartclient_unittest\bin\x64\debug\net472\zsmartclient_unittest.dll" id="7e1fdf53-1cce-0f14-6eba-6df4732e28ac">
      <Execution id="0dfd8d05-489a-42d8-ad01-7ecc8ff76910" />
      <TestMethod codeBase="D:\actions-runner\_work\XPCO\XPCO\SC\Components\RemoteViewer\SmartClient\tst\zSmartClient_UnitTest\bin\x64\Debug\net472\zSmartClient_UnitTest.dll" adapterTypeName="executor://mstestadapter/v2" className="SmartClient_UnitTest.VideoOS.Common.UIThemes.ContentToTooltipTextConverterTests" name="Convert_ShouldReturnUnchangedObject_WhenCustomObjectIsUsed" />
    </UnitTest>
    <UnitTest name="CalculateNewExtent_ShouldLimitExtent_WhenBeyondMaxOnUpperLeftEdge" storage="d:\actions-runner\_work\xpco\xpco\sc\components\remoteviewer\smartclient\tst\zsmartclient_unittest\bin\x64\debug\net472\zsmartclient_unittest.dll" id="2978490b-f335-bd98-3d44-ea762b2e8674">
      <TestCategory>
        <TestCategoryItem TestCategory="MipItemsUpdateStrategy" />
      </TestCategory>
      <Execution id="0b24b5c2-f373-42bc-9012-c1bd37867fdd" />
      <TestMethod codeBase="D:\actions-runner\_work\XPCO\XPCO\SC\Components\RemoteViewer\SmartClient\tst\zSmartClient_UnitTest\bin\x64\Debug\net472\zSmartClient_UnitTest.dll" adapterTypeName="executor://mstestadapter/v2" className="SmartClient_UnitTest.VideoOS.RemoteClient.Plugin.GisMap.MIP.MipItemsUpdateStrategyTests" name="CalculateNewExtent_ShouldLimitExtent_WhenBeyondMaxOnUpperLeftEdge" />
    </UnitTest>
    <UnitTest name="GetOsmServerAddress_ShouldReturnEmptyString_WhenGeographicLayerIsNullAndAlternativeServerIsEmpty" storage="d:\actions-runner\_work\xpco\xpco\sc\components\remoteviewer\smartclient\tst\zsmartclient_unittest\bin\x64\debug\net472\zsmartclient_unittest.dll" id="0aadc201-49e1-bf75-6608-564242125dc2">
      <TestCategory>
        <TestCategoryItem TestCategory="GisMapData.Controllers.Osm" />
      </TestCategory>
      <Execution id="2df538f7-58ad-448b-bb07-46d168359687" />
      <TestMethod codeBase="D:\actions-runner\_work\XPCO\XPCO\SC\Components\RemoteViewer\SmartClient\tst\zSmartClient_UnitTest\bin\x64\Debug\net472\zSmartClient_UnitTest.dll" adapterTypeName="executor://mstestadapter/v2" className="SmartClient_UnitTest.VideoOS.RemoteClient.GisMapData.Controllers.Osm.GisMapOsmControllerTests" name="GetOsmServerAddress_ShouldReturnEmptyString_WhenGeographicLayerIsNullAndAlternativeServerIsEmpty" />
    </UnitTest>
    <UnitTest name="PointMapItem_Load_Output_Success" storage="d:\actions-runner\_work\xpco\xpco\sc\components\remoteviewer\smartclient\tst\zsmartclient_unittest\bin\x64\debug\net472\zsmartclient_unittest.dll" id="947e66f8-3edd-6840-266f-9e5f8a6ffe6e">
      <TestCategory>
        <TestCategoryItem TestCategory="GisMapData.MapItem.Outputs" />
      </TestCategory>
      <Execution id="8444614f-fbd9-48e8-b91c-b7cd2bc2f2a8" />
      <TestMethod codeBase="D:\actions-runner\_work\XPCO\XPCO\SC\Components\RemoteViewer\SmartClient\tst\zSmartClient_UnitTest\bin\x64\Debug\net472\zSmartClient_UnitTest.dll" adapterTypeName="executor://mstestadapter/v2" className="SmartClient_UnitTest.VideoOS.RemoteClient.GisMapData.MapItem.Outputs.OutputMapItemTests" name="PointMapItem_Load_Output_Success" />
    </UnitTest>
    <UnitTest name="WaitForItemAsync_WhenAdded_WaitsCorrectlyForItem" storage="d:\actions-runner\_work\xpco\xpco\sc\components\remoteviewer\smartclient\tst\zsmartclient_unittest\bin\x64\debug\net472\zsmartclient_unittest.dll" id="5aee1987-ec48-787b-31d3-fe2a9e31e772">
      <Execution id="2791a488-8daf-4976-8db3-cdeb7f45db31" />
      <TestMethod codeBase="D:\actions-runner\_work\XPCO\XPCO\SC\Components\RemoteViewer\SmartClient\tst\zSmartClient_UnitTest\bin\x64\Debug\net472\zSmartClient_UnitTest.dll" adapterTypeName="executor://mstestadapter/v2" className="SmartClient_UnitTest.VideoOS.RemoteClient.Plugin.GisMap.MIP.MipMapitemWaiterTests" name="WaitForItemAsync_WhenAdded_WaitsCorrectlyForItem" />
    </UnitTest>
    <UnitTest name="Compare_SameTriggerTimeDeterministicBehavior_CameraId_Success" storage="d:\actions-runner\_work\xpco\xpco\sc\components\remoteviewer\smartclient\tst\zsmartclient_unittest\bin\x64\debug\net472\zsmartclient_unittest.dll" id="c16f8099-6dbb-2cba-9e36-c36b7b8492a9">
      <TestCategory>
        <TestCategoryItem TestCategory="SearchComparers" />
      </TestCategory>
      <Execution id="871d6eaa-d01e-47b3-a21c-7fc14a4c2724" />
      <TestMethod codeBase="D:\actions-runner\_work\XPCO\XPCO\SC\Components\RemoteViewer\SmartClient\tst\zSmartClient_UnitTest\bin\x64\Debug\net472\zSmartClient_UnitTest.dll" adapterTypeName="executor://mstestadapter/v2" className="SmartClient_UnitTest.VideoOS.RemoteClient.Plugin.CentralizedSearch.Models.Wrappers.Comparers.TriggerTimeComparerTests" name="Compare_SameTriggerTimeDeterministicBehavior_CameraId_Success" />
    </UnitTest>
    <UnitTest name="TestWriteXml" storage="d:\actions-runner\_work\xpco\xpco\sc\components\remoteviewer\smartclient\tst\zsmartclient_unittest\bin\x64\debug\net472\zsmartclient_unittest.dll" id="3355c355-6b0a-3812-de70-8d7a8a005906">
      <Execution id="5fa09588-52a0-4d38-ab5b-d28112508712" />
      <TestMethod codeBase="D:\actions-runner\_work\XPCO\XPCO\SC\Components\RemoteViewer\SmartClient\tst\zSmartClient_UnitTest\bin\x64\Debug\net472\zSmartClient_UnitTest.dll" adapterTypeName="executor://mstestadapter/v2" className="SmartClient_UnitTest.VideoOS.RemoteClient.Application.Data.Retrievals.RetrievalMetadataTest" name="TestWriteXml" />
    </UnitTest>
    <UnitTest name="Tooltip_ShouldShowMicrophoneName_WhenMicrophoneIsMutedOnLiveModeAndUserHasListenPermissions" storage="d:\actions-runner\_work\xpco\xpco\sc\components\remoteviewer\smartclient\tst\zsmartclient_unittest\bin\x64\debug\net472\zsmartclient_unittest.dll" id="500812c7-2caf-0961-5585-75ab839884c8">
      <TestCategory>
        <TestCategoryItem TestCategory="GisMap.MicrophoneMarkerTest" />
      </TestCategory>
      <Execution id="6b777a39-59d3-4ac2-8825-0190eff06ae6" />
      <TestMethod codeBase="D:\actions-runner\_work\XPCO\XPCO\SC\Components\RemoteViewer\SmartClient\tst\zSmartClient_UnitTest\bin\x64\Debug\net472\zSmartClient_UnitTest.dll" adapterTypeName="executor://mstestadapter/v2" className="SmartClient_UnitTest.VideoOS.RemoteClient.Plugin.GisMap.ThinkGeoMap.Markers.DeviceMarkers.MicrophoneMarker.MicrophoneMarkerTests" name="Tooltip_ShouldShowMicrophoneName_WhenMicrophoneIsMutedOnLiveModeAndUserHasListenPermissions" />
    </UnitTest>
    <UnitTest name="SmartMapPositionChanged_WhenMapPositionIsChanged_ShouldCallPostMessage" storage="d:\actions-runner\_work\xpco\xpco\sc\components\remoteviewer\smartclient\tst\zsmartclient_unittest\bin\x64\debug\net472\zsmartclient_unittest.dll" id="13e00d9f-1356-be26-5e63-c3874f003845">
      <Execution id="1ec9bea7-ac21-4d1e-93a6-971b41807836" />
      <TestMethod codeBase="D:\actions-runner\_work\XPCO\XPCO\SC\Components\RemoteViewer\SmartClient\tst\zSmartClient_UnitTest\bin\x64\Debug\net472\zSmartClient_UnitTest.dll" adapterTypeName="executor://mstestadapter/v2" className="SmartClient_UnitTest.VideoOS.RemoteClient.Plugin.GisMap.MIP.ContentHolderMipMessageManagerTests" name="SmartMapPositionChanged_WhenMapPositionIsChanged_ShouldCallPostMessage" />
    </UnitTest>
    <UnitTest name="AddToExportTuples_ShouldAddToExportData (5)" storage="d:\actions-runner\_work\xpco\xpco\sc\components\remoteviewer\smartclient\tst\zsmartclient_unittest\bin\x64\debug\net472\zsmartclient_unittest.dll" id="3f5ee2de-3b1b-0c75-47d5-11fe5a7f62f5">
      <TestCategory>
        <TestCategoryItem TestCategory="Managers" />
      </TestCategory>
      <Execution id="c95f5395-7680-483c-9189-fef4ad011255" />
      <TestMethod codeBase="D:\actions-runner\_work\XPCO\XPCO\SC\Components\RemoteViewer\SmartClient\tst\zSmartClient_UnitTest\bin\x64\Debug\net472\zSmartClient_UnitTest.dll" adapterTypeName="executor://mstestadapter/v2" className="SmartClient_UnitTest.VideoOS.RemoteClient.Application.Managers.ExportManagerTests" name="AddToExportTuples_ShouldAddToExportData" />
    </UnitTest>
    <UnitTest name="VideoResultSearchResult_PropertiesWhenCombinedResultDifferentCategoryName_CollectedAndDisplayed" storage="d:\actions-runner\_work\xpco\xpco\sc\components\remoteviewer\smartclient\tst\zsmartclient_unittest\bin\x64\debug\net472\zsmartclient_unittest.dll" id="98f162c3-7789-0517-6acc-2e2623f261ea">
      <TestCategory>
        <TestCategoryItem TestCategory="SearchControls" />
      </TestCategory>
      <Execution id="179a5c6b-5a5d-41f1-beb4-0c2c2b026c4e" />
      <TestMethod codeBase="D:\actions-runner\_work\XPCO\XPCO\SC\Components\RemoteViewer\SmartClient\tst\zSmartClient_UnitTest\bin\x64\Debug\net472\zSmartClient_UnitTest.dll" adapterTypeName="executor://mstestadapter/v2" className="SmartClient_UnitTest.VideoOS.RemoteClient.Plugin.CentralizedSearch.Views.Controls.SearchResultDetailsControlTests" name="VideoResultSearchResult_PropertiesWhenCombinedResultDifferentCategoryName_CollectedAndDisplayed" />
    </UnitTest>
    <UnitTest name="SerializeDeserialize_RoundTripNoValues_Equals" storage="d:\actions-runner\_work\xpco\xpco\sc\components\remoteviewer\smartclient\tst\zsmartclient_unittest\bin\x64\debug\net472\zsmartclient_unittest.dll" id="dddb1835-bc62-9ecf-f6da-266a9e5d6d03">
      <Execution id="b9b25f32-4c85-4b8e-93f4-7cb3a67d7a31" />
      <TestMethod codeBase="D:\actions-runner\_work\XPCO\XPCO\SC\Components\RemoteViewer\SmartClient\tst\zSmartClient_UnitTest\bin\x64\Debug\net472\zSmartClient_UnitTest.dll" adapterTypeName="executor://mstestadapter/v2" className="SmartClient_UnitTest.VideoOS.RemoteClient.Application.Data.States.CentralizedSearchStateTest" name="SerializeDeserialize_RoundTripNoValues_Equals" />
    </UnitTest>
    <UnitTest name="HandleSetLayerFeatures_ShouldRaiseArgumentException_WhenCameraKindAndNotCameraLayerFeaturesAndInputLayer" storage="d:\actions-runner\_work\xpco\xpco\sc\components\remoteviewer\smartclient\tst\zsmartclient_unittest\bin\x64\debug\net472\zsmartclient_unittest.dll" id="2670b347-ae46-c79b-6a32-846917e5ef9a">
      <TestCategory>
        <TestCategoryItem TestCategory="GisMapData.Handlers.LayerFeatures" />
      </TestCategory>
      <Execution id="49536860-6293-4e66-85ae-0758b9732af6" />
      <TestMethod codeBase="D:\actions-runner\_work\XPCO\XPCO\SC\Components\RemoteViewer\SmartClient\tst\zSmartClient_UnitTest\bin\x64\Debug\net472\zSmartClient_UnitTest.dll" adapterTypeName="executor://mstestadapter/v2" className="SmartClient_UnitTest.VideoOS.RemoteClient.GisMapData.Handlers.LayerFeatures.CameraLayerFeaturesHandlerTests" name="HandleSetLayerFeatures_ShouldRaiseArgumentException_WhenCameraKindAndNotCameraLayerFeaturesAndInputLayer" />
    </UnitTest>
    <UnitTest name="GetClusters_ShouldIncludeItemFromBuildingIntoSuperClusterOutsideBuilding_WhenBuildingLayerIsHidden" storage="d:\actions-runner\_work\xpco\xpco\sc\components\remoteviewer\smartclient\tst\zsmartclient_unittest\bin\x64\debug\net472\zsmartclient_unittest.dll" id="533b05cc-a804-1759-db1f-d456efa129c0">
      <TestCategory>
        <TestCategoryItem TestCategory="GisMapIndex.SuperClusters" />
      </TestCategory>
      <Execution id="32ca733a-57e7-4019-b30f-2a32b1d79086" />
      <TestMethod codeBase="D:\actions-runner\_work\XPCO\XPCO\SC\Components\RemoteViewer\SmartClient\tst\zSmartClient_UnitTest\bin\x64\Debug\net472\zSmartClient_UnitTest.dll" adapterTypeName="executor://mstestadapter/v2" className="SmartClient_UnitTest.VideoOS.RemoteClient.GisMapData.Common.Indexer.BuildingsAwareIndexerTests_SuperCluster" name="GetClusters_ShouldIncludeItemFromBuildingIntoSuperClusterOutsideBuilding_WhenBuildingLayerIsHidden" />
    </UnitTest>
    <UnitTest name="PopulateTooltip_FewResultsFromFewCameras12Hours_ValidText" storage="d:\actions-runner\_work\xpco\xpco\sc\components\remoteviewer\smartclient\tst\zsmartclient_unittest\bin\x64\debug\net472\zsmartclient_unittest.dll" id="17ba5638-6ea6-b4d6-f1bc-1949b3768658">
      <TestCategory>
        <TestCategoryItem TestCategory="SearchControls" />
      </TestCategory>
      <Execution id="3f013d6e-5874-42a7-bee9-bebd6e57c082" />
      <TestMethod codeBase="D:\actions-runner\_work\XPCO\XPCO\SC\Components\RemoteViewer\SmartClient\tst\zSmartClient_UnitTest\bin\x64\Debug\net472\zSmartClient_UnitTest.dll" adapterTypeName="executor://mstestadapter/v2" className="SmartClient_UnitTest.VideoOS.RemoteClient.Plugin.CentralizedSearch.Views.Controls.TimelineRuler.TimelineRulerControlTests" name="PopulateTooltip_FewResultsFromFewCameras12Hours_ValidText" />
    </UnitTest>
    <UnitTest name="True" storage="d:\actions-runner\_work\xpco\xpco\sc\components\remoteviewer\smartclient\tst\zsmartclient_unittest\bin\x64\debug\net472\zsmartclient_unittest.dll" id="862de922-2beb-921d-d13a-0b59aae77f6b">
      <TestCategory>
        <TestCategoryItem TestCategory="WorkspaceToolbar" />
      </TestCategory>
      <Execution id="10212f6c-4352-4c9a-b099-3e5e938e963f" />
      <TestMethod codeBase="D:\actions-runner\_work\XPCO\XPCO\SC\Components\RemoteViewer\SmartClient\tst\zSmartClient_UnitTest\bin\x64\Debug\net472\zSmartClient_UnitTest.dll" adapterTypeName="executor://mstestadapter/v2" className="SmartClient_UnitTest.VideoOS.RemoteClient.Application.Data.WorkspaceToolbar.WorkspaceToolbarItemMipPluginTests" name="BindingModelVisible_Matches_PluginInstanceVisible" />
    </UnitTest>
    <UnitTest name="BuildState_Success" storage="d:\actions-runner\_work\xpco\xpco\sc\components\remoteviewer\smartclient\tst\zsmartclient_unittest\bin\x64\debug\net472\zsmartclient_unittest.dll" id="5af784fc-9243-ca85-aed0-526fe2586632">
      <TestCategory>
        <TestCategoryItem TestCategory="Search" />
      </TestCategory>
      <Execution id="439378fc-99e7-4750-bef4-1544b78b1aca" />
      <TestMethod codeBase="D:\actions-runner\_work\XPCO\XPCO\SC\Components\RemoteViewer\SmartClient\tst\zSmartClient_UnitTest\bin\x64\Debug\net472\zSmartClient_UnitTest.dll" adapterTypeName="executor://mstestadapter/v2" className="SmartClient_UnitTest.VideoOS.RemoteClient.Plugin.CentralizedSearch.CentralizedSearchContentHolderTests" name="BuildState_Success" />
    </UnitTest>
    <UnitTest name="Compare_NotNullVsNullDescending_GreaterThan" storage="d:\actions-runner\_work\xpco\xpco\sc\components\remoteviewer\smartclient\tst\zsmartclient_unittest\bin\x64\debug\net472\zsmartclient_unittest.dll" id="112015e3-431e-b435-09f5-dc36bf2bbc1b">
      <TestCategory>
        <TestCategoryItem TestCategory="SearchComparers" />
      </TestCategory>
      <Execution id="0b68891d-21ac-4b2a-80e4-eaef38b0b3a9" />
      <TestMethod codeBase="D:\actions-runner\_work\XPCO\XPCO\SC\Components\RemoteViewer\SmartClient\tst\zSmartClient_UnitTest\bin\x64\Debug\net472\zSmartClient_UnitTest.dll" adapterTypeName="executor://mstestadapter/v2" className="SmartClient_UnitTest.VideoOS.RemoteClient.Plugin.CentralizedSearch.Models.Wrappers.Comparers.BeginTimeWithPaddingComparerTests" name="Compare_NotNullVsNullDescending_GreaterThan" />
    </UnitTest>
    <UnitTest name="SearchResultDataHasChanged_ShouldCallAllSubResults" storage="d:\actions-runner\_work\xpco\xpco\sc\components\remoteviewer\smartclient\tst\zsmartclient_unittest\bin\x64\debug\net472\zsmartclient_unittest.dll" id="13db29e1-271e-aab2-3bce-87640b8c6e48">
      <TestCategory>
        <TestCategoryItem TestCategory="Search.Wrappers" />
      </TestCategory>
      <Execution id="c2ae0381-c6e0-4ee7-b777-b63fd582a49c" />
      <TestMethod codeBase="D:\actions-runner\_work\XPCO\XPCO\SC\Components\RemoteViewer\SmartClient\tst\zSmartClient_UnitTest\bin\x64\Debug\net472\zSmartClient_UnitTest.dll" adapterTypeName="executor://mstestadapter/v2" className="SmartClient_UnitTest.VideoOS.RemoteClient.Plugin.CentralizedSearch.Models.Wrappers.CombinedSearchResultDataWrapperTests" name="SearchResultDataHasChanged_ShouldCallAllSubResults" />
    </UnitTest>
    <UnitTest name="Default, forced" storage="d:\actions-runner\_work\xpco\xpco\sc\components\remoteviewer\smartclient\tst\zsmartclient_unittest\bin\x64\debug\net472\zsmartclient_unittest.dll" id="bc1a7ca7-c75d-3f41-ef6e-10d032a0855e">
      <TestCategory>
        <TestCategoryItem TestCategory="Export" />
      </TestCategory>
      <Execution id="cc53f1ef-20c2-4ed8-9781-eff75e26040c" />
      <TestMethod codeBase="D:\actions-runner\_work\XPCO\XPCO\SC\Components\RemoteViewer\SmartClient\tst\zSmartClient_UnitTest\bin\x64\Debug\net472\zSmartClient_UnitTest.dll" adapterTypeName="executor://mstestadapter/v2" className="SmartClient_UnitTest.VideoOS.RemoteClient.Plugin.Export.CreateExportDialogViewModelTests" name="CreateExportDialog_ExportPathCanBeModified_BasedOnOptions" />
    </UnitTest>
    <UnitTest name="DisplayErrorOnNotificationArea_UnknownDerivedFromSearchError_LoggingEnabled_Success" storage="d:\actions-runner\_work\xpco\xpco\sc\components\remoteviewer\smartclient\tst\zsmartclient_unittest\bin\x64\debug\net472\zsmartclient_unittest.dll" id="4a1694b5-7db1-bf67-dca4-8860f0f31e9d">
      <TestCategory>
        <TestCategoryItem TestCategory="SearchViewModels" />
      </TestCategory>
      <Execution id="1b36ff78-adc0-4eb2-930d-8fcf4ad36298" />
      <TestMethod codeBase="D:\actions-runner\_work\XPCO\XPCO\SC\Components\RemoteViewer\SmartClient\tst\zSmartClient_UnitTest\bin\x64\Debug\net472\zSmartClient_UnitTest.dll" adapterTypeName="executor://mstestadapter/v2" className="SmartClient_UnitTest.VideoOS.RemoteClient.Plugin.CentralizedSearch.ViewModels.SearchViewModelTests" name="DisplayErrorOnNotificationArea_UnknownDerivedFromSearchError_LoggingEnabled_Success" />
    </UnitTest>
    <UnitTest name="Decorate_ShouldAddChildren_WhenThereAreLayersWithItemsImplementingITitleToggleableAndIBackgroundDiskToggleable" storage="d:\actions-runner\_work\xpco\xpco\sc\components\remoteviewer\smartclient\tst\zsmartclient_unittest\bin\x64\debug\net472\zsmartclient_unittest.dll" id="284a6b15-0a7d-d4a1-ae93-88897a496866">
      <TestCategory>
        <TestCategoryItem TestCategory="GisMap.LayerVisibilityItemDataChildrenToggleItemDecoratorTests" />
      </TestCategory>
      <Execution id="ab33eff2-7a98-4997-9531-c99fa7012cc4" />
      <TestMethod codeBase="D:\actions-runner\_work\XPCO\XPCO\SC\Components\RemoteViewer\SmartClient\tst\zSmartClient_UnitTest\bin\x64\Debug\net472\zSmartClient_UnitTest.dll" adapterTypeName="executor://mstestadapter/v2" className="SmartClient_UnitTest.VideoOS.RemoteClient.Plugin.GisMap.ViewModels.LayersVisibility.Decorators.LayerVisibilityItemDataChildrenToggleItemDecoratorTests" name="Decorate_ShouldAddChildren_WhenThereAreLayersWithItemsImplementingITitleToggleableAndIBackgroundDiskToggleable" />
    </UnitTest>
    <UnitTest name="BookmarkSearchTime_WithSearchStringInDifferentCases_ReturnCorrectBookmarkWithSearchStringInDescription (SeArChStRiNg,False,False,False,True,,,0)" storage="d:\actions-runner\_work\xpco\xpco\sc\components\remoteviewer\smartclient\tst\zsmartclient_unittest\bin\x64\debug\net472\zsmartclient_unittest.dll" id="a6a5106e-d98b-7b36-c37f-52d3d3eccf9f">
      <Execution id="fb605567-41e9-4f67-a6b2-93eabd1dbf6a" />
      <TestMethod codeBase="D:\actions-runner\_work\XPCO\XPCO\SC\Components\RemoteViewer\SmartClient\tst\zSmartClient_UnitTest\bin\x64\Debug\net472\zSmartClient_UnitTest.dll" adapterTypeName="executor://mstestadapter/v2" className="SmartClient_UnitTest.VideoOS.RemoteClient.Application.Data.Offline.UnitTest.BookmarkExportReaderTest" name="BookmarkSearchTime_WithSearchStringInDifferentCases_ReturnCorrectBookmarkWithSearchStringInDescription" />
    </UnitTest>
    <UnitTest name="SequenceEntryDto_ShouldYieldSameValues_WhenRoundTripConverted" storage="d:\actions-runner\_work\xpco\xpco\sc\components\remoteviewer\smartclient\tst\zsmartclient_unittest\bin\x64\debug\net472\zsmartclient_unittest.dll" id="9293549a-e4d8-25ee-0a7e-0a58daedfd4d">
      <TestCategory>
        <TestCategoryItem TestCategory="RecorderProxyToDtoMapping" />
      </TestCategory>
      <Execution id="680cfe2b-a35e-4836-844c-55164b12596a" />
      <TestMethod codeBase="D:\actions-runner\_work\XPCO\XPCO\SC\Components\RemoteViewer\SmartClient\tst\zSmartClient_UnitTest\bin\x64\Debug\net472\zSmartClient_UnitTest.dll" adapterTypeName="executor://mstestadapter/v2" className="VideoOS.Shared.ServerAPI.SOAP.RecorderClientMappingTests" name="SequenceEntryDto_ShouldYieldSameValues_WhenRoundTripConverted" />
    </UnitTest>
    <UnitTest name="GetClusters_ThreeInitialItems_ClustersForInitialItems" storage="d:\actions-runner\_work\xpco\xpco\sc\components\remoteviewer\smartclient\tst\zsmartclient_unittest\bin\x64\debug\net472\zsmartclient_unittest.dll" id="e998f77e-77b2-7e10-d8db-3813eb8031aa">
      <TestCategory>
        <TestCategoryItem TestCategory="GisMapIndex" />
      </TestCategory>
      <Execution id="e8aa393c-3902-4cd9-92e4-934ccfe851c1" />
      <TestMethod codeBase="D:\actions-runner\_work\XPCO\XPCO\SC\Components\RemoteViewer\SmartClient\tst\zSmartClient_UnitTest\bin\x64\Debug\net472\zSmartClient_UnitTest.dll" adapterTypeName="executor://mstestadapter/v2" className="SmartClient_UnitTest.VideoOS.RemoteClient.GisMapData.Common.Indexer.MapItemIndexerTests" name="GetClusters_ThreeInitialItems_ClustersForInitialItems" />
    </UnitTest>
    <UnitTest name="BoundingBoxErrorOccurred" storage="d:\actions-runner\_work\xpco\xpco\sc\components\remoteviewer\smartclient\tst\zsmartclient_unittest\bin\x64\debug\net472\zsmartclient_unittest.dll" id="ffa5f9ad-66df-b9a8-3ecf-eff774a0ebee">
      <Execution id="cd53914f-8598-4c91-889d-358964f3ce2b" />
      <TestMethod codeBase="D:\actions-runner\_work\XPCO\XPCO\SC\Components\RemoteViewer\SmartClient\tst\zSmartClient_UnitTest\bin\x64\Debug\net472\zSmartClient_UnitTest.dll" adapterTypeName="executor://mstestadapter/v2" className="SmartClient_UnitTest.VideoOS.RemoteClient.Application.Data.Metadata.BoundingBoxes.BoundingBoxProviderTest" name="BoundingBoxErrorOccurred" />
    </UnitTest>
    <UnitTest name="DeleteBookmarksAsync_3items_Success" storage="d:\actions-runner\_work\xpco\xpco\sc\components\remoteviewer\smartclient\tst\zsmartclient_unittest\bin\x64\debug\net472\zsmartclient_unittest.dll" id="e858b755-e862-b910-8b81-43167ff825a3">
      <TestCategory>
        <TestCategoryItem TestCategory="Search.Bookmarks" />
      </TestCategory>
      <Execution id="1f6b4f4e-4dff-4f9d-b529-dacf4dc0d12f" />
      <TestMethod codeBase="D:\actions-runner\_work\XPCO\XPCO\SC\Components\RemoteViewer\SmartClient\tst\zSmartClient_UnitTest\bin\x64\Debug\net472\zSmartClient_UnitTest.dll" adapterTypeName="executor://mstestadapter/v2" className="SmartClient_UnitTest.VideoOS.RemoteClient.Plugin.CentralizedSearch.ViewModels.DeleteBookmarkHandlerTests" name="DeleteBookmarksAsync_3items_Success" />
    </UnitTest>
    <UnitTest name="SelectionCountDisplayText_OneSelectedResult_ReturnsSingleString" storage="d:\actions-runner\_work\xpco\xpco\sc\components\remoteviewer\smartclient\tst\zsmartclient_unittest\bin\x64\debug\net472\zsmartclient_unittest.dll" id="101686f8-0bec-03ef-e5aa-8afcc05984fe">
      <TestCategory>
        <TestCategoryItem TestCategory="SearchResultActionBarViewModel" />
      </TestCategory>
      <Execution id="d2323ea3-8111-4191-8155-132e322f7511" />
      <TestMethod codeBase="D:\actions-runner\_work\XPCO\XPCO\SC\Components\RemoteViewer\SmartClient\tst\zSmartClient_UnitTest\bin\x64\Debug\net472\zSmartClient_UnitTest.dll" adapterTypeName="executor://mstestadapter/v2" className="SmartClient_UnitTest.VideoOS.RemoteClient.Plugin.CentralizedSearch.ViewModels.SearchResultsActionBarViewModelTest" name="SelectionCountDisplayText_OneSelectedResult_ReturnsSingleString" />
    </UnitTest>
    <UnitTest name="ValidEncryptionStrengthsForExport_ShouldOnlyReturnAllAesStrengths_WhenLegacyEncryptionEnabledInAppConfigAndFipsEnabled" storage="d:\actions-runner\_work\xpco\xpco\sc\components\remoteviewer\smartclient\tst\zsmartclient_unittest\bin\x64\debug\net472\zsmartclient_unittest.dll" id="eafedef4-77b0-0ba7-44ca-5ee1ec158773">
      <TestCategory>
        <TestCategoryItem TestCategory="Encryption" />
      </TestCategory>
      <Execution id="bf71174a-3575-4c64-90df-0b075f528817" />
      <TestMethod codeBase="D:\actions-runner\_work\XPCO\XPCO\SC\Components\RemoteViewer\SmartClient\tst\zSmartClient_UnitTest\bin\x64\Debug\net472\zSmartClient_UnitTest.dll" adapterTypeName="executor://mstestadapter/v2" className="SmartClient_UnitTest.VideoOS.RemoteClient.Application.Data.Export.Validation.ValidateEncryptionStrengthTests" name="ValidEncryptionStrengthsForExport_ShouldOnlyReturnAllAesStrengths_WhenLegacyEncryptionEnabledInAppConfigAndFipsEnabled" />
    </UnitTest>
    <UnitTest name="FindSearchTemplateesAsync_StateError_Success" storage="d:\actions-runner\_work\xpco\xpco\sc\components\remoteviewer\smartclient\tst\zsmartclient_unittest\bin\x64\debug\net472\zsmartclient_unittest.dll" id="aa968540-b42d-3b72-16d5-0bf3327fa8b4">
      <TestCategory>
        <TestCategoryItem TestCategory="SearchTemplatesService" />
      </TestCategory>
      <Execution id="f6a32f85-ec81-46c2-b934-8e6b8a03a1b8" />
      <TestMethod codeBase="D:\actions-runner\_work\XPCO\XPCO\SC\Components\RemoteViewer\SmartClient\tst\zSmartClient_UnitTest\bin\x64\Debug\net472\zSmartClient_UnitTest.dll" adapterTypeName="executor://mstestadapter/v2" className="SmartClient_UnitTest.VideoOS.RemoteClient.Plugin.CentralizedSearch.SearchTemplates.Service.SearchTemplateServiceTests" name="FindSearchTemplateesAsync_StateError_Success" />
    </UnitTest>
    <UnitTest name="DisplayErrorOnNotificationArea_CustomSearchError_Success" storage="d:\actions-runner\_work\xpco\xpco\sc\components\remoteviewer\smartclient\tst\zsmartclient_unittest\bin\x64\debug\net472\zsmartclient_unittest.dll" id="55d96512-5a91-19ab-11b5-5b61e2c70e29">
      <TestCategory>
        <TestCategoryItem TestCategory="SearchViewModels" />
      </TestCategory>
      <Execution id="b2fca5eb-62c3-4882-bd85-da04c3b106ba" />
      <TestMethod codeBase="D:\actions-runner\_work\XPCO\XPCO\SC\Components\RemoteViewer\SmartClient\tst\zSmartClient_UnitTest\bin\x64\Debug\net472\zSmartClient_UnitTest.dll" adapterTypeName="executor://mstestadapter/v2" className="SmartClient_UnitTest.VideoOS.RemoteClient.Plugin.CentralizedSearch.ViewModels.SearchViewModelTests" name="DisplayErrorOnNotificationArea_CustomSearchError_Success" />
    </UnitTest>
    <UnitTest name="BoundingBoxBrowseTimeChangedTestSameData" storage="d:\actions-runner\_work\xpco\xpco\sc\components\remoteviewer\smartclient\tst\zsmartclient_unittest\bin\x64\debug\net472\zsmartclient_unittest.dll" id="f3077786-632a-26ad-8d51-86ff9f306fe4">
      <Execution id="9b47fff6-3801-4d1b-934c-75137c70e992" />
      <TestMethod codeBase="D:\actions-runner\_work\XPCO\XPCO\SC\Components\RemoteViewer\SmartClient\tst\zSmartClient_UnitTest\bin\x64\Debug\net472\zSmartClient_UnitTest.dll" adapterTypeName="executor://mstestadapter/v2" className="SmartClient_UnitTest.VideoOS.RemoteClient.Application.Data.Metadata.BoundingBoxes.BoundingBoxProviderTest" name="BoundingBoxBrowseTimeChangedTestSameData" />
    </UnitTest>
    <UnitTest name="CreateCameraListItem_ShouldNotAddRegionSelectionToFilterValue_WhenAlreadyPresent" storage="d:\actions-runner\_work\xpco\xpco\sc\components\remoteviewer\smartclient\tst\zsmartclient_unittest\bin\x64\debug\net472\zsmartclient_unittest.dll" id="896580b1-84f1-933f-fef3-e601288590b2">
      <TestCategory>
        <TestCategoryItem TestCategory="Search.Filters.ViewModels" />
      </TestCategory>
      <Execution id="9f6c9a90-2728-42c1-b0f6-8feb40f96988" />
      <TestMethod codeBase="D:\actions-runner\_work\XPCO\XPCO\SC\Components\RemoteViewer\SmartClient\tst\zSmartClient_UnitTest\bin\x64\Debug\net472\zSmartClient_UnitTest.dll" adapterTypeName="executor://mstestadapter/v2" className="SmartClient_UnitTest.VideoOS.RemoteClient.Plugin.CentralizedSearch.MIPPlugin.Criteria.ViewModels.RegionSelectionCameraListItemHelperTests" name="CreateCameraListItem_ShouldNotAddRegionSelectionToFilterValue_WhenAlreadyPresent" />
    </UnitTest>
    <UnitTest name="BuildContentOptions_ShouldReturnInternalTab (73576FEA-BD0E-43C4-AD9D-589FBE4DC29B,True)" storage="d:\actions-runner\_work\xpco\xpco\sc\components\remoteviewer\smartclient\tst\zsmartclient_unittest\bin\x64\debug\net472\zsmartclient_unittest.dll" id="8901884e-5a64-e2c2-ebd4-9f1033556330">
      <Execution id="66e4be2d-1bbe-4f6c-9bd3-77d88d45c0a2" />
      <TestMethod codeBase="D:\actions-runner\_work\XPCO\XPCO\SC\Components\RemoteViewer\SmartClient\tst\zSmartClient_UnitTest\bin\x64\Debug\net472\zSmartClient_UnitTest.dll" adapterTypeName="executor://mstestadapter/v2" className="SmartClient_UnitTest.VideoOS.RemoteClient.Application.Common.Telemetry.TelemetryBuilderTests" name="BuildContentOptions_ShouldReturnInternalTab" />
    </UnitTest>
    <UnitTest name="AudioControllerOnDevicesLockEvent_ShouldNotEnableMicrophones_WhenUnlockingAudioDevicesAndApplicationIsInBrowseMode" storage="d:\actions-runner\_work\xpco\xpco\sc\components\remoteviewer\smartclient\tst\zsmartclient_unittest\bin\x64\debug\net472\zsmartclient_unittest.dll" id="443c2399-34e1-f6f5-cccc-278f0b0d999a">
      <TestCategory>
        <TestCategoryItem TestCategory="GisMapData.MapLayers" />
      </TestCategory>
      <Execution id="aa9ad47c-ae44-4cf2-8574-65fe79f0d17a" />
      <TestMethod codeBase="D:\actions-runner\_work\XPCO\XPCO\SC\Components\RemoteViewer\SmartClient\tst\zSmartClient_UnitTest\bin\x64\Debug\net472\zSmartClient_UnitTest.dll" adapterTypeName="executor://mstestadapter/v2" className="SmartClient_UnitTest.VideoOS.RemoteClient.GisMapData.MapLayers.MicrophoneItemsMapLayerTests" name="AudioControllerOnDevicesLockEvent_ShouldNotEnableMicrophones_WhenUnlockingAudioDevicesAndApplicationIsInBrowseMode" />
    </UnitTest>
    <UnitTest name="IOState_ShouldYieldSameValuesForAllEnumValues_WhenRoundTripConverted (Activated,Activated)" storage="d:\actions-runner\_work\xpco\xpco\sc\components\remoteviewer\smartclient\tst\zsmartclient_unittest\bin\x64\debug\net472\zsmartclient_unittest.dll" id="34b0562a-74f3-0cb2-347b-f7ebddcca606">
      <TestCategory>
        <TestCategoryItem TestCategory="RecorderProxyToDtoMapping" />
      </TestCategory>
      <Execution id="e6b3d86a-763c-48c3-8fba-eebc2de36e7f" />
      <TestMethod codeBase="D:\actions-runner\_work\XPCO\XPCO\SC\Components\RemoteViewer\SmartClient\tst\zSmartClient_UnitTest\bin\x64\Debug\net472\zSmartClient_UnitTest.dll" adapterTypeName="executor://mstestadapter/v2" className="VideoOS.Shared.ServerAPI.SOAP.RecorderClientMappingTests" name="IOState_ShouldYieldSameValuesForAllEnumValues_WhenRoundTripConverted" />
    </UnitTest>
    <UnitTest name="Everything_Is_Disabled_When_Both_Create_And_Update_Rights_Missing" storage="d:\actions-runner\_work\xpco\xpco\sc\components\remoteviewer\smartclient\tst\zsmartclient_unittest\bin\x64\debug\net472\zsmartclient_unittest.dll" id="343adaa4-a6b4-4217-fe91-ea0e91bd35db">
      <Execution id="b89f69cd-8e5d-4ffd-87d2-0c156a9f9c4c" />
      <TestMethod codeBase="D:\actions-runner\_work\XPCO\XPCO\SC\Components\RemoteViewer\SmartClient\tst\zSmartClient_UnitTest\bin\x64\Debug\net472\zSmartClient_UnitTest.dll" adapterTypeName="executor://mstestadapter/v2" className="SmartClient_UnitTest.VideoOS.RemoteClient.Application.Components.EvidenceLock.EvidenceLockEditModeUserRightTests" name="Everything_Is_Disabled_When_Both_Create_And_Update_Rights_Missing" />
    </UnitTest>
    <UnitTest name="Compare_NotNullVsNullDescending_GreaterThan" storage="d:\actions-runner\_work\xpco\xpco\sc\components\remoteviewer\smartclient\tst\zsmartclient_unittest\bin\x64\debug\net472\zsmartclient_unittest.dll" id="8f6cd5c2-e849-6c20-9267-83c3d531958e">
      <TestCategory>
        <TestCategoryItem TestCategory="SearchComparers" />
      </TestCategory>
      <Execution id="130abec4-82d3-428c-96d2-89faf857318f" />
      <TestMethod codeBase="D:\actions-runner\_work\XPCO\XPCO\SC\Components\RemoteViewer\SmartClient\tst\zSmartClient_UnitTest\bin\x64\Debug\net472\zSmartClient_UnitTest.dll" adapterTypeName="executor://mstestadapter/v2" className="SmartClient_UnitTest.VideoOS.RemoteClient.Plugin.CentralizedSearch.Models.Wrappers.Comparers.TriggerTimeComparerTests" name="Compare_NotNullVsNullDescending_GreaterThan" />
    </UnitTest>
    <UnitTest name="CreateSearchTemplateAsync_ThrowCommunicationMIPException_Success" storage="d:\actions-runner\_work\xpco\xpco\sc\components\remoteviewer\smartclient\tst\zsmartclient_unittest\bin\x64\debug\net472\zsmartclient_unittest.dll" id="1f23f407-ba0c-3271-0197-9ffb55ef110e">
      <TestCategory>
        <TestCategoryItem TestCategory="SearchTemplatesService" />
      </TestCategory>
      <Execution id="5ea4e823-34fd-4c1b-a851-b9d29645d520" />
      <TestMethod codeBase="D:\actions-runner\_work\XPCO\XPCO\SC\Components\RemoteViewer\SmartClient\tst\zSmartClient_UnitTest\bin\x64\Debug\net472\zSmartClient_UnitTest.dll" adapterTypeName="executor://mstestadapter/v2" className="SmartClient_UnitTest.VideoOS.RemoteClient.Plugin.CentralizedSearch.SearchTemplates.Service.SearchTemplateServiceTests" name="CreateSearchTemplateAsync_ThrowCommunicationMIPException_Success" />
    </UnitTest>
    <UnitTest name="BuildEvidenceLockFilterProperties_ShouldReturnCorrectValues (True,1,0,Only me,All)" storage="d:\actions-runner\_work\xpco\xpco\sc\components\remoteviewer\smartclient\tst\zsmartclient_unittest\bin\x64\debug\net472\zsmartclient_unittest.dll" id="ab6a68a4-df8c-0feb-73f0-3750600e7308">
      <Execution id="bce09878-9fee-4160-b90e-049b4104b8a5" />
      <TestMethod codeBase="D:\actions-runner\_work\XPCO\XPCO\SC\Components\RemoteViewer\SmartClient\tst\zSmartClient_UnitTest\bin\x64\Debug\net472\zSmartClient_UnitTest.dll" adapterTypeName="executor://mstestadapter/v2" className="SmartClient_UnitTest.VideoOS.RemoteClient.Application.Common.Telemetry.TelemetryBuilderTests" name="BuildEvidenceLockFilterProperties_ShouldReturnCorrectValues" />
    </UnitTest>
    <UnitTest name="DeleteMapItems_ShouldReturnTrue_WhenUserAcknowledgesDeletionOfMultipleItems" storage="d:\actions-runner\_work\xpco\xpco\sc\components\remoteviewer\smartclient\tst\zsmartclient_unittest\bin\x64\debug\net472\zsmartclient_unittest.dll" id="305136ec-e536-ca06-24de-c6336ceb8a55">
      <TestCategory>
        <TestCategoryItem TestCategory="GisMapModelController" />
      </TestCategory>
      <Execution id="7563980f-f020-4f60-95ae-765138ae30a2" />
      <TestMethod codeBase="D:\actions-runner\_work\XPCO\XPCO\SC\Components\RemoteViewer\SmartClient\tst\zSmartClient_UnitTest\bin\x64\Debug\net472\zSmartClient_UnitTest.dll" adapterTypeName="executor://mstestadapter/v2" className="SmartClient_UnitTest.VideoOS.RemoteClient.GisMapData.GisMapModelControllerTests" name="DeleteMapItems_ShouldReturnTrue_WhenUserAcknowledgesDeletionOfMultipleItems" />
    </UnitTest>
    <UnitTest name="HasWritePermissionOnDir_NoFileSystemAccessRule_ReturnsFalse" storage="d:\actions-runner\_work\xpco\xpco\sc\components\remoteviewer\smartclient\tst\zsmartclient_unittest\bin\x64\debug\net472\zsmartclient_unittest.dll" id="708d048c-4fd9-557c-20db-ce75a712beed">
      <TestCategory>
        <TestCategoryItem TestCategory="Search" />
      </TestCategory>
      <Execution id="125ce95a-00b2-4898-91d6-4302d59ddb90" />
      <TestMethod codeBase="D:\actions-runner\_work\XPCO\XPCO\SC\Components\RemoteViewer\SmartClient\tst\zSmartClient_UnitTest\bin\x64\Debug\net472\zSmartClient_UnitTest.dll" adapterTypeName="executor://mstestadapter/v2" className="SmartClient_UnitTest.VideoOS.RemoteClient.Plugin.CentralizedSearch.ViewModels.Data.SnapshotHandlerTests" name="HasWritePermissionOnDir_NoFileSystemAccessRule_ReturnsFalse" />
    </UnitTest>
    <UnitTest name="PtzSessionController_Constructor_ArgumentNull_ApplicationController_Test" storage="d:\actions-runner\_work\xpco\xpco\sc\components\remoteviewer\smartclient\tst\zsmartclient_unittest\bin\x64\debug\net472\zsmartclient_unittest.dll" id="68eba393-9613-4207-7542-82e0b37e4100">
      <Execution id="2bc7a067-2286-46a5-9062-cc91a7c10b09" />
      <TestMethod codeBase="D:\actions-runner\_work\XPCO\XPCO\SC\Components\RemoteViewer\SmartClient\tst\zSmartClient_UnitTest\bin\x64\Debug\net472\zSmartClient_UnitTest.dll" adapterTypeName="executor://mstestadapter/v2" className="VideoOS.RemoteClient.Application.Controllers.UnitTest.PtzSessionControllerTest" name="PtzSessionController_Constructor_ArgumentNull_ApplicationController_Test" />
    </UnitTest>
    <UnitTest name="AutomationId_ShouldBeValid_WhenInteractionStateIsOutput" storage="d:\actions-runner\_work\xpco\xpco\sc\components\remoteviewer\smartclient\tst\zsmartclient_unittest\bin\x64\debug\net472\zsmartclient_unittest.dll" id="6dc834ce-7990-c21f-5442-e578c180d56f">
      <TestCategory>
        <TestCategoryItem TestCategory="GisMap.UI.DeviceSelectors.PanelComponents" />
      </TestCategory>
      <Execution id="d465798f-e18e-4da5-90ad-fee5d6cfa8f6" />
      <TestMethod codeBase="D:\actions-runner\_work\XPCO\XPCO\SC\Components\RemoteViewer\SmartClient\tst\zSmartClient_UnitTest\bin\x64\Debug\net472\zSmartClient_UnitTest.dll" adapterTypeName="executor://mstestadapter/v2" className="SmartClient_UnitTest.VideoOS.RemoteClient.Plugin.GisMap.UI.DeviceSelectors.PanelComponents.DeviceSelectorPanelComponentTests" name="AutomationId_ShouldBeValid_WhenInteractionStateIsOutput" />
    </UnitTest>
    <UnitTest name="CreateCameraListItem_ShouldAddRegionSelectionToFilterValue_WhenNotAlreadyPresent" storage="d:\actions-runner\_work\xpco\xpco\sc\components\remoteviewer\smartclient\tst\zsmartclient_unittest\bin\x64\debug\net472\zsmartclient_unittest.dll" id="aa8972af-4006-c6fd-4be2-6ab7cf64c83f">
      <TestCategory>
        <TestCategoryItem TestCategory="Search.Filters.ViewModels" />
      </TestCategory>
      <Execution id="497adf98-6f11-47c1-93aa-bbff5ff9ec87" />
      <TestMethod codeBase="D:\actions-runner\_work\XPCO\XPCO\SC\Components\RemoteViewer\SmartClient\tst\zSmartClient_UnitTest\bin\x64\Debug\net472\zSmartClient_UnitTest.dll" adapterTypeName="executor://mstestadapter/v2" className="SmartClient_UnitTest.VideoOS.RemoteClient.Plugin.CentralizedSearch.MIPPlugin.Criteria.ViewModels.RegionSelectionCameraListItemHelperTests" name="CreateCameraListItem_ShouldAddRegionSelectionToFilterValue_WhenNotAlreadyPresent" />
    </UnitTest>
    <UnitTest name="Compare_ShouldBeDeterministic_WhenOnlyIdOfResultsDiffer" storage="d:\actions-runner\_work\xpco\xpco\sc\components\remoteviewer\smartclient\tst\zsmartclient_unittest\bin\x64\debug\net472\zsmartclient_unittest.dll" id="d9e596ab-93a9-7684-fb6f-71e1dbbc0c03">
      <TestCategory>
        <TestCategoryItem TestCategory="SearchComparers" />
      </TestCategory>
      <Execution id="924e34bb-71fc-4132-a5bf-15eb2230eb45" />
      <TestMethod codeBase="D:\actions-runner\_work\XPCO\XPCO\SC\Components\RemoteViewer\SmartClient\tst\zSmartClient_UnitTest\bin\x64\Debug\net472\zSmartClient_UnitTest.dll" adapterTypeName="executor://mstestadapter/v2" className="SmartClient_UnitTest.VideoOS.RemoteClient.Plugin.CentralizedSearch.Models.Wrappers.Comparers.RelevanceComparerTests" name="Compare_ShouldBeDeterministic_WhenOnlyIdOfResultsDiffer" />
    </UnitTest>
    <UnitTest name="DeleteLevel2Of123_Success" storage="d:\actions-runner\_work\xpco\xpco\sc\components\remoteviewer\smartclient\tst\zsmartclient_unittest\bin\x64\debug\net472\zsmartclient_unittest.dll" id="0d6f4d12-30c4-770e-7e76-c3c94335926a">
      <TestCategory>
        <TestCategoryItem TestCategory="GisMapBuilding" />
      </TestCategory>
      <Execution id="5171502d-4acd-4d2f-8c5b-ce3aaf7982c4" />
      <TestMethod codeBase="D:\actions-runner\_work\XPCO\XPCO\SC\Components\RemoteViewer\SmartClient\tst\zSmartClient_UnitTest\bin\x64\Debug\net472\zSmartClient_UnitTest.dll" adapterTypeName="executor://mstestadapter/v2" className="SmartClient_UnitTest.VideoOS.RemoteClient.GisMapData.MapBuildings.MapLevelTests" name="DeleteLevel2Of123_Success" />
    </UnitTest>
    <UnitTest name="TestConstructor_CastToPolygon_Success" storage="d:\actions-runner\_work\xpco\xpco\sc\components\remoteviewer\smartclient\tst\zsmartclient_unittest\bin\x64\debug\net472\zsmartclient_unittest.dll" id="772d579c-1f25-0ecf-1421-f86f202fcaa5">
      <TestCategory>
        <TestCategoryItem TestCategory="GisMap" />
      </TestCategory>
      <Execution id="8a480e24-0f48-4bad-ae8d-6bfc2db46295" />
      <TestMethod codeBase="D:\actions-runner\_work\XPCO\XPCO\SC\Components\RemoteViewer\SmartClient\tst\zSmartClient_UnitTest\bin\x64\Debug\net472\zSmartClient_UnitTest.dll" adapterTypeName="executor://mstestadapter/v2" className="SmartClient_UnitTest.VideoOS.RemoteClient.GisMap.Common.MapPolygonTest" name="TestConstructor_CastToPolygon_Success" />
    </UnitTest>
    <UnitTest name="Initial_Result_Object_Correct" storage="d:\actions-runner\_work\xpco\xpco\sc\components\remoteviewer\smartclient\tst\zsmartclient_unittest\bin\x64\debug\net472\zsmartclient_unittest.dll" id="eaa1d30c-5f58-30c3-2f20-3844e46318d4">
      <Execution id="062fc3d3-6f83-4fc3-9f46-84af9747a014" />
      <TestMethod codeBase="D:\actions-runner\_work\XPCO\XPCO\SC\Components\RemoteViewer\SmartClient\tst\zSmartClient_UnitTest\bin\x64\Debug\net472\zSmartClient_UnitTest.dll" adapterTypeName="executor://mstestadapter/v2" className="SmartClient_UnitTest.VideoOS.RemoteClient.Application.Components.Search.SearchManagerTest" name="Initial_Result_Object_Correct" />
    </UnitTest>
    <UnitTest name="UpdateSearchFilter_SingleFilterWithValues_Added" storage="d:\actions-runner\_work\xpco\xpco\sc\components\remoteviewer\smartclient\tst\zsmartclient_unittest\bin\x64\debug\net472\zsmartclient_unittest.dll" id="1757e59b-40da-bd94-15dd-39f1d4194c31">
      <TestCategory>
        <TestCategoryItem TestCategory="Search" />
      </TestCategory>
      <Execution id="12f48bfd-03f9-4165-8913-dbcb3669e97c" />
      <TestMethod codeBase="D:\actions-runner\_work\XPCO\XPCO\SC\Components\RemoteViewer\SmartClient\tst\zSmartClient_UnitTest\bin\x64\Debug\net472\zSmartClient_UnitTest.dll" adapterTypeName="executor://mstestadapter/v2" className="SmartClient_UnitTest.VideoOS.RemoteClient.Plugin.CentralizedSearch.ViewModels.SearchDefinitionViewModelTests" name="UpdateSearchFilter_SingleFilterWithValues_Added" />
    </UnitTest>
    <UnitTest name="IsOAuth_ShouldReturnFalse_WhenConstructedUsingWindowsDefault" storage="d:\actions-runner\_work\xpco\xpco\sc\components\remoteviewer\smartclient\tst\zsmartclient_unittest\bin\x64\debug\net472\zsmartclient_unittest.dll" id="370610a6-40ac-68fd-6f42-3e5c99313cb3">
      <TestCategory>
        <TestCategoryItem TestCategory="Authentication.ClientCredentials" />
      </TestCategory>
      <Execution id="2fce2577-ba99-4244-a585-6d1c1a33bffd" />
      <TestMethod codeBase="D:\actions-runner\_work\XPCO\XPCO\SC\Components\RemoteViewer\SmartClient\tst\zSmartClient_UnitTest\bin\x64\Debug\net472\zSmartClient_UnitTest.dll" adapterTypeName="executor://mstestadapter/v2" className="SmartClient_UnitTest.VideoOS.Shared.ServerAPI.ClientCredentialsTest" name="IsOAuth_ShouldReturnFalse_WhenConstructedUsingWindowsDefault" />
    </UnitTest>
    <UnitTest name="MergeOptionNodes_ShouldReturnOptionsFromOldKey_WhenOptionsForNewKeyIsNull" storage="d:\actions-runner\_work\xpco\xpco\sc\components\remoteviewer\smartclient\tst\zsmartclient_unittest\bin\x64\debug\net472\zsmartclient_unittest.dll" id="88b4d386-4c27-112e-bb74-c07845596dd9">
      <TestCategory>
        <TestCategoryItem TestCategory="Managers" />
      </TestCategory>
      <Execution id="e3231fd6-b739-4df9-8340-1ef5398f298b" />
      <TestMethod codeBase="D:\actions-runner\_work\XPCO\XPCO\SC\Components\RemoteViewer\SmartClient\tst\zSmartClient_UnitTest\bin\x64\Debug\net472\zSmartClient_UnitTest.dll" adapterTypeName="executor://mstestadapter/v2" className="SmartClient_UnitTest.VideoOS.RemoteClient.Application.Managers.OptionManagerTests" name="MergeOptionNodes_ShouldReturnOptionsFromOldKey_WhenOptionsForNewKeyIsNull" />
    </UnitTest>
    <UnitTest name="CreateSearchAttributeEditControl_AllMappings_Success" storage="d:\actions-runner\_work\xpco\xpco\sc\components\remoteviewer\smartclient\tst\zsmartclient_unittest\bin\x64\debug\net472\zsmartclient_unittest.dll" id="c4ff8731-9813-5df7-e5dd-207c7cca1b16">
      <TestCategory>
        <TestCategoryItem TestCategory="Search" />
      </TestCategory>
      <Execution id="dbcbde18-ee72-466a-986c-be400bae0e97" />
      <TestMethod codeBase="D:\actions-runner\_work\XPCO\XPCO\SC\Components\RemoteViewer\SmartClient\tst\zSmartClient_UnitTest\bin\x64\Debug\net472\zSmartClient_UnitTest.dll" adapterTypeName="executor://mstestadapter/v2" className="SmartClient_UnitTest.VideoOS.RemoteClient.Plugin.CentralizedSearch.MIPPlugin.ScSearchUserControlPluginTest" name="CreateSearchAttributeEditControl_AllMappings_Success" />
    </UnitTest>
    <UnitTest name="GetProductDisplayVersion_ShouldReturnSomething" storage="d:\actions-runner\_work\xpco\xpco\sc\components\remoteviewer\smartclient\tst\zsmartclient_unittest\bin\x64\debug\net472\zsmartclient_unittest.dll" id="92a9af5f-4b73-82b6-5006-408d1559b096">
      <Execution id="84ec676d-8820-4025-8087-a46a2e456035" />
      <TestMethod codeBase="D:\actions-runner\_work\XPCO\XPCO\SC\Components\RemoteViewer\SmartClient\tst\zSmartClient_UnitTest\bin\x64\Debug\net472\zSmartClient_UnitTest.dll" adapterTypeName="executor://mstestadapter/v2" className="SmartClient_UnitTest.VideoOS.RemoteClient.Application.Common.Telemetry.SCTelemetrySpecificsTests" name="GetProductDisplayVersion_ShouldReturnSomething" />
    </UnitTest>
    <UnitTest name="SmartSearchStatusType_ShouldYieldSameValuesForAllEnumValues_WhenRoundTripConverted (SearchCancelled,SearchCancelled)" storage="d:\actions-runner\_work\xpco\xpco\sc\components\remoteviewer\smartclient\tst\zsmartclient_unittest\bin\x64\debug\net472\zsmartclient_unittest.dll" id="91ffcb1a-560f-f3c6-61e7-9aaab2d982dc">
      <TestCategory>
        <TestCategoryItem TestCategory="RecorderProxyToDtoMapping" />
      </TestCategory>
      <Execution id="8827fbcf-aa78-4172-a52b-c2246d00803e" />
      <TestMethod codeBase="D:\actions-runner\_work\XPCO\XPCO\SC\Components\RemoteViewer\SmartClient\tst\zSmartClient_UnitTest\bin\x64\Debug\net472\zSmartClient_UnitTest.dll" adapterTypeName="executor://mstestadapter/v2" className="VideoOS.Shared.ServerAPI.SOAP.RecorderClientMappingTests" name="SmartSearchStatusType_ShouldYieldSameValuesForAllEnumValues_WhenRoundTripConverted" />
    </UnitTest>
    <UnitTest name="DataTypeTest" storage="d:\actions-runner\_work\xpco\xpco\sc\components\remoteviewer\smartclient\tst\zsmartclient_unittest\bin\x64\debug\net472\zsmartclient_unittest.dll" id="6ac3daf7-7d17-a19c-0567-b6e3340bf41b">
      <Execution id="1a013d42-a560-45d1-b6a8-e302c6909b5e" />
      <TestMethod codeBase="D:\actions-runner\_work\XPCO\XPCO\SC\Components\RemoteViewer\SmartClient\tst\zSmartClient_UnitTest\bin\x64\Debug\net472\zSmartClient_UnitTest.dll" adapterTypeName="executor://mstestadapter/v2" className="SmartClient_UnitTest.VideoOS.RemoteClient.Application.Data.Configuration.ViewGroupClipboardManagerTest" name="DataTypeTest" />
    </UnitTest>
    <UnitTest name="SearchAction_BrowseMode_30MinutesInThePast" storage="d:\actions-runner\_work\xpco\xpco\sc\components\remoteviewer\smartclient\tst\zsmartclient_unittest\bin\x64\debug\net472\zsmartclient_unittest.dll" id="5bb54e26-c71e-f619-e4ab-387584c60929">
      <TestCategory>
        <TestCategoryItem TestCategory="ContentHolderToolbar" />
      </TestCategory>
      <Execution id="d367f4c3-a1af-4f77-ad34-f45458350d0e" />
      <TestMethod codeBase="D:\actions-runner\_work\XPCO\XPCO\SC\Components\RemoteViewer\SmartClient\tst\zSmartClient_UnitTest\bin\x64\Debug\net472\zSmartClient_UnitTest.dll" adapterTypeName="executor://mstestadapter/v2" className="SmartClient_UnitTest.VideoOS.RemoteClient.Application.Data.ContentHolderToolbar.ToolBarItemSearchTests" name="SearchAction_BrowseMode_30MinutesInThePast" />
    </UnitTest>
    <UnitTest name="UpdateItemState_Hidden_WrongWorkSpaceState" storage="d:\actions-runner\_work\xpco\xpco\sc\components\remoteviewer\smartclient\tst\zsmartclient_unittest\bin\x64\debug\net472\zsmartclient_unittest.dll" id="d640e950-edb7-4ec2-9af0-4b559a6b67cf">
      <TestCategory>
        <TestCategoryItem TestCategory="ContentHolderToolbar" />
      </TestCategory>
      <Execution id="28c8c419-4c0c-423a-8201-4a22ecd3633f" />
      <TestMethod codeBase="D:\actions-runner\_work\XPCO\XPCO\SC\Components\RemoteViewer\SmartClient\tst\zSmartClient_UnitTest\bin\x64\Debug\net472\zSmartClient_UnitTest.dll" adapterTypeName="executor://mstestadapter/v2" className="SmartClient_UnitTest.VideoOS.RemoteClient.Application.Data.ContentHolderToolbar.ToolBarItemSearchTests" name="UpdateItemState_Hidden_WrongWorkSpaceState" />
    </UnitTest>
    <UnitTest name="Unrelated_devices_removed_when_camera_removed" storage="d:\actions-runner\_work\xpco\xpco\sc\components\remoteviewer\smartclient\tst\zsmartclient_unittest\bin\x64\debug\net472\zsmartclient_unittest.dll" id="62c0f445-e4f5-0b37-109b-e9362caf5a8c">
      <Execution id="0924590c-1af8-44c1-a10f-1d135e44763e" />
      <TestMethod codeBase="D:\actions-runner\_work\XPCO\XPCO\SC\Components\RemoteViewer\SmartClient\tst\zSmartClient_UnitTest\bin\x64\Debug\net472\zSmartClient_UnitTest.dll" adapterTypeName="executor://mstestadapter/v2" className="SmartClient_UnitTest.VideoOS.RemoteClient.Application.Components.EvidenceLock.EvidenceLockRelatedDeviceTests" name="Unrelated_devices_removed_when_camera_removed" />
    </UnitTest>
    <UnitTest name="Ctor_NoBuiltInGroupsDefined_NoAgentsAdded" storage="d:\actions-runner\_work\xpco\xpco\sc\components\remoteviewer\smartclient\tst\zsmartclient_unittest\bin\x64\debug\net472\zsmartclient_unittest.dll" id="b6df7e61-5cd3-7534-d237-3d944ef5fa3d">
      <TestCategory>
        <TestCategoryItem TestCategory="ScSearchManager" />
      </TestCategory>
      <Execution id="5c3eb6ac-b93c-4db1-93d3-d904757a456a" />
      <TestMethod codeBase="D:\actions-runner\_work\XPCO\XPCO\SC\Components\RemoteViewer\SmartClient\tst\zSmartClient_UnitTest\bin\x64\Debug\net472\zSmartClient_UnitTest.dll" adapterTypeName="executor://mstestadapter/v2" className="SmartClient_UnitTest.VideoOS.RemoteClient.Plugin.CentralizedSearch.MIPPlugin.ScSearchManagerTests" name="Ctor_NoBuiltInGroupsDefined_NoAgentsAdded" />
    </UnitTest>
    <UnitTest name="Compare_SameBeginTimeDeterministicBehavior_HashCode_Success" storage="d:\actions-runner\_work\xpco\xpco\sc\components\remoteviewer\smartclient\tst\zsmartclient_unittest\bin\x64\debug\net472\zsmartclient_unittest.dll" id="574bf290-6995-ff93-7ee5-b70a6ace7d84">
      <TestCategory>
        <TestCategoryItem TestCategory="SearchComparers" />
      </TestCategory>
      <Execution id="971f8080-0627-4e02-9bff-a0c517067d34" />
      <TestMethod codeBase="D:\actions-runner\_work\XPCO\XPCO\SC\Components\RemoteViewer\SmartClient\tst\zSmartClient_UnitTest\bin\x64\Debug\net472\zSmartClient_UnitTest.dll" adapterTypeName="executor://mstestadapter/v2" className="SmartClient_UnitTest.VideoOS.RemoteClient.Plugin.CentralizedSearch.Models.Wrappers.Comparers.BeginTimeWithPaddingComparerTests" name="Compare_SameBeginTimeDeterministicBehavior_HashCode_Success" />
    </UnitTest>
    <UnitTest name="TestForAssemblyCoverage" storage="d:\actions-runner\_work\xpco\xpco\sc\components\remoteviewer\smartclient\tst\zsmartclient_unittest\bin\x64\debug\net472\zsmartclient_unittest.dll" id="52f7905c-ef65-6a99-dc3b-01a6a292c041">
      <Execution id="4a4031eb-04e5-46b3-8f83-dc301246e836" />
      <TestMethod codeBase="D:\actions-runner\_work\XPCO\XPCO\SC\Components\RemoteViewer\SmartClient\tst\zSmartClient_UnitTest\bin\x64\Debug\net472\zSmartClient_UnitTest.dll" adapterTypeName="executor://mstestadapter/v2" className="SmartClient_UnitTest.VideoOS.CommonUtility.Plugin.UnitTest1" name="TestForAssemblyCoverage" />
    </UnitTest>
    <UnitTest name="AddItemGetClusters_Milestone_ItemIsInCluster" storage="d:\actions-runner\_work\xpco\xpco\sc\components\remoteviewer\smartclient\tst\zsmartclient_unittest\bin\x64\debug\net472\zsmartclient_unittest.dll" id="60b9be0e-76ba-0ec0-0f7c-3f59c1ff8d12">
      <TestCategory>
        <TestCategoryItem TestCategory="GisMapIndex" />
      </TestCategory>
      <Execution id="fd76f63a-44fa-4eb1-98e0-351f9702c969" />
      <TestMethod codeBase="D:\actions-runner\_work\XPCO\XPCO\SC\Components\RemoteViewer\SmartClient\tst\zSmartClient_UnitTest\bin\x64\Debug\net472\zSmartClient_UnitTest.dll" adapterTypeName="executor://mstestadapter/v2" className="SmartClient_UnitTest.VideoOS.RemoteClient.GisMapData.Common.Indexer.BuildingsAwareIndexerTests" name="AddItemGetClusters_Milestone_ItemIsInCluster" />
    </UnitTest>
    <UnitTest name="GetViewGroup_SubGroup_WithMissingGroupsElement" storage="d:\actions-runner\_work\xpco\xpco\sc\components\remoteviewer\smartclient\tst\zsmartclient_unittest\bin\x64\debug\net472\zsmartclient_unittest.dll" id="ef92f893-79c7-0d51-127f-8470ebdbc768">
      <Execution id="f6e0692f-fb0c-4909-b526-3d2d662f3931" />
      <TestMethod codeBase="D:\actions-runner\_work\XPCO\XPCO\SC\Components\RemoteViewer\SmartClient\tst\zSmartClient_UnitTest\bin\x64\Debug\net472\zSmartClient_UnitTest.dll" adapterTypeName="executor://mstestadapter/v2" className="SmartClient_UnitTest.VideoOS.Shared.ViewGroupSerializationControllerTests" name="GetViewGroup_SubGroup_WithMissingGroupsElement" />
    </UnitTest>
    <UnitTest name="SearchResultsActionBarActions_EditBookmark_NotEnabled" storage="d:\actions-runner\_work\xpco\xpco\sc\components\remoteviewer\smartclient\tst\zsmartclient_unittest\bin\x64\debug\net472\zsmartclient_unittest.dll" id="d1148632-27af-a6b6-932c-c9e12abeebb9">
      <TestCategory>
        <TestCategoryItem TestCategory="SearchResultActionBarViewModel" />
      </TestCategory>
      <Execution id="1ac5469a-2ec8-4b21-8773-c7be97e2f146" />
      <TestMethod codeBase="D:\actions-runner\_work\XPCO\XPCO\SC\Components\RemoteViewer\SmartClient\tst\zSmartClient_UnitTest\bin\x64\Debug\net472\zSmartClient_UnitTest.dll" adapterTypeName="executor://mstestadapter/v2" className="SmartClient_UnitTest.VideoOS.RemoteClient.Plugin.CentralizedSearch.ViewModels.SearchResultsActionBarViewModelTest" name="SearchResultsActionBarActions_EditBookmark_NotEnabled" />
    </UnitTest>
    <UnitTest name="MakeId_ShouldGenerateSameId_WhenDefinitionsChangeOrderButResultsAreSame" storage="d:\actions-runner\_work\xpco\xpco\sc\components\remoteviewer\smartclient\tst\zsmartclient_unittest\bin\x64\debug\net472\zsmartclient_unittest.dll" id="4e8d1cbd-b8ef-6778-0ee2-4c64d9b96b59">
      <TestCategory>
        <TestCategoryItem TestCategory="Search.Wrappers" />
      </TestCategory>
      <Execution id="9a02ef90-bdf1-454b-bf25-79df729f9286" />
      <TestMethod codeBase="D:\actions-runner\_work\XPCO\XPCO\SC\Components\RemoteViewer\SmartClient\tst\zSmartClient_UnitTest\bin\x64\Debug\net472\zSmartClient_UnitTest.dll" adapterTypeName="executor://mstestadapter/v2" className="SmartClient_UnitTest.VideoOS.RemoteClient.Plugin.CentralizedSearch.Models.Wrappers.SearchResultDataWrapperTests" name="MakeId_ShouldGenerateSameId_WhenDefinitionsChangeOrderButResultsAreSame" />
    </UnitTest>
    <UnitTest name="ValidEncryptionStrengthsForExport_ShouldReturnAllStrengths_WhenLegacyEncryptionEnabledInAppConfigAndFipsDisabled" storage="d:\actions-runner\_work\xpco\xpco\sc\components\remoteviewer\smartclient\tst\zsmartclient_unittest\bin\x64\debug\net472\zsmartclient_unittest.dll" id="8fb02973-b048-8216-b7ce-b352b4c4fa12">
      <TestCategory>
        <TestCategoryItem TestCategory="Encryption" />
      </TestCategory>
      <Execution id="59d9679f-ad62-4f98-a922-fa24c0b92385" />
      <TestMethod codeBase="D:\actions-runner\_work\XPCO\XPCO\SC\Components\RemoteViewer\SmartClient\tst\zSmartClient_UnitTest\bin\x64\Debug\net472\zSmartClient_UnitTest.dll" adapterTypeName="executor://mstestadapter/v2" className="SmartClient_UnitTest.VideoOS.RemoteClient.Application.Data.Export.Validation.ValidateEncryptionStrengthTests" name="ValidEncryptionStrengthsForExport_ShouldReturnAllStrengths_WhenLegacyEncryptionEnabledInAppConfigAndFipsDisabled" />
    </UnitTest>
    <UnitTest name="BoundingBoxRefreshWithData" storage="d:\actions-runner\_work\xpco\xpco\sc\components\remoteviewer\smartclient\tst\zsmartclient_unittest\bin\x64\debug\net472\zsmartclient_unittest.dll" id="1b048c4f-8dd0-574f-1458-26bf1df29b58">
      <Execution id="dd5d8735-f903-438f-8020-751ecefa5bfa" />
      <TestMethod codeBase="D:\actions-runner\_work\XPCO\XPCO\SC\Components\RemoteViewer\SmartClient\tst\zSmartClient_UnitTest\bin\x64\Debug\net472\zSmartClient_UnitTest.dll" adapterTypeName="executor://mstestadapter/v2" className="SmartClient_UnitTest.VideoOS.RemoteClient.Application.Data.Metadata.BoundingBoxes.BoundingBoxProviderTest" name="BoundingBoxRefreshWithData" />
    </UnitTest>
    <UnitTest name="GisMapModel_DeleteBuildings_Success" storage="d:\actions-runner\_work\xpco\xpco\sc\components\remoteviewer\smartclient\tst\zsmartclient_unittest\bin\x64\debug\net472\zsmartclient_unittest.dll" id="10a72da7-6e6a-e08f-6884-b1f500f16a56">
      <TestCategory>
        <TestCategoryItem TestCategory="GisMapBuilding" />
      </TestCategory>
      <Execution id="b56e7e81-fa7e-46f1-b6b8-6b3e51b39dbc" />
      <TestMethod codeBase="D:\actions-runner\_work\XPCO\XPCO\SC\Components\RemoteViewer\SmartClient\tst\zSmartClient_UnitTest\bin\x64\Debug\net472\zSmartClient_UnitTest.dll" adapterTypeName="executor://mstestadapter/v2" className="SmartClient_UnitTest.VideoOS.RemoteClient.GisMap.MapLayers.GisMapLayerTests" name="GisMapModel_DeleteBuildings_Success" />
    </UnitTest>
    <UnitTest name="GetMapLayerArguments_ShouldReturnIGisMapModelAndAlarmsObservables_WhenCalled" storage="d:\actions-runner\_work\xpco\xpco\sc\components\remoteviewer\smartclient\tst\zsmartclient_unittest\bin\x64\debug\net472\zsmartclient_unittest.dll" id="6816708f-fdf2-3222-9491-91819f8c817b">
      <Execution id="0f429df7-4f12-4dec-90e0-c839320ba3f5" />
      <TestMethod codeBase="D:\actions-runner\_work\XPCO\XPCO\SC\Components\RemoteViewer\SmartClient\tst\zSmartClient_UnitTest\bin\x64\Debug\net472\zSmartClient_UnitTest.dll" adapterTypeName="executor://mstestadapter/v2" className="SmartClient_UnitTest.VideoOS.RemoteClient.GisMapData.Strategies.MapLayers.InputMapLayerDatagramClassFactoryStrategyTests" name="GetMapLayerArguments_ShouldReturnIGisMapModelAndAlarmsObservables_WhenCalled" />
    </UnitTest>
    <UnitTest name="SetItemOutlines_OutlinesNull_Success" storage="d:\actions-runner\_work\xpco\xpco\sc\components\remoteviewer\smartclient\tst\zsmartclient_unittest\bin\x64\debug\net472\zsmartclient_unittest.dll" id="f959810f-2600-c7c3-3e3a-8928298ba128">
      <TestCategory>
        <TestCategoryItem TestCategory="GisMap.GisMapViewFacade" />
      </TestCategory>
      <Execution id="4d479f0a-09de-4c95-9a7d-40c522de264e" />
      <TestMethod codeBase="D:\actions-runner\_work\XPCO\XPCO\SC\Components\RemoteViewer\SmartClient\tst\zSmartClient_UnitTest\bin\x64\Debug\net472\zSmartClient_UnitTest.dll" adapterTypeName="executor://mstestadapter/v2" className="SmartClient_UnitTest.VideoOS.RemoteClient.Plugin.GisMap.IoC.GisMapViewFacadeTests" name="SetItemOutlines_OutlinesNull_Success" />
    </UnitTest>
    <UnitTest name="GetLayerVisibilityItemsData_ShouldRenameViewZoneLayer_WhenDeviceLayersAreProvided" storage="d:\actions-runner\_work\xpco\xpco\sc\components\remoteviewer\smartclient\tst\zsmartclient_unittest\bin\x64\debug\net472\zsmartclient_unittest.dll" id="7800ded3-3f95-f40a-3aae-7b7a07c1c0ae">
      <TestCategory>
        <TestCategoryItem TestCategory="GisMap.DefaultFixedLayerManagerStrategyTests" />
      </TestCategory>
      <Execution id="fa95c8d5-f5f4-406b-8bf6-d2f22724c5ad" />
      <TestMethod codeBase="D:\actions-runner\_work\XPCO\XPCO\SC\Components\RemoteViewer\SmartClient\tst\zSmartClient_UnitTest\bin\x64\Debug\net472\zSmartClient_UnitTest.dll" adapterTypeName="executor://mstestadapter/v2" className="SmartClient_UnitTest.VideoOS.RemoteClient.Plugin.GisMap.ViewModels.LayersVisibility.FixedLayers.DefaultFixedLayerManagerStrategyTests" name="GetLayerVisibilityItemsData_ShouldRenameViewZoneLayer_WhenDeviceLayersAreProvided" />
    </UnitTest>
    <UnitTest name="AddCriteriaCommand_AddCriteriaCommand_InEditSearchDefinitionCorrect" storage="d:\actions-runner\_work\xpco\xpco\sc\components\remoteviewer\smartclient\tst\zsmartclient_unittest\bin\x64\debug\net472\zsmartclient_unittest.dll" id="fb699dcc-5e5e-47d1-e653-08665478eed9">
      <TestCategory>
        <TestCategoryItem TestCategory="SearchViewModels" />
      </TestCategory>
      <Execution id="7dc461ce-2e91-49b7-9f55-1dd276b6f3a1" />
      <TestMethod codeBase="D:\actions-runner\_work\XPCO\XPCO\SC\Components\RemoteViewer\SmartClient\tst\zSmartClient_UnitTest\bin\x64\Debug\net472\zSmartClient_UnitTest.dll" adapterTypeName="executor://mstestadapter/v2" className="SmartClient_UnitTest.VideoOS.RemoteClient.Plugin.CentralizedSearch.ViewModels.SearchViewModelTests" name="AddCriteriaCommand_AddCriteriaCommand_InEditSearchDefinitionCorrect" />
    </UnitTest>
    <UnitTest name="IsProcessing_CancelWhileUnprocessedItems_Success" storage="d:\actions-runner\_work\xpco\xpco\sc\components\remoteviewer\smartclient\tst\zsmartclient_unittest\bin\x64\debug\net472\zsmartclient_unittest.dll" id="8b851834-9d1b-52ee-4c1e-eca26c60010d">
      <TestCategory>
        <TestCategoryItem TestCategory="SearchResultsPreprocessor" />
      </TestCategory>
      <Execution id="db83c312-638c-439d-b0f0-56a066ef09cd" />
      <TestMethod codeBase="D:\actions-runner\_work\XPCO\XPCO\SC\Components\RemoteViewer\SmartClient\tst\zSmartClient_UnitTest\bin\x64\Debug\net472\zSmartClient_UnitTest.dll" adapterTypeName="executor://mstestadapter/v2" className="SmartClient_UnitTest.VideoOS.RemoteClient.Plugin.CentralizedSearch.Models.SearchResultsPreprocessorTests" name="IsProcessing_CancelWhileUnprocessedItems_Success" />
    </UnitTest>
    <UnitTest name="Convert_ShouldRaiseInvalidCastException_WhenParameterIsNotAnArrayOfInteractionState" storage="d:\actions-runner\_work\xpco\xpco\sc\components\remoteviewer\smartclient\tst\zsmartclient_unittest\bin\x64\debug\net472\zsmartclient_unittest.dll" id="842bf4ca-6371-3a8a-228b-d721ac1b9eb1">
      <TestCategory>
        <TestCategoryItem TestCategory="GisMap.InteractionStateConverter" />
      </TestCategory>
      <Execution id="840241d4-ee7c-48c4-b083-760b9cc3e88f" />
      <TestMethod codeBase="D:\actions-runner\_work\XPCO\XPCO\SC\Components\RemoteViewer\SmartClient\tst\zSmartClient_UnitTest\bin\x64\Debug\net472\zSmartClient_UnitTest.dll" adapterTypeName="executor://mstestadapter/v2" className="SmartClient_UnitTest.VideoOS.RemoteClient.Plugin.GisMap.View.InteractionStateConverterTests" name="Convert_ShouldRaiseInvalidCastException_WhenParameterIsNotAnArrayOfInteractionState" />
    </UnitTest>
    <UnitTest name="ChangeSorting_UnknownSortResultsBy_Success" storage="d:\actions-runner\_work\xpco\xpco\sc\components\remoteviewer\smartclient\tst\zsmartclient_unittest\bin\x64\debug\net472\zsmartclient_unittest.dll" id="c64dde4b-44bc-09e7-e376-39c843a2f827">
      <TestCategory>
        <TestCategoryItem TestCategory="SearchViewModels" />
      </TestCategory>
      <Execution id="428dbf63-8680-4c2b-8a03-7094b17e5fed" />
      <TestMethod codeBase="D:\actions-runner\_work\XPCO\XPCO\SC\Components\RemoteViewer\SmartClient\tst\zSmartClient_UnitTest\bin\x64\Debug\net472\zSmartClient_UnitTest.dll" adapterTypeName="executor://mstestadapter/v2" className="SmartClient_UnitTest.VideoOS.RemoteClient.Plugin.CentralizedSearch.ViewModels.SearchViewModelTests" name="ChangeSorting_UnknownSortResultsBy_Success" />
    </UnitTest>
    <UnitTest name="CreateDefinition_OneFiltersInCategory_OneFilterValuesAddedToSearchCriteria" storage="d:\actions-runner\_work\xpco\xpco\sc\components\remoteviewer\smartclient\tst\zsmartclient_unittest\bin\x64\debug\net472\zsmartclient_unittest.dll" id="c6fc9995-4feb-7741-7b1f-15f47389f965">
      <TestCategory>
        <TestCategoryItem TestCategory="SearchModels" />
      </TestCategory>
      <Execution id="364efa84-fea1-4f85-82c2-a7ac4a72b24b" />
      <TestMethod codeBase="D:\actions-runner\_work\XPCO\XPCO\SC\Components\RemoteViewer\SmartClient\tst\zSmartClient_UnitTest\bin\x64\Debug\net472\zSmartClient_UnitTest.dll" adapterTypeName="executor://mstestadapter/v2" className="SmartClient_UnitTest.VideoOS.RemoteClient.Plugin.CentralizedSearch.Models.SearchModelTests" name="CreateDefinition_OneFiltersInCategory_OneFilterValuesAddedToSearchCriteria" />
    </UnitTest>
    <UnitTest name="TryGetEventServerIdByACSystemId_ShouldReturnTrue_WhenEventServerIdIsPartOfServerConfiguredAccessControlSystemsDictionary" storage="d:\actions-runner\_work\xpco\xpco\sc\components\remoteviewer\smartclient\tst\zsmartclient_unittest\bin\x64\debug\net472\zsmartclient_unittest.dll" id="4fbe1405-2b3d-d3ff-a663-0a6e5d9aa972">
      <TestCategory>
        <TestCategoryItem TestCategory="AccessControl" />
      </TestCategory>
      <Execution id="26e38819-5dda-438f-900f-ba5404e1888e" />
      <TestMethod codeBase="D:\actions-runner\_work\XPCO\XPCO\SC\Components\RemoteViewer\SmartClient\tst\zSmartClient_UnitTest\bin\x64\Debug\net472\zSmartClient_UnitTest.dll" adapterTypeName="executor://mstestadapter/v2" className="SmartClient_UnitTest.VideoOS.RemoteClient.AccessControl.AccessControlLoginInfoTests" name="TryGetEventServerIdByACSystemId_ShouldReturnTrue_WhenEventServerIdIsPartOfServerConfiguredAccessControlSystemsDictionary" />
    </UnitTest>
    <UnitTest name="SearchDefinitionCountSet_SameValue_NoEventFired" storage="d:\actions-runner\_work\xpco\xpco\sc\components\remoteviewer\smartclient\tst\zsmartclient_unittest\bin\x64\debug\net472\zsmartclient_unittest.dll" id="7ca40658-07ed-4fea-d08c-7887f7c6e388">
      <TestCategory>
        <TestCategoryItem TestCategory="SearchResultsPreprocessor" />
      </TestCategory>
      <Execution id="e5d92414-d4ef-4443-a1ae-527cd7d5fe09" />
      <TestMethod codeBase="D:\actions-runner\_work\XPCO\XPCO\SC\Components\RemoteViewer\SmartClient\tst\zSmartClient_UnitTest\bin\x64\Debug\net472\zSmartClient_UnitTest.dll" adapterTypeName="executor://mstestadapter/v2" className="SmartClient_UnitTest.VideoOS.RemoteClient.Plugin.CentralizedSearch.Models.SearchResultsPreprocessorTests" name="SearchDefinitionCountSet_SameValue_NoEventFired" />
    </UnitTest>
    <UnitTest name="BindingModelTitle_Matches_PluginInstanceTitle" storage="d:\actions-runner\_work\xpco\xpco\sc\components\remoteviewer\smartclient\tst\zsmartclient_unittest\bin\x64\debug\net472\zsmartclient_unittest.dll" id="478d0236-e1c2-77c9-69c0-a72f12637e60">
      <TestCategory>
        <TestCategoryItem TestCategory="WorkspaceToolbar" />
      </TestCategory>
      <Execution id="4e176bc4-d21a-4ee4-aed7-88c28268f3f1" />
      <TestMethod codeBase="D:\actions-runner\_work\XPCO\XPCO\SC\Components\RemoteViewer\SmartClient\tst\zSmartClient_UnitTest\bin\x64\Debug\net472\zSmartClient_UnitTest.dll" adapterTypeName="executor://mstestadapter/v2" className="SmartClient_UnitTest.VideoOS.RemoteClient.Application.Data.WorkspaceToolbar.WorkspaceToolbarItemMipPluginTests" name="BindingModelTitle_Matches_PluginInstanceTitle" />
    </UnitTest>
    <UnitTest name="ShowAccessControlSystems_ShouldReturnFalse_WhenNoACSystemsAvailable" storage="d:\actions-runner\_work\xpco\xpco\sc\components\remoteviewer\smartclient\tst\zsmartclient_unittest\bin\x64\debug\net472\zsmartclient_unittest.dll" id="cfda1da7-2899-4bbe-17b2-c69d57b6f85d">
      <Execution id="0e02330e-2dbc-4f42-9fca-8c01774b7752" />
      <TestMethod codeBase="D:\actions-runner\_work\XPCO\XPCO\SC\Components\RemoteViewer\SmartClient\tst\zSmartClient_UnitTest\bin\x64\Debug\net472\zSmartClient_UnitTest.dll" adapterTypeName="executor://mstestadapter/v2" className="SmartClient_UnitTest.VideoOS.RemoteClient.AccessControl.ViewModel.CardholdersTabViewModelTests" name="ShowAccessControlSystems_ShouldReturnFalse_WhenNoACSystemsAvailable" />
    </UnitTest>
    <UnitTest name="Combine_Guids_Succeded" storage="d:\actions-runner\_work\xpco\xpco\sc\components\remoteviewer\smartclient\tst\zsmartclient_unittest\bin\x64\debug\net472\zsmartclient_unittest.dll" id="f92d7d34-ac45-0e70-f396-9fcde6a3e066">
      <TestCategory>
        <TestCategoryItem TestCategory="GisMap" />
      </TestCategory>
      <Execution id="48a4fb64-1a24-4e2b-92bd-062d7841389d" />
      <TestMethod codeBase="D:\actions-runner\_work\XPCO\XPCO\SC\Components\RemoteViewer\SmartClient\tst\zSmartClient_UnitTest\bin\x64\Debug\net472\zSmartClient_UnitTest.dll" adapterTypeName="executor://mstestadapter/v2" className="SmartClient_UnitTest.VideoOS.RemoteClient.GisMap.MapLayers.GuidAsBinTests" name="Combine_Guids_Succeded" />
    </UnitTest>
    <UnitTest name="PtzInfoViewModel_PtzReservedByAnonymousOtherUserTest" storage="d:\actions-runner\_work\xpco\xpco\sc\components\remoteviewer\smartclient\tst\zsmartclient_unittest\bin\x64\debug\net472\zsmartclient_unittest.dll" id="75b7a6d2-cb73-668d-0435-045642c36b2f">
      <Execution id="05757fbc-f7ca-4359-a92e-1b1845e0c15a" />
      <TestMethod codeBase="D:\actions-runner\_work\XPCO\XPCO\SC\Components\RemoteViewer\SmartClient\tst\zSmartClient_UnitTest\bin\x64\Debug\net472\zSmartClient_UnitTest.dll" adapterTypeName="executor://mstestadapter/v2" className="SmartClient_UnitTest.VideoOS.RemoteClient.Plugin.Map.WPFObjects.PtzInfoViewModelUnitTest" name="PtzInfoViewModel_PtzReservedByAnonymousOtherUserTest" />
    </UnitTest>
    <UnitTest name="PatrollingStepViewModel_Constructor_Success" storage="d:\actions-runner\_work\xpco\xpco\sc\components\remoteviewer\smartclient\tst\zsmartclient_unittest\bin\x64\debug\net472\zsmartclient_unittest.dll" id="058170fd-69e2-a7d3-64d2-1a307243ea90">
      <Execution id="55d3c3c1-774b-4cab-983e-ac0ae4a1ce24" />
      <TestMethod codeBase="D:\actions-runner\_work\XPCO\XPCO\SC\Components\RemoteViewer\SmartClient\tst\zSmartClient_UnitTest\bin\x64\Debug\net472\zSmartClient_UnitTest.dll" adapterTypeName="executor://mstestadapter/v2" className="SmartClient_UnitTest.VideoOS.RemoteClient.Application.UI.PtzPreset.PatrollingViewModel.PatrollingStepViewModelTest" name="PatrollingStepViewModel_Constructor_Success" />
    </UnitTest>
    <UnitTest name="ToDenormalizedDirection_0_50" storage="d:\actions-runner\_work\xpco\xpco\sc\components\remoteviewer\smartclient\tst\zsmartclient_unittest\bin\x64\debug\net472\zsmartclient_unittest.dll" id="edafcc43-4593-3e69-06bb-d94b360979cb">
      <TestCategory>
        <TestCategoryItem TestCategory="GisMap" />
      </TestCategory>
      <Execution id="20b5f37b-3348-46a5-9b72-b408d80e7790" />
      <TestMethod codeBase="D:\actions-runner\_work\XPCO\XPCO\SC\Components\RemoteViewer\SmartClient\tst\zSmartClient_UnitTest\bin\x64\Debug\net472\zSmartClient_UnitTest.dll" adapterTypeName="executor://mstestadapter/v2" className="SmartClient_UnitTest.VideoOS.RemoteClient.GisMap.Utilities.GisUtilityTests" name="ToDenormalizedDirection_0_50" />
    </UnitTest>
    <UnitTest name="SetMapItemCluster_ShouldClearIcon_WhenSuperCluster" storage="d:\actions-runner\_work\xpco\xpco\sc\components\remoteviewer\smartclient\tst\zsmartclient_unittest\bin\x64\debug\net472\zsmartclient_unittest.dll" id="048d6a52-6981-f00b-b420-3b6a2fb00ce8">
      <TestCategory>
        <TestCategoryItem TestCategory="GisMap.ClusterMarkerTests" />
      </TestCategory>
      <Execution id="67576e23-806e-478d-8033-2e7af1919740" />
      <TestMethod codeBase="D:\actions-runner\_work\XPCO\XPCO\SC\Components\RemoteViewer\SmartClient\tst\zSmartClient_UnitTest\bin\x64\Debug\net472\zSmartClient_UnitTest.dll" adapterTypeName="executor://mstestadapter/v2" className="SmartClient_UnitTest.VideoOS.RemoteClient.Plugin.GisMap.ThinkGeoMap.Markers.DeviceMarkers.ClusterMarker.ClusterMarkerTests" name="SetMapItemCluster_ShouldClearIcon_WhenSuperCluster" />
    </UnitTest>
    <UnitTest name="UpdateSearchTemplateAsync_ThrowTimeoutException_Success" storage="d:\actions-runner\_work\xpco\xpco\sc\components\remoteviewer\smartclient\tst\zsmartclient_unittest\bin\x64\debug\net472\zsmartclient_unittest.dll" id="0f2e137e-89bc-52a2-1336-1a186e7f8485">
      <TestCategory>
        <TestCategoryItem TestCategory="SearchTemplatesService" />
      </TestCategory>
      <Execution id="404e68ed-9fdd-462f-a133-e233a458af23" />
      <TestMethod codeBase="D:\actions-runner\_work\XPCO\XPCO\SC\Components\RemoteViewer\SmartClient\tst\zSmartClient_UnitTest\bin\x64\Debug\net472\zSmartClient_UnitTest.dll" adapterTypeName="executor://mstestadapter/v2" className="SmartClient_UnitTest.VideoOS.RemoteClient.Plugin.CentralizedSearch.SearchTemplates.Service.SearchTemplateServiceTests" name="UpdateSearchTemplateAsync_ThrowTimeoutException_Success" />
    </UnitTest>
    <UnitTest name="HandleGetLayerFeatures_ShouldRaiseArgumentException_WhenNotInputKind" storage="d:\actions-runner\_work\xpco\xpco\sc\components\remoteviewer\smartclient\tst\zsmartclient_unittest\bin\x64\debug\net472\zsmartclient_unittest.dll" id="9a284a1d-156e-907f-d45e-bf23dce7a8b2">
      <TestCategory>
        <TestCategoryItem TestCategory="GisMapData.Handlers.LayerFeatures" />
      </TestCategory>
      <Execution id="4c4567a7-b983-42ad-b93c-df53dbc3c111" />
      <TestMethod codeBase="D:\actions-runner\_work\XPCO\XPCO\SC\Components\RemoteViewer\SmartClient\tst\zSmartClient_UnitTest\bin\x64\Debug\net472\zSmartClient_UnitTest.dll" adapterTypeName="executor://mstestadapter/v2" className="SmartClient_UnitTest.VideoOS.RemoteClient.GisMapData.Handlers.LayerFeatures.InputLayerFeaturesHandlerTests" name="HandleGetLayerFeatures_ShouldRaiseArgumentException_WhenNotInputKind" />
    </UnitTest>
    <UnitTest name="Serialize_ShouldSerializeCombineType_WhenPresentInData" storage="d:\actions-runner\_work\xpco\xpco\sc\components\remoteviewer\smartclient\tst\zsmartclient_unittest\bin\x64\debug\net472\zsmartclient_unittest.dll" id="9db4bf7e-3e99-c9d1-0a71-7ee3bc093993">
      <TestCategory>
        <TestCategoryItem TestCategory="SearchSerialization" />
      </TestCategory>
      <Execution id="80db3259-c4de-4fe4-ac23-3a8bf84fd7d6" />
      <TestMethod codeBase="D:\actions-runner\_work\XPCO\XPCO\SC\Components\RemoteViewer\SmartClient\tst\zSmartClient_UnitTest\bin\x64\Debug\net472\zSmartClient_UnitTest.dll" adapterTypeName="executor://mstestadapter/v2" className="SmartClient_UnitTest.VideoOS.RemoteClient.Plugin.CentralizedSearch.Models.Serialization.SearchSerializerTests" name="Serialize_ShouldSerializeCombineType_WhenPresentInData" />
    </UnitTest>
    <UnitTest name="NavigateAndSelectAsync_ZoomOut_ReCenterCommandEnabled" storage="d:\actions-runner\_work\xpco\xpco\sc\components\remoteviewer\smartclient\tst\zsmartclient_unittest\bin\x64\debug\net472\zsmartclient_unittest.dll" id="820765dc-029b-30df-a6e4-7e3395cecf69">
      <TestCategory>
        <TestCategoryItem TestCategory="GisMap.GisMapViewModel" />
      </TestCategory>
      <Execution id="01450e85-ab80-43c1-8203-bd3acf35f336" />
      <TestMethod codeBase="D:\actions-runner\_work\XPCO\XPCO\SC\Components\RemoteViewer\SmartClient\tst\zSmartClient_UnitTest\bin\x64\Debug\net472\zSmartClient_UnitTest.dll" adapterTypeName="executor://mstestadapter/v2" className="SmartClient_UnitTest.VideoOS.RemoteClient.Plugin.GisMap.ViewModels.GisMapViewModelTests" name="NavigateAndSelectAsync_ZoomOut_ReCenterCommandEnabled" />
    </UnitTest>
    <UnitTest name="ValidateExportName_ShouldReturnFailResult_InvalidCharactersInExportName (1213/)" storage="d:\actions-runner\_work\xpco\xpco\sc\components\remoteviewer\smartclient\tst\zsmartclient_unittest\bin\x64\debug\net472\zsmartclient_unittest.dll" id="283d69c9-21df-936a-0efc-b10765e9b17c">
      <TestCategory>
        <TestCategoryItem TestCategory="Export" />
      </TestCategory>
      <Execution id="0c39b2d9-947c-47b2-b3c2-f48858ae68a8" />
      <TestMethod codeBase="D:\actions-runner\_work\XPCO\XPCO\SC\Components\RemoteViewer\SmartClient\tst\zSmartClient_UnitTest\bin\x64\Debug\net472\zSmartClient_UnitTest.dll" adapterTypeName="executor://mstestadapter/v2" className="SmartClient_UnitTest.VideoOS.RemoteClient.Plugin.Export.ExportDataValidatorTests" name="ValidateExportName_ShouldReturnFailResult_InvalidCharactersInExportName" />
    </UnitTest>
    <UnitTest name="DeleteMapItems_ShouldReturnFalse_WhenItemListIsNullOrEmpty" storage="d:\actions-runner\_work\xpco\xpco\sc\components\remoteviewer\smartclient\tst\zsmartclient_unittest\bin\x64\debug\net472\zsmartclient_unittest.dll" id="3a461286-4d9a-bb6f-bf27-81b491059d6a">
      <TestCategory>
        <TestCategoryItem TestCategory="GisMapModelController" />
      </TestCategory>
      <Execution id="4b16cf5b-a209-4ef3-986f-50e4a16b16cf" />
      <TestMethod codeBase="D:\actions-runner\_work\XPCO\XPCO\SC\Components\RemoteViewer\SmartClient\tst\zSmartClient_UnitTest\bin\x64\Debug\net472\zSmartClient_UnitTest.dll" adapterTypeName="executor://mstestadapter/v2" className="SmartClient_UnitTest.VideoOS.RemoteClient.GisMapData.GisMapModelControllerTests" name="DeleteMapItems_ShouldReturnFalse_WhenItemListIsNullOrEmpty" />
    </UnitTest>
    <UnitTest name="TimeToStringConverter_Convert_InvalidParameter_ReturnUnsetValue" storage="d:\actions-runner\_work\xpco\xpco\sc\components\remoteviewer\smartclient\tst\zsmartclient_unittest\bin\x64\debug\net472\zsmartclient_unittest.dll" id="4037f8f9-6ca0-fb62-ee52-1ab0cb3db5fb">
      <TestCategory>
        <TestCategoryItem TestCategory="SearchConverter" />
      </TestCategory>
      <Execution id="0e7bcf18-c37e-42e1-b9a4-81f329ae85de" />
      <TestMethod codeBase="D:\actions-runner\_work\XPCO\XPCO\SC\Components\RemoteViewer\SmartClient\tst\zSmartClient_UnitTest\bin\x64\Debug\net472\zSmartClient_UnitTest.dll" adapterTypeName="executor://mstestadapter/v2" className="SmartClient_UnitTest.VideoOS.RemoteClient.Plugin.CentralizedSearch.Views.Converters.TimeToStringConverterTests" name="TimeToStringConverter_Convert_InvalidParameter_ReturnUnsetValue" />
    </UnitTest>
    <UnitTest name="PatrollingProfileListViewModel_ResolvePresetName_Update_Name" storage="d:\actions-runner\_work\xpco\xpco\sc\components\remoteviewer\smartclient\tst\zsmartclient_unittest\bin\x64\debug\net472\zsmartclient_unittest.dll" id="d99b4f5e-d723-6b95-fc42-5b32d4349edc">
      <Execution id="52987ee3-0710-4fa4-91e0-64b1e66e6212" />
      <TestMethod codeBase="D:\actions-runner\_work\XPCO\XPCO\SC\Components\RemoteViewer\SmartClient\tst\zSmartClient_UnitTest\bin\x64\Debug\net472\zSmartClient_UnitTest.dll" adapterTypeName="executor://mstestadapter/v2" className="SmartClient_UnitTest.VideoOS.RemoteClient.Application.UI.PtzPreset.PatrollingViewModel.PatrollingProfileListViewModelTest" name="PatrollingProfileListViewModel_ResolvePresetName_Update_Name" />
    </UnitTest>
    <UnitTest name="GetLayerFeatures_ShouldReturnCameraLayerFeatures_WhenCameraKind" storage="d:\actions-runner\_work\xpco\xpco\sc\components\remoteviewer\smartclient\tst\zsmartclient_unittest\bin\x64\debug\net472\zsmartclient_unittest.dll" id="cb536c37-af93-5a21-739a-c12d45516012">
      <TestCategory>
        <TestCategoryItem TestCategory="GisMapData.Controllers.LayerFeatures" />
      </TestCategory>
      <Execution id="246df007-9f5a-435e-9cfc-b8b698a3fb37" />
      <TestMethod codeBase="D:\actions-runner\_work\XPCO\XPCO\SC\Components\RemoteViewer\SmartClient\tst\zSmartClient_UnitTest\bin\x64\Debug\net472\zSmartClient_UnitTest.dll" adapterTypeName="executor://mstestadapter/v2" className="SmartClient_UnitTest.VideoOS.RemoteClient.GisMapData.Controllers.LayerFeatures.LayerFeaturesControllerTests" name="GetLayerFeatures_ShouldReturnCameraLayerFeatures_WhenCameraKind" />
    </UnitTest>
    <UnitTest name="SearchAction_Carrousel_PlaybackMode" storage="d:\actions-runner\_work\xpco\xpco\sc\components\remoteviewer\smartclient\tst\zsmartclient_unittest\bin\x64\debug\net472\zsmartclient_unittest.dll" id="9c9fd855-69d4-9918-84e1-a8e0fcc2b097">
      <TestCategory>
        <TestCategoryItem TestCategory="WorkspaceToolbar" />
      </TestCategory>
      <Execution id="fcb7efc3-ef39-4b93-9150-590f1dad9947" />
      <TestMethod codeBase="D:\actions-runner\_work\XPCO\XPCO\SC\Components\RemoteViewer\SmartClient\tst\zSmartClient_UnitTest\bin\x64\Debug\net472\zSmartClient_UnitTest.dll" adapterTypeName="executor://mstestadapter/v2" className="SmartClient_UnitTest.VideoOS.RemoteClient.Application.Data.WorkspaceToolbar.WorkspaceToolbarItemSmartSearchTests" name="SearchAction_Carrousel_PlaybackMode" />
    </UnitTest>
    <UnitTest name="ValueWithFallbackConverterTests_Convert_FirstValueNull_SecondValueNotNull_Success" storage="d:\actions-runner\_work\xpco\xpco\sc\components\remoteviewer\smartclient\tst\zsmartclient_unittest\bin\x64\debug\net472\zsmartclient_unittest.dll" id="cfadad16-7fef-9797-8a05-f69be03fa506">
      <TestCategory>
        <TestCategoryItem TestCategory="SearchConverter" />
      </TestCategory>
      <Execution id="331afe9f-5cdc-4d4e-a6aa-e477fbac0fac" />
      <TestMethod codeBase="D:\actions-runner\_work\XPCO\XPCO\SC\Components\RemoteViewer\SmartClient\tst\zSmartClient_UnitTest\bin\x64\Debug\net472\zSmartClient_UnitTest.dll" adapterTypeName="executor://mstestadapter/v2" className="SmartClient_UnitTest.VideoOS.RemoteClient.Plugin.CentralizedSearch.Views.Converters.ValueWithFallbackConverterTests" name="ValueWithFallbackConverterTests_Convert_FirstValueNull_SecondValueNotNull_Success" />
    </UnitTest>
    <UnitTest name="DateToStringConverter_Convert_NullParameter_ReturnUnsetValue" storage="d:\actions-runner\_work\xpco\xpco\sc\components\remoteviewer\smartclient\tst\zsmartclient_unittest\bin\x64\debug\net472\zsmartclient_unittest.dll" id="9f0f6d30-f426-c7af-d9b6-15317c05ddf1">
      <TestCategory>
        <TestCategoryItem TestCategory="SearchConverter" />
      </TestCategory>
      <Execution id="cfec3632-ba9e-48b9-9e5d-98caf97a1ff3" />
      <TestMethod codeBase="D:\actions-runner\_work\XPCO\XPCO\SC\Components\RemoteViewer\SmartClient\tst\zSmartClient_UnitTest\bin\x64\Debug\net472\zSmartClient_UnitTest.dll" adapterTypeName="executor://mstestadapter/v2" className="SmartClient_UnitTest.VideoOS.RemoteClient.Plugin.CentralizedSearch.Views.Converters.DateToStringConverterTests" name="DateToStringConverter_Convert_NullParameter_ReturnUnsetValue" />
    </UnitTest>
    <UnitTest name="UpdateScope_ToTimeChangedWithNullScopeDuration_ReturnsTrue" storage="d:\actions-runner\_work\xpco\xpco\sc\components\remoteviewer\smartclient\tst\zsmartclient_unittest\bin\x64\debug\net472\zsmartclient_unittest.dll" id="63b5e857-7c0f-1bfb-6bac-ed0592160bce">
      <TestCategory>
        <TestCategoryItem TestCategory="SearchModels" />
      </TestCategory>
      <Execution id="abf48d26-8741-4b7d-a948-6fd9b62c0633" />
      <TestMethod codeBase="D:\actions-runner\_work\XPCO\XPCO\SC\Components\RemoteViewer\SmartClient\tst\zSmartClient_UnitTest\bin\x64\Debug\net472\zSmartClient_UnitTest.dll" adapterTypeName="executor://mstestadapter/v2" className="SmartClient_UnitTest.VideoOS.RemoteClient.Plugin.CentralizedSearch.Models.SearchScopeTests" name="UpdateScope_ToTimeChangedWithNullScopeDuration_ReturnsTrue" />
    </UnitTest>
    <UnitTest name="AddToExportDevices_ShouldReturnCorrectResult (0,0,1)" storage="d:\actions-runner\_work\xpco\xpco\sc\components\remoteviewer\smartclient\tst\zsmartclient_unittest\bin\x64\debug\net472\zsmartclient_unittest.dll" id="c8fe984c-75b4-9cd0-54a9-6f5de670d21e">
      <TestCategory>
        <TestCategoryItem TestCategory="Managers" />
      </TestCategory>
      <Execution id="c8044f2b-d925-42f2-94b8-4b5a4bcebb7d" />
      <TestMethod codeBase="D:\actions-runner\_work\XPCO\XPCO\SC\Components\RemoteViewer\SmartClient\tst\zSmartClient_UnitTest\bin\x64\Debug\net472\zSmartClient_UnitTest.dll" adapterTypeName="executor://mstestadapter/v2" className="SmartClient_UnitTest.VideoOS.RemoteClient.Application.Managers.ExportManagerTests" name="AddToExportDevices_ShouldReturnCorrectResult" />
    </UnitTest>
    <UnitTest name="DeviceIcons_ShouldNotBeEmpty_WhenCalled" storage="d:\actions-runner\_work\xpco\xpco\sc\components\remoteviewer\smartclient\tst\zsmartclient_unittest\bin\x64\debug\net472\zsmartclient_unittest.dll" id="42206c17-853c-7b3a-7834-e4be8b79460f">
      <TestCategory>
        <TestCategoryItem TestCategory="GisMapData.MicrophoneOemResourcesProviderTests" />
      </TestCategory>
      <Execution id="586e6a7a-1bd2-4b6e-b050-4c4af13e273e" />
      <TestMethod codeBase="D:\actions-runner\_work\XPCO\XPCO\SC\Components\RemoteViewer\SmartClient\tst\zSmartClient_UnitTest\bin\x64\Debug\net472\zSmartClient_UnitTest.dll" adapterTypeName="executor://mstestadapter/v2" className="SmartClient_UnitTest.VideoOS.RemoteClient.GisMapData.Resources.MicrophoneOemResourcesProviderTests" name="DeviceIcons_ShouldNotBeEmpty_WhenCalled" />
    </UnitTest>
    <UnitTest name="DefaultConstructor_Success" storage="d:\actions-runner\_work\xpco\xpco\sc\components\remoteviewer\smartclient\tst\zsmartclient_unittest\bin\x64\debug\net472\zsmartclient_unittest.dll" id="9dc38d44-5d89-36d6-7b22-483d30b44b5f">
      <TestCategory>
        <TestCategoryItem TestCategory="GisMapBuilding" />
      </TestCategory>
      <Execution id="181f2ad7-46a1-4d57-99bc-f165f68b133b" />
      <TestMethod codeBase="D:\actions-runner\_work\XPCO\XPCO\SC\Components\RemoteViewer\SmartClient\tst\zSmartClient_UnitTest\bin\x64\Debug\net472\zSmartClient_UnitTest.dll" adapterTypeName="executor://mstestadapter/v2" className="SmartClient_UnitTest.VideoOS.RemoteClient.GisMap.MapBuildingTests" name="DefaultConstructor_Success" />
    </UnitTest>
    <UnitTest name="Convert_ShouldSetWrapAndReturnTextBlock_WhenValueIsVideoOSTextBlock" storage="d:\actions-runner\_work\xpco\xpco\sc\components\remoteviewer\smartclient\tst\zsmartclient_unittest\bin\x64\debug\net472\zsmartclient_unittest.dll" id="0049d7ff-34d0-b659-c849-7e7744f6d7ff">
      <Execution id="bbd1ca82-0261-46e0-aa45-254ba5b22c76" />
      <TestMethod codeBase="D:\actions-runner\_work\XPCO\XPCO\SC\Components\RemoteViewer\SmartClient\tst\zSmartClient_UnitTest\bin\x64\Debug\net472\zSmartClient_UnitTest.dll" adapterTypeName="executor://mstestadapter/v2" className="SmartClient_UnitTest.VideoOS.Common.UIThemes.ContentToTooltipTextConverterTests" name="Convert_ShouldSetWrapAndReturnTextBlock_WhenValueIsVideoOSTextBlock" />
    </UnitTest>
    <UnitTest name="TryGetOsmServerTileAddress_ShouldReturnFalse_WhenOsmServerAddressIsInvalid" storage="d:\actions-runner\_work\xpco\xpco\sc\components\remoteviewer\smartclient\tst\zsmartclient_unittest\bin\x64\debug\net472\zsmartclient_unittest.dll" id="eabf48e5-196a-32f6-d385-edcb8e627a16">
      <TestCategory>
        <TestCategoryItem TestCategory="GisMapData.Controllers.Osm" />
      </TestCategory>
      <Execution id="5fef1d2e-5412-44bf-b9e7-d50bef16f629" />
      <TestMethod codeBase="D:\actions-runner\_work\XPCO\XPCO\SC\Components\RemoteViewer\SmartClient\tst\zSmartClient_UnitTest\bin\x64\Debug\net472\zSmartClient_UnitTest.dll" adapterTypeName="executor://mstestadapter/v2" className="SmartClient_UnitTest.VideoOS.RemoteClient.GisMapData.Controllers.Osm.GisMapOsmControllerTests" name="TryGetOsmServerTileAddress_ShouldReturnFalse_WhenOsmServerAddressIsInvalid" />
    </UnitTest>
    <UnitTest name="TestHasCapapability_LesserThan_Success" storage="d:\actions-runner\_work\xpco\xpco\sc\components\remoteviewer\smartclient\tst\zsmartclient_unittest\bin\x64\debug\net472\zsmartclient_unittest.dll" id="6d62f599-0f0c-18d4-6cc8-c03dee27684a">
      <Execution id="479a399a-4db1-4324-ae14-0dc493160ad9" />
      <TestMethod codeBase="D:\actions-runner\_work\XPCO\XPCO\SC\Components\RemoteViewer\SmartClient\tst\zSmartClient_UnitTest\bin\x64\Debug\net472\zSmartClient_UnitTest.dll" adapterTypeName="executor://mstestadapter/v2" className="SmartClient_UnitTest.VideoOS.RemoteClient.GisMapData.Common.GisMapServerCapabilitiesTest" name="TestHasCapapability_LesserThan_Success" />
    </UnitTest>
    <UnitTest name="MipItemsMapLayer_Constructed_Success" storage="d:\actions-runner\_work\xpco\xpco\sc\components\remoteviewer\smartclient\tst\zsmartclient_unittest\bin\x64\debug\net472\zsmartclient_unittest.dll" id="965562eb-8289-311d-8c35-1161a699ffcd">
      <TestCategory>
        <TestCategoryItem TestCategory="GisMapLayer" />
      </TestCategory>
      <Execution id="84f7303f-03b1-4fe6-9ef2-f502c41360ae" />
      <TestMethod codeBase="D:\actions-runner\_work\XPCO\XPCO\SC\Components\RemoteViewer\SmartClient\tst\zSmartClient_UnitTest\bin\x64\Debug\net472\zSmartClient_UnitTest.dll" adapterTypeName="executor://mstestadapter/v2" className="SmartClient_UnitTest.VideoOS.RemoteClient.GisMap.MapLayers.GisMapLayerTests" name="MipItemsMapLayer_Constructed_Success" />
    </UnitTest>
    <UnitTest name="RightButtonDown_ShouldNotRaiseAnException_WhenFired" storage="d:\actions-runner\_work\xpco\xpco\sc\components\remoteviewer\smartclient\tst\zsmartclient_unittest\bin\x64\debug\net472\zsmartclient_unittest.dll" id="0fd90a39-90c9-a28c-8d05-c52712094258">
      <TestCategory>
        <TestCategoryItem TestCategory="GisMap.WindowsBases" />
      </TestCategory>
      <Execution id="b8268fb7-8caa-4a02-b5c7-9d92d34e054e" />
      <TestMethod codeBase="D:\actions-runner\_work\XPCO\XPCO\SC\Components\RemoteViewer\SmartClient\tst\zSmartClient_UnitTest\bin\x64\Debug\net472\zSmartClient_UnitTest.dll" adapterTypeName="executor://mstestadapter/v2" className="SmartClient_UnitTest.VideoOS.RemoteClient.Plugin.GisMap.Windows.Bases.DragWindowDecoratorTests" name="RightButtonDown_ShouldNotRaiseAnException_WhenFired" />
    </UnitTest>
    <UnitTest name="BoundingBoxLiveStart" storage="d:\actions-runner\_work\xpco\xpco\sc\components\remoteviewer\smartclient\tst\zsmartclient_unittest\bin\x64\debug\net472\zsmartclient_unittest.dll" id="6041a665-a5c2-d6e3-acc3-d07918acde37">
      <Execution id="9c4bbfc8-2cae-4b7a-9b34-0788ce171aa5" />
      <TestMethod codeBase="D:\actions-runner\_work\XPCO\XPCO\SC\Components\RemoteViewer\SmartClient\tst\zSmartClient_UnitTest\bin\x64\Debug\net472\zSmartClient_UnitTest.dll" adapterTypeName="executor://mstestadapter/v2" className="SmartClient_UnitTest.VideoOS.RemoteClient.Application.Data.Metadata.BoundingBoxes.BoundingBoxProviderTest" name="BoundingBoxLiveStart" />
    </UnitTest>
    <UnitTest name="ShowPermissionDeniedStatusBarError_ShouldSendAMessage (0,0)" storage="d:\actions-runner\_work\xpco\xpco\sc\components\remoteviewer\smartclient\tst\zsmartclient_unittest\bin\x64\debug\net472\zsmartclient_unittest.dll" id="db4646bf-024d-6e80-c8eb-b0bfdcf6a10a">
      <TestCategory>
        <TestCategoryItem TestCategory="Managers" />
      </TestCategory>
      <Execution id="49f8ff4a-a919-4196-bddd-adf17f2503f4" />
      <TestMethod codeBase="D:\actions-runner\_work\XPCO\XPCO\SC\Components\RemoteViewer\SmartClient\tst\zSmartClient_UnitTest\bin\x64\Debug\net472\zSmartClient_UnitTest.dll" adapterTypeName="executor://mstestadapter/v2" className="SmartClient_UnitTest.VideoOS.RemoteClient.Application.Managers.ExportResultsNotificationHelperTests" name="ShowPermissionDeniedStatusBarError_ShouldSendAMessage" />
    </UnitTest>
    <UnitTest name="OnMarkerRightClicked_ShouldLetMapLayerControlMenuItems_WhenNoMapItemSelected" storage="d:\actions-runner\_work\xpco\xpco\sc\components\remoteviewer\smartclient\tst\zsmartclient_unittest\bin\x64\debug\net472\zsmartclient_unittest.dll" id="9ee3310d-df68-3208-bd43-511bd668f4d5">
      <TestCategory>
        <TestCategoryItem TestCategory="SmartMap.MapItemsOverlay" />
      </TestCategory>
      <Execution id="aab7fc34-1aff-4c89-8f5d-d8c6ad0e59d1" />
      <TestMethod codeBase="D:\actions-runner\_work\XPCO\XPCO\SC\Components\RemoteViewer\SmartClient\tst\zSmartClient_UnitTest\bin\x64\Debug\net472\zSmartClient_UnitTest.dll" adapterTypeName="executor://mstestadapter/v2" className="SmartClient_UnitTest.VideoOS.RemoteClient.Plugin.GisMap.ThinkGeoMap.SpecializedOverlays.Overlays.MapItemsOverlayTests" name="OnMarkerRightClicked_ShouldLetMapLayerControlMenuItems_WhenNoMapItemSelected" />
    </UnitTest>
    <UnitTest name="Ctor_NullDefinition_Throws" storage="d:\actions-runner\_work\xpco\xpco\sc\components\remoteviewer\smartclient\tst\zsmartclient_unittest\bin\x64\debug\net472\zsmartclient_unittest.dll" id="9b54bf22-f513-708f-8279-2654a94cc1cf">
      <TestCategory>
        <TestCategoryItem TestCategory="Search" />
      </TestCategory>
      <Execution id="156f75c4-fa1f-4cf8-9fdf-19f98b742eff" />
      <TestMethod codeBase="D:\actions-runner\_work\XPCO\XPCO\SC\Components\RemoteViewer\SmartClient\tst\zSmartClient_UnitTest\bin\x64\Debug\net472\zSmartClient_UnitTest.dll" adapterTypeName="executor://mstestadapter/v2" className="SmartClient_UnitTest.VideoOS.RemoteClient.Plugin.CentralizedSearch.ViewModels.SearchDefinitionViewModelTests" name="Ctor_NullDefinition_Throws" />
    </UnitTest>
    <UnitTest name="Ctor_OneBuiltInGroupDefined_OneCompositeAgentAddedAndTwoStandardAgentsAdded" storage="d:\actions-runner\_work\xpco\xpco\sc\components\remoteviewer\smartclient\tst\zsmartclient_unittest\bin\x64\debug\net472\zsmartclient_unittest.dll" id="14f3ec32-0fa4-5f7a-4835-a25af4f36100">
      <TestCategory>
        <TestCategoryItem TestCategory="ScSearchManager" />
      </TestCategory>
      <Execution id="dbd3e6c4-2b7a-46e1-b17c-4a29fd992866" />
      <TestMethod codeBase="D:\actions-runner\_work\XPCO\XPCO\SC\Components\RemoteViewer\SmartClient\tst\zSmartClient_UnitTest\bin\x64\Debug\net472\zSmartClient_UnitTest.dll" adapterTypeName="executor://mstestadapter/v2" className="SmartClient_UnitTest.VideoOS.RemoteClient.Plugin.CentralizedSearch.MIPPlugin.ScSearchManagerTests" name="Ctor_OneBuiltInGroupDefined_OneCompositeAgentAddedAndTwoStandardAgentsAdded" />
    </UnitTest>
    <UnitTest name="Constructor_ShouldThrowAnException_WhenWorkroomIsNull" storage="d:\actions-runner\_work\xpco\xpco\sc\components\remoteviewer\smartclient\tst\zsmartclient_unittest\bin\x64\debug\net472\zsmartclient_unittest.dll" id="2ebfe8ce-3c37-b151-62ae-982463586759">
      <TestCategory>
        <TestCategoryItem TestCategory="WorkspaceToolbar" />
      </TestCategory>
      <Execution id="2df48b4d-58df-463a-8321-6fafa2205989" />
      <TestMethod codeBase="D:\actions-runner\_work\XPCO\XPCO\SC\Components\RemoteViewer\SmartClient\tst\zSmartClient_UnitTest\bin\x64\Debug\net472\zSmartClient_UnitTest.dll" adapterTypeName="executor://mstestadapter/v2" className="SmartClient_UnitTest.VideoOS.RemoteClient.Application.UI.Content.WorkspaceToolbar.WorkspaceToolbarViewModelTests" name="Constructor_ShouldThrowAnException_WhenWorkroomIsNull" />
    </UnitTest>
    <UnitTest name="AssignPanTiltValue_WhenValueIsInsideDeadzone_ShouldReturnCenterValue" storage="d:\actions-runner\_work\xpco\xpco\sc\components\remoteviewer\smartclient\tst\zsmartclient_unittest\bin\x64\debug\net472\zsmartclient_unittest.dll" id="72e0aaef-b782-3799-5f94-2f93780a25bc">
      <Execution id="bcbd01dc-894a-4cba-ad81-759a9220bb5b" />
      <TestMethod codeBase="D:\actions-runner\_work\XPCO\XPCO\SC\Components\RemoteViewer\SmartClient\tst\zSmartClient_UnitTest\bin\x64\Debug\net472\zSmartClient_UnitTest.dll" adapterTypeName="executor://mstestadapter/v2" className="SmartClient_UnitTest.VideoOS.RemoteClient.Plugin.JoystickSupport.JoystickDeviceTests" name="AssignPanTiltValue_WhenValueIsInsideDeadzone_ShouldReturnCenterValue" />
    </UnitTest>
    <UnitTest name="Ctor_ShouldApplyNewestTriggerTimeComparer_WhenMultipleSimultaneousSearchesIsNotAllowed" storage="d:\actions-runner\_work\xpco\xpco\sc\components\remoteviewer\smartclient\tst\zsmartclient_unittest\bin\x64\debug\net472\zsmartclient_unittest.dll" id="7ed10e38-acaf-fb97-a236-10882c020ef0">
      <TestCategory>
        <TestCategoryItem TestCategory="SearchResultViewModels" />
      </TestCategory>
      <Execution id="fd26488b-1ced-4cdc-b0ef-a67f2c4b2048" />
      <TestMethod codeBase="D:\actions-runner\_work\XPCO\XPCO\SC\Components\RemoteViewer\SmartClient\tst\zSmartClient_UnitTest\bin\x64\Debug\net472\zSmartClient_UnitTest.dll" adapterTypeName="executor://mstestadapter/v2" className="SmartClient_UnitTest.VideoOS.RemoteClient.Plugin.CentralizedSearch.ViewModels.SearchResultsViewModelTest" name="Ctor_ShouldApplyNewestTriggerTimeComparer_WhenMultipleSimultaneousSearchesIsNotAllowed" />
    </UnitTest>
    <UnitTest name="ResolveSearchDefinitions_ShouldReturnResultSearchDefinition_WhenCombinedSearchResultWithSingleSubResultAndSearchDefinitionsNotContainingCorrectSearchDefinitionsAreGiven" storage="d:\actions-runner\_work\xpco\xpco\sc\components\remoteviewer\smartclient\tst\zsmartclient_unittest\bin\x64\debug\net472\zsmartclient_unittest.dll" id="1f280893-1f72-6f45-77a3-2457f07e9bd2">
      <TestCategory>
        <TestCategoryItem TestCategory="Search" />
      </TestCategory>
      <Execution id="9f9aa11e-b926-4c72-9986-347931e2a078" />
      <TestMethod codeBase="D:\actions-runner\_work\XPCO\XPCO\SC\Components\RemoteViewer\SmartClient\tst\zSmartClient_UnitTest\bin\x64\Debug\net472\zSmartClient_UnitTest.dll" adapterTypeName="executor://mstestadapter/v2" className="SmartClient_UnitTest.VideoOS.RemoteClient.Plugin.CentralizedSearch.Utils.SearchResultDataWrapperExtensionsTests" name="ResolveSearchDefinitions_ShouldReturnResultSearchDefinition_WhenCombinedSearchResultWithSingleSubResultAndSearchDefinitionsNotContainingCorrectSearchDefinitionsAreGiven" />
    </UnitTest>
    <UnitTest name="SelectOptions_ShouldSetSelectedComponent_WhenGivenOptionGroupWithCorrelatedComponent" storage="d:\actions-runner\_work\xpco\xpco\sc\components\remoteviewer\smartclient\tst\zsmartclient_unittest\bin\x64\debug\net472\zsmartclient_unittest.dll" id="54fe689a-094b-c2b1-eff8-7a88071b8275">
      <Execution id="911fb462-2d93-4b33-ba28-2895aedb8ae2" />
      <TestMethod codeBase="D:\actions-runner\_work\XPCO\XPCO\SC\Components\RemoteViewer\SmartClient\tst\zSmartClient_UnitTest\bin\x64\Debug\net472\zSmartClient_UnitTest.dll" adapterTypeName="executor://mstestadapter/v2" className="SmartClient_UnitTest.VideoOS.RemoteClient.Application.UI.Settings.SettingsDialogViewModelTests" name="SelectOptions_ShouldSetSelectedComponent_WhenGivenOptionGroupWithCorrelatedComponent" />
    </UnitTest>
    <UnitTest name="Instance_ShouldBeSingleton_WhenCalled" storage="d:\actions-runner\_work\xpco\xpco\sc\components\remoteviewer\smartclient\tst\zsmartclient_unittest\bin\x64\debug\net472\zsmartclient_unittest.dll" id="0ed09f5c-e815-112c-6aff-fe0dbd9b6f36">
      <TestCategory>
        <TestCategoryItem TestCategory="GisMapData.InputOemResourcesProviderTests" />
      </TestCategory>
      <Execution id="ce9ae848-1d9a-440f-af45-127b40149c05" />
      <TestMethod codeBase="D:\actions-runner\_work\XPCO\XPCO\SC\Components\RemoteViewer\SmartClient\tst\zSmartClient_UnitTest\bin\x64\Debug\net472\zSmartClient_UnitTest.dll" adapterTypeName="executor://mstestadapter/v2" className="SmartClient_UnitTest.VideoOS.RemoteClient.GisMapData.Resources.InputOemResourcesProviderTests" name="Instance_ShouldBeSingleton_WhenCalled" />
    </UnitTest>
    <UnitTest name="TestConstructor_EmptyOuterRing_GetBounds_Success" storage="d:\actions-runner\_work\xpco\xpco\sc\components\remoteviewer\smartclient\tst\zsmartclient_unittest\bin\x64\debug\net472\zsmartclient_unittest.dll" id="88071ce5-6a3f-f4ed-8ba6-7bfde6e1c46a">
      <TestCategory>
        <TestCategoryItem TestCategory="GisMap" />
      </TestCategory>
      <Execution id="76662339-5de6-4770-bad6-afc3db09171c" />
      <TestMethod codeBase="D:\actions-runner\_work\XPCO\XPCO\SC\Components\RemoteViewer\SmartClient\tst\zSmartClient_UnitTest\bin\x64\Debug\net472\zSmartClient_UnitTest.dll" adapterTypeName="executor://mstestadapter/v2" className="SmartClient_UnitTest.VideoOS.RemoteClient.GisMap.Common.MapPolygonTest" name="TestConstructor_EmptyOuterRing_GetBounds_Success" />
    </UnitTest>
    <UnitTest name="Selected_retention_option_is_cleared_when_not_available" storage="d:\actions-runner\_work\xpco\xpco\sc\components\remoteviewer\smartclient\tst\zsmartclient_unittest\bin\x64\debug\net472\zsmartclient_unittest.dll" id="8afe4c58-19f6-dd1a-c67e-b2b4ee85f2ac">
      <Execution id="dcc79fd6-8740-45d2-8d9c-e0fdd5884451" />
      <TestMethod codeBase="D:\actions-runner\_work\XPCO\XPCO\SC\Components\RemoteViewer\SmartClient\tst\zSmartClient_UnitTest\bin\x64\Debug\net472\zSmartClient_UnitTest.dll" adapterTypeName="executor://mstestadapter/v2" className="SmartClient_UnitTest.VideoOS.RemoteClient.Application.Components.EvidenceLock.EvidenceLockCreateEditTests" name="Selected_retention_option_is_cleared_when_not_available" />
    </UnitTest>
    <UnitTest name="Connect_FailToConnect_ShouldReturnFalse" storage="d:\actions-runner\_work\xpco\xpco\sc\components\remoteviewer\smartclient\tst\zsmartclient_unittest\bin\x64\debug\net472\zsmartclient_unittest.dll" id="a994a568-3e00-625c-a6cf-5145a11d5bf6">
      <Execution id="c470cdc6-52a0-4f6e-8c5c-0561f19ef0ee" />
      <TestMethod codeBase="D:\actions-runner\_work\XPCO\XPCO\SC\Components\RemoteViewer\SmartClient\tst\zSmartClient_UnitTest\bin\x64\Debug\net472\zSmartClient_UnitTest.dll" adapterTypeName="executor://mstestadapter/v2" className="VideoOS.Shared.ServerAPI.VMOViewerClientFacade.UnitTest.VMOViewerClientFacadeTests" name="Connect_FailToConnect_ShouldReturnFalse" />
    </UnitTest>
    <UnitTest name="VideoResultSearchResult_Properties_CollectedAndDisplayed" storage="d:\actions-runner\_work\xpco\xpco\sc\components\remoteviewer\smartclient\tst\zsmartclient_unittest\bin\x64\debug\net472\zsmartclient_unittest.dll" id="c0fbebe8-662e-1768-fb63-e3fa6064e5a1">
      <TestCategory>
        <TestCategoryItem TestCategory="SearchControls" />
      </TestCategory>
      <Execution id="f578b27d-3965-4b24-a67b-66162b0ca0f8" />
      <TestMethod codeBase="D:\actions-runner\_work\XPCO\XPCO\SC\Components\RemoteViewer\SmartClient\tst\zSmartClient_UnitTest\bin\x64\Debug\net472\zSmartClient_UnitTest.dll" adapterTypeName="executor://mstestadapter/v2" className="SmartClient_UnitTest.VideoOS.RemoteClient.Plugin.CentralizedSearch.Views.Controls.SearchResultDetailsControlTests" name="VideoResultSearchResult_Properties_CollectedAndDisplayed" />
    </UnitTest>
    <UnitTest name="ConvertToValidPath_WhenAllowDirectories_ConvertToValidPath" storage="d:\actions-runner\_work\xpco\xpco\sc\components\remoteviewer\smartclient\tst\zsmartclient_unittest\bin\x64\debug\net472\zsmartclient_unittest.dll" id="7a5350b3-34d1-bd37-e8d8-d06d15c440d2">
      <Execution id="95d6530d-a63c-480b-9a55-0422048b2660" />
      <TestMethod codeBase="D:\actions-runner\_work\XPCO\XPCO\SC\Components\RemoteViewer\SmartClient\tst\zSmartClient_UnitTest\bin\x64\Debug\net472\zSmartClient_UnitTest.dll" adapterTypeName="executor://mstestadapter/v2" className="SmartClient_UnitTest.VideoOS.RemoteClient.Application.Common.FilePathValidatorTest" name="ConvertToValidPath_WhenAllowDirectories_ConvertToValidPath" />
    </UnitTest>
    <UnitTest name="CalculateNewExtent_ShouldScaleEvenly_WhenWithinMaxInLowerLeft" storage="d:\actions-runner\_work\xpco\xpco\sc\components\remoteviewer\smartclient\tst\zsmartclient_unittest\bin\x64\debug\net472\zsmartclient_unittest.dll" id="d334a597-c565-285a-8550-3b9ea2cba29c">
      <TestCategory>
        <TestCategoryItem TestCategory="MipItemsUpdateStrategy" />
      </TestCategory>
      <Execution id="50e3739a-7341-49ff-ad1f-3c7bc1594eb2" />
      <TestMethod codeBase="D:\actions-runner\_work\XPCO\XPCO\SC\Components\RemoteViewer\SmartClient\tst\zSmartClient_UnitTest\bin\x64\Debug\net472\zSmartClient_UnitTest.dll" adapterTypeName="executor://mstestadapter/v2" className="SmartClient_UnitTest.VideoOS.RemoteClient.Plugin.GisMap.MIP.MipItemsUpdateStrategyTests" name="CalculateNewExtent_ShouldScaleEvenly_WhenWithinMaxInLowerLeft" />
    </UnitTest>
    <UnitTest name="ToDenormalizedDirection_LesserThanMinus1_0_Failure" storage="d:\actions-runner\_work\xpco\xpco\sc\components\remoteviewer\smartclient\tst\zsmartclient_unittest\bin\x64\debug\net472\zsmartclient_unittest.dll" id="380c2d79-325d-3409-b945-e63fa33fc5f3">
      <TestCategory>
        <TestCategoryItem TestCategory="GisMap" />
      </TestCategory>
      <Execution id="0ff950de-69ed-46b7-9efd-60394e35b36f" />
      <TestMethod codeBase="D:\actions-runner\_work\XPCO\XPCO\SC\Components\RemoteViewer\SmartClient\tst\zSmartClient_UnitTest\bin\x64\Debug\net472\zSmartClient_UnitTest.dll" adapterTypeName="executor://mstestadapter/v2" className="SmartClient_UnitTest.VideoOS.RemoteClient.GisMap.Utilities.GisUtilityTests" name="ToDenormalizedDirection_LesserThanMinus1_0_Failure" />
    </UnitTest>
    <UnitTest name="Convert_OneCamerasSelectionAndOneSearchDefinition_Collapsed" storage="d:\actions-runner\_work\xpco\xpco\sc\components\remoteviewer\smartclient\tst\zsmartclient_unittest\bin\x64\debug\net472\zsmartclient_unittest.dll" id="f2b7929b-9477-2b09-878d-9dcd16e02623">
      <TestCategory>
        <TestCategoryItem TestCategory="SearchConverter" />
      </TestCategory>
      <Execution id="b6095eb4-543f-4f12-b100-843a7746117a" />
      <TestMethod codeBase="D:\actions-runner\_work\XPCO\XPCO\SC\Components\RemoteViewer\SmartClient\tst\zSmartClient_UnitTest\bin\x64\Debug\net472\zSmartClient_UnitTest.dll" adapterTypeName="executor://mstestadapter/v2" className="SmartClient_UnitTest.VideoOS.RemoteClient.Plugin.CentralizedSearch.Views.Converters.NoCriteriaSelectedGridVisibilityConverterTests" name="Convert_OneCamerasSelectionAndOneSearchDefinition_Collapsed" />
    </UnitTest>
    <UnitTest name="Ctor_WpfMessageBoxButtonIsSetToOk_OnlyOkButtonVisible" storage="d:\actions-runner\_work\xpco\xpco\sc\components\remoteviewer\smartclient\tst\zsmartclient_unittest\bin\x64\debug\net472\zsmartclient_unittest.dll" id="3419854c-a58b-26c0-1755-df23f4de0fe4">
      <Execution id="0ab40f67-6871-4354-ae05-e008a0095213" />
      <TestMethod codeBase="D:\actions-runner\_work\XPCO\XPCO\SC\Components\RemoteViewer\SmartClient\tst\zSmartClient_UnitTest\bin\x64\Debug\net472\zSmartClient_UnitTest.dll" adapterTypeName="executor://mstestadapter/v2" className="SmartClient_UnitTest.VideoOS.RemoteClient.Application.UI.Common.MessageBoxWithList.MessageBoxWithListViewModelTests" name="Ctor_WpfMessageBoxButtonIsSetToOk_OnlyOkButtonVisible" />
    </UnitTest>
    <UnitTest name="SelectedComponent_ShouldDefaultToFirstComponent_WhenSettingsDialogIsOpened" storage="d:\actions-runner\_work\xpco\xpco\sc\components\remoteviewer\smartclient\tst\zsmartclient_unittest\bin\x64\debug\net472\zsmartclient_unittest.dll" id="8e2c4cca-7551-4f11-2133-425fd4297ee4">
      <Execution id="781c4ad2-6f6d-447a-84b0-d92bbb575e57" />
      <TestMethod codeBase="D:\actions-runner\_work\XPCO\XPCO\SC\Components\RemoteViewer\SmartClient\tst\zSmartClient_UnitTest\bin\x64\Debug\net472\zSmartClient_UnitTest.dll" adapterTypeName="executor://mstestadapter/v2" className="SmartClient_UnitTest.VideoOS.RemoteClient.Application.UI.Settings.SettingsDialogViewModelTests" name="SelectedComponent_ShouldDefaultToFirstComponent_WhenSettingsDialogIsOpened" />
    </UnitTest>
    <UnitTest name="GetDeviceData_ShouldReturnDeviceData_WhenCameraKindAndExistingCameraId" storage="d:\actions-runner\_work\xpco\xpco\sc\components\remoteviewer\smartclient\tst\zsmartclient_unittest\bin\x64\debug\net472\zsmartclient_unittest.dll" id="2a4dd686-62ac-c714-9f30-f0d81a07f831">
      <TestCategory>
        <TestCategoryItem TestCategory="GisMap.Controllers.Devices.MapItems" />
      </TestCategory>
      <Execution id="319f73f9-1d38-4eb3-9c90-05938ec11aaa" />
      <TestMethod codeBase="D:\actions-runner\_work\XPCO\XPCO\SC\Components\RemoteViewer\SmartClient\tst\zSmartClient_UnitTest\bin\x64\Debug\net472\zSmartClient_UnitTest.dll" adapterTypeName="executor://mstestadapter/v2" className="SmartClient_UnitTest.VideoOS.RemoteClient.Plugin.GisMap.Controllers.Devices.MapItems.DeviceDataControllerTests" name="GetDeviceData_ShouldReturnDeviceData_WhenCameraKindAndExistingCameraId" />
    </UnitTest>
    <UnitTest name="Command_ShouldInvokeRemoveMipMapItem_WhenExecutedForMultipleSelectedItem" storage="d:\actions-runner\_work\xpco\xpco\sc\components\remoteviewer\smartclient\tst\zsmartclient_unittest\bin\x64\debug\net472\zsmartclient_unittest.dll" id="84796659-ba8c-65c7-7760-1f800728b555">
      <TestCategory>
        <TestCategoryItem TestCategory="GisMapMip" />
      </TestCategory>
      <Execution id="ec5c549a-b752-44e2-a26f-ce84288f7fb0" />
      <TestMethod codeBase="D:\actions-runner\_work\XPCO\XPCO\SC\Components\RemoteViewer\SmartClient\tst\zSmartClient_UnitTest\bin\x64\Debug\net472\zSmartClient_UnitTest.dll" adapterTypeName="executor://mstestadapter/v2" className="SmartClient_UnitTest.VideoOS.RemoteClient.Plugin.GisMap.ThinkGeoMap.ContextMenuUtils.RemoveMipItemContextMenuTests" name="Command_ShouldInvokeRemoveMipMapItem_WhenExecutedForMultipleSelectedItem" />
    </UnitTest>
    <UnitTest name="TestConstructor_WithNullParameter_Failure" storage="d:\actions-runner\_work\xpco\xpco\sc\components\remoteviewer\smartclient\tst\zsmartclient_unittest\bin\x64\debug\net472\zsmartclient_unittest.dll" id="2ea7f788-a228-7eb9-ef8c-629855bfb76d">
      <Execution id="c71fc26f-a978-4416-acea-45aa7da48c67" />
      <TestMethod codeBase="D:\actions-runner\_work\XPCO\XPCO\SC\Components\RemoteViewer\SmartClient\tst\zSmartClient_UnitTest\bin\x64\Debug\net472\zSmartClient_UnitTest.dll" adapterTypeName="executor://mstestadapter/v2" className="SmartClient_UnitTest.VideoOS.RemoteClient.GisMapData.Common.GisMapServerCapabilitiesTest" name="TestConstructor_WithNullParameter_Failure" />
    </UnitTest>
    <UnitTest name="ActionBarPluginEnabled_SinglePluginWithEnoughRoom_PluginButtonPresentInActionBar" storage="d:\actions-runner\_work\xpco\xpco\sc\components\remoteviewer\smartclient\tst\zsmartclient_unittest\bin\x64\debug\net472\zsmartclient_unittest.dll" id="baa96bb4-9a62-b146-14d8-03dbee056087">
      <TestCategory>
        <TestCategoryItem TestCategory="SearchViews" />
      </TestCategory>
      <Execution id="4432412f-c1c4-41a7-95c9-13eb2550935c" />
      <TestMethod codeBase="D:\actions-runner\_work\XPCO\XPCO\SC\Components\RemoteViewer\SmartClient\tst\zSmartClient_UnitTest\bin\x64\Debug\net472\zSmartClient_UnitTest.dll" adapterTypeName="executor://mstestadapter/v2" className="SmartClient_UnitTest.VideoOS.RemoteClient.Plugin.CentralizedSearch.Views.SearchResultActionBarViewTests" name="ActionBarPluginEnabled_SinglePluginWithEnoughRoom_PluginButtonPresentInActionBar" />
    </UnitTest>
    <UnitTest name="Result_Updates_Correctly" storage="d:\actions-runner\_work\xpco\xpco\sc\components\remoteviewer\smartclient\tst\zsmartclient_unittest\bin\x64\debug\net472\zsmartclient_unittest.dll" id="64807985-c509-c615-5e46-3ee5e8e0197e">
      <Execution id="4ed451e5-94f2-4bc2-ad5e-40f28204261d" />
      <TestMethod codeBase="D:\actions-runner\_work\XPCO\XPCO\SC\Components\RemoteViewer\SmartClient\tst\zSmartClient_UnitTest\bin\x64\Debug\net472\zSmartClient_UnitTest.dll" adapterTypeName="executor://mstestadapter/v2" className="SmartClient_UnitTest.VideoOS.RemoteClient.Application.Components.Search.SearchManagerTest" name="Result_Updates_Correctly" />
    </UnitTest>
    <UnitTest name="CameraMapItem_UpdateName_Rejected" storage="d:\actions-runner\_work\xpco\xpco\sc\components\remoteviewer\smartclient\tst\zsmartclient_unittest\bin\x64\debug\net472\zsmartclient_unittest.dll" id="f63c2d26-77b7-377e-2b59-219fb8f0f7b9">
      <TestCategory>
        <TestCategoryItem TestCategory="GisMapMapItem" />
      </TestCategory>
      <Execution id="8caeea44-c832-48e7-a071-3d935784aad1" />
      <TestMethod codeBase="D:\actions-runner\_work\XPCO\XPCO\SC\Components\RemoteViewer\SmartClient\tst\zSmartClient_UnitTest\bin\x64\Debug\net472\zSmartClient_UnitTest.dll" adapterTypeName="executor://mstestadapter/v2" className="SmartClient_UnitTest.VideoOS.RemoteClient.GisMap.MapItem.MapItemTests" name="CameraMapItem_UpdateName_Rejected" />
    </UnitTest>
    <UnitTest name="BookmarkSearchTime_WithSearchStringInDifferentCases_ReturnCorrectBookmarkWithSearchStringInDescription (SeArChStRiNg,True,False,False,False,,,0)" storage="d:\actions-runner\_work\xpco\xpco\sc\components\remoteviewer\smartclient\tst\zsmartclient_unittest\bin\x64\debug\net472\zsmartclient_unittest.dll" id="a66072e2-b1f7-196d-b793-cd24ef5c3a36">
      <Execution id="6e4c7fbd-c48e-4623-960c-2dc38556f5bb" />
      <TestMethod codeBase="D:\actions-runner\_work\XPCO\XPCO\SC\Components\RemoteViewer\SmartClient\tst\zSmartClient_UnitTest\bin\x64\Debug\net472\zSmartClient_UnitTest.dll" adapterTypeName="executor://mstestadapter/v2" className="SmartClient_UnitTest.VideoOS.RemoteClient.Application.Data.Offline.UnitTest.BookmarkExportReaderTest" name="BookmarkSearchTime_WithSearchStringInDifferentCases_ReturnCorrectBookmarkWithSearchStringInDescription" />
    </UnitTest>
    <UnitTest name="PointMapItem_InputWithNoShortName_Success" storage="d:\actions-runner\_work\xpco\xpco\sc\components\remoteviewer\smartclient\tst\zsmartclient_unittest\bin\x64\debug\net472\zsmartclient_unittest.dll" id="b504ac94-d24b-65b3-ca37-c7d43c96a4da">
      <TestCategory>
        <TestCategoryItem TestCategory="GisMapData.MapItem.Inputs" />
      </TestCategory>
      <Execution id="e1b13a66-d95c-4810-85e2-d9cf8ab21af3" />
      <TestMethod codeBase="D:\actions-runner\_work\XPCO\XPCO\SC\Components\RemoteViewer\SmartClient\tst\zSmartClient_UnitTest\bin\x64\Debug\net472\zSmartClient_UnitTest.dll" adapterTypeName="executor://mstestadapter/v2" className="SmartClient_UnitTest.VideoOS.RemoteClient.GisMapData.MapItem.Inputs.InputMapItemTests" name="PointMapItem_InputWithNoShortName_Success" />
    </UnitTest>
    <UnitTest name="ToString_ShouldSuccess_Always" storage="d:\actions-runner\_work\xpco\xpco\sc\components\remoteviewer\smartclient\tst\zsmartclient_unittest\bin\x64\debug\net472\zsmartclient_unittest.dll" id="d88de873-7cef-0143-495e-05b7d2b41757">
      <TestCategory>
        <TestCategoryItem TestCategory="GisMapIndex" />
      </TestCategory>
      <Execution id="eec270c2-5900-434e-ba59-fb9fbe318b82" />
      <TestMethod codeBase="D:\actions-runner\_work\XPCO\XPCO\SC\Components\RemoteViewer\SmartClient\tst\zSmartClient_UnitTest\bin\x64\Debug\net472\zSmartClient_UnitTest.dll" adapterTypeName="executor://mstestadapter/v2" className="SmartClient_UnitTest.VideoOS.RemoteClient.GisMapData.Common.Indexer.BuildingsAwareIndexerTests" name="ToString_ShouldSuccess_Always" />
    </UnitTest>
    <UnitTest name="WhenActionExecutedWithAlarmsWithRelatedDeviceThenEveryObserverNotifiedWithRelated" storage="d:\actions-runner\_work\xpco\xpco\sc\components\remoteviewer\smartclient\tst\zsmartclient_unittest\bin\x64\debug\net472\zsmartclient_unittest.dll" id="56b52fe7-501e-5059-ffb3-616a27cb0414">
      <Execution id="afd1de4b-8f0e-491c-ac46-4ec570c6b0e3" />
      <TestMethod codeBase="D:\actions-runner\_work\XPCO\XPCO\SC\Components\RemoteViewer\SmartClient\tst\zSmartClient_UnitTest\bin\x64\Debug\net472\zSmartClient_UnitTest.dll" adapterTypeName="executor://mstestadapter/v2" className="SmartClient_UnitTest.VideoOS.RemoteClient.GisMapData.Common.AlarmObservableTest" name="WhenActionExecutedWithAlarmsWithRelatedDeviceThenEveryObserverNotifiedWithRelated" />
    </UnitTest>
    <UnitTest name="CreateDefinition_DisposeModelWhileWaitingForStartSearch_ModelDisposed" storage="d:\actions-runner\_work\xpco\xpco\sc\components\remoteviewer\smartclient\tst\zsmartclient_unittest\bin\x64\debug\net472\zsmartclient_unittest.dll" id="84ba2f48-d35e-2565-b5d6-9096907c8416">
      <TestCategory>
        <TestCategoryItem TestCategory="SearchModels" />
      </TestCategory>
      <Execution id="f6f8bd3d-44b4-4de8-a7f8-c6ad58b07664" />
      <TestMethod codeBase="D:\actions-runner\_work\XPCO\XPCO\SC\Components\RemoteViewer\SmartClient\tst\zSmartClient_UnitTest\bin\x64\Debug\net472\zSmartClient_UnitTest.dll" adapterTypeName="executor://mstestadapter/v2" className="SmartClient_UnitTest.VideoOS.RemoteClient.Plugin.CentralizedSearch.Models.SearchModelTests" name="CreateDefinition_DisposeModelWhileWaitingForStartSearch_ModelDisposed" />
    </UnitTest>
    <UnitTest name="SupportsDoubleClick_ShouldBeTrue_WhenInteractionStateIsNormalAndInSetupMode" storage="d:\actions-runner\_work\xpco\xpco\sc\components\remoteviewer\smartclient\tst\zsmartclient_unittest\bin\x64\debug\net472\zsmartclient_unittest.dll" id="e8f3b5b9-78ec-f897-d51a-a5d2a544c215">
      <TestCategory>
        <TestCategoryItem TestCategory="GisMap.LocationMarker" />
      </TestCategory>
      <Execution id="1776f351-08d5-49df-96af-232b4f53457d" />
      <TestMethod codeBase="D:\actions-runner\_work\XPCO\XPCO\SC\Components\RemoteViewer\SmartClient\tst\zSmartClient_UnitTest\bin\x64\Debug\net472\zSmartClient_UnitTest.dll" adapterTypeName="executor://mstestadapter/v2" className="SmartClient_UnitTest.VideoOS.RemoteClient.Plugin.GisMap.ThinkGeoMap.Markers.LocationMarker.LocationMarkerTests" name="SupportsDoubleClick_ShouldBeTrue_WhenInteractionStateIsNormalAndInSetupMode" />
    </UnitTest>
    <UnitTest name="HasWritePermissionOnDir_NoWritePermission_ReturnsFalse" storage="d:\actions-runner\_work\xpco\xpco\sc\components\remoteviewer\smartclient\tst\zsmartclient_unittest\bin\x64\debug\net472\zsmartclient_unittest.dll" id="9f2c2791-650e-d7c8-970e-1310d2e32cdc">
      <TestCategory>
        <TestCategoryItem TestCategory="Search" />
      </TestCategory>
      <Execution id="c9c6ba27-449d-47ef-afab-b011f7e31f1e" />
      <TestMethod codeBase="D:\actions-runner\_work\XPCO\XPCO\SC\Components\RemoteViewer\SmartClient\tst\zSmartClient_UnitTest\bin\x64\Debug\net472\zSmartClient_UnitTest.dll" adapterTypeName="executor://mstestadapter/v2" className="SmartClient_UnitTest.VideoOS.RemoteClient.Plugin.CentralizedSearch.ViewModels.Data.SnapshotHandlerTests" name="HasWritePermissionOnDir_NoWritePermission_ReturnsFalse" />
    </UnitTest>
    <UnitTest name="Ctor_NullOptionManager_Failure" storage="d:\actions-runner\_work\xpco\xpco\sc\components\remoteviewer\smartclient\tst\zsmartclient_unittest\bin\x64\debug\net472\zsmartclient_unittest.dll" id="3e00ced7-c9ef-e081-8698-0bfc18ba5ea0">
      <TestCategory>
        <TestCategoryItem TestCategory="Search" />
      </TestCategory>
      <Execution id="d407b241-6958-40bd-9bb4-cde3d4ebc9fa" />
      <TestMethod codeBase="D:\actions-runner\_work\XPCO\XPCO\SC\Components\RemoteViewer\SmartClient\tst\zSmartClient_UnitTest\bin\x64\Debug\net472\zSmartClient_UnitTest.dll" adapterTypeName="executor://mstestadapter/v2" className="SmartClient_UnitTest.VideoOS.RemoteClient.Plugin.CentralizedSearch.ViewModels.Data.SnapshotHandlerTests" name="Ctor_NullOptionManager_Failure" />
    </UnitTest>
    <UnitTest name="AddSelectedWindowsToExport_ShouldAddToExportData (5)" storage="d:\actions-runner\_work\xpco\xpco\sc\components\remoteviewer\smartclient\tst\zsmartclient_unittest\bin\x64\debug\net472\zsmartclient_unittest.dll" id="46396b06-522e-625a-1a2a-9f20be751983">
      <TestCategory>
        <TestCategoryItem TestCategory="Managers" />
      </TestCategory>
      <Execution id="a1f96a5d-5513-48c8-9cb8-5b764709fc6f" />
      <TestMethod codeBase="D:\actions-runner\_work\XPCO\XPCO\SC\Components\RemoteViewer\SmartClient\tst\zSmartClient_UnitTest\bin\x64\Debug\net472\zSmartClient_UnitTest.dll" adapterTypeName="executor://mstestadapter/v2" className="SmartClient_UnitTest.VideoOS.RemoteClient.Application.Managers.ExportManagerTests" name="AddSelectedWindowsToExport_ShouldAddToExportData" />
    </UnitTest>
    <UnitTest name="MilestoneOemResourcesTest" storage="d:\actions-runner\_work\xpco\xpco\sc\components\remoteviewer\smartclient\tst\zsmartclient_unittest\bin\x64\debug\net472\zsmartclient_unittest.dll" id="5f330a2c-7575-4b82-cdc2-dae925c0e744">
      <Execution id="0432dac5-328b-4380-9664-b71a067072a5" />
      <TestMethod codeBase="D:\actions-runner\_work\XPCO\XPCO\SC\Components\RemoteViewer\SmartClient\tst\zSmartClient_UnitTest\bin\x64\Debug\net472\zSmartClient_UnitTest.dll" adapterTypeName="executor://mstestadapter/v2" className="SmartClient_UnitTest.VideoOS.RemoteClient.Application.Controllers.OemResourceControllerTest" name="MilestoneOemResourcesTest" />
    </UnitTest>
    <UnitTest name="SearchResultsActionBarActions_ActionResultCreateReport_ProgressUpdate_Success" storage="d:\actions-runner\_work\xpco\xpco\sc\components\remoteviewer\smartclient\tst\zsmartclient_unittest\bin\x64\debug\net472\zsmartclient_unittest.dll" id="e6de12d3-0261-772c-f490-e9dbb1bb9e62">
      <TestCategory>
        <TestCategoryItem TestCategory="SearchResultActionBarViewModel" />
      </TestCategory>
      <Execution id="823b4bfd-6f3e-49a7-b867-08bd5a89d139" />
      <TestMethod codeBase="D:\actions-runner\_work\XPCO\XPCO\SC\Components\RemoteViewer\SmartClient\tst\zSmartClient_UnitTest\bin\x64\Debug\net472\zSmartClient_UnitTest.dll" adapterTypeName="executor://mstestadapter/v2" className="SmartClient_UnitTest.VideoOS.RemoteClient.Plugin.CentralizedSearch.ViewModels.SearchResultsActionBarViewModelTest" name="SearchResultsActionBarActions_ActionResultCreateReport_ProgressUpdate_Success" />
    </UnitTest>
    <UnitTest name="AddToExportTuples_ShouldReturnCorrectResult (0,5,5)" storage="d:\actions-runner\_work\xpco\xpco\sc\components\remoteviewer\smartclient\tst\zsmartclient_unittest\bin\x64\debug\net472\zsmartclient_unittest.dll" id="31b52586-5789-6780-65c0-3c8320c10bb3">
      <TestCategory>
        <TestCategoryItem TestCategory="Managers" />
      </TestCategory>
      <Execution id="d19880c5-7066-438f-9e4c-a43e3d224192" />
      <TestMethod codeBase="D:\actions-runner\_work\XPCO\XPCO\SC\Components\RemoteViewer\SmartClient\tst\zSmartClient_UnitTest\bin\x64\Debug\net472\zSmartClient_UnitTest.dll" adapterTypeName="executor://mstestadapter/v2" className="SmartClient_UnitTest.VideoOS.RemoteClient.Application.Managers.ExportManagerTests" name="AddToExportTuples_ShouldReturnCorrectResult" />
    </UnitTest>
    <UnitTest name="GetLayerFeatures_ShouldReturnOutputLayerFeaturesBasedOnOutputItemsMapLayer_WhenOutputKind" storage="d:\actions-runner\_work\xpco\xpco\sc\components\remoteviewer\smartclient\tst\zsmartclient_unittest\bin\x64\debug\net472\zsmartclient_unittest.dll" id="d628b9e8-ecd7-5880-2e1a-54156c671e9a">
      <TestCategory>
        <TestCategoryItem TestCategory="GisMapData.Controllers.LayerFeatures" />
      </TestCategory>
      <Execution id="6525c73f-865c-4b41-9fec-d2f512dd0a81" />
      <TestMethod codeBase="D:\actions-runner\_work\XPCO\XPCO\SC\Components\RemoteViewer\SmartClient\tst\zSmartClient_UnitTest\bin\x64\Debug\net472\zSmartClient_UnitTest.dll" adapterTypeName="executor://mstestadapter/v2" className="SmartClient_UnitTest.VideoOS.RemoteClient.GisMapData.Controllers.LayerFeatures.LayerFeaturesControllerTests" name="GetLayerFeatures_ShouldReturnOutputLayerFeaturesBasedOnOutputItemsMapLayer_WhenOutputKind" />
    </UnitTest>
    <UnitTest name="Optics enabled, not forced" storage="d:\actions-runner\_work\xpco\xpco\sc\components\remoteviewer\smartclient\tst\zsmartclient_unittest\bin\x64\debug\net472\zsmartclient_unittest.dll" id="f484692c-fec3-a0b6-18ec-e828d80b67b7">
      <TestCategory>
        <TestCategoryItem TestCategory="Export" />
      </TestCategory>
      <Execution id="ce917176-4086-4cea-a98e-48c1116b2e7b" />
      <TestMethod codeBase="D:\actions-runner\_work\XPCO\XPCO\SC\Components\RemoteViewer\SmartClient\tst\zSmartClient_UnitTest\bin\x64\Debug\net472\zSmartClient_UnitTest.dll" adapterTypeName="executor://mstestadapter/v2" className="SmartClient_UnitTest.VideoOS.RemoteClient.Plugin.Export.CreateExportDialogViewModelTests" name="CreateExportDialog_ExportDestinationSelectionEnabled_BasedOnOptions" />
    </UnitTest>
    <UnitTest name="PtzPresetsMenuViewModel_PtzCotrolledByUserTest" storage="d:\actions-runner\_work\xpco\xpco\sc\components\remoteviewer\smartclient\tst\zsmartclient_unittest\bin\x64\debug\net472\zsmartclient_unittest.dll" id="2f100db4-2fb5-00e2-487e-75a3a7b6d272">
      <Execution id="6e848fac-5f98-49f2-b798-2e000fccddfe" />
      <TestMethod codeBase="D:\actions-runner\_work\XPCO\XPCO\SC\Components\RemoteViewer\SmartClient\tst\zSmartClient_UnitTest\bin\x64\Debug\net472\zSmartClient_UnitTest.dll" adapterTypeName="executor://mstestadapter/v2" className="SmartClient_UnitTest.VideoOS.RemoteClient.Application.Data.ContentTypes.CameraContentType.PtzPresetsMenuViewModelTest" name="PtzPresetsMenuViewModel_PtzCotrolledByUserTest" />
    </UnitTest>
    <UnitTest name="BookmarkSearchTime_WithSearchStringInDifferentCases_ReturnCorrectBookmarkWithSearchStringInHeader (SeArChStRiNg,False,False,False,True,,,0)" storage="d:\actions-runner\_work\xpco\xpco\sc\components\remoteviewer\smartclient\tst\zsmartclient_unittest\bin\x64\debug\net472\zsmartclient_unittest.dll" id="9091bca7-c5dc-fba1-fee5-e99fb48d96dc">
      <Execution id="ef55b8a6-ae36-42e9-beed-1cf38b6e541d" />
      <TestMethod codeBase="D:\actions-runner\_work\XPCO\XPCO\SC\Components\RemoteViewer\SmartClient\tst\zSmartClient_UnitTest\bin\x64\Debug\net472\zSmartClient_UnitTest.dll" adapterTypeName="executor://mstestadapter/v2" className="SmartClient_UnitTest.VideoOS.RemoteClient.Application.Data.Offline.UnitTest.BookmarkExportReaderTest" name="BookmarkSearchTime_WithSearchStringInDifferentCases_ReturnCorrectBookmarkWithSearchStringInHeader" />
    </UnitTest>
    <UnitTest name="SupportsDoubleClick_ShouldBeTrue_WhenInteractionStateIsNormalAndInSetupMode" storage="d:\actions-runner\_work\xpco\xpco\sc\components\remoteviewer\smartclient\tst\zsmartclient_unittest\bin\x64\debug\net472\zsmartclient_unittest.dll" id="8a331f63-bf32-57ca-e19f-2c5fb3b70109">
      <TestCategory>
        <TestCategoryItem TestCategory="GisMap.LinkMarker" />
      </TestCategory>
      <Execution id="99816763-355a-474d-8512-64d506083ecf" />
      <TestMethod codeBase="D:\actions-runner\_work\XPCO\XPCO\SC\Components\RemoteViewer\SmartClient\tst\zSmartClient_UnitTest\bin\x64\Debug\net472\zSmartClient_UnitTest.dll" adapterTypeName="executor://mstestadapter/v2" className="SmartClient_UnitTest.VideoOS.RemoteClient.Plugin.GisMap.ThinkGeoMap.Markers.LinkMarker.LinkMarkerTests" name="SupportsDoubleClick_ShouldBeTrue_WhenInteractionStateIsNormalAndInSetupMode" />
    </UnitTest>
    <UnitTest name="GetSearchReportDialog_SelectedSearchResults_Empty_Failure" storage="d:\actions-runner\_work\xpco\xpco\sc\components\remoteviewer\smartclient\tst\zsmartclient_unittest\bin\x64\debug\net472\zsmartclient_unittest.dll" id="81d4eeef-857b-5bf1-5cd0-3e8726c4f84c">
      <TestCategory>
        <TestCategoryItem TestCategory="Search" />
      </TestCategory>
      <Execution id="517ef3bc-091c-48d2-8b1b-7c711a550d43" />
      <TestMethod codeBase="D:\actions-runner\_work\XPCO\XPCO\SC\Components\RemoteViewer\SmartClient\tst\zSmartClient_UnitTest\bin\x64\Debug\net472\zSmartClient_UnitTest.dll" adapterTypeName="executor://mstestadapter/v2" className="SmartClient_UnitTest.VideoOS.RemoteClient.Plugin.CentralizedSearch.ViewModels.Utility.SearchReportHandlerTests" name="GetSearchReportDialog_SelectedSearchResults_Empty_Failure" />
    </UnitTest>
    <UnitTest name="UpdateSearchTemplateAsync_ThrowCommunicationMIPException_Success" storage="d:\actions-runner\_work\xpco\xpco\sc\components\remoteviewer\smartclient\tst\zsmartclient_unittest\bin\x64\debug\net472\zsmartclient_unittest.dll" id="f7e9fd32-cda0-b4a7-03c5-d4f85abad026">
      <TestCategory>
        <TestCategoryItem TestCategory="SearchTemplatesService" />
      </TestCategory>
      <Execution id="28435976-e0d3-4c77-80d5-d6117b39ae8a" />
      <TestMethod codeBase="D:\actions-runner\_work\XPCO\XPCO\SC\Components\RemoteViewer\SmartClient\tst\zSmartClient_UnitTest\bin\x64\Debug\net472\zSmartClient_UnitTest.dll" adapterTypeName="executor://mstestadapter/v2" className="SmartClient_UnitTest.VideoOS.RemoteClient.Plugin.CentralizedSearch.SearchTemplates.Service.SearchTemplateServiceTests" name="UpdateSearchTemplateAsync_ThrowCommunicationMIPException_Success" />
    </UnitTest>
    <UnitTest name="Ctor_NullPassedToNotNullParameters_Failure" storage="d:\actions-runner\_work\xpco\xpco\sc\components\remoteviewer\smartclient\tst\zsmartclient_unittest\bin\x64\debug\net472\zsmartclient_unittest.dll" id="0edc3f32-14dd-b812-075b-a9e435bcc1ca">
      <TestCategory>
        <TestCategoryItem TestCategory="SearchModels" />
      </TestCategory>
      <Execution id="50d5d2f3-be25-4577-93cf-604048d4da45" />
      <TestMethod codeBase="D:\actions-runner\_work\XPCO\XPCO\SC\Components\RemoteViewer\SmartClient\tst\zSmartClient_UnitTest\bin\x64\Debug\net472\zSmartClient_UnitTest.dll" adapterTypeName="executor://mstestadapter/v2" className="SmartClient_UnitTest.VideoOS.RemoteClient.Plugin.CentralizedSearch.Models.SearchModelTests" name="Ctor_NullPassedToNotNullParameters_Failure" />
    </UnitTest>
    <UnitTest name="Compare_SameTriggerTimeDeterministicBehavior_HashCode_Success" storage="d:\actions-runner\_work\xpco\xpco\sc\components\remoteviewer\smartclient\tst\zsmartclient_unittest\bin\x64\debug\net472\zsmartclient_unittest.dll" id="d4db1bde-02f2-af75-8dda-4a9596de1dfd">
      <TestCategory>
        <TestCategoryItem TestCategory="SearchComparers" />
      </TestCategory>
      <Execution id="c891bab1-a22e-4f6f-9a47-5f19f49f96f4" />
      <TestMethod codeBase="D:\actions-runner\_work\XPCO\XPCO\SC\Components\RemoteViewer\SmartClient\tst\zSmartClient_UnitTest\bin\x64\Debug\net472\zSmartClient_UnitTest.dll" adapterTypeName="executor://mstestadapter/v2" className="SmartClient_UnitTest.VideoOS.RemoteClient.Plugin.CentralizedSearch.Models.Wrappers.Comparers.TriggerTimeComparerTests" name="Compare_SameTriggerTimeDeterministicBehavior_HashCode_Success" />
    </UnitTest>
    <UnitTest name="PtzSessionController_DisposeTest" storage="d:\actions-runner\_work\xpco\xpco\sc\components\remoteviewer\smartclient\tst\zsmartclient_unittest\bin\x64\debug\net472\zsmartclient_unittest.dll" id="ceb42b69-4329-8c68-9d19-b6fb1b9c3ef1">
      <Execution id="7a12ea7f-0e11-4e3d-af84-d691c3b93e9c" />
      <TestMethod codeBase="D:\actions-runner\_work\XPCO\XPCO\SC\Components\RemoteViewer\SmartClient\tst\zSmartClient_UnitTest\bin\x64\Debug\net472\zSmartClient_UnitTest.dll" adapterTypeName="executor://mstestadapter/v2" className="VideoOS.RemoteClient.Application.Controllers.UnitTest.PtzSessionControllerTest" name="PtzSessionController_DisposeTest" />
    </UnitTest>
    <UnitTest name="LoadSearchTemplate_NoActiveToNoActive_NoUpdateAndEvent" storage="d:\actions-runner\_work\xpco\xpco\sc\components\remoteviewer\smartclient\tst\zsmartclient_unittest\bin\x64\debug\net472\zsmartclient_unittest.dll" id="6e9ddeeb-8237-28ab-191f-f32e87858c27">
      <TestCategory>
        <TestCategoryItem TestCategory="SearchTemplates" />
      </TestCategory>
      <Execution id="de77f4cd-30d3-47be-be6d-e0aac598b2f6" />
      <TestMethod codeBase="D:\actions-runner\_work\XPCO\XPCO\SC\Components\RemoteViewer\SmartClient\tst\zSmartClient_UnitTest\bin\x64\Debug\net472\zSmartClient_UnitTest.dll" adapterTypeName="executor://mstestadapter/v2" className="SmartClient_UnitTest.VideoOS.RemoteClient.Plugin.CentralizedSearch.SearchTemplates.SearchTemplateManagerTests" name="LoadSearchTemplate_NoActiveToNoActive_NoUpdateAndEvent" />
    </UnitTest>
    <UnitTest name="AddItems_SingleMapItem_OneClusterChange" storage="d:\actions-runner\_work\xpco\xpco\sc\components\remoteviewer\smartclient\tst\zsmartclient_unittest\bin\x64\debug\net472\zsmartclient_unittest.dll" id="7b469b70-7a6f-7a92-2723-c93cd3a56c6f">
      <TestCategory>
        <TestCategoryItem TestCategory="GisMapIndex" />
      </TestCategory>
      <Execution id="31b527ca-f70d-48c0-9686-98fc674e58f0" />
      <TestMethod codeBase="D:\actions-runner\_work\XPCO\XPCO\SC\Components\RemoteViewer\SmartClient\tst\zSmartClient_UnitTest\bin\x64\Debug\net472\zSmartClient_UnitTest.dll" adapterTypeName="executor://mstestadapter/v2" className="SmartClient_UnitTest.VideoOS.RemoteClient.GisMapData.Common.Indexer.MapItemIndexerTests" name="AddItems_SingleMapItem_OneClusterChange" />
    </UnitTest>
    <UnitTest name="SearchResultDetailsView_MouseDoubleClick_AnimationEnabled_DetailsViewRemovedFromMainGrid" storage="d:\actions-runner\_work\xpco\xpco\sc\components\remoteviewer\smartclient\tst\zsmartclient_unittest\bin\x64\debug\net472\zsmartclient_unittest.dll" id="d4287150-22c1-db59-46c8-b3a46f9472fc">
      <TestCategory>
        <TestCategoryItem TestCategory="SearchViews" />
      </TestCategory>
      <Execution id="5af32fac-d2ca-422d-b93c-2d4a1c568ae1" />
      <TestMethod codeBase="D:\actions-runner\_work\XPCO\XPCO\SC\Components\RemoteViewer\SmartClient\tst\zSmartClient_UnitTest\bin\x64\Debug\net472\zSmartClient_UnitTest.dll" adapterTypeName="executor://mstestadapter/v2" className="SmartClient_UnitTest.VideoOS.RemoteClient.Plugin.CentralizedSearch.Views.SearchResultsViewTests" name="SearchResultDetailsView_MouseDoubleClick_AnimationEnabled_DetailsViewRemovedFromMainGrid" />
    </UnitTest>
    <UnitTest name="AddSelectedWindowsToExport_ShouldShowCorrectToastMessages (0,0,5)" storage="d:\actions-runner\_work\xpco\xpco\sc\components\remoteviewer\smartclient\tst\zsmartclient_unittest\bin\x64\debug\net472\zsmartclient_unittest.dll" id="80485e03-b7b7-4e18-0bc2-2cf35c60e815">
      <TestCategory>
        <TestCategoryItem TestCategory="Managers" />
      </TestCategory>
      <Execution id="6c9f5485-b85a-4d18-b809-c831aaad4cf9" />
      <TestMethod codeBase="D:\actions-runner\_work\XPCO\XPCO\SC\Components\RemoteViewer\SmartClient\tst\zSmartClient_UnitTest\bin\x64\Debug\net472\zSmartClient_UnitTest.dll" adapterTypeName="executor://mstestadapter/v2" className="SmartClient_UnitTest.VideoOS.RemoteClient.Application.Managers.ExportManagerTests" name="AddSelectedWindowsToExport_ShouldShowCorrectToastMessages" />
    </UnitTest>
    <UnitTest name="Ctor_OneBuiltInIncompleteGroupDefined_NoCompositeAgentsAdded" storage="d:\actions-runner\_work\xpco\xpco\sc\components\remoteviewer\smartclient\tst\zsmartclient_unittest\bin\x64\debug\net472\zsmartclient_unittest.dll" id="efcae59c-c765-a30f-3362-183bf9168666">
      <TestCategory>
        <TestCategoryItem TestCategory="ScSearchManager" />
      </TestCategory>
      <Execution id="4bd60708-1f7e-468e-ac6c-a76bed757afc" />
      <TestMethod codeBase="D:\actions-runner\_work\XPCO\XPCO\SC\Components\RemoteViewer\SmartClient\tst\zSmartClient_UnitTest\bin\x64\Debug\net472\zSmartClient_UnitTest.dll" adapterTypeName="executor://mstestadapter/v2" className="SmartClient_UnitTest.VideoOS.RemoteClient.Plugin.CentralizedSearch.MIPPlugin.ScSearchManagerTests" name="Ctor_OneBuiltInIncompleteGroupDefined_NoCompositeAgentsAdded" />
    </UnitTest>
    <UnitTest name="ResultsAvailable_NoResults_Success" storage="d:\actions-runner\_work\xpco\xpco\sc\components\remoteviewer\smartclient\tst\zsmartclient_unittest\bin\x64\debug\net472\zsmartclient_unittest.dll" id="65f38f06-9057-2883-e0bd-60370f8d7d0d">
      <TestCategory>
        <TestCategoryItem TestCategory="SearchResultViewModels" />
      </TestCategory>
      <Execution id="66913865-f746-47fc-a5cf-64ba9f798d9d" />
      <TestMethod codeBase="D:\actions-runner\_work\XPCO\XPCO\SC\Components\RemoteViewer\SmartClient\tst\zSmartClient_UnitTest\bin\x64\Debug\net472\zSmartClient_UnitTest.dll" adapterTypeName="executor://mstestadapter/v2" className="SmartClient_UnitTest.VideoOS.RemoteClient.Plugin.CentralizedSearch.ViewModels.SearchResultsViewModelTest" name="ResultsAvailable_NoResults_Success" />
    </UnitTest>
    <UnitTest name="SearchAction_BrowseMode_Now" storage="d:\actions-runner\_work\xpco\xpco\sc\components\remoteviewer\smartclient\tst\zsmartclient_unittest\bin\x64\debug\net472\zsmartclient_unittest.dll" id="c3ba5d7c-9bf9-1a13-3c27-8e6b50e0674e">
      <TestCategory>
        <TestCategoryItem TestCategory="ContentHolderToolbar" />
      </TestCategory>
      <Execution id="4e3fef21-b166-4e71-beba-6040fc9ee710" />
      <TestMethod codeBase="D:\actions-runner\_work\XPCO\XPCO\SC\Components\RemoteViewer\SmartClient\tst\zSmartClient_UnitTest\bin\x64\Debug\net472\zSmartClient_UnitTest.dll" adapterTypeName="executor://mstestadapter/v2" className="SmartClient_UnitTest.VideoOS.RemoteClient.Application.Data.ContentHolderToolbar.ToolBarItemSearchTests" name="SearchAction_BrowseMode_Now" />
    </UnitTest>
    <UnitTest name="AddToExportDevices_ShouldAddToExportData (1)" storage="d:\actions-runner\_work\xpco\xpco\sc\components\remoteviewer\smartclient\tst\zsmartclient_unittest\bin\x64\debug\net472\zsmartclient_unittest.dll" id="87ce29ae-fa70-7faa-19b8-94e3041ec68c">
      <TestCategory>
        <TestCategoryItem TestCategory="Managers" />
      </TestCategory>
      <Execution id="71779504-7d16-45ad-add5-64b798d4f7d2" />
      <TestMethod codeBase="D:\actions-runner\_work\XPCO\XPCO\SC\Components\RemoteViewer\SmartClient\tst\zSmartClient_UnitTest\bin\x64\Debug\net472\zSmartClient_UnitTest.dll" adapterTypeName="executor://mstestadapter/v2" className="SmartClient_UnitTest.VideoOS.RemoteClient.Application.Managers.ExportManagerTests" name="AddToExportDevices_ShouldAddToExportData" />
    </UnitTest>
    <UnitTest name="ScWorkspaceStateChangedEvent_ShouldSetDeviceStateToDeactivated_WhenSwitchingToSetupMode" storage="d:\actions-runner\_work\xpco\xpco\sc\components\remoteviewer\smartclient\tst\zsmartclient_unittest\bin\x64\debug\net472\zsmartclient_unittest.dll" id="91d14b34-4712-1785-f0d4-572e813a795e">
      <TestCategory>
        <TestCategoryItem TestCategory="GisMapData.MapLayers" />
      </TestCategory>
      <Execution id="fe6abf58-3a4e-4727-b988-262d70a0a923" />
      <TestMethod codeBase="D:\actions-runner\_work\XPCO\XPCO\SC\Components\RemoteViewer\SmartClient\tst\zSmartClient_UnitTest\bin\x64\Debug\net472\zSmartClient_UnitTest.dll" adapterTypeName="executor://mstestadapter/v2" className="SmartClient_UnitTest.VideoOS.RemoteClient.GisMapData.MapLayers.OutputItemsMapLayerTests" name="ScWorkspaceStateChangedEvent_ShouldSetDeviceStateToDeactivated_WhenSwitchingToSetupMode" />
    </UnitTest>
    <UnitTest name="Toolbar_IsVisible_WhenNotInLiveOrPlayback_ReactsTo_ButtonBecomingVisible" storage="d:\actions-runner\_work\xpco\xpco\sc\components\remoteviewer\smartclient\tst\zsmartclient_unittest\bin\x64\debug\net472\zsmartclient_unittest.dll" id="a50d2941-a3c6-9371-026f-bc022ac6c222">
      <TestCategory>
        <TestCategoryItem TestCategory="WorkspaceToolbar" />
      </TestCategory>
      <Execution id="f35fcd48-7cb0-4583-a8d0-0156b9522967" />
      <TestMethod codeBase="D:\actions-runner\_work\XPCO\XPCO\SC\Components\RemoteViewer\SmartClient\tst\zSmartClient_UnitTest\bin\x64\Debug\net472\zSmartClient_UnitTest.dll" adapterTypeName="executor://mstestadapter/v2" className="SmartClient_UnitTest.VideoOS.RemoteClient.Application.UI.Content.WorkspaceToolbar.WorkspaceToolbarViewModelTests" name="Toolbar_IsVisible_WhenNotInLiveOrPlayback_ReactsTo_ButtonBecomingVisible" />
    </UnitTest>
    <UnitTest name="PtzSessionController_Start_Test" storage="d:\actions-runner\_work\xpco\xpco\sc\components\remoteviewer\smartclient\tst\zsmartclient_unittest\bin\x64\debug\net472\zsmartclient_unittest.dll" id="2111d8db-c64b-ce9e-32b3-88fa21541431">
      <Execution id="bf0a04e6-6b23-41c1-aadf-ab5a2c3db77e" />
      <TestMethod codeBase="D:\actions-runner\_work\XPCO\XPCO\SC\Components\RemoteViewer\SmartClient\tst\zSmartClient_UnitTest\bin\x64\Debug\net472\zSmartClient_UnitTest.dll" adapterTypeName="executor://mstestadapter/v2" className="VideoOS.RemoteClient.Application.Controllers.UnitTest.PtzSessionControllerTest" name="PtzSessionController_Start_Test" />
    </UnitTest>
    <UnitTest name="SearchResultsActionBarActions_CreateEvidenceLock_OptionUnavailable_NotEnabled" storage="d:\actions-runner\_work\xpco\xpco\sc\components\remoteviewer\smartclient\tst\zsmartclient_unittest\bin\x64\debug\net472\zsmartclient_unittest.dll" id="b15c0dd5-d448-b8b2-12b9-2297f983e50d">
      <TestCategory>
        <TestCategoryItem TestCategory="SearchResultActionBarViewModel" />
      </TestCategory>
      <Execution id="85734ef9-f80b-49e6-bb70-04d02ef0c6d3" />
      <TestMethod codeBase="D:\actions-runner\_work\XPCO\XPCO\SC\Components\RemoteViewer\SmartClient\tst\zSmartClient_UnitTest\bin\x64\Debug\net472\zSmartClient_UnitTest.dll" adapterTypeName="executor://mstestadapter/v2" className="SmartClient_UnitTest.VideoOS.RemoteClient.Plugin.CentralizedSearch.ViewModels.SearchResultsActionBarViewModelTest" name="SearchResultsActionBarActions_CreateEvidenceLock_OptionUnavailable_NotEnabled" />
    </UnitTest>
    <UnitTest name="SelectedDuration_ShouldRevertToPreviousSelection_WhenCustomIntervalSelectionPopupIsClosedWithoutBeingSetOrCancelled" storage="d:\actions-runner\_work\xpco\xpco\sc\components\remoteviewer\smartclient\tst\zsmartclient_unittest\bin\x64\debug\net472\zsmartclient_unittest.dll" id="f4ab981e-0c0f-f2f3-f99e-665599b904ff">
      <TestCategory>
        <TestCategoryItem TestCategory="SearchViewModels" />
      </TestCategory>
      <Execution id="f3722ed4-d9af-4684-bb91-3f41d1e6c077" />
      <TestMethod codeBase="D:\actions-runner\_work\XPCO\XPCO\SC\Components\RemoteViewer\SmartClient\tst\zSmartClient_UnitTest\bin\x64\Debug\net472\zSmartClient_UnitTest.dll" adapterTypeName="executor://mstestadapter/v2" className="SmartClient_UnitTest.VideoOS.RemoteClient.Plugin.CentralizedSearch.ViewModels.SearchViewModelTests" name="SelectedDuration_ShouldRevertToPreviousSelection_WhenCustomIntervalSelectionPopupIsClosedWithoutBeingSetOrCancelled" />
    </UnitTest>
    <UnitTest name="PatrollingProfileListViewModel_Constructor_ArgumentNull" storage="d:\actions-runner\_work\xpco\xpco\sc\components\remoteviewer\smartclient\tst\zsmartclient_unittest\bin\x64\debug\net472\zsmartclient_unittest.dll" id="fe59fd9d-eb33-67df-fe2b-87a233e68931">
      <Execution id="fefbe066-37ae-4c76-a2da-6cf1df4fcd83" />
      <TestMethod codeBase="D:\actions-runner\_work\XPCO\XPCO\SC\Components\RemoteViewer\SmartClient\tst\zSmartClient_UnitTest\bin\x64\Debug\net472\zSmartClient_UnitTest.dll" adapterTypeName="executor://mstestadapter/v2" className="SmartClient_UnitTest.VideoOS.RemoteClient.Application.UI.PtzPreset.PatrollingViewModel.PatrollingProfileListViewModelTest" name="PatrollingProfileListViewModel_Constructor_ArgumentNull" />
    </UnitTest>
    <UnitTest name="CloseDeviceSelectorUserControl_ShouldCallDispose_WhenUserControlImplementsIDisposable" storage="d:\actions-runner\_work\xpco\xpco\sc\components\remoteviewer\smartclient\tst\zsmartclient_unittest\bin\x64\debug\net472\zsmartclient_unittest.dll" id="9060f73f-d5fa-875e-8bed-572cba260200">
      <TestCategory>
        <TestCategoryItem TestCategory="GisMap.UI.DeviceSelectors.PanelComponents" />
      </TestCategory>
      <Execution id="c2ba259a-5388-4df6-8101-6f86b9fb9e34" />
      <TestMethod codeBase="D:\actions-runner\_work\XPCO\XPCO\SC\Components\RemoteViewer\SmartClient\tst\zSmartClient_UnitTest\bin\x64\Debug\net472\zSmartClient_UnitTest.dll" adapterTypeName="executor://mstestadapter/v2" className="SmartClient_UnitTest.VideoOS.RemoteClient.Plugin.GisMap.UI.DeviceSelectors.PanelComponents.DeviceSelectorPanelComponentTests" name="CloseDeviceSelectorUserControl_ShouldCallDispose_WhenUserControlImplementsIDisposable" />
    </UnitTest>
    <UnitTest name="CreateDefinition_NoItems_SearchNotStarted" storage="d:\actions-runner\_work\xpco\xpco\sc\components\remoteviewer\smartclient\tst\zsmartclient_unittest\bin\x64\debug\net472\zsmartclient_unittest.dll" id="3d65563e-5c93-99b0-3def-2e75403bb40e">
      <TestCategory>
        <TestCategoryItem TestCategory="SearchModels" />
      </TestCategory>
      <Execution id="a1e6e92a-31ef-461c-8cb1-22d0d9d57578" />
      <TestMethod codeBase="D:\actions-runner\_work\XPCO\XPCO\SC\Components\RemoteViewer\SmartClient\tst\zSmartClient_UnitTest\bin\x64\Debug\net472\zSmartClient_UnitTest.dll" adapterTypeName="executor://mstestadapter/v2" className="SmartClient_UnitTest.VideoOS.RemoteClient.Plugin.CentralizedSearch.Models.SearchModelTests" name="CreateDefinition_NoItems_SearchNotStarted" />
    </UnitTest>
    <UnitTest name="SignUrl_WhereUrlIsValid_ReturnsUrlWithSignature" storage="d:\actions-runner\_work\xpco\xpco\sc\components\remoteviewer\smartclient\tst\zsmartclient_unittest\bin\x64\debug\net472\zsmartclient_unittest.dll" id="f6b2dd1a-21fb-6c4a-e3a3-9cff7ca08b77">
      <Execution id="0ed37fe6-ce5c-4f91-af20-12a75b3c0616" />
      <TestMethod codeBase="D:\actions-runner\_work\XPCO\XPCO\SC\Components\RemoteViewer\SmartClient\tst\zSmartClient_UnitTest\bin\x64\Debug\net472\zSmartClient_UnitTest.dll" adapterTypeName="executor://mstestadapter/v2" className="SmartClient_UnitTest.VideoOS.RemoteClient.Plugin.GisMap.Utilities.GoogleApiUrlTest" name="SignUrl_WhereUrlIsValid_ReturnsUrlWithSignature" />
    </UnitTest>
    <UnitTest name="PtzSessionInfoDto_ShouldYieldSameValues_WhenRoundTripConverted" storage="d:\actions-runner\_work\xpco\xpco\sc\components\remoteviewer\smartclient\tst\zsmartclient_unittest\bin\x64\debug\net472\zsmartclient_unittest.dll" id="fdf9438a-27a4-c417-e139-bbc64b5e5709">
      <TestCategory>
        <TestCategoryItem TestCategory="RecorderProxyToDtoMapping" />
      </TestCategory>
      <Execution id="17833629-f52b-49ff-b784-c7e8235110e6" />
      <TestMethod codeBase="D:\actions-runner\_work\XPCO\XPCO\SC\Components\RemoteViewer\SmartClient\tst\zSmartClient_UnitTest\bin\x64\Debug\net472\zSmartClient_UnitTest.dll" adapterTypeName="executor://mstestadapter/v2" className="VideoOS.Shared.ServerAPI.SOAP.RecorderClientMappingTests" name="PtzSessionInfoDto_ShouldYieldSameValues_WhenRoundTripConverted" />
    </UnitTest>
    <UnitTest name="PatrollingStepListViewModel_AddStepCommand" storage="d:\actions-runner\_work\xpco\xpco\sc\components\remoteviewer\smartclient\tst\zsmartclient_unittest\bin\x64\debug\net472\zsmartclient_unittest.dll" id="7b500be0-a5d4-b64a-b894-c5511ab58617">
      <Execution id="cc9e88ee-03ac-463b-a16d-f3422deecacb" />
      <TestMethod codeBase="D:\actions-runner\_work\XPCO\XPCO\SC\Components\RemoteViewer\SmartClient\tst\zSmartClient_UnitTest\bin\x64\Debug\net472\zSmartClient_UnitTest.dll" adapterTypeName="executor://mstestadapter/v2" className="SmartClient_UnitTest.VideoOS.RemoteClient.Application.UI.PtzPreset.PatrollingViewModel.PatrollingStepListViewModelTest" name="PatrollingStepListViewModel_AddStepCommand" />
    </UnitTest>
    <UnitTest name="Both enabled, forced" storage="d:\actions-runner\_work\xpco\xpco\sc\components\remoteviewer\smartclient\tst\zsmartclient_unittest\bin\x64\debug\net472\zsmartclient_unittest.dll" id="c1eeed7f-e4ec-7e8c-7de0-e6cd997c3f16">
      <TestCategory>
        <TestCategoryItem TestCategory="Export" />
      </TestCategory>
      <Execution id="5cd8d277-84c2-4053-b73e-fdcb2b24e747" />
      <TestMethod codeBase="D:\actions-runner\_work\XPCO\XPCO\SC\Components\RemoteViewer\SmartClient\tst\zSmartClient_UnitTest\bin\x64\Debug\net472\zSmartClient_UnitTest.dll" adapterTypeName="executor://mstestadapter/v2" className="SmartClient_UnitTest.VideoOS.RemoteClient.Plugin.Export.CreateExportDialogViewModelTests" name="CreateExportDialog_ExportDestinationPreSelected_BasedOnOptions" />
    </UnitTest>
    <UnitTest name="TestAttachedView_WithKeepInMemory_Success" storage="d:\actions-runner\_work\xpco\xpco\sc\components\remoteviewer\smartclient\tst\zsmartclient_unittest\bin\x64\debug\net472\zsmartclient_unittest.dll" id="2ce1ff21-6093-7b3b-54d2-6773bfebe33a">
      <Execution id="a433a97b-ffb5-4479-9fbf-1c50e1186f1f" />
      <TestMethod codeBase="D:\actions-runner\_work\XPCO\XPCO\SC\Components\RemoteViewer\SmartClient\tst\zSmartClient_UnitTest\bin\x64\Debug\net472\zSmartClient_UnitTest.dll" adapterTypeName="executor://mstestadapter/v2" className="SmartClient_UnitTest.VideoOS.RemoteClient.Application.Controllers.WorkSpace.WorkSpaceItemTest" name="TestAttachedView_WithKeepInMemory_Success" />
    </UnitTest>
    <UnitTest name="AlwaysPutViewGroupsBeforeGroupsAndViews" storage="d:\actions-runner\_work\xpco\xpco\sc\components\remoteviewer\smartclient\tst\zsmartclient_unittest\bin\x64\debug\net472\zsmartclient_unittest.dll" id="fab1182a-1ea1-5a85-a52f-fa7890fd3d44">
      <Execution id="180052e6-c2fd-45ca-bc36-0c3f1fe24213" />
      <TestMethod codeBase="D:\actions-runner\_work\XPCO\XPCO\SC\Components\RemoteViewer\SmartClient\tst\zSmartClient_UnitTest\bin\x64\Debug\net472\zSmartClient_UnitTest.dll" adapterTypeName="executor://mstestadapter/v2" className="SmartClient_UnitTest.VideoOS.RemoteClient.Application.UI.Common.ViewTree.SortingTests" name="AlwaysPutViewGroupsBeforeGroupsAndViews" />
    </UnitTest>
    <UnitTest name="GisMap_Create_MembersInitializedOK" storage="d:\actions-runner\_work\xpco\xpco\sc\components\remoteviewer\smartclient\tst\zsmartclient_unittest\bin\x64\debug\net472\zsmartclient_unittest.dll" id="923f1aa7-880c-4c72-8f5e-a07409280a9b">
      <TestCategory>
        <TestCategoryItem TestCategory="GisMap" />
      </TestCategory>
      <Execution id="0a64e693-2c00-43a5-ad73-beaec8b9071c" />
      <TestMethod codeBase="D:\actions-runner\_work\XPCO\XPCO\SC\Components\RemoteViewer\SmartClient\tst\zSmartClient_UnitTest\bin\x64\Debug\net472\zSmartClient_UnitTest.dll" adapterTypeName="executor://mstestadapter/v2" className="SmartClient_UnitTest.VideoOS.RemoteClient.GisMapData.GisMapBasicTests" name="GisMap_Create_MembersInitializedOK" />
    </UnitTest>
    <UnitTest name="HandleGetDeviceData_ShouldReturnNotFoundDeviceData_WhenCameraKindAndNonExistingCameraId" storage="d:\actions-runner\_work\xpco\xpco\sc\components\remoteviewer\smartclient\tst\zsmartclient_unittest\bin\x64\debug\net472\zsmartclient_unittest.dll" id="945b4c83-9f91-b5d9-8e70-c736523c2f6f">
      <TestCategory>
        <TestCategoryItem TestCategory="GisMap.Handlers.Devices.MapItems" />
      </TestCategory>
      <Execution id="43ea3d2f-50b2-4095-87ac-2b857f7a30b4" />
      <TestMethod codeBase="D:\actions-runner\_work\XPCO\XPCO\SC\Components\RemoteViewer\SmartClient\tst\zSmartClient_UnitTest\bin\x64\Debug\net472\zSmartClient_UnitTest.dll" adapterTypeName="executor://mstestadapter/v2" className="SmartClient_UnitTest.VideoOS.RemoteClient.Plugin.GisMap.Handlers.Devices.MapItems.CameraDataHandlerTests" name="HandleGetDeviceData_ShouldReturnNotFoundDeviceData_WhenCameraKindAndNonExistingCameraId" />
    </UnitTest>
    <UnitTest name="SearchResultContainerView_OnItemActivated_SearchResultNotSelected" storage="d:\actions-runner\_work\xpco\xpco\sc\components\remoteviewer\smartclient\tst\zsmartclient_unittest\bin\x64\debug\net472\zsmartclient_unittest.dll" id="a54693d6-edca-b2f0-c9d1-6e253deb3c9c">
      <TestCategory>
        <TestCategoryItem TestCategory="SearchViews" />
      </TestCategory>
      <Execution id="0c05f661-fcf4-4658-ae9d-f075bd5fc244" />
      <TestMethod codeBase="D:\actions-runner\_work\XPCO\XPCO\SC\Components\RemoteViewer\SmartClient\tst\zSmartClient_UnitTest\bin\x64\Debug\net472\zSmartClient_UnitTest.dll" adapterTypeName="executor://mstestadapter/v2" className="SmartClient_UnitTest.VideoOS.RemoteClient.Plugin.CentralizedSearch.Views.SearchResultsViewTests" name="SearchResultContainerView_OnItemActivated_SearchResultNotSelected" />
    </UnitTest>
    <UnitTest name="AudioControllerOnDevicesLockEvent_ShouldDisableMicrophones_WhenLockingAudioDevicesAndApplicationIsInLiveMode" storage="d:\actions-runner\_work\xpco\xpco\sc\components\remoteviewer\smartclient\tst\zsmartclient_unittest\bin\x64\debug\net472\zsmartclient_unittest.dll" id="47ac3dda-7749-2f44-950d-c0fd39257f55">
      <TestCategory>
        <TestCategoryItem TestCategory="GisMapData.MapLayers" />
      </TestCategory>
      <Execution id="a675b320-afcf-41a5-be37-15866cdca46e" />
      <TestMethod codeBase="D:\actions-runner\_work\XPCO\XPCO\SC\Components\RemoteViewer\SmartClient\tst\zSmartClient_UnitTest\bin\x64\Debug\net472\zSmartClient_UnitTest.dll" adapterTypeName="executor://mstestadapter/v2" className="SmartClient_UnitTest.VideoOS.RemoteClient.GisMapData.MapLayers.MicrophoneItemsMapLayerTests" name="AudioControllerOnDevicesLockEvent_ShouldDisableMicrophones_WhenLockingAudioDevicesAndApplicationIsInLiveMode" />
    </UnitTest>
    <UnitTest name="UpdateAttributeValue_ValidAttributeAndCriteria_DisplayValueUpdated" storage="d:\actions-runner\_work\xpco\xpco\sc\components\remoteviewer\smartclient\tst\zsmartclient_unittest\bin\x64\debug\net472\zsmartclient_unittest.dll" id="80cc67c7-792e-07c8-c20a-98cfccf11348">
      <TestCategory>
        <TestCategoryItem TestCategory="Search" />
      </TestCategory>
      <Execution id="fbe1d925-e97c-46a9-8ca2-bb0a3fde32ad" />
      <TestMethod codeBase="D:\actions-runner\_work\XPCO\XPCO\SC\Components\RemoteViewer\SmartClient\tst\zSmartClient_UnitTest\bin\x64\Debug\net472\zSmartClient_UnitTest.dll" adapterTypeName="executor://mstestadapter/v2" className="SmartClient_UnitTest.VideoOS.RemoteClient.Plugin.CentralizedSearch.ViewModels.SearchAttributeViewModelTests" name="UpdateAttributeValue_ValidAttributeAndCriteria_DisplayValueUpdated" />
    </UnitTest>
    <UnitTest name="UpdateScope_ScopeDurationChange_ReturnsTrue" storage="d:\actions-runner\_work\xpco\xpco\sc\components\remoteviewer\smartclient\tst\zsmartclient_unittest\bin\x64\debug\net472\zsmartclient_unittest.dll" id="27f45b32-e46d-1c8f-ae71-a8a2f0519cb3">
      <TestCategory>
        <TestCategoryItem TestCategory="SearchModels" />
      </TestCategory>
      <Execution id="38375808-39c0-4e50-9d84-771da4e529ea" />
      <TestMethod codeBase="D:\actions-runner\_work\XPCO\XPCO\SC\Components\RemoteViewer\SmartClient\tst\zSmartClient_UnitTest\bin\x64\Debug\net472\zSmartClient_UnitTest.dll" adapterTypeName="executor://mstestadapter/v2" className="SmartClient_UnitTest.VideoOS.RemoteClient.Plugin.CentralizedSearch.Models.SearchScopeTests" name="UpdateScope_ScopeDurationChange_ReturnsTrue" />
    </UnitTest>
    <UnitTest name="ValidateExportFormats_SmartClientPlayerFormat_ShouldReturnFailResult_ViewItemCommentRequired" storage="d:\actions-runner\_work\xpco\xpco\sc\components\remoteviewer\smartclient\tst\zsmartclient_unittest\bin\x64\debug\net472\zsmartclient_unittest.dll" id="e18e3570-53c3-3508-0442-177c4a2f785b">
      <TestCategory>
        <TestCategoryItem TestCategory="Export" />
      </TestCategory>
      <Execution id="6543a62d-9f47-4e95-9e20-116435c02986" />
      <TestMethod codeBase="D:\actions-runner\_work\XPCO\XPCO\SC\Components\RemoteViewer\SmartClient\tst\zSmartClient_UnitTest\bin\x64\Debug\net472\zSmartClient_UnitTest.dll" adapterTypeName="executor://mstestadapter/v2" className="SmartClient_UnitTest.VideoOS.RemoteClient.Plugin.Export.ExportDataValidatorTests" name="ValidateExportFormats_SmartClientPlayerFormat_ShouldReturnFailResult_ViewItemCommentRequired" />
    </UnitTest>
    <UnitTest name="Model_UpdateBuildingMapItems_Success" storage="d:\actions-runner\_work\xpco\xpco\sc\components\remoteviewer\smartclient\tst\zsmartclient_unittest\bin\x64\debug\net472\zsmartclient_unittest.dll" id="2f768a08-79d1-a2fa-f632-631b61e890cb">
      <TestCategory>
        <TestCategoryItem TestCategory="GisMap" />
      </TestCategory>
      <Execution id="e1dab151-b3b2-4fa3-9329-5afe4f54eab3" />
      <TestMethod codeBase="D:\actions-runner\_work\XPCO\XPCO\SC\Components\RemoteViewer\SmartClient\tst\zSmartClient_UnitTest\bin\x64\Debug\net472\zSmartClient_UnitTest.dll" adapterTypeName="executor://mstestadapter/v2" className="SmartClient_UnitTest.VideoOS.RemoteClient.GisMapData.GisMapBasicTests" name="Model_UpdateBuildingMapItems_Success" />
    </UnitTest>
    <UnitTest name="ErrorInModel_Updates_LastError" storage="d:\actions-runner\_work\xpco\xpco\sc\components\remoteviewer\smartclient\tst\zsmartclient_unittest\bin\x64\debug\net472\zsmartclient_unittest.dll" id="b6d0f186-52a1-85f5-8e22-24d46ac1ac11">
      <TestCategory>
        <TestCategoryItem TestCategory="GisMap" />
      </TestCategory>
      <Execution id="d251d184-c5b3-446e-af4d-c4f545533813" />
      <TestMethod codeBase="D:\actions-runner\_work\XPCO\XPCO\SC\Components\RemoteViewer\SmartClient\tst\zSmartClient_UnitTest\bin\x64\Debug\net472\zSmartClient_UnitTest.dll" adapterTypeName="executor://mstestadapter/v2" className="SmartClient_UnitTest.VideoOS.RemoteClient.GisMapData.GisMapBasicTests" name="ErrorInModel_Updates_LastError" />
    </UnitTest>
    <UnitTest name="ShowPermissionDeniedStatusBarError_ShouldSendAMessage (1,1)" storage="d:\actions-runner\_work\xpco\xpco\sc\components\remoteviewer\smartclient\tst\zsmartclient_unittest\bin\x64\debug\net472\zsmartclient_unittest.dll" id="f8d72901-3af0-f1c6-f40b-6d20a887c21a">
      <TestCategory>
        <TestCategoryItem TestCategory="Managers" />
      </TestCategory>
      <Execution id="f0aff632-8546-4c24-8be4-8934ae45ce3a" />
      <TestMethod codeBase="D:\actions-runner\_work\XPCO\XPCO\SC\Components\RemoteViewer\SmartClient\tst\zSmartClient_UnitTest\bin\x64\Debug\net472\zSmartClient_UnitTest.dll" adapterTypeName="executor://mstestadapter/v2" className="SmartClient_UnitTest.VideoOS.RemoteClient.Application.Managers.ExportResultsNotificationHelperTests" name="ShowPermissionDeniedStatusBarError_ShouldSendAMessage" />
    </UnitTest>
    <UnitTest name="GetPartialDiffBetweenDictionaries_ShouldReturnCorrectValues (System.Collections.Generic.Dictionary`2[System.String,System.String],System.Collections.Generic.Dictionary`2[System.String,System.String],System.Collections.Generic.Dictionary`2[System.String,System.String])" storage="d:\actions-runner\_work\xpco\xpco\sc\components\remoteviewer\smartclient\tst\zsmartclient_unittest\bin\x64\debug\net472\zsmartclient_unittest.dll" id="84b8f2a7-62b5-8ef3-473a-8f8892e8765c">
      <Execution id="4c5a01cc-b7aa-4bd3-9a11-903b935a8752" />
      <TestMethod codeBase="D:\actions-runner\_work\XPCO\XPCO\SC\Components\RemoteViewer\SmartClient\tst\zSmartClient_UnitTest\bin\x64\Debug\net472\zSmartClient_UnitTest.dll" adapterTypeName="executor://mstestadapter/v2" className="SmartClient_UnitTest.VideoOS.RemoteClient.Application.Common.Telemetry.TelemetryBuilderTests" name="GetPartialDiffBetweenDictionaries_ShouldReturnCorrectValues" />
    </UnitTest>
    <UnitTest name="PatrollingStepListViewModel_ConvertToIPatrollingSteps" storage="d:\actions-runner\_work\xpco\xpco\sc\components\remoteviewer\smartclient\tst\zsmartclient_unittest\bin\x64\debug\net472\zsmartclient_unittest.dll" id="e36d83f9-6b5d-9305-3ea9-821cb3744fa4">
      <Execution id="9166ba5c-109b-4287-8576-b021b69bffe8" />
      <TestMethod codeBase="D:\actions-runner\_work\XPCO\XPCO\SC\Components\RemoteViewer\SmartClient\tst\zSmartClient_UnitTest\bin\x64\Debug\net472\zSmartClient_UnitTest.dll" adapterTypeName="executor://mstestadapter/v2" className="SmartClient_UnitTest.VideoOS.RemoteClient.Application.UI.PtzPreset.PatrollingViewModel.PatrollingStepListViewModelTest" name="PatrollingStepListViewModel_ConvertToIPatrollingSteps" />
    </UnitTest>
    <UnitTest name="Ctor_Success" storage="d:\actions-runner\_work\xpco\xpco\sc\components\remoteviewer\smartclient\tst\zsmartclient_unittest\bin\x64\debug\net472\zsmartclient_unittest.dll" id="6754b662-82b1-e1e8-5fb7-5034b721677b">
      <TestCategory>
        <TestCategoryItem TestCategory="Search" />
      </TestCategory>
      <Execution id="bf3acc8f-9b62-4d6d-84e1-44df29fe1cac" />
      <TestMethod codeBase="D:\actions-runner\_work\XPCO\XPCO\SC\Components\RemoteViewer\SmartClient\tst\zSmartClient_UnitTest\bin\x64\Debug\net472\zSmartClient_UnitTest.dll" adapterTypeName="executor://mstestadapter/v2" className="SmartClient_UnitTest.VideoOS.RemoteClient.Plugin.CentralizedSearch.ViewModels.Data.SnapshotHandlerTests" name="Ctor_Success" />
    </UnitTest>
    <UnitTest name="Show_ShouldRaiseInvalidOperationException_WhenIsClosed" storage="d:\actions-runner\_work\xpco\xpco\sc\components\remoteviewer\smartclient\tst\zsmartclient_unittest\bin\x64\debug\net472\zsmartclient_unittest.dll" id="c729309e-9f99-768d-510f-3057a1bf771b">
      <TestCategory>
        <TestCategoryItem TestCategory="GisMap.DeviceSelectorWindow" />
      </TestCategory>
      <Execution id="5a42c246-0459-4b61-8248-96e1bd333dd7" />
      <TestMethod codeBase="D:\actions-runner\_work\XPCO\XPCO\SC\Components\RemoteViewer\SmartClient\tst\zSmartClient_UnitTest\bin\x64\Debug\net472\zSmartClient_UnitTest.dll" adapterTypeName="executor://mstestadapter/v2" className="SmartClient_UnitTest.VideoOS.RemoteClient.Plugin.GisMap.Windows.GisMapSetup.DeviceSelectors.DeviceSelectorWindowTests" name="Show_ShouldRaiseInvalidOperationException_WhenIsClosed" />
    </UnitTest>
    <UnitTest name="Password_ShouldThrow_InvalidOperationException_WhenConstructedUsingExternal" storage="d:\actions-runner\_work\xpco\xpco\sc\components\remoteviewer\smartclient\tst\zsmartclient_unittest\bin\x64\debug\net472\zsmartclient_unittest.dll" id="1ae4eff8-6b2f-6b05-41a0-15eb97967c7f">
      <TestCategory>
        <TestCategoryItem TestCategory="Authentication.ClientCredentials" />
      </TestCategory>
      <Execution id="a523ae4f-dd85-4bf5-bd40-af90b778d0a0" />
      <TestMethod codeBase="D:\actions-runner\_work\XPCO\XPCO\SC\Components\RemoteViewer\SmartClient\tst\zSmartClient_UnitTest\bin\x64\Debug\net472\zSmartClient_UnitTest.dll" adapterTypeName="executor://mstestadapter/v2" className="SmartClient_UnitTest.VideoOS.Shared.ServerAPI.ClientCredentialsTest" name="Password_ShouldThrow_InvalidOperationException_WhenConstructedUsingExternal" />
    </UnitTest>
    <UnitTest name="SaveStateTo_OrderResultsBy_Success" storage="d:\actions-runner\_work\xpco\xpco\sc\components\remoteviewer\smartclient\tst\zsmartclient_unittest\bin\x64\debug\net472\zsmartclient_unittest.dll" id="6a53a4fc-af98-30a6-3b55-6aeeac9be0be">
      <TestCategory>
        <TestCategoryItem TestCategory="SearchResultViewModels" />
      </TestCategory>
      <Execution id="e9c55159-bb20-49aa-9035-797a7d914a5e" />
      <TestMethod codeBase="D:\actions-runner\_work\XPCO\XPCO\SC\Components\RemoteViewer\SmartClient\tst\zSmartClient_UnitTest\bin\x64\Debug\net472\zSmartClient_UnitTest.dll" adapterTypeName="executor://mstestadapter/v2" className="SmartClient_UnitTest.VideoOS.RemoteClient.Plugin.CentralizedSearch.ViewModels.SearchResultsViewModelTest" name="SaveStateTo_OrderResultsBy_Success" />
    </UnitTest>
    <UnitTest name="ToDenormalizedDirection_Minus0_75" storage="d:\actions-runner\_work\xpco\xpco\sc\components\remoteviewer\smartclient\tst\zsmartclient_unittest\bin\x64\debug\net472\zsmartclient_unittest.dll" id="7b659e8c-3001-c494-d28a-2939a6d49456">
      <TestCategory>
        <TestCategoryItem TestCategory="GisMap" />
      </TestCategory>
      <Execution id="869a9aaa-77e1-4d87-9964-3684d87eeda8" />
      <TestMethod codeBase="D:\actions-runner\_work\XPCO\XPCO\SC\Components\RemoteViewer\SmartClient\tst\zSmartClient_UnitTest\bin\x64\Debug\net472\zSmartClient_UnitTest.dll" adapterTypeName="executor://mstestadapter/v2" className="SmartClient_UnitTest.VideoOS.RemoteClient.GisMap.Utilities.GisUtilityTests" name="ToDenormalizedDirection_Minus0_75" />
    </UnitTest>
    <UnitTest name="AttributeValueGet_NotNullValue_Success" storage="d:\actions-runner\_work\xpco\xpco\sc\components\remoteviewer\smartclient\tst\zsmartclient_unittest\bin\x64\debug\net472\zsmartclient_unittest.dll" id="98e4ae88-2a6f-4ea6-fc3c-66faedd2526c">
      <TestCategory>
        <TestCategoryItem TestCategory="Search" />
      </TestCategory>
      <Execution id="85877050-f951-452f-a818-8521bb557a3e" />
      <TestMethod codeBase="D:\actions-runner\_work\XPCO\XPCO\SC\Components\RemoteViewer\SmartClient\tst\zSmartClient_UnitTest\bin\x64\Debug\net472\zSmartClient_UnitTest.dll" adapterTypeName="executor://mstestadapter/v2" className="SmartClient_UnitTest.VideoOS.RemoteClient.Plugin.CentralizedSearch.MIPPlugin.Criteria.TextBoxAttributeEditControlTest" name="AttributeValueGet_NotNullValue_Success" />
    </UnitTest>
    <UnitTest name="GisMapLayerSource_CreateFrom_Success" storage="d:\actions-runner\_work\xpco\xpco\sc\components\remoteviewer\smartclient\tst\zsmartclient_unittest\bin\x64\debug\net472\zsmartclient_unittest.dll" id="d64e21f7-4ea3-a5fe-a361-c369ca14a84e">
      <TestCategory>
        <TestCategoryItem TestCategory="GisMap" />
      </TestCategory>
      <Execution id="ff35b09b-5e99-4e35-8d17-d1f9c2797970" />
      <TestMethod codeBase="D:\actions-runner\_work\XPCO\XPCO\SC\Components\RemoteViewer\SmartClient\tst\zSmartClient_UnitTest\bin\x64\Debug\net472\zSmartClient_UnitTest.dll" adapterTypeName="executor://mstestadapter/v2" className="SmartClient_UnitTest.VideoOS.RemoteClient.GisMapData.GisMapBasicTests" name="GisMapLayerSource_CreateFrom_Success" />
    </UnitTest>
    <UnitTest name="SequenceTypeDto_ShouldYieldSameValues_WhenRoundTripConverted" storage="d:\actions-runner\_work\xpco\xpco\sc\components\remoteviewer\smartclient\tst\zsmartclient_unittest\bin\x64\debug\net472\zsmartclient_unittest.dll" id="2696c9e3-385a-1f49-5d53-6a80871ac3fe">
      <TestCategory>
        <TestCategoryItem TestCategory="RecorderProxyToDtoMapping" />
      </TestCategory>
      <Execution id="fc06a663-4ec2-4d4a-8155-262209ed5a7e" />
      <TestMethod codeBase="D:\actions-runner\_work\XPCO\XPCO\SC\Components\RemoteViewer\SmartClient\tst\zSmartClient_UnitTest\bin\x64\Debug\net472\zSmartClient_UnitTest.dll" adapterTypeName="executor://mstestadapter/v2" className="VideoOS.Shared.ServerAPI.SOAP.RecorderClientMappingTests" name="SequenceTypeDto_ShouldYieldSameValues_WhenRoundTripConverted" />
    </UnitTest>
    <UnitTest name="DeleteMapItems_ShouldReturnFalse_WhenUserDeclinesDeletionOfSingleItem" storage="d:\actions-runner\_work\xpco\xpco\sc\components\remoteviewer\smartclient\tst\zsmartclient_unittest\bin\x64\debug\net472\zsmartclient_unittest.dll" id="dd8ceee9-e0da-460a-3a9b-41ccef9e8e3e">
      <TestCategory>
        <TestCategoryItem TestCategory="GisMapModelController" />
      </TestCategory>
      <Execution id="1df3b368-96b5-4259-9041-939040fcb37f" />
      <TestMethod codeBase="D:\actions-runner\_work\XPCO\XPCO\SC\Components\RemoteViewer\SmartClient\tst\zSmartClient_UnitTest\bin\x64\Debug\net472\zSmartClient_UnitTest.dll" adapterTypeName="executor://mstestadapter/v2" className="SmartClient_UnitTest.VideoOS.RemoteClient.GisMapData.GisMapModelControllerTests" name="DeleteMapItems_ShouldReturnFalse_WhenUserDeclinesDeletionOfSingleItem" />
    </UnitTest>
    <UnitTest name="GetDeviceData_ShouldReturnNotFoundDeviceData_WhenNotSupportedKind" storage="d:\actions-runner\_work\xpco\xpco\sc\components\remoteviewer\smartclient\tst\zsmartclient_unittest\bin\x64\debug\net472\zsmartclient_unittest.dll" id="bcf3e398-10f5-c5db-c0c4-dde95790e302">
      <TestCategory>
        <TestCategoryItem TestCategory="GisMap.Controllers.Devices.MapItems" />
      </TestCategory>
      <Execution id="beb6ac99-28e8-4346-a952-9277ad54f074" />
      <TestMethod codeBase="D:\actions-runner\_work\XPCO\XPCO\SC\Components\RemoteViewer\SmartClient\tst\zSmartClient_UnitTest\bin\x64\Debug\net472\zSmartClient_UnitTest.dll" adapterTypeName="executor://mstestadapter/v2" className="SmartClient_UnitTest.VideoOS.RemoteClient.Plugin.GisMap.Controllers.Devices.MapItems.DeviceDataControllerTests" name="GetDeviceData_ShouldReturnNotFoundDeviceData_WhenNotSupportedKind" />
    </UnitTest>
    <UnitTest name="Compare_NullVsNotNullDescending_LessThan" storage="d:\actions-runner\_work\xpco\xpco\sc\components\remoteviewer\smartclient\tst\zsmartclient_unittest\bin\x64\debug\net472\zsmartclient_unittest.dll" id="a112e5f5-c328-3fe0-6f6d-307e1fa97026">
      <TestCategory>
        <TestCategoryItem TestCategory="SearchComparers" />
      </TestCategory>
      <Execution id="7fa1cabe-38e6-4b80-a7b0-69e16d1bfd8b" />
      <TestMethod codeBase="D:\actions-runner\_work\XPCO\XPCO\SC\Components\RemoteViewer\SmartClient\tst\zSmartClient_UnitTest\bin\x64\Debug\net472\zSmartClient_UnitTest.dll" adapterTypeName="executor://mstestadapter/v2" className="SmartClient_UnitTest.VideoOS.RemoteClient.Plugin.CentralizedSearch.Models.Wrappers.Comparers.BeginTimeWithPaddingComparerTests" name="Compare_NullVsNotNullDescending_LessThan" />
    </UnitTest>
    <UnitTest name="NavigateAndSelectAsync_ReCenterCommandUsesOriginalValues" storage="d:\actions-runner\_work\xpco\xpco\sc\components\remoteviewer\smartclient\tst\zsmartclient_unittest\bin\x64\debug\net472\zsmartclient_unittest.dll" id="4af45186-897f-200d-9f00-a1608aaab093">
      <TestCategory>
        <TestCategoryItem TestCategory="GisMap.GisMapViewModel" />
      </TestCategory>
      <Execution id="44ffa9ce-0c18-4182-b741-bb56958784a9" />
      <TestMethod codeBase="D:\actions-runner\_work\XPCO\XPCO\SC\Components\RemoteViewer\SmartClient\tst\zSmartClient_UnitTest\bin\x64\Debug\net472\zSmartClient_UnitTest.dll" adapterTypeName="executor://mstestadapter/v2" className="SmartClient_UnitTest.VideoOS.RemoteClient.Plugin.GisMap.ViewModels.GisMapViewModelTests" name="NavigateAndSelectAsync_ReCenterCommandUsesOriginalValues" />
    </UnitTest>
    <UnitTest name="UserHasCreatePublicSearchPermission_HasCreatePermission_ReturnsTrue" storage="d:\actions-runner\_work\xpco\xpco\sc\components\remoteviewer\smartclient\tst\zsmartclient_unittest\bin\x64\debug\net472\zsmartclient_unittest.dll" id="6bca5693-82fe-719f-17b6-6224c9668233">
      <TestCategory>
        <TestCategoryItem TestCategory="SearchTemplates" />
      </TestCategory>
      <Execution id="3411a162-1631-4a5c-a5f7-5c31f301fba5" />
      <TestMethod codeBase="D:\actions-runner\_work\XPCO\XPCO\SC\Components\RemoteViewer\SmartClient\tst\zSmartClient_UnitTest\bin\x64\Debug\net472\zSmartClient_UnitTest.dll" adapterTypeName="executor://mstestadapter/v2" className="SmartClient_UnitTest.VideoOS.RemoteClient.Plugin.CentralizedSearch.SearchTemplates.SearchTemplateManagerTests" name="UserHasCreatePublicSearchPermission_HasCreatePermission_ReturnsTrue" />
    </UnitTest>
    <UnitTest name="Ctor_OneBuiltInGroupDefined_OneCompositeAgentAdded" storage="d:\actions-runner\_work\xpco\xpco\sc\components\remoteviewer\smartclient\tst\zsmartclient_unittest\bin\x64\debug\net472\zsmartclient_unittest.dll" id="5358a71c-808a-a4c2-6851-01de58a4759c">
      <TestCategory>
        <TestCategoryItem TestCategory="ScSearchManager" />
      </TestCategory>
      <Execution id="72627be9-e48b-4708-85cd-9035520e74cf" />
      <TestMethod codeBase="D:\actions-runner\_work\XPCO\XPCO\SC\Components\RemoteViewer\SmartClient\tst\zSmartClient_UnitTest\bin\x64\Debug\net472\zSmartClient_UnitTest.dll" adapterTypeName="executor://mstestadapter/v2" className="SmartClient_UnitTest.VideoOS.RemoteClient.Plugin.CentralizedSearch.MIPPlugin.ScSearchManagerTests" name="Ctor_OneBuiltInGroupDefined_OneCompositeAgentAdded" />
    </UnitTest>
    <UnitTest name="DoubleClickOnPreviewPlayer_ShouldOpenDetailsViewWithoutAnimation_WhenFocusedItemIsNotNullAndAnimationsAreDisabled" storage="d:\actions-runner\_work\xpco\xpco\sc\components\remoteviewer\smartclient\tst\zsmartclient_unittest\bin\x64\debug\net472\zsmartclient_unittest.dll" id="c0728f95-ecc1-be8f-b46d-a960462fa608">
      <TestCategory>
        <TestCategoryItem TestCategory="SearchViews" />
      </TestCategory>
      <Execution id="43fabb72-6db4-48cb-adae-3a9c1bb841e9" />
      <TestMethod codeBase="D:\actions-runner\_work\XPCO\XPCO\SC\Components\RemoteViewer\SmartClient\tst\zSmartClient_UnitTest\bin\x64\Debug\net472\zSmartClient_UnitTest.dll" adapterTypeName="executor://mstestadapter/v2" className="SmartClient_UnitTest.VideoOS.RemoteClient.Plugin.CentralizedSearch.Views.SearchResultsViewTests" name="DoubleClickOnPreviewPlayer_ShouldOpenDetailsViewWithoutAnimation_WhenFocusedItemIsNotNullAndAnimationsAreDisabled" />
    </UnitTest>
    <UnitTest name="UpdateRecorderInfoTest" storage="d:\actions-runner\_work\xpco\xpco\sc\components\remoteviewer\smartclient\tst\zsmartclient_unittest\bin\x64\debug\net472\zsmartclient_unittest.dll" id="6e09ad1b-dc7a-2da6-6085-ead018e4d60b">
      <Execution id="4535780d-9d73-4719-a741-1f6a36391997" />
      <TestMethod codeBase="D:\actions-runner\_work\XPCO\XPCO\SC\Components\RemoteViewer\SmartClient\tst\zSmartClient_UnitTest\bin\x64\Debug\net472\zSmartClient_UnitTest.dll" adapterTypeName="executor://mstestadapter/v2" className="SmartClient_UnitTest.VideoOS.Shared.ServerAPI.IServerConfigurationTest" name="UpdateRecorderInfoTest" />
    </UnitTest>
    <UnitTest name="ActiveInteractionStateBinding_ShouldOnlyContainNormalAndNewDevice_WhenCtorIsCalled" storage="d:\actions-runner\_work\xpco\xpco\sc\components\remoteviewer\smartclient\tst\zsmartclient_unittest\bin\x64\debug\net472\zsmartclient_unittest.dll" id="3ff6b5d8-f141-7a2b-08b3-b0a5923ed411">
      <TestCategory>
        <TestCategoryItem TestCategory="GisMap.InputMarkerTest" />
      </TestCategory>
      <Execution id="a3009b90-ea92-461d-a9e1-3a983019ce80" />
      <TestMethod codeBase="D:\actions-runner\_work\XPCO\XPCO\SC\Components\RemoteViewer\SmartClient\tst\zSmartClient_UnitTest\bin\x64\Debug\net472\zSmartClient_UnitTest.dll" adapterTypeName="executor://mstestadapter/v2" className="SmartClient_UnitTest.VideoOS.RemoteClient.Plugin.GisMap.ThinkGeoMap.Markers.DeviceMarkers.InputMarker.InputMarkerTests" name="ActiveInteractionStateBinding_ShouldOnlyContainNormalAndNewDevice_WhenCtorIsCalled" />
    </UnitTest>
    <UnitTest name="Ctor_NullItems_ThrowsException" storage="d:\actions-runner\_work\xpco\xpco\sc\components\remoteviewer\smartclient\tst\zsmartclient_unittest\bin\x64\debug\net472\zsmartclient_unittest.dll" id="27f390ff-a294-3ac4-6f34-9d39f621e68b">
      <Execution id="78cbc737-ada1-4f3c-b6f3-99104de16ea8" />
      <TestMethod codeBase="D:\actions-runner\_work\XPCO\XPCO\SC\Components\RemoteViewer\SmartClient\tst\zSmartClient_UnitTest\bin\x64\Debug\net472\zSmartClient_UnitTest.dll" adapterTypeName="executor://mstestadapter/v2" className="SmartClient_UnitTest.VideoOS.RemoteClient.Application.UI.Common.MessageBoxWithList.MessageBoxWithListViewModelTests" name="Ctor_NullItems_ThrowsException" />
    </UnitTest>
    <UnitTest name="CameraMapItem_AddWithViewZone_XpcoServer_Success" storage="d:\actions-runner\_work\xpco\xpco\sc\components\remoteviewer\smartclient\tst\zsmartclient_unittest\bin\x64\debug\net472\zsmartclient_unittest.dll" id="8a1568a6-ad98-67e4-8764-7fa07b40b0f4">
      <TestCategory>
        <TestCategoryItem TestCategory="GisMapMapItem" />
      </TestCategory>
      <Execution id="c48f8309-8928-4704-8eee-c2d16b3982bc" />
      <TestMethod codeBase="D:\actions-runner\_work\XPCO\XPCO\SC\Components\RemoteViewer\SmartClient\tst\zSmartClient_UnitTest\bin\x64\Debug\net472\zSmartClient_UnitTest.dll" adapterTypeName="executor://mstestadapter/v2" className="SmartClient_UnitTest.VideoOS.RemoteClient.GisMap.MapItem.MapItemTests" name="CameraMapItem_AddWithViewZone_XpcoServer_Success" />
    </UnitTest>
    <UnitTest name="DeviceIcons_ShouldBeCached_WhenCalled" storage="d:\actions-runner\_work\xpco\xpco\sc\components\remoteviewer\smartclient\tst\zsmartclient_unittest\bin\x64\debug\net472\zsmartclient_unittest.dll" id="98a7490b-a0d5-3f84-ad1f-205206139c5a">
      <TestCategory>
        <TestCategoryItem TestCategory="GisMapData.InputOemResourcesProviderTests" />
      </TestCategory>
      <Execution id="1a032731-8104-476b-bddb-883ecd5fb0b1" />
      <TestMethod codeBase="D:\actions-runner\_work\XPCO\XPCO\SC\Components\RemoteViewer\SmartClient\tst\zSmartClient_UnitTest\bin\x64\Debug\net472\zSmartClient_UnitTest.dll" adapterTypeName="executor://mstestadapter/v2" className="SmartClient_UnitTest.VideoOS.RemoteClient.GisMapData.Resources.InputOemResourcesProviderTests" name="DeviceIcons_ShouldBeCached_WhenCalled" />
    </UnitTest>
    <UnitTest name="Create_Retention_Time_Cannot_Be_Before_1900_Test_Rollback_After_Valid_Value" storage="d:\actions-runner\_work\xpco\xpco\sc\components\remoteviewer\smartclient\tst\zsmartclient_unittest\bin\x64\debug\net472\zsmartclient_unittest.dll" id="a316d943-455b-a96d-fb1b-0c24977fe437">
      <Execution id="05e47ce1-2f9f-4dcf-a5e4-b97039f688d7" />
      <TestMethod codeBase="D:\actions-runner\_work\XPCO\XPCO\SC\Components\RemoteViewer\SmartClient\tst\zSmartClient_UnitTest\bin\x64\Debug\net472\zSmartClient_UnitTest.dll" adapterTypeName="executor://mstestadapter/v2" className="SmartClient_UnitTest.VideoOS.RemoteClient.Application.Components.EvidenceLock.EvidenceLockCreateEditTests" name="Create_Retention_Time_Cannot_Be_Before_1900_Test_Rollback_After_Valid_Value" />
    </UnitTest>
    <UnitTest name="BookmarkSearchTime_WithSearchStringInDifferentCases_ReturnCorrectBookmarkWithSearchStringInHeader (SeArChStRiNg,True,True,False,False,,,1)" storage="d:\actions-runner\_work\xpco\xpco\sc\components\remoteviewer\smartclient\tst\zsmartclient_unittest\bin\x64\debug\net472\zsmartclient_unittest.dll" id="0ce35179-5c3e-8d99-982b-1a911192d0c8">
      <Execution id="829b9ac2-9c88-4300-9299-5657f9269b5e" />
      <TestMethod codeBase="D:\actions-runner\_work\XPCO\XPCO\SC\Components\RemoteViewer\SmartClient\tst\zSmartClient_UnitTest\bin\x64\Debug\net472\zSmartClient_UnitTest.dll" adapterTypeName="executor://mstestadapter/v2" className="SmartClient_UnitTest.VideoOS.RemoteClient.Application.Data.Offline.UnitTest.BookmarkExportReaderTest" name="BookmarkSearchTime_WithSearchStringInDifferentCases_ReturnCorrectBookmarkWithSearchStringInHeader" />
    </UnitTest>
    <UnitTest name="Serialize_ScopeItemsOnly_Success" storage="d:\actions-runner\_work\xpco\xpco\sc\components\remoteviewer\smartclient\tst\zsmartclient_unittest\bin\x64\debug\net472\zsmartclient_unittest.dll" id="cf838b6b-7995-4cd7-4849-142f7382a183">
      <TestCategory>
        <TestCategoryItem TestCategory="SearchSerialization" />
      </TestCategory>
      <Execution id="c662bab0-1794-48ef-ad3a-3f914b00f816" />
      <TestMethod codeBase="D:\actions-runner\_work\XPCO\XPCO\SC\Components\RemoteViewer\SmartClient\tst\zSmartClient_UnitTest\bin\x64\Debug\net472\zSmartClient_UnitTest.dll" adapterTypeName="executor://mstestadapter/v2" className="SmartClient_UnitTest.VideoOS.RemoteClient.Plugin.CentralizedSearch.Models.Serialization.SearchSerializerTests" name="Serialize_ScopeItemsOnly_Success" />
    </UnitTest>
    <UnitTest name="Toolbar_IsVisible_WhenInLive" storage="d:\actions-runner\_work\xpco\xpco\sc\components\remoteviewer\smartclient\tst\zsmartclient_unittest\bin\x64\debug\net472\zsmartclient_unittest.dll" id="1153276a-4acc-8389-9593-9aed2f86bdf6">
      <TestCategory>
        <TestCategoryItem TestCategory="WorkspaceToolbar" />
      </TestCategory>
      <Execution id="335fc044-4f70-461c-8f15-c1133f6e24de" />
      <TestMethod codeBase="D:\actions-runner\_work\XPCO\XPCO\SC\Components\RemoteViewer\SmartClient\tst\zSmartClient_UnitTest\bin\x64\Debug\net472\zSmartClient_UnitTest.dll" adapterTypeName="executor://mstestadapter/v2" className="SmartClient_UnitTest.VideoOS.RemoteClient.Application.UI.Content.WorkspaceToolbar.WorkspaceToolbarViewModelTests" name="Toolbar_IsVisible_WhenInLive" />
    </UnitTest>
    <UnitTest name="CreateSearchResultUserControl_AllMappings_Success" storage="d:\actions-runner\_work\xpco\xpco\sc\components\remoteviewer\smartclient\tst\zsmartclient_unittest\bin\x64\debug\net472\zsmartclient_unittest.dll" id="ff967a29-b052-9b02-d0d2-90cfa45b8b4f">
      <TestCategory>
        <TestCategoryItem TestCategory="Search" />
      </TestCategory>
      <Execution id="6964652c-cf1a-433e-9794-7770f95d9048" />
      <TestMethod codeBase="D:\actions-runner\_work\XPCO\XPCO\SC\Components\RemoteViewer\SmartClient\tst\zSmartClient_UnitTest\bin\x64\Debug\net472\zSmartClient_UnitTest.dll" adapterTypeName="executor://mstestadapter/v2" className="SmartClient_UnitTest.VideoOS.RemoteClient.Plugin.CentralizedSearch.MIPPlugin.ScSearchUserControlPluginTest" name="CreateSearchResultUserControl_AllMappings_Success" />
    </UnitTest>
    <UnitTest name="LoadInitialState_ValidStateInStateManage_ReturnsStateFromStateManager" storage="d:\actions-runner\_work\xpco\xpco\sc\components\remoteviewer\smartclient\tst\zsmartclient_unittest\bin\x64\debug\net472\zsmartclient_unittest.dll" id="9dcc893b-d6ef-d5e3-81ca-720cad492687">
      <TestCategory>
        <TestCategoryItem TestCategory="Search" />
      </TestCategory>
      <Execution id="7e55d436-2e3b-4b99-8150-3c72ec132ee3" />
      <TestMethod codeBase="D:\actions-runner\_work\XPCO\XPCO\SC\Components\RemoteViewer\SmartClient\tst\zSmartClient_UnitTest\bin\x64\Debug\net472\zSmartClient_UnitTest.dll" adapterTypeName="executor://mstestadapter/v2" className="SmartClient_UnitTest.VideoOS.RemoteClient.Plugin.CentralizedSearch.CentralizedSearchContentHolderTests" name="LoadInitialState_ValidStateInStateManage_ReturnsStateFromStateManager" />
    </UnitTest>
    <UnitTest name="SetSelectedDuration_ValidScopeDurations_SelectedTimeScopeSet" storage="d:\actions-runner\_work\xpco\xpco\sc\components\remoteviewer\smartclient\tst\zsmartclient_unittest\bin\x64\debug\net472\zsmartclient_unittest.dll" id="b1a54d71-5c4b-5e18-0c40-6a96ee3db5e8">
      <TestCategory>
        <TestCategoryItem TestCategory="SearchViewModels" />
      </TestCategory>
      <Execution id="71fb5d97-0516-42c3-83d7-36f150bf58b3" />
      <TestMethod codeBase="D:\actions-runner\_work\XPCO\XPCO\SC\Components\RemoteViewer\SmartClient\tst\zSmartClient_UnitTest\bin\x64\Debug\net472\zSmartClient_UnitTest.dll" adapterTypeName="executor://mstestadapter/v2" className="SmartClient_UnitTest.VideoOS.RemoteClient.Plugin.CentralizedSearch.ViewModels.SearchViewModelTests" name="SetSelectedDuration_ValidScopeDurations_SelectedTimeScopeSet" />
    </UnitTest>
    <UnitTest name="IsProductionEnvironment_ShouldReturnCorrectValue (,True)" storage="d:\actions-runner\_work\xpco\xpco\sc\components\remoteviewer\smartclient\tst\zsmartclient_unittest\bin\x64\debug\net472\zsmartclient_unittest.dll" id="8dbcc6f1-4cbd-986e-7ab0-4762c811a25e">
      <Execution id="78d1bc9c-8fd6-4791-9162-b02723c18c33" />
      <TestMethod codeBase="D:\actions-runner\_work\XPCO\XPCO\SC\Components\RemoteViewer\SmartClient\tst\zSmartClient_UnitTest\bin\x64\Debug\net472\zSmartClient_UnitTest.dll" adapterTypeName="executor://mstestadapter/v2" className="SmartClient_UnitTest.VideoOS.RemoteClient.Application.Common.Telemetry.TelemetryKeyProviderTests" name="IsProductionEnvironment_ShouldReturnCorrectValue" />
    </UnitTest>
    <UnitTest name="SearchFilterCategoryGet_TwoSearchAgentsWithOverlappingFilters_AllFiltersAdded" storage="d:\actions-runner\_work\xpco\xpco\sc\components\remoteviewer\smartclient\tst\zsmartclient_unittest\bin\x64\debug\net472\zsmartclient_unittest.dll" id="a3b47612-c41f-b6f9-cd26-71a4607bc51d">
      <TestCategory>
        <TestCategoryItem TestCategory="Search" />
      </TestCategory>
      <Execution id="708d83b1-25a4-4717-9a99-1056d0a13efe" />
      <TestMethod codeBase="D:\actions-runner\_work\XPCO\XPCO\SC\Components\RemoteViewer\SmartClient\tst\zSmartClient_UnitTest\bin\x64\Debug\net472\zSmartClient_UnitTest.dll" adapterTypeName="executor://mstestadapter/v2" className="SmartClient_UnitTest.VideoOS.RemoteClient.Plugin.CentralizedSearch.MIPPlugin.CompositeSearchAgentTests" name="SearchFilterCategoryGet_TwoSearchAgentsWithOverlappingFilters_AllFiltersAdded" />
    </UnitTest>
    <UnitTest name="DoubleClickOnPreviewPlayer_ShouldNotOpenDetailsView_WhenFocusedItemIsNull" storage="d:\actions-runner\_work\xpco\xpco\sc\components\remoteviewer\smartclient\tst\zsmartclient_unittest\bin\x64\debug\net472\zsmartclient_unittest.dll" id="113f0a6f-863e-d128-89b6-fd830e00edfd">
      <TestCategory>
        <TestCategoryItem TestCategory="SearchViews" />
      </TestCategory>
      <Execution id="22f34d6a-f8d3-4b5f-86d9-a25dfe9138a1" />
      <TestMethod codeBase="D:\actions-runner\_work\XPCO\XPCO\SC\Components\RemoteViewer\SmartClient\tst\zSmartClient_UnitTest\bin\x64\Debug\net472\zSmartClient_UnitTest.dll" adapterTypeName="executor://mstestadapter/v2" className="SmartClient_UnitTest.VideoOS.RemoteClient.Plugin.CentralizedSearch.Views.SearchResultsViewTests" name="DoubleClickOnPreviewPlayer_ShouldNotOpenDetailsView_WhenFocusedItemIsNull" />
    </UnitTest>
    <UnitTest name="ResolveGenericResultProperties_ShouldReturnGenericPropertiesFromASingleSearchResult_WhenGivenASingleSearchResult" storage="d:\actions-runner\_work\xpco\xpco\sc\components\remoteviewer\smartclient\tst\zsmartclient_unittest\bin\x64\debug\net472\zsmartclient_unittest.dll" id="cbb16c95-d728-15c5-f7f7-7aec1e98ffde">
      <TestCategory>
        <TestCategoryItem TestCategory="Search" />
      </TestCategory>
      <Execution id="d64621ed-bbb0-4b39-b9ac-0e409363c123" />
      <TestMethod codeBase="D:\actions-runner\_work\XPCO\XPCO\SC\Components\RemoteViewer\SmartClient\tst\zSmartClient_UnitTest\bin\x64\Debug\net472\zSmartClient_UnitTest.dll" adapterTypeName="executor://mstestadapter/v2" className="SmartClient_UnitTest.VideoOS.RemoteClient.Plugin.CentralizedSearch.Utils.SearchResultDataWrapperExtensionsTests" name="ResolveGenericResultProperties_ShouldReturnGenericPropertiesFromASingleSearchResult_WhenGivenASingleSearchResult" />
    </UnitTest>
    <UnitTest name="TestSave_Success" storage="d:\actions-runner\_work\xpco\xpco\sc\components\remoteviewer\smartclient\tst\zsmartclient_unittest\bin\x64\debug\net472\zsmartclient_unittest.dll" id="6eb63bb3-0a07-3cfb-8d0a-86ee2a28be11">
      <TestCategory>
        <TestCategoryItem TestCategory="GisMapBuilding" />
      </TestCategory>
      <Execution id="75c8fcae-3c25-4b72-a56b-272871440cec" />
      <TestMethod codeBase="D:\actions-runner\_work\XPCO\XPCO\SC\Components\RemoteViewer\SmartClient\tst\zSmartClient_UnitTest\bin\x64\Debug\net472\zSmartClient_UnitTest.dll" adapterTypeName="executor://mstestadapter/v2" className="SmartClient_UnitTest.VideoOS.RemoteClient.GisMapData.MapBuildings.MapLevelTests" name="TestSave_Success" />
    </UnitTest>
    <UnitTest name="CreateExportDialog_CanSelectExportToOptics_WithOpticalDrivesPresent" storage="d:\actions-runner\_work\xpco\xpco\sc\components\remoteviewer\smartclient\tst\zsmartclient_unittest\bin\x64\debug\net472\zsmartclient_unittest.dll" id="02e79180-7231-3946-3d30-86e386fbe7e5">
      <TestCategory>
        <TestCategoryItem TestCategory="Export" />
      </TestCategory>
      <Execution id="119eb4fb-b539-4272-b9f6-dbd136bbed12" />
      <TestMethod codeBase="D:\actions-runner\_work\XPCO\XPCO\SC\Components\RemoteViewer\SmartClient\tst\zSmartClient_UnitTest\bin\x64\Debug\net472\zSmartClient_UnitTest.dll" adapterTypeName="executor://mstestadapter/v2" className="SmartClient_UnitTest.VideoOS.RemoteClient.Plugin.Export.CreateExportDialogViewModelTests" name="CreateExportDialog_CanSelectExportToOptics_WithOpticalDrivesPresent" />
    </UnitTest>
    <UnitTest name="BookmarkSearchTime_WithSearchStringInDifferentCases_ReturnCorrectBookmarkWithSearchStringInDescription (SeArChStRiNg,False,False,True,False,,,0)" storage="d:\actions-runner\_work\xpco\xpco\sc\components\remoteviewer\smartclient\tst\zsmartclient_unittest\bin\x64\debug\net472\zsmartclient_unittest.dll" id="d7e4860d-7071-2952-a78b-70bcfc57bf72">
      <Execution id="4e82345d-f71b-4d7b-acb6-ee49bb167300" />
      <TestMethod codeBase="D:\actions-runner\_work\XPCO\XPCO\SC\Components\RemoteViewer\SmartClient\tst\zSmartClient_UnitTest\bin\x64\Debug\net472\zSmartClient_UnitTest.dll" adapterTypeName="executor://mstestadapter/v2" className="SmartClient_UnitTest.VideoOS.RemoteClient.Application.Data.Offline.UnitTest.BookmarkExportReaderTest" name="BookmarkSearchTime_WithSearchStringInDifferentCases_ReturnCorrectBookmarkWithSearchStringInDescription" />
    </UnitTest>
    <UnitTest name="GetSearchTemplateAsync_ThrowPathNotFoundMIPException_Success" storage="d:\actions-runner\_work\xpco\xpco\sc\components\remoteviewer\smartclient\tst\zsmartclient_unittest\bin\x64\debug\net472\zsmartclient_unittest.dll" id="98f1ad4a-6d3e-c8b6-e210-a1665c4899ea">
      <TestCategory>
        <TestCategoryItem TestCategory="SearchTemplatesService" />
      </TestCategory>
      <Execution id="5447d847-687b-4847-9e91-b374f4870e50" />
      <TestMethod codeBase="D:\actions-runner\_work\XPCO\XPCO\SC\Components\RemoteViewer\SmartClient\tst\zSmartClient_UnitTest\bin\x64\Debug\net472\zSmartClient_UnitTest.dll" adapterTypeName="executor://mstestadapter/v2" className="SmartClient_UnitTest.VideoOS.RemoteClient.Plugin.CentralizedSearch.SearchTemplates.Service.SearchTemplateServiceTests" name="GetSearchTemplateAsync_ThrowPathNotFoundMIPException_Success" />
    </UnitTest>
    <UnitTest name="LoadSearchTemplate_NoActiveToNewActive_UpdateAndEvent" storage="d:\actions-runner\_work\xpco\xpco\sc\components\remoteviewer\smartclient\tst\zsmartclient_unittest\bin\x64\debug\net472\zsmartclient_unittest.dll" id="165287bc-bef0-3870-c69b-a17243fed1fc">
      <TestCategory>
        <TestCategoryItem TestCategory="SearchTemplates" />
      </TestCategory>
      <Execution id="077a8216-a941-48be-b66f-1d98367cb2a7" />
      <TestMethod codeBase="D:\actions-runner\_work\XPCO\XPCO\SC\Components\RemoteViewer\SmartClient\tst\zSmartClient_UnitTest\bin\x64\Debug\net472\zSmartClient_UnitTest.dll" adapterTypeName="executor://mstestadapter/v2" className="SmartClient_UnitTest.VideoOS.RemoteClient.Plugin.CentralizedSearch.SearchTemplates.SearchTemplateManagerTests" name="LoadSearchTemplate_NoActiveToNewActive_UpdateAndEvent" />
    </UnitTest>
    <UnitTest name="Convert_InvalidArgumentCount_MoreThanExpected_Collapsed" storage="d:\actions-runner\_work\xpco\xpco\sc\components\remoteviewer\smartclient\tst\zsmartclient_unittest\bin\x64\debug\net472\zsmartclient_unittest.dll" id="f8f04b21-fad0-48a3-39ca-a5f162fe7d64">
      <TestCategory>
        <TestCategoryItem TestCategory="SearchConverter" />
      </TestCategory>
      <Execution id="201f0865-b984-4b7b-9a00-85538dd14bdc" />
      <TestMethod codeBase="D:\actions-runner\_work\XPCO\XPCO\SC\Components\RemoteViewer\SmartClient\tst\zSmartClient_UnitTest\bin\x64\Debug\net472\zSmartClient_UnitTest.dll" adapterTypeName="executor://mstestadapter/v2" className="SmartClient_UnitTest.VideoOS.RemoteClient.Plugin.CentralizedSearch.Views.Converters.NoCriteriaSelectedGridVisibilityConverterTests" name="Convert_InvalidArgumentCount_MoreThanExpected_Collapsed" />
    </UnitTest>
    <UnitTest name="ConvertBack_ShouldAlwaysThrowException" storage="d:\actions-runner\_work\xpco\xpco\sc\components\remoteviewer\smartclient\tst\zsmartclient_unittest\bin\x64\debug\net472\zsmartclient_unittest.dll" id="8d265b40-4d86-0fef-5f08-51df41bf9c7a">
      <Execution id="85e2dc96-095c-4ce1-9a39-64e9f70989fd" />
      <TestMethod codeBase="D:\actions-runner\_work\XPCO\XPCO\SC\Components\RemoteViewer\SmartClient\tst\zSmartClient_UnitTest\bin\x64\Debug\net472\zSmartClient_UnitTest.dll" adapterTypeName="executor://mstestadapter/v2" className="SmartClient_UnitTest.VideoOS.Common.UIThemes.ContentToTooltipTextConverterTests" name="ConvertBack_ShouldAlwaysThrowException" />
    </UnitTest>
    <UnitTest name="Cameras_where_the_user_has_no_RetentionCreate_rights_can_be_still_re_added" storage="d:\actions-runner\_work\xpco\xpco\sc\components\remoteviewer\smartclient\tst\zsmartclient_unittest\bin\x64\debug\net472\zsmartclient_unittest.dll" id="94358fa8-5ab7-9379-cdbb-784e07581698">
      <Execution id="522827dc-06cf-45ba-baca-b91065d87127" />
      <TestMethod codeBase="D:\actions-runner\_work\XPCO\XPCO\SC\Components\RemoteViewer\SmartClient\tst\zSmartClient_UnitTest\bin\x64\Debug\net472\zSmartClient_UnitTest.dll" adapterTypeName="executor://mstestadapter/v2" className="SmartClient_UnitTest.VideoOS.RemoteClient.Application.Components.EvidenceLock.EvidenceLockEditModeUserRightTests" name="Cameras_where_the_user_has_no_RetentionCreate_rights_can_be_still_re_added" />
    </UnitTest>
    <UnitTest name="TestMethod1" storage="d:\actions-runner\_work\xpco\xpco\sc\components\remoteviewer\smartclient\tst\zsmartclient_unittest\bin\x64\debug\net472\zsmartclient_unittest.dll" id="55b69ff1-41fd-5c44-e2a8-b279d7828993">
      <Execution id="f73a7bd6-abe7-4d69-a35e-9d44a38731e3" />
      <TestMethod codeBase="D:\actions-runner\_work\XPCO\XPCO\SC\Components\RemoteViewer\SmartClient\tst\zSmartClient_UnitTest\bin\x64\Debug\net472\zSmartClient_UnitTest.dll" adapterTypeName="executor://mstestadapter/v2" className="SmartClient_UnitTest.VideoOS.RemoteClient.GisMap.ViewModels.ContextMenu.ContextMenuViewModelTests" name="TestMethod1" />
    </UnitTest>
    <UnitTest name="PopulateTooltip_ManyResultsFromManyCameras24Hours_ValidText" storage="d:\actions-runner\_work\xpco\xpco\sc\components\remoteviewer\smartclient\tst\zsmartclient_unittest\bin\x64\debug\net472\zsmartclient_unittest.dll" id="85b176e4-fb59-5c82-65b9-233680a9d61b">
      <TestCategory>
        <TestCategoryItem TestCategory="SearchControls" />
      </TestCategory>
      <Execution id="3fbeca2f-141f-4fc1-93ed-3e18dd92d3ad" />
      <TestMethod codeBase="D:\actions-runner\_work\XPCO\XPCO\SC\Components\RemoteViewer\SmartClient\tst\zSmartClient_UnitTest\bin\x64\Debug\net472\zSmartClient_UnitTest.dll" adapterTypeName="executor://mstestadapter/v2" className="SmartClient_UnitTest.VideoOS.RemoteClient.Plugin.CentralizedSearch.Views.Controls.TimelineRuler.TimelineRulerControlTests" name="PopulateTooltip_ManyResultsFromManyCameras24Hours_ValidText" />
    </UnitTest>
    <UnitTest name="PopulateTooltip_SingleResultsFromFewCameras24Hours_ValidText" storage="d:\actions-runner\_work\xpco\xpco\sc\components\remoteviewer\smartclient\tst\zsmartclient_unittest\bin\x64\debug\net472\zsmartclient_unittest.dll" id="07e2d80c-1c7c-425d-45d2-9a4739a86a66">
      <TestCategory>
        <TestCategoryItem TestCategory="SearchControls" />
      </TestCategory>
      <Execution id="a7e4431c-15d7-4e63-b897-e73a5cecd4d8" />
      <TestMethod codeBase="D:\actions-runner\_work\XPCO\XPCO\SC\Components\RemoteViewer\SmartClient\tst\zSmartClient_UnitTest\bin\x64\Debug\net472\zSmartClient_UnitTest.dll" adapterTypeName="executor://mstestadapter/v2" className="SmartClient_UnitTest.VideoOS.RemoteClient.Plugin.CentralizedSearch.Views.Controls.TimelineRuler.TimelineRulerControlTests" name="PopulateTooltip_SingleResultsFromFewCameras24Hours_ValidText" />
    </UnitTest>
    <UnitTest name="SmartSearchResultDto_ShouldYieldSameValues_WhenRoundTripConverted" storage="d:\actions-runner\_work\xpco\xpco\sc\components\remoteviewer\smartclient\tst\zsmartclient_unittest\bin\x64\debug\net472\zsmartclient_unittest.dll" id="13732851-1316-f3ba-505c-1b7f66e1148d">
      <TestCategory>
        <TestCategoryItem TestCategory="RecorderProxyToDtoMapping" />
      </TestCategory>
      <Execution id="34451232-653b-4809-8738-c0f270d80ed8" />
      <TestMethod codeBase="D:\actions-runner\_work\XPCO\XPCO\SC\Components\RemoteViewer\SmartClient\tst\zSmartClient_UnitTest\bin\x64\Debug\net472\zSmartClient_UnitTest.dll" adapterTypeName="executor://mstestadapter/v2" className="VideoOS.Shared.ServerAPI.SOAP.RecorderClientMappingTests" name="SmartSearchResultDto_ShouldYieldSameValues_WhenRoundTripConverted" />
    </UnitTest>
    <UnitTest name="AndOrSearchDefinitionToCornerRadiusMultiConverter_CallConvert_FirstAnd" storage="d:\actions-runner\_work\xpco\xpco\sc\components\remoteviewer\smartclient\tst\zsmartclient_unittest\bin\x64\debug\net472\zsmartclient_unittest.dll" id="06bd11df-bf70-d0e2-a507-7181600bcc81">
      <TestCategory>
        <TestCategoryItem TestCategory="SearchConverter" />
      </TestCategory>
      <Execution id="3903e29d-bb41-4c1d-8392-335943c4edf9" />
      <TestMethod codeBase="D:\actions-runner\_work\XPCO\XPCO\SC\Components\RemoteViewer\SmartClient\tst\zSmartClient_UnitTest\bin\x64\Debug\net472\zSmartClient_UnitTest.dll" adapterTypeName="executor://mstestadapter/v2" className="SmartClient_UnitTest.VideoOS.RemoteClient.Plugin.CentralizedSearch.Views.Converters.AndOrSearchDefinitionMultiConverterTests" name="AndOrSearchDefinitionToCornerRadiusMultiConverter_CallConvert_FirstAnd" />
    </UnitTest>
    <UnitTest name="TryAddInterval_ShouldReturnCorrectValue (False,True,PermissionDenied)" storage="d:\actions-runner\_work\xpco\xpco\sc\components\remoteviewer\smartclient\tst\zsmartclient_unittest\bin\x64\debug\net472\zsmartclient_unittest.dll" id="b4d81ea5-4d96-f4f8-9a36-c8fa8d756925">
      <TestCategory>
        <TestCategoryItem TestCategory="Managers" />
      </TestCategory>
      <Execution id="23b46eeb-6c72-4ece-8d09-54366365fb93" />
      <TestMethod codeBase="D:\actions-runner\_work\XPCO\XPCO\SC\Components\RemoteViewer\SmartClient\tst\zSmartClient_UnitTest\bin\x64\Debug\net472\zSmartClient_UnitTest.dll" adapterTypeName="executor://mstestadapter/v2" className="SmartClient_UnitTest.VideoOS.RemoteClient.Application.Managers.ExportManagerTests" name="TryAddInterval_ShouldReturnCorrectValue" />
    </UnitTest>
    <UnitTest name="MarkerFactory_WhenMipMapItemIsGiven_ShouldReturnNull" storage="d:\actions-runner\_work\xpco\xpco\sc\components\remoteviewer\smartclient\tst\zsmartclient_unittest\bin\x64\debug\net472\zsmartclient_unittest.dll" id="35fdccc0-c07e-b0f5-43ff-b8462db1e66e">
      <TestCategory>
        <TestCategoryItem TestCategory="GisMap.MarkerFactory" />
      </TestCategory>
      <Execution id="967c5a3f-124c-49fa-a12e-1368dc4cfbda" />
      <TestMethod codeBase="D:\actions-runner\_work\XPCO\XPCO\SC\Components\RemoteViewer\SmartClient\tst\zSmartClient_UnitTest\bin\x64\Debug\net472\zSmartClient_UnitTest.dll" adapterTypeName="executor://mstestadapter/v2" className="SmartClient_UnitTest.VideoOS.RemoteClient.Plugin.GisMap.IoC.MarkerFactoryTests" name="MarkerFactory_WhenMipMapItemIsGiven_ShouldReturnNull" />
    </UnitTest>
    <UnitTest name="No_warning_when_removing_camera_with_related_device_with_no_update_rights" storage="d:\actions-runner\_work\xpco\xpco\sc\components\remoteviewer\smartclient\tst\zsmartclient_unittest\bin\x64\debug\net472\zsmartclient_unittest.dll" id="593594fc-46c9-b9c0-d561-0e066e80633b">
      <Execution id="3d207612-70b4-4683-bf17-85955f0b1230" />
      <TestMethod codeBase="D:\actions-runner\_work\XPCO\XPCO\SC\Components\RemoteViewer\SmartClient\tst\zSmartClient_UnitTest\bin\x64\Debug\net472\zSmartClient_UnitTest.dll" adapterTypeName="executor://mstestadapter/v2" className="SmartClient_UnitTest.VideoOS.RemoteClient.Application.Components.EvidenceLock.EvidenceLockRelatedDeviceRightsTests" name="No_warning_when_removing_camera_with_related_device_with_no_update_rights" />
    </UnitTest>
    <UnitTest name="OnIsVisiblePropertyChanged_ShouldDeactivateSoundOfAllUnmutedMicrophones_WhenHidingMicrophonesLayer" storage="d:\actions-runner\_work\xpco\xpco\sc\components\remoteviewer\smartclient\tst\zsmartclient_unittest\bin\x64\debug\net472\zsmartclient_unittest.dll" id="d5380333-0029-a673-b16f-5047c88c70d6">
      <TestCategory>
        <TestCategoryItem TestCategory="GisMapData.MapLayers" />
      </TestCategory>
      <Execution id="bb0cd975-3a74-4037-922d-c141baa6006c" />
      <TestMethod codeBase="D:\actions-runner\_work\XPCO\XPCO\SC\Components\RemoteViewer\SmartClient\tst\zSmartClient_UnitTest\bin\x64\Debug\net472\zSmartClient_UnitTest.dll" adapterTypeName="executor://mstestadapter/v2" className="SmartClient_UnitTest.VideoOS.RemoteClient.GisMapData.MapLayers.MicrophoneItemsMapLayerTests" name="OnIsVisiblePropertyChanged_ShouldDeactivateSoundOfAllUnmutedMicrophones_WhenHidingMicrophonesLayer" />
    </UnitTest>
    <UnitTest name="MapCameraIcons_WhenMilestoneOemResource_ShouldReturnTenIcons" storage="d:\actions-runner\_work\xpco\xpco\sc\components\remoteviewer\smartclient\tst\zsmartclient_unittest\bin\x64\debug\net472\zsmartclient_unittest.dll" id="3601e411-06fe-e014-7da4-87000446bebe">
      <Execution id="280f6126-462d-4870-b945-1d89be533e51" />
      <TestMethod codeBase="D:\actions-runner\_work\XPCO\XPCO\SC\Components\RemoteViewer\SmartClient\tst\zSmartClient_UnitTest\bin\x64\Debug\net472\zSmartClient_UnitTest.dll" adapterTypeName="executor://mstestadapter/v2" className="SmartClient_UnitTest.VideoOS.RemoteClient.Application.Controllers.OemResourceControllerTest" name="MapCameraIcons_WhenMilestoneOemResource_ShouldReturnTenIcons" />
    </UnitTest>
    <UnitTest name="CanMoreRegionsBeAdded_ShouldReturnFalse_WhenMaximumRegionsAllowedIsReached" storage="d:\actions-runner\_work\xpco\xpco\sc\components\remoteviewer\smartclient\tst\zsmartclient_unittest\bin\x64\debug\net472\zsmartclient_unittest.dll" id="ac0bff77-e4ee-0120-d789-0cc06032e8d1">
      <TestCategory>
        <TestCategoryItem TestCategory="Search.Filters.ViewModels" />
      </TestCategory>
      <Execution id="0243731e-ae9b-4e93-a509-796b11267c38" />
      <TestMethod codeBase="D:\actions-runner\_work\XPCO\XPCO\SC\Components\RemoteViewer\SmartClient\tst\zSmartClient_UnitTest\bin\x64\Debug\net472\zSmartClient_UnitTest.dll" adapterTypeName="executor://mstestadapter/v2" className="SmartClient_UnitTest.VideoOS.RemoteClient.Plugin.CentralizedSearch.MIPPlugin.Criteria.ViewModels.RegionSelectionCameraListItemHelperTests" name="CanMoreRegionsBeAdded_ShouldReturnFalse_WhenMaximumRegionsAllowedIsReached" />
    </UnitTest>
    <UnitTest name="Decorate_ShouldNotAddChildren_WhenLayerVisibilityItemDataHasANonCameraLayer" storage="d:\actions-runner\_work\xpco\xpco\sc\components\remoteviewer\smartclient\tst\zsmartclient_unittest\bin\x64\debug\net472\zsmartclient_unittest.dll" id="d35bc711-77c3-11d0-bc06-2b27557cb244">
      <TestCategory>
        <TestCategoryItem TestCategory="GisMap.LayerVisibilityItemDataChildrenViewZoneDecoratorTests" />
      </TestCategory>
      <Execution id="ee699448-14c8-4002-be24-be7f6397701b" />
      <TestMethod codeBase="D:\actions-runner\_work\XPCO\XPCO\SC\Components\RemoteViewer\SmartClient\tst\zSmartClient_UnitTest\bin\x64\Debug\net472\zSmartClient_UnitTest.dll" adapterTypeName="executor://mstestadapter/v2" className="SmartClient_UnitTest.VideoOS.RemoteClient.Plugin.GisMap.ViewModels.LayersVisibility.Decorators.LayerVisibilityItemDataChildrenViewZoneDecoratorTests" name="Decorate_ShouldNotAddChildren_WhenLayerVisibilityItemDataHasANonCameraLayer" />
    </UnitTest>
    <UnitTest name="SearchModelOnSearchResultsReady_NotOnUiThread_Success" storage="d:\actions-runner\_work\xpco\xpco\sc\components\remoteviewer\smartclient\tst\zsmartclient_unittest\bin\x64\debug\net472\zsmartclient_unittest.dll" id="11e45243-c796-e305-ccb2-ad123da6b869">
      <TestCategory>
        <TestCategoryItem TestCategory="SearchViewModels" />
      </TestCategory>
      <Execution id="2b06a18a-703d-47c5-867e-47e80a89b6c7" />
      <TestMethod codeBase="D:\actions-runner\_work\XPCO\XPCO\SC\Components\RemoteViewer\SmartClient\tst\zSmartClient_UnitTest\bin\x64\Debug\net472\zSmartClient_UnitTest.dll" adapterTypeName="executor://mstestadapter/v2" className="SmartClient_UnitTest.VideoOS.RemoteClient.Plugin.CentralizedSearch.ViewModels.SearchViewModelTests" name="SearchModelOnSearchResultsReady_NotOnUiThread_Success" />
    </UnitTest>
    <UnitTest name="UserName_ShouldThrow_InvalidOperationException_WhenConstructedUsingExternal" storage="d:\actions-runner\_work\xpco\xpco\sc\components\remoteviewer\smartclient\tst\zsmartclient_unittest\bin\x64\debug\net472\zsmartclient_unittest.dll" id="96d03a8b-2bb7-344f-928f-f0c6a7f00e22">
      <TestCategory>
        <TestCategoryItem TestCategory="Authentication.ClientCredentials" />
      </TestCategory>
      <Execution id="039a0447-b8ad-4467-bffc-660cf30748cc" />
      <TestMethod codeBase="D:\actions-runner\_work\XPCO\XPCO\SC\Components\RemoteViewer\SmartClient\tst\zSmartClient_UnitTest\bin\x64\Debug\net472\zSmartClient_UnitTest.dll" adapterTypeName="executor://mstestadapter/v2" className="SmartClient_UnitTest.VideoOS.Shared.ServerAPI.ClientCredentialsTest" name="UserName_ShouldThrow_InvalidOperationException_WhenConstructedUsingExternal" />
    </UnitTest>
    <UnitTest name="Reactivated_Success" storage="d:\actions-runner\_work\xpco\xpco\sc\components\remoteviewer\smartclient\tst\zsmartclient_unittest\bin\x64\debug\net472\zsmartclient_unittest.dll" id="01b97152-1f28-3a19-acee-e24e8fccadd4">
      <TestCategory>
        <TestCategoryItem TestCategory="Search" />
      </TestCategory>
      <Execution id="aeb3db1e-f701-4766-90c5-68b1face0e5e" />
      <TestMethod codeBase="D:\actions-runner\_work\XPCO\XPCO\SC\Components\RemoteViewer\SmartClient\tst\zSmartClient_UnitTest\bin\x64\Debug\net472\zSmartClient_UnitTest.dll" adapterTypeName="executor://mstestadapter/v2" className="SmartClient_UnitTest.VideoOS.RemoteClient.Plugin.CentralizedSearch.CentralizedSearchContentHolderTests" name="Reactivated_Success" />
    </UnitTest>
    <UnitTest name="InputMapItem_ForceActivateAsync_InBuilding_MapLevelsNotLoaded_Success" storage="d:\actions-runner\_work\xpco\xpco\sc\components\remoteviewer\smartclient\tst\zsmartclient_unittest\bin\x64\debug\net472\zsmartclient_unittest.dll" id="c733db05-5b7b-4d43-767f-ec9ea4306b0e">
      <TestCategory>
        <TestCategoryItem TestCategory="GisMapData.MapItem.Inputs" />
      </TestCategory>
      <Execution id="469fbdfe-464b-447b-a305-a305954bf0b5" />
      <TestMethod codeBase="D:\actions-runner\_work\XPCO\XPCO\SC\Components\RemoteViewer\SmartClient\tst\zSmartClient_UnitTest\bin\x64\Debug\net472\zSmartClient_UnitTest.dll" adapterTypeName="executor://mstestadapter/v2" className="SmartClient_UnitTest.VideoOS.RemoteClient.GisMapData.MapItem.Inputs.InputMapItemTests" name="InputMapItem_ForceActivateAsync_InBuilding_MapLevelsNotLoaded_Success" />
    </UnitTest>
    <UnitTest name="SelectionCountDisplayText_MultipleSelectedResults_ReturnsMultipleString" storage="d:\actions-runner\_work\xpco\xpco\sc\components\remoteviewer\smartclient\tst\zsmartclient_unittest\bin\x64\debug\net472\zsmartclient_unittest.dll" id="a8a50f03-3329-f171-e632-4989e995a587">
      <TestCategory>
        <TestCategoryItem TestCategory="SearchResultActionBarViewModel" />
      </TestCategory>
      <Execution id="28b1d8ff-e630-4546-9eaa-577fa018ba26" />
      <TestMethod codeBase="D:\actions-runner\_work\XPCO\XPCO\SC\Components\RemoteViewer\SmartClient\tst\zSmartClient_UnitTest\bin\x64\Debug\net472\zSmartClient_UnitTest.dll" adapterTypeName="executor://mstestadapter/v2" className="SmartClient_UnitTest.VideoOS.RemoteClient.Plugin.CentralizedSearch.ViewModels.SearchResultsActionBarViewModelTest" name="SelectionCountDisplayText_MultipleSelectedResults_ReturnsMultipleString" />
    </UnitTest>
    <UnitTest name="SetFeatures_NonCameraMapItemsLayer_ArgumentException" storage="d:\actions-runner\_work\xpco\xpco\sc\components\remoteviewer\smartclient\tst\zsmartclient_unittest\bin\x64\debug\net472\zsmartclient_unittest.dll" id="f52b7516-be31-9d30-cb41-04f4b2fe00bf">
      <TestCategory>
        <TestCategoryItem TestCategory="GisMap" />
      </TestCategory>
      <Execution id="db2c42cc-411c-4f69-a96b-6353319a99e1" />
      <TestMethod codeBase="D:\actions-runner\_work\XPCO\XPCO\SC\Components\RemoteViewer\SmartClient\tst\zSmartClient_UnitTest\bin\x64\Debug\net472\zSmartClient_UnitTest.dll" adapterTypeName="executor://mstestadapter/v2" className="SmartClient_UnitTest.VideoOS.RemoteClient.GisMapData.GisMapBasicTests" name="SetFeatures_NonCameraMapItemsLayer_ArgumentException" />
    </UnitTest>
    <UnitTest name="TwentyFourHours_Success" storage="d:\actions-runner\_work\xpco\xpco\sc\components\remoteviewer\smartclient\tst\zsmartclient_unittest\bin\x64\debug\net472\zsmartclient_unittest.dll" id="91b2687b-d336-be96-6484-dd3e01d48bcc">
      <TestCategory>
        <TestCategoryItem TestCategory="Search" />
      </TestCategory>
      <Execution id="8a637be8-899a-4867-af39-3f47ec7bd9e3" />
      <TestMethod codeBase="D:\actions-runner\_work\XPCO\XPCO\SC\Components\RemoteViewer\SmartClient\tst\zSmartClient_UnitTest\bin\x64\Debug\net472\zSmartClient_UnitTest.dll" adapterTypeName="executor://mstestadapter/v2" className="SmartClient_UnitTest.VideoOS.RemoteClient.Plugin.CentralizedSearch.Models.ScopeDurationTests" name="TwentyFourHours_Success" />
    </UnitTest>
    <UnitTest name="HandleGetDeviceData_ShouldReturnMicrophoneData_WhenMicrophoneKindAndExistingMicrophoneId" storage="d:\actions-runner\_work\xpco\xpco\sc\components\remoteviewer\smartclient\tst\zsmartclient_unittest\bin\x64\debug\net472\zsmartclient_unittest.dll" id="fb103779-d04c-1686-3285-367738634a78">
      <TestCategory>
        <TestCategoryItem TestCategory="GisMap.Handlers.Devices.MapItems" />
      </TestCategory>
      <Execution id="82e94cda-afb5-4fb5-9d85-bd1853cd4bcc" />
      <TestMethod codeBase="D:\actions-runner\_work\XPCO\XPCO\SC\Components\RemoteViewer\SmartClient\tst\zSmartClient_UnitTest\bin\x64\Debug\net472\zSmartClient_UnitTest.dll" adapterTypeName="executor://mstestadapter/v2" className="SmartClient_UnitTest.VideoOS.RemoteClient.Plugin.GisMap.Handlers.Devices.MapItems.MicrophoneDataHandlerTests" name="HandleGetDeviceData_ShouldReturnMicrophoneData_WhenMicrophoneKindAndExistingMicrophoneId" />
    </UnitTest>
    <UnitTest name="AddCriteriaCommand_SearchAttributeCategoryNull" storage="d:\actions-runner\_work\xpco\xpco\sc\components\remoteviewer\smartclient\tst\zsmartclient_unittest\bin\x64\debug\net472\zsmartclient_unittest.dll" id="8803b728-b3cd-d0f6-6a9a-d85dc1ecbb9f">
      <TestCategory>
        <TestCategoryItem TestCategory="SearchViewModels" />
      </TestCategory>
      <Execution id="4ddf3adf-bab4-4b4b-a20f-cd4163238789" />
      <TestMethod codeBase="D:\actions-runner\_work\XPCO\XPCO\SC\Components\RemoteViewer\SmartClient\tst\zSmartClient_UnitTest\bin\x64\Debug\net472\zSmartClient_UnitTest.dll" adapterTypeName="executor://mstestadapter/v2" className="SmartClient_UnitTest.VideoOS.RemoteClient.Plugin.CentralizedSearch.ViewModels.SearchViewModelTests" name="AddCriteriaCommand_SearchAttributeCategoryNull" />
    </UnitTest>
    <UnitTest name="ShowAlreadyAddedToast_ShouldShowCorrectNumberOfToasts (5,1)" storage="d:\actions-runner\_work\xpco\xpco\sc\components\remoteviewer\smartclient\tst\zsmartclient_unittest\bin\x64\debug\net472\zsmartclient_unittest.dll" id="a8208005-f5a7-973c-33f3-44102c0d608d">
      <TestCategory>
        <TestCategoryItem TestCategory="Managers" />
      </TestCategory>
      <Execution id="0011f0da-56a3-4766-bfc3-7634c2dba74d" />
      <TestMethod codeBase="D:\actions-runner\_work\XPCO\XPCO\SC\Components\RemoteViewer\SmartClient\tst\zSmartClient_UnitTest\bin\x64\Debug\net472\zSmartClient_UnitTest.dll" adapterTypeName="executor://mstestadapter/v2" className="SmartClient_UnitTest.VideoOS.RemoteClient.Application.Managers.ExportResultsNotificationHelperTests" name="ShowAlreadyAddedToast_ShouldShowCorrectNumberOfToasts" />
    </UnitTest>
    <UnitTest name="Convert_ShouldReturnFalse_WhenValueIsNull" storage="d:\actions-runner\_work\xpco\xpco\sc\components\remoteviewer\smartclient\tst\zsmartclient_unittest\bin\x64\debug\net472\zsmartclient_unittest.dll" id="d59c7867-81fa-72b0-e0e7-f75e74dd41dd">
      <TestCategory>
        <TestCategoryItem TestCategory="GisMap.InteractionStateConverter" />
      </TestCategory>
      <Execution id="de208b4a-e37c-4059-8fb1-9b7258eb038c" />
      <TestMethod codeBase="D:\actions-runner\_work\XPCO\XPCO\SC\Components\RemoteViewer\SmartClient\tst\zSmartClient_UnitTest\bin\x64\Debug\net472\zSmartClient_UnitTest.dll" adapterTypeName="executor://mstestadapter/v2" className="SmartClient_UnitTest.VideoOS.RemoteClient.Plugin.GisMap.View.InteractionStateConverterTests" name="Convert_ShouldReturnFalse_WhenValueIsNull" />
    </UnitTest>
    <UnitTest name="Constructor_ShouldThrowArgumentNullException_WhenServerConfigurationIsNull" storage="d:\actions-runner\_work\xpco\xpco\sc\components\remoteviewer\smartclient\tst\zsmartclient_unittest\bin\x64\debug\net472\zsmartclient_unittest.dll" id="a65d3f02-ca6d-a89f-9465-6c592d8f6d71">
      <Execution id="d16672a7-4437-43b2-bb9e-8b4fb360c799" />
      <TestMethod codeBase="D:\actions-runner\_work\XPCO\XPCO\SC\Components\RemoteViewer\SmartClient\tst\zSmartClient_UnitTest\bin\x64\Debug\net472\zSmartClient_UnitTest.dll" adapterTypeName="executor://mstestadapter/v2" className="SmartClient_UnitTest.VideoOS.RemoteClient.Application.UI.Settings.SettingsDialogViewModelTests" name="Constructor_ShouldThrowArgumentNullException_WhenServerConfigurationIsNull" />
    </UnitTest>
    <UnitTest name="UpdateScope_RelativeScopeDurationToTimeChanged_ReturnsFalse" storage="d:\actions-runner\_work\xpco\xpco\sc\components\remoteviewer\smartclient\tst\zsmartclient_unittest\bin\x64\debug\net472\zsmartclient_unittest.dll" id="d47eb9ec-3b5d-0e31-8fe7-d1a0340bf1c0">
      <TestCategory>
        <TestCategoryItem TestCategory="SearchModels" />
      </TestCategory>
      <Execution id="72e1ac5a-6e26-4ee7-8d8d-d9dd538494ce" />
      <TestMethod codeBase="D:\actions-runner\_work\XPCO\XPCO\SC\Components\RemoteViewer\SmartClient\tst\zSmartClient_UnitTest\bin\x64\Debug\net472\zSmartClient_UnitTest.dll" adapterTypeName="executor://mstestadapter/v2" className="SmartClient_UnitTest.VideoOS.RemoteClient.Plugin.CentralizedSearch.Models.SearchScopeTests" name="UpdateScope_RelativeScopeDurationToTimeChanged_ReturnsFalse" />
    </UnitTest>
    <UnitTest name="CameraMapItem_Select_WithAlarm_Activates_Related" storage="d:\actions-runner\_work\xpco\xpco\sc\components\remoteviewer\smartclient\tst\zsmartclient_unittest\bin\x64\debug\net472\zsmartclient_unittest.dll" id="91442c7a-e900-c7e6-67e7-639e8a44931b">
      <TestCategory>
        <TestCategoryItem TestCategory="GisMapMapItem" />
      </TestCategory>
      <Execution id="eb010870-7192-470a-a5f2-6ab25a712f07" />
      <TestMethod codeBase="D:\actions-runner\_work\XPCO\XPCO\SC\Components\RemoteViewer\SmartClient\tst\zSmartClient_UnitTest\bin\x64\Debug\net472\zSmartClient_UnitTest.dll" adapterTypeName="executor://mstestadapter/v2" className="SmartClient_UnitTest.VideoOS.RemoteClient.GisMap.MapItem.MapItemTests" name="CameraMapItem_Select_WithAlarm_Activates_Related" />
    </UnitTest>
    <UnitTest name="TestImplicitOperator_Position2D_Success" storage="d:\actions-runner\_work\xpco\xpco\sc\components\remoteviewer\smartclient\tst\zsmartclient_unittest\bin\x64\debug\net472\zsmartclient_unittest.dll" id="f27b2734-7e6c-c464-7643-e40625bfd46a">
      <Execution id="a033f537-bbe8-498f-9e30-dceeeb23893f" />
      <TestMethod codeBase="D:\actions-runner\_work\XPCO\XPCO\SC\Components\RemoteViewer\SmartClient\tst\zSmartClient_UnitTest\bin\x64\Debug\net472\zSmartClient_UnitTest.dll" adapterTypeName="executor://mstestadapter/v2" className="SmartClient_UnitTest.VideoOS.RemoteClient.GisMap.Common.MapPoint2DTest" name="TestImplicitOperator_Position2D_Success" />
    </UnitTest>
    <UnitTest name="TestReadXmlCreated" storage="d:\actions-runner\_work\xpco\xpco\sc\components\remoteviewer\smartclient\tst\zsmartclient_unittest\bin\x64\debug\net472\zsmartclient_unittest.dll" id="6847ebb6-e732-c391-be2d-0bdf0abaf563">
      <Execution id="c63de618-b04d-4692-af8d-d4b1171038e7" />
      <TestMethod codeBase="D:\actions-runner\_work\XPCO\XPCO\SC\Components\RemoteViewer\SmartClient\tst\zSmartClient_UnitTest\bin\x64\Debug\net472\zSmartClient_UnitTest.dll" adapterTypeName="executor://mstestadapter/v2" className="SmartClient_UnitTest.VideoOS.RemoteClient.Application.Data.Retrievals.RetrievalMetadataTest" name="TestReadXmlCreated" />
    </UnitTest>
    <UnitTest name="IsCamera_ShouldReturnTrue_WhenSingleCameraGourpSelected" storage="d:\actions-runner\_work\xpco\xpco\sc\components\remoteviewer\smartclient\tst\zsmartclient_unittest\bin\x64\debug\net472\zsmartclient_unittest.dll" id="e8fbfc8d-82fa-6534-4e95-6007f14b30c3">
      <Execution id="86dcc08a-e31f-43bf-95c3-c7540dc0fabc" />
      <TestMethod codeBase="D:\actions-runner\_work\XPCO\XPCO\SC\Components\RemoteViewer\SmartClient\tst\zSmartClient_UnitTest\bin\x64\Debug\net472\zSmartClient_UnitTest.dll" adapterTypeName="executor://mstestadapter/v2" className="SmartClient_UnitTest.VideoOS.RemoteClient.Application.Data.ContentTypes.ReportingContentType.DashboardExtentionsTest" name="IsCamera_ShouldReturnTrue_WhenSingleCameraGourpSelected" />
    </UnitTest>
    <UnitTest name="AddSelectedWindowsToExport_ShouldAddToExportData (0)" storage="d:\actions-runner\_work\xpco\xpco\sc\components\remoteviewer\smartclient\tst\zsmartclient_unittest\bin\x64\debug\net472\zsmartclient_unittest.dll" id="7cca3648-ef13-49f1-5ab9-9d7801242c93">
      <TestCategory>
        <TestCategoryItem TestCategory="Managers" />
      </TestCategory>
      <Execution id="00d6c4cc-d852-4147-89fe-cab55e67962a" />
      <TestMethod codeBase="D:\actions-runner\_work\XPCO\XPCO\SC\Components\RemoteViewer\SmartClient\tst\zSmartClient_UnitTest\bin\x64\Debug\net472\zSmartClient_UnitTest.dll" adapterTypeName="executor://mstestadapter/v2" className="SmartClient_UnitTest.VideoOS.RemoteClient.Application.Managers.ExportManagerTests" name="AddSelectedWindowsToExport_ShouldAddToExportData" />
    </UnitTest>
    <UnitTest name="GetDeactivatedOutputIconId_ShouldReturnValidDeactivatedOutputIconId_WhenValidActivatedOutputIconIdIsProvided" storage="d:\actions-runner\_work\xpco\xpco\sc\components\remoteviewer\smartclient\tst\zsmartclient_unittest\bin\x64\debug\net472\zsmartclient_unittest.dll" id="3cc1b7a3-6a23-5d4a-8d17-b87aa291e5cf">
      <TestCategory>
        <TestCategoryItem TestCategory="GisMapData.OutputOemResourcesProviderTests" />
      </TestCategory>
      <Execution id="84677e8a-9f5f-4a28-81b4-95504ddac004" />
      <TestMethod codeBase="D:\actions-runner\_work\XPCO\XPCO\SC\Components\RemoteViewer\SmartClient\tst\zSmartClient_UnitTest\bin\x64\Debug\net472\zSmartClient_UnitTest.dll" adapterTypeName="executor://mstestadapter/v2" className="SmartClient_UnitTest.VideoOS.RemoteClient.GisMapData.Resources.OutputOemResourcesProviderTests" name="GetDeactivatedOutputIconId_ShouldReturnValidDeactivatedOutputIconId_WhenValidActivatedOutputIconIdIsProvided" />
    </UnitTest>
    <UnitTest name="DisplayErrorOnNotificationArea_NoItemsSupportedSearchError_Success" storage="d:\actions-runner\_work\xpco\xpco\sc\components\remoteviewer\smartclient\tst\zsmartclient_unittest\bin\x64\debug\net472\zsmartclient_unittest.dll" id="5c82a30b-ee73-73a7-ae23-b19a1b7c7820">
      <TestCategory>
        <TestCategoryItem TestCategory="SearchViewModels" />
      </TestCategory>
      <Execution id="9beaa0c7-9b38-4f63-8d06-7f15ad4d6f37" />
      <TestMethod codeBase="D:\actions-runner\_work\XPCO\XPCO\SC\Components\RemoteViewer\SmartClient\tst\zSmartClient_UnitTest\bin\x64\Debug\net472\zSmartClient_UnitTest.dll" adapterTypeName="executor://mstestadapter/v2" className="SmartClient_UnitTest.VideoOS.RemoteClient.Plugin.CentralizedSearch.ViewModels.SearchViewModelTests" name="DisplayErrorOnNotificationArea_NoItemsSupportedSearchError_Success" />
    </UnitTest>
    <UnitTest name="AddSelectedCameras_WithActiveSearchTemplateAndValidCamera_ActiveSearchTemplateModifiedSet" storage="d:\actions-runner\_work\xpco\xpco\sc\components\remoteviewer\smartclient\tst\zsmartclient_unittest\bin\x64\debug\net472\zsmartclient_unittest.dll" id="432a45cf-3feb-7030-7c65-5254973ebb20">
      <TestCategory>
        <TestCategoryItem TestCategory="SearchViewModels" />
      </TestCategory>
      <Execution id="2d0a0053-293a-4a05-8eb9-2cca37322230" />
      <TestMethod codeBase="D:\actions-runner\_work\XPCO\XPCO\SC\Components\RemoteViewer\SmartClient\tst\zSmartClient_UnitTest\bin\x64\Debug\net472\zSmartClient_UnitTest.dll" adapterTypeName="executor://mstestadapter/v2" className="SmartClient_UnitTest.VideoOS.RemoteClient.Plugin.CentralizedSearch.ViewModels.SearchViewModelTests" name="AddSelectedCameras_WithActiveSearchTemplateAndValidCamera_ActiveSearchTemplateModifiedSet" />
    </UnitTest>
    <UnitTest name="ValidateExportLocation_ShouldReturnFailResult_ExportFolderIsIllegal (True,True)" storage="d:\actions-runner\_work\xpco\xpco\sc\components\remoteviewer\smartclient\tst\zsmartclient_unittest\bin\x64\debug\net472\zsmartclient_unittest.dll" id="c31c0655-edc1-f75e-ad95-999fd95393d5">
      <TestCategory>
        <TestCategoryItem TestCategory="Export" />
      </TestCategory>
      <Execution id="26532383-da32-4567-a464-dc16f5680921" />
      <TestMethod codeBase="D:\actions-runner\_work\XPCO\XPCO\SC\Components\RemoteViewer\SmartClient\tst\zSmartClient_UnitTest\bin\x64\Debug\net472\zSmartClient_UnitTest.dll" adapterTypeName="executor://mstestadapter/v2" className="SmartClient_UnitTest.VideoOS.RemoteClient.Plugin.Export.ExportDataValidatorTests" name="ValidateExportLocation_ShouldReturnFailResult_ExportFolderIsIllegal" />
    </UnitTest>
    <UnitTest name="MapOutputIcons_WhenMilestoneOemResource_ShouldReturnTwoIcons" storage="d:\actions-runner\_work\xpco\xpco\sc\components\remoteviewer\smartclient\tst\zsmartclient_unittest\bin\x64\debug\net472\zsmartclient_unittest.dll" id="d2403e41-fe85-53e9-35b9-5ba516826082">
      <Execution id="b60b887b-994c-4286-b2b2-271da2553027" />
      <TestMethod codeBase="D:\actions-runner\_work\XPCO\XPCO\SC\Components\RemoteViewer\SmartClient\tst\zSmartClient_UnitTest\bin\x64\Debug\net472\zSmartClient_UnitTest.dll" adapterTypeName="executor://mstestadapter/v2" className="SmartClient_UnitTest.VideoOS.RemoteClient.Application.Controllers.OemResourceControllerTest" name="MapOutputIcons_WhenMilestoneOemResource_ShouldReturnTwoIcons" />
    </UnitTest>
    <UnitTest name="GetLayerFeatures_ShouldReturnInputLayerFeatures_WhenInputKind" storage="d:\actions-runner\_work\xpco\xpco\sc\components\remoteviewer\smartclient\tst\zsmartclient_unittest\bin\x64\debug\net472\zsmartclient_unittest.dll" id="fde63fcf-969d-dfa6-38ad-696fd5d00bc2">
      <TestCategory>
        <TestCategoryItem TestCategory="GisMapData.Controllers.LayerFeatures" />
      </TestCategory>
      <Execution id="af7fcbd5-4cd6-4087-9f62-efad2eb5f02c" />
      <TestMethod codeBase="D:\actions-runner\_work\XPCO\XPCO\SC\Components\RemoteViewer\SmartClient\tst\zSmartClient_UnitTest\bin\x64\Debug\net472\zSmartClient_UnitTest.dll" adapterTypeName="executor://mstestadapter/v2" className="SmartClient_UnitTest.VideoOS.RemoteClient.GisMapData.Controllers.LayerFeatures.LayerFeaturesControllerTests" name="GetLayerFeatures_ShouldReturnInputLayerFeatures_WhenInputKind" />
    </UnitTest>
    <UnitTest name="SupportsRightClick_ShouldBeTrue_WhenInteractionStateIsNormal" storage="d:\actions-runner\_work\xpco\xpco\sc\components\remoteviewer\smartclient\tst\zsmartclient_unittest\bin\x64\debug\net472\zsmartclient_unittest.dll" id="10dd7bf8-f28a-4f0c-1dc0-23b4c2def703">
      <TestCategory>
        <TestCategoryItem TestCategory="GisMap.OutputMarkerTest" />
      </TestCategory>
      <Execution id="08a79390-d848-4bbd-898e-25deaf48e2bb" />
      <TestMethod codeBase="D:\actions-runner\_work\XPCO\XPCO\SC\Components\RemoteViewer\SmartClient\tst\zSmartClient_UnitTest\bin\x64\Debug\net472\zSmartClient_UnitTest.dll" adapterTypeName="executor://mstestadapter/v2" className="SmartClient_UnitTest.VideoOS.RemoteClient.Plugin.GisMap.ThinkGeoMap.Markers.DeviceMarkers.OutputMarker.OutputMarkerTests" name="SupportsRightClick_ShouldBeTrue_WhenInteractionStateIsNormal" />
    </UnitTest>
    <UnitTest name="AddSelectedWindowsToExport_ShouldShowCorrectToastMessages (5,5,5)" storage="d:\actions-runner\_work\xpco\xpco\sc\components\remoteviewer\smartclient\tst\zsmartclient_unittest\bin\x64\debug\net472\zsmartclient_unittest.dll" id="4a2ca9ff-adc0-1722-277d-f773fee59568">
      <TestCategory>
        <TestCategoryItem TestCategory="Managers" />
      </TestCategory>
      <Execution id="908c292a-2b3a-4a9d-858f-330c1cc114ce" />
      <TestMethod codeBase="D:\actions-runner\_work\XPCO\XPCO\SC\Components\RemoteViewer\SmartClient\tst\zSmartClient_UnitTest\bin\x64\Debug\net472\zSmartClient_UnitTest.dll" adapterTypeName="executor://mstestadapter/v2" className="SmartClient_UnitTest.VideoOS.RemoteClient.Application.Managers.ExportManagerTests" name="AddSelectedWindowsToExport_ShouldShowCorrectToastMessages" />
    </UnitTest>
    <UnitTest name="True" storage="d:\actions-runner\_work\xpco\xpco\sc\components\remoteviewer\smartclient\tst\zsmartclient_unittest\bin\x64\debug\net472\zsmartclient_unittest.dll" id="84b93a3f-06e6-2db5-d48c-76967b5d9e52">
      <TestCategory>
        <TestCategoryItem TestCategory="WorkspaceToolbar" />
      </TestCategory>
      <Execution id="eaafe58c-7a75-42a1-b25b-57295187a29b" />
      <TestMethod codeBase="D:\actions-runner\_work\XPCO\XPCO\SC\Components\RemoteViewer\SmartClient\tst\zSmartClient_UnitTest\bin\x64\Debug\net472\zSmartClient_UnitTest.dll" adapterTypeName="executor://mstestadapter/v2" className="SmartClient_UnitTest.VideoOS.RemoteClient.Application.Data.WorkspaceToolbar.WorkspaceToolbarItemMipPluginTests" name="BindingModelEnabled_Matches_PluginInstanceEnabled" />
    </UnitTest>
    <UnitTest name="PatrollingProfileListViewModel_CanExecuteDeleteProfile_Profile_Selected" storage="d:\actions-runner\_work\xpco\xpco\sc\components\remoteviewer\smartclient\tst\zsmartclient_unittest\bin\x64\debug\net472\zsmartclient_unittest.dll" id="227dae21-47d4-ba20-0c10-f41a6c7e9f9c">
      <Execution id="7af1b7b4-72f2-4f5e-9b9f-c432d561b32a" />
      <TestMethod codeBase="D:\actions-runner\_work\XPCO\XPCO\SC\Components\RemoteViewer\SmartClient\tst\zSmartClient_UnitTest\bin\x64\Debug\net472\zSmartClient_UnitTest.dll" adapterTypeName="executor://mstestadapter/v2" className="SmartClient_UnitTest.VideoOS.RemoteClient.Application.UI.PtzPreset.PatrollingViewModel.PatrollingProfileListViewModelTest" name="PatrollingProfileListViewModel_CanExecuteDeleteProfile_Profile_Selected" />
    </UnitTest>
    <UnitTest name="Ctor_NullControllerManager_Throws" storage="d:\actions-runner\_work\xpco\xpco\sc\components\remoteviewer\smartclient\tst\zsmartclient_unittest\bin\x64\debug\net472\zsmartclient_unittest.dll" id="ae8385af-29cc-f7d5-51ff-84300db47ada">
      <TestCategory>
        <TestCategoryItem TestCategory="Search" />
      </TestCategory>
      <Execution id="60f6ff82-b80d-4daa-ac92-0bc12a865553" />
      <TestMethod codeBase="D:\actions-runner\_work\XPCO\XPCO\SC\Components\RemoteViewer\SmartClient\tst\zSmartClient_UnitTest\bin\x64\Debug\net472\zSmartClient_UnitTest.dll" adapterTypeName="executor://mstestadapter/v2" className="SmartClient_UnitTest.VideoOS.RemoteClient.Plugin.CentralizedSearch.ViewModels.SearchDefinitionViewModelTests" name="Ctor_NullControllerManager_Throws" />
    </UnitTest>
    <UnitTest name="CreateSearchDefinition_MultipleCalls_FactoryInvokedWithUniqueSearchManagers" storage="d:\actions-runner\_work\xpco\xpco\sc\components\remoteviewer\smartclient\tst\zsmartclient_unittest\bin\x64\debug\net472\zsmartclient_unittest.dll" id="9d8dbace-9130-7ffd-4719-3c557ceeb743">
      <TestCategory>
        <TestCategoryItem TestCategory="Search" />
      </TestCategory>
      <Execution id="ab983ceb-22ed-4c7c-a6b9-85f25eb177e4" />
      <TestMethod codeBase="D:\actions-runner\_work\XPCO\XPCO\SC\Components\RemoteViewer\SmartClient\tst\zSmartClient_UnitTest\bin\x64\Debug\net472\zSmartClient_UnitTest.dll" adapterTypeName="executor://mstestadapter/v2" className="SmartClient_UnitTest.VideoOS.RemoteClient.Plugin.CentralizedSearch.MIPPlugin.CompositeSearchAgentTests" name="CreateSearchDefinition_MultipleCalls_FactoryInvokedWithUniqueSearchManagers" />
    </UnitTest>
    <UnitTest name="Decorate_ShouldRaiseArgumentNullException_WhenLayerVisibilityItemDataIsNull" storage="d:\actions-runner\_work\xpco\xpco\sc\components\remoteviewer\smartclient\tst\zsmartclient_unittest\bin\x64\debug\net472\zsmartclient_unittest.dll" id="fd462d91-75b7-b364-0ac2-28f926aa5acd">
      <TestCategory>
        <TestCategoryItem TestCategory="GisMap.LayerVisibilityItemDataChildrenToggleItemDecoratorTests" />
      </TestCategory>
      <Execution id="1535dfcd-335b-439d-9f67-203977f5581d" />
      <TestMethod codeBase="D:\actions-runner\_work\XPCO\XPCO\SC\Components\RemoteViewer\SmartClient\tst\zSmartClient_UnitTest\bin\x64\Debug\net472\zSmartClient_UnitTest.dll" adapterTypeName="executor://mstestadapter/v2" className="SmartClient_UnitTest.VideoOS.RemoteClient.Plugin.GisMap.ViewModels.LayersVisibility.Decorators.LayerVisibilityItemDataChildrenToggleItemDecoratorTests" name="Decorate_ShouldRaiseArgumentNullException_WhenLayerVisibilityItemDataIsNull" />
    </UnitTest>
    <UnitTest name="Convert_ShouldRaiseInvalidCastException_WhenValueIsNotAnInteractionState" storage="d:\actions-runner\_work\xpco\xpco\sc\components\remoteviewer\smartclient\tst\zsmartclient_unittest\bin\x64\debug\net472\zsmartclient_unittest.dll" id="c30ded44-b30e-59c8-d179-eddc682c6ef5">
      <TestCategory>
        <TestCategoryItem TestCategory="GisMap.InteractionStateConverter" />
      </TestCategory>
      <Execution id="35ebe93a-8721-4ae8-9ba8-1996a0fc7314" />
      <TestMethod codeBase="D:\actions-runner\_work\XPCO\XPCO\SC\Components\RemoteViewer\SmartClient\tst\zSmartClient_UnitTest\bin\x64\Debug\net472\zSmartClient_UnitTest.dll" adapterTypeName="executor://mstestadapter/v2" className="SmartClient_UnitTest.VideoOS.RemoteClient.Plugin.GisMap.View.InteractionStateConverterTests" name="Convert_ShouldRaiseInvalidCastException_WhenValueIsNotAnInteractionState" />
    </UnitTest>
    <UnitTest name="FetchDeviceConfiguration_ShouldNotLoadCache_WhenCacheFileIsPresentButFetchTypeIsOnlyServer" storage="d:\actions-runner\_work\xpco\xpco\sc\components\remoteviewer\smartclient\tst\zsmartclient_unittest\bin\x64\debug\net472\zsmartclient_unittest.dll" id="e6a27a32-2825-5e2a-a774-c78b32a20322">
      <Execution id="e5094b75-0910-4b09-8ede-033c4ff26778" />
      <TestMethod codeBase="D:\actions-runner\_work\XPCO\XPCO\SC\Components\RemoteViewer\SmartClient\tst\zSmartClient_UnitTest\bin\x64\Debug\net472\zSmartClient_UnitTest.dll" adapterTypeName="executor://mstestadapter/v2" className="SmartClient_UnitTest.VideoOS.RemoteClient.Application.Controllers.Helpers.DeviceConfigurationFetcherTests" name="FetchDeviceConfiguration_ShouldNotLoadCache_WhenCacheFileIsPresentButFetchTypeIsOnlyServer" />
    </UnitTest>
    <UnitTest name="SearchResultCombineType_ShouldNotStartSearch_WhenValueDoesNotChanges" storage="d:\actions-runner\_work\xpco\xpco\sc\components\remoteviewer\smartclient\tst\zsmartclient_unittest\bin\x64\debug\net472\zsmartclient_unittest.dll" id="1189299d-d6c8-7716-1cc1-5c418c696590">
      <TestCategory>
        <TestCategoryItem TestCategory="SearchViewModels" />
      </TestCategory>
      <Execution id="49ec535f-5cda-402d-a6ce-5d69295951c1" />
      <TestMethod codeBase="D:\actions-runner\_work\XPCO\XPCO\SC\Components\RemoteViewer\SmartClient\tst\zSmartClient_UnitTest\bin\x64\Debug\net472\zSmartClient_UnitTest.dll" adapterTypeName="executor://mstestadapter/v2" className="SmartClient_UnitTest.VideoOS.RemoteClient.Plugin.CentralizedSearch.ViewModels.SearchViewModelTests" name="SearchResultCombineType_ShouldNotStartSearch_WhenValueDoesNotChanges" />
    </UnitTest>
    <UnitTest name="UpdateWorkspaceToolbarItemsState_ShouldUpdateToolbarItemState_WhenWorkspaceStateChanges" storage="d:\actions-runner\_work\xpco\xpco\sc\components\remoteviewer\smartclient\tst\zsmartclient_unittest\bin\x64\debug\net472\zsmartclient_unittest.dll" id="6ce0ebd1-2fbb-36d1-63ea-8fff8a05554e">
      <TestCategory>
        <TestCategoryItem TestCategory="WorkspaceToolbar" />
      </TestCategory>
      <Execution id="949df327-ed18-492b-95ee-e0983c2fbfe5" />
      <TestMethod codeBase="D:\actions-runner\_work\XPCO\XPCO\SC\Components\RemoteViewer\SmartClient\tst\zSmartClient_UnitTest\bin\x64\Debug\net472\zSmartClient_UnitTest.dll" adapterTypeName="executor://mstestadapter/v2" className="SmartClient_UnitTest.VideoOS.RemoteClient.Application.UI.Content.WorkspaceToolbar.MIPWorkspaceToolbarItemManagerTests" name="UpdateWorkspaceToolbarItemsState_ShouldUpdateToolbarItemState_WhenWorkspaceStateChanges" />
    </UnitTest>
    <UnitTest name="GetGuidProviderStrategyByEventServerId_ShouldReturnOneMd5Strategy_WhenEventServerIdIsNonFipsCompliant" storage="d:\actions-runner\_work\xpco\xpco\sc\components\remoteviewer\smartclient\tst\zsmartclient_unittest\bin\x64\debug\net472\zsmartclient_unittest.dll" id="fefc1ca8-7f95-c638-84b7-b1c00b90c427">
      <TestCategory>
        <TestCategoryItem TestCategory="AccessControl.Services" />
      </TestCategory>
      <Execution id="cf0f394f-eb5b-44dc-97c3-d4864265b731" />
      <TestMethod codeBase="D:\actions-runner\_work\XPCO\XPCO\SC\Components\RemoteViewer\SmartClient\tst\zSmartClient_UnitTest\bin\x64\Debug\net472\zSmartClient_UnitTest.dll" adapterTypeName="executor://mstestadapter/v2" className="SmartClient_UnitTest.VideoOS.RemoteClient.AccessControl.Services.AccessControlGuidProviderTests" name="GetGuidProviderStrategyByEventServerId_ShouldReturnOneMd5Strategy_WhenEventServerIdIsNonFipsCompliant" />
    </UnitTest>
    <UnitTest name="GetUserName_ShouldReturnUserNamePartOfNetworkCredentials_WhenNetworkCredentialsContainsAUserName" storage="d:\actions-runner\_work\xpco\xpco\sc\components\remoteviewer\smartclient\tst\zsmartclient_unittest\bin\x64\debug\net472\zsmartclient_unittest.dll" id="c6be3c70-f05e-da41-cdde-2e744b71ec65">
      <TestCategory>
        <TestCategoryItem TestCategory="Authentication.ClientCredentials" />
      </TestCategory>
      <Execution id="62c74595-527e-4039-b16b-474f9f68fef6" />
      <TestMethod codeBase="D:\actions-runner\_work\XPCO\XPCO\SC\Components\RemoteViewer\SmartClient\tst\zSmartClient_UnitTest\bin\x64\Debug\net472\zSmartClient_UnitTest.dll" adapterTypeName="executor://mstestadapter/v2" className="SmartClient_UnitTest.VideoOS.Shared.ServerAPI.ClientCredentialsTest" name="GetUserName_ShouldReturnUserNamePartOfNetworkCredentials_WhenNetworkCredentialsContainsAUserName" />
    </UnitTest>
    <UnitTest name="BookmarkSearchTime_WithSearchStringInDifferentCases_ReturnCorrectBookmarkWithSearchStringInHeader (SeArChStRiNg,True,False,True,True,,,1)" storage="d:\actions-runner\_work\xpco\xpco\sc\components\remoteviewer\smartclient\tst\zsmartclient_unittest\bin\x64\debug\net472\zsmartclient_unittest.dll" id="2a5bdc9b-a4a1-6e5d-d8c0-74a33d9867c4">
      <Execution id="0e9a96e7-019b-4392-83b0-187be5ef0fa7" />
      <TestMethod codeBase="D:\actions-runner\_work\XPCO\XPCO\SC\Components\RemoteViewer\SmartClient\tst\zSmartClient_UnitTest\bin\x64\Debug\net472\zSmartClient_UnitTest.dll" adapterTypeName="executor://mstestadapter/v2" className="SmartClient_UnitTest.VideoOS.RemoteClient.Application.Data.Offline.UnitTest.BookmarkExportReaderTest" name="BookmarkSearchTime_WithSearchStringInDifferentCases_ReturnCorrectBookmarkWithSearchStringInHeader" />
    </UnitTest>
    <UnitTest name="Parse_Success" storage="d:\actions-runner\_work\xpco\xpco\sc\components\remoteviewer\smartclient\tst\zsmartclient_unittest\bin\x64\debug\net472\zsmartclient_unittest.dll" id="56f5cfe7-c187-684a-c730-d4624e106c42">
      <Execution id="1712a22d-1f4e-4420-a501-c3a08f453554" />
      <TestMethod codeBase="D:\actions-runner\_work\XPCO\XPCO\SC\Components\RemoteViewer\SmartClient\tst\zSmartClient_UnitTest\bin\x64\Debug\net472\zSmartClient_UnitTest.dll" adapterTypeName="executor://mstestadapter/v2" className="SmartClient_UnitTest.VideoOS.RemoteClient.Application.PerformanceCounters.ConfigurationTests" name="Parse_Success" />
    </UnitTest>
    <UnitTest name="SearchCriteriaOnChanged_ShouldNotThrow_WhenNoRegionSelectionOrSmartSearchFilterValuesAdded" storage="d:\actions-runner\_work\xpco\xpco\sc\components\remoteviewer\smartclient\tst\zsmartclient_unittest\bin\x64\debug\net472\zsmartclient_unittest.dll" id="63135864-bbed-7d2f-1686-fca6f6a9f030">
      <TestCategory>
        <TestCategoryItem TestCategory="Search.Wrappers" />
      </TestCategory>
      <Execution id="c99ea267-33c6-4537-9e86-f076026877d3" />
      <TestMethod codeBase="D:\actions-runner\_work\XPCO\XPCO\SC\Components\RemoteViewer\SmartClient\tst\zSmartClient_UnitTest\bin\x64\Debug\net472\zSmartClient_UnitTest.dll" adapterTypeName="executor://mstestadapter/v2" className="SmartClient_UnitTest.VideoOS.RemoteClient.Plugin.CentralizedSearch.Models.Wrappers.SearchDefinitionWrapperTests" name="SearchCriteriaOnChanged_ShouldNotThrow_WhenNoRegionSelectionOrSmartSearchFilterValuesAdded" />
    </UnitTest>
    <UnitTest name="AddToExportDevices_ShouldReturnCorrectResult (1,1,0)" storage="d:\actions-runner\_work\xpco\xpco\sc\components\remoteviewer\smartclient\tst\zsmartclient_unittest\bin\x64\debug\net472\zsmartclient_unittest.dll" id="a4ca9f4d-7da9-49ee-3144-e59fceacf949">
      <TestCategory>
        <TestCategoryItem TestCategory="Managers" />
      </TestCategory>
      <Execution id="d2f58eb4-c55c-4219-bc6f-c3fac43951d7" />
      <TestMethod codeBase="D:\actions-runner\_work\XPCO\XPCO\SC\Components\RemoteViewer\SmartClient\tst\zSmartClient_UnitTest\bin\x64\Debug\net472\zSmartClient_UnitTest.dll" adapterTypeName="executor://mstestadapter/v2" className="SmartClient_UnitTest.VideoOS.RemoteClient.Application.Managers.ExportManagerTests" name="AddToExportDevices_ShouldReturnCorrectResult" />
    </UnitTest>
    <UnitTest name="ToSafeName_MultpleUnsafeName_Success" storage="d:\actions-runner\_work\xpco\xpco\sc\components\remoteviewer\smartclient\tst\zsmartclient_unittest\bin\x64\debug\net472\zsmartclient_unittest.dll" id="c0babfb5-0c51-8e86-82e8-b342920c9494">
      <Execution id="3c254aef-40a3-46b6-86fc-c22488a7de18" />
      <TestMethod codeBase="D:\actions-runner\_work\XPCO\XPCO\SC\Components\RemoteViewer\SmartClient\tst\zSmartClient_UnitTest\bin\x64\Debug\net472\zSmartClient_UnitTest.dll" adapterTypeName="executor://mstestadapter/v2" className="SmartClient_UnitTest.VideoOS.RemoteClient.Application.Common.Scripting.ReservedJavascriptKeywordsTests" name="ToSafeName_MultpleUnsafeName_Success" />
    </UnitTest>
    <UnitTest name="Execute_OkCommand_DialogResultReturnsTrue" storage="d:\actions-runner\_work\xpco\xpco\sc\components\remoteviewer\smartclient\tst\zsmartclient_unittest\bin\x64\debug\net472\zsmartclient_unittest.dll" id="c277206d-3ad5-99fa-fd35-5b55265763de">
      <Execution id="f082b3af-9d82-4f06-8ae4-777be54d7228" />
      <TestMethod codeBase="D:\actions-runner\_work\XPCO\XPCO\SC\Components\RemoteViewer\SmartClient\tst\zSmartClient_UnitTest\bin\x64\Debug\net472\zSmartClient_UnitTest.dll" adapterTypeName="executor://mstestadapter/v2" className="SmartClient_UnitTest.VideoOS.RemoteClient.Application.UI.Common.MessageBoxWithList.MessageBoxWithListViewModelTests" name="Execute_OkCommand_DialogResultReturnsTrue" />
    </UnitTest>
    <UnitTest name="Ctor_NullCaption_ThrowsException" storage="d:\actions-runner\_work\xpco\xpco\sc\components\remoteviewer\smartclient\tst\zsmartclient_unittest\bin\x64\debug\net472\zsmartclient_unittest.dll" id="935f9d23-02e5-8e42-a5d2-10f08e3ce4fe">
      <Execution id="5c61c822-2460-45c8-8856-1ddad8b1a993" />
      <TestMethod codeBase="D:\actions-runner\_work\XPCO\XPCO\SC\Components\RemoteViewer\SmartClient\tst\zSmartClient_UnitTest\bin\x64\Debug\net472\zSmartClient_UnitTest.dll" adapterTypeName="executor://mstestadapter/v2" className="SmartClient_UnitTest.VideoOS.RemoteClient.Application.UI.Common.MessageBoxWithList.MessageBoxWithListViewModelTests" name="Ctor_NullCaption_ThrowsException" />
    </UnitTest>
    <UnitTest name="HandleGetDeviceData_ShouldReturnCameraData_WhenCameraKindAndExistingCameraId" storage="d:\actions-runner\_work\xpco\xpco\sc\components\remoteviewer\smartclient\tst\zsmartclient_unittest\bin\x64\debug\net472\zsmartclient_unittest.dll" id="06d7b27d-6e66-2e53-04a1-64a9308dafcb">
      <TestCategory>
        <TestCategoryItem TestCategory="GisMap.Handlers.Devices.MapItems" />
      </TestCategory>
      <Execution id="55fb65d5-4284-4065-8b85-cdd9f764d69b" />
      <TestMethod codeBase="D:\actions-runner\_work\XPCO\XPCO\SC\Components\RemoteViewer\SmartClient\tst\zSmartClient_UnitTest\bin\x64\Debug\net472\zSmartClient_UnitTest.dll" adapterTypeName="executor://mstestadapter/v2" className="SmartClient_UnitTest.VideoOS.RemoteClient.Plugin.GisMap.Handlers.Devices.MapItems.CameraDataHandlerTests" name="HandleGetDeviceData_ShouldReturnCameraData_WhenCameraKindAndExistingCameraId" />
    </UnitTest>
    <UnitTest name="TestUpdateState_3NonCamera" storage="d:\actions-runner\_work\xpco\xpco\sc\components\remoteviewer\smartclient\tst\zsmartclient_unittest\bin\x64\debug\net472\zsmartclient_unittest.dll" id="da571dbb-0f8b-5648-4221-79651d811e25">
      <TestCategory>
        <TestCategoryItem TestCategory="WorkspaceToolbar" />
      </TestCategory>
      <Execution id="402c70ec-fde5-411b-97c9-319d3085b09a" />
      <TestMethod codeBase="D:\actions-runner\_work\XPCO\XPCO\SC\Components\RemoteViewer\SmartClient\tst\zSmartClient_UnitTest\bin\x64\Debug\net472\zSmartClient_UnitTest.dll" adapterTypeName="executor://mstestadapter/v2" className="SmartClient_UnitTest.VideoOS.RemoteClient.Application.Data.WorkspaceToolbar.WorkspaceToolbarItemSmartSearchTests" name="TestUpdateState_3NonCamera" />
    </UnitTest>
    <UnitTest name="Deserialize_MissingItemKind_Error" storage="d:\actions-runner\_work\xpco\xpco\sc\components\remoteviewer\smartclient\tst\zsmartclient_unittest\bin\x64\debug\net472\zsmartclient_unittest.dll" id="60c69ff5-89b2-197d-90c0-5219587cb80d">
      <TestCategory>
        <TestCategoryItem TestCategory="SearchSerialization" />
      </TestCategory>
      <Execution id="d8fdd3bd-e6dd-4ec2-9fdd-bb74291e90c1" />
      <TestMethod codeBase="D:\actions-runner\_work\XPCO\XPCO\SC\Components\RemoteViewer\SmartClient\tst\zSmartClient_UnitTest\bin\x64\Debug\net472\zSmartClient_UnitTest.dll" adapterTypeName="executor://mstestadapter/v2" className="SmartClient_UnitTest.VideoOS.RemoteClient.Plugin.CentralizedSearch.Models.Serialization.SearchSerializerTests" name="Deserialize_MissingItemKind_Error" />
    </UnitTest>
    <UnitTest name="ValidateExportName_ShouldReturnFailResult_InvalidCharactersInExportName (1213?)" storage="d:\actions-runner\_work\xpco\xpco\sc\components\remoteviewer\smartclient\tst\zsmartclient_unittest\bin\x64\debug\net472\zsmartclient_unittest.dll" id="a6efae3b-3424-1b71-e217-c61e2ebc0907">
      <TestCategory>
        <TestCategoryItem TestCategory="Export" />
      </TestCategory>
      <Execution id="0bdc1720-f3e4-452b-a2ab-dd5acf4e9387" />
      <TestMethod codeBase="D:\actions-runner\_work\XPCO\XPCO\SC\Components\RemoteViewer\SmartClient\tst\zSmartClient_UnitTest\bin\x64\Debug\net472\zSmartClient_UnitTest.dll" adapterTypeName="executor://mstestadapter/v2" className="SmartClient_UnitTest.VideoOS.RemoteClient.Plugin.Export.ExportDataValidatorTests" name="ValidateExportName_ShouldReturnFailResult_InvalidCharactersInExportName" />
    </UnitTest>
    <UnitTest name="Tooltip_ShouldShowUnmuteText_WhenMicrophoneIsMutedOnLiveModeAndUserHasListenPermissions" storage="d:\actions-runner\_work\xpco\xpco\sc\components\remoteviewer\smartclient\tst\zsmartclient_unittest\bin\x64\debug\net472\zsmartclient_unittest.dll" id="79e1afa4-43dc-dcc8-f757-ad97cc1a6215">
      <TestCategory>
        <TestCategoryItem TestCategory="GisMap.MicrophoneMarkerTest" />
      </TestCategory>
      <Execution id="3cd4035f-ebab-4b86-a599-bd42a3315983" />
      <TestMethod codeBase="D:\actions-runner\_work\XPCO\XPCO\SC\Components\RemoteViewer\SmartClient\tst\zSmartClient_UnitTest\bin\x64\Debug\net472\zSmartClient_UnitTest.dll" adapterTypeName="executor://mstestadapter/v2" className="SmartClient_UnitTest.VideoOS.RemoteClient.Plugin.GisMap.ThinkGeoMap.Markers.DeviceMarkers.MicrophoneMarker.MicrophoneMarkerTests" name="Tooltip_ShouldShowUnmuteText_WhenMicrophoneIsMutedOnLiveModeAndUserHasListenPermissions" />
    </UnitTest>
    <UnitTest name="GetCredential_ShouldThrowException_WhenUriIsNull" storage="d:\actions-runner\_work\xpco\xpco\sc\components\remoteviewer\smartclient\tst\zsmartclient_unittest\bin\x64\debug\net472\zsmartclient_unittest.dll" id="a86403c6-a793-aab2-0ab7-ce467563d7d6">
      <TestCategory>
        <TestCategoryItem TestCategory="Authentication.ClientCredentials" />
      </TestCategory>
      <Execution id="27ae024c-36ff-4339-8658-e5a85640bb3a" />
      <TestMethod codeBase="D:\actions-runner\_work\XPCO\XPCO\SC\Components\RemoteViewer\SmartClient\tst\zSmartClient_UnitTest\bin\x64\Debug\net472\zSmartClient_UnitTest.dll" adapterTypeName="executor://mstestadapter/v2" className="SmartClient_UnitTest.VideoOS.Shared.ServerAPI.ClientCredentialsTest" name="GetCredential_ShouldThrowException_WhenUriIsNull" />
    </UnitTest>
    <UnitTest name="Compare_NotNullVsNull_LessThan" storage="d:\actions-runner\_work\xpco\xpco\sc\components\remoteviewer\smartclient\tst\zsmartclient_unittest\bin\x64\debug\net472\zsmartclient_unittest.dll" id="42e0893f-9727-8df7-fab4-99edc06f1ca2">
      <TestCategory>
        <TestCategoryItem TestCategory="SearchComparers" />
      </TestCategory>
      <Execution id="bc0a63b2-0a19-45fe-a608-a4a4e5de138e" />
      <TestMethod codeBase="D:\actions-runner\_work\XPCO\XPCO\SC\Components\RemoteViewer\SmartClient\tst\zSmartClient_UnitTest\bin\x64\Debug\net472\zSmartClient_UnitTest.dll" adapterTypeName="executor://mstestadapter/v2" className="SmartClient_UnitTest.VideoOS.RemoteClient.Plugin.CentralizedSearch.Models.Wrappers.Comparers.TriggerTimeComparerTests" name="Compare_NotNullVsNull_LessThan" />
    </UnitTest>
    <UnitTest name="TestSwitchWorkroom_ByWorkSpaceId_Success" storage="d:\actions-runner\_work\xpco\xpco\sc\components\remoteviewer\smartclient\tst\zsmartclient_unittest\bin\x64\debug\net472\zsmartclient_unittest.dll" id="c619b254-8c86-c5cf-c771-3ea358787f56">
      <TestCategory>
        <TestCategoryItem TestCategory="WorkroomController" />
      </TestCategory>
      <Execution id="92a0ce78-6a13-4205-aaa3-bf241521ddb2" />
      <TestMethod codeBase="D:\actions-runner\_work\XPCO\XPCO\SC\Components\RemoteViewer\SmartClient\tst\zSmartClient_UnitTest\bin\x64\Debug\net472\zSmartClient_UnitTest.dll" adapterTypeName="executor://mstestadapter/v2" className="VideoOS.RemoteClient.Application.Controllers.WorkroomController.UnitTest.TabWorkroomControllerTest" name="TestSwitchWorkroom_ByWorkSpaceId_Success" />
    </UnitTest>
    <UnitTest name="PatrollingProfileListViewModel_Constructor_Success" storage="d:\actions-runner\_work\xpco\xpco\sc\components\remoteviewer\smartclient\tst\zsmartclient_unittest\bin\x64\debug\net472\zsmartclient_unittest.dll" id="15dcfbd5-f39d-5642-bf0e-0d9eb38e85f1">
      <Execution id="a6fe1776-ecc1-4f63-9b02-177aa6bb4751" />
      <TestMethod codeBase="D:\actions-runner\_work\XPCO\XPCO\SC\Components\RemoteViewer\SmartClient\tst\zSmartClient_UnitTest\bin\x64\Debug\net472\zSmartClient_UnitTest.dll" adapterTypeName="executor://mstestadapter/v2" className="SmartClient_UnitTest.VideoOS.RemoteClient.Application.UI.PtzPreset.PatrollingViewModel.PatrollingProfileListViewModelTest" name="PatrollingProfileListViewModel_Constructor_Success" />
    </UnitTest>
    <UnitTest name="CanEditRegionSelection_ShouldBeFalse_WhenHelperDoesNotAllowMoreRegionsToBeAdded" storage="d:\actions-runner\_work\xpco\xpco\sc\components\remoteviewer\smartclient\tst\zsmartclient_unittest\bin\x64\debug\net472\zsmartclient_unittest.dll" id="c2441b73-f50b-2134-daff-42ee09341afb">
      <TestCategory>
        <TestCategoryItem TestCategory="Search.Filters.ViewModels" />
      </TestCategory>
      <Execution id="369a4df8-dd3e-466b-a510-ddb0c2fc3b4c" />
      <TestMethod codeBase="D:\actions-runner\_work\XPCO\XPCO\SC\Components\RemoteViewer\SmartClient\tst\zSmartClient_UnitTest\bin\x64\Debug\net472\zSmartClient_UnitTest.dll" adapterTypeName="executor://mstestadapter/v2" className="SmartClient_UnitTest.VideoOS.RemoteClient.Plugin.CentralizedSearch.MIPPlugin.Criteria.ViewModels.RegionSelectionAttributeEditControlViewModelTests" name="CanEditRegionSelection_ShouldBeFalse_WhenHelperDoesNotAllowMoreRegionsToBeAdded" />
    </UnitTest>
    <UnitTest name="IsMicrophoneUnmuted_ShouldBeTrue_WhenMicrophoneIsUnmuted" storage="d:\actions-runner\_work\xpco\xpco\sc\components\remoteviewer\smartclient\tst\zsmartclient_unittest\bin\x64\debug\net472\zsmartclient_unittest.dll" id="3898ccc9-d005-6a67-598e-bc078f848ef1">
      <TestCategory>
        <TestCategoryItem TestCategory="GisMapData.MapLayers" />
      </TestCategory>
      <Execution id="d50e8f65-b96a-451c-99b9-614ff2e0a27c" />
      <TestMethod codeBase="D:\actions-runner\_work\XPCO\XPCO\SC\Components\RemoteViewer\SmartClient\tst\zSmartClient_UnitTest\bin\x64\Debug\net472\zSmartClient_UnitTest.dll" adapterTypeName="executor://mstestadapter/v2" className="SmartClient_UnitTest.VideoOS.RemoteClient.GisMapData.MapLayers.MicrophoneItemsMapLayerTests" name="IsMicrophoneUnmuted_ShouldBeTrue_WhenMicrophoneIsUnmuted" />
    </UnitTest>
    <UnitTest name="TestLoad_Success" storage="d:\actions-runner\_work\xpco\xpco\sc\components\remoteviewer\smartclient\tst\zsmartclient_unittest\bin\x64\debug\net472\zsmartclient_unittest.dll" id="8f753e63-32d9-0333-cd9b-b93644536674">
      <TestCategory>
        <TestCategoryItem TestCategory="GisMapBuilding" />
      </TestCategory>
      <Execution id="d62f6a89-edc4-41a4-bf98-498e62da3e94" />
      <TestMethod codeBase="D:\actions-runner\_work\XPCO\XPCO\SC\Components\RemoteViewer\SmartClient\tst\zSmartClient_UnitTest\bin\x64\Debug\net472\zSmartClient_UnitTest.dll" adapterTypeName="executor://mstestadapter/v2" className="SmartClient_UnitTest.VideoOS.RemoteClient.GisMapData.MapBuildings.MapLevelTests" name="TestLoad_Success" />
    </UnitTest>
    <UnitTest name="FindSearchTemplatesAsync_ValidParameters_Success" storage="d:\actions-runner\_work\xpco\xpco\sc\components\remoteviewer\smartclient\tst\zsmartclient_unittest\bin\x64\debug\net472\zsmartclient_unittest.dll" id="4556e3ff-7a50-1b95-c5b1-f10c7d15ff66">
      <TestCategory>
        <TestCategoryItem TestCategory="SearchTemplatesService" />
      </TestCategory>
      <Execution id="fc57b74b-f5b6-4bac-813d-bd6b7b81e6d3" />
      <TestMethod codeBase="D:\actions-runner\_work\XPCO\XPCO\SC\Components\RemoteViewer\SmartClient\tst\zSmartClient_UnitTest\bin\x64\Debug\net472\zSmartClient_UnitTest.dll" adapterTypeName="executor://mstestadapter/v2" className="SmartClient_UnitTest.VideoOS.RemoteClient.Plugin.CentralizedSearch.SearchTemplates.Service.SearchTemplateServiceTests" name="FindSearchTemplatesAsync_ValidParameters_Success" />
    </UnitTest>
    <UnitTest name="IconValueConverter_ConvertInvalidIconSourceFallback_Success" storage="d:\actions-runner\_work\xpco\xpco\sc\components\remoteviewer\smartclient\tst\zsmartclient_unittest\bin\x64\debug\net472\zsmartclient_unittest.dll" id="9245a3fe-e6e8-4a14-f7b3-94227339454e">
      <TestCategory>
        <TestCategoryItem TestCategory="SearchConverter" />
      </TestCategory>
      <Execution id="dd6ff461-3179-4f10-bc9f-4e5a6614d079" />
      <TestMethod codeBase="D:\actions-runner\_work\XPCO\XPCO\SC\Components\RemoteViewer\SmartClient\tst\zSmartClient_UnitTest\bin\x64\Debug\net472\zSmartClient_UnitTest.dll" adapterTypeName="executor://mstestadapter/v2" className="SmartClient_UnitTest.VideoOS.RemoteClient.Plugin.CentralizedSearch.Views.Converters.IconValueConverterTests" name="IconValueConverter_ConvertInvalidIconSourceFallback_Success" />
    </UnitTest>
    <UnitTest name="OnLayersRetrieved_ShouldSetComponentsOrdered_WhenLayersCollectionContainsCamera" storage="d:\actions-runner\_work\xpco\xpco\sc\components\remoteviewer\smartclient\tst\zsmartclient_unittest\bin\x64\debug\net472\zsmartclient_unittest.dll" id="d9d0601b-6afc-d56b-58cd-43bff45267f6">
      <TestCategory>
        <TestCategoryItem TestCategory="GisMap.DeviceSelectorWindowViewModel" />
      </TestCategory>
      <Execution id="08261d33-48a5-4509-90de-97c564d125a3" />
      <TestMethod codeBase="D:\actions-runner\_work\XPCO\XPCO\SC\Components\RemoteViewer\SmartClient\tst\zSmartClient_UnitTest\bin\x64\Debug\net472\zSmartClient_UnitTest.dll" adapterTypeName="executor://mstestadapter/v2" className="SmartClient_UnitTest.VideoOS.RemoteClient.Plugin.GisMap.ViewModels.DeviceSelectorWindowViewModelTests" name="OnLayersRetrieved_ShouldSetComponentsOrdered_WhenLayersCollectionContainsCamera" />
    </UnitTest>
    <UnitTest name="Dispose_ShouldSetGisMapViewModelToNull_WhenCalled" storage="d:\actions-runner\_work\xpco\xpco\sc\components\remoteviewer\smartclient\tst\zsmartclient_unittest\bin\x64\debug\net472\zsmartclient_unittest.dll" id="cdf55ccf-9363-1335-a916-7ffe8ada8675">
      <TestCategory>
        <TestCategoryItem TestCategory="GisMap.LayerVisibilityViewModelTests" />
      </TestCategory>
      <Execution id="794b6b00-4fec-49b8-8a33-5ed86fe4e87d" />
      <TestMethod codeBase="D:\actions-runner\_work\XPCO\XPCO\SC\Components\RemoteViewer\SmartClient\tst\zSmartClient_UnitTest\bin\x64\Debug\net472\zSmartClient_UnitTest.dll" adapterTypeName="executor://mstestadapter/v2" className="SmartClient_UnitTest.VideoOS.RemoteClient.Plugin.GisMap.ViewModels.LayerVisibilityViewModelTests" name="Dispose_ShouldSetGisMapViewModelToNull_WhenCalled" />
    </UnitTest>
    <UnitTest name="DrawCore_ShouldUseCachedMarkers_WhenRedrawSameData" storage="d:\actions-runner\_work\xpco\xpco\sc\components\remoteviewer\smartclient\tst\zsmartclient_unittest\bin\x64\debug\net472\zsmartclient_unittest.dll" id="c3862469-efa6-2b47-619c-2ccf15cc9a36">
      <TestCategory>
        <TestCategoryItem TestCategory="SmartMap.MapItemsOverlay" />
      </TestCategory>
      <Execution id="bbd2d940-115f-424e-9260-285602fd549c" />
      <TestMethod codeBase="D:\actions-runner\_work\XPCO\XPCO\SC\Components\RemoteViewer\SmartClient\tst\zSmartClient_UnitTest\bin\x64\Debug\net472\zSmartClient_UnitTest.dll" adapterTypeName="executor://mstestadapter/v2" className="SmartClient_UnitTest.VideoOS.RemoteClient.Plugin.GisMap.ThinkGeoMap.SpecializedOverlays.Overlays.MapItemsOverlayTests" name="DrawCore_ShouldUseCachedMarkers_WhenRedrawSameData" />
    </UnitTest>
    <UnitTest name="GetLayerFeatures_ShouldReturnMicrophoneLayerFeaturesBasedOnMicrophoneItemsMapLayer_WhenMicrophoneKind" storage="d:\actions-runner\_work\xpco\xpco\sc\components\remoteviewer\smartclient\tst\zsmartclient_unittest\bin\x64\debug\net472\zsmartclient_unittest.dll" id="616c12d5-722e-e683-3114-c8a71232eef2">
      <TestCategory>
        <TestCategoryItem TestCategory="GisMapData.Controllers.LayerFeatures" />
      </TestCategory>
      <Execution id="b4bc0dfa-592d-4e30-88e7-85004ee6e6a4" />
      <TestMethod codeBase="D:\actions-runner\_work\XPCO\XPCO\SC\Components\RemoteViewer\SmartClient\tst\zSmartClient_UnitTest\bin\x64\Debug\net472\zSmartClient_UnitTest.dll" adapterTypeName="executor://mstestadapter/v2" className="SmartClient_UnitTest.VideoOS.RemoteClient.GisMapData.Controllers.LayerFeatures.LayerFeaturesControllerTests" name="GetLayerFeatures_ShouldReturnMicrophoneLayerFeaturesBasedOnMicrophoneItemsMapLayer_WhenMicrophoneKind" />
    </UnitTest>
    <UnitTest name="MapLayerType_ShouldBeCameraItemsMapLayer_WhenCalled" storage="d:\actions-runner\_work\xpco\xpco\sc\components\remoteviewer\smartclient\tst\zsmartclient_unittest\bin\x64\debug\net472\zsmartclient_unittest.dll" id="c6bb27a1-5619-6a1e-cb9a-a062fa5050e7">
      <Execution id="ce004c9e-419f-4a34-802e-05f10eaf0073" />
      <TestMethod codeBase="D:\actions-runner\_work\XPCO\XPCO\SC\Components\RemoteViewer\SmartClient\tst\zSmartClient_UnitTest\bin\x64\Debug\net472\zSmartClient_UnitTest.dll" adapterTypeName="executor://mstestadapter/v2" className="SmartClient_UnitTest.VideoOS.RemoteClient.GisMapData.Strategies.MapLayers.CameraMapLayerDatagramClassFactoryStrategyTests" name="MapLayerType_ShouldBeCameraItemsMapLayer_WhenCalled" />
    </UnitTest>
    <UnitTest name="OpenStreetMapLayerIsDisabled_ShouldReturnTrue_WhenOpenStreetMapGeographicLayerOptionIsNotAvailableAndOpenStreetMapAlternativeServerIsEmpty" storage="d:\actions-runner\_work\xpco\xpco\sc\components\remoteviewer\smartclient\tst\zsmartclient_unittest\bin\x64\debug\net472\zsmartclient_unittest.dll" id="a11326b9-3454-b2a2-061f-4440307800dc">
      <TestCategory>
        <TestCategoryItem TestCategory="GisMapLayer" />
      </TestCategory>
      <Execution id="0bdfe96e-7300-4309-9bf6-2b2536c8313b" />
      <TestMethod codeBase="D:\actions-runner\_work\XPCO\XPCO\SC\Components\RemoteViewer\SmartClient\tst\zSmartClient_UnitTest\bin\x64\Debug\net472\zSmartClient_UnitTest.dll" adapterTypeName="executor://mstestadapter/v2" className="SmartClient_UnitTest.VideoOS.RemoteClient.GisMap.MapLayers.GisMapLayerTests" name="OpenStreetMapLayerIsDisabled_ShouldReturnTrue_WhenOpenStreetMapGeographicLayerOptionIsNotAvailableAndOpenStreetMapAlternativeServerIsEmpty" />
    </UnitTest>
    <UnitTest name="Connect_WhenCredentialsIsNull_ShouldThrowException" storage="d:\actions-runner\_work\xpco\xpco\sc\components\remoteviewer\smartclient\tst\zsmartclient_unittest\bin\x64\debug\net472\zsmartclient_unittest.dll" id="a3df582b-9242-8550-dbc2-e8cf5432b6b2">
      <Execution id="6c17bbd9-b1b8-4831-a123-8fa984c21e74" />
      <TestMethod codeBase="D:\actions-runner\_work\XPCO\XPCO\SC\Components\RemoteViewer\SmartClient\tst\zSmartClient_UnitTest\bin\x64\Debug\net472\zSmartClient_UnitTest.dll" adapterTypeName="executor://mstestadapter/v2" className="VideoOS.Shared.ServerAPI.ServiceChannel.UnitTest.ServiceChannelCommandServiceTests" name="Connect_WhenCredentialsIsNull_ShouldThrowException" />
    </UnitTest>
    <UnitTest name="BookmarkSearchTime_WithSearchStringInDifferentCases_ReturnCorrectBookmarkWithSearchStringInDescription (wrong,False,True,False,False,,SeArChStRiNg,0)" storage="d:\actions-runner\_work\xpco\xpco\sc\components\remoteviewer\smartclient\tst\zsmartclient_unittest\bin\x64\debug\net472\zsmartclient_unittest.dll" id="1fa1b181-5d22-26ea-7e52-cb77efe3c864">
      <Execution id="6fe5c27b-54c8-4d15-b2d7-62caf1ac1a2b" />
      <TestMethod codeBase="D:\actions-runner\_work\XPCO\XPCO\SC\Components\RemoteViewer\SmartClient\tst\zSmartClient_UnitTest\bin\x64\Debug\net472\zSmartClient_UnitTest.dll" adapterTypeName="executor://mstestadapter/v2" className="SmartClient_UnitTest.VideoOS.RemoteClient.Application.Data.Offline.UnitTest.BookmarkExportReaderTest" name="BookmarkSearchTime_WithSearchStringInDifferentCases_ReturnCorrectBookmarkWithSearchStringInDescription" />
    </UnitTest>
    <UnitTest name="PatrollingProfileViewModelTest_CreatePatrollingProfileViewModel_Success" storage="d:\actions-runner\_work\xpco\xpco\sc\components\remoteviewer\smartclient\tst\zsmartclient_unittest\bin\x64\debug\net472\zsmartclient_unittest.dll" id="7487436c-f2c5-4df4-5b49-6474bc347b87">
      <Execution id="80ec2c78-553d-4652-b9d0-aaa98c24ec9a" />
      <TestMethod codeBase="D:\actions-runner\_work\XPCO\XPCO\SC\Components\RemoteViewer\SmartClient\tst\zSmartClient_UnitTest\bin\x64\Debug\net472\zSmartClient_UnitTest.dll" adapterTypeName="executor://mstestadapter/v2" className="SmartClient_UnitTest.VideoOS.RemoteClient.Application.UI.PtzPreset.PatrollingViewModel.PatrollingProfileViewModelTest" name="PatrollingProfileViewModelTest_CreatePatrollingProfileViewModel_Success" />
    </UnitTest>
    <UnitTest name="Tooltip_ShouldShowMuteText_WhenMicrophoneIsUnmutedOnLiveModeAndUserHasListenPermissions" storage="d:\actions-runner\_work\xpco\xpco\sc\components\remoteviewer\smartclient\tst\zsmartclient_unittest\bin\x64\debug\net472\zsmartclient_unittest.dll" id="6a8a8393-b45c-5684-e668-393262a5478a">
      <TestCategory>
        <TestCategoryItem TestCategory="GisMap.MicrophoneMarkerTest" />
      </TestCategory>
      <Execution id="ca7042b1-f22f-445c-9955-bbc6fbd0f655" />
      <TestMethod codeBase="D:\actions-runner\_work\XPCO\XPCO\SC\Components\RemoteViewer\SmartClient\tst\zSmartClient_UnitTest\bin\x64\Debug\net472\zSmartClient_UnitTest.dll" adapterTypeName="executor://mstestadapter/v2" className="SmartClient_UnitTest.VideoOS.RemoteClient.Plugin.GisMap.ThinkGeoMap.Markers.DeviceMarkers.MicrophoneMarker.MicrophoneMarkerTests" name="Tooltip_ShouldShowMuteText_WhenMicrophoneIsUnmutedOnLiveModeAndUserHasListenPermissions" />
    </UnitTest>
    <UnitTest name="Constructor1_ShouldNotAllowInjectionOfNulls" storage="d:\actions-runner\_work\xpco\xpco\sc\components\remoteviewer\smartclient\tst\zsmartclient_unittest\bin\x64\debug\net472\zsmartclient_unittest.dll" id="7e5f1658-9579-80ac-0889-217afa2e8ebf">
      <Execution id="d65b81ed-e09a-4c10-98b7-48b9e48b469c" />
      <TestMethod codeBase="D:\actions-runner\_work\XPCO\XPCO\SC\Components\RemoteViewer\SmartClient\tst\zSmartClient_UnitTest\bin\x64\Debug\net472\zSmartClient_UnitTest.dll" adapterTypeName="executor://mstestadapter/v2" className="SmartClient_UnitTest.VideoOS.RemoteClient.Plugin.Export.PasswordDialogViewModelTests" name="Constructor1_ShouldNotAllowInjectionOfNulls" />
    </UnitTest>
    <UnitTest name="BuildSessionStarted_ShouldReturnCorrectValues" storage="d:\actions-runner\_work\xpco\xpco\sc\components\remoteviewer\smartclient\tst\zsmartclient_unittest\bin\x64\debug\net472\zsmartclient_unittest.dll" id="790684f3-79cb-8225-0da5-fcb35e52e25a">
      <Execution id="2bcc8478-a77c-4d9b-9452-4e45a4f22fde" />
      <TestMethod codeBase="D:\actions-runner\_work\XPCO\XPCO\SC\Components\RemoteViewer\SmartClient\tst\zSmartClient_UnitTest\bin\x64\Debug\net472\zSmartClient_UnitTest.dll" adapterTypeName="executor://mstestadapter/v2" className="SmartClient_UnitTest.VideoOS.RemoteClient.Application.Common.Telemetry.TelemetryBuilderTests" name="BuildSessionStarted_ShouldReturnCorrectValues" />
    </UnitTest>
    <UnitTest name="GetKey_ShouldReturnValidConnectionString" storage="d:\actions-runner\_work\xpco\xpco\sc\components\remoteviewer\smartclient\tst\zsmartclient_unittest\bin\x64\debug\net472\zsmartclient_unittest.dll" id="89633d51-0a7e-1e94-929d-ec9b25c6de3a">
      <Execution id="7f7d0bf2-ecc7-4316-9ae6-c54dd592f282" />
      <TestMethod codeBase="D:\actions-runner\_work\XPCO\XPCO\SC\Components\RemoteViewer\SmartClient\tst\zSmartClient_UnitTest\bin\x64\Debug\net472\zSmartClient_UnitTest.dll" adapterTypeName="executor://mstestadapter/v2" className="SmartClient_UnitTest.VideoOS.RemoteClient.Application.Common.Telemetry.TelemetryKeyProviderTests" name="GetKey_ShouldReturnValidConnectionString" />
    </UnitTest>
    <UnitTest name="Decorate_ShouldAddChildrenWithProperName_WhenThereAreLayersWithItemsImplementingITitleToggleable" storage="d:\actions-runner\_work\xpco\xpco\sc\components\remoteviewer\smartclient\tst\zsmartclient_unittest\bin\x64\debug\net472\zsmartclient_unittest.dll" id="a5f3c4e3-2515-5b34-ca88-e1bb40637adf">
      <TestCategory>
        <TestCategoryItem TestCategory="GisMap.LayerVisibilityItemDataChildrenToggleItemDecoratorTests" />
      </TestCategory>
      <Execution id="9f070c8a-4bde-4a51-800f-3f522e59849b" />
      <TestMethod codeBase="D:\actions-runner\_work\XPCO\XPCO\SC\Components\RemoteViewer\SmartClient\tst\zSmartClient_UnitTest\bin\x64\Debug\net472\zSmartClient_UnitTest.dll" adapterTypeName="executor://mstestadapter/v2" className="SmartClient_UnitTest.VideoOS.RemoteClient.Plugin.GisMap.ViewModels.LayersVisibility.Decorators.LayerVisibilityItemDataChildrenToggleItemDecoratorTests" name="Decorate_ShouldAddChildrenWithProperName_WhenThereAreLayersWithItemsImplementingITitleToggleable" />
    </UnitTest>
    <UnitTest name="GetMapLayerArguments_ShouldReturnIGisMapModel_WhenCalled" storage="d:\actions-runner\_work\xpco\xpco\sc\components\remoteviewer\smartclient\tst\zsmartclient_unittest\bin\x64\debug\net472\zsmartclient_unittest.dll" id="654dfcc7-b76a-e7bb-4995-363927b604e0">
      <Execution id="5d9dd153-d4e9-4ff4-91f5-5d6938eee7bb" />
      <TestMethod codeBase="D:\actions-runner\_work\XPCO\XPCO\SC\Components\RemoteViewer\SmartClient\tst\zSmartClient_UnitTest\bin\x64\Debug\net472\zSmartClient_UnitTest.dll" adapterTypeName="executor://mstestadapter/v2" className="SmartClient_UnitTest.VideoOS.RemoteClient.GisMapData.Strategies.MapLayers.ViewZoneItemsMapLayerDatagramClassFactoryStrategyTests" name="GetMapLayerArguments_ShouldReturnIGisMapModel_WhenCalled" />
    </UnitTest>
    <UnitTest name="CreateDefinition_TwoFiltersInCategory_TwoFilterValuesAddedToSearchCriteria" storage="d:\actions-runner\_work\xpco\xpco\sc\components\remoteviewer\smartclient\tst\zsmartclient_unittest\bin\x64\debug\net472\zsmartclient_unittest.dll" id="5837e4ca-1cc6-6c6e-80e5-27206d993c91">
      <TestCategory>
        <TestCategoryItem TestCategory="SearchModels" />
      </TestCategory>
      <Execution id="9b2765cb-0e9e-45e6-ae3f-b59822261089" />
      <TestMethod codeBase="D:\actions-runner\_work\XPCO\XPCO\SC\Components\RemoteViewer\SmartClient\tst\zSmartClient_UnitTest\bin\x64\Debug\net472\zSmartClient_UnitTest.dll" adapterTypeName="executor://mstestadapter/v2" className="SmartClient_UnitTest.VideoOS.RemoteClient.Plugin.CentralizedSearch.Models.SearchModelTests" name="CreateDefinition_TwoFiltersInCategory_TwoFilterValuesAddedToSearchCriteria" />
    </UnitTest>
    <UnitTest name="SelectedSearchResultsChanged_InitiallyNotVisible_BecomesVisible" storage="d:\actions-runner\_work\xpco\xpco\sc\components\remoteviewer\smartclient\tst\zsmartclient_unittest\bin\x64\debug\net472\zsmartclient_unittest.dll" id="f31307eb-7ac9-c75e-b886-051d44063f63">
      <TestCategory>
        <TestCategoryItem TestCategory="SearchResultActionBarViewModel" />
      </TestCategory>
      <Execution id="1d17b818-4de3-45ac-a073-c6b24ce19ff9" />
      <TestMethod codeBase="D:\actions-runner\_work\XPCO\XPCO\SC\Components\RemoteViewer\SmartClient\tst\zSmartClient_UnitTest\bin\x64\Debug\net472\zSmartClient_UnitTest.dll" adapterTypeName="executor://mstestadapter/v2" className="SmartClient_UnitTest.VideoOS.RemoteClient.Plugin.CentralizedSearch.ViewModels.SearchResultsActionBarViewModelTest" name="SelectedSearchResultsChanged_InitiallyNotVisible_BecomesVisible" />
    </UnitTest>
    <UnitTest name="AddToExportDevices_ShouldAddToExportData (5)" storage="d:\actions-runner\_work\xpco\xpco\sc\components\remoteviewer\smartclient\tst\zsmartclient_unittest\bin\x64\debug\net472\zsmartclient_unittest.dll" id="c435aae9-5b22-bdd0-e52d-6186cac6a468">
      <TestCategory>
        <TestCategoryItem TestCategory="Managers" />
      </TestCategory>
      <Execution id="e16aa981-c118-48a1-ae2b-3835c428fa2a" />
      <TestMethod codeBase="D:\actions-runner\_work\XPCO\XPCO\SC\Components\RemoteViewer\SmartClient\tst\zSmartClient_UnitTest\bin\x64\Debug\net472\zSmartClient_UnitTest.dll" adapterTypeName="executor://mstestadapter/v2" className="SmartClient_UnitTest.VideoOS.RemoteClient.Application.Managers.ExportManagerTests" name="AddToExportDevices_ShouldAddToExportData" />
    </UnitTest>
    <UnitTest name="FindSearchTemplatesAsync_ThrowException_Success" storage="d:\actions-runner\_work\xpco\xpco\sc\components\remoteviewer\smartclient\tst\zsmartclient_unittest\bin\x64\debug\net472\zsmartclient_unittest.dll" id="fd7a9f23-20c6-7435-b6cf-fa7d550f66d0">
      <TestCategory>
        <TestCategoryItem TestCategory="SearchTemplatesService" />
      </TestCategory>
      <Execution id="8d566b76-2fbc-4d69-8146-74c79389f2c8" />
      <TestMethod codeBase="D:\actions-runner\_work\XPCO\XPCO\SC\Components\RemoteViewer\SmartClient\tst\zSmartClient_UnitTest\bin\x64\Debug\net472\zSmartClient_UnitTest.dll" adapterTypeName="executor://mstestadapter/v2" className="SmartClient_UnitTest.VideoOS.RemoteClient.Plugin.CentralizedSearch.SearchTemplates.Service.SearchTemplateServiceTests" name="FindSearchTemplatesAsync_ThrowException_Success" />
    </UnitTest>
    <UnitTest name="BookmarkSearchTime_WithSearchStringInDifferentCases_ReturnCorrectBookmarkWithSearchStringInHeader (SeArChStRiNg,True,True,True,True,,,1)" storage="d:\actions-runner\_work\xpco\xpco\sc\components\remoteviewer\smartclient\tst\zsmartclient_unittest\bin\x64\debug\net472\zsmartclient_unittest.dll" id="5764435e-95eb-e757-9f1b-c59c8d326b1c">
      <Execution id="78a3ee77-d46a-4376-811d-ba9d570fae1d" />
      <TestMethod codeBase="D:\actions-runner\_work\XPCO\XPCO\SC\Components\RemoteViewer\SmartClient\tst\zSmartClient_UnitTest\bin\x64\Debug\net472\zSmartClient_UnitTest.dll" adapterTypeName="executor://mstestadapter/v2" className="SmartClient_UnitTest.VideoOS.RemoteClient.Application.Data.Offline.UnitTest.BookmarkExportReaderTest" name="BookmarkSearchTime_WithSearchStringInDifferentCases_ReturnCorrectBookmarkWithSearchStringInHeader" />
    </UnitTest>
    <UnitTest name="ViewsAreSortedCorrectly" storage="d:\actions-runner\_work\xpco\xpco\sc\components\remoteviewer\smartclient\tst\zsmartclient_unittest\bin\x64\debug\net472\zsmartclient_unittest.dll" id="9f58f9ac-c237-b302-81b2-6eb6c67dcabf">
      <Execution id="c3aa3cf2-39ba-4e80-9ec2-70fe7e75b501" />
      <TestMethod codeBase="D:\actions-runner\_work\XPCO\XPCO\SC\Components\RemoteViewer\SmartClient\tst\zSmartClient_UnitTest\bin\x64\Debug\net472\zSmartClient_UnitTest.dll" adapterTypeName="executor://mstestadapter/v2" className="SmartClient_UnitTest.VideoOS.RemoteClient.Application.UI.Common.ViewTree.SortingTests" name="ViewsAreSortedCorrectly" />
    </UnitTest>
    <UnitTest name="EndTime_ShouldBeSetToValueOfSearchResult" storage="d:\actions-runner\_work\xpco\xpco\sc\components\remoteviewer\smartclient\tst\zsmartclient_unittest\bin\x64\debug\net472\zsmartclient_unittest.dll" id="65ef895f-879d-2d2d-7aa0-966d606f5376">
      <TestCategory>
        <TestCategoryItem TestCategory="Search.Wrappers" />
      </TestCategory>
      <Execution id="8ece4c09-aaa2-472a-bd54-31d359fa0f6a" />
      <TestMethod codeBase="D:\actions-runner\_work\XPCO\XPCO\SC\Components\RemoteViewer\SmartClient\tst\zSmartClient_UnitTest\bin\x64\Debug\net472\zSmartClient_UnitTest.dll" adapterTypeName="executor://mstestadapter/v2" className="SmartClient_UnitTest.VideoOS.RemoteClient.Plugin.CentralizedSearch.Models.Wrappers.SearchResultDataWrapperTests" name="EndTime_ShouldBeSetToValueOfSearchResult" />
    </UnitTest>
    <UnitTest name="SupportsDoubleClick_ShouldBeFalse_WhenInteractionStateIsNotNormalAndNotInSetupMode" storage="d:\actions-runner\_work\xpco\xpco\sc\components\remoteviewer\smartclient\tst\zsmartclient_unittest\bin\x64\debug\net472\zsmartclient_unittest.dll" id="63448ae4-3822-6161-d46b-a6dd1dfe44fd">
      <TestCategory>
        <TestCategoryItem TestCategory="GisMap.LocationMarker" />
      </TestCategory>
      <Execution id="5a44753c-39dc-44f0-916a-0e00fc1ff57d" />
      <TestMethod codeBase="D:\actions-runner\_work\XPCO\XPCO\SC\Components\RemoteViewer\SmartClient\tst\zSmartClient_UnitTest\bin\x64\Debug\net472\zSmartClient_UnitTest.dll" adapterTypeName="executor://mstestadapter/v2" className="SmartClient_UnitTest.VideoOS.RemoteClient.Plugin.GisMap.ThinkGeoMap.Markers.LocationMarker.LocationMarkerTests" name="SupportsDoubleClick_ShouldBeFalse_WhenInteractionStateIsNotNormalAndNotInSetupMode" />
    </UnitTest>
    <UnitTest name="ConvertToNewLevel_OneLevelDown_Success" storage="d:\actions-runner\_work\xpco\xpco\sc\components\remoteviewer\smartclient\tst\zsmartclient_unittest\bin\x64\debug\net472\zsmartclient_unittest.dll" id="1947d432-ac4e-8ff4-6a61-109d18cd0bdb">
      <TestCategory>
        <TestCategoryItem TestCategory="GisMapIndex" />
      </TestCategory>
      <Execution id="db5167e3-d5a0-421f-95d8-3c37571c0531" />
      <TestMethod codeBase="D:\actions-runner\_work\XPCO\XPCO\SC\Components\RemoteViewer\SmartClient\tst\zSmartClient_UnitTest\bin\x64\Debug\net472\zSmartClient_UnitTest.dll" adapterTypeName="executor://mstestadapter/v2" className="SmartClient_UnitTest.VideoOS.RemoteClient.GisMapData.Common.Indexer.IndexGridExtentTest" name="ConvertToNewLevel_OneLevelDown_Success" />
    </UnitTest>
    <UnitTest name="AddSelectedCameras_TooManyCameras_ValidateAllOptionCentralizedSearchMaxDeviceCountValues" storage="d:\actions-runner\_work\xpco\xpco\sc\components\remoteviewer\smartclient\tst\zsmartclient_unittest\bin\x64\debug\net472\zsmartclient_unittest.dll" id="90e28b3e-a0b2-cd0c-c5a2-021ebe10799d">
      <TestCategory>
        <TestCategoryItem TestCategory="SearchViewModels" />
      </TestCategory>
      <Execution id="ef37341c-003e-427e-bd22-0bff2ac7710d" />
      <TestMethod codeBase="D:\actions-runner\_work\XPCO\XPCO\SC\Components\RemoteViewer\SmartClient\tst\zSmartClient_UnitTest\bin\x64\Debug\net472\zSmartClient_UnitTest.dll" adapterTypeName="executor://mstestadapter/v2" className="SmartClient_UnitTest.VideoOS.RemoteClient.Plugin.CentralizedSearch.ViewModels.SearchViewModelTests" name="AddSelectedCameras_TooManyCameras_ValidateAllOptionCentralizedSearchMaxDeviceCountValues" />
    </UnitTest>
    <UnitTest name="LoadBoundingShapes_ManyVariants_LeastPossiblePathsAddedToUI" storage="d:\actions-runner\_work\xpco\xpco\sc\components\remoteviewer\smartclient\tst\zsmartclient_unittest\bin\x64\debug\net472\zsmartclient_unittest.dll" id="62414311-f47b-f1ac-7284-9bb4f606ff0e">
      <Execution id="617795d6-0371-42d3-a969-16bf997dad14" />
      <TestMethod codeBase="D:\actions-runner\_work\XPCO\XPCO\SC\Components\RemoteViewer\SmartClient\tst\zSmartClient_UnitTest\bin\x64\Debug\net472\zSmartClient_UnitTest.dll" adapterTypeName="executor://mstestadapter/v2" className="SmartClient_UnitTest.VideoOS.RemoteClient.Plugin.CentralizedSearch.MIPPlugin.Results.VideoSearchResultUserControlTests" name="LoadBoundingShapes_ManyVariants_LeastPossiblePathsAddedToUI" />
    </UnitTest>
    <UnitTest name="HandleGetDeviceData_ShouldReturnNotFoundDeviceData_WhenCalled" storage="d:\actions-runner\_work\xpco\xpco\sc\components\remoteviewer\smartclient\tst\zsmartclient_unittest\bin\x64\debug\net472\zsmartclient_unittest.dll" id="9a94a475-1b0f-e9b3-ba5e-634b89ce686f">
      <TestCategory>
        <TestCategoryItem TestCategory="GisMap.Handlers.Devices.MapItems" />
      </TestCategory>
      <Execution id="97c155f6-e22c-43ef-b804-151e49b52aa9" />
      <TestMethod codeBase="D:\actions-runner\_work\XPCO\XPCO\SC\Components\RemoteViewer\SmartClient\tst\zSmartClient_UnitTest\bin\x64\Debug\net472\zSmartClient_UnitTest.dll" adapterTypeName="executor://mstestadapter/v2" className="SmartClient_UnitTest.VideoOS.RemoteClient.Plugin.GisMap.Handlers.Devices.MapItems.NotFoundDeviceDataHandlerTests" name="HandleGetDeviceData_ShouldReturnNotFoundDeviceData_WhenCalled" />
    </UnitTest>
    <UnitTest name="SupportsDoubleClick_ShouldBeTrue_WhenInteractionStateIsNewDevice" storage="d:\actions-runner\_work\xpco\xpco\sc\components\remoteviewer\smartclient\tst\zsmartclient_unittest\bin\x64\debug\net472\zsmartclient_unittest.dll" id="b6fde623-a6bd-ca8b-1185-e73065d6312e">
      <TestCategory>
        <TestCategoryItem TestCategory="GisMap.MicrophoneMarkerTest" />
      </TestCategory>
      <Execution id="98a9033d-570d-4ee3-bc03-6039a065d6ff" />
      <TestMethod codeBase="D:\actions-runner\_work\XPCO\XPCO\SC\Components\RemoteViewer\SmartClient\tst\zSmartClient_UnitTest\bin\x64\Debug\net472\zSmartClient_UnitTest.dll" adapterTypeName="executor://mstestadapter/v2" className="SmartClient_UnitTest.VideoOS.RemoteClient.Plugin.GisMap.ThinkGeoMap.Markers.DeviceMarkers.MicrophoneMarker.MicrophoneMarkerTests" name="SupportsDoubleClick_ShouldBeTrue_WhenInteractionStateIsNewDevice" />
    </UnitTest>
    <UnitTest name="Perform_ActionFastAfterFirst_Delay" storage="d:\actions-runner\_work\xpco\xpco\sc\components\remoteviewer\smartclient\tst\zsmartclient_unittest\bin\x64\debug\net472\zsmartclient_unittest.dll" id="c9e65ace-67e8-aaf0-227a-cc6ee9b8878a">
      <TestCategory>
        <TestCategoryItem TestCategory="UI.Facilitators" />
      </TestCategory>
      <Execution id="c96a0258-ba62-4c6c-87a6-573596cc0327" />
      <TestMethod codeBase="D:\actions-runner\_work\XPCO\XPCO\SC\Components\RemoteViewer\SmartClient\tst\zSmartClient_UnitTest\bin\x64\Debug\net472\zSmartClient_UnitTest.dll" adapterTypeName="executor://mstestadapter/v2" className="SmartClient_UnitTest.VideoOS.UI.Common.EventDrivenBufferWithDelayTests" name="Perform_ActionFastAfterFirst_Delay" />
    </UnitTest>
    <UnitTest name="PatrollingProfileViewModelTest_IsDirty" storage="d:\actions-runner\_work\xpco\xpco\sc\components\remoteviewer\smartclient\tst\zsmartclient_unittest\bin\x64\debug\net472\zsmartclient_unittest.dll" id="18ccdda0-c082-96fc-d95c-7842b85332a3">
      <Execution id="ea1c2bc9-c6eb-4bc0-89d3-c1ac1ed0e224" />
      <TestMethod codeBase="D:\actions-runner\_work\XPCO\XPCO\SC\Components\RemoteViewer\SmartClient\tst\zSmartClient_UnitTest\bin\x64\Debug\net472\zSmartClient_UnitTest.dll" adapterTypeName="executor://mstestadapter/v2" className="SmartClient_UnitTest.VideoOS.RemoteClient.Application.UI.PtzPreset.PatrollingViewModel.PatrollingProfileViewModelTest" name="PatrollingProfileViewModelTest_IsDirty" />
    </UnitTest>
    <UnitTest name="Add_ShouldAddViewItemToIncludedViewItemsForSelectedView" storage="d:\actions-runner\_work\xpco\xpco\sc\components\remoteviewer\smartclient\tst\zsmartclient_unittest\bin\x64\debug\net472\zsmartclient_unittest.dll" id="78ae1d5d-740b-66e6-7a5c-ade2279f3a28">
      <TestCategory>
        <TestCategoryItem TestCategory="ApplicationController" />
      </TestCategory>
      <Execution id="47367392-d8b4-4c2a-9d91-24701491e9d3" />
      <TestMethod codeBase="D:\actions-runner\_work\XPCO\XPCO\SC\Components\RemoteViewer\SmartClient\tst\zSmartClient_UnitTest\bin\x64\Debug\net472\zSmartClient_UnitTest.dll" adapterTypeName="executor://mstestadapter/v2" className="VideoOS.RemoteClient.Application.Controllers.UnitTest.IncludedViewItemsTest" name="Add_ShouldAddViewItemToIncludedViewItemsForSelectedView" />
    </UnitTest>
    <UnitTest name="Ctor_CentralizedSearchStateWithNoSelectedSearchTemplate_ActiveSearchTemplateNotSet" storage="d:\actions-runner\_work\xpco\xpco\sc\components\remoteviewer\smartclient\tst\zsmartclient_unittest\bin\x64\debug\net472\zsmartclient_unittest.dll" id="cea1f122-04c5-bf3d-5adc-09ad4dc7f7c2">
      <TestCategory>
        <TestCategoryItem TestCategory="SearchViewModels" />
      </TestCategory>
      <Execution id="999f30eb-5d61-4550-9742-8434c7eab2e2" />
      <TestMethod codeBase="D:\actions-runner\_work\XPCO\XPCO\SC\Components\RemoteViewer\SmartClient\tst\zSmartClient_UnitTest\bin\x64\Debug\net472\zSmartClient_UnitTest.dll" adapterTypeName="executor://mstestadapter/v2" className="SmartClient_UnitTest.VideoOS.RemoteClient.Plugin.CentralizedSearch.ViewModels.SearchViewModelTests" name="Ctor_CentralizedSearchStateWithNoSelectedSearchTemplate_ActiveSearchTemplateNotSet" />
    </UnitTest>
    <UnitTest name="MonitorsAreSortedCorrectly" storage="d:\actions-runner\_work\xpco\xpco\sc\components\remoteviewer\smartclient\tst\zsmartclient_unittest\bin\x64\debug\net472\zsmartclient_unittest.dll" id="907e6cbe-4234-cd51-c51e-c0122588864e">
      <Execution id="f7d747c9-b969-4853-9293-ed1435cd7af9" />
      <TestMethod codeBase="D:\actions-runner\_work\XPCO\XPCO\SC\Components\RemoteViewer\SmartClient\tst\zSmartClient_UnitTest\bin\x64\Debug\net472\zSmartClient_UnitTest.dll" adapterTypeName="executor://mstestadapter/v2" className="SmartClient_UnitTest.VideoOS.RemoteClient.Application.UI.Common.ViewTree.SortingTests" name="MonitorsAreSortedCorrectly" />
    </UnitTest>
    <UnitTest name="IsProcessing_CancelWhileUnprocessedItemsAndThenResumeSearch_Success" storage="d:\actions-runner\_work\xpco\xpco\sc\components\remoteviewer\smartclient\tst\zsmartclient_unittest\bin\x64\debug\net472\zsmartclient_unittest.dll" id="920a2918-af9a-e3ed-e910-d0d07bf9fed3">
      <TestCategory>
        <TestCategoryItem TestCategory="SearchResultsPreprocessor" />
      </TestCategory>
      <Execution id="16a7ba30-dac4-4a85-a222-d7e1be9d3d89" />
      <TestMethod codeBase="D:\actions-runner\_work\XPCO\XPCO\SC\Components\RemoteViewer\SmartClient\tst\zSmartClient_UnitTest\bin\x64\Debug\net472\zSmartClient_UnitTest.dll" adapterTypeName="executor://mstestadapter/v2" className="SmartClient_UnitTest.VideoOS.RemoteClient.Plugin.CentralizedSearch.Models.SearchResultsPreprocessorTests" name="IsProcessing_CancelWhileUnprocessedItemsAndThenResumeSearch_Success" />
    </UnitTest>
    <UnitTest name="AlwaysPutGroupsBeforeViews" storage="d:\actions-runner\_work\xpco\xpco\sc\components\remoteviewer\smartclient\tst\zsmartclient_unittest\bin\x64\debug\net472\zsmartclient_unittest.dll" id="846a9eb5-5d29-1fe6-2752-1629db0ce419">
      <Execution id="d7e1ce71-9fcd-4126-b43a-fc503949fcc5" />
      <TestMethod codeBase="D:\actions-runner\_work\XPCO\XPCO\SC\Components\RemoteViewer\SmartClient\tst\zSmartClient_UnitTest\bin\x64\Debug\net472\zSmartClient_UnitTest.dll" adapterTypeName="executor://mstestadapter/v2" className="SmartClient_UnitTest.VideoOS.RemoteClient.Application.UI.Common.ViewTree.SortingTests" name="AlwaysPutGroupsBeforeViews" />
    </UnitTest>
    <UnitTest name="BookmarkSearchTime_WithSearchStringInDifferentCases_ReturnCorrectBookmarkWithSearchStringInHeader (wrong,True,False,False,False,SeArChStRiNg,,0)" storage="d:\actions-runner\_work\xpco\xpco\sc\components\remoteviewer\smartclient\tst\zsmartclient_unittest\bin\x64\debug\net472\zsmartclient_unittest.dll" id="91bb0037-7fe2-0981-dce5-8270b853ee50">
      <Execution id="e99509a9-6624-4c7d-bcca-217a4dd84b64" />
      <TestMethod codeBase="D:\actions-runner\_work\XPCO\XPCO\SC\Components\RemoteViewer\SmartClient\tst\zSmartClient_UnitTest\bin\x64\Debug\net472\zSmartClient_UnitTest.dll" adapterTypeName="executor://mstestadapter/v2" className="SmartClient_UnitTest.VideoOS.RemoteClient.Application.Data.Offline.UnitTest.BookmarkExportReaderTest" name="BookmarkSearchTime_WithSearchStringInDifferentCases_ReturnCorrectBookmarkWithSearchStringInHeader" />
    </UnitTest>
    <UnitTest name="ActiveInteractionStateBinding_ShouldNotBeNull_WhenCtorIsCalled" storage="d:\actions-runner\_work\xpco\xpco\sc\components\remoteviewer\smartclient\tst\zsmartclient_unittest\bin\x64\debug\net472\zsmartclient_unittest.dll" id="ac48ab08-0586-5064-3572-983965e5b6b6">
      <TestCategory>
        <TestCategoryItem TestCategory="GisMap.MicrophoneMarkerTest" />
      </TestCategory>
      <Execution id="276359d2-caff-4acc-a339-5f58b7ec29e9" />
      <TestMethod codeBase="D:\actions-runner\_work\XPCO\XPCO\SC\Components\RemoteViewer\SmartClient\tst\zSmartClient_UnitTest\bin\x64\Debug\net472\zSmartClient_UnitTest.dll" adapterTypeName="executor://mstestadapter/v2" className="SmartClient_UnitTest.VideoOS.RemoteClient.Plugin.GisMap.ThinkGeoMap.Markers.DeviceMarkers.MicrophoneMarker.MicrophoneMarkerTests" name="ActiveInteractionStateBinding_ShouldNotBeNull_WhenCtorIsCalled" />
    </UnitTest>
    <UnitTest name="Command_WithNullResults_PluginInstanceActivatedCalled" storage="d:\actions-runner\_work\xpco\xpco\sc\components\remoteviewer\smartclient\tst\zsmartclient_unittest\bin\x64\debug\net472\zsmartclient_unittest.dll" id="ac028d00-9e94-7167-70c4-eff006ef19bc">
      <TestCategory>
        <TestCategoryItem TestCategory="SearchResultsAction" />
      </TestCategory>
      <Execution id="410f0280-8ee0-4358-ba7f-cacd3cd0c3a7" />
      <TestMethod codeBase="D:\actions-runner\_work\XPCO\XPCO\SC\Components\RemoteViewer\SmartClient\tst\zSmartClient_UnitTest\bin\x64\Debug\net472\zSmartClient_UnitTest.dll" adapterTypeName="executor://mstestadapter/v2" className="SmartClient_UnitTest.VideoOS.RemoteClient.Plugin.CentralizedSearch.ViewModels.SearchResultsActionViewModelTests" name="Command_WithNullResults_PluginInstanceActivatedCalled" />
    </UnitTest>
    <UnitTest name="GetServerTypes_ShouldReturnLogServiceType" storage="d:\actions-runner\_work\xpco\xpco\sc\components\remoteviewer\smartclient\tst\zsmartclient_unittest\bin\x64\debug\net472\zsmartclient_unittest.dll" id="e671fc0c-9f3c-71e0-8b22-c4f68d735e7f">
      <Execution id="6f494b18-9ff5-4156-8867-c71551c1298b" />
      <TestMethod codeBase="D:\actions-runner\_work\XPCO\XPCO\SC\Components\RemoteViewer\SmartClient\tst\zSmartClient_UnitTest\bin\x64\Debug\net472\zSmartClient_UnitTest.dll" adapterTypeName="executor://mstestadapter/v2" className="SmartClient_UnitTest.VideoOS.RemoteClient.Application.Data.ContentTypes.ReportingContentType.DashboardExtentionsTest" name="GetServerTypes_ShouldReturnLogServiceType" />
    </UnitTest>
    <UnitTest name="DeviceIcons_ShouldNotBeNull_WhenCalled" storage="d:\actions-runner\_work\xpco\xpco\sc\components\remoteviewer\smartclient\tst\zsmartclient_unittest\bin\x64\debug\net472\zsmartclient_unittest.dll" id="532cb81a-df32-0fbd-c0b0-8629f10837bd">
      <TestCategory>
        <TestCategoryItem TestCategory="GisMapData.InputOemResourcesProviderTests" />
      </TestCategory>
      <Execution id="a3a83e86-c14d-4736-b729-e774bdecef6e" />
      <TestMethod codeBase="D:\actions-runner\_work\XPCO\XPCO\SC\Components\RemoteViewer\SmartClient\tst\zSmartClient_UnitTest\bin\x64\Debug\net472\zSmartClient_UnitTest.dll" adapterTypeName="executor://mstestadapter/v2" className="SmartClient_UnitTest.VideoOS.RemoteClient.GisMapData.Resources.InputOemResourcesProviderTests" name="DeviceIcons_ShouldNotBeNull_WhenCalled" />
    </UnitTest>
    <UnitTest name="HandleSetLayerFeatures_ShouldUpdateCameraLayerFeatures_WhenCameraKindAndCameraLayerFeatures" storage="d:\actions-runner\_work\xpco\xpco\sc\components\remoteviewer\smartclient\tst\zsmartclient_unittest\bin\x64\debug\net472\zsmartclient_unittest.dll" id="222612dc-51ac-9b64-f67c-78952b32c155">
      <TestCategory>
        <TestCategoryItem TestCategory="GisMapData.Handlers.LayerFeatures" />
      </TestCategory>
      <Execution id="8d6c890f-44fd-4ecf-933d-88a979aeee30" />
      <TestMethod codeBase="D:\actions-runner\_work\XPCO\XPCO\SC\Components\RemoteViewer\SmartClient\tst\zSmartClient_UnitTest\bin\x64\Debug\net472\zSmartClient_UnitTest.dll" adapterTypeName="executor://mstestadapter/v2" className="SmartClient_UnitTest.VideoOS.RemoteClient.GisMapData.Handlers.LayerFeatures.CameraLayerFeaturesHandlerTests" name="HandleSetLayerFeatures_ShouldUpdateCameraLayerFeatures_WhenCameraKindAndCameraLayerFeatures" />
    </UnitTest>
    <UnitTest name="Enabled_WhenInterrupted_ThenNoSubscribers" storage="d:\actions-runner\_work\xpco\xpco\sc\components\remoteviewer\smartclient\tst\zsmartclient_unittest\bin\x64\debug\net472\zsmartclient_unittest.dll" id="fb67ea71-6b78-1dc1-49b9-30224c6a1bae">
      <Execution id="66d1fb75-2a95-4361-ab66-b8467a9f9987" />
      <TestMethod codeBase="D:\actions-runner\_work\XPCO\XPCO\SC\Components\RemoteViewer\SmartClient\tst\zSmartClient_UnitTest\bin\x64\Debug\net472\zSmartClient_UnitTest.dll" adapterTypeName="executor://mstestadapter/v2" className="SmartClient_UnitTest.VideoOS.RemoteClient.GisMapData.MapLayers.LayerAlarmNotificationTest" name="Enabled_WhenInterrupted_ThenNoSubscribers" />
    </UnitTest>
    <UnitTest name="GetSearchReportDialog_SelectedSearchResults_SingleResult_Success" storage="d:\actions-runner\_work\xpco\xpco\sc\components\remoteviewer\smartclient\tst\zsmartclient_unittest\bin\x64\debug\net472\zsmartclient_unittest.dll" id="800f9645-615e-ad0a-a2cb-53e0d1e48385">
      <TestCategory>
        <TestCategoryItem TestCategory="Search" />
      </TestCategory>
      <Execution id="aed62d97-1c05-400b-af6c-91e109ab7525" />
      <TestMethod codeBase="D:\actions-runner\_work\XPCO\XPCO\SC\Components\RemoteViewer\SmartClient\tst\zSmartClient_UnitTest\bin\x64\Debug\net472\zSmartClient_UnitTest.dll" adapterTypeName="executor://mstestadapter/v2" className="SmartClient_UnitTest.VideoOS.RemoteClient.Plugin.CentralizedSearch.ViewModels.Utility.SearchReportHandlerTests" name="GetSearchReportDialog_SelectedSearchResults_SingleResult_Success" />
    </UnitTest>
    <UnitTest name="HandleSetLayerFeatures_ShouldRaiseArgumentException_WhenOutputKindAndNotOutputLayerFeatures" storage="d:\actions-runner\_work\xpco\xpco\sc\components\remoteviewer\smartclient\tst\zsmartclient_unittest\bin\x64\debug\net472\zsmartclient_unittest.dll" id="8b541578-adaa-009d-fcd7-342c1711308d">
      <TestCategory>
        <TestCategoryItem TestCategory="GisMapData.Handlers.LayerFeatures" />
      </TestCategory>
      <Execution id="39d58b0c-4637-47ee-a8e9-e8294b13a8f8" />
      <TestMethod codeBase="D:\actions-runner\_work\XPCO\XPCO\SC\Components\RemoteViewer\SmartClient\tst\zSmartClient_UnitTest\bin\x64\Debug\net472\zSmartClient_UnitTest.dll" adapterTypeName="executor://mstestadapter/v2" className="SmartClient_UnitTest.VideoOS.RemoteClient.GisMapData.Handlers.LayerFeatures.OutputLayerFeaturesHandlerTests" name="HandleSetLayerFeatures_ShouldRaiseArgumentException_WhenOutputKindAndNotOutputLayerFeatures" />
    </UnitTest>
    <UnitTest name="HandleRemoveItem_ShouldNotAffectMarkersCache_WhenRemovingPermanentMarkers" storage="d:\actions-runner\_work\xpco\xpco\sc\components\remoteviewer\smartclient\tst\zsmartclient_unittest\bin\x64\debug\net472\zsmartclient_unittest.dll" id="a565b306-850e-b284-c6c4-6f49c2eabf91">
      <TestCategory>
        <TestCategoryItem TestCategory="SmartMap.MapItemsOverlay" />
      </TestCategory>
      <Execution id="c28e1bd2-1eba-49d4-b6ab-c3ff27a8b6fb" />
      <TestMethod codeBase="D:\actions-runner\_work\XPCO\XPCO\SC\Components\RemoteViewer\SmartClient\tst\zSmartClient_UnitTest\bin\x64\Debug\net472\zSmartClient_UnitTest.dll" adapterTypeName="executor://mstestadapter/v2" className="SmartClient_UnitTest.VideoOS.RemoteClient.Plugin.GisMap.ThinkGeoMap.SpecializedOverlays.Overlays.MapItemsOverlayTests" name="HandleRemoveItem_ShouldNotAffectMarkersCache_WhenRemovingPermanentMarkers" />
    </UnitTest>
    <UnitTest name="MergeOptionNodes_ShouldMergeOptionsFromOldKeyAndNewKey_WhenBothSettingsHaveOptions" storage="d:\actions-runner\_work\xpco\xpco\sc\components\remoteviewer\smartclient\tst\zsmartclient_unittest\bin\x64\debug\net472\zsmartclient_unittest.dll" id="7066e281-486d-b17e-901e-9424698e9f74">
      <TestCategory>
        <TestCategoryItem TestCategory="Managers" />
      </TestCategory>
      <Execution id="aad6a8e0-c730-4853-aad5-893bd16bfd72" />
      <TestMethod codeBase="D:\actions-runner\_work\XPCO\XPCO\SC\Components\RemoteViewer\SmartClient\tst\zSmartClient_UnitTest\bin\x64\Debug\net472\zSmartClient_UnitTest.dll" adapterTypeName="executor://mstestadapter/v2" className="SmartClient_UnitTest.VideoOS.RemoteClient.Application.Managers.OptionManagerTests" name="MergeOptionNodes_ShouldMergeOptionsFromOldKeyAndNewKey_WhenBothSettingsHaveOptions" />
    </UnitTest>
    <UnitTest name="SaveAsNewSearchTemplateAsync_Fails_Success" storage="d:\actions-runner\_work\xpco\xpco\sc\components\remoteviewer\smartclient\tst\zsmartclient_unittest\bin\x64\debug\net472\zsmartclient_unittest.dll" id="2fac8697-42a0-e62c-c584-1a27c1834f8e">
      <TestCategory>
        <TestCategoryItem TestCategory="SearchTemplates" />
      </TestCategory>
      <Execution id="9e342ece-b5b8-42ad-9a29-f56b5fdb43fb" />
      <TestMethod codeBase="D:\actions-runner\_work\XPCO\XPCO\SC\Components\RemoteViewer\SmartClient\tst\zSmartClient_UnitTest\bin\x64\Debug\net472\zSmartClient_UnitTest.dll" adapterTypeName="executor://mstestadapter/v2" className="SmartClient_UnitTest.VideoOS.RemoteClient.Plugin.CentralizedSearch.SearchTemplates.SearchTemplateManagerTests" name="SaveAsNewSearchTemplateAsync_Fails_Success" />
    </UnitTest>
    <UnitTest name="AuthType_ShouldThrow_InvalidOperationException_WhenConstructedUsingExternal" storage="d:\actions-runner\_work\xpco\xpco\sc\components\remoteviewer\smartclient\tst\zsmartclient_unittest\bin\x64\debug\net472\zsmartclient_unittest.dll" id="647cadee-21ed-ea7f-d1b6-56ee51403b46">
      <TestCategory>
        <TestCategoryItem TestCategory="Authentication.ClientCredentials" />
      </TestCategory>
      <Execution id="4a79f187-4f7c-4473-b129-a8977a3ffb15" />
      <TestMethod codeBase="D:\actions-runner\_work\XPCO\XPCO\SC\Components\RemoteViewer\SmartClient\tst\zSmartClient_UnitTest\bin\x64\Debug\net472\zSmartClient_UnitTest.dll" adapterTypeName="executor://mstestadapter/v2" className="SmartClient_UnitTest.VideoOS.Shared.ServerAPI.ClientCredentialsTest" name="AuthType_ShouldThrow_InvalidOperationException_WhenConstructedUsingExternal" />
    </UnitTest>
    <UnitTest name="LoadStateFrom_OrderResultsBy_Success" storage="d:\actions-runner\_work\xpco\xpco\sc\components\remoteviewer\smartclient\tst\zsmartclient_unittest\bin\x64\debug\net472\zsmartclient_unittest.dll" id="18ef78f3-1eb2-cc48-74e1-3d0d69ec27f2">
      <TestCategory>
        <TestCategoryItem TestCategory="SearchResultViewModels" />
      </TestCategory>
      <Execution id="4aaf8015-6afc-4e05-b491-7aeecdde34c1" />
      <TestMethod codeBase="D:\actions-runner\_work\XPCO\XPCO\SC\Components\RemoteViewer\SmartClient\tst\zSmartClient_UnitTest\bin\x64\Debug\net472\zSmartClient_UnitTest.dll" adapterTypeName="executor://mstestadapter/v2" className="SmartClient_UnitTest.VideoOS.RemoteClient.Plugin.CentralizedSearch.ViewModels.SearchResultsViewModelTest" name="LoadStateFrom_OrderResultsBy_Success" />
    </UnitTest>
    <UnitTest name="ToMipSearchResultData_ShouldIncludeResultPropertiesFromAllSubResults" storage="d:\actions-runner\_work\xpco\xpco\sc\components\remoteviewer\smartclient\tst\zsmartclient_unittest\bin\x64\debug\net472\zsmartclient_unittest.dll" id="52643794-b083-7c0f-47d3-00e62a4cf8ea">
      <TestCategory>
        <TestCategoryItem TestCategory="Search.Wrappers" />
      </TestCategory>
      <Execution id="886eeb0e-2e09-423f-9eaa-0a1218ee850f" />
      <TestMethod codeBase="D:\actions-runner\_work\XPCO\XPCO\SC\Components\RemoteViewer\SmartClient\tst\zSmartClient_UnitTest\bin\x64\Debug\net472\zSmartClient_UnitTest.dll" adapterTypeName="executor://mstestadapter/v2" className="SmartClient_UnitTest.VideoOS.RemoteClient.Plugin.CentralizedSearch.Models.Wrappers.CombinedSearchResultDataWrapperTests" name="ToMipSearchResultData_ShouldIncludeResultPropertiesFromAllSubResults" />
    </UnitTest>
    <UnitTest name="Map_AddExtraBackgroundLayer_Success" storage="d:\actions-runner\_work\xpco\xpco\sc\components\remoteviewer\smartclient\tst\zsmartclient_unittest\bin\x64\debug\net472\zsmartclient_unittest.dll" id="88e52a12-1a52-4078-5db4-c86ba1c3b447">
      <TestCategory>
        <TestCategoryItem TestCategory="GisMapLayers" />
      </TestCategory>
      <Execution id="85756428-95c3-40e6-91f8-311cde1833ad" />
      <TestMethod codeBase="D:\actions-runner\_work\XPCO\XPCO\SC\Components\RemoteViewer\SmartClient\tst\zSmartClient_UnitTest\bin\x64\Debug\net472\zSmartClient_UnitTest.dll" adapterTypeName="executor://mstestadapter/v2" className="SmartClient_UnitTest.VideoOS.RemoteClient.GisMapData.GisMapLayerTests" name="Map_AddExtraBackgroundLayer_Success" />
    </UnitTest>
    <UnitTest name="OpenEditAndChangeAttributeValue_ValidChange_EditValueUpdated" storage="d:\actions-runner\_work\xpco\xpco\sc\components\remoteviewer\smartclient\tst\zsmartclient_unittest\bin\x64\debug\net472\zsmartclient_unittest.dll" id="a45efc73-9982-c081-715a-b39f84b6a0cd">
      <TestCategory>
        <TestCategoryItem TestCategory="SearchControls" />
      </TestCategory>
      <Execution id="e35d016d-10bf-4919-8f6e-0ee89c2b3d5b" />
      <TestMethod codeBase="D:\actions-runner\_work\XPCO\XPCO\SC\Components\RemoteViewer\SmartClient\tst\zSmartClient_UnitTest\bin\x64\Debug\net472\zSmartClient_UnitTest.dll" adapterTypeName="executor://mstestadapter/v2" className="SmartClient_UnitTest.VideoOS.RemoteClient.Plugin.CentralizedSearch.Views.Controls.DropDownAttributeEditor.DropDownAttributeEditorTests" name="OpenEditAndChangeAttributeValue_ValidChange_EditValueUpdated" />
    </UnitTest>
    <UnitTest name="Ctor_NoBuiltInGroupsDefined_NoCompositeAgentsAdded" storage="d:\actions-runner\_work\xpco\xpco\sc\components\remoteviewer\smartclient\tst\zsmartclient_unittest\bin\x64\debug\net472\zsmartclient_unittest.dll" id="07dba9c8-887e-44e6-63b8-7e227b9aaff8">
      <TestCategory>
        <TestCategoryItem TestCategory="ScSearchManager" />
      </TestCategory>
      <Execution id="faf7fa31-edda-4330-8bfb-6b0d37d47894" />
      <TestMethod codeBase="D:\actions-runner\_work\XPCO\XPCO\SC\Components\RemoteViewer\SmartClient\tst\zSmartClient_UnitTest\bin\x64\Debug\net472\zSmartClient_UnitTest.dll" adapterTypeName="executor://mstestadapter/v2" className="SmartClient_UnitTest.VideoOS.RemoteClient.Plugin.CentralizedSearch.MIPPlugin.ScSearchManagerTests" name="Ctor_NoBuiltInGroupsDefined_NoCompositeAgentsAdded" />
    </UnitTest>
    <UnitTest name="PtzSessionTimer_ConstructorTest" storage="d:\actions-runner\_work\xpco\xpco\sc\components\remoteviewer\smartclient\tst\zsmartclient_unittest\bin\x64\debug\net472\zsmartclient_unittest.dll" id="0431698b-89c7-961c-1219-e2a2171a4f5c">
      <Execution id="c2c82346-372d-4cd3-8948-03f8a34594b5" />
      <TestMethod codeBase="D:\actions-runner\_work\XPCO\XPCO\SC\Components\RemoteViewer\SmartClient\tst\zSmartClient_UnitTest\bin\x64\Debug\net472\zSmartClient_UnitTest.dll" adapterTypeName="executor://mstestadapter/v2" className="VideoOS.RemoteClient.Application.Controllers.UnitTest.PtzSessionControllerTest" name="PtzSessionTimer_ConstructorTest" />
    </UnitTest>
    <UnitTest name="Create_Success" storage="d:\actions-runner\_work\xpco\xpco\sc\components\remoteviewer\smartclient\tst\zsmartclient_unittest\bin\x64\debug\net472\zsmartclient_unittest.dll" id="b2858415-8d80-7600-7fe5-6b1b7d183235">
      <TestCategory>
        <TestCategoryItem TestCategory="GisMapMip" />
      </TestCategory>
      <Execution id="2eeb47e7-1b16-4f24-8840-5b553ad07e60" />
      <TestMethod codeBase="D:\actions-runner\_work\XPCO\XPCO\SC\Components\RemoteViewer\SmartClient\tst\zSmartClient_UnitTest\bin\x64\Debug\net472\zSmartClient_UnitTest.dll" adapterTypeName="executor://mstestadapter/v2" className="SmartClient_UnitTest.VideoOS.RemoteClient.Plugin.GisMap.ThinkGeoMap.ContextMenuUtils.RemoveMipItemContextMenuTests" name="Create_Success" />
    </UnitTest>
    <UnitTest name="TestForAssemblyCoverage" storage="d:\actions-runner\_work\xpco\xpco\sc\components\remoteviewer\smartclient\tst\zsmartclient_unittest\bin\x64\debug\net472\zsmartclient_unittest.dll" id="aa5c4da8-abb1-5dab-502e-bd81c20e341d">
      <Execution id="a48b864e-ed75-47fd-aff0-23a8ca4f097f" />
      <TestMethod codeBase="D:\actions-runner\_work\XPCO\XPCO\SC\Components\RemoteViewer\SmartClient\tst\zSmartClient_UnitTest\bin\x64\Debug\net472\zSmartClient_UnitTest.dll" adapterTypeName="executor://mstestadapter/v2" className="SmartClient_UnitTest.VideoOS.RemoteClient.Plugin.TextViewItem.UnitTest1" name="TestForAssemblyCoverage" />
    </UnitTest>
    <UnitTest name="Ctor_NullArgument_Throws" storage="d:\actions-runner\_work\xpco\xpco\sc\components\remoteviewer\smartclient\tst\zsmartclient_unittest\bin\x64\debug\net472\zsmartclient_unittest.dll" id="f7312006-b3af-0869-4d9b-ec9b8e868889">
      <TestCategory>
        <TestCategoryItem TestCategory="Search" />
      </TestCategory>
      <Execution id="e23f4d0a-1b2e-4e0d-b434-1f5b0569ea84" />
      <TestMethod codeBase="D:\actions-runner\_work\XPCO\XPCO\SC\Components\RemoteViewer\SmartClient\tst\zSmartClient_UnitTest\bin\x64\Debug\net472\zSmartClient_UnitTest.dll" adapterTypeName="executor://mstestadapter/v2" className="SmartClient_UnitTest.VideoOS.RemoteClient.Plugin.CentralizedSearch.ViewModels.SearchAttributeViewModelTests" name="Ctor_NullArgument_Throws" />
    </UnitTest>
    <UnitTest name="TestGetBuildingClient_WithBuildingSupport_Success" storage="d:\actions-runner\_work\xpco\xpco\sc\components\remoteviewer\smartclient\tst\zsmartclient_unittest\bin\x64\debug\net472\zsmartclient_unittest.dll" id="d02f35d6-61fd-fd34-88f9-5255843d0782">
      <Execution id="f283156b-e237-4229-a75b-366e20b6b231" />
      <TestMethod codeBase="D:\actions-runner\_work\XPCO\XPCO\SC\Components\RemoteViewer\SmartClient\tst\zSmartClient_UnitTest\bin\x64\Debug\net472\zSmartClient_UnitTest.dll" adapterTypeName="executor://mstestadapter/v2" className="SmartClient_UnitTest.VideoOS.RemoteClient.GisMapData.Communication.CommunicationFacadeTests" name="TestGetBuildingClient_WithBuildingSupport_Success" />
    </UnitTest>
    <UnitTest name="IsVisible_MultipleSelectedResult_ReturnsTrue" storage="d:\actions-runner\_work\xpco\xpco\sc\components\remoteviewer\smartclient\tst\zsmartclient_unittest\bin\x64\debug\net472\zsmartclient_unittest.dll" id="4aa175c2-c268-2aa8-a9f4-2e34c2367c47">
      <TestCategory>
        <TestCategoryItem TestCategory="SearchResultActionBarViewModel" />
      </TestCategory>
      <Execution id="e6cda634-6b01-47e9-9f40-24a2156776e4" />
      <TestMethod codeBase="D:\actions-runner\_work\XPCO\XPCO\SC\Components\RemoteViewer\SmartClient\tst\zSmartClient_UnitTest\bin\x64\Debug\net472\zSmartClient_UnitTest.dll" adapterTypeName="executor://mstestadapter/v2" className="SmartClient_UnitTest.VideoOS.RemoteClient.Plugin.CentralizedSearch.ViewModels.SearchResultsActionBarViewModelTest" name="IsVisible_MultipleSelectedResult_ReturnsTrue" />
    </UnitTest>
    <UnitTest name="BindingModelEnabled_ReactsTo_UpdateState" storage="d:\actions-runner\_work\xpco\xpco\sc\components\remoteviewer\smartclient\tst\zsmartclient_unittest\bin\x64\debug\net472\zsmartclient_unittest.dll" id="2f225332-0e21-75f7-07f4-8bdf7706d8a6">
      <TestCategory>
        <TestCategoryItem TestCategory="WorkspaceToolbar" />
      </TestCategory>
      <Execution id="f81490b6-a098-49c8-b45b-e5a77242b83d" />
      <TestMethod codeBase="D:\actions-runner\_work\XPCO\XPCO\SC\Components\RemoteViewer\SmartClient\tst\zSmartClient_UnitTest\bin\x64\Debug\net472\zSmartClient_UnitTest.dll" adapterTypeName="executor://mstestadapter/v2" className="SmartClient_UnitTest.VideoOS.RemoteClient.Application.Data.WorkspaceToolbar.WorkspaceToolbarItemMipPluginTests" name="BindingModelEnabled_ReactsTo_UpdateState" />
    </UnitTest>
    <UnitTest name="Decorate_ShouldNotAddChildren_WhenThereLayersImplementingITitleToggleableHasNoItems" storage="d:\actions-runner\_work\xpco\xpco\sc\components\remoteviewer\smartclient\tst\zsmartclient_unittest\bin\x64\debug\net472\zsmartclient_unittest.dll" id="dce39246-34e9-ee17-be45-81df055ba9b7">
      <TestCategory>
        <TestCategoryItem TestCategory="GisMap.LayerVisibilityItemDataChildrenToggleItemDecoratorTests" />
      </TestCategory>
      <Execution id="16668840-1a0f-4afd-8e73-47c3bae94f4e" />
      <TestMethod codeBase="D:\actions-runner\_work\XPCO\XPCO\SC\Components\RemoteViewer\SmartClient\tst\zSmartClient_UnitTest\bin\x64\Debug\net472\zSmartClient_UnitTest.dll" adapterTypeName="executor://mstestadapter/v2" className="SmartClient_UnitTest.VideoOS.RemoteClient.Plugin.GisMap.ViewModels.LayersVisibility.Decorators.LayerVisibilityItemDataChildrenToggleItemDecoratorTests" name="Decorate_ShouldNotAddChildren_WhenThereLayersImplementingITitleToggleableHasNoItems" />
    </UnitTest>
    <UnitTest name="GetClusters_Milestone_DifferentZoom_Success" storage="d:\actions-runner\_work\xpco\xpco\sc\components\remoteviewer\smartclient\tst\zsmartclient_unittest\bin\x64\debug\net472\zsmartclient_unittest.dll" id="b11ed0cb-92ec-eb39-adbe-7566a1ca86ed">
      <TestCategory>
        <TestCategoryItem TestCategory="GisMapIndex" />
      </TestCategory>
      <Execution id="42093481-367a-47af-b52c-18a047b10f36" />
      <TestMethod codeBase="D:\actions-runner\_work\XPCO\XPCO\SC\Components\RemoteViewer\SmartClient\tst\zSmartClient_UnitTest\bin\x64\Debug\net472\zSmartClient_UnitTest.dll" adapterTypeName="executor://mstestadapter/v2" className="SmartClient_UnitTest.VideoOS.RemoteClient.GisMapData.Common.Indexer.BuildingsAwareIndexerTests" name="GetClusters_Milestone_DifferentZoom_Success" />
    </UnitTest>
    <UnitTest name="ConvertBack_ShouldReturnIsNormalState_WhenValueFalse" storage="d:\actions-runner\_work\xpco\xpco\sc\components\remoteviewer\smartclient\tst\zsmartclient_unittest\bin\x64\debug\net472\zsmartclient_unittest.dll" id="795c0b9d-f299-8ffa-d2ce-4bce515e128c">
      <TestCategory>
        <TestCategoryItem TestCategory="GisMap.InteractionStateConverter" />
      </TestCategory>
      <Execution id="1e3b2290-bae9-4b39-9cc3-964ca023233a" />
      <TestMethod codeBase="D:\actions-runner\_work\XPCO\XPCO\SC\Components\RemoteViewer\SmartClient\tst\zSmartClient_UnitTest\bin\x64\Debug\net472\zSmartClient_UnitTest.dll" adapterTypeName="executor://mstestadapter/v2" className="SmartClient_UnitTest.VideoOS.RemoteClient.Plugin.GisMap.View.InteractionStateConverterTests" name="ConvertBack_ShouldReturnIsNormalState_WhenValueFalse" />
    </UnitTest>
    <UnitTest name="BoundingBoxPlaybackNoLiveHandler" storage="d:\actions-runner\_work\xpco\xpco\sc\components\remoteviewer\smartclient\tst\zsmartclient_unittest\bin\x64\debug\net472\zsmartclient_unittest.dll" id="c0b0990b-db80-5ada-cdd8-224bb5ed398a">
      <Execution id="49db3e24-e49d-4d5e-9578-cb0ab842dfbe" />
      <TestMethod codeBase="D:\actions-runner\_work\XPCO\XPCO\SC\Components\RemoteViewer\SmartClient\tst\zSmartClient_UnitTest\bin\x64\Debug\net472\zSmartClient_UnitTest.dll" adapterTypeName="executor://mstestadapter/v2" className="SmartClient_UnitTest.VideoOS.RemoteClient.Application.Data.Metadata.BoundingBoxes.BoundingBoxProviderTest" name="BoundingBoxPlaybackNoLiveHandler" />
    </UnitTest>
    <UnitTest name="UnmutedMicrophoneIconsId_ShouldReturnUnMutedIconsInAProperOrder_WhenCalled" storage="d:\actions-runner\_work\xpco\xpco\sc\components\remoteviewer\smartclient\tst\zsmartclient_unittest\bin\x64\debug\net472\zsmartclient_unittest.dll" id="bca73f19-3fcc-16d4-a031-f2f6afaf40ee">
      <TestCategory>
        <TestCategoryItem TestCategory="GisMapData.MicrophoneOemResourcesProviderTests" />
      </TestCategory>
      <Execution id="cc4d2b83-c10f-4717-b503-3bec1da253c6" />
      <TestMethod codeBase="D:\actions-runner\_work\XPCO\XPCO\SC\Components\RemoteViewer\SmartClient\tst\zSmartClient_UnitTest\bin\x64\Debug\net472\zSmartClient_UnitTest.dll" adapterTypeName="executor://mstestadapter/v2" className="SmartClient_UnitTest.VideoOS.RemoteClient.GisMapData.Resources.MicrophoneOemResourcesProviderTests" name="UnmutedMicrophoneIconsId_ShouldReturnUnMutedIconsInAProperOrder_WhenCalled" />
    </UnitTest>
    <UnitTest name="SupportsDoubleClick_ShouldBeTrue_WhenInteractionStateIsNewDevice" storage="d:\actions-runner\_work\xpco\xpco\sc\components\remoteviewer\smartclient\tst\zsmartclient_unittest\bin\x64\debug\net472\zsmartclient_unittest.dll" id="a6af3342-e82c-99d7-7280-f0bc3b6ef111">
      <TestCategory>
        <TestCategoryItem TestCategory="GisMap.OutputMarkerTest" />
      </TestCategory>
      <Execution id="b58b8ef9-21d4-400f-8868-253c5d5bb9c1" />
      <TestMethod codeBase="D:\actions-runner\_work\XPCO\XPCO\SC\Components\RemoteViewer\SmartClient\tst\zSmartClient_UnitTest\bin\x64\Debug\net472\zSmartClient_UnitTest.dll" adapterTypeName="executor://mstestadapter/v2" className="SmartClient_UnitTest.VideoOS.RemoteClient.Plugin.GisMap.ThinkGeoMap.Markers.DeviceMarkers.OutputMarker.OutputMarkerTests" name="SupportsDoubleClick_ShouldBeTrue_WhenInteractionStateIsNewDevice" />
    </UnitTest>
    <UnitTest name="OpenStreetMapLayer_IsGeographic_Load_Success" storage="d:\actions-runner\_work\xpco\xpco\sc\components\remoteviewer\smartclient\tst\zsmartclient_unittest\bin\x64\debug\net472\zsmartclient_unittest.dll" id="376aa488-622a-ef3d-865f-34b9990a82be">
      <TestCategory>
        <TestCategoryItem TestCategory="GisMapLayer" />
      </TestCategory>
      <Execution id="2912e80f-4ffa-4ba4-81c7-2dec4a7868bc" />
      <TestMethod codeBase="D:\actions-runner\_work\XPCO\XPCO\SC\Components\RemoteViewer\SmartClient\tst\zSmartClient_UnitTest\bin\x64\Debug\net472\zSmartClient_UnitTest.dll" adapterTypeName="executor://mstestadapter/v2" className="SmartClient_UnitTest.VideoOS.RemoteClient.GisMap.MapLayers.GisMapLayerTests" name="OpenStreetMapLayer_IsGeographic_Load_Success" />
    </UnitTest>
    <UnitTest name="CameraItemsMapLayer_Load_Save_DataIsSame" storage="d:\actions-runner\_work\xpco\xpco\sc\components\remoteviewer\smartclient\tst\zsmartclient_unittest\bin\x64\debug\net472\zsmartclient_unittest.dll" id="3adcd1f6-966f-7457-7e36-7976f4188830">
      <TestCategory>
        <TestCategoryItem TestCategory="GisMapLayer" />
      </TestCategory>
      <Execution id="3672412e-b43a-4c0f-91f4-96c54f621d3d" />
      <TestMethod codeBase="D:\actions-runner\_work\XPCO\XPCO\SC\Components\RemoteViewer\SmartClient\tst\zSmartClient_UnitTest\bin\x64\Debug\net472\zSmartClient_UnitTest.dll" adapterTypeName="executor://mstestadapter/v2" className="SmartClient_UnitTest.VideoOS.RemoteClient.GisMap.MapLayers.GisMapLayerTests" name="CameraItemsMapLayer_Load_Save_DataIsSame" />
    </UnitTest>
    <UnitTest name="PatrollingProfileViewModelTest_IsInEditMode_IsNotInEditMode_Set" storage="d:\actions-runner\_work\xpco\xpco\sc\components\remoteviewer\smartclient\tst\zsmartclient_unittest\bin\x64\debug\net472\zsmartclient_unittest.dll" id="8fad5930-640a-f193-8986-d1e8191830e2">
      <Execution id="9b242d42-edbf-48d8-bd62-30555f731c8f" />
      <TestMethod codeBase="D:\actions-runner\_work\XPCO\XPCO\SC\Components\RemoteViewer\SmartClient\tst\zSmartClient_UnitTest\bin\x64\Debug\net472\zSmartClient_UnitTest.dll" adapterTypeName="executor://mstestadapter/v2" className="SmartClient_UnitTest.VideoOS.RemoteClient.Application.UI.PtzPreset.PatrollingViewModel.PatrollingProfileViewModelTest" name="PatrollingProfileViewModelTest_IsInEditMode_IsNotInEditMode_Set" />
    </UnitTest>
    <UnitTest name="UpdateScope_ItemsChangedButSameCollectionSize_ReturnsTrue" storage="d:\actions-runner\_work\xpco\xpco\sc\components\remoteviewer\smartclient\tst\zsmartclient_unittest\bin\x64\debug\net472\zsmartclient_unittest.dll" id="9fe32e3c-1f4e-e7ac-2652-a48159917634">
      <TestCategory>
        <TestCategoryItem TestCategory="SearchModels" />
      </TestCategory>
      <Execution id="513fdff7-4339-4155-bcee-ad7432815d43" />
      <TestMethod codeBase="D:\actions-runner\_work\XPCO\XPCO\SC\Components\RemoteViewer\SmartClient\tst\zSmartClient_UnitTest\bin\x64\Debug\net472\zSmartClient_UnitTest.dll" adapterTypeName="executor://mstestadapter/v2" className="SmartClient_UnitTest.VideoOS.RemoteClient.Plugin.CentralizedSearch.Models.SearchScopeTests" name="UpdateScope_ItemsChangedButSameCollectionSize_ReturnsTrue" />
    </UnitTest>
    <UnitTest name="Deserialize_CustomScopeDurationAndFromToValues_ToAndFromValuesUsed" storage="d:\actions-runner\_work\xpco\xpco\sc\components\remoteviewer\smartclient\tst\zsmartclient_unittest\bin\x64\debug\net472\zsmartclient_unittest.dll" id="326c0813-dde1-1e08-607c-dc55537bd92d">
      <TestCategory>
        <TestCategoryItem TestCategory="SearchModels" />
      </TestCategory>
      <Execution id="8d893685-4ea0-49c8-aad5-0e95f0c83c7d" />
      <TestMethod codeBase="D:\actions-runner\_work\XPCO\XPCO\SC\Components\RemoteViewer\SmartClient\tst\zSmartClient_UnitTest\bin\x64\Debug\net472\zSmartClient_UnitTest.dll" adapterTypeName="executor://mstestadapter/v2" className="SmartClient_UnitTest.VideoOS.RemoteClient.Plugin.CentralizedSearch.Models.SearchModelTests" name="Deserialize_CustomScopeDurationAndFromToValues_ToAndFromValuesUsed" />
    </UnitTest>
    <UnitTest name="TryGetEventServerIdByACSystemId_ShouldReturnAnEmptyGuid_WhenEventServerIdIsNotPartOfServerConfiguredAccessControlSystemsDictionary" storage="d:\actions-runner\_work\xpco\xpco\sc\components\remoteviewer\smartclient\tst\zsmartclient_unittest\bin\x64\debug\net472\zsmartclient_unittest.dll" id="785adfea-b9ff-19b0-fdb3-0e5d5ad68924">
      <TestCategory>
        <TestCategoryItem TestCategory="AccessControl" />
      </TestCategory>
      <Execution id="d672b130-b077-4f26-b9c6-00849976e14b" />
      <TestMethod codeBase="D:\actions-runner\_work\XPCO\XPCO\SC\Components\RemoteViewer\SmartClient\tst\zSmartClient_UnitTest\bin\x64\Debug\net472\zSmartClient_UnitTest.dll" adapterTypeName="executor://mstestadapter/v2" className="SmartClient_UnitTest.VideoOS.RemoteClient.AccessControl.AccessControlLoginInfoTests" name="TryGetEventServerIdByACSystemId_ShouldReturnAnEmptyGuid_WhenEventServerIdIsNotPartOfServerConfiguredAccessControlSystemsDictionary" />
    </UnitTest>
    <UnitTest name="FilterValueHasRegionSelectionForCamera_ShouldReturnFalse_WhenFilterValueDoesNotHaveRegionSelectionForCamera" storage="d:\actions-runner\_work\xpco\xpco\sc\components\remoteviewer\smartclient\tst\zsmartclient_unittest\bin\x64\debug\net472\zsmartclient_unittest.dll" id="57c51b3e-0bbc-373f-47ab-9b946ca10dfa">
      <TestCategory>
        <TestCategoryItem TestCategory="Search.Filters.ViewModels" />
      </TestCategory>
      <Execution id="fb7aec92-a764-4cd0-95fa-34c857db5f53" />
      <TestMethod codeBase="D:\actions-runner\_work\XPCO\XPCO\SC\Components\RemoteViewer\SmartClient\tst\zSmartClient_UnitTest\bin\x64\Debug\net472\zSmartClient_UnitTest.dll" adapterTypeName="executor://mstestadapter/v2" className="SmartClient_UnitTest.VideoOS.RemoteClient.Plugin.CentralizedSearch.MIPPlugin.Criteria.ViewModels.RegionSelectionCameraListItemHelperTests" name="FilterValueHasRegionSelectionForCamera_ShouldReturnFalse_WhenFilterValueDoesNotHaveRegionSelectionForCamera" />
    </UnitTest>
    <UnitTest name="ShouldExposeCalculatedValues" storage="d:\actions-runner\_work\xpco\xpco\sc\components\remoteviewer\smartclient\tst\zsmartclient_unittest\bin\x64\debug\net472\zsmartclient_unittest.dll" id="9121a1cd-2d02-27fe-e6a5-6751e2d93e61">
      <TestCategory>
        <TestCategoryItem TestCategory="MipItemsUpdateStrategy" />
      </TestCategory>
      <Execution id="32e9fd57-5525-4b33-bac3-fd952c19d741" />
      <TestMethod codeBase="D:\actions-runner\_work\XPCO\XPCO\SC\Components\RemoteViewer\SmartClient\tst\zSmartClient_UnitTest\bin\x64\Debug\net472\zSmartClient_UnitTest.dll" adapterTypeName="executor://mstestadapter/v2" className="SmartClient_UnitTest.VideoOS.RemoteClient.Plugin.GisMap.MIP.MipItemsUpdateStrategyTests" name="ShouldExposeCalculatedValues" />
    </UnitTest>
    <UnitTest name="BookmarkSearchTime_WithSearchStringInDifferentCases_ReturnCorrectBookmarkWithSearchStringInHeader (SeArChStRiNg,True,False,False,False,,,1)" storage="d:\actions-runner\_work\xpco\xpco\sc\components\remoteviewer\smartclient\tst\zsmartclient_unittest\bin\x64\debug\net472\zsmartclient_unittest.dll" id="e2431222-69de-ae33-ddac-4a921de8419c">
      <Execution id="b811e517-0686-4eab-9ada-f1e2d9c7eb3a" />
      <TestMethod codeBase="D:\actions-runner\_work\XPCO\XPCO\SC\Components\RemoteViewer\SmartClient\tst\zSmartClient_UnitTest\bin\x64\Debug\net472\zSmartClient_UnitTest.dll" adapterTypeName="executor://mstestadapter/v2" className="SmartClient_UnitTest.VideoOS.RemoteClient.Application.Data.Offline.UnitTest.BookmarkExportReaderTest" name="BookmarkSearchTime_WithSearchStringInDifferentCases_ReturnCorrectBookmarkWithSearchStringInHeader" />
    </UnitTest>
    <UnitTest name="SelectionCountDisplayText_ZeroSelectedResults_ReturnsEmptyString" storage="d:\actions-runner\_work\xpco\xpco\sc\components\remoteviewer\smartclient\tst\zsmartclient_unittest\bin\x64\debug\net472\zsmartclient_unittest.dll" id="0e000a76-c424-1348-5a62-7f5cf04c0b5a">
      <TestCategory>
        <TestCategoryItem TestCategory="SearchResultActionBarViewModel" />
      </TestCategory>
      <Execution id="0a717a79-6af5-451a-9cfb-429064b52f1c" />
      <TestMethod codeBase="D:\actions-runner\_work\XPCO\XPCO\SC\Components\RemoteViewer\SmartClient\tst\zSmartClient_UnitTest\bin\x64\Debug\net472\zSmartClient_UnitTest.dll" adapterTypeName="executor://mstestadapter/v2" className="SmartClient_UnitTest.VideoOS.RemoteClient.Plugin.CentralizedSearch.ViewModels.SearchResultsActionBarViewModelTest" name="SelectionCountDisplayText_ZeroSelectedResults_ReturnsEmptyString" />
    </UnitTest>
    <UnitTest name="AssignPanTiltValue_WhenValueJustAboveDeadzone_ShouldReturnJustAboveCenterValue" storage="d:\actions-runner\_work\xpco\xpco\sc\components\remoteviewer\smartclient\tst\zsmartclient_unittest\bin\x64\debug\net472\zsmartclient_unittest.dll" id="007b902b-e17d-c451-d588-1b1be6581913">
      <Execution id="b4f24662-1b98-40f7-aa11-3db66b7c6d02" />
      <TestMethod codeBase="D:\actions-runner\_work\XPCO\XPCO\SC\Components\RemoteViewer\SmartClient\tst\zSmartClient_UnitTest\bin\x64\Debug\net472\zSmartClient_UnitTest.dll" adapterTypeName="executor://mstestadapter/v2" className="SmartClient_UnitTest.VideoOS.RemoteClient.Plugin.JoystickSupport.JoystickDeviceTests" name="AssignPanTiltValue_WhenValueJustAboveDeadzone_ShouldReturnJustAboveCenterValue" />
    </UnitTest>
    <UnitTest name="Connect_WhenServerAuthenticationIsOAuthSecure_ShouldCreateSecureSchClient" storage="d:\actions-runner\_work\xpco\xpco\sc\components\remoteviewer\smartclient\tst\zsmartclient_unittest\bin\x64\debug\net472\zsmartclient_unittest.dll" id="41ffe1b6-1bbb-2400-999f-02df2a743ad6">
      <Execution id="bbadf59b-bade-4335-a10c-18d88af81d11" />
      <TestMethod codeBase="D:\actions-runner\_work\XPCO\XPCO\SC\Components\RemoteViewer\SmartClient\tst\zSmartClient_UnitTest\bin\x64\Debug\net472\zSmartClient_UnitTest.dll" adapterTypeName="executor://mstestadapter/v2" className="VideoOS.Shared.ServerAPI.ServiceChannel.UnitTest.ServiceChannelCommandServiceTests" name="Connect_WhenServerAuthenticationIsOAuthSecure_ShouldCreateSecureSchClient" />
    </UnitTest>
    <UnitTest name="AddToExportTuples_ShouldReturnCorrectResult (1,0,0)" storage="d:\actions-runner\_work\xpco\xpco\sc\components\remoteviewer\smartclient\tst\zsmartclient_unittest\bin\x64\debug\net472\zsmartclient_unittest.dll" id="45b9039f-b96a-687f-1be5-e83ccd97ef2c">
      <TestCategory>
        <TestCategoryItem TestCategory="Managers" />
      </TestCategory>
      <Execution id="8ee95c6d-b033-40c0-9392-5166471ce364" />
      <TestMethod codeBase="D:\actions-runner\_work\XPCO\XPCO\SC\Components\RemoteViewer\SmartClient\tst\zSmartClient_UnitTest\bin\x64\Debug\net472\zSmartClient_UnitTest.dll" adapterTypeName="executor://mstestadapter/v2" className="SmartClient_UnitTest.VideoOS.RemoteClient.Application.Managers.ExportManagerTests" name="AddToExportTuples_ShouldReturnCorrectResult" />
    </UnitTest>
    <UnitTest name="TestSaveMap_MapAndLayerChanges_Success" storage="d:\actions-runner\_work\xpco\xpco\sc\components\remoteviewer\smartclient\tst\zsmartclient_unittest\bin\x64\debug\net472\zsmartclient_unittest.dll" id="4ad3fc13-c11a-f5b6-2594-d08a3607b0ec">
      <TestCategory>
        <TestCategoryItem TestCategory="GisMapBuilding" />
      </TestCategory>
      <Execution id="cc85abe1-c4c0-48cf-abc8-75564b5a8bf6" />
      <TestMethod codeBase="D:\actions-runner\_work\XPCO\XPCO\SC\Components\RemoteViewer\SmartClient\tst\zSmartClient_UnitTest\bin\x64\Debug\net472\zSmartClient_UnitTest.dll" adapterTypeName="executor://mstestadapter/v2" className="SmartClient_UnitTest.VideoOS.RemoteClient.GisMapData.GisMapBuildingTests" name="TestSaveMap_MapAndLayerChanges_Success" />
    </UnitTest>
    <UnitTest name="MainScopeTitleMaxWidthConverter_ConvertBack_Fails" storage="d:\actions-runner\_work\xpco\xpco\sc\components\remoteviewer\smartclient\tst\zsmartclient_unittest\bin\x64\debug\net472\zsmartclient_unittest.dll" id="b734b426-c8b0-ef6c-467b-1212971e7759">
      <TestCategory>
        <TestCategoryItem TestCategory="SearchConverter" />
      </TestCategory>
      <Execution id="d7c9ff6a-9f44-496a-a0a0-5f9833f381a3" />
      <TestMethod codeBase="D:\actions-runner\_work\XPCO\XPCO\SC\Components\RemoteViewer\SmartClient\tst\zSmartClient_UnitTest\bin\x64\Debug\net472\zSmartClient_UnitTest.dll" adapterTypeName="executor://mstestadapter/v2" className="SmartClient_UnitTest.VideoOS.RemoteClient.Plugin.CentralizedSearch.Views.Converters.MainScopeTitleMaxWidthConverterTests" name="MainScopeTitleMaxWidthConverter_ConvertBack_Fails" />
    </UnitTest>
    <UnitTest name="HandleGetDeviceData_ShouldReturnNotFoundDeviceData_WhenInputKindAndNonExistingInputId" storage="d:\actions-runner\_work\xpco\xpco\sc\components\remoteviewer\smartclient\tst\zsmartclient_unittest\bin\x64\debug\net472\zsmartclient_unittest.dll" id="4a1a72a9-3748-b54f-9812-2fd52873801b">
      <TestCategory>
        <TestCategoryItem TestCategory="GisMap.Handlers.Devices.MapItems" />
      </TestCategory>
      <Execution id="391b1d34-155b-4e20-98af-a12d01534c90" />
      <TestMethod codeBase="D:\actions-runner\_work\XPCO\XPCO\SC\Components\RemoteViewer\SmartClient\tst\zSmartClient_UnitTest\bin\x64\Debug\net472\zSmartClient_UnitTest.dll" adapterTypeName="executor://mstestadapter/v2" className="SmartClient_UnitTest.VideoOS.RemoteClient.Plugin.GisMap.Handlers.Devices.MapItems.InputDataHandlerTests" name="HandleGetDeviceData_ShouldReturnNotFoundDeviceData_WhenInputKindAndNonExistingInputId" />
    </UnitTest>
    <UnitTest name="GetGisMapLayerFlyoutName_ShouldReturnOpenStreetMap_WhenGeographicLayerIsAvailableAndAlternativeServerIsNotEmpty" storage="d:\actions-runner\_work\xpco\xpco\sc\components\remoteviewer\smartclient\tst\zsmartclient_unittest\bin\x64\debug\net472\zsmartclient_unittest.dll" id="9e654779-7c3a-a723-682e-e39ebed74684">
      <TestCategory>
        <TestCategoryItem TestCategory="GisMapData.Controllers.Osm" />
      </TestCategory>
      <Execution id="a588eece-e1bb-422e-8b80-6f022376577e" />
      <TestMethod codeBase="D:\actions-runner\_work\XPCO\XPCO\SC\Components\RemoteViewer\SmartClient\tst\zSmartClient_UnitTest\bin\x64\Debug\net472\zSmartClient_UnitTest.dll" adapterTypeName="executor://mstestadapter/v2" className="SmartClient_UnitTest.VideoOS.RemoteClient.GisMapData.Controllers.Osm.GisMapOsmControllerTests" name="GetGisMapLayerFlyoutName_ShouldReturnOpenStreetMap_WhenGeographicLayerIsAvailableAndAlternativeServerIsNotEmpty" />
    </UnitTest>
    <UnitTest name="GetCameraTiles_ShouldReturnCorrectCameraTilesWithSingleCameraTest" storage="d:\actions-runner\_work\xpco\xpco\sc\components\remoteviewer\smartclient\tst\zsmartclient_unittest\bin\x64\debug\net472\zsmartclient_unittest.dll" id="37b7b1e5-9323-fb29-1885-37b5c9283b82">
      <Execution id="57bb9b6e-2d58-42fd-8792-e3d099c31477" />
      <TestMethod codeBase="D:\actions-runner\_work\XPCO\XPCO\SC\Components\RemoteViewer\SmartClient\tst\zSmartClient_UnitTest\bin\x64\Debug\net472\zSmartClient_UnitTest.dll" adapterTypeName="executor://mstestadapter/v2" className="SmartClient_UnitTest.VideoOS.RemoteClient.Application.Data.ContentTypes.ReportingContentType.DashboardTileProviderTest" name="GetCameraTiles_ShouldReturnCorrectCameraTilesWithSingleCameraTest" />
    </UnitTest>
    <UnitTest name="AddToExportTuples_ShouldReturnCorrectResult (5,5,0)" storage="d:\actions-runner\_work\xpco\xpco\sc\components\remoteviewer\smartclient\tst\zsmartclient_unittest\bin\x64\debug\net472\zsmartclient_unittest.dll" id="5e565792-e4b8-6770-32ea-67c3fa2ad1ab">
      <TestCategory>
        <TestCategoryItem TestCategory="Managers" />
      </TestCategory>
      <Execution id="0ed29a41-577d-4839-b327-b2168a921c96" />
      <TestMethod codeBase="D:\actions-runner\_work\XPCO\XPCO\SC\Components\RemoteViewer\SmartClient\tst\zSmartClient_UnitTest\bin\x64\Debug\net472\zSmartClient_UnitTest.dll" adapterTypeName="executor://mstestadapter/v2" className="SmartClient_UnitTest.VideoOS.RemoteClient.Application.Managers.ExportManagerTests" name="AddToExportTuples_ShouldReturnCorrectResult" />
    </UnitTest>
    <UnitTest name="DeleteSearchTemplateAsync_Fails_Success" storage="d:\actions-runner\_work\xpco\xpco\sc\components\remoteviewer\smartclient\tst\zsmartclient_unittest\bin\x64\debug\net472\zsmartclient_unittest.dll" id="0b37f41d-8f42-9020-28e4-8cbe84e05257">
      <TestCategory>
        <TestCategoryItem TestCategory="SearchTemplates" />
      </TestCategory>
      <Execution id="2790c8c3-510e-4aa3-bbfd-9867f02fbe5c" />
      <TestMethod codeBase="D:\actions-runner\_work\XPCO\XPCO\SC\Components\RemoteViewer\SmartClient\tst\zSmartClient_UnitTest\bin\x64\Debug\net472\zSmartClient_UnitTest.dll" adapterTypeName="executor://mstestadapter/v2" className="SmartClient_UnitTest.VideoOS.RemoteClient.Plugin.CentralizedSearch.SearchTemplates.SearchTemplateManagerTests" name="DeleteSearchTemplateAsync_Fails_Success" />
    </UnitTest>
    <UnitTest name="Command_WithResults_PluginInstanceActivatedCalled" storage="d:\actions-runner\_work\xpco\xpco\sc\components\remoteviewer\smartclient\tst\zsmartclient_unittest\bin\x64\debug\net472\zsmartclient_unittest.dll" id="f107b2f8-e52e-2d8a-eafb-dc1e00450b6b">
      <TestCategory>
        <TestCategoryItem TestCategory="SearchResultsAction" />
      </TestCategory>
      <Execution id="86383be5-13dc-436b-b8b7-27625eaf7b59" />
      <TestMethod codeBase="D:\actions-runner\_work\XPCO\XPCO\SC\Components\RemoteViewer\SmartClient\tst\zSmartClient_UnitTest\bin\x64\Debug\net472\zSmartClient_UnitTest.dll" adapterTypeName="executor://mstestadapter/v2" className="SmartClient_UnitTest.VideoOS.RemoteClient.Plugin.CentralizedSearch.ViewModels.SearchResultsActionViewModelTests" name="Command_WithResults_PluginInstanceActivatedCalled" />
    </UnitTest>
    <UnitTest name="Serialize_NothingToSerialize_Success" storage="d:\actions-runner\_work\xpco\xpco\sc\components\remoteviewer\smartclient\tst\zsmartclient_unittest\bin\x64\debug\net472\zsmartclient_unittest.dll" id="660d3fbc-11c9-2181-8c43-b82c5f6b1504">
      <TestCategory>
        <TestCategoryItem TestCategory="SearchSerialization" />
      </TestCategory>
      <Execution id="8841cfdd-adfe-484e-a291-48f052fdaf2b" />
      <TestMethod codeBase="D:\actions-runner\_work\XPCO\XPCO\SC\Components\RemoteViewer\SmartClient\tst\zSmartClient_UnitTest\bin\x64\Debug\net472\zSmartClient_UnitTest.dll" adapterTypeName="executor://mstestadapter/v2" className="SmartClient_UnitTest.VideoOS.RemoteClient.Plugin.CentralizedSearch.Models.Serialization.SearchSerializerTests" name="Serialize_NothingToSerialize_Success" />
    </UnitTest>
    <UnitTest name="IconResourceKey_ShouldBeValid_WhenInteractionStateIsAddInput" storage="d:\actions-runner\_work\xpco\xpco\sc\components\remoteviewer\smartclient\tst\zsmartclient_unittest\bin\x64\debug\net472\zsmartclient_unittest.dll" id="bc93f730-cf4f-b2fd-70c0-19446c70f746">
      <TestCategory>
        <TestCategoryItem TestCategory="GisMap.UI.DeviceSelectors.PanelComponents" />
      </TestCategory>
      <Execution id="2955b1f3-72c6-478f-ba6e-7bcecbb5c75e" />
      <TestMethod codeBase="D:\actions-runner\_work\XPCO\XPCO\SC\Components\RemoteViewer\SmartClient\tst\zSmartClient_UnitTest\bin\x64\Debug\net472\zSmartClient_UnitTest.dll" adapterTypeName="executor://mstestadapter/v2" className="SmartClient_UnitTest.VideoOS.RemoteClient.Plugin.GisMap.UI.DeviceSelectors.PanelComponents.DeviceSelectorPanelComponentTests" name="IconResourceKey_ShouldBeValid_WhenInteractionStateIsAddInput" />
    </UnitTest>
    <UnitTest name="ResolveSearchDefinitions_ShouldReturnResultSearchDefinition_WhenSingleSearchResultAndEmptySearchDefinitionsAreGiven" storage="d:\actions-runner\_work\xpco\xpco\sc\components\remoteviewer\smartclient\tst\zsmartclient_unittest\bin\x64\debug\net472\zsmartclient_unittest.dll" id="8bf4ac3f-d50d-8962-2b87-11176401d4e7">
      <TestCategory>
        <TestCategoryItem TestCategory="Search" />
      </TestCategory>
      <Execution id="349cb77e-cc43-4fc9-b272-472aa7a3a749" />
      <TestMethod codeBase="D:\actions-runner\_work\XPCO\XPCO\SC\Components\RemoteViewer\SmartClient\tst\zSmartClient_UnitTest\bin\x64\Debug\net472\zSmartClient_UnitTest.dll" adapterTypeName="executor://mstestadapter/v2" className="SmartClient_UnitTest.VideoOS.RemoteClient.Plugin.CentralizedSearch.Utils.SearchResultDataWrapperExtensionsTests" name="ResolveSearchDefinitions_ShouldReturnResultSearchDefinition_WhenSingleSearchResultAndEmptySearchDefinitionsAreGiven" />
    </UnitTest>
    <UnitTest name="GetItemsIn_BuildingNoLevels_Returns2Items" storage="d:\actions-runner\_work\xpco\xpco\sc\components\remoteviewer\smartclient\tst\zsmartclient_unittest\bin\x64\debug\net472\zsmartclient_unittest.dll" id="568e27a2-2d92-2560-0d4d-7360cf22e5e8">
      <TestCategory>
        <TestCategoryItem TestCategory="GisMapIndex" />
      </TestCategory>
      <Execution id="8f457374-437a-481d-90a5-61955e3d691e" />
      <TestMethod codeBase="D:\actions-runner\_work\XPCO\XPCO\SC\Components\RemoteViewer\SmartClient\tst\zSmartClient_UnitTest\bin\x64\Debug\net472\zSmartClient_UnitTest.dll" adapterTypeName="executor://mstestadapter/v2" className="SmartClient_UnitTest.VideoOS.RemoteClient.GisMapData.Common.Indexer.BuildingsAwareIndexerTests" name="GetItemsIn_BuildingNoLevels_Returns2Items" />
    </UnitTest>
    <UnitTest name="AddToExportTuples_ShouldReturnCorrectResult (5,0,0)" storage="d:\actions-runner\_work\xpco\xpco\sc\components\remoteviewer\smartclient\tst\zsmartclient_unittest\bin\x64\debug\net472\zsmartclient_unittest.dll" id="22c303b8-43d5-607e-1d1f-d8119ff03ede">
      <TestCategory>
        <TestCategoryItem TestCategory="Managers" />
      </TestCategory>
      <Execution id="ffcefa17-6103-4cc5-a78a-580a0a5c88db" />
      <TestMethod codeBase="D:\actions-runner\_work\XPCO\XPCO\SC\Components\RemoteViewer\SmartClient\tst\zSmartClient_UnitTest\bin\x64\Debug\net472\zSmartClient_UnitTest.dll" adapterTypeName="executor://mstestadapter/v2" className="SmartClient_UnitTest.VideoOS.RemoteClient.Application.Managers.ExportManagerTests" name="AddToExportTuples_ShouldReturnCorrectResult" />
    </UnitTest>
    <UnitTest name="Perform_NewActionDuringDelay_OverwritesPrevious" storage="d:\actions-runner\_work\xpco\xpco\sc\components\remoteviewer\smartclient\tst\zsmartclient_unittest\bin\x64\debug\net472\zsmartclient_unittest.dll" id="3c716f34-734b-16bb-9f28-27f6b4a026ec">
      <TestCategory>
        <TestCategoryItem TestCategory="UI.Facilitators" />
      </TestCategory>
      <Execution id="ad0242d9-f7fc-46bd-adfd-b0b37d42f2ca" />
      <TestMethod codeBase="D:\actions-runner\_work\XPCO\XPCO\SC\Components\RemoteViewer\SmartClient\tst\zSmartClient_UnitTest\bin\x64\Debug\net472\zSmartClient_UnitTest.dll" adapterTypeName="executor://mstestadapter/v2" className="SmartClient_UnitTest.VideoOS.UI.Common.EventDrivenBufferWithDelayTests" name="Perform_NewActionDuringDelay_OverwritesPrevious" />
    </UnitTest>
    <UnitTest name="MapInputIcons_WhenMilestoneOemResource_ShouldReturnSevenIcons" storage="d:\actions-runner\_work\xpco\xpco\sc\components\remoteviewer\smartclient\tst\zsmartclient_unittest\bin\x64\debug\net472\zsmartclient_unittest.dll" id="2e98d886-c9c5-7fb8-f647-7bfb037cf4a5">
      <Execution id="8a3c2cc5-a66a-422f-b068-fd1b94afd7d7" />
      <TestMethod codeBase="D:\actions-runner\_work\XPCO\XPCO\SC\Components\RemoteViewer\SmartClient\tst\zSmartClient_UnitTest\bin\x64\Debug\net472\zSmartClient_UnitTest.dll" adapterTypeName="executor://mstestadapter/v2" className="SmartClient_UnitTest.VideoOS.RemoteClient.Application.Controllers.OemResourceControllerTest" name="MapInputIcons_WhenMilestoneOemResource_ShouldReturnSevenIcons" />
    </UnitTest>
    <UnitTest name="SearchResultsActionBarActions_CreateSnapshot_OptionUnavailable_NotEnabled" storage="d:\actions-runner\_work\xpco\xpco\sc\components\remoteviewer\smartclient\tst\zsmartclient_unittest\bin\x64\debug\net472\zsmartclient_unittest.dll" id="d6051bbc-d4c3-a2f2-5d50-05eb2d368bda">
      <TestCategory>
        <TestCategoryItem TestCategory="SearchResultActionBarViewModel" />
      </TestCategory>
      <Execution id="9cf33bfb-3d7a-40a5-9b86-d8e4cf42a5c6" />
      <TestMethod codeBase="D:\actions-runner\_work\XPCO\XPCO\SC\Components\RemoteViewer\SmartClient\tst\zSmartClient_UnitTest\bin\x64\Debug\net472\zSmartClient_UnitTest.dll" adapterTypeName="executor://mstestadapter/v2" className="SmartClient_UnitTest.VideoOS.RemoteClient.Plugin.CentralizedSearch.ViewModels.SearchResultsActionBarViewModelTest" name="SearchResultsActionBarActions_CreateSnapshot_OptionUnavailable_NotEnabled" />
    </UnitTest>
    <UnitTest name="GetOSFullName_ShouldReturnSomething" storage="d:\actions-runner\_work\xpco\xpco\sc\components\remoteviewer\smartclient\tst\zsmartclient_unittest\bin\x64\debug\net472\zsmartclient_unittest.dll" id="55e4f137-ee25-d174-0329-0df4a0a2d62a">
      <Execution id="211bbbc3-3573-401f-bd4b-4149844cb4be" />
      <TestMethod codeBase="D:\actions-runner\_work\XPCO\XPCO\SC\Components\RemoteViewer\SmartClient\tst\zSmartClient_UnitTest\bin\x64\Debug\net472\zSmartClient_UnitTest.dll" adapterTypeName="executor://mstestadapter/v2" className="SmartClient_UnitTest.VideoOS.RemoteClient.Application.Common.Telemetry.SCTelemetrySpecificsTests" name="GetOSFullName_ShouldReturnSomething" />
    </UnitTest>
    <UnitTest name="Dispose_ShouldDetachOnUpdateUnmutedMicrophonesRaised_WhenCalled" storage="d:\actions-runner\_work\xpco\xpco\sc\components\remoteviewer\smartclient\tst\zsmartclient_unittest\bin\x64\debug\net472\zsmartclient_unittest.dll" id="acb150f5-b42c-e1e1-4437-dd62b031592b">
      <TestCategory>
        <TestCategoryItem TestCategory="GisMapData.MapLayers" />
      </TestCategory>
      <Execution id="253bc74c-903e-4340-a7f6-6af91bbc3a0d" />
      <TestMethod codeBase="D:\actions-runner\_work\XPCO\XPCO\SC\Components\RemoteViewer\SmartClient\tst\zSmartClient_UnitTest\bin\x64\Debug\net472\zSmartClient_UnitTest.dll" adapterTypeName="executor://mstestadapter/v2" className="SmartClient_UnitTest.VideoOS.RemoteClient.GisMapData.MapLayers.MicrophoneItemsMapLayerTests" name="Dispose_ShouldDetachOnUpdateUnmutedMicrophonesRaised_WhenCalled" />
    </UnitTest>
    <UnitTest name="SmartMapGetPositionRequestHandler_WhenDataIsValid_ShouldCallNavigateTo" storage="d:\actions-runner\_work\xpco\xpco\sc\components\remoteviewer\smartclient\tst\zsmartclient_unittest\bin\x64\debug\net472\zsmartclient_unittest.dll" id="e60bae60-c13a-330d-734d-4108f8865d47">
      <Execution id="08632ec3-4f64-4c06-924a-89e28a762479" />
      <TestMethod codeBase="D:\actions-runner\_work\XPCO\XPCO\SC\Components\RemoteViewer\SmartClient\tst\zSmartClient_UnitTest\bin\x64\Debug\net472\zSmartClient_UnitTest.dll" adapterTypeName="executor://mstestadapter/v2" className="SmartClient_UnitTest.VideoOS.RemoteClient.Plugin.GisMap.MIP.ContentHolderMipMessageManagerTests" name="SmartMapGetPositionRequestHandler_WhenDataIsValid_ShouldCallNavigateTo" />
    </UnitTest>
    <UnitTest name="ValidateExportName_ShouldReturnFailResult_ExportNameRequired" storage="d:\actions-runner\_work\xpco\xpco\sc\components\remoteviewer\smartclient\tst\zsmartclient_unittest\bin\x64\debug\net472\zsmartclient_unittest.dll" id="017cc019-8cef-3e6e-38b3-9860b15006c5">
      <TestCategory>
        <TestCategoryItem TestCategory="Export" />
      </TestCategory>
      <Execution id="068c7717-46a6-4812-97ee-0820f407ae40" />
      <TestMethod codeBase="D:\actions-runner\_work\XPCO\XPCO\SC\Components\RemoteViewer\SmartClient\tst\zSmartClient_UnitTest\bin\x64\Debug\net472\zSmartClient_UnitTest.dll" adapterTypeName="executor://mstestadapter/v2" className="SmartClient_UnitTest.VideoOS.RemoteClient.Plugin.Export.ExportDataValidatorTests" name="ValidateExportName_ShouldReturnFailResult_ExportNameRequired" />
    </UnitTest>
    <UnitTest name="BoundingBoxLiveStartNoLiveHandler" storage="d:\actions-runner\_work\xpco\xpco\sc\components\remoteviewer\smartclient\tst\zsmartclient_unittest\bin\x64\debug\net472\zsmartclient_unittest.dll" id="80e60020-24f2-b8c1-7ee1-a8544259cfd1">
      <Execution id="14e8e527-9f05-41b9-b232-e003e5cf45af" />
      <TestMethod codeBase="D:\actions-runner\_work\XPCO\XPCO\SC\Components\RemoteViewer\SmartClient\tst\zSmartClient_UnitTest\bin\x64\Debug\net472\zSmartClient_UnitTest.dll" adapterTypeName="executor://mstestadapter/v2" className="SmartClient_UnitTest.VideoOS.RemoteClient.Application.Data.Metadata.BoundingBoxes.BoundingBoxProviderTest" name="BoundingBoxLiveStartNoLiveHandler" />
    </UnitTest>
    <UnitTest name="ToNormalizedFieldOfView_OutOfRange_LessZero_Fail" storage="d:\actions-runner\_work\xpco\xpco\sc\components\remoteviewer\smartclient\tst\zsmartclient_unittest\bin\x64\debug\net472\zsmartclient_unittest.dll" id="7191513c-28f2-659c-e5d2-897223e1317f">
      <TestCategory>
        <TestCategoryItem TestCategory="GisMap" />
      </TestCategory>
      <Execution id="bee086fb-ca4f-4bf3-b104-9a9323341742" />
      <TestMethod codeBase="D:\actions-runner\_work\XPCO\XPCO\SC\Components\RemoteViewer\SmartClient\tst\zSmartClient_UnitTest\bin\x64\Debug\net472\zSmartClient_UnitTest.dll" adapterTypeName="executor://mstestadapter/v2" className="SmartClient_UnitTest.VideoOS.RemoteClient.GisMap.Utilities.GisUtilityTests" name="ToNormalizedFieldOfView_OutOfRange_LessZero_Fail" />
    </UnitTest>
    <UnitTest name="TrySelectAvailableExportNameTest_ShouldThrowException_WhenExportDataValidatorIsNull" storage="d:\actions-runner\_work\xpco\xpco\sc\components\remoteviewer\smartclient\tst\zsmartclient_unittest\bin\x64\debug\net472\zsmartclient_unittest.dll" id="0acd9aea-66db-23f1-2f4e-7c9500451a5d">
      <Execution id="73d195a1-ed0b-4e98-a556-648419662e24" />
      <TestMethod codeBase="D:\actions-runner\_work\XPCO\XPCO\SC\Components\RemoteViewer\SmartClient\tst\zSmartClient_UnitTest\bin\x64\Debug\net472\zSmartClient_UnitTest.dll" adapterTypeName="executor://mstestadapter/v2" className="SmartClient_UnitTest.VideoOS.RemoteClient.Application.Data.Export.ExportDataHelperTests" name="TrySelectAvailableExportNameTest_ShouldThrowException_WhenExportDataValidatorIsNull" />
    </UnitTest>
    <UnitTest name="AddToExportDevices_ShouldReturnCorrectResult (0,0,5)" storage="d:\actions-runner\_work\xpco\xpco\sc\components\remoteviewer\smartclient\tst\zsmartclient_unittest\bin\x64\debug\net472\zsmartclient_unittest.dll" id="d7914310-2797-ff1f-ca17-4f5e247c4bf2">
      <TestCategory>
        <TestCategoryItem TestCategory="Managers" />
      </TestCategory>
      <Execution id="090e7f32-7eed-4483-bf61-1c896a4c8f6f" />
      <TestMethod codeBase="D:\actions-runner\_work\XPCO\XPCO\SC\Components\RemoteViewer\SmartClient\tst\zSmartClient_UnitTest\bin\x64\Debug\net472\zSmartClient_UnitTest.dll" adapterTypeName="executor://mstestadapter/v2" className="SmartClient_UnitTest.VideoOS.RemoteClient.Application.Managers.ExportManagerTests" name="AddToExportDevices_ShouldReturnCorrectResult" />
    </UnitTest>
    <UnitTest name="Default, not forced" storage="d:\actions-runner\_work\xpco\xpco\sc\components\remoteviewer\smartclient\tst\zsmartclient_unittest\bin\x64\debug\net472\zsmartclient_unittest.dll" id="f7204c3a-a2f1-1bb5-2fa5-0b71c4b947a5">
      <TestCategory>
        <TestCategoryItem TestCategory="Export" />
      </TestCategory>
      <Execution id="8870dbdb-efa2-4d20-95b4-ae61a92f423a" />
      <TestMethod codeBase="D:\actions-runner\_work\XPCO\XPCO\SC\Components\RemoteViewer\SmartClient\tst\zSmartClient_UnitTest\bin\x64\Debug\net472\zSmartClient_UnitTest.dll" adapterTypeName="executor://mstestadapter/v2" className="SmartClient_UnitTest.VideoOS.RemoteClient.Plugin.Export.CreateExportDialogViewModelTests" name="CreateExportDialog_ExportPathCanBeModified_BasedOnOptions" />
    </UnitTest>
    <UnitTest name="SearchResultContainerView_OnItemActivated_AnimationEnabled_DetailsViewAddedToDetailsViewControl" storage="d:\actions-runner\_work\xpco\xpco\sc\components\remoteviewer\smartclient\tst\zsmartclient_unittest\bin\x64\debug\net472\zsmartclient_unittest.dll" id="df3f8216-c259-3e39-24bc-16b94a530f01">
      <TestCategory>
        <TestCategoryItem TestCategory="SearchViews" />
      </TestCategory>
      <Execution id="c9f0bb5e-53d1-49cc-8104-8b4b790f4d3c" />
      <TestMethod codeBase="D:\actions-runner\_work\XPCO\XPCO\SC\Components\RemoteViewer\SmartClient\tst\zSmartClient_UnitTest\bin\x64\Debug\net472\zSmartClient_UnitTest.dll" adapterTypeName="executor://mstestadapter/v2" className="SmartClient_UnitTest.VideoOS.RemoteClient.Plugin.CentralizedSearch.Views.SearchResultsViewTests" name="SearchResultContainerView_OnItemActivated_AnimationEnabled_DetailsViewAddedToDetailsViewControl" />
    </UnitTest>
    <UnitTest name="AddSelectedWindowsToExport_ShouldShowCorrectToastMessages (5,0,5)" storage="d:\actions-runner\_work\xpco\xpco\sc\components\remoteviewer\smartclient\tst\zsmartclient_unittest\bin\x64\debug\net472\zsmartclient_unittest.dll" id="f31e45eb-b31b-c8a0-0fd1-7b7c41d2f7a0">
      <TestCategory>
        <TestCategoryItem TestCategory="Managers" />
      </TestCategory>
      <Execution id="731f3c81-fb97-4622-840a-23e2e78864b6" />
      <TestMethod codeBase="D:\actions-runner\_work\XPCO\XPCO\SC\Components\RemoteViewer\SmartClient\tst\zSmartClient_UnitTest\bin\x64\Debug\net472\zSmartClient_UnitTest.dll" adapterTypeName="executor://mstestadapter/v2" className="SmartClient_UnitTest.VideoOS.RemoteClient.Application.Managers.ExportManagerTests" name="AddSelectedWindowsToExport_ShouldShowCorrectToastMessages" />
    </UnitTest>
    <UnitTest name="CreateDefinition_ModifyOneDefinition_DelayedSearchStartedForAllDefinitions" storage="d:\actions-runner\_work\xpco\xpco\sc\components\remoteviewer\smartclient\tst\zsmartclient_unittest\bin\x64\debug\net472\zsmartclient_unittest.dll" id="6ec299cf-433f-6019-4dfb-ce39d2dfd94a">
      <TestCategory>
        <TestCategoryItem TestCategory="SearchModels" />
      </TestCategory>
      <Execution id="0022df1b-e37b-40cb-bdec-fb8e602475e7" />
      <TestMethod codeBase="D:\actions-runner\_work\XPCO\XPCO\SC\Components\RemoteViewer\SmartClient\tst\zSmartClient_UnitTest\bin\x64\Debug\net472\zSmartClient_UnitTest.dll" adapterTypeName="executor://mstestadapter/v2" className="SmartClient_UnitTest.VideoOS.RemoteClient.Plugin.CentralizedSearch.Models.SearchModelTests" name="CreateDefinition_ModifyOneDefinition_DelayedSearchStartedForAllDefinitions" />
    </UnitTest>
    <UnitTest name="AlwaysPutSmartWallBeforeViews" storage="d:\actions-runner\_work\xpco\xpco\sc\components\remoteviewer\smartclient\tst\zsmartclient_unittest\bin\x64\debug\net472\zsmartclient_unittest.dll" id="add162a8-f1ad-a5bc-d7cc-f7fa5d66acf8">
      <Execution id="e975e210-421b-4381-8af3-275855f09642" />
      <TestMethod codeBase="D:\actions-runner\_work\XPCO\XPCO\SC\Components\RemoteViewer\SmartClient\tst\zSmartClient_UnitTest\bin\x64\Debug\net472\zSmartClient_UnitTest.dll" adapterTypeName="executor://mstestadapter/v2" className="SmartClient_UnitTest.VideoOS.RemoteClient.Application.UI.Common.ViewTree.SortingTests" name="AlwaysPutSmartWallBeforeViews" />
    </UnitTest>
    <UnitTest name="SearchResultDetailsView_EscapeKey_AnimationDisabled_DetailsViewRemovedFromDetailsViewControl" storage="d:\actions-runner\_work\xpco\xpco\sc\components\remoteviewer\smartclient\tst\zsmartclient_unittest\bin\x64\debug\net472\zsmartclient_unittest.dll" id="2f6c3871-63b7-76a6-f56a-4c6dd0f4f467">
      <TestCategory>
        <TestCategoryItem TestCategory="SearchViews" />
      </TestCategory>
      <Execution id="346f4190-5ad5-4224-8404-ae109137fc9e" />
      <TestMethod codeBase="D:\actions-runner\_work\XPCO\XPCO\SC\Components\RemoteViewer\SmartClient\tst\zSmartClient_UnitTest\bin\x64\Debug\net472\zSmartClient_UnitTest.dll" adapterTypeName="executor://mstestadapter/v2" className="SmartClient_UnitTest.VideoOS.RemoteClient.Plugin.CentralizedSearch.Views.SearchResultsViewTests" name="SearchResultDetailsView_EscapeKey_AnimationDisabled_DetailsViewRemovedFromDetailsViewControl" />
    </UnitTest>
    <UnitTest name="GetIsOpenStreetMapValid_ShouldReturnFalse_WhenGeographicLayerIsUnavailableAndAlternativeServerHasInvalidUrl" storage="d:\actions-runner\_work\xpco\xpco\sc\components\remoteviewer\smartclient\tst\zsmartclient_unittest\bin\x64\debug\net472\zsmartclient_unittest.dll" id="72ff64d9-b16e-e940-9856-804e7e3a62f9">
      <TestCategory>
        <TestCategoryItem TestCategory="GisMapData.Controllers.Osm" />
      </TestCategory>
      <Execution id="05e3f27d-7d61-4980-9fe2-1ce14d047526" />
      <TestMethod codeBase="D:\actions-runner\_work\XPCO\XPCO\SC\Components\RemoteViewer\SmartClient\tst\zSmartClient_UnitTest\bin\x64\Debug\net472\zSmartClient_UnitTest.dll" adapterTypeName="executor://mstestadapter/v2" className="SmartClient_UnitTest.VideoOS.RemoteClient.GisMapData.Controllers.Osm.GisMapOsmControllerTests" name="GetIsOpenStreetMapValid_ShouldReturnFalse_WhenGeographicLayerIsUnavailableAndAlternativeServerHasInvalidUrl" />
    </UnitTest>
    <UnitTest name="PatrollingProfileViewModelTest_SelectEndPosition_SamePosition" storage="d:\actions-runner\_work\xpco\xpco\sc\components\remoteviewer\smartclient\tst\zsmartclient_unittest\bin\x64\debug\net472\zsmartclient_unittest.dll" id="1bcc3d33-eed0-82c1-06ce-172f567f9802">
      <Execution id="0cdc5638-e4fb-42e9-b73e-e9ce7a6c223b" />
      <TestMethod codeBase="D:\actions-runner\_work\XPCO\XPCO\SC\Components\RemoteViewer\SmartClient\tst\zSmartClient_UnitTest\bin\x64\Debug\net472\zSmartClient_UnitTest.dll" adapterTypeName="executor://mstestadapter/v2" className="SmartClient_UnitTest.VideoOS.RemoteClient.Application.UI.PtzPreset.PatrollingViewModel.PatrollingProfileViewModelTest" name="PatrollingProfileViewModelTest_SelectEndPosition_SamePosition" />
    </UnitTest>
    <UnitTest name="HandleGetDeviceData_ShouldReturnNotFoundDeviceData_WhenNotSupportedKind" storage="d:\actions-runner\_work\xpco\xpco\sc\components\remoteviewer\smartclient\tst\zsmartclient_unittest\bin\x64\debug\net472\zsmartclient_unittest.dll" id="2fb66288-907e-6f79-7496-8522636043b2">
      <TestCategory>
        <TestCategoryItem TestCategory="GisMap.Handlers.Devices.MapItems" />
      </TestCategory>
      <Execution id="bc6a8036-2d6f-45a0-ac25-c91b64e789bf" />
      <TestMethod codeBase="D:\actions-runner\_work\XPCO\XPCO\SC\Components\RemoteViewer\SmartClient\tst\zSmartClient_UnitTest\bin\x64\Debug\net472\zSmartClient_UnitTest.dll" adapterTypeName="executor://mstestadapter/v2" className="SmartClient_UnitTest.VideoOS.RemoteClient.Plugin.GisMap.Handlers.Devices.MapItems.MicrophoneDataHandlerTests" name="HandleGetDeviceData_ShouldReturnNotFoundDeviceData_WhenNotSupportedKind" />
    </UnitTest>
    <UnitTest name="Compare_ShouldSortByPrimaryEventTime_WhenCombinedResultsAreEquallyRelevant" storage="d:\actions-runner\_work\xpco\xpco\sc\components\remoteviewer\smartclient\tst\zsmartclient_unittest\bin\x64\debug\net472\zsmartclient_unittest.dll" id="bcd71d5d-281d-5d3b-7426-e01e3ca8b29e">
      <TestCategory>
        <TestCategoryItem TestCategory="SearchComparers" />
      </TestCategory>
      <Execution id="c5c1a94b-41d2-49a6-ac40-19582f984ec1" />
      <TestMethod codeBase="D:\actions-runner\_work\XPCO\XPCO\SC\Components\RemoteViewer\SmartClient\tst\zSmartClient_UnitTest\bin\x64\Debug\net472\zSmartClient_UnitTest.dll" adapterTypeName="executor://mstestadapter/v2" className="SmartClient_UnitTest.VideoOS.RemoteClient.Plugin.CentralizedSearch.Models.Wrappers.Comparers.RelevanceComparerTests" name="Compare_ShouldSortByPrimaryEventTime_WhenCombinedResultsAreEquallyRelevant" />
    </UnitTest>
    <UnitTest name="CreateExportDialog_CanCreateExport_WhenOnlyExportToOpticsAndInvalidExportPath" storage="d:\actions-runner\_work\xpco\xpco\sc\components\remoteviewer\smartclient\tst\zsmartclient_unittest\bin\x64\debug\net472\zsmartclient_unittest.dll" id="e0ddb94a-4c42-ee26-7803-7c8bb915b98c">
      <TestCategory>
        <TestCategoryItem TestCategory="Export" />
      </TestCategory>
      <Execution id="a2e4f3f4-4041-49d3-894b-bf257cae0c59" />
      <TestMethod codeBase="D:\actions-runner\_work\XPCO\XPCO\SC\Components\RemoteViewer\SmartClient\tst\zSmartClient_UnitTest\bin\x64\Debug\net472\zSmartClient_UnitTest.dll" adapterTypeName="executor://mstestadapter/v2" className="SmartClient_UnitTest.VideoOS.RemoteClient.Plugin.Export.CreateExportDialogViewModelTests" name="CreateExportDialog_CanCreateExport_WhenOnlyExportToOpticsAndInvalidExportPath" />
    </UnitTest>
    <UnitTest name="DoubleClickOnPreviewPlayer_ShouldOpenDetailsViewWithAnimation_WhenFocusedItemIsNotNullAndAnimationsAreEnabled" storage="d:\actions-runner\_work\xpco\xpco\sc\components\remoteviewer\smartclient\tst\zsmartclient_unittest\bin\x64\debug\net472\zsmartclient_unittest.dll" id="7899bcea-7118-cfa0-aa3f-14444c7eb8ac">
      <TestCategory>
        <TestCategoryItem TestCategory="SearchViews" />
      </TestCategory>
      <Execution id="c3fcaa7f-f23d-4437-bfe7-a64976434d94" />
      <TestMethod codeBase="D:\actions-runner\_work\XPCO\XPCO\SC\Components\RemoteViewer\SmartClient\tst\zSmartClient_UnitTest\bin\x64\Debug\net472\zSmartClient_UnitTest.dll" adapterTypeName="executor://mstestadapter/v2" className="SmartClient_UnitTest.VideoOS.RemoteClient.Plugin.CentralizedSearch.Views.SearchResultsViewTests" name="DoubleClickOnPreviewPlayer_ShouldOpenDetailsViewWithAnimation_WhenFocusedItemIsNotNullAndAnimationsAreEnabled" />
    </UnitTest>
    <UnitTest name="IconTooltip_ShouldBeValid_WhenInteractionStateIsAddCamera" storage="d:\actions-runner\_work\xpco\xpco\sc\components\remoteviewer\smartclient\tst\zsmartclient_unittest\bin\x64\debug\net472\zsmartclient_unittest.dll" id="6447c994-5b95-325f-325b-e1016ffa29e1">
      <TestCategory>
        <TestCategoryItem TestCategory="GisMap.UI.DeviceSelectors.PanelComponents" />
      </TestCategory>
      <Execution id="50be5cc7-fee4-431c-aad9-19d97913f96b" />
      <TestMethod codeBase="D:\actions-runner\_work\XPCO\XPCO\SC\Components\RemoteViewer\SmartClient\tst\zSmartClient_UnitTest\bin\x64\Debug\net472\zSmartClient_UnitTest.dll" adapterTypeName="executor://mstestadapter/v2" className="SmartClient_UnitTest.VideoOS.RemoteClient.Plugin.GisMap.UI.DeviceSelectors.PanelComponents.DeviceSelectorPanelComponentTests" name="IconTooltip_ShouldBeValid_WhenInteractionStateIsAddCamera" />
    </UnitTest>
    <UnitTest name="MotionAreaInfoDto_ShouldYieldSameValues_WhenRoundTripConverted" storage="d:\actions-runner\_work\xpco\xpco\sc\components\remoteviewer\smartclient\tst\zsmartclient_unittest\bin\x64\debug\net472\zsmartclient_unittest.dll" id="ee6192d4-4913-e5e7-42dd-becf117dbb37">
      <TestCategory>
        <TestCategoryItem TestCategory="RecorderProxyToDtoMapping" />
      </TestCategory>
      <Execution id="f08fddf1-bf48-466a-b5c1-7d007237c7fd" />
      <TestMethod codeBase="D:\actions-runner\_work\XPCO\XPCO\SC\Components\RemoteViewer\SmartClient\tst\zSmartClient_UnitTest\bin\x64\Debug\net472\zSmartClient_UnitTest.dll" adapterTypeName="executor://mstestadapter/v2" className="VideoOS.Shared.ServerAPI.SOAP.RecorderClientMappingTests" name="MotionAreaInfoDto_ShouldYieldSameValues_WhenRoundTripConverted" />
    </UnitTest>
    <UnitTest name="Map_Layers_InsertDirectly_Fail" storage="d:\actions-runner\_work\xpco\xpco\sc\components\remoteviewer\smartclient\tst\zsmartclient_unittest\bin\x64\debug\net472\zsmartclient_unittest.dll" id="1bd47a22-fa5c-5334-c7fb-8e1b4053f662">
      <TestCategory>
        <TestCategoryItem TestCategory="GisMapLayers" />
      </TestCategory>
      <Execution id="e942bcf2-b124-471f-982f-6b44b8f9af9c" />
      <TestMethod codeBase="D:\actions-runner\_work\XPCO\XPCO\SC\Components\RemoteViewer\SmartClient\tst\zSmartClient_UnitTest\bin\x64\Debug\net472\zSmartClient_UnitTest.dll" adapterTypeName="executor://mstestadapter/v2" className="SmartClient_UnitTest.VideoOS.RemoteClient.GisMapData.GisMapLayerTests" name="Map_Layers_InsertDirectly_Fail" />
    </UnitTest>
    <UnitTest name="SmartSearchStatusType_ShouldYieldSameValuesForAllEnumValues_WhenRoundTripConverted (SearchResultReady,SearchResultReady)" storage="d:\actions-runner\_work\xpco\xpco\sc\components\remoteviewer\smartclient\tst\zsmartclient_unittest\bin\x64\debug\net472\zsmartclient_unittest.dll" id="337537ae-5ca8-61cb-549e-269d84719921">
      <TestCategory>
        <TestCategoryItem TestCategory="RecorderProxyToDtoMapping" />
      </TestCategory>
      <Execution id="51be9cbc-abbb-40de-ad28-6bd78e506412" />
      <TestMethod codeBase="D:\actions-runner\_work\XPCO\XPCO\SC\Components\RemoteViewer\SmartClient\tst\zSmartClient_UnitTest\bin\x64\Debug\net472\zSmartClient_UnitTest.dll" adapterTypeName="executor://mstestadapter/v2" className="VideoOS.Shared.ServerAPI.SOAP.RecorderClientMappingTests" name="SmartSearchStatusType_ShouldYieldSameValuesForAllEnumValues_WhenRoundTripConverted" />
    </UnitTest>
    <UnitTest name="IsCamera_ShouldReturnTrue_WhenSingleCameraSelected" storage="d:\actions-runner\_work\xpco\xpco\sc\components\remoteviewer\smartclient\tst\zsmartclient_unittest\bin\x64\debug\net472\zsmartclient_unittest.dll" id="18372786-9c22-e3d6-04ef-6b4e808d181a">
      <Execution id="e693c92d-d7e9-4960-b826-460f25146272" />
      <TestMethod codeBase="D:\actions-runner\_work\XPCO\XPCO\SC\Components\RemoteViewer\SmartClient\tst\zSmartClient_UnitTest\bin\x64\Debug\net472\zSmartClient_UnitTest.dll" adapterTypeName="executor://mstestadapter/v2" className="SmartClient_UnitTest.VideoOS.RemoteClient.Application.Data.ContentTypes.ReportingContentType.DashboardExtentionsTest" name="IsCamera_ShouldReturnTrue_WhenSingleCameraSelected" />
    </UnitTest>
    <UnitTest name="SidePanelToggleButtonIsVisible_DependingOnConditions (FullScreen,False,False,False)" storage="d:\actions-runner\_work\xpco\xpco\sc\components\remoteviewer\smartclient\tst\zsmartclient_unittest\bin\x64\debug\net472\zsmartclient_unittest.dll" id="9225bf65-6a60-daf8-2288-dab2e9c23bc2">
      <TestCategory>
        <TestCategoryItem TestCategory="WorkspaceToolbar" />
      </TestCategory>
      <Execution id="250056f1-9a25-4b26-9151-7eba49ac5c7d" />
      <TestMethod codeBase="D:\actions-runner\_work\XPCO\XPCO\SC\Components\RemoteViewer\SmartClient\tst\zSmartClient_UnitTest\bin\x64\Debug\net472\zSmartClient_UnitTest.dll" adapterTypeName="executor://mstestadapter/v2" className="SmartClient_UnitTest.VideoOS.RemoteClient.Application.UI.Content.WorkspaceToolbar.WorkspaceToolbarViewModelTests" name="SidePanelToggleButtonIsVisible_DependingOnConditions" />
    </UnitTest>
    <UnitTest name="Connect_SucceedeInConnectingWithOAuthUnsecure_ShouldReturnTrue" storage="d:\actions-runner\_work\xpco\xpco\sc\components\remoteviewer\smartclient\tst\zsmartclient_unittest\bin\x64\debug\net472\zsmartclient_unittest.dll" id="881744e7-6022-e700-6b80-eadb3836c4cd">
      <Execution id="b1ee81a9-e7f5-4428-abec-dccfe15cdef7" />
      <TestMethod codeBase="D:\actions-runner\_work\XPCO\XPCO\SC\Components\RemoteViewer\SmartClient\tst\zSmartClient_UnitTest\bin\x64\Debug\net472\zSmartClient_UnitTest.dll" adapterTypeName="executor://mstestadapter/v2" className="VideoOS.Shared.ServerAPI.VMOViewerClientFacade.UnitTest.VMOViewerClientFacadeTests" name="Connect_SucceedeInConnectingWithOAuthUnsecure_ShouldReturnTrue" />
    </UnitTest>
    <UnitTest name="AddToExportTuples_ShouldReturnCorrectResult (1,1,0)" storage="d:\actions-runner\_work\xpco\xpco\sc\components\remoteviewer\smartclient\tst\zsmartclient_unittest\bin\x64\debug\net472\zsmartclient_unittest.dll" id="cf1b5120-2f82-9f5f-15f1-028f78b34222">
      <TestCategory>
        <TestCategoryItem TestCategory="Managers" />
      </TestCategory>
      <Execution id="f210b186-e05b-4aa4-8d3e-1731cf32bbc3" />
      <TestMethod codeBase="D:\actions-runner\_work\XPCO\XPCO\SC\Components\RemoteViewer\SmartClient\tst\zSmartClient_UnitTest\bin\x64\Debug\net472\zSmartClient_UnitTest.dll" adapterTypeName="executor://mstestadapter/v2" className="SmartClient_UnitTest.VideoOS.RemoteClient.Application.Managers.ExportManagerTests" name="AddToExportTuples_ShouldReturnCorrectResult" />
    </UnitTest>
    <UnitTest name="BookmarkSearchTime_WithSearchStringInDifferentCases_ReturnCorrectBookmarkWithSearchStringInDescription (SeArChStRiNg,False,True,False,False,,SeArChStRiNg,1)" storage="d:\actions-runner\_work\xpco\xpco\sc\components\remoteviewer\smartclient\tst\zsmartclient_unittest\bin\x64\debug\net472\zsmartclient_unittest.dll" id="52ea9bfe-1874-02a6-4b0f-ab5154a2f6b0">
      <Execution id="318b7135-ea45-4190-a756-25461b66384e" />
      <TestMethod codeBase="D:\actions-runner\_work\XPCO\XPCO\SC\Components\RemoteViewer\SmartClient\tst\zSmartClient_UnitTest\bin\x64\Debug\net472\zSmartClient_UnitTest.dll" adapterTypeName="executor://mstestadapter/v2" className="SmartClient_UnitTest.VideoOS.RemoteClient.Application.Data.Offline.UnitTest.BookmarkExportReaderTest" name="BookmarkSearchTime_WithSearchStringInDifferentCases_ReturnCorrectBookmarkWithSearchStringInDescription" />
    </UnitTest>
    <UnitTest name="GetDuration_OneHour_Success" storage="d:\actions-runner\_work\xpco\xpco\sc\components\remoteviewer\smartclient\tst\zsmartclient_unittest\bin\x64\debug\net472\zsmartclient_unittest.dll" id="b583fd3b-a208-f88c-adeb-f397f1f95808">
      <TestCategory>
        <TestCategoryItem TestCategory="Search" />
      </TestCategory>
      <Execution id="6dbd8650-c5d3-4a28-ada0-e278265124c8" />
      <TestMethod codeBase="D:\actions-runner\_work\XPCO\XPCO\SC\Components\RemoteViewer\SmartClient\tst\zSmartClient_UnitTest\bin\x64\Debug\net472\zSmartClient_UnitTest.dll" adapterTypeName="executor://mstestadapter/v2" className="SmartClient_UnitTest.VideoOS.RemoteClient.Plugin.CentralizedSearch.ViewModels.Data.TimeScopeTests" name="GetDuration_OneHour_Success" />
    </UnitTest>
    <UnitTest name="ValidateExportLocation_ShouldReturnFailResult_DestinationRequired" storage="d:\actions-runner\_work\xpco\xpco\sc\components\remoteviewer\smartclient\tst\zsmartclient_unittest\bin\x64\debug\net472\zsmartclient_unittest.dll" id="4b6fecb5-59c1-ea5f-e98e-45127e9005f6">
      <TestCategory>
        <TestCategoryItem TestCategory="Export" />
      </TestCategory>
      <Execution id="16f47f16-9e36-4d00-8e34-66c32e9a75d4" />
      <TestMethod codeBase="D:\actions-runner\_work\XPCO\XPCO\SC\Components\RemoteViewer\SmartClient\tst\zSmartClient_UnitTest\bin\x64\Debug\net472\zSmartClient_UnitTest.dll" adapterTypeName="executor://mstestadapter/v2" className="SmartClient_UnitTest.VideoOS.RemoteClient.Plugin.Export.ExportDataValidatorTests" name="ValidateExportLocation_ShouldReturnFailResult_DestinationRequired" />
    </UnitTest>
    <UnitTest name="GetServerTypes_ShouldReturnServiceChannelType" storage="d:\actions-runner\_work\xpco\xpco\sc\components\remoteviewer\smartclient\tst\zsmartclient_unittest\bin\x64\debug\net472\zsmartclient_unittest.dll" id="7ef6fc17-41f7-b6dd-5a72-5e5de8ea26a4">
      <Execution id="e066d197-67b7-4cb8-a5f8-f4a0712a2175" />
      <TestMethod codeBase="D:\actions-runner\_work\XPCO\XPCO\SC\Components\RemoteViewer\SmartClient\tst\zSmartClient_UnitTest\bin\x64\Debug\net472\zSmartClient_UnitTest.dll" adapterTypeName="executor://mstestadapter/v2" className="SmartClient_UnitTest.VideoOS.RemoteClient.Application.Data.ContentTypes.ReportingContentType.DashboardExtentionsTest" name="GetServerTypes_ShouldReturnServiceChannelType" />
    </UnitTest>
    <UnitTest name="AddSelectedWindowsToExport_ShouldShowCorrectToastMessages (1,0,0)" storage="d:\actions-runner\_work\xpco\xpco\sc\components\remoteviewer\smartclient\tst\zsmartclient_unittest\bin\x64\debug\net472\zsmartclient_unittest.dll" id="343a30d3-1c98-4af1-2d1b-916bd3f172bd">
      <TestCategory>
        <TestCategoryItem TestCategory="Managers" />
      </TestCategory>
      <Execution id="53cd8f6d-8981-4402-ab70-4638acd8bb21" />
      <TestMethod codeBase="D:\actions-runner\_work\XPCO\XPCO\SC\Components\RemoteViewer\SmartClient\tst\zSmartClient_UnitTest\bin\x64\Debug\net472\zSmartClient_UnitTest.dll" adapterTypeName="executor://mstestadapter/v2" className="SmartClient_UnitTest.VideoOS.RemoteClient.Application.Managers.ExportManagerTests" name="AddSelectedWindowsToExport_ShouldShowCorrectToastMessages" />
    </UnitTest>
    <UnitTest name="PopulateTooltip_SingleResultsFromFewCameras12Hours_ValidText" storage="d:\actions-runner\_work\xpco\xpco\sc\components\remoteviewer\smartclient\tst\zsmartclient_unittest\bin\x64\debug\net472\zsmartclient_unittest.dll" id="6999d28b-b0a1-0e27-60a0-97e9ac879716">
      <TestCategory>
        <TestCategoryItem TestCategory="SearchControls" />
      </TestCategory>
      <Execution id="72cc240c-d389-4f1a-84a8-560cb0f4f739" />
      <TestMethod codeBase="D:\actions-runner\_work\XPCO\XPCO\SC\Components\RemoteViewer\SmartClient\tst\zSmartClient_UnitTest\bin\x64\Debug\net472\zSmartClient_UnitTest.dll" adapterTypeName="executor://mstestadapter/v2" className="SmartClient_UnitTest.VideoOS.RemoteClient.Plugin.CentralizedSearch.Views.Controls.TimelineRuler.TimelineRulerControlTests" name="PopulateTooltip_SingleResultsFromFewCameras12Hours_ValidText" />
    </UnitTest>
    <UnitTest name="Constructor_ShouldRaiseArgumentNullException_WhenLayersIsNull" storage="d:\actions-runner\_work\xpco\xpco\sc\components\remoteviewer\smartclient\tst\zsmartclient_unittest\bin\x64\debug\net472\zsmartclient_unittest.dll" id="13ba617e-c06d-6b6c-0709-611e06771ad4">
      <TestCategory>
        <TestCategoryItem TestCategory="GisMapData.Handlers.LayerFeatures" />
      </TestCategory>
      <Execution id="79df5b13-e92e-4217-9452-3be1f9fa9941" />
      <TestMethod codeBase="D:\actions-runner\_work\XPCO\XPCO\SC\Components\RemoteViewer\SmartClient\tst\zSmartClient_UnitTest\bin\x64\Debug\net472\zSmartClient_UnitTest.dll" adapterTypeName="executor://mstestadapter/v2" className="SmartClient_UnitTest.VideoOS.RemoteClient.GisMapData.Handlers.LayerFeatures.CameraLayerFeaturesHandlerTests" name="Constructor_ShouldRaiseArgumentNullException_WhenLayersIsNull" />
    </UnitTest>
    <UnitTest name="AutomationId_ShouldBeValid_WhenInteractionStateIsInput" storage="d:\actions-runner\_work\xpco\xpco\sc\components\remoteviewer\smartclient\tst\zsmartclient_unittest\bin\x64\debug\net472\zsmartclient_unittest.dll" id="c7b7da64-3485-b2c1-376a-4a2776f7bf98">
      <TestCategory>
        <TestCategoryItem TestCategory="GisMap.UI.DeviceSelectors.PanelComponents" />
      </TestCategory>
      <Execution id="f0c7d26b-3368-4884-926d-5d2c6fe4480a" />
      <TestMethod codeBase="D:\actions-runner\_work\XPCO\XPCO\SC\Components\RemoteViewer\SmartClient\tst\zSmartClient_UnitTest\bin\x64\Debug\net472\zSmartClient_UnitTest.dll" adapterTypeName="executor://mstestadapter/v2" className="SmartClient_UnitTest.VideoOS.RemoteClient.Plugin.GisMap.UI.DeviceSelectors.PanelComponents.DeviceSelectorPanelComponentTests" name="AutomationId_ShouldBeValid_WhenInteractionStateIsInput" />
    </UnitTest>
    <UnitTest name="PopulateTooltip_FewResultsFromFewCameras24Hours_ValidText" storage="d:\actions-runner\_work\xpco\xpco\sc\components\remoteviewer\smartclient\tst\zsmartclient_unittest\bin\x64\debug\net472\zsmartclient_unittest.dll" id="86b5c5b9-f5c0-2dad-738f-2d685bd44644">
      <TestCategory>
        <TestCategoryItem TestCategory="SearchControls" />
      </TestCategory>
      <Execution id="56ed5063-6314-4f1d-830d-23fe61836ac8" />
      <TestMethod codeBase="D:\actions-runner\_work\XPCO\XPCO\SC\Components\RemoteViewer\SmartClient\tst\zSmartClient_UnitTest\bin\x64\Debug\net472\zSmartClient_UnitTest.dll" adapterTypeName="executor://mstestadapter/v2" className="SmartClient_UnitTest.VideoOS.RemoteClient.Plugin.CentralizedSearch.Views.Controls.TimelineRuler.TimelineRulerControlTests" name="PopulateTooltip_FewResultsFromFewCameras24Hours_ValidText" />
    </UnitTest>
    <UnitTest name="PatrollingPresetViewModel_Constructor_2_Success" storage="d:\actions-runner\_work\xpco\xpco\sc\components\remoteviewer\smartclient\tst\zsmartclient_unittest\bin\x64\debug\net472\zsmartclient_unittest.dll" id="0d43d95c-82c9-c386-cdd6-8d869ea0afd9">
      <Execution id="d9599f60-35d1-405c-bb24-9a8eae1919af" />
      <TestMethod codeBase="D:\actions-runner\_work\XPCO\XPCO\SC\Components\RemoteViewer\SmartClient\tst\zSmartClient_UnitTest\bin\x64\Debug\net472\zSmartClient_UnitTest.dll" adapterTypeName="executor://mstestadapter/v2" className="SmartClient_UnitTest.VideoOS.RemoteClient.Application.UI.PtzPreset.PatrollingViewModel.PatrollingPresetViewModelTest" name="PatrollingPresetViewModel_Constructor_2_Success" />
    </UnitTest>
    <UnitTest name="Detach_ShouldNotRaiseAnException_WhenAttachWasNotCalledPreviously" storage="d:\actions-runner\_work\xpco\xpco\sc\components\remoteviewer\smartclient\tst\zsmartclient_unittest\bin\x64\debug\net472\zsmartclient_unittest.dll" id="935f6e0f-c97b-5019-7e62-2a29c5b4df2c">
      <TestCategory>
        <TestCategoryItem TestCategory="GisMap.WindowsBases" />
      </TestCategory>
      <Execution id="52452627-17f4-4b3e-98bf-a067dad92601" />
      <TestMethod codeBase="D:\actions-runner\_work\XPCO\XPCO\SC\Components\RemoteViewer\SmartClient\tst\zSmartClient_UnitTest\bin\x64\Debug\net472\zSmartClient_UnitTest.dll" adapterTypeName="executor://mstestadapter/v2" className="SmartClient_UnitTest.VideoOS.RemoteClient.Plugin.GisMap.Windows.Bases.DragWindowDecoratorTests" name="Detach_ShouldNotRaiseAnException_WhenAttachWasNotCalledPreviously" />
    </UnitTest>
    <UnitTest name="AddResults_NoPartialResults_Success" storage="d:\actions-runner\_work\xpco\xpco\sc\components\remoteviewer\smartclient\tst\zsmartclient_unittest\bin\x64\debug\net472\zsmartclient_unittest.dll" id="02af0d15-e099-b0e6-50ad-6fe37219924b">
      <TestCategory>
        <TestCategoryItem TestCategory="SearchResultsPreprocessor.PartialResults" />
      </TestCategory>
      <Execution id="3827885b-1b74-41df-a67c-09ede0871962" />
      <TestMethod codeBase="D:\actions-runner\_work\XPCO\XPCO\SC\Components\RemoteViewer\SmartClient\tst\zSmartClient_UnitTest\bin\x64\Debug\net472\zSmartClient_UnitTest.dll" adapterTypeName="executor://mstestadapter/v2" className="SmartClient_UnitTest.VideoOS.RemoteClient.Plugin.CentralizedSearch.Models.SearchResultsPreprocessorTests" name="AddResults_NoPartialResults_Success" />
    </UnitTest>
    <UnitTest name="PreprocessorResultsProcessed_ShouldAppendReselectedSearchResults_WhenPreprocessorHasResultsToReselect" storage="d:\actions-runner\_work\xpco\xpco\sc\components\remoteviewer\smartclient\tst\zsmartclient_unittest\bin\x64\debug\net472\zsmartclient_unittest.dll" id="d6e18f4d-928d-faa8-fd00-f4b6e0b7623e">
      <TestCategory>
        <TestCategoryItem TestCategory="SearchViewModels" />
      </TestCategory>
      <Execution id="04d8901c-0f62-4fb4-ae78-c06d79e15467" />
      <TestMethod codeBase="D:\actions-runner\_work\XPCO\XPCO\SC\Components\RemoteViewer\SmartClient\tst\zSmartClient_UnitTest\bin\x64\Debug\net472\zSmartClient_UnitTest.dll" adapterTypeName="executor://mstestadapter/v2" className="SmartClient_UnitTest.VideoOS.RemoteClient.Plugin.CentralizedSearch.ViewModels.SearchViewModelTests" name="PreprocessorResultsProcessed_ShouldAppendReselectedSearchResults_WhenPreprocessorHasResultsToReselect" />
    </UnitTest>
    <UnitTest name="SetItemOutlines_ItemNull_Exception" storage="d:\actions-runner\_work\xpco\xpco\sc\components\remoteviewer\smartclient\tst\zsmartclient_unittest\bin\x64\debug\net472\zsmartclient_unittest.dll" id="ea1b5845-13e0-a3f9-5ed1-720958ca2d0a">
      <TestCategory>
        <TestCategoryItem TestCategory="GisMap.GisMapViewFacade" />
      </TestCategory>
      <Execution id="9459ec92-5f4a-4e07-89c0-9f9bcb82b246" />
      <TestMethod codeBase="D:\actions-runner\_work\XPCO\XPCO\SC\Components\RemoteViewer\SmartClient\tst\zSmartClient_UnitTest\bin\x64\Debug\net472\zSmartClient_UnitTest.dll" adapterTypeName="executor://mstestadapter/v2" className="SmartClient_UnitTest.VideoOS.RemoteClient.Plugin.GisMap.IoC.GisMapViewFacadeTests" name="SetItemOutlines_ItemNull_Exception" />
    </UnitTest>
    <UnitTest name="SearchFilterCategoryGet_TwoSearchAgents_AllFiltersAdded" storage="d:\actions-runner\_work\xpco\xpco\sc\components\remoteviewer\smartclient\tst\zsmartclient_unittest\bin\x64\debug\net472\zsmartclient_unittest.dll" id="3457bd27-1f00-b005-3af0-cc532182e652">
      <TestCategory>
        <TestCategoryItem TestCategory="Search" />
      </TestCategory>
      <Execution id="fd8d7c43-00de-4217-8ce9-8f3d0328f22e" />
      <TestMethod codeBase="D:\actions-runner\_work\XPCO\XPCO\SC\Components\RemoteViewer\SmartClient\tst\zSmartClient_UnitTest\bin\x64\Debug\net472\zSmartClient_UnitTest.dll" adapterTypeName="executor://mstestadapter/v2" className="SmartClient_UnitTest.VideoOS.RemoteClient.Plugin.CentralizedSearch.MIPPlugin.CompositeSearchAgentTests" name="SearchFilterCategoryGet_TwoSearchAgents_AllFiltersAdded" />
    </UnitTest>
    <UnitTest name="BoundingBoxBrowseTimeChangedTestOldData" storage="d:\actions-runner\_work\xpco\xpco\sc\components\remoteviewer\smartclient\tst\zsmartclient_unittest\bin\x64\debug\net472\zsmartclient_unittest.dll" id="dc5553ed-c8db-34b6-aa61-f33cd39a8ce9">
      <Execution id="fac4cf1b-07fb-496a-8438-03b36c1b3983" />
      <TestMethod codeBase="D:\actions-runner\_work\XPCO\XPCO\SC\Components\RemoteViewer\SmartClient\tst\zSmartClient_UnitTest\bin\x64\Debug\net472\zSmartClient_UnitTest.dll" adapterTypeName="executor://mstestadapter/v2" className="SmartClient_UnitTest.VideoOS.RemoteClient.Application.Data.Metadata.BoundingBoxes.BoundingBoxProviderTest" name="BoundingBoxBrowseTimeChangedTestOldData" />
    </UnitTest>
    <UnitTest name="ScWorkSpaceModeChangedEvent_ShouldSetDeviceIsDisabledToFalse_WhenSwitchingToLiveModeAndDeviceIsDisabled" storage="d:\actions-runner\_work\xpco\xpco\sc\components\remoteviewer\smartclient\tst\zsmartclient_unittest\bin\x64\debug\net472\zsmartclient_unittest.dll" id="dbc1a342-48a8-affa-8d55-c00e2654c55f">
      <TestCategory>
        <TestCategoryItem TestCategory="GisMapData.MapLayers" />
      </TestCategory>
      <Execution id="d8196fea-9a48-42eb-b5e1-6d7e444eb0f5" />
      <TestMethod codeBase="D:\actions-runner\_work\XPCO\XPCO\SC\Components\RemoteViewer\SmartClient\tst\zSmartClient_UnitTest\bin\x64\Debug\net472\zSmartClient_UnitTest.dll" adapterTypeName="executor://mstestadapter/v2" className="SmartClient_UnitTest.VideoOS.RemoteClient.GisMapData.MapLayers.OutputItemsMapLayerTests" name="ScWorkSpaceModeChangedEvent_ShouldSetDeviceIsDisabledToFalse_WhenSwitchingToLiveModeAndDeviceIsDisabled" />
    </UnitTest>
    <UnitTest name="TestTaskUpdate" storage="d:\actions-runner\_work\xpco\xpco\sc\components\remoteviewer\smartclient\tst\zsmartclient_unittest\bin\x64\debug\net472\zsmartclient_unittest.dll" id="e0f9e943-40a9-c69d-3157-2bda05edf6aa">
      <Execution id="bf578e20-2f58-4c4a-b135-4cb3cf48be4e" />
      <TestMethod codeBase="D:\actions-runner\_work\XPCO\XPCO\SC\Components\RemoteViewer\SmartClient\tst\zSmartClient_UnitTest\bin\x64\Debug\net472\zSmartClient_UnitTest.dll" adapterTypeName="executor://mstestadapter/v2" className="SmartClient_UnitTest.VideoOS.RemoteClient.Application.Managers.EdgeRetrievalTaskManagerUnitTest" name="TestTaskUpdate" />
    </UnitTest>
    <UnitTest name="TimeToStringConverter_Convert_Success" storage="d:\actions-runner\_work\xpco\xpco\sc\components\remoteviewer\smartclient\tst\zsmartclient_unittest\bin\x64\debug\net472\zsmartclient_unittest.dll" id="2efbf2d6-dad1-cfe2-2063-c228f2b12aef">
      <TestCategory>
        <TestCategoryItem TestCategory="SearchConverter" />
      </TestCategory>
      <Execution id="f05d2948-80a4-43e2-ba68-9d49c303c770" />
      <TestMethod codeBase="D:\actions-runner\_work\XPCO\XPCO\SC\Components\RemoteViewer\SmartClient\tst\zSmartClient_UnitTest\bin\x64\Debug\net472\zSmartClient_UnitTest.dll" adapterTypeName="executor://mstestadapter/v2" className="SmartClient_UnitTest.VideoOS.RemoteClient.Plugin.CentralizedSearch.Views.Converters.TimeToStringConverterTests" name="TimeToStringConverter_Convert_Success" />
    </UnitTest>
    <UnitTest name="ResolveSearchDefinitions_ShouldReturnResultSearchDefinition_WhenSingleSearchResultAndSearchDefinitionsContainingCorrectSearchDefinitionsAreGiven" storage="d:\actions-runner\_work\xpco\xpco\sc\components\remoteviewer\smartclient\tst\zsmartclient_unittest\bin\x64\debug\net472\zsmartclient_unittest.dll" id="575af213-6f43-c554-7582-c09e43d49cdb">
      <TestCategory>
        <TestCategoryItem TestCategory="Search" />
      </TestCategory>
      <Execution id="aab62b05-a3a5-47dd-a02c-520df10b46fb" />
      <TestMethod codeBase="D:\actions-runner\_work\XPCO\XPCO\SC\Components\RemoteViewer\SmartClient\tst\zSmartClient_UnitTest\bin\x64\Debug\net472\zSmartClient_UnitTest.dll" adapterTypeName="executor://mstestadapter/v2" className="SmartClient_UnitTest.VideoOS.RemoteClient.Plugin.CentralizedSearch.Utils.SearchResultDataWrapperExtensionsTests" name="ResolveSearchDefinitions_ShouldReturnResultSearchDefinition_WhenSingleSearchResultAndSearchDefinitionsContainingCorrectSearchDefinitionsAreGiven" />
    </UnitTest>
    <UnitTest name="UpdateItemSize_ItemSizeChangedAndEventFired" storage="d:\actions-runner\_work\xpco\xpco\sc\components\remoteviewer\smartclient\tst\zsmartclient_unittest\bin\x64\debug\net472\zsmartclient_unittest.dll" id="d90a523b-e1ac-2a8a-dd1a-2b2e05a4e8cb">
      <TestCategory>
        <TestCategoryItem TestCategory="SearchViews" />
      </TestCategory>
      <Execution id="5ff0e71e-ef8e-4667-8daa-fac3e21fff77" />
      <TestMethod codeBase="D:\actions-runner\_work\XPCO\XPCO\SC\Components\RemoteViewer\SmartClient\tst\zSmartClient_UnitTest\bin\x64\Debug\net472\zSmartClient_UnitTest.dll" adapterTypeName="executor://mstestadapter/v2" className="SmartClient_UnitTest.VideoOS.RemoteClient.Plugin.CentralizedSearch.Views.SearchResultsViewTests" name="UpdateItemSize_ItemSizeChangedAndEventFired" />
    </UnitTest>
    <UnitTest name="Unrelated_devices_removed_when_unrelated_camera_added" storage="d:\actions-runner\_work\xpco\xpco\sc\components\remoteviewer\smartclient\tst\zsmartclient_unittest\bin\x64\debug\net472\zsmartclient_unittest.dll" id="f1e0caf2-26c1-7e52-0baf-d74ce88aa74e">
      <Execution id="2a9d4af6-48ea-46ba-8e06-a710c53d3f75" />
      <TestMethod codeBase="D:\actions-runner\_work\XPCO\XPCO\SC\Components\RemoteViewer\SmartClient\tst\zSmartClient_UnitTest\bin\x64\Debug\net472\zSmartClient_UnitTest.dll" adapterTypeName="executor://mstestadapter/v2" className="SmartClient_UnitTest.VideoOS.RemoteClient.Application.Components.EvidenceLock.EvidenceLockRelatedDeviceTests" name="Unrelated_devices_removed_when_unrelated_camera_added" />
    </UnitTest>
    <UnitTest name="SupportsRightClick_ShouldBeFalse_WhenInteractionStateIsNotNormal" storage="d:\actions-runner\_work\xpco\xpco\sc\components\remoteviewer\smartclient\tst\zsmartclient_unittest\bin\x64\debug\net472\zsmartclient_unittest.dll" id="dd385b74-b0ce-69dd-5bae-8f3c49a74f34">
      <TestCategory>
        <TestCategoryItem TestCategory="GisMap.LegacyLinkMarker" />
      </TestCategory>
      <Execution id="88875b4b-5bbe-4c7d-94fa-e64189cfe2a8" />
      <TestMethod codeBase="D:\actions-runner\_work\XPCO\XPCO\SC\Components\RemoteViewer\SmartClient\tst\zSmartClient_UnitTest\bin\x64\Debug\net472\zSmartClient_UnitTest.dll" adapterTypeName="executor://mstestadapter/v2" className="SmartClient_UnitTest.VideoOS.RemoteClient.Plugin.GisMap.ThinkGeoMap.Markers.LegacyLinkMarker.LegacyLinkMarkerTests" name="SupportsRightClick_ShouldBeFalse_WhenInteractionStateIsNotNormal" />
    </UnitTest>
    <UnitTest name="Close_ShouldSetOwnerWindowToActive" storage="d:\actions-runner\_work\xpco\xpco\sc\components\remoteviewer\smartclient\tst\zsmartclient_unittest\bin\x64\debug\net472\zsmartclient_unittest.dll" id="302e3c9b-71b6-ab55-127c-942ac34841ca">
      <TestCategory>
        <TestCategoryItem TestCategory="GisMap.DeviceSelectorWindow" />
      </TestCategory>
      <Execution id="a7b1c6bd-3379-4d72-b9dd-6b41b330015f" />
      <TestMethod codeBase="D:\actions-runner\_work\XPCO\XPCO\SC\Components\RemoteViewer\SmartClient\tst\zSmartClient_UnitTest\bin\x64\Debug\net472\zSmartClient_UnitTest.dll" adapterTypeName="executor://mstestadapter/v2" className="SmartClient_UnitTest.VideoOS.RemoteClient.Plugin.GisMap.Windows.GisMapSetup.DeviceSelectors.DeviceSelectorWindowTests" name="Close_ShouldSetOwnerWindowToActive" />
    </UnitTest>
    <UnitTest name="CreateDashboardViewModel_DoesNotUseIdentityTokenCache_WhenAuthenticationIsLegacy" storage="d:\actions-runner\_work\xpco\xpco\sc\components\remoteviewer\smartclient\tst\zsmartclient_unittest\bin\x64\debug\net472\zsmartclient_unittest.dll" id="c391d9c0-dcf3-3657-c2f3-5bd34c44ec5b">
      <TestCategory>
        <TestCategoryItem TestCategory="ReportingContentType" />
      </TestCategory>
      <Execution id="e04c2a55-0aa6-4268-930e-edf311852847" />
      <TestMethod codeBase="D:\actions-runner\_work\XPCO\XPCO\SC\Components\RemoteViewer\SmartClient\tst\zSmartClient_UnitTest\bin\x64\Debug\net472\zSmartClient_UnitTest.dll" adapterTypeName="executor://mstestadapter/v2" className="SmartClient_UnitTest.VideoOS.RemoteClient.Application.Data.ContentTypes.ReportingContentType.ReportViewerViewModelTest" name="CreateDashboardViewModel_DoesNotUseIdentityTokenCache_WhenAuthenticationIsLegacy" />
    </UnitTest>
    <UnitTest name="Constructor_ShouldThrowAnException_WhenSearchManagerIsNull" storage="d:\actions-runner\_work\xpco\xpco\sc\components\remoteviewer\smartclient\tst\zsmartclient_unittest\bin\x64\debug\net472\zsmartclient_unittest.dll" id="50437517-5fc5-21fb-fd24-7bb70ccad1c0">
      <TestCategory>
        <TestCategoryItem TestCategory="WorkspaceToolbar" />
      </TestCategory>
      <Execution id="11363d9c-c69b-45ea-a43b-fbaac4b5fa14" />
      <TestMethod codeBase="D:\actions-runner\_work\XPCO\XPCO\SC\Components\RemoteViewer\SmartClient\tst\zSmartClient_UnitTest\bin\x64\Debug\net472\zSmartClient_UnitTest.dll" adapterTypeName="executor://mstestadapter/v2" className="SmartClient_UnitTest.VideoOS.RemoteClient.Application.UI.Content.WorkspaceToolbar.WorkspaceToolbarViewModelTests" name="Constructor_ShouldThrowAnException_WhenSearchManagerIsNull" />
    </UnitTest>
    <UnitTest name="TryGetOsmServerTileAddress_ShouldSetEmptyUriAddress_WhenOsmServerAddressIsEmpty" storage="d:\actions-runner\_work\xpco\xpco\sc\components\remoteviewer\smartclient\tst\zsmartclient_unittest\bin\x64\debug\net472\zsmartclient_unittest.dll" id="f9180ab0-97a0-1d07-1493-896e111e86f4">
      <TestCategory>
        <TestCategoryItem TestCategory="GisMapData.Controllers.Osm" />
      </TestCategory>
      <Execution id="624cf245-90c8-4c95-b2d1-9d9afbd26249" />
      <TestMethod codeBase="D:\actions-runner\_work\XPCO\XPCO\SC\Components\RemoteViewer\SmartClient\tst\zSmartClient_UnitTest\bin\x64\Debug\net472\zSmartClient_UnitTest.dll" adapterTypeName="executor://mstestadapter/v2" className="SmartClient_UnitTest.VideoOS.RemoteClient.GisMapData.Controllers.Osm.GisMapOsmControllerTests" name="TryGetOsmServerTileAddress_ShouldSetEmptyUriAddress_WhenOsmServerAddressIsEmpty" />
    </UnitTest>
    <UnitTest name="Deserialize_ShouldIncludeCombineTypeAnd_WhenCombineTypeIsAndInXml" storage="d:\actions-runner\_work\xpco\xpco\sc\components\remoteviewer\smartclient\tst\zsmartclient_unittest\bin\x64\debug\net472\zsmartclient_unittest.dll" id="417be307-97e0-4052-1dcd-f4ea8d9db811">
      <TestCategory>
        <TestCategoryItem TestCategory="SearchSerialization" />
      </TestCategory>
      <Execution id="3bc4c82d-8bb1-4b80-9c60-82a665498b52" />
      <TestMethod codeBase="D:\actions-runner\_work\XPCO\XPCO\SC\Components\RemoteViewer\SmartClient\tst\zSmartClient_UnitTest\bin\x64\Debug\net472\zSmartClient_UnitTest.dll" adapterTypeName="executor://mstestadapter/v2" className="SmartClient_UnitTest.VideoOS.RemoteClient.Plugin.CentralizedSearch.Models.Serialization.SearchSerializerTests" name="Deserialize_ShouldIncludeCombineTypeAnd_WhenCombineTypeIsAndInXml" />
    </UnitTest>
    <UnitTest name="SupportsDoubleClick_ShouldBeFalse_WhenInteractionStateIsNotNormalOrNewDevice" storage="d:\actions-runner\_work\xpco\xpco\sc\components\remoteviewer\smartclient\tst\zsmartclient_unittest\bin\x64\debug\net472\zsmartclient_unittest.dll" id="f086d804-d792-85ee-7f01-0c6bad93eebb">
      <TestCategory>
        <TestCategoryItem TestCategory="GisMap.OutputMarkerTest" />
      </TestCategory>
      <Execution id="7ce12cf3-3cde-477a-b2cb-bb33e2822a86" />
      <TestMethod codeBase="D:\actions-runner\_work\XPCO\XPCO\SC\Components\RemoteViewer\SmartClient\tst\zSmartClient_UnitTest\bin\x64\Debug\net472\zSmartClient_UnitTest.dll" adapterTypeName="executor://mstestadapter/v2" className="SmartClient_UnitTest.VideoOS.RemoteClient.Plugin.GisMap.ThinkGeoMap.Markers.DeviceMarkers.OutputMarker.OutputMarkerTests" name="SupportsDoubleClick_ShouldBeFalse_WhenInteractionStateIsNotNormalOrNewDevice" />
    </UnitTest>
    <UnitTest name="GetUtcToday_UtcTimeZoneNoDst_Success" storage="d:\actions-runner\_work\xpco\xpco\sc\components\remoteviewer\smartclient\tst\zsmartclient_unittest\bin\x64\debug\net472\zsmartclient_unittest.dll" id="dd886858-691f-731d-ef45-b4933e1e6cbf">
      <TestCategory>
        <TestCategoryItem TestCategory="Search" />
      </TestCategory>
      <Execution id="716cc43f-b261-4253-abda-08c89cebee15" />
      <TestMethod codeBase="D:\actions-runner\_work\XPCO\XPCO\SC\Components\RemoteViewer\SmartClient\tst\zSmartClient_UnitTest\bin\x64\Debug\net472\zSmartClient_UnitTest.dll" adapterTypeName="executor://mstestadapter/v2" className="SmartClient_UnitTest.VideoOS.RemoteClient.Plugin.CentralizedSearch.ViewModels.Data.TimeScopeTests" name="GetUtcToday_UtcTimeZoneNoDst_Success" />
    </UnitTest>
    <UnitTest name="ButtonVisibilityProperties_ShouldSetDefaultValues_WhenNoPropertiesLoaded" storage="d:\actions-runner\_work\xpco\xpco\sc\components\remoteviewer\smartclient\tst\zsmartclient_unittest\bin\x64\debug\net472\zsmartclient_unittest.dll" id="cb1f6500-ecbe-a116-4190-78f304902ad9">
      <TestCategory>
        <TestCategoryItem TestCategory="GisMapViewItemTests" />
      </TestCategory>
      <Execution id="bc7f0950-daca-4ee1-b235-6eab9004d4a6" />
      <TestMethod codeBase="D:\actions-runner\_work\XPCO\XPCO\SC\Components\RemoteViewer\SmartClient\tst\zSmartClient_UnitTest\bin\x64\Debug\net472\zSmartClient_UnitTest.dll" adapterTypeName="executor://mstestadapter/v2" className="SmartClient_UnitTest.VideoOS.RemoteClient.Plugin.GisMap.GisMapViewItemTests" name="ButtonVisibilityProperties_ShouldSetDefaultValues_WhenNoPropertiesLoaded" />
    </UnitTest>
    <UnitTest name="DeleteSearchTemplateAsync_ThrowPathNotFoundMIPException_Success" storage="d:\actions-runner\_work\xpco\xpco\sc\components\remoteviewer\smartclient\tst\zsmartclient_unittest\bin\x64\debug\net472\zsmartclient_unittest.dll" id="926d43bc-6a30-b23f-6308-169a0af031e0">
      <TestCategory>
        <TestCategoryItem TestCategory="SearchTemplatesService" />
      </TestCategory>
      <Execution id="76f81d9f-e86a-4075-827f-dc91aa299236" />
      <TestMethod codeBase="D:\actions-runner\_work\XPCO\XPCO\SC\Components\RemoteViewer\SmartClient\tst\zSmartClient_UnitTest\bin\x64\Debug\net472\zSmartClient_UnitTest.dll" adapterTypeName="executor://mstestadapter/v2" className="SmartClient_UnitTest.VideoOS.RemoteClient.Plugin.CentralizedSearch.SearchTemplates.Service.SearchTemplateServiceTests" name="DeleteSearchTemplateAsync_ThrowPathNotFoundMIPException_Success" />
    </UnitTest>
    <UnitTest name="DeviceSelectorWindow_ShouldUpdatePosition_WhenMaximizedMainWindow" storage="d:\actions-runner\_work\xpco\xpco\sc\components\remoteviewer\smartclient\tst\zsmartclient_unittest\bin\x64\debug\net472\zsmartclient_unittest.dll" id="0f92f552-4017-16fb-01c6-431cdb4f66b2">
      <TestCategory>
        <TestCategoryItem TestCategory="GisMap.DeviceSelectorWindow" />
      </TestCategory>
      <Execution id="76c21269-d636-4cdc-b820-5e16e21c1dcf" />
      <TestMethod codeBase="D:\actions-runner\_work\XPCO\XPCO\SC\Components\RemoteViewer\SmartClient\tst\zSmartClient_UnitTest\bin\x64\Debug\net472\zSmartClient_UnitTest.dll" adapterTypeName="executor://mstestadapter/v2" className="SmartClient_UnitTest.VideoOS.RemoteClient.Plugin.GisMap.Windows.GisMapSetup.DeviceSelectors.DeviceSelectorWindowTests" name="DeviceSelectorWindow_ShouldUpdatePosition_WhenMaximizedMainWindow" />
    </UnitTest>
    <UnitTest name="ResolveSearchDefinitions_ShouldReturnResultSearchDefinition_WhenCombinedSearchResultWithMultipleSubResultAndEmptySearchDefinitionsAreGiven" storage="d:\actions-runner\_work\xpco\xpco\sc\components\remoteviewer\smartclient\tst\zsmartclient_unittest\bin\x64\debug\net472\zsmartclient_unittest.dll" id="7ceab3e2-a3b0-9c8f-80fc-83722cb5c583">
      <TestCategory>
        <TestCategoryItem TestCategory="Search" />
      </TestCategory>
      <Execution id="0dad083e-bba9-49bf-98bd-96919002ae73" />
      <TestMethod codeBase="D:\actions-runner\_work\XPCO\XPCO\SC\Components\RemoteViewer\SmartClient\tst\zSmartClient_UnitTest\bin\x64\Debug\net472\zSmartClient_UnitTest.dll" adapterTypeName="executor://mstestadapter/v2" className="SmartClient_UnitTest.VideoOS.RemoteClient.Plugin.CentralizedSearch.Utils.SearchResultDataWrapperExtensionsTests" name="ResolveSearchDefinitions_ShouldReturnResultSearchDefinition_WhenCombinedSearchResultWithMultipleSubResultAndEmptySearchDefinitionsAreGiven" />
    </UnitTest>
    <UnitTest name="GisPointToIndexGridPosition_00_ReturnsPowerScaleMinusOne" storage="d:\actions-runner\_work\xpco\xpco\sc\components\remoteviewer\smartclient\tst\zsmartclient_unittest\bin\x64\debug\net472\zsmartclient_unittest.dll" id="4ca2f8f4-021b-5238-c299-1b1fb7ab3fab">
      <TestCategory>
        <TestCategoryItem TestCategory="GisMapIndex" />
      </TestCategory>
      <Execution id="714f5521-99cb-4267-adb8-d0a06a17cdc2" />
      <TestMethod codeBase="D:\actions-runner\_work\XPCO\XPCO\SC\Components\RemoteViewer\SmartClient\tst\zSmartClient_UnitTest\bin\x64\Debug\net472\zSmartClient_UnitTest.dll" adapterTypeName="executor://mstestadapter/v2" className="SmartClient_UnitTest.VideoOS.RemoteClient.GisMapData.Common.Indexer.IndexUtilTests" name="GisPointToIndexGridPosition_00_ReturnsPowerScaleMinusOne" />
    </UnitTest>
    <UnitTest name="GetSnapshots_PathTooLong_Failure" storage="d:\actions-runner\_work\xpco\xpco\sc\components\remoteviewer\smartclient\tst\zsmartclient_unittest\bin\x64\debug\net472\zsmartclient_unittest.dll" id="483cfce3-3ff7-5b57-4c23-5d8fbcaf1d0a">
      <TestCategory>
        <TestCategoryItem TestCategory="Search" />
      </TestCategory>
      <Execution id="543a3b0d-80d7-412f-a6db-bdbdb4d13fc4" />
      <TestMethod codeBase="D:\actions-runner\_work\XPCO\XPCO\SC\Components\RemoteViewer\SmartClient\tst\zSmartClient_UnitTest\bin\x64\Debug\net472\zSmartClient_UnitTest.dll" adapterTypeName="executor://mstestadapter/v2" className="SmartClient_UnitTest.VideoOS.RemoteClient.Plugin.CentralizedSearch.ViewModels.Data.SnapshotHandlerTests" name="GetSnapshots_PathTooLong_Failure" />
    </UnitTest>
    <UnitTest name="Convert_OneCamerasSelectionAndZeroSearchDefinitions_Visible" storage="d:\actions-runner\_work\xpco\xpco\sc\components\remoteviewer\smartclient\tst\zsmartclient_unittest\bin\x64\debug\net472\zsmartclient_unittest.dll" id="47672882-b255-5356-2127-17a9bbfd997e">
      <TestCategory>
        <TestCategoryItem TestCategory="SearchConverter" />
      </TestCategory>
      <Execution id="a1e7236d-7343-4718-9edf-f73a4d2ff013" />
      <TestMethod codeBase="D:\actions-runner\_work\XPCO\XPCO\SC\Components\RemoteViewer\SmartClient\tst\zSmartClient_UnitTest\bin\x64\Debug\net472\zSmartClient_UnitTest.dll" adapterTypeName="executor://mstestadapter/v2" className="SmartClient_UnitTest.VideoOS.RemoteClient.Plugin.CentralizedSearch.Views.Converters.NoCriteriaSelectedGridVisibilityConverterTests" name="Convert_OneCamerasSelectionAndZeroSearchDefinitions_Visible" />
    </UnitTest>
    <UnitTest name="Path enabled, forced" storage="d:\actions-runner\_work\xpco\xpco\sc\components\remoteviewer\smartclient\tst\zsmartclient_unittest\bin\x64\debug\net472\zsmartclient_unittest.dll" id="cf8740b0-df8d-bf5f-0e36-f1c7c45fcdee">
      <TestCategory>
        <TestCategoryItem TestCategory="Export" />
      </TestCategory>
      <Execution id="3f4d95ff-6b83-4fe8-aa70-ca0cc77cad65" />
      <TestMethod codeBase="D:\actions-runner\_work\XPCO\XPCO\SC\Components\RemoteViewer\SmartClient\tst\zSmartClient_UnitTest\bin\x64\Debug\net472\zSmartClient_UnitTest.dll" adapterTypeName="executor://mstestadapter/v2" className="SmartClient_UnitTest.VideoOS.RemoteClient.Plugin.Export.CreateExportDialogViewModelTests" name="CreateExportDialog_ExportDestinationSelectionEnabled_BasedOnOptions" />
    </UnitTest>
    <UnitTest name="Map_Layers_AddDirectly_Fail" storage="d:\actions-runner\_work\xpco\xpco\sc\components\remoteviewer\smartclient\tst\zsmartclient_unittest\bin\x64\debug\net472\zsmartclient_unittest.dll" id="eeed665d-fc4a-36d4-2080-835d14f41e2a">
      <TestCategory>
        <TestCategoryItem TestCategory="GisMapLayers" />
      </TestCategory>
      <Execution id="a4d935e3-e84f-46fe-8495-b8905279642c" />
      <TestMethod codeBase="D:\actions-runner\_work\XPCO\XPCO\SC\Components\RemoteViewer\SmartClient\tst\zSmartClient_UnitTest\bin\x64\Debug\net472\zSmartClient_UnitTest.dll" adapterTypeName="executor://mstestadapter/v2" className="SmartClient_UnitTest.VideoOS.RemoteClient.GisMapData.GisMapLayerTests" name="Map_Layers_AddDirectly_Fail" />
    </UnitTest>
    <UnitTest name="DateToStringConverter_ConvertBack_Fail" storage="d:\actions-runner\_work\xpco\xpco\sc\components\remoteviewer\smartclient\tst\zsmartclient_unittest\bin\x64\debug\net472\zsmartclient_unittest.dll" id="af9e36c7-6a97-f2e2-549f-4bcadfe1d626">
      <TestCategory>
        <TestCategoryItem TestCategory="SearchConverter" />
      </TestCategory>
      <Execution id="28e82cc2-724b-4c31-be8f-be4526238cfa" />
      <TestMethod codeBase="D:\actions-runner\_work\XPCO\XPCO\SC\Components\RemoteViewer\SmartClient\tst\zSmartClient_UnitTest\bin\x64\Debug\net472\zSmartClient_UnitTest.dll" adapterTypeName="executor://mstestadapter/v2" className="SmartClient_UnitTest.VideoOS.RemoteClient.Plugin.CentralizedSearch.Views.Converters.DateToStringConverterTests" name="DateToStringConverter_ConvertBack_Fail" />
    </UnitTest>
    <UnitTest name="ActiveInteractionStateBinding_ShouldNotBeNull_WhenCtorIsCalled" storage="d:\actions-runner\_work\xpco\xpco\sc\components\remoteviewer\smartclient\tst\zsmartclient_unittest\bin\x64\debug\net472\zsmartclient_unittest.dll" id="41b6c041-6264-4714-8517-a042a107be15">
      <TestCategory>
        <TestCategoryItem TestCategory="GisMap.ClusterMipItemMarker" />
      </TestCategory>
      <Execution id="cd9dd35d-d733-4869-b412-7a4b9ca7b26c" />
      <TestMethod codeBase="D:\actions-runner\_work\XPCO\XPCO\SC\Components\RemoteViewer\SmartClient\tst\zSmartClient_UnitTest\bin\x64\Debug\net472\zSmartClient_UnitTest.dll" adapterTypeName="executor://mstestadapter/v2" className="SmartClient_UnitTest.VideoOS.RemoteClient.Plugin.GisMap.ThinkGeoMap.Markers.ClusterMipItemMarker.ClusterMipItemMarkerTests" name="ActiveInteractionStateBinding_ShouldNotBeNull_WhenCtorIsCalled" />
    </UnitTest>
    <UnitTest name="UpdateSearchAttributes_NoAttributes_NoChange" storage="d:\actions-runner\_work\xpco\xpco\sc\components\remoteviewer\smartclient\tst\zsmartclient_unittest\bin\x64\debug\net472\zsmartclient_unittest.dll" id="1a4e885e-6ffc-c617-8987-ed7778452758">
      <TestCategory>
        <TestCategoryItem TestCategory="Search" />
      </TestCategory>
      <Execution id="12a0ff1c-f550-4e7b-8b40-cfad2d7bbc34" />
      <TestMethod codeBase="D:\actions-runner\_work\XPCO\XPCO\SC\Components\RemoteViewer\SmartClient\tst\zSmartClient_UnitTest\bin\x64\Debug\net472\zSmartClient_UnitTest.dll" adapterTypeName="executor://mstestadapter/v2" className="SmartClient_UnitTest.VideoOS.RemoteClient.Plugin.CentralizedSearch.ViewModels.SearchDefinitionViewModelTests" name="UpdateSearchAttributes_NoAttributes_NoChange" />
    </UnitTest>
    <UnitTest name="ResolveSearchDefinitions_ShouldReturnResultSearchDefinition_WhenCombinedSearchResultWithSingleSubResultAndEmptySearchDefinitionsAreGiven" storage="d:\actions-runner\_work\xpco\xpco\sc\components\remoteviewer\smartclient\tst\zsmartclient_unittest\bin\x64\debug\net472\zsmartclient_unittest.dll" id="d4a56e7d-608d-82d0-94be-2ee3ccb3dc5e">
      <TestCategory>
        <TestCategoryItem TestCategory="Search" />
      </TestCategory>
      <Execution id="b4a689fa-142c-472c-b828-757a6a2e0b6d" />
      <TestMethod codeBase="D:\actions-runner\_work\XPCO\XPCO\SC\Components\RemoteViewer\SmartClient\tst\zSmartClient_UnitTest\bin\x64\Debug\net472\zSmartClient_UnitTest.dll" adapterTypeName="executor://mstestadapter/v2" className="SmartClient_UnitTest.VideoOS.RemoteClient.Plugin.CentralizedSearch.Utils.SearchResultDataWrapperExtensionsTests" name="ResolveSearchDefinitions_ShouldReturnResultSearchDefinition_WhenCombinedSearchResultWithSingleSubResultAndEmptySearchDefinitionsAreGiven" />
    </UnitTest>
    <UnitTest name="BookmarkSearchTime_WithSearchStringInDifferentCases_ReturnCorrectBookmarkWithSearchStringInHeader (SeArChStRiNg,False,True,False,True,,,0)" storage="d:\actions-runner\_work\xpco\xpco\sc\components\remoteviewer\smartclient\tst\zsmartclient_unittest\bin\x64\debug\net472\zsmartclient_unittest.dll" id="33331069-dc53-a636-5d65-773a4897854a">
      <Execution id="dbb5e884-9558-4e4c-b640-453718070a65" />
      <TestMethod codeBase="D:\actions-runner\_work\XPCO\XPCO\SC\Components\RemoteViewer\SmartClient\tst\zSmartClient_UnitTest\bin\x64\Debug\net472\zSmartClient_UnitTest.dll" adapterTypeName="executor://mstestadapter/v2" className="SmartClient_UnitTest.VideoOS.RemoteClient.Application.Data.Offline.UnitTest.BookmarkExportReaderTest" name="BookmarkSearchTime_WithSearchStringInDifferentCases_ReturnCorrectBookmarkWithSearchStringInHeader" />
    </UnitTest>
    <UnitTest name="State_ShouldUpdateMicrophoneIconImage_WhenSetToUnMute" storage="d:\actions-runner\_work\xpco\xpco\sc\components\remoteviewer\smartclient\tst\zsmartclient_unittest\bin\x64\debug\net472\zsmartclient_unittest.dll" id="c91a6029-2d3a-0f60-dab5-db888083c7c3">
      <TestCategory>
        <TestCategoryItem TestCategory="GisMapData.MapItem.Microphones" />
      </TestCategory>
      <Execution id="d5b0bcfa-29d8-4765-aa04-b6133f8f8b83" />
      <TestMethod codeBase="D:\actions-runner\_work\XPCO\XPCO\SC\Components\RemoteViewer\SmartClient\tst\zSmartClient_UnitTest\bin\x64\Debug\net472\zSmartClient_UnitTest.dll" adapterTypeName="executor://mstestadapter/v2" className="SmartClient_UnitTest.VideoOS.RemoteClient.GisMapData.MapItem.Microphones.MicrophoneMapItemTests" name="State_ShouldUpdateMicrophoneIconImage_WhenSetToUnMute" />
    </UnitTest>
    <UnitTest name="ChangeSorting_ShouldApplyRelevanceComparerAndNewestEventTimeSortOrder_WhenRelevanceEnumValueIsApplied" storage="d:\actions-runner\_work\xpco\xpco\sc\components\remoteviewer\smartclient\tst\zsmartclient_unittest\bin\x64\debug\net472\zsmartclient_unittest.dll" id="110c5f83-752f-57c6-1e06-5ba87b7d2a16">
      <TestCategory>
        <TestCategoryItem TestCategory="SearchViewModels" />
      </TestCategory>
      <Execution id="39778cb3-034b-4b4d-9dae-7e925a9e1fdd" />
      <TestMethod codeBase="D:\actions-runner\_work\XPCO\XPCO\SC\Components\RemoteViewer\SmartClient\tst\zSmartClient_UnitTest\bin\x64\Debug\net472\zSmartClient_UnitTest.dll" adapterTypeName="executor://mstestadapter/v2" className="SmartClient_UnitTest.VideoOS.RemoteClient.Plugin.CentralizedSearch.ViewModels.SearchViewModelTests" name="ChangeSorting_ShouldApplyRelevanceComparerAndNewestEventTimeSortOrder_WhenRelevanceEnumValueIsApplied" />
    </UnitTest>
    <UnitTest name="ToDenormalizedFieldOfView_1_0" storage="d:\actions-runner\_work\xpco\xpco\sc\components\remoteviewer\smartclient\tst\zsmartclient_unittest\bin\x64\debug\net472\zsmartclient_unittest.dll" id="a1232aab-9143-95b0-ed05-58af3d018f0d">
      <TestCategory>
        <TestCategoryItem TestCategory="GisMap" />
      </TestCategory>
      <Execution id="0256f61f-7362-4acb-abfa-7a32ad7e2dd6" />
      <TestMethod codeBase="D:\actions-runner\_work\XPCO\XPCO\SC\Components\RemoteViewer\SmartClient\tst\zSmartClient_UnitTest\bin\x64\Debug\net472\zSmartClient_UnitTest.dll" adapterTypeName="executor://mstestadapter/v2" className="SmartClient_UnitTest.VideoOS.RemoteClient.GisMap.Utilities.GisUtilityTests" name="ToDenormalizedFieldOfView_1_0" />
    </UnitTest>
    <UnitTest name="ComparingSameInstance" storage="d:\actions-runner\_work\xpco\xpco\sc\components\remoteviewer\smartclient\tst\zsmartclient_unittest\bin\x64\debug\net472\zsmartclient_unittest.dll" id="a6f9c41f-5ed0-c96c-bb7f-fb5d30d812a5">
      <Execution id="d9551333-77e9-4a06-87a2-288cf451ab32" />
      <TestMethod codeBase="D:\actions-runner\_work\XPCO\XPCO\SC\Components\RemoteViewer\SmartClient\tst\zSmartClient_UnitTest\bin\x64\Debug\net472\zSmartClient_UnitTest.dll" adapterTypeName="executor://mstestadapter/v2" className="SmartClient_UnitTest.VideoOS.RemoteClient.Application.UI.Common.ViewTree.SortingTests" name="ComparingSameInstance" />
    </UnitTest>
    <UnitTest name="Constructor_ShouldThrowException_WhenFunctorCollectionIsNull" storage="d:\actions-runner\_work\xpco\xpco\sc\components\remoteviewer\smartclient\tst\zsmartclient_unittest\bin\x64\debug\net472\zsmartclient_unittest.dll" id="97333588-528f-b816-eec2-32c062436864">
      <TestCategory>
        <TestCategoryItem TestCategory="ReportingContentType" />
      </TestCategory>
      <Execution id="e1dbe94c-b411-4b6a-a80d-91317df6f643" />
      <TestMethod codeBase="D:\actions-runner\_work\XPCO\XPCO\SC\Components\RemoteViewer\SmartClient\tst\zSmartClient_UnitTest\bin\x64\Debug\net472\zSmartClient_UnitTest.dll" adapterTypeName="executor://mstestadapter/v2" className="SmartClient_UnitTest.VideoOS.RemoteClient.Application.Data.ContentTypes.ReportingContentType.ReportViewerViewModelTest" name="Constructor_ShouldThrowException_WhenFunctorCollectionIsNull" />
    </UnitTest>
    <UnitTest name="AttributeValueGet_NullValue_Success" storage="d:\actions-runner\_work\xpco\xpco\sc\components\remoteviewer\smartclient\tst\zsmartclient_unittest\bin\x64\debug\net472\zsmartclient_unittest.dll" id="17fe6ff4-b5d4-9e8c-2ff8-d274a9cc9666">
      <TestCategory>
        <TestCategoryItem TestCategory="Search" />
      </TestCategory>
      <Execution id="c16d29a9-b48f-434f-9df2-34642678acb3" />
      <TestMethod codeBase="D:\actions-runner\_work\XPCO\XPCO\SC\Components\RemoteViewer\SmartClient\tst\zSmartClient_UnitTest\bin\x64\Debug\net472\zSmartClient_UnitTest.dll" adapterTypeName="executor://mstestadapter/v2" className="SmartClient_UnitTest.VideoOS.RemoteClient.Plugin.CentralizedSearch.MIPPlugin.Criteria.TextBoxAttributeEditControlTest" name="AttributeValueGet_NullValue_Success" />
    </UnitTest>
    <UnitTest name="LeftButtonDown_DoubleClick_ZoomsIn" storage="d:\actions-runner\_work\xpco\xpco\sc\components\remoteviewer\smartclient\tst\zsmartclient_unittest\bin\x64\debug\net472\zsmartclient_unittest.dll" id="504360c9-285d-3030-32b3-a9a95cfffe51">
      <TestCategory>
        <TestCategoryItem TestCategory="GisMap.MapControl" />
      </TestCategory>
      <Execution id="35270570-2a49-40d6-9146-47ba5d0fe178" />
      <TestMethod codeBase="D:\actions-runner\_work\XPCO\XPCO\SC\Components\RemoteViewer\SmartClient\tst\zSmartClient_UnitTest\bin\x64\Debug\net472\zSmartClient_UnitTest.dll" adapterTypeName="executor://mstestadapter/v2" className="SmartClient_UnitTest.VideoOS.RemoteClient.Plugin.GisMap.ThinkGeoMap.ThinkGeoMapControlTests" name="LeftButtonDown_DoubleClick_ZoomsIn" />
    </UnitTest>
    <UnitTest name="ValidateExportFormats_ShouldReturnFailResult_ExportFormatRequired" storage="d:\actions-runner\_work\xpco\xpco\sc\components\remoteviewer\smartclient\tst\zsmartclient_unittest\bin\x64\debug\net472\zsmartclient_unittest.dll" id="4e7c1dac-cca0-02a1-db28-32ba9bd6a0cf">
      <TestCategory>
        <TestCategoryItem TestCategory="Export" />
      </TestCategory>
      <Execution id="af8eea90-548d-4fcf-983d-0332f2e5787c" />
      <TestMethod codeBase="D:\actions-runner\_work\XPCO\XPCO\SC\Components\RemoteViewer\SmartClient\tst\zSmartClient_UnitTest\bin\x64\Debug\net472\zSmartClient_UnitTest.dll" adapterTypeName="executor://mstestadapter/v2" className="SmartClient_UnitTest.VideoOS.RemoteClient.Plugin.Export.ExportDataValidatorTests" name="ValidateExportFormats_ShouldReturnFailResult_ExportFormatRequired" />
    </UnitTest>
    <UnitTest name="OnLoaded_ValidUserControl_Success" storage="d:\actions-runner\_work\xpco\xpco\sc\components\remoteviewer\smartclient\tst\zsmartclient_unittest\bin\x64\debug\net472\zsmartclient_unittest.dll" id="673f3e73-dfeb-8ed6-a405-443eef7a608a">
      <TestCategory>
        <TestCategoryItem TestCategory="Search" />
      </TestCategory>
      <Execution id="b81fbe29-407d-4a6d-bffe-882d7ce5103d" />
      <TestMethod codeBase="D:\actions-runner\_work\XPCO\XPCO\SC\Components\RemoteViewer\SmartClient\tst\zSmartClient_UnitTest\bin\x64\Debug\net472\zSmartClient_UnitTest.dll" adapterTypeName="executor://mstestadapter/v2" className="SmartClient_UnitTest.VideoOS.RemoteClient.Plugin.CentralizedSearch.Views.SearchResultContainerViewTests" name="OnLoaded_ValidUserControl_Success" />
    </UnitTest>
    <UnitTest name="ShowSuccessToast_ShouldShowCorrectNumberOfToasts (1,1)" storage="d:\actions-runner\_work\xpco\xpco\sc\components\remoteviewer\smartclient\tst\zsmartclient_unittest\bin\x64\debug\net472\zsmartclient_unittest.dll" id="5fbb5d38-d0c1-8683-ad00-378581dc683f">
      <TestCategory>
        <TestCategoryItem TestCategory="Managers" />
      </TestCategory>
      <Execution id="eafcb966-7cb2-4f53-9ba5-e693095a2324" />
      <TestMethod codeBase="D:\actions-runner\_work\XPCO\XPCO\SC\Components\RemoteViewer\SmartClient\tst\zSmartClient_UnitTest\bin\x64\Debug\net472\zSmartClient_UnitTest.dll" adapterTypeName="executor://mstestadapter/v2" className="SmartClient_UnitTest.VideoOS.RemoteClient.Application.Managers.ExportResultsNotificationHelperTests" name="ShowSuccessToast_ShouldShowCorrectNumberOfToasts" />
    </UnitTest>
    <UnitTest name="ProvideValue_ReturnsThis" storage="d:\actions-runner\_work\xpco\xpco\sc\components\remoteviewer\smartclient\tst\zsmartclient_unittest\bin\x64\debug\net472\zsmartclient_unittest.dll" id="b162402f-2c1b-0582-f67d-d6b489572737">
      <TestCategory>
        <TestCategoryItem TestCategory="SearchConverter" />
      </TestCategory>
      <Execution id="d49ba238-915b-4ffb-bf99-0c797d6e0f56" />
      <TestMethod codeBase="D:\actions-runner\_work\XPCO\XPCO\SC\Components\RemoteViewer\SmartClient\tst\zSmartClient_UnitTest\bin\x64\Debug\net472\zSmartClient_UnitTest.dll" adapterTypeName="executor://mstestadapter/v2" className="SmartClient_UnitTest.VideoOS.RemoteClient.Plugin.CentralizedSearch.Views.Converters.NoCriteriaSelectedGridVisibilityConverterTests" name="ProvideValue_ReturnsThis" />
    </UnitTest>
    <UnitTest name="GetSnapshots_NoPlaybackRight_Failure" storage="d:\actions-runner\_work\xpco\xpco\sc\components\remoteviewer\smartclient\tst\zsmartclient_unittest\bin\x64\debug\net472\zsmartclient_unittest.dll" id="0235937d-7835-1be7-a6de-aa25a4b10aac">
      <TestCategory>
        <TestCategoryItem TestCategory="Search" />
      </TestCategory>
      <Execution id="1f4157ff-b88e-4b74-87da-577f38d221c1" />
      <TestMethod codeBase="D:\actions-runner\_work\XPCO\XPCO\SC\Components\RemoteViewer\SmartClient\tst\zSmartClient_UnitTest\bin\x64\Debug\net472\zSmartClient_UnitTest.dll" adapterTypeName="executor://mstestadapter/v2" className="SmartClient_UnitTest.VideoOS.RemoteClient.Plugin.CentralizedSearch.ViewModels.Data.SnapshotHandlerTests" name="GetSnapshots_NoPlaybackRight_Failure" />
    </UnitTest>
    <UnitTest name="SetMapItemCluster_ShouldSetIcon_WhenNotSuperClusterAndNotCamera" storage="d:\actions-runner\_work\xpco\xpco\sc\components\remoteviewer\smartclient\tst\zsmartclient_unittest\bin\x64\debug\net472\zsmartclient_unittest.dll" id="9aeccaa7-2271-ee00-99ac-96f3fa1164be">
      <TestCategory>
        <TestCategoryItem TestCategory="GisMap.ClusterMarkerTests" />
      </TestCategory>
      <Execution id="7a587362-c026-42c2-848b-c4903db49dd9" />
      <TestMethod codeBase="D:\actions-runner\_work\XPCO\XPCO\SC\Components\RemoteViewer\SmartClient\tst\zSmartClient_UnitTest\bin\x64\Debug\net472\zSmartClient_UnitTest.dll" adapterTypeName="executor://mstestadapter/v2" className="SmartClient_UnitTest.VideoOS.RemoteClient.Plugin.GisMap.ThinkGeoMap.Markers.DeviceMarkers.ClusterMarker.ClusterMarkerTests" name="SetMapItemCluster_ShouldSetIcon_WhenNotSuperClusterAndNotCamera" />
    </UnitTest>
    <UnitTest name="CompareMilestonePinkTest" storage="d:\actions-runner\_work\xpco\xpco\sc\components\remoteviewer\smartclient\tst\zsmartclient_unittest\bin\x64\debug\net472\zsmartclient_unittest.dll" id="b89a6798-9691-5fa5-5f0c-53d6c5a0e9aa">
      <Execution id="02a67831-072c-423d-9e9a-6cdc1350dee3" />
      <TestMethod codeBase="D:\actions-runner\_work\XPCO\XPCO\SC\Components\RemoteViewer\SmartClient\tst\zSmartClient_UnitTest\bin\x64\Debug\net472\zSmartClient_UnitTest.dll" adapterTypeName="executor://mstestadapter/v2" className="SmartClient_UnitTest.VideoOS.RemoteClient.Application.Controllers.OemResourceControllerTest" name="CompareMilestonePinkTest" />
    </UnitTest>
    <UnitTest name="PtzPresetsMenuViewModel_PtzReservedByOtherUserTest" storage="d:\actions-runner\_work\xpco\xpco\sc\components\remoteviewer\smartclient\tst\zsmartclient_unittest\bin\x64\debug\net472\zsmartclient_unittest.dll" id="c80f6705-aed7-e74b-8edd-9b2f7c5971b3">
      <Execution id="8bea5770-d57c-4349-82da-302a24721c3e" />
      <TestMethod codeBase="D:\actions-runner\_work\XPCO\XPCO\SC\Components\RemoteViewer\SmartClient\tst\zSmartClient_UnitTest\bin\x64\Debug\net472\zSmartClient_UnitTest.dll" adapterTypeName="executor://mstestadapter/v2" className="SmartClient_UnitTest.VideoOS.RemoteClient.Application.Data.ContentTypes.CameraContentType.PtzPresetsMenuViewModelTest" name="PtzPresetsMenuViewModel_PtzReservedByOtherUserTest" />
    </UnitTest>
    <UnitTest name="IsOutputDisabled_ShouldBeFalse_WhenOutputIsEnabled" storage="d:\actions-runner\_work\xpco\xpco\sc\components\remoteviewer\smartclient\tst\zsmartclient_unittest\bin\x64\debug\net472\zsmartclient_unittest.dll" id="02e91707-aab1-0a11-fa7b-f648cd0fd36e">
      <TestCategory>
        <TestCategoryItem TestCategory="GisMapData.MapLayers" />
      </TestCategory>
      <Execution id="3714b31f-1343-409d-a280-44bbaf66b3ea" />
      <TestMethod codeBase="D:\actions-runner\_work\XPCO\XPCO\SC\Components\RemoteViewer\SmartClient\tst\zSmartClient_UnitTest\bin\x64\Debug\net472\zSmartClient_UnitTest.dll" adapterTypeName="executor://mstestadapter/v2" className="SmartClient_UnitTest.VideoOS.RemoteClient.GisMapData.MapLayers.OutputItemsMapLayerTests" name="IsOutputDisabled_ShouldBeFalse_WhenOutputIsEnabled" />
    </UnitTest>
    <UnitTest name="PatrollingProfileListViewModel_SelectedPatrollingProfileViewModel_Selected_PatrollingStep" storage="d:\actions-runner\_work\xpco\xpco\sc\components\remoteviewer\smartclient\tst\zsmartclient_unittest\bin\x64\debug\net472\zsmartclient_unittest.dll" id="2521704e-7859-65c2-160f-02af43e2aa44">
      <Execution id="89fcb8d7-db32-4791-8ed2-216fbb13c48d" />
      <TestMethod codeBase="D:\actions-runner\_work\XPCO\XPCO\SC\Components\RemoteViewer\SmartClient\tst\zSmartClient_UnitTest\bin\x64\Debug\net472\zSmartClient_UnitTest.dll" adapterTypeName="executor://mstestadapter/v2" className="SmartClient_UnitTest.VideoOS.RemoteClient.Application.UI.PtzPreset.PatrollingViewModel.PatrollingProfileListViewModelTest" name="PatrollingProfileListViewModel_SelectedPatrollingProfileViewModel_Selected_PatrollingStep" />
    </UnitTest>
    <UnitTest name="IsMicrophoneMuted_ShouldBeTrue_WhenMicrophoneIsMuted" storage="d:\actions-runner\_work\xpco\xpco\sc\components\remoteviewer\smartclient\tst\zsmartclient_unittest\bin\x64\debug\net472\zsmartclient_unittest.dll" id="0cc7d5be-9117-6a7b-5cf3-0699f110c80e">
      <TestCategory>
        <TestCategoryItem TestCategory="GisMapData.MapLayers" />
      </TestCategory>
      <Execution id="956d5bfe-a152-4146-9fdc-298b7d97f893" />
      <TestMethod codeBase="D:\actions-runner\_work\XPCO\XPCO\SC\Components\RemoteViewer\SmartClient\tst\zSmartClient_UnitTest\bin\x64\Debug\net472\zSmartClient_UnitTest.dll" adapterTypeName="executor://mstestadapter/v2" className="SmartClient_UnitTest.VideoOS.RemoteClient.GisMapData.MapLayers.MicrophoneItemsMapLayerTests" name="IsMicrophoneMuted_ShouldBeTrue_WhenMicrophoneIsMuted" />
    </UnitTest>
    <UnitTest name="Result_Expands_Correctly" storage="d:\actions-runner\_work\xpco\xpco\sc\components\remoteviewer\smartclient\tst\zsmartclient_unittest\bin\x64\debug\net472\zsmartclient_unittest.dll" id="8717c557-1272-1ca3-c2f1-71d1819ddb50">
      <Execution id="599bc011-cff3-40c9-b90c-9c0a5ff6c9ed" />
      <TestMethod codeBase="D:\actions-runner\_work\XPCO\XPCO\SC\Components\RemoteViewer\SmartClient\tst\zSmartClient_UnitTest\bin\x64\Debug\net472\zSmartClient_UnitTest.dll" adapterTypeName="executor://mstestadapter/v2" className="SmartClient_UnitTest.VideoOS.RemoteClient.Application.Components.Search.SearchManagerTest" name="Result_Expands_Correctly" />
    </UnitTest>
    <UnitTest name="FindSearchTemplatesAsync_Fails_Success" storage="d:\actions-runner\_work\xpco\xpco\sc\components\remoteviewer\smartclient\tst\zsmartclient_unittest\bin\x64\debug\net472\zsmartclient_unittest.dll" id="d697ec40-0cdc-2a97-6199-7cace147591a">
      <TestCategory>
        <TestCategoryItem TestCategory="SearchTemplates" />
      </TestCategory>
      <Execution id="08f222a7-0d13-4d6b-bfe7-6f6cd963171e" />
      <TestMethod codeBase="D:\actions-runner\_work\XPCO\XPCO\SC\Components\RemoteViewer\SmartClient\tst\zSmartClient_UnitTest\bin\x64\Debug\net472\zSmartClient_UnitTest.dll" adapterTypeName="executor://mstestadapter/v2" className="SmartClient_UnitTest.VideoOS.RemoteClient.Plugin.CentralizedSearch.SearchTemplates.SearchTemplateManagerTests" name="FindSearchTemplatesAsync_Fails_Success" />
    </UnitTest>
    <UnitTest name="Ctor_NullMessage_ThrowsException" storage="d:\actions-runner\_work\xpco\xpco\sc\components\remoteviewer\smartclient\tst\zsmartclient_unittest\bin\x64\debug\net472\zsmartclient_unittest.dll" id="29c77f9c-4048-1470-9159-cedbe420b5fd">
      <Execution id="7065fb15-e85c-4799-8ab7-4524233e737b" />
      <TestMethod codeBase="D:\actions-runner\_work\XPCO\XPCO\SC\Components\RemoteViewer\SmartClient\tst\zSmartClient_UnitTest\bin\x64\Debug\net472\zSmartClient_UnitTest.dll" adapterTypeName="executor://mstestadapter/v2" className="SmartClient_UnitTest.VideoOS.RemoteClient.Application.UI.Common.MessageBoxWithList.MessageBoxWithListViewModelTests" name="Ctor_NullMessage_ThrowsException" />
    </UnitTest>
    <UnitTest name="PtzSessionControllerInfo_TimeChangedTest_Argument_Null_1" storage="d:\actions-runner\_work\xpco\xpco\sc\components\remoteviewer\smartclient\tst\zsmartclient_unittest\bin\x64\debug\net472\zsmartclient_unittest.dll" id="aa81343a-5273-d050-4734-4d568d0cd256">
      <Execution id="39dd0259-8203-434e-ad1f-059309922f11" />
      <TestMethod codeBase="D:\actions-runner\_work\XPCO\XPCO\SC\Components\RemoteViewer\SmartClient\tst\zSmartClient_UnitTest\bin\x64\Debug\net472\zSmartClient_UnitTest.dll" adapterTypeName="executor://mstestadapter/v2" className="VideoOS.RemoteClient.Application.Controllers.UnitTest.PtzSessionControllerTest" name="PtzSessionControllerInfo_TimeChangedTest_Argument_Null_1" />
    </UnitTest>
    <UnitTest name="PatrollingProfileListViewModel_SelectedPatrollingProfileViewModel_No_Selected_PatrollingStep" storage="d:\actions-runner\_work\xpco\xpco\sc\components\remoteviewer\smartclient\tst\zsmartclient_unittest\bin\x64\debug\net472\zsmartclient_unittest.dll" id="27438fb6-5317-1252-e840-ea85e2375f48">
      <Execution id="1f941a88-3fe6-418d-bc27-7e71d0586744" />
      <TestMethod codeBase="D:\actions-runner\_work\XPCO\XPCO\SC\Components\RemoteViewer\SmartClient\tst\zSmartClient_UnitTest\bin\x64\Debug\net472\zSmartClient_UnitTest.dll" adapterTypeName="executor://mstestadapter/v2" className="SmartClient_UnitTest.VideoOS.RemoteClient.Application.UI.PtzPreset.PatrollingViewModel.PatrollingProfileListViewModelTest" name="PatrollingProfileListViewModel_SelectedPatrollingProfileViewModel_No_Selected_PatrollingStep" />
    </UnitTest>
    <UnitTest name="OnUnloaded_ResultControl_ResultControlClosed" storage="d:\actions-runner\_work\xpco\xpco\sc\components\remoteviewer\smartclient\tst\zsmartclient_unittest\bin\x64\debug\net472\zsmartclient_unittest.dll" id="0eacc291-f328-de4d-1a1f-8a8b3e1cccd7">
      <TestCategory>
        <TestCategoryItem TestCategory="Search" />
      </TestCategory>
      <Execution id="62921933-931a-46d3-a178-a07f5f53713c" />
      <TestMethod codeBase="D:\actions-runner\_work\XPCO\XPCO\SC\Components\RemoteViewer\SmartClient\tst\zSmartClient_UnitTest\bin\x64\Debug\net472\zSmartClient_UnitTest.dll" adapterTypeName="executor://mstestadapter/v2" className="SmartClient_UnitTest.VideoOS.RemoteClient.Plugin.CentralizedSearch.Views.SearchResultContainerViewTests" name="OnUnloaded_ResultControl_ResultControlClosed" />
    </UnitTest>
    <UnitTest name="Decorate_ShouldRaiseArgumentNullException_WhenLayerVisibilityItemDataIsNull" storage="d:\actions-runner\_work\xpco\xpco\sc\components\remoteviewer\smartclient\tst\zsmartclient_unittest\bin\x64\debug\net472\zsmartclient_unittest.dll" id="a2522359-b2a2-5229-47e0-a441d8ac2c1e">
      <TestCategory>
        <TestCategoryItem TestCategory="GisMap.LayerVisibilityItemDataChildrenViewZoneDecoratorTests" />
      </TestCategory>
      <Execution id="d9324186-00d4-44fc-a8c2-f9f41b349fbd" />
      <TestMethod codeBase="D:\actions-runner\_work\XPCO\XPCO\SC\Components\RemoteViewer\SmartClient\tst\zSmartClient_UnitTest\bin\x64\Debug\net472\zSmartClient_UnitTest.dll" adapterTypeName="executor://mstestadapter/v2" className="SmartClient_UnitTest.VideoOS.RemoteClient.Plugin.GisMap.ViewModels.LayersVisibility.Decorators.LayerVisibilityItemDataChildrenViewZoneDecoratorTests" name="Decorate_ShouldRaiseArgumentNullException_WhenLayerVisibilityItemDataIsNull" />
    </UnitTest>
    <UnitTest name="GetDeviceData_ShouldReturnDeviceData_WhenMicrophoneKindAndExistingMicrophoneId" storage="d:\actions-runner\_work\xpco\xpco\sc\components\remoteviewer\smartclient\tst\zsmartclient_unittest\bin\x64\debug\net472\zsmartclient_unittest.dll" id="93ef99d9-ca73-69ac-4d15-4561a881ee1d">
      <TestCategory>
        <TestCategoryItem TestCategory="GisMap.Controllers.Devices.MapItems" />
      </TestCategory>
      <Execution id="f7221eb6-c1dc-4be6-bbd9-c2c7e8cbe4d1" />
      <TestMethod codeBase="D:\actions-runner\_work\XPCO\XPCO\SC\Components\RemoteViewer\SmartClient\tst\zSmartClient_UnitTest\bin\x64\Debug\net472\zSmartClient_UnitTest.dll" adapterTypeName="executor://mstestadapter/v2" className="SmartClient_UnitTest.VideoOS.RemoteClient.Plugin.GisMap.Controllers.Devices.MapItems.DeviceDataControllerTests" name="GetDeviceData_ShouldReturnDeviceData_WhenMicrophoneKindAndExistingMicrophoneId" />
    </UnitTest>
    <UnitTest name="Convert_ShouldReturnTrue_WhenParameterArrayContainsValue" storage="d:\actions-runner\_work\xpco\xpco\sc\components\remoteviewer\smartclient\tst\zsmartclient_unittest\bin\x64\debug\net472\zsmartclient_unittest.dll" id="847f64c7-3f64-8d01-6913-77b9ebb56919">
      <TestCategory>
        <TestCategoryItem TestCategory="GisMap.InteractionStateConverter" />
      </TestCategory>
      <Execution id="6d66e059-be97-4116-89f4-3bd7f1e8ce5b" />
      <TestMethod codeBase="D:\actions-runner\_work\XPCO\XPCO\SC\Components\RemoteViewer\SmartClient\tst\zSmartClient_UnitTest\bin\x64\Debug\net472\zSmartClient_UnitTest.dll" adapterTypeName="executor://mstestadapter/v2" className="SmartClient_UnitTest.VideoOS.RemoteClient.Plugin.GisMap.View.InteractionStateConverterTests" name="Convert_ShouldReturnTrue_WhenParameterArrayContainsValue" />
    </UnitTest>
    <UnitTest name="AndOrSearchDefinitionToCornerRadiusMultiConverter_CallConvert_LastAnd" storage="d:\actions-runner\_work\xpco\xpco\sc\components\remoteviewer\smartclient\tst\zsmartclient_unittest\bin\x64\debug\net472\zsmartclient_unittest.dll" id="d87bb820-5df8-b7cb-0dc2-a51e231db935">
      <TestCategory>
        <TestCategoryItem TestCategory="SearchConverter" />
      </TestCategory>
      <Execution id="acd0c8c1-85ed-4472-8822-f77f59de81ca" />
      <TestMethod codeBase="D:\actions-runner\_work\XPCO\XPCO\SC\Components\RemoteViewer\SmartClient\tst\zSmartClient_UnitTest\bin\x64\Debug\net472\zSmartClient_UnitTest.dll" adapterTypeName="executor://mstestadapter/v2" className="SmartClient_UnitTest.VideoOS.RemoteClient.Plugin.CentralizedSearch.Views.Converters.AndOrSearchDefinitionMultiConverterTests" name="AndOrSearchDefinitionToCornerRadiusMultiConverter_CallConvert_LastAnd" />
    </UnitTest>
    <UnitTest name="DeleteLevel1Of12_Success" storage="d:\actions-runner\_work\xpco\xpco\sc\components\remoteviewer\smartclient\tst\zsmartclient_unittest\bin\x64\debug\net472\zsmartclient_unittest.dll" id="ba253b92-69e3-4e4f-d52c-11bff46fb10e">
      <TestCategory>
        <TestCategoryItem TestCategory="GisMapBuilding" />
      </TestCategory>
      <Execution id="089eeabb-415b-4eb9-854d-e6b060de17fa" />
      <TestMethod codeBase="D:\actions-runner\_work\XPCO\XPCO\SC\Components\RemoteViewer\SmartClient\tst\zSmartClient_UnitTest\bin\x64\Debug\net472\zSmartClient_UnitTest.dll" adapterTypeName="executor://mstestadapter/v2" className="SmartClient_UnitTest.VideoOS.RemoteClient.GisMapData.MapBuildings.MapLevelTests" name="DeleteLevel1Of12_Success" />
    </UnitTest>
    <UnitTest name="Valid password" storage="d:\actions-runner\_work\xpco\xpco\sc\components\remoteviewer\smartclient\tst\zsmartclient_unittest\bin\x64\debug\net472\zsmartclient_unittest.dll" id="d0502605-3206-9613-21e3-72be815877fa">
      <TestCategory>
        <TestCategoryItem TestCategory="Export" />
      </TestCategory>
      <Execution id="34275569-b9c8-4999-9d4c-7f54833dc9b7" />
      <TestMethod codeBase="D:\actions-runner\_work\XPCO\XPCO\SC\Components\RemoteViewer\SmartClient\tst\zSmartClient_UnitTest\bin\x64\Debug\net472\zSmartClient_UnitTest.dll" adapterTypeName="executor://mstestadapter/v2" className="SmartClient_UnitTest.VideoOS.RemoteClient.Plugin.Export.PasswordDialogViewModelTests" name="InitialPassword_ShouldResultInCorrectValidity" />
    </UnitTest>
    <UnitTest name="PopulateTooltip_FewResultsFromManyCameras12Hours_ValidText" storage="d:\actions-runner\_work\xpco\xpco\sc\components\remoteviewer\smartclient\tst\zsmartclient_unittest\bin\x64\debug\net472\zsmartclient_unittest.dll" id="aad7f35a-646d-e848-06d9-3817cba16168">
      <TestCategory>
        <TestCategoryItem TestCategory="SearchControls" />
      </TestCategory>
      <Execution id="138bbb76-34ad-45e4-a911-84538a1feacc" />
      <TestMethod codeBase="D:\actions-runner\_work\XPCO\XPCO\SC\Components\RemoteViewer\SmartClient\tst\zSmartClient_UnitTest\bin\x64\Debug\net472\zSmartClient_UnitTest.dll" adapterTypeName="executor://mstestadapter/v2" className="SmartClient_UnitTest.VideoOS.RemoteClient.Plugin.CentralizedSearch.Views.Controls.TimelineRuler.TimelineRulerControlTests" name="PopulateTooltip_FewResultsFromManyCameras12Hours_ValidText" />
    </UnitTest>
    <UnitTest name="PerfCnt_ExecuteUnknownCounter_Success" storage="d:\actions-runner\_work\xpco\xpco\sc\components\remoteviewer\smartclient\tst\zsmartclient_unittest\bin\x64\debug\net472\zsmartclient_unittest.dll" id="102b1376-858e-c079-f8d2-05ad7ca84e2b">
      <Execution id="1ac05fe0-ddc8-499e-91cb-24f02d29c379" />
      <TestMethod codeBase="D:\actions-runner\_work\XPCO\XPCO\SC\Components\RemoteViewer\SmartClient\tst\zSmartClient_UnitTest\bin\x64\Debug\net472\zSmartClient_UnitTest.dll" adapterTypeName="executor://mstestadapter/v2" className="SmartClient_UnitTest.VideoOS.RemoteClient.Application.PerformanceCounters.SourcingTests" name="PerfCnt_ExecuteUnknownCounter_Success" />
    </UnitTest>
    <UnitTest name="SupportsDoubleClick_ShouldBeFalse_WhenInteractionStateIsNotNormalOrNewDevice" storage="d:\actions-runner\_work\xpco\xpco\sc\components\remoteviewer\smartclient\tst\zsmartclient_unittest\bin\x64\debug\net472\zsmartclient_unittest.dll" id="e76f4094-8dcd-5aeb-e147-a8a4e7a18b8c">
      <TestCategory>
        <TestCategoryItem TestCategory="GisMap.MicrophoneMarkerTest" />
      </TestCategory>
      <Execution id="f1e51988-4750-4b6e-af47-b792d5dd9a0f" />
      <TestMethod codeBase="D:\actions-runner\_work\XPCO\XPCO\SC\Components\RemoteViewer\SmartClient\tst\zSmartClient_UnitTest\bin\x64\Debug\net472\zSmartClient_UnitTest.dll" adapterTypeName="executor://mstestadapter/v2" className="SmartClient_UnitTest.VideoOS.RemoteClient.Plugin.GisMap.ThinkGeoMap.Markers.DeviceMarkers.MicrophoneMarker.MicrophoneMarkerTests" name="SupportsDoubleClick_ShouldBeFalse_WhenInteractionStateIsNotNormalOrNewDevice" />
    </UnitTest>
    <UnitTest name="OnLayersRetrieved_ShouldSetComponentsToInput_WhenLayersCollectionContainsInput" storage="d:\actions-runner\_work\xpco\xpco\sc\components\remoteviewer\smartclient\tst\zsmartclient_unittest\bin\x64\debug\net472\zsmartclient_unittest.dll" id="a68d8bd1-83c1-7dcf-88ae-373561151afd">
      <TestCategory>
        <TestCategoryItem TestCategory="GisMap.DeviceSelectorWindowViewModel" />
      </TestCategory>
      <Execution id="1d7b629f-ae03-429a-ac6d-81c6766ac0ec" />
      <TestMethod codeBase="D:\actions-runner\_work\XPCO\XPCO\SC\Components\RemoteViewer\SmartClient\tst\zSmartClient_UnitTest\bin\x64\Debug\net472\zSmartClient_UnitTest.dll" adapterTypeName="executor://mstestadapter/v2" className="SmartClient_UnitTest.VideoOS.RemoteClient.Plugin.GisMap.ViewModels.DeviceSelectorWindowViewModelTests" name="OnLayersRetrieved_ShouldSetComponentsToInput_WhenLayersCollectionContainsInput" />
    </UnitTest>
    <UnitTest name="CameraMapItem_ForceActivateAsync_InBuilding_MapLevelsNotLoaded_Success" storage="d:\actions-runner\_work\xpco\xpco\sc\components\remoteviewer\smartclient\tst\zsmartclient_unittest\bin\x64\debug\net472\zsmartclient_unittest.dll" id="0b4d5c4e-e489-765d-d3a8-0ce9513428a5">
      <TestCategory>
        <TestCategoryItem TestCategory="GisMapMapItem" />
      </TestCategory>
      <Execution id="9eb2f369-1fdb-4791-a048-5455481b0cb1" />
      <TestMethod codeBase="D:\actions-runner\_work\XPCO\XPCO\SC\Components\RemoteViewer\SmartClient\tst\zSmartClient_UnitTest\bin\x64\Debug\net472\zSmartClient_UnitTest.dll" adapterTypeName="executor://mstestadapter/v2" className="SmartClient_UnitTest.VideoOS.RemoteClient.GisMap.MapItem.MapItemTests" name="CameraMapItem_ForceActivateAsync_InBuilding_MapLevelsNotLoaded_Success" />
    </UnitTest>
    <UnitTest name="SelectTemplate_UseInlineEditFalse_ReturnsPopupTemplate" storage="d:\actions-runner\_work\xpco\xpco\sc\components\remoteviewer\smartclient\tst\zsmartclient_unittest\bin\x64\debug\net472\zsmartclient_unittest.dll" id="e1f594ff-5c37-d66b-07f6-82e1c4cb1481">
      <TestCategory>
        <TestCategoryItem TestCategory="SearchViews" />
      </TestCategory>
      <Execution id="7b9c62eb-861d-43c7-a98e-20313d2d26cf" />
      <TestMethod codeBase="D:\actions-runner\_work\XPCO\XPCO\SC\Components\RemoteViewer\SmartClient\tst\zSmartClient_UnitTest\bin\x64\Debug\net472\zSmartClient_UnitTest.dll" adapterTypeName="executor://mstestadapter/v2" className="SmartClient_UnitTest.VideoOS.RemoteClient.Plugin.CentralizedSearch.Views.AttributeEditControlTemplateSelectorTests" name="SelectTemplate_UseInlineEditFalse_ReturnsPopupTemplate" />
    </UnitTest>
    <UnitTest name="Deserialize_ShouldReturnCombineTypeOr_WhenCombineTypeIsInvalidInXml" storage="d:\actions-runner\_work\xpco\xpco\sc\components\remoteviewer\smartclient\tst\zsmartclient_unittest\bin\x64\debug\net472\zsmartclient_unittest.dll" id="a2769260-4eb7-daf9-b4d2-f155ed354d1b">
      <TestCategory>
        <TestCategoryItem TestCategory="SearchModels" />
      </TestCategory>
      <Execution id="a1bfae90-4143-4bd6-8148-2cd1bde1a476" />
      <TestMethod codeBase="D:\actions-runner\_work\XPCO\XPCO\SC\Components\RemoteViewer\SmartClient\tst\zSmartClient_UnitTest\bin\x64\Debug\net472\zSmartClient_UnitTest.dll" adapterTypeName="executor://mstestadapter/v2" className="SmartClient_UnitTest.VideoOS.RemoteClient.Plugin.CentralizedSearch.Models.SearchModelTests" name="Deserialize_ShouldReturnCombineTypeOr_WhenCombineTypeIsInvalidInXml" />
    </UnitTest>
    <UnitTest name="ObjectToEnabledConverter_Convert_Null" storage="d:\actions-runner\_work\xpco\xpco\sc\components\remoteviewer\smartclient\tst\zsmartclient_unittest\bin\x64\debug\net472\zsmartclient_unittest.dll" id="9f2f58ff-e9c2-3880-dcf4-b319d054c9c6">
      <Execution id="3726fd83-4333-4c57-a97d-9900584e56a2" />
      <TestMethod codeBase="D:\actions-runner\_work\XPCO\XPCO\SC\Components\RemoteViewer\SmartClient\tst\zSmartClient_UnitTest\bin\x64\Debug\net472\zSmartClient_UnitTest.dll" adapterTypeName="executor://mstestadapter/v2" className="SmartClient_UnitTest.VideoOS.RemoteClient.Application.UI.PtzPreset.PatrollingConverters.ObjectToEnabledConverterTest" name="ObjectToEnabledConverter_Convert_Null" />
    </UnitTest>
    <UnitTest name="AndOrSearchDefinitionToCornerRadiusMultiConverter_CallConvert_WithNullSearchDefinitionWrapper" storage="d:\actions-runner\_work\xpco\xpco\sc\components\remoteviewer\smartclient\tst\zsmartclient_unittest\bin\x64\debug\net472\zsmartclient_unittest.dll" id="f33717b2-6c8e-2361-6ace-29e4108005a6">
      <TestCategory>
        <TestCategoryItem TestCategory="SearchConverter" />
      </TestCategory>
      <Execution id="3c7eac10-396d-4621-a3b5-0b234cb97016" />
      <TestMethod codeBase="D:\actions-runner\_work\XPCO\XPCO\SC\Components\RemoteViewer\SmartClient\tst\zSmartClient_UnitTest\bin\x64\Debug\net472\zSmartClient_UnitTest.dll" adapterTypeName="executor://mstestadapter/v2" className="SmartClient_UnitTest.VideoOS.RemoteClient.Plugin.CentralizedSearch.Views.Converters.AndOrSearchDefinitionMultiConverterTests" name="AndOrSearchDefinitionToCornerRadiusMultiConverter_CallConvert_WithNullSearchDefinitionWrapper" />
    </UnitTest>
    <UnitTest name="GetResultGroups_ShouldReturnGroupsMatchingSearchAgentIds_WhenResultsAreNotCombined" storage="d:\actions-runner\_work\xpco\xpco\sc\components\remoteviewer\smartclient\tst\zsmartclient_unittest\bin\x64\debug\net472\zsmartclient_unittest.dll" id="eeeef62f-490f-22e7-a2d2-ec5886a54dce">
      <TestCategory>
        <TestCategoryItem TestCategory="SearchResultActionBarViewModel" />
      </TestCategory>
      <Execution id="bb84fa55-ff85-4bb9-914f-661a03b6d1f3" />
      <TestMethod codeBase="D:\actions-runner\_work\XPCO\XPCO\SC\Components\RemoteViewer\SmartClient\tst\zSmartClient_UnitTest\bin\x64\Debug\net472\zSmartClient_UnitTest.dll" adapterTypeName="executor://mstestadapter/v2" className="SmartClient_UnitTest.VideoOS.RemoteClient.Plugin.CentralizedSearch.ViewModels.SearchResultsActionBarViewModelTest" name="GetResultGroups_ShouldReturnGroupsMatchingSearchAgentIds_WhenResultsAreNotCombined" />
    </UnitTest>
    <UnitTest name="SidePanelToggleButtonIsVisible_DependingOnConditions (Normal,True,False,True)" storage="d:\actions-runner\_work\xpco\xpco\sc\components\remoteviewer\smartclient\tst\zsmartclient_unittest\bin\x64\debug\net472\zsmartclient_unittest.dll" id="cb533a58-4a71-8bf8-23d3-b894ae78ba25">
      <TestCategory>
        <TestCategoryItem TestCategory="WorkspaceToolbar" />
      </TestCategory>
      <Execution id="11e609fd-4e96-461d-848d-89a7239820c7" />
      <TestMethod codeBase="D:\actions-runner\_work\XPCO\XPCO\SC\Components\RemoteViewer\SmartClient\tst\zSmartClient_UnitTest\bin\x64\Debug\net472\zSmartClient_UnitTest.dll" adapterTypeName="executor://mstestadapter/v2" className="SmartClient_UnitTest.VideoOS.RemoteClient.Application.UI.Content.WorkspaceToolbar.WorkspaceToolbarViewModelTests" name="SidePanelToggleButtonIsVisible_DependingOnConditions" />
    </UnitTest>
    <UnitTest name="Convert_ShouldReturnFalse_WhenParameterContainsValue" storage="d:\actions-runner\_work\xpco\xpco\sc\components\remoteviewer\smartclient\tst\zsmartclient_unittest\bin\x64\debug\net472\zsmartclient_unittest.dll" id="f5dc02d2-c831-9a51-1ebc-8f8a343ea344">
      <TestCategory>
        <TestCategoryItem TestCategory="GisMap.InteractionStateConverter" />
      </TestCategory>
      <Execution id="611d57ff-46ee-4f34-b0f7-b4bd8d328102" />
      <TestMethod codeBase="D:\actions-runner\_work\XPCO\XPCO\SC\Components\RemoteViewer\SmartClient\tst\zSmartClient_UnitTest\bin\x64\Debug\net472\zSmartClient_UnitTest.dll" adapterTypeName="executor://mstestadapter/v2" className="SmartClient_UnitTest.VideoOS.RemoteClient.Plugin.GisMap.View.InteractionStateConverterTests" name="Convert_ShouldReturnFalse_WhenParameterContainsValue" />
    </UnitTest>
    <UnitTest name="HandleSetLayerFeatures_ShouldUpdateInputLayerFeatures_WhenInputKindAndInputLayerFeatures" storage="d:\actions-runner\_work\xpco\xpco\sc\components\remoteviewer\smartclient\tst\zsmartclient_unittest\bin\x64\debug\net472\zsmartclient_unittest.dll" id="f342c369-1b63-ac09-7592-3bbf19ea7792">
      <TestCategory>
        <TestCategoryItem TestCategory="GisMapData.Handlers.LayerFeatures" />
      </TestCategory>
      <Execution id="1b2bc574-7a4c-4ef6-b520-146c311ad333" />
      <TestMethod codeBase="D:\actions-runner\_work\XPCO\XPCO\SC\Components\RemoteViewer\SmartClient\tst\zSmartClient_UnitTest\bin\x64\Debug\net472\zSmartClient_UnitTest.dll" adapterTypeName="executor://mstestadapter/v2" className="SmartClient_UnitTest.VideoOS.RemoteClient.GisMapData.Handlers.LayerFeatures.InputLayerFeaturesHandlerTests" name="HandleSetLayerFeatures_ShouldUpdateInputLayerFeatures_WhenInputKindAndInputLayerFeatures" />
    </UnitTest>
    <UnitTest name="SelectOptions_ShouldNotChangeSelectedComponent_WhenGivenComponentIsNull" storage="d:\actions-runner\_work\xpco\xpco\sc\components\remoteviewer\smartclient\tst\zsmartclient_unittest\bin\x64\debug\net472\zsmartclient_unittest.dll" id="8d8eee96-464d-c577-6270-884494a6a9b2">
      <Execution id="0d1d29ad-57ba-4189-ab3e-1bb3f2649009" />
      <TestMethod codeBase="D:\actions-runner\_work\XPCO\XPCO\SC\Components\RemoteViewer\SmartClient\tst\zSmartClient_UnitTest\bin\x64\Debug\net472\zSmartClient_UnitTest.dll" adapterTypeName="executor://mstestadapter/v2" className="SmartClient_UnitTest.VideoOS.RemoteClient.Application.UI.Settings.SettingsDialogViewModelTests" name="SelectOptions_ShouldNotChangeSelectedComponent_WhenGivenComponentIsNull" />
    </UnitTest>
    <UnitTest name="RetrieveBookmarks_WhereBookmarkTriggerTimesAreOutsideBeginEnd_AndSomeBookmarksAreExcluded" storage="d:\actions-runner\_work\xpco\xpco\sc\components\remoteviewer\smartclient\tst\zsmartclient_unittest\bin\x64\debug\net472\zsmartclient_unittest.dll" id="bc1d45b3-de40-0d4a-bd1b-d3b6d235d5d4">
      <Execution id="eddfad86-994e-47e9-ad5e-1ae8712b6af1" />
      <TestMethod codeBase="D:\actions-runner\_work\XPCO\XPCO\SC\Components\RemoteViewer\SmartClient\tst\zSmartClient_UnitTest\bin\x64\Debug\net472\zSmartClient_UnitTest.dll" adapterTypeName="executor://mstestadapter/v2" className="SmartClient_UnitTest.VideoOS.RemoteClient.Application.Data.Offline.Test.BookmarkExportWriterTest" name="RetrieveBookmarks_WhereBookmarkTriggerTimesAreOutsideBeginEnd_AndSomeBookmarksAreExcluded" />
    </UnitTest>
    <UnitTest name="ServerAuthentication_ShouldReturnLegacyWindows_WhenConstructedUsingWindows" storage="d:\actions-runner\_work\xpco\xpco\sc\components\remoteviewer\smartclient\tst\zsmartclient_unittest\bin\x64\debug\net472\zsmartclient_unittest.dll" id="dcdbbe69-ab49-7246-fc1b-b94cfe92e639">
      <TestCategory>
        <TestCategoryItem TestCategory="Authentication.ClientCredentials" />
      </TestCategory>
      <Execution id="6082d6f7-b678-45e1-8aac-4fc28efe9cec" />
      <TestMethod codeBase="D:\actions-runner\_work\XPCO\XPCO\SC\Components\RemoteViewer\SmartClient\tst\zSmartClient_UnitTest\bin\x64\Debug\net472\zSmartClient_UnitTest.dll" adapterTypeName="executor://mstestadapter/v2" className="SmartClient_UnitTest.VideoOS.Shared.ServerAPI.ClientCredentialsTest" name="ServerAuthentication_ShouldReturnLegacyWindows_WhenConstructedUsingWindows" />
    </UnitTest>
    <UnitTest name="ToMipSearchResultData_ShouldIncludeMetadataObjectsFromAllSubResults" storage="d:\actions-runner\_work\xpco\xpco\sc\components\remoteviewer\smartclient\tst\zsmartclient_unittest\bin\x64\debug\net472\zsmartclient_unittest.dll" id="8ed2a60a-eeda-1585-64ac-27fd20cde828">
      <TestCategory>
        <TestCategoryItem TestCategory="Search.Wrappers" />
      </TestCategory>
      <Execution id="193474f9-29db-46ea-aa9c-aefd9f700a8f" />
      <TestMethod codeBase="D:\actions-runner\_work\XPCO\XPCO\SC\Components\RemoteViewer\SmartClient\tst\zSmartClient_UnitTest\bin\x64\Debug\net472\zSmartClient_UnitTest.dll" adapterTypeName="executor://mstestadapter/v2" className="SmartClient_UnitTest.VideoOS.RemoteClient.Plugin.CentralizedSearch.Models.Wrappers.CombinedSearchResultDataWrapperTests" name="ToMipSearchResultData_ShouldIncludeMetadataObjectsFromAllSubResults" />
    </UnitTest>
    <UnitTest name="ValidateExportFormats_VideoClipFormat_ShouldReturnFailResult_NoAudioToExport" storage="d:\actions-runner\_work\xpco\xpco\sc\components\remoteviewer\smartclient\tst\zsmartclient_unittest\bin\x64\debug\net472\zsmartclient_unittest.dll" id="3346e13c-f7e8-cb19-f9f1-938fc47b8c60">
      <TestCategory>
        <TestCategoryItem TestCategory="Export" />
      </TestCategory>
      <Execution id="e9e50491-e32a-4e1d-9308-60d913ee470c" />
      <TestMethod codeBase="D:\actions-runner\_work\XPCO\XPCO\SC\Components\RemoteViewer\SmartClient\tst\zSmartClient_UnitTest\bin\x64\Debug\net472\zSmartClient_UnitTest.dll" adapterTypeName="executor://mstestadapter/v2" className="SmartClient_UnitTest.VideoOS.RemoteClient.Plugin.Export.ExportDataValidatorTests" name="ValidateExportFormats_VideoClipFormat_ShouldReturnFailResult_NoAudioToExport" />
    </UnitTest>
    <UnitTest name="Constructor_ShouldRaiseArgumentNullException_WhenGisMapModelIsNull" storage="d:\actions-runner\_work\xpco\xpco\sc\components\remoteviewer\smartclient\tst\zsmartclient_unittest\bin\x64\debug\net472\zsmartclient_unittest.dll" id="abed422e-8ff0-5810-3b31-84bfdebdfcc3">
      <TestCategory>
        <TestCategoryItem TestCategory="GisMap.Handlers.Devices.MapItems" />
      </TestCategory>
      <Execution id="1dffb6cd-1498-4078-97f2-24dad50c71a8" />
      <TestMethod codeBase="D:\actions-runner\_work\XPCO\XPCO\SC\Components\RemoteViewer\SmartClient\tst\zSmartClient_UnitTest\bin\x64\Debug\net472\zSmartClient_UnitTest.dll" adapterTypeName="executor://mstestadapter/v2" className="SmartClient_UnitTest.VideoOS.RemoteClient.Plugin.GisMap.Handlers.Devices.MapItems.MicrophoneDataHandlerTests" name="Constructor_ShouldRaiseArgumentNullException_WhenGisMapModelIsNull" />
    </UnitTest>
    <UnitTest name="ApplyStatesToUi_StateWithItemSize_UpdateItemSizeCalled" storage="d:\actions-runner\_work\xpco\xpco\sc\components\remoteviewer\smartclient\tst\zsmartclient_unittest\bin\x64\debug\net472\zsmartclient_unittest.dll" id="84fbc41b-f8b3-97c4-0d80-49164e74cf8a">
      <TestCategory>
        <TestCategoryItem TestCategory="SearchViews" />
      </TestCategory>
      <Execution id="644e45ee-f95f-4a2a-99a2-57360666d5e2" />
      <TestMethod codeBase="D:\actions-runner\_work\XPCO\XPCO\SC\Components\RemoteViewer\SmartClient\tst\zSmartClient_UnitTest\bin\x64\Debug\net472\zSmartClient_UnitTest.dll" adapterTypeName="executor://mstestadapter/v2" className="SmartClient_UnitTest.VideoOS.RemoteClient.Plugin.CentralizedSearch.Views.SearchResultsViewTests" name="ApplyStatesToUi_StateWithItemSize_UpdateItemSizeCalled" />
    </UnitTest>
    <UnitTest name="Compare_ShouldPrioritizeCombinedResults_WhenSingleAndCombinedResultsArePresent" storage="d:\actions-runner\_work\xpco\xpco\sc\components\remoteviewer\smartclient\tst\zsmartclient_unittest\bin\x64\debug\net472\zsmartclient_unittest.dll" id="f952c068-f034-3ff2-3bf8-7e5b673c1e64">
      <TestCategory>
        <TestCategoryItem TestCategory="SearchComparers" />
      </TestCategory>
      <Execution id="612d4a89-fd3c-4511-9086-8b312c38438d" />
      <TestMethod codeBase="D:\actions-runner\_work\XPCO\XPCO\SC\Components\RemoteViewer\SmartClient\tst\zSmartClient_UnitTest\bin\x64\Debug\net472\zSmartClient_UnitTest.dll" adapterTypeName="executor://mstestadapter/v2" className="SmartClient_UnitTest.VideoOS.RemoteClient.Plugin.CentralizedSearch.Models.Wrappers.Comparers.RelevanceComparerTests" name="Compare_ShouldPrioritizeCombinedResults_WhenSingleAndCombinedResultsArePresent" />
    </UnitTest>
    <UnitTest name="Initialize_ShouldRaiseServerUpgradeRequiredAccessControlInitException_WhenAllowOnlyFipsAlgorithmsIsTrueAndSomeEventServerIdsAreNonFipsCompliant" storage="d:\actions-runner\_work\xpco\xpco\sc\components\remoteviewer\smartclient\tst\zsmartclient_unittest\bin\x64\debug\net472\zsmartclient_unittest.dll" id="232e38bc-f1e6-d745-c4df-2efcf25dd919">
      <TestCategory>
        <TestCategoryItem TestCategory="AccessControl" />
      </TestCategory>
      <Execution id="44753d12-96e0-41ab-aa0a-befa0d99df58" />
      <TestMethod codeBase="D:\actions-runner\_work\XPCO\XPCO\SC\Components\RemoteViewer\SmartClient\tst\zSmartClient_UnitTest\bin\x64\Debug\net472\zSmartClient_UnitTest.dll" adapterTypeName="executor://mstestadapter/v2" className="SmartClient_UnitTest.VideoOS.RemoteClient.AccessControl.AccessControlManagerCoreTests" name="Initialize_ShouldRaiseServerUpgradeRequiredAccessControlInitException_WhenAllowOnlyFipsAlgorithmsIsTrueAndSomeEventServerIdsAreNonFipsCompliant" />
    </UnitTest>
    <UnitTest name="SearchResultCombineType_ShouldSetSearchTemplateAsModified_WhenValueChangesAndSearchTemplateIsActive" storage="d:\actions-runner\_work\xpco\xpco\sc\components\remoteviewer\smartclient\tst\zsmartclient_unittest\bin\x64\debug\net472\zsmartclient_unittest.dll" id="38c61dcc-3a50-a0a7-0dea-c65fb41e4802">
      <TestCategory>
        <TestCategoryItem TestCategory="SearchViewModels" />
      </TestCategory>
      <Execution id="8a174614-9518-4808-af89-4282beb9608b" />
      <TestMethod codeBase="D:\actions-runner\_work\XPCO\XPCO\SC\Components\RemoteViewer\SmartClient\tst\zSmartClient_UnitTest\bin\x64\Debug\net472\zSmartClient_UnitTest.dll" adapterTypeName="executor://mstestadapter/v2" className="SmartClient_UnitTest.VideoOS.RemoteClient.Plugin.CentralizedSearch.ViewModels.SearchViewModelTests" name="SearchResultCombineType_ShouldSetSearchTemplateAsModified_WhenValueChangesAndSearchTemplateIsActive" />
    </UnitTest>
    <UnitTest name="OutputMapItem_ForceActivateAsync_InBuilding_Success" storage="d:\actions-runner\_work\xpco\xpco\sc\components\remoteviewer\smartclient\tst\zsmartclient_unittest\bin\x64\debug\net472\zsmartclient_unittest.dll" id="31863e20-a64d-0b66-e341-1da2a444bd4d">
      <TestCategory>
        <TestCategoryItem TestCategory="GisMapData.MapItem.Outputs" />
      </TestCategory>
      <Execution id="39c7afb1-4b68-462c-b9cd-c0ce7388a38d" />
      <TestMethod codeBase="D:\actions-runner\_work\XPCO\XPCO\SC\Components\RemoteViewer\SmartClient\tst\zSmartClient_UnitTest\bin\x64\Debug\net472\zSmartClient_UnitTest.dll" adapterTypeName="executor://mstestadapter/v2" className="SmartClient_UnitTest.VideoOS.RemoteClient.GisMapData.MapItem.Outputs.OutputMapItemTests" name="OutputMapItem_ForceActivateAsync_InBuilding_Success" />
    </UnitTest>
    <UnitTest name="AssignPanTiltValue_WhenValueMax_ShouldReturnMaxValue" storage="d:\actions-runner\_work\xpco\xpco\sc\components\remoteviewer\smartclient\tst\zsmartclient_unittest\bin\x64\debug\net472\zsmartclient_unittest.dll" id="8893b278-aa55-a685-d169-59d2e6a2a2db">
      <Execution id="6133187d-cb15-43f4-9117-718b061104ac" />
      <TestMethod codeBase="D:\actions-runner\_work\XPCO\XPCO\SC\Components\RemoteViewer\SmartClient\tst\zSmartClient_UnitTest\bin\x64\Debug\net472\zSmartClient_UnitTest.dll" adapterTypeName="executor://mstestadapter/v2" className="SmartClient_UnitTest.VideoOS.RemoteClient.Plugin.JoystickSupport.JoystickDeviceTests" name="AssignPanTiltValue_WhenValueMax_ShouldReturnMaxValue" />
    </UnitTest>
    <UnitTest name="EmptySearchResult_PropertiesCollection_IsEmpty" storage="d:\actions-runner\_work\xpco\xpco\sc\components\remoteviewer\smartclient\tst\zsmartclient_unittest\bin\x64\debug\net472\zsmartclient_unittest.dll" id="87830711-b32c-2c47-4ef6-67875858e949">
      <TestCategory>
        <TestCategoryItem TestCategory="SearchControls" />
      </TestCategory>
      <Execution id="81fafab7-9b64-47da-9c43-3921ca6bfa72" />
      <TestMethod codeBase="D:\actions-runner\_work\XPCO\XPCO\SC\Components\RemoteViewer\SmartClient\tst\zSmartClient_UnitTest\bin\x64\Debug\net472\zSmartClient_UnitTest.dll" adapterTypeName="executor://mstestadapter/v2" className="SmartClient_UnitTest.VideoOS.RemoteClient.Plugin.CentralizedSearch.Views.Controls.SearchResultDetailsControlTests" name="EmptySearchResult_PropertiesCollection_IsEmpty" />
    </UnitTest>
    <UnitTest name="GetCredential_ShouldReturnNull_WhenAuthTypeIsNull" storage="d:\actions-runner\_work\xpco\xpco\sc\components\remoteviewer\smartclient\tst\zsmartclient_unittest\bin\x64\debug\net472\zsmartclient_unittest.dll" id="8ad35947-3018-f160-b80e-8c54c467a21a">
      <TestCategory>
        <TestCategoryItem TestCategory="Authentication.ClientCredentials" />
      </TestCategory>
      <Execution id="f3af2147-9fc7-41ba-b11a-42322859ac90" />
      <TestMethod codeBase="D:\actions-runner\_work\XPCO\XPCO\SC\Components\RemoteViewer\SmartClient\tst\zSmartClient_UnitTest\bin\x64\Debug\net472\zSmartClient_UnitTest.dll" adapterTypeName="executor://mstestadapter/v2" className="SmartClient_UnitTest.VideoOS.Shared.ServerAPI.ClientCredentialsTest" name="GetCredential_ShouldReturnNull_WhenAuthTypeIsNull" />
    </UnitTest>
    <UnitTest name="LoadSaveStateFrom_UnknownOrderResultsBy_Success" storage="d:\actions-runner\_work\xpco\xpco\sc\components\remoteviewer\smartclient\tst\zsmartclient_unittest\bin\x64\debug\net472\zsmartclient_unittest.dll" id="98d6e5bd-b7db-7e62-faab-cf0ab9b4f07d">
      <TestCategory>
        <TestCategoryItem TestCategory="SearchResultViewModels" />
      </TestCategory>
      <Execution id="1b778190-44d2-4cbc-b7e7-4be3cadd1922" />
      <TestMethod codeBase="D:\actions-runner\_work\XPCO\XPCO\SC\Components\RemoteViewer\SmartClient\tst\zSmartClient_UnitTest\bin\x64\Debug\net472\zSmartClient_UnitTest.dll" adapterTypeName="executor://mstestadapter/v2" className="SmartClient_UnitTest.VideoOS.RemoteClient.Plugin.CentralizedSearch.ViewModels.SearchResultsViewModelTest" name="LoadSaveStateFrom_UnknownOrderResultsBy_Success" />
    </UnitTest>
    <UnitTest name="DomainAndUserName_ShouldThrow_InvalidOperationException_WhenConstructedUsingExternal" storage="d:\actions-runner\_work\xpco\xpco\sc\components\remoteviewer\smartclient\tst\zsmartclient_unittest\bin\x64\debug\net472\zsmartclient_unittest.dll" id="cefd37a3-357f-d082-971e-590f86c9275f">
      <TestCategory>
        <TestCategoryItem TestCategory="Authentication.ClientCredentials" />
      </TestCategory>
      <Execution id="6e3cefdd-6fce-4bc1-a268-571e98039678" />
      <TestMethod codeBase="D:\actions-runner\_work\XPCO\XPCO\SC\Components\RemoteViewer\SmartClient\tst\zSmartClient_UnitTest\bin\x64\Debug\net472\zSmartClient_UnitTest.dll" adapterTypeName="executor://mstestadapter/v2" className="SmartClient_UnitTest.VideoOS.Shared.ServerAPI.ClientCredentialsTest" name="DomainAndUserName_ShouldThrow_InvalidOperationException_WhenConstructedUsingExternal" />
    </UnitTest>
    <UnitTest name="Password1 invalid, Password 2 valid" storage="d:\actions-runner\_work\xpco\xpco\sc\components\remoteviewer\smartclient\tst\zsmartclient_unittest\bin\x64\debug\net472\zsmartclient_unittest.dll" id="f61a8a43-f371-24a0-5a58-6db210060a1a">
      <TestCategory>
        <TestCategoryItem TestCategory="Export" />
      </TestCategory>
      <Execution id="f86d735d-a033-4793-b8b7-5fa708723eaa" />
      <TestMethod codeBase="D:\actions-runner\_work\XPCO\XPCO\SC\Components\RemoteViewer\SmartClient\tst\zSmartClient_UnitTest\bin\x64\Debug\net472\zSmartClient_UnitTest.dll" adapterTypeName="executor://mstestadapter/v2" className="SmartClient_UnitTest.VideoOS.RemoteClient.Plugin.Export.PasswordDialogViewModelTests" name="ArePasswordsValid_ShouldDependOnPassword1AndPassword2" />
    </UnitTest>
    <UnitTest name="False" storage="d:\actions-runner\_work\xpco\xpco\sc\components\remoteviewer\smartclient\tst\zsmartclient_unittest\bin\x64\debug\net472\zsmartclient_unittest.dll" id="ac792034-f247-0505-126f-c91db503a0d1">
      <TestCategory>
        <TestCategoryItem TestCategory="WorkspaceToolbar" />
      </TestCategory>
      <Execution id="5e3987da-849b-4ea6-b5a6-2aa7054e1a2f" />
      <TestMethod codeBase="D:\actions-runner\_work\XPCO\XPCO\SC\Components\RemoteViewer\SmartClient\tst\zSmartClient_UnitTest\bin\x64\Debug\net472\zSmartClient_UnitTest.dll" adapterTypeName="executor://mstestadapter/v2" className="SmartClient_UnitTest.VideoOS.RemoteClient.Application.Data.WorkspaceToolbar.WorkspaceToolbarItemMipPluginTests" name="BindingModelEnabled_Matches_PluginInstanceEnabled" />
    </UnitTest>
    <UnitTest name="DeserializeAlianXml_Fail" storage="d:\actions-runner\_work\xpco\xpco\sc\components\remoteviewer\smartclient\tst\zsmartclient_unittest\bin\x64\debug\net472\zsmartclient_unittest.dll" id="b78c4a54-8a8a-cc80-cfbb-7be5b5023229">
      <Execution id="fcd0dd25-a81b-443c-a187-2f23ff04f98d" />
      <TestMethod codeBase="D:\actions-runner\_work\XPCO\XPCO\SC\Components\RemoteViewer\SmartClient\tst\zSmartClient_UnitTest\bin\x64\Debug\net472\zSmartClient_UnitTest.dll" adapterTypeName="executor://mstestadapter/v2" className="SmartClient_UnitTest.VideoOS.RemoteClient.Data.VideoWall.MonitorStateTests" name="DeserializeAlianXml_Fail" />
    </UnitTest>
    <UnitTest name="SetItemOutlines_OutlinesEmpty_Success" storage="d:\actions-runner\_work\xpco\xpco\sc\components\remoteviewer\smartclient\tst\zsmartclient_unittest\bin\x64\debug\net472\zsmartclient_unittest.dll" id="1ab5d979-4667-2003-c0dc-5c23807afc87">
      <TestCategory>
        <TestCategoryItem TestCategory="GisMap.GisMapViewFacade" />
      </TestCategory>
      <Execution id="1e98ae65-ad6d-4b12-9d67-54b20e816992" />
      <TestMethod codeBase="D:\actions-runner\_work\XPCO\XPCO\SC\Components\RemoteViewer\SmartClient\tst\zSmartClient_UnitTest\bin\x64\Debug\net472\zSmartClient_UnitTest.dll" adapterTypeName="executor://mstestadapter/v2" className="SmartClient_UnitTest.VideoOS.RemoteClient.Plugin.GisMap.IoC.GisMapViewFacadeTests" name="SetItemOutlines_OutlinesEmpty_Success" />
    </UnitTest>
    <UnitTest name="ImageMaskDto_ShouldYieldSameValues_WhenRoundTripConverted" storage="d:\actions-runner\_work\xpco\xpco\sc\components\remoteviewer\smartclient\tst\zsmartclient_unittest\bin\x64\debug\net472\zsmartclient_unittest.dll" id="776120a9-8caa-dd82-0111-de02703fa844">
      <TestCategory>
        <TestCategoryItem TestCategory="RecorderProxyToDtoMapping" />
      </TestCategory>
      <Execution id="ed61cdc3-263f-4fff-a152-73a3807a70d2" />
      <TestMethod codeBase="D:\actions-runner\_work\XPCO\XPCO\SC\Components\RemoteViewer\SmartClient\tst\zSmartClient_UnitTest\bin\x64\Debug\net472\zSmartClient_UnitTest.dll" adapterTypeName="executor://mstestadapter/v2" className="VideoOS.Shared.ServerAPI.SOAP.RecorderClientMappingTests" name="ImageMaskDto_ShouldYieldSameValues_WhenRoundTripConverted" />
    </UnitTest>
    <UnitTest name="BookmarkSearchTime_WithSearchStringInDifferentCases_ReturnCorrectBookmarkWithSearchStringInDescription (SeArChStRiNg,True,False,True,True,,,0)" storage="d:\actions-runner\_work\xpco\xpco\sc\components\remoteviewer\smartclient\tst\zsmartclient_unittest\bin\x64\debug\net472\zsmartclient_unittest.dll" id="67e6b479-6adc-62fc-07f6-d8999cdcc3cc">
      <Execution id="2ecd0314-6c33-44b4-b4fc-79dd66d33af2" />
      <TestMethod codeBase="D:\actions-runner\_work\XPCO\XPCO\SC\Components\RemoteViewer\SmartClient\tst\zSmartClient_UnitTest\bin\x64\Debug\net472\zSmartClient_UnitTest.dll" adapterTypeName="executor://mstestadapter/v2" className="SmartClient_UnitTest.VideoOS.RemoteClient.Application.Data.Offline.UnitTest.BookmarkExportReaderTest" name="BookmarkSearchTime_WithSearchStringInDifferentCases_ReturnCorrectBookmarkWithSearchStringInDescription" />
    </UnitTest>
    <UnitTest name="AddToExportTuples_ShouldReturnCorrectResult (0,1,0)" storage="d:\actions-runner\_work\xpco\xpco\sc\components\remoteviewer\smartclient\tst\zsmartclient_unittest\bin\x64\debug\net472\zsmartclient_unittest.dll" id="21153cd2-a7a5-1184-78bc-9992e32899dd">
      <TestCategory>
        <TestCategoryItem TestCategory="Managers" />
      </TestCategory>
      <Execution id="efed23a9-407b-476b-8bd0-f22f39208e22" />
      <TestMethod codeBase="D:\actions-runner\_work\XPCO\XPCO\SC\Components\RemoteViewer\SmartClient\tst\zSmartClient_UnitTest\bin\x64\Debug\net472\zSmartClient_UnitTest.dll" adapterTypeName="executor://mstestadapter/v2" className="SmartClient_UnitTest.VideoOS.RemoteClient.Application.Managers.ExportManagerTests" name="AddToExportTuples_ShouldReturnCorrectResult" />
    </UnitTest>
    <UnitTest name="TestCreateMipTabWorkroom_workSpaceItemIsNull_FailWithArgumentNullException" storage="d:\actions-runner\_work\xpco\xpco\sc\components\remoteviewer\smartclient\tst\zsmartclient_unittest\bin\x64\debug\net472\zsmartclient_unittest.dll" id="8711fcc3-eab8-86a0-2ca3-46b7c717fdd4">
      <TestCategory>
        <TestCategoryItem TestCategory="WorkroomController" />
      </TestCategory>
      <Execution id="5dad7390-3662-4267-b298-a996ac1369e6" />
      <TestMethod codeBase="D:\actions-runner\_work\XPCO\XPCO\SC\Components\RemoteViewer\SmartClient\tst\zSmartClient_UnitTest\bin\x64\Debug\net472\zSmartClient_UnitTest.dll" adapterTypeName="executor://mstestadapter/v2" className="VideoOS.RemoteClient.Application.Controllers.WorkroomController.UnitTest.TabWorkroomControllerTest" name="TestCreateMipTabWorkroom_workSpaceItemIsNull_FailWithArgumentNullException" />
    </UnitTest>
    <UnitTest name="CanEditRegionSelection_ShouldBeTrue_WhenHelperAllowsMoreRegionsToBeAdded" storage="d:\actions-runner\_work\xpco\xpco\sc\components\remoteviewer\smartclient\tst\zsmartclient_unittest\bin\x64\debug\net472\zsmartclient_unittest.dll" id="ebc58dfd-14b7-49e6-e46a-09a44593433d">
      <TestCategory>
        <TestCategoryItem TestCategory="Search.Filters.ViewModels" />
      </TestCategory>
      <Execution id="beb8ff40-5037-4d48-9606-627b2fa0ea5a" />
      <TestMethod codeBase="D:\actions-runner\_work\XPCO\XPCO\SC\Components\RemoteViewer\SmartClient\tst\zSmartClient_UnitTest\bin\x64\Debug\net472\zSmartClient_UnitTest.dll" adapterTypeName="executor://mstestadapter/v2" className="SmartClient_UnitTest.VideoOS.RemoteClient.Plugin.CentralizedSearch.MIPPlugin.Criteria.ViewModels.RegionSelectionAttributeEditControlViewModelTests" name="CanEditRegionSelection_ShouldBeTrue_WhenHelperAllowsMoreRegionsToBeAdded" />
    </UnitTest>
    <UnitTest name="HandleSetLayerFeatures_ShouldRaiseArgumentException_WhenNotInputKindAndInputLayerFeatures" storage="d:\actions-runner\_work\xpco\xpco\sc\components\remoteviewer\smartclient\tst\zsmartclient_unittest\bin\x64\debug\net472\zsmartclient_unittest.dll" id="4092a02b-aad1-4cd2-975c-e2b5b68e9e4b">
      <TestCategory>
        <TestCategoryItem TestCategory="GisMapData.Handlers.LayerFeatures" />
      </TestCategory>
      <Execution id="6d528228-b88b-4c72-8a40-e4ed836b0530" />
      <TestMethod codeBase="D:\actions-runner\_work\XPCO\XPCO\SC\Components\RemoteViewer\SmartClient\tst\zSmartClient_UnitTest\bin\x64\Debug\net472\zSmartClient_UnitTest.dll" adapterTypeName="executor://mstestadapter/v2" className="SmartClient_UnitTest.VideoOS.RemoteClient.GisMapData.Handlers.LayerFeatures.InputLayerFeaturesHandlerTests" name="HandleSetLayerFeatures_ShouldRaiseArgumentException_WhenNotInputKindAndInputLayerFeatures" />
    </UnitTest>
    <UnitTest name="GetSearchTemplateAsync_Null_Failure" storage="d:\actions-runner\_work\xpco\xpco\sc\components\remoteviewer\smartclient\tst\zsmartclient_unittest\bin\x64\debug\net472\zsmartclient_unittest.dll" id="079450ee-9c67-b58c-8699-2a3c056c36d2">
      <TestCategory>
        <TestCategoryItem TestCategory="SearchTemplatesService" />
      </TestCategory>
      <Execution id="9c01c61c-a592-4e3c-a43c-330237f1ac43" />
      <TestMethod codeBase="D:\actions-runner\_work\XPCO\XPCO\SC\Components\RemoteViewer\SmartClient\tst\zSmartClient_UnitTest\bin\x64\Debug\net472\zSmartClient_UnitTest.dll" adapterTypeName="executor://mstestadapter/v2" className="SmartClient_UnitTest.VideoOS.RemoteClient.Plugin.CentralizedSearch.SearchTemplates.Service.SearchTemplateServiceTests" name="GetSearchTemplateAsync_Null_Failure" />
    </UnitTest>
    <UnitTest name="ActiveInteractionStateBinding_ShouldOnlyContainNormal_WhenCtorIsCalled" storage="d:\actions-runner\_work\xpco\xpco\sc\components\remoteviewer\smartclient\tst\zsmartclient_unittest\bin\x64\debug\net472\zsmartclient_unittest.dll" id="1c3a0b3c-9d39-e423-34b0-23113deccc9a">
      <TestCategory>
        <TestCategoryItem TestCategory="GisMap.ClusterMipItemMarker" />
      </TestCategory>
      <Execution id="cb49dd0d-0a02-4742-8775-af9054bd9c9c" />
      <TestMethod codeBase="D:\actions-runner\_work\XPCO\XPCO\SC\Components\RemoteViewer\SmartClient\tst\zSmartClient_UnitTest\bin\x64\Debug\net472\zSmartClient_UnitTest.dll" adapterTypeName="executor://mstestadapter/v2" className="SmartClient_UnitTest.VideoOS.RemoteClient.Plugin.GisMap.ThinkGeoMap.Markers.ClusterMipItemMarker.ClusterMipItemMarkerTests" name="ActiveInteractionStateBinding_ShouldOnlyContainNormal_WhenCtorIsCalled" />
    </UnitTest>
    <UnitTest name="Decorate_ShouldRaiseArgumentNullException_WhenWindowIsNull" storage="d:\actions-runner\_work\xpco\xpco\sc\components\remoteviewer\smartclient\tst\zsmartclient_unittest\bin\x64\debug\net472\zsmartclient_unittest.dll" id="91c02083-3eab-8cf1-1555-f235b60671d1">
      <TestCategory>
        <TestCategoryItem TestCategory="GisMap.WindowsBases" />
      </TestCategory>
      <Execution id="fce2867e-2d89-4fcd-87a3-56a832f67c08" />
      <TestMethod codeBase="D:\actions-runner\_work\XPCO\XPCO\SC\Components\RemoteViewer\SmartClient\tst\zSmartClient_UnitTest\bin\x64\Debug\net472\zSmartClient_UnitTest.dll" adapterTypeName="executor://mstestadapter/v2" className="SmartClient_UnitTest.VideoOS.RemoteClient.Plugin.GisMap.Windows.Bases.DragWindowDecoratorTests" name="Decorate_ShouldRaiseArgumentNullException_WhenWindowIsNull" />
    </UnitTest>
    <UnitTest name="TestLoadSave_WithUnknownMapItems_Success" storage="d:\actions-runner\_work\xpco\xpco\sc\components\remoteviewer\smartclient\tst\zsmartclient_unittest\bin\x64\debug\net472\zsmartclient_unittest.dll" id="13877fd5-e79d-3ae7-6015-10213c2263cb">
      <TestCategory>
        <TestCategoryItem TestCategory="GisMapBuilding" />
      </TestCategory>
      <Execution id="d6121768-f450-4c82-b42b-6c8aedadb339" />
      <TestMethod codeBase="D:\actions-runner\_work\XPCO\XPCO\SC\Components\RemoteViewer\SmartClient\tst\zSmartClient_UnitTest\bin\x64\Debug\net472\zSmartClient_UnitTest.dll" adapterTypeName="executor://mstestadapter/v2" className="SmartClient_UnitTest.VideoOS.RemoteClient.GisMapData.MapBuildings.MapLevelTests" name="TestLoadSave_WithUnknownMapItems_Success" />
    </UnitTest>
    <UnitTest name="SearchResultsActionBarActions_CreateEvidenceLock_InvokeCommand_Success" storage="d:\actions-runner\_work\xpco\xpco\sc\components\remoteviewer\smartclient\tst\zsmartclient_unittest\bin\x64\debug\net472\zsmartclient_unittest.dll" id="bcf60051-ecc6-b8b5-1879-3df57ae16566">
      <TestCategory>
        <TestCategoryItem TestCategory="SearchResultActionBarViewModel" />
      </TestCategory>
      <Execution id="51009a8e-ba19-4eda-92cc-9ea786aaf50e" />
      <TestMethod codeBase="D:\actions-runner\_work\XPCO\XPCO\SC\Components\RemoteViewer\SmartClient\tst\zSmartClient_UnitTest\bin\x64\Debug\net472\zSmartClient_UnitTest.dll" adapterTypeName="executor://mstestadapter/v2" className="SmartClient_UnitTest.VideoOS.RemoteClient.Plugin.CentralizedSearch.ViewModels.SearchResultsActionBarViewModelTest" name="SearchResultsActionBarActions_CreateEvidenceLock_InvokeCommand_Success" />
    </UnitTest>
    <UnitTest name="Command_ShouldInvokeRemoveMipMapItem_WhenExecutedForSingleSelectedItem" storage="d:\actions-runner\_work\xpco\xpco\sc\components\remoteviewer\smartclient\tst\zsmartclient_unittest\bin\x64\debug\net472\zsmartclient_unittest.dll" id="2716e864-2686-b94f-0317-399f0994a985">
      <TestCategory>
        <TestCategoryItem TestCategory="GisMapMip" />
      </TestCategory>
      <Execution id="2e43717a-fa5a-4c44-9463-e33717bf2552" />
      <TestMethod codeBase="D:\actions-runner\_work\XPCO\XPCO\SC\Components\RemoteViewer\SmartClient\tst\zSmartClient_UnitTest\bin\x64\Debug\net472\zSmartClient_UnitTest.dll" adapterTypeName="executor://mstestadapter/v2" className="SmartClient_UnitTest.VideoOS.RemoteClient.Plugin.GisMap.ThinkGeoMap.ContextMenuUtils.RemoveMipItemContextMenuTests" name="Command_ShouldInvokeRemoveMipMapItem_WhenExecutedForSingleSelectedItem" />
    </UnitTest>
    <UnitTest name="ToDenormalizedDirection_0_25" storage="d:\actions-runner\_work\xpco\xpco\sc\components\remoteviewer\smartclient\tst\zsmartclient_unittest\bin\x64\debug\net472\zsmartclient_unittest.dll" id="898a040b-fc5b-2cd2-659c-46113f65fe38">
      <TestCategory>
        <TestCategoryItem TestCategory="GisMap" />
      </TestCategory>
      <Execution id="9985b64a-ee5d-4873-b3ba-0112c0df31e5" />
      <TestMethod codeBase="D:\actions-runner\_work\XPCO\XPCO\SC\Components\RemoteViewer\SmartClient\tst\zSmartClient_UnitTest\bin\x64\Debug\net472\zSmartClient_UnitTest.dll" adapterTypeName="executor://mstestadapter/v2" className="SmartClient_UnitTest.VideoOS.RemoteClient.GisMap.Utilities.GisUtilityTests" name="ToDenormalizedDirection_0_25" />
    </UnitTest>
    <UnitTest name="AndOrSearchDefinitionToCornerRadiusMultiConverter_CallConvert_MiddleAnd" storage="d:\actions-runner\_work\xpco\xpco\sc\components\remoteviewer\smartclient\tst\zsmartclient_unittest\bin\x64\debug\net472\zsmartclient_unittest.dll" id="ed5d2d51-b6a2-01b7-2ce0-6c8ba87417c3">
      <TestCategory>
        <TestCategoryItem TestCategory="SearchConverter" />
      </TestCategory>
      <Execution id="782203c8-24f9-4277-a6cc-413c62626d92" />
      <TestMethod codeBase="D:\actions-runner\_work\XPCO\XPCO\SC\Components\RemoteViewer\SmartClient\tst\zSmartClient_UnitTest\bin\x64\Debug\net472\zSmartClient_UnitTest.dll" adapterTypeName="executor://mstestadapter/v2" className="SmartClient_UnitTest.VideoOS.RemoteClient.Plugin.CentralizedSearch.Views.Converters.AndOrSearchDefinitionMultiConverterTests" name="AndOrSearchDefinitionToCornerRadiusMultiConverter_CallConvert_MiddleAnd" />
    </UnitTest>
    <UnitTest name="TestCreateWorkroom_Single_Success" storage="d:\actions-runner\_work\xpco\xpco\sc\components\remoteviewer\smartclient\tst\zsmartclient_unittest\bin\x64\debug\net472\zsmartclient_unittest.dll" id="8a8e4fe8-cc44-1592-1359-5f4e8b98044b">
      <TestCategory>
        <TestCategoryItem TestCategory="WorkroomController" />
      </TestCategory>
      <Execution id="666c55f3-3cac-4ff5-bb1a-549951b553b4" />
      <TestMethod codeBase="D:\actions-runner\_work\XPCO\XPCO\SC\Components\RemoteViewer\SmartClient\tst\zSmartClient_UnitTest\bin\x64\Debug\net472\zSmartClient_UnitTest.dll" adapterTypeName="executor://mstestadapter/v2" className="VideoOS.RemoteClient.Application.Controllers.WorkroomController.UnitTest.TabWorkroomControllerTest" name="TestCreateWorkroom_Single_Success" />
    </UnitTest>
    <UnitTest name="DetermineUserAllowsUnsecureConnection_WhereUserIsAskedAndUnsecureIsAllow_ShouldReturnTrue" storage="d:\actions-runner\_work\xpco\xpco\sc\components\remoteviewer\smartclient\tst\zsmartclient_unittest\bin\x64\debug\net472\zsmartclient_unittest.dll" id="8d3921c6-4c1a-b1d4-4584-3d6429a3707e">
      <Execution id="6608dffb-2912-4cab-bc80-7af61bcfbbef" />
      <TestMethod codeBase="D:\actions-runner\_work\XPCO\XPCO\SC\Components\RemoteViewer\SmartClient\tst\zSmartClient_UnitTest\bin\x64\Debug\net472\zSmartClient_UnitTest.dll" adapterTypeName="executor://mstestadapter/v2" className="VideoOS.RemoteClient.Application.Managers.UnitTest.AllowUnsecureConnectionManagerTests" name="DetermineUserAllowsUnsecureConnection_WhereUserIsAskedAndUnsecureIsAllow_ShouldReturnTrue" />
    </UnitTest>
    <UnitTest name="ValidateExportLocation_ShouldReturnFailResult_ExportPathIsInvalid (qq:\qwerty\qwerty)" storage="d:\actions-runner\_work\xpco\xpco\sc\components\remoteviewer\smartclient\tst\zsmartclient_unittest\bin\x64\debug\net472\zsmartclient_unittest.dll" id="52eb6924-d5b6-63f8-57b6-c1258325ea0d">
      <TestCategory>
        <TestCategoryItem TestCategory="Export" />
      </TestCategory>
      <Execution id="a0c74656-8483-4143-beef-3270f27d9785" />
      <TestMethod codeBase="D:\actions-runner\_work\XPCO\XPCO\SC\Components\RemoteViewer\SmartClient\tst\zSmartClient_UnitTest\bin\x64\Debug\net472\zSmartClient_UnitTest.dll" adapterTypeName="executor://mstestadapter/v2" className="SmartClient_UnitTest.VideoOS.RemoteClient.Plugin.Export.ExportDataValidatorTests" name="ValidateExportLocation_ShouldReturnFailResult_ExportPathIsInvalid" />
    </UnitTest>
    <UnitTest name="BuildMapOptions_ShouldHandleSecretStringOptionsCorrectly (GisMapBingMapKey,someText,True)" storage="d:\actions-runner\_work\xpco\xpco\sc\components\remoteviewer\smartclient\tst\zsmartclient_unittest\bin\x64\debug\net472\zsmartclient_unittest.dll" id="bc479aff-5943-50ba-916d-4ef25a516c49">
      <Execution id="1f9baacd-270d-48b1-b583-2540b13368f9" />
      <TestMethod codeBase="D:\actions-runner\_work\XPCO\XPCO\SC\Components\RemoteViewer\SmartClient\tst\zSmartClient_UnitTest\bin\x64\Debug\net472\zSmartClient_UnitTest.dll" adapterTypeName="executor://mstestadapter/v2" className="SmartClient_UnitTest.VideoOS.RemoteClient.Application.Common.Telemetry.TelemetryBuilderTests" name="BuildMapOptions_ShouldHandleSecretStringOptionsCorrectly" />
    </UnitTest>
    <UnitTest name="NavigateAndSelectAsync_NotCameraKind_ReturnsFalse" storage="d:\actions-runner\_work\xpco\xpco\sc\components\remoteviewer\smartclient\tst\zsmartclient_unittest\bin\x64\debug\net472\zsmartclient_unittest.dll" id="272037c0-f590-39e8-9884-c04de913150c">
      <TestCategory>
        <TestCategoryItem TestCategory="GisMap.GisMapViewFacade" />
      </TestCategory>
      <Execution id="e6896f36-9135-4e4c-8986-4aad13adb1d8" />
      <TestMethod codeBase="D:\actions-runner\_work\XPCO\XPCO\SC\Components\RemoteViewer\SmartClient\tst\zSmartClient_UnitTest\bin\x64\Debug\net472\zSmartClient_UnitTest.dll" adapterTypeName="executor://mstestadapter/v2" className="SmartClient_UnitTest.VideoOS.RemoteClient.Plugin.GisMap.IoC.GisMapViewFacadeTests" name="NavigateAndSelectAsync_NotCameraKind_ReturnsFalse" />
    </UnitTest>
    <UnitTest name="DeleteLevel2Of12_Success" storage="d:\actions-runner\_work\xpco\xpco\sc\components\remoteviewer\smartclient\tst\zsmartclient_unittest\bin\x64\debug\net472\zsmartclient_unittest.dll" id="dc0d2b36-aa1d-1594-0d6a-cf1fe6649772">
      <TestCategory>
        <TestCategoryItem TestCategory="GisMapBuilding" />
      </TestCategory>
      <Execution id="b025b3b7-4fe5-4149-b8ad-0a21303a0b20" />
      <TestMethod codeBase="D:\actions-runner\_work\XPCO\XPCO\SC\Components\RemoteViewer\SmartClient\tst\zSmartClient_UnitTest\bin\x64\Debug\net472\zSmartClient_UnitTest.dll" adapterTypeName="executor://mstestadapter/v2" className="SmartClient_UnitTest.VideoOS.RemoteClient.GisMapData.MapBuildings.MapLevelTests" name="DeleteLevel2Of12_Success" />
    </UnitTest>
    <UnitTest name="ValidateExportFormats_VideoClipFormat_ShouldValidate" storage="d:\actions-runner\_work\xpco\xpco\sc\components\remoteviewer\smartclient\tst\zsmartclient_unittest\bin\x64\debug\net472\zsmartclient_unittest.dll" id="92df0312-a314-f2ad-872b-182bbef5a446">
      <TestCategory>
        <TestCategoryItem TestCategory="Export" />
      </TestCategory>
      <Execution id="e11356c9-afc0-4a9b-b3ae-6cb394f84d20" />
      <TestMethod codeBase="D:\actions-runner\_work\XPCO\XPCO\SC\Components\RemoteViewer\SmartClient\tst\zSmartClient_UnitTest\bin\x64\Debug\net472\zSmartClient_UnitTest.dll" adapterTypeName="executor://mstestadapter/v2" className="SmartClient_UnitTest.VideoOS.RemoteClient.Plugin.Export.ExportDataValidatorTests" name="ValidateExportFormats_VideoClipFormat_ShouldValidate" />
    </UnitTest>
    <UnitTest name="RemoveSelectedCameraCommand_CameraInList_OnlySelectedCameraRemoved" storage="d:\actions-runner\_work\xpco\xpco\sc\components\remoteviewer\smartclient\tst\zsmartclient_unittest\bin\x64\debug\net472\zsmartclient_unittest.dll" id="7d3b3df9-6c4c-813c-3fe6-820682e70bdf">
      <TestCategory>
        <TestCategoryItem TestCategory="SearchViewModels" />
      </TestCategory>
      <Execution id="fa71e91e-8a29-4387-8faa-c4afb4d8c2eb" />
      <TestMethod codeBase="D:\actions-runner\_work\XPCO\XPCO\SC\Components\RemoteViewer\SmartClient\tst\zSmartClient_UnitTest\bin\x64\Debug\net472\zSmartClient_UnitTest.dll" adapterTypeName="executor://mstestadapter/v2" className="SmartClient_UnitTest.VideoOS.RemoteClient.Plugin.CentralizedSearch.ViewModels.SearchViewModelTests" name="RemoveSelectedCameraCommand_CameraInList_OnlySelectedCameraRemoved" />
    </UnitTest>
    <UnitTest name="Toolbar_IsVisible_WhenNotInLiveOrPlayback_ButCanShowSidePane" storage="d:\actions-runner\_work\xpco\xpco\sc\components\remoteviewer\smartclient\tst\zsmartclient_unittest\bin\x64\debug\net472\zsmartclient_unittest.dll" id="cc482776-e68c-2c6f-b7ea-c8334df0cc99">
      <TestCategory>
        <TestCategoryItem TestCategory="WorkspaceToolbar" />
      </TestCategory>
      <Execution id="491a725c-330c-44ca-8acf-f4eebc374958" />
      <TestMethod codeBase="D:\actions-runner\_work\XPCO\XPCO\SC\Components\RemoteViewer\SmartClient\tst\zSmartClient_UnitTest\bin\x64\Debug\net472\zSmartClient_UnitTest.dll" adapterTypeName="executor://mstestadapter/v2" className="SmartClient_UnitTest.VideoOS.RemoteClient.Application.UI.Content.WorkspaceToolbar.WorkspaceToolbarViewModelTests" name="Toolbar_IsVisible_WhenNotInLiveOrPlayback_ButCanShowSidePane" />
    </UnitTest>
    <UnitTest name="SearchResultsActionBarActions_AddBookmark_NotEnabled" storage="d:\actions-runner\_work\xpco\xpco\sc\components\remoteviewer\smartclient\tst\zsmartclient_unittest\bin\x64\debug\net472\zsmartclient_unittest.dll" id="89439a20-c712-15bd-9c46-c5709b4b0f9d">
      <TestCategory>
        <TestCategoryItem TestCategory="SearchResultActionBarViewModel" />
      </TestCategory>
      <Execution id="012966e1-7dc9-4994-8134-f1d8c2fa5104" />
      <TestMethod codeBase="D:\actions-runner\_work\XPCO\XPCO\SC\Components\RemoteViewer\SmartClient\tst\zSmartClient_UnitTest\bin\x64\Debug\net472\zSmartClient_UnitTest.dll" adapterTypeName="executor://mstestadapter/v2" className="SmartClient_UnitTest.VideoOS.RemoteClient.Plugin.CentralizedSearch.ViewModels.SearchResultsActionBarViewModelTest" name="SearchResultsActionBarActions_AddBookmark_NotEnabled" />
    </UnitTest>
    <UnitTest name="GetDuration_OneDay_Success" storage="d:\actions-runner\_work\xpco\xpco\sc\components\remoteviewer\smartclient\tst\zsmartclient_unittest\bin\x64\debug\net472\zsmartclient_unittest.dll" id="131a26fa-18ee-ab45-1c25-e4348e5f16b7">
      <TestCategory>
        <TestCategoryItem TestCategory="Search" />
      </TestCategory>
      <Execution id="e7a379ac-2cce-4374-8784-5c2899c80ebe" />
      <TestMethod codeBase="D:\actions-runner\_work\XPCO\XPCO\SC\Components\RemoteViewer\SmartClient\tst\zSmartClient_UnitTest\bin\x64\Debug\net472\zSmartClient_UnitTest.dll" adapterTypeName="executor://mstestadapter/v2" className="SmartClient_UnitTest.VideoOS.RemoteClient.Plugin.CentralizedSearch.ViewModels.Data.TimeScopeTests" name="GetDuration_OneDay_Success" />
    </UnitTest>
    <UnitTest name="SearchResultsActionBarActions_MipAction_Exists" storage="d:\actions-runner\_work\xpco\xpco\sc\components\remoteviewer\smartclient\tst\zsmartclient_unittest\bin\x64\debug\net472\zsmartclient_unittest.dll" id="c28e213e-317a-4527-5d0b-e1f50d0ea576">
      <TestCategory>
        <TestCategoryItem TestCategory="SearchResultActionBarViewModel" />
      </TestCategory>
      <Execution id="7f770eb2-75e6-41a4-895e-26d08cfc0767" />
      <TestMethod codeBase="D:\actions-runner\_work\XPCO\XPCO\SC\Components\RemoteViewer\SmartClient\tst\zSmartClient_UnitTest\bin\x64\Debug\net472\zSmartClient_UnitTest.dll" adapterTypeName="executor://mstestadapter/v2" className="SmartClient_UnitTest.VideoOS.RemoteClient.Plugin.CentralizedSearch.ViewModels.SearchResultsActionBarViewModelTest" name="SearchResultsActionBarActions_MipAction_Exists" />
    </UnitTest>
    <UnitTest name="ResultCountText_NoResults_Success" storage="d:\actions-runner\_work\xpco\xpco\sc\components\remoteviewer\smartclient\tst\zsmartclient_unittest\bin\x64\debug\net472\zsmartclient_unittest.dll" id="f982a6b2-b7fa-97b9-3ee1-04eced2a82e8">
      <TestCategory>
        <TestCategoryItem TestCategory="SearchResultViewModels" />
      </TestCategory>
      <Execution id="215b7614-0f11-420a-baf0-2ed15f5199c3" />
      <TestMethod codeBase="D:\actions-runner\_work\XPCO\XPCO\SC\Components\RemoteViewer\SmartClient\tst\zSmartClient_UnitTest\bin\x64\Debug\net472\zSmartClient_UnitTest.dll" adapterTypeName="executor://mstestadapter/v2" className="SmartClient_UnitTest.VideoOS.RemoteClient.Plugin.CentralizedSearch.ViewModels.SearchResultsViewModelTest" name="ResultCountText_NoResults_Success" />
    </UnitTest>
    <UnitTest name="AddSelectedWindowsToExport_ShouldAddToExportData (1)" storage="d:\actions-runner\_work\xpco\xpco\sc\components\remoteviewer\smartclient\tst\zsmartclient_unittest\bin\x64\debug\net472\zsmartclient_unittest.dll" id="663c2ea1-d59f-cd44-9dca-0512735453ca">
      <TestCategory>
        <TestCategoryItem TestCategory="Managers" />
      </TestCategory>
      <Execution id="294f0603-502c-4709-88b4-477d4dae3ebe" />
      <TestMethod codeBase="D:\actions-runner\_work\XPCO\XPCO\SC\Components\RemoteViewer\SmartClient\tst\zSmartClient_UnitTest\bin\x64\Debug\net472\zSmartClient_UnitTest.dll" adapterTypeName="executor://mstestadapter/v2" className="SmartClient_UnitTest.VideoOS.RemoteClient.Application.Managers.ExportManagerTests" name="AddSelectedWindowsToExport_ShouldAddToExportData" />
    </UnitTest>
    <UnitTest name="Deserialize_ShouldReturnCombineTypeOr_WhenCombineTypeIsOrInXml" storage="d:\actions-runner\_work\xpco\xpco\sc\components\remoteviewer\smartclient\tst\zsmartclient_unittest\bin\x64\debug\net472\zsmartclient_unittest.dll" id="9b69c053-abc5-671a-966c-e8011ea8926f">
      <TestCategory>
        <TestCategoryItem TestCategory="SearchModels" />
      </TestCategory>
      <Execution id="391eb068-9c15-4970-9f3b-6a62151c3bad" />
      <TestMethod codeBase="D:\actions-runner\_work\XPCO\XPCO\SC\Components\RemoteViewer\SmartClient\tst\zSmartClient_UnitTest\bin\x64\Debug\net472\zSmartClient_UnitTest.dll" adapterTypeName="executor://mstestadapter/v2" className="SmartClient_UnitTest.VideoOS.RemoteClient.Plugin.CentralizedSearch.Models.SearchModelTests" name="Deserialize_ShouldReturnCombineTypeOr_WhenCombineTypeIsOrInXml" />
    </UnitTest>
    <UnitTest name="GetServerTiles_ShouldReturnCorrectServerTilesWithSingleServerTest" storage="d:\actions-runner\_work\xpco\xpco\sc\components\remoteviewer\smartclient\tst\zsmartclient_unittest\bin\x64\debug\net472\zsmartclient_unittest.dll" id="73bd23e6-7d5d-17da-f712-c442eb016e35">
      <Execution id="1b366dee-6db0-4ece-962f-68343c11dfc9" />
      <TestMethod codeBase="D:\actions-runner\_work\XPCO\XPCO\SC\Components\RemoteViewer\SmartClient\tst\zSmartClient_UnitTest\bin\x64\Debug\net472\zSmartClient_UnitTest.dll" adapterTypeName="executor://mstestadapter/v2" className="SmartClient_UnitTest.VideoOS.RemoteClient.Application.Data.ContentTypes.ReportingContentType.DashboardTileProviderTest" name="GetServerTiles_ShouldReturnCorrectServerTilesWithSingleServerTest" />
    </UnitTest>
    <UnitTest name="CallingAction_Activates_WorkSpaceToolbarPluginInstance_WhenToolbarPluginTypeIsAction" storage="d:\actions-runner\_work\xpco\xpco\sc\components\remoteviewer\smartclient\tst\zsmartclient_unittest\bin\x64\debug\net472\zsmartclient_unittest.dll" id="fe6f2295-84a6-bdea-0225-d326e31ab62b">
      <TestCategory>
        <TestCategoryItem TestCategory="WorkspaceToolbar" />
      </TestCategory>
      <Execution id="6b922ebe-7c7f-4276-8b3b-d2e823869d83" />
      <TestMethod codeBase="D:\actions-runner\_work\XPCO\XPCO\SC\Components\RemoteViewer\SmartClient\tst\zSmartClient_UnitTest\bin\x64\Debug\net472\zSmartClient_UnitTest.dll" adapterTypeName="executor://mstestadapter/v2" className="SmartClient_UnitTest.VideoOS.RemoteClient.Application.Data.WorkspaceToolbar.WorkspaceToolbarItemMipPluginTests" name="CallingAction_Activates_WorkSpaceToolbarPluginInstance_WhenToolbarPluginTypeIsAction" />
    </UnitTest>
    <UnitTest name="Path enabled, forced" storage="d:\actions-runner\_work\xpco\xpco\sc\components\remoteviewer\smartclient\tst\zsmartclient_unittest\bin\x64\debug\net472\zsmartclient_unittest.dll" id="22a59367-a811-ccdf-0b6a-1dbe692127f9">
      <TestCategory>
        <TestCategoryItem TestCategory="Export" />
      </TestCategory>
      <Execution id="7e83382b-a6a3-4277-babc-a0d101396b0a" />
      <TestMethod codeBase="D:\actions-runner\_work\XPCO\XPCO\SC\Components\RemoteViewer\SmartClient\tst\zSmartClient_UnitTest\bin\x64\Debug\net472\zSmartClient_UnitTest.dll" adapterTypeName="executor://mstestadapter/v2" className="SmartClient_UnitTest.VideoOS.RemoteClient.Plugin.Export.CreateExportDialogViewModelTests" name="CreateExportDialog_ExportDestinationPreSelected_BasedOnOptions" />
    </UnitTest>
    <UnitTest name="CameraMapItem_AddMapItemsAsync_ShouldSetCameraLayerVisible_IfNotVisibleWhenAddingCamera" storage="d:\actions-runner\_work\xpco\xpco\sc\components\remoteviewer\smartclient\tst\zsmartclient_unittest\bin\x64\debug\net472\zsmartclient_unittest.dll" id="5fe6e33e-4c74-05bc-98e6-058910f0ab96">
      <TestCategory>
        <TestCategoryItem TestCategory="GisMapMapItem" />
      </TestCategory>
      <Execution id="dcf3cfa6-fbb8-43cc-ba84-56a213562c75" />
      <TestMethod codeBase="D:\actions-runner\_work\XPCO\XPCO\SC\Components\RemoteViewer\SmartClient\tst\zSmartClient_UnitTest\bin\x64\Debug\net472\zSmartClient_UnitTest.dll" adapterTypeName="executor://mstestadapter/v2" className="SmartClient_UnitTest.VideoOS.RemoteClient.GisMap.MapItem.MapItemTests" name="CameraMapItem_AddMapItemsAsync_ShouldSetCameraLayerVisible_IfNotVisibleWhenAddingCamera" />
    </UnitTest>
    <UnitTest name="Both enabled, not forced" storage="d:\actions-runner\_work\xpco\xpco\sc\components\remoteviewer\smartclient\tst\zsmartclient_unittest\bin\x64\debug\net472\zsmartclient_unittest.dll" id="e379db59-aec0-b3e4-c211-4083a6fbfae8">
      <TestCategory>
        <TestCategoryItem TestCategory="Export" />
      </TestCategory>
      <Execution id="2153a690-7798-41b4-a994-f998f125af26" />
      <TestMethod codeBase="D:\actions-runner\_work\XPCO\XPCO\SC\Components\RemoteViewer\SmartClient\tst\zSmartClient_UnitTest\bin\x64\Debug\net472\zSmartClient_UnitTest.dll" adapterTypeName="executor://mstestadapter/v2" className="SmartClient_UnitTest.VideoOS.RemoteClient.Plugin.Export.CreateExportDialogViewModelTests" name="CreateExportDialog_ExportDestinationSelectionEnabled_BasedOnOptions" />
    </UnitTest>
    <UnitTest name="SearchResultDetailsView_EscapeKey_AnimationEnabled_DetailsViewRemovedFromMainGrid" storage="d:\actions-runner\_work\xpco\xpco\sc\components\remoteviewer\smartclient\tst\zsmartclient_unittest\bin\x64\debug\net472\zsmartclient_unittest.dll" id="0f2fab4c-9ed0-8156-9134-b17ff014dc4a">
      <TestCategory>
        <TestCategoryItem TestCategory="SearchViews" />
      </TestCategory>
      <Execution id="35df6a7e-85b0-4fc9-8ad3-a5bfaca01147" />
      <TestMethod codeBase="D:\actions-runner\_work\XPCO\XPCO\SC\Components\RemoteViewer\SmartClient\tst\zSmartClient_UnitTest\bin\x64\Debug\net472\zSmartClient_UnitTest.dll" adapterTypeName="executor://mstestadapter/v2" className="SmartClient_UnitTest.VideoOS.RemoteClient.Plugin.CentralizedSearch.Views.SearchResultsViewTests" name="SearchResultDetailsView_EscapeKey_AnimationEnabled_DetailsViewRemovedFromMainGrid" />
    </UnitTest>
    <UnitTest name="Close_MainController_Success" storage="d:\actions-runner\_work\xpco\xpco\sc\components\remoteviewer\smartclient\tst\zsmartclient_unittest\bin\x64\debug\net472\zsmartclient_unittest.dll" id="19ae25b4-0231-fc97-1b8f-0232f3086906">
      <TestCategory>
        <TestCategoryItem TestCategory="Search" />
      </TestCategory>
      <Execution id="68ccd67e-ed83-4893-89c6-33e66796de04" />
      <TestMethod codeBase="D:\actions-runner\_work\XPCO\XPCO\SC\Components\RemoteViewer\SmartClient\tst\zSmartClient_UnitTest\bin\x64\Debug\net472\zSmartClient_UnitTest.dll" adapterTypeName="executor://mstestadapter/v2" className="SmartClient_UnitTest.VideoOS.RemoteClient.Plugin.CentralizedSearch.CentralizedSearchContentHolderTests" name="Close_MainController_Success" />
    </UnitTest>
    <UnitTest name="SelectTemplate_UseInlineEditTrue_ReturnsInlineTemplate" storage="d:\actions-runner\_work\xpco\xpco\sc\components\remoteviewer\smartclient\tst\zsmartclient_unittest\bin\x64\debug\net472\zsmartclient_unittest.dll" id="04c83cca-8782-2962-eccb-1c1b5d4d8166">
      <TestCategory>
        <TestCategoryItem TestCategory="SearchViews" />
      </TestCategory>
      <Execution id="d89752d0-6507-4bbb-a57e-385ba6eff614" />
      <TestMethod codeBase="D:\actions-runner\_work\XPCO\XPCO\SC\Components\RemoteViewer\SmartClient\tst\zSmartClient_UnitTest\bin\x64\Debug\net472\zSmartClient_UnitTest.dll" adapterTypeName="executor://mstestadapter/v2" className="SmartClient_UnitTest.VideoOS.RemoteClient.Plugin.CentralizedSearch.Views.AttributeEditControlTemplateSelectorTests" name="SelectTemplate_UseInlineEditTrue_ReturnsInlineTemplate" />
    </UnitTest>
    <UnitTest name="ObjectToEnabledConverter_Convert_Success" storage="d:\actions-runner\_work\xpco\xpco\sc\components\remoteviewer\smartclient\tst\zsmartclient_unittest\bin\x64\debug\net472\zsmartclient_unittest.dll" id="19f414fb-e29e-e53a-f5c0-dddd8004a79d">
      <Execution id="1277f83d-9eda-4fa8-a32c-56967820484a" />
      <TestMethod codeBase="D:\actions-runner\_work\XPCO\XPCO\SC\Components\RemoteViewer\SmartClient\tst\zSmartClient_UnitTest\bin\x64\Debug\net472\zSmartClient_UnitTest.dll" adapterTypeName="executor://mstestadapter/v2" className="SmartClient_UnitTest.VideoOS.RemoteClient.Application.UI.PtzPreset.PatrollingConverters.ObjectToEnabledConverterTest" name="ObjectToEnabledConverter_Convert_Success" />
    </UnitTest>
    <UnitTest name="GetSKU_ShouldReturnCorrectSKU" storage="d:\actions-runner\_work\xpco\xpco\sc\components\remoteviewer\smartclient\tst\zsmartclient_unittest\bin\x64\debug\net472\zsmartclient_unittest.dll" id="7249d529-4797-4846-66f9-a36e8ab1d5c8">
      <Execution id="7ab8a7bd-2124-412d-a450-b14bf550dbbf" />
      <TestMethod codeBase="D:\actions-runner\_work\XPCO\XPCO\SC\Components\RemoteViewer\SmartClient\tst\zSmartClient_UnitTest\bin\x64\Debug\net472\zSmartClient_UnitTest.dll" adapterTypeName="executor://mstestadapter/v2" className="SmartClient_UnitTest.VideoOS.RemoteClient.Application.Common.Telemetry.SCTelemetrySpecificsTests" name="GetSKU_ShouldReturnCorrectSKU" />
    </UnitTest>
    <UnitTest name="SearchResultsActionBarActions_DeleteBookmark_SingleResult_DeleteBookmarkInvoked" storage="d:\actions-runner\_work\xpco\xpco\sc\components\remoteviewer\smartclient\tst\zsmartclient_unittest\bin\x64\debug\net472\zsmartclient_unittest.dll" id="311fde88-c34a-c749-87ef-d691bdbb01e5">
      <TestCategory>
        <TestCategoryItem TestCategory="Search.Bookmarks" />
      </TestCategory>
      <Execution id="5af4b068-4480-4e96-825d-0f975a0323b7" />
      <TestMethod codeBase="D:\actions-runner\_work\XPCO\XPCO\SC\Components\RemoteViewer\SmartClient\tst\zSmartClient_UnitTest\bin\x64\Debug\net472\zSmartClient_UnitTest.dll" adapterTypeName="executor://mstestadapter/v2" className="SmartClient_UnitTest.VideoOS.RemoteClient.Plugin.CentralizedSearch.ViewModels.SearchResultsActionBarViewModelTest" name="SearchResultsActionBarActions_DeleteBookmark_SingleResult_DeleteBookmarkInvoked" />
    </UnitTest>
    <UnitTest name="Instance_ShouldBeSingleton_WhenCalled" storage="d:\actions-runner\_work\xpco\xpco\sc\components\remoteviewer\smartclient\tst\zsmartclient_unittest\bin\x64\debug\net472\zsmartclient_unittest.dll" id="cd58fbcf-a8ec-7be0-672d-3675d644b67c">
      <TestCategory>
        <TestCategoryItem TestCategory="GisMapData.OutputOemResourcesProviderTests" />
      </TestCategory>
      <Execution id="b7cdd2f8-6a49-4a60-a6f5-dff42b4a43fd" />
      <TestMethod codeBase="D:\actions-runner\_work\XPCO\XPCO\SC\Components\RemoteViewer\SmartClient\tst\zSmartClient_UnitTest\bin\x64\Debug\net472\zSmartClient_UnitTest.dll" adapterTypeName="executor://mstestadapter/v2" className="SmartClient_UnitTest.VideoOS.RemoteClient.GisMapData.Resources.OutputOemResourcesProviderTests" name="Instance_ShouldBeSingleton_WhenCalled" />
    </UnitTest>
    <UnitTest name="DeactivatedOutputIconsId_ShouldReturnDeactivatedIconsInAProperOrder_WhenCalled" storage="d:\actions-runner\_work\xpco\xpco\sc\components\remoteviewer\smartclient\tst\zsmartclient_unittest\bin\x64\debug\net472\zsmartclient_unittest.dll" id="04187fa0-5851-9668-dfce-6611bb5be8f1">
      <TestCategory>
        <TestCategoryItem TestCategory="GisMapData.OutputOemResourcesProviderTests" />
      </TestCategory>
      <Execution id="cd901361-ce6d-49f0-8ce8-98912046bfc1" />
      <TestMethod codeBase="D:\actions-runner\_work\XPCO\XPCO\SC\Components\RemoteViewer\SmartClient\tst\zSmartClient_UnitTest\bin\x64\Debug\net472\zSmartClient_UnitTest.dll" adapterTypeName="executor://mstestadapter/v2" className="SmartClient_UnitTest.VideoOS.RemoteClient.GisMapData.Resources.OutputOemResourcesProviderTests" name="DeactivatedOutputIconsId_ShouldReturnDeactivatedIconsInAProperOrder_WhenCalled" />
    </UnitTest>
    <UnitTest name="TestConstructor_MultipleGenerations_Success" storage="d:\actions-runner\_work\xpco\xpco\sc\components\remoteviewer\smartclient\tst\zsmartclient_unittest\bin\x64\debug\net472\zsmartclient_unittest.dll" id="f82ee61b-ae97-d19b-9f9c-9b68d981c021">
      <Execution id="517b75b7-5dee-42e3-9775-a3a49ceaa98a" />
      <TestMethod codeBase="D:\actions-runner\_work\XPCO\XPCO\SC\Components\RemoteViewer\SmartClient\tst\zSmartClient_UnitTest\bin\x64\Debug\net472\zSmartClient_UnitTest.dll" adapterTypeName="executor://mstestadapter/v2" className="SmartClient_UnitTest.VideoOS.RemoteClient.GisMapData.Common.GisMapServerCapabilitiesTest" name="TestConstructor_MultipleGenerations_Success" />
    </UnitTest>
    <UnitTest name="SmartMapGoToPositionHandler_WhenLatitudeIsInvalid_ShouldWriteToLog" storage="d:\actions-runner\_work\xpco\xpco\sc\components\remoteviewer\smartclient\tst\zsmartclient_unittest\bin\x64\debug\net472\zsmartclient_unittest.dll" id="bebeb62d-71fa-2720-42c0-f4320951d2ce">
      <Execution id="01375ed7-6263-414c-84b2-b9020b8996b7" />
      <TestMethod codeBase="D:\actions-runner\_work\XPCO\XPCO\SC\Components\RemoteViewer\SmartClient\tst\zSmartClient_UnitTest\bin\x64\Debug\net472\zSmartClient_UnitTest.dll" adapterTypeName="executor://mstestadapter/v2" className="SmartClient_UnitTest.VideoOS.RemoteClient.Plugin.GisMap.MIP.ContentHolderMipMessageManagerTests" name="SmartMapGoToPositionHandler_WhenLatitudeIsInvalid_ShouldWriteToLog" />
    </UnitTest>
    <UnitTest name="Retrieve_Success" storage="d:\actions-runner\_work\xpco\xpco\sc\components\remoteviewer\smartclient\tst\zsmartclient_unittest\bin\x64\debug\net472\zsmartclient_unittest.dll" id="c845158a-13c6-a74d-17c8-bb3ff5beabf6">
      <TestCategory>
        <TestCategoryItem TestCategory="MipItemsRetriever" />
      </TestCategory>
      <Execution id="2f2f1942-e4e2-45fd-8abe-63a6b105cba2" />
      <TestMethod codeBase="D:\actions-runner\_work\XPCO\XPCO\SC\Components\RemoteViewer\SmartClient\tst\zSmartClient_UnitTest\bin\x64\Debug\net472\zSmartClient_UnitTest.dll" adapterTypeName="executor://mstestadapter/v2" className="SmartClient_UnitTest.VideoOS.RemoteClient.Plugin.GisMap.MIP.MipItemActionsCommunicatorTests" name="Retrieve_Success" />
    </UnitTest>
    <UnitTest name="SearchModelOnSearchResultsExpired_OnUiThread_Success" storage="d:\actions-runner\_work\xpco\xpco\sc\components\remoteviewer\smartclient\tst\zsmartclient_unittest\bin\x64\debug\net472\zsmartclient_unittest.dll" id="8427d757-e615-3911-b8e1-c6a9d939c66c">
      <TestCategory>
        <TestCategoryItem TestCategory="SearchViewModels" />
      </TestCategory>
      <Execution id="9aa3c386-1db6-4f02-b218-f384dffcd465" />
      <TestMethod codeBase="D:\actions-runner\_work\XPCO\XPCO\SC\Components\RemoteViewer\SmartClient\tst\zSmartClient_UnitTest\bin\x64\Debug\net472\zSmartClient_UnitTest.dll" adapterTypeName="executor://mstestadapter/v2" className="SmartClient_UnitTest.VideoOS.RemoteClient.Plugin.CentralizedSearch.ViewModels.SearchViewModelTests" name="SearchModelOnSearchResultsExpired_OnUiThread_Success" />
    </UnitTest>
    <UnitTest name="IconResourceKey_ShouldBeValid_WhenInteractionStateIsAddOutput" storage="d:\actions-runner\_work\xpco\xpco\sc\components\remoteviewer\smartclient\tst\zsmartclient_unittest\bin\x64\debug\net472\zsmartclient_unittest.dll" id="284b6dde-d469-e7b6-918d-53acf8f9cd77">
      <TestCategory>
        <TestCategoryItem TestCategory="GisMap.UI.DeviceSelectors.PanelComponents" />
      </TestCategory>
      <Execution id="b7fe18c8-e7a1-4b83-8761-09a22ec929ea" />
      <TestMethod codeBase="D:\actions-runner\_work\XPCO\XPCO\SC\Components\RemoteViewer\SmartClient\tst\zSmartClient_UnitTest\bin\x64\Debug\net472\zSmartClient_UnitTest.dll" adapterTypeName="executor://mstestadapter/v2" className="SmartClient_UnitTest.VideoOS.RemoteClient.Plugin.GisMap.UI.DeviceSelectors.PanelComponents.DeviceSelectorPanelComponentTests" name="IconResourceKey_ShouldBeValid_WhenInteractionStateIsAddOutput" />
    </UnitTest>
    <UnitTest name="SearchResultsActionBarActions_MipActionSupportsSelectedSearchResult_ActionEnabled" storage="d:\actions-runner\_work\xpco\xpco\sc\components\remoteviewer\smartclient\tst\zsmartclient_unittest\bin\x64\debug\net472\zsmartclient_unittest.dll" id="3e265c80-d18d-ffa2-733c-86a2e1bcbc61">
      <TestCategory>
        <TestCategoryItem TestCategory="SearchResultActionBarViewModel" />
      </TestCategory>
      <Execution id="e16226a8-691b-41b1-a88a-ff85ec69b8c3" />
      <TestMethod codeBase="D:\actions-runner\_work\XPCO\XPCO\SC\Components\RemoteViewer\SmartClient\tst\zSmartClient_UnitTest\bin\x64\Debug\net472\zSmartClient_UnitTest.dll" adapterTypeName="executor://mstestadapter/v2" className="SmartClient_UnitTest.VideoOS.RemoteClient.Plugin.CentralizedSearch.ViewModels.SearchResultsActionBarViewModelTest" name="SearchResultsActionBarActions_MipActionSupportsSelectedSearchResult_ActionEnabled" />
    </UnitTest>
    <UnitTest name="TestUpdateState_InSetup" storage="d:\actions-runner\_work\xpco\xpco\sc\components\remoteviewer\smartclient\tst\zsmartclient_unittest\bin\x64\debug\net472\zsmartclient_unittest.dll" id="4ac872cb-6eae-9e1a-7612-37a387bb363b">
      <TestCategory>
        <TestCategoryItem TestCategory="WorkspaceToolbar" />
      </TestCategory>
      <Execution id="9d793d4a-401a-46be-b1de-7e003467d179" />
      <TestMethod codeBase="D:\actions-runner\_work\XPCO\XPCO\SC\Components\RemoteViewer\SmartClient\tst\zSmartClient_UnitTest\bin\x64\Debug\net472\zSmartClient_UnitTest.dll" adapterTypeName="executor://mstestadapter/v2" className="SmartClient_UnitTest.VideoOS.RemoteClient.Application.Data.WorkspaceToolbar.WorkspaceToolbarItemSmartSearchTests" name="TestUpdateState_InSetup" />
    </UnitTest>
    <UnitTest name="ConvertBack_Throws" storage="d:\actions-runner\_work\xpco\xpco\sc\components\remoteviewer\smartclient\tst\zsmartclient_unittest\bin\x64\debug\net472\zsmartclient_unittest.dll" id="0d68917f-e0c8-8b03-5d02-6e8d6b862245">
      <TestCategory>
        <TestCategoryItem TestCategory="SearchConverter" />
      </TestCategory>
      <Execution id="66cbe133-d390-4d94-98b1-21c7666117fd" />
      <TestMethod codeBase="D:\actions-runner\_work\XPCO\XPCO\SC\Components\RemoteViewer\SmartClient\tst\zSmartClient_UnitTest\bin\x64\Debug\net472\zSmartClient_UnitTest.dll" adapterTypeName="executor://mstestadapter/v2" className="SmartClient_UnitTest.VideoOS.RemoteClient.Plugin.CentralizedSearch.Views.Converters.NoCriteriaSelectedGridVisibilityConverterTests" name="ConvertBack_Throws" />
    </UnitTest>
    <UnitTest name="RightButtonDown_DoubleClick_ZoomsOut" storage="d:\actions-runner\_work\xpco\xpco\sc\components\remoteviewer\smartclient\tst\zsmartclient_unittest\bin\x64\debug\net472\zsmartclient_unittest.dll" id="de275d14-569b-3727-dc66-e87b528f415d">
      <TestCategory>
        <TestCategoryItem TestCategory="GisMap.MapControl" />
      </TestCategory>
      <Execution id="1b3a4b0d-b35d-4205-920d-2c583e8a7bd6" />
      <TestMethod codeBase="D:\actions-runner\_work\XPCO\XPCO\SC\Components\RemoteViewer\SmartClient\tst\zSmartClient_UnitTest\bin\x64\Debug\net472\zSmartClient_UnitTest.dll" adapterTypeName="executor://mstestadapter/v2" className="SmartClient_UnitTest.VideoOS.RemoteClient.Plugin.GisMap.ThinkGeoMap.ThinkGeoMapControlTests" name="RightButtonDown_DoubleClick_ZoomsOut" />
    </UnitTest>
    <UnitTest name="GetGisMapLayerFlyoutName_ShouldRaiseArgumentNullException_WhenOptionManagerIsNull" storage="d:\actions-runner\_work\xpco\xpco\sc\components\remoteviewer\smartclient\tst\zsmartclient_unittest\bin\x64\debug\net472\zsmartclient_unittest.dll" id="52501ffb-ac7e-ad78-d1e0-6621a5b53480">
      <TestCategory>
        <TestCategoryItem TestCategory="GisMapData.Controllers.Osm" />
      </TestCategory>
      <Execution id="c4586c6d-1cd1-4060-8581-9c3ae0e1d326" />
      <TestMethod codeBase="D:\actions-runner\_work\XPCO\XPCO\SC\Components\RemoteViewer\SmartClient\tst\zSmartClient_UnitTest\bin\x64\Debug\net472\zSmartClient_UnitTest.dll" adapterTypeName="executor://mstestadapter/v2" className="SmartClient_UnitTest.VideoOS.RemoteClient.GisMapData.Controllers.Osm.GisMapOsmControllerTests" name="GetGisMapLayerFlyoutName_ShouldRaiseArgumentNullException_WhenOptionManagerIsNull" />
    </UnitTest>
    <UnitTest name="Update_Retention_Times_Cannot_Be_Before_1900" storage="d:\actions-runner\_work\xpco\xpco\sc\components\remoteviewer\smartclient\tst\zsmartclient_unittest\bin\x64\debug\net472\zsmartclient_unittest.dll" id="cb294e8a-66b3-92e4-9b3b-b2ff0e864477">
      <Execution id="2579b707-4833-4495-a05f-619a62479da7" />
      <TestMethod codeBase="D:\actions-runner\_work\XPCO\XPCO\SC\Components\RemoteViewer\SmartClient\tst\zSmartClient_UnitTest\bin\x64\Debug\net472\zSmartClient_UnitTest.dll" adapterTypeName="executor://mstestadapter/v2" className="SmartClient_UnitTest.VideoOS.RemoteClient.Application.Components.EvidenceLock.EvidenceLockCreateEditTests" name="Update_Retention_Times_Cannot_Be_Before_1900" />
    </UnitTest>
    <UnitTest name="GetDomain_ShouldReturnDomainPartOfNetworkCredentials_WhenNetworkCredentialsContainsADomain" storage="d:\actions-runner\_work\xpco\xpco\sc\components\remoteviewer\smartclient\tst\zsmartclient_unittest\bin\x64\debug\net472\zsmartclient_unittest.dll" id="e07f5d01-bfa0-04f4-825e-59c493d5b5f5">
      <TestCategory>
        <TestCategoryItem TestCategory="Authentication.ClientCredentials" />
      </TestCategory>
      <Execution id="088c62ff-ec9d-4c82-83f7-c2a39233303f" />
      <TestMethod codeBase="D:\actions-runner\_work\XPCO\XPCO\SC\Components\RemoteViewer\SmartClient\tst\zSmartClient_UnitTest\bin\x64\Debug\net472\zSmartClient_UnitTest.dll" adapterTypeName="executor://mstestadapter/v2" className="SmartClient_UnitTest.VideoOS.Shared.ServerAPI.ClientCredentialsTest" name="GetDomain_ShouldReturnDomainPartOfNetworkCredentials_WhenNetworkCredentialsContainsADomain" />
    </UnitTest>
    <UnitTest name="OutputMapItem_ForceActivateAsync_NotInBuilding_Success" storage="d:\actions-runner\_work\xpco\xpco\sc\components\remoteviewer\smartclient\tst\zsmartclient_unittest\bin\x64\debug\net472\zsmartclient_unittest.dll" id="55849d48-8f3f-820c-27fa-98e4f30a7358">
      <TestCategory>
        <TestCategoryItem TestCategory="GisMapData.MapItem.Outputs" />
      </TestCategory>
      <Execution id="b5da82aa-4fad-4717-a26d-2f2d8dd228c6" />
      <TestMethod codeBase="D:\actions-runner\_work\XPCO\XPCO\SC\Components\RemoteViewer\SmartClient\tst\zSmartClient_UnitTest\bin\x64\Debug\net472\zSmartClient_UnitTest.dll" adapterTypeName="executor://mstestadapter/v2" className="SmartClient_UnitTest.VideoOS.RemoteClient.GisMapData.MapItem.Outputs.OutputMapItemTests" name="OutputMapItem_ForceActivateAsync_NotInBuilding_Success" />
    </UnitTest>
    <UnitTest name="GetDuration_SeveralMinutes_Success" storage="d:\actions-runner\_work\xpco\xpco\sc\components\remoteviewer\smartclient\tst\zsmartclient_unittest\bin\x64\debug\net472\zsmartclient_unittest.dll" id="1522f9c5-5447-f8a7-7916-026ac691e6f0">
      <TestCategory>
        <TestCategoryItem TestCategory="Search" />
      </TestCategory>
      <Execution id="b32c0605-4bd1-4a40-9a06-e83a87f25916" />
      <TestMethod codeBase="D:\actions-runner\_work\XPCO\XPCO\SC\Components\RemoteViewer\SmartClient\tst\zSmartClient_UnitTest\bin\x64\Debug\net472\zSmartClient_UnitTest.dll" adapterTypeName="executor://mstestadapter/v2" className="SmartClient_UnitTest.VideoOS.RemoteClient.Plugin.CentralizedSearch.ViewModels.Data.TimeScopeTests" name="GetDuration_SeveralMinutes_Success" />
    </UnitTest>
    <UnitTest name="SearchAction_BrowseMode_OneYearInTheFuture" storage="d:\actions-runner\_work\xpco\xpco\sc\components\remoteviewer\smartclient\tst\zsmartclient_unittest\bin\x64\debug\net472\zsmartclient_unittest.dll" id="cb217fc0-412f-9e5e-8b31-b39324af2ee8">
      <TestCategory>
        <TestCategoryItem TestCategory="WorkspaceToolbar" />
      </TestCategory>
      <Execution id="2f9c62f9-7158-40a6-a816-fbcac033ef4c" />
      <TestMethod codeBase="D:\actions-runner\_work\XPCO\XPCO\SC\Components\RemoteViewer\SmartClient\tst\zSmartClient_UnitTest\bin\x64\Debug\net472\zSmartClient_UnitTest.dll" adapterTypeName="executor://mstestadapter/v2" className="SmartClient_UnitTest.VideoOS.RemoteClient.Application.Data.WorkspaceToolbar.WorkspaceToolbarItemSmartSearchTests" name="SearchAction_BrowseMode_OneYearInTheFuture" />
    </UnitTest>
    <UnitTest name="TestGetBuildingClient_WithoutBuildingSupport_Success" storage="d:\actions-runner\_work\xpco\xpco\sc\components\remoteviewer\smartclient\tst\zsmartclient_unittest\bin\x64\debug\net472\zsmartclient_unittest.dll" id="94665017-ba44-93eb-512e-f9565e558eb5">
      <Execution id="e874d4bf-d78a-4677-a0f2-2607a352714b" />
      <TestMethod codeBase="D:\actions-runner\_work\XPCO\XPCO\SC\Components\RemoteViewer\SmartClient\tst\zSmartClient_UnitTest\bin\x64\Debug\net472\zSmartClient_UnitTest.dll" adapterTypeName="executor://mstestadapter/v2" className="SmartClient_UnitTest.VideoOS.RemoteClient.GisMapData.Communication.CommunicationFacadeTests" name="TestGetBuildingClient_WithoutBuildingSupport_Success" />
    </UnitTest>
    <UnitTest name="CreateSearchTemplateAsync_ValidParameters_Success" storage="d:\actions-runner\_work\xpco\xpco\sc\components\remoteviewer\smartclient\tst\zsmartclient_unittest\bin\x64\debug\net472\zsmartclient_unittest.dll" id="4beda25d-1245-bbb5-fb89-05aa7e1d42ca">
      <TestCategory>
        <TestCategoryItem TestCategory="SearchTemplatesService" />
      </TestCategory>
      <Execution id="3c0fe711-44f7-4a65-9e68-1dac6511a487" />
      <TestMethod codeBase="D:\actions-runner\_work\XPCO\XPCO\SC\Components\RemoteViewer\SmartClient\tst\zSmartClient_UnitTest\bin\x64\Debug\net472\zSmartClient_UnitTest.dll" adapterTypeName="executor://mstestadapter/v2" className="SmartClient_UnitTest.VideoOS.RemoteClient.Plugin.CentralizedSearch.SearchTemplates.Service.SearchTemplateServiceTests" name="CreateSearchTemplateAsync_ValidParameters_Success" />
    </UnitTest>
    <UnitTest name="BuildMapOptions_ShouldHandleStringOptionsCorrectly (GisMapOpenStreetMapAlternativeServer,,False)" storage="d:\actions-runner\_work\xpco\xpco\sc\components\remoteviewer\smartclient\tst\zsmartclient_unittest\bin\x64\debug\net472\zsmartclient_unittest.dll" id="64d2c8ef-e8dc-d27f-690f-41ed527ac20a">
      <Execution id="223aaef3-66ed-47ce-be28-37674705b764" />
      <TestMethod codeBase="D:\actions-runner\_work\XPCO\XPCO\SC\Components\RemoteViewer\SmartClient\tst\zSmartClient_UnitTest\bin\x64\Debug\net472\zSmartClient_UnitTest.dll" adapterTypeName="executor://mstestadapter/v2" className="SmartClient_UnitTest.VideoOS.RemoteClient.Application.Common.Telemetry.TelemetryBuilderTests" name="BuildMapOptions_ShouldHandleStringOptionsCorrectly" />
    </UnitTest>
    <UnitTest name="SupportsRightClick_ShouldBeTrue_WhenInteractionStateIsNormal" storage="d:\actions-runner\_work\xpco\xpco\sc\components\remoteviewer\smartclient\tst\zsmartclient_unittest\bin\x64\debug\net472\zsmartclient_unittest.dll" id="7f983a5e-5f3c-ed76-0115-273409a0ed19">
      <TestCategory>
        <TestCategoryItem TestCategory="GisMap.LegacyLinkMarker" />
      </TestCategory>
      <Execution id="4474a550-8528-4ce1-a98a-14ff0b16d46f" />
      <TestMethod codeBase="D:\actions-runner\_work\XPCO\XPCO\SC\Components\RemoteViewer\SmartClient\tst\zSmartClient_UnitTest\bin\x64\Debug\net472\zSmartClient_UnitTest.dll" adapterTypeName="executor://mstestadapter/v2" className="SmartClient_UnitTest.VideoOS.RemoteClient.Plugin.GisMap.ThinkGeoMap.Markers.LegacyLinkMarker.LegacyLinkMarkerTests" name="SupportsRightClick_ShouldBeTrue_WhenInteractionStateIsNormal" />
    </UnitTest>
    <UnitTest name="AudioControllerOnDevicesLockEvent_ShouldEnableMicrophones_WhenUnlockingAudioDevicesAndApplicationIsInLiveMode" storage="d:\actions-runner\_work\xpco\xpco\sc\components\remoteviewer\smartclient\tst\zsmartclient_unittest\bin\x64\debug\net472\zsmartclient_unittest.dll" id="7aa665c6-6d05-2641-5b0e-6f3ba4797370">
      <TestCategory>
        <TestCategoryItem TestCategory="GisMapData.MapLayers" />
      </TestCategory>
      <Execution id="76496d9f-38b3-417d-a597-8dd6f0ea8cdb" />
      <TestMethod codeBase="D:\actions-runner\_work\XPCO\XPCO\SC\Components\RemoteViewer\SmartClient\tst\zSmartClient_UnitTest\bin\x64\Debug\net472\zSmartClient_UnitTest.dll" adapterTypeName="executor://mstestadapter/v2" className="SmartClient_UnitTest.VideoOS.RemoteClient.GisMapData.MapLayers.MicrophoneItemsMapLayerTests" name="AudioControllerOnDevicesLockEvent_ShouldEnableMicrophones_WhenUnlockingAudioDevicesAndApplicationIsInLiveMode" />
    </UnitTest>
    <UnitTest name="MarkerFactory_WhenMapItemIsGiven_ShouldReturnMarker" storage="d:\actions-runner\_work\xpco\xpco\sc\components\remoteviewer\smartclient\tst\zsmartclient_unittest\bin\x64\debug\net472\zsmartclient_unittest.dll" id="c66f0344-0d06-e154-dea7-64ff1ea75851">
      <TestCategory>
        <TestCategoryItem TestCategory="GisMap.MarkerFactory" />
      </TestCategory>
      <Execution id="615ad511-6540-44df-ba65-58bc8d0ffbad" />
      <TestMethod codeBase="D:\actions-runner\_work\XPCO\XPCO\SC\Components\RemoteViewer\SmartClient\tst\zSmartClient_UnitTest\bin\x64\Debug\net472\zSmartClient_UnitTest.dll" adapterTypeName="executor://mstestadapter/v2" className="SmartClient_UnitTest.VideoOS.RemoteClient.Plugin.GisMap.IoC.MarkerFactoryTests" name="MarkerFactory_WhenMapItemIsGiven_ShouldReturnMarker" />
    </UnitTest>
    <UnitTest name="JobData_SetsCorrect_StatusText_And_SortOrder" storage="d:\actions-runner\_work\xpco\xpco\sc\components\remoteviewer\smartclient\tst\zsmartclient_unittest\bin\x64\debug\net472\zsmartclient_unittest.dll" id="3ab16e75-8a5c-b09f-3b52-52df61cf6c95">
      <Execution id="e7c9cd2a-779e-4d4b-b47b-39d846bd984c" />
      <TestMethod codeBase="D:\actions-runner\_work\XPCO\XPCO\SC\Components\RemoteViewer\SmartClient\tst\zSmartClient_UnitTest\bin\x64\Debug\net472\zSmartClient_UnitTest.dll" adapterTypeName="executor://mstestadapter/v2" className="SmartClient_UnitTest.VideoOS.RemoteClient.Application.UI.GlobalTools.ServerJobsTests" name="JobData_SetsCorrect_StatusText_And_SortOrder" />
    </UnitTest>
    <UnitTest name="SearchResultsActionBarActions_AddBookmark_MultipleResult_CreateBookmarkInvokedForAllItems" storage="d:\actions-runner\_work\xpco\xpco\sc\components\remoteviewer\smartclient\tst\zsmartclient_unittest\bin\x64\debug\net472\zsmartclient_unittest.dll" id="dd9fef57-cc98-7ad4-c53a-0bf4ce117b29">
      <TestCategory>
        <TestCategoryItem TestCategory="SearchResultActionBarViewModel" />
      </TestCategory>
      <Execution id="f69006f4-920d-4e53-bd1b-f7a4e2f18dfe" />
      <TestMethod codeBase="D:\actions-runner\_work\XPCO\XPCO\SC\Components\RemoteViewer\SmartClient\tst\zSmartClient_UnitTest\bin\x64\Debug\net472\zSmartClient_UnitTest.dll" adapterTypeName="executor://mstestadapter/v2" className="SmartClient_UnitTest.VideoOS.RemoteClient.Plugin.CentralizedSearch.ViewModels.SearchResultsActionBarViewModelTest" name="SearchResultsActionBarActions_AddBookmark_MultipleResult_CreateBookmarkInvokedForAllItems" />
    </UnitTest>
    <UnitTest name="ValidateExportLocation_ShouldReturnFailResult_ExportPathIsInvalid (aaaaaaaaaaaaaaaaaaaaaaaaaaaaaaaaaaaaaaaaaaaaaaaaaaaaaaaaaaaaaaaaaaaaaaaaaaaaaaaaaaaaaaaaaaaaaaaaaaaaaaaaaaaaaaaaaaaaaaaaaaaaaaaaaaaaaaaaaaaaaaaaaaaaaaaaaaaaaaaaaaaaaaaaaaaaaaaaaaaaaaa)" storage="d:\actions-runner\_work\xpco\xpco\sc\components\remoteviewer\smartclient\tst\zsmartclient_unittest\bin\x64\debug\net472\zsmartclient_unittest.dll" id="178f613b-e8c8-b623-2c5d-08d78665b8c9">
      <TestCategory>
        <TestCategoryItem TestCategory="Export" />
      </TestCategory>
      <Execution id="14daf04a-128e-4eff-a836-6f88875e36d4" />
      <TestMethod codeBase="D:\actions-runner\_work\XPCO\XPCO\SC\Components\RemoteViewer\SmartClient\tst\zSmartClient_UnitTest\bin\x64\Debug\net472\zSmartClient_UnitTest.dll" adapterTypeName="executor://mstestadapter/v2" className="SmartClient_UnitTest.VideoOS.RemoteClient.Plugin.Export.ExportDataValidatorTests" name="ValidateExportLocation_ShouldReturnFailResult_ExportPathIsInvalid" />
    </UnitTest>
    <UnitTest name="ScWorkspaceStateChangedEvent_ShouldSetDeviceStateToMuted_WhenSwitchingToSetupModeAndDeviceStateIsUnMuted" storage="d:\actions-runner\_work\xpco\xpco\sc\components\remoteviewer\smartclient\tst\zsmartclient_unittest\bin\x64\debug\net472\zsmartclient_unittest.dll" id="8a54600b-ddfe-122f-8fbb-15179853629f">
      <TestCategory>
        <TestCategoryItem TestCategory="GisMapData.MapLayers" />
      </TestCategory>
      <Execution id="8a7ca150-a5d3-48b7-ad8f-03cd35d609cd" />
      <TestMethod codeBase="D:\actions-runner\_work\XPCO\XPCO\SC\Components\RemoteViewer\SmartClient\tst\zSmartClient_UnitTest\bin\x64\Debug\net472\zSmartClient_UnitTest.dll" adapterTypeName="executor://mstestadapter/v2" className="SmartClient_UnitTest.VideoOS.RemoteClient.GisMapData.MapLayers.MicrophoneItemsMapLayerTests" name="ScWorkspaceStateChangedEvent_ShouldSetDeviceStateToMuted_WhenSwitchingToSetupModeAndDeviceStateIsUnMuted" />
    </UnitTest>
    <UnitTest name="GetClusters_ShouldIncludeItemFromBuildingIntoSuperClusterOutsideBuilding_WhenBuildingIsTooSmallToRender" storage="d:\actions-runner\_work\xpco\xpco\sc\components\remoteviewer\smartclient\tst\zsmartclient_unittest\bin\x64\debug\net472\zsmartclient_unittest.dll" id="5e9a784a-512a-9e3c-4365-749c6efbd67e">
      <TestCategory>
        <TestCategoryItem TestCategory="GisMapIndex.SuperClusters" />
      </TestCategory>
      <Execution id="302044fd-2909-4308-afb6-604307cdefb2" />
      <TestMethod codeBase="D:\actions-runner\_work\XPCO\XPCO\SC\Components\RemoteViewer\SmartClient\tst\zSmartClient_UnitTest\bin\x64\Debug\net472\zSmartClient_UnitTest.dll" adapterTypeName="executor://mstestadapter/v2" className="SmartClient_UnitTest.VideoOS.RemoteClient.GisMapData.Common.Indexer.BuildingsAwareIndexerTests_SuperCluster" name="GetClusters_ShouldIncludeItemFromBuildingIntoSuperClusterOutsideBuilding_WhenBuildingIsTooSmallToRender" />
    </UnitTest>
    <UnitTest name="TestAttachedView_WithNull_Success" storage="d:\actions-runner\_work\xpco\xpco\sc\components\remoteviewer\smartclient\tst\zsmartclient_unittest\bin\x64\debug\net472\zsmartclient_unittest.dll" id="05f48571-d878-d35c-a36e-2898473abdf2">
      <Execution id="9db25fe5-bdf3-454d-be87-665e637d1149" />
      <TestMethod codeBase="D:\actions-runner\_work\XPCO\XPCO\SC\Components\RemoteViewer\SmartClient\tst\zSmartClient_UnitTest\bin\x64\Debug\net472\zSmartClient_UnitTest.dll" adapterTypeName="executor://mstestadapter/v2" className="SmartClient_UnitTest.VideoOS.RemoteClient.Application.Controllers.WorkSpace.WorkSpaceItemTest" name="TestAttachedView_WithNull_Success" />
    </UnitTest>
    <UnitTest name="ToDenormalizedFieldOfView_LesserThan0_0_Failure" storage="d:\actions-runner\_work\xpco\xpco\sc\components\remoteviewer\smartclient\tst\zsmartclient_unittest\bin\x64\debug\net472\zsmartclient_unittest.dll" id="ef6e5d44-4248-113e-0569-ec93691b2771">
      <TestCategory>
        <TestCategoryItem TestCategory="GisMap" />
      </TestCategory>
      <Execution id="6167cff7-9354-4dbe-a201-3c06a128a7a5" />
      <TestMethod codeBase="D:\actions-runner\_work\XPCO\XPCO\SC\Components\RemoteViewer\SmartClient\tst\zSmartClient_UnitTest\bin\x64\Debug\net472\zSmartClient_UnitTest.dll" adapterTypeName="executor://mstestadapter/v2" className="SmartClient_UnitTest.VideoOS.RemoteClient.GisMap.Utilities.GisUtilityTests" name="ToDenormalizedFieldOfView_LesserThan0_0_Failure" />
    </UnitTest>
    <UnitTest name="Decorate_ShouldNotAddChildren_WhenThereAreNoLayersImplementingITitleToggleable" storage="d:\actions-runner\_work\xpco\xpco\sc\components\remoteviewer\smartclient\tst\zsmartclient_unittest\bin\x64\debug\net472\zsmartclient_unittest.dll" id="4fdd99bf-6905-0af0-30e5-6e050f489153">
      <TestCategory>
        <TestCategoryItem TestCategory="GisMap.LayerVisibilityItemDataChildrenToggleItemDecoratorTests" />
      </TestCategory>
      <Execution id="c7a56adb-9f21-4d45-af09-cead2f1eeaf6" />
      <TestMethod codeBase="D:\actions-runner\_work\XPCO\XPCO\SC\Components\RemoteViewer\SmartClient\tst\zSmartClient_UnitTest\bin\x64\Debug\net472\zSmartClient_UnitTest.dll" adapterTypeName="executor://mstestadapter/v2" className="SmartClient_UnitTest.VideoOS.RemoteClient.Plugin.GisMap.ViewModels.LayersVisibility.Decorators.LayerVisibilityItemDataChildrenToggleItemDecoratorTests" name="Decorate_ShouldNotAddChildren_WhenThereAreNoLayersImplementingITitleToggleable" />
    </UnitTest>
    <UnitTest name="PtzSessionController_GetPtzSessionInfo_Unregistered_Camera_Test" storage="d:\actions-runner\_work\xpco\xpco\sc\components\remoteviewer\smartclient\tst\zsmartclient_unittest\bin\x64\debug\net472\zsmartclient_unittest.dll" id="65173ca9-ca7a-eecb-f51e-664ba3987e33">
      <Execution id="d1bbd08c-f9ff-4394-93e0-e9d0fade1c4f" />
      <TestMethod codeBase="D:\actions-runner\_work\XPCO\XPCO\SC\Components\RemoteViewer\SmartClient\tst\zSmartClient_UnitTest\bin\x64\Debug\net472\zSmartClient_UnitTest.dll" adapterTypeName="executor://mstestadapter/v2" className="VideoOS.RemoteClient.Application.Controllers.UnitTest.PtzSessionControllerTest" name="PtzSessionController_GetPtzSessionInfo_Unregistered_Camera_Test" />
    </UnitTest>
    <UnitTest name="ExcludeItem_CameraItem_Excluded" storage="d:\actions-runner\_work\xpco\xpco\sc\components\remoteviewer\smartclient\tst\zsmartclient_unittest\bin\x64\debug\net472\zsmartclient_unittest.dll" id="4fb4182c-2a3f-97bb-507b-d3ceb3937b43">
      <TestCategory>
        <TestCategoryItem TestCategory="GisMapIndex" />
      </TestCategory>
      <Execution id="e976e1b4-43a3-4b9b-82bc-11990a8b89e1" />
      <TestMethod codeBase="D:\actions-runner\_work\XPCO\XPCO\SC\Components\RemoteViewer\SmartClient\tst\zSmartClient_UnitTest\bin\x64\Debug\net472\zSmartClient_UnitTest.dll" adapterTypeName="executor://mstestadapter/v2" className="SmartClient_UnitTest.VideoOS.RemoteClient.GisMapData.Common.Indexer.BuildingsAwareIndexerTests" name="ExcludeItem_CameraItem_Excluded" />
    </UnitTest>
    <UnitTest name="RemoveWorkroom_ShouldChangeSelectionToNextWorkroom_WhenSelectedWorkroomIsRemoved" storage="d:\actions-runner\_work\xpco\xpco\sc\components\remoteviewer\smartclient\tst\zsmartclient_unittest\bin\x64\debug\net472\zsmartclient_unittest.dll" id="4fc92a95-da20-ab9b-15d1-74f6c3c27fe0">
      <TestCategory>
        <TestCategoryItem TestCategory="WorkroomController" />
      </TestCategory>
      <Execution id="14b4140b-6e37-4712-8478-e61c87be7c17" />
      <TestMethod codeBase="D:\actions-runner\_work\XPCO\XPCO\SC\Components\RemoteViewer\SmartClient\tst\zSmartClient_UnitTest\bin\x64\Debug\net472\zSmartClient_UnitTest.dll" adapterTypeName="executor://mstestadapter/v2" className="SmartClient_UnitTest.VideoOS.RemoteClient.Application.Controllers.WorkroomController.WorkroomControllerBaseTest" name="RemoveWorkroom_ShouldChangeSelectionToNextWorkroom_WhenSelectedWorkroomIsRemoved" />
    </UnitTest>
    <UnitTest name="PtzSessionController_Constructor_ArgumentNull_PtzSessionTimer_Test" storage="d:\actions-runner\_work\xpco\xpco\sc\components\remoteviewer\smartclient\tst\zsmartclient_unittest\bin\x64\debug\net472\zsmartclient_unittest.dll" id="6005aa8f-bfed-16e6-eb0c-0e72997b485a">
      <Execution id="614a49e7-7e6d-4d18-b7e1-b6a76a504a30" />
      <TestMethod codeBase="D:\actions-runner\_work\XPCO\XPCO\SC\Components\RemoteViewer\SmartClient\tst\zSmartClient_UnitTest\bin\x64\Debug\net472\zSmartClient_UnitTest.dll" adapterTypeName="executor://mstestadapter/v2" className="VideoOS.RemoteClient.Application.Controllers.UnitTest.PtzSessionControllerTest" name="PtzSessionController_Constructor_ArgumentNull_PtzSessionTimer_Test" />
    </UnitTest>
    <UnitTest name="Constructor_ShouldRaiseArgumentNullException_WhenNavigationHistoryIsNull" storage="d:\actions-runner\_work\xpco\xpco\sc\components\remoteviewer\smartclient\tst\zsmartclient_unittest\bin\x64\debug\net472\zsmartclient_unittest.dll" id="70311a0a-2853-d903-384a-e493017e2da4">
      <TestCategory>
        <TestCategoryItem TestCategory="GisMap.GisMapViewModel" />
      </TestCategory>
      <Execution id="a3319e36-a7ce-43fd-8e14-7fe0286236bb" />
      <TestMethod codeBase="D:\actions-runner\_work\XPCO\XPCO\SC\Components\RemoteViewer\SmartClient\tst\zSmartClient_UnitTest\bin\x64\Debug\net472\zSmartClient_UnitTest.dll" adapterTypeName="executor://mstestadapter/v2" className="SmartClient_UnitTest.VideoOS.RemoteClient.Plugin.GisMap.ViewModels.GisMapViewModelTests" name="Constructor_ShouldRaiseArgumentNullException_WhenNavigationHistoryIsNull" />
    </UnitTest>
    <UnitTest name="PatrollingStepListViewModel_CanAddStepExecute" storage="d:\actions-runner\_work\xpco\xpco\sc\components\remoteviewer\smartclient\tst\zsmartclient_unittest\bin\x64\debug\net472\zsmartclient_unittest.dll" id="cc27b110-75f5-fa85-b001-d22c68a54aec">
      <Execution id="d318dcd7-57f8-43c1-882f-725a8424624a" />
      <TestMethod codeBase="D:\actions-runner\_work\XPCO\XPCO\SC\Components\RemoteViewer\SmartClient\tst\zSmartClient_UnitTest\bin\x64\Debug\net472\zSmartClient_UnitTest.dll" adapterTypeName="executor://mstestadapter/v2" className="SmartClient_UnitTest.VideoOS.RemoteClient.Application.UI.PtzPreset.PatrollingViewModel.PatrollingStepListViewModelTest" name="PatrollingStepListViewModel_CanAddStepExecute" />
    </UnitTest>
    <UnitTest name="PatrollingStepViewModel_ExpectedTransitionTimeToPreset" storage="d:\actions-runner\_work\xpco\xpco\sc\components\remoteviewer\smartclient\tst\zsmartclient_unittest\bin\x64\debug\net472\zsmartclient_unittest.dll" id="db90aeda-99d3-8862-c893-f6a75596efbc">
      <Execution id="b3be42ee-e770-4ee1-a0bf-fd2bd0d70ac1" />
      <TestMethod codeBase="D:\actions-runner\_work\XPCO\XPCO\SC\Components\RemoteViewer\SmartClient\tst\zSmartClient_UnitTest\bin\x64\Debug\net472\zSmartClient_UnitTest.dll" adapterTypeName="executor://mstestadapter/v2" className="SmartClient_UnitTest.VideoOS.RemoteClient.Application.UI.PtzPreset.PatrollingViewModel.PatrollingStepViewModelTest" name="PatrollingStepViewModel_ExpectedTransitionTimeToPreset" />
    </UnitTest>
    <UnitTest name="Constructor_ShouldRaiseArgumentNullException_WhenGisMapModelIsNull" storage="d:\actions-runner\_work\xpco\xpco\sc\components\remoteviewer\smartclient\tst\zsmartclient_unittest\bin\x64\debug\net472\zsmartclient_unittest.dll" id="b7dfb3e8-2e47-78f3-b474-5d161942d69f">
      <TestCategory>
        <TestCategoryItem TestCategory="GisMap.GisMapViewModel" />
      </TestCategory>
      <Execution id="5ba69115-d07f-4952-8244-f6db96de471c" />
      <TestMethod codeBase="D:\actions-runner\_work\XPCO\XPCO\SC\Components\RemoteViewer\SmartClient\tst\zSmartClient_UnitTest\bin\x64\Debug\net472\zSmartClient_UnitTest.dll" adapterTypeName="executor://mstestadapter/v2" className="SmartClient_UnitTest.VideoOS.RemoteClient.Plugin.GisMap.ViewModels.GisMapViewModelTests" name="Constructor_ShouldRaiseArgumentNullException_WhenGisMapModelIsNull" />
    </UnitTest>
    <UnitTest name="TrySelectAvailableExportNameTest_ShouldReturnValidationResultOk_When2ndDirectoryDoNotExistsIsFalse" storage="d:\actions-runner\_work\xpco\xpco\sc\components\remoteviewer\smartclient\tst\zsmartclient_unittest\bin\x64\debug\net472\zsmartclient_unittest.dll" id="20b83e96-bb0c-eaa7-3f17-8420c76ddd7b">
      <Execution id="42ec6655-83d8-415a-947e-3ef88304396e" />
      <TestMethod codeBase="D:\actions-runner\_work\XPCO\XPCO\SC\Components\RemoteViewer\SmartClient\tst\zSmartClient_UnitTest\bin\x64\Debug\net472\zSmartClient_UnitTest.dll" adapterTypeName="executor://mstestadapter/v2" className="SmartClient_UnitTest.VideoOS.RemoteClient.Application.Data.Export.ExportDataHelperTests" name="TrySelectAvailableExportNameTest_ShouldReturnValidationResultOk_When2ndDirectoryDoNotExistsIsFalse" />
    </UnitTest>
    <UnitTest name="ToggleMicrophoneStateAsync_ShouldRaiseArgumentNullException_WhenMicrophoneIsNull" storage="d:\actions-runner\_work\xpco\xpco\sc\components\remoteviewer\smartclient\tst\zsmartclient_unittest\bin\x64\debug\net472\zsmartclient_unittest.dll" id="76f56124-31a2-88ce-2d55-72b9a34a85b7">
      <TestCategory>
        <TestCategoryItem TestCategory="GisMapAudioController" />
      </TestCategory>
      <Execution id="5b90c98a-6129-4042-998d-96ff4e39c984" />
      <TestMethod codeBase="D:\actions-runner\_work\XPCO\XPCO\SC\Components\RemoteViewer\SmartClient\tst\zSmartClient_UnitTest\bin\x64\Debug\net472\zSmartClient_UnitTest.dll" adapterTypeName="executor://mstestadapter/v2" className="SmartClient_UnitTest.VideoOS.RemoteClient.GisMapData.GisMapAudioControllerTests" name="ToggleMicrophoneStateAsync_ShouldRaiseArgumentNullException_WhenMicrophoneIsNull" />
    </UnitTest>
    <UnitTest name="AddToExportDevices_ShouldReturnCorrectResult (0,0,0)" storage="d:\actions-runner\_work\xpco\xpco\sc\components\remoteviewer\smartclient\tst\zsmartclient_unittest\bin\x64\debug\net472\zsmartclient_unittest.dll" id="c4920b28-249b-4562-1020-f303c8a65938">
      <TestCategory>
        <TestCategoryItem TestCategory="Managers" />
      </TestCategory>
      <Execution id="9e7f4187-fae7-4e24-bb91-218665e1325b" />
      <TestMethod codeBase="D:\actions-runner\_work\XPCO\XPCO\SC\Components\RemoteViewer\SmartClient\tst\zSmartClient_UnitTest\bin\x64\Debug\net472\zSmartClient_UnitTest.dll" adapterTypeName="executor://mstestadapter/v2" className="SmartClient_UnitTest.VideoOS.RemoteClient.Application.Managers.ExportManagerTests" name="AddToExportDevices_ShouldReturnCorrectResult" />
    </UnitTest>
    <UnitTest name="ShowAccessControlSystems_ShouldReturnFalse_WhenOneACSystemsAvailable" storage="d:\actions-runner\_work\xpco\xpco\sc\components\remoteviewer\smartclient\tst\zsmartclient_unittest\bin\x64\debug\net472\zsmartclient_unittest.dll" id="0888e3f9-abd4-4799-6395-fe5ed75b869d">
      <Execution id="ab49e9dd-a5f3-45da-8bb9-f28950be29cf" />
      <TestMethod codeBase="D:\actions-runner\_work\XPCO\XPCO\SC\Components\RemoteViewer\SmartClient\tst\zSmartClient_UnitTest\bin\x64\Debug\net472\zSmartClient_UnitTest.dll" adapterTypeName="executor://mstestadapter/v2" className="SmartClient_UnitTest.VideoOS.RemoteClient.AccessControl.ViewModel.CardholdersTabViewModelTests" name="ShowAccessControlSystems_ShouldReturnFalse_WhenOneACSystemsAvailable" />
    </UnitTest>
    <UnitTest name="CloseCommand_ShouldSetInteractionStateToNormal_WhenInvoked" storage="d:\actions-runner\_work\xpco\xpco\sc\components\remoteviewer\smartclient\tst\zsmartclient_unittest\bin\x64\debug\net472\zsmartclient_unittest.dll" id="5b878309-5fba-ade9-5fb0-a0b0fe46423a">
      <TestCategory>
        <TestCategoryItem TestCategory="GisMap.DeviceSelectorWindowViewModel" />
      </TestCategory>
      <Execution id="bf0215e0-f867-464e-b946-bc8c690d9af7" />
      <TestMethod codeBase="D:\actions-runner\_work\XPCO\XPCO\SC\Components\RemoteViewer\SmartClient\tst\zSmartClient_UnitTest\bin\x64\Debug\net472\zSmartClient_UnitTest.dll" adapterTypeName="executor://mstestadapter/v2" className="SmartClient_UnitTest.VideoOS.RemoteClient.Plugin.GisMap.ViewModels.DeviceSelectorWindowViewModelTests" name="CloseCommand_ShouldSetInteractionStateToNormal_WhenInvoked" />
    </UnitTest>
    <UnitTest name="Optics enabled, forced" storage="d:\actions-runner\_work\xpco\xpco\sc\components\remoteviewer\smartclient\tst\zsmartclient_unittest\bin\x64\debug\net472\zsmartclient_unittest.dll" id="3ca183c0-19b7-c862-e0ae-e783adb3e613">
      <TestCategory>
        <TestCategoryItem TestCategory="Export" />
      </TestCategory>
      <Execution id="a24b8f00-953d-49bb-a9f7-26b76a7a4513" />
      <TestMethod codeBase="D:\actions-runner\_work\XPCO\XPCO\SC\Components\RemoteViewer\SmartClient\tst\zSmartClient_UnitTest\bin\x64\Debug\net472\zSmartClient_UnitTest.dll" adapterTypeName="executor://mstestadapter/v2" className="SmartClient_UnitTest.VideoOS.RemoteClient.Plugin.Export.CreateExportDialogViewModelTests" name="CreateExportDialog_ExportDestinationSelectionEnabled_BasedOnOptions" />
    </UnitTest>
    <UnitTest name="IsOAuth_ShouldReturnFalse_WhenConstructedUsingSimple" storage="d:\actions-runner\_work\xpco\xpco\sc\components\remoteviewer\smartclient\tst\zsmartclient_unittest\bin\x64\debug\net472\zsmartclient_unittest.dll" id="edaf9c06-ff2c-62ed-be08-4c1afe57f05b">
      <TestCategory>
        <TestCategoryItem TestCategory="Authentication.ClientCredentials" />
      </TestCategory>
      <Execution id="42d45d74-a04d-4eb6-9d66-fbf5430ea972" />
      <TestMethod codeBase="D:\actions-runner\_work\XPCO\XPCO\SC\Components\RemoteViewer\SmartClient\tst\zSmartClient_UnitTest\bin\x64\Debug\net472\zSmartClient_UnitTest.dll" adapterTypeName="executor://mstestadapter/v2" className="SmartClient_UnitTest.VideoOS.Shared.ServerAPI.ClientCredentialsTest" name="IsOAuth_ShouldReturnFalse_WhenConstructedUsingSimple" />
    </UnitTest>
    <UnitTest name="AddSelectedWindowsToExport_ShouldShowCorrectToastMessages (5,5,0)" storage="d:\actions-runner\_work\xpco\xpco\sc\components\remoteviewer\smartclient\tst\zsmartclient_unittest\bin\x64\debug\net472\zsmartclient_unittest.dll" id="2a167ce1-2e85-c399-ed2a-4777d927b987">
      <TestCategory>
        <TestCategoryItem TestCategory="Managers" />
      </TestCategory>
      <Execution id="1421715b-7b90-46ac-9f82-cda17ea38ad5" />
      <TestMethod codeBase="D:\actions-runner\_work\XPCO\XPCO\SC\Components\RemoteViewer\SmartClient\tst\zSmartClient_UnitTest\bin\x64\Debug\net472\zSmartClient_UnitTest.dll" adapterTypeName="executor://mstestadapter/v2" className="SmartClient_UnitTest.VideoOS.RemoteClient.Application.Managers.ExportManagerTests" name="AddSelectedWindowsToExport_ShouldShowCorrectToastMessages" />
    </UnitTest>
    <UnitTest name="Deserialize_MissingPluginIdElement_Error" storage="d:\actions-runner\_work\xpco\xpco\sc\components\remoteviewer\smartclient\tst\zsmartclient_unittest\bin\x64\debug\net472\zsmartclient_unittest.dll" id="5be7c8bc-c613-0652-ed73-c4eee352182b">
      <TestCategory>
        <TestCategoryItem TestCategory="SearchSerialization" />
      </TestCategory>
      <Execution id="41217730-c5db-4637-a108-3954e8cc1f89" />
      <TestMethod codeBase="D:\actions-runner\_work\XPCO\XPCO\SC\Components\RemoteViewer\SmartClient\tst\zSmartClient_UnitTest\bin\x64\Debug\net472\zSmartClient_UnitTest.dll" adapterTypeName="executor://mstestadapter/v2" className="SmartClient_UnitTest.VideoOS.RemoteClient.Plugin.CentralizedSearch.Models.Serialization.SearchSerializerTests" name="Deserialize_MissingPluginIdElement_Error" />
    </UnitTest>
    <UnitTest name="WhenActionExecutedWithAlarmsThenEveryObserverNotified" storage="d:\actions-runner\_work\xpco\xpco\sc\components\remoteviewer\smartclient\tst\zsmartclient_unittest\bin\x64\debug\net472\zsmartclient_unittest.dll" id="03c0368b-e341-b507-4b7e-610a5973bcc4">
      <Execution id="c94ebae0-f374-42f9-b558-a328bca87dcb" />
      <TestMethod codeBase="D:\actions-runner\_work\XPCO\XPCO\SC\Components\RemoteViewer\SmartClient\tst\zSmartClient_UnitTest\bin\x64\Debug\net472\zSmartClient_UnitTest.dll" adapterTypeName="executor://mstestadapter/v2" className="SmartClient_UnitTest.VideoOS.RemoteClient.GisMapData.Common.AlarmObservableTest" name="WhenActionExecutedWithAlarmsThenEveryObserverNotified" />
    </UnitTest>
    <UnitTest name="GetMapLayerArguments_ShouldReturnIGisMapModelAndMapLayerDataId_WhenCalled" storage="d:\actions-runner\_work\xpco\xpco\sc\components\remoteviewer\smartclient\tst\zsmartclient_unittest\bin\x64\debug\net472\zsmartclient_unittest.dll" id="31b9ac86-ff3a-2d5f-32cb-aba7e18815ce">
      <Execution id="1e2a09b9-2ecc-4dd8-9229-3997f4a9b82c" />
      <TestMethod codeBase="D:\actions-runner\_work\XPCO\XPCO\SC\Components\RemoteViewer\SmartClient\tst\zSmartClient_UnitTest\bin\x64\Debug\net472\zSmartClient_UnitTest.dll" adapterTypeName="executor://mstestadapter/v2" className="SmartClient_UnitTest.VideoOS.RemoteClient.GisMapData.Strategies.MapLayers.MipMapLayerDatagramClassFactoryStrategyTests" name="GetMapLayerArguments_ShouldReturnIGisMapModelAndMapLayerDataId_WhenCalled" />
    </UnitTest>
    <UnitTest name="UserHasDeletePublicSearchPermission_HasDeletePermission_ReturnsTrue" storage="d:\actions-runner\_work\xpco\xpco\sc\components\remoteviewer\smartclient\tst\zsmartclient_unittest\bin\x64\debug\net472\zsmartclient_unittest.dll" id="b292696a-1665-7718-2677-c233de8e9b49">
      <TestCategory>
        <TestCategoryItem TestCategory="SearchTemplates" />
      </TestCategory>
      <Execution id="a1431819-2a5b-46f0-84e5-d29873218ed1" />
      <TestMethod codeBase="D:\actions-runner\_work\XPCO\XPCO\SC\Components\RemoteViewer\SmartClient\tst\zSmartClient_UnitTest\bin\x64\Debug\net472\zSmartClient_UnitTest.dll" adapterTypeName="executor://mstestadapter/v2" className="SmartClient_UnitTest.VideoOS.RemoteClient.Plugin.CentralizedSearch.SearchTemplates.SearchTemplateManagerTests" name="UserHasDeletePublicSearchPermission_HasDeletePermission_ReturnsTrue" />
    </UnitTest>
    <UnitTest name="RightButtonDown_DoubleClickNoZoomHandler_DoesNotCrash" storage="d:\actions-runner\_work\xpco\xpco\sc\components\remoteviewer\smartclient\tst\zsmartclient_unittest\bin\x64\debug\net472\zsmartclient_unittest.dll" id="1dfcecbd-375a-81ed-2ce9-6d3e61013acd">
      <TestCategory>
        <TestCategoryItem TestCategory="GisMap.MapControl" />
      </TestCategory>
      <Execution id="ad5c92a6-76ac-423f-bc00-001318e57fbc" />
      <TestMethod codeBase="D:\actions-runner\_work\XPCO\XPCO\SC\Components\RemoteViewer\SmartClient\tst\zSmartClient_UnitTest\bin\x64\Debug\net472\zSmartClient_UnitTest.dll" adapterTypeName="executor://mstestadapter/v2" className="SmartClient_UnitTest.VideoOS.RemoteClient.Plugin.GisMap.ThinkGeoMap.ThinkGeoMapControlTests" name="RightButtonDown_DoubleClickNoZoomHandler_DoesNotCrash" />
    </UnitTest>
    <UnitTest name="BookmarkSearchTime_WithSearchStringInDifferentCases_ReturnCorrectBookmarkWithSearchStringInHeader (SeArChStRiNg,False,True,False,False,,,0)" storage="d:\actions-runner\_work\xpco\xpco\sc\components\remoteviewer\smartclient\tst\zsmartclient_unittest\bin\x64\debug\net472\zsmartclient_unittest.dll" id="28b18be3-0a42-80b2-dd31-6ed6fce84202">
      <Execution id="958b26bc-002d-420b-87be-ae0e5e9278ee" />
      <TestMethod codeBase="D:\actions-runner\_work\XPCO\XPCO\SC\Components\RemoteViewer\SmartClient\tst\zSmartClient_UnitTest\bin\x64\Debug\net472\zSmartClient_UnitTest.dll" adapterTypeName="executor://mstestadapter/v2" className="SmartClient_UnitTest.VideoOS.RemoteClient.Application.Data.Offline.UnitTest.BookmarkExportReaderTest" name="BookmarkSearchTime_WithSearchStringInDifferentCases_ReturnCorrectBookmarkWithSearchStringInHeader" />
    </UnitTest>
    <UnitTest name="Layout_Many_Success" storage="d:\actions-runner\_work\xpco\xpco\sc\components\remoteviewer\smartclient\tst\zsmartclient_unittest\bin\x64\debug\net472\zsmartclient_unittest.dll" id="a7a0d721-aaa5-74c0-69b6-e91fcbb08804">
      <TestCategory>
        <TestCategoryItem TestCategory="SearchControls" />
      </TestCategory>
      <Execution id="10a58096-5a1d-4bd2-9385-13c71acfe977" />
      <TestMethod codeBase="D:\actions-runner\_work\XPCO\XPCO\SC\Components\RemoteViewer\SmartClient\tst\zSmartClient_UnitTest\bin\x64\Debug\net472\zSmartClient_UnitTest.dll" adapterTypeName="executor://mstestadapter/v2" className="SmartClient_UnitTest.VideoOS.RemoteClient.Plugin.CentralizedSearch.Views.Controls.SearchCategorySelect.SelectSearchCategoryLayoutTests" name="Layout_Many_Success" />
    </UnitTest>
    <UnitTest name="GetLayerVisibilityItemsData_ShouldAddThreeFixedLayersInOrder_WhenThreeNonRelatedMapLayersAreProvided" storage="d:\actions-runner\_work\xpco\xpco\sc\components\remoteviewer\smartclient\tst\zsmartclient_unittest\bin\x64\debug\net472\zsmartclient_unittest.dll" id="958a4635-0d5e-dda4-f61e-9578d9aa3b40">
      <TestCategory>
        <TestCategoryItem TestCategory="GisMap.DefaultFixedLayerManagerStrategyTests" />
      </TestCategory>
      <Execution id="91016927-0ed6-4c75-b707-fd7668224794" />
      <TestMethod codeBase="D:\actions-runner\_work\XPCO\XPCO\SC\Components\RemoteViewer\SmartClient\tst\zSmartClient_UnitTest\bin\x64\Debug\net472\zSmartClient_UnitTest.dll" adapterTypeName="executor://mstestadapter/v2" className="SmartClient_UnitTest.VideoOS.RemoteClient.Plugin.GisMap.ViewModels.LayersVisibility.FixedLayers.DefaultFixedLayerManagerStrategyTests" name="GetLayerVisibilityItemsData_ShouldAddThreeFixedLayersInOrder_WhenThreeNonRelatedMapLayersAreProvided" />
    </UnitTest>
    <UnitTest name="GetLayerFeatures_ShouldReturnOutputLayerFeatures_WhenMicrophoneKind" storage="d:\actions-runner\_work\xpco\xpco\sc\components\remoteviewer\smartclient\tst\zsmartclient_unittest\bin\x64\debug\net472\zsmartclient_unittest.dll" id="858fcac7-e389-8062-ee0a-81085946f8a2">
      <TestCategory>
        <TestCategoryItem TestCategory="GisMapData.Controllers.LayerFeatures" />
      </TestCategory>
      <Execution id="28dd22bb-f343-4460-8a12-648ed79cb15f" />
      <TestMethod codeBase="D:\actions-runner\_work\XPCO\XPCO\SC\Components\RemoteViewer\SmartClient\tst\zSmartClient_UnitTest\bin\x64\Debug\net472\zSmartClient_UnitTest.dll" adapterTypeName="executor://mstestadapter/v2" className="SmartClient_UnitTest.VideoOS.RemoteClient.GisMapData.Controllers.LayerFeatures.LayerFeaturesControllerTests" name="GetLayerFeatures_ShouldReturnOutputLayerFeatures_WhenMicrophoneKind" />
    </UnitTest>
    <UnitTest name="DrawEntries_BeginMidAndEndDatesRange_Success" storage="d:\actions-runner\_work\xpco\xpco\sc\components\remoteviewer\smartclient\tst\zsmartclient_unittest\bin\x64\debug\net472\zsmartclient_unittest.dll" id="30200921-e950-e3ac-a65b-a4bfe480ca8a">
      <TestCategory>
        <TestCategoryItem TestCategory="SearchControls" />
      </TestCategory>
      <Execution id="9b754ee6-c5c1-4e77-882d-fadd24cc8fb7" />
      <TestMethod codeBase="D:\actions-runner\_work\XPCO\XPCO\SC\Components\RemoteViewer\SmartClient\tst\zSmartClient_UnitTest\bin\x64\Debug\net472\zSmartClient_UnitTest.dll" adapterTypeName="executor://mstestadapter/v2" className="SmartClient_UnitTest.VideoOS.RemoteClient.Plugin.CentralizedSearch.Views.Controls.TimelineRuler.TimelineRulerControlTests" name="DrawEntries_BeginMidAndEndDatesRange_Success" />
    </UnitTest>
    <UnitTest name="ServerAuthentication_ShouldReturnLegacyBasic_WhenConstructedUsingSimple" storage="d:\actions-runner\_work\xpco\xpco\sc\components\remoteviewer\smartclient\tst\zsmartclient_unittest\bin\x64\debug\net472\zsmartclient_unittest.dll" id="5711c871-ad4e-1c97-b7af-50ef5d9eff82">
      <TestCategory>
        <TestCategoryItem TestCategory="Authentication.ClientCredentials" />
      </TestCategory>
      <Execution id="a9d7caba-cd9d-49a7-924b-cfd4788ff90b" />
      <TestMethod codeBase="D:\actions-runner\_work\XPCO\XPCO\SC\Components\RemoteViewer\SmartClient\tst\zSmartClient_UnitTest\bin\x64\Debug\net472\zSmartClient_UnitTest.dll" adapterTypeName="executor://mstestadapter/v2" className="SmartClient_UnitTest.VideoOS.Shared.ServerAPI.ClientCredentialsTest" name="ServerAuthentication_ShouldReturnLegacyBasic_WhenConstructedUsingSimple" />
    </UnitTest>
    <UnitTest name="IOState_ShouldYieldSameValuesForAllEnumValues_WhenRoundTripConverted (NotAvailable,Unknown)" storage="d:\actions-runner\_work\xpco\xpco\sc\components\remoteviewer\smartclient\tst\zsmartclient_unittest\bin\x64\debug\net472\zsmartclient_unittest.dll" id="b95925c6-4417-d47a-19a9-e46062ab44bc">
      <TestCategory>
        <TestCategoryItem TestCategory="RecorderProxyToDtoMapping" />
      </TestCategory>
      <Execution id="a9258d21-2be3-46ee-8e00-d11273a5ab43" />
      <TestMethod codeBase="D:\actions-runner\_work\XPCO\XPCO\SC\Components\RemoteViewer\SmartClient\tst\zSmartClient_UnitTest\bin\x64\Debug\net472\zSmartClient_UnitTest.dll" adapterTypeName="executor://mstestadapter/v2" className="VideoOS.Shared.ServerAPI.SOAP.RecorderClientMappingTests" name="IOState_ShouldYieldSameValuesForAllEnumValues_WhenRoundTripConverted" />
    </UnitTest>
    <UnitTest name="Deserialize_FilterMissing_Error" storage="d:\actions-runner\_work\xpco\xpco\sc\components\remoteviewer\smartclient\tst\zsmartclient_unittest\bin\x64\debug\net472\zsmartclient_unittest.dll" id="6f750899-6999-d05b-77b7-f266affebcca">
      <TestCategory>
        <TestCategoryItem TestCategory="SearchSerialization" />
      </TestCategory>
      <Execution id="a5d8df3e-31d3-4547-9187-4009a94b97d1" />
      <TestMethod codeBase="D:\actions-runner\_work\XPCO\XPCO\SC\Components\RemoteViewer\SmartClient\tst\zSmartClient_UnitTest\bin\x64\Debug\net472\zSmartClient_UnitTest.dll" adapterTypeName="executor://mstestadapter/v2" className="SmartClient_UnitTest.VideoOS.RemoteClient.Plugin.CentralizedSearch.Models.Serialization.SearchSerializerTests" name="Deserialize_FilterMissing_Error" />
    </UnitTest>
    <UnitTest name="ToMipSearchResultData_ShouldReturnCorrectSearchResult" storage="d:\actions-runner\_work\xpco\xpco\sc\components\remoteviewer\smartclient\tst\zsmartclient_unittest\bin\x64\debug\net472\zsmartclient_unittest.dll" id="1181cb63-0543-4806-6972-5950350789da">
      <TestCategory>
        <TestCategoryItem TestCategory="Search.Wrappers" />
      </TestCategory>
      <Execution id="94d1c43d-f41c-4820-b71a-a6290200babe" />
      <TestMethod codeBase="D:\actions-runner\_work\XPCO\XPCO\SC\Components\RemoteViewer\SmartClient\tst\zSmartClient_UnitTest\bin\x64\Debug\net472\zSmartClient_UnitTest.dll" adapterTypeName="executor://mstestadapter/v2" className="SmartClient_UnitTest.VideoOS.RemoteClient.Plugin.CentralizedSearch.Models.Wrappers.SearchResultDataWrapperTests" name="ToMipSearchResultData_ShouldReturnCorrectSearchResult" />
    </UnitTest>
    <UnitTest name="CreateGeometry_ThreeCornerBuilding_Success" storage="d:\actions-runner\_work\xpco\xpco\sc\components\remoteviewer\smartclient\tst\zsmartclient_unittest\bin\x64\debug\net472\zsmartclient_unittest.dll" id="a660afa4-f5aa-b923-9ed9-b3aed02ce38b">
      <TestCategory>
        <TestCategoryItem TestCategory="GisMapIndex" />
      </TestCategory>
      <Execution id="20237483-6c3a-459c-abf4-f3f85c4b097e" />
      <TestMethod codeBase="D:\actions-runner\_work\XPCO\XPCO\SC\Components\RemoteViewer\SmartClient\tst\zSmartClient_UnitTest\bin\x64\Debug\net472\zSmartClient_UnitTest.dll" adapterTypeName="executor://mstestadapter/v2" className="SmartClient_UnitTest.VideoOS.RemoteClient.GisMapData.Common.Indexer.IndexUtilTests" name="CreateGeometry_ThreeCornerBuilding_Success" />
    </UnitTest>
    <UnitTest name="DownsizeImageSuccess" storage="d:\actions-runner\_work\xpco\xpco\sc\components\remoteviewer\smartclient\tst\zsmartclient_unittest\bin\x64\debug\net472\zsmartclient_unittest.dll" id="1b358bc1-458b-910a-26a9-b665d6fb08b0">
      <Execution id="2c43b465-d9d6-4f43-a9c7-0d75e1bbbb75" />
      <TestMethod codeBase="D:\actions-runner\_work\XPCO\XPCO\SC\Components\RemoteViewer\SmartClient\tst\zSmartClient_UnitTest\bin\x64\Debug\net472\zSmartClient_UnitTest.dll" adapterTypeName="executor://mstestadapter/v2" className="SmartClient_UnitTest.VideoOS.RemoteClient.Application.Data.ContentTypes.ImageContentType.ImageUtilsTests" name="DownsizeImageSuccess" />
    </UnitTest>
    <UnitTest name="TestUpdateState_3Cameras" storage="d:\actions-runner\_work\xpco\xpco\sc\components\remoteviewer\smartclient\tst\zsmartclient_unittest\bin\x64\debug\net472\zsmartclient_unittest.dll" id="80faadd3-7ee5-fd40-aebd-98e719e96493">
      <TestCategory>
        <TestCategoryItem TestCategory="WorkspaceToolbar" />
      </TestCategory>
      <Execution id="61c54efe-45af-4657-a495-40b0ab93adab" />
      <TestMethod codeBase="D:\actions-runner\_work\XPCO\XPCO\SC\Components\RemoteViewer\SmartClient\tst\zSmartClient_UnitTest\bin\x64\Debug\net472\zSmartClient_UnitTest.dll" adapterTypeName="executor://mstestadapter/v2" className="SmartClient_UnitTest.VideoOS.RemoteClient.Application.Data.WorkspaceToolbar.WorkspaceToolbarItemSmartSearchTests" name="TestUpdateState_3Cameras" />
    </UnitTest>
    <UnitTest name="Ctor_CentralizedSearchStateWithSelectedSearchTemplate_ActiveSearchTemplateSet" storage="d:\actions-runner\_work\xpco\xpco\sc\components\remoteviewer\smartclient\tst\zsmartclient_unittest\bin\x64\debug\net472\zsmartclient_unittest.dll" id="c2dd673d-ca57-2691-c104-7023a833ff11">
      <TestCategory>
        <TestCategoryItem TestCategory="SearchViewModels" />
      </TestCategory>
      <Execution id="6249cefa-b182-45d0-8eab-607acada6fe7" />
      <TestMethod codeBase="D:\actions-runner\_work\XPCO\XPCO\SC\Components\RemoteViewer\SmartClient\tst\zSmartClient_UnitTest\bin\x64\Debug\net472\zSmartClient_UnitTest.dll" adapterTypeName="executor://mstestadapter/v2" className="SmartClient_UnitTest.VideoOS.RemoteClient.Plugin.CentralizedSearch.ViewModels.SearchViewModelTests" name="Ctor_CentralizedSearchStateWithSelectedSearchTemplate_ActiveSearchTemplateSet" />
    </UnitTest>
    <UnitTest name="BoundingBoxRefresh" storage="d:\actions-runner\_work\xpco\xpco\sc\components\remoteviewer\smartclient\tst\zsmartclient_unittest\bin\x64\debug\net472\zsmartclient_unittest.dll" id="45bd735f-7812-dc55-613d-6b72234baad1">
      <Execution id="cf210e4d-028b-4850-8696-690b5fb2c74f" />
      <TestMethod codeBase="D:\actions-runner\_work\XPCO\XPCO\SC\Components\RemoteViewer\SmartClient\tst\zSmartClient_UnitTest\bin\x64\Debug\net472\zSmartClient_UnitTest.dll" adapterTypeName="executor://mstestadapter/v2" className="SmartClient_UnitTest.VideoOS.RemoteClient.Application.Data.Metadata.BoundingBoxes.BoundingBoxProviderTest" name="BoundingBoxRefresh" />
    </UnitTest>
    <UnitTest name="Constructor_ShouldRaiseArgumentException_WhenEventServerIdsAreRepeated" storage="d:\actions-runner\_work\xpco\xpco\sc\components\remoteviewer\smartclient\tst\zsmartclient_unittest\bin\x64\debug\net472\zsmartclient_unittest.dll" id="48a343bd-9a05-413c-06ca-9a257f76938b">
      <TestCategory>
        <TestCategoryItem TestCategory="AccessControl.Services" />
      </TestCategory>
      <Execution id="00fc9718-a077-4ce8-b0c6-0a2fca0dbdbe" />
      <TestMethod codeBase="D:\actions-runner\_work\XPCO\XPCO\SC\Components\RemoteViewer\SmartClient\tst\zSmartClient_UnitTest\bin\x64\Debug\net472\zSmartClient_UnitTest.dll" adapterTypeName="executor://mstestadapter/v2" className="SmartClient_UnitTest.VideoOS.RemoteClient.AccessControl.Services.AccessControlGuidProviderTests" name="Constructor_ShouldRaiseArgumentException_WhenEventServerIdsAreRepeated" />
    </UnitTest>
    <UnitTest name="ResolveBaseResultProperties_ShouldReturnASingleTriggerTime_WhenASingleSearchResultIsGiven" storage="d:\actions-runner\_work\xpco\xpco\sc\components\remoteviewer\smartclient\tst\zsmartclient_unittest\bin\x64\debug\net472\zsmartclient_unittest.dll" id="00f3f438-e702-19f0-4f30-bd3e4320eea7">
      <TestCategory>
        <TestCategoryItem TestCategory="Search" />
      </TestCategory>
      <Execution id="87f6ad8a-d35f-4417-9371-090106e55e07" />
      <TestMethod codeBase="D:\actions-runner\_work\XPCO\XPCO\SC\Components\RemoteViewer\SmartClient\tst\zSmartClient_UnitTest\bin\x64\Debug\net472\zSmartClient_UnitTest.dll" adapterTypeName="executor://mstestadapter/v2" className="SmartClient_UnitTest.VideoOS.RemoteClient.Plugin.CentralizedSearch.Utils.SearchResultDataWrapperExtensionsTests" name="ResolveBaseResultProperties_ShouldReturnASingleTriggerTime_WhenASingleSearchResultIsGiven" />
    </UnitTest>
    <UnitTest name="BoundingBoxClear" storage="d:\actions-runner\_work\xpco\xpco\sc\components\remoteviewer\smartclient\tst\zsmartclient_unittest\bin\x64\debug\net472\zsmartclient_unittest.dll" id="9a20c48e-d269-b782-9e2c-26946688cee6">
      <Execution id="cddb2c77-3557-4a2c-916d-03827f6ec757" />
      <TestMethod codeBase="D:\actions-runner\_work\XPCO\XPCO\SC\Components\RemoteViewer\SmartClient\tst\zSmartClient_UnitTest\bin\x64\Debug\net472\zSmartClient_UnitTest.dll" adapterTypeName="executor://mstestadapter/v2" className="SmartClient_UnitTest.VideoOS.RemoteClient.Application.Data.Metadata.BoundingBoxes.BoundingBoxProviderTest" name="BoundingBoxClear" />
    </UnitTest>
    <UnitTest name="OnUnloaded_NoResultControl_DoesNotCrash" storage="d:\actions-runner\_work\xpco\xpco\sc\components\remoteviewer\smartclient\tst\zsmartclient_unittest\bin\x64\debug\net472\zsmartclient_unittest.dll" id="2b48bd6d-d40f-68da-88e6-66c25aa42362">
      <TestCategory>
        <TestCategoryItem TestCategory="Search" />
      </TestCategory>
      <Execution id="bd098261-37c9-4fae-85a2-cbc011cbb43f" />
      <TestMethod codeBase="D:\actions-runner\_work\XPCO\XPCO\SC\Components\RemoteViewer\SmartClient\tst\zSmartClient_UnitTest\bin\x64\Debug\net472\zSmartClient_UnitTest.dll" adapterTypeName="executor://mstestadapter/v2" className="SmartClient_UnitTest.VideoOS.RemoteClient.Plugin.CentralizedSearch.Views.SearchResultContainerViewTests" name="OnUnloaded_NoResultControl_DoesNotCrash" />
    </UnitTest>
    <UnitTest name="IsReCenterButtonVisible_MappedToViewModel_Success" storage="d:\actions-runner\_work\xpco\xpco\sc\components\remoteviewer\smartclient\tst\zsmartclient_unittest\bin\x64\debug\net472\zsmartclient_unittest.dll" id="145e0ff6-94b3-8f9e-a3e6-3b43ce77eb33">
      <TestCategory>
        <TestCategoryItem TestCategory="GisMap.GisMapViewFacade" />
      </TestCategory>
      <Execution id="d730d41a-f808-4863-b35c-6116de06682f" />
      <TestMethod codeBase="D:\actions-runner\_work\XPCO\XPCO\SC\Components\RemoteViewer\SmartClient\tst\zSmartClient_UnitTest\bin\x64\Debug\net472\zSmartClient_UnitTest.dll" adapterTypeName="executor://mstestadapter/v2" className="SmartClient_UnitTest.VideoOS.RemoteClient.Plugin.GisMap.IoC.GisMapViewFacadeTests" name="IsReCenterButtonVisible_MappedToViewModel_Success" />
    </UnitTest>
    <UnitTest name="ToDenormalizedFieldOfView_0_0" storage="d:\actions-runner\_work\xpco\xpco\sc\components\remoteviewer\smartclient\tst\zsmartclient_unittest\bin\x64\debug\net472\zsmartclient_unittest.dll" id="0df0cb69-797b-9ae4-83ed-e8c0cce4f5b0">
      <TestCategory>
        <TestCategoryItem TestCategory="GisMap" />
      </TestCategory>
      <Execution id="fac9d62e-7b4d-4649-8fe9-0aae401721e1" />
      <TestMethod codeBase="D:\actions-runner\_work\XPCO\XPCO\SC\Components\RemoteViewer\SmartClient\tst\zSmartClient_UnitTest\bin\x64\Debug\net472\zSmartClient_UnitTest.dll" adapterTypeName="executor://mstestadapter/v2" className="SmartClient_UnitTest.VideoOS.RemoteClient.GisMap.Utilities.GisUtilityTests" name="ToDenormalizedFieldOfView_0_0" />
    </UnitTest>
    <UnitTest name="HideNotificationMessage_SetsIsNotificationMessageShownToFalse_WhenCalled" storage="d:\actions-runner\_work\xpco\xpco\sc\components\remoteviewer\smartclient\tst\zsmartclient_unittest\bin\x64\debug\net472\zsmartclient_unittest.dll" id="3def0511-4e40-2e00-f9b9-6bb18ace3fe8">
      <TestCategory>
        <TestCategoryItem TestCategory="GisMapContentHolderTests" />
      </TestCategory>
      <Execution id="cd94b98d-6839-4f9f-823c-d1fbd96c250d" />
      <TestMethod codeBase="D:\actions-runner\_work\XPCO\XPCO\SC\Components\RemoteViewer\SmartClient\tst\zSmartClient_UnitTest\bin\x64\Debug\net472\zSmartClient_UnitTest.dll" adapterTypeName="executor://mstestadapter/v2" className="SmartClient_UnitTest.VideoOS.RemoteClient.Plugin.GisMap.ContentHolderTests" name="HideNotificationMessage_SetsIsNotificationMessageShownToFalse_WhenCalled" />
    </UnitTest>
    <UnitTest name="AddSelectedWindowsToExport_ShouldShowCorrectToastMessages (0,1,0)" storage="d:\actions-runner\_work\xpco\xpco\sc\components\remoteviewer\smartclient\tst\zsmartclient_unittest\bin\x64\debug\net472\zsmartclient_unittest.dll" id="e976302a-a37c-8679-9199-ce1bff08e845">
      <TestCategory>
        <TestCategoryItem TestCategory="Managers" />
      </TestCategory>
      <Execution id="ad8defd3-c80d-4ade-90e0-9c3121dbd43f" />
      <TestMethod codeBase="D:\actions-runner\_work\XPCO\XPCO\SC\Components\RemoteViewer\SmartClient\tst\zSmartClient_UnitTest\bin\x64\Debug\net472\zSmartClient_UnitTest.dll" adapterTypeName="executor://mstestadapter/v2" className="SmartClient_UnitTest.VideoOS.RemoteClient.Application.Managers.ExportManagerTests" name="AddSelectedWindowsToExport_ShouldShowCorrectToastMessages" />
    </UnitTest>
    <UnitTest name="Convert_InvalidFirstArgument_Collapsed" storage="d:\actions-runner\_work\xpco\xpco\sc\components\remoteviewer\smartclient\tst\zsmartclient_unittest\bin\x64\debug\net472\zsmartclient_unittest.dll" id="65ba2efa-0759-8a99-b7e3-1a551182172b">
      <TestCategory>
        <TestCategoryItem TestCategory="SearchConverter" />
      </TestCategory>
      <Execution id="da785f24-5a67-48e2-8a61-c089c5affe2d" />
      <TestMethod codeBase="D:\actions-runner\_work\XPCO\XPCO\SC\Components\RemoteViewer\SmartClient\tst\zSmartClient_UnitTest\bin\x64\Debug\net472\zSmartClient_UnitTest.dll" adapterTypeName="executor://mstestadapter/v2" className="SmartClient_UnitTest.VideoOS.RemoteClient.Plugin.CentralizedSearch.Views.Converters.NoCriteriaSelectedGridVisibilityConverterTests" name="Convert_InvalidFirstArgument_Collapsed" />
    </UnitTest>
    <UnitTest name="ValueWithFallbackConverterTests_Convert_OneValue_Success" storage="d:\actions-runner\_work\xpco\xpco\sc\components\remoteviewer\smartclient\tst\zsmartclient_unittest\bin\x64\debug\net472\zsmartclient_unittest.dll" id="9f2d8267-74f7-ee47-e40a-a9214d8b0149">
      <TestCategory>
        <TestCategoryItem TestCategory="SearchConverter" />
      </TestCategory>
      <Execution id="772b44a6-b16e-4f87-a184-dc613ead43d2" />
      <TestMethod codeBase="D:\actions-runner\_work\XPCO\XPCO\SC\Components\RemoteViewer\SmartClient\tst\zSmartClient_UnitTest\bin\x64\Debug\net472\zSmartClient_UnitTest.dll" adapterTypeName="executor://mstestadapter/v2" className="SmartClient_UnitTest.VideoOS.RemoteClient.Plugin.CentralizedSearch.Views.Converters.ValueWithFallbackConverterTests" name="ValueWithFallbackConverterTests_Convert_OneValue_Success" />
    </UnitTest>
    <UnitTest name="Constructor_ShouldRaiseArgumentNullException_WhenOwnerWindowIsNull" storage="d:\actions-runner\_work\xpco\xpco\sc\components\remoteviewer\smartclient\tst\zsmartclient_unittest\bin\x64\debug\net472\zsmartclient_unittest.dll" id="00f7a484-6e81-6caf-9969-08e5a26f96ea">
      <TestCategory>
        <TestCategoryItem TestCategory="GisMap.DeviceSelectorWindow" />
      </TestCategory>
      <Execution id="b48485c0-17bb-4958-9d49-4bc2a3883d45" />
      <TestMethod codeBase="D:\actions-runner\_work\XPCO\XPCO\SC\Components\RemoteViewer\SmartClient\tst\zSmartClient_UnitTest\bin\x64\Debug\net472\zSmartClient_UnitTest.dll" adapterTypeName="executor://mstestadapter/v2" className="SmartClient_UnitTest.VideoOS.RemoteClient.Plugin.GisMap.Windows.GisMapSetup.DeviceSelectors.DeviceSelectorWindowTests" name="Constructor_ShouldRaiseArgumentNullException_WhenOwnerWindowIsNull" />
    </UnitTest>
    <UnitTest name="SearchResultsActionBarActions_CreateSnapshot_InvokeCommand_SingleSnapshotSucceeded_CorrectStatusTextShown" storage="d:\actions-runner\_work\xpco\xpco\sc\components\remoteviewer\smartclient\tst\zsmartclient_unittest\bin\x64\debug\net472\zsmartclient_unittest.dll" id="c92b65c5-6961-9b98-a1f9-2c2587ff0054">
      <TestCategory>
        <TestCategoryItem TestCategory="SearchResultActionBarViewModel" />
      </TestCategory>
      <Execution id="150a54e9-3f3f-4071-8d3b-100ccbe4c915" />
      <TestMethod codeBase="D:\actions-runner\_work\XPCO\XPCO\SC\Components\RemoteViewer\SmartClient\tst\zSmartClient_UnitTest\bin\x64\Debug\net472\zSmartClient_UnitTest.dll" adapterTypeName="executor://mstestadapter/v2" className="SmartClient_UnitTest.VideoOS.RemoteClient.Plugin.CentralizedSearch.ViewModels.SearchResultsActionBarViewModelTest" name="SearchResultsActionBarActions_CreateSnapshot_InvokeCommand_SingleSnapshotSucceeded_CorrectStatusTextShown" />
    </UnitTest>
    <UnitTest name="UpdateMarkers_OnResize_Success" storage="d:\actions-runner\_work\xpco\xpco\sc\components\remoteviewer\smartclient\tst\zsmartclient_unittest\bin\x64\debug\net472\zsmartclient_unittest.dll" id="0d8d7f88-cdb1-c8e3-59a9-3cff81206fb2">
      <TestCategory>
        <TestCategoryItem TestCategory="SearchControls" />
      </TestCategory>
      <Execution id="d1b4967b-af3b-46e7-bfff-27c17d8b7ba9" />
      <TestMethod codeBase="D:\actions-runner\_work\XPCO\XPCO\SC\Components\RemoteViewer\SmartClient\tst\zSmartClient_UnitTest\bin\x64\Debug\net472\zSmartClient_UnitTest.dll" adapterTypeName="executor://mstestadapter/v2" className="SmartClient_UnitTest.VideoOS.RemoteClient.Plugin.CentralizedSearch.Views.Controls.TimelineRuler.TimelineRulerControlTests" name="UpdateMarkers_OnResize_Success" />
    </UnitTest>
    <UnitTest name="PtzSessionController_Stop_Test" storage="d:\actions-runner\_work\xpco\xpco\sc\components\remoteviewer\smartclient\tst\zsmartclient_unittest\bin\x64\debug\net472\zsmartclient_unittest.dll" id="e0e4a25c-da24-71c2-6a4d-30260f82e840">
      <Execution id="e2987653-a36b-44b5-ba95-8167b2d84d2a" />
      <TestMethod codeBase="D:\actions-runner\_work\XPCO\XPCO\SC\Components\RemoteViewer\SmartClient\tst\zSmartClient_UnitTest\bin\x64\Debug\net472\zSmartClient_UnitTest.dll" adapterTypeName="executor://mstestadapter/v2" className="VideoOS.RemoteClient.Application.Controllers.UnitTest.PtzSessionControllerTest" name="PtzSessionController_Stop_Test" />
    </UnitTest>
    <UnitTest name="BookmarkSearchTime_WithSearchStringInDifferentCases_ReturnCorrectBookmarkWithSearchStringInDescription (SeArChStRiNg,True,True,True,True,,,1)" storage="d:\actions-runner\_work\xpco\xpco\sc\components\remoteviewer\smartclient\tst\zsmartclient_unittest\bin\x64\debug\net472\zsmartclient_unittest.dll" id="7b40f6f2-095c-b718-ce38-5d349c806839">
      <Execution id="d0936dd9-1b35-436e-8f87-08e7de8c9f22" />
      <TestMethod codeBase="D:\actions-runner\_work\XPCO\XPCO\SC\Components\RemoteViewer\SmartClient\tst\zSmartClient_UnitTest\bin\x64\Debug\net472\zSmartClient_UnitTest.dll" adapterTypeName="executor://mstestadapter/v2" className="SmartClient_UnitTest.VideoOS.RemoteClient.Application.Data.Offline.UnitTest.BookmarkExportReaderTest" name="BookmarkSearchTime_WithSearchStringInDifferentCases_ReturnCorrectBookmarkWithSearchStringInDescription" />
    </UnitTest>
    <UnitTest name="AddSelectedWindowsToExport_ShouldShowCorrectToastMessages (1,0,1)" storage="d:\actions-runner\_work\xpco\xpco\sc\components\remoteviewer\smartclient\tst\zsmartclient_unittest\bin\x64\debug\net472\zsmartclient_unittest.dll" id="02a92acd-3e74-c832-568f-0225ec898104">
      <TestCategory>
        <TestCategoryItem TestCategory="Managers" />
      </TestCategory>
      <Execution id="5f808945-9bdc-4763-89b2-bdf23142ef2d" />
      <TestMethod codeBase="D:\actions-runner\_work\XPCO\XPCO\SC\Components\RemoteViewer\SmartClient\tst\zSmartClient_UnitTest\bin\x64\Debug\net472\zSmartClient_UnitTest.dll" adapterTypeName="executor://mstestadapter/v2" className="SmartClient_UnitTest.VideoOS.RemoteClient.Application.Managers.ExportManagerTests" name="AddSelectedWindowsToExport_ShouldShowCorrectToastMessages" />
    </UnitTest>
    <UnitTest name="SearchResultsActionBarActions_ActionResultModified_Success" storage="d:\actions-runner\_work\xpco\xpco\sc\components\remoteviewer\smartclient\tst\zsmartclient_unittest\bin\x64\debug\net472\zsmartclient_unittest.dll" id="ac29b4b5-8534-78d0-60ee-ce2fc38c2fe4">
      <TestCategory>
        <TestCategoryItem TestCategory="SearchResultActionBarViewModel" />
      </TestCategory>
      <Execution id="57f0dd19-11ae-494b-b02d-cd084801ff42" />
      <TestMethod codeBase="D:\actions-runner\_work\XPCO\XPCO\SC\Components\RemoteViewer\SmartClient\tst\zSmartClient_UnitTest\bin\x64\Debug\net472\zSmartClient_UnitTest.dll" adapterTypeName="executor://mstestadapter/v2" className="SmartClient_UnitTest.VideoOS.RemoteClient.Plugin.CentralizedSearch.ViewModels.SearchResultsActionBarViewModelTest" name="SearchResultsActionBarActions_ActionResultModified_Success" />
    </UnitTest>
    <UnitTest name="SupportsRightClick_ShouldBeFalse_WhenInteractionStateIsNotNormal" storage="d:\actions-runner\_work\xpco\xpco\sc\components\remoteviewer\smartclient\tst\zsmartclient_unittest\bin\x64\debug\net472\zsmartclient_unittest.dll" id="bab1654e-c8b6-f4c1-eb14-25680f0e8712">
      <TestCategory>
        <TestCategoryItem TestCategory="GisMap.OutputMarkerTest" />
      </TestCategory>
      <Execution id="db765a50-5fdb-489c-ba22-820bef9cb1af" />
      <TestMethod codeBase="D:\actions-runner\_work\XPCO\XPCO\SC\Components\RemoteViewer\SmartClient\tst\zSmartClient_UnitTest\bin\x64\Debug\net472\zSmartClient_UnitTest.dll" adapterTypeName="executor://mstestadapter/v2" className="SmartClient_UnitTest.VideoOS.RemoteClient.Plugin.GisMap.ThinkGeoMap.Markers.DeviceMarkers.OutputMarker.OutputMarkerTests" name="SupportsRightClick_ShouldBeFalse_WhenInteractionStateIsNotNormal" />
    </UnitTest>
    <UnitTest name="ActiveIncomingMicrophones_ShouldHave_NoMicrophonesWhenMicrophoneIsMuted" storage="d:\actions-runner\_work\xpco\xpco\sc\components\remoteviewer\smartclient\tst\zsmartclient_unittest\bin\x64\debug\net472\zsmartclient_unittest.dll" id="3d676a9f-bbcb-bc89-c504-7e67ca06500e">
      <TestCategory>
        <TestCategoryItem TestCategory="GisMapAudioController" />
      </TestCategory>
      <Execution id="ae307c29-bbf5-48a5-82bc-445a8163e043" />
      <TestMethod codeBase="D:\actions-runner\_work\XPCO\XPCO\SC\Components\RemoteViewer\SmartClient\tst\zSmartClient_UnitTest\bin\x64\Debug\net472\zSmartClient_UnitTest.dll" adapterTypeName="executor://mstestadapter/v2" className="SmartClient_UnitTest.VideoOS.RemoteClient.GisMapData.GisMapAudioControllerTests" name="ActiveIncomingMicrophones_ShouldHave_NoMicrophonesWhenMicrophoneIsMuted" />
    </UnitTest>
    <UnitTest name="GetDuration_LessThanOneMinute_Success" storage="d:\actions-runner\_work\xpco\xpco\sc\components\remoteviewer\smartclient\tst\zsmartclient_unittest\bin\x64\debug\net472\zsmartclient_unittest.dll" id="0fb4b7bb-e522-c3cc-c43e-c8a8d68a12cc">
      <TestCategory>
        <TestCategoryItem TestCategory="Search" />
      </TestCategory>
      <Execution id="cebed8ac-3dea-4f05-a160-b47c3be59f77" />
      <TestMethod codeBase="D:\actions-runner\_work\XPCO\XPCO\SC\Components\RemoteViewer\SmartClient\tst\zSmartClient_UnitTest\bin\x64\Debug\net472\zSmartClient_UnitTest.dll" adapterTypeName="executor://mstestadapter/v2" className="SmartClient_UnitTest.VideoOS.RemoteClient.Plugin.CentralizedSearch.ViewModels.Data.TimeScopeTests" name="GetDuration_LessThanOneMinute_Success" />
    </UnitTest>
    <UnitTest name="UpdateStartupLocationInModel_NoUpdate_Success" storage="d:\actions-runner\_work\xpco\xpco\sc\components\remoteviewer\smartclient\tst\zsmartclient_unittest\bin\x64\debug\net472\zsmartclient_unittest.dll" id="138f94fd-09a3-ac1a-466f-d3cf0cc3562a">
      <TestCategory>
        <TestCategoryItem TestCategory="GisMapContentHolderTests" />
      </TestCategory>
      <Execution id="e7e83b35-9e1f-4dad-bce7-1c8bddfc1464" />
      <TestMethod codeBase="D:\actions-runner\_work\XPCO\XPCO\SC\Components\RemoteViewer\SmartClient\tst\zSmartClient_UnitTest\bin\x64\Debug\net472\zSmartClient_UnitTest.dll" adapterTypeName="executor://mstestadapter/v2" className="SmartClient_UnitTest.VideoOS.RemoteClient.Plugin.GisMap.ContentHolderTests" name="UpdateStartupLocationInModel_NoUpdate_Success" />
    </UnitTest>
    <UnitTest name="TrySelectAvailableExportNameTest_ShouldNotDoInfiniteLoop_WhenValidateExportPathIsNotOk" storage="d:\actions-runner\_work\xpco\xpco\sc\components\remoteviewer\smartclient\tst\zsmartclient_unittest\bin\x64\debug\net472\zsmartclient_unittest.dll" id="62a83c18-891b-449e-7f90-a5e43688fbf0">
      <Execution id="028b48ac-ff03-4ee3-94a7-cec0bfa7d46b" />
      <TestMethod codeBase="D:\actions-runner\_work\XPCO\XPCO\SC\Components\RemoteViewer\SmartClient\tst\zSmartClient_UnitTest\bin\x64\Debug\net472\zSmartClient_UnitTest.dll" adapterTypeName="executor://mstestadapter/v2" className="SmartClient_UnitTest.VideoOS.RemoteClient.Application.Data.Export.ExportDataHelperTests" name="TrySelectAvailableExportNameTest_ShouldNotDoInfiniteLoop_WhenValidateExportPathIsNotOk" />
    </UnitTest>
    <UnitTest name="BookmarkSearchTime_WithSearchStringInDifferentCases_ReturnCorrectBookmarkWithSearchStringInHeader (SeArChStRiNg,False,False,False,False,,,0)" storage="d:\actions-runner\_work\xpco\xpco\sc\components\remoteviewer\smartclient\tst\zsmartclient_unittest\bin\x64\debug\net472\zsmartclient_unittest.dll" id="22c14ae1-426d-20b6-6b98-6e6a9790adb4">
      <Execution id="90564bd5-1d0e-4ddd-8d8e-3ab91d3d79a9" />
      <TestMethod codeBase="D:\actions-runner\_work\XPCO\XPCO\SC\Components\RemoteViewer\SmartClient\tst\zSmartClient_UnitTest\bin\x64\Debug\net472\zSmartClient_UnitTest.dll" adapterTypeName="executor://mstestadapter/v2" className="SmartClient_UnitTest.VideoOS.RemoteClient.Application.Data.Offline.UnitTest.BookmarkExportReaderTest" name="BookmarkSearchTime_WithSearchStringInDifferentCases_ReturnCorrectBookmarkWithSearchStringInHeader" />
    </UnitTest>
    <UnitTest name="ParseFromName_SecondPartNotZero_MinutesRoundedUp" storage="d:\actions-runner\_work\xpco\xpco\sc\components\remoteviewer\smartclient\tst\zsmartclient_unittest\bin\x64\debug\net472\zsmartclient_unittest.dll" id="41d4421e-5dd5-6cec-027d-d4227fb48184">
      <TestCategory>
        <TestCategoryItem TestCategory="Search" />
      </TestCategory>
      <Execution id="f5ce1696-a15e-40a3-a23a-deeb67874933" />
      <TestMethod codeBase="D:\actions-runner\_work\XPCO\XPCO\SC\Components\RemoteViewer\SmartClient\tst\zSmartClient_UnitTest\bin\x64\Debug\net472\zSmartClient_UnitTest.dll" adapterTypeName="executor://mstestadapter/v2" className="SmartClient_UnitTest.VideoOS.RemoteClient.Plugin.CentralizedSearch.ViewModels.Data.TimeScopeTests" name="ParseFromName_SecondPartNotZero_MinutesRoundedUp" />
    </UnitTest>
    <UnitTest name="ToDenormalizedDirection_Minus0_25" storage="d:\actions-runner\_work\xpco\xpco\sc\components\remoteviewer\smartclient\tst\zsmartclient_unittest\bin\x64\debug\net472\zsmartclient_unittest.dll" id="fc2cbc5b-c2b1-3d19-f684-8de533e0344a">
      <TestCategory>
        <TestCategoryItem TestCategory="GisMap" />
      </TestCategory>
      <Execution id="d886374c-43e3-4e7d-bf11-f1f9a76bd624" />
      <TestMethod codeBase="D:\actions-runner\_work\XPCO\XPCO\SC\Components\RemoteViewer\SmartClient\tst\zSmartClient_UnitTest\bin\x64\Debug\net472\zSmartClient_UnitTest.dll" adapterTypeName="executor://mstestadapter/v2" className="SmartClient_UnitTest.VideoOS.RemoteClient.GisMap.Utilities.GisUtilityTests" name="ToDenormalizedDirection_Minus0_25" />
    </UnitTest>
    <UnitTest name="MaxRegionsAllowed_ShouldBeIntMaxValue_WhenProvidedMaxIsNegative" storage="d:\actions-runner\_work\xpco\xpco\sc\components\remoteviewer\smartclient\tst\zsmartclient_unittest\bin\x64\debug\net472\zsmartclient_unittest.dll" id="ee325437-e5fe-a792-f60f-ba53523f3b7b">
      <TestCategory>
        <TestCategoryItem TestCategory="Search.Filters.ViewModels" />
      </TestCategory>
      <Execution id="a3bcc286-9b95-4b5d-ab50-87628460037b" />
      <TestMethod codeBase="D:\actions-runner\_work\XPCO\XPCO\SC\Components\RemoteViewer\SmartClient\tst\zSmartClient_UnitTest\bin\x64\Debug\net472\zSmartClient_UnitTest.dll" adapterTypeName="executor://mstestadapter/v2" className="SmartClient_UnitTest.VideoOS.RemoteClient.Plugin.CentralizedSearch.MIPPlugin.Criteria.ViewModels.RegionSelectionCameraListItemHelperTests" name="MaxRegionsAllowed_ShouldBeIntMaxValue_WhenProvidedMaxIsNegative" />
    </UnitTest>
    <UnitTest name="SearchCriteriaChanged_ActiveSearchResults_SearchRestartedAndResultsCleared" storage="d:\actions-runner\_work\xpco\xpco\sc\components\remoteviewer\smartclient\tst\zsmartclient_unittest\bin\x64\debug\net472\zsmartclient_unittest.dll" id="2618920c-aa56-2790-77ca-5dcd9d1e0fd1">
      <TestCategory>
        <TestCategoryItem TestCategory="SearchModels" />
      </TestCategory>
      <Execution id="b7015251-b095-4e02-8426-5cfbc3e00373" />
      <TestMethod codeBase="D:\actions-runner\_work\XPCO\XPCO\SC\Components\RemoteViewer\SmartClient\tst\zSmartClient_UnitTest\bin\x64\Debug\net472\zSmartClient_UnitTest.dll" adapterTypeName="executor://mstestadapter/v2" className="SmartClient_UnitTest.VideoOS.RemoteClient.Plugin.CentralizedSearch.Models.SearchModelTests" name="SearchCriteriaChanged_ActiveSearchResults_SearchRestartedAndResultsCleared" />
    </UnitTest>
    <UnitTest name="ActionBarPluginsEnabled_TwoPluginsOneThirdPartyAndOneNot_ThirdPartyPrioritizedLowerThanNonThirdParty" storage="d:\actions-runner\_work\xpco\xpco\sc\components\remoteviewer\smartclient\tst\zsmartclient_unittest\bin\x64\debug\net472\zsmartclient_unittest.dll" id="b2f0581d-5dcb-6a8a-df35-b5108915cfe4">
      <TestCategory>
        <TestCategoryItem TestCategory="SearchViews" />
      </TestCategory>
      <Execution id="2774c92e-5f0b-4bda-ab12-e98020fa7855" />
      <TestMethod codeBase="D:\actions-runner\_work\XPCO\XPCO\SC\Components\RemoteViewer\SmartClient\tst\zSmartClient_UnitTest\bin\x64\Debug\net472\zSmartClient_UnitTest.dll" adapterTypeName="executor://mstestadapter/v2" className="SmartClient_UnitTest.VideoOS.RemoteClient.Plugin.CentralizedSearch.Views.SearchResultActionBarViewTests" name="ActionBarPluginsEnabled_TwoPluginsOneThirdPartyAndOneNot_ThirdPartyPrioritizedLowerThanNonThirdParty" />
    </UnitTest>
    <UnitTest name="SearchResultDetailsView_MouseDoubleClick_AnimationDisabled_DetailsViewRemovedFromDetailsViewControl" storage="d:\actions-runner\_work\xpco\xpco\sc\components\remoteviewer\smartclient\tst\zsmartclient_unittest\bin\x64\debug\net472\zsmartclient_unittest.dll" id="b39b8640-a4cc-96cc-891a-64310b2030c3">
      <TestCategory>
        <TestCategoryItem TestCategory="SearchViews" />
      </TestCategory>
      <Execution id="ad226356-551f-4923-92bd-eed4cbc35700" />
      <TestMethod codeBase="D:\actions-runner\_work\XPCO\XPCO\SC\Components\RemoteViewer\SmartClient\tst\zSmartClient_UnitTest\bin\x64\Debug\net472\zSmartClient_UnitTest.dll" adapterTypeName="executor://mstestadapter/v2" className="SmartClient_UnitTest.VideoOS.RemoteClient.Plugin.CentralizedSearch.Views.SearchResultsViewTests" name="SearchResultDetailsView_MouseDoubleClick_AnimationDisabled_DetailsViewRemovedFromDetailsViewControl" />
    </UnitTest>
    <UnitTest name="Search_SingleCategory_SearchCallDelegatedToSearchManager" storage="d:\actions-runner\_work\xpco\xpco\sc\components\remoteviewer\smartclient\tst\zsmartclient_unittest\bin\x64\debug\net472\zsmartclient_unittest.dll" id="20cd3c5b-85a9-064a-ae50-0db9b4c55966">
      <TestCategory>
        <TestCategoryItem TestCategory="Search" />
      </TestCategory>
      <Execution id="7ec42a45-0244-4ee0-8954-c78cf4bdd85f" />
      <TestMethod codeBase="D:\actions-runner\_work\XPCO\XPCO\SC\Components\RemoteViewer\SmartClient\tst\zSmartClient_UnitTest\bin\x64\Debug\net472\zSmartClient_UnitTest.dll" adapterTypeName="executor://mstestadapter/v2" className="SmartClient_UnitTest.VideoOS.RemoteClient.Plugin.CentralizedSearch.MIPPlugin.CompositeSearchDefinitionTests" name="Search_SingleCategory_SearchCallDelegatedToSearchManager" />
    </UnitTest>
    <UnitTest name="GetCredential_ShouldReturnContainedBasicCredentials_WhenUriAndAuthTypeAreNotNull" storage="d:\actions-runner\_work\xpco\xpco\sc\components\remoteviewer\smartclient\tst\zsmartclient_unittest\bin\x64\debug\net472\zsmartclient_unittest.dll" id="63e96068-9f53-27fa-ddcd-94b9c2880dd5">
      <TestCategory>
        <TestCategoryItem TestCategory="Authentication.ClientCredentials" />
      </TestCategory>
      <Execution id="5f9cbb2f-9a47-4f70-a65d-335bc9c2728b" />
      <TestMethod codeBase="D:\actions-runner\_work\XPCO\XPCO\SC\Components\RemoteViewer\SmartClient\tst\zSmartClient_UnitTest\bin\x64\Debug\net472\zSmartClient_UnitTest.dll" adapterTypeName="executor://mstestadapter/v2" className="SmartClient_UnitTest.VideoOS.Shared.ServerAPI.ClientCredentialsTest" name="GetCredential_ShouldReturnContainedBasicCredentials_WhenUriAndAuthTypeAreNotNull" />
    </UnitTest>
    <UnitTest name="Empty password" storage="d:\actions-runner\_work\xpco\xpco\sc\components\remoteviewer\smartclient\tst\zsmartclient_unittest\bin\x64\debug\net472\zsmartclient_unittest.dll" id="b970da34-c722-c5ca-a09c-f43a81894d73">
      <TestCategory>
        <TestCategoryItem TestCategory="Export" />
      </TestCategory>
      <Execution id="42d6d73a-a6a0-4ab4-8446-6cc918117c7c" />
      <TestMethod codeBase="D:\actions-runner\_work\XPCO\XPCO\SC\Components\RemoteViewer\SmartClient\tst\zSmartClient_UnitTest\bin\x64\Debug\net472\zSmartClient_UnitTest.dll" adapterTypeName="executor://mstestadapter/v2" className="SmartClient_UnitTest.VideoOS.RemoteClient.Plugin.Export.PasswordDialogViewModelTests" name="SettingPassword1_ShouldSetIsPassword1Valid" />
    </UnitTest>
    <UnitTest name="BuildState_SelectionWithSearchDefinitionIndices_Success" storage="d:\actions-runner\_work\xpco\xpco\sc\components\remoteviewer\smartclient\tst\zsmartclient_unittest\bin\x64\debug\net472\zsmartclient_unittest.dll" id="086df0e0-5aad-7a70-c738-24f763045ce7">
      <TestCategory>
        <TestCategoryItem TestCategory="Search" />
      </TestCategory>
      <Execution id="b5dee349-3dd8-4187-ae64-86291b533114" />
      <TestMethod codeBase="D:\actions-runner\_work\XPCO\XPCO\SC\Components\RemoteViewer\SmartClient\tst\zSmartClient_UnitTest\bin\x64\Debug\net472\zSmartClient_UnitTest.dll" adapterTypeName="executor://mstestadapter/v2" className="SmartClient_UnitTest.VideoOS.RemoteClient.Plugin.CentralizedSearch.CentralizedSearchContentHolderTests" name="BuildState_SelectionWithSearchDefinitionIndices_Success" />
    </UnitTest>
    <UnitTest name="CreateCameraListItem_ShouldAddRegionSelectionToFilterValue_WhenNotAlreadyPresent" storage="d:\actions-runner\_work\xpco\xpco\sc\components\remoteviewer\smartclient\tst\zsmartclient_unittest\bin\x64\debug\net472\zsmartclient_unittest.dll" id="a7073313-f063-a674-8d00-3ff21318e1ce">
      <TestCategory>
        <TestCategoryItem TestCategory="Search.Filters.ViewModels" />
      </TestCategory>
      <Execution id="73dd180e-9c03-4c0c-953c-e656b506e6e1" />
      <TestMethod codeBase="D:\actions-runner\_work\XPCO\XPCO\SC\Components\RemoteViewer\SmartClient\tst\zSmartClient_UnitTest\bin\x64\Debug\net472\zSmartClient_UnitTest.dll" adapterTypeName="executor://mstestadapter/v2" className="SmartClient_UnitTest.VideoOS.RemoteClient.Plugin.CentralizedSearch.MIPPlugin.Criteria.ViewModels.SmartSearchCameraListItemHelperTests" name="CreateCameraListItem_ShouldAddRegionSelectionToFilterValue_WhenNotAlreadyPresent" />
    </UnitTest>
    <UnitTest name="ValueWithFallbackConverterTests_Convert_FirstValueNotNull_SecondValueNotNull_Success" storage="d:\actions-runner\_work\xpco\xpco\sc\components\remoteviewer\smartclient\tst\zsmartclient_unittest\bin\x64\debug\net472\zsmartclient_unittest.dll" id="e56a4d58-0ff2-e6be-cab4-b17c9aa01d74">
      <TestCategory>
        <TestCategoryItem TestCategory="SearchConverter" />
      </TestCategory>
      <Execution id="50ad9dae-a9a3-48a1-b5fd-25aa37f7a53a" />
      <TestMethod codeBase="D:\actions-runner\_work\XPCO\XPCO\SC\Components\RemoteViewer\SmartClient\tst\zSmartClient_UnitTest\bin\x64\Debug\net472\zSmartClient_UnitTest.dll" adapterTypeName="executor://mstestadapter/v2" className="SmartClient_UnitTest.VideoOS.RemoteClient.Plugin.CentralizedSearch.Views.Converters.ValueWithFallbackConverterTests" name="ValueWithFallbackConverterTests_Convert_FirstValueNotNull_SecondValueNotNull_Success" />
    </UnitTest>
    <UnitTest name="AddSelectedWindowsToExport_ShouldShowCorrectToastMessages (1,1,0)" storage="d:\actions-runner\_work\xpco\xpco\sc\components\remoteviewer\smartclient\tst\zsmartclient_unittest\bin\x64\debug\net472\zsmartclient_unittest.dll" id="f1c89d57-5156-c3cb-5004-8f710550b577">
      <TestCategory>
        <TestCategoryItem TestCategory="Managers" />
      </TestCategory>
      <Execution id="8b49617b-0dd3-4a4a-ae3a-6622ed784289" />
      <TestMethod codeBase="D:\actions-runner\_work\XPCO\XPCO\SC\Components\RemoteViewer\SmartClient\tst\zSmartClient_UnitTest\bin\x64\Debug\net472\zSmartClient_UnitTest.dll" adapterTypeName="executor://mstestadapter/v2" className="SmartClient_UnitTest.VideoOS.RemoteClient.Application.Managers.ExportManagerTests" name="AddSelectedWindowsToExport_ShouldShowCorrectToastMessages" />
    </UnitTest>
    <UnitTest name="Included_ShouldRemoveViewItemFromIncludedViewItems_WhenSetToFalse" storage="d:\actions-runner\_work\xpco\xpco\sc\components\remoteviewer\smartclient\tst\zsmartclient_unittest\bin\x64\debug\net472\zsmartclient_unittest.dll" id="59d09cb9-f05a-ad0a-27b2-ae8fd67c3518">
      <TestCategory>
        <TestCategoryItem TestCategory="ContentHolder" />
      </TestCategory>
      <Execution id="deca11cf-0f93-4732-a5ca-42b1aae0fa63" />
      <TestMethod codeBase="D:\actions-runner\_work\XPCO\XPCO\SC\Components\RemoteViewer\SmartClient\tst\zSmartClient_UnitTest\bin\x64\Debug\net472\zSmartClient_UnitTest.dll" adapterTypeName="executor://mstestadapter/v2" className="SmartClient_UnitTest.VideoOS.RemoteClient.Application.Data.ContentTypes.ContentTypeBase.ContentHolderBaseTests" name="Included_ShouldRemoveViewItemFromIncludedViewItems_WhenSetToFalse" />
    </UnitTest>
    <UnitTest name="GetIndexExtent_ZoomMin_WholeWorldIsCovered" storage="d:\actions-runner\_work\xpco\xpco\sc\components\remoteviewer\smartclient\tst\zsmartclient_unittest\bin\x64\debug\net472\zsmartclient_unittest.dll" id="788a6834-d7c6-3652-9af3-0c73bb9d6301">
      <TestCategory>
        <TestCategoryItem TestCategory="GisMapIndex" />
      </TestCategory>
      <Execution id="6ecbd05a-a42c-4aae-9f2d-f953b3ed02c5" />
      <TestMethod codeBase="D:\actions-runner\_work\XPCO\XPCO\SC\Components\RemoteViewer\SmartClient\tst\zSmartClient_UnitTest\bin\x64\Debug\net472\zSmartClient_UnitTest.dll" adapterTypeName="executor://mstestadapter/v2" className="SmartClient_UnitTest.VideoOS.RemoteClient.GisMapData.Common.Indexer.IndexUtilTests" name="GetIndexExtent_ZoomMin_WholeWorldIsCovered" />
    </UnitTest>
    <UnitTest name="TestConstructor_Success" storage="d:\actions-runner\_work\xpco\xpco\sc\components\remoteviewer\smartclient\tst\zsmartclient_unittest\bin\x64\debug\net472\zsmartclient_unittest.dll" id="51eb78b3-47f8-22f8-16bb-8f1455db269f">
      <TestCategory>
        <TestCategoryItem TestCategory="GisMapBuilding" />
      </TestCategory>
      <Execution id="0445d6d4-476a-4edc-bf76-09f06b9e0154" />
      <TestMethod codeBase="D:\actions-runner\_work\XPCO\XPCO\SC\Components\RemoteViewer\SmartClient\tst\zSmartClient_UnitTest\bin\x64\Debug\net472\zSmartClient_UnitTest.dll" adapterTypeName="executor://mstestadapter/v2" className="SmartClient_UnitTest.VideoOS.RemoteClient.GisMapData.MapBuildings.MapLevelTests" name="TestConstructor_Success" />
    </UnitTest>
    <UnitTest name="Categories_ValidateCollection" storage="d:\actions-runner\_work\xpco\xpco\sc\components\remoteviewer\smartclient\tst\zsmartclient_unittest\bin\x64\debug\net472\zsmartclient_unittest.dll" id="8dd7c6d4-048f-e61d-123a-5b91a453390c">
      <TestCategory>
        <TestCategoryItem TestCategory="SearchModels" />
      </TestCategory>
      <Execution id="ad00b166-20b0-43c4-ab6a-a40eb23842c0" />
      <TestMethod codeBase="D:\actions-runner\_work\XPCO\XPCO\SC\Components\RemoteViewer\SmartClient\tst\zSmartClient_UnitTest\bin\x64\Debug\net472\zSmartClient_UnitTest.dll" adapterTypeName="executor://mstestadapter/v2" className="SmartClient_UnitTest.VideoOS.RemoteClient.Plugin.CentralizedSearch.Models.SearchModelTests" name="Categories_ValidateCollection" />
    </UnitTest>
    <UnitTest name="PtzSessionControllerInfoConstructorTest_From_PtzSessionInfo_Other_User" storage="d:\actions-runner\_work\xpco\xpco\sc\components\remoteviewer\smartclient\tst\zsmartclient_unittest\bin\x64\debug\net472\zsmartclient_unittest.dll" id="026dfb6f-c080-58ce-2d5a-796a4588997d">
      <Execution id="ba6788e3-303e-4424-be96-ff93fe38dec0" />
      <TestMethod codeBase="D:\actions-runner\_work\XPCO\XPCO\SC\Components\RemoteViewer\SmartClient\tst\zSmartClient_UnitTest\bin\x64\Debug\net472\zSmartClient_UnitTest.dll" adapterTypeName="executor://mstestadapter/v2" className="VideoOS.RemoteClient.Application.Controllers.UnitTest.PtzSessionControllerTest" name="PtzSessionControllerInfoConstructorTest_From_PtzSessionInfo_Other_User" />
    </UnitTest>
    <UnitTest name="SmartMapGoToPositionHandler_WhenViewIndexDoesNotMatch_ShouldDoNothing" storage="d:\actions-runner\_work\xpco\xpco\sc\components\remoteviewer\smartclient\tst\zsmartclient_unittest\bin\x64\debug\net472\zsmartclient_unittest.dll" id="ebe31b64-a15f-5d1c-5a6d-837a5656ceb3">
      <Execution id="39f38a21-5df8-4c89-94de-64e3f77376fd" />
      <TestMethod codeBase="D:\actions-runner\_work\XPCO\XPCO\SC\Components\RemoteViewer\SmartClient\tst\zSmartClient_UnitTest\bin\x64\Debug\net472\zSmartClient_UnitTest.dll" adapterTypeName="executor://mstestadapter/v2" className="SmartClient_UnitTest.VideoOS.RemoteClient.Plugin.GisMap.MIP.ContentHolderMipMessageManagerTests" name="SmartMapGoToPositionHandler_WhenViewIndexDoesNotMatch_ShouldDoNothing" />
    </UnitTest>
    <UnitTest name="Detach_ShouldRaiseArgumentNullException_WhenWindowIsNull" storage="d:\actions-runner\_work\xpco\xpco\sc\components\remoteviewer\smartclient\tst\zsmartclient_unittest\bin\x64\debug\net472\zsmartclient_unittest.dll" id="708fbd07-d518-bb6a-de51-1d178c785f47">
      <TestCategory>
        <TestCategoryItem TestCategory="GisMap.WindowsBases" />
      </TestCategory>
      <Execution id="54a86bdb-7767-40c8-aab6-9190e0cb7637" />
      <TestMethod codeBase="D:\actions-runner\_work\XPCO\XPCO\SC\Components\RemoteViewer\SmartClient\tst\zSmartClient_UnitTest\bin\x64\Debug\net472\zSmartClient_UnitTest.dll" adapterTypeName="executor://mstestadapter/v2" className="SmartClient_UnitTest.VideoOS.RemoteClient.Plugin.GisMap.Windows.Bases.DragWindowDecoratorTests" name="Detach_ShouldRaiseArgumentNullException_WhenWindowIsNull" />
    </UnitTest>
    <UnitTest name="GetOsmServerAddress_ShouldRaiseArgumentNullException_WhenOptionManagerIsNull" storage="d:\actions-runner\_work\xpco\xpco\sc\components\remoteviewer\smartclient\tst\zsmartclient_unittest\bin\x64\debug\net472\zsmartclient_unittest.dll" id="0ea16923-06ad-6887-3f6e-aa5fa78ff65a">
      <TestCategory>
        <TestCategoryItem TestCategory="GisMapData.Controllers.Osm" />
      </TestCategory>
      <Execution id="d9e057b0-b6ec-490c-be10-a4032f7ca1dc" />
      <TestMethod codeBase="D:\actions-runner\_work\XPCO\XPCO\SC\Components\RemoteViewer\SmartClient\tst\zSmartClient_UnitTest\bin\x64\Debug\net472\zSmartClient_UnitTest.dll" adapterTypeName="executor://mstestadapter/v2" className="SmartClient_UnitTest.VideoOS.RemoteClient.GisMapData.Controllers.Osm.GisMapOsmControllerTests" name="GetOsmServerAddress_ShouldRaiseArgumentNullException_WhenOptionManagerIsNull" />
    </UnitTest>
    <UnitTest name="GetBoundingShapesForMetadataObjectsAsync_ShouldIncludeMetadataObject_WhenRequestedTimeIsWithinMetadataTimespan" storage="d:\actions-runner\_work\xpco\xpco\sc\components\remoteviewer\smartclient\tst\zsmartclient_unittest\bin\x64\debug\net472\zsmartclient_unittest.dll" id="59a4f4a0-e2da-d6b5-1323-31e33b78b21f">
      <Execution id="d8ce3622-355b-499d-907b-2a944fd6820d" />
      <TestMethod codeBase="D:\actions-runner\_work\XPCO\XPCO\SC\Components\RemoteViewer\SmartClient\tst\zSmartClient_UnitTest\bin\x64\Debug\net472\zSmartClient_UnitTest.dll" adapterTypeName="executor://mstestadapter/v2" className="SmartClient_UnitTest.VideoOS.RemoteClient.Plugin.CentralizedSearch.Utils.MetadataUtilTests" name="GetBoundingShapesForMetadataObjectsAsync_ShouldIncludeMetadataObject_WhenRequestedTimeIsWithinMetadataTimespan" />
    </UnitTest>
    <UnitTest name="ToUnsafeName_NullName_Failure" storage="d:\actions-runner\_work\xpco\xpco\sc\components\remoteviewer\smartclient\tst\zsmartclient_unittest\bin\x64\debug\net472\zsmartclient_unittest.dll" id="49c08253-b1e4-f17b-bbba-a7e45be6cbd0">
      <Execution id="14c1c9e0-56b5-4e5d-920d-0a08a1163018" />
      <TestMethod codeBase="D:\actions-runner\_work\XPCO\XPCO\SC\Components\RemoteViewer\SmartClient\tst\zSmartClient_UnitTest\bin\x64\Debug\net472\zSmartClient_UnitTest.dll" adapterTypeName="executor://mstestadapter/v2" className="SmartClient_UnitTest.VideoOS.RemoteClient.Application.Common.Scripting.ReservedJavascriptKeywordsTests" name="ToUnsafeName_NullName_Failure" />
    </UnitTest>
    <UnitTest name="TestReloadView_Success" storage="d:\actions-runner\_work\xpco\xpco\sc\components\remoteviewer\smartclient\tst\zsmartclient_unittest\bin\x64\debug\net472\zsmartclient_unittest.dll" id="7ca8a434-7012-c34d-5866-6521f620a2e4">
      <TestCategory>
        <TestCategoryItem TestCategory="WorkroomController" />
      </TestCategory>
      <Execution id="b5b24de3-95be-4d49-b653-359e20cccfad" />
      <TestMethod codeBase="D:\actions-runner\_work\XPCO\XPCO\SC\Components\RemoteViewer\SmartClient\tst\zSmartClient_UnitTest\bin\x64\Debug\net472\zSmartClient_UnitTest.dll" adapterTypeName="executor://mstestadapter/v2" className="VideoOS.RemoteClient.Application.Controllers.WorkroomController.UnitTest.TabWorkroomControllerTest" name="TestReloadView_Success" />
    </UnitTest>
    <UnitTest name="AddToExportTuples_ShouldReturnCorrectResult (0,0,5)" storage="d:\actions-runner\_work\xpco\xpco\sc\components\remoteviewer\smartclient\tst\zsmartclient_unittest\bin\x64\debug\net472\zsmartclient_unittest.dll" id="79597831-b508-5354-99c1-919eea66b36a">
      <TestCategory>
        <TestCategoryItem TestCategory="Managers" />
      </TestCategory>
      <Execution id="2cbe8e7d-4564-4b96-aaeb-f8cdf9c989ce" />
      <TestMethod codeBase="D:\actions-runner\_work\XPCO\XPCO\SC\Components\RemoteViewer\SmartClient\tst\zSmartClient_UnitTest\bin\x64\Debug\net472\zSmartClient_UnitTest.dll" adapterTypeName="executor://mstestadapter/v2" className="SmartClient_UnitTest.VideoOS.RemoteClient.Application.Managers.ExportManagerTests" name="AddToExportTuples_ShouldReturnCorrectResult" />
    </UnitTest>
    <UnitTest name="GisMapModel_AddBuilding_Success" storage="d:\actions-runner\_work\xpco\xpco\sc\components\remoteviewer\smartclient\tst\zsmartclient_unittest\bin\x64\debug\net472\zsmartclient_unittest.dll" id="b9c24147-fbc0-a069-bdd6-759f76e4ceca">
      <TestCategory>
        <TestCategoryItem TestCategory="GisMapLayer" />
        <TestCategoryItem TestCategory="GisMapBuilding" />
      </TestCategory>
      <Execution id="be75073e-0ca5-4a01-9126-2f1273f96738" />
      <TestMethod codeBase="D:\actions-runner\_work\XPCO\XPCO\SC\Components\RemoteViewer\SmartClient\tst\zSmartClient_UnitTest\bin\x64\Debug\net472\zSmartClient_UnitTest.dll" adapterTypeName="executor://mstestadapter/v2" className="SmartClient_UnitTest.VideoOS.RemoteClient.GisMap.MapLayers.GisMapLayerTests" name="GisMapModel_AddBuilding_Success" />
    </UnitTest>
    <UnitTest name="AddCriteriaCommand_SearchAttributeCategoryNotNull" storage="d:\actions-runner\_work\xpco\xpco\sc\components\remoteviewer\smartclient\tst\zsmartclient_unittest\bin\x64\debug\net472\zsmartclient_unittest.dll" id="fc1071f1-9dc8-3652-9848-fa70b1167397">
      <TestCategory>
        <TestCategoryItem TestCategory="SearchViewModels" />
      </TestCategory>
      <Execution id="adce6a19-7767-4770-b93a-f5ce1cade062" />
      <TestMethod codeBase="D:\actions-runner\_work\XPCO\XPCO\SC\Components\RemoteViewer\SmartClient\tst\zSmartClient_UnitTest\bin\x64\Debug\net472\zSmartClient_UnitTest.dll" adapterTypeName="executor://mstestadapter/v2" className="SmartClient_UnitTest.VideoOS.RemoteClient.Plugin.CentralizedSearch.ViewModels.SearchViewModelTests" name="AddCriteriaCommand_SearchAttributeCategoryNotNull" />
    </UnitTest>
    <UnitTest name="MapLayerType_ShouldBeNull_WhenCalled" storage="d:\actions-runner\_work\xpco\xpco\sc\components\remoteviewer\smartclient\tst\zsmartclient_unittest\bin\x64\debug\net472\zsmartclient_unittest.dll" id="64de8207-d2f2-0b11-e8d3-5f4ca79e44ca">
      <Execution id="2224a7c3-359e-41f0-9f48-1adc4d173330" />
      <TestMethod codeBase="D:\actions-runner\_work\XPCO\XPCO\SC\Components\RemoteViewer\SmartClient\tst\zSmartClient_UnitTest\bin\x64\Debug\net472\zSmartClient_UnitTest.dll" adapterTypeName="executor://mstestadapter/v2" className="SmartClient_UnitTest.VideoOS.RemoteClient.GisMapData.Strategies.MapLayers.DefaultMapLayerDatagramClassFactoryStrategyTests" name="MapLayerType_ShouldBeNull_WhenCalled" />
    </UnitTest>
    <UnitTest name="Deserialize_InvalidValidate_ErrorCollectionNotEmpty" storage="d:\actions-runner\_work\xpco\xpco\sc\components\remoteviewer\smartclient\tst\zsmartclient_unittest\bin\x64\debug\net472\zsmartclient_unittest.dll" id="d516c9f8-a086-c688-a8dc-fd4cd17c2bf6">
      <TestCategory>
        <TestCategoryItem TestCategory="SearchModels" />
      </TestCategory>
      <Execution id="4a8fe35c-e9d4-4feb-a413-dbd8d84cff77" />
      <TestMethod codeBase="D:\actions-runner\_work\XPCO\XPCO\SC\Components\RemoteViewer\SmartClient\tst\zSmartClient_UnitTest\bin\x64\Debug\net472\zSmartClient_UnitTest.dll" adapterTypeName="executor://mstestadapter/v2" className="SmartClient_UnitTest.VideoOS.RemoteClient.Plugin.CentralizedSearch.Models.SearchModelTests" name="Deserialize_InvalidValidate_ErrorCollectionNotEmpty" />
    </UnitTest>
    <UnitTest name="Serialize_SearchDefinitionsOnly_Success" storage="d:\actions-runner\_work\xpco\xpco\sc\components\remoteviewer\smartclient\tst\zsmartclient_unittest\bin\x64\debug\net472\zsmartclient_unittest.dll" id="ed095898-1909-8564-6a3c-b8e3252b52c8">
      <TestCategory>
        <TestCategoryItem TestCategory="SearchSerialization" />
      </TestCategory>
      <Execution id="c2eaffb0-daba-4301-9991-7f1bc5d3afe5" />
      <TestMethod codeBase="D:\actions-runner\_work\XPCO\XPCO\SC\Components\RemoteViewer\SmartClient\tst\zSmartClient_UnitTest\bin\x64\Debug\net472\zSmartClient_UnitTest.dll" adapterTypeName="executor://mstestadapter/v2" className="SmartClient_UnitTest.VideoOS.RemoteClient.Plugin.CentralizedSearch.Models.Serialization.SearchSerializerTests" name="Serialize_SearchDefinitionsOnly_Success" />
    </UnitTest>
    <UnitTest name="ConvertToNewLevel_ThreeLevelsDown_Success" storage="d:\actions-runner\_work\xpco\xpco\sc\components\remoteviewer\smartclient\tst\zsmartclient_unittest\bin\x64\debug\net472\zsmartclient_unittest.dll" id="b77b4041-c2a1-a348-dd99-14c2acc50a9c">
      <TestCategory>
        <TestCategoryItem TestCategory="GisMapIndex" />
      </TestCategory>
      <Execution id="3db4ef42-ea6f-4e1e-badb-a45bf1be3f14" />
      <TestMethod codeBase="D:\actions-runner\_work\XPCO\XPCO\SC\Components\RemoteViewer\SmartClient\tst\zSmartClient_UnitTest\bin\x64\Debug\net472\zSmartClient_UnitTest.dll" adapterTypeName="executor://mstestadapter/v2" className="SmartClient_UnitTest.VideoOS.RemoteClient.GisMapData.Common.Indexer.IndexGridExtentTest" name="ConvertToNewLevel_ThreeLevelsDown_Success" />
    </UnitTest>
    <UnitTest name="ToMipSearchResultData_ShouldIncludeCommonProperties" storage="d:\actions-runner\_work\xpco\xpco\sc\components\remoteviewer\smartclient\tst\zsmartclient_unittest\bin\x64\debug\net472\zsmartclient_unittest.dll" id="85a2369e-6316-dbc2-97b3-7104e8e43977">
      <TestCategory>
        <TestCategoryItem TestCategory="Search.Wrappers" />
      </TestCategory>
      <Execution id="475b4fb9-6264-42d8-97cd-3cc2167ca4cc" />
      <TestMethod codeBase="D:\actions-runner\_work\XPCO\XPCO\SC\Components\RemoteViewer\SmartClient\tst\zSmartClient_UnitTest\bin\x64\Debug\net472\zSmartClient_UnitTest.dll" adapterTypeName="executor://mstestadapter/v2" className="SmartClient_UnitTest.VideoOS.RemoteClient.Plugin.CentralizedSearch.Models.Wrappers.CombinedSearchResultDataWrapperTests" name="ToMipSearchResultData_ShouldIncludeCommonProperties" />
    </UnitTest>
    <UnitTest name="AddItems_EmptyCollection_NoClusterChanges" storage="d:\actions-runner\_work\xpco\xpco\sc\components\remoteviewer\smartclient\tst\zsmartclient_unittest\bin\x64\debug\net472\zsmartclient_unittest.dll" id="4857c902-d3db-1acf-7754-f8c2fceb17a8">
      <TestCategory>
        <TestCategoryItem TestCategory="GisMapIndex" />
      </TestCategory>
      <Execution id="67a57386-55de-4e26-9814-9fd27ff37c14" />
      <TestMethod codeBase="D:\actions-runner\_work\XPCO\XPCO\SC\Components\RemoteViewer\SmartClient\tst\zSmartClient_UnitTest\bin\x64\Debug\net472\zSmartClient_UnitTest.dll" adapterTypeName="executor://mstestadapter/v2" className="SmartClient_UnitTest.VideoOS.RemoteClient.GisMapData.Common.Indexer.MapItemIndexerTests" name="AddItems_EmptyCollection_NoClusterChanges" />
    </UnitTest>
    <UnitTest name="GetIsOpenStreetMapValid_ShouldReturnTrue_WhenGeographicLayerIsAvailableAndAlternativeServerHasInvalidUrl" storage="d:\actions-runner\_work\xpco\xpco\sc\components\remoteviewer\smartclient\tst\zsmartclient_unittest\bin\x64\debug\net472\zsmartclient_unittest.dll" id="0d69c7de-0a79-1b02-2fcf-9739b7f2143b">
      <TestCategory>
        <TestCategoryItem TestCategory="GisMapData.Controllers.Osm" />
      </TestCategory>
      <Execution id="d6a6b2a4-5eab-41b4-93ef-b499c8131409" />
      <TestMethod codeBase="D:\actions-runner\_work\XPCO\XPCO\SC\Components\RemoteViewer\SmartClient\tst\zSmartClient_UnitTest\bin\x64\Debug\net472\zSmartClient_UnitTest.dll" adapterTypeName="executor://mstestadapter/v2" className="SmartClient_UnitTest.VideoOS.RemoteClient.GisMapData.Controllers.Osm.GisMapOsmControllerTests" name="GetIsOpenStreetMapValid_ShouldReturnTrue_WhenGeographicLayerIsAvailableAndAlternativeServerHasInvalidUrl" />
    </UnitTest>
    <UnitTest name="CreateSearchResultUserControl_UnmappedConfiguration_ReturnsUnknownSearchResultUserControl" storage="d:\actions-runner\_work\xpco\xpco\sc\components\remoteviewer\smartclient\tst\zsmartclient_unittest\bin\x64\debug\net472\zsmartclient_unittest.dll" id="8558e7ab-4f92-48f5-6cd7-72956b247ea9">
      <TestCategory>
        <TestCategoryItem TestCategory="Search" />
      </TestCategory>
      <Execution id="c255ba5d-acbc-40fa-a351-a963acd1aa96" />
      <TestMethod codeBase="D:\actions-runner\_work\XPCO\XPCO\SC\Components\RemoteViewer\SmartClient\tst\zSmartClient_UnitTest\bin\x64\Debug\net472\zSmartClient_UnitTest.dll" adapterTypeName="executor://mstestadapter/v2" className="SmartClient_UnitTest.VideoOS.RemoteClient.Plugin.CentralizedSearch.MIPPlugin.ScSearchUserControlPluginTest" name="CreateSearchResultUserControl_UnmappedConfiguration_ReturnsUnknownSearchResultUserControl" />
    </UnitTest>
    <UnitTest name="UpdateScope_NullItems_Throws" storage="d:\actions-runner\_work\xpco\xpco\sc\components\remoteviewer\smartclient\tst\zsmartclient_unittest\bin\x64\debug\net472\zsmartclient_unittest.dll" id="06412854-071a-034e-5a5f-ce51d467c3ae">
      <TestCategory>
        <TestCategoryItem TestCategory="SearchModels" />
      </TestCategory>
      <Execution id="91e1286e-5280-4813-b8a8-cc74685acd6d" />
      <TestMethod codeBase="D:\actions-runner\_work\XPCO\XPCO\SC\Components\RemoteViewer\SmartClient\tst\zSmartClient_UnitTest\bin\x64\Debug\net472\zSmartClient_UnitTest.dll" adapterTypeName="executor://mstestadapter/v2" className="SmartClient_UnitTest.VideoOS.RemoteClient.Plugin.CentralizedSearch.Models.SearchScopeTests" name="UpdateScope_NullItems_Throws" />
    </UnitTest>
    <UnitTest name="ResolveSearchDefinitions_ShouldReturnResultSearchDefinition_WhenCombinedSearchResultWithMultipleSubResultAndSearchDefinitionsNotContainingCorrectSearchDefinitionsAreGiven" storage="d:\actions-runner\_work\xpco\xpco\sc\components\remoteviewer\smartclient\tst\zsmartclient_unittest\bin\x64\debug\net472\zsmartclient_unittest.dll" id="a64a4521-eb75-1b0e-49ca-196652940e73">
      <TestCategory>
        <TestCategoryItem TestCategory="Search" />
      </TestCategory>
      <Execution id="213a2e10-2529-4980-bd6c-d43edf21d69c" />
      <TestMethod codeBase="D:\actions-runner\_work\XPCO\XPCO\SC\Components\RemoteViewer\SmartClient\tst\zSmartClient_UnitTest\bin\x64\Debug\net472\zSmartClient_UnitTest.dll" adapterTypeName="executor://mstestadapter/v2" className="SmartClient_UnitTest.VideoOS.RemoteClient.Plugin.CentralizedSearch.Utils.SearchResultDataWrapperExtensionsTests" name="ResolveSearchDefinitions_ShouldReturnResultSearchDefinition_WhenCombinedSearchResultWithMultipleSubResultAndSearchDefinitionsNotContainingCorrectSearchDefinitionsAreGiven" />
    </UnitTest>
    <UnitTest name="Id_ShouldBeDifferent_WhenSearchResultIdIsGuidEmpty" storage="d:\actions-runner\_work\xpco\xpco\sc\components\remoteviewer\smartclient\tst\zsmartclient_unittest\bin\x64\debug\net472\zsmartclient_unittest.dll" id="8252077b-13bd-fcd5-946c-4ceaed8bb503">
      <TestCategory>
        <TestCategoryItem TestCategory="Search.Wrappers" />
      </TestCategory>
      <Execution id="635d5610-e507-496e-805e-0ec99536f605" />
      <TestMethod codeBase="D:\actions-runner\_work\XPCO\XPCO\SC\Components\RemoteViewer\SmartClient\tst\zSmartClient_UnitTest\bin\x64\Debug\net472\zSmartClient_UnitTest.dll" adapterTypeName="executor://mstestadapter/v2" className="SmartClient_UnitTest.VideoOS.RemoteClient.Plugin.CentralizedSearch.Models.Wrappers.SearchResultDataWrapperTests" name="Id_ShouldBeDifferent_WhenSearchResultIdIsGuidEmpty" />
    </UnitTest>
    <UnitTest name="OnMarkerRightClicked_ShouldLetMapLayerControlMenuItems_WhenMultipleItemsFromSameLayerAreSelected" storage="d:\actions-runner\_work\xpco\xpco\sc\components\remoteviewer\smartclient\tst\zsmartclient_unittest\bin\x64\debug\net472\zsmartclient_unittest.dll" id="0ad4b394-46f3-87fb-eed4-e2c73091dff3">
      <TestCategory>
        <TestCategoryItem TestCategory="SmartMap.MapItemsOverlay" />
      </TestCategory>
      <Execution id="6ca29c18-9232-4700-8daf-4882d9d2b321" />
      <TestMethod codeBase="D:\actions-runner\_work\XPCO\XPCO\SC\Components\RemoteViewer\SmartClient\tst\zSmartClient_UnitTest\bin\x64\Debug\net472\zSmartClient_UnitTest.dll" adapterTypeName="executor://mstestadapter/v2" className="SmartClient_UnitTest.VideoOS.RemoteClient.Plugin.GisMap.ThinkGeoMap.SpecializedOverlays.Overlays.MapItemsOverlayTests" name="OnMarkerRightClicked_ShouldLetMapLayerControlMenuItems_WhenMultipleItemsFromSameLayerAreSelected" />
    </UnitTest>
    <UnitTest name="CreateExportDialog_CannotSelectExportToOptics_WithNoOpticalDrivesPresent" storage="d:\actions-runner\_work\xpco\xpco\sc\components\remoteviewer\smartclient\tst\zsmartclient_unittest\bin\x64\debug\net472\zsmartclient_unittest.dll" id="9e1c156c-7717-458a-15e2-7e227d19e93b">
      <TestCategory>
        <TestCategoryItem TestCategory="Export" />
      </TestCategory>
      <Execution id="aa88e917-d177-4ea2-b121-d22ec9bd7584" />
      <TestMethod codeBase="D:\actions-runner\_work\XPCO\XPCO\SC\Components\RemoteViewer\SmartClient\tst\zSmartClient_UnitTest\bin\x64\Debug\net472\zSmartClient_UnitTest.dll" adapterTypeName="executor://mstestadapter/v2" className="SmartClient_UnitTest.VideoOS.RemoteClient.Plugin.Export.CreateExportDialogViewModelTests" name="CreateExportDialog_CannotSelectExportToOptics_WithNoOpticalDrivesPresent" />
    </UnitTest>
    <UnitTest name="TryAddInterval_ShouldReturnCorrectValue (True,False,AlreadyAdded)" storage="d:\actions-runner\_work\xpco\xpco\sc\components\remoteviewer\smartclient\tst\zsmartclient_unittest\bin\x64\debug\net472\zsmartclient_unittest.dll" id="b7e1027f-ab12-3a23-380e-a1ca4e90c2bf">
      <TestCategory>
        <TestCategoryItem TestCategory="Managers" />
      </TestCategory>
      <Execution id="da9c34fb-6b79-4f3d-bd7d-90de6d0e3d02" />
      <TestMethod codeBase="D:\actions-runner\_work\XPCO\XPCO\SC\Components\RemoteViewer\SmartClient\tst\zSmartClient_UnitTest\bin\x64\Debug\net472\zSmartClient_UnitTest.dll" adapterTypeName="executor://mstestadapter/v2" className="SmartClient_UnitTest.VideoOS.RemoteClient.Application.Managers.ExportManagerTests" name="TryAddInterval_ShouldReturnCorrectValue" />
    </UnitTest>
    <UnitTest name="HandleSetLayerFeatures_ShouldUpdateOutputLayerFeatures_WhenOutputKindAndOutputLayerFeatures" storage="d:\actions-runner\_work\xpco\xpco\sc\components\remoteviewer\smartclient\tst\zsmartclient_unittest\bin\x64\debug\net472\zsmartclient_unittest.dll" id="013b26f2-09bd-8917-4b17-0706864d4c14">
      <TestCategory>
        <TestCategoryItem TestCategory="GisMapData.Handlers.LayerFeatures" />
      </TestCategory>
      <Execution id="0eb512d6-1e3c-455c-ae5e-49980f1a745f" />
      <TestMethod codeBase="D:\actions-runner\_work\XPCO\XPCO\SC\Components\RemoteViewer\SmartClient\tst\zSmartClient_UnitTest\bin\x64\Debug\net472\zSmartClient_UnitTest.dll" adapterTypeName="executor://mstestadapter/v2" className="SmartClient_UnitTest.VideoOS.RemoteClient.GisMapData.Handlers.LayerFeatures.OutputLayerFeaturesHandlerTests" name="HandleSetLayerFeatures_ShouldUpdateOutputLayerFeatures_WhenOutputKindAndOutputLayerFeatures" />
    </UnitTest>
    <UnitTest name="ComparerSet_SameValue_NoEventFired" storage="d:\actions-runner\_work\xpco\xpco\sc\components\remoteviewer\smartclient\tst\zsmartclient_unittest\bin\x64\debug\net472\zsmartclient_unittest.dll" id="af2fff69-ede4-2bff-61e9-6a132589f2de">
      <TestCategory>
        <TestCategoryItem TestCategory="SearchResultsPreprocessor" />
      </TestCategory>
      <Execution id="96cc968e-1537-4330-b0de-83c3587de5ff" />
      <TestMethod codeBase="D:\actions-runner\_work\XPCO\XPCO\SC\Components\RemoteViewer\SmartClient\tst\zSmartClient_UnitTest\bin\x64\Debug\net472\zSmartClient_UnitTest.dll" adapterTypeName="executor://mstestadapter/v2" className="SmartClient_UnitTest.VideoOS.RemoteClient.Plugin.CentralizedSearch.Models.SearchResultsPreprocessorTests" name="ComparerSet_SameValue_NoEventFired" />
    </UnitTest>
    <UnitTest name="TestConstructor_NormalParameters_Success" storage="d:\actions-runner\_work\xpco\xpco\sc\components\remoteviewer\smartclient\tst\zsmartclient_unittest\bin\x64\debug\net472\zsmartclient_unittest.dll" id="a62f73f0-335e-a678-1617-1f76a60aab0f">
      <TestCategory>
        <TestCategoryItem TestCategory="WorkroomController" />
      </TestCategory>
      <Execution id="411a7cff-19ec-4e93-9b00-6ab59c200a06" />
      <TestMethod codeBase="D:\actions-runner\_work\XPCO\XPCO\SC\Components\RemoteViewer\SmartClient\tst\zSmartClient_UnitTest\bin\x64\Debug\net472\zSmartClient_UnitTest.dll" adapterTypeName="executor://mstestadapter/v2" className="VideoOS.RemoteClient.Application.Controllers.WorkroomController.UnitTest.TabWorkroomControllerTest" name="TestConstructor_NormalParameters_Success" />
    </UnitTest>
    <UnitTest name="Compare_Ascending_Success" storage="d:\actions-runner\_work\xpco\xpco\sc\components\remoteviewer\smartclient\tst\zsmartclient_unittest\bin\x64\debug\net472\zsmartclient_unittest.dll" id="75ab4f71-3b38-2c11-9aa3-99e6e265b21d">
      <TestCategory>
        <TestCategoryItem TestCategory="SearchComparers" />
      </TestCategory>
      <Execution id="b29d7a2b-d3b1-4a5a-ae1e-34829d1afc2c" />
      <TestMethod codeBase="D:\actions-runner\_work\XPCO\XPCO\SC\Components\RemoteViewer\SmartClient\tst\zSmartClient_UnitTest\bin\x64\Debug\net472\zSmartClient_UnitTest.dll" adapterTypeName="executor://mstestadapter/v2" className="SmartClient_UnitTest.VideoOS.RemoteClient.Plugin.CentralizedSearch.Models.Wrappers.Comparers.BeginTimeWithPaddingComparerTests" name="Compare_Ascending_Success" />
    </UnitTest>
    <UnitTest name="Clear_EventFired" storage="d:\actions-runner\_work\xpco\xpco\sc\components\remoteviewer\smartclient\tst\zsmartclient_unittest\bin\x64\debug\net472\zsmartclient_unittest.dll" id="5038381c-1ef8-8dbb-06ed-8a9f21662b0a">
      <TestCategory>
        <TestCategoryItem TestCategory="SearchResultsPreprocessor" />
      </TestCategory>
      <Execution id="e177f4c1-ed69-47fe-8a86-a32a37e3491f" />
      <TestMethod codeBase="D:\actions-runner\_work\XPCO\XPCO\SC\Components\RemoteViewer\SmartClient\tst\zSmartClient_UnitTest\bin\x64\Debug\net472\zSmartClient_UnitTest.dll" adapterTypeName="executor://mstestadapter/v2" className="SmartClient_UnitTest.VideoOS.RemoteClient.Plugin.CentralizedSearch.Models.SearchResultsPreprocessorTests" name="Clear_EventFired" />
    </UnitTest>
    <UnitTest name="Constructor_ShouldRaiseArgumentNullException_WhenGisMapModelIsNull" storage="d:\actions-runner\_work\xpco\xpco\sc\components\remoteviewer\smartclient\tst\zsmartclient_unittest\bin\x64\debug\net472\zsmartclient_unittest.dll" id="cedacd39-cebe-080f-c95c-117129a33131">
      <TestCategory>
        <TestCategoryItem TestCategory="GisMap.Handlers.Devices.MapItems" />
      </TestCategory>
      <Execution id="f9a18484-f660-4e9d-beb6-1ecbfd661fd3" />
      <TestMethod codeBase="D:\actions-runner\_work\XPCO\XPCO\SC\Components\RemoteViewer\SmartClient\tst\zSmartClient_UnitTest\bin\x64\Debug\net472\zSmartClient_UnitTest.dll" adapterTypeName="executor://mstestadapter/v2" className="SmartClient_UnitTest.VideoOS.RemoteClient.Plugin.GisMap.Handlers.Devices.MapItems.InputDataHandlerTests" name="Constructor_ShouldRaiseArgumentNullException_WhenGisMapModelIsNull" />
    </UnitTest>
    <UnitTest name="TimeToStringConverter_Convert_NullParameter_ReturnUnsetValue" storage="d:\actions-runner\_work\xpco\xpco\sc\components\remoteviewer\smartclient\tst\zsmartclient_unittest\bin\x64\debug\net472\zsmartclient_unittest.dll" id="4007ec22-794b-cf4d-bda6-76bc701e6452">
      <TestCategory>
        <TestCategoryItem TestCategory="SearchConverter" />
      </TestCategory>
      <Execution id="cff9b3ae-c530-45bb-92a1-aa1189e6f4cf" />
      <TestMethod codeBase="D:\actions-runner\_work\XPCO\XPCO\SC\Components\RemoteViewer\SmartClient\tst\zSmartClient_UnitTest\bin\x64\Debug\net472\zSmartClient_UnitTest.dll" adapterTypeName="executor://mstestadapter/v2" className="SmartClient_UnitTest.VideoOS.RemoteClient.Plugin.CentralizedSearch.Views.Converters.TimeToStringConverterTests" name="TimeToStringConverter_Convert_NullParameter_ReturnUnsetValue" />
    </UnitTest>
    <UnitTest name="IsCurrentScaleEqualTo_ShouldReturnTrue_WhenValuesAreEqualWithinGivenPrecision" storage="d:\actions-runner\_work\xpco\xpco\sc\components\remoteviewer\smartclient\tst\zsmartclient_unittest\bin\x64\debug\net472\zsmartclient_unittest.dll" id="7863e25b-2679-2198-6c24-80dcdc161cf9">
      <TestCategory>
        <TestCategoryItem TestCategory="MapExtentManager" />
      </TestCategory>
      <Execution id="8516c228-4a68-4295-8a4a-45f1401d3c82" />
      <TestMethod codeBase="D:\actions-runner\_work\XPCO\XPCO\SC\Components\RemoteViewer\SmartClient\tst\zSmartClient_UnitTest\bin\x64\Debug\net472\zSmartClient_UnitTest.dll" adapterTypeName="executor://mstestadapter/v2" className="SmartClient_UnitTest.VideoOS.RemoteClient.Plugin.GisMap.ThinkGeoMap.Settings.ThinkGeoMapExtentManagerTests" name="IsCurrentScaleEqualTo_ShouldReturnTrue_WhenValuesAreEqualWithinGivenPrecision" />
    </UnitTest>
    <UnitTest name="OutputMapItem_ForceActivateAsync_InBuilding_MapLevelsNotLoaded_Success" storage="d:\actions-runner\_work\xpco\xpco\sc\components\remoteviewer\smartclient\tst\zsmartclient_unittest\bin\x64\debug\net472\zsmartclient_unittest.dll" id="1326eca0-5707-a15c-4eaf-c5b6ab9d34ec">
      <TestCategory>
        <TestCategoryItem TestCategory="GisMapData.MapItem.Outputs" />
      </TestCategory>
      <Execution id="0fb108a2-c125-4f05-bd3a-cc92ba77d69d" />
      <TestMethod codeBase="D:\actions-runner\_work\XPCO\XPCO\SC\Components\RemoteViewer\SmartClient\tst\zSmartClient_UnitTest\bin\x64\Debug\net472\zSmartClient_UnitTest.dll" adapterTypeName="executor://mstestadapter/v2" className="SmartClient_UnitTest.VideoOS.RemoteClient.GisMapData.MapItem.Outputs.OutputMapItemTests" name="OutputMapItem_ForceActivateAsync_InBuilding_MapLevelsNotLoaded_Success" />
    </UnitTest>
    <UnitTest name="PatrollingStepListViewModel_CanExecuteMoveUp" storage="d:\actions-runner\_work\xpco\xpco\sc\components\remoteviewer\smartclient\tst\zsmartclient_unittest\bin\x64\debug\net472\zsmartclient_unittest.dll" id="e7c0b876-bbe6-d4df-1806-4ff85a920c2f">
      <Execution id="9bc18fb1-e35d-4996-b3fd-128cfca9a605" />
      <TestMethod codeBase="D:\actions-runner\_work\XPCO\XPCO\SC\Components\RemoteViewer\SmartClient\tst\zSmartClient_UnitTest\bin\x64\Debug\net472\zSmartClient_UnitTest.dll" adapterTypeName="executor://mstestadapter/v2" className="SmartClient_UnitTest.VideoOS.RemoteClient.Application.UI.PtzPreset.PatrollingViewModel.PatrollingStepListViewModelTest" name="PatrollingStepListViewModel_CanExecuteMoveUp" />
    </UnitTest>
    <UnitTest name="BoundingShapesCanvasVisibility_UpdateCorrectly" storage="d:\actions-runner\_work\xpco\xpco\sc\components\remoteviewer\smartclient\tst\zsmartclient_unittest\bin\x64\debug\net472\zsmartclient_unittest.dll" id="d84aea0e-76b6-55d2-4b7e-5e6eebfaed0e">
      <Execution id="fa1fd6da-c093-4dd3-b1bb-971429bf37d5" />
      <TestMethod codeBase="D:\actions-runner\_work\XPCO\XPCO\SC\Components\RemoteViewer\SmartClient\tst\zSmartClient_UnitTest\bin\x64\Debug\net472\zSmartClient_UnitTest.dll" adapterTypeName="executor://mstestadapter/v2" className="SmartClient_UnitTest.VideoOS.RemoteClient.Plugin.CentralizedSearch.MIPPlugin.Results.VideoSearchResultUserControlTests" name="BoundingShapesCanvasVisibility_UpdateCorrectly" />
    </UnitTest>
    <UnitTest name="FetchDeviceConfiguration_ShouldNotLoadFromServer_WhenCacheFileIsPresentAndFetchTypeIsOnlyCache" storage="d:\actions-runner\_work\xpco\xpco\sc\components\remoteviewer\smartclient\tst\zsmartclient_unittest\bin\x64\debug\net472\zsmartclient_unittest.dll" id="e9caefce-c71e-206f-c8b4-a603b26c14bb">
      <Execution id="6d6d8c28-fec0-4b9f-a404-a84cc52df963" />
      <TestMethod codeBase="D:\actions-runner\_work\XPCO\XPCO\SC\Components\RemoteViewer\SmartClient\tst\zSmartClient_UnitTest\bin\x64\Debug\net472\zSmartClient_UnitTest.dll" adapterTypeName="executor://mstestadapter/v2" className="SmartClient_UnitTest.VideoOS.RemoteClient.Application.Controllers.Helpers.DeviceConfigurationFetcherTests" name="FetchDeviceConfiguration_ShouldNotLoadFromServer_WhenCacheFileIsPresentAndFetchTypeIsOnlyCache" />
    </UnitTest>
    <UnitTest name="ToolbarItems_VisibleEnabledStates_WhenInLiveOrPlayback" storage="d:\actions-runner\_work\xpco\xpco\sc\components\remoteviewer\smartclient\tst\zsmartclient_unittest\bin\x64\debug\net472\zsmartclient_unittest.dll" id="80e1e452-82cf-b088-db40-d28f7d32c62d">
      <TestCategory>
        <TestCategoryItem TestCategory="WorkspaceToolbar" />
      </TestCategory>
      <Execution id="15a699da-dfac-4ed1-a772-ce6ece0326f6" />
      <TestMethod codeBase="D:\actions-runner\_work\XPCO\XPCO\SC\Components\RemoteViewer\SmartClient\tst\zSmartClient_UnitTest\bin\x64\Debug\net472\zSmartClient_UnitTest.dll" adapterTypeName="executor://mstestadapter/v2" className="SmartClient_UnitTest.VideoOS.RemoteClient.Application.UI.Content.WorkspaceToolbar.WorkspaceToolbarViewModelTests" name="ToolbarItems_VisibleEnabledStates_WhenInLiveOrPlayback" />
    </UnitTest>
    <UnitTest name="AddResults_IncludePartialResults_OnePartialResult_Success" storage="d:\actions-runner\_work\xpco\xpco\sc\components\remoteviewer\smartclient\tst\zsmartclient_unittest\bin\x64\debug\net472\zsmartclient_unittest.dll" id="8c07f686-6c37-5afb-9e2e-861969346f9f">
      <TestCategory>
        <TestCategoryItem TestCategory="SearchResultsPreprocessor.PartialResults" />
      </TestCategory>
      <Execution id="29ccebe9-5be6-4b65-ae87-3f2d07cafaf1" />
      <TestMethod codeBase="D:\actions-runner\_work\XPCO\XPCO\SC\Components\RemoteViewer\SmartClient\tst\zSmartClient_UnitTest\bin\x64\Debug\net472\zSmartClient_UnitTest.dll" adapterTypeName="executor://mstestadapter/v2" className="SmartClient_UnitTest.VideoOS.RemoteClient.Plugin.CentralizedSearch.Models.SearchResultsPreprocessorTests" name="AddResults_IncludePartialResults_OnePartialResult_Success" />
    </UnitTest>
    <UnitTest name="Ctor_NullScreen_ThrowsException" storage="d:\actions-runner\_work\xpco\xpco\sc\components\remoteviewer\smartclient\tst\zsmartclient_unittest\bin\x64\debug\net472\zsmartclient_unittest.dll" id="30772405-8178-0ea1-63c6-a4f72d01f565">
      <TestCategory>
        <TestCategoryItem TestCategory="ViewPanel" />
      </TestCategory>
      <Execution id="d1136ba6-2049-4c9b-98a4-c9a5d8e9bb1f" />
      <TestMethod codeBase="D:\actions-runner\_work\XPCO\XPCO\SC\Components\RemoteViewer\SmartClient\tst\zSmartClient_UnitTest\bin\x64\Debug\net472\zSmartClient_UnitTest.dll" adapterTypeName="executor://mstestadapter/v2" className="SmartClient_UnitTest.VideoOS.RemoteClient.Application.UI.Panel.Controls.SendToScreenMarkerTests" name="Ctor_NullScreen_ThrowsException" />
    </UnitTest>
    <UnitTest name="MoveToTop_ShouldMoveMarkerTopmost_WhenClusterMarkerMovedToTopBeforehand" storage="d:\actions-runner\_work\xpco\xpco\sc\components\remoteviewer\smartclient\tst\zsmartclient_unittest\bin\x64\debug\net472\zsmartclient_unittest.dll" id="aaab9dde-be84-0ade-c90f-e582e149ad8f">
      <TestCategory>
        <TestCategoryItem TestCategory="SmartMap.MapItemsOverlay" />
      </TestCategory>
      <Execution id="b381c17d-59d2-43da-bb57-7d233c9c3357" />
      <TestMethod codeBase="D:\actions-runner\_work\XPCO\XPCO\SC\Components\RemoteViewer\SmartClient\tst\zSmartClient_UnitTest\bin\x64\Debug\net472\zSmartClient_UnitTest.dll" adapterTypeName="executor://mstestadapter/v2" className="SmartClient_UnitTest.VideoOS.RemoteClient.Plugin.GisMap.ThinkGeoMap.SpecializedOverlays.Overlays.MapItemsOverlayTests" name="MoveToTop_ShouldMoveMarkerTopmost_WhenClusterMarkerMovedToTopBeforehand" />
    </UnitTest>
    <UnitTest name="PointMapItem_MicrophoneWithNoShortName_Success" storage="d:\actions-runner\_work\xpco\xpco\sc\components\remoteviewer\smartclient\tst\zsmartclient_unittest\bin\x64\debug\net472\zsmartclient_unittest.dll" id="8d2c3378-22f0-b4e2-6833-c26077a86417">
      <TestCategory>
        <TestCategoryItem TestCategory="GisMapData.MapItem.Microphones" />
      </TestCategory>
      <Execution id="00ab5be9-51f2-489f-bc42-55761e966a37" />
      <TestMethod codeBase="D:\actions-runner\_work\XPCO\XPCO\SC\Components\RemoteViewer\SmartClient\tst\zSmartClient_UnitTest\bin\x64\Debug\net472\zSmartClient_UnitTest.dll" adapterTypeName="executor://mstestadapter/v2" className="SmartClient_UnitTest.VideoOS.RemoteClient.GisMapData.MapItem.Microphones.MicrophoneMapItemTests" name="PointMapItem_MicrophoneWithNoShortName_Success" />
    </UnitTest>
    <UnitTest name="Not forced" storage="d:\actions-runner\_work\xpco\xpco\sc\components\remoteviewer\smartclient\tst\zsmartclient_unittest\bin\x64\debug\net472\zsmartclient_unittest.dll" id="d4e99847-3efa-a01b-10b2-9229e2250900">
      <TestCategory>
        <TestCategoryItem TestCategory="Export" />
      </TestCategory>
      <Execution id="41f51adf-5945-4921-9874-a9cc88106874" />
      <TestMethod codeBase="D:\actions-runner\_work\XPCO\XPCO\SC\Components\RemoteViewer\SmartClient\tst\zSmartClient_UnitTest\bin\x64\Debug\net472\zSmartClient_UnitTest.dll" adapterTypeName="executor://mstestadapter/v2" className="SmartClient_UnitTest.VideoOS.RemoteClient.Plugin.Export.CreateExportDialogViewModelTests" name="CreateExportDialog_GlobalCommentCanBeModified_BasedOnOptions" />
    </UnitTest>
    <UnitTest name="Parse_LastSevenDays_Success" storage="d:\actions-runner\_work\xpco\xpco\sc\components\remoteviewer\smartclient\tst\zsmartclient_unittest\bin\x64\debug\net472\zsmartclient_unittest.dll" id="9a0fb96e-e4fc-b2c2-ba48-82a57235f1f3">
      <TestCategory>
        <TestCategoryItem TestCategory="Search" />
      </TestCategory>
      <Execution id="65c9389a-99fe-4eeb-b570-e4002769c8d9" />
      <TestMethod codeBase="D:\actions-runner\_work\XPCO\XPCO\SC\Components\RemoteViewer\SmartClient\tst\zSmartClient_UnitTest\bin\x64\Debug\net472\zSmartClient_UnitTest.dll" adapterTypeName="executor://mstestadapter/v2" className="SmartClient_UnitTest.VideoOS.RemoteClient.Plugin.CentralizedSearch.Models.ScopeDurationTests" name="Parse_LastSevenDays_Success" />
    </UnitTest>
    <UnitTest name="SupportsRightClick_ShouldBeFalse_WhenInteractionStateIsNotNormal" storage="d:\actions-runner\_work\xpco\xpco\sc\components\remoteviewer\smartclient\tst\zsmartclient_unittest\bin\x64\debug\net472\zsmartclient_unittest.dll" id="2d399f3a-cd79-9af4-db68-ab2622857a87">
      <TestCategory>
        <TestCategoryItem TestCategory="GisMap.InputMarkerTest" />
      </TestCategory>
      <Execution id="064836d4-d165-4edd-b0ce-e9283ed91057" />
      <TestMethod codeBase="D:\actions-runner\_work\XPCO\XPCO\SC\Components\RemoteViewer\SmartClient\tst\zSmartClient_UnitTest\bin\x64\Debug\net472\zSmartClient_UnitTest.dll" adapterTypeName="executor://mstestadapter/v2" className="SmartClient_UnitTest.VideoOS.RemoteClient.Plugin.GisMap.ThinkGeoMap.Markers.DeviceMarkers.InputMarker.InputMarkerTests" name="SupportsRightClick_ShouldBeFalse_WhenInteractionStateIsNotNormal" />
    </UnitTest>
    <UnitTest name="PtzSessionController_Unregister_None_Registered_Camera_Test" storage="d:\actions-runner\_work\xpco\xpco\sc\components\remoteviewer\smartclient\tst\zsmartclient_unittest\bin\x64\debug\net472\zsmartclient_unittest.dll" id="bf43b520-f013-6f88-54e2-4da33d00fc9f">
      <Execution id="5652b926-2c6c-4f86-b58b-2e545676f1f4" />
      <TestMethod codeBase="D:\actions-runner\_work\XPCO\XPCO\SC\Components\RemoteViewer\SmartClient\tst\zSmartClient_UnitTest\bin\x64\Debug\net472\zSmartClient_UnitTest.dll" adapterTypeName="executor://mstestadapter/v2" className="VideoOS.RemoteClient.Application.Controllers.UnitTest.PtzSessionControllerTest" name="PtzSessionController_Unregister_None_Registered_Camera_Test" />
    </UnitTest>
    <UnitTest name="SmartMapGoToPositionHandler_WhenDataIsNotSmartMapGoToPositionCommandData_ShouldWriteToLog" storage="d:\actions-runner\_work\xpco\xpco\sc\components\remoteviewer\smartclient\tst\zsmartclient_unittest\bin\x64\debug\net472\zsmartclient_unittest.dll" id="e2bc20ac-f49d-eabf-edc0-8474eb6a4a1c">
      <Execution id="c030583b-50d2-4a77-b70b-0a6c59391b61" />
      <TestMethod codeBase="D:\actions-runner\_work\XPCO\XPCO\SC\Components\RemoteViewer\SmartClient\tst\zSmartClient_UnitTest\bin\x64\Debug\net472\zSmartClient_UnitTest.dll" adapterTypeName="executor://mstestadapter/v2" className="SmartClient_UnitTest.VideoOS.RemoteClient.Plugin.GisMap.MIP.ContentHolderMipMessageManagerTests" name="SmartMapGoToPositionHandler_WhenDataIsNotSmartMapGoToPositionCommandData_ShouldWriteToLog" />
    </UnitTest>
    <UnitTest name="ToNormalizedFieldOfView_OutOfRange_2PI_Fail" storage="d:\actions-runner\_work\xpco\xpco\sc\components\remoteviewer\smartclient\tst\zsmartclient_unittest\bin\x64\debug\net472\zsmartclient_unittest.dll" id="3483fd74-40ab-caaa-a1c3-b598cd24d905">
      <TestCategory>
        <TestCategoryItem TestCategory="GisMap" />
      </TestCategory>
      <Execution id="aad16fcc-53bf-4358-a7f5-8b4a252192e9" />
      <TestMethod codeBase="D:\actions-runner\_work\XPCO\XPCO\SC\Components\RemoteViewer\SmartClient\tst\zSmartClient_UnitTest\bin\x64\Debug\net472\zSmartClient_UnitTest.dll" adapterTypeName="executor://mstestadapter/v2" className="SmartClient_UnitTest.VideoOS.RemoteClient.GisMap.Utilities.GisUtilityTests" name="ToNormalizedFieldOfView_OutOfRange_2PI_Fail" />
    </UnitTest>
    <UnitTest name="DeserializeEmptyState_Fail" storage="d:\actions-runner\_work\xpco\xpco\sc\components\remoteviewer\smartclient\tst\zsmartclient_unittest\bin\x64\debug\net472\zsmartclient_unittest.dll" id="14084b93-5aba-08b1-aca1-53c6d97f4819">
      <Execution id="948b4ce2-28fb-458b-8d23-43ad01878b3f" />
      <TestMethod codeBase="D:\actions-runner\_work\XPCO\XPCO\SC\Components\RemoteViewer\SmartClient\tst\zSmartClient_UnitTest\bin\x64\Debug\net472\zSmartClient_UnitTest.dll" adapterTypeName="executor://mstestadapter/v2" className="SmartClient_UnitTest.VideoOS.RemoteClient.Data.VideoWall.MonitorStateTests" name="DeserializeEmptyState_Fail" />
    </UnitTest>
    <UnitTest name="ResultCountText_OneResults_Success" storage="d:\actions-runner\_work\xpco\xpco\sc\components\remoteviewer\smartclient\tst\zsmartclient_unittest\bin\x64\debug\net472\zsmartclient_unittest.dll" id="c453d029-07d1-c3a5-eeb3-4f67d3418e09">
      <TestCategory>
        <TestCategoryItem TestCategory="SearchResultViewModels" />
      </TestCategory>
      <Execution id="9d58a128-469b-461d-bcb2-dc3d9aef8fa1" />
      <TestMethod codeBase="D:\actions-runner\_work\XPCO\XPCO\SC\Components\RemoteViewer\SmartClient\tst\zSmartClient_UnitTest\bin\x64\Debug\net472\zSmartClient_UnitTest.dll" adapterTypeName="executor://mstestadapter/v2" className="SmartClient_UnitTest.VideoOS.RemoteClient.Plugin.CentralizedSearch.ViewModels.SearchResultsViewModelTest" name="ResultCountText_OneResults_Success" />
    </UnitTest>
    <UnitTest name="GisMapModel_MapVersion_IsCorrect" storage="d:\actions-runner\_work\xpco\xpco\sc\components\remoteviewer\smartclient\tst\zsmartclient_unittest\bin\x64\debug\net472\zsmartclient_unittest.dll" id="35fc797f-8043-748e-70a2-2388d5cb8d3d">
      <TestCategory>
        <TestCategoryItem TestCategory="GisMap" />
      </TestCategory>
      <Execution id="734ccb88-03ad-4d2f-a1f4-a38c7418fea8" />
      <TestMethod codeBase="D:\actions-runner\_work\XPCO\XPCO\SC\Components\RemoteViewer\SmartClient\tst\zSmartClient_UnitTest\bin\x64\Debug\net472\zSmartClient_UnitTest.dll" adapterTypeName="executor://mstestadapter/v2" className="SmartClient_UnitTest.VideoOS.RemoteClient.GisMapData.GisMapBasicTests" name="GisMapModel_MapVersion_IsCorrect" />
    </UnitTest>
    <UnitTest name="LoadSearchTemplate_NoActiveToNewActiveSuppressEvent_UpdateAndNoEvent" storage="d:\actions-runner\_work\xpco\xpco\sc\components\remoteviewer\smartclient\tst\zsmartclient_unittest\bin\x64\debug\net472\zsmartclient_unittest.dll" id="165e0853-e6ec-d7d3-2c96-375c649002cc">
      <TestCategory>
        <TestCategoryItem TestCategory="SearchTemplates" />
      </TestCategory>
      <Execution id="ddfcebda-0319-4473-9056-a8ad531ef393" />
      <TestMethod codeBase="D:\actions-runner\_work\XPCO\XPCO\SC\Components\RemoteViewer\SmartClient\tst\zSmartClient_UnitTest\bin\x64\Debug\net472\zSmartClient_UnitTest.dll" adapterTypeName="executor://mstestadapter/v2" className="SmartClient_UnitTest.VideoOS.RemoteClient.Plugin.CentralizedSearch.SearchTemplates.SearchTemplateManagerTests" name="LoadSearchTemplate_NoActiveToNewActiveSuppressEvent_UpdateAndNoEvent" />
    </UnitTest>
    <UnitTest name="Toolbar_HasNoButtonsVisibleByDefault_WhenNotInLiveOrPlayback" storage="d:\actions-runner\_work\xpco\xpco\sc\components\remoteviewer\smartclient\tst\zsmartclient_unittest\bin\x64\debug\net472\zsmartclient_unittest.dll" id="5660124e-2746-e525-af63-46d6c656faea">
      <TestCategory>
        <TestCategoryItem TestCategory="WorkspaceToolbar" />
      </TestCategory>
      <Execution id="f1fd0245-dd62-4b0f-91c3-7a350abaabd2" />
      <TestMethod codeBase="D:\actions-runner\_work\XPCO\XPCO\SC\Components\RemoteViewer\SmartClient\tst\zSmartClient_UnitTest\bin\x64\Debug\net472\zSmartClient_UnitTest.dll" adapterTypeName="executor://mstestadapter/v2" className="SmartClient_UnitTest.VideoOS.RemoteClient.Application.UI.Content.WorkspaceToolbar.WorkspaceToolbarViewModelTests" name="Toolbar_HasNoButtonsVisibleByDefault_WhenNotInLiveOrPlayback" />
    </UnitTest>
    <UnitTest name="AddToExportDevices_ShouldReturnCorrectResult (1,0,0)" storage="d:\actions-runner\_work\xpco\xpco\sc\components\remoteviewer\smartclient\tst\zsmartclient_unittest\bin\x64\debug\net472\zsmartclient_unittest.dll" id="4d16c358-c29f-69ec-8ad9-4ed7ab30e526">
      <TestCategory>
        <TestCategoryItem TestCategory="Managers" />
      </TestCategory>
      <Execution id="071573da-ed56-4778-bed8-4c7e021744fe" />
      <TestMethod codeBase="D:\actions-runner\_work\XPCO\XPCO\SC\Components\RemoteViewer\SmartClient\tst\zSmartClient_UnitTest\bin\x64\Debug\net472\zSmartClient_UnitTest.dll" adapterTypeName="executor://mstestadapter/v2" className="SmartClient_UnitTest.VideoOS.RemoteClient.Application.Managers.ExportManagerTests" name="AddToExportDevices_ShouldReturnCorrectResult" />
    </UnitTest>
    <UnitTest name="AddGetConfigurationCameraTest" storage="d:\actions-runner\_work\xpco\xpco\sc\components\remoteviewer\smartclient\tst\zsmartclient_unittest\bin\x64\debug\net472\zsmartclient_unittest.dll" id="8b087bdb-e613-2682-1659-90f070e3535d">
      <Execution id="3a32a29d-1306-421d-a49f-404f6d33ced4" />
      <TestMethod codeBase="D:\actions-runner\_work\XPCO\XPCO\SC\Components\RemoteViewer\SmartClient\tst\zSmartClient_UnitTest\bin\x64\Debug\net472\zSmartClient_UnitTest.dll" adapterTypeName="executor://mstestadapter/v2" className="SmartClient_UnitTest.VideoOS.Shared.ServerAPI.IServerConfigurationTest" name="AddGetConfigurationCameraTest" />
    </UnitTest>
    <UnitTest name="PTZArgsDto_ShouldYieldSameValues_WhenRoundTripConverted" storage="d:\actions-runner\_work\xpco\xpco\sc\components\remoteviewer\smartclient\tst\zsmartclient_unittest\bin\x64\debug\net472\zsmartclient_unittest.dll" id="0dee4a37-8d38-ef6d-98a5-3e594bce7f88">
      <TestCategory>
        <TestCategoryItem TestCategory="RecorderProxyToDtoMapping" />
      </TestCategory>
      <Execution id="74e13625-1eef-49ab-8371-e51c858d0ae7" />
      <TestMethod codeBase="D:\actions-runner\_work\XPCO\XPCO\SC\Components\RemoteViewer\SmartClient\tst\zSmartClient_UnitTest\bin\x64\Debug\net472\zSmartClient_UnitTest.dll" adapterTypeName="executor://mstestadapter/v2" className="VideoOS.Shared.ServerAPI.SOAP.RecorderClientMappingTests" name="PTZArgsDto_ShouldYieldSameValues_WhenRoundTripConverted" />
    </UnitTest>
    <UnitTest name="ToDenormalizedDirection_Minus1_0" storage="d:\actions-runner\_work\xpco\xpco\sc\components\remoteviewer\smartclient\tst\zsmartclient_unittest\bin\x64\debug\net472\zsmartclient_unittest.dll" id="ba333333-3cb8-334f-91af-f5ad79143e8f">
      <TestCategory>
        <TestCategoryItem TestCategory="GisMap" />
      </TestCategory>
      <Execution id="33b59066-bf65-474f-b798-4d564dd716c3" />
      <TestMethod codeBase="D:\actions-runner\_work\XPCO\XPCO\SC\Components\RemoteViewer\SmartClient\tst\zSmartClient_UnitTest\bin\x64\Debug\net472\zSmartClient_UnitTest.dll" adapterTypeName="executor://mstestadapter/v2" className="SmartClient_UnitTest.VideoOS.RemoteClient.GisMap.Utilities.GisUtilityTests" name="ToDenormalizedDirection_Minus1_0" />
    </UnitTest>
    <UnitTest name="AddSelectedCameras_AddedUnsorted_Sorted" storage="d:\actions-runner\_work\xpco\xpco\sc\components\remoteviewer\smartclient\tst\zsmartclient_unittest\bin\x64\debug\net472\zsmartclient_unittest.dll" id="f2392ab0-78ba-8d94-1e9f-3ff53d3d1da4">
      <TestCategory>
        <TestCategoryItem TestCategory="SearchViewModels" />
      </TestCategory>
      <Execution id="fcf56253-6125-469b-abbe-cfcc42684982" />
      <TestMethod codeBase="D:\actions-runner\_work\XPCO\XPCO\SC\Components\RemoteViewer\SmartClient\tst\zSmartClient_UnitTest\bin\x64\Debug\net472\zSmartClient_UnitTest.dll" adapterTypeName="executor://mstestadapter/v2" className="SmartClient_UnitTest.VideoOS.RemoteClient.Plugin.CentralizedSearch.ViewModels.SearchViewModelTests" name="AddSelectedCameras_AddedUnsorted_Sorted" />
    </UnitTest>
    <UnitTest name="MutedMicrophoneIcons_ShouldReturnIconsInAProperOrder_WhenCalled" storage="d:\actions-runner\_work\xpco\xpco\sc\components\remoteviewer\smartclient\tst\zsmartclient_unittest\bin\x64\debug\net472\zsmartclient_unittest.dll" id="9337e38c-4624-4f1b-786d-f8be59a53622">
      <TestCategory>
        <TestCategoryItem TestCategory="GisMapData.MicrophoneOemResourcesProviderTests" />
      </TestCategory>
      <Execution id="b0a52a12-36ea-4370-9fdf-ffcc73e7d385" />
      <TestMethod codeBase="D:\actions-runner\_work\XPCO\XPCO\SC\Components\RemoteViewer\SmartClient\tst\zSmartClient_UnitTest\bin\x64\Debug\net472\zSmartClient_UnitTest.dll" adapterTypeName="executor://mstestadapter/v2" className="SmartClient_UnitTest.VideoOS.RemoteClient.GisMapData.Resources.MicrophoneOemResourcesProviderTests" name="MutedMicrophoneIcons_ShouldReturnIconsInAProperOrder_WhenCalled" />
    </UnitTest>
    <UnitTest name="SearchResultsActionBarActions_DeleteBookmark_ConfirmDeleteNo_DeleteCancelled" storage="d:\actions-runner\_work\xpco\xpco\sc\components\remoteviewer\smartclient\tst\zsmartclient_unittest\bin\x64\debug\net472\zsmartclient_unittest.dll" id="883ed386-0af3-88ca-5bd9-30da25d79f41">
      <TestCategory>
        <TestCategoryItem TestCategory="Search.Bookmarks" />
      </TestCategory>
      <Execution id="5120d097-acc2-4965-93b6-e9cd1c0b196a" />
      <TestMethod codeBase="D:\actions-runner\_work\XPCO\XPCO\SC\Components\RemoteViewer\SmartClient\tst\zSmartClient_UnitTest\bin\x64\Debug\net472\zSmartClient_UnitTest.dll" adapterTypeName="executor://mstestadapter/v2" className="SmartClient_UnitTest.VideoOS.RemoteClient.Plugin.CentralizedSearch.ViewModels.SearchResultsActionBarViewModelTest" name="SearchResultsActionBarActions_DeleteBookmark_ConfirmDeleteNo_DeleteCancelled" />
    </UnitTest>
    <UnitTest name="SetLayerFeatures_ShouldRaiseArgumentException_WhenNoneCameraKindAndCameraLayerFeatures" storage="d:\actions-runner\_work\xpco\xpco\sc\components\remoteviewer\smartclient\tst\zsmartclient_unittest\bin\x64\debug\net472\zsmartclient_unittest.dll" id="7b5ff511-526b-7adf-f4f4-c89931ab0b4e">
      <TestCategory>
        <TestCategoryItem TestCategory="GisMapData.Controllers.LayerFeatures" />
      </TestCategory>
      <Execution id="c619064c-e85c-4e3e-8dba-88ad4b296cf9" />
      <TestMethod codeBase="D:\actions-runner\_work\XPCO\XPCO\SC\Components\RemoteViewer\SmartClient\tst\zSmartClient_UnitTest\bin\x64\Debug\net472\zSmartClient_UnitTest.dll" adapterTypeName="executor://mstestadapter/v2" className="SmartClient_UnitTest.VideoOS.RemoteClient.GisMapData.Controllers.LayerFeatures.LayerFeaturesControllerTests" name="SetLayerFeatures_ShouldRaiseArgumentException_WhenNoneCameraKindAndCameraLayerFeatures" />
    </UnitTest>
    <UnitTest name="OnMarkerSelected_ShouldDeselectAndReselectMarker_WhenSingleSelectionAndAlreadySelected" storage="d:\actions-runner\_work\xpco\xpco\sc\components\remoteviewer\smartclient\tst\zsmartclient_unittest\bin\x64\debug\net472\zsmartclient_unittest.dll" id="e28ccd3c-119e-ea01-443c-a177bc7fcafe">
      <TestCategory>
        <TestCategoryItem TestCategory="SmartMap.SelectionHelper" />
      </TestCategory>
      <Execution id="f09d1162-e440-4d7b-ad24-59b4131560aa" />
      <TestMethod codeBase="D:\actions-runner\_work\XPCO\XPCO\SC\Components\RemoteViewer\SmartClient\tst\zSmartClient_UnitTest\bin\x64\Debug\net472\zSmartClient_UnitTest.dll" adapterTypeName="executor://mstestadapter/v2" className="SmartClient_UnitTest.VideoOS.RemoteClient.Plugin.GisMap.ThinkGeoMap.SpecializedOverlays.Overlays.SelectionHelperTests" name="OnMarkerSelected_ShouldDeselectAndReselectMarker_WhenSingleSelectionAndAlreadySelected" />
    </UnitTest>
    <UnitTest name="AddToExportDevices_ShouldReturnCorrectResult (0,5,0)" storage="d:\actions-runner\_work\xpco\xpco\sc\components\remoteviewer\smartclient\tst\zsmartclient_unittest\bin\x64\debug\net472\zsmartclient_unittest.dll" id="efd25159-239b-fd92-436e-6007a499ebd4">
      <TestCategory>
        <TestCategoryItem TestCategory="Managers" />
      </TestCategory>
      <Execution id="bf37523c-fb87-46f1-9f38-5c97aa31e0df" />
      <TestMethod codeBase="D:\actions-runner\_work\XPCO\XPCO\SC\Components\RemoteViewer\SmartClient\tst\zSmartClient_UnitTest\bin\x64\Debug\net472\zSmartClient_UnitTest.dll" adapterTypeName="executor://mstestadapter/v2" className="SmartClient_UnitTest.VideoOS.RemoteClient.Application.Managers.ExportManagerTests" name="AddToExportDevices_ShouldReturnCorrectResult" />
    </UnitTest>
    <UnitTest name="GetDeactivatedOutputIconId_ShouldRaiseArgumentException_WhenArgumentIsNotAActivatedOutputIconId" storage="d:\actions-runner\_work\xpco\xpco\sc\components\remoteviewer\smartclient\tst\zsmartclient_unittest\bin\x64\debug\net472\zsmartclient_unittest.dll" id="1435e2a2-bee2-1d2d-95b6-bab177d11e01">
      <TestCategory>
        <TestCategoryItem TestCategory="GisMapData.OutputOemResourcesProviderTests" />
      </TestCategory>
      <Execution id="45ca1805-8253-474b-92b6-6881cd5c46d2" />
      <TestMethod codeBase="D:\actions-runner\_work\XPCO\XPCO\SC\Components\RemoteViewer\SmartClient\tst\zSmartClient_UnitTest\bin\x64\Debug\net472\zSmartClient_UnitTest.dll" adapterTypeName="executor://mstestadapter/v2" className="SmartClient_UnitTest.VideoOS.RemoteClient.GisMapData.Resources.OutputOemResourcesProviderTests" name="GetDeactivatedOutputIconId_ShouldRaiseArgumentException_WhenArgumentIsNotAActivatedOutputIconId" />
    </UnitTest>
    <UnitTest name="PtzPresetsMenuViewModel_PtzCotrolledByPatrollingTest" storage="d:\actions-runner\_work\xpco\xpco\sc\components\remoteviewer\smartclient\tst\zsmartclient_unittest\bin\x64\debug\net472\zsmartclient_unittest.dll" id="29212116-6a0b-3ffd-ae50-19c86a9244cc">
      <Execution id="b30c11d6-8286-4296-95fe-2911086db245" />
      <TestMethod codeBase="D:\actions-runner\_work\XPCO\XPCO\SC\Components\RemoteViewer\SmartClient\tst\zSmartClient_UnitTest\bin\x64\Debug\net472\zSmartClient_UnitTest.dll" adapterTypeName="executor://mstestadapter/v2" className="SmartClient_UnitTest.VideoOS.RemoteClient.Application.Data.ContentTypes.CameraContentType.PtzPresetsMenuViewModelTest" name="PtzPresetsMenuViewModel_PtzCotrolledByPatrollingTest" />
    </UnitTest>
    <UnitTest name="ScWorkspaceStateChangedEvent_ShouldSetDeviceIsDisabledToFalse_WhenSwitchingToSetupModeAndDeviceIsDisabled" storage="d:\actions-runner\_work\xpco\xpco\sc\components\remoteviewer\smartclient\tst\zsmartclient_unittest\bin\x64\debug\net472\zsmartclient_unittest.dll" id="9060a50a-9771-de76-4b8f-daa876d7df09">
      <TestCategory>
        <TestCategoryItem TestCategory="GisMapData.MapLayers" />
      </TestCategory>
      <Execution id="fb654da5-c712-40e6-8fd5-a35dc5bfe1c9" />
      <TestMethod codeBase="D:\actions-runner\_work\XPCO\XPCO\SC\Components\RemoteViewer\SmartClient\tst\zSmartClient_UnitTest\bin\x64\Debug\net472\zSmartClient_UnitTest.dll" adapterTypeName="executor://mstestadapter/v2" className="SmartClient_UnitTest.VideoOS.RemoteClient.GisMapData.MapLayers.MicrophoneItemsMapLayerTests" name="ScWorkspaceStateChangedEvent_ShouldSetDeviceIsDisabledToFalse_WhenSwitchingToSetupModeAndDeviceIsDisabled" />
    </UnitTest>
    <UnitTest name="BoundingBoxValidAndInValidData" storage="d:\actions-runner\_work\xpco\xpco\sc\components\remoteviewer\smartclient\tst\zsmartclient_unittest\bin\x64\debug\net472\zsmartclient_unittest.dll" id="d2f75ecd-c8ef-a49e-a7d9-9ac8db3c0867">
      <Execution id="f4088fe5-a150-4e5a-a5d7-dd46d75a56e9" />
      <TestMethod codeBase="D:\actions-runner\_work\XPCO\XPCO\SC\Components\RemoteViewer\SmartClient\tst\zSmartClient_UnitTest\bin\x64\Debug\net472\zSmartClient_UnitTest.dll" adapterTypeName="executor://mstestadapter/v2" className="SmartClient_UnitTest.VideoOS.RemoteClient.Application.Data.Metadata.BoundingBoxes.BoundingBoxProviderTest" name="BoundingBoxValidAndInValidData" />
    </UnitTest>
    <UnitTest name="ParseFromName_SecondZero_MinutesNotRoundedUp" storage="d:\actions-runner\_work\xpco\xpco\sc\components\remoteviewer\smartclient\tst\zsmartclient_unittest\bin\x64\debug\net472\zsmartclient_unittest.dll" id="195570df-9817-b542-b94a-a76463a05b14">
      <TestCategory>
        <TestCategoryItem TestCategory="Search" />
      </TestCategory>
      <Execution id="fd70f959-372d-42af-8afe-97f11c71edad" />
      <TestMethod codeBase="D:\actions-runner\_work\XPCO\XPCO\SC\Components\RemoteViewer\SmartClient\tst\zSmartClient_UnitTest\bin\x64\Debug\net472\zSmartClient_UnitTest.dll" adapterTypeName="executor://mstestadapter/v2" className="SmartClient_UnitTest.VideoOS.RemoteClient.Plugin.CentralizedSearch.ViewModels.Data.TimeScopeTests" name="ParseFromName_SecondZero_MinutesNotRoundedUp" />
    </UnitTest>
    <UnitTest name="InputMapItem_Delete_Success" storage="d:\actions-runner\_work\xpco\xpco\sc\components\remoteviewer\smartclient\tst\zsmartclient_unittest\bin\x64\debug\net472\zsmartclient_unittest.dll" id="86c3c546-c6cf-be65-f34c-24ab64b4ab72">
      <TestCategory>
        <TestCategoryItem TestCategory="GisMapData.MapItem.Inputs" />
      </TestCategory>
      <Execution id="1e3b5711-bef0-419c-bbf9-c2095d967034" />
      <TestMethod codeBase="D:\actions-runner\_work\XPCO\XPCO\SC\Components\RemoteViewer\SmartClient\tst\zSmartClient_UnitTest\bin\x64\Debug\net472\zSmartClient_UnitTest.dll" adapterTypeName="executor://mstestadapter/v2" className="SmartClient_UnitTest.VideoOS.RemoteClient.GisMapData.MapItem.Inputs.InputMapItemTests" name="InputMapItem_Delete_Success" />
    </UnitTest>
    <UnitTest name="Valid password bigger length" storage="d:\actions-runner\_work\xpco\xpco\sc\components\remoteviewer\smartclient\tst\zsmartclient_unittest\bin\x64\debug\net472\zsmartclient_unittest.dll" id="bfdc2e11-573c-5747-26b0-0b571bfbb54c">
      <TestCategory>
        <TestCategoryItem TestCategory="Export" />
      </TestCategory>
      <Execution id="d846debd-cb48-4a74-b87c-922f30dec859" />
      <TestMethod codeBase="D:\actions-runner\_work\XPCO\XPCO\SC\Components\RemoteViewer\SmartClient\tst\zSmartClient_UnitTest\bin\x64\Debug\net472\zSmartClient_UnitTest.dll" adapterTypeName="executor://mstestadapter/v2" className="SmartClient_UnitTest.VideoOS.RemoteClient.Plugin.Export.PasswordDialogViewModelTests" name="InitialPassword_ShouldResultInCorrectValidity" />
    </UnitTest>
    <UnitTest name="GetClusters_ShouldMergeSimpleClustersToSuperCluster_WhenZoomingOut" storage="d:\actions-runner\_work\xpco\xpco\sc\components\remoteviewer\smartclient\tst\zsmartclient_unittest\bin\x64\debug\net472\zsmartclient_unittest.dll" id="a181eeb7-1c31-8890-a7e0-69f2adb601a4">
      <TestCategory>
        <TestCategoryItem TestCategory="GisMapIndex.SuperClusters" />
      </TestCategory>
      <Execution id="de098b94-369d-4e89-94de-51660f5bcc8f" />
      <TestMethod codeBase="D:\actions-runner\_work\XPCO\XPCO\SC\Components\RemoteViewer\SmartClient\tst\zSmartClient_UnitTest\bin\x64\Debug\net472\zSmartClient_UnitTest.dll" adapterTypeName="executor://mstestadapter/v2" className="SmartClient_UnitTest.VideoOS.RemoteClient.GisMapData.Common.Indexer.MapItemIndexerTests_SuperClusters" name="GetClusters_ShouldMergeSimpleClustersToSuperCluster_WhenZoomingOut" />
    </UnitTest>
    <UnitTest name="Close_ViewModelIsClosed" storage="d:\actions-runner\_work\xpco\xpco\sc\components\remoteviewer\smartclient\tst\zsmartclient_unittest\bin\x64\debug\net472\zsmartclient_unittest.dll" id="eb8cc7fe-9fe8-0f19-c373-e4f56eaad478">
      <TestCategory>
        <TestCategoryItem TestCategory="Export" />
      </TestCategory>
      <Execution id="c1189b34-02c4-4b16-bd26-11bf571642b9" />
      <TestMethod codeBase="D:\actions-runner\_work\XPCO\XPCO\SC\Components\RemoteViewer\SmartClient\tst\zSmartClient_UnitTest\bin\x64\Debug\net472\zSmartClient_UnitTest.dll" adapterTypeName="executor://mstestadapter/v2" className="SmartClient_UnitTest.VideoOS.RemoteClient.Plugin.Export.ExportContentHolderTests" name="Close_ViewModelIsClosed" />
    </UnitTest>
    <UnitTest name="TryGetOsmServerTileAddress_ShouldReturnFalse_WhenOsmServerAddressIsEmpty" storage="d:\actions-runner\_work\xpco\xpco\sc\components\remoteviewer\smartclient\tst\zsmartclient_unittest\bin\x64\debug\net472\zsmartclient_unittest.dll" id="5ea77848-9cab-6829-7cc9-030d32485ccd">
      <TestCategory>
        <TestCategoryItem TestCategory="GisMapData.Controllers.Osm" />
      </TestCategory>
      <Execution id="6d8a43b3-dccf-4a2b-b1da-580fce5c74e3" />
      <TestMethod codeBase="D:\actions-runner\_work\XPCO\XPCO\SC\Components\RemoteViewer\SmartClient\tst\zSmartClient_UnitTest\bin\x64\Debug\net472\zSmartClient_UnitTest.dll" adapterTypeName="executor://mstestadapter/v2" className="SmartClient_UnitTest.VideoOS.RemoteClient.GisMapData.Controllers.Osm.GisMapOsmControllerTests" name="TryGetOsmServerTileAddress_ShouldReturnFalse_WhenOsmServerAddressIsEmpty" />
    </UnitTest>
    <UnitTest name="AddToExportDevices_ShouldReturnCorrectResult (0,1,1)" storage="d:\actions-runner\_work\xpco\xpco\sc\components\remoteviewer\smartclient\tst\zsmartclient_unittest\bin\x64\debug\net472\zsmartclient_unittest.dll" id="582d8a38-a0ae-cfd9-0b4e-02b7216ac2ae">
      <TestCategory>
        <TestCategoryItem TestCategory="Managers" />
      </TestCategory>
      <Execution id="0efa3a71-7871-4d09-92c5-8facd5f47744" />
      <TestMethod codeBase="D:\actions-runner\_work\XPCO\XPCO\SC\Components\RemoteViewer\SmartClient\tst\zSmartClient_UnitTest\bin\x64\Debug\net472\zSmartClient_UnitTest.dll" adapterTypeName="executor://mstestadapter/v2" className="SmartClient_UnitTest.VideoOS.RemoteClient.Application.Managers.ExportManagerTests" name="AddToExportDevices_ShouldReturnCorrectResult" />
    </UnitTest>
    <UnitTest name="PtzSessionControllerInfo_UserChangedTest_NoChange_Patrolling" storage="d:\actions-runner\_work\xpco\xpco\sc\components\remoteviewer\smartclient\tst\zsmartclient_unittest\bin\x64\debug\net472\zsmartclient_unittest.dll" id="0bc3c781-e5e2-4061-bcbc-7fa16190d596">
      <Execution id="4ada5c77-6328-49d6-9d8e-419ef5082e5f" />
      <TestMethod codeBase="D:\actions-runner\_work\XPCO\XPCO\SC\Components\RemoteViewer\SmartClient\tst\zSmartClient_UnitTest\bin\x64\Debug\net472\zSmartClient_UnitTest.dll" adapterTypeName="executor://mstestadapter/v2" className="VideoOS.RemoteClient.Application.Controllers.UnitTest.PtzSessionControllerTest" name="PtzSessionControllerInfo_UserChangedTest_NoChange_Patrolling" />
    </UnitTest>
    <UnitTest name="UpdateItemState_Hidden_NullCamera" storage="d:\actions-runner\_work\xpco\xpco\sc\components\remoteviewer\smartclient\tst\zsmartclient_unittest\bin\x64\debug\net472\zsmartclient_unittest.dll" id="73ba8d8b-63f0-7559-fdd9-22c8ccb33146">
      <TestCategory>
        <TestCategoryItem TestCategory="ContentHolderToolbar" />
      </TestCategory>
      <Execution id="902bcd36-8ce4-47fa-9a7a-8fc55397782d" />
      <TestMethod codeBase="D:\actions-runner\_work\XPCO\XPCO\SC\Components\RemoteViewer\SmartClient\tst\zSmartClient_UnitTest\bin\x64\Debug\net472\zSmartClient_UnitTest.dll" adapterTypeName="executor://mstestadapter/v2" className="SmartClient_UnitTest.VideoOS.RemoteClient.Application.Data.ContentHolderToolbar.ToolBarItemSearchTests" name="UpdateItemState_Hidden_NullCamera" />
    </UnitTest>
    <UnitTest name="GetUtcToday_DifferentTimeZoneNoDst_Success" storage="d:\actions-runner\_work\xpco\xpco\sc\components\remoteviewer\smartclient\tst\zsmartclient_unittest\bin\x64\debug\net472\zsmartclient_unittest.dll" id="4ab80538-8920-6bd3-f5bf-6a692e875394">
      <TestCategory>
        <TestCategoryItem TestCategory="Search" />
      </TestCategory>
      <Execution id="8a7b7b5c-8947-41e4-a0d8-0efbc1ef061c" />
      <TestMethod codeBase="D:\actions-runner\_work\XPCO\XPCO\SC\Components\RemoteViewer\SmartClient\tst\zSmartClient_UnitTest\bin\x64\Debug\net472\zSmartClient_UnitTest.dll" adapterTypeName="executor://mstestadapter/v2" className="SmartClient_UnitTest.VideoOS.RemoteClient.Plugin.CentralizedSearch.ViewModels.Data.TimeScopeTests" name="GetUtcToday_DifferentTimeZoneNoDst_Success" />
    </UnitTest>
    <UnitTest name="DeleteMapItems_ShouldReturnTrue_WhenUserAcknowledgesDeletionOfSingleItem" storage="d:\actions-runner\_work\xpco\xpco\sc\components\remoteviewer\smartclient\tst\zsmartclient_unittest\bin\x64\debug\net472\zsmartclient_unittest.dll" id="b7bca108-da6d-1f8c-7ea5-81ba3e07496a">
      <TestCategory>
        <TestCategoryItem TestCategory="GisMapModelController" />
      </TestCategory>
      <Execution id="3d4ad7da-4343-4cfb-9d78-10f4b2ead5c4" />
      <TestMethod codeBase="D:\actions-runner\_work\XPCO\XPCO\SC\Components\RemoteViewer\SmartClient\tst\zSmartClient_UnitTest\bin\x64\Debug\net472\zSmartClient_UnitTest.dll" adapterTypeName="executor://mstestadapter/v2" className="SmartClient_UnitTest.VideoOS.RemoteClient.GisMapData.GisMapModelControllerTests" name="DeleteMapItems_ShouldReturnTrue_WhenUserAcknowledgesDeletionOfSingleItem" />
    </UnitTest>
    <UnitTest name="SearchResultsActionBarActions_Export_OptionAvailable_Enabled" storage="d:\actions-runner\_work\xpco\xpco\sc\components\remoteviewer\smartclient\tst\zsmartclient_unittest\bin\x64\debug\net472\zsmartclient_unittest.dll" id="12b1647d-efe3-c366-079d-2236800d0935">
      <TestCategory>
        <TestCategoryItem TestCategory="SearchResultActionBarViewModel" />
      </TestCategory>
      <Execution id="62bc0c37-1b6c-48b4-9a7f-3015363d66a3" />
      <TestMethod codeBase="D:\actions-runner\_work\XPCO\XPCO\SC\Components\RemoteViewer\SmartClient\tst\zSmartClient_UnitTest\bin\x64\Debug\net472\zSmartClient_UnitTest.dll" adapterTypeName="executor://mstestadapter/v2" className="SmartClient_UnitTest.VideoOS.RemoteClient.Plugin.CentralizedSearch.ViewModels.SearchResultsActionBarViewModelTest" name="SearchResultsActionBarActions_Export_OptionAvailable_Enabled" />
    </UnitTest>
    <UnitTest name="UpdateHomeLocationInModel_Updated_Succes" storage="d:\actions-runner\_work\xpco\xpco\sc\components\remoteviewer\smartclient\tst\zsmartclient_unittest\bin\x64\debug\net472\zsmartclient_unittest.dll" id="7bbe3c7b-c7f6-b4cd-97f0-8c1f6db6c80e">
      <TestCategory>
        <TestCategoryItem TestCategory="GisMapContentHolderTests" />
      </TestCategory>
      <Execution id="0b88c30d-3e41-40e6-8243-efd433c7011b" />
      <TestMethod codeBase="D:\actions-runner\_work\XPCO\XPCO\SC\Components\RemoteViewer\SmartClient\tst\zSmartClient_UnitTest\bin\x64\Debug\net472\zSmartClient_UnitTest.dll" adapterTypeName="executor://mstestadapter/v2" className="SmartClient_UnitTest.VideoOS.RemoteClient.Plugin.GisMap.ContentHolderTests" name="UpdateHomeLocationInModel_Updated_Succes" />
    </UnitTest>
    <UnitTest name="MakeId_ShouldGenerateUniqueId_WhenTwoDefinitionsGenerateSameResultIds" storage="d:\actions-runner\_work\xpco\xpco\sc\components\remoteviewer\smartclient\tst\zsmartclient_unittest\bin\x64\debug\net472\zsmartclient_unittest.dll" id="c31b76c8-61cb-842b-101d-3527fdf73529">
      <TestCategory>
        <TestCategoryItem TestCategory="Search.Wrappers" />
      </TestCategory>
      <Execution id="d0f14d25-fbae-4f37-975a-1059fe728cba" />
      <TestMethod codeBase="D:\actions-runner\_work\XPCO\XPCO\SC\Components\RemoteViewer\SmartClient\tst\zSmartClient_UnitTest\bin\x64\Debug\net472\zSmartClient_UnitTest.dll" adapterTypeName="executor://mstestadapter/v2" className="SmartClient_UnitTest.VideoOS.RemoteClient.Plugin.CentralizedSearch.Models.Wrappers.SearchResultDataWrapperTests" name="MakeId_ShouldGenerateUniqueId_WhenTwoDefinitionsGenerateSameResultIds" />
    </UnitTest>
    <UnitTest name="PatrollingProfileListViewModel_ResolvePresetName_New_Preset" storage="d:\actions-runner\_work\xpco\xpco\sc\components\remoteviewer\smartclient\tst\zsmartclient_unittest\bin\x64\debug\net472\zsmartclient_unittest.dll" id="f8edaabc-4dde-c771-27c5-00bf75b12606">
      <Execution id="8ad2819c-c9af-46bf-bd3f-59220a07439d" />
      <TestMethod codeBase="D:\actions-runner\_work\XPCO\XPCO\SC\Components\RemoteViewer\SmartClient\tst\zSmartClient_UnitTest\bin\x64\Debug\net472\zSmartClient_UnitTest.dll" adapterTypeName="executor://mstestadapter/v2" className="SmartClient_UnitTest.VideoOS.RemoteClient.Application.UI.PtzPreset.PatrollingViewModel.PatrollingProfileListViewModelTest" name="PatrollingProfileListViewModel_ResolvePresetName_New_Preset" />
    </UnitTest>
    <UnitTest name="UpdateScope_AbsoluteScopeDurationToTimeChanged_ReturnsTrue" storage="d:\actions-runner\_work\xpco\xpco\sc\components\remoteviewer\smartclient\tst\zsmartclient_unittest\bin\x64\debug\net472\zsmartclient_unittest.dll" id="a4234a76-75fb-b47f-57a5-6def17414cfd">
      <TestCategory>
        <TestCategoryItem TestCategory="SearchModels" />
      </TestCategory>
      <Execution id="d845db23-c261-4f44-8f44-ffbe1957a156" />
      <TestMethod codeBase="D:\actions-runner\_work\XPCO\XPCO\SC\Components\RemoteViewer\SmartClient\tst\zSmartClient_UnitTest\bin\x64\Debug\net472\zSmartClient_UnitTest.dll" adapterTypeName="executor://mstestadapter/v2" className="SmartClient_UnitTest.VideoOS.RemoteClient.Plugin.CentralizedSearch.Models.SearchScopeTests" name="UpdateScope_AbsoluteScopeDurationToTimeChanged_ReturnsTrue" />
    </UnitTest>
    <UnitTest name="PtzInfoViewModel_PtzCotrolledByUnknownTest" storage="d:\actions-runner\_work\xpco\xpco\sc\components\remoteviewer\smartclient\tst\zsmartclient_unittest\bin\x64\debug\net472\zsmartclient_unittest.dll" id="604833d7-d8a0-cb51-77cf-d5e2a38bc181">
      <Execution id="297f938d-b7db-42fa-9340-0ad4dd61cb38" />
      <TestMethod codeBase="D:\actions-runner\_work\XPCO\XPCO\SC\Components\RemoteViewer\SmartClient\tst\zSmartClient_UnitTest\bin\x64\Debug\net472\zSmartClient_UnitTest.dll" adapterTypeName="executor://mstestadapter/v2" className="SmartClient_UnitTest.VideoOS.RemoteClient.Plugin.Map.WPFObjects.PtzInfoViewModelUnitTest" name="PtzInfoViewModel_PtzCotrolledByUnknownTest" />
    </UnitTest>
    <UnitTest name="Passwords are not the same, higher length" storage="d:\actions-runner\_work\xpco\xpco\sc\components\remoteviewer\smartclient\tst\zsmartclient_unittest\bin\x64\debug\net472\zsmartclient_unittest.dll" id="e27c79a9-96f0-c6eb-4cec-029a6b6b7927">
      <TestCategory>
        <TestCategoryItem TestCategory="Export" />
      </TestCategory>
      <Execution id="0b1aba66-b4fe-462c-9b05-dfd6120f9e82" />
      <TestMethod codeBase="D:\actions-runner\_work\XPCO\XPCO\SC\Components\RemoteViewer\SmartClient\tst\zSmartClient_UnitTest\bin\x64\Debug\net472\zSmartClient_UnitTest.dll" adapterTypeName="executor://mstestadapter/v2" className="SmartClient_UnitTest.VideoOS.RemoteClient.Plugin.Export.PasswordDialogViewModelTests" name="SettingPassword1AndPassword2_ShouldSetIsPassword2Valid" />
    </UnitTest>
    <UnitTest name="Convert_ShouldReturnFalse_WhenParameterIsNotEqualToValue" storage="d:\actions-runner\_work\xpco\xpco\sc\components\remoteviewer\smartclient\tst\zsmartclient_unittest\bin\x64\debug\net472\zsmartclient_unittest.dll" id="5ed08d6e-1829-53d6-39c2-5824072e1015">
      <TestCategory>
        <TestCategoryItem TestCategory="GisMap.InteractionStateConverter" />
      </TestCategory>
      <Execution id="f3e208d9-5f10-415f-af2c-aea275c49eb9" />
      <TestMethod codeBase="D:\actions-runner\_work\XPCO\XPCO\SC\Components\RemoteViewer\SmartClient\tst\zSmartClient_UnitTest\bin\x64\Debug\net472\zSmartClient_UnitTest.dll" adapterTypeName="executor://mstestadapter/v2" className="SmartClient_UnitTest.VideoOS.RemoteClient.Plugin.GisMap.View.InteractionStateConverterTests" name="Convert_ShouldReturnFalse_WhenParameterIsNotEqualToValue" />
    </UnitTest>
    <UnitTest name="StartSelection_ShouldClearAnyExistingSelections_WhenNotAddingToExitingSelection" storage="d:\actions-runner\_work\xpco\xpco\sc\components\remoteviewer\smartclient\tst\zsmartclient_unittest\bin\x64\debug\net472\zsmartclient_unittest.dll" id="455c6da2-80f5-0fe8-cc92-891d7de0d2ac">
      <TestCategory>
        <TestCategoryItem TestCategory="SmartMap.SelectionHelper" />
      </TestCategory>
      <Execution id="e753ec28-0b66-47bd-911b-951518e6a947" />
      <TestMethod codeBase="D:\actions-runner\_work\XPCO\XPCO\SC\Components\RemoteViewer\SmartClient\tst\zSmartClient_UnitTest\bin\x64\Debug\net472\zSmartClient_UnitTest.dll" adapterTypeName="executor://mstestadapter/v2" className="SmartClient_UnitTest.VideoOS.RemoteClient.Plugin.GisMap.ThinkGeoMap.SpecializedOverlays.Overlays.SelectionHelperTests" name="StartSelection_ShouldClearAnyExistingSelections_WhenNotAddingToExitingSelection" />
    </UnitTest>
    <UnitTest name="IsCurrentScaleEqualTo_ShouldReturnFalse_WhenValuesAreNotEqualWithinGivenPrecision" storage="d:\actions-runner\_work\xpco\xpco\sc\components\remoteviewer\smartclient\tst\zsmartclient_unittest\bin\x64\debug\net472\zsmartclient_unittest.dll" id="e5f806d4-832f-52ef-8b31-b0825a471642">
      <TestCategory>
        <TestCategoryItem TestCategory="MapExtentManager" />
      </TestCategory>
      <Execution id="1fe7eb9d-5622-428e-a4f8-47e88e505068" />
      <TestMethod codeBase="D:\actions-runner\_work\XPCO\XPCO\SC\Components\RemoteViewer\SmartClient\tst\zSmartClient_UnitTest\bin\x64\Debug\net472\zSmartClient_UnitTest.dll" adapterTypeName="executor://mstestadapter/v2" className="SmartClient_UnitTest.VideoOS.RemoteClient.Plugin.GisMap.ThinkGeoMap.Settings.ThinkGeoMapExtentManagerTests" name="IsCurrentScaleEqualTo_ShouldReturnFalse_WhenValuesAreNotEqualWithinGivenPrecision" />
    </UnitTest>
    <UnitTest name="Toolbar_IsVisible_WhenNotInLiveOrPlayback_ButFullscreen" storage="d:\actions-runner\_work\xpco\xpco\sc\components\remoteviewer\smartclient\tst\zsmartclient_unittest\bin\x64\debug\net472\zsmartclient_unittest.dll" id="d8aaa504-6178-a22d-3fb8-ce2b255c46bf">
      <TestCategory>
        <TestCategoryItem TestCategory="WorkspaceToolbar" />
      </TestCategory>
      <Execution id="02f7b109-f9b8-4dbb-a5b2-ad8ce65f240e" />
      <TestMethod codeBase="D:\actions-runner\_work\XPCO\XPCO\SC\Components\RemoteViewer\SmartClient\tst\zSmartClient_UnitTest\bin\x64\Debug\net472\zSmartClient_UnitTest.dll" adapterTypeName="executor://mstestadapter/v2" className="SmartClient_UnitTest.VideoOS.RemoteClient.Application.UI.Content.WorkspaceToolbar.WorkspaceToolbarViewModelTests" name="Toolbar_IsVisible_WhenNotInLiveOrPlayback_ButFullscreen" />
    </UnitTest>
    <UnitTest name="GisPointToIndexGridPosition_SouthPole_Success" storage="d:\actions-runner\_work\xpco\xpco\sc\components\remoteviewer\smartclient\tst\zsmartclient_unittest\bin\x64\debug\net472\zsmartclient_unittest.dll" id="f524f1c4-1318-ce7b-3939-10f70b1c9bd9">
      <TestCategory>
        <TestCategoryItem TestCategory="GisMapIndex" />
      </TestCategory>
      <Execution id="de439ef0-a8e2-4db9-b4dd-9cdb7a3f8ac4" />
      <TestMethod codeBase="D:\actions-runner\_work\XPCO\XPCO\SC\Components\RemoteViewer\SmartClient\tst\zSmartClient_UnitTest\bin\x64\Debug\net472\zSmartClient_UnitTest.dll" adapterTypeName="executor://mstestadapter/v2" className="SmartClient_UnitTest.VideoOS.RemoteClient.GisMapData.Common.Indexer.IndexUtilTests" name="GisPointToIndexGridPosition_SouthPole_Success" />
    </UnitTest>
    <UnitTest name="ConvertGridMaskTestImageViewerFormat" storage="d:\actions-runner\_work\xpco\xpco\sc\components\remoteviewer\smartclient\tst\zsmartclient_unittest\bin\x64\debug\net472\zsmartclient_unittest.dll" id="78819630-2935-1e63-9860-8c1336d44889">
      <Execution id="b8d410da-ecfb-40ed-a34a-53576dd40683" />
      <TestMethod codeBase="D:\actions-runner\_work\XPCO\XPCO\SC\Components\RemoteViewer\SmartClient\tst\zSmartClient_UnitTest\bin\x64\Debug\net472\zSmartClient_UnitTest.dll" adapterTypeName="executor://mstestadapter/v2" className="SmartClient_UnitTest.VideoOS.RemoteClient.Application.Data.ContentTypes.CameraContentType.PrivacyMaskTest" name="ConvertGridMaskTestImageViewerFormat" />
    </UnitTest>
    <UnitTest name="Constructor_ShouldSetInitialOffsetPoint_WhenCalled" storage="d:\actions-runner\_work\xpco\xpco\sc\components\remoteviewer\smartclient\tst\zsmartclient_unittest\bin\x64\debug\net472\zsmartclient_unittest.dll" id="69b3d945-2a1b-80c9-0ef7-10272f3bf7eb">
      <TestCategory>
        <TestCategoryItem TestCategory="GisMap.DeviceSelectorWindow" />
      </TestCategory>
      <Execution id="ac0bfa71-748f-48ea-864d-974325710edd" />
      <TestMethod codeBase="D:\actions-runner\_work\XPCO\XPCO\SC\Components\RemoteViewer\SmartClient\tst\zSmartClient_UnitTest\bin\x64\Debug\net472\zSmartClient_UnitTest.dll" adapterTypeName="executor://mstestadapter/v2" className="SmartClient_UnitTest.VideoOS.RemoteClient.Plugin.GisMap.Windows.GisMapSetup.DeviceSelectors.DeviceSelectorWindowTests" name="Constructor_ShouldSetInitialOffsetPoint_WhenCalled" />
    </UnitTest>
    <UnitTest name="ActiveInteractionStateBinding_ShouldOnlyContainNormalAndNewDevice_WhenCtorIsCalled" storage="d:\actions-runner\_work\xpco\xpco\sc\components\remoteviewer\smartclient\tst\zsmartclient_unittest\bin\x64\debug\net472\zsmartclient_unittest.dll" id="e5d871b7-fc8e-4988-1624-5f0f63d734ec">
      <TestCategory>
        <TestCategoryItem TestCategory="GisMap.MicrophoneMarkerTest" />
      </TestCategory>
      <Execution id="d152e068-0896-4551-8f02-e6dba78f3966" />
      <TestMethod codeBase="D:\actions-runner\_work\XPCO\XPCO\SC\Components\RemoteViewer\SmartClient\tst\zSmartClient_UnitTest\bin\x64\Debug\net472\zSmartClient_UnitTest.dll" adapterTypeName="executor://mstestadapter/v2" className="SmartClient_UnitTest.VideoOS.RemoteClient.Plugin.GisMap.ThinkGeoMap.Markers.DeviceMarkers.MicrophoneMarker.MicrophoneMarkerTests" name="ActiveInteractionStateBinding_ShouldOnlyContainNormalAndNewDevice_WhenCtorIsCalled" />
    </UnitTest>
    <UnitTest name="GetWorkspaceToolbarItems_ShouldReturnNoToolbarItems_WhenNoPluginsAndPluginGroupsAreSet" storage="d:\actions-runner\_work\xpco\xpco\sc\components\remoteviewer\smartclient\tst\zsmartclient_unittest\bin\x64\debug\net472\zsmartclient_unittest.dll" id="cd274a06-2388-99e3-3a1d-9499479d5159">
      <TestCategory>
        <TestCategoryItem TestCategory="WorkspaceToolbar" />
      </TestCategory>
      <Execution id="bc1dde61-3be7-4795-ba1a-c6a9459d1978" />
      <TestMethod codeBase="D:\actions-runner\_work\XPCO\XPCO\SC\Components\RemoteViewer\SmartClient\tst\zSmartClient_UnitTest\bin\x64\Debug\net472\zSmartClient_UnitTest.dll" adapterTypeName="executor://mstestadapter/v2" className="SmartClient_UnitTest.VideoOS.RemoteClient.Application.UI.Content.WorkspaceToolbar.MIPWorkspaceToolbarItemManagerTests" name="GetWorkspaceToolbarItems_ShouldReturnNoToolbarItems_WhenNoPluginsAndPluginGroupsAreSet" />
    </UnitTest>
    <UnitTest name="SupportsRightClick_ShouldBeFalse_WhenInteractionStateIsNotNormal" storage="d:\actions-runner\_work\xpco\xpco\sc\components\remoteviewer\smartclient\tst\zsmartclient_unittest\bin\x64\debug\net472\zsmartclient_unittest.dll" id="2d0e7e74-3dc2-b64e-e8df-81c281af4e3d">
      <TestCategory>
        <TestCategoryItem TestCategory="GisMap.CameraMarker" />
      </TestCategory>
      <Execution id="121b9b6e-8438-46b2-b336-b7635b260f88" />
      <TestMethod codeBase="D:\actions-runner\_work\XPCO\XPCO\SC\Components\RemoteViewer\SmartClient\tst\zSmartClient_UnitTest\bin\x64\Debug\net472\zSmartClient_UnitTest.dll" adapterTypeName="executor://mstestadapter/v2" className="SmartClient_UnitTest.VideoOS.RemoteClient.Plugin.GisMap.ThinkGeoMap.Markers.DeviceMarkers.CameraMarker.CameraMarkerTests" name="SupportsRightClick_ShouldBeFalse_WhenInteractionStateIsNotNormal" />
    </UnitTest>
    <UnitTest name="MaxRegionsAllowed_ShouldBeProvidedMax_WhenProvidedMaxIsPositive" storage="d:\actions-runner\_work\xpco\xpco\sc\components\remoteviewer\smartclient\tst\zsmartclient_unittest\bin\x64\debug\net472\zsmartclient_unittest.dll" id="d7f3ae8c-bf97-f47d-48ab-b1fc5ef00c66">
      <TestCategory>
        <TestCategoryItem TestCategory="Search.Filters.ViewModels" />
      </TestCategory>
      <Execution id="dffee0af-6f60-40ad-93a2-cc51acc59910" />
      <TestMethod codeBase="D:\actions-runner\_work\XPCO\XPCO\SC\Components\RemoteViewer\SmartClient\tst\zSmartClient_UnitTest\bin\x64\Debug\net472\zSmartClient_UnitTest.dll" adapterTypeName="executor://mstestadapter/v2" className="SmartClient_UnitTest.VideoOS.RemoteClient.Plugin.CentralizedSearch.MIPPlugin.Criteria.ViewModels.RegionSelectionCameraListItemHelperTests" name="MaxRegionsAllowed_ShouldBeProvidedMax_WhenProvidedMaxIsPositive" />
    </UnitTest>
    <UnitTest name="ToDenormalizedDirection_0_0" storage="d:\actions-runner\_work\xpco\xpco\sc\components\remoteviewer\smartclient\tst\zsmartclient_unittest\bin\x64\debug\net472\zsmartclient_unittest.dll" id="ee5f0f9a-0e04-d5a2-b25f-f40f3b08b3de">
      <TestCategory>
        <TestCategoryItem TestCategory="GisMap" />
      </TestCategory>
      <Execution id="e039d4b0-2667-4483-8015-336264236e5c" />
      <TestMethod codeBase="D:\actions-runner\_work\XPCO\XPCO\SC\Components\RemoteViewer\SmartClient\tst\zSmartClient_UnitTest\bin\x64\Debug\net472\zSmartClient_UnitTest.dll" adapterTypeName="executor://mstestadapter/v2" className="SmartClient_UnitTest.VideoOS.RemoteClient.GisMap.Utilities.GisUtilityTests" name="ToDenormalizedDirection_0_0" />
    </UnitTest>
    <UnitTest name="Outline_ShouldRejectSet_WhenOutlineIsSelfcrossing" storage="d:\actions-runner\_work\xpco\xpco\sc\components\remoteviewer\smartclient\tst\zsmartclient_unittest\bin\x64\debug\net472\zsmartclient_unittest.dll" id="a480eb88-b28c-a072-8d06-d39cc9a234d7">
      <TestCategory>
        <TestCategoryItem TestCategory="GisMapBuilding" />
      </TestCategory>
      <Execution id="6ae6e190-9e97-4063-b2c8-ecb19f038e5b" />
      <TestMethod codeBase="D:\actions-runner\_work\XPCO\XPCO\SC\Components\RemoteViewer\SmartClient\tst\zSmartClient_UnitTest\bin\x64\Debug\net472\zSmartClient_UnitTest.dll" adapterTypeName="executor://mstestadapter/v2" className="SmartClient_UnitTest.VideoOS.RemoteClient.GisMap.MapBuildingTests" name="Outline_ShouldRejectSet_WhenOutlineIsSelfcrossing" />
    </UnitTest>
    <UnitTest name="SearchAction_Carrousel_LiveMode" storage="d:\actions-runner\_work\xpco\xpco\sc\components\remoteviewer\smartclient\tst\zsmartclient_unittest\bin\x64\debug\net472\zsmartclient_unittest.dll" id="fe450cea-9ffb-3719-460a-cf60fe446421">
      <TestCategory>
        <TestCategoryItem TestCategory="WorkspaceToolbar" />
      </TestCategory>
      <Execution id="810e4d7b-ee4c-4514-97d4-224f248f2277" />
      <TestMethod codeBase="D:\actions-runner\_work\XPCO\XPCO\SC\Components\RemoteViewer\SmartClient\tst\zSmartClient_UnitTest\bin\x64\Debug\net472\zSmartClient_UnitTest.dll" adapterTypeName="executor://mstestadapter/v2" className="SmartClient_UnitTest.VideoOS.RemoteClient.Application.Data.WorkspaceToolbar.WorkspaceToolbarItemSmartSearchTests" name="SearchAction_Carrousel_LiveMode" />
    </UnitTest>
    <UnitTest name="SetIncludePartialResults_ShouldNotReselectResult_WhenResultToReselectIsPartialAndPartialResultsAreExcluded" storage="d:\actions-runner\_work\xpco\xpco\sc\components\remoteviewer\smartclient\tst\zsmartclient_unittest\bin\x64\debug\net472\zsmartclient_unittest.dll" id="bed8c8de-bd82-cb94-6967-81e34fce6907">
      <TestCategory>
        <TestCategoryItem TestCategory="SearchResultsPreprocessor" />
      </TestCategory>
      <Execution id="9c6c9067-02e6-4f6c-9dfa-b4df18edd7ca" />
      <TestMethod codeBase="D:\actions-runner\_work\XPCO\XPCO\SC\Components\RemoteViewer\SmartClient\tst\zSmartClient_UnitTest\bin\x64\Debug\net472\zSmartClient_UnitTest.dll" adapterTypeName="executor://mstestadapter/v2" className="SmartClient_UnitTest.VideoOS.RemoteClient.Plugin.CentralizedSearch.Models.SearchResultsPreprocessorTests" name="SetIncludePartialResults_ShouldNotReselectResult_WhenResultToReselectIsPartialAndPartialResultsAreExcluded" />
    </UnitTest>
    <UnitTest name="GetPartialDiffBetweenDictionaries_ShouldReturnCorrectValues (System.Collections.Generic.Dictionary`2[System.String,System.String],System.Collections.Generic.Dictionary`2[System.String,System.String],System.Collections.Generic.Dictionary`2[System.String,System.String])" storage="d:\actions-runner\_work\xpco\xpco\sc\components\remoteviewer\smartclient\tst\zsmartclient_unittest\bin\x64\debug\net472\zsmartclient_unittest.dll" id="2288a65b-0f46-66d4-26bb-35d3e0b13ae8">
      <Execution id="36f2f674-5058-42bc-b277-2097f6a79275" />
      <TestMethod codeBase="D:\actions-runner\_work\XPCO\XPCO\SC\Components\RemoteViewer\SmartClient\tst\zSmartClient_UnitTest\bin\x64\Debug\net472\zSmartClient_UnitTest.dll" adapterTypeName="executor://mstestadapter/v2" className="SmartClient_UnitTest.VideoOS.RemoteClient.Application.Common.Telemetry.TelemetryBuilderTests" name="GetPartialDiffBetweenDictionaries_ShouldReturnCorrectValues" />
    </UnitTest>
    <UnitTest name="PatrollingProfileListViewModel_Save_DeleteProfile" storage="d:\actions-runner\_work\xpco\xpco\sc\components\remoteviewer\smartclient\tst\zsmartclient_unittest\bin\x64\debug\net472\zsmartclient_unittest.dll" id="04268900-3302-a699-5943-bbf486b565e8">
      <Execution id="30b0f801-592e-4278-927c-c46a0e8afd41" />
      <TestMethod codeBase="D:\actions-runner\_work\XPCO\XPCO\SC\Components\RemoteViewer\SmartClient\tst\zSmartClient_UnitTest\bin\x64\Debug\net472\zSmartClient_UnitTest.dll" adapterTypeName="executor://mstestadapter/v2" className="SmartClient_UnitTest.VideoOS.RemoteClient.Application.UI.PtzPreset.PatrollingViewModel.PatrollingProfileListViewModelTest" name="PatrollingProfileListViewModel_Save_DeleteProfile" />
    </UnitTest>
    <UnitTest name="HasMd5ProviderStrategy2_ShouldReturnFalse_WhenAllEventServerIdAreFipsCompliant" storage="d:\actions-runner\_work\xpco\xpco\sc\components\remoteviewer\smartclient\tst\zsmartclient_unittest\bin\x64\debug\net472\zsmartclient_unittest.dll" id="df434b1a-bd33-b3a0-035c-8fb9149eaa0e">
      <TestCategory>
        <TestCategoryItem TestCategory="AccessControl.Services" />
      </TestCategory>
      <Execution id="2993e739-6812-41a2-b5b8-b56c3f723fed" />
      <TestMethod codeBase="D:\actions-runner\_work\XPCO\XPCO\SC\Components\RemoteViewer\SmartClient\tst\zSmartClient_UnitTest\bin\x64\Debug\net472\zSmartClient_UnitTest.dll" adapterTypeName="executor://mstestadapter/v2" className="SmartClient_UnitTest.VideoOS.RemoteClient.AccessControl.Services.AccessControlGuidProviderTests" name="HasMd5ProviderStrategy2_ShouldReturnFalse_WhenAllEventServerIdAreFipsCompliant" />
    </UnitTest>
    <UnitTest name="AddSelectedWindowsToExport_ShouldShowCorrectToastMessages (0,0,0)" storage="d:\actions-runner\_work\xpco\xpco\sc\components\remoteviewer\smartclient\tst\zsmartclient_unittest\bin\x64\debug\net472\zsmartclient_unittest.dll" id="16dbf6df-affd-54c4-6e12-ed2586e45ece">
      <TestCategory>
        <TestCategoryItem TestCategory="Managers" />
      </TestCategory>
      <Execution id="bf30a4a0-63c0-4d9f-88ba-02232f2c932e" />
      <TestMethod codeBase="D:\actions-runner\_work\XPCO\XPCO\SC\Components\RemoteViewer\SmartClient\tst\zSmartClient_UnitTest\bin\x64\Debug\net472\zSmartClient_UnitTest.dll" adapterTypeName="executor://mstestadapter/v2" className="SmartClient_UnitTest.VideoOS.RemoteClient.Application.Managers.ExportManagerTests" name="AddSelectedWindowsToExport_ShouldShowCorrectToastMessages" />
    </UnitTest>
    <UnitTest name="CreateReportAsync_ShouldReturnNormalPdf_WhereOneSearchResultIsPrinted" storage="d:\actions-runner\_work\xpco\xpco\sc\components\remoteviewer\smartclient\tst\zsmartclient_unittest\bin\x64\debug\net472\zsmartclient_unittest.dll" id="fe7cc80a-38c0-8f78-ba29-abacfcc11533">
      <TestCategory>
        <TestCategoryItem TestCategory="Search" />
      </TestCategory>
      <Execution id="65001304-ffcb-41bc-99e9-92b466fc839c" />
      <TestMethod codeBase="D:\actions-runner\_work\XPCO\XPCO\SC\Components\RemoteViewer\SmartClient\tst\zSmartClient_UnitTest\bin\x64\Debug\net472\zSmartClient_UnitTest.dll" adapterTypeName="executor://mstestadapter/v2" className="SmartClient_UnitTest.VideoOS.RemoteClient.Plugin.CentralizedSearch.ViewModels.Utility.SearchReportPrintFactoryTests" name="CreateReportAsync_ShouldReturnNormalPdf_WhereOneSearchResultIsPrinted" />
    </UnitTest>
    <UnitTest name="SetLayerFeatures_ShouldUpdateOutputItemsMapLayer_WhenOutputKindAndOutputLayerFeatures" storage="d:\actions-runner\_work\xpco\xpco\sc\components\remoteviewer\smartclient\tst\zsmartclient_unittest\bin\x64\debug\net472\zsmartclient_unittest.dll" id="e63df314-54b1-32a3-73ac-881577d2c079">
      <TestCategory>
        <TestCategoryItem TestCategory="GisMapData.Controllers.LayerFeatures" />
      </TestCategory>
      <Execution id="80285cff-688b-4a77-86be-24a1cedd80fd" />
      <TestMethod codeBase="D:\actions-runner\_work\XPCO\XPCO\SC\Components\RemoteViewer\SmartClient\tst\zSmartClient_UnitTest\bin\x64\Debug\net472\zSmartClient_UnitTest.dll" adapterTypeName="executor://mstestadapter/v2" className="SmartClient_UnitTest.VideoOS.RemoteClient.GisMapData.Controllers.LayerFeatures.LayerFeaturesControllerTests" name="SetLayerFeatures_ShouldUpdateOutputItemsMapLayer_WhenOutputKindAndOutputLayerFeatures" />
    </UnitTest>
    <UnitTest name="BookmarkSearchTime_WithSearchStringInDifferentCases_ReturnCorrectBookmarkWithSearchStringInHeader (SeArChStRiNg,False,True,True,True,,,0)" storage="d:\actions-runner\_work\xpco\xpco\sc\components\remoteviewer\smartclient\tst\zsmartclient_unittest\bin\x64\debug\net472\zsmartclient_unittest.dll" id="02b778e1-2711-1e32-4739-47c0e9b81d4d">
      <Execution id="5d80a53b-ed41-4333-894b-41a9bcdb162e" />
      <TestMethod codeBase="D:\actions-runner\_work\XPCO\XPCO\SC\Components\RemoteViewer\SmartClient\tst\zSmartClient_UnitTest\bin\x64\Debug\net472\zSmartClient_UnitTest.dll" adapterTypeName="executor://mstestadapter/v2" className="SmartClient_UnitTest.VideoOS.RemoteClient.Application.Data.Offline.UnitTest.BookmarkExportReaderTest" name="BookmarkSearchTime_WithSearchStringInDifferentCases_ReturnCorrectBookmarkWithSearchStringInHeader" />
    </UnitTest>
    <UnitTest name="ActiveInteractionStateBinding_ShouldNotBeNull_WhenCtorIsCalled" storage="d:\actions-runner\_work\xpco\xpco\sc\components\remoteviewer\smartclient\tst\zsmartclient_unittest\bin\x64\debug\net472\zsmartclient_unittest.dll" id="c716e274-8d35-b2a1-4808-fe6779275a47">
      <TestCategory>
        <TestCategoryItem TestCategory="GisMap.LegacyLinkMarker" />
      </TestCategory>
      <Execution id="c340bf89-91b2-4f19-bacf-2835619c647f" />
      <TestMethod codeBase="D:\actions-runner\_work\XPCO\XPCO\SC\Components\RemoteViewer\SmartClient\tst\zSmartClient_UnitTest\bin\x64\Debug\net472\zSmartClient_UnitTest.dll" adapterTypeName="executor://mstestadapter/v2" className="SmartClient_UnitTest.VideoOS.RemoteClient.Plugin.GisMap.ThinkGeoMap.Markers.LegacyLinkMarker.LegacyLinkMarkerTests" name="ActiveInteractionStateBinding_ShouldNotBeNull_WhenCtorIsCalled" />
    </UnitTest>
    <UnitTest name="Ctor_WpfMessageBoxButtonIsSetToOkCancel_OnlyOkCancelButtonsVisible" storage="d:\actions-runner\_work\xpco\xpco\sc\components\remoteviewer\smartclient\tst\zsmartclient_unittest\bin\x64\debug\net472\zsmartclient_unittest.dll" id="53f5a1ce-14d4-a418-d0ff-8ef725db7d01">
      <Execution id="d32e074f-3c4c-480c-8e3a-e0660e01b59e" />
      <TestMethod codeBase="D:\actions-runner\_work\XPCO\XPCO\SC\Components\RemoteViewer\SmartClient\tst\zSmartClient_UnitTest\bin\x64\Debug\net472\zSmartClient_UnitTest.dll" adapterTypeName="executor://mstestadapter/v2" className="SmartClient_UnitTest.VideoOS.RemoteClient.Application.UI.Common.MessageBoxWithList.MessageBoxWithListViewModelTests" name="Ctor_WpfMessageBoxButtonIsSetToOkCancel_OnlyOkCancelButtonsVisible" />
    </UnitTest>
    <UnitTest name="Constructor_ShouldRaiseArgumentNullException_WhenLayersIsNull" storage="d:\actions-runner\_work\xpco\xpco\sc\components\remoteviewer\smartclient\tst\zsmartclient_unittest\bin\x64\debug\net472\zsmartclient_unittest.dll" id="7b2ce89e-8bf2-0763-c57e-0285adbdcf5c">
      <TestCategory>
        <TestCategoryItem TestCategory="GisMapData.Handlers.LayerFeatures" />
      </TestCategory>
      <Execution id="462aff0e-f061-49e0-b7cf-3b7d242f83f8" />
      <TestMethod codeBase="D:\actions-runner\_work\XPCO\XPCO\SC\Components\RemoteViewer\SmartClient\tst\zSmartClient_UnitTest\bin\x64\Debug\net472\zSmartClient_UnitTest.dll" adapterTypeName="executor://mstestadapter/v2" className="SmartClient_UnitTest.VideoOS.RemoteClient.GisMapData.Handlers.LayerFeatures.InputLayerFeaturesHandlerTests" name="Constructor_ShouldRaiseArgumentNullException_WhenLayersIsNull" />
    </UnitTest>
    <UnitTest name="Ctor_ShouldAddBasicUserCredentialsToCache_WhenServerAuthenticationIsSimple" storage="d:\actions-runner\_work\xpco\xpco\sc\components\remoteviewer\smartclient\tst\zsmartclient_unittest\bin\x64\debug\net472\zsmartclient_unittest.dll" id="76c6e850-3966-de20-82b6-519095d891a6">
      <TestCategory>
        <TestCategoryItem TestCategory="Authentication.ClientCredentials" />
      </TestCategory>
      <Execution id="67efd804-e2b5-4a9a-b964-0e234a8d48f8" />
      <TestMethod codeBase="D:\actions-runner\_work\XPCO\XPCO\SC\Components\RemoteViewer\SmartClient\tst\zSmartClient_UnitTest\bin\x64\Debug\net472\zSmartClient_UnitTest.dll" adapterTypeName="executor://mstestadapter/v2" className="SmartClient_UnitTest.VideoOS.Shared.ServerAPI.ClientCredentialsTest" name="Ctor_ShouldAddBasicUserCredentialsToCache_WhenServerAuthenticationIsSimple" />
    </UnitTest>
    <UnitTest name="PtzSessionControllerInfoConstructorTest_Success" storage="d:\actions-runner\_work\xpco\xpco\sc\components\remoteviewer\smartclient\tst\zsmartclient_unittest\bin\x64\debug\net472\zsmartclient_unittest.dll" id="7a75352d-c73e-5868-4a6f-939343fd10a2">
      <Execution id="cadeead6-45a8-4165-8e09-12f7f0250f8f" />
      <TestMethod codeBase="D:\actions-runner\_work\XPCO\XPCO\SC\Components\RemoteViewer\SmartClient\tst\zSmartClient_UnitTest\bin\x64\Debug\net472\zSmartClient_UnitTest.dll" adapterTypeName="executor://mstestadapter/v2" className="VideoOS.RemoteClient.Application.Controllers.UnitTest.PtzSessionControllerTest" name="PtzSessionControllerInfoConstructorTest_Success" />
    </UnitTest>
    <UnitTest name="SerializeDeserialize_Success" storage="d:\actions-runner\_work\xpco\xpco\sc\components\remoteviewer\smartclient\tst\zsmartclient_unittest\bin\x64\debug\net472\zsmartclient_unittest.dll" id="34490af8-d3d6-7a91-eac4-416d37c4c03b">
      <TestCategory>
        <TestCategoryItem TestCategory="SearchTemplates" />
      </TestCategory>
      <Execution id="e46b7380-1226-490c-a16b-49fe9d207a1c" />
      <TestMethod codeBase="D:\actions-runner\_work\XPCO\XPCO\SC\Components\RemoteViewer\SmartClient\tst\zSmartClient_UnitTest\bin\x64\Debug\net472\zSmartClient_UnitTest.dll" adapterTypeName="executor://mstestadapter/v2" className="SmartClient_UnitTest.VideoOS.RemoteClient.Plugin.CentralizedSearch.SearchTemplates.SearchTemplateTests" name="SerializeDeserialize_Success" />
    </UnitTest>
    <UnitTest name="PopulateTooltip_ManyResultsFromFewCameras12Hours_ValidText" storage="d:\actions-runner\_work\xpco\xpco\sc\components\remoteviewer\smartclient\tst\zsmartclient_unittest\bin\x64\debug\net472\zsmartclient_unittest.dll" id="3147bc1a-6400-429f-1c8f-cd7dc6defaa1">
      <TestCategory>
        <TestCategoryItem TestCategory="SearchControls" />
      </TestCategory>
      <Execution id="ed7eee5b-0218-42ba-a163-9eb97583025e" />
      <TestMethod codeBase="D:\actions-runner\_work\XPCO\XPCO\SC\Components\RemoteViewer\SmartClient\tst\zSmartClient_UnitTest\bin\x64\Debug\net472\zSmartClient_UnitTest.dll" adapterTypeName="executor://mstestadapter/v2" className="SmartClient_UnitTest.VideoOS.RemoteClient.Plugin.CentralizedSearch.Views.Controls.TimelineRuler.TimelineRulerControlTests" name="PopulateTooltip_ManyResultsFromFewCameras12Hours_ValidText" />
    </UnitTest>
    <UnitTest name="OnMarkerSelected_ShouldSelectMarkerExcludeItFromClusteringAndBeginInPlaceEditMode_WhenSingleSelection" storage="d:\actions-runner\_work\xpco\xpco\sc\components\remoteviewer\smartclient\tst\zsmartclient_unittest\bin\x64\debug\net472\zsmartclient_unittest.dll" id="37c23154-aec4-129b-8dc2-bb50808aef9e">
      <TestCategory>
        <TestCategoryItem TestCategory="SmartMap.SelectionHelper" />
      </TestCategory>
      <Execution id="2166717f-b667-4a29-afa2-47ce333af483" />
      <TestMethod codeBase="D:\actions-runner\_work\XPCO\XPCO\SC\Components\RemoteViewer\SmartClient\tst\zSmartClient_UnitTest\bin\x64\Debug\net472\zSmartClient_UnitTest.dll" adapterTypeName="executor://mstestadapter/v2" className="SmartClient_UnitTest.VideoOS.RemoteClient.Plugin.GisMap.ThinkGeoMap.SpecializedOverlays.Overlays.SelectionHelperTests" name="OnMarkerSelected_ShouldSelectMarkerExcludeItFromClusteringAndBeginInPlaceEditMode_WhenSingleSelection" />
    </UnitTest>
    <UnitTest name="HandleSetLayerFeatures_ShouldRaiseArgumentException_WhenMicrophoneKindAndNotMicrophoneLayerFeatures" storage="d:\actions-runner\_work\xpco\xpco\sc\components\remoteviewer\smartclient\tst\zsmartclient_unittest\bin\x64\debug\net472\zsmartclient_unittest.dll" id="ce2cf82c-5810-0ccc-465a-37da15418741">
      <TestCategory>
        <TestCategoryItem TestCategory="GisMapData.Handlers.LayerFeatures" />
      </TestCategory>
      <Execution id="623ab54e-d298-4b7b-b832-621e5172035f" />
      <TestMethod codeBase="D:\actions-runner\_work\XPCO\XPCO\SC\Components\RemoteViewer\SmartClient\tst\zSmartClient_UnitTest\bin\x64\Debug\net472\zSmartClient_UnitTest.dll" adapterTypeName="executor://mstestadapter/v2" className="SmartClient_UnitTest.VideoOS.RemoteClient.GisMapData.Handlers.LayerFeatures.MicrophoneLayerFeaturesHandlerTests" name="HandleSetLayerFeatures_ShouldRaiseArgumentException_WhenMicrophoneKindAndNotMicrophoneLayerFeatures" />
    </UnitTest>
    <UnitTest name="GetPropertiesAsync_ShouldIgnoreNullPropertyCollectionFromSubResults" storage="d:\actions-runner\_work\xpco\xpco\sc\components\remoteviewer\smartclient\tst\zsmartclient_unittest\bin\x64\debug\net472\zsmartclient_unittest.dll" id="f7a4182b-ffd3-38f8-408e-5d4264f4f5e8">
      <TestCategory>
        <TestCategoryItem TestCategory="Search.Wrappers" />
      </TestCategory>
      <Execution id="708012e7-94a7-4f99-be5f-1aead3331694" />
      <TestMethod codeBase="D:\actions-runner\_work\XPCO\XPCO\SC\Components\RemoteViewer\SmartClient\tst\zSmartClient_UnitTest\bin\x64\Debug\net472\zSmartClient_UnitTest.dll" adapterTypeName="executor://mstestadapter/v2" className="SmartClient_UnitTest.VideoOS.RemoteClient.Plugin.CentralizedSearch.Models.Wrappers.CombinedSearchResultDataWrapperTests" name="GetPropertiesAsync_ShouldIgnoreNullPropertyCollectionFromSubResults" />
    </UnitTest>
    <UnitTest name="GisPointToIndexGridPosition_FarWest_Success" storage="d:\actions-runner\_work\xpco\xpco\sc\components\remoteviewer\smartclient\tst\zsmartclient_unittest\bin\x64\debug\net472\zsmartclient_unittest.dll" id="8208e4be-3fed-2de3-3add-7c787e622e9d">
      <TestCategory>
        <TestCategoryItem TestCategory="GisMapIndex" />
      </TestCategory>
      <Execution id="23228c1d-55e3-4775-b103-fcabb86b2b62" />
      <TestMethod codeBase="D:\actions-runner\_work\XPCO\XPCO\SC\Components\RemoteViewer\SmartClient\tst\zSmartClient_UnitTest\bin\x64\Debug\net472\zSmartClient_UnitTest.dll" adapterTypeName="executor://mstestadapter/v2" className="SmartClient_UnitTest.VideoOS.RemoteClient.GisMapData.Common.Indexer.IndexUtilTests" name="GisPointToIndexGridPosition_FarWest_Success" />
    </UnitTest>
    <UnitTest name="CalculateNewExtent_ShouldLimitExtent_WhenBeyondMax" storage="d:\actions-runner\_work\xpco\xpco\sc\components\remoteviewer\smartclient\tst\zsmartclient_unittest\bin\x64\debug\net472\zsmartclient_unittest.dll" id="c5f981d9-37f1-54c9-b862-4fbb2d02666f">
      <TestCategory>
        <TestCategoryItem TestCategory="MipItemsUpdateStrategy" />
      </TestCategory>
      <Execution id="28360fc8-0091-41fd-8b90-85bc1a731c1e" />
      <TestMethod codeBase="D:\actions-runner\_work\XPCO\XPCO\SC\Components\RemoteViewer\SmartClient\tst\zSmartClient_UnitTest\bin\x64\Debug\net472\zSmartClient_UnitTest.dll" adapterTypeName="executor://mstestadapter/v2" className="SmartClient_UnitTest.VideoOS.RemoteClient.Plugin.GisMap.MIP.MipItemsUpdateStrategyTests" name="CalculateNewExtent_ShouldLimitExtent_WhenBeyondMax" />
    </UnitTest>
    <UnitTest name="Path enabled, not forced" storage="d:\actions-runner\_work\xpco\xpco\sc\components\remoteviewer\smartclient\tst\zsmartclient_unittest\bin\x64\debug\net472\zsmartclient_unittest.dll" id="3e27fb37-1b1d-4928-6472-96f4fe8cf3c8">
      <TestCategory>
        <TestCategoryItem TestCategory="Export" />
      </TestCategory>
      <Execution id="926682d9-81cf-453a-bab8-df083dfd464a" />
      <TestMethod codeBase="D:\actions-runner\_work\XPCO\XPCO\SC\Components\RemoteViewer\SmartClient\tst\zSmartClient_UnitTest\bin\x64\Debug\net472\zSmartClient_UnitTest.dll" adapterTypeName="executor://mstestadapter/v2" className="SmartClient_UnitTest.VideoOS.RemoteClient.Plugin.Export.CreateExportDialogViewModelTests" name="CreateExportDialog_ExportDestinationSelectionEnabled_BasedOnOptions" />
    </UnitTest>
    <UnitTest name="Constructor_ShouldRaiseArgumentNullException_WhenMapLayersIsNull" storage="d:\actions-runner\_work\xpco\xpco\sc\components\remoteviewer\smartclient\tst\zsmartclient_unittest\bin\x64\debug\net472\zsmartclient_unittest.dll" id="49758d16-90af-426b-1c8f-f4b8f8b9a8ad">
      <TestCategory>
        <TestCategoryItem TestCategory="GisMap.LayerVisibilityItemDataChildrenViewZoneDecoratorTests" />
      </TestCategory>
      <Execution id="fa9b3d90-4f7b-4dd2-a4e1-0d4083b42146" />
      <TestMethod codeBase="D:\actions-runner\_work\XPCO\XPCO\SC\Components\RemoteViewer\SmartClient\tst\zSmartClient_UnitTest\bin\x64\Debug\net472\zSmartClient_UnitTest.dll" adapterTypeName="executor://mstestadapter/v2" className="SmartClient_UnitTest.VideoOS.RemoteClient.Plugin.GisMap.ViewModels.LayersVisibility.Decorators.LayerVisibilityItemDataChildrenViewZoneDecoratorTests" name="Constructor_ShouldRaiseArgumentNullException_WhenMapLayersIsNull" />
    </UnitTest>
    <UnitTest name="TestAttribute_Success" storage="d:\actions-runner\_work\xpco\xpco\sc\components\remoteviewer\smartclient\tst\zsmartclient_unittest\bin\x64\debug\net472\zsmartclient_unittest.dll" id="08662725-81c0-39ee-21c2-6a500f721bcc">
      <TestCategory>
        <TestCategoryItem TestCategory="GisMapBuilding" />
      </TestCategory>
      <Execution id="70430dd1-03c5-4617-ad86-ab92bde536f5" />
      <TestMethod codeBase="D:\actions-runner\_work\XPCO\XPCO\SC\Components\RemoteViewer\SmartClient\tst\zSmartClient_UnitTest\bin\x64\Debug\net472\zSmartClient_UnitTest.dll" adapterTypeName="executor://mstestadapter/v2" className="SmartClient_UnitTest.VideoOS.RemoteClient.GisMap.MapBuildingTests" name="TestAttribute_Success" />
    </UnitTest>
    <UnitTest name="DetermineUserAllowsUnsecureConnection_WhereUserIsNotAskedAndUnsecureIsAllow_ShouldReturnTrue" storage="d:\actions-runner\_work\xpco\xpco\sc\components\remoteviewer\smartclient\tst\zsmartclient_unittest\bin\x64\debug\net472\zsmartclient_unittest.dll" id="c3441c18-6d91-a3fc-0eb6-245d76a8e060">
      <Execution id="a807abaa-f64f-49ef-ba30-c6b321dd4830" />
      <TestMethod codeBase="D:\actions-runner\_work\XPCO\XPCO\SC\Components\RemoteViewer\SmartClient\tst\zSmartClient_UnitTest\bin\x64\Debug\net472\zSmartClient_UnitTest.dll" adapterTypeName="executor://mstestadapter/v2" className="VideoOS.RemoteClient.Application.Managers.UnitTest.AllowUnsecureConnectionManagerTests" name="DetermineUserAllowsUnsecureConnection_WhereUserIsNotAskedAndUnsecureIsAllow_ShouldReturnTrue" />
    </UnitTest>
    <UnitTest name="ReorderLevels123to213_Success" storage="d:\actions-runner\_work\xpco\xpco\sc\components\remoteviewer\smartclient\tst\zsmartclient_unittest\bin\x64\debug\net472\zsmartclient_unittest.dll" id="32fec1f9-c048-b0a8-7432-484e5a8663c8">
      <TestCategory>
        <TestCategoryItem TestCategory="GisMapBuilding" />
      </TestCategory>
      <Execution id="57a17eda-4edb-45cf-bdae-034e5cb030c0" />
      <TestMethod codeBase="D:\actions-runner\_work\XPCO\XPCO\SC\Components\RemoteViewer\SmartClient\tst\zSmartClient_UnitTest\bin\x64\Debug\net472\zSmartClient_UnitTest.dll" adapterTypeName="executor://mstestadapter/v2" className="SmartClient_UnitTest.VideoOS.RemoteClient.GisMap.MapBuildingTests" name="ReorderLevels123to213_Success" />
    </UnitTest>
    <UnitTest name="HandleGetLayerFeatures_ShouldReturnCameraLayerFeatures_WhenCameraKind" storage="d:\actions-runner\_work\xpco\xpco\sc\components\remoteviewer\smartclient\tst\zsmartclient_unittest\bin\x64\debug\net472\zsmartclient_unittest.dll" id="dda1789b-98bf-2ab4-b6fb-aff5b89b7425">
      <TestCategory>
        <TestCategoryItem TestCategory="GisMapData.Handlers.LayerFeatures" />
      </TestCategory>
      <Execution id="5b5d28d2-3866-439e-9790-102d8c34ef7d" />
      <TestMethod codeBase="D:\actions-runner\_work\XPCO\XPCO\SC\Components\RemoteViewer\SmartClient\tst\zSmartClient_UnitTest\bin\x64\Debug\net472\zSmartClient_UnitTest.dll" adapterTypeName="executor://mstestadapter/v2" className="SmartClient_UnitTest.VideoOS.RemoteClient.GisMapData.Handlers.LayerFeatures.CameraLayerFeaturesHandlerTests" name="HandleGetLayerFeatures_ShouldReturnCameraLayerFeatures_WhenCameraKind" />
    </UnitTest>
    <UnitTest name="SearchCriteria_AddAndRemoveFilterValues_SearchAttributesCorrect" storage="d:\actions-runner\_work\xpco\xpco\sc\components\remoteviewer\smartclient\tst\zsmartclient_unittest\bin\x64\debug\net472\zsmartclient_unittest.dll" id="3013af1b-1881-534b-ca91-63b1a27651d6">
      <TestCategory>
        <TestCategoryItem TestCategory="Search" />
      </TestCategory>
      <Execution id="1f650c8f-4595-4e50-bae3-d731e01e7766" />
      <TestMethod codeBase="D:\actions-runner\_work\XPCO\XPCO\SC\Components\RemoteViewer\SmartClient\tst\zSmartClient_UnitTest\bin\x64\Debug\net472\zSmartClient_UnitTest.dll" adapterTypeName="executor://mstestadapter/v2" className="SmartClient_UnitTest.VideoOS.RemoteClient.Plugin.CentralizedSearch.ViewModels.SearchDefinitionViewModelTests" name="SearchCriteria_AddAndRemoveFilterValues_SearchAttributesCorrect" />
    </UnitTest>
    <UnitTest name="GetCameraTiles_ShouldReturnCorrectCameraTilesWithGroupTest" storage="d:\actions-runner\_work\xpco\xpco\sc\components\remoteviewer\smartclient\tst\zsmartclient_unittest\bin\x64\debug\net472\zsmartclient_unittest.dll" id="2eb02be1-be5b-c75f-226f-8371b8170b9a">
      <Execution id="1a9c663f-3f7e-4a3a-8ee6-3fd4ec70226d" />
      <TestMethod codeBase="D:\actions-runner\_work\XPCO\XPCO\SC\Components\RemoteViewer\SmartClient\tst\zSmartClient_UnitTest\bin\x64\Debug\net472\zSmartClient_UnitTest.dll" adapterTypeName="executor://mstestadapter/v2" className="SmartClient_UnitTest.VideoOS.RemoteClient.Application.Data.ContentTypes.ReportingContentType.DashboardTileProviderTest" name="GetCameraTiles_ShouldReturnCorrectCameraTilesWithGroupTest" />
    </UnitTest>
    <UnitTest name="SelectTemplate_CheckBoxFilterConfiguration_ReturnsInlineTemplate" storage="d:\actions-runner\_work\xpco\xpco\sc\components\remoteviewer\smartclient\tst\zsmartclient_unittest\bin\x64\debug\net472\zsmartclient_unittest.dll" id="e00615fe-3a8d-1512-20d9-8abe6916016f">
      <TestCategory>
        <TestCategoryItem TestCategory="SearchViews" />
      </TestCategory>
      <Execution id="c55b2ffd-dd42-4086-b898-7f5d8040614a" />
      <TestMethod codeBase="D:\actions-runner\_work\XPCO\XPCO\SC\Components\RemoteViewer\SmartClient\tst\zSmartClient_UnitTest\bin\x64\Debug\net472\zSmartClient_UnitTest.dll" adapterTypeName="executor://mstestadapter/v2" className="SmartClient_UnitTest.VideoOS.RemoteClient.Plugin.CentralizedSearch.Views.AttributeEditControlTemplateSelectorTests" name="SelectTemplate_CheckBoxFilterConfiguration_ReturnsInlineTemplate" />
    </UnitTest>
    <UnitTest name="MonitorPlaybackState_Deserialize_Success" storage="d:\actions-runner\_work\xpco\xpco\sc\components\remoteviewer\smartclient\tst\zsmartclient_unittest\bin\x64\debug\net472\zsmartclient_unittest.dll" id="3166ce8a-6864-b5e2-c1c8-2bea9adde082">
      <Execution id="11e2e337-466c-44d0-8eda-32ad153dd2a3" />
      <TestMethod codeBase="D:\actions-runner\_work\XPCO\XPCO\SC\Components\RemoteViewer\SmartClient\tst\zSmartClient_UnitTest\bin\x64\Debug\net472\zSmartClient_UnitTest.dll" adapterTypeName="executor://mstestadapter/v2" className="SmartClient_UnitTest.VideoOS.RemoteClient.Data.VideoWall.MonitorStateTests" name="MonitorPlaybackState_Deserialize_Success" />
    </UnitTest>
    <UnitTest name="ApplyStatesFromUi_ValidState_StateUpdated" storage="d:\actions-runner\_work\xpco\xpco\sc\components\remoteviewer\smartclient\tst\zsmartclient_unittest\bin\x64\debug\net472\zsmartclient_unittest.dll" id="24e7c2bb-215e-6687-9176-48e72f6cf85e">
      <TestCategory>
        <TestCategoryItem TestCategory="SearchViews" />
      </TestCategory>
      <Execution id="2e326eff-6cbb-4fe1-8bfc-3fa4a98e6fcc" />
      <TestMethod codeBase="D:\actions-runner\_work\XPCO\XPCO\SC\Components\RemoteViewer\SmartClient\tst\zSmartClient_UnitTest\bin\x64\Debug\net472\zSmartClient_UnitTest.dll" adapterTypeName="executor://mstestadapter/v2" className="SmartClient_UnitTest.VideoOS.RemoteClient.Plugin.CentralizedSearch.Views.SearchResultsViewTests" name="ApplyStatesFromUi_ValidState_StateUpdated" />
    </UnitTest>
    <UnitTest name="GetOsmServerAddress_ShouldReturnAlternativeServerValue_WhenGeographicLayerIsAvailableAndAlternativeServerIsNotEmpty" storage="d:\actions-runner\_work\xpco\xpco\sc\components\remoteviewer\smartclient\tst\zsmartclient_unittest\bin\x64\debug\net472\zsmartclient_unittest.dll" id="f5719a53-45a7-6c3f-5ed7-93d8143fc0a6">
      <TestCategory>
        <TestCategoryItem TestCategory="GisMapData.Controllers.Osm" />
      </TestCategory>
      <Execution id="ff1926dd-1818-4194-9bbd-df60bedfe766" />
      <TestMethod codeBase="D:\actions-runner\_work\XPCO\XPCO\SC\Components\RemoteViewer\SmartClient\tst\zSmartClient_UnitTest\bin\x64\Debug\net472\zSmartClient_UnitTest.dll" adapterTypeName="executor://mstestadapter/v2" className="SmartClient_UnitTest.VideoOS.RemoteClient.GisMapData.Controllers.Osm.GisMapOsmControllerTests" name="GetOsmServerAddress_ShouldReturnAlternativeServerValue_WhenGeographicLayerIsAvailableAndAlternativeServerIsNotEmpty" />
    </UnitTest>
    <UnitTest name="Init_NullState_CorrectViewModelSetOnView" storage="d:\actions-runner\_work\xpco\xpco\sc\components\remoteviewer\smartclient\tst\zsmartclient_unittest\bin\x64\debug\net472\zsmartclient_unittest.dll" id="7ca171df-e98e-0a85-0373-bda8d8a6f93c">
      <TestCategory>
        <TestCategoryItem TestCategory="Export" />
      </TestCategory>
      <Execution id="01a029ea-5bc6-4f44-81e9-2cc891948432" />
      <TestMethod codeBase="D:\actions-runner\_work\XPCO\XPCO\SC\Components\RemoteViewer\SmartClient\tst\zSmartClient_UnitTest\bin\x64\Debug\net472\zSmartClient_UnitTest.dll" adapterTypeName="executor://mstestadapter/v2" className="SmartClient_UnitTest.VideoOS.RemoteClient.Plugin.Export.ExportContentHolderTests" name="Init_NullState_CorrectViewModelSetOnView" />
    </UnitTest>
    <UnitTest name="DeleteSearchTemplateAsync_EmptyParameters_Success" storage="d:\actions-runner\_work\xpco\xpco\sc\components\remoteviewer\smartclient\tst\zsmartclient_unittest\bin\x64\debug\net472\zsmartclient_unittest.dll" id="c9af20fb-019d-827e-06ad-7b6611074f36">
      <TestCategory>
        <TestCategoryItem TestCategory="SearchTemplatesService" />
      </TestCategory>
      <Execution id="d015d3ba-3428-4f22-8940-c14b97f2e189" />
      <TestMethod codeBase="D:\actions-runner\_work\XPCO\XPCO\SC\Components\RemoteViewer\SmartClient\tst\zSmartClient_UnitTest\bin\x64\Debug\net472\zSmartClient_UnitTest.dll" adapterTypeName="executor://mstestadapter/v2" className="SmartClient_UnitTest.VideoOS.RemoteClient.Plugin.CentralizedSearch.SearchTemplates.Service.SearchTemplateServiceTests" name="DeleteSearchTemplateAsync_EmptyParameters_Success" />
    </UnitTest>
    <UnitTest name="IconResourceKey_ShouldBeValid_WhenInteractionStateIsAddCamera" storage="d:\actions-runner\_work\xpco\xpco\sc\components\remoteviewer\smartclient\tst\zsmartclient_unittest\bin\x64\debug\net472\zsmartclient_unittest.dll" id="8cc6d850-7864-120d-52a3-07064eb9831b">
      <TestCategory>
        <TestCategoryItem TestCategory="GisMap.UI.DeviceSelectors.PanelComponents" />
      </TestCategory>
      <Execution id="c7fe6197-618c-481a-9898-ed5e52ea839d" />
      <TestMethod codeBase="D:\actions-runner\_work\XPCO\XPCO\SC\Components\RemoteViewer\SmartClient\tst\zSmartClient_UnitTest\bin\x64\Debug\net472\zSmartClient_UnitTest.dll" adapterTypeName="executor://mstestadapter/v2" className="SmartClient_UnitTest.VideoOS.RemoteClient.Plugin.GisMap.UI.DeviceSelectors.PanelComponents.DeviceSelectorPanelComponentTests" name="IconResourceKey_ShouldBeValid_WhenInteractionStateIsAddCamera" />
    </UnitTest>
    <UnitTest name="PatrollingProfileListViewModel_Save_CreateProfile" storage="d:\actions-runner\_work\xpco\xpco\sc\components\remoteviewer\smartclient\tst\zsmartclient_unittest\bin\x64\debug\net472\zsmartclient_unittest.dll" id="e119e886-63ff-9e4b-f30c-287618dff31a">
      <Execution id="dcab80e4-ff7c-4279-8a43-07eb2d73906a" />
      <TestMethod codeBase="D:\actions-runner\_work\XPCO\XPCO\SC\Components\RemoteViewer\SmartClient\tst\zSmartClient_UnitTest\bin\x64\Debug\net472\zSmartClient_UnitTest.dll" adapterTypeName="executor://mstestadapter/v2" className="SmartClient_UnitTest.VideoOS.RemoteClient.Application.UI.PtzPreset.PatrollingViewModel.PatrollingProfileListViewModelTest" name="PatrollingProfileListViewModel_Save_CreateProfile" />
    </UnitTest>
    <UnitTest name="OnLoaded_ValidConfigurationInlineEdit_InlineAttributeEditControlSet" storage="d:\actions-runner\_work\xpco\xpco\sc\components\remoteviewer\smartclient\tst\zsmartclient_unittest\bin\x64\debug\net472\zsmartclient_unittest.dll" id="9b908469-0451-8cb6-bea4-479be46ad482">
      <TestCategory>
        <TestCategoryItem TestCategory="SearchViews" />
      </TestCategory>
      <Execution id="7c2ae41b-98f6-4a66-a27a-ba08642e6473" />
      <TestMethod codeBase="D:\actions-runner\_work\XPCO\XPCO\SC\Components\RemoteViewer\SmartClient\tst\zSmartClient_UnitTest\bin\x64\Debug\net472\zSmartClient_UnitTest.dll" adapterTypeName="executor://mstestadapter/v2" className="SmartClient_UnitTest.VideoOS.RemoteClient.Plugin.CentralizedSearch.Views.SearchAttributeViewTests" name="OnLoaded_ValidConfigurationInlineEdit_InlineAttributeEditControlSet" />
    </UnitTest>
    <UnitTest name="ActiveInteractionStateBinding_ShouldOnlyContainNormal_WhenCtorIsCalled" storage="d:\actions-runner\_work\xpco\xpco\sc\components\remoteviewer\smartclient\tst\zsmartclient_unittest\bin\x64\debug\net472\zsmartclient_unittest.dll" id="37999a11-7cfa-34e4-a6d5-5a66aba3e122">
      <TestCategory>
        <TestCategoryItem TestCategory="GisMap.MipItemMarker" />
      </TestCategory>
      <Execution id="ba954886-0d81-41f1-a22b-faaa1f8f60bd" />
      <TestMethod codeBase="D:\actions-runner\_work\XPCO\XPCO\SC\Components\RemoteViewer\SmartClient\tst\zSmartClient_UnitTest\bin\x64\Debug\net472\zSmartClient_UnitTest.dll" adapterTypeName="executor://mstestadapter/v2" className="SmartClient_UnitTest.VideoOS.RemoteClient.Plugin.GisMap.ThinkGeoMap.Markers.MipItemMarker.MipItemMarkerTests" name="ActiveInteractionStateBinding_ShouldOnlyContainNormal_WhenCtorIsCalled" />
    </UnitTest>
    <UnitTest name="SelectTemplate_SliderFilterConfiguration_ReturnsInlineTemplate" storage="d:\actions-runner\_work\xpco\xpco\sc\components\remoteviewer\smartclient\tst\zsmartclient_unittest\bin\x64\debug\net472\zsmartclient_unittest.dll" id="c0bd9a37-5d67-88a0-bfcd-3be0c84b2355">
      <TestCategory>
        <TestCategoryItem TestCategory="SearchViews" />
      </TestCategory>
      <Execution id="dae81034-9d1e-499c-9de3-c008343d5b7e" />
      <TestMethod codeBase="D:\actions-runner\_work\XPCO\XPCO\SC\Components\RemoteViewer\SmartClient\tst\zSmartClient_UnitTest\bin\x64\Debug\net472\zSmartClient_UnitTest.dll" adapterTypeName="executor://mstestadapter/v2" className="SmartClient_UnitTest.VideoOS.RemoteClient.Plugin.CentralizedSearch.Views.AttributeEditControlTemplateSelectorTests" name="SelectTemplate_SliderFilterConfiguration_ReturnsInlineTemplate" />
    </UnitTest>
    <UnitTest name="ResolveBaseResultProperties_ShouldOnlyReturnASingleTriggerTime_WhenThreeOutOfFourTriggerTimesAreOutsideBeginEnd" storage="d:\actions-runner\_work\xpco\xpco\sc\components\remoteviewer\smartclient\tst\zsmartclient_unittest\bin\x64\debug\net472\zsmartclient_unittest.dll" id="834cde2d-9602-045a-ea86-c849382faa06">
      <TestCategory>
        <TestCategoryItem TestCategory="Search" />
      </TestCategory>
      <Execution id="c025a0f0-be85-4088-b242-0d6c14c9fa82" />
      <TestMethod codeBase="D:\actions-runner\_work\XPCO\XPCO\SC\Components\RemoteViewer\SmartClient\tst\zSmartClient_UnitTest\bin\x64\Debug\net472\zSmartClient_UnitTest.dll" adapterTypeName="executor://mstestadapter/v2" className="SmartClient_UnitTest.VideoOS.RemoteClient.Plugin.CentralizedSearch.Utils.SearchResultDataWrapperExtensionsTests" name="ResolveBaseResultProperties_ShouldOnlyReturnASingleTriggerTime_WhenThreeOutOfFourTriggerTimesAreOutsideBeginEnd" />
    </UnitTest>
    <UnitTest name="ConvertToValidPath_WhenNotAllowDirectories_ConvertToValidPath" storage="d:\actions-runner\_work\xpco\xpco\sc\components\remoteviewer\smartclient\tst\zsmartclient_unittest\bin\x64\debug\net472\zsmartclient_unittest.dll" id="670e500e-5c39-dd47-a9de-bf38c3c1554c">
      <Execution id="15593e0b-06d6-4b5e-a148-48ec21a46ee5" />
      <TestMethod codeBase="D:\actions-runner\_work\XPCO\XPCO\SC\Components\RemoteViewer\SmartClient\tst\zSmartClient_UnitTest\bin\x64\Debug\net472\zSmartClient_UnitTest.dll" adapterTypeName="executor://mstestadapter/v2" className="SmartClient_UnitTest.VideoOS.RemoteClient.Application.Common.FilePathValidatorTest" name="ConvertToValidPath_WhenNotAllowDirectories_ConvertToValidPath" />
    </UnitTest>
    <UnitTest name="GetClusters_ExcludeFromClustering_OnlyClustersForExcludedItems" storage="d:\actions-runner\_work\xpco\xpco\sc\components\remoteviewer\smartclient\tst\zsmartclient_unittest\bin\x64\debug\net472\zsmartclient_unittest.dll" id="0a4e5b36-6578-df3d-cfd2-3d6ee660820a">
      <TestCategory>
        <TestCategoryItem TestCategory="GisMapIndex" />
      </TestCategory>
      <Execution id="a24b5286-1980-40d5-908f-cb53fec62ad2" />
      <TestMethod codeBase="D:\actions-runner\_work\XPCO\XPCO\SC\Components\RemoteViewer\SmartClient\tst\zSmartClient_UnitTest\bin\x64\Debug\net472\zSmartClient_UnitTest.dll" adapterTypeName="executor://mstestadapter/v2" className="SmartClient_UnitTest.VideoOS.RemoteClient.GisMapData.Common.Indexer.BuildingsAwareIndexerTests" name="GetClusters_ExcludeFromClustering_OnlyClustersForExcludedItems" />
    </UnitTest>
    <UnitTest name="ForceUpdate_CallsUpdateStrategyForceUpdate" storage="d:\actions-runner\_work\xpco\xpco\sc\components\remoteviewer\smartclient\tst\zsmartclient_unittest\bin\x64\debug\net472\zsmartclient_unittest.dll" id="737570f7-4183-1643-93e9-5894a6ee837f">
      <TestCategory>
        <TestCategoryItem TestCategory="MipItemsRetriever" />
      </TestCategory>
      <Execution id="37de04c2-d8de-4cef-a113-0d924c5d908f" />
      <TestMethod codeBase="D:\actions-runner\_work\XPCO\XPCO\SC\Components\RemoteViewer\SmartClient\tst\zSmartClient_UnitTest\bin\x64\Debug\net472\zSmartClient_UnitTest.dll" adapterTypeName="executor://mstestadapter/v2" className="SmartClient_UnitTest.VideoOS.RemoteClient.Plugin.GisMap.MIP.MipItemsRetrieverTests" name="ForceUpdate_CallsUpdateStrategyForceUpdate" />
    </UnitTest>
    <UnitTest name="BuildState_SelectionWithSingleSearchDefinition_Success" storage="d:\actions-runner\_work\xpco\xpco\sc\components\remoteviewer\smartclient\tst\zsmartclient_unittest\bin\x64\debug\net472\zsmartclient_unittest.dll" id="62bfa639-11d3-81b7-beea-8fc58ddae302">
      <TestCategory>
        <TestCategoryItem TestCategory="Search" />
      </TestCategory>
      <Execution id="af7199e2-7cc3-4bfb-a17d-24624267c910" />
      <TestMethod codeBase="D:\actions-runner\_work\XPCO\XPCO\SC\Components\RemoteViewer\SmartClient\tst\zSmartClient_UnitTest\bin\x64\Debug\net472\zSmartClient_UnitTest.dll" adapterTypeName="executor://mstestadapter/v2" className="SmartClient_UnitTest.VideoOS.RemoteClient.Plugin.CentralizedSearch.CentralizedSearchContentHolderTests" name="BuildState_SelectionWithSingleSearchDefinition_Success" />
    </UnitTest>
    <UnitTest name="CreateGeometry_EmptyPointsCollection_ThrowsArgException" storage="d:\actions-runner\_work\xpco\xpco\sc\components\remoteviewer\smartclient\tst\zsmartclient_unittest\bin\x64\debug\net472\zsmartclient_unittest.dll" id="11bc7ddd-0334-e311-f2a7-f381145ec805">
      <TestCategory>
        <TestCategoryItem TestCategory="GisMapIndex" />
      </TestCategory>
      <Execution id="0c8ed151-ad69-442a-9f35-69601f0b33c2" />
      <TestMethod codeBase="D:\actions-runner\_work\XPCO\XPCO\SC\Components\RemoteViewer\SmartClient\tst\zSmartClient_UnitTest\bin\x64\Debug\net472\zSmartClient_UnitTest.dll" adapterTypeName="executor://mstestadapter/v2" className="SmartClient_UnitTest.VideoOS.RemoteClient.GisMapData.Common.Indexer.IndexUtilTests" name="CreateGeometry_EmptyPointsCollection_ThrowsArgException" />
    </UnitTest>
    <UnitTest name="GetLayerFeatures_ShouldReturnInputLayerFeaturesBasedOnInputItemsMapLayer_WhenInputKind" storage="d:\actions-runner\_work\xpco\xpco\sc\components\remoteviewer\smartclient\tst\zsmartclient_unittest\bin\x64\debug\net472\zsmartclient_unittest.dll" id="6fad06d6-6e6b-b6b2-c6ce-b133426e326c">
      <TestCategory>
        <TestCategoryItem TestCategory="GisMapData.Controllers.LayerFeatures" />
      </TestCategory>
      <Execution id="9dfc107f-18e5-4715-ad95-860c72249d72" />
      <TestMethod codeBase="D:\actions-runner\_work\XPCO\XPCO\SC\Components\RemoteViewer\SmartClient\tst\zSmartClient_UnitTest\bin\x64\Debug\net472\zSmartClient_UnitTest.dll" adapterTypeName="executor://mstestadapter/v2" className="SmartClient_UnitTest.VideoOS.RemoteClient.GisMapData.Controllers.LayerFeatures.LayerFeaturesControllerTests" name="GetLayerFeatures_ShouldReturnInputLayerFeaturesBasedOnInputItemsMapLayer_WhenInputKind" />
    </UnitTest>
    <UnitTest name="AddToExportTuples_ShouldReturnCorrectResult (0,0,0)" storage="d:\actions-runner\_work\xpco\xpco\sc\components\remoteviewer\smartclient\tst\zsmartclient_unittest\bin\x64\debug\net472\zsmartclient_unittest.dll" id="9d816285-0b59-6b20-cfe0-b3a6030c5ba5">
      <TestCategory>
        <TestCategoryItem TestCategory="Managers" />
      </TestCategory>
      <Execution id="6ac116a8-61af-43a5-b2f3-7ac5b70207f4" />
      <TestMethod codeBase="D:\actions-runner\_work\XPCO\XPCO\SC\Components\RemoteViewer\SmartClient\tst\zSmartClient_UnitTest\bin\x64\Debug\net472\zSmartClient_UnitTest.dll" adapterTypeName="executor://mstestadapter/v2" className="SmartClient_UnitTest.VideoOS.RemoteClient.Application.Managers.ExportManagerTests" name="AddToExportTuples_ShouldReturnCorrectResult" />
    </UnitTest>
    <UnitTest name="WorkspaceChangedEvent_ShouldSetLayerDeviceVisibilityItemDataCached_WhenEnteringIntoSetupMode" storage="d:\actions-runner\_work\xpco\xpco\sc\components\remoteviewer\smartclient\tst\zsmartclient_unittest\bin\x64\debug\net472\zsmartclient_unittest.dll" id="54665edf-a1f2-e9fe-2f83-fd5f97c5627f">
      <TestCategory>
        <TestCategoryItem TestCategory="GisMap.DefaultFixedLayerManagerStrategyTests" />
      </TestCategory>
      <Execution id="96150235-b8e8-453a-82db-fe26c9c0091d" />
      <TestMethod codeBase="D:\actions-runner\_work\XPCO\XPCO\SC\Components\RemoteViewer\SmartClient\tst\zSmartClient_UnitTest\bin\x64\Debug\net472\zSmartClient_UnitTest.dll" adapterTypeName="executor://mstestadapter/v2" className="SmartClient_UnitTest.VideoOS.RemoteClient.Plugin.GisMap.ViewModels.LayersVisibility.FixedLayers.DefaultFixedLayerManagerStrategyTests" name="WorkspaceChangedEvent_ShouldSetLayerDeviceVisibilityItemDataCached_WhenEnteringIntoSetupMode" />
    </UnitTest>
    <UnitTest name="GetActivatedOutputIconId_ShouldRaiseArgumentException_WhenArgumentIsNotADeactivatedOutputIconId" storage="d:\actions-runner\_work\xpco\xpco\sc\components\remoteviewer\smartclient\tst\zsmartclient_unittest\bin\x64\debug\net472\zsmartclient_unittest.dll" id="9f080b69-ff73-e1e5-ebe4-dd30c3c983a4">
      <TestCategory>
        <TestCategoryItem TestCategory="GisMapData.OutputOemResourcesProviderTests" />
      </TestCategory>
      <Execution id="a309d7bf-2741-43ac-9e4c-682d681f4310" />
      <TestMethod codeBase="D:\actions-runner\_work\XPCO\XPCO\SC\Components\RemoteViewer\SmartClient\tst\zSmartClient_UnitTest\bin\x64\Debug\net472\zSmartClient_UnitTest.dll" adapterTypeName="executor://mstestadapter/v2" className="SmartClient_UnitTest.VideoOS.RemoteClient.GisMapData.Resources.OutputOemResourcesProviderTests" name="GetActivatedOutputIconId_ShouldRaiseArgumentException_WhenArgumentIsNotADeactivatedOutputIconId" />
    </UnitTest>
    <UnitTest name="SearchResultsActionBarActions_CreateEvidenceLock_OptionAvailable_Enabled" storage="d:\actions-runner\_work\xpco\xpco\sc\components\remoteviewer\smartclient\tst\zsmartclient_unittest\bin\x64\debug\net472\zsmartclient_unittest.dll" id="3127eee9-b24b-38fc-7372-b6a7a8378a18">
      <TestCategory>
        <TestCategoryItem TestCategory="SearchResultActionBarViewModel" />
      </TestCategory>
      <Execution id="f80f7cd4-bb6b-4d46-819b-16e03da969e1" />
      <TestMethod codeBase="D:\actions-runner\_work\XPCO\XPCO\SC\Components\RemoteViewer\SmartClient\tst\zSmartClient_UnitTest\bin\x64\Debug\net472\zSmartClient_UnitTest.dll" adapterTypeName="executor://mstestadapter/v2" className="SmartClient_UnitTest.VideoOS.RemoteClient.Plugin.CentralizedSearch.ViewModels.SearchResultsActionBarViewModelTest" name="SearchResultsActionBarActions_CreateEvidenceLock_OptionAvailable_Enabled" />
    </UnitTest>
    <UnitTest name="ManualRecordingResultDto_ShouldYieldSameValues_WhenRoundTripConverted" storage="d:\actions-runner\_work\xpco\xpco\sc\components\remoteviewer\smartclient\tst\zsmartclient_unittest\bin\x64\debug\net472\zsmartclient_unittest.dll" id="95b39f8a-1d05-ef16-b7bc-9f5670cd4fdd">
      <TestCategory>
        <TestCategoryItem TestCategory="RecorderProxyToDtoMapping" />
      </TestCategory>
      <Execution id="96090eed-ae4d-4651-ba35-421295ea55d2" />
      <TestMethod codeBase="D:\actions-runner\_work\XPCO\XPCO\SC\Components\RemoteViewer\SmartClient\tst\zSmartClient_UnitTest\bin\x64\Debug\net472\zSmartClient_UnitTest.dll" adapterTypeName="executor://mstestadapter/v2" className="VideoOS.Shared.ServerAPI.SOAP.RecorderClientMappingTests" name="ManualRecordingResultDto_ShouldYieldSameValues_WhenRoundTripConverted" />
    </UnitTest>
    <UnitTest name="CalculateNewExtent_ShouldLimitExtent_WhenBeyondMaxOnLowerRightEdge" storage="d:\actions-runner\_work\xpco\xpco\sc\components\remoteviewer\smartclient\tst\zsmartclient_unittest\bin\x64\debug\net472\zsmartclient_unittest.dll" id="eee00570-2c88-ed70-4bff-bb8eb4983fd1">
      <TestCategory>
        <TestCategoryItem TestCategory="MipItemsUpdateStrategy" />
      </TestCategory>
      <Execution id="45c63aca-e0f5-49ca-b372-12e2e3b91ec7" />
      <TestMethod codeBase="D:\actions-runner\_work\XPCO\XPCO\SC\Components\RemoteViewer\SmartClient\tst\zSmartClient_UnitTest\bin\x64\Debug\net472\zSmartClient_UnitTest.dll" adapterTypeName="executor://mstestadapter/v2" className="SmartClient_UnitTest.VideoOS.RemoteClient.Plugin.GisMap.MIP.MipItemsUpdateStrategyTests" name="CalculateNewExtent_ShouldLimitExtent_WhenBeyondMaxOnLowerRightEdge" />
    </UnitTest>
    <UnitTest name="Connect_WhenMajorServerVersionIs13AndMinorServerVersionIs3_ShouldCreateNewSchClient" storage="d:\actions-runner\_work\xpco\xpco\sc\components\remoteviewer\smartclient\tst\zsmartclient_unittest\bin\x64\debug\net472\zsmartclient_unittest.dll" id="5a96ab5f-7525-5e8b-4ceb-aece78f169bb">
      <Execution id="2a2c1655-c46a-41e7-a21b-524a1fe3bea1" />
      <TestMethod codeBase="D:\actions-runner\_work\XPCO\XPCO\SC\Components\RemoteViewer\SmartClient\tst\zSmartClient_UnitTest\bin\x64\Debug\net472\zSmartClient_UnitTest.dll" adapterTypeName="executor://mstestadapter/v2" className="VideoOS.Shared.ServerAPI.ServiceChannel.UnitTest.ServiceChannelCommandServiceTests" name="Connect_WhenMajorServerVersionIs13AndMinorServerVersionIs3_ShouldCreateNewSchClient" />
    </UnitTest>
    <UnitTest name="GetWorkspaceToolbarItems_ShouldReturnCorrectToolbarItemAsVisible_WhenWorkspaceIsDifferentForPlugins" storage="d:\actions-runner\_work\xpco\xpco\sc\components\remoteviewer\smartclient\tst\zsmartclient_unittest\bin\x64\debug\net472\zsmartclient_unittest.dll" id="fca611f3-84ae-9eb6-8d99-31763ce69bf9">
      <TestCategory>
        <TestCategoryItem TestCategory="WorkspaceToolbar" />
      </TestCategory>
      <Execution id="c053f853-e895-4652-aeac-ee43bd3ec187" />
      <TestMethod codeBase="D:\actions-runner\_work\XPCO\XPCO\SC\Components\RemoteViewer\SmartClient\tst\zSmartClient_UnitTest\bin\x64\Debug\net472\zSmartClient_UnitTest.dll" adapterTypeName="executor://mstestadapter/v2" className="SmartClient_UnitTest.VideoOS.RemoteClient.Application.UI.Content.WorkspaceToolbar.MIPWorkspaceToolbarItemManagerTests" name="GetWorkspaceToolbarItems_ShouldReturnCorrectToolbarItemAsVisible_WhenWorkspaceIsDifferentForPlugins" />
    </UnitTest>
    <UnitTest name="TestLoadAsync_Success" storage="d:\actions-runner\_work\xpco\xpco\sc\components\remoteviewer\smartclient\tst\zsmartclient_unittest\bin\x64\debug\net472\zsmartclient_unittest.dll" id="34f71d61-40e4-8716-5c83-5c84a7e66552">
      <TestCategory>
        <TestCategoryItem TestCategory="GisMapBuilding" />
      </TestCategory>
      <Execution id="1cd9ad5c-0d1a-4fba-a190-1325f0d55f62" />
      <TestMethod codeBase="D:\actions-runner\_work\XPCO\XPCO\SC\Components\RemoteViewer\SmartClient\tst\zSmartClient_UnitTest\bin\x64\Debug\net472\zSmartClient_UnitTest.dll" adapterTypeName="executor://mstestadapter/v2" className="SmartClient_UnitTest.VideoOS.RemoteClient.GisMapData.MapBuildings.MapLevelTests" name="TestLoadAsync_Success" />
    </UnitTest>
    <UnitTest name="MoveToTop_ShouldMoveItemIndexInItemCollection_WhenItemIsNotAlreadyTopmost" storage="d:\actions-runner\_work\xpco\xpco\sc\components\remoteviewer\smartclient\tst\zsmartclient_unittest\bin\x64\debug\net472\zsmartclient_unittest.dll" id="a8f4b6d2-f49f-cfb1-a73f-419bc32fb67e">
      <TestCategory>
        <TestCategoryItem TestCategory="MapItemMarkerBase" />
      </TestCategory>
      <Execution id="26449af5-e31c-42f9-9fc1-08c379f634f2" />
      <TestMethod codeBase="D:\actions-runner\_work\XPCO\XPCO\SC\Components\RemoteViewer\SmartClient\tst\zSmartClient_UnitTest\bin\x64\Debug\net472\zSmartClient_UnitTest.dll" adapterTypeName="executor://mstestadapter/v2" className="SmartClient_UnitTest.VideoOS.RemoteClient.Plugin.GisMap.ThinkGeoMap.Markers.MapItemMarkerBaseTests" name="MoveToTop_ShouldMoveItemIndexInItemCollection_WhenItemIsNotAlreadyTopmost" />
    </UnitTest>
    <UnitTest name="Search_PreviouslyAddedFilterValueRemoved_SubDefinitionOnlyUsesRemainingFilterValues" storage="d:\actions-runner\_work\xpco\xpco\sc\components\remoteviewer\smartclient\tst\zsmartclient_unittest\bin\x64\debug\net472\zsmartclient_unittest.dll" id="09064739-d6f3-b35b-43e1-f9b5634afbd3">
      <TestCategory>
        <TestCategoryItem TestCategory="Search" />
      </TestCategory>
      <Execution id="b561c2ad-7749-46dd-afed-9bf43802fd48" />
      <TestMethod codeBase="D:\actions-runner\_work\XPCO\XPCO\SC\Components\RemoteViewer\SmartClient\tst\zSmartClient_UnitTest\bin\x64\Debug\net472\zSmartClient_UnitTest.dll" adapterTypeName="executor://mstestadapter/v2" className="SmartClient_UnitTest.VideoOS.RemoteClient.Plugin.CentralizedSearch.MIPPlugin.CompositeSearchDefinitionTests" name="Search_PreviouslyAddedFilterValueRemoved_SubDefinitionOnlyUsesRemainingFilterValues" />
    </UnitTest>
    <UnitTest name="AddToSearchSelectedEvent_AllCategoriesSelected_Success" storage="d:\actions-runner\_work\xpco\xpco\sc\components\remoteviewer\smartclient\tst\zsmartclient_unittest\bin\x64\debug\net472\zsmartclient_unittest.dll" id="ef94c6fe-3d3c-a109-4351-ac27f971b64d">
      <TestCategory>
        <TestCategoryItem TestCategory="SearchControls" />
      </TestCategory>
      <Execution id="9d17fd55-4f28-4180-bdf2-1994dd40bebb" />
      <TestMethod codeBase="D:\actions-runner\_work\XPCO\XPCO\SC\Components\RemoteViewer\SmartClient\tst\zSmartClient_UnitTest\bin\x64\Debug\net472\zSmartClient_UnitTest.dll" adapterTypeName="executor://mstestadapter/v2" className="SmartClient_UnitTest.VideoOS.RemoteClient.Plugin.CentralizedSearch.Views.Controls.SearchCategorySelect.SelectSearchCategoryLayoutTests" name="AddToSearchSelectedEvent_AllCategoriesSelected_Success" />
    </UnitTest>
    <UnitTest name="Map_DeleteLayer_ImageLayer_Success" storage="d:\actions-runner\_work\xpco\xpco\sc\components\remoteviewer\smartclient\tst\zsmartclient_unittest\bin\x64\debug\net472\zsmartclient_unittest.dll" id="f4a81b1f-d65d-e48b-b006-18eab3f2b023">
      <TestCategory>
        <TestCategoryItem TestCategory="GisMapLayers" />
      </TestCategory>
      <Execution id="02ba5d74-5301-4757-9fc7-c2ecf17a3aa3" />
      <TestMethod codeBase="D:\actions-runner\_work\XPCO\XPCO\SC\Components\RemoteViewer\SmartClient\tst\zSmartClient_UnitTest\bin\x64\Debug\net472\zSmartClient_UnitTest.dll" adapterTypeName="executor://mstestadapter/v2" className="SmartClient_UnitTest.VideoOS.RemoteClient.GisMapData.GisMapLayerTests" name="Map_DeleteLayer_ImageLayer_Success" />
    </UnitTest>
    <UnitTest name="EndSelection_ShouldNotStartInPlaceEditMode_WhenItemIsNotSelected" storage="d:\actions-runner\_work\xpco\xpco\sc\components\remoteviewer\smartclient\tst\zsmartclient_unittest\bin\x64\debug\net472\zsmartclient_unittest.dll" id="9bd36f2b-bb15-3fec-5cc0-8da29f15f2eb">
      <TestCategory>
        <TestCategoryItem TestCategory="SmartMap.SelectionHelper" />
      </TestCategory>
      <Execution id="923145b4-eb6a-4cff-915e-48bf23d83808" />
      <TestMethod codeBase="D:\actions-runner\_work\XPCO\XPCO\SC\Components\RemoteViewer\SmartClient\tst\zSmartClient_UnitTest\bin\x64\Debug\net472\zSmartClient_UnitTest.dll" adapterTypeName="executor://mstestadapter/v2" className="SmartClient_UnitTest.VideoOS.RemoteClient.Plugin.GisMap.ThinkGeoMap.SpecializedOverlays.Overlays.SelectionHelperTests" name="EndSelection_ShouldNotStartInPlaceEditMode_WhenItemIsNotSelected" />
    </UnitTest>
    <UnitTest name="CreateSearchTemplateAsync_ThrowTimeoutException_Success" storage="d:\actions-runner\_work\xpco\xpco\sc\components\remoteviewer\smartclient\tst\zsmartclient_unittest\bin\x64\debug\net472\zsmartclient_unittest.dll" id="c26bcfcf-d6cf-eb3f-8de4-51157c9540bf">
      <TestCategory>
        <TestCategoryItem TestCategory="SearchTemplatesService" />
      </TestCategory>
      <Execution id="7b9d8666-6e73-4f2d-9033-5f494464cd0b" />
      <TestMethod codeBase="D:\actions-runner\_work\XPCO\XPCO\SC\Components\RemoteViewer\SmartClient\tst\zSmartClient_UnitTest\bin\x64\Debug\net472\zSmartClient_UnitTest.dll" adapterTypeName="executor://mstestadapter/v2" className="SmartClient_UnitTest.VideoOS.RemoteClient.Plugin.CentralizedSearch.SearchTemplates.Service.SearchTemplateServiceTests" name="CreateSearchTemplateAsync_ThrowTimeoutException_Success" />
    </UnitTest>
    <UnitTest name="GetLayerFeatures_ShouldReturnOutputLayerFeatures_WhenOutputKind" storage="d:\actions-runner\_work\xpco\xpco\sc\components\remoteviewer\smartclient\tst\zsmartclient_unittest\bin\x64\debug\net472\zsmartclient_unittest.dll" id="2b33b0ae-9699-070c-729a-42132d028501">
      <TestCategory>
        <TestCategoryItem TestCategory="GisMapData.Controllers.LayerFeatures" />
      </TestCategory>
      <Execution id="29dbee5b-ec05-42cb-9249-5566d0f5def7" />
      <TestMethod codeBase="D:\actions-runner\_work\XPCO\XPCO\SC\Components\RemoteViewer\SmartClient\tst\zSmartClient_UnitTest\bin\x64\Debug\net472\zSmartClient_UnitTest.dll" adapterTypeName="executor://mstestadapter/v2" className="SmartClient_UnitTest.VideoOS.RemoteClient.GisMapData.Controllers.LayerFeatures.LayerFeaturesControllerTests" name="GetLayerFeatures_ShouldReturnOutputLayerFeatures_WhenOutputKind" />
    </UnitTest>
    <UnitTest name="MainScopeTitleMaxWidthConverter_ConvertSuccess" storage="d:\actions-runner\_work\xpco\xpco\sc\components\remoteviewer\smartclient\tst\zsmartclient_unittest\bin\x64\debug\net472\zsmartclient_unittest.dll" id="b875a004-85a0-61f0-5a06-f872b9bf4ce4">
      <TestCategory>
        <TestCategoryItem TestCategory="SearchConverter" />
      </TestCategory>
      <Execution id="3abdc0f4-b181-4c15-b048-053cffe23989" />
      <TestMethod codeBase="D:\actions-runner\_work\XPCO\XPCO\SC\Components\RemoteViewer\SmartClient\tst\zSmartClient_UnitTest\bin\x64\Debug\net472\zSmartClient_UnitTest.dll" adapterTypeName="executor://mstestadapter/v2" className="SmartClient_UnitTest.VideoOS.RemoteClient.Plugin.CentralizedSearch.Views.Converters.MainScopeTitleMaxWidthConverterTests" name="MainScopeTitleMaxWidthConverter_ConvertSuccess" />
    </UnitTest>
    <UnitTest name="Warning_Shown_When_Reducing_Protection_Expiry" storage="d:\actions-runner\_work\xpco\xpco\sc\components\remoteviewer\smartclient\tst\zsmartclient_unittest\bin\x64\debug\net472\zsmartclient_unittest.dll" id="0b44e872-d464-60e7-3348-83243bc0d155">
      <Execution id="b4072e88-aa0e-414f-b561-ccaf54cf0037" />
      <TestMethod codeBase="D:\actions-runner\_work\XPCO\XPCO\SC\Components\RemoteViewer\SmartClient\tst\zSmartClient_UnitTest\bin\x64\Debug\net472\zSmartClient_UnitTest.dll" adapterTypeName="executor://mstestadapter/v2" className="SmartClient_UnitTest.VideoOS.RemoteClient.Application.Components.EvidenceLock.EvidenceLockCreateEditTests" name="Warning_Shown_When_Reducing_Protection_Expiry" />
    </UnitTest>
    <UnitTest name="Constructor_ShouldRaiseArgumentNullException_WhenLoggerIsNull" storage="d:\actions-runner\_work\xpco\xpco\sc\components\remoteviewer\smartclient\tst\zsmartclient_unittest\bin\x64\debug\net472\zsmartclient_unittest.dll" id="88c2b0d8-15cc-99cf-0786-93c215c0f665">
      <TestCategory>
        <TestCategoryItem TestCategory="GisMapAudioController" />
      </TestCategory>
      <Execution id="148c5798-d52f-4aa8-ad4e-6a169c64a918" />
      <TestMethod codeBase="D:\actions-runner\_work\XPCO\XPCO\SC\Components\RemoteViewer\SmartClient\tst\zSmartClient_UnitTest\bin\x64\Debug\net472\zSmartClient_UnitTest.dll" adapterTypeName="executor://mstestadapter/v2" className="SmartClient_UnitTest.VideoOS.RemoteClient.GisMapData.GisMapAudioControllerTests" name="Constructor_ShouldRaiseArgumentNullException_WhenLoggerIsNull" />
    </UnitTest>
    <UnitTest name="TestForAssemblyCoverage" storage="d:\actions-runner\_work\xpco\xpco\sc\components\remoteviewer\smartclient\tst\zsmartclient_unittest\bin\x64\debug\net472\zsmartclient_unittest.dll" id="4a5dc23b-ffe3-e948-472d-9d60d6e22bd4">
      <Execution id="0d448c3f-967c-4c03-9eb2-8e49a956c1ff" />
      <TestMethod codeBase="D:\actions-runner\_work\XPCO\XPCO\SC\Components\RemoteViewer\SmartClient\tst\zSmartClient_UnitTest\bin\x64\Debug\net472\zSmartClient_UnitTest.dll" adapterTypeName="executor://mstestadapter/v2" className="SmartClient_UnitTest.VideoOS.RemoteClient.VMOData.UnitTest1" name="TestForAssemblyCoverage" />
    </UnitTest>
    <UnitTest name="OnSizeChanged_PluginButtonsPresentInActionBar_PluginButtonsMovedToOverflowMenu" storage="d:\actions-runner\_work\xpco\xpco\sc\components\remoteviewer\smartclient\tst\zsmartclient_unittest\bin\x64\debug\net472\zsmartclient_unittest.dll" id="f50ada7c-d947-8c69-ca9d-bb57a8cda16a">
      <TestCategory>
        <TestCategoryItem TestCategory="SearchViews" />
      </TestCategory>
      <Execution id="68237753-4d26-40ef-9398-e00e782a37d3" />
      <TestMethod codeBase="D:\actions-runner\_work\XPCO\XPCO\SC\Components\RemoteViewer\SmartClient\tst\zSmartClient_UnitTest\bin\x64\Debug\net472\zSmartClient_UnitTest.dll" adapterTypeName="executor://mstestadapter/v2" className="SmartClient_UnitTest.VideoOS.RemoteClient.Plugin.CentralizedSearch.Views.SearchResultActionBarViewTests" name="OnSizeChanged_PluginButtonsPresentInActionBar_PluginButtonsMovedToOverflowMenu" />
    </UnitTest>
    <UnitTest name="Constructor_ShouldRaiseArgumentNullException_WhenGisMapViewModelIsNull" storage="d:\actions-runner\_work\xpco\xpco\sc\components\remoteviewer\smartclient\tst\zsmartclient_unittest\bin\x64\debug\net472\zsmartclient_unittest.dll" id="d971de1e-b31f-31c2-fa67-f30dd423d56b">
      <TestCategory>
        <TestCategoryItem TestCategory="GisMap.LayerVisibilityViewModelTests" />
      </TestCategory>
      <Execution id="5e256779-431e-406a-a079-40f9c632827d" />
      <TestMethod codeBase="D:\actions-runner\_work\XPCO\XPCO\SC\Components\RemoteViewer\SmartClient\tst\zSmartClient_UnitTest\bin\x64\Debug\net472\zSmartClient_UnitTest.dll" adapterTypeName="executor://mstestadapter/v2" className="SmartClient_UnitTest.VideoOS.RemoteClient.Plugin.GisMap.ViewModels.LayerVisibilityViewModelTests" name="Constructor_ShouldRaiseArgumentNullException_WhenGisMapViewModelIsNull" />
    </UnitTest>
    <UnitTest name="Constructor_ShouldRaiseArgumentNullException_WhenGisMapModelIsNull" storage="d:\actions-runner\_work\xpco\xpco\sc\components\remoteviewer\smartclient\tst\zsmartclient_unittest\bin\x64\debug\net472\zsmartclient_unittest.dll" id="80316af5-ff8d-d096-8b7d-158b3853fd75">
      <TestCategory>
        <TestCategoryItem TestCategory="GisMap.Handlers.Devices.MapItems" />
      </TestCategory>
      <Execution id="ae1de2ed-3e3b-4441-9dca-1aa6ee6c0312" />
      <TestMethod codeBase="D:\actions-runner\_work\XPCO\XPCO\SC\Components\RemoteViewer\SmartClient\tst\zSmartClient_UnitTest\bin\x64\Debug\net472\zSmartClient_UnitTest.dll" adapterTypeName="executor://mstestadapter/v2" className="SmartClient_UnitTest.VideoOS.RemoteClient.Plugin.GisMap.Handlers.Devices.MapItems.CameraDataHandlerTests" name="Constructor_ShouldRaiseArgumentNullException_WhenGisMapModelIsNull" />
    </UnitTest>
    <UnitTest name="Parse_TwelveHours_Success" storage="d:\actions-runner\_work\xpco\xpco\sc\components\remoteviewer\smartclient\tst\zsmartclient_unittest\bin\x64\debug\net472\zsmartclient_unittest.dll" id="24de239e-634e-94d1-f05a-2dd6d4c77c91">
      <TestCategory>
        <TestCategoryItem TestCategory="Search" />
      </TestCategory>
      <Execution id="dccd7863-9cdd-43bc-aaf5-d8bef6a8d78b" />
      <TestMethod codeBase="D:\actions-runner\_work\XPCO\XPCO\SC\Components\RemoteViewer\SmartClient\tst\zSmartClient_UnitTest\bin\x64\Debug\net472\zSmartClient_UnitTest.dll" adapterTypeName="executor://mstestadapter/v2" className="SmartClient_UnitTest.VideoOS.RemoteClient.Plugin.CentralizedSearch.Models.ScopeDurationTests" name="Parse_TwelveHours_Success" />
    </UnitTest>
    <UnitTest name="MotionAreaInfosDto_ShouldYieldSameValues_WhenRoundTripConverted" storage="d:\actions-runner\_work\xpco\xpco\sc\components\remoteviewer\smartclient\tst\zsmartclient_unittest\bin\x64\debug\net472\zsmartclient_unittest.dll" id="5479df44-d54f-1884-c573-5213e20618b0">
      <TestCategory>
        <TestCategoryItem TestCategory="RecorderProxyToDtoMapping" />
      </TestCategory>
      <Execution id="ac8fa4c0-c8a5-46b1-a6e6-58b4b55f4884" />
      <TestMethod codeBase="D:\actions-runner\_work\XPCO\XPCO\SC\Components\RemoteViewer\SmartClient\tst\zSmartClient_UnitTest\bin\x64\Debug\net472\zSmartClient_UnitTest.dll" adapterTypeName="executor://mstestadapter/v2" className="VideoOS.Shared.ServerAPI.SOAP.RecorderClientMappingTests" name="MotionAreaInfosDto_ShouldYieldSameValues_WhenRoundTripConverted" />
    </UnitTest>
    <UnitTest name="SearchResultsActionBarActions_Export_Exists" storage="d:\actions-runner\_work\xpco\xpco\sc\components\remoteviewer\smartclient\tst\zsmartclient_unittest\bin\x64\debug\net472\zsmartclient_unittest.dll" id="74bce2b8-452d-5f85-d604-2ca1701607c3">
      <TestCategory>
        <TestCategoryItem TestCategory="SearchResultActionBarViewModel" />
      </TestCategory>
      <Execution id="a5ac359c-5698-449a-bbbc-3f7721b50268" />
      <TestMethod codeBase="D:\actions-runner\_work\XPCO\XPCO\SC\Components\RemoteViewer\SmartClient\tst\zSmartClient_UnitTest\bin\x64\Debug\net472\zSmartClient_UnitTest.dll" adapterTypeName="executor://mstestadapter/v2" className="SmartClient_UnitTest.VideoOS.RemoteClient.Plugin.CentralizedSearch.ViewModels.SearchResultsActionBarViewModelTest" name="SearchResultsActionBarActions_Export_Exists" />
    </UnitTest>
    <UnitTest name="CreateDefinition_ModelReturnsNullDefinition_ReturnsNull" storage="d:\actions-runner\_work\xpco\xpco\sc\components\remoteviewer\smartclient\tst\zsmartclient_unittest\bin\x64\debug\net472\zsmartclient_unittest.dll" id="401d2e62-9623-23c2-8f1c-f70d5a6debc1">
      <TestCategory>
        <TestCategoryItem TestCategory="SearchModels" />
      </TestCategory>
      <Execution id="37302589-b4e6-40db-9124-18a0cb1d466d" />
      <TestMethod codeBase="D:\actions-runner\_work\XPCO\XPCO\SC\Components\RemoteViewer\SmartClient\tst\zSmartClient_UnitTest\bin\x64\Debug\net472\zSmartClient_UnitTest.dll" adapterTypeName="executor://mstestadapter/v2" className="SmartClient_UnitTest.VideoOS.RemoteClient.Plugin.CentralizedSearch.Models.SearchModelTests" name="CreateDefinition_ModelReturnsNullDefinition_ReturnsNull" />
    </UnitTest>
    <UnitTest name="GetUserOptions_ShouldDecryptOptions_WhenServerIs2020R2OrOlder" storage="d:\actions-runner\_work\xpco\xpco\sc\components\remoteviewer\smartclient\tst\zsmartclient_unittest\bin\x64\debug\net472\zsmartclient_unittest.dll" id="9a8b0630-7fe0-b955-d569-785b1cb3be21">
      <TestCategory>
        <TestCategoryItem TestCategory="Managers" />
      </TestCategory>
      <Execution id="72381d30-9187-49a5-82b6-9ea3ddf02c15" />
      <TestMethod codeBase="D:\actions-runner\_work\XPCO\XPCO\SC\Components\RemoteViewer\SmartClient\tst\zSmartClient_UnitTest\bin\x64\Debug\net472\zSmartClient_UnitTest.dll" adapterTypeName="executor://mstestadapter/v2" className="SmartClient_UnitTest.VideoOS.RemoteClient.Application.Managers.OptionManagerTests" name="GetUserOptions_ShouldDecryptOptions_WhenServerIs2020R2OrOlder" />
    </UnitTest>
    <UnitTest name="DetermineUserAllowsUnsecureConnection_WhereUserIsAskedAndChoiceIsSaved_ShouldCallLoginManager" storage="d:\actions-runner\_work\xpco\xpco\sc\components\remoteviewer\smartclient\tst\zsmartclient_unittest\bin\x64\debug\net472\zsmartclient_unittest.dll" id="c90acf43-beb9-9440-08e2-aeffc5687d1e">
      <Execution id="522672e8-3a61-4211-befa-111a5ae102c2" />
      <TestMethod codeBase="D:\actions-runner\_work\XPCO\XPCO\SC\Components\RemoteViewer\SmartClient\tst\zSmartClient_UnitTest\bin\x64\Debug\net472\zSmartClient_UnitTest.dll" adapterTypeName="executor://mstestadapter/v2" className="VideoOS.RemoteClient.Application.Managers.UnitTest.AllowUnsecureConnectionManagerTests" name="DetermineUserAllowsUnsecureConnection_WhereUserIsAskedAndChoiceIsSaved_ShouldCallLoginManager" />
    </UnitTest>
    <UnitTest name="Password1 valid, Password 2 invalid, same length" storage="d:\actions-runner\_work\xpco\xpco\sc\components\remoteviewer\smartclient\tst\zsmartclient_unittest\bin\x64\debug\net472\zsmartclient_unittest.dll" id="cbd1a592-fe49-5c6c-2e8b-2ba168c4038f">
      <TestCategory>
        <TestCategoryItem TestCategory="Export" />
      </TestCategory>
      <Execution id="cb1c0e58-1480-47d0-aa8b-f4b7099c83cb" />
      <TestMethod codeBase="D:\actions-runner\_work\XPCO\XPCO\SC\Components\RemoteViewer\SmartClient\tst\zSmartClient_UnitTest\bin\x64\Debug\net472\zSmartClient_UnitTest.dll" adapterTypeName="executor://mstestadapter/v2" className="SmartClient_UnitTest.VideoOS.RemoteClient.Plugin.Export.PasswordDialogViewModelTests" name="ArePasswordsValid_ShouldDependOnPassword1AndPassword2" />
    </UnitTest>
    <UnitTest name="AddToExportTuples_ShouldAddToExportData (0)" storage="d:\actions-runner\_work\xpco\xpco\sc\components\remoteviewer\smartclient\tst\zsmartclient_unittest\bin\x64\debug\net472\zsmartclient_unittest.dll" id="fd2f0a2f-32fb-8519-02c2-e506fea764d9">
      <TestCategory>
        <TestCategoryItem TestCategory="Managers" />
      </TestCategory>
      <Execution id="bae03fd8-480d-431d-9c64-6bcfbc537a2f" />
      <TestMethod codeBase="D:\actions-runner\_work\XPCO\XPCO\SC\Components\RemoteViewer\SmartClient\tst\zSmartClient_UnitTest\bin\x64\Debug\net472\zSmartClient_UnitTest.dll" adapterTypeName="executor://mstestadapter/v2" className="SmartClient_UnitTest.VideoOS.RemoteClient.Application.Managers.ExportManagerTests" name="AddToExportTuples_ShouldAddToExportData" />
    </UnitTest>
    <UnitTest name="ShouldReturnTrueWhenLevelChanged" storage="d:\actions-runner\_work\xpco\xpco\sc\components\remoteviewer\smartclient\tst\zsmartclient_unittest\bin\x64\debug\net472\zsmartclient_unittest.dll" id="14375da6-0c80-56ea-8d0d-fd5af8584025">
      <TestCategory>
        <TestCategoryItem TestCategory="MipItemsUpdateStrategy" />
      </TestCategory>
      <Execution id="395fc5e9-f133-4fbb-ac49-f730121b09aa" />
      <TestMethod codeBase="D:\actions-runner\_work\XPCO\XPCO\SC\Components\RemoteViewer\SmartClient\tst\zSmartClient_UnitTest\bin\x64\Debug\net472\zSmartClient_UnitTest.dll" adapterTypeName="executor://mstestadapter/v2" className="SmartClient_UnitTest.VideoOS.RemoteClient.Plugin.GisMap.MIP.MipItemsUpdateStrategyTests" name="ShouldReturnTrueWhenLevelChanged" />
    </UnitTest>
    <UnitTest name="GetUnmutedMicrophoneIconId_ShouldRaiseArgumentException_WhenArgumentIsNotAMutedMicrophoneIconId" storage="d:\actions-runner\_work\xpco\xpco\sc\components\remoteviewer\smartclient\tst\zsmartclient_unittest\bin\x64\debug\net472\zsmartclient_unittest.dll" id="fd527641-542a-2899-2dcd-c9ca191cdf52">
      <TestCategory>
        <TestCategoryItem TestCategory="GisMapData.MicrophoneOemResourcesProviderTests" />
      </TestCategory>
      <Execution id="86bee939-b594-4a44-abdc-cdfb4732f59b" />
      <TestMethod codeBase="D:\actions-runner\_work\XPCO\XPCO\SC\Components\RemoteViewer\SmartClient\tst\zSmartClient_UnitTest\bin\x64\Debug\net472\zSmartClient_UnitTest.dll" adapterTypeName="executor://mstestadapter/v2" className="SmartClient_UnitTest.VideoOS.RemoteClient.GisMapData.Resources.MicrophoneOemResourcesProviderTests" name="GetUnmutedMicrophoneIconId_ShouldRaiseArgumentException_WhenArgumentIsNotAMutedMicrophoneIconId" />
    </UnitTest>
    <UnitTest name="Constructor_ShouldRaiseArgumentNullException_WhenLayersIsNull" storage="d:\actions-runner\_work\xpco\xpco\sc\components\remoteviewer\smartclient\tst\zsmartclient_unittest\bin\x64\debug\net472\zsmartclient_unittest.dll" id="f56fd28f-91dc-8b5a-3f0d-995472c1fd21">
      <TestCategory>
        <TestCategoryItem TestCategory="GisMapData.Handlers.LayerFeatures" />
      </TestCategory>
      <Execution id="ec00b64c-ec9f-42a6-a26a-a42ae1a5543a" />
      <TestMethod codeBase="D:\actions-runner\_work\XPCO\XPCO\SC\Components\RemoteViewer\SmartClient\tst\zSmartClient_UnitTest\bin\x64\Debug\net472\zSmartClient_UnitTest.dll" adapterTypeName="executor://mstestadapter/v2" className="SmartClient_UnitTest.VideoOS.RemoteClient.GisMapData.Handlers.LayerFeatures.MicrophoneLayerFeaturesHandlerTests" name="Constructor_ShouldRaiseArgumentNullException_WhenLayersIsNull" />
    </UnitTest>
    <UnitTest name="Decorate_ShouldNotRaiseMoreThanOneWindowMouseDownEvent_WhenCalledMultipleTimes" storage="d:\actions-runner\_work\xpco\xpco\sc\components\remoteviewer\smartclient\tst\zsmartclient_unittest\bin\x64\debug\net472\zsmartclient_unittest.dll" id="425d7941-e1e0-5212-c622-83e7ab8c692e">
      <TestCategory>
        <TestCategoryItem TestCategory="GisMap.WindowsBases" />
      </TestCategory>
      <Execution id="611085a7-1098-4c94-831b-5e962b592bdd" />
      <TestMethod codeBase="D:\actions-runner\_work\XPCO\XPCO\SC\Components\RemoteViewer\SmartClient\tst\zSmartClient_UnitTest\bin\x64\Debug\net472\zSmartClient_UnitTest.dll" adapterTypeName="executor://mstestadapter/v2" className="SmartClient_UnitTest.VideoOS.RemoteClient.Plugin.GisMap.Windows.Bases.DragWindowDecoratorTests" name="Decorate_ShouldNotRaiseMoreThanOneWindowMouseDownEvent_WhenCalledMultipleTimes" />
    </UnitTest>
    <UnitTest name="AddToExportTuples_ShouldReturnCorrectResult (5,0,5)" storage="d:\actions-runner\_work\xpco\xpco\sc\components\remoteviewer\smartclient\tst\zsmartclient_unittest\bin\x64\debug\net472\zsmartclient_unittest.dll" id="aa47cc05-cff7-e883-f784-0ec23d2be9d9">
      <TestCategory>
        <TestCategoryItem TestCategory="Managers" />
      </TestCategory>
      <Execution id="c3ad8c57-9f00-4a6b-bbb9-377346f6919e" />
      <TestMethod codeBase="D:\actions-runner\_work\XPCO\XPCO\SC\Components\RemoteViewer\SmartClient\tst\zSmartClient_UnitTest\bin\x64\Debug\net472\zSmartClient_UnitTest.dll" adapterTypeName="executor://mstestadapter/v2" className="SmartClient_UnitTest.VideoOS.RemoteClient.Application.Managers.ExportManagerTests" name="AddToExportTuples_ShouldReturnCorrectResult" />
    </UnitTest>
    <UnitTest name="PatrollingProfileViewModelTest_patrollingProfileViewModel_PropertyChanged" storage="d:\actions-runner\_work\xpco\xpco\sc\components\remoteviewer\smartclient\tst\zsmartclient_unittest\bin\x64\debug\net472\zsmartclient_unittest.dll" id="c1d7928e-75c0-4c88-3fea-e132fd775b5e">
      <Execution id="c6155bc6-5b93-41bb-a60a-f7e14687c21b" />
      <TestMethod codeBase="D:\actions-runner\_work\XPCO\XPCO\SC\Components\RemoteViewer\SmartClient\tst\zSmartClient_UnitTest\bin\x64\Debug\net472\zSmartClient_UnitTest.dll" adapterTypeName="executor://mstestadapter/v2" className="SmartClient_UnitTest.VideoOS.RemoteClient.Application.UI.PtzPreset.PatrollingViewModel.PatrollingProfileListViewModelTest" name="PatrollingProfileViewModelTest_patrollingProfileViewModel_PropertyChanged" />
    </UnitTest>
    <UnitTest name="WorkspaceToolBarItemEvidenceLockCreate_ShouldGoIntoSelectionMode_WhenNotInSelectionMode" storage="d:\actions-runner\_work\xpco\xpco\sc\components\remoteviewer\smartclient\tst\zsmartclient_unittest\bin\x64\debug\net472\zsmartclient_unittest.dll" id="00898047-0053-d119-5ff1-919a14dc0313">
      <Execution id="0be9ca3f-6f53-4f42-b413-e34b423415b3" />
      <TestMethod codeBase="D:\actions-runner\_work\XPCO\XPCO\SC\Components\RemoteViewer\SmartClient\tst\zSmartClient_UnitTest\bin\x64\Debug\net472\zSmartClient_UnitTest.dll" adapterTypeName="executor://mstestadapter/v2" className="SmartClient_UnitTest.VideoOS.RemoteClient.Application.Data.WorkspaceToolbar.WorkspaceToolbarItemsTimelineSelectionModeTests" name="WorkspaceToolBarItemEvidenceLockCreate_ShouldGoIntoSelectionMode_WhenNotInSelectionMode" />
    </UnitTest>
    <UnitTest name="AddClientId_WhereClientIsNull_ThrowException" storage="d:\actions-runner\_work\xpco\xpco\sc\components\remoteviewer\smartclient\tst\zsmartclient_unittest\bin\x64\debug\net472\zsmartclient_unittest.dll" id="f5cc9535-b7e6-daa3-8b93-880b7a1798ad">
      <Execution id="3d92171b-2f6f-4514-8535-04a196a5c1b7" />
      <TestMethod codeBase="D:\actions-runner\_work\XPCO\XPCO\SC\Components\RemoteViewer\SmartClient\tst\zSmartClient_UnitTest\bin\x64\Debug\net472\zSmartClient_UnitTest.dll" adapterTypeName="executor://mstestadapter/v2" className="SmartClient_UnitTest.VideoOS.RemoteClient.Plugin.GisMap.Utilities.GoogleApiUrlTest" name="AddClientId_WhereClientIsNull_ThrowException" />
    </UnitTest>
    <UnitTest name="RetrievalTestStopping" storage="d:\actions-runner\_work\xpco\xpco\sc\components\remoteviewer\smartclient\tst\zsmartclient_unittest\bin\x64\debug\net472\zsmartclient_unittest.dll" id="93ea4899-517e-c6f1-21bb-544e5f026df8">
      <Execution id="9b50309b-7604-41bd-aa9e-1efdc378cb5a" />
      <TestMethod codeBase="D:\actions-runner\_work\XPCO\XPCO\SC\Components\RemoteViewer\SmartClient\tst\zSmartClient_UnitTest\bin\x64\Debug\net472\zSmartClient_UnitTest.dll" adapterTypeName="executor://mstestadapter/v2" className="SmartClient_UnitTest.VideoOS.RemoteClient.Application.Managers.EdgeRetrievalTaskManagerUnitTest" name="RetrievalTestStopping" />
    </UnitTest>
    <UnitTest name="OnMarkerSelected_ShouldSelectMarker_WhenNoExistingSelectionAndAddToSelectionIsTrue" storage="d:\actions-runner\_work\xpco\xpco\sc\components\remoteviewer\smartclient\tst\zsmartclient_unittest\bin\x64\debug\net472\zsmartclient_unittest.dll" id="c34f42eb-c62c-cd70-fefe-eae8d43a9ea6">
      <TestCategory>
        <TestCategoryItem TestCategory="SmartMap.SelectionHelper" />
      </TestCategory>
      <Execution id="f15472ae-b44a-4f60-ac81-a58f71314674" />
      <TestMethod codeBase="D:\actions-runner\_work\XPCO\XPCO\SC\Components\RemoteViewer\SmartClient\tst\zSmartClient_UnitTest\bin\x64\Debug\net472\zSmartClient_UnitTest.dll" adapterTypeName="executor://mstestadapter/v2" className="SmartClient_UnitTest.VideoOS.RemoteClient.Plugin.GisMap.ThinkGeoMap.SpecializedOverlays.Overlays.SelectionHelperTests" name="OnMarkerSelected_ShouldSelectMarker_WhenNoExistingSelectionAndAddToSelectionIsTrue" />
    </UnitTest>
    <UnitTest name="SearchResultsActionBarActions_ActionResultCreateReport_CreatePdfDocument_ErrorSaving" storage="d:\actions-runner\_work\xpco\xpco\sc\components\remoteviewer\smartclient\tst\zsmartclient_unittest\bin\x64\debug\net472\zsmartclient_unittest.dll" id="7b0dc253-1a60-98fa-ca06-9217e1553108">
      <TestCategory>
        <TestCategoryItem TestCategory="Search" />
      </TestCategory>
      <Execution id="5b03fa10-42fb-4e2a-8661-197dfef83de4" />
      <TestMethod codeBase="D:\actions-runner\_work\XPCO\XPCO\SC\Components\RemoteViewer\SmartClient\tst\zSmartClient_UnitTest\bin\x64\Debug\net472\zSmartClient_UnitTest.dll" adapterTypeName="executor://mstestadapter/v2" className="SmartClient_UnitTest.VideoOS.RemoteClient.Plugin.CentralizedSearch.ViewModels.SearchReportViewModelTests" name="SearchResultsActionBarActions_ActionResultCreateReport_CreatePdfDocument_ErrorSaving" />
    </UnitTest>
    <UnitTest name="DeviceIcons_ShouldHaveTenElements_WhenCalled" storage="d:\actions-runner\_work\xpco\xpco\sc\components\remoteviewer\smartclient\tst\zsmartclient_unittest\bin\x64\debug\net472\zsmartclient_unittest.dll" id="ef4e21c0-7da5-c60c-260f-ced0773f5f69">
      <TestCategory>
        <TestCategoryItem TestCategory="GisMapData.CameraOemResourcesProviderTests" />
      </TestCategory>
      <Execution id="f2e6985d-bddd-48d9-b6a3-efabcefbe99a" />
      <TestMethod codeBase="D:\actions-runner\_work\XPCO\XPCO\SC\Components\RemoteViewer\SmartClient\tst\zSmartClient_UnitTest\bin\x64\Debug\net472\zSmartClient_UnitTest.dll" adapterTypeName="executor://mstestadapter/v2" className="SmartClient_UnitTest.VideoOS.RemoteClient.GisMapData.Resources.CameraOemResourcesProviderTests" name="DeviceIcons_ShouldHaveTenElements_WhenCalled" />
    </UnitTest>
    <UnitTest name="Compare_SameBeginTimeDeterministicBehavior_Id_Success" storage="d:\actions-runner\_work\xpco\xpco\sc\components\remoteviewer\smartclient\tst\zsmartclient_unittest\bin\x64\debug\net472\zsmartclient_unittest.dll" id="b7e67eb3-5e37-470d-ad59-462ac69a420c">
      <TestCategory>
        <TestCategoryItem TestCategory="SearchComparers" />
      </TestCategory>
      <Execution id="89090fbc-efd0-4685-a15c-3caf84020808" />
      <TestMethod codeBase="D:\actions-runner\_work\XPCO\XPCO\SC\Components\RemoteViewer\SmartClient\tst\zSmartClient_UnitTest\bin\x64\Debug\net472\zSmartClient_UnitTest.dll" adapterTypeName="executor://mstestadapter/v2" className="SmartClient_UnitTest.VideoOS.RemoteClient.Plugin.CentralizedSearch.Models.Wrappers.Comparers.BeginTimeWithPaddingComparerTests" name="Compare_SameBeginTimeDeterministicBehavior_Id_Success" />
    </UnitTest>
    <UnitTest name="PopulateTooltip_HoverOverEmpty_TooltipIsEmpty" storage="d:\actions-runner\_work\xpco\xpco\sc\components\remoteviewer\smartclient\tst\zsmartclient_unittest\bin\x64\debug\net472\zsmartclient_unittest.dll" id="526844e8-d693-bdcc-23f1-06de8a485eea">
      <TestCategory>
        <TestCategoryItem TestCategory="SearchControls" />
      </TestCategory>
      <Execution id="209e65dd-e1e8-4206-8edf-73b3392c8261" />
      <TestMethod codeBase="D:\actions-runner\_work\XPCO\XPCO\SC\Components\RemoteViewer\SmartClient\tst\zSmartClient_UnitTest\bin\x64\Debug\net472\zSmartClient_UnitTest.dll" adapterTypeName="executor://mstestadapter/v2" className="SmartClient_UnitTest.VideoOS.RemoteClient.Plugin.CentralizedSearch.Views.Controls.TimelineRuler.TimelineRulerControlTests" name="PopulateTooltip_HoverOverEmpty_TooltipIsEmpty" />
    </UnitTest>
    <UnitTest name="SelectTemplate_ListSelectionFilterConfiguration_ThreeOrMoreItems_ReturnsPopupTemplate" storage="d:\actions-runner\_work\xpco\xpco\sc\components\remoteviewer\smartclient\tst\zsmartclient_unittest\bin\x64\debug\net472\zsmartclient_unittest.dll" id="bb4bb142-b438-3655-29db-1dd962632a41">
      <TestCategory>
        <TestCategoryItem TestCategory="SearchViews" />
      </TestCategory>
      <Execution id="1afe230c-22b1-4589-85d2-58839bb96040" />
      <TestMethod codeBase="D:\actions-runner\_work\XPCO\XPCO\SC\Components\RemoteViewer\SmartClient\tst\zSmartClient_UnitTest\bin\x64\Debug\net472\zSmartClient_UnitTest.dll" adapterTypeName="executor://mstestadapter/v2" className="SmartClient_UnitTest.VideoOS.RemoteClient.Plugin.CentralizedSearch.Views.AttributeEditControlTemplateSelectorTests" name="SelectTemplate_ListSelectionFilterConfiguration_ThreeOrMoreItems_ReturnsPopupTemplate" />
    </UnitTest>
    <UnitTest name="No_warning_when_removing_camera_with_unrelated_device_with_no_update_rights" storage="d:\actions-runner\_work\xpco\xpco\sc\components\remoteviewer\smartclient\tst\zsmartclient_unittest\bin\x64\debug\net472\zsmartclient_unittest.dll" id="51b24619-a3ed-9418-8456-52beb88978c3">
      <Execution id="7718f510-1bb3-432d-95a1-6f7efb070bad" />
      <TestMethod codeBase="D:\actions-runner\_work\XPCO\XPCO\SC\Components\RemoteViewer\SmartClient\tst\zSmartClient_UnitTest\bin\x64\Debug\net472\zSmartClient_UnitTest.dll" adapterTypeName="executor://mstestadapter/v2" className="SmartClient_UnitTest.VideoOS.RemoteClient.Application.Components.EvidenceLock.EvidenceLockRelatedDeviceRightsTests" name="No_warning_when_removing_camera_with_unrelated_device_with_no_update_rights" />
    </UnitTest>
    <UnitTest name="SearchResultsActionBarActions_AddBookmark_Enabled" storage="d:\actions-runner\_work\xpco\xpco\sc\components\remoteviewer\smartclient\tst\zsmartclient_unittest\bin\x64\debug\net472\zsmartclient_unittest.dll" id="bbaeb53f-2674-b2c2-8841-ab6f6884b997">
      <TestCategory>
        <TestCategoryItem TestCategory="SearchResultActionBarViewModel" />
      </TestCategory>
      <Execution id="70c3d9f2-ff4d-4744-a062-d1b07ac3a981" />
      <TestMethod codeBase="D:\actions-runner\_work\XPCO\XPCO\SC\Components\RemoteViewer\SmartClient\tst\zSmartClient_UnitTest\bin\x64\Debug\net472\zSmartClient_UnitTest.dll" adapterTypeName="executor://mstestadapter/v2" className="SmartClient_UnitTest.VideoOS.RemoteClient.Plugin.CentralizedSearch.ViewModels.SearchResultsActionBarViewModelTest" name="SearchResultsActionBarActions_AddBookmark_Enabled" />
    </UnitTest>
    <UnitTest name="NearestPossibleZoomLevel_ShouldReturnZoomLevel3_WhenScaleIsGreaterThanZoomlevel3" storage="d:\actions-runner\_work\xpco\xpco\sc\components\remoteviewer\smartclient\tst\zsmartclient_unittest\bin\x64\debug\net472\zsmartclient_unittest.dll" id="3f5e157c-fd88-4f5a-fa14-5f5e1b9a695a">
      <TestCategory>
        <TestCategoryItem TestCategory="MapExtentManager" />
      </TestCategory>
      <Execution id="74367b39-c66b-44e3-a1b3-1f264f3188c0" />
      <TestMethod codeBase="D:\actions-runner\_work\XPCO\XPCO\SC\Components\RemoteViewer\SmartClient\tst\zSmartClient_UnitTest\bin\x64\Debug\net472\zSmartClient_UnitTest.dll" adapterTypeName="executor://mstestadapter/v2" className="SmartClient_UnitTest.VideoOS.RemoteClient.Plugin.GisMap.ThinkGeoMap.Settings.ThinkGeoMapExtentManagerTests" name="NearestPossibleZoomLevel_ShouldReturnZoomLevel3_WhenScaleIsGreaterThanZoomlevel3" />
    </UnitTest>
    <UnitTest name="ConnectSlave_SucceedeInConnectingAndAllowingSecureConnection_ShouldReturnTrueAndAValidUrl" storage="d:\actions-runner\_work\xpco\xpco\sc\components\remoteviewer\smartclient\tst\zsmartclient_unittest\bin\x64\debug\net472\zsmartclient_unittest.dll" id="27a95cc0-3e4b-dbea-fc7f-0563168b8940">
      <Execution id="d324a3cd-8108-470d-a94b-511f45a8f1f3" />
      <TestMethod codeBase="D:\actions-runner\_work\XPCO\XPCO\SC\Components\RemoteViewer\SmartClient\tst\zSmartClient_UnitTest\bin\x64\Debug\net472\zSmartClient_UnitTest.dll" adapterTypeName="executor://mstestadapter/v2" className="VideoOS.Shared.ServerAPI.VMOViewerClientFacade.UnitTest.VMOViewerClientFacadeTests" name="ConnectSlave_SucceedeInConnectingAndAllowingSecureConnection_ShouldReturnTrueAndAValidUrl" />
    </UnitTest>
    <UnitTest name="Ctor_DefaultFalseWithAppConfigOverride_AddScriptSetToTrue" storage="d:\actions-runner\_work\xpco\xpco\sc\components\remoteviewer\smartclient\tst\zsmartclient_unittest\bin\x64\debug\net472\zsmartclient_unittest.dll" id="a1160efa-2835-5d9d-5525-8de08fe1c5f9">
      <Execution id="5dccc30f-c5cf-4aaf-b9b2-ac1a73a6c2ff" />
      <TestMethod codeBase="D:\actions-runner\_work\XPCO\XPCO\SC\Components\RemoteViewer\SmartClient\tst\zSmartClient_UnitTest\bin\x64\Debug\net472\zSmartClient_UnitTest.dll" adapterTypeName="executor://mstestadapter/v2" className="SmartClient_UnitTest.VideoOS.RemoteClient.Plugin.HtmlViewItem.HtmlContentHolderTests" name="Ctor_DefaultFalseWithAppConfigOverride_AddScriptSetToTrue" />
    </UnitTest>
    <UnitTest name="AddToExportDevices_ShouldReturnCorrectResult (1,0,1)" storage="d:\actions-runner\_work\xpco\xpco\sc\components\remoteviewer\smartclient\tst\zsmartclient_unittest\bin\x64\debug\net472\zsmartclient_unittest.dll" id="d921760b-a454-9186-7ea4-4c5612e00344">
      <TestCategory>
        <TestCategoryItem TestCategory="Managers" />
      </TestCategory>
      <Execution id="88533be3-a8f7-4b5e-ada9-256697a73de5" />
      <TestMethod codeBase="D:\actions-runner\_work\XPCO\XPCO\SC\Components\RemoteViewer\SmartClient\tst\zSmartClient_UnitTest\bin\x64\Debug\net472\zSmartClient_UnitTest.dll" adapterTypeName="executor://mstestadapter/v2" className="SmartClient_UnitTest.VideoOS.RemoteClient.Application.Managers.ExportManagerTests" name="AddToExportDevices_ShouldReturnCorrectResult" />
    </UnitTest>
    <UnitTest name="Compare_Descending_Success" storage="d:\actions-runner\_work\xpco\xpco\sc\components\remoteviewer\smartclient\tst\zsmartclient_unittest\bin\x64\debug\net472\zsmartclient_unittest.dll" id="9cc6be48-d93e-7fa9-ac2d-151cc03c3ec0">
      <TestCategory>
        <TestCategoryItem TestCategory="SearchComparers" />
      </TestCategory>
      <Execution id="28fd2a09-cb23-453c-b462-4110cd0f957f" />
      <TestMethod codeBase="D:\actions-runner\_work\XPCO\XPCO\SC\Components\RemoteViewer\SmartClient\tst\zSmartClient_UnitTest\bin\x64\Debug\net472\zSmartClient_UnitTest.dll" adapterTypeName="executor://mstestadapter/v2" className="SmartClient_UnitTest.VideoOS.RemoteClient.Plugin.CentralizedSearch.Models.Wrappers.Comparers.TriggerTimeComparerTests" name="Compare_Descending_Success" />
    </UnitTest>
    <UnitTest name="Close_ShouldSetCloseToTrue_WhenCalled" storage="d:\actions-runner\_work\xpco\xpco\sc\components\remoteviewer\smartclient\tst\zsmartclient_unittest\bin\x64\debug\net472\zsmartclient_unittest.dll" id="05b0f889-f616-ccc3-759c-b71fe45243ee">
      <TestCategory>
        <TestCategoryItem TestCategory="GisMap.DeviceSelectorWindow" />
      </TestCategory>
      <Execution id="32f98757-9082-46cd-9de9-c45115f02149" />
      <TestMethod codeBase="D:\actions-runner\_work\XPCO\XPCO\SC\Components\RemoteViewer\SmartClient\tst\zSmartClient_UnitTest\bin\x64\Debug\net472\zSmartClient_UnitTest.dll" adapterTypeName="executor://mstestadapter/v2" className="SmartClient_UnitTest.VideoOS.RemoteClient.Plugin.GisMap.Windows.GisMapSetup.DeviceSelectors.DeviceSelectorWindowTests" name="Close_ShouldSetCloseToTrue_WhenCalled" />
    </UnitTest>
    <UnitTest name="DeviceIcons_ShouldNotBeEmpty_WhenCalled" storage="d:\actions-runner\_work\xpco\xpco\sc\components\remoteviewer\smartclient\tst\zsmartclient_unittest\bin\x64\debug\net472\zsmartclient_unittest.dll" id="92da1333-fabd-2900-5a70-ee9fd98edfc4">
      <TestCategory>
        <TestCategoryItem TestCategory="GisMapData.InputOemResourcesProviderTests" />
      </TestCategory>
      <Execution id="8023c490-fd44-4712-918b-7a9422cfaf03" />
      <TestMethod codeBase="D:\actions-runner\_work\XPCO\XPCO\SC\Components\RemoteViewer\SmartClient\tst\zSmartClient_UnitTest\bin\x64\Debug\net472\zSmartClient_UnitTest.dll" adapterTypeName="executor://mstestadapter/v2" className="SmartClient_UnitTest.VideoOS.RemoteClient.GisMapData.Resources.InputOemResourcesProviderTests" name="DeviceIcons_ShouldNotBeEmpty_WhenCalled" />
    </UnitTest>
    <UnitTest name="HandleGetDeviceData_ShouldReturnNotFoundDeviceData_WhenOutputKindAndNonExistingOutputId" storage="d:\actions-runner\_work\xpco\xpco\sc\components\remoteviewer\smartclient\tst\zsmartclient_unittest\bin\x64\debug\net472\zsmartclient_unittest.dll" id="3c8130e7-463f-39e3-1454-66e2409862a6">
      <TestCategory>
        <TestCategoryItem TestCategory="GisMap.Handlers.Devices.MapItems" />
      </TestCategory>
      <Execution id="dadd5b54-041f-4871-bf01-aee9c2f972f3" />
      <TestMethod codeBase="D:\actions-runner\_work\XPCO\XPCO\SC\Components\RemoteViewer\SmartClient\tst\zSmartClient_UnitTest\bin\x64\Debug\net472\zSmartClient_UnitTest.dll" adapterTypeName="executor://mstestadapter/v2" className="SmartClient_UnitTest.VideoOS.RemoteClient.Plugin.GisMap.Handlers.Devices.MapItems.OutputDataHandlerTests" name="HandleGetDeviceData_ShouldReturnNotFoundDeviceData_WhenOutputKindAndNonExistingOutputId" />
    </UnitTest>
    <UnitTest name="GetMapLayerArguments_ShouldReturnIGisMapModel_WhenCalled" storage="d:\actions-runner\_work\xpco\xpco\sc\components\remoteviewer\smartclient\tst\zsmartclient_unittest\bin\x64\debug\net472\zsmartclient_unittest.dll" id="55ff5278-ace4-0f2e-f8ad-9f5f257b511f">
      <Execution id="d0c4939f-2251-4268-92e8-82d84198d279" />
      <TestMethod codeBase="D:\actions-runner\_work\XPCO\XPCO\SC\Components\RemoteViewer\SmartClient\tst\zSmartClient_UnitTest\bin\x64\Debug\net472\zSmartClient_UnitTest.dll" adapterTypeName="executor://mstestadapter/v2" className="SmartClient_UnitTest.VideoOS.RemoteClient.GisMapData.Strategies.MapLayers.DefaultMapLayerDatagramClassFactoryStrategyTests" name="GetMapLayerArguments_ShouldReturnIGisMapModel_WhenCalled" />
    </UnitTest>
    <UnitTest name="Ctor_UnknownEditControl_DropDownAttributeEditorUsed" storage="d:\actions-runner\_work\xpco\xpco\sc\components\remoteviewer\smartclient\tst\zsmartclient_unittest\bin\x64\debug\net472\zsmartclient_unittest.dll" id="5b38455f-575a-f0bf-1374-9f24005465f7">
      <TestCategory>
        <TestCategoryItem TestCategory="Search" />
      </TestCategory>
      <Execution id="851d20f9-a7bc-432a-b2cb-eea51efc1bc0" />
      <TestMethod codeBase="D:\actions-runner\_work\XPCO\XPCO\SC\Components\RemoteViewer\SmartClient\tst\zSmartClient_UnitTest\bin\x64\Debug\net472\zSmartClient_UnitTest.dll" adapterTypeName="executor://mstestadapter/v2" className="SmartClient_UnitTest.VideoOS.RemoteClient.Plugin.CentralizedSearch.ViewModels.SearchFilterViewModelTests" name="Ctor_UnknownEditControl_DropDownAttributeEditorUsed" />
    </UnitTest>
    <UnitTest name="UpdateStartupLocationInModel_Updated_Success" storage="d:\actions-runner\_work\xpco\xpco\sc\components\remoteviewer\smartclient\tst\zsmartclient_unittest\bin\x64\debug\net472\zsmartclient_unittest.dll" id="e692b3e0-3f04-ab27-9ec5-4a69402a8875">
      <TestCategory>
        <TestCategoryItem TestCategory="GisMapContentHolderTests" />
      </TestCategory>
      <Execution id="b95021e6-f9f0-4502-97ac-89d71a833591" />
      <TestMethod codeBase="D:\actions-runner\_work\XPCO\XPCO\SC\Components\RemoteViewer\SmartClient\tst\zSmartClient_UnitTest\bin\x64\Debug\net472\zSmartClient_UnitTest.dll" adapterTypeName="executor://mstestadapter/v2" className="SmartClient_UnitTest.VideoOS.RemoteClient.Plugin.GisMap.ContentHolderTests" name="UpdateStartupLocationInModel_Updated_Success" />
    </UnitTest>
    <UnitTest name="GetSearchTemplateAsync_StateError_Success" storage="d:\actions-runner\_work\xpco\xpco\sc\components\remoteviewer\smartclient\tst\zsmartclient_unittest\bin\x64\debug\net472\zsmartclient_unittest.dll" id="c8112731-d8e1-83da-555e-fca9f813858c">
      <TestCategory>
        <TestCategoryItem TestCategory="SearchTemplatesService" />
      </TestCategory>
      <Execution id="d0d226ac-2836-43c7-9ab5-d80566cac5d8" />
      <TestMethod codeBase="D:\actions-runner\_work\XPCO\XPCO\SC\Components\RemoteViewer\SmartClient\tst\zSmartClient_UnitTest\bin\x64\Debug\net472\zSmartClient_UnitTest.dll" adapterTypeName="executor://mstestadapter/v2" className="SmartClient_UnitTest.VideoOS.RemoteClient.Plugin.CentralizedSearch.SearchTemplates.Service.SearchTemplateServiceTests" name="GetSearchTemplateAsync_StateError_Success" />
    </UnitTest>
    <UnitTest name="Initialize_ShouldNotHaveAnyCameras_WhenInitializedWithEmptyScope" storage="d:\actions-runner\_work\xpco\xpco\sc\components\remoteviewer\smartclient\tst\zsmartclient_unittest\bin\x64\debug\net472\zsmartclient_unittest.dll" id="dbcd5ac4-1055-621c-a685-f7e5c606ee46">
      <TestCategory>
        <TestCategoryItem TestCategory="Search.Filters.ViewModels" />
      </TestCategory>
      <Execution id="fcdd31dc-bfd3-4461-bdcf-8044d991a1cd" />
      <TestMethod codeBase="D:\actions-runner\_work\XPCO\XPCO\SC\Components\RemoteViewer\SmartClient\tst\zSmartClient_UnitTest\bin\x64\Debug\net472\zSmartClient_UnitTest.dll" adapterTypeName="executor://mstestadapter/v2" className="SmartClient_UnitTest.VideoOS.RemoteClient.Plugin.CentralizedSearch.MIPPlugin.Criteria.ViewModels.RegionSelectionAttributeEditControlViewModelTests" name="Initialize_ShouldNotHaveAnyCameras_WhenInitializedWithEmptyScope" />
    </UnitTest>
    <UnitTest name="EnsureSnapshotIsPngFormat" storage="d:\actions-runner\_work\xpco\xpco\sc\components\remoteviewer\smartclient\tst\zsmartclient_unittest\bin\x64\debug\net472\zsmartclient_unittest.dll" id="01ab0198-4b7e-8a94-e88d-b1f770a7248f">
      <Execution id="59184e69-700a-4eef-b663-d75f1d6b487a" />
      <TestMethod codeBase="D:\actions-runner\_work\XPCO\XPCO\SC\Components\RemoteViewer\SmartClient\tst\zSmartClient_UnitTest\bin\x64\Debug\net472\zSmartClient_UnitTest.dll" adapterTypeName="executor://mstestadapter/v2" className="SmartClient_UnitTest.VideoOS.RemoteClient.Application.Data.ContentTypes.CameraContentType.CameraContentHolderTest" name="EnsureSnapshotIsPngFormat" />
    </UnitTest>
    <UnitTest name="ButtonVisibilityProperties_ShouldSetPropertyValues_WhenPropertiesLoaded" storage="d:\actions-runner\_work\xpco\xpco\sc\components\remoteviewer\smartclient\tst\zsmartclient_unittest\bin\x64\debug\net472\zsmartclient_unittest.dll" id="06afff30-aa98-f03f-ebfe-83961e8caf5d">
      <TestCategory>
        <TestCategoryItem TestCategory="GisMapViewItemTests" />
      </TestCategory>
      <Execution id="674828f1-c1e0-4942-8473-b64d0b620a3d" />
      <TestMethod codeBase="D:\actions-runner\_work\XPCO\XPCO\SC\Components\RemoteViewer\SmartClient\tst\zSmartClient_UnitTest\bin\x64\Debug\net472\zSmartClient_UnitTest.dll" adapterTypeName="executor://mstestadapter/v2" className="SmartClient_UnitTest.VideoOS.RemoteClient.Plugin.GisMap.GisMapViewItemTests" name="ButtonVisibilityProperties_ShouldSetPropertyValues_WhenPropertiesLoaded" />
    </UnitTest>
    <UnitTest name="ClearSelectedCamerasCommand_WithActiveSearchTemplate_ActiveSearchTemplateModifiedSet" storage="d:\actions-runner\_work\xpco\xpco\sc\components\remoteviewer\smartclient\tst\zsmartclient_unittest\bin\x64\debug\net472\zsmartclient_unittest.dll" id="8db91f9d-1fce-7008-7fb4-f88012013950">
      <TestCategory>
        <TestCategoryItem TestCategory="SearchViewModels" />
      </TestCategory>
      <Execution id="edf86680-0aee-4286-8f73-7bd749e7ee22" />
      <TestMethod codeBase="D:\actions-runner\_work\XPCO\XPCO\SC\Components\RemoteViewer\SmartClient\tst\zSmartClient_UnitTest\bin\x64\Debug\net472\zSmartClient_UnitTest.dll" adapterTypeName="executor://mstestadapter/v2" className="SmartClient_UnitTest.VideoOS.RemoteClient.Plugin.CentralizedSearch.ViewModels.SearchViewModelTests" name="ClearSelectedCamerasCommand_WithActiveSearchTemplate_ActiveSearchTemplateModifiedSet" />
    </UnitTest>
    <UnitTest name="SearchResultCombineType_ShouldStartSearchWithEmptyCollection_WhenValueChanges" storage="d:\actions-runner\_work\xpco\xpco\sc\components\remoteviewer\smartclient\tst\zsmartclient_unittest\bin\x64\debug\net472\zsmartclient_unittest.dll" id="6a069b88-27e1-e70c-13f9-4c619372c66b">
      <TestCategory>
        <TestCategoryItem TestCategory="SearchViewModels" />
      </TestCategory>
      <Execution id="ded87c09-3955-451d-b803-835560e49e99" />
      <TestMethod codeBase="D:\actions-runner\_work\XPCO\XPCO\SC\Components\RemoteViewer\SmartClient\tst\zSmartClient_UnitTest\bin\x64\Debug\net472\zSmartClient_UnitTest.dll" adapterTypeName="executor://mstestadapter/v2" className="SmartClient_UnitTest.VideoOS.RemoteClient.Plugin.CentralizedSearch.ViewModels.SearchViewModelTests" name="SearchResultCombineType_ShouldStartSearchWithEmptyCollection_WhenValueChanges" />
    </UnitTest>
    <UnitTest name="AssignPanTiltValue_WhenValueMin_ShouldReturnMinValue" storage="d:\actions-runner\_work\xpco\xpco\sc\components\remoteviewer\smartclient\tst\zsmartclient_unittest\bin\x64\debug\net472\zsmartclient_unittest.dll" id="0910d3e9-c4fa-4b0a-4db0-a2f6efd079c5">
      <Execution id="0813b52c-ff16-499b-b522-711de1079c0c" />
      <TestMethod codeBase="D:\actions-runner\_work\XPCO\XPCO\SC\Components\RemoteViewer\SmartClient\tst\zSmartClient_UnitTest\bin\x64\Debug\net472\zSmartClient_UnitTest.dll" adapterTypeName="executor://mstestadapter/v2" className="SmartClient_UnitTest.VideoOS.RemoteClient.Plugin.JoystickSupport.JoystickDeviceTests" name="AssignPanTiltValue_WhenValueMin_ShouldReturnMinValue" />
    </UnitTest>
    <UnitTest name="DateToStringConverter_MultiConvertValidInput_Success" storage="d:\actions-runner\_work\xpco\xpco\sc\components\remoteviewer\smartclient\tst\zsmartclient_unittest\bin\x64\debug\net472\zsmartclient_unittest.dll" id="628ededf-b510-91fa-7712-c59b72f0952a">
      <TestCategory>
        <TestCategoryItem TestCategory="SearchConverter" />
      </TestCategory>
      <Execution id="88a28e7f-a97b-4bc1-aec6-bf6c9488c7f3" />
      <TestMethod codeBase="D:\actions-runner\_work\XPCO\XPCO\SC\Components\RemoteViewer\SmartClient\tst\zSmartClient_UnitTest\bin\x64\Debug\net472\zSmartClient_UnitTest.dll" adapterTypeName="executor://mstestadapter/v2" className="SmartClient_UnitTest.VideoOS.RemoteClient.Plugin.CentralizedSearch.Views.Converters.DurationToStringConverterTests" name="DateToStringConverter_MultiConvertValidInput_Success" />
    </UnitTest>
    <UnitTest name="ValidateExportFormats_SmartClientPlayerFormat_ShouldNotReturnFailResult_ExportPathIsTooLong_WhenLongPathsEnabled (c:\aaaaaaaaaaaaaaaaaaaaaaaaaaaaaaaaaaaaaaaaaaaaaaaaaaaaaaaaaaaaaaaaaaaaaaaaaaaaaaaaaaaaaaaaaaaaaaaaaaaaaaaaaaaaaaaaaaaaaaaaaaaaaaaaaaaaaaaaaaaaaaaaaaaaaaaaaaaaaaaaaaaaaaaaaaaaaaaaaaaaaaa)" storage="d:\actions-runner\_work\xpco\xpco\sc\components\remoteviewer\smartclient\tst\zsmartclient_unittest\bin\x64\debug\net472\zsmartclient_unittest.dll" id="549a6411-d3e1-79bc-a090-6c2d81e9f120">
      <TestCategory>
        <TestCategoryItem TestCategory="Export" />
      </TestCategory>
      <Execution id="ad64cec0-5f68-4cd7-afd8-fcccd46d9518" />
      <TestMethod codeBase="D:\actions-runner\_work\XPCO\XPCO\SC\Components\RemoteViewer\SmartClient\tst\zSmartClient_UnitTest\bin\x64\Debug\net472\zSmartClient_UnitTest.dll" adapterTypeName="executor://mstestadapter/v2" className="SmartClient_UnitTest.VideoOS.RemoteClient.Plugin.Export.ExportDataValidatorTests" name="ValidateExportFormats_SmartClientPlayerFormat_ShouldNotReturnFailResult_ExportPathIsTooLong_WhenLongPathsEnabled" />
    </UnitTest>
    <UnitTest name="PtzSessionControllerInfo_ReservedChangedTest_Different_CameraId" storage="d:\actions-runner\_work\xpco\xpco\sc\components\remoteviewer\smartclient\tst\zsmartclient_unittest\bin\x64\debug\net472\zsmartclient_unittest.dll" id="ddbacd2a-c40a-102c-db67-c9bb149b6b99">
      <Execution id="1447094d-c3ff-4294-85bc-bb7ca70c8985" />
      <TestMethod codeBase="D:\actions-runner\_work\XPCO\XPCO\SC\Components\RemoteViewer\SmartClient\tst\zSmartClient_UnitTest\bin\x64\Debug\net472\zSmartClient_UnitTest.dll" adapterTypeName="executor://mstestadapter/v2" className="VideoOS.RemoteClient.Application.Controllers.UnitTest.PtzSessionControllerTest" name="PtzSessionControllerInfo_ReservedChangedTest_Different_CameraId" />
    </UnitTest>
    <UnitTest name="SmartSearchStatusType_ShouldYieldSameValuesForAllEnumValues_WhenRoundTripConverted (UnspecifiedError,UnspecifiedError)" storage="d:\actions-runner\_work\xpco\xpco\sc\components\remoteviewer\smartclient\tst\zsmartclient_unittest\bin\x64\debug\net472\zsmartclient_unittest.dll" id="1742c7aa-b082-d69c-8853-7ede68919ffd">
      <TestCategory>
        <TestCategoryItem TestCategory="RecorderProxyToDtoMapping" />
      </TestCategory>
      <Execution id="1ba23d87-f16c-43fe-9e2f-650883268b0e" />
      <TestMethod codeBase="D:\actions-runner\_work\XPCO\XPCO\SC\Components\RemoteViewer\SmartClient\tst\zSmartClient_UnitTest\bin\x64\Debug\net472\zSmartClient_UnitTest.dll" adapterTypeName="executor://mstestadapter/v2" className="VideoOS.Shared.ServerAPI.SOAP.RecorderClientMappingTests" name="SmartSearchStatusType_ShouldYieldSameValuesForAllEnumValues_WhenRoundTripConverted" />
    </UnitTest>
    <UnitTest name="AndOrSearchDefinitionToVisibilityMultiConverter_CallConvert_FirstInList" storage="d:\actions-runner\_work\xpco\xpco\sc\components\remoteviewer\smartclient\tst\zsmartclient_unittest\bin\x64\debug\net472\zsmartclient_unittest.dll" id="8a4d4995-3c1b-876f-b006-d12439f37a6d">
      <TestCategory>
        <TestCategoryItem TestCategory="SearchConverter" />
      </TestCategory>
      <Execution id="127b413b-0f2e-4178-a222-3acdc968a2ff" />
      <TestMethod codeBase="D:\actions-runner\_work\XPCO\XPCO\SC\Components\RemoteViewer\SmartClient\tst\zSmartClient_UnitTest\bin\x64\Debug\net472\zSmartClient_UnitTest.dll" adapterTypeName="executor://mstestadapter/v2" className="SmartClient_UnitTest.VideoOS.RemoteClient.Plugin.CentralizedSearch.Views.Converters.AndOrSearchDefinitionMultiConverterTests" name="AndOrSearchDefinitionToVisibilityMultiConverter_CallConvert_FirstInList" />
    </UnitTest>
    <UnitTest name="PtzInfoViewModel_SetInfo_PtzSessionControllerInfo_ArgumentNullCheckTest" storage="d:\actions-runner\_work\xpco\xpco\sc\components\remoteviewer\smartclient\tst\zsmartclient_unittest\bin\x64\debug\net472\zsmartclient_unittest.dll" id="84cdc42c-8723-3f7f-aeea-e185addc7b1d">
      <Execution id="de60059d-3c69-4410-8cf2-dc11e44a110f" />
      <TestMethod codeBase="D:\actions-runner\_work\XPCO\XPCO\SC\Components\RemoteViewer\SmartClient\tst\zSmartClient_UnitTest\bin\x64\Debug\net472\zSmartClient_UnitTest.dll" adapterTypeName="executor://mstestadapter/v2" className="SmartClient_UnitTest.VideoOS.RemoteClient.Plugin.Map.WPFObjects.PtzInfoViewModelUnitTest" name="PtzInfoViewModel_SetInfo_PtzSessionControllerInfo_ArgumentNullCheckTest" />
    </UnitTest>
    <UnitTest name="ClearAllItemOutlines_MappedToViewModel_Success" storage="d:\actions-runner\_work\xpco\xpco\sc\components\remoteviewer\smartclient\tst\zsmartclient_unittest\bin\x64\debug\net472\zsmartclient_unittest.dll" id="a189583c-978a-c969-def3-f27770df3054">
      <TestCategory>
        <TestCategoryItem TestCategory="GisMap.GisMapViewFacade" />
      </TestCategory>
      <Execution id="34f9d0c5-80f3-47aa-9823-e7ceaa8fffbf" />
      <TestMethod codeBase="D:\actions-runner\_work\XPCO\XPCO\SC\Components\RemoteViewer\SmartClient\tst\zSmartClient_UnitTest\bin\x64\Debug\net472\zSmartClient_UnitTest.dll" adapterTypeName="executor://mstestadapter/v2" className="SmartClient_UnitTest.VideoOS.RemoteClient.Plugin.GisMap.IoC.GisMapViewFacadeTests" name="ClearAllItemOutlines_MappedToViewModel_Success" />
    </UnitTest>
    <UnitTest name="Instance_ShouldBeSingleton_WhenCalled" storage="d:\actions-runner\_work\xpco\xpco\sc\components\remoteviewer\smartclient\tst\zsmartclient_unittest\bin\x64\debug\net472\zsmartclient_unittest.dll" id="5234d1ee-ef9d-50d7-130b-4f673d2d6420">
      <TestCategory>
        <TestCategoryItem TestCategory="GisMapData.MicrophoneOemResourcesProviderTests" />
      </TestCategory>
      <Execution id="34d4d1d2-477e-47cd-a94a-4581e22e97ee" />
      <TestMethod codeBase="D:\actions-runner\_work\XPCO\XPCO\SC\Components\RemoteViewer\SmartClient\tst\zSmartClient_UnitTest\bin\x64\Debug\net472\zSmartClient_UnitTest.dll" adapterTypeName="executor://mstestadapter/v2" className="SmartClient_UnitTest.VideoOS.RemoteClient.GisMapData.Resources.MicrophoneOemResourcesProviderTests" name="Instance_ShouldBeSingleton_WhenCalled" />
    </UnitTest>
    <UnitTest name="ResolveSearchDefinitions_ShouldReturnResultSearchDefinition_WhenSingleSearchResultAndNullSearchDefinitionsAreGiven" storage="d:\actions-runner\_work\xpco\xpco\sc\components\remoteviewer\smartclient\tst\zsmartclient_unittest\bin\x64\debug\net472\zsmartclient_unittest.dll" id="ed1eba09-8472-7b1b-0969-bd05029178c2">
      <TestCategory>
        <TestCategoryItem TestCategory="Search" />
      </TestCategory>
      <Execution id="1ee4fce8-b823-40b7-b742-178aa0f5ea50" />
      <TestMethod codeBase="D:\actions-runner\_work\XPCO\XPCO\SC\Components\RemoteViewer\SmartClient\tst\zSmartClient_UnitTest\bin\x64\Debug\net472\zSmartClient_UnitTest.dll" adapterTypeName="executor://mstestadapter/v2" className="SmartClient_UnitTest.VideoOS.RemoteClient.Plugin.CentralizedSearch.Utils.SearchResultDataWrapperExtensionsTests" name="ResolveSearchDefinitions_ShouldReturnResultSearchDefinition_WhenSingleSearchResultAndNullSearchDefinitionsAreGiven" />
    </UnitTest>
    <UnitTest name="IsCurrentCenterEqualTo_ShouldReturnTrue_WhenValuesAreEqualWithinGivenPrecision" storage="d:\actions-runner\_work\xpco\xpco\sc\components\remoteviewer\smartclient\tst\zsmartclient_unittest\bin\x64\debug\net472\zsmartclient_unittest.dll" id="addbc64d-1bd3-678f-14d6-6dd2dda6bd02">
      <TestCategory>
        <TestCategoryItem TestCategory="MapExtentManager" />
      </TestCategory>
      <Execution id="831c9759-8e40-4da9-aa47-4813ea7fcc2b" />
      <TestMethod codeBase="D:\actions-runner\_work\XPCO\XPCO\SC\Components\RemoteViewer\SmartClient\tst\zSmartClient_UnitTest\bin\x64\Debug\net472\zSmartClient_UnitTest.dll" adapterTypeName="executor://mstestadapter/v2" className="SmartClient_UnitTest.VideoOS.RemoteClient.Plugin.GisMap.ThinkGeoMap.Settings.ThinkGeoMapExtentManagerTests" name="IsCurrentCenterEqualTo_ShouldReturnTrue_WhenValuesAreEqualWithinGivenPrecision" />
    </UnitTest>
    <UnitTest name="UpdateHomeLocationInModel_HomeLocationId_NoUpdated_DragDataSet_Succes" storage="d:\actions-runner\_work\xpco\xpco\sc\components\remoteviewer\smartclient\tst\zsmartclient_unittest\bin\x64\debug\net472\zsmartclient_unittest.dll" id="ca24c09d-a214-cd57-9506-eb63722a25cc">
      <TestCategory>
        <TestCategoryItem TestCategory="GisMapContentHolderTests" />
      </TestCategory>
      <Execution id="aedd8469-3a7d-4c6c-b001-ca1604580f9e" />
      <TestMethod codeBase="D:\actions-runner\_work\XPCO\XPCO\SC\Components\RemoteViewer\SmartClient\tst\zSmartClient_UnitTest\bin\x64\Debug\net472\zSmartClient_UnitTest.dll" adapterTypeName="executor://mstestadapter/v2" className="SmartClient_UnitTest.VideoOS.RemoteClient.Plugin.GisMap.ContentHolderTests" name="UpdateHomeLocationInModel_HomeLocationId_NoUpdated_DragDataSet_Succes" />
    </UnitTest>
    <UnitTest name="BookmarkSearchTime_WithSearchStringInDifferentCases_ReturnCorrectBookmarkWithSearchStringInHeader (SeArChStRiNg,False,False,True,False,,,0)" storage="d:\actions-runner\_work\xpco\xpco\sc\components\remoteviewer\smartclient\tst\zsmartclient_unittest\bin\x64\debug\net472\zsmartclient_unittest.dll" id="9d33f831-b29f-950b-6dda-1dc9cfbec78f">
      <Execution id="69077740-8134-4831-82ff-298fdaa18960" />
      <TestMethod codeBase="D:\actions-runner\_work\XPCO\XPCO\SC\Components\RemoteViewer\SmartClient\tst\zSmartClient_UnitTest\bin\x64\Debug\net472\zSmartClient_UnitTest.dll" adapterTypeName="executor://mstestadapter/v2" className="SmartClient_UnitTest.VideoOS.RemoteClient.Application.Data.Offline.UnitTest.BookmarkExportReaderTest" name="BookmarkSearchTime_WithSearchStringInDifferentCases_ReturnCorrectBookmarkWithSearchStringInHeader" />
    </UnitTest>
    <UnitTest name="BookmarkSearchTime_WithSearchStringInDifferentCases_ReturnCorrectBookmarkWithSearchStringInDescription (SeArChStRiNg,True,False,True,False,,,0)" storage="d:\actions-runner\_work\xpco\xpco\sc\components\remoteviewer\smartclient\tst\zsmartclient_unittest\bin\x64\debug\net472\zsmartclient_unittest.dll" id="8c7ec482-bc88-8ad6-1098-ff19a10b5886">
      <Execution id="c957000f-6384-4eb2-8004-d414630acd37" />
      <TestMethod codeBase="D:\actions-runner\_work\XPCO\XPCO\SC\Components\RemoteViewer\SmartClient\tst\zSmartClient_UnitTest\bin\x64\Debug\net472\zSmartClient_UnitTest.dll" adapterTypeName="executor://mstestadapter/v2" className="SmartClient_UnitTest.VideoOS.RemoteClient.Application.Data.Offline.UnitTest.BookmarkExportReaderTest" name="BookmarkSearchTime_WithSearchStringInDifferentCases_ReturnCorrectBookmarkWithSearchStringInDescription" />
    </UnitTest>
    <UnitTest name="GetDeviceData_ShouldReturnDeviceData_WhenInputKindAndExistingInputId" storage="d:\actions-runner\_work\xpco\xpco\sc\components\remoteviewer\smartclient\tst\zsmartclient_unittest\bin\x64\debug\net472\zsmartclient_unittest.dll" id="8781c4e8-8f6b-fc4e-fad2-e4adb8260be9">
      <TestCategory>
        <TestCategoryItem TestCategory="GisMap.Controllers.Devices.MapItems" />
      </TestCategory>
      <Execution id="0c122f4f-3ae3-40eb-87c9-e8a7b3499676" />
      <TestMethod codeBase="D:\actions-runner\_work\XPCO\XPCO\SC\Components\RemoteViewer\SmartClient\tst\zSmartClient_UnitTest\bin\x64\Debug\net472\zSmartClient_UnitTest.dll" adapterTypeName="executor://mstestadapter/v2" className="SmartClient_UnitTest.VideoOS.RemoteClient.Plugin.GisMap.Controllers.Devices.MapItems.DeviceDataControllerTests" name="GetDeviceData_ShouldReturnDeviceData_WhenInputKindAndExistingInputId" />
    </UnitTest>
    <UnitTest name="CreateDefinition_FireSingleSearchResult_SearchFinishedWithResults" storage="d:\actions-runner\_work\xpco\xpco\sc\components\remoteviewer\smartclient\tst\zsmartclient_unittest\bin\x64\debug\net472\zsmartclient_unittest.dll" id="ae1ed87e-08b0-6456-55b5-f1c7e9a80148">
      <TestCategory>
        <TestCategoryItem TestCategory="SearchModels" />
      </TestCategory>
      <Execution id="b087f7a4-e666-40bf-9b9f-eafd738f18de" />
      <TestMethod codeBase="D:\actions-runner\_work\XPCO\XPCO\SC\Components\RemoteViewer\SmartClient\tst\zSmartClient_UnitTest\bin\x64\Debug\net472\zSmartClient_UnitTest.dll" adapterTypeName="executor://mstestadapter/v2" className="SmartClient_UnitTest.VideoOS.RemoteClient.Plugin.CentralizedSearch.Models.SearchModelTests" name="CreateDefinition_FireSingleSearchResult_SearchFinishedWithResults" />
    </UnitTest>
    <UnitTest name="TimeToStringConverter_Ctor_Success" storage="d:\actions-runner\_work\xpco\xpco\sc\components\remoteviewer\smartclient\tst\zsmartclient_unittest\bin\x64\debug\net472\zsmartclient_unittest.dll" id="417d2775-4be3-356c-d0c6-5cff4570afc9">
      <TestCategory>
        <TestCategoryItem TestCategory="SearchConverter" />
      </TestCategory>
      <Execution id="613d3ec5-6af6-46fc-a9ff-a21633f3dff4" />
      <TestMethod codeBase="D:\actions-runner\_work\XPCO\XPCO\SC\Components\RemoteViewer\SmartClient\tst\zSmartClient_UnitTest\bin\x64\Debug\net472\zSmartClient_UnitTest.dll" adapterTypeName="executor://mstestadapter/v2" className="SmartClient_UnitTest.VideoOS.RemoteClient.Plugin.CentralizedSearch.Views.Converters.TimeToStringConverterTests" name="TimeToStringConverter_Ctor_Success" />
    </UnitTest>
    <UnitTest name="Path enabled, not forced" storage="d:\actions-runner\_work\xpco\xpco\sc\components\remoteviewer\smartclient\tst\zsmartclient_unittest\bin\x64\debug\net472\zsmartclient_unittest.dll" id="1656f45b-677e-89a1-0f61-ab22cd78d2db">
      <TestCategory>
        <TestCategoryItem TestCategory="Export" />
      </TestCategory>
      <Execution id="25a6c8f7-aa20-4fd5-8bcd-192219c1ddb5" />
      <TestMethod codeBase="D:\actions-runner\_work\XPCO\XPCO\SC\Components\RemoteViewer\SmartClient\tst\zSmartClient_UnitTest\bin\x64\Debug\net472\zSmartClient_UnitTest.dll" adapterTypeName="executor://mstestadapter/v2" className="SmartClient_UnitTest.VideoOS.RemoteClient.Plugin.Export.CreateExportDialogViewModelTests" name="CreateExportDialog_ExportDestinationPreSelected_BasedOnOptions" />
    </UnitTest>
    <UnitTest name="CameraMapItem_ForceActivateAsync_InBuilding_MapLayerHidden_Success" storage="d:\actions-runner\_work\xpco\xpco\sc\components\remoteviewer\smartclient\tst\zsmartclient_unittest\bin\x64\debug\net472\zsmartclient_unittest.dll" id="a6493ade-3aba-8e55-3d5b-e3a18089f41b">
      <TestCategory>
        <TestCategoryItem TestCategory="GisMapMapItem" />
      </TestCategory>
      <Execution id="f3a231c1-df17-4616-989f-367da816677a" />
      <TestMethod codeBase="D:\actions-runner\_work\XPCO\XPCO\SC\Components\RemoteViewer\SmartClient\tst\zSmartClient_UnitTest\bin\x64\Debug\net472\zSmartClient_UnitTest.dll" adapterTypeName="executor://mstestadapter/v2" className="SmartClient_UnitTest.VideoOS.RemoteClient.GisMap.MapItem.MapItemTests" name="CameraMapItem_ForceActivateAsync_InBuilding_MapLayerHidden_Success" />
    </UnitTest>
    <UnitTest name="Constructor_ShouldRaiseArgumentNullException_WhenEventServerIdsIsNull" storage="d:\actions-runner\_work\xpco\xpco\sc\components\remoteviewer\smartclient\tst\zsmartclient_unittest\bin\x64\debug\net472\zsmartclient_unittest.dll" id="4f0f0f05-4e54-c98a-97cd-1164c4d7679e">
      <TestCategory>
        <TestCategoryItem TestCategory="AccessControl.Services" />
      </TestCategory>
      <Execution id="7b5e399d-06db-4015-84e9-45e4e9b16252" />
      <TestMethod codeBase="D:\actions-runner\_work\XPCO\XPCO\SC\Components\RemoteViewer\SmartClient\tst\zSmartClient_UnitTest\bin\x64\Debug\net472\zSmartClient_UnitTest.dll" adapterTypeName="executor://mstestadapter/v2" className="SmartClient_UnitTest.VideoOS.RemoteClient.AccessControl.Services.AccessControlGuidProviderTests" name="Constructor_ShouldRaiseArgumentNullException_WhenEventServerIdsIsNull" />
    </UnitTest>
    <UnitTest name="Search_ShouldPopulateSearchResult_WhenSuccessful" storage="d:\actions-runner\_work\xpco\xpco\sc\components\remoteviewer\smartclient\tst\zsmartclient_unittest\bin\x64\debug\net472\zsmartclient_unittest.dll" id="833aec2e-c0ac-4112-94cf-5fa375595a9e">
      <Execution id="8a80ba76-ad18-4042-96a5-6e46a228dbf4" />
      <TestMethod codeBase="D:\actions-runner\_work\XPCO\XPCO\SC\Components\RemoteViewer\SmartClient\tst\zSmartClient_UnitTest\bin\x64\Debug\net472\zSmartClient_UnitTest.dll" adapterTypeName="executor://mstestadapter/v2" className="SmartClient_UnitTest.VideoOS.RemoteClient.AccessControl.ViewModel.CardholdersTabViewModelTests" name="Search_ShouldPopulateSearchResult_WhenSuccessful" />
    </UnitTest>
    <UnitTest name="OpenStreetMapLayerIsDisabled_ShouldReturnTrue_WhenOpenStreetMapGeographicLayerOptionIsNotAvailableAndOpenStreetMapAlternativeServerIsInvalidURl" storage="d:\actions-runner\_work\xpco\xpco\sc\components\remoteviewer\smartclient\tst\zsmartclient_unittest\bin\x64\debug\net472\zsmartclient_unittest.dll" id="89928fee-575e-9986-6b1d-9005971a41e3">
      <TestCategory>
        <TestCategoryItem TestCategory="GisMapLayer" />
      </TestCategory>
      <Execution id="40c90a9d-fa05-499b-ad84-02ba58b7b9f7" />
      <TestMethod codeBase="D:\actions-runner\_work\XPCO\XPCO\SC\Components\RemoteViewer\SmartClient\tst\zSmartClient_UnitTest\bin\x64\Debug\net472\zSmartClient_UnitTest.dll" adapterTypeName="executor://mstestadapter/v2" className="SmartClient_UnitTest.VideoOS.RemoteClient.GisMap.MapLayers.GisMapLayerTests" name="OpenStreetMapLayerIsDisabled_ShouldReturnTrue_WhenOpenStreetMapGeographicLayerOptionIsNotAvailableAndOpenStreetMapAlternativeServerIsInvalidURl" />
    </UnitTest>
    <UnitTest name="StartSelection_ShouldNotClearAnyExistingSelections_WhenAddingToExitingSelection" storage="d:\actions-runner\_work\xpco\xpco\sc\components\remoteviewer\smartclient\tst\zsmartclient_unittest\bin\x64\debug\net472\zsmartclient_unittest.dll" id="b7e1ee47-1435-7822-cf95-e3720fecc94e">
      <TestCategory>
        <TestCategoryItem TestCategory="SmartMap.SelectionHelper" />
      </TestCategory>
      <Execution id="7c303e5e-6a58-41de-9c19-a85862553d85" />
      <TestMethod codeBase="D:\actions-runner\_work\XPCO\XPCO\SC\Components\RemoteViewer\SmartClient\tst\zSmartClient_UnitTest\bin\x64\Debug\net472\zSmartClient_UnitTest.dll" adapterTypeName="executor://mstestadapter/v2" className="SmartClient_UnitTest.VideoOS.RemoteClient.Plugin.GisMap.ThinkGeoMap.SpecializedOverlays.Overlays.SelectionHelperTests" name="StartSelection_ShouldNotClearAnyExistingSelections_WhenAddingToExitingSelection" />
    </UnitTest>
    <UnitTest name="SupportsRightClick_ShouldBeTrue_WhenInteractionStateIsNormal" storage="d:\actions-runner\_work\xpco\xpco\sc\components\remoteviewer\smartclient\tst\zsmartclient_unittest\bin\x64\debug\net472\zsmartclient_unittest.dll" id="f666c42d-aace-c940-638f-8ab4e58f4377">
      <TestCategory>
        <TestCategoryItem TestCategory="GisMap.MipItemMarker" />
      </TestCategory>
      <Execution id="922784fb-ca2c-4bdc-a0f1-bb14910580a3" />
      <TestMethod codeBase="D:\actions-runner\_work\XPCO\XPCO\SC\Components\RemoteViewer\SmartClient\tst\zSmartClient_UnitTest\bin\x64\Debug\net472\zSmartClient_UnitTest.dll" adapterTypeName="executor://mstestadapter/v2" className="SmartClient_UnitTest.VideoOS.RemoteClient.Plugin.GisMap.ThinkGeoMap.Markers.MipItemMarker.MipItemMarkerTests" name="SupportsRightClick_ShouldBeTrue_WhenInteractionStateIsNormal" />
    </UnitTest>
    <UnitTest name="PtzSessionControllerInfo_TimeChangedTest_NoChange" storage="d:\actions-runner\_work\xpco\xpco\sc\components\remoteviewer\smartclient\tst\zsmartclient_unittest\bin\x64\debug\net472\zsmartclient_unittest.dll" id="319e9db8-8f37-6739-0cbb-83eff6d39b32">
      <Execution id="d20d9bae-dbca-4daa-8d0e-09474229a87a" />
      <TestMethod codeBase="D:\actions-runner\_work\XPCO\XPCO\SC\Components\RemoteViewer\SmartClient\tst\zSmartClient_UnitTest\bin\x64\Debug\net472\zSmartClient_UnitTest.dll" adapterTypeName="executor://mstestadapter/v2" className="VideoOS.RemoteClient.Application.Controllers.UnitTest.PtzSessionControllerTest" name="PtzSessionControllerInfo_TimeChangedTest_NoChange" />
    </UnitTest>
    <UnitTest name="GetDefaultReportDestination_WrongUserSettingsAttribute_ReturnsDefaultFolder" storage="d:\actions-runner\_work\xpco\xpco\sc\components\remoteviewer\smartclient\tst\zsmartclient_unittest\bin\x64\debug\net472\zsmartclient_unittest.dll" id="c22deb6e-f8ad-a898-d5fa-2612e0c2ea52">
      <TestCategory>
        <TestCategoryItem TestCategory="Search" />
      </TestCategory>
      <Execution id="466fe397-8129-4ea7-924c-7bfaff283360" />
      <TestMethod codeBase="D:\actions-runner\_work\XPCO\XPCO\SC\Components\RemoteViewer\SmartClient\tst\zSmartClient_UnitTest\bin\x64\Debug\net472\zSmartClient_UnitTest.dll" adapterTypeName="executor://mstestadapter/v2" className="SmartClient_UnitTest.VideoOS.RemoteClient.Plugin.CentralizedSearch.ViewModels.SearchReportViewModelTests" name="GetDefaultReportDestination_WrongUserSettingsAttribute_ReturnsDefaultFolder" />
    </UnitTest>
    <UnitTest name="UpdateScope_FromTimeChangedWithNullScopeDuration_ReturnsTrue" storage="d:\actions-runner\_work\xpco\xpco\sc\components\remoteviewer\smartclient\tst\zsmartclient_unittest\bin\x64\debug\net472\zsmartclient_unittest.dll" id="f47f6c44-9fa8-d010-756e-7b3d112428c4">
      <TestCategory>
        <TestCategoryItem TestCategory="SearchModels" />
      </TestCategory>
      <Execution id="71be5e06-f565-4e54-9f04-f0be327a8a8e" />
      <TestMethod codeBase="D:\actions-runner\_work\XPCO\XPCO\SC\Components\RemoteViewer\SmartClient\tst\zSmartClient_UnitTest\bin\x64\Debug\net472\zSmartClient_UnitTest.dll" adapterTypeName="executor://mstestadapter/v2" className="SmartClient_UnitTest.VideoOS.RemoteClient.Plugin.CentralizedSearch.Models.SearchScopeTests" name="UpdateScope_FromTimeChangedWithNullScopeDuration_ReturnsTrue" />
    </UnitTest>
    <UnitTest name="BuildMapOptions_ShouldHandleSecretStringOptionsCorrectly (GisMapBingMapKey,,False)" storage="d:\actions-runner\_work\xpco\xpco\sc\components\remoteviewer\smartclient\tst\zsmartclient_unittest\bin\x64\debug\net472\zsmartclient_unittest.dll" id="c44548aa-9337-8061-84b6-1037567d8f33">
      <Execution id="d67dd290-0f63-4e38-a604-99bbb61abc5d" />
      <TestMethod codeBase="D:\actions-runner\_work\XPCO\XPCO\SC\Components\RemoteViewer\SmartClient\tst\zSmartClient_UnitTest\bin\x64\Debug\net472\zSmartClient_UnitTest.dll" adapterTypeName="executor://mstestadapter/v2" className="SmartClient_UnitTest.VideoOS.RemoteClient.Application.Common.Telemetry.TelemetryBuilderTests" name="BuildMapOptions_ShouldHandleSecretStringOptionsCorrectly" />
    </UnitTest>
    <UnitTest name="BuildingChangeProperty_Persisted_Success" storage="d:\actions-runner\_work\xpco\xpco\sc\components\remoteviewer\smartclient\tst\zsmartclient_unittest\bin\x64\debug\net472\zsmartclient_unittest.dll" id="0e8eb8b8-1a42-be54-07c1-244508590add">
      <TestCategory>
        <TestCategoryItem TestCategory="GisMapBuilding" />
      </TestCategory>
      <Execution id="d70d09ed-b17d-4960-a694-9fbc347cdb55" />
      <TestMethod codeBase="D:\actions-runner\_work\XPCO\XPCO\SC\Components\RemoteViewer\SmartClient\tst\zSmartClient_UnitTest\bin\x64\Debug\net472\zSmartClient_UnitTest.dll" adapterTypeName="executor://mstestadapter/v2" className="SmartClient_UnitTest.VideoOS.RemoteClient.GisMap.MapBuildingTests" name="BuildingChangeProperty_Persisted_Success" />
    </UnitTest>
    <UnitTest name="Tooltip_ShouldShowMicrophoneName_OnSetupMode" storage="d:\actions-runner\_work\xpco\xpco\sc\components\remoteviewer\smartclient\tst\zsmartclient_unittest\bin\x64\debug\net472\zsmartclient_unittest.dll" id="ed7bec68-0198-a68e-a9fa-29c0dcede6d8">
      <TestCategory>
        <TestCategoryItem TestCategory="GisMap.MicrophoneMarkerTest" />
      </TestCategory>
      <Execution id="6d7ae888-31e5-4693-b2af-42316a3bb8c0" />
      <TestMethod codeBase="D:\actions-runner\_work\XPCO\XPCO\SC\Components\RemoteViewer\SmartClient\tst\zSmartClient_UnitTest\bin\x64\Debug\net472\zSmartClient_UnitTest.dll" adapterTypeName="executor://mstestadapter/v2" className="SmartClient_UnitTest.VideoOS.RemoteClient.Plugin.GisMap.ThinkGeoMap.Markers.DeviceMarkers.MicrophoneMarker.MicrophoneMarkerTests" name="Tooltip_ShouldShowMicrophoneName_OnSetupMode" />
    </UnitTest>
    <UnitTest name="ResolveBaseResultProperties_ShouldReturnOrderedTriggerTimes_WhenGivenUnorderedTriggerTimes" storage="d:\actions-runner\_work\xpco\xpco\sc\components\remoteviewer\smartclient\tst\zsmartclient_unittest\bin\x64\debug\net472\zsmartclient_unittest.dll" id="4552c7a0-9f71-d2b4-51c4-e785ac828b42">
      <TestCategory>
        <TestCategoryItem TestCategory="Search" />
      </TestCategory>
      <Execution id="e8a13e7f-e265-4160-8e94-e797e139e90b" />
      <TestMethod codeBase="D:\actions-runner\_work\XPCO\XPCO\SC\Components\RemoteViewer\SmartClient\tst\zSmartClient_UnitTest\bin\x64\Debug\net472\zSmartClient_UnitTest.dll" adapterTypeName="executor://mstestadapter/v2" className="SmartClient_UnitTest.VideoOS.RemoteClient.Plugin.CentralizedSearch.Utils.SearchResultDataWrapperExtensionsTests" name="ResolveBaseResultProperties_ShouldReturnOrderedTriggerTimes_WhenGivenUnorderedTriggerTimes" />
    </UnitTest>
    <UnitTest name="Dispose_ClosesPluginInstance" storage="d:\actions-runner\_work\xpco\xpco\sc\components\remoteviewer\smartclient\tst\zsmartclient_unittest\bin\x64\debug\net472\zsmartclient_unittest.dll" id="227dc5e8-fd61-64c5-c58b-a4363d10733d">
      <TestCategory>
        <TestCategoryItem TestCategory="SearchResultsAction" />
      </TestCategory>
      <Execution id="ebf7400e-9ed2-40ea-9691-d6b31e378365" />
      <TestMethod codeBase="D:\actions-runner\_work\XPCO\XPCO\SC\Components\RemoteViewer\SmartClient\tst\zSmartClient_UnitTest\bin\x64\Debug\net472\zSmartClient_UnitTest.dll" adapterTypeName="executor://mstestadapter/v2" className="SmartClient_UnitTest.VideoOS.RemoteClient.Plugin.CentralizedSearch.ViewModels.SearchResultsActionViewModelTests" name="Dispose_ClosesPluginInstance" />
    </UnitTest>
    <UnitTest name="GetServerTiles_ShouldReturnCorrectServerTilesWithGroupTest" storage="d:\actions-runner\_work\xpco\xpco\sc\components\remoteviewer\smartclient\tst\zsmartclient_unittest\bin\x64\debug\net472\zsmartclient_unittest.dll" id="52b60312-f92a-489e-ac83-49b5962a1a66">
      <Execution id="14fdce18-3bb6-49b2-9222-f07dac07c187" />
      <TestMethod codeBase="D:\actions-runner\_work\XPCO\XPCO\SC\Components\RemoteViewer\SmartClient\tst\zSmartClient_UnitTest\bin\x64\Debug\net472\zSmartClient_UnitTest.dll" adapterTypeName="executor://mstestadapter/v2" className="SmartClient_UnitTest.VideoOS.RemoteClient.Application.Data.ContentTypes.ReportingContentType.DashboardTileProviderTest" name="GetServerTiles_ShouldReturnCorrectServerTilesWithGroupTest" />
    </UnitTest>
    <UnitTest name="CreateReportAsync_ShouldSplitFrontPage_WhereFrontPageNotesSectionIsTooLarge" storage="d:\actions-runner\_work\xpco\xpco\sc\components\remoteviewer\smartclient\tst\zsmartclient_unittest\bin\x64\debug\net472\zsmartclient_unittest.dll" id="98c541d3-5d24-2401-7643-1e542884ed7a">
      <TestCategory>
        <TestCategoryItem TestCategory="Search" />
      </TestCategory>
      <Execution id="6d8edd5c-c283-4881-a7d1-2f2f40206adc" />
      <TestMethod codeBase="D:\actions-runner\_work\XPCO\XPCO\SC\Components\RemoteViewer\SmartClient\tst\zSmartClient_UnitTest\bin\x64\Debug\net472\zSmartClient_UnitTest.dll" adapterTypeName="executor://mstestadapter/v2" className="SmartClient_UnitTest.VideoOS.RemoteClient.Plugin.CentralizedSearch.ViewModels.Utility.SearchReportPrintFactoryTests" name="CreateReportAsync_ShouldSplitFrontPage_WhereFrontPageNotesSectionIsTooLarge" />
    </UnitTest>
    <UnitTest name="SetLayerFeatures_ShouldUpdateInputItemsMapLayer_WhenInputKindAndInputLayerFeatures" storage="d:\actions-runner\_work\xpco\xpco\sc\components\remoteviewer\smartclient\tst\zsmartclient_unittest\bin\x64\debug\net472\zsmartclient_unittest.dll" id="5a96435f-7bfb-674d-9228-2eed29df56f2">
      <TestCategory>
        <TestCategoryItem TestCategory="GisMapData.Controllers.LayerFeatures" />
      </TestCategory>
      <Execution id="0bbd638d-eacf-415a-83b9-9fd9a06ff937" />
      <TestMethod codeBase="D:\actions-runner\_work\XPCO\XPCO\SC\Components\RemoteViewer\SmartClient\tst\zSmartClient_UnitTest\bin\x64\Debug\net472\zSmartClient_UnitTest.dll" adapterTypeName="executor://mstestadapter/v2" className="SmartClient_UnitTest.VideoOS.RemoteClient.GisMapData.Controllers.LayerFeatures.LayerFeaturesControllerTests" name="SetLayerFeatures_ShouldUpdateInputItemsMapLayer_WhenInputKindAndInputLayerFeatures" />
    </UnitTest>
    <UnitTest name="Connect_WhenMajorServerVersionIsBelow3_ShouldNotStartAnySchClient" storage="d:\actions-runner\_work\xpco\xpco\sc\components\remoteviewer\smartclient\tst\zsmartclient_unittest\bin\x64\debug\net472\zsmartclient_unittest.dll" id="4b7dc18b-d6d1-94cf-67c8-cfdd48ab9288">
      <Execution id="78f48bf0-9899-4ab5-941b-6e58d02fbe47" />
      <TestMethod codeBase="D:\actions-runner\_work\XPCO\XPCO\SC\Components\RemoteViewer\SmartClient\tst\zSmartClient_UnitTest\bin\x64\Debug\net472\zSmartClient_UnitTest.dll" adapterTypeName="executor://mstestadapter/v2" className="VideoOS.Shared.ServerAPI.ServiceChannel.UnitTest.ServiceChannelCommandServiceTests" name="Connect_WhenMajorServerVersionIsBelow3_ShouldNotStartAnySchClient" />
    </UnitTest>
    <UnitTest name="GetIsOpenStreetMapValid_ShouldReturnTrue_WhenGeographicLayerIsNullAndAlternativeServerHasValidUrl" storage="d:\actions-runner\_work\xpco\xpco\sc\components\remoteviewer\smartclient\tst\zsmartclient_unittest\bin\x64\debug\net472\zsmartclient_unittest.dll" id="83ccd97a-3d39-ee6a-e0f8-f15f62764577">
      <TestCategory>
        <TestCategoryItem TestCategory="GisMapData.Controllers.Osm" />
      </TestCategory>
      <Execution id="4360f801-5a6f-4b48-b2fe-cb3e0c68e6bd" />
      <TestMethod codeBase="D:\actions-runner\_work\XPCO\XPCO\SC\Components\RemoteViewer\SmartClient\tst\zSmartClient_UnitTest\bin\x64\Debug\net472\zSmartClient_UnitTest.dll" adapterTypeName="executor://mstestadapter/v2" className="SmartClient_UnitTest.VideoOS.RemoteClient.GisMapData.Controllers.Osm.GisMapOsmControllerTests" name="GetIsOpenStreetMapValid_ShouldReturnTrue_WhenGeographicLayerIsNullAndAlternativeServerHasValidUrl" />
    </UnitTest>
    <UnitTest name="SmartMapGoToLocationHandler_WhenDataIsValid_ShouldCallNavigateTo" storage="d:\actions-runner\_work\xpco\xpco\sc\components\remoteviewer\smartclient\tst\zsmartclient_unittest\bin\x64\debug\net472\zsmartclient_unittest.dll" id="15776c9e-bed1-aa30-abbc-b85a9e95cf84">
      <Execution id="e41a824b-4f86-4e40-835e-70e844b01bb6" />
      <TestMethod codeBase="D:\actions-runner\_work\XPCO\XPCO\SC\Components\RemoteViewer\SmartClient\tst\zSmartClient_UnitTest\bin\x64\Debug\net472\zSmartClient_UnitTest.dll" adapterTypeName="executor://mstestadapter/v2" className="SmartClient_UnitTest.VideoOS.RemoteClient.Plugin.GisMap.MIP.ContentHolderMipMessageManagerTests" name="SmartMapGoToLocationHandler_WhenDataIsValid_ShouldCallNavigateTo" />
    </UnitTest>
    <UnitTest name="TestMethod1" storage="d:\actions-runner\_work\xpco\xpco\sc\components\remoteviewer\smartclient\tst\zsmartclient_unittest\bin\x64\debug\net472\zsmartclient_unittest.dll" id="db35590a-caad-391c-4e81-fbc7dc664cab">
      <Execution id="ffc1e874-aca2-47d7-9258-fcc7c52f0223" />
      <TestMethod codeBase="D:\actions-runner\_work\XPCO\XPCO\SC\Components\RemoteViewer\SmartClient\tst\zSmartClient_UnitTest\bin\x64\Debug\net472\zSmartClient_UnitTest.dll" adapterTypeName="executor://mstestadapter/v2" className="SmartClient_UnitTest.VideoOS.RemoteClient.Application.Data.Retrievals.RetrievalTaskAggregationTest" name="TestMethod1" />
    </UnitTest>
    <UnitTest name="AddItemsRemoveItems_SingleMapItem_OneClusterChangeForEach" storage="d:\actions-runner\_work\xpco\xpco\sc\components\remoteviewer\smartclient\tst\zsmartclient_unittest\bin\x64\debug\net472\zsmartclient_unittest.dll" id="9b11dd70-a212-4435-b232-2bb1537ea05b">
      <TestCategory>
        <TestCategoryItem TestCategory="GisMapIndex" />
      </TestCategory>
      <Execution id="efabaf98-dfe6-400d-99e7-08b63a022a8e" />
      <TestMethod codeBase="D:\actions-runner\_work\XPCO\XPCO\SC\Components\RemoteViewer\SmartClient\tst\zSmartClient_UnitTest\bin\x64\Debug\net472\zSmartClient_UnitTest.dll" adapterTypeName="executor://mstestadapter/v2" className="SmartClient_UnitTest.VideoOS.RemoteClient.GisMapData.Common.Indexer.MapItemIndexerTests" name="AddItemsRemoveItems_SingleMapItem_OneClusterChangeForEach" />
    </UnitTest>
    <UnitTest name="ToTimeScope_YesterdayInTransitionToNonDST_Success" storage="d:\actions-runner\_work\xpco\xpco\sc\components\remoteviewer\smartclient\tst\zsmartclient_unittest\bin\x64\debug\net472\zsmartclient_unittest.dll" id="e38866b9-8332-5f7b-d7b8-fb3e9c3d9029">
      <TestCategory>
        <TestCategoryItem TestCategory="Search" />
      </TestCategory>
      <Execution id="43c3a403-8de9-4270-836b-7cbea0c5e59f" />
      <TestMethod codeBase="D:\actions-runner\_work\XPCO\XPCO\SC\Components\RemoteViewer\SmartClient\tst\zSmartClient_UnitTest\bin\x64\Debug\net472\zSmartClient_UnitTest.dll" adapterTypeName="executor://mstestadapter/v2" className="SmartClient_UnitTest.VideoOS.RemoteClient.Plugin.CentralizedSearch.Models.ScopeDurationTests" name="ToTimeScope_YesterdayInTransitionToNonDST_Success" />
    </UnitTest>
    <UnitTest name="SmartMapSelectItemHandler_WhenDataIsNotSmartMapSelectItemCommandData_ShouldWriteToLog" storage="d:\actions-runner\_work\xpco\xpco\sc\components\remoteviewer\smartclient\tst\zsmartclient_unittest\bin\x64\debug\net472\zsmartclient_unittest.dll" id="1b7a8e72-6c5b-1b1a-773c-d218457056e9">
      <Execution id="86e0d892-ff0f-407b-930d-2bf0af6f5b75" />
      <TestMethod codeBase="D:\actions-runner\_work\XPCO\XPCO\SC\Components\RemoteViewer\SmartClient\tst\zSmartClient_UnitTest\bin\x64\Debug\net472\zSmartClient_UnitTest.dll" adapterTypeName="executor://mstestadapter/v2" className="SmartClient_UnitTest.VideoOS.RemoteClient.Plugin.GisMap.MIP.ContentHolderMipMessageManagerTests" name="SmartMapSelectItemHandler_WhenDataIsNotSmartMapSelectItemCommandData_ShouldWriteToLog" />
    </UnitTest>
    <UnitTest name="PatrollingStepViewModel_Speed" storage="d:\actions-runner\_work\xpco\xpco\sc\components\remoteviewer\smartclient\tst\zsmartclient_unittest\bin\x64\debug\net472\zsmartclient_unittest.dll" id="731f7e19-89ff-c108-ad63-9eb46b5c0a59">
      <Execution id="a96bb809-3271-470e-944d-974c6d2f7fbb" />
      <TestMethod codeBase="D:\actions-runner\_work\XPCO\XPCO\SC\Components\RemoteViewer\SmartClient\tst\zSmartClient_UnitTest\bin\x64\Debug\net472\zSmartClient_UnitTest.dll" adapterTypeName="executor://mstestadapter/v2" className="SmartClient_UnitTest.VideoOS.RemoteClient.Application.UI.PtzPreset.PatrollingViewModel.PatrollingStepViewModelTest" name="PatrollingStepViewModel_Speed" />
    </UnitTest>
    <UnitTest name="ValidateExportLocation_ShouldReturnFailResult_ExportFolderIsIllegal (False,False)" storage="d:\actions-runner\_work\xpco\xpco\sc\components\remoteviewer\smartclient\tst\zsmartclient_unittest\bin\x64\debug\net472\zsmartclient_unittest.dll" id="b2d1fc86-5b6c-12c9-7390-a0eef3e963b8">
      <TestCategory>
        <TestCategoryItem TestCategory="Export" />
      </TestCategory>
      <Execution id="e5f82be9-3e69-4ee7-8992-4e184e1e72d4" />
      <TestMethod codeBase="D:\actions-runner\_work\XPCO\XPCO\SC\Components\RemoteViewer\SmartClient\tst\zSmartClient_UnitTest\bin\x64\Debug\net472\zSmartClient_UnitTest.dll" adapterTypeName="executor://mstestadapter/v2" className="SmartClient_UnitTest.VideoOS.RemoteClient.Plugin.Export.ExportDataValidatorTests" name="ValidateExportLocation_ShouldReturnFailResult_ExportFolderIsIllegal" />
    </UnitTest>
    <UnitTest name="HandleSetLayerFeatures_ShouldRaiseArgumentException_WhenNotCameraKindAndCameraLayerFeaturesAndInputLayer" storage="d:\actions-runner\_work\xpco\xpco\sc\components\remoteviewer\smartclient\tst\zsmartclient_unittest\bin\x64\debug\net472\zsmartclient_unittest.dll" id="1ff412f4-a550-fccb-f616-ee490e039d87">
      <TestCategory>
        <TestCategoryItem TestCategory="GisMapData.Handlers.LayerFeatures" />
      </TestCategory>
      <Execution id="75f76f2e-8951-4779-b89e-7e5519a648cc" />
      <TestMethod codeBase="D:\actions-runner\_work\XPCO\XPCO\SC\Components\RemoteViewer\SmartClient\tst\zSmartClient_UnitTest\bin\x64\Debug\net472\zSmartClient_UnitTest.dll" adapterTypeName="executor://mstestadapter/v2" className="SmartClient_UnitTest.VideoOS.RemoteClient.GisMapData.Handlers.LayerFeatures.CameraLayerFeaturesHandlerTests" name="HandleSetLayerFeatures_ShouldRaiseArgumentException_WhenNotCameraKindAndCameraLayerFeaturesAndInputLayer" />
    </UnitTest>
    <UnitTest name="SearchCriteriaFilterValues_ValidatePopupFunctionalityInDialog_Success" storage="d:\actions-runner\_work\xpco\xpco\sc\components\remoteviewer\smartclient\tst\zsmartclient_unittest\bin\x64\debug\net472\zsmartclient_unittest.dll" id="3d282549-a7d7-f787-c093-a6611551ad0d">
      <TestCategory>
        <TestCategoryItem TestCategory="SearchControls" />
      </TestCategory>
      <Execution id="87456947-545c-435d-8998-39dd4a53aa44" />
      <TestMethod codeBase="D:\actions-runner\_work\XPCO\XPCO\SC\Components\RemoteViewer\SmartClient\tst\zSmartClient_UnitTest\bin\x64\Debug\net472\zSmartClient_UnitTest.dll" adapterTypeName="executor://mstestadapter/v2" className="SmartClient_UnitTest.VideoOS.RemoteClient.Plugin.CentralizedSearch.Views.Controls.SearchDefinitions.EditSearchDefinitionPopupTests" name="SearchCriteriaFilterValues_ValidatePopupFunctionalityInDialog_Success" />
    </UnitTest>
    <UnitTest name="DateToStringConverter_MultiConvertInvalidInput_UnsetValue" storage="d:\actions-runner\_work\xpco\xpco\sc\components\remoteviewer\smartclient\tst\zsmartclient_unittest\bin\x64\debug\net472\zsmartclient_unittest.dll" id="c37e3ceb-4de2-f887-5ba0-5f1d4459693f">
      <TestCategory>
        <TestCategoryItem TestCategory="SearchConverter" />
      </TestCategory>
      <Execution id="5a6a8f65-febd-4449-97c3-08d4986e9f33" />
      <TestMethod codeBase="D:\actions-runner\_work\XPCO\XPCO\SC\Components\RemoteViewer\SmartClient\tst\zSmartClient_UnitTest\bin\x64\Debug\net472\zSmartClient_UnitTest.dll" adapterTypeName="executor://mstestadapter/v2" className="SmartClient_UnitTest.VideoOS.RemoteClient.Plugin.CentralizedSearch.Views.Converters.DurationToStringConverterTests" name="DateToStringConverter_MultiConvertInvalidInput_UnsetValue" />
    </UnitTest>
    <UnitTest name="ClearFilterCommand_ClearsFilter" storage="d:\actions-runner\_work\xpco\xpco\sc\components\remoteviewer\smartclient\tst\zsmartclient_unittest\bin\x64\debug\net472\zsmartclient_unittest.dll" id="adae62f9-2b72-4530-ee33-22d9b99a1467">
      <TestCategory>
        <TestCategoryItem TestCategory="Search" />
      </TestCategory>
      <Execution id="26dbe16e-dc8e-4950-8b07-702fb0927a5f" />
      <TestMethod codeBase="D:\actions-runner\_work\XPCO\XPCO\SC\Components\RemoteViewer\SmartClient\tst\zSmartClient_UnitTest\bin\x64\Debug\net472\zSmartClient_UnitTest.dll" adapterTypeName="executor://mstestadapter/v2" className="SmartClient_UnitTest.VideoOS.RemoteClient.Plugin.CentralizedSearch.MIPPlugin.Criteria.MultipleSelectionAttributeEditControlTest" name="ClearFilterCommand_ClearsFilter" />
    </UnitTest>
    <UnitTest name="Ctor_ShouldApplyRelevanceComparer_WhenViewModelIsCreated" storage="d:\actions-runner\_work\xpco\xpco\sc\components\remoteviewer\smartclient\tst\zsmartclient_unittest\bin\x64\debug\net472\zsmartclient_unittest.dll" id="f0c6f445-2735-407d-8bd8-efde582fd792">
      <TestCategory>
        <TestCategoryItem TestCategory="SearchResultViewModels" />
      </TestCategory>
      <Execution id="4d397f54-6718-4dc5-be03-28daefb12790" />
      <TestMethod codeBase="D:\actions-runner\_work\XPCO\XPCO\SC\Components\RemoteViewer\SmartClient\tst\zSmartClient_UnitTest\bin\x64\Debug\net472\zSmartClient_UnitTest.dll" adapterTypeName="executor://mstestadapter/v2" className="SmartClient_UnitTest.VideoOS.RemoteClient.Plugin.CentralizedSearch.ViewModels.SearchResultsViewModelTest" name="Ctor_ShouldApplyRelevanceComparer_WhenViewModelIsCreated" />
    </UnitTest>
    <UnitTest name="RemoveWorkroom_ShouldNotChangeSelection_WhenWorkroomThatIsNotSelectedIsRemoved" storage="d:\actions-runner\_work\xpco\xpco\sc\components\remoteviewer\smartclient\tst\zsmartclient_unittest\bin\x64\debug\net472\zsmartclient_unittest.dll" id="ff22d43a-17fa-db51-d7fd-2f5ea3ee7dbb">
      <TestCategory>
        <TestCategoryItem TestCategory="WorkroomController" />
      </TestCategory>
      <Execution id="2b724c68-4187-4bb7-bd6c-34205d3dd2f5" />
      <TestMethod codeBase="D:\actions-runner\_work\XPCO\XPCO\SC\Components\RemoteViewer\SmartClient\tst\zSmartClient_UnitTest\bin\x64\Debug\net472\zSmartClient_UnitTest.dll" adapterTypeName="executor://mstestadapter/v2" className="SmartClient_UnitTest.VideoOS.RemoteClient.Application.Controllers.WorkroomController.WorkroomControllerBaseTest" name="RemoveWorkroom_ShouldNotChangeSelection_WhenWorkroomThatIsNotSelectedIsRemoved" />
    </UnitTest>
    <UnitTest name="BrowseCommand_ReportDestinationChanged" storage="d:\actions-runner\_work\xpco\xpco\sc\components\remoteviewer\smartclient\tst\zsmartclient_unittest\bin\x64\debug\net472\zsmartclient_unittest.dll" id="cb0b865d-639c-dd58-a3ea-f0a088ec0432">
      <TestCategory>
        <TestCategoryItem TestCategory="Search" />
      </TestCategory>
      <Execution id="d11b54c3-3d18-4c67-8de5-7d6f5135d344" />
      <TestMethod codeBase="D:\actions-runner\_work\XPCO\XPCO\SC\Components\RemoteViewer\SmartClient\tst\zSmartClient_UnitTest\bin\x64\Debug\net472\zSmartClient_UnitTest.dll" adapterTypeName="executor://mstestadapter/v2" className="SmartClient_UnitTest.VideoOS.RemoteClient.Plugin.CentralizedSearch.ViewModels.SearchReportViewModelTests" name="BrowseCommand_ReportDestinationChanged" />
    </UnitTest>
    <UnitTest name="GetUserOptions_ShouldReturnNullForNewKey_WhenOnlyOldSystemDataIsAvailableInTheSystem" storage="d:\actions-runner\_work\xpco\xpco\sc\components\remoteviewer\smartclient\tst\zsmartclient_unittest\bin\x64\debug\net472\zsmartclient_unittest.dll" id="88fa8516-0d21-8d70-a765-06ab5bfbd249">
      <TestCategory>
        <TestCategoryItem TestCategory="Managers" />
      </TestCategory>
      <Execution id="a7b4a1f6-df27-441c-a967-447c72953897" />
      <TestMethod codeBase="D:\actions-runner\_work\XPCO\XPCO\SC\Components\RemoteViewer\SmartClient\tst\zSmartClient_UnitTest\bin\x64\Debug\net472\zSmartClient_UnitTest.dll" adapterTypeName="executor://mstestadapter/v2" className="SmartClient_UnitTest.VideoOS.RemoteClient.Application.Managers.OptionManagerTests" name="GetUserOptions_ShouldReturnNullForNewKey_WhenOnlyOldSystemDataIsAvailableInTheSystem" />
    </UnitTest>
    <UnitTest name="Session_Built" storage="d:\actions-runner\_work\xpco\xpco\sc\components\remoteviewer\smartclient\tst\zsmartclient_unittest\bin\x64\debug\net472\zsmartclient_unittest.dll" id="eb5a9d83-2458-0842-7b16-6cd517958096">
      <Execution id="afdfc788-316e-48c6-b7fc-b46b39ff5df1" />
      <TestMethod codeBase="D:\actions-runner\_work\XPCO\XPCO\SC\Components\RemoteViewer\SmartClient\tst\zSmartClient_UnitTest\bin\x64\Debug\net472\zSmartClient_UnitTest.dll" adapterTypeName="executor://mstestadapter/v2" className="SmartClient_UnitTest.VideoOS.RemoteClient.Application.Components.Search.SearchManagerTest" name="Session_Built" />
    </UnitTest>
    <UnitTest name="Constructor_ShouldRaiseArgumentException_WhenEventServerIdsIsEmpty" storage="d:\actions-runner\_work\xpco\xpco\sc\components\remoteviewer\smartclient\tst\zsmartclient_unittest\bin\x64\debug\net472\zsmartclient_unittest.dll" id="89935175-7a1b-8472-5162-947ab445be3b">
      <TestCategory>
        <TestCategoryItem TestCategory="AccessControl.Services" />
      </TestCategory>
      <Execution id="179d56ce-3594-4872-83ee-d7797d39efae" />
      <TestMethod codeBase="D:\actions-runner\_work\XPCO\XPCO\SC\Components\RemoteViewer\SmartClient\tst\zSmartClient_UnitTest\bin\x64\Debug\net472\zSmartClient_UnitTest.dll" adapterTypeName="executor://mstestadapter/v2" className="SmartClient_UnitTest.VideoOS.RemoteClient.AccessControl.Services.AccessControlGuidProviderTests" name="Constructor_ShouldRaiseArgumentException_WhenEventServerIdsIsEmpty" />
    </UnitTest>
    <UnitTest name="Map_DeleteLayers_OSM_ImageLayer_Success" storage="d:\actions-runner\_work\xpco\xpco\sc\components\remoteviewer\smartclient\tst\zsmartclient_unittest\bin\x64\debug\net472\zsmartclient_unittest.dll" id="20e8ccab-a0f4-bc81-8521-21ef899c1e27">
      <TestCategory>
        <TestCategoryItem TestCategory="GisMapLayers" />
      </TestCategory>
      <Execution id="0e48c7ea-f8d3-41f0-84f6-bf5df8e758ef" />
      <TestMethod codeBase="D:\actions-runner\_work\XPCO\XPCO\SC\Components\RemoteViewer\SmartClient\tst\zSmartClient_UnitTest\bin\x64\Debug\net472\zSmartClient_UnitTest.dll" adapterTypeName="executor://mstestadapter/v2" className="SmartClient_UnitTest.VideoOS.RemoteClient.GisMapData.GisMapLayerTests" name="Map_DeleteLayers_OSM_ImageLayer_Success" />
    </UnitTest>
    <UnitTest name="TestConstructor_EmptyPolygon_Success" storage="d:\actions-runner\_work\xpco\xpco\sc\components\remoteviewer\smartclient\tst\zsmartclient_unittest\bin\x64\debug\net472\zsmartclient_unittest.dll" id="149b064f-9ac3-44fb-3775-5acbf6f1cace">
      <TestCategory>
        <TestCategoryItem TestCategory="GisMap" />
      </TestCategory>
      <Execution id="7a8d9045-8ca4-464d-b158-7abe126535c9" />
      <TestMethod codeBase="D:\actions-runner\_work\XPCO\XPCO\SC\Components\RemoteViewer\SmartClient\tst\zSmartClient_UnitTest\bin\x64\Debug\net472\zSmartClient_UnitTest.dll" adapterTypeName="executor://mstestadapter/v2" className="SmartClient_UnitTest.VideoOS.RemoteClient.GisMap.Common.MapPolygonTest" name="TestConstructor_EmptyPolygon_Success" />
    </UnitTest>
    <UnitTest name="InitializeTokenException_ShouldThrow_WhenErrorOutOfRangeHigh" storage="d:\actions-runner\_work\xpco\xpco\sc\components\remoteviewer\smartclient\tst\zsmartclient_unittest\bin\x64\debug\net472\zsmartclient_unittest.dll" id="86d2f9a3-cd73-6e30-e154-d9542034e978">
      <TestCategory>
        <TestCategoryItem TestCategory="ServerCommandController.IDPToken" />
      </TestCategory>
      <Execution id="954c7b3b-48ec-4c0b-8e28-1ff230d48c23" />
      <TestMethod codeBase="D:\actions-runner\_work\XPCO\XPCO\SC\Components\RemoteViewer\SmartClient\tst\zSmartClient_UnitTest\bin\x64\Debug\net472\zSmartClient_UnitTest.dll" adapterTypeName="executor://mstestadapter/v2" className="SmartClient_UnitTest.VideoOS.RemoteClient.Application.Controllers.TokenExceptionsConverterTests" name="InitializeTokenException_ShouldThrow_WhenErrorOutOfRangeHigh" />
    </UnitTest>
    <UnitTest name="MarkerOnMouseLeftButtonDoubleClicked_ShouldCallToggleMicrophoneStateAsync_WhenIsInLiveMode" storage="d:\actions-runner\_work\xpco\xpco\sc\components\remoteviewer\smartclient\tst\zsmartclient_unittest\bin\x64\debug\net472\zsmartclient_unittest.dll" id="4586ccb8-434e-a6fb-3efe-7ae23e91a4a4">
      <TestCategory>
        <TestCategoryItem TestCategory="GisMap.MicrophoneMarkerTest" />
      </TestCategory>
      <Execution id="b50e56ba-b484-483b-8376-d6433ec5c1d0" />
      <TestMethod codeBase="D:\actions-runner\_work\XPCO\XPCO\SC\Components\RemoteViewer\SmartClient\tst\zSmartClient_UnitTest\bin\x64\Debug\net472\zSmartClient_UnitTest.dll" adapterTypeName="executor://mstestadapter/v2" className="SmartClient_UnitTest.VideoOS.RemoteClient.Plugin.GisMap.ThinkGeoMap.Markers.DeviceMarkers.MicrophoneMarker.MicrophoneMarkerTests" name="MarkerOnMouseLeftButtonDoubleClicked_ShouldCallToggleMicrophoneStateAsync_WhenIsInLiveMode" />
    </UnitTest>
    <UnitTest name="Deserialize_ScopeItemsOnly_Success" storage="d:\actions-runner\_work\xpco\xpco\sc\components\remoteviewer\smartclient\tst\zsmartclient_unittest\bin\x64\debug\net472\zsmartclient_unittest.dll" id="05cdc091-f2e6-9c3b-1f81-118e480d95e3">
      <TestCategory>
        <TestCategoryItem TestCategory="SearchSerialization" />
      </TestCategory>
      <Execution id="7c2fb649-1fc4-4791-b438-0860e2664beb" />
      <TestMethod codeBase="D:\actions-runner\_work\XPCO\XPCO\SC\Components\RemoteViewer\SmartClient\tst\zSmartClient_UnitTest\bin\x64\Debug\net472\zSmartClient_UnitTest.dll" adapterTypeName="executor://mstestadapter/v2" className="SmartClient_UnitTest.VideoOS.RemoteClient.Plugin.CentralizedSearch.Models.Serialization.SearchSerializerTests" name="Deserialize_ScopeItemsOnly_Success" />
    </UnitTest>
    <UnitTest name="Deserialize_UnknownItem_Error" storage="d:\actions-runner\_work\xpco\xpco\sc\components\remoteviewer\smartclient\tst\zsmartclient_unittest\bin\x64\debug\net472\zsmartclient_unittest.dll" id="e0bc5994-1c1d-ed47-7ea9-5075ce14af91">
      <TestCategory>
        <TestCategoryItem TestCategory="SearchSerialization" />
      </TestCategory>
      <Execution id="67f235fa-d5e3-4d46-a6d8-cc182bef1ead" />
      <TestMethod codeBase="D:\actions-runner\_work\XPCO\XPCO\SC\Components\RemoteViewer\SmartClient\tst\zSmartClient_UnitTest\bin\x64\Debug\net472\zSmartClient_UnitTest.dll" adapterTypeName="executor://mstestadapter/v2" className="SmartClient_UnitTest.VideoOS.RemoteClient.Plugin.CentralizedSearch.Models.Serialization.SearchSerializerTests" name="Deserialize_UnknownItem_Error" />
    </UnitTest>
    <UnitTest name="SupportsRightClick_ShouldBeTrue_WhenInteractionStateIsNormal" storage="d:\actions-runner\_work\xpco\xpco\sc\components\remoteviewer\smartclient\tst\zsmartclient_unittest\bin\x64\debug\net472\zsmartclient_unittest.dll" id="d096cf54-9fe3-48d3-6b60-9dbe5862c472">
      <TestCategory>
        <TestCategoryItem TestCategory="GisMap.LinkMarker" />
      </TestCategory>
      <Execution id="45056c70-d383-4746-949b-db311a645453" />
      <TestMethod codeBase="D:\actions-runner\_work\XPCO\XPCO\SC\Components\RemoteViewer\SmartClient\tst\zSmartClient_UnitTest\bin\x64\Debug\net472\zSmartClient_UnitTest.dll" adapterTypeName="executor://mstestadapter/v2" className="SmartClient_UnitTest.VideoOS.RemoteClient.Plugin.GisMap.ThinkGeoMap.Markers.LinkMarker.LinkMarkerTests" name="SupportsRightClick_ShouldBeTrue_WhenInteractionStateIsNormal" />
    </UnitTest>
    <UnitTest name="UpgradeToOAuth_ShouldUpgradeToUnsecureOAuth_WhenRequested" storage="d:\actions-runner\_work\xpco\xpco\sc\components\remoteviewer\smartclient\tst\zsmartclient_unittest\bin\x64\debug\net472\zsmartclient_unittest.dll" id="62ccc5b1-eb5f-4644-e919-a3a7e7740785">
      <TestCategory>
        <TestCategoryItem TestCategory="Authentication.ClientCredentials" />
      </TestCategory>
      <Execution id="72a8b943-2851-4da4-ac13-08da506fc871" />
      <TestMethod codeBase="D:\actions-runner\_work\XPCO\XPCO\SC\Components\RemoteViewer\SmartClient\tst\zSmartClient_UnitTest\bin\x64\Debug\net472\zSmartClient_UnitTest.dll" adapterTypeName="executor://mstestadapter/v2" className="SmartClient_UnitTest.VideoOS.Shared.ServerAPI.ClientCredentialsTest" name="UpgradeToOAuth_ShouldUpgradeToUnsecureOAuth_WhenRequested" />
    </UnitTest>
    <UnitTest name="LoadInitialState_ValidState_ReturnsValidState" storage="d:\actions-runner\_work\xpco\xpco\sc\components\remoteviewer\smartclient\tst\zsmartclient_unittest\bin\x64\debug\net472\zsmartclient_unittest.dll" id="2aeb0604-7864-ac0e-7483-a1a86a3f6f67">
      <TestCategory>
        <TestCategoryItem TestCategory="Search" />
      </TestCategory>
      <Execution id="2d44c3b3-d646-4308-9cba-a653c90aa875" />
      <TestMethod codeBase="D:\actions-runner\_work\XPCO\XPCO\SC\Components\RemoteViewer\SmartClient\tst\zSmartClient_UnitTest\bin\x64\Debug\net472\zSmartClient_UnitTest.dll" adapterTypeName="executor://mstestadapter/v2" className="SmartClient_UnitTest.VideoOS.RemoteClient.Plugin.CentralizedSearch.CentralizedSearchContentHolderTests" name="LoadInitialState_ValidState_ReturnsValidState" />
    </UnitTest>
    <UnitTest name="PtzSessionController_Register_Non_PTZ_Camera_Test" storage="d:\actions-runner\_work\xpco\xpco\sc\components\remoteviewer\smartclient\tst\zsmartclient_unittest\bin\x64\debug\net472\zsmartclient_unittest.dll" id="6235db2c-29a6-4a28-c065-7643ea0e2363">
      <Execution id="aefb71fd-a9c5-49c2-86bd-d69f7c12c62d" />
      <TestMethod codeBase="D:\actions-runner\_work\XPCO\XPCO\SC\Components\RemoteViewer\SmartClient\tst\zSmartClient_UnitTest\bin\x64\Debug\net472\zSmartClient_UnitTest.dll" adapterTypeName="executor://mstestadapter/v2" className="VideoOS.RemoteClient.Application.Controllers.UnitTest.PtzSessionControllerTest" name="PtzSessionController_Register_Non_PTZ_Camera_Test" />
    </UnitTest>
    <UnitTest name="FocusedSearchResultChanged_CameraOnMap_CameraMapLevelFeaturesSavedAndRestored" storage="d:\actions-runner\_work\xpco\xpco\sc\components\remoteviewer\smartclient\tst\zsmartclient_unittest\bin\x64\debug\net472\zsmartclient_unittest.dll" id="b228f7b3-2a35-5ed1-38ba-c95d5b6752e4">
      <TestCategory>
        <TestCategoryItem TestCategory="Search.SmartMapPreview" />
      </TestCategory>
      <Execution id="0ebf2d55-a7ed-4f06-af71-64faee88e415" />
      <TestMethod codeBase="D:\actions-runner\_work\XPCO\XPCO\SC\Components\RemoteViewer\SmartClient\tst\zSmartClient_UnitTest\bin\x64\Debug\net472\zSmartClient_UnitTest.dll" adapterTypeName="executor://mstestadapter/v2" className="SmartClient_UnitTest.VideoOS.RemoteClient.Plugin.CentralizedSearch.Views.Controls.SmartMap.SmartMapPreviewTests" name="FocusedSearchResultChanged_CameraOnMap_CameraMapLevelFeaturesSavedAndRestored" />
    </UnitTest>
    <UnitTest name="Constructor_ShouldThrow_ArgumentNullException_WhenConstructedWithNullClientCredentials" storage="d:\actions-runner\_work\xpco\xpco\sc\components\remoteviewer\smartclient\tst\zsmartclient_unittest\bin\x64\debug\net472\zsmartclient_unittest.dll" id="828aa887-d61e-2965-7b2f-bafe3c7dac25">
      <TestCategory>
        <TestCategoryItem TestCategory="Authentication.ClientCredentials" />
      </TestCategory>
      <Execution id="d1b40c9b-d98c-425c-a793-7e07354a5151" />
      <TestMethod codeBase="D:\actions-runner\_work\XPCO\XPCO\SC\Components\RemoteViewer\SmartClient\tst\zSmartClient_UnitTest\bin\x64\Debug\net472\zSmartClient_UnitTest.dll" adapterTypeName="executor://mstestadapter/v2" className="SmartClient_UnitTest.VideoOS.Shared.ServerAPI.ClientCredentialsTest" name="Constructor_ShouldThrow_ArgumentNullException_WhenConstructedWithNullClientCredentials" />
    </UnitTest>
    <UnitTest name="Constructor_ShouldRaiseArgumentNullException_WhenControllerManagerIsNull" storage="d:\actions-runner\_work\xpco\xpco\sc\components\remoteviewer\smartclient\tst\zsmartclient_unittest\bin\x64\debug\net472\zsmartclient_unittest.dll" id="d3a153fd-0e88-372e-ad4d-024de9ccde9a">
      <TestCategory>
        <TestCategoryItem TestCategory="GisMapAudioController" />
      </TestCategory>
      <Execution id="4b178a18-02da-4de8-8ee3-578ba97ebb2b" />
      <TestMethod codeBase="D:\actions-runner\_work\XPCO\XPCO\SC\Components\RemoteViewer\SmartClient\tst\zSmartClient_UnitTest\bin\x64\Debug\net472\zSmartClient_UnitTest.dll" adapterTypeName="executor://mstestadapter/v2" className="SmartClient_UnitTest.VideoOS.RemoteClient.GisMapData.GisMapAudioControllerTests" name="Constructor_ShouldRaiseArgumentNullException_WhenControllerManagerIsNull" />
    </UnitTest>
    <UnitTest name="Ctor_MultipleSearchFilterCategoriesInManager_SearchDefinitionCreatedForEachCategory" storage="d:\actions-runner\_work\xpco\xpco\sc\components\remoteviewer\smartclient\tst\zsmartclient_unittest\bin\x64\debug\net472\zsmartclient_unittest.dll" id="6e668805-e583-b333-030a-20aba32624a1">
      <TestCategory>
        <TestCategoryItem TestCategory="Search" />
      </TestCategory>
      <Execution id="6e7629bb-f18f-4555-be30-975b4d5f115b" />
      <TestMethod codeBase="D:\actions-runner\_work\XPCO\XPCO\SC\Components\RemoteViewer\SmartClient\tst\zSmartClient_UnitTest\bin\x64\Debug\net472\zSmartClient_UnitTest.dll" adapterTypeName="executor://mstestadapter/v2" className="SmartClient_UnitTest.VideoOS.RemoteClient.Plugin.CentralizedSearch.MIPPlugin.CompositeSearchDefinitionTests" name="Ctor_MultipleSearchFilterCategoriesInManager_SearchDefinitionCreatedForEachCategory" />
    </UnitTest>
    <UnitTest name="PatrollingStepListViewModel_PresetModified" storage="d:\actions-runner\_work\xpco\xpco\sc\components\remoteviewer\smartclient\tst\zsmartclient_unittest\bin\x64\debug\net472\zsmartclient_unittest.dll" id="85091bf5-79fb-de26-dea4-3270f148dbfd">
      <Execution id="5a1c3bed-e72a-45e3-87de-e2f9f3d24e80" />
      <TestMethod codeBase="D:\actions-runner\_work\XPCO\XPCO\SC\Components\RemoteViewer\SmartClient\tst\zSmartClient_UnitTest\bin\x64\Debug\net472\zSmartClient_UnitTest.dll" adapterTypeName="executor://mstestadapter/v2" className="SmartClient_UnitTest.VideoOS.RemoteClient.Application.UI.PtzPreset.PatrollingViewModel.PatrollingStepListViewModelTest" name="PatrollingStepListViewModel_PresetModified" />
    </UnitTest>
    <UnitTest name="SearchResultsActionBarActions_ActionResultCreateReport_CreatePdfDocument_ErrorCreating" storage="d:\actions-runner\_work\xpco\xpco\sc\components\remoteviewer\smartclient\tst\zsmartclient_unittest\bin\x64\debug\net472\zsmartclient_unittest.dll" id="5f362ea2-3502-a9a4-859c-9b7a53373938">
      <TestCategory>
        <TestCategoryItem TestCategory="Search" />
      </TestCategory>
      <Execution id="aa0018ee-5fe1-467c-90d9-5864cb47c1a6" />
      <TestMethod codeBase="D:\actions-runner\_work\XPCO\XPCO\SC\Components\RemoteViewer\SmartClient\tst\zSmartClient_UnitTest\bin\x64\Debug\net472\zSmartClient_UnitTest.dll" adapterTypeName="executor://mstestadapter/v2" className="SmartClient_UnitTest.VideoOS.RemoteClient.Plugin.CentralizedSearch.ViewModels.SearchReportViewModelTests" name="SearchResultsActionBarActions_ActionResultCreateReport_CreatePdfDocument_ErrorCreating" />
    </UnitTest>
    <UnitTest name="Constructor_ShouldRaiseArgumentNullException_WhenNextDeviceDataHandlerIsNull" storage="d:\actions-runner\_work\xpco\xpco\sc\components\remoteviewer\smartclient\tst\zsmartclient_unittest\bin\x64\debug\net472\zsmartclient_unittest.dll" id="f19f66f7-3714-6457-44d8-9a0c3461226c">
      <TestCategory>
        <TestCategoryItem TestCategory="GisMap.Handlers.Devices.MapItems" />
      </TestCategory>
      <Execution id="804fb913-b894-444d-83a4-351e02bfef10" />
      <TestMethod codeBase="D:\actions-runner\_work\XPCO\XPCO\SC\Components\RemoteViewer\SmartClient\tst\zSmartClient_UnitTest\bin\x64\Debug\net472\zSmartClient_UnitTest.dll" adapterTypeName="executor://mstestadapter/v2" className="SmartClient_UnitTest.VideoOS.RemoteClient.Plugin.GisMap.Handlers.Devices.MapItems.CameraDataHandlerTests" name="Constructor_ShouldRaiseArgumentNullException_WhenNextDeviceDataHandlerIsNull" />
    </UnitTest>
    <UnitTest name="Execute_CopyToClipboardCommand_ClipboardContainsText" storage="d:\actions-runner\_work\xpco\xpco\sc\components\remoteviewer\smartclient\tst\zsmartclient_unittest\bin\x64\debug\net472\zsmartclient_unittest.dll" id="f710e014-90ce-d71f-9c5f-5c71e6c4af0c">
      <Execution id="f2baa6c5-b183-4da4-8f74-332de2b20d9b" />
      <TestMethod codeBase="D:\actions-runner\_work\XPCO\XPCO\SC\Components\RemoteViewer\SmartClient\tst\zSmartClient_UnitTest\bin\x64\Debug\net472\zSmartClient_UnitTest.dll" adapterTypeName="executor://mstestadapter/v2" className="SmartClient_UnitTest.VideoOS.RemoteClient.Application.UI.Common.MessageBoxWithList.MessageBoxWithListViewModelTests" name="Execute_CopyToClipboardCommand_ClipboardContainsText" />
    </UnitTest>
    <UnitTest name="MapOutputIcons_WhenPinkOemResource_ShouldReturnTwoIcons" storage="d:\actions-runner\_work\xpco\xpco\sc\components\remoteviewer\smartclient\tst\zsmartclient_unittest\bin\x64\debug\net472\zsmartclient_unittest.dll" id="c6dda2cd-bb4c-abf6-4c9e-75c0a7c49325">
      <Execution id="9aeb68f8-a384-4230-a21b-fd90396b80dd" />
      <TestMethod codeBase="D:\actions-runner\_work\XPCO\XPCO\SC\Components\RemoteViewer\SmartClient\tst\zSmartClient_UnitTest\bin\x64\Debug\net472\zSmartClient_UnitTest.dll" adapterTypeName="executor://mstestadapter/v2" className="SmartClient_UnitTest.VideoOS.RemoteClient.Application.Controllers.OemResourceControllerTest" name="MapOutputIcons_WhenPinkOemResource_ShouldReturnTwoIcons" />
    </UnitTest>
    <UnitTest name="MergeOptionNodes_ShouldMergeOptionsFromOldKeyAndNewKey_WhenBothSettingsHaveOptionsAndEmptyNamespaceAddedToOptionsElement" storage="d:\actions-runner\_work\xpco\xpco\sc\components\remoteviewer\smartclient\tst\zsmartclient_unittest\bin\x64\debug\net472\zsmartclient_unittest.dll" id="40975595-da4a-f761-4446-28adcce54b50">
      <TestCategory>
        <TestCategoryItem TestCategory="Managers" />
      </TestCategory>
      <Execution id="61d68f61-b90f-4249-9e2c-0ace766bc23d" />
      <TestMethod codeBase="D:\actions-runner\_work\XPCO\XPCO\SC\Components\RemoteViewer\SmartClient\tst\zSmartClient_UnitTest\bin\x64\Debug\net472\zSmartClient_UnitTest.dll" adapterTypeName="executor://mstestadapter/v2" className="SmartClient_UnitTest.VideoOS.RemoteClient.Application.Managers.OptionManagerTests" name="MergeOptionNodes_ShouldMergeOptionsFromOldKeyAndNewKey_WhenBothSettingsHaveOptionsAndEmptyNamespaceAddedToOptionsElement" />
    </UnitTest>
    <UnitTest name="PtzSessionControllerInfo_ReservedChangedTest_Different" storage="d:\actions-runner\_work\xpco\xpco\sc\components\remoteviewer\smartclient\tst\zsmartclient_unittest\bin\x64\debug\net472\zsmartclient_unittest.dll" id="831c9d38-b235-c32d-79f4-dc554e18bb06">
      <Execution id="98bacd9e-3b42-44b9-b562-ca23a2fa8d47" />
      <TestMethod codeBase="D:\actions-runner\_work\XPCO\XPCO\SC\Components\RemoteViewer\SmartClient\tst\zSmartClient_UnitTest\bin\x64\Debug\net472\zSmartClient_UnitTest.dll" adapterTypeName="executor://mstestadapter/v2" className="VideoOS.RemoteClient.Application.Controllers.UnitTest.PtzSessionControllerTest" name="PtzSessionControllerInfo_ReservedChangedTest_Different" />
    </UnitTest>
    <UnitTest name="ConvertToNewLevel_OneLevelUp_Success" storage="d:\actions-runner\_work\xpco\xpco\sc\components\remoteviewer\smartclient\tst\zsmartclient_unittest\bin\x64\debug\net472\zsmartclient_unittest.dll" id="25e21b40-8b6b-75c0-de39-11c840b2c816">
      <TestCategory>
        <TestCategoryItem TestCategory="GisMapIndex" />
      </TestCategory>
      <Execution id="d80f9e5f-c0e9-4294-88b4-e97a426e3d5f" />
      <TestMethod codeBase="D:\actions-runner\_work\XPCO\XPCO\SC\Components\RemoteViewer\SmartClient\tst\zSmartClient_UnitTest\bin\x64\Debug\net472\zSmartClient_UnitTest.dll" adapterTypeName="executor://mstestadapter/v2" className="SmartClient_UnitTest.VideoOS.RemoteClient.GisMapData.Common.Indexer.IndexGridExtentTest" name="ConvertToNewLevel_OneLevelUp_Success" />
    </UnitTest>
    <UnitTest name="Constructor_ShouldRaiseArgumentNullException_WhenHeadlinesIsNull" storage="d:\actions-runner\_work\xpco\xpco\sc\components\remoteviewer\smartclient\tst\zsmartclient_unittest\bin\x64\debug\net472\zsmartclient_unittest.dll" id="e16392e0-b74b-20a1-bfd8-cf04cd22dc42">
      <TestCategory>
        <TestCategoryItem TestCategory="GisMap.LayerVisibilityItemDataChildrenToggleItemDecoratorTests" />
      </TestCategory>
      <Execution id="98e1fa06-8dd3-4ac4-9f12-2465f67a7d79" />
      <TestMethod codeBase="D:\actions-runner\_work\XPCO\XPCO\SC\Components\RemoteViewer\SmartClient\tst\zSmartClient_UnitTest\bin\x64\Debug\net472\zSmartClient_UnitTest.dll" adapterTypeName="executor://mstestadapter/v2" className="SmartClient_UnitTest.VideoOS.RemoteClient.Plugin.GisMap.ViewModels.LayersVisibility.Decorators.LayerVisibilityItemDataChildrenToggleItemDecoratorTests" name="Constructor_ShouldRaiseArgumentNullException_WhenHeadlinesIsNull" />
    </UnitTest>
    <UnitTest name="Deserialize_InvalidPluginIdElement_Error" storage="d:\actions-runner\_work\xpco\xpco\sc\components\remoteviewer\smartclient\tst\zsmartclient_unittest\bin\x64\debug\net472\zsmartclient_unittest.dll" id="9586cc92-f1bb-653a-bd17-70b79fb89f50">
      <TestCategory>
        <TestCategoryItem TestCategory="SearchSerialization" />
      </TestCategory>
      <Execution id="79aca4c1-d6f7-41a0-86bd-b669e4125ca1" />
      <TestMethod codeBase="D:\actions-runner\_work\XPCO\XPCO\SC\Components\RemoteViewer\SmartClient\tst\zSmartClient_UnitTest\bin\x64\Debug\net472\zSmartClient_UnitTest.dll" adapterTypeName="executor://mstestadapter/v2" className="SmartClient_UnitTest.VideoOS.RemoteClient.Plugin.CentralizedSearch.Models.Serialization.SearchSerializerTests" name="Deserialize_InvalidPluginIdElement_Error" />
    </UnitTest>
    <UnitTest name="OnMarkerRightClicked_ShouldUseCrossTypeMenuItems_WhenNotInSetupModeAndMultipleItemsFromDifferentLayersIncludingAtLeastOneCameraAreSelected" storage="d:\actions-runner\_work\xpco\xpco\sc\components\remoteviewer\smartclient\tst\zsmartclient_unittest\bin\x64\debug\net472\zsmartclient_unittest.dll" id="cd8ebcc2-066f-cdc6-6883-57e1205bcf51">
      <TestCategory>
        <TestCategoryItem TestCategory="SmartMap.MapItemsOverlay" />
      </TestCategory>
      <Execution id="46ef7651-42e6-47ad-8772-e35a9070dbf0" />
      <TestMethod codeBase="D:\actions-runner\_work\XPCO\XPCO\SC\Components\RemoteViewer\SmartClient\tst\zSmartClient_UnitTest\bin\x64\Debug\net472\zSmartClient_UnitTest.dll" adapterTypeName="executor://mstestadapter/v2" className="SmartClient_UnitTest.VideoOS.RemoteClient.Plugin.GisMap.ThinkGeoMap.SpecializedOverlays.Overlays.MapItemsOverlayTests" name="OnMarkerRightClicked_ShouldUseCrossTypeMenuItems_WhenNotInSetupModeAndMultipleItemsFromDifferentLayersIncludingAtLeastOneCameraAreSelected" />
    </UnitTest>
    <UnitTest name="PatrollingStepListViewModel_SelectedPatrollingStepViewModel" storage="d:\actions-runner\_work\xpco\xpco\sc\components\remoteviewer\smartclient\tst\zsmartclient_unittest\bin\x64\debug\net472\zsmartclient_unittest.dll" id="224208d0-b60c-0e1e-7362-af15735beb49">
      <Execution id="4eb7d325-8495-4cfb-a4fd-ce2b768215b5" />
      <TestMethod codeBase="D:\actions-runner\_work\XPCO\XPCO\SC\Components\RemoteViewer\SmartClient\tst\zSmartClient_UnitTest\bin\x64\Debug\net472\zSmartClient_UnitTest.dll" adapterTypeName="executor://mstestadapter/v2" className="SmartClient_UnitTest.VideoOS.RemoteClient.Application.UI.PtzPreset.PatrollingViewModel.PatrollingStepListViewModelTest" name="PatrollingStepListViewModel_SelectedPatrollingStepViewModel" />
    </UnitTest>
    <UnitTest name="LoadBoundingShapes_ShouldMergeBoundingShapes_WhenResultProvidesBoundingShapesAndMetadataObjects" storage="d:\actions-runner\_work\xpco\xpco\sc\components\remoteviewer\smartclient\tst\zsmartclient_unittest\bin\x64\debug\net472\zsmartclient_unittest.dll" id="e70bd816-d0ac-eace-44c7-520cb1bd1024">
      <Execution id="67ba5951-07cf-4f81-892e-58f410253535" />
      <TestMethod codeBase="D:\actions-runner\_work\XPCO\XPCO\SC\Components\RemoteViewer\SmartClient\tst\zSmartClient_UnitTest\bin\x64\Debug\net472\zSmartClient_UnitTest.dll" adapterTypeName="executor://mstestadapter/v2" className="SmartClient_UnitTest.VideoOS.RemoteClient.Plugin.CentralizedSearch.MIPPlugin.Results.VideoSearchResultUserControlTests" name="LoadBoundingShapes_ShouldMergeBoundingShapes_WhenResultProvidesBoundingShapesAndMetadataObjects" />
    </UnitTest>
    <UnitTest name="BeginTimeWithPadding_ShouldBeSetToValueOfSearchResult" storage="d:\actions-runner\_work\xpco\xpco\sc\components\remoteviewer\smartclient\tst\zsmartclient_unittest\bin\x64\debug\net472\zsmartclient_unittest.dll" id="2b698e66-74fb-6c00-069a-969a34e3db3a">
      <TestCategory>
        <TestCategoryItem TestCategory="Search.Wrappers" />
      </TestCategory>
      <Execution id="d0a3d47b-d3f5-4196-8dfd-9bcc0e9a8377" />
      <TestMethod codeBase="D:\actions-runner\_work\XPCO\XPCO\SC\Components\RemoteViewer\SmartClient\tst\zSmartClient_UnitTest\bin\x64\Debug\net472\zSmartClient_UnitTest.dll" adapterTypeName="executor://mstestadapter/v2" className="SmartClient_UnitTest.VideoOS.RemoteClient.Plugin.CentralizedSearch.Models.Wrappers.SearchResultDataWrapperTests" name="BeginTimeWithPadding_ShouldBeSetToValueOfSearchResult" />
    </UnitTest>
    <UnitTest name="OnLoaded_NoUserControl_Success" storage="d:\actions-runner\_work\xpco\xpco\sc\components\remoteviewer\smartclient\tst\zsmartclient_unittest\bin\x64\debug\net472\zsmartclient_unittest.dll" id="45e90a7e-78c2-d92a-c93a-505afc46f1ab">
      <TestCategory>
        <TestCategoryItem TestCategory="Search" />
      </TestCategory>
      <Execution id="f771b73e-1c12-4126-b97c-cc5de7ca30e9" />
      <TestMethod codeBase="D:\actions-runner\_work\XPCO\XPCO\SC\Components\RemoteViewer\SmartClient\tst\zSmartClient_UnitTest\bin\x64\Debug\net472\zSmartClient_UnitTest.dll" adapterTypeName="executor://mstestadapter/v2" className="SmartClient_UnitTest.VideoOS.RemoteClient.Plugin.CentralizedSearch.Views.SearchResultContainerViewTests" name="OnLoaded_NoUserControl_Success" />
    </UnitTest>
    <UnitTest name="CreateDefinition_FireMultipleSearchResultsInMultipleEvents_SearchFinishedWithResults" storage="d:\actions-runner\_work\xpco\xpco\sc\components\remoteviewer\smartclient\tst\zsmartclient_unittest\bin\x64\debug\net472\zsmartclient_unittest.dll" id="0af4332b-024f-1289-6f42-007e21f2be10">
      <TestCategory>
        <TestCategoryItem TestCategory="SearchModels" />
      </TestCategory>
      <Execution id="bb1bb5b9-c456-4980-8a1e-32fce2255754" />
      <TestMethod codeBase="D:\actions-runner\_work\XPCO\XPCO\SC\Components\RemoteViewer\SmartClient\tst\zSmartClient_UnitTest\bin\x64\Debug\net472\zSmartClient_UnitTest.dll" adapterTypeName="executor://mstestadapter/v2" className="SmartClient_UnitTest.VideoOS.RemoteClient.Plugin.CentralizedSearch.Models.SearchModelTests" name="CreateDefinition_FireMultipleSearchResultsInMultipleEvents_SearchFinishedWithResults" />
    </UnitTest>
    <UnitTest name="DeleteSearchTemplateAsync_ThrowException_Success" storage="d:\actions-runner\_work\xpco\xpco\sc\components\remoteviewer\smartclient\tst\zsmartclient_unittest\bin\x64\debug\net472\zsmartclient_unittest.dll" id="88368492-ab90-c1cc-ed53-9c30bffbee67">
      <TestCategory>
        <TestCategoryItem TestCategory="SearchTemplatesService" />
      </TestCategory>
      <Execution id="71fb0af9-adc8-41bb-96e5-58580ab25cf6" />
      <TestMethod codeBase="D:\actions-runner\_work\XPCO\XPCO\SC\Components\RemoteViewer\SmartClient\tst\zSmartClient_UnitTest\bin\x64\Debug\net472\zSmartClient_UnitTest.dll" adapterTypeName="executor://mstestadapter/v2" className="SmartClient_UnitTest.VideoOS.RemoteClient.Plugin.CentralizedSearch.SearchTemplates.Service.SearchTemplateServiceTests" name="DeleteSearchTemplateAsync_ThrowException_Success" />
    </UnitTest>
    <UnitTest name="SmartMapGoToAreaHandler_WhenDataIsInvalid_ShouldWriteToLog" storage="d:\actions-runner\_work\xpco\xpco\sc\components\remoteviewer\smartclient\tst\zsmartclient_unittest\bin\x64\debug\net472\zsmartclient_unittest.dll" id="7bad54ac-e807-b7de-c086-e2462b8bfb21">
      <Execution id="dc101a9f-29e7-4557-89a4-8484f1de9a1c" />
      <TestMethod codeBase="D:\actions-runner\_work\XPCO\XPCO\SC\Components\RemoteViewer\SmartClient\tst\zSmartClient_UnitTest\bin\x64\Debug\net472\zSmartClient_UnitTest.dll" adapterTypeName="executor://mstestadapter/v2" className="SmartClient_UnitTest.VideoOS.RemoteClient.Plugin.GisMap.MIP.ContentHolderMipMessageManagerTests" name="SmartMapGoToAreaHandler_WhenDataIsInvalid_ShouldWriteToLog" />
    </UnitTest>
    <UnitTest name="UpgradeToOAuth_ShouldUpgradeToSecureOAuth_WhenRequested" storage="d:\actions-runner\_work\xpco\xpco\sc\components\remoteviewer\smartclient\tst\zsmartclient_unittest\bin\x64\debug\net472\zsmartclient_unittest.dll" id="da581dbd-fdf9-2018-b5c2-8286b59a8ac1">
      <TestCategory>
        <TestCategoryItem TestCategory="Authentication.ClientCredentials" />
      </TestCategory>
      <Execution id="3bafc00b-8d7b-41e4-a0df-ad2f6cc973fe" />
      <TestMethod codeBase="D:\actions-runner\_work\XPCO\XPCO\SC\Components\RemoteViewer\SmartClient\tst\zSmartClient_UnitTest\bin\x64\Debug\net472\zSmartClient_UnitTest.dll" adapterTypeName="executor://mstestadapter/v2" className="SmartClient_UnitTest.VideoOS.Shared.ServerAPI.ClientCredentialsTest" name="UpgradeToOAuth_ShouldUpgradeToSecureOAuth_WhenRequested" />
    </UnitTest>
    <UnitTest name="RemoveWorkroom_ShouldChangeSelectionToPreviousWorkroom_WhenSelectedWorkroomIsRemovedAndThereIsNoNextWorkroom" storage="d:\actions-runner\_work\xpco\xpco\sc\components\remoteviewer\smartclient\tst\zsmartclient_unittest\bin\x64\debug\net472\zsmartclient_unittest.dll" id="3396378a-9ca0-08c0-5632-b84c1a5adbad">
      <TestCategory>
        <TestCategoryItem TestCategory="WorkroomController" />
      </TestCategory>
      <Execution id="3c692733-4d85-4663-887e-427e945d1063" />
      <TestMethod codeBase="D:\actions-runner\_work\XPCO\XPCO\SC\Components\RemoteViewer\SmartClient\tst\zSmartClient_UnitTest\bin\x64\Debug\net472\zSmartClient_UnitTest.dll" adapterTypeName="executor://mstestadapter/v2" className="SmartClient_UnitTest.VideoOS.RemoteClient.Application.Controllers.WorkroomController.WorkroomControllerBaseTest" name="RemoveWorkroom_ShouldChangeSelectionToPreviousWorkroom_WhenSelectedWorkroomIsRemovedAndThereIsNoNextWorkroom" />
    </UnitTest>
    <UnitTest name="GetServers_ShouldReturnCorrectServerByIdsTest" storage="d:\actions-runner\_work\xpco\xpco\sc\components\remoteviewer\smartclient\tst\zsmartclient_unittest\bin\x64\debug\net472\zsmartclient_unittest.dll" id="6f067ff4-f915-05c2-a0a4-f5e23793ba9b">
      <Execution id="8548cd86-b1a6-497a-bbc3-871e3680d68c" />
      <TestMethod codeBase="D:\actions-runner\_work\XPCO\XPCO\SC\Components\RemoteViewer\SmartClient\tst\zSmartClient_UnitTest\bin\x64\Debug\net472\zSmartClient_UnitTest.dll" adapterTypeName="executor://mstestadapter/v2" className="SmartClient_UnitTest.VideoOS.RemoteClient.Application.Data.ContentTypes.ReportingContentType.DashboardDetailsProviderTest" name="GetServers_ShouldReturnCorrectServerByIdsTest" />
    </UnitTest>
    <UnitTest name="AddToExportTuples_ShouldReturnCorrectResult (1,0,1)" storage="d:\actions-runner\_work\xpco\xpco\sc\components\remoteviewer\smartclient\tst\zsmartclient_unittest\bin\x64\debug\net472\zsmartclient_unittest.dll" id="abe5f6e4-096b-0a4b-7a9e-2ac4821bca20">
      <TestCategory>
        <TestCategoryItem TestCategory="Managers" />
      </TestCategory>
      <Execution id="724c76df-d05b-44a6-aec9-fdba84fff76c" />
      <TestMethod codeBase="D:\actions-runner\_work\XPCO\XPCO\SC\Components\RemoteViewer\SmartClient\tst\zSmartClient_UnitTest\bin\x64\Debug\net472\zSmartClient_UnitTest.dll" adapterTypeName="executor://mstestadapter/v2" className="SmartClient_UnitTest.VideoOS.RemoteClient.Application.Managers.ExportManagerTests" name="AddToExportTuples_ShouldReturnCorrectResult" />
    </UnitTest>
    <UnitTest name="DeviceIcons_ShouldReturnIconsInAProperOrder_WhenCalled" storage="d:\actions-runner\_work\xpco\xpco\sc\components\remoteviewer\smartclient\tst\zsmartclient_unittest\bin\x64\debug\net472\zsmartclient_unittest.dll" id="c6aa84d9-56b3-333b-31b6-309528e6353e">
      <TestCategory>
        <TestCategoryItem TestCategory="GisMapData.OutputOemResourcesProviderTests" />
      </TestCategory>
      <Execution id="16a9e72d-60c6-4548-8a0b-34a7b6e61c3c" />
      <TestMethod codeBase="D:\actions-runner\_work\XPCO\XPCO\SC\Components\RemoteViewer\SmartClient\tst\zSmartClient_UnitTest\bin\x64\Debug\net472\zSmartClient_UnitTest.dll" adapterTypeName="executor://mstestadapter/v2" className="SmartClient_UnitTest.VideoOS.RemoteClient.GisMapData.Resources.OutputOemResourcesProviderTests" name="DeviceIcons_ShouldReturnIconsInAProperOrder_WhenCalled" />
    </UnitTest>
    <UnitTest name="TryGetOsmServerTileAddress_ShouldSetEmptyAddress_WhenOsmServerAddressIsInvalid" storage="d:\actions-runner\_work\xpco\xpco\sc\components\remoteviewer\smartclient\tst\zsmartclient_unittest\bin\x64\debug\net472\zsmartclient_unittest.dll" id="87d4d6f3-e417-2505-d5bd-2afd34871ea6">
      <TestCategory>
        <TestCategoryItem TestCategory="GisMapData.Controllers.Osm" />
      </TestCategory>
      <Execution id="366d0d61-2e6c-4d62-9d9a-19459588f9e7" />
      <TestMethod codeBase="D:\actions-runner\_work\XPCO\XPCO\SC\Components\RemoteViewer\SmartClient\tst\zSmartClient_UnitTest\bin\x64\Debug\net472\zSmartClient_UnitTest.dll" adapterTypeName="executor://mstestadapter/v2" className="SmartClient_UnitTest.VideoOS.RemoteClient.GisMapData.Controllers.Osm.GisMapOsmControllerTests" name="TryGetOsmServerTileAddress_ShouldSetEmptyAddress_WhenOsmServerAddressIsInvalid" />
    </UnitTest>
    <UnitTest name="Constructor_ShouldThrowAnException_WhenWorkspaceToolbarPluginIsNull" storage="d:\actions-runner\_work\xpco\xpco\sc\components\remoteviewer\smartclient\tst\zsmartclient_unittest\bin\x64\debug\net472\zsmartclient_unittest.dll" id="e0ca0f50-e0fe-3af6-65f6-228d57aa9d13">
      <TestCategory>
        <TestCategoryItem TestCategory="WorkspaceToolbar" />
      </TestCategory>
      <Execution id="f6ddccca-c33b-4241-9a33-1ef5af93e745" />
      <TestMethod codeBase="D:\actions-runner\_work\XPCO\XPCO\SC\Components\RemoteViewer\SmartClient\tst\zSmartClient_UnitTest\bin\x64\Debug\net472\zSmartClient_UnitTest.dll" adapterTypeName="executor://mstestadapter/v2" className="SmartClient_UnitTest.VideoOS.RemoteClient.Application.Data.WorkspaceToolbar.WorkspaceToolbarItemMipPluginTests" name="Constructor_ShouldThrowAnException_WhenWorkspaceToolbarPluginIsNull" />
    </UnitTest>
    <UnitTest name="TrySelectAvailableExportNameTest_ShouldReturnValidationResultOk_WhenEverythingIsOk" storage="d:\actions-runner\_work\xpco\xpco\sc\components\remoteviewer\smartclient\tst\zsmartclient_unittest\bin\x64\debug\net472\zsmartclient_unittest.dll" id="2a89a08d-dc4f-9b66-c54a-43d74ab324c2">
      <Execution id="235c0086-7cad-4b91-96be-6d5e4f08184c" />
      <TestMethod codeBase="D:\actions-runner\_work\XPCO\XPCO\SC\Components\RemoteViewer\SmartClient\tst\zSmartClient_UnitTest\bin\x64\Debug\net472\zSmartClient_UnitTest.dll" adapterTypeName="executor://mstestadapter/v2" className="SmartClient_UnitTest.VideoOS.RemoteClient.Application.Data.Export.ExportDataHelperTests" name="TrySelectAvailableExportNameTest_ShouldReturnValidationResultOk_WhenEverythingIsOk" />
    </UnitTest>
    <UnitTest name="BookmarkSearchTime_WithSearchStringInDifferentCases_ReturnCorrectBookmarkWithSearchStringInDescription (SeArChStRiNg,True,False,False,True,,,0)" storage="d:\actions-runner\_work\xpco\xpco\sc\components\remoteviewer\smartclient\tst\zsmartclient_unittest\bin\x64\debug\net472\zsmartclient_unittest.dll" id="96fc4cfc-b0cb-85d1-dba2-d547b6f8865a">
      <Execution id="96e07fdb-9e6d-491e-b7a8-b69de7f5f60c" />
      <TestMethod codeBase="D:\actions-runner\_work\XPCO\XPCO\SC\Components\RemoteViewer\SmartClient\tst\zSmartClient_UnitTest\bin\x64\Debug\net472\zSmartClient_UnitTest.dll" adapterTypeName="executor://mstestadapter/v2" className="SmartClient_UnitTest.VideoOS.RemoteClient.Application.Data.Offline.UnitTest.BookmarkExportReaderTest" name="BookmarkSearchTime_WithSearchStringInDifferentCases_ReturnCorrectBookmarkWithSearchStringInDescription" />
    </UnitTest>
    <UnitTest name="GetItemsIn_BuildingNoLevelsNotIndexed_NoException" storage="d:\actions-runner\_work\xpco\xpco\sc\components\remoteviewer\smartclient\tst\zsmartclient_unittest\bin\x64\debug\net472\zsmartclient_unittest.dll" id="9a1e0638-3454-96aa-be92-9d9c7a4bfa39">
      <TestCategory>
        <TestCategoryItem TestCategory="GisMapIndex" />
      </TestCategory>
      <Execution id="d6364b12-d739-42dd-bd5f-41e35e971525" />
      <TestMethod codeBase="D:\actions-runner\_work\XPCO\XPCO\SC\Components\RemoteViewer\SmartClient\tst\zSmartClient_UnitTest\bin\x64\Debug\net472\zSmartClient_UnitTest.dll" adapterTypeName="executor://mstestadapter/v2" className="SmartClient_UnitTest.VideoOS.RemoteClient.GisMapData.Common.Indexer.BuildingsAwareIndexerTests" name="GetItemsIn_BuildingNoLevelsNotIndexed_NoException" />
    </UnitTest>
    <UnitTest name="ResultCountText_SeveralResults_Success" storage="d:\actions-runner\_work\xpco\xpco\sc\components\remoteviewer\smartclient\tst\zsmartclient_unittest\bin\x64\debug\net472\zsmartclient_unittest.dll" id="f7bcbf5e-0012-a0f0-d3f0-82ca6b14f5dd">
      <TestCategory>
        <TestCategoryItem TestCategory="SearchResultViewModels" />
      </TestCategory>
      <Execution id="2c421047-e332-44bc-b0f0-9e5b4cbb21e2" />
      <TestMethod codeBase="D:\actions-runner\_work\XPCO\XPCO\SC\Components\RemoteViewer\SmartClient\tst\zSmartClient_UnitTest\bin\x64\Debug\net472\zSmartClient_UnitTest.dll" adapterTypeName="executor://mstestadapter/v2" className="SmartClient_UnitTest.VideoOS.RemoteClient.Plugin.CentralizedSearch.ViewModels.SearchResultsViewModelTest" name="ResultCountText_SeveralResults_Success" />
    </UnitTest>
    <UnitTest name="SetSelectedDuration_CustomInterval_CustomIntervalOpenSet" storage="d:\actions-runner\_work\xpco\xpco\sc\components\remoteviewer\smartclient\tst\zsmartclient_unittest\bin\x64\debug\net472\zsmartclient_unittest.dll" id="2e1f1a04-832c-f244-dd8a-e5aa199150f1">
      <TestCategory>
        <TestCategoryItem TestCategory="SearchViewModels" />
      </TestCategory>
      <Execution id="8c8adcf2-afb4-404d-9e24-ff0193649493" />
      <TestMethod codeBase="D:\actions-runner\_work\XPCO\XPCO\SC\Components\RemoteViewer\SmartClient\tst\zSmartClient_UnitTest\bin\x64\Debug\net472\zSmartClient_UnitTest.dll" adapterTypeName="executor://mstestadapter/v2" className="SmartClient_UnitTest.VideoOS.RemoteClient.Plugin.CentralizedSearch.ViewModels.SearchViewModelTests" name="SetSelectedDuration_CustomInterval_CustomIntervalOpenSet" />
    </UnitTest>
    <UnitTest name="GetCameraTypes_ShouldReturnCameraGroupType" storage="d:\actions-runner\_work\xpco\xpco\sc\components\remoteviewer\smartclient\tst\zsmartclient_unittest\bin\x64\debug\net472\zsmartclient_unittest.dll" id="c6c12d45-27fb-4bdb-9c70-a3598bb5e949">
      <Execution id="59b3d9df-ae4c-4c30-8696-d0deb4db22c0" />
      <TestMethod codeBase="D:\actions-runner\_work\XPCO\XPCO\SC\Components\RemoteViewer\SmartClient\tst\zSmartClient_UnitTest\bin\x64\Debug\net472\zSmartClient_UnitTest.dll" adapterTypeName="executor://mstestadapter/v2" className="SmartClient_UnitTest.VideoOS.RemoteClient.Application.Data.ContentTypes.ReportingContentType.DashboardExtentionsTest" name="GetCameraTypes_ShouldReturnCameraGroupType" />
    </UnitTest>
    <UnitTest name="TestForAssemblyCoverage" storage="d:\actions-runner\_work\xpco\xpco\sc\components\remoteviewer\smartclient\tst\zsmartclient_unittest\bin\x64\debug\net472\zsmartclient_unittest.dll" id="174bdb8c-ca63-6d38-8008-0e1813915a8c">
      <Execution id="89d10662-324e-4a59-b563-b6bbf05fa272" />
      <TestMethod codeBase="D:\actions-runner\_work\XPCO\XPCO\SC\Components\RemoteViewer\SmartClient\tst\zSmartClient_UnitTest\bin\x64\Debug\net472\zSmartClient_UnitTest.dll" adapterTypeName="executor://mstestadapter/v2" className="SmartClient_UnitTest.VideoOS.RemoteClient.Plugin.Map.UnitTest1" name="TestForAssemblyCoverage" />
    </UnitTest>
    <UnitTest name="DetermineUserAllowsUnsecureConnection_WhereUserIsAskedAndUnsecureIsNotAllow_ShouldReturnFalse" storage="d:\actions-runner\_work\xpco\xpco\sc\components\remoteviewer\smartclient\tst\zsmartclient_unittest\bin\x64\debug\net472\zsmartclient_unittest.dll" id="17b36dbd-a0b1-7dd9-4d17-df2b3239cefc">
      <Execution id="d65c8de1-bf1b-4928-9db1-7230c65ea363" />
      <TestMethod codeBase="D:\actions-runner\_work\XPCO\XPCO\SC\Components\RemoteViewer\SmartClient\tst\zSmartClient_UnitTest\bin\x64\Debug\net472\zSmartClient_UnitTest.dll" adapterTypeName="executor://mstestadapter/v2" className="VideoOS.RemoteClient.Application.Managers.UnitTest.AllowUnsecureConnectionManagerTests" name="DetermineUserAllowsUnsecureConnection_WhereUserIsAskedAndUnsecureIsNotAllow_ShouldReturnFalse" />
    </UnitTest>
    <UnitTest name="MoveToTop_ShouldMoveMarkerTopmost_WhenNotAlreadyTopmost" storage="d:\actions-runner\_work\xpco\xpco\sc\components\remoteviewer\smartclient\tst\zsmartclient_unittest\bin\x64\debug\net472\zsmartclient_unittest.dll" id="45426788-53bd-fdd6-9e67-f15e7f5b5490">
      <TestCategory>
        <TestCategoryItem TestCategory="SmartMap.MapItemsOverlay" />
      </TestCategory>
      <Execution id="178b282a-cd71-4606-a688-aa3ea38dca03" />
      <TestMethod codeBase="D:\actions-runner\_work\XPCO\XPCO\SC\Components\RemoteViewer\SmartClient\tst\zSmartClient_UnitTest\bin\x64\Debug\net472\zSmartClient_UnitTest.dll" adapterTypeName="executor://mstestadapter/v2" className="SmartClient_UnitTest.VideoOS.RemoteClient.Plugin.GisMap.ThinkGeoMap.SpecializedOverlays.Overlays.MapItemsOverlayTests" name="MoveToTop_ShouldMoveMarkerTopmost_WhenNotAlreadyTopmost" />
    </UnitTest>
    <UnitTest name="InitializeTokenException_ShouldReturnTokenException_ForValidTokenErrors" storage="d:\actions-runner\_work\xpco\xpco\sc\components\remoteviewer\smartclient\tst\zsmartclient_unittest\bin\x64\debug\net472\zsmartclient_unittest.dll" id="22f81f95-90ca-baa7-300b-797405eeaf34">
      <TestCategory>
        <TestCategoryItem TestCategory="ServerCommandController.IDPToken" />
      </TestCategory>
      <Execution id="a380187b-4e00-4da5-acf9-025f4375f9a9" />
      <TestMethod codeBase="D:\actions-runner\_work\XPCO\XPCO\SC\Components\RemoteViewer\SmartClient\tst\zSmartClient_UnitTest\bin\x64\Debug\net472\zSmartClient_UnitTest.dll" adapterTypeName="executor://mstestadapter/v2" className="SmartClient_UnitTest.VideoOS.RemoteClient.Application.Controllers.TokenExceptionsConverterTests" name="InitializeTokenException_ShouldReturnTokenException_ForValidTokenErrors" />
    </UnitTest>
    <UnitTest name="PopulateTooltip_ManyResultsFromSingleCamera12Hours_ValidText" storage="d:\actions-runner\_work\xpco\xpco\sc\components\remoteviewer\smartclient\tst\zsmartclient_unittest\bin\x64\debug\net472\zsmartclient_unittest.dll" id="5fef5e10-fc69-5d3e-4101-c050ab62c33a">
      <TestCategory>
        <TestCategoryItem TestCategory="SearchControls" />
      </TestCategory>
      <Execution id="6c4a4597-eb70-4a53-8878-692b71765568" />
      <TestMethod codeBase="D:\actions-runner\_work\XPCO\XPCO\SC\Components\RemoteViewer\SmartClient\tst\zSmartClient_UnitTest\bin\x64\Debug\net472\zSmartClient_UnitTest.dll" adapterTypeName="executor://mstestadapter/v2" className="SmartClient_UnitTest.VideoOS.RemoteClient.Plugin.CentralizedSearch.Views.Controls.TimelineRuler.TimelineRulerControlTests" name="PopulateTooltip_ManyResultsFromSingleCamera12Hours_ValidText" />
    </UnitTest>
    <UnitTest name="Passwords are the same" storage="d:\actions-runner\_work\xpco\xpco\sc\components\remoteviewer\smartclient\tst\zsmartclient_unittest\bin\x64\debug\net472\zsmartclient_unittest.dll" id="d099ba8f-3bb5-6902-b93b-2d0bd66877da">
      <TestCategory>
        <TestCategoryItem TestCategory="Export" />
      </TestCategory>
      <Execution id="290dee39-96dc-4323-9e03-e056b39c6464" />
      <TestMethod codeBase="D:\actions-runner\_work\XPCO\XPCO\SC\Components\RemoteViewer\SmartClient\tst\zSmartClient_UnitTest\bin\x64\Debug\net472\zSmartClient_UnitTest.dll" adapterTypeName="executor://mstestadapter/v2" className="SmartClient_UnitTest.VideoOS.RemoteClient.Plugin.Export.PasswordDialogViewModelTests" name="SettingPassword1AndPassword2_ShouldSetIsPassword2Valid" />
    </UnitTest>
    <UnitTest name="UpdateSearchTemplateAsync_Fails_Success" storage="d:\actions-runner\_work\xpco\xpco\sc\components\remoteviewer\smartclient\tst\zsmartclient_unittest\bin\x64\debug\net472\zsmartclient_unittest.dll" id="9c84fcaa-119c-eb3e-55a7-125cbe865eba">
      <TestCategory>
        <TestCategoryItem TestCategory="SearchTemplates" />
      </TestCategory>
      <Execution id="6adb4127-c377-4d55-940a-b0c93a17cb14" />
      <TestMethod codeBase="D:\actions-runner\_work\XPCO\XPCO\SC\Components\RemoteViewer\SmartClient\tst\zSmartClient_UnitTest\bin\x64\Debug\net472\zSmartClient_UnitTest.dll" adapterTypeName="executor://mstestadapter/v2" className="SmartClient_UnitTest.VideoOS.RemoteClient.Plugin.CentralizedSearch.SearchTemplates.SearchTemplateManagerTests" name="UpdateSearchTemplateAsync_Fails_Success" />
    </UnitTest>
    <UnitTest name="TestConstructor_viewSelectionSetterIsNull_FailWithArgumentNullException" storage="d:\actions-runner\_work\xpco\xpco\sc\components\remoteviewer\smartclient\tst\zsmartclient_unittest\bin\x64\debug\net472\zsmartclient_unittest.dll" id="81128042-c745-b3dd-d6e9-cc3789c8a026">
      <TestCategory>
        <TestCategoryItem TestCategory="WorkroomController" />
      </TestCategory>
      <Execution id="29bddbb0-ecce-495f-a661-4b88053c5a8d" />
      <TestMethod codeBase="D:\actions-runner\_work\XPCO\XPCO\SC\Components\RemoteViewer\SmartClient\tst\zSmartClient_UnitTest\bin\x64\Debug\net472\zSmartClient_UnitTest.dll" adapterTypeName="executor://mstestadapter/v2" className="VideoOS.RemoteClient.Application.Controllers.WorkroomController.UnitTest.TabWorkroomControllerTest" name="TestConstructor_viewSelectionSetterIsNull_FailWithArgumentNullException" />
    </UnitTest>
    <UnitTest name="CreateSearchAttributeEditControl_UnmappedConfiguration_ReturnsNull" storage="d:\actions-runner\_work\xpco\xpco\sc\components\remoteviewer\smartclient\tst\zsmartclient_unittest\bin\x64\debug\net472\zsmartclient_unittest.dll" id="1cdbc1c1-e214-17d8-9ab0-1390398a8948">
      <TestCategory>
        <TestCategoryItem TestCategory="Search" />
      </TestCategory>
      <Execution id="96622351-eebf-4908-af89-22c5c45248c2" />
      <TestMethod codeBase="D:\actions-runner\_work\XPCO\XPCO\SC\Components\RemoteViewer\SmartClient\tst\zSmartClient_UnitTest\bin\x64\Debug\net472\zSmartClient_UnitTest.dll" adapterTypeName="executor://mstestadapter/v2" className="SmartClient_UnitTest.VideoOS.RemoteClient.Plugin.CentralizedSearch.MIPPlugin.ScSearchUserControlPluginTest" name="CreateSearchAttributeEditControl_UnmappedConfiguration_ReturnsNull" />
    </UnitTest>
    <UnitTest name="Compare_NullVsNull_Equals" storage="d:\actions-runner\_work\xpco\xpco\sc\components\remoteviewer\smartclient\tst\zsmartclient_unittest\bin\x64\debug\net472\zsmartclient_unittest.dll" id="cbd28a6e-603b-cdc1-8dd3-9bb5df99a9b4">
      <TestCategory>
        <TestCategoryItem TestCategory="SearchComparers" />
      </TestCategory>
      <Execution id="ab2bd525-6323-4dc0-98d1-5631dfd2f76b" />
      <TestMethod codeBase="D:\actions-runner\_work\XPCO\XPCO\SC\Components\RemoteViewer\SmartClient\tst\zSmartClient_UnitTest\bin\x64\Debug\net472\zSmartClient_UnitTest.dll" adapterTypeName="executor://mstestadapter/v2" className="SmartClient_UnitTest.VideoOS.RemoteClient.Plugin.CentralizedSearch.Models.Wrappers.Comparers.TriggerTimeComparerTests" name="Compare_NullVsNull_Equals" />
    </UnitTest>
    <UnitTest name="PerformAction_ExceptionHandled" storage="d:\actions-runner\_work\xpco\xpco\sc\components\remoteviewer\smartclient\tst\zsmartclient_unittest\bin\x64\debug\net472\zsmartclient_unittest.dll" id="671ee35e-217f-e976-440a-afae3aff818a">
      <TestCategory>
        <TestCategoryItem TestCategory="MipItemsRetriever" />
      </TestCategory>
      <Execution id="01209513-7e2c-4bdf-897a-6acd504f643c" />
      <TestMethod codeBase="D:\actions-runner\_work\XPCO\XPCO\SC\Components\RemoteViewer\SmartClient\tst\zSmartClient_UnitTest\bin\x64\Debug\net472\zSmartClient_UnitTest.dll" adapterTypeName="executor://mstestadapter/v2" className="SmartClient_UnitTest.VideoOS.RemoteClient.Plugin.GisMap.MIP.MipItemActionsCommunicatorTests" name="PerformAction_ExceptionHandled" />
    </UnitTest>
    <UnitTest name="IsProductionEnvironment_ShouldReturnFalse_WhenSystemLicenseIsNull" storage="d:\actions-runner\_work\xpco\xpco\sc\components\remoteviewer\smartclient\tst\zsmartclient_unittest\bin\x64\debug\net472\zsmartclient_unittest.dll" id="03b9d988-af55-c02a-fb0b-6c811350a612">
      <Execution id="5e6ab907-81b4-4055-a2b4-1f3c43d55216" />
      <TestMethod codeBase="D:\actions-runner\_work\XPCO\XPCO\SC\Components\RemoteViewer\SmartClient\tst\zSmartClient_UnitTest\bin\x64\Debug\net472\zSmartClient_UnitTest.dll" adapterTypeName="executor://mstestadapter/v2" className="SmartClient_UnitTest.VideoOS.RemoteClient.Application.Common.Telemetry.TelemetryKeyProviderTests" name="IsProductionEnvironment_ShouldReturnFalse_WhenSystemLicenseIsNull" />
    </UnitTest>
    <UnitTest name="Compare_NotNullVsNull_LessThan" storage="d:\actions-runner\_work\xpco\xpco\sc\components\remoteviewer\smartclient\tst\zsmartclient_unittest\bin\x64\debug\net472\zsmartclient_unittest.dll" id="b0e999aa-6f2d-cdfd-39f2-77fd8d2611be">
      <TestCategory>
        <TestCategoryItem TestCategory="SearchComparers" />
      </TestCategory>
      <Execution id="db061127-4e84-46dc-aed5-4456fa9d6230" />
      <TestMethod codeBase="D:\actions-runner\_work\XPCO\XPCO\SC\Components\RemoteViewer\SmartClient\tst\zSmartClient_UnitTest\bin\x64\Debug\net472\zSmartClient_UnitTest.dll" adapterTypeName="executor://mstestadapter/v2" className="SmartClient_UnitTest.VideoOS.RemoteClient.Plugin.CentralizedSearch.Models.Wrappers.Comparers.BeginTimeWithPaddingComparerTests" name="Compare_NotNullVsNull_LessThan" />
    </UnitTest>
    <UnitTest name="ActionBarPluginsEnabled_TwoPluginsWithDifferentOverflowModes_OnePluginButtonPresentInActionBarAndOnePresentInOverflowMenu" storage="d:\actions-runner\_work\xpco\xpco\sc\components\remoteviewer\smartclient\tst\zsmartclient_unittest\bin\x64\debug\net472\zsmartclient_unittest.dll" id="e5776fdb-2ce3-71cf-fd30-74705513040a">
      <TestCategory>
        <TestCategoryItem TestCategory="SearchViews" />
      </TestCategory>
      <Execution id="7eab1e35-08db-4b2d-bd5e-8dc6ec735de8" />
      <TestMethod codeBase="D:\actions-runner\_work\XPCO\XPCO\SC\Components\RemoteViewer\SmartClient\tst\zSmartClient_UnitTest\bin\x64\Debug\net472\zSmartClient_UnitTest.dll" adapterTypeName="executor://mstestadapter/v2" className="SmartClient_UnitTest.VideoOS.RemoteClient.Plugin.CentralizedSearch.Views.SearchResultActionBarViewTests" name="ActionBarPluginsEnabled_TwoPluginsWithDifferentOverflowModes_OnePluginButtonPresentInActionBarAndOnePresentInOverflowMenu" />
    </UnitTest>
    <UnitTest name="Serialize_ToTimeOnly_Success" storage="d:\actions-runner\_work\xpco\xpco\sc\components\remoteviewer\smartclient\tst\zsmartclient_unittest\bin\x64\debug\net472\zsmartclient_unittest.dll" id="8b0909b5-769b-12ea-d91a-88a0ad4a6e48">
      <TestCategory>
        <TestCategoryItem TestCategory="SearchSerialization" />
      </TestCategory>
      <Execution id="4cbaa8a3-7d0c-4adb-ac83-16a4ad6c9718" />
      <TestMethod codeBase="D:\actions-runner\_work\XPCO\XPCO\SC\Components\RemoteViewer\SmartClient\tst\zSmartClient_UnitTest\bin\x64\Debug\net472\zSmartClient_UnitTest.dll" adapterTypeName="executor://mstestadapter/v2" className="SmartClient_UnitTest.VideoOS.RemoteClient.Plugin.CentralizedSearch.Models.Serialization.SearchSerializerTests" name="Serialize_ToTimeOnly_Success" />
    </UnitTest>
    <UnitTest name="LoadBoundingShapes_Cancelled_NoBoundingShapesAddedToUI" storage="d:\actions-runner\_work\xpco\xpco\sc\components\remoteviewer\smartclient\tst\zsmartclient_unittest\bin\x64\debug\net472\zsmartclient_unittest.dll" id="3d5c9967-0460-2f6a-3450-76146b434884">
      <Execution id="7031e6a1-92e7-428c-b98a-962b6540b647" />
      <TestMethod codeBase="D:\actions-runner\_work\XPCO\XPCO\SC\Components\RemoteViewer\SmartClient\tst\zSmartClient_UnitTest\bin\x64\Debug\net472\zSmartClient_UnitTest.dll" adapterTypeName="executor://mstestadapter/v2" className="SmartClient_UnitTest.VideoOS.RemoteClient.Plugin.CentralizedSearch.MIPPlugin.Results.VideoSearchResultUserControlTests" name="LoadBoundingShapes_Cancelled_NoBoundingShapesAddedToUI" />
    </UnitTest>
    <UnitTest name="HandleGetLayerFeatures_ShouldRaiseArgumentException_WhenNotMicrophoneKind" storage="d:\actions-runner\_work\xpco\xpco\sc\components\remoteviewer\smartclient\tst\zsmartclient_unittest\bin\x64\debug\net472\zsmartclient_unittest.dll" id="37dfb702-000b-b79c-bfb4-f3293626a799">
      <TestCategory>
        <TestCategoryItem TestCategory="GisMapData.Handlers.LayerFeatures" />
      </TestCategory>
      <Execution id="20c3bfde-a750-40ce-8f52-20e8ee02ff56" />
      <TestMethod codeBase="D:\actions-runner\_work\XPCO\XPCO\SC\Components\RemoteViewer\SmartClient\tst\zSmartClient_UnitTest\bin\x64\Debug\net472\zSmartClient_UnitTest.dll" adapterTypeName="executor://mstestadapter/v2" className="SmartClient_UnitTest.VideoOS.RemoteClient.GisMapData.Handlers.LayerFeatures.MicrophoneLayerFeaturesHandlerTests" name="HandleGetLayerFeatures_ShouldRaiseArgumentException_WhenNotMicrophoneKind" />
    </UnitTest>
    <UnitTest name="OutputMapItem_Delete_Success" storage="d:\actions-runner\_work\xpco\xpco\sc\components\remoteviewer\smartclient\tst\zsmartclient_unittest\bin\x64\debug\net472\zsmartclient_unittest.dll" id="8911612a-a11f-ae1d-ffaf-716d141c41ca">
      <TestCategory>
        <TestCategoryItem TestCategory="GisMapData.MapItem.Outputs" />
      </TestCategory>
      <Execution id="8b2244b1-d48a-484b-b7b1-5a716437caaa" />
      <TestMethod codeBase="D:\actions-runner\_work\XPCO\XPCO\SC\Components\RemoteViewer\SmartClient\tst\zSmartClient_UnitTest\bin\x64\Debug\net472\zSmartClient_UnitTest.dll" adapterTypeName="executor://mstestadapter/v2" className="SmartClient_UnitTest.VideoOS.RemoteClient.GisMapData.MapItem.Outputs.OutputMapItemTests" name="OutputMapItem_Delete_Success" />
    </UnitTest>
    <UnitTest name="Deserialize_RelativeScopeDurationAndFromToValues_ToAndFromValuesIgnored" storage="d:\actions-runner\_work\xpco\xpco\sc\components\remoteviewer\smartclient\tst\zsmartclient_unittest\bin\x64\debug\net472\zsmartclient_unittest.dll" id="13b2a1dd-d764-6ad5-a674-3e86cc761e8a">
      <TestCategory>
        <TestCategoryItem TestCategory="SearchModels" />
      </TestCategory>
      <Execution id="9c183784-9b4e-49db-ab16-14ead8b54d86" />
      <TestMethod codeBase="D:\actions-runner\_work\XPCO\XPCO\SC\Components\RemoteViewer\SmartClient\tst\zSmartClient_UnitTest\bin\x64\Debug\net472\zSmartClient_UnitTest.dll" adapterTypeName="executor://mstestadapter/v2" className="SmartClient_UnitTest.VideoOS.RemoteClient.Plugin.CentralizedSearch.Models.SearchModelTests" name="Deserialize_RelativeScopeDurationAndFromToValues_ToAndFromValuesIgnored" />
    </UnitTest>
    <UnitTest name="ActiveInteractionStateBinding_ShouldNotBeNull_WhenCtorIsCalled" storage="d:\actions-runner\_work\xpco\xpco\sc\components\remoteviewer\smartclient\tst\zsmartclient_unittest\bin\x64\debug\net472\zsmartclient_unittest.dll" id="95bdcbe4-e420-deb8-8439-dbd680e08a25">
      <TestCategory>
        <TestCategoryItem TestCategory="GisMap.InputMarkerTest" />
      </TestCategory>
      <Execution id="4407f48e-2533-46da-8c4a-7a1a3fa7b220" />
      <TestMethod codeBase="D:\actions-runner\_work\XPCO\XPCO\SC\Components\RemoteViewer\SmartClient\tst\zSmartClient_UnitTest\bin\x64\Debug\net472\zSmartClient_UnitTest.dll" adapterTypeName="executor://mstestadapter/v2" className="SmartClient_UnitTest.VideoOS.RemoteClient.Plugin.GisMap.ThinkGeoMap.Markers.DeviceMarkers.InputMarker.InputMarkerTests" name="ActiveInteractionStateBinding_ShouldNotBeNull_WhenCtorIsCalled" />
    </UnitTest>
    <UnitTest name="GetActivatedOutputIconId_ShouldReturnValidUnDeactivatedOutputIconId_WhenValidDeactivatedOutputIconIdIsProvided" storage="d:\actions-runner\_work\xpco\xpco\sc\components\remoteviewer\smartclient\tst\zsmartclient_unittest\bin\x64\debug\net472\zsmartclient_unittest.dll" id="854a54be-59a6-d3a9-c68f-32fd5f490d07">
      <TestCategory>
        <TestCategoryItem TestCategory="GisMapData.OutputOemResourcesProviderTests" />
      </TestCategory>
      <Execution id="79b31f6e-dcb0-4a26-9b24-f3c329922cdd" />
      <TestMethod codeBase="D:\actions-runner\_work\XPCO\XPCO\SC\Components\RemoteViewer\SmartClient\tst\zSmartClient_UnitTest\bin\x64\Debug\net472\zSmartClient_UnitTest.dll" adapterTypeName="executor://mstestadapter/v2" className="SmartClient_UnitTest.VideoOS.RemoteClient.GisMapData.Resources.OutputOemResourcesProviderTests" name="GetActivatedOutputIconId_ShouldReturnValidUnDeactivatedOutputIconId_WhenValidDeactivatedOutputIconIdIsProvided" />
    </UnitTest>
    <UnitTest name="SerializationRoundTrip_Success" storage="d:\actions-runner\_work\xpco\xpco\sc\components\remoteviewer\smartclient\tst\zsmartclient_unittest\bin\x64\debug\net472\zsmartclient_unittest.dll" id="49457dc4-3aa6-62c6-38a6-fe0fa14f8508">
      <TestCategory>
        <TestCategoryItem TestCategory="SearchSerialization" />
      </TestCategory>
      <Execution id="c35307ed-6965-40bf-9cf0-c1e3e3e34f95" />
      <TestMethod codeBase="D:\actions-runner\_work\XPCO\XPCO\SC\Components\RemoteViewer\SmartClient\tst\zSmartClient_UnitTest\bin\x64\Debug\net472\zSmartClient_UnitTest.dll" adapterTypeName="executor://mstestadapter/v2" className="SmartClient_UnitTest.VideoOS.RemoteClient.Plugin.CentralizedSearch.Models.Serialization.SearchSerializerTests" name="SerializationRoundTrip_Success" />
    </UnitTest>
    <UnitTest name="LeftButtonDown_SingleClick_DoesNotZoom" storage="d:\actions-runner\_work\xpco\xpco\sc\components\remoteviewer\smartclient\tst\zsmartclient_unittest\bin\x64\debug\net472\zsmartclient_unittest.dll" id="f7f1fade-22dc-b3ee-b4cb-477d416d63d2">
      <TestCategory>
        <TestCategoryItem TestCategory="GisMap.MapControl" />
      </TestCategory>
      <Execution id="78a3e283-930a-4547-aeae-7a842836aa2f" />
      <TestMethod codeBase="D:\actions-runner\_work\XPCO\XPCO\SC\Components\RemoteViewer\SmartClient\tst\zSmartClient_UnitTest\bin\x64\Debug\net472\zSmartClient_UnitTest.dll" adapterTypeName="executor://mstestadapter/v2" className="SmartClient_UnitTest.VideoOS.RemoteClient.Plugin.GisMap.ThinkGeoMap.ThinkGeoMapControlTests" name="LeftButtonDown_SingleClick_DoesNotZoom" />
    </UnitTest>
    <UnitTest name="ShowAlreadyAddedToast_ShouldShowCorrectNumberOfToasts (0,0)" storage="d:\actions-runner\_work\xpco\xpco\sc\components\remoteviewer\smartclient\tst\zsmartclient_unittest\bin\x64\debug\net472\zsmartclient_unittest.dll" id="92ffac32-345b-b5fe-0330-df7f8960df1b">
      <TestCategory>
        <TestCategoryItem TestCategory="Managers" />
      </TestCategory>
      <Execution id="79304949-f579-48fa-94d5-94abde7a42c8" />
      <TestMethod codeBase="D:\actions-runner\_work\XPCO\XPCO\SC\Components\RemoteViewer\SmartClient\tst\zSmartClient_UnitTest\bin\x64\Debug\net472\zSmartClient_UnitTest.dll" adapterTypeName="executor://mstestadapter/v2" className="SmartClient_UnitTest.VideoOS.RemoteClient.Application.Managers.ExportResultsNotificationHelperTests" name="ShowAlreadyAddedToast_ShouldShowCorrectNumberOfToasts" />
    </UnitTest>
    <UnitTest name="Warning_Shown_When_Reducing_Protection_Interval" storage="d:\actions-runner\_work\xpco\xpco\sc\components\remoteviewer\smartclient\tst\zsmartclient_unittest\bin\x64\debug\net472\zsmartclient_unittest.dll" id="4ef99c33-c023-cc35-d098-ffd6c1e453c8">
      <Execution id="e18b8c71-2871-4707-87db-476a8f999b8b" />
      <TestMethod codeBase="D:\actions-runner\_work\XPCO\XPCO\SC\Components\RemoteViewer\SmartClient\tst\zSmartClient_UnitTest\bin\x64\Debug\net472\zSmartClient_UnitTest.dll" adapterTypeName="executor://mstestadapter/v2" className="SmartClient_UnitTest.VideoOS.RemoteClient.Application.Components.EvidenceLock.EvidenceLockCreateEditTests" name="Warning_Shown_When_Reducing_Protection_Interval" />
    </UnitTest>
    <UnitTest name="SearchResultCombineType_OneSearchDefinition_SearchResultCombineTypeSetToDefaultValue" storage="d:\actions-runner\_work\xpco\xpco\sc\components\remoteviewer\smartclient\tst\zsmartclient_unittest\bin\x64\debug\net472\zsmartclient_unittest.dll" id="fc5fd650-f337-b166-89da-483c36c8a94d">
      <TestCategory>
        <TestCategoryItem TestCategory="SearchViewModels" />
      </TestCategory>
      <Execution id="7d3e5f83-9582-45e1-9c15-2be321845ba7" />
      <TestMethod codeBase="D:\actions-runner\_work\XPCO\XPCO\SC\Components\RemoteViewer\SmartClient\tst\zSmartClient_UnitTest\bin\x64\Debug\net472\zSmartClient_UnitTest.dll" adapterTypeName="executor://mstestadapter/v2" className="SmartClient_UnitTest.VideoOS.RemoteClient.Plugin.CentralizedSearch.ViewModels.SearchViewModelTests" name="SearchResultCombineType_OneSearchDefinition_SearchResultCombineTypeSetToDefaultValue" />
    </UnitTest>
    <UnitTest name="ShouldReturnTrueWhenBuildingsChanged" storage="d:\actions-runner\_work\xpco\xpco\sc\components\remoteviewer\smartclient\tst\zsmartclient_unittest\bin\x64\debug\net472\zsmartclient_unittest.dll" id="63fb96d5-d28e-59d8-da39-0b1d1307a3be">
      <TestCategory>
        <TestCategoryItem TestCategory="MipItemsUpdateStrategy" />
      </TestCategory>
      <Execution id="f65fcaa5-dced-4e18-87c8-706cb849e895" />
      <TestMethod codeBase="D:\actions-runner\_work\XPCO\XPCO\SC\Components\RemoteViewer\SmartClient\tst\zSmartClient_UnitTest\bin\x64\Debug\net472\zSmartClient_UnitTest.dll" adapterTypeName="executor://mstestadapter/v2" className="SmartClient_UnitTest.VideoOS.RemoteClient.Plugin.GisMap.MIP.MipItemsUpdateStrategyTests" name="ShouldReturnTrueWhenBuildingsChanged" />
    </UnitTest>
    <UnitTest name="Ctor_ValidParameterWithTimeZoneManager_Success" storage="d:\actions-runner\_work\xpco\xpco\sc\components\remoteviewer\smartclient\tst\zsmartclient_unittest\bin\x64\debug\net472\zsmartclient_unittest.dll" id="27664859-4d07-7aa6-2422-c69fa8d16b38">
      <TestCategory>
        <TestCategoryItem TestCategory="SearchViewModels" />
      </TestCategory>
      <Execution id="8f270d95-eac9-4dfd-8488-d01a9dd374c7" />
      <TestMethod codeBase="D:\actions-runner\_work\XPCO\XPCO\SC\Components\RemoteViewer\SmartClient\tst\zSmartClient_UnitTest\bin\x64\Debug\net472\zSmartClient_UnitTest.dll" adapterTypeName="executor://mstestadapter/v2" className="SmartClient_UnitTest.VideoOS.RemoteClient.Plugin.CentralizedSearch.ViewModels.SearchViewModelTests" name="Ctor_ValidParameterWithTimeZoneManager_Success" />
    </UnitTest>
    <UnitTest name="SearchResultsActionBarActions_EditBookmark_BookmarkServiceException_WarningDialogShown" storage="d:\actions-runner\_work\xpco\xpco\sc\components\remoteviewer\smartclient\tst\zsmartclient_unittest\bin\x64\debug\net472\zsmartclient_unittest.dll" id="0ca96c98-4279-a38d-8923-cfc233650b07">
      <TestCategory>
        <TestCategoryItem TestCategory="SearchResultActionBarViewModel" />
      </TestCategory>
      <Execution id="bc699567-de2c-4962-8d22-c099542b08fe" />
      <TestMethod codeBase="D:\actions-runner\_work\XPCO\XPCO\SC\Components\RemoteViewer\SmartClient\tst\zSmartClient_UnitTest\bin\x64\Debug\net472\zSmartClient_UnitTest.dll" adapterTypeName="executor://mstestadapter/v2" className="SmartClient_UnitTest.VideoOS.RemoteClient.Plugin.CentralizedSearch.ViewModels.SearchResultsActionBarViewModelTest" name="SearchResultsActionBarActions_EditBookmark_BookmarkServiceException_WarningDialogShown" />
    </UnitTest>
    <UnitTest name="RightButtonUp_ShouldSetActiveInteractionStateToNormal_WhenInteractionStateIsNotAddNewDevice" storage="d:\actions-runner\_work\xpco\xpco\sc\components\remoteviewer\smartclient\tst\zsmartclient_unittest\bin\x64\debug\net472\zsmartclient_unittest.dll" id="76f114f4-6a41-0573-26af-b718e6fbb07c">
      <TestCategory>
        <TestCategoryItem TestCategory="GisMap.MapControl" />
      </TestCategory>
      <Execution id="5ab268f1-ca18-4018-9e51-ba4b20605848" />
      <TestMethod codeBase="D:\actions-runner\_work\XPCO\XPCO\SC\Components\RemoteViewer\SmartClient\tst\zSmartClient_UnitTest\bin\x64\Debug\net472\zSmartClient_UnitTest.dll" adapterTypeName="executor://mstestadapter/v2" className="SmartClient_UnitTest.VideoOS.RemoteClient.Plugin.GisMap.ThinkGeoMap.ThinkGeoMapControlTests" name="RightButtonUp_ShouldSetActiveInteractionStateToNormal_WhenInteractionStateIsNotAddNewDevice" />
    </UnitTest>
    <UnitTest name="ClearCommand_Invoke_ClearsText" storage="d:\actions-runner\_work\xpco\xpco\sc\components\remoteviewer\smartclient\tst\zsmartclient_unittest\bin\x64\debug\net472\zsmartclient_unittest.dll" id="79131a3d-642e-dea5-31f3-3e3bb8d72cf5">
      <TestCategory>
        <TestCategoryItem TestCategory="Search" />
      </TestCategory>
      <Execution id="03b6e6ce-3c1e-47e9-b51c-191f71298ef4" />
      <TestMethod codeBase="D:\actions-runner\_work\XPCO\XPCO\SC\Components\RemoteViewer\SmartClient\tst\zSmartClient_UnitTest\bin\x64\Debug\net472\zSmartClient_UnitTest.dll" adapterTypeName="executor://mstestadapter/v2" className="SmartClient_UnitTest.VideoOS.RemoteClient.Plugin.CentralizedSearch.MIPPlugin.Criteria.TextBoxAttributeEditControlTest" name="ClearCommand_Invoke_ClearsText" />
    </UnitTest>
    <UnitTest name="GetGisMapLayerFlyoutName_ShouldReturnOpenStreetMap_WhenGeographicLayerIsUnavailableAndAlternativeServerIsNotEmpty" storage="d:\actions-runner\_work\xpco\xpco\sc\components\remoteviewer\smartclient\tst\zsmartclient_unittest\bin\x64\debug\net472\zsmartclient_unittest.dll" id="8655e08e-93f9-ea96-e1a5-f913a90803b9">
      <TestCategory>
        <TestCategoryItem TestCategory="GisMapData.Controllers.Osm" />
      </TestCategory>
      <Execution id="a7e95010-8379-4943-aa39-6690ca1480cb" />
      <TestMethod codeBase="D:\actions-runner\_work\XPCO\XPCO\SC\Components\RemoteViewer\SmartClient\tst\zSmartClient_UnitTest\bin\x64\Debug\net472\zSmartClient_UnitTest.dll" adapterTypeName="executor://mstestadapter/v2" className="SmartClient_UnitTest.VideoOS.RemoteClient.GisMapData.Controllers.Osm.GisMapOsmControllerTests" name="GetGisMapLayerFlyoutName_ShouldReturnOpenStreetMap_WhenGeographicLayerIsUnavailableAndAlternativeServerIsNotEmpty" />
    </UnitTest>
    <UnitTest name="NavigateAndSelectAsync_ZoomIn_ReCenterCommandEnabled" storage="d:\actions-runner\_work\xpco\xpco\sc\components\remoteviewer\smartclient\tst\zsmartclient_unittest\bin\x64\debug\net472\zsmartclient_unittest.dll" id="ba590efe-de31-f5db-8328-f1cc3382ad35">
      <TestCategory>
        <TestCategoryItem TestCategory="GisMap.GisMapViewModel" />
      </TestCategory>
      <Execution id="e3243dad-9f60-4397-85f1-04e9440df77e" />
      <TestMethod codeBase="D:\actions-runner\_work\XPCO\XPCO\SC\Components\RemoteViewer\SmartClient\tst\zSmartClient_UnitTest\bin\x64\Debug\net472\zSmartClient_UnitTest.dll" adapterTypeName="executor://mstestadapter/v2" className="SmartClient_UnitTest.VideoOS.RemoteClient.Plugin.GisMap.ViewModels.GisMapViewModelTests" name="NavigateAndSelectAsync_ZoomIn_ReCenterCommandEnabled" />
    </UnitTest>
    <UnitTest name="SearchResultsActionBarActions_ActionResultCreateReport_CreatePdfDocument_Success" storage="d:\actions-runner\_work\xpco\xpco\sc\components\remoteviewer\smartclient\tst\zsmartclient_unittest\bin\x64\debug\net472\zsmartclient_unittest.dll" id="21718b1b-f62a-37ac-fbeb-8c4d4d01bc07">
      <TestCategory>
        <TestCategoryItem TestCategory="Search" />
      </TestCategory>
      <Execution id="cb131405-a1e1-4f31-b95d-fdf87ee64886" />
      <TestMethod codeBase="D:\actions-runner\_work\XPCO\XPCO\SC\Components\RemoteViewer\SmartClient\tst\zSmartClient_UnitTest\bin\x64\Debug\net472\zSmartClient_UnitTest.dll" adapterTypeName="executor://mstestadapter/v2" className="SmartClient_UnitTest.VideoOS.RemoteClient.Plugin.CentralizedSearch.ViewModels.SearchReportViewModelTests" name="SearchResultsActionBarActions_ActionResultCreateReport_CreatePdfDocument_Success" />
    </UnitTest>
    <UnitTest name="SelectTemplate_RangeSliderFilterConfiguration_ReturnsInlineTemplate" storage="d:\actions-runner\_work\xpco\xpco\sc\components\remoteviewer\smartclient\tst\zsmartclient_unittest\bin\x64\debug\net472\zsmartclient_unittest.dll" id="10efcc4c-555d-12e7-645e-f8f3c9a79e16">
      <TestCategory>
        <TestCategoryItem TestCategory="SearchViews" />
      </TestCategory>
      <Execution id="80b51493-714b-4673-862a-fef81aa38e38" />
      <TestMethod codeBase="D:\actions-runner\_work\XPCO\XPCO\SC\Components\RemoteViewer\SmartClient\tst\zSmartClient_UnitTest\bin\x64\Debug\net472\zSmartClient_UnitTest.dll" adapterTypeName="executor://mstestadapter/v2" className="SmartClient_UnitTest.VideoOS.RemoteClient.Plugin.CentralizedSearch.Views.AttributeEditControlTemplateSelectorTests" name="SelectTemplate_RangeSliderFilterConfiguration_ReturnsInlineTemplate" />
    </UnitTest>
    <UnitTest name="SmartMapGoToPositionHandler_WhenWindowIdDoesNotMatch_ShouldDoNothing" storage="d:\actions-runner\_work\xpco\xpco\sc\components\remoteviewer\smartclient\tst\zsmartclient_unittest\bin\x64\debug\net472\zsmartclient_unittest.dll" id="f655cfd1-db07-f37a-bdd0-c0091f35a2db">
      <Execution id="b1cf1ba5-4f6c-4879-a1fd-0a584a48c979" />
      <TestMethod codeBase="D:\actions-runner\_work\XPCO\XPCO\SC\Components\RemoteViewer\SmartClient\tst\zSmartClient_UnitTest\bin\x64\Debug\net472\zSmartClient_UnitTest.dll" adapterTypeName="executor://mstestadapter/v2" className="SmartClient_UnitTest.VideoOS.RemoteClient.Plugin.GisMap.MIP.ContentHolderMipMessageManagerTests" name="SmartMapGoToPositionHandler_WhenWindowIdDoesNotMatch_ShouldDoNothing" />
    </UnitTest>
    <UnitTest name="ResolveSearchDefinitions_ShouldReturnResultSearchDefinition_WhenCombinedSearchResultWithMultipleSubResultAndSearchDefinitionsContainingCorrectSearchDefinitionsAreGiven" storage="d:\actions-runner\_work\xpco\xpco\sc\components\remoteviewer\smartclient\tst\zsmartclient_unittest\bin\x64\debug\net472\zsmartclient_unittest.dll" id="59991295-e7c5-ae1a-4d3d-515c29cc9e2b">
      <TestCategory>
        <TestCategoryItem TestCategory="Search" />
      </TestCategory>
      <Execution id="366c8a9a-f845-4063-b5f2-1444ee4181c3" />
      <TestMethod codeBase="D:\actions-runner\_work\XPCO\XPCO\SC\Components\RemoteViewer\SmartClient\tst\zSmartClient_UnitTest\bin\x64\Debug\net472\zSmartClient_UnitTest.dll" adapterTypeName="executor://mstestadapter/v2" className="SmartClient_UnitTest.VideoOS.RemoteClient.Plugin.CentralizedSearch.Utils.SearchResultDataWrapperExtensionsTests" name="ResolveSearchDefinitions_ShouldReturnResultSearchDefinition_WhenCombinedSearchResultWithMultipleSubResultAndSearchDefinitionsContainingCorrectSearchDefinitionsAreGiven" />
    </UnitTest>
    <UnitTest name="SignUrl_WhereUrlIsNull_ThrowException" storage="d:\actions-runner\_work\xpco\xpco\sc\components\remoteviewer\smartclient\tst\zsmartclient_unittest\bin\x64\debug\net472\zsmartclient_unittest.dll" id="4a97d8d2-9fcf-7559-c175-69939d513efc">
      <Execution id="01a48ba0-9d8b-4bc4-ac28-c66956c4f17a" />
      <TestMethod codeBase="D:\actions-runner\_work\XPCO\XPCO\SC\Components\RemoteViewer\SmartClient\tst\zSmartClient_UnitTest\bin\x64\Debug\net472\zSmartClient_UnitTest.dll" adapterTypeName="executor://mstestadapter/v2" className="SmartClient_UnitTest.VideoOS.RemoteClient.Plugin.GisMap.Utilities.GoogleApiUrlTest" name="SignUrl_WhereUrlIsNull_ThrowException" />
    </UnitTest>
    <UnitTest name="ResolveSearchDefinitions_ShouldReturnResultSearchDefinition_WhenCombinedSearchResultWithMultipleSubResultAndNullSearchDefinitionsAreGiven" storage="d:\actions-runner\_work\xpco\xpco\sc\components\remoteviewer\smartclient\tst\zsmartclient_unittest\bin\x64\debug\net472\zsmartclient_unittest.dll" id="229876bb-741e-424e-6d09-7576e2519ca6">
      <TestCategory>
        <TestCategoryItem TestCategory="Search" />
      </TestCategory>
      <Execution id="7b4c101a-5543-448b-bfb2-1ab0063e6098" />
      <TestMethod codeBase="D:\actions-runner\_work\XPCO\XPCO\SC\Components\RemoteViewer\SmartClient\tst\zSmartClient_UnitTest\bin\x64\Debug\net472\zSmartClient_UnitTest.dll" adapterTypeName="executor://mstestadapter/v2" className="SmartClient_UnitTest.VideoOS.RemoteClient.Plugin.CentralizedSearch.Utils.SearchResultDataWrapperExtensionsTests" name="ResolveSearchDefinitions_ShouldReturnResultSearchDefinition_WhenCombinedSearchResultWithMultipleSubResultAndNullSearchDefinitionsAreGiven" />
    </UnitTest>
    <UnitTest name="SupportsRightClick_ShouldBeTrue_WhenInteractionStateIsNormal" storage="d:\actions-runner\_work\xpco\xpco\sc\components\remoteviewer\smartclient\tst\zsmartclient_unittest\bin\x64\debug\net472\zsmartclient_unittest.dll" id="af1e35a2-62a8-4a4f-249d-2b9ad620f97f">
      <TestCategory>
        <TestCategoryItem TestCategory="GisMap.InputMarkerTest" />
      </TestCategory>
      <Execution id="f9826042-3e9b-4539-a6d8-d5d1063e2396" />
      <TestMethod codeBase="D:\actions-runner\_work\XPCO\XPCO\SC\Components\RemoteViewer\SmartClient\tst\zSmartClient_UnitTest\bin\x64\Debug\net472\zSmartClient_UnitTest.dll" adapterTypeName="executor://mstestadapter/v2" className="SmartClient_UnitTest.VideoOS.RemoteClient.Plugin.GisMap.ThinkGeoMap.Markers.DeviceMarkers.InputMarker.InputMarkerTests" name="SupportsRightClick_ShouldBeTrue_WhenInteractionStateIsNormal" />
    </UnitTest>
    <UnitTest name="PtzSessionController_Unregister_Camera_Test" storage="d:\actions-runner\_work\xpco\xpco\sc\components\remoteviewer\smartclient\tst\zsmartclient_unittest\bin\x64\debug\net472\zsmartclient_unittest.dll" id="b4b53b4f-883e-94e0-fef4-aaf250b86eec">
      <Execution id="591a9f52-bbf9-48dc-9820-1cd9dd8968aa" />
      <TestMethod codeBase="D:\actions-runner\_work\XPCO\XPCO\SC\Components\RemoteViewer\SmartClient\tst\zSmartClient_UnitTest\bin\x64\Debug\net472\zSmartClient_UnitTest.dll" adapterTypeName="executor://mstestadapter/v2" className="VideoOS.RemoteClient.Application.Controllers.UnitTest.PtzSessionControllerTest" name="PtzSessionController_Unregister_Camera_Test" />
    </UnitTest>
    <UnitTest name="Ctor_NullPlugin_Throws" storage="d:\actions-runner\_work\xpco\xpco\sc\components\remoteviewer\smartclient\tst\zsmartclient_unittest\bin\x64\debug\net472\zsmartclient_unittest.dll" id="1a5d20b5-3e71-5ce5-a87e-e4e29bb0d7d5">
      <TestCategory>
        <TestCategoryItem TestCategory="SearchResultsAction" />
      </TestCategory>
      <Execution id="98a2731b-b7d3-42cd-9d44-108f1031d0b0" />
      <TestMethod codeBase="D:\actions-runner\_work\XPCO\XPCO\SC\Components\RemoteViewer\SmartClient\tst\zSmartClient_UnitTest\bin\x64\Debug\net472\zSmartClient_UnitTest.dll" adapterTypeName="executor://mstestadapter/v2" className="SmartClient_UnitTest.VideoOS.RemoteClient.Plugin.CentralizedSearch.ViewModels.SearchResultsActionViewModelTests" name="Ctor_NullPlugin_Throws" />
    </UnitTest>
    <UnitTest name="TestSaveMap_NoChanges_Success" storage="d:\actions-runner\_work\xpco\xpco\sc\components\remoteviewer\smartclient\tst\zsmartclient_unittest\bin\x64\debug\net472\zsmartclient_unittest.dll" id="e310b5f1-c455-40bf-82e5-d008ba1db855">
      <TestCategory>
        <TestCategoryItem TestCategory="GisMap" />
      </TestCategory>
      <Execution id="b07eca96-1804-4740-9982-1fec513d3747" />
      <TestMethod codeBase="D:\actions-runner\_work\XPCO\XPCO\SC\Components\RemoteViewer\SmartClient\tst\zSmartClient_UnitTest\bin\x64\Debug\net472\zSmartClient_UnitTest.dll" adapterTypeName="executor://mstestadapter/v2" className="SmartClient_UnitTest.VideoOS.RemoteClient.GisMapData.GisMapBasicTests" name="TestSaveMap_NoChanges_Success" />
    </UnitTest>
    <UnitTest name="CreateDefinition_StartSearch_ExecutedAfterDelay" storage="d:\actions-runner\_work\xpco\xpco\sc\components\remoteviewer\smartclient\tst\zsmartclient_unittest\bin\x64\debug\net472\zsmartclient_unittest.dll" id="c98efbf5-2f3d-50a2-5f38-9c6abe3c1c8e">
      <TestCategory>
        <TestCategoryItem TestCategory="SearchModels" />
      </TestCategory>
      <Execution id="1daf1eb4-5e43-4bb2-9608-77be30509441" />
      <TestMethod codeBase="D:\actions-runner\_work\XPCO\XPCO\SC\Components\RemoteViewer\SmartClient\tst\zSmartClient_UnitTest\bin\x64\Debug\net472\zSmartClient_UnitTest.dll" adapterTypeName="executor://mstestadapter/v2" className="SmartClient_UnitTest.VideoOS.RemoteClient.Plugin.CentralizedSearch.Models.SearchModelTests" name="CreateDefinition_StartSearch_ExecutedAfterDelay" />
    </UnitTest>
    <UnitTest name="TriggerTime_ShouldBeSetToValueOfSearchResult" storage="d:\actions-runner\_work\xpco\xpco\sc\components\remoteviewer\smartclient\tst\zsmartclient_unittest\bin\x64\debug\net472\zsmartclient_unittest.dll" id="3a324bfc-234e-c9df-2934-23de7ff42e44">
      <TestCategory>
        <TestCategoryItem TestCategory="Search.Wrappers" />
      </TestCategory>
      <Execution id="a3f6d933-f364-4665-8cf9-c899f4a9db59" />
      <TestMethod codeBase="D:\actions-runner\_work\XPCO\XPCO\SC\Components\RemoteViewer\SmartClient\tst\zSmartClient_UnitTest\bin\x64\Debug\net472\zSmartClient_UnitTest.dll" adapterTypeName="executor://mstestadapter/v2" className="SmartClient_UnitTest.VideoOS.RemoteClient.Plugin.CentralizedSearch.Models.Wrappers.SearchResultDataWrapperTests" name="TriggerTime_ShouldBeSetToValueOfSearchResult" />
    </UnitTest>
    <UnitTest name="WaitForItemAsync_WhenNotAdded_QuitsOnTimeout" storage="d:\actions-runner\_work\xpco\xpco\sc\components\remoteviewer\smartclient\tst\zsmartclient_unittest\bin\x64\debug\net472\zsmartclient_unittest.dll" id="0cd872bf-1428-c181-b201-48c4c96402b3">
      <Execution id="509fcf54-2728-413f-9b71-d9b1b6ddefb6" />
      <TestMethod codeBase="D:\actions-runner\_work\XPCO\XPCO\SC\Components\RemoteViewer\SmartClient\tst\zSmartClient_UnitTest\bin\x64\Debug\net472\zSmartClient_UnitTest.dll" adapterTypeName="executor://mstestadapter/v2" className="SmartClient_UnitTest.VideoOS.RemoteClient.Plugin.GisMap.MIP.MipMapitemWaiterTests" name="WaitForItemAsync_WhenNotAdded_QuitsOnTimeout" />
    </UnitTest>
    <UnitTest name="Dispose_Success" storage="d:\actions-runner\_work\xpco\xpco\sc\components\remoteviewer\smartclient\tst\zsmartclient_unittest\bin\x64\debug\net472\zsmartclient_unittest.dll" id="01c01ca3-1cfc-215a-ffeb-b8e6d0ef2e1f">
      <TestCategory>
        <TestCategoryItem TestCategory="Search" />
      </TestCategory>
      <Execution id="0d88acc3-6694-46fa-8373-39e84c79d531" />
      <TestMethod codeBase="D:\actions-runner\_work\XPCO\XPCO\SC\Components\RemoteViewer\SmartClient\tst\zSmartClient_UnitTest\bin\x64\Debug\net472\zSmartClient_UnitTest.dll" adapterTypeName="executor://mstestadapter/v2" className="SmartClient_UnitTest.VideoOS.RemoteClient.Plugin.CentralizedSearch.ViewModels.CompositeSearchWarningViewModelTests" name="Dispose_Success" />
    </UnitTest>
    <UnitTest name="EnsureLayersOrderIsValidBy_AddLayerAt_Success" storage="d:\actions-runner\_work\xpco\xpco\sc\components\remoteviewer\smartclient\tst\zsmartclient_unittest\bin\x64\debug\net472\zsmartclient_unittest.dll" id="043e653c-51c1-1e91-2072-c6aa4ad8dfeb">
      <TestCategory>
        <TestCategoryItem TestCategory="GisMapLayers" />
      </TestCategory>
      <Execution id="dda8191f-4794-4526-8edd-cd87cf522f24" />
      <TestMethod codeBase="D:\actions-runner\_work\XPCO\XPCO\SC\Components\RemoteViewer\SmartClient\tst\zSmartClient_UnitTest\bin\x64\Debug\net472\zSmartClient_UnitTest.dll" adapterTypeName="executor://mstestadapter/v2" className="SmartClient_UnitTest.VideoOS.RemoteClient.GisMapData.GisMapLayerZOrderTests" name="EnsureLayersOrderIsValidBy_AddLayerAt_Success" />
    </UnitTest>
    <UnitTest name="ValidateExportFormats_SmartClientPlayerFormat_ShouldValidate" storage="d:\actions-runner\_work\xpco\xpco\sc\components\remoteviewer\smartclient\tst\zsmartclient_unittest\bin\x64\debug\net472\zsmartclient_unittest.dll" id="69a471d5-b0a2-5fd2-ad73-823b3f723b44">
      <TestCategory>
        <TestCategoryItem TestCategory="Export" />
      </TestCategory>
      <Execution id="210a87a0-21a4-4f3a-a1c8-98d509087898" />
      <TestMethod codeBase="D:\actions-runner\_work\XPCO\XPCO\SC\Components\RemoteViewer\SmartClient\tst\zSmartClient_UnitTest\bin\x64\Debug\net472\zSmartClient_UnitTest.dll" adapterTypeName="executor://mstestadapter/v2" className="SmartClient_UnitTest.VideoOS.RemoteClient.Plugin.Export.ExportDataValidatorTests" name="ValidateExportFormats_SmartClientPlayerFormat_ShouldValidate" />
    </UnitTest>
    <UnitTest name="AllMappingsIncluded" storage="d:\actions-runner\_work\xpco\xpco\sc\components\remoteviewer\smartclient\tst\zsmartclient_unittest\bin\x64\debug\net472\zsmartclient_unittest.dll" id="cf366775-ad88-dfab-044d-7fd00fe030bf">
      <TestCategory>
        <TestCategoryItem TestCategory="Search" />
      </TestCategory>
      <Execution id="1c89439c-7018-465a-871c-56306963b8ad" />
      <TestMethod codeBase="D:\actions-runner\_work\XPCO\XPCO\SC\Components\RemoteViewer\SmartClient\tst\zSmartClient_UnitTest\bin\x64\Debug\net472\zSmartClient_UnitTest.dll" adapterTypeName="executor://mstestadapter/v2" className="SmartClient_UnitTest.VideoOS.RemoteClient.Plugin.CentralizedSearch.MIPPlugin.ScSearchUserControlPluginTest" name="AllMappingsIncluded" />
    </UnitTest>
    <UnitTest name="IconValueConverter_ConvertBack_Fail" storage="d:\actions-runner\_work\xpco\xpco\sc\components\remoteviewer\smartclient\tst\zsmartclient_unittest\bin\x64\debug\net472\zsmartclient_unittest.dll" id="24aad481-07c1-3aaa-142a-c2bdd14112ca">
      <TestCategory>
        <TestCategoryItem TestCategory="SearchConverter" />
      </TestCategory>
      <Execution id="b4dc7be2-dc46-48f7-a098-4580035adeaf" />
      <TestMethod codeBase="D:\actions-runner\_work\XPCO\XPCO\SC\Components\RemoteViewer\SmartClient\tst\zSmartClient_UnitTest\bin\x64\Debug\net472\zSmartClient_UnitTest.dll" adapterTypeName="executor://mstestadapter/v2" className="SmartClient_UnitTest.VideoOS.RemoteClient.Plugin.CentralizedSearch.Views.Converters.IconValueConverterTests" name="IconValueConverter_ConvertBack_Fail" />
    </UnitTest>
    <UnitTest name="CopyPasteInternalClipBoardTest" storage="d:\actions-runner\_work\xpco\xpco\sc\components\remoteviewer\smartclient\tst\zsmartclient_unittest\bin\x64\debug\net472\zsmartclient_unittest.dll" id="91a78aeb-428a-f6ff-e2d1-52651e1feb62">
      <Execution id="6844ff6c-6c03-489d-84f9-7ef28590b837" />
      <TestMethod codeBase="D:\actions-runner\_work\XPCO\XPCO\SC\Components\RemoteViewer\SmartClient\tst\zSmartClient_UnitTest\bin\x64\Debug\net472\zSmartClient_UnitTest.dll" adapterTypeName="executor://mstestadapter/v2" className="SmartClient_UnitTest.VideoOS.RemoteClient.Application.Data.Configuration.ViewGroupClipboardManagerTest" name="CopyPasteInternalClipBoardTest" />
    </UnitTest>
    <UnitTest name="SelectOptions_ShouldNotChangeSelectedComponent_WhenGivenNonExistingComponent" storage="d:\actions-runner\_work\xpco\xpco\sc\components\remoteviewer\smartclient\tst\zsmartclient_unittest\bin\x64\debug\net472\zsmartclient_unittest.dll" id="c3c8acd6-ab82-9706-0dfb-389b90288a20">
      <Execution id="32afb981-4675-41c6-9b2f-5de64a34b902" />
      <TestMethod codeBase="D:\actions-runner\_work\XPCO\XPCO\SC\Components\RemoteViewer\SmartClient\tst\zSmartClient_UnitTest\bin\x64\Debug\net472\zSmartClient_UnitTest.dll" adapterTypeName="executor://mstestadapter/v2" className="SmartClient_UnitTest.VideoOS.RemoteClient.Application.UI.Settings.SettingsDialogViewModelTests" name="SelectOptions_ShouldNotChangeSelectedComponent_WhenGivenNonExistingComponent" />
    </UnitTest>
    <UnitTest name="EnsureLayersOrderIsValidBy_Swap201_Success" storage="d:\actions-runner\_work\xpco\xpco\sc\components\remoteviewer\smartclient\tst\zsmartclient_unittest\bin\x64\debug\net472\zsmartclient_unittest.dll" id="b18c5783-3346-0ed2-7230-790ae4df554b">
      <TestCategory>
        <TestCategoryItem TestCategory="GisMapLayers" />
      </TestCategory>
      <Execution id="53fdbfcc-5f73-4d14-b7fc-bb350f630c35" />
      <TestMethod codeBase="D:\actions-runner\_work\XPCO\XPCO\SC\Components\RemoteViewer\SmartClient\tst\zSmartClient_UnitTest\bin\x64\Debug\net472\zSmartClient_UnitTest.dll" adapterTypeName="executor://mstestadapter/v2" className="SmartClient_UnitTest.VideoOS.RemoteClient.GisMapData.GisMapLayerZOrderTests" name="EnsureLayersOrderIsValidBy_Swap201_Success" />
    </UnitTest>
    <UnitTest name="New_related_device_added_when_unrelated_camera_added" storage="d:\actions-runner\_work\xpco\xpco\sc\components\remoteviewer\smartclient\tst\zsmartclient_unittest\bin\x64\debug\net472\zsmartclient_unittest.dll" id="50eff704-edc5-bb65-d2be-7ddc270e7a86">
      <Execution id="4c884338-c347-4986-83cd-6852e81b592a" />
      <TestMethod codeBase="D:\actions-runner\_work\XPCO\XPCO\SC\Components\RemoteViewer\SmartClient\tst\zSmartClient_UnitTest\bin\x64\Debug\net472\zSmartClient_UnitTest.dll" adapterTypeName="executor://mstestadapter/v2" className="SmartClient_UnitTest.VideoOS.RemoteClient.Application.Components.EvidenceLock.EvidenceLockRelatedDeviceTests" name="New_related_device_added_when_unrelated_camera_added" />
    </UnitTest>
    <UnitTest name="Compare_ShouldPrioritizeCombinedResultsWithMostTriggerTimesInTimespan_WhenAllTriggerTimesAreCounted" storage="d:\actions-runner\_work\xpco\xpco\sc\components\remoteviewer\smartclient\tst\zsmartclient_unittest\bin\x64\debug\net472\zsmartclient_unittest.dll" id="4e7ccc39-dfc0-cf1c-eb6a-128de9b59e45">
      <TestCategory>
        <TestCategoryItem TestCategory="SearchComparers" />
      </TestCategory>
      <Execution id="42103b67-9597-49dd-840c-830c9ccf1691" />
      <TestMethod codeBase="D:\actions-runner\_work\XPCO\XPCO\SC\Components\RemoteViewer\SmartClient\tst\zSmartClient_UnitTest\bin\x64\Debug\net472\zSmartClient_UnitTest.dll" adapterTypeName="executor://mstestadapter/v2" className="SmartClient_UnitTest.VideoOS.RemoteClient.Plugin.CentralizedSearch.Models.Wrappers.Comparers.RelevanceComparerTests" name="Compare_ShouldPrioritizeCombinedResultsWithMostTriggerTimesInTimespan_WhenAllTriggerTimesAreCounted" />
    </UnitTest>
    <UnitTest name="GetWorkspaceToolbarItems_ShouldReturnNormalToolbarItemEnabledSetupToolbarItemDisabled_WhenWorkspaceStateIsNormal" storage="d:\actions-runner\_work\xpco\xpco\sc\components\remoteviewer\smartclient\tst\zsmartclient_unittest\bin\x64\debug\net472\zsmartclient_unittest.dll" id="2e79e419-e74e-f445-7799-1adbaa35d399">
      <TestCategory>
        <TestCategoryItem TestCategory="WorkspaceToolbar" />
      </TestCategory>
      <Execution id="1087c4a0-501e-49ac-a522-56f9e5a99527" />
      <TestMethod codeBase="D:\actions-runner\_work\XPCO\XPCO\SC\Components\RemoteViewer\SmartClient\tst\zSmartClient_UnitTest\bin\x64\Debug\net472\zSmartClient_UnitTest.dll" adapterTypeName="executor://mstestadapter/v2" className="SmartClient_UnitTest.VideoOS.RemoteClient.Application.UI.Content.WorkspaceToolbar.MIPWorkspaceToolbarItemManagerTests" name="GetWorkspaceToolbarItems_ShouldReturnNormalToolbarItemEnabledSetupToolbarItemDisabled_WhenWorkspaceStateIsNormal" />
    </UnitTest>
    <UnitTest name="GetSnapshots_UnknownErrorWhileSavingImage_Failure" storage="d:\actions-runner\_work\xpco\xpco\sc\components\remoteviewer\smartclient\tst\zsmartclient_unittest\bin\x64\debug\net472\zsmartclient_unittest.dll" id="403a78e4-c46e-adcb-e74a-7da90bcef733">
      <TestCategory>
        <TestCategoryItem TestCategory="Search" />
      </TestCategory>
      <Execution id="1f490344-ee68-4a50-a970-d3acbef7fb92" />
      <TestMethod codeBase="D:\actions-runner\_work\XPCO\XPCO\SC\Components\RemoteViewer\SmartClient\tst\zSmartClient_UnitTest\bin\x64\Debug\net472\zSmartClient_UnitTest.dll" adapterTypeName="executor://mstestadapter/v2" className="SmartClient_UnitTest.VideoOS.RemoteClient.Plugin.CentralizedSearch.ViewModels.Data.SnapshotHandlerTests" name="GetSnapshots_UnknownErrorWhileSavingImage_Failure" />
    </UnitTest>
    <UnitTest name="ApplyStatesToUi_StateWithoutItemSize_UpdateItemSizeNotCalled" storage="d:\actions-runner\_work\xpco\xpco\sc\components\remoteviewer\smartclient\tst\zsmartclient_unittest\bin\x64\debug\net472\zsmartclient_unittest.dll" id="d075e987-3000-b723-e176-5d1d494fc6f2">
      <TestCategory>
        <TestCategoryItem TestCategory="SearchViews" />
      </TestCategory>
      <Execution id="4af09cb0-6115-4405-bc3f-0a9e1e858b6e" />
      <TestMethod codeBase="D:\actions-runner\_work\XPCO\XPCO\SC\Components\RemoteViewer\SmartClient\tst\zSmartClient_UnitTest\bin\x64\Debug\net472\zSmartClient_UnitTest.dll" adapterTypeName="executor://mstestadapter/v2" className="SmartClient_UnitTest.VideoOS.RemoteClient.Plugin.CentralizedSearch.Views.SearchResultsViewTests" name="ApplyStatesToUi_StateWithoutItemSize_UpdateItemSizeNotCalled" />
    </UnitTest>
    <UnitTest name="Convert_ShouldReturnTrue_WhenParameterIsEqualToValue" storage="d:\actions-runner\_work\xpco\xpco\sc\components\remoteviewer\smartclient\tst\zsmartclient_unittest\bin\x64\debug\net472\zsmartclient_unittest.dll" id="475f68bd-aa4e-7080-1be5-54155a49acfc">
      <TestCategory>
        <TestCategoryItem TestCategory="GisMap.InteractionStateConverter" />
      </TestCategory>
      <Execution id="5e22daed-2c48-4529-bb75-ad8445792400" />
      <TestMethod codeBase="D:\actions-runner\_work\XPCO\XPCO\SC\Components\RemoteViewer\SmartClient\tst\zSmartClient_UnitTest\bin\x64\Debug\net472\zSmartClient_UnitTest.dll" adapterTypeName="executor://mstestadapter/v2" className="SmartClient_UnitTest.VideoOS.RemoteClient.Plugin.GisMap.View.InteractionStateConverterTests" name="Convert_ShouldReturnTrue_WhenParameterIsEqualToValue" />
    </UnitTest>
    <UnitTest name="GetWorkspaceToolbarItems_ShouldReturnGroupedToolbarItemAsDisabled_WhenAllSubItemsAreDisabled" storage="d:\actions-runner\_work\xpco\xpco\sc\components\remoteviewer\smartclient\tst\zsmartclient_unittest\bin\x64\debug\net472\zsmartclient_unittest.dll" id="91423947-d9d3-4bfd-cfab-68c119421239">
      <TestCategory>
        <TestCategoryItem TestCategory="WorkspaceToolbar" />
      </TestCategory>
      <Execution id="3c4253c2-65b5-431b-a7b3-94fac7b0a1cd" />
      <TestMethod codeBase="D:\actions-runner\_work\XPCO\XPCO\SC\Components\RemoteViewer\SmartClient\tst\zSmartClient_UnitTest\bin\x64\Debug\net472\zSmartClient_UnitTest.dll" adapterTypeName="executor://mstestadapter/v2" className="SmartClient_UnitTest.VideoOS.RemoteClient.Application.UI.Content.WorkspaceToolbar.MIPWorkspaceToolbarItemManagerTests" name="GetWorkspaceToolbarItems_ShouldReturnGroupedToolbarItemAsDisabled_WhenAllSubItemsAreDisabled" />
    </UnitTest>
    <UnitTest name="GetDuration_SeveralHours_Success" storage="d:\actions-runner\_work\xpco\xpco\sc\components\remoteviewer\smartclient\tst\zsmartclient_unittest\bin\x64\debug\net472\zsmartclient_unittest.dll" id="14ce9c46-40b0-3cf1-b65d-94e20f3f850c">
      <TestCategory>
        <TestCategoryItem TestCategory="Search" />
      </TestCategory>
      <Execution id="0055cbbf-4ba6-4235-a14e-3c1a0964156a" />
      <TestMethod codeBase="D:\actions-runner\_work\XPCO\XPCO\SC\Components\RemoteViewer\SmartClient\tst\zSmartClient_UnitTest\bin\x64\Debug\net472\zSmartClient_UnitTest.dll" adapterTypeName="executor://mstestadapter/v2" className="SmartClient_UnitTest.VideoOS.RemoteClient.Plugin.CentralizedSearch.ViewModels.Data.TimeScopeTests" name="GetDuration_SeveralHours_Success" />
    </UnitTest>
    <UnitTest name="AddSelectedCameras_TooManyCamerasSingle_AddedUntilMaxAndWarningMessageDisplayed" storage="d:\actions-runner\_work\xpco\xpco\sc\components\remoteviewer\smartclient\tst\zsmartclient_unittest\bin\x64\debug\net472\zsmartclient_unittest.dll" id="ea8f64f7-705b-0857-7b53-590a46740227">
      <TestCategory>
        <TestCategoryItem TestCategory="SearchViewModels" />
      </TestCategory>
      <Execution id="cf75f17a-fcb8-4605-b1e8-ffa5ffcde90b" />
      <TestMethod codeBase="D:\actions-runner\_work\XPCO\XPCO\SC\Components\RemoteViewer\SmartClient\tst\zSmartClient_UnitTest\bin\x64\Debug\net472\zSmartClient_UnitTest.dll" adapterTypeName="executor://mstestadapter/v2" className="SmartClient_UnitTest.VideoOS.RemoteClient.Plugin.CentralizedSearch.ViewModels.SearchViewModelTests" name="AddSelectedCameras_TooManyCamerasSingle_AddedUntilMaxAndWarningMessageDisplayed" />
    </UnitTest>
    <UnitTest name="Search_TokenCancelled_SearchCallNotDelegatedToSearchManager" storage="d:\actions-runner\_work\xpco\xpco\sc\components\remoteviewer\smartclient\tst\zsmartclient_unittest\bin\x64\debug\net472\zsmartclient_unittest.dll" id="99a87674-ee88-dca5-48a5-598cbe7cb43b">
      <TestCategory>
        <TestCategoryItem TestCategory="Search" />
      </TestCategory>
      <Execution id="381d8c73-a8b6-477f-8db8-dc8f1d6fc46e" />
      <TestMethod codeBase="D:\actions-runner\_work\XPCO\XPCO\SC\Components\RemoteViewer\SmartClient\tst\zSmartClient_UnitTest\bin\x64\Debug\net472\zSmartClient_UnitTest.dll" adapterTypeName="executor://mstestadapter/v2" className="SmartClient_UnitTest.VideoOS.RemoteClient.Plugin.CentralizedSearch.MIPPlugin.CompositeSearchDefinitionTests" name="Search_TokenCancelled_SearchCallNotDelegatedToSearchManager" />
    </UnitTest>
    <UnitTest name="BookmarkSearchTime_WithSearchStringInDifferentCases_ReturnCorrectBookmarkWithSearchStringInHeader (SeArChStRiNg,False,True,True,False,,,0)" storage="d:\actions-runner\_work\xpco\xpco\sc\components\remoteviewer\smartclient\tst\zsmartclient_unittest\bin\x64\debug\net472\zsmartclient_unittest.dll" id="f3ca3914-805f-216b-f996-2070b3db31b7">
      <Execution id="18ae96d9-b4c5-49bc-a01a-c50c2e231158" />
      <TestMethod codeBase="D:\actions-runner\_work\XPCO\XPCO\SC\Components\RemoteViewer\SmartClient\tst\zSmartClient_UnitTest\bin\x64\Debug\net472\zSmartClient_UnitTest.dll" adapterTypeName="executor://mstestadapter/v2" className="SmartClient_UnitTest.VideoOS.RemoteClient.Application.Data.Offline.UnitTest.BookmarkExportReaderTest" name="BookmarkSearchTime_WithSearchStringInDifferentCases_ReturnCorrectBookmarkWithSearchStringInHeader" />
    </UnitTest>
    <UnitTest name="IsProductionEnvironment_ShouldReturnCorrectValue (,True)" storage="d:\actions-runner\_work\xpco\xpco\sc\components\remoteviewer\smartclient\tst\zsmartclient_unittest\bin\x64\debug\net472\zsmartclient_unittest.dll" id="5f513201-29bd-f30b-cd65-0841ae9bbb63">
      <Execution id="e15de67f-e5fe-403a-ac21-9da1920ab817" />
      <TestMethod codeBase="D:\actions-runner\_work\XPCO\XPCO\SC\Components\RemoteViewer\SmartClient\tst\zSmartClient_UnitTest\bin\x64\Debug\net472\zSmartClient_UnitTest.dll" adapterTypeName="executor://mstestadapter/v2" className="SmartClient_UnitTest.VideoOS.RemoteClient.Application.Common.Telemetry.TelemetryKeyProviderTests" name="IsProductionEnvironment_ShouldReturnCorrectValue" />
    </UnitTest>
    <UnitTest name="FindSearchTemplatesAsync_ThrowCommunicationMIPException_Success" storage="d:\actions-runner\_work\xpco\xpco\sc\components\remoteviewer\smartclient\tst\zsmartclient_unittest\bin\x64\debug\net472\zsmartclient_unittest.dll" id="86196731-e240-8e80-a6e3-fc0d4e3d2f5c">
      <TestCategory>
        <TestCategoryItem TestCategory="SearchTemplatesService" />
      </TestCategory>
      <Execution id="30d7cf2b-6a70-4437-ac06-da60d406c547" />
      <TestMethod codeBase="D:\actions-runner\_work\XPCO\XPCO\SC\Components\RemoteViewer\SmartClient\tst\zSmartClient_UnitTest\bin\x64\Debug\net472\zSmartClient_UnitTest.dll" adapterTypeName="executor://mstestadapter/v2" className="SmartClient_UnitTest.VideoOS.RemoteClient.Plugin.CentralizedSearch.SearchTemplates.Service.SearchTemplateServiceTests" name="FindSearchTemplatesAsync_ThrowCommunicationMIPException_Success" />
    </UnitTest>
    <UnitTest name="AlwaysPutSmartWallGroupLast" storage="d:\actions-runner\_work\xpco\xpco\sc\components\remoteviewer\smartclient\tst\zsmartclient_unittest\bin\x64\debug\net472\zsmartclient_unittest.dll" id="233a6bed-ae00-b023-a337-828767e08ee8">
      <Execution id="d8809477-3f54-4acb-b5b6-373530c61d9f" />
      <TestMethod codeBase="D:\actions-runner\_work\XPCO\XPCO\SC\Components\RemoteViewer\SmartClient\tst\zSmartClient_UnitTest\bin\x64\Debug\net472\zSmartClient_UnitTest.dll" adapterTypeName="executor://mstestadapter/v2" className="SmartClient_UnitTest.VideoOS.RemoteClient.Application.UI.Common.ViewTree.SortingTests" name="AlwaysPutSmartWallGroupLast" />
    </UnitTest>
    <UnitTest name="UpdateItemState_Enabled_AllTrue" storage="d:\actions-runner\_work\xpco\xpco\sc\components\remoteviewer\smartclient\tst\zsmartclient_unittest\bin\x64\debug\net472\zsmartclient_unittest.dll" id="ca54778c-c4c5-e9c4-6078-1f6eb9837f98">
      <TestCategory>
        <TestCategoryItem TestCategory="ContentHolderToolbar" />
      </TestCategory>
      <Execution id="6c45d9a2-0270-4d97-819c-52253ebcda8d" />
      <TestMethod codeBase="D:\actions-runner\_work\XPCO\XPCO\SC\Components\RemoteViewer\SmartClient\tst\zSmartClient_UnitTest\bin\x64\Debug\net472\zSmartClient_UnitTest.dll" adapterTypeName="executor://mstestadapter/v2" className="SmartClient_UnitTest.VideoOS.RemoteClient.Application.Data.ContentHolderToolbar.ToolBarItemSearchTests" name="UpdateItemState_Enabled_AllTrue" />
    </UnitTest>
    <UnitTest name="GetServerTypes_ShouldReturnRecordingServiceType" storage="d:\actions-runner\_work\xpco\xpco\sc\components\remoteviewer\smartclient\tst\zsmartclient_unittest\bin\x64\debug\net472\zsmartclient_unittest.dll" id="f4609267-8826-6634-3e91-b8471488e292">
      <Execution id="4a5be91a-7654-4a0f-8e56-50e9c3f37cdb" />
      <TestMethod codeBase="D:\actions-runner\_work\XPCO\XPCO\SC\Components\RemoteViewer\SmartClient\tst\zSmartClient_UnitTest\bin\x64\Debug\net472\zSmartClient_UnitTest.dll" adapterTypeName="executor://mstestadapter/v2" className="SmartClient_UnitTest.VideoOS.RemoteClient.Application.Data.ContentTypes.ReportingContentType.DashboardExtentionsTest" name="GetServerTypes_ShouldReturnRecordingServiceType" />
    </UnitTest>
    <UnitTest name="CreatePdfDocumentAsync_ShouldMakeValidReportFileName_WhenReportNameIsEmpty" storage="d:\actions-runner\_work\xpco\xpco\sc\components\remoteviewer\smartclient\tst\zsmartclient_unittest\bin\x64\debug\net472\zsmartclient_unittest.dll" id="32413933-4aac-e1ed-206e-cfe25722fe12">
      <TestCategory>
        <TestCategoryItem TestCategory="Search" />
      </TestCategory>
      <Execution id="1a3f48c8-5f9f-4390-acaa-8cea99c7133d" />
      <TestMethod codeBase="D:\actions-runner\_work\XPCO\XPCO\SC\Components\RemoteViewer\SmartClient\tst\zSmartClient_UnitTest\bin\x64\Debug\net472\zSmartClient_UnitTest.dll" adapterTypeName="executor://mstestadapter/v2" className="SmartClient_UnitTest.VideoOS.RemoteClient.Plugin.CentralizedSearch.ViewModels.SearchReportViewModelTests" name="CreatePdfDocumentAsync_ShouldMakeValidReportFileName_WhenReportNameIsEmpty" />
    </UnitTest>
    <UnitTest name="RightClick_ShouldSetContextMenu_WhenHostIsNotContextMenuAware" storage="d:\actions-runner\_work\xpco\xpco\sc\components\remoteviewer\smartclient\tst\zsmartclient_unittest\bin\x64\debug\net472\zsmartclient_unittest.dll" id="be46907d-a173-13ad-6a6b-f04367a3abb5">
      <TestCategory>
        <TestCategoryItem TestCategory="MapItemMarkerBase" />
      </TestCategory>
      <Execution id="da0ab44a-cd2b-42be-88ef-f8b63277ff3b" />
      <TestMethod codeBase="D:\actions-runner\_work\XPCO\XPCO\SC\Components\RemoteViewer\SmartClient\tst\zSmartClient_UnitTest\bin\x64\Debug\net472\zSmartClient_UnitTest.dll" adapterTypeName="executor://mstestadapter/v2" className="SmartClient_UnitTest.VideoOS.RemoteClient.Plugin.GisMap.ThinkGeoMap.Markers.MapItemMarkerBaseTests" name="RightClick_ShouldSetContextMenu_WhenHostIsNotContextMenuAware" />
    </UnitTest>
    <UnitTest name="Password1 valid, Password 2 valid" storage="d:\actions-runner\_work\xpco\xpco\sc\components\remoteviewer\smartclient\tst\zsmartclient_unittest\bin\x64\debug\net472\zsmartclient_unittest.dll" id="4de4ebe7-83f6-7012-06a9-129e6a434184">
      <TestCategory>
        <TestCategoryItem TestCategory="Export" />
      </TestCategory>
      <Execution id="5f8590a6-1034-49a9-be89-d94e31151c38" />
      <TestMethod codeBase="D:\actions-runner\_work\XPCO\XPCO\SC\Components\RemoteViewer\SmartClient\tst\zSmartClient_UnitTest\bin\x64\Debug\net472\zSmartClient_UnitTest.dll" adapterTypeName="executor://mstestadapter/v2" className="SmartClient_UnitTest.VideoOS.RemoteClient.Plugin.Export.PasswordDialogViewModelTests" name="ArePasswordsValid_ShouldDependOnPassword1AndPassword2" />
    </UnitTest>
    <UnitTest name="ScrollWheelInTileLayout_ScrollDown_DecreasesItemSize" storage="d:\actions-runner\_work\xpco\xpco\sc\components\remoteviewer\smartclient\tst\zsmartclient_unittest\bin\x64\debug\net472\zsmartclient_unittest.dll" id="fb9b27c6-d958-01c3-0bba-3a3e5a814ae8">
      <TestCategory>
        <TestCategoryItem TestCategory="SearchViews" />
      </TestCategory>
      <Execution id="1cb66c40-529b-48cc-b649-eba0bf85f1ab" />
      <TestMethod codeBase="D:\actions-runner\_work\XPCO\XPCO\SC\Components\RemoteViewer\SmartClient\tst\zSmartClient_UnitTest\bin\x64\Debug\net472\zSmartClient_UnitTest.dll" adapterTypeName="executor://mstestadapter/v2" className="SmartClient_UnitTest.VideoOS.RemoteClient.Plugin.CentralizedSearch.Views.SearchResultsViewTests" name="ScrollWheelInTileLayout_ScrollDown_DecreasesItemSize" />
    </UnitTest>
    <UnitTest name="Ctor_WpfMessageBoxButtonIsSetToRemoveCancel_OnlyRemoveCancelButtonsVisible" storage="d:\actions-runner\_work\xpco\xpco\sc\components\remoteviewer\smartclient\tst\zsmartclient_unittest\bin\x64\debug\net472\zsmartclient_unittest.dll" id="07ec7b90-4f80-77d6-d19d-abca75ed0c64">
      <Execution id="fd4d5519-00d4-4c58-b7ac-eb3736214d34" />
      <TestMethod codeBase="D:\actions-runner\_work\XPCO\XPCO\SC\Components\RemoteViewer\SmartClient\tst\zSmartClient_UnitTest\bin\x64\Debug\net472\zSmartClient_UnitTest.dll" adapterTypeName="executor://mstestadapter/v2" className="SmartClient_UnitTest.VideoOS.RemoteClient.Application.UI.Common.MessageBoxWithList.MessageBoxWithListViewModelTests" name="Ctor_WpfMessageBoxButtonIsSetToRemoveCancel_OnlyRemoveCancelButtonsVisible" />
    </UnitTest>
    <UnitTest name="Deserialize_FilterIdInvalid_Error" storage="d:\actions-runner\_work\xpco\xpco\sc\components\remoteviewer\smartclient\tst\zsmartclient_unittest\bin\x64\debug\net472\zsmartclient_unittest.dll" id="126ce091-c6ba-ecff-2f2d-3c69aa56bf21">
      <TestCategory>
        <TestCategoryItem TestCategory="SearchSerialization" />
      </TestCategory>
      <Execution id="4daa0b13-9b53-4075-8eab-0dda5cfb6505" />
      <TestMethod codeBase="D:\actions-runner\_work\XPCO\XPCO\SC\Components\RemoteViewer\SmartClient\tst\zSmartClient_UnitTest\bin\x64\Debug\net472\zSmartClient_UnitTest.dll" adapterTypeName="executor://mstestadapter/v2" className="SmartClient_UnitTest.VideoOS.RemoteClient.Plugin.CentralizedSearch.Models.Serialization.SearchSerializerTests" name="Deserialize_FilterIdInvalid_Error" />
    </UnitTest>
    <UnitTest name="PtzSessionController_Constructor_ArgumentNull_PtzSessionInfoCommunication_Test" storage="d:\actions-runner\_work\xpco\xpco\sc\components\remoteviewer\smartclient\tst\zsmartclient_unittest\bin\x64\debug\net472\zsmartclient_unittest.dll" id="a6e357f5-5043-640f-dc7b-7f6d8536f9c8">
      <Execution id="d9c7d2a0-9067-4cda-b3ad-a5ee77246369" />
      <TestMethod codeBase="D:\actions-runner\_work\XPCO\XPCO\SC\Components\RemoteViewer\SmartClient\tst\zSmartClient_UnitTest\bin\x64\Debug\net472\zSmartClient_UnitTest.dll" adapterTypeName="executor://mstestadapter/v2" className="VideoOS.RemoteClient.Application.Controllers.UnitTest.PtzSessionControllerTest" name="PtzSessionController_Constructor_ArgumentNull_PtzSessionInfoCommunication_Test" />
    </UnitTest>
    <UnitTest name="PtzSessionControllerInfo_TimeChangedTest_Argument_Null_2" storage="d:\actions-runner\_work\xpco\xpco\sc\components\remoteviewer\smartclient\tst\zsmartclient_unittest\bin\x64\debug\net472\zsmartclient_unittest.dll" id="54a7733a-514e-04cf-6d1f-91eeef43fa83">
      <Execution id="bbb7f2bb-1b9a-4f6c-ab4b-93b806f06124" />
      <TestMethod codeBase="D:\actions-runner\_work\XPCO\XPCO\SC\Components\RemoteViewer\SmartClient\tst\zSmartClient_UnitTest\bin\x64\Debug\net472\zSmartClient_UnitTest.dll" adapterTypeName="executor://mstestadapter/v2" className="VideoOS.RemoteClient.Application.Controllers.UnitTest.PtzSessionControllerTest" name="PtzSessionControllerInfo_TimeChangedTest_Argument_Null_2" />
    </UnitTest>
    <UnitTest name="PatrollingStepListViewModel_MoveStepUpCommand" storage="d:\actions-runner\_work\xpco\xpco\sc\components\remoteviewer\smartclient\tst\zsmartclient_unittest\bin\x64\debug\net472\zsmartclient_unittest.dll" id="ed1d90ee-8339-654e-30f1-a3356e61f489">
      <Execution id="d8839ddd-97db-44fb-b0fe-1371fbea4231" />
      <TestMethod codeBase="D:\actions-runner\_work\XPCO\XPCO\SC\Components\RemoteViewer\SmartClient\tst\zSmartClient_UnitTest\bin\x64\Debug\net472\zSmartClient_UnitTest.dll" adapterTypeName="executor://mstestadapter/v2" className="SmartClient_UnitTest.VideoOS.RemoteClient.Application.UI.PtzPreset.PatrollingViewModel.PatrollingStepListViewModelTest" name="PatrollingStepListViewModel_MoveStepUpCommand" />
    </UnitTest>
    <UnitTest name="SearchResultsActionBarActions_EditBookmark_ResultMovedOutOfSearchScope_EditBookmarkInvokedAndSearchStarted" storage="d:\actions-runner\_work\xpco\xpco\sc\components\remoteviewer\smartclient\tst\zsmartclient_unittest\bin\x64\debug\net472\zsmartclient_unittest.dll" id="a0ce8b18-c0e1-b20c-c79e-d473edcc8518">
      <TestCategory>
        <TestCategoryItem TestCategory="SearchResultActionBarViewModel" />
      </TestCategory>
      <Execution id="d9c3322a-0955-4022-b21c-b4550d8c23ba" />
      <TestMethod codeBase="D:\actions-runner\_work\XPCO\XPCO\SC\Components\RemoteViewer\SmartClient\tst\zSmartClient_UnitTest\bin\x64\Debug\net472\zSmartClient_UnitTest.dll" adapterTypeName="executor://mstestadapter/v2" className="SmartClient_UnitTest.VideoOS.RemoteClient.Plugin.CentralizedSearch.ViewModels.SearchResultsActionBarViewModelTest" name="SearchResultsActionBarActions_EditBookmark_ResultMovedOutOfSearchScope_EditBookmarkInvokedAndSearchStarted" />
    </UnitTest>
    <UnitTest name="PtzSessionControllerInfoConstructorTest_From_PtzSessionInfo_Patrolling_User" storage="d:\actions-runner\_work\xpco\xpco\sc\components\remoteviewer\smartclient\tst\zsmartclient_unittest\bin\x64\debug\net472\zsmartclient_unittest.dll" id="073071ee-a9ec-09b5-e762-5a4e8dd50939">
      <Execution id="32d4b39b-2209-4011-ab52-f40adafe8853" />
      <TestMethod codeBase="D:\actions-runner\_work\XPCO\XPCO\SC\Components\RemoteViewer\SmartClient\tst\zSmartClient_UnitTest\bin\x64\Debug\net472\zSmartClient_UnitTest.dll" adapterTypeName="executor://mstestadapter/v2" className="VideoOS.RemoteClient.Application.Controllers.UnitTest.PtzSessionControllerTest" name="PtzSessionControllerInfoConstructorTest_From_PtzSessionInfo_Patrolling_User" />
    </UnitTest>
    <UnitTest name="UpdateSearchTemplateAsync_ThrowPathNotFoundMIPException_Success" storage="d:\actions-runner\_work\xpco\xpco\sc\components\remoteviewer\smartclient\tst\zsmartclient_unittest\bin\x64\debug\net472\zsmartclient_unittest.dll" id="e5b42656-0e77-c732-b59e-14f5dfdd136f">
      <TestCategory>
        <TestCategoryItem TestCategory="SearchTemplatesService" />
      </TestCategory>
      <Execution id="4c05d9f3-ce23-4a73-9c20-20cbdeae82c4" />
      <TestMethod codeBase="D:\actions-runner\_work\XPCO\XPCO\SC\Components\RemoteViewer\SmartClient\tst\zSmartClient_UnitTest\bin\x64\Debug\net472\zSmartClient_UnitTest.dll" adapterTypeName="executor://mstestadapter/v2" className="SmartClient_UnitTest.VideoOS.RemoteClient.Plugin.CentralizedSearch.SearchTemplates.Service.SearchTemplateServiceTests" name="UpdateSearchTemplateAsync_ThrowPathNotFoundMIPException_Success" />
    </UnitTest>
    <UnitTest name="Ctor_NoSearchAgents_Throws" storage="d:\actions-runner\_work\xpco\xpco\sc\components\remoteviewer\smartclient\tst\zsmartclient_unittest\bin\x64\debug\net472\zsmartclient_unittest.dll" id="7f664b57-7413-e68a-c6c0-a58e6b75f164">
      <TestCategory>
        <TestCategoryItem TestCategory="Search" />
      </TestCategory>
      <Execution id="d5fc474f-ca11-4e42-9b20-df079789dd01" />
      <TestMethod codeBase="D:\actions-runner\_work\XPCO\XPCO\SC\Components\RemoteViewer\SmartClient\tst\zSmartClient_UnitTest\bin\x64\Debug\net472\zSmartClient_UnitTest.dll" adapterTypeName="executor://mstestadapter/v2" className="SmartClient_UnitTest.VideoOS.RemoteClient.Plugin.CentralizedSearch.MIPPlugin.CompositeSearchAgentTests" name="Ctor_NoSearchAgents_Throws" />
    </UnitTest>
    <UnitTest name="SearchResultsActionBarActions_ActionResultCreateReport_Success" storage="d:\actions-runner\_work\xpco\xpco\sc\components\remoteviewer\smartclient\tst\zsmartclient_unittest\bin\x64\debug\net472\zsmartclient_unittest.dll" id="f5f2e97a-f5f8-6deb-42be-a32de8760af2">
      <TestCategory>
        <TestCategoryItem TestCategory="SearchResultActionBarViewModel" />
      </TestCategory>
      <Execution id="2a7736b5-9461-4ae0-922a-098b304cf0df" />
      <TestMethod codeBase="D:\actions-runner\_work\XPCO\XPCO\SC\Components\RemoteViewer\SmartClient\tst\zSmartClient_UnitTest\bin\x64\Debug\net472\zSmartClient_UnitTest.dll" adapterTypeName="executor://mstestadapter/v2" className="SmartClient_UnitTest.VideoOS.RemoteClient.Plugin.CentralizedSearch.ViewModels.SearchResultsActionBarViewModelTest" name="SearchResultsActionBarActions_ActionResultCreateReport_Success" />
    </UnitTest>
    <UnitTest name="SetIncludePartialResults_ShouldNotFireEvent_WhenSameValueApplied" storage="d:\actions-runner\_work\xpco\xpco\sc\components\remoteviewer\smartclient\tst\zsmartclient_unittest\bin\x64\debug\net472\zsmartclient_unittest.dll" id="9dd385ef-b7c1-a45d-9dea-e00dc401f11c">
      <TestCategory>
        <TestCategoryItem TestCategory="SearchResultsPreprocessor" />
      </TestCategory>
      <Execution id="99b0b017-98ce-49e5-8728-fdafea220a14" />
      <TestMethod codeBase="D:\actions-runner\_work\XPCO\XPCO\SC\Components\RemoteViewer\SmartClient\tst\zSmartClient_UnitTest\bin\x64\Debug\net472\zSmartClient_UnitTest.dll" adapterTypeName="executor://mstestadapter/v2" className="SmartClient_UnitTest.VideoOS.RemoteClient.Plugin.CentralizedSearch.Models.SearchResultsPreprocessorTests" name="SetIncludePartialResults_ShouldNotFireEvent_WhenSameValueApplied" />
    </UnitTest>
    <UnitTest name="RemoveSelectedCameraCommand_NoCameraSelected_NoChange" storage="d:\actions-runner\_work\xpco\xpco\sc\components\remoteviewer\smartclient\tst\zsmartclient_unittest\bin\x64\debug\net472\zsmartclient_unittest.dll" id="535a6c4c-9d95-551a-92bd-bde3b28a38d2">
      <TestCategory>
        <TestCategoryItem TestCategory="SearchViewModels" />
      </TestCategory>
      <Execution id="e9e33490-14d2-43c3-b562-39d518bb2dca" />
      <TestMethod codeBase="D:\actions-runner\_work\XPCO\XPCO\SC\Components\RemoteViewer\SmartClient\tst\zSmartClient_UnitTest\bin\x64\Debug\net472\zSmartClient_UnitTest.dll" adapterTypeName="executor://mstestadapter/v2" className="SmartClient_UnitTest.VideoOS.RemoteClient.Plugin.CentralizedSearch.ViewModels.SearchViewModelTests" name="RemoveSelectedCameraCommand_NoCameraSelected_NoChange" />
    </UnitTest>
    <UnitTest name="Map_Layers_AddRangeDirectly_Fail" storage="d:\actions-runner\_work\xpco\xpco\sc\components\remoteviewer\smartclient\tst\zsmartclient_unittest\bin\x64\debug\net472\zsmartclient_unittest.dll" id="3377fc03-ebfb-5203-3a6a-1a517b97bfcd">
      <TestCategory>
        <TestCategoryItem TestCategory="GisMapLayers" />
      </TestCategory>
      <Execution id="511fac5d-c94b-407f-81ed-ea50bbb8c1af" />
      <TestMethod codeBase="D:\actions-runner\_work\XPCO\XPCO\SC\Components\RemoteViewer\SmartClient\tst\zSmartClient_UnitTest\bin\x64\Debug\net472\zSmartClient_UnitTest.dll" adapterTypeName="executor://mstestadapter/v2" className="SmartClient_UnitTest.VideoOS.RemoteClient.GisMapData.GisMapLayerTests" name="Map_Layers_AddRangeDirectly_Fail" />
    </UnitTest>
    <UnitTest name="TestTaskCreation" storage="d:\actions-runner\_work\xpco\xpco\sc\components\remoteviewer\smartclient\tst\zsmartclient_unittest\bin\x64\debug\net472\zsmartclient_unittest.dll" id="0a4bd700-62ec-92c2-9d2a-4cd013e53bcb">
      <Execution id="9d4eef67-38cc-4202-98b9-ac9aa4482caa" />
      <TestMethod codeBase="D:\actions-runner\_work\XPCO\XPCO\SC\Components\RemoteViewer\SmartClient\tst\zSmartClient_UnitTest\bin\x64\Debug\net472\zSmartClient_UnitTest.dll" adapterTypeName="executor://mstestadapter/v2" className="SmartClient_UnitTest.VideoOS.RemoteClient.Application.Managers.EdgeRetrievalTaskManagerUnitTest" name="TestTaskCreation" />
    </UnitTest>
    <UnitTest name="SearchCriteriaOnChanged_ShouldUpdateRegionSelectionFilterValue_WhenCameraScopeIsUpdated" storage="d:\actions-runner\_work\xpco\xpco\sc\components\remoteviewer\smartclient\tst\zsmartclient_unittest\bin\x64\debug\net472\zsmartclient_unittest.dll" id="a2d013ca-7402-4f94-4ab9-860cc766f7d2">
      <TestCategory>
        <TestCategoryItem TestCategory="Search.Wrappers" />
      </TestCategory>
      <Execution id="40e02788-2b79-434c-97bc-d5e77a743139" />
      <TestMethod codeBase="D:\actions-runner\_work\XPCO\XPCO\SC\Components\RemoteViewer\SmartClient\tst\zSmartClient_UnitTest\bin\x64\Debug\net472\zSmartClient_UnitTest.dll" adapterTypeName="executor://mstestadapter/v2" className="SmartClient_UnitTest.VideoOS.RemoteClient.Plugin.CentralizedSearch.Models.Wrappers.SearchDefinitionWrapperTests" name="SearchCriteriaOnChanged_ShouldUpdateRegionSelectionFilterValue_WhenCameraScopeIsUpdated" />
    </UnitTest>
    <UnitTest name="ChangeSorting_WithFocusItem_Success" storage="d:\actions-runner\_work\xpco\xpco\sc\components\remoteviewer\smartclient\tst\zsmartclient_unittest\bin\x64\debug\net472\zsmartclient_unittest.dll" id="1e94fe66-ebdd-242f-d52f-6bae60dddc8c">
      <TestCategory>
        <TestCategoryItem TestCategory="SearchViewModels" />
      </TestCategory>
      <Execution id="b153bcfb-8412-4685-aa66-30adfe846011" />
      <TestMethod codeBase="D:\actions-runner\_work\XPCO\XPCO\SC\Components\RemoteViewer\SmartClient\tst\zSmartClient_UnitTest\bin\x64\Debug\net472\zSmartClient_UnitTest.dll" adapterTypeName="executor://mstestadapter/v2" className="SmartClient_UnitTest.VideoOS.RemoteClient.Plugin.CentralizedSearch.ViewModels.SearchViewModelTests" name="ChangeSorting_WithFocusItem_Success" />
    </UnitTest>
    <UnitTest name="LoadStateFrom_OrderResultsBy_RelevanceNotAllowed_ShouldChangeToNewestTriggerTime" storage="d:\actions-runner\_work\xpco\xpco\sc\components\remoteviewer\smartclient\tst\zsmartclient_unittest\bin\x64\debug\net472\zsmartclient_unittest.dll" id="aad983c5-8e27-f320-9ef1-f25fd06b1fff">
      <TestCategory>
        <TestCategoryItem TestCategory="SearchResultViewModels" />
      </TestCategory>
      <Execution id="7d6c053c-b78d-49a4-9f83-8f9fb9a8f4ea" />
      <TestMethod codeBase="D:\actions-runner\_work\XPCO\XPCO\SC\Components\RemoteViewer\SmartClient\tst\zSmartClient_UnitTest\bin\x64\Debug\net472\zSmartClient_UnitTest.dll" adapterTypeName="executor://mstestadapter/v2" className="SmartClient_UnitTest.VideoOS.RemoteClient.Plugin.CentralizedSearch.ViewModels.SearchResultsViewModelTest" name="LoadStateFrom_OrderResultsBy_RelevanceNotAllowed_ShouldChangeToNewestTriggerTime" />
    </UnitTest>
    <UnitTest name="PtzSessionControllerInfo_ReservedChangedTest_NoChange" storage="d:\actions-runner\_work\xpco\xpco\sc\components\remoteviewer\smartclient\tst\zsmartclient_unittest\bin\x64\debug\net472\zsmartclient_unittest.dll" id="f701d271-970d-88b5-079f-6601babfed26">
      <Execution id="9c0f766d-8156-4e54-b27b-5eb80026682e" />
      <TestMethod codeBase="D:\actions-runner\_work\XPCO\XPCO\SC\Components\RemoteViewer\SmartClient\tst\zSmartClient_UnitTest\bin\x64\Debug\net472\zSmartClient_UnitTest.dll" adapterTypeName="executor://mstestadapter/v2" className="VideoOS.RemoteClient.Application.Controllers.UnitTest.PtzSessionControllerTest" name="PtzSessionControllerInfo_ReservedChangedTest_NoChange" />
    </UnitTest>
    <UnitTest name="MicrophoneItemsMapLayer_Load_Save_DataIsSame" storage="d:\actions-runner\_work\xpco\xpco\sc\components\remoteviewer\smartclient\tst\zsmartclient_unittest\bin\x64\debug\net472\zsmartclient_unittest.dll" id="58078e76-fc8c-090d-f603-a4db3d83abcc">
      <TestCategory>
        <TestCategoryItem TestCategory="GisMapLayer" />
      </TestCategory>
      <Execution id="622d8576-0973-48b7-95a2-d50aff54612d" />
      <TestMethod codeBase="D:\actions-runner\_work\XPCO\XPCO\SC\Components\RemoteViewer\SmartClient\tst\zSmartClient_UnitTest\bin\x64\Debug\net472\zSmartClient_UnitTest.dll" adapterTypeName="executor://mstestadapter/v2" className="SmartClient_UnitTest.VideoOS.RemoteClient.GisMap.MapLayers.GisMapLayerTests" name="MicrophoneItemsMapLayer_Load_Save_DataIsSame" />
    </UnitTest>
    <UnitTest name="UpdateScope_NoChanges_ReturnsFalse" storage="d:\actions-runner\_work\xpco\xpco\sc\components\remoteviewer\smartclient\tst\zsmartclient_unittest\bin\x64\debug\net472\zsmartclient_unittest.dll" id="8d0f5bca-e5ea-0fcc-cf70-4bf5237286c3">
      <TestCategory>
        <TestCategoryItem TestCategory="SearchModels" />
      </TestCategory>
      <Execution id="8973f247-7198-4551-a56f-d1a3a3f31c92" />
      <TestMethod codeBase="D:\actions-runner\_work\XPCO\XPCO\SC\Components\RemoteViewer\SmartClient\tst\zSmartClient_UnitTest\bin\x64\Debug\net472\zSmartClient_UnitTest.dll" adapterTypeName="executor://mstestadapter/v2" className="SmartClient_UnitTest.VideoOS.RemoteClient.Plugin.CentralizedSearch.Models.SearchScopeTests" name="UpdateScope_NoChanges_ReturnsFalse" />
    </UnitTest>
    <UnitTest name="Decorate_ShouldNotAddChildren_WhenThereIsCameraLayerButNotViewZoneLayer" storage="d:\actions-runner\_work\xpco\xpco\sc\components\remoteviewer\smartclient\tst\zsmartclient_unittest\bin\x64\debug\net472\zsmartclient_unittest.dll" id="369c6e4e-5e84-29f7-23b9-0a90869fcac4">
      <TestCategory>
        <TestCategoryItem TestCategory="GisMap.LayerVisibilityItemDataChildrenViewZoneDecoratorTests" />
      </TestCategory>
      <Execution id="724980de-48a3-43bf-8ada-bec9ee21c841" />
      <TestMethod codeBase="D:\actions-runner\_work\XPCO\XPCO\SC\Components\RemoteViewer\SmartClient\tst\zSmartClient_UnitTest\bin\x64\Debug\net472\zSmartClient_UnitTest.dll" adapterTypeName="executor://mstestadapter/v2" className="SmartClient_UnitTest.VideoOS.RemoteClient.Plugin.GisMap.ViewModels.LayersVisibility.Decorators.LayerVisibilityItemDataChildrenViewZoneDecoratorTests" name="Decorate_ShouldNotAddChildren_WhenThereIsCameraLayerButNotViewZoneLayer" />
    </UnitTest>
    <UnitTest name="GetWorkspaceToolbarItems_ShouldReturnNormalToolbarItemDisabledSetupToolbarItemEnabled_WhenWorkspaceStateIsSetup" storage="d:\actions-runner\_work\xpco\xpco\sc\components\remoteviewer\smartclient\tst\zsmartclient_unittest\bin\x64\debug\net472\zsmartclient_unittest.dll" id="c2f67433-8910-98a5-d9a8-3181ecfa6a6e">
      <TestCategory>
        <TestCategoryItem TestCategory="WorkspaceToolbar" />
      </TestCategory>
      <Execution id="ce64a6ee-87bd-48df-b5c4-436288e790db" />
      <TestMethod codeBase="D:\actions-runner\_work\XPCO\XPCO\SC\Components\RemoteViewer\SmartClient\tst\zSmartClient_UnitTest\bin\x64\Debug\net472\zSmartClient_UnitTest.dll" adapterTypeName="executor://mstestadapter/v2" className="SmartClient_UnitTest.VideoOS.RemoteClient.Application.UI.Content.WorkspaceToolbar.MIPWorkspaceToolbarItemManagerTests" name="GetWorkspaceToolbarItems_ShouldReturnNormalToolbarItemDisabledSetupToolbarItemEnabled_WhenWorkspaceStateIsSetup" />
    </UnitTest>
    <UnitTest name="BookmarkSearchTime_WithSearchStringInDifferentCases_ReturnCorrectBookmarkWithSearchStringInDescription (SeArChStRiNg,False,True,True,True,,,1)" storage="d:\actions-runner\_work\xpco\xpco\sc\components\remoteviewer\smartclient\tst\zsmartclient_unittest\bin\x64\debug\net472\zsmartclient_unittest.dll" id="58207370-d2d3-1d5b-355d-7ed4a3b1c8b1">
      <Execution id="ab130fad-078c-4975-afd4-dcd7f4381ecd" />
      <TestMethod codeBase="D:\actions-runner\_work\XPCO\XPCO\SC\Components\RemoteViewer\SmartClient\tst\zSmartClient_UnitTest\bin\x64\Debug\net472\zSmartClient_UnitTest.dll" adapterTypeName="executor://mstestadapter/v2" className="SmartClient_UnitTest.VideoOS.RemoteClient.Application.Data.Offline.UnitTest.BookmarkExportReaderTest" name="BookmarkSearchTime_WithSearchStringInDifferentCases_ReturnCorrectBookmarkWithSearchStringInDescription" />
    </UnitTest>
    <UnitTest name="AddToSearchButtonEnabledState_AllScenarios_Success" storage="d:\actions-runner\_work\xpco\xpco\sc\components\remoteviewer\smartclient\tst\zsmartclient_unittest\bin\x64\debug\net472\zsmartclient_unittest.dll" id="9dce6ef1-0bfb-ffc5-b0e0-e06717bb70cf">
      <TestCategory>
        <TestCategoryItem TestCategory="SearchControls" />
      </TestCategory>
      <Execution id="52eadd31-ef67-433c-98ee-bb60d0b2d3d2" />
      <TestMethod codeBase="D:\actions-runner\_work\XPCO\XPCO\SC\Components\RemoteViewer\SmartClient\tst\zSmartClient_UnitTest\bin\x64\Debug\net472\zSmartClient_UnitTest.dll" adapterTypeName="executor://mstestadapter/v2" className="SmartClient_UnitTest.VideoOS.RemoteClient.Plugin.CentralizedSearch.Views.Controls.SearchCategorySelect.SelectSearchCategoryLayoutTests" name="AddToSearchButtonEnabledState_AllScenarios_Success" />
    </UnitTest>
    <UnitTest name="BuildContentOptions_ShouldReturnInternalTab (00000000-0000-0000-0000-000000000000,False)" storage="d:\actions-runner\_work\xpco\xpco\sc\components\remoteviewer\smartclient\tst\zsmartclient_unittest\bin\x64\debug\net472\zsmartclient_unittest.dll" id="95de192a-ea76-d295-f88b-c527532da98d">
      <Execution id="41bd4deb-57ab-4839-81f1-092035270129" />
      <TestMethod codeBase="D:\actions-runner\_work\XPCO\XPCO\SC\Components\RemoteViewer\SmartClient\tst\zSmartClient_UnitTest\bin\x64\Debug\net472\zSmartClient_UnitTest.dll" adapterTypeName="executor://mstestadapter/v2" className="SmartClient_UnitTest.VideoOS.RemoteClient.Application.Common.Telemetry.TelemetryBuilderTests" name="BuildContentOptions_ShouldReturnInternalTab" />
    </UnitTest>
    <UnitTest name="GetViewGroups" storage="d:\actions-runner\_work\xpco\xpco\sc\components\remoteviewer\smartclient\tst\zsmartclient_unittest\bin\x64\debug\net472\zsmartclient_unittest.dll" id="15f7fdde-30c5-c5bb-c91a-0ce0590214e2">
      <Execution id="911f77b2-286d-494d-8ff8-3b0102d69ae5" />
      <TestMethod codeBase="D:\actions-runner\_work\XPCO\XPCO\SC\Components\RemoteViewer\SmartClient\tst\zSmartClient_UnitTest\bin\x64\Debug\net472\zSmartClient_UnitTest.dll" adapterTypeName="executor://mstestadapter/v2" className="SmartClient_UnitTest.VideoOS.Shared.ViewGroupSerializationControllerTests" name="GetViewGroups" />
    </UnitTest>
    <UnitTest name="GetResultGroups_ShouldReturnOnlyCombinedGroup_WhenAllResultsAreCombined" storage="d:\actions-runner\_work\xpco\xpco\sc\components\remoteviewer\smartclient\tst\zsmartclient_unittest\bin\x64\debug\net472\zsmartclient_unittest.dll" id="7cda1263-ac69-512e-7ac9-aa77b99959cd">
      <TestCategory>
        <TestCategoryItem TestCategory="SearchResultActionBarViewModel" />
      </TestCategory>
      <Execution id="7c81c70a-38ae-423f-8c2f-e3a2dc1c9fb5" />
      <TestMethod codeBase="D:\actions-runner\_work\XPCO\XPCO\SC\Components\RemoteViewer\SmartClient\tst\zSmartClient_UnitTest\bin\x64\Debug\net472\zSmartClient_UnitTest.dll" adapterTypeName="executor://mstestadapter/v2" className="SmartClient_UnitTest.VideoOS.RemoteClient.Plugin.CentralizedSearch.ViewModels.SearchResultsActionBarViewModelTest" name="GetResultGroups_ShouldReturnOnlyCombinedGroup_WhenAllResultsAreCombined" />
    </UnitTest>
    <UnitTest name="ToDenormalizedFieldOfView_GreaterThan1_0_Failure" storage="d:\actions-runner\_work\xpco\xpco\sc\components\remoteviewer\smartclient\tst\zsmartclient_unittest\bin\x64\debug\net472\zsmartclient_unittest.dll" id="68a0cb09-28c6-2900-d9b8-f1de6e183f62">
      <TestCategory>
        <TestCategoryItem TestCategory="GisMap" />
      </TestCategory>
      <Execution id="b5fc8996-7e94-44dc-8cbb-c73fce605382" />
      <TestMethod codeBase="D:\actions-runner\_work\XPCO\XPCO\SC\Components\RemoteViewer\SmartClient\tst\zSmartClient_UnitTest\bin\x64\Debug\net472\zSmartClient_UnitTest.dll" adapterTypeName="executor://mstestadapter/v2" className="SmartClient_UnitTest.VideoOS.RemoteClient.GisMap.Utilities.GisUtilityTests" name="ToDenormalizedFieldOfView_GreaterThan1_0_Failure" />
    </UnitTest>
    <UnitTest name="OutputIconStates_ShouldReturnOutputIconStatesInAProperOrder_WhenCalled" storage="d:\actions-runner\_work\xpco\xpco\sc\components\remoteviewer\smartclient\tst\zsmartclient_unittest\bin\x64\debug\net472\zsmartclient_unittest.dll" id="3b017c71-375f-442c-f7b3-12802f145c64">
      <TestCategory>
        <TestCategoryItem TestCategory="GisMapData.OutputOemResourcesProviderTests" />
      </TestCategory>
      <Execution id="ad82ffc0-0242-4ec1-b94b-692b36c9dd5c" />
      <TestMethod codeBase="D:\actions-runner\_work\XPCO\XPCO\SC\Components\RemoteViewer\SmartClient\tst\zSmartClient_UnitTest\bin\x64\Debug\net472\zSmartClient_UnitTest.dll" adapterTypeName="executor://mstestadapter/v2" className="SmartClient_UnitTest.VideoOS.RemoteClient.GisMapData.Resources.OutputOemResourcesProviderTests" name="OutputIconStates_ShouldReturnOutputIconStatesInAProperOrder_WhenCalled" />
    </UnitTest>
    <UnitTest name="CameraSearch_ShouldBeRenewed_WhenSystemInformationChanges" storage="d:\actions-runner\_work\xpco\xpco\sc\components\remoteviewer\smartclient\tst\zsmartclient_unittest\bin\x64\debug\net472\zsmartclient_unittest.dll" id="597f2f58-81bb-4d82-b5c8-d8c0619f1925">
      <TestCategory>
        <TestCategoryItem TestCategory="SearchViewModels" />
      </TestCategory>
      <Execution id="00d32914-d903-4524-ac2c-052b99f7f600" />
      <TestMethod codeBase="D:\actions-runner\_work\XPCO\XPCO\SC\Components\RemoteViewer\SmartClient\tst\zSmartClient_UnitTest\bin\x64\Debug\net472\zSmartClient_UnitTest.dll" adapterTypeName="executor://mstestadapter/v2" className="SmartClient_UnitTest.VideoOS.RemoteClient.Plugin.CentralizedSearch.ViewModels.SearchViewModelTests" name="CameraSearch_ShouldBeRenewed_WhenSystemInformationChanges" />
    </UnitTest>
    <UnitTest name="IconValueConverter_ConvertInvalidIconSource_Null" storage="d:\actions-runner\_work\xpco\xpco\sc\components\remoteviewer\smartclient\tst\zsmartclient_unittest\bin\x64\debug\net472\zsmartclient_unittest.dll" id="dc138ee9-21ff-a5b7-13f9-f62a771c926b">
      <TestCategory>
        <TestCategoryItem TestCategory="SearchConverter" />
      </TestCategory>
      <Execution id="5c5340bd-3160-45e8-bc23-685df8674897" />
      <TestMethod codeBase="D:\actions-runner\_work\XPCO\XPCO\SC\Components\RemoteViewer\SmartClient\tst\zSmartClient_UnitTest\bin\x64\Debug\net472\zSmartClient_UnitTest.dll" adapterTypeName="executor://mstestadapter/v2" className="SmartClient_UnitTest.VideoOS.RemoteClient.Plugin.CentralizedSearch.Views.Converters.IconValueConverterTests" name="IconValueConverter_ConvertInvalidIconSource_Null" />
    </UnitTest>
    <UnitTest name="ClipLength_ValueCorrect" storage="d:\actions-runner\_work\xpco\xpco\sc\components\remoteviewer\smartclient\tst\zsmartclient_unittest\bin\x64\debug\net472\zsmartclient_unittest.dll" id="406cee59-f4cd-7984-c0a3-27cb754058dc">
      <Execution id="a4012e0f-8f65-465e-94bb-fcd39d6ff367" />
      <TestMethod codeBase="D:\actions-runner\_work\XPCO\XPCO\SC\Components\RemoteViewer\SmartClient\tst\zSmartClient_UnitTest\bin\x64\Debug\net472\zSmartClient_UnitTest.dll" adapterTypeName="executor://mstestadapter/v2" className="SmartClient_UnitTest.VideoOS.RemoteClient.Plugin.CentralizedSearch.MIPPlugin.Results.VideoSearchResultUserControlTests" name="ClipLength_ValueCorrect" />
    </UnitTest>
    <UnitTest name="RemoveItems_ThreeMapItems_ThreeClusterChanges" storage="d:\actions-runner\_work\xpco\xpco\sc\components\remoteviewer\smartclient\tst\zsmartclient_unittest\bin\x64\debug\net472\zsmartclient_unittest.dll" id="ebac5c23-cf94-d057-1e07-261b56c40f5f">
      <TestCategory>
        <TestCategoryItem TestCategory="GisMapIndex" />
      </TestCategory>
      <Execution id="27b2458a-28bd-4a12-9ff2-d3f9ba793681" />
      <TestMethod codeBase="D:\actions-runner\_work\XPCO\XPCO\SC\Components\RemoteViewer\SmartClient\tst\zSmartClient_UnitTest\bin\x64\Debug\net472\zSmartClient_UnitTest.dll" adapterTypeName="executor://mstestadapter/v2" className="SmartClient_UnitTest.VideoOS.RemoteClient.GisMapData.Common.Indexer.MapItemIndexerTests" name="RemoveItems_ThreeMapItems_ThreeClusterChanges" />
    </UnitTest>
    <UnitTest name="PtzPresetsMenuViewModelConstructorTest" storage="d:\actions-runner\_work\xpco\xpco\sc\components\remoteviewer\smartclient\tst\zsmartclient_unittest\bin\x64\debug\net472\zsmartclient_unittest.dll" id="d710cb6b-c383-23e9-04a7-380523480bf6">
      <Execution id="b997473a-a5fb-4eaf-afd3-028b5fd385f0" />
      <TestMethod codeBase="D:\actions-runner\_work\XPCO\XPCO\SC\Components\RemoteViewer\SmartClient\tst\zSmartClient_UnitTest\bin\x64\Debug\net472\zSmartClient_UnitTest.dll" adapterTypeName="executor://mstestadapter/v2" className="SmartClient_UnitTest.VideoOS.RemoteClient.Plugin.Map.WPFObjects.PtzInfoViewModelUnitTest" name="PtzPresetsMenuViewModelConstructorTest" />
    </UnitTest>
    <UnitTest name="SearchTemplatesEnabled_SaveSearchesServerOptionIsFalse_ReturnsFalse" storage="d:\actions-runner\_work\xpco\xpco\sc\components\remoteviewer\smartclient\tst\zsmartclient_unittest\bin\x64\debug\net472\zsmartclient_unittest.dll" id="faf9bd45-1e34-2d61-de4a-11b39437c102">
      <TestCategory>
        <TestCategoryItem TestCategory="SearchViewModels" />
      </TestCategory>
      <Execution id="64a961a0-cf51-4e9c-9ec3-a61c2b3df02b" />
      <TestMethod codeBase="D:\actions-runner\_work\XPCO\XPCO\SC\Components\RemoteViewer\SmartClient\tst\zSmartClient_UnitTest\bin\x64\Debug\net472\zSmartClient_UnitTest.dll" adapterTypeName="executor://mstestadapter/v2" className="SmartClient_UnitTest.VideoOS.RemoteClient.Plugin.CentralizedSearch.ViewModels.SearchViewModelTests" name="SearchTemplatesEnabled_SaveSearchesServerOptionIsFalse_ReturnsFalse" />
    </UnitTest>
    <UnitTest name="RemoveDefinition_WithRunningSearch_SearchCancelledAndResultsCleared" storage="d:\actions-runner\_work\xpco\xpco\sc\components\remoteviewer\smartclient\tst\zsmartclient_unittest\bin\x64\debug\net472\zsmartclient_unittest.dll" id="90f737d2-bf89-5d2f-b28c-8cecebbed027">
      <TestCategory>
        <TestCategoryItem TestCategory="SearchModels" />
      </TestCategory>
      <Execution id="74ca4eac-7a14-4ad2-9a36-63969779bc60" />
      <TestMethod codeBase="D:\actions-runner\_work\XPCO\XPCO\SC\Components\RemoteViewer\SmartClient\tst\zSmartClient_UnitTest\bin\x64\Debug\net472\zSmartClient_UnitTest.dll" adapterTypeName="executor://mstestadapter/v2" className="SmartClient_UnitTest.VideoOS.RemoteClient.Plugin.CentralizedSearch.Models.SearchModelTests" name="RemoveDefinition_WithRunningSearch_SearchCancelledAndResultsCleared" />
    </UnitTest>
    <UnitTest name="IncludeViewItemToggledEvent_ShouldRemoveViewItemFromIncludedViewItems_WhenIncludedIsFalseOnContentHolderControl" storage="d:\actions-runner\_work\xpco\xpco\sc\components\remoteviewer\smartclient\tst\zsmartclient_unittest\bin\x64\debug\net472\zsmartclient_unittest.dll" id="add54532-7e20-f473-1fef-d0865cc9a84b">
      <TestCategory>
        <TestCategoryItem TestCategory="ContentHolder" />
      </TestCategory>
      <Execution id="1a7b7288-63fc-4ff8-993b-ab208ef7946f" />
      <TestMethod codeBase="D:\actions-runner\_work\XPCO\XPCO\SC\Components\RemoteViewer\SmartClient\tst\zSmartClient_UnitTest\bin\x64\Debug\net472\zSmartClient_UnitTest.dll" adapterTypeName="executor://mstestadapter/v2" className="SmartClient_UnitTest.VideoOS.RemoteClient.Application.Data.ContentTypes.ContentTypeBase.ContentHolderBaseTests" name="IncludeViewItemToggledEvent_ShouldRemoveViewItemFromIncludedViewItems_WhenIncludedIsFalseOnContentHolderControl" />
    </UnitTest>
    <UnitTest name="Constructor_ShouldRaiseArgumentNullException_WhenWorkroomIsNull" storage="d:\actions-runner\_work\xpco\xpco\sc\components\remoteviewer\smartclient\tst\zsmartclient_unittest\bin\x64\debug\net472\zsmartclient_unittest.dll" id="8ac6bfd4-1fa8-6445-4d9e-b8a25f795922">
      <TestCategory>
        <TestCategoryItem TestCategory="GisMap.DeviceSelectorWindowViewModel" />
      </TestCategory>
      <Execution id="70f14e1f-c555-4986-8d0f-2e9a10641f36" />
      <TestMethod codeBase="D:\actions-runner\_work\XPCO\XPCO\SC\Components\RemoteViewer\SmartClient\tst\zSmartClient_UnitTest\bin\x64\Debug\net472\zSmartClient_UnitTest.dll" adapterTypeName="executor://mstestadapter/v2" className="SmartClient_UnitTest.VideoOS.RemoteClient.Plugin.GisMap.ViewModels.DeviceSelectorWindowViewModelTests" name="Constructor_ShouldRaiseArgumentNullException_WhenWorkroomIsNull" />
    </UnitTest>
    <UnitTest name="GetServerTypes_ShouldReturnEventServerType" storage="d:\actions-runner\_work\xpco\xpco\sc\components\remoteviewer\smartclient\tst\zsmartclient_unittest\bin\x64\debug\net472\zsmartclient_unittest.dll" id="f7818ee3-e956-b295-d253-9fdf096ceee7">
      <Execution id="1a3bf059-e30c-40c5-b011-83f0035f35b6" />
      <TestMethod codeBase="D:\actions-runner\_work\XPCO\XPCO\SC\Components\RemoteViewer\SmartClient\tst\zSmartClient_UnitTest\bin\x64\Debug\net472\zSmartClient_UnitTest.dll" adapterTypeName="executor://mstestadapter/v2" className="SmartClient_UnitTest.VideoOS.RemoteClient.Application.Data.ContentTypes.ReportingContentType.DashboardExtentionsTest" name="GetServerTypes_ShouldReturnEventServerType" />
    </UnitTest>
    <UnitTest name="PatrollingProfileListViewModel_Save_CreateProfile_Failed" storage="d:\actions-runner\_work\xpco\xpco\sc\components\remoteviewer\smartclient\tst\zsmartclient_unittest\bin\x64\debug\net472\zsmartclient_unittest.dll" id="199e5799-986d-710e-fa92-973a198651af">
      <Execution id="5924d36a-7ffe-4217-bcde-c10714eb03ca" />
      <TestMethod codeBase="D:\actions-runner\_work\XPCO\XPCO\SC\Components\RemoteViewer\SmartClient\tst\zSmartClient_UnitTest\bin\x64\Debug\net472\zSmartClient_UnitTest.dll" adapterTypeName="executor://mstestadapter/v2" className="SmartClient_UnitTest.VideoOS.RemoteClient.Application.UI.PtzPreset.PatrollingViewModel.PatrollingProfileListViewModelTest" name="PatrollingProfileListViewModel_Save_CreateProfile_Failed" />
    </UnitTest>
    <UnitTest name="Remove_ShouldRemoveViewItemFromIncludedViewItemsForSelectedView" storage="d:\actions-runner\_work\xpco\xpco\sc\components\remoteviewer\smartclient\tst\zsmartclient_unittest\bin\x64\debug\net472\zsmartclient_unittest.dll" id="787ee61a-eea4-f68b-10a6-56765d45d4e8">
      <TestCategory>
        <TestCategoryItem TestCategory="ApplicationController" />
      </TestCategory>
      <Execution id="349f6d0b-84b7-41a8-a58d-1369894e1283" />
      <TestMethod codeBase="D:\actions-runner\_work\XPCO\XPCO\SC\Components\RemoteViewer\SmartClient\tst\zSmartClient_UnitTest\bin\x64\Debug\net472\zSmartClient_UnitTest.dll" adapterTypeName="executor://mstestadapter/v2" className="VideoOS.RemoteClient.Application.Controllers.UnitTest.IncludedViewItemsTest" name="Remove_ShouldRemoveViewItemFromIncludedViewItemsForSelectedView" />
    </UnitTest>
    <UnitTest name="OnLayersRetrieved_ShouldSetComponentsOrdered_WhenLayersCollectionContainsCameraAndInputAndOutput" storage="d:\actions-runner\_work\xpco\xpco\sc\components\remoteviewer\smartclient\tst\zsmartclient_unittest\bin\x64\debug\net472\zsmartclient_unittest.dll" id="18369d63-550f-80cc-1769-12a3b1196b7b">
      <TestCategory>
        <TestCategoryItem TestCategory="GisMap.DeviceSelectorWindowViewModel" />
      </TestCategory>
      <Execution id="5861e63e-4d83-4d22-9992-dbc1093ad4d8" />
      <TestMethod codeBase="D:\actions-runner\_work\XPCO\XPCO\SC\Components\RemoteViewer\SmartClient\tst\zSmartClient_UnitTest\bin\x64\Debug\net472\zSmartClient_UnitTest.dll" adapterTypeName="executor://mstestadapter/v2" className="SmartClient_UnitTest.VideoOS.RemoteClient.Plugin.GisMap.ViewModels.DeviceSelectorWindowViewModelTests" name="OnLayersRetrieved_ShouldSetComponentsOrdered_WhenLayersCollectionContainsCameraAndInputAndOutput" />
    </UnitTest>
    <UnitTest name="IsServer_ShouldReturnTrue_WhenAllServersSelected" storage="d:\actions-runner\_work\xpco\xpco\sc\components\remoteviewer\smartclient\tst\zsmartclient_unittest\bin\x64\debug\net472\zsmartclient_unittest.dll" id="a890ab18-0d5c-e9a7-db4d-696ea60071f9">
      <Execution id="a9a08107-a702-42cf-a871-dc8a2f5bc147" />
      <TestMethod codeBase="D:\actions-runner\_work\XPCO\XPCO\SC\Components\RemoteViewer\SmartClient\tst\zSmartClient_UnitTest\bin\x64\Debug\net472\zSmartClient_UnitTest.dll" adapterTypeName="executor://mstestadapter/v2" className="SmartClient_UnitTest.VideoOS.RemoteClient.Application.Data.ContentTypes.ReportingContentType.DashboardExtentionsTest" name="IsServer_ShouldReturnTrue_WhenAllServersSelected" />
    </UnitTest>
    <UnitTest name="DrawItems_200KResultItems_Success" storage="d:\actions-runner\_work\xpco\xpco\sc\components\remoteviewer\smartclient\tst\zsmartclient_unittest\bin\x64\debug\net472\zsmartclient_unittest.dll" id="d2bdec8a-ca9e-7ce3-8f9b-b4cc3a8ec042">
      <TestCategory>
        <TestCategoryItem TestCategory="SearchControls" />
        <TestCategoryItem TestCategory="TestRunOnClient" />
      </TestCategory>
      <Execution id="e37f7d93-aeca-43c8-8578-e86a2442ecde" />
      <TestMethod codeBase="D:\actions-runner\_work\XPCO\XPCO\SC\Components\RemoteViewer\SmartClient\tst\zSmartClient_UnitTest\bin\x64\Debug\net472\zSmartClient_UnitTest.dll" adapterTypeName="executor://mstestadapter/v2" className="SmartClient_UnitTest.VideoOS.RemoteClient.Plugin.CentralizedSearch.Views.Controls.TimelineRuler.TimelineRulerControlTests" name="DrawItems_200KResultItems_Success" />
    </UnitTest>
    <UnitTest name="OnLayersRetrieved_ShouldSetComponentsOrdered_WhenLayersCollectionContainsInputAndOutputAndCamera" storage="d:\actions-runner\_work\xpco\xpco\sc\components\remoteviewer\smartclient\tst\zsmartclient_unittest\bin\x64\debug\net472\zsmartclient_unittest.dll" id="3d7ba390-9a7b-bdaa-74a4-97118816f256">
      <TestCategory>
        <TestCategoryItem TestCategory="GisMap.DeviceSelectorWindowViewModel" />
      </TestCategory>
      <Execution id="2c768c13-b28f-422b-9814-0d9294715137" />
      <TestMethod codeBase="D:\actions-runner\_work\XPCO\XPCO\SC\Components\RemoteViewer\SmartClient\tst\zSmartClient_UnitTest\bin\x64\Debug\net472\zSmartClient_UnitTest.dll" adapterTypeName="executor://mstestadapter/v2" className="SmartClient_UnitTest.VideoOS.RemoteClient.Plugin.GisMap.ViewModels.DeviceSelectorWindowViewModelTests" name="OnLayersRetrieved_ShouldSetComponentsOrdered_WhenLayersCollectionContainsInputAndOutputAndCamera" />
    </UnitTest>
    <UnitTest name="Domain_ShouldThrow_InvalidOperationException_WhenConstructedUsingExternal" storage="d:\actions-runner\_work\xpco\xpco\sc\components\remoteviewer\smartclient\tst\zsmartclient_unittest\bin\x64\debug\net472\zsmartclient_unittest.dll" id="37275f45-b603-68a0-1bd8-9697e06c83fc">
      <TestCategory>
        <TestCategoryItem TestCategory="Authentication.ClientCredentials" />
      </TestCategory>
      <Execution id="8665d34e-c602-4b64-992d-aec14a0551e8" />
      <TestMethod codeBase="D:\actions-runner\_work\XPCO\XPCO\SC\Components\RemoteViewer\SmartClient\tst\zSmartClient_UnitTest\bin\x64\Debug\net472\zSmartClient_UnitTest.dll" adapterTypeName="executor://mstestadapter/v2" className="SmartClient_UnitTest.VideoOS.Shared.ServerAPI.ClientCredentialsTest" name="Domain_ShouldThrow_InvalidOperationException_WhenConstructedUsingExternal" />
    </UnitTest>
    <UnitTest name="OnLayersRetrieved_ShouldSetComponentsToCamera_WhenLayersCollectionContainsCamera" storage="d:\actions-runner\_work\xpco\xpco\sc\components\remoteviewer\smartclient\tst\zsmartclient_unittest\bin\x64\debug\net472\zsmartclient_unittest.dll" id="652759b5-622f-10aa-539b-69455d2a0fcb">
      <TestCategory>
        <TestCategoryItem TestCategory="GisMap.DeviceSelectorWindowViewModel" />
      </TestCategory>
      <Execution id="b063d319-9a57-4437-a76c-ccb62e7291e4" />
      <TestMethod codeBase="D:\actions-runner\_work\XPCO\XPCO\SC\Components\RemoteViewer\SmartClient\tst\zSmartClient_UnitTest\bin\x64\Debug\net472\zSmartClient_UnitTest.dll" adapterTypeName="executor://mstestadapter/v2" className="SmartClient_UnitTest.VideoOS.RemoteClient.Plugin.GisMap.ViewModels.DeviceSelectorWindowViewModelTests" name="OnLayersRetrieved_ShouldSetComponentsToCamera_WhenLayersCollectionContainsCamera" />
    </UnitTest>
    <UnitTest name="MenuItemIcon_ShouldBeSet_WhenSuppliedInCtor" storage="d:\actions-runner\_work\xpco\xpco\sc\components\remoteviewer\smartclient\tst\zsmartclient_unittest\bin\x64\debug\net472\zsmartclient_unittest.dll" id="21b483a6-27e8-bb30-b612-d3263e5cc6f1">
      <TestCategory>
        <TestCategoryItem TestCategory="GisMapMip" />
      </TestCategory>
      <Execution id="a077d46d-89f9-4c98-9319-9d081e5618de" />
      <TestMethod codeBase="D:\actions-runner\_work\XPCO\XPCO\SC\Components\RemoteViewer\SmartClient\tst\zSmartClient_UnitTest\bin\x64\Debug\net472\zSmartClient_UnitTest.dll" adapterTypeName="executor://mstestadapter/v2" className="SmartClient_UnitTest.VideoOS.RemoteClient.Plugin.GisMap.ThinkGeoMap.ContextMenuUtils.RemoveMipItemContextMenuTests" name="MenuItemIcon_ShouldBeSet_WhenSuppliedInCtor" />
    </UnitTest>
    <UnitTest name="Constructor_ShouldAttachOnUpdateUnmutedMicrophonesRaised_WhenCalled" storage="d:\actions-runner\_work\xpco\xpco\sc\components\remoteviewer\smartclient\tst\zsmartclient_unittest\bin\x64\debug\net472\zsmartclient_unittest.dll" id="1d64d188-2f85-c3c0-9756-83b6a2cd8474">
      <TestCategory>
        <TestCategoryItem TestCategory="GisMapData.MapLayers" />
      </TestCategory>
      <Execution id="637311f8-19db-408c-b3c4-6fac67ce2f1f" />
      <TestMethod codeBase="D:\actions-runner\_work\XPCO\XPCO\SC\Components\RemoteViewer\SmartClient\tst\zSmartClient_UnitTest\bin\x64\Debug\net472\zSmartClient_UnitTest.dll" adapterTypeName="executor://mstestadapter/v2" className="SmartClient_UnitTest.VideoOS.RemoteClient.GisMapData.MapLayers.MicrophoneItemsMapLayerTests" name="Constructor_ShouldAttachOnUpdateUnmutedMicrophonesRaised_WhenCalled" />
    </UnitTest>
    <UnitTest name="OnLoaded_ValidConfigurationInlineEditNoUserControl_InlineAttributeEditControlNotSet" storage="d:\actions-runner\_work\xpco\xpco\sc\components\remoteviewer\smartclient\tst\zsmartclient_unittest\bin\x64\debug\net472\zsmartclient_unittest.dll" id="7d0d6edf-f56b-d148-3827-35b36e3e80c4">
      <TestCategory>
        <TestCategoryItem TestCategory="SearchViews" />
      </TestCategory>
      <Execution id="93331cbd-b70c-48f9-a24a-9a6a9ef1bd88" />
      <TestMethod codeBase="D:\actions-runner\_work\XPCO\XPCO\SC\Components\RemoteViewer\SmartClient\tst\zSmartClient_UnitTest\bin\x64\Debug\net472\zSmartClient_UnitTest.dll" adapterTypeName="executor://mstestadapter/v2" className="SmartClient_UnitTest.VideoOS.RemoteClient.Plugin.CentralizedSearch.Views.SearchAttributeViewTests" name="OnLoaded_ValidConfigurationInlineEditNoUserControl_InlineAttributeEditControlNotSet" />
    </UnitTest>
    <UnitTest name="SearchResultsActionBarActions_DeleteBookmark_2Results1Failed_DeleteBookmarkInvoked" storage="d:\actions-runner\_work\xpco\xpco\sc\components\remoteviewer\smartclient\tst\zsmartclient_unittest\bin\x64\debug\net472\zsmartclient_unittest.dll" id="b6ee4187-2f4d-362e-5b8c-3b73aeaf5c65">
      <TestCategory>
        <TestCategoryItem TestCategory="Search.Bookmarks" />
      </TestCategory>
      <Execution id="ea9b06b7-81ed-4aef-acaf-790d8b2d4d11" />
      <TestMethod codeBase="D:\actions-runner\_work\XPCO\XPCO\SC\Components\RemoteViewer\SmartClient\tst\zSmartClient_UnitTest\bin\x64\Debug\net472\zSmartClient_UnitTest.dll" adapterTypeName="executor://mstestadapter/v2" className="SmartClient_UnitTest.VideoOS.RemoteClient.Plugin.CentralizedSearch.ViewModels.SearchResultsActionBarViewModelTest" name="SearchResultsActionBarActions_DeleteBookmark_2Results1Failed_DeleteBookmarkInvoked" />
    </UnitTest>
    <UnitTest name="ShowPermissionDeniedStatusBarError_ShouldSendAMessage (5,1)" storage="d:\actions-runner\_work\xpco\xpco\sc\components\remoteviewer\smartclient\tst\zsmartclient_unittest\bin\x64\debug\net472\zsmartclient_unittest.dll" id="7fa4e74d-d917-b5cf-9ec9-cff6147ce87d">
      <TestCategory>
        <TestCategoryItem TestCategory="Managers" />
      </TestCategory>
      <Execution id="d9371cc3-32c9-4fa6-9e7b-73c02d7897f7" />
      <TestMethod codeBase="D:\actions-runner\_work\XPCO\XPCO\SC\Components\RemoteViewer\SmartClient\tst\zSmartClient_UnitTest\bin\x64\Debug\net472\zSmartClient_UnitTest.dll" adapterTypeName="executor://mstestadapter/v2" className="SmartClient_UnitTest.VideoOS.RemoteClient.Application.Managers.ExportResultsNotificationHelperTests" name="ShowPermissionDeniedStatusBarError_ShouldSendAMessage" />
    </UnitTest>
    <UnitTest name="SignUrl_WhereSignatureIsNotBase64_ThrowException" storage="d:\actions-runner\_work\xpco\xpco\sc\components\remoteviewer\smartclient\tst\zsmartclient_unittest\bin\x64\debug\net472\zsmartclient_unittest.dll" id="b5155b68-06cf-ff0d-b5a3-6677768f61c2">
      <Execution id="7b499ddd-b439-4f50-838b-4fa3ee1bd13a" />
      <TestMethod codeBase="D:\actions-runner\_work\XPCO\XPCO\SC\Components\RemoteViewer\SmartClient\tst\zSmartClient_UnitTest\bin\x64\Debug\net472\zSmartClient_UnitTest.dll" adapterTypeName="executor://mstestadapter/v2" className="SmartClient_UnitTest.VideoOS.RemoteClient.Plugin.GisMap.Utilities.GoogleApiUrlTest" name="SignUrl_WhereSignatureIsNotBase64_ThrowException" />
    </UnitTest>
    <UnitTest name="PatrollingProfileViewModelTest_SelectEndPosition" storage="d:\actions-runner\_work\xpco\xpco\sc\components\remoteviewer\smartclient\tst\zsmartclient_unittest\bin\x64\debug\net472\zsmartclient_unittest.dll" id="b788bde6-97e9-6ba8-c7c6-e8edebf2372e">
      <Execution id="710a9fa3-e0bf-48b7-aba8-baa4e973ce3d" />
      <TestMethod codeBase="D:\actions-runner\_work\XPCO\XPCO\SC\Components\RemoteViewer\SmartClient\tst\zSmartClient_UnitTest\bin\x64\Debug\net472\zSmartClient_UnitTest.dll" adapterTypeName="executor://mstestadapter/v2" className="SmartClient_UnitTest.VideoOS.RemoteClient.Application.UI.PtzPreset.PatrollingViewModel.PatrollingProfileViewModelTest" name="PatrollingProfileViewModelTest_SelectEndPosition" />
    </UnitTest>
    <UnitTest name="GetWorkspaceToolbarItems_ShouldReturnGroupedToolbarItem_WhenPluginGroupIsSet" storage="d:\actions-runner\_work\xpco\xpco\sc\components\remoteviewer\smartclient\tst\zsmartclient_unittest\bin\x64\debug\net472\zsmartclient_unittest.dll" id="5ff1d928-fddf-7f17-ef34-f8a1593f2a8d">
      <TestCategory>
        <TestCategoryItem TestCategory="WorkspaceToolbar" />
      </TestCategory>
      <Execution id="09158b9a-6c56-40db-8e57-0ac5fc3e6332" />
      <TestMethod codeBase="D:\actions-runner\_work\XPCO\XPCO\SC\Components\RemoteViewer\SmartClient\tst\zSmartClient_UnitTest\bin\x64\Debug\net472\zSmartClient_UnitTest.dll" adapterTypeName="executor://mstestadapter/v2" className="SmartClient_UnitTest.VideoOS.RemoteClient.Application.UI.Content.WorkspaceToolbar.MIPWorkspaceToolbarItemManagerTests" name="GetWorkspaceToolbarItems_ShouldReturnGroupedToolbarItem_WhenPluginGroupIsSet" />
    </UnitTest>
    <UnitTest name="SearchResultsActionBarActions_AddBookmark_NoBookmarkAgentAdded_SingleResult_CreateBookmarkInvoked" storage="d:\actions-runner\_work\xpco\xpco\sc\components\remoteviewer\smartclient\tst\zsmartclient_unittest\bin\x64\debug\net472\zsmartclient_unittest.dll" id="74a5479e-3d8d-745b-8d0c-dc17a9c1c316">
      <TestCategory>
        <TestCategoryItem TestCategory="SearchResultActionBarViewModel" />
      </TestCategory>
      <Execution id="eccb54a8-f5ce-4d4c-aaf0-bbe22dd806a7" />
      <TestMethod codeBase="D:\actions-runner\_work\XPCO\XPCO\SC\Components\RemoteViewer\SmartClient\tst\zSmartClient_UnitTest\bin\x64\Debug\net472\zSmartClient_UnitTest.dll" adapterTypeName="executor://mstestadapter/v2" className="SmartClient_UnitTest.VideoOS.RemoteClient.Plugin.CentralizedSearch.ViewModels.SearchResultsActionBarViewModelTest" name="SearchResultsActionBarActions_AddBookmark_NoBookmarkAgentAdded_SingleResult_CreateBookmarkInvoked" />
    </UnitTest>
    <UnitTest name="BoundingBoxBrowseTimeChangedTest" storage="d:\actions-runner\_work\xpco\xpco\sc\components\remoteviewer\smartclient\tst\zsmartclient_unittest\bin\x64\debug\net472\zsmartclient_unittest.dll" id="79975695-e433-2a9b-026b-7999a642c311">
      <Execution id="51faf66f-8963-4291-bbb2-07d87b5e8ad8" />
      <TestMethod codeBase="D:\actions-runner\_work\XPCO\XPCO\SC\Components\RemoteViewer\SmartClient\tst\zSmartClient_UnitTest\bin\x64\Debug\net472\zSmartClient_UnitTest.dll" adapterTypeName="executor://mstestadapter/v2" className="SmartClient_UnitTest.VideoOS.RemoteClient.Application.Data.Metadata.BoundingBoxes.BoundingBoxProviderTest" name="BoundingBoxBrowseTimeChangedTest" />
    </UnitTest>
    <UnitTest name="Optics enabled, not forced" storage="d:\actions-runner\_work\xpco\xpco\sc\components\remoteviewer\smartclient\tst\zsmartclient_unittest\bin\x64\debug\net472\zsmartclient_unittest.dll" id="324b13ab-64d8-9667-f4d5-2b34c2ee361f">
      <TestCategory>
        <TestCategoryItem TestCategory="Export" />
      </TestCategory>
      <Execution id="9f3c7cff-4e0a-4b37-afd6-6f941f5d65f2" />
      <TestMethod codeBase="D:\actions-runner\_work\XPCO\XPCO\SC\Components\RemoteViewer\SmartClient\tst\zSmartClient_UnitTest\bin\x64\Debug\net472\zSmartClient_UnitTest.dll" adapterTypeName="executor://mstestadapter/v2" className="SmartClient_UnitTest.VideoOS.RemoteClient.Plugin.Export.CreateExportDialogViewModelTests" name="CreateExportDialog_ExportDestinationPreSelected_BasedOnOptions" />
    </UnitTest>
    <UnitTest name="GetSearchTemplateAsync_ValidParameters_Success" storage="d:\actions-runner\_work\xpco\xpco\sc\components\remoteviewer\smartclient\tst\zsmartclient_unittest\bin\x64\debug\net472\zsmartclient_unittest.dll" id="b1b8a305-1381-b18e-2bbc-3221c5d951a2">
      <TestCategory>
        <TestCategoryItem TestCategory="SearchTemplatesService" />
      </TestCategory>
      <Execution id="dbc76d87-0e85-48dc-94ee-7b02360819a7" />
      <TestMethod codeBase="D:\actions-runner\_work\XPCO\XPCO\SC\Components\RemoteViewer\SmartClient\tst\zSmartClient_UnitTest\bin\x64\Debug\net472\zSmartClient_UnitTest.dll" adapterTypeName="executor://mstestadapter/v2" className="SmartClient_UnitTest.VideoOS.RemoteClient.Plugin.CentralizedSearch.SearchTemplates.Service.SearchTemplateServiceTests" name="GetSearchTemplateAsync_ValidParameters_Success" />
    </UnitTest>
    <UnitTest name="MipItemsMapLayer_Saved_Success" storage="d:\actions-runner\_work\xpco\xpco\sc\components\remoteviewer\smartclient\tst\zsmartclient_unittest\bin\x64\debug\net472\zsmartclient_unittest.dll" id="d8e86d95-613e-e989-d6c8-a98a3e38c1b2">
      <TestCategory>
        <TestCategoryItem TestCategory="GisMapLayer" />
      </TestCategory>
      <Execution id="4c4f6fc2-03a8-4a0c-9339-7a3dd3b8afa2" />
      <TestMethod codeBase="D:\actions-runner\_work\XPCO\XPCO\SC\Components\RemoteViewer\SmartClient\tst\zSmartClient_UnitTest\bin\x64\Debug\net472\zSmartClient_UnitTest.dll" adapterTypeName="executor://mstestadapter/v2" className="SmartClient_UnitTest.VideoOS.RemoteClient.GisMap.MapLayers.GisMapLayerTests" name="MipItemsMapLayer_Saved_Success" />
    </UnitTest>
    <UnitTest name="SaveSearchTemplateAsync_ActiveAndSaveSucceeds_Success" storage="d:\actions-runner\_work\xpco\xpco\sc\components\remoteviewer\smartclient\tst\zsmartclient_unittest\bin\x64\debug\net472\zsmartclient_unittest.dll" id="0181f0b9-73fd-f503-b29b-b3c042d24b5b">
      <TestCategory>
        <TestCategoryItem TestCategory="SearchTemplates" />
      </TestCategory>
      <Execution id="f5dc2683-d0fc-4ac7-8c5c-426864399094" />
      <TestMethod codeBase="D:\actions-runner\_work\XPCO\XPCO\SC\Components\RemoteViewer\SmartClient\tst\zSmartClient_UnitTest\bin\x64\Debug\net472\zSmartClient_UnitTest.dll" adapterTypeName="executor://mstestadapter/v2" className="SmartClient_UnitTest.VideoOS.RemoteClient.Plugin.CentralizedSearch.SearchTemplates.SearchTemplateManagerTests" name="SaveSearchTemplateAsync_ActiveAndSaveSucceeds_Success" />
    </UnitTest>
    <UnitTest name="NearestPossibleZoomLevel_ShouldReturnMin_WhenScaleIs0" storage="d:\actions-runner\_work\xpco\xpco\sc\components\remoteviewer\smartclient\tst\zsmartclient_unittest\bin\x64\debug\net472\zsmartclient_unittest.dll" id="b475e3ab-bcbc-5954-7660-9f7524c4b9d5">
      <TestCategory>
        <TestCategoryItem TestCategory="MapExtentManager" />
      </TestCategory>
      <Execution id="1dd95b6e-a3f6-487a-8cee-86c0490711b0" />
      <TestMethod codeBase="D:\actions-runner\_work\XPCO\XPCO\SC\Components\RemoteViewer\SmartClient\tst\zSmartClient_UnitTest\bin\x64\Debug\net472\zSmartClient_UnitTest.dll" adapterTypeName="executor://mstestadapter/v2" className="SmartClient_UnitTest.VideoOS.RemoteClient.Plugin.GisMap.ThinkGeoMap.Settings.ThinkGeoMapExtentManagerTests" name="NearestPossibleZoomLevel_ShouldReturnMin_WhenScaleIs0" />
    </UnitTest>
    <UnitTest name="DisplayErrorOnNotificationArea_DeviceSearchError_Success" storage="d:\actions-runner\_work\xpco\xpco\sc\components\remoteviewer\smartclient\tst\zsmartclient_unittest\bin\x64\debug\net472\zsmartclient_unittest.dll" id="34c107db-e9ce-df15-620e-0ed84eb2d0d6">
      <TestCategory>
        <TestCategoryItem TestCategory="SearchViewModels" />
      </TestCategory>
      <Execution id="1e4564ea-f2e1-4f16-a5e4-01288b320d66" />
      <TestMethod codeBase="D:\actions-runner\_work\XPCO\XPCO\SC\Components\RemoteViewer\SmartClient\tst\zSmartClient_UnitTest\bin\x64\Debug\net472\zSmartClient_UnitTest.dll" adapterTypeName="executor://mstestadapter/v2" className="SmartClient_UnitTest.VideoOS.RemoteClient.Plugin.CentralizedSearch.ViewModels.SearchViewModelTests" name="DisplayErrorOnNotificationArea_DeviceSearchError_Success" />
    </UnitTest>
    <UnitTest name="AndOrSearchDefinitionToVisibilityMultiConverter_CallConvert_NotFirstInListOr" storage="d:\actions-runner\_work\xpco\xpco\sc\components\remoteviewer\smartclient\tst\zsmartclient_unittest\bin\x64\debug\net472\zsmartclient_unittest.dll" id="f386bd71-4890-9925-d3d2-7dcbf0b9febe">
      <TestCategory>
        <TestCategoryItem TestCategory="SearchConverter" />
      </TestCategory>
      <Execution id="2718f352-1d0a-4488-ac2a-6d03b6f672d8" />
      <TestMethod codeBase="D:\actions-runner\_work\XPCO\XPCO\SC\Components\RemoteViewer\SmartClient\tst\zSmartClient_UnitTest\bin\x64\Debug\net472\zSmartClient_UnitTest.dll" adapterTypeName="executor://mstestadapter/v2" className="SmartClient_UnitTest.VideoOS.RemoteClient.Plugin.CentralizedSearch.Views.Converters.AndOrSearchDefinitionMultiConverterTests" name="AndOrSearchDefinitionToVisibilityMultiConverter_CallConvert_NotFirstInListOr" />
    </UnitTest>
    <UnitTest name="Problem_Repro" storage="d:\actions-runner\_work\xpco\xpco\sc\components\remoteviewer\smartclient\tst\zsmartclient_unittest\bin\x64\debug\net472\zsmartclient_unittest.dll" id="dae60964-6fd2-ce46-6ae5-e5c61041a0e8">
      <Execution id="5e7b80ab-8b0c-4e81-b55e-78201c1aa3d0" />
      <TestMethod codeBase="D:\actions-runner\_work\XPCO\XPCO\SC\Components\RemoteViewer\SmartClient\tst\zSmartClient_UnitTest\bin\x64\Debug\net472\zSmartClient_UnitTest.dll" adapterTypeName="executor://mstestadapter/v2" className="SmartClient_UnitTest.VideoOS.RemoteClient.Application.Components.Search.SearchManagerTest" name="Problem_Repro" />
    </UnitTest>
    <UnitTest name="ToTimeScope_YesterdayInTransitionToDST_Success" storage="d:\actions-runner\_work\xpco\xpco\sc\components\remoteviewer\smartclient\tst\zsmartclient_unittest\bin\x64\debug\net472\zsmartclient_unittest.dll" id="57d998ab-72e0-6699-7a67-4312514fd442">
      <TestCategory>
        <TestCategoryItem TestCategory="Search" />
      </TestCategory>
      <Execution id="51d1e14c-a753-4834-af47-9eff641a65d4" />
      <TestMethod codeBase="D:\actions-runner\_work\XPCO\XPCO\SC\Components\RemoteViewer\SmartClient\tst\zSmartClient_UnitTest\bin\x64\Debug\net472\zSmartClient_UnitTest.dll" adapterTypeName="executor://mstestadapter/v2" className="SmartClient_UnitTest.VideoOS.RemoteClient.Plugin.CentralizedSearch.Models.ScopeDurationTests" name="ToTimeScope_YesterdayInTransitionToDST_Success" />
    </UnitTest>
    <UnitTest name="TestAttachedView_Success" storage="d:\actions-runner\_work\xpco\xpco\sc\components\remoteviewer\smartclient\tst\zsmartclient_unittest\bin\x64\debug\net472\zsmartclient_unittest.dll" id="a03d49df-0221-3c4c-4d83-361bfb025c76">
      <Execution id="eb6be79b-c1c5-400b-8f84-3bae4375eab4" />
      <TestMethod codeBase="D:\actions-runner\_work\XPCO\XPCO\SC\Components\RemoteViewer\SmartClient\tst\zSmartClient_UnitTest\bin\x64\Debug\net472\zSmartClient_UnitTest.dll" adapterTypeName="executor://mstestadapter/v2" className="SmartClient_UnitTest.VideoOS.RemoteClient.Application.Controllers.WorkSpace.WorkSpaceItemTest" name="TestAttachedView_Success" />
    </UnitTest>
    <UnitTest name="Deserialize_SearchDefinitionsOnly_Success" storage="d:\actions-runner\_work\xpco\xpco\sc\components\remoteviewer\smartclient\tst\zsmartclient_unittest\bin\x64\debug\net472\zsmartclient_unittest.dll" id="2b46b6c4-bcde-6b7d-2664-3e89c49247f4">
      <TestCategory>
        <TestCategoryItem TestCategory="SearchSerialization" />
      </TestCategory>
      <Execution id="c483aa1f-162c-4c33-a95c-e84a0cc2dd0d" />
      <TestMethod codeBase="D:\actions-runner\_work\XPCO\XPCO\SC\Components\RemoteViewer\SmartClient\tst\zSmartClient_UnitTest\bin\x64\Debug\net472\zSmartClient_UnitTest.dll" adapterTypeName="executor://mstestadapter/v2" className="SmartClient_UnitTest.VideoOS.RemoteClient.Plugin.CentralizedSearch.Models.Serialization.SearchSerializerTests" name="Deserialize_SearchDefinitionsOnly_Success" />
    </UnitTest>
    <UnitTest name="ctor_NullArg_NullArgException" storage="d:\actions-runner\_work\xpco\xpco\sc\components\remoteviewer\smartclient\tst\zsmartclient_unittest\bin\x64\debug\net472\zsmartclient_unittest.dll" id="aab428ed-a31b-f1b7-b0cd-f341bed7d107">
      <TestCategory>
        <TestCategoryItem TestCategory="Search" />
      </TestCategory>
      <Execution id="a98d8782-dcb9-45d8-9254-16e493cc267f" />
      <TestMethod codeBase="D:\actions-runner\_work\XPCO\XPCO\SC\Components\RemoteViewer\SmartClient\tst\zSmartClient_UnitTest\bin\x64\Debug\net472\zSmartClient_UnitTest.dll" adapterTypeName="executor://mstestadapter/v2" className="SmartClient_UnitTest.VideoOS.RemoteClient.Plugin.CentralizedSearch.ViewModels.CompositeSearchWarningViewModelTests" name="ctor_NullArg_NullArgException" />
    </UnitTest>
    <UnitTest name="CreateExportDialog_CanCreateExport_WithDefaults" storage="d:\actions-runner\_work\xpco\xpco\sc\components\remoteviewer\smartclient\tst\zsmartclient_unittest\bin\x64\debug\net472\zsmartclient_unittest.dll" id="6e773555-d3bc-18e6-58f4-6a33d2e565e0">
      <TestCategory>
        <TestCategoryItem TestCategory="Export" />
      </TestCategory>
      <Execution id="82848997-ba78-47f4-ad5e-adca945ea650" />
      <TestMethod codeBase="D:\actions-runner\_work\XPCO\XPCO\SC\Components\RemoteViewer\SmartClient\tst\zSmartClient_UnitTest\bin\x64\Debug\net472\zSmartClient_UnitTest.dll" adapterTypeName="executor://mstestadapter/v2" className="SmartClient_UnitTest.VideoOS.RemoteClient.Plugin.Export.CreateExportDialogViewModelTests" name="CreateExportDialog_CanCreateExport_WithDefaults" />
    </UnitTest>
    <UnitTest name="OnMarkerRightClicked_ShouldUseCrossTypeMenuItems_WhenInSetupModeAndMultipleItemsFromDifferentLayersIncludingAtLeastOneCameraAreSelected" storage="d:\actions-runner\_work\xpco\xpco\sc\components\remoteviewer\smartclient\tst\zsmartclient_unittest\bin\x64\debug\net472\zsmartclient_unittest.dll" id="015cbbb2-3ae8-0f0d-d16b-d3a0e1ee3da3">
      <TestCategory>
        <TestCategoryItem TestCategory="SmartMap.MapItemsOverlay" />
      </TestCategory>
      <Execution id="5a17a6c7-a0b4-4582-8e5c-aabb7242a48b" />
      <TestMethod codeBase="D:\actions-runner\_work\XPCO\XPCO\SC\Components\RemoteViewer\SmartClient\tst\zSmartClient_UnitTest\bin\x64\Debug\net472\zSmartClient_UnitTest.dll" adapterTypeName="executor://mstestadapter/v2" className="SmartClient_UnitTest.VideoOS.RemoteClient.Plugin.GisMap.ThinkGeoMap.SpecializedOverlays.Overlays.MapItemsOverlayTests" name="OnMarkerRightClicked_ShouldUseCrossTypeMenuItems_WhenInSetupModeAndMultipleItemsFromDifferentLayersIncludingAtLeastOneCameraAreSelected" />
    </UnitTest>
    <UnitTest name="AddSelectedCameras_EmptyList_NoChange" storage="d:\actions-runner\_work\xpco\xpco\sc\components\remoteviewer\smartclient\tst\zsmartclient_unittest\bin\x64\debug\net472\zsmartclient_unittest.dll" id="b518f299-3b00-cc5d-b78d-f3f85f49a757">
      <TestCategory>
        <TestCategoryItem TestCategory="SearchViewModels" />
      </TestCategory>
      <Execution id="9546f650-7fa6-41ab-af7a-775358db91d0" />
      <TestMethod codeBase="D:\actions-runner\_work\XPCO\XPCO\SC\Components\RemoteViewer\SmartClient\tst\zSmartClient_UnitTest\bin\x64\Debug\net472\zSmartClient_UnitTest.dll" adapterTypeName="executor://mstestadapter/v2" className="SmartClient_UnitTest.VideoOS.RemoteClient.Plugin.CentralizedSearch.ViewModels.SearchViewModelTests" name="AddSelectedCameras_EmptyList_NoChange" />
    </UnitTest>
    <UnitTest name="AddToExportDevices_ShouldReturnCorrectResult (5,5,5)" storage="d:\actions-runner\_work\xpco\xpco\sc\components\remoteviewer\smartclient\tst\zsmartclient_unittest\bin\x64\debug\net472\zsmartclient_unittest.dll" id="78a6f3bc-f69b-adde-fc5c-c831994f27cb">
      <TestCategory>
        <TestCategoryItem TestCategory="Managers" />
      </TestCategory>
      <Execution id="87a05cc5-2701-409d-94b3-c4d2b78cb2c1" />
      <TestMethod codeBase="D:\actions-runner\_work\XPCO\XPCO\SC\Components\RemoteViewer\SmartClient\tst\zSmartClient_UnitTest\bin\x64\Debug\net472\zSmartClient_UnitTest.dll" adapterTypeName="executor://mstestadapter/v2" className="SmartClient_UnitTest.VideoOS.RemoteClient.Application.Managers.ExportManagerTests" name="AddToExportDevices_ShouldReturnCorrectResult" />
    </UnitTest>
    <UnitTest name="ToSafeName_NullString_Success" storage="d:\actions-runner\_work\xpco\xpco\sc\components\remoteviewer\smartclient\tst\zsmartclient_unittest\bin\x64\debug\net472\zsmartclient_unittest.dll" id="dc096e9d-933e-6e98-213b-490659477502">
      <Execution id="d0331987-cc7e-4813-8ef2-7b1e684e2464" />
      <TestMethod codeBase="D:\actions-runner\_work\XPCO\XPCO\SC\Components\RemoteViewer\SmartClient\tst\zSmartClient_UnitTest\bin\x64\Debug\net472\zSmartClient_UnitTest.dll" adapterTypeName="executor://mstestadapter/v2" className="SmartClient_UnitTest.VideoOS.RemoteClient.Application.Common.Scripting.ReservedJavascriptKeywordsTests" name="ToSafeName_NullString_Success" />
    </UnitTest>
    <UnitTest name="SupportsDoubleClick_ShouldBeFalse_WhenInteractionStateIsNotNormal" storage="d:\actions-runner\_work\xpco\xpco\sc\components\remoteviewer\smartclient\tst\zsmartclient_unittest\bin\x64\debug\net472\zsmartclient_unittest.dll" id="c9679473-a3e5-7489-307e-ee6faf3a6896">
      <TestCategory>
        <TestCategoryItem TestCategory="GisMap.MipItemMarker" />
      </TestCategory>
      <Execution id="0307fd6a-3d36-49d8-bf11-c2423322b883" />
      <TestMethod codeBase="D:\actions-runner\_work\XPCO\XPCO\SC\Components\RemoteViewer\SmartClient\tst\zSmartClient_UnitTest\bin\x64\Debug\net472\zSmartClient_UnitTest.dll" adapterTypeName="executor://mstestadapter/v2" className="SmartClient_UnitTest.VideoOS.RemoteClient.Plugin.GisMap.ThinkGeoMap.Markers.MipItemMarker.MipItemMarkerTests" name="SupportsDoubleClick_ShouldBeFalse_WhenInteractionStateIsNotNormal" />
    </UnitTest>
    <UnitTest name="CreateExportDialog_CannotSelectExportToOptics_WithoutPrerequisitesSatisfied" storage="d:\actions-runner\_work\xpco\xpco\sc\components\remoteviewer\smartclient\tst\zsmartclient_unittest\bin\x64\debug\net472\zsmartclient_unittest.dll" id="8f19814e-6231-9ee7-d114-fdf6c35f1f79">
      <TestCategory>
        <TestCategoryItem TestCategory="Export" />
      </TestCategory>
      <Execution id="0d4dcb8b-d6f7-40e6-9712-13a88dd07ca6" />
      <TestMethod codeBase="D:\actions-runner\_work\XPCO\XPCO\SC\Components\RemoteViewer\SmartClient\tst\zSmartClient_UnitTest\bin\x64\Debug\net472\zSmartClient_UnitTest.dll" adapterTypeName="executor://mstestadapter/v2" className="SmartClient_UnitTest.VideoOS.RemoteClient.Plugin.Export.CreateExportDialogViewModelTests" name="CreateExportDialog_CannotSelectExportToOptics_WithoutPrerequisitesSatisfied" />
    </UnitTest>
    <UnitTest name="TestInitializeWorkrooms_AllBuiltinWorkrooms_Success" storage="d:\actions-runner\_work\xpco\xpco\sc\components\remoteviewer\smartclient\tst\zsmartclient_unittest\bin\x64\debug\net472\zsmartclient_unittest.dll" id="1f8f2766-504d-6eef-54e8-b4e73b68637d">
      <TestCategory>
        <TestCategoryItem TestCategory="WorkroomController" />
      </TestCategory>
      <Execution id="f9e82eeb-6a8c-4495-82a4-03a4bbe2876f" />
      <TestMethod codeBase="D:\actions-runner\_work\XPCO\XPCO\SC\Components\RemoteViewer\SmartClient\tst\zSmartClient_UnitTest\bin\x64\Debug\net472\zSmartClient_UnitTest.dll" adapterTypeName="executor://mstestadapter/v2" className="VideoOS.RemoteClient.Application.Controllers.WorkroomController.UnitTest.TabWorkroomControllerTest" name="TestInitializeWorkrooms_AllBuiltinWorkrooms_Success" />
    </UnitTest>
    <UnitTest name="PatrollingPresetViewModel_OnPropertyChanged_Raised" storage="d:\actions-runner\_work\xpco\xpco\sc\components\remoteviewer\smartclient\tst\zsmartclient_unittest\bin\x64\debug\net472\zsmartclient_unittest.dll" id="968967c1-9c91-5395-ae74-dba306913820">
      <Execution id="84ebfaea-4050-4ae8-ac3a-0907a20f8ffe" />
      <TestMethod codeBase="D:\actions-runner\_work\XPCO\XPCO\SC\Components\RemoteViewer\SmartClient\tst\zSmartClient_UnitTest\bin\x64\Debug\net472\zSmartClient_UnitTest.dll" adapterTypeName="executor://mstestadapter/v2" className="SmartClient_UnitTest.VideoOS.RemoteClient.Application.UI.PtzPreset.PatrollingViewModel.PatrollingPresetViewModelTest" name="PatrollingPresetViewModel_OnPropertyChanged_Raised" />
    </UnitTest>
    <UnitTest name="CreateDefinition_ZeroFiltersInCategory_ZeroFilterValuesAddedToSearchCriteria" storage="d:\actions-runner\_work\xpco\xpco\sc\components\remoteviewer\smartclient\tst\zsmartclient_unittest\bin\x64\debug\net472\zsmartclient_unittest.dll" id="7e087806-67ee-93e5-99ce-89aefdf33c63">
      <TestCategory>
        <TestCategoryItem TestCategory="SearchModels" />
      </TestCategory>
      <Execution id="dea1b9c5-3b59-46b3-bfc9-25e3117abd60" />
      <TestMethod codeBase="D:\actions-runner\_work\XPCO\XPCO\SC\Components\RemoteViewer\SmartClient\tst\zSmartClient_UnitTest\bin\x64\Debug\net472\zSmartClient_UnitTest.dll" adapterTypeName="executor://mstestadapter/v2" className="SmartClient_UnitTest.VideoOS.RemoteClient.Plugin.CentralizedSearch.Models.SearchModelTests" name="CreateDefinition_ZeroFiltersInCategory_ZeroFilterValuesAddedToSearchCriteria" />
    </UnitTest>
    <UnitTest name="TestForAssemblyCoverage" storage="d:\actions-runner\_work\xpco\xpco\sc\components\remoteviewer\smartclient\tst\zsmartclient_unittest\bin\x64\debug\net472\zsmartclient_unittest.dll" id="ee3692c6-4239-b2e2-f69d-66ef9eb784ce">
      <Execution id="910398f9-3b9c-449e-a308-0644508a162b" />
      <TestMethod codeBase="D:\actions-runner\_work\XPCO\XPCO\SC\Components\RemoteViewer\SmartClient\tst\zSmartClient_UnitTest\bin\x64\Debug\net472\zSmartClient_UnitTest.dll" adapterTypeName="executor://mstestadapter/v2" className="SmartClient_UnitTest.VideoOS.RemoteClient.Plugin.OutgoingAudio.UnitTest1" name="TestForAssemblyCoverage" />
    </UnitTest>
    <UnitTest name="TestConstructor_OuterRing_Success" storage="d:\actions-runner\_work\xpco\xpco\sc\components\remoteviewer\smartclient\tst\zsmartclient_unittest\bin\x64\debug\net472\zsmartclient_unittest.dll" id="b13c73e0-3d5f-8cb8-a883-f65f02f74154">
      <TestCategory>
        <TestCategoryItem TestCategory="GisMap" />
      </TestCategory>
      <Execution id="eca647ee-80be-4a0c-9791-57a7aac05800" />
      <TestMethod codeBase="D:\actions-runner\_work\XPCO\XPCO\SC\Components\RemoteViewer\SmartClient\tst\zSmartClient_UnitTest\bin\x64\Debug\net472\zSmartClient_UnitTest.dll" adapterTypeName="executor://mstestadapter/v2" className="SmartClient_UnitTest.VideoOS.RemoteClient.GisMap.Common.MapPolygonTest" name="TestConstructor_OuterRing_Success" />
    </UnitTest>
    <UnitTest name="PatrollingStepListViewModel_Constructor_Success" storage="d:\actions-runner\_work\xpco\xpco\sc\components\remoteviewer\smartclient\tst\zsmartclient_unittest\bin\x64\debug\net472\zsmartclient_unittest.dll" id="36554cb2-1edf-a642-dc86-4d6ff7ede95e">
      <Execution id="2afb085f-ce6e-4c09-84d9-9c8a3c6fc58c" />
      <TestMethod codeBase="D:\actions-runner\_work\XPCO\XPCO\SC\Components\RemoteViewer\SmartClient\tst\zSmartClient_UnitTest\bin\x64\Debug\net472\zSmartClient_UnitTest.dll" adapterTypeName="executor://mstestadapter/v2" className="SmartClient_UnitTest.VideoOS.RemoteClient.Application.UI.PtzPreset.PatrollingViewModel.PatrollingStepListViewModelTest" name="PatrollingStepListViewModel_Constructor_Success" />
    </UnitTest>
    <UnitTest name="SearchResultsActionBarActions_Export_OptionFormatAvailable_OtherExportOptionsUnavailable_NotVisible" storage="d:\actions-runner\_work\xpco\xpco\sc\components\remoteviewer\smartclient\tst\zsmartclient_unittest\bin\x64\debug\net472\zsmartclient_unittest.dll" id="f56230b0-cb3e-b433-0b22-beaca6317724">
      <TestCategory>
        <TestCategoryItem TestCategory="SearchResultActionBarViewModel" />
      </TestCategory>
      <Execution id="81f7fe7c-c339-49b7-8758-19f6abcc9a15" />
      <TestMethod codeBase="D:\actions-runner\_work\XPCO\XPCO\SC\Components\RemoteViewer\SmartClient\tst\zSmartClient_UnitTest\bin\x64\Debug\net472\zSmartClient_UnitTest.dll" adapterTypeName="executor://mstestadapter/v2" className="SmartClient_UnitTest.VideoOS.RemoteClient.Plugin.CentralizedSearch.ViewModels.SearchResultsActionBarViewModelTest" name="SearchResultsActionBarActions_Export_OptionFormatAvailable_OtherExportOptionsUnavailable_NotVisible" />
    </UnitTest>
    <UnitTest name="HandleSetLayerFeatures_ShouldRaiseArgumentException_WhenIsCalled" storage="d:\actions-runner\_work\xpco\xpco\sc\components\remoteviewer\smartclient\tst\zsmartclient_unittest\bin\x64\debug\net472\zsmartclient_unittest.dll" id="16cbfe5e-7bb9-3462-1447-f565ffc95fc8">
      <TestCategory>
        <TestCategoryItem TestCategory="GisMapData.Handlers.LayerFeatures" />
      </TestCategory>
      <Execution id="5076c406-4654-4a17-8906-4a54348b39f1" />
      <TestMethod codeBase="D:\actions-runner\_work\XPCO\XPCO\SC\Components\RemoteViewer\SmartClient\tst\zSmartClient_UnitTest\bin\x64\Debug\net472\zSmartClient_UnitTest.dll" adapterTypeName="executor://mstestadapter/v2" className="SmartClient_UnitTest.VideoOS.RemoteClient.GisMapData.Handlers.LayerFeatures.NotSupportedLayerFeaturesHandlerTests" name="HandleSetLayerFeatures_ShouldRaiseArgumentException_WhenIsCalled" />
    </UnitTest>
    <UnitTest name="Initialize_NullState_DoesNotCrash" storage="d:\actions-runner\_work\xpco\xpco\sc\components\remoteviewer\smartclient\tst\zsmartclient_unittest\bin\x64\debug\net472\zsmartclient_unittest.dll" id="19c9cf52-9433-0ae2-27f1-e1c0ebb67acf">
      <TestCategory>
        <TestCategoryItem TestCategory="Search" />
      </TestCategory>
      <Execution id="2676b716-50c2-4e03-9764-3bc23743ec01" />
      <TestMethod codeBase="D:\actions-runner\_work\XPCO\XPCO\SC\Components\RemoteViewer\SmartClient\tst\zSmartClient_UnitTest\bin\x64\Debug\net472\zSmartClient_UnitTest.dll" adapterTypeName="executor://mstestadapter/v2" className="SmartClient_UnitTest.VideoOS.RemoteClient.Plugin.CentralizedSearch.Views.SearchViewTests" name="Initialize_NullState_DoesNotCrash" />
    </UnitTest>
    <UnitTest name="AddSelectedCameras_CameraAlreadyAdded_NoDuplicates" storage="d:\actions-runner\_work\xpco\xpco\sc\components\remoteviewer\smartclient\tst\zsmartclient_unittest\bin\x64\debug\net472\zsmartclient_unittest.dll" id="82d78304-b48c-9515-7f8e-4adb71fd31ee">
      <TestCategory>
        <TestCategoryItem TestCategory="SearchViewModels" />
      </TestCategory>
      <Execution id="d5248aad-7055-46bf-9dcd-cfc546800367" />
      <TestMethod codeBase="D:\actions-runner\_work\XPCO\XPCO\SC\Components\RemoteViewer\SmartClient\tst\zSmartClient_UnitTest\bin\x64\Debug\net472\zSmartClient_UnitTest.dll" adapterTypeName="executor://mstestadapter/v2" className="SmartClient_UnitTest.VideoOS.RemoteClient.Plugin.CentralizedSearch.ViewModels.SearchViewModelTests" name="AddSelectedCameras_CameraAlreadyAdded_NoDuplicates" />
    </UnitTest>
    <UnitTest name="Redrawing_SettingsSet_Success" storage="d:\actions-runner\_work\xpco\xpco\sc\components\remoteviewer\smartclient\tst\zsmartclient_unittest\bin\x64\debug\net472\zsmartclient_unittest.dll" id="d14ec128-bbfb-0096-f562-be494b986880">
      <TestCategory>
        <TestCategoryItem TestCategory="GisMap.MapControl" />
      </TestCategory>
      <Execution id="02ae1699-1d8d-433d-8d5e-680290673a86" />
      <TestMethod codeBase="D:\actions-runner\_work\XPCO\XPCO\SC\Components\RemoteViewer\SmartClient\tst\zSmartClient_UnitTest\bin\x64\Debug\net472\zSmartClient_UnitTest.dll" adapterTypeName="executor://mstestadapter/v2" className="SmartClient_UnitTest.VideoOS.RemoteClient.Plugin.GisMap.ThinkGeoMap.ThinkGeoMapControlTests" name="Redrawing_SettingsSet_Success" />
    </UnitTest>
    <UnitTest name="TestCreateMipTabWorkroom_Two_Success" storage="d:\actions-runner\_work\xpco\xpco\sc\components\remoteviewer\smartclient\tst\zsmartclient_unittest\bin\x64\debug\net472\zsmartclient_unittest.dll" id="1a507d86-1921-f620-6368-d6adb1877080">
      <TestCategory>
        <TestCategoryItem TestCategory="WorkroomController" />
      </TestCategory>
      <Execution id="5b19ca42-d3ef-47ba-84f1-b4acd2746dab" />
      <TestMethod codeBase="D:\actions-runner\_work\XPCO\XPCO\SC\Components\RemoteViewer\SmartClient\tst\zSmartClient_UnitTest\bin\x64\Debug\net472\zSmartClient_UnitTest.dll" adapterTypeName="executor://mstestadapter/v2" className="VideoOS.RemoteClient.Application.Controllers.WorkroomController.UnitTest.TabWorkroomControllerTest" name="TestCreateMipTabWorkroom_Two_Success" />
    </UnitTest>
    <UnitTest name="GetIsOpenStreetMapValid_ShouldRaiseArgumentNullException_WhenOptionManagerIsNull" storage="d:\actions-runner\_work\xpco\xpco\sc\components\remoteviewer\smartclient\tst\zsmartclient_unittest\bin\x64\debug\net472\zsmartclient_unittest.dll" id="843dae0b-b140-3d67-5588-10bfec2781a8">
      <TestCategory>
        <TestCategoryItem TestCategory="GisMapData.Controllers.Osm" />
      </TestCategory>
      <Execution id="c8603280-ff77-485b-9269-a3e98e03edf5" />
      <TestMethod codeBase="D:\actions-runner\_work\XPCO\XPCO\SC\Components\RemoteViewer\SmartClient\tst\zSmartClient_UnitTest\bin\x64\Debug\net472\zSmartClient_UnitTest.dll" adapterTypeName="executor://mstestadapter/v2" className="SmartClient_UnitTest.VideoOS.RemoteClient.GisMapData.Controllers.Osm.GisMapOsmControllerTests" name="GetIsOpenStreetMapValid_ShouldRaiseArgumentNullException_WhenOptionManagerIsNull" />
    </UnitTest>
    <UnitTest name="BookmarkSearchTime_WithSearchStringInDifferentCases_ReturnCorrectBookmarkWithSearchStringInDescription (SeArChStRiNg,True,True,False,False,,,1)" storage="d:\actions-runner\_work\xpco\xpco\sc\components\remoteviewer\smartclient\tst\zsmartclient_unittest\bin\x64\debug\net472\zsmartclient_unittest.dll" id="63ba4f35-3e85-1d5a-7e8f-eadf238adc6d">
      <Execution id="d24008c1-d3b1-427d-b222-14feb7fbe066" />
      <TestMethod codeBase="D:\actions-runner\_work\XPCO\XPCO\SC\Components\RemoteViewer\SmartClient\tst\zSmartClient_UnitTest\bin\x64\Debug\net472\zSmartClient_UnitTest.dll" adapterTypeName="executor://mstestadapter/v2" className="SmartClient_UnitTest.VideoOS.RemoteClient.Application.Data.Offline.UnitTest.BookmarkExportReaderTest" name="BookmarkSearchTime_WithSearchStringInDifferentCases_ReturnCorrectBookmarkWithSearchStringInDescription" />
    </UnitTest>
    <UnitTest name="When password 1 is invalid, password 2 is valid" storage="d:\actions-runner\_work\xpco\xpco\sc\components\remoteviewer\smartclient\tst\zsmartclient_unittest\bin\x64\debug\net472\zsmartclient_unittest.dll" id="354575f3-258a-a333-c17e-93eec2bc0cc7">
      <TestCategory>
        <TestCategoryItem TestCategory="Export" />
      </TestCategory>
      <Execution id="01b5e78a-42f3-4b28-bb7d-ae1ec9e0d667" />
      <TestMethod codeBase="D:\actions-runner\_work\XPCO\XPCO\SC\Components\RemoteViewer\SmartClient\tst\zSmartClient_UnitTest\bin\x64\Debug\net472\zSmartClient_UnitTest.dll" adapterTypeName="executor://mstestadapter/v2" className="SmartClient_UnitTest.VideoOS.RemoteClient.Plugin.Export.PasswordDialogViewModelTests" name="SettingPassword1AndPassword2_ShouldSetIsPassword2Valid" />
    </UnitTest>
    <UnitTest name="Constructor_ShouldRaiseArgumentNullException_WhenGisMapModelIsNull" storage="d:\actions-runner\_work\xpco\xpco\sc\components\remoteviewer\smartclient\tst\zsmartclient_unittest\bin\x64\debug\net472\zsmartclient_unittest.dll" id="0fc44201-8e69-82b3-88da-4213b7a1319c">
      <TestCategory>
        <TestCategoryItem TestCategory="GisMap.Handlers.Devices.MapItems" />
      </TestCategory>
      <Execution id="d3af4444-d04b-408d-970c-1ac80d7a4bac" />
      <TestMethod codeBase="D:\actions-runner\_work\XPCO\XPCO\SC\Components\RemoteViewer\SmartClient\tst\zSmartClient_UnitTest\bin\x64\Debug\net472\zSmartClient_UnitTest.dll" adapterTypeName="executor://mstestadapter/v2" className="SmartClient_UnitTest.VideoOS.RemoteClient.Plugin.GisMap.Handlers.Devices.MapItems.OutputDataHandlerTests" name="Constructor_ShouldRaiseArgumentNullException_WhenGisMapModelIsNull" />
    </UnitTest>
    <UnitTest name="GridSizeTest" storage="d:\actions-runner\_work\xpco\xpco\sc\components\remoteviewer\smartclient\tst\zsmartclient_unittest\bin\x64\debug\net472\zsmartclient_unittest.dll" id="f8d3c854-1d0a-1d27-f1f9-7cfc35295620">
      <Execution id="097c917e-56e2-49bb-919f-efb345672778" />
      <TestMethod codeBase="D:\actions-runner\_work\XPCO\XPCO\SC\Components\RemoteViewer\SmartClient\tst\zSmartClient_UnitTest\bin\x64\Debug\net472\zSmartClient_UnitTest.dll" adapterTypeName="executor://mstestadapter/v2" className="SmartClient_UnitTest.VideoOS.RemoteClient.Application.Data.ContentTypes.CameraContentType.PrivacyMaskTest" name="GridSizeTest" />
    </UnitTest>
    <UnitTest name="SupportsDoubleClick_ShouldBeTrue_WhenInteractionStateIsNormalAndInSetupMode" storage="d:\actions-runner\_work\xpco\xpco\sc\components\remoteviewer\smartclient\tst\zsmartclient_unittest\bin\x64\debug\net472\zsmartclient_unittest.dll" id="7aa29abd-7d3e-a7dc-4d9c-0edf39d05bae">
      <TestCategory>
        <TestCategoryItem TestCategory="GisMap.LegacyLinkMarker" />
      </TestCategory>
      <Execution id="42db00fb-9b20-4576-b67c-a696f727bb6c" />
      <TestMethod codeBase="D:\actions-runner\_work\XPCO\XPCO\SC\Components\RemoteViewer\SmartClient\tst\zSmartClient_UnitTest\bin\x64\Debug\net472\zSmartClient_UnitTest.dll" adapterTypeName="executor://mstestadapter/v2" className="SmartClient_UnitTest.VideoOS.RemoteClient.Plugin.GisMap.ThinkGeoMap.Markers.LegacyLinkMarker.LegacyLinkMarkerTests" name="SupportsDoubleClick_ShouldBeTrue_WhenInteractionStateIsNormalAndInSetupMode" />
    </UnitTest>
    <UnitTest name="Custom, not forced" storage="d:\actions-runner\_work\xpco\xpco\sc\components\remoteviewer\smartclient\tst\zsmartclient_unittest\bin\x64\debug\net472\zsmartclient_unittest.dll" id="0a273ad8-5b9b-36bf-ab85-61e3ea84486e">
      <TestCategory>
        <TestCategoryItem TestCategory="Export" />
      </TestCategory>
      <Execution id="7a3ef508-8e41-4867-8435-b9c930ca061d" />
      <TestMethod codeBase="D:\actions-runner\_work\XPCO\XPCO\SC\Components\RemoteViewer\SmartClient\tst\zSmartClient_UnitTest\bin\x64\Debug\net472\zSmartClient_UnitTest.dll" adapterTypeName="executor://mstestadapter/v2" className="SmartClient_UnitTest.VideoOS.RemoteClient.Plugin.Export.CreateExportDialogViewModelTests" name="CreateExportDialog_ExportPathCanBeModified_BasedOnOptions" />
    </UnitTest>
    <UnitTest name="Serialize_SearchDefinitionWithNonSerializableFilterValue_FilterValueOmitted" storage="d:\actions-runner\_work\xpco\xpco\sc\components\remoteviewer\smartclient\tst\zsmartclient_unittest\bin\x64\debug\net472\zsmartclient_unittest.dll" id="239b3280-9e3f-daec-90e9-2d7422e5091c">
      <TestCategory>
        <TestCategoryItem TestCategory="SearchSerialization" />
      </TestCategory>
      <Execution id="14259e23-8bd4-46e2-b335-e337b5cf55ea" />
      <TestMethod codeBase="D:\actions-runner\_work\XPCO\XPCO\SC\Components\RemoteViewer\SmartClient\tst\zSmartClient_UnitTest\bin\x64\Debug\net472\zSmartClient_UnitTest.dll" adapterTypeName="executor://mstestadapter/v2" className="SmartClient_UnitTest.VideoOS.RemoteClient.Plugin.CentralizedSearch.Models.Serialization.SearchSerializerTests" name="Serialize_SearchDefinitionWithNonSerializableFilterValue_FilterValueOmitted" />
    </UnitTest>
    <UnitTest name="SupportsRightClick_ShouldBeFalse_WhenInteractionStateIsNotNormal" storage="d:\actions-runner\_work\xpco\xpco\sc\components\remoteviewer\smartclient\tst\zsmartclient_unittest\bin\x64\debug\net472\zsmartclient_unittest.dll" id="a7e344e1-2528-5469-f149-8c729b6a9d91">
      <TestCategory>
        <TestCategoryItem TestCategory="GisMap.LocationMarker" />
      </TestCategory>
      <Execution id="6d5922cf-612a-4d4a-89f2-5715d6edcc27" />
      <TestMethod codeBase="D:\actions-runner\_work\XPCO\XPCO\SC\Components\RemoteViewer\SmartClient\tst\zSmartClient_UnitTest\bin\x64\Debug\net472\zSmartClient_UnitTest.dll" adapterTypeName="executor://mstestadapter/v2" className="SmartClient_UnitTest.VideoOS.RemoteClient.Plugin.GisMap.ThinkGeoMap.Markers.LocationMarker.LocationMarkerTests" name="SupportsRightClick_ShouldBeFalse_WhenInteractionStateIsNotNormal" />
    </UnitTest>
    <UnitTest name="PatrollingProfileViewModelTest_IsInEditMode_IsNotInEditMode_Unset" storage="d:\actions-runner\_work\xpco\xpco\sc\components\remoteviewer\smartclient\tst\zsmartclient_unittest\bin\x64\debug\net472\zsmartclient_unittest.dll" id="a2a3a958-6508-e929-6708-500cc4e3cc3a">
      <Execution id="eb2eddb9-bd6b-491f-ab89-1f7962f3bc88" />
      <TestMethod codeBase="D:\actions-runner\_work\XPCO\XPCO\SC\Components\RemoteViewer\SmartClient\tst\zSmartClient_UnitTest\bin\x64\Debug\net472\zSmartClient_UnitTest.dll" adapterTypeName="executor://mstestadapter/v2" className="SmartClient_UnitTest.VideoOS.RemoteClient.Application.UI.PtzPreset.PatrollingViewModel.PatrollingProfileViewModelTest" name="PatrollingProfileViewModelTest_IsInEditMode_IsNotInEditMode_Unset" />
    </UnitTest>
    <UnitTest name="NewSearchSelectedEvent_AllCategoriesSelected_Success" storage="d:\actions-runner\_work\xpco\xpco\sc\components\remoteviewer\smartclient\tst\zsmartclient_unittest\bin\x64\debug\net472\zsmartclient_unittest.dll" id="d6460871-04c1-69a0-835f-12db0d68e9bd">
      <TestCategory>
        <TestCategoryItem TestCategory="SearchControls" />
      </TestCategory>
      <Execution id="ce8feb9a-b768-42c9-9d82-ec2e7bfcfa3d" />
      <TestMethod codeBase="D:\actions-runner\_work\XPCO\XPCO\SC\Components\RemoteViewer\SmartClient\tst\zSmartClient_UnitTest\bin\x64\Debug\net472\zSmartClient_UnitTest.dll" adapterTypeName="executor://mstestadapter/v2" className="SmartClient_UnitTest.VideoOS.RemoteClient.Plugin.CentralizedSearch.Views.Controls.SearchCategorySelect.SelectSearchCategoryLayoutTests" name="NewSearchSelectedEvent_AllCategoriesSelected_Success" />
    </UnitTest>
    <UnitTest name="TestConstructor_windowManagerIsNull_FailWithArgumentNullException" storage="d:\actions-runner\_work\xpco\xpco\sc\components\remoteviewer\smartclient\tst\zsmartclient_unittest\bin\x64\debug\net472\zsmartclient_unittest.dll" id="a786e6a0-7158-6a05-c54a-28647fb14bb7">
      <TestCategory>
        <TestCategoryItem TestCategory="WorkroomController" />
      </TestCategory>
      <Execution id="6dfddd24-5a3a-495e-837a-b31706d9f942" />
      <TestMethod codeBase="D:\actions-runner\_work\XPCO\XPCO\SC\Components\RemoteViewer\SmartClient\tst\zSmartClient_UnitTest\bin\x64\Debug\net472\zSmartClient_UnitTest.dll" adapterTypeName="executor://mstestadapter/v2" className="VideoOS.RemoteClient.Application.Controllers.WorkroomController.UnitTest.TabWorkroomControllerTest" name="TestConstructor_windowManagerIsNull_FailWithArgumentNullException" />
    </UnitTest>
    <UnitTest name="PatrollingProfileViewModelTest_Save_CreateProfile" storage="d:\actions-runner\_work\xpco\xpco\sc\components\remoteviewer\smartclient\tst\zsmartclient_unittest\bin\x64\debug\net472\zsmartclient_unittest.dll" id="61c2e857-2ecc-1265-1a6e-d3f3e6eddf31">
      <Execution id="a96ddcea-2b74-4316-a5ab-6b7bc19d5f2c" />
      <TestMethod codeBase="D:\actions-runner\_work\XPCO\XPCO\SC\Components\RemoteViewer\SmartClient\tst\zSmartClient_UnitTest\bin\x64\Debug\net472\zSmartClient_UnitTest.dll" adapterTypeName="executor://mstestadapter/v2" className="SmartClient_UnitTest.VideoOS.RemoteClient.Application.UI.PtzPreset.PatrollingViewModel.PatrollingProfileViewModelTest" name="PatrollingProfileViewModelTest_Save_CreateProfile" />
    </UnitTest>
    <UnitTest name="Direction_XPCO_SC_RoundtripTransform_Success" storage="d:\actions-runner\_work\xpco\xpco\sc\components\remoteviewer\smartclient\tst\zsmartclient_unittest\bin\x64\debug\net472\zsmartclient_unittest.dll" id="78da3d90-e186-2eb8-9d50-1ad80ad9921b">
      <TestCategory>
        <TestCategoryItem TestCategory="GisMap" />
      </TestCategory>
      <Execution id="9227d243-8c79-42f0-a100-f5aae285b569" />
      <TestMethod codeBase="D:\actions-runner\_work\XPCO\XPCO\SC\Components\RemoteViewer\SmartClient\tst\zSmartClient_UnitTest\bin\x64\Debug\net472\zSmartClient_UnitTest.dll" adapterTypeName="executor://mstestadapter/v2" className="SmartClient_UnitTest.VideoOS.RemoteClient.GisMap.Utilities.GisUtilityTests" name="Direction_XPCO_SC_RoundtripTransform_Success" />
    </UnitTest>
    <UnitTest name="OnLoaded_NoDataContext_DoesNotCrash" storage="d:\actions-runner\_work\xpco\xpco\sc\components\remoteviewer\smartclient\tst\zsmartclient_unittest\bin\x64\debug\net472\zsmartclient_unittest.dll" id="5803be46-e356-847f-cccc-58e283b812ae">
      <TestCategory>
        <TestCategoryItem TestCategory="Search" />
      </TestCategory>
      <Execution id="4b090cbe-2d51-4952-a673-bb83f10f2113" />
      <TestMethod codeBase="D:\actions-runner\_work\XPCO\XPCO\SC\Components\RemoteViewer\SmartClient\tst\zSmartClient_UnitTest\bin\x64\Debug\net472\zSmartClient_UnitTest.dll" adapterTypeName="executor://mstestadapter/v2" className="SmartClient_UnitTest.VideoOS.RemoteClient.Plugin.CentralizedSearch.Views.SearchResultContainerViewTests" name="OnLoaded_NoDataContext_DoesNotCrash" />
    </UnitTest>
    <UnitTest name="ToUnsafeName_SingleSafeName_Success" storage="d:\actions-runner\_work\xpco\xpco\sc\components\remoteviewer\smartclient\tst\zsmartclient_unittest\bin\x64\debug\net472\zsmartclient_unittest.dll" id="1869091f-40a7-b7a8-b1dc-92bece636d41">
      <Execution id="1a491bf8-0185-42ed-9328-c2d77f4c5fc3" />
      <TestMethod codeBase="D:\actions-runner\_work\XPCO\XPCO\SC\Components\RemoteViewer\SmartClient\tst\zSmartClient_UnitTest\bin\x64\Debug\net472\zSmartClient_UnitTest.dll" adapterTypeName="executor://mstestadapter/v2" className="SmartClient_UnitTest.VideoOS.RemoteClient.Application.Common.Scripting.ReservedJavascriptKeywordsTests" name="ToUnsafeName_SingleSafeName_Success" />
    </UnitTest>
    <UnitTest name="CreateExportDialog_ProjectCommentOnlyVisible_WhenSmartClientFormatIsIncluded" storage="d:\actions-runner\_work\xpco\xpco\sc\components\remoteviewer\smartclient\tst\zsmartclient_unittest\bin\x64\debug\net472\zsmartclient_unittest.dll" id="f1b8d3af-7232-b482-4982-8c83d005f2cf">
      <TestCategory>
        <TestCategoryItem TestCategory="Export" />
      </TestCategory>
      <Execution id="59dd9b3b-a0fc-4152-871a-5f0d4131f566" />
      <TestMethod codeBase="D:\actions-runner\_work\XPCO\XPCO\SC\Components\RemoteViewer\SmartClient\tst\zSmartClient_UnitTest\bin\x64\Debug\net472\zSmartClient_UnitTest.dll" adapterTypeName="executor://mstestadapter/v2" className="SmartClient_UnitTest.VideoOS.RemoteClient.Plugin.Export.CreateExportDialogViewModelTests" name="CreateExportDialog_ProjectCommentOnlyVisible_WhenSmartClientFormatIsIncluded" />
    </UnitTest>
    <UnitTest name="CameraMapItem_ForceActivateAsync_InBuilding_Success" storage="d:\actions-runner\_work\xpco\xpco\sc\components\remoteviewer\smartclient\tst\zsmartclient_unittest\bin\x64\debug\net472\zsmartclient_unittest.dll" id="43d61832-991c-baec-6981-658713b1dd1b">
      <TestCategory>
        <TestCategoryItem TestCategory="GisMapMapItem" />
      </TestCategory>
      <Execution id="d63953a2-01c8-4377-b37b-4d4fe7778d75" />
      <TestMethod codeBase="D:\actions-runner\_work\XPCO\XPCO\SC\Components\RemoteViewer\SmartClient\tst\zSmartClient_UnitTest\bin\x64\Debug\net472\zSmartClient_UnitTest.dll" adapterTypeName="executor://mstestadapter/v2" className="SmartClient_UnitTest.VideoOS.RemoteClient.GisMap.MapItem.MapItemTests" name="CameraMapItem_ForceActivateAsync_InBuilding_Success" />
    </UnitTest>
    <UnitTest name="RightClick_ShouldNotSetContextMenu_WhenHostIsContextMenuAware" storage="d:\actions-runner\_work\xpco\xpco\sc\components\remoteviewer\smartclient\tst\zsmartclient_unittest\bin\x64\debug\net472\zsmartclient_unittest.dll" id="9b197971-a4a0-f2e7-cf86-c42cab4fc0ac">
      <TestCategory>
        <TestCategoryItem TestCategory="MapItemMarkerBase" />
      </TestCategory>
      <Execution id="3befec3c-50bf-4f37-818c-6e0e16009c26" />
      <TestMethod codeBase="D:\actions-runner\_work\XPCO\XPCO\SC\Components\RemoteViewer\SmartClient\tst\zSmartClient_UnitTest\bin\x64\Debug\net472\zSmartClient_UnitTest.dll" adapterTypeName="executor://mstestadapter/v2" className="SmartClient_UnitTest.VideoOS.RemoteClient.Plugin.GisMap.ThinkGeoMap.Markers.MapItemMarkerBaseTests" name="RightClick_ShouldNotSetContextMenu_WhenHostIsContextMenuAware" />
    </UnitTest>
    <UnitTest name="Constructor_ShouldInitializeProperties_WhenCalled" storage="d:\actions-runner\_work\xpco\xpco\sc\components\remoteviewer\smartclient\tst\zsmartclient_unittest\bin\x64\debug\net472\zsmartclient_unittest.dll" id="5770b0b5-2a66-8eb2-b129-73ab244ff2c9">
      <TestCategory>
        <TestCategoryItem TestCategory="GisMap.UI.DeviceSelectors.PanelComponents" />
      </TestCategory>
      <Execution id="eccb2eba-af3e-4461-afaf-8ead31fd4f4f" />
      <TestMethod codeBase="D:\actions-runner\_work\XPCO\XPCO\SC\Components\RemoteViewer\SmartClient\tst\zSmartClient_UnitTest\bin\x64\Debug\net472\zSmartClient_UnitTest.dll" adapterTypeName="executor://mstestadapter/v2" className="SmartClient_UnitTest.VideoOS.RemoteClient.Plugin.GisMap.UI.DeviceSelectors.PanelComponents.DeviceSelectorPanelComponentTests" name="Constructor_ShouldInitializeProperties_WhenCalled" />
    </UnitTest>
    <UnitTest name="DeviceIcons_ShouldNotBeEmpty_WhenCalled" storage="d:\actions-runner\_work\xpco\xpco\sc\components\remoteviewer\smartclient\tst\zsmartclient_unittest\bin\x64\debug\net472\zsmartclient_unittest.dll" id="880da315-51a5-facb-4f5d-0ceb4daad608">
      <TestCategory>
        <TestCategoryItem TestCategory="GisMapData.OutputOemResourcesProviderTests" />
      </TestCategory>
      <Execution id="e100f318-886b-45bf-8495-c5d21edef37d" />
      <TestMethod codeBase="D:\actions-runner\_work\XPCO\XPCO\SC\Components\RemoteViewer\SmartClient\tst\zSmartClient_UnitTest\bin\x64\Debug\net472\zSmartClient_UnitTest.dll" adapterTypeName="executor://mstestadapter/v2" className="SmartClient_UnitTest.VideoOS.RemoteClient.GisMapData.Resources.OutputOemResourcesProviderTests" name="DeviceIcons_ShouldNotBeEmpty_WhenCalled" />
    </UnitTest>
    <UnitTest name="ListenToMicrophone_ShouldBeCalled_WhenMicrophoneStateChangesToUnmuted" storage="d:\actions-runner\_work\xpco\xpco\sc\components\remoteviewer\smartclient\tst\zsmartclient_unittest\bin\x64\debug\net472\zsmartclient_unittest.dll" id="a8d5f143-40e9-2f91-37a6-26e5ad4ff867">
      <TestCategory>
        <TestCategoryItem TestCategory="GisMapAudioController" />
      </TestCategory>
      <Execution id="2216af2d-5f9c-4e36-872c-50e5af2ec70d" />
      <TestMethod codeBase="D:\actions-runner\_work\XPCO\XPCO\SC\Components\RemoteViewer\SmartClient\tst\zSmartClient_UnitTest\bin\x64\Debug\net472\zSmartClient_UnitTest.dll" adapterTypeName="executor://mstestadapter/v2" className="SmartClient_UnitTest.VideoOS.RemoteClient.GisMapData.GisMapAudioControllerTests" name="ListenToMicrophone_ShouldBeCalled_WhenMicrophoneStateChangesToUnmuted" />
    </UnitTest>
    <UnitTest name="SupportsDoubleClick_ShouldBeTrue_WhenInteractionStateIsNormal" storage="d:\actions-runner\_work\xpco\xpco\sc\components\remoteviewer\smartclient\tst\zsmartclient_unittest\bin\x64\debug\net472\zsmartclient_unittest.dll" id="400c5eaf-48ad-3c64-9e1d-3969836d1b6d">
      <TestCategory>
        <TestCategoryItem TestCategory="GisMap.MicrophoneMarkerTest" />
      </TestCategory>
      <Execution id="eb9d020a-6908-467b-a70c-2c526c898dc4" />
      <TestMethod codeBase="D:\actions-runner\_work\XPCO\XPCO\SC\Components\RemoteViewer\SmartClient\tst\zSmartClient_UnitTest\bin\x64\Debug\net472\zSmartClient_UnitTest.dll" adapterTypeName="executor://mstestadapter/v2" className="SmartClient_UnitTest.VideoOS.RemoteClient.Plugin.GisMap.ThinkGeoMap.Markers.DeviceMarkers.MicrophoneMarker.MicrophoneMarkerTests" name="SupportsDoubleClick_ShouldBeTrue_WhenInteractionStateIsNormal" />
    </UnitTest>
    <UnitTest name="TestForAssemblyCoverage" storage="d:\actions-runner\_work\xpco\xpco\sc\components\remoteviewer\smartclient\tst\zsmartclient_unittest\bin\x64\debug\net472\zsmartclient_unittest.dll" id="1d2a1f8c-9df5-1e11-ff05-9be1bb8085db">
      <Execution id="7a1a0f8c-e6e5-4f75-ac4d-bd3788b35370" />
      <TestMethod codeBase="D:\actions-runner\_work\XPCO\XPCO\SC\Components\RemoteViewer\SmartClient\tst\zSmartClient_UnitTest\bin\x64\Debug\net472\zSmartClient_UnitTest.dll" adapterTypeName="executor://mstestadapter/v2" className="SmartClient_UnitTest.VideoOS.RemoteClient.MainForm.UnitTest1" name="TestForAssemblyCoverage" />
    </UnitTest>
    <UnitTest name="ClearSelectedCommand_ClearsTheSelectedResults" storage="d:\actions-runner\_work\xpco\xpco\sc\components\remoteviewer\smartclient\tst\zsmartclient_unittest\bin\x64\debug\net472\zsmartclient_unittest.dll" id="6cf12226-4d60-3448-6119-955749ad1a56">
      <TestCategory>
        <TestCategoryItem TestCategory="SearchResultActionBarViewModel" />
      </TestCategory>
      <Execution id="db1b4de2-d68a-4cc4-a3d1-e9330725ba35" />
      <TestMethod codeBase="D:\actions-runner\_work\XPCO\XPCO\SC\Components\RemoteViewer\SmartClient\tst\zSmartClient_UnitTest\bin\x64\Debug\net472\zSmartClient_UnitTest.dll" adapterTypeName="executor://mstestadapter/v2" className="SmartClient_UnitTest.VideoOS.RemoteClient.Plugin.CentralizedSearch.ViewModels.SearchResultsActionBarViewModelTest" name="ClearSelectedCommand_ClearsTheSelectedResults" />
    </UnitTest>
    <UnitTest name="CreateReportAsync_ShouldNotFail_WhenAllResultFieldsAreLong" storage="d:\actions-runner\_work\xpco\xpco\sc\components\remoteviewer\smartclient\tst\zsmartclient_unittest\bin\x64\debug\net472\zsmartclient_unittest.dll" id="2f96cc7e-229b-c021-6453-b884afd8bfc0">
      <TestCategory>
        <TestCategoryItem TestCategory="Search" />
      </TestCategory>
      <Execution id="6198843a-6b49-4e89-a085-00f69c711212" />
      <TestMethod codeBase="D:\actions-runner\_work\XPCO\XPCO\SC\Components\RemoteViewer\SmartClient\tst\zSmartClient_UnitTest\bin\x64\Debug\net472\zSmartClient_UnitTest.dll" adapterTypeName="executor://mstestadapter/v2" className="SmartClient_UnitTest.VideoOS.RemoteClient.Plugin.CentralizedSearch.ViewModels.Utility.SearchReportPrintFactoryTests" name="CreateReportAsync_ShouldNotFail_WhenAllResultFieldsAreLong" />
    </UnitTest>
    <UnitTest name="SearchEventsAsync_ShouldReturnNull_WhenAccessControlLoginInfoIsNull" storage="d:\actions-runner\_work\xpco\xpco\sc\components\remoteviewer\smartclient\tst\zsmartclient_unittest\bin\x64\debug\net472\zsmartclient_unittest.dll" id="ecb78db4-fbd8-8b6b-a357-e550309c3c9c">
      <TestCategory>
        <TestCategoryItem TestCategory="AccessControl" />
      </TestCategory>
      <Execution id="1c5263b0-9e06-4c03-a68a-a58d9046fe48" />
      <TestMethod codeBase="D:\actions-runner\_work\XPCO\XPCO\SC\Components\RemoteViewer\SmartClient\tst\zSmartClient_UnitTest\bin\x64\Debug\net472\zSmartClient_UnitTest.dll" adapterTypeName="executor://mstestadapter/v2" className="SmartClient_UnitTest.VideoOS.RemoteClient.AccessControl.AccessControlManagerCoreTests" name="SearchEventsAsync_ShouldReturnNull_WhenAccessControlLoginInfoIsNull" />
    </UnitTest>
    <UnitTest name="ToDenormalizedDirection_Minus0_5" storage="d:\actions-runner\_work\xpco\xpco\sc\components\remoteviewer\smartclient\tst\zsmartclient_unittest\bin\x64\debug\net472\zsmartclient_unittest.dll" id="27435069-3b26-ac29-8504-ccee8722f11b">
      <TestCategory>
        <TestCategoryItem TestCategory="GisMap" />
      </TestCategory>
      <Execution id="4be320fc-e011-40aa-a23b-1d2392887ba5" />
      <TestMethod codeBase="D:\actions-runner\_work\XPCO\XPCO\SC\Components\RemoteViewer\SmartClient\tst\zSmartClient_UnitTest\bin\x64\Debug\net472\zSmartClient_UnitTest.dll" adapterTypeName="executor://mstestadapter/v2" className="SmartClient_UnitTest.VideoOS.RemoteClient.GisMap.Utilities.GisUtilityTests" name="ToDenormalizedDirection_Minus0_5" />
    </UnitTest>
    <UnitTest name="DrawCore_ShouldNotDisplayClusterMarkers_WhenClusteringDisabled" storage="d:\actions-runner\_work\xpco\xpco\sc\components\remoteviewer\smartclient\tst\zsmartclient_unittest\bin\x64\debug\net472\zsmartclient_unittest.dll" id="701dc107-7f79-fab2-b18e-55df056f2ab4">
      <TestCategory>
        <TestCategoryItem TestCategory="SmartMap.MapItemsOverlay" />
      </TestCategory>
      <Execution id="a7de1554-421b-474b-98ba-6a4008ef2e56" />
      <TestMethod codeBase="D:\actions-runner\_work\XPCO\XPCO\SC\Components\RemoteViewer\SmartClient\tst\zSmartClient_UnitTest\bin\x64\Debug\net472\zSmartClient_UnitTest.dll" adapterTypeName="executor://mstestadapter/v2" className="SmartClient_UnitTest.VideoOS.RemoteClient.Plugin.GisMap.ThinkGeoMap.SpecializedOverlays.Overlays.MapItemsOverlayTests" name="DrawCore_ShouldNotDisplayClusterMarkers_WhenClusteringDisabled" />
    </UnitTest>
    <UnitTest name="Perform_FirstAction_Success" storage="d:\actions-runner\_work\xpco\xpco\sc\components\remoteviewer\smartclient\tst\zsmartclient_unittest\bin\x64\debug\net472\zsmartclient_unittest.dll" id="ecf00477-94a3-5251-4140-6240ac1b0b60">
      <TestCategory>
        <TestCategoryItem TestCategory="UI.Facilitators" />
      </TestCategory>
      <Execution id="7d55cd65-fac3-411c-97ce-bd131c4caf06" />
      <TestMethod codeBase="D:\actions-runner\_work\XPCO\XPCO\SC\Components\RemoteViewer\SmartClient\tst\zSmartClient_UnitTest\bin\x64\Debug\net472\zSmartClient_UnitTest.dll" adapterTypeName="executor://mstestadapter/v2" className="SmartClient_UnitTest.VideoOS.UI.Common.EventDrivenBufferWithDelayTests" name="Perform_FirstAction_Success" />
    </UnitTest>
    <UnitTest name="ToDenormalizedFieldOfView_0_5" storage="d:\actions-runner\_work\xpco\xpco\sc\components\remoteviewer\smartclient\tst\zsmartclient_unittest\bin\x64\debug\net472\zsmartclient_unittest.dll" id="53bc71ef-c08f-8372-fdf8-0535984f2d5b">
      <TestCategory>
        <TestCategoryItem TestCategory="GisMap" />
      </TestCategory>
      <Execution id="40ab8601-952b-4df0-a10a-c279be1fe394" />
      <TestMethod codeBase="D:\actions-runner\_work\XPCO\XPCO\SC\Components\RemoteViewer\SmartClient\tst\zSmartClient_UnitTest\bin\x64\Debug\net472\zSmartClient_UnitTest.dll" adapterTypeName="executor://mstestadapter/v2" className="SmartClient_UnitTest.VideoOS.RemoteClient.GisMap.Utilities.GisUtilityTests" name="ToDenormalizedFieldOfView_0_5" />
    </UnitTest>
    <UnitTest name="RightButtonUp_ShouldNotChangeActiveInteractionState_WhenInteractionStateIsAddNewDevice" storage="d:\actions-runner\_work\xpco\xpco\sc\components\remoteviewer\smartclient\tst\zsmartclient_unittest\bin\x64\debug\net472\zsmartclient_unittest.dll" id="dfb5cf56-cecf-f905-a0de-98205eae9749">
      <TestCategory>
        <TestCategoryItem TestCategory="GisMap.MapControl" />
      </TestCategory>
      <Execution id="0097e4e1-8b17-42aa-98d7-2405b49af66a" />
      <TestMethod codeBase="D:\actions-runner\_work\XPCO\XPCO\SC\Components\RemoteViewer\SmartClient\tst\zSmartClient_UnitTest\bin\x64\Debug\net472\zSmartClient_UnitTest.dll" adapterTypeName="executor://mstestadapter/v2" className="SmartClient_UnitTest.VideoOS.RemoteClient.Plugin.GisMap.ThinkGeoMap.ThinkGeoMapControlTests" name="RightButtonUp_ShouldNotChangeActiveInteractionState_WhenInteractionStateIsAddNewDevice" />
    </UnitTest>
    <UnitTest name="SearchResultsReady_ShouldReturnAllResults_WhenSearchResultIdsAreUnique" storage="d:\actions-runner\_work\xpco\xpco\sc\components\remoteviewer\smartclient\tst\zsmartclient_unittest\bin\x64\debug\net472\zsmartclient_unittest.dll" id="7f31e1a8-eb37-a7f7-05cb-b001ed2dcb3c">
      <TestCategory>
        <TestCategoryItem TestCategory="SearchModels" />
      </TestCategory>
      <Execution id="f057bbd6-8a01-4dcf-99d3-f057783cea51" />
      <TestMethod codeBase="D:\actions-runner\_work\XPCO\XPCO\SC\Components\RemoteViewer\SmartClient\tst\zSmartClient_UnitTest\bin\x64\Debug\net472\zSmartClient_UnitTest.dll" adapterTypeName="executor://mstestadapter/v2" className="SmartClient_UnitTest.VideoOS.RemoteClient.Plugin.CentralizedSearch.Models.SearchModelTests" name="SearchResultsReady_ShouldReturnAllResults_WhenSearchResultIdsAreUnique" />
    </UnitTest>
    <UnitTest name="AndOrSearchDefinitionToCornerRadiusMultiConverter_CallConvert_Or" storage="d:\actions-runner\_work\xpco\xpco\sc\components\remoteviewer\smartclient\tst\zsmartclient_unittest\bin\x64\debug\net472\zsmartclient_unittest.dll" id="c620d01b-a235-adbe-ef3b-c8f7cbb07bda">
      <TestCategory>
        <TestCategoryItem TestCategory="SearchConverter" />
      </TestCategory>
      <Execution id="a0086247-1858-45ed-9f68-347f7c495314" />
      <TestMethod codeBase="D:\actions-runner\_work\XPCO\XPCO\SC\Components\RemoteViewer\SmartClient\tst\zSmartClient_UnitTest\bin\x64\Debug\net472\zSmartClient_UnitTest.dll" adapterTypeName="executor://mstestadapter/v2" className="SmartClient_UnitTest.VideoOS.RemoteClient.Plugin.CentralizedSearch.Views.Converters.AndOrSearchDefinitionMultiConverterTests" name="AndOrSearchDefinitionToCornerRadiusMultiConverter_CallConvert_Or" />
    </UnitTest>
    <UnitTest name="InputMapItem_ForceActivateAsync_InBuilding_Success" storage="d:\actions-runner\_work\xpco\xpco\sc\components\remoteviewer\smartclient\tst\zsmartclient_unittest\bin\x64\debug\net472\zsmartclient_unittest.dll" id="66fabd13-f03e-562d-f4ae-a70f6ebf368b">
      <TestCategory>
        <TestCategoryItem TestCategory="GisMapData.MapItem.Inputs" />
      </TestCategory>
      <Execution id="6fbd31f5-0c5f-460a-ba6a-47277555a017" />
      <TestMethod codeBase="D:\actions-runner\_work\XPCO\XPCO\SC\Components\RemoteViewer\SmartClient\tst\zSmartClient_UnitTest\bin\x64\Debug\net472\zSmartClient_UnitTest.dll" adapterTypeName="executor://mstestadapter/v2" className="SmartClient_UnitTest.VideoOS.RemoteClient.GisMapData.MapItem.Inputs.InputMapItemTests" name="InputMapItem_ForceActivateAsync_InBuilding_Success" />
    </UnitTest>
    <UnitTest name="Deserialize_ShouldIncludeCombineTypeOr_WhenCombineTypeIsOrInXml" storage="d:\actions-runner\_work\xpco\xpco\sc\components\remoteviewer\smartclient\tst\zsmartclient_unittest\bin\x64\debug\net472\zsmartclient_unittest.dll" id="77328071-fcbe-8814-7b38-9b55da6b9e94">
      <TestCategory>
        <TestCategoryItem TestCategory="SearchSerialization" />
      </TestCategory>
      <Execution id="9dcebdb0-0406-4455-92a2-d41901a3e1c0" />
      <TestMethod codeBase="D:\actions-runner\_work\XPCO\XPCO\SC\Components\RemoteViewer\SmartClient\tst\zSmartClient_UnitTest\bin\x64\Debug\net472\zSmartClient_UnitTest.dll" adapterTypeName="executor://mstestadapter/v2" className="SmartClient_UnitTest.VideoOS.RemoteClient.Plugin.CentralizedSearch.Models.Serialization.SearchSerializerTests" name="Deserialize_ShouldIncludeCombineTypeOr_WhenCombineTypeIsOrInXml" />
    </UnitTest>
    <UnitTest name="CalculateNewExtent_ShouldScaleEvenly_WhenWithinMaxInUpperRight" storage="d:\actions-runner\_work\xpco\xpco\sc\components\remoteviewer\smartclient\tst\zsmartclient_unittest\bin\x64\debug\net472\zsmartclient_unittest.dll" id="471a9d0c-0431-d46b-1459-094d77836e47">
      <TestCategory>
        <TestCategoryItem TestCategory="MipItemsUpdateStrategy" />
      </TestCategory>
      <Execution id="4fcb0221-d714-43ad-99b1-9f327f85dce6" />
      <TestMethod codeBase="D:\actions-runner\_work\XPCO\XPCO\SC\Components\RemoteViewer\SmartClient\tst\zSmartClient_UnitTest\bin\x64\Debug\net472\zSmartClient_UnitTest.dll" adapterTypeName="executor://mstestadapter/v2" className="SmartClient_UnitTest.VideoOS.RemoteClient.Plugin.GisMap.MIP.MipItemsUpdateStrategyTests" name="CalculateNewExtent_ShouldScaleEvenly_WhenWithinMaxInUpperRight" />
    </UnitTest>
    <UnitTest name="SearchResultsActionBarActions_CreateSnapshot_InvokeCommand_MultipleSnapshotsSucceeded_CorrectStatusTextShown" storage="d:\actions-runner\_work\xpco\xpco\sc\components\remoteviewer\smartclient\tst\zsmartclient_unittest\bin\x64\debug\net472\zsmartclient_unittest.dll" id="d2b63634-b2a8-712b-6997-a00fbcbd57df">
      <TestCategory>
        <TestCategoryItem TestCategory="SearchResultActionBarViewModel" />
      </TestCategory>
      <Execution id="a21e5f35-5f20-4ad8-bbe2-15e727f5e8eb" />
      <TestMethod codeBase="D:\actions-runner\_work\XPCO\XPCO\SC\Components\RemoteViewer\SmartClient\tst\zSmartClient_UnitTest\bin\x64\Debug\net472\zSmartClient_UnitTest.dll" adapterTypeName="executor://mstestadapter/v2" className="SmartClient_UnitTest.VideoOS.RemoteClient.Plugin.CentralizedSearch.ViewModels.SearchResultsActionBarViewModelTest" name="SearchResultsActionBarActions_CreateSnapshot_InvokeCommand_MultipleSnapshotsSucceeded_CorrectStatusTextShown" />
    </UnitTest>
    <UnitTest name="AddToExportDevices_ShouldReturnCorrectResult (0,5,5)" storage="d:\actions-runner\_work\xpco\xpco\sc\components\remoteviewer\smartclient\tst\zsmartclient_unittest\bin\x64\debug\net472\zsmartclient_unittest.dll" id="f51cf9e2-cdcd-f8dd-962c-cbd4db2c5ec7">
      <TestCategory>
        <TestCategoryItem TestCategory="Managers" />
      </TestCategory>
      <Execution id="b01b0c27-f3f0-4670-b97f-f76536ab6271" />
      <TestMethod codeBase="D:\actions-runner\_work\XPCO\XPCO\SC\Components\RemoteViewer\SmartClient\tst\zSmartClient_UnitTest\bin\x64\Debug\net472\zSmartClient_UnitTest.dll" adapterTypeName="executor://mstestadapter/v2" className="SmartClient_UnitTest.VideoOS.RemoteClient.Application.Managers.ExportManagerTests" name="AddToExportDevices_ShouldReturnCorrectResult" />
    </UnitTest>
    <UnitTest name="GetSnapshots_NoWritePermissionOnDirectory_Failure" storage="d:\actions-runner\_work\xpco\xpco\sc\components\remoteviewer\smartclient\tst\zsmartclient_unittest\bin\x64\debug\net472\zsmartclient_unittest.dll" id="6bd74aa1-066e-7f55-8ec9-3c760d2fdfa7">
      <TestCategory>
        <TestCategoryItem TestCategory="Search" />
      </TestCategory>
      <Execution id="98da7ec9-6d64-4aad-9a66-43751708e2b9" />
      <TestMethod codeBase="D:\actions-runner\_work\XPCO\XPCO\SC\Components\RemoteViewer\SmartClient\tst\zSmartClient_UnitTest\bin\x64\Debug\net472\zSmartClient_UnitTest.dll" adapterTypeName="executor://mstestadapter/v2" className="SmartClient_UnitTest.VideoOS.RemoteClient.Plugin.CentralizedSearch.ViewModels.Data.SnapshotHandlerTests" name="GetSnapshots_NoWritePermissionOnDirectory_Failure" />
    </UnitTest>
    <UnitTest name="HandleSetLayerFeatures_ShouldRaiseArgumentException_WhenInputKindAndNotInputLayerFeatures" storage="d:\actions-runner\_work\xpco\xpco\sc\components\remoteviewer\smartclient\tst\zsmartclient_unittest\bin\x64\debug\net472\zsmartclient_unittest.dll" id="ea6b211e-3258-7db9-8b82-11e88b9536ce">
      <TestCategory>
        <TestCategoryItem TestCategory="GisMapData.Handlers.LayerFeatures" />
      </TestCategory>
      <Execution id="916b0c6e-1782-4b36-be3f-f6e4a4a1c9b7" />
      <TestMethod codeBase="D:\actions-runner\_work\XPCO\XPCO\SC\Components\RemoteViewer\SmartClient\tst\zSmartClient_UnitTest\bin\x64\Debug\net472\zSmartClient_UnitTest.dll" adapterTypeName="executor://mstestadapter/v2" className="SmartClient_UnitTest.VideoOS.RemoteClient.GisMapData.Handlers.LayerFeatures.InputLayerFeaturesHandlerTests" name="HandleSetLayerFeatures_ShouldRaiseArgumentException_WhenInputKindAndNotInputLayerFeatures" />
    </UnitTest>
    <UnitTest name="ShowAccessControlSystems_ShouldReturnTrue_WhenTwoACSystemsAvailable" storage="d:\actions-runner\_work\xpco\xpco\sc\components\remoteviewer\smartclient\tst\zsmartclient_unittest\bin\x64\debug\net472\zsmartclient_unittest.dll" id="2393804e-4c64-30b5-d8f4-67c3cee41ca1">
      <Execution id="c0e30033-ea0c-4577-b55e-e3356edd1bfd" />
      <TestMethod codeBase="D:\actions-runner\_work\XPCO\XPCO\SC\Components\RemoteViewer\SmartClient\tst\zSmartClient_UnitTest\bin\x64\Debug\net472\zSmartClient_UnitTest.dll" adapterTypeName="executor://mstestadapter/v2" className="SmartClient_UnitTest.VideoOS.RemoteClient.AccessControl.ViewModel.CardholdersTabViewModelTests" name="ShowAccessControlSystems_ShouldReturnTrue_WhenTwoACSystemsAvailable" />
    </UnitTest>
    <UnitTest name="UserInfoDto_ShouldYieldSameValues_WhenRoundTripConverted" storage="d:\actions-runner\_work\xpco\xpco\sc\components\remoteviewer\smartclient\tst\zsmartclient_unittest\bin\x64\debug\net472\zsmartclient_unittest.dll" id="a721bda0-d060-fd7b-5877-e579358eb55b">
      <TestCategory>
        <TestCategoryItem TestCategory="RecorderProxyToDtoMapping" />
      </TestCategory>
      <Execution id="56835652-a9d1-4a84-8638-80d2b3445eba" />
      <TestMethod codeBase="D:\actions-runner\_work\XPCO\XPCO\SC\Components\RemoteViewer\SmartClient\tst\zSmartClient_UnitTest\bin\x64\Debug\net472\zSmartClient_UnitTest.dll" adapterTypeName="executor://mstestadapter/v2" className="VideoOS.Shared.ServerAPI.SOAP.RecorderClientMappingTests" name="UserInfoDto_ShouldYieldSameValues_WhenRoundTripConverted" />
    </UnitTest>
    <UnitTest name="Ctor_NullPassedToNotNullParameters_Failure" storage="d:\actions-runner\_work\xpco\xpco\sc\components\remoteviewer\smartclient\tst\zsmartclient_unittest\bin\x64\debug\net472\zsmartclient_unittest.dll" id="66234323-7949-a946-9adf-97375c9fed0b">
      <TestCategory>
        <TestCategoryItem TestCategory="SearchResultViewModels" />
      </TestCategory>
      <Execution id="b873e9ee-7c34-40b2-8a10-cc0d7d34b9d3" />
      <TestMethod codeBase="D:\actions-runner\_work\XPCO\XPCO\SC\Components\RemoteViewer\SmartClient\tst\zSmartClient_UnitTest\bin\x64\Debug\net472\zSmartClient_UnitTest.dll" adapterTypeName="executor://mstestadapter/v2" className="SmartClient_UnitTest.VideoOS.RemoteClient.Plugin.CentralizedSearch.ViewModels.SearchResultsViewModelTest" name="Ctor_NullPassedToNotNullParameters_Failure" />
    </UnitTest>
    <UnitTest name="SignUrl_WhereSignatureIsNull_ThrowException" storage="d:\actions-runner\_work\xpco\xpco\sc\components\remoteviewer\smartclient\tst\zsmartclient_unittest\bin\x64\debug\net472\zsmartclient_unittest.dll" id="8f5491df-5fca-1dbe-cd17-6a2db5019ce9">
      <Execution id="3084385c-a656-46d7-9a44-215f806f64ce" />
      <TestMethod codeBase="D:\actions-runner\_work\XPCO\XPCO\SC\Components\RemoteViewer\SmartClient\tst\zSmartClient_UnitTest\bin\x64\Debug\net472\zSmartClient_UnitTest.dll" adapterTypeName="executor://mstestadapter/v2" className="SmartClient_UnitTest.VideoOS.RemoteClient.Plugin.GisMap.Utilities.GoogleApiUrlTest" name="SignUrl_WhereSignatureIsNull_ThrowException" />
    </UnitTest>
    <UnitTest name="SmartMapGoToPositionHandler_WhenLongitudeIsInvalid_ShouldWriteToLog" storage="d:\actions-runner\_work\xpco\xpco\sc\components\remoteviewer\smartclient\tst\zsmartclient_unittest\bin\x64\debug\net472\zsmartclient_unittest.dll" id="6fb4919f-9275-fa65-8704-748d9ebfe4e0">
      <Execution id="b1f40b4f-892a-4006-9d3c-ff7cfac28599" />
      <TestMethod codeBase="D:\actions-runner\_work\XPCO\XPCO\SC\Components\RemoteViewer\SmartClient\tst\zSmartClient_UnitTest\bin\x64\Debug\net472\zSmartClient_UnitTest.dll" adapterTypeName="executor://mstestadapter/v2" className="SmartClient_UnitTest.VideoOS.RemoteClient.Plugin.GisMap.MIP.ContentHolderMipMessageManagerTests" name="SmartMapGoToPositionHandler_WhenLongitudeIsInvalid_ShouldWriteToLog" />
    </UnitTest>
    <UnitTest name="CameraMapItem_ForceActivateAsync_NotInBuilding_Success" storage="d:\actions-runner\_work\xpco\xpco\sc\components\remoteviewer\smartclient\tst\zsmartclient_unittest\bin\x64\debug\net472\zsmartclient_unittest.dll" id="d4872f30-d2e7-fc1d-f456-df3197080a48">
      <TestCategory>
        <TestCategoryItem TestCategory="GisMapMapItem" />
      </TestCategory>
      <Execution id="0cbbd7bd-3f2b-49fa-9e00-9b8b79c94571" />
      <TestMethod codeBase="D:\actions-runner\_work\XPCO\XPCO\SC\Components\RemoteViewer\SmartClient\tst\zSmartClient_UnitTest\bin\x64\Debug\net472\zSmartClient_UnitTest.dll" adapterTypeName="executor://mstestadapter/v2" className="SmartClient_UnitTest.VideoOS.RemoteClient.GisMap.MapItem.MapItemTests" name="CameraMapItem_ForceActivateAsync_NotInBuilding_Success" />
    </UnitTest>
    <UnitTest name="Related_device_with_no_create_rights_not_added_when_in_edit_mode" storage="d:\actions-runner\_work\xpco\xpco\sc\components\remoteviewer\smartclient\tst\zsmartclient_unittest\bin\x64\debug\net472\zsmartclient_unittest.dll" id="368cb1e4-cb3a-71e3-96c7-b85f55f12c0c">
      <Execution id="33f94f20-9b45-44a4-8503-12117843af07" />
      <TestMethod codeBase="D:\actions-runner\_work\XPCO\XPCO\SC\Components\RemoteViewer\SmartClient\tst\zSmartClient_UnitTest\bin\x64\Debug\net472\zSmartClient_UnitTest.dll" adapterTypeName="executor://mstestadapter/v2" className="SmartClient_UnitTest.VideoOS.RemoteClient.Application.Components.EvidenceLock.EvidenceLockRelatedDeviceRightsTests" name="Related_device_with_no_create_rights_not_added_when_in_edit_mode" />
    </UnitTest>
    <UnitTest name="Dispose_ClusterMarkersNotDisposed_WhenMarkerMovedToCache" storage="d:\actions-runner\_work\xpco\xpco\sc\components\remoteviewer\smartclient\tst\zsmartclient_unittest\bin\x64\debug\net472\zsmartclient_unittest.dll" id="a2585aed-0f0c-4b5a-b559-bb2fb6af779c">
      <TestCategory>
        <TestCategoryItem TestCategory="SmartMap.MapItemsOverlay" />
      </TestCategory>
      <Execution id="700ee84f-43a8-4559-9d5a-583761f1f0af" />
      <TestMethod codeBase="D:\actions-runner\_work\XPCO\XPCO\SC\Components\RemoteViewer\SmartClient\tst\zSmartClient_UnitTest\bin\x64\Debug\net472\zSmartClient_UnitTest.dll" adapterTypeName="executor://mstestadapter/v2" className="SmartClient_UnitTest.VideoOS.RemoteClient.Plugin.GisMap.ThinkGeoMap.SpecializedOverlays.Overlays.MapItemsOverlayTests" name="Dispose_ClusterMarkersNotDisposed_WhenMarkerMovedToCache" />
    </UnitTest>
    <UnitTest name="PatrollingProfileListViewModel_DeleteProfileCommand" storage="d:\actions-runner\_work\xpco\xpco\sc\components\remoteviewer\smartclient\tst\zsmartclient_unittest\bin\x64\debug\net472\zsmartclient_unittest.dll" id="51482505-ca37-9cd6-7636-ffa697390b81">
      <Execution id="7f2eea1f-bf91-4e81-a783-ba108919f4f9" />
      <TestMethod codeBase="D:\actions-runner\_work\XPCO\XPCO\SC\Components\RemoteViewer\SmartClient\tst\zSmartClient_UnitTest\bin\x64\Debug\net472\zSmartClient_UnitTest.dll" adapterTypeName="executor://mstestadapter/v2" className="SmartClient_UnitTest.VideoOS.RemoteClient.Application.UI.PtzPreset.PatrollingViewModel.PatrollingProfileListViewModelTest" name="PatrollingProfileListViewModel_DeleteProfileCommand" />
    </UnitTest>
    <UnitTest name="RequiredGuidProviderStrategies_ShouldHaveOneMd5Strategy_WhenEventServerIdsAreNonFipsCompliant" storage="d:\actions-runner\_work\xpco\xpco\sc\components\remoteviewer\smartclient\tst\zsmartclient_unittest\bin\x64\debug\net472\zsmartclient_unittest.dll" id="da008dea-21a3-bbc8-6446-27067c0278d2">
      <TestCategory>
        <TestCategoryItem TestCategory="AccessControl.Services" />
      </TestCategory>
      <Execution id="171940c2-7828-4671-b88c-c1556ba4aca0" />
      <TestMethod codeBase="D:\actions-runner\_work\XPCO\XPCO\SC\Components\RemoteViewer\SmartClient\tst\zSmartClient_UnitTest\bin\x64\Debug\net472\zSmartClient_UnitTest.dll" adapterTypeName="executor://mstestadapter/v2" className="SmartClient_UnitTest.VideoOS.RemoteClient.AccessControl.Services.AccessControlGuidProviderTests" name="RequiredGuidProviderStrategies_ShouldHaveOneMd5Strategy_WhenEventServerIdsAreNonFipsCompliant" />
    </UnitTest>
    <UnitTest name="Decorate_ShouldRaiseMissingMethodException_WhenDecoratorUsesLayerVisibilityItemData" storage="d:\actions-runner\_work\xpco\xpco\sc\components\remoteviewer\smartclient\tst\zsmartclient_unittest\bin\x64\debug\net472\zsmartclient_unittest.dll" id="22f57bdb-c5ee-b53f-99a9-02334618ffe6">
      <TestCategory>
        <TestCategoryItem TestCategory="GisMap.LayerVisibilityItemDataChildrenToggleItemDecoratorTests" />
      </TestCategory>
      <Execution id="efe9a0c5-1b22-4ac1-9561-010982015a79" />
      <TestMethod codeBase="D:\actions-runner\_work\XPCO\XPCO\SC\Components\RemoteViewer\SmartClient\tst\zSmartClient_UnitTest\bin\x64\Debug\net472\zSmartClient_UnitTest.dll" adapterTypeName="executor://mstestadapter/v2" className="SmartClient_UnitTest.VideoOS.RemoteClient.Plugin.GisMap.ViewModels.LayersVisibility.Decorators.LayerVisibilityItemDataChildrenToggleItemDecoratorTests" name="Decorate_ShouldRaiseMissingMethodException_WhenDecoratorUsesLayerVisibilityItemData" />
    </UnitTest>
    <UnitTest name="FetchDeviceConfiguration_ShouldLoadFromServer_WhenCacheFileIsNotPresentAndFetchTypeIsOnlyCache" storage="d:\actions-runner\_work\xpco\xpco\sc\components\remoteviewer\smartclient\tst\zsmartclient_unittest\bin\x64\debug\net472\zsmartclient_unittest.dll" id="6d978bab-aad4-7287-6436-c0f917b175ca">
      <Execution id="4370896f-e57c-43fe-a863-e931f0da5a86" />
      <TestMethod codeBase="D:\actions-runner\_work\XPCO\XPCO\SC\Components\RemoteViewer\SmartClient\tst\zSmartClient_UnitTest\bin\x64\Debug\net472\zSmartClient_UnitTest.dll" adapterTypeName="executor://mstestadapter/v2" className="SmartClient_UnitTest.VideoOS.RemoteClient.Application.Controllers.Helpers.DeviceConfigurationFetcherTests" name="FetchDeviceConfiguration_ShouldLoadFromServer_WhenCacheFileIsNotPresentAndFetchTypeIsOnlyCache" />
    </UnitTest>
    <UnitTest name="RemoveCameraTest" storage="d:\actions-runner\_work\xpco\xpco\sc\components\remoteviewer\smartclient\tst\zsmartclient_unittest\bin\x64\debug\net472\zsmartclient_unittest.dll" id="2ed74c97-cc2b-13bf-aac4-2247c3b9fbc5">
      <Execution id="fdf651d2-359f-44d2-9969-9ea0b66a3c75" />
      <TestMethod codeBase="D:\actions-runner\_work\XPCO\XPCO\SC\Components\RemoteViewer\SmartClient\tst\zSmartClient_UnitTest\bin\x64\Debug\net472\zSmartClient_UnitTest.dll" adapterTypeName="executor://mstestadapter/v2" className="SmartClient_UnitTest.VideoOS.Shared.ServerAPI.IServerConfigurationTest" name="RemoveCameraTest" />
    </UnitTest>
    <UnitTest name="GetIsOpenStreetMapValid_ShouldReturnTrue_WhenGeographicLayerIsAvailableAndAlternativeServerIsEmpty" storage="d:\actions-runner\_work\xpco\xpco\sc\components\remoteviewer\smartclient\tst\zsmartclient_unittest\bin\x64\debug\net472\zsmartclient_unittest.dll" id="336b8482-3bf7-7f8c-61fa-1897c8b88bb6">
      <TestCategory>
        <TestCategoryItem TestCategory="GisMapData.Controllers.Osm" />
      </TestCategory>
      <Execution id="599d3298-b882-48a3-8677-fe4459a1a19a" />
      <TestMethod codeBase="D:\actions-runner\_work\XPCO\XPCO\SC\Components\RemoteViewer\SmartClient\tst\zSmartClient_UnitTest\bin\x64\Debug\net472\zSmartClient_UnitTest.dll" adapterTypeName="executor://mstestadapter/v2" className="SmartClient_UnitTest.VideoOS.RemoteClient.GisMapData.Controllers.Osm.GisMapOsmControllerTests" name="GetIsOpenStreetMapValid_ShouldReturnTrue_WhenGeographicLayerIsAvailableAndAlternativeServerIsEmpty" />
    </UnitTest>
    <UnitTest name="ValidateExportFormats_VideoClipFormat_ShouldReturnFailResult_PrePostTextsRequired" storage="d:\actions-runner\_work\xpco\xpco\sc\components\remoteviewer\smartclient\tst\zsmartclient_unittest\bin\x64\debug\net472\zsmartclient_unittest.dll" id="e9db157d-7d85-2810-0c2d-91345491fde3">
      <TestCategory>
        <TestCategoryItem TestCategory="Export" />
      </TestCategory>
      <Execution id="91270cf6-64fe-4043-a138-431ce3982dc4" />
      <TestMethod codeBase="D:\actions-runner\_work\XPCO\XPCO\SC\Components\RemoteViewer\SmartClient\tst\zSmartClient_UnitTest\bin\x64\Debug\net472\zSmartClient_UnitTest.dll" adapterTypeName="executor://mstestadapter/v2" className="SmartClient_UnitTest.VideoOS.RemoteClient.Plugin.Export.ExportDataValidatorTests" name="ValidateExportFormats_VideoClipFormat_ShouldReturnFailResult_PrePostTextsRequired" />
    </UnitTest>
    <UnitTest name="GetOsmServerAddress_ShouldReturnAlternativeServerValue_WhenGeographicLayerIsUnavailable" storage="d:\actions-runner\_work\xpco\xpco\sc\components\remoteviewer\smartclient\tst\zsmartclient_unittest\bin\x64\debug\net472\zsmartclient_unittest.dll" id="738cbe03-e159-a418-8d3e-aaea3bd6f9f5">
      <TestCategory>
        <TestCategoryItem TestCategory="GisMapData.Controllers.Osm" />
      </TestCategory>
      <Execution id="a328f519-f430-4375-bb0c-caacd74b4c94" />
      <TestMethod codeBase="D:\actions-runner\_work\XPCO\XPCO\SC\Components\RemoteViewer\SmartClient\tst\zSmartClient_UnitTest\bin\x64\Debug\net472\zSmartClient_UnitTest.dll" adapterTypeName="executor://mstestadapter/v2" className="SmartClient_UnitTest.VideoOS.RemoteClient.GisMapData.Controllers.Osm.GisMapOsmControllerTests" name="GetOsmServerAddress_ShouldReturnAlternativeServerValue_WhenGeographicLayerIsUnavailable" />
    </UnitTest>
    <UnitTest name="ReorderLevels12to21_Success" storage="d:\actions-runner\_work\xpco\xpco\sc\components\remoteviewer\smartclient\tst\zsmartclient_unittest\bin\x64\debug\net472\zsmartclient_unittest.dll" id="e76554b4-34ba-70cf-dfc9-f4d63f94ac41">
      <TestCategory>
        <TestCategoryItem TestCategory="GisMapBuilding" />
      </TestCategory>
      <Execution id="c077ae44-5b54-44b5-8b82-b3054a79fa0a" />
      <TestMethod codeBase="D:\actions-runner\_work\XPCO\XPCO\SC\Components\RemoteViewer\SmartClient\tst\zSmartClient_UnitTest\bin\x64\Debug\net472\zSmartClient_UnitTest.dll" adapterTypeName="executor://mstestadapter/v2" className="SmartClient_UnitTest.VideoOS.RemoteClient.GisMap.MapBuildingTests" name="ReorderLevels12to21_Success" />
    </UnitTest>
    <UnitTest name="MicrophoneIconStates_ShouldReturnMicrophoneIconStatesInAProperOrder_WhenCalled" storage="d:\actions-runner\_work\xpco\xpco\sc\components\remoteviewer\smartclient\tst\zsmartclient_unittest\bin\x64\debug\net472\zsmartclient_unittest.dll" id="cb1d8729-ed7e-3666-4cf6-433514c9d9a6">
      <TestCategory>
        <TestCategoryItem TestCategory="GisMapData.MicrophoneOemResourcesProviderTests" />
      </TestCategory>
      <Execution id="f2718c96-7a98-44f5-b5ab-39d908b0ff8b" />
      <TestMethod codeBase="D:\actions-runner\_work\XPCO\XPCO\SC\Components\RemoteViewer\SmartClient\tst\zSmartClient_UnitTest\bin\x64\Debug\net472\zSmartClient_UnitTest.dll" adapterTypeName="executor://mstestadapter/v2" className="SmartClient_UnitTest.VideoOS.RemoteClient.GisMapData.Resources.MicrophoneOemResourcesProviderTests" name="MicrophoneIconStates_ShouldReturnMicrophoneIconStatesInAProperOrder_WhenCalled" />
    </UnitTest>
    <UnitTest name="IsBackButtonVisible_MappedToViewModel_Success" storage="d:\actions-runner\_work\xpco\xpco\sc\components\remoteviewer\smartclient\tst\zsmartclient_unittest\bin\x64\debug\net472\zsmartclient_unittest.dll" id="a6949d64-370a-8be7-7bab-9ebfeb9ac327">
      <TestCategory>
        <TestCategoryItem TestCategory="GisMap.GisMapViewFacade" />
      </TestCategory>
      <Execution id="9baf7cd2-fb51-4502-b896-da06455c53c5" />
      <TestMethod codeBase="D:\actions-runner\_work\XPCO\XPCO\SC\Components\RemoteViewer\SmartClient\tst\zSmartClient_UnitTest\bin\x64\Debug\net472\zSmartClient_UnitTest.dll" adapterTypeName="executor://mstestadapter/v2" className="SmartClient_UnitTest.VideoOS.RemoteClient.Plugin.GisMap.IoC.GisMapViewFacadeTests" name="IsBackButtonVisible_MappedToViewModel_Success" />
    </UnitTest>
    <UnitTest name="LoadBoundingShapes_RectangleShape_AddedToUIAndSizedCorrectly" storage="d:\actions-runner\_work\xpco\xpco\sc\components\remoteviewer\smartclient\tst\zsmartclient_unittest\bin\x64\debug\net472\zsmartclient_unittest.dll" id="d4781dc2-7c6c-059d-3535-c27ddbecee56">
      <Execution id="4662859d-5d3e-4471-b2e8-735dc263f5e9" />
      <TestMethod codeBase="D:\actions-runner\_work\XPCO\XPCO\SC\Components\RemoteViewer\SmartClient\tst\zSmartClient_UnitTest\bin\x64\Debug\net472\zSmartClient_UnitTest.dll" adapterTypeName="executor://mstestadapter/v2" className="SmartClient_UnitTest.VideoOS.RemoteClient.Plugin.CentralizedSearch.MIPPlugin.Results.VideoSearchResultUserControlTests" name="LoadBoundingShapes_RectangleShape_AddedToUIAndSizedCorrectly" />
    </UnitTest>
    <UnitTest name="RemoveDefinition_UnknownDefinition_NoChange" storage="d:\actions-runner\_work\xpco\xpco\sc\components\remoteviewer\smartclient\tst\zsmartclient_unittest\bin\x64\debug\net472\zsmartclient_unittest.dll" id="d4e46870-eb38-895f-fa8d-62938fc8e119">
      <TestCategory>
        <TestCategoryItem TestCategory="SearchModels" />
      </TestCategory>
      <Execution id="ba2387bf-f0ff-4e11-b3b8-52f31b9f91d0" />
      <TestMethod codeBase="D:\actions-runner\_work\XPCO\XPCO\SC\Components\RemoteViewer\SmartClient\tst\zSmartClient_UnitTest\bin\x64\Debug\net472\zSmartClient_UnitTest.dll" adapterTypeName="executor://mstestadapter/v2" className="SmartClient_UnitTest.VideoOS.RemoteClient.Plugin.CentralizedSearch.Models.SearchModelTests" name="RemoveDefinition_UnknownDefinition_NoChange" />
    </UnitTest>
    <UnitTest name="SelectOptions_ShouldNotChangeSelectedComponent_WhenGivenOptionGroupWithNoCorrelatedComponent" storage="d:\actions-runner\_work\xpco\xpco\sc\components\remoteviewer\smartclient\tst\zsmartclient_unittest\bin\x64\debug\net472\zsmartclient_unittest.dll" id="5cd4b702-56a3-e460-79f3-24a1a68869f7">
      <Execution id="00dfacaa-2d02-4402-9ecf-dc921952bb84" />
      <TestMethod codeBase="D:\actions-runner\_work\XPCO\XPCO\SC\Components\RemoteViewer\SmartClient\tst\zSmartClient_UnitTest\bin\x64\Debug\net472\zSmartClient_UnitTest.dll" adapterTypeName="executor://mstestadapter/v2" className="SmartClient_UnitTest.VideoOS.RemoteClient.Application.UI.Settings.SettingsDialogViewModelTests" name="SelectOptions_ShouldNotChangeSelectedComponent_WhenGivenOptionGroupWithNoCorrelatedComponent" />
    </UnitTest>
    <UnitTest name="PtzSessionControllerInfoConstructorTest_From_PtzSessionInfo_Idle_User" storage="d:\actions-runner\_work\xpco\xpco\sc\components\remoteviewer\smartclient\tst\zsmartclient_unittest\bin\x64\debug\net472\zsmartclient_unittest.dll" id="e321a84a-46d6-5a10-48a6-04d6f541eeb1">
      <Execution id="5899e946-2e67-4154-b0d4-e4309cd70232" />
      <TestMethod codeBase="D:\actions-runner\_work\XPCO\XPCO\SC\Components\RemoteViewer\SmartClient\tst\zSmartClient_UnitTest\bin\x64\Debug\net472\zSmartClient_UnitTest.dll" adapterTypeName="executor://mstestadapter/v2" className="VideoOS.RemoteClient.Application.Controllers.UnitTest.PtzSessionControllerTest" name="PtzSessionControllerInfoConstructorTest_From_PtzSessionInfo_Idle_User" />
    </UnitTest>
    <UnitTest name="GetProductDisplayVersion_ShouldReturnDefault_WhenSmartClientVersionIsNull" storage="d:\actions-runner\_work\xpco\xpco\sc\components\remoteviewer\smartclient\tst\zsmartclient_unittest\bin\x64\debug\net472\zsmartclient_unittest.dll" id="a68fe85a-0571-5cf5-4ec4-cc94366f30ee">
      <Execution id="7c17eafa-7b30-407a-9ae0-bac802bd56ee" />
      <TestMethod codeBase="D:\actions-runner\_work\XPCO\XPCO\SC\Components\RemoteViewer\SmartClient\tst\zSmartClient_UnitTest\bin\x64\Debug\net472\zSmartClient_UnitTest.dll" adapterTypeName="executor://mstestadapter/v2" className="SmartClient_UnitTest.VideoOS.RemoteClient.Application.Common.Telemetry.SCTelemetrySpecificsTests" name="GetProductDisplayVersion_ShouldReturnDefault_WhenSmartClientVersionIsNull" />
    </UnitTest>
    <UnitTest name="CanMoreRegionsBeAdded_ShouldReturnTrue_WhenMaximumRegionsAllowedIsNotReached" storage="d:\actions-runner\_work\xpco\xpco\sc\components\remoteviewer\smartclient\tst\zsmartclient_unittest\bin\x64\debug\net472\zsmartclient_unittest.dll" id="2be8ff91-530a-56da-c98c-d25f9ef28970">
      <TestCategory>
        <TestCategoryItem TestCategory="Search.Filters.ViewModels" />
      </TestCategory>
      <Execution id="67734c57-654d-4e6f-8da1-dd937a18329c" />
      <TestMethod codeBase="D:\actions-runner\_work\XPCO\XPCO\SC\Components\RemoteViewer\SmartClient\tst\zSmartClient_UnitTest\bin\x64\Debug\net472\zSmartClient_UnitTest.dll" adapterTypeName="executor://mstestadapter/v2" className="SmartClient_UnitTest.VideoOS.RemoteClient.Plugin.CentralizedSearch.MIPPlugin.Criteria.ViewModels.RegionSelectionCameraListItemHelperTests" name="CanMoreRegionsBeAdded_ShouldReturnTrue_WhenMaximumRegionsAllowedIsNotReached" />
    </UnitTest>
    <UnitTest name="SearchDefinitionSearchLogic_ValidateBehaviour" storage="d:\actions-runner\_work\xpco\xpco\sc\components\remoteviewer\smartclient\tst\zsmartclient_unittest\bin\x64\debug\net472\zsmartclient_unittest.dll" id="93642e15-5690-c906-3db0-8d1d5502773a">
      <TestCategory>
        <TestCategoryItem TestCategory="SearchModels" />
      </TestCategory>
      <Execution id="cf6f730f-977c-4fdf-9b55-c1877142aaab" />
      <TestMethod codeBase="D:\actions-runner\_work\XPCO\XPCO\SC\Components\RemoteViewer\SmartClient\tst\zSmartClient_UnitTest\bin\x64\Debug\net472\zSmartClient_UnitTest.dll" adapterTypeName="executor://mstestadapter/v2" className="SmartClient_UnitTest.VideoOS.RemoteClient.Plugin.CentralizedSearch.Models.SearchModelTests" name="SearchDefinitionSearchLogic_ValidateBehaviour" />
    </UnitTest>
    <UnitTest name="ShouldCameraListItemBeEnabledForCamera_ShouldReturnTrue" storage="d:\actions-runner\_work\xpco\xpco\sc\components\remoteviewer\smartclient\tst\zsmartclient_unittest\bin\x64\debug\net472\zsmartclient_unittest.dll" id="c179356e-fb95-bde9-7e42-099773116f5f">
      <TestCategory>
        <TestCategoryItem TestCategory="Search.Filters.ViewModels" />
      </TestCategory>
      <Execution id="1948088d-b668-42fc-b623-139285e3ecf9" />
      <TestMethod codeBase="D:\actions-runner\_work\XPCO\XPCO\SC\Components\RemoteViewer\SmartClient\tst\zSmartClient_UnitTest\bin\x64\Debug\net472\zSmartClient_UnitTest.dll" adapterTypeName="executor://mstestadapter/v2" className="SmartClient_UnitTest.VideoOS.RemoteClient.Plugin.CentralizedSearch.MIPPlugin.Criteria.ViewModels.RegionSelectionCameraListItemHelperTests" name="ShouldCameraListItemBeEnabledForCamera_ShouldReturnTrue" />
    </UnitTest>
    <UnitTest name="PatrollingProfileViewModelTest_Save_CreateProfile_Failed" storage="d:\actions-runner\_work\xpco\xpco\sc\components\remoteviewer\smartclient\tst\zsmartclient_unittest\bin\x64\debug\net472\zsmartclient_unittest.dll" id="d3e820a3-4350-83fc-1d0e-9c98ed12693d">
      <Execution id="be9bc4c7-2427-4c8c-ac7e-fd24b5fb95a7" />
      <TestMethod codeBase="D:\actions-runner\_work\XPCO\XPCO\SC\Components\RemoteViewer\SmartClient\tst\zSmartClient_UnitTest\bin\x64\Debug\net472\zSmartClient_UnitTest.dll" adapterTypeName="executor://mstestadapter/v2" className="SmartClient_UnitTest.VideoOS.RemoteClient.Application.UI.PtzPreset.PatrollingViewModel.PatrollingProfileViewModelTest" name="PatrollingProfileViewModelTest_Save_CreateProfile_Failed" />
    </UnitTest>
    <UnitTest name="SupportsDoubleClick_ShouldBeFalse_WhenInteractionStateIsNotNormalAndInSetupMode" storage="d:\actions-runner\_work\xpco\xpco\sc\components\remoteviewer\smartclient\tst\zsmartclient_unittest\bin\x64\debug\net472\zsmartclient_unittest.dll" id="b1b5a4b2-ef61-9282-6663-5d7233efeaab">
      <TestCategory>
        <TestCategoryItem TestCategory="GisMap.LinkMarker" />
      </TestCategory>
      <Execution id="74491d66-06b7-42b1-a6a2-ce218d09d043" />
      <TestMethod codeBase="D:\actions-runner\_work\XPCO\XPCO\SC\Components\RemoteViewer\SmartClient\tst\zSmartClient_UnitTest\bin\x64\Debug\net472\zSmartClient_UnitTest.dll" adapterTypeName="executor://mstestadapter/v2" className="SmartClient_UnitTest.VideoOS.RemoteClient.Plugin.GisMap.ThinkGeoMap.Markers.LinkMarker.LinkMarkerTests" name="SupportsDoubleClick_ShouldBeFalse_WhenInteractionStateIsNotNormalAndInSetupMode" />
    </UnitTest>
    <UnitTest name="TryGetOsmServerTileAddress_ShouldReturnUri_WhenOsmServerIncludesOsmTileSuffix" storage="d:\actions-runner\_work\xpco\xpco\sc\components\remoteviewer\smartclient\tst\zsmartclient_unittest\bin\x64\debug\net472\zsmartclient_unittest.dll" id="b918b474-74ff-1345-54cb-cdaf09a7e1fc">
      <TestCategory>
        <TestCategoryItem TestCategory="GisMapData.Controllers.Osm" />
      </TestCategory>
      <Execution id="ced9a574-8fe9-45ac-8f58-b6a587ecfd56" />
      <TestMethod codeBase="D:\actions-runner\_work\XPCO\XPCO\SC\Components\RemoteViewer\SmartClient\tst\zSmartClient_UnitTest\bin\x64\Debug\net472\zSmartClient_UnitTest.dll" adapterTypeName="executor://mstestadapter/v2" className="SmartClient_UnitTest.VideoOS.RemoteClient.GisMapData.Controllers.Osm.GisMapOsmControllerTests" name="TryGetOsmServerTileAddress_ShouldReturnUri_WhenOsmServerIncludesOsmTileSuffix" />
    </UnitTest>
    <UnitTest name="ProvideValue_ShouldAlwaysReturnItself" storage="d:\actions-runner\_work\xpco\xpco\sc\components\remoteviewer\smartclient\tst\zsmartclient_unittest\bin\x64\debug\net472\zsmartclient_unittest.dll" id="e9210e25-ddb7-3ad7-3147-1b0286b3f5d2">
      <Execution id="73aac499-83fe-41d8-a44a-6732f9680a35" />
      <TestMethod codeBase="D:\actions-runner\_work\XPCO\XPCO\SC\Components\RemoteViewer\SmartClient\tst\zSmartClient_UnitTest\bin\x64\Debug\net472\zSmartClient_UnitTest.dll" adapterTypeName="executor://mstestadapter/v2" className="SmartClient_UnitTest.VideoOS.Common.UIThemes.ContentToTooltipTextConverterTests" name="ProvideValue_ShouldAlwaysReturnItself" />
    </UnitTest>
    <UnitTest name="ConvertGridMaskTestImageServerFormat" storage="d:\actions-runner\_work\xpco\xpco\sc\components\remoteviewer\smartclient\tst\zsmartclient_unittest\bin\x64\debug\net472\zsmartclient_unittest.dll" id="fdaa70b5-d6a7-4b1c-2dcb-1ad653aa4853">
      <Execution id="cf45b8b2-8874-4cb3-be8a-3a8f005ee98c" />
      <TestMethod codeBase="D:\actions-runner\_work\XPCO\XPCO\SC\Components\RemoteViewer\SmartClient\tst\zSmartClient_UnitTest\bin\x64\Debug\net472\zSmartClient_UnitTest.dll" adapterTypeName="executor://mstestadapter/v2" className="SmartClient_UnitTest.VideoOS.RemoteClient.Application.Data.ContentTypes.CameraContentType.PrivacyMaskTest" name="ConvertGridMaskTestImageServerFormat" />
    </UnitTest>
    <UnitTest name="OnLayersRetrieved_ShouldSetComponentsOrdered_WhenLayersCollectionContainsOutput" storage="d:\actions-runner\_work\xpco\xpco\sc\components\remoteviewer\smartclient\tst\zsmartclient_unittest\bin\x64\debug\net472\zsmartclient_unittest.dll" id="55807824-53e4-23f9-def8-1210782703cc">
      <TestCategory>
        <TestCategoryItem TestCategory="GisMap.DeviceSelectorWindowViewModel" />
      </TestCategory>
      <Execution id="60a7e947-8fb9-43d0-aabb-af5990f84bb1" />
      <TestMethod codeBase="D:\actions-runner\_work\XPCO\XPCO\SC\Components\RemoteViewer\SmartClient\tst\zSmartClient_UnitTest\bin\x64\Debug\net472\zSmartClient_UnitTest.dll" adapterTypeName="executor://mstestadapter/v2" className="SmartClient_UnitTest.VideoOS.RemoteClient.Plugin.GisMap.ViewModels.DeviceSelectorWindowViewModelTests" name="OnLayersRetrieved_ShouldSetComponentsOrdered_WhenLayersCollectionContainsOutput" />
    </UnitTest>
    <UnitTest name="SearchResultsActionBarActions_EditBookmark_MultipleResult_EditBookmarkInvoked" storage="d:\actions-runner\_work\xpco\xpco\sc\components\remoteviewer\smartclient\tst\zsmartclient_unittest\bin\x64\debug\net472\zsmartclient_unittest.dll" id="d5b83293-8848-4b1e-df37-68e69f1f794e">
      <TestCategory>
        <TestCategoryItem TestCategory="SearchResultActionBarViewModel" />
      </TestCategory>
      <Execution id="0be3f52e-0fff-44c4-9f79-bd5769754c69" />
      <TestMethod codeBase="D:\actions-runner\_work\XPCO\XPCO\SC\Components\RemoteViewer\SmartClient\tst\zSmartClient_UnitTest\bin\x64\Debug\net472\zSmartClient_UnitTest.dll" adapterTypeName="executor://mstestadapter/v2" className="SmartClient_UnitTest.VideoOS.RemoteClient.Plugin.CentralizedSearch.ViewModels.SearchResultsActionBarViewModelTest" name="SearchResultsActionBarActions_EditBookmark_MultipleResult_EditBookmarkInvoked" />
    </UnitTest>
    <UnitTest name="RemoveWorkroom_ShouldReturnFalse_WhenThereIsOnlyOneWorkroom" storage="d:\actions-runner\_work\xpco\xpco\sc\components\remoteviewer\smartclient\tst\zsmartclient_unittest\bin\x64\debug\net472\zsmartclient_unittest.dll" id="faece781-49e2-4e59-ebf9-bba502576c3c">
      <TestCategory>
        <TestCategoryItem TestCategory="WorkroomController" />
      </TestCategory>
      <Execution id="6816e504-5bbc-4f55-aaf8-0e5ffdd5d8af" />
      <TestMethod codeBase="D:\actions-runner\_work\XPCO\XPCO\SC\Components\RemoteViewer\SmartClient\tst\zSmartClient_UnitTest\bin\x64\Debug\net472\zSmartClient_UnitTest.dll" adapterTypeName="executor://mstestadapter/v2" className="SmartClient_UnitTest.VideoOS.RemoteClient.Application.Controllers.WorkroomController.WorkroomControllerBaseTest" name="RemoveWorkroom_ShouldReturnFalse_WhenThereIsOnlyOneWorkroom" />
    </UnitTest>
    <UnitTest name="SetCustomPickerResult_Cancel_CustomIntervalOpenResetAndNoNotificationFired" storage="d:\actions-runner\_work\xpco\xpco\sc\components\remoteviewer\smartclient\tst\zsmartclient_unittest\bin\x64\debug\net472\zsmartclient_unittest.dll" id="698dd5ef-138e-eb6d-a408-c897a293bf7a">
      <TestCategory>
        <TestCategoryItem TestCategory="SearchViewModels" />
      </TestCategory>
      <Execution id="d513b72c-b491-468b-9f88-0a48e25b2fbe" />
      <TestMethod codeBase="D:\actions-runner\_work\XPCO\XPCO\SC\Components\RemoteViewer\SmartClient\tst\zSmartClient_UnitTest\bin\x64\Debug\net472\zSmartClient_UnitTest.dll" adapterTypeName="executor://mstestadapter/v2" className="SmartClient_UnitTest.VideoOS.RemoteClient.Plugin.CentralizedSearch.ViewModels.SearchViewModelTests" name="SetCustomPickerResult_Cancel_CustomIntervalOpenResetAndNoNotificationFired" />
    </UnitTest>
    <UnitTest name="Deactivated_Success" storage="d:\actions-runner\_work\xpco\xpco\sc\components\remoteviewer\smartclient\tst\zsmartclient_unittest\bin\x64\debug\net472\zsmartclient_unittest.dll" id="c2ad7c56-01cc-4375-d0d2-2742c681c744">
      <TestCategory>
        <TestCategoryItem TestCategory="Search" />
      </TestCategory>
      <Execution id="28eb7bdb-485d-456a-9a2e-ffc86528c6aa" />
      <TestMethod codeBase="D:\actions-runner\_work\XPCO\XPCO\SC\Components\RemoteViewer\SmartClient\tst\zSmartClient_UnitTest\bin\x64\Debug\net472\zSmartClient_UnitTest.dll" adapterTypeName="executor://mstestadapter/v2" className="SmartClient_UnitTest.VideoOS.RemoteClient.Plugin.CentralizedSearch.CentralizedSearchContentHolderTests" name="Deactivated_Success" />
    </UnitTest>
    <UnitTest name="SupportsDoubleClick_ShouldBeFalse_WhenInteractionStateIsNotNormalAndNotInSetupMode" storage="d:\actions-runner\_work\xpco\xpco\sc\components\remoteviewer\smartclient\tst\zsmartclient_unittest\bin\x64\debug\net472\zsmartclient_unittest.dll" id="987edaa0-0a3b-cbb4-5b40-8112a4826bc5">
      <TestCategory>
        <TestCategoryItem TestCategory="GisMap.LinkMarker" />
      </TestCategory>
      <Execution id="6a15df2b-1427-4bf0-969a-69e34d53600f" />
      <TestMethod codeBase="D:\actions-runner\_work\XPCO\XPCO\SC\Components\RemoteViewer\SmartClient\tst\zSmartClient_UnitTest\bin\x64\Debug\net472\zSmartClient_UnitTest.dll" adapterTypeName="executor://mstestadapter/v2" className="SmartClient_UnitTest.VideoOS.RemoteClient.Plugin.GisMap.ThinkGeoMap.Markers.LinkMarker.LinkMarkerTests" name="SupportsDoubleClick_ShouldBeFalse_WhenInteractionStateIsNotNormalAndNotInSetupMode" />
    </UnitTest>
    <UnitTest name="Convert_ShouldReturnFalse_WhenParameterIsNull" storage="d:\actions-runner\_work\xpco\xpco\sc\components\remoteviewer\smartclient\tst\zsmartclient_unittest\bin\x64\debug\net472\zsmartclient_unittest.dll" id="bf71a57f-ee03-3700-bbbe-0a8bed916dfe">
      <TestCategory>
        <TestCategoryItem TestCategory="GisMap.InteractionStateConverter" />
      </TestCategory>
      <Execution id="48c969ea-a7cf-411e-802b-19d572210f22" />
      <TestMethod codeBase="D:\actions-runner\_work\XPCO\XPCO\SC\Components\RemoteViewer\SmartClient\tst\zSmartClient_UnitTest\bin\x64\Debug\net472\zSmartClient_UnitTest.dll" adapterTypeName="executor://mstestadapter/v2" className="SmartClient_UnitTest.VideoOS.RemoteClient.Plugin.GisMap.View.InteractionStateConverterTests" name="Convert_ShouldReturnFalse_WhenParameterIsNull" />
    </UnitTest>
    <UnitTest name="Ctor_NullResourceManager_Throws" storage="d:\actions-runner\_work\xpco\xpco\sc\components\remoteviewer\smartclient\tst\zsmartclient_unittest\bin\x64\debug\net472\zsmartclient_unittest.dll" id="f948b06a-352e-85e9-1354-e9aec0364e60">
      <TestCategory>
        <TestCategoryItem TestCategory="SearchResultsAction" />
      </TestCategory>
      <Execution id="489f68b5-b571-48e8-bd3b-672a8d992d71" />
      <TestMethod codeBase="D:\actions-runner\_work\XPCO\XPCO\SC\Components\RemoteViewer\SmartClient\tst\zSmartClient_UnitTest\bin\x64\Debug\net472\zSmartClient_UnitTest.dll" adapterTypeName="executor://mstestadapter/v2" className="SmartClient_UnitTest.VideoOS.RemoteClient.Plugin.CentralizedSearch.ViewModels.SearchResultsActionViewModelTests" name="Ctor_NullResourceManager_Throws" />
    </UnitTest>
    <UnitTest name="OnMarkerRightClicked_ShouldUseCrossTypeMenuItems_WhenInSetupModeAndMultipleItemsFromDifferentLayersAreSelected" storage="d:\actions-runner\_work\xpco\xpco\sc\components\remoteviewer\smartclient\tst\zsmartclient_unittest\bin\x64\debug\net472\zsmartclient_unittest.dll" id="ec512750-1b3e-ee37-48da-474be022f3c4">
      <TestCategory>
        <TestCategoryItem TestCategory="SmartMap.MapItemsOverlay" />
      </TestCategory>
      <Execution id="9f886b55-8aae-4880-8f67-5334835e8303" />
      <TestMethod codeBase="D:\actions-runner\_work\XPCO\XPCO\SC\Components\RemoteViewer\SmartClient\tst\zSmartClient_UnitTest\bin\x64\Debug\net472\zSmartClient_UnitTest.dll" adapterTypeName="executor://mstestadapter/v2" className="SmartClient_UnitTest.VideoOS.RemoteClient.Plugin.GisMap.ThinkGeoMap.SpecializedOverlays.Overlays.MapItemsOverlayTests" name="OnMarkerRightClicked_ShouldUseCrossTypeMenuItems_WhenInSetupModeAndMultipleItemsFromDifferentLayersAreSelected" />
    </UnitTest>
    <UnitTest name="PtzSessionControllerInfo_UserChangedTest_Argument_Null_2" storage="d:\actions-runner\_work\xpco\xpco\sc\components\remoteviewer\smartclient\tst\zsmartclient_unittest\bin\x64\debug\net472\zsmartclient_unittest.dll" id="4ffbb65d-5283-caab-4ee9-d197524190bc">
      <Execution id="089cd9f9-4d62-45a7-b0e3-684d89d977a1" />
      <TestMethod codeBase="D:\actions-runner\_work\XPCO\XPCO\SC\Components\RemoteViewer\SmartClient\tst\zSmartClient_UnitTest\bin\x64\Debug\net472\zSmartClient_UnitTest.dll" adapterTypeName="executor://mstestadapter/v2" className="VideoOS.RemoteClient.Application.Controllers.UnitTest.PtzSessionControllerTest" name="PtzSessionControllerInfo_UserChangedTest_Argument_Null_2" />
    </UnitTest>
    <UnitTest name="Ctor_NullSearchResultDataList_Failure" storage="d:\actions-runner\_work\xpco\xpco\sc\components\remoteviewer\smartclient\tst\zsmartclient_unittest\bin\x64\debug\net472\zsmartclient_unittest.dll" id="61fff35a-1f51-c483-72f9-65b70f75c0e7">
      <TestCategory>
        <TestCategoryItem TestCategory="Search" />
      </TestCategory>
      <Execution id="202eb51e-7eaa-46c6-8a7f-b05f9a9ef44c" />
      <TestMethod codeBase="D:\actions-runner\_work\XPCO\XPCO\SC\Components\RemoteViewer\SmartClient\tst\zSmartClient_UnitTest\bin\x64\Debug\net472\zSmartClient_UnitTest.dll" adapterTypeName="executor://mstestadapter/v2" className="SmartClient_UnitTest.VideoOS.RemoteClient.Plugin.CentralizedSearch.ViewModels.Data.SnapshotHandlerTests" name="Ctor_NullSearchResultDataList_Failure" />
    </UnitTest>
    <UnitTest name="PatrollingProfileViewModelTest_NameBeforeEdit" storage="d:\actions-runner\_work\xpco\xpco\sc\components\remoteviewer\smartclient\tst\zsmartclient_unittest\bin\x64\debug\net472\zsmartclient_unittest.dll" id="010d6867-68dc-06fa-3b39-c2d7f5b85291">
      <Execution id="226f3b26-6ff2-4117-aaed-1cff65294008" />
      <TestMethod codeBase="D:\actions-runner\_work\XPCO\XPCO\SC\Components\RemoteViewer\SmartClient\tst\zSmartClient_UnitTest\bin\x64\Debug\net472\zSmartClient_UnitTest.dll" adapterTypeName="executor://mstestadapter/v2" className="SmartClient_UnitTest.VideoOS.RemoteClient.Application.UI.PtzPreset.PatrollingViewModel.PatrollingProfileViewModelTest" name="PatrollingProfileViewModelTest_NameBeforeEdit" />
    </UnitTest>
    <UnitTest name="EndTimeWithPadding_ShouldBeSetToValueOfSearchResult" storage="d:\actions-runner\_work\xpco\xpco\sc\components\remoteviewer\smartclient\tst\zsmartclient_unittest\bin\x64\debug\net472\zsmartclient_unittest.dll" id="7cef2a09-ed80-a76c-b595-1833aff59ca7">
      <TestCategory>
        <TestCategoryItem TestCategory="Search.Wrappers" />
      </TestCategory>
      <Execution id="c2212b02-d94c-4b48-a9ec-d85e8d48ece8" />
      <TestMethod codeBase="D:\actions-runner\_work\XPCO\XPCO\SC\Components\RemoteViewer\SmartClient\tst\zSmartClient_UnitTest\bin\x64\Debug\net472\zSmartClient_UnitTest.dll" adapterTypeName="executor://mstestadapter/v2" className="SmartClient_UnitTest.VideoOS.RemoteClient.Plugin.CentralizedSearch.Models.Wrappers.SearchResultDataWrapperTests" name="EndTimeWithPadding_ShouldBeSetToValueOfSearchResult" />
    </UnitTest>
    <UnitTest name="ValidateExportFormats_SmartClientPlayerFormat_ShouldNotReturnFailResult_ExportPathIsTooLong_WhenLongPathsEnabled (c:\aaaaaaaaaaaaaaaaaaaaaaaaaaaaaaaaaaaaaaaaaaaaaaaaaaaaaaaaaaaaaaaaaaaaaaaaaaaaaaaaaaaaaaaaaaaaaaaaaaaaaaaaaaaaaaaaaaaaaaaaaaaaaaaaaaaaaaaaaaaaaaaaaaaaaaaaaaaaaaaaaaaaaaaaaaaaaaaaaaaaaaa\aaaaaaaaaaaaaaaaaaaaaaaaaaaaaaaaaaaaaaaaaaaaaaaaaaaaaaaaaaaaaaaaaaaaaaaaaaaaaaaaaaaaaaaaaaaaaaaaaaaaaaaaaaaaaaaaaaaaaaaaaaaaaaaaaaaaaaaaaaaaaaaaaaaaaaaaaaaaaaaaaaaaaaaaaaaaaaaaaaaaaaa)" storage="d:\actions-runner\_work\xpco\xpco\sc\components\remoteviewer\smartclient\tst\zsmartclient_unittest\bin\x64\debug\net472\zsmartclient_unittest.dll" id="03690dec-a251-8115-c3a7-9374da58537f">
      <TestCategory>
        <TestCategoryItem TestCategory="Export" />
      </TestCategory>
      <Execution id="6ad0bfdd-d1ad-4661-b218-a35513935758" />
      <TestMethod codeBase="D:\actions-runner\_work\XPCO\XPCO\SC\Components\RemoteViewer\SmartClient\tst\zSmartClient_UnitTest\bin\x64\Debug\net472\zSmartClient_UnitTest.dll" adapterTypeName="executor://mstestadapter/v2" className="SmartClient_UnitTest.VideoOS.RemoteClient.Plugin.Export.ExportDataValidatorTests" name="ValidateExportFormats_SmartClientPlayerFormat_ShouldNotReturnFailResult_ExportPathIsTooLong_WhenLongPathsEnabled" />
    </UnitTest>
    <UnitTest name="ToSafeName_SingleUnsafeName_Success" storage="d:\actions-runner\_work\xpco\xpco\sc\components\remoteviewer\smartclient\tst\zsmartclient_unittest\bin\x64\debug\net472\zsmartclient_unittest.dll" id="bd4280d2-c5d6-9ce8-8082-e33833fcfdb0">
      <Execution id="5d453721-e454-4ed1-ab49-ae1e54827f4c" />
      <TestMethod codeBase="D:\actions-runner\_work\XPCO\XPCO\SC\Components\RemoteViewer\SmartClient\tst\zSmartClient_UnitTest\bin\x64\Debug\net472\zSmartClient_UnitTest.dll" adapterTypeName="executor://mstestadapter/v2" className="SmartClient_UnitTest.VideoOS.RemoteClient.Application.Common.Scripting.ReservedJavascriptKeywordsTests" name="ToSafeName_SingleUnsafeName_Success" />
    </UnitTest>
    <UnitTest name="ResolveGenericResultProperties_ShouldReturnOrderedProperties_WhenGivenCombinedSearchResults" storage="d:\actions-runner\_work\xpco\xpco\sc\components\remoteviewer\smartclient\tst\zsmartclient_unittest\bin\x64\debug\net472\zsmartclient_unittest.dll" id="9bd97529-6ca2-0a88-ecb8-dfa8925597ef">
      <TestCategory>
        <TestCategoryItem TestCategory="Search" />
      </TestCategory>
      <Execution id="d7093739-77b5-409a-ac30-09cefe890f96" />
      <TestMethod codeBase="D:\actions-runner\_work\XPCO\XPCO\SC\Components\RemoteViewer\SmartClient\tst\zSmartClient_UnitTest\bin\x64\Debug\net472\zSmartClient_UnitTest.dll" adapterTypeName="executor://mstestadapter/v2" className="SmartClient_UnitTest.VideoOS.RemoteClient.Plugin.CentralizedSearch.Utils.SearchResultDataWrapperExtensionsTests" name="ResolveGenericResultProperties_ShouldReturnOrderedProperties_WhenGivenCombinedSearchResults" />
    </UnitTest>
    <UnitTest name="SelectTemplate_NullItem_ReturnsPopupTemplate" storage="d:\actions-runner\_work\xpco\xpco\sc\components\remoteviewer\smartclient\tst\zsmartclient_unittest\bin\x64\debug\net472\zsmartclient_unittest.dll" id="da72df1e-3911-6673-65ef-dc8a157dd1ea">
      <TestCategory>
        <TestCategoryItem TestCategory="SearchViews" />
      </TestCategory>
      <Execution id="e1bcca9f-1b1a-4948-9952-484748a73dbc" />
      <TestMethod codeBase="D:\actions-runner\_work\XPCO\XPCO\SC\Components\RemoteViewer\SmartClient\tst\zSmartClient_UnitTest\bin\x64\Debug\net472\zSmartClient_UnitTest.dll" adapterTypeName="executor://mstestadapter/v2" className="SmartClient_UnitTest.VideoOS.RemoteClient.Plugin.CentralizedSearch.Views.AttributeEditControlTemplateSelectorTests" name="SelectTemplate_NullItem_ReturnsPopupTemplate" />
    </UnitTest>
    <UnitTest name="CloseDeviceSelectorUserControl_ShouldSetUserControlNull_Always" storage="d:\actions-runner\_work\xpco\xpco\sc\components\remoteviewer\smartclient\tst\zsmartclient_unittest\bin\x64\debug\net472\zsmartclient_unittest.dll" id="fbac2a6f-2233-86d4-ebd9-d19d11941509">
      <TestCategory>
        <TestCategoryItem TestCategory="GisMap.UI.DeviceSelectors.PanelComponents" />
      </TestCategory>
      <Execution id="5c3a9ac9-a63b-4681-87f0-28e3b1b51312" />
      <TestMethod codeBase="D:\actions-runner\_work\XPCO\XPCO\SC\Components\RemoteViewer\SmartClient\tst\zSmartClient_UnitTest\bin\x64\Debug\net472\zSmartClient_UnitTest.dll" adapterTypeName="executor://mstestadapter/v2" className="SmartClient_UnitTest.VideoOS.RemoteClient.Plugin.GisMap.UI.DeviceSelectors.PanelComponents.DeviceSelectorPanelComponentTests" name="CloseDeviceSelectorUserControl_ShouldSetUserControlNull_Always" />
    </UnitTest>
    <UnitTest name="ActionBarPluginEnabled_SinglePluginWithNotEnoughRoom_PluginButtonPresentInOverflowMenu" storage="d:\actions-runner\_work\xpco\xpco\sc\components\remoteviewer\smartclient\tst\zsmartclient_unittest\bin\x64\debug\net472\zsmartclient_unittest.dll" id="6cf1d803-864d-f447-b323-57be8d42bea0">
      <TestCategory>
        <TestCategoryItem TestCategory="SearchViews" />
      </TestCategory>
      <Execution id="528fa691-d5c2-4719-8b2b-9f3b985b3d70" />
      <TestMethod codeBase="D:\actions-runner\_work\XPCO\XPCO\SC\Components\RemoteViewer\SmartClient\tst\zSmartClient_UnitTest\bin\x64\Debug\net472\zSmartClient_UnitTest.dll" adapterTypeName="executor://mstestadapter/v2" className="SmartClient_UnitTest.VideoOS.RemoteClient.Plugin.CentralizedSearch.Views.SearchResultActionBarViewTests" name="ActionBarPluginEnabled_SinglePluginWithNotEnoughRoom_PluginButtonPresentInOverflowMenu" />
    </UnitTest>
    <UnitTest name="Retrieve_InnerExceptionLogged" storage="d:\actions-runner\_work\xpco\xpco\sc\components\remoteviewer\smartclient\tst\zsmartclient_unittest\bin\x64\debug\net472\zsmartclient_unittest.dll" id="6ed649e1-03e1-4590-3da9-e33c23ab658c">
      <TestCategory>
        <TestCategoryItem TestCategory="MipItemsRetriever" />
      </TestCategory>
      <Execution id="8dd5aba2-5a66-40a6-ae3f-35114e952916" />
      <TestMethod codeBase="D:\actions-runner\_work\XPCO\XPCO\SC\Components\RemoteViewer\SmartClient\tst\zSmartClient_UnitTest\bin\x64\Debug\net472\zSmartClient_UnitTest.dll" adapterTypeName="executor://mstestadapter/v2" className="SmartClient_UnitTest.VideoOS.RemoteClient.Plugin.GisMap.MIP.MipItemActionsCommunicatorTests" name="Retrieve_InnerExceptionLogged" />
    </UnitTest>
    <UnitTest name="OnSizeChanged_TilesRerendered" storage="d:\actions-runner\_work\xpco\xpco\sc\components\remoteviewer\smartclient\tst\zsmartclient_unittest\bin\x64\debug\net472\zsmartclient_unittest.dll" id="e81103cb-7818-2463-05b1-4325c5ff61c8">
      <TestCategory>
        <TestCategoryItem TestCategory="SearchControls" />
      </TestCategory>
      <Execution id="33b54e5a-d159-4543-930c-ef46c4ae9085" />
      <TestMethod codeBase="D:\actions-runner\_work\XPCO\XPCO\SC\Components\RemoteViewer\SmartClient\tst\zSmartClient_UnitTest\bin\x64\Debug\net472\zSmartClient_UnitTest.dll" adapterTypeName="executor://mstestadapter/v2" className="SmartClient_UnitTest.VideoOS.RemoteClient.Plugin.CentralizedSearch.Views.Controls.SearchResultDetailsControlTests" name="OnSizeChanged_TilesRerendered" />
    </UnitTest>
    <UnitTest name="GetDeviceData_ShouldReturnNotFoundDeviceData_WhenCameraKindAndNonExistingCameraId" storage="d:\actions-runner\_work\xpco\xpco\sc\components\remoteviewer\smartclient\tst\zsmartclient_unittest\bin\x64\debug\net472\zsmartclient_unittest.dll" id="81267ce3-6f9f-039a-6061-d6bf94b58293">
      <TestCategory>
        <TestCategoryItem TestCategory="GisMap.Controllers.Devices.MapItems" />
      </TestCategory>
      <Execution id="84076059-e11e-47aa-9a4d-ba13b70c9fce" />
      <TestMethod codeBase="D:\actions-runner\_work\XPCO\XPCO\SC\Components\RemoteViewer\SmartClient\tst\zSmartClient_UnitTest\bin\x64\Debug\net472\zSmartClient_UnitTest.dll" adapterTypeName="executor://mstestadapter/v2" className="SmartClient_UnitTest.VideoOS.RemoteClient.Plugin.GisMap.Controllers.Devices.MapItems.DeviceDataControllerTests" name="GetDeviceData_ShouldReturnNotFoundDeviceData_WhenCameraKindAndNonExistingCameraId" />
    </UnitTest>
    <UnitTest name="PatrollingProfileListViewModel_AddProfileExecute_Name_Taken" storage="d:\actions-runner\_work\xpco\xpco\sc\components\remoteviewer\smartclient\tst\zsmartclient_unittest\bin\x64\debug\net472\zsmartclient_unittest.dll" id="b9ffa3f4-1f18-4167-4317-71e05fdcc916">
      <Execution id="faf7bfb7-b3e9-4c01-9350-9cc176ee35ba" />
      <TestMethod codeBase="D:\actions-runner\_work\XPCO\XPCO\SC\Components\RemoteViewer\SmartClient\tst\zSmartClient_UnitTest\bin\x64\Debug\net472\zSmartClient_UnitTest.dll" adapterTypeName="executor://mstestadapter/v2" className="SmartClient_UnitTest.VideoOS.RemoteClient.Application.UI.PtzPreset.PatrollingViewModel.PatrollingProfileListViewModelTest" name="PatrollingProfileListViewModel_AddProfileExecute_Name_Taken" />
    </UnitTest>
    <UnitTest name="Instance_ShouldBeSingleton_WhenCalled" storage="d:\actions-runner\_work\xpco\xpco\sc\components\remoteviewer\smartclient\tst\zsmartclient_unittest\bin\x64\debug\net472\zsmartclient_unittest.dll" id="c852f0f2-cc0b-cd32-55ea-6f08f26c6103">
      <TestCategory>
        <TestCategoryItem TestCategory="GisMapData.CameraOemResourcesProviderTests" />
      </TestCategory>
      <Execution id="507492ba-3f49-4fe4-b325-96950bc404f3" />
      <TestMethod codeBase="D:\actions-runner\_work\XPCO\XPCO\SC\Components\RemoteViewer\SmartClient\tst\zSmartClient_UnitTest\bin\x64\Debug\net472\zSmartClient_UnitTest.dll" adapterTypeName="executor://mstestadapter/v2" className="SmartClient_UnitTest.VideoOS.RemoteClient.GisMapData.Resources.CameraOemResourcesProviderTests" name="Instance_ShouldBeSingleton_WhenCalled" />
    </UnitTest>
    <UnitTest name="IconTooltip_ShouldBeValid_WhenInteractionStateIsAddOutput" storage="d:\actions-runner\_work\xpco\xpco\sc\components\remoteviewer\smartclient\tst\zsmartclient_unittest\bin\x64\debug\net472\zsmartclient_unittest.dll" id="8baf1177-ddd8-e709-9da7-68dded36199a">
      <TestCategory>
        <TestCategoryItem TestCategory="GisMap.UI.DeviceSelectors.PanelComponents" />
      </TestCategory>
      <Execution id="41d2d801-7472-4bf7-a666-79ce970c221e" />
      <TestMethod codeBase="D:\actions-runner\_work\XPCO\XPCO\SC\Components\RemoteViewer\SmartClient\tst\zSmartClient_UnitTest\bin\x64\Debug\net472\zSmartClient_UnitTest.dll" adapterTypeName="executor://mstestadapter/v2" className="SmartClient_UnitTest.VideoOS.RemoteClient.Plugin.GisMap.UI.DeviceSelectors.PanelComponents.DeviceSelectorPanelComponentTests" name="IconTooltip_ShouldBeValid_WhenInteractionStateIsAddOutput" />
    </UnitTest>
    <UnitTest name="ToUnsafeName_NullString_Success" storage="d:\actions-runner\_work\xpco\xpco\sc\components\remoteviewer\smartclient\tst\zsmartclient_unittest\bin\x64\debug\net472\zsmartclient_unittest.dll" id="a4ec8e4b-30aa-49df-138f-1971a7f8ca38">
      <Execution id="d865404b-2e4f-4ba5-9048-6d8b872ba9e3" />
      <TestMethod codeBase="D:\actions-runner\_work\XPCO\XPCO\SC\Components\RemoteViewer\SmartClient\tst\zSmartClient_UnitTest\bin\x64\Debug\net472\zSmartClient_UnitTest.dll" adapterTypeName="executor://mstestadapter/v2" className="SmartClient_UnitTest.VideoOS.RemoteClient.Application.Common.Scripting.ReservedJavascriptKeywordsTests" name="ToUnsafeName_NullString_Success" />
    </UnitTest>
    <UnitTest name="GisMapModel_AddBuilding_ServerFail_ErrorReported" storage="d:\actions-runner\_work\xpco\xpco\sc\components\remoteviewer\smartclient\tst\zsmartclient_unittest\bin\x64\debug\net472\zsmartclient_unittest.dll" id="98514a87-c9e9-a001-7d97-02b7ed802ee7">
      <TestCategory>
        <TestCategoryItem TestCategory="GisMapLayer" />
        <TestCategoryItem TestCategory="GisMapBuilding" />
      </TestCategory>
      <Execution id="6eaf777f-1aa4-4721-b908-a67a8ae1e89a" />
      <TestMethod codeBase="D:\actions-runner\_work\XPCO\XPCO\SC\Components\RemoteViewer\SmartClient\tst\zSmartClient_UnitTest\bin\x64\Debug\net472\zSmartClient_UnitTest.dll" adapterTypeName="executor://mstestadapter/v2" className="SmartClient_UnitTest.VideoOS.RemoteClient.GisMap.MapLayers.GisMapLayerTests" name="GisMapModel_AddBuilding_ServerFail_ErrorReported" />
    </UnitTest>
    <UnitTest name="Clear_ShouldClearIncludedViewItemsForSelectedView" storage="d:\actions-runner\_work\xpco\xpco\sc\components\remoteviewer\smartclient\tst\zsmartclient_unittest\bin\x64\debug\net472\zsmartclient_unittest.dll" id="4ac98c6c-183a-9821-4f8c-c314ab12e456">
      <TestCategory>
        <TestCategoryItem TestCategory="ApplicationController" />
      </TestCategory>
      <Execution id="094ee9ed-73a1-42ea-9210-9d0619b58154" />
      <TestMethod codeBase="D:\actions-runner\_work\XPCO\XPCO\SC\Components\RemoteViewer\SmartClient\tst\zSmartClient_UnitTest\bin\x64\Debug\net472\zSmartClient_UnitTest.dll" adapterTypeName="executor://mstestadapter/v2" className="VideoOS.RemoteClient.Application.Controllers.UnitTest.IncludedViewItemsTest" name="Clear_ShouldClearIncludedViewItemsForSelectedView" />
    </UnitTest>
    <UnitTest name="CreateDefinition_ThreeFiltersInCategory_ZeroFilterValuesAddedToSearchCriteria" storage="d:\actions-runner\_work\xpco\xpco\sc\components\remoteviewer\smartclient\tst\zsmartclient_unittest\bin\x64\debug\net472\zsmartclient_unittest.dll" id="788c7744-bd48-e28d-a864-bbd05271aa4c">
      <TestCategory>
        <TestCategoryItem TestCategory="SearchModels" />
      </TestCategory>
      <Execution id="65c2dd58-a7c2-4d96-bb8d-3e8e37192e45" />
      <TestMethod codeBase="D:\actions-runner\_work\XPCO\XPCO\SC\Components\RemoteViewer\SmartClient\tst\zSmartClient_UnitTest\bin\x64\Debug\net472\zSmartClient_UnitTest.dll" adapterTypeName="executor://mstestadapter/v2" className="SmartClient_UnitTest.VideoOS.RemoteClient.Plugin.CentralizedSearch.Models.SearchModelTests" name="CreateDefinition_ThreeFiltersInCategory_ZeroFilterValuesAddedToSearchCriteria" />
    </UnitTest>
    <UnitTest name="LoadBoundingShapes_RectangleShapeWithNegativeWidth_NotAddedToUI" storage="d:\actions-runner\_work\xpco\xpco\sc\components\remoteviewer\smartclient\tst\zsmartclient_unittest\bin\x64\debug\net472\zsmartclient_unittest.dll" id="4cca1d5f-44b2-3473-1e35-1d77003b5df5">
      <Execution id="71f496a2-d82d-4197-ac07-6cce1b411045" />
      <TestMethod codeBase="D:\actions-runner\_work\XPCO\XPCO\SC\Components\RemoteViewer\SmartClient\tst\zSmartClient_UnitTest\bin\x64\Debug\net472\zSmartClient_UnitTest.dll" adapterTypeName="executor://mstestadapter/v2" className="SmartClient_UnitTest.VideoOS.RemoteClient.Plugin.CentralizedSearch.MIPPlugin.Results.VideoSearchResultUserControlTests" name="LoadBoundingShapes_RectangleShapeWithNegativeWidth_NotAddedToUI" />
    </UnitTest>
    <UnitTest name="SidePanelToggleButtonIsVisible_DependingOnConditions (FullScreen,True,False,False)" storage="d:\actions-runner\_work\xpco\xpco\sc\components\remoteviewer\smartclient\tst\zsmartclient_unittest\bin\x64\debug\net472\zsmartclient_unittest.dll" id="449f9dee-f5b4-3847-0b97-06960a8176b4">
      <TestCategory>
        <TestCategoryItem TestCategory="WorkspaceToolbar" />
      </TestCategory>
      <Execution id="3bf4ee3a-1621-4c50-9778-ef0928e70a11" />
      <TestMethod codeBase="D:\actions-runner\_work\XPCO\XPCO\SC\Components\RemoteViewer\SmartClient\tst\zSmartClient_UnitTest\bin\x64\Debug\net472\zSmartClient_UnitTest.dll" adapterTypeName="executor://mstestadapter/v2" className="SmartClient_UnitTest.VideoOS.RemoteClient.Application.UI.Content.WorkspaceToolbar.WorkspaceToolbarViewModelTests" name="SidePanelToggleButtonIsVisible_DependingOnConditions" />
    </UnitTest>
    <UnitTest name="IsDeviceSupported_ShouldReturnTrue_WhenCameraKind" storage="d:\actions-runner\_work\xpco\xpco\sc\components\remoteviewer\smartclient\tst\zsmartclient_unittest\bin\x64\debug\net472\zsmartclient_unittest.dll" id="7c485018-e81c-b9cc-ee22-382cb4b7a7c1">
      <TestCategory>
        <TestCategoryItem TestCategory="GisMap.Controllers.Devices" />
      </TestCategory>
      <Execution id="51038b4e-6cc9-4438-8a02-d4f70b0805e4" />
      <TestMethod codeBase="D:\actions-runner\_work\XPCO\XPCO\SC\Components\RemoteViewer\SmartClient\tst\zSmartClient_UnitTest\bin\x64\Debug\net472\zSmartClient_UnitTest.dll" adapterTypeName="executor://mstestadapter/v2" className="SmartClient_UnitTest.VideoOS.RemoteClient.Plugin.GisMap.Controllers.Devices.DeviceControllerTests" name="IsDeviceSupported_ShouldReturnTrue_WhenCameraKind" />
    </UnitTest>
    <UnitTest name="DisplayErrorOnNotificationArea_UnknownDerivedFromSearchError_LoggingDisabled_Success" storage="d:\actions-runner\_work\xpco\xpco\sc\components\remoteviewer\smartclient\tst\zsmartclient_unittest\bin\x64\debug\net472\zsmartclient_unittest.dll" id="ab9ddcfe-5059-def5-d0f3-2a728312c36d">
      <TestCategory>
        <TestCategoryItem TestCategory="SearchViewModels" />
      </TestCategory>
      <Execution id="1678e83f-1f0f-4d62-9574-2fe02911685a" />
      <TestMethod codeBase="D:\actions-runner\_work\XPCO\XPCO\SC\Components\RemoteViewer\SmartClient\tst\zSmartClient_UnitTest\bin\x64\Debug\net472\zSmartClient_UnitTest.dll" adapterTypeName="executor://mstestadapter/v2" className="SmartClient_UnitTest.VideoOS.RemoteClient.Plugin.CentralizedSearch.ViewModels.SearchViewModelTests" name="DisplayErrorOnNotificationArea_UnknownDerivedFromSearchError_LoggingDisabled_Success" />
    </UnitTest>
    <UnitTest name="GetBoundingShapesForMetadataObjectsAsync_ShouldIgnoreMetadataObject_WhenRequestedTimeIsOutsideMetadataTimespan" storage="d:\actions-runner\_work\xpco\xpco\sc\components\remoteviewer\smartclient\tst\zsmartclient_unittest\bin\x64\debug\net472\zsmartclient_unittest.dll" id="e0503f8a-eae1-c2d9-bbae-ed3d40256258">
      <Execution id="975e3e87-f9d2-4821-9308-779d513c7864" />
      <TestMethod codeBase="D:\actions-runner\_work\XPCO\XPCO\SC\Components\RemoteViewer\SmartClient\tst\zSmartClient_UnitTest\bin\x64\Debug\net472\zSmartClient_UnitTest.dll" adapterTypeName="executor://mstestadapter/v2" className="SmartClient_UnitTest.VideoOS.RemoteClient.Plugin.CentralizedSearch.Utils.MetadataUtilTests" name="GetBoundingShapesForMetadataObjectsAsync_ShouldIgnoreMetadataObject_WhenRequestedTimeIsOutsideMetadataTimespan" />
    </UnitTest>
    <UnitTest name="SupportsDoubleClick_ShouldBeTrue_WhenInteractionStateIsNewDevice" storage="d:\actions-runner\_work\xpco\xpco\sc\components\remoteviewer\smartclient\tst\zsmartclient_unittest\bin\x64\debug\net472\zsmartclient_unittest.dll" id="052697c7-c6ac-9c36-6e57-c8105d8c8917">
      <TestCategory>
        <TestCategoryItem TestCategory="GisMap.CameraMarker" />
      </TestCategory>
      <Execution id="5f86b4e9-e2aa-4d23-b332-1f277ce7c79c" />
      <TestMethod codeBase="D:\actions-runner\_work\XPCO\XPCO\SC\Components\RemoteViewer\SmartClient\tst\zSmartClient_UnitTest\bin\x64\Debug\net472\zSmartClient_UnitTest.dll" adapterTypeName="executor://mstestadapter/v2" className="SmartClient_UnitTest.VideoOS.RemoteClient.Plugin.GisMap.ThinkGeoMap.Markers.DeviceMarkers.CameraMarker.CameraMarkerTests" name="SupportsDoubleClick_ShouldBeTrue_WhenInteractionStateIsNewDevice" />
    </UnitTest>
    <UnitTest name="False" storage="d:\actions-runner\_work\xpco\xpco\sc\components\remoteviewer\smartclient\tst\zsmartclient_unittest\bin\x64\debug\net472\zsmartclient_unittest.dll" id="208c7d14-25fa-d8f3-7f48-278c6762125d">
      <TestCategory>
        <TestCategoryItem TestCategory="WorkspaceToolbar" />
      </TestCategory>
      <Execution id="e13a8e49-ef84-445a-9977-b9400d23bd8d" />
      <TestMethod codeBase="D:\actions-runner\_work\XPCO\XPCO\SC\Components\RemoteViewer\SmartClient\tst\zSmartClient_UnitTest\bin\x64\Debug\net472\zSmartClient_UnitTest.dll" adapterTypeName="executor://mstestadapter/v2" className="SmartClient_UnitTest.VideoOS.RemoteClient.Application.Data.WorkspaceToolbar.WorkspaceToolbarItemMipPluginTests" name="BindingModelVisible_Matches_PluginInstanceVisible" />
    </UnitTest>
    <UnitTest name="MonitorState_Equal_Tests" storage="d:\actions-runner\_work\xpco\xpco\sc\components\remoteviewer\smartclient\tst\zsmartclient_unittest\bin\x64\debug\net472\zsmartclient_unittest.dll" id="ccbe9915-207e-f3b0-9e57-5dc3348b938c">
      <Execution id="9429f977-cbd5-48f2-9132-031513c87c6c" />
      <TestMethod codeBase="D:\actions-runner\_work\XPCO\XPCO\SC\Components\RemoteViewer\SmartClient\tst\zSmartClient_UnitTest\bin\x64\Debug\net472\zSmartClient_UnitTest.dll" adapterTypeName="executor://mstestadapter/v2" className="SmartClient_UnitTest.VideoOS.RemoteClient.Data.VideoWall.MonitorStateTests" name="MonitorState_Equal_Tests" />
    </UnitTest>
    <UnitTest name="CreateCameraListItem_ShouldCreateEnabledCamera_WhenEnabledParameterIsTrue" storage="d:\actions-runner\_work\xpco\xpco\sc\components\remoteviewer\smartclient\tst\zsmartclient_unittest\bin\x64\debug\net472\zsmartclient_unittest.dll" id="14807a36-cb4f-9f35-8679-aa8746cf4c38">
      <TestCategory>
        <TestCategoryItem TestCategory="Search.Filters.ViewModels" />
      </TestCategory>
      <Execution id="e2794f00-5cc5-49bc-bb96-101b0156dd91" />
      <TestMethod codeBase="D:\actions-runner\_work\XPCO\XPCO\SC\Components\RemoteViewer\SmartClient\tst\zSmartClient_UnitTest\bin\x64\Debug\net472\zSmartClient_UnitTest.dll" adapterTypeName="executor://mstestadapter/v2" className="SmartClient_UnitTest.VideoOS.RemoteClient.Plugin.CentralizedSearch.MIPPlugin.Criteria.ViewModels.SmartSearchCameraListItemHelperTests" name="CreateCameraListItem_ShouldCreateEnabledCamera_WhenEnabledParameterIsTrue" />
    </UnitTest>
    <UnitTest name="Constructor_ShouldCallDecorate_WhenCalled" storage="d:\actions-runner\_work\xpco\xpco\sc\components\remoteviewer\smartclient\tst\zsmartclient_unittest\bin\x64\debug\net472\zsmartclient_unittest.dll" id="95462bd9-0187-1112-acdc-9a03ca385aa9">
      <TestCategory>
        <TestCategoryItem TestCategory="GisMap.DeviceSelectorWindow" />
      </TestCategory>
      <Execution id="e3c7caed-1cf3-4f26-aa66-7dbff0568841" />
      <TestMethod codeBase="D:\actions-runner\_work\XPCO\XPCO\SC\Components\RemoteViewer\SmartClient\tst\zSmartClient_UnitTest\bin\x64\Debug\net472\zSmartClient_UnitTest.dll" adapterTypeName="executor://mstestadapter/v2" className="SmartClient_UnitTest.VideoOS.RemoteClient.Plugin.GisMap.Windows.GisMapSetup.DeviceSelectors.DeviceSelectorWindowTests" name="Constructor_ShouldCallDecorate_WhenCalled" />
    </UnitTest>
    <UnitTest name="ResolveSearchDefinitions_ShouldReturnResultSearchDefinition_WhenCombinedSearchResultWithSingleSubResultAndNullSearchDefinitionsAreGiven" storage="d:\actions-runner\_work\xpco\xpco\sc\components\remoteviewer\smartclient\tst\zsmartclient_unittest\bin\x64\debug\net472\zsmartclient_unittest.dll" id="4efc28b2-fe1f-f63d-e78f-1c7f34702762">
      <TestCategory>
        <TestCategoryItem TestCategory="Search" />
      </TestCategory>
      <Execution id="0db63779-729c-4b33-af78-a47c1e493970" />
      <TestMethod codeBase="D:\actions-runner\_work\XPCO\XPCO\SC\Components\RemoteViewer\SmartClient\tst\zSmartClient_UnitTest\bin\x64\Debug\net472\zSmartClient_UnitTest.dll" adapterTypeName="executor://mstestadapter/v2" className="SmartClient_UnitTest.VideoOS.RemoteClient.Plugin.CentralizedSearch.Utils.SearchResultDataWrapperExtensionsTests" name="ResolveSearchDefinitions_ShouldReturnResultSearchDefinition_WhenCombinedSearchResultWithSingleSubResultAndNullSearchDefinitionsAreGiven" />
    </UnitTest>
    <UnitTest name="ResolveSearchDefinitions_ShouldReturnResultSearchDefinitionInCorrectOrder_WhenCombinedSearchResultWithMultipleSubResultAndSearchDefinitionsContainingCorrectSearchDefinitionsAreGiven" storage="d:\actions-runner\_work\xpco\xpco\sc\components\remoteviewer\smartclient\tst\zsmartclient_unittest\bin\x64\debug\net472\zsmartclient_unittest.dll" id="b998ca9d-3c07-a9b0-e337-f1f0a1809e45">
      <TestCategory>
        <TestCategoryItem TestCategory="Search" />
      </TestCategory>
      <Execution id="67d154d1-17dd-45bc-80ca-c89ae37e9c89" />
      <TestMethod codeBase="D:\actions-runner\_work\XPCO\XPCO\SC\Components\RemoteViewer\SmartClient\tst\zSmartClient_UnitTest\bin\x64\Debug\net472\zSmartClient_UnitTest.dll" adapterTypeName="executor://mstestadapter/v2" className="SmartClient_UnitTest.VideoOS.RemoteClient.Plugin.CentralizedSearch.Utils.SearchResultDataWrapperExtensionsTests" name="ResolveSearchDefinitions_ShouldReturnResultSearchDefinitionInCorrectOrder_WhenCombinedSearchResultWithMultipleSubResultAndSearchDefinitionsContainingCorrectSearchDefinitionsAreGiven" />
    </UnitTest>
    <UnitTest name="BookmarkSearchTime_WithSearchStringInDifferentCases_ReturnCorrectBookmarkWithSearchStringInHeader (,True,False,False,False,SeArChStRiNg,,1)" storage="d:\actions-runner\_work\xpco\xpco\sc\components\remoteviewer\smartclient\tst\zsmartclient_unittest\bin\x64\debug\net472\zsmartclient_unittest.dll" id="1291d01e-bd85-b5f5-d3c1-6bce38753c19">
      <Execution id="5a370f60-2b97-4850-a493-e57903b6aaf0" />
      <TestMethod codeBase="D:\actions-runner\_work\XPCO\XPCO\SC\Components\RemoteViewer\SmartClient\tst\zSmartClient_UnitTest\bin\x64\Debug\net472\zSmartClient_UnitTest.dll" adapterTypeName="executor://mstestadapter/v2" className="SmartClient_UnitTest.VideoOS.RemoteClient.Application.Data.Offline.UnitTest.BookmarkExportReaderTest" name="BookmarkSearchTime_WithSearchStringInDifferentCases_ReturnCorrectBookmarkWithSearchStringInHeader" />
    </UnitTest>
    <UnitTest name="TestForAssemblyCoverage" storage="d:\actions-runner\_work\xpco\xpco\sc\components\remoteviewer\smartclient\tst\zsmartclient_unittest\bin\x64\debug\net472\zsmartclient_unittest.dll" id="701d42cf-3ef2-9e45-4405-09554e002cc2">
      <Execution id="fc039302-c5dd-4c02-9a6a-da9a6a28243c" />
      <TestMethod codeBase="D:\actions-runner\_work\XPCO\XPCO\SC\Components\RemoteViewer\SmartClient\tst\zSmartClient_UnitTest\bin\x64\Debug\net472\zSmartClient_UnitTest.dll" adapterTypeName="executor://mstestadapter/v2" className="SmartClient_UnitTest.VideoOS.RemoteClient.Plugin.Matrix.UnitTest1" name="TestForAssemblyCoverage" />
    </UnitTest>
    <UnitTest name="AuthType_ShouldReturnNegotiate_WhenConstructedUsingWindowsDefault" storage="d:\actions-runner\_work\xpco\xpco\sc\components\remoteviewer\smartclient\tst\zsmartclient_unittest\bin\x64\debug\net472\zsmartclient_unittest.dll" id="3c6da4f1-e15b-e209-7afc-b41a7ac6ff10">
      <TestCategory>
        <TestCategoryItem TestCategory="Authentication.ClientCredentials" />
      </TestCategory>
      <Execution id="30758331-0940-44f5-9c45-affc937768a5" />
      <TestMethod codeBase="D:\actions-runner\_work\XPCO\XPCO\SC\Components\RemoteViewer\SmartClient\tst\zSmartClient_UnitTest\bin\x64\Debug\net472\zSmartClient_UnitTest.dll" adapterTypeName="executor://mstestadapter/v2" className="SmartClient_UnitTest.VideoOS.Shared.ServerAPI.ClientCredentialsTest" name="AuthType_ShouldReturnNegotiate_WhenConstructedUsingWindowsDefault" />
    </UnitTest>
    <UnitTest name="GetPartialDiffBetweenDictionaries_ShouldReturnCorrectValues (System.Collections.Generic.Dictionary`2[System.String,System.String],System.Collections.Generic.Dictionary`2[System.String,System.String],System.Collections.Generic.Dictionary`2[System.String,System.String])" storage="d:\actions-runner\_work\xpco\xpco\sc\components\remoteviewer\smartclient\tst\zsmartclient_unittest\bin\x64\debug\net472\zsmartclient_unittest.dll" id="9588ac24-d5e4-191a-112a-c7b4e16b7a61">
      <Execution id="4d247e5a-a22e-4f5d-81cb-695732585895" />
      <TestMethod codeBase="D:\actions-runner\_work\XPCO\XPCO\SC\Components\RemoteViewer\SmartClient\tst\zSmartClient_UnitTest\bin\x64\Debug\net472\zSmartClient_UnitTest.dll" adapterTypeName="executor://mstestadapter/v2" className="SmartClient_UnitTest.VideoOS.RemoteClient.Application.Common.Telemetry.TelemetryBuilderTests" name="GetPartialDiffBetweenDictionaries_ShouldReturnCorrectValues" />
    </UnitTest>
    <UnitTest name="GetSubGroup_NewUser" storage="d:\actions-runner\_work\xpco\xpco\sc\components\remoteviewer\smartclient\tst\zsmartclient_unittest\bin\x64\debug\net472\zsmartclient_unittest.dll" id="dc622a34-8cc7-4600-a4f3-cf01b26ced88">
      <Execution id="2c8f7a8a-0d75-478f-a4a3-b006efb1292a" />
      <TestMethod codeBase="D:\actions-runner\_work\XPCO\XPCO\SC\Components\RemoteViewer\SmartClient\tst\zSmartClient_UnitTest\bin\x64\Debug\net472\zSmartClient_UnitTest.dll" adapterTypeName="executor://mstestadapter/v2" className="SmartClient_UnitTest.VideoOS.Shared.ViewGroupSerializationControllerTests" name="GetSubGroup_NewUser" />
    </UnitTest>
    <UnitTest name="ScWorkspaceStateChangedEvent_ShouldSetDeviceStateToMuted_WhenSwitchingToSetupMode" storage="d:\actions-runner\_work\xpco\xpco\sc\components\remoteviewer\smartclient\tst\zsmartclient_unittest\bin\x64\debug\net472\zsmartclient_unittest.dll" id="7bc82cbe-20de-caab-82e3-ab7c085d6916">
      <TestCategory>
        <TestCategoryItem TestCategory="GisMapData.MapLayers" />
      </TestCategory>
      <Execution id="b5cffeff-c666-4845-a580-359b173d0f5d" />
      <TestMethod codeBase="D:\actions-runner\_work\XPCO\XPCO\SC\Components\RemoteViewer\SmartClient\tst\zSmartClient_UnitTest\bin\x64\Debug\net472\zSmartClient_UnitTest.dll" adapterTypeName="executor://mstestadapter/v2" className="SmartClient_UnitTest.VideoOS.RemoteClient.GisMapData.MapLayers.MicrophoneItemsMapLayerTests" name="ScWorkspaceStateChangedEvent_ShouldSetDeviceStateToMuted_WhenSwitchingToSetupMode" />
    </UnitTest>
    <UnitTest name="InputMapItem_ForceActivateAsync_NotInBuilding_Success" storage="d:\actions-runner\_work\xpco\xpco\sc\components\remoteviewer\smartclient\tst\zsmartclient_unittest\bin\x64\debug\net472\zsmartclient_unittest.dll" id="49a421d1-e95e-714d-edf9-45ffcfd2a39e">
      <TestCategory>
        <TestCategoryItem TestCategory="GisMapData.MapItem.Inputs" />
      </TestCategory>
      <Execution id="d0418627-4a0f-4c47-9965-fd7aa724b3d9" />
      <TestMethod codeBase="D:\actions-runner\_work\XPCO\XPCO\SC\Components\RemoteViewer\SmartClient\tst\zSmartClient_UnitTest\bin\x64\Debug\net472\zSmartClient_UnitTest.dll" adapterTypeName="executor://mstestadapter/v2" className="SmartClient_UnitTest.VideoOS.RemoteClient.GisMapData.MapItem.Inputs.InputMapItemTests" name="InputMapItem_ForceActivateAsync_NotInBuilding_Success" />
    </UnitTest>
    <UnitTest name="IsBasicUser_ShouldReturnFalse_WhenConstructedUsingWindows" storage="d:\actions-runner\_work\xpco\xpco\sc\components\remoteviewer\smartclient\tst\zsmartclient_unittest\bin\x64\debug\net472\zsmartclient_unittest.dll" id="98f27d45-2a93-357a-deeb-cbe956e4dc11">
      <TestCategory>
        <TestCategoryItem TestCategory="Authentication.ClientCredentials" />
      </TestCategory>
      <Execution id="887b3b45-9448-4748-bb1e-0ec5a159aaec" />
      <TestMethod codeBase="D:\actions-runner\_work\XPCO\XPCO\SC\Components\RemoteViewer\SmartClient\tst\zSmartClient_UnitTest\bin\x64\Debug\net472\zSmartClient_UnitTest.dll" adapterTypeName="executor://mstestadapter/v2" className="SmartClient_UnitTest.VideoOS.Shared.ServerAPI.ClientCredentialsTest" name="IsBasicUser_ShouldReturnFalse_WhenConstructedUsingWindows" />
    </UnitTest>
    <UnitTest name="GetLayerFeatures_ShouldNotThrow_WhenLayersCollectionIsEmpty" storage="d:\actions-runner\_work\xpco\xpco\sc\components\remoteviewer\smartclient\tst\zsmartclient_unittest\bin\x64\debug\net472\zsmartclient_unittest.dll" id="d2a9174b-0e8a-f538-f842-cd59e66f5936">
      <TestCategory>
        <TestCategoryItem TestCategory="GisMapData.Controllers.LayerFeatures" />
      </TestCategory>
      <Execution id="85a7fb70-3aa1-4b6f-83e8-ff40c8b03b96" />
      <TestMethod codeBase="D:\actions-runner\_work\XPCO\XPCO\SC\Components\RemoteViewer\SmartClient\tst\zSmartClient_UnitTest\bin\x64\Debug\net472\zSmartClient_UnitTest.dll" adapterTypeName="executor://mstestadapter/v2" className="SmartClient_UnitTest.VideoOS.RemoteClient.GisMapData.Controllers.LayerFeatures.LayerFeaturesControllerTests" name="GetLayerFeatures_ShouldNotThrow_WhenLayersCollectionIsEmpty" />
    </UnitTest>
    <UnitTest name="PtzInfoViewModel_PtzNotCotrolledTest" storage="d:\actions-runner\_work\xpco\xpco\sc\components\remoteviewer\smartclient\tst\zsmartclient_unittest\bin\x64\debug\net472\zsmartclient_unittest.dll" id="c126ef38-de54-9d14-e11c-edf70abaf073">
      <Execution id="1aebae70-92db-4101-8513-51ad468caf11" />
      <TestMethod codeBase="D:\actions-runner\_work\XPCO\XPCO\SC\Components\RemoteViewer\SmartClient\tst\zSmartClient_UnitTest\bin\x64\Debug\net472\zSmartClient_UnitTest.dll" adapterTypeName="executor://mstestadapter/v2" className="SmartClient_UnitTest.VideoOS.RemoteClient.Plugin.Map.WPFObjects.PtzInfoViewModelUnitTest" name="PtzInfoViewModel_PtzNotCotrolledTest" />
    </UnitTest>
    <UnitTest name="Ctor_NullLogger_Failure" storage="d:\actions-runner\_work\xpco\xpco\sc\components\remoteviewer\smartclient\tst\zsmartclient_unittest\bin\x64\debug\net472\zsmartclient_unittest.dll" id="3bf91338-9db5-e244-3437-2a694f10cdfe">
      <TestCategory>
        <TestCategoryItem TestCategory="Search" />
      </TestCategory>
      <Execution id="bfab7e96-89b4-409e-8b26-1ccd25fd9822" />
      <TestMethod codeBase="D:\actions-runner\_work\XPCO\XPCO\SC\Components\RemoteViewer\SmartClient\tst\zSmartClient_UnitTest\bin\x64\Debug\net472\zSmartClient_UnitTest.dll" adapterTypeName="executor://mstestadapter/v2" className="SmartClient_UnitTest.VideoOS.RemoteClient.Plugin.CentralizedSearch.ViewModels.Data.SnapshotHandlerTests" name="Ctor_NullLogger_Failure" />
    </UnitTest>
    <UnitTest name="PtzPresetsMenuViewModel_PtzCotrolledByAnonymousTest" storage="d:\actions-runner\_work\xpco\xpco\sc\components\remoteviewer\smartclient\tst\zsmartclient_unittest\bin\x64\debug\net472\zsmartclient_unittest.dll" id="f6db960c-c26a-9ba9-bdda-2ac9e0b27970">
      <Execution id="31d3a76c-4570-4c3b-aa7e-e1877da43354" />
      <TestMethod codeBase="D:\actions-runner\_work\XPCO\XPCO\SC\Components\RemoteViewer\SmartClient\tst\zSmartClient_UnitTest\bin\x64\Debug\net472\zSmartClient_UnitTest.dll" adapterTypeName="executor://mstestadapter/v2" className="SmartClient_UnitTest.VideoOS.RemoteClient.Application.Data.ContentTypes.CameraContentType.PtzPresetsMenuViewModelTest" name="PtzPresetsMenuViewModel_PtzCotrolledByAnonymousTest" />
    </UnitTest>
    <UnitTest name="UpdateAndSaveBuilding_Success" storage="d:\actions-runner\_work\xpco\xpco\sc\components\remoteviewer\smartclient\tst\zsmartclient_unittest\bin\x64\debug\net472\zsmartclient_unittest.dll" id="6abab9f6-2ccc-d047-2fba-1c19ca4d1351">
      <TestCategory>
        <TestCategoryItem TestCategory="GisMapBuilding" />
      </TestCategory>
      <Execution id="6a9ba3af-cedc-4978-aa3a-33e9622267e3" />
      <TestMethod codeBase="D:\actions-runner\_work\XPCO\XPCO\SC\Components\RemoteViewer\SmartClient\tst\zSmartClient_UnitTest\bin\x64\Debug\net472\zSmartClient_UnitTest.dll" adapterTypeName="executor://mstestadapter/v2" className="SmartClient_UnitTest.VideoOS.RemoteClient.GisMap.MapBuildingTests" name="UpdateAndSaveBuilding_Success" />
    </UnitTest>
    <UnitTest name="PatrollingStepViewModel_SelectPreset" storage="d:\actions-runner\_work\xpco\xpco\sc\components\remoteviewer\smartclient\tst\zsmartclient_unittest\bin\x64\debug\net472\zsmartclient_unittest.dll" id="0ae53827-c728-1e97-29dd-bbdf893d6166">
      <Execution id="60c8dbc4-1403-4c02-8d26-d187ad38b691" />
      <TestMethod codeBase="D:\actions-runner\_work\XPCO\XPCO\SC\Components\RemoteViewer\SmartClient\tst\zSmartClient_UnitTest\bin\x64\Debug\net472\zSmartClient_UnitTest.dll" adapterTypeName="executor://mstestadapter/v2" className="SmartClient_UnitTest.VideoOS.RemoteClient.Application.UI.PtzPreset.PatrollingViewModel.PatrollingStepViewModelTest" name="PatrollingStepViewModel_SelectPreset" />
    </UnitTest>
    <UnitTest name="ActivatedOutputIconsId_ShouldReturnUnDeactivatedIconsInAProperOrder_WhenCalled" storage="d:\actions-runner\_work\xpco\xpco\sc\components\remoteviewer\smartclient\tst\zsmartclient_unittest\bin\x64\debug\net472\zsmartclient_unittest.dll" id="a27dcab4-fe50-bb56-8a65-057bfb64a1f4">
      <TestCategory>
        <TestCategoryItem TestCategory="GisMapData.OutputOemResourcesProviderTests" />
      </TestCategory>
      <Execution id="cf187b5a-f471-4a0f-baf2-d7d5e50160f4" />
      <TestMethod codeBase="D:\actions-runner\_work\XPCO\XPCO\SC\Components\RemoteViewer\SmartClient\tst\zSmartClient_UnitTest\bin\x64\Debug\net472\zSmartClient_UnitTest.dll" adapterTypeName="executor://mstestadapter/v2" className="SmartClient_UnitTest.VideoOS.RemoteClient.GisMapData.Resources.OutputOemResourcesProviderTests" name="ActivatedOutputIconsId_ShouldReturnUnDeactivatedIconsInAProperOrder_WhenCalled" />
    </UnitTest>
    <UnitTest name="GetSnapshots_InvalidSnapshotPath_Failure" storage="d:\actions-runner\_work\xpco\xpco\sc\components\remoteviewer\smartclient\tst\zsmartclient_unittest\bin\x64\debug\net472\zsmartclient_unittest.dll" id="89684484-4d0f-00a8-989b-9cbdfecf3e30">
      <TestCategory>
        <TestCategoryItem TestCategory="Search" />
      </TestCategory>
      <Execution id="9b6d1dc3-1437-4fe0-8c80-79e381adf104" />
      <TestMethod codeBase="D:\actions-runner\_work\XPCO\XPCO\SC\Components\RemoteViewer\SmartClient\tst\zSmartClient_UnitTest\bin\x64\Debug\net472\zSmartClient_UnitTest.dll" adapterTypeName="executor://mstestadapter/v2" className="SmartClient_UnitTest.VideoOS.RemoteClient.Plugin.CentralizedSearch.ViewModels.Data.SnapshotHandlerTests" name="GetSnapshots_InvalidSnapshotPath_Failure" />
    </UnitTest>
    <UnitTest name="HasMd5ProviderStrategy_ShouldReturnTrue_WhenSomeEventServerIdAreNonFipsCompliant" storage="d:\actions-runner\_work\xpco\xpco\sc\components\remoteviewer\smartclient\tst\zsmartclient_unittest\bin\x64\debug\net472\zsmartclient_unittest.dll" id="9c23bc24-c1ee-6f47-512c-5d239bfcd591">
      <TestCategory>
        <TestCategoryItem TestCategory="AccessControl.Services" />
      </TestCategory>
      <Execution id="7918407b-1d44-4244-9eaa-82f51eb23114" />
      <TestMethod codeBase="D:\actions-runner\_work\XPCO\XPCO\SC\Components\RemoteViewer\SmartClient\tst\zSmartClient_UnitTest\bin\x64\Debug\net472\zSmartClient_UnitTest.dll" adapterTypeName="executor://mstestadapter/v2" className="SmartClient_UnitTest.VideoOS.RemoteClient.AccessControl.Services.AccessControlGuidProviderTests" name="HasMd5ProviderStrategy_ShouldReturnTrue_WhenSomeEventServerIdAreNonFipsCompliant" />
    </UnitTest>
    <UnitTest name="CreateCameraListItem_ShouldCreateNotEnabledCamera_WhenEnabledParameterIsFalse" storage="d:\actions-runner\_work\xpco\xpco\sc\components\remoteviewer\smartclient\tst\zsmartclient_unittest\bin\x64\debug\net472\zsmartclient_unittest.dll" id="4ccdfeb9-004d-3fe2-5c2e-c79ef1dd5941">
      <TestCategory>
        <TestCategoryItem TestCategory="Search.Filters.ViewModels" />
      </TestCategory>
      <Execution id="0e6f704b-72d3-4410-906e-99c49e018938" />
      <TestMethod codeBase="D:\actions-runner\_work\XPCO\XPCO\SC\Components\RemoteViewer\SmartClient\tst\zSmartClient_UnitTest\bin\x64\Debug\net472\zSmartClient_UnitTest.dll" adapterTypeName="executor://mstestadapter/v2" className="SmartClient_UnitTest.VideoOS.RemoteClient.Plugin.CentralizedSearch.MIPPlugin.Criteria.ViewModels.SmartSearchCameraListItemHelperTests" name="CreateCameraListItem_ShouldCreateNotEnabledCamera_WhenEnabledParameterIsFalse" />
    </UnitTest>
    <UnitTest name="SearchAction_LiveMode" storage="d:\actions-runner\_work\xpco\xpco\sc\components\remoteviewer\smartclient\tst\zsmartclient_unittest\bin\x64\debug\net472\zsmartclient_unittest.dll" id="bc3083b0-a3ea-e4f1-9c27-4c183b204440">
      <TestCategory>
        <TestCategoryItem TestCategory="ContentHolderToolbar" />
      </TestCategory>
      <Execution id="3b9d4d53-ba37-4280-8083-42c6e397d383" />
      <TestMethod codeBase="D:\actions-runner\_work\XPCO\XPCO\SC\Components\RemoteViewer\SmartClient\tst\zSmartClient_UnitTest\bin\x64\Debug\net472\zSmartClient_UnitTest.dll" adapterTypeName="executor://mstestadapter/v2" className="SmartClient_UnitTest.VideoOS.RemoteClient.Application.Data.ContentHolderToolbar.ToolBarItemSearchTests" name="SearchAction_LiveMode" />
    </UnitTest>
    <UnitTest name="DeviceIcons_ShouldReturnIconsInAProperOrder_WhenCalled" storage="d:\actions-runner\_work\xpco\xpco\sc\components\remoteviewer\smartclient\tst\zsmartclient_unittest\bin\x64\debug\net472\zsmartclient_unittest.dll" id="62930b8c-e45e-fc1a-2573-556c126ac982">
      <TestCategory>
        <TestCategoryItem TestCategory="GisMapData.MicrophoneOemResourcesProviderTests" />
      </TestCategory>
      <Execution id="e5671cdb-4156-4a8a-b615-be21c246d268" />
      <TestMethod codeBase="D:\actions-runner\_work\XPCO\XPCO\SC\Components\RemoteViewer\SmartClient\tst\zSmartClient_UnitTest\bin\x64\Debug\net472\zSmartClient_UnitTest.dll" adapterTypeName="executor://mstestadapter/v2" className="SmartClient_UnitTest.VideoOS.RemoteClient.GisMapData.Resources.MicrophoneOemResourcesProviderTests" name="DeviceIcons_ShouldReturnIconsInAProperOrder_WhenCalled" />
    </UnitTest>
    <UnitTest name="Constructor_ShouldRaiseArgumentNullException_WhenNextDeviceDataHandlerIsNull" storage="d:\actions-runner\_work\xpco\xpco\sc\components\remoteviewer\smartclient\tst\zsmartclient_unittest\bin\x64\debug\net472\zsmartclient_unittest.dll" id="3dd17c2d-4aaa-fdf7-41d3-a00ff3aff086">
      <TestCategory>
        <TestCategoryItem TestCategory="GisMap.Handlers.Devices.MapItems" />
      </TestCategory>
      <Execution id="684f269c-2ce6-4586-bc19-2e36bdc66e82" />
      <TestMethod codeBase="D:\actions-runner\_work\XPCO\XPCO\SC\Components\RemoteViewer\SmartClient\tst\zSmartClient_UnitTest\bin\x64\Debug\net472\zSmartClient_UnitTest.dll" adapterTypeName="executor://mstestadapter/v2" className="SmartClient_UnitTest.VideoOS.RemoteClient.Plugin.GisMap.Handlers.Devices.MapItems.InputDataHandlerTests" name="Constructor_ShouldRaiseArgumentNullException_WhenNextDeviceDataHandlerIsNull" />
    </UnitTest>
    <UnitTest name="DateToStringConverter_SingleConvertBack_Fail" storage="d:\actions-runner\_work\xpco\xpco\sc\components\remoteviewer\smartclient\tst\zsmartclient_unittest\bin\x64\debug\net472\zsmartclient_unittest.dll" id="313c09e0-411a-75b7-e96b-3ca0dbd86c48">
      <TestCategory>
        <TestCategoryItem TestCategory="SearchConverter" />
      </TestCategory>
      <Execution id="03da552c-e788-4c15-a823-4dc275f68f1f" />
      <TestMethod codeBase="D:\actions-runner\_work\XPCO\XPCO\SC\Components\RemoteViewer\SmartClient\tst\zSmartClient_UnitTest\bin\x64\Debug\net472\zSmartClient_UnitTest.dll" adapterTypeName="executor://mstestadapter/v2" className="SmartClient_UnitTest.VideoOS.RemoteClient.Plugin.CentralizedSearch.Views.Converters.DurationToStringConverterTests" name="DateToStringConverter_SingleConvertBack_Fail" />
    </UnitTest>
    <UnitTest name="GetClusters_ExcludeThenIncludeExcludedItems_NoChange" storage="d:\actions-runner\_work\xpco\xpco\sc\components\remoteviewer\smartclient\tst\zsmartclient_unittest\bin\x64\debug\net472\zsmartclient_unittest.dll" id="f680908c-3b4b-7b4d-7066-6e5fce7c0b27">
      <TestCategory>
        <TestCategoryItem TestCategory="GisMapIndex" />
      </TestCategory>
      <Execution id="914f15ef-4a29-4625-b776-9fa224c9dac7" />
      <TestMethod codeBase="D:\actions-runner\_work\XPCO\XPCO\SC\Components\RemoteViewer\SmartClient\tst\zSmartClient_UnitTest\bin\x64\Debug\net472\zSmartClient_UnitTest.dll" adapterTypeName="executor://mstestadapter/v2" className="SmartClient_UnitTest.VideoOS.RemoteClient.GisMapData.Common.Indexer.BuildingsAwareIndexerTests" name="GetClusters_ExcludeThenIncludeExcludedItems_NoChange" />
    </UnitTest>
    <UnitTest name="CreateMenuItem_SetsIcons" storage="d:\actions-runner\_work\xpco\xpco\sc\components\remoteviewer\smartclient\tst\zsmartclient_unittest\bin\x64\debug\net472\zsmartclient_unittest.dll" id="a7ae775e-2c15-1f46-f93f-e37442fe54d1">
      <TestCategory>
        <TestCategoryItem TestCategory="GisMapMip" />
      </TestCategory>
      <Execution id="f78ab397-77eb-4f2b-9cab-2fa9d177bd3f" />
      <TestMethod codeBase="D:\actions-runner\_work\XPCO\XPCO\SC\Components\RemoteViewer\SmartClient\tst\zSmartClient_UnitTest\bin\x64\Debug\net472\zSmartClient_UnitTest.dll" adapterTypeName="executor://mstestadapter/v2" className="SmartClient_UnitTest.VideoOS.RemoteClient.Plugin.GisMap.ThinkGeoMap.ContextMenuUtils.MipItemActionsContextMenuTests" name="CreateMenuItem_SetsIcons" />
    </UnitTest>
    <UnitTest name="HandleGetDeviceData_ShouldReturnInputData_WhenInputKindAndExistingInputId" storage="d:\actions-runner\_work\xpco\xpco\sc\components\remoteviewer\smartclient\tst\zsmartclient_unittest\bin\x64\debug\net472\zsmartclient_unittest.dll" id="01f34d8e-771f-fa5c-163a-25421605a156">
      <TestCategory>
        <TestCategoryItem TestCategory="GisMap.Handlers.Devices.MapItems" />
      </TestCategory>
      <Execution id="accdf562-1cab-4d12-97c6-ab57ee7db0ae" />
      <TestMethod codeBase="D:\actions-runner\_work\XPCO\XPCO\SC\Components\RemoteViewer\SmartClient\tst\zSmartClient_UnitTest\bin\x64\Debug\net472\zSmartClient_UnitTest.dll" adapterTypeName="executor://mstestadapter/v2" className="SmartClient_UnitTest.VideoOS.RemoteClient.Plugin.GisMap.Handlers.Devices.MapItems.InputDataHandlerTests" name="HandleGetDeviceData_ShouldReturnInputData_WhenInputKindAndExistingInputId" />
    </UnitTest>
    <UnitTest name="MarkerFactory_WhenMarkerDoesNotExistForMapItem_ShouldReturnNull" storage="d:\actions-runner\_work\xpco\xpco\sc\components\remoteviewer\smartclient\tst\zsmartclient_unittest\bin\x64\debug\net472\zsmartclient_unittest.dll" id="1908903c-8778-1771-d8eb-296b41bd1c8a">
      <TestCategory>
        <TestCategoryItem TestCategory="GisMap.MarkerFactory" />
      </TestCategory>
      <Execution id="f53887bb-431c-4010-ae36-dfa3d2bdab01" />
      <TestMethod codeBase="D:\actions-runner\_work\XPCO\XPCO\SC\Components\RemoteViewer\SmartClient\tst\zSmartClient_UnitTest\bin\x64\Debug\net472\zSmartClient_UnitTest.dll" adapterTypeName="executor://mstestadapter/v2" className="SmartClient_UnitTest.VideoOS.RemoteClient.Plugin.GisMap.IoC.MarkerFactoryTests" name="MarkerFactory_WhenMarkerDoesNotExistForMapItem_ShouldReturnNull" />
    </UnitTest>
    <UnitTest name="GetDefaultReportDestination_NullUserSettings_ReturnsDefaultFolder" storage="d:\actions-runner\_work\xpco\xpco\sc\components\remoteviewer\smartclient\tst\zsmartclient_unittest\bin\x64\debug\net472\zsmartclient_unittest.dll" id="a2c904bd-3f69-e9d9-0ae2-6c94ccb201e3">
      <TestCategory>
        <TestCategoryItem TestCategory="Search" />
      </TestCategory>
      <Execution id="fe39b4df-fdd1-4024-98db-c8d65d5ed7c6" />
      <TestMethod codeBase="D:\actions-runner\_work\XPCO\XPCO\SC\Components\RemoteViewer\SmartClient\tst\zSmartClient_UnitTest\bin\x64\Debug\net472\zSmartClient_UnitTest.dll" adapterTypeName="executor://mstestadapter/v2" className="SmartClient_UnitTest.VideoOS.RemoteClient.Plugin.CentralizedSearch.ViewModels.SearchReportViewModelTests" name="GetDefaultReportDestination_NullUserSettings_ReturnsDefaultFolder" />
    </UnitTest>
    <UnitTest name="IncludeViewItemToggledEvent_ShouldAddViewItemToIncludedViewItems_WhenIncludedIsTrueOnContentHolderControl" storage="d:\actions-runner\_work\xpco\xpco\sc\components\remoteviewer\smartclient\tst\zsmartclient_unittest\bin\x64\debug\net472\zsmartclient_unittest.dll" id="31d5d148-0cd6-8d1e-0567-f1c07ae35162">
      <TestCategory>
        <TestCategoryItem TestCategory="ContentHolder" />
      </TestCategory>
      <Execution id="55db8139-b90f-4f8b-b3c8-df3a25ebc5eb" />
      <TestMethod codeBase="D:\actions-runner\_work\XPCO\XPCO\SC\Components\RemoteViewer\SmartClient\tst\zSmartClient_UnitTest\bin\x64\Debug\net472\zSmartClient_UnitTest.dll" adapterTypeName="executor://mstestadapter/v2" className="SmartClient_UnitTest.VideoOS.RemoteClient.Application.Data.ContentTypes.ContentTypeBase.ContentHolderBaseTests" name="IncludeViewItemToggledEvent_ShouldAddViewItemToIncludedViewItems_WhenIncludedIsTrueOnContentHolderControl" />
    </UnitTest>
    <UnitTest name="IsSearchInProgressChanged_Success" storage="d:\actions-runner\_work\xpco\xpco\sc\components\remoteviewer\smartclient\tst\zsmartclient_unittest\bin\x64\debug\net472\zsmartclient_unittest.dll" id="27940d64-03df-8f28-2a77-22152c4e2bc7">
      <TestCategory>
        <TestCategoryItem TestCategory="SearchResultViewModels" />
      </TestCategory>
      <Execution id="1cfee877-a101-4ca2-a05f-a70144bdc2d8" />
      <TestMethod codeBase="D:\actions-runner\_work\XPCO\XPCO\SC\Components\RemoteViewer\SmartClient\tst\zSmartClient_UnitTest\bin\x64\Debug\net472\zSmartClient_UnitTest.dll" adapterTypeName="executor://mstestadapter/v2" className="SmartClient_UnitTest.VideoOS.RemoteClient.Plugin.CentralizedSearch.ViewModels.SearchResultsViewModelTest" name="IsSearchInProgressChanged_Success" />
    </UnitTest>
    <UnitTest name="ToSafeName_NullName_Failure" storage="d:\actions-runner\_work\xpco\xpco\sc\components\remoteviewer\smartclient\tst\zsmartclient_unittest\bin\x64\debug\net472\zsmartclient_unittest.dll" id="e288d304-5f35-f382-d06b-9b0ed9edf0e1">
      <Execution id="2b20bbd9-b773-4d31-8f3c-7577a8df5f02" />
      <TestMethod codeBase="D:\actions-runner\_work\XPCO\XPCO\SC\Components\RemoteViewer\SmartClient\tst\zSmartClient_UnitTest\bin\x64\Debug\net472\zSmartClient_UnitTest.dll" adapterTypeName="executor://mstestadapter/v2" className="SmartClient_UnitTest.VideoOS.RemoteClient.Application.Common.Scripting.ReservedJavascriptKeywordsTests" name="ToSafeName_NullName_Failure" />
    </UnitTest>
    <UnitTest name="GeNumberOfMonitors_GetResolution_ShouldReturnValidValue" storage="d:\actions-runner\_work\xpco\xpco\sc\components\remoteviewer\smartclient\tst\zsmartclient_unittest\bin\x64\debug\net472\zsmartclient_unittest.dll" id="82581c83-f8ac-d2d4-2282-bfb72f7ace78">
      <Execution id="b4fb798a-48cb-407b-b7d3-199cfd5d5261" />
      <TestMethod codeBase="D:\actions-runner\_work\XPCO\XPCO\SC\Components\RemoteViewer\SmartClient\tst\zSmartClient_UnitTest\bin\x64\Debug\net472\zSmartClient_UnitTest.dll" adapterTypeName="executor://mstestadapter/v2" className="SmartClient_UnitTest.VideoOS.RemoteClient.Application.Common.Telemetry.SCTelemetrySpecificsTests" name="GeNumberOfMonitors_GetResolution_ShouldReturnValidValue" />
    </UnitTest>
    <UnitTest name="TestImplicitOperator_Polygon_Success" storage="d:\actions-runner\_work\xpco\xpco\sc\components\remoteviewer\smartclient\tst\zsmartclient_unittest\bin\x64\debug\net472\zsmartclient_unittest.dll" id="521edd59-e00a-7fda-d2c0-b2558265b67a">
      <TestCategory>
        <TestCategoryItem TestCategory="GisMap" />
      </TestCategory>
      <Execution id="05014da0-380e-4333-9d7b-9017b2ea385f" />
      <TestMethod codeBase="D:\actions-runner\_work\XPCO\XPCO\SC\Components\RemoteViewer\SmartClient\tst\zSmartClient_UnitTest\bin\x64\Debug\net472\zSmartClient_UnitTest.dll" adapterTypeName="executor://mstestadapter/v2" className="SmartClient_UnitTest.VideoOS.RemoteClient.GisMap.Common.MapPolygonTest" name="TestImplicitOperator_Polygon_Success" />
    </UnitTest>
    <UnitTest name="OnLayersRetrieved_ShouldSetComponentsToInput_WhenLayersCollectionContainsOutput" storage="d:\actions-runner\_work\xpco\xpco\sc\components\remoteviewer\smartclient\tst\zsmartclient_unittest\bin\x64\debug\net472\zsmartclient_unittest.dll" id="81839942-eab6-dd11-a06f-a19981ad17ba">
      <TestCategory>
        <TestCategoryItem TestCategory="GisMap.DeviceSelectorWindowViewModel" />
      </TestCategory>
      <Execution id="660e8f2b-84db-425b-af50-afde636d74f0" />
      <TestMethod codeBase="D:\actions-runner\_work\XPCO\XPCO\SC\Components\RemoteViewer\SmartClient\tst\zSmartClient_UnitTest\bin\x64\Debug\net472\zSmartClient_UnitTest.dll" adapterTypeName="executor://mstestadapter/v2" className="SmartClient_UnitTest.VideoOS.RemoteClient.Plugin.GisMap.ViewModels.DeviceSelectorWindowViewModelTests" name="OnLayersRetrieved_ShouldSetComponentsToInput_WhenLayersCollectionContainsOutput" />
    </UnitTest>
    <UnitTest name="IsCurrentCenterEqualTo_ShouldReturnFalse_WhenValuesAreNotEqualWithinGivenPrecision" storage="d:\actions-runner\_work\xpco\xpco\sc\components\remoteviewer\smartclient\tst\zsmartclient_unittest\bin\x64\debug\net472\zsmartclient_unittest.dll" id="2a4b4823-fd60-1de2-7bef-a1adf9e470c2">
      <TestCategory>
        <TestCategoryItem TestCategory="MapExtentManager" />
      </TestCategory>
      <Execution id="9a6b9b52-2cc9-49ea-a04d-77c5b0f97057" />
      <TestMethod codeBase="D:\actions-runner\_work\XPCO\XPCO\SC\Components\RemoteViewer\SmartClient\tst\zSmartClient_UnitTest\bin\x64\Debug\net472\zSmartClient_UnitTest.dll" adapterTypeName="executor://mstestadapter/v2" className="SmartClient_UnitTest.VideoOS.RemoteClient.Plugin.GisMap.ThinkGeoMap.Settings.ThinkGeoMapExtentManagerTests" name="IsCurrentCenterEqualTo_ShouldReturnFalse_WhenValuesAreNotEqualWithinGivenPrecision" />
    </UnitTest>
    <UnitTest name="NearestPossibleZoomLevel_ShouldReturnZoomLevel19_WhenScaleIsZoomLevel19" storage="d:\actions-runner\_work\xpco\xpco\sc\components\remoteviewer\smartclient\tst\zsmartclient_unittest\bin\x64\debug\net472\zsmartclient_unittest.dll" id="83492e0d-212b-a788-b283-557077b5c1d0">
      <TestCategory>
        <TestCategoryItem TestCategory="MapExtentManager" />
      </TestCategory>
      <Execution id="188683dc-34f9-48ae-8a9d-ecb590f829b4" />
      <TestMethod codeBase="D:\actions-runner\_work\XPCO\XPCO\SC\Components\RemoteViewer\SmartClient\tst\zSmartClient_UnitTest\bin\x64\Debug\net472\zSmartClient_UnitTest.dll" adapterTypeName="executor://mstestadapter/v2" className="SmartClient_UnitTest.VideoOS.RemoteClient.Plugin.GisMap.ThinkGeoMap.Settings.ThinkGeoMapExtentManagerTests" name="NearestPossibleZoomLevel_ShouldReturnZoomLevel19_WhenScaleIsZoomLevel19" />
    </UnitTest>
    <UnitTest name="CreateDefinition_FireMultipleSearchResultsInOneEvent_SearchFinishedWithResults" storage="d:\actions-runner\_work\xpco\xpco\sc\components\remoteviewer\smartclient\tst\zsmartclient_unittest\bin\x64\debug\net472\zsmartclient_unittest.dll" id="16850f24-a3f3-b035-b0b3-7c99490a9542">
      <TestCategory>
        <TestCategoryItem TestCategory="SearchModels" />
      </TestCategory>
      <Execution id="6c69f92a-2cdc-40af-b221-fab0e60e356e" />
      <TestMethod codeBase="D:\actions-runner\_work\XPCO\XPCO\SC\Components\RemoteViewer\SmartClient\tst\zSmartClient_UnitTest\bin\x64\Debug\net472\zSmartClient_UnitTest.dll" adapterTypeName="executor://mstestadapter/v2" className="SmartClient_UnitTest.VideoOS.RemoteClient.Plugin.CentralizedSearch.Models.SearchModelTests" name="CreateDefinition_FireMultipleSearchResultsInOneEvent_SearchFinishedWithResults" />
    </UnitTest>
    <UnitTest name="FindSearchTemplatesAsync_Null_Failure" storage="d:\actions-runner\_work\xpco\xpco\sc\components\remoteviewer\smartclient\tst\zsmartclient_unittest\bin\x64\debug\net472\zsmartclient_unittest.dll" id="6463d51b-77d7-6acd-19d1-958e93231c67">
      <TestCategory>
        <TestCategoryItem TestCategory="SearchTemplatesService" />
      </TestCategory>
      <Execution id="feee4f8e-64c6-4f0e-83b0-dc51ae9db0a8" />
      <TestMethod codeBase="D:\actions-runner\_work\XPCO\XPCO\SC\Components\RemoteViewer\SmartClient\tst\zSmartClient_UnitTest\bin\x64\Debug\net472\zSmartClient_UnitTest.dll" adapterTypeName="executor://mstestadapter/v2" className="SmartClient_UnitTest.VideoOS.RemoteClient.Plugin.CentralizedSearch.SearchTemplates.Service.SearchTemplateServiceTests" name="FindSearchTemplatesAsync_Null_Failure" />
    </UnitTest>
    <UnitTest name="SmartMapGoToLocationHandler_WhenLocationCanNotBeFound_ShouldWriteToLog" storage="d:\actions-runner\_work\xpco\xpco\sc\components\remoteviewer\smartclient\tst\zsmartclient_unittest\bin\x64\debug\net472\zsmartclient_unittest.dll" id="4095d4e0-7747-4418-2cba-d8d1b699249f">
      <Execution id="e3ca90ab-3e9f-461d-b479-75fcfb295493" />
      <TestMethod codeBase="D:\actions-runner\_work\XPCO\XPCO\SC\Components\RemoteViewer\SmartClient\tst\zSmartClient_UnitTest\bin\x64\Debug\net472\zSmartClient_UnitTest.dll" adapterTypeName="executor://mstestadapter/v2" className="SmartClient_UnitTest.VideoOS.RemoteClient.Plugin.GisMap.MIP.ContentHolderMipMessageManagerTests" name="SmartMapGoToLocationHandler_WhenLocationCanNotBeFound_ShouldWriteToLog" />
    </UnitTest>
    <UnitTest name="SearchResultCombineType_DefaultValue_And" storage="d:\actions-runner\_work\xpco\xpco\sc\components\remoteviewer\smartclient\tst\zsmartclient_unittest\bin\x64\debug\net472\zsmartclient_unittest.dll" id="cadbf7d4-d58e-eeac-6faf-7c00f5bba9ec">
      <TestCategory>
        <TestCategoryItem TestCategory="SearchViewModels" />
      </TestCategory>
      <Execution id="b3346554-c555-4f03-82d5-de2ed41acf67" />
      <TestMethod codeBase="D:\actions-runner\_work\XPCO\XPCO\SC\Components\RemoteViewer\SmartClient\tst\zSmartClient_UnitTest\bin\x64\Debug\net472\zSmartClient_UnitTest.dll" adapterTypeName="executor://mstestadapter/v2" className="SmartClient_UnitTest.VideoOS.RemoteClient.Plugin.CentralizedSearch.ViewModels.SearchViewModelTests" name="SearchResultCombineType_DefaultValue_And" />
    </UnitTest>
    <UnitTest name="AddSelectedCameras_TooManyCamerasMultiple_AddedUntilMaxAndWarningMessageDisplayed" storage="d:\actions-runner\_work\xpco\xpco\sc\components\remoteviewer\smartclient\tst\zsmartclient_unittest\bin\x64\debug\net472\zsmartclient_unittest.dll" id="4c079a3c-32b1-18a2-0888-498e65e1e695">
      <TestCategory>
        <TestCategoryItem TestCategory="SearchViewModels" />
      </TestCategory>
      <Execution id="a1b84856-5e47-4ce2-8ec7-7b063c6a8905" />
      <TestMethod codeBase="D:\actions-runner\_work\XPCO\XPCO\SC\Components\RemoteViewer\SmartClient\tst\zSmartClient_UnitTest\bin\x64\Debug\net472\zSmartClient_UnitTest.dll" adapterTypeName="executor://mstestadapter/v2" className="SmartClient_UnitTest.VideoOS.RemoteClient.Plugin.CentralizedSearch.ViewModels.SearchViewModelTests" name="AddSelectedCameras_TooManyCamerasMultiple_AddedUntilMaxAndWarningMessageDisplayed" />
    </UnitTest>
    <UnitTest name="GetSLC_ShouldReturnEmptyString_WhenLicenseIsNull" storage="d:\actions-runner\_work\xpco\xpco\sc\components\remoteviewer\smartclient\tst\zsmartclient_unittest\bin\x64\debug\net472\zsmartclient_unittest.dll" id="f64b2eb0-431a-6fbc-c692-f413cacfb737">
      <Execution id="3ed6b0c8-b16f-4cc8-a93f-942c34103c82" />
      <TestMethod codeBase="D:\actions-runner\_work\XPCO\XPCO\SC\Components\RemoteViewer\SmartClient\tst\zSmartClient_UnitTest\bin\x64\Debug\net472\zSmartClient_UnitTest.dll" adapterTypeName="executor://mstestadapter/v2" className="SmartClient_UnitTest.VideoOS.RemoteClient.Application.Common.Telemetry.SCTelemetrySpecificsTests" name="GetSLC_ShouldReturnEmptyString_WhenLicenseIsNull" />
    </UnitTest>
    <UnitTest name="Toolbar_HasButtonsVisibleByDefault_WhenInLive" storage="d:\actions-runner\_work\xpco\xpco\sc\components\remoteviewer\smartclient\tst\zsmartclient_unittest\bin\x64\debug\net472\zsmartclient_unittest.dll" id="9a0ec1ee-717c-f9be-241c-4cf9cb866a4c">
      <TestCategory>
        <TestCategoryItem TestCategory="WorkspaceToolbar" />
      </TestCategory>
      <Execution id="fe2335b6-6282-47b0-aa32-465f524c55c6" />
      <TestMethod codeBase="D:\actions-runner\_work\XPCO\XPCO\SC\Components\RemoteViewer\SmartClient\tst\zSmartClient_UnitTest\bin\x64\Debug\net472\zSmartClient_UnitTest.dll" adapterTypeName="executor://mstestadapter/v2" className="SmartClient_UnitTest.VideoOS.RemoteClient.Application.UI.Content.WorkspaceToolbar.WorkspaceToolbarViewModelTests" name="Toolbar_HasButtonsVisibleByDefault_WhenInLive" />
    </UnitTest>
    <UnitTest name="Initialize_ShouldAttachOptionChanged_WhenAllowOnlyFipsAlgorithmsIsTrueAndAllEventServerIdsAreFipsCompliant" storage="d:\actions-runner\_work\xpco\xpco\sc\components\remoteviewer\smartclient\tst\zsmartclient_unittest\bin\x64\debug\net472\zsmartclient_unittest.dll" id="c0d785e8-8864-98d5-b13c-b47a7d8658f2">
      <TestCategory>
        <TestCategoryItem TestCategory="AccessControl" />
      </TestCategory>
      <Execution id="8b3aedc3-423e-48a7-b47a-ad8836b0c06b" />
      <TestMethod codeBase="D:\actions-runner\_work\XPCO\XPCO\SC\Components\RemoteViewer\SmartClient\tst\zSmartClient_UnitTest\bin\x64\Debug\net472\zSmartClient_UnitTest.dll" adapterTypeName="executor://mstestadapter/v2" className="SmartClient_UnitTest.VideoOS.RemoteClient.AccessControl.AccessControlManagerCoreTests" name="Initialize_ShouldAttachOptionChanged_WhenAllowOnlyFipsAlgorithmsIsTrueAndAllEventServerIdsAreFipsCompliant" />
    </UnitTest>
    <UnitTest name="GetBoundingShapesAsync_ShouldIgnoreNullBoundingShapesCollectionFromSubResults" storage="d:\actions-runner\_work\xpco\xpco\sc\components\remoteviewer\smartclient\tst\zsmartclient_unittest\bin\x64\debug\net472\zsmartclient_unittest.dll" id="ac8063fd-ec4b-484a-0383-753253f47780">
      <TestCategory>
        <TestCategoryItem TestCategory="Search.Wrappers" />
      </TestCategory>
      <Execution id="b05ac347-5738-41d8-9693-4efdadec492d" />
      <TestMethod codeBase="D:\actions-runner\_work\XPCO\XPCO\SC\Components\RemoteViewer\SmartClient\tst\zSmartClient_UnitTest\bin\x64\Debug\net472\zSmartClient_UnitTest.dll" adapterTypeName="executor://mstestadapter/v2" className="SmartClient_UnitTest.VideoOS.RemoteClient.Plugin.CentralizedSearch.Models.Wrappers.CombinedSearchResultDataWrapperTests" name="GetBoundingShapesAsync_ShouldIgnoreNullBoundingShapesCollectionFromSubResults" />
    </UnitTest>
  </TestDefinitions>
  <TestEntries>
    <TestEntry testId="43d61832-991c-baec-6981-658713b1dd1b" executionId="d63953a2-01c8-4377-b37b-4d4fe7778d75" testListId="8c84fa94-04c1-424b-9868-57a2d4851a1d" />
    <TestEntry testId="68eba393-9613-4207-7542-82e0b37e4100" executionId="2bc7a067-2286-46a5-9062-cc91a7c10b09" testListId="8c84fa94-04c1-424b-9868-57a2d4851a1d" />
    <TestEntry testId="9deaeb24-21b9-9f12-691a-fda61c229e90" executionId="637e25f5-579c-4ed5-96bc-63fe49991cd0" testListId="8c84fa94-04c1-424b-9868-57a2d4851a1d" />
    <TestEntry testId="3df39c27-f4f5-5c42-c9cb-c9b3731ba9be" executionId="39e56ce7-757f-42ae-867e-f6fb143749fa" testListId="8c84fa94-04c1-424b-9868-57a2d4851a1d" />
    <TestEntry testId="dc781f78-aa42-d9b1-8797-d2b3767e846c" executionId="f211387e-8788-430d-9ddc-f95cafdbc00c" testListId="8c84fa94-04c1-424b-9868-57a2d4851a1d" />
    <TestEntry testId="a39ae70d-c88f-1b05-e852-22bd9620ca7b" executionId="bd8338d9-0542-4aee-baee-4a2c0ba7da11" testListId="8c84fa94-04c1-424b-9868-57a2d4851a1d" />
    <TestEntry testId="9e1c156c-7717-458a-15e2-7e227d19e93b" executionId="aa88e917-d177-4ea2-b121-d22ec9bd7584" testListId="8c84fa94-04c1-424b-9868-57a2d4851a1d" />
    <TestEntry testId="5ffa61d1-ba0a-5c24-5f29-257815c65d94" executionId="9d1e1c1c-f68b-4e93-8c81-176d078958f4" testListId="8c84fa94-04c1-424b-9868-57a2d4851a1d" />
    <TestEntry testId="d33238ac-1e47-b12a-5f1e-c0efc2aabbf1" executionId="88c12ba3-d719-4fb7-a035-f3dedc47e2ab" testListId="8c84fa94-04c1-424b-9868-57a2d4851a1d" />
    <TestEntry testId="d710cb6b-c383-23e9-04a7-380523480bf6" executionId="b997473a-a5fb-4eaf-afd3-028b5fd385f0" testListId="8c84fa94-04c1-424b-9868-57a2d4851a1d" />
    <TestEntry testId="d2b63634-b2a8-712b-6997-a00fbcbd57df" executionId="a21e5f35-5f20-4ad8-bbe2-15e727f5e8eb" testListId="8c84fa94-04c1-424b-9868-57a2d4851a1d" />
    <TestEntry testId="293008c2-9745-d477-0bc6-1ddbf5e8b276" executionId="81300770-f190-42c3-a481-7426cc1b5f06" testListId="8c84fa94-04c1-424b-9868-57a2d4851a1d" />
    <TestEntry testId="38c61dcc-3a50-a0a7-0dea-c65fb41e4802" executionId="8a174614-9518-4808-af89-4282beb9608b" testListId="8c84fa94-04c1-424b-9868-57a2d4851a1d" />
    <TestEntry testId="91ccec24-6878-75d9-83f5-29ad2ed9f604" executionId="0705be48-0487-42a3-8041-a8c1db3088c1" testListId="8c84fa94-04c1-424b-9868-57a2d4851a1d" />
    <TestEntry testId="c5afb81b-9473-e705-4713-ff021498a318" executionId="4b465327-f763-42a9-81d6-c803703ea76f" testListId="8c84fa94-04c1-424b-9868-57a2d4851a1d" />
    <TestEntry testId="e7c0b876-bbe6-d4df-1806-4ff85a920c2f" executionId="9bc18fb1-e35d-4996-b3fd-128cfca9a605" testListId="8c84fa94-04c1-424b-9868-57a2d4851a1d" />
    <TestEntry testId="66234323-7949-a946-9adf-97375c9fed0b" executionId="b873e9ee-7c34-40b2-8a10-cc0d7d34b9d3" testListId="8c84fa94-04c1-424b-9868-57a2d4851a1d" />
    <TestEntry testId="f97a9c11-337a-9db0-c57e-d2aa1b5d357d" executionId="1d317c0f-b401-4d99-b1da-694103bcd4f7" testListId="8c84fa94-04c1-424b-9868-57a2d4851a1d" />
    <TestEntry testId="07dba9c8-887e-44e6-63b8-7e227b9aaff8" executionId="faf7fa31-edda-4330-8bfb-6b0d37d47894" testListId="8c84fa94-04c1-424b-9868-57a2d4851a1d" />
    <TestEntry testId="08662725-81c0-39ee-21c2-6a500f721bcc" executionId="70430dd1-03c5-4617-ad86-ab92bde536f5" testListId="8c84fa94-04c1-424b-9868-57a2d4851a1d" />
    <TestEntry testId="af78caca-a27e-9e6b-678d-4aa454a90502" executionId="ae8961b2-eafa-4e53-9acc-8e78f5a07ed2" testListId="8c84fa94-04c1-424b-9868-57a2d4851a1d" />
    <TestEntry testId="9121a1cd-2d02-27fe-e6a5-6751e2d93e61" executionId="32e9fd57-5525-4b33-bac3-fd952c19d741" testListId="8c84fa94-04c1-424b-9868-57a2d4851a1d" />
    <TestEntry testId="708fbd07-d518-bb6a-de51-1d178c785f47" executionId="54a86bdb-7767-40c8-aab6-9190e0cb7637" testListId="8c84fa94-04c1-424b-9868-57a2d4851a1d" />
    <TestEntry testId="0f2fab4c-9ed0-8156-9134-b17ff014dc4a" executionId="35df6a7e-85b0-4fc9-8ad3-a5bfaca01147" testListId="8c84fa94-04c1-424b-9868-57a2d4851a1d" />
    <TestEntry testId="8803b728-b3cd-d0f6-6a9a-d85dc1ecbb9f" executionId="4ddf3adf-bab4-4b4b-a20f-cd4163238789" testListId="8c84fa94-04c1-424b-9868-57a2d4851a1d" />
    <TestEntry testId="6247c776-b6f2-69b6-74d1-6fc24161e71e" executionId="5d3d4bd9-103a-4a27-bb01-113d1e6d9893" testListId="8c84fa94-04c1-424b-9868-57a2d4851a1d" />
    <TestEntry testId="701dc107-7f79-fab2-b18e-55df056f2ab4" executionId="a7de1554-421b-474b-98ba-6a4008ef2e56" testListId="8c84fa94-04c1-424b-9868-57a2d4851a1d" />
    <TestEntry testId="1a507d86-1921-f620-6368-d6adb1877080" executionId="5b19ca42-d3ef-47ba-84f1-b4acd2746dab" testListId="8c84fa94-04c1-424b-9868-57a2d4851a1d" />
    <TestEntry testId="bf71a57f-ee03-3700-bbbe-0a8bed916dfe" executionId="48c969ea-a7cf-411e-802b-19d572210f22" testListId="8c84fa94-04c1-424b-9868-57a2d4851a1d" />
    <TestEntry testId="f680908c-3b4b-7b4d-7066-6e5fce7c0b27" executionId="70018d65-f3d4-419d-a67c-2f3486b5a2a4" testListId="8c84fa94-04c1-424b-9868-57a2d4851a1d" />
    <TestEntry testId="f680908c-3b4b-7b4d-7066-6e5fce7c0b27" executionId="0b69125f-a9f9-4bbb-a7db-b400dc7ee5da" testListId="8c84fa94-04c1-424b-9868-57a2d4851a1d" />
    <TestEntry testId="f252f3f1-2ddc-5f57-0a09-9fe0a66fde7a" executionId="1a038c11-1dab-4fa5-9556-a194aa6f4c4d" testListId="8c84fa94-04c1-424b-9868-57a2d4851a1d" />
    <TestEntry testId="4a5dc23b-ffe3-e948-472d-9d60d6e22bd4" executionId="0d448c3f-967c-4c03-9eb2-8e49a956c1ff" testListId="8c84fa94-04c1-424b-9868-57a2d4851a1d" />
    <TestEntry testId="a5317ab4-d180-d0ab-5f5b-a18f8fb41f6e" executionId="46d06a21-1816-4b0e-90cb-3d5f430d89a8" testListId="8c84fa94-04c1-424b-9868-57a2d4851a1d" />
    <TestEntry testId="e16392e0-b74b-20a1-bfd8-cf04cd22dc42" executionId="98e1fa06-8dd3-4ac4-9f12-2465f67a7d79" testListId="8c84fa94-04c1-424b-9868-57a2d4851a1d" />
    <TestEntry testId="c0babfb5-0c51-8e86-82e8-b342920c9494" executionId="3c254aef-40a3-46b6-86fc-c22488a7de18" testListId="8c84fa94-04c1-424b-9868-57a2d4851a1d" />
    <TestEntry testId="be546a67-03cf-7dc5-701c-f28c8929b881" executionId="f00f3af5-c8fa-415f-8193-828cca14ff2b" testListId="8c84fa94-04c1-424b-9868-57a2d4851a1d" />
    <TestEntry testId="798f07f3-7aba-5c3c-bfdb-b4e160b73303" executionId="eaf0f972-9445-487c-be11-e1d9b32e63ad" testListId="8c84fa94-04c1-424b-9868-57a2d4851a1d" />
    <TestEntry testId="3013af1b-1881-534b-ca91-63b1a27651d6" executionId="1f650c8f-4595-4e50-bae3-d731e01e7766" testListId="8c84fa94-04c1-424b-9868-57a2d4851a1d" />
    <TestEntry testId="f8050766-a819-6e5a-f094-40b949fa7692" executionId="47b7c1d8-96bc-41b2-b304-73867ddd3409" testListId="8c84fa94-04c1-424b-9868-57a2d4851a1d" />
    <TestEntry testId="ab87a2ac-ff1e-bd5f-59b1-9c79c2ca68fe" executionId="e7b64d3a-3bd8-4a09-abd2-73fb5631d4a4" testListId="8c84fa94-04c1-424b-9868-57a2d4851a1d" />
    <TestEntry testId="cf8740b0-df8d-bf5f-0e36-f1c7c45fcdee" executionId="3f4d95ff-6b83-4fe8-aa70-ca0cc77cad65" testListId="8c84fa94-04c1-424b-9868-57a2d4851a1d" />
    <TestEntry testId="53185803-f30d-3a94-55f9-276f689abca4" executionId="fcf4bee3-f3c6-4960-8e60-16501f369819" testListId="8c84fa94-04c1-424b-9868-57a2d4851a1d" />
    <TestEntry testId="7bbe3c7b-c7f6-b4cd-97f0-8c1f6db6c80e" executionId="0b88c30d-3e41-40e6-8243-efd433c7011b" testListId="8c84fa94-04c1-424b-9868-57a2d4851a1d" />
    <TestEntry testId="06bd11df-bf70-d0e2-a507-7181600bcc81" executionId="3903e29d-bb41-4c1d-8392-335943c4edf9" testListId="8c84fa94-04c1-424b-9868-57a2d4851a1d" />
    <TestEntry testId="f8eaf1dc-b859-6623-e5ad-974dd53ad456" executionId="07e00b25-4607-466e-a949-f688c86193f0" testListId="8c84fa94-04c1-424b-9868-57a2d4851a1d" />
    <TestEntry testId="4037f8f9-6ca0-fb62-ee52-1ab0cb3db5fb" executionId="0e7bcf18-c37e-42e1-b9a4-81f329ae85de" testListId="8c84fa94-04c1-424b-9868-57a2d4851a1d" />
    <TestEntry testId="91a78aeb-428a-f6ff-e2d1-52651e1feb62" executionId="6844ff6c-6c03-489d-84f9-7ef28590b837" testListId="8c84fa94-04c1-424b-9868-57a2d4851a1d" />
    <TestEntry testId="edbdb0fc-44d8-43ee-8589-e03588652149" executionId="aed197ab-6b88-466b-9582-d3c3773893ff" testListId="8c84fa94-04c1-424b-9868-57a2d4851a1d" />
    <TestEntry testId="4b3691e7-07b6-0fb9-2d54-63140b399b3d" executionId="95face0a-c404-45c4-abd9-1f57c3926024" testListId="8c84fa94-04c1-424b-9868-57a2d4851a1d" />
    <TestEntry testId="1b5117b5-2de0-24e5-94e2-f368e4d15b39" executionId="0e936d2c-b0e3-4864-ad27-f30a6f6cec50" testListId="8c84fa94-04c1-424b-9868-57a2d4851a1d" />
    <TestEntry testId="5358a71c-808a-a4c2-6851-01de58a4759c" executionId="72627be9-e48b-4708-85cd-9035520e74cf" testListId="8c84fa94-04c1-424b-9868-57a2d4851a1d" />
    <TestEntry testId="584617a4-8322-97bf-2a6c-744ce8c991ef" executionId="424d6ca2-d7ee-465b-ba16-1b94f915276e" testListId="8c84fa94-04c1-424b-9868-57a2d4851a1d" />
    <TestEntry testId="c2a70a77-deae-9615-f302-cf5bc25a63ec" executionId="74fba75d-6a3f-4493-9c65-6e5e88beee6b" testListId="8c84fa94-04c1-424b-9868-57a2d4851a1d" />
    <TestEntry testId="35b5f995-b2f1-b0ad-4d21-7b40aa694ec8" executionId="bee7a19b-95bc-4bba-a44d-4e549250423b" testListId="8c84fa94-04c1-424b-9868-57a2d4851a1d" />
    <TestEntry testId="e8f3b5b9-78ec-f897-d51a-a5d2a544c215" executionId="1776f351-08d5-49df-96af-232b4f53457d" testListId="8c84fa94-04c1-424b-9868-57a2d4851a1d" />
    <TestEntry testId="987edaa0-0a3b-cbb4-5b40-8112a4826bc5" executionId="6a15df2b-1427-4bf0-969a-69e34d53600f" testListId="8c84fa94-04c1-424b-9868-57a2d4851a1d" />
    <TestEntry testId="daf95640-1ecb-1c8c-09bc-d8c8490777c1" executionId="7e6cc093-58d1-411b-a39f-0f7e59e98159" testListId="8c84fa94-04c1-424b-9868-57a2d4851a1d" />
    <TestEntry testId="771137e7-8711-d371-fedf-d100a6d214c7" executionId="fbca489a-cf91-491d-b989-d58a98f65f95" testListId="8c84fa94-04c1-424b-9868-57a2d4851a1d" />
    <TestEntry testId="369c6e4e-5e84-29f7-23b9-0a90869fcac4" executionId="724980de-48a3-43bf-8ada-bec9ee21c841" testListId="8c84fa94-04c1-424b-9868-57a2d4851a1d" />
    <TestEntry testId="df4fc108-b9f8-183e-9857-a0352a34d2c9" executionId="501d7e3b-dabc-46d3-8727-d23539461977" testListId="8c84fa94-04c1-424b-9868-57a2d4851a1d" />
    <TestEntry testId="54618795-0b49-cc31-65f0-11068addceea" executionId="03c17cba-642d-4748-9ee5-bda6ba5d45bf" testListId="8c84fa94-04c1-424b-9868-57a2d4851a1d" />
    <TestEntry testId="55b69ff1-41fd-5c44-e2a8-b279d7828993" executionId="f73a7bd6-abe7-4d69-a35e-9d44a38731e3" testListId="8c84fa94-04c1-424b-9868-57a2d4851a1d" />
    <TestEntry testId="8304cf81-7f4f-297c-5609-3851440a85fa" executionId="a5cc74e3-7414-4764-9642-6ca7d2915027" testListId="8c84fa94-04c1-424b-9868-57a2d4851a1d" />
    <TestEntry testId="b89300df-44ea-f5d9-8c31-b46cc2e57c07" executionId="064dc5ea-d802-4bf3-acda-7d2630e57f17" testListId="8c84fa94-04c1-424b-9868-57a2d4851a1d" />
    <TestEntry testId="b998ca9d-3c07-a9b0-e337-f1f0a1809e45" executionId="67d154d1-17dd-45bc-80ca-c89ae37e9c89" testListId="8c84fa94-04c1-424b-9868-57a2d4851a1d" />
    <TestEntry testId="194c53c7-91a0-a39c-19f4-75d99e8bf5f1" executionId="3dbf1797-6c13-411d-a388-31a35b9fa4a0" testListId="8c84fa94-04c1-424b-9868-57a2d4851a1d" />
    <TestEntry testId="22c303b8-43d5-607e-1d1f-d8119ff03ede" executionId="ffcefa17-6103-4cc5-a78a-580a0a5c88db" testListId="8c84fa94-04c1-424b-9868-57a2d4851a1d" />
    <TestEntry testId="c2ad7c56-01cc-4375-d0d2-2742c681c744" executionId="28eb7bdb-485d-456a-9a2e-ffc86528c6aa" testListId="8c84fa94-04c1-424b-9868-57a2d4851a1d" />
    <TestEntry testId="6ee9d76c-102e-6b0c-a05d-d3b2cd96bee2" executionId="5784e3c4-daa9-4273-9d35-44ec7ac3095c" testListId="8c84fa94-04c1-424b-9868-57a2d4851a1d" />
    <TestEntry testId="18d974d6-a642-8807-34d7-9a9c256df013" executionId="e40775b0-f03c-445c-b459-7ec8a575858a" testListId="8c84fa94-04c1-424b-9868-57a2d4851a1d" />
    <TestEntry testId="d4294147-b6f1-1dea-474b-6d1ef066918c" executionId="69cdd451-0004-4c66-bf7d-71d94f5bab2a" testListId="8c84fa94-04c1-424b-9868-57a2d4851a1d" />
    <TestEntry testId="400c5eaf-48ad-3c64-9e1d-3969836d1b6d" executionId="eb9d020a-6908-467b-a70c-2c526c898dc4" testListId="8c84fa94-04c1-424b-9868-57a2d4851a1d" />
    <TestEntry testId="1bcc3d33-eed0-82c1-06ce-172f567f9802" executionId="0cdc5638-e4fb-42e9-b73e-e9ce7a6c223b" testListId="8c84fa94-04c1-424b-9868-57a2d4851a1d" />
    <TestEntry testId="2106a4d7-5b05-e5c0-8033-860c82b0ad6a" executionId="82f24587-ee9b-4c6f-bdbd-0968f62b49d5" testListId="8c84fa94-04c1-424b-9868-57a2d4851a1d" />
    <TestEntry testId="3460e6f3-0dd6-9361-76e4-41731c8ee6fa" executionId="b41afb43-c5bb-4906-aad7-5270f3195258" testListId="8c84fa94-04c1-424b-9868-57a2d4851a1d" />
    <TestEntry testId="cb1f6500-ecbe-a116-4190-78f304902ad9" executionId="bc7f0950-daca-4ee1-b235-6eab9004d4a6" testListId="8c84fa94-04c1-424b-9868-57a2d4851a1d" />
    <TestEntry testId="4beda25d-1245-bbb5-fb89-05aa7e1d42ca" executionId="3c0fe711-44f7-4a65-9e68-1dac6511a487" testListId="8c84fa94-04c1-424b-9868-57a2d4851a1d" />
    <TestEntry testId="e36cf31f-4200-8205-4a12-8df912fdbdf1" executionId="1dd155f0-5478-48bc-93ca-4113ba87506a" testListId="8c84fa94-04c1-424b-9868-57a2d4851a1d" />
    <TestEntry testId="0ca96c98-4279-a38d-8923-cfc233650b07" executionId="bc699567-de2c-4962-8d22-c099542b08fe" testListId="8c84fa94-04c1-424b-9868-57a2d4851a1d" />
    <TestEntry testId="035a2e7c-4006-749c-7663-f769d610c2cb" executionId="8bc1418d-4a59-4715-93b9-325d9a210f65" testListId="8c84fa94-04c1-424b-9868-57a2d4851a1d" />
    <TestEntry testId="112015e3-431e-b435-09f5-dc36bf2bbc1b" executionId="0b68891d-21ac-4b2a-80e4-eaef38b0b3a9" testListId="8c84fa94-04c1-424b-9868-57a2d4851a1d" />
    <TestEntry testId="d7aebc88-d17a-4418-cff4-f3007ce02d1e" executionId="4ff4538e-d4dd-4e76-80ff-a9aed7ea66b6" testListId="8c84fa94-04c1-424b-9868-57a2d4851a1d" />
    <TestEntry testId="881744e7-6022-e700-6b80-eadb3836c4cd" executionId="b1ee81a9-e7f5-4428-abec-dccfe15cdef7" testListId="8c84fa94-04c1-424b-9868-57a2d4851a1d" />
    <TestEntry testId="0b37f41d-8f42-9020-28e4-8cbe84e05257" executionId="2790c8c3-510e-4aa3-bbfd-9867f02fbe5c" testListId="8c84fa94-04c1-424b-9868-57a2d4851a1d" />
    <TestEntry testId="3682e780-aa17-fe02-e0c3-3a38eee876d9" executionId="b2d3ec90-92a9-4dd2-b399-0dc9e1a0af55" testListId="8c84fa94-04c1-424b-9868-57a2d4851a1d" />
    <TestEntry testId="a463440b-2916-b6c4-8a71-e3deeca8173f" executionId="53354cb0-f423-49b8-9fcf-2cd9683b5d03" testListId="8c84fa94-04c1-424b-9868-57a2d4851a1d" />
    <TestEntry testId="79131a3d-642e-dea5-31f3-3e3bb8d72cf5" executionId="03b6e6ce-3c1e-47e9-b51c-191f71298ef4" testListId="8c84fa94-04c1-424b-9868-57a2d4851a1d" />
    <TestEntry testId="53c0737c-9e1d-a506-fd7e-f73a88cea37f" executionId="420c2e1a-b4b8-4ccc-bc4a-443d4b1121b8" testListId="8c84fa94-04c1-424b-9868-57a2d4851a1d" />
    <TestEntry testId="6f38fefe-03f5-0f1c-3a6a-8844abdc82dd" executionId="eb7f9b4c-0a43-4e00-87dc-f6b83fe2f51a" testListId="8c84fa94-04c1-424b-9868-57a2d4851a1d" />
    <TestEntry testId="701d42cf-3ef2-9e45-4405-09554e002cc2" executionId="fc039302-c5dd-4c02-9a6a-da9a6a28243c" testListId="8c84fa94-04c1-424b-9868-57a2d4851a1d" />
    <TestEntry testId="1ce67353-df26-d1bd-d2aa-05733d1ac693" executionId="c4863cb7-0ada-43a5-826a-ac3825d0bc73" testListId="8c84fa94-04c1-424b-9868-57a2d4851a1d" />
    <TestEntry testId="302e3c9b-71b6-ab55-127c-942ac34841ca" executionId="a7b1c6bd-3379-4d72-b9dd-6b41b330015f" testListId="8c84fa94-04c1-424b-9868-57a2d4851a1d" />
    <TestEntry testId="195cadae-c368-871e-b908-a48bf7f49ea5" executionId="ffe7fccc-3075-4326-a453-843b97c56273" testListId="8c84fa94-04c1-424b-9868-57a2d4851a1d" />
    <TestEntry testId="03362dc6-019e-7120-2944-4e9a1bc66b6d" executionId="7217061f-806b-4827-9635-170b0f42a0ea" testListId="8c84fa94-04c1-424b-9868-57a2d4851a1d" />
    <TestEntry testId="0f2e137e-89bc-52a2-1336-1a186e7f8485" executionId="404e68ed-9fdd-462f-a133-e233a458af23" testListId="8c84fa94-04c1-424b-9868-57a2d4851a1d" />
    <TestEntry testId="07ec7b90-4f80-77d6-d19d-abca75ed0c64" executionId="fd4d5519-00d4-4c58-b7ac-eb3736214d34" testListId="8c84fa94-04c1-424b-9868-57a2d4851a1d" />
    <TestEntry testId="ab974738-a590-83df-60ac-92b301ef7ab8" executionId="25c94fa7-4bda-4ff6-a919-31789a66acc8" testListId="8c84fa94-04c1-424b-9868-57a2d4851a1d" />
    <TestEntry testId="61fff35a-1f51-c483-72f9-65b70f75c0e7" executionId="202eb51e-7eaa-46c6-8a7f-b05f9a9ef44c" testListId="8c84fa94-04c1-424b-9868-57a2d4851a1d" />
    <TestEntry testId="2eb02be1-be5b-c75f-226f-8371b8170b9a" executionId="1a9c663f-3f7e-4a3a-8ee6-3fd4ec70226d" testListId="8c84fa94-04c1-424b-9868-57a2d4851a1d" />
    <TestEntry testId="9c5832f3-6c80-ca09-af3f-21dab48f2284" executionId="33cea977-fe10-4e7b-a9e2-a158f84e1eca" testListId="8c84fa94-04c1-424b-9868-57a2d4851a1d" />
    <TestEntry testId="19146f14-6143-cfb7-4c8f-467081c697c0" executionId="13b355b0-7a1b-48e2-9a2a-2ed59e7f9ef1" testListId="8c84fa94-04c1-424b-9868-57a2d4851a1d" />
    <TestEntry testId="66fabd13-f03e-562d-f4ae-a70f6ebf368b" executionId="6fbd31f5-0c5f-460a-ba6a-47277555a017" testListId="8c84fa94-04c1-424b-9868-57a2d4851a1d" />
    <TestEntry testId="e6be9160-5cc6-c513-67c4-14d959e49ad9" executionId="7c74bf58-ddcd-4e71-a720-1701b250ba60" testListId="8c84fa94-04c1-424b-9868-57a2d4851a1d" />
    <TestEntry testId="00f3f438-e702-19f0-4f30-bd3e4320eea7" executionId="87f6ad8a-d35f-4417-9371-090106e55e07" testListId="8c84fa94-04c1-424b-9868-57a2d4851a1d" />
    <TestEntry testId="e36d7108-5c81-aaf4-329c-24a028699d61" executionId="43fc90db-5122-40cc-9b4f-b3599481af02" testListId="8c84fa94-04c1-424b-9868-57a2d4851a1d" />
    <TestEntry testId="8c46d0ed-f3b9-c5f4-aaef-9879232f4518" executionId="0d1a1331-d479-4338-8657-ed70a920ca97" testListId="8c84fa94-04c1-424b-9868-57a2d4851a1d" />
    <TestEntry testId="0bc3c781-e5e2-4061-bcbc-7fa16190d596" executionId="4ada5c77-6328-49d6-9d8e-419ef5082e5f" testListId="8c84fa94-04c1-424b-9868-57a2d4851a1d" />
    <TestEntry testId="56f5cfe7-c187-684a-c730-d4624e106c42" executionId="1712a22d-1f4e-4420-a501-c3a08f453554" testListId="8c84fa94-04c1-424b-9868-57a2d4851a1d" />
    <TestEntry testId="417be307-97e0-4052-1dcd-f4ea8d9db811" executionId="3bc4c82d-8bb1-4b80-9c60-82a665498b52" testListId="8c84fa94-04c1-424b-9868-57a2d4851a1d" />
    <TestEntry testId="aaa1be74-2e34-5829-1e4e-488dd7c80429" executionId="15fea34d-f5ef-42b4-8a2c-dec58abc41dd" testListId="8c84fa94-04c1-424b-9868-57a2d4851a1d" />
    <TestEntry testId="fdaa70b5-d6a7-4b1c-2dcb-1ad653aa4853" executionId="cf45b8b2-8874-4cb3-be8a-3a8f005ee98c" testListId="8c84fa94-04c1-424b-9868-57a2d4851a1d" />
    <TestEntry testId="9225bf65-6a60-daf8-2288-dab2e9c23bc2" executionId="250056f1-9a25-4b26-9151-7eba49ac5c7d" testListId="8c84fa94-04c1-424b-9868-57a2d4851a1d" />
    <TestEntry testId="b8af5950-498b-c4c9-4d6a-619dcb6074cf" executionId="e38667f1-3ed7-42c7-b94e-6217851e82fa" testListId="8c84fa94-04c1-424b-9868-57a2d4851a1d" />
    <TestEntry testId="81267ce3-6f9f-039a-6061-d6bf94b58293" executionId="84076059-e11e-47aa-9a4d-ba13b70c9fce" testListId="8c84fa94-04c1-424b-9868-57a2d4851a1d" />
    <TestEntry testId="fab1182a-1ea1-5a85-a52f-fa7890fd3d44" executionId="180052e6-c2fd-45ca-bc36-0c3f1fe24213" testListId="8c84fa94-04c1-424b-9868-57a2d4851a1d" />
    <TestEntry testId="6447c994-5b95-325f-325b-e1016ffa29e1" executionId="50be5cc7-fee4-431c-aad9-19d97913f96b" testListId="8c84fa94-04c1-424b-9868-57a2d4851a1d" />
    <TestEntry testId="010d6867-68dc-06fa-3b39-c2d7f5b85291" executionId="226f3b26-6ff2-4117-aaed-1cff65294008" testListId="8c84fa94-04c1-424b-9868-57a2d4851a1d" />
    <TestEntry testId="24aad481-07c1-3aaa-142a-c2bdd14112ca" executionId="b4dc7be2-dc46-48f7-a098-4580035adeaf" testListId="8c84fa94-04c1-424b-9868-57a2d4851a1d" />
    <TestEntry testId="f0c6f445-2735-407d-8bd8-efde582fd792" executionId="4d397f54-6718-4dc5-be03-28daefb12790" testListId="8c84fa94-04c1-424b-9868-57a2d4851a1d" />
    <TestEntry testId="30200921-e950-e3ac-a65b-a4bfe480ca8a" executionId="9b754ee6-c5c1-4e77-882d-fadd24cc8fb7" testListId="8c84fa94-04c1-424b-9868-57a2d4851a1d" />
    <TestEntry testId="bb4bb142-b438-3655-29db-1dd962632a41" executionId="1afe230c-22b1-4589-85d2-58839bb96040" testListId="8c84fa94-04c1-424b-9868-57a2d4851a1d" />
    <TestEntry testId="cd274a06-2388-99e3-3a1d-9499479d5159" executionId="bc1dde61-3be7-4795-ba1a-c6a9459d1978" testListId="8c84fa94-04c1-424b-9868-57a2d4851a1d" />
    <TestEntry testId="15f7fdde-30c5-c5bb-c91a-0ce0590214e2" executionId="911f77b2-286d-494d-8ff8-3b0102d69ae5" testListId="8c84fa94-04c1-424b-9868-57a2d4851a1d" />
    <TestEntry testId="c91e348e-da6a-7f91-b16a-f6b11cfb0f4a" executionId="e269892d-4eaa-4d6f-a327-e3a510e807b5" testListId="8c84fa94-04c1-424b-9868-57a2d4851a1d" />
    <TestEntry testId="3f5e157c-fd88-4f5a-fa14-5f5e1b9a695a" executionId="74367b39-c66b-44e3-a1b3-1f264f3188c0" testListId="8c84fa94-04c1-424b-9868-57a2d4851a1d" />
    <TestEntry testId="34b0562a-74f3-0cb2-347b-f7ebddcca606" executionId="e6b3d86a-763c-48c3-8fba-eebc2de36e7f" testListId="8c84fa94-04c1-424b-9868-57a2d4851a1d" />
    <TestEntry testId="1f8f2766-504d-6eef-54e8-b4e73b68637d" executionId="f9e82eeb-6a8c-4495-82a4-03a4bbe2876f" testListId="8c84fa94-04c1-424b-9868-57a2d4851a1d" />
    <TestEntry testId="b78c4a54-8a8a-cc80-cfbb-7be5b5023229" executionId="fcd0dd25-a81b-443c-a187-2f23ff04f98d" testListId="8c84fa94-04c1-424b-9868-57a2d4851a1d" />
    <TestEntry testId="e0f9e943-40a9-c69d-3157-2bda05edf6aa" executionId="bf578e20-2f58-4c4a-b135-4cb3cf48be4e" testListId="8c84fa94-04c1-424b-9868-57a2d4851a1d" />
    <TestEntry testId="84fbc41b-f8b3-97c4-0d80-49164e74cf8a" executionId="644e45ee-f95f-4a2a-99a2-57360666d5e2" testListId="8c84fa94-04c1-424b-9868-57a2d4851a1d" />
    <TestEntry testId="7b2ce89e-8bf2-0763-c57e-0285adbdcf5c" executionId="462aff0e-f061-49e0-b7cf-3b7d242f83f8" testListId="8c84fa94-04c1-424b-9868-57a2d4851a1d" />
    <TestEntry testId="9029e935-145d-d5fd-fae9-96c860349038" executionId="94ab9074-016c-401a-9766-29df2b73b0a3" testListId="8c84fa94-04c1-424b-9868-57a2d4851a1d" />
    <TestEntry testId="02670d69-ce2a-fe6d-73fd-2b66fd26f5d4" executionId="f2baee73-657a-4aec-8b74-89cb45118170" testListId="8c84fa94-04c1-424b-9868-57a2d4851a1d" />
    <TestEntry testId="e297916a-d955-c1ee-c31e-2f68ca7e1b88" executionId="53d33f2a-0aee-4b14-8e9b-9517229386ad" testListId="8c84fa94-04c1-424b-9868-57a2d4851a1d" />
    <TestEntry testId="8bf4ac3f-d50d-8962-2b87-11176401d4e7" executionId="349cb77e-cc43-4fc9-b272-472aa7a3a749" testListId="8c84fa94-04c1-424b-9868-57a2d4851a1d" />
    <TestEntry testId="fca611f3-84ae-9eb6-8d99-31763ce69bf9" executionId="c053f853-e895-4652-aeac-ee43bd3ec187" testListId="8c84fa94-04c1-424b-9868-57a2d4851a1d" />
    <TestEntry testId="db58b9a0-b265-e010-375f-3c8e68defc73" executionId="c04d10aa-d2dd-4617-884b-29c5d65f8a17" testListId="8c84fa94-04c1-424b-9868-57a2d4851a1d" />
    <TestEntry testId="790684f3-79cb-8225-0da5-fcb35e52e25a" executionId="2bcc8478-a77c-4d9b-9452-4e45a4f22fde" testListId="8c84fa94-04c1-424b-9868-57a2d4851a1d" />
    <TestEntry testId="e9263aa8-347f-0f52-1f4b-0a131d318784" executionId="b1a71885-355d-45a6-9c0d-36f2a48e330a" testListId="8c84fa94-04c1-424b-9868-57a2d4851a1d" />
    <TestEntry testId="92049893-c7c1-0d80-70d7-8d0471e997cf" executionId="89a9cff9-9559-4009-9135-6a99158e3d96" testListId="8c84fa94-04c1-424b-9868-57a2d4851a1d" />
    <TestEntry testId="15d239ea-71aa-55f8-a2eb-41474406f678" executionId="cb2f17b7-d8d1-432d-a2cd-09be5af2f739" testListId="8c84fa94-04c1-424b-9868-57a2d4851a1d" />
    <TestEntry testId="b58eb60e-3eb1-72c6-0301-c9875128ee4e" executionId="a5ce6b87-cd17-4753-a562-209345adcdf5" testListId="8c84fa94-04c1-424b-9868-57a2d4851a1d" />
    <TestEntry testId="e7e1ec7e-8e1e-7f8d-e3da-59506c852ed4" executionId="dd5ac9da-c014-439b-8d94-51149f84f07d" testListId="8c84fa94-04c1-424b-9868-57a2d4851a1d" />
    <TestEntry testId="d381fedf-8c58-4a19-b08e-ee127d4421c9" executionId="305a04f8-4071-43fe-bf0f-bc4ed1619342" testListId="8c84fa94-04c1-424b-9868-57a2d4851a1d" />
    <TestEntry testId="3d282549-a7d7-f787-c093-a6611551ad0d" executionId="87456947-545c-435d-8998-39dd4a53aa44" testListId="8c84fa94-04c1-424b-9868-57a2d4851a1d" />
    <TestEntry testId="489bb6c1-57c4-1ecc-b27a-2b7660cd9960" executionId="5a10fbef-ec13-40bd-837d-de340b5c3471" testListId="8c84fa94-04c1-424b-9868-57a2d4851a1d" />
    <TestEntry testId="60c69ff5-89b2-197d-90c0-5219587cb80d" executionId="d8fdd3bd-e6dd-4ec2-9fdd-bb74291e90c1" testListId="8c84fa94-04c1-424b-9868-57a2d4851a1d" />
    <TestEntry testId="310bd126-7eaa-5bf4-39f9-05d7e2e492eb" executionId="9ebd3bf6-c7af-4136-a5e9-4fac381ac70e" testListId="8c84fa94-04c1-424b-9868-57a2d4851a1d" />
    <TestEntry testId="c90acf43-beb9-9440-08e2-aeffc5687d1e" executionId="522672e8-3a61-4211-befa-111a5ae102c2" testListId="8c84fa94-04c1-424b-9868-57a2d4851a1d" />
    <TestEntry testId="35fc3a4c-edd3-265e-4852-719b6a1e2df7" executionId="2c60a4b1-8881-4e9e-9ffa-449134c67695" testListId="8c84fa94-04c1-424b-9868-57a2d4851a1d" />
    <TestEntry testId="18369d63-550f-80cc-1769-12a3b1196b7b" executionId="5861e63e-4d83-4d22-9992-dbc1093ad4d8" testListId="8c84fa94-04c1-424b-9868-57a2d4851a1d" />
    <TestEntry testId="5c82a30b-ee73-73a7-ae23-b19a1b7c7820" executionId="9beaa0c7-9b38-4f63-8d06-7f15ad4d6f37" testListId="8c84fa94-04c1-424b-9868-57a2d4851a1d" />
    <TestEntry testId="daba4ba3-c0c2-8c2c-c76e-9c5fdbf89a9e" executionId="9628abee-ade2-4b0e-8f2c-60b43b416a9a" testListId="8c84fa94-04c1-424b-9868-57a2d4851a1d" />
    <TestEntry testId="6235db2c-29a6-4a28-c065-7643ea0e2363" executionId="aefb71fd-a9c5-49c2-86bd-d69f7c12c62d" testListId="8c84fa94-04c1-424b-9868-57a2d4851a1d" />
    <TestEntry testId="f680908c-3b4b-7b4d-7066-6e5fce7c0b27" executionId="a50c6dd0-7ba9-4413-aa85-75cd1bc031a0" testListId="8c84fa94-04c1-424b-9868-57a2d4851a1d" />
    <TestEntry testId="db90aeda-99d3-8862-c893-f6a75596efbc" executionId="b3be42ee-e770-4ee1-a0bf-fd2bd0d70ac1" testListId="8c84fa94-04c1-424b-9868-57a2d4851a1d" />
    <TestEntry testId="d7f3ae8c-bf97-f47d-48ab-b1fc5ef00c66" executionId="dffee0af-6f60-40ad-93a2-cc51acc59910" testListId="8c84fa94-04c1-424b-9868-57a2d4851a1d" />
    <TestEntry testId="58baf932-aaa1-22e9-3f8a-ec584346b657" executionId="9d1e388a-1b81-437e-a21c-84fef7604f19" testListId="8c84fa94-04c1-424b-9868-57a2d4851a1d" />
    <TestEntry testId="9b54bf22-f513-708f-8279-2654a94cc1cf" executionId="156f75c4-fa1f-4cf8-9fdf-19f98b742eff" testListId="8c84fa94-04c1-424b-9868-57a2d4851a1d" />
    <TestEntry testId="905c94e4-bdc8-1fe6-5444-613a4eb6d1c7" executionId="29aaa73f-29a4-4037-86e7-a4a2e2810303" testListId="8c84fa94-04c1-424b-9868-57a2d4851a1d" />
    <TestEntry testId="b6ee4187-2f4d-362e-5b8c-3b73aeaf5c65" executionId="ea9b06b7-81ed-4aef-acaf-790d8b2d4d11" testListId="8c84fa94-04c1-424b-9868-57a2d4851a1d" />
    <TestEntry testId="d2f75ecd-c8ef-a49e-a7d9-9ac8db3c0867" executionId="f4088fe5-a150-4e5a-a5d7-dd46d75a56e9" testListId="8c84fa94-04c1-424b-9868-57a2d4851a1d" />
    <TestEntry testId="a112e5f5-c328-3fe0-6f6d-307e1fa97026" executionId="7fa1cabe-38e6-4b80-a7b0-69e16d1bfd8b" testListId="8c84fa94-04c1-424b-9868-57a2d4851a1d" />
    <TestEntry testId="b3439aa9-ae3f-b685-1de2-36964f947d35" executionId="3e9cacbb-34e9-4fe7-8990-d3adeecb1abf" testListId="8c84fa94-04c1-424b-9868-57a2d4851a1d" />
    <TestEntry testId="f680908c-3b4b-7b4d-7066-6e5fce7c0b27" executionId="7e92e6cb-4d45-4b50-b0fb-3f6d1f0d4030" testListId="8c84fa94-04c1-424b-9868-57a2d4851a1d" />
    <TestEntry testId="ba253b92-69e3-4e4f-d52c-11bff46fb10e" executionId="089eeabb-415b-4eb9-854d-e6b060de17fa" testListId="8c84fa94-04c1-424b-9868-57a2d4851a1d" />
    <TestEntry testId="9029e935-145d-d5fd-fae9-96c860349038" executionId="a353a666-96ee-47d6-9e2f-69d19385a051" testListId="8c84fa94-04c1-424b-9868-57a2d4851a1d" />
    <TestEntry testId="c0bd9a37-5d67-88a0-bfcd-3be0c84b2355" executionId="dae81034-9d1e-499c-9de3-c008343d5b7e" testListId="8c84fa94-04c1-424b-9868-57a2d4851a1d" />
    <TestEntry testId="3d65563e-5c93-99b0-3def-2e75403bb40e" executionId="a1e6e92a-31ef-461c-8cb1-22d0d9d57578" testListId="8c84fa94-04c1-424b-9868-57a2d4851a1d" />
    <TestEntry testId="d44210af-46ab-fec2-8d60-032381467d22" executionId="1c661533-8b92-4446-997a-a28b15243328" testListId="8c84fa94-04c1-424b-9868-57a2d4851a1d" />
    <TestEntry testId="afde7264-8c54-4b55-3afb-8cc9db7bdd2c" executionId="4e2e0b27-a5ac-4c69-b8f9-fd16159536d7" testListId="8c84fa94-04c1-424b-9868-57a2d4851a1d" />
    <TestEntry testId="a93415ec-de36-b2ea-d5e2-6436a58b1c63" executionId="af5a0dcd-ddda-47ba-9428-be08dd91a20f" testListId="8c84fa94-04c1-424b-9868-57a2d4851a1d" />
    <TestEntry testId="8d2c3378-22f0-b4e2-6833-c26077a86417" executionId="00ab5be9-51f2-489f-bc42-55761e966a37" testListId="8c84fa94-04c1-424b-9868-57a2d4851a1d" />
    <TestEntry testId="8d265b40-4d86-0fef-5f08-51df41bf9c7a" executionId="85e2dc96-095c-4ce1-9a39-64e9f70989fd" testListId="8c84fa94-04c1-424b-9868-57a2d4851a1d" />
    <TestEntry testId="b00af7f0-604c-fe77-ba1c-c7a5845e3353" executionId="0e652885-10fa-4fe9-a9ce-c2841d4604f2" testListId="8c84fa94-04c1-424b-9868-57a2d4851a1d" />
    <TestEntry testId="bc1eab18-b23a-a958-6a7b-2426121871d6" executionId="1833b69a-1762-480c-b97e-325e9bf43821" testListId="8c84fa94-04c1-424b-9868-57a2d4851a1d" />
    <TestEntry testId="1e268e1f-9f4f-f655-e5bb-e50feefd0bab" executionId="80f62e85-5e38-49e6-b3d1-aba45394ddb5" testListId="8c84fa94-04c1-424b-9868-57a2d4851a1d" />
    <TestEntry testId="46396b06-522e-625a-1a2a-9f20be751983" executionId="a1f96a5d-5513-48c8-9cb8-5b764709fc6f" testListId="8c84fa94-04c1-424b-9868-57a2d4851a1d" />
    <TestEntry testId="e722e3a9-2981-c54f-b874-d266f762bbea" executionId="1a71d4ee-b44a-4a03-ac1c-4798dc8a273a" testListId="8c84fa94-04c1-424b-9868-57a2d4851a1d" />
    <TestEntry testId="c0b0990b-db80-5ada-cdd8-224bb5ed398a" executionId="49db3e24-e49d-4d5e-9578-cb0ab842dfbe" testListId="8c84fa94-04c1-424b-9868-57a2d4851a1d" />
    <TestEntry testId="80e1e452-82cf-b088-db40-d28f7d32c62d" executionId="293cf890-2e1f-46da-9521-7a14511745af" testListId="8c84fa94-04c1-424b-9868-57a2d4851a1d" />
    <TestEntry testId="5f330a2c-7575-4b82-cdc2-dae925c0e744" executionId="0432dac5-328b-4380-9664-b71a067072a5" testListId="8c84fa94-04c1-424b-9868-57a2d4851a1d" />
    <TestEntry testId="e998f77e-77b2-7e10-d8db-3813eb8031aa" executionId="9a8eb9c9-3b3b-4d35-a0d5-34305db49acd" testListId="8c84fa94-04c1-424b-9868-57a2d4851a1d" />
    <TestEntry testId="633b1573-6042-ec26-9f10-dd2e2dcea040" executionId="0c4b51df-37f3-4ada-93cc-d09b1338ff52" testListId="8c84fa94-04c1-424b-9868-57a2d4851a1d" />
    <TestEntry testId="8252077b-13bd-fcd5-946c-4ceaed8bb503" executionId="635d5610-e507-496e-805e-0ec99536f605" testListId="8c84fa94-04c1-424b-9868-57a2d4851a1d" />
    <TestEntry testId="1326eca0-5707-a15c-4eaf-c5b6ab9d34ec" executionId="0fb108a2-c125-4f05-bd3a-cc92ba77d69d" testListId="8c84fa94-04c1-424b-9868-57a2d4851a1d" />
    <TestEntry testId="2ea7f788-a228-7eb9-ef8c-629855bfb76d" executionId="c71fc26f-a978-4416-acea-45aa7da48c67" testListId="8c84fa94-04c1-424b-9868-57a2d4851a1d" />
    <TestEntry testId="305136ec-e536-ca06-24de-c6336ceb8a55" executionId="7563980f-f020-4f60-95ae-765138ae30a2" testListId="8c84fa94-04c1-424b-9868-57a2d4851a1d" />
    <TestEntry testId="f7312006-b3af-0869-4d9b-ec9b8e868889" executionId="e23f4d0a-1b2e-4e0d-b434-1f5b0569ea84" testListId="8c84fa94-04c1-424b-9868-57a2d4851a1d" />
    <TestEntry testId="bebeb62d-71fa-2720-42c0-f4320951d2ce" executionId="01375ed7-6263-414c-84b2-b9020b8996b7" testListId="8c84fa94-04c1-424b-9868-57a2d4851a1d" />
    <TestEntry testId="10efcc4c-555d-12e7-645e-f8f3c9a79e16" executionId="80b51493-714b-4673-862a-fef81aa38e38" testListId="8c84fa94-04c1-424b-9868-57a2d4851a1d" />
    <TestEntry testId="75b7a6d2-cb73-668d-0435-045642c36b2f" executionId="05757fbc-f7ca-4359-a92e-1b1845e0c15a" testListId="8c84fa94-04c1-424b-9868-57a2d4851a1d" />
    <TestEntry testId="ecf13227-e49d-1db7-a97a-21cf256d2c96" executionId="e72ca14b-e83e-4656-bc44-9a4407db2340" testListId="8c84fa94-04c1-424b-9868-57a2d4851a1d" />
    <TestEntry testId="0a4e5b36-6578-df3d-cfd2-3d6ee660820a" executionId="98b55e26-7a4e-4f74-bba4-36ba921effcb" testListId="8c84fa94-04c1-424b-9868-57a2d4851a1d" />
    <TestEntry testId="0fc9e9bc-717c-57dc-ce36-115b2e3717aa" executionId="2f87789c-9eec-4e28-b1cf-063474be4335" testListId="8c84fa94-04c1-424b-9868-57a2d4851a1d" />
    <TestEntry testId="698dd5ef-138e-eb6d-a408-c897a293bf7a" executionId="d513b72c-b491-468b-9f88-0a48e25b2fbe" testListId="8c84fa94-04c1-424b-9868-57a2d4851a1d" />
    <TestEntry testId="88c2b0d8-15cc-99cf-0786-93c215c0f665" executionId="148c5798-d52f-4aa8-ad4e-6a169c64a918" testListId="8c84fa94-04c1-424b-9868-57a2d4851a1d" />
    <TestEntry testId="46662b5d-bee1-3465-212d-6cf5f23d5fcf" executionId="d268cdec-0053-461f-a404-8af3085376bb" testListId="8c84fa94-04c1-424b-9868-57a2d4851a1d" />
    <TestEntry testId="1663762a-2500-b801-aa4a-60e46d01fc4b" executionId="8cdf793a-a9e8-4942-8d04-cb3c18dea4bd" testListId="8c84fa94-04c1-424b-9868-57a2d4851a1d" />
    <TestEntry testId="89b47aac-6f01-eda4-d247-3a79dc9d2cab" executionId="470551ff-e0e2-48fc-8554-4ae65e2335a8" testListId="8c84fa94-04c1-424b-9868-57a2d4851a1d" />
    <TestEntry testId="da571dbb-0f8b-5648-4221-79651d811e25" executionId="402c70ec-fde5-411b-97c9-319d3085b09a" testListId="8c84fa94-04c1-424b-9868-57a2d4851a1d" />
    <TestEntry testId="f64b2eb0-431a-6fbc-c692-f413cacfb737" executionId="3ed6b0c8-b16f-4cc8-a93f-942c34103c82" testListId="8c84fa94-04c1-424b-9868-57a2d4851a1d" />
    <TestEntry testId="9588ac24-d5e4-191a-112a-c7b4e16b7a61" executionId="4d247e5a-a22e-4f5d-81cb-695732585895" testListId="8c84fa94-04c1-424b-9868-57a2d4851a1d" />
    <TestEntry testId="5fef5e10-fc69-5d3e-4101-c050ab62c33a" executionId="6c4a4597-eb70-4a53-8878-692b71765568" testListId="8c84fa94-04c1-424b-9868-57a2d4851a1d" />
    <TestEntry testId="dd8ceee9-e0da-460a-3a9b-41ccef9e8e3e" executionId="1df3b368-96b5-4259-9041-939040fcb37f" testListId="8c84fa94-04c1-424b-9868-57a2d4851a1d" />
    <TestEntry testId="471a9d0c-0431-d46b-1459-094d77836e47" executionId="4fcb0221-d714-43ad-99b1-9f327f85dce6" testListId="8c84fa94-04c1-424b-9868-57a2d4851a1d" />
    <TestEntry testId="c6dda2cd-bb4c-abf6-4c9e-75c0a7c49325" executionId="9aeb68f8-a384-4230-a21b-fd90396b80dd" testListId="8c84fa94-04c1-424b-9868-57a2d4851a1d" />
    <TestEntry testId="35fc797f-8043-748e-70a2-2388d5cb8d3d" executionId="734ccb88-03ad-4d2f-a1f4-a38c7418fea8" testListId="8c84fa94-04c1-424b-9868-57a2d4851a1d" />
    <TestEntry testId="0af4332b-024f-1289-6f42-007e21f2be10" executionId="bb1bb5b9-c456-4980-8a1e-32fce2255754" testListId="8c84fa94-04c1-424b-9868-57a2d4851a1d" />
    <TestEntry testId="cb0b865d-639c-dd58-a3ea-f0a088ec0432" executionId="d11b54c3-3d18-4c67-8de5-7d6f5135d344" testListId="8c84fa94-04c1-424b-9868-57a2d4851a1d" />
    <TestEntry testId="e5e298fb-304c-1a45-0e4a-b64258842db0" executionId="67b04e7f-6459-449a-a5fe-c47764a4cb3a" testListId="8c84fa94-04c1-424b-9868-57a2d4851a1d" />
    <TestEntry testId="ca54778c-c4c5-e9c4-6078-1f6eb9837f98" executionId="6c45d9a2-0270-4d97-819c-52253ebcda8d" testListId="8c84fa94-04c1-424b-9868-57a2d4851a1d" />
    <TestEntry testId="7aa665c6-6d05-2641-5b0e-6f3ba4797370" executionId="76496d9f-38b3-417d-a597-8dd6f0ea8cdb" testListId="8c84fa94-04c1-424b-9868-57a2d4851a1d" />
    <TestEntry testId="05b0f889-f616-ccc3-759c-b71fe45243ee" executionId="32f98757-9082-46cd-9de9-c45115f02149" testListId="8c84fa94-04c1-424b-9868-57a2d4851a1d" />
    <TestEntry testId="f680908c-3b4b-7b4d-7066-6e5fce7c0b27" executionId="040c7fa0-9d18-480b-bdde-78cef6c6182d" testListId="8c84fa94-04c1-424b-9868-57a2d4851a1d" />
    <TestEntry testId="001c0c93-73e4-b3d7-1e2b-249f259f59d0" executionId="865c0b24-dce7-4f3c-8260-041db3927517" testListId="8c84fa94-04c1-424b-9868-57a2d4851a1d" />
    <TestEntry testId="eee00570-2c88-ed70-4bff-bb8eb4983fd1" executionId="45c63aca-e0f5-49ca-b372-12e2e3b91ec7" testListId="8c84fa94-04c1-424b-9868-57a2d4851a1d" />
    <TestEntry testId="340145dc-4ce7-58f9-f34f-cf47939e6a08" executionId="56d50ba7-8c5d-42ab-8dfd-8476df481879" testListId="8c84fa94-04c1-424b-9868-57a2d4851a1d" />
    <TestEntry testId="17fe6ff4-b5d4-9e8c-2ff8-d274a9cc9666" executionId="c16d29a9-b48f-434f-9df2-34642678acb3" testListId="8c84fa94-04c1-424b-9868-57a2d4851a1d" />
    <TestEntry testId="0a4e5b36-6578-df3d-cfd2-3d6ee660820a" executionId="12229adc-40d6-48e5-a657-eb71a9a5c949" testListId="8c84fa94-04c1-424b-9868-57a2d4851a1d" />
    <TestEntry testId="4e7ccc39-dfc0-cf1c-eb6a-128de9b59e45" executionId="42103b67-9597-49dd-840c-830c9ccf1691" testListId="8c84fa94-04c1-424b-9868-57a2d4851a1d" />
    <TestEntry testId="7b659e8c-3001-c494-d28a-2939a6d49456" executionId="869a9aaa-77e1-4d87-9964-3684d87eeda8" testListId="8c84fa94-04c1-424b-9868-57a2d4851a1d" />
    <TestEntry testId="74ee50b8-0598-e8ca-7e2f-330081ea45bc" executionId="699a6551-c09b-4a9e-b63c-cde5131e8fb2" testListId="8c84fa94-04c1-424b-9868-57a2d4851a1d" />
    <TestEntry testId="b788bde6-97e9-6ba8-c7c6-e8edebf2372e" executionId="710a9fa3-e0bf-48b7-aba8-baa4e973ce3d" testListId="8c84fa94-04c1-424b-9868-57a2d4851a1d" />
    <TestEntry testId="13877fd5-e79d-3ae7-6015-10213c2263cb" executionId="d6121768-f450-4c82-b42b-6c8aedadb339" testListId="8c84fa94-04c1-424b-9868-57a2d4851a1d" />
    <TestEntry testId="a29ab1db-8305-8d4c-4b34-cf235b407b90" executionId="9845de7d-4b7e-489e-a1a9-bfe2c6fe4005" testListId="8c84fa94-04c1-424b-9868-57a2d4851a1d" />
    <TestEntry testId="20e8ccab-a0f4-bc81-8521-21ef899c1e27" executionId="0e48c7ea-f8d3-41f0-84f6-bf5df8e758ef" testListId="8c84fa94-04c1-424b-9868-57a2d4851a1d" />
    <TestEntry testId="f4c83ffd-478a-19b7-4825-b6d0081bab21" executionId="268d0203-2518-4cbe-89a4-588d543a8cde" testListId="8c84fa94-04c1-424b-9868-57a2d4851a1d" />
    <TestEntry testId="7d70a72d-3886-6952-72a5-a740f2010644" executionId="35239db4-c3ad-4715-bc86-cc188e3614ef" testListId="8c84fa94-04c1-424b-9868-57a2d4851a1d" />
    <TestEntry testId="37999a11-7cfa-34e4-a6d5-5a66aba3e122" executionId="ba954886-0d81-41f1-a22b-faaa1f8f60bd" testListId="8c84fa94-04c1-424b-9868-57a2d4851a1d" />
    <TestEntry testId="29212116-6a0b-3ffd-ae50-19c86a9244cc" executionId="b30c11d6-8286-4296-95fe-2911086db245" testListId="8c84fa94-04c1-424b-9868-57a2d4851a1d" />
    <TestEntry testId="0a4e5b36-6578-df3d-cfd2-3d6ee660820a" executionId="b82fb976-2cdd-4fb8-952d-ccef6abfe48c" testListId="8c84fa94-04c1-424b-9868-57a2d4851a1d" />
    <TestEntry testId="9dc38d44-5d89-36d6-7b22-483d30b44b5f" executionId="181f2ad7-46a1-4d57-99bc-f165f68b133b" testListId="8c84fa94-04c1-424b-9868-57a2d4851a1d" />
    <TestEntry testId="9c89c59d-b4e1-b0e6-38b6-740ac9ec96bd" executionId="5ea2b834-50e8-4b65-bfd4-f1eae729c9f0" testListId="8c84fa94-04c1-424b-9868-57a2d4851a1d" />
    <TestEntry testId="780a8c0e-f11a-2814-e487-bc0747c662a2" executionId="9a80040d-bda3-4e37-b6d6-61304de7de0c" testListId="8c84fa94-04c1-424b-9868-57a2d4851a1d" />
    <TestEntry testId="2efbf2d6-dad1-cfe2-2063-c228f2b12aef" executionId="f05d2948-80a4-43e2-ba68-9d49c303c770" testListId="8c84fa94-04c1-424b-9868-57a2d4851a1d" />
    <TestEntry testId="0049d7ff-34d0-b659-c849-7e7744f6d7ff" executionId="bbd1ca82-0261-46e0-aa45-254ba5b22c76" testListId="8c84fa94-04c1-424b-9868-57a2d4851a1d" />
    <TestEntry testId="076370ef-98dd-553b-4db5-16eb7626b01e" executionId="0fe5c64d-00e0-44d7-8174-36cbeac04bac" testListId="8c84fa94-04c1-424b-9868-57a2d4851a1d" />
    <TestEntry testId="b6fde623-a6bd-ca8b-1185-e73065d6312e" executionId="98a9033d-570d-4ee3-bc03-6039a065d6ff" testListId="8c84fa94-04c1-424b-9868-57a2d4851a1d" />
    <TestEntry testId="e5b42656-0e77-c732-b59e-14f5dfdd136f" executionId="4c05d9f3-ce23-4a73-9c20-20cbdeae82c4" testListId="8c84fa94-04c1-424b-9868-57a2d4851a1d" />
    <TestEntry testId="5725dc6b-38b3-44b7-6936-015732fd6b4c" executionId="4aab13a0-b0c9-4315-9e41-736a97c0255f" testListId="8c84fa94-04c1-424b-9868-57a2d4851a1d" />
    <TestEntry testId="326c0813-dde1-1e08-607c-dc55537bd92d" executionId="8d893685-4ea0-49c8-aad5-0e95f0c83c7d" testListId="8c84fa94-04c1-424b-9868-57a2d4851a1d" />
    <TestEntry testId="da581dbd-fdf9-2018-b5c2-8286b59a8ac1" executionId="3bafc00b-8d7b-41e4-a0df-ad2f6cc973fe" testListId="8c84fa94-04c1-424b-9868-57a2d4851a1d" />
    <TestEntry testId="cf838b6b-7995-4cd7-4849-142f7382a183" executionId="c662bab0-1794-48ef-ad3a-3f914b00f816" testListId="8c84fa94-04c1-424b-9868-57a2d4851a1d" />
    <TestEntry testId="a6af3342-e82c-99d7-7280-f0bc3b6ef111" executionId="b58b8ef9-21d4-400f-8868-253c5d5bb9c1" testListId="8c84fa94-04c1-424b-9868-57a2d4851a1d" />
    <TestEntry testId="101686f8-0bec-03ef-e5aa-8afcc05984fe" executionId="d2323ea3-8111-4191-8155-132e322f7511" testListId="8c84fa94-04c1-424b-9868-57a2d4851a1d" />
    <TestEntry testId="92a9af5f-4b73-82b6-5006-408d1559b096" executionId="84ec676d-8820-4025-8087-a46a2e456035" testListId="8c84fa94-04c1-424b-9868-57a2d4851a1d" />
    <TestEntry testId="f6db960c-c26a-9ba9-bdda-2ac9e0b27970" executionId="31d3a76c-4570-4c3b-aa7e-e1877da43354" testListId="8c84fa94-04c1-424b-9868-57a2d4851a1d" />
    <TestEntry testId="32ed77af-24ae-94bc-03f8-4122e838d29f" executionId="42f8e456-b494-4b67-ab94-cc049152baa9" testListId="8c84fa94-04c1-424b-9868-57a2d4851a1d" />
    <TestEntry testId="96d03a8b-2bb7-344f-928f-f0c6a7f00e22" executionId="039a0447-b8ad-4467-bffc-660cf30748cc" testListId="8c84fa94-04c1-424b-9868-57a2d4851a1d" />
    <TestEntry testId="c182b392-9fcc-95a2-7938-cd3b2c46ad54" executionId="ec51f46f-2968-44f8-a926-32bf22e25694" testListId="8c84fa94-04c1-424b-9868-57a2d4851a1d" />
    <TestEntry testId="19ae25b4-0231-fc97-1b8f-0232f3086906" executionId="68ccd67e-ed83-4893-89c6-33e66796de04" testListId="8c84fa94-04c1-424b-9868-57a2d4851a1d" />
    <TestEntry testId="8f3c7e47-c7ba-15e0-4ea3-5c99da54e2cf" executionId="65560153-2ade-4de8-a9bf-2648944d7023" testListId="8c84fa94-04c1-424b-9868-57a2d4851a1d" />
    <TestEntry testId="79597831-b508-5354-99c1-919eea66b36a" executionId="2cbe8e7d-4564-4b96-aaeb-f8cdf9c989ce" testListId="8c84fa94-04c1-424b-9868-57a2d4851a1d" />
    <TestEntry testId="5aee1987-ec48-787b-31d3-fe2a9e31e772" executionId="2791a488-8daf-4976-8db3-cdeb7f45db31" testListId="8c84fa94-04c1-424b-9868-57a2d4851a1d" />
    <TestEntry testId="e5d871b7-fc8e-4988-1624-5f0f63d734ec" executionId="d152e068-0896-4551-8f02-e6dba78f3966" testListId="8c84fa94-04c1-424b-9868-57a2d4851a1d" />
    <TestEntry testId="d0502605-3206-9613-21e3-72be815877fa" executionId="34275569-b9c8-4999-9d4c-7f54833dc9b7" testListId="8c84fa94-04c1-424b-9868-57a2d4851a1d" />
    <TestEntry testId="e38866b9-8332-5f7b-d7b8-fb3e9c3d9029" executionId="43c3a403-8de9-4270-836b-7cbea0c5e59f" testListId="8c84fa94-04c1-424b-9868-57a2d4851a1d" />
    <TestEntry testId="74bce2b8-452d-5f85-d604-2ca1701607c3" executionId="a5ac359c-5698-449a-bbbc-3f7721b50268" testListId="8c84fa94-04c1-424b-9868-57a2d4851a1d" />
    <TestEntry testId="736d5841-1c67-3c66-a8df-caf0433686aa" executionId="7a640405-31ee-429d-8f38-0706a085118d" testListId="8c84fa94-04c1-424b-9868-57a2d4851a1d" />
    <TestEntry testId="f1c89d57-5156-c3cb-5004-8f710550b577" executionId="8b49617b-0dd3-4a4a-ae3a-6622ed784289" testListId="8c84fa94-04c1-424b-9868-57a2d4851a1d" />
    <TestEntry testId="4ded814a-816b-915a-dcce-433d1dc05ab0" executionId="881c12d0-e262-4389-9fea-4493921213f9" testListId="8c84fa94-04c1-424b-9868-57a2d4851a1d" />
    <TestEntry testId="2a4dd686-62ac-c714-9f30-f0d81a07f831" executionId="319f73f9-1d38-4eb3-9c90-05938ec11aaa" testListId="8c84fa94-04c1-424b-9868-57a2d4851a1d" />
    <TestEntry testId="e998f77e-77b2-7e10-d8db-3813eb8031aa" executionId="4370e86d-cff4-419c-a5ca-70dfaca9bf0b" testListId="8c84fa94-04c1-424b-9868-57a2d4851a1d" />
    <TestEntry testId="2ed74c97-cc2b-13bf-aac4-2247c3b9fbc5" executionId="fdf651d2-359f-44d2-9969-9ea0b66a3c75" testListId="8c84fa94-04c1-424b-9868-57a2d4851a1d" />
    <TestEntry testId="a159b604-532f-6996-d93d-757652430688" executionId="763830dd-0078-4da3-9af1-79537849e319" testListId="8c84fa94-04c1-424b-9868-57a2d4851a1d" />
    <TestEntry testId="96dce277-8e08-3c8a-12f9-10c2b51249cb" executionId="4d3085cf-706a-4440-b1cb-f5765a3ca071" testListId="8c84fa94-04c1-424b-9868-57a2d4851a1d" />
    <TestEntry testId="222612dc-51ac-9b64-f67c-78952b32c155" executionId="8d6c890f-44fd-4ecf-933d-88a979aeee30" testListId="8c84fa94-04c1-424b-9868-57a2d4851a1d" />
    <TestEntry testId="4b81b8f4-db20-c853-b41f-b509d6abfb70" executionId="c1cd831f-a1b4-4ce1-8e4c-89b81b12be00" testListId="8c84fa94-04c1-424b-9868-57a2d4851a1d" />
    <TestEntry testId="6abab9f6-2ccc-d047-2fba-1c19ca4d1351" executionId="6a9ba3af-cedc-4978-aa3a-33e9622267e3" testListId="8c84fa94-04c1-424b-9868-57a2d4851a1d" />
    <TestEntry testId="7f31e1a8-eb37-a7f7-05cb-b001ed2dcb3c" executionId="f057bbd6-8a01-4dcf-99d3-f057783cea51" testListId="8c84fa94-04c1-424b-9868-57a2d4851a1d" />
    <TestEntry testId="f3ca3914-805f-216b-f996-2070b3db31b7" executionId="18ae96d9-b4c5-49bc-a01a-c50c2e231158" testListId="8c84fa94-04c1-424b-9868-57a2d4851a1d" />
    <TestEntry testId="7ed35012-584a-2fe3-a716-cd0afc4bf24c" executionId="b334a782-f92e-4c51-bd06-1fbc302beefc" testListId="8c84fa94-04c1-424b-9868-57a2d4851a1d" />
    <TestEntry testId="dbc60698-0cd7-03e9-b63e-13b29d5c84fe" executionId="e002cd51-a86c-4226-b519-251152d83141" testListId="8c84fa94-04c1-424b-9868-57a2d4851a1d" />
    <TestEntry testId="47de8f42-b82b-27c9-e6cb-af47f9988997" executionId="691fe19a-aa99-4a3d-8da7-b78f37bf0f25" testListId="8c84fa94-04c1-424b-9868-57a2d4851a1d" />
    <TestEntry testId="c9679473-a3e5-7489-307e-ee6faf3a6896" executionId="0307fd6a-3d36-49d8-bf11-c2423322b883" testListId="8c84fa94-04c1-424b-9868-57a2d4851a1d" />
    <TestEntry testId="e998f77e-77b2-7e10-d8db-3813eb8031aa" executionId="e8aa393c-3902-4cd9-92e4-934ccfe851c1" testListId="8c84fa94-04c1-424b-9868-57a2d4851a1d" />
    <TestEntry testId="0d69c7de-0a79-1b02-2fcf-9739b7f2143b" executionId="d6a6b2a4-5eab-41b4-93ef-b499c8131409" testListId="8c84fa94-04c1-424b-9868-57a2d4851a1d" />
    <TestEntry testId="d6051bbc-d4c3-a2f2-5d50-05eb2d368bda" executionId="9cf33bfb-3d7a-40a5-9b86-d8e4cf42a5c6" testListId="8c84fa94-04c1-424b-9868-57a2d4851a1d" />
    <TestEntry testId="4de4ebe7-83f6-7012-06a9-129e6a434184" executionId="5f8590a6-1034-49a9-be89-d94e31151c38" testListId="8c84fa94-04c1-424b-9868-57a2d4851a1d" />
    <TestEntry testId="6cd11450-096a-ebc5-8d74-0d1afc1e5b1d" executionId="7692891a-a526-48dd-9c9d-0988b04587a7" testListId="8c84fa94-04c1-424b-9868-57a2d4851a1d" />
    <TestEntry testId="1742c7aa-b082-d69c-8853-7ede68919ffd" executionId="1ba23d87-f16c-43fe-9e2f-650883268b0e" testListId="8c84fa94-04c1-424b-9868-57a2d4851a1d" />
    <TestEntry testId="11ced5ad-842d-1524-f246-9d123f54e1e0" executionId="fb42cc90-b273-469e-9b1f-0a0aebe40a8b" testListId="8c84fa94-04c1-424b-9868-57a2d4851a1d" />
    <TestEntry testId="7005b14c-73a9-8c05-e947-be79236b7645" executionId="defd9138-bb5e-4113-949b-4ffe3f033657" testListId="8c84fa94-04c1-424b-9868-57a2d4851a1d" />
    <TestEntry testId="c3476bd9-ab82-3913-af01-2849b9aa1d17" executionId="c6159ecc-0efa-4bc3-a166-1fe7259f6236" testListId="8c84fa94-04c1-424b-9868-57a2d4851a1d" />
    <TestEntry testId="7d3b3df9-6c4c-813c-3fe6-820682e70bdf" executionId="fa71e91e-8a29-4387-8faa-c4afb4d8c2eb" testListId="8c84fa94-04c1-424b-9868-57a2d4851a1d" />
    <TestEntry testId="9040b640-fe7c-9575-9486-622077ffb232" executionId="302b085d-32f9-4477-a65e-e6d4ff3b3a41" testListId="8c84fa94-04c1-424b-9868-57a2d4851a1d" />
    <TestEntry testId="56fde5b0-e4df-3dd0-b924-b3d8168ff571" executionId="e9e10078-9af5-4b3a-a2b9-58cb5006a9a0" testListId="8c84fa94-04c1-424b-9868-57a2d4851a1d" />
    <TestEntry testId="e55520ca-13b9-16e0-7c91-282920a34b8a" executionId="17e593ed-6cf8-4b00-b96b-1394eb3a45f6" testListId="8c84fa94-04c1-424b-9868-57a2d4851a1d" />
    <TestEntry testId="4daaf6d7-7b46-8260-2000-7f96a4364f19" executionId="d11e0ca4-7e5a-4b3c-9595-52583ebb2044" testListId="8c84fa94-04c1-424b-9868-57a2d4851a1d" />
    <TestEntry testId="8b769f83-03d1-54d2-bd91-c30ba7e579fb" executionId="4f4e1c55-c08e-4901-b2fd-21cd60719c04" testListId="8c84fa94-04c1-424b-9868-57a2d4851a1d" />
    <TestEntry testId="8dd7c6d4-048f-e61d-123a-5b91a453390c" executionId="ad00b166-20b0-43c4-ab6a-a40eb23842c0" testListId="8c84fa94-04c1-424b-9868-57a2d4851a1d" />
    <TestEntry testId="cbd1a592-fe49-5c6c-2e8b-2ba168c4038f" executionId="cb1c0e58-1480-47d0-aa8b-f4b7099c83cb" testListId="8c84fa94-04c1-424b-9868-57a2d4851a1d" />
    <TestEntry testId="7b69f7ac-73d5-55bc-5045-f13549ae846c" executionId="ab2cc1b0-189e-4903-a882-46d1916798a6" testListId="8c84fa94-04c1-424b-9868-57a2d4851a1d" />
    <TestEntry testId="0a273ad8-5b9b-36bf-ab85-61e3ea84486e" executionId="7a3ef508-8e41-4867-8435-b9c930ca061d" testListId="8c84fa94-04c1-424b-9868-57a2d4851a1d" />
    <TestEntry testId="edaf9c06-ff2c-62ed-be08-4c1afe57f05b" executionId="42d45d74-a04d-4eb6-9d66-fbf5430ea972" testListId="8c84fa94-04c1-424b-9868-57a2d4851a1d" />
    <TestEntry testId="bd7d68bd-5950-0934-2e64-6a07c08a54b7" executionId="a8b4ebd2-3798-4161-a314-48531017aba7" testListId="8c84fa94-04c1-424b-9868-57a2d4851a1d" />
    <TestEntry testId="7b5ff511-526b-7adf-f4f4-c89931ab0b4e" executionId="c619064c-e85c-4e3e-8dba-88ad4b296cf9" testListId="8c84fa94-04c1-424b-9868-57a2d4851a1d" />
    <TestEntry testId="b3f386a5-07aa-a732-a6bd-e0f6659489a9" executionId="e4a017a7-6716-424c-9cd6-a7a55b25da29" testListId="8c84fa94-04c1-424b-9868-57a2d4851a1d" />
    <TestEntry testId="c1d7928e-75c0-4c88-3fea-e132fd775b5e" executionId="c6155bc6-5b93-41bb-a60a-f7e14687c21b" testListId="8c84fa94-04c1-424b-9868-57a2d4851a1d" />
    <TestEntry testId="131a26fa-18ee-ab45-1c25-e4348e5f16b7" executionId="e7a379ac-2cce-4374-8784-5c2899c80ebe" testListId="8c84fa94-04c1-424b-9868-57a2d4851a1d" />
    <TestEntry testId="da74414c-6059-a1d1-7697-c9f6a432ab01" executionId="1ff5fb25-b9f9-4a06-bda0-c45515f2e649" testListId="8c84fa94-04c1-424b-9868-57a2d4851a1d" />
    <TestEntry testId="e5d551bc-1dd2-666f-0864-398b71d25710" executionId="6695b5f9-9a21-481c-9c3d-0926ac2c4716" testListId="8c84fa94-04c1-424b-9868-57a2d4851a1d" />
    <TestEntry testId="3a1ea9f6-a18a-e117-50e1-2abd43b289e2" executionId="5e04dd6d-5216-4cb9-a25d-629d6bccb45f" testListId="8c84fa94-04c1-424b-9868-57a2d4851a1d" />
    <TestEntry testId="8f59d74f-1387-b481-45ba-5b4638b6eca1" executionId="00ab257f-0d9d-4313-9ef3-1489c8672d2d" testListId="8c84fa94-04c1-424b-9868-57a2d4851a1d" />
    <TestEntry testId="4acf2e12-f867-ff67-73aa-be136e127327" executionId="d17ae809-43d1-45dd-9e5d-cd9192ec6f7b" testListId="8c84fa94-04c1-424b-9868-57a2d4851a1d" />
    <TestEntry testId="8d0f5bca-e5ea-0fcc-cf70-4bf5237286c3" executionId="8973f247-7198-4551-a56f-d1a3a3f31c92" testListId="8c84fa94-04c1-424b-9868-57a2d4851a1d" />
    <TestEntry testId="df32f1cb-82fe-5f6f-2fce-2d11c090b877" executionId="14717726-2a7d-445a-a23f-9c63e9c86b27" testListId="8c84fa94-04c1-424b-9868-57a2d4851a1d" />
    <TestEntry testId="73ba8d8b-63f0-7559-fdd9-22c8ccb33146" executionId="902bcd36-8ce4-47fa-9a7a-8fc55397782d" testListId="8c84fa94-04c1-424b-9868-57a2d4851a1d" />
    <TestEntry testId="025863ce-ac84-e56c-d6b6-947b70b4b25d" executionId="5859376b-a26b-4c86-8225-6fe171d92498" testListId="8c84fa94-04c1-424b-9868-57a2d4851a1d" />
    <TestEntry testId="149b064f-9ac3-44fb-3775-5acbf6f1cace" executionId="7a8d9045-8ca4-464d-b158-7abe126535c9" testListId="8c84fa94-04c1-424b-9868-57a2d4851a1d" />
    <TestEntry testId="9e8c2141-20ec-ba37-0f1b-2e2277c88211" executionId="5cd86de4-9428-4b23-91ba-c480fe492707" testListId="8c84fa94-04c1-424b-9868-57a2d4851a1d" />
    <TestEntry testId="3bf91338-9db5-e244-3437-2a694f10cdfe" executionId="bfab7e96-89b4-409e-8b26-1ccd25fd9822" testListId="8c84fa94-04c1-424b-9868-57a2d4851a1d" />
    <TestEntry testId="361fc6c6-0e8b-67f9-3bea-df214e20d9d1" executionId="113c48cc-9c98-4ea0-8eb5-0112603b3d26" testListId="8c84fa94-04c1-424b-9868-57a2d4851a1d" />
    <TestEntry testId="071ac8b1-07a6-4ae6-7403-5c16e58426a3" executionId="50cbc820-13ef-4c08-97f9-54a34d1382ef" testListId="8c84fa94-04c1-424b-9868-57a2d4851a1d" />
    <TestEntry testId="5770b0b5-2a66-8eb2-b129-73ab244ff2c9" executionId="eccb2eba-af3e-4461-afaf-8ead31fd4f4f" testListId="8c84fa94-04c1-424b-9868-57a2d4851a1d" />
    <TestEntry testId="86edbbe8-5149-0aa3-dcd3-1e89f5303917" executionId="00e4bfe0-b1f8-4e10-9f6d-adaf6a37a94d" testListId="8c84fa94-04c1-424b-9868-57a2d4851a1d" />
    <TestEntry testId="8ff6a0dd-30dd-b7ad-a8c3-0633bc0cf3f8" executionId="137bf3da-ac37-4b03-b7cd-9ef01c030f3c" testListId="8c84fa94-04c1-424b-9868-57a2d4851a1d" />
    <TestEntry testId="e28ccd3c-119e-ea01-443c-a177bc7fcafe" executionId="f09d1162-e440-4d7b-ad24-59b4131560aa" testListId="8c84fa94-04c1-424b-9868-57a2d4851a1d" />
    <TestEntry testId="9f080b69-ff73-e1e5-ebe4-dd30c3c983a4" executionId="a309d7bf-2741-43ac-9e4c-682d681f4310" testListId="8c84fa94-04c1-424b-9868-57a2d4851a1d" />
    <TestEntry testId="b93013c3-d297-89cf-1fce-624bcbbbca6c" executionId="9ba32481-e8d9-4194-98ea-a9853d8dd8cc" testListId="8c84fa94-04c1-424b-9868-57a2d4851a1d" />
    <TestEntry testId="c31b76c8-61cb-842b-101d-3527fdf73529" executionId="d0f14d25-fbae-4f37-975a-1059fe728cba" testListId="8c84fa94-04c1-424b-9868-57a2d4851a1d" />
    <TestEntry testId="87907f38-5e5a-055c-b4ad-972d80a0d676" executionId="7c977d5d-42d4-4052-b3bb-bcabe0b84031" testListId="8c84fa94-04c1-424b-9868-57a2d4851a1d" />
    <TestEntry testId="2674b7c4-7076-fd3a-f5df-01507f4b862a" executionId="6736b285-4cdb-47c8-bbae-9b7a35a338a4" testListId="8c84fa94-04c1-424b-9868-57a2d4851a1d" />
    <TestEntry testId="47884aeb-7497-b6ff-3c54-8cf7d508053b" executionId="90ea5cfd-5204-4354-8fe0-377d871420fc" testListId="8c84fa94-04c1-424b-9868-57a2d4851a1d" />
    <TestEntry testId="d3e820a3-4350-83fc-1d0e-9c98ed12693d" executionId="be9bc4c7-2427-4c8c-ac7e-fd24b5fb95a7" testListId="8c84fa94-04c1-424b-9868-57a2d4851a1d" />
    <TestEntry testId="dd098655-ce3b-b407-bc7d-fa88b3ed5381" executionId="602ed2b2-8f68-4cdd-a032-72439b13a536" testListId="8c84fa94-04c1-424b-9868-57a2d4851a1d" />
    <TestEntry testId="ae6abbbb-4f6b-840f-8d6f-dd6d967cb60f" executionId="e70def24-0231-41a4-b453-ac941e0c09e9" testListId="8c84fa94-04c1-424b-9868-57a2d4851a1d" />
    <TestEntry testId="c8da5140-6bbf-d2bf-c522-f95e06d6a595" executionId="189bbc6f-e10d-4875-8be6-3a7a449c597c" testListId="8c84fa94-04c1-424b-9868-57a2d4851a1d" />
    <TestEntry testId="71d3bf04-2f4b-0825-76a5-fe6f8626ce91" executionId="b0662562-554f-4050-9b58-33ec77ddb2f2" testListId="8c84fa94-04c1-424b-9868-57a2d4851a1d" />
    <TestEntry testId="37dfb702-000b-b79c-bfb4-f3293626a799" executionId="20c3bfde-a750-40ce-8f52-20e8ee02ff56" testListId="8c84fa94-04c1-424b-9868-57a2d4851a1d" />
    <TestEntry testId="651e8dde-0b5e-5bed-5256-d6a71b2a59d0" executionId="90ebf8d6-f209-4b7c-9b2c-baadd32f7653" testListId="8c84fa94-04c1-424b-9868-57a2d4851a1d" />
    <TestEntry testId="27e4287b-6aa8-a5c7-2e9e-fe37ab9970d9" executionId="57b3a89b-5cdb-4ed8-b903-f9f87e1448fc" testListId="8c84fa94-04c1-424b-9868-57a2d4851a1d" />
    <TestEntry testId="6041a665-a5c2-d6e3-acc3-d07918acde37" executionId="9c4bbfc8-2cae-4b7a-9b34-0788ce171aa5" testListId="8c84fa94-04c1-424b-9868-57a2d4851a1d" />
    <TestEntry testId="c66f0344-0d06-e154-dea7-64ff1ea75851" executionId="615ad511-6540-44df-ba65-58bc8d0ffbad" testListId="8c84fa94-04c1-424b-9868-57a2d4851a1d" />
    <TestEntry testId="7cca3648-ef13-49f1-5ab9-9d7801242c93" executionId="00d6c4cc-d852-4147-89fe-cab55e67962a" testListId="8c84fa94-04c1-424b-9868-57a2d4851a1d" />
    <TestEntry testId="995126b2-b089-a150-2dce-04198c8d17e0" executionId="f05f57d0-a2e6-4ced-8415-c747a4414077" testListId="8c84fa94-04c1-424b-9868-57a2d4851a1d" />
    <TestEntry testId="549593cd-e3e2-290a-18b6-e153b1543b39" executionId="6dae539b-10e1-4629-8a2e-18937c1f6eef" testListId="8c84fa94-04c1-424b-9868-57a2d4851a1d" />
    <TestEntry testId="b4acbf62-a814-6c5c-b0cb-e93db772efce" executionId="9ff1c210-bf4e-4738-b060-7dd2d720cc7f" testListId="8c84fa94-04c1-424b-9868-57a2d4851a1d" />
    <TestEntry testId="0cc7d5be-9117-6a7b-5cf3-0699f110c80e" executionId="956d5bfe-a152-4146-9fdc-298b7d97f893" testListId="8c84fa94-04c1-424b-9868-57a2d4851a1d" />
    <TestEntry testId="313c09e0-411a-75b7-e96b-3ca0dbd86c48" executionId="03da552c-e788-4c15-a823-4dc275f68f1f" testListId="8c84fa94-04c1-424b-9868-57a2d4851a1d" />
    <TestEntry testId="cab07565-7102-ab00-4f85-136d84889f35" executionId="629cdded-598c-42dd-a880-5e379a9c10f1" testListId="8c84fa94-04c1-424b-9868-57a2d4851a1d" />
    <TestEntry testId="138f94fd-09a3-ac1a-466f-d3cf0cc3562a" executionId="e7e83b35-9e1f-4dad-bce7-1c8bddfc1464" testListId="8c84fa94-04c1-424b-9868-57a2d4851a1d" />
    <TestEntry testId="2f1a043d-2a10-79ca-c195-ea30a15eafce" executionId="56518e48-1390-46d7-9ee3-5e5b09132f78" testListId="8c84fa94-04c1-424b-9868-57a2d4851a1d" />
    <TestEntry testId="475f68bd-aa4e-7080-1be5-54155a49acfc" executionId="5e22daed-2c48-4529-bb75-ad8445792400" testListId="8c84fa94-04c1-424b-9868-57a2d4851a1d" />
    <TestEntry testId="13db29e1-271e-aab2-3bce-87640b8c6e48" executionId="c2ae0381-c6e0-4ee7-b777-b63fd582a49c" testListId="8c84fa94-04c1-424b-9868-57a2d4851a1d" />
    <TestEntry testId="d02a9bfe-ef70-0b80-6768-a063d853aefd" executionId="fdf74524-6433-4758-b590-151c0533d970" testListId="8c84fa94-04c1-424b-9868-57a2d4851a1d" />
    <TestEntry testId="5e38d847-a6e1-c044-80d4-91e6d7b293f2" executionId="2aaf2285-5fba-4ad1-ba60-04adb25f8045" testListId="8c84fa94-04c1-424b-9868-57a2d4851a1d" />
    <TestEntry testId="dce39246-34e9-ee17-be45-81df055ba9b7" executionId="16668840-1a0f-4afd-8e73-47c3bae94f4e" testListId="8c84fa94-04c1-424b-9868-57a2d4851a1d" />
    <TestEntry testId="a4234a76-75fb-b47f-57a5-6def17414cfd" executionId="d845db23-c261-4f44-8f44-ffbe1957a156" testListId="8c84fa94-04c1-424b-9868-57a2d4851a1d" />
    <TestEntry testId="00c9ed3e-1b96-abed-4b9f-a4e09fd426a6" executionId="eb57bf7c-014d-430e-8a5b-c6de8d81df5d" testListId="8c84fa94-04c1-424b-9868-57a2d4851a1d" />
    <TestEntry testId="ebe31b64-a15f-5d1c-5a6d-837a5656ceb3" executionId="39f38a21-5df8-4c89-94de-64e3f77376fd" testListId="8c84fa94-04c1-424b-9868-57a2d4851a1d" />
    <TestEntry testId="84f8043b-4691-c526-0edb-4d71ad8832d8" executionId="af50768e-4923-4ab5-ad0d-66c54a2e3343" testListId="8c84fa94-04c1-424b-9868-57a2d4851a1d" />
    <TestEntry testId="1757e59b-40da-bd94-15dd-39f1d4194c31" executionId="12f48bfd-03f9-4165-8913-dbcb3669e97c" testListId="8c84fa94-04c1-424b-9868-57a2d4851a1d" />
    <TestEntry testId="2aeb0604-7864-ac0e-7483-a1a86a3f6f67" executionId="2d44c3b3-d646-4308-9cba-a653c90aa875" testListId="8c84fa94-04c1-424b-9868-57a2d4851a1d" />
    <TestEntry testId="1435e2a2-bee2-1d2d-95b6-bab177d11e01" executionId="45ca1805-8253-474b-92b6-6881cd5c46d2" testListId="8c84fa94-04c1-424b-9868-57a2d4851a1d" />
    <TestEntry testId="0110325c-27e3-3325-4a17-71d49ff6f036" executionId="f31e65e2-916d-4277-ad45-65e425884679" testListId="8c84fa94-04c1-424b-9868-57a2d4851a1d" />
    <TestEntry testId="6bd5f4c7-c179-311a-1fc1-8d1f4fd89099" executionId="ff4bed67-8dd1-4e7d-8b2e-de8aa7a0847b" testListId="8c84fa94-04c1-424b-9868-57a2d4851a1d" />
    <TestEntry testId="e9e0e7d6-a421-cf24-61f6-b52746752039" executionId="68e320e7-d1a7-42d0-aca0-006425154b5b" testListId="8c84fa94-04c1-424b-9868-57a2d4851a1d" />
    <TestEntry testId="59a60e54-e35c-c435-6281-92cda5ac809d" executionId="5a1e7a07-f135-4567-acf6-ef3793107149" testListId="8c84fa94-04c1-424b-9868-57a2d4851a1d" />
    <TestEntry testId="32413933-4aac-e1ed-206e-cfe25722fe12" executionId="1a3f48c8-5f9f-4390-acaa-8cea99c7133d" testListId="8c84fa94-04c1-424b-9868-57a2d4851a1d" />
    <TestEntry testId="2f100db4-2fb5-00e2-487e-75a3a7b6d272" executionId="6e848fac-5f98-49f2-b798-2e000fccddfe" testListId="8c84fa94-04c1-424b-9868-57a2d4851a1d" />
    <TestEntry testId="5cd4b702-56a3-e460-79f3-24a1a68869f7" executionId="00dfacaa-2d02-4402-9ecf-dc921952bb84" testListId="8c84fa94-04c1-424b-9868-57a2d4851a1d" />
    <TestEntry testId="84b8f2a7-62b5-8ef3-473a-8f8892e8765c" executionId="4c5a01cc-b7aa-4bd3-9a11-903b935a8752" testListId="8c84fa94-04c1-424b-9868-57a2d4851a1d" />
    <TestEntry testId="04268900-3302-a699-5943-bbf486b565e8" executionId="30b0f801-592e-4278-927c-c46a0e8afd41" testListId="8c84fa94-04c1-424b-9868-57a2d4851a1d" />
    <TestEntry testId="0642a600-4a64-e9cb-eb5f-0984d3d228c6" executionId="00fd6943-dd4e-4c14-8799-694735668e80" testListId="8c84fa94-04c1-424b-9868-57a2d4851a1d" />
    <TestEntry testId="319e9db8-8f37-6739-0cbb-83eff6d39b32" executionId="d20d9bae-dbca-4daa-8d0e-09474229a87a" testListId="8c84fa94-04c1-424b-9868-57a2d4851a1d" />
    <TestEntry testId="81fc8aa1-de6a-e087-adfe-af829f91bad7" executionId="dc79fc81-c50c-4d84-bb94-f259029dc1e5" testListId="8c84fa94-04c1-424b-9868-57a2d4851a1d" />
    <TestEntry testId="2f8a4bab-4df9-e4ff-fb91-be0d70ec975d" executionId="69ae75a8-db07-4487-a12a-002064755d8f" testListId="8c84fa94-04c1-424b-9868-57a2d4851a1d" />
    <TestEntry testId="94358fa8-5ab7-9379-cdbb-784e07581698" executionId="522827dc-06cf-45ba-baca-b91065d87127" testListId="8c84fa94-04c1-424b-9868-57a2d4851a1d" />
    <TestEntry testId="7b7ac52a-fd20-eae1-4eee-941b2f9ad41c" executionId="2f982d75-e149-4c7e-8143-40b816adae62" testListId="8c84fa94-04c1-424b-9868-57a2d4851a1d" />
    <TestEntry testId="bdaa8c04-85d7-4ee8-e951-82186f7309ad" executionId="e71e0f3f-68d4-4f81-9874-0b0075a6f336" testListId="8c84fa94-04c1-424b-9868-57a2d4851a1d" />
    <TestEntry testId="56af3ae0-30c5-e2c9-265d-9763c2af0b14" executionId="b8f81c63-a804-4582-a98f-bdb02930f8a6" testListId="8c84fa94-04c1-424b-9868-57a2d4851a1d" />
    <TestEntry testId="d59c7867-81fa-72b0-e0e7-f75e74dd41dd" executionId="de208b4a-e37c-4059-8fb1-9b7258eb038c" testListId="8c84fa94-04c1-424b-9868-57a2d4851a1d" />
    <TestEntry testId="1995aa56-764e-e077-7015-d7ad96740ef7" executionId="7fae0983-8ca7-4fee-bfc7-c096d89b5b1c" testListId="8c84fa94-04c1-424b-9868-57a2d4851a1d" />
    <TestEntry testId="7e66b483-7a2b-eb7e-b3f4-08fdb2d87edb" executionId="fb8d85b5-b668-4168-8f31-418bb0e1f247" testListId="8c84fa94-04c1-424b-9868-57a2d4851a1d" />
    <TestEntry testId="4a2ca9ff-adc0-1722-277d-f773fee59568" executionId="908c292a-2b3a-4a9d-858f-330c1cc114ce" testListId="8c84fa94-04c1-424b-9868-57a2d4851a1d" />
    <TestEntry testId="a68d8bd1-83c1-7dcf-88ae-373561151afd" executionId="1d7b629f-ae03-429a-ac6d-81c6766ac0ec" testListId="8c84fa94-04c1-424b-9868-57a2d4851a1d" />
    <TestEntry testId="9029e935-145d-d5fd-fae9-96c860349038" executionId="655af843-ffbb-40d4-ac25-e4efa50ae833" testListId="8c84fa94-04c1-424b-9868-57a2d4851a1d" />
    <TestEntry testId="f5f2e97a-f5f8-6deb-42be-a32de8760af2" executionId="2a7736b5-9461-4ae0-922a-098b304cf0df" testListId="8c84fa94-04c1-424b-9868-57a2d4851a1d" />
    <TestEntry testId="d099ba8f-3bb5-6902-b93b-2d0bd66877da" executionId="290dee39-96dc-4323-9e03-e056b39c6464" testListId="8c84fa94-04c1-424b-9868-57a2d4851a1d" />
    <TestEntry testId="e6de12d3-0261-772c-f490-e9dbb1bb9e62" executionId="823b4bfd-6f3e-49a7-b867-08bd5a89d139" testListId="8c84fa94-04c1-424b-9868-57a2d4851a1d" />
    <TestEntry testId="9b54b5db-74ce-7f6e-1fd4-798a1baa40f1" executionId="0fbb30ad-1b13-486f-bff0-7190bd6c36ab" testListId="8c84fa94-04c1-424b-9868-57a2d4851a1d" />
    <TestEntry testId="f680908c-3b4b-7b4d-7066-6e5fce7c0b27" executionId="5d0f935f-2e9b-48ed-a5fb-7f16725d3719" testListId="8c84fa94-04c1-424b-9868-57a2d4851a1d" />
    <TestEntry testId="7303b39e-095c-d519-9482-2df53e696cb0" executionId="3646fe08-f768-4435-9dc7-2ff607a6d372" testListId="8c84fa94-04c1-424b-9868-57a2d4851a1d" />
    <TestEntry testId="1e94fe66-ebdd-242f-d52f-6bae60dddc8c" executionId="b153bcfb-8412-4685-aa66-30adfe846011" testListId="8c84fa94-04c1-424b-9868-57a2d4851a1d" />
    <TestEntry testId="e998f77e-77b2-7e10-d8db-3813eb8031aa" executionId="a2518537-b4f3-452c-8c96-8691eeb57eaa" testListId="8c84fa94-04c1-424b-9868-57a2d4851a1d" />
    <TestEntry testId="945b4c83-9f91-b5d9-8e70-c736523c2f6f" executionId="43ea3d2f-50b2-4095-87ac-2b857f7a30b4" testListId="8c84fa94-04c1-424b-9868-57a2d4851a1d" />
    <TestEntry testId="b475e3ab-bcbc-5954-7660-9f7524c4b9d5" executionId="1dd95b6e-a3f6-487a-8cee-86c0490711b0" testListId="8c84fa94-04c1-424b-9868-57a2d4851a1d" />
    <TestEntry testId="e571b35d-57ce-9cb9-ba77-a93c8415ec13" executionId="11eb94b2-f147-4e51-8057-1c395c48eda2" testListId="8c84fa94-04c1-424b-9868-57a2d4851a1d" />
    <TestEntry testId="9029e935-145d-d5fd-fae9-96c860349038" executionId="b9fb97da-5c53-4aa6-a123-7a3d62cbca84" testListId="8c84fa94-04c1-424b-9868-57a2d4851a1d" />
    <TestEntry testId="4b6fecb5-59c1-ea5f-e98e-45127e9005f6" executionId="16f47f16-9e36-4d00-8e34-66c32e9a75d4" testListId="8c84fa94-04c1-424b-9868-57a2d4851a1d" />
    <TestEntry testId="c1617589-7ab5-2785-7153-f5d42b13af57" executionId="792c3183-13e3-4399-bd32-a12b617265f9" testListId="8c84fa94-04c1-424b-9868-57a2d4851a1d" />
    <TestEntry testId="52643794-b083-7c0f-47d3-00e62a4cf8ea" executionId="886eeb0e-2e09-423f-9eaa-0a1218ee850f" testListId="8c84fa94-04c1-424b-9868-57a2d4851a1d" />
    <TestEntry testId="18ccdda0-c082-96fc-d95c-7842b85332a3" executionId="ea1c2bc9-c6eb-4bc0-89d3-c1ac1ed0e224" testListId="8c84fa94-04c1-424b-9868-57a2d4851a1d" />
    <TestEntry testId="4d525835-86fa-0619-e484-37026867a280" executionId="095be18c-a515-4b8d-b878-bf1805cbc82b" testListId="8c84fa94-04c1-424b-9868-57a2d4851a1d" />
    <TestEntry testId="e998f77e-77b2-7e10-d8db-3813eb8031aa" executionId="7293fdbc-13db-4a44-af91-99362804f345" testListId="8c84fa94-04c1-424b-9868-57a2d4851a1d" />
    <TestEntry testId="57e42158-c478-d557-913f-3f7cb2a55e4f" executionId="4d2fbba9-430b-4093-8a39-099b06776715" testListId="8c84fa94-04c1-424b-9868-57a2d4851a1d" />
    <TestEntry testId="74a5479e-3d8d-745b-8d0c-dc17a9c1c316" executionId="eccb54a8-f5ce-4d4c-aaf0-bbe22dd806a7" testListId="8c84fa94-04c1-424b-9868-57a2d4851a1d" />
    <TestEntry testId="d3a153fd-0e88-372e-ad4d-024de9ccde9a" executionId="4b178a18-02da-4de8-8ee3-578ba97ebb2b" testListId="8c84fa94-04c1-424b-9868-57a2d4851a1d" />
    <TestEntry testId="1656f45b-677e-89a1-0f61-ab22cd78d2db" executionId="25a6c8f7-aa20-4fd5-8bcd-192219c1ddb5" testListId="8c84fa94-04c1-424b-9868-57a2d4851a1d" />
    <TestEntry testId="d01a472c-8c79-6237-bbd9-99dcce00cbb8" executionId="fdb22942-d992-4827-abbd-c60dd41b6740" testListId="8c84fa94-04c1-424b-9868-57a2d4851a1d" />
    <TestEntry testId="de8654eb-af61-aa53-49f9-84c165fb21f5" executionId="e41cea1d-4e5a-4286-8bcb-d3ecb8d71098" testListId="8c84fa94-04c1-424b-9868-57a2d4851a1d" />
    <TestEntry testId="cb217fc0-412f-9e5e-8b31-b39324af2ee8" executionId="2f9c62f9-7158-40a6-a816-fbcac033ef4c" testListId="8c84fa94-04c1-424b-9868-57a2d4851a1d" />
    <TestEntry testId="f56230b0-cb3e-b433-0b22-beaca6317724" executionId="81f7fe7c-c339-49b7-8758-19f6abcc9a15" testListId="8c84fa94-04c1-424b-9868-57a2d4851a1d" />
    <TestEntry testId="d096cf54-9fe3-48d3-6b60-9dbe5862c472" executionId="45056c70-d383-4746-949b-db311a645453" testListId="8c84fa94-04c1-424b-9868-57a2d4851a1d" />
    <TestEntry testId="e76554b4-34ba-70cf-dfc9-f4d63f94ac41" executionId="c077ae44-5b54-44b5-8b82-b3054a79fa0a" testListId="8c84fa94-04c1-424b-9868-57a2d4851a1d" />
    <TestEntry testId="49457dc4-3aa6-62c6-38a6-fe0fa14f8508" executionId="c35307ed-6965-40bf-9cf0-c1e3e3e34f95" testListId="8c84fa94-04c1-424b-9868-57a2d4851a1d" />
    <TestEntry testId="6d237ca8-ac51-9a90-e310-d587619a886d" executionId="b9c08c8b-8b33-4c0f-8051-121b0808e248" testListId="8c84fa94-04c1-424b-9868-57a2d4851a1d" />
    <TestEntry testId="80d36421-2cec-943f-7f34-60be14e9a632" executionId="f32335c7-5b31-4d92-81fb-dfbedbe7ac21" testListId="8c84fa94-04c1-424b-9868-57a2d4851a1d" />
    <TestEntry testId="b023ed0a-de55-261e-b76b-b001235c2a21" executionId="07a7b425-e71f-4939-b29f-2fbaad0e232f" testListId="8c84fa94-04c1-424b-9868-57a2d4851a1d" />
    <TestEntry testId="62930b8c-e45e-fc1a-2573-556c126ac982" executionId="e5671cdb-4156-4a8a-b615-be21c246d268" testListId="8c84fa94-04c1-424b-9868-57a2d4851a1d" />
    <TestEntry testId="88fa8516-0d21-8d70-a765-06ab5bfbd249" executionId="a7b4a1f6-df27-441c-a967-447c72953897" testListId="8c84fa94-04c1-424b-9868-57a2d4851a1d" />
    <TestEntry testId="13a4d90a-2e75-f52a-90e5-614716c51196" executionId="b1f543e2-e612-4fc5-9c9c-949b6c7f3690" testListId="8c84fa94-04c1-424b-9868-57a2d4851a1d" />
    <TestEntry testId="e81103cb-7818-2463-05b1-4325c5ff61c8" executionId="33b54e5a-d159-4543-930c-ef46c4ae9085" testListId="8c84fa94-04c1-424b-9868-57a2d4851a1d" />
    <TestEntry testId="01eab79c-bc50-d06f-cdd9-f0cb405d3b66" executionId="85d17eb2-c8cd-4557-bef3-d235c0d39db0" testListId="8c84fa94-04c1-424b-9868-57a2d4851a1d" />
    <TestEntry testId="ffa5f9ad-66df-b9a8-3ecf-eff774a0ebee" executionId="cd53914f-8598-4c91-889d-358964f3ce2b" testListId="8c84fa94-04c1-424b-9868-57a2d4851a1d" />
    <TestEntry testId="45f53e24-e644-c161-a854-8f98e8cdbf61" executionId="31072355-aef3-443a-8b4f-e9f03eefe84c" testListId="8c84fa94-04c1-424b-9868-57a2d4851a1d" />
    <TestEntry testId="2b48bd6d-d40f-68da-88e6-66c25aa42362" executionId="bd098261-37c9-4fae-85a2-cbc011cbb43f" testListId="8c84fa94-04c1-424b-9868-57a2d4851a1d" />
    <TestEntry testId="cad8e770-6b34-3ed1-d5b9-aff90025f291" executionId="0754474a-a259-4ce3-b0c8-9df9313d3042" testListId="8c84fa94-04c1-424b-9868-57a2d4851a1d" />
    <TestEntry testId="5fbb5d38-d0c1-8683-ad00-378581dc683f" executionId="eafcb966-7cb2-4f53-9ba5-e693095a2324" testListId="8c84fa94-04c1-424b-9868-57a2d4851a1d" />
    <TestEntry testId="9245a3fe-e6e8-4a14-f7b3-94227339454e" executionId="dd6ff461-3179-4f10-bc9f-4e5a6614d079" testListId="8c84fa94-04c1-424b-9868-57a2d4851a1d" />
    <TestEntry testId="4d11492e-27b0-719b-9344-aa3d6645e529" executionId="13de65b3-6c07-4324-afb1-1075d44d0da4" testListId="8c84fa94-04c1-424b-9868-57a2d4851a1d" />
    <TestEntry testId="a414dc23-7c3d-099a-1001-11be32d85424" executionId="97b7a43d-abc2-4c4c-aa29-7d91fd90681a" testListId="8c84fa94-04c1-424b-9868-57a2d4851a1d" />
    <TestEntry testId="43001655-6df0-fd55-49b4-09a30b307ee3" executionId="d877c33b-c4f6-4579-89fe-29fcca907e91" testListId="8c84fa94-04c1-424b-9868-57a2d4851a1d" />
    <TestEntry testId="017cc019-8cef-3e6e-38b3-9860b15006c5" executionId="068c7717-46a6-4812-97ee-0820f407ae40" testListId="8c84fa94-04c1-424b-9868-57a2d4851a1d" />
    <TestEntry testId="49a421d1-e95e-714d-edf9-45ffcfd2a39e" executionId="d0418627-4a0f-4c47-9965-fd7aa724b3d9" testListId="8c84fa94-04c1-424b-9868-57a2d4851a1d" />
    <TestEntry testId="9f58f9ac-c237-b302-81b2-6eb6c67dcabf" executionId="c3aa3cf2-39ba-4e80-9ec2-70fe7e75b501" testListId="8c84fa94-04c1-424b-9868-57a2d4851a1d" />
    <TestEntry testId="a45efc73-9982-c081-715a-b39f84b6a0cd" executionId="e35d016d-10bf-4919-8f6e-0ee89c2b3d5b" testListId="8c84fa94-04c1-424b-9868-57a2d4851a1d" />
    <TestEntry testId="c22deb6e-f8ad-a898-d5fa-2612e0c2ea52" executionId="466fe397-8129-4ea7-924c-7bfaff283360" testListId="8c84fa94-04c1-424b-9868-57a2d4851a1d" />
    <TestEntry testId="4927bb5b-1d8a-626c-1d59-507b7cca82e7" executionId="99115b68-6ebd-4cf2-aaf3-47b511f80f90" testListId="8c84fa94-04c1-424b-9868-57a2d4851a1d" />
    <TestEntry testId="65a9b794-921a-eae9-026a-f733825b3d4a" executionId="de6cfccd-33f1-46a7-af46-c8e37c0852d4" testListId="8c84fa94-04c1-424b-9868-57a2d4851a1d" />
    <TestEntry testId="91423947-d9d3-4bfd-cfab-68c119421239" executionId="3c4253c2-65b5-431b-a7b3-94fac7b0a1cd" testListId="8c84fa94-04c1-424b-9868-57a2d4851a1d" />
    <TestEntry testId="540a3b23-7cf4-4873-bac2-ebb7a9a2a9f2" executionId="9c25c6de-a93f-41f7-842d-fd92bab33eee" testListId="8c84fa94-04c1-424b-9868-57a2d4851a1d" />
    <TestEntry testId="62360bb2-0571-b412-04d5-fd14e8294ea1" executionId="a2661f10-4c6c-481e-8b1b-1fa991aad233" testListId="8c84fa94-04c1-424b-9868-57a2d4851a1d" />
    <TestEntry testId="7ca171df-e98e-0a85-0373-bda8d8a6f93c" executionId="01a029ea-5bc6-4f44-81e9-2cc891948432" testListId="8c84fa94-04c1-424b-9868-57a2d4851a1d" />
    <TestEntry testId="92ffac32-345b-b5fe-0330-df7f8960df1b" executionId="79304949-f579-48fa-94d5-94abde7a42c8" testListId="8c84fa94-04c1-424b-9868-57a2d4851a1d" />
    <TestEntry testId="1c883c92-bef7-61b1-c07f-4369319c74ff" executionId="2399d282-754d-4c8a-81b3-8faa3ba8a0c6" testListId="8c84fa94-04c1-424b-9868-57a2d4851a1d" />
    <TestEntry testId="38ec599c-8886-9abd-0e90-9384d2644f53" executionId="c180c96c-be31-44e2-9584-7e63446ca8fd" testListId="8c84fa94-04c1-424b-9868-57a2d4851a1d" />
    <TestEntry testId="f31e45eb-b31b-c8a0-0fd1-7b7c41d2f7a0" executionId="731f3c81-fb97-4622-840a-23e2e78864b6" testListId="8c84fa94-04c1-424b-9868-57a2d4851a1d" />
    <TestEntry testId="0abf48ed-aa70-1dda-b2cb-ff714665e116" executionId="7ba369a4-dfc5-41eb-a230-e035cfc46209" testListId="8c84fa94-04c1-424b-9868-57a2d4851a1d" />
    <TestEntry testId="57b504fd-2c7e-dcd2-d028-6f333f529539" executionId="0149768a-e15e-424b-9802-a0a517c85d1b" testListId="8c84fa94-04c1-424b-9868-57a2d4851a1d" />
    <TestEntry testId="db4646bf-024d-6e80-c8eb-b0bfdcf6a10a" executionId="49f8ff4a-a919-4196-bddd-adf17f2503f4" testListId="8c84fa94-04c1-424b-9868-57a2d4851a1d" />
    <TestEntry testId="5c9e3b97-385d-08ab-8be4-492336c43670" executionId="9992a9b5-c218-4c65-b2d7-85be1970cfad" testListId="8c84fa94-04c1-424b-9868-57a2d4851a1d" />
    <TestEntry testId="52f7905c-ef65-6a99-dc3b-01a6a292c041" executionId="4a4031eb-04e5-46b3-8f83-dc301246e836" testListId="8c84fa94-04c1-424b-9868-57a2d4851a1d" />
    <TestEntry testId="5ab2a160-0b3e-3ddc-61b5-6572c40a7f10" executionId="8c60c3aa-1db2-4b0f-90b0-e5c863b2dbd6" testListId="8c84fa94-04c1-424b-9868-57a2d4851a1d" />
    <TestEntry testId="84d3c143-14c2-3de5-71ff-f8eed6db60b1" executionId="2d368659-2f62-4c74-b161-3b1eb120c87c" testListId="8c84fa94-04c1-424b-9868-57a2d4851a1d" />
    <TestEntry testId="e998f77e-77b2-7e10-d8db-3813eb8031aa" executionId="47919de4-9834-44da-a954-20332352ede2" testListId="8c84fa94-04c1-424b-9868-57a2d4851a1d" />
    <TestEntry testId="2d0e7e74-3dc2-b64e-e8df-81c281af4e3d" executionId="121b9b6e-8438-46b2-b336-b7635b260f88" testListId="8c84fa94-04c1-424b-9868-57a2d4851a1d" />
    <TestEntry testId="4ef99c33-c023-cc35-d098-ffd6c1e453c8" executionId="e18b8c71-2871-4707-87db-476a8f999b8b" testListId="8c84fa94-04c1-424b-9868-57a2d4851a1d" />
    <TestEntry testId="b6f07467-7831-36e3-42f4-7ae0ac1fdc16" executionId="3df5734e-deb8-41d5-9ad8-4b6849cc1db5" testListId="8c84fa94-04c1-424b-9868-57a2d4851a1d" />
    <TestEntry testId="2b46e357-2d79-f0cc-72d8-c56a288a4a1d" executionId="f5e07bfc-cb11-451f-959b-ea7a195dfcb3" testListId="8c84fa94-04c1-424b-9868-57a2d4851a1d" />
    <TestEntry testId="ac48ab08-0586-5064-3572-983965e5b6b6" executionId="276359d2-caff-4acc-a339-5f58b7ec29e9" testListId="8c84fa94-04c1-424b-9868-57a2d4851a1d" />
    <TestEntry testId="59d7ce5a-9242-f1c0-ee68-764d8def5314" executionId="ebf3bd0e-2b43-44da-ba5a-7fcf1b18b902" testListId="8c84fa94-04c1-424b-9868-57a2d4851a1d" />
    <TestEntry testId="dd385b74-b0ce-69dd-5bae-8f3c49a74f34" executionId="88875b4b-5bbe-4c7d-94fa-e64189cfe2a8" testListId="8c84fa94-04c1-424b-9868-57a2d4851a1d" />
    <TestEntry testId="e288d304-5f35-f382-d06b-9b0ed9edf0e1" executionId="2b20bbd9-b773-4d31-8f3c-7577a8df5f02" testListId="8c84fa94-04c1-424b-9868-57a2d4851a1d" />
    <TestEntry testId="eaeacd17-7709-0ad4-3782-3c779da7e956" executionId="f9425d76-8006-4aad-b1f5-7950beb50fd4" testListId="8c84fa94-04c1-424b-9868-57a2d4851a1d" />
    <TestEntry testId="b875a004-85a0-61f0-5a06-f872b9bf4ce4" executionId="3abdc0f4-b181-4c15-b048-053cffe23989" testListId="8c84fa94-04c1-424b-9868-57a2d4851a1d" />
    <TestEntry testId="17ba5638-6ea6-b4d6-f1bc-1949b3768658" executionId="3f013d6e-5874-42a7-bee9-bebd6e57c082" testListId="8c84fa94-04c1-424b-9868-57a2d4851a1d" />
    <TestEntry testId="3355c355-6b0a-3812-de70-8d7a8a005906" executionId="5fa09588-52a0-4d38-ab5b-d28112508712" testListId="8c84fa94-04c1-424b-9868-57a2d4851a1d" />
    <TestEntry testId="cea1f122-04c5-bf3d-5adc-09ad4dc7f7c2" executionId="999f30eb-5d61-4550-9742-8434c7eab2e2" testListId="8c84fa94-04c1-424b-9868-57a2d4851a1d" />
    <TestEntry testId="db2886ea-13dd-b03a-a528-49fda3ee9983" executionId="f0e729b2-c6f2-45bb-bcd6-2b6e77e15992" testListId="8c84fa94-04c1-424b-9868-57a2d4851a1d" />
    <TestEntry testId="e998f77e-77b2-7e10-d8db-3813eb8031aa" executionId="ee052b15-7090-4540-aa21-143d447ae5e1" testListId="8c84fa94-04c1-424b-9868-57a2d4851a1d" />
    <TestEntry testId="80e1e452-82cf-b088-db40-d28f7d32c62d" executionId="6f4dfd48-b855-4419-88b0-e8439a8db65a" testListId="8c84fa94-04c1-424b-9868-57a2d4851a1d" />
    <TestEntry testId="4ca2f8f4-021b-5238-c299-1b1fb7ab3fab" executionId="714f5521-99cb-4267-adb8-d0a06a17cdc2" testListId="8c84fa94-04c1-424b-9868-57a2d4851a1d" />
    <TestEntry testId="faa83ec7-f24a-086a-e966-e8c82cf7330a" executionId="de9eac76-de59-498d-ad5a-1f6b730b048d" testListId="8c84fa94-04c1-424b-9868-57a2d4851a1d" />
    <TestEntry testId="7ca40658-07ed-4fea-d08c-7887f7c6e388" executionId="e5d92414-d4ef-4443-a1ae-527cd7d5fe09" testListId="8c84fa94-04c1-424b-9868-57a2d4851a1d" />
    <TestEntry testId="7aa29abd-7d3e-a7dc-4d9c-0edf39d05bae" executionId="42db00fb-9b20-4576-b67c-a696f727bb6c" testListId="8c84fa94-04c1-424b-9868-57a2d4851a1d" />
    <TestEntry testId="d64e21f7-4ea3-a5fe-a361-c369ca14a84e" executionId="ff35b09b-5e99-4e35-8d17-d1f9c2797970" testListId="8c84fa94-04c1-424b-9868-57a2d4851a1d" />
    <TestEntry testId="2ce1ff21-6093-7b3b-54d2-6773bfebe33a" executionId="a433a97b-ffb5-4479-9fbf-1c50e1186f1f" testListId="8c84fa94-04c1-424b-9868-57a2d4851a1d" />
    <TestEntry testId="65b86002-200e-c55e-a53f-146aec337152" executionId="581aba63-53c3-4395-9485-8fd9bc971b59" testListId="8c84fa94-04c1-424b-9868-57a2d4851a1d" />
    <TestEntry testId="26493e2f-f09a-fd85-4932-ec0c6378d5e5" executionId="a068ee71-4a79-4a7a-8032-5b0dbf147916" testListId="8c84fa94-04c1-424b-9868-57a2d4851a1d" />
    <TestEntry testId="417d2775-4be3-356c-d0c6-5cff4570afc9" executionId="613d3ec5-6af6-46fc-a9ff-a21633f3dff4" testListId="8c84fa94-04c1-424b-9868-57a2d4851a1d" />
    <TestEntry testId="a994a568-3e00-625c-a6cf-5145a11d5bf6" executionId="c470cdc6-52a0-4f6e-8c5c-0561f19ef0ee" testListId="8c84fa94-04c1-424b-9868-57a2d4851a1d" />
    <TestEntry testId="3ed7a399-d9a7-d9be-39f4-d877ad4e286e" executionId="ace35d1f-a689-466c-ad08-1c77557e074b" testListId="8c84fa94-04c1-424b-9868-57a2d4851a1d" />
    <TestEntry testId="3a384c62-a21e-fecb-daa1-7890a574eea7" executionId="4338b6c4-0236-4d13-bebf-c6ef8fb31687" testListId="8c84fa94-04c1-424b-9868-57a2d4851a1d" />
    <TestEntry testId="86c3c546-c6cf-be65-f34c-24ab64b4ab72" executionId="1e3b5711-bef0-419c-bbf9-c2095d967034" testListId="8c84fa94-04c1-424b-9868-57a2d4851a1d" />
    <TestEntry testId="d15a2abd-55c2-7d70-0462-a973f8ec2ac3" executionId="c9f1053f-ee90-4924-9681-1873cc62db02" testListId="8c84fa94-04c1-424b-9868-57a2d4851a1d" />
    <TestEntry testId="21718b1b-f62a-37ac-fbeb-8c4d4d01bc07" executionId="cb131405-a1e1-4f31-b95d-fdf87ee64886" testListId="8c84fa94-04c1-424b-9868-57a2d4851a1d" />
    <TestEntry testId="1b048c4f-8dd0-574f-1458-26bf1df29b58" executionId="dd5d8735-f903-438f-8020-751ecefa5bfa" testListId="8c84fa94-04c1-424b-9868-57a2d4851a1d" />
    <TestEntry testId="d1148632-27af-a6b6-932c-c9e12abeebb9" executionId="1ac5469a-2ec8-4b21-8773-c7be97e2f146" testListId="8c84fa94-04c1-424b-9868-57a2d4851a1d" />
    <TestEntry testId="addbc64d-1bd3-678f-14d6-6dd2dda6bd02" executionId="831c9759-8e40-4da9-aa47-4813ea7fcc2b" testListId="8c84fa94-04c1-424b-9868-57a2d4851a1d" />
    <TestEntry testId="03169915-5e36-4862-8f40-5f0139419946" executionId="42876a60-dcda-44a3-91f4-c634307b5a0a" testListId="8c84fa94-04c1-424b-9868-57a2d4851a1d" />
    <TestEntry testId="f2b7929b-9477-2b09-878d-9dcd16e02623" executionId="b6095eb4-543f-4f12-b100-843a7746117a" testListId="8c84fa94-04c1-424b-9868-57a2d4851a1d" />
    <TestEntry testId="626588a6-8954-1a80-be96-bc32494f9793" executionId="e1ed0e09-fcd4-4664-952e-9cefb9f30de2" testListId="8c84fa94-04c1-424b-9868-57a2d4851a1d" />
    <TestEntry testId="5af784fc-9243-ca85-aed0-526fe2586632" executionId="439378fc-99e7-4750-bef4-1544b78b1aca" testListId="8c84fa94-04c1-424b-9868-57a2d4851a1d" />
    <TestEntry testId="75abe4ea-20eb-3ee5-eee8-f4f3f43cc779" executionId="52ff51b3-b486-4f01-9085-fee27d2615f6" testListId="8c84fa94-04c1-424b-9868-57a2d4851a1d" />
    <TestEntry testId="7e7082ae-fc95-11b5-f109-06c5d9d16b4c" executionId="af068685-b7d8-46d7-9892-d464fbfe2e7a" testListId="8c84fa94-04c1-424b-9868-57a2d4851a1d" />
    <TestEntry testId="910648d0-f58e-b40c-710a-20818471b114" executionId="3e6d3381-73a8-4b44-8a4a-656a376cd34e" testListId="8c84fa94-04c1-424b-9868-57a2d4851a1d" />
    <TestEntry testId="ae62f6d0-4efb-1563-b9f4-62dadf9c392c" executionId="2656630a-a185-49ea-b8e7-d29371ce597e" testListId="8c84fa94-04c1-424b-9868-57a2d4851a1d" />
    <TestEntry testId="1d5225e4-5ff0-424d-ae91-6d7aa1287493" executionId="1d767e94-07c8-4a81-92c4-ebc6216b98c7" testListId="8c84fa94-04c1-424b-9868-57a2d4851a1d" />
    <TestEntry testId="e46a3755-9d5c-ba11-e43a-121111b751e2" executionId="7bf4113a-cf0c-485f-8697-b92072d47fbb" testListId="8c84fa94-04c1-424b-9868-57a2d4851a1d" />
    <TestEntry testId="eb1477a2-2fb7-b3cb-5428-9b4cc8d1e650" executionId="d22702b9-dd7b-45d2-a8f2-97115c4660bb" testListId="8c84fa94-04c1-424b-9868-57a2d4851a1d" />
    <TestEntry testId="a6efae3b-3424-1b71-e217-c61e2ebc0907" executionId="0bdc1720-f3e4-452b-a2ab-dd5acf4e9387" testListId="8c84fa94-04c1-424b-9868-57a2d4851a1d" />
    <TestEntry testId="872d533c-7618-1f1f-1814-b113065309ba" executionId="9cf4e04f-e635-4b17-b9cb-9b499360219b" testListId="8c84fa94-04c1-424b-9868-57a2d4851a1d" />
    <TestEntry testId="d1eb0766-e5d9-4c32-2713-e353a5504dcf" executionId="13640a30-f48d-45f2-ba64-aed982aff6ec" testListId="8c84fa94-04c1-424b-9868-57a2d4851a1d" />
    <TestEntry testId="47ac3dda-7749-2f44-950d-c0fd39257f55" executionId="a675b320-afcf-41a5-be37-15866cdca46e" testListId="8c84fa94-04c1-424b-9868-57a2d4851a1d" />
    <TestEntry testId="2e98d886-c9c5-7fb8-f647-7bfb037cf4a5" executionId="8a3c2cc5-a66a-422f-b068-fd1b94afd7d7" testListId="8c84fa94-04c1-424b-9868-57a2d4851a1d" />
    <TestEntry testId="a0ce8b18-c0e1-b20c-c79e-d473edcc8518" executionId="d9c3322a-0955-4022-b21c-b4550d8c23ba" testListId="8c84fa94-04c1-424b-9868-57a2d4851a1d" />
    <TestEntry testId="9bd36f2b-bb15-3fec-5cc0-8da29f15f2eb" executionId="923145b4-eb6a-4cff-915e-48bf23d83808" testListId="8c84fa94-04c1-424b-9868-57a2d4851a1d" />
    <TestEntry testId="5bb54e26-c71e-f619-e4ab-387584c60929" executionId="d367f4c3-a1af-4f77-ad34-f45458350d0e" testListId="8c84fa94-04c1-424b-9868-57a2d4851a1d" />
    <TestEntry testId="dfccc8b7-199c-9ea3-3acb-490aa9ca096b" executionId="b32d7343-233c-4245-927f-8175d3d74605" testListId="8c84fa94-04c1-424b-9868-57a2d4851a1d" />
    <TestEntry testId="1e878ee6-feaf-3437-9319-2c6ce9824817" executionId="410d8420-393c-43fb-8411-27abe66172c5" testListId="8c84fa94-04c1-424b-9868-57a2d4851a1d" />
    <TestEntry testId="52708fc0-86f2-693c-d699-4f89eda92f77" executionId="59f9a591-b61b-488d-852a-6565f79a56aa" testListId="8c84fa94-04c1-424b-9868-57a2d4851a1d" />
    <TestEntry testId="59476004-430a-3b34-3bb3-3229ecde9f89" executionId="7e44639c-38f2-4867-b95a-110e3969f49f" testListId="8c84fa94-04c1-424b-9868-57a2d4851a1d" />
    <TestEntry testId="5b1daa6e-5313-bb62-6c77-c9a482eb7914" executionId="e5c4f5e2-32cf-43a3-a998-b2165063ccf5" testListId="8c84fa94-04c1-424b-9868-57a2d4851a1d" />
    <TestEntry testId="57630e13-6376-5ac4-f876-8b3113252cf4" executionId="d3fba2e4-edf7-4ea5-a398-e5cccc22905d" testListId="8c84fa94-04c1-424b-9868-57a2d4851a1d" />
    <TestEntry testId="9f2c2791-650e-d7c8-970e-1310d2e32cdc" executionId="c9c6ba27-449d-47ef-afab-b011f7e31f1e" testListId="8c84fa94-04c1-424b-9868-57a2d4851a1d" />
    <TestEntry testId="c733db05-5b7b-4d43-767f-ec9ea4306b0e" executionId="469fbdfe-464b-447b-a305-a305954bf0b5" testListId="8c84fa94-04c1-424b-9868-57a2d4851a1d" />
    <TestEntry testId="4b7dc18b-d6d1-94cf-67c8-cfdd48ab9288" executionId="78f48bf0-9899-4ab5-941b-6e58d02fbe47" testListId="8c84fa94-04c1-424b-9868-57a2d4851a1d" />
    <TestEntry testId="c0d12a95-e15f-6166-5a13-d922c014e85f" executionId="fac74e32-7a07-4928-96b5-edbd0442f4d1" testListId="8c84fa94-04c1-424b-9868-57a2d4851a1d" />
    <TestEntry testId="d9a71493-8a98-1ce2-4921-b216ae947c71" executionId="a4862cac-d77b-4e62-8c34-09484d4a16f8" testListId="8c84fa94-04c1-424b-9868-57a2d4851a1d" />
    <TestEntry testId="c6e098df-93ea-edd9-9f8d-a8296c3d60ed" executionId="b9d3d496-151a-407a-aade-e773cc0ae0b8" testListId="8c84fa94-04c1-424b-9868-57a2d4851a1d" />
    <TestEntry testId="84735ce6-0802-6c3e-660b-0ce9dcdbafe2" executionId="aa08d697-6dea-4cbc-aa88-f5b5bc470bdb" testListId="8c84fa94-04c1-424b-9868-57a2d4851a1d" />
    <TestEntry testId="6b0b8696-32c2-657c-f281-65444866a1da" executionId="5c7f5a04-6a36-4355-8911-02b6e0c4d562" testListId="8c84fa94-04c1-424b-9868-57a2d4851a1d" />
    <TestEntry testId="4fc92a95-da20-ab9b-15d1-74f6c3c27fe0" executionId="14b4140b-6e37-4712-8478-e61c87be7c17" testListId="8c84fa94-04c1-424b-9868-57a2d4851a1d" />
    <TestEntry testId="5837e4ca-1cc6-6c6e-80e5-27206d993c91" executionId="9b2765cb-0e9e-45e6-ae3f-b59822261089" testListId="8c84fa94-04c1-424b-9868-57a2d4851a1d" />
    <TestEntry testId="cd0b28bc-7718-797b-f022-800ca6ce22ba" executionId="bdb19a5b-a32f-48b4-993e-7f13bc7876c4" testListId="8c84fa94-04c1-424b-9868-57a2d4851a1d" />
    <TestEntry testId="5d25dc9f-b119-d464-f93e-42b850f6a1ac" executionId="e406eb48-241f-43c4-9acb-81975b0dcd72" testListId="8c84fa94-04c1-424b-9868-57a2d4851a1d" />
    <TestEntry testId="45b9039f-b96a-687f-1be5-e83ccd97ef2c" executionId="8ee95c6d-b033-40c0-9392-5166471ce364" testListId="8c84fa94-04c1-424b-9868-57a2d4851a1d" />
    <TestEntry testId="52d5db23-51cb-3736-9800-a010b174438e" executionId="e0d11c78-e819-4b73-8ecb-f317f928f9e2" testListId="8c84fa94-04c1-424b-9868-57a2d4851a1d" />
    <TestEntry testId="02a92acd-3e74-c832-568f-0225ec898104" executionId="5f808945-9bdc-4763-89b2-bdf23142ef2d" testListId="8c84fa94-04c1-424b-9868-57a2d4851a1d" />
    <TestEntry testId="65173ca9-ca7a-eecb-f51e-664ba3987e33" executionId="d1bbd08c-f9ff-4394-93e0-e9d0fade1c4f" testListId="8c84fa94-04c1-424b-9868-57a2d4851a1d" />
    <TestEntry testId="184dde77-5a92-558e-ebbc-812bb20e2c0f" executionId="4fdf429b-778d-4a91-8c70-386638d282fe" testListId="8c84fa94-04c1-424b-9868-57a2d4851a1d" />
    <TestEntry testId="79e1afa4-43dc-dcc8-f757-ad97cc1a6215" executionId="3cd4035f-ebab-4b86-a599-bd42a3315983" testListId="8c84fa94-04c1-424b-9868-57a2d4851a1d" />
    <TestEntry testId="d7c6fd34-24a6-6d61-4f74-e11b861b527b" executionId="7b7912d4-b788-4aa4-ab7f-643256226520" testListId="8c84fa94-04c1-424b-9868-57a2d4851a1d" />
    <TestEntry testId="76f56124-31a2-88ce-2d55-72b9a34a85b7" executionId="5b90c98a-6129-4042-998d-96ff4e39c984" testListId="8c84fa94-04c1-424b-9868-57a2d4851a1d" />
    <TestEntry testId="ee325437-e5fe-a792-f60f-ba53523f3b7b" executionId="a3bcc286-9b95-4b5d-ab50-87628460037b" testListId="8c84fa94-04c1-424b-9868-57a2d4851a1d" />
    <TestEntry testId="187ee319-c305-31ec-cc6d-df00e81417f3" executionId="eff4c965-ee83-4180-945d-aad15d988510" testListId="8c84fa94-04c1-424b-9868-57a2d4851a1d" />
    <TestEntry testId="8a4d4995-3c1b-876f-b006-d12439f37a6d" executionId="127b413b-0f2e-4178-a222-3acdc968a2ff" testListId="8c84fa94-04c1-424b-9868-57a2d4851a1d" />
    <TestEntry testId="89633d51-0a7e-1e94-929d-ec9b25c6de3a" executionId="7f7d0bf2-ecc7-4316-9ae6-c54dd592f282" testListId="8c84fa94-04c1-424b-9868-57a2d4851a1d" />
    <TestEntry testId="f680908c-3b4b-7b4d-7066-6e5fce7c0b27" executionId="4b7f6072-4c75-40c5-ae82-b66a3d79021e" testListId="8c84fa94-04c1-424b-9868-57a2d4851a1d" />
    <TestEntry testId="ac8063fd-ec4b-484a-0383-753253f47780" executionId="b05ac347-5738-41d8-9693-4efdadec492d" testListId="8c84fa94-04c1-424b-9868-57a2d4851a1d" />
    <TestEntry testId="80faadd3-7ee5-fd40-aebd-98e719e96493" executionId="61c54efe-45af-4657-a495-40b0ab93adab" testListId="8c84fa94-04c1-424b-9868-57a2d4851a1d" />
    <TestEntry testId="5b38455f-575a-f0bf-1374-9f24005465f7" executionId="851d20f9-a7bc-432a-b2cb-eea51efc1bc0" testListId="8c84fa94-04c1-424b-9868-57a2d4851a1d" />
    <TestEntry testId="c122d3c0-e65a-97bc-0031-9b0adfb0a20b" executionId="43ed0c11-13ed-44f1-ae67-99d175e0985d" testListId="8c84fa94-04c1-424b-9868-57a2d4851a1d" />
    <TestEntry testId="21153cd2-a7a5-1184-78bc-9992e32899dd" executionId="efed23a9-407b-476b-8bd0-f22f39208e22" testListId="8c84fa94-04c1-424b-9868-57a2d4851a1d" />
    <TestEntry testId="02b778e1-2711-1e32-4739-47c0e9b81d4d" executionId="5d80a53b-ed41-4333-894b-41a9bcdb162e" testListId="8c84fa94-04c1-424b-9868-57a2d4851a1d" />
    <TestEntry testId="08b3ace1-45f6-6e1d-2bc1-52f8ecd0e63e" executionId="d323906d-d175-400d-9c49-f5beef8a07c9" testListId="8c84fa94-04c1-424b-9868-57a2d4851a1d" />
    <TestEntry testId="37b7b1e5-9323-fb29-1885-37b5c9283b82" executionId="57bb9b6e-2d58-42fd-8792-e3d099c31477" testListId="8c84fa94-04c1-424b-9868-57a2d4851a1d" />
    <TestEntry testId="e0dfd89d-a08f-8cca-2e86-69c3531c6abb" executionId="ceb338b2-3bc8-430d-b002-fc8fa50114b2" testListId="8c84fa94-04c1-424b-9868-57a2d4851a1d" />
    <TestEntry testId="d2bdec8a-ca9e-7ce3-8f9b-b4cc3a8ec042" executionId="e37f7d93-aeca-43c8-8578-e86a2442ecde" testListId="8c84fa94-04c1-424b-9868-57a2d4851a1d" />
    <TestEntry testId="e9871a8e-a7b1-7767-3712-747754e9915c" executionId="7d3f8475-ab9c-4352-bcd5-04a669ad9462" testListId="8c84fa94-04c1-424b-9868-57a2d4851a1d" />
    <TestEntry testId="c8fac7fa-4b08-7ff4-1155-d669516586fe" executionId="8f852e24-3e60-4141-8153-d48a1d5282f2" testListId="8c84fa94-04c1-424b-9868-57a2d4851a1d" />
    <TestEntry testId="776120a9-8caa-dd82-0111-de02703fa844" executionId="ed61cdc3-263f-4fff-a152-73a3807a70d2" testListId="8c84fa94-04c1-424b-9868-57a2d4851a1d" />
    <TestEntry testId="7e087806-67ee-93e5-99ce-89aefdf33c63" executionId="dea1b9c5-3b59-46b3-bfc9-25e3117abd60" testListId="8c84fa94-04c1-424b-9868-57a2d4851a1d" />
    <TestEntry testId="6d978bab-aad4-7287-6436-c0f917b175ca" executionId="4370896f-e57c-43fe-a863-e931f0da5a86" testListId="8c84fa94-04c1-424b-9868-57a2d4851a1d" />
    <TestEntry testId="1f86583b-e772-053b-5dde-1a3c6a164dcd" executionId="a79a2387-0ecd-4ff3-bab9-7319efbe6335" testListId="8c84fa94-04c1-424b-9868-57a2d4851a1d" />
    <TestEntry testId="c6fc9995-4feb-7741-7b1f-15f47389f965" executionId="364efa84-fea1-4f85-82c2-a7ac4a72b24b" testListId="8c84fa94-04c1-424b-9868-57a2d4851a1d" />
    <TestEntry testId="0c50efac-b8b6-9fec-2121-593589ddcef1" executionId="7a2bc53d-0d80-4dd4-97b1-f5b154925257" testListId="8c84fa94-04c1-424b-9868-57a2d4851a1d" />
    <TestEntry testId="4c079a3c-32b1-18a2-0888-498e65e1e695" executionId="a1b84856-5e47-4ce2-8ec7-7b063c6a8905" testListId="8c84fa94-04c1-424b-9868-57a2d4851a1d" />
    <TestEntry testId="f710e014-90ce-d71f-9c5f-5c71e6c4af0c" executionId="f2baa6c5-b183-4da4-8f74-332de2b20d9b" testListId="8c84fa94-04c1-424b-9868-57a2d4851a1d" />
    <TestEntry testId="b3aaeac2-8a8e-15b7-f149-450ef9d8d467" executionId="b2408833-f8dc-4ce4-9a94-6c1e09b01001" testListId="8c84fa94-04c1-424b-9868-57a2d4851a1d" />
    <TestEntry testId="56b52fe7-501e-5059-ffb3-616a27cb0414" executionId="afd1de4b-8f0e-491c-ac46-4ec570c6b0e3" testListId="8c84fa94-04c1-424b-9868-57a2d4851a1d" />
    <TestEntry testId="98f27d45-2a93-357a-deeb-cbe956e4dc11" executionId="887b3b45-9448-4748-bb1e-0ec5a159aaec" testListId="8c84fa94-04c1-424b-9868-57a2d4851a1d" />
    <TestEntry testId="b1b5a4b2-ef61-9282-6663-5d7233efeaab" executionId="74491d66-06b7-42b1-a6a2-ce218d09d043" testListId="8c84fa94-04c1-424b-9868-57a2d4851a1d" />
    <TestEntry testId="233a6bed-ae00-b023-a337-828767e08ee8" executionId="d8809477-3f54-4acb-b5b6-373530c61d9f" testListId="8c84fa94-04c1-424b-9868-57a2d4851a1d" />
    <TestEntry testId="63624589-6e81-4374-c68c-608870ab2423" executionId="70c5aaae-2b5b-4555-9417-cbbec65c986c" testListId="8c84fa94-04c1-424b-9868-57a2d4851a1d" />
    <TestEntry testId="78a6f3bc-f69b-adde-fc5c-c831994f27cb" executionId="87a05cc5-2701-409d-94b3-c4d2b78cb2c1" testListId="8c84fa94-04c1-424b-9868-57a2d4851a1d" />
    <TestEntry testId="6bd74aa1-066e-7f55-8ec9-3c760d2fdfa7" executionId="98da7ec9-6d64-4aad-9a66-43751708e2b9" testListId="8c84fa94-04c1-424b-9868-57a2d4851a1d" />
    <TestEntry testId="61320e3d-b3bf-23f6-1c7c-0aea9f2fda01" executionId="2bd0f7b1-b453-4f6e-8ed4-deeae13437af" testListId="8c84fa94-04c1-424b-9868-57a2d4851a1d" />
    <TestEntry testId="63ba4f35-3e85-1d5a-7e8f-eadf238adc6d" executionId="d24008c1-d3b1-427d-b222-14feb7fbe066" testListId="8c84fa94-04c1-424b-9868-57a2d4851a1d" />
    <TestEntry testId="343a30d3-1c98-4af1-2d1b-916bd3f172bd" executionId="53cd8f6d-8981-4402-ab70-4638acd8bb21" testListId="8c84fa94-04c1-424b-9868-57a2d4851a1d" />
    <TestEntry testId="de275d14-569b-3727-dc66-e87b528f415d" executionId="1b3a4b0d-b35d-4205-920d-2c583e8a7bd6" testListId="8c84fa94-04c1-424b-9868-57a2d4851a1d" />
    <TestEntry testId="a2a3a958-6508-e929-6708-500cc4e3cc3a" executionId="eb2eddb9-bd6b-491f-ab89-1f7962f3bc88" testListId="8c84fa94-04c1-424b-9868-57a2d4851a1d" />
    <TestEntry testId="aa1fb81d-7b98-7b44-90a1-fd0ecea840da" executionId="72121d27-5c3c-475f-a1f3-a355e532674a" testListId="8c84fa94-04c1-424b-9868-57a2d4851a1d" />
    <TestEntry testId="b89a6798-9691-5fa5-5f0c-53d6c5a0e9aa" executionId="02a67831-072c-423d-9e9a-6cdc1350dee3" testListId="8c84fa94-04c1-424b-9868-57a2d4851a1d" />
    <TestEntry testId="c0a6798f-9e7a-77b0-28d7-c43040f073db" executionId="9e36b05d-01b5-4712-90a8-8b508e571871" testListId="8c84fa94-04c1-424b-9868-57a2d4851a1d" />
    <TestEntry testId="eeeef62f-490f-22e7-a2d2-ec5886a54dce" executionId="bb84fa55-ff85-4bb9-914f-661a03b6d1f3" testListId="8c84fa94-04c1-424b-9868-57a2d4851a1d" />
    <TestEntry testId="3bd81b95-7261-7440-6f9b-0a040682a0f4" executionId="8ae06a25-7311-4024-b3d0-6de8fe692ce8" testListId="8c84fa94-04c1-424b-9868-57a2d4851a1d" />
    <TestEntry testId="91c02083-3eab-8cf1-1555-f235b60671d1" executionId="fce2867e-2d89-4fcd-87a3-56a832f67c08" testListId="8c84fa94-04c1-424b-9868-57a2d4851a1d" />
    <TestEntry testId="772d579c-1f25-0ecf-1421-f86f202fcaa5" executionId="8a480e24-0f48-4bad-ae8d-6bfc2db46295" testListId="8c84fa94-04c1-424b-9868-57a2d4851a1d" />
    <TestEntry testId="ff4c1a2e-8962-452c-b4bc-b163c724e109" executionId="d9119fb0-cede-4b0b-8a9b-f10dd6577f55" testListId="8c84fa94-04c1-424b-9868-57a2d4851a1d" />
    <TestEntry testId="9337e38c-4624-4f1b-786d-f8be59a53622" executionId="b0a52a12-36ea-4370-9fdf-ffcc73e7d385" testListId="8c84fa94-04c1-424b-9868-57a2d4851a1d" />
    <TestEntry testId="361cc772-0d75-885b-698f-f995fb066fc5" executionId="7083c175-8cc2-4ac7-b0bd-e8c79822ff97" testListId="8c84fa94-04c1-424b-9868-57a2d4851a1d" />
    <TestEntry testId="3127eee9-b24b-38fc-7372-b6a7a8378a18" executionId="f80f7cd4-bb6b-4d46-819b-16e03da969e1" testListId="8c84fa94-04c1-424b-9868-57a2d4851a1d" />
    <TestEntry testId="2521704e-7859-65c2-160f-02af43e2aa44" executionId="89fcb8d7-db32-4791-8ed2-216fbb13c48d" testListId="8c84fa94-04c1-424b-9868-57a2d4851a1d" />
    <TestEntry testId="dfb5cf56-cecf-f905-a0de-98205eae9749" executionId="0097e4e1-8b17-42aa-98d7-2405b49af66a" testListId="8c84fa94-04c1-424b-9868-57a2d4851a1d" />
    <TestEntry testId="f63c2d26-77b7-377e-2b59-219fb8f0f7b9" executionId="8caeea44-c832-48e7-a071-3d935784aad1" testListId="8c84fa94-04c1-424b-9868-57a2d4851a1d" />
    <TestEntry testId="78c19542-007c-6e74-a71b-b102247d98de" executionId="7eedbe4a-7590-4354-8899-53d074a1ed6b" testListId="8c84fa94-04c1-424b-9868-57a2d4851a1d" />
    <TestEntry testId="3ff6b5d8-f141-7a2b-08b3-b0a5923ed411" executionId="a3009b90-ea92-461d-a9e1-3a983019ce80" testListId="8c84fa94-04c1-424b-9868-57a2d4851a1d" />
    <TestEntry testId="affa63ad-42e7-9452-c5a5-b0d4d8cb39a1" executionId="cb3c7daa-4fdd-4f97-bfee-2e0986712e8b" testListId="8c84fa94-04c1-424b-9868-57a2d4851a1d" />
    <TestEntry testId="504360c9-285d-3030-32b3-a9a95cfffe51" executionId="35270570-2a49-40d6-9146-47ba5d0fe178" testListId="8c84fa94-04c1-424b-9868-57a2d4851a1d" />
    <TestEntry testId="a00003bd-aa50-3927-aba0-52fe02475d39" executionId="01ea2fbd-c383-444e-a963-9c1b52e32166" testListId="8c84fa94-04c1-424b-9868-57a2d4851a1d" />
    <TestEntry testId="6e9ddeeb-8237-28ab-191f-f32e87858c27" executionId="de77f4cd-30d3-47be-be6d-e0aac598b2f6" testListId="8c84fa94-04c1-424b-9868-57a2d4851a1d" />
    <TestEntry testId="87d4d6f3-e417-2505-d5bd-2afd34871ea6" executionId="366d0d61-2e6c-4d62-9d9a-19459588f9e7" testListId="8c84fa94-04c1-424b-9868-57a2d4851a1d" />
    <TestEntry testId="aad7f35a-646d-e848-06d9-3817cba16168" executionId="138bbb76-34ad-45e4-a911-84538a1feacc" testListId="8c84fa94-04c1-424b-9868-57a2d4851a1d" />
    <TestEntry testId="05f48571-d878-d35c-a36e-2898473abdf2" executionId="9db25fe5-bdf3-454d-be87-665e637d1149" testListId="8c84fa94-04c1-424b-9868-57a2d4851a1d" />
    <TestEntry testId="d7e4860d-7071-2952-a78b-70bcfc57bf72" executionId="4e82345d-f71b-4d7b-acb6-ee49bb167300" testListId="8c84fa94-04c1-424b-9868-57a2d4851a1d" />
    <TestEntry testId="4c20bf32-144e-f991-5a67-7f381a38b0ef" executionId="d97beeb2-e904-42b7-b91d-29fcc85cac42" testListId="8c84fa94-04c1-424b-9868-57a2d4851a1d" />
    <TestEntry testId="7c80c5ff-8206-70cb-2a46-eb970cd4a208" executionId="afe81937-2c76-415d-b7f0-d88ea178ab9b" testListId="8c84fa94-04c1-424b-9868-57a2d4851a1d" />
    <TestEntry testId="454652c1-c285-915f-adae-d89d6726087e" executionId="0039f2a3-8a3e-4061-bd3c-a9950b9f1cd8" testListId="8c84fa94-04c1-424b-9868-57a2d4851a1d" />
    <TestEntry testId="3d5c9967-0460-2f6a-3450-76146b434884" executionId="7031e6a1-92e7-428c-b98a-962b6540b647" testListId="8c84fa94-04c1-424b-9868-57a2d4851a1d" />
    <TestEntry testId="d87bb820-5df8-b7cb-0dc2-a51e231db935" executionId="acd0c8c1-85ed-4472-8822-f77f59de81ca" testListId="8c84fa94-04c1-424b-9868-57a2d4851a1d" />
    <TestEntry testId="a1160efa-2835-5d9d-5525-8de08fe1c5f9" executionId="5dccc30f-c5cf-4aaf-b9b2-ac1a73a6c2ff" testListId="8c84fa94-04c1-424b-9868-57a2d4851a1d" />
    <TestEntry testId="dc2a73b2-537f-23c2-17dd-b62bfff2142a" executionId="b625b67f-6ed3-418d-a920-c3afadc1c0b7" testListId="8c84fa94-04c1-424b-9868-57a2d4851a1d" />
    <TestEntry testId="3204b6d4-271a-3c48-7f1c-1d8f9fa8fb2f" executionId="c6c5563b-d21f-45b4-9eb0-5b28108631d3" testListId="8c84fa94-04c1-424b-9868-57a2d4851a1d" />
    <TestEntry testId="491df381-b5ce-67d7-d550-c29421a6f155" executionId="aa4fd273-560b-48bb-988b-c30791a4e2a1" testListId="8c84fa94-04c1-424b-9868-57a2d4851a1d" />
    <TestEntry testId="ba590efe-de31-f5db-8328-f1cc3382ad35" executionId="e3243dad-9f60-4397-85f1-04e9440df77e" testListId="8c84fa94-04c1-424b-9868-57a2d4851a1d" />
    <TestEntry testId="37275f45-b603-68a0-1bd8-9697e06c83fc" executionId="8665d34e-c602-4b64-992d-aec14a0551e8" testListId="8c84fa94-04c1-424b-9868-57a2d4851a1d" />
    <TestEntry testId="6bf98392-1073-05ae-8e9e-5a0aa6674b1b" executionId="8e78143f-89d5-4235-8d00-54697df7637b" testListId="8c84fa94-04c1-424b-9868-57a2d4851a1d" />
    <TestEntry testId="8901884e-5a64-e2c2-ebd4-9f1033556330" executionId="66e4be2d-1bbe-4f6c-9bd3-77d88d45c0a2" testListId="8c84fa94-04c1-424b-9868-57a2d4851a1d" />
    <TestEntry testId="c92b65c5-6961-9b98-a1f9-2c2587ff0054" executionId="150a54e9-3f3f-4071-8d3b-100ccbe4c915" testListId="8c84fa94-04c1-424b-9868-57a2d4851a1d" />
    <TestEntry testId="d4e99847-3efa-a01b-10b2-9229e2250900" executionId="41f51adf-5945-4921-9874-a9cc88106874" testListId="8c84fa94-04c1-424b-9868-57a2d4851a1d" />
    <TestEntry testId="ecb78db4-fbd8-8b6b-a357-e550309c3c9c" executionId="1c5263b0-9e06-4c03-a68a-a58d9046fe48" testListId="8c84fa94-04c1-424b-9868-57a2d4851a1d" />
    <TestEntry testId="f386bd71-4890-9925-d3d2-7dcbf0b9febe" executionId="2718f352-1d0a-4488-ac2a-6d03b6f672d8" testListId="8c84fa94-04c1-424b-9868-57a2d4851a1d" />
    <TestEntry testId="6dc834ce-7990-c21f-5442-e578c180d56f" executionId="d465798f-e18e-4da5-90ad-fee5d6cfa8f6" testListId="8c84fa94-04c1-424b-9868-57a2d4851a1d" />
    <TestEntry testId="782e99d7-36f7-67c7-e68d-cb6d91a4a048" executionId="05f5d11c-8a4d-4d3b-8083-096a7c0778e3" testListId="8c84fa94-04c1-424b-9868-57a2d4851a1d" />
    <TestEntry testId="a5677ca9-068f-1409-b05b-617b1124d3e3" executionId="83101674-423e-4e73-b01f-948e9f35ae88" testListId="8c84fa94-04c1-424b-9868-57a2d4851a1d" />
    <TestEntry testId="52ea9bfe-1874-02a6-4b0f-ab5154a2f6b0" executionId="318b7135-ea45-4190-a756-25461b66384e" testListId="8c84fa94-04c1-424b-9868-57a2d4851a1d" />
    <TestEntry testId="aad983c5-8e27-f320-9ef1-f25fd06b1fff" executionId="7d6c053c-b78d-49a4-9f83-8f9fb9a8f4ea" testListId="8c84fa94-04c1-424b-9868-57a2d4851a1d" />
    <TestEntry testId="59d09cb9-f05a-ad0a-27b2-ae8fd67c3518" executionId="deca11cf-0f93-4732-a5ca-42b1aae0fa63" testListId="8c84fa94-04c1-424b-9868-57a2d4851a1d" />
    <TestEntry testId="0a4e5b36-6578-df3d-cfd2-3d6ee660820a" executionId="a24b5286-1980-40d5-908f-cb53fec62ad2" testListId="8c84fa94-04c1-424b-9868-57a2d4851a1d" />
    <TestEntry testId="97763cfc-7d38-77f7-1969-32e195ae413f" executionId="5f436d50-226b-4f47-956b-6ed7ed7a72ce" testListId="8c84fa94-04c1-424b-9868-57a2d4851a1d" />
    <TestEntry testId="0a4e5b36-6578-df3d-cfd2-3d6ee660820a" executionId="29fd8443-a2b5-4eed-aaed-ec6148937495" testListId="8c84fa94-04c1-424b-9868-57a2d4851a1d" />
    <TestEntry testId="0a4e5b36-6578-df3d-cfd2-3d6ee660820a" executionId="03919223-02e9-4e96-bad8-f754b0131558" testListId="8c84fa94-04c1-424b-9868-57a2d4851a1d" />
    <TestEntry testId="ee49bb23-cebf-abdf-0b3d-a9f5e1a1dc4f" executionId="79ad972f-a82f-42d5-8d11-026d2ed2e6a3" testListId="8c84fa94-04c1-424b-9868-57a2d4851a1d" />
    <TestEntry testId="eca2f5e0-8a90-6eb5-1db4-f1eb3f5fb4f4" executionId="a5b4d2e1-faab-43b0-9f8c-6c9b972ffb17" testListId="8c84fa94-04c1-424b-9868-57a2d4851a1d" />
    <TestEntry testId="3166ce8a-6864-b5e2-c1c8-2bea9adde082" executionId="11e2e337-466c-44d0-8eda-32ad153dd2a3" testListId="8c84fa94-04c1-424b-9868-57a2d4851a1d" />
    <TestEntry testId="6e48d542-e9b0-81b3-6d86-e61f8dff61ca" executionId="9b0e6c93-a895-4277-8f4a-b92d565f8c55" testListId="8c84fa94-04c1-424b-9868-57a2d4851a1d" />
    <TestEntry testId="b228f7b3-2a35-5ed1-38ba-c95d5b6752e4" executionId="0ebf2d55-a7ed-4f06-af71-64faee88e415" testListId="8c84fa94-04c1-424b-9868-57a2d4851a1d" />
    <TestEntry testId="283f9f13-cb3e-1218-3fcd-08b263d8e990" executionId="3857e95e-e97e-4f1d-bd68-acc195420768" testListId="8c84fa94-04c1-424b-9868-57a2d4851a1d" />
    <TestEntry testId="91442c7a-e900-c7e6-67e7-639e8a44931b" executionId="eb010870-7192-470a-a5f2-6ab25a712f07" testListId="8c84fa94-04c1-424b-9868-57a2d4851a1d" />
    <TestEntry testId="c3862469-efa6-2b47-619c-2ccf15cc9a36" executionId="bbd2d940-115f-424e-9260-285602fd549c" testListId="8c84fa94-04c1-424b-9868-57a2d4851a1d" />
    <TestEntry testId="0a4e5b36-6578-df3d-cfd2-3d6ee660820a" executionId="70c1613a-6c6b-4a0c-8990-7d9727d102ed" testListId="8c84fa94-04c1-424b-9868-57a2d4851a1d" />
    <TestEntry testId="f680908c-3b4b-7b4d-7066-6e5fce7c0b27" executionId="14033997-0a10-4550-9c6a-ed3326facb69" testListId="8c84fa94-04c1-424b-9868-57a2d4851a1d" />
    <TestEntry testId="e6a27a32-2825-5e2a-a774-c78b32a20322" executionId="e5094b75-0910-4b09-8ede-033c4ff26778" testListId="8c84fa94-04c1-424b-9868-57a2d4851a1d" />
    <TestEntry testId="738cbe03-e159-a418-8d3e-aaea3bd6f9f5" executionId="a328f519-f430-4375-bb0c-caacd74b4c94" testListId="8c84fa94-04c1-424b-9868-57a2d4851a1d" />
    <TestEntry testId="89928fee-575e-9986-6b1d-9005971a41e3" executionId="40c90a9d-fa05-499b-ad84-02ba58b7b9f7" testListId="8c84fa94-04c1-424b-9868-57a2d4851a1d" />
    <TestEntry testId="36554cb2-1edf-a642-dc86-4d6ff7ede95e" executionId="2afb085f-ce6e-4c09-84d9-9c8a3c6fc58c" testListId="8c84fa94-04c1-424b-9868-57a2d4851a1d" />
    <TestEntry testId="f5dc02d2-c831-9a51-1ebc-8f8a343ea344" executionId="611d57ff-46ee-4f34-b0f7-b4bd8d328102" testListId="8c84fa94-04c1-424b-9868-57a2d4851a1d" />
    <TestEntry testId="45d1826c-1c27-e38c-1199-81f219410589" executionId="854ddbf9-c4d5-407d-b372-5552e6c1812c" testListId="8c84fa94-04c1-424b-9868-57a2d4851a1d" />
    <TestEntry testId="4ac98c6c-183a-9821-4f8c-c314ab12e456" executionId="094ee9ed-73a1-42ea-9210-9d0619b58154" testListId="8c84fa94-04c1-424b-9868-57a2d4851a1d" />
    <TestEntry testId="5175ef0f-a0f9-284b-e221-701056f8c5c0" executionId="75c70efc-730c-4286-9251-ab3bc8c58cea" testListId="8c84fa94-04c1-424b-9868-57a2d4851a1d" />
    <TestEntry testId="da81eaec-1453-f24c-a30b-9b3f5e23a05c" executionId="69bc7279-e784-4173-85a5-465a83b43081" testListId="8c84fa94-04c1-424b-9868-57a2d4851a1d" />
    <TestEntry testId="4aba77ec-b883-b9a3-2441-be573e48795b" executionId="6ee6c830-3400-401e-b585-2794f17b2813" testListId="8c84fa94-04c1-424b-9868-57a2d4851a1d" />
    <TestEntry testId="007b902b-e17d-c451-d588-1b1be6581913" executionId="b4f24662-1b98-40f7-aa11-3db66b7c6d02" testListId="8c84fa94-04c1-424b-9868-57a2d4851a1d" />
    <TestEntry testId="9b69c053-abc5-671a-966c-e8011ea8926f" executionId="391eb068-9c15-4970-9f3b-6a62151c3bad" testListId="8c84fa94-04c1-424b-9868-57a2d4851a1d" />
    <TestEntry testId="157aad73-8765-1a18-20a7-9dff1712428b" executionId="7fdfe7b4-0cce-4f16-8788-938691fb4cb7" testListId="8c84fa94-04c1-424b-9868-57a2d4851a1d" />
    <TestEntry testId="971ae998-f6f4-2825-fcc4-633419b90bb1" executionId="975c482f-8bcc-4586-8a62-e61e45842a24" testListId="8c84fa94-04c1-424b-9868-57a2d4851a1d" />
    <TestEntry testId="12e3f3e5-87cc-94c2-7b91-aad929301ec9" executionId="4ac3a02c-d045-4f93-aa7f-5d03e244b06d" testListId="8c84fa94-04c1-424b-9868-57a2d4851a1d" />
    <TestEntry testId="709c7513-9237-87e3-38c3-aa85300198a4" executionId="c3f003e3-ae80-4a35-bee3-1eb79caeb421" testListId="8c84fa94-04c1-424b-9868-57a2d4851a1d" />
    <TestEntry testId="90f82d21-92dc-bc32-5511-a2c2549dad1d" executionId="71a21ecf-5a27-4aab-9eb3-6f978a1db5b2" testListId="8c84fa94-04c1-424b-9868-57a2d4851a1d" />
    <TestEntry testId="dd886858-691f-731d-ef45-b4933e1e6cbf" executionId="716cc43f-b261-4253-abda-08c89cebee15" testListId="8c84fa94-04c1-424b-9868-57a2d4851a1d" />
    <TestEntry testId="e56a4d58-0ff2-e6be-cab4-b17c9aa01d74" executionId="50ad9dae-a9a3-48a1-b5fd-25aa37f7a53a" testListId="8c84fa94-04c1-424b-9868-57a2d4851a1d" />
    <TestEntry testId="9d8dbace-9130-7ffd-4719-3c557ceeb743" executionId="ab983ceb-22ed-4c7c-a6b9-85f25eb177e4" testListId="8c84fa94-04c1-424b-9868-57a2d4851a1d" />
    <TestEntry testId="2227d8a1-1292-2ada-1845-295f40381449" executionId="203c2b57-f856-4e18-88d6-1d7a134cf171" testListId="8c84fa94-04c1-424b-9868-57a2d4851a1d" />
    <TestEntry testId="e7d7638f-db70-d29e-fb1f-5160e555e3cc" executionId="024f8a32-5450-4ba9-9e9d-3c963be1b1e7" testListId="8c84fa94-04c1-424b-9868-57a2d4851a1d" />
    <TestEntry testId="858fcac7-e389-8062-ee0a-81085946f8a2" executionId="28dd22bb-f343-4460-8a12-648ed79cb15f" testListId="8c84fa94-04c1-424b-9868-57a2d4851a1d" />
    <TestEntry testId="f8d3c854-1d0a-1d27-f1f9-7cfc35295620" executionId="097c917e-56e2-49bb-919f-efb345672778" testListId="8c84fa94-04c1-424b-9868-57a2d4851a1d" />
    <TestEntry testId="5fe6e33e-4c74-05bc-98e6-058910f0ab96" executionId="dcf3cfa6-fbb8-43cc-ba84-56a213562c75" testListId="8c84fa94-04c1-424b-9868-57a2d4851a1d" />
    <TestEntry testId="3284ea6f-a6ad-01dc-f291-bda78cd8c320" executionId="9cd0b818-9e67-4713-9aa5-0e7a6bc3e4c7" testListId="8c84fa94-04c1-424b-9868-57a2d4851a1d" />
    <TestEntry testId="a7e344e1-2528-5469-f149-8c729b6a9d91" executionId="6d5922cf-612a-4d4a-89f2-5715d6edcc27" testListId="8c84fa94-04c1-424b-9868-57a2d4851a1d" />
    <TestEntry testId="c30ded44-b30e-59c8-d179-eddc682c6ef5" executionId="35ebe93a-8721-4ae8-9ba8-1996a0fc7314" testListId="8c84fa94-04c1-424b-9868-57a2d4851a1d" />
    <TestEntry testId="7e7d56df-e811-fb96-c231-b34d18240573" executionId="bd94b454-2c66-4968-966e-5101755e765e" testListId="8c84fa94-04c1-424b-9868-57a2d4851a1d" />
    <TestEntry testId="55e4f137-ee25-d174-0329-0df4a0a2d62a" executionId="211bbbc3-3573-401f-bd4b-4149844cb4be" testListId="8c84fa94-04c1-424b-9868-57a2d4851a1d" />
    <TestEntry testId="30fe8312-9877-ebd0-79b2-11d30d1e5b58" executionId="79372ac8-1eb0-450b-ae59-630d578da47e" testListId="8c84fa94-04c1-424b-9868-57a2d4851a1d" />
    <TestEntry testId="8f753e63-32d9-0333-cd9b-b93644536674" executionId="d62f6a89-edc4-41a4-bf98-498e62da3e94" testListId="8c84fa94-04c1-424b-9868-57a2d4851a1d" />
    <TestEntry testId="55f2a393-6280-6aa0-15de-d20389e1fd9f" executionId="919f1f7d-91cc-4f63-8c61-acc0227f875a" testListId="8c84fa94-04c1-424b-9868-57a2d4851a1d" />
    <TestEntry testId="bc93f730-cf4f-b2fd-70c0-19446c70f746" executionId="2955b1f3-72c6-478f-ba6e-7bcecbb5c75e" testListId="8c84fa94-04c1-424b-9868-57a2d4851a1d" />
    <TestEntry testId="67ee2264-2350-9541-5091-2e559be75dbe" executionId="bd136728-4910-4bca-ae8d-206a8306e4c5" testListId="8c84fa94-04c1-424b-9868-57a2d4851a1d" />
    <TestEntry testId="6ebc1c3a-7886-6ea1-878f-b64af57e9527" executionId="92278617-ea2c-44d6-b19b-9a857f7187e3" testListId="8c84fa94-04c1-424b-9868-57a2d4851a1d" />
    <TestEntry testId="e2bc20ac-f49d-eabf-edc0-8474eb6a4a1c" executionId="c030583b-50d2-4a77-b70b-0a6c59391b61" testListId="8c84fa94-04c1-424b-9868-57a2d4851a1d" />
    <TestEntry testId="a2a193f8-3456-c024-ce2d-2ecfa84a29fd" executionId="783f560d-2502-4f77-ad3f-5e3f4e895054" testListId="8c84fa94-04c1-424b-9868-57a2d4851a1d" />
    <TestEntry testId="e0397ba9-9217-2c04-c95a-ff9b50a208f5" executionId="55caa678-6b1c-4083-b813-35133dfadd9f" testListId="8c84fa94-04c1-424b-9868-57a2d4851a1d" />
    <TestEntry testId="ca442d25-1d56-7ce4-2a08-3c581c8826e1" executionId="39fe566b-e0fa-4d01-8a1f-13723bda03f1" testListId="8c84fa94-04c1-424b-9868-57a2d4851a1d" />
    <TestEntry testId="29c77f9c-4048-1470-9159-cedbe420b5fd" executionId="7065fb15-e85c-4799-8ab7-4524233e737b" testListId="8c84fa94-04c1-424b-9868-57a2d4851a1d" />
    <TestEntry testId="c9640990-b6c9-dafb-a909-cdccd9fc41e7" executionId="6f58aff0-9cf6-4ab5-a6bc-0d238bdc24d4" testListId="8c84fa94-04c1-424b-9868-57a2d4851a1d" />
    <TestEntry testId="53bc71ef-c08f-8372-fdf8-0535984f2d5b" executionId="40ab8601-952b-4df0-a10a-c279be1fe394" testListId="8c84fa94-04c1-424b-9868-57a2d4851a1d" />
    <TestEntry testId="f680908c-3b4b-7b4d-7066-6e5fce7c0b27" executionId="c311625b-c55e-475a-abb1-ff0b8d178e92" testListId="8c84fa94-04c1-424b-9868-57a2d4851a1d" />
    <TestEntry testId="1038d0a8-74b6-4dd8-b766-1b08a5e0b707" executionId="015f06b8-f68d-4df5-826e-40ca80029f46" testListId="8c84fa94-04c1-424b-9868-57a2d4851a1d" />
    <TestEntry testId="ea6b211e-3258-7db9-8b82-11e88b9536ce" executionId="916b0c6e-1782-4b36-be3f-f6e4a4a1c9b7" testListId="8c84fa94-04c1-424b-9868-57a2d4851a1d" />
    <TestEntry testId="a28e9689-4e5e-848d-448b-9fc289af2ecb" executionId="06f2391d-7e1f-4c0b-8f28-0d7783d5b6c3" testListId="8c84fa94-04c1-424b-9868-57a2d4851a1d" />
    <TestEntry testId="4008f5fb-3189-e45e-5cbf-2d8d6943a733" executionId="c9ca02be-ff47-4c9b-ba6f-02e08d8ed4fc" testListId="8c84fa94-04c1-424b-9868-57a2d4851a1d" />
    <TestEntry testId="fbf1e532-d446-55e3-818a-b4fc676cabf8" executionId="a3b6638d-b43a-4d69-b9a9-a01df920b0fe" testListId="8c84fa94-04c1-424b-9868-57a2d4851a1d" />
    <TestEntry testId="317e86cb-de5d-7ed1-da85-650314a8d400" executionId="b48b32e1-7e32-41ed-81b6-0ab8dd39eca0" testListId="8c84fa94-04c1-424b-9868-57a2d4851a1d" />
    <TestEntry testId="dd8d755a-3eba-5a94-2039-0ce20505a681" executionId="3675518d-a7c8-4b3a-9968-99c3aa746823" testListId="8c84fa94-04c1-424b-9868-57a2d4851a1d" />
    <TestEntry testId="54f7979c-7440-2cc5-5665-679c43abe566" executionId="9c0f1352-9237-4b0b-8bbb-e5befc60ecbd" testListId="8c84fa94-04c1-424b-9868-57a2d4851a1d" />
    <TestEntry testId="354575f3-258a-a333-c17e-93eec2bc0cc7" executionId="01b5e78a-42f3-4b28-bb7d-ae1ec9e0d667" testListId="8c84fa94-04c1-424b-9868-57a2d4851a1d" />
    <TestEntry testId="ede7971d-d588-349a-0279-c271f7ada06e" executionId="d3e31701-a28d-4c2f-b450-fbc1c258765a" testListId="8c84fa94-04c1-424b-9868-57a2d4851a1d" />
    <TestEntry testId="68273da4-d8f3-7604-23b1-9e7df4a52b5c" executionId="08b845fa-cb4c-49fa-a96a-8cc01e3a0074" testListId="8c84fa94-04c1-424b-9868-57a2d4851a1d" />
    <TestEntry testId="e5776fdb-2ce3-71cf-fd30-74705513040a" executionId="7eab1e35-08db-4b2d-bd5e-8dc6ec735de8" testListId="8c84fa94-04c1-424b-9868-57a2d4851a1d" />
    <TestEntry testId="d4287150-22c1-db59-46c8-b3a46f9472fc" executionId="5af32fac-d2ca-422d-b93c-2d4a1c568ae1" testListId="8c84fa94-04c1-424b-9868-57a2d4851a1d" />
    <TestEntry testId="a6e357f5-5043-640f-dc7b-7f6d8536f9c8" executionId="d9c7d2a0-9067-4cda-b3ad-a5ee77246369" testListId="8c84fa94-04c1-424b-9868-57a2d4851a1d" />
    <TestEntry testId="a86403c6-a793-aab2-0ab7-ce467563d7d6" executionId="27ae024c-36ff-4339-8658-e5a85640bb3a" testListId="8c84fa94-04c1-424b-9868-57a2d4851a1d" />
    <TestEntry testId="65ef895f-879d-2d2d-7aa0-966d606f5376" executionId="8ece4c09-aaa2-472a-bd54-31d359fa0f6a" testListId="8c84fa94-04c1-424b-9868-57a2d4851a1d" />
    <TestEntry testId="c3441c18-6d91-a3fc-0eb6-245d76a8e060" executionId="a807abaa-f64f-49ef-ba30-c6b321dd4830" testListId="8c84fa94-04c1-424b-9868-57a2d4851a1d" />
    <TestEntry testId="2833457c-1856-8c1e-4496-190a417e49d0" executionId="55bc0699-b541-43a2-93d9-81b22a952998" testListId="8c84fa94-04c1-424b-9868-57a2d4851a1d" />
    <TestEntry testId="20b83e96-bb0c-eaa7-3f17-8420c76ddd7b" executionId="42ec6655-83d8-415a-947e-3ef88304396e" testListId="8c84fa94-04c1-424b-9868-57a2d4851a1d" />
    <TestEntry testId="cadbf7d4-d58e-eeac-6faf-7c00f5bba9ec" executionId="b3346554-c555-4f03-82d5-de2ed41acf67" testListId="8c84fa94-04c1-424b-9868-57a2d4851a1d" />
    <TestEntry testId="e998f77e-77b2-7e10-d8db-3813eb8031aa" executionId="5078b385-f47b-477c-91dc-b4b86d61ed07" testListId="8c84fa94-04c1-424b-9868-57a2d4851a1d" />
    <TestEntry testId="079450ee-9c67-b58c-8699-2a3c056c36d2" executionId="9c01c61c-a592-4e3c-a43c-330237f1ac43" testListId="8c84fa94-04c1-424b-9868-57a2d4851a1d" />
    <TestEntry testId="80e1e452-82cf-b088-db40-d28f7d32c62d" executionId="32363ee3-0666-4c57-b4a3-14919c7bc0fa" testListId="8c84fa94-04c1-424b-9868-57a2d4851a1d" />
    <TestEntry testId="0888e3f9-abd4-4799-6395-fe5ed75b869d" executionId="ab49e9dd-a5f3-45da-8bb9-f28950be29cf" testListId="8c84fa94-04c1-424b-9868-57a2d4851a1d" />
    <TestEntry testId="a3df582b-9242-8550-dbc2-e8cf5432b6b2" executionId="6c17bbd9-b1b8-4831-a123-8fa984c21e74" testListId="8c84fa94-04c1-424b-9868-57a2d4851a1d" />
    <TestEntry testId="bd985866-6108-57f7-ecf5-4c4e6d1eb163" executionId="fe5edeae-f37f-4d20-8bdd-4e48c318f199" testListId="8c84fa94-04c1-424b-9868-57a2d4851a1d" />
    <TestEntry testId="c38b7f29-0890-e425-1d35-d7b906d89816" executionId="2424297f-5ebd-4114-a207-0f229f7b2d3b" testListId="8c84fa94-04c1-424b-9868-57a2d4851a1d" />
    <TestEntry testId="31863e20-a64d-0b66-e341-1da2a444bd4d" executionId="39c7afb1-4b68-462c-b9cd-c0ce7388a38d" testListId="8c84fa94-04c1-424b-9868-57a2d4851a1d" />
    <TestEntry testId="ed8ce939-1ecb-5339-ef24-908cae52144a" executionId="dca48d5a-08bd-4022-92b4-8dafd48c129a" testListId="8c84fa94-04c1-424b-9868-57a2d4851a1d" />
    <TestEntry testId="f6513c15-778f-06ab-2b80-8faa11f30046" executionId="df2adcdc-dd3e-4131-9ad5-c385bdb9edc6" testListId="8c84fa94-04c1-424b-9868-57a2d4851a1d" />
    <TestEntry testId="d8b2b973-4ac7-3ca5-0bd3-f1fc5da91e4d" executionId="174d3c74-a6d6-459b-af43-f5d8cd136b2a" testListId="8c84fa94-04c1-424b-9868-57a2d4851a1d" />
    <TestEntry testId="00ac5168-01a9-aa78-532b-b6d6c419a156" executionId="433c8792-5463-4698-83c5-e4c38af4fb34" testListId="8c84fa94-04c1-424b-9868-57a2d4851a1d" />
    <TestEntry testId="0ce35179-5c3e-8d99-982b-1a911192d0c8" executionId="829b9ac2-9c88-4300-9299-5657f9269b5e" testListId="8c84fa94-04c1-424b-9868-57a2d4851a1d" />
    <TestEntry testId="1b215d44-dc60-3855-41b7-391caaf25646" executionId="8f43831b-afbc-4793-822b-4ac7eda366aa" testListId="8c84fa94-04c1-424b-9868-57a2d4851a1d" />
    <TestEntry testId="1d64d188-2f85-c3c0-9756-83b6a2cd8474" executionId="637311f8-19db-408c-b3c4-6fac67ce2f1f" testListId="8c84fa94-04c1-424b-9868-57a2d4851a1d" />
    <TestEntry testId="b5ee2c9c-1f7c-6f06-e4ae-c68c87fb3f67" executionId="54958847-e665-4c5b-aaf1-d58360d8f256" testListId="8c84fa94-04c1-424b-9868-57a2d4851a1d" />
    <TestEntry testId="63e96068-9f53-27fa-ddcd-94b9c2880dd5" executionId="5f9cbb2f-9a47-4f70-a65d-335bc9c2728b" testListId="8c84fa94-04c1-424b-9868-57a2d4851a1d" />
    <TestEntry testId="9e54b2cc-1227-f4b9-99d1-ff15db1cd685" executionId="273fba4b-8a78-47ac-8f70-f7f6ed65c3c7" testListId="8c84fa94-04c1-424b-9868-57a2d4851a1d" />
    <TestEntry testId="ad2137f8-da12-9879-f4e4-b1576d0429b7" executionId="11a45418-b8e1-47a8-93e9-efba0c9a6cd6" testListId="8c84fa94-04c1-424b-9868-57a2d4851a1d" />
    <TestEntry testId="3dd17c2d-4aaa-fdf7-41d3-a00ff3aff086" executionId="684f269c-2ce6-4586-bc19-2e36bdc66e82" testListId="8c84fa94-04c1-424b-9868-57a2d4851a1d" />
    <TestEntry testId="2716e864-2686-b94f-0317-399f0994a985" executionId="2e43717a-fa5a-4c44-9463-e33717bf2552" testListId="8c84fa94-04c1-424b-9868-57a2d4851a1d" />
    <TestEntry testId="e91df096-2318-b52c-fe1f-08261834359a" executionId="8299e398-b53f-48e5-82cc-6a3880298b4d" testListId="8c84fa94-04c1-424b-9868-57a2d4851a1d" />
    <TestEntry testId="8baf1177-ddd8-e709-9da7-68dded36199a" executionId="41d2d801-7472-4bf7-a666-79ce970c221e" testListId="8c84fa94-04c1-424b-9868-57a2d4851a1d" />
    <TestEntry testId="8893b278-aa55-a685-d169-59d2e6a2a2db" executionId="6133187d-cb15-43f4-9117-718b061104ac" testListId="8c84fa94-04c1-424b-9868-57a2d4851a1d" />
    <TestEntry testId="0de77785-462a-9bb1-5b6c-6230796bd88d" executionId="8fffa929-841a-476b-9aaf-286002d304b2" testListId="8c84fa94-04c1-424b-9868-57a2d4851a1d" />
    <TestEntry testId="d88de873-7cef-0143-495e-05b7d2b41757" executionId="eec270c2-5900-434e-ba59-fb9fbe318b82" testListId="8c84fa94-04c1-424b-9868-57a2d4851a1d" />
    <TestEntry testId="e5b3b709-ebd8-5410-dfc8-207021a3b5a1" executionId="7f491eda-74a5-4702-97c5-609f48c983d9" testListId="8c84fa94-04c1-424b-9868-57a2d4851a1d" />
    <TestEntry testId="0910d3e9-c4fa-4b0a-4db0-a2f6efd079c5" executionId="0813b52c-ff16-499b-b522-711de1079c0c" testListId="8c84fa94-04c1-424b-9868-57a2d4851a1d" />
    <TestEntry testId="dff598f9-366f-62da-9c71-d860a04dd5cd" executionId="0430c292-7817-4c22-8a97-d22ab2c7af69" testListId="8c84fa94-04c1-424b-9868-57a2d4851a1d" />
    <TestEntry testId="9a284a1d-156e-907f-d45e-bf23dce7a8b2" executionId="4c4567a7-b983-42ad-b93c-df53dbc3c111" testListId="8c84fa94-04c1-424b-9868-57a2d4851a1d" />
    <TestEntry testId="15dcfbd5-f39d-5642-bf0e-0d9eb38e85f1" executionId="a6fe1776-ecc1-4f63-9b02-177aa6bb4751" testListId="8c84fa94-04c1-424b-9868-57a2d4851a1d" />
    <TestEntry testId="e998f77e-77b2-7e10-d8db-3813eb8031aa" executionId="e74ce652-df59-44e5-8b1e-9ce5f74198b0" testListId="8c84fa94-04c1-424b-9868-57a2d4851a1d" />
    <TestEntry testId="337537ae-5ca8-61cb-549e-269d84719921" executionId="51be9cbc-abbb-40de-ad28-6bd78e506412" testListId="8c84fa94-04c1-424b-9868-57a2d4851a1d" />
    <TestEntry testId="611c2ae8-85c7-442b-a5ec-d38ddebdb9be" executionId="be46993f-d30e-4be0-9c0a-a00b28029168" testListId="8c84fa94-04c1-424b-9868-57a2d4851a1d" />
    <TestEntry testId="d47eb9ec-3b5d-0e31-8fe7-d1a0340bf1c0" executionId="72e1ac5a-6e26-4ee7-8d8d-d9dd538494ce" testListId="8c84fa94-04c1-424b-9868-57a2d4851a1d" />
    <TestEntry testId="c6c12d45-27fb-4bdb-9c70-a3598bb5e949" executionId="59b3d9df-ae4c-4c30-8696-d0deb4db22c0" testListId="8c84fa94-04c1-424b-9868-57a2d4851a1d" />
    <TestEntry testId="b747edf0-9262-f0c5-aca1-78a34402aa92" executionId="3c917577-0cc5-4a1d-aa6b-763dbf169d07" testListId="8c84fa94-04c1-424b-9868-57a2d4851a1d" />
    <TestEntry testId="cbb16c95-d728-15c5-f7f7-7aec1e98ffde" executionId="d64621ed-bbb0-4b39-b9ac-0e409363c123" testListId="8c84fa94-04c1-424b-9868-57a2d4851a1d" />
    <TestEntry testId="fe7cc80a-38c0-8f78-ba29-abacfcc11533" executionId="65001304-ffcb-41bc-99e9-92b466fc839c" testListId="8c84fa94-04c1-424b-9868-57a2d4851a1d" />
    <TestEntry testId="4fb4182c-2a3f-97bb-507b-d3ceb3937b43" executionId="e976e1b4-43a3-4b9b-82bc-11990a8b89e1" testListId="8c84fa94-04c1-424b-9868-57a2d4851a1d" />
    <TestEntry testId="bbcf692c-7333-592c-a07e-45efe599945b" executionId="69ad6a55-9786-4782-9d05-325d3054669a" testListId="8c84fa94-04c1-424b-9868-57a2d4851a1d" />
    <TestEntry testId="d77e07f4-f850-753d-8f8c-2c87b60f7fa6" executionId="3cb8c8cd-b5f0-4d97-b689-faa178571b98" testListId="8c84fa94-04c1-424b-9868-57a2d4851a1d" />
    <TestEntry testId="3a461286-4d9a-bb6f-bf27-81b491059d6a" executionId="4b16cf5b-a209-4ef3-986f-50e4a16b16cf" testListId="8c84fa94-04c1-424b-9868-57a2d4851a1d" />
    <TestEntry testId="7e58be8f-9941-69cb-e59f-eb5323ed9f2d" executionId="75bc80fa-3a58-472c-99d9-8fbe8243d000" testListId="8c84fa94-04c1-424b-9868-57a2d4851a1d" />
    <TestEntry testId="a03d49df-0221-3c4c-4d83-361bfb025c76" executionId="eb6be79b-c1c5-400b-8f84-3bae4375eab4" testListId="8c84fa94-04c1-424b-9868-57a2d4851a1d" />
    <TestEntry testId="c179356e-fb95-bde9-7e42-099773116f5f" executionId="1948088d-b668-42fc-b623-139285e3ecf9" testListId="8c84fa94-04c1-424b-9868-57a2d4851a1d" />
    <TestEntry testId="af1a0be1-93c9-d922-1b83-a62e257edad1" executionId="3ca1e2a9-797a-40ae-9517-0e6a1bf2173e" testListId="8c84fa94-04c1-424b-9868-57a2d4851a1d" />
    <TestEntry testId="2f70380e-1d07-1023-936c-dd584dd81a70" executionId="c41ff3b8-514d-4b64-98d1-c1b7e4e943b1" testListId="8c84fa94-04c1-424b-9868-57a2d4851a1d" />
    <TestEntry testId="3e265c80-d18d-ffa2-733c-86a2e1bcbc61" executionId="e16226a8-691b-41b1-a88a-ff85ec69b8c3" testListId="8c84fa94-04c1-424b-9868-57a2d4851a1d" />
    <TestEntry testId="e310b5f1-c455-40bf-82e5-d008ba1db855" executionId="b07eca96-1804-4740-9982-1fec513d3747" testListId="8c84fa94-04c1-424b-9868-57a2d4851a1d" />
    <TestEntry testId="c3f29bf2-4c11-11c6-eb66-4e32acc46d8c" executionId="f70a636e-b029-4f75-942f-fccca61e734f" testListId="8c84fa94-04c1-424b-9868-57a2d4851a1d" />
    <TestEntry testId="efa5f5d5-e246-d31e-90ae-ee25a83e9147" executionId="4b680c1a-f0b6-4c5f-90b6-399b9d38e33c" testListId="8c84fa94-04c1-424b-9868-57a2d4851a1d" />
    <TestEntry testId="00898047-0053-d119-5ff1-919a14dc0313" executionId="0be9ca3f-6f53-4f42-b413-e34b423415b3" testListId="8c84fa94-04c1-424b-9868-57a2d4851a1d" />
    <TestEntry testId="670e500e-5c39-dd47-a9de-bf38c3c1554c" executionId="15593e0b-06d6-4b5e-a148-48ec21a46ee5" testListId="8c84fa94-04c1-424b-9868-57a2d4851a1d" />
    <TestEntry testId="831c9d38-b235-c32d-79f4-dc554e18bb06" executionId="98bacd9e-3b42-44b9-b562-ca23a2fa8d47" testListId="8c84fa94-04c1-424b-9868-57a2d4851a1d" />
    <TestEntry testId="ac8d1b70-d786-34c4-5f08-7e56322f2a79" executionId="33e55ba0-e1d7-4bcb-9eda-256fbde9a572" testListId="8c84fa94-04c1-424b-9868-57a2d4851a1d" />
    <TestEntry testId="a181eeb7-1c31-8890-a7e0-69f2adb601a4" executionId="de098b94-369d-4e89-94de-51660f5bcc8f" testListId="8c84fa94-04c1-424b-9868-57a2d4851a1d" />
    <TestEntry testId="4f0f0f05-4e54-c98a-97cd-1164c4d7679e" executionId="7b5e399d-06db-4015-84e9-45e4e9b16252" testListId="8c84fa94-04c1-424b-9868-57a2d4851a1d" />
    <TestEntry testId="e591cb66-07e5-1b9d-9e29-d469d485e69c" executionId="a1849782-b398-434b-bda0-52af7b5cd18c" testListId="8c84fa94-04c1-424b-9868-57a2d4851a1d" />
    <TestEntry testId="780b91d2-0044-d042-dc26-f60de2f5b427" executionId="ead54b2b-7e08-4bcd-a539-2b1ea891cf24" testListId="8c84fa94-04c1-424b-9868-57a2d4851a1d" />
    <TestEntry testId="17f82cf7-4d92-18c7-4ec3-228bc2e9056a" executionId="6f7073b8-aba8-4e95-92a8-465de48f810c" testListId="8c84fa94-04c1-424b-9868-57a2d4851a1d" />
    <TestEntry testId="47224733-ad21-5fec-3afd-19ad43870d88" executionId="f4e8dbb2-9c44-4e4d-b641-32e2bc5001b4" testListId="8c84fa94-04c1-424b-9868-57a2d4851a1d" />
    <TestEntry testId="99ee5135-30d5-eb69-226f-d05fc552bf85" executionId="56a72563-6887-4bf9-a892-9a867f2c513e" testListId="8c84fa94-04c1-424b-9868-57a2d4851a1d" />
    <TestEntry testId="63135864-bbed-7d2f-1686-fca6f6a9f030" executionId="c99ea267-33c6-4537-9e86-f076026877d3" testListId="8c84fa94-04c1-424b-9868-57a2d4851a1d" />
    <TestEntry testId="e7e63149-c015-7b5a-f774-f0bcac9b808e" executionId="314fe41d-85b2-478c-a2d6-5199a9515f7e" testListId="8c84fa94-04c1-424b-9868-57a2d4851a1d" />
    <TestEntry testId="ef4e21c0-7da5-c60c-260f-ced0773f5f69" executionId="f2e6985d-bddd-48d9-b6a3-efabcefbe99a" testListId="8c84fa94-04c1-424b-9868-57a2d4851a1d" />
    <TestEntry testId="2f07bb8b-cd50-f2c2-1839-7178b31bc8e9" executionId="d58b17c7-bcd7-4281-a3a0-35306c1aab15" testListId="8c84fa94-04c1-424b-9868-57a2d4851a1d" />
    <TestEntry testId="cd58fbcf-a8ec-7be0-672d-3675d644b67c" executionId="b7cdd2f8-6a49-4a60-a6f5-dff42b4a43fd" testListId="8c84fa94-04c1-424b-9868-57a2d4851a1d" />
    <TestEntry testId="27433e55-5768-6c79-0b23-c4648c647a81" executionId="753ec863-9e5e-4cad-a44c-5af7713dd918" testListId="8c84fa94-04c1-424b-9868-57a2d4851a1d" />
    <TestEntry testId="a8208005-f5a7-973c-33f3-44102c0d608d" executionId="0011f0da-56a3-4766-bfc3-7634c2dba74d" testListId="8c84fa94-04c1-424b-9868-57a2d4851a1d" />
    <TestEntry testId="b45956e1-d5fa-0cc5-9bb7-ea079e1e5f1e" executionId="35e38314-13ca-4ede-8721-673990492c9d" testListId="8c84fa94-04c1-424b-9868-57a2d4851a1d" />
    <TestEntry testId="db35590a-caad-391c-4e81-fbc7dc664cab" executionId="ffc1e874-aca2-47d7-9258-fcc7c52f0223" testListId="8c84fa94-04c1-424b-9868-57a2d4851a1d" />
    <TestEntry testId="ca24c09d-a214-cd57-9506-eb63722a25cc" executionId="aedd8469-3a7d-4c6c-b001-ca1604580f9e" testListId="8c84fa94-04c1-424b-9868-57a2d4851a1d" />
    <TestEntry testId="4bc203d8-dd85-c0c7-a002-24dc9564ca84" executionId="805a3d70-e880-4fcf-a862-686071f5b540" testListId="8c84fa94-04c1-424b-9868-57a2d4851a1d" />
    <TestEntry testId="cc634d85-ac00-a639-0e52-434691164702" executionId="861c98a6-1e95-445c-96c9-afc40bd9745f" testListId="8c84fa94-04c1-424b-9868-57a2d4851a1d" />
    <TestEntry testId="593594fc-46c9-b9c0-d561-0e066e80633b" executionId="3d207612-70b4-4683-bf17-85955f0b1230" testListId="8c84fa94-04c1-424b-9868-57a2d4851a1d" />
    <TestEntry testId="6c5f61a4-ad87-32db-d53b-dc288f4c0d0f" executionId="b879bac2-2b5a-4e77-a4ff-fd7f4d571399" testListId="8c84fa94-04c1-424b-9868-57a2d4851a1d" />
    <TestEntry testId="737570f7-4183-1643-93e9-5894a6ee837f" executionId="37de04c2-d8de-4cef-a113-0d924c5d908f" testListId="8c84fa94-04c1-424b-9868-57a2d4851a1d" />
    <TestEntry testId="aae708ca-94a3-f452-ba7c-adc8143fc2ae" executionId="22d42dbd-bd84-4bff-84c8-a356b8b2439d" testListId="8c84fa94-04c1-424b-9868-57a2d4851a1d" />
    <TestEntry testId="61c2e857-2ecc-1265-1a6e-d3f3e6eddf31" executionId="a96ddcea-2b74-4316-a5ab-6b7bc19d5f2c" testListId="8c84fa94-04c1-424b-9868-57a2d4851a1d" />
    <TestEntry testId="54fe689a-094b-c2b1-eff8-7a88071b8275" executionId="911fb462-2d93-4b33-ba28-2895aedb8ae2" testListId="8c84fa94-04c1-424b-9868-57a2d4851a1d" />
    <TestEntry testId="4fbe1405-2b3d-d3ff-a663-0a6e5d9aa972" executionId="26e38819-5dda-438f-900f-ba5404e1888e" testListId="8c84fa94-04c1-424b-9868-57a2d4851a1d" />
    <TestEntry testId="18372786-9c22-e3d6-04ef-6b4e808d181a" executionId="e693c92d-d7e9-4960-b826-460f25146272" testListId="8c84fa94-04c1-424b-9868-57a2d4851a1d" />
    <TestEntry testId="1828ecd5-bb3e-6d98-809c-f913ae167b2a" executionId="3bf31237-39a4-415f-a89f-c2b9ef7a12fa" testListId="8c84fa94-04c1-424b-9868-57a2d4851a1d" />
    <TestEntry testId="3c6da4f1-e15b-e209-7afc-b41a7ac6ff10" executionId="30758331-0940-44f5-9c45-affc937768a5" testListId="8c84fa94-04c1-424b-9868-57a2d4851a1d" />
    <TestEntry testId="0dee4a37-8d38-ef6d-98a5-3e594bce7f88" executionId="74e13625-1eef-49ab-8371-e51c858d0ae7" testListId="8c84fa94-04c1-424b-9868-57a2d4851a1d" />
    <TestEntry testId="0d4811ec-9931-fb19-edc0-7bcc796825fb" executionId="d9d6fd8c-4515-410e-abec-1290260e2050" testListId="8c84fa94-04c1-424b-9868-57a2d4851a1d" />
    <TestEntry testId="0c50b0ff-2617-98bb-3217-a3a88ea54c14" executionId="42ce63fc-d0c0-41e1-b1b0-407ce23bf1d5" testListId="8c84fa94-04c1-424b-9868-57a2d4851a1d" />
    <TestEntry testId="65cfed84-d8b7-91f1-c7b3-2b30cf50cfed" executionId="b2aacc34-8c4f-481c-b5f6-d500b50a9fa7" testListId="8c84fa94-04c1-424b-9868-57a2d4851a1d" />
    <TestEntry testId="d2a9174b-0e8a-f538-f842-cd59e66f5936" executionId="85a7fb70-3aa1-4b6f-83e8-ff40c8b03b96" testListId="8c84fa94-04c1-424b-9868-57a2d4851a1d" />
    <TestEntry testId="654dfcc7-b76a-e7bb-4995-363927b604e0" executionId="5d9dd153-d4e9-4ff4-91f5-5d6938eee7bb" testListId="8c84fa94-04c1-424b-9868-57a2d4851a1d" />
    <TestEntry testId="22f81f95-90ca-baa7-300b-797405eeaf34" executionId="a380187b-4e00-4da5-acf9-025f4375f9a9" testListId="8c84fa94-04c1-424b-9868-57a2d4851a1d" />
    <TestEntry testId="0d6c642a-81af-572a-f3ab-8e4b1d302c6a" executionId="27c6a6aa-c3da-465f-a830-ac4719ac61f8" testListId="8c84fa94-04c1-424b-9868-57a2d4851a1d" />
    <TestEntry testId="f7b5e73d-d725-7d90-231b-5a2bdb3de4fe" executionId="6fd9902c-14fc-4943-85c0-3735c9c54612" testListId="8c84fa94-04c1-424b-9868-57a2d4851a1d" />
    <TestEntry testId="0ba8e521-cdf8-1d32-c711-88b35489e15b" executionId="462e498b-6893-4025-8c9a-88a2943a140b" testListId="8c84fa94-04c1-424b-9868-57a2d4851a1d" />
    <TestEntry testId="efd25159-239b-fd92-436e-6007a499ebd4" executionId="bf37523c-fb87-46f1-9f38-5c97aa31e0df" testListId="8c84fa94-04c1-424b-9868-57a2d4851a1d" />
    <TestEntry testId="eafd993c-1009-37c6-4ede-de325862c5a7" executionId="d369f1c2-f879-45c2-aa90-b2732ea1f3d1" testListId="8c84fa94-04c1-424b-9868-57a2d4851a1d" />
    <TestEntry testId="06bd284b-d73d-920f-7739-efb670bc85e0" executionId="1094db90-9243-4466-9f09-e5b6036e5e53" testListId="8c84fa94-04c1-424b-9868-57a2d4851a1d" />
    <TestEntry testId="f6638888-72f9-3abc-824d-07e5504a43a5" executionId="1818dafb-b738-4153-bacd-c77ddbb706cc" testListId="8c84fa94-04c1-424b-9868-57a2d4851a1d" />
    <TestEntry testId="ac0bff77-e4ee-0120-d789-0cc06032e8d1" executionId="0243731e-ae9b-4e93-a509-796b11267c38" testListId="8c84fa94-04c1-424b-9868-57a2d4851a1d" />
    <TestEntry testId="e5973daf-eb52-605d-f256-024d8a961fe9" executionId="62775b07-7cbb-4515-95bc-eb7ac4fd7a4d" testListId="8c84fa94-04c1-424b-9868-57a2d4851a1d" />
    <TestEntry testId="31d5d148-0cd6-8d1e-0567-f1c07ae35162" executionId="55db8139-b90f-4f8b-b3c8-df3a25ebc5eb" testListId="8c84fa94-04c1-424b-9868-57a2d4851a1d" />
    <TestEntry testId="c675d4e8-953d-dd95-1e7d-aaf53b345df4" executionId="fc4b6526-7f57-460e-954d-7fa6383846fb" testListId="8c84fa94-04c1-424b-9868-57a2d4851a1d" />
    <TestEntry testId="30772405-8178-0ea1-63c6-a4f72d01f565" executionId="d1136ba6-2049-4c9b-98a4-c9a5d8e9bb1f" testListId="8c84fa94-04c1-424b-9868-57a2d4851a1d" />
    <TestEntry testId="c0728f95-ecc1-be8f-b46d-a960462fa608" executionId="43fabb72-6db4-48cb-adae-3a9c1bb841e9" testListId="8c84fa94-04c1-424b-9868-57a2d4851a1d" />
    <TestEntry testId="05cdc091-f2e6-9c3b-1f81-118e480d95e3" executionId="7c2fb649-1fc4-4791-b438-0860e2664beb" testListId="8c84fa94-04c1-424b-9868-57a2d4851a1d" />
    <TestEntry testId="b53cbe33-730e-fb6f-4fda-1e9679963edf" executionId="85e75708-259d-439a-b97d-91fab26df78c" testListId="8c84fa94-04c1-424b-9868-57a2d4851a1d" />
    <TestEntry testId="db0bdc8c-751d-0e6e-b46c-9ca8002153fd" executionId="b6da258e-20aa-4dc1-862e-b8bcc556a581" testListId="8c84fa94-04c1-424b-9868-57a2d4851a1d" />
    <TestEntry testId="6da29afb-8acf-3f8d-692b-690d3f268744" executionId="8c4f7e18-c59c-4013-890b-7143f52df0d6" testListId="8c84fa94-04c1-424b-9868-57a2d4851a1d" />
    <TestEntry testId="537b2445-9bec-85ec-3d34-ba15ef73d25d" executionId="8c8dfcd9-f540-46f2-8cef-7465c3c84619" testListId="8c84fa94-04c1-424b-9868-57a2d4851a1d" />
    <TestEntry testId="06afff30-aa98-f03f-ebfe-83961e8caf5d" executionId="674828f1-c1e0-4942-8473-b64d0b620a3d" testListId="8c84fa94-04c1-424b-9868-57a2d4851a1d" />
    <TestEntry testId="30f4ca0f-0cfa-0e61-edff-19f1044181dc" executionId="08b0d294-4d52-4673-a1e4-34ebd56ef88c" testListId="8c84fa94-04c1-424b-9868-57a2d4851a1d" />
    <TestEntry testId="c01b7aad-2de6-9625-9d52-27adc6cc7bd7" executionId="0c01d0ea-8719-4b13-8d6d-3492780c93bb" testListId="8c84fa94-04c1-424b-9868-57a2d4851a1d" />
    <TestEntry testId="2e79e419-e74e-f445-7799-1adbaa35d399" executionId="1087c4a0-501e-49ac-a522-56f9e5a99527" testListId="8c84fa94-04c1-424b-9868-57a2d4851a1d" />
    <TestEntry testId="01ab0198-4b7e-8a94-e88d-b1f770a7248f" executionId="59184e69-700a-4eef-b663-d75f1d6b487a" testListId="8c84fa94-04c1-424b-9868-57a2d4851a1d" />
    <TestEntry testId="9091bca7-c5dc-fba1-fee5-e99fb48d96dc" executionId="ef55b8a6-ae36-42e9-beed-1cf38b6e541d" testListId="8c84fa94-04c1-424b-9868-57a2d4851a1d" />
    <TestEntry testId="e136a8cd-3f63-a904-c5bb-437c3044bc59" executionId="20d0d191-ebc7-4a19-a97c-60a299690de9" testListId="8c84fa94-04c1-424b-9868-57a2d4851a1d" />
    <TestEntry testId="45576843-c696-061d-15e3-1a981d4c54b2" executionId="15e1ca70-325d-4113-82bd-622c70fe91ee" testListId="8c84fa94-04c1-424b-9868-57a2d4851a1d" />
    <TestEntry testId="2618920c-aa56-2790-77ca-5dcd9d1e0fd1" executionId="b7015251-b095-4e02-8426-5cfbc3e00373" testListId="8c84fa94-04c1-424b-9868-57a2d4851a1d" />
    <TestEntry testId="8d8eee96-464d-c577-6270-884494a6a9b2" executionId="0d1d29ad-57ba-4189-ab3e-1bb3f2649009" testListId="8c84fa94-04c1-424b-9868-57a2d4851a1d" />
    <TestEntry testId="23e6b65b-70a8-06de-4fd2-1098c3da7047" executionId="14e2c9c8-b73b-492f-8a1c-b44bc8e6af2b" testListId="8c84fa94-04c1-424b-9868-57a2d4851a1d" />
    <TestEntry testId="4e201780-8be5-36cf-a6cd-fc75ae04350d" executionId="d744a412-7b21-443a-bd04-bb39275aed91" testListId="8c84fa94-04c1-424b-9868-57a2d4851a1d" />
    <TestEntry testId="59991295-e7c5-ae1a-4d3d-515c29cc9e2b" executionId="366c8a9a-f845-4063-b5f2-1444ee4181c3" testListId="8c84fa94-04c1-424b-9868-57a2d4851a1d" />
    <TestEntry testId="17c23f4a-d1aa-c7f2-4b0c-28e098799329" executionId="d5d8f36b-ae7f-48ca-ae03-e2118cb4ed92" testListId="8c84fa94-04c1-424b-9868-57a2d4851a1d" />
    <TestEntry testId="f5cc9535-b7e6-daa3-8b93-880b7a1798ad" executionId="3d92171b-2f6f-4514-8535-04a196a5c1b7" testListId="8c84fa94-04c1-424b-9868-57a2d4851a1d" />
    <TestEntry testId="97333588-528f-b816-eec2-32c062436864" executionId="e1dbe94c-b411-4b6a-a80d-91317df6f643" testListId="8c84fa94-04c1-424b-9868-57a2d4851a1d" />
    <TestEntry testId="f680908c-3b4b-7b4d-7066-6e5fce7c0b27" executionId="15a9dac2-6d55-48c0-b029-97db9ad3f646" testListId="8c84fa94-04c1-424b-9868-57a2d4851a1d" />
    <TestEntry testId="8b541578-adaa-009d-fcd7-342c1711308d" executionId="39d58b0c-4637-47ee-a8e9-e8294b13a8f8" testListId="8c84fa94-04c1-424b-9868-57a2d4851a1d" />
    <TestEntry testId="8ffeda3d-e799-7be5-92e9-cd0ffd88ed12" executionId="9991e520-3851-4767-b8f7-1bf22aff598e" testListId="8c84fa94-04c1-424b-9868-57a2d4851a1d" />
    <TestEntry testId="c80f6705-aed7-e74b-8edd-9b2f7c5971b3" executionId="8bea5770-d57c-4349-82da-302a24721c3e" testListId="8c84fa94-04c1-424b-9868-57a2d4851a1d" />
    <TestEntry testId="c91a6029-2d3a-0f60-dab5-db888083c7c3" executionId="d5b0bcfa-29d8-4765-aa04-b6133f8f8b83" testListId="8c84fa94-04c1-424b-9868-57a2d4851a1d" />
    <TestEntry testId="d8157b41-29f4-4a55-1811-3e5273ac9071" executionId="1f432092-454b-4a3e-abbd-3227d449114a" testListId="8c84fa94-04c1-424b-9868-57a2d4851a1d" />
    <TestEntry testId="bddb2a40-1daa-d4bf-c455-d8a073e5d8cf" executionId="2f74cf12-e7a5-4b5b-b03b-b33180300ee8" testListId="8c84fa94-04c1-424b-9868-57a2d4851a1d" />
    <TestEntry testId="a6aa36e2-697d-2507-2a34-be6ba6cdbea9" executionId="3a135af2-e61d-433b-b4df-a525c8b30684" testListId="8c84fa94-04c1-424b-9868-57a2d4851a1d" />
    <TestEntry testId="234ad1b4-c3ca-386c-029e-422d8061eab6" executionId="eb2f14fd-01d7-42b0-9424-0939813e166c" testListId="8c84fa94-04c1-424b-9868-57a2d4851a1d" />
    <TestEntry testId="77d0e63a-0772-b03a-0b99-eeaeb962de64" executionId="e1e80851-0701-4fc9-983e-f8af3b099e98" testListId="8c84fa94-04c1-424b-9868-57a2d4851a1d" />
    <TestEntry testId="9029e935-145d-d5fd-fae9-96c860349038" executionId="5e2a53b4-fc6a-43e4-b950-098e2b15457b" testListId="8c84fa94-04c1-424b-9868-57a2d4851a1d" />
    <TestEntry testId="3375033a-d5e6-72b6-24f8-d995495958e4" executionId="af1c5aef-a16e-465a-91d8-6a6f80e9c90d" testListId="8c84fa94-04c1-424b-9868-57a2d4851a1d" />
    <TestEntry testId="d9d0601b-6afc-d56b-58cd-43bff45267f6" executionId="08261d33-48a5-4509-90de-97c564d125a3" testListId="8c84fa94-04c1-424b-9868-57a2d4851a1d" />
    <TestEntry testId="c31c0655-edc1-f75e-ad95-999fd95393d5" executionId="26532383-da32-4567-a464-dc16f5680921" testListId="8c84fa94-04c1-424b-9868-57a2d4851a1d" />
    <TestEntry testId="3d7ba390-9a7b-bdaa-74a4-97118816f256" executionId="2c768c13-b28f-422b-9814-0d9294715137" testListId="8c84fa94-04c1-424b-9868-57a2d4851a1d" />
    <TestEntry testId="e36d83f9-6b5d-9305-3ea9-821cb3744fa4" executionId="9166ba5c-109b-4287-8576-b021b69bffe8" testListId="8c84fa94-04c1-424b-9868-57a2d4851a1d" />
    <TestEntry testId="c34f42eb-c62c-cd70-fefe-eae8d43a9ea6" executionId="f15472ae-b44a-4f60-ac81-a58f71314674" testListId="8c84fa94-04c1-424b-9868-57a2d4851a1d" />
    <TestEntry testId="e9210e25-ddb7-3ad7-3147-1b0286b3f5d2" executionId="73aac499-83fe-41d8-a44a-6732f9680a35" testListId="8c84fa94-04c1-424b-9868-57a2d4851a1d" />
    <TestEntry testId="cedacd39-cebe-080f-c95c-117129a33131" executionId="f9a18484-f660-4e9d-beb6-1ecbfd661fd3" testListId="8c84fa94-04c1-424b-9868-57a2d4851a1d" />
    <TestEntry testId="ed35a7f0-03d4-ea75-0507-862afb897619" executionId="8f8c394e-5809-4fc7-bb7f-3e22bba696d0" testListId="8c84fa94-04c1-424b-9868-57a2d4851a1d" />
    <TestEntry testId="704f12b7-2603-a060-9466-3d44ec217344" executionId="bfe8629b-8c56-4a29-8e34-c45574bd43f2" testListId="8c84fa94-04c1-424b-9868-57a2d4851a1d" />
    <TestEntry testId="e833bb24-3fa7-84ca-0015-97d61c5799eb" executionId="ed30891d-bb6d-446f-a452-3d363b39c398" testListId="8c84fa94-04c1-424b-9868-57a2d4851a1d" />
    <TestEntry testId="c6aa84d9-56b3-333b-31b6-309528e6353e" executionId="16a9e72d-60c6-4548-8a0b-34a7b6e61c3c" testListId="8c84fa94-04c1-424b-9868-57a2d4851a1d" />
    <TestEntry testId="8db91f9d-1fce-7008-7fb4-f88012013950" executionId="edf86680-0aee-4286-8f73-7bd749e7ee22" testListId="8c84fa94-04c1-424b-9868-57a2d4851a1d" />
    <TestEntry testId="b0add685-1c58-f35e-e4aa-57de22bf2774" executionId="03b60132-c62a-4a64-9442-e465f4646dbe" testListId="8c84fa94-04c1-424b-9868-57a2d4851a1d" />
    <TestEntry testId="39116a4a-80db-ce36-d47f-ad7c599fcdc1" executionId="e17b7108-27f6-485e-9b0d-767483edc1a4" testListId="8c84fa94-04c1-424b-9868-57a2d4851a1d" />
    <TestEntry testId="98f162c3-7789-0517-6acc-2e2623f261ea" executionId="179a5c6b-5a5d-41f1-beb4-0c2c2b026c4e" testListId="8c84fa94-04c1-424b-9868-57a2d4851a1d" />
    <TestEntry testId="82581c83-f8ac-d2d4-2282-bfb72f7ace78" executionId="b4fb798a-48cb-407b-b7d3-199cfd5d5261" testListId="8c84fa94-04c1-424b-9868-57a2d4851a1d" />
    <TestEntry testId="9cc6be48-d93e-7fa9-ac2d-151cc03c3ec0" executionId="28fd2a09-cb23-453c-b462-4110cd0f957f" testListId="8c84fa94-04c1-424b-9868-57a2d4851a1d" />
    <TestEntry testId="d054dd78-c223-2b18-9e0c-69480854f65f" executionId="77d067de-5931-412d-8f00-2e6f3af36291" testListId="8c84fa94-04c1-424b-9868-57a2d4851a1d" />
    <TestEntry testId="b252d43e-f2d3-2b51-45af-2db3de66090b" executionId="1ab68533-c4a7-4536-85ea-1fddad975577" testListId="8c84fa94-04c1-424b-9868-57a2d4851a1d" />
    <TestEntry testId="aab428ed-a31b-f1b7-b0cd-f341bed7d107" executionId="a98d8782-dcb9-45d8-9254-16e493cc267f" testListId="8c84fa94-04c1-424b-9868-57a2d4851a1d" />
    <TestEntry testId="acb150f5-b42c-e1e1-4437-dd62b031592b" executionId="253bc74c-903e-4340-a7f6-6af91bbc3a0d" testListId="8c84fa94-04c1-424b-9868-57a2d4851a1d" />
    <TestEntry testId="a68fe85a-0571-5cf5-4ec4-cc94366f30ee" executionId="7c17eafa-7b30-407a-9ae0-bac802bd56ee" testListId="8c84fa94-04c1-424b-9868-57a2d4851a1d" />
    <TestEntry testId="dc622a34-8cc7-4600-a4f3-cf01b26ced88" executionId="2c8f7a8a-0d75-478f-a4a3-b006efb1292a" testListId="8c84fa94-04c1-424b-9868-57a2d4851a1d" />
    <TestEntry testId="ee3692c6-4239-b2e2-f69d-66ef9eb784ce" executionId="910398f9-3b9c-449e-a308-0644508a162b" testListId="8c84fa94-04c1-424b-9868-57a2d4851a1d" />
    <TestEntry testId="efe4db7d-9fc9-dd9f-492e-e4ff6529fb1e" executionId="cb299d07-0b54-40c2-961e-bc0f529691f1" testListId="8c84fa94-04c1-424b-9868-57a2d4851a1d" />
    <TestEntry testId="c0f6f50e-70bb-6ec7-7cb1-70b1c03dbf38" executionId="2809f82e-acff-4290-ad08-7c22a302731a" testListId="8c84fa94-04c1-424b-9868-57a2d4851a1d" />
    <TestEntry testId="2a5bdc9b-a4a1-6e5d-d8c0-74a33d9867c4" executionId="0e9a96e7-019b-4392-83b0-187be5ef0fa7" testListId="8c84fa94-04c1-424b-9868-57a2d4851a1d" />
    <TestEntry testId="73f202f0-6b9c-f5c0-5b33-e4aa7777d3dd" executionId="4fe70f03-6408-471f-a23c-b8109232d651" testListId="8c84fa94-04c1-424b-9868-57a2d4851a1d" />
    <TestEntry testId="2fac8697-42a0-e62c-c584-1a27c1834f8e" executionId="9e342ece-b5b8-42ad-9a29-f56b5fdb43fb" testListId="8c84fa94-04c1-424b-9868-57a2d4851a1d" />
    <TestEntry testId="896580b1-84f1-933f-fef3-e601288590b2" executionId="9f6c9a90-2728-42c1-b0f6-8feb40f96988" testListId="8c84fa94-04c1-424b-9868-57a2d4851a1d" />
    <TestEntry testId="54d37202-700f-6df9-4a02-04121275df7c" executionId="d83ae132-9ede-495a-9c3a-91c175c4eed6" testListId="8c84fa94-04c1-424b-9868-57a2d4851a1d" />
    <TestEntry testId="e7590a2a-9404-cfd8-85e4-42ebf7fee746" executionId="cee478ee-0d3d-4247-8474-ec445f7a4168" testListId="8c84fa94-04c1-424b-9868-57a2d4851a1d" />
    <TestEntry testId="c26bcfcf-d6cf-eb3f-8de4-51157c9540bf" executionId="7b9d8666-6e73-4f2d-9033-5f494464cd0b" testListId="8c84fa94-04c1-424b-9868-57a2d4851a1d" />
    <TestEntry testId="34490af8-d3d6-7a91-eac4-416d37c4c03b" executionId="e46b7380-1226-490c-a16b-49fe9d207a1c" testListId="8c84fa94-04c1-424b-9868-57a2d4851a1d" />
    <TestEntry testId="2a74f75f-14b3-bc86-2d45-d53566346d28" executionId="5662baea-7ecb-436f-a79f-04e313e5f936" testListId="8c84fa94-04c1-424b-9868-57a2d4851a1d" />
    <TestEntry testId="8a331f63-bf32-57ca-e19f-2c5fb3b70109" executionId="99816763-355a-474d-8512-64d506083ecf" testListId="8c84fa94-04c1-424b-9868-57a2d4851a1d" />
    <TestEntry testId="95e53d06-c2c3-70e9-48e1-6d7859b93b61" executionId="a5364403-fe33-4192-a89c-6cd70a0214f8" testListId="8c84fa94-04c1-424b-9868-57a2d4851a1d" />
    <TestEntry testId="80e1e452-82cf-b088-db40-d28f7d32c62d" executionId="e9cf0034-6ce9-4356-997d-5dd2de08e15c" testListId="8c84fa94-04c1-424b-9868-57a2d4851a1d" />
    <TestEntry testId="cf1b5120-2f82-9f5f-15f1-028f78b34222" executionId="f210b186-e05b-4aa4-8d3e-1731cf32bbc3" testListId="8c84fa94-04c1-424b-9868-57a2d4851a1d" />
    <TestEntry testId="60b3c6a0-382d-f239-6234-5e6df72cc9b2" executionId="eff53c4c-ea65-40af-aa90-b7881d715fa2" testListId="8c84fa94-04c1-424b-9868-57a2d4851a1d" />
    <TestEntry testId="98c541d3-5d24-2401-7643-1e542884ed7a" executionId="6d8edd5c-c283-4881-a7d1-2f2f40206adc" testListId="8c84fa94-04c1-424b-9868-57a2d4851a1d" />
    <TestEntry testId="c3727fbd-7b27-2b58-8aac-80b9993febce" executionId="6e19f9e0-6e95-425a-a75e-db9c93222a18" testListId="8c84fa94-04c1-424b-9868-57a2d4851a1d" />
    <TestEntry testId="ad0fb3f5-59c6-f38e-8f48-61ec61251228" executionId="8aa5c939-bea4-44b9-b6e4-2c48a812f4bc" testListId="8c84fa94-04c1-424b-9868-57a2d4851a1d" />
    <TestEntry testId="47771962-fd80-aab3-ebc0-33717839eb97" executionId="6d1ff326-7307-4189-ac0a-45226d41a339" testListId="8c84fa94-04c1-424b-9868-57a2d4851a1d" />
    <TestEntry testId="bb9524ad-acf8-1507-0ed6-9348671a86fe" executionId="08b6dbff-9688-4f69-a2c1-98fc23c3498b" testListId="8c84fa94-04c1-424b-9868-57a2d4851a1d" />
    <TestEntry testId="a54693d6-edca-b2f0-c9d1-6e253deb3c9c" executionId="0c05f661-fcf4-4658-ae9d-f075bd5fc244" testListId="8c84fa94-04c1-424b-9868-57a2d4851a1d" />
    <TestEntry testId="f31307eb-7ac9-c75e-b886-051d44063f63" executionId="1d17b818-4de3-45ac-a073-c6b24ce19ff9" testListId="8c84fa94-04c1-424b-9868-57a2d4851a1d" />
    <TestEntry testId="34c107db-e9ce-df15-620e-0ed84eb2d0d6" executionId="1e4564ea-f2e1-4f16-a5e4-01288b320d66" testListId="8c84fa94-04c1-424b-9868-57a2d4851a1d" />
    <TestEntry testId="4b94700f-6e5c-855d-b131-f805331c5a39" executionId="98e70292-c762-4559-b7e3-791bb79f9e7c" testListId="8c84fa94-04c1-424b-9868-57a2d4851a1d" />
    <TestEntry testId="cf8b2ce3-17c9-1838-bf3d-cd93b522ea5f" executionId="4f0f57f6-3871-41af-95d2-2646da0d1822" testListId="8c84fa94-04c1-424b-9868-57a2d4851a1d" />
    <TestEntry testId="8c07f686-6c37-5afb-9e2e-861969346f9f" executionId="29ccebe9-5be6-4b65-ae87-3f2d07cafaf1" testListId="8c84fa94-04c1-424b-9868-57a2d4851a1d" />
    <TestEntry testId="99a87674-ee88-dca5-48a5-598cbe7cb43b" executionId="381d8c73-a8b6-477f-8db8-dc8f1d6fc46e" testListId="8c84fa94-04c1-424b-9868-57a2d4851a1d" />
    <TestEntry testId="e0d78dcd-5614-964a-05ab-ebe0da0d939b" executionId="f3e6beb1-d422-4317-b95f-170abb768c7e" testListId="8c84fa94-04c1-424b-9868-57a2d4851a1d" />
    <TestEntry testId="f086d804-d792-85ee-7f01-0c6bad93eebb" executionId="7ce12cf3-3cde-477a-b2cb-bb33e2822a86" testListId="8c84fa94-04c1-424b-9868-57a2d4851a1d" />
    <TestEntry testId="6c45a0dd-5772-753d-7493-6b1e41606871" executionId="3a8910fd-cb46-433e-a3bb-74547ff6c71a" testListId="8c84fa94-04c1-424b-9868-57a2d4851a1d" />
    <TestEntry testId="8dbcc6f1-4cbd-986e-7ab0-4762c811a25e" executionId="78d1bc9c-8fd6-4791-9162-b02723c18c33" testListId="8c84fa94-04c1-424b-9868-57a2d4851a1d" />
    <TestEntry testId="c44548aa-9337-8061-84b6-1037567d8f33" executionId="d67dd290-0f63-4e38-a604-99bbb61abc5d" testListId="8c84fa94-04c1-424b-9868-57a2d4851a1d" />
    <TestEntry testId="31ae9737-3293-daff-e7b1-357b7daf0b9b" executionId="d8416a3d-8309-4e34-86e2-45fdcb150cb1" testListId="8c84fa94-04c1-424b-9868-57a2d4851a1d" />
    <TestEntry testId="c7b7da64-3485-b2c1-376a-4a2776f7bf98" executionId="f0c7d26b-3368-4884-926d-5d2c6fe4480a" testListId="8c84fa94-04c1-424b-9868-57a2d4851a1d" />
    <TestEntry testId="17b36dbd-a0b1-7dd9-4d17-df2b3239cefc" executionId="d65c8de1-bf1b-4928-9db1-7230c65ea363" testListId="8c84fa94-04c1-424b-9868-57a2d4851a1d" />
    <TestEntry testId="fc2cbc5b-c2b1-3d19-f684-8de533e0344a" executionId="d886374c-43e3-4e7d-bf11-f1f9a76bd624" testListId="8c84fa94-04c1-424b-9868-57a2d4851a1d" />
    <TestEntry testId="a96b347d-5d1c-d89b-916b-371c05303b3e" executionId="67eab624-9606-443c-ab1e-516fe0db0fd2" testListId="8c84fa94-04c1-424b-9868-57a2d4851a1d" />
    <TestEntry testId="2c45a0c4-a819-6921-a82a-e9167bcfa09d" executionId="7d8ae390-d42d-4435-a4e2-5a8cfa27227b" testListId="8c84fa94-04c1-424b-9868-57a2d4851a1d" />
    <TestEntry testId="6cf12226-4d60-3448-6119-955749ad1a56" executionId="db1b4de2-d68a-4cc4-a3d1-e9330725ba35" testListId="8c84fa94-04c1-424b-9868-57a2d4851a1d" />
    <TestEntry testId="3417a0aa-0a1b-f490-3003-26e2483aac2f" executionId="bb887677-53af-42d8-9ba7-4293d53c0bec" testListId="8c84fa94-04c1-424b-9868-57a2d4851a1d" />
    <TestEntry testId="52501ffb-ac7e-ad78-d1e0-6621a5b53480" executionId="c4586c6d-1cd1-4060-8581-9c3ae0e1d326" testListId="8c84fa94-04c1-424b-9868-57a2d4851a1d" />
    <TestEntry testId="9f2d8267-74f7-ee47-e40a-a9214d8b0149" executionId="772b44a6-b16e-4f87-a184-dc613ead43d2" testListId="8c84fa94-04c1-424b-9868-57a2d4851a1d" />
    <TestEntry testId="533b05cc-a804-1759-db1f-d456efa129c0" executionId="32ca733a-57e7-4019-b30f-2a32b1d79086" testListId="8c84fa94-04c1-424b-9868-57a2d4851a1d" />
    <TestEntry testId="e2431222-69de-ae33-ddac-4a921de8419c" executionId="b811e517-0686-4eab-9ada-f1e2d9c7eb3a" testListId="8c84fa94-04c1-424b-9868-57a2d4851a1d" />
    <TestEntry testId="7ef6fc17-41f7-b6dd-5a72-5e5de8ea26a4" executionId="e066d197-67b7-4cb8-a5f8-f4a0712a2175" testListId="8c84fa94-04c1-424b-9868-57a2d4851a1d" />
    <TestEntry testId="e8fbfc8d-82fa-6534-4e95-6007f14b30c3" executionId="86dcc08a-e31f-43bf-95c3-c7540dc0fabc" testListId="8c84fa94-04c1-424b-9868-57a2d4851a1d" />
    <TestEntry testId="b39b8640-a4cc-96cc-891a-64310b2030c3" executionId="ad226356-551f-4923-92bd-eed4cbc35700" testListId="8c84fa94-04c1-424b-9868-57a2d4851a1d" />
    <TestEntry testId="b8dcd7c2-d643-4004-06b6-71dd24bea1c1" executionId="5d5741f9-bfb0-4a3b-971e-584fa27c5776" testListId="8c84fa94-04c1-424b-9868-57a2d4851a1d" />
    <TestEntry testId="f8f04b21-fad0-48a3-39ca-a5f162fe7d64" executionId="201f0865-b984-4b7b-9a00-85538dd14bdc" testListId="8c84fa94-04c1-424b-9868-57a2d4851a1d" />
    <TestEntry testId="127e2415-6090-4094-56d7-1fadf987188b" executionId="9daedaa7-e9bc-4527-9342-51570b64d175" testListId="8c84fa94-04c1-424b-9868-57a2d4851a1d" />
    <TestEntry testId="c5f889fe-34fb-e81d-4390-ab303a66ed0c" executionId="42a1004b-b8ba-42c1-b298-90d0aeaca722" testListId="8c84fa94-04c1-424b-9868-57a2d4851a1d" />
    <TestEntry testId="b2f0581d-5dcb-6a8a-df35-b5108915cfe4" executionId="2774c92e-5f0b-4bda-ab12-e98020fa7855" testListId="8c84fa94-04c1-424b-9868-57a2d4851a1d" />
    <TestEntry testId="f56fd28f-91dc-8b5a-3f0d-995472c1fd21" executionId="ec00b64c-ec9f-42a6-a26a-a42ae1a5543a" testListId="8c84fa94-04c1-424b-9868-57a2d4851a1d" />
    <TestEntry testId="5ff1d928-fddf-7f17-ef34-f8a1593f2a8d" executionId="09158b9a-6c56-40db-8e57-0ac5fc3e6332" testListId="8c84fa94-04c1-424b-9868-57a2d4851a1d" />
    <TestEntry testId="98f1ad4a-6d3e-c8b6-e210-a1665c4899ea" executionId="5447d847-687b-4847-9e91-b374f4870e50" testListId="8c84fa94-04c1-424b-9868-57a2d4851a1d" />
    <TestEntry testId="b56ba348-15c5-c13d-2c63-319be0707c78" executionId="86777ddb-776f-4808-8e79-723841eca704" testListId="8c84fa94-04c1-424b-9868-57a2d4851a1d" />
    <TestEntry testId="5e9a784a-512a-9e3c-4365-749c6efbd67e" executionId="302044fd-2909-4308-afb6-604307cdefb2" testListId="8c84fa94-04c1-424b-9868-57a2d4851a1d" />
    <TestEntry testId="1d2a1f8c-9df5-1e11-ff05-9be1bb8085db" executionId="7a1a0f8c-e6e5-4f75-ac4d-bd3788b35370" testListId="8c84fa94-04c1-424b-9868-57a2d4851a1d" />
    <TestEntry testId="a31ae58a-ac3b-c32e-1d10-665517748c9e" executionId="f8b67ece-f8c6-4a93-bf2d-64eb67a3eb75" testListId="8c84fa94-04c1-424b-9868-57a2d4851a1d" />
    <TestEntry testId="df434b1a-bd33-b3a0-035c-8fb9149eaa0e" executionId="2993e739-6812-41a2-b5b8-b56c3f723fed" testListId="8c84fa94-04c1-424b-9868-57a2d4851a1d" />
    <TestEntry testId="91b2687b-d336-be96-6484-dd3e01d48bcc" executionId="8a637be8-899a-4867-af39-3f47ec7bd9e3" testListId="8c84fa94-04c1-424b-9868-57a2d4851a1d" />
    <TestEntry testId="0d83c1ac-5a73-d746-bd8b-9b4e86108c9b" executionId="97ff0974-0017-4ca8-b77e-9ca8cce996ae" testListId="8c84fa94-04c1-424b-9868-57a2d4851a1d" />
    <TestEntry testId="a1ef0514-5d41-eded-e838-32de99602a54" executionId="62a36095-4949-4eb7-81de-88a8ed80625c" testListId="8c84fa94-04c1-424b-9868-57a2d4851a1d" />
    <TestEntry testId="0b5a5a76-188a-3cd1-7ad8-530b93b01a49" executionId="e0b9fd08-06d0-4eee-9feb-e62c2e25892e" testListId="8c84fa94-04c1-424b-9868-57a2d4851a1d" />
    <TestEntry testId="d697ec40-0cdc-2a97-6199-7cace147591a" executionId="08f222a7-0d13-4d6b-bfe7-6f6cd963171e" testListId="8c84fa94-04c1-424b-9868-57a2d4851a1d" />
    <TestEntry testId="3f3233bd-4893-b779-69f6-789d6f6a1d9a" executionId="c1a2a00a-f065-4a53-8813-feeab335dff5" testListId="8c84fa94-04c1-424b-9868-57a2d4851a1d" />
    <TestEntry testId="dd9fef57-cc98-7ad4-c53a-0bf4ce117b29" executionId="f69006f4-920d-4e53-bd1b-f7a4e2f18dfe" testListId="8c84fa94-04c1-424b-9868-57a2d4851a1d" />
    <TestEntry testId="135e5704-6a7d-41be-b6f0-09a10aa88b3e" executionId="66fdab7e-e8f4-49ea-8986-46f431bfb236" testListId="8c84fa94-04c1-424b-9868-57a2d4851a1d" />
    <TestEntry testId="073071ee-a9ec-09b5-e762-5a4e8dd50939" executionId="32d4b39b-2209-4011-ab52-f40adafe8853" testListId="8c84fa94-04c1-424b-9868-57a2d4851a1d" />
    <TestEntry testId="2b65c344-0249-bf47-6c8a-07f52bcd6a60" executionId="27ad8bf6-edc9-463a-be30-5cd2f4f3b290" testListId="8c84fa94-04c1-424b-9868-57a2d4851a1d" />
    <TestEntry testId="f8c8d11d-62f5-abc3-7817-a973cfa3607a" executionId="d09c925f-8413-4c85-b746-08486564d0f3" testListId="8c84fa94-04c1-424b-9868-57a2d4851a1d" />
    <TestEntry testId="2f6c3871-63b7-76a6-f56a-4c6dd0f4f467" executionId="346f4190-5ad5-4224-8404-ae109137fc9e" testListId="8c84fa94-04c1-424b-9868-57a2d4851a1d" />
    <TestEntry testId="d1c49c69-fe5f-8257-84d6-6eb683f2a033" executionId="eb3b04aa-0e38-44e8-b35d-fafba94a9874" testListId="8c84fa94-04c1-424b-9868-57a2d4851a1d" />
    <TestEntry testId="b380b0ee-9aa4-cd9d-29ce-2b0885fdf47b" executionId="a5f4c88c-016e-4aa7-b41e-e283cef97313" testListId="8c84fa94-04c1-424b-9868-57a2d4851a1d" />
    <TestEntry testId="c6bb27a1-5619-6a1e-cb9a-a062fa5050e7" executionId="ce004c9e-419f-4a34-802e-05f10eaf0073" testListId="8c84fa94-04c1-424b-9868-57a2d4851a1d" />
    <TestEntry testId="87830711-b32c-2c47-4ef6-67875858e949" executionId="81fafab7-9b64-47da-9c43-3921ca6bfa72" testListId="8c84fa94-04c1-424b-9868-57a2d4851a1d" />
    <TestEntry testId="10f7e539-95db-7d97-e660-3fdca86f07c0" executionId="f6271953-f8a3-4a90-9706-bc9fbcefb5e1" testListId="8c84fa94-04c1-424b-9868-57a2d4851a1d" />
    <TestEntry testId="7ed10e38-acaf-fb97-a236-10882c020ef0" executionId="fd26488b-1ced-4cdc-b0ef-a67f2c4b2048" testListId="8c84fa94-04c1-424b-9868-57a2d4851a1d" />
    <TestEntry testId="aa81343a-5273-d050-4734-4d568d0cd256" executionId="39dd0259-8203-434e-ad1f-059309922f11" testListId="8c84fa94-04c1-424b-9868-57a2d4851a1d" />
    <TestEntry testId="6cd2234b-585d-b823-54fb-25eb6199902f" executionId="736aead1-9a95-46d6-a22a-9675a1733661" testListId="8c84fa94-04c1-424b-9868-57a2d4851a1d" />
    <TestEntry testId="dae60964-6fd2-ce46-6ae5-e5c61041a0e8" executionId="5e7b80ab-8b0c-4e81-b55e-78201c1aa3d0" testListId="8c84fa94-04c1-424b-9868-57a2d4851a1d" />
    <TestEntry testId="89439a20-c712-15bd-9c46-c5709b4b0f9d" executionId="012966e1-7dc9-4994-8134-f1d8c2fa5104" testListId="8c84fa94-04c1-424b-9868-57a2d4851a1d" />
    <TestEntry testId="cb294e8a-66b3-92e4-9b3b-b2ff0e864477" executionId="2579b707-4833-4495-a05f-619a62479da7" testListId="8c84fa94-04c1-424b-9868-57a2d4851a1d" />
    <TestEntry testId="ebc58dfd-14b7-49e6-e46a-09a44593433d" executionId="beb8ff40-5037-4d48-9606-627b2fa0ea5a" testListId="8c84fa94-04c1-424b-9868-57a2d4851a1d" />
    <TestEntry testId="20cd3c5b-85a9-064a-ae50-0db9b4c55966" executionId="7ec42a45-0244-4ee0-8954-c78cf4bdd85f" testListId="8c84fa94-04c1-424b-9868-57a2d4851a1d" />
    <TestEntry testId="a4f00ade-c810-bdc2-a419-06f9196522bd" executionId="b8879e5c-0f76-4054-8e07-48b3fbb037ab" testListId="8c84fa94-04c1-424b-9868-57a2d4851a1d" />
    <TestEntry testId="f8f6e293-a84f-8369-75b0-8cd14fb32ce3" executionId="ae5d7fc1-acab-408d-83e2-cd405acf92ae" testListId="8c84fa94-04c1-424b-9868-57a2d4851a1d" />
    <TestEntry testId="0ed09f5c-e815-112c-6aff-fe0dbd9b6f36" executionId="ce9ae848-1d9a-440f-af45-127b40149c05" testListId="8c84fa94-04c1-424b-9868-57a2d4851a1d" />
    <TestEntry testId="c2f67433-8910-98a5-d9a8-3181ecfa6a6e" executionId="ce64a6ee-87bd-48df-b5c4-436288e790db" testListId="8c84fa94-04c1-424b-9868-57a2d4851a1d" />
    <TestEntry testId="7b469b70-7a6f-7a92-2723-c93cd3a56c6f" executionId="31b527ca-f70d-48c0-9686-98fc674e58f0" testListId="8c84fa94-04c1-424b-9868-57a2d4851a1d" />
    <TestEntry testId="8b0909b5-769b-12ea-d91a-88a0ad4a6e48" executionId="4cbaa8a3-7d0c-4adb-ac83-16a4ad6c9718" testListId="8c84fa94-04c1-424b-9868-57a2d4851a1d" />
    <TestEntry testId="205d3986-407b-ed3e-b9d7-5c5108416447" executionId="0575b6b1-0822-4f88-8826-a16b0fce14fa" testListId="8c84fa94-04c1-424b-9868-57a2d4851a1d" />
    <TestEntry testId="ed095898-1909-8564-6a3c-b8e3252b52c8" executionId="c2eaffb0-daba-4301-9991-7f1bc5d3afe5" testListId="8c84fa94-04c1-424b-9868-57a2d4851a1d" />
    <TestEntry testId="63f12d9f-b048-76b8-264d-b989df0bfbca" executionId="e31aec2c-b543-4169-928e-5912a826e96b" testListId="8c84fa94-04c1-424b-9868-57a2d4851a1d" />
    <TestEntry testId="013b26f2-09bd-8917-4b17-0706864d4c14" executionId="0eb512d6-1e3c-455c-ae5e-49980f1a745f" testListId="8c84fa94-04c1-424b-9868-57a2d4851a1d" />
    <TestEntry testId="fb9b27c6-d958-01c3-0bba-3a3e5a814ae8" executionId="1cb66c40-529b-48cc-b649-eba0bf85f1ab" testListId="8c84fa94-04c1-424b-9868-57a2d4851a1d" />
    <TestEntry testId="a0bf150c-e557-e095-022b-d649c58ba210" executionId="55297d64-2c81-476e-ba88-6b6e47016da3" testListId="8c84fa94-04c1-424b-9868-57a2d4851a1d" />
    <TestEntry testId="048d6a52-6981-f00b-b420-3b6a2fb00ce8" executionId="67576e23-806e-478d-8033-2e7af1919740" testListId="8c84fa94-04c1-424b-9868-57a2d4851a1d" />
    <TestEntry testId="34f71d61-40e4-8716-5c83-5c84a7e66552" executionId="1cd9ad5c-0d1a-4fba-a190-1325f0d55f62" testListId="8c84fa94-04c1-424b-9868-57a2d4851a1d" />
    <TestEntry testId="652759b5-622f-10aa-539b-69455d2a0fcb" executionId="b063d319-9a57-4437-a76c-ccb62e7291e4" testListId="8c84fa94-04c1-424b-9868-57a2d4851a1d" />
    <TestEntry testId="2d789d28-e6a7-138d-5118-90d326f34b7e" executionId="6ffff366-c1c5-48d2-841a-a6f49471612f" testListId="8c84fa94-04c1-424b-9868-57a2d4851a1d" />
    <TestEntry testId="2920c2e0-39a3-dd93-5693-d4ce08512159" executionId="37a09a5d-adac-4804-b0b0-fc9ca6be1619" testListId="8c84fa94-04c1-424b-9868-57a2d4851a1d" />
    <TestEntry testId="c277206d-3ad5-99fa-fd35-5b55265763de" executionId="f082b3af-9d82-4f06-8ae4-777be54d7228" testListId="8c84fa94-04c1-424b-9868-57a2d4851a1d" />
    <TestEntry testId="9bd97529-6ca2-0a88-ecb8-dfa8925597ef" executionId="d7093739-77b5-409a-ac30-09cefe890f96" testListId="8c84fa94-04c1-424b-9868-57a2d4851a1d" />
    <TestEntry testId="eccebb4b-dd86-ffbc-9874-555886a9ecd8" executionId="c0fc2e80-915a-4347-ade9-2e3a18ea20a4" testListId="8c84fa94-04c1-424b-9868-57a2d4851a1d" />
    <TestEntry testId="b7e67eb3-5e37-470d-ad59-462ac69a420c" executionId="89090fbc-efd0-4685-a15c-3caf84020808" testListId="8c84fa94-04c1-424b-9868-57a2d4851a1d" />
    <TestEntry testId="bedf46db-baeb-e070-62c2-ab54242ce982" executionId="70c5b8e9-7389-4b0d-b1ea-f830206ee20d" testListId="8c84fa94-04c1-424b-9868-57a2d4851a1d" />
    <TestEntry testId="c3ba5d7c-9bf9-1a13-3c27-8e6b50e0674e" executionId="4e3fef21-b166-4e71-beba-6040fc9ee710" testListId="8c84fa94-04c1-424b-9868-57a2d4851a1d" />
    <TestEntry testId="895eb9fc-2343-3650-d2d8-97e69df3493b" executionId="3d24fa28-45fa-468f-ad9a-5888bfc83343" testListId="8c84fa94-04c1-424b-9868-57a2d4851a1d" />
    <TestEntry testId="0d43d95c-82c9-c386-cdd6-8d869ea0afd9" executionId="d9599f60-35d1-405c-bb24-9a8eae1919af" testListId="8c84fa94-04c1-424b-9868-57a2d4851a1d" />
    <TestEntry testId="dc096e9d-933e-6e98-213b-490659477502" executionId="d0331987-cc7e-4813-8ef2-7b1e684e2464" testListId="8c84fa94-04c1-424b-9868-57a2d4851a1d" />
    <TestEntry testId="f680908c-3b4b-7b4d-7066-6e5fce7c0b27" executionId="914f15ef-4a29-4625-b776-9fa224c9dac7" testListId="8c84fa94-04c1-424b-9868-57a2d4851a1d" />
    <TestEntry testId="62bfa639-11d3-81b7-beea-8fc58ddae302" executionId="af7199e2-7cc3-4bfb-a17d-24624267c910" testListId="8c84fa94-04c1-424b-9868-57a2d4851a1d" />
    <TestEntry testId="c0d785e8-8864-98d5-b13c-b47a7d8658f2" executionId="8b3aedc3-423e-48a7-b47a-ad8836b0c06b" testListId="8c84fa94-04c1-424b-9868-57a2d4851a1d" />
    <TestEntry testId="a3b47612-c41f-b6f9-cd26-71a4607bc51d" executionId="708d83b1-25a4-4717-9a99-1056d0a13efe" testListId="8c84fa94-04c1-424b-9868-57a2d4851a1d" />
    <TestEntry testId="1291d01e-bd85-b5f5-d3c1-6bce38753c19" executionId="5a370f60-2b97-4850-a493-e57903b6aaf0" testListId="8c84fa94-04c1-424b-9868-57a2d4851a1d" />
    <TestEntry testId="4095d4e0-7747-4418-2cba-d8d1b699249f" executionId="e3ca90ab-3e9f-461d-b479-75fcfb295493" testListId="8c84fa94-04c1-424b-9868-57a2d4851a1d" />
    <TestEntry testId="ecf00477-94a3-5251-4140-6240ac1b0b60" executionId="7d55cd65-fac3-411c-97ce-bd131c4caf06" testListId="8c84fa94-04c1-424b-9868-57a2d4851a1d" />
    <TestEntry testId="999506c9-e472-e23b-a3ad-3d977990564e" executionId="39ec769a-a21b-47ab-ba77-122728e3b6f4" testListId="8c84fa94-04c1-424b-9868-57a2d4851a1d" />
    <TestEntry testId="feb3bdce-3024-5a59-89ff-b1ebe27d119c" executionId="036811bb-1500-4978-a703-e0d4c49233bc" testListId="8c84fa94-04c1-424b-9868-57a2d4851a1d" />
    <TestEntry testId="c4920b28-249b-4562-1020-f303c8a65938" executionId="9e7f4187-fae7-4e24-bb91-218665e1325b" testListId="8c84fa94-04c1-424b-9868-57a2d4851a1d" />
    <TestEntry testId="4007ec22-794b-cf4d-bda6-76bc701e6452" executionId="cff9b3ae-c530-45bb-92a1-aa1189e6f4cf" testListId="8c84fa94-04c1-424b-9868-57a2d4851a1d" />
    <TestEntry testId="885a9095-1f49-3411-918f-5cf4108e4b7b" executionId="fcc41efa-8ff2-47d7-85ee-afd6a778ffaf" testListId="8c84fa94-04c1-424b-9868-57a2d4851a1d" />
    <TestEntry testId="7863e25b-2679-2198-6c24-80dcdc161cf9" executionId="8516c228-4a68-4295-8a4a-45f1401d3c82" testListId="8c84fa94-04c1-424b-9868-57a2d4851a1d" />
    <TestEntry testId="923f1aa7-880c-4c72-8f5e-a07409280a9b" executionId="0a64e693-2c00-43a5-ad73-beaec8b9071c" testListId="8c84fa94-04c1-424b-9868-57a2d4851a1d" />
    <TestEntry testId="b7cfc484-cb4b-49fc-a4f0-d587f8a4ea1f" executionId="813944a0-be53-4ede-aa39-42292de64cbf" testListId="8c84fa94-04c1-424b-9868-57a2d4851a1d" />
    <TestEntry testId="add54532-7e20-f473-1fef-d0865cc9a84b" executionId="1a7b7288-63fc-4ff8-993b-ab208ef7946f" testListId="8c84fa94-04c1-424b-9868-57a2d4851a1d" />
    <TestEntry testId="a2c49861-8cfa-cfb9-a354-4ffbac34fc0c" executionId="459bff0f-58f6-410c-863f-b48a54ddcb4f" testListId="8c84fa94-04c1-424b-9868-57a2d4851a1d" />
    <TestEntry testId="b00294e4-8686-0263-7a25-105dca27e462" executionId="ed3c00ed-0240-4b32-a642-d463464a532d" testListId="8c84fa94-04c1-424b-9868-57a2d4851a1d" />
    <TestEntry testId="23557db4-cf2f-5c4a-81e2-b54970cb5a80" executionId="4a770cd3-a1ec-4940-a5d3-3cc6e91dbc21" testListId="8c84fa94-04c1-424b-9868-57a2d4851a1d" />
    <TestEntry testId="28b18be3-0a42-80b2-dd31-6ed6fce84202" executionId="958b26bc-002d-420b-87be-ae0e5e9278ee" testListId="8c84fa94-04c1-424b-9868-57a2d4851a1d" />
    <TestEntry testId="403a78e4-c46e-adcb-e74a-7da90bcef733" executionId="1f490344-ee68-4a50-a970-d3acbef7fb92" testListId="8c84fa94-04c1-424b-9868-57a2d4851a1d" />
    <TestEntry testId="058170fd-69e2-a7d3-64d2-1a307243ea90" executionId="55d3c3c1-774b-4cab-983e-ac0ae4a1ce24" testListId="8c84fa94-04c1-424b-9868-57a2d4851a1d" />
    <TestEntry testId="4f80de53-a9c2-6ff5-bbd6-96cbb2c56bea" executionId="7044bbd4-a22c-441c-9262-339b5956274f" testListId="8c84fa94-04c1-424b-9868-57a2d4851a1d" />
    <TestEntry testId="b87a1c99-d996-5e0b-a096-13dd2701c2c1" executionId="a2a57bae-53b6-4f64-921e-37ca7a051547" testListId="8c84fa94-04c1-424b-9868-57a2d4851a1d" />
    <TestEntry testId="4dadd341-55c4-2c66-0797-5674a8d63b8b" executionId="52790160-aef8-4928-8246-25796478c05a" testListId="8c84fa94-04c1-424b-9868-57a2d4851a1d" />
    <TestEntry testId="e5f806d4-832f-52ef-8b31-b0825a471642" executionId="1fe7eb9d-5622-428e-a4f8-47e88e505068" testListId="8c84fa94-04c1-424b-9868-57a2d4851a1d" />
    <TestEntry testId="0352ab5e-ef5f-b291-c33f-bb3ed2d6f909" executionId="2d45a6a4-39e4-4749-87d9-53e34ed21b8b" testListId="8c84fa94-04c1-424b-9868-57a2d4851a1d" />
    <TestEntry testId="bbaeb53f-2674-b2c2-8841-ab6f6884b997" executionId="70c3d9f2-ff4d-4744-a062-d1b07ac3a981" testListId="8c84fa94-04c1-424b-9868-57a2d4851a1d" />
    <TestEntry testId="3cc1b7a3-6a23-5d4a-8d17-b87aa291e5cf" executionId="84677e8a-9f5f-4a28-81b4-95504ddac004" testListId="8c84fa94-04c1-424b-9868-57a2d4851a1d" />
    <TestEntry testId="d4781dc2-7c6c-059d-3535-c27ddbecee56" executionId="4662859d-5d3e-4471-b2e8-735dc263f5e9" testListId="8c84fa94-04c1-424b-9868-57a2d4851a1d" />
    <TestEntry testId="cbd28a6e-603b-cdc1-8dd3-9bb5df99a9b4" executionId="ab2bd525-6323-4dc0-98d1-5631dfd2f76b" testListId="8c84fa94-04c1-424b-9868-57a2d4851a1d" />
    <TestEntry testId="4fb1e9eb-976d-db8c-6efc-0c953d97980e" executionId="7e64dbf2-3f85-4d2f-8f2b-e3d51e2375fa" testListId="8c84fa94-04c1-424b-9868-57a2d4851a1d" />
    <TestEntry testId="846a9eb5-5d29-1fe6-2752-1629db0ce419" executionId="d7e1ce71-9fcd-4126-b43a-fc503949fcc5" testListId="8c84fa94-04c1-424b-9868-57a2d4851a1d" />
    <TestEntry testId="3a44bf9a-8ca0-1e46-e5d0-584bd0cbe223" executionId="d721ba14-7692-4937-b63e-fd53b95272d8" testListId="8c84fa94-04c1-424b-9868-57a2d4851a1d" />
    <TestEntry testId="965562eb-8289-311d-8c35-1161a699ffcd" executionId="84f7303f-03b1-4fe6-9ef2-f502c41360ae" testListId="8c84fa94-04c1-424b-9868-57a2d4851a1d" />
    <TestEntry testId="3beeed46-879f-7c95-5996-20291cefba2d" executionId="4c23abd6-9514-4251-9bd6-dddb10548eb9" testListId="8c84fa94-04c1-424b-9868-57a2d4851a1d" />
    <TestEntry testId="9b197971-a4a0-f2e7-cf86-c42cab4fc0ac" executionId="3befec3c-50bf-4f37-818c-6e0e16009c26" testListId="8c84fa94-04c1-424b-9868-57a2d4851a1d" />
    <TestEntry testId="81d4eeef-857b-5bf1-5cd0-3e8726c4f84c" executionId="517ef3bc-091c-48d2-8b1b-7c711a550d43" testListId="8c84fa94-04c1-424b-9868-57a2d4851a1d" />
    <TestEntry testId="17258b23-ff23-da1c-73fb-351e418fb581" executionId="fdd67bb5-b577-4bd7-b861-bfa289318899" testListId="8c84fa94-04c1-424b-9868-57a2d4851a1d" />
    <TestEntry testId="9029e935-145d-d5fd-fae9-96c860349038" executionId="55e81042-10b1-4910-b59e-36908d736b56" testListId="8c84fa94-04c1-424b-9868-57a2d4851a1d" />
    <TestEntry testId="0ad4b394-46f3-87fb-eed4-e2c73091dff3" executionId="6ca29c18-9232-4700-8daf-4882d9d2b321" testListId="8c84fa94-04c1-424b-9868-57a2d4851a1d" />
    <TestEntry testId="110c5f83-752f-57c6-1e06-5ba87b7d2a16" executionId="39778cb3-034b-4b4d-9dae-7e925a9e1fdd" testListId="8c84fa94-04c1-424b-9868-57a2d4851a1d" />
    <TestEntry testId="f7f3f6a6-4ba1-e9bb-d8fc-f000e145af31" executionId="8fe1ef5c-81f3-4f23-ad86-3f59eeaeeaaf" testListId="8c84fa94-04c1-424b-9868-57a2d4851a1d" />
    <TestEntry testId="0d816db9-c190-9338-49a3-bd0095232832" executionId="98dd3aa7-a773-4377-8fb4-29d5dd2ececf" testListId="8c84fa94-04c1-424b-9868-57a2d4851a1d" />
    <TestEntry testId="c8fe984c-75b4-9cd0-54a9-6f5de670d21e" executionId="c8044f2b-d925-42f2-94b8-4b5a4bcebb7d" testListId="8c84fa94-04c1-424b-9868-57a2d4851a1d" />
    <TestEntry testId="81b361c4-c965-939e-7e57-636c62f4161d" executionId="9ee083a4-7450-4c77-b4be-3a79b6e1d502" testListId="8c84fa94-04c1-424b-9868-57a2d4851a1d" />
    <TestEntry testId="bc479aff-5943-50ba-916d-4ef25a516c49" executionId="1f9baacd-270d-48b1-b583-2540b13368f9" testListId="8c84fa94-04c1-424b-9868-57a2d4851a1d" />
    <TestEntry testId="9a1e0638-3454-96aa-be92-9d9c7a4bfa39" executionId="d6364b12-d739-42dd-bd5f-41e35e971525" testListId="8c84fa94-04c1-424b-9868-57a2d4851a1d" />
    <TestEntry testId="afb51d05-f3b7-7ba8-3b5a-420afd719c13" executionId="7e96fa40-b5bc-4f78-955f-a1178944439b" testListId="8c84fa94-04c1-424b-9868-57a2d4851a1d" />
    <TestEntry testId="483cfce3-3ff7-5b57-4c23-5d8fbcaf1d0a" executionId="543a3b0d-80d7-412f-a6db-bdbdb4d13fc4" testListId="8c84fa94-04c1-424b-9868-57a2d4851a1d" />
    <TestEntry testId="d72e9a2a-9534-badd-5a74-22ef698e678e" executionId="c57e4b93-5166-4929-bb47-fc7158e35e90" testListId="8c84fa94-04c1-424b-9868-57a2d4851a1d" />
    <TestEntry testId="8029d216-4010-3441-1bae-329046b8b3a9" executionId="a52182e6-6d5c-4ea7-9bb9-9728d6d57e43" testListId="8c84fa94-04c1-424b-9868-57a2d4851a1d" />
    <TestEntry testId="b15c0dd5-d448-b8b2-12b9-2297f983e50d" executionId="85734ef9-f80b-49e6-bb70-04d02ef0c6d3" testListId="8c84fa94-04c1-424b-9868-57a2d4851a1d" />
    <TestEntry testId="75190a91-bb67-9255-8853-c45d21832247" executionId="0eed3fab-fd14-4ccd-a315-9100cccd29e9" testListId="8c84fa94-04c1-424b-9868-57a2d4851a1d" />
    <TestEntry testId="e0ddb94a-4c42-ee26-7803-7c8bb915b98c" executionId="a2e4f3f4-4041-49d3-894b-bf257cae0c59" testListId="8c84fa94-04c1-424b-9868-57a2d4851a1d" />
    <TestEntry testId="2a52f03a-cddc-7860-41d6-2e4a73025212" executionId="1e7964f6-5a20-4b6a-bdd7-fe0cee13d9c9" testListId="8c84fa94-04c1-424b-9868-57a2d4851a1d" />
    <TestEntry testId="a7b3a0a1-b567-86d1-d16a-ead40656c5fa" executionId="7cff939d-e228-47e7-ae71-f084eebd5f69" testListId="8c84fa94-04c1-424b-9868-57a2d4851a1d" />
    <TestEntry testId="82925021-fc8d-b0e6-5578-b84c5fa8b18a" executionId="002fa830-5657-4644-b894-c591292539c5" testListId="8c84fa94-04c1-424b-9868-57a2d4851a1d" />
    <TestEntry testId="dc5553ed-c8db-34b6-aa61-f33cd39a8ce9" executionId="fac4cf1b-07fb-496a-8438-03b36c1b3983" testListId="8c84fa94-04c1-424b-9868-57a2d4851a1d" />
    <TestEntry testId="e70bd816-d0ac-eace-44c7-520cb1bd1024" executionId="67ba5951-07cf-4f81-892e-58f410253535" testListId="8c84fa94-04c1-424b-9868-57a2d4851a1d" />
    <TestEntry testId="117fa8ef-1259-0f08-beca-cde4c7f00c30" executionId="20f0b224-3b26-4e05-a6b3-6b9ceba8946a" testListId="8c84fa94-04c1-424b-9868-57a2d4851a1d" />
    <TestEntry testId="4190041e-4d7b-4cda-212b-4ae0c9029e36" executionId="23291794-add2-47cc-a9a4-250bbd95d09d" testListId="8c84fa94-04c1-424b-9868-57a2d4851a1d" />
    <TestEntry testId="a480eb88-b28c-a072-8d06-d39cc9a234d7" executionId="6ae6e190-9e97-4063-b2c8-ecb19f038e5b" testListId="8c84fa94-04c1-424b-9868-57a2d4851a1d" />
    <TestEntry testId="0d68917f-e0c8-8b03-5d02-6e8d6b862245" executionId="66cbe133-d390-4d94-98b1-21c7666117fd" testListId="8c84fa94-04c1-424b-9868-57a2d4851a1d" />
    <TestEntry testId="9d33f831-b29f-950b-6dda-1dc9cfbec78f" executionId="69077740-8134-4831-82ff-298fdaa18960" testListId="8c84fa94-04c1-424b-9868-57a2d4851a1d" />
    <TestEntry testId="343adaa4-a6b4-4217-fe91-ea0e91bd35db" executionId="b89f69cd-8e5d-4ffd-87d2-0c156a9f9c4c" testListId="8c84fa94-04c1-424b-9868-57a2d4851a1d" />
    <TestEntry testId="abb67912-1d6f-1304-0ce6-d0a01fbfb2dc" executionId="a4446c2d-49e1-4193-87fe-cf7aa18d0774" testListId="8c84fa94-04c1-424b-9868-57a2d4851a1d" />
    <TestEntry testId="044f4a26-7cbd-7c3b-61fb-5e7facd7c43c" executionId="97fb5919-4d2e-4722-af5b-36cf66e6c25a" testListId="8c84fa94-04c1-424b-9868-57a2d4851a1d" />
    <TestEntry testId="1ff772ea-316c-7a4b-bb91-f3ab3f44e05b" executionId="a7f326eb-b52f-4843-9fa1-e01bbb874da6" testListId="8c84fa94-04c1-424b-9868-57a2d4851a1d" />
    <TestEntry testId="e0bc5994-1c1d-ed47-7ea9-5075ce14af91" executionId="67f235fa-d5e3-4d46-a6d8-cc182bef1ead" testListId="8c84fa94-04c1-424b-9868-57a2d4851a1d" />
    <TestEntry testId="d84399e7-2094-11f2-58a1-ad3cf8b39c94" executionId="4227db10-b7f0-47c9-80b0-e3cf3091b23e" testListId="8c84fa94-04c1-424b-9868-57a2d4851a1d" />
    <TestEntry testId="532cb81a-df32-0fbd-c0b0-8629f10837bd" executionId="a3a83e86-c14d-4736-b729-e774bdecef6e" testListId="8c84fa94-04c1-424b-9868-57a2d4851a1d" />
    <TestEntry testId="8c7cfc0f-91dd-5926-50e6-959c77c2ec34" executionId="e3335250-d176-4895-9ea0-e320046653aa" testListId="8c84fa94-04c1-424b-9868-57a2d4851a1d" />
    <TestEntry testId="958a4635-0d5e-dda4-f61e-9578d9aa3b40" executionId="91016927-0ed6-4c75-b707-fd7668224794" testListId="8c84fa94-04c1-424b-9868-57a2d4851a1d" />
    <TestEntry testId="2978490b-f335-bd98-3d44-ea762b2e8674" executionId="0b24b5c2-f373-42bc-9012-c1bd37867fdd" testListId="8c84fa94-04c1-424b-9868-57a2d4851a1d" />
    <TestEntry testId="dbcd5ac4-1055-621c-a685-f7e5c606ee46" executionId="fcdd31dc-bfd3-4461-bdcf-8044d991a1cd" testListId="8c84fa94-04c1-424b-9868-57a2d4851a1d" />
    <TestEntry testId="113f0a6f-863e-d128-89b6-fd830e00edfd" executionId="22f34d6a-f8d3-4b5f-86d9-a25dfe9138a1" testListId="8c84fa94-04c1-424b-9868-57a2d4851a1d" />
    <TestEntry testId="9060f73f-d5fa-875e-8bed-572cba260200" executionId="c2ba259a-5388-4df6-8101-6f86b9fb9e34" testListId="8c84fa94-04c1-424b-9868-57a2d4851a1d" />
    <TestEntry testId="8ac6bfd4-1fa8-6445-4d9e-b8a25f795922" executionId="70f14e1f-c555-4986-8d0f-2e9a10641f36" testListId="8c84fa94-04c1-424b-9868-57a2d4851a1d" />
    <TestEntry testId="f701d271-970d-88b5-079f-6601babfed26" executionId="9c0f766d-8156-4e54-b27b-5eb80026682e" testListId="8c84fa94-04c1-424b-9868-57a2d4851a1d" />
    <TestEntry testId="3dd075ba-7c20-36ac-fd3e-ad2d99db0844" executionId="dcecf8c7-13c1-47ca-b30d-63e0ee3799b6" testListId="8c84fa94-04c1-424b-9868-57a2d4851a1d" />
    <TestEntry testId="311fde88-c34a-c749-87ef-d691bdbb01e5" executionId="5af4b068-4480-4e96-825d-0f975a0323b7" testListId="8c84fa94-04c1-424b-9868-57a2d4851a1d" />
    <TestEntry testId="b0e10c91-c024-4a15-62c7-840e030250c4" executionId="ee8adfc6-7177-40b9-b1ed-16a5ea8e7353" testListId="8c84fa94-04c1-424b-9868-57a2d4851a1d" />
    <TestEntry testId="b802935f-0eb0-14ff-4c95-9725f194073b" executionId="f3d9ea2f-e7c5-471f-ad52-8ba9e1aa42a6" testListId="8c84fa94-04c1-424b-9868-57a2d4851a1d" />
    <TestEntry testId="3b4fccf6-70be-2d9b-f5f2-d6283b7fde7b" executionId="0e8ba7d4-3904-4cd0-aac0-ef8400af0c8a" testListId="8c84fa94-04c1-424b-9868-57a2d4851a1d" />
    <TestEntry testId="bf7f705f-c3a5-d6a3-c61b-3ef06011aead" executionId="05795d2c-359b-4060-b23d-c73492a27243" testListId="8c84fa94-04c1-424b-9868-57a2d4851a1d" />
    <TestEntry testId="83492e0d-212b-a788-b283-557077b5c1d0" executionId="188683dc-34f9-48ae-8a9d-ecb590f829b4" testListId="8c84fa94-04c1-424b-9868-57a2d4851a1d" />
    <TestEntry testId="a2ceebde-d242-3694-fb90-e4ca65781850" executionId="8ebb9901-1217-4763-a5e1-e20d65d30163" testListId="8c84fa94-04c1-424b-9868-57a2d4851a1d" />
    <TestEntry testId="dda1789b-98bf-2ab4-b6fb-aff5b89b7425" executionId="5b5d28d2-3866-439e-9790-102d8c34ef7d" testListId="8c84fa94-04c1-424b-9868-57a2d4851a1d" />
    <TestEntry testId="14084b93-5aba-08b1-aca1-53c6d97f4819" executionId="948b4ce2-28fb-458b-8d23-43ad01878b3f" testListId="8c84fa94-04c1-424b-9868-57a2d4851a1d" />
    <TestEntry testId="acb1a3bd-713e-4d7a-4e0c-8e617e64d48b" executionId="ee321029-7eb1-490a-a121-a41e42aba8d0" testListId="8c84fa94-04c1-424b-9868-57a2d4851a1d" />
    <TestEntry testId="221c6f5c-67df-3e64-4570-740aa30cf80e" executionId="eb705520-db34-4f31-89e2-0d35074764c7" testListId="8c84fa94-04c1-424b-9868-57a2d4851a1d" />
    <TestEntry testId="568e27a2-2d92-2560-0d4d-7360cf22e5e8" executionId="8f457374-437a-481d-90a5-61955e3d691e" testListId="8c84fa94-04c1-424b-9868-57a2d4851a1d" />
    <TestEntry testId="6bcb61d5-27f5-0fda-d895-8ea5b1245aab" executionId="f66a1ed7-3247-468a-9e9a-8b72a62d5deb" testListId="8c84fa94-04c1-424b-9868-57a2d4851a1d" />
    <TestEntry testId="8717c557-1272-1ca3-c2f1-71d1819ddb50" executionId="599bc011-cff3-40c9-b90c-9c0a5ff6c9ed" testListId="8c84fa94-04c1-424b-9868-57a2d4851a1d" />
    <TestEntry testId="3e00ced7-c9ef-e081-8698-0bfc18ba5ea0" executionId="d407b241-6958-40bd-9bb4-cde3d4ebc9fa" testListId="8c84fa94-04c1-424b-9868-57a2d4851a1d" />
    <TestEntry testId="9a8b0630-7fe0-b955-d569-785b1cb3be21" executionId="72381d30-9187-49a5-82b6-9ea3ddf02c15" testListId="8c84fa94-04c1-424b-9868-57a2d4851a1d" />
    <TestEntry testId="87ce29ae-fa70-7faa-19b8-94e3041ec68c" executionId="71779504-7d16-45ad-add5-64b798d4f7d2" testListId="8c84fa94-04c1-424b-9868-57a2d4851a1d" />
    <TestEntry testId="0fc44201-8e69-82b3-88da-4213b7a1319c" executionId="d3af4444-d04b-408d-970c-1ac80d7a4bac" testListId="8c84fa94-04c1-424b-9868-57a2d4851a1d" />
    <TestEntry testId="84b3e980-bdbe-5014-755b-538d50035c46" executionId="b02b2ecf-0ac2-47c8-8f58-8d365e8ddc72" testListId="8c84fa94-04c1-424b-9868-57a2d4851a1d" />
    <TestEntry testId="727eace4-6f24-f89e-4093-133963eb0bdd" executionId="5456210f-2226-477c-898c-52d4e9c14f97" testListId="8c84fa94-04c1-424b-9868-57a2d4851a1d" />
    <TestEntry testId="cc27b110-75f5-fa85-b001-d22c68a54aec" executionId="d318dcd7-57f8-43c1-882f-725a8424624a" testListId="8c84fa94-04c1-424b-9868-57a2d4851a1d" />
    <TestEntry testId="abed422e-8ff0-5810-3b31-84bfdebdfcc3" executionId="1dffb6cd-1498-4078-97f2-24dad50c71a8" testListId="8c84fa94-04c1-424b-9868-57a2d4851a1d" />
    <TestEntry testId="785adfea-b9ff-19b0-fdb3-0e5d5ad68924" executionId="d672b130-b077-4f26-b9c6-00849976e14b" testListId="8c84fa94-04c1-424b-9868-57a2d4851a1d" />
    <TestEntry testId="96fc4cfc-b0cb-85d1-dba2-d547b6f8865a" executionId="96e07fdb-9e6d-491e-b7a8-b69de7f5f60c" testListId="8c84fa94-04c1-424b-9868-57a2d4851a1d" />
    <TestEntry testId="7800ded3-3f95-f40a-3aae-7b7a07c1c0ae" executionId="fa95c8d5-f5f4-406b-8bf6-d2f22724c5ad" testListId="8c84fa94-04c1-424b-9868-57a2d4851a1d" />
    <TestEntry testId="b7dfb3e8-2e47-78f3-b474-5d161942d69f" executionId="5ba69115-d07f-4952-8244-f6db96de471c" testListId="8c84fa94-04c1-424b-9868-57a2d4851a1d" />
    <TestEntry testId="949114ce-b635-6899-abf2-c4e97a411c85" executionId="008753f2-e637-4400-b9b3-fee1e2eceb19" testListId="8c84fa94-04c1-424b-9868-57a2d4851a1d" />
    <TestEntry testId="1c3a0b3c-9d39-e423-34b0-23113deccc9a" executionId="cb49dd0d-0a02-4742-8775-af9054bd9c9c" testListId="8c84fa94-04c1-424b-9868-57a2d4851a1d" />
    <TestEntry testId="85a2369e-6316-dbc2-97b3-7104e8e43977" executionId="475b4fb9-6264-42d8-97cd-3cc2167ca4cc" testListId="8c84fa94-04c1-424b-9868-57a2d4851a1d" />
    <TestEntry testId="8781c4e8-8f6b-fc4e-fad2-e4adb8260be9" executionId="0c122f4f-3ae3-40eb-87c9-e8a7b3499676" testListId="8c84fa94-04c1-424b-9868-57a2d4851a1d" />
    <TestEntry testId="a4ca9f4d-7da9-49ee-3144-e59fceacf949" executionId="d2f58eb4-c55c-4219-bc6f-c3fac43951d7" testListId="8c84fa94-04c1-424b-9868-57a2d4851a1d" />
    <TestEntry testId="694752a6-f80f-3cf2-2854-db6d5b4b1e01" executionId="a91b96a6-f55e-4c31-8a1d-332a16b23ffa" testListId="8c84fa94-04c1-424b-9868-57a2d4851a1d" />
    <TestEntry testId="3c8130e7-463f-39e3-1454-66e2409862a6" executionId="dadd5b54-041f-4871-bf01-aee9c2f972f3" testListId="8c84fa94-04c1-424b-9868-57a2d4851a1d" />
    <TestEntry testId="a565b306-850e-b284-c6c4-6f49c2eabf91" executionId="c28e1bd2-1eba-49d4-b6ab-c3ff27a8b6fb" testListId="8c84fa94-04c1-424b-9868-57a2d4851a1d" />
    <TestEntry testId="95462bd9-0187-1112-acdc-9a03ca385aa9" executionId="e3c7caed-1cf3-4f26-aa66-7dbff0568841" testListId="8c84fa94-04c1-424b-9868-57a2d4851a1d" />
    <TestEntry testId="8427d757-e615-3911-b8e1-c6a9d939c66c" executionId="9aa3c386-1db6-4f02-b218-f384dffcd465" testListId="8c84fa94-04c1-424b-9868-57a2d4851a1d" />
    <TestEntry testId="0f3901de-ced3-95a2-d7b7-1fb73bba7570" executionId="3cd0b990-36ed-41be-9b10-ae8e60cec75d" testListId="8c84fa94-04c1-424b-9868-57a2d4851a1d" />
    <TestEntry testId="1a4e885e-6ffc-c617-8987-ed7778452758" executionId="12a0ff1c-f550-4e7b-8b40-cfad2d7bbc34" testListId="8c84fa94-04c1-424b-9868-57a2d4851a1d" />
    <TestEntry testId="074b42c5-f1ad-52e6-005b-319d157cb31a" executionId="ef3134be-1fac-4f38-a6c3-ea65dac9974f" testListId="8c84fa94-04c1-424b-9868-57a2d4851a1d" />
    <TestEntry testId="0fd90a39-90c9-a28c-8d05-c52712094258" executionId="b8268fb7-8caa-4a02-b5c7-9d92d34e054e" testListId="8c84fa94-04c1-424b-9868-57a2d4851a1d" />
    <TestEntry testId="1ae4eff8-6b2f-6b05-41a0-15eb97967c7f" executionId="a523ae4f-dd85-4bf5-bd40-af90b778d0a0" testListId="8c84fa94-04c1-424b-9868-57a2d4851a1d" />
    <TestEntry testId="b063cbf8-fbea-b941-bdb6-591483cd4018" executionId="d1ea3989-701d-4104-85f8-d5d9615c9725" testListId="8c84fa94-04c1-424b-9868-57a2d4851a1d" />
    <TestEntry testId="204823b6-de51-5dbf-961f-bc00c64fcbfd" executionId="ab99d931-7c96-416d-b508-d3792c5d87ab" testListId="8c84fa94-04c1-424b-9868-57a2d4851a1d" />
    <TestEntry testId="663c2ea1-d59f-cd44-9dca-0512735453ca" executionId="294f0603-502c-4709-88b4-477d4dae3ebe" testListId="8c84fa94-04c1-424b-9868-57a2d4851a1d" />
    <TestEntry testId="64d2c8ef-e8dc-d27f-690f-41ed527ac20a" executionId="223aaef3-66ed-47ce-be28-37674705b764" testListId="8c84fa94-04c1-424b-9868-57a2d4851a1d" />
    <TestEntry testId="9e880996-cd5c-0f52-e791-ea181de9a9e4" executionId="00047016-c8ff-4bdc-8e18-47b689669292" testListId="8c84fa94-04c1-424b-9868-57a2d4851a1d" />
    <TestEntry testId="4672bcf4-734d-4ad9-761e-d152a3dbb36b" executionId="86848381-07c9-4518-a647-4121da3a6f2a" testListId="8c84fa94-04c1-424b-9868-57a2d4851a1d" />
    <TestEntry testId="67e6b479-6adc-62fc-07f6-d8999cdcc3cc" executionId="2ecd0314-6c33-44b4-b4fc-79dd66d33af2" testListId="8c84fa94-04c1-424b-9868-57a2d4851a1d" />
    <TestEntry testId="843dae0b-b140-3d67-5588-10bfec2781a8" executionId="c8603280-ff77-485b-9269-a3e98e03edf5" testListId="8c84fa94-04c1-424b-9868-57a2d4851a1d" />
    <TestEntry testId="e976302a-a37c-8679-9199-ce1bff08e845" executionId="ad8defd3-c80d-4ade-90e0-9c3121dbd43f" testListId="8c84fa94-04c1-424b-9868-57a2d4851a1d" />
    <TestEntry testId="4729feb7-4741-1ecd-d16a-200494d70780" executionId="49a83a4e-c0a6-47c1-bd17-a0e7f881f888" testListId="8c84fa94-04c1-424b-9868-57a2d4851a1d" />
    <TestEntry testId="d4e46870-eb38-895f-fa8d-62938fc8e119" executionId="ba2387bf-f0ff-4e11-b3b8-52f31b9f91d0" testListId="8c84fa94-04c1-424b-9868-57a2d4851a1d" />
    <TestEntry testId="9636a1f1-1232-f981-d42a-36589836bff4" executionId="e893afff-a0d8-4e78-9d30-4b3826638758" testListId="8c84fa94-04c1-424b-9868-57a2d4851a1d" />
    <TestEntry testId="833aec2e-c0ac-4112-94cf-5fa375595a9e" executionId="8a80ba76-ad18-4042-96a5-6e46a228dbf4" testListId="8c84fa94-04c1-424b-9868-57a2d4851a1d" />
    <TestEntry testId="7f459878-6a38-694e-ae10-2238a011c770" executionId="46be0fa0-757c-423b-bd3a-9e233339b84b" testListId="8c84fa94-04c1-424b-9868-57a2d4851a1d" />
    <TestEntry testId="1a9497ea-544a-7067-529f-b7c94b2f8c7f" executionId="b62473d2-2c22-4152-a04b-abec87a4fba8" testListId="8c84fa94-04c1-424b-9868-57a2d4851a1d" />
    <TestEntry testId="70311a0a-2853-d903-384a-e493017e2da4" executionId="a3319e36-a7ce-43fd-8e14-7fe0286236bb" testListId="8c84fa94-04c1-424b-9868-57a2d4851a1d" />
    <TestEntry testId="862de922-2beb-921d-d13a-0b59aae77f6b" executionId="10212f6c-4352-4c9a-b099-3e5e938e963f" testListId="8c84fa94-04c1-424b-9868-57a2d4851a1d" />
    <TestEntry testId="c64dde4b-44bc-09e7-e376-39c843a2f827" executionId="428dbf63-8680-4c2b-8a03-7094b17e5fed" testListId="8c84fa94-04c1-424b-9868-57a2d4851a1d" />
    <TestEntry testId="a9befe17-1a37-48c6-1312-217259747307" executionId="73d00b0f-8dc5-4dec-9b33-473a3de289a5" testListId="8c84fa94-04c1-424b-9868-57a2d4851a1d" />
    <TestEntry testId="376aa488-622a-ef3d-865f-34b9990a82be" executionId="2912e80f-4ffa-4ba4-81c7-2dec4a7868bc" testListId="8c84fa94-04c1-424b-9868-57a2d4851a1d" />
    <TestEntry testId="5764435e-95eb-e757-9f1b-c59c8d326b1c" executionId="78a3ee77-d46a-4376-811d-ba9d570fae1d" testListId="8c84fa94-04c1-424b-9868-57a2d4851a1d" />
    <TestEntry testId="227dae21-47d4-ba20-0c10-f41a6c7e9f9c" executionId="7af1b7b4-72f2-4f5e-9b9f-c432d561b32a" testListId="8c84fa94-04c1-424b-9868-57a2d4851a1d" />
    <TestEntry testId="13b2a1dd-d764-6ad5-a674-3e86cc761e8a" executionId="9c183784-9b4e-49db-ab16-14ead8b54d86" testListId="8c84fa94-04c1-424b-9868-57a2d4851a1d" />
    <TestEntry testId="6fb4919f-9275-fa65-8704-748d9ebfe4e0" executionId="b1f40b4f-892a-4006-9d3c-ff7cfac28599" testListId="8c84fa94-04c1-424b-9868-57a2d4851a1d" />
    <TestEntry testId="6f067ff4-f915-05c2-a0a4-f5e23793ba9b" executionId="8548cd86-b1a6-497a-bbc3-871e3680d68c" testListId="8c84fa94-04c1-424b-9868-57a2d4851a1d" />
    <TestEntry testId="88e52a12-1a52-4078-5db4-c86ba1c3b447" executionId="85756428-95c3-40e6-91f8-311cde1833ad" testListId="8c84fa94-04c1-424b-9868-57a2d4851a1d" />
    <TestEntry testId="673f3e73-dfeb-8ed6-a405-443eef7a608a" executionId="b81fbe29-407d-4a6d-bffe-882d7ce5103d" testListId="8c84fa94-04c1-424b-9868-57a2d4851a1d" />
    <TestEntry testId="e9db157d-7d85-2810-0c2d-91345491fde3" executionId="91270cf6-64fe-4043-a138-431ce3982dc4" testListId="8c84fa94-04c1-424b-9868-57a2d4851a1d" />
    <TestEntry testId="5abecf11-14e8-1dec-27ca-77abbda42776" executionId="03df2949-fb0c-425a-a315-3a68fd72de9f" testListId="8c84fa94-04c1-424b-9868-57a2d4851a1d" />
    <TestEntry testId="01c01ca3-1cfc-215a-ffeb-b8e6d0ef2e1f" executionId="0d88acc3-6694-46fa-8373-39e84c79d531" testListId="8c84fa94-04c1-424b-9868-57a2d4851a1d" />
    <TestEntry testId="31b52586-5789-6780-65c0-3c8320c10bb3" executionId="d19880c5-7066-438f-9e4c-a43e3d224192" testListId="8c84fa94-04c1-424b-9868-57a2d4851a1d" />
    <TestEntry testId="380c2d79-325d-3409-b945-e63fa33fc5f3" executionId="0ff950de-69ed-46b7-9efd-60394e35b36f" testListId="8c84fa94-04c1-424b-9868-57a2d4851a1d" />
    <TestEntry testId="ec15ac28-e259-9e0e-79de-b4c8ed950c52" executionId="ecbeef6a-f900-4ae9-8b58-a3503b02ec4f" testListId="8c84fa94-04c1-424b-9868-57a2d4851a1d" />
    <TestEntry testId="ef6e5d44-4248-113e-0569-ec93691b2771" executionId="6167cff7-9354-4dbe-a201-3c06a128a7a5" testListId="8c84fa94-04c1-424b-9868-57a2d4851a1d" />
    <TestEntry testId="a8a50f03-3329-f171-e632-4989e995a587" executionId="28b1d8ff-e630-4546-9eaa-577fa018ba26" testListId="8c84fa94-04c1-424b-9868-57a2d4851a1d" />
    <TestEntry testId="c4234132-b84d-ff6e-5128-178403da1d67" executionId="5565492c-2bde-4fd1-b655-36e35a7a1ae2" testListId="8c84fa94-04c1-424b-9868-57a2d4851a1d" />
    <TestEntry testId="9029e935-145d-d5fd-fae9-96c860349038" executionId="f0af99ce-d480-462e-abc8-825eb41b1480" testListId="8c84fa94-04c1-424b-9868-57a2d4851a1d" />
    <TestEntry testId="d39f566a-6448-5523-5e51-422943258ba3" executionId="7e337db8-1ef9-483d-abd9-cf9aa47e671e" testListId="8c84fa94-04c1-424b-9868-57a2d4851a1d" />
    <TestEntry testId="744b677d-0c71-fc1a-e1ca-cb97cabb4a84" executionId="4d27171c-c627-41b9-8885-d8a2daee5a12" testListId="8c84fa94-04c1-424b-9868-57a2d4851a1d" />
    <TestEntry testId="fd7a9f23-20c6-7435-b6cf-fa7d550f66d0" executionId="8d566b76-2fbc-4d69-8146-74c79389f2c8" testListId="8c84fa94-04c1-424b-9868-57a2d4851a1d" />
    <TestEntry testId="5e565792-e4b8-6770-32ea-67c3fa2ad1ab" executionId="0ed29a41-577d-4839-b327-b2168a921c96" testListId="8c84fa94-04c1-424b-9868-57a2d4851a1d" />
    <TestEntry testId="c10d4fd4-740d-9f46-fe03-3b1c2cb7d5c2" executionId="ef013bc1-c244-4c11-acd3-9fcfb7c1e1ec" testListId="8c84fa94-04c1-424b-9868-57a2d4851a1d" />
    <TestEntry testId="add162a8-f1ad-a5bc-d7cc-f7fa5d66acf8" executionId="e975e210-421b-4381-8af3-275855f09642" testListId="8c84fa94-04c1-424b-9868-57a2d4851a1d" />
    <TestEntry testId="1b422f57-785f-39b3-2e48-19335b37060e" executionId="7142a5cc-c6fa-49d0-b686-d3e81fa07cc4" testListId="8c84fa94-04c1-424b-9868-57a2d4851a1d" />
    <TestEntry testId="fcfc9cad-5753-f6cc-59a6-f568d4caf2fd" executionId="e0180018-d581-4657-baf5-6a3208f3251e" testListId="8c84fa94-04c1-424b-9868-57a2d4851a1d" />
    <TestEntry testId="f342c369-1b63-ac09-7592-3bbf19ea7792" executionId="1b2bc574-7a4c-4ef6-b520-146c311ad333" testListId="8c84fa94-04c1-424b-9868-57a2d4851a1d" />
    <TestEntry testId="51eb78b3-47f8-22f8-16bb-8f1455db269f" executionId="0445d6d4-476a-4edc-bf76-09f06b9e0154" testListId="8c84fa94-04c1-424b-9868-57a2d4851a1d" />
    <TestEntry testId="51482505-ca37-9cd6-7636-ffa697390b81" executionId="7f2eea1f-bf91-4e81-a783-ba108919f4f9" testListId="8c84fa94-04c1-424b-9868-57a2d4851a1d" />
    <TestEntry testId="ff39d078-db32-05c4-cda1-a2362a7ad157" executionId="14ffe4db-b0ab-41c7-b050-1968b28b4997" testListId="8c84fa94-04c1-424b-9868-57a2d4851a1d" />
    <TestEntry testId="bc299358-874f-d04a-92ad-e691bf3c092e" executionId="d50239d1-bad7-482f-a0e2-7a71c606ca7c" testListId="8c84fa94-04c1-424b-9868-57a2d4851a1d" />
    <TestEntry testId="4b4d5e86-475e-c148-8766-115d68041442" executionId="eb7273fd-5d81-4253-839c-b78cebac0652" testListId="8c84fa94-04c1-424b-9868-57a2d4851a1d" />
    <TestEntry testId="e9caefce-c71e-206f-c8b4-a603b26c14bb" executionId="6d6d8c28-fec0-4b9f-a404-a84cc52df963" testListId="8c84fa94-04c1-424b-9868-57a2d4851a1d" />
    <TestEntry testId="48054fb2-bd75-c8f4-21b2-fc21c0457ce0" executionId="971c1467-a1b2-4498-a94d-8acd7acfe22a" testListId="8c84fa94-04c1-424b-9868-57a2d4851a1d" />
    <TestEntry testId="03a16989-cfc5-ab34-8c7c-ef90806b02a7" executionId="beb67608-096f-4abb-9afd-bb6897da2a77" testListId="8c84fa94-04c1-424b-9868-57a2d4851a1d" />
    <TestEntry testId="0a4e5b36-6578-df3d-cfd2-3d6ee660820a" executionId="3d726cf1-b8e3-4cbf-b43b-b2c5ae1b7f55" testListId="8c84fa94-04c1-424b-9868-57a2d4851a1d" />
    <TestEntry testId="6e773555-d3bc-18e6-58f4-6a33d2e565e0" executionId="82848997-ba78-47f4-ad5e-adca945ea650" testListId="8c84fa94-04c1-424b-9868-57a2d4851a1d" />
    <TestEntry testId="33dd535d-bccc-f095-c4f3-483569c16d21" executionId="ba6cc4d2-703f-4b94-a2d8-4764dcba0c12" testListId="8c84fa94-04c1-424b-9868-57a2d4851a1d" />
    <TestEntry testId="b3f5f35c-92f5-1335-49e4-d72ffb56774b" executionId="e9a2fd7a-75f4-44fa-b1b8-0becd7ba3511" testListId="8c84fa94-04c1-424b-9868-57a2d4851a1d" />
    <TestEntry testId="42b5cf79-6dbd-73ce-f336-4c9a97122aad" executionId="9fdb4a9d-59d3-4f02-934e-7fb3fbd8e793" testListId="8c84fa94-04c1-424b-9868-57a2d4851a1d" />
    <TestEntry testId="80485e03-b7b7-4e18-0bc2-2cf35c60e815" executionId="6c9f5485-b85a-4d18-b809-c831aaad4cf9" testListId="8c84fa94-04c1-424b-9868-57a2d4851a1d" />
    <TestEntry testId="75ab4f71-3b38-2c11-9aa3-99e6e265b21d" executionId="b29d7a2b-d3b1-4a5a-ae1e-34829d1afc2c" testListId="8c84fa94-04c1-424b-9868-57a2d4851a1d" />
    <TestEntry testId="aa968540-b42d-3b72-16d5-0bf3327fa8b4" executionId="f6a32f85-ec81-46c2-b934-8e6b8a03a1b8" testListId="8c84fa94-04c1-424b-9868-57a2d4851a1d" />
    <TestEntry testId="d628b9e8-ecd7-5880-2e1a-54156c671e9a" executionId="6525c73f-865c-4b41-9fec-d2f512dd0a81" testListId="8c84fa94-04c1-424b-9868-57a2d4851a1d" />
    <TestEntry testId="dfe3fd2e-b517-b2eb-b2e2-30f7a11293dd" executionId="1f264814-5aae-4ade-a57c-12e5e5f54c62" testListId="8c84fa94-04c1-424b-9868-57a2d4851a1d" />
    <TestEntry testId="3ca183c0-19b7-c862-e0ae-e783adb3e613" executionId="a24b8f00-953d-49bb-a9f7-26b76a7a4513" testListId="8c84fa94-04c1-424b-9868-57a2d4851a1d" />
    <TestEntry testId="c620d01b-a235-adbe-ef3b-c8f7cbb07bda" executionId="a0086247-1858-45ed-9f68-347f7c495314" testListId="8c84fa94-04c1-424b-9868-57a2d4851a1d" />
    <TestEntry testId="9029e935-145d-d5fd-fae9-96c860349038" executionId="1f81d78f-e187-48e4-b58c-89e4d7a4ae0a" testListId="8c84fa94-04c1-424b-9868-57a2d4851a1d" />
    <TestEntry testId="7a29bb4c-872a-7722-5bfa-4ff03f288d37" executionId="b6c6e085-22d1-4e26-9699-2a63d85abab5" testListId="8c84fa94-04c1-424b-9868-57a2d4851a1d" />
    <TestEntry testId="165e0853-e6ec-d7d3-2c96-375c649002cc" executionId="ddfcebda-0319-4473-9056-a8ad531ef393" testListId="8c84fa94-04c1-424b-9868-57a2d4851a1d" />
    <TestEntry testId="5f513201-29bd-f30b-cd65-0841ae9bbb63" executionId="e15de67f-e5fe-403a-ac21-9da1920ab817" testListId="8c84fa94-04c1-424b-9868-57a2d4851a1d" />
    <TestEntry testId="95263003-a60e-ad32-6d79-b2420a12e34b" executionId="48cc93c7-94ee-4860-915b-f58af20bf48d" testListId="8c84fa94-04c1-424b-9868-57a2d4851a1d" />
    <TestEntry testId="926d43bc-6a30-b23f-6308-169a0af031e0" executionId="76f81d9f-e86a-4075-827f-dc91aa299236" testListId="8c84fa94-04c1-424b-9868-57a2d4851a1d" />
    <TestEntry testId="411bf916-58a4-1dad-e0e6-3f86688192cf" executionId="9b5baa1d-6fab-4257-9bba-a5883b5e55cb" testListId="8c84fa94-04c1-424b-9868-57a2d4851a1d" />
    <TestEntry testId="a721bda0-d060-fd7b-5877-e579358eb55b" executionId="56835652-a9d1-4a84-8638-80d2b3445eba" testListId="8c84fa94-04c1-424b-9868-57a2d4851a1d" />
    <TestEntry testId="14375da6-0c80-56ea-8d0d-fd5af8584025" executionId="395fc5e9-f133-4fbb-ac49-f730121b09aa" testListId="8c84fa94-04c1-424b-9868-57a2d4851a1d" />
    <TestEntry testId="0e000a76-c424-1348-5a62-7f5cf04c0b5a" executionId="0a717a79-6af5-451a-9cfb-429064b52f1c" testListId="8c84fa94-04c1-424b-9868-57a2d4851a1d" />
    <TestEntry testId="e671fc0c-9f3c-71e0-8b22-c4f68d735e7f" executionId="6f494b18-9ff5-4156-8867-c71551c1298b" testListId="8c84fa94-04c1-424b-9868-57a2d4851a1d" />
    <TestEntry testId="dbcf26cf-e43a-3a61-c59e-b7d73dca07b5" executionId="8e6bb63b-af61-4c4e-8e12-e831c7f24cac" testListId="8c84fa94-04c1-424b-9868-57a2d4851a1d" />
    <TestEntry testId="6bca5693-82fe-719f-17b6-6224c9668233" executionId="3411a162-1631-4a5c-a5f7-5c31f301fba5" testListId="8c84fa94-04c1-424b-9868-57a2d4851a1d" />
    <TestEntry testId="7f46d23c-5d7c-d0cd-6885-7066d3b47889" executionId="ccfe76e4-e9db-4103-8288-446ea3291e34" testListId="8c84fa94-04c1-424b-9868-57a2d4851a1d" />
    <TestEntry testId="dd6a6056-335a-e790-dd5c-836d1beab39a" executionId="9a118a03-37e6-4580-86b3-a9ee2a601ca4" testListId="8c84fa94-04c1-424b-9868-57a2d4851a1d" />
    <TestEntry testId="aa47cc05-cff7-e883-f784-0ec23d2be9d9" executionId="c3ad8c57-9f00-4a6b-bbb9-377346f6919e" testListId="8c84fa94-04c1-424b-9868-57a2d4851a1d" />
    <TestEntry testId="1b358bc1-458b-910a-26a9-b665d6fb08b0" executionId="2c43b465-d9d6-4f43-a9c7-0d75e1bbbb75" testListId="8c84fa94-04c1-424b-9868-57a2d4851a1d" />
    <TestEntry testId="bfa2e036-0b0c-2621-93e6-fae23f6d7c6d" executionId="296b22bc-e62d-43eb-ab56-e5f3b9bd0013" testListId="8c84fa94-04c1-424b-9868-57a2d4851a1d" />
    <TestEntry testId="2696c9e3-385a-1f49-5d53-6a80871ac3fe" executionId="fc06a663-4ec2-4d4a-8155-262209ed5a7e" testListId="8c84fa94-04c1-424b-9868-57a2d4851a1d" />
    <TestEntry testId="f8edaabc-4dde-c771-27c5-00bf75b12606" executionId="8ad2819c-c9af-46bf-bd3f-59220a07439d" testListId="8c84fa94-04c1-424b-9868-57a2d4851a1d" />
    <TestEntry testId="758ded00-253a-01de-65f8-b4892f2d016b" executionId="f592e836-4fcd-4971-8eae-4ea48a020994" testListId="8c84fa94-04c1-424b-9868-57a2d4851a1d" />
    <TestEntry testId="f482a2f5-ee23-f9e4-c2fa-729d4fc94abb" executionId="9b83288d-e23b-45bd-ab2f-adb52c581496" testListId="8c84fa94-04c1-424b-9868-57a2d4851a1d" />
    <TestEntry testId="863152b5-1e2c-356b-c14c-cd62911ba167" executionId="9674c27a-aa71-442d-8fdf-008b47c8419b" testListId="8c84fa94-04c1-424b-9868-57a2d4851a1d" />
    <TestEntry testId="f948b06a-352e-85e9-1354-e9aec0364e60" executionId="489f68b5-b571-48e8-bd3b-672a8d992d71" testListId="8c84fa94-04c1-424b-9868-57a2d4851a1d" />
    <TestEntry testId="ce2cf82c-5810-0ccc-465a-37da15418741" executionId="623ab54e-d298-4b7b-b832-621e5172035f" testListId="8c84fa94-04c1-424b-9868-57a2d4851a1d" />
    <TestEntry testId="d8aaa504-6178-a22d-3fb8-ce2b255c46bf" executionId="02f7b109-f9b8-4dbb-a5b2-ad8ce65f240e" testListId="8c84fa94-04c1-424b-9868-57a2d4851a1d" />
    <TestEntry testId="028566f8-b92e-8888-84dd-3fb5690b9d88" executionId="5167784c-196a-4118-9232-70ce121d30a9" testListId="8c84fa94-04c1-424b-9868-57a2d4851a1d" />
    <TestEntry testId="80e1e452-82cf-b088-db40-d28f7d32c62d" executionId="1c328d91-74a4-45c4-908b-6b8173d836c7" testListId="8c84fa94-04c1-424b-9868-57a2d4851a1d" />
    <TestEntry testId="41f04a9d-5df2-9e79-b05d-aaa6c4b08e60" executionId="4ad8a6d6-dfbc-48e3-aad9-465b5a3bade0" testListId="8c84fa94-04c1-424b-9868-57a2d4851a1d" />
    <TestEntry testId="aa6b509d-ef33-e576-b983-961276c69241" executionId="17b169a8-ff5b-4c91-9007-5b1cdc22d6e1" testListId="8c84fa94-04c1-424b-9868-57a2d4851a1d" />
    <TestEntry testId="9586cc92-f1bb-653a-bd17-70b79fb89f50" executionId="79aca4c1-d6f7-41a0-86bd-b669e4125ca1" testListId="8c84fa94-04c1-424b-9868-57a2d4851a1d" />
    <TestEntry testId="b5155b68-06cf-ff0d-b5a3-6677768f61c2" executionId="7b499ddd-b439-4f50-838b-4fa3ee1bd13a" testListId="8c84fa94-04c1-424b-9868-57a2d4851a1d" />
    <TestEntry testId="a11326b9-3454-b2a2-061f-4440307800dc" executionId="0bdfe96e-7300-4309-9bf6-2b2536c8313b" testListId="8c84fa94-04c1-424b-9868-57a2d4851a1d" />
    <TestEntry testId="9dcc893b-d6ef-d5e3-81ca-720cad492687" executionId="7e55d436-2e3b-4b99-8150-3c72ec132ee3" testListId="8c84fa94-04c1-424b-9868-57a2d4851a1d" />
    <TestEntry testId="7bad54ac-e807-b7de-c086-e2462b8bfb21" executionId="dc101a9f-29e7-4557-89a4-8484f1de9a1c" testListId="8c84fa94-04c1-424b-9868-57a2d4851a1d" />
    <TestEntry testId="a23b4ce6-5a10-4f53-6d78-06dd8b92b431" executionId="be07fd5b-723e-487e-ac7e-2ea4e9b08f7c" testListId="8c84fa94-04c1-424b-9868-57a2d4851a1d" />
    <TestEntry testId="f472fa58-6e18-42be-4063-867fef6b02e5" executionId="0c964237-2c37-49ec-9a52-a2244184cd6d" testListId="8c84fa94-04c1-424b-9868-57a2d4851a1d" />
    <TestEntry testId="7a16e0cb-4e01-7898-4d17-e4adaaac865e" executionId="fc6e27fa-3610-4f14-9d36-cdd55f9e661d" testListId="8c84fa94-04c1-424b-9868-57a2d4851a1d" />
    <TestEntry testId="603c4aa1-d1a2-454e-a0ed-ef37e0b81ab7" executionId="d7da5551-0c5e-4d26-a123-1cef5a0979dd" testListId="8c84fa94-04c1-424b-9868-57a2d4851a1d" />
    <TestEntry testId="920a2918-af9a-e3ed-e910-d0d07bf9fed3" executionId="16a7ba30-dac4-4a85-a222-d7e1be9d3d89" testListId="8c84fa94-04c1-424b-9868-57a2d4851a1d" />
    <TestEntry testId="a7073313-f063-a674-8d00-3ff21318e1ce" executionId="73dd180e-9c03-4c0c-953c-e656b506e6e1" testListId="8c84fa94-04c1-424b-9868-57a2d4851a1d" />
    <TestEntry testId="8338d7c2-18e7-4534-499f-88d705208b50" executionId="5944f0c6-6833-45bf-ab12-2e02017e9ab3" testListId="8c84fa94-04c1-424b-9868-57a2d4851a1d" />
    <TestEntry testId="d2ac6e2c-d244-6600-ac41-33c9ad0aa47c" executionId="60d2725b-4af4-474b-b00e-bd39c6470371" testListId="8c84fa94-04c1-424b-9868-57a2d4851a1d" />
    <TestEntry testId="55849d48-8f3f-820c-27fa-98e4f30a7358" executionId="b5da82aa-4fad-4717-a26d-2f2d8dd228c6" testListId="8c84fa94-04c1-424b-9868-57a2d4851a1d" />
    <TestEntry testId="c16f8099-6dbb-2cba-9e36-c36b7b8492a9" executionId="871d6eaa-d01e-47b3-a21c-7fc14a4c2724" testListId="8c84fa94-04c1-424b-9868-57a2d4851a1d" />
    <TestEntry testId="6de4aab5-2fa1-b939-34a5-199a14825407" executionId="078b161e-ccde-4670-8651-5030895a8afe" testListId="8c84fa94-04c1-424b-9868-57a2d4851a1d" />
    <TestEntry testId="de09b4c2-8c85-fd07-a4bd-ac2ed052171a" executionId="f6640a59-6167-4a17-bee0-e87d7bd53bd5" testListId="8c84fa94-04c1-424b-9868-57a2d4851a1d" />
    <TestEntry testId="a189583c-978a-c969-def3-f27770df3054" executionId="34f9d0c5-80f3-47aa-9823-e7ceaa8fffbf" testListId="8c84fa94-04c1-424b-9868-57a2d4851a1d" />
    <TestEntry testId="98e4ae88-2a6f-4ea6-fc3c-66faedd2526c" executionId="85877050-f951-452f-a818-8521bb557a3e" testListId="8c84fa94-04c1-424b-9868-57a2d4851a1d" />
    <TestEntry testId="9dd385ef-b7c1-a45d-9dea-e00dc401f11c" executionId="99b0b017-98ce-49e5-8728-fdafea220a14" testListId="8c84fa94-04c1-424b-9868-57a2d4851a1d" />
    <TestEntry testId="f23cbfaa-bd0e-0a68-964c-aedac70dbd89" executionId="4648c2ac-3e51-47a2-ada2-0cd222f4723a" testListId="8c84fa94-04c1-424b-9868-57a2d4851a1d" />
    <TestEntry testId="d4872f30-d2e7-fc1d-f456-df3197080a48" executionId="0cbbd7bd-3f2b-49fa-9e00-9b8b79c94571" testListId="8c84fa94-04c1-424b-9868-57a2d4851a1d" />
    <TestEntry testId="2a167ce1-2e85-c399-ed2a-4777d927b987" executionId="1421715b-7b90-46ac-9f82-cda17ea38ad5" testListId="8c84fa94-04c1-424b-9868-57a2d4851a1d" />
    <TestEntry testId="7bc99a94-0c53-913f-78d1-d1b66b08b925" executionId="f0c11d07-dfe7-4e58-9b16-6703a69011af" testListId="8c84fa94-04c1-424b-9868-57a2d4851a1d" />
    <TestEntry testId="40975595-da4a-f761-4446-28adcce54b50" executionId="61d68f61-b90f-4249-9e2c-0ace766bc23d" testListId="8c84fa94-04c1-424b-9868-57a2d4851a1d" />
    <TestEntry testId="cb7e0b0b-265a-1cd7-8d28-4bc375b72be8" executionId="4f02df6e-b992-49fc-a4dc-e55498bd44a9" testListId="8c84fa94-04c1-424b-9868-57a2d4851a1d" />
    <TestEntry testId="ac792034-f247-0505-126f-c91db503a0d1" executionId="5e3987da-849b-4ea6-b5a6-2aa7054e1a2f" testListId="8c84fa94-04c1-424b-9868-57a2d4851a1d" />
    <TestEntry testId="d8b647c6-ef54-f676-621e-8f04d1dc548d" executionId="37fd5cc7-2eee-45b0-a6d5-45d1673cf4dc" testListId="8c84fa94-04c1-424b-9868-57a2d4851a1d" />
    <TestEntry testId="4aa175c2-c268-2aa8-a9f4-2e34c2367c47" executionId="e6cda634-6b01-47e9-9f40-24a2156776e4" testListId="8c84fa94-04c1-424b-9868-57a2d4851a1d" />
    <TestEntry testId="2e3adaa4-ba6e-d91b-783c-2bb11efe1b7a" executionId="7debf864-3325-4074-bdae-752d2afea1e9" testListId="8c84fa94-04c1-424b-9868-57a2d4851a1d" />
    <TestEntry testId="ea5a4ea7-1d9c-b14b-b54d-c59f326749f2" executionId="29f9d6de-a282-4408-83ae-648d945da460" testListId="8c84fa94-04c1-424b-9868-57a2d4851a1d" />
    <TestEntry testId="102b1376-858e-c079-f8d2-05ad7ca84e2b" executionId="1ac05fe0-ddc8-499e-91cb-24f02d29c379" testListId="8c84fa94-04c1-424b-9868-57a2d4851a1d" />
    <TestEntry testId="5fd77bc3-628f-79b5-9bc7-14dea7ab0867" executionId="c1cd1b02-d3ee-4cee-b8cd-ccfb38eabf95" testListId="8c84fa94-04c1-424b-9868-57a2d4851a1d" />
    <TestEntry testId="92df0312-a314-f2ad-872b-182bbef5a446" executionId="e11356c9-afc0-4a9b-b3ae-6cb394f84d20" testListId="8c84fa94-04c1-424b-9868-57a2d4851a1d" />
    <TestEntry testId="0aa70671-374f-7770-8a94-a9ce6a48572f" executionId="7f576ff3-1530-4443-838d-a52230fc7ab1" testListId="8c84fa94-04c1-424b-9868-57a2d4851a1d" />
    <TestEntry testId="d075e987-3000-b723-e176-5d1d494fc6f2" executionId="4af09cb0-6115-4405-bc3f-0a9e1e858b6e" testListId="8c84fa94-04c1-424b-9868-57a2d4851a1d" />
    <TestEntry testId="6480e990-929e-4f74-6838-96e2b97d0c00" executionId="ea1ec94f-4e2a-4c4d-a99c-16232d9f18eb" testListId="8c84fa94-04c1-424b-9868-57a2d4851a1d" />
    <TestEntry testId="f4a64d46-5162-ebbc-c6d5-bf9ee224f0ba" executionId="c8b55d76-e517-4a03-a53e-d02307302837" testListId="8c84fa94-04c1-424b-9868-57a2d4851a1d" />
    <TestEntry testId="b0e999aa-6f2d-cdfd-39f2-77fd8d2611be" executionId="db061127-4e84-46dc-aed5-4456fa9d6230" testListId="8c84fa94-04c1-424b-9868-57a2d4851a1d" />
    <TestEntry testId="91ffcb1a-560f-f3c6-61e7-9aaab2d982dc" executionId="8827fbcf-aa78-4172-a52b-c2246d00803e" testListId="8c84fa94-04c1-424b-9868-57a2d4851a1d" />
    <TestEntry testId="1827dddb-e32e-3062-ab3d-687741a79313" executionId="11654f31-4329-49e0-ab2f-847ff43d6668" testListId="8c84fa94-04c1-424b-9868-57a2d4851a1d" />
    <TestEntry testId="6ea25a13-961a-d8b8-8741-00e7f42d7603" executionId="935be039-1741-4084-b854-e33625f6d472" testListId="8c84fa94-04c1-424b-9868-57a2d4851a1d" />
    <TestEntry testId="1a5d20b5-3e71-5ce5-a87e-e4e29bb0d7d5" executionId="98a2731b-b7d3-42cd-9d44-108f1031d0b0" testListId="8c84fa94-04c1-424b-9868-57a2d4851a1d" />
    <TestEntry testId="62ccd416-325f-fc18-4621-c0f70b480ec4" executionId="b6554d56-bb3f-4804-a2ad-acbf559eb7d5" testListId="8c84fa94-04c1-424b-9868-57a2d4851a1d" />
    <TestEntry testId="11bc7ddd-0334-e311-f2a7-f381145ec805" executionId="0c8ed151-ad69-442a-9f35-69601f0b33c2" testListId="8c84fa94-04c1-424b-9868-57a2d4851a1d" />
    <TestEntry testId="9029e935-145d-d5fd-fae9-96c860349038" executionId="3ea1a652-a332-4ada-93b7-8745023daa13" testListId="8c84fa94-04c1-424b-9868-57a2d4851a1d" />
    <TestEntry testId="43ebd83e-9e77-e80a-e383-3f96bfb58151" executionId="0a3fa05d-8b5b-4f3e-8f6a-529c3a1831e2" testListId="8c84fa94-04c1-424b-9868-57a2d4851a1d" />
    <TestEntry testId="4857c902-d3db-1acf-7754-f8c2fceb17a8" executionId="67a57386-55de-4e26-9814-9fd27ff37c14" testListId="8c84fa94-04c1-424b-9868-57a2d4851a1d" />
    <TestEntry testId="b504ac94-d24b-65b3-ca37-c7d43c96a4da" executionId="e1b13a66-d95c-4810-85e2-d9cf8ab21af3" testListId="8c84fa94-04c1-424b-9868-57a2d4851a1d" />
    <TestEntry testId="4af45186-897f-200d-9f00-a1608aaab093" executionId="44ffa9ce-0c18-4182-b741-bb56958784a9" testListId="8c84fa94-04c1-424b-9868-57a2d4851a1d" />
    <TestEntry testId="c0259e91-f91b-42ff-6977-459d0c7782fd" executionId="62cd299a-f495-4430-baa2-04c4ab7bc8c9" testListId="8c84fa94-04c1-424b-9868-57a2d4851a1d" />
    <TestEntry testId="3c716f34-734b-16bb-9f28-27f6b4a026ec" executionId="ad0242d9-f7fc-46bd-adfd-b0b37d42f2ca" testListId="8c84fa94-04c1-424b-9868-57a2d4851a1d" />
    <TestEntry testId="af1e35a2-62a8-4a4f-249d-2b9ad620f97f" executionId="f9826042-3e9b-4539-a6d8-d5d1063e2396" testListId="8c84fa94-04c1-424b-9868-57a2d4851a1d" />
    <TestEntry testId="dcdbbe69-ab49-7246-fc1b-b94cfe92e639" executionId="6082d6f7-b678-45e1-8aac-4fc28efe9cec" testListId="8c84fa94-04c1-424b-9868-57a2d4851a1d" />
    <TestEntry testId="f3077786-632a-26ad-8d51-86ff9f306fe4" executionId="9b47fff6-3801-4d1b-934c-75137c70e992" testListId="8c84fa94-04c1-424b-9868-57a2d4851a1d" />
    <TestEntry testId="4efc28b2-fe1f-f63d-e78f-1c7f34702762" executionId="0db63779-729c-4b33-af78-a47c1e493970" testListId="8c84fa94-04c1-424b-9868-57a2d4851a1d" />
    <TestEntry testId="702b2a99-3d22-8fb5-d555-a5570edf1677" executionId="8b832d0e-e4d4-498c-ae84-f6f1bc2861ab" testListId="8c84fa94-04c1-424b-9868-57a2d4851a1d" />
    <TestEntry testId="f80158fa-d75f-54b9-6b80-4f00a7c4aaf2" executionId="0ac21eff-df88-4298-88d0-a5eb434569f8" testListId="8c84fa94-04c1-424b-9868-57a2d4851a1d" />
    <TestEntry testId="fbac2a6f-2233-86d4-ebd9-d19d11941509" executionId="5c3a9ac9-a63b-4681-87f0-28e3b1b51312" testListId="8c84fa94-04c1-424b-9868-57a2d4851a1d" />
    <TestEntry testId="fde63fcf-969d-dfa6-38ad-696fd5d00bc2" executionId="af7fcbd5-4cd6-4087-9f62-efad2eb5f02c" testListId="8c84fa94-04c1-424b-9868-57a2d4851a1d" />
    <TestEntry testId="0e8eb8b8-1a42-be54-07c1-244508590add" executionId="d70d09ed-b17d-4960-a694-9fbc347cdb55" testListId="8c84fa94-04c1-424b-9868-57a2d4851a1d" />
    <TestEntry testId="b9c24147-fbc0-a069-bdd6-759f76e4ceca" executionId="be75073e-0ca5-4a01-9126-2f1273f96738" testListId="8c84fa94-04c1-424b-9868-57a2d4851a1d" />
    <TestEntry testId="b95925c6-4417-d47a-19a9-e46062ab44bc" executionId="a9258d21-2be3-46ee-8e00-d11273a5ab43" testListId="8c84fa94-04c1-424b-9868-57a2d4851a1d" />
    <TestEntry testId="6785fdff-345e-55ce-2159-cac1962fde04" executionId="418e2f14-e44c-4cfc-9f17-739d23f51ef1" testListId="8c84fa94-04c1-424b-9868-57a2d4851a1d" />
    <TestEntry testId="ceb42b69-4329-8c68-9d19-b6fb1b9c3ef1" executionId="7a12ea7f-0e11-4e3d-af84-d691c3b93e9c" testListId="8c84fa94-04c1-424b-9868-57a2d4851a1d" />
    <TestEntry testId="90f79a7f-93e8-4862-4be1-6691fb292404" executionId="6eb15b9c-096d-478e-a03b-0cfc859988e1" testListId="8c84fa94-04c1-424b-9868-57a2d4851a1d" />
    <TestEntry testId="d02218a8-fae4-70d3-39b6-dbd98bfacc73" executionId="fec81773-a69d-4087-9fc6-341fcce60f6d" testListId="8c84fa94-04c1-424b-9868-57a2d4851a1d" />
    <TestEntry testId="8711fcc3-eab8-86a0-2ca3-46b7c717fdd4" executionId="5dad7390-3662-4267-b298-a996ac1369e6" testListId="8c84fa94-04c1-424b-9868-57a2d4851a1d" />
    <TestEntry testId="ba333333-3cb8-334f-91af-f5ad79143e8f" executionId="33b59066-bf65-474f-b798-4d564dd716c3" testListId="8c84fa94-04c1-424b-9868-57a2d4851a1d" />
    <TestEntry testId="16850f24-a3f3-b035-b0b3-7c99490a9542" executionId="6c69f92a-2cdc-40af-b221-fab0e60e356e" testListId="8c84fa94-04c1-424b-9868-57a2d4851a1d" />
    <TestEntry testId="e27c79a9-96f0-c6eb-4cec-029a6b6b7927" executionId="0b1aba66-b4fe-462c-9b05-dfd6120f9e82" testListId="8c84fa94-04c1-424b-9868-57a2d4851a1d" />
    <TestEntry testId="a1f63b95-bed0-b504-3aa1-12bbb203c9f9" executionId="98546609-ca47-4d0c-94e1-b08c4a296de1" testListId="8c84fa94-04c1-424b-9868-57a2d4851a1d" />
    <TestEntry testId="0edc3f32-14dd-b812-075b-a9e435bcc1ca" executionId="50d5d2f3-be25-4577-93cf-604048d4da45" testListId="8c84fa94-04c1-424b-9868-57a2d4851a1d" />
    <TestEntry testId="ee53e0e4-b55d-0010-076b-5818fc51a7bf" executionId="73215b29-5693-48c4-8970-c38d82adaa6d" testListId="8c84fa94-04c1-424b-9868-57a2d4851a1d" />
    <TestEntry testId="6a8a8393-b45c-5684-e668-393262a5478a" executionId="ca7042b1-f22f-445c-9955-bbc6fbd0f655" testListId="8c84fa94-04c1-424b-9868-57a2d4851a1d" />
    <TestEntry testId="7a5350b3-34d1-bd37-e8d8-d06d15c440d2" executionId="95d6530d-a63c-480b-9a55-0422048b2660" testListId="8c84fa94-04c1-424b-9868-57a2d4851a1d" />
    <TestEntry testId="80e1e452-82cf-b088-db40-d28f7d32c62d" executionId="d8a94de3-7716-4d99-9cb4-5807d51dcf32" testListId="8c84fa94-04c1-424b-9868-57a2d4851a1d" />
    <TestEntry testId="2b4d39ea-1010-36f3-4fa9-2911297ae4a4" executionId="860a53de-78b9-4ca4-8a5c-69073d22bef2" testListId="8c84fa94-04c1-424b-9868-57a2d4851a1d" />
    <TestEntry testId="ed1eba09-8472-7b1b-0969-bd05029178c2" executionId="1ee4fce8-b823-40b7-b742-178aa0f5ea50" testListId="8c84fa94-04c1-424b-9868-57a2d4851a1d" />
    <TestEntry testId="229876bb-741e-424e-6d09-7576e2519ca6" executionId="7b4c101a-5543-448b-bfb2-1ab0063e6098" testListId="8c84fa94-04c1-424b-9868-57a2d4851a1d" />
    <TestEntry testId="450403dd-612e-6c5e-cdd7-e2b614d0687c" executionId="d1b90845-b0fa-44c6-9c83-dc37813f358b" testListId="8c84fa94-04c1-424b-9868-57a2d4851a1d" />
    <TestEntry testId="7e1fdf53-1cce-0f14-6eba-6df4732e28ac" executionId="0dfd8d05-489a-42d8-ad01-7ecc8ff76910" testListId="8c84fa94-04c1-424b-9868-57a2d4851a1d" />
    <TestEntry testId="f4609267-8826-6634-3e91-b8471488e292" executionId="4a5be91a-7654-4a0f-8e56-50e9c3f37cdb" testListId="8c84fa94-04c1-424b-9868-57a2d4851a1d" />
    <TestEntry testId="ddbacd2a-c40a-102c-db67-c9bb149b6b99" executionId="1447094d-c3ff-4294-85bc-bb7ca70c8985" testListId="8c84fa94-04c1-424b-9868-57a2d4851a1d" />
    <TestEntry testId="7480cb9c-3d2a-334b-c8f7-266fc8075bc0" executionId="f4aff82c-2345-4c4e-859c-58e0e5f9b00e" testListId="8c84fa94-04c1-424b-9868-57a2d4851a1d" />
    <TestEntry testId="f41a40ab-384f-e635-88d2-0deb0549b00c" executionId="70b1d5c4-1d29-4eba-a093-9b9f82d83ae5" testListId="8c84fa94-04c1-424b-9868-57a2d4851a1d" />
    <TestEntry testId="c1eeed7f-e4ec-7e8c-7de0-e6cd997c3f16" executionId="5cd8d277-84c2-4053-b73e-fdcb2b24e747" testListId="8c84fa94-04c1-424b-9868-57a2d4851a1d" />
    <TestEntry testId="ea3dc3ca-b9db-c951-f087-38b03fc1d7df" executionId="68ce675f-34b3-49a5-8350-c3c57aaf5859" testListId="8c84fa94-04c1-424b-9868-57a2d4851a1d" />
    <TestEntry testId="2b698e66-74fb-6c00-069a-969a34e3db3a" executionId="d0a3d47b-d3f5-4196-8dfd-9bcc0e9a8377" testListId="8c84fa94-04c1-424b-9868-57a2d4851a1d" />
    <TestEntry testId="8ecade2b-3ad6-f16a-0138-df9b1b58928f" executionId="bc931909-6d9f-4d17-865a-862fe77efa2b" testListId="8c84fa94-04c1-424b-9868-57a2d4851a1d" />
    <TestEntry testId="b1a54d71-5c4b-5e18-0c40-6a96ee3db5e8" executionId="71fb5d97-0516-42c3-83d7-36f150bf58b3" testListId="8c84fa94-04c1-424b-9868-57a2d4851a1d" />
    <TestEntry testId="642e6019-2faa-a30d-dbaf-ea59f97e9c72" executionId="bbd831b2-a6b3-4565-8190-ca85e73ffdcb" testListId="8c84fa94-04c1-424b-9868-57a2d4851a1d" />
    <TestEntry testId="93ea4899-517e-c6f1-21bb-544e5f026df8" executionId="9b50309b-7604-41bd-aa9e-1efdc378cb5a" testListId="8c84fa94-04c1-424b-9868-57a2d4851a1d" />
    <TestEntry testId="37ae04ae-6997-0ecf-07a1-64b6d7659569" executionId="a8631213-9236-4d62-ae06-9420a26bca8b" testListId="8c84fa94-04c1-424b-9868-57a2d4851a1d" />
    <TestEntry testId="3898ccc9-d005-6a67-598e-bc078f848ef1" executionId="d50e8f65-b96a-451c-99b9-614ff2e0a27c" testListId="8c84fa94-04c1-424b-9868-57a2d4851a1d" />
    <TestEntry testId="32fec1f9-c048-b0a8-7432-484e5a8663c8" executionId="57a17eda-4edb-45cf-bdae-034e5cb030c0" testListId="8c84fa94-04c1-424b-9868-57a2d4851a1d" />
    <TestEntry testId="842bf4ca-6371-3a8a-228b-d721ac1b9eb1" executionId="840241d4-ee7c-48c4-b083-760b9cc3e88f" testListId="8c84fa94-04c1-424b-9868-57a2d4851a1d" />
    <TestEntry testId="232f8949-7296-2b4c-d535-61493d92276d" executionId="8a207715-8005-43ac-bd12-dd11e9fa76fd" testListId="8c84fa94-04c1-424b-9868-57a2d4851a1d" />
    <TestEntry testId="76f114f4-6a41-0573-26af-b718e6fbb07c" executionId="5ab268f1-ca18-4018-9e51-ba4b20605848" testListId="8c84fa94-04c1-424b-9868-57a2d4851a1d" />
    <TestEntry testId="3faa4dab-caeb-2298-7011-c6556cbbddc1" executionId="573beffb-91ac-4227-9831-1ac0ead1c368" testListId="8c84fa94-04c1-424b-9868-57a2d4851a1d" />
    <TestEntry testId="c126ef38-de54-9d14-e11c-edf70abaf073" executionId="1aebae70-92db-4101-8513-51ad468caf11" testListId="8c84fa94-04c1-424b-9868-57a2d4851a1d" />
    <TestEntry testId="eef2616b-2ca4-c350-22c0-5b72ecd848dd" executionId="e7b93590-cb53-4dd4-8714-7fc6e1cc1275" testListId="8c84fa94-04c1-424b-9868-57a2d4851a1d" />
    <TestEntry testId="e2466cfc-7e0f-fee8-93df-e8c746cb8a63" executionId="a63d562d-14bb-42d7-9cea-437aabd97cae" testListId="8c84fa94-04c1-424b-9868-57a2d4851a1d" />
    <TestEntry testId="50eff704-edc5-bb65-d2be-7ddc270e7a86" executionId="4c884338-c347-4986-83cd-6852e81b592a" testListId="8c84fa94-04c1-424b-9868-57a2d4851a1d" />
    <TestEntry testId="da72df1e-3911-6673-65ef-dc8a157dd1ea" executionId="e1bcca9f-1b1a-4948-9952-484748a73dbc" testListId="8c84fa94-04c1-424b-9868-57a2d4851a1d" />
    <TestEntry testId="820765dc-029b-30df-a6e4-7e3395cecf69" executionId="01450e85-ab80-43c1-8203-bd3acf35f336" testListId="8c84fa94-04c1-424b-9868-57a2d4851a1d" />
    <TestEntry testId="d974494d-63ae-7806-8273-c958d7210490" executionId="9e275103-5c8f-4ae6-b921-74ab58b84667" testListId="8c84fa94-04c1-424b-9868-57a2d4851a1d" />
    <TestEntry testId="1e845a4d-c6af-6717-84e9-62ec3d2affe9" executionId="a9dca5e9-2132-487c-a017-f3c97630f075" testListId="8c84fa94-04c1-424b-9868-57a2d4851a1d" />
    <TestEntry testId="d14ec128-bbfb-0096-f562-be494b986880" executionId="02ae1699-1d8d-433d-8d5e-680290673a86" testListId="8c84fa94-04c1-424b-9868-57a2d4851a1d" />
    <TestEntry testId="77b1b206-b293-8add-d0dd-e8f3149cd45e" executionId="7a980366-3d5a-4650-9018-2bdb57f466ce" testListId="8c84fa94-04c1-424b-9868-57a2d4851a1d" />
    <TestEntry testId="62a83c18-891b-449e-7f90-a5e43688fbf0" executionId="028b48ac-ff03-4ee3-94a7-cec0bfa7d46b" testListId="8c84fa94-04c1-424b-9868-57a2d4851a1d" />
    <TestEntry testId="2690c66e-1a17-c167-c5a2-9a34963b7540" executionId="91166bb2-a706-4c39-95e6-554e901e415f" testListId="8c84fa94-04c1-424b-9868-57a2d4851a1d" />
    <TestEntry testId="134dc4da-478b-60fb-2dfc-b3d26508bd1a" executionId="e2b64fdd-a18b-4dd6-ad01-8ad052285dba" testListId="8c84fa94-04c1-424b-9868-57a2d4851a1d" />
    <TestEntry testId="88eff823-fbf7-7507-7019-8e0b7f4937d4" executionId="c59d0d5f-9cf5-4d2e-9e05-b1b4a81951f9" testListId="8c84fa94-04c1-424b-9868-57a2d4851a1d" />
    <TestEntry testId="652e2acd-4b9b-c94b-6cb4-ec087b7c4d43" executionId="e9986de2-4fc6-4d84-a2a9-cf49869f721a" testListId="8c84fa94-04c1-424b-9868-57a2d4851a1d" />
    <TestEntry testId="bca73f19-3fcc-16d4-a031-f2f6afaf40ee" executionId="cc4d2b83-c10f-4717-b503-3bec1da253c6" testListId="8c84fa94-04c1-424b-9868-57a2d4851a1d" />
    <TestEntry testId="a0e10027-a764-ad05-f981-a17a6b93cae5" executionId="69417d8c-7bca-4cc7-b6dc-ea48d92fce3a" testListId="8c84fa94-04c1-424b-9868-57a2d4851a1d" />
    <TestEntry testId="e0ca0f50-e0fe-3af6-65f6-228d57aa9d13" executionId="f6ddccca-c33b-4241-9a33-1ef5af93e745" testListId="8c84fa94-04c1-424b-9868-57a2d4851a1d" />
    <TestEntry testId="b18c5783-3346-0ed2-7230-790ae4df554b" executionId="53fdbfcc-5f73-4d14-b7fc-bb350f630c35" testListId="8c84fa94-04c1-424b-9868-57a2d4851a1d" />
    <TestEntry testId="731f7e19-89ff-c108-ad63-9eb46b5c0a59" executionId="a96bb809-3271-470e-944d-974c6d2f7fbb" testListId="8c84fa94-04c1-424b-9868-57a2d4851a1d" />
    <TestEntry testId="eb8cc7fe-9fe8-0f19-c373-e4f56eaad478" executionId="c1189b34-02c4-4b16-bd26-11bf571642b9" testListId="8c84fa94-04c1-424b-9868-57a2d4851a1d" />
    <TestEntry testId="3a37d654-c030-a07d-9c40-73fc97223ffe" executionId="d67c58c8-dcd6-4b78-9080-df8568379aac" testListId="8c84fa94-04c1-424b-9868-57a2d4851a1d" />
    <TestEntry testId="b0824442-ef79-c269-aac7-84f27339359e" executionId="29bdadd2-acca-4aba-a885-537100a8fc16" testListId="8c84fa94-04c1-424b-9868-57a2d4851a1d" />
    <TestEntry testId="4ccdfeb9-004d-3fe2-5c2e-c79ef1dd5941" executionId="0e6f704b-72d3-4410-906e-99c49e018938" testListId="8c84fa94-04c1-424b-9868-57a2d4851a1d" />
    <TestEntry testId="7b40f6f2-095c-b718-ce38-5d349c806839" executionId="d0936dd9-1b35-436e-8f87-08e7de8c9f22" testListId="8c84fa94-04c1-424b-9868-57a2d4851a1d" />
    <TestEntry testId="06671719-51c0-06b8-b1b7-8927e1da93cb" executionId="c61176c3-57ca-4d3d-9d40-5066f3708603" testListId="8c84fa94-04c1-424b-9868-57a2d4851a1d" />
    <TestEntry testId="72a98ab7-40b5-c78d-22d4-3cffe98aa29f" executionId="1bbcd7b9-1287-4420-80f4-d255e0e42c9a" testListId="8c84fa94-04c1-424b-9868-57a2d4851a1d" />
    <TestEntry testId="31b9ac86-ff3a-2d5f-32cb-aba7e18815ce" executionId="1e2a09b9-2ecc-4dd8-9229-3997f4a9b82c" testListId="8c84fa94-04c1-424b-9868-57a2d4851a1d" />
    <TestEntry testId="fbe353e8-c445-3d4e-0596-dbc13a8e8e1e" executionId="1b25221f-03e6-426a-b9a1-6f7f296505bc" testListId="8c84fa94-04c1-424b-9868-57a2d4851a1d" />
    <TestEntry testId="047ae752-4baa-4950-c45b-96826b207ed0" executionId="0fe9efb9-ce64-4cbf-965a-8b1155228b35" testListId="8c84fa94-04c1-424b-9868-57a2d4851a1d" />
    <TestEntry testId="0d6f4d12-30c4-770e-7e76-c3c94335926a" executionId="5171502d-4acd-4d2f-8c5b-ce3aaf7982c4" testListId="8c84fa94-04c1-424b-9868-57a2d4851a1d" />
    <TestEntry testId="a2585aed-0f0c-4b5a-b559-bb2fb6af779c" executionId="700ee84f-43a8-4559-9d5a-583761f1f0af" testListId="8c84fa94-04c1-424b-9868-57a2d4851a1d" />
    <TestEntry testId="13e00d9f-1356-be26-5e63-c3874f003845" executionId="1ec9bea7-ac21-4d1e-93a6-971b41807836" testListId="8c84fa94-04c1-424b-9868-57a2d4851a1d" />
    <TestEntry testId="c435aae9-5b22-bdd0-e52d-6186cac6a468" executionId="e16aa981-c118-48a1-ae2b-3835c428fa2a" testListId="8c84fa94-04c1-424b-9868-57a2d4851a1d" />
    <TestEntry testId="d0c51da7-1dd7-d068-f152-d898ea188859" executionId="ace3eb69-baa7-42c1-bdc8-14932c430d42" testListId="8c84fa94-04c1-424b-9868-57a2d4851a1d" />
    <TestEntry testId="660d3fbc-11c9-2181-8c43-b82c5f6b1504" executionId="8841cfdd-adfe-484e-a291-48f052fdaf2b" testListId="8c84fa94-04c1-424b-9868-57a2d4851a1d" />
    <TestEntry testId="c729309e-9f99-768d-510f-3057a1bf771b" executionId="5a42c246-0459-4b61-8248-96e1bd333dd7" testListId="8c84fa94-04c1-424b-9868-57a2d4851a1d" />
    <TestEntry testId="69b3d945-2a1b-80c9-0ef7-10272f3bf7eb" executionId="ac0bfa71-748f-48ea-864d-974325710edd" testListId="8c84fa94-04c1-424b-9868-57a2d4851a1d" />
    <TestEntry testId="b970da34-c722-c5ca-a09c-f43a81894d73" executionId="42d6d73a-a6a0-4ab4-8446-6cc918117c7c" testListId="8c84fa94-04c1-424b-9868-57a2d4851a1d" />
    <TestEntry testId="bd1c2cab-1265-633f-739a-62f24eef82f7" executionId="97585c21-0610-4584-b76d-66cb7d41b3df" testListId="8c84fa94-04c1-424b-9868-57a2d4851a1d" />
    <TestEntry testId="e072681a-a667-cb13-263c-17284bfd2cca" executionId="18b9ad9d-15df-48e9-b554-a1a363f45b6a" testListId="8c84fa94-04c1-424b-9868-57a2d4851a1d" />
    <TestEntry testId="deaca624-52c0-c1cd-66a2-a22703cf16ef" executionId="127ac763-a8fd-4e83-881f-4f335eb3d417" testListId="8c84fa94-04c1-424b-9868-57a2d4851a1d" />
    <TestEntry testId="a8f4b6d2-f49f-cfb1-a73f-419bc32fb67e" executionId="26449af5-e31c-42f9-9fc1-08c379f634f2" testListId="8c84fa94-04c1-424b-9868-57a2d4851a1d" />
    <TestEntry testId="1a438984-8e5e-2cb0-c251-969595afcd3b" executionId="6ec3ea48-2880-48c9-84f1-3559863e7445" testListId="8c84fa94-04c1-424b-9868-57a2d4851a1d" />
    <TestEntry testId="8fb02973-b048-8216-b7ce-b352b4c4fa12" executionId="59d9679f-ad62-4f98-a922-fa24c0b92385" testListId="8c84fa94-04c1-424b-9868-57a2d4851a1d" />
    <TestEntry testId="e998f77e-77b2-7e10-d8db-3813eb8031aa" executionId="10fcf917-7079-408c-81ae-a9e16d3f3191" testListId="8c84fa94-04c1-424b-9868-57a2d4851a1d" />
    <TestEntry testId="7191513c-28f2-659c-e5d2-897223e1317f" executionId="bee086fb-ca4f-4bf3-b104-9a9323341742" testListId="8c84fa94-04c1-424b-9868-57a2d4851a1d" />
    <TestEntry testId="3369c6d4-ee50-9d6e-0705-4fc6884cc7fb" executionId="4ab13a40-7c3a-48f9-8d8e-586a844dd7d7" testListId="8c84fa94-04c1-424b-9868-57a2d4851a1d" />
    <TestEntry testId="c4726943-b1e4-7dec-138b-79d3b9940013" executionId="2ba4a6f7-3443-44d5-8ea1-f53de9e5ff6d" testListId="8c84fa94-04c1-424b-9868-57a2d4851a1d" />
    <TestEntry testId="5a499a63-0d2f-5e8b-f84d-d4c0ec13dea2" executionId="4b0cc65a-0dbe-4fad-a6ca-49881a19d5ac" testListId="8c84fa94-04c1-424b-9868-57a2d4851a1d" />
    <TestEntry testId="188f8c25-7b8a-3022-0d47-4b40a28cebbb" executionId="e32a83f1-784e-40fb-86f7-a847ada6a5df" testListId="8c84fa94-04c1-424b-9868-57a2d4851a1d" />
    <TestEntry testId="82d78304-b48c-9515-7f8e-4adb71fd31ee" executionId="d5248aad-7055-46bf-9dcd-cfc546800367" testListId="8c84fa94-04c1-424b-9868-57a2d4851a1d" />
    <TestEntry testId="907e6cbe-4234-cd51-c51e-c0122588864e" executionId="f7d747c9-b969-4853-9293-ed1435cd7af9" testListId="8c84fa94-04c1-424b-9868-57a2d4851a1d" />
    <TestEntry testId="bd651570-26ef-748e-338b-ea4a28651cdb" executionId="234fbf9e-644d-4495-96a8-17f6157118a7" testListId="8c84fa94-04c1-424b-9868-57a2d4851a1d" />
    <TestEntry testId="c98efbf5-2f3d-50a2-5f38-9c6abe3c1c8e" executionId="1daf1eb4-5e43-4bb2-9608-77be30509441" testListId="8c84fa94-04c1-424b-9868-57a2d4851a1d" />
    <TestEntry testId="dafe6617-7d77-6bca-77a9-2080de8d8ac3" executionId="14fdd0b6-b74b-402a-a608-1a7a7c951bb5" testListId="8c84fa94-04c1-424b-9868-57a2d4851a1d" />
    <TestEntry testId="da008dea-21a3-bbc8-6446-27067c0278d2" executionId="171940c2-7828-4671-b88c-c1556ba4aca0" testListId="8c84fa94-04c1-424b-9868-57a2d4851a1d" />
    <TestEntry testId="7ca8a434-7012-c34d-5866-6521f620a2e4" executionId="b5b24de3-95be-4d49-b653-359e20cccfad" testListId="8c84fa94-04c1-424b-9868-57a2d4851a1d" />
    <TestEntry testId="89935175-7a1b-8472-5162-947ab445be3b" executionId="179d56ce-3594-4872-83ee-d7797d39efae" testListId="8c84fa94-04c1-424b-9868-57a2d4851a1d" />
    <TestEntry testId="a62f73f0-335e-a678-1617-1f76a60aab0f" executionId="411a7cff-19ec-4e93-9b00-6ab59c200a06" testListId="8c84fa94-04c1-424b-9868-57a2d4851a1d" />
    <TestEntry testId="f8d72901-3af0-f1c6-f40b-6d20a887c21a" executionId="f0aff632-8546-4c24-8be4-8934ae45ce3a" testListId="8c84fa94-04c1-424b-9868-57a2d4851a1d" />
    <TestEntry testId="a2d013ca-7402-4f94-4ab9-860cc766f7d2" executionId="40e02788-2b79-434c-97bc-d5e77a743139" testListId="8c84fa94-04c1-424b-9868-57a2d4851a1d" />
    <TestEntry testId="85b176e4-fb59-5c82-65b9-233680a9d61b" executionId="3fbeca2f-141f-4fc1-93ed-3e18dd92d3ad" testListId="8c84fa94-04c1-424b-9868-57a2d4851a1d" />
    <TestEntry testId="8ad35947-3018-f160-b80e-8c54c467a21a" executionId="f3af2147-9fc7-41ba-b11a-42322859ac90" testListId="8c84fa94-04c1-424b-9868-57a2d4851a1d" />
    <TestEntry testId="a8fe3325-ab25-7197-00a6-eb64a10d8cb7" executionId="7f833506-1e1e-48df-a110-8f902ef479c8" testListId="8c84fa94-04c1-424b-9868-57a2d4851a1d" />
    <TestEntry testId="6eb63bb3-0a07-3cfb-8d0a-86ee2a28be11" executionId="75c8fcae-3c25-4b72-a56b-272871440cec" testListId="8c84fa94-04c1-424b-9868-57a2d4851a1d" />
    <TestEntry testId="6463d51b-77d7-6acd-19d1-958e93231c67" executionId="feee4f8e-64c6-4f0e-83b0-dc51ae9db0a8" testListId="8c84fa94-04c1-424b-9868-57a2d4851a1d" />
    <TestEntry testId="c16412a0-c100-f8dd-8f2b-f63db635bf73" executionId="e59d6a37-5eb6-464a-b48a-5c40b9956cf5" testListId="8c84fa94-04c1-424b-9868-57a2d4851a1d" />
    <TestEntry testId="0b4d5c4e-e489-765d-d3a8-0ce9513428a5" executionId="9eb2f369-1fdb-4791-a048-5455481b0cb1" testListId="8c84fa94-04c1-424b-9868-57a2d4851a1d" />
    <TestEntry testId="15256628-10ab-395d-cdc0-982196f2d384" executionId="ccea364c-8805-45ff-8b66-0a3f673499ca" testListId="8c84fa94-04c1-424b-9868-57a2d4851a1d" />
    <TestEntry testId="647cadee-21ed-ea7f-d1b6-56ee51403b46" executionId="4a79f187-4f7c-4473-b129-a8977a3ffb15" testListId="8c84fa94-04c1-424b-9868-57a2d4851a1d" />
    <TestEntry testId="6ce0ebd1-2fbb-36d1-63ea-8fff8a05554e" executionId="949df327-ed18-492b-95ee-e0983c2fbfe5" testListId="8c84fa94-04c1-424b-9868-57a2d4851a1d" />
    <TestEntry testId="ae1ed87e-08b0-6456-55b5-f1c7e9a80148" executionId="b087f7a4-e666-40bf-9b9f-eafd738f18de" testListId="8c84fa94-04c1-424b-9868-57a2d4851a1d" />
    <TestEntry testId="00f7a484-6e81-6caf-9969-08e5a26f96ea" executionId="b48485c0-17bb-4958-9d49-4bc2a3883d45" testListId="8c84fa94-04c1-424b-9868-57a2d4851a1d" />
    <TestEntry testId="d921760b-a454-9186-7ea4-4c5612e00344" executionId="88533be3-a8f7-4b5e-ada9-256697a73de5" testListId="8c84fa94-04c1-424b-9868-57a2d4851a1d" />
    <TestEntry testId="adae62f9-2b72-4530-ee33-22d9b99a1467" executionId="26dbe16e-dc8e-4950-8b07-702fb0927a5f" testListId="8c84fa94-04c1-424b-9868-57a2d4851a1d" />
    <TestEntry testId="b7bca108-da6d-1f8c-7ea5-81ba3e07496a" executionId="3d4ad7da-4343-4cfb-9d78-10f4b2ead5c4" testListId="8c84fa94-04c1-424b-9868-57a2d4851a1d" />
    <TestEntry testId="e858b755-e862-b910-8b81-43167ff825a3" executionId="1f6b4f4e-4dff-4f9d-b529-dacf4dc0d12f" testListId="8c84fa94-04c1-424b-9868-57a2d4851a1d" />
    <TestEntry testId="9b908469-0451-8cb6-bea4-479be46ad482" executionId="7c2ae41b-98f6-4a66-a27a-ba08642e6473" testListId="8c84fa94-04c1-424b-9868-57a2d4851a1d" />
    <TestEntry testId="ea8f64f7-705b-0857-7b53-590a46740227" executionId="cf75f17a-fcb8-4605-b1e8-ffa5ffcde90b" testListId="8c84fa94-04c1-424b-9868-57a2d4851a1d" />
    <TestEntry testId="873b07ed-167b-fa39-bd63-4c1afd4d93c5" executionId="d63386b9-3595-4c4c-a81c-dd109ced50ef" testListId="8c84fa94-04c1-424b-9868-57a2d4851a1d" />
    <TestEntry testId="eeed665d-fc4a-36d4-2080-835d14f41e2a" executionId="a4d935e3-e84f-46fe-8495-b8905279642c" testListId="8c84fa94-04c1-424b-9868-57a2d4851a1d" />
    <TestEntry testId="68b8744b-0d04-5ccf-e59d-98d1006236e5" executionId="cb44cd52-4dbe-4952-8991-60d808ce27ea" testListId="8c84fa94-04c1-424b-9868-57a2d4851a1d" />
    <TestEntry testId="161a0e40-6dbd-cbdc-3714-f2442765e338" executionId="c54255a9-93ad-4be8-8af7-dab9dc82c42a" testListId="8c84fa94-04c1-424b-9868-57a2d4851a1d" />
    <TestEntry testId="fab13144-dbad-5831-0a01-3cacac990e32" executionId="e7ca8768-46b9-4b71-a79a-1eb84a1e8890" testListId="8c84fa94-04c1-424b-9868-57a2d4851a1d" />
    <TestEntry testId="69d36869-4d47-77af-11ea-1700a11c2aa4" executionId="75235f0f-ac50-43f0-bc01-8e990d8e662d" testListId="8c84fa94-04c1-424b-9868-57a2d4851a1d" />
    <TestEntry testId="cd84e885-1918-e01a-687a-a984ec9c18f5" executionId="7dac20ae-7e4b-4b83-9c22-e033a295b357" testListId="8c84fa94-04c1-424b-9868-57a2d4851a1d" />
    <TestEntry testId="64de8207-d2f2-0b11-e8d3-5f4ca79e44ca" executionId="2224a7c3-359e-41f0-9f48-1adc4d173330" testListId="8c84fa94-04c1-424b-9868-57a2d4851a1d" />
    <TestEntry testId="a2a9cc5c-ea62-0899-d27a-81da48bb47d1" executionId="7adbc253-d4bb-4a66-a8e2-217005d211ea" testListId="8c84fa94-04c1-424b-9868-57a2d4851a1d" />
    <TestEntry testId="788c7744-bd48-e28d-a864-bbd05271aa4c" executionId="65c2dd58-a7c2-4d96-bb8d-3e8e37192e45" testListId="8c84fa94-04c1-424b-9868-57a2d4851a1d" />
    <TestEntry testId="5038381c-1ef8-8dbb-06ed-8a9f21662b0a" executionId="e177f4c1-ed69-47fe-8a86-a32a37e3491f" testListId="8c84fa94-04c1-424b-9868-57a2d4851a1d" />
    <TestEntry testId="102f1558-5f20-a6d5-8bb1-2bdfa2e7b50e" executionId="0ef8b092-8d53-471f-aac8-076a07e1fb52" testListId="8c84fa94-04c1-424b-9868-57a2d4851a1d" />
    <TestEntry testId="e81278a0-f697-84b0-67b1-ed0b5035a30c" executionId="5c887a77-29be-437c-b8d6-ff104ccc9547" testListId="8c84fa94-04c1-424b-9868-57a2d4851a1d" />
    <TestEntry testId="e518f34f-e56a-1614-f28f-2cc87eda4412" executionId="17f256a1-f93f-48e5-97b7-1a0edee06ce2" testListId="8c84fa94-04c1-424b-9868-57a2d4851a1d" />
    <TestEntry testId="cee32012-58c3-68f0-2859-0edd65456cf2" executionId="5685c1a2-60b4-4098-a7b7-d9d5b4e21385" testListId="8c84fa94-04c1-424b-9868-57a2d4851a1d" />
    <TestEntry testId="13753856-9a1f-9357-f48e-ccc42a00eb0c" executionId="cfea1d96-16ab-42b0-af8f-560e8c848d89" testListId="8c84fa94-04c1-424b-9868-57a2d4851a1d" />
    <TestEntry testId="53f5a1ce-14d4-a418-d0ff-8ef725db7d01" executionId="d32e074f-3c4c-480c-8e3a-e0660e01b59e" testListId="8c84fa94-04c1-424b-9868-57a2d4851a1d" />
    <TestEntry testId="f6b2dd1a-21fb-6c4a-e3a3-9cff7ca08b77" executionId="0ed37fe6-ce5c-4f91-af20-12a75b3c0616" testListId="8c84fa94-04c1-424b-9868-57a2d4851a1d" />
    <TestEntry testId="f4a81b1f-d65d-e48b-b006-18eab3f2b023" executionId="02ba5d74-5301-4757-9fc7-c2ecf17a3aa3" testListId="8c84fa94-04c1-424b-9868-57a2d4851a1d" />
    <TestEntry testId="98a7490b-a0d5-3f84-ad1f-205206139c5a" executionId="1a032731-8104-476b-bddb-883ecd5fb0b1" testListId="8c84fa94-04c1-424b-9868-57a2d4851a1d" />
    <TestEntry testId="a7a0d721-aaa5-74c0-69b6-e91fcbb08804" executionId="10a58096-5a1d-4bd2-9385-13c71acfe977" testListId="8c84fa94-04c1-424b-9868-57a2d4851a1d" />
    <TestEntry testId="f680908c-3b4b-7b4d-7066-6e5fce7c0b27" executionId="9cbd6bb5-72be-4da0-92dc-583ac2c52f18" testListId="8c84fa94-04c1-424b-9868-57a2d4851a1d" />
    <TestEntry testId="03c0368b-e341-b507-4b7e-610a5973bcc4" executionId="c94ebae0-f374-42f9-b558-a328bca87dcb" testListId="8c84fa94-04c1-424b-9868-57a2d4851a1d" />
    <TestEntry testId="dcedc9aa-0a2b-4f0d-afad-d14fe62fdbd7" executionId="e1154c85-71e8-404c-bf7b-1d241fe75154" testListId="8c84fa94-04c1-424b-9868-57a2d4851a1d" />
    <TestEntry testId="65f38f06-9057-2883-e0bd-60370f8d7d0d" executionId="66913865-f746-47fc-a5cf-64ba9f798d9d" testListId="8c84fa94-04c1-424b-9868-57a2d4851a1d" />
    <TestEntry testId="d84aea0e-76b6-55d2-4b7e-5e6eebfaed0e" executionId="fa1fd6da-c093-4dd3-b1bb-971429bf37d5" testListId="8c84fa94-04c1-424b-9868-57a2d4851a1d" />
    <TestEntry testId="2b329938-e3b1-01ad-a60f-47df5d0a331f" executionId="626f82b6-2799-45c9-8891-82531e987e71" testListId="8c84fa94-04c1-424b-9868-57a2d4851a1d" />
    <TestEntry testId="fb67ea71-6b78-1dc1-49b9-30224c6a1bae" executionId="66d1fb75-2a95-4361-ab66-b8467a9f9987" testListId="8c84fa94-04c1-424b-9868-57a2d4851a1d" />
    <TestEntry testId="9029e935-145d-d5fd-fae9-96c860349038" executionId="00d2a29e-76d3-4da8-ab0c-e7209c539b57" testListId="8c84fa94-04c1-424b-9868-57a2d4851a1d" />
    <TestEntry testId="2b33b0ae-9699-070c-729a-42132d028501" executionId="29dbee5b-ec05-42cb-9249-5566d0f5def7" testListId="8c84fa94-04c1-424b-9868-57a2d4851a1d" />
    <TestEntry testId="c2dd673d-ca57-2691-c104-7023a833ff11" executionId="6249cefa-b182-45d0-8eab-607acada6fe7" testListId="8c84fa94-04c1-424b-9868-57a2d4851a1d" />
    <TestEntry testId="c5b82386-ac03-bc8b-608e-5bd976068876" executionId="eb53edff-8165-4bf5-8fde-52310f3826df" testListId="8c84fa94-04c1-424b-9868-57a2d4851a1d" />
    <TestEntry testId="fb103779-d04c-1686-3285-367738634a78" executionId="82e94cda-afb5-4fb5-9d85-bd1853cd4bcc" testListId="8c84fa94-04c1-424b-9868-57a2d4851a1d" />
    <TestEntry testId="ac3585d4-59ce-87ee-5312-f23049732097" executionId="d639fcb4-a345-4598-afca-9e94d0870773" testListId="8c84fa94-04c1-424b-9868-57a2d4851a1d" />
    <TestEntry testId="332d7c0b-99e9-8913-1359-6d2df137b355" executionId="013e2381-c65b-4d00-a677-6e8f48357798" testListId="8c84fa94-04c1-424b-9868-57a2d4851a1d" />
    <TestEntry testId="9cb22239-8c05-3795-1d49-f4debbc5193e" executionId="9393850c-6388-425d-9a2f-f465856edecf" testListId="8c84fa94-04c1-424b-9868-57a2d4851a1d" />
    <TestEntry testId="0acd9aea-66db-23f1-2f4e-7c9500451a5d" executionId="73d195a1-ed0b-4e98-a556-648419662e24" testListId="8c84fa94-04c1-424b-9868-57a2d4851a1d" />
    <TestEntry testId="55d96512-5a91-19ab-11b5-5b61e2c70e29" executionId="b2fca5eb-62c3-4882-bd85-da04c3b106ba" testListId="8c84fa94-04c1-424b-9868-57a2d4851a1d" />
    <TestEntry testId="af2fff69-ede4-2bff-61e9-6a132589f2de" executionId="96cc968e-1537-4330-b0de-83c3587de5ff" testListId="8c84fa94-04c1-424b-9868-57a2d4851a1d" />
    <TestEntry testId="5b1fb637-3ca1-9a80-d25d-3a01eede0458" executionId="1140e52b-5c0a-4a96-b389-7cbc91f34655" testListId="8c84fa94-04c1-424b-9868-57a2d4851a1d" />
    <TestEntry testId="a6f9c41f-5ed0-c96c-bb7f-fb5d30d812a5" executionId="d9551333-77e9-4a06-87a2-288cf451ab32" testListId="8c84fa94-04c1-424b-9868-57a2d4851a1d" />
    <TestEntry testId="1131d610-fdb8-bf14-5dd7-5607c21d80e3" executionId="43f297b5-ac05-4c8b-831c-83d59c3bfc3c" testListId="8c84fa94-04c1-424b-9868-57a2d4851a1d" />
    <TestEntry testId="e1ce66f6-03d2-e28b-bcfb-64c1c424a716" executionId="a1e138d6-e664-43ce-8d51-315a2a391a49" testListId="8c84fa94-04c1-424b-9868-57a2d4851a1d" />
    <TestEntry testId="86a445c9-5dff-52f1-c98f-77ae4a8bc915" executionId="91a73125-bfc9-4e05-8d6c-d65be9cbb045" testListId="8c84fa94-04c1-424b-9868-57a2d4851a1d" />
    <TestEntry testId="cefd37a3-357f-d082-971e-590f86c9275f" executionId="6e3cefdd-6fce-4bc1-a268-571e98039678" testListId="8c84fa94-04c1-424b-9868-57a2d4851a1d" />
    <TestEntry testId="2e48f727-377d-16c5-c400-f5ba4ec6882c" executionId="1d8196b3-187f-4924-b4ae-d952e17b0b32" testListId="8c84fa94-04c1-424b-9868-57a2d4851a1d" />
    <TestEntry testId="ae8385af-29cc-f7d5-51ff-84300db47ada" executionId="60f6ff82-b80d-4daa-ac92-0bc12a865553" testListId="8c84fa94-04c1-424b-9868-57a2d4851a1d" />
    <TestEntry testId="2b8f6313-6f64-c487-2e4c-3d07b5bd4159" executionId="f7e69738-269c-4dcc-b1b8-698c33af75c7" testListId="8c84fa94-04c1-424b-9868-57a2d4851a1d" />
    <TestEntry testId="de27c998-c190-9d93-e424-7870d21a123c" executionId="1226ea74-55cb-46bd-a2fc-d486ac488a45" testListId="8c84fa94-04c1-424b-9868-57a2d4851a1d" />
    <TestEntry testId="77538764-96ab-d361-cc57-e43d65dc3ccd" executionId="2f6e6172-231a-434b-a881-79cafdff79e2" testListId="8c84fa94-04c1-424b-9868-57a2d4851a1d" />
    <TestEntry testId="02af0d15-e099-b0e6-50ad-6fe37219924b" executionId="3827885b-1b74-41df-a67c-09ede0871962" testListId="8c84fa94-04c1-424b-9868-57a2d4851a1d" />
    <TestEntry testId="c3c8acd6-ab82-9706-0dfb-389b90288a20" executionId="32afb981-4675-41c6-9b2f-5de64a34b902" testListId="8c84fa94-04c1-424b-9868-57a2d4851a1d" />
    <TestEntry testId="14807a36-cb4f-9f35-8679-aa8746cf4c38" executionId="e2794f00-5cc5-49bc-bb96-101b0156dd91" testListId="8c84fa94-04c1-424b-9868-57a2d4851a1d" />
    <TestEntry testId="a65d3f02-ca6d-a89f-9465-6c592d8f6d71" executionId="d16672a7-4437-43b2-bb9e-8b4fb360c799" testListId="8c84fa94-04c1-424b-9868-57a2d4851a1d" />
    <TestEntry testId="1f36d00d-52dc-9505-27a0-fc9cb116fecb" executionId="708286f6-856f-4e6a-8220-cc882e29b9e7" testListId="8c84fa94-04c1-424b-9868-57a2d4851a1d" />
    <TestEntry testId="16dbf6df-affd-54c4-6e12-ed2586e45ece" executionId="bf30a4a0-63c0-4d9f-88ba-02232f2c932e" testListId="8c84fa94-04c1-424b-9868-57a2d4851a1d" />
    <TestEntry testId="a476d913-853e-9006-57bf-9e825d119810" executionId="d5a8e21a-a492-4f56-8407-8b935621f555" testListId="8c84fa94-04c1-424b-9868-57a2d4851a1d" />
    <TestEntry testId="dacf30eb-2932-4de8-bb63-28183a1f0765" executionId="07913e91-1422-4477-a127-5feae235cc91" testListId="8c84fa94-04c1-424b-9868-57a2d4851a1d" />
    <TestEntry testId="d9f777ed-3466-7c99-be02-84bb7ebbad4b" executionId="94ae8232-7383-4c5c-adc3-7a7dd7922fcf" testListId="8c84fa94-04c1-424b-9868-57a2d4851a1d" />
    <TestEntry testId="8cc6d850-7864-120d-52a3-07064eb9831b" executionId="c7fe6197-618c-481a-9898-ed5e52ea839d" testListId="8c84fa94-04c1-424b-9868-57a2d4851a1d" />
    <TestEntry testId="edafcc43-4593-3e69-06bb-d94b360979cb" executionId="20b5f37b-3348-46a5-9b72-b408d80e7790" testListId="8c84fa94-04c1-424b-9868-57a2d4851a1d" />
    <TestEntry testId="a6a5106e-d98b-7b36-c37f-52d3d3eccf9f" executionId="fb605567-41e9-4f67-a6b2-93eabd1dbf6a" testListId="8c84fa94-04c1-424b-9868-57a2d4851a1d" />
    <TestEntry testId="a786e6a0-7158-6a05-c54a-28647fb14bb7" executionId="6dfddd24-5a3a-495e-837a-b31706d9f942" testListId="8c84fa94-04c1-424b-9868-57a2d4851a1d" />
    <TestEntry testId="7d0d6edf-f56b-d148-3827-35b36e3e80c4" executionId="93331cbd-b70c-48f9-a24a-9a6a9ef1bd88" testListId="8c84fa94-04c1-424b-9868-57a2d4851a1d" />
    <TestEntry testId="0f92f552-4017-16fb-01c6-431cdb4f66b2" executionId="76c21269-d636-4cdc-b820-5e16e21c1dcf" testListId="8c84fa94-04c1-424b-9868-57a2d4851a1d" />
    <TestEntry testId="02e91707-aab1-0a11-fa7b-f648cd0fd36e" executionId="3714b31f-1343-409d-a280-44bbaf66b3ea" testListId="8c84fa94-04c1-424b-9868-57a2d4851a1d" />
    <TestEntry testId="d334a597-c565-285a-8550-3b9ea2cba29c" executionId="50e3739a-7341-49ff-ad1f-3c7bc1594eb2" testListId="8c84fa94-04c1-424b-9868-57a2d4851a1d" />
    <TestEntry testId="af2a8788-f2d5-ea21-a188-f51e4691cee7" executionId="38247a88-5b8e-42ea-a49f-aae151521e20" testListId="8c84fa94-04c1-424b-9868-57a2d4851a1d" />
    <TestEntry testId="208c7d14-25fa-d8f3-7f48-278c6762125d" executionId="e13a8e49-ef84-445a-9977-b9400d23bd8d" testListId="8c84fa94-04c1-424b-9868-57a2d4851a1d" />
    <TestEntry testId="2b34fdd0-9f13-a5e7-cdd1-b024cdc0e042" executionId="a10dd5a5-6ea3-4e23-b1a4-7366ab080ac4" testListId="8c84fa94-04c1-424b-9868-57a2d4851a1d" />
    <TestEntry testId="16cbfe5e-7bb9-3462-1447-f565ffc95fc8" executionId="5076c406-4654-4a17-8906-4a54348b39f1" testListId="8c84fa94-04c1-424b-9868-57a2d4851a1d" />
    <TestEntry testId="3def0511-4e40-2e00-f9b9-6bb18ace3fe8" executionId="cd94b98d-6839-4f9f-823c-d1fbd96c250d" testListId="8c84fa94-04c1-424b-9868-57a2d4851a1d" />
    <TestEntry testId="b2d1fc86-5b6c-12c9-7390-a0eef3e963b8" executionId="e5f82be9-3e69-4ee7-8992-4e184e1e72d4" testListId="8c84fa94-04c1-424b-9868-57a2d4851a1d" />
    <TestEntry testId="fd527641-542a-2899-2dcd-c9ca191cdf52" executionId="86bee939-b594-4a44-abdc-cdfb4732f59b" testListId="8c84fa94-04c1-424b-9868-57a2d4851a1d" />
    <TestEntry testId="52eb6924-d5b6-63f8-57b6-c1258325ea0d" executionId="a0c74656-8483-4143-beef-3270f27d9785" testListId="8c84fa94-04c1-424b-9868-57a2d4851a1d" />
    <TestEntry testId="9029e935-145d-d5fd-fae9-96c860349038" executionId="90b35045-e20d-442e-a14d-f809e9c68ced" testListId="8c84fa94-04c1-424b-9868-57a2d4851a1d" />
    <TestEntry testId="44e92960-87da-bcfa-c839-b0dd09a9d8ba" executionId="cdb26687-1aa8-46f7-a14d-7edca71d1658" testListId="8c84fa94-04c1-424b-9868-57a2d4851a1d" />
    <TestEntry testId="76aaeca3-fba5-a4e3-743c-70ebeb58a048" executionId="27e92e39-f3d6-4b42-ae4d-04f9c50c7397" testListId="8c84fa94-04c1-424b-9868-57a2d4851a1d" />
    <TestEntry testId="0fea2cc1-51cc-e0fa-152a-f6a58ad22a37" executionId="5125d219-74c9-4218-bb95-f526e19c5b17" testListId="8c84fa94-04c1-424b-9868-57a2d4851a1d" />
    <TestEntry testId="ab9ddcfe-5059-def5-d0f3-2a728312c36d" executionId="1678e83f-1f0f-4d62-9574-2fe02911685a" testListId="8c84fa94-04c1-424b-9868-57a2d4851a1d" />
    <TestEntry testId="c37e3ceb-4de2-f887-5ba0-5f1d4459693f" executionId="5a6a8f65-febd-4449-97c3-08d4986e9f33" testListId="8c84fa94-04c1-424b-9868-57a2d4851a1d" />
    <TestEntry testId="743f0fe4-79cc-4cbd-b2f9-4683eb98d09d" executionId="650d1204-4b41-49b3-9e3f-a5c2efa887c6" testListId="8c84fa94-04c1-424b-9868-57a2d4851a1d" />
    <TestEntry testId="604833d7-d8a0-cb51-77cf-d5e2a38bc181" executionId="297f938d-b7db-42fa-9340-0ad4dd61cb38" testListId="8c84fa94-04c1-424b-9868-57a2d4851a1d" />
    <TestEntry testId="26cac981-fbd9-d7dc-6bf9-6e552986f888" executionId="fdaa6720-e93e-4dd5-942c-f1d19a93ee33" testListId="8c84fa94-04c1-424b-9868-57a2d4851a1d" />
    <TestEntry testId="f9180ab0-97a0-1d07-1493-896e111e86f4" executionId="624cf245-90c8-4c95-b2d1-9d9afbd26249" testListId="8c84fa94-04c1-424b-9868-57a2d4851a1d" />
    <TestEntry testId="b9ffa3f4-1f18-4167-4317-71e05fdcc916" executionId="faf7bfb7-b3e9-4c01-9350-9cc176ee35ba" testListId="8c84fa94-04c1-424b-9868-57a2d4851a1d" />
    <TestEntry testId="9ee3310d-df68-3208-bd43-511bd668f4d5" executionId="aab7fc34-1aff-4c89-8f5d-d8c6ad0e59d1" testListId="8c84fa94-04c1-424b-9868-57a2d4851a1d" />
    <TestEntry testId="e60bae60-c13a-330d-734d-4108f8865d47" executionId="08632ec3-4f64-4c06-924a-89e28a762479" testListId="8c84fa94-04c1-424b-9868-57a2d4851a1d" />
    <TestEntry testId="7e6ab9bc-6be0-57ee-f082-006f13f3fda7" executionId="540e8aad-a9b1-4767-8bb9-b7709935e00b" testListId="8c84fa94-04c1-424b-9868-57a2d4851a1d" />
    <TestEntry testId="d6a182f6-1abb-4c06-28b1-3486154a7ed6" executionId="1f4014d3-6982-405d-9479-a669736b3a53" testListId="8c84fa94-04c1-424b-9868-57a2d4851a1d" />
    <TestEntry testId="9f4edaad-99c4-2eb1-ba6c-f50887f230cb" executionId="da7c48b2-e706-4730-99b0-cc9af0517a38" testListId="8c84fa94-04c1-424b-9868-57a2d4851a1d" />
    <TestEntry testId="d99b4f5e-d723-6b95-fc42-5b32d4349edc" executionId="52987ee3-0710-4fa4-91e0-64b1e66e6212" testListId="8c84fa94-04c1-424b-9868-57a2d4851a1d" />
    <TestEntry testId="dc0d2b36-aa1d-1594-0d6a-cf1fe6649772" executionId="b025b3b7-4fe5-4149-b8ad-0a21303a0b20" testListId="8c84fa94-04c1-424b-9868-57a2d4851a1d" />
    <TestEntry testId="79975695-e433-2a9b-026b-7999a642c311" executionId="51faf66f-8963-4291-bbb2-07d87b5e8ad8" testListId="8c84fa94-04c1-424b-9868-57a2d4851a1d" />
    <TestEntry testId="76c6e850-3966-de20-82b6-519095d891a6" executionId="67efd804-e2b5-4a9a-b964-0e234a8d48f8" testListId="8c84fa94-04c1-424b-9868-57a2d4851a1d" />
    <TestEntry testId="3f8e6f27-c942-75f1-d43c-4f4dbc2ed891" executionId="4abcf273-17a8-4a01-a4d4-02d47d1566e1" testListId="8c84fa94-04c1-424b-9868-57a2d4851a1d" />
    <TestEntry testId="500812c7-2caf-0961-5585-75ab839884c8" executionId="6b777a39-59d3-4ac2-8825-0190eff06ae6" testListId="8c84fa94-04c1-424b-9868-57a2d4851a1d" />
    <TestEntry testId="5ce1375e-46fd-90ff-af6f-56b477f36294" executionId="cf5960eb-a746-480d-824b-df398fb1c55f" testListId="8c84fa94-04c1-424b-9868-57a2d4851a1d" />
    <TestEntry testId="e975a99c-1f61-f6af-a603-7683bb9bab62" executionId="8c3634c1-6464-479b-a206-ece48272b796" testListId="8c84fa94-04c1-424b-9868-57a2d4851a1d" />
    <TestEntry testId="3073894f-f138-694b-5154-436b92ff7cb8" executionId="b74792b1-ede6-4cf8-aebb-c10db3e44a60" testListId="8c84fa94-04c1-424b-9868-57a2d4851a1d" />
    <TestEntry testId="616c12d5-722e-e683-3114-c8a71232eef2" executionId="b4bc0dfa-592d-4e30-88e7-85004ee6e6a4" testListId="8c84fa94-04c1-424b-9868-57a2d4851a1d" />
    <TestEntry testId="7e5f1658-9579-80ac-0889-217afa2e8ebf" executionId="d65b81ed-e09a-4c10-98b7-48b9e48b469c" testListId="8c84fa94-04c1-424b-9868-57a2d4851a1d" />
    <TestEntry testId="90f737d2-bf89-5d2f-b28c-8cecebbed027" executionId="74ca4eac-7a14-4ad2-9a36-63969779bc60" testListId="8c84fa94-04c1-424b-9868-57a2d4851a1d" />
    <TestEntry testId="2864b3eb-0ab6-4da0-5436-4c6f89cc4874" executionId="ac20cdd3-8fa3-4a6f-87ef-c12002b25ee7" testListId="8c84fa94-04c1-424b-9868-57a2d4851a1d" />
    <TestEntry testId="adafff31-7445-4899-a64a-9d78ba6fa82f" executionId="ef3ee190-0efb-4d9d-9038-1b01101a4cef" testListId="8c84fa94-04c1-424b-9868-57a2d4851a1d" />
    <TestEntry testId="19c9cf52-9433-0ae2-27f1-e1c0ebb67acf" executionId="2676b716-50c2-4e03-9764-3bc23743ec01" testListId="8c84fa94-04c1-424b-9868-57a2d4851a1d" />
    <TestEntry testId="eabf48e5-196a-32f6-d385-edcb8e627a16" executionId="5fef1d2e-5412-44bf-b9e7-d50bef16f629" testListId="8c84fa94-04c1-424b-9868-57a2d4851a1d" />
    <TestEntry testId="6fee5694-49d5-a68c-4692-637882795255" executionId="39d13cd6-45c4-4520-acf0-a5dee8498e91" testListId="8c84fa94-04c1-424b-9868-57a2d4851a1d" />
    <TestEntry testId="55ff5278-ace4-0f2e-f8ad-9f5f257b511f" executionId="d0c4939f-2251-4268-92e8-82d84198d279" testListId="8c84fa94-04c1-424b-9868-57a2d4851a1d" />
    <TestEntry testId="f16a12ad-889f-384d-d0eb-cbbdfad076fe" executionId="817f97d2-ba04-4dc1-b87c-e3b9f7989189" testListId="8c84fa94-04c1-424b-9868-57a2d4851a1d" />
    <TestEntry testId="199cdec6-ec51-273d-006c-9fb34f580f59" executionId="3873e883-5260-4ec0-bf6a-831a487fca20" testListId="8c84fa94-04c1-424b-9868-57a2d4851a1d" />
    <TestEntry testId="f47f6c44-9fa8-d010-756e-7b3d112428c4" executionId="71be5e06-f565-4e54-9f04-f0be327a8a8e" testListId="8c84fa94-04c1-424b-9868-57a2d4851a1d" />
    <TestEntry testId="eccb1112-d77c-887e-87bf-b7f65298e1a6" executionId="bfbbcd09-c20a-40a5-8b8e-638a26a7358f" testListId="8c84fa94-04c1-424b-9868-57a2d4851a1d" />
    <TestEntry testId="f0c5812c-630c-2912-6782-e7e51d2e4caa" executionId="0c20bdd9-353c-40df-9be8-ab876069c94a" testListId="8c84fa94-04c1-424b-9868-57a2d4851a1d" />
    <TestEntry testId="0a4e5b36-6578-df3d-cfd2-3d6ee660820a" executionId="c4b70c19-a5ba-4e66-a497-93b63ba5c50d" testListId="8c84fa94-04c1-424b-9868-57a2d4851a1d" />
    <TestEntry testId="a233d66c-f313-1e74-e181-b2dafdf7eda1" executionId="bfb45b20-8b0d-4acf-8fdc-49f13b50fbac" testListId="8c84fa94-04c1-424b-9868-57a2d4851a1d" />
    <TestEntry testId="52b60312-f92a-489e-ac83-49b5962a1a66" executionId="14fdce18-3bb6-49b2-9222-f07dac07c187" testListId="8c84fa94-04c1-424b-9868-57a2d4851a1d" />
    <TestEntry testId="fe450cea-9ffb-3719-460a-cf60fe446421" executionId="810e4d7b-ee4c-4514-97d4-224f248f2277" testListId="8c84fa94-04c1-424b-9868-57a2d4851a1d" />
    <TestEntry testId="6c232766-0173-c070-73ea-ec002545c357" executionId="36da96ab-9a3e-4548-ad18-840281dabab0" testListId="8c84fa94-04c1-424b-9868-57a2d4851a1d" />
    <TestEntry testId="6681258b-ffc2-f0da-0c92-25b111f465fa" executionId="3b18c607-016e-4efc-b290-d9e9bc8cfe42" testListId="8c84fa94-04c1-424b-9868-57a2d4851a1d" />
    <TestEntry testId="9a20c48e-d269-b782-9e2c-26946688cee6" executionId="cddb2c77-3557-4a2c-916d-03827f6ec757" testListId="8c84fa94-04c1-424b-9868-57a2d4851a1d" />
    <TestEntry testId="86b5c5b9-f5c0-2dad-738f-2d685bd44644" executionId="56ed5063-6314-4f1d-830d-23fe61836ac8" testListId="8c84fa94-04c1-424b-9868-57a2d4851a1d" />
    <TestEntry testId="1947d432-ac4e-8ff4-6a61-109d18cd0bdb" executionId="db5167e3-d5a0-421f-95d8-3c37571c0531" testListId="8c84fa94-04c1-424b-9868-57a2d4851a1d" />
    <TestEntry testId="b518f299-3b00-cc5d-b78d-f3f85f49a757" executionId="9546f650-7fa6-41ab-af7a-775358db91d0" testListId="8c84fa94-04c1-424b-9868-57a2d4851a1d" />
    <TestEntry testId="3346e13c-f7e8-cb19-f9f1-938fc47b8c60" executionId="e9e50491-e32a-4e1d-9308-60d913ee470c" testListId="8c84fa94-04c1-424b-9868-57a2d4851a1d" />
    <TestEntry testId="cf2bce97-0784-515c-e2f5-b39bb123cf9f" executionId="6910c336-7b22-4fb2-a3f1-879ce4b7993c" testListId="8c84fa94-04c1-424b-9868-57a2d4851a1d" />
    <TestEntry testId="d7914310-2797-ff1f-ca17-4f5e247c4bf2" executionId="090e7f32-7eed-4483-bf61-1c896a4c8f6f" testListId="8c84fa94-04c1-424b-9868-57a2d4851a1d" />
    <TestEntry testId="6da1ad54-af03-13ff-88b0-777550297923" executionId="8daa871e-2c26-41af-aefb-3e3511055f35" testListId="8c84fa94-04c1-424b-9868-57a2d4851a1d" />
    <TestEntry testId="9a208f53-2994-a17f-1d39-9e17cb2164bd" executionId="7718ea92-c009-49b5-8739-edec19438f2e" testListId="8c84fa94-04c1-424b-9868-57a2d4851a1d" />
    <TestEntry testId="1fb4c865-1faa-3cb2-dba2-5caed6ef1c09" executionId="af6b5c96-724a-495d-afd3-9f9ff4d8644f" testListId="8c84fa94-04c1-424b-9868-57a2d4851a1d" />
    <TestEntry testId="374542b4-887c-5193-c1b0-f2e6d543faf3" executionId="d5c16ffa-cc1f-46db-9666-a81c04f7d056" testListId="8c84fa94-04c1-424b-9868-57a2d4851a1d" />
    <TestEntry testId="d6e18f4d-928d-faa8-fd00-f4b6e0b7623e" executionId="04d8901c-0f62-4fb4-ae78-c06d79e15467" testListId="8c84fa94-04c1-424b-9868-57a2d4851a1d" />
    <TestEntry testId="ba03e836-1476-7d35-ae0b-6b2da7f85509" executionId="5d597442-dbc3-48bb-9a75-fe74acd50822" testListId="8c84fa94-04c1-424b-9868-57a2d4851a1d" />
    <TestEntry testId="1cdbc1c1-e214-17d8-9ab0-1390398a8948" executionId="96622351-eebf-4908-af89-22c5c45248c2" testListId="8c84fa94-04c1-424b-9868-57a2d4851a1d" />
    <TestEntry testId="51b24619-a3ed-9418-8456-52beb88978c3" executionId="7718f510-1bb3-432d-95a1-6f7efb070bad" testListId="8c84fa94-04c1-424b-9868-57a2d4851a1d" />
    <TestEntry testId="582d8a38-a0ae-cfd9-0b4e-02b7216ac2ae" executionId="0efa3a71-7871-4d09-92c5-8facd5f47744" testListId="8c84fa94-04c1-424b-9868-57a2d4851a1d" />
    <TestEntry testId="e9266c48-cfc4-e144-1936-f643e910fdf5" executionId="f1cbf373-18bb-4261-8cab-68b01c435f80" testListId="8c84fa94-04c1-424b-9868-57a2d4851a1d" />
    <TestEntry testId="2670b347-ae46-c79b-6a32-846917e5ef9a" executionId="49536860-6293-4e66-85ae-0758b9732af6" testListId="8c84fa94-04c1-424b-9868-57a2d4851a1d" />
    <TestEntry testId="3601e411-06fe-e014-7da4-87000446bebe" executionId="280f6126-462d-4870-b945-1d89be533e51" testListId="8c84fa94-04c1-424b-9868-57a2d4851a1d" />
    <TestEntry testId="1dfcecbd-375a-81ed-2ce9-6d3e61013acd" executionId="ad5c92a6-76ac-423f-bc00-001318e57fbc" testListId="8c84fa94-04c1-424b-9868-57a2d4851a1d" />
    <TestEntry testId="91f26bca-4ab5-824b-aa90-84778c7aa540" executionId="7f1b4c8c-119c-4f73-bb3e-862812fd8f20" testListId="8c84fa94-04c1-424b-9868-57a2d4851a1d" />
    <TestEntry testId="2fb66288-907e-6f79-7496-8522636043b2" executionId="bc6a8036-2d6f-45a0-ac25-c91b64e789bf" testListId="8c84fa94-04c1-424b-9868-57a2d4851a1d" />
    <TestEntry testId="11e45243-c796-e305-ccb2-ad123da6b869" executionId="2b06a18a-703d-47c5-867e-47e80a89b6c7" testListId="8c84fa94-04c1-424b-9868-57a2d4851a1d" />
    <TestEntry testId="f680908c-3b4b-7b4d-7066-6e5fce7c0b27" executionId="7e44fe1a-90d1-4ebe-886f-ae5b80915505" testListId="8c84fa94-04c1-424b-9868-57a2d4851a1d" />
    <TestEntry testId="19f414fb-e29e-e53a-f5c0-dddd8004a79d" executionId="1277f83d-9eda-4fa8-a32c-56967820484a" testListId="8c84fa94-04c1-424b-9868-57a2d4851a1d" />
    <TestEntry testId="174bdb8c-ca63-6d38-8008-0e1813915a8c" executionId="89d10662-324e-4a59-b563-b6bbf05fa272" testListId="8c84fa94-04c1-424b-9868-57a2d4851a1d" />
    <TestEntry testId="fefc1ca8-7f95-c638-84b7-b1c00b90c427" executionId="cf0f394f-eb5b-44dc-97c3-d4864265b731" testListId="8c84fa94-04c1-424b-9868-57a2d4851a1d" />
    <TestEntry testId="e998f77e-77b2-7e10-d8db-3813eb8031aa" executionId="a0630154-54f3-4056-994f-a118ef18682c" testListId="8c84fa94-04c1-424b-9868-57a2d4851a1d" />
    <TestEntry testId="370610a6-40ac-68fd-6f42-3e5c99313cb3" executionId="2fce2577-ba99-4244-a585-6d1c1a33bffd" testListId="8c84fa94-04c1-424b-9868-57a2d4851a1d" />
    <TestEntry testId="60b9be0e-76ba-0ec0-0f7c-3f59c1ff8d12" executionId="fd76f63a-44fa-4eb1-98e0-351f9702c969" testListId="8c84fa94-04c1-424b-9868-57a2d4851a1d" />
    <TestEntry testId="2c3cc6dd-0ecc-2298-ce4a-d064661bf1a0" executionId="da4112c9-71cc-41f4-95a6-f15b473a1483" testListId="8c84fa94-04c1-424b-9868-57a2d4851a1d" />
    <TestEntry testId="27438fb6-5317-1252-e840-ea85e2375f48" executionId="1f941a88-3fe6-418d-bc27-7e71d0586744" testListId="8c84fa94-04c1-424b-9868-57a2d4851a1d" />
    <TestEntry testId="a660afa4-f5aa-b923-9ed9-b3aed02ce38b" executionId="20237483-6c3a-459c-abf4-f3f85c4b097e" testListId="8c84fa94-04c1-424b-9868-57a2d4851a1d" />
    <TestEntry testId="a2942f2b-9678-3c30-9d53-cbabd8538e8a" executionId="619a5df6-3043-4424-a942-b062a0861b71" testListId="8c84fa94-04c1-424b-9868-57a2d4851a1d" />
    <TestEntry testId="3e27fb37-1b1d-4928-6472-96f4fe8cf3c8" executionId="926682d9-81cf-453a-bab8-df083dfd464a" testListId="8c84fa94-04c1-424b-9868-57a2d4851a1d" />
    <TestEntry testId="0a626f9c-1fcc-6ba0-e354-bb3374659d02" executionId="34cc6ecb-0054-403c-9735-d58bda862cca" testListId="8c84fa94-04c1-424b-9868-57a2d4851a1d" />
    <TestEntry testId="ae852a8d-7ae4-98ec-f509-452d42fd042a" executionId="ef840e7e-fcd0-4404-8a53-410558d9f321" testListId="8c84fa94-04c1-424b-9868-57a2d4851a1d" />
    <TestEntry testId="42e0893f-9727-8df7-fab4-99edc06f1ca2" executionId="bc0a63b2-0a19-45fe-a608-a4a4e5de138e" testListId="8c84fa94-04c1-424b-9868-57a2d4851a1d" />
    <TestEntry testId="0eacc291-f328-de4d-1a1f-8a8b3e1cccd7" executionId="62921933-931a-46d3-a178-a07f5f53713c" testListId="8c84fa94-04c1-424b-9868-57a2d4851a1d" />
    <TestEntry testId="41b6c041-6264-4714-8517-a042a107be15" executionId="cd9dd35d-d733-4869-b412-7a4b9ca7b26c" testListId="8c84fa94-04c1-424b-9868-57a2d4851a1d" />
    <TestEntry testId="80316af5-ff8d-d096-8b7d-158b3853fd75" executionId="ae1de2ed-3e3b-4441-9dca-1aa6ee6c0312" testListId="8c84fa94-04c1-424b-9868-57a2d4851a1d" />
    <TestEntry testId="bed8c8de-bd82-cb94-6967-81e34fce6907" executionId="9c6c9067-02e6-4f6c-9dfa-b4df18edd7ca" testListId="8c84fa94-04c1-424b-9868-57a2d4851a1d" />
    <TestEntry testId="bc1a7ca7-c75d-3f41-ef6e-10d032a0855e" executionId="cc53f1ef-20c2-4ed8-9781-eff75e26040c" testListId="8c84fa94-04c1-424b-9868-57a2d4851a1d" />
    <TestEntry testId="854a54be-59a6-d3a9-c68f-32fd5f490d07" executionId="79b31f6e-dcb0-4a26-9b24-f3c329922cdd" testListId="8c84fa94-04c1-424b-9868-57a2d4851a1d" />
    <TestEntry testId="898a040b-fc5b-2cd2-659c-46113f65fe38" executionId="9985b64a-ee5d-4873-b3ba-0112c0df31e5" testListId="8c84fa94-04c1-424b-9868-57a2d4851a1d" />
    <TestEntry testId="beb419e5-5bec-3550-745e-1f14592b96f7" executionId="74a3c2d2-3599-4975-afc4-724177825c85" testListId="8c84fa94-04c1-424b-9868-57a2d4851a1d" />
    <TestEntry testId="8ef9e844-3d1a-7964-caca-ab02c4eee36c" executionId="7d6a0fa8-5818-4a9c-a928-e771ebc9de29" testListId="8c84fa94-04c1-424b-9868-57a2d4851a1d" />
    <TestEntry testId="02ca40da-1acc-291d-7447-d3e7fda89520" executionId="c34623b7-84a2-4125-aa3f-ec2d498bb4a5" testListId="8c84fa94-04c1-424b-9868-57a2d4851a1d" />
    <TestEntry testId="63b5e857-7c0f-1bfb-6bac-ed0592160bce" executionId="abf48d26-8741-4b7d-a948-6fd9b62c0633" testListId="8c84fa94-04c1-424b-9868-57a2d4851a1d" />
    <TestEntry testId="eb41b80f-fe87-ec26-1817-78a947446eac" executionId="21d75475-d073-4384-9acd-9acfb5e2f51c" testListId="8c84fa94-04c1-424b-9868-57a2d4851a1d" />
    <TestEntry testId="4f555e67-dae7-b67f-1beb-febf2b9b4968" executionId="e842b3e6-b831-4a9b-bf5a-51f0da2066bb" testListId="8c84fa94-04c1-424b-9868-57a2d4851a1d" />
    <TestEntry testId="27940d64-03df-8f28-2a77-22152c4e2bc7" executionId="1cfee877-a101-4ca2-a05f-a70144bdc2d8" testListId="8c84fa94-04c1-424b-9868-57a2d4851a1d" />
    <TestEntry testId="02e79180-7231-3946-3d30-86e386fbe7e5" executionId="119eb4fb-b539-4272-b9f6-dbd136bbed12" testListId="8c84fa94-04c1-424b-9868-57a2d4851a1d" />
    <TestEntry testId="962aa215-0703-be2d-ae49-5fe79d594412" executionId="8efb861d-23ea-4dc1-b4a7-3018986cf147" testListId="8c84fa94-04c1-424b-9868-57a2d4851a1d" />
    <TestEntry testId="5fd3f98c-c6c1-c9ae-ace1-6e51d9ce104b" executionId="f46c0fe0-f407-48a9-939b-b8e325b97d01" testListId="8c84fa94-04c1-424b-9868-57a2d4851a1d" />
    <TestEntry testId="6e668805-e583-b333-030a-20aba32624a1" executionId="6e7629bb-f18f-4555-be30-975b4d5f115b" testListId="8c84fa94-04c1-424b-9868-57a2d4851a1d" />
    <TestEntry testId="2a7cf9dc-e9f0-7632-64c7-f92d98f50bd4" executionId="1f37753e-5224-4c99-9eb1-cdbdbda1eab5" testListId="8c84fa94-04c1-424b-9868-57a2d4851a1d" />
    <TestEntry testId="272037c0-f590-39e8-9884-c04de913150c" executionId="e6896f36-9135-4e4c-8986-4aad13adb1d8" testListId="8c84fa94-04c1-424b-9868-57a2d4851a1d" />
    <TestEntry testId="195570df-9817-b542-b94a-a76463a05b14" executionId="fd70f959-372d-42af-8afe-97f11c71edad" testListId="8c84fa94-04c1-424b-9868-57a2d4851a1d" />
    <TestEntry testId="0daa0cf2-f08f-9af5-8f90-3afbe873dbac" executionId="9d911d46-f3bd-4e24-b7ad-b94ff6547d2c" testListId="8c84fa94-04c1-424b-9868-57a2d4851a1d" />
    <TestEntry testId="7df9b500-6856-6e35-de99-08c43bb682f1" executionId="cb5abeba-c570-4cb0-8edb-c2e27744c3ec" testListId="8c84fa94-04c1-424b-9868-57a2d4851a1d" />
    <TestEntry testId="58415a14-73c9-7515-7cc6-10b983611842" executionId="35df0375-39ba-4d1f-8539-89c6c2d2be37" testListId="8c84fa94-04c1-424b-9868-57a2d4851a1d" />
    <TestEntry testId="4adcb6de-d6b1-ce7d-930d-8dcc82e4f478" executionId="2e62abf0-b203-421f-bc99-ca6d4120705d" testListId="8c84fa94-04c1-424b-9868-57a2d4851a1d" />
    <TestEntry testId="b918b474-74ff-1345-54cb-cdaf09a7e1fc" executionId="ced9a574-8fe9-45ac-8f58-b6a587ecfd56" testListId="8c84fa94-04c1-424b-9868-57a2d4851a1d" />
    <TestEntry testId="c7772852-e1ce-5a56-9e2d-f376c5ee0d2f" executionId="2ea0172f-86b1-466a-9a42-42f41c821be5" testListId="8c84fa94-04c1-424b-9868-57a2d4851a1d" />
    <TestEntry testId="3ff67012-33f7-cd39-573d-f3e6ab37a120" executionId="1401ba00-4fc0-4d73-8468-c60130114ed9" testListId="8c84fa94-04c1-424b-9868-57a2d4851a1d" />
    <TestEntry testId="c80c8876-22f6-262f-2179-9c2d308f50c4" executionId="876c777d-31c1-405a-b5d4-d4ee6adb69c6" testListId="8c84fa94-04c1-424b-9868-57a2d4851a1d" />
    <TestEntry testId="b2858415-8d80-7600-7fe5-6b1b7d183235" executionId="2eeb47e7-1b16-4f24-8840-5b553ad07e60" testListId="8c84fa94-04c1-424b-9868-57a2d4851a1d" />
    <TestEntry testId="dacad55c-89db-4a83-ada9-6fb14502b91c" executionId="22934653-ad5c-4678-b800-5b743b5aed60" testListId="8c84fa94-04c1-424b-9868-57a2d4851a1d" />
    <TestEntry testId="d971de1e-b31f-31c2-fa67-f30dd423d56b" executionId="5e256779-431e-406a-a079-40f9c632827d" testListId="8c84fa94-04c1-424b-9868-57a2d4851a1d" />
    <TestEntry testId="f43e4ea6-dc47-ee70-a56d-6546d3877223" executionId="a1828ff3-02db-42e6-a1ae-f90f7e5a5abd" testListId="8c84fa94-04c1-424b-9868-57a2d4851a1d" />
    <TestEntry testId="b532dcb5-d46e-e627-c8a2-132588b28593" executionId="98e901b5-9bbf-4a39-a8e8-e1eebb97e5d0" testListId="8c84fa94-04c1-424b-9868-57a2d4851a1d" />
    <TestEntry testId="9b9f5855-551c-70f8-1e00-64a607e6089e" executionId="f1d6a892-2299-484f-bc59-e1f9b5c64554" testListId="8c84fa94-04c1-424b-9868-57a2d4851a1d" />
    <TestEntry testId="88368492-ab90-c1cc-ed53-9c30bffbee67" executionId="71fb0af9-adc8-41bb-96e5-58580ab25cf6" testListId="8c84fa94-04c1-424b-9868-57a2d4851a1d" />
    <TestEntry testId="cdf55ccf-9363-1335-a916-7ffe8ada8675" executionId="794b6b00-4fec-49b8-8a33-5ed86fe4e87d" testListId="8c84fa94-04c1-424b-9868-57a2d4851a1d" />
    <TestEntry testId="0431698b-89c7-961c-1219-e2a2171a4f5c" executionId="c2c82346-372d-4cd3-8948-03f8a34594b5" testListId="8c84fa94-04c1-424b-9868-57a2d4851a1d" />
    <TestEntry testId="e998f77e-77b2-7e10-d8db-3813eb8031aa" executionId="207e0ac7-4d21-4188-a0f3-a17f46bc41c5" testListId="8c84fa94-04c1-424b-9868-57a2d4851a1d" />
    <TestEntry testId="bf38d087-b471-df6a-7d14-7824df80030c" executionId="fb9e243e-0731-482b-9591-84a4b672dcf4" testListId="8c84fa94-04c1-424b-9868-57a2d4851a1d" />
    <TestEntry testId="931ed933-de82-365f-5037-e2d1c5c2f2a2" executionId="559858dc-2209-40ac-943b-eff5348da9c5" testListId="8c84fa94-04c1-424b-9868-57a2d4851a1d" />
    <TestEntry testId="7bc82cbe-20de-caab-82e3-ab7c085d6916" executionId="b5cffeff-c666-4845-a580-359b173d0f5d" testListId="8c84fa94-04c1-424b-9868-57a2d4851a1d" />
    <TestEntry testId="79dc6ade-1fb5-e53a-3895-120821ee0ad1" executionId="184b367b-29c9-4593-87cf-33618412320d" testListId="8c84fa94-04c1-424b-9868-57a2d4851a1d" />
    <TestEntry testId="5004265f-fd28-da5b-c559-ead79e5384bf" executionId="5af49dde-537f-403e-be77-2e4ef2bf2a0f" testListId="8c84fa94-04c1-424b-9868-57a2d4851a1d" />
    <TestEntry testId="ccbe9915-207e-f3b0-9e57-5dc3348b938c" executionId="9429f977-cbd5-48f2-9132-031513c87c6c" testListId="8c84fa94-04c1-424b-9868-57a2d4851a1d" />
    <TestEntry testId="f7a4182b-ffd3-38f8-408e-5d4264f4f5e8" executionId="708012e7-94a7-4f99-be5f-1aead3331694" testListId="8c84fa94-04c1-424b-9868-57a2d4851a1d" />
    <TestEntry testId="883ed386-0af3-88ca-5bd9-30da25d79f41" executionId="5120d097-acc2-4965-93b6-e9cd1c0b196a" testListId="8c84fa94-04c1-424b-9868-57a2d4851a1d" />
    <TestEntry testId="207c734e-48ea-b6e3-83cc-3b0a65265019" executionId="38bcdd9d-f743-442e-b5a7-5dcbc026e4b7" testListId="8c84fa94-04c1-424b-9868-57a2d4851a1d" />
    <TestEntry testId="ef7eb1a4-404f-fda1-15f0-bcd1e692326a" executionId="5dddd2f0-23d4-4ed9-aae5-b54fc4513edf" testListId="8c84fa94-04c1-424b-9868-57a2d4851a1d" />
    <TestEntry testId="dc3b0316-49f0-426f-b38e-3bcd6e62bfdd" executionId="a97cfea5-f63b-4388-b5cc-836763567951" testListId="8c84fa94-04c1-424b-9868-57a2d4851a1d" />
    <TestEntry testId="6754b662-82b1-e1e8-5fb7-5034b721677b" executionId="bf3acc8f-9b62-4d6d-84e1-44df29fe1cac" testListId="8c84fa94-04c1-424b-9868-57a2d4851a1d" />
    <TestEntry testId="6fad06d6-6e6b-b6b2-c6ce-b133426e326c" executionId="9dfc107f-18e5-4715-ad95-860c72249d72" testListId="8c84fa94-04c1-424b-9868-57a2d4851a1d" />
    <TestEntry testId="ece9c0c6-7f24-79de-902b-ae084a6701cb" executionId="8fc3af69-f075-4708-9114-cb1d8999ba68" testListId="8c84fa94-04c1-424b-9868-57a2d4851a1d" />
    <TestEntry testId="84f93f59-fd44-afa7-32df-18fcfc62c68f" executionId="dc03565e-3daf-4d7a-8ef7-a1d0a33ae6b6" testListId="8c84fa94-04c1-424b-9868-57a2d4851a1d" />
    <TestEntry testId="ef94c6fe-3d3c-a109-4351-ac27f971b64d" executionId="9d17fd55-4f28-4180-bdf2-1994dd40bebb" testListId="8c84fa94-04c1-424b-9868-57a2d4851a1d" />
    <TestEntry testId="cd13bfee-f8b4-3d5e-a0f6-00049079c32f" executionId="3c01a4e5-fbf0-4fe6-8ae5-a1be48de1c86" testListId="8c84fa94-04c1-424b-9868-57a2d4851a1d" />
    <TestEntry testId="224208d0-b60c-0e1e-7362-af15735beb49" executionId="4eb7d325-8495-4cfb-a4fd-ce2b768215b5" testListId="8c84fa94-04c1-424b-9868-57a2d4851a1d" />
    <TestEntry testId="bfbae833-a487-affd-e910-685bd64afc57" executionId="ed77b05d-0807-47ce-984f-9d5752b507ed" testListId="8c84fa94-04c1-424b-9868-57a2d4851a1d" />
    <TestEntry testId="1522f9c5-5447-f8a7-7916-026ac691e6f0" executionId="b32c0605-4bd1-4a40-9a06-e83a87f25916" testListId="8c84fa94-04c1-424b-9868-57a2d4851a1d" />
    <TestEntry testId="fb699dcc-5e5e-47d1-e653-08665478eed9" executionId="7dc461ce-2e91-49b7-9f55-1dd276b6f3a1" testListId="8c84fa94-04c1-424b-9868-57a2d4851a1d" />
    <TestEntry testId="90e28b3e-a0b2-cd0c-c5a2-021ebe10799d" executionId="ef37341c-003e-427e-bd22-0bff2ac7710d" testListId="8c84fa94-04c1-424b-9868-57a2d4851a1d" />
    <TestEntry testId="e998f77e-77b2-7e10-d8db-3813eb8031aa" executionId="6a2f17a3-2aae-4e48-9477-166c7122df9c" testListId="8c84fa94-04c1-424b-9868-57a2d4851a1d" />
    <TestEntry testId="c2089cd7-1abb-31da-c4ba-3d9555a4f6a0" executionId="e310781c-c2c7-4a0a-8eb5-9029a13c6151" testListId="8c84fa94-04c1-424b-9868-57a2d4851a1d" />
    <TestEntry testId="0a4e5b36-6578-df3d-cfd2-3d6ee660820a" executionId="a0b9938d-38e5-42e2-82b3-b23f03155d1f" testListId="8c84fa94-04c1-424b-9868-57a2d4851a1d" />
    <TestEntry testId="e1f594ff-5c37-d66b-07f6-82e1c4cb1481" executionId="7b9c62eb-861d-43c7-a98e-20313d2d26cf" testListId="8c84fa94-04c1-424b-9868-57a2d4851a1d" />
    <TestEntry testId="7e90dd26-5432-8bfa-3839-6557709d9ac8" executionId="72946fd9-a93c-4e39-a567-5d604983aed6" testListId="8c84fa94-04c1-424b-9868-57a2d4851a1d" />
    <TestEntry testId="3dff5113-fbc5-85c4-6443-3894194c92b8" executionId="8b64dfed-b4fd-4127-93f9-64a2e9d0ef7c" testListId="8c84fa94-04c1-424b-9868-57a2d4851a1d" />
    <TestEntry testId="198a7352-93d7-0944-f1ae-7a5a353fc2ea" executionId="041b7b87-d06c-4c00-ae49-94930ffcf9d6" testListId="8c84fa94-04c1-424b-9868-57a2d4851a1d" />
    <TestEntry testId="eaa1d30c-5f58-30c3-2f20-3844e46318d4" executionId="062fc3d3-6f83-4fc3-9f46-84af9747a014" testListId="8c84fa94-04c1-424b-9868-57a2d4851a1d" />
    <TestEntry testId="b77b4041-c2a1-a348-dd99-14c2acc50a9c" executionId="3db4ef42-ea6f-4e1e-badb-a45bf1be3f14" testListId="8c84fa94-04c1-424b-9868-57a2d4851a1d" />
    <TestEntry testId="b4b53b4f-883e-94e0-fef4-aaf250b86eec" executionId="591a9f52-bbf9-48dc-9820-1cd9dd8968aa" testListId="8c84fa94-04c1-424b-9868-57a2d4851a1d" />
    <TestEntry testId="e5baebdf-dd33-61d2-8622-e7904797fee0" executionId="6dbb5fac-ba15-4029-b05b-94ef7c0fad51" testListId="8c84fa94-04c1-424b-9868-57a2d4851a1d" />
    <TestEntry testId="8019e7cd-2b2b-285d-fe92-717617455fd4" executionId="1d1f0c13-0c9f-4069-b099-9aa5dac9e686" testListId="8c84fa94-04c1-424b-9868-57a2d4851a1d" />
    <TestEntry testId="fcff554d-34c8-97ff-ebce-88a9ec7d660a" executionId="f00c8b03-dfce-4103-8901-3ebf13dff696" testListId="8c84fa94-04c1-424b-9868-57a2d4851a1d" />
    <TestEntry testId="a66072e2-b1f7-196d-b793-cd24ef5c3a36" executionId="6e4c7fbd-c48e-4623-960c-2dc38556f5bb" testListId="8c84fa94-04c1-424b-9868-57a2d4851a1d" />
    <TestEntry testId="535a6c4c-9d95-551a-92bd-bde3b28a38d2" executionId="e9e33490-14d2-43c3-b562-39d518bb2dca" testListId="8c84fa94-04c1-424b-9868-57a2d4851a1d" />
    <TestEntry testId="00fca5c1-405d-b820-34ef-a1a0e9446a86" executionId="70dd194a-f54a-4353-854a-0a773501eb23" testListId="8c84fa94-04c1-424b-9868-57a2d4851a1d" />
    <TestEntry testId="a97eb8e2-cea3-70dd-d5ee-19b9b7f4e4bf" executionId="a63c7efe-5ff9-4196-979e-503d6d7ad3ff" testListId="8c84fa94-04c1-424b-9868-57a2d4851a1d" />
    <TestEntry testId="0a4e5b36-6578-df3d-cfd2-3d6ee660820a" executionId="f016791e-a556-426a-baab-aaa14ae51138" testListId="8c84fa94-04c1-424b-9868-57a2d4851a1d" />
    <TestEntry testId="cb1d8729-ed7e-3666-4cf6-433514c9d9a6" executionId="f2718c96-7a98-44f5-b5ab-39d908b0ff8b" testListId="8c84fa94-04c1-424b-9868-57a2d4851a1d" />
    <TestEntry testId="449f9dee-f5b4-3847-0b97-06960a8176b4" executionId="3bf4ee3a-1621-4c50-9778-ef0928e70a11" testListId="8c84fa94-04c1-424b-9868-57a2d4851a1d" />
    <TestEntry testId="0a4e5b36-6578-df3d-cfd2-3d6ee660820a" executionId="775afdcf-7a69-40c6-8ef2-61aa21cfe27e" testListId="8c84fa94-04c1-424b-9868-57a2d4851a1d" />
    <TestEntry testId="ed5d2d51-b6a2-01b7-2ce0-6c8ba87417c3" executionId="782203c8-24f9-4277-a6cc-413c62626d92" testListId="8c84fa94-04c1-424b-9868-57a2d4851a1d" />
    <TestEntry testId="93ef99d9-ca73-69ac-4d15-4561a881ee1d" executionId="f7221eb6-c1dc-4be6-bbd9-c2c7e8cbe4d1" testListId="8c84fa94-04c1-424b-9868-57a2d4851a1d" />
    <TestEntry testId="2111d8db-c64b-ce9e-32b3-88fa21541431" executionId="bf0a04e6-6b23-41c1-aadf-ab5a2c3db77e" testListId="8c84fa94-04c1-424b-9868-57a2d4851a1d" />
    <TestEntry testId="7a953664-98b1-285b-43a1-df248849d87e" executionId="02b59578-e464-46fd-801b-e38a97d87250" testListId="8c84fa94-04c1-424b-9868-57a2d4851a1d" />
    <TestEntry testId="da8fd7da-175b-17d6-2b65-b1622f31efd6" executionId="f83b2f1b-dd7e-4e62-b19f-d2835c2497f6" testListId="8c84fa94-04c1-424b-9868-57a2d4851a1d" />
    <TestEntry testId="7279d631-5e65-263e-b126-502467fa7c3a" executionId="45322bf2-2ea0-405f-b9e7-f78f2beab3c0" testListId="8c84fa94-04c1-424b-9868-57a2d4851a1d" />
    <TestEntry testId="4c310887-8495-4e52-0457-4cbe13b9a200" executionId="87de1e03-f84f-4964-9977-b529231a78b5" testListId="8c84fa94-04c1-424b-9868-57a2d4851a1d" />
    <TestEntry testId="6ed649e1-03e1-4590-3da9-e33c23ab658c" executionId="8dd5aba2-5a66-40a6-ae3f-35114e952916" testListId="8c84fa94-04c1-424b-9868-57a2d4851a1d" />
    <TestEntry testId="8ed2a60a-eeda-1585-64ac-27fd20cde828" executionId="193474f9-29db-46ea-aa9c-aefd9f700a8f" testListId="8c84fa94-04c1-424b-9868-57a2d4851a1d" />
    <TestEntry testId="3ab16e75-8a5c-b09f-3b52-52df61cf6c95" executionId="e7c9cd2a-779e-4d4b-b47b-39d846bd984c" testListId="8c84fa94-04c1-424b-9868-57a2d4851a1d" />
    <TestEntry testId="e63df314-54b1-32a3-73ac-881577d2c079" executionId="80285cff-688b-4a77-86be-24a1cedd80fd" testListId="8c84fa94-04c1-424b-9868-57a2d4851a1d" />
    <TestEntry testId="95a21395-b040-7ff7-fe99-d443a657de60" executionId="e3e40e76-bc9c-4bc5-b719-7fae4d183bb3" testListId="8c84fa94-04c1-424b-9868-57a2d4851a1d" />
    <TestEntry testId="80e1e452-82cf-b088-db40-d28f7d32c62d" executionId="15a699da-dfac-4ed1-a772-ce6ece0326f6" testListId="8c84fa94-04c1-424b-9868-57a2d4851a1d" />
    <TestEntry testId="25e21b40-8b6b-75c0-de39-11c840b2c816" executionId="d80f9e5f-c0e9-4294-88b4-e97a426e3d5f" testListId="8c84fa94-04c1-424b-9868-57a2d4851a1d" />
    <TestEntry testId="9febb6f2-deb2-94da-aa47-7dc5befd915e" executionId="8496ffd0-d399-486a-ab0b-8c89f3a5f555" testListId="8c84fa94-04c1-424b-9868-57a2d4851a1d" />
    <TestEntry testId="13ba617e-c06d-6b6c-0709-611e06771ad4" executionId="79df5b13-e92e-4217-9452-3be1f9fa9941" testListId="8c84fa94-04c1-424b-9868-57a2d4851a1d" />
    <TestEntry testId="17891e0b-7823-7706-f334-6ca55cc2528c" executionId="b30a6a08-b65e-4989-a4f9-cd98fd8779b5" testListId="8c84fa94-04c1-424b-9868-57a2d4851a1d" />
    <TestEntry testId="c5313a02-9751-5e36-b637-63c29c825679" executionId="37d7af42-a1e0-495e-b8cf-023524224e12" testListId="8c84fa94-04c1-424b-9868-57a2d4851a1d" />
    <TestEntry testId="cf688c28-2d6d-a793-dedf-06d48b63f6f1" executionId="eefb8f25-6feb-4fb3-bbfa-f9bc3207c5f8" testListId="8c84fa94-04c1-424b-9868-57a2d4851a1d" />
    <TestEntry testId="f5cd0ea9-70e1-1cbd-01d3-fa2672fe0616" executionId="56b8b88b-cb89-46ce-8f5e-a7db98e1ebc5" testListId="8c84fa94-04c1-424b-9868-57a2d4851a1d" />
    <TestEntry testId="1869091f-40a7-b7a8-b1dc-92bece636d41" executionId="1a491bf8-0185-42ed-9328-c2d77f4c5fc3" testListId="8c84fa94-04c1-424b-9868-57a2d4851a1d" />
    <TestEntry testId="227dc5e8-fd61-64c5-c58b-a4363d10733d" executionId="ebf7400e-9ed2-40ea-9691-d6b31e378365" testListId="8c84fa94-04c1-424b-9868-57a2d4851a1d" />
    <TestEntry testId="3457bd27-1f00-b005-3af0-cc532182e652" executionId="fd8d7c43-00de-4217-8ce9-8f3d0328f22e" testListId="8c84fa94-04c1-424b-9868-57a2d4851a1d" />
    <TestEntry testId="84796659-ba8c-65c7-7760-1f800728b555" executionId="ec5c549a-b752-44e2-a26f-ce84288f7fb0" testListId="8c84fa94-04c1-424b-9868-57a2d4851a1d" />
    <TestEntry testId="866f7855-bb2c-7de3-0df1-014de8905cab" executionId="e7bfc494-c40c-4377-aa9b-3ab303db0f32" testListId="8c84fa94-04c1-424b-9868-57a2d4851a1d" />
    <TestEntry testId="cc5bf0e8-1cf1-748c-6f30-7b7cfd04c1dc" executionId="b6860217-17fa-4eaf-ae30-939fc489f86e" testListId="8c84fa94-04c1-424b-9868-57a2d4851a1d" />
    <TestEntry testId="f997409a-cc5a-67e4-b0e7-5e198ad107a1" executionId="66601c0f-b624-402a-be4c-b56539da6908" testListId="8c84fa94-04c1-424b-9868-57a2d4851a1d" />
    <TestEntry testId="1f3c2e70-43ac-a9e9-ce4b-d72a9af7f0f0" executionId="cd41066c-a316-45a4-bacf-83eae95b0d3e" testListId="8c84fa94-04c1-424b-9868-57a2d4851a1d" />
    <TestEntry testId="74b99f6c-f52d-e611-9fc2-7e56383e4299" executionId="c38ebf5c-cb5b-4cfe-b251-ea46ed42b22d" testListId="8c84fa94-04c1-424b-9868-57a2d4851a1d" />
    <TestEntry testId="ee6192d4-4913-e5e7-42dd-becf117dbb37" executionId="f08fddf1-bf48-466a-b5c1-7d007237c7fd" testListId="8c84fa94-04c1-424b-9868-57a2d4851a1d" />
    <TestEntry testId="b77ab5c7-4e76-dc3e-b1c6-67decc6894df" executionId="5a35cf9b-d556-44a0-9d25-e04efff7ee3e" testListId="8c84fa94-04c1-424b-9868-57a2d4851a1d" />
    <TestEntry testId="49c08253-b1e4-f17b-bbba-a7e45be6cbd0" executionId="14c1c9e0-56b5-4e5d-920d-0a08a1163018" testListId="8c84fa94-04c1-424b-9868-57a2d4851a1d" />
    <TestEntry testId="2960add4-9952-f70d-dcad-c47d9da5fd58" executionId="9dd9146f-5cfa-4f3e-9089-862a92611cc4" testListId="8c84fa94-04c1-424b-9868-57a2d4851a1d" />
    <TestEntry testId="35fdccc0-c07e-b0f5-43ff-b8462db1e66e" executionId="967c5a3f-124c-49fa-a12e-1368dc4cfbda" testListId="8c84fa94-04c1-424b-9868-57a2d4851a1d" />
    <TestEntry testId="cfda1da7-2899-4bbe-17b2-c69d57b6f85d" executionId="0e02330e-2dbc-4f42-9fca-8c01774b7752" testListId="8c84fa94-04c1-424b-9868-57a2d4851a1d" />
    <TestEntry testId="8b851834-9d1b-52ee-4c1e-eca26c60010d" executionId="db83c312-638c-439d-b0f0-56a066ef09cd" testListId="8c84fa94-04c1-424b-9868-57a2d4851a1d" />
    <TestEntry testId="0a4e5b36-6578-df3d-cfd2-3d6ee660820a" executionId="1b036412-a0fd-46e2-ba8c-d969e385e0c9" testListId="8c84fa94-04c1-424b-9868-57a2d4851a1d" />
    <TestEntry testId="08e5fbd3-af06-8bc6-9a21-3f68283f610d" executionId="685437f0-7a3d-464c-b2bd-1c41e635086c" testListId="8c84fa94-04c1-424b-9868-57a2d4851a1d" />
    <TestEntry testId="6a126318-594d-0412-acf1-03ec27689761" executionId="679eb337-7946-4ea8-afd4-ba861e66dbc4" testListId="8c84fa94-04c1-424b-9868-57a2d4851a1d" />
    <TestEntry testId="e886f146-563d-6db0-f755-1724a8f2f2c8" executionId="1e9382ad-92a6-4aa4-a8aa-d936eb6688c4" testListId="8c84fa94-04c1-424b-9868-57a2d4851a1d" />
    <TestEntry testId="f5d9ddfe-7809-e6c0-f589-d7f4a1e2a8af" executionId="8500b080-b6fd-45c6-a2ed-85032c060a5c" testListId="8c84fa94-04c1-424b-9868-57a2d4851a1d" />
    <TestEntry testId="9060a50a-9771-de76-4b8f-daa876d7df09" executionId="fb654da5-c712-40e6-8fd5-a35dc5bfe1c9" testListId="8c84fa94-04c1-424b-9868-57a2d4851a1d" />
    <TestEntry testId="2d9d257b-dc7a-dd0a-92c1-64a2f9201d0f" executionId="29c1e7f1-24ff-4925-a9c7-3129cfb5f606" testListId="8c84fa94-04c1-424b-9868-57a2d4851a1d" />
    <TestEntry testId="965180e6-a25e-a55d-955c-d1e2d083f58f" executionId="1a2d81ed-66db-48fe-a7aa-64952903ba2c" testListId="8c84fa94-04c1-424b-9868-57a2d4851a1d" />
    <TestEntry testId="d9e596ab-93a9-7684-fb6f-71e1dbbc0c03" executionId="924e34bb-71fc-4132-a5bf-15eb2230eb45" testListId="8c84fa94-04c1-424b-9868-57a2d4851a1d" />
    <TestEntry testId="c391d9c0-dcf3-3657-c2f3-5bd34c44ec5b" executionId="e04c2a55-0aa6-4268-930e-edf311852847" testListId="8c84fa94-04c1-424b-9868-57a2d4851a1d" />
    <TestEntry testId="126ce091-c6ba-ecff-2f2d-3c69aa56bf21" executionId="4daa0b13-9b53-4075-8eab-0dda5cfb6505" testListId="8c84fa94-04c1-424b-9868-57a2d4851a1d" />
    <TestEntry testId="80e1e452-82cf-b088-db40-d28f7d32c62d" executionId="820d5c62-9ed5-4e4e-b617-15c8e676820b" testListId="8c84fa94-04c1-424b-9868-57a2d4851a1d" />
    <TestEntry testId="935f6e0f-c97b-5019-7e62-2a29c5b4df2c" executionId="52452627-17f4-4b3e-98bf-a067dad92601" testListId="8c84fa94-04c1-424b-9868-57a2d4851a1d" />
    <TestEntry testId="c98d87e1-2599-14ad-dad8-186cb5a68eb4" executionId="3b8c6ef8-0691-4ecd-a885-e74bbbc0b87d" testListId="8c84fa94-04c1-424b-9868-57a2d4851a1d" />
    <TestEntry testId="2f225332-0e21-75f7-07f4-8bdf7706d8a6" executionId="f81490b6-a098-49c8-b45b-e5a77242b83d" testListId="8c84fa94-04c1-424b-9868-57a2d4851a1d" />
    <TestEntry testId="e6354ff1-9ff3-d19c-6313-930a0e558467" executionId="241d2bfd-ce0a-41b1-9448-05566eb98a90" testListId="8c84fa94-04c1-424b-9868-57a2d4851a1d" />
    <TestEntry testId="cb3c2aec-6735-d3a0-5cab-578bcfb4d46d" executionId="31d3426b-c4fa-4d52-ad7b-6ef8eca72012" testListId="8c84fa94-04c1-424b-9868-57a2d4851a1d" />
    <TestEntry testId="64e7256a-b290-3467-22a6-88571ed2d255" executionId="f41978e3-442d-4f02-acc8-f3eff80a25d7" testListId="8c84fa94-04c1-424b-9868-57a2d4851a1d" />
    <TestEntry testId="8c7ec482-bc88-8ad6-1098-ff19a10b5886" executionId="c957000f-6384-4eb2-8004-d414630acd37" testListId="8c84fa94-04c1-424b-9868-57a2d4851a1d" />
    <TestEntry testId="19058fc1-17d3-cb6e-9eb7-bbf4a0d2890d" executionId="2311cf18-b7a9-450f-a9ee-bdb61c905f89" testListId="8c84fa94-04c1-424b-9868-57a2d4851a1d" />
    <TestEntry testId="549a6411-d3e1-79bc-a090-6c2d81e9f120" executionId="ad64cec0-5f68-4cd7-afd8-fcccd46d9518" testListId="8c84fa94-04c1-424b-9868-57a2d4851a1d" />
    <TestEntry testId="22c14ae1-426d-20b6-6b98-6e6a9790adb4" executionId="90564bd5-1d0e-4ddd-8d8e-3ab91d3d79a9" testListId="8c84fa94-04c1-424b-9868-57a2d4851a1d" />
    <TestEntry testId="90ade623-c933-13b0-3f87-d92db5a5c117" executionId="b7e5607c-7f65-453f-a412-c55f6d3c0958" testListId="8c84fa94-04c1-424b-9868-57a2d4851a1d" />
    <TestEntry testId="2ebfe8ce-3c37-b151-62ae-982463586759" executionId="2df48b4d-58df-463a-8321-6fafa2205989" testListId="8c84fa94-04c1-424b-9868-57a2d4851a1d" />
    <TestEntry testId="27664859-4d07-7aa6-2422-c69fa8d16b38" executionId="8f270d95-eac9-4dfd-8488-d01a9dd374c7" testListId="8c84fa94-04c1-424b-9868-57a2d4851a1d" />
    <TestEntry testId="23c3222c-43bf-12ab-6d71-69f32f727a99" executionId="8eba87ee-967f-4dfa-9f48-c1007fbd97e2" testListId="8c84fa94-04c1-424b-9868-57a2d4851a1d" />
    <TestEntry testId="4203d4af-b5bf-b00b-9139-2a7c647d28e9" executionId="464cf3c6-52de-49ac-9cb1-6c6d8a67798d" testListId="8c84fa94-04c1-424b-9868-57a2d4851a1d" />
    <TestEntry testId="f19f66f7-3714-6457-44d8-9a0c3461226c" executionId="804fb913-b894-444d-83a4-351e02bfef10" testListId="8c84fa94-04c1-424b-9868-57a2d4851a1d" />
    <TestEntry testId="0d21c288-6b50-0b5f-f1c0-b66a8d9fbd36" executionId="2cb4948a-4059-4e29-8b15-acf81ffc1cf2" testListId="8c84fa94-04c1-424b-9868-57a2d4851a1d" />
    <TestEntry testId="432a45cf-3feb-7030-7c65-5254973ebb20" executionId="2d0a0053-293a-4a05-8eb9-2cca37322230" testListId="8c84fa94-04c1-424b-9868-57a2d4851a1d" />
    <TestEntry testId="2a89a08d-dc4f-9b66-c54a-43d74ab324c2" executionId="235c0086-7cad-4b91-96be-6d5e4f08184c" testListId="8c84fa94-04c1-424b-9868-57a2d4851a1d" />
    <TestEntry testId="45e90a7e-78c2-d92a-c93a-505afc46f1ab" executionId="f771b73e-1c12-4126-b97c-cc5de7ca30e9" testListId="8c84fa94-04c1-424b-9868-57a2d4851a1d" />
    <TestEntry testId="7066e281-486d-b17e-901e-9424698e9f74" executionId="aad6a8e0-c730-4853-aad5-893bd16bfd72" testListId="8c84fa94-04c1-424b-9868-57a2d4851a1d" />
    <TestEntry testId="e692b3e0-3f04-ab27-9ec5-4a69402a8875" executionId="b95021e6-f9f0-4502-97ac-89d71a833591" testListId="8c84fa94-04c1-424b-9868-57a2d4851a1d" />
    <TestEntry testId="d8e86d95-613e-e989-d6c8-a98a3e38c1b2" executionId="4c4f6fc2-03a8-4a0c-9339-7a3dd3b8afa2" testListId="8c84fa94-04c1-424b-9868-57a2d4851a1d" />
    <TestEntry testId="847f64c7-3f64-8d01-6913-77b9ebb56919" executionId="6d66e059-be97-4116-89f4-3bd7f1e8ce5b" testListId="8c84fa94-04c1-424b-9868-57a2d4851a1d" />
    <TestEntry testId="aa8972af-4006-c6fd-4be2-6ab7cf64c83f" executionId="497adf98-6f11-47c1-93aa-bbff5ff9ec87" testListId="8c84fa94-04c1-424b-9868-57a2d4851a1d" />
    <TestEntry testId="c619b254-8c86-c5cf-c771-3ea358787f56" executionId="92a0ce78-6a13-4205-aaa3-bf241521ddb2" testListId="8c84fa94-04c1-424b-9868-57a2d4851a1d" />
    <TestEntry testId="e119e886-63ff-9e4b-f30c-287618dff31a" executionId="dcab80e4-ff7c-4279-8a43-07eb2d73906a" testListId="8c84fa94-04c1-424b-9868-57a2d4851a1d" />
    <TestEntry testId="4cca1d5f-44b2-3473-1e35-1d77003b5df5" executionId="71f496a2-d82d-4197-ac07-6cce1b411045" testListId="8c84fa94-04c1-424b-9868-57a2d4851a1d" />
    <TestEntry testId="f7bcbf5e-0012-a0f0-d3f0-82ca6b14f5dd" executionId="2c421047-e332-44bc-b0f0-9e5b4cbb21e2" testListId="8c84fa94-04c1-424b-9868-57a2d4851a1d" />
    <TestEntry testId="9dce6ef1-0bfb-ffc5-b0e0-e06717bb70cf" executionId="52eadd31-ef67-433c-98ee-bb60d0b2d3d2" testListId="8c84fa94-04c1-424b-9868-57a2d4851a1d" />
    <TestEntry testId="a64a4521-eb75-1b0e-49ca-196652940e73" executionId="213a2e10-2529-4980-bd6c-d43edf21d69c" testListId="8c84fa94-04c1-424b-9868-57a2d4851a1d" />
    <TestEntry testId="a466016b-4a7a-12db-67a6-4d7bfdd8044c" executionId="68818ed9-13cc-4835-8911-ccb923380322" testListId="8c84fa94-04c1-424b-9868-57a2d4851a1d" />
    <TestEntry testId="e6dcebe5-b6cc-8c91-5e65-857f5572db4e" executionId="cee66b28-7d90-41e2-8b37-961fbe9807bf" testListId="8c84fa94-04c1-424b-9868-57a2d4851a1d" />
    <TestEntry testId="6d62f599-0f0c-18d4-6cc8-c03dee27684a" executionId="479a399a-4db1-4324-ae14-0dc493160ad9" testListId="8c84fa94-04c1-424b-9868-57a2d4851a1d" />
    <TestEntry testId="07e2d80c-1c7c-425d-45d2-9a4739a86a66" executionId="a7e4431c-15d7-4e63-b897-e73a5cecd4d8" testListId="8c84fa94-04c1-424b-9868-57a2d4851a1d" />
    <TestEntry testId="21b483a6-27e8-bb30-b612-d3263e5cc6f1" executionId="a077d46d-89f9-4c98-9319-9d081e5618de" testListId="8c84fa94-04c1-424b-9868-57a2d4851a1d" />
    <TestEntry testId="3ce53063-c90f-436d-4a7d-2e3b5be274ef" executionId="48f0bb4c-78ad-45c2-9d80-0bb4f550773e" testListId="8c84fa94-04c1-424b-9868-57a2d4851a1d" />
    <TestEntry testId="96b04f8c-f777-c014-a499-dfe98011948d" executionId="26023e00-5ae5-4fd1-9c17-43391fa876cb" testListId="8c84fa94-04c1-424b-9868-57a2d4851a1d" />
    <TestEntry testId="29952541-0072-8c3b-e8db-a524fa1509da" executionId="9ee43c60-b792-4a34-b6ad-43d45795c2ad" testListId="8c84fa94-04c1-424b-9868-57a2d4851a1d" />
    <TestEntry testId="5304ef5f-6f68-f464-023c-0e8f2792256b" executionId="70b9af19-5287-4fa4-915f-7943169685bf" testListId="8c84fa94-04c1-424b-9868-57a2d4851a1d" />
    <TestEntry testId="eb5a9d83-2458-0842-7b16-6cd517958096" executionId="afdfc788-316e-48c6-b7fc-b46b39ff5df1" testListId="8c84fa94-04c1-424b-9868-57a2d4851a1d" />
    <TestEntry testId="5234d1ee-ef9d-50d7-130b-4f673d2d6420" executionId="34d4d1d2-477e-47cd-a94a-4581e22e97ee" testListId="8c84fa94-04c1-424b-9868-57a2d4851a1d" />
    <TestEntry testId="27a95cc0-3e4b-dbea-fc7f-0563168b8940" executionId="d324a3cd-8108-470d-a94b-511f45a8f1f3" testListId="8c84fa94-04c1-424b-9868-57a2d4851a1d" />
    <TestEntry testId="a2522359-b2a2-5229-47e0-a441d8ac2c1e" executionId="d9324186-00d4-44fc-a8c2-f9f41b349fbd" testListId="8c84fa94-04c1-424b-9868-57a2d4851a1d" />
    <TestEntry testId="9e654779-7c3a-a723-682e-e39ebed74684" executionId="a588eece-e1bb-422e-8b80-6f022376577e" testListId="8c84fa94-04c1-424b-9868-57a2d4851a1d" />
    <TestEntry testId="cdb294e5-a11e-c1b8-28c0-e318e116348c" executionId="2dd87685-2267-4a1e-a16c-42633ddbd3c5" testListId="8c84fa94-04c1-424b-9868-57a2d4851a1d" />
    <TestEntry testId="5803be46-e356-847f-cccc-58e283b812ae" executionId="4b090cbe-2d51-4952-a673-bb83f10f2113" testListId="8c84fa94-04c1-424b-9868-57a2d4851a1d" />
    <TestEntry testId="ef92f893-79c7-0d51-127f-8470ebdbc768" executionId="f6e0692f-fb0c-4909-b526-3d2d662f3931" testListId="8c84fa94-04c1-424b-9868-57a2d4851a1d" />
    <TestEntry testId="7a75352d-c73e-5868-4a6f-939343fd10a2" executionId="cadeead6-45a8-4165-8e09-12f7f0250f8f" testListId="8c84fa94-04c1-424b-9868-57a2d4851a1d" />
    <TestEntry testId="5660124e-2746-e525-af63-46d6c656faea" executionId="f1fd0245-dd62-4b0f-91c3-7a350abaabd2" testListId="8c84fa94-04c1-424b-9868-57a2d4851a1d" />
    <TestEntry testId="44e92a95-de94-fe77-bf6a-bab8a099b9c8" executionId="bab0eaca-32eb-44aa-b50f-da25f4c82657" testListId="8c84fa94-04c1-424b-9868-57a2d4851a1d" />
    <TestEntry testId="9dcaedba-c848-3b00-d622-5c7b863dca11" executionId="8adfd700-f4a2-47b1-9eb2-b99b38d43c79" testListId="8c84fa94-04c1-424b-9868-57a2d4851a1d" />
    <TestEntry testId="cc482776-e68c-2c6f-b7ea-c8334df0cc99" executionId="491a725c-330c-44ca-8acf-f4eebc374958" testListId="8c84fa94-04c1-424b-9868-57a2d4851a1d" />
    <TestEntry testId="d02f35d6-61fd-fd34-88f9-5255843d0782" executionId="f283156b-e237-4229-a75b-366e20b6b231" testListId="8c84fa94-04c1-424b-9868-57a2d4851a1d" />
    <TestEntry testId="dbbcef65-1aa6-a5c1-32ef-04150022dcf1" executionId="18f900c3-e700-43aa-ae39-ad8cb97b67ab" testListId="8c84fa94-04c1-424b-9868-57a2d4851a1d" />
    <TestEntry testId="9293549a-e4d8-25ee-0a7e-0a58daedfd4d" executionId="680cfe2b-a35e-4836-844c-55164b12596a" testListId="8c84fa94-04c1-424b-9868-57a2d4851a1d" />
    <TestEntry testId="9029e935-145d-d5fd-fae9-96c860349038" executionId="b1ccc590-b326-4ce3-94eb-cd6f91297c82" testListId="8c84fa94-04c1-424b-9868-57a2d4851a1d" />
    <TestEntry testId="5a96ab5f-7525-5e8b-4ceb-aece78f169bb" executionId="2a2c1655-c46a-41e7-a21b-524a1fe3bea1" testListId="8c84fa94-04c1-424b-9868-57a2d4851a1d" />
    <TestEntry testId="62c0f445-e4f5-0b37-109b-e9362caf5a8c" executionId="0924590c-1af8-44c1-a10f-1d135e44763e" testListId="8c84fa94-04c1-424b-9868-57a2d4851a1d" />
    <TestEntry testId="ae7f298e-edeb-46f5-3d43-4270f80b5ca8" executionId="2dee803b-f085-4305-960f-17e5e3efe1ac" testListId="8c84fa94-04c1-424b-9868-57a2d4851a1d" />
    <TestEntry testId="d77fa2b3-cd91-4a80-9070-a6c107df2662" executionId="fdc1608c-ce38-4684-8168-ef8cf4870656" testListId="8c84fa94-04c1-424b-9868-57a2d4851a1d" />
    <TestEntry testId="550475a3-cdd8-1a4c-8164-53657594f4b5" executionId="d0caff30-69d1-48e0-b55a-5356aea7d7c5" testListId="8c84fa94-04c1-424b-9868-57a2d4851a1d" />
    <TestEntry testId="7f664b57-7413-e68a-c6c0-a58e6b75f164" executionId="d5fc474f-ca11-4e42-9b20-df079789dd01" testListId="8c84fa94-04c1-424b-9868-57a2d4851a1d" />
    <TestEntry testId="24643fe7-0bf9-5382-835f-f9f91ed814f3" executionId="00d16063-d2ae-40f6-8749-104df2e9a406" testListId="8c84fa94-04c1-424b-9868-57a2d4851a1d" />
    <TestEntry testId="7b0dc253-1a60-98fa-ca06-9217e1553108" executionId="5b03fa10-42fb-4e2a-8661-197dfef83de4" testListId="8c84fa94-04c1-424b-9868-57a2d4851a1d" />
    <TestEntry testId="518a8b99-6420-184f-272c-7fecbc8732ca" executionId="eb9a6d26-221d-48aa-8f36-e7d1d0bdf36a" testListId="8c84fa94-04c1-424b-9868-57a2d4851a1d" />
    <TestEntry testId="046c17a3-2693-b379-a8a6-25e6537747cf" executionId="c3f639fb-6072-4dc2-83fe-79baf1131d60" testListId="8c84fa94-04c1-424b-9868-57a2d4851a1d" />
    <TestEntry testId="2be8ff91-530a-56da-c98c-d25f9ef28970" executionId="67734c57-654d-4e6f-8da1-dd937a18329c" testListId="8c84fa94-04c1-424b-9868-57a2d4851a1d" />
    <TestEntry testId="e26b2205-c180-7f1b-f046-b9155ed9b951" executionId="4a4fa5c1-cf38-428e-97ef-c936e7f5318f" testListId="8c84fa94-04c1-424b-9868-57a2d4851a1d" />
    <TestEntry testId="3483fd74-40ab-caaa-a1c3-b598cd24d905" executionId="aad16fcc-53bf-4358-a7f5-8b4a252192e9" testListId="8c84fa94-04c1-424b-9868-57a2d4851a1d" />
    <TestEntry testId="6d90f09d-ac26-1a78-00bb-8e50418f096e" executionId="78dca2d3-d882-4edd-8e7a-598b5ab45925" testListId="8c84fa94-04c1-424b-9868-57a2d4851a1d" />
    <TestEntry testId="0a4e5b36-6578-df3d-cfd2-3d6ee660820a" executionId="9637cbb9-66ce-4c45-8102-4b3aefe65a29" testListId="8c84fa94-04c1-424b-9868-57a2d4851a1d" />
    <TestEntry testId="0a4e5b36-6578-df3d-cfd2-3d6ee660820a" executionId="f594a7be-2b4c-4216-b2e1-57cd96c6fd8d" testListId="8c84fa94-04c1-424b-9868-57a2d4851a1d" />
    <TestEntry testId="4ead98c0-ed43-b791-ad04-b3743cb5d69b" executionId="0f076468-cb23-41c2-9118-8eabe384ac49" testListId="8c84fa94-04c1-424b-9868-57a2d4851a1d" />
    <TestEntry testId="88adc3c3-8805-8765-8e54-e11a02ee63c8" executionId="cc95c0e7-1808-4003-b067-6bf9def4b415" testListId="8c84fa94-04c1-424b-9868-57a2d4851a1d" />
    <TestEntry testId="b6cb2108-bdbd-409f-1317-853c26dc4a4e" executionId="2e74ae72-96cb-4f4f-998f-159c7850be21" testListId="8c84fa94-04c1-424b-9868-57a2d4851a1d" />
    <TestEntry testId="e087b5f0-3763-6f36-256a-40fa9b7a8fcb" executionId="9f73d870-260e-415f-b437-7da528269ede" testListId="8c84fa94-04c1-424b-9868-57a2d4851a1d" />
    <TestEntry testId="abe5f6e4-096b-0a4b-7a9e-2ac4821bca20" executionId="724c76df-d05b-44a6-aec9-fdba84fff76c" testListId="8c84fa94-04c1-424b-9868-57a2d4851a1d" />
    <TestEntry testId="526844e8-d693-bdcc-23f1-06de8a485eea" executionId="209e65dd-e1e8-4206-8edf-73b3392c8261" testListId="8c84fa94-04c1-424b-9868-57a2d4851a1d" />
    <TestEntry testId="83e5fe5b-931d-f217-a151-96bc1abdc89d" executionId="e6649580-be22-4a43-aa8c-b9e72c7b7de3" testListId="8c84fa94-04c1-424b-9868-57a2d4851a1d" />
    <TestEntry testId="5a96435f-7bfb-674d-9228-2eed29df56f2" executionId="0bbd638d-eacf-415a-83b9-9fd9a06ff937" testListId="8c84fa94-04c1-424b-9868-57a2d4851a1d" />
    <TestEntry testId="10a72da7-6e6a-e08f-6884-b1f500f16a56" executionId="b56e7e81-fa7e-46f1-b6b8-6b3e51b39dbc" testListId="8c84fa94-04c1-424b-9868-57a2d4851a1d" />
    <TestEntry testId="10a1b738-5399-5e92-e2ed-009c7ed9c454" executionId="cebae07b-2919-4a0e-9669-59875ad868f5" testListId="8c84fa94-04c1-424b-9868-57a2d4851a1d" />
    <TestEntry testId="1d30d716-63ba-8629-37de-621fcc2f5f57" executionId="78fa5ed8-26a2-40af-a604-0decd1f0bd7b" testListId="8c84fa94-04c1-424b-9868-57a2d4851a1d" />
    <TestEntry testId="597f2f58-81bb-4d82-b5c8-d8c0619f1925" executionId="00d32914-d903-4524-ac2c-052b99f7f600" testListId="8c84fa94-04c1-424b-9868-57a2d4851a1d" />
    <TestEntry testId="64acf650-ab74-e994-39a9-4ff5a401cc98" executionId="a6fddd14-46d2-438a-9ccd-d3696799ad6c" testListId="8c84fa94-04c1-424b-9868-57a2d4851a1d" />
    <TestEntry testId="ff22d43a-17fa-db51-d7fd-2f5ea3ee7dbb" executionId="2b724c68-4187-4bb7-bd6c-34205d3dd2f5" testListId="8c84fa94-04c1-424b-9868-57a2d4851a1d" />
    <TestEntry testId="9029e935-145d-d5fd-fae9-96c860349038" executionId="39332ec2-3a39-4a36-b891-f007bec535a0" testListId="8c84fa94-04c1-424b-9868-57a2d4851a1d" />
    <TestEntry testId="85091bf5-79fb-de26-dea4-3270f148dbfd" executionId="5a1c3bed-e72a-45e3-87de-e2f9f3d24e80" testListId="8c84fa94-04c1-424b-9868-57a2d4851a1d" />
    <TestEntry testId="228d20c3-db2d-4eb9-0c15-bbc7ab7ead20" executionId="d1b56db9-7bc9-4262-b52a-27a580460c5a" testListId="8c84fa94-04c1-424b-9868-57a2d4851a1d" />
    <TestEntry testId="84ba2f48-d35e-2565-b5d6-9096907c8416" executionId="f6f8bd3d-44b4-4de8-a7f8-c6ad58b07664" testListId="8c84fa94-04c1-424b-9868-57a2d4851a1d" />
    <TestEntry testId="3215309a-c170-3a90-36e8-c896704e6333" executionId="49b8f0ea-6ed0-4ba7-aaf1-3a8a1c00204f" testListId="8c84fa94-04c1-424b-9868-57a2d4851a1d" />
    <TestEntry testId="451bffc0-3ae5-2acf-fc45-f7a1232d7fdf" executionId="e08276e5-2598-4820-90f5-693b346522b8" testListId="8c84fa94-04c1-424b-9868-57a2d4851a1d" />
    <TestEntry testId="e02372be-e433-9cbf-ee9f-b1ebff6c1698" executionId="ceb4b273-e57a-4f19-9797-950c6b821e8c" testListId="8c84fa94-04c1-424b-9868-57a2d4851a1d" />
    <TestEntry testId="4ffbb65d-5283-caab-4ee9-d197524190bc" executionId="089cd9f9-4d62-45a7-b0e3-684d89d977a1" testListId="8c84fa94-04c1-424b-9868-57a2d4851a1d" />
    <TestEntry testId="80cc67c7-792e-07c8-c20a-98cfccf11348" executionId="fbe1d925-e97c-46a9-8ca2-bb0a3fde32ad" testListId="8c84fa94-04c1-424b-9868-57a2d4851a1d" />
    <TestEntry testId="8b087bdb-e613-2682-1659-90f070e3535d" executionId="3a32a29d-1306-421d-a49f-404f6d33ced4" testListId="8c84fa94-04c1-424b-9868-57a2d4851a1d" />
    <TestEntry testId="06412854-071a-034e-5a5f-ce51d467c3ae" executionId="91e1286e-5280-4813-b8a8-cc74685acd6d" testListId="8c84fa94-04c1-424b-9868-57a2d4851a1d" />
    <TestEntry testId="6a069b88-27e1-e70c-13f9-4c619372c66b" executionId="ded87c09-3955-451d-b803-835560e49e99" testListId="8c84fa94-04c1-424b-9868-57a2d4851a1d" />
    <TestEntry testId="3d676a9f-bbcb-bc89-c504-7e67ca06500e" executionId="ae307c29-bbf5-48a5-82bc-445a8163e043" testListId="8c84fa94-04c1-424b-9868-57a2d4851a1d" />
    <TestEntry testId="086df0e0-5aad-7a70-c738-24f763045ce7" executionId="b5dee349-3dd8-4187-ae64-86291b533114" testListId="8c84fa94-04c1-424b-9868-57a2d4851a1d" />
    <TestEntry testId="4b45c6e7-7f37-b930-8977-ed2b5f3bab07" executionId="e011a454-b692-48ff-899a-1b6fedaf88ed" testListId="8c84fa94-04c1-424b-9868-57a2d4851a1d" />
    <TestEntry testId="1189299d-d6c8-7716-1cc1-5c418c696590" executionId="49ec535f-5cda-402d-a6ce-5d69295951c1" testListId="8c84fa94-04c1-424b-9868-57a2d4851a1d" />
    <TestEntry testId="00f0e371-214b-3362-fe49-cbc53292d7d9" executionId="690ecc82-cc0d-4d92-ae4d-28363f9ae736" testListId="8c84fa94-04c1-424b-9868-57a2d4851a1d" />
    <TestEntry testId="05aeaa8c-7d80-f9e7-54a6-810812bf76ac" executionId="52b5ec95-6074-41a2-99ef-851a3d8cb7c6" testListId="8c84fa94-04c1-424b-9868-57a2d4851a1d" />
    <TestEntry testId="103905f4-9b3f-baa3-099f-93a0f91d8394" executionId="ab2a8f62-e600-44ea-968c-e698d989e5c3" testListId="8c84fa94-04c1-424b-9868-57a2d4851a1d" />
    <TestEntry testId="f27b2734-7e6c-c464-7643-e40625bfd46a" executionId="a033f537-bbe8-498f-9e30-dceeeb23893f" testListId="8c84fa94-04c1-424b-9868-57a2d4851a1d" />
    <TestEntry testId="11e32396-3f3f-284e-b683-2e3e119136e4" executionId="bda736bf-032c-4df6-bab7-240721cbd166" testListId="8c84fa94-04c1-424b-9868-57a2d4851a1d" />
    <TestEntry testId="669fc029-8875-e129-8d0c-bd7a31bdd15f" executionId="a8e1e696-6f88-4fd0-bfcf-6c5ee50d8bb7" testListId="8c84fa94-04c1-424b-9868-57a2d4851a1d" />
    <TestEntry testId="f7818ee3-e956-b295-d253-9fdf096ceee7" executionId="1a3bf059-e30c-40c5-b011-83f0035f35b6" testListId="8c84fa94-04c1-424b-9868-57a2d4851a1d" />
    <TestEntry testId="dc138ee9-21ff-a5b7-13f9-f62a771c926b" executionId="5c5340bd-3160-45e8-bc23-685df8674897" testListId="8c84fa94-04c1-424b-9868-57a2d4851a1d" />
    <TestEntry testId="5b878309-5fba-ade9-5fb0-a0b0fe46423a" executionId="bf0215e0-f867-464e-b946-bc8c690d9af7" testListId="8c84fa94-04c1-424b-9868-57a2d4851a1d" />
    <TestEntry testId="3419854c-a58b-26c0-1755-df23f4de0fe4" executionId="0ab40f67-6871-4354-ae05-e008a0095213" testListId="8c84fa94-04c1-424b-9868-57a2d4851a1d" />
    <TestEntry testId="0ae53827-c728-1e97-29dd-bbdf893d6166" executionId="60c8dbc4-1403-4c02-8d26-d187ad38b691" testListId="8c84fa94-04c1-424b-9868-57a2d4851a1d" />
    <TestEntry testId="5be7c8bc-c613-0652-ed73-c4eee352182b" executionId="41217730-c5db-4637-a108-3954e8cc1f89" testListId="8c84fa94-04c1-424b-9868-57a2d4851a1d" />
    <TestEntry testId="94ba17e6-30fb-3cd3-1d80-21c645e8deb9" executionId="78a6af07-6d92-41d6-b752-bc53e88f5fa8" testListId="8c84fa94-04c1-424b-9868-57a2d4851a1d" />
    <TestEntry testId="63fb96d5-d28e-59d8-da39-0b1d1307a3be" executionId="f65fcaa5-dced-4e18-87c8-706cb849e895" testListId="8c84fa94-04c1-424b-9868-57a2d4851a1d" />
    <TestEntry testId="5f08cd58-65ec-6481-8a3e-55fd6d8233b0" executionId="8d511832-322f-4f4d-afa1-dc69acfc8369" testListId="8c84fa94-04c1-424b-9868-57a2d4851a1d" />
    <TestEntry testId="6b9d0101-5179-e1bc-9826-482bb244b50e" executionId="0df729ce-3221-47ba-b1b0-7afdd8a61566" testListId="8c84fa94-04c1-424b-9868-57a2d4851a1d" />
    <TestEntry testId="0aadc201-49e1-bf75-6608-564242125dc2" executionId="2df538f7-58ad-448b-bb07-46d168359687" testListId="8c84fa94-04c1-424b-9868-57a2d4851a1d" />
    <TestEntry testId="fd2f0a2f-32fb-8519-02c2-e506fea764d9" executionId="bae03fd8-480d-431d-9c64-6bcfbc537a2f" testListId="8c84fa94-04c1-424b-9868-57a2d4851a1d" />
    <TestEntry testId="ce6e2ff3-4955-41da-37f3-e3853ebb6060" executionId="d31a0891-9983-49d6-85c6-06e5fa1380f2" testListId="8c84fa94-04c1-424b-9868-57a2d4851a1d" />
    <TestEntry testId="d8b08358-1787-7f72-e88b-c6b80ebec05d" executionId="de97ccca-ed2d-4102-9fd3-4714bcb41613" testListId="8c84fa94-04c1-424b-9868-57a2d4851a1d" />
    <TestEntry testId="f4ab981e-0c0f-f2f3-f99e-665599b904ff" executionId="f3722ed4-d9af-4684-bb91-3f41d1e6c077" testListId="8c84fa94-04c1-424b-9868-57a2d4851a1d" />
    <TestEntry testId="94665017-ba44-93eb-512e-f9565e558eb5" executionId="e874d4bf-d78a-4677-a0f2-2607a352714b" testListId="8c84fa94-04c1-424b-9868-57a2d4851a1d" />
    <TestEntry testId="0d8d7f88-cdb1-c8e3-59a9-3cff81206fb2" executionId="d1b4967b-af3b-46e7-bfff-27c17d8b7ba9" testListId="8c84fa94-04c1-424b-9868-57a2d4851a1d" />
    <TestEntry testId="795c0b9d-f299-8ffa-d2ce-4bce515e128c" executionId="1e3b2290-bae9-4b39-9cc3-964ca023233a" testListId="8c84fa94-04c1-424b-9868-57a2d4851a1d" />
    <TestEntry testId="07465ce7-6373-2a9f-806a-3101b38a9200" executionId="7b664e33-37e0-40a2-9bcc-f6d7d2438117" testListId="8c84fa94-04c1-424b-9868-57a2d4851a1d" />
    <TestEntry testId="d5b83293-8848-4b1e-df37-68e69f1f794e" executionId="0be3f52e-0fff-44c4-9f79-bd5769754c69" testListId="8c84fa94-04c1-424b-9868-57a2d4851a1d" />
    <TestEntry testId="88071ce5-6a3f-f4ed-8ba6-7bfde6e1c46a" executionId="76662339-5de6-4770-bad6-afc3db09171c" testListId="8c84fa94-04c1-424b-9868-57a2d4851a1d" />
    <TestEntry testId="22a59367-a811-ccdf-0b6a-1dbe692127f9" executionId="7e83382b-a6a3-4277-babc-a0d101396b0a" testListId="8c84fa94-04c1-424b-9868-57a2d4851a1d" />
    <TestEntry testId="814ca95b-3749-a755-e5cd-7c6f8bffd2b6" executionId="708cddad-86cc-4bd5-a76c-a3bce71b1093" testListId="8c84fa94-04c1-424b-9868-57a2d4851a1d" />
    <TestEntry testId="d90a523b-e1ac-2a8a-dd1a-2b2e05a4e8cb" executionId="5ff0e71e-ef8e-4667-8daa-fac3e21fff77" testListId="8c84fa94-04c1-424b-9868-57a2d4851a1d" />
    <TestEntry testId="9436abbf-5e35-6c76-dd3c-5e8e30ea43e2" executionId="ba0b7fc2-5056-48e5-989a-954dc1a490a8" testListId="8c84fa94-04c1-424b-9868-57a2d4851a1d" />
    <TestEntry testId="046e87a4-129e-e9d1-b689-ff12d71bb7aa" executionId="645463ef-4b73-4f0a-9365-8aee13c46252" testListId="8c84fa94-04c1-424b-9868-57a2d4851a1d" />
    <TestEntry testId="40de1517-d6a6-7e31-1713-862fa25a82b9" executionId="8d189898-b2a2-4efa-ac30-1fbe3f7f74b4" testListId="8c84fa94-04c1-424b-9868-57a2d4851a1d" />
    <TestEntry testId="0ff0e9cd-64a6-a486-b25c-40dba615fd2d" executionId="a243a188-2ede-420e-bffc-e96286581b47" testListId="8c84fa94-04c1-424b-9868-57a2d4851a1d" />
    <TestEntry testId="f84b750e-f7b1-dfa1-6239-ac206a9e1008" executionId="618abf4d-af29-472d-9545-eafba4cf8362" testListId="8c84fa94-04c1-424b-9868-57a2d4851a1d" />
    <TestEntry testId="ed8d77e0-76a5-81b3-8198-30c2ee7d220a" executionId="c0ea9322-b2f3-49be-a319-bcddb048246e" testListId="8c84fa94-04c1-424b-9868-57a2d4851a1d" />
    <TestEntry testId="5f362ea2-3502-a9a4-859c-9b7a53373938" executionId="aa0018ee-5fe1-467c-90d9-5864cb47c1a6" testListId="8c84fa94-04c1-424b-9868-57a2d4851a1d" />
    <TestEntry testId="9fe32e3c-1f4e-e7ac-2652-a48159917634" executionId="513fdff7-4339-4155-bcee-ad7432815d43" testListId="8c84fa94-04c1-424b-9868-57a2d4851a1d" />
    <TestEntry testId="63448ae4-3822-6161-d46b-a6dd1dfe44fd" executionId="5a44753c-39dc-44f0-916a-0e00fc1ff57d" testListId="8c84fa94-04c1-424b-9868-57a2d4851a1d" />
    <TestEntry testId="f82ee61b-ae97-d19b-9f9c-9b68d981c021" executionId="517b75b7-5dee-42e3-9775-a3a49ceaa98a" testListId="8c84fa94-04c1-424b-9868-57a2d4851a1d" />
    <TestEntry testId="95de192a-ea76-d295-f88b-c527532da98d" executionId="41bd4deb-57ab-4839-81f1-092035270129" testListId="8c84fa94-04c1-424b-9868-57a2d4851a1d" />
    <TestEntry testId="10dd7bf8-f28a-4f0c-1dc0-23b4c2def703" executionId="08a79390-d848-4bbd-898e-25deaf48e2bb" testListId="8c84fa94-04c1-424b-9868-57a2d4851a1d" />
    <TestEntry testId="63f149e4-246e-312e-204b-29ba70cef87d" executionId="7ba50a5a-e7fe-4548-9bce-df8c9d1073c7" testListId="8c84fa94-04c1-424b-9868-57a2d4851a1d" />
    <TestEntry testId="ea1b5845-13e0-a3f9-5ed1-720958ca2d0a" executionId="9459ec92-5f4a-4e07-89c0-9f9bcb82b246" testListId="8c84fa94-04c1-424b-9868-57a2d4851a1d" />
    <TestEntry testId="6e8c0e78-ac96-07f6-2327-5c670bb6a7bf" executionId="9b99480f-be8d-49ef-80e5-0da62872857f" testListId="8c84fa94-04c1-424b-9868-57a2d4851a1d" />
    <TestEntry testId="7540b45d-6ef8-10a5-03bf-82e202908376" executionId="45db20a6-4ed3-415c-961a-8e105e675610" testListId="8c84fa94-04c1-424b-9868-57a2d4851a1d" />
    <TestEntry testId="4a1a72a9-3748-b54f-9812-2fd52873801b" executionId="391b1d34-155b-4e20-98af-a12d01534c90" testListId="8c84fa94-04c1-424b-9868-57a2d4851a1d" />
    <TestEntry testId="f952c068-f034-3ff2-3bf8-7e5b673c1e64" executionId="612d4a89-fd3c-4511-9086-8b312c38438d" testListId="8c84fa94-04c1-424b-9868-57a2d4851a1d" />
    <TestEntry testId="f7e9fd32-cda0-b4a7-03c5-d4f85abad026" executionId="28435976-e0d3-4c77-80d5-d6117b39ae8a" testListId="8c84fa94-04c1-424b-9868-57a2d4851a1d" />
    <TestEntry testId="41ffe1b6-1bbb-2400-999f-02df2a743ad6" executionId="bbadf59b-bade-4335-a10c-18d88af81d11" testListId="8c84fa94-04c1-424b-9868-57a2d4851a1d" />
    <TestEntry testId="71b3373f-dea8-3cfe-2919-2c270031d8d7" executionId="b8230e0c-f4fa-42ab-b9a0-255de46d5fa2" testListId="8c84fa94-04c1-424b-9868-57a2d4851a1d" />
    <TestEntry testId="76f9de2a-47c0-eaaa-3675-ac942aca2f32" executionId="7d545f40-8f7a-402e-aa37-41efdd8d8367" testListId="8c84fa94-04c1-424b-9868-57a2d4851a1d" />
    <TestEntry testId="9029e935-145d-d5fd-fae9-96c860349038" executionId="d7b3c97e-1a10-4eb1-9fd9-4274185cdbe1" testListId="8c84fa94-04c1-424b-9868-57a2d4851a1d" />
    <TestEntry testId="8a8e4fe8-cc44-1592-1359-5f4e8b98044b" executionId="666c55f3-3cac-4ff5-bb1a-549951b553b4" testListId="8c84fa94-04c1-424b-9868-57a2d4851a1d" />
    <TestEntry testId="60bdbe1c-556f-ee06-0399-2842675c306a" executionId="f36a2565-f00e-4119-bfdd-7a77eeb7c299" testListId="8c84fa94-04c1-424b-9868-57a2d4851a1d" />
    <TestEntry testId="b162402f-2c1b-0582-f67d-d6b489572737" executionId="d49ba238-915b-4ffb-bf99-0c797d6e0f56" testListId="8c84fa94-04c1-424b-9868-57a2d4851a1d" />
    <TestEntry testId="03690dec-a251-8115-c3a7-9374da58537f" executionId="6ad0bfdd-d1ad-4661-b218-a35513935758" testListId="8c84fa94-04c1-424b-9868-57a2d4851a1d" />
    <TestEntry testId="33331069-dc53-a636-5d65-773a4897854a" executionId="dbb5e884-9558-4e4c-b640-453718070a65" testListId="8c84fa94-04c1-424b-9868-57a2d4851a1d" />
    <TestEntry testId="957f9b92-e025-9215-a70c-c67cce904d02" executionId="e3c701b2-c1c2-48e7-aec1-a34413ac0b75" testListId="8c84fa94-04c1-424b-9868-57a2d4851a1d" />
    <TestEntry testId="bf43b520-f013-6f88-54e2-4da33d00fc9f" executionId="5652b926-2c6c-4f86-b58b-2e545676f1f4" testListId="8c84fa94-04c1-424b-9868-57a2d4851a1d" />
    <TestEntry testId="42206c17-853c-7b3a-7834-e4be8b79460f" executionId="586e6a7a-1bd2-4b6e-b050-4c4af13e273e" testListId="8c84fa94-04c1-424b-9868-57a2d4851a1d" />
    <TestEntry testId="a5f3c4e3-2515-5b34-ca88-e1bb40637adf" executionId="9f070c8a-4bde-4a51-800f-3f522e59849b" testListId="8c84fa94-04c1-424b-9868-57a2d4851a1d" />
    <TestEntry testId="fca58915-8fae-a999-eb21-fb7a250b2818" executionId="11a0a752-08b6-4975-92dd-2274c3a1bdaf" testListId="8c84fa94-04c1-424b-9868-57a2d4851a1d" />
    <TestEntry testId="4e8d1cbd-b8ef-6778-0ee2-4c64d9b96b59" executionId="9a02ef90-bdf1-454b-bf25-79df729f9286" testListId="8c84fa94-04c1-424b-9868-57a2d4851a1d" />
    <TestEntry testId="8f5491df-5fca-1dbe-cd17-6a2db5019ce9" executionId="3084385c-a656-46d7-9a44-215f806f64ce" testListId="8c84fa94-04c1-424b-9868-57a2d4851a1d" />
    <TestEntry testId="55807824-53e4-23f9-def8-1210782703cc" executionId="60a7e947-8fb9-43d0-aabb-af5990f84bb1" testListId="8c84fa94-04c1-424b-9868-57a2d4851a1d" />
    <TestEntry testId="d6a59c85-6c58-584e-c43d-f10c50d7e1a2" executionId="42a9d82b-9e3c-405f-bc95-6ef41327cf35" testListId="8c84fa94-04c1-424b-9868-57a2d4851a1d" />
    <TestEntry testId="f666c42d-aace-c940-638f-8ab4e58f4377" executionId="922784fb-ca2c-4bdc-a0f1-bb14910580a3" testListId="8c84fa94-04c1-424b-9868-57a2d4851a1d" />
    <TestEntry testId="04c83cca-8782-2962-eccb-1c1b5d4d8166" executionId="d89752d0-6507-4bbb-a57e-385ba6eff614" testListId="8c84fa94-04c1-424b-9868-57a2d4851a1d" />
    <TestEntry testId="f7f1fade-22dc-b3ee-b4cb-477d416d63d2" executionId="78a3e283-930a-4547-aeae-7a842836aa2f" testListId="8c84fa94-04c1-424b-9868-57a2d4851a1d" />
    <TestEntry testId="165287bc-bef0-3870-c69b-a17243fed1fc" executionId="077a8216-a941-48be-b66f-1d98367cb2a7" testListId="8c84fa94-04c1-424b-9868-57a2d4851a1d" />
    <TestEntry testId="91d14b34-4712-1785-f0d4-572e813a795e" executionId="fe6abf58-3a4e-4727-b988-262d70a0a923" testListId="8c84fa94-04c1-424b-9868-57a2d4851a1d" />
    <TestEntry testId="4092a02b-aad1-4cd2-975c-e2b5b68e9e4b" executionId="6d528228-b88b-4c72-8a40-e4ed836b0530" testListId="8c84fa94-04c1-424b-9868-57a2d4851a1d" />
    <TestEntry testId="d5b52bb5-55cf-dc85-f26b-7b0562d6b30f" executionId="ed2ce161-9a08-442d-b401-5c772f6abfe0" testListId="8c84fa94-04c1-424b-9868-57a2d4851a1d" />
    <TestEntry testId="47bead1c-a537-8842-47a7-b3ba583fe988" executionId="13105ff3-0b2a-4aac-a848-701e335ec7be" testListId="8c84fa94-04c1-424b-9868-57a2d4851a1d" />
    <TestEntry testId="6ec299cf-433f-6019-4dfb-ce39d2dfd94a" executionId="0022df1b-e37b-40cb-bdec-fb8e602475e7" testListId="8c84fa94-04c1-424b-9868-57a2d4851a1d" />
    <TestEntry testId="ee5f0f9a-0e04-d5a2-b25f-f40f3b08b3de" executionId="e039d4b0-2667-4483-8015-336264236e5c" testListId="8c84fa94-04c1-424b-9868-57a2d4851a1d" />
    <TestEntry testId="9029e935-145d-d5fd-fae9-96c860349038" executionId="3276e561-7b65-4fbd-acb5-bc6b4baee002" testListId="8c84fa94-04c1-424b-9868-57a2d4851a1d" />
    <TestEntry testId="67dea1b0-7e98-e001-6bf4-02f00add95c5" executionId="8f2b7ccf-b221-406e-9667-484dad3f4c0c" testListId="8c84fa94-04c1-424b-9868-57a2d4851a1d" />
    <TestEntry testId="7c485018-e81c-b9cc-ee22-382cb4b7a7c1" executionId="51038b4e-6cc9-4438-8a02-d4f70b0805e4" testListId="8c84fa94-04c1-424b-9868-57a2d4851a1d" />
    <TestEntry testId="368cb1e4-cb3a-71e3-96c7-b85f55f12c0c" executionId="33f94f20-9b45-44a4-8503-12117843af07" testListId="8c84fa94-04c1-424b-9868-57a2d4851a1d" />
    <TestEntry testId="bfdc2e11-573c-5747-26b0-0b571bfbb54c" executionId="d846debd-cb48-4a74-b87c-922f30dec859" testListId="8c84fa94-04c1-424b-9868-57a2d4851a1d" />
    <TestEntry testId="0882c6fe-e955-9a8a-eee5-7ae62c8b3178" executionId="3f808170-e07e-4164-919b-e6439bcc72d0" testListId="8c84fa94-04c1-424b-9868-57a2d4851a1d" />
    <TestEntry testId="7d900372-2011-73f8-033d-c6e57807e942" executionId="f26ad0ad-6245-458b-b908-83f92683bf8a" testListId="8c84fa94-04c1-424b-9868-57a2d4851a1d" />
    <TestEntry testId="dddb1835-bc62-9ecf-f6da-266a9e5d6d03" executionId="b9b25f32-4c85-4b8e-93f4-7cb3a67d7a31" testListId="8c84fa94-04c1-424b-9868-57a2d4851a1d" />
    <TestEntry testId="86e972ed-14c6-3ad2-ddf5-8b4f957f0006" executionId="d585ac01-d699-497c-a9cd-60bb5c3d2236" testListId="8c84fa94-04c1-424b-9868-57a2d4851a1d" />
    <TestEntry testId="96abbcdd-783c-a6e6-4e38-7f3dc42ebf4f" executionId="3a53fbcd-2693-47a0-8348-de6b0d947bf6" testListId="8c84fa94-04c1-424b-9868-57a2d4851a1d" />
    <TestEntry testId="60f76d2a-8443-d6c5-ab49-4b19e96bdb7e" executionId="d162275a-226c-49b7-97f4-26a619bc0b08" testListId="8c84fa94-04c1-424b-9868-57a2d4851a1d" />
    <TestEntry testId="72855fe1-8be2-532b-4d86-61e95119c906" executionId="97853c90-7f4b-48c5-8608-66d5b7f72ab0" testListId="8c84fa94-04c1-424b-9868-57a2d4851a1d" />
    <TestEntry testId="3147bc1a-6400-429f-1c8f-cd7dc6defaa1" executionId="ed7eee5b-0218-42ba-a163-9eb97583025e" testListId="8c84fa94-04c1-424b-9868-57a2d4851a1d" />
    <TestEntry testId="62ccc5b1-eb5f-4644-e919-a3a7e7740785" executionId="72a8b943-2851-4da4-ac13-08da506fc871" testListId="8c84fa94-04c1-424b-9868-57a2d4851a1d" />
    <TestEntry testId="37c23154-aec4-129b-8dc2-bb50808aef9e" executionId="2166717f-b667-4a29-afa2-47ce333af483" testListId="8c84fa94-04c1-424b-9868-57a2d4851a1d" />
    <TestEntry testId="cfadad16-7fef-9797-8a05-f69be03fa506" executionId="331afe9f-5cdc-4d4e-a6aa-e477fbac0fac" testListId="8c84fa94-04c1-424b-9868-57a2d4851a1d" />
    <TestEntry testId="a1232aab-9143-95b0-ed05-58af3d018f0d" executionId="0256f61f-7362-4acb-abfa-7a32ad7e2dd6" testListId="8c84fa94-04c1-424b-9868-57a2d4851a1d" />
    <TestEntry testId="e321a84a-46d6-5a10-48a6-04d6f541eeb1" executionId="5899e946-2e67-4154-b0d4-e4309cd70232" testListId="8c84fa94-04c1-424b-9868-57a2d4851a1d" />
    <TestEntry testId="45426788-53bd-fdd6-9e67-f15e7f5b5490" executionId="178b282a-cd71-4606-a688-aa3ea38dca03" testListId="8c84fa94-04c1-424b-9868-57a2d4851a1d" />
    <TestEntry testId="a2769260-4eb7-daf9-b4d2-f155ed354d1b" executionId="a1bfae90-4143-4bd6-8148-2cd1bde1a476" testListId="8c84fa94-04c1-424b-9868-57a2d4851a1d" />
    <TestEntry testId="6cafc5ed-fe23-6238-885d-2059ca1b7427" executionId="07d194d4-1b15-4694-903e-94ff9afaebe2" testListId="8c84fa94-04c1-424b-9868-57a2d4851a1d" />
    <TestEntry testId="f680908c-3b4b-7b4d-7066-6e5fce7c0b27" executionId="3b719dd6-e055-4ef6-a1bf-0cff1291246c" testListId="8c84fa94-04c1-424b-9868-57a2d4851a1d" />
    <TestEntry testId="574bf290-6995-ff93-7ee5-b70a6ace7d84" executionId="971f8080-0627-4e02-9bff-a0c517067d34" testListId="8c84fa94-04c1-424b-9868-57a2d4851a1d" />
    <TestEntry testId="e6f18f4e-717d-7e35-b333-de26f141ac91" executionId="d8657f8b-5058-451c-a4f0-1d30263d3567" testListId="8c84fa94-04c1-424b-9868-57a2d4851a1d" />
    <TestEntry testId="73c84d82-bb7d-01f8-8894-e9f1d48f8356" executionId="4597adeb-038a-4a44-908f-e91ac8eabe42" testListId="8c84fa94-04c1-424b-9868-57a2d4851a1d" />
    <TestEntry testId="4ab80538-8920-6bd3-f5bf-6a692e875394" executionId="8a7b7b5c-8947-41e4-a0d8-0efbc1ef061c" testListId="8c84fa94-04c1-424b-9868-57a2d4851a1d" />
    <TestEntry testId="092a5f5d-5e92-e7c2-e812-620b9e6c3275" executionId="c9f0bceb-66e3-432d-a7e2-06ef9f8e81ba" testListId="8c84fa94-04c1-424b-9868-57a2d4851a1d" />
    <TestEntry testId="8208e4be-3fed-2de3-3add-7c787e622e9d" executionId="23228c1d-55e3-4775-b103-fcabb86b2b62" testListId="8c84fa94-04c1-424b-9868-57a2d4851a1d" />
    <TestEntry testId="3a7cd1b3-7650-7055-af1d-619a6bb401ba" executionId="968d7db5-1be6-4dcf-b31a-54a8e3af6b11" testListId="8c84fa94-04c1-424b-9868-57a2d4851a1d" />
    <TestEntry testId="efcae59c-c765-a30f-3362-183bf9168666" executionId="4bd60708-1f7e-468e-ac6c-a76bed757afc" testListId="8c84fa94-04c1-424b-9868-57a2d4851a1d" />
    <TestEntry testId="4359d1f6-24c0-77e3-a295-f1f91acd7a66" executionId="1fe353e7-1459-4de5-93ba-0bea6e57f43a" testListId="8c84fa94-04c1-424b-9868-57a2d4851a1d" />
    <TestEntry testId="fc1071f1-9dc8-3652-9848-fa70b1167397" executionId="adce6a19-7767-4770-b93a-f5ce1cade062" testListId="8c84fa94-04c1-424b-9868-57a2d4851a1d" />
    <TestEntry testId="9029e935-145d-d5fd-fae9-96c860349038" executionId="5f58b115-57ad-4a11-98bb-db4dded59947" testListId="8c84fa94-04c1-424b-9868-57a2d4851a1d" />
    <TestEntry testId="82ab9888-0e8e-be7c-a27b-7d4882e76ad2" executionId="537098d7-49e7-4c47-85b5-b8d9f5434b7a" testListId="8c84fa94-04c1-424b-9868-57a2d4851a1d" />
    <TestEntry testId="80e60020-24f2-b8c1-7ee1-a8544259cfd1" executionId="14e8e527-9f05-41b9-b232-e003e5cf45af" testListId="8c84fa94-04c1-424b-9868-57a2d4851a1d" />
    <TestEntry testId="e00615fe-3a8d-1512-20d9-8abe6916016f" executionId="c55b2ffd-dd42-4086-b898-7f5d8040614a" testListId="8c84fa94-04c1-424b-9868-57a2d4851a1d" />
    <TestEntry testId="968967c1-9c91-5395-ae74-dba306913820" executionId="84ebfaea-4050-4ae8-ac3a-0907a20f8ffe" testListId="8c84fa94-04c1-424b-9868-57a2d4851a1d" />
    <TestEntry testId="d6460871-04c1-69a0-835f-12db0d68e9bd" executionId="ce8feb9a-b768-42c9-9d82-ec2e7bfcfa3d" testListId="8c84fa94-04c1-424b-9868-57a2d4851a1d" />
    <TestEntry testId="575af213-6f43-c554-7582-c09e43d49cdb" executionId="aab62b05-a3a5-47dd-a02c-520df10b46fb" testListId="8c84fa94-04c1-424b-9868-57a2d4851a1d" />
    <TestEntry testId="a27dcab4-fe50-bb56-8a65-057bfb64a1f4" executionId="cf187b5a-f471-4a0f-baf2-d7d5e50160f4" testListId="8c84fa94-04c1-424b-9868-57a2d4851a1d" />
    <TestEntry testId="64bb4b70-7e25-7afc-6d81-0c3474ed7a2b" executionId="d0e8e368-94fa-4881-ac72-29466dfd9af4" testListId="8c84fa94-04c1-424b-9868-57a2d4851a1d" />
    <TestEntry testId="c6be3c70-f05e-da41-cdde-2e744b71ec65" executionId="62c74595-527e-4039-b16b-474f9f68fef6" testListId="8c84fa94-04c1-424b-9868-57a2d4851a1d" />
    <TestEntry testId="9f407d44-4f3f-f1b2-0cc2-8c4bc65e5f39" executionId="07d27fd5-868d-405d-b97a-2f7b257501e6" testListId="8c84fa94-04c1-424b-9868-57a2d4851a1d" />
    <TestEntry testId="145e0ff6-94b3-8f9e-a3e6-3b43ce77eb33" executionId="d730d41a-f808-4863-b35c-6116de06682f" testListId="8c84fa94-04c1-424b-9868-57a2d4851a1d" />
    <TestEntry testId="8a1568a6-ad98-67e4-8764-7fa07b40b0f4" executionId="c48f8309-8928-4704-8eee-c2d16b3982bc" testListId="8c84fa94-04c1-424b-9868-57a2d4851a1d" />
    <TestEntry testId="43a12b2e-14a7-1d5f-4fc9-a448b6cf0edd" executionId="e3db2ce0-fdf0-4806-bfd1-05ec1b23f513" testListId="8c84fa94-04c1-424b-9868-57a2d4851a1d" />
    <TestEntry testId="d5380333-0029-a673-b16f-5047c88c70d6" executionId="bb0cd975-3a74-4037-922d-c141baa6006c" testListId="8c84fa94-04c1-424b-9868-57a2d4851a1d" />
    <TestEntry testId="f52b7516-be31-9d30-cb41-04f4b2fe00bf" executionId="db2c42cc-411c-4f69-a96b-6353319a99e1" testListId="8c84fa94-04c1-424b-9868-57a2d4851a1d" />
    <TestEntry testId="2720977a-3c1d-8925-ae8c-f10491ee0903" executionId="c57cede6-1dd9-46d7-a79e-2672b44b2a41" testListId="8c84fa94-04c1-424b-9868-57a2d4851a1d" />
    <TestEntry testId="d15f2956-b0bb-0a02-ecca-d862db8848a6" executionId="f156ceab-7231-4bc8-b458-93e51a23802d" testListId="8c84fa94-04c1-424b-9868-57a2d4851a1d" />
    <TestEntry testId="d4a56e7d-608d-82d0-94be-2ee3ccb3dc5e" executionId="b4a689fa-142c-472c-b828-757a6a2e0b6d" testListId="8c84fa94-04c1-424b-9868-57a2d4851a1d" />
    <TestEntry testId="3b017c71-375f-442c-f7b3-12802f145c64" executionId="ad82ffc0-0242-4ec1-b94b-692b36c9dd5c" testListId="8c84fa94-04c1-424b-9868-57a2d4851a1d" />
    <TestEntry testId="e76f4094-8dcd-5aeb-e147-a8a4e7a18b8c" executionId="f1e51988-4750-4b6e-af47-b792d5dd9a0f" testListId="8c84fa94-04c1-424b-9868-57a2d4851a1d" />
    <TestEntry testId="78819630-2935-1e63-9860-8c1336d44889" executionId="b8d410da-ecfb-40ed-a34a-53576dd40683" testListId="8c84fa94-04c1-424b-9868-57a2d4851a1d" />
    <TestEntry testId="5d6c44db-c687-1340-5e99-d0beeace71f3" executionId="8e0739be-4773-49f9-a862-14aeedd84c5e" testListId="8c84fa94-04c1-424b-9868-57a2d4851a1d" />
    <TestEntry testId="4e7c1dac-cca0-02a1-db28-32ba9bd6a0cf" executionId="af8eea90-548d-4fcf-983d-0332f2e5787c" testListId="8c84fa94-04c1-424b-9868-57a2d4851a1d" />
    <TestEntry testId="a2c904bd-3f69-e9d9-0ae2-6c94ccb201e3" executionId="fe39b4df-fdd1-4024-98db-c8d65d5ed7c6" testListId="8c84fa94-04c1-424b-9868-57a2d4851a1d" />
    <TestEntry testId="7b500be0-a5d4-b64a-b894-c5511ab58617" executionId="cc9e88ee-03ac-463b-a16d-f3422deecacb" testListId="8c84fa94-04c1-424b-9868-57a2d4851a1d" />
    <TestEntry testId="5b8ffd61-7472-5d07-a1e1-10f78205a31d" executionId="2c1c301a-b654-4cf7-a505-0b7423e33af2" testListId="8c84fa94-04c1-424b-9868-57a2d4851a1d" />
    <TestEntry testId="a50d2941-a3c6-9371-026f-bc022ac6c222" executionId="f35fcd48-7cb0-4583-a8d0-0156b9522967" testListId="8c84fa94-04c1-424b-9868-57a2d4851a1d" />
    <TestEntry testId="18ef78f3-1eb2-cc48-74e1-3d0d69ec27f2" executionId="4aaf8015-6afc-4e05-b491-7aeecdde34c1" testListId="8c84fa94-04c1-424b-9868-57a2d4851a1d" />
    <TestEntry testId="24de239e-634e-94d1-f05a-2dd6d4c77c91" executionId="dccd7863-9cdd-43bc-aaf5-d8bef6a8d78b" testListId="8c84fa94-04c1-424b-9868-57a2d4851a1d" />
    <TestEntry testId="1cf78aaf-7e14-43de-6645-da2adf43991c" executionId="f5e3718a-7a7f-4c07-b241-fd77bc0e4159" testListId="8c84fa94-04c1-424b-9868-57a2d4851a1d" />
    <TestEntry testId="f6cae615-2487-dbea-6964-0ccca1418db3" executionId="45b3b850-ddb2-4d2b-98a8-e865985a1182" testListId="8c84fa94-04c1-424b-9868-57a2d4851a1d" />
    <TestEntry testId="0a4e5b36-6578-df3d-cfd2-3d6ee660820a" executionId="f64bbce3-fb82-4342-955f-dcddb5d6ccec" testListId="8c84fa94-04c1-424b-9868-57a2d4851a1d" />
    <TestEntry testId="ab584460-bac9-0990-0924-68a8db1e4a1e" executionId="552d0a83-309a-42d7-8574-b974fc367921" testListId="8c84fa94-04c1-424b-9868-57a2d4851a1d" />
    <TestEntry testId="81128042-c745-b3dd-d6e9-cc3789c8a026" executionId="29bddbb0-ecce-495f-a661-4b88053c5a8d" testListId="8c84fa94-04c1-424b-9868-57a2d4851a1d" />
    <TestEntry testId="9db4bf7e-3e99-c9d1-0a71-7ee3bc093993" executionId="80db3259-c4de-4fe4-ac23-3a8bf84fd7d6" testListId="8c84fa94-04c1-424b-9868-57a2d4851a1d" />
    <TestEntry testId="e2e868a3-fc1a-6808-398b-537acaa38f26" executionId="3f690109-ff35-4fdc-b04c-00a701b4ab36" testListId="8c84fa94-04c1-424b-9868-57a2d4851a1d" />
    <TestEntry testId="4a1694b5-7db1-bf67-dca4-8860f0f31e9d" executionId="1b36ff78-adc0-4eb2-930d-8fcf4ad36298" testListId="8c84fa94-04c1-424b-9868-57a2d4851a1d" />
    <TestEntry testId="4fdd99bf-6905-0af0-30e5-6e050f489153" executionId="c7a56adb-9f21-4d45-af09-cead2f1eeaf6" testListId="8c84fa94-04c1-424b-9868-57a2d4851a1d" />
    <TestEntry testId="98514a87-c9e9-a001-7d97-02b7ed802ee7" executionId="6eaf777f-1aa4-4721-b908-a67a8ae1e89a" testListId="8c84fa94-04c1-424b-9868-57a2d4851a1d" />
    <TestEntry testId="3011877c-371c-af3a-5f96-72aad6f976b4" executionId="15e8529b-1eb0-4f2f-a500-8a87fd904d92" testListId="8c84fa94-04c1-424b-9868-57a2d4851a1d" />
    <TestEntry testId="97233566-784e-0a25-ecca-3d6658603571" executionId="54e27cfe-65d5-4135-829e-9a67091c43db" testListId="8c84fa94-04c1-424b-9868-57a2d4851a1d" />
    <TestEntry testId="d640e950-edb7-4ec2-9af0-4b559a6b67cf" executionId="28c8c419-4c0c-423a-8201-4a22ecd3633f" testListId="8c84fa94-04c1-424b-9868-57a2d4851a1d" />
    <TestEntry testId="57d998ab-72e0-6699-7a67-4312514fd442" executionId="51d1e14c-a753-4834-af47-9eff641a65d4" testListId="8c84fa94-04c1-424b-9868-57a2d4851a1d" />
    <TestEntry testId="f680908c-3b4b-7b4d-7066-6e5fce7c0b27" executionId="f4cb4d1c-4a1a-4b53-95f5-e6a847422960" testListId="8c84fa94-04c1-424b-9868-57a2d4851a1d" />
    <TestEntry testId="1bd47a22-fa5c-5334-c7fb-8e1b4053f662" executionId="e942bcf2-b124-471f-982f-6b44b8f9af9c" testListId="8c84fa94-04c1-424b-9868-57a2d4851a1d" />
    <TestEntry testId="618671da-f82c-c489-4e50-3ec438e9a9d0" executionId="6bdf783c-8546-451c-99e8-34f733ce043c" testListId="8c84fa94-04c1-424b-9868-57a2d4851a1d" />
    <TestEntry testId="6c2035c4-97e2-d122-0c36-23cf8131de7d" executionId="d3b346b9-deaa-4d03-8ffa-70e45ceeb963" testListId="8c84fa94-04c1-424b-9868-57a2d4851a1d" />
    <TestEntry testId="d35bc711-77c3-11d0-bc06-2b27557cb244" executionId="ee699448-14c8-4002-be24-be7f6397701b" testListId="8c84fa94-04c1-424b-9868-57a2d4851a1d" />
    <TestEntry testId="8e2c4cca-7551-4f11-2133-425fd4297ee4" executionId="781c4ad2-6f6d-447a-84b0-d92bbb575e57" testListId="8c84fa94-04c1-424b-9868-57a2d4851a1d" />
    <TestEntry testId="baa96bb4-9a62-b146-14d8-03dbee056087" executionId="4432412f-c1c4-41a7-95c9-13eb2550935c" testListId="8c84fa94-04c1-424b-9868-57a2d4851a1d" />
    <TestEntry testId="d8d8f61c-66c0-35aa-72e8-108d872447d5" executionId="92dc861e-07e3-4fbc-a613-14716a444dc9" testListId="8c84fa94-04c1-424b-9868-57a2d4851a1d" />
    <TestEntry testId="f655cfd1-db07-f37a-bdd0-c0091f35a2db" executionId="b1cf1ba5-4f6c-4879-a1fd-0a584a48c979" testListId="8c84fa94-04c1-424b-9868-57a2d4851a1d" />
    <TestEntry testId="b292696a-1665-7718-2677-c233de8e9b49" executionId="a1431819-2a5b-46f0-84e5-d29873218ed1" testListId="8c84fa94-04c1-424b-9868-57a2d4851a1d" />
    <TestEntry testId="2c8890ce-c89d-6a9e-b8c6-3ef6c4bffec5" executionId="10946f66-894f-429f-911f-a4c9c8c332d8" testListId="8c84fa94-04c1-424b-9868-57a2d4851a1d" />
    <TestEntry testId="b7e1ee47-1435-7822-cf95-e3720fecc94e" executionId="7c303e5e-6a58-41de-9c19-a85862553d85" testListId="8c84fa94-04c1-424b-9868-57a2d4851a1d" />
    <TestEntry testId="c0f25cd3-6ed3-eae8-438d-18b69791b31c" executionId="388147b7-ef92-4457-945c-df82aa467057" testListId="8c84fa94-04c1-424b-9868-57a2d4851a1d" />
    <TestEntry testId="10564402-f576-f83c-7508-dc98243ffb4b" executionId="97b041f0-a18c-4ada-a0f4-ca1aede715d6" testListId="8c84fa94-04c1-424b-9868-57a2d4851a1d" />
    <TestEntry testId="973652a4-37ac-8c5a-9df8-ff32f79b8968" executionId="a00ed36d-d396-4e6a-85ab-a6e046f64d1a" testListId="8c84fa94-04c1-424b-9868-57a2d4851a1d" />
    <TestEntry testId="9c23bc24-c1ee-6f47-512c-5d239bfcd591" executionId="7918407b-1d44-4244-9eaa-82f51eb23114" testListId="8c84fa94-04c1-424b-9868-57a2d4851a1d" />
    <TestEntry testId="c9e65ace-67e8-aaf0-227a-cc6ee9b8878a" executionId="c96a0258-ba62-4c6c-87a6-573596cc0327" testListId="8c84fa94-04c1-424b-9868-57a2d4851a1d" />
    <TestEntry testId="8ccd7a8f-ef67-0ae3-b153-d3f9ffe8fcc3" executionId="06114b7e-5420-4677-b14b-947ffadd6d43" testListId="8c84fa94-04c1-424b-9868-57a2d4851a1d" />
    <TestEntry testId="89684484-4d0f-00a8-989b-9cbdfecf3e30" executionId="9b6d1dc3-1437-4fe0-8c80-79e381adf104" testListId="8c84fa94-04c1-424b-9868-57a2d4851a1d" />
    <TestEntry testId="593930ca-a7df-1408-b332-7a4bf0c72a54" executionId="e44f9327-b091-45d5-9dfe-373fa3e1812e" testListId="8c84fa94-04c1-424b-9868-57a2d4851a1d" />
    <TestEntry testId="834cde2d-9602-045a-ea86-c849382faa06" executionId="c025a0f0-be85-4088-b242-0d6c14c9fa82" testListId="8c84fa94-04c1-424b-9868-57a2d4851a1d" />
    <TestEntry testId="8a54600b-ddfe-122f-8fbb-15179853629f" executionId="8a7ca150-a5d3-48b7-ad8f-03cd35d609cd" testListId="8c84fa94-04c1-424b-9868-57a2d4851a1d" />
    <TestEntry testId="cb536c37-af93-5a21-739a-c12d45516012" executionId="246df007-9f5a-435e-9cfc-b8b698a3fb37" testListId="8c84fa94-04c1-424b-9868-57a2d4851a1d" />
    <TestEntry testId="af9e36c7-6a97-f2e2-549f-4bcadfe1d626" executionId="28e82cc2-724b-4c31-be8f-be4526238cfa" testListId="8c84fa94-04c1-424b-9868-57a2d4851a1d" />
    <TestEntry testId="f192461d-c04b-ccd8-4669-21b5fa7a7ede" executionId="533d0e41-8ed2-441f-af09-9ae8f0c4d246" testListId="8c84fa94-04c1-424b-9868-57a2d4851a1d" />
    <TestEntry testId="0a4e5b36-6578-df3d-cfd2-3d6ee660820a" executionId="92eb1e73-8222-40ce-aed3-f4fa8eca8771" testListId="8c84fa94-04c1-424b-9868-57a2d4851a1d" />
    <TestEntry testId="bd4280d2-c5d6-9ce8-8082-e33833fcfdb0" executionId="5d453721-e454-4ed1-ab49-ae1e54827f4c" testListId="8c84fa94-04c1-424b-9868-57a2d4851a1d" />
    <TestEntry testId="1e269b48-31d1-e9d9-6456-feb927b5229e" executionId="bb910047-03d3-4d8c-bfb9-5ff8bc759059" testListId="8c84fa94-04c1-424b-9868-57a2d4851a1d" />
    <TestEntry testId="fb14c4a0-3abe-1800-58f2-38754bcd2463" executionId="a32bf271-5c9b-45df-94e1-3a3cd360ddc3" testListId="8c84fa94-04c1-424b-9868-57a2d4851a1d" />
    <TestEntry testId="58207370-d2d3-1d5b-355d-7ed4a3b1c8b1" executionId="ab130fad-078c-4975-afd4-dcd7f4381ecd" testListId="8c84fa94-04c1-424b-9868-57a2d4851a1d" />
    <TestEntry testId="1576a34d-4425-e758-2eec-5a2e4ef4d6ef" executionId="67cf7259-cd11-4408-8ae7-a198aabfb6ff" testListId="8c84fa94-04c1-424b-9868-57a2d4851a1d" />
    <TestEntry testId="83ccd97a-3d39-ee6a-e0f8-f15f62764577" executionId="4360f801-5a6f-4b48-b2fe-cb3e0c68e6bd" testListId="8c84fa94-04c1-424b-9868-57a2d4851a1d" />
    <TestEntry testId="9a94a475-1b0f-e9b3-ba5e-634b89ce686f" executionId="97c155f6-e22c-43ef-b804-151e49b52aa9" testListId="8c84fa94-04c1-424b-9868-57a2d4851a1d" />
    <TestEntry testId="720fe66f-b8b5-d4e5-7a83-b546dcd33e63" executionId="a1386cd7-ba84-4b0b-8b82-a65a209766fa" testListId="8c84fa94-04c1-424b-9868-57a2d4851a1d" />
    <TestEntry testId="98d6e5bd-b7db-7e62-faab-cf0ab9b4f07d" executionId="1b778190-44d2-4cbc-b7e7-4be3cadd1922" testListId="8c84fa94-04c1-424b-9868-57a2d4851a1d" />
    <TestEntry testId="aa78a0a1-2106-fb0e-c153-f9f2a07b5821" executionId="cf564457-ada6-436d-b284-2029e49023c5" testListId="8c84fa94-04c1-424b-9868-57a2d4851a1d" />
    <TestEntry testId="425d7941-e1e0-5212-c622-83e7ab8c692e" executionId="611085a7-1098-4c94-831b-5e962b592bdd" testListId="8c84fa94-04c1-424b-9868-57a2d4851a1d" />
    <TestEntry testId="e788a2d0-4486-022b-835a-f533cc3033d2" executionId="8a762496-6e41-43e2-8af9-3cd518166380" testListId="8c84fa94-04c1-424b-9868-57a2d4851a1d" />
    <TestEntry testId="5711c871-ad4e-1c97-b7af-50ef5d9eff82" executionId="a9d7caba-cd9d-49a7-924b-cfd4788ff90b" testListId="8c84fa94-04c1-424b-9868-57a2d4851a1d" />
    <TestEntry testId="69439449-9ebe-29e2-c62e-065951471c5d" executionId="d1664a91-4015-4d06-9062-130686db200a" testListId="8c84fa94-04c1-424b-9868-57a2d4851a1d" />
    <TestEntry testId="197e6921-40ea-6a05-42eb-bd7a939f37cd" executionId="38f553eb-0ee9-42dd-b932-5205c554dfcd" testListId="8c84fa94-04c1-424b-9868-57a2d4851a1d" />
    <TestEntry testId="a890ab18-0d5c-e9a7-db4d-696ea60071f9" executionId="a9a08107-a702-42cf-a871-dc8a2f5bc147" testListId="8c84fa94-04c1-424b-9868-57a2d4851a1d" />
    <TestEntry testId="3a324bfc-234e-c9df-2934-23de7ff42e44" executionId="a3f6d933-f364-4665-8cf9-c899f4a9db59" testListId="8c84fa94-04c1-424b-9868-57a2d4851a1d" />
    <TestEntry testId="5e16f1a5-ac2f-de21-a1b1-de59b21f35bb" executionId="7213d78e-b6bf-4f4c-beb1-0330c04c95f2" testListId="8c84fa94-04c1-424b-9868-57a2d4851a1d" />
    <TestEntry testId="e0e4a25c-da24-71c2-6a4d-30260f82e840" executionId="e2987653-a36b-44b5-ba95-8167b2d84d2a" testListId="8c84fa94-04c1-424b-9868-57a2d4851a1d" />
    <TestEntry testId="0235937d-7835-1be7-a6de-aa25a4b10aac" executionId="1f4157ff-b88e-4b74-87da-577f38d221c1" testListId="8c84fa94-04c1-424b-9868-57a2d4851a1d" />
    <TestEntry testId="06d17b56-b174-7e5f-cf96-64396547a14e" executionId="4d5f5271-441a-4a60-b9dc-068a41eb895c" testListId="8c84fa94-04c1-424b-9868-57a2d4851a1d" />
    <TestEntry testId="91badbed-8323-8970-07a3-e3c2481d7a72" executionId="b3e7094b-f729-482d-b263-b7c86fdb5be1" testListId="8c84fa94-04c1-424b-9868-57a2d4851a1d" />
    <TestEntry testId="fd462d91-75b7-b364-0ac2-28f926aa5acd" executionId="1535dfcd-335b-439d-9f67-203977f5581d" testListId="8c84fa94-04c1-424b-9868-57a2d4851a1d" />
    <TestEntry testId="40053e00-4502-6843-1f1d-ac2a3e574fe1" executionId="f92974d3-a015-4728-92e9-dde5111e6a71" testListId="8c84fa94-04c1-424b-9868-57a2d4851a1d" />
    <TestEntry testId="86d2f9a3-cd73-6e30-e154-d9542034e978" executionId="954c7b3b-48ec-4c0b-8e28-1ff230d48c23" testListId="8c84fa94-04c1-424b-9868-57a2d4851a1d" />
    <TestEntry testId="2ee6bce4-4d10-a7ff-ad46-044be6c8e9a0" executionId="c85a8f78-d29a-4e4f-be9a-2fcdf8634a9a" testListId="8c84fa94-04c1-424b-9868-57a2d4851a1d" />
    <TestEntry testId="b11ed0cb-92ec-eb39-adbe-7566a1ca86ed" executionId="42093481-367a-47af-b52c-18a047b10f36" testListId="8c84fa94-04c1-424b-9868-57a2d4851a1d" />
    <TestEntry testId="20efb3d3-79c6-bd77-1370-aab1347bcb2b" executionId="22c4c99c-c1d7-49aa-a1b8-46e21f32d9fc" testListId="8c84fa94-04c1-424b-9868-57a2d4851a1d" />
    <TestEntry testId="b734b426-c8b0-ef6c-467b-1212971e7759" executionId="d7c9ff6a-9f44-496a-a0a0-5f9833f381a3" testListId="8c84fa94-04c1-424b-9868-57a2d4851a1d" />
    <TestEntry testId="2a4b4823-fd60-1de2-7bef-a1adf9e470c2" executionId="9a6b9b52-2cc9-49ea-a04d-77c5b0f97057" testListId="8c84fa94-04c1-424b-9868-57a2d4851a1d" />
    <TestEntry testId="2a8e52f2-e158-9e1f-e00b-d901637dc8ba" executionId="9e0fb7fb-7173-4272-8fa8-71ae265d27fb" testListId="8c84fa94-04c1-424b-9868-57a2d4851a1d" />
    <TestEntry testId="f92d7d34-ac45-0e70-f396-9fcde6a3e066" executionId="48a4fb64-1a24-4e2b-92bd-062d7841389d" testListId="8c84fa94-04c1-424b-9868-57a2d4851a1d" />
    <TestEntry testId="c716e274-8d35-b2a1-4808-fe6779275a47" executionId="c340bf89-91b2-4f19-bacf-2835619c647f" testListId="8c84fa94-04c1-424b-9868-57a2d4851a1d" />
    <TestEntry testId="c8112731-d8e1-83da-555e-fca9f813858c" executionId="d0d226ac-2836-43c7-9ab5-d80566cac5d8" testListId="8c84fa94-04c1-424b-9868-57a2d4851a1d" />
    <TestEntry testId="fcc71f98-4fa9-3c89-a58d-cfe34dc4476c" executionId="3d9ca563-d278-45aa-a22b-961cee939dde" testListId="8c84fa94-04c1-424b-9868-57a2d4851a1d" />
    <TestEntry testId="50ac9240-7e70-f521-a930-8425f2e1e8c4" executionId="c15d5600-8751-4886-8bf4-7bc56f995d31" testListId="8c84fa94-04c1-424b-9868-57a2d4851a1d" />
    <TestEntry testId="df3f8216-c259-3e39-24bc-16b94a530f01" executionId="c9f0bb5e-53d1-49cc-8104-8b4b790f4d3c" testListId="8c84fa94-04c1-424b-9868-57a2d4851a1d" />
    <TestEntry testId="708d048c-4fd9-557c-20db-ce75a712beed" executionId="125ce95a-00b2-4898-91d6-4302d59ddb90" testListId="8c84fa94-04c1-424b-9868-57a2d4851a1d" />
    <TestEntry testId="5ff0df64-4714-54ce-b6d1-3a4063918e93" executionId="115a7541-ebb0-4d78-8eee-fbd91fac4af9" testListId="8c84fa94-04c1-424b-9868-57a2d4851a1d" />
    <TestEntry testId="074ff88b-4399-26b0-d5af-74bb943b8f07" executionId="0717a4d8-a1f1-44a3-9efc-64c45500b43c" testListId="8c84fa94-04c1-424b-9868-57a2d4851a1d" />
    <TestEntry testId="f68d42a3-acec-6b53-6243-cbfed90e3b19" executionId="1f95434a-6c18-47b1-bd4f-84116070d258" testListId="8c84fa94-04c1-424b-9868-57a2d4851a1d" />
    <TestEntry testId="9d816285-0b59-6b20-cfe0-b3a6030c5ba5" executionId="6ac116a8-61af-43a5-b2f3-7ac5b70207f4" testListId="8c84fa94-04c1-424b-9868-57a2d4851a1d" />
    <TestEntry testId="84d62aca-a413-46a5-c8ba-3602e6cd8798" executionId="e4077f24-0219-4f91-a35c-905f755f15ae" testListId="8c84fa94-04c1-424b-9868-57a2d4851a1d" />
    <TestEntry testId="f91b226d-2b49-7c62-7356-ad2379db1ec6" executionId="b678874d-d8d9-458f-9543-944fca1dd9ca" testListId="8c84fa94-04c1-424b-9868-57a2d4851a1d" />
    <TestEntry testId="62414311-f47b-f1ac-7284-9bb4f606ff0e" executionId="617795d6-0371-42d3-a969-16bf997dad14" testListId="8c84fa94-04c1-424b-9868-57a2d4851a1d" />
    <TestEntry testId="880da315-51a5-facb-4f5d-0ceb4daad608" executionId="e100f318-886b-45bf-8495-c5d21edef37d" testListId="8c84fa94-04c1-424b-9868-57a2d4851a1d" />
    <TestEntry testId="9aaaf4ba-8359-75df-6568-0739721a7d97" executionId="421977af-c045-4504-a7a8-c8c4890d1404" testListId="8c84fa94-04c1-424b-9868-57a2d4851a1d" />
    <TestEntry testId="84b93a3f-06e6-2db5-d48c-76967b5d9e52" executionId="eaafe58c-7a75-42a1-b25b-57295187a29b" testListId="8c84fa94-04c1-424b-9868-57a2d4851a1d" />
    <TestEntry testId="3396378a-9ca0-08c0-5632-b84c1a5adbad" executionId="3c692733-4d85-4663-887e-427e945d1063" testListId="8c84fa94-04c1-424b-9868-57a2d4851a1d" />
    <TestEntry testId="bab1654e-c8b6-f4c1-eb14-25680f0e8712" executionId="db765a50-5fdb-489c-ba22-820bef9cb1af" testListId="8c84fa94-04c1-424b-9868-57a2d4851a1d" />
    <TestEntry testId="77cba9e9-3a3f-2b38-cfa1-fd20ef6dec97" executionId="f72c03d2-23d2-45e0-9615-afddbeb05573" testListId="8c84fa94-04c1-424b-9868-57a2d4851a1d" />
    <TestEntry testId="7ce02435-55dc-be77-8a7d-085f35894996" executionId="5a313305-11dc-4d82-8df6-829b2dea69bc" testListId="8c84fa94-04c1-424b-9868-57a2d4851a1d" />
    <TestEntry testId="59a4f4a0-e2da-d6b5-1323-31e33b78b21f" executionId="d8ce3622-355b-499d-907b-2a944fd6820d" testListId="8c84fa94-04c1-424b-9868-57a2d4851a1d" />
    <TestEntry testId="b9339d47-1b08-2f87-b4ed-bf554f7069bd" executionId="1b2ab4d4-c144-4de3-ac3b-b3521bfe8c82" testListId="8c84fa94-04c1-424b-9868-57a2d4851a1d" />
    <TestEntry testId="81839942-eab6-dd11-a06f-a19981ad17ba" executionId="660e8f2b-84db-425b-af50-afde636d74f0" testListId="8c84fa94-04c1-424b-9868-57a2d4851a1d" />
    <TestEntry testId="27f45b32-e46d-1c8f-ae71-a8a2f0519cb3" executionId="38375808-39c0-4e50-9d84-771da4e529ea" testListId="8c84fa94-04c1-424b-9868-57a2d4851a1d" />
    <TestEntry testId="78964e11-1fbc-7f63-fecb-4ff3a281734b" executionId="1db1a1a3-e9e9-4e89-b0b4-6da5a1c29188" testListId="8c84fa94-04c1-424b-9868-57a2d4851a1d" />
    <TestEntry testId="1991c578-2343-4df2-6af1-b0db3a798f44" executionId="1b4506df-d458-492e-9024-d3708ff3031f" testListId="8c84fa94-04c1-424b-9868-57a2d4851a1d" />
    <TestEntry testId="f2392ab0-78ba-8d94-1e9f-3ff53d3d1da4" executionId="fcf56253-6125-469b-abbe-cfcc42684982" testListId="8c84fa94-04c1-424b-9868-57a2d4851a1d" />
    <TestEntry testId="917a5570-b519-84b9-98e6-e30d662a605f" executionId="92588eaf-ba97-4c72-b265-10d58a6936d5" testListId="8c84fa94-04c1-424b-9868-57a2d4851a1d" />
    <TestEntry testId="4e54cb2c-d65b-9738-63c7-b5798acdd38c" executionId="08f99856-8d13-4661-a6dd-665f1d33aee8" testListId="8c84fa94-04c1-424b-9868-57a2d4851a1d" />
    <TestEntry testId="f6d8789c-bf6f-a41e-00b0-0d3a9016c658" executionId="fa08f7b7-baa4-480a-b5ee-7a56995d188f" testListId="8c84fa94-04c1-424b-9868-57a2d4851a1d" />
    <TestEntry testId="2f96cc7e-229b-c021-6453-b884afd8bfc0" executionId="6198843a-6b49-4e89-a085-00f69c711212" testListId="8c84fa94-04c1-424b-9868-57a2d4851a1d" />
    <TestEntry testId="ed1d90ee-8339-654e-30f1-a3356e61f489" executionId="d8839ddd-97db-44fb-b0fe-1371fbea4231" testListId="8c84fa94-04c1-424b-9868-57a2d4851a1d" />
    <TestEntry testId="ff967a29-b052-9b02-d0d2-90cfa45b8b4f" executionId="6964652c-cf1a-433e-9794-7770f95d9048" testListId="8c84fa94-04c1-424b-9868-57a2d4851a1d" />
    <TestEntry testId="5effecc7-0d7c-71b0-4a5d-1b5e24448f32" executionId="a5e04b14-b851-4327-bbac-ecff56026fab" testListId="8c84fa94-04c1-424b-9868-57a2d4851a1d" />
    <TestEntry testId="dd25e118-a384-e666-07c3-e9a0431950f6" executionId="79257698-c7fc-42e1-8b27-ad9488372a03" testListId="8c84fa94-04c1-424b-9868-57a2d4851a1d" />
    <TestEntry testId="68a0cb09-28c6-2900-d9b8-f1de6e183f62" executionId="b5fc8996-7e94-44dc-8cbb-c73fce605382" testListId="8c84fa94-04c1-424b-9868-57a2d4851a1d" />
    <TestEntry testId="6a9c6020-889e-b6db-aa72-939d2660cb16" executionId="75ad7dbb-c02e-43be-b209-03aac24b5a9e" testListId="8c84fa94-04c1-424b-9868-57a2d4851a1d" />
    <TestEntry testId="46dd7f69-3eb9-c12b-fd9e-271331372eba" executionId="0bf3251d-a459-477e-9991-21c61efdd32b" testListId="8c84fa94-04c1-424b-9868-57a2d4851a1d" />
    <TestEntry testId="03b9d988-af55-c02a-fb0b-6c811350a612" executionId="5e6ab907-81b4-4055-a2b4-1f3c43d55216" testListId="8c84fa94-04c1-424b-9868-57a2d4851a1d" />
    <TestEntry testId="48a343bd-9a05-413c-06ca-9a257f76938b" executionId="00fc9718-a077-4ce8-b0c6-0a2fca0dbdbe" testListId="8c84fa94-04c1-424b-9868-57a2d4851a1d" />
    <TestEntry testId="88b4d386-4c27-112e-bb74-c07845596dd9" executionId="e3231fd6-b739-4df9-8340-1ef5398f298b" testListId="8c84fa94-04c1-424b-9868-57a2d4851a1d" />
    <TestEntry testId="9a0fb96e-e4fc-b2c2-ba48-82a57235f1f3" executionId="65c9389a-99fe-4eeb-b570-e4002769c8d9" testListId="8c84fa94-04c1-424b-9868-57a2d4851a1d" />
    <TestEntry testId="156bd96a-a805-e045-2ce9-1615a20e29fa" executionId="52f2cb46-16fd-494a-85b4-a73046d2acd8" testListId="8c84fa94-04c1-424b-9868-57a2d4851a1d" />
    <TestEntry testId="e998f77e-77b2-7e10-d8db-3813eb8031aa" executionId="a2080a32-9020-484a-af93-29569e347f58" testListId="8c84fa94-04c1-424b-9868-57a2d4851a1d" />
    <TestEntry testId="7a648730-a880-ab42-6524-73337b3605fc" executionId="2ba5367f-18de-437f-baeb-ad9140184b28" testListId="8c84fa94-04c1-424b-9868-57a2d4851a1d" />
    <TestEntry testId="c2441b73-f50b-2134-daff-42ee09341afb" executionId="369a4df8-dd3e-466b-a510-ddb0c2fc3b4c" testListId="8c84fa94-04c1-424b-9868-57a2d4851a1d" />
    <TestEntry testId="72e0aaef-b782-3799-5f94-2f93780a25bc" executionId="bcbd01dc-894a-4cba-ad81-759a9220bb5b" testListId="8c84fa94-04c1-424b-9868-57a2d4851a1d" />
    <TestEntry testId="29cd7680-6529-be15-6bcd-e95b8579b607" executionId="bc777e79-e0bd-4d40-86a4-1c97ec390324" testListId="8c84fa94-04c1-424b-9868-57a2d4851a1d" />
    <TestEntry testId="8f3be891-cc07-82e3-b944-406561072d26" executionId="d88e3a9d-7be9-48f9-9983-497ccc3cced7" testListId="8c84fa94-04c1-424b-9868-57a2d4851a1d" />
    <TestEntry testId="4ac872cb-6eae-9e1a-7612-37a387bb363b" executionId="9d793d4a-401a-46be-b1de-7e003467d179" testListId="8c84fa94-04c1-424b-9868-57a2d4851a1d" />
    <TestEntry testId="ff572efe-33da-3147-c10c-1641937b78fe" executionId="9511f3d0-509a-40f9-bb0b-b6f5b2110b32" testListId="8c84fa94-04c1-424b-9868-57a2d4851a1d" />
    <TestEntry testId="d7701d8e-231a-34c8-92a1-08bab8594154" executionId="ee441bce-5038-4527-aeb8-28264554f424" testListId="8c84fa94-04c1-424b-9868-57a2d4851a1d" />
    <TestEntry testId="e9b6f05b-8b63-04bd-4d02-75ef2000b3a9" executionId="649eb12d-f5ec-4885-97a5-63aef4e3ec9a" testListId="8c84fa94-04c1-424b-9868-57a2d4851a1d" />
    <TestEntry testId="fd55daeb-7419-55fa-3178-07b8b00e171d" executionId="cdecdf45-d3c4-488d-a880-14351e6121ae" testListId="8c84fa94-04c1-424b-9868-57a2d4851a1d" />
    <TestEntry testId="390e2c5d-d097-3631-576d-cd317912483e" executionId="c90d7ab6-98b6-48b7-869e-b01764eea228" testListId="8c84fa94-04c1-424b-9868-57a2d4851a1d" />
    <TestEntry testId="1f280893-1f72-6f45-77a3-2457f07e9bd2" executionId="9f9aa11e-b926-4c72-9986-347931e2a078" testListId="8c84fa94-04c1-424b-9868-57a2d4851a1d" />
    <TestEntry testId="8647f015-786e-4211-7702-95ed8f5c87dc" executionId="9b9b2043-1924-476a-9af9-2a340d5459d3" testListId="8c84fa94-04c1-424b-9868-57a2d4851a1d" />
    <TestEntry testId="4a1a2788-2d06-5b60-601c-3b966d1658c3" executionId="8eae104b-8c52-488d-bfe2-cf5145385e5c" testListId="8c84fa94-04c1-424b-9868-57a2d4851a1d" />
    <TestEntry testId="4fb20969-8818-625a-fe73-6165a97fd7c8" executionId="3ace67c7-8a4a-443e-a5f7-6f6eca27bf2a" testListId="8c84fa94-04c1-424b-9868-57a2d4851a1d" />
    <TestEntry testId="5f62afcf-78b1-cf27-ec49-8afca2d6fc38" executionId="ceec1c39-00eb-444f-9ed9-579cace01463" testListId="8c84fa94-04c1-424b-9868-57a2d4851a1d" />
    <TestEntry testId="5da91449-988e-883d-873e-5998d198d64c" executionId="37842d36-6a3d-4fdb-aeca-cc031018559c" testListId="8c84fa94-04c1-424b-9868-57a2d4851a1d" />
    <TestEntry testId="57c51b3e-0bbc-373f-47ab-9b946ca10dfa" executionId="fb7aec92-a764-4cd0-95fa-34c857db5f53" testListId="8c84fa94-04c1-424b-9868-57a2d4851a1d" />
    <TestEntry testId="f680908c-3b4b-7b4d-7066-6e5fce7c0b27" executionId="c77ea997-1606-4f21-92e7-079911beaec7" testListId="8c84fa94-04c1-424b-9868-57a2d4851a1d" />
    <TestEntry testId="e0503f8a-eae1-c2d9-bbae-ed3d40256258" executionId="975e3e87-f9d2-4821-9308-779d513c7864" testListId="8c84fa94-04c1-424b-9868-57a2d4851a1d" />
    <TestEntry testId="e2a3c11c-1944-c086-d9fe-0c8ab6c0a314" executionId="43a0bd6e-aba5-4b3f-a606-da401825fddf" testListId="8c84fa94-04c1-424b-9868-57a2d4851a1d" />
    <TestEntry testId="2393804e-4c64-30b5-d8f4-67c3cee41ca1" executionId="c0e30033-ea0c-4577-b55e-e3356edd1bfd" testListId="8c84fa94-04c1-424b-9868-57a2d4851a1d" />
    <TestEntry testId="95bdcbe4-e420-deb8-8439-dbd680e08a25" executionId="4407f48e-2533-46da-8c4a-7a1a3fa7b220" testListId="8c84fa94-04c1-424b-9868-57a2d4851a1d" />
    <TestEntry testId="5479df44-d54f-1884-c573-5213e20618b0" executionId="ac8fa4c0-c8a5-46b1-a6e6-58b4b55f4884" testListId="8c84fa94-04c1-424b-9868-57a2d4851a1d" />
    <TestEntry testId="e5ac7c8b-5d6c-e4aa-7715-b9b1e7a9023f" executionId="0edf4431-9d0a-4dfc-bf50-b6f3fd58448c" testListId="8c84fa94-04c1-424b-9868-57a2d4851a1d" />
    <TestEntry testId="bdfc4999-ccbe-91b3-0eb1-52f2f541ba00" executionId="d824a734-9728-4ec4-a57e-7bf0d7052ed9" testListId="8c84fa94-04c1-424b-9868-57a2d4851a1d" />
    <TestEntry testId="57bd8ba2-a7b1-3773-dd72-99c3e39978da" executionId="b8cafe2f-70d9-4d00-91cb-b79f0bdf2478" testListId="8c84fa94-04c1-424b-9868-57a2d4851a1d" />
    <TestEntry testId="7ceab3e2-a3b0-9c8f-80fc-83722cb5c583" executionId="0dad083e-bba9-49bf-98bd-96919002ae73" testListId="8c84fa94-04c1-424b-9868-57a2d4851a1d" />
    <TestEntry testId="bcf60051-ecc6-b8b5-1879-3df57ae16566" executionId="51009a8e-ba19-4eda-92cc-9ea786aaf50e" testListId="8c84fa94-04c1-424b-9868-57a2d4851a1d" />
    <TestEntry testId="2baa9530-1f3b-08c8-d90b-9f25fb854e03" executionId="1c08e95e-49ed-438c-a290-fc86d9e019c5" testListId="8c84fa94-04c1-424b-9868-57a2d4851a1d" />
    <TestEntry testId="1fa1b181-5d22-26ea-7e52-cb77efe3c864" executionId="6fe5c27b-54c8-4d15-b2d7-62caf1ac1a2b" testListId="8c84fa94-04c1-424b-9868-57a2d4851a1d" />
    <TestEntry testId="cc0eb8f4-de0d-0d2a-a312-64bcc8b88edd" executionId="7968b37a-1899-4ef4-9733-eee5ed651a4d" testListId="8c84fa94-04c1-424b-9868-57a2d4851a1d" />
    <TestEntry testId="1181cb63-0543-4806-6972-5950350789da" executionId="94d1c43d-f41c-4820-b71a-a6290200babe" testListId="8c84fa94-04c1-424b-9868-57a2d4851a1d" />
    <TestEntry testId="b960a51a-07ce-5c77-9c47-9b7d49f68b04" executionId="248125b5-69c1-4854-9611-e45624e227ac" testListId="8c84fa94-04c1-424b-9868-57a2d4851a1d" />
    <TestEntry testId="69a471d5-b0a2-5fd2-ad73-823b3f723b44" executionId="210a87a0-21a4-4f3a-a1c8-98d509087898" testListId="8c84fa94-04c1-424b-9868-57a2d4851a1d" />
    <TestEntry testId="b7e1027f-ab12-3a23-380e-a1ca4e90c2bf" executionId="da9c34fb-6b79-4f3d-bd7d-90de6d0e3d02" testListId="8c84fa94-04c1-424b-9868-57a2d4851a1d" />
    <TestEntry testId="f959810f-2600-c7c3-3e3a-8928298ba128" executionId="4d479f0a-09de-4c95-9a7d-40c522de264e" testListId="8c84fa94-04c1-424b-9868-57a2d4851a1d" />
    <TestEntry testId="1ab5d979-4667-2003-c0dc-5c23807afc87" executionId="1e98ae65-ad6d-4b12-9d67-54b20e816992" testListId="8c84fa94-04c1-424b-9868-57a2d4851a1d" />
    <TestEntry testId="929085e5-a3c9-9121-b306-acebdc919f57" executionId="dbfe8a45-e1b7-445f-ac53-eb7f48efb995" testListId="8c84fa94-04c1-424b-9868-57a2d4851a1d" />
    <TestEntry testId="93642e15-5690-c906-3db0-8d1d5502773a" executionId="cf6f730f-977c-4fdf-9b55-c1877142aaab" testListId="8c84fa94-04c1-424b-9868-57a2d4851a1d" />
    <TestEntry testId="6260aeda-57ba-cb91-4a82-f4cbd7c152d7" executionId="236d8bcb-cb4f-48ec-a305-25d71d7eb699" testListId="8c84fa94-04c1-424b-9868-57a2d4851a1d" />
    <TestEntry testId="87b58032-586b-2c99-8416-71ae0f8434e1" executionId="a2714658-de02-492f-bc91-aff1a7ad4959" testListId="8c84fa94-04c1-424b-9868-57a2d4851a1d" />
    <TestEntry testId="c852f0f2-cc0b-cd32-55ea-6f08f26c6103" executionId="507492ba-3f49-4fe4-b325-96950bc404f3" testListId="8c84fa94-04c1-424b-9868-57a2d4851a1d" />
    <TestEntry testId="2e1f1a04-832c-f244-dd8a-e5aa199150f1" executionId="8c8adcf2-afb4-404d-9e24-ff0193649493" testListId="8c84fa94-04c1-424b-9868-57a2d4851a1d" />
    <TestEntry testId="7693c0df-b71c-2c4d-9039-a2e154577900" executionId="ef00abad-bc82-4a06-a953-053bd3cbccad" testListId="8c84fa94-04c1-424b-9868-57a2d4851a1d" />
    <TestEntry testId="3f089a4c-2d32-ba99-dedb-fa96b9528cb6" executionId="479527d7-d31b-4eeb-9d55-3ad84f437f2e" testListId="8c84fa94-04c1-424b-9868-57a2d4851a1d" />
    <TestEntry testId="4556e3ff-7a50-1b95-c5b1-f10c7d15ff66" executionId="fc57b74b-f5b6-4bac-813d-bd6b7b81e6d3" testListId="8c84fa94-04c1-424b-9868-57a2d4851a1d" />
    <TestEntry testId="f1e0caf2-26c1-7e52-0baf-d74ce88aa74e" executionId="2a9d4af6-48ea-46ba-8e06-a710c53d3f75" testListId="8c84fa94-04c1-424b-9868-57a2d4851a1d" />
    <TestEntry testId="299b8bc8-9ed0-5ee6-8aa2-46e5da15a4a2" executionId="ac59c9cc-f0f1-4dad-a603-4af7de6284c5" testListId="8c84fa94-04c1-424b-9868-57a2d4851a1d" />
    <TestEntry testId="e9c28755-a991-4a05-f44d-1683b9f1f037" executionId="95b6dee3-31d8-4a0b-a92e-cc994d5a9d26" testListId="8c84fa94-04c1-424b-9868-57a2d4851a1d" />
    <TestEntry testId="c0fbebe8-662e-1768-fb63-e3fa6064e5a1" executionId="f578b27d-3965-4b24-a67b-66162b0ca0f8" testListId="8c84fa94-04c1-424b-9868-57a2d4851a1d" />
    <TestEntry testId="9a0ec1ee-717c-f9be-241c-4cf9cb866a4c" executionId="fe2335b6-6282-47b0-aa32-465f524c55c6" testListId="8c84fa94-04c1-424b-9868-57a2d4851a1d" />
    <TestEntry testId="f61a8a43-f371-24a0-5a58-6db210060a1a" executionId="f86d735d-a033-4793-b8b7-5fa708723eaa" testListId="8c84fa94-04c1-424b-9868-57a2d4851a1d" />
    <TestEntry testId="08f82558-d98c-02af-8d5e-3581c5e98c4c" executionId="14af932e-cf93-4991-84dd-48ae31d84761" testListId="8c84fa94-04c1-424b-9868-57a2d4851a1d" />
    <TestEntry testId="22f57bdb-c5ee-b53f-99a9-02334618ffe6" executionId="efe9a0c5-1b22-4ac1-9561-010982015a79" testListId="8c84fa94-04c1-424b-9868-57a2d4851a1d" />
    <TestEntry testId="e379db59-aec0-b3e4-c211-4083a6fbfae8" executionId="2153a690-7798-41b4-a994-f998f125af26" testListId="8c84fa94-04c1-424b-9868-57a2d4851a1d" />
    <TestEntry testId="6a53a4fc-af98-30a6-3b55-6aeeac9be0be" executionId="e9c55159-bb20-49aa-9035-797a7d914a5e" testListId="8c84fa94-04c1-424b-9868-57a2d4851a1d" />
    <TestEntry testId="7fa4e74d-d917-b5cf-9ec9-cff6147ce87d" executionId="d9371cc3-32c9-4fa6-9e7b-73c02d7897f7" testListId="8c84fa94-04c1-424b-9868-57a2d4851a1d" />
    <TestEntry testId="374a86fe-b697-52f4-06b9-ec8ef8d94c81" executionId="cf6fe4b6-4d7d-490a-98a4-30915c9c06af" testListId="8c84fa94-04c1-424b-9868-57a2d4851a1d" />
    <TestEntry testId="be46907d-a173-13ad-6a6b-f04367a3abb5" executionId="da0ab44a-cd2b-42be-88ef-f8b63277ff3b" testListId="8c84fa94-04c1-424b-9868-57a2d4851a1d" />
    <TestEntry testId="443c2399-34e1-f6f5-cccc-278f0b0d999a" executionId="aa9ad47c-ae44-4cf2-8574-65fe79f0d17a" testListId="8c84fa94-04c1-424b-9868-57a2d4851a1d" />
    <TestEntry testId="63df17ff-7d87-8f4d-112e-c1a3760436bb" executionId="afdd9518-6cc7-4aa9-8d1e-159f1c3bd586" testListId="8c84fa94-04c1-424b-9868-57a2d4851a1d" />
    <TestEntry testId="b6d0f186-52a1-85f5-8e22-24d46ac1ac11" executionId="d251d184-c5b3-446e-af4d-c4f545533813" testListId="8c84fa94-04c1-424b-9868-57a2d4851a1d" />
    <TestEntry testId="3adcd1f6-966f-7457-7e36-7976f4188830" executionId="3672412e-b43a-4c0f-91f4-96c54f621d3d" testListId="8c84fa94-04c1-424b-9868-57a2d4851a1d" />
    <TestEntry testId="232e38bc-f1e6-d745-c4df-2efcf25dd919" executionId="44753d12-96e0-41ab-aa0a-befa0d99df58" testListId="8c84fa94-04c1-424b-9868-57a2d4851a1d" />
    <TestEntry testId="01f34d8e-771f-fa5c-163a-25421605a156" executionId="accdf562-1cab-4d12-97c6-ab57ee7db0ae" testListId="8c84fa94-04c1-424b-9868-57a2d4851a1d" />
    <TestEntry testId="0df0cb69-797b-9ae4-83ed-e8c0cce4f5b0" executionId="fac9d62e-7b4d-4649-8fe9-0aae401721e1" testListId="8c84fa94-04c1-424b-9868-57a2d4851a1d" />
    <TestEntry testId="b1b8a305-1381-b18e-2bbc-3221c5d951a2" executionId="dbc76d87-0e85-48dc-94ee-7b02360819a7" testListId="8c84fa94-04c1-424b-9868-57a2d4851a1d" />
    <TestEntry testId="b7095fa5-4f07-bfb6-a358-0338e32383f9" executionId="e3f6fd41-1455-4c36-af39-3e8cfcd9548d" testListId="8c84fa94-04c1-424b-9868-57a2d4851a1d" />
    <TestEntry testId="cb87cf1a-c232-cb4e-8509-02ba48adec73" executionId="0651ccfb-107b-4d58-8c14-7fcc88907b5b" testListId="8c84fa94-04c1-424b-9868-57a2d4851a1d" />
    <TestEntry testId="965fdcc0-0a63-658e-8232-27fc5f468c9d" executionId="58921fa0-2aac-4eb1-881d-48dea7a398e0" testListId="8c84fa94-04c1-424b-9868-57a2d4851a1d" />
    <TestEntry testId="830bf89f-dfc4-5715-2ff6-ae54ad42b242" executionId="43a113b2-dc89-46ed-b92e-4f2ec3f594ac" testListId="8c84fa94-04c1-424b-9868-57a2d4851a1d" />
    <TestEntry testId="bcd71d5d-281d-5d3b-7426-e01e3ca8b29e" executionId="c5c1a94b-41d2-49a6-ac40-19582f984ec1" testListId="8c84fa94-04c1-424b-9868-57a2d4851a1d" />
    <TestEntry testId="6cf1d803-864d-f447-b323-57be8d42bea0" executionId="528fa691-d5c2-4719-8b2b-9f3b985b3d70" testListId="8c84fa94-04c1-424b-9868-57a2d4851a1d" />
    <TestEntry testId="c56f457f-add8-fe75-61ba-d07e5ee3df6d" executionId="1612e57e-edd2-4f1e-88ce-1acfa2b039a8" testListId="8c84fa94-04c1-424b-9868-57a2d4851a1d" />
    <TestEntry testId="49758d16-90af-426b-1c8f-f4b8f8b9a8ad" executionId="fa9b3d90-4f7b-4dd2-a4e1-0d4083b42146" testListId="8c84fa94-04c1-424b-9868-57a2d4851a1d" />
    <TestEntry testId="a3a279c4-f3f7-95fe-94ce-1de6e3205e7e" executionId="ae31611d-2c25-46f2-9663-da96e42784cd" testListId="8c84fa94-04c1-424b-9868-57a2d4851a1d" />
    <TestEntry testId="885e02ef-e416-e860-c427-66861a1cef8a" executionId="34140082-55ba-408f-93f7-3f8c8db54937" testListId="8c84fa94-04c1-424b-9868-57a2d4851a1d" />
    <TestEntry testId="5876e8ec-2002-4245-4ea9-8cdb899ab34a" executionId="84a25dec-e0e8-42b0-a3af-95447a00bf9f" testListId="8c84fa94-04c1-424b-9868-57a2d4851a1d" />
    <TestEntry testId="55521edb-a4b7-bc99-96a2-4a68c93fc884" executionId="3f0aee92-1b3d-45d0-955b-0e9cacf2aa91" testListId="8c84fa94-04c1-424b-9868-57a2d4851a1d" />
    <TestEntry testId="788a6834-d7c6-3652-9af3-0c73bb9d6301" executionId="6ecbd05a-a42c-4aae-9f2d-f953b3ed02c5" testListId="8c84fa94-04c1-424b-9868-57a2d4851a1d" />
    <TestEntry testId="a9a49dd9-77fa-e02e-a80e-c665ef39753c" executionId="fb7633a7-b14a-41ca-a48f-388cbd572b69" testListId="8c84fa94-04c1-424b-9868-57a2d4851a1d" />
    <TestEntry testId="4be5efe6-8790-c0c6-bead-44c751febe9d" executionId="56f5b971-b86f-4658-8799-43eb0fae3f56" testListId="8c84fa94-04c1-424b-9868-57a2d4851a1d" />
    <TestEntry testId="1153276a-4acc-8389-9593-9aed2f86bdf6" executionId="335fc044-4f70-461c-8f15-c1133f6e24de" testListId="8c84fa94-04c1-424b-9868-57a2d4851a1d" />
    <TestEntry testId="935f9d23-02e5-8e42-a5d2-10f08e3ce4fe" executionId="5c61c822-2460-45c8-8856-1ddad8b1a993" testListId="8c84fa94-04c1-424b-9868-57a2d4851a1d" />
    <TestEntry testId="faece781-49e2-4e59-ebf9-bba502576c3c" executionId="6816e504-5bbc-4f55-aaf8-0e5ffdd5d8af" testListId="8c84fa94-04c1-424b-9868-57a2d4851a1d" />
    <TestEntry testId="06d7b27d-6e66-2e53-04a1-64a9308dafcb" executionId="55fb65d5-4284-4065-8b85-cdd9f764d69b" testListId="8c84fa94-04c1-424b-9868-57a2d4851a1d" />
    <TestEntry testId="f680908c-3b4b-7b4d-7066-6e5fce7c0b27" executionId="198619dd-b20e-4dc3-84b1-eb66585ff401" testListId="8c84fa94-04c1-424b-9868-57a2d4851a1d" />
    <TestEntry testId="5b36a0fc-0af7-9466-52bd-af4aae9184ca" executionId="19aa75a1-4de1-4071-b87d-c787f89099f2" testListId="8c84fa94-04c1-424b-9868-57a2d4851a1d" />
    <TestEntry testId="d516c9f8-a086-c688-a8dc-fd4cd17c2bf6" executionId="4a8fe35c-e9d4-4feb-a413-dbd8d84cff77" testListId="8c84fa94-04c1-424b-9868-57a2d4851a1d" />
    <TestEntry testId="1f23f407-ba0c-3271-0197-9ffb55ef110e" executionId="5ea4e823-34fd-4c1b-a851-b9d29645d520" testListId="8c84fa94-04c1-424b-9868-57a2d4851a1d" />
    <TestEntry testId="86196731-e240-8e80-a6e3-fc0d4e3d2f5c" executionId="30d7cf2b-6a70-4437-ac06-da60d406c547" testListId="8c84fa94-04c1-424b-9868-57a2d4851a1d" />
    <TestEntry testId="b6df7e61-5cd3-7534-d237-3d944ef5fa3d" executionId="5c3eb6ac-b93c-4db1-93d3-d904757a456a" testListId="8c84fa94-04c1-424b-9868-57a2d4851a1d" />
    <TestEntry testId="95782b76-412a-a409-a816-e93155ca7714" executionId="031e49b7-94e4-4bdd-a3eb-3c1b87455610" testListId="8c84fa94-04c1-424b-9868-57a2d4851a1d" />
    <TestEntry testId="f18dd244-4a09-e214-2e8b-a1adb5d41997" executionId="81dd8955-19b0-4348-b245-5af67df12bb5" testListId="8c84fa94-04c1-424b-9868-57a2d4851a1d" />
    <TestEntry testId="2031c616-1edd-8f7a-639e-5fd173aaa18e" executionId="aaddff08-5a09-4f02-8410-78991f2eebf9" testListId="8c84fa94-04c1-424b-9868-57a2d4851a1d" />
    <TestEntry testId="e998f77e-77b2-7e10-d8db-3813eb8031aa" executionId="a723f017-2059-4d28-8bfa-564d3b946a6c" testListId="8c84fa94-04c1-424b-9868-57a2d4851a1d" />
    <TestEntry testId="787ee61a-eea4-f68b-10a6-56765d45d4e8" executionId="349f6d0b-84b7-41a8-a58d-1369894e1283" testListId="8c84fa94-04c1-424b-9868-57a2d4851a1d" />
    <TestEntry testId="2f768a08-79d1-a2fa-f632-631b61e890cb" executionId="e1dab151-b3b2-4fa3-9329-5afe4f54eab3" testListId="8c84fa94-04c1-424b-9868-57a2d4851a1d" />
    <TestEntry testId="015cbbb2-3ae8-0f0d-d16b-d3a0e1ee3da3" executionId="5a17a6c7-a0b4-4582-8e5c-aabb7242a48b" testListId="8c84fa94-04c1-424b-9868-57a2d4851a1d" />
    <TestEntry testId="9d2adb93-4837-25dd-c5fc-bdfa01122682" executionId="554d2a5c-f25e-4bd2-8505-c7f9aef6d28f" testListId="8c84fa94-04c1-424b-9868-57a2d4851a1d" />
    <TestEntry testId="026dfb6f-c080-58ce-2d5a-796a4588997d" executionId="ba6788e3-303e-4424-be96-ff93fe38dec0" testListId="8c84fa94-04c1-424b-9868-57a2d4851a1d" />
    <TestEntry testId="8fad5930-640a-f193-8986-d1e8191830e2" executionId="9b242d42-edbf-48d8-bd62-30555f731c8f" testListId="8c84fa94-04c1-424b-9868-57a2d4851a1d" />
    <TestEntry testId="3787704c-f9e0-e566-1c87-02188e388c59" executionId="8921b642-9543-4885-8959-520e8211e294" testListId="8c84fa94-04c1-424b-9868-57a2d4851a1d" />
    <TestEntry testId="f107b2f8-e52e-2d8a-eafb-dc1e00450b6b" executionId="86383be5-13dc-436b-b8b7-27625eaf7b59" testListId="8c84fa94-04c1-424b-9868-57a2d4851a1d" />
    <TestEntry testId="478d0236-e1c2-77c9-69c0-a72f12637e60" executionId="4e176bc4-d21a-4ee4-aed7-88c28268f3f1" testListId="8c84fa94-04c1-424b-9868-57a2d4851a1d" />
    <TestEntry testId="58078e76-fc8c-090d-f603-a4db3d83abcc" executionId="622d8576-0973-48b7-95a2-d50aff54612d" testListId="8c84fa94-04c1-424b-9868-57a2d4851a1d" />
    <TestEntry testId="27f390ff-a294-3ac4-6f34-9d39f621e68b" executionId="78cbc737-ada1-4f3c-b6f3-99104de16ea8" testListId="8c84fa94-04c1-424b-9868-57a2d4851a1d" />
    <TestEntry testId="ff37e13a-ef96-a965-37b4-7e2b5b7bc7cd" executionId="0e0d8e76-f518-4a01-b707-d02992f4d932" testListId="8c84fa94-04c1-424b-9868-57a2d4851a1d" />
    <TestEntry testId="383557df-ae77-e167-ffa1-ee8498a57d67" executionId="5b868155-14de-4d27-837b-ae4dcb6ed94a" testListId="8c84fa94-04c1-424b-9868-57a2d4851a1d" />
    <TestEntry testId="e998f77e-77b2-7e10-d8db-3813eb8031aa" executionId="2036017f-4892-488b-8f27-623362d56587" testListId="8c84fa94-04c1-424b-9868-57a2d4851a1d" />
    <TestEntry testId="84f87709-ca75-b015-fe61-63a08c2421fb" executionId="eea55e44-b714-4d63-a8a6-c29ec8308812" testListId="8c84fa94-04c1-424b-9868-57a2d4851a1d" />
    <TestEntry testId="ed7bec68-0198-a68e-a9fa-29c0dcede6d8" executionId="6d7ae888-31e5-4693-b2af-42316a3bb8c0" testListId="8c84fa94-04c1-424b-9868-57a2d4851a1d" />
    <TestEntry testId="2373c7df-8688-ecca-12e2-43612d6b960f" executionId="faea6cae-8c98-47c1-9bba-682a03711aac" testListId="8c84fa94-04c1-424b-9868-57a2d4851a1d" />
    <TestEntry testId="f1b8d3af-7232-b482-4982-8c83d005f2cf" executionId="59dd9b3b-a0fc-4152-871a-5f0d4131f566" testListId="8c84fa94-04c1-424b-9868-57a2d4851a1d" />
    <TestEntry testId="663795a0-d44e-108c-adbb-753bfdf4d621" executionId="7d01232b-1983-4492-aa65-6d6602e4a7e6" testListId="8c84fa94-04c1-424b-9868-57a2d4851a1d" />
    <TestEntry testId="9029e935-145d-d5fd-fae9-96c860349038" executionId="ff4d9d8f-f8f8-416f-9874-e5443b9c8686" testListId="8c84fa94-04c1-424b-9868-57a2d4851a1d" />
    <TestEntry testId="1e0ec4a9-a03c-c4c9-74f7-c48ccb99f71e" executionId="18721604-e102-4f6e-b80a-db9e39b40645" testListId="8c84fa94-04c1-424b-9868-57a2d4851a1d" />
    <TestEntry testId="45bd735f-7812-dc55-613d-6b72234baad1" executionId="cf210e4d-028b-4850-8696-690b5fb2c74f" testListId="8c84fa94-04c1-424b-9868-57a2d4851a1d" />
    <TestEntry testId="9aef69ad-5102-e920-d6a1-4c0ddf8b9303" executionId="a9b0ee43-936a-4d71-9eb5-5b5fcc311a0a" testListId="8c84fa94-04c1-424b-9868-57a2d4851a1d" />
    <TestEntry testId="f33717b2-6c8e-2361-6ace-29e4108005a6" executionId="3c7eac10-396d-4621-a3b5-0b234cb97016" testListId="8c84fa94-04c1-424b-9868-57a2d4851a1d" />
    <TestEntry testId="d8c85228-fbef-6713-8b24-27f4eac58477" executionId="69f7d997-a20a-4802-985d-11b890c25765" testListId="8c84fa94-04c1-424b-9868-57a2d4851a1d" />
    <TestEntry testId="95b39f8a-1d05-ef16-b7bc-9f5670cd4fdd" executionId="96090eed-ae4d-4651-ba35-421295ea55d2" testListId="8c84fa94-04c1-424b-9868-57a2d4851a1d" />
    <TestEntry testId="f2eafc92-05e6-6561-5ea1-9b5fc4ef5a32" executionId="b05ac038-1442-4a0e-9421-c7510819f33f" testListId="8c84fa94-04c1-424b-9868-57a2d4851a1d" />
    <TestEntry testId="f4957e0d-8b3e-6f39-d235-00a44690d337" executionId="39d8920a-286c-403a-9e4f-338f1a1f1357" testListId="8c84fa94-04c1-424b-9868-57a2d4851a1d" />
    <TestEntry testId="bdb27dac-eff0-8887-ff55-d405cca80355" executionId="b25e677b-56f4-4501-933d-584cc9297be7" testListId="8c84fa94-04c1-424b-9868-57a2d4851a1d" />
    <TestEntry testId="d267b36b-f7e7-25e9-6fde-c14a7c8d614c" executionId="1b560ddc-2139-440a-ba1a-44ba68a5b225" testListId="8c84fa94-04c1-424b-9868-57a2d4851a1d" />
    <TestEntry testId="56ff3fa9-0890-e06e-62f8-d4c54f830dfc" executionId="7287aae2-e2f1-497c-b1a1-7b87e4f2b9c3" testListId="8c84fa94-04c1-424b-9868-57a2d4851a1d" />
    <TestEntry testId="c4ff8731-9813-5df7-e5dd-207c7cca1b16" executionId="dbcbde18-ee72-466a-986c-be400bae0e97" testListId="8c84fa94-04c1-424b-9868-57a2d4851a1d" />
    <TestEntry testId="a4ec8e4b-30aa-49df-138f-1971a7f8ca38" executionId="d865404b-2e4f-4ba5-9048-6d8b872ba9e3" testListId="8c84fa94-04c1-424b-9868-57a2d4851a1d" />
    <TestEntry testId="2b46b6c4-bcde-6b7d-2664-3e89c49247f4" executionId="c483aa1f-162c-4c33-a95c-e84a0cc2dd0d" testListId="8c84fa94-04c1-424b-9868-57a2d4851a1d" />
    <TestEntry testId="199e5799-986d-710e-fa92-973a198651af" executionId="5924d36a-7ffe-4217-bcde-c10714eb03ca" testListId="8c84fa94-04c1-424b-9868-57a2d4851a1d" />
    <TestEntry testId="f680908c-3b4b-7b4d-7066-6e5fce7c0b27" executionId="da99789f-4384-4534-ad82-3607619f2b87" testListId="8c84fa94-04c1-424b-9868-57a2d4851a1d" />
    <TestEntry testId="7899bcea-7118-cfa0-aa3f-14444c7eb8ac" executionId="c3fcaa7f-f23d-4437-bfe7-a64976434d94" testListId="8c84fa94-04c1-424b-9868-57a2d4851a1d" />
    <TestEntry testId="24e7c2bb-215e-6687-9176-48e72f6cf85e" executionId="2e326eff-6cbb-4fe1-8bfc-3fa4a98e6fcc" testListId="8c84fa94-04c1-424b-9868-57a2d4851a1d" />
    <TestEntry testId="4ac44c86-bed3-2106-179e-e12e5a83e7dd" executionId="a32bbf05-36b3-4ef8-8d25-e062316a7dee" testListId="8c84fa94-04c1-424b-9868-57a2d4851a1d" />
    <TestEntry testId="cdf3455a-ff33-49bd-8e27-f8c9df19be38" executionId="4247809b-963c-4590-9fe1-e7d5718ea440" testListId="8c84fa94-04c1-424b-9868-57a2d4851a1d" />
    <TestEntry testId="455c6da2-80f5-0fe8-cc92-891d7de0d2ac" executionId="e753ec28-0b66-47bd-911b-951518e6a947" testListId="8c84fa94-04c1-424b-9868-57a2d4851a1d" />
    <TestEntry testId="c6214463-25ef-9b77-19c9-f227068e9681" executionId="ec2e9e49-5062-4edf-8346-9e8eea640c17" testListId="8c84fa94-04c1-424b-9868-57a2d4851a1d" />
    <TestEntry testId="65ba2efa-0759-8a99-b7e3-1a551182172b" executionId="da785f24-5a67-48e2-8a61-c089c5affe2d" testListId="8c84fa94-04c1-424b-9868-57a2d4851a1d" />
    <TestEntry testId="ccc464e8-45ae-b4d4-a53d-f854db73b0a5" executionId="dc31dd39-5759-4515-8c5d-f9496943d20c" testListId="8c84fa94-04c1-424b-9868-57a2d4851a1d" />
    <TestEntry testId="178f613b-e8c8-b623-2c5d-08d78665b8c9" executionId="14daf04a-128e-4eff-a836-6f88875e36d4" testListId="8c84fa94-04c1-424b-9868-57a2d4851a1d" />
    <TestEntry testId="c4b0d9bd-4b80-996e-41b7-0bd28fc67a52" executionId="944526ba-614d-47ef-841f-2fc8a19b3668" testListId="8c84fa94-04c1-424b-9868-57a2d4851a1d" />
    <TestEntry testId="628ededf-b510-91fa-7712-c59b72f0952a" executionId="88a28e7f-a97b-4bc1-aec6-bf6c9488c7f3" testListId="8c84fa94-04c1-424b-9868-57a2d4851a1d" />
    <TestEntry testId="3440448b-f182-3326-b799-bc9fc2738adb" executionId="da6e676c-d870-4469-b6c8-2a5e843b21e1" testListId="8c84fa94-04c1-424b-9868-57a2d4851a1d" />
    <TestEntry testId="d48c488e-fbbb-1e36-d1b4-d630148880b0" executionId="a83515e1-a0ad-4658-b539-3c542f1c00bc" testListId="8c84fa94-04c1-424b-9868-57a2d4851a1d" />
    <TestEntry testId="4552c7a0-9f71-d2b4-51c4-e785ac828b42" executionId="e8a13e7f-e265-4160-8e94-e797e139e90b" testListId="8c84fa94-04c1-424b-9868-57a2d4851a1d" />
    <TestEntry testId="c9af20fb-019d-827e-06ad-7b6611074f36" executionId="d015d3ba-3428-4f22-8940-c14b97f2e189" testListId="8c84fa94-04c1-424b-9868-57a2d4851a1d" />
    <TestEntry testId="b9fc609a-8ca2-2be6-d0e9-1319545fa745" executionId="22fef9d0-8eb7-4b1c-bdb1-cb8a6fb50395" testListId="8c84fa94-04c1-424b-9868-57a2d4851a1d" />
    <TestEntry testId="b06788dc-a2be-9fbd-2a2a-6d94fe4b396d" executionId="f573a2d5-9e62-4bd9-93e4-b61961cdfcaa" testListId="8c84fa94-04c1-424b-9868-57a2d4851a1d" />
    <TestEntry testId="0a4bd700-62ec-92c2-9d2a-4cd013e53bcb" executionId="9d4eef67-38cc-4202-98b9-ac9aa4482caa" testListId="8c84fa94-04c1-424b-9868-57a2d4851a1d" />
    <TestEntry testId="fd11af71-a4c4-5921-60ab-2b01bfd9ee13" executionId="fb4070ae-cdfa-4ef6-8dc1-10b92e709627" testListId="8c84fa94-04c1-424b-9868-57a2d4851a1d" />
    <TestEntry testId="a7ae775e-2c15-1f46-f93f-e37442fe54d1" executionId="f78ab397-77eb-4f2b-9cab-2fa9d177bd3f" testListId="8c84fa94-04c1-424b-9868-57a2d4851a1d" />
    <TestEntry testId="4ad3fc13-c11a-f5b6-2594-d08a3607b0ec" executionId="cc85abe1-c4c0-48cf-abc8-75564b5a8bf6" testListId="8c84fa94-04c1-424b-9868-57a2d4851a1d" />
    <TestEntry testId="80e1e452-82cf-b088-db40-d28f7d32c62d" executionId="68b676ab-50ca-487d-8118-518b0b47f0e4" testListId="8c84fa94-04c1-424b-9868-57a2d4851a1d" />
    <TestEntry testId="9c9fd855-69d4-9918-84e1-a8e0fcc2b097" executionId="fcb7efc3-ef39-4b93-9150-590f1dad9947" testListId="8c84fa94-04c1-424b-9868-57a2d4851a1d" />
    <TestEntry testId="bc1d45b3-de40-0d4a-bd1b-d3b6d235d5d4" executionId="eddfad86-994e-47e9-ad5e-1ae8712b6af1" testListId="8c84fa94-04c1-424b-9868-57a2d4851a1d" />
    <TestEntry testId="8655e08e-93f9-ea96-e1a5-f913a90803b9" executionId="a7e95010-8379-4943-aa39-6690ca1480cb" testListId="8c84fa94-04c1-424b-9868-57a2d4851a1d" />
    <TestEntry testId="c28e213e-317a-4527-5d0b-e1f50d0ea576" executionId="7f770eb2-75e6-41a4-895e-26d08cfc0767" testListId="8c84fa94-04c1-424b-9868-57a2d4851a1d" />
    <TestEntry testId="0a4e5b36-6578-df3d-cfd2-3d6ee660820a" executionId="35ac452a-9fcf-468e-8dd0-830fbea49bed" testListId="8c84fa94-04c1-424b-9868-57a2d4851a1d" />
    <TestEntry testId="1ff412f4-a550-fccb-f616-ee490e039d87" executionId="75f76f2e-8951-4779-b89e-7e5519a648cc" testListId="8c84fa94-04c1-424b-9868-57a2d4851a1d" />
    <TestEntry testId="324b13ab-64d8-9667-f4d5-2b34c2ee361f" executionId="9f3c7cff-4e0a-4b37-afd6-6f941f5d65f2" testListId="8c84fa94-04c1-424b-9868-57a2d4851a1d" />
    <TestEntry testId="4ac17529-5b95-5a72-033f-f220f1f85e71" executionId="302ee91d-601b-4d0d-8f34-0824f887e682" testListId="8c84fa94-04c1-424b-9868-57a2d4851a1d" />
    <TestEntry testId="54665edf-a1f2-e9fe-2f83-fd5f97c5627f" executionId="96150235-b8e8-453a-82db-fe26c9c0091d" testListId="8c84fa94-04c1-424b-9868-57a2d4851a1d" />
    <TestEntry testId="4586ccb8-434e-a6fb-3efe-7ae23e91a4a4" executionId="b50e56ba-b484-483b-8376-d6433ec5c1d0" testListId="8c84fa94-04c1-424b-9868-57a2d4851a1d" />
    <TestEntry testId="6bac4380-8ca1-03ec-b0fa-87faadf2b614" executionId="d865238d-e466-441d-af7d-bc0d0ac58e1a" testListId="8c84fa94-04c1-424b-9868-57a2d4851a1d" />
    <TestEntry testId="e07f5d01-bfa0-04f4-825e-59c493d5b5f5" executionId="088c62ff-ec9d-4c82-83f7-c2a39233303f" testListId="8c84fa94-04c1-424b-9868-57a2d4851a1d" />
    <TestEntry testId="9f0f6d30-f426-c7af-d9b6-15317c05ddf1" executionId="cfec3632-ba9e-48b9-9e5d-98caf97a1ff3" testListId="8c84fa94-04c1-424b-9868-57a2d4851a1d" />
    <TestEntry testId="e998f77e-77b2-7e10-d8db-3813eb8031aa" executionId="a1554656-714d-4782-b57b-b26caf612965" testListId="8c84fa94-04c1-424b-9868-57a2d4851a1d" />
    <TestEntry testId="3f5ee2de-3b1b-0c75-47d5-11fe5a7f62f5" executionId="c95f5395-7680-483c-9189-fef4ad011255" testListId="8c84fa94-04c1-424b-9868-57a2d4851a1d" />
    <TestEntry testId="2288a65b-0f46-66d4-26bb-35d3e0b13ae8" executionId="36f2f674-5058-42bc-b277-2097f6a79275" testListId="8c84fa94-04c1-424b-9868-57a2d4851a1d" />
    <TestEntry testId="9f2f58ff-e9c2-3880-dcf4-b319d054c9c6" executionId="3726fd83-4333-4c57-a97d-9900584e56a2" testListId="8c84fa94-04c1-424b-9868-57a2d4851a1d" />
    <TestEntry testId="41d4421e-5dd5-6cec-027d-d4227fb48184" executionId="f5ce1696-a15e-40a3-a23a-deeb67874933" testListId="8c84fa94-04c1-424b-9868-57a2d4851a1d" />
    <TestEntry testId="df09f867-7de1-e38f-53d1-73f889393669" executionId="cfad0e66-e4da-4131-9f0b-3c4509a30885" testListId="8c84fa94-04c1-424b-9868-57a2d4851a1d" />
    <TestEntry testId="5ed08d6e-1829-53d6-39c2-5824072e1015" executionId="f3e208d9-5f10-415f-af2c-aea275c49eb9" testListId="8c84fa94-04c1-424b-9868-57a2d4851a1d" />
    <TestEntry testId="9a38b1c7-2744-f7db-489b-6f81a442d11b" executionId="b1e3b595-7d28-4d2e-9663-cab0cdfff87c" testListId="8c84fa94-04c1-424b-9868-57a2d4851a1d" />
    <TestEntry testId="ee79b24f-9e89-909d-5cb1-d41ef45dcfd9" executionId="3e03f624-d3b6-4fdb-8308-0322ad5d6d21" testListId="8c84fa94-04c1-424b-9868-57a2d4851a1d" />
    <TestEntry testId="14586c69-09d9-7b16-15c8-c6b5e4ea64f4" executionId="2bf4f4a0-46bf-46ab-a281-dddbea0994d4" testListId="8c84fa94-04c1-424b-9868-57a2d4851a1d" />
    <TestEntry testId="0a4e5b36-6578-df3d-cfd2-3d6ee660820a" executionId="dbb7a512-0da5-4a93-acc7-620b63019a8b" testListId="8c84fa94-04c1-424b-9868-57a2d4851a1d" />
    <TestEntry testId="9ccd04df-3e0c-6d9f-958b-55fa47ad0ff1" executionId="2c776c50-34ee-48f4-8008-543cfb3c3f18" testListId="8c84fa94-04c1-424b-9868-57a2d4851a1d" />
    <TestEntry testId="800f9645-615e-ad0a-a2cb-53e0d1e48385" executionId="aed62d97-1c05-400b-af6c-91e109ab7525" testListId="8c84fa94-04c1-424b-9868-57a2d4851a1d" />
    <TestEntry testId="56b7fe15-643b-5b55-8dfa-1ded6df183bf" executionId="e51d2b61-c93d-4a0a-b507-f3ac03f5b079" testListId="8c84fa94-04c1-424b-9868-57a2d4851a1d" />
    <TestEntry testId="b09a1385-ea97-6649-75a7-4f5d4ef865f4" executionId="ab2a63db-57f6-4a2c-887d-c095963b02cb" testListId="8c84fa94-04c1-424b-9868-57a2d4851a1d" />
    <TestEntry testId="bf66e757-0492-e485-8a4b-fc8c1a4bef3b" executionId="1a811413-efd5-428f-b279-7fadb4c423f0" testListId="8c84fa94-04c1-424b-9868-57a2d4851a1d" />
    <TestEntry testId="c78705d8-4e54-e5cc-d7aa-358b1af77cf7" executionId="bb617bd0-95f7-47b6-9f4b-dd34058c9067" testListId="8c84fa94-04c1-424b-9868-57a2d4851a1d" />
    <TestEntry testId="24c926a6-ee97-c276-700e-e9cf4f4112ef" executionId="56a0e09a-f540-4e77-965a-70d195822ce6" testListId="8c84fa94-04c1-424b-9868-57a2d4851a1d" />
    <TestEntry testId="2d399f3a-cd79-9af4-db68-ab2622857a87" executionId="064836d4-d165-4edd-b0ce-e9283ed91057" testListId="8c84fa94-04c1-424b-9868-57a2d4851a1d" />
    <TestEntry testId="5a8fb903-2861-1882-49ca-4356404c3995" executionId="a31e8f9f-e3e3-40e6-a80b-b512a0c25639" testListId="8c84fa94-04c1-424b-9868-57a2d4851a1d" />
    <TestEntry testId="4d16c358-c29f-69ec-8ad9-4ed7ab30e526" executionId="071573da-ed56-4778-bed8-4c7e021744fe" testListId="8c84fa94-04c1-424b-9868-57a2d4851a1d" />
    <TestEntry testId="a90fcb60-5904-342b-4fdf-2acce1eecc2f" executionId="b5f784dc-8f97-4f53-b9dc-4980a7078425" testListId="8c84fa94-04c1-424b-9868-57a2d4851a1d" />
    <TestEntry testId="c5f981d9-37f1-54c9-b862-4fbb2d02666f" executionId="28360fc8-0091-41fd-8b90-85bc1a731c1e" testListId="8c84fa94-04c1-424b-9868-57a2d4851a1d" />
    <TestEntry testId="2ee134e1-115d-c1eb-9935-4d228f8143e5" executionId="f22373bb-13a3-411f-916a-8b63af901c34" testListId="8c84fa94-04c1-424b-9868-57a2d4851a1d" />
    <TestEntry testId="0cd872bf-1428-c181-b201-48c4c96402b3" executionId="509fcf54-2728-413f-9b71-d9b1b6ddefb6" testListId="8c84fa94-04c1-424b-9868-57a2d4851a1d" />
    <TestEntry testId="903b9858-a52e-2d97-0254-7f3a20fa6f17" executionId="a0ec7697-aa1e-4f84-877a-f4c1d8ac6dc6" testListId="8c84fa94-04c1-424b-9868-57a2d4851a1d" />
    <TestEntry testId="e18e3570-53c3-3508-0442-177c4a2f785b" executionId="6543a62d-9f47-4e95-9e20-116435c02986" testListId="8c84fa94-04c1-424b-9868-57a2d4851a1d" />
    <TestEntry testId="f680908c-3b4b-7b4d-7066-6e5fce7c0b27" executionId="e63b2486-5079-4892-b66e-e407c18d77af" testListId="8c84fa94-04c1-424b-9868-57a2d4851a1d" />
    <TestEntry testId="b4d81ea5-4d96-f4f8-9a36-c8fa8d756925" executionId="23b46eeb-6c72-4ece-8d09-54366365fb93" testListId="8c84fa94-04c1-424b-9868-57a2d4851a1d" />
    <TestEntry testId="7249d529-4797-4846-66f9-a36e8ab1d5c8" executionId="7ab8a7bd-2124-412d-a450-b14bf550dbbf" testListId="8c84fa94-04c1-424b-9868-57a2d4851a1d" />
    <TestEntry testId="8ad53d84-7b7f-42f1-3c0f-a181a1bcf187" executionId="c058e1f1-d394-4b68-b099-824531c38031" testListId="8c84fa94-04c1-424b-9868-57a2d4851a1d" />
    <TestEntry testId="aa5c4da8-abb1-5dab-502e-bd81c20e341d" executionId="a48b864e-ed75-47fd-aff0-23a8ca4f097f" testListId="8c84fa94-04c1-424b-9868-57a2d4851a1d" />
    <TestEntry testId="8d3921c6-4c1a-b1d4-4584-3d6429a3707e" executionId="6608dffb-2912-4cab-bc80-7af61bcfbbef" testListId="8c84fa94-04c1-424b-9868-57a2d4851a1d" />
    <TestEntry testId="cecff56d-f2c2-5f4f-f26a-46e190ce7353" executionId="435046f9-8417-4aa9-a379-93185197832b" testListId="8c84fa94-04c1-424b-9868-57a2d4851a1d" />
    <TestEntry testId="6847ebb6-e732-c391-be2d-0bdf0abaf563" executionId="c63de618-b04d-4692-af8d-d4b1171038e7" testListId="8c84fa94-04c1-424b-9868-57a2d4851a1d" />
    <TestEntry testId="2a44ed0f-e637-248d-7f45-7c53931a1bbe" executionId="f2dd4ce1-f18d-47d7-bcbc-8c8f863b657a" testListId="8c84fa94-04c1-424b-9868-57a2d4851a1d" />
    <TestEntry testId="0181f0b9-73fd-f503-b29b-b3c042d24b5b" executionId="f5dc2683-d0fc-4ac7-8c5c-426864399094" testListId="8c84fa94-04c1-424b-9868-57a2d4851a1d" />
    <TestEntry testId="052697c7-c6ac-9c36-6e57-c8105d8c8917" executionId="5f86b4e9-e2aa-4d23-b332-1f277ce7c79c" testListId="8c84fa94-04c1-424b-9868-57a2d4851a1d" />
    <TestEntry testId="b583fd3b-a208-f88c-adeb-f397f1f95808" executionId="6dbd8650-c5d3-4a28-ada0-e278265124c8" testListId="8c84fa94-04c1-424b-9868-57a2d4851a1d" />
    <TestEntry testId="64c5fa93-8c90-e61b-c74e-24c3a14c685e" executionId="cff5b277-ff9f-4f2a-9cd4-c81c7816880c" testListId="8c84fa94-04c1-424b-9868-57a2d4851a1d" />
    <TestEntry testId="a8f9d2e6-a062-909a-f825-43244fd288c9" executionId="e243954a-208a-4a42-8e13-6c6f03c9a888" testListId="8c84fa94-04c1-424b-9868-57a2d4851a1d" />
    <TestEntry testId="b99d652b-8f29-0344-acef-87a042a63281" executionId="4a4a4798-62ad-4c5e-9d28-2d671805943c" testListId="8c84fa94-04c1-424b-9868-57a2d4851a1d" />
    <TestEntry testId="828aa887-d61e-2965-7b2f-bafe3c7dac25" executionId="d1b40c9b-d98c-425c-a793-7e07354a5151" testListId="8c84fa94-04c1-424b-9868-57a2d4851a1d" />
    <TestEntry testId="bc3083b0-a3ea-e4f1-9c27-4c183b204440" executionId="3b9d4d53-ba37-4280-8083-42c6e397d383" testListId="8c84fa94-04c1-424b-9868-57a2d4851a1d" />
    <TestEntry testId="0b48726b-7d83-90f3-a7e6-6509817ad105" executionId="677c2e5d-9202-429c-a259-fe0277adfd85" testListId="8c84fa94-04c1-424b-9868-57a2d4851a1d" />
    <TestEntry testId="23c856d5-b6c3-19f8-8013-074be7c600aa" executionId="7ba555da-1151-450f-8089-e4a1928bb98d" testListId="8c84fa94-04c1-424b-9868-57a2d4851a1d" />
    <TestEntry testId="dbc1a342-48a8-affa-8d55-c00e2654c55f" executionId="d8196fea-9a48-42eb-b5e1-6d7e444eb0f5" testListId="8c84fa94-04c1-424b-9868-57a2d4851a1d" />
    <TestEntry testId="6ac3daf7-7d17-a19c-0567-b6e3340bf41b" executionId="1a013d42-a560-45d1-b6a8-e302c6909b5e" testListId="8c84fa94-04c1-424b-9868-57a2d4851a1d" />
    <TestEntry testId="0fb4b7bb-e522-c3cc-c43e-c8a8d68a12cc" executionId="cebed8ac-3dea-4f05-a160-b47c3be59f77" testListId="8c84fa94-04c1-424b-9868-57a2d4851a1d" />
    <TestEntry testId="91bb0037-7fe2-0981-dce5-8270b853ee50" executionId="e99509a9-6624-4c7d-bcca-217a4dd84b64" testListId="8c84fa94-04c1-424b-9868-57a2d4851a1d" />
    <TestEntry testId="e998f77e-77b2-7e10-d8db-3813eb8031aa" executionId="de0873cf-d107-47c4-92dd-87f1f9008bbd" testListId="8c84fa94-04c1-424b-9868-57a2d4851a1d" />
    <TestEntry testId="ac29b4b5-8534-78d0-60ee-ce2fc38c2fe4" executionId="57f0dd19-11ae-494b-b02d-cd084801ff42" testListId="8c84fa94-04c1-424b-9868-57a2d4851a1d" />
    <TestEntry testId="78da3d90-e186-2eb8-9d50-1ad80ad9921b" executionId="9227d243-8c79-42f0-a100-f5aae285b569" testListId="8c84fa94-04c1-424b-9868-57a2d4851a1d" />
    <TestEntry testId="15776c9e-bed1-aa30-abbc-b85a9e95cf84" executionId="e41a824b-4f86-4e40-835e-70e844b01bb6" testListId="8c84fa94-04c1-424b-9868-57a2d4851a1d" />
    <TestEntry testId="47672882-b255-5356-2127-17a9bbfd997e" executionId="a1e7236d-7343-4718-9edf-f73a4d2ff013" testListId="8c84fa94-04c1-424b-9868-57a2d4851a1d" />
    <TestEntry testId="7cef2a09-ed80-a76c-b595-1833aff59ca7" executionId="c2212b02-d94c-4b48-a9ec-d85e8d48ece8" testListId="8c84fa94-04c1-424b-9868-57a2d4851a1d" />
    <TestEntry testId="cd8ebcc2-066f-cdc6-6883-57e1205bcf51" executionId="46ef7651-42e6-47ad-8772-e35a9070dbf0" testListId="8c84fa94-04c1-424b-9868-57a2d4851a1d" />
    <TestEntry testId="8558e7ab-4f92-48f5-6cd7-72956b247ea9" executionId="c255ba5d-acbc-40fa-a351-a963acd1aa96" testListId="8c84fa94-04c1-424b-9868-57a2d4851a1d" />
    <TestEntry testId="c845158a-13c6-a74d-17c8-bb3ff5beabf6" executionId="2f2f1942-e4e2-45fd-8abe-63a6b105cba2" testListId="8c84fa94-04c1-424b-9868-57a2d4851a1d" />
    <TestEntry testId="f51cf9e2-cdcd-f8dd-962c-cbd4db2c5ec7" executionId="b01b0c27-f3f0-4670-b97f-f76536ab6271" testListId="8c84fa94-04c1-424b-9868-57a2d4851a1d" />
    <TestEntry testId="97644baf-75da-2d1d-90ad-632f1839ba1c" executionId="3c752110-4be3-45df-b84c-5d63588f2920" testListId="8c84fa94-04c1-424b-9868-57a2d4851a1d" />
    <TestEntry testId="fb732742-5469-4819-2a2e-a73e08e91605" executionId="14a208b8-4c35-4192-9b27-5430920ce574" testListId="8c84fa94-04c1-424b-9868-57a2d4851a1d" />
    <TestEntry testId="a8d5f143-40e9-2f91-37a6-26e5ad4ff867" executionId="2216af2d-5f9c-4e36-872c-50e5af2ec70d" testListId="8c84fa94-04c1-424b-9868-57a2d4851a1d" />
    <TestEntry testId="336b8482-3bf7-7f8c-61fa-1897c8b88bb6" executionId="599d3298-b882-48a3-8677-fe4459a1a19a" testListId="8c84fa94-04c1-424b-9868-57a2d4851a1d" />
    <TestEntry testId="ebac5c23-cf94-d057-1e07-261b56c40f5f" executionId="27b2458a-28bd-4a12-9ff2-d3f9ba793681" testListId="8c84fa94-04c1-424b-9868-57a2d4851a1d" />
    <TestEntry testId="14ce9c46-40b0-3cf1-b65d-94e20f3f850c" executionId="0055cbbf-4ba6-4235-a14e-3c1a0964156a" testListId="8c84fa94-04c1-424b-9868-57a2d4851a1d" />
    <TestEntry testId="5fa2d48f-d59e-30ed-e88d-ec6e2699e6a0" executionId="8bd55ace-4185-4fa8-b0b6-191499caf745" testListId="8c84fa94-04c1-424b-9868-57a2d4851a1d" />
    <TestEntry testId="13732851-1316-f3ba-505c-1b7f66e1148d" executionId="34451232-653b-4809-8738-c0f270d80ed8" testListId="8c84fa94-04c1-424b-9868-57a2d4851a1d" />
    <TestEntry testId="9c84fcaa-119c-eb3e-55a7-125cbe865eba" executionId="6adb4127-c377-4d55-940a-b0c93a17cb14" testListId="8c84fa94-04c1-424b-9868-57a2d4851a1d" />
    <TestEntry testId="eaed56d6-5fe7-43a9-6be3-9e902b595505" executionId="cd1a0995-d9b8-4656-a5a4-040fcdbfcb0d" testListId="8c84fa94-04c1-424b-9868-57a2d4851a1d" />
    <TestEntry testId="c41fdcd8-e2bb-ccbb-e17c-f63252358ede" executionId="c34029b2-40a6-43b9-a265-33648aa0729b" testListId="8c84fa94-04c1-424b-9868-57a2d4851a1d" />
    <TestEntry testId="a6493ade-3aba-8e55-3d5b-e3a18089f41b" executionId="f3a231c1-df17-4616-989f-367da816677a" testListId="8c84fa94-04c1-424b-9868-57a2d4851a1d" />
    <TestEntry testId="903924a4-7ced-4d98-9edf-15f9a7cfa0d7" executionId="a9afdcb9-6abd-4fe9-a472-a8dc5665cfff" testListId="8c84fa94-04c1-424b-9868-57a2d4851a1d" />
    <TestEntry testId="3fc559f5-bb13-876b-1485-1faebe02441c" executionId="177ec052-3e32-4c20-9c66-8ba453b05968" testListId="8c84fa94-04c1-424b-9868-57a2d4851a1d" />
    <TestEntry testId="671ee35e-217f-e976-440a-afae3aff818a" executionId="01209513-7e2c-4bdf-897a-6acd504f643c" testListId="8c84fa94-04c1-424b-9868-57a2d4851a1d" />
    <TestEntry testId="9b11dd70-a212-4435-b232-2bb1537ea05b" executionId="efabaf98-dfe6-400d-99e7-08b63a022a8e" testListId="8c84fa94-04c1-424b-9868-57a2d4851a1d" />
    <TestEntry testId="ba697472-1eee-6276-10b8-517f33455021" executionId="aeb4a238-bfbb-4f7c-bb2f-d1d367541992" testListId="8c84fa94-04c1-424b-9868-57a2d4851a1d" />
    <TestEntry testId="9aeccaa7-2271-ee00-99ac-96f3fa1164be" executionId="7a587362-c026-42c2-848b-c4903db49dd9" testListId="8c84fa94-04c1-424b-9868-57a2d4851a1d" />
    <TestEntry testId="50437517-5fc5-21fb-fd24-7bb70ccad1c0" executionId="11363d9c-c69b-45ea-a43b-fbaac4b5fa14" testListId="8c84fa94-04c1-424b-9868-57a2d4851a1d" />
    <TestEntry testId="ab6a68a4-df8c-0feb-73f0-3750600e7308" executionId="bce09878-9fee-4160-b90e-049b4104b8a5" testListId="8c84fa94-04c1-424b-9868-57a2d4851a1d" />
    <TestEntry testId="876c309e-bcb3-56f1-e371-740d48449c19" executionId="0e8f2ccd-c6b7-46ab-8359-ca14bada7833" testListId="8c84fa94-04c1-424b-9868-57a2d4851a1d" />
    <TestEntry testId="6005aa8f-bfed-16e6-eb0c-0e72997b485a" executionId="614a49e7-7e6d-4d18-b7e1-b6a76a504a30" testListId="8c84fa94-04c1-424b-9868-57a2d4851a1d" />
    <TestEntry testId="0c0629d0-f6ea-17eb-459f-54981f9ede50" executionId="cbb32249-8540-4ed1-a7c1-e078b0585113" testListId="8c84fa94-04c1-424b-9868-57a2d4851a1d" />
    <TestEntry testId="284a6b15-0a7d-d4a1-ae93-88897a496866" executionId="ab33eff2-7a98-4997-9531-c99fa7012cc4" testListId="8c84fa94-04c1-424b-9868-57a2d4851a1d" />
    <TestEntry testId="61db488c-fd57-8a4d-714e-e5d3bad8b45f" executionId="68657751-37e8-499d-acf7-127fdb997429" testListId="8c84fa94-04c1-424b-9868-57a2d4851a1d" />
    <TestEntry testId="28b7e0ab-6c4a-f8e2-76d8-c7775c82dbd0" executionId="3238577f-6b28-46bf-8639-197c9035aec1" testListId="8c84fa94-04c1-424b-9868-57a2d4851a1d" />
    <TestEntry testId="6999d28b-b0a1-0e27-60a0-97e9ac879716" executionId="72cc240c-d389-4f1a-84a8-560cb0f4f739" testListId="8c84fa94-04c1-424b-9868-57a2d4851a1d" />
    <TestEntry testId="84cdc42c-8723-3f7f-aeea-e185addc7b1d" executionId="de60059d-3c69-4410-8cf2-dc11e44a110f" testListId="8c84fa94-04c1-424b-9868-57a2d4851a1d" />
    <TestEntry testId="f982a6b2-b7fa-97b9-3ee1-04eced2a82e8" executionId="215b7614-0f11-420a-baf0-2ed15f5199c3" testListId="8c84fa94-04c1-424b-9868-57a2d4851a1d" />
    <TestEntry testId="09064739-d6f3-b35b-43e1-f9b5634afbd3" executionId="b561c2ad-7749-46dd-afed-9bf43802fd48" testListId="8c84fa94-04c1-424b-9868-57a2d4851a1d" />
    <TestEntry testId="401d2e62-9623-23c2-8f1c-f70d5a6debc1" executionId="37302589-b4e6-40db-9124-18a0cb1d466d" testListId="8c84fa94-04c1-424b-9868-57a2d4851a1d" />
    <TestEntry testId="a82486f4-91e1-c778-be1c-6489525080cf" executionId="e5557aa9-1704-4412-8028-974e2da437e7" testListId="8c84fa94-04c1-424b-9868-57a2d4851a1d" />
    <TestEntry testId="7487436c-f2c5-4df4-5b49-6474bc347b87" executionId="80ec2c78-553d-4652-b9d0-aaa98c24ec9a" testListId="8c84fa94-04c1-424b-9868-57a2d4851a1d" />
    <TestEntry testId="21be0112-22bc-28e4-3be0-7f0713407426" executionId="4ca2fd6c-7b37-4e52-95b5-9c4ffb1fde96" testListId="8c84fa94-04c1-424b-9868-57a2d4851a1d" />
    <TestEntry testId="03176de6-d0a5-5d83-9bd0-bdcb94c2ab49" executionId="d9bab7e3-d64f-4f62-a756-0c02775686ed" testListId="8c84fa94-04c1-424b-9868-57a2d4851a1d" />
    <TestEntry testId="1079a229-fd63-4e8b-6131-749f5fa842df" executionId="8c342ee6-9da7-44b6-9b93-f209503d9cfd" testListId="8c84fa94-04c1-424b-9868-57a2d4851a1d" />
    <TestEntry testId="b4dcaf4b-c8a6-a3d6-898f-051609cb706b" executionId="15adedcf-7b4d-4831-9b73-f597a0932a85" testListId="8c84fa94-04c1-424b-9868-57a2d4851a1d" />
    <TestEntry testId="f484692c-fec3-a0b6-18ec-e828d80b67b7" executionId="ce917176-4086-4cea-a98e-48c1116b2e7b" testListId="8c84fa94-04c1-424b-9868-57a2d4851a1d" />
    <TestEntry testId="96e8936d-0390-58bc-a96b-c2ae29467c1e" executionId="30f05d74-321f-4520-a026-c0a2c0239162" testListId="8c84fa94-04c1-424b-9868-57a2d4851a1d" />
    <TestEntry testId="fcd118df-d28f-9914-22b6-30e2ce26737f" executionId="3ea95186-d1a7-43a6-919c-3cf12943957a" testListId="8c84fa94-04c1-424b-9868-57a2d4851a1d" />
    <TestEntry testId="c49afcd7-de27-7990-5754-d54f7b7c14ac" executionId="b860d798-3f27-4eec-bc93-67d0df0cd866" testListId="8c84fa94-04c1-424b-9868-57a2d4851a1d" />
    <TestEntry testId="1242f06f-0c87-0502-1a6f-b0f180763fd7" executionId="1953e5d3-9612-4080-8f9e-b85c56ef61c3" testListId="8c84fa94-04c1-424b-9868-57a2d4851a1d" />
    <TestEntry testId="d7ec089c-29ea-169c-5410-9af8ec475d2d" executionId="53b9db8d-b9df-4b66-9c0e-74696e3421c5" testListId="8c84fa94-04c1-424b-9868-57a2d4851a1d" />
    <TestEntry testId="f212a945-9645-4128-b861-6596693a6fad" executionId="b8fdc3da-ded9-4f3c-a02d-4c8c485c1191" testListId="8c84fa94-04c1-424b-9868-57a2d4851a1d" />
    <TestEntry testId="77328071-fcbe-8814-7b38-9b55da6b9e94" executionId="9dcebdb0-0406-4455-92a2-d41901a3e1c0" testListId="8c84fa94-04c1-424b-9868-57a2d4851a1d" />
    <TestEntry testId="eafedef4-77b0-0ba7-44ca-5ee1ec158773" executionId="bf71174a-3575-4c64-90df-0b075f528817" testListId="8c84fa94-04c1-424b-9868-57a2d4851a1d" />
    <TestEntry testId="fc5fd650-f337-b166-89da-483c36c8a94d" executionId="7d3e5f83-9582-45e1-9c15-2be321845ba7" testListId="8c84fa94-04c1-424b-9868-57a2d4851a1d" />
    <TestEntry testId="1908903c-8778-1771-d8eb-296b41bd1c8a" executionId="f53887bb-431c-4010-ae36-dfa3d2bdab01" testListId="8c84fa94-04c1-424b-9868-57a2d4851a1d" />
    <TestEntry testId="1ba3b9b4-ea19-f6d5-8589-707d8ab372fd" executionId="ab21011d-bfc5-4f9e-9c45-7161e9e2178f" testListId="8c84fa94-04c1-424b-9868-57a2d4851a1d" />
    <TestEntry testId="3a31272a-a65c-0e34-46f8-f3357cdba23a" executionId="80291ea4-c53f-425e-8873-aa81926f30cd" testListId="8c84fa94-04c1-424b-9868-57a2d4851a1d" />
    <TestEntry testId="d2403e41-fe85-53e9-35b9-5ba516826082" executionId="b60b887b-994c-4286-b2b2-271da2553027" testListId="8c84fa94-04c1-424b-9868-57a2d4851a1d" />
    <TestEntry testId="bcf3e398-10f5-c5db-c0c4-dde95790e302" executionId="beb6ac99-28e8-4346-a952-9277ad54f074" testListId="8c84fa94-04c1-424b-9868-57a2d4851a1d" />
    <TestEntry testId="6242ad29-7e7c-5410-ba44-fa393248cc06" executionId="dcc436f7-5f05-4950-968b-993b6a854ff6" testListId="8c84fa94-04c1-424b-9868-57a2d4851a1d" />
    <TestEntry testId="ec512750-1b3e-ee37-48da-474be022f3c4" executionId="9f886b55-8aae-4880-8f67-5334835e8303" testListId="8c84fa94-04c1-424b-9868-57a2d4851a1d" />
    <TestEntry testId="78ae1d5d-740b-66e6-7a5c-ade2279f3a28" executionId="47367392-d8b4-4c2a-9d91-24701491e9d3" testListId="8c84fa94-04c1-424b-9868-57a2d4851a1d" />
    <TestEntry testId="9338997c-d9a9-672b-42cd-fbb543d1c72e" executionId="108ca118-34c5-4fa4-8e91-bc0511e2cd3f" testListId="8c84fa94-04c1-424b-9868-57a2d4851a1d" />
    <TestEntry testId="0b44e872-d464-60e7-3348-83243bc0d155" executionId="b4072e88-aa0e-414f-b561-ccaf54cf0037" testListId="8c84fa94-04c1-424b-9868-57a2d4851a1d" />
    <TestEntry testId="20b32a9d-1528-d876-b23d-11423094b46d" executionId="72b11c02-aa40-4081-80c4-e3d53f9ab46c" testListId="8c84fa94-04c1-424b-9868-57a2d4851a1d" />
    <TestEntry testId="87f381e7-d9c3-dd59-a7de-147f1cb1e49c" executionId="92056b49-4267-4bea-a564-0f90c27777a7" testListId="8c84fa94-04c1-424b-9868-57a2d4851a1d" />
    <TestEntry testId="1bb961de-3244-ec3d-ba9c-efd8693da7cb" executionId="857a20a7-ff52-4199-b49e-7c2112d7c2b2" testListId="8c84fa94-04c1-424b-9868-57a2d4851a1d" />
    <TestEntry testId="239b3280-9e3f-daec-90e9-2d7422e5091c" executionId="14259e23-8bd4-46e2-b335-e337b5cf55ea" testListId="8c84fa94-04c1-424b-9868-57a2d4851a1d" />
    <TestEntry testId="4a97d8d2-9fcf-7559-c175-69939d513efc" executionId="01a48ba0-9d8b-4bc4-ac28-c66956c4f17a" testListId="8c84fa94-04c1-424b-9868-57a2d4851a1d" />
    <TestEntry testId="03da6113-f0cb-2522-1d80-c9d47dcb71a8" executionId="9a1ca529-f1fe-4fcf-8d7a-9811c04e5ee4" testListId="8c84fa94-04c1-424b-9868-57a2d4851a1d" />
    <TestEntry testId="623a898d-977d-5b91-e1b8-7c6682d95502" executionId="47df2d8d-4d08-4d85-ba6b-af86e2a6b029" testListId="8c84fa94-04c1-424b-9868-57a2d4851a1d" />
    <TestEntry testId="3a9ca3f4-6530-4192-b910-778a279b21e0" executionId="70d94be5-8d47-4e56-81bf-156639be60d1" testListId="8c84fa94-04c1-424b-9868-57a2d4851a1d" />
    <TestEntry testId="47525e4b-96e7-dfdf-5445-9a26f7449bd8" executionId="89d7dc43-2d83-4bb7-ae04-bc712f34c647" testListId="8c84fa94-04c1-424b-9868-57a2d4851a1d" />
    <TestEntry testId="c15ffa78-e595-57a3-d2fc-5e6f27b46541" executionId="0f9b7be2-be8c-4103-a39b-6eebbd3e1067" testListId="8c84fa94-04c1-424b-9868-57a2d4851a1d" />
    <TestEntry testId="fdf9438a-27a4-c417-e139-bbc64b5e5709" executionId="17833629-f52b-49ff-b784-c7e8235110e6" testListId="8c84fa94-04c1-424b-9868-57a2d4851a1d" />
    <TestEntry testId="6800db71-c8bd-80f4-55c4-def277b5aa8f" executionId="6724e528-6a27-4708-8a6b-f6463111dd84" testListId="8c84fa94-04c1-424b-9868-57a2d4851a1d" />
    <TestEntry testId="680b5a30-8d08-87c3-1561-38e60980ac40" executionId="36c3d5c5-36a1-4939-9d77-70602ee6f108" testListId="8c84fa94-04c1-424b-9868-57a2d4851a1d" />
    <TestEntry testId="c1c2bc59-f0a7-06da-8b9c-e5d38bba111a" executionId="928545fa-2c28-4661-84dc-82be595a0e67" testListId="8c84fa94-04c1-424b-9868-57a2d4851a1d" />
    <TestEntry testId="521edd59-e00a-7fda-d2c0-b2558265b67a" executionId="05014da0-380e-4333-9d7b-9017b2ea385f" testListId="8c84fa94-04c1-424b-9868-57a2d4851a1d" />
    <TestEntry testId="6bb54fbb-dfac-5d0a-56dc-de94512d7ee7" executionId="67a83992-e9d4-486f-943e-f26467aa6aa0" testListId="8c84fa94-04c1-424b-9868-57a2d4851a1d" />
    <TestEntry testId="d2a4e8f1-b2e6-68f0-1810-a5d540d2f7a3" executionId="eeaa2338-5830-4370-944e-d2c69015fae6" testListId="8c84fa94-04c1-424b-9868-57a2d4851a1d" />
    <TestEntry testId="b1732416-dfe0-9e87-af0e-b787555e9f9f" executionId="9d7cd534-ecec-4412-8784-1c756eb01edd" testListId="8c84fa94-04c1-424b-9868-57a2d4851a1d" />
    <TestEntry testId="947e66f8-3edd-6840-266f-9e5f8a6ffe6e" executionId="8444614f-fbd9-48e8-b91c-b7cd2bc2f2a8" testListId="8c84fa94-04c1-424b-9868-57a2d4851a1d" />
    <TestEntry testId="aaab9dde-be84-0ade-c90f-e582e149ad8f" executionId="b381c17d-59d2-43da-bb57-7d233c9c3357" testListId="8c84fa94-04c1-424b-9868-57a2d4851a1d" />
    <TestEntry testId="e998f77e-77b2-7e10-d8db-3813eb8031aa" executionId="d570818a-a16e-4ddd-9b93-0619764d6faa" testListId="8c84fa94-04c1-424b-9868-57a2d4851a1d" />
    <TestEntry testId="043e653c-51c1-1e91-2072-c6aa4ad8dfeb" executionId="dda8191f-4794-4526-8edd-cd87cf522f24" testListId="8c84fa94-04c1-424b-9868-57a2d4851a1d" />
    <TestEntry testId="338ec46a-cbb9-1c81-1283-b774722703ea" executionId="d1fa4117-7a57-4a7a-99c4-a1e85482e8f3" testListId="8c84fa94-04c1-424b-9868-57a2d4851a1d" />
    <TestEntry testId="cf366775-ad88-dfab-044d-7fd00fe030bf" executionId="1c89439c-7018-465a-871c-56306963b8ad" testListId="8c84fa94-04c1-424b-9868-57a2d4851a1d" />
    <TestEntry testId="8005e8bb-64fd-8f7e-b8b0-c5f3354ecb07" executionId="264e2f52-0dc0-4fd0-a8e7-e18a44b037f7" testListId="8c84fa94-04c1-424b-9868-57a2d4851a1d" />
    <TestEntry testId="d4db1bde-02f2-af75-8dda-4a9596de1dfd" executionId="c891bab1-a22e-4f6f-9a47-5f19f49f96f4" testListId="8c84fa94-04c1-424b-9868-57a2d4851a1d" />
    <TestEntry testId="a6949d64-370a-8be7-7bab-9ebfeb9ac327" executionId="9baf7cd2-fb51-4502-b896-da06455c53c5" testListId="8c84fa94-04c1-424b-9868-57a2d4851a1d" />
    <TestEntry testId="6e09ad1b-dc7a-2da6-6085-ead018e4d60b" executionId="4535780d-9d73-4719-a741-1f6a36391997" testListId="8c84fa94-04c1-424b-9868-57a2d4851a1d" />
    <TestEntry testId="c8bbc1da-c94e-b071-1c1c-4c9621410661" executionId="a1cfe03b-5604-4923-a328-aa22044ff834" testListId="8c84fa94-04c1-424b-9868-57a2d4851a1d" />
    <TestEntry testId="2c1f07ec-ce8f-9b5e-788c-417096e2b9e1" executionId="447bc640-d90c-4965-a311-939cc4b71656" testListId="8c84fa94-04c1-424b-9868-57a2d4851a1d" />
    <TestEntry testId="b13c73e0-3d5f-8cb8-a883-f65f02f74154" executionId="eca647ee-80be-4a0c-9791-57a7aac05800" testListId="8c84fa94-04c1-424b-9868-57a2d4851a1d" />
    <TestEntry testId="f144e82e-b1a8-81fa-ae3f-f634d720ce68" executionId="61430f4d-f939-4bfa-9cf5-301a65a5ec30" testListId="8c84fa94-04c1-424b-9868-57a2d4851a1d" />
    <TestEntry testId="bc03d8ec-092f-15f4-b2b5-81687d93c9f8" executionId="ec16c666-0d77-4537-9fef-38828d106b49" testListId="8c84fa94-04c1-424b-9868-57a2d4851a1d" />
    <TestEntry testId="01b97152-1f28-3a19-acee-e24e8fccadd4" executionId="aeb3db1e-f701-4766-90c5-68b1face0e5e" testListId="8c84fa94-04c1-424b-9868-57a2d4851a1d" />
    <TestEntry testId="c453d029-07d1-c3a5-eeb3-4f67d3418e09" executionId="9d58a128-469b-461d-bcb2-dc3d9aef8fa1" testListId="8c84fa94-04c1-424b-9868-57a2d4851a1d" />
    <TestEntry testId="3f349f22-910e-6467-945d-edabf65aa707" executionId="982e327e-564f-46c4-8882-1c748f596778" testListId="8c84fa94-04c1-424b-9868-57a2d4851a1d" />
    <TestEntry testId="92da1333-fabd-2900-5a70-ee9fd98edfc4" executionId="8023c490-fd44-4712-918b-7a9422cfaf03" testListId="8c84fa94-04c1-424b-9868-57a2d4851a1d" />
    <TestEntry testId="9ef40f5e-38f9-a518-38bf-9ae97100aebe" executionId="86993a59-5460-44cf-8c4f-93e454616c77" testListId="8c84fa94-04c1-424b-9868-57a2d4851a1d" />
    <TestEntry testId="8afe4c58-19f6-dd1a-c67e-b2b4ee85f2ac" executionId="dcc79fd6-8740-45d2-8d9c-e0fdd5884451" testListId="8c84fa94-04c1-424b-9868-57a2d4851a1d" />
    <TestEntry testId="27435069-3b26-ac29-8504-ccee8722f11b" executionId="4be320fc-e011-40aa-a23b-1d2392887ba5" testListId="8c84fa94-04c1-424b-9868-57a2d4851a1d" />
    <TestEntry testId="1b7a8e72-6c5b-1b1a-773c-d218457056e9" executionId="86e0d892-ff0f-407b-930d-2bf0af6f5b75" testListId="8c84fa94-04c1-424b-9868-57a2d4851a1d" />
    <TestEntry testId="fe59fd9d-eb33-67df-fe2b-87a233e68931" executionId="fefbe066-37ae-4c76-a2da-6cf1df4fcd83" testListId="8c84fa94-04c1-424b-9868-57a2d4851a1d" />
    <TestEntry testId="bbef5494-4e92-f5fc-3633-d07397508d79" executionId="c022c21f-3c76-4fa4-b0ec-436ed7ebac4c" testListId="8c84fa94-04c1-424b-9868-57a2d4851a1d" />
    <TestEntry testId="72ff64d9-b16e-e940-9856-804e7e3a62f9" executionId="05e3f27d-7d61-4980-9fe2-1ce14d047526" testListId="8c84fa94-04c1-424b-9868-57a2d4851a1d" />
    <TestEntry testId="caaa1ff0-9d50-8a88-cc0f-12986835057f" executionId="01429b5d-fe36-47eb-af6a-6820e6b1ee8f" testListId="8c84fa94-04c1-424b-9868-57a2d4851a1d" />
    <TestEntry testId="3d9fd783-1e00-5310-17a4-99bc84d5613e" executionId="4f721e15-11a6-484d-b0cd-3105f2dd0d35" testListId="8c84fa94-04c1-424b-9868-57a2d4851a1d" />
    <TestEntry testId="d3a599a4-935b-da5b-b016-03413c57fddc" executionId="1c7ae835-71d9-4313-b91c-7c5e1cd841ca" testListId="8c84fa94-04c1-424b-9868-57a2d4851a1d" />
    <TestEntry testId="f524f1c4-1318-ce7b-3939-10f70b1c9bd9" executionId="de439ef0-a8e2-4db9-b4dd-9cdb7a3f8ac4" testListId="8c84fa94-04c1-424b-9868-57a2d4851a1d" />
    <TestEntry testId="3377fc03-ebfb-5203-3a6a-1a517b97bfcd" executionId="511fac5d-c94b-407f-81ed-ea50bbb8c1af" testListId="8c84fa94-04c1-424b-9868-57a2d4851a1d" />
    <TestEntry testId="5ea77848-9cab-6829-7cc9-030d32485ccd" executionId="6d8a43b3-dccf-4a2b-b1da-580fce5c74e3" testListId="8c84fa94-04c1-424b-9868-57a2d4851a1d" />
    <TestEntry testId="f7204c3a-a2f1-1bb5-2fa5-0b71c4b947a5" executionId="8870dbdb-efa2-4d20-95b4-ae61a92f423a" testListId="8c84fa94-04c1-424b-9868-57a2d4851a1d" />
    <TestEntry testId="fe22a4f5-f49f-f59f-57fa-2e035d1a94ac" executionId="b93ffa4a-0e90-41ac-8640-d6d6c87de117" testListId="8c84fa94-04c1-424b-9868-57a2d4851a1d" />
    <TestEntry testId="ebcc233a-fd3e-8478-fead-9ccf15ebc250" executionId="5a433658-f829-441e-99d1-8768ea1b14a1" testListId="8c84fa94-04c1-424b-9868-57a2d4851a1d" />
    <TestEntry testId="64807985-c509-c615-5e46-3ee5e8e0197e" executionId="4ed451e5-94f2-4bc2-ad5e-40f28204261d" testListId="8c84fa94-04c1-424b-9868-57a2d4851a1d" />
    <TestEntry testId="8f19814e-6231-9ee7-d114-fdf6c35f1f79" executionId="0d4dcb8b-d6f7-40e6-9712-13a88dd07ca6" testListId="8c84fa94-04c1-424b-9868-57a2d4851a1d" />
    <TestEntry testId="fe6f2295-84a6-bdea-0225-d326e31ab62b" executionId="6b922ebe-7c7f-4276-8b3b-d2e823869d83" testListId="8c84fa94-04c1-424b-9868-57a2d4851a1d" />
    <TestEntry testId="d9cf4840-605e-c89a-3f41-61314ef11e52" executionId="b4f2871f-4d40-4a19-8560-bddad455dd56" testListId="8c84fa94-04c1-424b-9868-57a2d4851a1d" />
    <TestEntry testId="e3eaed0d-86bd-8f89-51b2-10bb869eeb76" executionId="11c7a2c9-8a89-4450-98aa-8ff210f59fe6" testListId="8c84fa94-04c1-424b-9868-57a2d4851a1d" />
    <TestEntry testId="8f6cd5c2-e849-6c20-9267-83c3d531958e" executionId="130abec4-82d3-428c-96d2-89faf857318f" testListId="8c84fa94-04c1-424b-9868-57a2d4851a1d" />
    <TestEntry testId="bf3342cd-aa37-ec7a-aed8-02a15815d43f" executionId="31a7b873-ae39-4202-8508-6b34ab875701" testListId="8c84fa94-04c1-424b-9868-57a2d4851a1d" />
    <TestEntry testId="076479ee-f448-9ceb-4230-0072b1a0e768" executionId="2cfe012b-4328-46f1-a67a-a6331154014c" testListId="8c84fa94-04c1-424b-9868-57a2d4851a1d" />
    <TestEntry testId="54a7733a-514e-04cf-6d1f-91eeef43fa83" executionId="bbb7f2bb-1b9a-4f6c-ab4b-93b806f06124" testListId="8c84fa94-04c1-424b-9868-57a2d4851a1d" />
    <TestEntry testId="efaca709-8a13-6b06-ae96-68d58720423e" executionId="5627efb7-9e94-4f07-8f31-685e96f87e39" testListId="8c84fa94-04c1-424b-9868-57a2d4851a1d" />
    <TestEntry testId="12b1647d-efe3-c366-079d-2236800d0935" executionId="62bc0c37-1b6c-48b4-9a7f-3015363d66a3" testListId="8c84fa94-04c1-424b-9868-57a2d4851a1d" />
    <TestEntry testId="bf9b3a45-d909-447b-010d-271720cc6b13" executionId="b8c777f4-8e86-4ba1-beeb-be2b3b7be879" testListId="8c84fa94-04c1-424b-9868-57a2d4851a1d" />
    <TestEntry testId="284b6dde-d469-e7b6-918d-53acf8f9cd77" executionId="b7fe18c8-e7a1-4b83-8761-09a22ec929ea" testListId="8c84fa94-04c1-424b-9868-57a2d4851a1d" />
    <TestEntry testId="283d69c9-21df-936a-0efc-b10765e9b17c" executionId="0c39b2d9-947c-47b2-b3c2-f48858ae68a8" testListId="8c84fa94-04c1-424b-9868-57a2d4851a1d" />
    <TestEntry testId="48d0aa96-83b2-ad6d-f963-8245525eabe9" executionId="e13a0498-5221-4fb3-9eb5-dda1415e1bae" testListId="8c84fa94-04c1-424b-9868-57a2d4851a1d" />
    <TestEntry testId="f50ada7c-d947-8c69-ca9d-bb57a8cda16a" executionId="68237753-4d26-40ef-9398-e00e782a37d3" testListId="8c84fa94-04c1-424b-9868-57a2d4851a1d" />
    <TestEntry testId="575a32bf-8dea-b537-a592-8290f971bf09" executionId="1743be64-9598-4ca8-bc01-e5bb4a521774" testListId="8c84fa94-04c1-424b-9868-57a2d4851a1d" />
    <TestEntry testId="6816708f-fdf2-3222-9491-91819f8c817b" executionId="0f429df7-4f12-4dec-90e0-c839320ba3f5" testListId="8c84fa94-04c1-424b-9868-57a2d4851a1d" />
    <TestEntry testId="6f750899-6999-d05b-77b7-f266affebcca" executionId="a5d8df3e-31d3-4547-9187-4009a94b97d1" testListId="8c84fa94-04c1-424b-9868-57a2d4851a1d" />
    <TestEntry testId="8911612a-a11f-ae1d-ffaf-716d141c41ca" executionId="8b2244b1-d48a-484b-b7b1-5a716437caaa" testListId="8c84fa94-04c1-424b-9868-57a2d4851a1d" />
    <TestEntry testId="406cee59-f4cd-7984-c0a3-27cb754058dc" executionId="a4012e0f-8f65-465e-94bb-fcd39d6ff367" testListId="8c84fa94-04c1-424b-9868-57a2d4851a1d" />
    <TestEntry testId="9029e935-145d-d5fd-fae9-96c860349038" executionId="6053966d-3ad3-49e1-94aa-eaa549e5865a" testListId="8c84fa94-04c1-424b-9868-57a2d4851a1d" />
    <TestEntry testId="cb533a58-4a71-8bf8-23d3-b894ae78ba25" executionId="11e609fd-4e96-461d-848d-89a7239820c7" testListId="8c84fa94-04c1-424b-9868-57a2d4851a1d" />
    <TestEntry testId="f5719a53-45a7-6c3f-5ed7-93d8143fc0a6" executionId="ff1926dd-1818-4194-9bbd-df60bedfe766" testListId="8c84fa94-04c1-424b-9868-57a2d4851a1d" />
    <TestEntry testId="3d6545fc-4bd4-f8dd-090b-7fa4464a971d" executionId="27758c67-04d7-4921-9110-3b508905ba8b" testListId="8c84fa94-04c1-424b-9868-57a2d4851a1d" />
    <TestEntry testId="daa7dc49-f207-f73b-e691-533a5b8c5990" executionId="e30433bb-adf2-4317-86fc-bb163b0c8be9" testListId="8c84fa94-04c1-424b-9868-57a2d4851a1d" />
    <TestEntry testId="a316d943-455b-a96d-fb1b-0c24977fe437" executionId="05e47ce1-2f9f-4dcf-a5e4-b97039f688d7" testListId="8c84fa94-04c1-424b-9868-57a2d4851a1d" />
    <TestEntry testId="7f983a5e-5f3c-ed76-0115-273409a0ed19" executionId="4474a550-8528-4ce1-a98a-14ff0b16d46f" testListId="8c84fa94-04c1-424b-9868-57a2d4851a1d" />
    <TestEntry testId="7cda1263-ac69-512e-7ac9-aa77b99959cd" executionId="7c81c70a-38ae-423f-8c2f-e3a2dc1c9fb5" testListId="8c84fa94-04c1-424b-9868-57a2d4851a1d" />
    <TestEntry testId="37f14c37-5c5d-2aca-7f78-44d1e6498fe0" executionId="3d1f3cb5-c42f-4647-958e-4a521ba400f7" testListId="8c84fa94-04c1-424b-9868-57a2d4851a1d" />
    <TestEntry testId="0ea16923-06ad-6887-3f6e-aa5fa78ff65a" executionId="d9e057b0-b6ec-490c-be10-a4032f7ca1dc" testListId="8c84fa94-04c1-424b-9868-57a2d4851a1d" />
    <TestEntry testId="45464de9-2088-da3a-85ed-a8a4fecb083d" executionId="2ea02e64-8331-494e-a80e-d5b95c98ab1b" testListId="8c84fa94-04c1-424b-9868-57a2d4851a1d" />
    <TestEntry testId="04187fa0-5851-9668-dfce-6611bb5be8f1" executionId="cd901361-ce6d-49f0-8ce8-98912046bfc1" testListId="8c84fa94-04c1-424b-9868-57a2d4851a1d" />
    <TestEntry testId="faf9bd45-1e34-2d61-de4a-11b39437c102" executionId="64a961a0-cf51-4e9c-9ec3-a61c2b3df02b" testListId="8c84fa94-04c1-424b-9868-57a2d4851a1d" />
    <TestEntry testId="21a232b1-83c0-dfe7-7779-e914867076f2" executionId="eff92666-7591-47c9-972d-f4a35307d7e9" testListId="8c84fa94-04c1-424b-9868-57a2d4851a1d" />
    <TestEntry testId="e5d0a93d-5262-e4d0-5f45-ee6b0db6945d" executionId="8d15ccff-bd65-4872-9d87-f4ae1642d5f0" testListId="8c84fa94-04c1-424b-9868-57a2d4851a1d" />
    <TestEntry testId="ac028d00-9e94-7167-70c4-eff006ef19bc" executionId="410f0280-8ee0-4358-ba7f-cacd3cd0c3a7" testListId="8c84fa94-04c1-424b-9868-57a2d4851a1d" />
    <TestEntry testId="b0092946-2776-e7d9-62f7-adb16861e4a5" executionId="2cdb9bb4-f803-44b7-a03f-b9c6e031e89a" testListId="8c84fa94-04c1-424b-9868-57a2d4851a1d" />
    <TestEntry testId="fcfe2bea-524e-b6f0-1644-957aeea21ce7" executionId="3141b939-bac4-426e-82bf-1f3ca39d0b1f" testListId="8c84fa94-04c1-424b-9868-57a2d4851a1d" />
    <TestEntry testId="fb9b6cec-ea3c-18e4-a458-d89d0dfaac9b" executionId="277ea7bc-db2b-402b-94d9-6147538f664b" testListId="8c84fa94-04c1-424b-9868-57a2d4851a1d" />
    <TestEntry testId="3439b9dc-7196-e05d-43e6-c0e2ac91454a" executionId="b93800e5-6f84-4a96-9aa8-018b58224b73" testListId="8c84fa94-04c1-424b-9868-57a2d4851a1d" />
    <TestEntry testId="cb87ae3f-127d-d533-f5f1-ec7b4f65cbcc" executionId="e67f8acf-48f5-4ebc-bf40-26dba0db7d10" testListId="8c84fa94-04c1-424b-9868-57a2d4851a1d" />
    <TestEntry testId="84a40563-ae3e-05c4-e02d-b8d79f27ea48" executionId="6b50888e-2d68-4a40-b724-e6491c74486f" testListId="8c84fa94-04c1-424b-9868-57a2d4851a1d" />
    <TestEntry testId="73bd23e6-7d5d-17da-f712-c442eb016e35" executionId="1b366dee-6db0-4ece-962f-68343c11dfc9" testListId="8c84fa94-04c1-424b-9868-57a2d4851a1d" />
    <TestEntry testId="14f3ec32-0fa4-5f7a-4835-a25af4f36100" executionId="dbd3e6c4-2b7a-46e1-b17c-4a29fd992866" testListId="8c84fa94-04c1-424b-9868-57a2d4851a1d" />
    <TestEntry testId="a727049e-baa7-2030-caa3-50ce4db896ae" executionId="b9b363ec-c27b-431f-827a-3f7c56100ad6" testListId="8c84fa94-04c1-424b-9868-57a2d4851a1d" />
    <TestEntry testId="9029e935-145d-d5fd-fae9-96c860349038" executionId="f32506c5-243b-4d89-978e-34f8bb95a505" testListId="8c84fa94-04c1-424b-9868-57a2d4851a1d" />
  </TestEntries>
  <TestLists>
    <TestList name="Results Not in a List" id="8c84fa94-04c1-424b-9868-57a2d4851a1d" />
    <TestList name="All Loaded Results" id="19431567-8539-422a-85d7-44ee4e166bda" />
  </TestLists>
  <ResultSummary outcome="Completed">
    <Counters total="2394" executed="2392" passed="2392" failed="0" error="0" timeout="0" aborted="0" inconclusive="0" passedButRunAborted="0" notRunnable="0" notExecuted="0" disconnected="0" warning="0" completed="0" inProgress="0" pending="0" />
    <Output>
      <StdOut>Test 'SearchResultDetailsView_MouseDoubleClick_AnimationDisabled_DetailsViewRemovedFromDetailsViewControl' was skipped in the test run.&#xD;
Test 'SearchResultDetailsView_EscapeKey_AnimationDisabled_DetailsViewRemovedFromDetailsViewControl' was skipped in the test run.&#xD;
</StdOut>
    </Output>
  </ResultSummary>
</TestRun>