<?xml version="1.0" encoding="utf-8"?>
<TestRun id="fa6c064e-d905-413e-80dc-1320da6453d6" name="DKSR-EFI-04$@DKSR-EFI-04 2023-12-22 09:35:40" runUser="NT AUTHORITY\NETWORK SERVICE" xmlns="http://microsoft.com/schemas/VisualStudio/TeamTest/2010">
  <Times creation="2023-12-22T09:35:40.5537730+01:00" queuing="2023-12-22T09:35:40.5537730+01:00" start="2023-12-22T09:35:38.7881386+01:00" finish="2023-12-22T09:36:43.1791077+01:00" />
  <TestSettings name="default" id="8e57a356-cbf6-4b2c-9875-b1e91d16f335">
    <Deployment runDeploymentRoot="DKSR-EFI-04$_DKSR-EFI-04_2023-12-22_09_35_40" />
  </TestSettings>
  <Results>
    <UnitTestResult executionId="8f5b12d0-3188-4579-9466-63bf968694de" testId="119accc5-3d47-9a55-1db4-54236af8e84a" testName="Process_ComplexCase2" computerName="DKSR-EFI-04" duration="00:00:00.0008435" startTime="2023-12-22T09:36:42.4291002+01:00" endTime="2023-12-22T09:36:42.4291002+01:00" testType="13cdc9d9-ddb5-4fa4-a97d-d965ccfc6d4b" outcome="Passed" testListId="8c84fa94-04c1-424b-9868-57a2d4851a1d" relativeResultsDirectory="8f5b12d0-3188-4579-9466-63bf968694de" />
    <UnitTestResult executionId="fc8cbb5f-440b-4ff3-a1a2-dc3134112e4a" testId="a3740e79-d506-520f-0d82-1a5c6712721d" testName="NotificationServer_ChangeServerMode (DeviceRegistrationOnly,Disabled,False,False)" computerName="DKSR-EFI-04" duration="00:00:00.0034032" startTime="2023-12-22T09:36:15.2414560+01:00" endTime="2023-12-22T09:36:15.2414560+01:00" testType="13cdc9d9-ddb5-4fa4-a97d-d965ccfc6d4b" outcome="Passed" testListId="8c84fa94-04c1-424b-9868-57a2d4851a1d" relativeResultsDirectory="fc8cbb5f-440b-4ff3-a1a2-dc3134112e4a" />
    <UnitTestResult executionId="3f7f39ab-466c-4c45-af33-d44746443b2a" testId="afd79426-dd3a-9043-ae66-ce7ff4214db7" testName="Crop_SequenceAtStart" computerName="DKSR-EFI-04" duration="00:00:00.0003586" startTime="2023-12-22T09:36:42.4447262+01:00" endTime="2023-12-22T09:36:42.4447262+01:00" testType="13cdc9d9-ddb5-4fa4-a97d-d965ccfc6d4b" outcome="Passed" testListId="8c84fa94-04c1-424b-9868-57a2d4851a1d" relativeResultsDirectory="3f7f39ab-466c-4c45-af33-d44746443b2a" />
    <UnitTestResult executionId="82bcb355-7acf-4ec5-b6fb-b9044bc8b1a4" testId="568f2fe0-5856-4b31-87be-2a38b01c7c33" testName="SomeStreamsCannotContinue_PlaybackContinues_TimeNotChanged" computerName="DKSR-EFI-04" duration="00:00:00.0004649" startTime="2023-12-22T09:35:40.5537730+01:00" endTime="2023-12-22T09:35:40.5537730+01:00" testType="13cdc9d9-ddb5-4fa4-a97d-d965ccfc6d4b" outcome="Passed" testListId="8c84fa94-04c1-424b-9868-57a2d4851a1d" relativeResultsDirectory="82bcb355-7acf-4ec5-b6fb-b9044bc8b1a4" />
    <UnitTestResult executionId="8df3b44c-9d3e-4dea-a1fa-a33b30c93b94" testId="34585e59-a803-6fcb-7bd4-5d1ad38d7fb5" testName="GetDeviceConfigTest" computerName="DKSR-EFI-04" startTime="2023-12-22T09:36:42.4916004+01:00" endTime="2023-12-22T09:36:42.4916004+01:00" testType="13cdc9d9-ddb5-4fa4-a97d-d965ccfc6d4b" outcome="NotExecuted" testListId="8c84fa94-04c1-424b-9868-57a2d4851a1d" relativeResultsDirectory="8df3b44c-9d3e-4dea-a1fa-a33b30c93b94">
      <Output></Output>
    </UnitTestResult>
    <UnitTestResult executionId="8ccf4452-6040-461e-8f39-fd850c8ff2a4" testId="60a07504-8fea-3bbe-8282-290eda0bf4d1" testName="NewExportsGenerateNewExportDownloadLink" computerName="DKSR-EFI-04" duration="00:00:00.0001540" startTime="2023-12-22T09:36:42.5072269+01:00" endTime="2023-12-22T09:36:42.5072269+01:00" testType="13cdc9d9-ddb5-4fa4-a97d-d965ccfc6d4b" outcome="Passed" testListId="8c84fa94-04c1-424b-9868-57a2d4851a1d" relativeResultsDirectory="8ccf4452-6040-461e-8f39-fd850c8ff2a4" />
    <UnitTestResult executionId="7dae06e6-fc2c-4420-88b2-21cdf570ed3d" testId="a2a11fe6-064a-3d37-d6f7-9c854abeb75c" testName="NotificationServer_ChangeServerMode (Enabled,DeviceRegistrationOnly,True,False)" computerName="DKSR-EFI-04" duration="00:00:00.0968577" startTime="2023-12-22T09:36:15.0539550+01:00" endTime="2023-12-22T09:36:15.1477065+01:00" testType="13cdc9d9-ddb5-4fa4-a97d-d965ccfc6d4b" outcome="Passed" testListId="8c84fa94-04c1-424b-9868-57a2d4851a1d" relativeResultsDirectory="7dae06e6-fc2c-4420-88b2-21cdf570ed3d" />
    <UnitTestResult executionId="df73b8a3-7d41-496c-8b2e-7e99b31b4749" testId="28f50f77-b84e-324f-b0d1-cc36c433dd52" testName="TestFramesAggregator" computerName="DKSR-EFI-04" duration="00:00:10.2946525" startTime="2023-12-22T09:35:40.6162724+01:00" endTime="2023-12-22T09:35:50.9132024+01:00" testType="13cdc9d9-ddb5-4fa4-a97d-d965ccfc6d4b" outcome="Passed" testListId="8c84fa94-04c1-424b-9868-57a2d4851a1d" relativeResultsDirectory="df73b8a3-7d41-496c-8b2e-7e99b31b4749" />
    <UnitTestResult executionId="d8719eb4-0768-4f66-a214-dd0b14b8bbb6" testId="e9e48bf0-3061-b19a-30c7-3744983da442" testName="SentSourceLinesPartialCleanupTest" computerName="DKSR-EFI-04" duration="00:00:00.0003853" startTime="2023-12-22T09:36:15.3508316+01:00" endTime="2023-12-22T09:36:15.3508316+01:00" testType="13cdc9d9-ddb5-4fa4-a97d-d965ccfc6d4b" outcome="Passed" testListId="8c84fa94-04c1-424b-9868-57a2d4851a1d" relativeResultsDirectory="d8719eb4-0768-4f66-a214-dd0b14b8bbb6" />
    <UnitTestResult executionId="d2e83a94-a2da-4146-a43e-9851b5c5fb08" testId="55e67d4d-e333-42a5-2a8c-a76e16be1462" testName="Process_ComplexCase1" computerName="DKSR-EFI-04" duration="00:00:00.0008901" startTime="2023-12-22T09:36:42.4134753+01:00" endTime="2023-12-22T09:36:42.4291002+01:00" testType="13cdc9d9-ddb5-4fa4-a97d-d965ccfc6d4b" outcome="Passed" testListId="8c84fa94-04c1-424b-9868-57a2d4851a1d" relativeResultsDirectory="d2e83a94-a2da-4146-a43e-9851b5c5fb08" />
    <UnitTestResult executionId="571122ec-ed2a-4f73-935b-3e461a455b7b" testId="e5e04b3f-2826-cffa-21a0-e432f2281dd4" testName="TestBaseConfiguration" computerName="DKSR-EFI-04" duration="00:00:00.0048336" startTime="2023-12-22T09:36:42.6947266+01:00" endTime="2023-12-22T09:36:42.6947266+01:00" testType="13cdc9d9-ddb5-4fa4-a97d-d965ccfc6d4b" outcome="Passed" testListId="8c84fa94-04c1-424b-9868-57a2d4851a1d" relativeResultsDirectory="571122ec-ed2a-4f73-935b-3e461a455b7b" />
    <UnitTestResult executionId="e81d5106-1c6e-4616-9e3a-6ec22488447a" testId="d76305e7-eb38-ea13-2074-090c736ef772" testName="MobileServerUpnpDeviceBuildFriendlyName_WhenMobileServerNameStartsWithMobileServerNameBefore2019R2_CorrectFriendlyNameIsBuild" computerName="DKSR-EFI-04" duration="00:00:00.0010398" startTime="2023-12-22T09:35:52.1163350+01:00" endTime="2023-12-22T09:35:52.1163350+01:00" testType="13cdc9d9-ddb5-4fa4-a97d-d965ccfc6d4b" outcome="Passed" testListId="8c84fa94-04c1-424b-9868-57a2d4851a1d" relativeResultsDirectory="e81d5106-1c6e-4616-9e3a-6ec22488447a" />
    <UnitTestResult executionId="72a45260-35d5-49b3-8f0d-4e915543618f" testId="f1288a66-ac3c-4fa3-7a4a-0822a024fc17" testName="TestCreateSegmentFromGopOnValidGop" computerName="DKSR-EFI-04" duration="00:00:00.0042987" startTime="2023-12-22T09:35:50.9132024+01:00" endTime="2023-12-22T09:35:50.9288272+01:00" testType="13cdc9d9-ddb5-4fa4-a97d-d965ccfc6d4b" outcome="Passed" testListId="8c84fa94-04c1-424b-9868-57a2d4851a1d" relativeResultsDirectory="72a45260-35d5-49b3-8f0d-4e915543618f" />
    <UnitTestResult executionId="f9de1b97-3b21-43e0-aa29-f24e544d45fe" testId="e1368d6a-49f6-fa98-e664-2e1e2cbda908" testName="LimitCount_BiDirectional_CenterTimeIsInSequence" computerName="DKSR-EFI-04" duration="00:00:00.0004501" startTime="2023-12-22T09:36:42.4447262+01:00" endTime="2023-12-22T09:36:42.4447262+01:00" testType="13cdc9d9-ddb5-4fa4-a97d-d965ccfc6d4b" outcome="Passed" testListId="8c84fa94-04c1-424b-9868-57a2d4851a1d" relativeResultsDirectory="f9de1b97-3b21-43e0-aa29-f24e544d45fe" />
    <UnitTestResult executionId="3eddae78-5679-4a3e-9961-8d72ba40cb69" testId="cb0e4521-ea98-5130-5c0e-99ff7259d652" testName="LowerBound_DefaultIfNoMatchingSequences" computerName="DKSR-EFI-04" duration="00:00:00.0005679" startTime="2023-12-22T09:36:42.4291002+01:00" endTime="2023-12-22T09:36:42.4291002+01:00" testType="13cdc9d9-ddb5-4fa4-a97d-d965ccfc6d4b" outcome="Passed" testListId="8c84fa94-04c1-424b-9868-57a2d4851a1d" relativeResultsDirectory="3eddae78-5679-4a3e-9961-8d72ba40cb69" />
    <UnitTestResult executionId="55079feb-f5a7-403b-b334-c6fa1b843411" testId="fab1f9dc-62c6-d023-7967-d589b182e2a4" testName="CommandQueueTestAsyncGroupLoginAndLive" computerName="DKSR-EFI-04" duration="00:00:04.0619530" startTime="2023-12-22T09:36:38.2884521+01:00" endTime="2023-12-22T09:36:42.3509736+01:00" testType="13cdc9d9-ddb5-4fa4-a97d-d965ccfc6d4b" outcome="Passed" testListId="8c84fa94-04c1-424b-9868-57a2d4851a1d" relativeResultsDirectory="55079feb-f5a7-403b-b334-c6fa1b843411" />
    <UnitTestResult executionId="96c59ec7-ee35-4b73-b249-98d9351e7e2a" testId="23f37eb5-62bb-5f8e-e896-e398dc0a460e" testName="Crop_SequenceAfterEnd" computerName="DKSR-EFI-04" duration="00:00:00.0002083" startTime="2023-12-22T09:36:42.4447262+01:00" endTime="2023-12-22T09:36:42.4447262+01:00" testType="13cdc9d9-ddb5-4fa4-a97d-d965ccfc6d4b" outcome="Passed" testListId="8c84fa94-04c1-424b-9868-57a2d4851a1d" relativeResultsDirectory="96c59ec7-ee35-4b73-b249-98d9351e7e2a" />
    <UnitTestResult executionId="f10a523e-1b0c-4eb5-8781-b5bae54713e9" testId="543d883d-ed59-db37-1d69-5b31c89aa78b" testName="NotificationServer_ChangeServerMode (DeviceRegistrationOnly,Enabled,True,True)" computerName="DKSR-EFI-04" duration="00:00:00.0951927" startTime="2023-12-22T09:36:15.2414560+01:00" endTime="2023-12-22T09:36:15.3352064+01:00" testType="13cdc9d9-ddb5-4fa4-a97d-d965ccfc6d4b" outcome="Passed" testListId="8c84fa94-04c1-424b-9868-57a2d4851a1d" relativeResultsDirectory="f10a523e-1b0c-4eb5-8781-b5bae54713e9" />
    <UnitTestResult executionId="fb4c5f18-a2e2-4bc6-a314-00de84cfa8a9" testId="b2d563c2-6970-cecf-45cc-5949c020c131" testName="LimitCount_EmptyCollection" computerName="DKSR-EFI-04" duration="00:00:00.0001607" startTime="2023-12-22T09:36:42.4447262+01:00" endTime="2023-12-22T09:36:42.4447262+01:00" testType="13cdc9d9-ddb5-4fa4-a97d-d965ccfc6d4b" outcome="Passed" testListId="8c84fa94-04c1-424b-9868-57a2d4851a1d" relativeResultsDirectory="fb4c5f18-a2e2-4bc6-a314-00de84cfa8a9" />
    <UnitTestResult executionId="818eb60b-7044-435e-9639-78978f0c7b99" testId="0524f5c3-615c-4bf8-dc64-458043869f5e" testName="CommandQueueTestAsyncGroupBase" computerName="DKSR-EFI-04" duration="00:00:02.0462195" startTime="2023-12-22T09:36:36.2415658+01:00" endTime="2023-12-22T09:36:38.2884521+01:00" testType="13cdc9d9-ddb5-4fa4-a97d-d965ccfc6d4b" outcome="Passed" testListId="8c84fa94-04c1-424b-9868-57a2d4851a1d" relativeResultsDirectory="818eb60b-7044-435e-9639-78978f0c7b99" />
    <UnitTestResult executionId="52ee6c3b-e5bc-4ca1-bbb0-1552d3313764" testId="dde0b40b-c752-61eb-50c6-8b25ba051775" testName="Crop_SequenceFullyInside" computerName="DKSR-EFI-04" duration="00:00:00.0003721" startTime="2023-12-22T09:36:42.4447262+01:00" endTime="2023-12-22T09:36:42.4447262+01:00" testType="13cdc9d9-ddb5-4fa4-a97d-d965ccfc6d4b" outcome="Passed" testListId="8c84fa94-04c1-424b-9868-57a2d4851a1d" relativeResultsDirectory="52ee6c3b-e5bc-4ca1-bbb0-1552d3313764" />
    <UnitTestResult executionId="47c53636-ebcf-4b6d-9b7a-d3f6ff8fdb8a" testId="b0673b72-238f-7d1b-6e2a-d01473ae38c5" testName="TestGetProgresses" computerName="DKSR-EFI-04" duration="00:00:00.0013380" startTime="2023-12-22T09:36:42.5228517+01:00" endTime="2023-12-22T09:36:42.5228517+01:00" testType="13cdc9d9-ddb5-4fa4-a97d-d965ccfc6d4b" outcome="Passed" testListId="8c84fa94-04c1-424b-9868-57a2d4851a1d" relativeResultsDirectory="47c53636-ebcf-4b6d-9b7a-d3f6ff8fdb8a" />
    <UnitTestResult executionId="6184e476-5287-49fd-b997-2808e5e8387c" testId="0e23ecae-552e-9b69-7d09-db42501daec5" testName="NoTimeRange_NoStreams_PlaybackStops (False)" computerName="DKSR-EFI-04" duration="00:00:00.0000064" startTime="2023-12-22T09:35:40.5537730+01:00" endTime="2023-12-22T09:35:40.5537730+01:00" testType="13cdc9d9-ddb5-4fa4-a97d-d965ccfc6d4b" outcome="Passed" testListId="8c84fa94-04c1-424b-9868-57a2d4851a1d" relativeResultsDirectory="6184e476-5287-49fd-b997-2808e5e8387c" />
    <UnitTestResult executionId="e6b03a80-3199-49c4-abfb-7c3506765adb" testId="fec1e502-ed05-bb42-36f0-38e08fee1ab0" testName="Merge_Unordered" computerName="DKSR-EFI-04" duration="00:00:00.0004600" startTime="2023-12-22T09:36:42.4447262+01:00" endTime="2023-12-22T09:36:42.4447262+01:00" testType="13cdc9d9-ddb5-4fa4-a97d-d965ccfc6d4b" outcome="Passed" testListId="8c84fa94-04c1-424b-9868-57a2d4851a1d" relativeResultsDirectory="e6b03a80-3199-49c4-abfb-7c3506765adb" />
    <UnitTestResult executionId="a5c3460b-e9cc-4893-8c40-5de8c91cc240" testId="a74e042a-ba76-98d9-ee95-796000a6ab92" testName="NotifiedDeviceDBHelper_RemoveMIPSettings" computerName="DKSR-EFI-04" duration="00:00:00.0003067" startTime="2023-12-22T09:36:15.3352064+01:00" endTime="2023-12-22T09:36:15.3352064+01:00" testType="13cdc9d9-ddb5-4fa4-a97d-d965ccfc6d4b" outcome="Passed" testListId="8c84fa94-04c1-424b-9868-57a2d4851a1d" relativeResultsDirectory="a5c3460b-e9cc-4893-8c40-5de8c91cc240" />
    <UnitTestResult executionId="64a84bf8-1eca-4744-9696-fb3501ca8757" testId="653eb4dd-8d66-7123-b216-dfc6e5abf3ae" testName="TestConvertion" computerName="DKSR-EFI-04" duration="00:00:00.0101176" startTime="2023-12-22T09:36:42.4603500+01:00" endTime="2023-12-22T09:36:42.4603500+01:00" testType="13cdc9d9-ddb5-4fa4-a97d-d965ccfc6d4b" outcome="Passed" testListId="8c84fa94-04c1-424b-9868-57a2d4851a1d" relativeResultsDirectory="64a84bf8-1eca-4744-9696-fb3501ca8757" />
    <UnitTestResult executionId="b826d0d0-fe25-45d9-acef-367fdc40774d" testId="0fb4c8ba-4032-76a8-fe53-e54b18754bf3" testName="TestFramesAggregationGopNullData" computerName="DKSR-EFI-04" duration="00:00:00.0003967" startTime="2023-12-22T09:35:40.5854448+01:00" endTime="2023-12-22T09:35:40.5854448+01:00" testType="13cdc9d9-ddb5-4fa4-a97d-d965ccfc6d4b" outcome="Passed" testListId="8c84fa94-04c1-424b-9868-57a2d4851a1d" relativeResultsDirectory="b826d0d0-fe25-45d9-acef-367fdc40774d" />
    <UnitTestResult executionId="7557f4e9-d5ab-4e12-af52-d3e31a3bf1e9" testId="deee3dc0-75b5-fc24-2903-a5220466860e" testName="NotifiedDeviceDBHelper_UpdateDeviceEnabledToDeviceState" computerName="DKSR-EFI-04" duration="00:00:00.0006403" startTime="2023-12-22T09:36:15.3352064+01:00" endTime="2023-12-22T09:36:15.3352064+01:00" testType="13cdc9d9-ddb5-4fa4-a97d-d965ccfc6d4b" outcome="Passed" testListId="8c84fa94-04c1-424b-9868-57a2d4851a1d" relativeResultsDirectory="7557f4e9-d5ab-4e12-af52-d3e31a3bf1e9" />
    <UnitTestResult executionId="265b9600-0e5b-4f5d-95e2-1e1226770a5e" testId="e432e471-c708-c310-b770-c450d96b3ee7" testName="AlarmAssignmentCurrentUserFilterTest" computerName="DKSR-EFI-04" duration="00:00:00.0003705" startTime="2023-12-22T09:36:15.3508316+01:00" endTime="2023-12-22T09:36:15.3508316+01:00" testType="13cdc9d9-ddb5-4fa4-a97d-d965ccfc6d4b" outcome="Passed" testListId="8c84fa94-04c1-424b-9868-57a2d4851a1d" relativeResultsDirectory="265b9600-0e5b-4f5d-95e2-1e1226770a5e" />
    <UnitTestResult executionId="970de144-29b8-4130-9b2f-b7579f9c64c9" testId="843241bc-70a1-5e2d-a99f-163982b0c2ea" testName="LimitCount_BiDirectional_CenterTimeIsBetweenSequences" computerName="DKSR-EFI-04" duration="00:00:00.0004378" startTime="2023-12-22T09:36:42.4447262+01:00" endTime="2023-12-22T09:36:42.4447262+01:00" testType="13cdc9d9-ddb5-4fa4-a97d-d965ccfc6d4b" outcome="Passed" testListId="8c84fa94-04c1-424b-9868-57a2d4851a1d" relativeResultsDirectory="970de144-29b8-4130-9b2f-b7579f9c64c9" />
    <UnitTestResult executionId="05a81478-082f-44f0-8f1f-5430e7886778" testId="60cd8535-a353-91ae-9fb6-53de2782725a" testName="MobileServerUpnpDeviceBuildFriendlyName_WhenMobileServerNameDoesNotStartsWithOemMobileServerFullProductName_OR_MobileServerNameBefore2019R2_CorrectFriendlyNameIsBuild" computerName="DKSR-EFI-04" duration="00:00:00.0008571" startTime="2023-12-22T09:35:52.1163350+01:00" endTime="2023-12-22T09:35:52.1163350+01:00" testType="13cdc9d9-ddb5-4fa4-a97d-d965ccfc6d4b" outcome="Passed" testListId="8c84fa94-04c1-424b-9868-57a2d4851a1d" relativeResultsDirectory="05a81478-082f-44f0-8f1f-5430e7886778" />
    <UnitTestResult executionId="80c86681-334d-4f1d-9e17-4938fd218d42" testId="da583c0c-cf07-1469-00b5-f41da10f88c7" testName="TokenManagerTest" computerName="DKSR-EFI-04" duration="00:00:03.1269041" startTime="2023-12-22T09:36:04.1788989+01:00" endTime="2023-12-22T09:36:07.3195415+01:00" testType="13cdc9d9-ddb5-4fa4-a97d-d965ccfc6d4b" outcome="Passed" testListId="8c84fa94-04c1-424b-9868-57a2d4851a1d" relativeResultsDirectory="80c86681-334d-4f1d-9e17-4938fd218d42" />
    <UnitTestResult executionId="6afc64f2-6fbd-4fdf-ac1e-af890923ef8e" testId="9645dae5-ba94-2236-6133-b9e0f5d7f87b" testName="TestCameras" computerName="DKSR-EFI-04" duration="00:00:00.0118763" startTime="2023-12-22T09:36:42.4759750+01:00" endTime="2023-12-22T09:36:42.4759750+01:00" testType="13cdc9d9-ddb5-4fa4-a97d-d965ccfc6d4b" outcome="Passed" testListId="8c84fa94-04c1-424b-9868-57a2d4851a1d" relativeResultsDirectory="6afc64f2-6fbd-4fdf-ac1e-af890923ef8e" />
    <UnitTestResult executionId="d3d59818-1319-4ebc-a24f-c33f32018058" testId="3befcbf9-d8fa-2b82-1621-be80176cac1d" testName="SentSourceLinesCompleteCleanupTest" computerName="DKSR-EFI-04" duration="00:00:00.0002914" startTime="2023-12-22T09:36:15.3508316+01:00" endTime="2023-12-22T09:36:15.3508316+01:00" testType="13cdc9d9-ddb5-4fa4-a97d-d965ccfc6d4b" outcome="Passed" testListId="8c84fa94-04c1-424b-9868-57a2d4851a1d" relativeResultsDirectory="d3d59818-1319-4ebc-a24f-c33f32018058" />
    <UnitTestResult executionId="6efcbc07-5a6f-4716-a90d-69c90f06b69c" testId="961e61e1-2456-e91e-5ec2-5a68128bd27e" testName="SingleSourceMultiMessageTest" computerName="DKSR-EFI-04" duration="00:00:00.0004064" startTime="2023-12-22T09:36:15.3508316+01:00" endTime="2023-12-22T09:36:15.3508316+01:00" testType="13cdc9d9-ddb5-4fa4-a97d-d965ccfc6d4b" outcome="Passed" testListId="8c84fa94-04c1-424b-9868-57a2d4851a1d" relativeResultsDirectory="6efcbc07-5a6f-4716-a90d-69c90f06b69c" />
    <UnitTestResult executionId="7ec4f2fa-4639-4591-9a76-6d2d1d3d834e" testId="72f5d9c9-2aca-601b-72f8-40c336335eb1" testName="ResolveOriginalExportLinkReturnsSameEntryOnNonSuccess" computerName="DKSR-EFI-04" duration="00:00:00.0001188" startTime="2023-12-22T09:36:42.5072269+01:00" endTime="2023-12-22T09:36:42.5072269+01:00" testType="13cdc9d9-ddb5-4fa4-a97d-d965ccfc6d4b" outcome="Passed" testListId="8c84fa94-04c1-424b-9868-57a2d4851a1d" relativeResultsDirectory="7ec4f2fa-4639-4591-9a76-6d2d1d3d834e" />
    <UnitTestResult executionId="84b7d787-6c50-47ab-992d-65c203b94b18" testId="a8a7d378-b5ac-a332-5874-3372faaecdfc" testName="TestStartup" computerName="DKSR-EFI-04" duration="00:00:00.2786356" startTime="2023-12-22T09:36:14.1008299+01:00" endTime="2023-12-22T09:36:14.3820781+01:00" testType="13cdc9d9-ddb5-4fa4-a97d-d965ccfc6d4b" outcome="Passed" testListId="8c84fa94-04c1-424b-9868-57a2d4851a1d" relativeResultsDirectory="84b7d787-6c50-47ab-992d-65c203b94b18" />
    <UnitTestResult executionId="53af4c3a-e886-485b-a808-cc76b974914b" testId="d9cd02ac-eca8-2ffd-3fad-2720f47cede6" testName="FindNearestPrev" computerName="DKSR-EFI-04" duration="00:00:00.0009142" startTime="2023-12-22T09:36:42.4603500+01:00" endTime="2023-12-22T09:36:42.4603500+01:00" testType="13cdc9d9-ddb5-4fa4-a97d-d965ccfc6d4b" outcome="Passed" testListId="8c84fa94-04c1-424b-9868-57a2d4851a1d" relativeResultsDirectory="53af4c3a-e886-485b-a808-cc76b974914b" />
    <UnitTestResult executionId="a0629413-3a9d-4bcd-91a9-28cde8c12adf" testId="099d273f-3455-d277-0524-fce1683fa8e0" testName="NoStreamsInitialized_PlaybackContinues_TimeNotChanged (True,True,True)" computerName="DKSR-EFI-04" duration="00:00:00.0066350" startTime="2023-12-22T09:35:40.5068983+01:00" endTime="2023-12-22T09:35:40.5381456+01:00" testType="13cdc9d9-ddb5-4fa4-a97d-d965ccfc6d4b" outcome="Passed" testListId="8c84fa94-04c1-424b-9868-57a2d4851a1d" relativeResultsDirectory="a0629413-3a9d-4bcd-91a9-28cde8c12adf" />
    <UnitTestResult executionId="c772f3bf-8d7f-47dd-a680-8f3f224118be" testId="3aa36c85-2dd0-8b90-a278-398635156629" testName="NewConnectionGenerateNewExportDownloadLink" computerName="DKSR-EFI-04" duration="00:00:00.0001890" startTime="2023-12-22T09:36:42.5072269+01:00" endTime="2023-12-22T09:36:42.5072269+01:00" testType="13cdc9d9-ddb5-4fa4-a97d-d965ccfc6d4b" outcome="Passed" testListId="8c84fa94-04c1-424b-9868-57a2d4851a1d" relativeResultsDirectory="c772f3bf-8d7f-47dd-a680-8f3f224118be" />
    <UnitTestResult executionId="a6f76025-b060-4d41-b76d-2330217ca2d2" testId="d0c9c2ff-5a1b-647d-174b-0fa95417ddce" testName="NotifiedDeviceDBHelper_RemoveEmptyFields" computerName="DKSR-EFI-04" duration="00:00:00.0003371" startTime="2023-12-22T09:36:15.3352064+01:00" endTime="2023-12-22T09:36:15.3352064+01:00" testType="13cdc9d9-ddb5-4fa4-a97d-d965ccfc6d4b" outcome="Passed" testListId="8c84fa94-04c1-424b-9868-57a2d4851a1d" relativeResultsDirectory="a6f76025-b060-4d41-b76d-2330217ca2d2" />
    <UnitTestResult executionId="96c6ebfb-190c-4ad4-97f4-53458973181f" testId="40dd05f2-469e-5773-539d-eabb81250642" testName="Merge_NothingToMerge" computerName="DKSR-EFI-04" duration="00:00:00.0005685" startTime="2023-12-22T09:36:42.4447262+01:00" endTime="2023-12-22T09:36:42.4447262+01:00" testType="13cdc9d9-ddb5-4fa4-a97d-d965ccfc6d4b" outcome="Passed" testListId="8c84fa94-04c1-424b-9868-57a2d4851a1d" relativeResultsDirectory="96c6ebfb-190c-4ad4-97f4-53458973181f" />
    <UnitTestResult executionId="ee2807a1-2f96-42f9-abfb-935e4a363948" testId="d4eaed5b-26b4-9864-3ed2-85a270c3f157" testName="NoStreamsInitialized_PlaybackContinues_TimeNotChanged (False,False,False)" computerName="DKSR-EFI-04" duration="00:00:00.0000077" startTime="2023-12-22T09:35:40.5537730+01:00" endTime="2023-12-22T09:35:40.5537730+01:00" testType="13cdc9d9-ddb5-4fa4-a97d-d965ccfc6d4b" outcome="Passed" testListId="8c84fa94-04c1-424b-9868-57a2d4851a1d" relativeResultsDirectory="ee2807a1-2f96-42f9-abfb-935e4a363948" />
    <UnitTestResult executionId="e9ebb8fa-2a62-4d01-8497-0e8c37aed603" testId="ed89c0c7-47b7-b30f-a4ea-f9701d2148bb" testName="GeneratingSameExportMoreThanOnceReturnsNewLink" computerName="DKSR-EFI-04" duration="00:00:00.0013953" startTime="2023-12-22T09:36:42.4916004+01:00" endTime="2023-12-22T09:36:42.5072269+01:00" testType="13cdc9d9-ddb5-4fa4-a97d-d965ccfc6d4b" outcome="Passed" testListId="8c84fa94-04c1-424b-9868-57a2d4851a1d" relativeResultsDirectory="e9ebb8fa-2a62-4d01-8497-0e8c37aed603" />
    <UnitTestResult executionId="61108216-80f7-4c50-9816-8f744faef81d" testId="4cfbeb6a-f462-186f-da32-c829f3bcd987" testName="NotificationServer_ChangeServerMode (Enabled,Disabled,False,False)" computerName="DKSR-EFI-04" duration="00:00:00.0864263" startTime="2023-12-22T09:36:15.1477065+01:00" endTime="2023-12-22T09:36:15.2414560+01:00" testType="13cdc9d9-ddb5-4fa4-a97d-d965ccfc6d4b" outcome="Passed" testListId="8c84fa94-04c1-424b-9868-57a2d4851a1d" relativeResultsDirectory="61108216-80f7-4c50-9816-8f744faef81d" />
    <UnitTestResult executionId="23ab9983-31f7-46dc-aac3-7e234d3ff6ff" testId="989637b2-a22c-7066-e6d2-55dafa6402cd" testName="LimitCount_CollectionLenghtIsLessThanLimits" computerName="DKSR-EFI-04" duration="00:00:00.0004587" startTime="2023-12-22T09:36:42.4447262+01:00" endTime="2023-12-22T09:36:42.4447262+01:00" testType="13cdc9d9-ddb5-4fa4-a97d-d965ccfc6d4b" outcome="Passed" testListId="8c84fa94-04c1-424b-9868-57a2d4851a1d" relativeResultsDirectory="23ab9983-31f7-46dc-aac3-7e234d3ff6ff" />
    <UnitTestResult executionId="52ddde06-3a2b-4ab6-ae9d-7dadcd39bcbf" testId="fdcbb6e5-5341-0c93-e066-96978cef9f19" testName="MobileServerUpnpDeviceTest" computerName="DKSR-EFI-04" duration="00:00:00.0133648" startTime="2023-12-22T09:35:52.1007086+01:00" endTime="2023-12-22T09:35:52.1163350+01:00" testType="13cdc9d9-ddb5-4fa4-a97d-d965ccfc6d4b" outcome="Passed" testListId="8c84fa94-04c1-424b-9868-57a2d4851a1d" relativeResultsDirectory="52ddde06-3a2b-4ab6-ae9d-7dadcd39bcbf" />
    <UnitTestResult executionId="28f680f4-3d38-4f3a-b859-a2676402267f" testId="3e8e07f6-bd03-fa99-1b0c-1fe5f1198e8e" testName="MyAlarmsOtherUserFilterTest" computerName="DKSR-EFI-04" duration="00:00:00.0002410" startTime="2023-12-22T09:36:15.3508316+01:00" endTime="2023-12-22T09:36:15.3508316+01:00" testType="13cdc9d9-ddb5-4fa4-a97d-d965ccfc6d4b" outcome="Passed" testListId="8c84fa94-04c1-424b-9868-57a2d4851a1d" relativeResultsDirectory="28f680f4-3d38-4f3a-b859-a2676402267f" />
    <UnitTestResult executionId="c5cda699-594d-41e1-a60e-baf10931ad20" testId="c7add7de-4d0b-fb53-4a9b-324c1c5812ce" testName="NoTimeRange_NoStreams_PlaybackStops (True)" computerName="DKSR-EFI-04" duration="00:00:00.0003157" startTime="2023-12-22T09:35:40.5537730+01:00" endTime="2023-12-22T09:35:40.5537730+01:00" testType="13cdc9d9-ddb5-4fa4-a97d-d965ccfc6d4b" outcome="Passed" testListId="8c84fa94-04c1-424b-9868-57a2d4851a1d" relativeResultsDirectory="c5cda699-594d-41e1-a60e-baf10931ad20" />
    <UnitTestResult executionId="09195c4e-52f8-4adc-b299-f876ac536d52" testId="5d31ca96-f8e1-be4b-7139-b81c2885f7fd" testName="LowerBound_DefaultIfLessThanCount" computerName="DKSR-EFI-04" duration="00:00:00.0004833" startTime="2023-12-22T09:36:42.4291002+01:00" endTime="2023-12-22T09:36:42.4291002+01:00" testType="13cdc9d9-ddb5-4fa4-a97d-d965ccfc6d4b" outcome="Passed" testListId="8c84fa94-04c1-424b-9868-57a2d4851a1d" relativeResultsDirectory="09195c4e-52f8-4adc-b299-f876ac536d52" />
    <UnitTestResult executionId="8ed8b220-6f69-43aa-867c-9173cd52d34f" testId="5bcd8085-565e-3649-4d2d-b4e01d6be2d9" testName="DontRecieveInAppOnDenyInAppFlag" computerName="DKSR-EFI-04" duration="00:00:00.0197849" startTime="2023-12-22T09:36:14.6008292+01:00" endTime="2023-12-22T09:36:14.6164531+01:00" testType="13cdc9d9-ddb5-4fa4-a97d-d965ccfc6d4b" outcome="Passed" testListId="8c84fa94-04c1-424b-9868-57a2d4851a1d" relativeResultsDirectory="8ed8b220-6f69-43aa-867c-9173cd52d34f" />
    <UnitTestResult executionId="b59c9a9c-2f0f-4a63-96ba-b615f18ddb94" testId="c2131a44-b7e4-51da-99b6-d8f5f9329b01" testName="RemoveAllExportLinksFromConnectionSuccessfully" computerName="DKSR-EFI-04" duration="00:00:00.0036243" startTime="2023-12-22T09:36:42.5072269+01:00" endTime="2023-12-22T09:36:42.5072269+01:00" testType="13cdc9d9-ddb5-4fa4-a97d-d965ccfc6d4b" outcome="Passed" testListId="8c84fa94-04c1-424b-9868-57a2d4851a1d" relativeResultsDirectory="b59c9a9c-2f0f-4a63-96ba-b615f18ddb94" />
    <UnitTestResult executionId="53fb135b-4be6-44fb-b4a8-e67efdea10da" testId="616609a2-f6e9-375f-176e-f91e4c250a85" testName="TimeRange_SomeStreamsCannotContinue_AutoLoopSet_PlaybackContinues_TimeNotChanged" computerName="DKSR-EFI-04" duration="00:00:00.0007504" startTime="2023-12-22T09:35:40.5537730+01:00" endTime="2023-12-22T09:35:40.5537730+01:00" testType="13cdc9d9-ddb5-4fa4-a97d-d965ccfc6d4b" outcome="Passed" testListId="8c84fa94-04c1-424b-9868-57a2d4851a1d" relativeResultsDirectory="53fb135b-4be6-44fb-b4a8-e67efdea10da" />
    <UnitTestResult executionId="82cba623-40f8-47c2-88c2-d7d786255884" testId="476c285b-2ec0-2d3d-827c-113095574a5c" testName="ResolveOriginalExportLinkSuccessfully" computerName="DKSR-EFI-04" duration="00:00:00.0001666" startTime="2023-12-22T09:36:42.5072269+01:00" endTime="2023-12-22T09:36:42.5072269+01:00" testType="13cdc9d9-ddb5-4fa4-a97d-d965ccfc6d4b" outcome="Passed" testListId="8c84fa94-04c1-424b-9868-57a2d4851a1d" relativeResultsDirectory="82cba623-40f8-47c2-88c2-d7d786255884" />
    <UnitTestResult executionId="759e3901-cb2e-4fb0-80b4-3d01365410e5" testId="47f28ebf-77dc-40e5-9ce7-5f767b648730" testName="AnyIllegalCharsMustNotBeValid" computerName="DKSR-EFI-04" duration="00:00:00.0001570" startTime="2023-12-22T09:36:42.6947266+01:00" endTime="2023-12-22T09:36:42.6947266+01:00" testType="13cdc9d9-ddb5-4fa4-a97d-d965ccfc6d4b" outcome="Passed" testListId="8c84fa94-04c1-424b-9868-57a2d4851a1d" relativeResultsDirectory="759e3901-cb2e-4fb0-80b4-3d01365410e5">
      <Output>
        <StdOut>Generated Password: aqkdPTV5ي&#xD;
Generated Password: xpeQYG?!لГ&#xD;
Generated Password: zubqzB5#片Ωي</StdOut>
      </Output>
    </UnitTestResult>
    <UnitTestResult executionId="679e4160-ac74-4915-b100-0dd63d0baae0" testId="25300573-3b48-a1be-0745-3328f971699b" testName="TestUnregisteredDevice" computerName="DKSR-EFI-04" duration="00:00:00.1283691" startTime="2023-12-22T09:36:13.6008238+01:00" endTime="2023-12-22T09:36:13.7258234+01:00" testType="13cdc9d9-ddb5-4fa4-a97d-d965ccfc6d4b" outcome="Passed" testListId="8c84fa94-04c1-424b-9868-57a2d4851a1d" relativeResultsDirectory="679e4160-ac74-4915-b100-0dd63d0baae0" />
    <UnitTestResult executionId="d7786f95-1a8c-4b89-afba-6bcceeb3d0fb" testId="c640307e-9481-70a9-2a00-aa4ccc00433d" testName="Process_EmptyCollection" computerName="DKSR-EFI-04" duration="00:00:00.0317283" startTime="2023-12-22T09:36:42.3822249+01:00" endTime="2023-12-22T09:36:42.4134753+01:00" testType="13cdc9d9-ddb5-4fa4-a97d-d965ccfc6d4b" outcome="Passed" testListId="8c84fa94-04c1-424b-9868-57a2d4851a1d" relativeResultsDirectory="d7786f95-1a8c-4b89-afba-6bcceeb3d0fb" />
    <UnitTestResult executionId="eecbb874-848c-47a0-91f7-81c6339917b5" testId="d4e06728-5906-573a-3773-ffea274f26ca" testName="MultiSourceSingleMessageTest" computerName="DKSR-EFI-04" duration="00:00:00.0008712" startTime="2023-12-22T09:36:15.3508316+01:00" endTime="2023-12-22T09:36:15.3508316+01:00" testType="13cdc9d9-ddb5-4fa4-a97d-d965ccfc6d4b" outcome="Passed" testListId="8c84fa94-04c1-424b-9868-57a2d4851a1d" relativeResultsDirectory="eecbb874-848c-47a0-91f7-81c6339917b5" />
    <UnitTestResult executionId="7f2babdf-da4a-491e-9d82-47069195e138" testId="579a5192-77f8-fad0-90fe-4c3df1479ce0" testName="TimeRange_AllStreamsOutOfRange_AutoLoopSet_PlaybackContinues_TimeChanged" computerName="DKSR-EFI-04" duration="00:00:00.0010297" startTime="2023-12-22T09:35:40.5537730+01:00" endTime="2023-12-22T09:35:40.5693970+01:00" testType="13cdc9d9-ddb5-4fa4-a97d-d965ccfc6d4b" outcome="Passed" testListId="8c84fa94-04c1-424b-9868-57a2d4851a1d" relativeResultsDirectory="7f2babdf-da4a-491e-9d82-47069195e138" />
    <UnitTestResult executionId="89ff9fc8-9fce-47e1-917d-589c9427df76" testId="18a28ea3-7739-ff1d-58b7-57c3aac07295" testName="TestFramesAggregationGopQueueLen" computerName="DKSR-EFI-04" duration="00:00:00.0018461" startTime="2023-12-22T09:35:40.5854448+01:00" endTime="2023-12-22T09:35:40.5854448+01:00" testType="13cdc9d9-ddb5-4fa4-a97d-d965ccfc6d4b" outcome="Passed" testListId="8c84fa94-04c1-424b-9868-57a2d4851a1d" relativeResultsDirectory="89ff9fc8-9fce-47e1-917d-589c9427df76" />
    <UnitTestResult executionId="4db4b9c0-2fb6-4514-97c9-26fec66b0a14" testId="8df4aabb-df1c-d4e0-1e48-f71d5ceed661" testName="TestRegisteredDevice" computerName="DKSR-EFI-04" duration="00:00:00.1439039" startTime="2023-12-22T09:36:13.4601959+01:00" endTime="2023-12-22T09:36:13.6008238+01:00" testType="13cdc9d9-ddb5-4fa4-a97d-d965ccfc6d4b" outcome="Passed" testListId="8c84fa94-04c1-424b-9868-57a2d4851a1d" relativeResultsDirectory="4db4b9c0-2fb6-4514-97c9-26fec66b0a14" />
    <UnitTestResult executionId="021f36a9-03c4-4b14-bbf8-71a62e4d35a8" testId="5130f66e-4656-297d-ca26-e8e2a4eb7c11" testName="TestPoint" computerName="DKSR-EFI-04" duration="00:00:00.1673625" startTime="2023-12-22T09:36:42.5228517+01:00" endTime="2023-12-22T09:36:42.6947266+01:00" testType="13cdc9d9-ddb5-4fa4-a97d-d965ccfc6d4b" outcome="Passed" testListId="8c84fa94-04c1-424b-9868-57a2d4851a1d" relativeResultsDirectory="021f36a9-03c4-4b14-bbf8-71a62e4d35a8" />
    <UnitTestResult executionId="8a982982-bd22-46b0-9d3d-7544c4a39faa" testId="45359acf-d02f-fe13-f23b-839a3519c3f4" testName="DeviceConfigurationTest" computerName="DKSR-EFI-04" startTime="2023-12-22T09:36:42.4916004+01:00" endTime="2023-12-22T09:36:42.4916004+01:00" testType="13cdc9d9-ddb5-4fa4-a97d-d965ccfc6d4b" outcome="NotExecuted" testListId="8c84fa94-04c1-424b-9868-57a2d4851a1d" relativeResultsDirectory="8a982982-bd22-46b0-9d3d-7544c4a39faa">
      <Output></Output>
    </UnitTestResult>
    <UnitTestResult executionId="960a83b2-6b0e-4dab-a62a-5f8c61809850" testId="f9aed972-9288-8009-e68b-9fe007e08cf8" testName="MyAlarmsCurrentUserFilterTest" computerName="DKSR-EFI-04" duration="00:00:00.0002056" startTime="2023-12-22T09:36:15.3508316+01:00" endTime="2023-12-22T09:36:15.3508316+01:00" testType="13cdc9d9-ddb5-4fa4-a97d-d965ccfc6d4b" outcome="Passed" testListId="8c84fa94-04c1-424b-9868-57a2d4851a1d" relativeResultsDirectory="960a83b2-6b0e-4dab-a62a-5f8c61809850" />
    <UnitTestResult executionId="b1b0fe55-9352-42d7-8fa2-9afb0aba1a1c" testId="d775a7cd-e072-bd3d-a6f6-adac05c310b9" testName="TestExports" computerName="DKSR-EFI-04" duration="00:00:00.0049037" startTime="2023-12-22T09:36:42.4759750+01:00" endTime="2023-12-22T09:36:42.4916004+01:00" testType="13cdc9d9-ddb5-4fa4-a97d-d965ccfc6d4b" outcome="Passed" testListId="8c84fa94-04c1-424b-9868-57a2d4851a1d" relativeResultsDirectory="b1b0fe55-9352-42d7-8fa2-9afb0aba1a1c" />
    <UnitTestResult executionId="b8c39dfe-03f4-45da-ae03-6a4b5830645d" testId="b50608b1-c43e-54e0-6398-43807433436a" testName="CameraRetrieverTest" computerName="DKSR-EFI-04" duration="00:00:00.0091423" startTime="2023-12-22T09:36:42.5072269+01:00" endTime="2023-12-22T09:36:42.5228517+01:00" testType="13cdc9d9-ddb5-4fa4-a97d-d965ccfc6d4b" outcome="Passed" testListId="8c84fa94-04c1-424b-9868-57a2d4851a1d" relativeResultsDirectory="b8c39dfe-03f4-45da-ae03-6a4b5830645d" />
    <UnitTestResult executionId="9e9f9814-412e-47f5-a1e9-c3377f402c3c" testId="fc2a06b1-27c1-39d9-f6fd-7c2355aacc52" testName="NotifiedDeviceDBHelper_UpdateMIPSettings" computerName="DKSR-EFI-04" duration="00:00:00.0014730" startTime="2023-12-22T09:36:15.3352064+01:00" endTime="2023-12-22T09:36:15.3352064+01:00" testType="13cdc9d9-ddb5-4fa4-a97d-d965ccfc6d4b" outcome="Passed" testListId="8c84fa94-04c1-424b-9868-57a2d4851a1d" relativeResultsDirectory="9e9f9814-412e-47f5-a1e9-c3377f402c3c" />
    <UnitTestResult executionId="eb8f3939-e907-4d4d-bbc3-59003d22b359" testId="2853041e-991b-ff79-756b-e3b14825bd3e" testName="NotificationServer_CannotRegisterDisabledDevice" computerName="DKSR-EFI-04" duration="00:00:00.0455422" startTime="2023-12-22T09:36:14.7727047+01:00" endTime="2023-12-22T09:36:14.8195792+01:00" testType="13cdc9d9-ddb5-4fa4-a97d-d965ccfc6d4b" outcome="Passed" testListId="8c84fa94-04c1-424b-9868-57a2d4851a1d" relativeResultsDirectory="eb8f3939-e907-4d4d-bbc3-59003d22b359" />
    <UnitTestResult executionId="62089425-473c-4b7b-becb-cf3609d96117" testId="fe85aedf-c8d3-5907-043d-89e7ba8212e3" testName="AllStreamsCannotContinue_PlaybackStops_TimeNotChanged" computerName="DKSR-EFI-04" duration="00:00:00.0006743" startTime="2023-12-22T09:35:40.5537730+01:00" endTime="2023-12-22T09:35:40.5537730+01:00" testType="13cdc9d9-ddb5-4fa4-a97d-d965ccfc6d4b" outcome="Passed" testListId="8c84fa94-04c1-424b-9868-57a2d4851a1d" relativeResultsDirectory="62089425-473c-4b7b-becb-cf3609d96117" />
    <UnitTestResult executionId="5eaeb851-4232-48b6-bbe3-cf17128ba553" testId="5295c69f-84fc-3969-b65c-cdc8732cf9b8" testName="TimeRange_AllStreamsOutOfRange_PlaybackStops_TimeNotChanged" computerName="DKSR-EFI-04" duration="00:00:00.0010062" startTime="2023-12-22T09:35:40.5537730+01:00" endTime="2023-12-22T09:35:40.5537730+01:00" testType="13cdc9d9-ddb5-4fa4-a97d-d965ccfc6d4b" outcome="Passed" testListId="8c84fa94-04c1-424b-9868-57a2d4851a1d" relativeResultsDirectory="5eaeb851-4232-48b6-bbe3-cf17128ba553" />
    <UnitTestResult executionId="f639bfc7-65d8-4c1a-a77f-011c5a1f3211" testId="a311c7b3-2734-d612-2398-a1c092915dcd" testName="AlarmAssignmentOtherUserFilterTest" computerName="DKSR-EFI-04" duration="00:00:00.0001806" startTime="2023-12-22T09:36:15.3508316+01:00" endTime="2023-12-22T09:36:15.3508316+01:00" testType="13cdc9d9-ddb5-4fa4-a97d-d965ccfc6d4b" outcome="Passed" testListId="8c84fa94-04c1-424b-9868-57a2d4851a1d" relativeResultsDirectory="f639bfc7-65d8-4c1a-a77f-011c5a1f3211" />
    <UnitTestResult executionId="a3f44f6f-3b6b-4686-bd2a-8c74783105cc" testId="e824e41c-ad3e-5ccd-2353-d1e3a3937af6" testName="AlarmAdditionTest" computerName="DKSR-EFI-04" duration="00:00:00.0007679" startTime="2023-12-22T09:36:15.3508316+01:00" endTime="2023-12-22T09:36:15.3508316+01:00" testType="13cdc9d9-ddb5-4fa4-a97d-d965ccfc6d4b" outcome="Passed" testListId="8c84fa94-04c1-424b-9868-57a2d4851a1d" relativeResultsDirectory="a3f44f6f-3b6b-4686-bd2a-8c74783105cc" />
    <UnitTestResult executionId="35e0d97d-7818-40e4-b1ed-feb5b8275d28" testId="3f647da0-3afa-6643-6359-62e87ea0d795" testName="Crop_SequenceAtEnd" computerName="DKSR-EFI-04" duration="00:00:00.0003666" startTime="2023-12-22T09:36:42.4447262+01:00" endTime="2023-12-22T09:36:42.4447262+01:00" testType="13cdc9d9-ddb5-4fa4-a97d-d965ccfc6d4b" outcome="Passed" testListId="8c84fa94-04c1-424b-9868-57a2d4851a1d" relativeResultsDirectory="35e0d97d-7818-40e4-b1ed-feb5b8275d28" />
    <UnitTestResult executionId="b11bb3a6-6b2b-4206-8282-ddb57965d164" testId="d1d5232c-4280-970a-b302-9531b7200d17" testName="TestCreateSegmentFromGopOnInvalidGop" computerName="DKSR-EFI-04" duration="00:00:00.0146500" startTime="2023-12-22T09:35:50.9132024+01:00" endTime="2023-12-22T09:35:50.9132024+01:00" testType="13cdc9d9-ddb5-4fa4-a97d-d965ccfc6d4b" outcome="Passed" testListId="8c84fa94-04c1-424b-9868-57a2d4851a1d" relativeResultsDirectory="b11bb3a6-6b2b-4206-8282-ddb57965d164" />
    <UnitTestResult executionId="223a785f-179b-4730-bc57-3909e93e24d5" testId="73378cf6-5dcb-d709-99e8-4a0e77682327" testName="TestGetProgress" computerName="DKSR-EFI-04" duration="00:00:00.0004132" startTime="2023-12-22T09:36:42.5228517+01:00" endTime="2023-12-22T09:36:42.5228517+01:00" testType="13cdc9d9-ddb5-4fa4-a97d-d965ccfc6d4b" outcome="Passed" testListId="8c84fa94-04c1-424b-9868-57a2d4851a1d" relativeResultsDirectory="223a785f-179b-4730-bc57-3909e93e24d5" />
    <UnitTestResult executionId="cc18e102-4efe-44ac-bf11-d5a7c87dc97b" testId="920689bb-83fd-a7a7-ce0c-fa7d4e91572e" testName="StrongPasswordMustBeValid" computerName="DKSR-EFI-04" duration="00:00:00.0020577" startTime="2023-12-22T09:36:42.6947266+01:00" endTime="2023-12-22T09:36:42.6947266+01:00" testType="13cdc9d9-ddb5-4fa4-a97d-d965ccfc6d4b" outcome="Passed" testListId="8c84fa94-04c1-424b-9868-57a2d4851a1d" relativeResultsDirectory="cc18e102-4efe-44ac-bf11-d5a7c87dc97b">
      <Output>
        <StdOut>Generated Password: aqkdPTV5&#xD;
Generated Password: oxpSQY)?&#xD;
Generated Password: aplzuB4&gt;</StdOut>
      </Output>
    </UnitTestResult>
    <UnitTestResult executionId="d6953b57-e82d-44ab-bc79-7c409f2bb345" testId="46bd0804-5338-80c3-8d7e-1ba4019c4ebb" testName="ExportLinkMappingIsSingelton" computerName="DKSR-EFI-04" duration="00:00:00.0071086" startTime="2023-12-22T09:36:42.4916004+01:00" endTime="2023-12-22T09:36:42.4916004+01:00" testType="13cdc9d9-ddb5-4fa4-a97d-d965ccfc6d4b" outcome="Passed" testListId="8c84fa94-04c1-424b-9868-57a2d4851a1d" relativeResultsDirectory="d6953b57-e82d-44ab-bc79-7c409f2bb345" />
    <UnitTestResult executionId="f6dc6519-10f0-4efd-9e65-d988899f0c9e" testId="ab303bbc-5427-77f6-529d-9b1fe8cb543b" testName="CommandQueueTestAsyncBase" computerName="DKSR-EFI-04" duration="00:00:20.8712622" startTime="2023-12-22T09:36:15.3664585+01:00" endTime="2023-12-22T09:36:36.2415658+01:00" testType="13cdc9d9-ddb5-4fa4-a97d-d965ccfc6d4b" outcome="Passed" testListId="8c84fa94-04c1-424b-9868-57a2d4851a1d" relativeResultsDirectory="f6dc6519-10f0-4efd-9e65-d988899f0c9e" />
    <UnitTestResult executionId="b0b241cd-9a49-4f1e-b129-de30cc3d9b06" testId="983ef294-11a5-cf4c-484c-2bc69371cf80" testName="TestFramesAggregationGop" computerName="DKSR-EFI-04" duration="00:00:00.0068319" startTime="2023-12-22T09:35:40.5693970+01:00" endTime="2023-12-22T09:35:40.5854448+01:00" testType="13cdc9d9-ddb5-4fa4-a97d-d965ccfc6d4b" outcome="Passed" testListId="8c84fa94-04c1-424b-9868-57a2d4851a1d" relativeResultsDirectory="b0b241cd-9a49-4f1e-b129-de30cc3d9b06" />
    <UnitTestResult executionId="04b58869-3e97-4076-8834-6a8032eb527b" testId="ab4cc8c7-b5cf-47fb-628a-af4dcea876cb" testName="LowerBound_DefaultIfEmpty" computerName="DKSR-EFI-04" duration="00:00:00.0001805" startTime="2023-12-22T09:36:42.4291002+01:00" endTime="2023-12-22T09:36:42.4291002+01:00" testType="13cdc9d9-ddb5-4fa4-a97d-d965ccfc6d4b" outcome="Passed" testListId="8c84fa94-04c1-424b-9868-57a2d4851a1d" relativeResultsDirectory="04b58869-3e97-4076-8834-6a8032eb527b" />
    <UnitTestResult executionId="0b3792f4-db56-4c1f-b4cf-42c6319cee03" testId="6cdf27ab-1813-f286-26f2-399f3b4e6106" testName="UpdateAbsConfigTest" computerName="DKSR-EFI-04" duration="00:00:00.0992074" startTime="2023-12-22T09:36:13.3508206+01:00" endTime="2023-12-22T09:36:13.4601959+01:00" testType="13cdc9d9-ddb5-4fa4-a97d-d965ccfc6d4b" outcome="Passed" testListId="8c84fa94-04c1-424b-9868-57a2d4851a1d" relativeResultsDirectory="0b3792f4-db56-4c1f-b4cf-42c6319cee03" />
    <UnitTestResult executionId="7b805748-ecc2-42b1-a8be-a318f0c18f5f" testId="bd27d4e1-7ebc-3ef1-95d9-2934fbd3b038" testName="CommandQueueTestAsyncOld" computerName="DKSR-EFI-04" duration="00:00:00.0307442" startTime="2023-12-22T09:36:42.3509736+01:00" endTime="2023-12-22T09:36:42.3822249+01:00" testType="13cdc9d9-ddb5-4fa4-a97d-d965ccfc6d4b" outcome="Passed" testListId="8c84fa94-04c1-424b-9868-57a2d4851a1d" relativeResultsDirectory="7b805748-ecc2-42b1-a8be-a318f0c18f5f" />
    <UnitTestResult executionId="190c5eac-4168-4fdd-8e39-f103b537be28" testId="fcae8197-aba3-439b-e6ab-3260871df93d" testName="TokenManagerClearExpiredTokens" computerName="DKSR-EFI-04" duration="00:00:06.0404488" startTime="2023-12-22T09:36:07.3195415+01:00" endTime="2023-12-22T09:36:13.3508206+01:00" testType="13cdc9d9-ddb5-4fa4-a97d-d965ccfc6d4b" outcome="Passed" testListId="8c84fa94-04c1-424b-9868-57a2d4851a1d" relativeResultsDirectory="190c5eac-4168-4fdd-8e39-f103b537be28" />
    <UnitTestResult executionId="3b909b19-82d7-4fa0-a214-1e8a38ca62b9" testId="5a554827-3a24-7d57-4eaa-c33dd72ab5e0" testName="NotifiedDeviceDBHelper_GetAllDeviceKeys" computerName="DKSR-EFI-04" duration="00:00:00.0005815" startTime="2023-12-22T09:36:15.3352064+01:00" endTime="2023-12-22T09:36:15.3352064+01:00" testType="13cdc9d9-ddb5-4fa4-a97d-d965ccfc6d4b" outcome="Passed" testListId="8c84fa94-04c1-424b-9868-57a2d4851a1d" relativeResultsDirectory="3b909b19-82d7-4fa0-a214-1e8a38ca62b9" />
    <UnitTestResult executionId="f48c41b5-9423-4a06-bc97-8347fafb3c7f" testId="d63b4ad9-4771-5a8e-32d1-c272360abe6c" testName="Merge_Multiple" computerName="DKSR-EFI-04" duration="00:00:00.0006874" startTime="2023-12-22T09:36:42.4447262+01:00" endTime="2023-12-22T09:36:42.4447262+01:00" testType="13cdc9d9-ddb5-4fa4-a97d-d965ccfc6d4b" outcome="Passed" testListId="8c84fa94-04c1-424b-9868-57a2d4851a1d" relativeResultsDirectory="f48c41b5-9423-4a06-bc97-8347fafb3c7f" />
    <UnitTestResult executionId="eea73306-91e7-419b-8d32-dde743732d85" testId="f03ac06e-acad-947f-da9e-f4837cb80bfc" testName="TimeRange_TimeIsOutOfRange_PlaybackStops_TimeNotChanged" computerName="DKSR-EFI-04" duration="00:00:00.0009191" startTime="2023-12-22T09:35:40.5537730+01:00" endTime="2023-12-22T09:35:40.5537730+01:00" testType="13cdc9d9-ddb5-4fa4-a97d-d965ccfc6d4b" outcome="Passed" testListId="8c84fa94-04c1-424b-9868-57a2d4851a1d" relativeResultsDirectory="eea73306-91e7-419b-8d32-dde743732d85" />
    <UnitTestResult executionId="91048468-bf2c-4c0c-8683-0ba79bafc8dc" testId="cb83127f-c861-0ebd-8086-b84bc849a1ac" testName="TestClearNoPushDevices" computerName="DKSR-EFI-04" duration="00:00:00.1593807" startTime="2023-12-22T09:36:14.6164531+01:00" endTime="2023-12-22T09:36:14.7727047+01:00" testType="13cdc9d9-ddb5-4fa4-a97d-d965ccfc6d4b" outcome="Passed" testListId="8c84fa94-04c1-424b-9868-57a2d4851a1d" relativeResultsDirectory="91048468-bf2c-4c0c-8683-0ba79bafc8dc" />
    <UnitTestResult executionId="08f56594-f6ba-433d-a79c-7429786ff61f" testId="7a3f3991-c4a6-4f10-d06d-b093bfaca0ff" testName="RecieveInAppNotification" computerName="DKSR-EFI-04" duration="00:00:00.1979420" startTime="2023-12-22T09:36:14.3977041+01:00" endTime="2023-12-22T09:36:14.6008292+01:00" testType="13cdc9d9-ddb5-4fa4-a97d-d965ccfc6d4b" outcome="Passed" testListId="8c84fa94-04c1-424b-9868-57a2d4851a1d" relativeResultsDirectory="08f56594-f6ba-433d-a79c-7429786ff61f" />
    <UnitTestResult executionId="802ca607-7b8b-4054-80a4-a3c6e7b68ea8" testId="9a5b1ab6-9c4e-ab09-df23-254811d2c167" testName="NoEventRightsFilterTest" computerName="DKSR-EFI-04" duration="00:00:00.0002704" startTime="2023-12-22T09:36:15.3508316+01:00" endTime="2023-12-22T09:36:15.3508316+01:00" testType="13cdc9d9-ddb5-4fa4-a97d-d965ccfc6d4b" outcome="Passed" testListId="8c84fa94-04c1-424b-9868-57a2d4851a1d" relativeResultsDirectory="802ca607-7b8b-4054-80a4-a3c6e7b68ea8" />
    <UnitTestResult executionId="083840c2-7e91-4cc6-b9a3-bd08620e423f" testId="f68e3bd0-17e2-e27d-7f27-d5ba8c820680" testName="WeakPasswordsMustNotBeValid" computerName="DKSR-EFI-04" duration="00:00:00.0001624" startTime="2023-12-22T09:36:42.6947266+01:00" endTime="2023-12-22T09:36:42.6947266+01:00" testType="13cdc9d9-ddb5-4fa4-a97d-d965ccfc6d4b" outcome="Passed" testListId="8c84fa94-04c1-424b-9868-57a2d4851a1d" relativeResultsDirectory="083840c2-7e91-4cc6-b9a3-bd08620e423f">
      <Output>
        <StdOut>Generated Password: aqkEP2|&#xD;
Generated Password: eoxp5126?!&#xD;
Generated Password: LOZHBP8|&#xD;
Generated Password: rfteKLQX</StdOut>
      </Output>
    </UnitTestResult>
    <UnitTestResult executionId="fb906dea-f005-4bfa-8078-b0ec6083965b" testId="83722fed-9211-3485-11c2-d17ce2deb4b9" testName="Merge_EmptyCollection" computerName="DKSR-EFI-04" duration="00:00:00.0002202" startTime="2023-12-22T09:36:42.4447262+01:00" endTime="2023-12-22T09:36:42.4447262+01:00" testType="13cdc9d9-ddb5-4fa4-a97d-d965ccfc6d4b" outcome="Passed" testListId="8c84fa94-04c1-424b-9868-57a2d4851a1d" relativeResultsDirectory="fb906dea-f005-4bfa-8078-b0ec6083965b" />
    <UnitTestResult executionId="463d399e-af9a-4f6b-897b-ce83944e2ef2" testId="2b185191-d784-ef47-2960-91e966efe210" testName="InitializeAndSendDataToDirectSpeakControllerCorrectly" computerName="DKSR-EFI-04" duration="00:00:00.2270355" startTime="2023-12-22T09:36:42.6947266+01:00" endTime="2023-12-22T09:36:42.9291027+01:00" testType="13cdc9d9-ddb5-4fa4-a97d-d965ccfc6d4b" outcome="Passed" testListId="8c84fa94-04c1-424b-9868-57a2d4851a1d" relativeResultsDirectory="463d399e-af9a-4f6b-897b-ce83944e2ef2" />
    <UnitTestResult executionId="d95625a6-8517-429d-820f-0520217316f2" testId="836daa05-9d0b-9773-0687-23c510cd57d3" testName="NotificationServer_InitServerMode (Enabled,True,True)" computerName="DKSR-EFI-04" duration="00:00:00.0988652" startTime="2023-12-22T09:36:14.8820815+01:00" endTime="2023-12-22T09:36:14.9758320+01:00" testType="13cdc9d9-ddb5-4fa4-a97d-d965ccfc6d4b" outcome="Passed" testListId="8c84fa94-04c1-424b-9868-57a2d4851a1d" relativeResultsDirectory="d95625a6-8517-429d-820f-0520217316f2" />
    <UnitTestResult executionId="b6f9003f-bb9d-45ff-8f77-d0dba49e10be" testId="bce7df3c-3eb5-4c4f-31cd-0c181bc6cd33" testName="NotifiedDeviceDBHelper_GetDevicesIds" computerName="DKSR-EFI-04" duration="00:00:00.0003694" startTime="2023-12-22T09:36:15.3352064+01:00" endTime="2023-12-22T09:36:15.3352064+01:00" testType="13cdc9d9-ddb5-4fa4-a97d-d965ccfc6d4b" outcome="Passed" testListId="8c84fa94-04c1-424b-9868-57a2d4851a1d" relativeResultsDirectory="b6f9003f-bb9d-45ff-8f77-d0dba49e10be" />
    <UnitTestResult executionId="9a8356ca-62fc-4e2a-83b4-0ee0f02cde70" testId="b18120fe-04b2-17a2-d059-7f23a8ca03b8" testName="TestFramesAggregationTimeoutMultiple" computerName="DKSR-EFI-04" duration="00:00:00.0163316" startTime="2023-12-22T09:35:40.5854448+01:00" endTime="2023-12-22T09:35:40.6006472+01:00" testType="13cdc9d9-ddb5-4fa4-a97d-d965ccfc6d4b" outcome="Passed" testListId="8c84fa94-04c1-424b-9868-57a2d4851a1d" relativeResultsDirectory="9a8356ca-62fc-4e2a-83b4-0ee0f02cde70" />
    <UnitTestResult executionId="efb83588-ecd2-407d-915d-09a4e8dfe166" testId="555b5cb6-9cb1-c2b5-3e09-d0f300a8074a" testName="GenerateExportLinkSuccessfully" computerName="DKSR-EFI-04" duration="00:00:00.0038067" startTime="2023-12-22T09:36:42.4916004+01:00" endTime="2023-12-22T09:36:42.4916004+01:00" testType="13cdc9d9-ddb5-4fa4-a97d-d965ccfc6d4b" outcome="Passed" testListId="8c84fa94-04c1-424b-9868-57a2d4851a1d" relativeResultsDirectory="efb83588-ecd2-407d-915d-09a4e8dfe166" />
    <UnitTestResult executionId="ee190529-8ee0-439f-9180-a6567fcd7de7" testId="78bd04e4-2057-fdd8-a42f-1e8e7f4f38ad" testName="RecievedDataIsSendToUploadChannel" computerName="DKSR-EFI-04" duration="00:00:00.0056235" startTime="2023-12-22T09:36:42.9291027+01:00" endTime="2023-12-22T09:36:42.9447298+01:00" testType="13cdc9d9-ddb5-4fa4-a97d-d965ccfc6d4b" outcome="Passed" testListId="8c84fa94-04c1-424b-9868-57a2d4851a1d" relativeResultsDirectory="ee190529-8ee0-439f-9180-a6567fcd7de7" />
    <UnitTestResult executionId="09ff004a-ea89-44cd-abff-13fb155f3492" testId="5b222a5c-ffb3-2d2f-2662-eb0375534541" testName="TestFramesAggregationTimeout" computerName="DKSR-EFI-04" duration="00:00:00.0027757" startTime="2023-12-22T09:35:40.5854448+01:00" endTime="2023-12-22T09:35:40.5854448+01:00" testType="13cdc9d9-ddb5-4fa4-a97d-d965ccfc6d4b" outcome="Passed" testListId="8c84fa94-04c1-424b-9868-57a2d4851a1d" relativeResultsDirectory="09ff004a-ea89-44cd-abff-13fb155f3492" />
    <UnitTestResult executionId="75ed2c12-d403-4efe-83cd-8b47a52b6a16" testId="71df6a43-d0f8-9d14-917e-4eb4375c027e" testName="TestFramesAggregationTimeoutQueueLength" computerName="DKSR-EFI-04" duration="00:00:00.0045062" startTime="2023-12-22T09:35:40.6006472+01:00" endTime="2023-12-22T09:35:40.6162724+01:00" testType="13cdc9d9-ddb5-4fa4-a97d-d965ccfc6d4b" outcome="Passed" testListId="8c84fa94-04c1-424b-9868-57a2d4851a1d" relativeResultsDirectory="75ed2c12-d403-4efe-83cd-8b47a52b6a16" />
    <UnitTestResult executionId="4c3f3b15-9567-47c0-b74c-0bdcceff1d6e" testId="8933bd42-9a1e-0184-c32b-defc2356476f" testName="NotificationServer_ChangeServerMode (Disabled,DeviceRegistrationOnly,True,False)" computerName="DKSR-EFI-04" duration="00:00:00.0182893" startTime="2023-12-22T09:36:15.0383314+01:00" endTime="2023-12-22T09:36:15.0539550+01:00" testType="13cdc9d9-ddb5-4fa4-a97d-d965ccfc6d4b" outcome="Passed" testListId="8c84fa94-04c1-424b-9868-57a2d4851a1d" relativeResultsDirectory="4c3f3b15-9567-47c0-b74c-0bdcceff1d6e" />
    <UnitTestResult executionId="acdd83e4-a98a-4153-a5fa-c123e12b6715" testId="efc824b2-83f8-fc64-826a-837d8585dcfd" testName="UpperBound_SelectEarliestSequence" computerName="DKSR-EFI-04" duration="00:00:00.0006418" startTime="2023-12-22T09:36:42.4447262+01:00" endTime="2023-12-22T09:36:42.4447262+01:00" testType="13cdc9d9-ddb5-4fa4-a97d-d965ccfc6d4b" outcome="Passed" testListId="8c84fa94-04c1-424b-9868-57a2d4851a1d" relativeResultsDirectory="acdd83e4-a98a-4153-a5fa-c123e12b6715" />
    <UnitTestResult executionId="fafadabf-b1f3-40fc-a57a-e4a60778adca" testId="077bdfe8-738a-3fb7-a4c9-2fba8c404517" testName="Merge_AdjacentSequences" computerName="DKSR-EFI-04" duration="00:00:00.0004710" startTime="2023-12-22T09:36:42.4447262+01:00" endTime="2023-12-22T09:36:42.4447262+01:00" testType="13cdc9d9-ddb5-4fa4-a97d-d965ccfc6d4b" outcome="Passed" testListId="8c84fa94-04c1-424b-9868-57a2d4851a1d" relativeResultsDirectory="fafadabf-b1f3-40fc-a57a-e4a60778adca" />
    <UnitTestResult executionId="528eecdd-f378-45f0-8c42-d20ea20c8487" testId="105eb106-4501-2c1c-557a-c47834ab3f90" testName="UpdateRegisteredDeviceOnUpgare (True,Enabled)" computerName="DKSR-EFI-04" duration="00:00:00.0072762" startTime="2023-12-22T09:36:14.3820781+01:00" endTime="2023-12-22T09:36:14.3977041+01:00" testType="13cdc9d9-ddb5-4fa4-a97d-d965ccfc6d4b" outcome="Passed" testListId="8c84fa94-04c1-424b-9868-57a2d4851a1d" relativeResultsDirectory="528eecdd-f378-45f0-8c42-d20ea20c8487" />
    <UnitTestResult executionId="c2907284-ff97-44de-b9ed-2e30cda5a6ad" testId="b93b7d51-dfde-ceac-cf92-0e6323249515" testName="MultipleSourcesMultiMessageDataTest" computerName="DKSR-EFI-04" duration="00:00:00.0002244" startTime="2023-12-22T09:36:15.3508316+01:00" endTime="2023-12-22T09:36:15.3664585+01:00" testType="13cdc9d9-ddb5-4fa4-a97d-d965ccfc6d4b" outcome="Passed" testListId="8c84fa94-04c1-424b-9868-57a2d4851a1d" relativeResultsDirectory="c2907284-ff97-44de-b9ed-2e30cda5a6ad" />
    <UnitTestResult executionId="cec2e075-c8ac-4743-b74f-2c9126926371" testId="c0171c70-5cf1-4653-5869-cfba6434286f" testName="RemoveExportLinkSuccessfully" computerName="DKSR-EFI-04" duration="00:00:00.0003371" startTime="2023-12-22T09:36:42.5072269+01:00" endTime="2023-12-22T09:36:42.5072269+01:00" testType="13cdc9d9-ddb5-4fa4-a97d-d965ccfc6d4b" outcome="Passed" testListId="8c84fa94-04c1-424b-9868-57a2d4851a1d" relativeResultsDirectory="cec2e075-c8ac-4743-b74f-2c9126926371" />
    <UnitTestResult executionId="17af48ec-58b8-41a4-8ec8-10adbae94aea" testId="9caef5e0-c223-39f5-5473-42fb321880c9" testName="CreateHttpAudio" computerName="DKSR-EFI-04" duration="00:00:01.1662618" startTime="2023-12-22T09:35:50.9288272+01:00" endTime="2023-12-22T09:35:52.0850820+01:00" testType="13cdc9d9-ddb5-4fa4-a97d-d965ccfc6d4b" outcome="Passed" testListId="8c84fa94-04c1-424b-9868-57a2d4851a1d" relativeResultsDirectory="17af48ec-58b8-41a4-8ec8-10adbae94aea" />
    <UnitTestResult executionId="053877ef-a315-41f7-be00-aaddf64b2e49" testId="2d23c580-d5c9-130f-febf-facf0e24e9e0" testName="NotifiedDeviceDBHelper_GetValue" computerName="DKSR-EFI-04" duration="00:00:00.0017848" startTime="2023-12-22T09:36:15.3352064+01:00" endTime="2023-12-22T09:36:15.3508316+01:00" testType="13cdc9d9-ddb5-4fa4-a97d-d965ccfc6d4b" outcome="Passed" testListId="8c84fa94-04c1-424b-9868-57a2d4851a1d" relativeResultsDirectory="053877ef-a315-41f7-be00-aaddf64b2e49" />
    <UnitTestResult executionId="09e52806-7f55-48b8-aa4a-490189c48082" testId="cdc50b8e-457b-9926-4aa3-ccb24a4b8fb7" testName="SingleSourceSingleMessageDataTest" computerName="DKSR-EFI-04" duration="00:00:00.0003738" startTime="2023-12-22T09:36:15.3508316+01:00" endTime="2023-12-22T09:36:15.3508316+01:00" testType="13cdc9d9-ddb5-4fa4-a97d-d965ccfc6d4b" outcome="Passed" testListId="8c84fa94-04c1-424b-9868-57a2d4851a1d" relativeResultsDirectory="09e52806-7f55-48b8-aa4a-490189c48082" />
    <UnitTestResult executionId="9c0e3b58-4784-4622-a2c7-be132b0e0025" testId="2dd92821-84cd-3706-32de-6e3e4bd4d8b1" testName="ToUtc" computerName="DKSR-EFI-04" duration="00:00:00.0003717" startTime="2023-12-22T09:36:42.4291002+01:00" endTime="2023-12-22T09:36:42.4291002+01:00" testType="13cdc9d9-ddb5-4fa4-a97d-d965ccfc6d4b" outcome="Passed" testListId="8c84fa94-04c1-424b-9868-57a2d4851a1d" relativeResultsDirectory="9c0e3b58-4784-4622-a2c7-be132b0e0025" />
    <UnitTestResult executionId="17409736-4769-49e4-9cae-ecef32e745b1" testId="b7bbfe42-4705-887e-6973-ed5aed3932d6" testName="HasEventRightsDontRecieveAlarmsFilterTest" computerName="DKSR-EFI-04" duration="00:00:00.0002714" startTime="2023-12-22T09:36:15.3508316+01:00" endTime="2023-12-22T09:36:15.3508316+01:00" testType="13cdc9d9-ddb5-4fa4-a97d-d965ccfc6d4b" outcome="Passed" testListId="8c84fa94-04c1-424b-9868-57a2d4851a1d" relativeResultsDirectory="17409736-4769-49e4-9cae-ecef32e745b1" />
    <UnitTestResult executionId="4eb0a490-117e-4a08-a60d-b272efb01e8b" testId="012a2cf8-69fd-f08c-0bc5-3d2c0ce63ca8" testName="LowerBound_SelectLatestSequenceReversed" computerName="DKSR-EFI-04" duration="00:00:00.0005473" startTime="2023-12-22T09:36:42.4291002+01:00" endTime="2023-12-22T09:36:42.4291002+01:00" testType="13cdc9d9-ddb5-4fa4-a97d-d965ccfc6d4b" outcome="Passed" testListId="8c84fa94-04c1-424b-9868-57a2d4851a1d" relativeResultsDirectory="4eb0a490-117e-4a08-a60d-b272efb01e8b" />
    <UnitTestResult executionId="02dffe51-b32d-4044-b7e4-3bb7cc976560" testId="e2731a75-1b03-d51a-7e54-b36a56587b51" testName="UpperBound_DefaultIfNoMatchingSequences" computerName="DKSR-EFI-04" duration="00:00:00.0003031" startTime="2023-12-22T09:36:42.4447262+01:00" endTime="2023-12-22T09:36:42.4447262+01:00" testType="13cdc9d9-ddb5-4fa4-a97d-d965ccfc6d4b" outcome="Passed" testListId="8c84fa94-04c1-424b-9868-57a2d4851a1d" relativeResultsDirectory="02dffe51-b32d-4044-b7e4-3bb7cc976560" />
    <UnitTestResult executionId="3e86971b-8f48-43c6-a576-2f6ed37fef60" testId="4e718855-46c8-55f5-4bd0-fd38bd3c2be5" testName="MobileServerDiscoverableServiceTest" computerName="DKSR-EFI-04" duration="00:00:00.0045645" startTime="2023-12-22T09:35:52.0850820+01:00" endTime="2023-12-22T09:35:52.1007086+01:00" testType="13cdc9d9-ddb5-4fa4-a97d-d965ccfc6d4b" outcome="Passed" testListId="8c84fa94-04c1-424b-9868-57a2d4851a1d" relativeResultsDirectory="3e86971b-8f48-43c6-a576-2f6ed37fef60" />
    <UnitTestResult executionId="0d6c43bd-2b08-47d4-81d9-ddecfdce4d6d" testId="f5b16325-6af3-abac-f53e-915906634947" testName="TestExportState" computerName="DKSR-EFI-04" duration="00:00:00.0038091" startTime="2023-12-22T09:36:42.4603500+01:00" endTime="2023-12-22T09:36:42.4759750+01:00" testType="13cdc9d9-ddb5-4fa4-a97d-d965ccfc6d4b" outcome="Passed" testListId="8c84fa94-04c1-424b-9868-57a2d4851a1d" relativeResultsDirectory="0d6c43bd-2b08-47d4-81d9-ddecfdce4d6d" />
    <UnitTestResult executionId="b4f42ee7-b03f-4c20-bf74-bf8c0770bc95" testId="e15ff0c0-efa9-9055-b160-e2403b7226ad" testName="TestGetProgressWhenMissing" computerName="DKSR-EFI-04" duration="00:00:00.0003938" startTime="2023-12-22T09:36:42.5228517+01:00" endTime="2023-12-22T09:36:42.5228517+01:00" testType="13cdc9d9-ddb5-4fa4-a97d-d965ccfc6d4b" outcome="Passed" testListId="8c84fa94-04c1-424b-9868-57a2d4851a1d" relativeResultsDirectory="b4f42ee7-b03f-4c20-bf74-bf8c0770bc95" />
    <UnitTestResult executionId="181da342-60c7-447c-803d-8a180f9f8c30" testId="75ef5a5e-0b0a-ffb2-f4ab-4e286bea63b5" testName="UpperBound_DefaultIfLessThanCount" computerName="DKSR-EFI-04" duration="00:00:00.0003481" startTime="2023-12-22T09:36:42.4447262+01:00" endTime="2023-12-22T09:36:42.4447262+01:00" testType="13cdc9d9-ddb5-4fa4-a97d-d965ccfc6d4b" outcome="Passed" testListId="8c84fa94-04c1-424b-9868-57a2d4851a1d" relativeResultsDirectory="181da342-60c7-447c-803d-8a180f9f8c30" />
    <UnitTestResult executionId="b57dcd54-02b1-42ce-be81-d6093fc2b0f7" testId="67a66ae7-b3fd-8f0a-aa0f-799b9cd7561a" testName="TimeRange_AllStreamsNoDataInRange_AutoLoopSet_PlaybackStops" computerName="DKSR-EFI-04" duration="00:00:00.0005874" startTime="2023-12-22T09:35:40.5537730+01:00" endTime="2023-12-22T09:35:40.5537730+01:00" testType="13cdc9d9-ddb5-4fa4-a97d-d965ccfc6d4b" outcome="Passed" testListId="8c84fa94-04c1-424b-9868-57a2d4851a1d" relativeResultsDirectory="b57dcd54-02b1-42ce-be81-d6093fc2b0f7" />
    <UnitTestResult executionId="cd3c9e8f-9606-42b7-a961-7a2f9d98db40" testId="ce333b82-4964-6cf6-8173-0208304aa4a3" testName="LimitCount_OneDirectional" computerName="DKSR-EFI-04" duration="00:00:00.0005269" startTime="2023-12-22T09:36:42.4447262+01:00" endTime="2023-12-22T09:36:42.4447262+01:00" testType="13cdc9d9-ddb5-4fa4-a97d-d965ccfc6d4b" outcome="Passed" testListId="8c84fa94-04c1-424b-9868-57a2d4851a1d" relativeResultsDirectory="cd3c9e8f-9606-42b7-a961-7a2f9d98db40" />
    <UnitTestResult executionId="6087f5e8-3339-4736-99a9-2ff7c4809f9d" testId="58f05b1e-bbb6-5ade-77e5-5dcdd9ed36fa" testName="ToUtcDictionary_EmptyCollection" computerName="DKSR-EFI-04" duration="00:00:00.0006330" startTime="2023-12-22T09:36:42.4291002+01:00" endTime="2023-12-22T09:36:42.4291002+01:00" testType="13cdc9d9-ddb5-4fa4-a97d-d965ccfc6d4b" outcome="Passed" testListId="8c84fa94-04c1-424b-9868-57a2d4851a1d" relativeResultsDirectory="6087f5e8-3339-4736-99a9-2ff7c4809f9d" />
    <UnitTestResult executionId="3ce544dc-3659-4f23-8fb6-386cb8d92fa3" testId="2d1c60f4-f325-aad6-29ce-1b9879e7a42e" testName="DontRecieveAlarmOnDenyPushFlagTest" computerName="DKSR-EFI-04" duration="00:00:00.2888439" startTime="2023-12-22T09:36:13.8039513+01:00" endTime="2023-12-22T09:36:14.1008299+01:00" testType="13cdc9d9-ddb5-4fa4-a97d-d965ccfc6d4b" outcome="Passed" testListId="8c84fa94-04c1-424b-9868-57a2d4851a1d" relativeResultsDirectory="3ce544dc-3659-4f23-8fb6-386cb8d92fa3" />
    <UnitTestResult executionId="d1d43a6b-7940-4186-a598-f50707ef8fe7" testId="9ae58192-902d-45ad-da74-16152cfd7e09" testName="TestExtractToFrame" computerName="DKSR-EFI-04" duration="00:00:00.0004328" startTime="2023-12-22T09:35:40.5854448+01:00" endTime="2023-12-22T09:35:40.5854448+01:00" testType="13cdc9d9-ddb5-4fa4-a97d-d965ccfc6d4b" outcome="Passed" testListId="8c84fa94-04c1-424b-9868-57a2d4851a1d" relativeResultsDirectory="d1d43a6b-7940-4186-a598-f50707ef8fe7" />
    <UnitTestResult executionId="375d2750-2899-4166-b095-29b9b1a629e6" testId="a0b9d1e4-24b3-60a1-0b6b-b59ef2f08557" testName="TwoStepVerificationTest" computerName="DKSR-EFI-04" duration="00:00:12.0704585" startTime="2023-12-22T09:35:52.1163350+01:00" endTime="2023-12-22T09:36:04.1788989+01:00" testType="13cdc9d9-ddb5-4fa4-a97d-d965ccfc6d4b" outcome="Passed" testListId="8c84fa94-04c1-424b-9868-57a2d4851a1d" relativeResultsDirectory="375d2750-2899-4166-b095-29b9b1a629e6" />
    <UnitTestResult executionId="d431773a-b125-4886-8fb1-45ba1a89ccfc" testId="3b2326b4-63b3-e03b-fffe-67a3b45e5d92" testName="Merge_SubSequence" computerName="DKSR-EFI-04" duration="00:00:00.0005352" startTime="2023-12-22T09:36:42.4447262+01:00" endTime="2023-12-22T09:36:42.4447262+01:00" testType="13cdc9d9-ddb5-4fa4-a97d-d965ccfc6d4b" outcome="Passed" testListId="8c84fa94-04c1-424b-9868-57a2d4851a1d" relativeResultsDirectory="d431773a-b125-4886-8fb1-45ba1a89ccfc" />
    <UnitTestResult executionId="63c70b80-395b-4104-8e6c-c53d429428cd" testId="29ba1001-e85e-5db6-4a20-38df39654f7a" testName="Process_Overall" computerName="DKSR-EFI-04" duration="00:00:00.0135057" startTime="2023-12-22T09:36:42.4134753+01:00" endTime="2023-12-22T09:36:42.4134753+01:00" testType="13cdc9d9-ddb5-4fa4-a97d-d965ccfc6d4b" outcome="Passed" testListId="8c84fa94-04c1-424b-9868-57a2d4851a1d" relativeResultsDirectory="63c70b80-395b-4104-8e6c-c53d429428cd" />
    <UnitTestResult executionId="0858c7ee-a8cb-4690-870a-ee540ce27b5c" testId="658e86cc-4813-7b16-0481-9782308e96a7" testName="DisposeAudioInChannelOnUploadError" computerName="DKSR-EFI-04" duration="00:00:00.0001991" startTime="2023-12-22T09:36:42.9447298+01:00" endTime="2023-12-22T09:36:42.9447298+01:00" testType="13cdc9d9-ddb5-4fa4-a97d-d965ccfc6d4b" outcome="Passed" testListId="8c84fa94-04c1-424b-9868-57a2d4851a1d" relativeResultsDirectory="0858c7ee-a8cb-4690-870a-ee540ce27b5c" />
    <UnitTestResult executionId="ef540765-257a-44d5-8d1c-d7878892ddd5" testId="dd3c2797-855e-0f1d-e5c7-a5425cee53c6" testName="NoStreamsInitialized_PlaybackContinues_TimeNotChanged (True,False,True)" computerName="DKSR-EFI-04" duration="00:00:00.0000235" startTime="2023-12-22T09:35:40.5537730+01:00" endTime="2023-12-22T09:35:40.5537730+01:00" testType="13cdc9d9-ddb5-4fa4-a97d-d965ccfc6d4b" outcome="Passed" testListId="8c84fa94-04c1-424b-9868-57a2d4851a1d" relativeResultsDirectory="ef540765-257a-44d5-8d1c-d7878892ddd5" />
    <UnitTestResult executionId="1fbee764-9444-4b77-a649-a43da29924d8" testId="4e39aa95-59c8-50f5-8987-2a60a3d43e6f" testName="TestCorrectExportStatus" computerName="DKSR-EFI-04" duration="00:00:00.0003478" startTime="2023-12-22T09:36:42.5228517+01:00" endTime="2023-12-22T09:36:42.5228517+01:00" testType="13cdc9d9-ddb5-4fa4-a97d-d965ccfc6d4b" outcome="Passed" testListId="8c84fa94-04c1-424b-9868-57a2d4851a1d" relativeResultsDirectory="1fbee764-9444-4b77-a649-a43da29924d8" />
    <UnitTestResult executionId="7160486c-c502-4136-8abd-91023523113c" testId="8d79fb97-d289-7165-e8e8-53b861b1a5c6" testName="UpdateRegisteredDevice" computerName="DKSR-EFI-04" duration="00:00:00.0137141" startTime="2023-12-22T09:36:14.3820781+01:00" endTime="2023-12-22T09:36:14.3820781+01:00" testType="13cdc9d9-ddb5-4fa4-a97d-d965ccfc6d4b" outcome="Passed" testListId="8c84fa94-04c1-424b-9868-57a2d4851a1d" relativeResultsDirectory="7160486c-c502-4136-8abd-91023523113c" />
    <UnitTestResult executionId="e947a0e2-875c-40c7-9966-5ad424635d2b" testId="77a1622c-bf66-a2d4-b065-8f9849fd4883" testName="TimeRange_SomeStreamsOutOfRange_PlaybackContinues_TimeNotChanged" computerName="DKSR-EFI-04" duration="00:00:00.0005718" startTime="2023-12-22T09:35:40.5537730+01:00" endTime="2023-12-22T09:35:40.5537730+01:00" testType="13cdc9d9-ddb5-4fa4-a97d-d965ccfc6d4b" outcome="Passed" testListId="8c84fa94-04c1-424b-9868-57a2d4851a1d" relativeResultsDirectory="e947a0e2-875c-40c7-9966-5ad424635d2b" />
    <UnitTestResult executionId="ed9b7731-2215-4d79-9443-b223212a0ad0" testId="801ffb9c-7b33-d534-a314-afe14b3f8e34" testName="LowerBound_SelectLatestSequence" computerName="DKSR-EFI-04" duration="00:00:00.0005877" startTime="2023-12-22T09:36:42.4291002+01:00" endTime="2023-12-22T09:36:42.4291002+01:00" testType="13cdc9d9-ddb5-4fa4-a97d-d965ccfc6d4b" outcome="Passed" testListId="8c84fa94-04c1-424b-9868-57a2d4851a1d" relativeResultsDirectory="ed9b7731-2215-4d79-9443-b223212a0ad0" />
    <UnitTestResult executionId="6986a143-5417-4596-a209-e3f4190f48e0" testId="7fbc5e13-38f8-1e17-d0ec-bf110ae4f9e2" testName="UpdateRegisteredDeviceOnUpgare (False,Disabled)" computerName="DKSR-EFI-04" duration="00:00:00.0000712" startTime="2023-12-22T09:36:14.3977041+01:00" endTime="2023-12-22T09:36:14.3977041+01:00" testType="13cdc9d9-ddb5-4fa4-a97d-d965ccfc6d4b" outcome="Passed" testListId="8c84fa94-04c1-424b-9868-57a2d4851a1d" relativeResultsDirectory="6986a143-5417-4596-a209-e3f4190f48e0" />
    <UnitTestResult executionId="606c8d8a-6c95-4052-b6ae-ce5458e968c4" testId="14826e99-3854-d06d-b095-c1b431692ffa" testName="Crop_SequenceBeforeStart" computerName="DKSR-EFI-04" duration="00:00:00.0002579" startTime="2023-12-22T09:36:42.4447262+01:00" endTime="2023-12-22T09:36:42.4447262+01:00" testType="13cdc9d9-ddb5-4fa4-a97d-d965ccfc6d4b" outcome="Passed" testListId="8c84fa94-04c1-424b-9868-57a2d4851a1d" relativeResultsDirectory="606c8d8a-6c95-4052-b6ae-ce5458e968c4" />
    <UnitTestResult executionId="9e11715d-c24f-49ad-8929-0a48ca73d7ac" testId="83d97256-d95d-1f1b-8b5b-293ad2402af8" testName="PortMappingTest" computerName="DKSR-EFI-04" duration="00:00:00.0006962" startTime="2023-12-22T09:35:52.1163350+01:00" endTime="2023-12-22T09:35:52.1163350+01:00" testType="13cdc9d9-ddb5-4fa4-a97d-d965ccfc6d4b" outcome="Passed" testListId="8c84fa94-04c1-424b-9868-57a2d4851a1d" relativeResultsDirectory="9e11715d-c24f-49ad-8929-0a48ca73d7ac" />
    <UnitTestResult executionId="5b78fe7e-d85c-438b-813c-ed5e31a30ad7" testId="695947fd-ab15-af19-b497-109455963ef9" testName="TestAlarmReceipt" computerName="DKSR-EFI-04" duration="00:00:00.0760465" startTime="2023-12-22T09:36:13.7258234+01:00" endTime="2023-12-22T09:36:13.8039513+01:00" testType="13cdc9d9-ddb5-4fa4-a97d-d965ccfc6d4b" outcome="Passed" testListId="8c84fa94-04c1-424b-9868-57a2d4851a1d" relativeResultsDirectory="5b78fe7e-d85c-438b-813c-ed5e31a30ad7" />
    <UnitTestResult executionId="78d1a84f-a1f5-4ce7-8781-0f3509bb0568" testId="cbfc1ff0-a2a3-2eb7-9627-c88a9873efbc" testName="NotificationServer_InitServerMode (DeviceRegistrationOnly,True,False)" computerName="DKSR-EFI-04" duration="00:00:00.0051289" startTime="2023-12-22T09:36:14.9758320+01:00" endTime="2023-12-22T09:36:14.9758320+01:00" testType="13cdc9d9-ddb5-4fa4-a97d-d965ccfc6d4b" outcome="Passed" testListId="8c84fa94-04c1-424b-9868-57a2d4851a1d" relativeResultsDirectory="78d1a84f-a1f5-4ce7-8781-0f3509bb0568" />
    <UnitTestResult executionId="162d7d72-de16-480c-8f40-71de79376806" testId="d28b6673-d863-6b4f-f57b-0935815c5939" testName="NotificationServer_InitServerMode (Disabled,False,False)" computerName="DKSR-EFI-04" duration="00:00:00.0003269" startTime="2023-12-22T09:36:14.9758320+01:00" endTime="2023-12-22T09:36:14.9758320+01:00" testType="13cdc9d9-ddb5-4fa4-a97d-d965ccfc6d4b" outcome="Passed" testListId="8c84fa94-04c1-424b-9868-57a2d4851a1d" relativeResultsDirectory="162d7d72-de16-480c-8f40-71de79376806" />
    <UnitTestResult executionId="c1ff7ad8-588f-4fcb-bf3f-0da6dd1e9d8f" testId="b7ce506d-0747-c12c-34e2-8ca0d45c9b9c" testName="Merge_OverlappingSequences" computerName="DKSR-EFI-04" duration="00:00:00.0004360" startTime="2023-12-22T09:36:42.4447262+01:00" endTime="2023-12-22T09:36:42.4447262+01:00" testType="13cdc9d9-ddb5-4fa4-a97d-d965ccfc6d4b" outcome="Passed" testListId="8c84fa94-04c1-424b-9868-57a2d4851a1d" relativeResultsDirectory="c1ff7ad8-588f-4fcb-bf3f-0da6dd1e9d8f" />
    <UnitTestResult executionId="788ae418-0013-45f0-b762-80cb51de4eae" testId="e0d40a78-0387-201e-8469-3b43e405314e" testName="PlaybackStopped_TimeNotChanged" computerName="DKSR-EFI-04" duration="00:00:00.0003916" startTime="2023-12-22T09:35:40.5537730+01:00" endTime="2023-12-22T09:35:40.5537730+01:00" testType="13cdc9d9-ddb5-4fa4-a97d-d965ccfc6d4b" outcome="Passed" testListId="8c84fa94-04c1-424b-9868-57a2d4851a1d" relativeResultsDirectory="788ae418-0013-45f0-b762-80cb51de4eae" />
    <UnitTestResult executionId="d9f463e2-df76-44d3-a541-095625bdafb2" testId="2c1a929f-c9aa-1a60-f5fb-d8c5d47630d2" testName="TestZipping" computerName="DKSR-EFI-04" duration="00:00:00.0000923" startTime="2023-12-22T09:36:42.5072269+01:00" endTime="2023-12-22T09:36:42.5072269+01:00" testType="13cdc9d9-ddb5-4fa4-a97d-d965ccfc6d4b" outcome="Passed" testListId="8c84fa94-04c1-424b-9868-57a2d4851a1d" relativeResultsDirectory="d9f463e2-df76-44d3-a541-095625bdafb2" />
    <UnitTestResult executionId="47f9dfd6-5b1c-4755-8d90-ab2829849aaa" testId="279cbe84-c17b-472a-0a2a-572a504dae3b" testName="FindNearest" computerName="DKSR-EFI-04" duration="00:00:00.0028159" startTime="2023-12-22T09:36:42.4447262+01:00" endTime="2023-12-22T09:36:42.4603500+01:00" testType="13cdc9d9-ddb5-4fa4-a97d-d965ccfc6d4b" outcome="Passed" testListId="8c84fa94-04c1-424b-9868-57a2d4851a1d" relativeResultsDirectory="47f9dfd6-5b1c-4755-8d90-ab2829849aaa" />
    <UnitTestResult executionId="4d12d6d2-7c74-4ab5-beb5-314a07a6427f" testId="bf6cf16c-c42a-3cbe-d87e-9569bbe97a62" testName="TestFrameNextTimeCorrector" computerName="DKSR-EFI-04" duration="00:00:00.0116822" startTime="2023-12-22T09:35:40.5693970+01:00" endTime="2023-12-22T09:35:40.5693970+01:00" testType="13cdc9d9-ddb5-4fa4-a97d-d965ccfc6d4b" outcome="Passed" testListId="8c84fa94-04c1-424b-9868-57a2d4851a1d" relativeResultsDirectory="4d12d6d2-7c74-4ab5-beb5-314a07a6427f" />
    <UnitTestResult executionId="795d24b7-a19b-424d-a73e-e751be7fa2ca" testId="8fcf50bc-e1ba-c4b7-d19c-1d238b2823ed" testName="PlaybackControllerTest" computerName="DKSR-EFI-04" duration="00:00:00.0837388" startTime="2023-12-22T09:35:40.2725219+01:00" endTime="2023-12-22T09:35:40.4912713+01:00" testType="13cdc9d9-ddb5-4fa4-a97d-d965ccfc6d4b" outcome="Passed" testListId="8c84fa94-04c1-424b-9868-57a2d4851a1d" relativeResultsDirectory="795d24b7-a19b-424d-a73e-e751be7fa2ca" />
    <UnitTestResult executionId="2d2f3e3c-735c-4aaf-b9e6-d59466d69f6e" testId="fca5336a-ced5-0439-bd22-05d1f1795f4e" testName="ToUtcDictionary" computerName="DKSR-EFI-04" duration="00:00:00.0010419" startTime="2023-12-22T09:36:42.4291002+01:00" endTime="2023-12-22T09:36:42.4291002+01:00" testType="13cdc9d9-ddb5-4fa4-a97d-d965ccfc6d4b" outcome="Passed" testListId="8c84fa94-04c1-424b-9868-57a2d4851a1d" relativeResultsDirectory="2d2f3e3c-735c-4aaf-b9e6-d59466d69f6e" />
    <UnitTestResult executionId="bc009459-9f67-4ba1-9632-39bf3ba7d8d9" testId="75936fed-d00b-7036-30c3-5b85178efa1e" testName="Crop_EmptyCollection" computerName="DKSR-EFI-04" duration="00:00:00.0001743" startTime="2023-12-22T09:36:42.4447262+01:00" endTime="2023-12-22T09:36:42.4447262+01:00" testType="13cdc9d9-ddb5-4fa4-a97d-d965ccfc6d4b" outcome="Passed" testListId="8c84fa94-04c1-424b-9868-57a2d4851a1d" relativeResultsDirectory="bc009459-9f67-4ba1-9632-39bf3ba7d8d9" />
    <UnitTestResult executionId="1d9a6e2d-0ceb-436f-bf5f-9c1e28db1b62" testId="3e272343-54e4-b6e0-28d3-9ed88f2a3af2" testName="NotificationServer_ClearMarkedForDeletionDevices" computerName="DKSR-EFI-04" duration="00:00:00.0525744" startTime="2023-12-22T09:36:14.8195792+01:00" endTime="2023-12-22T09:36:14.8820815+01:00" testType="13cdc9d9-ddb5-4fa4-a97d-d965ccfc6d4b" outcome="Passed" testListId="8c84fa94-04c1-424b-9868-57a2d4851a1d" relativeResultsDirectory="1d9a6e2d-0ceb-436f-bf5f-9c1e28db1b62" />
    <UnitTestResult executionId="56dd45b8-f854-4b7c-98a5-13d791c038f7" testId="e1cf2555-2fda-1ced-b108-eb67bb0ed10d" testName="UpperBound_DefaultIfEmpty" computerName="DKSR-EFI-04" duration="00:00:00.0002154" startTime="2023-12-22T09:36:42.4291002+01:00" endTime="2023-12-22T09:36:42.4447262+01:00" testType="13cdc9d9-ddb5-4fa4-a97d-d965ccfc6d4b" outcome="Passed" testListId="8c84fa94-04c1-424b-9868-57a2d4851a1d" relativeResultsDirectory="56dd45b8-f854-4b7c-98a5-13d791c038f7" />
    <UnitTestResult executionId="8f6781fe-1641-4110-80a8-1268f6de2e7d" testId="2b87ffce-e4d4-85b6-4650-017451e5bd17" testName="NotificationServer_ChangeServerMode (Disabled,Enabled,True,True)" computerName="DKSR-EFI-04" duration="00:00:00.0507092" startTime="2023-12-22T09:36:14.9758320+01:00" endTime="2023-12-22T09:36:15.0383314+01:00" testType="13cdc9d9-ddb5-4fa4-a97d-d965ccfc6d4b" outcome="Passed" testListId="8c84fa94-04c1-424b-9868-57a2d4851a1d" relativeResultsDirectory="8f6781fe-1641-4110-80a8-1268f6de2e7d" />
  </Results>
  <TestDefinitions>
    <UnitTest name="NoTimeRange_NoStreams_PlaybackStops (False)" storage="d:\actions-runner\_work\xpco\xpco\mobile\mobileserver\mobileserverbinaries\videoos.mobile.server.test\bin\debug\net472\videoos.mobile.server.service.test.dll" id="0e23ecae-552e-9b69-7d09-db42501daec5">
      <TestCategory>
        <TestCategoryItem TestCategory="Fast" />
      </TestCategory>
      <Execution id="6184e476-5287-49fd-b997-2808e5e8387c" />
      <TestMethod codeBase="D:\actions-runner\_work\XPCO\XPCO\Mobile\MobileServer\MobileServerBinaries\VideoOS.Mobile.Server.Test\bin\Debug\net472\VideoOS.Mobile.Server.Service.Test.dll" adapterTypeName="executor://mstestadapter/v2" className="VideoOS.Mobile.Server.Service.Test.VideoSource.Controllers.PlaybackTimeHandlerTests" name="NoTimeRange_NoStreams_PlaybackStops" />
    </UnitTest>
    <UnitTest name="UpdateRegisteredDeviceOnUpgare (True,Enabled)" storage="d:\actions-runner\_work\xpco\xpco\mobile\mobileserver\mobileserverbinaries\videoos.mobile.server.test\bin\debug\net472\videoos.mobile.server.service.test.dll" id="105eb106-4501-2c1c-557a-c47834ab3f90">
      <TestCategory>
        <TestCategoryItem TestCategory="Fast" />
      </TestCategory>
      <Execution id="528eecdd-f378-45f0-8c42-d20ea20c8487" />
      <TestMethod codeBase="D:\actions-runner\_work\XPCO\XPCO\Mobile\MobileServer\MobileServerBinaries\VideoOS.Mobile.Server.Test\bin\Debug\net472\VideoOS.Mobile.Server.Service.Test.dll" adapterTypeName="executor://mstestadapter/v2" className="VideoOS.Mobile.Server.Service.Test.Notifications.NotificationServerTests" name="UpdateRegisteredDeviceOnUpgare" />
    </UnitTest>
    <UnitTest name="PortMappingTest" storage="d:\actions-runner\_work\xpco\xpco\mobile\mobileserver\mobileserverbinaries\videoos.mobile.server.test\bin\debug\net472\videoos.mobile.server.service.test.dll" id="83d97256-d95d-1f1b-8b5b-293ad2402af8">
      <TestCategory>
        <TestCategoryItem TestCategory="Fast" />
      </TestCategory>
      <Execution id="9e11715d-c24f-49ad-8929-0a48ca73d7ac" />
      <TestMethod codeBase="D:\actions-runner\_work\XPCO\XPCO\Mobile\MobileServer\MobileServerBinaries\VideoOS.Mobile.Server.Test\bin\Debug\net472\VideoOS.Mobile.Server.Service.Test.dll" adapterTypeName="executor://mstestadapter/v2" className="VideoOS.Mobile.Server.Service.Test.Upnp.StaticPortMappingTests" name="PortMappingTest" />
    </UnitTest>
    <UnitTest name="TimeRange_AllStreamsOutOfRange_PlaybackStops_TimeNotChanged" storage="d:\actions-runner\_work\xpco\xpco\mobile\mobileserver\mobileserverbinaries\videoos.mobile.server.test\bin\debug\net472\videoos.mobile.server.service.test.dll" id="5295c69f-84fc-3969-b65c-cdc8732cf9b8">
      <Execution id="5eaeb851-4232-48b6-bbe3-cf17128ba553" />
      <TestMethod codeBase="D:\actions-runner\_work\XPCO\XPCO\Mobile\MobileServer\MobileServerBinaries\VideoOS.Mobile.Server.Test\bin\Debug\net472\VideoOS.Mobile.Server.Service.Test.dll" adapterTypeName="executor://mstestadapter/v2" className="VideoOS.Mobile.Server.Service.Test.VideoSource.Controllers.PlaybackTimeHandlerTests" name="TimeRange_AllStreamsOutOfRange_PlaybackStops_TimeNotChanged" />
    </UnitTest>
    <UnitTest name="TokenManagerClearExpiredTokens" storage="d:\actions-runner\_work\xpco\xpco\mobile\mobileserver\mobileserverbinaries\videoos.mobile.server.test\bin\debug\net472\videoos.mobile.server.service.test.dll" id="fcae8197-aba3-439b-e6ab-3260871df93d">
      <TestCategory>
        <TestCategoryItem TestCategory="LongRunning" />
      </TestCategory>
      <Execution id="190c5eac-4168-4fdd-8e39-f103b537be28" />
      <TestMethod codeBase="D:\actions-runner\_work\XPCO\XPCO\Mobile\MobileServer\MobileServerBinaries\VideoOS.Mobile.Server.Test\bin\Debug\net472\VideoOS.Mobile.Server.Service.Test.dll" adapterTypeName="executor://mstestadapter/v2" className="VideoOS.Mobile.Server.Service.Test.TwoStepsVerification.TokenManagerTests" name="TokenManagerClearExpiredTokens" />
    </UnitTest>
    <UnitTest name="ExportLinkMappingIsSingelton" storage="d:\actions-runner\_work\xpco\xpco\mobile\mobileserver\mobileserverbinaries\videoos.mobile.server.test\bin\debug\net472\videoos.mobile.server.service.test.dll" id="46bd0804-5338-80c3-8d7e-1ba4019c4ebb">
      <Execution id="d6953b57-e82d-44ab-bc79-7c409f2bb345" />
      <TestMethod codeBase="D:\actions-runner\_work\XPCO\XPCO\Mobile\MobileServer\MobileServerBinaries\VideoOS.Mobile.Server.Test\bin\Debug\net472\VideoOS.Mobile.Server.Service.Test.dll" adapterTypeName="executor://mstestadapter/v2" className="VideoOS.Mobile.Server.Service.Test.Export.Mappings.ExportLinkMappingsTests" name="ExportLinkMappingIsSingelton" />
    </UnitTest>
    <UnitTest name="LimitCount_BiDirectional_CenterTimeIsBetweenSequences" storage="d:\actions-runner\_work\xpco\xpco\mobile\mobileserver\mobileserverbinaries\videoos.mobile.server.test\bin\debug\net472\videoos.mobile.server.service.test.dll" id="843241bc-70a1-5e2d-a99f-163982b0c2ea">
      <TestCategory>
        <TestCategoryItem TestCategory="Fast" />
      </TestCategory>
      <Execution id="970de144-29b8-4130-9b2f-b7579f9c64c9" />
      <TestMethod codeBase="D:\actions-runner\_work\XPCO\XPCO\Mobile\MobileServer\MobileServerBinaries\VideoOS.Mobile.Server.Test\bin\Debug\net472\VideoOS.Mobile.Server.Service.Test.dll" adapterTypeName="executor://mstestadapter/v2" className="VideoOS.Mobile.Server.Service.Test.MetaChannel.CommChannel.SequenceHelperTests" name="LimitCount_BiDirectional_CenterTimeIsBetweenSequences" />
    </UnitTest>
    <UnitTest name="NotifiedDeviceDBHelper_GetValue" storage="d:\actions-runner\_work\xpco\xpco\mobile\mobileserver\mobileserverbinaries\videoos.mobile.server.test\bin\debug\net472\videoos.mobile.server.service.test.dll" id="2d23c580-d5c9-130f-febf-facf0e24e9e0">
      <TestCategory>
        <TestCategoryItem TestCategory="Fast" />
      </TestCategory>
      <Execution id="053877ef-a315-41f7-be00-aaddf64b2e49" />
      <TestMethod codeBase="D:\actions-runner\_work\XPCO\XPCO\Mobile\MobileServer\MobileServerBinaries\VideoOS.Mobile.Server.Test\bin\Debug\net472\VideoOS.Mobile.Server.Service.Test.dll" adapterTypeName="executor://mstestadapter/v2" className="VideoOS.Mobile.Server.Service.Test.Notifications.NotifiedDeviceDBHelperTests" name="NotifiedDeviceDBHelper_GetValue" />
    </UnitTest>
    <UnitTest name="LowerBound_DefaultIfLessThanCount" storage="d:\actions-runner\_work\xpco\xpco\mobile\mobileserver\mobileserverbinaries\videoos.mobile.server.test\bin\debug\net472\videoos.mobile.server.service.test.dll" id="5d31ca96-f8e1-be4b-7139-b81c2885f7fd">
      <TestCategory>
        <TestCategoryItem TestCategory="Fast" />
      </TestCategory>
      <Execution id="09195c4e-52f8-4adc-b299-f876ac536d52" />
      <TestMethod codeBase="D:\actions-runner\_work\XPCO\XPCO\Mobile\MobileServer\MobileServerBinaries\VideoOS.Mobile.Server.Test\bin\Debug\net472\VideoOS.Mobile.Server.Service.Test.dll" adapterTypeName="executor://mstestadapter/v2" className="VideoOS.Mobile.Server.Service.Test.MetaChannel.CommChannel.SequenceHelperTests" name="LowerBound_DefaultIfLessThanCount" />
    </UnitTest>
    <UnitTest name="TestFramesAggregationGopNullData" storage="d:\actions-runner\_work\xpco\xpco\mobile\mobileserver\mobileserverbinaries\videoos.mobile.server.test\bin\debug\net472\videoos.mobile.server.service.test.dll" id="0fb4c8ba-4032-76a8-fe53-e54b18754bf3">
      <TestCategory>
        <TestCategoryItem TestCategory="Fast" />
      </TestCategory>
      <Execution id="b826d0d0-fe25-45d9-acef-367fdc40774d" />
      <TestMethod codeBase="D:\actions-runner\_work\XPCO\XPCO\Mobile\MobileServer\MobileServerBinaries\VideoOS.Mobile.Server.Test\bin\Debug\net472\VideoOS.Mobile.Server.Service.Test.dll" adapterTypeName="executor://mstestadapter/v2" className="VideoOS.Mobile.Server.Service.Test.VideoSegmentation.FramesAggregationGopTest" name="TestFramesAggregationGopNullData" />
    </UnitTest>
    <UnitTest name="MobileServerUpnpDeviceBuildFriendlyName_WhenMobileServerNameDoesNotStartsWithOemMobileServerFullProductName_OR_MobileServerNameBefore2019R2_CorrectFriendlyNameIsBuild" storage="d:\actions-runner\_work\xpco\xpco\mobile\mobileserver\mobileserverbinaries\videoos.mobile.server.test\bin\debug\net472\videoos.mobile.server.service.test.dll" id="60cd8535-a353-91ae-9fb6-53de2782725a">
      <TestCategory>
        <TestCategoryItem TestCategory="Fast" />
      </TestCategory>
      <Execution id="05a81478-082f-44f0-8f1f-5430e7886778" />
      <TestMethod codeBase="D:\actions-runner\_work\XPCO\XPCO\Mobile\MobileServer\MobileServerBinaries\VideoOS.Mobile.Server.Test\bin\Debug\net472\VideoOS.Mobile.Server.Service.Test.dll" adapterTypeName="executor://mstestadapter/v2" className="VideoOS.Mobile.Server.Service.Test.Upnp.MobileServerUpnpDeviceTests" name="MobileServerUpnpDeviceBuildFriendlyName_WhenMobileServerNameDoesNotStartsWithOemMobileServerFullProductName_OR_MobileServerNameBefore2019R2_CorrectFriendlyNameIsBuild" />
    </UnitTest>
    <UnitTest name="DisposeAudioInChannelOnUploadError" storage="d:\actions-runner\_work\xpco\xpco\mobile\mobileserver\mobileserverbinaries\videoos.mobile.server.test\bin\debug\net472\videoos.mobile.server.service.test.dll" id="658e86cc-4813-7b16-0481-9782308e96a7">
      <TestCategory>
        <TestCategoryItem TestCategory="Fast" />
      </TestCategory>
      <Execution id="0858c7ee-a8cb-4690-870a-ee540ce27b5c" />
      <TestMethod codeBase="D:\actions-runner\_work\XPCO\XPCO\Mobile\MobileServer\MobileServerBinaries\VideoOS.Mobile.Server.Test\bin\Debug\net472\VideoOS.Mobile.Server.Service.Test.dll" adapterTypeName="executor://mstestadapter/v2" className="VideoOS.Mobile.Server.Service.Test.AudioChannel.AudioChannelInTests" name="DisposeAudioInChannelOnUploadError" />
    </UnitTest>
    <UnitTest name="SingleSourceMultiMessageTest" storage="d:\actions-runner\_work\xpco\xpco\mobile\mobileserver\mobileserverbinaries\videoos.mobile.server.test\bin\debug\net472\videoos.mobile.server.service.test.dll" id="961e61e1-2456-e91e-5ec2-5a68128bd27e">
      <Execution id="6efcbc07-5a6f-4716-a90d-69c90f06b69c" />
      <TestMethod codeBase="D:\actions-runner\_work\XPCO\XPCO\Mobile\MobileServer\MobileServerBinaries\VideoOS.Mobile.Server.Test\bin\Debug\net472\VideoOS.Mobile.Server.Service.Test.dll" adapterTypeName="executor://mstestadapter/v2" className="VideoOS.Mobile.Server.Service.Test.Notifications.NotifiedDeviceTests" name="SingleSourceMultiMessageTest" />
    </UnitTest>
    <UnitTest name="Merge_SubSequence" storage="d:\actions-runner\_work\xpco\xpco\mobile\mobileserver\mobileserverbinaries\videoos.mobile.server.test\bin\debug\net472\videoos.mobile.server.service.test.dll" id="3b2326b4-63b3-e03b-fffe-67a3b45e5d92">
      <TestCategory>
        <TestCategoryItem TestCategory="Fast" />
      </TestCategory>
      <Execution id="d431773a-b125-4886-8fb1-45ba1a89ccfc" />
      <TestMethod codeBase="D:\actions-runner\_work\XPCO\XPCO\Mobile\MobileServer\MobileServerBinaries\VideoOS.Mobile.Server.Test\bin\Debug\net472\VideoOS.Mobile.Server.Service.Test.dll" adapterTypeName="executor://mstestadapter/v2" className="VideoOS.Mobile.Server.Service.Test.MetaChannel.CommChannel.SequenceHelperTests" name="Merge_SubSequence" />
    </UnitTest>
    <UnitTest name="NewConnectionGenerateNewExportDownloadLink" storage="d:\actions-runner\_work\xpco\xpco\mobile\mobileserver\mobileserverbinaries\videoos.mobile.server.test\bin\debug\net472\videoos.mobile.server.service.test.dll" id="3aa36c85-2dd0-8b90-a278-398635156629">
      <Execution id="c772f3bf-8d7f-47dd-a680-8f3f224118be" />
      <TestMethod codeBase="D:\actions-runner\_work\XPCO\XPCO\Mobile\MobileServer\MobileServerBinaries\VideoOS.Mobile.Server.Test\bin\Debug\net472\VideoOS.Mobile.Server.Service.Test.dll" adapterTypeName="executor://mstestadapter/v2" className="VideoOS.Mobile.Server.Service.Test.Export.Mappings.ExportLinkMappingsTests" name="NewConnectionGenerateNewExportDownloadLink" />
    </UnitTest>
    <UnitTest name="DontRecieveInAppOnDenyInAppFlag" storage="d:\actions-runner\_work\xpco\xpco\mobile\mobileserver\mobileserverbinaries\videoos.mobile.server.test\bin\debug\net472\videoos.mobile.server.service.test.dll" id="5bcd8085-565e-3649-4d2d-b4e01d6be2d9">
      <TestCategory>
        <TestCategoryItem TestCategory="LongRunning" />
      </TestCategory>
      <Execution id="8ed8b220-6f69-43aa-867c-9173cd52d34f" />
      <TestMethod codeBase="D:\actions-runner\_work\XPCO\XPCO\Mobile\MobileServer\MobileServerBinaries\VideoOS.Mobile.Server.Test\bin\Debug\net472\VideoOS.Mobile.Server.Service.Test.dll" adapterTypeName="executor://mstestadapter/v2" className="VideoOS.Mobile.Server.Service.Test.Notifications.NotificationServerTests" name="DontRecieveInAppOnDenyInAppFlag" />
    </UnitTest>
    <UnitTest name="NotificationServer_ChangeServerMode (Enabled,Disabled,False,False)" storage="d:\actions-runner\_work\xpco\xpco\mobile\mobileserver\mobileserverbinaries\videoos.mobile.server.test\bin\debug\net472\videoos.mobile.server.service.test.dll" id="4cfbeb6a-f462-186f-da32-c829f3bcd987">
      <TestCategory>
        <TestCategoryItem TestCategory="Fast" />
      </TestCategory>
      <Execution id="61108216-80f7-4c50-9816-8f744faef81d" />
      <TestMethod codeBase="D:\actions-runner\_work\XPCO\XPCO\Mobile\MobileServer\MobileServerBinaries\VideoOS.Mobile.Server.Test\bin\Debug\net472\VideoOS.Mobile.Server.Service.Test.dll" adapterTypeName="executor://mstestadapter/v2" className="VideoOS.Mobile.Server.Service.Test.Notifications.NotificationServerTests" name="NotificationServer_ChangeServerMode" />
    </UnitTest>
    <UnitTest name="TestStartup" storage="d:\actions-runner\_work\xpco\xpco\mobile\mobileserver\mobileserverbinaries\videoos.mobile.server.test\bin\debug\net472\videoos.mobile.server.service.test.dll" id="a8a7d378-b5ac-a332-5874-3372faaecdfc">
      <TestCategory>
        <TestCategoryItem TestCategory="LongRunning" />
      </TestCategory>
      <Execution id="84b7d787-6c50-47ab-992d-65c203b94b18" />
      <TestMethod codeBase="D:\actions-runner\_work\XPCO\XPCO\Mobile\MobileServer\MobileServerBinaries\VideoOS.Mobile.Server.Test\bin\Debug\net472\VideoOS.Mobile.Server.Service.Test.dll" adapterTypeName="executor://mstestadapter/v2" className="VideoOS.Mobile.Server.Service.Test.Notifications.NotificationServerTests" name="TestStartup" />
    </UnitTest>
    <UnitTest name="MobileServerUpnpDeviceBuildFriendlyName_WhenMobileServerNameStartsWithMobileServerNameBefore2019R2_CorrectFriendlyNameIsBuild" storage="d:\actions-runner\_work\xpco\xpco\mobile\mobileserver\mobileserverbinaries\videoos.mobile.server.test\bin\debug\net472\videoos.mobile.server.service.test.dll" id="d76305e7-eb38-ea13-2074-090c736ef772">
      <TestCategory>
        <TestCategoryItem TestCategory="Fast" />
      </TestCategory>
      <Execution id="e81d5106-1c6e-4616-9e3a-6ec22488447a" />
      <TestMethod codeBase="D:\actions-runner\_work\XPCO\XPCO\Mobile\MobileServer\MobileServerBinaries\VideoOS.Mobile.Server.Test\bin\Debug\net472\VideoOS.Mobile.Server.Service.Test.dll" adapterTypeName="executor://mstestadapter/v2" className="VideoOS.Mobile.Server.Service.Test.Upnp.MobileServerUpnpDeviceTests" name="MobileServerUpnpDeviceBuildFriendlyName_WhenMobileServerNameStartsWithMobileServerNameBefore2019R2_CorrectFriendlyNameIsBuild" />
    </UnitTest>
    <UnitTest name="Merge_AdjacentSequences" storage="d:\actions-runner\_work\xpco\xpco\mobile\mobileserver\mobileserverbinaries\videoos.mobile.server.test\bin\debug\net472\videoos.mobile.server.service.test.dll" id="077bdfe8-738a-3fb7-a4c9-2fba8c404517">
      <TestCategory>
        <TestCategoryItem TestCategory="Fast" />
      </TestCategory>
      <Execution id="fafadabf-b1f3-40fc-a57a-e4a60778adca" />
      <TestMethod codeBase="D:\actions-runner\_work\XPCO\XPCO\Mobile\MobileServer\MobileServerBinaries\VideoOS.Mobile.Server.Test\bin\Debug\net472\VideoOS.Mobile.Server.Service.Test.dll" adapterTypeName="executor://mstestadapter/v2" className="VideoOS.Mobile.Server.Service.Test.MetaChannel.CommChannel.SequenceHelperTests" name="Merge_AdjacentSequences" />
    </UnitTest>
    <UnitTest name="TimeRange_SomeStreamsCannotContinue_AutoLoopSet_PlaybackContinues_TimeNotChanged" storage="d:\actions-runner\_work\xpco\xpco\mobile\mobileserver\mobileserverbinaries\videoos.mobile.server.test\bin\debug\net472\videoos.mobile.server.service.test.dll" id="616609a2-f6e9-375f-176e-f91e4c250a85">
      <TestCategory>
        <TestCategoryItem TestCategory="Fast" />
      </TestCategory>
      <Execution id="53fb135b-4be6-44fb-b4a8-e67efdea10da" />
      <TestMethod codeBase="D:\actions-runner\_work\XPCO\XPCO\Mobile\MobileServer\MobileServerBinaries\VideoOS.Mobile.Server.Test\bin\Debug\net472\VideoOS.Mobile.Server.Service.Test.dll" adapterTypeName="executor://mstestadapter/v2" className="VideoOS.Mobile.Server.Service.Test.VideoSource.Controllers.PlaybackTimeHandlerTests" name="TimeRange_SomeStreamsCannotContinue_AutoLoopSet_PlaybackContinues_TimeNotChanged" />
    </UnitTest>
    <UnitTest name="TestAlarmReceipt" storage="d:\actions-runner\_work\xpco\xpco\mobile\mobileserver\mobileserverbinaries\videoos.mobile.server.test\bin\debug\net472\videoos.mobile.server.service.test.dll" id="695947fd-ab15-af19-b497-109455963ef9">
      <TestCategory>
        <TestCategoryItem TestCategory="LongRunning" />
      </TestCategory>
      <Execution id="5b78fe7e-d85c-438b-813c-ed5e31a30ad7" />
      <TestMethod codeBase="D:\actions-runner\_work\XPCO\XPCO\Mobile\MobileServer\MobileServerBinaries\VideoOS.Mobile.Server.Test\bin\Debug\net472\VideoOS.Mobile.Server.Service.Test.dll" adapterTypeName="executor://mstestadapter/v2" className="VideoOS.Mobile.Server.Service.Test.Notifications.NotificationServerTests" name="TestAlarmReceipt" />
    </UnitTest>
    <UnitTest name="ResolveOriginalExportLinkReturnsSameEntryOnNonSuccess" storage="d:\actions-runner\_work\xpco\xpco\mobile\mobileserver\mobileserverbinaries\videoos.mobile.server.test\bin\debug\net472\videoos.mobile.server.service.test.dll" id="72f5d9c9-2aca-601b-72f8-40c336335eb1">
      <Execution id="7ec4f2fa-4639-4591-9a76-6d2d1d3d834e" />
      <TestMethod codeBase="D:\actions-runner\_work\XPCO\XPCO\Mobile\MobileServer\MobileServerBinaries\VideoOS.Mobile.Server.Test\bin\Debug\net472\VideoOS.Mobile.Server.Service.Test.dll" adapterTypeName="executor://mstestadapter/v2" className="VideoOS.Mobile.Server.Service.Test.Export.Mappings.ExportLinkMappingsTests" name="ResolveOriginalExportLinkReturnsSameEntryOnNonSuccess" />
    </UnitTest>
    <UnitTest name="NotificationServer_ChangeServerMode (Disabled,Enabled,True,True)" storage="d:\actions-runner\_work\xpco\xpco\mobile\mobileserver\mobileserverbinaries\videoos.mobile.server.test\bin\debug\net472\videoos.mobile.server.service.test.dll" id="2b87ffce-e4d4-85b6-4650-017451e5bd17">
      <TestCategory>
        <TestCategoryItem TestCategory="Fast" />
      </TestCategory>
      <Execution id="8f6781fe-1641-4110-80a8-1268f6de2e7d" />
      <TestMethod codeBase="D:\actions-runner\_work\XPCO\XPCO\Mobile\MobileServer\MobileServerBinaries\VideoOS.Mobile.Server.Test\bin\Debug\net472\VideoOS.Mobile.Server.Service.Test.dll" adapterTypeName="executor://mstestadapter/v2" className="VideoOS.Mobile.Server.Service.Test.Notifications.NotificationServerTests" name="NotificationServer_ChangeServerMode" />
    </UnitTest>
    <UnitTest name="LowerBound_DefaultIfNoMatchingSequences" storage="d:\actions-runner\_work\xpco\xpco\mobile\mobileserver\mobileserverbinaries\videoos.mobile.server.test\bin\debug\net472\videoos.mobile.server.service.test.dll" id="cb0e4521-ea98-5130-5c0e-99ff7259d652">
      <TestCategory>
        <TestCategoryItem TestCategory="Fast" />
      </TestCategory>
      <Execution id="3eddae78-5679-4a3e-9961-8d72ba40cb69" />
      <TestMethod codeBase="D:\actions-runner\_work\XPCO\XPCO\Mobile\MobileServer\MobileServerBinaries\VideoOS.Mobile.Server.Test\bin\Debug\net472\VideoOS.Mobile.Server.Service.Test.dll" adapterTypeName="executor://mstestadapter/v2" className="VideoOS.Mobile.Server.Service.Test.MetaChannel.CommChannel.SequenceHelperTests" name="LowerBound_DefaultIfNoMatchingSequences" />
    </UnitTest>
    <UnitTest name="Process_EmptyCollection" storage="d:\actions-runner\_work\xpco\xpco\mobile\mobileserver\mobileserverbinaries\videoos.mobile.server.test\bin\debug\net472\videoos.mobile.server.service.test.dll" id="c640307e-9481-70a9-2a00-aa4ccc00433d">
      <TestCategory>
        <TestCategoryItem TestCategory="Fast" />
      </TestCategory>
      <Execution id="d7786f95-1a8c-4b89-afba-6bcceeb3d0fb" />
      <TestMethod codeBase="D:\actions-runner\_work\XPCO\XPCO\Mobile\MobileServer\MobileServerBinaries\VideoOS.Mobile.Server.Test\bin\Debug\net472\VideoOS.Mobile.Server.Service.Test.dll" adapterTypeName="executor://mstestadapter/v2" className="VideoOS.Mobile.Server.Service.Test.MetaChannel.CommChannel.SequenceHelperTests" name="Process_EmptyCollection" />
    </UnitTest>
    <UnitTest name="Crop_SequenceBeforeStart" storage="d:\actions-runner\_work\xpco\xpco\mobile\mobileserver\mobileserverbinaries\videoos.mobile.server.test\bin\debug\net472\videoos.mobile.server.service.test.dll" id="14826e99-3854-d06d-b095-c1b431692ffa">
      <TestCategory>
        <TestCategoryItem TestCategory="Fast" />
      </TestCategory>
      <Execution id="606c8d8a-6c95-4052-b6ae-ce5458e968c4" />
      <TestMethod codeBase="D:\actions-runner\_work\XPCO\XPCO\Mobile\MobileServer\MobileServerBinaries\VideoOS.Mobile.Server.Test\bin\Debug\net472\VideoOS.Mobile.Server.Service.Test.dll" adapterTypeName="executor://mstestadapter/v2" className="VideoOS.Mobile.Server.Service.Test.MetaChannel.CommChannel.SequenceHelperTests" name="Crop_SequenceBeforeStart" />
    </UnitTest>
    <UnitTest name="TimeRange_AllStreamsOutOfRange_AutoLoopSet_PlaybackContinues_TimeChanged" storage="d:\actions-runner\_work\xpco\xpco\mobile\mobileserver\mobileserverbinaries\videoos.mobile.server.test\bin\debug\net472\videoos.mobile.server.service.test.dll" id="579a5192-77f8-fad0-90fe-4c3df1479ce0">
      <Execution id="7f2babdf-da4a-491e-9d82-47069195e138" />
      <TestMethod codeBase="D:\actions-runner\_work\XPCO\XPCO\Mobile\MobileServer\MobileServerBinaries\VideoOS.Mobile.Server.Test\bin\Debug\net472\VideoOS.Mobile.Server.Service.Test.dll" adapterTypeName="executor://mstestadapter/v2" className="VideoOS.Mobile.Server.Service.Test.VideoSource.Controllers.PlaybackTimeHandlerTests" name="TimeRange_AllStreamsOutOfRange_AutoLoopSet_PlaybackContinues_TimeChanged" />
    </UnitTest>
    <UnitTest name="TestExtractToFrame" storage="d:\actions-runner\_work\xpco\xpco\mobile\mobileserver\mobileserverbinaries\videoos.mobile.server.test\bin\debug\net472\videoos.mobile.server.service.test.dll" id="9ae58192-902d-45ad-da74-16152cfd7e09">
      <TestCategory>
        <TestCategoryItem TestCategory="Fast" />
      </TestCategory>
      <Execution id="d1d43a6b-7940-4186-a598-f50707ef8fe7" />
      <TestMethod codeBase="D:\actions-runner\_work\XPCO\XPCO\Mobile\MobileServer\MobileServerBinaries\VideoOS.Mobile.Server.Test\bin\Debug\net472\VideoOS.Mobile.Server.Service.Test.dll" adapterTypeName="executor://mstestadapter/v2" className="VideoOS.Mobile.Server.Service.Test.VideoSegmentation.FramesAggregationGopTest" name="TestExtractToFrame" />
    </UnitTest>
    <UnitTest name="GetDeviceConfigTest" storage="d:\actions-runner\_work\xpco\xpco\mobile\mobileserver\mobileserverbinaries\videoos.mobile.server.test\bin\debug\net472\videoos.mobile.server.service.test.dll" id="34585e59-a803-6fcb-7bd4-5d1ad38d7fb5">
      <TestCategory>
        <TestCategoryItem TestCategory="LongRunning" />
      </TestCategory>
      <Execution id="8df3b44c-9d3e-4dea-a1fa-a33b30c93b94" />
      <TestMethod codeBase="D:\actions-runner\_work\XPCO\XPCO\Mobile\MobileServer\MobileServerBinaries\VideoOS.Mobile.Server.Test\bin\Debug\net472\VideoOS.Mobile.Server.Service.Test.dll" adapterTypeName="executor://mstestadapter/v2" className="VideoOS.Mobile.Server.Service.Test.HttpHandler.HttpUpnpDeviceDescriptionHandlerTests" name="GetDeviceConfigTest" />
    </UnitTest>
    <UnitTest name="TestGetProgress" storage="d:\actions-runner\_work\xpco\xpco\mobile\mobileserver\mobileserverbinaries\videoos.mobile.server.test\bin\debug\net472\videoos.mobile.server.service.test.dll" id="73378cf6-5dcb-d709-99e8-4a0e77682327">
      <TestCategory>
        <TestCategoryItem TestCategory="Fast" />
      </TestCategory>
      <Execution id="223a785f-179b-4730-bc57-3909e93e24d5" />
      <TestMethod codeBase="D:\actions-runner\_work\XPCO\XPCO\Mobile\MobileServer\MobileServerBinaries\VideoOS.Mobile.Server.Test\bin\Debug\net472\VideoOS.Mobile.Server.Service.Test.dll" adapterTypeName="executor://mstestadapter/v2" className="VideoOS.Mobile.Server.Service.Test.Export.Helpers.ExportProgressRetrieverTests" name="TestGetProgress" />
    </UnitTest>
    <UnitTest name="MyAlarmsCurrentUserFilterTest" storage="d:\actions-runner\_work\xpco\xpco\mobile\mobileserver\mobileserverbinaries\videoos.mobile.server.test\bin\debug\net472\videoos.mobile.server.service.test.dll" id="f9aed972-9288-8009-e68b-9fe007e08cf8">
      <Execution id="960a83b2-6b0e-4dab-a62a-5f8c61809850" />
      <TestMethod codeBase="D:\actions-runner\_work\XPCO\XPCO\Mobile\MobileServer\MobileServerBinaries\VideoOS.Mobile.Server.Test\bin\Debug\net472\VideoOS.Mobile.Server.Service.Test.dll" adapterTypeName="executor://mstestadapter/v2" className="VideoOS.Mobile.Server.Service.Test.Notifications.NotifiedDeviceTests" name="MyAlarmsCurrentUserFilterTest" />
    </UnitTest>
    <UnitTest name="NoStreamsInitialized_PlaybackContinues_TimeNotChanged (True,False,True)" storage="d:\actions-runner\_work\xpco\xpco\mobile\mobileserver\mobileserverbinaries\videoos.mobile.server.test\bin\debug\net472\videoos.mobile.server.service.test.dll" id="dd3c2797-855e-0f1d-e5c7-a5425cee53c6">
      <Execution id="ef540765-257a-44d5-8d1c-d7878892ddd5" />
      <TestMethod codeBase="D:\actions-runner\_work\XPCO\XPCO\Mobile\MobileServer\MobileServerBinaries\VideoOS.Mobile.Server.Test\bin\Debug\net472\VideoOS.Mobile.Server.Service.Test.dll" adapterTypeName="executor://mstestadapter/v2" className="VideoOS.Mobile.Server.Service.Test.VideoSource.Controllers.PlaybackTimeHandlerTests" name="NoStreamsInitialized_PlaybackContinues_TimeNotChanged" />
    </UnitTest>
    <UnitTest name="MobileServerUpnpDeviceTest" storage="d:\actions-runner\_work\xpco\xpco\mobile\mobileserver\mobileserverbinaries\videoos.mobile.server.test\bin\debug\net472\videoos.mobile.server.service.test.dll" id="fdcbb6e5-5341-0c93-e066-96978cef9f19">
      <TestCategory>
        <TestCategoryItem TestCategory="Fast" />
      </TestCategory>
      <Execution id="52ddde06-3a2b-4ab6-ae9d-7dadcd39bcbf" />
      <TestMethod codeBase="D:\actions-runner\_work\XPCO\XPCO\Mobile\MobileServer\MobileServerBinaries\VideoOS.Mobile.Server.Test\bin\Debug\net472\VideoOS.Mobile.Server.Service.Test.dll" adapterTypeName="executor://mstestadapter/v2" className="VideoOS.Mobile.Server.Service.Test.Upnp.MobileServerUpnpDeviceTests" name="MobileServerUpnpDeviceTest" />
    </UnitTest>
    <UnitTest name="Crop_SequenceAfterEnd" storage="d:\actions-runner\_work\xpco\xpco\mobile\mobileserver\mobileserverbinaries\videoos.mobile.server.test\bin\debug\net472\videoos.mobile.server.service.test.dll" id="23f37eb5-62bb-5f8e-e896-e398dc0a460e">
      <TestCategory>
        <TestCategoryItem TestCategory="Fast" />
      </TestCategory>
      <Execution id="96c59ec7-ee35-4b73-b249-98d9351e7e2a" />
      <TestMethod codeBase="D:\actions-runner\_work\XPCO\XPCO\Mobile\MobileServer\MobileServerBinaries\VideoOS.Mobile.Server.Test\bin\Debug\net472\VideoOS.Mobile.Server.Service.Test.dll" adapterTypeName="executor://mstestadapter/v2" className="VideoOS.Mobile.Server.Service.Test.MetaChannel.CommChannel.SequenceHelperTests" name="Crop_SequenceAfterEnd" />
    </UnitTest>
    <UnitTest name="RemoveAllExportLinksFromConnectionSuccessfully" storage="d:\actions-runner\_work\xpco\xpco\mobile\mobileserver\mobileserverbinaries\videoos.mobile.server.test\bin\debug\net472\videoos.mobile.server.service.test.dll" id="c2131a44-b7e4-51da-99b6-d8f5f9329b01">
      <Execution id="b59c9a9c-2f0f-4a63-96ba-b615f18ddb94" />
      <TestMethod codeBase="D:\actions-runner\_work\XPCO\XPCO\Mobile\MobileServer\MobileServerBinaries\VideoOS.Mobile.Server.Test\bin\Debug\net472\VideoOS.Mobile.Server.Service.Test.dll" adapterTypeName="executor://mstestadapter/v2" className="VideoOS.Mobile.Server.Service.Test.Export.Mappings.ExportLinkMappingsTests" name="RemoveAllExportLinksFromConnectionSuccessfully" />
    </UnitTest>
    <UnitTest name="CameraRetrieverTest" storage="d:\actions-runner\_work\xpco\xpco\mobile\mobileserver\mobileserverbinaries\videoos.mobile.server.test\bin\debug\net472\videoos.mobile.server.service.test.dll" id="b50608b1-c43e-54e0-6398-43807433436a">
      <TestCategory>
        <TestCategoryItem TestCategory="Fast" />
      </TestCategory>
      <Execution id="b8c39dfe-03f4-45da-ae03-6a4b5830645d" />
      <TestMethod codeBase="D:\actions-runner\_work\XPCO\XPCO\Mobile\MobileServer\MobileServerBinaries\VideoOS.Mobile.Server.Test\bin\Debug\net472\VideoOS.Mobile.Server.Service.Test.dll" adapterTypeName="executor://mstestadapter/v2" className="VideoOS.Mobile.Server.Service.Test.Export.Helpers.CameraRetrieverTests" name="CameraRetrieverTest" />
    </UnitTest>
    <UnitTest name="Merge_Multiple" storage="d:\actions-runner\_work\xpco\xpco\mobile\mobileserver\mobileserverbinaries\videoos.mobile.server.test\bin\debug\net472\videoos.mobile.server.service.test.dll" id="d63b4ad9-4771-5a8e-32d1-c272360abe6c">
      <TestCategory>
        <TestCategoryItem TestCategory="Fast" />
      </TestCategory>
      <Execution id="f48c41b5-9423-4a06-bc97-8347fafb3c7f" />
      <TestMethod codeBase="D:\actions-runner\_work\XPCO\XPCO\Mobile\MobileServer\MobileServerBinaries\VideoOS.Mobile.Server.Test\bin\Debug\net472\VideoOS.Mobile.Server.Service.Test.dll" adapterTypeName="executor://mstestadapter/v2" className="VideoOS.Mobile.Server.Service.Test.MetaChannel.CommChannel.SequenceHelperTests" name="Merge_Multiple" />
    </UnitTest>
    <UnitTest name="TestConvertion" storage="d:\actions-runner\_work\xpco\xpco\mobile\mobileserver\mobileserverbinaries\videoos.mobile.server.test\bin\debug\net472\videoos.mobile.server.service.test.dll" id="653eb4dd-8d66-7123-b216-dfc6e5abf3ae">
      <TestCategory>
        <TestCategoryItem TestCategory="Fast" />
      </TestCategory>
      <Execution id="64a84bf8-1eca-4744-9696-fb3501ca8757" />
      <TestMethod codeBase="D:\actions-runner\_work\XPCO\XPCO\Mobile\MobileServer\MobileServerBinaries\VideoOS.Mobile.Server.Test\bin\Debug\net472\VideoOS.Mobile.Server.Service.Test.dll" adapterTypeName="executor://mstestadapter/v2" className="VideoOS.Mobile.Server.Service.Test.Investigations.InvestigationFromExportTests" name="TestConvertion" />
    </UnitTest>
    <UnitTest name="SentSourceLinesCompleteCleanupTest" storage="d:\actions-runner\_work\xpco\xpco\mobile\mobileserver\mobileserverbinaries\videoos.mobile.server.test\bin\debug\net472\videoos.mobile.server.service.test.dll" id="3befcbf9-d8fa-2b82-1621-be80176cac1d">
      <Execution id="d3d59818-1319-4ebc-a24f-c33f32018058" />
      <TestMethod codeBase="D:\actions-runner\_work\XPCO\XPCO\Mobile\MobileServer\MobileServerBinaries\VideoOS.Mobile.Server.Test\bin\Debug\net472\VideoOS.Mobile.Server.Service.Test.dll" adapterTypeName="executor://mstestadapter/v2" className="VideoOS.Mobile.Server.Service.Test.Notifications.NotifiedDeviceTests" name="SentSourceLinesCompleteCleanupTest" />
    </UnitTest>
    <UnitTest name="UpdateRegisteredDeviceOnUpgare (False,Disabled)" storage="d:\actions-runner\_work\xpco\xpco\mobile\mobileserver\mobileserverbinaries\videoos.mobile.server.test\bin\debug\net472\videoos.mobile.server.service.test.dll" id="7fbc5e13-38f8-1e17-d0ec-bf110ae4f9e2">
      <TestCategory>
        <TestCategoryItem TestCategory="Fast" />
      </TestCategory>
      <Execution id="6986a143-5417-4596-a209-e3f4190f48e0" />
      <TestMethod codeBase="D:\actions-runner\_work\XPCO\XPCO\Mobile\MobileServer\MobileServerBinaries\VideoOS.Mobile.Server.Test\bin\Debug\net472\VideoOS.Mobile.Server.Service.Test.dll" adapterTypeName="executor://mstestadapter/v2" className="VideoOS.Mobile.Server.Service.Test.Notifications.NotificationServerTests" name="UpdateRegisteredDeviceOnUpgare" />
    </UnitTest>
    <UnitTest name="UpperBound_DefaultIfEmpty" storage="d:\actions-runner\_work\xpco\xpco\mobile\mobileserver\mobileserverbinaries\videoos.mobile.server.test\bin\debug\net472\videoos.mobile.server.service.test.dll" id="e1cf2555-2fda-1ced-b108-eb67bb0ed10d">
      <TestCategory>
        <TestCategoryItem TestCategory="Fast" />
      </TestCategory>
      <Execution id="56dd45b8-f854-4b7c-98a5-13d791c038f7" />
      <TestMethod codeBase="D:\actions-runner\_work\XPCO\XPCO\Mobile\MobileServer\MobileServerBinaries\VideoOS.Mobile.Server.Test\bin\Debug\net472\VideoOS.Mobile.Server.Service.Test.dll" adapterTypeName="executor://mstestadapter/v2" className="VideoOS.Mobile.Server.Service.Test.MetaChannel.CommChannel.SequenceHelperTests" name="UpperBound_DefaultIfEmpty" />
    </UnitTest>
    <UnitTest name="TestGetProgressWhenMissing" storage="d:\actions-runner\_work\xpco\xpco\mobile\mobileserver\mobileserverbinaries\videoos.mobile.server.test\bin\debug\net472\videoos.mobile.server.service.test.dll" id="e15ff0c0-efa9-9055-b160-e2403b7226ad">
      <TestCategory>
        <TestCategoryItem TestCategory="Fast" />
      </TestCategory>
      <Execution id="b4f42ee7-b03f-4c20-bf74-bf8c0770bc95" />
      <TestMethod codeBase="D:\actions-runner\_work\XPCO\XPCO\Mobile\MobileServer\MobileServerBinaries\VideoOS.Mobile.Server.Test\bin\Debug\net472\VideoOS.Mobile.Server.Service.Test.dll" adapterTypeName="executor://mstestadapter/v2" className="VideoOS.Mobile.Server.Service.Test.Export.Helpers.ExportProgressRetrieverTests" name="TestGetProgressWhenMissing" />
    </UnitTest>
    <UnitTest name="TestFramesAggregationTimeout" storage="d:\actions-runner\_work\xpco\xpco\mobile\mobileserver\mobileserverbinaries\videoos.mobile.server.test\bin\debug\net472\videoos.mobile.server.service.test.dll" id="5b222a5c-ffb3-2d2f-2662-eb0375534541">
      <TestCategory>
        <TestCategoryItem TestCategory="Fast" />
      </TestCategory>
      <Execution id="09ff004a-ea89-44cd-abff-13fb155f3492" />
      <TestMethod codeBase="D:\actions-runner\_work\XPCO\XPCO\Mobile\MobileServer\MobileServerBinaries\VideoOS.Mobile.Server.Test\bin\Debug\net472\VideoOS.Mobile.Server.Service.Test.dll" adapterTypeName="executor://mstestadapter/v2" className="VideoOS.Mobile.Server.Service.Test.VideoSegmentation.FramesAggregationTimeoutTest" name="TestFramesAggregationTimeout" />
    </UnitTest>
    <UnitTest name="TestUnregisteredDevice" storage="d:\actions-runner\_work\xpco\xpco\mobile\mobileserver\mobileserverbinaries\videoos.mobile.server.test\bin\debug\net472\videoos.mobile.server.service.test.dll" id="25300573-3b48-a1be-0745-3328f971699b">
      <TestCategory>
        <TestCategoryItem TestCategory="Fast" />
      </TestCategory>
      <Execution id="679e4160-ac74-4915-b100-0dd63d0baae0" />
      <TestMethod codeBase="D:\actions-runner\_work\XPCO\XPCO\Mobile\MobileServer\MobileServerBinaries\VideoOS.Mobile.Server.Test\bin\Debug\net472\VideoOS.Mobile.Server.Service.Test.dll" adapterTypeName="executor://mstestadapter/v2" className="VideoOS.Mobile.Server.Service.Test.Notifications.NotificationServerTests" name="TestUnregisteredDevice" />
    </UnitTest>
    <UnitTest name="StrongPasswordMustBeValid" storage="d:\actions-runner\_work\xpco\xpco\mobile\mobileserver\mobileserverbinaries\videoos.mobile.server.test\bin\debug\net472\videoos.mobile.server.service.test.dll" id="920689bb-83fd-a7a7-ce0c-fa7d4e91572e">
      <TestCategory>
        <TestCategoryItem TestCategory="Fast" />
      </TestCategory>
      <Execution id="cc18e102-4efe-44ac-bf11-d5a7c87dc97b" />
      <TestMethod codeBase="D:\actions-runner\_work\XPCO\XPCO\Mobile\MobileServer\MobileServerBinaries\VideoOS.Mobile.Server.Test\bin\Debug\net472\VideoOS.Mobile.Server.Service.Test.dll" adapterTypeName="executor://mstestadapter/v2" className="VideoOS.Mobile.Server.Service.Test.Export.Helpers.PasswordValidatorTests" name="StrongPasswordMustBeValid" />
    </UnitTest>
    <UnitTest name="NotifiedDeviceDBHelper_GetDevicesIds" storage="d:\actions-runner\_work\xpco\xpco\mobile\mobileserver\mobileserverbinaries\videoos.mobile.server.test\bin\debug\net472\videoos.mobile.server.service.test.dll" id="bce7df3c-3eb5-4c4f-31cd-0c181bc6cd33">
      <TestCategory>
        <TestCategoryItem TestCategory="Fast" />
      </TestCategory>
      <Execution id="b6f9003f-bb9d-45ff-8f77-d0dba49e10be" />
      <TestMethod codeBase="D:\actions-runner\_work\XPCO\XPCO\Mobile\MobileServer\MobileServerBinaries\VideoOS.Mobile.Server.Test\bin\Debug\net472\VideoOS.Mobile.Server.Service.Test.dll" adapterTypeName="executor://mstestadapter/v2" className="VideoOS.Mobile.Server.Service.Test.Notifications.NotifiedDeviceDBHelperTests" name="NotifiedDeviceDBHelper_GetDevicesIds" />
    </UnitTest>
    <UnitTest name="NotifiedDeviceDBHelper_GetAllDeviceKeys" storage="d:\actions-runner\_work\xpco\xpco\mobile\mobileserver\mobileserverbinaries\videoos.mobile.server.test\bin\debug\net472\videoos.mobile.server.service.test.dll" id="5a554827-3a24-7d57-4eaa-c33dd72ab5e0">
      <TestCategory>
        <TestCategoryItem TestCategory="Fast" />
      </TestCategory>
      <Execution id="3b909b19-82d7-4fa0-a214-1e8a38ca62b9" />
      <TestMethod codeBase="D:\actions-runner\_work\XPCO\XPCO\Mobile\MobileServer\MobileServerBinaries\VideoOS.Mobile.Server.Test\bin\Debug\net472\VideoOS.Mobile.Server.Service.Test.dll" adapterTypeName="executor://mstestadapter/v2" className="VideoOS.Mobile.Server.Service.Test.Notifications.NotifiedDeviceDBHelperTests" name="NotifiedDeviceDBHelper_GetAllDeviceKeys" />
    </UnitTest>
    <UnitTest name="LimitCount_EmptyCollection" storage="d:\actions-runner\_work\xpco\xpco\mobile\mobileserver\mobileserverbinaries\videoos.mobile.server.test\bin\debug\net472\videoos.mobile.server.service.test.dll" id="b2d563c2-6970-cecf-45cc-5949c020c131">
      <TestCategory>
        <TestCategoryItem TestCategory="Fast" />
      </TestCategory>
      <Execution id="fb4c5f18-a2e2-4bc6-a314-00de84cfa8a9" />
      <TestMethod codeBase="D:\actions-runner\_work\XPCO\XPCO\Mobile\MobileServer\MobileServerBinaries\VideoOS.Mobile.Server.Test\bin\Debug\net472\VideoOS.Mobile.Server.Service.Test.dll" adapterTypeName="executor://mstestadapter/v2" className="VideoOS.Mobile.Server.Service.Test.MetaChannel.CommChannel.SequenceHelperTests" name="LimitCount_EmptyCollection" />
    </UnitTest>
    <UnitTest name="NotificationServer_ClearMarkedForDeletionDevices" storage="d:\actions-runner\_work\xpco\xpco\mobile\mobileserver\mobileserverbinaries\videoos.mobile.server.test\bin\debug\net472\videoos.mobile.server.service.test.dll" id="3e272343-54e4-b6e0-28d3-9ed88f2a3af2">
      <TestCategory>
        <TestCategoryItem TestCategory="Fast" />
      </TestCategory>
      <Execution id="1d9a6e2d-0ceb-436f-bf5f-9c1e28db1b62" />
      <TestMethod codeBase="D:\actions-runner\_work\XPCO\XPCO\Mobile\MobileServer\MobileServerBinaries\VideoOS.Mobile.Server.Test\bin\Debug\net472\VideoOS.Mobile.Server.Service.Test.dll" adapterTypeName="executor://mstestadapter/v2" className="VideoOS.Mobile.Server.Service.Test.Notifications.NotificationServerTests" name="NotificationServer_ClearMarkedForDeletionDevices" />
    </UnitTest>
    <UnitTest name="UpdateAbsConfigTest" storage="d:\actions-runner\_work\xpco\xpco\mobile\mobileserver\mobileserverbinaries\videoos.mobile.server.test\bin\debug\net472\videoos.mobile.server.service.test.dll" id="6cdf27ab-1813-f286-26f2-399f3b4e6106">
      <TestCategory>
        <TestCategoryItem TestCategory="LongRunning" />
      </TestCategory>
      <Execution id="0b3792f4-db56-4c1f-b4cf-42c6319cee03" />
      <TestMethod codeBase="D:\actions-runner\_work\XPCO\XPCO\Mobile\MobileServer\MobileServerBinaries\VideoOS.Mobile.Server.Test\bin\Debug\net472\VideoOS.Mobile.Server.Service.Test.dll" adapterTypeName="executor://mstestadapter/v2" className="VideoOS.Mobile.Server.Service.Test.OnlineServices.AddressBookManagerTests" name="UpdateAbsConfigTest" />
    </UnitTest>
    <UnitTest name="FindNearestPrev" storage="d:\actions-runner\_work\xpco\xpco\mobile\mobileserver\mobileserverbinaries\videoos.mobile.server.test\bin\debug\net472\videoos.mobile.server.service.test.dll" id="d9cd02ac-eca8-2ffd-3fad-2720f47cede6">
      <TestCategory>
        <TestCategoryItem TestCategory="Fast" />
      </TestCategory>
      <Execution id="53af4c3a-e886-485b-a808-cc76b974914b" />
      <TestMethod codeBase="D:\actions-runner\_work\XPCO\XPCO\Mobile\MobileServer\MobileServerBinaries\VideoOS.Mobile.Server.Test\bin\Debug\net472\VideoOS.Mobile.Server.Service.Test.dll" adapterTypeName="executor://mstestadapter/v2" className="VideoOS.Mobile.Server.Service.Test.MetaChannel.CommChannel.SequenceHelperTests" name="FindNearestPrev" />
    </UnitTest>
    <UnitTest name="UpperBound_DefaultIfLessThanCount" storage="d:\actions-runner\_work\xpco\xpco\mobile\mobileserver\mobileserverbinaries\videoos.mobile.server.test\bin\debug\net472\videoos.mobile.server.service.test.dll" id="75ef5a5e-0b0a-ffb2-f4ab-4e286bea63b5">
      <TestCategory>
        <TestCategoryItem TestCategory="Fast" />
      </TestCategory>
      <Execution id="181da342-60c7-447c-803d-8a180f9f8c30" />
      <TestMethod codeBase="D:\actions-runner\_work\XPCO\XPCO\Mobile\MobileServer\MobileServerBinaries\VideoOS.Mobile.Server.Test\bin\Debug\net472\VideoOS.Mobile.Server.Service.Test.dll" adapterTypeName="executor://mstestadapter/v2" className="VideoOS.Mobile.Server.Service.Test.MetaChannel.CommChannel.SequenceHelperTests" name="UpperBound_DefaultIfLessThanCount" />
    </UnitTest>
    <UnitTest name="TestCreateSegmentFromGopOnValidGop" storage="d:\actions-runner\_work\xpco\xpco\mobile\mobileserver\mobileserverbinaries\videoos.mobile.server.test\bin\debug\net472\videoos.mobile.server.service.test.dll" id="f1288a66-ac3c-4fa3-7a4a-0822a024fc17">
      <TestCategory>
        <TestCategoryItem TestCategory="Fast" />
      </TestCategory>
      <Execution id="72a45260-35d5-49b3-8f0d-4e915543618f" />
      <TestMethod codeBase="D:\actions-runner\_work\XPCO\XPCO\Mobile\MobileServer\MobileServerBinaries\VideoOS.Mobile.Server.Test\bin\Debug\net472\VideoOS.Mobile.Server.Service.Test.dll" adapterTypeName="executor://mstestadapter/v2" className="VideoOS.Mobile.Server.Service.Test.VideoSegmentation.SegmenterTests" name="TestCreateSegmentFromGopOnValidGop" />
    </UnitTest>
    <UnitTest name="TokenManagerTest" storage="d:\actions-runner\_work\xpco\xpco\mobile\mobileserver\mobileserverbinaries\videoos.mobile.server.test\bin\debug\net472\videoos.mobile.server.service.test.dll" id="da583c0c-cf07-1469-00b5-f41da10f88c7">
      <TestCategory>
        <TestCategoryItem TestCategory="LongRunning" />
      </TestCategory>
      <Execution id="80c86681-334d-4f1d-9e17-4938fd218d42" />
      <TestMethod codeBase="D:\actions-runner\_work\XPCO\XPCO\Mobile\MobileServer\MobileServerBinaries\VideoOS.Mobile.Server.Test\bin\Debug\net472\VideoOS.Mobile.Server.Service.Test.dll" adapterTypeName="executor://mstestadapter/v2" className="VideoOS.Mobile.Server.Service.Test.TwoStepsVerification.TokenManagerTests" name="TokenManagerTest" />
    </UnitTest>
    <UnitTest name="RecieveInAppNotification" storage="d:\actions-runner\_work\xpco\xpco\mobile\mobileserver\mobileserverbinaries\videoos.mobile.server.test\bin\debug\net472\videoos.mobile.server.service.test.dll" id="7a3f3991-c4a6-4f10-d06d-b093bfaca0ff">
      <TestCategory>
        <TestCategoryItem TestCategory="LongRunning" />
      </TestCategory>
      <Execution id="08f56594-f6ba-433d-a79c-7429786ff61f" />
      <TestMethod codeBase="D:\actions-runner\_work\XPCO\XPCO\Mobile\MobileServer\MobileServerBinaries\VideoOS.Mobile.Server.Test\bin\Debug\net472\VideoOS.Mobile.Server.Service.Test.dll" adapterTypeName="executor://mstestadapter/v2" className="VideoOS.Mobile.Server.Service.Test.Notifications.NotificationServerTests" name="RecieveInAppNotification" />
    </UnitTest>
    <UnitTest name="NotifiedDeviceDBHelper_RemoveMIPSettings" storage="d:\actions-runner\_work\xpco\xpco\mobile\mobileserver\mobileserverbinaries\videoos.mobile.server.test\bin\debug\net472\videoos.mobile.server.service.test.dll" id="a74e042a-ba76-98d9-ee95-796000a6ab92">
      <TestCategory>
        <TestCategoryItem TestCategory="Fast" />
      </TestCategory>
      <Execution id="a5c3460b-e9cc-4893-8c40-5de8c91cc240" />
      <TestMethod codeBase="D:\actions-runner\_work\XPCO\XPCO\Mobile\MobileServer\MobileServerBinaries\VideoOS.Mobile.Server.Test\bin\Debug\net472\VideoOS.Mobile.Server.Service.Test.dll" adapterTypeName="executor://mstestadapter/v2" className="VideoOS.Mobile.Server.Service.Test.Notifications.NotifiedDeviceDBHelperTests" name="NotifiedDeviceDBHelper_RemoveMIPSettings" />
    </UnitTest>
    <UnitTest name="Crop_EmptyCollection" storage="d:\actions-runner\_work\xpco\xpco\mobile\mobileserver\mobileserverbinaries\videoos.mobile.server.test\bin\debug\net472\videoos.mobile.server.service.test.dll" id="75936fed-d00b-7036-30c3-5b85178efa1e">
      <TestCategory>
        <TestCategoryItem TestCategory="Fast" />
      </TestCategory>
      <Execution id="bc009459-9f67-4ba1-9632-39bf3ba7d8d9" />
      <TestMethod codeBase="D:\actions-runner\_work\XPCO\XPCO\Mobile\MobileServer\MobileServerBinaries\VideoOS.Mobile.Server.Test\bin\Debug\net472\VideoOS.Mobile.Server.Service.Test.dll" adapterTypeName="executor://mstestadapter/v2" className="VideoOS.Mobile.Server.Service.Test.MetaChannel.CommChannel.SequenceHelperTests" name="Crop_EmptyCollection" />
    </UnitTest>
    <UnitTest name="TestCorrectExportStatus" storage="d:\actions-runner\_work\xpco\xpco\mobile\mobileserver\mobileserverbinaries\videoos.mobile.server.test\bin\debug\net472\videoos.mobile.server.service.test.dll" id="4e39aa95-59c8-50f5-8987-2a60a3d43e6f">
      <TestCategory>
        <TestCategoryItem TestCategory="Fast" />
      </TestCategory>
      <Execution id="1fbee764-9444-4b77-a649-a43da29924d8" />
      <TestMethod codeBase="D:\actions-runner\_work\XPCO\XPCO\Mobile\MobileServer\MobileServerBinaries\VideoOS.Mobile.Server.Test\bin\Debug\net472\VideoOS.Mobile.Server.Service.Test.dll" adapterTypeName="executor://mstestadapter/v2" className="VideoOS.Mobile.Server.Service.Test.Export.Helpers.ExportProgressRetrieverTests" name="TestCorrectExportStatus" />
    </UnitTest>
    <UnitTest name="TestFramesAggregationGop" storage="d:\actions-runner\_work\xpco\xpco\mobile\mobileserver\mobileserverbinaries\videoos.mobile.server.test\bin\debug\net472\videoos.mobile.server.service.test.dll" id="983ef294-11a5-cf4c-484c-2bc69371cf80">
      <TestCategory>
        <TestCategoryItem TestCategory="Fast" />
      </TestCategory>
      <Execution id="b0b241cd-9a49-4f1e-b129-de30cc3d9b06" />
      <TestMethod codeBase="D:\actions-runner\_work\XPCO\XPCO\Mobile\MobileServer\MobileServerBinaries\VideoOS.Mobile.Server.Test\bin\Debug\net472\VideoOS.Mobile.Server.Service.Test.dll" adapterTypeName="executor://mstestadapter/v2" className="VideoOS.Mobile.Server.Service.Test.VideoSegmentation.FramesAggregationGopTest" name="TestFramesAggregationGop" />
    </UnitTest>
    <UnitTest name="ResolveOriginalExportLinkSuccessfully" storage="d:\actions-runner\_work\xpco\xpco\mobile\mobileserver\mobileserverbinaries\videoos.mobile.server.test\bin\debug\net472\videoos.mobile.server.service.test.dll" id="476c285b-2ec0-2d3d-827c-113095574a5c">
      <Execution id="82cba623-40f8-47c2-88c2-d7d786255884" />
      <TestMethod codeBase="D:\actions-runner\_work\XPCO\XPCO\Mobile\MobileServer\MobileServerBinaries\VideoOS.Mobile.Server.Test\bin\Debug\net472\VideoOS.Mobile.Server.Service.Test.dll" adapterTypeName="executor://mstestadapter/v2" className="VideoOS.Mobile.Server.Service.Test.Export.Mappings.ExportLinkMappingsTests" name="ResolveOriginalExportLinkSuccessfully" />
    </UnitTest>
    <UnitTest name="InitializeAndSendDataToDirectSpeakControllerCorrectly" storage="d:\actions-runner\_work\xpco\xpco\mobile\mobileserver\mobileserverbinaries\videoos.mobile.server.test\bin\debug\net472\videoos.mobile.server.service.test.dll" id="2b185191-d784-ef47-2960-91e966efe210">
      <TestCategory>
        <TestCategoryItem TestCategory="LongRunning" />
      </TestCategory>
      <Execution id="463d399e-af9a-4f6b-897b-ce83944e2ef2" />
      <TestMethod codeBase="D:\actions-runner\_work\XPCO\XPCO\Mobile\MobileServer\MobileServerBinaries\VideoOS.Mobile.Server.Test\bin\Debug\net472\VideoOS.Mobile.Server.Service.Test.dll" adapterTypeName="executor://mstestadapter/v2" className="VideoOS.Mobile.Server.Service.Test.AudioUpload.AudioUploadChannelTests" name="InitializeAndSendDataToDirectSpeakControllerCorrectly" />
    </UnitTest>
    <UnitTest name="NoStreamsInitialized_PlaybackContinues_TimeNotChanged (True,True,True)" storage="d:\actions-runner\_work\xpco\xpco\mobile\mobileserver\mobileserverbinaries\videoos.mobile.server.test\bin\debug\net472\videoos.mobile.server.service.test.dll" id="099d273f-3455-d277-0524-fce1683fa8e0">
      <Execution id="a0629413-3a9d-4bcd-91a9-28cde8c12adf" />
      <TestMethod codeBase="D:\actions-runner\_work\XPCO\XPCO\Mobile\MobileServer\MobileServerBinaries\VideoOS.Mobile.Server.Test\bin\Debug\net472\VideoOS.Mobile.Server.Service.Test.dll" adapterTypeName="executor://mstestadapter/v2" className="VideoOS.Mobile.Server.Service.Test.VideoSource.Controllers.PlaybackTimeHandlerTests" name="NoStreamsInitialized_PlaybackContinues_TimeNotChanged" />
    </UnitTest>
    <UnitTest name="NoTimeRange_NoStreams_PlaybackStops (True)" storage="d:\actions-runner\_work\xpco\xpco\mobile\mobileserver\mobileserverbinaries\videoos.mobile.server.test\bin\debug\net472\videoos.mobile.server.service.test.dll" id="c7add7de-4d0b-fb53-4a9b-324c1c5812ce">
      <TestCategory>
        <TestCategoryItem TestCategory="Fast" />
      </TestCategory>
      <Execution id="c5cda699-594d-41e1-a60e-baf10931ad20" />
      <TestMethod codeBase="D:\actions-runner\_work\XPCO\XPCO\Mobile\MobileServer\MobileServerBinaries\VideoOS.Mobile.Server.Test\bin\Debug\net472\VideoOS.Mobile.Server.Service.Test.dll" adapterTypeName="executor://mstestadapter/v2" className="VideoOS.Mobile.Server.Service.Test.VideoSource.Controllers.PlaybackTimeHandlerTests" name="NoTimeRange_NoStreams_PlaybackStops" />
    </UnitTest>
    <UnitTest name="ToUtcDictionary_EmptyCollection" storage="d:\actions-runner\_work\xpco\xpco\mobile\mobileserver\mobileserverbinaries\videoos.mobile.server.test\bin\debug\net472\videoos.mobile.server.service.test.dll" id="58f05b1e-bbb6-5ade-77e5-5dcdd9ed36fa">
      <TestCategory>
        <TestCategoryItem TestCategory="Fast" />
      </TestCategory>
      <Execution id="6087f5e8-3339-4736-99a9-2ff7c4809f9d" />
      <TestMethod codeBase="D:\actions-runner\_work\XPCO\XPCO\Mobile\MobileServer\MobileServerBinaries\VideoOS.Mobile.Server.Test\bin\Debug\net472\VideoOS.Mobile.Server.Service.Test.dll" adapterTypeName="executor://mstestadapter/v2" className="VideoOS.Mobile.Server.Service.Test.MetaChannel.CommChannel.SequenceHelperTests" name="ToUtcDictionary_EmptyCollection" />
    </UnitTest>
    <UnitTest name="NotificationServer_ChangeServerMode (DeviceRegistrationOnly,Enabled,True,True)" storage="d:\actions-runner\_work\xpco\xpco\mobile\mobileserver\mobileserverbinaries\videoos.mobile.server.test\bin\debug\net472\videoos.mobile.server.service.test.dll" id="543d883d-ed59-db37-1d69-5b31c89aa78b">
      <TestCategory>
        <TestCategoryItem TestCategory="Fast" />
      </TestCategory>
      <Execution id="f10a523e-1b0c-4eb5-8781-b5bae54713e9" />
      <TestMethod codeBase="D:\actions-runner\_work\XPCO\XPCO\Mobile\MobileServer\MobileServerBinaries\VideoOS.Mobile.Server.Test\bin\Debug\net472\VideoOS.Mobile.Server.Service.Test.dll" adapterTypeName="executor://mstestadapter/v2" className="VideoOS.Mobile.Server.Service.Test.Notifications.NotificationServerTests" name="NotificationServer_ChangeServerMode" />
    </UnitTest>
    <UnitTest name="TimeRange_TimeIsOutOfRange_PlaybackStops_TimeNotChanged" storage="d:\actions-runner\_work\xpco\xpco\mobile\mobileserver\mobileserverbinaries\videoos.mobile.server.test\bin\debug\net472\videoos.mobile.server.service.test.dll" id="f03ac06e-acad-947f-da9e-f4837cb80bfc">
      <Execution id="eea73306-91e7-419b-8d32-dde743732d85" />
      <TestMethod codeBase="D:\actions-runner\_work\XPCO\XPCO\Mobile\MobileServer\MobileServerBinaries\VideoOS.Mobile.Server.Test\bin\Debug\net472\VideoOS.Mobile.Server.Service.Test.dll" adapterTypeName="executor://mstestadapter/v2" className="VideoOS.Mobile.Server.Service.Test.VideoSource.Controllers.PlaybackTimeHandlerTests" name="TimeRange_TimeIsOutOfRange_PlaybackStops_TimeNotChanged" />
    </UnitTest>
    <UnitTest name="AllStreamsCannotContinue_PlaybackStops_TimeNotChanged" storage="d:\actions-runner\_work\xpco\xpco\mobile\mobileserver\mobileserverbinaries\videoos.mobile.server.test\bin\debug\net472\videoos.mobile.server.service.test.dll" id="fe85aedf-c8d3-5907-043d-89e7ba8212e3">
      <Execution id="62089425-473c-4b7b-becb-cf3609d96117" />
      <TestMethod codeBase="D:\actions-runner\_work\XPCO\XPCO\Mobile\MobileServer\MobileServerBinaries\VideoOS.Mobile.Server.Test\bin\Debug\net472\VideoOS.Mobile.Server.Service.Test.dll" adapterTypeName="executor://mstestadapter/v2" className="VideoOS.Mobile.Server.Service.Test.VideoSource.Controllers.PlaybackTimeHandlerTests" name="AllStreamsCannotContinue_PlaybackStops_TimeNotChanged" />
    </UnitTest>
    <UnitTest name="SentSourceLinesPartialCleanupTest" storage="d:\actions-runner\_work\xpco\xpco\mobile\mobileserver\mobileserverbinaries\videoos.mobile.server.test\bin\debug\net472\videoos.mobile.server.service.test.dll" id="e9e48bf0-3061-b19a-30c7-3744983da442">
      <Execution id="d8719eb4-0768-4f66-a214-dd0b14b8bbb6" />
      <TestMethod codeBase="D:\actions-runner\_work\XPCO\XPCO\Mobile\MobileServer\MobileServerBinaries\VideoOS.Mobile.Server.Test\bin\Debug\net472\VideoOS.Mobile.Server.Service.Test.dll" adapterTypeName="executor://mstestadapter/v2" className="VideoOS.Mobile.Server.Service.Test.Notifications.NotifiedDeviceTests" name="SentSourceLinesPartialCleanupTest" />
    </UnitTest>
    <UnitTest name="TestFramesAggregator" storage="d:\actions-runner\_work\xpco\xpco\mobile\mobileserver\mobileserverbinaries\videoos.mobile.server.test\bin\debug\net472\videoos.mobile.server.service.test.dll" id="28f50f77-b84e-324f-b0d1-cc36c433dd52">
      <TestCategory>
        <TestCategoryItem TestCategory="LongRunning" />
      </TestCategory>
      <Execution id="df73b8a3-7d41-496c-8b2e-7e99b31b4749" />
      <TestMethod codeBase="D:\actions-runner\_work\XPCO\XPCO\Mobile\MobileServer\MobileServerBinaries\VideoOS.Mobile.Server.Test\bin\Debug\net472\VideoOS.Mobile.Server.Service.Test.dll" adapterTypeName="executor://mstestadapter/v2" className="VideoOS.Mobile.Server.Service.Test.VideoSegmentation.FramesAggregatorTest" name="TestFramesAggregator" />
    </UnitTest>
    <UnitTest name="NotificationServer_InitServerMode (Disabled,False,False)" storage="d:\actions-runner\_work\xpco\xpco\mobile\mobileserver\mobileserverbinaries\videoos.mobile.server.test\bin\debug\net472\videoos.mobile.server.service.test.dll" id="d28b6673-d863-6b4f-f57b-0935815c5939">
      <TestCategory>
        <TestCategoryItem TestCategory="Fast" />
      </TestCategory>
      <Execution id="162d7d72-de16-480c-8f40-71de79376806" />
      <TestMethod codeBase="D:\actions-runner\_work\XPCO\XPCO\Mobile\MobileServer\MobileServerBinaries\VideoOS.Mobile.Server.Test\bin\Debug\net472\VideoOS.Mobile.Server.Service.Test.dll" adapterTypeName="executor://mstestadapter/v2" className="VideoOS.Mobile.Server.Service.Test.Notifications.NotificationServerTests" name="NotificationServer_InitServerMode" />
    </UnitTest>
    <UnitTest name="AlarmAdditionTest" storage="d:\actions-runner\_work\xpco\xpco\mobile\mobileserver\mobileserverbinaries\videoos.mobile.server.test\bin\debug\net472\videoos.mobile.server.service.test.dll" id="e824e41c-ad3e-5ccd-2353-d1e3a3937af6">
      <Execution id="a3f44f6f-3b6b-4686-bd2a-8c74783105cc" />
      <TestMethod codeBase="D:\actions-runner\_work\XPCO\XPCO\Mobile\MobileServer\MobileServerBinaries\VideoOS.Mobile.Server.Test\bin\Debug\net472\VideoOS.Mobile.Server.Service.Test.dll" adapterTypeName="executor://mstestadapter/v2" className="VideoOS.Mobile.Server.Service.Test.Notifications.NotifiedDeviceTests" name="AlarmAdditionTest" />
    </UnitTest>
    <UnitTest name="MultipleSourcesMultiMessageDataTest" storage="d:\actions-runner\_work\xpco\xpco\mobile\mobileserver\mobileserverbinaries\videoos.mobile.server.test\bin\debug\net472\videoos.mobile.server.service.test.dll" id="b93b7d51-dfde-ceac-cf92-0e6323249515">
      <Execution id="c2907284-ff97-44de-b9ed-2e30cda5a6ad" />
      <TestMethod codeBase="D:\actions-runner\_work\XPCO\XPCO\Mobile\MobileServer\MobileServerBinaries\VideoOS.Mobile.Server.Test\bin\Debug\net472\VideoOS.Mobile.Server.Service.Test.dll" adapterTypeName="executor://mstestadapter/v2" className="VideoOS.Mobile.Server.Service.Test.Notifications.NotifiedDeviceTests" name="MultipleSourcesMultiMessageDataTest" />
    </UnitTest>
    <UnitTest name="UpperBound_SelectEarliestSequence" storage="d:\actions-runner\_work\xpco\xpco\mobile\mobileserver\mobileserverbinaries\videoos.mobile.server.test\bin\debug\net472\videoos.mobile.server.service.test.dll" id="efc824b2-83f8-fc64-826a-837d8585dcfd">
      <TestCategory>
        <TestCategoryItem TestCategory="Fast" />
      </TestCategory>
      <Execution id="acdd83e4-a98a-4153-a5fa-c123e12b6715" />
      <TestMethod codeBase="D:\actions-runner\_work\XPCO\XPCO\Mobile\MobileServer\MobileServerBinaries\VideoOS.Mobile.Server.Test\bin\Debug\net472\VideoOS.Mobile.Server.Service.Test.dll" adapterTypeName="executor://mstestadapter/v2" className="VideoOS.Mobile.Server.Service.Test.MetaChannel.CommChannel.SequenceHelperTests" name="UpperBound_SelectEarliestSequence" />
    </UnitTest>
    <UnitTest name="UpperBound_DefaultIfNoMatchingSequences" storage="d:\actions-runner\_work\xpco\xpco\mobile\mobileserver\mobileserverbinaries\videoos.mobile.server.test\bin\debug\net472\videoos.mobile.server.service.test.dll" id="e2731a75-1b03-d51a-7e54-b36a56587b51">
      <TestCategory>
        <TestCategoryItem TestCategory="Fast" />
      </TestCategory>
      <Execution id="02dffe51-b32d-4044-b7e4-3bb7cc976560" />
      <TestMethod codeBase="D:\actions-runner\_work\XPCO\XPCO\Mobile\MobileServer\MobileServerBinaries\VideoOS.Mobile.Server.Test\bin\Debug\net472\VideoOS.Mobile.Server.Service.Test.dll" adapterTypeName="executor://mstestadapter/v2" className="VideoOS.Mobile.Server.Service.Test.MetaChannel.CommChannel.SequenceHelperTests" name="UpperBound_DefaultIfNoMatchingSequences" />
    </UnitTest>
    <UnitTest name="Process_Overall" storage="d:\actions-runner\_work\xpco\xpco\mobile\mobileserver\mobileserverbinaries\videoos.mobile.server.test\bin\debug\net472\videoos.mobile.server.service.test.dll" id="29ba1001-e85e-5db6-4a20-38df39654f7a">
      <TestCategory>
        <TestCategoryItem TestCategory="Fast" />
      </TestCategory>
      <Execution id="63c70b80-395b-4104-8e6c-c53d429428cd" />
      <TestMethod codeBase="D:\actions-runner\_work\XPCO\XPCO\Mobile\MobileServer\MobileServerBinaries\VideoOS.Mobile.Server.Test\bin\Debug\net472\VideoOS.Mobile.Server.Service.Test.dll" adapterTypeName="executor://mstestadapter/v2" className="VideoOS.Mobile.Server.Service.Test.MetaChannel.CommChannel.SequenceHelperTests" name="Process_Overall" />
    </UnitTest>
    <UnitTest name="UpdateRegisteredDevice" storage="d:\actions-runner\_work\xpco\xpco\mobile\mobileserver\mobileserverbinaries\videoos.mobile.server.test\bin\debug\net472\videoos.mobile.server.service.test.dll" id="8d79fb97-d289-7165-e8e8-53b861b1a5c6">
      <TestCategory>
        <TestCategoryItem TestCategory="Fast" />
      </TestCategory>
      <Execution id="7160486c-c502-4136-8abd-91023523113c" />
      <TestMethod codeBase="D:\actions-runner\_work\XPCO\XPCO\Mobile\MobileServer\MobileServerBinaries\VideoOS.Mobile.Server.Test\bin\Debug\net472\VideoOS.Mobile.Server.Service.Test.dll" adapterTypeName="executor://mstestadapter/v2" className="VideoOS.Mobile.Server.Service.Test.Notifications.NotificationServerTests" name="UpdateRegisteredDevice" />
    </UnitTest>
    <UnitTest name="NotificationServer_ChangeServerMode (Enabled,DeviceRegistrationOnly,True,False)" storage="d:\actions-runner\_work\xpco\xpco\mobile\mobileserver\mobileserverbinaries\videoos.mobile.server.test\bin\debug\net472\videoos.mobile.server.service.test.dll" id="a2a11fe6-064a-3d37-d6f7-9c854abeb75c">
      <TestCategory>
        <TestCategoryItem TestCategory="Fast" />
      </TestCategory>
      <Execution id="7dae06e6-fc2c-4420-88b2-21cdf570ed3d" />
      <TestMethod codeBase="D:\actions-runner\_work\XPCO\XPCO\Mobile\MobileServer\MobileServerBinaries\VideoOS.Mobile.Server.Test\bin\Debug\net472\VideoOS.Mobile.Server.Service.Test.dll" adapterTypeName="executor://mstestadapter/v2" className="VideoOS.Mobile.Server.Service.Test.Notifications.NotificationServerTests" name="NotificationServer_ChangeServerMode" />
    </UnitTest>
    <UnitTest name="TestPoint" storage="d:\actions-runner\_work\xpco\xpco\mobile\mobileserver\mobileserverbinaries\videoos.mobile.server.test\bin\debug\net472\videoos.mobile.server.service.test.dll" id="5130f66e-4656-297d-ca26-e8e2a4eb7c11">
      <TestCategory>
        <TestCategoryItem TestCategory="LongRunning" />
      </TestCategory>
      <Execution id="021f36a9-03c4-4b14-bbf8-71a62e4d35a8" />
      <TestMethod codeBase="D:\actions-runner\_work\XPCO\XPCO\Mobile\MobileServer\MobileServerBinaries\VideoOS.Mobile.Server.Test\bin\Debug\net472\VideoOS.Mobile.Server.Service.Test.dll" adapterTypeName="executor://mstestadapter/v2" className="VideoOS.Mobile.Server.Service.Test.Export.Helpers.ExportProgressRetrieverTests" name="TestPoint" />
    </UnitTest>
    <UnitTest name="TestFramesAggregationTimeoutQueueLength" storage="d:\actions-runner\_work\xpco\xpco\mobile\mobileserver\mobileserverbinaries\videoos.mobile.server.test\bin\debug\net472\videoos.mobile.server.service.test.dll" id="71df6a43-d0f8-9d14-917e-4eb4375c027e">
      <TestCategory>
        <TestCategoryItem TestCategory="Fast" />
      </TestCategory>
      <Execution id="75ed2c12-d403-4efe-83cd-8b47a52b6a16" />
      <TestMethod codeBase="D:\actions-runner\_work\XPCO\XPCO\Mobile\MobileServer\MobileServerBinaries\VideoOS.Mobile.Server.Test\bin\Debug\net472\VideoOS.Mobile.Server.Service.Test.dll" adapterTypeName="executor://mstestadapter/v2" className="VideoOS.Mobile.Server.Service.Test.VideoSegmentation.FramesAggregationTimeoutTest" name="TestFramesAggregationTimeoutQueueLength" />
    </UnitTest>
    <UnitTest name="LowerBound_DefaultIfEmpty" storage="d:\actions-runner\_work\xpco\xpco\mobile\mobileserver\mobileserverbinaries\videoos.mobile.server.test\bin\debug\net472\videoos.mobile.server.service.test.dll" id="ab4cc8c7-b5cf-47fb-628a-af4dcea876cb">
      <TestCategory>
        <TestCategoryItem TestCategory="Fast" />
      </TestCategory>
      <Execution id="04b58869-3e97-4076-8834-6a8032eb527b" />
      <TestMethod codeBase="D:\actions-runner\_work\XPCO\XPCO\Mobile\MobileServer\MobileServerBinaries\VideoOS.Mobile.Server.Test\bin\Debug\net472\VideoOS.Mobile.Server.Service.Test.dll" adapterTypeName="executor://mstestadapter/v2" className="VideoOS.Mobile.Server.Service.Test.MetaChannel.CommChannel.SequenceHelperTests" name="LowerBound_DefaultIfEmpty" />
    </UnitTest>
    <UnitTest name="SingleSourceSingleMessageDataTest" storage="d:\actions-runner\_work\xpco\xpco\mobile\mobileserver\mobileserverbinaries\videoos.mobile.server.test\bin\debug\net472\videoos.mobile.server.service.test.dll" id="cdc50b8e-457b-9926-4aa3-ccb24a4b8fb7">
      <Execution id="09e52806-7f55-48b8-aa4a-490189c48082" />
      <TestMethod codeBase="D:\actions-runner\_work\XPCO\XPCO\Mobile\MobileServer\MobileServerBinaries\VideoOS.Mobile.Server.Test\bin\Debug\net472\VideoOS.Mobile.Server.Service.Test.dll" adapterTypeName="executor://mstestadapter/v2" className="VideoOS.Mobile.Server.Service.Test.Notifications.NotifiedDeviceTests" name="SingleSourceSingleMessageDataTest" />
    </UnitTest>
    <UnitTest name="CreateHttpAudio" storage="d:\actions-runner\_work\xpco\xpco\mobile\mobileserver\mobileserverbinaries\videoos.mobile.server.test\bin\debug\net472\videoos.mobile.server.service.test.dll" id="9caef5e0-c223-39f5-5473-42fb321880c9">
      <TestCategory>
        <TestCategoryItem TestCategory="LongRunning" />
      </TestCategory>
      <Execution id="17af48ec-58b8-41a4-8ec8-10adbae94aea" />
      <TestMethod codeBase="D:\actions-runner\_work\XPCO\XPCO\Mobile\MobileServer\MobileServerBinaries\VideoOS.Mobile.Server.Test\bin\Debug\net472\VideoOS.Mobile.Server.Service.Test.dll" adapterTypeName="executor://mstestadapter/v2" className="VideoOS.Mobile.Server.Service.Test.VideoChannel.HTTP.TransportChannelInFactoryTests" name="CreateHttpAudio" />
    </UnitTest>
    <UnitTest name="WeakPasswordsMustNotBeValid" storage="d:\actions-runner\_work\xpco\xpco\mobile\mobileserver\mobileserverbinaries\videoos.mobile.server.test\bin\debug\net472\videoos.mobile.server.service.test.dll" id="f68e3bd0-17e2-e27d-7f27-d5ba8c820680">
      <TestCategory>
        <TestCategoryItem TestCategory="Fast" />
      </TestCategory>
      <Execution id="083840c2-7e91-4cc6-b9a3-bd08620e423f" />
      <TestMethod codeBase="D:\actions-runner\_work\XPCO\XPCO\Mobile\MobileServer\MobileServerBinaries\VideoOS.Mobile.Server.Test\bin\Debug\net472\VideoOS.Mobile.Server.Service.Test.dll" adapterTypeName="executor://mstestadapter/v2" className="VideoOS.Mobile.Server.Service.Test.Export.Helpers.PasswordValidatorTests" name="WeakPasswordsMustNotBeValid" />
    </UnitTest>
    <UnitTest name="TestGetProgresses" storage="d:\actions-runner\_work\xpco\xpco\mobile\mobileserver\mobileserverbinaries\videoos.mobile.server.test\bin\debug\net472\videoos.mobile.server.service.test.dll" id="b0673b72-238f-7d1b-6e2a-d01473ae38c5">
      <TestCategory>
        <TestCategoryItem TestCategory="Fast" />
      </TestCategory>
      <Execution id="47c53636-ebcf-4b6d-9b7a-d3f6ff8fdb8a" />
      <TestMethod codeBase="D:\actions-runner\_work\XPCO\XPCO\Mobile\MobileServer\MobileServerBinaries\VideoOS.Mobile.Server.Test\bin\Debug\net472\VideoOS.Mobile.Server.Service.Test.dll" adapterTypeName="executor://mstestadapter/v2" className="VideoOS.Mobile.Server.Service.Test.Export.Helpers.ExportProgressRetrieverTests" name="TestGetProgresses" />
    </UnitTest>
    <UnitTest name="LowerBound_SelectLatestSequenceReversed" storage="d:\actions-runner\_work\xpco\xpco\mobile\mobileserver\mobileserverbinaries\videoos.mobile.server.test\bin\debug\net472\videoos.mobile.server.service.test.dll" id="012a2cf8-69fd-f08c-0bc5-3d2c0ce63ca8">
      <TestCategory>
        <TestCategoryItem TestCategory="Fast" />
      </TestCategory>
      <Execution id="4eb0a490-117e-4a08-a60d-b272efb01e8b" />
      <TestMethod codeBase="D:\actions-runner\_work\XPCO\XPCO\Mobile\MobileServer\MobileServerBinaries\VideoOS.Mobile.Server.Test\bin\Debug\net472\VideoOS.Mobile.Server.Service.Test.dll" adapterTypeName="executor://mstestadapter/v2" className="VideoOS.Mobile.Server.Service.Test.MetaChannel.CommChannel.SequenceHelperTests" name="LowerBound_SelectLatestSequenceReversed" />
    </UnitTest>
    <UnitTest name="RecievedDataIsSendToUploadChannel" storage="d:\actions-runner\_work\xpco\xpco\mobile\mobileserver\mobileserverbinaries\videoos.mobile.server.test\bin\debug\net472\videoos.mobile.server.service.test.dll" id="78bd04e4-2057-fdd8-a42f-1e8e7f4f38ad">
      <TestCategory>
        <TestCategoryItem TestCategory="Fast" />
      </TestCategory>
      <Execution id="ee190529-8ee0-439f-9180-a6567fcd7de7" />
      <TestMethod codeBase="D:\actions-runner\_work\XPCO\XPCO\Mobile\MobileServer\MobileServerBinaries\VideoOS.Mobile.Server.Test\bin\Debug\net472\VideoOS.Mobile.Server.Service.Test.dll" adapterTypeName="executor://mstestadapter/v2" className="VideoOS.Mobile.Server.Service.Test.AudioChannel.AudioChannelInTests" name="RecievedDataIsSendToUploadChannel" />
    </UnitTest>
    <UnitTest name="CommandQueueTestAsyncGroupBase" storage="d:\actions-runner\_work\xpco\xpco\mobile\mobileserver\mobileserverbinaries\videoos.mobile.server.test\bin\debug\net472\videoos.mobile.server.service.test.dll" id="0524f5c3-615c-4bf8-dc64-458043869f5e">
      <TestCategory>
        <TestCategoryItem TestCategory="LongRunning" />
      </TestCategory>
      <Execution id="818eb60b-7044-435e-9639-78978f0c7b99" />
      <TestMethod codeBase="D:\actions-runner\_work\XPCO\XPCO\Mobile\MobileServer\MobileServerBinaries\VideoOS.Mobile.Server.Test\bin\Debug\net472\VideoOS.Mobile.Server.Service.Test.dll" adapterTypeName="executor://mstestadapter/v2" className="VideoOS.Mobile.Server.Service.Test.MetaChannel.CommunicationCommandQueueTests" name="CommandQueueTestAsyncGroupBase" />
    </UnitTest>
    <UnitTest name="NotifiedDeviceDBHelper_RemoveEmptyFields" storage="d:\actions-runner\_work\xpco\xpco\mobile\mobileserver\mobileserverbinaries\videoos.mobile.server.test\bin\debug\net472\videoos.mobile.server.service.test.dll" id="d0c9c2ff-5a1b-647d-174b-0fa95417ddce">
      <TestCategory>
        <TestCategoryItem TestCategory="Fast" />
      </TestCategory>
      <Execution id="a6f76025-b060-4d41-b76d-2330217ca2d2" />
      <TestMethod codeBase="D:\actions-runner\_work\XPCO\XPCO\Mobile\MobileServer\MobileServerBinaries\VideoOS.Mobile.Server.Test\bin\Debug\net472\VideoOS.Mobile.Server.Service.Test.dll" adapterTypeName="executor://mstestadapter/v2" className="VideoOS.Mobile.Server.Service.Test.Notifications.NotifiedDeviceDBHelperTests" name="NotifiedDeviceDBHelper_RemoveEmptyFields" />
    </UnitTest>
    <UnitTest name="AlarmAssignmentCurrentUserFilterTest" storage="d:\actions-runner\_work\xpco\xpco\mobile\mobileserver\mobileserverbinaries\videoos.mobile.server.test\bin\debug\net472\videoos.mobile.server.service.test.dll" id="e432e471-c708-c310-b770-c450d96b3ee7">
      <Execution id="265b9600-0e5b-4f5d-95e2-1e1226770a5e" />
      <TestMethod codeBase="D:\actions-runner\_work\XPCO\XPCO\Mobile\MobileServer\MobileServerBinaries\VideoOS.Mobile.Server.Test\bin\Debug\net472\VideoOS.Mobile.Server.Service.Test.dll" adapterTypeName="executor://mstestadapter/v2" className="VideoOS.Mobile.Server.Service.Test.Notifications.NotifiedDeviceTests" name="AlarmAssignmentCurrentUserFilterTest" />
    </UnitTest>
    <UnitTest name="Crop_SequenceAtStart" storage="d:\actions-runner\_work\xpco\xpco\mobile\mobileserver\mobileserverbinaries\videoos.mobile.server.test\bin\debug\net472\videoos.mobile.server.service.test.dll" id="afd79426-dd3a-9043-ae66-ce7ff4214db7">
      <TestCategory>
        <TestCategoryItem TestCategory="Fast" />
      </TestCategory>
      <Execution id="3f7f39ab-466c-4c45-af33-d44746443b2a" />
      <TestMethod codeBase="D:\actions-runner\_work\XPCO\XPCO\Mobile\MobileServer\MobileServerBinaries\VideoOS.Mobile.Server.Test\bin\Debug\net472\VideoOS.Mobile.Server.Service.Test.dll" adapterTypeName="executor://mstestadapter/v2" className="VideoOS.Mobile.Server.Service.Test.MetaChannel.CommChannel.SequenceHelperTests" name="Crop_SequenceAtStart" />
    </UnitTest>
    <UnitTest name="NotificationServer_InitServerMode (DeviceRegistrationOnly,True,False)" storage="d:\actions-runner\_work\xpco\xpco\mobile\mobileserver\mobileserverbinaries\videoos.mobile.server.test\bin\debug\net472\videoos.mobile.server.service.test.dll" id="cbfc1ff0-a2a3-2eb7-9627-c88a9873efbc">
      <TestCategory>
        <TestCategoryItem TestCategory="Fast" />
      </TestCategory>
      <Execution id="78d1a84f-a1f5-4ce7-8781-0f3509bb0568" />
      <TestMethod codeBase="D:\actions-runner\_work\XPCO\XPCO\Mobile\MobileServer\MobileServerBinaries\VideoOS.Mobile.Server.Test\bin\Debug\net472\VideoOS.Mobile.Server.Service.Test.dll" adapterTypeName="executor://mstestadapter/v2" className="VideoOS.Mobile.Server.Service.Test.Notifications.NotificationServerTests" name="NotificationServer_InitServerMode" />
    </UnitTest>
    <UnitTest name="Crop_SequenceFullyInside" storage="d:\actions-runner\_work\xpco\xpco\mobile\mobileserver\mobileserverbinaries\videoos.mobile.server.test\bin\debug\net472\videoos.mobile.server.service.test.dll" id="dde0b40b-c752-61eb-50c6-8b25ba051775">
      <TestCategory>
        <TestCategoryItem TestCategory="Fast" />
      </TestCategory>
      <Execution id="52ee6c3b-e5bc-4ca1-bbb0-1552d3313764" />
      <TestMethod codeBase="D:\actions-runner\_work\XPCO\XPCO\Mobile\MobileServer\MobileServerBinaries\VideoOS.Mobile.Server.Test\bin\Debug\net472\VideoOS.Mobile.Server.Service.Test.dll" adapterTypeName="executor://mstestadapter/v2" className="VideoOS.Mobile.Server.Service.Test.MetaChannel.CommChannel.SequenceHelperTests" name="Crop_SequenceFullyInside" />
    </UnitTest>
    <UnitTest name="Merge_Unordered" storage="d:\actions-runner\_work\xpco\xpco\mobile\mobileserver\mobileserverbinaries\videoos.mobile.server.test\bin\debug\net472\videoos.mobile.server.service.test.dll" id="fec1e502-ed05-bb42-36f0-38e08fee1ab0">
      <TestCategory>
        <TestCategoryItem TestCategory="Fast" />
      </TestCategory>
      <Execution id="e6b03a80-3199-49c4-abfb-7c3506765adb" />
      <TestMethod codeBase="D:\actions-runner\_work\XPCO\XPCO\Mobile\MobileServer\MobileServerBinaries\VideoOS.Mobile.Server.Test\bin\Debug\net472\VideoOS.Mobile.Server.Service.Test.dll" adapterTypeName="executor://mstestadapter/v2" className="VideoOS.Mobile.Server.Service.Test.MetaChannel.CommChannel.SequenceHelperTests" name="Merge_Unordered" />
    </UnitTest>
    <UnitTest name="TestRegisteredDevice" storage="d:\actions-runner\_work\xpco\xpco\mobile\mobileserver\mobileserverbinaries\videoos.mobile.server.test\bin\debug\net472\videoos.mobile.server.service.test.dll" id="8df4aabb-df1c-d4e0-1e48-f71d5ceed661">
      <TestCategory>
        <TestCategoryItem TestCategory="Fast" />
      </TestCategory>
      <Execution id="4db4b9c0-2fb6-4514-97c9-26fec66b0a14" />
      <TestMethod codeBase="D:\actions-runner\_work\XPCO\XPCO\Mobile\MobileServer\MobileServerBinaries\VideoOS.Mobile.Server.Test\bin\Debug\net472\VideoOS.Mobile.Server.Service.Test.dll" adapterTypeName="executor://mstestadapter/v2" className="VideoOS.Mobile.Server.Service.Test.Notifications.NotificationServerTests" name="TestRegisteredDevice" />
    </UnitTest>
    <UnitTest name="HasEventRightsDontRecieveAlarmsFilterTest" storage="d:\actions-runner\_work\xpco\xpco\mobile\mobileserver\mobileserverbinaries\videoos.mobile.server.test\bin\debug\net472\videoos.mobile.server.service.test.dll" id="b7bbfe42-4705-887e-6973-ed5aed3932d6">
      <Execution id="17409736-4769-49e4-9cae-ecef32e745b1" />
      <TestMethod codeBase="D:\actions-runner\_work\XPCO\XPCO\Mobile\MobileServer\MobileServerBinaries\VideoOS.Mobile.Server.Test\bin\Debug\net472\VideoOS.Mobile.Server.Service.Test.dll" adapterTypeName="executor://mstestadapter/v2" className="VideoOS.Mobile.Server.Service.Test.Notifications.NotifiedDeviceTests" name="HasEventRightsDontRecieveAlarmsFilterTest" />
    </UnitTest>
    <UnitTest name="TestZipping" storage="d:\actions-runner\_work\xpco\xpco\mobile\mobileserver\mobileserverbinaries\videoos.mobile.server.test\bin\debug\net472\videoos.mobile.server.service.test.dll" id="2c1a929f-c9aa-1a60-f5fb-d8c5d47630d2">
      <TestCategory>
        <TestCategoryItem TestCategory="Fast" />
      </TestCategory>
      <Execution id="d9f463e2-df76-44d3-a541-095625bdafb2" />
      <TestMethod codeBase="D:\actions-runner\_work\XPCO\XPCO\Mobile\MobileServer\MobileServerBinaries\VideoOS.Mobile.Server.Test\bin\Debug\net472\VideoOS.Mobile.Server.Service.Test.dll" adapterTypeName="executor://mstestadapter/v2" className="VideoOS.Mobile.Server.Service.Test.Export.Implementers.VideoExportTests" name="TestZipping" />
    </UnitTest>
    <UnitTest name="GenerateExportLinkSuccessfully" storage="d:\actions-runner\_work\xpco\xpco\mobile\mobileserver\mobileserverbinaries\videoos.mobile.server.test\bin\debug\net472\videoos.mobile.server.service.test.dll" id="555b5cb6-9cb1-c2b5-3e09-d0f300a8074a">
      <Execution id="efb83588-ecd2-407d-915d-09a4e8dfe166" />
      <TestMethod codeBase="D:\actions-runner\_work\XPCO\XPCO\Mobile\MobileServer\MobileServerBinaries\VideoOS.Mobile.Server.Test\bin\Debug\net472\VideoOS.Mobile.Server.Service.Test.dll" adapterTypeName="executor://mstestadapter/v2" className="VideoOS.Mobile.Server.Service.Test.Export.Mappings.ExportLinkMappingsTests" name="GenerateExportLinkSuccessfully" />
    </UnitTest>
    <UnitTest name="PlaybackStopped_TimeNotChanged" storage="d:\actions-runner\_work\xpco\xpco\mobile\mobileserver\mobileserverbinaries\videoos.mobile.server.test\bin\debug\net472\videoos.mobile.server.service.test.dll" id="e0d40a78-0387-201e-8469-3b43e405314e">
      <Execution id="788ae418-0013-45f0-b762-80cb51de4eae" />
      <TestMethod codeBase="D:\actions-runner\_work\XPCO\XPCO\Mobile\MobileServer\MobileServerBinaries\VideoOS.Mobile.Server.Test\bin\Debug\net472\VideoOS.Mobile.Server.Service.Test.dll" adapterTypeName="executor://mstestadapter/v2" className="VideoOS.Mobile.Server.Service.Test.VideoSource.Controllers.PlaybackTimeHandlerTests" name="PlaybackStopped_TimeNotChanged" />
    </UnitTest>
    <UnitTest name="TestBaseConfiguration" storage="d:\actions-runner\_work\xpco\xpco\mobile\mobileserver\mobileserverbinaries\videoos.mobile.server.test\bin\debug\net472\videoos.mobile.server.service.test.dll" id="e5e04b3f-2826-cffa-21a0-e432f2281dd4">
      <TestCategory>
        <TestCategoryItem TestCategory="Fast" />
      </TestCategory>
      <Execution id="571122ec-ed2a-4f73-935b-3e461a455b7b" />
      <TestMethod codeBase="D:\actions-runner\_work\XPCO\XPCO\Mobile\MobileServer\MobileServerBinaries\VideoOS.Mobile.Server.Test\bin\Debug\net472\VideoOS.Mobile.Server.Service.Test.dll" adapterTypeName="executor://mstestadapter/v2" className="VideoOS.Mobile.Server.Service.Test.Configuration.BaseConfigurationTests" name="TestBaseConfiguration" />
    </UnitTest>
    <UnitTest name="Process_ComplexCase1" storage="d:\actions-runner\_work\xpco\xpco\mobile\mobileserver\mobileserverbinaries\videoos.mobile.server.test\bin\debug\net472\videoos.mobile.server.service.test.dll" id="55e67d4d-e333-42a5-2a8c-a76e16be1462">
      <TestCategory>
        <TestCategoryItem TestCategory="Fast" />
      </TestCategory>
      <Execution id="d2e83a94-a2da-4146-a43e-9851b5c5fb08" />
      <TestMethod codeBase="D:\actions-runner\_work\XPCO\XPCO\Mobile\MobileServer\MobileServerBinaries\VideoOS.Mobile.Server.Test\bin\Debug\net472\VideoOS.Mobile.Server.Service.Test.dll" adapterTypeName="executor://mstestadapter/v2" className="VideoOS.Mobile.Server.Service.Test.MetaChannel.CommChannel.SequenceHelperTests" name="Process_ComplexCase1" />
    </UnitTest>
    <UnitTest name="TestCreateSegmentFromGopOnInvalidGop" storage="d:\actions-runner\_work\xpco\xpco\mobile\mobileserver\mobileserverbinaries\videoos.mobile.server.test\bin\debug\net472\videoos.mobile.server.service.test.dll" id="d1d5232c-4280-970a-b302-9531b7200d17">
      <TestCategory>
        <TestCategoryItem TestCategory="Fast" />
      </TestCategory>
      <Execution id="b11bb3a6-6b2b-4206-8282-ddb57965d164" />
      <TestMethod codeBase="D:\actions-runner\_work\XPCO\XPCO\Mobile\MobileServer\MobileServerBinaries\VideoOS.Mobile.Server.Test\bin\Debug\net472\VideoOS.Mobile.Server.Service.Test.dll" adapterTypeName="executor://mstestadapter/v2" className="VideoOS.Mobile.Server.Service.Test.VideoSegmentation.SegmenterTests" name="TestCreateSegmentFromGopOnInvalidGop" />
    </UnitTest>
    <UnitTest name="TestClearNoPushDevices" storage="d:\actions-runner\_work\xpco\xpco\mobile\mobileserver\mobileserverbinaries\videoos.mobile.server.test\bin\debug\net472\videoos.mobile.server.service.test.dll" id="cb83127f-c861-0ebd-8086-b84bc849a1ac">
      <TestCategory>
        <TestCategoryItem TestCategory="Fast" />
      </TestCategory>
      <Execution id="91048468-bf2c-4c0c-8683-0ba79bafc8dc" />
      <TestMethod codeBase="D:\actions-runner\_work\XPCO\XPCO\Mobile\MobileServer\MobileServerBinaries\VideoOS.Mobile.Server.Test\bin\Debug\net472\VideoOS.Mobile.Server.Service.Test.dll" adapterTypeName="executor://mstestadapter/v2" className="VideoOS.Mobile.Server.Service.Test.Notifications.NotificationServerTests" name="TestClearNoPushDevices" />
    </UnitTest>
    <UnitTest name="ToUtcDictionary" storage="d:\actions-runner\_work\xpco\xpco\mobile\mobileserver\mobileserverbinaries\videoos.mobile.server.test\bin\debug\net472\videoos.mobile.server.service.test.dll" id="fca5336a-ced5-0439-bd22-05d1f1795f4e">
      <TestCategory>
        <TestCategoryItem TestCategory="Fast" />
      </TestCategory>
      <Execution id="2d2f3e3c-735c-4aaf-b9e6-d59466d69f6e" />
      <TestMethod codeBase="D:\actions-runner\_work\XPCO\XPCO\Mobile\MobileServer\MobileServerBinaries\VideoOS.Mobile.Server.Test\bin\Debug\net472\VideoOS.Mobile.Server.Service.Test.dll" adapterTypeName="executor://mstestadapter/v2" className="VideoOS.Mobile.Server.Service.Test.MetaChannel.CommChannel.SequenceHelperTests" name="ToUtcDictionary" />
    </UnitTest>
    <UnitTest name="AlarmAssignmentOtherUserFilterTest" storage="d:\actions-runner\_work\xpco\xpco\mobile\mobileserver\mobileserverbinaries\videoos.mobile.server.test\bin\debug\net472\videoos.mobile.server.service.test.dll" id="a311c7b3-2734-d612-2398-a1c092915dcd">
      <Execution id="f639bfc7-65d8-4c1a-a77f-011c5a1f3211" />
      <TestMethod codeBase="D:\actions-runner\_work\XPCO\XPCO\Mobile\MobileServer\MobileServerBinaries\VideoOS.Mobile.Server.Test\bin\Debug\net472\VideoOS.Mobile.Server.Service.Test.dll" adapterTypeName="executor://mstestadapter/v2" className="VideoOS.Mobile.Server.Service.Test.Notifications.NotifiedDeviceTests" name="AlarmAssignmentOtherUserFilterTest" />
    </UnitTest>
    <UnitTest name="NotificationServer_ChangeServerMode (DeviceRegistrationOnly,Disabled,False,False)" storage="d:\actions-runner\_work\xpco\xpco\mobile\mobileserver\mobileserverbinaries\videoos.mobile.server.test\bin\debug\net472\videoos.mobile.server.service.test.dll" id="a3740e79-d506-520f-0d82-1a5c6712721d">
      <TestCategory>
        <TestCategoryItem TestCategory="Fast" />
      </TestCategory>
      <Execution id="fc8cbb5f-440b-4ff3-a1a2-dc3134112e4a" />
      <TestMethod codeBase="D:\actions-runner\_work\XPCO\XPCO\Mobile\MobileServer\MobileServerBinaries\VideoOS.Mobile.Server.Test\bin\Debug\net472\VideoOS.Mobile.Server.Service.Test.dll" adapterTypeName="executor://mstestadapter/v2" className="VideoOS.Mobile.Server.Service.Test.Notifications.NotificationServerTests" name="NotificationServer_ChangeServerMode" />
    </UnitTest>
    <UnitTest name="Merge_EmptyCollection" storage="d:\actions-runner\_work\xpco\xpco\mobile\mobileserver\mobileserverbinaries\videoos.mobile.server.test\bin\debug\net472\videoos.mobile.server.service.test.dll" id="83722fed-9211-3485-11c2-d17ce2deb4b9">
      <TestCategory>
        <TestCategoryItem TestCategory="Fast" />
      </TestCategory>
      <Execution id="fb906dea-f005-4bfa-8078-b0ec6083965b" />
      <TestMethod codeBase="D:\actions-runner\_work\XPCO\XPCO\Mobile\MobileServer\MobileServerBinaries\VideoOS.Mobile.Server.Test\bin\Debug\net472\VideoOS.Mobile.Server.Service.Test.dll" adapterTypeName="executor://mstestadapter/v2" className="VideoOS.Mobile.Server.Service.Test.MetaChannel.CommChannel.SequenceHelperTests" name="Merge_EmptyCollection" />
    </UnitTest>
    <UnitTest name="LimitCount_BiDirectional_CenterTimeIsInSequence" storage="d:\actions-runner\_work\xpco\xpco\mobile\mobileserver\mobileserverbinaries\videoos.mobile.server.test\bin\debug\net472\videoos.mobile.server.service.test.dll" id="e1368d6a-49f6-fa98-e664-2e1e2cbda908">
      <TestCategory>
        <TestCategoryItem TestCategory="Fast" />
      </TestCategory>
      <Execution id="f9de1b97-3b21-43e0-aa29-f24e544d45fe" />
      <TestMethod codeBase="D:\actions-runner\_work\XPCO\XPCO\Mobile\MobileServer\MobileServerBinaries\VideoOS.Mobile.Server.Test\bin\Debug\net472\VideoOS.Mobile.Server.Service.Test.dll" adapterTypeName="executor://mstestadapter/v2" className="VideoOS.Mobile.Server.Service.Test.MetaChannel.CommChannel.SequenceHelperTests" name="LimitCount_BiDirectional_CenterTimeIsInSequence" />
    </UnitTest>
    <UnitTest name="MyAlarmsOtherUserFilterTest" storage="d:\actions-runner\_work\xpco\xpco\mobile\mobileserver\mobileserverbinaries\videoos.mobile.server.test\bin\debug\net472\videoos.mobile.server.service.test.dll" id="3e8e07f6-bd03-fa99-1b0c-1fe5f1198e8e">
      <Execution id="28f680f4-3d38-4f3a-b859-a2676402267f" />
      <TestMethod codeBase="D:\actions-runner\_work\XPCO\XPCO\Mobile\MobileServer\MobileServerBinaries\VideoOS.Mobile.Server.Test\bin\Debug\net472\VideoOS.Mobile.Server.Service.Test.dll" adapterTypeName="executor://mstestadapter/v2" className="VideoOS.Mobile.Server.Service.Test.Notifications.NotifiedDeviceTests" name="MyAlarmsOtherUserFilterTest" />
    </UnitTest>
    <UnitTest name="Merge_OverlappingSequences" storage="d:\actions-runner\_work\xpco\xpco\mobile\mobileserver\mobileserverbinaries\videoos.mobile.server.test\bin\debug\net472\videoos.mobile.server.service.test.dll" id="b7ce506d-0747-c12c-34e2-8ca0d45c9b9c">
      <TestCategory>
        <TestCategoryItem TestCategory="Fast" />
      </TestCategory>
      <Execution id="c1ff7ad8-588f-4fcb-bf3f-0da6dd1e9d8f" />
      <TestMethod codeBase="D:\actions-runner\_work\XPCO\XPCO\Mobile\MobileServer\MobileServerBinaries\VideoOS.Mobile.Server.Test\bin\Debug\net472\VideoOS.Mobile.Server.Service.Test.dll" adapterTypeName="executor://mstestadapter/v2" className="VideoOS.Mobile.Server.Service.Test.MetaChannel.CommChannel.SequenceHelperTests" name="Merge_OverlappingSequences" />
    </UnitTest>
    <UnitTest name="TestExportState" storage="d:\actions-runner\_work\xpco\xpco\mobile\mobileserver\mobileserverbinaries\videoos.mobile.server.test\bin\debug\net472\videoos.mobile.server.service.test.dll" id="f5b16325-6af3-abac-f53e-915906634947">
      <TestCategory>
        <TestCategoryItem TestCategory="Fast" />
      </TestCategory>
      <Execution id="0d6c43bd-2b08-47d4-81d9-ddecfdce4d6d" />
      <TestMethod codeBase="D:\actions-runner\_work\XPCO\XPCO\Mobile\MobileServer\MobileServerBinaries\VideoOS.Mobile.Server.Test\bin\Debug\net472\VideoOS.Mobile.Server.Service.Test.dll" adapterTypeName="executor://mstestadapter/v2" className="VideoOS.Mobile.Server.Service.Test.Investigations.InvestigationFromExportTests" name="TestExportState" />
    </UnitTest>
    <UnitTest name="ToUtc" storage="d:\actions-runner\_work\xpco\xpco\mobile\mobileserver\mobileserverbinaries\videoos.mobile.server.test\bin\debug\net472\videoos.mobile.server.service.test.dll" id="2dd92821-84cd-3706-32de-6e3e4bd4d8b1">
      <TestCategory>
        <TestCategoryItem TestCategory="Fast" />
      </TestCategory>
      <Execution id="9c0e3b58-4784-4622-a2c7-be132b0e0025" />
      <TestMethod codeBase="D:\actions-runner\_work\XPCO\XPCO\Mobile\MobileServer\MobileServerBinaries\VideoOS.Mobile.Server.Test\bin\Debug\net472\VideoOS.Mobile.Server.Service.Test.dll" adapterTypeName="executor://mstestadapter/v2" className="VideoOS.Mobile.Server.Service.Test.MetaChannel.CommChannel.SequenceHelperTests" name="ToUtc" />
    </UnitTest>
    <UnitTest name="TestFramesAggregationGopQueueLen" storage="d:\actions-runner\_work\xpco\xpco\mobile\mobileserver\mobileserverbinaries\videoos.mobile.server.test\bin\debug\net472\videoos.mobile.server.service.test.dll" id="18a28ea3-7739-ff1d-58b7-57c3aac07295">
      <TestCategory>
        <TestCategoryItem TestCategory="Fast" />
      </TestCategory>
      <Execution id="89ff9fc8-9fce-47e1-917d-589c9427df76" />
      <TestMethod codeBase="D:\actions-runner\_work\XPCO\XPCO\Mobile\MobileServer\MobileServerBinaries\VideoOS.Mobile.Server.Test\bin\Debug\net472\VideoOS.Mobile.Server.Service.Test.dll" adapterTypeName="executor://mstestadapter/v2" className="VideoOS.Mobile.Server.Service.Test.VideoSegmentation.FramesAggregationGopTest" name="TestFramesAggregationGopQueueLen" />
    </UnitTest>
    <UnitTest name="TimeRange_AllStreamsNoDataInRange_AutoLoopSet_PlaybackStops" storage="d:\actions-runner\_work\xpco\xpco\mobile\mobileserver\mobileserverbinaries\videoos.mobile.server.test\bin\debug\net472\videoos.mobile.server.service.test.dll" id="67a66ae7-b3fd-8f0a-aa0f-799b9cd7561a">
      <Execution id="b57dcd54-02b1-42ce-be81-d6093fc2b0f7" />
      <TestMethod codeBase="D:\actions-runner\_work\XPCO\XPCO\Mobile\MobileServer\MobileServerBinaries\VideoOS.Mobile.Server.Test\bin\Debug\net472\VideoOS.Mobile.Server.Service.Test.dll" adapterTypeName="executor://mstestadapter/v2" className="VideoOS.Mobile.Server.Service.Test.VideoSource.Controllers.PlaybackTimeHandlerTests" name="TimeRange_AllStreamsNoDataInRange_AutoLoopSet_PlaybackStops" />
    </UnitTest>
    <UnitTest name="NoStreamsInitialized_PlaybackContinues_TimeNotChanged (False,False,False)" storage="d:\actions-runner\_work\xpco\xpco\mobile\mobileserver\mobileserverbinaries\videoos.mobile.server.test\bin\debug\net472\videoos.mobile.server.service.test.dll" id="d4eaed5b-26b4-9864-3ed2-85a270c3f157">
      <Execution id="ee2807a1-2f96-42f9-abfb-935e4a363948" />
      <TestMethod codeBase="D:\actions-runner\_work\XPCO\XPCO\Mobile\MobileServer\MobileServerBinaries\VideoOS.Mobile.Server.Test\bin\Debug\net472\VideoOS.Mobile.Server.Service.Test.dll" adapterTypeName="executor://mstestadapter/v2" className="VideoOS.Mobile.Server.Service.Test.VideoSource.Controllers.PlaybackTimeHandlerTests" name="NoStreamsInitialized_PlaybackContinues_TimeNotChanged" />
    </UnitTest>
    <UnitTest name="SomeStreamsCannotContinue_PlaybackContinues_TimeNotChanged" storage="d:\actions-runner\_work\xpco\xpco\mobile\mobileserver\mobileserverbinaries\videoos.mobile.server.test\bin\debug\net472\videoos.mobile.server.service.test.dll" id="568f2fe0-5856-4b31-87be-2a38b01c7c33">
      <Execution id="82bcb355-7acf-4ec5-b6fb-b9044bc8b1a4" />
      <TestMethod codeBase="D:\actions-runner\_work\XPCO\XPCO\Mobile\MobileServer\MobileServerBinaries\VideoOS.Mobile.Server.Test\bin\Debug\net472\VideoOS.Mobile.Server.Service.Test.dll" adapterTypeName="executor://mstestadapter/v2" className="VideoOS.Mobile.Server.Service.Test.VideoSource.Controllers.PlaybackTimeHandlerTests" name="SomeStreamsCannotContinue_PlaybackContinues_TimeNotChanged" />
    </UnitTest>
    <UnitTest name="CommandQueueTestAsyncGroupLoginAndLive" storage="d:\actions-runner\_work\xpco\xpco\mobile\mobileserver\mobileserverbinaries\videoos.mobile.server.test\bin\debug\net472\videoos.mobile.server.service.test.dll" id="fab1f9dc-62c6-d023-7967-d589b182e2a4">
      <TestCategory>
        <TestCategoryItem TestCategory="LongRunning" />
      </TestCategory>
      <Execution id="55079feb-f5a7-403b-b334-c6fa1b843411" />
      <TestMethod codeBase="D:\actions-runner\_work\XPCO\XPCO\Mobile\MobileServer\MobileServerBinaries\VideoOS.Mobile.Server.Test\bin\Debug\net472\VideoOS.Mobile.Server.Service.Test.dll" adapterTypeName="executor://mstestadapter/v2" className="VideoOS.Mobile.Server.Service.Test.MetaChannel.CommunicationCommandQueueTests" name="CommandQueueTestAsyncGroupLoginAndLive" />
    </UnitTest>
    <UnitTest name="TestFramesAggregationTimeoutMultiple" storage="d:\actions-runner\_work\xpco\xpco\mobile\mobileserver\mobileserverbinaries\videoos.mobile.server.test\bin\debug\net472\videoos.mobile.server.service.test.dll" id="b18120fe-04b2-17a2-d059-7f23a8ca03b8">
      <TestCategory>
        <TestCategoryItem TestCategory="Fast" />
      </TestCategory>
      <Execution id="9a8356ca-62fc-4e2a-83b4-0ee0f02cde70" />
      <TestMethod codeBase="D:\actions-runner\_work\XPCO\XPCO\Mobile\MobileServer\MobileServerBinaries\VideoOS.Mobile.Server.Test\bin\Debug\net472\VideoOS.Mobile.Server.Service.Test.dll" adapterTypeName="executor://mstestadapter/v2" className="VideoOS.Mobile.Server.Service.Test.VideoSegmentation.FramesAggregationTimeoutTest" name="TestFramesAggregationTimeoutMultiple" />
    </UnitTest>
    <UnitTest name="TestExports" storage="d:\actions-runner\_work\xpco\xpco\mobile\mobileserver\mobileserverbinaries\videoos.mobile.server.test\bin\debug\net472\videoos.mobile.server.service.test.dll" id="d775a7cd-e072-bd3d-a6f6-adac05c310b9">
      <TestCategory>
        <TestCategoryItem TestCategory="Fast" />
      </TestCategory>
      <Execution id="b1b0fe55-9352-42d7-8fa2-9afb0aba1a1c" />
      <TestMethod codeBase="D:\actions-runner\_work\XPCO\XPCO\Mobile\MobileServer\MobileServerBinaries\VideoOS.Mobile.Server.Test\bin\Debug\net472\VideoOS.Mobile.Server.Service.Test.dll" adapterTypeName="executor://mstestadapter/v2" className="VideoOS.Mobile.Server.Service.Test.Investigations.InvestigationFromExportTests" name="TestExports" />
    </UnitTest>
    <UnitTest name="NotificationServer_InitServerMode (Enabled,True,True)" storage="d:\actions-runner\_work\xpco\xpco\mobile\mobileserver\mobileserverbinaries\videoos.mobile.server.test\bin\debug\net472\videoos.mobile.server.service.test.dll" id="836daa05-9d0b-9773-0687-23c510cd57d3">
      <TestCategory>
        <TestCategoryItem TestCategory="Fast" />
      </TestCategory>
      <Execution id="d95625a6-8517-429d-820f-0520217316f2" />
      <TestMethod codeBase="D:\actions-runner\_work\XPCO\XPCO\Mobile\MobileServer\MobileServerBinaries\VideoOS.Mobile.Server.Test\bin\Debug\net472\VideoOS.Mobile.Server.Service.Test.dll" adapterTypeName="executor://mstestadapter/v2" className="VideoOS.Mobile.Server.Service.Test.Notifications.NotificationServerTests" name="NotificationServer_InitServerMode" />
    </UnitTest>
    <UnitTest name="NotificationServer_CannotRegisterDisabledDevice" storage="d:\actions-runner\_work\xpco\xpco\mobile\mobileserver\mobileserverbinaries\videoos.mobile.server.test\bin\debug\net472\videoos.mobile.server.service.test.dll" id="2853041e-991b-ff79-756b-e3b14825bd3e">
      <TestCategory>
        <TestCategoryItem TestCategory="Fast" />
      </TestCategory>
      <Execution id="eb8f3939-e907-4d4d-bbc3-59003d22b359" />
      <TestMethod codeBase="D:\actions-runner\_work\XPCO\XPCO\Mobile\MobileServer\MobileServerBinaries\VideoOS.Mobile.Server.Test\bin\Debug\net472\VideoOS.Mobile.Server.Service.Test.dll" adapterTypeName="executor://mstestadapter/v2" className="VideoOS.Mobile.Server.Service.Test.Notifications.NotificationServerTests" name="NotificationServer_CannotRegisterDisabledDevice" />
    </UnitTest>
    <UnitTest name="TimeRange_SomeStreamsOutOfRange_PlaybackContinues_TimeNotChanged" storage="d:\actions-runner\_work\xpco\xpco\mobile\mobileserver\mobileserverbinaries\videoos.mobile.server.test\bin\debug\net472\videoos.mobile.server.service.test.dll" id="77a1622c-bf66-a2d4-b065-8f9849fd4883">
      <Execution id="e947a0e2-875c-40c7-9966-5ad424635d2b" />
      <TestMethod codeBase="D:\actions-runner\_work\XPCO\XPCO\Mobile\MobileServer\MobileServerBinaries\VideoOS.Mobile.Server.Test\bin\Debug\net472\VideoOS.Mobile.Server.Service.Test.dll" adapterTypeName="executor://mstestadapter/v2" className="VideoOS.Mobile.Server.Service.Test.VideoSource.Controllers.PlaybackTimeHandlerTests" name="TimeRange_SomeStreamsOutOfRange_PlaybackContinues_TimeNotChanged" />
    </UnitTest>
    <UnitTest name="TwoStepVerificationTest" storage="d:\actions-runner\_work\xpco\xpco\mobile\mobileserver\mobileserverbinaries\videoos.mobile.server.test\bin\debug\net472\videoos.mobile.server.service.test.dll" id="a0b9d1e4-24b3-60a1-0b6b-b59ef2f08557">
      <TestCategory>
        <TestCategoryItem TestCategory="LongRunning" />
      </TestCategory>
      <Execution id="375d2750-2899-4166-b095-29b9b1a629e6" />
      <TestMethod codeBase="D:\actions-runner\_work\XPCO\XPCO\Mobile\MobileServer\MobileServerBinaries\VideoOS.Mobile.Server.Test\bin\Debug\net472\VideoOS.Mobile.Server.Service.Test.dll" adapterTypeName="executor://mstestadapter/v2" className="VideoOS.Mobile.Server.Service.Test.TwoStepsVerification.TwoStepsVerificationSessionTests" name="TwoStepVerificationTest" />
    </UnitTest>
    <UnitTest name="LimitCount_CollectionLenghtIsLessThanLimits" storage="d:\actions-runner\_work\xpco\xpco\mobile\mobileserver\mobileserverbinaries\videoos.mobile.server.test\bin\debug\net472\videoos.mobile.server.service.test.dll" id="989637b2-a22c-7066-e6d2-55dafa6402cd">
      <TestCategory>
        <TestCategoryItem TestCategory="Fast" />
      </TestCategory>
      <Execution id="23ab9983-31f7-46dc-aac3-7e234d3ff6ff" />
      <TestMethod codeBase="D:\actions-runner\_work\XPCO\XPCO\Mobile\MobileServer\MobileServerBinaries\VideoOS.Mobile.Server.Test\bin\Debug\net472\VideoOS.Mobile.Server.Service.Test.dll" adapterTypeName="executor://mstestadapter/v2" className="VideoOS.Mobile.Server.Service.Test.MetaChannel.CommChannel.SequenceHelperTests" name="LimitCount_CollectionLenghtIsLessThanLimits" />
    </UnitTest>
    <UnitTest name="CommandQueueTestAsyncBase" storage="d:\actions-runner\_work\xpco\xpco\mobile\mobileserver\mobileserverbinaries\videoos.mobile.server.test\bin\debug\net472\videoos.mobile.server.service.test.dll" id="ab303bbc-5427-77f6-529d-9b1fe8cb543b">
      <TestCategory>
        <TestCategoryItem TestCategory="LongRunning" />
      </TestCategory>
      <Execution id="f6dc6519-10f0-4efd-9e65-d988899f0c9e" />
      <TestMethod codeBase="D:\actions-runner\_work\XPCO\XPCO\Mobile\MobileServer\MobileServerBinaries\VideoOS.Mobile.Server.Test\bin\Debug\net472\VideoOS.Mobile.Server.Service.Test.dll" adapterTypeName="executor://mstestadapter/v2" className="VideoOS.Mobile.Server.Service.Test.MetaChannel.CommunicationCommandQueueTests" name="CommandQueueTestAsyncBase" />
    </UnitTest>
    <UnitTest name="FindNearest" storage="d:\actions-runner\_work\xpco\xpco\mobile\mobileserver\mobileserverbinaries\videoos.mobile.server.test\bin\debug\net472\videoos.mobile.server.service.test.dll" id="279cbe84-c17b-472a-0a2a-572a504dae3b">
      <TestCategory>
        <TestCategoryItem TestCategory="Fast" />
      </TestCategory>
      <Execution id="47f9dfd6-5b1c-4755-8d90-ab2829849aaa" />
      <TestMethod codeBase="D:\actions-runner\_work\XPCO\XPCO\Mobile\MobileServer\MobileServerBinaries\VideoOS.Mobile.Server.Test\bin\Debug\net472\VideoOS.Mobile.Server.Service.Test.dll" adapterTypeName="executor://mstestadapter/v2" className="VideoOS.Mobile.Server.Service.Test.MetaChannel.CommChannel.SequenceHelperTests" name="FindNearest" />
    </UnitTest>
    <UnitTest name="AnyIllegalCharsMustNotBeValid" storage="d:\actions-runner\_work\xpco\xpco\mobile\mobileserver\mobileserverbinaries\videoos.mobile.server.test\bin\debug\net472\videoos.mobile.server.service.test.dll" id="47f28ebf-77dc-40e5-9ce7-5f767b648730">
      <TestCategory>
        <TestCategoryItem TestCategory="Fast" />
      </TestCategory>
      <Execution id="759e3901-cb2e-4fb0-80b4-3d01365410e5" />
      <TestMethod codeBase="D:\actions-runner\_work\XPCO\XPCO\Mobile\MobileServer\MobileServerBinaries\VideoOS.Mobile.Server.Test\bin\Debug\net472\VideoOS.Mobile.Server.Service.Test.dll" adapterTypeName="executor://mstestadapter/v2" className="VideoOS.Mobile.Server.Service.Test.Export.Helpers.PasswordValidatorTests" name="AnyIllegalCharsMustNotBeValid" />
    </UnitTest>
    <UnitTest name="GeneratingSameExportMoreThanOnceReturnsNewLink" storage="d:\actions-runner\_work\xpco\xpco\mobile\mobileserver\mobileserverbinaries\videoos.mobile.server.test\bin\debug\net472\videoos.mobile.server.service.test.dll" id="ed89c0c7-47b7-b30f-a4ea-f9701d2148bb">
      <Execution id="e9ebb8fa-2a62-4d01-8497-0e8c37aed603" />
      <TestMethod codeBase="D:\actions-runner\_work\XPCO\XPCO\Mobile\MobileServer\MobileServerBinaries\VideoOS.Mobile.Server.Test\bin\Debug\net472\VideoOS.Mobile.Server.Service.Test.dll" adapterTypeName="executor://mstestadapter/v2" className="VideoOS.Mobile.Server.Service.Test.Export.Mappings.ExportLinkMappingsTests" name="GeneratingSameExportMoreThanOnceReturnsNewLink" />
    </UnitTest>
    <UnitTest name="NewExportsGenerateNewExportDownloadLink" storage="d:\actions-runner\_work\xpco\xpco\mobile\mobileserver\mobileserverbinaries\videoos.mobile.server.test\bin\debug\net472\videoos.mobile.server.service.test.dll" id="60a07504-8fea-3bbe-8282-290eda0bf4d1">
      <Execution id="8ccf4452-6040-461e-8f39-fd850c8ff2a4" />
      <TestMethod codeBase="D:\actions-runner\_work\XPCO\XPCO\Mobile\MobileServer\MobileServerBinaries\VideoOS.Mobile.Server.Test\bin\Debug\net472\VideoOS.Mobile.Server.Service.Test.dll" adapterTypeName="executor://mstestadapter/v2" className="VideoOS.Mobile.Server.Service.Test.Export.Mappings.ExportLinkMappingsTests" name="NewExportsGenerateNewExportDownloadLink" />
    </UnitTest>
    <UnitTest name="LowerBound_SelectLatestSequence" storage="d:\actions-runner\_work\xpco\xpco\mobile\mobileserver\mobileserverbinaries\videoos.mobile.server.test\bin\debug\net472\videoos.mobile.server.service.test.dll" id="801ffb9c-7b33-d534-a314-afe14b3f8e34">
      <TestCategory>
        <TestCategoryItem TestCategory="Fast" />
      </TestCategory>
      <Execution id="ed9b7731-2215-4d79-9443-b223212a0ad0" />
      <TestMethod codeBase="D:\actions-runner\_work\XPCO\XPCO\Mobile\MobileServer\MobileServerBinaries\VideoOS.Mobile.Server.Test\bin\Debug\net472\VideoOS.Mobile.Server.Service.Test.dll" adapterTypeName="executor://mstestadapter/v2" className="VideoOS.Mobile.Server.Service.Test.MetaChannel.CommChannel.SequenceHelperTests" name="LowerBound_SelectLatestSequence" />
    </UnitTest>
    <UnitTest name="NotificationServer_ChangeServerMode (Disabled,DeviceRegistrationOnly,True,False)" storage="d:\actions-runner\_work\xpco\xpco\mobile\mobileserver\mobileserverbinaries\videoos.mobile.server.test\bin\debug\net472\videoos.mobile.server.service.test.dll" id="8933bd42-9a1e-0184-c32b-defc2356476f">
      <TestCategory>
        <TestCategoryItem TestCategory="Fast" />
      </TestCategory>
      <Execution id="4c3f3b15-9567-47c0-b74c-0bdcceff1d6e" />
      <TestMethod codeBase="D:\actions-runner\_work\XPCO\XPCO\Mobile\MobileServer\MobileServerBinaries\VideoOS.Mobile.Server.Test\bin\Debug\net472\VideoOS.Mobile.Server.Service.Test.dll" adapterTypeName="executor://mstestadapter/v2" className="VideoOS.Mobile.Server.Service.Test.Notifications.NotificationServerTests" name="NotificationServer_ChangeServerMode" />
    </UnitTest>
    <UnitTest name="RemoveExportLinkSuccessfully" storage="d:\actions-runner\_work\xpco\xpco\mobile\mobileserver\mobileserverbinaries\videoos.mobile.server.test\bin\debug\net472\videoos.mobile.server.service.test.dll" id="c0171c70-5cf1-4653-5869-cfba6434286f">
      <Execution id="cec2e075-c8ac-4743-b74f-2c9126926371" />
      <TestMethod codeBase="D:\actions-runner\_work\XPCO\XPCO\Mobile\MobileServer\MobileServerBinaries\VideoOS.Mobile.Server.Test\bin\Debug\net472\VideoOS.Mobile.Server.Service.Test.dll" adapterTypeName="executor://mstestadapter/v2" className="VideoOS.Mobile.Server.Service.Test.Export.Mappings.ExportLinkMappingsTests" name="RemoveExportLinkSuccessfully" />
    </UnitTest>
    <UnitTest name="PlaybackControllerTest" storage="d:\actions-runner\_work\xpco\xpco\mobile\mobileserver\mobileserverbinaries\videoos.mobile.server.test\bin\debug\net472\videoos.mobile.server.service.test.dll" id="8fcf50bc-e1ba-c4b7-d19c-1d238b2823ed">
      <TestCategory>
        <TestCategoryItem TestCategory="LongRunning" />
      </TestCategory>
      <Execution id="795d24b7-a19b-424d-a73e-e751be7fa2ca" />
      <TestMethod codeBase="D:\actions-runner\_work\XPCO\XPCO\Mobile\MobileServer\MobileServerBinaries\VideoOS.Mobile.Server.Test\bin\Debug\net472\VideoOS.Mobile.Server.Service.Test.dll" adapterTypeName="executor://mstestadapter/v2" className="VideoOS.Mobile.Server.Service.Test.VideoSource.Controllers.PlaybackControllerBaseTests" name="PlaybackControllerTest" />
    </UnitTest>
    <UnitTest name="DontRecieveAlarmOnDenyPushFlagTest" storage="d:\actions-runner\_work\xpco\xpco\mobile\mobileserver\mobileserverbinaries\videoos.mobile.server.test\bin\debug\net472\videoos.mobile.server.service.test.dll" id="2d1c60f4-f325-aad6-29ce-1b9879e7a42e">
      <TestCategory>
        <TestCategoryItem TestCategory="LongRunning" />
      </TestCategory>
      <Execution id="3ce544dc-3659-4f23-8fb6-386cb8d92fa3" />
      <TestMethod codeBase="D:\actions-runner\_work\XPCO\XPCO\Mobile\MobileServer\MobileServerBinaries\VideoOS.Mobile.Server.Test\bin\Debug\net472\VideoOS.Mobile.Server.Service.Test.dll" adapterTypeName="executor://mstestadapter/v2" className="VideoOS.Mobile.Server.Service.Test.Notifications.NotificationServerTests" name="DontRecieveAlarmOnDenyPushFlagTest" />
    </UnitTest>
    <UnitTest name="TestFrameNextTimeCorrector" storage="d:\actions-runner\_work\xpco\xpco\mobile\mobileserver\mobileserverbinaries\videoos.mobile.server.test\bin\debug\net472\videoos.mobile.server.service.test.dll" id="bf6cf16c-c42a-3cbe-d87e-9569bbe97a62">
      <TestCategory>
        <TestCategoryItem TestCategory="Fast" />
      </TestCategory>
      <Execution id="4d12d6d2-7c74-4ab5-beb5-314a07a6427f" />
      <TestMethod codeBase="D:\actions-runner\_work\XPCO\XPCO\Mobile\MobileServer\MobileServerBinaries\VideoOS.Mobile.Server.Test\bin\Debug\net472\VideoOS.Mobile.Server.Service.Test.dll" adapterTypeName="executor://mstestadapter/v2" className="VideoOS.Mobile.Server.Service.Test.VideoSegmentation.FrameNextTimeCorrectorTest" name="TestFrameNextTimeCorrector" />
    </UnitTest>
    <UnitTest name="MobileServerDiscoverableServiceTest" storage="d:\actions-runner\_work\xpco\xpco\mobile\mobileserver\mobileserverbinaries\videoos.mobile.server.test\bin\debug\net472\videoos.mobile.server.service.test.dll" id="4e718855-46c8-55f5-4bd0-fd38bd3c2be5">
      <TestCategory>
        <TestCategoryItem TestCategory="Fast" />
      </TestCategory>
      <Execution id="3e86971b-8f48-43c6-a576-2f6ed37fef60" />
      <TestMethod codeBase="D:\actions-runner\_work\XPCO\XPCO\Mobile\MobileServer\MobileServerBinaries\VideoOS.Mobile.Server.Test\bin\Debug\net472\VideoOS.Mobile.Server.Service.Test.dll" adapterTypeName="executor://mstestadapter/v2" className="VideoOS.Mobile.Server.Service.Test.Upnp.MobileServerDiscoverableServiceTests" name="MobileServerDiscoverableServiceTest" />
    </UnitTest>
    <UnitTest name="Crop_SequenceAtEnd" storage="d:\actions-runner\_work\xpco\xpco\mobile\mobileserver\mobileserverbinaries\videoos.mobile.server.test\bin\debug\net472\videoos.mobile.server.service.test.dll" id="3f647da0-3afa-6643-6359-62e87ea0d795">
      <TestCategory>
        <TestCategoryItem TestCategory="Fast" />
      </TestCategory>
      <Execution id="35e0d97d-7818-40e4-b1ed-feb5b8275d28" />
      <TestMethod codeBase="D:\actions-runner\_work\XPCO\XPCO\Mobile\MobileServer\MobileServerBinaries\VideoOS.Mobile.Server.Test\bin\Debug\net472\VideoOS.Mobile.Server.Service.Test.dll" adapterTypeName="executor://mstestadapter/v2" className="VideoOS.Mobile.Server.Service.Test.MetaChannel.CommChannel.SequenceHelperTests" name="Crop_SequenceAtEnd" />
    </UnitTest>
    <UnitTest name="NotifiedDeviceDBHelper_UpdateMIPSettings" storage="d:\actions-runner\_work\xpco\xpco\mobile\mobileserver\mobileserverbinaries\videoos.mobile.server.test\bin\debug\net472\videoos.mobile.server.service.test.dll" id="fc2a06b1-27c1-39d9-f6fd-7c2355aacc52">
      <TestCategory>
        <TestCategoryItem TestCategory="Fast" />
      </TestCategory>
      <Execution id="9e9f9814-412e-47f5-a1e9-c3377f402c3c" />
      <TestMethod codeBase="D:\actions-runner\_work\XPCO\XPCO\Mobile\MobileServer\MobileServerBinaries\VideoOS.Mobile.Server.Test\bin\Debug\net472\VideoOS.Mobile.Server.Service.Test.dll" adapterTypeName="executor://mstestadapter/v2" className="VideoOS.Mobile.Server.Service.Test.Notifications.NotifiedDeviceDBHelperTests" name="NotifiedDeviceDBHelper_UpdateMIPSettings" />
    </UnitTest>
    <UnitTest name="Merge_NothingToMerge" storage="d:\actions-runner\_work\xpco\xpco\mobile\mobileserver\mobileserverbinaries\videoos.mobile.server.test\bin\debug\net472\videoos.mobile.server.service.test.dll" id="40dd05f2-469e-5773-539d-eabb81250642">
      <TestCategory>
        <TestCategoryItem TestCategory="Fast" />
      </TestCategory>
      <Execution id="96c6ebfb-190c-4ad4-97f4-53458973181f" />
      <TestMethod codeBase="D:\actions-runner\_work\XPCO\XPCO\Mobile\MobileServer\MobileServerBinaries\VideoOS.Mobile.Server.Test\bin\Debug\net472\VideoOS.Mobile.Server.Service.Test.dll" adapterTypeName="executor://mstestadapter/v2" className="VideoOS.Mobile.Server.Service.Test.MetaChannel.CommChannel.SequenceHelperTests" name="Merge_NothingToMerge" />
    </UnitTest>
    <UnitTest name="DeviceConfigurationTest" storage="d:\actions-runner\_work\xpco\xpco\mobile\mobileserver\mobileserverbinaries\videoos.mobile.server.test\bin\debug\net472\videoos.mobile.server.service.test.dll" id="45359acf-d02f-fe13-f23b-839a3519c3f4">
      <TestCategory>
        <TestCategoryItem TestCategory="LongRunning" />
      </TestCategory>
      <Execution id="8a982982-bd22-46b0-9d3d-7544c4a39faa" />
      <TestMethod codeBase="D:\actions-runner\_work\XPCO\XPCO\Mobile\MobileServer\MobileServerBinaries\VideoOS.Mobile.Server.Test\bin\Debug\net472\VideoOS.Mobile.Server.Service.Test.dll" adapterTypeName="executor://mstestadapter/v2" className="VideoOS.Mobile.Server.Service.Test.HttpHandler.HttpDeviceConfigurationHandlerTests" name="DeviceConfigurationTest" />
    </UnitTest>
    <UnitTest name="MultiSourceSingleMessageTest" storage="d:\actions-runner\_work\xpco\xpco\mobile\mobileserver\mobileserverbinaries\videoos.mobile.server.test\bin\debug\net472\videoos.mobile.server.service.test.dll" id="d4e06728-5906-573a-3773-ffea274f26ca">
      <Execution id="eecbb874-848c-47a0-91f7-81c6339917b5" />
      <TestMethod codeBase="D:\actions-runner\_work\XPCO\XPCO\Mobile\MobileServer\MobileServerBinaries\VideoOS.Mobile.Server.Test\bin\Debug\net472\VideoOS.Mobile.Server.Service.Test.dll" adapterTypeName="executor://mstestadapter/v2" className="VideoOS.Mobile.Server.Service.Test.Notifications.NotifiedDeviceTests" name="MultiSourceSingleMessageTest" />
    </UnitTest>
    <UnitTest name="CommandQueueTestAsyncOld" storage="d:\actions-runner\_work\xpco\xpco\mobile\mobileserver\mobileserverbinaries\videoos.mobile.server.test\bin\debug\net472\videoos.mobile.server.service.test.dll" id="bd27d4e1-7ebc-3ef1-95d9-2934fbd3b038">
      <TestCategory>
        <TestCategoryItem TestCategory="LongRunning" />
      </TestCategory>
      <Execution id="7b805748-ecc2-42b1-a8be-a318f0c18f5f" />
      <TestMethod codeBase="D:\actions-runner\_work\XPCO\XPCO\Mobile\MobileServer\MobileServerBinaries\VideoOS.Mobile.Server.Test\bin\Debug\net472\VideoOS.Mobile.Server.Service.Test.dll" adapterTypeName="executor://mstestadapter/v2" className="VideoOS.Mobile.Server.Service.Test.MetaChannel.CommunicationCommandQueueTests" name="CommandQueueTestAsyncOld" />
    </UnitTest>
    <UnitTest name="Process_ComplexCase2" storage="d:\actions-runner\_work\xpco\xpco\mobile\mobileserver\mobileserverbinaries\videoos.mobile.server.test\bin\debug\net472\videoos.mobile.server.service.test.dll" id="119accc5-3d47-9a55-1db4-54236af8e84a">
      <TestCategory>
        <TestCategoryItem TestCategory="Fast" />
      </TestCategory>
      <Execution id="8f5b12d0-3188-4579-9466-63bf968694de" />
      <TestMethod codeBase="D:\actions-runner\_work\XPCO\XPCO\Mobile\MobileServer\MobileServerBinaries\VideoOS.Mobile.Server.Test\bin\Debug\net472\VideoOS.Mobile.Server.Service.Test.dll" adapterTypeName="executor://mstestadapter/v2" className="VideoOS.Mobile.Server.Service.Test.MetaChannel.CommChannel.SequenceHelperTests" name="Process_ComplexCase2" />
    </UnitTest>
    <UnitTest name="NoEventRightsFilterTest" storage="d:\actions-runner\_work\xpco\xpco\mobile\mobileserver\mobileserverbinaries\videoos.mobile.server.test\bin\debug\net472\videoos.mobile.server.service.test.dll" id="9a5b1ab6-9c4e-ab09-df23-254811d2c167">
      <Execution id="802ca607-7b8b-4054-80a4-a3c6e7b68ea8" />
      <TestMethod codeBase="D:\actions-runner\_work\XPCO\XPCO\Mobile\MobileServer\MobileServerBinaries\VideoOS.Mobile.Server.Test\bin\Debug\net472\VideoOS.Mobile.Server.Service.Test.dll" adapterTypeName="executor://mstestadapter/v2" className="VideoOS.Mobile.Server.Service.Test.Notifications.NotifiedDeviceTests" name="NoEventRightsFilterTest" />
    </UnitTest>
    <UnitTest name="TestCameras" storage="d:\actions-runner\_work\xpco\xpco\mobile\mobileserver\mobileserverbinaries\videoos.mobile.server.test\bin\debug\net472\videoos.mobile.server.service.test.dll" id="9645dae5-ba94-2236-6133-b9e0f5d7f87b">
      <TestCategory>
        <TestCategoryItem TestCategory="Fast" />
      </TestCategory>
      <Execution id="6afc64f2-6fbd-4fdf-ac1e-af890923ef8e" />
      <TestMethod codeBase="D:\actions-runner\_work\XPCO\XPCO\Mobile\MobileServer\MobileServerBinaries\VideoOS.Mobile.Server.Test\bin\Debug\net472\VideoOS.Mobile.Server.Service.Test.dll" adapterTypeName="executor://mstestadapter/v2" className="VideoOS.Mobile.Server.Service.Test.Investigations.InvestigationFromExportTests" name="TestCameras" />
    </UnitTest>
    <UnitTest name="NotifiedDeviceDBHelper_UpdateDeviceEnabledToDeviceState" storage="d:\actions-runner\_work\xpco\xpco\mobile\mobileserver\mobileserverbinaries\videoos.mobile.server.test\bin\debug\net472\videoos.mobile.server.service.test.dll" id="deee3dc0-75b5-fc24-2903-a5220466860e">
      <TestCategory>
        <TestCategoryItem TestCategory="Fast" />
      </TestCategory>
      <Execution id="7557f4e9-d5ab-4e12-af52-d3e31a3bf1e9" />
      <TestMethod codeBase="D:\actions-runner\_work\XPCO\XPCO\Mobile\MobileServer\MobileServerBinaries\VideoOS.Mobile.Server.Test\bin\Debug\net472\VideoOS.Mobile.Server.Service.Test.dll" adapterTypeName="executor://mstestadapter/v2" className="VideoOS.Mobile.Server.Service.Test.Notifications.NotifiedDeviceDBHelperTests" name="NotifiedDeviceDBHelper_UpdateDeviceEnabledToDeviceState" />
    </UnitTest>
    <UnitTest name="LimitCount_OneDirectional" storage="d:\actions-runner\_work\xpco\xpco\mobile\mobileserver\mobileserverbinaries\videoos.mobile.server.test\bin\debug\net472\videoos.mobile.server.service.test.dll" id="ce333b82-4964-6cf6-8173-0208304aa4a3">
      <TestCategory>
        <TestCategoryItem TestCategory="Fast" />
      </TestCategory>
      <Execution id="cd3c9e8f-9606-42b7-a961-7a2f9d98db40" />
      <TestMethod codeBase="D:\actions-runner\_work\XPCO\XPCO\Mobile\MobileServer\MobileServerBinaries\VideoOS.Mobile.Server.Test\bin\Debug\net472\VideoOS.Mobile.Server.Service.Test.dll" adapterTypeName="executor://mstestadapter/v2" className="VideoOS.Mobile.Server.Service.Test.MetaChannel.CommChannel.SequenceHelperTests" name="LimitCount_OneDirectional" />
    </UnitTest>
  </TestDefinitions>
  <TestEntries>
    <TestEntry testId="119accc5-3d47-9a55-1db4-54236af8e84a" executionId="8f5b12d0-3188-4579-9466-63bf968694de" testListId="8c84fa94-04c1-424b-9868-57a2d4851a1d" />
    <TestEntry testId="a3740e79-d506-520f-0d82-1a5c6712721d" executionId="fc8cbb5f-440b-4ff3-a1a2-dc3134112e4a" testListId="8c84fa94-04c1-424b-9868-57a2d4851a1d" />
    <TestEntry testId="afd79426-dd3a-9043-ae66-ce7ff4214db7" executionId="3f7f39ab-466c-4c45-af33-d44746443b2a" testListId="8c84fa94-04c1-424b-9868-57a2d4851a1d" />
    <TestEntry testId="568f2fe0-5856-4b31-87be-2a38b01c7c33" executionId="82bcb355-7acf-4ec5-b6fb-b9044bc8b1a4" testListId="8c84fa94-04c1-424b-9868-57a2d4851a1d" />
    <TestEntry testId="34585e59-a803-6fcb-7bd4-5d1ad38d7fb5" executionId="8df3b44c-9d3e-4dea-a1fa-a33b30c93b94" testListId="8c84fa94-04c1-424b-9868-57a2d4851a1d" />
    <TestEntry testId="60a07504-8fea-3bbe-8282-290eda0bf4d1" executionId="8ccf4452-6040-461e-8f39-fd850c8ff2a4" testListId="8c84fa94-04c1-424b-9868-57a2d4851a1d" />
    <TestEntry testId="a2a11fe6-064a-3d37-d6f7-9c854abeb75c" executionId="7dae06e6-fc2c-4420-88b2-21cdf570ed3d" testListId="8c84fa94-04c1-424b-9868-57a2d4851a1d" />
    <TestEntry testId="28f50f77-b84e-324f-b0d1-cc36c433dd52" executionId="df73b8a3-7d41-496c-8b2e-7e99b31b4749" testListId="8c84fa94-04c1-424b-9868-57a2d4851a1d" />
    <TestEntry testId="e9e48bf0-3061-b19a-30c7-3744983da442" executionId="d8719eb4-0768-4f66-a214-dd0b14b8bbb6" testListId="8c84fa94-04c1-424b-9868-57a2d4851a1d" />
    <TestEntry testId="55e67d4d-e333-42a5-2a8c-a76e16be1462" executionId="d2e83a94-a2da-4146-a43e-9851b5c5fb08" testListId="8c84fa94-04c1-424b-9868-57a2d4851a1d" />
    <TestEntry testId="e5e04b3f-2826-cffa-21a0-e432f2281dd4" executionId="571122ec-ed2a-4f73-935b-3e461a455b7b" testListId="8c84fa94-04c1-424b-9868-57a2d4851a1d" />
    <TestEntry testId="d76305e7-eb38-ea13-2074-090c736ef772" executionId="e81d5106-1c6e-4616-9e3a-6ec22488447a" testListId="8c84fa94-04c1-424b-9868-57a2d4851a1d" />
    <TestEntry testId="f1288a66-ac3c-4fa3-7a4a-0822a024fc17" executionId="72a45260-35d5-49b3-8f0d-4e915543618f" testListId="8c84fa94-04c1-424b-9868-57a2d4851a1d" />
    <TestEntry testId="e1368d6a-49f6-fa98-e664-2e1e2cbda908" executionId="f9de1b97-3b21-43e0-aa29-f24e544d45fe" testListId="8c84fa94-04c1-424b-9868-57a2d4851a1d" />
    <TestEntry testId="cb0e4521-ea98-5130-5c0e-99ff7259d652" executionId="3eddae78-5679-4a3e-9961-8d72ba40cb69" testListId="8c84fa94-04c1-424b-9868-57a2d4851a1d" />
    <TestEntry testId="fab1f9dc-62c6-d023-7967-d589b182e2a4" executionId="55079feb-f5a7-403b-b334-c6fa1b843411" testListId="8c84fa94-04c1-424b-9868-57a2d4851a1d" />
    <TestEntry testId="23f37eb5-62bb-5f8e-e896-e398dc0a460e" executionId="96c59ec7-ee35-4b73-b249-98d9351e7e2a" testListId="8c84fa94-04c1-424b-9868-57a2d4851a1d" />
    <TestEntry testId="543d883d-ed59-db37-1d69-5b31c89aa78b" executionId="f10a523e-1b0c-4eb5-8781-b5bae54713e9" testListId="8c84fa94-04c1-424b-9868-57a2d4851a1d" />
    <TestEntry testId="b2d563c2-6970-cecf-45cc-5949c020c131" executionId="fb4c5f18-a2e2-4bc6-a314-00de84cfa8a9" testListId="8c84fa94-04c1-424b-9868-57a2d4851a1d" />
    <TestEntry testId="0524f5c3-615c-4bf8-dc64-458043869f5e" executionId="818eb60b-7044-435e-9639-78978f0c7b99" testListId="8c84fa94-04c1-424b-9868-57a2d4851a1d" />
    <TestEntry testId="dde0b40b-c752-61eb-50c6-8b25ba051775" executionId="52ee6c3b-e5bc-4ca1-bbb0-1552d3313764" testListId="8c84fa94-04c1-424b-9868-57a2d4851a1d" />
    <TestEntry testId="b0673b72-238f-7d1b-6e2a-d01473ae38c5" executionId="47c53636-ebcf-4b6d-9b7a-d3f6ff8fdb8a" testListId="8c84fa94-04c1-424b-9868-57a2d4851a1d" />
    <TestEntry testId="0e23ecae-552e-9b69-7d09-db42501daec5" executionId="6184e476-5287-49fd-b997-2808e5e8387c" testListId="8c84fa94-04c1-424b-9868-57a2d4851a1d" />
    <TestEntry testId="fec1e502-ed05-bb42-36f0-38e08fee1ab0" executionId="e6b03a80-3199-49c4-abfb-7c3506765adb" testListId="8c84fa94-04c1-424b-9868-57a2d4851a1d" />
    <TestEntry testId="a74e042a-ba76-98d9-ee95-796000a6ab92" executionId="a5c3460b-e9cc-4893-8c40-5de8c91cc240" testListId="8c84fa94-04c1-424b-9868-57a2d4851a1d" />
    <TestEntry testId="653eb4dd-8d66-7123-b216-dfc6e5abf3ae" executionId="64a84bf8-1eca-4744-9696-fb3501ca8757" testListId="8c84fa94-04c1-424b-9868-57a2d4851a1d" />
    <TestEntry testId="0fb4c8ba-4032-76a8-fe53-e54b18754bf3" executionId="b826d0d0-fe25-45d9-acef-367fdc40774d" testListId="8c84fa94-04c1-424b-9868-57a2d4851a1d" />
    <TestEntry testId="deee3dc0-75b5-fc24-2903-a5220466860e" executionId="7557f4e9-d5ab-4e12-af52-d3e31a3bf1e9" testListId="8c84fa94-04c1-424b-9868-57a2d4851a1d" />
    <TestEntry testId="e432e471-c708-c310-b770-c450d96b3ee7" executionId="265b9600-0e5b-4f5d-95e2-1e1226770a5e" testListId="8c84fa94-04c1-424b-9868-57a2d4851a1d" />
    <TestEntry testId="843241bc-70a1-5e2d-a99f-163982b0c2ea" executionId="970de144-29b8-4130-9b2f-b7579f9c64c9" testListId="8c84fa94-04c1-424b-9868-57a2d4851a1d" />
    <TestEntry testId="60cd8535-a353-91ae-9fb6-53de2782725a" executionId="05a81478-082f-44f0-8f1f-5430e7886778" testListId="8c84fa94-04c1-424b-9868-57a2d4851a1d" />
    <TestEntry testId="da583c0c-cf07-1469-00b5-f41da10f88c7" executionId="80c86681-334d-4f1d-9e17-4938fd218d42" testListId="8c84fa94-04c1-424b-9868-57a2d4851a1d" />
    <TestEntry testId="9645dae5-ba94-2236-6133-b9e0f5d7f87b" executionId="6afc64f2-6fbd-4fdf-ac1e-af890923ef8e" testListId="8c84fa94-04c1-424b-9868-57a2d4851a1d" />
    <TestEntry testId="3befcbf9-d8fa-2b82-1621-be80176cac1d" executionId="d3d59818-1319-4ebc-a24f-c33f32018058" testListId="8c84fa94-04c1-424b-9868-57a2d4851a1d" />
    <TestEntry testId="961e61e1-2456-e91e-5ec2-5a68128bd27e" executionId="6efcbc07-5a6f-4716-a90d-69c90f06b69c" testListId="8c84fa94-04c1-424b-9868-57a2d4851a1d" />
    <TestEntry testId="72f5d9c9-2aca-601b-72f8-40c336335eb1" executionId="7ec4f2fa-4639-4591-9a76-6d2d1d3d834e" testListId="8c84fa94-04c1-424b-9868-57a2d4851a1d" />
    <TestEntry testId="a8a7d378-b5ac-a332-5874-3372faaecdfc" executionId="84b7d787-6c50-47ab-992d-65c203b94b18" testListId="8c84fa94-04c1-424b-9868-57a2d4851a1d" />
    <TestEntry testId="d9cd02ac-eca8-2ffd-3fad-2720f47cede6" executionId="53af4c3a-e886-485b-a808-cc76b974914b" testListId="8c84fa94-04c1-424b-9868-57a2d4851a1d" />
    <TestEntry testId="099d273f-3455-d277-0524-fce1683fa8e0" executionId="a0629413-3a9d-4bcd-91a9-28cde8c12adf" testListId="8c84fa94-04c1-424b-9868-57a2d4851a1d" />
    <TestEntry testId="3aa36c85-2dd0-8b90-a278-398635156629" executionId="c772f3bf-8d7f-47dd-a680-8f3f224118be" testListId="8c84fa94-04c1-424b-9868-57a2d4851a1d" />
    <TestEntry testId="d0c9c2ff-5a1b-647d-174b-0fa95417ddce" executionId="a6f76025-b060-4d41-b76d-2330217ca2d2" testListId="8c84fa94-04c1-424b-9868-57a2d4851a1d" />
    <TestEntry testId="40dd05f2-469e-5773-539d-eabb81250642" executionId="96c6ebfb-190c-4ad4-97f4-53458973181f" testListId="8c84fa94-04c1-424b-9868-57a2d4851a1d" />
    <TestEntry testId="d4eaed5b-26b4-9864-3ed2-85a270c3f157" executionId="ee2807a1-2f96-42f9-abfb-935e4a363948" testListId="8c84fa94-04c1-424b-9868-57a2d4851a1d" />
    <TestEntry testId="ed89c0c7-47b7-b30f-a4ea-f9701d2148bb" executionId="e9ebb8fa-2a62-4d01-8497-0e8c37aed603" testListId="8c84fa94-04c1-424b-9868-57a2d4851a1d" />
    <TestEntry testId="4cfbeb6a-f462-186f-da32-c829f3bcd987" executionId="61108216-80f7-4c50-9816-8f744faef81d" testListId="8c84fa94-04c1-424b-9868-57a2d4851a1d" />
    <TestEntry testId="989637b2-a22c-7066-e6d2-55dafa6402cd" executionId="23ab9983-31f7-46dc-aac3-7e234d3ff6ff" testListId="8c84fa94-04c1-424b-9868-57a2d4851a1d" />
    <TestEntry testId="fdcbb6e5-5341-0c93-e066-96978cef9f19" executionId="52ddde06-3a2b-4ab6-ae9d-7dadcd39bcbf" testListId="8c84fa94-04c1-424b-9868-57a2d4851a1d" />
    <TestEntry testId="3e8e07f6-bd03-fa99-1b0c-1fe5f1198e8e" executionId="28f680f4-3d38-4f3a-b859-a2676402267f" testListId="8c84fa94-04c1-424b-9868-57a2d4851a1d" />
    <TestEntry testId="c7add7de-4d0b-fb53-4a9b-324c1c5812ce" executionId="c5cda699-594d-41e1-a60e-baf10931ad20" testListId="8c84fa94-04c1-424b-9868-57a2d4851a1d" />
    <TestEntry testId="5d31ca96-f8e1-be4b-7139-b81c2885f7fd" executionId="09195c4e-52f8-4adc-b299-f876ac536d52" testListId="8c84fa94-04c1-424b-9868-57a2d4851a1d" />
    <TestEntry testId="5bcd8085-565e-3649-4d2d-b4e01d6be2d9" executionId="8ed8b220-6f69-43aa-867c-9173cd52d34f" testListId="8c84fa94-04c1-424b-9868-57a2d4851a1d" />
    <TestEntry testId="c2131a44-b7e4-51da-99b6-d8f5f9329b01" executionId="b59c9a9c-2f0f-4a63-96ba-b615f18ddb94" testListId="8c84fa94-04c1-424b-9868-57a2d4851a1d" />
    <TestEntry testId="616609a2-f6e9-375f-176e-f91e4c250a85" executionId="53fb135b-4be6-44fb-b4a8-e67efdea10da" testListId="8c84fa94-04c1-424b-9868-57a2d4851a1d" />
    <TestEntry testId="476c285b-2ec0-2d3d-827c-113095574a5c" executionId="82cba623-40f8-47c2-88c2-d7d786255884" testListId="8c84fa94-04c1-424b-9868-57a2d4851a1d" />
    <TestEntry testId="47f28ebf-77dc-40e5-9ce7-5f767b648730" executionId="759e3901-cb2e-4fb0-80b4-3d01365410e5" testListId="8c84fa94-04c1-424b-9868-57a2d4851a1d" />
    <TestEntry testId="25300573-3b48-a1be-0745-3328f971699b" executionId="679e4160-ac74-4915-b100-0dd63d0baae0" testListId="8c84fa94-04c1-424b-9868-57a2d4851a1d" />
    <TestEntry testId="c640307e-9481-70a9-2a00-aa4ccc00433d" executionId="d7786f95-1a8c-4b89-afba-6bcceeb3d0fb" testListId="8c84fa94-04c1-424b-9868-57a2d4851a1d" />
    <TestEntry testId="d4e06728-5906-573a-3773-ffea274f26ca" executionId="eecbb874-848c-47a0-91f7-81c6339917b5" testListId="8c84fa94-04c1-424b-9868-57a2d4851a1d" />
    <TestEntry testId="579a5192-77f8-fad0-90fe-4c3df1479ce0" executionId="7f2babdf-da4a-491e-9d82-47069195e138" testListId="8c84fa94-04c1-424b-9868-57a2d4851a1d" />
    <TestEntry testId="18a28ea3-7739-ff1d-58b7-57c3aac07295" executionId="89ff9fc8-9fce-47e1-917d-589c9427df76" testListId="8c84fa94-04c1-424b-9868-57a2d4851a1d" />
    <TestEntry testId="8df4aabb-df1c-d4e0-1e48-f71d5ceed661" executionId="4db4b9c0-2fb6-4514-97c9-26fec66b0a14" testListId="8c84fa94-04c1-424b-9868-57a2d4851a1d" />
    <TestEntry testId="5130f66e-4656-297d-ca26-e8e2a4eb7c11" executionId="021f36a9-03c4-4b14-bbf8-71a62e4d35a8" testListId="8c84fa94-04c1-424b-9868-57a2d4851a1d" />
    <TestEntry testId="45359acf-d02f-fe13-f23b-839a3519c3f4" executionId="8a982982-bd22-46b0-9d3d-7544c4a39faa" testListId="8c84fa94-04c1-424b-9868-57a2d4851a1d" />
    <TestEntry testId="f9aed972-9288-8009-e68b-9fe007e08cf8" executionId="960a83b2-6b0e-4dab-a62a-5f8c61809850" testListId="8c84fa94-04c1-424b-9868-57a2d4851a1d" />
    <TestEntry testId="d775a7cd-e072-bd3d-a6f6-adac05c310b9" executionId="b1b0fe55-9352-42d7-8fa2-9afb0aba1a1c" testListId="8c84fa94-04c1-424b-9868-57a2d4851a1d" />
    <TestEntry testId="b50608b1-c43e-54e0-6398-43807433436a" executionId="b8c39dfe-03f4-45da-ae03-6a4b5830645d" testListId="8c84fa94-04c1-424b-9868-57a2d4851a1d" />
    <TestEntry testId="fc2a06b1-27c1-39d9-f6fd-7c2355aacc52" executionId="9e9f9814-412e-47f5-a1e9-c3377f402c3c" testListId="8c84fa94-04c1-424b-9868-57a2d4851a1d" />
    <TestEntry testId="2853041e-991b-ff79-756b-e3b14825bd3e" executionId="eb8f3939-e907-4d4d-bbc3-59003d22b359" testListId="8c84fa94-04c1-424b-9868-57a2d4851a1d" />
    <TestEntry testId="fe85aedf-c8d3-5907-043d-89e7ba8212e3" executionId="62089425-473c-4b7b-becb-cf3609d96117" testListId="8c84fa94-04c1-424b-9868-57a2d4851a1d" />
    <TestEntry testId="5295c69f-84fc-3969-b65c-cdc8732cf9b8" executionId="5eaeb851-4232-48b6-bbe3-cf17128ba553" testListId="8c84fa94-04c1-424b-9868-57a2d4851a1d" />
    <TestEntry testId="a311c7b3-2734-d612-2398-a1c092915dcd" executionId="f639bfc7-65d8-4c1a-a77f-011c5a1f3211" testListId="8c84fa94-04c1-424b-9868-57a2d4851a1d" />
    <TestEntry testId="e824e41c-ad3e-5ccd-2353-d1e3a3937af6" executionId="a3f44f6f-3b6b-4686-bd2a-8c74783105cc" testListId="8c84fa94-04c1-424b-9868-57a2d4851a1d" />
    <TestEntry testId="3f647da0-3afa-6643-6359-62e87ea0d795" executionId="35e0d97d-7818-40e4-b1ed-feb5b8275d28" testListId="8c84fa94-04c1-424b-9868-57a2d4851a1d" />
    <TestEntry testId="d1d5232c-4280-970a-b302-9531b7200d17" executionId="b11bb3a6-6b2b-4206-8282-ddb57965d164" testListId="8c84fa94-04c1-424b-9868-57a2d4851a1d" />
    <TestEntry testId="73378cf6-5dcb-d709-99e8-4a0e77682327" executionId="223a785f-179b-4730-bc57-3909e93e24d5" testListId="8c84fa94-04c1-424b-9868-57a2d4851a1d" />
    <TestEntry testId="920689bb-83fd-a7a7-ce0c-fa7d4e91572e" executionId="cc18e102-4efe-44ac-bf11-d5a7c87dc97b" testListId="8c84fa94-04c1-424b-9868-57a2d4851a1d" />
    <TestEntry testId="46bd0804-5338-80c3-8d7e-1ba4019c4ebb" executionId="d6953b57-e82d-44ab-bc79-7c409f2bb345" testListId="8c84fa94-04c1-424b-9868-57a2d4851a1d" />
    <TestEntry testId="ab303bbc-5427-77f6-529d-9b1fe8cb543b" executionId="f6dc6519-10f0-4efd-9e65-d988899f0c9e" testListId="8c84fa94-04c1-424b-9868-57a2d4851a1d" />
    <TestEntry testId="983ef294-11a5-cf4c-484c-2bc69371cf80" executionId="b0b241cd-9a49-4f1e-b129-de30cc3d9b06" testListId="8c84fa94-04c1-424b-9868-57a2d4851a1d" />
    <TestEntry testId="ab4cc8c7-b5cf-47fb-628a-af4dcea876cb" executionId="04b58869-3e97-4076-8834-6a8032eb527b" testListId="8c84fa94-04c1-424b-9868-57a2d4851a1d" />
    <TestEntry testId="6cdf27ab-1813-f286-26f2-399f3b4e6106" executionId="0b3792f4-db56-4c1f-b4cf-42c6319cee03" testListId="8c84fa94-04c1-424b-9868-57a2d4851a1d" />
    <TestEntry testId="bd27d4e1-7ebc-3ef1-95d9-2934fbd3b038" executionId="7b805748-ecc2-42b1-a8be-a318f0c18f5f" testListId="8c84fa94-04c1-424b-9868-57a2d4851a1d" />
    <TestEntry testId="fcae8197-aba3-439b-e6ab-3260871df93d" executionId="190c5eac-4168-4fdd-8e39-f103b537be28" testListId="8c84fa94-04c1-424b-9868-57a2d4851a1d" />
    <TestEntry testId="5a554827-3a24-7d57-4eaa-c33dd72ab5e0" executionId="3b909b19-82d7-4fa0-a214-1e8a38ca62b9" testListId="8c84fa94-04c1-424b-9868-57a2d4851a1d" />
    <TestEntry testId="d63b4ad9-4771-5a8e-32d1-c272360abe6c" executionId="f48c41b5-9423-4a06-bc97-8347fafb3c7f" testListId="8c84fa94-04c1-424b-9868-57a2d4851a1d" />
    <TestEntry testId="f03ac06e-acad-947f-da9e-f4837cb80bfc" executionId="eea73306-91e7-419b-8d32-dde743732d85" testListId="8c84fa94-04c1-424b-9868-57a2d4851a1d" />
    <TestEntry testId="cb83127f-c861-0ebd-8086-b84bc849a1ac" executionId="91048468-bf2c-4c0c-8683-0ba79bafc8dc" testListId="8c84fa94-04c1-424b-9868-57a2d4851a1d" />
    <TestEntry testId="7a3f3991-c4a6-4f10-d06d-b093bfaca0ff" executionId="08f56594-f6ba-433d-a79c-7429786ff61f" testListId="8c84fa94-04c1-424b-9868-57a2d4851a1d" />
    <TestEntry testId="9a5b1ab6-9c4e-ab09-df23-254811d2c167" executionId="802ca607-7b8b-4054-80a4-a3c6e7b68ea8" testListId="8c84fa94-04c1-424b-9868-57a2d4851a1d" />
    <TestEntry testId="f68e3bd0-17e2-e27d-7f27-d5ba8c820680" executionId="083840c2-7e91-4cc6-b9a3-bd08620e423f" testListId="8c84fa94-04c1-424b-9868-57a2d4851a1d" />
    <TestEntry testId="83722fed-9211-3485-11c2-d17ce2deb4b9" executionId="fb906dea-f005-4bfa-8078-b0ec6083965b" testListId="8c84fa94-04c1-424b-9868-57a2d4851a1d" />
    <TestEntry testId="2b185191-d784-ef47-2960-91e966efe210" executionId="463d399e-af9a-4f6b-897b-ce83944e2ef2" testListId="8c84fa94-04c1-424b-9868-57a2d4851a1d" />
    <TestEntry testId="836daa05-9d0b-9773-0687-23c510cd57d3" executionId="d95625a6-8517-429d-820f-0520217316f2" testListId="8c84fa94-04c1-424b-9868-57a2d4851a1d" />
    <TestEntry testId="bce7df3c-3eb5-4c4f-31cd-0c181bc6cd33" executionId="b6f9003f-bb9d-45ff-8f77-d0dba49e10be" testListId="8c84fa94-04c1-424b-9868-57a2d4851a1d" />
    <TestEntry testId="b18120fe-04b2-17a2-d059-7f23a8ca03b8" executionId="9a8356ca-62fc-4e2a-83b4-0ee0f02cde70" testListId="8c84fa94-04c1-424b-9868-57a2d4851a1d" />
    <TestEntry testId="555b5cb6-9cb1-c2b5-3e09-d0f300a8074a" executionId="efb83588-ecd2-407d-915d-09a4e8dfe166" testListId="8c84fa94-04c1-424b-9868-57a2d4851a1d" />
    <TestEntry testId="78bd04e4-2057-fdd8-a42f-1e8e7f4f38ad" executionId="ee190529-8ee0-439f-9180-a6567fcd7de7" testListId="8c84fa94-04c1-424b-9868-57a2d4851a1d" />
    <TestEntry testId="5b222a5c-ffb3-2d2f-2662-eb0375534541" executionId="09ff004a-ea89-44cd-abff-13fb155f3492" testListId="8c84fa94-04c1-424b-9868-57a2d4851a1d" />
    <TestEntry testId="71df6a43-d0f8-9d14-917e-4eb4375c027e" executionId="75ed2c12-d403-4efe-83cd-8b47a52b6a16" testListId="8c84fa94-04c1-424b-9868-57a2d4851a1d" />
    <TestEntry testId="8933bd42-9a1e-0184-c32b-defc2356476f" executionId="4c3f3b15-9567-47c0-b74c-0bdcceff1d6e" testListId="8c84fa94-04c1-424b-9868-57a2d4851a1d" />
    <TestEntry testId="efc824b2-83f8-fc64-826a-837d8585dcfd" executionId="acdd83e4-a98a-4153-a5fa-c123e12b6715" testListId="8c84fa94-04c1-424b-9868-57a2d4851a1d" />
    <TestEntry testId="077bdfe8-738a-3fb7-a4c9-2fba8c404517" executionId="fafadabf-b1f3-40fc-a57a-e4a60778adca" testListId="8c84fa94-04c1-424b-9868-57a2d4851a1d" />
    <TestEntry testId="105eb106-4501-2c1c-557a-c47834ab3f90" executionId="528eecdd-f378-45f0-8c42-d20ea20c8487" testListId="8c84fa94-04c1-424b-9868-57a2d4851a1d" />
    <TestEntry testId="b93b7d51-dfde-ceac-cf92-0e6323249515" executionId="c2907284-ff97-44de-b9ed-2e30cda5a6ad" testListId="8c84fa94-04c1-424b-9868-57a2d4851a1d" />
    <TestEntry testId="c0171c70-5cf1-4653-5869-cfba6434286f" executionId="cec2e075-c8ac-4743-b74f-2c9126926371" testListId="8c84fa94-04c1-424b-9868-57a2d4851a1d" />
    <TestEntry testId="9caef5e0-c223-39f5-5473-42fb321880c9" executionId="17af48ec-58b8-41a4-8ec8-10adbae94aea" testListId="8c84fa94-04c1-424b-9868-57a2d4851a1d" />
    <TestEntry testId="2d23c580-d5c9-130f-febf-facf0e24e9e0" executionId="053877ef-a315-41f7-be00-aaddf64b2e49" testListId="8c84fa94-04c1-424b-9868-57a2d4851a1d" />
    <TestEntry testId="cdc50b8e-457b-9926-4aa3-ccb24a4b8fb7" executionId="09e52806-7f55-48b8-aa4a-490189c48082" testListId="8c84fa94-04c1-424b-9868-57a2d4851a1d" />
    <TestEntry testId="2dd92821-84cd-3706-32de-6e3e4bd4d8b1" executionId="9c0e3b58-4784-4622-a2c7-be132b0e0025" testListId="8c84fa94-04c1-424b-9868-57a2d4851a1d" />
    <TestEntry testId="b7bbfe42-4705-887e-6973-ed5aed3932d6" executionId="17409736-4769-49e4-9cae-ecef32e745b1" testListId="8c84fa94-04c1-424b-9868-57a2d4851a1d" />
    <TestEntry testId="012a2cf8-69fd-f08c-0bc5-3d2c0ce63ca8" executionId="4eb0a490-117e-4a08-a60d-b272efb01e8b" testListId="8c84fa94-04c1-424b-9868-57a2d4851a1d" />
    <TestEntry testId="e2731a75-1b03-d51a-7e54-b36a56587b51" executionId="02dffe51-b32d-4044-b7e4-3bb7cc976560" testListId="8c84fa94-04c1-424b-9868-57a2d4851a1d" />
    <TestEntry testId="4e718855-46c8-55f5-4bd0-fd38bd3c2be5" executionId="3e86971b-8f48-43c6-a576-2f6ed37fef60" testListId="8c84fa94-04c1-424b-9868-57a2d4851a1d" />
    <TestEntry testId="f5b16325-6af3-abac-f53e-915906634947" executionId="0d6c43bd-2b08-47d4-81d9-ddecfdce4d6d" testListId="8c84fa94-04c1-424b-9868-57a2d4851a1d" />
    <TestEntry testId="e15ff0c0-efa9-9055-b160-e2403b7226ad" executionId="b4f42ee7-b03f-4c20-bf74-bf8c0770bc95" testListId="8c84fa94-04c1-424b-9868-57a2d4851a1d" />
    <TestEntry testId="75ef5a5e-0b0a-ffb2-f4ab-4e286bea63b5" executionId="181da342-60c7-447c-803d-8a180f9f8c30" testListId="8c84fa94-04c1-424b-9868-57a2d4851a1d" />
    <TestEntry testId="67a66ae7-b3fd-8f0a-aa0f-799b9cd7561a" executionId="b57dcd54-02b1-42ce-be81-d6093fc2b0f7" testListId="8c84fa94-04c1-424b-9868-57a2d4851a1d" />
    <TestEntry testId="ce333b82-4964-6cf6-8173-0208304aa4a3" executionId="cd3c9e8f-9606-42b7-a961-7a2f9d98db40" testListId="8c84fa94-04c1-424b-9868-57a2d4851a1d" />
    <TestEntry testId="58f05b1e-bbb6-5ade-77e5-5dcdd9ed36fa" executionId="6087f5e8-3339-4736-99a9-2ff7c4809f9d" testListId="8c84fa94-04c1-424b-9868-57a2d4851a1d" />
    <TestEntry testId="2d1c60f4-f325-aad6-29ce-1b9879e7a42e" executionId="3ce544dc-3659-4f23-8fb6-386cb8d92fa3" testListId="8c84fa94-04c1-424b-9868-57a2d4851a1d" />
    <TestEntry testId="9ae58192-902d-45ad-da74-16152cfd7e09" executionId="d1d43a6b-7940-4186-a598-f50707ef8fe7" testListId="8c84fa94-04c1-424b-9868-57a2d4851a1d" />
    <TestEntry testId="a0b9d1e4-24b3-60a1-0b6b-b59ef2f08557" executionId="375d2750-2899-4166-b095-29b9b1a629e6" testListId="8c84fa94-04c1-424b-9868-57a2d4851a1d" />
    <TestEntry testId="3b2326b4-63b3-e03b-fffe-67a3b45e5d92" executionId="d431773a-b125-4886-8fb1-45ba1a89ccfc" testListId="8c84fa94-04c1-424b-9868-57a2d4851a1d" />
    <TestEntry testId="29ba1001-e85e-5db6-4a20-38df39654f7a" executionId="63c70b80-395b-4104-8e6c-c53d429428cd" testListId="8c84fa94-04c1-424b-9868-57a2d4851a1d" />
    <TestEntry testId="658e86cc-4813-7b16-0481-9782308e96a7" executionId="0858c7ee-a8cb-4690-870a-ee540ce27b5c" testListId="8c84fa94-04c1-424b-9868-57a2d4851a1d" />
    <TestEntry testId="dd3c2797-855e-0f1d-e5c7-a5425cee53c6" executionId="ef540765-257a-44d5-8d1c-d7878892ddd5" testListId="8c84fa94-04c1-424b-9868-57a2d4851a1d" />
    <TestEntry testId="4e39aa95-59c8-50f5-8987-2a60a3d43e6f" executionId="1fbee764-9444-4b77-a649-a43da29924d8" testListId="8c84fa94-04c1-424b-9868-57a2d4851a1d" />
    <TestEntry testId="8d79fb97-d289-7165-e8e8-53b861b1a5c6" executionId="7160486c-c502-4136-8abd-91023523113c" testListId="8c84fa94-04c1-424b-9868-57a2d4851a1d" />
    <TestEntry testId="77a1622c-bf66-a2d4-b065-8f9849fd4883" executionId="e947a0e2-875c-40c7-9966-5ad424635d2b" testListId="8c84fa94-04c1-424b-9868-57a2d4851a1d" />
    <TestEntry testId="801ffb9c-7b33-d534-a314-afe14b3f8e34" executionId="ed9b7731-2215-4d79-9443-b223212a0ad0" testListId="8c84fa94-04c1-424b-9868-57a2d4851a1d" />
    <TestEntry testId="7fbc5e13-38f8-1e17-d0ec-bf110ae4f9e2" executionId="6986a143-5417-4596-a209-e3f4190f48e0" testListId="8c84fa94-04c1-424b-9868-57a2d4851a1d" />
    <TestEntry testId="14826e99-3854-d06d-b095-c1b431692ffa" executionId="606c8d8a-6c95-4052-b6ae-ce5458e968c4" testListId="8c84fa94-04c1-424b-9868-57a2d4851a1d" />
    <TestEntry testId="83d97256-d95d-1f1b-8b5b-293ad2402af8" executionId="9e11715d-c24f-49ad-8929-0a48ca73d7ac" testListId="8c84fa94-04c1-424b-9868-57a2d4851a1d" />
    <TestEntry testId="695947fd-ab15-af19-b497-109455963ef9" executionId="5b78fe7e-d85c-438b-813c-ed5e31a30ad7" testListId="8c84fa94-04c1-424b-9868-57a2d4851a1d" />
    <TestEntry testId="cbfc1ff0-a2a3-2eb7-9627-c88a9873efbc" executionId="78d1a84f-a1f5-4ce7-8781-0f3509bb0568" testListId="8c84fa94-04c1-424b-9868-57a2d4851a1d" />
    <TestEntry testId="d28b6673-d863-6b4f-f57b-0935815c5939" executionId="162d7d72-de16-480c-8f40-71de79376806" testListId="8c84fa94-04c1-424b-9868-57a2d4851a1d" />
    <TestEntry testId="b7ce506d-0747-c12c-34e2-8ca0d45c9b9c" executionId="c1ff7ad8-588f-4fcb-bf3f-0da6dd1e9d8f" testListId="8c84fa94-04c1-424b-9868-57a2d4851a1d" />
    <TestEntry testId="e0d40a78-0387-201e-8469-3b43e405314e" executionId="788ae418-0013-45f0-b762-80cb51de4eae" testListId="8c84fa94-04c1-424b-9868-57a2d4851a1d" />
    <TestEntry testId="2c1a929f-c9aa-1a60-f5fb-d8c5d47630d2" executionId="d9f463e2-df76-44d3-a541-095625bdafb2" testListId="8c84fa94-04c1-424b-9868-57a2d4851a1d" />
    <TestEntry testId="279cbe84-c17b-472a-0a2a-572a504dae3b" executionId="47f9dfd6-5b1c-4755-8d90-ab2829849aaa" testListId="8c84fa94-04c1-424b-9868-57a2d4851a1d" />
    <TestEntry testId="bf6cf16c-c42a-3cbe-d87e-9569bbe97a62" executionId="4d12d6d2-7c74-4ab5-beb5-314a07a6427f" testListId="8c84fa94-04c1-424b-9868-57a2d4851a1d" />
    <TestEntry testId="8fcf50bc-e1ba-c4b7-d19c-1d238b2823ed" executionId="795d24b7-a19b-424d-a73e-e751be7fa2ca" testListId="8c84fa94-04c1-424b-9868-57a2d4851a1d" />
    <TestEntry testId="fca5336a-ced5-0439-bd22-05d1f1795f4e" executionId="2d2f3e3c-735c-4aaf-b9e6-d59466d69f6e" testListId="8c84fa94-04c1-424b-9868-57a2d4851a1d" />
    <TestEntry testId="75936fed-d00b-7036-30c3-5b85178efa1e" executionId="bc009459-9f67-4ba1-9632-39bf3ba7d8d9" testListId="8c84fa94-04c1-424b-9868-57a2d4851a1d" />
    <TestEntry testId="3e272343-54e4-b6e0-28d3-9ed88f2a3af2" executionId="1d9a6e2d-0ceb-436f-bf5f-9c1e28db1b62" testListId="8c84fa94-04c1-424b-9868-57a2d4851a1d" />
    <TestEntry testId="e1cf2555-2fda-1ced-b108-eb67bb0ed10d" executionId="56dd45b8-f854-4b7c-98a5-13d791c038f7" testListId="8c84fa94-04c1-424b-9868-57a2d4851a1d" />
    <TestEntry testId="2b87ffce-e4d4-85b6-4650-017451e5bd17" executionId="8f6781fe-1641-4110-80a8-1268f6de2e7d" testListId="8c84fa94-04c1-424b-9868-57a2d4851a1d" />
  </TestEntries>
  <TestLists>
    <TestList name="Results Not in a List" id="8c84fa94-04c1-424b-9868-57a2d4851a1d" />
    <TestList name="All Loaded Results" id="19431567-8539-422a-85d7-44ee4e166bda" />
  </TestLists>
  <ResultSummary outcome="Completed">
    <Counters total="147" executed="145" passed="145" failed="0" error="0" timeout="0" aborted="0" inconclusive="0" passedButRunAborted="0" notRunnable="0" notExecuted="0" disconnected="0" warning="0" completed="0" inProgress="0" pending="0" />
    <Output>
      <StdOut>Test 'DeviceConfigurationTest' was skipped in the test run.&#xD;
Test 'GetDeviceConfigTest' was skipped in the test run.&#xD;
</StdOut>
    </Output>
  </ResultSummary>
</TestRun>