<?xml version="1.0" encoding="utf-8"?>
<TestRun id="c0a1616a-4b7c-46df-90cd-aacd82ded788" name="DKSR-EFI-04$@DKSR-EFI-04 2023-12-22 09:33:01" runUser="NT AUTHORITY\NETWORK SERVICE" xmlns="http://microsoft.com/schemas/VisualStudio/TeamTest/2010">
  <Times creation="2023-12-22T09:33:01.9748508+01:00" queuing="2023-12-22T09:33:01.9748508+01:00" start="2023-12-22T09:33:00.9904712+01:00" finish="2023-12-22T09:33:02.0061050+01:00" />
  <TestSettings name="default" id="d0408bc6-89cc-48c3-afe3-d6b4b08db5c4">
    <Deployment runDeploymentRoot="DKSR-EFI-04$_DKSR-EFI-04_2023-12-22_09_33_01" />
  </TestSettings>
  <Results>
    <UnitTestResult executionId="8080b392-2e3b-465d-a86a-47b9e9fe0108" testId="687a89f0-843b-2f4f-4b2c-2ec547606d1c" testName="TestForAssemblyCoverage" computerName="DKSR-EFI-04" duration="00:00:00.0480023" startTime="2023-12-22T09:33:01.6623514+01:00" endTime="2023-12-22T09:33:01.7873515+01:00" testType="13cdc9d9-ddb5-4fa4-a97d-d965ccfc6d4b" outcome="Passed" testListId="8c84fa94-04c1-424b-9868-57a2d4851a1d" relativeResultsDirectory="8080b392-2e3b-465d-a86a-47b9e9fe0108" />
  </Results>
  <TestDefinitions>
    <UnitTest name="TestForAssemblyCoverage" storage="d:\actions-runner\_work\xpco\xpco\corporate\recordingserver\recorderservice\tst\videoos.io.drivers.icpdriver.unittests\bin\x64\debug\net472\videoos.io.drivers.icpdriver.unittests.dll" id="687a89f0-843b-2f4f-4b2c-2ec547606d1c">
      <Execution id="8080b392-2e3b-465d-a86a-47b9e9fe0108" />
      <TestMethod codeBase="D:\actions-runner\_work\XPCO\XPCO\Corporate\RecordingServer\RecorderService\tst\VideoOS.IO.Drivers.ICPDriver.UnitTests\bin\x64\Debug\net472\VideoOS.IO.Drivers.ICPDriver.UnitTests.dll" adapterTypeName="executor://mstestadapter/v2" className="VideoOS.IO.Drivers.ICPDriver.UnitTests.UnitTest1" name="TestForAssemblyCoverage" />
    </UnitTest>
  </TestDefinitions>
  <TestEntries>
    <TestEntry testId="687a89f0-843b-2f4f-4b2c-2ec547606d1c" executionId="8080b392-2e3b-465d-a86a-47b9e9fe0108" testListId="8c84fa94-04c1-424b-9868-57a2d4851a1d" />
  </TestEntries>
  <TestLists>
    <TestList name="Results Not in a List" id="8c84fa94-04c1-424b-9868-57a2d4851a1d" />
    <TestList name="All Loaded Results" id="19431567-8539-422a-85d7-44ee4e166bda" />
  </TestLists>
  <ResultSummary outcome="Completed">
    <Counters total="1" executed="1" passed="1" failed="0" error="0" timeout="0" aborted="0" inconclusive="0" passedButRunAborted="0" notRunnable="0" notExecuted="0" disconnected="0" warning="0" completed="0" inProgress="0" pending="0" />
  </ResultSummary>
</TestRun>