<?xml version="1.0" encoding="utf-8"?>
<TestRun id="39c55a4b-e277-4a2d-810a-d58e04128e2a" name="DKSR-EFI-04$@DKSR-EFI-04 2023-12-22 09:32:11" runUser="NT AUTHORITY\NETWORK SERVICE" xmlns="http://microsoft.com/schemas/VisualStudio/TeamTest/2010">
  <Times creation="2023-12-22T09:32:11.9746216+01:00" queuing="2023-12-22T09:32:11.9746216+01:00" start="2023-12-22T09:32:10.1933631+01:00" finish="2023-12-22T09:32:12.9590001+01:00" />
  <TestSettings name="default" id="94793c86-34fd-4a88-bdc7-507c4567665f">
    <Deployment runDeploymentRoot="DKSR-EFI-04$_DKSR-EFI-04_2023-12-22_09_32_11" />
  </TestSettings>
  <Results>
    <UnitTestResult executionId="f725caa1-a648-4895-8175-342dbcd84f0a" testId="0c4cd7cd-17f3-c760-a3fd-f5ef7c9d2142" testName="WhenTextFilterIsAppliedVisibleDevicesShouldBeUpdated (100,50,99)" computerName="DKSR-EFI-04" duration="00:00:00.0006337" startTime="2023-12-22T09:32:12.5683726+01:00" endTime="2023-12-22T09:32:12.5683726+01:00" testType="13cdc9d9-ddb5-4fa4-a97d-d965ccfc6d4b" outcome="Passed" testListId="8c84fa94-04c1-424b-9868-57a2d4851a1d" relativeResultsDirectory="f725caa1-a648-4895-8175-342dbcd84f0a" />
    <UnitTestResult executionId="59db85a5-f312-431c-8c5b-87d0984a21bc" testId="1e94f983-e784-05db-996f-2885dea4d612" testName="WhenMultiplePagesArePresentItShouldShowOnlyDevicesInPangeRange (1434,20)" computerName="DKSR-EFI-04" duration="00:00:00.0148181" startTime="2023-12-22T09:32:12.5371242+01:00" endTime="2023-12-22T09:32:12.5527507+01:00" testType="13cdc9d9-ddb5-4fa4-a97d-d965ccfc6d4b" outcome="Passed" testListId="8c84fa94-04c1-424b-9868-57a2d4851a1d" relativeResultsDirectory="59db85a5-f312-431c-8c5b-87d0984a21bc" />
    <UnitTestResult executionId="83cd3d18-f571-4691-abb7-691a217f3a65" testId="b15b747d-eb9c-0d3e-a675-f2a95e187b41" testName="WhenTheFirstPageIsSelectedItShouldShowMaximumPageRangeDevices (20,20)" computerName="DKSR-EFI-04" duration="00:00:00.0002326" startTime="2023-12-22T09:32:12.5839981+01:00" endTime="2023-12-22T09:32:12.5839981+01:00" testType="13cdc9d9-ddb5-4fa4-a97d-d965ccfc6d4b" outcome="Passed" testListId="8c84fa94-04c1-424b-9868-57a2d4851a1d" relativeResultsDirectory="83cd3d18-f571-4691-abb7-691a217f3a65" />
    <UnitTestResult executionId="016824f4-fbb8-4110-969c-38a62f5480fe" testId="a0d21329-ad93-94a5-cbd5-4736ee5c736c" testName="WhenSavingItShouldCallAppropriateMethods" computerName="DKSR-EFI-04" duration="00:00:00.0728933" startTime="2023-12-22T09:32:12.5839981+01:00" endTime="2023-12-22T09:32:12.6621242+01:00" testType="13cdc9d9-ddb5-4fa4-a97d-d965ccfc6d4b" outcome="Passed" testListId="8c84fa94-04c1-424b-9868-57a2d4851a1d" relativeResultsDirectory="016824f4-fbb8-4110-969c-38a62f5480fe" />
    <UnitTestResult executionId="d5e91fdf-9eeb-4c02-9ad5-f107bf68e873" testId="077073b8-7a9a-ec2f-8971-2b7c1ffbfda3" testName="WhenThereAreMoreVisibleDevicesThanPageRangeTheFirstPageIsSelectedTheNextButtonShouldBeEnabledOnlyIf (0,10)" computerName="DKSR-EFI-04" duration="00:00:00.0037106" startTime="2023-12-22T09:32:12.5839981+01:00" endTime="2023-12-22T09:32:12.5839981+01:00" testType="13cdc9d9-ddb5-4fa4-a97d-d965ccfc6d4b" outcome="Passed" testListId="8c84fa94-04c1-424b-9868-57a2d4851a1d" relativeResultsDirectory="d5e91fdf-9eeb-4c02-9ad5-f107bf68e873" />
    <UnitTestResult executionId="f14c78db-7cf8-45f1-a5d3-68e98a65c622" testId="de8c1493-d904-40ec-8e4c-f246653f48ba" testName="WhenTextFilterIsAppliedVisibleDevicesShouldBeUpdated (20,20,10)" computerName="DKSR-EFI-04" duration="00:00:00.0002465" startTime="2023-12-22T09:32:12.5683726+01:00" endTime="2023-12-22T09:32:12.5683726+01:00" testType="13cdc9d9-ddb5-4fa4-a97d-d965ccfc6d4b" outcome="Passed" testListId="8c84fa94-04c1-424b-9868-57a2d4851a1d" relativeResultsDirectory="f14c78db-7cf8-45f1-a5d3-68e98a65c622" />
    <UnitTestResult executionId="00ded3d6-450e-4a47-ab1b-16c203fa9a05" testId="f68eda5d-f731-5121-2edd-a38c99bb6f7b" testName="WhenCreatedWithLicensedDevicesItShouldHaveAddedDevices" computerName="DKSR-EFI-04" duration="00:00:00.0092823" startTime="2023-12-22T09:32:12.2402462+01:00" endTime="2023-12-22T09:32:12.2558705+01:00" testType="13cdc9d9-ddb5-4fa4-a97d-d965ccfc6d4b" outcome="Passed" testListId="8c84fa94-04c1-424b-9868-57a2d4851a1d" relativeResultsDirectory="00ded3d6-450e-4a47-ab1b-16c203fa9a05" />
    <UnitTestResult executionId="ff91b590-cca9-47a6-958b-99a9c387f595" testId="dadbab6e-5664-3e8c-a422-2c434f57780d" testName="WhenSelectingTheNextPagePaginationShouldBeUpdated (100,50)" computerName="DKSR-EFI-04" duration="00:00:00.0005697" startTime="2023-12-22T09:32:12.5683726+01:00" endTime="2023-12-22T09:32:12.5683726+01:00" testType="13cdc9d9-ddb5-4fa4-a97d-d965ccfc6d4b" outcome="Passed" testListId="8c84fa94-04c1-424b-9868-57a2d4851a1d" relativeResultsDirectory="ff91b590-cca9-47a6-958b-99a9c387f595" />
    <UnitTestResult executionId="c930c46c-a51c-4e2b-bfd8-d5438c5c30ae" testId="305e6a1c-9ffe-6bd5-483b-83f9262e2487" testName="WhenLicensedDevicesAreFilteredItShouldHaveOnlyTheAppropriateDevices" computerName="DKSR-EFI-04" duration="00:00:00.0029642" startTime="2023-12-22T09:32:12.2558705+01:00" endTime="2023-12-22T09:32:12.2558705+01:00" testType="13cdc9d9-ddb5-4fa4-a97d-d965ccfc6d4b" outcome="Passed" testListId="8c84fa94-04c1-424b-9868-57a2d4851a1d" relativeResultsDirectory="c930c46c-a51c-4e2b-bfd8-d5438c5c30ae" />
    <UnitTestResult executionId="0148c99a-3891-4554-afab-80a8960271cc" testId="e5379c34-9e50-594e-e316-39ad93f35237" testName="WhenThereAreMoreVisibleDevicesThanPageRangeTheFirstPageIsSelectedTheNextButtonShouldBeEnabledOnlyIf (20,20)" computerName="DKSR-EFI-04" duration="00:00:00.0002987" startTime="2023-12-22T09:32:12.5839981+01:00" endTime="2023-12-22T09:32:12.5839981+01:00" testType="13cdc9d9-ddb5-4fa4-a97d-d965ccfc6d4b" outcome="Passed" testListId="8c84fa94-04c1-424b-9868-57a2d4851a1d" relativeResultsDirectory="0148c99a-3891-4554-afab-80a8960271cc" />
    <UnitTestResult executionId="7352b4a5-bf5c-43e2-a8e5-e41299eff100" testId="98be5e79-0db8-6ea1-b6fa-392d93e6d47c" testName="WhenCreatedWithoutLicensedDevicesItShouldHaveInitialEmptyStatus" computerName="DKSR-EFI-04" duration="00:00:00.0090031" startTime="2023-12-22T09:32:12.2402462+01:00" endTime="2023-12-22T09:32:12.2402462+01:00" testType="13cdc9d9-ddb5-4fa4-a97d-d965ccfc6d4b" outcome="Passed" testListId="8c84fa94-04c1-424b-9868-57a2d4851a1d" relativeResultsDirectory="7352b4a5-bf5c-43e2-a8e5-e41299eff100" />
    <UnitTestResult executionId="0e8cb57f-a323-44ff-a46e-8d480fffa8f1" testId="b7b408cc-1085-35c7-1c6e-648d9a09c954" testName="WhenTextFilterIsAppliedVisibleDevicesShouldBeUpdated (35,20,20)" computerName="DKSR-EFI-04" duration="00:00:00.0003362" startTime="2023-12-22T09:32:12.5683726+01:00" endTime="2023-12-22T09:32:12.5683726+01:00" testType="13cdc9d9-ddb5-4fa4-a97d-d965ccfc6d4b" outcome="Passed" testListId="8c84fa94-04c1-424b-9868-57a2d4851a1d" relativeResultsDirectory="0e8cb57f-a323-44ff-a46e-8d480fffa8f1" />
    <UnitTestResult executionId="bd9152d1-9adb-4c69-b32f-2d1bc4a1cfd2" testId="26c767ef-1fff-a8df-d363-22d536672a4c" testName="WhenFilterIsAppliedItShouldShowOnlyMatchingDevices (100,50,99,100)" computerName="DKSR-EFI-04" duration="00:00:00.0019218" startTime="2023-12-22T09:32:12.5683726+01:00" endTime="2023-12-22T09:32:12.5683726+01:00" testType="13cdc9d9-ddb5-4fa4-a97d-d965ccfc6d4b" outcome="Passed" testListId="8c84fa94-04c1-424b-9868-57a2d4851a1d" relativeResultsDirectory="bd9152d1-9adb-4c69-b32f-2d1bc4a1cfd2" />
    <UnitTestResult executionId="b648033e-e159-4fee-9b49-67b5687799cb" testId="2cb30eef-1870-d575-10f3-d539e2b0b4f9" testName="WhenFilterIsAppliedItShouldShowOnlyMatchingDevices (35,20,20,20)" computerName="DKSR-EFI-04" duration="00:00:00.0006737" startTime="2023-12-22T09:32:12.5683726+01:00" endTime="2023-12-22T09:32:12.5683726+01:00" testType="13cdc9d9-ddb5-4fa4-a97d-d965ccfc6d4b" outcome="Passed" testListId="8c84fa94-04c1-424b-9868-57a2d4851a1d" relativeResultsDirectory="b648033e-e159-4fee-9b49-67b5687799cb" />
    <UnitTestResult executionId="0f056977-7a45-4394-acf6-9002bf2db847" testId="396a48bd-e57f-68ac-d325-4b04f8a62bdf" testName="WhenTextFilterIsAppliedVisibleDevicesShouldBeUpdated (0,20,0)" computerName="DKSR-EFI-04" duration="00:00:00.0019903" startTime="2023-12-22T09:32:12.5683726+01:00" endTime="2023-12-22T09:32:12.5683726+01:00" testType="13cdc9d9-ddb5-4fa4-a97d-d965ccfc6d4b" outcome="Passed" testListId="8c84fa94-04c1-424b-9868-57a2d4851a1d" relativeResultsDirectory="0f056977-7a45-4394-acf6-9002bf2db847" />
    <UnitTestResult executionId="970bb002-d1ff-421c-a8c5-79510ece8e09" testId="548ff99f-08f3-48aa-4dfd-1647196f714c" testName="WhenGettingInfoItShouldGetFallDetectionPluginInfo" computerName="DKSR-EFI-04" duration="00:00:00.0497463" startTime="2023-12-22T09:32:11.5527451+01:00" endTime="2023-12-22T09:32:11.7714952+01:00" testType="13cdc9d9-ddb5-4fa4-a97d-d965ccfc6d4b" outcome="Passed" testListId="8c84fa94-04c1-424b-9868-57a2d4851a1d" relativeResultsDirectory="970bb002-d1ff-421c-a8c5-79510ece8e09" />
    <UnitTestResult executionId="a1da2801-032e-41b7-a5d6-93c865dac04a" testId="c19e8198-3779-27fa-d0fa-ec0c2478b042" testName="WhenSelectingTheNextPagePaginationShouldBeUpdated (35,20)" computerName="DKSR-EFI-04" duration="00:00:00.0003024" startTime="2023-12-22T09:32:12.5683726+01:00" endTime="2023-12-22T09:32:12.5683726+01:00" testType="13cdc9d9-ddb5-4fa4-a97d-d965ccfc6d4b" outcome="Passed" testListId="8c84fa94-04c1-424b-9868-57a2d4851a1d" relativeResultsDirectory="a1da2801-032e-41b7-a5d6-93c865dac04a" />
    <UnitTestResult executionId="9a3aab0e-bc89-4e4c-928a-13fa626b6b3e" testId="c8ffc574-1a63-10e2-3bc2-27dbff6707d0" testName="WhenFilterIsAppliedItShouldShowOnlyMatchingDevices (20,20,10,20)" computerName="DKSR-EFI-04" duration="00:00:00.0005147" startTime="2023-12-22T09:32:12.5683726+01:00" endTime="2023-12-22T09:32:12.5683726+01:00" testType="13cdc9d9-ddb5-4fa4-a97d-d965ccfc6d4b" outcome="Passed" testListId="8c84fa94-04c1-424b-9868-57a2d4851a1d" relativeResultsDirectory="9a3aab0e-bc89-4e4c-928a-13fa626b6b3e" />
    <UnitTestResult executionId="321433d0-4f2c-49bf-8ba8-eeb6c58b023f" testId="7511dc5c-3891-a534-4e86-53c76ef50fb3" testName="WhenMultiplePagesArePresentItShouldShowOnlyDevicesInPangeRange (999,50)" computerName="DKSR-EFI-04" duration="00:00:00.2147121" startTime="2023-12-22T09:32:12.2558705+01:00" endTime="2023-12-22T09:32:12.5371242+01:00" testType="13cdc9d9-ddb5-4fa4-a97d-d965ccfc6d4b" outcome="Passed" testListId="8c84fa94-04c1-424b-9868-57a2d4851a1d" relativeResultsDirectory="321433d0-4f2c-49bf-8ba8-eeb6c58b023f" />
    <UnitTestResult executionId="565b190e-34a3-483a-a4e7-39e9decd70a6" testId="8db48f27-ca3f-2dbe-1439-422ff5e38236" testName="WhenSelectingTheNextPagePaginationShouldBeUpdated (53,10)" computerName="DKSR-EFI-04" duration="00:00:00.0021095" startTime="2023-12-22T09:32:12.5683726+01:00" endTime="2023-12-22T09:32:12.5683726+01:00" testType="13cdc9d9-ddb5-4fa4-a97d-d965ccfc6d4b" outcome="Passed" testListId="8c84fa94-04c1-424b-9868-57a2d4851a1d" relativeResultsDirectory="565b190e-34a3-483a-a4e7-39e9decd70a6" />
    <UnitTestResult executionId="e6094fd7-22d1-48d3-97ae-6308c3720c22" testId="da6c9a56-5467-b10e-8886-239f224c32b7" testName="WhenMultiplePagesArePresentItShouldShowOnlyDevicesInPangeRange (76,20)" computerName="DKSR-EFI-04" duration="00:00:00.0005929" startTime="2023-12-22T09:32:12.5527507+01:00" endTime="2023-12-22T09:32:12.5527507+01:00" testType="13cdc9d9-ddb5-4fa4-a97d-d965ccfc6d4b" outcome="Passed" testListId="8c84fa94-04c1-424b-9868-57a2d4851a1d" relativeResultsDirectory="e6094fd7-22d1-48d3-97ae-6308c3720c22" />
    <UnitTestResult executionId="8da690b3-4757-412f-b239-dd425c75fd7e" testId="5ca6ccab-5ef1-fb4e-5398-8e697dfd9565" testName="WhenTheFirstPageIsSelectedItShouldShowMaximumPageRangeDevices (15,20)" computerName="DKSR-EFI-04" duration="00:00:00.0003957" startTime="2023-12-22T09:32:12.5839981+01:00" endTime="2023-12-22T09:32:12.5839981+01:00" testType="13cdc9d9-ddb5-4fa4-a97d-d965ccfc6d4b" outcome="Passed" testListId="8c84fa94-04c1-424b-9868-57a2d4851a1d" relativeResultsDirectory="8da690b3-4757-412f-b239-dd425c75fd7e" />
    <UnitTestResult executionId="2a25c5a2-edce-4642-9a77-a36cab47beb2" testId="790989b0-7e1e-5ac3-c4f1-400cafc19381" testName="WhenThereAreNoLicensesAvailableItShouldNotAllowToAddDevices" computerName="DKSR-EFI-04" duration="00:00:00.4492901" startTime="2023-12-22T09:32:11.7871205+01:00" endTime="2023-12-22T09:32:12.2402462+01:00" testType="13cdc9d9-ddb5-4fa4-a97d-d965ccfc6d4b" outcome="Passed" testListId="8c84fa94-04c1-424b-9868-57a2d4851a1d" relativeResultsDirectory="2a25c5a2-edce-4642-9a77-a36cab47beb2" />
    <UnitTestResult executionId="ed7985ad-d6aa-451d-b45f-dcb2ec9fa5b8" testId="a8313718-626a-f6ce-ecf7-b543d67124d4" testName="WhenTheFirstPageIsSelectedItShouldShowMaximumPageRangeDevices (50,20)" computerName="DKSR-EFI-04" duration="00:00:00.0003394" startTime="2023-12-22T09:32:12.5839981+01:00" endTime="2023-12-22T09:32:12.5839981+01:00" testType="13cdc9d9-ddb5-4fa4-a97d-d965ccfc6d4b" outcome="Passed" testListId="8c84fa94-04c1-424b-9868-57a2d4851a1d" relativeResultsDirectory="ed7985ad-d6aa-451d-b45f-dcb2ec9fa5b8" />
    <UnitTestResult executionId="d84acd3d-d98f-42d5-a1e7-02c6d8b9b7fe" testId="657cab56-bb5a-9a53-5576-139e062b5839" testName="WhenMultiplePagesArePresentItShouldShowOnlyDevicesInPangeRange (100,10)" computerName="DKSR-EFI-04" duration="00:00:00.0006878" startTime="2023-12-22T09:32:12.5527507+01:00" endTime="2023-12-22T09:32:12.5527507+01:00" testType="13cdc9d9-ddb5-4fa4-a97d-d965ccfc6d4b" outcome="Passed" testListId="8c84fa94-04c1-424b-9868-57a2d4851a1d" relativeResultsDirectory="d84acd3d-d98f-42d5-a1e7-02c6d8b9b7fe" />
    <UnitTestResult executionId="0f7e44eb-b8ea-4aa2-bfb9-9b862b463681" testId="9166b0eb-6010-4682-2d41-16ca402d596c" testName="WhenSelectingTheNextPagePaginationShouldBeUpdated (21,20)" computerName="DKSR-EFI-04" duration="00:00:00.0002263" startTime="2023-12-22T09:32:12.5683726+01:00" endTime="2023-12-22T09:32:12.5683726+01:00" testType="13cdc9d9-ddb5-4fa4-a97d-d965ccfc6d4b" outcome="Passed" testListId="8c84fa94-04c1-424b-9868-57a2d4851a1d" relativeResultsDirectory="0f7e44eb-b8ea-4aa2-bfb9-9b862b463681" />
    <UnitTestResult executionId="39ecacf9-11f7-403b-8caf-e69b08f29aed" testId="c8128feb-07a5-8f7f-689f-842886b5d146" testName="WhenLicensedDeviceRowIsSelectedItShouldEnableRemoveButton" computerName="DKSR-EFI-04" duration="00:00:00.0014698" startTime="2023-12-22T09:32:12.2558705+01:00" endTime="2023-12-22T09:32:12.2558705+01:00" testType="13cdc9d9-ddb5-4fa4-a97d-d965ccfc6d4b" outcome="Passed" testListId="8c84fa94-04c1-424b-9868-57a2d4851a1d" relativeResultsDirectory="39ecacf9-11f7-403b-8caf-e69b08f29aed" />
    <UnitTestResult executionId="77074301-a24f-45a9-af1d-7bb63c789643" testId="1e34e79c-95a6-300f-cce4-f4c9f0637226" testName="WhenTheFirstPageIsSelectedItShouldShowMaximumPageRangeDevices (0,10)" computerName="DKSR-EFI-04" duration="00:00:00.0015082" startTime="2023-12-22T09:32:12.5683726+01:00" endTime="2023-12-22T09:32:12.5839981+01:00" testType="13cdc9d9-ddb5-4fa4-a97d-d965ccfc6d4b" outcome="Passed" testListId="8c84fa94-04c1-424b-9868-57a2d4851a1d" relativeResultsDirectory="77074301-a24f-45a9-af1d-7bb63c789643" />
    <UnitTestResult executionId="d8176ce9-6b0e-4765-9e17-45b20b9fa0c1" testId="cea7be78-c544-e40e-75f4-104fb60fd2a4" testName="WhenThereAreMoreVisibleDevicesThanPageRangeTheFirstPageIsSelectedTheNextButtonShouldBeEnabledOnlyIf (50,20)" computerName="DKSR-EFI-04" duration="00:00:00.0004414" startTime="2023-12-22T09:32:12.5839981+01:00" endTime="2023-12-22T09:32:12.5839981+01:00" testType="13cdc9d9-ddb5-4fa4-a97d-d965ccfc6d4b" outcome="Passed" testListId="8c84fa94-04c1-424b-9868-57a2d4851a1d" relativeResultsDirectory="d8176ce9-6b0e-4765-9e17-45b20b9fa0c1" />
    <UnitTestResult executionId="40febc81-3427-4b2c-942c-6da2dd76a1ce" testId="b290681b-b758-5127-48e9-c2fb0439a1f2" testName="WhenThereAreMoreVisibleDevicesThanPageRangeTheFirstPageIsSelectedTheNextButtonShouldBeEnabledOnlyIf (15,20)" computerName="DKSR-EFI-04" duration="00:00:00.0004576" startTime="2023-12-22T09:32:12.5839981+01:00" endTime="2023-12-22T09:32:12.5839981+01:00" testType="13cdc9d9-ddb5-4fa4-a97d-d965ccfc6d4b" outcome="Passed" testListId="8c84fa94-04c1-424b-9868-57a2d4851a1d" relativeResultsDirectory="40febc81-3427-4b2c-942c-6da2dd76a1ce" />
    <UnitTestResult executionId="1e13b9d3-5130-4608-8476-4e392d04930b" testId="1a936470-4d98-c4d0-2183-a3967097408e" testName="WhenTextFilterIsAppliedVisibleDevicesShouldBeUpdated (53,10,5)" computerName="DKSR-EFI-04" duration="00:00:00.0007151" startTime="2023-12-22T09:32:12.5683726+01:00" endTime="2023-12-22T09:32:12.5683726+01:00" testType="13cdc9d9-ddb5-4fa4-a97d-d965ccfc6d4b" outcome="Passed" testListId="8c84fa94-04c1-424b-9868-57a2d4851a1d" relativeResultsDirectory="1e13b9d3-5130-4608-8476-4e392d04930b" />
    <UnitTestResult executionId="d5dddcaf-e7f9-489f-951c-202f0093f022" testId="3a1c999b-0838-289d-c0b1-7b6dde3862fe" testName="WhenFilterIsAppliedItShouldShowOnlyMatchingDevices (53,10,5,10)" computerName="DKSR-EFI-04" duration="00:00:00.0030514" startTime="2023-12-22T09:32:12.5527507+01:00" endTime="2023-12-22T09:32:12.5683726+01:00" testType="13cdc9d9-ddb5-4fa4-a97d-d965ccfc6d4b" outcome="Passed" testListId="8c84fa94-04c1-424b-9868-57a2d4851a1d" relativeResultsDirectory="d5dddcaf-e7f9-489f-951c-202f0093f022" />
    <UnitTestResult executionId="953ae271-8789-4344-a553-40ad270d284a" testId="5627c755-f7b0-67f3-cc42-d0e26055f997" testName="WhenThereAreMoreDevicesThanAvailablePerPageItShouldAllowToPaginate" computerName="DKSR-EFI-04" duration="00:00:00.0016405" startTime="2023-12-22T09:32:12.5839981+01:00" endTime="2023-12-22T09:32:12.5839981+01:00" testType="13cdc9d9-ddb5-4fa4-a97d-d965ccfc6d4b" outcome="Passed" testListId="8c84fa94-04c1-424b-9868-57a2d4851a1d" relativeResultsDirectory="953ae271-8789-4344-a553-40ad270d284a" />
  </Results>
  <TestDefinitions>
    <UnitTest name="WhenThereAreNoLicensesAvailableItShouldNotAllowToAddDevices" storage="d:\actions-runner\_work\xpco\xpco\addons\verticals\healthcare\tst\videoos.verticals.healthcare.mc.unittests\bin\x64\debug\net472\videoos.verticals.healthcare.mc.unittests.dll" id="790989b0-7e1e-5ac3-c4f1-400cafc19381">
      <Execution id="2a25c5a2-edce-4642-9a77-a36cab47beb2" />
      <TestMethod codeBase="D:\actions-runner\_work\XPCO\XPCO\AddOns\Verticals\Healthcare\tst\VideoOS.Verticals.Healthcare.MC.UnitTests\bin\x64\Debug\net472\VideoOS.Verticals.Healthcare.MC.UnitTests.dll" adapterTypeName="executor://mstestadapter/v2" className="VideoOS.Verticals.Healthcare.MC.UnitTests.HospitalAssistConfigurationViewModelTests" name="WhenThereAreNoLicensesAvailableItShouldNotAllowToAddDevices" />
    </UnitTest>
    <UnitTest name="WhenCreatedWithoutLicensedDevicesItShouldHaveInitialEmptyStatus" storage="d:\actions-runner\_work\xpco\xpco\addons\verticals\healthcare\tst\videoos.verticals.healthcare.mc.unittests\bin\x64\debug\net472\videoos.verticals.healthcare.mc.unittests.dll" id="98be5e79-0db8-6ea1-b6fa-392d93e6d47c">
      <Execution id="7352b4a5-bf5c-43e2-a8e5-e41299eff100" />
      <TestMethod codeBase="D:\actions-runner\_work\XPCO\XPCO\AddOns\Verticals\Healthcare\tst\VideoOS.Verticals.Healthcare.MC.UnitTests\bin\x64\Debug\net472\VideoOS.Verticals.Healthcare.MC.UnitTests.dll" adapterTypeName="executor://mstestadapter/v2" className="VideoOS.Verticals.Healthcare.MC.UnitTests.HospitalAssistConfigurationViewModelTests" name="WhenCreatedWithoutLicensedDevicesItShouldHaveInitialEmptyStatus" />
    </UnitTest>
    <UnitTest name="WhenMultiplePagesArePresentItShouldShowOnlyDevicesInPangeRange (100,10)" storage="d:\actions-runner\_work\xpco\xpco\addons\verticals\healthcare\tst\videoos.verticals.healthcare.mc.unittests\bin\x64\debug\net472\videoos.verticals.healthcare.mc.unittests.dll" id="657cab56-bb5a-9a53-5576-139e062b5839">
      <Execution id="d84acd3d-d98f-42d5-a1e7-02c6d8b9b7fe" />
      <TestMethod codeBase="D:\actions-runner\_work\XPCO\XPCO\AddOns\Verticals\Healthcare\tst\VideoOS.Verticals.Healthcare.MC.UnitTests\bin\x64\Debug\net472\VideoOS.Verticals.Healthcare.MC.UnitTests.dll" adapterTypeName="executor://mstestadapter/v2" className="VideoOS.Verticals.Healthcare.MC.UnitTests.HospitalAssistConfigurationViewModelTests" name="WhenMultiplePagesArePresentItShouldShowOnlyDevicesInPangeRange" />
    </UnitTest>
    <UnitTest name="WhenTheFirstPageIsSelectedItShouldShowMaximumPageRangeDevices (0,10)" storage="d:\actions-runner\_work\xpco\xpco\addons\verticals\healthcare\tst\videoos.verticals.healthcare.mc.unittests\bin\x64\debug\net472\videoos.verticals.healthcare.mc.unittests.dll" id="1e34e79c-95a6-300f-cce4-f4c9f0637226">
      <Execution id="77074301-a24f-45a9-af1d-7bb63c789643" />
      <TestMethod codeBase="D:\actions-runner\_work\XPCO\XPCO\AddOns\Verticals\Healthcare\tst\VideoOS.Verticals.Healthcare.MC.UnitTests\bin\x64\Debug\net472\VideoOS.Verticals.Healthcare.MC.UnitTests.dll" adapterTypeName="executor://mstestadapter/v2" className="VideoOS.Verticals.Healthcare.MC.UnitTests.HospitalAssistConfigurationViewModelTests" name="WhenTheFirstPageIsSelectedItShouldShowMaximumPageRangeDevices" />
    </UnitTest>
    <UnitTest name="WhenThereAreMoreDevicesThanAvailablePerPageItShouldAllowToPaginate" storage="d:\actions-runner\_work\xpco\xpco\addons\verticals\healthcare\tst\videoos.verticals.healthcare.mc.unittests\bin\x64\debug\net472\videoos.verticals.healthcare.mc.unittests.dll" id="5627c755-f7b0-67f3-cc42-d0e26055f997">
      <Execution id="953ae271-8789-4344-a553-40ad270d284a" />
      <TestMethod codeBase="D:\actions-runner\_work\XPCO\XPCO\AddOns\Verticals\Healthcare\tst\VideoOS.Verticals.Healthcare.MC.UnitTests\bin\x64\Debug\net472\VideoOS.Verticals.Healthcare.MC.UnitTests.dll" adapterTypeName="executor://mstestadapter/v2" className="VideoOS.Verticals.Healthcare.MC.UnitTests.HospitalAssistConfigurationViewModelTests" name="WhenThereAreMoreDevicesThanAvailablePerPageItShouldAllowToPaginate" />
    </UnitTest>
    <UnitTest name="WhenFilterIsAppliedItShouldShowOnlyMatchingDevices (53,10,5,10)" storage="d:\actions-runner\_work\xpco\xpco\addons\verticals\healthcare\tst\videoos.verticals.healthcare.mc.unittests\bin\x64\debug\net472\videoos.verticals.healthcare.mc.unittests.dll" id="3a1c999b-0838-289d-c0b1-7b6dde3862fe">
      <Execution id="d5dddcaf-e7f9-489f-951c-202f0093f022" />
      <TestMethod codeBase="D:\actions-runner\_work\XPCO\XPCO\AddOns\Verticals\Healthcare\tst\VideoOS.Verticals.Healthcare.MC.UnitTests\bin\x64\Debug\net472\VideoOS.Verticals.Healthcare.MC.UnitTests.dll" adapterTypeName="executor://mstestadapter/v2" className="VideoOS.Verticals.Healthcare.MC.UnitTests.HospitalAssistConfigurationViewModelTests" name="WhenFilterIsAppliedItShouldShowOnlyMatchingDevices" />
    </UnitTest>
    <UnitTest name="WhenCreatedWithLicensedDevicesItShouldHaveAddedDevices" storage="d:\actions-runner\_work\xpco\xpco\addons\verticals\healthcare\tst\videoos.verticals.healthcare.mc.unittests\bin\x64\debug\net472\videoos.verticals.healthcare.mc.unittests.dll" id="f68eda5d-f731-5121-2edd-a38c99bb6f7b">
      <Execution id="00ded3d6-450e-4a47-ab1b-16c203fa9a05" />
      <TestMethod codeBase="D:\actions-runner\_work\XPCO\XPCO\AddOns\Verticals\Healthcare\tst\VideoOS.Verticals.Healthcare.MC.UnitTests\bin\x64\Debug\net472\VideoOS.Verticals.Healthcare.MC.UnitTests.dll" adapterTypeName="executor://mstestadapter/v2" className="VideoOS.Verticals.Healthcare.MC.UnitTests.HospitalAssistConfigurationViewModelTests" name="WhenCreatedWithLicensedDevicesItShouldHaveAddedDevices" />
    </UnitTest>
    <UnitTest name="WhenSelectingTheNextPagePaginationShouldBeUpdated (21,20)" storage="d:\actions-runner\_work\xpco\xpco\addons\verticals\healthcare\tst\videoos.verticals.healthcare.mc.unittests\bin\x64\debug\net472\videoos.verticals.healthcare.mc.unittests.dll" id="9166b0eb-6010-4682-2d41-16ca402d596c">
      <Execution id="0f7e44eb-b8ea-4aa2-bfb9-9b862b463681" />
      <TestMethod codeBase="D:\actions-runner\_work\XPCO\XPCO\AddOns\Verticals\Healthcare\tst\VideoOS.Verticals.Healthcare.MC.UnitTests\bin\x64\Debug\net472\VideoOS.Verticals.Healthcare.MC.UnitTests.dll" adapterTypeName="executor://mstestadapter/v2" className="VideoOS.Verticals.Healthcare.MC.UnitTests.HospitalAssistConfigurationViewModelTests" name="WhenSelectingTheNextPagePaginationShouldBeUpdated" />
    </UnitTest>
    <UnitTest name="WhenMultiplePagesArePresentItShouldShowOnlyDevicesInPangeRange (1434,20)" storage="d:\actions-runner\_work\xpco\xpco\addons\verticals\healthcare\tst\videoos.verticals.healthcare.mc.unittests\bin\x64\debug\net472\videoos.verticals.healthcare.mc.unittests.dll" id="1e94f983-e784-05db-996f-2885dea4d612">
      <Execution id="59db85a5-f312-431c-8c5b-87d0984a21bc" />
      <TestMethod codeBase="D:\actions-runner\_work\XPCO\XPCO\AddOns\Verticals\Healthcare\tst\VideoOS.Verticals.Healthcare.MC.UnitTests\bin\x64\Debug\net472\VideoOS.Verticals.Healthcare.MC.UnitTests.dll" adapterTypeName="executor://mstestadapter/v2" className="VideoOS.Verticals.Healthcare.MC.UnitTests.HospitalAssistConfigurationViewModelTests" name="WhenMultiplePagesArePresentItShouldShowOnlyDevicesInPangeRange" />
    </UnitTest>
    <UnitTest name="WhenThereAreMoreVisibleDevicesThanPageRangeTheFirstPageIsSelectedTheNextButtonShouldBeEnabledOnlyIf (50,20)" storage="d:\actions-runner\_work\xpco\xpco\addons\verticals\healthcare\tst\videoos.verticals.healthcare.mc.unittests\bin\x64\debug\net472\videoos.verticals.healthcare.mc.unittests.dll" id="cea7be78-c544-e40e-75f4-104fb60fd2a4">
      <Execution id="d8176ce9-6b0e-4765-9e17-45b20b9fa0c1" />
      <TestMethod codeBase="D:\actions-runner\_work\XPCO\XPCO\AddOns\Verticals\Healthcare\tst\VideoOS.Verticals.Healthcare.MC.UnitTests\bin\x64\Debug\net472\VideoOS.Verticals.Healthcare.MC.UnitTests.dll" adapterTypeName="executor://mstestadapter/v2" className="VideoOS.Verticals.Healthcare.MC.UnitTests.HospitalAssistConfigurationViewModelTests" name="WhenThereAreMoreVisibleDevicesThanPageRangeTheFirstPageIsSelectedTheNextButtonShouldBeEnabledOnlyIf" />
    </UnitTest>
    <UnitTest name="WhenTextFilterIsAppliedVisibleDevicesShouldBeUpdated (53,10,5)" storage="d:\actions-runner\_work\xpco\xpco\addons\verticals\healthcare\tst\videoos.verticals.healthcare.mc.unittests\bin\x64\debug\net472\videoos.verticals.healthcare.mc.unittests.dll" id="1a936470-4d98-c4d0-2183-a3967097408e">
      <Execution id="1e13b9d3-5130-4608-8476-4e392d04930b" />
      <TestMethod codeBase="D:\actions-runner\_work\XPCO\XPCO\AddOns\Verticals\Healthcare\tst\VideoOS.Verticals.Healthcare.MC.UnitTests\bin\x64\Debug\net472\VideoOS.Verticals.Healthcare.MC.UnitTests.dll" adapterTypeName="executor://mstestadapter/v2" className="VideoOS.Verticals.Healthcare.MC.UnitTests.HospitalAssistConfigurationViewModelTests" name="WhenTextFilterIsAppliedVisibleDevicesShouldBeUpdated" />
    </UnitTest>
    <UnitTest name="WhenMultiplePagesArePresentItShouldShowOnlyDevicesInPangeRange (999,50)" storage="d:\actions-runner\_work\xpco\xpco\addons\verticals\healthcare\tst\videoos.verticals.healthcare.mc.unittests\bin\x64\debug\net472\videoos.verticals.healthcare.mc.unittests.dll" id="7511dc5c-3891-a534-4e86-53c76ef50fb3">
      <Execution id="321433d0-4f2c-49bf-8ba8-eeb6c58b023f" />
      <TestMethod codeBase="D:\actions-runner\_work\XPCO\XPCO\AddOns\Verticals\Healthcare\tst\VideoOS.Verticals.Healthcare.MC.UnitTests\bin\x64\Debug\net472\VideoOS.Verticals.Healthcare.MC.UnitTests.dll" adapterTypeName="executor://mstestadapter/v2" className="VideoOS.Verticals.Healthcare.MC.UnitTests.HospitalAssistConfigurationViewModelTests" name="WhenMultiplePagesArePresentItShouldShowOnlyDevicesInPangeRange" />
    </UnitTest>
    <UnitTest name="WhenTextFilterIsAppliedVisibleDevicesShouldBeUpdated (35,20,20)" storage="d:\actions-runner\_work\xpco\xpco\addons\verticals\healthcare\tst\videoos.verticals.healthcare.mc.unittests\bin\x64\debug\net472\videoos.verticals.healthcare.mc.unittests.dll" id="b7b408cc-1085-35c7-1c6e-648d9a09c954">
      <Execution id="0e8cb57f-a323-44ff-a46e-8d480fffa8f1" />
      <TestMethod codeBase="D:\actions-runner\_work\XPCO\XPCO\AddOns\Verticals\Healthcare\tst\VideoOS.Verticals.Healthcare.MC.UnitTests\bin\x64\Debug\net472\VideoOS.Verticals.Healthcare.MC.UnitTests.dll" adapterTypeName="executor://mstestadapter/v2" className="VideoOS.Verticals.Healthcare.MC.UnitTests.HospitalAssistConfigurationViewModelTests" name="WhenTextFilterIsAppliedVisibleDevicesShouldBeUpdated" />
    </UnitTest>
    <UnitTest name="WhenTextFilterIsAppliedVisibleDevicesShouldBeUpdated (20,20,10)" storage="d:\actions-runner\_work\xpco\xpco\addons\verticals\healthcare\tst\videoos.verticals.healthcare.mc.unittests\bin\x64\debug\net472\videoos.verticals.healthcare.mc.unittests.dll" id="de8c1493-d904-40ec-8e4c-f246653f48ba">
      <Execution id="f14c78db-7cf8-45f1-a5d3-68e98a65c622" />
      <TestMethod codeBase="D:\actions-runner\_work\XPCO\XPCO\AddOns\Verticals\Healthcare\tst\VideoOS.Verticals.Healthcare.MC.UnitTests\bin\x64\Debug\net472\VideoOS.Verticals.Healthcare.MC.UnitTests.dll" adapterTypeName="executor://mstestadapter/v2" className="VideoOS.Verticals.Healthcare.MC.UnitTests.HospitalAssistConfigurationViewModelTests" name="WhenTextFilterIsAppliedVisibleDevicesShouldBeUpdated" />
    </UnitTest>
    <UnitTest name="WhenSavingItShouldCallAppropriateMethods" storage="d:\actions-runner\_work\xpco\xpco\addons\verticals\healthcare\tst\videoos.verticals.healthcare.mc.unittests\bin\x64\debug\net472\videoos.verticals.healthcare.mc.unittests.dll" id="a0d21329-ad93-94a5-cbd5-4736ee5c736c">
      <Execution id="016824f4-fbb8-4110-969c-38a62f5480fe" />
      <TestMethod codeBase="D:\actions-runner\_work\XPCO\XPCO\AddOns\Verticals\Healthcare\tst\VideoOS.Verticals.Healthcare.MC.UnitTests\bin\x64\Debug\net472\VideoOS.Verticals.Healthcare.MC.UnitTests.dll" adapterTypeName="executor://mstestadapter/v2" className="VideoOS.Verticals.Healthcare.MC.UnitTests.HospitalAssistConfigurationViewModelTests" name="WhenSavingItShouldCallAppropriateMethods" />
    </UnitTest>
    <UnitTest name="WhenMultiplePagesArePresentItShouldShowOnlyDevicesInPangeRange (76,20)" storage="d:\actions-runner\_work\xpco\xpco\addons\verticals\healthcare\tst\videoos.verticals.healthcare.mc.unittests\bin\x64\debug\net472\videoos.verticals.healthcare.mc.unittests.dll" id="da6c9a56-5467-b10e-8886-239f224c32b7">
      <Execution id="e6094fd7-22d1-48d3-97ae-6308c3720c22" />
      <TestMethod codeBase="D:\actions-runner\_work\XPCO\XPCO\AddOns\Verticals\Healthcare\tst\VideoOS.Verticals.Healthcare.MC.UnitTests\bin\x64\Debug\net472\VideoOS.Verticals.Healthcare.MC.UnitTests.dll" adapterTypeName="executor://mstestadapter/v2" className="VideoOS.Verticals.Healthcare.MC.UnitTests.HospitalAssistConfigurationViewModelTests" name="WhenMultiplePagesArePresentItShouldShowOnlyDevicesInPangeRange" />
    </UnitTest>
    <UnitTest name="WhenTheFirstPageIsSelectedItShouldShowMaximumPageRangeDevices (50,20)" storage="d:\actions-runner\_work\xpco\xpco\addons\verticals\healthcare\tst\videoos.verticals.healthcare.mc.unittests\bin\x64\debug\net472\videoos.verticals.healthcare.mc.unittests.dll" id="a8313718-626a-f6ce-ecf7-b543d67124d4">
      <Execution id="ed7985ad-d6aa-451d-b45f-dcb2ec9fa5b8" />
      <TestMethod codeBase="D:\actions-runner\_work\XPCO\XPCO\AddOns\Verticals\Healthcare\tst\VideoOS.Verticals.Healthcare.MC.UnitTests\bin\x64\Debug\net472\VideoOS.Verticals.Healthcare.MC.UnitTests.dll" adapterTypeName="executor://mstestadapter/v2" className="VideoOS.Verticals.Healthcare.MC.UnitTests.HospitalAssistConfigurationViewModelTests" name="WhenTheFirstPageIsSelectedItShouldShowMaximumPageRangeDevices" />
    </UnitTest>
    <UnitTest name="WhenThereAreMoreVisibleDevicesThanPageRangeTheFirstPageIsSelectedTheNextButtonShouldBeEnabledOnlyIf (15,20)" storage="d:\actions-runner\_work\xpco\xpco\addons\verticals\healthcare\tst\videoos.verticals.healthcare.mc.unittests\bin\x64\debug\net472\videoos.verticals.healthcare.mc.unittests.dll" id="b290681b-b758-5127-48e9-c2fb0439a1f2">
      <Execution id="40febc81-3427-4b2c-942c-6da2dd76a1ce" />
      <TestMethod codeBase="D:\actions-runner\_work\XPCO\XPCO\AddOns\Verticals\Healthcare\tst\VideoOS.Verticals.Healthcare.MC.UnitTests\bin\x64\Debug\net472\VideoOS.Verticals.Healthcare.MC.UnitTests.dll" adapterTypeName="executor://mstestadapter/v2" className="VideoOS.Verticals.Healthcare.MC.UnitTests.HospitalAssistConfigurationViewModelTests" name="WhenThereAreMoreVisibleDevicesThanPageRangeTheFirstPageIsSelectedTheNextButtonShouldBeEnabledOnlyIf" />
    </UnitTest>
    <UnitTest name="WhenLicensedDeviceRowIsSelectedItShouldEnableRemoveButton" storage="d:\actions-runner\_work\xpco\xpco\addons\verticals\healthcare\tst\videoos.verticals.healthcare.mc.unittests\bin\x64\debug\net472\videoos.verticals.healthcare.mc.unittests.dll" id="c8128feb-07a5-8f7f-689f-842886b5d146">
      <Execution id="39ecacf9-11f7-403b-8caf-e69b08f29aed" />
      <TestMethod codeBase="D:\actions-runner\_work\XPCO\XPCO\AddOns\Verticals\Healthcare\tst\VideoOS.Verticals.Healthcare.MC.UnitTests\bin\x64\Debug\net472\VideoOS.Verticals.Healthcare.MC.UnitTests.dll" adapterTypeName="executor://mstestadapter/v2" className="VideoOS.Verticals.Healthcare.MC.UnitTests.HospitalAssistConfigurationViewModelTests" name="WhenLicensedDeviceRowIsSelectedItShouldEnableRemoveButton" />
    </UnitTest>
    <UnitTest name="WhenTheFirstPageIsSelectedItShouldShowMaximumPageRangeDevices (15,20)" storage="d:\actions-runner\_work\xpco\xpco\addons\verticals\healthcare\tst\videoos.verticals.healthcare.mc.unittests\bin\x64\debug\net472\videoos.verticals.healthcare.mc.unittests.dll" id="5ca6ccab-5ef1-fb4e-5398-8e697dfd9565">
      <Execution id="8da690b3-4757-412f-b239-dd425c75fd7e" />
      <TestMethod codeBase="D:\actions-runner\_work\XPCO\XPCO\AddOns\Verticals\Healthcare\tst\VideoOS.Verticals.Healthcare.MC.UnitTests\bin\x64\Debug\net472\VideoOS.Verticals.Healthcare.MC.UnitTests.dll" adapterTypeName="executor://mstestadapter/v2" className="VideoOS.Verticals.Healthcare.MC.UnitTests.HospitalAssistConfigurationViewModelTests" name="WhenTheFirstPageIsSelectedItShouldShowMaximumPageRangeDevices" />
    </UnitTest>
    <UnitTest name="WhenSelectingTheNextPagePaginationShouldBeUpdated (100,50)" storage="d:\actions-runner\_work\xpco\xpco\addons\verticals\healthcare\tst\videoos.verticals.healthcare.mc.unittests\bin\x64\debug\net472\videoos.verticals.healthcare.mc.unittests.dll" id="dadbab6e-5664-3e8c-a422-2c434f57780d">
      <Execution id="ff91b590-cca9-47a6-958b-99a9c387f595" />
      <TestMethod codeBase="D:\actions-runner\_work\XPCO\XPCO\AddOns\Verticals\Healthcare\tst\VideoOS.Verticals.Healthcare.MC.UnitTests\bin\x64\Debug\net472\VideoOS.Verticals.Healthcare.MC.UnitTests.dll" adapterTypeName="executor://mstestadapter/v2" className="VideoOS.Verticals.Healthcare.MC.UnitTests.HospitalAssistConfigurationViewModelTests" name="WhenSelectingTheNextPagePaginationShouldBeUpdated" />
    </UnitTest>
    <UnitTest name="WhenThereAreMoreVisibleDevicesThanPageRangeTheFirstPageIsSelectedTheNextButtonShouldBeEnabledOnlyIf (20,20)" storage="d:\actions-runner\_work\xpco\xpco\addons\verticals\healthcare\tst\videoos.verticals.healthcare.mc.unittests\bin\x64\debug\net472\videoos.verticals.healthcare.mc.unittests.dll" id="e5379c34-9e50-594e-e316-39ad93f35237">
      <Execution id="0148c99a-3891-4554-afab-80a8960271cc" />
      <TestMethod codeBase="D:\actions-runner\_work\XPCO\XPCO\AddOns\Verticals\Healthcare\tst\VideoOS.Verticals.Healthcare.MC.UnitTests\bin\x64\Debug\net472\VideoOS.Verticals.Healthcare.MC.UnitTests.dll" adapterTypeName="executor://mstestadapter/v2" className="VideoOS.Verticals.Healthcare.MC.UnitTests.HospitalAssistConfigurationViewModelTests" name="WhenThereAreMoreVisibleDevicesThanPageRangeTheFirstPageIsSelectedTheNextButtonShouldBeEnabledOnlyIf" />
    </UnitTest>
    <UnitTest name="WhenTextFilterIsAppliedVisibleDevicesShouldBeUpdated (100,50,99)" storage="d:\actions-runner\_work\xpco\xpco\addons\verticals\healthcare\tst\videoos.verticals.healthcare.mc.unittests\bin\x64\debug\net472\videoos.verticals.healthcare.mc.unittests.dll" id="0c4cd7cd-17f3-c760-a3fd-f5ef7c9d2142">
      <Execution id="f725caa1-a648-4895-8175-342dbcd84f0a" />
      <TestMethod codeBase="D:\actions-runner\_work\XPCO\XPCO\AddOns\Verticals\Healthcare\tst\VideoOS.Verticals.Healthcare.MC.UnitTests\bin\x64\Debug\net472\VideoOS.Verticals.Healthcare.MC.UnitTests.dll" adapterTypeName="executor://mstestadapter/v2" className="VideoOS.Verticals.Healthcare.MC.UnitTests.HospitalAssistConfigurationViewModelTests" name="WhenTextFilterIsAppliedVisibleDevicesShouldBeUpdated" />
    </UnitTest>
    <UnitTest name="WhenGettingInfoItShouldGetFallDetectionPluginInfo" storage="d:\actions-runner\_work\xpco\xpco\addons\verticals\healthcare\tst\videoos.verticals.healthcare.mc.unittests\bin\x64\debug\net472\videoos.verticals.healthcare.mc.unittests.dll" id="548ff99f-08f3-48aa-4dfd-1647196f714c">
      <Execution id="970bb002-d1ff-421c-a8c5-79510ece8e09" />
      <TestMethod codeBase="D:\actions-runner\_work\XPCO\XPCO\AddOns\Verticals\Healthcare\tst\VideoOS.Verticals.Healthcare.MC.UnitTests\bin\x64\Debug\net472\VideoOS.Verticals.Healthcare.MC.UnitTests.dll" adapterTypeName="executor://mstestadapter/v2" className="VideoOS.Verticals.Healthcare.MC.UnitTests.FallDetectionAdminTests" name="WhenGettingInfoItShouldGetFallDetectionPluginInfo" />
    </UnitTest>
    <UnitTest name="WhenFilterIsAppliedItShouldShowOnlyMatchingDevices (100,50,99,100)" storage="d:\actions-runner\_work\xpco\xpco\addons\verticals\healthcare\tst\videoos.verticals.healthcare.mc.unittests\bin\x64\debug\net472\videoos.verticals.healthcare.mc.unittests.dll" id="26c767ef-1fff-a8df-d363-22d536672a4c">
      <Execution id="bd9152d1-9adb-4c69-b32f-2d1bc4a1cfd2" />
      <TestMethod codeBase="D:\actions-runner\_work\XPCO\XPCO\AddOns\Verticals\Healthcare\tst\VideoOS.Verticals.Healthcare.MC.UnitTests\bin\x64\Debug\net472\VideoOS.Verticals.Healthcare.MC.UnitTests.dll" adapterTypeName="executor://mstestadapter/v2" className="VideoOS.Verticals.Healthcare.MC.UnitTests.HospitalAssistConfigurationViewModelTests" name="WhenFilterIsAppliedItShouldShowOnlyMatchingDevices" />
    </UnitTest>
    <UnitTest name="WhenLicensedDevicesAreFilteredItShouldHaveOnlyTheAppropriateDevices" storage="d:\actions-runner\_work\xpco\xpco\addons\verticals\healthcare\tst\videoos.verticals.healthcare.mc.unittests\bin\x64\debug\net472\videoos.verticals.healthcare.mc.unittests.dll" id="305e6a1c-9ffe-6bd5-483b-83f9262e2487">
      <Execution id="c930c46c-a51c-4e2b-bfd8-d5438c5c30ae" />
      <TestMethod codeBase="D:\actions-runner\_work\XPCO\XPCO\AddOns\Verticals\Healthcare\tst\VideoOS.Verticals.Healthcare.MC.UnitTests\bin\x64\Debug\net472\VideoOS.Verticals.Healthcare.MC.UnitTests.dll" adapterTypeName="executor://mstestadapter/v2" className="VideoOS.Verticals.Healthcare.MC.UnitTests.HospitalAssistConfigurationViewModelTests" name="WhenLicensedDevicesAreFilteredItShouldHaveOnlyTheAppropriateDevices" />
    </UnitTest>
    <UnitTest name="WhenFilterIsAppliedItShouldShowOnlyMatchingDevices (20,20,10,20)" storage="d:\actions-runner\_work\xpco\xpco\addons\verticals\healthcare\tst\videoos.verticals.healthcare.mc.unittests\bin\x64\debug\net472\videoos.verticals.healthcare.mc.unittests.dll" id="c8ffc574-1a63-10e2-3bc2-27dbff6707d0">
      <Execution id="9a3aab0e-bc89-4e4c-928a-13fa626b6b3e" />
      <TestMethod codeBase="D:\actions-runner\_work\XPCO\XPCO\AddOns\Verticals\Healthcare\tst\VideoOS.Verticals.Healthcare.MC.UnitTests\bin\x64\Debug\net472\VideoOS.Verticals.Healthcare.MC.UnitTests.dll" adapterTypeName="executor://mstestadapter/v2" className="VideoOS.Verticals.Healthcare.MC.UnitTests.HospitalAssistConfigurationViewModelTests" name="WhenFilterIsAppliedItShouldShowOnlyMatchingDevices" />
    </UnitTest>
    <UnitTest name="WhenTextFilterIsAppliedVisibleDevicesShouldBeUpdated (0,20,0)" storage="d:\actions-runner\_work\xpco\xpco\addons\verticals\healthcare\tst\videoos.verticals.healthcare.mc.unittests\bin\x64\debug\net472\videoos.verticals.healthcare.mc.unittests.dll" id="396a48bd-e57f-68ac-d325-4b04f8a62bdf">
      <Execution id="0f056977-7a45-4394-acf6-9002bf2db847" />
      <TestMethod codeBase="D:\actions-runner\_work\XPCO\XPCO\AddOns\Verticals\Healthcare\tst\VideoOS.Verticals.Healthcare.MC.UnitTests\bin\x64\Debug\net472\VideoOS.Verticals.Healthcare.MC.UnitTests.dll" adapterTypeName="executor://mstestadapter/v2" className="VideoOS.Verticals.Healthcare.MC.UnitTests.HospitalAssistConfigurationViewModelTests" name="WhenTextFilterIsAppliedVisibleDevicesShouldBeUpdated" />
    </UnitTest>
    <UnitTest name="WhenSelectingTheNextPagePaginationShouldBeUpdated (53,10)" storage="d:\actions-runner\_work\xpco\xpco\addons\verticals\healthcare\tst\videoos.verticals.healthcare.mc.unittests\bin\x64\debug\net472\videoos.verticals.healthcare.mc.unittests.dll" id="8db48f27-ca3f-2dbe-1439-422ff5e38236">
      <Execution id="565b190e-34a3-483a-a4e7-39e9decd70a6" />
      <TestMethod codeBase="D:\actions-runner\_work\XPCO\XPCO\AddOns\Verticals\Healthcare\tst\VideoOS.Verticals.Healthcare.MC.UnitTests\bin\x64\Debug\net472\VideoOS.Verticals.Healthcare.MC.UnitTests.dll" adapterTypeName="executor://mstestadapter/v2" className="VideoOS.Verticals.Healthcare.MC.UnitTests.HospitalAssistConfigurationViewModelTests" name="WhenSelectingTheNextPagePaginationShouldBeUpdated" />
    </UnitTest>
    <UnitTest name="WhenFilterIsAppliedItShouldShowOnlyMatchingDevices (35,20,20,20)" storage="d:\actions-runner\_work\xpco\xpco\addons\verticals\healthcare\tst\videoos.verticals.healthcare.mc.unittests\bin\x64\debug\net472\videoos.verticals.healthcare.mc.unittests.dll" id="2cb30eef-1870-d575-10f3-d539e2b0b4f9">
      <Execution id="b648033e-e159-4fee-9b49-67b5687799cb" />
      <TestMethod codeBase="D:\actions-runner\_work\XPCO\XPCO\AddOns\Verticals\Healthcare\tst\VideoOS.Verticals.Healthcare.MC.UnitTests\bin\x64\Debug\net472\VideoOS.Verticals.Healthcare.MC.UnitTests.dll" adapterTypeName="executor://mstestadapter/v2" className="VideoOS.Verticals.Healthcare.MC.UnitTests.HospitalAssistConfigurationViewModelTests" name="WhenFilterIsAppliedItShouldShowOnlyMatchingDevices" />
    </UnitTest>
    <UnitTest name="WhenThereAreMoreVisibleDevicesThanPageRangeTheFirstPageIsSelectedTheNextButtonShouldBeEnabledOnlyIf (0,10)" storage="d:\actions-runner\_work\xpco\xpco\addons\verticals\healthcare\tst\videoos.verticals.healthcare.mc.unittests\bin\x64\debug\net472\videoos.verticals.healthcare.mc.unittests.dll" id="077073b8-7a9a-ec2f-8971-2b7c1ffbfda3">
      <Execution id="d5e91fdf-9eeb-4c02-9ad5-f107bf68e873" />
      <TestMethod codeBase="D:\actions-runner\_work\XPCO\XPCO\AddOns\Verticals\Healthcare\tst\VideoOS.Verticals.Healthcare.MC.UnitTests\bin\x64\Debug\net472\VideoOS.Verticals.Healthcare.MC.UnitTests.dll" adapterTypeName="executor://mstestadapter/v2" className="VideoOS.Verticals.Healthcare.MC.UnitTests.HospitalAssistConfigurationViewModelTests" name="WhenThereAreMoreVisibleDevicesThanPageRangeTheFirstPageIsSelectedTheNextButtonShouldBeEnabledOnlyIf" />
    </UnitTest>
    <UnitTest name="WhenSelectingTheNextPagePaginationShouldBeUpdated (35,20)" storage="d:\actions-runner\_work\xpco\xpco\addons\verticals\healthcare\tst\videoos.verticals.healthcare.mc.unittests\bin\x64\debug\net472\videoos.verticals.healthcare.mc.unittests.dll" id="c19e8198-3779-27fa-d0fa-ec0c2478b042">
      <Execution id="a1da2801-032e-41b7-a5d6-93c865dac04a" />
      <TestMethod codeBase="D:\actions-runner\_work\XPCO\XPCO\AddOns\Verticals\Healthcare\tst\VideoOS.Verticals.Healthcare.MC.UnitTests\bin\x64\Debug\net472\VideoOS.Verticals.Healthcare.MC.UnitTests.dll" adapterTypeName="executor://mstestadapter/v2" className="VideoOS.Verticals.Healthcare.MC.UnitTests.HospitalAssistConfigurationViewModelTests" name="WhenSelectingTheNextPagePaginationShouldBeUpdated" />
    </UnitTest>
    <UnitTest name="WhenTheFirstPageIsSelectedItShouldShowMaximumPageRangeDevices (20,20)" storage="d:\actions-runner\_work\xpco\xpco\addons\verticals\healthcare\tst\videoos.verticals.healthcare.mc.unittests\bin\x64\debug\net472\videoos.verticals.healthcare.mc.unittests.dll" id="b15b747d-eb9c-0d3e-a675-f2a95e187b41">
      <Execution id="83cd3d18-f571-4691-abb7-691a217f3a65" />
      <TestMethod codeBase="D:\actions-runner\_work\XPCO\XPCO\AddOns\Verticals\Healthcare\tst\VideoOS.Verticals.Healthcare.MC.UnitTests\bin\x64\Debug\net472\VideoOS.Verticals.Healthcare.MC.UnitTests.dll" adapterTypeName="executor://mstestadapter/v2" className="VideoOS.Verticals.Healthcare.MC.UnitTests.HospitalAssistConfigurationViewModelTests" name="WhenTheFirstPageIsSelectedItShouldShowMaximumPageRangeDevices" />
    </UnitTest>
  </TestDefinitions>
  <TestEntries>
    <TestEntry testId="0c4cd7cd-17f3-c760-a3fd-f5ef7c9d2142" executionId="f725caa1-a648-4895-8175-342dbcd84f0a" testListId="8c84fa94-04c1-424b-9868-57a2d4851a1d" />
    <TestEntry testId="1e94f983-e784-05db-996f-2885dea4d612" executionId="59db85a5-f312-431c-8c5b-87d0984a21bc" testListId="8c84fa94-04c1-424b-9868-57a2d4851a1d" />
    <TestEntry testId="b15b747d-eb9c-0d3e-a675-f2a95e187b41" executionId="83cd3d18-f571-4691-abb7-691a217f3a65" testListId="8c84fa94-04c1-424b-9868-57a2d4851a1d" />
    <TestEntry testId="a0d21329-ad93-94a5-cbd5-4736ee5c736c" executionId="016824f4-fbb8-4110-969c-38a62f5480fe" testListId="8c84fa94-04c1-424b-9868-57a2d4851a1d" />
    <TestEntry testId="077073b8-7a9a-ec2f-8971-2b7c1ffbfda3" executionId="d5e91fdf-9eeb-4c02-9ad5-f107bf68e873" testListId="8c84fa94-04c1-424b-9868-57a2d4851a1d" />
    <TestEntry testId="de8c1493-d904-40ec-8e4c-f246653f48ba" executionId="f14c78db-7cf8-45f1-a5d3-68e98a65c622" testListId="8c84fa94-04c1-424b-9868-57a2d4851a1d" />
    <TestEntry testId="f68eda5d-f731-5121-2edd-a38c99bb6f7b" executionId="00ded3d6-450e-4a47-ab1b-16c203fa9a05" testListId="8c84fa94-04c1-424b-9868-57a2d4851a1d" />
    <TestEntry testId="dadbab6e-5664-3e8c-a422-2c434f57780d" executionId="ff91b590-cca9-47a6-958b-99a9c387f595" testListId="8c84fa94-04c1-424b-9868-57a2d4851a1d" />
    <TestEntry testId="305e6a1c-9ffe-6bd5-483b-83f9262e2487" executionId="c930c46c-a51c-4e2b-bfd8-d5438c5c30ae" testListId="8c84fa94-04c1-424b-9868-57a2d4851a1d" />
    <TestEntry testId="e5379c34-9e50-594e-e316-39ad93f35237" executionId="0148c99a-3891-4554-afab-80a8960271cc" testListId="8c84fa94-04c1-424b-9868-57a2d4851a1d" />
    <TestEntry testId="98be5e79-0db8-6ea1-b6fa-392d93e6d47c" executionId="7352b4a5-bf5c-43e2-a8e5-e41299eff100" testListId="8c84fa94-04c1-424b-9868-57a2d4851a1d" />
    <TestEntry testId="b7b408cc-1085-35c7-1c6e-648d9a09c954" executionId="0e8cb57f-a323-44ff-a46e-8d480fffa8f1" testListId="8c84fa94-04c1-424b-9868-57a2d4851a1d" />
    <TestEntry testId="26c767ef-1fff-a8df-d363-22d536672a4c" executionId="bd9152d1-9adb-4c69-b32f-2d1bc4a1cfd2" testListId="8c84fa94-04c1-424b-9868-57a2d4851a1d" />
    <TestEntry testId="2cb30eef-1870-d575-10f3-d539e2b0b4f9" executionId="b648033e-e159-4fee-9b49-67b5687799cb" testListId="8c84fa94-04c1-424b-9868-57a2d4851a1d" />
    <TestEntry testId="396a48bd-e57f-68ac-d325-4b04f8a62bdf" executionId="0f056977-7a45-4394-acf6-9002bf2db847" testListId="8c84fa94-04c1-424b-9868-57a2d4851a1d" />
    <TestEntry testId="548ff99f-08f3-48aa-4dfd-1647196f714c" executionId="970bb002-d1ff-421c-a8c5-79510ece8e09" testListId="8c84fa94-04c1-424b-9868-57a2d4851a1d" />
    <TestEntry testId="c19e8198-3779-27fa-d0fa-ec0c2478b042" executionId="a1da2801-032e-41b7-a5d6-93c865dac04a" testListId="8c84fa94-04c1-424b-9868-57a2d4851a1d" />
    <TestEntry testId="c8ffc574-1a63-10e2-3bc2-27dbff6707d0" executionId="9a3aab0e-bc89-4e4c-928a-13fa626b6b3e" testListId="8c84fa94-04c1-424b-9868-57a2d4851a1d" />
    <TestEntry testId="7511dc5c-3891-a534-4e86-53c76ef50fb3" executionId="321433d0-4f2c-49bf-8ba8-eeb6c58b023f" testListId="8c84fa94-04c1-424b-9868-57a2d4851a1d" />
    <TestEntry testId="8db48f27-ca3f-2dbe-1439-422ff5e38236" executionId="565b190e-34a3-483a-a4e7-39e9decd70a6" testListId="8c84fa94-04c1-424b-9868-57a2d4851a1d" />
    <TestEntry testId="da6c9a56-5467-b10e-8886-239f224c32b7" executionId="e6094fd7-22d1-48d3-97ae-6308c3720c22" testListId="8c84fa94-04c1-424b-9868-57a2d4851a1d" />
    <TestEntry testId="5ca6ccab-5ef1-fb4e-5398-8e697dfd9565" executionId="8da690b3-4757-412f-b239-dd425c75fd7e" testListId="8c84fa94-04c1-424b-9868-57a2d4851a1d" />
    <TestEntry testId="790989b0-7e1e-5ac3-c4f1-400cafc19381" executionId="2a25c5a2-edce-4642-9a77-a36cab47beb2" testListId="8c84fa94-04c1-424b-9868-57a2d4851a1d" />
    <TestEntry testId="a8313718-626a-f6ce-ecf7-b543d67124d4" executionId="ed7985ad-d6aa-451d-b45f-dcb2ec9fa5b8" testListId="8c84fa94-04c1-424b-9868-57a2d4851a1d" />
    <TestEntry testId="657cab56-bb5a-9a53-5576-139e062b5839" executionId="d84acd3d-d98f-42d5-a1e7-02c6d8b9b7fe" testListId="8c84fa94-04c1-424b-9868-57a2d4851a1d" />
    <TestEntry testId="9166b0eb-6010-4682-2d41-16ca402d596c" executionId="0f7e44eb-b8ea-4aa2-bfb9-9b862b463681" testListId="8c84fa94-04c1-424b-9868-57a2d4851a1d" />
    <TestEntry testId="c8128feb-07a5-8f7f-689f-842886b5d146" executionId="39ecacf9-11f7-403b-8caf-e69b08f29aed" testListId="8c84fa94-04c1-424b-9868-57a2d4851a1d" />
    <TestEntry testId="1e34e79c-95a6-300f-cce4-f4c9f0637226" executionId="77074301-a24f-45a9-af1d-7bb63c789643" testListId="8c84fa94-04c1-424b-9868-57a2d4851a1d" />
    <TestEntry testId="cea7be78-c544-e40e-75f4-104fb60fd2a4" executionId="d8176ce9-6b0e-4765-9e17-45b20b9fa0c1" testListId="8c84fa94-04c1-424b-9868-57a2d4851a1d" />
    <TestEntry testId="b290681b-b758-5127-48e9-c2fb0439a1f2" executionId="40febc81-3427-4b2c-942c-6da2dd76a1ce" testListId="8c84fa94-04c1-424b-9868-57a2d4851a1d" />
    <TestEntry testId="1a936470-4d98-c4d0-2183-a3967097408e" executionId="1e13b9d3-5130-4608-8476-4e392d04930b" testListId="8c84fa94-04c1-424b-9868-57a2d4851a1d" />
    <TestEntry testId="3a1c999b-0838-289d-c0b1-7b6dde3862fe" executionId="d5dddcaf-e7f9-489f-951c-202f0093f022" testListId="8c84fa94-04c1-424b-9868-57a2d4851a1d" />
    <TestEntry testId="5627c755-f7b0-67f3-cc42-d0e26055f997" executionId="953ae271-8789-4344-a553-40ad270d284a" testListId="8c84fa94-04c1-424b-9868-57a2d4851a1d" />
  </TestEntries>
  <TestLists>
    <TestList name="Results Not in a List" id="8c84fa94-04c1-424b-9868-57a2d4851a1d" />
    <TestList name="All Loaded Results" id="19431567-8539-422a-85d7-44ee4e166bda" />
  </TestLists>
  <ResultSummary outcome="Completed">
    <Counters total="33" executed="33" passed="33" failed="0" error="0" timeout="0" aborted="0" inconclusive="0" passedButRunAborted="0" notRunnable="0" notExecuted="0" disconnected="0" warning="0" completed="0" inProgress="0" pending="0" />
  </ResultSummary>
</TestRun>