<?xml version="1.0" encoding="utf-8"?>
<TestRun id="9da8f782-fb84-4311-8c4d-6021514f60eb" name="DKSR-EFI-04$@DKSR-EFI-04 2023-12-22 09:35:09" runUser="NT AUTHORITY\NETWORK SERVICE" xmlns="http://microsoft.com/schemas/VisualStudio/TeamTest/2010">
  <Times creation="2023-12-22T09:35:09.3504848+01:00" queuing="2023-12-22T09:35:09.3504848+01:00" start="2023-12-22T09:35:04.9910897+01:00" finish="2023-12-22T09:35:14.0067580+01:00" />
  <TestSettings name="default" id="182f8149-cc7c-4b8a-bfd0-4b12bfa2dcdc">
    <Deployment runDeploymentRoot="DKSR-EFI-04$_DKSR-EFI-04_2023-12-22_09_35_09" />
  </TestSettings>
  <Results>
    <UnitTestResult executionId="8ac52500-a654-4153-8562-76738a58e4ba" testId="0c8abb15-32af-342b-38ad-0fe9a5c21c5d" testName="UnmanagedMessagesClient_PublishAsync_Succeeedes" computerName="DKSR-EFI-04" duration="00:00:00.0151106" startTime="2023-12-22T09:35:12.3661268+01:00" endTime="2023-12-22T09:35:12.3817511+01:00" testType="13cdc9d9-ddb5-4fa4-a97d-d965ccfc6d4b" outcome="Passed" testListId="8c84fa94-04c1-424b-9868-57a2d4851a1d" relativeResultsDirectory="8ac52500-a654-4153-8562-76738a58e4ba">
      <Output>
        <StdOut>Debug Trace:&#xD;
Session id: &#xD;
Last seq: 0</StdOut>
      </Output>
    </UnitTestResult>
    <UnitTestResult executionId="6bc45dc3-cdb9-400f-9c0f-5293c02b90d7" testId="9812aa59-30cc-6a30-4d77-58d7a0c7120b" testName="UnmanagedMessagesClient_UnsubscribeAsyncThrowsInvalidOperationException_WhenNotConnected" computerName="DKSR-EFI-04" duration="00:00:00.0060301" startTime="2023-12-22T09:35:12.3505026+01:00" endTime="2023-12-22T09:35:12.3505026+01:00" testType="13cdc9d9-ddb5-4fa4-a97d-d965ccfc6d4b" outcome="Passed" testListId="8c84fa94-04c1-424b-9868-57a2d4851a1d" relativeResultsDirectory="6bc45dc3-cdb9-400f-9c0f-5293c02b90d7" />
    <UnitTestResult executionId="3d674a93-0872-4ba1-9b2b-d572b0d3db3f" testId="481ad207-9461-54b4-1bba-f9024d9501f6" testName="UnmanagedMessagesClient_SessionEstablished_OnHelloMessageReceived" computerName="DKSR-EFI-04" duration="00:00:01.1206492" startTime="2023-12-22T09:35:12.5536264+01:00" endTime="2023-12-22T09:35:13.6630067+01:00" testType="13cdc9d9-ddb5-4fa4-a97d-d965ccfc6d4b" outcome="Passed" testListId="8c84fa94-04c1-424b-9868-57a2d4851a1d" relativeResultsDirectory="3d674a93-0872-4ba1-9b2b-d572b0d3db3f">
      <Output>
        <StdOut>Debug Trace:&#xD;
Session id: &#xD;
Last seq: 0</StdOut>
      </Output>
    </UnitTestResult>
    <UnitTestResult executionId="18eb0902-b45c-4f86-a6a7-a053fd0795bb" testId="e57fdccb-2ce2-77ef-c1eb-db1df10e4742" testName="UnmanagedMessagesClient_SubscribeAsyncThrowsArgumentNullException_WhenEmptyTopic" computerName="DKSR-EFI-04" duration="00:00:00.0058391" startTime="2023-12-22T09:35:12.3505026+01:00" endTime="2023-12-22T09:35:12.3661268+01:00" testType="13cdc9d9-ddb5-4fa4-a97d-d965ccfc6d4b" outcome="Passed" testListId="8c84fa94-04c1-424b-9868-57a2d4851a1d" relativeResultsDirectory="18eb0902-b45c-4f86-a6a7-a053fd0795bb" />
    <UnitTestResult executionId="cd70ae5c-4938-4d37-8420-4b6c0cfa97db" testId="b62116f8-b23d-e89b-a86d-2123115909d7" testName="IncomingCommandProcessor_NotifiesHandler_OnAck" computerName="DKSR-EFI-04" duration="00:00:00.4709076" startTime="2023-12-22T09:35:08.7254812+01:00" endTime="2023-12-22T09:35:09.1942331+01:00" testType="13cdc9d9-ddb5-4fa4-a97d-d965ccfc6d4b" outcome="Passed" testListId="8c84fa94-04c1-424b-9868-57a2d4851a1d" relativeResultsDirectory="cd70ae5c-4938-4d37-8420-4b6c0cfa97db" />
    <UnitTestResult executionId="056bf24f-ee41-4c2e-b349-5fb4d32923b4" testId="e3f43c17-4ef6-ef50-cf90-968950273566" testName="UnmanagedMessagesClient_SubscribeAsyncThrowsInvalidOperationException_WhenNotConnected" computerName="DKSR-EFI-04" duration="00:00:00.0068992" startTime="2023-12-22T09:35:12.3351993+01:00" endTime="2023-12-22T09:35:12.3351993+01:00" testType="13cdc9d9-ddb5-4fa4-a97d-d965ccfc6d4b" outcome="Passed" testListId="8c84fa94-04c1-424b-9868-57a2d4851a1d" relativeResultsDirectory="056bf24f-ee41-4c2e-b349-5fb4d32923b4" />
    <UnitTestResult executionId="8efd7b55-1c54-4cc2-8cf4-f989256b0a3c" testId="e2649807-37bb-a070-b4f0-e51dd597a82c" testName="MessageClient_PublishesSuccessfuly" computerName="DKSR-EFI-04" duration="00:00:00.0092881" startTime="2023-12-22T09:35:11.8817493+01:00" endTime="2023-12-22T09:35:11.8973741+01:00" testType="13cdc9d9-ddb5-4fa4-a97d-d965ccfc6d4b" outcome="Passed" testListId="8c84fa94-04c1-424b-9868-57a2d4851a1d" relativeResultsDirectory="8efd7b55-1c54-4cc2-8cf4-f989256b0a3c" />
    <UnitTestResult executionId="1f5e5a8e-07f7-402c-ab86-14f5fd94d4f0" testId="6113d585-1c52-6ee0-8117-c47df2400b11" testName="UnmanagedMessagesClient_PublishAsyncThrowsCommunicationMipException_OnUnacknoledgedCommand" computerName="DKSR-EFI-04" duration="00:00:00.0182715" startTime="2023-12-22T09:35:12.4442516+01:00" endTime="2023-12-22T09:35:12.4598767+01:00" testType="13cdc9d9-ddb5-4fa4-a97d-d965ccfc6d4b" outcome="Passed" testListId="8c84fa94-04c1-424b-9868-57a2d4851a1d" relativeResultsDirectory="1f5e5a8e-07f7-402c-ab86-14f5fd94d4f0">
      <Output>
        <StdOut>Debug Trace:&#xD;
Session id: &#xD;
Last seq: 0</StdOut>
      </Output>
    </UnitTestResult>
    <UnitTestResult executionId="835c21c7-4b6d-4804-a9d1-bf7a7eea4f42" testId="844a9fa4-118c-b932-6fa0-4c03835f9391" testName="CommandAcknowledgementHandler_Throws_AfterTimeoutExpiration" computerName="DKSR-EFI-04" duration="00:00:00.7252746" startTime="2023-12-22T09:35:07.7724663+01:00" endTime="2023-12-22T09:35:08.6786041+01:00" testType="13cdc9d9-ddb5-4fa4-a97d-d965ccfc6d4b" outcome="Passed" testListId="8c84fa94-04c1-424b-9868-57a2d4851a1d" relativeResultsDirectory="835c21c7-4b6d-4804-a9d1-bf7a7eea4f42" />
    <UnitTestResult executionId="7237b147-9543-4d11-ae67-960ffa57a1a3" testId="369b70fb-adea-0c7a-c53f-0e4a5434b378" testName="MessageClient_ConnectsSubscribesAndReceivesMessages" computerName="DKSR-EFI-04" duration="00:00:00.5543366" startTime="2023-12-22T09:35:11.3192474+01:00" endTime="2023-12-22T09:35:11.8817493+01:00" testType="13cdc9d9-ddb5-4fa4-a97d-d965ccfc6d4b" outcome="Passed" testListId="8c84fa94-04c1-424b-9868-57a2d4851a1d" relativeResultsDirectory="7237b147-9543-4d11-ae67-960ffa57a1a3" />
    <UnitTestResult executionId="9408c9bc-dc1f-409a-8659-3f855094a1de" testId="0354bd2c-a3af-b7d1-6ee3-5d4076361cc9" testName="UnmanagedMessagesClient_CreateAndConnectWebSocket_ThrowsCommunicationMIPException_On400Response" computerName="DKSR-EFI-04" duration="00:00:00.0418739" startTime="2023-12-22T09:35:12.2567501+01:00" endTime="2023-12-22T09:35:12.3036259+01:00" testType="13cdc9d9-ddb5-4fa4-a97d-d965ccfc6d4b" outcome="Passed" testListId="8c84fa94-04c1-424b-9868-57a2d4851a1d" relativeResultsDirectory="9408c9bc-dc1f-409a-8659-3f855094a1de" />
    <UnitTestResult executionId="760b122d-9d74-4936-ba77-fd900cc46b0e" testId="8f23febd-4c80-4a0b-73f8-cd4e072a3be3" testName="UnmanagedMessagesClient_CreateAndConnectWebSocket_ThrowsNotAuthorizedMIPException_On401Response" computerName="DKSR-EFI-04" duration="00:00:00.0065602" startTime="2023-12-22T09:35:12.3036259+01:00" endTime="2023-12-22T09:35:12.3036259+01:00" testType="13cdc9d9-ddb5-4fa4-a97d-d965ccfc6d4b" outcome="Passed" testListId="8c84fa94-04c1-424b-9868-57a2d4851a1d" relativeResultsDirectory="760b122d-9d74-4936-ba77-fd900cc46b0e" />
    <UnitTestResult executionId="f711dac9-f822-4de2-a3b9-55246f95fef3" testId="bde86493-a81b-62bb-0fb3-667dae30f73a" testName="UnmanagedMessagesClient_UnsubscribeAsync_Succeeedes" computerName="DKSR-EFI-04" duration="00:00:00.0073430" startTime="2023-12-22T09:35:12.4286266+01:00" endTime="2023-12-22T09:35:12.4442516+01:00" testType="13cdc9d9-ddb5-4fa4-a97d-d965ccfc6d4b" outcome="Passed" testListId="8c84fa94-04c1-424b-9868-57a2d4851a1d" relativeResultsDirectory="f711dac9-f822-4de2-a3b9-55246f95fef3">
      <Output>
        <StdOut>Debug Trace:&#xD;
Session id: &#xD;
Last seq: 0</StdOut>
      </Output>
    </UnitTestResult>
    <UnitTestResult executionId="03d4371b-e5b9-4074-b311-16c11503e2f8" testId="ddd6506e-79b0-b218-a118-9e4bb15f5787" testName="UnmanagedMessagesClient_NewMessageAsyncCalled_WhenMessageIsReceived" computerName="DKSR-EFI-04" duration="00:00:00.0207984" startTime="2023-12-22T09:35:12.5067517+01:00" endTime="2023-12-22T09:35:12.5380019+01:00" testType="13cdc9d9-ddb5-4fa4-a97d-d965ccfc6d4b" outcome="Passed" testListId="8c84fa94-04c1-424b-9868-57a2d4851a1d" relativeResultsDirectory="03d4371b-e5b9-4074-b311-16c11503e2f8">
      <Output>
        <StdOut>Debug Trace:&#xD;
Session id: &#xD;
Last seq: 0</StdOut>
      </Output>
    </UnitTestResult>
    <UnitTestResult executionId="5003a890-4f5e-46f4-896a-1194bcf9e504" testId="61c7e091-1b3e-1a39-515c-79461bbab0f9" testName="UnmanagedMessagesClient_CreateAndConnectWebSocket_SetsCorrectUriAndToken" computerName="DKSR-EFI-04" duration="00:00:00.0202623" startTime="2023-12-22T09:35:12.2254994+01:00" endTime="2023-12-22T09:35:12.2567501+01:00" testType="13cdc9d9-ddb5-4fa4-a97d-d965ccfc6d4b" outcome="Passed" testListId="8c84fa94-04c1-424b-9868-57a2d4851a1d" relativeResultsDirectory="5003a890-4f5e-46f4-896a-1194bcf9e504" />
    <UnitTestResult executionId="fee90eaa-5704-4f3e-a805-4ebf25fc4a75" testId="f321d583-6820-e8ad-87f2-98ed884298f5" testName="IncomingCommandProcessor_NotifiesHandler_OnMessage" computerName="DKSR-EFI-04" duration="00:00:00.0164785" startTime="2023-12-22T09:35:09.1942331+01:00" endTime="2023-12-22T09:35:09.2254864+01:00" testType="13cdc9d9-ddb5-4fa4-a97d-d965ccfc6d4b" outcome="Passed" testListId="8c84fa94-04c1-424b-9868-57a2d4851a1d" relativeResultsDirectory="fee90eaa-5704-4f3e-a805-4ebf25fc4a75" />
    <UnitTestResult executionId="9dd90e63-baeb-4abe-8068-9e3d683f7abc" testId="2e76a750-4ed1-5036-c84f-51bd1128499d" testName="UnmanagedMessagesClient_CommandAcknowledged_OnAckMessageReceived" computerName="DKSR-EFI-04" duration="00:00:00.0107908" startTime="2023-12-22T09:35:12.5380019+01:00" endTime="2023-12-22T09:35:12.5536264+01:00" testType="13cdc9d9-ddb5-4fa4-a97d-d965ccfc6d4b" outcome="Passed" testListId="8c84fa94-04c1-424b-9868-57a2d4851a1d" relativeResultsDirectory="9dd90e63-baeb-4abe-8068-9e3d683f7abc">
      <Output>
        <StdOut>Debug Trace:&#xD;
Session id: &#xD;
Last seq: 0</StdOut>
      </Output>
    </UnitTestResult>
    <UnitTestResult executionId="dcddbc84-530c-4e70-badf-65f99f863600" testId="34dd6073-72f3-7452-2410-e6841f900937" testName="CommandAcknowledgementHandler_Returns_AfterTaskSucceeds" computerName="DKSR-EFI-04" duration="00:00:00.0313684" startTime="2023-12-22T09:35:08.6942314+01:00" endTime="2023-12-22T09:35:08.7254812+01:00" testType="13cdc9d9-ddb5-4fa4-a97d-d965ccfc6d4b" outcome="Passed" testListId="8c84fa94-04c1-424b-9868-57a2d4851a1d" relativeResultsDirectory="dcddbc84-530c-4e70-badf-65f99f863600" />
    <UnitTestResult executionId="58475eb5-8354-4bc9-8dc4-d0f17336bea1" testId="35dd3e81-08e9-d17b-8a33-778f4b16c0db" testName="MessageClient_ReconnectsOnFail_WithoutSessionId" computerName="DKSR-EFI-04" duration="00:00:00.0166317" startTime="2023-12-22T09:35:11.8973741+01:00" endTime="2023-12-22T09:35:11.9129982+01:00" testType="13cdc9d9-ddb5-4fa4-a97d-d965ccfc6d4b" outcome="Passed" testListId="8c84fa94-04c1-424b-9868-57a2d4851a1d" relativeResultsDirectory="58475eb5-8354-4bc9-8dc4-d0f17336bea1" />
    <UnitTestResult executionId="e10bd91c-a836-41ed-b7f1-d8026f20c9a7" testId="53bbdfd4-a0d7-b932-63ba-34eb278b5174" testName="MessageClient_ReconnectsOnFail_WithSessionId" computerName="DKSR-EFI-04" duration="00:00:00.0049769" startTime="2023-12-22T09:35:11.9129982+01:00" endTime="2023-12-22T09:35:11.9129982+01:00" testType="13cdc9d9-ddb5-4fa4-a97d-d965ccfc6d4b" outcome="Passed" testListId="8c84fa94-04c1-424b-9868-57a2d4851a1d" relativeResultsDirectory="e10bd91c-a836-41ed-b7f1-d8026f20c9a7" />
    <UnitTestResult executionId="19a9ff4a-5bcf-49cc-a1e0-a4f7abaa7ffe" testId="15cf5f1f-ab36-1240-895a-02520d6709ad" testName="IncomingCommandProcessor_NotifiesHandler_OnHello" computerName="DKSR-EFI-04" duration="00:00:00.0065975" startTime="2023-12-22T09:35:09.2254864+01:00" endTime="2023-12-22T09:35:09.2254864+01:00" testType="13cdc9d9-ddb5-4fa4-a97d-d965ccfc6d4b" outcome="Passed" testListId="8c84fa94-04c1-424b-9868-57a2d4851a1d" relativeResultsDirectory="19a9ff4a-5bcf-49cc-a1e0-a4f7abaa7ffe" />
    <UnitTestResult executionId="bdf7b734-e8d3-49aa-9d77-7a8ffccf2951" testId="d4a31fd0-d7bb-644e-ae0f-28595237d2c2" testName="UnmanagedMessagesClient_UnsubscribeAsyncThrowsArgumentNullException_WhenEmptyTopic" computerName="DKSR-EFI-04" duration="00:00:00.0056717" startTime="2023-12-22T09:35:12.3661268+01:00" endTime="2023-12-22T09:35:12.3661268+01:00" testType="13cdc9d9-ddb5-4fa4-a97d-d965ccfc6d4b" outcome="Passed" testListId="8c84fa94-04c1-424b-9868-57a2d4851a1d" relativeResultsDirectory="bdf7b734-e8d3-49aa-9d77-7a8ffccf2951" />
    <UnitTestResult executionId="e8787e52-9c5e-4bdd-a5a1-a7249d4a0f9a" testId="146134db-aca7-0597-22bc-748555377921" testName="UnmanagedMessagesClient_SubscribeAsyncThrowsCommunicationMipException_OnUnacknoledgedCommand" computerName="DKSR-EFI-04" duration="00:00:00.0313204" startTime="2023-12-22T09:35:12.4598767+01:00" endTime="2023-12-22T09:35:12.4911265+01:00" testType="13cdc9d9-ddb5-4fa4-a97d-d965ccfc6d4b" outcome="Passed" testListId="8c84fa94-04c1-424b-9868-57a2d4851a1d" relativeResultsDirectory="e8787e52-9c5e-4bdd-a5a1-a7249d4a0f9a">
      <Output>
        <StdOut>Debug Trace:&#xD;
Session id: &#xD;
Last seq: 0</StdOut>
      </Output>
    </UnitTestResult>
    <UnitTestResult executionId="31bb2b2b-a7a5-4772-9cf6-0ec6a9c095ae" testId="ba323f9b-6e86-6a0e-98bc-09de9ded2195" testName="UnmanagedMessagesClient_PublishAsyncThrowsArgumentNullException_WhenEmptyTopic" computerName="DKSR-EFI-04" duration="00:00:00.0055217" startTime="2023-12-22T09:35:12.3505026+01:00" endTime="2023-12-22T09:35:12.3505026+01:00" testType="13cdc9d9-ddb5-4fa4-a97d-d965ccfc6d4b" outcome="Passed" testListId="8c84fa94-04c1-424b-9868-57a2d4851a1d" relativeResultsDirectory="31bb2b2b-a7a5-4772-9cf6-0ec6a9c095ae" />
    <UnitTestResult executionId="be97ce3e-3c8f-4dc7-813d-3e306e7c62aa" testId="ab926be0-7655-5fef-6b82-420cc027711b" testName="UnmanagedMessagesClient_ConnectAsync_CreatesAllNeededObjects" computerName="DKSR-EFI-04" duration="00:00:00.3069426" startTime="2023-12-22T09:35:11.9129982+01:00" endTime="2023-12-22T09:35:12.2254994+01:00" testType="13cdc9d9-ddb5-4fa4-a97d-d965ccfc6d4b" outcome="Passed" testListId="8c84fa94-04c1-424b-9868-57a2d4851a1d" relativeResultsDirectory="be97ce3e-3c8f-4dc7-813d-3e306e7c62aa">
      <Output>
        <StdOut>Debug Trace:&#xD;
Session id: &#xD;
Last seq: 0</StdOut>
      </Output>
    </UnitTestResult>
    <UnitTestResult executionId="49ec11e3-1e9a-4964-8c0c-b78febb1534d" testId="7fd14a29-ca57-7558-05c9-27914b466fd4" testName="UnmanagedMessagesClient_UnsubscribeAsyncThrowsCommunicationMipException_OnUnacknoledgedCommand" computerName="DKSR-EFI-04" duration="00:00:00.0251399" startTime="2023-12-22T09:35:12.4911265+01:00" endTime="2023-12-22T09:35:12.5067517+01:00" testType="13cdc9d9-ddb5-4fa4-a97d-d965ccfc6d4b" outcome="Passed" testListId="8c84fa94-04c1-424b-9868-57a2d4851a1d" relativeResultsDirectory="49ec11e3-1e9a-4964-8c0c-b78febb1534d">
      <Output>
        <StdOut>Debug Trace:&#xD;
Session id: &#xD;
Last seq: 0</StdOut>
      </Output>
    </UnitTestResult>
    <UnitTestResult executionId="04e21773-287d-46bd-8ec7-acb5bfc3a7fc" testId="7b3b8817-3629-0f9e-a5c9-7ef07eb00100" testName="UnmanagedMessagesClient_PublishAsyncThrowsInvalidOperationException_WhenNotConnected" computerName="DKSR-EFI-04" duration="00:00:00.0318159" startTime="2023-12-22T09:35:12.3036259+01:00" endTime="2023-12-22T09:35:12.3351993+01:00" testType="13cdc9d9-ddb5-4fa4-a97d-d965ccfc6d4b" outcome="Passed" testListId="8c84fa94-04c1-424b-9868-57a2d4851a1d" relativeResultsDirectory="04e21773-287d-46bd-8ec7-acb5bfc3a7fc" />
    <UnitTestResult executionId="879f3401-de37-4c62-bbd3-664ab1e50d31" testId="661ab82d-f2c5-1cd6-7697-2496868621ca" testName="LastProcessedMessageSequence_KeepsHigherValue_WhenCalledFromMultipleThreads (5,1000)" computerName="DKSR-EFI-04" duration="00:00:02.0421670" startTime="2023-12-22T09:35:09.2254864+01:00" endTime="2023-12-22T09:35:11.3192474+01:00" testType="13cdc9d9-ddb5-4fa4-a97d-d965ccfc6d4b" outcome="Passed" testListId="8c84fa94-04c1-424b-9868-57a2d4851a1d" relativeResultsDirectory="879f3401-de37-4c62-bbd3-664ab1e50d31" />
    <UnitTestResult executionId="d7786b0a-0ef2-4edc-855e-9578f0ad7c9a" testId="a15bb082-9826-e2d8-2bbc-381a4fd3bbf1" testName="UnmanagedMessagesClient_SubscribeAsync_Succeeedes" computerName="DKSR-EFI-04" duration="00:00:00.0470565" startTime="2023-12-22T09:35:12.3817511+01:00" endTime="2023-12-22T09:35:12.4286266+01:00" testType="13cdc9d9-ddb5-4fa4-a97d-d965ccfc6d4b" outcome="Passed" testListId="8c84fa94-04c1-424b-9868-57a2d4851a1d" relativeResultsDirectory="d7786b0a-0ef2-4edc-855e-9578f0ad7c9a">
      <Output>
        <StdOut>Debug Trace:&#xD;
Session id: &#xD;
Last seq: 0</StdOut>
      </Output>
    </UnitTestResult>
  </Results>
  <TestDefinitions>
    <UnitTest name="UnmanagedMessagesClient_PublishAsyncThrowsArgumentNullException_WhenEmptyTopic" storage="d:\actions-runner\_work\xpco\xpco\mip\mipsdk\tst\videoos.platform.common.unittests\bin\x64\debug\net472\videoos.platform.common.tests.dll" id="ba323f9b-6e86-6a0e-98bc-09de9ded2195">
      <Execution id="31bb2b2b-a7a5-4772-9cf6-0ec6a9c095ae" />
      <TestMethod codeBase="D:\actions-runner\_work\XPCO\XPCO\MIP\MIPSDK\tst\VideoOS.Platform.Common.UnitTests\bin\x64\Debug\net472\VideoOS.Platform.Common.Tests.dll" adapterTypeName="executor://mstestadapter/v2" className="VideoOS.Platform.Common.Tests.MessagesClient.UnmanagedMessagesClientTests" name="UnmanagedMessagesClient_PublishAsyncThrowsArgumentNullException_WhenEmptyTopic" />
    </UnitTest>
    <UnitTest name="UnmanagedMessagesClient_SubscribeAsyncThrowsArgumentNullException_WhenEmptyTopic" storage="d:\actions-runner\_work\xpco\xpco\mip\mipsdk\tst\videoos.platform.common.unittests\bin\x64\debug\net472\videoos.platform.common.tests.dll" id="e57fdccb-2ce2-77ef-c1eb-db1df10e4742">
      <Execution id="18eb0902-b45c-4f86-a6a7-a053fd0795bb" />
      <TestMethod codeBase="D:\actions-runner\_work\XPCO\XPCO\MIP\MIPSDK\tst\VideoOS.Platform.Common.UnitTests\bin\x64\Debug\net472\VideoOS.Platform.Common.Tests.dll" adapterTypeName="executor://mstestadapter/v2" className="VideoOS.Platform.Common.Tests.MessagesClient.UnmanagedMessagesClientTests" name="UnmanagedMessagesClient_SubscribeAsyncThrowsArgumentNullException_WhenEmptyTopic" />
    </UnitTest>
    <UnitTest name="IncomingCommandProcessor_NotifiesHandler_OnAck" storage="d:\actions-runner\_work\xpco\xpco\mip\mipsdk\tst\videoos.platform.common.unittests\bin\x64\debug\net472\videoos.platform.common.tests.dll" id="b62116f8-b23d-e89b-a86d-2123115909d7">
      <Execution id="cd70ae5c-4938-4d37-8420-4b6c0cfa97db" />
      <TestMethod codeBase="D:\actions-runner\_work\XPCO\XPCO\MIP\MIPSDK\tst\VideoOS.Platform.Common.UnitTests\bin\x64\Debug\net472\VideoOS.Platform.Common.Tests.dll" adapterTypeName="executor://mstestadapter/v2" className="VideoOS.Platform.Common.Tests.MessagesClient.IncomingCommandProcessorTests" name="IncomingCommandProcessor_NotifiesHandler_OnAck" />
    </UnitTest>
    <UnitTest name="UnmanagedMessagesClient_SessionEstablished_OnHelloMessageReceived" storage="d:\actions-runner\_work\xpco\xpco\mip\mipsdk\tst\videoos.platform.common.unittests\bin\x64\debug\net472\videoos.platform.common.tests.dll" id="481ad207-9461-54b4-1bba-f9024d9501f6">
      <Execution id="3d674a93-0872-4ba1-9b2b-d572b0d3db3f" />
      <TestMethod codeBase="D:\actions-runner\_work\XPCO\XPCO\MIP\MIPSDK\tst\VideoOS.Platform.Common.UnitTests\bin\x64\Debug\net472\VideoOS.Platform.Common.Tests.dll" adapterTypeName="executor://mstestadapter/v2" className="VideoOS.Platform.Common.Tests.MessagesClient.UnmanagedMessagesClientTests" name="UnmanagedMessagesClient_SessionEstablished_OnHelloMessageReceived" />
    </UnitTest>
    <UnitTest name="IncomingCommandProcessor_NotifiesHandler_OnMessage" storage="d:\actions-runner\_work\xpco\xpco\mip\mipsdk\tst\videoos.platform.common.unittests\bin\x64\debug\net472\videoos.platform.common.tests.dll" id="f321d583-6820-e8ad-87f2-98ed884298f5">
      <Execution id="fee90eaa-5704-4f3e-a805-4ebf25fc4a75" />
      <TestMethod codeBase="D:\actions-runner\_work\XPCO\XPCO\MIP\MIPSDK\tst\VideoOS.Platform.Common.UnitTests\bin\x64\Debug\net472\VideoOS.Platform.Common.Tests.dll" adapterTypeName="executor://mstestadapter/v2" className="VideoOS.Platform.Common.Tests.MessagesClient.IncomingCommandProcessorTests" name="IncomingCommandProcessor_NotifiesHandler_OnMessage" />
    </UnitTest>
    <UnitTest name="UnmanagedMessagesClient_ConnectAsync_CreatesAllNeededObjects" storage="d:\actions-runner\_work\xpco\xpco\mip\mipsdk\tst\videoos.platform.common.unittests\bin\x64\debug\net472\videoos.platform.common.tests.dll" id="ab926be0-7655-5fef-6b82-420cc027711b">
      <Execution id="be97ce3e-3c8f-4dc7-813d-3e306e7c62aa" />
      <TestMethod codeBase="D:\actions-runner\_work\XPCO\XPCO\MIP\MIPSDK\tst\VideoOS.Platform.Common.UnitTests\bin\x64\Debug\net472\VideoOS.Platform.Common.Tests.dll" adapterTypeName="executor://mstestadapter/v2" className="VideoOS.Platform.Common.Tests.MessagesClient.UnmanagedMessagesClientTests" name="UnmanagedMessagesClient_ConnectAsync_CreatesAllNeededObjects" />
    </UnitTest>
    <UnitTest name="UnmanagedMessagesClient_PublishAsyncThrowsInvalidOperationException_WhenNotConnected" storage="d:\actions-runner\_work\xpco\xpco\mip\mipsdk\tst\videoos.platform.common.unittests\bin\x64\debug\net472\videoos.platform.common.tests.dll" id="7b3b8817-3629-0f9e-a5c9-7ef07eb00100">
      <Execution id="04e21773-287d-46bd-8ec7-acb5bfc3a7fc" />
      <TestMethod codeBase="D:\actions-runner\_work\XPCO\XPCO\MIP\MIPSDK\tst\VideoOS.Platform.Common.UnitTests\bin\x64\Debug\net472\VideoOS.Platform.Common.Tests.dll" adapterTypeName="executor://mstestadapter/v2" className="VideoOS.Platform.Common.Tests.MessagesClient.UnmanagedMessagesClientTests" name="UnmanagedMessagesClient_PublishAsyncThrowsInvalidOperationException_WhenNotConnected" />
    </UnitTest>
    <UnitTest name="UnmanagedMessagesClient_CreateAndConnectWebSocket_SetsCorrectUriAndToken" storage="d:\actions-runner\_work\xpco\xpco\mip\mipsdk\tst\videoos.platform.common.unittests\bin\x64\debug\net472\videoos.platform.common.tests.dll" id="61c7e091-1b3e-1a39-515c-79461bbab0f9">
      <Execution id="5003a890-4f5e-46f4-896a-1194bcf9e504" />
      <TestMethod codeBase="D:\actions-runner\_work\XPCO\XPCO\MIP\MIPSDK\tst\VideoOS.Platform.Common.UnitTests\bin\x64\Debug\net472\VideoOS.Platform.Common.Tests.dll" adapterTypeName="executor://mstestadapter/v2" className="VideoOS.Platform.Common.Tests.MessagesClient.UnmanagedMessagesClientTests" name="UnmanagedMessagesClient_CreateAndConnectWebSocket_SetsCorrectUriAndToken" />
    </UnitTest>
    <UnitTest name="UnmanagedMessagesClient_SubscribeAsyncThrowsCommunicationMipException_OnUnacknoledgedCommand" storage="d:\actions-runner\_work\xpco\xpco\mip\mipsdk\tst\videoos.platform.common.unittests\bin\x64\debug\net472\videoos.platform.common.tests.dll" id="146134db-aca7-0597-22bc-748555377921">
      <Execution id="e8787e52-9c5e-4bdd-a5a1-a7249d4a0f9a" />
      <TestMethod codeBase="D:\actions-runner\_work\XPCO\XPCO\MIP\MIPSDK\tst\VideoOS.Platform.Common.UnitTests\bin\x64\Debug\net472\VideoOS.Platform.Common.Tests.dll" adapterTypeName="executor://mstestadapter/v2" className="VideoOS.Platform.Common.Tests.MessagesClient.UnmanagedMessagesClientTests" name="UnmanagedMessagesClient_SubscribeAsyncThrowsCommunicationMipException_OnUnacknoledgedCommand" />
    </UnitTest>
    <UnitTest name="UnmanagedMessagesClient_CreateAndConnectWebSocket_ThrowsNotAuthorizedMIPException_On401Response" storage="d:\actions-runner\_work\xpco\xpco\mip\mipsdk\tst\videoos.platform.common.unittests\bin\x64\debug\net472\videoos.platform.common.tests.dll" id="8f23febd-4c80-4a0b-73f8-cd4e072a3be3">
      <Execution id="760b122d-9d74-4936-ba77-fd900cc46b0e" />
      <TestMethod codeBase="D:\actions-runner\_work\XPCO\XPCO\MIP\MIPSDK\tst\VideoOS.Platform.Common.UnitTests\bin\x64\Debug\net472\VideoOS.Platform.Common.Tests.dll" adapterTypeName="executor://mstestadapter/v2" className="VideoOS.Platform.Common.Tests.MessagesClient.UnmanagedMessagesClientTests" name="UnmanagedMessagesClient_CreateAndConnectWebSocket_ThrowsNotAuthorizedMIPException_On401Response" />
    </UnitTest>
    <UnitTest name="CommandAcknowledgementHandler_Returns_AfterTaskSucceeds" storage="d:\actions-runner\_work\xpco\xpco\mip\mipsdk\tst\videoos.platform.common.unittests\bin\x64\debug\net472\videoos.platform.common.tests.dll" id="34dd6073-72f3-7452-2410-e6841f900937">
      <Execution id="dcddbc84-530c-4e70-badf-65f99f863600" />
      <TestMethod codeBase="D:\actions-runner\_work\XPCO\XPCO\MIP\MIPSDK\tst\VideoOS.Platform.Common.UnitTests\bin\x64\Debug\net472\VideoOS.Platform.Common.Tests.dll" adapterTypeName="executor://mstestadapter/v2" className="VideoOS.Platform.Common.Tests.MessagesClient.CommandAcknowledgementHandlerTests" name="CommandAcknowledgementHandler_Returns_AfterTaskSucceeds" />
    </UnitTest>
    <UnitTest name="UnmanagedMessagesClient_SubscribeAsyncThrowsInvalidOperationException_WhenNotConnected" storage="d:\actions-runner\_work\xpco\xpco\mip\mipsdk\tst\videoos.platform.common.unittests\bin\x64\debug\net472\videoos.platform.common.tests.dll" id="e3f43c17-4ef6-ef50-cf90-968950273566">
      <Execution id="056bf24f-ee41-4c2e-b349-5fb4d32923b4" />
      <TestMethod codeBase="D:\actions-runner\_work\XPCO\XPCO\MIP\MIPSDK\tst\VideoOS.Platform.Common.UnitTests\bin\x64\Debug\net472\VideoOS.Platform.Common.Tests.dll" adapterTypeName="executor://mstestadapter/v2" className="VideoOS.Platform.Common.Tests.MessagesClient.UnmanagedMessagesClientTests" name="UnmanagedMessagesClient_SubscribeAsyncThrowsInvalidOperationException_WhenNotConnected" />
    </UnitTest>
    <UnitTest name="CommandAcknowledgementHandler_Throws_AfterTimeoutExpiration" storage="d:\actions-runner\_work\xpco\xpco\mip\mipsdk\tst\videoos.platform.common.unittests\bin\x64\debug\net472\videoos.platform.common.tests.dll" id="844a9fa4-118c-b932-6fa0-4c03835f9391">
      <Execution id="835c21c7-4b6d-4804-a9d1-bf7a7eea4f42" />
      <TestMethod codeBase="D:\actions-runner\_work\XPCO\XPCO\MIP\MIPSDK\tst\VideoOS.Platform.Common.UnitTests\bin\x64\Debug\net472\VideoOS.Platform.Common.Tests.dll" adapterTypeName="executor://mstestadapter/v2" className="VideoOS.Platform.Common.Tests.MessagesClient.CommandAcknowledgementHandlerTests" name="CommandAcknowledgementHandler_Throws_AfterTimeoutExpiration" />
    </UnitTest>
    <UnitTest name="UnmanagedMessagesClient_NewMessageAsyncCalled_WhenMessageIsReceived" storage="d:\actions-runner\_work\xpco\xpco\mip\mipsdk\tst\videoos.platform.common.unittests\bin\x64\debug\net472\videoos.platform.common.tests.dll" id="ddd6506e-79b0-b218-a118-9e4bb15f5787">
      <Execution id="03d4371b-e5b9-4074-b311-16c11503e2f8" />
      <TestMethod codeBase="D:\actions-runner\_work\XPCO\XPCO\MIP\MIPSDK\tst\VideoOS.Platform.Common.UnitTests\bin\x64\Debug\net472\VideoOS.Platform.Common.Tests.dll" adapterTypeName="executor://mstestadapter/v2" className="VideoOS.Platform.Common.Tests.MessagesClient.UnmanagedMessagesClientTests" name="UnmanagedMessagesClient_NewMessageAsyncCalled_WhenMessageIsReceived" />
    </UnitTest>
    <UnitTest name="UnmanagedMessagesClient_UnsubscribeAsync_Succeeedes" storage="d:\actions-runner\_work\xpco\xpco\mip\mipsdk\tst\videoos.platform.common.unittests\bin\x64\debug\net472\videoos.platform.common.tests.dll" id="bde86493-a81b-62bb-0fb3-667dae30f73a">
      <Execution id="f711dac9-f822-4de2-a3b9-55246f95fef3" />
      <TestMethod codeBase="D:\actions-runner\_work\XPCO\XPCO\MIP\MIPSDK\tst\VideoOS.Platform.Common.UnitTests\bin\x64\Debug\net472\VideoOS.Platform.Common.Tests.dll" adapterTypeName="executor://mstestadapter/v2" className="VideoOS.Platform.Common.Tests.MessagesClient.UnmanagedMessagesClientTests" name="UnmanagedMessagesClient_UnsubscribeAsync_Succeeedes" />
    </UnitTest>
    <UnitTest name="IncomingCommandProcessor_NotifiesHandler_OnHello" storage="d:\actions-runner\_work\xpco\xpco\mip\mipsdk\tst\videoos.platform.common.unittests\bin\x64\debug\net472\videoos.platform.common.tests.dll" id="15cf5f1f-ab36-1240-895a-02520d6709ad">
      <Execution id="19a9ff4a-5bcf-49cc-a1e0-a4f7abaa7ffe" />
      <TestMethod codeBase="D:\actions-runner\_work\XPCO\XPCO\MIP\MIPSDK\tst\VideoOS.Platform.Common.UnitTests\bin\x64\Debug\net472\VideoOS.Platform.Common.Tests.dll" adapterTypeName="executor://mstestadapter/v2" className="VideoOS.Platform.Common.Tests.MessagesClient.IncomingCommandProcessorTests" name="IncomingCommandProcessor_NotifiesHandler_OnHello" />
    </UnitTest>
    <UnitTest name="UnmanagedMessagesClient_CreateAndConnectWebSocket_ThrowsCommunicationMIPException_On400Response" storage="d:\actions-runner\_work\xpco\xpco\mip\mipsdk\tst\videoos.platform.common.unittests\bin\x64\debug\net472\videoos.platform.common.tests.dll" id="0354bd2c-a3af-b7d1-6ee3-5d4076361cc9">
      <Execution id="9408c9bc-dc1f-409a-8659-3f855094a1de" />
      <TestMethod codeBase="D:\actions-runner\_work\XPCO\XPCO\MIP\MIPSDK\tst\VideoOS.Platform.Common.UnitTests\bin\x64\Debug\net472\VideoOS.Platform.Common.Tests.dll" adapterTypeName="executor://mstestadapter/v2" className="VideoOS.Platform.Common.Tests.MessagesClient.UnmanagedMessagesClientTests" name="UnmanagedMessagesClient_CreateAndConnectWebSocket_ThrowsCommunicationMIPException_On400Response" />
    </UnitTest>
    <UnitTest name="UnmanagedMessagesClient_UnsubscribeAsyncThrowsInvalidOperationException_WhenNotConnected" storage="d:\actions-runner\_work\xpco\xpco\mip\mipsdk\tst\videoos.platform.common.unittests\bin\x64\debug\net472\videoos.platform.common.tests.dll" id="9812aa59-30cc-6a30-4d77-58d7a0c7120b">
      <Execution id="6bc45dc3-cdb9-400f-9c0f-5293c02b90d7" />
      <TestMethod codeBase="D:\actions-runner\_work\XPCO\XPCO\MIP\MIPSDK\tst\VideoOS.Platform.Common.UnitTests\bin\x64\Debug\net472\VideoOS.Platform.Common.Tests.dll" adapterTypeName="executor://mstestadapter/v2" className="VideoOS.Platform.Common.Tests.MessagesClient.UnmanagedMessagesClientTests" name="UnmanagedMessagesClient_UnsubscribeAsyncThrowsInvalidOperationException_WhenNotConnected" />
    </UnitTest>
    <UnitTest name="UnmanagedMessagesClient_PublishAsync_Succeeedes" storage="d:\actions-runner\_work\xpco\xpco\mip\mipsdk\tst\videoos.platform.common.unittests\bin\x64\debug\net472\videoos.platform.common.tests.dll" id="0c8abb15-32af-342b-38ad-0fe9a5c21c5d">
      <Execution id="8ac52500-a654-4153-8562-76738a58e4ba" />
      <TestMethod codeBase="D:\actions-runner\_work\XPCO\XPCO\MIP\MIPSDK\tst\VideoOS.Platform.Common.UnitTests\bin\x64\Debug\net472\VideoOS.Platform.Common.Tests.dll" adapterTypeName="executor://mstestadapter/v2" className="VideoOS.Platform.Common.Tests.MessagesClient.UnmanagedMessagesClientTests" name="UnmanagedMessagesClient_PublishAsync_Succeeedes" />
    </UnitTest>
    <UnitTest name="MessageClient_PublishesSuccessfuly" storage="d:\actions-runner\_work\xpco\xpco\mip\mipsdk\tst\videoos.platform.common.unittests\bin\x64\debug\net472\videoos.platform.common.tests.dll" id="e2649807-37bb-a070-b4f0-e51dd597a82c">
      <Execution id="8efd7b55-1c54-4cc2-8cf4-f989256b0a3c" />
      <TestMethod codeBase="D:\actions-runner\_work\XPCO\XPCO\MIP\MIPSDK\tst\VideoOS.Platform.Common.UnitTests\bin\x64\Debug\net472\VideoOS.Platform.Common.Tests.dll" adapterTypeName="executor://mstestadapter/v2" className="VideoOS.Platform.Common.Tests.MessagesClient.MessageClientTests" name="MessageClient_PublishesSuccessfuly" />
    </UnitTest>
    <UnitTest name="UnmanagedMessagesClient_CommandAcknowledged_OnAckMessageReceived" storage="d:\actions-runner\_work\xpco\xpco\mip\mipsdk\tst\videoos.platform.common.unittests\bin\x64\debug\net472\videoos.platform.common.tests.dll" id="2e76a750-4ed1-5036-c84f-51bd1128499d">
      <Execution id="9dd90e63-baeb-4abe-8068-9e3d683f7abc" />
      <TestMethod codeBase="D:\actions-runner\_work\XPCO\XPCO\MIP\MIPSDK\tst\VideoOS.Platform.Common.UnitTests\bin\x64\Debug\net472\VideoOS.Platform.Common.Tests.dll" adapterTypeName="executor://mstestadapter/v2" className="VideoOS.Platform.Common.Tests.MessagesClient.UnmanagedMessagesClientTests" name="UnmanagedMessagesClient_CommandAcknowledged_OnAckMessageReceived" />
    </UnitTest>
    <UnitTest name="LastProcessedMessageSequence_KeepsHigherValue_WhenCalledFromMultipleThreads (5,1000)" storage="d:\actions-runner\_work\xpco\xpco\mip\mipsdk\tst\videoos.platform.common.unittests\bin\x64\debug\net472\videoos.platform.common.tests.dll" id="661ab82d-f2c5-1cd6-7697-2496868621ca">
      <Execution id="879f3401-de37-4c62-bbd3-664ab1e50d31" />
      <TestMethod codeBase="D:\actions-runner\_work\XPCO\XPCO\MIP\MIPSDK\tst\VideoOS.Platform.Common.UnitTests\bin\x64\Debug\net472\VideoOS.Platform.Common.Tests.dll" adapterTypeName="executor://mstestadapter/v2" className="VideoOS.Platform.Common.Tests.MessagesClient.LastProcessedMessageSequenceTests" name="LastProcessedMessageSequence_KeepsHigherValue_WhenCalledFromMultipleThreads" />
    </UnitTest>
    <UnitTest name="UnmanagedMessagesClient_SubscribeAsync_Succeeedes" storage="d:\actions-runner\_work\xpco\xpco\mip\mipsdk\tst\videoos.platform.common.unittests\bin\x64\debug\net472\videoos.platform.common.tests.dll" id="a15bb082-9826-e2d8-2bbc-381a4fd3bbf1">
      <Execution id="d7786b0a-0ef2-4edc-855e-9578f0ad7c9a" />
      <TestMethod codeBase="D:\actions-runner\_work\XPCO\XPCO\MIP\MIPSDK\tst\VideoOS.Platform.Common.UnitTests\bin\x64\Debug\net472\VideoOS.Platform.Common.Tests.dll" adapterTypeName="executor://mstestadapter/v2" className="VideoOS.Platform.Common.Tests.MessagesClient.UnmanagedMessagesClientTests" name="UnmanagedMessagesClient_SubscribeAsync_Succeeedes" />
    </UnitTest>
    <UnitTest name="MessageClient_ConnectsSubscribesAndReceivesMessages" storage="d:\actions-runner\_work\xpco\xpco\mip\mipsdk\tst\videoos.platform.common.unittests\bin\x64\debug\net472\videoos.platform.common.tests.dll" id="369b70fb-adea-0c7a-c53f-0e4a5434b378">
      <Execution id="7237b147-9543-4d11-ae67-960ffa57a1a3" />
      <TestMethod codeBase="D:\actions-runner\_work\XPCO\XPCO\MIP\MIPSDK\tst\VideoOS.Platform.Common.UnitTests\bin\x64\Debug\net472\VideoOS.Platform.Common.Tests.dll" adapterTypeName="executor://mstestadapter/v2" className="VideoOS.Platform.Common.Tests.MessagesClient.MessageClientTests" name="MessageClient_ConnectsSubscribesAndReceivesMessages" />
    </UnitTest>
    <UnitTest name="UnmanagedMessagesClient_PublishAsyncThrowsCommunicationMipException_OnUnacknoledgedCommand" storage="d:\actions-runner\_work\xpco\xpco\mip\mipsdk\tst\videoos.platform.common.unittests\bin\x64\debug\net472\videoos.platform.common.tests.dll" id="6113d585-1c52-6ee0-8117-c47df2400b11">
      <Execution id="1f5e5a8e-07f7-402c-ab86-14f5fd94d4f0" />
      <TestMethod codeBase="D:\actions-runner\_work\XPCO\XPCO\MIP\MIPSDK\tst\VideoOS.Platform.Common.UnitTests\bin\x64\Debug\net472\VideoOS.Platform.Common.Tests.dll" adapterTypeName="executor://mstestadapter/v2" className="VideoOS.Platform.Common.Tests.MessagesClient.UnmanagedMessagesClientTests" name="UnmanagedMessagesClient_PublishAsyncThrowsCommunicationMipException_OnUnacknoledgedCommand" />
    </UnitTest>
    <UnitTest name="MessageClient_ReconnectsOnFail_WithSessionId" storage="d:\actions-runner\_work\xpco\xpco\mip\mipsdk\tst\videoos.platform.common.unittests\bin\x64\debug\net472\videoos.platform.common.tests.dll" id="53bbdfd4-a0d7-b932-63ba-34eb278b5174">
      <Execution id="e10bd91c-a836-41ed-b7f1-d8026f20c9a7" />
      <TestMethod codeBase="D:\actions-runner\_work\XPCO\XPCO\MIP\MIPSDK\tst\VideoOS.Platform.Common.UnitTests\bin\x64\Debug\net472\VideoOS.Platform.Common.Tests.dll" adapterTypeName="executor://mstestadapter/v2" className="VideoOS.Platform.Common.Tests.MessagesClient.MessageClientTests" name="MessageClient_ReconnectsOnFail_WithSessionId" />
    </UnitTest>
    <UnitTest name="UnmanagedMessagesClient_UnsubscribeAsyncThrowsArgumentNullException_WhenEmptyTopic" storage="d:\actions-runner\_work\xpco\xpco\mip\mipsdk\tst\videoos.platform.common.unittests\bin\x64\debug\net472\videoos.platform.common.tests.dll" id="d4a31fd0-d7bb-644e-ae0f-28595237d2c2">
      <Execution id="bdf7b734-e8d3-49aa-9d77-7a8ffccf2951" />
      <TestMethod codeBase="D:\actions-runner\_work\XPCO\XPCO\MIP\MIPSDK\tst\VideoOS.Platform.Common.UnitTests\bin\x64\Debug\net472\VideoOS.Platform.Common.Tests.dll" adapterTypeName="executor://mstestadapter/v2" className="VideoOS.Platform.Common.Tests.MessagesClient.UnmanagedMessagesClientTests" name="UnmanagedMessagesClient_UnsubscribeAsyncThrowsArgumentNullException_WhenEmptyTopic" />
    </UnitTest>
    <UnitTest name="MessageClient_ReconnectsOnFail_WithoutSessionId" storage="d:\actions-runner\_work\xpco\xpco\mip\mipsdk\tst\videoos.platform.common.unittests\bin\x64\debug\net472\videoos.platform.common.tests.dll" id="35dd3e81-08e9-d17b-8a33-778f4b16c0db">
      <Execution id="58475eb5-8354-4bc9-8dc4-d0f17336bea1" />
      <TestMethod codeBase="D:\actions-runner\_work\XPCO\XPCO\MIP\MIPSDK\tst\VideoOS.Platform.Common.UnitTests\bin\x64\Debug\net472\VideoOS.Platform.Common.Tests.dll" adapterTypeName="executor://mstestadapter/v2" className="VideoOS.Platform.Common.Tests.MessagesClient.MessageClientTests" name="MessageClient_ReconnectsOnFail_WithoutSessionId" />
    </UnitTest>
    <UnitTest name="UnmanagedMessagesClient_UnsubscribeAsyncThrowsCommunicationMipException_OnUnacknoledgedCommand" storage="d:\actions-runner\_work\xpco\xpco\mip\mipsdk\tst\videoos.platform.common.unittests\bin\x64\debug\net472\videoos.platform.common.tests.dll" id="7fd14a29-ca57-7558-05c9-27914b466fd4">
      <Execution id="49ec11e3-1e9a-4964-8c0c-b78febb1534d" />
      <TestMethod codeBase="D:\actions-runner\_work\XPCO\XPCO\MIP\MIPSDK\tst\VideoOS.Platform.Common.UnitTests\bin\x64\Debug\net472\VideoOS.Platform.Common.Tests.dll" adapterTypeName="executor://mstestadapter/v2" className="VideoOS.Platform.Common.Tests.MessagesClient.UnmanagedMessagesClientTests" name="UnmanagedMessagesClient_UnsubscribeAsyncThrowsCommunicationMipException_OnUnacknoledgedCommand" />
    </UnitTest>
  </TestDefinitions>
  <TestEntries>
    <TestEntry testId="0c8abb15-32af-342b-38ad-0fe9a5c21c5d" executionId="8ac52500-a654-4153-8562-76738a58e4ba" testListId="8c84fa94-04c1-424b-9868-57a2d4851a1d" />
    <TestEntry testId="9812aa59-30cc-6a30-4d77-58d7a0c7120b" executionId="6bc45dc3-cdb9-400f-9c0f-5293c02b90d7" testListId="8c84fa94-04c1-424b-9868-57a2d4851a1d" />
    <TestEntry testId="481ad207-9461-54b4-1bba-f9024d9501f6" executionId="3d674a93-0872-4ba1-9b2b-d572b0d3db3f" testListId="8c84fa94-04c1-424b-9868-57a2d4851a1d" />
    <TestEntry testId="e57fdccb-2ce2-77ef-c1eb-db1df10e4742" executionId="18eb0902-b45c-4f86-a6a7-a053fd0795bb" testListId="8c84fa94-04c1-424b-9868-57a2d4851a1d" />
    <TestEntry testId="b62116f8-b23d-e89b-a86d-2123115909d7" executionId="cd70ae5c-4938-4d37-8420-4b6c0cfa97db" testListId="8c84fa94-04c1-424b-9868-57a2d4851a1d" />
    <TestEntry testId="e3f43c17-4ef6-ef50-cf90-968950273566" executionId="056bf24f-ee41-4c2e-b349-5fb4d32923b4" testListId="8c84fa94-04c1-424b-9868-57a2d4851a1d" />
    <TestEntry testId="e2649807-37bb-a070-b4f0-e51dd597a82c" executionId="8efd7b55-1c54-4cc2-8cf4-f989256b0a3c" testListId="8c84fa94-04c1-424b-9868-57a2d4851a1d" />
    <TestEntry testId="6113d585-1c52-6ee0-8117-c47df2400b11" executionId="1f5e5a8e-07f7-402c-ab86-14f5fd94d4f0" testListId="8c84fa94-04c1-424b-9868-57a2d4851a1d" />
    <TestEntry testId="844a9fa4-118c-b932-6fa0-4c03835f9391" executionId="835c21c7-4b6d-4804-a9d1-bf7a7eea4f42" testListId="8c84fa94-04c1-424b-9868-57a2d4851a1d" />
    <TestEntry testId="369b70fb-adea-0c7a-c53f-0e4a5434b378" executionId="7237b147-9543-4d11-ae67-960ffa57a1a3" testListId="8c84fa94-04c1-424b-9868-57a2d4851a1d" />
    <TestEntry testId="0354bd2c-a3af-b7d1-6ee3-5d4076361cc9" executionId="9408c9bc-dc1f-409a-8659-3f855094a1de" testListId="8c84fa94-04c1-424b-9868-57a2d4851a1d" />
    <TestEntry testId="8f23febd-4c80-4a0b-73f8-cd4e072a3be3" executionId="760b122d-9d74-4936-ba77-fd900cc46b0e" testListId="8c84fa94-04c1-424b-9868-57a2d4851a1d" />
    <TestEntry testId="bde86493-a81b-62bb-0fb3-667dae30f73a" executionId="f711dac9-f822-4de2-a3b9-55246f95fef3" testListId="8c84fa94-04c1-424b-9868-57a2d4851a1d" />
    <TestEntry testId="ddd6506e-79b0-b218-a118-9e4bb15f5787" executionId="03d4371b-e5b9-4074-b311-16c11503e2f8" testListId="8c84fa94-04c1-424b-9868-57a2d4851a1d" />
    <TestEntry testId="61c7e091-1b3e-1a39-515c-79461bbab0f9" executionId="5003a890-4f5e-46f4-896a-1194bcf9e504" testListId="8c84fa94-04c1-424b-9868-57a2d4851a1d" />
    <TestEntry testId="f321d583-6820-e8ad-87f2-98ed884298f5" executionId="fee90eaa-5704-4f3e-a805-4ebf25fc4a75" testListId="8c84fa94-04c1-424b-9868-57a2d4851a1d" />
    <TestEntry testId="2e76a750-4ed1-5036-c84f-51bd1128499d" executionId="9dd90e63-baeb-4abe-8068-9e3d683f7abc" testListId="8c84fa94-04c1-424b-9868-57a2d4851a1d" />
    <TestEntry testId="34dd6073-72f3-7452-2410-e6841f900937" executionId="dcddbc84-530c-4e70-badf-65f99f863600" testListId="8c84fa94-04c1-424b-9868-57a2d4851a1d" />
    <TestEntry testId="35dd3e81-08e9-d17b-8a33-778f4b16c0db" executionId="58475eb5-8354-4bc9-8dc4-d0f17336bea1" testListId="8c84fa94-04c1-424b-9868-57a2d4851a1d" />
    <TestEntry testId="53bbdfd4-a0d7-b932-63ba-34eb278b5174" executionId="e10bd91c-a836-41ed-b7f1-d8026f20c9a7" testListId="8c84fa94-04c1-424b-9868-57a2d4851a1d" />
    <TestEntry testId="15cf5f1f-ab36-1240-895a-02520d6709ad" executionId="19a9ff4a-5bcf-49cc-a1e0-a4f7abaa7ffe" testListId="8c84fa94-04c1-424b-9868-57a2d4851a1d" />
    <TestEntry testId="d4a31fd0-d7bb-644e-ae0f-28595237d2c2" executionId="bdf7b734-e8d3-49aa-9d77-7a8ffccf2951" testListId="8c84fa94-04c1-424b-9868-57a2d4851a1d" />
    <TestEntry testId="146134db-aca7-0597-22bc-748555377921" executionId="e8787e52-9c5e-4bdd-a5a1-a7249d4a0f9a" testListId="8c84fa94-04c1-424b-9868-57a2d4851a1d" />
    <TestEntry testId="ba323f9b-6e86-6a0e-98bc-09de9ded2195" executionId="31bb2b2b-a7a5-4772-9cf6-0ec6a9c095ae" testListId="8c84fa94-04c1-424b-9868-57a2d4851a1d" />
    <TestEntry testId="ab926be0-7655-5fef-6b82-420cc027711b" executionId="be97ce3e-3c8f-4dc7-813d-3e306e7c62aa" testListId="8c84fa94-04c1-424b-9868-57a2d4851a1d" />
    <TestEntry testId="7fd14a29-ca57-7558-05c9-27914b466fd4" executionId="49ec11e3-1e9a-4964-8c0c-b78febb1534d" testListId="8c84fa94-04c1-424b-9868-57a2d4851a1d" />
    <TestEntry testId="7b3b8817-3629-0f9e-a5c9-7ef07eb00100" executionId="04e21773-287d-46bd-8ec7-acb5bfc3a7fc" testListId="8c84fa94-04c1-424b-9868-57a2d4851a1d" />
    <TestEntry testId="661ab82d-f2c5-1cd6-7697-2496868621ca" executionId="879f3401-de37-4c62-bbd3-664ab1e50d31" testListId="8c84fa94-04c1-424b-9868-57a2d4851a1d" />
    <TestEntry testId="a15bb082-9826-e2d8-2bbc-381a4fd3bbf1" executionId="d7786b0a-0ef2-4edc-855e-9578f0ad7c9a" testListId="8c84fa94-04c1-424b-9868-57a2d4851a1d" />
  </TestEntries>
  <TestLists>
    <TestList name="Results Not in a List" id="8c84fa94-04c1-424b-9868-57a2d4851a1d" />
    <TestList name="All Loaded Results" id="19431567-8539-422a-85d7-44ee4e166bda" />
  </TestLists>
  <ResultSummary outcome="Completed">
    <Counters total="29" executed="29" passed="29" failed="0" error="0" timeout="0" aborted="0" inconclusive="0" passedButRunAborted="0" notRunnable="0" notExecuted="0" disconnected="0" warning="0" completed="0" inProgress="0" pending="0" />
  </ResultSummary>
</TestRun>