<?xml version="1.0" encoding="utf-8"?>
<TestRun id="d4f396ca-3c10-4aa1-87e2-c33705c00314" name="DKSR-EFI-04$@DKSR-EFI-04 2023-12-22 09:34:55" runUser="NT AUTHORITY\NETWORK SERVICE" xmlns="http://microsoft.com/schemas/VisualStudio/TeamTest/2010">
  <Times creation="2023-12-22T09:34:55.8191656+01:00" queuing="2023-12-22T09:34:55.8191656+01:00" start="2023-12-22T09:34:49.0378822+01:00" finish="2023-12-22T09:34:56.1629175+01:00" />
  <TestSettings name="default" id="ea22486c-8c8e-4692-a020-ddaa7d0e08b2">
    <Deployment runDeploymentRoot="DKSR-EFI-04$_DKSR-EFI-04_2023-12-22_09_34_55" />
  </TestSettings>
  <Results>
    <UnitTestResult executionId="15db6781-f574-4573-be12-3e74f825d998" testId="30773f17-3ca4-ed4d-ef8a-bdd31dccf33b" testName="Given_ModelRepositoryWithCertificateModelExists_When_PersistingTheModelRepository_Then_TheCertificateCommandModelIsPersisted" computerName="DKSR-EFI-04" duration="00:00:01.0191095" startTime="2023-12-22T09:34:54.6941591+01:00" endTime="2023-12-22T09:34:55.7097878+01:00" testType="13cdc9d9-ddb5-4fa4-a97d-d965ccfc6d4b" outcome="Passed" testListId="8c84fa94-04c1-424b-9868-57a2d4851a1d" relativeResultsDirectory="15db6781-f574-4573-be12-3e74f825d998" />
    <UnitTestResult executionId="671ab131-e662-4410-90df-4ebe7ddf8060" testId="eaddb506-0bff-51f6-5c4e-53af78efac30" testName="Given_ModelRepositoryExists_When_AddingTheCertificateModelContainer_Then_TheCertificateCommandModelAndQueryModelCanBeFetchedFromTheRepsoitory" computerName="DKSR-EFI-04" duration="00:00:00.5308252" startTime="2023-12-22T09:34:54.0535327+01:00" endTime="2023-12-22T09:34:54.6316590+01:00" testType="13cdc9d9-ddb5-4fa4-a97d-d965ccfc6d4b" outcome="Passed" testListId="8c84fa94-04c1-424b-9868-57a2d4851a1d" relativeResultsDirectory="671ab131-e662-4410-90df-4ebe7ddf8060" />
    <UnitTestResult executionId="9c187490-c0b3-4c58-aca3-37e1ec9cc24c" testId="f74ecb80-6702-e339-6520-185df29fd81f" testName="Given_ModelRepositoryWithCertificateModelExists_When_PrepareForReebotAndResumeAfterRebootIsCalled_Then_TheRepositoryIsRestored" computerName="DKSR-EFI-04" duration="00:00:00.1063010" startTime="2023-12-22T09:34:55.7254130+01:00" endTime="2023-12-22T09:34:55.8191656+01:00" testType="13cdc9d9-ddb5-4fa4-a97d-d965ccfc6d4b" outcome="Passed" testListId="8c84fa94-04c1-424b-9868-57a2d4851a1d" relativeResultsDirectory="9c187490-c0b3-4c58-aca3-37e1ec9cc24c" />
  </Results>
  <TestDefinitions>
    <UnitTest name="Given_ModelRepositoryExists_When_AddingTheCertificateModelContainer_Then_TheCertificateCommandModelAndQueryModelCanBeFetchedFromTheRepsoitory" storage="d:\actions-runner\_work\xpco\xpco\installerframework\videoos.installer.serverconfigurator.unittests\bin\debug\videoos.installer.serverconfigurator.unittests.dll" id="eaddb506-0bff-51f6-5c4e-53af78efac30">
      <Execution id="671ab131-e662-4410-90df-4ebe7ddf8060" />
      <TestMethod codeBase="D:\actions-runner\_work\XPCO\XPCO\InstallerFramework\VideoOS.Installer.ServerConfigurator.UnitTests\bin\Debug\VideoOS.Installer.ServerConfigurator.UnitTests.dll" adapterTypeName="executor://mstestadapter/v1" className="VideoOS.Installer.ServerConfigurator.UnitTests.ModelContainerUnitTest" name="Given_ModelRepositoryExists_When_AddingTheCertificateModelContainer_Then_TheCertificateCommandModelAndQueryModelCanBeFetchedFromTheRepsoitory" />
    </UnitTest>
    <UnitTest name="Given_ModelRepositoryWithCertificateModelExists_When_PersistingTheModelRepository_Then_TheCertificateCommandModelIsPersisted" storage="d:\actions-runner\_work\xpco\xpco\installerframework\videoos.installer.serverconfigurator.unittests\bin\debug\videoos.installer.serverconfigurator.unittests.dll" id="30773f17-3ca4-ed4d-ef8a-bdd31dccf33b">
      <Execution id="15db6781-f574-4573-be12-3e74f825d998" />
      <TestMethod codeBase="D:\actions-runner\_work\XPCO\XPCO\InstallerFramework\VideoOS.Installer.ServerConfigurator.UnitTests\bin\Debug\VideoOS.Installer.ServerConfigurator.UnitTests.dll" adapterTypeName="executor://mstestadapter/v1" className="VideoOS.Installer.ServerConfigurator.UnitTests.ModelContainerUnitTest" name="Given_ModelRepositoryWithCertificateModelExists_When_PersistingTheModelRepository_Then_TheCertificateCommandModelIsPersisted" />
    </UnitTest>
    <UnitTest name="Given_ModelRepositoryWithCertificateModelExists_When_PrepareForReebotAndResumeAfterRebootIsCalled_Then_TheRepositoryIsRestored" storage="d:\actions-runner\_work\xpco\xpco\installerframework\videoos.installer.serverconfigurator.unittests\bin\debug\videoos.installer.serverconfigurator.unittests.dll" id="f74ecb80-6702-e339-6520-185df29fd81f">
      <Execution id="9c187490-c0b3-4c58-aca3-37e1ec9cc24c" />
      <TestMethod codeBase="D:\actions-runner\_work\XPCO\XPCO\InstallerFramework\VideoOS.Installer.ServerConfigurator.UnitTests\bin\Debug\VideoOS.Installer.ServerConfigurator.UnitTests.dll" adapterTypeName="executor://mstestadapter/v1" className="VideoOS.Installer.ServerConfigurator.UnitTests.ModelContainerUnitTest" name="Given_ModelRepositoryWithCertificateModelExists_When_PrepareForReebotAndResumeAfterRebootIsCalled_Then_TheRepositoryIsRestored" />
    </UnitTest>
  </TestDefinitions>
  <TestEntries>
    <TestEntry testId="30773f17-3ca4-ed4d-ef8a-bdd31dccf33b" executionId="15db6781-f574-4573-be12-3e74f825d998" testListId="8c84fa94-04c1-424b-9868-57a2d4851a1d" />
    <TestEntry testId="eaddb506-0bff-51f6-5c4e-53af78efac30" executionId="671ab131-e662-4410-90df-4ebe7ddf8060" testListId="8c84fa94-04c1-424b-9868-57a2d4851a1d" />
    <TestEntry testId="f74ecb80-6702-e339-6520-185df29fd81f" executionId="9c187490-c0b3-4c58-aca3-37e1ec9cc24c" testListId="8c84fa94-04c1-424b-9868-57a2d4851a1d" />
  </TestEntries>
  <TestLists>
    <TestList name="Results Not in a List" id="8c84fa94-04c1-424b-9868-57a2d4851a1d" />
    <TestList name="All Loaded Results" id="19431567-8539-422a-85d7-44ee4e166bda" />
  </TestLists>
  <ResultSummary outcome="Completed">
    <Counters total="3" executed="3" passed="3" failed="0" error="0" timeout="0" aborted="0" inconclusive="0" passedButRunAborted="0" notRunnable="0" notExecuted="0" disconnected="0" warning="0" completed="0" inProgress="0" pending="0" />
  </ResultSummary>
</TestRun>