<?xml version="1.0" encoding="utf-8"?>
<TestRun id="448e51ae-2a6a-4706-8e2a-6a1deee3100b" name="DKSR-EFI-04$@DKSR-EFI-04 2023-12-22 09:35:31" runUser="NT AUTHORITY\NETWORK SERVICE" xmlns="http://microsoft.com/schemas/VisualStudio/TeamTest/2010">
  <Times creation="2023-12-22T09:35:31.6318539+01:00" queuing="2023-12-22T09:35:31.6318539+01:00" start="2023-12-22T09:35:29.0068365+01:00" finish="2023-12-22T09:35:31.6787308+01:00" />
  <TestSettings name="default" id="a8188319-12da-4e73-a2dd-746164e4b8e6">
    <Deployment runDeploymentRoot="DKSR-EFI-04$_DKSR-EFI-04_2023-12-22_09_35_31" />
  </TestSettings>
  <Results>
    <UnitTestResult executionId="75094600-8011-494d-9415-5f5b9c5356f6" testId="e73904cd-2e5b-ccbd-5171-0fbe9d8c25c6" testName="Given_EndpointNotEncrypted_when_CallinApplyWithACertificate_ThePortIsBoundUsingTheCertificate" computerName="DKSR-EFI-04" duration="00:00:00.9072570" startTime="2023-12-22T09:35:29.9443420+01:00" endTime="2023-12-22T09:35:31.0537216+01:00" testType="13cdc9d9-ddb5-4fa4-a97d-d965ccfc6d4b" outcome="Passed" testListId="8c84fa94-04c1-424b-9868-57a2d4851a1d" relativeResultsDirectory="75094600-8011-494d-9415-5f5b9c5356f6" />
    <UnitTestResult executionId="3f54865b-73f2-42a6-83d4-6df27178eb7e" testId="6c99c97d-ac71-7b7d-e8b9-50cfb4607b62" testName="Given_EndpointIsEncrypted_when_CallinApplyWithSameCertificate_ThenHttpsIsEnabledHttpIsDisabled" computerName="DKSR-EFI-04" duration="00:00:00.0478669" startTime="2023-12-22T09:35:31.1162241+01:00" endTime="2023-12-22T09:35:31.1631006+01:00" testType="13cdc9d9-ddb5-4fa4-a97d-d965ccfc6d4b" outcome="Passed" testListId="8c84fa94-04c1-424b-9868-57a2d4851a1d" relativeResultsDirectory="3f54865b-73f2-42a6-83d4-6df27178eb7e" />
    <UnitTestResult executionId="5060717f-7975-4ec5-a35e-f884a3c03a3d" testId="62429aed-febe-44e7-abe6-5c09d63af9aa" testName="Given_EndpointNotEncrypted_when_CallinApplyWithNoCertificate_ThePortIsAttemptedToBeUnboundUnBound" computerName="DKSR-EFI-04" duration="00:00:00.0182281" startTime="2023-12-22T09:35:31.0849718+01:00" endTime="2023-12-22T09:35:31.1162241+01:00" testType="13cdc9d9-ddb5-4fa4-a97d-d965ccfc6d4b" outcome="Passed" testListId="8c84fa94-04c1-424b-9868-57a2d4851a1d" relativeResultsDirectory="5060717f-7975-4ec5-a35e-f884a3c03a3d" />
  </Results>
  <TestDefinitions>
    <UnitTest name="Given_EndpointIsEncrypted_when_CallinApplyWithSameCertificate_ThenHttpsIsEnabledHttpIsDisabled" storage="d:\actions-runner\_work\xpco\xpco\mobile\mobileserver\mobileserverbinaries\videoos.mobile.certificateregistration.test\bin\debug\net472\videoos.mobile.certificateregistration.test.dll" id="6c99c97d-ac71-7b7d-e8b9-50cfb4607b62">
      <Execution id="3f54865b-73f2-42a6-83d4-6df27178eb7e" />
      <TestMethod codeBase="D:\actions-runner\_work\XPCO\XPCO\Mobile\MobileServer\MobileServerBinaries\VideoOS.Mobile.CertificateRegistration.Test\bin\Debug\net472\VideoOS.Mobile.CertificateRegistration.Test.dll" adapterTypeName="executor://mstestadapter/v2" className="VideoOS.Mobile.CertificateRegistration.Test.ServerEndpointRegistrationTest" name="Given_EndpointIsEncrypted_when_CallinApplyWithSameCertificate_ThenHttpsIsEnabledHttpIsDisabled" />
    </UnitTest>
    <UnitTest name="Given_EndpointNotEncrypted_when_CallinApplyWithNoCertificate_ThePortIsAttemptedToBeUnboundUnBound" storage="d:\actions-runner\_work\xpco\xpco\mobile\mobileserver\mobileserverbinaries\videoos.mobile.certificateregistration.test\bin\debug\net472\videoos.mobile.certificateregistration.test.dll" id="62429aed-febe-44e7-abe6-5c09d63af9aa">
      <Execution id="5060717f-7975-4ec5-a35e-f884a3c03a3d" />
      <TestMethod codeBase="D:\actions-runner\_work\XPCO\XPCO\Mobile\MobileServer\MobileServerBinaries\VideoOS.Mobile.CertificateRegistration.Test\bin\Debug\net472\VideoOS.Mobile.CertificateRegistration.Test.dll" adapterTypeName="executor://mstestadapter/v2" className="VideoOS.Mobile.CertificateRegistration.Test.ServerEndpointRegistrationTest" name="Given_EndpointNotEncrypted_when_CallinApplyWithNoCertificate_ThePortIsAttemptedToBeUnboundUnBound" />
    </UnitTest>
    <UnitTest name="Given_EndpointNotEncrypted_when_CallinApplyWithACertificate_ThePortIsBoundUsingTheCertificate" storage="d:\actions-runner\_work\xpco\xpco\mobile\mobileserver\mobileserverbinaries\videoos.mobile.certificateregistration.test\bin\debug\net472\videoos.mobile.certificateregistration.test.dll" id="e73904cd-2e5b-ccbd-5171-0fbe9d8c25c6">
      <Execution id="75094600-8011-494d-9415-5f5b9c5356f6" />
      <TestMethod codeBase="D:\actions-runner\_work\XPCO\XPCO\Mobile\MobileServer\MobileServerBinaries\VideoOS.Mobile.CertificateRegistration.Test\bin\Debug\net472\VideoOS.Mobile.CertificateRegistration.Test.dll" adapterTypeName="executor://mstestadapter/v2" className="VideoOS.Mobile.CertificateRegistration.Test.ServerEndpointRegistrationTest" name="Given_EndpointNotEncrypted_when_CallinApplyWithACertificate_ThePortIsBoundUsingTheCertificate" />
    </UnitTest>
  </TestDefinitions>
  <TestEntries>
    <TestEntry testId="e73904cd-2e5b-ccbd-5171-0fbe9d8c25c6" executionId="75094600-8011-494d-9415-5f5b9c5356f6" testListId="8c84fa94-04c1-424b-9868-57a2d4851a1d" />
    <TestEntry testId="6c99c97d-ac71-7b7d-e8b9-50cfb4607b62" executionId="3f54865b-73f2-42a6-83d4-6df27178eb7e" testListId="8c84fa94-04c1-424b-9868-57a2d4851a1d" />
    <TestEntry testId="62429aed-febe-44e7-abe6-5c09d63af9aa" executionId="5060717f-7975-4ec5-a35e-f884a3c03a3d" testListId="8c84fa94-04c1-424b-9868-57a2d4851a1d" />
  </TestEntries>
  <TestLists>
    <TestList name="Results Not in a List" id="8c84fa94-04c1-424b-9868-57a2d4851a1d" />
    <TestList name="All Loaded Results" id="19431567-8539-422a-85d7-44ee4e166bda" />
  </TestLists>
  <ResultSummary outcome="Completed">
    <Counters total="3" executed="3" passed="3" failed="0" error="0" timeout="0" aborted="0" inconclusive="0" passedButRunAborted="0" notRunnable="0" notExecuted="0" disconnected="0" warning="0" completed="0" inProgress="0" pending="0" />
  </ResultSummary>
</TestRun>