<?xml version="1.0" encoding="utf-8"?>
<TestRun id="64173d69-5cdd-4a46-8f3f-2cf6781b0520" name="DKSR-EFI-04$@DKSR-EFI-04 2023-12-22 09:32:35" runUser="NT AUTHORITY\NETWORK SERVICE" xmlns="http://microsoft.com/schemas/VisualStudio/TeamTest/2010">
  <Times creation="2023-12-22T09:32:35.0684774+01:00" queuing="2023-12-22T09:32:35.0684774+01:00" start="2023-12-22T09:32:34.0215971+01:00" finish="2023-12-22T09:32:35.4278513+01:00" />
  <TestSettings name="default" id="bd8df2f8-8f9d-4d70-88e1-4ccc1c11fafa">
    <Deployment runDeploymentRoot="DKSR-EFI-04$_DKSR-EFI-04_2023-12-22_09_32_35" />
  </TestSettings>
  <Results>
    <UnitTestResult executionId="9eee33bc-4f2f-49d4-b949-043a77fc67b7" testId="0ea8c1f1-125e-e4fd-81c6-ba75165b327d" testName="MapToErrorData_ShouldMapToExpectedErrorData_ForAllKnownExceptionMessages (Token invalid,20001,2)" computerName="DKSR-EFI-04" duration="00:00:00.0000252" startTime="2023-12-22T09:32:35.0528506+01:00" endTime="2023-12-22T09:32:35.0528506+01:00" testType="13cdc9d9-ddb5-4fa4-a97d-d965ccfc6d4b" outcome="Passed" testListId="8c84fa94-04c1-424b-9868-57a2d4851a1d" relativeResultsDirectory="9eee33bc-4f2f-49d4-b949-043a77fc67b7" />
    <UnitTestResult executionId="5ad2a7b1-707f-47ac-ab44-9b84aee43617" testId="1a74203f-edc4-8f5f-edac-50b1758e0fdc" testName="MapToErrorData_ShouldMapToExpectedErrorData_ForAllKnownExceptionMessages (Parameter 'sensitivity' not specified.,40000,0)" computerName="DKSR-EFI-04" duration="00:00:00.0000169" startTime="2023-12-22T09:32:35.0841018+01:00" endTime="2023-12-22T09:32:35.0841018+01:00" testType="13cdc9d9-ddb5-4fa4-a97d-d965ccfc6d4b" outcome="Passed" testListId="8c84fa94-04c1-424b-9868-57a2d4851a1d" relativeResultsDirectory="5ad2a7b1-707f-47ac-ab44-9b84aee43617" />
    <UnitTestResult executionId="d7ed11c3-4667-4706-ad06-49df8fb3c9a9" testId="d3545af8-73c1-c374-a8ec-1d3eafe3a2a1" testName="MapToErrorData_ShouldMapToExpectedErrorData_ForAllKnownExceptionMessages (Parameter 'timeLineInformationBeginTime' not specified.,40000,0)" computerName="DKSR-EFI-04" duration="00:00:00.0000183" startTime="2023-12-22T09:32:35.0841018+01:00" endTime="2023-12-22T09:32:35.0841018+01:00" testType="13cdc9d9-ddb5-4fa4-a97d-d965ccfc6d4b" outcome="Passed" testListId="8c84fa94-04c1-424b-9868-57a2d4851a1d" relativeResultsDirectory="d7ed11c3-4667-4706-ad06-49df8fb3c9a9" />
    <UnitTestResult executionId="93a94d09-a0f4-4fa7-8050-7b5b53b49c22" testId="295b5c9c-51e7-02f9-12d0-e6e242da33d5" testName="MapToErrorData_ShouldMapToExpectedErrorData_ForAllKnownExceptionMessages (Parameter 'ptzArgs' not specified.,40000,0)" computerName="DKSR-EFI-04" duration="00:00:00.0000139" startTime="2023-12-22T09:32:35.0684774+01:00" endTime="2023-12-22T09:32:35.0684774+01:00" testType="13cdc9d9-ddb5-4fa4-a97d-d965ccfc6d4b" outcome="Passed" testListId="8c84fa94-04c1-424b-9868-57a2d4851a1d" relativeResultsDirectory="93a94d09-a0f4-4fa7-8050-7b5b53b49c22" />
    <UnitTestResult executionId="8b88119e-b784-466e-a5c8-5aaabf3c6f5a" testId="ae55695f-890f-c83f-67e2-608689c65dde" testName="MapToErrorData_ShouldMapToExpectedErrorData_ForAllKnownExceptionMessages (Parameter 'statusSessionId' not specified.,40000,0)" computerName="DKSR-EFI-04" duration="00:00:00.0000189" startTime="2023-12-22T09:32:35.0841018+01:00" endTime="2023-12-22T09:32:35.0841018+01:00" testType="13cdc9d9-ddb5-4fa4-a97d-d965ccfc6d4b" outcome="Passed" testListId="8c84fa94-04c1-424b-9868-57a2d4851a1d" relativeResultsDirectory="8b88119e-b784-466e-a5c8-5aaabf3c6f5a" />
    <UnitTestResult executionId="04dbc257-d10f-439b-b5d4-5c6f37616eca" testId="8cebbcea-e37f-ee79-2ee6-f63ab99fe3ff" testName="MapToErrorData_ShouldMapToExpectedErrorData_ForAllKnownExceptionMessages (Parameter 'searchMask' not specified.,40000,0)" computerName="DKSR-EFI-04" duration="00:00:00.0000194" startTime="2023-12-22T09:32:35.0841018+01:00" endTime="2023-12-22T09:32:35.0841018+01:00" testType="13cdc9d9-ddb5-4fa4-a97d-d965ccfc6d4b" outcome="Passed" testListId="8c84fa94-04c1-424b-9868-57a2d4851a1d" relativeResultsDirectory="04dbc257-d10f-439b-b5d4-5c6f37616eca" />
    <UnitTestResult executionId="e147fd76-3b14-4dc3-8381-01718a62b697" testId="0dcc6d3f-db9f-7a6a-40d2-7736ed6d4b9d" testName="MapToErrorData_ShouldMapToExpectedErrorData_ForAllKnownExceptionMessages (Parameter 'resultMotionMaskSize' not specified.,40000,0)" computerName="DKSR-EFI-04" duration="00:00:00.0000208" startTime="2023-12-22T09:32:35.0841018+01:00" endTime="2023-12-22T09:32:35.0841018+01:00" testType="13cdc9d9-ddb5-4fa4-a97d-d965ccfc6d4b" outcome="Passed" testListId="8c84fa94-04c1-424b-9868-57a2d4851a1d" relativeResultsDirectory="e147fd76-3b14-4dc3-8381-01718a62b697" />
    <UnitTestResult executionId="7e73d804-486a-4c6c-9da3-853a8dc51933" testId="e247e266-501e-90c6-c043-753ae0950fd1" testName="MapToErrorData_ShouldMapToExpectedErrorData_ForAllKnownExceptionMessages (Parameter 'maxCountAfter' not specified.,40000,0)" computerName="DKSR-EFI-04" duration="00:00:00.0000216" startTime="2023-12-22T09:32:35.0841018+01:00" endTime="2023-12-22T09:32:35.0841018+01:00" testType="13cdc9d9-ddb5-4fa4-a97d-d965ccfc6d4b" outcome="Passed" testListId="8c84fa94-04c1-424b-9868-57a2d4851a1d" relativeResultsDirectory="7e73d804-486a-4c6c-9da3-853a8dc51933" />
    <UnitTestResult executionId="d0f85137-a2d1-4181-8fb7-3ddbcd24e06f" testId="da2e64d0-07af-bde3-2302-bf64cdb3a322" testName="MapToErrorData_ShouldMapToExpectedErrorData_ForAllKnownExceptionMessages (No response,40000,0)" computerName="DKSR-EFI-04" duration="00:00:00.0000127" startTime="2023-12-22T09:32:35.0841018+01:00" endTime="2023-12-22T09:32:35.0841018+01:00" testType="13cdc9d9-ddb5-4fa4-a97d-d965ccfc6d4b" outcome="Passed" testListId="8c84fa94-04c1-424b-9868-57a2d4851a1d" relativeResultsDirectory="d0f85137-a2d1-4181-8fb7-3ddbcd24e06f" />
    <UnitTestResult executionId="01c9f1a6-b21f-4509-8ce6-7ae115484d9c" testId="172200d1-41c8-c116-53fd-579deb4ba039" testName="MapToErrorData_ShouldMapToExpectedErrorData_ForAllKnownExceptionMessages (Request skipped - too many requests in queue,40295,21)" computerName="DKSR-EFI-04" duration="00:00:00.0000084" startTime="2023-12-22T09:32:35.0684774+01:00" endTime="2023-12-22T09:32:35.0684774+01:00" testType="13cdc9d9-ddb5-4fa4-a97d-d965ccfc6d4b" outcome="Passed" testListId="8c84fa94-04c1-424b-9868-57a2d4851a1d" relativeResultsDirectory="01c9f1a6-b21f-4509-8ce6-7ae115484d9c" />
    <UnitTestResult executionId="b889d973-408d-4aac-9e42-98ac6afd359c" testId="241424a0-5b70-4f7a-46d8-9aefc41689fb" testName="MapToErrorData_ShouldMapToExpectedErrorData_ForAllKnownExceptionMessages (Cannot resume patrolling when not paused, deviceId=AACBA580-2202-4D25-9E27-2B193F56DEE9,40295,41)" computerName="DKSR-EFI-04" duration="00:00:00.0000101" startTime="2023-12-22T09:32:35.0684774+01:00" endTime="2023-12-22T09:32:35.0684774+01:00" testType="13cdc9d9-ddb5-4fa4-a97d-d965ccfc6d4b" outcome="Passed" testListId="8c84fa94-04c1-424b-9868-57a2d4851a1d" relativeResultsDirectory="b889d973-408d-4aac-9e42-98ac6afd359c" />
    <UnitTestResult executionId="98610a8a-b749-4888-ac21-07925ff834f3" testId="576db89d-9e4e-f54b-0485-3e8451bbf745" testName="MapToErrorData_ShouldMapToExpectedErrorData_ForAllKnownExceptionMessages (Cannot release patrolling session.,40295,42)" computerName="DKSR-EFI-04" duration="00:00:00.0000110" startTime="2023-12-22T09:32:35.0684774+01:00" endTime="2023-12-22T09:32:35.0684774+01:00" testType="13cdc9d9-ddb5-4fa4-a97d-d965ccfc6d4b" outcome="Passed" testListId="8c84fa94-04c1-424b-9868-57a2d4851a1d" relativeResultsDirectory="98610a8a-b749-4888-ac21-07925ff834f3" />
    <UnitTestResult executionId="1b93e6ac-e644-4d56-a27a-4fd2cb6eeda2" testId="22c6193f-fa6b-3dd2-48f8-103f19932add" testName="MapToErrorData_ShouldMapToExpectedErrorData_ForAllKnownExceptionMessages (Cannot pause a session which is not running.,40295,33)" computerName="DKSR-EFI-04" duration="00:00:00.0000085" startTime="2023-12-22T09:32:35.0684774+01:00" endTime="2023-12-22T09:32:35.0684774+01:00" testType="13cdc9d9-ddb5-4fa4-a97d-d965ccfc6d4b" outcome="Passed" testListId="8c84fa94-04c1-424b-9868-57a2d4851a1d" relativeResultsDirectory="1b93e6ac-e644-4d56-a27a-4fd2cb6eeda2" />
    <UnitTestResult executionId="ef89b3ad-e4dd-4a44-a5a7-15bae157aba0" testId="51a9b75e-dd78-20ee-44b6-a81133cd511c" testName="MapToErrorData_ShouldMapToExpectedErrorData_ForAllKnownExceptionMessages (Invalid format. Value 'MicroSeconds' not as a integer for 'duration' parameter.,40000,0)" computerName="DKSR-EFI-04" duration="00:00:00.0000134" startTime="2023-12-22T09:32:35.0841018+01:00" endTime="2023-12-22T09:32:35.0841018+01:00" testType="13cdc9d9-ddb5-4fa4-a97d-d965ccfc6d4b" outcome="Passed" testListId="8c84fa94-04c1-424b-9868-57a2d4851a1d" relativeResultsDirectory="ef89b3ad-e4dd-4a44-a5a7-15bae157aba0" />
    <UnitTestResult executionId="2c196930-d141-42b7-95cc-ca1deab87820" testId="79d01b25-66f4-d649-b353-4b10ed1f4ba5" testName="MapToErrorData_ShouldMapToExpectedErrorData_ForAllKnownExceptionMessages (Parameter 'presetName' not specified.,40000,0)" computerName="DKSR-EFI-04" duration="00:00:00.0000167" startTime="2023-12-22T09:32:35.0684774+01:00" endTime="2023-12-22T09:32:35.0684774+01:00" testType="13cdc9d9-ddb5-4fa4-a97d-d965ccfc6d4b" outcome="Passed" testListId="8c84fa94-04c1-424b-9868-57a2d4851a1d" relativeResultsDirectory="2c196930-d141-42b7-95cc-ca1deab87820" />
    <UnitTestResult executionId="41ffa7c1-af5f-4d14-87bd-f60c9430d4dc" testId="c58af070-d07e-9e95-d58c-4c938f189840" testName="MapToErrorData_ShouldMapToExpectedErrorData_ForAllKnownExceptionMessages (Content-Length is not valid,10000,0)" computerName="DKSR-EFI-04" duration="00:00:00.0000285" startTime="2023-12-22T09:32:35.0997269+01:00" endTime="2023-12-22T09:32:35.0997269+01:00" testType="13cdc9d9-ddb5-4fa4-a97d-d965ccfc6d4b" outcome="Passed" testListId="8c84fa94-04c1-424b-9868-57a2d4851a1d" relativeResultsDirectory="41ffa7c1-af5f-4d14-87bd-f60c9430d4dc" />
    <UnitTestResult executionId="587b400b-0d5e-437e-aea5-579670473b59" testId="b92a2ba1-e1a6-e50e-91ed-d9fb35b24c13" testName="MapToErrorData_ShouldMapToExpectedErrorData_ForAllKnownExceptionMessages (Parameter 'patrollingSchemaId' not specified.,40000,0)" computerName="DKSR-EFI-04" duration="00:00:00.0000128" startTime="2023-12-22T09:32:35.0684774+01:00" endTime="2023-12-22T09:32:35.0684774+01:00" testType="13cdc9d9-ddb5-4fa4-a97d-d965ccfc6d4b" outcome="Passed" testListId="8c84fa94-04c1-424b-9868-57a2d4851a1d" relativeResultsDirectory="587b400b-0d5e-437e-aea5-579670473b59" />
    <UnitTestResult executionId="15eb7f79-7919-40d8-a1cc-81097e0bc1d2" testId="1eb3a396-5256-27b0-5742-cacc5acdfce3" testName="MapToErrorData_ShouldMapToExpectedErrorData_ForAllKnownExceptionMessages (Parameter 'minTime' not specified.,40000,0)" computerName="DKSR-EFI-04" duration="00:00:00.0000182" startTime="2023-12-22T09:32:35.0841018+01:00" endTime="2023-12-22T09:32:35.0841018+01:00" testType="13cdc9d9-ddb5-4fa4-a97d-d965ccfc6d4b" outcome="Passed" testListId="8c84fa94-04c1-424b-9868-57a2d4851a1d" relativeResultsDirectory="15eb7f79-7919-40d8-a1cc-81097e0bc1d2" />
    <UnitTestResult executionId="54a5b2d2-a3ae-412b-9dbf-ee56b29a622f" testId="9280b064-d4af-dea4-5a19-27bf48d3dc74" testName="MapToErrorData_ShouldMapToExpectedErrorData_ForAllKnownExceptionMessages (Request rejected, request priority (1) lower than current patrolling priority (2).,40295,43)" computerName="DKSR-EFI-04" duration="00:00:00.0000103" startTime="2023-12-22T09:32:35.0684774+01:00" endTime="2023-12-22T09:32:35.0684774+01:00" testType="13cdc9d9-ddb5-4fa4-a97d-d965ccfc6d4b" outcome="Passed" testListId="8c84fa94-04c1-424b-9868-57a2d4851a1d" relativeResultsDirectory="54a5b2d2-a3ae-412b-9dbf-ee56b29a622f" />
    <UnitTestResult executionId="0256ea89-d2dd-4408-9cb8-f18c7e971d6b" testId="4d848df5-18de-13ce-9dab-12001bd5ce05" testName="MapToErrorData_ShouldMapToExpectedErrorData_ForAllKnownExceptionMessages (Request rejected, request priority (2) equal to current patrolling priority (2).,40295,43)" computerName="DKSR-EFI-04" duration="00:00:00.0000104" startTime="2023-12-22T09:32:35.0684774+01:00" endTime="2023-12-22T09:32:35.0684774+01:00" testType="13cdc9d9-ddb5-4fa4-a97d-d965ccfc6d4b" outcome="Passed" testListId="8c84fa94-04c1-424b-9868-57a2d4851a1d" relativeResultsDirectory="0256ea89-d2dd-4408-9cb8-f18c7e971d6b" />
    <UnitTestResult executionId="4f8eca39-47cb-4f7c-b756-473cf4a226fa" testId="64215c8b-534d-afc2-4b86-be52a4466b0c" testName="MapToErrorData_ShouldMapToExpectedErrorData_ForAllKnownExceptionMessages (Invalid format. Value 'MicroSeconds' not specified for 'duration' parameter.,40000,0)" computerName="DKSR-EFI-04" duration="00:00:00.0000139" startTime="2023-12-22T09:32:35.0841018+01:00" endTime="2023-12-22T09:32:35.0841018+01:00" testType="13cdc9d9-ddb5-4fa4-a97d-d965ccfc6d4b" outcome="Passed" testListId="8c84fa94-04c1-424b-9868-57a2d4851a1d" relativeResultsDirectory="4f8eca39-47cb-4f7c-b756-473cf4a226fa" />
    <UnitTestResult executionId="d125d35c-d3ad-4dde-92d8-ab5c6b7e1d4b" testId="424f4c69-d179-070c-3ab3-f54f84071324" testName="MapToErrorData_ShouldMapToExpectedErrorData_ForAllKnownExceptionMessages (Request rejected, current active ptz session is exclusive,40295,80)" computerName="DKSR-EFI-04" duration="00:00:00.0000112" startTime="2023-12-22T09:32:35.0684774+01:00" endTime="2023-12-22T09:32:35.0684774+01:00" testType="13cdc9d9-ddb5-4fa4-a97d-d965ccfc6d4b" outcome="Passed" testListId="8c84fa94-04c1-424b-9868-57a2d4851a1d" relativeResultsDirectory="d125d35c-d3ad-4dde-92d8-ab5c6b7e1d4b" />
    <UnitTestResult executionId="5e7b5818-0d87-4c00-b626-3cad6e4b4722" testId="65e1ed65-c516-d934-ec2a-4d199e8e08f1" testName="MapToErrorData_ShouldMapToExpectedErrorData_ForAllKnownExceptionMessages (Patrolling session has not been started.,40295,40)" computerName="DKSR-EFI-04" duration="00:00:00.0000094" startTime="2023-12-22T09:32:35.0684774+01:00" endTime="2023-12-22T09:32:35.0684774+01:00" testType="13cdc9d9-ddb5-4fa4-a97d-d965ccfc6d4b" outcome="Passed" testListId="8c84fa94-04c1-424b-9868-57a2d4851a1d" relativeResultsDirectory="5e7b5818-0d87-4c00-b626-3cad6e4b4722" />
    <UnitTestResult executionId="bec29a4e-adaa-46c7-af2f-beb95f04ae19" testId="9dfe0b87-3e9a-69a8-f994-a93ddfa4437c" testName="MapToErrorData_ShouldMapToExpectedErrorData_ForAllKnownExceptionMessages (Parameter 'centerY' not specified.,40000,0)" computerName="DKSR-EFI-04" duration="00:00:00.0000137" startTime="2023-12-22T09:32:35.0684774+01:00" endTime="2023-12-22T09:32:35.0684774+01:00" testType="13cdc9d9-ddb5-4fa4-a97d-d965ccfc6d4b" outcome="Passed" testListId="8c84fa94-04c1-424b-9868-57a2d4851a1d" relativeResultsDirectory="bec29a4e-adaa-46c7-af2f-beb95f04ae19" />
    <UnitTestResult executionId="8c34de06-b978-4561-ab27-96688362c4dd" testId="1a27ff51-14a0-8c6b-edc4-a64d19bf0936" testName="MapToErrorData_ShouldMapToExpectedErrorData_ForAllKnownExceptionMessages (Parameter 'timeLineInformationCount' &lt;= 0.,40000,0)" computerName="DKSR-EFI-04" duration="00:00:00.0000182" startTime="2023-12-22T09:32:35.0841018+01:00" endTime="2023-12-22T09:32:35.0841018+01:00" testType="13cdc9d9-ddb5-4fa4-a97d-d965ccfc6d4b" outcome="Passed" testListId="8c84fa94-04c1-424b-9868-57a2d4851a1d" relativeResultsDirectory="8c34de06-b978-4561-ab27-96688362c4dd" />
    <UnitTestResult executionId="e1825853-5e9f-47a7-a6cd-77b1216aef41" testId="920d91ee-8977-3219-1b05-172389cf2f52" testName="MapToErrorData_ShouldMapToExpectedErrorData_ForAllKnownExceptionMessages ('searchMask' parameters does not match 64x64 grid: 4, 4,40000,0)" computerName="DKSR-EFI-04" duration="00:00:00.0000217" startTime="2023-12-22T09:32:35.0997269+01:00" endTime="2023-12-22T09:32:35.0997269+01:00" testType="13cdc9d9-ddb5-4fa4-a97d-d965ccfc6d4b" outcome="Passed" testListId="8c84fa94-04c1-424b-9868-57a2d4851a1d" relativeResultsDirectory="e1825853-5e9f-47a7-a6cd-77b1216aef41" />
    <UnitTestResult executionId="2fb7463f-7611-4c04-963e-ee0c2ab2fe57" testId="59a12284-4e9a-63e6-7529-f2a301ae1764" testName="MapToErrorData_ShouldMapToExpectedErrorData_ForAllKnownExceptionMessages (Version mismatch,10001,0)" computerName="DKSR-EFI-04" duration="00:00:00.0004387" startTime="2023-12-22T09:32:35.0997269+01:00" endTime="2023-12-22T09:32:35.0997269+01:00" testType="13cdc9d9-ddb5-4fa4-a97d-d965ccfc6d4b" outcome="Passed" testListId="8c84fa94-04c1-424b-9868-57a2d4851a1d" relativeResultsDirectory="2fb7463f-7611-4c04-963e-ee0c2ab2fe57" />
    <UnitTestResult executionId="4e1e43a3-2293-4347-aa92-f4056ecb9d89" testId="bdd220b6-f97c-d729-b9b6-12fc30d59eb6" testName="MapToErrorData_ShouldMapToExpectedErrorData_ForAllKnownExceptionMessages (Parameter 'left' not specified.,40000,0)" computerName="DKSR-EFI-04" duration="00:00:00.0000143" startTime="2023-12-22T09:32:35.0684774+01:00" endTime="2023-12-22T09:32:35.0684774+01:00" testType="13cdc9d9-ddb5-4fa4-a97d-d965ccfc6d4b" outcome="Passed" testListId="8c84fa94-04c1-424b-9868-57a2d4851a1d" relativeResultsDirectory="4e1e43a3-2293-4347-aa92-f4056ecb9d89" />
    <UnitTestResult executionId="704be1ef-c847-471b-a9d0-ab4d7e1c256a" testId="35d2db73-838a-4679-31e0-b3b8a5bf158b" testName="MapToErrorData_ShouldMapToExpectedErrorData_ForAllKnownExceptionMessages (Unable to get Ptz priority,40000,0)" computerName="DKSR-EFI-04" duration="00:00:00.0000141" startTime="2023-12-22T09:32:35.0841018+01:00" endTime="2023-12-22T09:32:35.0841018+01:00" testType="13cdc9d9-ddb5-4fa4-a97d-d965ccfc6d4b" outcome="Passed" testListId="8c84fa94-04c1-424b-9868-57a2d4851a1d" relativeResultsDirectory="704be1ef-c847-471b-a9d0-ab4d7e1c256a" />
    <UnitTestResult executionId="75185bde-f4a1-4f79-81ec-5e3993eabe90" testId="915e587d-8f0f-190e-8430-9f8b18a5f74c" testName="MapToErrorData_ShouldMapToExpectedErrorData_ForAllKnownExceptionMessages (Export of JPEG not allowed(restricted media or dataSecurityExtension),40000,0)" computerName="DKSR-EFI-04" duration="00:00:00.0000121" startTime="2023-12-22T09:32:35.0841018+01:00" endTime="2023-12-22T09:32:35.0841018+01:00" testType="13cdc9d9-ddb5-4fa4-a97d-d965ccfc6d4b" outcome="Passed" testListId="8c84fa94-04c1-424b-9868-57a2d4851a1d" relativeResultsDirectory="75185bde-f4a1-4f79-81ec-5e3993eabe90" />
    <UnitTestResult executionId="385ed523-6725-45d0-aaa3-df35ab39c1c5" testId="1c563eee-ea87-f8a5-f58c-30288f22e43f" testName="MapToErrorData_ShouldMapToExpectedErrorData_ForAllKnownExceptionMessages (Parameter 'deviceIds' not specified.,40000,0)" computerName="DKSR-EFI-04" duration="00:00:00.0000186" startTime="2023-12-22T09:32:35.0841018+01:00" endTime="2023-12-22T09:32:35.0841018+01:00" testType="13cdc9d9-ddb5-4fa4-a97d-d965ccfc6d4b" outcome="Passed" testListId="8c84fa94-04c1-424b-9868-57a2d4851a1d" relativeResultsDirectory="385ed523-6725-45d0-aaa3-df35ab39c1c5" />
    <UnitTestResult executionId="06ef0769-f5c7-42ac-9333-e8b55da41bd9" testId="25bff253-f84a-eeff-b6ec-74af700cd0bb" testName="MapToErrorData_ShouldMapToExpectedErrorData_ForAllKnownExceptionMessages (Parameter 'bottom' not a double.,40000,0)" computerName="DKSR-EFI-04" duration="00:00:00.0000152" startTime="2023-12-22T09:32:35.0684774+01:00" endTime="2023-12-22T09:32:35.0684774+01:00" testType="13cdc9d9-ddb5-4fa4-a97d-d965ccfc6d4b" outcome="Passed" testListId="8c84fa94-04c1-424b-9868-57a2d4851a1d" relativeResultsDirectory="06ef0769-f5c7-42ac-9333-e8b55da41bd9" />
    <UnitTestResult executionId="1b7f65d1-17e1-4eda-b979-cc37fce88291" testId="bd204008-9037-1a9e-afde-169812f51ba5" testName="MapToErrorData_ShouldMapToExpectedErrorData_ForAllKnownExceptionMessages (No token supplied,20001,1)" computerName="DKSR-EFI-04" duration="00:00:00.2523037" startTime="2023-12-22T09:32:34.7090992+01:00" endTime="2023-12-22T09:32:35.0372267+01:00" testType="13cdc9d9-ddb5-4fa4-a97d-d965ccfc6d4b" outcome="Passed" testListId="8c84fa94-04c1-424b-9868-57a2d4851a1d" relativeResultsDirectory="1b7f65d1-17e1-4eda-b979-cc37fce88291" />
    <UnitTestResult executionId="886b3eba-a0ee-440a-a6cf-0b0cb587aebf" testId="90ebc816-78b5-f1e7-e5ea-5b48261e88f5" testName="MapToErrorData_ShouldMapToExpectedErrorData_ForAllKnownExceptionMessages (PresetGetList not allowed,40000,0)" computerName="DKSR-EFI-04" duration="00:00:00.0000118" startTime="2023-12-22T09:32:35.0841018+01:00" endTime="2023-12-22T09:32:35.0841018+01:00" testType="13cdc9d9-ddb5-4fa4-a97d-d965ccfc6d4b" outcome="Passed" testListId="8c84fa94-04c1-424b-9868-57a2d4851a1d" relativeResultsDirectory="886b3eba-a0ee-440a-a6cf-0b0cb587aebf" />
    <UnitTestResult executionId="816ef377-6e3f-45c8-8b4b-a249eb5bd375" testId="dc975a57-f024-2cf0-d923-dd5b1ce7ed63" testName="MapToErrorData_ShouldMapToExpectedErrorData_ForAllKnownExceptionMessages (Parameter 'sequenceType' not specified.,40000,0)" computerName="DKSR-EFI-04" duration="00:00:00.0000174" startTime="2023-12-22T09:32:35.0684774+01:00" endTime="2023-12-22T09:32:35.0841018+01:00" testType="13cdc9d9-ddb5-4fa4-a97d-d965ccfc6d4b" outcome="Passed" testListId="8c84fa94-04c1-424b-9868-57a2d4851a1d" relativeResultsDirectory="816ef377-6e3f-45c8-8b4b-a249eb5bd375" />
    <UnitTestResult executionId="6df77d90-493b-4d5f-b221-965f50ea4a9d" testId="4bbd5f1c-4278-16ef-90d8-37ebb05b89f5" testName="MapToErrorData_ShouldMapToExpectedErrorData_ForAllKnownExceptionMessages (Invalid soap message,10002,0)" computerName="DKSR-EFI-04" duration="00:00:00.0000283" startTime="2023-12-22T09:32:35.0997269+01:00" endTime="2023-12-22T09:32:35.0997269+01:00" testType="13cdc9d9-ddb5-4fa4-a97d-d965ccfc6d4b" outcome="Passed" testListId="8c84fa94-04c1-424b-9868-57a2d4851a1d" relativeResultsDirectory="6df77d90-493b-4d5f-b221-965f50ea4a9d" />
    <UnitTestResult executionId="f9fc8028-257d-436c-b38b-5bca59215655" testId="91dcd39d-dd7e-a978-6202-7912368d4b45" testName="MapToErrorData_ShouldMapToExpectedErrorData_ForAllKnownExceptionMessages (Insufficient user rights to access Status API,40000,0)" computerName="DKSR-EFI-04" duration="00:00:00.0000264" startTime="2023-12-22T09:32:35.0997269+01:00" endTime="2023-12-22T09:32:35.0997269+01:00" testType="13cdc9d9-ddb5-4fa4-a97d-d965ccfc6d4b" outcome="Passed" testListId="8c84fa94-04c1-424b-9868-57a2d4851a1d" relativeResultsDirectory="f9fc8028-257d-436c-b38b-5bca59215655" />
    <UnitTestResult executionId="c839780d-4e64-4541-bf02-a8e7f10dfe45" testId="cdd8338a-8f64-2b0d-80b8-d04a876f0ab6" testName="MapToErrorData_ShouldMapToExpectedErrorData_ForAllKnownExceptionMessages (Output Activate not allowed,40000,0)" computerName="DKSR-EFI-04" duration="00:00:00.0000115" startTime="2023-12-22T09:32:35.0841018+01:00" endTime="2023-12-22T09:32:35.0841018+01:00" testType="13cdc9d9-ddb5-4fa4-a97d-d965ccfc6d4b" outcome="Passed" testListId="8c84fa94-04c1-424b-9868-57a2d4851a1d" relativeResultsDirectory="c839780d-4e64-4541-bf02-a8e7f10dfe45" />
    <UnitTestResult executionId="eea5dfc3-8663-4f60-a44d-176f28747fa6" testId="5bdb8045-eb54-b7d5-a8ab-5f996880126d" testName="MapToErrorData_ShouldMapToExpectedErrorData_ForAllKnownExceptionMessages (Error processing message,10000,0)" computerName="DKSR-EFI-04" duration="00:00:00.0002427" startTime="2023-12-22T09:32:35.0997269+01:00" endTime="2023-12-22T09:32:35.0997269+01:00" testType="13cdc9d9-ddb5-4fa4-a97d-d965ccfc6d4b" outcome="Passed" testListId="8c84fa94-04c1-424b-9868-57a2d4851a1d" relativeResultsDirectory="eea5dfc3-8663-4f60-a44d-176f28747fa6" />
    <UnitTestResult executionId="cf4fe289-2f93-4864-afbd-ec2bf6ee5280" testId="1d045e11-1061-435a-e2b7-a2845f1dffd0" testName="MapToErrorData_ShouldMapToExpectedErrorData_ForAllKnownExceptionMessages (Ptz device request failed,40295,0)" computerName="DKSR-EFI-04" duration="00:00:00.0004141" startTime="2023-12-22T09:32:35.0528506+01:00" endTime="2023-12-22T09:32:35.0528506+01:00" testType="13cdc9d9-ddb5-4fa4-a97d-d965ccfc6d4b" outcome="Passed" testListId="8c84fa94-04c1-424b-9868-57a2d4851a1d" relativeResultsDirectory="cf4fe289-2f93-4864-afbd-ec2bf6ee5280" />
    <UnitTestResult executionId="ba577980-3d23-4697-9274-7b0650a59ebd" testId="0059003f-fecd-45c7-015c-ea73a5f6a26d" testName="MapToErrorData_ShouldMapToExpectedErrorData_ForAllKnownExceptionMessages (Parameter 'top' not specified.,40000,0)" computerName="DKSR-EFI-04" duration="00:00:00.0000158" startTime="2023-12-22T09:32:35.0684774+01:00" endTime="2023-12-22T09:32:35.0684774+01:00" testType="13cdc9d9-ddb5-4fa4-a97d-d965ccfc6d4b" outcome="Passed" testListId="8c84fa94-04c1-424b-9868-57a2d4851a1d" relativeResultsDirectory="ba577980-3d23-4697-9274-7b0650a59ebd" />
    <UnitTestResult executionId="7c960369-8fe7-468c-ac27-114ccbcf16d4" testId="bd82382e-5faa-9d67-ea6a-7c77cc294053" testName="MapToErrorData_ShouldMapToExpectedErrorData_ForAllKnownExceptionMessages (Send driver command not allowed,40000,0)" computerName="DKSR-EFI-04" duration="00:00:00.0000147" startTime="2023-12-22T09:32:35.0841018+01:00" endTime="2023-12-22T09:32:35.0841018+01:00" testType="13cdc9d9-ddb5-4fa4-a97d-d965ccfc6d4b" outcome="Passed" testListId="8c84fa94-04c1-424b-9868-57a2d4851a1d" relativeResultsDirectory="7c960369-8fe7-468c-ac27-114ccbcf16d4" />
    <UnitTestResult executionId="4466bd67-7adc-4796-9997-ea3fed1fc061" testId="aeb4bb50-0071-ea1c-74ca-2656e55d006c" testName="MapToErrorData_ShouldMapToExpectedErrorData_ForAllKnownExceptionMessages (Get timeline information not allowed,40000,0)" computerName="DKSR-EFI-04" duration="00:00:00.0000290" startTime="2023-12-22T09:32:35.0997269+01:00" endTime="2023-12-22T09:32:35.0997269+01:00" testType="13cdc9d9-ddb5-4fa4-a97d-d965ccfc6d4b" outcome="Passed" testListId="8c84fa94-04c1-424b-9868-57a2d4851a1d" relativeResultsDirectory="4466bd67-7adc-4796-9997-ea3fed1fc061" />
    <UnitTestResult executionId="9544b162-ff75-48cc-942c-3251614f500e" testId="9b2791c0-dcae-133d-0e0c-d44992443afd" testName="MapToErrorData_ShouldMapToExpectedErrorData_ForAllKnownExceptionMessages (Parameter 'bottom' not specified.,40000,0)" computerName="DKSR-EFI-04" duration="00:00:00.0000155" startTime="2023-12-22T09:32:35.0684774+01:00" endTime="2023-12-22T09:32:35.0684774+01:00" testType="13cdc9d9-ddb5-4fa4-a97d-d965ccfc6d4b" outcome="Passed" testListId="8c84fa94-04c1-424b-9868-57a2d4851a1d" relativeResultsDirectory="9544b162-ff75-48cc-942c-3251614f500e" />
    <UnitTestResult executionId="82b7898c-ea9b-4498-acdb-96681597ac43" testId="a3bf3d94-4ed7-1750-90e5-f1546c2405da" testName="MapToErrorData_ShouldMapToExpectedErrorData_ForAllKnownExceptionMessages (Parameter 'deviceId' not specified.,40000,0)" computerName="DKSR-EFI-04" duration="00:00:00.0000162" startTime="2023-12-22T09:32:35.0684774+01:00" endTime="2023-12-22T09:32:35.0684774+01:00" testType="13cdc9d9-ddb5-4fa4-a97d-d965ccfc6d4b" outcome="Passed" testListId="8c84fa94-04c1-424b-9868-57a2d4851a1d" relativeResultsDirectory="82b7898c-ea9b-4498-acdb-96681597ac43" />
    <UnitTestResult executionId="4f12beee-eadd-4027-881c-cab59ceaf804" testId="7de31e4f-524d-563e-c980-d3f3b5e0c02a" testName="MapToErrorData_ShouldMapToExpectedErrorData_ForAllKnownExceptionMessages (PresetSet is not supported,40000,0)" computerName="DKSR-EFI-04" duration="00:00:00.0003788" startTime="2023-12-22T09:32:35.0684774+01:00" endTime="2023-12-22T09:32:35.0684774+01:00" testType="13cdc9d9-ddb5-4fa4-a97d-d965ccfc6d4b" outcome="Passed" testListId="8c84fa94-04c1-424b-9868-57a2d4851a1d" relativeResultsDirectory="4f12beee-eadd-4027-881c-cab59ceaf804" />
    <UnitTestResult executionId="28cd4b84-2ad1-430d-aae6-e08a6ead61de" testId="c8f1813f-23b4-fee2-18e1-c289bafabb7e" testName="MapToErrorData_ShouldMapToExpectedErrorData_ForAllKnownExceptionMessages (Device is not started,40295,2)" computerName="DKSR-EFI-04" duration="00:00:00.0000095" startTime="2023-12-22T09:32:35.0528506+01:00" endTime="2023-12-22T09:32:35.0528506+01:00" testType="13cdc9d9-ddb5-4fa4-a97d-d965ccfc6d4b" outcome="Passed" testListId="8c84fa94-04c1-424b-9868-57a2d4851a1d" relativeResultsDirectory="28cd4b84-2ad1-430d-aae6-e08a6ead61de" />
    <UnitTestResult executionId="6470f4ce-7ac2-4717-9824-94060ccba197" testId="0eb433f0-d269-14d0-6aaa-7c45d4c8694e" testName="MapToErrorData_ShouldMapToExpectedErrorData_ForAllKnownExceptionMessages (Parameter 'command' not specified.,40000,0)" computerName="DKSR-EFI-04" duration="00:00:00.0000168" startTime="2023-12-22T09:32:35.0684774+01:00" endTime="2023-12-22T09:32:35.0684774+01:00" testType="13cdc9d9-ddb5-4fa4-a97d-d965ccfc6d4b" outcome="Passed" testListId="8c84fa94-04c1-424b-9868-57a2d4851a1d" relativeResultsDirectory="6470f4ce-7ac2-4717-9824-94060ccba197" />
    <UnitTestResult executionId="8f90b4ae-e04d-4a0d-bea4-7fc983ca6703" testId="4ba9662d-e957-b78d-096a-9e6f10392a1d" testName="MapToErrorData_ShouldMapToExpectedErrorData_ForAllKnownExceptionMessages (Execute request on non-active session is not allowed,40295,31)" computerName="DKSR-EFI-04" duration="00:00:00.0000097" startTime="2023-12-22T09:32:35.0684774+01:00" endTime="2023-12-22T09:32:35.0684774+01:00" testType="13cdc9d9-ddb5-4fa4-a97d-d965ccfc6d4b" outcome="Passed" testListId="8c84fa94-04c1-424b-9868-57a2d4851a1d" relativeResultsDirectory="8f90b4ae-e04d-4a0d-bea4-7fc983ca6703" />
    <UnitTestResult executionId="2bd8cd45-b208-4eee-a856-9a283e8017f1" testId="47a84cb6-b4e8-aeb0-64fc-4d834f10f86d" testName="MapToErrorData_ShouldMapToExpectedErrorData_ForAllKnownExceptionMessages (Unknown session used for Multicast Continue: AACBA580-2202-4D25-9E27-2B193F56DEE9,40000,0)" computerName="DKSR-EFI-04" duration="00:00:00.0000264" startTime="2023-12-22T09:32:35.0997269+01:00" endTime="2023-12-22T09:32:35.0997269+01:00" testType="13cdc9d9-ddb5-4fa4-a97d-d965ccfc6d4b" outcome="Passed" testListId="8c84fa94-04c1-424b-9868-57a2d4851a1d" relativeResultsDirectory="2bd8cd45-b208-4eee-a856-9a283e8017f1" />
    <UnitTestResult executionId="eb6100be-5020-46b8-83c2-e83691e46ee9" testId="5b36286e-511e-b92e-c691-7507e5edcbd9" testName="MapToErrorData_ShouldMapToExpectedErrorData_ForAllKnownExceptionMessages (Device not ready, device Id =AACBA580-2202-4D25-9E27-2B193F56DEE9,40295,2)" computerName="DKSR-EFI-04" duration="00:00:00.0000103" startTime="2023-12-22T09:32:35.0528506+01:00" endTime="2023-12-22T09:32:35.0528506+01:00" testType="13cdc9d9-ddb5-4fa4-a97d-d965ccfc6d4b" outcome="Passed" testListId="8c84fa94-04c1-424b-9868-57a2d4851a1d" relativeResultsDirectory="eb6100be-5020-46b8-83c2-e83691e46ee9" />
    <UnitTestResult executionId="859068b8-c4d4-4b2f-8ef1-208aa1006da2" testId="0bcb192c-3422-b67d-333d-4149b944fb7f" testName="MapToErrorData_ShouldMapToExpectedErrorData_ForAllKnownExceptionMessages (Output Deactivate not allowed,40000,0)" computerName="DKSR-EFI-04" duration="00:00:00.0000105" startTime="2023-12-22T09:32:35.0841018+01:00" endTime="2023-12-22T09:32:35.0841018+01:00" testType="13cdc9d9-ddb5-4fa4-a97d-d965ccfc6d4b" outcome="Passed" testListId="8c84fa94-04c1-424b-9868-57a2d4851a1d" relativeResultsDirectory="859068b8-c4d4-4b2f-8ef1-208aa1006da2" />
    <UnitTestResult executionId="63b284ce-512e-4c18-a79b-00d116ea1cd3" testId="85b85558-4e86-e2e9-f199-a641f389c561" testName="MapToErrorData_ShouldMapToExpectedErrorData_ForAllKnownExceptionMessages (Parameter 'smartSearchId' not specified.,40000,0)" computerName="DKSR-EFI-04" duration="00:00:00.0000203" startTime="2023-12-22T09:32:35.0841018+01:00" endTime="2023-12-22T09:32:35.0841018+01:00" testType="13cdc9d9-ddb5-4fa4-a97d-d965ccfc6d4b" outcome="Passed" testListId="8c84fa94-04c1-424b-9868-57a2d4851a1d" relativeResultsDirectory="63b284ce-512e-4c18-a79b-00d116ea1cd3" />
    <UnitTestResult executionId="b32c0fe3-e609-4a1b-8dac-9260b25ec105" testId="666fbaed-9b35-07e6-c984-97853135c78e" testName="MapToErrorData_ShouldMapToExpectedErrorData_ForAllKnownExceptionMessages (Parameter 'duration' not specified.,40000,0)" computerName="DKSR-EFI-04" duration="00:00:00.0000136" startTime="2023-12-22T09:32:35.0684774+01:00" endTime="2023-12-22T09:32:35.0684774+01:00" testType="13cdc9d9-ddb5-4fa4-a97d-d965ccfc6d4b" outcome="Passed" testListId="8c84fa94-04c1-424b-9868-57a2d4851a1d" relativeResultsDirectory="b32c0fe3-e609-4a1b-8dac-9260b25ec105" />
    <UnitTestResult executionId="0a4a4814-e717-4fd2-9099-2775ae67aad5" testId="22eda521-e9ad-4477-8def-79a825f52192" testName="MapToErrorData_ShouldMapToExpectedErrorData_ForAllKnownExceptionMessages (Parameter 'searchMask/Size' not specified.,40000,0)" computerName="DKSR-EFI-04" duration="00:00:00.0000227" startTime="2023-12-22T09:32:35.0841018+01:00" endTime="2023-12-22T09:32:35.0841018+01:00" testType="13cdc9d9-ddb5-4fa4-a97d-d965ccfc6d4b" outcome="Passed" testListId="8c84fa94-04c1-424b-9868-57a2d4851a1d" relativeResultsDirectory="0a4a4814-e717-4fd2-9099-2775ae67aad5" />
    <UnitTestResult executionId="bbd6a56d-9c66-426f-891c-dd5ce01c0a03" testId="65ab5780-4796-2c17-0494-85979a046065" testName="MapToErrorData_ShouldMapToExpectedErrorData_ForAllKnownExceptionMessages (Smart Search Start not allowed,40000,0)" computerName="DKSR-EFI-04" duration="00:00:00.0000232" startTime="2023-12-22T09:32:35.0997269+01:00" endTime="2023-12-22T09:32:35.0997269+01:00" testType="13cdc9d9-ddb5-4fa4-a97d-d965ccfc6d4b" outcome="Passed" testListId="8c84fa94-04c1-424b-9868-57a2d4851a1d" relativeResultsDirectory="bbd6a56d-9c66-426f-891c-dd5ce01c0a03" />
    <UnitTestResult executionId="282bb594-8d66-4619-9e98-2f58b5738d3b" testId="53201f80-7db7-91a0-fd21-4f43dc4c5eaf" testName="MapToErrorData_ShouldMapToExpectedErrorData_ForAllKnownExceptionMessages (Manual Ptz control not allowed,40295,60)" computerName="DKSR-EFI-04" duration="00:00:00.0000095" startTime="2023-12-22T09:32:35.0684774+01:00" endTime="2023-12-22T09:32:35.0684774+01:00" testType="13cdc9d9-ddb5-4fa4-a97d-d965ccfc6d4b" outcome="Passed" testListId="8c84fa94-04c1-424b-9868-57a2d4851a1d" relativeResultsDirectory="282bb594-8d66-4619-9e98-2f58b5738d3b" />
    <UnitTestResult executionId="bf4c65bf-164e-4e9e-9cff-29dc1ce8a9c8" testId="a87678ca-30fd-55a7-2add-b1645afab176" testName="MapToErrorData_ShouldMapToExpectedErrorData_ForAllKnownExceptionMessages (Parameter 'timeLineInformationInterval' not specified.,40000,0)" computerName="DKSR-EFI-04" duration="00:00:00.0000192" startTime="2023-12-22T09:32:35.0841018+01:00" endTime="2023-12-22T09:32:35.0841018+01:00" testType="13cdc9d9-ddb5-4fa4-a97d-d965ccfc6d4b" outcome="Passed" testListId="8c84fa94-04c1-424b-9868-57a2d4851a1d" relativeResultsDirectory="bf4c65bf-164e-4e9e-9cff-29dc1ce8a9c8" />
    <UnitTestResult executionId="d46f2781-823b-478d-a9dd-e4c6f369d5a8" testId="4c1a12a7-ab57-72c7-a05f-0922e2f905a4" testName="MapToErrorData_ShouldMapToExpectedErrorData_ForAllKnownExceptionMessages (Parameter 'searchMask/Size/Width' not specified.,40000,0)" computerName="DKSR-EFI-04" duration="00:00:00.0000188" startTime="2023-12-22T09:32:35.0841018+01:00" endTime="2023-12-22T09:32:35.0841018+01:00" testType="13cdc9d9-ddb5-4fa4-a97d-d965ccfc6d4b" outcome="Passed" testListId="8c84fa94-04c1-424b-9868-57a2d4851a1d" relativeResultsDirectory="d46f2781-823b-478d-a9dd-e4c6f369d5a8" />
    <UnitTestResult executionId="7e4015d5-106f-4534-bb28-deec811b0f36" testId="c9763db6-5c00-40c2-9ccd-8323321799be" testName="MapToErrorData_ShouldMapToExpectedErrorData_ForAllKnownExceptionMessages (Invalid search criteria: xyz,40000,0)" computerName="DKSR-EFI-04" duration="00:00:00.0000107" startTime="2023-12-22T09:32:35.0841018+01:00" endTime="2023-12-22T09:32:35.0841018+01:00" testType="13cdc9d9-ddb5-4fa4-a97d-d965ccfc6d4b" outcome="Passed" testListId="8c84fa94-04c1-424b-9868-57a2d4851a1d" relativeResultsDirectory="7e4015d5-106f-4534-bb28-deec811b0f36" />
    <UnitTestResult executionId="a60bcff8-87d6-4889-9534-bbbc03fd4dc3" testId="5eab5dd7-e018-3991-2458-7b039c3933ac" testName="MapToErrorData_ShouldMapToExpectedErrorData_ForAllKnownExceptionMessages (Parameter 'top' not a double.,40000,0)" computerName="DKSR-EFI-04" duration="00:00:00.0000145" startTime="2023-12-22T09:32:35.0684774+01:00" endTime="2023-12-22T09:32:35.0684774+01:00" testType="13cdc9d9-ddb5-4fa4-a97d-d965ccfc6d4b" outcome="Passed" testListId="8c84fa94-04c1-424b-9868-57a2d4851a1d" relativeResultsDirectory="a60bcff8-87d6-4889-9534-bbbc03fd4dc3" />
    <UnitTestResult executionId="75217b51-cc2f-4186-9a60-7549fa594615" testId="79fdae02-0bfd-e82a-33da-98d1a67c4e34" testName="MapToErrorData_ShouldMapToExpectedErrorData_ForAllKnownExceptionMessages (Cannot perform session request without an active session.,40295,30)" computerName="DKSR-EFI-04" duration="00:00:00.0000096" startTime="2023-12-22T09:32:35.0684774+01:00" endTime="2023-12-22T09:32:35.0684774+01:00" testType="13cdc9d9-ddb5-4fa4-a97d-d965ccfc6d4b" outcome="Passed" testListId="8c84fa94-04c1-424b-9868-57a2d4851a1d" relativeResultsDirectory="75217b51-cc2f-4186-9a60-7549fa594615" />
    <UnitTestResult executionId="e1dd5b04-e58c-457f-8f41-91441aeeb803" testId="c1aae47b-7b1c-2e0a-12be-5061709a6c0b" testName="MapToErrorData_ShouldMapToExpectedErrorData_ForAllKnownExceptionMessages (Parameter 'refWidth' not specified.,40000,0)" computerName="DKSR-EFI-04" duration="00:00:00.0000137" startTime="2023-12-22T09:32:35.0684774+01:00" endTime="2023-12-22T09:32:35.0684774+01:00" testType="13cdc9d9-ddb5-4fa4-a97d-d965ccfc6d4b" outcome="Passed" testListId="8c84fa94-04c1-424b-9868-57a2d4851a1d" relativeResultsDirectory="e1dd5b04-e58c-457f-8f41-91441aeeb803" />
    <UnitTestResult executionId="029f4aa6-3736-4ca3-9f06-8405489225d7" testId="f891573d-1f03-0588-9add-49ce9631761e" testName="MapToErrorData_ShouldMapToExpectedErrorData_ForAllKnownExceptionMessages (Request rejected, request priority (2) equal to current priority (2).,40295,20)" computerName="DKSR-EFI-04" duration="00:00:00.0000091" startTime="2023-12-22T09:32:35.0684774+01:00" endTime="2023-12-22T09:32:35.0684774+01:00" testType="13cdc9d9-ddb5-4fa4-a97d-d965ccfc6d4b" outcome="Passed" testListId="8c84fa94-04c1-424b-9868-57a2d4851a1d" relativeResultsDirectory="029f4aa6-3736-4ca3-9f06-8405489225d7" />
    <UnitTestResult executionId="0a371b3e-4372-4321-94cf-81fc20ec7801" testId="2cfd34c6-cbe9-d4ac-0b6d-c5ffc7143273" testName="MapToErrorData_ShouldMapToExpectedErrorData_ForAllKnownExceptionMessages (Request rejected, cannot pause a reserved session,40295,71)" computerName="DKSR-EFI-04" duration="00:00:00.0000110" startTime="2023-12-22T09:32:35.0684774+01:00" endTime="2023-12-22T09:32:35.0684774+01:00" testType="13cdc9d9-ddb5-4fa4-a97d-d965ccfc6d4b" outcome="Passed" testListId="8c84fa94-04c1-424b-9868-57a2d4851a1d" relativeResultsDirectory="0a371b3e-4372-4321-94cf-81fc20ec7801" />
    <UnitTestResult executionId="e607825d-7cb4-4bfc-af50-e1deacfec5de" testId="2df29b19-df1c-82d5-28c9-d6fb4238135a" testName="MapToErrorData_ShouldMapToExpectedErrorData_ForAllKnownExceptionMessages (Unable to get status for session. Session id: 'AACBA580-2202-4D25-9E27-2B193F56DEE9',40000,0)" computerName="DKSR-EFI-04" duration="00:00:00.0000280" startTime="2023-12-22T09:32:35.0997269+01:00" endTime="2023-12-22T09:32:35.0997269+01:00" testType="13cdc9d9-ddb5-4fa4-a97d-d965ccfc6d4b" outcome="Passed" testListId="8c84fa94-04c1-424b-9868-57a2d4851a1d" relativeResultsDirectory="e607825d-7cb4-4bfc-af50-e1deacfec5de" />
    <UnitTestResult executionId="562822e4-ef5b-4a68-9b20-0b07cbe82f1d" testId="02eb1136-154c-feaf-762b-a5a207d56ffe" testName="MapToErrorData_ShouldReturnNull_WhenExceptionMessageIsUnmapped" computerName="DKSR-EFI-04" duration="00:00:00.0003624" startTime="2023-12-22T09:32:35.0997269+01:00" endTime="2023-12-22T09:32:35.0997269+01:00" testType="13cdc9d9-ddb5-4fa4-a97d-d965ccfc6d4b" outcome="Passed" testListId="8c84fa94-04c1-424b-9868-57a2d4851a1d" relativeResultsDirectory="562822e4-ef5b-4a68-9b20-0b07cbe82f1d" />
    <UnitTestResult executionId="351b3884-3c30-4071-a79e-9975fff6f35d" testId="2115e966-5903-3c7e-a670-4f7addbc58c8" testName="MapToErrorData_ShouldMapToExpectedErrorData_ForAllKnownExceptionMessages (Token expired,20001,3)" computerName="DKSR-EFI-04" duration="00:00:00.0000120" startTime="2023-12-22T09:32:35.0528506+01:00" endTime="2023-12-22T09:32:35.0528506+01:00" testType="13cdc9d9-ddb5-4fa4-a97d-d965ccfc6d4b" outcome="Passed" testListId="8c84fa94-04c1-424b-9868-57a2d4851a1d" relativeResultsDirectory="351b3884-3c30-4071-a79e-9975fff6f35d" />
    <UnitTestResult executionId="65c13e39-9eeb-4554-a8d0-5c5421c0a24e" testId="52e71d86-781d-3b49-4d82-183580fa775c" testName="MapToErrorData_ShouldMapToExpectedErrorData_ForAllKnownExceptionMessages (Parameter 'right' not specified.,40000,0)" computerName="DKSR-EFI-04" duration="00:00:00.0000148" startTime="2023-12-22T09:32:35.0684774+01:00" endTime="2023-12-22T09:32:35.0684774+01:00" testType="13cdc9d9-ddb5-4fa4-a97d-d965ccfc6d4b" outcome="Passed" testListId="8c84fa94-04c1-424b-9868-57a2d4851a1d" relativeResultsDirectory="65c13e39-9eeb-4554-a8d0-5c5421c0a24e" />
    <UnitTestResult executionId="b8b8d525-f336-4e96-aa83-c9706a17b74f" testId="3d23044e-83d2-97dd-128c-6d7c3559b20c" testName="MapToErrorData_ShouldMapToExpectedErrorData_ForAllKnownExceptionMessages (Device is not IPreset,40295,11)" computerName="DKSR-EFI-04" duration="00:00:00.0000125" startTime="2023-12-22T09:32:35.0528506+01:00" endTime="2023-12-22T09:32:35.0528506+01:00" testType="13cdc9d9-ddb5-4fa4-a97d-d965ccfc6d4b" outcome="Passed" testListId="8c84fa94-04c1-424b-9868-57a2d4851a1d" relativeResultsDirectory="b8b8d525-f336-4e96-aa83-c9706a17b74f" />
    <UnitTestResult executionId="65cbaae7-fe11-4a3e-afef-fb4e5a2ddfa1" testId="8be3d1c2-a65d-f8a9-2393-a7fd5a011e1e" testName="MapToErrorData_ShouldMapToExpectedErrorData_ForAllKnownExceptionMessages (Device AACBA580-2202-4D25-9E27-2B193F56DEE9 not found.,40000,0)" computerName="DKSR-EFI-04" duration="00:00:00.0000132" startTime="2023-12-22T09:32:35.0841018+01:00" endTime="2023-12-22T09:32:35.0841018+01:00" testType="13cdc9d9-ddb5-4fa4-a97d-d965ccfc6d4b" outcome="Passed" testListId="8c84fa94-04c1-424b-9868-57a2d4851a1d" relativeResultsDirectory="65cbaae7-fe11-4a3e-afef-fb4e5a2ddfa1" />
    <UnitTestResult executionId="3316c5e0-866b-49d1-bdae-ef03e41b1267" testId="4d0f8589-1874-0df7-6978-303c6332b26e" testName="MapToErrorData_ShouldMapToExpectedErrorData_ForAllKnownExceptionMessages ('searchMask' parameters does not match: Expected length = 50,40000,0)" computerName="DKSR-EFI-04" duration="00:00:00.0000242" startTime="2023-12-22T09:32:35.0997269+01:00" endTime="2023-12-22T09:32:35.0997269+01:00" testType="13cdc9d9-ddb5-4fa4-a97d-d965ccfc6d4b" outcome="Passed" testListId="8c84fa94-04c1-424b-9868-57a2d4851a1d" relativeResultsDirectory="3316c5e0-866b-49d1-bdae-ef03e41b1267" />
    <UnitTestResult executionId="a177a358-2dbf-4c01-8b15-7a24a464919c" testId="576db89d-9e4e-f54b-0485-3e8451bbf745" testName="MapToErrorData_ShouldMapToExpectedErrorData_ForAllKnownExceptionMessages (Cannot release patrolling session.,40295,42)" computerName="DKSR-EFI-04" duration="00:00:00.0000089" startTime="2023-12-22T09:32:35.0684774+01:00" endTime="2023-12-22T09:32:35.0684774+01:00" testType="13cdc9d9-ddb5-4fa4-a97d-d965ccfc6d4b" outcome="Passed" testListId="8c84fa94-04c1-424b-9868-57a2d4851a1d" relativeResultsDirectory="a177a358-2dbf-4c01-8b15-7a24a464919c" />
    <UnitTestResult executionId="55d2e105-2b22-4228-aab8-0a5f9003808f" testId="2c697a87-e7cf-447a-1a62-614d30deb2d6" testName="MapToErrorData_ShouldMapToExpectedErrorData_ForAllKnownExceptionMessages (Device AACBA580-2202-4D25-9E27-2B193F56DEE9 is not a Ptz device,40295,10)" computerName="DKSR-EFI-04" duration="00:00:00.0000109" startTime="2023-12-22T09:32:35.0528506+01:00" endTime="2023-12-22T09:32:35.0528506+01:00" testType="13cdc9d9-ddb5-4fa4-a97d-d965ccfc6d4b" outcome="Passed" testListId="8c84fa94-04c1-424b-9868-57a2d4851a1d" relativeResultsDirectory="55d2e105-2b22-4228-aab8-0a5f9003808f" />
    <UnitTestResult executionId="1a36d5e9-32b0-43fa-ad9b-786abf3ed3ff" testId="0e2b2cd3-de0d-7f04-6e71-b362597d24fa" testName="MapToErrorData_ShouldMapToExpectedErrorData_ForAllKnownExceptionMessages (Unknown patrolling schema, id=AACBA580-2202-4D25-9E27-2B193F56DEE9,40295,50)" computerName="DKSR-EFI-04" duration="00:00:00.0000098" startTime="2023-12-22T09:32:35.0684774+01:00" endTime="2023-12-22T09:32:35.0684774+01:00" testType="13cdc9d9-ddb5-4fa4-a97d-d965ccfc6d4b" outcome="Passed" testListId="8c84fa94-04c1-424b-9868-57a2d4851a1d" relativeResultsDirectory="1a36d5e9-32b0-43fa-ad9b-786abf3ed3ff" />
    <UnitTestResult executionId="70bd2fff-6d83-452d-922f-c07281fa607c" testId="3b7040bc-fe96-1894-6926-36e0ab984d52" testName="MapToErrorData_ShouldMapToExpectedErrorData_ForAllKnownExceptionMessages (Output Trigger not allowed,40000,0)" computerName="DKSR-EFI-04" duration="00:00:00.0000121" startTime="2023-12-22T09:32:35.0841018+01:00" endTime="2023-12-22T09:32:35.0841018+01:00" testType="13cdc9d9-ddb5-4fa4-a97d-d965ccfc6d4b" outcome="Passed" testListId="8c84fa94-04c1-424b-9868-57a2d4851a1d" relativeResultsDirectory="70bd2fff-6d83-452d-922f-c07281fa607c" />
    <UnitTestResult executionId="891723eb-1274-4697-be8e-50fb638fa6ab" testId="ff103666-7b67-1452-076d-b772085954fa" testName="MapToErrorData_ShouldMapToExpectedErrorData_ForAllKnownExceptionMessages (Feature not licensed.,40295,100)" computerName="DKSR-EFI-04" duration="00:00:00.0000100" startTime="2023-12-22T09:32:35.0684774+01:00" endTime="2023-12-22T09:32:35.0684774+01:00" testType="13cdc9d9-ddb5-4fa4-a97d-d965ccfc6d4b" outcome="Passed" testListId="8c84fa94-04c1-424b-9868-57a2d4851a1d" relativeResultsDirectory="891723eb-1274-4697-be8e-50fb638fa6ab" />
    <UnitTestResult executionId="25232aeb-53dc-47b6-bde5-513ce72bd5d6" testId="a9629622-3b35-16e8-6860-7bdb0490339f" testName="MapToErrorData_ShouldMapToExpectedErrorData_ForAllKnownExceptionMessages (Cannot release session without proper permission.,40295,60)" computerName="DKSR-EFI-04" duration="00:00:00.0000100" startTime="2023-12-22T09:32:35.0684774+01:00" endTime="2023-12-22T09:32:35.0684774+01:00" testType="13cdc9d9-ddb5-4fa4-a97d-d965ccfc6d4b" outcome="Passed" testListId="8c84fa94-04c1-424b-9868-57a2d4851a1d" relativeResultsDirectory="25232aeb-53dc-47b6-bde5-513ce72bd5d6" />
    <UnitTestResult executionId="ea579240-f04d-4f83-977f-e660bc04de5d" testId="9e20e7ce-bab0-1b63-c919-5bdde55a5b34" testName="MapToErrorData_ShouldMapToExpectedErrorData_ForAllKnownExceptionMessages (Parameter 'subscribe' not specified.,40000,0)" computerName="DKSR-EFI-04" duration="00:00:00.0000187" startTime="2023-12-22T09:32:35.0841018+01:00" endTime="2023-12-22T09:32:35.0841018+01:00" testType="13cdc9d9-ddb5-4fa4-a97d-d965ccfc6d4b" outcome="Passed" testListId="8c84fa94-04c1-424b-9868-57a2d4851a1d" relativeResultsDirectory="ea579240-f04d-4f83-977f-e660bc04de5d" />
    <UnitTestResult executionId="0b2f6264-711d-41a2-8d9b-f42053754abe" testId="b6d59446-5868-b126-1f6f-04ae35d46aae" testName="MapToErrorData_ShouldMapToExpectedErrorData_ForAllKnownExceptionMessages (Request rejected, Current session is already reserved,40295,70)" computerName="DKSR-EFI-04" duration="00:00:00.0000107" startTime="2023-12-22T09:32:35.0684774+01:00" endTime="2023-12-22T09:32:35.0684774+01:00" testType="13cdc9d9-ddb5-4fa4-a97d-d965ccfc6d4b" outcome="Passed" testListId="8c84fa94-04c1-424b-9868-57a2d4851a1d" relativeResultsDirectory="0b2f6264-711d-41a2-8d9b-f42053754abe" />
    <UnitTestResult executionId="f8981887-e03f-4245-932f-9751bae588a3" testId="3d3e7e9e-2ee9-9715-5f34-a09a9bd5bf0e" testName="MapToErrorData_ShouldMapToExpectedErrorData_ForAllKnownExceptionMessages (Request rejected, request priority (1) lower than current priority (2).,40295,20)" computerName="DKSR-EFI-04" duration="00:00:00.0000107" startTime="2023-12-22T09:32:35.0528506+01:00" endTime="2023-12-22T09:32:35.0684774+01:00" testType="13cdc9d9-ddb5-4fa4-a97d-d965ccfc6d4b" outcome="Passed" testListId="8c84fa94-04c1-424b-9868-57a2d4851a1d" relativeResultsDirectory="f8981887-e03f-4245-932f-9751bae588a3" />
    <UnitTestResult executionId="8899304a-940a-46c3-82c9-c9c7bb0da408" testId="8b6f5710-0077-cb47-63e9-3da381f7e79a" testName="MapToErrorData_ShouldMapToExpectedErrorData_ForAllKnownExceptionMessages (Parameter 'maxCount' not specified.,40000,0)" computerName="DKSR-EFI-04" duration="00:00:00.0000194" startTime="2023-12-22T09:32:35.0841018+01:00" endTime="2023-12-22T09:32:35.0841018+01:00" testType="13cdc9d9-ddb5-4fa4-a97d-d965ccfc6d4b" outcome="Passed" testListId="8c84fa94-04c1-424b-9868-57a2d4851a1d" relativeResultsDirectory="8899304a-940a-46c3-82c9-c9c7bb0da408" />
    <UnitTestResult executionId="aafb361a-2994-4724-9965-4cbf54a4a892" testId="5f512471-2589-a6c3-ae8a-9d90857164f2" testName="MapToErrorData_ShouldMapToExpectedErrorData_ForAllKnownExceptionMessages (Insufficient permission,40295,60)" computerName="DKSR-EFI-04" duration="00:00:00.0000089" startTime="2023-12-22T09:32:35.0684774+01:00" endTime="2023-12-22T09:32:35.0684774+01:00" testType="13cdc9d9-ddb5-4fa4-a97d-d965ccfc6d4b" outcome="Passed" testListId="8c84fa94-04c1-424b-9868-57a2d4851a1d" relativeResultsDirectory="aafb361a-2994-4724-9965-4cbf54a4a892" />
    <UnitTestResult executionId="ce26a00a-0792-4809-9207-1214fde8161d" testId="e1213634-efce-7a0c-270e-c3e7a5e2307a" testName="MapToErrorData_ShouldMapToExpectedErrorData_ForAllKnownExceptionMessages (Parameter 'time' not specified.,40000,0)" computerName="DKSR-EFI-04" duration="00:00:00.0000116" startTime="2023-12-22T09:32:35.0684774+01:00" endTime="2023-12-22T09:32:35.0684774+01:00" testType="13cdc9d9-ddb5-4fa4-a97d-d965ccfc6d4b" outcome="Passed" testListId="8c84fa94-04c1-424b-9868-57a2d4851a1d" relativeResultsDirectory="ce26a00a-0792-4809-9207-1214fde8161d" />
    <UnitTestResult executionId="8f6ac35d-3369-4331-984c-048a3e56f556" testId="8af9a04f-5939-8ca3-bb96-4543c58267d1" testName="MapToErrorData_ShouldMapToExpectedErrorData_ForAllKnownExceptionMessages (SearchCriteria 'xyz' not supported,40000,0)" computerName="DKSR-EFI-04" duration="00:00:00.0000245" startTime="2023-12-22T09:32:35.0997269+01:00" endTime="2023-12-22T09:32:35.0997269+01:00" testType="13cdc9d9-ddb5-4fa4-a97d-d965ccfc6d4b" outcome="Passed" testListId="8c84fa94-04c1-424b-9868-57a2d4851a1d" relativeResultsDirectory="8f6ac35d-3369-4331-984c-048a3e56f556" />
    <UnitTestResult executionId="2337d7d6-74c9-4866-9b9c-0be37b870cd1" testId="f2f16517-9644-1cb8-2be5-b84966f8ed01" testName="MapToErrorData_ShouldMapToExpectedErrorData_ForAllKnownExceptionMessages (Parameter 'resultMotionMaskSize/Height' not specified.,40000,0)" computerName="DKSR-EFI-04" duration="00:00:00.0000194" startTime="2023-12-22T09:32:35.0841018+01:00" endTime="2023-12-22T09:32:35.0841018+01:00" testType="13cdc9d9-ddb5-4fa4-a97d-d965ccfc6d4b" outcome="Passed" testListId="8c84fa94-04c1-424b-9868-57a2d4851a1d" relativeResultsDirectory="2337d7d6-74c9-4866-9b9c-0be37b870cd1" />
    <UnitTestResult executionId="24ef86e8-8802-45e1-bcf2-500c03d09b89" testId="d64221b5-22c5-e091-f454-9a2b075ad9ad" testName="MapToErrorData_ShouldMapToExpectedErrorData_ForAllKnownExceptionMessages (Parameter 'maxCountBefore' not specified.,40000,0)" computerName="DKSR-EFI-04" duration="00:00:00.0000201" startTime="2023-12-22T09:32:35.0841018+01:00" endTime="2023-12-22T09:32:35.0841018+01:00" testType="13cdc9d9-ddb5-4fa4-a97d-d965ccfc6d4b" outcome="Passed" testListId="8c84fa94-04c1-424b-9868-57a2d4851a1d" relativeResultsDirectory="24ef86e8-8802-45e1-bcf2-500c03d09b89" />
    <UnitTestResult executionId="4b7a1d9e-7f8a-47a1-96f2-3b46733caa08" testId="e38d3b34-cf2b-f08d-b20b-5dc47e964a0d" testName="MapToErrorData_ShouldMapToExpectedErrorData_ForAllKnownExceptionMessages (Sequences Get not allowed,40000,0)" computerName="DKSR-EFI-04" duration="00:00:00.0000176" startTime="2023-12-22T09:32:35.0997269+01:00" endTime="2023-12-22T09:32:35.0997269+01:00" testType="13cdc9d9-ddb5-4fa4-a97d-d965ccfc6d4b" outcome="Passed" testListId="8c84fa94-04c1-424b-9868-57a2d4851a1d" relativeResultsDirectory="4b7a1d9e-7f8a-47a1-96f2-3b46733caa08" />
    <UnitTestResult executionId="2ab269f3-7abe-4853-ae7a-5836d479fb2d" testId="6c105190-3398-c27f-8a28-15b7ab77605a" testName="MapToErrorData_ShouldMapToExpectedErrorData_ForAllKnownExceptionMessages (Parameter 'searchInterval' not specified.,40000,0)" computerName="DKSR-EFI-04" duration="00:00:00.0000262" startTime="2023-12-22T09:32:35.0841018+01:00" endTime="2023-12-22T09:32:35.0841018+01:00" testType="13cdc9d9-ddb5-4fa4-a97d-d965ccfc6d4b" outcome="Passed" testListId="8c84fa94-04c1-424b-9868-57a2d4851a1d" relativeResultsDirectory="2ab269f3-7abe-4853-ae7a-5836d479fb2d" />
    <UnitTestResult executionId="a915ca4d-3f91-4570-909a-b3da985a6e14" testId="a4074f04-ca9c-7f3a-27dd-3f43d667f62b" testName="MapToErrorData_ShouldMapToExpectedErrorData_ForAllKnownExceptionMessages (Parameter 'searchEndTime' not specified.,40000,0)" computerName="DKSR-EFI-04" duration="00:00:00.0000189" startTime="2023-12-22T09:32:35.0841018+01:00" endTime="2023-12-22T09:32:35.0841018+01:00" testType="13cdc9d9-ddb5-4fa4-a97d-d965ccfc6d4b" outcome="Passed" testListId="8c84fa94-04c1-424b-9868-57a2d4851a1d" relativeResultsDirectory="a915ca4d-3f91-4570-909a-b3da985a6e14" />
    <UnitTestResult executionId="99a34bcd-084b-49a1-b3f4-6d72feeee3fd" testId="9a4f571c-5d90-8e64-9487-2a00abc00dcf" testName="MapToErrorData_ShouldMapToExpectedErrorData_ForAllKnownExceptionMessages (Parameter 'maxTime' not specified.,40000,0)" computerName="DKSR-EFI-04" duration="00:00:00.0000173" startTime="2023-12-22T09:32:35.0841018+01:00" endTime="2023-12-22T09:32:35.0841018+01:00" testType="13cdc9d9-ddb5-4fa4-a97d-d965ccfc6d4b" outcome="Passed" testListId="8c84fa94-04c1-424b-9868-57a2d4851a1d" relativeResultsDirectory="99a34bcd-084b-49a1-b3f4-6d72feeee3fd" />
    <UnitTestResult executionId="bd204744-9d6a-49da-b372-bbaa7d59db26" testId="800ee3fd-ee19-4611-91b1-740c9ef63353" testName="MapToErrorData_ShouldMapToExpectedErrorData_ForAllKnownExceptionMessages (Parameter 'centerTime' not specified.,40000,0)" computerName="DKSR-EFI-04" duration="00:00:00.0000181" startTime="2023-12-22T09:32:35.0841018+01:00" endTime="2023-12-22T09:32:35.0841018+01:00" testType="13cdc9d9-ddb5-4fa4-a97d-d965ccfc6d4b" outcome="Passed" testListId="8c84fa94-04c1-424b-9868-57a2d4851a1d" relativeResultsDirectory="bd204744-9d6a-49da-b372-bbaa7d59db26" />
    <UnitTestResult executionId="aad667ec-908e-46f4-8627-2d4c91911937" testId="66bbd2a1-ed44-421d-d7a9-e8931a394d9d" testName="MapToErrorData_ShouldMapToExpectedErrorData_ForAllKnownExceptionMessages (Parameter 'multicastSessionIds' not specified.,40000,0)" computerName="DKSR-EFI-04" duration="00:00:00.0000188" startTime="2023-12-22T09:32:35.0841018+01:00" endTime="2023-12-22T09:32:35.0841018+01:00" testType="13cdc9d9-ddb5-4fa4-a97d-d965ccfc6d4b" outcome="Passed" testListId="8c84fa94-04c1-424b-9868-57a2d4851a1d" relativeResultsDirectory="aad667ec-908e-46f4-8627-2d4c91911937" />
    <UnitTestResult executionId="45269820-70fb-4ea5-a52e-5fc4b90c510c" testId="187355fe-9694-1001-3a34-ad23e6d12468" testName="MapToErrorData_ShouldMapToExpectedErrorData_ForAllKnownExceptionMessages (Sequences Get Around not allowed,40000,0)" computerName="DKSR-EFI-04" duration="00:00:00.0000199" startTime="2023-12-22T09:32:35.0997269+01:00" endTime="2023-12-22T09:32:35.0997269+01:00" testType="13cdc9d9-ddb5-4fa4-a97d-d965ccfc6d4b" outcome="Passed" testListId="8c84fa94-04c1-424b-9868-57a2d4851a1d" relativeResultsDirectory="45269820-70fb-4ea5-a52e-5fc4b90c510c" />
    <UnitTestResult executionId="fd914820-6701-4013-9735-508068d6cea4" testId="6ae2af17-6366-e6e0-2b46-d6b8a572d9bb" testName="MapToErrorData_ShouldMapToExpectedErrorData_ForAllKnownExceptionMessages (Cannot start a session which is already running.,40295,32)" computerName="DKSR-EFI-04" duration="00:00:00.0000100" startTime="2023-12-22T09:32:35.0684774+01:00" endTime="2023-12-22T09:32:35.0684774+01:00" testType="13cdc9d9-ddb5-4fa4-a97d-d965ccfc6d4b" outcome="Passed" testListId="8c84fa94-04c1-424b-9868-57a2d4851a1d" relativeResultsDirectory="fd914820-6701-4013-9735-508068d6cea4" />
    <UnitTestResult executionId="fef2b25f-2e93-46f9-ab69-793b481d2fba" testId="b41740fa-e9c5-c939-82ae-4974ebcd74c0" testName="MapToErrorData_ShouldMapToExpectedErrorData_ForAllKnownExceptionMessages (Device is not IPtz,40295,10)" computerName="DKSR-EFI-04" duration="00:00:00.0000189" startTime="2023-12-22T09:32:35.0528506+01:00" endTime="2023-12-22T09:32:35.0528506+01:00" testType="13cdc9d9-ddb5-4fa4-a97d-d965ccfc6d4b" outcome="Passed" testListId="8c84fa94-04c1-424b-9868-57a2d4851a1d" relativeResultsDirectory="fef2b25f-2e93-46f9-ab69-793b481d2fba" />
    <UnitTestResult executionId="6e51457c-fb60-431f-90ed-b8311bacd2ad" testId="3fade5f4-11ff-9f95-0f20-59ad7987491c" testName="MapToErrorData_ShouldMapToExpectedErrorData_ForAllKnownExceptionMessages (Parameter 'resultMotionMaskSize/Width' not specified.,40000,0)" computerName="DKSR-EFI-04" duration="00:00:00.0000191" startTime="2023-12-22T09:32:35.0841018+01:00" endTime="2023-12-22T09:32:35.0841018+01:00" testType="13cdc9d9-ddb5-4fa4-a97d-d965ccfc6d4b" outcome="Passed" testListId="8c84fa94-04c1-424b-9868-57a2d4851a1d" relativeResultsDirectory="6e51457c-fb60-431f-90ed-b8311bacd2ad" />
    <UnitTestResult executionId="7adf7ce3-30bf-4086-89c7-7fd2c31fa109" testId="1aba1db0-4543-154a-d1e0-6f25332f2e52" testName="MapToErrorData_ShouldMapToExpectedErrorData_ForAllKnownExceptionMessages (Parameter 'right' not a double.,40000,0)" computerName="DKSR-EFI-04" duration="00:00:00.0000145" startTime="2023-12-22T09:32:35.0684774+01:00" endTime="2023-12-22T09:32:35.0684774+01:00" testType="13cdc9d9-ddb5-4fa4-a97d-d965ccfc6d4b" outcome="Passed" testListId="8c84fa94-04c1-424b-9868-57a2d4851a1d" relativeResultsDirectory="7adf7ce3-30bf-4086-89c7-7fd2c31fa109" />
    <UnitTestResult executionId="b0d2f3fb-3307-46ae-85de-c0c3c36d474d" testId="6959902c-944b-3b12-47f4-15d4969107f4" testName="MapToErrorData_ShouldMapToExpectedErrorData_ForAllKnownExceptionMessages (Device AACBA580-2202-4D25-9E27-2B193F56DEE9 does not exist,40295,1)" computerName="DKSR-EFI-04" duration="00:00:00.0000207" startTime="2023-12-22T09:32:35.0528506+01:00" endTime="2023-12-22T09:32:35.0528506+01:00" testType="13cdc9d9-ddb5-4fa4-a97d-d965ccfc6d4b" outcome="Passed" testListId="8c84fa94-04c1-424b-9868-57a2d4851a1d" relativeResultsDirectory="b0d2f3fb-3307-46ae-85de-c0c3c36d474d" />
    <UnitTestResult executionId="c7766021-7109-46a7-a73b-f026f2e19960" testId="0694ff2f-39c5-3307-5e47-db615407ef82" testName="MapToErrorData_ShouldMapToExpectedErrorData_ForAllKnownExceptionMessages (Parameter 'refHeight' not specified.,40000,0)" computerName="DKSR-EFI-04" duration="00:00:00.0000141" startTime="2023-12-22T09:32:35.0684774+01:00" endTime="2023-12-22T09:32:35.0684774+01:00" testType="13cdc9d9-ddb5-4fa4-a97d-d965ccfc6d4b" outcome="Passed" testListId="8c84fa94-04c1-424b-9868-57a2d4851a1d" relativeResultsDirectory="c7766021-7109-46a7-a73b-f026f2e19960" />
    <UnitTestResult executionId="4d673b75-b1df-4e71-aeb1-5a3d74197150" testId="eca58048-cf56-2e11-d62e-ebb1aa07c891" testName="MapToErrorData_ShouldMapToExpectedErrorData_ForAllKnownExceptionMessages (Export of JPEG not allowed,40000,0)" computerName="DKSR-EFI-04" duration="00:00:00.0000110" startTime="2023-12-22T09:32:35.0841018+01:00" endTime="2023-12-22T09:32:35.0841018+01:00" testType="13cdc9d9-ddb5-4fa4-a97d-d965ccfc6d4b" outcome="Passed" testListId="8c84fa94-04c1-424b-9868-57a2d4851a1d" relativeResultsDirectory="4d673b75-b1df-4e71-aeb1-5a3d74197150" />
    <UnitTestResult executionId="a8500508-196b-40fb-ac6a-1fddee3a8e90" testId="6054e43f-0be0-496a-5f90-fcd88b8e0ffa" testName="MapToErrorData_ShouldMapToExpectedErrorData_ForAllKnownExceptionMessages (Preset Move To not allowed,40000,0)" computerName="DKSR-EFI-04" duration="00:00:00.0000174" startTime="2023-12-22T09:32:35.0841018+01:00" endTime="2023-12-22T09:32:35.0841018+01:00" testType="13cdc9d9-ddb5-4fa4-a97d-d965ccfc6d4b" outcome="Passed" testListId="8c84fa94-04c1-424b-9868-57a2d4851a1d" relativeResultsDirectory="a8500508-196b-40fb-ac6a-1fddee3a8e90" />
    <UnitTestResult executionId="e389b143-602b-41be-9663-8d1715bfba4b" testId="08956cd9-0a9c-dbea-9b71-bf084dfb8a08" testName="MapToErrorData_ShouldMapToExpectedErrorData_ForAllKnownExceptionMessages (Parameter 'maxHeight' not specified.,40000,0)" computerName="DKSR-EFI-04" duration="00:00:00.0000145" startTime="2023-12-22T09:32:35.0684774+01:00" endTime="2023-12-22T09:32:35.0684774+01:00" testType="13cdc9d9-ddb5-4fa4-a97d-d965ccfc6d4b" outcome="Passed" testListId="8c84fa94-04c1-424b-9868-57a2d4851a1d" relativeResultsDirectory="e389b143-602b-41be-9663-8d1715bfba4b" />
    <UnitTestResult executionId="f6929083-47c8-4a8c-b87a-77afb5321c23" testId="f21a1bd1-352e-7008-37e3-cc2dcc23df56" testName="MapToErrorData_ShouldMapToExpectedErrorData_ForAllKnownExceptionMessages (Cannot release other users manual patrolling session,40295,90)" computerName="DKSR-EFI-04" duration="00:00:00.0000110" startTime="2023-12-22T09:32:35.0684774+01:00" endTime="2023-12-22T09:32:35.0684774+01:00" testType="13cdc9d9-ddb5-4fa4-a97d-d965ccfc6d4b" outcome="Passed" testListId="8c84fa94-04c1-424b-9868-57a2d4851a1d" relativeResultsDirectory="f6929083-47c8-4a8c-b87a-77afb5321c23" />
    <UnitTestResult executionId="6989df17-649b-46e6-8e26-4b1f0b62332d" testId="d66c7215-8087-9322-e8b4-d3597aafd548" testName="MapToErrorData_ShouldMapToExpectedErrorData_ForAllKnownExceptionMessages (Unknown soap version,10003,0)" computerName="DKSR-EFI-04" duration="00:00:00.0000225" startTime="2023-12-22T09:32:35.0997269+01:00" endTime="2023-12-22T09:32:35.0997269+01:00" testType="13cdc9d9-ddb5-4fa4-a97d-d965ccfc6d4b" outcome="Passed" testListId="8c84fa94-04c1-424b-9868-57a2d4851a1d" relativeResultsDirectory="6989df17-649b-46e6-8e26-4b1f0b62332d" />
    <UnitTestResult executionId="675c712a-d96a-42d4-b8e7-0ba818fc16ef" testId="3599cd5f-8ab2-0653-88f8-8fb5661e829f" testName="MapToErrorData_ShouldMapToExpectedErrorData_ForAllKnownExceptionMessages (Reading input is not allowed,40000,0)" computerName="DKSR-EFI-04" duration="00:00:00.0000106" startTime="2023-12-22T09:32:35.0841018+01:00" endTime="2023-12-22T09:32:35.0841018+01:00" testType="13cdc9d9-ddb5-4fa4-a97d-d965ccfc6d4b" outcome="Passed" testListId="8c84fa94-04c1-424b-9868-57a2d4851a1d" relativeResultsDirectory="675c712a-d96a-42d4-b8e7-0ba818fc16ef" />
    <UnitTestResult executionId="0dbbb432-9832-4249-8bc9-21def27e0aa6" testId="9c0dce28-4095-843a-0a45-1ced74896366" testName="MapToErrorData_ShouldMapToExpectedErrorData_ForAllKnownExceptionMessages (Parameter 'zoom' not specified.,40000,0)" computerName="DKSR-EFI-04" duration="00:00:00.0000133" startTime="2023-12-22T09:32:35.0684774+01:00" endTime="2023-12-22T09:32:35.0684774+01:00" testType="13cdc9d9-ddb5-4fa4-a97d-d965ccfc6d4b" outcome="Passed" testListId="8c84fa94-04c1-424b-9868-57a2d4851a1d" relativeResultsDirectory="0dbbb432-9832-4249-8bc9-21def27e0aa6" />
    <UnitTestResult executionId="1e1b02ef-bf67-4610-a442-e9b25be1a060" testId="542ba09a-a2bc-80ea-baa1-516d7b44b960" testName="MapToErrorData_ShouldMapToExpectedErrorData_ForAllKnownExceptionMessages (Parameter 'timeLineInformationTypes' not specified.,40000,0)" computerName="DKSR-EFI-04" duration="00:00:00.0000200" startTime="2023-12-22T09:32:35.0841018+01:00" endTime="2023-12-22T09:32:35.0841018+01:00" testType="13cdc9d9-ddb5-4fa4-a97d-d965ccfc6d4b" outcome="Passed" testListId="8c84fa94-04c1-424b-9868-57a2d4851a1d" relativeResultsDirectory="1e1b02ef-bf67-4610-a442-e9b25be1a060" />
    <UnitTestResult executionId="62ef336e-169f-4751-90c3-05e6b5152cc2" testId="1fdb8ac2-521d-82cf-3eb4-b6d012ffb316" testName="MapToErrorData_ShouldMapToExpectedErrorData_ForAllKnownExceptionMessages (Token could not be validated at this time,20001,4)" computerName="DKSR-EFI-04" duration="00:00:00.0000083" startTime="2023-12-22T09:32:35.0528506+01:00" endTime="2023-12-22T09:32:35.0528506+01:00" testType="13cdc9d9-ddb5-4fa4-a97d-d965ccfc6d4b" outcome="Passed" testListId="8c84fa94-04c1-424b-9868-57a2d4851a1d" relativeResultsDirectory="62ef336e-169f-4751-90c3-05e6b5152cc2" />
    <UnitTestResult executionId="e4568222-0f70-427c-b0f7-52142e60ad71" testId="87550de3-4087-fd61-8938-cd0d996424d8" testName="MapToErrorData_ShouldMapToExpectedErrorData_ForAllKnownExceptionMessages (Parameter 'ignoreInitialMotion' not specified.,40000,0)" computerName="DKSR-EFI-04" duration="00:00:00.0000190" startTime="2023-12-22T09:32:35.0841018+01:00" endTime="2023-12-22T09:32:35.0841018+01:00" testType="13cdc9d9-ddb5-4fa4-a97d-d965ccfc6d4b" outcome="Passed" testListId="8c84fa94-04c1-424b-9868-57a2d4851a1d" relativeResultsDirectory="e4568222-0f70-427c-b0f7-52142e60ad71" />
    <UnitTestResult executionId="b0cfffdb-9966-4a3b-8e7a-9ed88137b683" testId="28df4bf5-2ae5-a1b7-c1a9-2a27479c8315" testName="MapToErrorData_ShouldMapToExpectedErrorData_ForAllKnownExceptionMessages (Manual patrolling cannot be released,40295,42)" computerName="DKSR-EFI-04" duration="00:00:00.0000088" startTime="2023-12-22T09:32:35.0684774+01:00" endTime="2023-12-22T09:32:35.0684774+01:00" testType="13cdc9d9-ddb5-4fa4-a97d-d965ccfc6d4b" outcome="Passed" testListId="8c84fa94-04c1-424b-9868-57a2d4851a1d" relativeResultsDirectory="b0cfffdb-9966-4a3b-8e7a-9ed88137b683" />
    <UnitTestResult executionId="705c21bc-3f32-4427-9c28-84a397e0622e" testId="d73e9d51-2e88-07d2-b58d-49d142430958" testName="MapToErrorData_ShouldMapToExpectedErrorData_ForAllKnownExceptionMessages (Cannot perform session request on non-active session.,40295,31)" computerName="DKSR-EFI-04" duration="00:00:00.0000083" startTime="2023-12-22T09:32:35.0684774+01:00" endTime="2023-12-22T09:32:35.0684774+01:00" testType="13cdc9d9-ddb5-4fa4-a97d-d965ccfc6d4b" outcome="Passed" testListId="8c84fa94-04c1-424b-9868-57a2d4851a1d" relativeResultsDirectory="705c21bc-3f32-4427-9c28-84a397e0622e" />
    <UnitTestResult executionId="add71ff6-4079-4d06-84f1-b868fa6eddbd" testId="957247ca-2558-dbe2-b95a-7582437a0332" testName="MapToErrorData_ShouldMapToExpectedErrorData_ForAllKnownExceptionMessages (Parameter 'continueSearch' not specified.,40000,0)" computerName="DKSR-EFI-04" duration="00:00:00.0000255" startTime="2023-12-22T09:32:35.0841018+01:00" endTime="2023-12-22T09:32:35.0841018+01:00" testType="13cdc9d9-ddb5-4fa4-a97d-d965ccfc6d4b" outcome="Passed" testListId="8c84fa94-04c1-424b-9868-57a2d4851a1d" relativeResultsDirectory="add71ff6-4079-4d06-84f1-b868fa6eddbd" />
    <UnitTestResult executionId="8812972d-f702-4374-91c6-6f11fa451573" testId="0a56f9d6-a112-b49c-99d2-6b5e683875e5" testName="MapToErrorData_ShouldMapToExpectedErrorData_ForAllKnownExceptionMessages (Request rejected, no active session.,40295,30)" computerName="DKSR-EFI-04" duration="00:00:00.0000078" startTime="2023-12-22T09:32:35.0684774+01:00" endTime="2023-12-22T09:32:35.0684774+01:00" testType="13cdc9d9-ddb5-4fa4-a97d-d965ccfc6d4b" outcome="Passed" testListId="8c84fa94-04c1-424b-9868-57a2d4851a1d" relativeResultsDirectory="8812972d-f702-4374-91c6-6f11fa451573" />
    <UnitTestResult executionId="15c91f1f-deda-4096-8569-09a6676e89cf" testId="5ea4ae92-bea4-eca8-7349-68147908519e" testName="MapToErrorData_ShouldMapToExpectedErrorData_ForAllKnownExceptionMessages (Parameter 'searchBeginTime' not specified.,40000,0)" computerName="DKSR-EFI-04" duration="00:00:00.0000192" startTime="2023-12-22T09:32:35.0841018+01:00" endTime="2023-12-22T09:32:35.0841018+01:00" testType="13cdc9d9-ddb5-4fa4-a97d-d965ccfc6d4b" outcome="Passed" testListId="8c84fa94-04c1-424b-9868-57a2d4851a1d" relativeResultsDirectory="15c91f1f-deda-4096-8569-09a6676e89cf" />
    <UnitTestResult executionId="48c6f6f2-44a7-4df9-953c-3ec4feca8e9e" testId="a4061941-463c-b9c5-eab7-f048b396093b" testName="MapToErrorData_ShouldMapToExpectedErrorData_ForAllKnownExceptionMessages (Parameter 'timeLineInformationCount' not specified.,40000,0)" computerName="DKSR-EFI-04" duration="00:00:00.0000190" startTime="2023-12-22T09:32:35.0841018+01:00" endTime="2023-12-22T09:32:35.0841018+01:00" testType="13cdc9d9-ddb5-4fa4-a97d-d965ccfc6d4b" outcome="Passed" testListId="8c84fa94-04c1-424b-9868-57a2d4851a1d" relativeResultsDirectory="48c6f6f2-44a7-4df9-953c-3ec4feca8e9e" />
    <UnitTestResult executionId="e10819fb-1a3a-48c9-ab4e-168eb5f3bd7a" testId="4e8526a2-21e6-96c3-62dd-a123b69eb25e" testName="MapToErrorData_ShouldMapToExpectedErrorData_ForAllKnownExceptionMessages (Cannot release non existing session.,40295,33)" computerName="DKSR-EFI-04" duration="00:00:00.0000084" startTime="2023-12-22T09:32:35.0684774+01:00" endTime="2023-12-22T09:32:35.0684774+01:00" testType="13cdc9d9-ddb5-4fa4-a97d-d965ccfc6d4b" outcome="Passed" testListId="8c84fa94-04c1-424b-9868-57a2d4851a1d" relativeResultsDirectory="e10819fb-1a3a-48c9-ab4e-168eb5f3bd7a" />
    <UnitTestResult executionId="735787ca-f99e-4172-b61f-ba8fcd28efa6" testId="cdcd4214-dce7-7f93-0171-e10b4fb17398" testName="MapToErrorData_ShouldMapToExpectedErrorData_ForAllKnownExceptionMessages (Parameter 'timeLineInformationInterval/MicroSeconds' not specified.,40000,0)" computerName="DKSR-EFI-04" duration="00:00:00.0000213" startTime="2023-12-22T09:32:35.0841018+01:00" endTime="2023-12-22T09:32:35.0841018+01:00" testType="13cdc9d9-ddb5-4fa4-a97d-d965ccfc6d4b" outcome="Passed" testListId="8c84fa94-04c1-424b-9868-57a2d4851a1d" relativeResultsDirectory="735787ca-f99e-4172-b61f-ba8fcd28efa6" />
    <UnitTestResult executionId="36cefb98-d818-4990-8179-0189a9b8f57f" testId="6b4b90d8-d3e9-0094-2600-28c6df9535e2" testName="MapToErrorData_ShouldMapToExpectedErrorData_ForAllKnownExceptionMessages (Parameter 'millisecondsTimeout' not specified.,40000,0)" computerName="DKSR-EFI-04" duration="00:00:00.0000204" startTime="2023-12-22T09:32:35.0841018+01:00" endTime="2023-12-22T09:32:35.0841018+01:00" testType="13cdc9d9-ddb5-4fa4-a97d-d965ccfc6d4b" outcome="Passed" testListId="8c84fa94-04c1-424b-9868-57a2d4851a1d" relativeResultsDirectory="36cefb98-d818-4990-8179-0189a9b8f57f" />
    <UnitTestResult executionId="fa2c0718-3a33-4d18-9419-2e204efd959b" testId="5c98e229-8500-5ace-562c-1baf328a0f4f" testName="MapToErrorData_ShouldMapToExpectedErrorData_ForAllKnownExceptionMessages (Parameter 'left' not a double.,40000,0)" computerName="DKSR-EFI-04" duration="00:00:00.0000146" startTime="2023-12-22T09:32:35.0684774+01:00" endTime="2023-12-22T09:32:35.0684774+01:00" testType="13cdc9d9-ddb5-4fa4-a97d-d965ccfc6d4b" outcome="Passed" testListId="8c84fa94-04c1-424b-9868-57a2d4851a1d" relativeResultsDirectory="fa2c0718-3a33-4d18-9419-2e204efd959b" />
    <UnitTestResult executionId="559d1e0a-36b1-49e4-91c2-9fb36bdf364f" testId="3de451e6-e9ff-60cf-caf1-eded2476da5e" testName="MapToErrorData_ShouldMapToExpectedErrorData_ForAllKnownExceptionMessages (Parameter 'centerX' not specified.,40000,0)" computerName="DKSR-EFI-04" duration="00:00:00.0000143" startTime="2023-12-22T09:32:35.0684774+01:00" endTime="2023-12-22T09:32:35.0684774+01:00" testType="13cdc9d9-ddb5-4fa4-a97d-d965ccfc6d4b" outcome="Passed" testListId="8c84fa94-04c1-424b-9868-57a2d4851a1d" relativeResultsDirectory="559d1e0a-36b1-49e4-91c2-9fb36bdf364f" />
    <UnitTestResult executionId="e719a06c-b511-463e-8da6-7401b54a91ed" testId="3cbedfad-2aac-5479-6908-c59bcbeadc60" testName="MapToErrorData_ShouldMapToExpectedErrorData_ForAllKnownExceptionMessages (Parameter 'searchInterval/MicroSeconds' not specified.,40000,0)" computerName="DKSR-EFI-04" duration="00:00:00.0000225" startTime="2023-12-22T09:32:35.0841018+01:00" endTime="2023-12-22T09:32:35.0841018+01:00" testType="13cdc9d9-ddb5-4fa4-a97d-d965ccfc6d4b" outcome="Passed" testListId="8c84fa94-04c1-424b-9868-57a2d4851a1d" relativeResultsDirectory="e719a06c-b511-463e-8da6-7401b54a91ed" />
    <UnitTestResult executionId="065b46d5-7e3e-4ef1-a1c5-a912d752590b" testId="84062b4b-0351-f725-03ca-f5c5abeb6755" testName="MapToErrorData_ShouldMapToExpectedErrorData_ForAllKnownExceptionMessages (Viewing of live JPEG not allowed,40000,0)" computerName="DKSR-EFI-04" duration="00:00:00.0000109" startTime="2023-12-22T09:32:35.0841018+01:00" endTime="2023-12-22T09:32:35.0841018+01:00" testType="13cdc9d9-ddb5-4fa4-a97d-d965ccfc6d4b" outcome="Passed" testListId="8c84fa94-04c1-424b-9868-57a2d4851a1d" relativeResultsDirectory="065b46d5-7e3e-4ef1-a1c5-a912d752590b" />
    <UnitTestResult executionId="bb5e0376-4507-436d-bd7d-c1930c20fcff" testId="da55e9b6-e338-389a-ee23-8f76fe1d70b2" testName="MapToErrorData_ShouldMapToExpectedErrorData_ForAllKnownExceptionMessages (Parameter 'maxWidth' not specified.,40000,0)" computerName="DKSR-EFI-04" duration="00:00:00.0000127" startTime="2023-12-22T09:32:35.0684774+01:00" endTime="2023-12-22T09:32:35.0684774+01:00" testType="13cdc9d9-ddb5-4fa4-a97d-d965ccfc6d4b" outcome="Passed" testListId="8c84fa94-04c1-424b-9868-57a2d4851a1d" relativeResultsDirectory="bb5e0376-4507-436d-bd7d-c1930c20fcff" />
    <UnitTestResult executionId="3bf5fd24-3e44-4932-ac88-72397c6dd7b9" testId="e52bb301-d087-6708-af07-3c2a10a87dc7" testName="MapToErrorData_ShouldMapToExpectedErrorData_ForAllKnownExceptionMessages (Sequences Get Around With Span not allowed,40000,0)" computerName="DKSR-EFI-04" duration="00:00:00.0000214" startTime="2023-12-22T09:32:35.0997269+01:00" endTime="2023-12-22T09:32:35.0997269+01:00" testType="13cdc9d9-ddb5-4fa4-a97d-d965ccfc6d4b" outcome="Passed" testListId="8c84fa94-04c1-424b-9868-57a2d4851a1d" relativeResultsDirectory="3bf5fd24-3e44-4932-ac88-72397c6dd7b9" />
  </Results>
  <TestDefinitions>
    <UnitTest name="MapToErrorData_ShouldMapToExpectedErrorData_ForAllKnownExceptionMessages (Parameter 'centerX' not specified.,40000,0)" storage="d:\actions-runner\_work\xpco\xpco\common\videoos.universal\videoos.universal.recorder.client.unittests\bin\debug\net472\videoos.universal.recorder.client.unittests.dll" id="3de451e6-e9ff-60cf-caf1-eded2476da5e">
      <Execution id="559d1e0a-36b1-49e4-91c2-9fb36bdf364f" />
      <TestMethod codeBase="D:\actions-runner\_work\XPCO\XPCO\Common\VideoOS.Universal\VideoOS.Universal.Recorder.Client.UnitTests\bin\Debug\net472\VideoOS.Universal.Recorder.Client.UnitTests.dll" adapterTypeName="executor://mstestadapter/v2" className="VideoOS.Universal.Recorder.Client.UnitTests.ErrorMappingTests" name="MapToErrorData_ShouldMapToExpectedErrorData_ForAllKnownExceptionMessages" />
    </UnitTest>
    <UnitTest name="MapToErrorData_ShouldMapToExpectedErrorData_ForAllKnownExceptionMessages (Device not ready, device Id =AACBA580-2202-4D25-9E27-2B193F56DEE9,40295,2)" storage="d:\actions-runner\_work\xpco\xpco\common\videoos.universal\videoos.universal.recorder.client.unittests\bin\debug\net472\videoos.universal.recorder.client.unittests.dll" id="5b36286e-511e-b92e-c691-7507e5edcbd9">
      <Execution id="eb6100be-5020-46b8-83c2-e83691e46ee9" />
      <TestMethod codeBase="D:\actions-runner\_work\XPCO\XPCO\Common\VideoOS.Universal\VideoOS.Universal.Recorder.Client.UnitTests\bin\Debug\net472\VideoOS.Universal.Recorder.Client.UnitTests.dll" adapterTypeName="executor://mstestadapter/v2" className="VideoOS.Universal.Recorder.Client.UnitTests.ErrorMappingTests" name="MapToErrorData_ShouldMapToExpectedErrorData_ForAllKnownExceptionMessages" />
    </UnitTest>
    <UnitTest name="MapToErrorData_ShouldMapToExpectedErrorData_ForAllKnownExceptionMessages (Parameter 'presetName' not specified.,40000,0)" storage="d:\actions-runner\_work\xpco\xpco\common\videoos.universal\videoos.universal.recorder.client.unittests\bin\debug\net472\videoos.universal.recorder.client.unittests.dll" id="79d01b25-66f4-d649-b353-4b10ed1f4ba5">
      <Execution id="2c196930-d141-42b7-95cc-ca1deab87820" />
      <TestMethod codeBase="D:\actions-runner\_work\XPCO\XPCO\Common\VideoOS.Universal\VideoOS.Universal.Recorder.Client.UnitTests\bin\Debug\net472\VideoOS.Universal.Recorder.Client.UnitTests.dll" adapterTypeName="executor://mstestadapter/v2" className="VideoOS.Universal.Recorder.Client.UnitTests.ErrorMappingTests" name="MapToErrorData_ShouldMapToExpectedErrorData_ForAllKnownExceptionMessages" />
    </UnitTest>
    <UnitTest name="MapToErrorData_ShouldMapToExpectedErrorData_ForAllKnownExceptionMessages (Request skipped - too many requests in queue,40295,21)" storage="d:\actions-runner\_work\xpco\xpco\common\videoos.universal\videoos.universal.recorder.client.unittests\bin\debug\net472\videoos.universal.recorder.client.unittests.dll" id="172200d1-41c8-c116-53fd-579deb4ba039">
      <Execution id="01c9f1a6-b21f-4509-8ce6-7ae115484d9c" />
      <TestMethod codeBase="D:\actions-runner\_work\XPCO\XPCO\Common\VideoOS.Universal\VideoOS.Universal.Recorder.Client.UnitTests\bin\Debug\net472\VideoOS.Universal.Recorder.Client.UnitTests.dll" adapterTypeName="executor://mstestadapter/v2" className="VideoOS.Universal.Recorder.Client.UnitTests.ErrorMappingTests" name="MapToErrorData_ShouldMapToExpectedErrorData_ForAllKnownExceptionMessages" />
    </UnitTest>
    <UnitTest name="MapToErrorData_ShouldMapToExpectedErrorData_ForAllKnownExceptionMessages (Parameter 'bottom' not a double.,40000,0)" storage="d:\actions-runner\_work\xpco\xpco\common\videoos.universal\videoos.universal.recorder.client.unittests\bin\debug\net472\videoos.universal.recorder.client.unittests.dll" id="25bff253-f84a-eeff-b6ec-74af700cd0bb">
      <Execution id="06ef0769-f5c7-42ac-9333-e8b55da41bd9" />
      <TestMethod codeBase="D:\actions-runner\_work\XPCO\XPCO\Common\VideoOS.Universal\VideoOS.Universal.Recorder.Client.UnitTests\bin\Debug\net472\VideoOS.Universal.Recorder.Client.UnitTests.dll" adapterTypeName="executor://mstestadapter/v2" className="VideoOS.Universal.Recorder.Client.UnitTests.ErrorMappingTests" name="MapToErrorData_ShouldMapToExpectedErrorData_ForAllKnownExceptionMessages" />
    </UnitTest>
    <UnitTest name="MapToErrorData_ShouldMapToExpectedErrorData_ForAllKnownExceptionMessages (Device AACBA580-2202-4D25-9E27-2B193F56DEE9 does not exist,40295,1)" storage="d:\actions-runner\_work\xpco\xpco\common\videoos.universal\videoos.universal.recorder.client.unittests\bin\debug\net472\videoos.universal.recorder.client.unittests.dll" id="6959902c-944b-3b12-47f4-15d4969107f4">
      <Execution id="b0d2f3fb-3307-46ae-85de-c0c3c36d474d" />
      <TestMethod codeBase="D:\actions-runner\_work\XPCO\XPCO\Common\VideoOS.Universal\VideoOS.Universal.Recorder.Client.UnitTests\bin\Debug\net472\VideoOS.Universal.Recorder.Client.UnitTests.dll" adapterTypeName="executor://mstestadapter/v2" className="VideoOS.Universal.Recorder.Client.UnitTests.ErrorMappingTests" name="MapToErrorData_ShouldMapToExpectedErrorData_ForAllKnownExceptionMessages" />
    </UnitTest>
    <UnitTest name="MapToErrorData_ShouldMapToExpectedErrorData_ForAllKnownExceptionMessages (Request rejected, current active ptz session is exclusive,40295,80)" storage="d:\actions-runner\_work\xpco\xpco\common\videoos.universal\videoos.universal.recorder.client.unittests\bin\debug\net472\videoos.universal.recorder.client.unittests.dll" id="424f4c69-d179-070c-3ab3-f54f84071324">
      <Execution id="d125d35c-d3ad-4dde-92d8-ab5c6b7e1d4b" />
      <TestMethod codeBase="D:\actions-runner\_work\XPCO\XPCO\Common\VideoOS.Universal\VideoOS.Universal.Recorder.Client.UnitTests\bin\Debug\net472\VideoOS.Universal.Recorder.Client.UnitTests.dll" adapterTypeName="executor://mstestadapter/v2" className="VideoOS.Universal.Recorder.Client.UnitTests.ErrorMappingTests" name="MapToErrorData_ShouldMapToExpectedErrorData_ForAllKnownExceptionMessages" />
    </UnitTest>
    <UnitTest name="MapToErrorData_ShouldMapToExpectedErrorData_ForAllKnownExceptionMessages (Parameter 'searchBeginTime' not specified.,40000,0)" storage="d:\actions-runner\_work\xpco\xpco\common\videoos.universal\videoos.universal.recorder.client.unittests\bin\debug\net472\videoos.universal.recorder.client.unittests.dll" id="5ea4ae92-bea4-eca8-7349-68147908519e">
      <Execution id="15c91f1f-deda-4096-8569-09a6676e89cf" />
      <TestMethod codeBase="D:\actions-runner\_work\XPCO\XPCO\Common\VideoOS.Universal\VideoOS.Universal.Recorder.Client.UnitTests\bin\Debug\net472\VideoOS.Universal.Recorder.Client.UnitTests.dll" adapterTypeName="executor://mstestadapter/v2" className="VideoOS.Universal.Recorder.Client.UnitTests.ErrorMappingTests" name="MapToErrorData_ShouldMapToExpectedErrorData_ForAllKnownExceptionMessages" />
    </UnitTest>
    <UnitTest name="MapToErrorData_ShouldMapToExpectedErrorData_ForAllKnownExceptionMessages (Export of JPEG not allowed(restricted media or dataSecurityExtension),40000,0)" storage="d:\actions-runner\_work\xpco\xpco\common\videoos.universal\videoos.universal.recorder.client.unittests\bin\debug\net472\videoos.universal.recorder.client.unittests.dll" id="915e587d-8f0f-190e-8430-9f8b18a5f74c">
      <Execution id="75185bde-f4a1-4f79-81ec-5e3993eabe90" />
      <TestMethod codeBase="D:\actions-runner\_work\XPCO\XPCO\Common\VideoOS.Universal\VideoOS.Universal.Recorder.Client.UnitTests\bin\Debug\net472\VideoOS.Universal.Recorder.Client.UnitTests.dll" adapterTypeName="executor://mstestadapter/v2" className="VideoOS.Universal.Recorder.Client.UnitTests.ErrorMappingTests" name="MapToErrorData_ShouldMapToExpectedErrorData_ForAllKnownExceptionMessages" />
    </UnitTest>
    <UnitTest name="MapToErrorData_ShouldMapToExpectedErrorData_ForAllKnownExceptionMessages (Parameter 'millisecondsTimeout' not specified.,40000,0)" storage="d:\actions-runner\_work\xpco\xpco\common\videoos.universal\videoos.universal.recorder.client.unittests\bin\debug\net472\videoos.universal.recorder.client.unittests.dll" id="6b4b90d8-d3e9-0094-2600-28c6df9535e2">
      <Execution id="36cefb98-d818-4990-8179-0189a9b8f57f" />
      <TestMethod codeBase="D:\actions-runner\_work\XPCO\XPCO\Common\VideoOS.Universal\VideoOS.Universal.Recorder.Client.UnitTests\bin\Debug\net472\VideoOS.Universal.Recorder.Client.UnitTests.dll" adapterTypeName="executor://mstestadapter/v2" className="VideoOS.Universal.Recorder.Client.UnitTests.ErrorMappingTests" name="MapToErrorData_ShouldMapToExpectedErrorData_ForAllKnownExceptionMessages" />
    </UnitTest>
    <UnitTest name="MapToErrorData_ShouldMapToExpectedErrorData_ForAllKnownExceptionMessages (Invalid format. Value 'MicroSeconds' not specified for 'duration' parameter.,40000,0)" storage="d:\actions-runner\_work\xpco\xpco\common\videoos.universal\videoos.universal.recorder.client.unittests\bin\debug\net472\videoos.universal.recorder.client.unittests.dll" id="64215c8b-534d-afc2-4b86-be52a4466b0c">
      <Execution id="4f8eca39-47cb-4f7c-b756-473cf4a226fa" />
      <TestMethod codeBase="D:\actions-runner\_work\XPCO\XPCO\Common\VideoOS.Universal\VideoOS.Universal.Recorder.Client.UnitTests\bin\Debug\net472\VideoOS.Universal.Recorder.Client.UnitTests.dll" adapterTypeName="executor://mstestadapter/v2" className="VideoOS.Universal.Recorder.Client.UnitTests.ErrorMappingTests" name="MapToErrorData_ShouldMapToExpectedErrorData_ForAllKnownExceptionMessages" />
    </UnitTest>
    <UnitTest name="MapToErrorData_ShouldMapToExpectedErrorData_ForAllKnownExceptionMessages (Export of JPEG not allowed,40000,0)" storage="d:\actions-runner\_work\xpco\xpco\common\videoos.universal\videoos.universal.recorder.client.unittests\bin\debug\net472\videoos.universal.recorder.client.unittests.dll" id="eca58048-cf56-2e11-d62e-ebb1aa07c891">
      <Execution id="4d673b75-b1df-4e71-aeb1-5a3d74197150" />
      <TestMethod codeBase="D:\actions-runner\_work\XPCO\XPCO\Common\VideoOS.Universal\VideoOS.Universal.Recorder.Client.UnitTests\bin\Debug\net472\VideoOS.Universal.Recorder.Client.UnitTests.dll" adapterTypeName="executor://mstestadapter/v2" className="VideoOS.Universal.Recorder.Client.UnitTests.ErrorMappingTests" name="MapToErrorData_ShouldMapToExpectedErrorData_ForAllKnownExceptionMessages" />
    </UnitTest>
    <UnitTest name="MapToErrorData_ShouldMapToExpectedErrorData_ForAllKnownExceptionMessages (Cannot release patrolling session.,40295,42)" storage="d:\actions-runner\_work\xpco\xpco\common\videoos.universal\videoos.universal.recorder.client.unittests\bin\debug\net472\videoos.universal.recorder.client.unittests.dll" id="576db89d-9e4e-f54b-0485-3e8451bbf745">
      <Execution id="98610a8a-b749-4888-ac21-07925ff834f3" />
      <TestMethod codeBase="D:\actions-runner\_work\XPCO\XPCO\Common\VideoOS.Universal\VideoOS.Universal.Recorder.Client.UnitTests\bin\Debug\net472\VideoOS.Universal.Recorder.Client.UnitTests.dll" adapterTypeName="executor://mstestadapter/v2" className="VideoOS.Universal.Recorder.Client.UnitTests.ErrorMappingTests" name="MapToErrorData_ShouldMapToExpectedErrorData_ForAllKnownExceptionMessages" />
    </UnitTest>
    <UnitTest name="MapToErrorData_ShouldMapToExpectedErrorData_ForAllKnownExceptionMessages (Parameter 'sensitivity' not specified.,40000,0)" storage="d:\actions-runner\_work\xpco\xpco\common\videoos.universal\videoos.universal.recorder.client.unittests\bin\debug\net472\videoos.universal.recorder.client.unittests.dll" id="1a74203f-edc4-8f5f-edac-50b1758e0fdc">
      <Execution id="5ad2a7b1-707f-47ac-ab44-9b84aee43617" />
      <TestMethod codeBase="D:\actions-runner\_work\XPCO\XPCO\Common\VideoOS.Universal\VideoOS.Universal.Recorder.Client.UnitTests\bin\Debug\net472\VideoOS.Universal.Recorder.Client.UnitTests.dll" adapterTypeName="executor://mstestadapter/v2" className="VideoOS.Universal.Recorder.Client.UnitTests.ErrorMappingTests" name="MapToErrorData_ShouldMapToExpectedErrorData_ForAllKnownExceptionMessages" />
    </UnitTest>
    <UnitTest name="MapToErrorData_ShouldMapToExpectedErrorData_ForAllKnownExceptionMessages (Unknown session used for Multicast Continue: AACBA580-2202-4D25-9E27-2B193F56DEE9,40000,0)" storage="d:\actions-runner\_work\xpco\xpco\common\videoos.universal\videoos.universal.recorder.client.unittests\bin\debug\net472\videoos.universal.recorder.client.unittests.dll" id="47a84cb6-b4e8-aeb0-64fc-4d834f10f86d">
      <Execution id="2bd8cd45-b208-4eee-a856-9a283e8017f1" />
      <TestMethod codeBase="D:\actions-runner\_work\XPCO\XPCO\Common\VideoOS.Universal\VideoOS.Universal.Recorder.Client.UnitTests\bin\Debug\net472\VideoOS.Universal.Recorder.Client.UnitTests.dll" adapterTypeName="executor://mstestadapter/v2" className="VideoOS.Universal.Recorder.Client.UnitTests.ErrorMappingTests" name="MapToErrorData_ShouldMapToExpectedErrorData_ForAllKnownExceptionMessages" />
    </UnitTest>
    <UnitTest name="MapToErrorData_ShouldMapToExpectedErrorData_ForAllKnownExceptionMessages (Parameter 'multicastSessionIds' not specified.,40000,0)" storage="d:\actions-runner\_work\xpco\xpco\common\videoos.universal\videoos.universal.recorder.client.unittests\bin\debug\net472\videoos.universal.recorder.client.unittests.dll" id="66bbd2a1-ed44-421d-d7a9-e8931a394d9d">
      <Execution id="aad667ec-908e-46f4-8627-2d4c91911937" />
      <TestMethod codeBase="D:\actions-runner\_work\XPCO\XPCO\Common\VideoOS.Universal\VideoOS.Universal.Recorder.Client.UnitTests\bin\Debug\net472\VideoOS.Universal.Recorder.Client.UnitTests.dll" adapterTypeName="executor://mstestadapter/v2" className="VideoOS.Universal.Recorder.Client.UnitTests.ErrorMappingTests" name="MapToErrorData_ShouldMapToExpectedErrorData_ForAllKnownExceptionMessages" />
    </UnitTest>
    <UnitTest name="MapToErrorData_ShouldMapToExpectedErrorData_ForAllKnownExceptionMessages (Output Deactivate not allowed,40000,0)" storage="d:\actions-runner\_work\xpco\xpco\common\videoos.universal\videoos.universal.recorder.client.unittests\bin\debug\net472\videoos.universal.recorder.client.unittests.dll" id="0bcb192c-3422-b67d-333d-4149b944fb7f">
      <Execution id="859068b8-c4d4-4b2f-8ef1-208aa1006da2" />
      <TestMethod codeBase="D:\actions-runner\_work\XPCO\XPCO\Common\VideoOS.Universal\VideoOS.Universal.Recorder.Client.UnitTests\bin\Debug\net472\VideoOS.Universal.Recorder.Client.UnitTests.dll" adapterTypeName="executor://mstestadapter/v2" className="VideoOS.Universal.Recorder.Client.UnitTests.ErrorMappingTests" name="MapToErrorData_ShouldMapToExpectedErrorData_ForAllKnownExceptionMessages" />
    </UnitTest>
    <UnitTest name="MapToErrorData_ShouldMapToExpectedErrorData_ForAllKnownExceptionMessages (Unknown patrolling schema, id=AACBA580-2202-4D25-9E27-2B193F56DEE9,40295,50)" storage="d:\actions-runner\_work\xpco\xpco\common\videoos.universal\videoos.universal.recorder.client.unittests\bin\debug\net472\videoos.universal.recorder.client.unittests.dll" id="0e2b2cd3-de0d-7f04-6e71-b362597d24fa">
      <Execution id="1a36d5e9-32b0-43fa-ad9b-786abf3ed3ff" />
      <TestMethod codeBase="D:\actions-runner\_work\XPCO\XPCO\Common\VideoOS.Universal\VideoOS.Universal.Recorder.Client.UnitTests\bin\Debug\net472\VideoOS.Universal.Recorder.Client.UnitTests.dll" adapterTypeName="executor://mstestadapter/v2" className="VideoOS.Universal.Recorder.Client.UnitTests.ErrorMappingTests" name="MapToErrorData_ShouldMapToExpectedErrorData_ForAllKnownExceptionMessages" />
    </UnitTest>
    <UnitTest name="MapToErrorData_ShouldMapToExpectedErrorData_ForAllKnownExceptionMessages (Parameter 'searchInterval/MicroSeconds' not specified.,40000,0)" storage="d:\actions-runner\_work\xpco\xpco\common\videoos.universal\videoos.universal.recorder.client.unittests\bin\debug\net472\videoos.universal.recorder.client.unittests.dll" id="3cbedfad-2aac-5479-6908-c59bcbeadc60">
      <Execution id="e719a06c-b511-463e-8da6-7401b54a91ed" />
      <TestMethod codeBase="D:\actions-runner\_work\XPCO\XPCO\Common\VideoOS.Universal\VideoOS.Universal.Recorder.Client.UnitTests\bin\Debug\net472\VideoOS.Universal.Recorder.Client.UnitTests.dll" adapterTypeName="executor://mstestadapter/v2" className="VideoOS.Universal.Recorder.Client.UnitTests.ErrorMappingTests" name="MapToErrorData_ShouldMapToExpectedErrorData_ForAllKnownExceptionMessages" />
    </UnitTest>
    <UnitTest name="MapToErrorData_ShouldMapToExpectedErrorData_ForAllKnownExceptionMessages (Cannot release other users manual patrolling session,40295,90)" storage="d:\actions-runner\_work\xpco\xpco\common\videoos.universal\videoos.universal.recorder.client.unittests\bin\debug\net472\videoos.universal.recorder.client.unittests.dll" id="f21a1bd1-352e-7008-37e3-cc2dcc23df56">
      <Execution id="f6929083-47c8-4a8c-b87a-77afb5321c23" />
      <TestMethod codeBase="D:\actions-runner\_work\XPCO\XPCO\Common\VideoOS.Universal\VideoOS.Universal.Recorder.Client.UnitTests\bin\Debug\net472\VideoOS.Universal.Recorder.Client.UnitTests.dll" adapterTypeName="executor://mstestadapter/v2" className="VideoOS.Universal.Recorder.Client.UnitTests.ErrorMappingTests" name="MapToErrorData_ShouldMapToExpectedErrorData_ForAllKnownExceptionMessages" />
    </UnitTest>
    <UnitTest name="MapToErrorData_ShouldMapToExpectedErrorData_ForAllKnownExceptionMessages (Request rejected, cannot pause a reserved session,40295,71)" storage="d:\actions-runner\_work\xpco\xpco\common\videoos.universal\videoos.universal.recorder.client.unittests\bin\debug\net472\videoos.universal.recorder.client.unittests.dll" id="2cfd34c6-cbe9-d4ac-0b6d-c5ffc7143273">
      <Execution id="0a371b3e-4372-4321-94cf-81fc20ec7801" />
      <TestMethod codeBase="D:\actions-runner\_work\XPCO\XPCO\Common\VideoOS.Universal\VideoOS.Universal.Recorder.Client.UnitTests\bin\Debug\net472\VideoOS.Universal.Recorder.Client.UnitTests.dll" adapterTypeName="executor://mstestadapter/v2" className="VideoOS.Universal.Recorder.Client.UnitTests.ErrorMappingTests" name="MapToErrorData_ShouldMapToExpectedErrorData_ForAllKnownExceptionMessages" />
    </UnitTest>
    <UnitTest name="MapToErrorData_ShouldMapToExpectedErrorData_ForAllKnownExceptionMessages (Output Activate not allowed,40000,0)" storage="d:\actions-runner\_work\xpco\xpco\common\videoos.universal\videoos.universal.recorder.client.unittests\bin\debug\net472\videoos.universal.recorder.client.unittests.dll" id="cdd8338a-8f64-2b0d-80b8-d04a876f0ab6">
      <Execution id="c839780d-4e64-4541-bf02-a8e7f10dfe45" />
      <TestMethod codeBase="D:\actions-runner\_work\XPCO\XPCO\Common\VideoOS.Universal\VideoOS.Universal.Recorder.Client.UnitTests\bin\Debug\net472\VideoOS.Universal.Recorder.Client.UnitTests.dll" adapterTypeName="executor://mstestadapter/v2" className="VideoOS.Universal.Recorder.Client.UnitTests.ErrorMappingTests" name="MapToErrorData_ShouldMapToExpectedErrorData_ForAllKnownExceptionMessages" />
    </UnitTest>
    <UnitTest name="MapToErrorData_ShouldMapToExpectedErrorData_ForAllKnownExceptionMessages (Parameter 'maxCountBefore' not specified.,40000,0)" storage="d:\actions-runner\_work\xpco\xpco\common\videoos.universal\videoos.universal.recorder.client.unittests\bin\debug\net472\videoos.universal.recorder.client.unittests.dll" id="d64221b5-22c5-e091-f454-9a2b075ad9ad">
      <Execution id="24ef86e8-8802-45e1-bcf2-500c03d09b89" />
      <TestMethod codeBase="D:\actions-runner\_work\XPCO\XPCO\Common\VideoOS.Universal\VideoOS.Universal.Recorder.Client.UnitTests\bin\Debug\net472\VideoOS.Universal.Recorder.Client.UnitTests.dll" adapterTypeName="executor://mstestadapter/v2" className="VideoOS.Universal.Recorder.Client.UnitTests.ErrorMappingTests" name="MapToErrorData_ShouldMapToExpectedErrorData_ForAllKnownExceptionMessages" />
    </UnitTest>
    <UnitTest name="MapToErrorData_ShouldMapToExpectedErrorData_ForAllKnownExceptionMessages (Parameter 'maxCountAfter' not specified.,40000,0)" storage="d:\actions-runner\_work\xpco\xpco\common\videoos.universal\videoos.universal.recorder.client.unittests\bin\debug\net472\videoos.universal.recorder.client.unittests.dll" id="e247e266-501e-90c6-c043-753ae0950fd1">
      <Execution id="7e73d804-486a-4c6c-9da3-853a8dc51933" />
      <TestMethod codeBase="D:\actions-runner\_work\XPCO\XPCO\Common\VideoOS.Universal\VideoOS.Universal.Recorder.Client.UnitTests\bin\Debug\net472\VideoOS.Universal.Recorder.Client.UnitTests.dll" adapterTypeName="executor://mstestadapter/v2" className="VideoOS.Universal.Recorder.Client.UnitTests.ErrorMappingTests" name="MapToErrorData_ShouldMapToExpectedErrorData_ForAllKnownExceptionMessages" />
    </UnitTest>
    <UnitTest name="MapToErrorData_ShouldMapToExpectedErrorData_ForAllKnownExceptionMessages (Parameter 'deviceIds' not specified.,40000,0)" storage="d:\actions-runner\_work\xpco\xpco\common\videoos.universal\videoos.universal.recorder.client.unittests\bin\debug\net472\videoos.universal.recorder.client.unittests.dll" id="1c563eee-ea87-f8a5-f58c-30288f22e43f">
      <Execution id="385ed523-6725-45d0-aaa3-df35ab39c1c5" />
      <TestMethod codeBase="D:\actions-runner\_work\XPCO\XPCO\Common\VideoOS.Universal\VideoOS.Universal.Recorder.Client.UnitTests\bin\Debug\net472\VideoOS.Universal.Recorder.Client.UnitTests.dll" adapterTypeName="executor://mstestadapter/v2" className="VideoOS.Universal.Recorder.Client.UnitTests.ErrorMappingTests" name="MapToErrorData_ShouldMapToExpectedErrorData_ForAllKnownExceptionMessages" />
    </UnitTest>
    <UnitTest name="MapToErrorData_ShouldMapToExpectedErrorData_ForAllKnownExceptionMessages (Cannot release session without proper permission.,40295,60)" storage="d:\actions-runner\_work\xpco\xpco\common\videoos.universal\videoos.universal.recorder.client.unittests\bin\debug\net472\videoos.universal.recorder.client.unittests.dll" id="a9629622-3b35-16e8-6860-7bdb0490339f">
      <Execution id="25232aeb-53dc-47b6-bde5-513ce72bd5d6" />
      <TestMethod codeBase="D:\actions-runner\_work\XPCO\XPCO\Common\VideoOS.Universal\VideoOS.Universal.Recorder.Client.UnitTests\bin\Debug\net472\VideoOS.Universal.Recorder.Client.UnitTests.dll" adapterTypeName="executor://mstestadapter/v2" className="VideoOS.Universal.Recorder.Client.UnitTests.ErrorMappingTests" name="MapToErrorData_ShouldMapToExpectedErrorData_ForAllKnownExceptionMessages" />
    </UnitTest>
    <UnitTest name="MapToErrorData_ShouldMapToExpectedErrorData_ForAllKnownExceptionMessages (Parameter 'right' not specified.,40000,0)" storage="d:\actions-runner\_work\xpco\xpco\common\videoos.universal\videoos.universal.recorder.client.unittests\bin\debug\net472\videoos.universal.recorder.client.unittests.dll" id="52e71d86-781d-3b49-4d82-183580fa775c">
      <Execution id="65c13e39-9eeb-4554-a8d0-5c5421c0a24e" />
      <TestMethod codeBase="D:\actions-runner\_work\XPCO\XPCO\Common\VideoOS.Universal\VideoOS.Universal.Recorder.Client.UnitTests\bin\Debug\net472\VideoOS.Universal.Recorder.Client.UnitTests.dll" adapterTypeName="executor://mstestadapter/v2" className="VideoOS.Universal.Recorder.Client.UnitTests.ErrorMappingTests" name="MapToErrorData_ShouldMapToExpectedErrorData_ForAllKnownExceptionMessages" />
    </UnitTest>
    <UnitTest name="MapToErrorData_ShouldMapToExpectedErrorData_ForAllKnownExceptionMessages (Sequences Get Around With Span not allowed,40000,0)" storage="d:\actions-runner\_work\xpco\xpco\common\videoos.universal\videoos.universal.recorder.client.unittests\bin\debug\net472\videoos.universal.recorder.client.unittests.dll" id="e52bb301-d087-6708-af07-3c2a10a87dc7">
      <Execution id="3bf5fd24-3e44-4932-ac88-72397c6dd7b9" />
      <TestMethod codeBase="D:\actions-runner\_work\XPCO\XPCO\Common\VideoOS.Universal\VideoOS.Universal.Recorder.Client.UnitTests\bin\Debug\net472\VideoOS.Universal.Recorder.Client.UnitTests.dll" adapterTypeName="executor://mstestadapter/v2" className="VideoOS.Universal.Recorder.Client.UnitTests.ErrorMappingTests" name="MapToErrorData_ShouldMapToExpectedErrorData_ForAllKnownExceptionMessages" />
    </UnitTest>
    <UnitTest name="MapToErrorData_ShouldMapToExpectedErrorData_ForAllKnownExceptionMessages (Invalid soap message,10002,0)" storage="d:\actions-runner\_work\xpco\xpco\common\videoos.universal\videoos.universal.recorder.client.unittests\bin\debug\net472\videoos.universal.recorder.client.unittests.dll" id="4bbd5f1c-4278-16ef-90d8-37ebb05b89f5">
      <Execution id="6df77d90-493b-4d5f-b221-965f50ea4a9d" />
      <TestMethod codeBase="D:\actions-runner\_work\XPCO\XPCO\Common\VideoOS.Universal\VideoOS.Universal.Recorder.Client.UnitTests\bin\Debug\net472\VideoOS.Universal.Recorder.Client.UnitTests.dll" adapterTypeName="executor://mstestadapter/v2" className="VideoOS.Universal.Recorder.Client.UnitTests.ErrorMappingTests" name="MapToErrorData_ShouldMapToExpectedErrorData_ForAllKnownExceptionMessages" />
    </UnitTest>
    <UnitTest name="MapToErrorData_ShouldMapToExpectedErrorData_ForAllKnownExceptionMessages (Token could not be validated at this time,20001,4)" storage="d:\actions-runner\_work\xpco\xpco\common\videoos.universal\videoos.universal.recorder.client.unittests\bin\debug\net472\videoos.universal.recorder.client.unittests.dll" id="1fdb8ac2-521d-82cf-3eb4-b6d012ffb316">
      <Execution id="62ef336e-169f-4751-90c3-05e6b5152cc2" />
      <TestMethod codeBase="D:\actions-runner\_work\XPCO\XPCO\Common\VideoOS.Universal\VideoOS.Universal.Recorder.Client.UnitTests\bin\Debug\net472\VideoOS.Universal.Recorder.Client.UnitTests.dll" adapterTypeName="executor://mstestadapter/v2" className="VideoOS.Universal.Recorder.Client.UnitTests.ErrorMappingTests" name="MapToErrorData_ShouldMapToExpectedErrorData_ForAllKnownExceptionMessages" />
    </UnitTest>
    <UnitTest name="MapToErrorData_ShouldMapToExpectedErrorData_ForAllKnownExceptionMessages (Cannot pause a session which is not running.,40295,33)" storage="d:\actions-runner\_work\xpco\xpco\common\videoos.universal\videoos.universal.recorder.client.unittests\bin\debug\net472\videoos.universal.recorder.client.unittests.dll" id="22c6193f-fa6b-3dd2-48f8-103f19932add">
      <Execution id="1b93e6ac-e644-4d56-a27a-4fd2cb6eeda2" />
      <TestMethod codeBase="D:\actions-runner\_work\XPCO\XPCO\Common\VideoOS.Universal\VideoOS.Universal.Recorder.Client.UnitTests\bin\Debug\net472\VideoOS.Universal.Recorder.Client.UnitTests.dll" adapterTypeName="executor://mstestadapter/v2" className="VideoOS.Universal.Recorder.Client.UnitTests.ErrorMappingTests" name="MapToErrorData_ShouldMapToExpectedErrorData_ForAllKnownExceptionMessages" />
    </UnitTest>
    <UnitTest name="MapToErrorData_ShouldMapToExpectedErrorData_ForAllKnownExceptionMessages (Request rejected, request priority (2) equal to current priority (2).,40295,20)" storage="d:\actions-runner\_work\xpco\xpco\common\videoos.universal\videoos.universal.recorder.client.unittests\bin\debug\net472\videoos.universal.recorder.client.unittests.dll" id="f891573d-1f03-0588-9add-49ce9631761e">
      <Execution id="029f4aa6-3736-4ca3-9f06-8405489225d7" />
      <TestMethod codeBase="D:\actions-runner\_work\XPCO\XPCO\Common\VideoOS.Universal\VideoOS.Universal.Recorder.Client.UnitTests\bin\Debug\net472\VideoOS.Universal.Recorder.Client.UnitTests.dll" adapterTypeName="executor://mstestadapter/v2" className="VideoOS.Universal.Recorder.Client.UnitTests.ErrorMappingTests" name="MapToErrorData_ShouldMapToExpectedErrorData_ForAllKnownExceptionMessages" />
    </UnitTest>
    <UnitTest name="MapToErrorData_ShouldMapToExpectedErrorData_ForAllKnownExceptionMessages (Parameter 'timeLineInformationCount' not specified.,40000,0)" storage="d:\actions-runner\_work\xpco\xpco\common\videoos.universal\videoos.universal.recorder.client.unittests\bin\debug\net472\videoos.universal.recorder.client.unittests.dll" id="a4061941-463c-b9c5-eab7-f048b396093b">
      <Execution id="48c6f6f2-44a7-4df9-953c-3ec4feca8e9e" />
      <TestMethod codeBase="D:\actions-runner\_work\XPCO\XPCO\Common\VideoOS.Universal\VideoOS.Universal.Recorder.Client.UnitTests\bin\Debug\net472\VideoOS.Universal.Recorder.Client.UnitTests.dll" adapterTypeName="executor://mstestadapter/v2" className="VideoOS.Universal.Recorder.Client.UnitTests.ErrorMappingTests" name="MapToErrorData_ShouldMapToExpectedErrorData_ForAllKnownExceptionMessages" />
    </UnitTest>
    <UnitTest name="MapToErrorData_ShouldMapToExpectedErrorData_ForAllKnownExceptionMessages (Execute request on non-active session is not allowed,40295,31)" storage="d:\actions-runner\_work\xpco\xpco\common\videoos.universal\videoos.universal.recorder.client.unittests\bin\debug\net472\videoos.universal.recorder.client.unittests.dll" id="4ba9662d-e957-b78d-096a-9e6f10392a1d">
      <Execution id="8f90b4ae-e04d-4a0d-bea4-7fc983ca6703" />
      <TestMethod codeBase="D:\actions-runner\_work\XPCO\XPCO\Common\VideoOS.Universal\VideoOS.Universal.Recorder.Client.UnitTests\bin\Debug\net472\VideoOS.Universal.Recorder.Client.UnitTests.dll" adapterTypeName="executor://mstestadapter/v2" className="VideoOS.Universal.Recorder.Client.UnitTests.ErrorMappingTests" name="MapToErrorData_ShouldMapToExpectedErrorData_ForAllKnownExceptionMessages" />
    </UnitTest>
    <UnitTest name="MapToErrorData_ShouldMapToExpectedErrorData_ForAllKnownExceptionMessages (Parameter 'searchMask' not specified.,40000,0)" storage="d:\actions-runner\_work\xpco\xpco\common\videoos.universal\videoos.universal.recorder.client.unittests\bin\debug\net472\videoos.universal.recorder.client.unittests.dll" id="8cebbcea-e37f-ee79-2ee6-f63ab99fe3ff">
      <Execution id="04dbc257-d10f-439b-b5d4-5c6f37616eca" />
      <TestMethod codeBase="D:\actions-runner\_work\XPCO\XPCO\Common\VideoOS.Universal\VideoOS.Universal.Recorder.Client.UnitTests\bin\Debug\net472\VideoOS.Universal.Recorder.Client.UnitTests.dll" adapterTypeName="executor://mstestadapter/v2" className="VideoOS.Universal.Recorder.Client.UnitTests.ErrorMappingTests" name="MapToErrorData_ShouldMapToExpectedErrorData_ForAllKnownExceptionMessages" />
    </UnitTest>
    <UnitTest name="MapToErrorData_ShouldMapToExpectedErrorData_ForAllKnownExceptionMessages (Sequences Get not allowed,40000,0)" storage="d:\actions-runner\_work\xpco\xpco\common\videoos.universal\videoos.universal.recorder.client.unittests\bin\debug\net472\videoos.universal.recorder.client.unittests.dll" id="e38d3b34-cf2b-f08d-b20b-5dc47e964a0d">
      <Execution id="4b7a1d9e-7f8a-47a1-96f2-3b46733caa08" />
      <TestMethod codeBase="D:\actions-runner\_work\XPCO\XPCO\Common\VideoOS.Universal\VideoOS.Universal.Recorder.Client.UnitTests\bin\Debug\net472\VideoOS.Universal.Recorder.Client.UnitTests.dll" adapterTypeName="executor://mstestadapter/v2" className="VideoOS.Universal.Recorder.Client.UnitTests.ErrorMappingTests" name="MapToErrorData_ShouldMapToExpectedErrorData_ForAllKnownExceptionMessages" />
    </UnitTest>
    <UnitTest name="MapToErrorData_ShouldMapToExpectedErrorData_ForAllKnownExceptionMessages (Parameter 'resultMotionMaskSize/Height' not specified.,40000,0)" storage="d:\actions-runner\_work\xpco\xpco\common\videoos.universal\videoos.universal.recorder.client.unittests\bin\debug\net472\videoos.universal.recorder.client.unittests.dll" id="f2f16517-9644-1cb8-2be5-b84966f8ed01">
      <Execution id="2337d7d6-74c9-4866-9b9c-0be37b870cd1" />
      <TestMethod codeBase="D:\actions-runner\_work\XPCO\XPCO\Common\VideoOS.Universal\VideoOS.Universal.Recorder.Client.UnitTests\bin\Debug\net472\VideoOS.Universal.Recorder.Client.UnitTests.dll" adapterTypeName="executor://mstestadapter/v2" className="VideoOS.Universal.Recorder.Client.UnitTests.ErrorMappingTests" name="MapToErrorData_ShouldMapToExpectedErrorData_ForAllKnownExceptionMessages" />
    </UnitTest>
    <UnitTest name="MapToErrorData_ShouldMapToExpectedErrorData_ForAllKnownExceptionMessages (Parameter 'left' not specified.,40000,0)" storage="d:\actions-runner\_work\xpco\xpco\common\videoos.universal\videoos.universal.recorder.client.unittests\bin\debug\net472\videoos.universal.recorder.client.unittests.dll" id="bdd220b6-f97c-d729-b9b6-12fc30d59eb6">
      <Execution id="4e1e43a3-2293-4347-aa92-f4056ecb9d89" />
      <TestMethod codeBase="D:\actions-runner\_work\XPCO\XPCO\Common\VideoOS.Universal\VideoOS.Universal.Recorder.Client.UnitTests\bin\Debug\net472\VideoOS.Universal.Recorder.Client.UnitTests.dll" adapterTypeName="executor://mstestadapter/v2" className="VideoOS.Universal.Recorder.Client.UnitTests.ErrorMappingTests" name="MapToErrorData_ShouldMapToExpectedErrorData_ForAllKnownExceptionMessages" />
    </UnitTest>
    <UnitTest name="MapToErrorData_ShouldMapToExpectedErrorData_ForAllKnownExceptionMessages (Reading input is not allowed,40000,0)" storage="d:\actions-runner\_work\xpco\xpco\common\videoos.universal\videoos.universal.recorder.client.unittests\bin\debug\net472\videoos.universal.recorder.client.unittests.dll" id="3599cd5f-8ab2-0653-88f8-8fb5661e829f">
      <Execution id="675c712a-d96a-42d4-b8e7-0ba818fc16ef" />
      <TestMethod codeBase="D:\actions-runner\_work\XPCO\XPCO\Common\VideoOS.Universal\VideoOS.Universal.Recorder.Client.UnitTests\bin\Debug\net472\VideoOS.Universal.Recorder.Client.UnitTests.dll" adapterTypeName="executor://mstestadapter/v2" className="VideoOS.Universal.Recorder.Client.UnitTests.ErrorMappingTests" name="MapToErrorData_ShouldMapToExpectedErrorData_ForAllKnownExceptionMessages" />
    </UnitTest>
    <UnitTest name="MapToErrorData_ShouldMapToExpectedErrorData_ForAllKnownExceptionMessages (Device AACBA580-2202-4D25-9E27-2B193F56DEE9 is not a Ptz device,40295,10)" storage="d:\actions-runner\_work\xpco\xpco\common\videoos.universal\videoos.universal.recorder.client.unittests\bin\debug\net472\videoos.universal.recorder.client.unittests.dll" id="2c697a87-e7cf-447a-1a62-614d30deb2d6">
      <Execution id="55d2e105-2b22-4228-aab8-0a5f9003808f" />
      <TestMethod codeBase="D:\actions-runner\_work\XPCO\XPCO\Common\VideoOS.Universal\VideoOS.Universal.Recorder.Client.UnitTests\bin\Debug\net472\VideoOS.Universal.Recorder.Client.UnitTests.dll" adapterTypeName="executor://mstestadapter/v2" className="VideoOS.Universal.Recorder.Client.UnitTests.ErrorMappingTests" name="MapToErrorData_ShouldMapToExpectedErrorData_ForAllKnownExceptionMessages" />
    </UnitTest>
    <UnitTest name="MapToErrorData_ShouldMapToExpectedErrorData_ForAllKnownExceptionMessages (Cannot resume patrolling when not paused, deviceId=AACBA580-2202-4D25-9E27-2B193F56DEE9,40295,41)" storage="d:\actions-runner\_work\xpco\xpco\common\videoos.universal\videoos.universal.recorder.client.unittests\bin\debug\net472\videoos.universal.recorder.client.unittests.dll" id="241424a0-5b70-4f7a-46d8-9aefc41689fb">
      <Execution id="b889d973-408d-4aac-9e42-98ac6afd359c" />
      <TestMethod codeBase="D:\actions-runner\_work\XPCO\XPCO\Common\VideoOS.Universal\VideoOS.Universal.Recorder.Client.UnitTests\bin\Debug\net472\VideoOS.Universal.Recorder.Client.UnitTests.dll" adapterTypeName="executor://mstestadapter/v2" className="VideoOS.Universal.Recorder.Client.UnitTests.ErrorMappingTests" name="MapToErrorData_ShouldMapToExpectedErrorData_ForAllKnownExceptionMessages" />
    </UnitTest>
    <UnitTest name="MapToErrorData_ShouldMapToExpectedErrorData_ForAllKnownExceptionMessages (Parameter 'maxHeight' not specified.,40000,0)" storage="d:\actions-runner\_work\xpco\xpco\common\videoos.universal\videoos.universal.recorder.client.unittests\bin\debug\net472\videoos.universal.recorder.client.unittests.dll" id="08956cd9-0a9c-dbea-9b71-bf084dfb8a08">
      <Execution id="e389b143-602b-41be-9663-8d1715bfba4b" />
      <TestMethod codeBase="D:\actions-runner\_work\XPCO\XPCO\Common\VideoOS.Universal\VideoOS.Universal.Recorder.Client.UnitTests\bin\Debug\net472\VideoOS.Universal.Recorder.Client.UnitTests.dll" adapterTypeName="executor://mstestadapter/v2" className="VideoOS.Universal.Recorder.Client.UnitTests.ErrorMappingTests" name="MapToErrorData_ShouldMapToExpectedErrorData_ForAllKnownExceptionMessages" />
    </UnitTest>
    <UnitTest name="MapToErrorData_ShouldMapToExpectedErrorData_ForAllKnownExceptionMessages (Request rejected, request priority (1) lower than current patrolling priority (2).,40295,43)" storage="d:\actions-runner\_work\xpco\xpco\common\videoos.universal\videoos.universal.recorder.client.unittests\bin\debug\net472\videoos.universal.recorder.client.unittests.dll" id="9280b064-d4af-dea4-5a19-27bf48d3dc74">
      <Execution id="54a5b2d2-a3ae-412b-9dbf-ee56b29a622f" />
      <TestMethod codeBase="D:\actions-runner\_work\XPCO\XPCO\Common\VideoOS.Universal\VideoOS.Universal.Recorder.Client.UnitTests\bin\Debug\net472\VideoOS.Universal.Recorder.Client.UnitTests.dll" adapterTypeName="executor://mstestadapter/v2" className="VideoOS.Universal.Recorder.Client.UnitTests.ErrorMappingTests" name="MapToErrorData_ShouldMapToExpectedErrorData_ForAllKnownExceptionMessages" />
    </UnitTest>
    <UnitTest name="MapToErrorData_ShouldMapToExpectedErrorData_ForAllKnownExceptionMessages (Parameter 'maxCount' not specified.,40000,0)" storage="d:\actions-runner\_work\xpco\xpco\common\videoos.universal\videoos.universal.recorder.client.unittests\bin\debug\net472\videoos.universal.recorder.client.unittests.dll" id="8b6f5710-0077-cb47-63e9-3da381f7e79a">
      <Execution id="8899304a-940a-46c3-82c9-c9c7bb0da408" />
      <TestMethod codeBase="D:\actions-runner\_work\XPCO\XPCO\Common\VideoOS.Universal\VideoOS.Universal.Recorder.Client.UnitTests\bin\Debug\net472\VideoOS.Universal.Recorder.Client.UnitTests.dll" adapterTypeName="executor://mstestadapter/v2" className="VideoOS.Universal.Recorder.Client.UnitTests.ErrorMappingTests" name="MapToErrorData_ShouldMapToExpectedErrorData_ForAllKnownExceptionMessages" />
    </UnitTest>
    <UnitTest name="MapToErrorData_ShouldMapToExpectedErrorData_ForAllKnownExceptionMessages (Parameter 'command' not specified.,40000,0)" storage="d:\actions-runner\_work\xpco\xpco\common\videoos.universal\videoos.universal.recorder.client.unittests\bin\debug\net472\videoos.universal.recorder.client.unittests.dll" id="0eb433f0-d269-14d0-6aaa-7c45d4c8694e">
      <Execution id="6470f4ce-7ac2-4717-9824-94060ccba197" />
      <TestMethod codeBase="D:\actions-runner\_work\XPCO\XPCO\Common\VideoOS.Universal\VideoOS.Universal.Recorder.Client.UnitTests\bin\Debug\net472\VideoOS.Universal.Recorder.Client.UnitTests.dll" adapterTypeName="executor://mstestadapter/v2" className="VideoOS.Universal.Recorder.Client.UnitTests.ErrorMappingTests" name="MapToErrorData_ShouldMapToExpectedErrorData_ForAllKnownExceptionMessages" />
    </UnitTest>
    <UnitTest name="MapToErrorData_ShouldMapToExpectedErrorData_ForAllKnownExceptionMessages (Parameter 'timeLineInformationInterval/MicroSeconds' not specified.,40000,0)" storage="d:\actions-runner\_work\xpco\xpco\common\videoos.universal\videoos.universal.recorder.client.unittests\bin\debug\net472\videoos.universal.recorder.client.unittests.dll" id="cdcd4214-dce7-7f93-0171-e10b4fb17398">
      <Execution id="735787ca-f99e-4172-b61f-ba8fcd28efa6" />
      <TestMethod codeBase="D:\actions-runner\_work\XPCO\XPCO\Common\VideoOS.Universal\VideoOS.Universal.Recorder.Client.UnitTests\bin\Debug\net472\VideoOS.Universal.Recorder.Client.UnitTests.dll" adapterTypeName="executor://mstestadapter/v2" className="VideoOS.Universal.Recorder.Client.UnitTests.ErrorMappingTests" name="MapToErrorData_ShouldMapToExpectedErrorData_ForAllKnownExceptionMessages" />
    </UnitTest>
    <UnitTest name="MapToErrorData_ShouldMapToExpectedErrorData_ForAllKnownExceptionMessages (Invalid search criteria: xyz,40000,0)" storage="d:\actions-runner\_work\xpco\xpco\common\videoos.universal\videoos.universal.recorder.client.unittests\bin\debug\net472\videoos.universal.recorder.client.unittests.dll" id="c9763db6-5c00-40c2-9ccd-8323321799be">
      <Execution id="7e4015d5-106f-4534-bb28-deec811b0f36" />
      <TestMethod codeBase="D:\actions-runner\_work\XPCO\XPCO\Common\VideoOS.Universal\VideoOS.Universal.Recorder.Client.UnitTests\bin\Debug\net472\VideoOS.Universal.Recorder.Client.UnitTests.dll" adapterTypeName="executor://mstestadapter/v2" className="VideoOS.Universal.Recorder.Client.UnitTests.ErrorMappingTests" name="MapToErrorData_ShouldMapToExpectedErrorData_ForAllKnownExceptionMessages" />
    </UnitTest>
    <UnitTest name="MapToErrorData_ShouldMapToExpectedErrorData_ForAllKnownExceptionMessages (Request rejected, request priority (1) lower than current priority (2).,40295,20)" storage="d:\actions-runner\_work\xpco\xpco\common\videoos.universal\videoos.universal.recorder.client.unittests\bin\debug\net472\videoos.universal.recorder.client.unittests.dll" id="3d3e7e9e-2ee9-9715-5f34-a09a9bd5bf0e">
      <Execution id="f8981887-e03f-4245-932f-9751bae588a3" />
      <TestMethod codeBase="D:\actions-runner\_work\XPCO\XPCO\Common\VideoOS.Universal\VideoOS.Universal.Recorder.Client.UnitTests\bin\Debug\net472\VideoOS.Universal.Recorder.Client.UnitTests.dll" adapterTypeName="executor://mstestadapter/v2" className="VideoOS.Universal.Recorder.Client.UnitTests.ErrorMappingTests" name="MapToErrorData_ShouldMapToExpectedErrorData_ForAllKnownExceptionMessages" />
    </UnitTest>
    <UnitTest name="MapToErrorData_ShouldMapToExpectedErrorData_ForAllKnownExceptionMessages (No token supplied,20001,1)" storage="d:\actions-runner\_work\xpco\xpco\common\videoos.universal\videoos.universal.recorder.client.unittests\bin\debug\net472\videoos.universal.recorder.client.unittests.dll" id="bd204008-9037-1a9e-afde-169812f51ba5">
      <Execution id="1b7f65d1-17e1-4eda-b979-cc37fce88291" />
      <TestMethod codeBase="D:\actions-runner\_work\XPCO\XPCO\Common\VideoOS.Universal\VideoOS.Universal.Recorder.Client.UnitTests\bin\Debug\net472\VideoOS.Universal.Recorder.Client.UnitTests.dll" adapterTypeName="executor://mstestadapter/v2" className="VideoOS.Universal.Recorder.Client.UnitTests.ErrorMappingTests" name="MapToErrorData_ShouldMapToExpectedErrorData_ForAllKnownExceptionMessages" />
    </UnitTest>
    <UnitTest name="MapToErrorData_ShouldMapToExpectedErrorData_ForAllKnownExceptionMessages (Parameter 'right' not a double.,40000,0)" storage="d:\actions-runner\_work\xpco\xpco\common\videoos.universal\videoos.universal.recorder.client.unittests\bin\debug\net472\videoos.universal.recorder.client.unittests.dll" id="1aba1db0-4543-154a-d1e0-6f25332f2e52">
      <Execution id="7adf7ce3-30bf-4086-89c7-7fd2c31fa109" />
      <TestMethod codeBase="D:\actions-runner\_work\XPCO\XPCO\Common\VideoOS.Universal\VideoOS.Universal.Recorder.Client.UnitTests\bin\Debug\net472\VideoOS.Universal.Recorder.Client.UnitTests.dll" adapterTypeName="executor://mstestadapter/v2" className="VideoOS.Universal.Recorder.Client.UnitTests.ErrorMappingTests" name="MapToErrorData_ShouldMapToExpectedErrorData_ForAllKnownExceptionMessages" />
    </UnitTest>
    <UnitTest name="MapToErrorData_ShouldMapToExpectedErrorData_ForAllKnownExceptionMessages (Parameter 'searchInterval' not specified.,40000,0)" storage="d:\actions-runner\_work\xpco\xpco\common\videoos.universal\videoos.universal.recorder.client.unittests\bin\debug\net472\videoos.universal.recorder.client.unittests.dll" id="6c105190-3398-c27f-8a28-15b7ab77605a">
      <Execution id="2ab269f3-7abe-4853-ae7a-5836d479fb2d" />
      <TestMethod codeBase="D:\actions-runner\_work\XPCO\XPCO\Common\VideoOS.Universal\VideoOS.Universal.Recorder.Client.UnitTests\bin\Debug\net472\VideoOS.Universal.Recorder.Client.UnitTests.dll" adapterTypeName="executor://mstestadapter/v2" className="VideoOS.Universal.Recorder.Client.UnitTests.ErrorMappingTests" name="MapToErrorData_ShouldMapToExpectedErrorData_ForAllKnownExceptionMessages" />
    </UnitTest>
    <UnitTest name="MapToErrorData_ShouldMapToExpectedErrorData_ForAllKnownExceptionMessages (Request rejected, Current session is already reserved,40295,70)" storage="d:\actions-runner\_work\xpco\xpco\common\videoos.universal\videoos.universal.recorder.client.unittests\bin\debug\net472\videoos.universal.recorder.client.unittests.dll" id="b6d59446-5868-b126-1f6f-04ae35d46aae">
      <Execution id="0b2f6264-711d-41a2-8d9b-f42053754abe" />
      <TestMethod codeBase="D:\actions-runner\_work\XPCO\XPCO\Common\VideoOS.Universal\VideoOS.Universal.Recorder.Client.UnitTests\bin\Debug\net472\VideoOS.Universal.Recorder.Client.UnitTests.dll" adapterTypeName="executor://mstestadapter/v2" className="VideoOS.Universal.Recorder.Client.UnitTests.ErrorMappingTests" name="MapToErrorData_ShouldMapToExpectedErrorData_ForAllKnownExceptionMessages" />
    </UnitTest>
    <UnitTest name="MapToErrorData_ShouldMapToExpectedErrorData_ForAllKnownExceptionMessages (Parameter 'searchMask/Size/Width' not specified.,40000,0)" storage="d:\actions-runner\_work\xpco\xpco\common\videoos.universal\videoos.universal.recorder.client.unittests\bin\debug\net472\videoos.universal.recorder.client.unittests.dll" id="4c1a12a7-ab57-72c7-a05f-0922e2f905a4">
      <Execution id="d46f2781-823b-478d-a9dd-e4c6f369d5a8" />
      <TestMethod codeBase="D:\actions-runner\_work\XPCO\XPCO\Common\VideoOS.Universal\VideoOS.Universal.Recorder.Client.UnitTests\bin\Debug\net472\VideoOS.Universal.Recorder.Client.UnitTests.dll" adapterTypeName="executor://mstestadapter/v2" className="VideoOS.Universal.Recorder.Client.UnitTests.ErrorMappingTests" name="MapToErrorData_ShouldMapToExpectedErrorData_ForAllKnownExceptionMessages" />
    </UnitTest>
    <UnitTest name="MapToErrorData_ShouldMapToExpectedErrorData_ForAllKnownExceptionMessages (Smart Search Start not allowed,40000,0)" storage="d:\actions-runner\_work\xpco\xpco\common\videoos.universal\videoos.universal.recorder.client.unittests\bin\debug\net472\videoos.universal.recorder.client.unittests.dll" id="65ab5780-4796-2c17-0494-85979a046065">
      <Execution id="bbd6a56d-9c66-426f-891c-dd5ce01c0a03" />
      <TestMethod codeBase="D:\actions-runner\_work\XPCO\XPCO\Common\VideoOS.Universal\VideoOS.Universal.Recorder.Client.UnitTests\bin\Debug\net472\VideoOS.Universal.Recorder.Client.UnitTests.dll" adapterTypeName="executor://mstestadapter/v2" className="VideoOS.Universal.Recorder.Client.UnitTests.ErrorMappingTests" name="MapToErrorData_ShouldMapToExpectedErrorData_ForAllKnownExceptionMessages" />
    </UnitTest>
    <UnitTest name="MapToErrorData_ShouldMapToExpectedErrorData_ForAllKnownExceptionMessages (Get timeline information not allowed,40000,0)" storage="d:\actions-runner\_work\xpco\xpco\common\videoos.universal\videoos.universal.recorder.client.unittests\bin\debug\net472\videoos.universal.recorder.client.unittests.dll" id="aeb4bb50-0071-ea1c-74ca-2656e55d006c">
      <Execution id="4466bd67-7adc-4796-9997-ea3fed1fc061" />
      <TestMethod codeBase="D:\actions-runner\_work\XPCO\XPCO\Common\VideoOS.Universal\VideoOS.Universal.Recorder.Client.UnitTests\bin\Debug\net472\VideoOS.Universal.Recorder.Client.UnitTests.dll" adapterTypeName="executor://mstestadapter/v2" className="VideoOS.Universal.Recorder.Client.UnitTests.ErrorMappingTests" name="MapToErrorData_ShouldMapToExpectedErrorData_ForAllKnownExceptionMessages" />
    </UnitTest>
    <UnitTest name="MapToErrorData_ShouldMapToExpectedErrorData_ForAllKnownExceptionMessages (Send driver command not allowed,40000,0)" storage="d:\actions-runner\_work\xpco\xpco\common\videoos.universal\videoos.universal.recorder.client.unittests\bin\debug\net472\videoos.universal.recorder.client.unittests.dll" id="bd82382e-5faa-9d67-ea6a-7c77cc294053">
      <Execution id="7c960369-8fe7-468c-ac27-114ccbcf16d4" />
      <TestMethod codeBase="D:\actions-runner\_work\XPCO\XPCO\Common\VideoOS.Universal\VideoOS.Universal.Recorder.Client.UnitTests\bin\Debug\net472\VideoOS.Universal.Recorder.Client.UnitTests.dll" adapterTypeName="executor://mstestadapter/v2" className="VideoOS.Universal.Recorder.Client.UnitTests.ErrorMappingTests" name="MapToErrorData_ShouldMapToExpectedErrorData_ForAllKnownExceptionMessages" />
    </UnitTest>
    <UnitTest name="MapToErrorData_ShouldMapToExpectedErrorData_ForAllKnownExceptionMessages (Manual Ptz control not allowed,40295,60)" storage="d:\actions-runner\_work\xpco\xpco\common\videoos.universal\videoos.universal.recorder.client.unittests\bin\debug\net472\videoos.universal.recorder.client.unittests.dll" id="53201f80-7db7-91a0-fd21-4f43dc4c5eaf">
      <Execution id="282bb594-8d66-4619-9e98-2f58b5738d3b" />
      <TestMethod codeBase="D:\actions-runner\_work\XPCO\XPCO\Common\VideoOS.Universal\VideoOS.Universal.Recorder.Client.UnitTests\bin\Debug\net472\VideoOS.Universal.Recorder.Client.UnitTests.dll" adapterTypeName="executor://mstestadapter/v2" className="VideoOS.Universal.Recorder.Client.UnitTests.ErrorMappingTests" name="MapToErrorData_ShouldMapToExpectedErrorData_ForAllKnownExceptionMessages" />
    </UnitTest>
    <UnitTest name="MapToErrorData_ShouldMapToExpectedErrorData_ForAllKnownExceptionMessages (Cannot perform session request on non-active session.,40295,31)" storage="d:\actions-runner\_work\xpco\xpco\common\videoos.universal\videoos.universal.recorder.client.unittests\bin\debug\net472\videoos.universal.recorder.client.unittests.dll" id="d73e9d51-2e88-07d2-b58d-49d142430958">
      <Execution id="705c21bc-3f32-4427-9c28-84a397e0622e" />
      <TestMethod codeBase="D:\actions-runner\_work\XPCO\XPCO\Common\VideoOS.Universal\VideoOS.Universal.Recorder.Client.UnitTests\bin\Debug\net472\VideoOS.Universal.Recorder.Client.UnitTests.dll" adapterTypeName="executor://mstestadapter/v2" className="VideoOS.Universal.Recorder.Client.UnitTests.ErrorMappingTests" name="MapToErrorData_ShouldMapToExpectedErrorData_ForAllKnownExceptionMessages" />
    </UnitTest>
    <UnitTest name="MapToErrorData_ShouldMapToExpectedErrorData_ForAllKnownExceptionMessages (Viewing of live JPEG not allowed,40000,0)" storage="d:\actions-runner\_work\xpco\xpco\common\videoos.universal\videoos.universal.recorder.client.unittests\bin\debug\net472\videoos.universal.recorder.client.unittests.dll" id="84062b4b-0351-f725-03ca-f5c5abeb6755">
      <Execution id="065b46d5-7e3e-4ef1-a1c5-a912d752590b" />
      <TestMethod codeBase="D:\actions-runner\_work\XPCO\XPCO\Common\VideoOS.Universal\VideoOS.Universal.Recorder.Client.UnitTests\bin\Debug\net472\VideoOS.Universal.Recorder.Client.UnitTests.dll" adapterTypeName="executor://mstestadapter/v2" className="VideoOS.Universal.Recorder.Client.UnitTests.ErrorMappingTests" name="MapToErrorData_ShouldMapToExpectedErrorData_ForAllKnownExceptionMessages" />
    </UnitTest>
    <UnitTest name="MapToErrorData_ShouldMapToExpectedErrorData_ForAllKnownExceptionMessages (Parameter 'time' not specified.,40000,0)" storage="d:\actions-runner\_work\xpco\xpco\common\videoos.universal\videoos.universal.recorder.client.unittests\bin\debug\net472\videoos.universal.recorder.client.unittests.dll" id="e1213634-efce-7a0c-270e-c3e7a5e2307a">
      <Execution id="ce26a00a-0792-4809-9207-1214fde8161d" />
      <TestMethod codeBase="D:\actions-runner\_work\XPCO\XPCO\Common\VideoOS.Universal\VideoOS.Universal.Recorder.Client.UnitTests\bin\Debug\net472\VideoOS.Universal.Recorder.Client.UnitTests.dll" adapterTypeName="executor://mstestadapter/v2" className="VideoOS.Universal.Recorder.Client.UnitTests.ErrorMappingTests" name="MapToErrorData_ShouldMapToExpectedErrorData_ForAllKnownExceptionMessages" />
    </UnitTest>
    <UnitTest name="MapToErrorData_ShouldMapToExpectedErrorData_ForAllKnownExceptionMessages (Patrolling session has not been started.,40295,40)" storage="d:\actions-runner\_work\xpco\xpco\common\videoos.universal\videoos.universal.recorder.client.unittests\bin\debug\net472\videoos.universal.recorder.client.unittests.dll" id="65e1ed65-c516-d934-ec2a-4d199e8e08f1">
      <Execution id="5e7b5818-0d87-4c00-b626-3cad6e4b4722" />
      <TestMethod codeBase="D:\actions-runner\_work\XPCO\XPCO\Common\VideoOS.Universal\VideoOS.Universal.Recorder.Client.UnitTests\bin\Debug\net472\VideoOS.Universal.Recorder.Client.UnitTests.dll" adapterTypeName="executor://mstestadapter/v2" className="VideoOS.Universal.Recorder.Client.UnitTests.ErrorMappingTests" name="MapToErrorData_ShouldMapToExpectedErrorData_ForAllKnownExceptionMessages" />
    </UnitTest>
    <UnitTest name="MapToErrorData_ShouldMapToExpectedErrorData_ForAllKnownExceptionMessages (Parameter 'refWidth' not specified.,40000,0)" storage="d:\actions-runner\_work\xpco\xpco\common\videoos.universal\videoos.universal.recorder.client.unittests\bin\debug\net472\videoos.universal.recorder.client.unittests.dll" id="c1aae47b-7b1c-2e0a-12be-5061709a6c0b">
      <Execution id="e1dd5b04-e58c-457f-8f41-91441aeeb803" />
      <TestMethod codeBase="D:\actions-runner\_work\XPCO\XPCO\Common\VideoOS.Universal\VideoOS.Universal.Recorder.Client.UnitTests\bin\Debug\net472\VideoOS.Universal.Recorder.Client.UnitTests.dll" adapterTypeName="executor://mstestadapter/v2" className="VideoOS.Universal.Recorder.Client.UnitTests.ErrorMappingTests" name="MapToErrorData_ShouldMapToExpectedErrorData_ForAllKnownExceptionMessages" />
    </UnitTest>
    <UnitTest name="MapToErrorData_ShouldMapToExpectedErrorData_ForAllKnownExceptionMessages (Parameter 'timeLineInformationTypes' not specified.,40000,0)" storage="d:\actions-runner\_work\xpco\xpco\common\videoos.universal\videoos.universal.recorder.client.unittests\bin\debug\net472\videoos.universal.recorder.client.unittests.dll" id="542ba09a-a2bc-80ea-baa1-516d7b44b960">
      <Execution id="1e1b02ef-bf67-4610-a442-e9b25be1a060" />
      <TestMethod codeBase="D:\actions-runner\_work\XPCO\XPCO\Common\VideoOS.Universal\VideoOS.Universal.Recorder.Client.UnitTests\bin\Debug\net472\VideoOS.Universal.Recorder.Client.UnitTests.dll" adapterTypeName="executor://mstestadapter/v2" className="VideoOS.Universal.Recorder.Client.UnitTests.ErrorMappingTests" name="MapToErrorData_ShouldMapToExpectedErrorData_ForAllKnownExceptionMessages" />
    </UnitTest>
    <UnitTest name="MapToErrorData_ShouldMapToExpectedErrorData_ForAllKnownExceptionMessages (Parameter 'statusSessionId' not specified.,40000,0)" storage="d:\actions-runner\_work\xpco\xpco\common\videoos.universal\videoos.universal.recorder.client.unittests\bin\debug\net472\videoos.universal.recorder.client.unittests.dll" id="ae55695f-890f-c83f-67e2-608689c65dde">
      <Execution id="8b88119e-b784-466e-a5c8-5aaabf3c6f5a" />
      <TestMethod codeBase="D:\actions-runner\_work\XPCO\XPCO\Common\VideoOS.Universal\VideoOS.Universal.Recorder.Client.UnitTests\bin\Debug\net472\VideoOS.Universal.Recorder.Client.UnitTests.dll" adapterTypeName="executor://mstestadapter/v2" className="VideoOS.Universal.Recorder.Client.UnitTests.ErrorMappingTests" name="MapToErrorData_ShouldMapToExpectedErrorData_ForAllKnownExceptionMessages" />
    </UnitTest>
    <UnitTest name="MapToErrorData_ShouldMapToExpectedErrorData_ForAllKnownExceptionMessages (PresetGetList not allowed,40000,0)" storage="d:\actions-runner\_work\xpco\xpco\common\videoos.universal\videoos.universal.recorder.client.unittests\bin\debug\net472\videoos.universal.recorder.client.unittests.dll" id="90ebc816-78b5-f1e7-e5ea-5b48261e88f5">
      <Execution id="886b3eba-a0ee-440a-a6cf-0b0cb587aebf" />
      <TestMethod codeBase="D:\actions-runner\_work\XPCO\XPCO\Common\VideoOS.Universal\VideoOS.Universal.Recorder.Client.UnitTests\bin\Debug\net472\VideoOS.Universal.Recorder.Client.UnitTests.dll" adapterTypeName="executor://mstestadapter/v2" className="VideoOS.Universal.Recorder.Client.UnitTests.ErrorMappingTests" name="MapToErrorData_ShouldMapToExpectedErrorData_ForAllKnownExceptionMessages" />
    </UnitTest>
    <UnitTest name="MapToErrorData_ShouldMapToExpectedErrorData_ForAllKnownExceptionMessages (Parameter 'zoom' not specified.,40000,0)" storage="d:\actions-runner\_work\xpco\xpco\common\videoos.universal\videoos.universal.recorder.client.unittests\bin\debug\net472\videoos.universal.recorder.client.unittests.dll" id="9c0dce28-4095-843a-0a45-1ced74896366">
      <Execution id="0dbbb432-9832-4249-8bc9-21def27e0aa6" />
      <TestMethod codeBase="D:\actions-runner\_work\XPCO\XPCO\Common\VideoOS.Universal\VideoOS.Universal.Recorder.Client.UnitTests\bin\Debug\net472\VideoOS.Universal.Recorder.Client.UnitTests.dll" adapterTypeName="executor://mstestadapter/v2" className="VideoOS.Universal.Recorder.Client.UnitTests.ErrorMappingTests" name="MapToErrorData_ShouldMapToExpectedErrorData_ForAllKnownExceptionMessages" />
    </UnitTest>
    <UnitTest name="MapToErrorData_ShouldMapToExpectedErrorData_ForAllKnownExceptionMessages (Parameter 'left' not a double.,40000,0)" storage="d:\actions-runner\_work\xpco\xpco\common\videoos.universal\videoos.universal.recorder.client.unittests\bin\debug\net472\videoos.universal.recorder.client.unittests.dll" id="5c98e229-8500-5ace-562c-1baf328a0f4f">
      <Execution id="fa2c0718-3a33-4d18-9419-2e204efd959b" />
      <TestMethod codeBase="D:\actions-runner\_work\XPCO\XPCO\Common\VideoOS.Universal\VideoOS.Universal.Recorder.Client.UnitTests\bin\Debug\net472\VideoOS.Universal.Recorder.Client.UnitTests.dll" adapterTypeName="executor://mstestadapter/v2" className="VideoOS.Universal.Recorder.Client.UnitTests.ErrorMappingTests" name="MapToErrorData_ShouldMapToExpectedErrorData_ForAllKnownExceptionMessages" />
    </UnitTest>
    <UnitTest name="MapToErrorData_ShouldMapToExpectedErrorData_ForAllKnownExceptionMessages (Parameter 'maxTime' not specified.,40000,0)" storage="d:\actions-runner\_work\xpco\xpco\common\videoos.universal\videoos.universal.recorder.client.unittests\bin\debug\net472\videoos.universal.recorder.client.unittests.dll" id="9a4f571c-5d90-8e64-9487-2a00abc00dcf">
      <Execution id="99a34bcd-084b-49a1-b3f4-6d72feeee3fd" />
      <TestMethod codeBase="D:\actions-runner\_work\XPCO\XPCO\Common\VideoOS.Universal\VideoOS.Universal.Recorder.Client.UnitTests\bin\Debug\net472\VideoOS.Universal.Recorder.Client.UnitTests.dll" adapterTypeName="executor://mstestadapter/v2" className="VideoOS.Universal.Recorder.Client.UnitTests.ErrorMappingTests" name="MapToErrorData_ShouldMapToExpectedErrorData_ForAllKnownExceptionMessages" />
    </UnitTest>
    <UnitTest name="MapToErrorData_ShouldMapToExpectedErrorData_ForAllKnownExceptionMessages (Parameter 'ignoreInitialMotion' not specified.,40000,0)" storage="d:\actions-runner\_work\xpco\xpco\common\videoos.universal\videoos.universal.recorder.client.unittests\bin\debug\net472\videoos.universal.recorder.client.unittests.dll" id="87550de3-4087-fd61-8938-cd0d996424d8">
      <Execution id="e4568222-0f70-427c-b0f7-52142e60ad71" />
      <TestMethod codeBase="D:\actions-runner\_work\XPCO\XPCO\Common\VideoOS.Universal\VideoOS.Universal.Recorder.Client.UnitTests\bin\Debug\net472\VideoOS.Universal.Recorder.Client.UnitTests.dll" adapterTypeName="executor://mstestadapter/v2" className="VideoOS.Universal.Recorder.Client.UnitTests.ErrorMappingTests" name="MapToErrorData_ShouldMapToExpectedErrorData_ForAllKnownExceptionMessages" />
    </UnitTest>
    <UnitTest name="MapToErrorData_ShouldMapToExpectedErrorData_ForAllKnownExceptionMessages (PresetSet is not supported,40000,0)" storage="d:\actions-runner\_work\xpco\xpco\common\videoos.universal\videoos.universal.recorder.client.unittests\bin\debug\net472\videoos.universal.recorder.client.unittests.dll" id="7de31e4f-524d-563e-c980-d3f3b5e0c02a">
      <Execution id="4f12beee-eadd-4027-881c-cab59ceaf804" />
      <TestMethod codeBase="D:\actions-runner\_work\XPCO\XPCO\Common\VideoOS.Universal\VideoOS.Universal.Recorder.Client.UnitTests\bin\Debug\net472\VideoOS.Universal.Recorder.Client.UnitTests.dll" adapterTypeName="executor://mstestadapter/v2" className="VideoOS.Universal.Recorder.Client.UnitTests.ErrorMappingTests" name="MapToErrorData_ShouldMapToExpectedErrorData_ForAllKnownExceptionMessages" />
    </UnitTest>
    <UnitTest name="MapToErrorData_ShouldMapToExpectedErrorData_ForAllKnownExceptionMessages (Parameter 'maxWidth' not specified.,40000,0)" storage="d:\actions-runner\_work\xpco\xpco\common\videoos.universal\videoos.universal.recorder.client.unittests\bin\debug\net472\videoos.universal.recorder.client.unittests.dll" id="da55e9b6-e338-389a-ee23-8f76fe1d70b2">
      <Execution id="bb5e0376-4507-436d-bd7d-c1930c20fcff" />
      <TestMethod codeBase="D:\actions-runner\_work\XPCO\XPCO\Common\VideoOS.Universal\VideoOS.Universal.Recorder.Client.UnitTests\bin\Debug\net472\VideoOS.Universal.Recorder.Client.UnitTests.dll" adapterTypeName="executor://mstestadapter/v2" className="VideoOS.Universal.Recorder.Client.UnitTests.ErrorMappingTests" name="MapToErrorData_ShouldMapToExpectedErrorData_ForAllKnownExceptionMessages" />
    </UnitTest>
    <UnitTest name="MapToErrorData_ShouldMapToExpectedErrorData_ForAllKnownExceptionMessages (Parameter 'ptzArgs' not specified.,40000,0)" storage="d:\actions-runner\_work\xpco\xpco\common\videoos.universal\videoos.universal.recorder.client.unittests\bin\debug\net472\videoos.universal.recorder.client.unittests.dll" id="295b5c9c-51e7-02f9-12d0-e6e242da33d5">
      <Execution id="93a94d09-a0f4-4fa7-8050-7b5b53b49c22" />
      <TestMethod codeBase="D:\actions-runner\_work\XPCO\XPCO\Common\VideoOS.Universal\VideoOS.Universal.Recorder.Client.UnitTests\bin\Debug\net472\VideoOS.Universal.Recorder.Client.UnitTests.dll" adapterTypeName="executor://mstestadapter/v2" className="VideoOS.Universal.Recorder.Client.UnitTests.ErrorMappingTests" name="MapToErrorData_ShouldMapToExpectedErrorData_ForAllKnownExceptionMessages" />
    </UnitTest>
    <UnitTest name="MapToErrorData_ShouldMapToExpectedErrorData_ForAllKnownExceptionMessages (Parameter 'resultMotionMaskSize/Width' not specified.,40000,0)" storage="d:\actions-runner\_work\xpco\xpco\common\videoos.universal\videoos.universal.recorder.client.unittests\bin\debug\net472\videoos.universal.recorder.client.unittests.dll" id="3fade5f4-11ff-9f95-0f20-59ad7987491c">
      <Execution id="6e51457c-fb60-431f-90ed-b8311bacd2ad" />
      <TestMethod codeBase="D:\actions-runner\_work\XPCO\XPCO\Common\VideoOS.Universal\VideoOS.Universal.Recorder.Client.UnitTests\bin\Debug\net472\VideoOS.Universal.Recorder.Client.UnitTests.dll" adapterTypeName="executor://mstestadapter/v2" className="VideoOS.Universal.Recorder.Client.UnitTests.ErrorMappingTests" name="MapToErrorData_ShouldMapToExpectedErrorData_ForAllKnownExceptionMessages" />
    </UnitTest>
    <UnitTest name="MapToErrorData_ShouldMapToExpectedErrorData_ForAllKnownExceptionMessages (Device is not IPreset,40295,11)" storage="d:\actions-runner\_work\xpco\xpco\common\videoos.universal\videoos.universal.recorder.client.unittests\bin\debug\net472\videoos.universal.recorder.client.unittests.dll" id="3d23044e-83d2-97dd-128c-6d7c3559b20c">
      <Execution id="b8b8d525-f336-4e96-aa83-c9706a17b74f" />
      <TestMethod codeBase="D:\actions-runner\_work\XPCO\XPCO\Common\VideoOS.Universal\VideoOS.Universal.Recorder.Client.UnitTests\bin\Debug\net472\VideoOS.Universal.Recorder.Client.UnitTests.dll" adapterTypeName="executor://mstestadapter/v2" className="VideoOS.Universal.Recorder.Client.UnitTests.ErrorMappingTests" name="MapToErrorData_ShouldMapToExpectedErrorData_ForAllKnownExceptionMessages" />
    </UnitTest>
    <UnitTest name="MapToErrorData_ShouldMapToExpectedErrorData_ForAllKnownExceptionMessages (Parameter 'searchMask/Size' not specified.,40000,0)" storage="d:\actions-runner\_work\xpco\xpco\common\videoos.universal\videoos.universal.recorder.client.unittests\bin\debug\net472\videoos.universal.recorder.client.unittests.dll" id="22eda521-e9ad-4477-8def-79a825f52192">
      <Execution id="0a4a4814-e717-4fd2-9099-2775ae67aad5" />
      <TestMethod codeBase="D:\actions-runner\_work\XPCO\XPCO\Common\VideoOS.Universal\VideoOS.Universal.Recorder.Client.UnitTests\bin\Debug\net472\VideoOS.Universal.Recorder.Client.UnitTests.dll" adapterTypeName="executor://mstestadapter/v2" className="VideoOS.Universal.Recorder.Client.UnitTests.ErrorMappingTests" name="MapToErrorData_ShouldMapToExpectedErrorData_ForAllKnownExceptionMessages" />
    </UnitTest>
    <UnitTest name="MapToErrorData_ShouldMapToExpectedErrorData_ForAllKnownExceptionMessages (SearchCriteria 'xyz' not supported,40000,0)" storage="d:\actions-runner\_work\xpco\xpco\common\videoos.universal\videoos.universal.recorder.client.unittests\bin\debug\net472\videoos.universal.recorder.client.unittests.dll" id="8af9a04f-5939-8ca3-bb96-4543c58267d1">
      <Execution id="8f6ac35d-3369-4331-984c-048a3e56f556" />
      <TestMethod codeBase="D:\actions-runner\_work\XPCO\XPCO\Common\VideoOS.Universal\VideoOS.Universal.Recorder.Client.UnitTests\bin\Debug\net472\VideoOS.Universal.Recorder.Client.UnitTests.dll" adapterTypeName="executor://mstestadapter/v2" className="VideoOS.Universal.Recorder.Client.UnitTests.ErrorMappingTests" name="MapToErrorData_ShouldMapToExpectedErrorData_ForAllKnownExceptionMessages" />
    </UnitTest>
    <UnitTest name="MapToErrorData_ShouldMapToExpectedErrorData_ForAllKnownExceptionMessages ('searchMask' parameters does not match 64x64 grid: 4, 4,40000,0)" storage="d:\actions-runner\_work\xpco\xpco\common\videoos.universal\videoos.universal.recorder.client.unittests\bin\debug\net472\videoos.universal.recorder.client.unittests.dll" id="920d91ee-8977-3219-1b05-172389cf2f52">
      <Execution id="e1825853-5e9f-47a7-a6cd-77b1216aef41" />
      <TestMethod codeBase="D:\actions-runner\_work\XPCO\XPCO\Common\VideoOS.Universal\VideoOS.Universal.Recorder.Client.UnitTests\bin\Debug\net472\VideoOS.Universal.Recorder.Client.UnitTests.dll" adapterTypeName="executor://mstestadapter/v2" className="VideoOS.Universal.Recorder.Client.UnitTests.ErrorMappingTests" name="MapToErrorData_ShouldMapToExpectedErrorData_ForAllKnownExceptionMessages" />
    </UnitTest>
    <UnitTest name="MapToErrorData_ShouldMapToExpectedErrorData_ForAllKnownExceptionMessages (Content-Length is not valid,10000,0)" storage="d:\actions-runner\_work\xpco\xpco\common\videoos.universal\videoos.universal.recorder.client.unittests\bin\debug\net472\videoos.universal.recorder.client.unittests.dll" id="c58af070-d07e-9e95-d58c-4c938f189840">
      <Execution id="41ffa7c1-af5f-4d14-87bd-f60c9430d4dc" />
      <TestMethod codeBase="D:\actions-runner\_work\XPCO\XPCO\Common\VideoOS.Universal\VideoOS.Universal.Recorder.Client.UnitTests\bin\Debug\net472\VideoOS.Universal.Recorder.Client.UnitTests.dll" adapterTypeName="executor://mstestadapter/v2" className="VideoOS.Universal.Recorder.Client.UnitTests.ErrorMappingTests" name="MapToErrorData_ShouldMapToExpectedErrorData_ForAllKnownExceptionMessages" />
    </UnitTest>
    <UnitTest name="MapToErrorData_ShouldMapToExpectedErrorData_ForAllKnownExceptionMessages (Parameter 'subscribe' not specified.,40000,0)" storage="d:\actions-runner\_work\xpco\xpco\common\videoos.universal\videoos.universal.recorder.client.unittests\bin\debug\net472\videoos.universal.recorder.client.unittests.dll" id="9e20e7ce-bab0-1b63-c919-5bdde55a5b34">
      <Execution id="ea579240-f04d-4f83-977f-e660bc04de5d" />
      <TestMethod codeBase="D:\actions-runner\_work\XPCO\XPCO\Common\VideoOS.Universal\VideoOS.Universal.Recorder.Client.UnitTests\bin\Debug\net472\VideoOS.Universal.Recorder.Client.UnitTests.dll" adapterTypeName="executor://mstestadapter/v2" className="VideoOS.Universal.Recorder.Client.UnitTests.ErrorMappingTests" name="MapToErrorData_ShouldMapToExpectedErrorData_ForAllKnownExceptionMessages" />
    </UnitTest>
    <UnitTest name="MapToErrorData_ShouldMapToExpectedErrorData_ForAllKnownExceptionMessages (Request rejected, no active session.,40295,30)" storage="d:\actions-runner\_work\xpco\xpco\common\videoos.universal\videoos.universal.recorder.client.unittests\bin\debug\net472\videoos.universal.recorder.client.unittests.dll" id="0a56f9d6-a112-b49c-99d2-6b5e683875e5">
      <Execution id="8812972d-f702-4374-91c6-6f11fa451573" />
      <TestMethod codeBase="D:\actions-runner\_work\XPCO\XPCO\Common\VideoOS.Universal\VideoOS.Universal.Recorder.Client.UnitTests\bin\Debug\net472\VideoOS.Universal.Recorder.Client.UnitTests.dll" adapterTypeName="executor://mstestadapter/v2" className="VideoOS.Universal.Recorder.Client.UnitTests.ErrorMappingTests" name="MapToErrorData_ShouldMapToExpectedErrorData_ForAllKnownExceptionMessages" />
    </UnitTest>
    <UnitTest name="MapToErrorData_ShouldMapToExpectedErrorData_ForAllKnownExceptionMessages (Insufficient permission,40295,60)" storage="d:\actions-runner\_work\xpco\xpco\common\videoos.universal\videoos.universal.recorder.client.unittests\bin\debug\net472\videoos.universal.recorder.client.unittests.dll" id="5f512471-2589-a6c3-ae8a-9d90857164f2">
      <Execution id="aafb361a-2994-4724-9965-4cbf54a4a892" />
      <TestMethod codeBase="D:\actions-runner\_work\XPCO\XPCO\Common\VideoOS.Universal\VideoOS.Universal.Recorder.Client.UnitTests\bin\Debug\net472\VideoOS.Universal.Recorder.Client.UnitTests.dll" adapterTypeName="executor://mstestadapter/v2" className="VideoOS.Universal.Recorder.Client.UnitTests.ErrorMappingTests" name="MapToErrorData_ShouldMapToExpectedErrorData_ForAllKnownExceptionMessages" />
    </UnitTest>
    <UnitTest name="MapToErrorData_ShouldMapToExpectedErrorData_ForAllKnownExceptionMessages (Invalid format. Value 'MicroSeconds' not as a integer for 'duration' parameter.,40000,0)" storage="d:\actions-runner\_work\xpco\xpco\common\videoos.universal\videoos.universal.recorder.client.unittests\bin\debug\net472\videoos.universal.recorder.client.unittests.dll" id="51a9b75e-dd78-20ee-44b6-a81133cd511c">
      <Execution id="ef89b3ad-e4dd-4a44-a5a7-15bae157aba0" />
      <TestMethod codeBase="D:\actions-runner\_work\XPCO\XPCO\Common\VideoOS.Universal\VideoOS.Universal.Recorder.Client.UnitTests\bin\Debug\net472\VideoOS.Universal.Recorder.Client.UnitTests.dll" adapterTypeName="executor://mstestadapter/v2" className="VideoOS.Universal.Recorder.Client.UnitTests.ErrorMappingTests" name="MapToErrorData_ShouldMapToExpectedErrorData_ForAllKnownExceptionMessages" />
    </UnitTest>
    <UnitTest name="MapToErrorData_ShouldMapToExpectedErrorData_ForAllKnownExceptionMessages (Unable to get Ptz priority,40000,0)" storage="d:\actions-runner\_work\xpco\xpco\common\videoos.universal\videoos.universal.recorder.client.unittests\bin\debug\net472\videoos.universal.recorder.client.unittests.dll" id="35d2db73-838a-4679-31e0-b3b8a5bf158b">
      <Execution id="704be1ef-c847-471b-a9d0-ab4d7e1c256a" />
      <TestMethod codeBase="D:\actions-runner\_work\XPCO\XPCO\Common\VideoOS.Universal\VideoOS.Universal.Recorder.Client.UnitTests\bin\Debug\net472\VideoOS.Universal.Recorder.Client.UnitTests.dll" adapterTypeName="executor://mstestadapter/v2" className="VideoOS.Universal.Recorder.Client.UnitTests.ErrorMappingTests" name="MapToErrorData_ShouldMapToExpectedErrorData_ForAllKnownExceptionMessages" />
    </UnitTest>
    <UnitTest name="MapToErrorData_ShouldMapToExpectedErrorData_ForAllKnownExceptionMessages (Parameter 'timeLineInformationBeginTime' not specified.,40000,0)" storage="d:\actions-runner\_work\xpco\xpco\common\videoos.universal\videoos.universal.recorder.client.unittests\bin\debug\net472\videoos.universal.recorder.client.unittests.dll" id="d3545af8-73c1-c374-a8ec-1d3eafe3a2a1">
      <Execution id="d7ed11c3-4667-4706-ad06-49df8fb3c9a9" />
      <TestMethod codeBase="D:\actions-runner\_work\XPCO\XPCO\Common\VideoOS.Universal\VideoOS.Universal.Recorder.Client.UnitTests\bin\Debug\net472\VideoOS.Universal.Recorder.Client.UnitTests.dll" adapterTypeName="executor://mstestadapter/v2" className="VideoOS.Universal.Recorder.Client.UnitTests.ErrorMappingTests" name="MapToErrorData_ShouldMapToExpectedErrorData_ForAllKnownExceptionMessages" />
    </UnitTest>
    <UnitTest name="MapToErrorData_ShouldMapToExpectedErrorData_ForAllKnownExceptionMessages ('searchMask' parameters does not match: Expected length = 50,40000,0)" storage="d:\actions-runner\_work\xpco\xpco\common\videoos.universal\videoos.universal.recorder.client.unittests\bin\debug\net472\videoos.universal.recorder.client.unittests.dll" id="4d0f8589-1874-0df7-6978-303c6332b26e">
      <Execution id="3316c5e0-866b-49d1-bdae-ef03e41b1267" />
      <TestMethod codeBase="D:\actions-runner\_work\XPCO\XPCO\Common\VideoOS.Universal\VideoOS.Universal.Recorder.Client.UnitTests\bin\Debug\net472\VideoOS.Universal.Recorder.Client.UnitTests.dll" adapterTypeName="executor://mstestadapter/v2" className="VideoOS.Universal.Recorder.Client.UnitTests.ErrorMappingTests" name="MapToErrorData_ShouldMapToExpectedErrorData_ForAllKnownExceptionMessages" />
    </UnitTest>
    <UnitTest name="MapToErrorData_ShouldMapToExpectedErrorData_ForAllKnownExceptionMessages (Cannot perform session request without an active session.,40295,30)" storage="d:\actions-runner\_work\xpco\xpco\common\videoos.universal\videoos.universal.recorder.client.unittests\bin\debug\net472\videoos.universal.recorder.client.unittests.dll" id="79fdae02-0bfd-e82a-33da-98d1a67c4e34">
      <Execution id="75217b51-cc2f-4186-9a60-7549fa594615" />
      <TestMethod codeBase="D:\actions-runner\_work\XPCO\XPCO\Common\VideoOS.Universal\VideoOS.Universal.Recorder.Client.UnitTests\bin\Debug\net472\VideoOS.Universal.Recorder.Client.UnitTests.dll" adapterTypeName="executor://mstestadapter/v2" className="VideoOS.Universal.Recorder.Client.UnitTests.ErrorMappingTests" name="MapToErrorData_ShouldMapToExpectedErrorData_ForAllKnownExceptionMessages" />
    </UnitTest>
    <UnitTest name="MapToErrorData_ShouldMapToExpectedErrorData_ForAllKnownExceptionMessages (Parameter 'deviceId' not specified.,40000,0)" storage="d:\actions-runner\_work\xpco\xpco\common\videoos.universal\videoos.universal.recorder.client.unittests\bin\debug\net472\videoos.universal.recorder.client.unittests.dll" id="a3bf3d94-4ed7-1750-90e5-f1546c2405da">
      <Execution id="82b7898c-ea9b-4498-acdb-96681597ac43" />
      <TestMethod codeBase="D:\actions-runner\_work\XPCO\XPCO\Common\VideoOS.Universal\VideoOS.Universal.Recorder.Client.UnitTests\bin\Debug\net472\VideoOS.Universal.Recorder.Client.UnitTests.dll" adapterTypeName="executor://mstestadapter/v2" className="VideoOS.Universal.Recorder.Client.UnitTests.ErrorMappingTests" name="MapToErrorData_ShouldMapToExpectedErrorData_ForAllKnownExceptionMessages" />
    </UnitTest>
    <UnitTest name="MapToErrorData_ShouldMapToExpectedErrorData_ForAllKnownExceptionMessages (Cannot start a session which is already running.,40295,32)" storage="d:\actions-runner\_work\xpco\xpco\common\videoos.universal\videoos.universal.recorder.client.unittests\bin\debug\net472\videoos.universal.recorder.client.unittests.dll" id="6ae2af17-6366-e6e0-2b46-d6b8a572d9bb">
      <Execution id="fd914820-6701-4013-9735-508068d6cea4" />
      <TestMethod codeBase="D:\actions-runner\_work\XPCO\XPCO\Common\VideoOS.Universal\VideoOS.Universal.Recorder.Client.UnitTests\bin\Debug\net472\VideoOS.Universal.Recorder.Client.UnitTests.dll" adapterTypeName="executor://mstestadapter/v2" className="VideoOS.Universal.Recorder.Client.UnitTests.ErrorMappingTests" name="MapToErrorData_ShouldMapToExpectedErrorData_ForAllKnownExceptionMessages" />
    </UnitTest>
    <UnitTest name="MapToErrorData_ShouldMapToExpectedErrorData_ForAllKnownExceptionMessages (Device is not started,40295,2)" storage="d:\actions-runner\_work\xpco\xpco\common\videoos.universal\videoos.universal.recorder.client.unittests\bin\debug\net472\videoos.universal.recorder.client.unittests.dll" id="c8f1813f-23b4-fee2-18e1-c289bafabb7e">
      <Execution id="28cd4b84-2ad1-430d-aae6-e08a6ead61de" />
      <TestMethod codeBase="D:\actions-runner\_work\XPCO\XPCO\Common\VideoOS.Universal\VideoOS.Universal.Recorder.Client.UnitTests\bin\Debug\net472\VideoOS.Universal.Recorder.Client.UnitTests.dll" adapterTypeName="executor://mstestadapter/v2" className="VideoOS.Universal.Recorder.Client.UnitTests.ErrorMappingTests" name="MapToErrorData_ShouldMapToExpectedErrorData_ForAllKnownExceptionMessages" />
    </UnitTest>
    <UnitTest name="MapToErrorData_ShouldMapToExpectedErrorData_ForAllKnownExceptionMessages (Parameter 'sequenceType' not specified.,40000,0)" storage="d:\actions-runner\_work\xpco\xpco\common\videoos.universal\videoos.universal.recorder.client.unittests\bin\debug\net472\videoos.universal.recorder.client.unittests.dll" id="dc975a57-f024-2cf0-d923-dd5b1ce7ed63">
      <Execution id="816ef377-6e3f-45c8-8b4b-a249eb5bd375" />
      <TestMethod codeBase="D:\actions-runner\_work\XPCO\XPCO\Common\VideoOS.Universal\VideoOS.Universal.Recorder.Client.UnitTests\bin\Debug\net472\VideoOS.Universal.Recorder.Client.UnitTests.dll" adapterTypeName="executor://mstestadapter/v2" className="VideoOS.Universal.Recorder.Client.UnitTests.ErrorMappingTests" name="MapToErrorData_ShouldMapToExpectedErrorData_ForAllKnownExceptionMessages" />
    </UnitTest>
    <UnitTest name="MapToErrorData_ShouldMapToExpectedErrorData_ForAllKnownExceptionMessages (Sequences Get Around not allowed,40000,0)" storage="d:\actions-runner\_work\xpco\xpco\common\videoos.universal\videoos.universal.recorder.client.unittests\bin\debug\net472\videoos.universal.recorder.client.unittests.dll" id="187355fe-9694-1001-3a34-ad23e6d12468">
      <Execution id="45269820-70fb-4ea5-a52e-5fc4b90c510c" />
      <TestMethod codeBase="D:\actions-runner\_work\XPCO\XPCO\Common\VideoOS.Universal\VideoOS.Universal.Recorder.Client.UnitTests\bin\Debug\net472\VideoOS.Universal.Recorder.Client.UnitTests.dll" adapterTypeName="executor://mstestadapter/v2" className="VideoOS.Universal.Recorder.Client.UnitTests.ErrorMappingTests" name="MapToErrorData_ShouldMapToExpectedErrorData_ForAllKnownExceptionMessages" />
    </UnitTest>
    <UnitTest name="MapToErrorData_ShouldReturnNull_WhenExceptionMessageIsUnmapped" storage="d:\actions-runner\_work\xpco\xpco\common\videoos.universal\videoos.universal.recorder.client.unittests\bin\debug\net472\videoos.universal.recorder.client.unittests.dll" id="02eb1136-154c-feaf-762b-a5a207d56ffe">
      <Execution id="562822e4-ef5b-4a68-9b20-0b07cbe82f1d" />
      <TestMethod codeBase="D:\actions-runner\_work\XPCO\XPCO\Common\VideoOS.Universal\VideoOS.Universal.Recorder.Client.UnitTests\bin\Debug\net472\VideoOS.Universal.Recorder.Client.UnitTests.dll" adapterTypeName="executor://mstestadapter/v2" className="VideoOS.Universal.Recorder.Client.UnitTests.ErrorMappingTests" name="MapToErrorData_ShouldReturnNull_WhenExceptionMessageIsUnmapped" />
    </UnitTest>
    <UnitTest name="MapToErrorData_ShouldMapToExpectedErrorData_ForAllKnownExceptionMessages (Parameter 'timeLineInformationCount' &lt;= 0.,40000,0)" storage="d:\actions-runner\_work\xpco\xpco\common\videoos.universal\videoos.universal.recorder.client.unittests\bin\debug\net472\videoos.universal.recorder.client.unittests.dll" id="1a27ff51-14a0-8c6b-edc4-a64d19bf0936">
      <Execution id="8c34de06-b978-4561-ab27-96688362c4dd" />
      <TestMethod codeBase="D:\actions-runner\_work\XPCO\XPCO\Common\VideoOS.Universal\VideoOS.Universal.Recorder.Client.UnitTests\bin\Debug\net472\VideoOS.Universal.Recorder.Client.UnitTests.dll" adapterTypeName="executor://mstestadapter/v2" className="VideoOS.Universal.Recorder.Client.UnitTests.ErrorMappingTests" name="MapToErrorData_ShouldMapToExpectedErrorData_ForAllKnownExceptionMessages" />
    </UnitTest>
    <UnitTest name="MapToErrorData_ShouldMapToExpectedErrorData_ForAllKnownExceptionMessages (Parameter 'centerY' not specified.,40000,0)" storage="d:\actions-runner\_work\xpco\xpco\common\videoos.universal\videoos.universal.recorder.client.unittests\bin\debug\net472\videoos.universal.recorder.client.unittests.dll" id="9dfe0b87-3e9a-69a8-f994-a93ddfa4437c">
      <Execution id="bec29a4e-adaa-46c7-af2f-beb95f04ae19" />
      <TestMethod codeBase="D:\actions-runner\_work\XPCO\XPCO\Common\VideoOS.Universal\VideoOS.Universal.Recorder.Client.UnitTests\bin\Debug\net472\VideoOS.Universal.Recorder.Client.UnitTests.dll" adapterTypeName="executor://mstestadapter/v2" className="VideoOS.Universal.Recorder.Client.UnitTests.ErrorMappingTests" name="MapToErrorData_ShouldMapToExpectedErrorData_ForAllKnownExceptionMessages" />
    </UnitTest>
    <UnitTest name="MapToErrorData_ShouldMapToExpectedErrorData_ForAllKnownExceptionMessages (Feature not licensed.,40295,100)" storage="d:\actions-runner\_work\xpco\xpco\common\videoos.universal\videoos.universal.recorder.client.unittests\bin\debug\net472\videoos.universal.recorder.client.unittests.dll" id="ff103666-7b67-1452-076d-b772085954fa">
      <Execution id="891723eb-1274-4697-be8e-50fb638fa6ab" />
      <TestMethod codeBase="D:\actions-runner\_work\XPCO\XPCO\Common\VideoOS.Universal\VideoOS.Universal.Recorder.Client.UnitTests\bin\Debug\net472\VideoOS.Universal.Recorder.Client.UnitTests.dll" adapterTypeName="executor://mstestadapter/v2" className="VideoOS.Universal.Recorder.Client.UnitTests.ErrorMappingTests" name="MapToErrorData_ShouldMapToExpectedErrorData_ForAllKnownExceptionMessages" />
    </UnitTest>
    <UnitTest name="MapToErrorData_ShouldMapToExpectedErrorData_ForAllKnownExceptionMessages (Output Trigger not allowed,40000,0)" storage="d:\actions-runner\_work\xpco\xpco\common\videoos.universal\videoos.universal.recorder.client.unittests\bin\debug\net472\videoos.universal.recorder.client.unittests.dll" id="3b7040bc-fe96-1894-6926-36e0ab984d52">
      <Execution id="70bd2fff-6d83-452d-922f-c07281fa607c" />
      <TestMethod codeBase="D:\actions-runner\_work\XPCO\XPCO\Common\VideoOS.Universal\VideoOS.Universal.Recorder.Client.UnitTests\bin\Debug\net472\VideoOS.Universal.Recorder.Client.UnitTests.dll" adapterTypeName="executor://mstestadapter/v2" className="VideoOS.Universal.Recorder.Client.UnitTests.ErrorMappingTests" name="MapToErrorData_ShouldMapToExpectedErrorData_ForAllKnownExceptionMessages" />
    </UnitTest>
    <UnitTest name="MapToErrorData_ShouldMapToExpectedErrorData_ForAllKnownExceptionMessages (Device is not IPtz,40295,10)" storage="d:\actions-runner\_work\xpco\xpco\common\videoos.universal\videoos.universal.recorder.client.unittests\bin\debug\net472\videoos.universal.recorder.client.unittests.dll" id="b41740fa-e9c5-c939-82ae-4974ebcd74c0">
      <Execution id="fef2b25f-2e93-46f9-ab69-793b481d2fba" />
      <TestMethod codeBase="D:\actions-runner\_work\XPCO\XPCO\Common\VideoOS.Universal\VideoOS.Universal.Recorder.Client.UnitTests\bin\Debug\net472\VideoOS.Universal.Recorder.Client.UnitTests.dll" adapterTypeName="executor://mstestadapter/v2" className="VideoOS.Universal.Recorder.Client.UnitTests.ErrorMappingTests" name="MapToErrorData_ShouldMapToExpectedErrorData_ForAllKnownExceptionMessages" />
    </UnitTest>
    <UnitTest name="MapToErrorData_ShouldMapToExpectedErrorData_ForAllKnownExceptionMessages (Parameter 'bottom' not specified.,40000,0)" storage="d:\actions-runner\_work\xpco\xpco\common\videoos.universal\videoos.universal.recorder.client.unittests\bin\debug\net472\videoos.universal.recorder.client.unittests.dll" id="9b2791c0-dcae-133d-0e0c-d44992443afd">
      <Execution id="9544b162-ff75-48cc-942c-3251614f500e" />
      <TestMethod codeBase="D:\actions-runner\_work\XPCO\XPCO\Common\VideoOS.Universal\VideoOS.Universal.Recorder.Client.UnitTests\bin\Debug\net472\VideoOS.Universal.Recorder.Client.UnitTests.dll" adapterTypeName="executor://mstestadapter/v2" className="VideoOS.Universal.Recorder.Client.UnitTests.ErrorMappingTests" name="MapToErrorData_ShouldMapToExpectedErrorData_ForAllKnownExceptionMessages" />
    </UnitTest>
    <UnitTest name="MapToErrorData_ShouldMapToExpectedErrorData_ForAllKnownExceptionMessages (Unknown soap version,10003,0)" storage="d:\actions-runner\_work\xpco\xpco\common\videoos.universal\videoos.universal.recorder.client.unittests\bin\debug\net472\videoos.universal.recorder.client.unittests.dll" id="d66c7215-8087-9322-e8b4-d3597aafd548">
      <Execution id="6989df17-649b-46e6-8e26-4b1f0b62332d" />
      <TestMethod codeBase="D:\actions-runner\_work\XPCO\XPCO\Common\VideoOS.Universal\VideoOS.Universal.Recorder.Client.UnitTests\bin\Debug\net472\VideoOS.Universal.Recorder.Client.UnitTests.dll" adapterTypeName="executor://mstestadapter/v2" className="VideoOS.Universal.Recorder.Client.UnitTests.ErrorMappingTests" name="MapToErrorData_ShouldMapToExpectedErrorData_ForAllKnownExceptionMessages" />
    </UnitTest>
    <UnitTest name="MapToErrorData_ShouldMapToExpectedErrorData_ForAllKnownExceptionMessages (Unable to get status for session. Session id: 'AACBA580-2202-4D25-9E27-2B193F56DEE9',40000,0)" storage="d:\actions-runner\_work\xpco\xpco\common\videoos.universal\videoos.universal.recorder.client.unittests\bin\debug\net472\videoos.universal.recorder.client.unittests.dll" id="2df29b19-df1c-82d5-28c9-d6fb4238135a">
      <Execution id="e607825d-7cb4-4bfc-af50-e1deacfec5de" />
      <TestMethod codeBase="D:\actions-runner\_work\XPCO\XPCO\Common\VideoOS.Universal\VideoOS.Universal.Recorder.Client.UnitTests\bin\Debug\net472\VideoOS.Universal.Recorder.Client.UnitTests.dll" adapterTypeName="executor://mstestadapter/v2" className="VideoOS.Universal.Recorder.Client.UnitTests.ErrorMappingTests" name="MapToErrorData_ShouldMapToExpectedErrorData_ForAllKnownExceptionMessages" />
    </UnitTest>
    <UnitTest name="MapToErrorData_ShouldMapToExpectedErrorData_ForAllKnownExceptionMessages (Insufficient user rights to access Status API,40000,0)" storage="d:\actions-runner\_work\xpco\xpco\common\videoos.universal\videoos.universal.recorder.client.unittests\bin\debug\net472\videoos.universal.recorder.client.unittests.dll" id="91dcd39d-dd7e-a978-6202-7912368d4b45">
      <Execution id="f9fc8028-257d-436c-b38b-5bca59215655" />
      <TestMethod codeBase="D:\actions-runner\_work\XPCO\XPCO\Common\VideoOS.Universal\VideoOS.Universal.Recorder.Client.UnitTests\bin\Debug\net472\VideoOS.Universal.Recorder.Client.UnitTests.dll" adapterTypeName="executor://mstestadapter/v2" className="VideoOS.Universal.Recorder.Client.UnitTests.ErrorMappingTests" name="MapToErrorData_ShouldMapToExpectedErrorData_ForAllKnownExceptionMessages" />
    </UnitTest>
    <UnitTest name="MapToErrorData_ShouldMapToExpectedErrorData_ForAllKnownExceptionMessages (Ptz device request failed,40295,0)" storage="d:\actions-runner\_work\xpco\xpco\common\videoos.universal\videoos.universal.recorder.client.unittests\bin\debug\net472\videoos.universal.recorder.client.unittests.dll" id="1d045e11-1061-435a-e2b7-a2845f1dffd0">
      <Execution id="cf4fe289-2f93-4864-afbd-ec2bf6ee5280" />
      <TestMethod codeBase="D:\actions-runner\_work\XPCO\XPCO\Common\VideoOS.Universal\VideoOS.Universal.Recorder.Client.UnitTests\bin\Debug\net472\VideoOS.Universal.Recorder.Client.UnitTests.dll" adapterTypeName="executor://mstestadapter/v2" className="VideoOS.Universal.Recorder.Client.UnitTests.ErrorMappingTests" name="MapToErrorData_ShouldMapToExpectedErrorData_ForAllKnownExceptionMessages" />
    </UnitTest>
    <UnitTest name="MapToErrorData_ShouldMapToExpectedErrorData_ForAllKnownExceptionMessages (Error processing message,10000,0)" storage="d:\actions-runner\_work\xpco\xpco\common\videoos.universal\videoos.universal.recorder.client.unittests\bin\debug\net472\videoos.universal.recorder.client.unittests.dll" id="5bdb8045-eb54-b7d5-a8ab-5f996880126d">
      <Execution id="eea5dfc3-8663-4f60-a44d-176f28747fa6" />
      <TestMethod codeBase="D:\actions-runner\_work\XPCO\XPCO\Common\VideoOS.Universal\VideoOS.Universal.Recorder.Client.UnitTests\bin\Debug\net472\VideoOS.Universal.Recorder.Client.UnitTests.dll" adapterTypeName="executor://mstestadapter/v2" className="VideoOS.Universal.Recorder.Client.UnitTests.ErrorMappingTests" name="MapToErrorData_ShouldMapToExpectedErrorData_ForAllKnownExceptionMessages" />
    </UnitTest>
    <UnitTest name="MapToErrorData_ShouldMapToExpectedErrorData_ForAllKnownExceptionMessages (Parameter 'centerTime' not specified.,40000,0)" storage="d:\actions-runner\_work\xpco\xpco\common\videoos.universal\videoos.universal.recorder.client.unittests\bin\debug\net472\videoos.universal.recorder.client.unittests.dll" id="800ee3fd-ee19-4611-91b1-740c9ef63353">
      <Execution id="bd204744-9d6a-49da-b372-bbaa7d59db26" />
      <TestMethod codeBase="D:\actions-runner\_work\XPCO\XPCO\Common\VideoOS.Universal\VideoOS.Universal.Recorder.Client.UnitTests\bin\Debug\net472\VideoOS.Universal.Recorder.Client.UnitTests.dll" adapterTypeName="executor://mstestadapter/v2" className="VideoOS.Universal.Recorder.Client.UnitTests.ErrorMappingTests" name="MapToErrorData_ShouldMapToExpectedErrorData_ForAllKnownExceptionMessages" />
    </UnitTest>
    <UnitTest name="MapToErrorData_ShouldMapToExpectedErrorData_ForAllKnownExceptionMessages (Cannot release non existing session.,40295,33)" storage="d:\actions-runner\_work\xpco\xpco\common\videoos.universal\videoos.universal.recorder.client.unittests\bin\debug\net472\videoos.universal.recorder.client.unittests.dll" id="4e8526a2-21e6-96c3-62dd-a123b69eb25e">
      <Execution id="e10819fb-1a3a-48c9-ab4e-168eb5f3bd7a" />
      <TestMethod codeBase="D:\actions-runner\_work\XPCO\XPCO\Common\VideoOS.Universal\VideoOS.Universal.Recorder.Client.UnitTests\bin\Debug\net472\VideoOS.Universal.Recorder.Client.UnitTests.dll" adapterTypeName="executor://mstestadapter/v2" className="VideoOS.Universal.Recorder.Client.UnitTests.ErrorMappingTests" name="MapToErrorData_ShouldMapToExpectedErrorData_ForAllKnownExceptionMessages" />
    </UnitTest>
    <UnitTest name="MapToErrorData_ShouldMapToExpectedErrorData_ForAllKnownExceptionMessages (Token expired,20001,3)" storage="d:\actions-runner\_work\xpco\xpco\common\videoos.universal\videoos.universal.recorder.client.unittests\bin\debug\net472\videoos.universal.recorder.client.unittests.dll" id="2115e966-5903-3c7e-a670-4f7addbc58c8">
      <Execution id="351b3884-3c30-4071-a79e-9975fff6f35d" />
      <TestMethod codeBase="D:\actions-runner\_work\XPCO\XPCO\Common\VideoOS.Universal\VideoOS.Universal.Recorder.Client.UnitTests\bin\Debug\net472\VideoOS.Universal.Recorder.Client.UnitTests.dll" adapterTypeName="executor://mstestadapter/v2" className="VideoOS.Universal.Recorder.Client.UnitTests.ErrorMappingTests" name="MapToErrorData_ShouldMapToExpectedErrorData_ForAllKnownExceptionMessages" />
    </UnitTest>
    <UnitTest name="MapToErrorData_ShouldMapToExpectedErrorData_ForAllKnownExceptionMessages (Parameter 'resultMotionMaskSize' not specified.,40000,0)" storage="d:\actions-runner\_work\xpco\xpco\common\videoos.universal\videoos.universal.recorder.client.unittests\bin\debug\net472\videoos.universal.recorder.client.unittests.dll" id="0dcc6d3f-db9f-7a6a-40d2-7736ed6d4b9d">
      <Execution id="e147fd76-3b14-4dc3-8381-01718a62b697" />
      <TestMethod codeBase="D:\actions-runner\_work\XPCO\XPCO\Common\VideoOS.Universal\VideoOS.Universal.Recorder.Client.UnitTests\bin\Debug\net472\VideoOS.Universal.Recorder.Client.UnitTests.dll" adapterTypeName="executor://mstestadapter/v2" className="VideoOS.Universal.Recorder.Client.UnitTests.ErrorMappingTests" name="MapToErrorData_ShouldMapToExpectedErrorData_ForAllKnownExceptionMessages" />
    </UnitTest>
    <UnitTest name="MapToErrorData_ShouldMapToExpectedErrorData_ForAllKnownExceptionMessages (Parameter 'top' not a double.,40000,0)" storage="d:\actions-runner\_work\xpco\xpco\common\videoos.universal\videoos.universal.recorder.client.unittests\bin\debug\net472\videoos.universal.recorder.client.unittests.dll" id="5eab5dd7-e018-3991-2458-7b039c3933ac">
      <Execution id="a60bcff8-87d6-4889-9534-bbbc03fd4dc3" />
      <TestMethod codeBase="D:\actions-runner\_work\XPCO\XPCO\Common\VideoOS.Universal\VideoOS.Universal.Recorder.Client.UnitTests\bin\Debug\net472\VideoOS.Universal.Recorder.Client.UnitTests.dll" adapterTypeName="executor://mstestadapter/v2" className="VideoOS.Universal.Recorder.Client.UnitTests.ErrorMappingTests" name="MapToErrorData_ShouldMapToExpectedErrorData_ForAllKnownExceptionMessages" />
    </UnitTest>
    <UnitTest name="MapToErrorData_ShouldMapToExpectedErrorData_ForAllKnownExceptionMessages (Parameter 'searchEndTime' not specified.,40000,0)" storage="d:\actions-runner\_work\xpco\xpco\common\videoos.universal\videoos.universal.recorder.client.unittests\bin\debug\net472\videoos.universal.recorder.client.unittests.dll" id="a4074f04-ca9c-7f3a-27dd-3f43d667f62b">
      <Execution id="a915ca4d-3f91-4570-909a-b3da985a6e14" />
      <TestMethod codeBase="D:\actions-runner\_work\XPCO\XPCO\Common\VideoOS.Universal\VideoOS.Universal.Recorder.Client.UnitTests\bin\Debug\net472\VideoOS.Universal.Recorder.Client.UnitTests.dll" adapterTypeName="executor://mstestadapter/v2" className="VideoOS.Universal.Recorder.Client.UnitTests.ErrorMappingTests" name="MapToErrorData_ShouldMapToExpectedErrorData_ForAllKnownExceptionMessages" />
    </UnitTest>
    <UnitTest name="MapToErrorData_ShouldMapToExpectedErrorData_ForAllKnownExceptionMessages (Parameter 'smartSearchId' not specified.,40000,0)" storage="d:\actions-runner\_work\xpco\xpco\common\videoos.universal\videoos.universal.recorder.client.unittests\bin\debug\net472\videoos.universal.recorder.client.unittests.dll" id="85b85558-4e86-e2e9-f199-a641f389c561">
      <Execution id="63b284ce-512e-4c18-a79b-00d116ea1cd3" />
      <TestMethod codeBase="D:\actions-runner\_work\XPCO\XPCO\Common\VideoOS.Universal\VideoOS.Universal.Recorder.Client.UnitTests\bin\Debug\net472\VideoOS.Universal.Recorder.Client.UnitTests.dll" adapterTypeName="executor://mstestadapter/v2" className="VideoOS.Universal.Recorder.Client.UnitTests.ErrorMappingTests" name="MapToErrorData_ShouldMapToExpectedErrorData_ForAllKnownExceptionMessages" />
    </UnitTest>
    <UnitTest name="MapToErrorData_ShouldMapToExpectedErrorData_ForAllKnownExceptionMessages (No response,40000,0)" storage="d:\actions-runner\_work\xpco\xpco\common\videoos.universal\videoos.universal.recorder.client.unittests\bin\debug\net472\videoos.universal.recorder.client.unittests.dll" id="da2e64d0-07af-bde3-2302-bf64cdb3a322">
      <Execution id="d0f85137-a2d1-4181-8fb7-3ddbcd24e06f" />
      <TestMethod codeBase="D:\actions-runner\_work\XPCO\XPCO\Common\VideoOS.Universal\VideoOS.Universal.Recorder.Client.UnitTests\bin\Debug\net472\VideoOS.Universal.Recorder.Client.UnitTests.dll" adapterTypeName="executor://mstestadapter/v2" className="VideoOS.Universal.Recorder.Client.UnitTests.ErrorMappingTests" name="MapToErrorData_ShouldMapToExpectedErrorData_ForAllKnownExceptionMessages" />
    </UnitTest>
    <UnitTest name="MapToErrorData_ShouldMapToExpectedErrorData_ForAllKnownExceptionMessages (Manual patrolling cannot be released,40295,42)" storage="d:\actions-runner\_work\xpco\xpco\common\videoos.universal\videoos.universal.recorder.client.unittests\bin\debug\net472\videoos.universal.recorder.client.unittests.dll" id="28df4bf5-2ae5-a1b7-c1a9-2a27479c8315">
      <Execution id="b0cfffdb-9966-4a3b-8e7a-9ed88137b683" />
      <TestMethod codeBase="D:\actions-runner\_work\XPCO\XPCO\Common\VideoOS.Universal\VideoOS.Universal.Recorder.Client.UnitTests\bin\Debug\net472\VideoOS.Universal.Recorder.Client.UnitTests.dll" adapterTypeName="executor://mstestadapter/v2" className="VideoOS.Universal.Recorder.Client.UnitTests.ErrorMappingTests" name="MapToErrorData_ShouldMapToExpectedErrorData_ForAllKnownExceptionMessages" />
    </UnitTest>
    <UnitTest name="MapToErrorData_ShouldMapToExpectedErrorData_ForAllKnownExceptionMessages (Parameter 'patrollingSchemaId' not specified.,40000,0)" storage="d:\actions-runner\_work\xpco\xpco\common\videoos.universal\videoos.universal.recorder.client.unittests\bin\debug\net472\videoos.universal.recorder.client.unittests.dll" id="b92a2ba1-e1a6-e50e-91ed-d9fb35b24c13">
      <Execution id="587b400b-0d5e-437e-aea5-579670473b59" />
      <TestMethod codeBase="D:\actions-runner\_work\XPCO\XPCO\Common\VideoOS.Universal\VideoOS.Universal.Recorder.Client.UnitTests\bin\Debug\net472\VideoOS.Universal.Recorder.Client.UnitTests.dll" adapterTypeName="executor://mstestadapter/v2" className="VideoOS.Universal.Recorder.Client.UnitTests.ErrorMappingTests" name="MapToErrorData_ShouldMapToExpectedErrorData_ForAllKnownExceptionMessages" />
    </UnitTest>
    <UnitTest name="MapToErrorData_ShouldMapToExpectedErrorData_ForAllKnownExceptionMessages (Version mismatch,10001,0)" storage="d:\actions-runner\_work\xpco\xpco\common\videoos.universal\videoos.universal.recorder.client.unittests\bin\debug\net472\videoos.universal.recorder.client.unittests.dll" id="59a12284-4e9a-63e6-7529-f2a301ae1764">
      <Execution id="2fb7463f-7611-4c04-963e-ee0c2ab2fe57" />
      <TestMethod codeBase="D:\actions-runner\_work\XPCO\XPCO\Common\VideoOS.Universal\VideoOS.Universal.Recorder.Client.UnitTests\bin\Debug\net472\VideoOS.Universal.Recorder.Client.UnitTests.dll" adapterTypeName="executor://mstestadapter/v2" className="VideoOS.Universal.Recorder.Client.UnitTests.ErrorMappingTests" name="MapToErrorData_ShouldMapToExpectedErrorData_ForAllKnownExceptionMessages" />
    </UnitTest>
    <UnitTest name="MapToErrorData_ShouldMapToExpectedErrorData_ForAllKnownExceptionMessages (Parameter 'refHeight' not specified.,40000,0)" storage="d:\actions-runner\_work\xpco\xpco\common\videoos.universal\videoos.universal.recorder.client.unittests\bin\debug\net472\videoos.universal.recorder.client.unittests.dll" id="0694ff2f-39c5-3307-5e47-db615407ef82">
      <Execution id="c7766021-7109-46a7-a73b-f026f2e19960" />
      <TestMethod codeBase="D:\actions-runner\_work\XPCO\XPCO\Common\VideoOS.Universal\VideoOS.Universal.Recorder.Client.UnitTests\bin\Debug\net472\VideoOS.Universal.Recorder.Client.UnitTests.dll" adapterTypeName="executor://mstestadapter/v2" className="VideoOS.Universal.Recorder.Client.UnitTests.ErrorMappingTests" name="MapToErrorData_ShouldMapToExpectedErrorData_ForAllKnownExceptionMessages" />
    </UnitTest>
    <UnitTest name="MapToErrorData_ShouldMapToExpectedErrorData_ForAllKnownExceptionMessages (Token invalid,20001,2)" storage="d:\actions-runner\_work\xpco\xpco\common\videoos.universal\videoos.universal.recorder.client.unittests\bin\debug\net472\videoos.universal.recorder.client.unittests.dll" id="0ea8c1f1-125e-e4fd-81c6-ba75165b327d">
      <Execution id="9eee33bc-4f2f-49d4-b949-043a77fc67b7" />
      <TestMethod codeBase="D:\actions-runner\_work\XPCO\XPCO\Common\VideoOS.Universal\VideoOS.Universal.Recorder.Client.UnitTests\bin\Debug\net472\VideoOS.Universal.Recorder.Client.UnitTests.dll" adapterTypeName="executor://mstestadapter/v2" className="VideoOS.Universal.Recorder.Client.UnitTests.ErrorMappingTests" name="MapToErrorData_ShouldMapToExpectedErrorData_ForAllKnownExceptionMessages" />
    </UnitTest>
    <UnitTest name="MapToErrorData_ShouldMapToExpectedErrorData_ForAllKnownExceptionMessages (Preset Move To not allowed,40000,0)" storage="d:\actions-runner\_work\xpco\xpco\common\videoos.universal\videoos.universal.recorder.client.unittests\bin\debug\net472\videoos.universal.recorder.client.unittests.dll" id="6054e43f-0be0-496a-5f90-fcd88b8e0ffa">
      <Execution id="a8500508-196b-40fb-ac6a-1fddee3a8e90" />
      <TestMethod codeBase="D:\actions-runner\_work\XPCO\XPCO\Common\VideoOS.Universal\VideoOS.Universal.Recorder.Client.UnitTests\bin\Debug\net472\VideoOS.Universal.Recorder.Client.UnitTests.dll" adapterTypeName="executor://mstestadapter/v2" className="VideoOS.Universal.Recorder.Client.UnitTests.ErrorMappingTests" name="MapToErrorData_ShouldMapToExpectedErrorData_ForAllKnownExceptionMessages" />
    </UnitTest>
    <UnitTest name="MapToErrorData_ShouldMapToExpectedErrorData_ForAllKnownExceptionMessages (Request rejected, request priority (2) equal to current patrolling priority (2).,40295,43)" storage="d:\actions-runner\_work\xpco\xpco\common\videoos.universal\videoos.universal.recorder.client.unittests\bin\debug\net472\videoos.universal.recorder.client.unittests.dll" id="4d848df5-18de-13ce-9dab-12001bd5ce05">
      <Execution id="0256ea89-d2dd-4408-9cb8-f18c7e971d6b" />
      <TestMethod codeBase="D:\actions-runner\_work\XPCO\XPCO\Common\VideoOS.Universal\VideoOS.Universal.Recorder.Client.UnitTests\bin\Debug\net472\VideoOS.Universal.Recorder.Client.UnitTests.dll" adapterTypeName="executor://mstestadapter/v2" className="VideoOS.Universal.Recorder.Client.UnitTests.ErrorMappingTests" name="MapToErrorData_ShouldMapToExpectedErrorData_ForAllKnownExceptionMessages" />
    </UnitTest>
    <UnitTest name="MapToErrorData_ShouldMapToExpectedErrorData_ForAllKnownExceptionMessages (Parameter 'minTime' not specified.,40000,0)" storage="d:\actions-runner\_work\xpco\xpco\common\videoos.universal\videoos.universal.recorder.client.unittests\bin\debug\net472\videoos.universal.recorder.client.unittests.dll" id="1eb3a396-5256-27b0-5742-cacc5acdfce3">
      <Execution id="15eb7f79-7919-40d8-a1cc-81097e0bc1d2" />
      <TestMethod codeBase="D:\actions-runner\_work\XPCO\XPCO\Common\VideoOS.Universal\VideoOS.Universal.Recorder.Client.UnitTests\bin\Debug\net472\VideoOS.Universal.Recorder.Client.UnitTests.dll" adapterTypeName="executor://mstestadapter/v2" className="VideoOS.Universal.Recorder.Client.UnitTests.ErrorMappingTests" name="MapToErrorData_ShouldMapToExpectedErrorData_ForAllKnownExceptionMessages" />
    </UnitTest>
    <UnitTest name="MapToErrorData_ShouldMapToExpectedErrorData_ForAllKnownExceptionMessages (Parameter 'duration' not specified.,40000,0)" storage="d:\actions-runner\_work\xpco\xpco\common\videoos.universal\videoos.universal.recorder.client.unittests\bin\debug\net472\videoos.universal.recorder.client.unittests.dll" id="666fbaed-9b35-07e6-c984-97853135c78e">
      <Execution id="b32c0fe3-e609-4a1b-8dac-9260b25ec105" />
      <TestMethod codeBase="D:\actions-runner\_work\XPCO\XPCO\Common\VideoOS.Universal\VideoOS.Universal.Recorder.Client.UnitTests\bin\Debug\net472\VideoOS.Universal.Recorder.Client.UnitTests.dll" adapterTypeName="executor://mstestadapter/v2" className="VideoOS.Universal.Recorder.Client.UnitTests.ErrorMappingTests" name="MapToErrorData_ShouldMapToExpectedErrorData_ForAllKnownExceptionMessages" />
    </UnitTest>
    <UnitTest name="MapToErrorData_ShouldMapToExpectedErrorData_ForAllKnownExceptionMessages (Device AACBA580-2202-4D25-9E27-2B193F56DEE9 not found.,40000,0)" storage="d:\actions-runner\_work\xpco\xpco\common\videoos.universal\videoos.universal.recorder.client.unittests\bin\debug\net472\videoos.universal.recorder.client.unittests.dll" id="8be3d1c2-a65d-f8a9-2393-a7fd5a011e1e">
      <Execution id="65cbaae7-fe11-4a3e-afef-fb4e5a2ddfa1" />
      <TestMethod codeBase="D:\actions-runner\_work\XPCO\XPCO\Common\VideoOS.Universal\VideoOS.Universal.Recorder.Client.UnitTests\bin\Debug\net472\VideoOS.Universal.Recorder.Client.UnitTests.dll" adapterTypeName="executor://mstestadapter/v2" className="VideoOS.Universal.Recorder.Client.UnitTests.ErrorMappingTests" name="MapToErrorData_ShouldMapToExpectedErrorData_ForAllKnownExceptionMessages" />
    </UnitTest>
    <UnitTest name="MapToErrorData_ShouldMapToExpectedErrorData_ForAllKnownExceptionMessages (Parameter 'timeLineInformationInterval' not specified.,40000,0)" storage="d:\actions-runner\_work\xpco\xpco\common\videoos.universal\videoos.universal.recorder.client.unittests\bin\debug\net472\videoos.universal.recorder.client.unittests.dll" id="a87678ca-30fd-55a7-2add-b1645afab176">
      <Execution id="bf4c65bf-164e-4e9e-9cff-29dc1ce8a9c8" />
      <TestMethod codeBase="D:\actions-runner\_work\XPCO\XPCO\Common\VideoOS.Universal\VideoOS.Universal.Recorder.Client.UnitTests\bin\Debug\net472\VideoOS.Universal.Recorder.Client.UnitTests.dll" adapterTypeName="executor://mstestadapter/v2" className="VideoOS.Universal.Recorder.Client.UnitTests.ErrorMappingTests" name="MapToErrorData_ShouldMapToExpectedErrorData_ForAllKnownExceptionMessages" />
    </UnitTest>
    <UnitTest name="MapToErrorData_ShouldMapToExpectedErrorData_ForAllKnownExceptionMessages (Parameter 'top' not specified.,40000,0)" storage="d:\actions-runner\_work\xpco\xpco\common\videoos.universal\videoos.universal.recorder.client.unittests\bin\debug\net472\videoos.universal.recorder.client.unittests.dll" id="0059003f-fecd-45c7-015c-ea73a5f6a26d">
      <Execution id="ba577980-3d23-4697-9274-7b0650a59ebd" />
      <TestMethod codeBase="D:\actions-runner\_work\XPCO\XPCO\Common\VideoOS.Universal\VideoOS.Universal.Recorder.Client.UnitTests\bin\Debug\net472\VideoOS.Universal.Recorder.Client.UnitTests.dll" adapterTypeName="executor://mstestadapter/v2" className="VideoOS.Universal.Recorder.Client.UnitTests.ErrorMappingTests" name="MapToErrorData_ShouldMapToExpectedErrorData_ForAllKnownExceptionMessages" />
    </UnitTest>
    <UnitTest name="MapToErrorData_ShouldMapToExpectedErrorData_ForAllKnownExceptionMessages (Parameter 'continueSearch' not specified.,40000,0)" storage="d:\actions-runner\_work\xpco\xpco\common\videoos.universal\videoos.universal.recorder.client.unittests\bin\debug\net472\videoos.universal.recorder.client.unittests.dll" id="957247ca-2558-dbe2-b95a-7582437a0332">
      <Execution id="add71ff6-4079-4d06-84f1-b868fa6eddbd" />
      <TestMethod codeBase="D:\actions-runner\_work\XPCO\XPCO\Common\VideoOS.Universal\VideoOS.Universal.Recorder.Client.UnitTests\bin\Debug\net472\VideoOS.Universal.Recorder.Client.UnitTests.dll" adapterTypeName="executor://mstestadapter/v2" className="VideoOS.Universal.Recorder.Client.UnitTests.ErrorMappingTests" name="MapToErrorData_ShouldMapToExpectedErrorData_ForAllKnownExceptionMessages" />
    </UnitTest>
  </TestDefinitions>
  <TestEntries>
    <TestEntry testId="0ea8c1f1-125e-e4fd-81c6-ba75165b327d" executionId="9eee33bc-4f2f-49d4-b949-043a77fc67b7" testListId="8c84fa94-04c1-424b-9868-57a2d4851a1d" />
    <TestEntry testId="1a74203f-edc4-8f5f-edac-50b1758e0fdc" executionId="5ad2a7b1-707f-47ac-ab44-9b84aee43617" testListId="8c84fa94-04c1-424b-9868-57a2d4851a1d" />
    <TestEntry testId="d3545af8-73c1-c374-a8ec-1d3eafe3a2a1" executionId="d7ed11c3-4667-4706-ad06-49df8fb3c9a9" testListId="8c84fa94-04c1-424b-9868-57a2d4851a1d" />
    <TestEntry testId="295b5c9c-51e7-02f9-12d0-e6e242da33d5" executionId="93a94d09-a0f4-4fa7-8050-7b5b53b49c22" testListId="8c84fa94-04c1-424b-9868-57a2d4851a1d" />
    <TestEntry testId="ae55695f-890f-c83f-67e2-608689c65dde" executionId="8b88119e-b784-466e-a5c8-5aaabf3c6f5a" testListId="8c84fa94-04c1-424b-9868-57a2d4851a1d" />
    <TestEntry testId="8cebbcea-e37f-ee79-2ee6-f63ab99fe3ff" executionId="04dbc257-d10f-439b-b5d4-5c6f37616eca" testListId="8c84fa94-04c1-424b-9868-57a2d4851a1d" />
    <TestEntry testId="0dcc6d3f-db9f-7a6a-40d2-7736ed6d4b9d" executionId="e147fd76-3b14-4dc3-8381-01718a62b697" testListId="8c84fa94-04c1-424b-9868-57a2d4851a1d" />
    <TestEntry testId="e247e266-501e-90c6-c043-753ae0950fd1" executionId="7e73d804-486a-4c6c-9da3-853a8dc51933" testListId="8c84fa94-04c1-424b-9868-57a2d4851a1d" />
    <TestEntry testId="da2e64d0-07af-bde3-2302-bf64cdb3a322" executionId="d0f85137-a2d1-4181-8fb7-3ddbcd24e06f" testListId="8c84fa94-04c1-424b-9868-57a2d4851a1d" />
    <TestEntry testId="172200d1-41c8-c116-53fd-579deb4ba039" executionId="01c9f1a6-b21f-4509-8ce6-7ae115484d9c" testListId="8c84fa94-04c1-424b-9868-57a2d4851a1d" />
    <TestEntry testId="241424a0-5b70-4f7a-46d8-9aefc41689fb" executionId="b889d973-408d-4aac-9e42-98ac6afd359c" testListId="8c84fa94-04c1-424b-9868-57a2d4851a1d" />
    <TestEntry testId="576db89d-9e4e-f54b-0485-3e8451bbf745" executionId="98610a8a-b749-4888-ac21-07925ff834f3" testListId="8c84fa94-04c1-424b-9868-57a2d4851a1d" />
    <TestEntry testId="22c6193f-fa6b-3dd2-48f8-103f19932add" executionId="1b93e6ac-e644-4d56-a27a-4fd2cb6eeda2" testListId="8c84fa94-04c1-424b-9868-57a2d4851a1d" />
    <TestEntry testId="51a9b75e-dd78-20ee-44b6-a81133cd511c" executionId="ef89b3ad-e4dd-4a44-a5a7-15bae157aba0" testListId="8c84fa94-04c1-424b-9868-57a2d4851a1d" />
    <TestEntry testId="79d01b25-66f4-d649-b353-4b10ed1f4ba5" executionId="2c196930-d141-42b7-95cc-ca1deab87820" testListId="8c84fa94-04c1-424b-9868-57a2d4851a1d" />
    <TestEntry testId="c58af070-d07e-9e95-d58c-4c938f189840" executionId="41ffa7c1-af5f-4d14-87bd-f60c9430d4dc" testListId="8c84fa94-04c1-424b-9868-57a2d4851a1d" />
    <TestEntry testId="b92a2ba1-e1a6-e50e-91ed-d9fb35b24c13" executionId="587b400b-0d5e-437e-aea5-579670473b59" testListId="8c84fa94-04c1-424b-9868-57a2d4851a1d" />
    <TestEntry testId="1eb3a396-5256-27b0-5742-cacc5acdfce3" executionId="15eb7f79-7919-40d8-a1cc-81097e0bc1d2" testListId="8c84fa94-04c1-424b-9868-57a2d4851a1d" />
    <TestEntry testId="9280b064-d4af-dea4-5a19-27bf48d3dc74" executionId="54a5b2d2-a3ae-412b-9dbf-ee56b29a622f" testListId="8c84fa94-04c1-424b-9868-57a2d4851a1d" />
    <TestEntry testId="4d848df5-18de-13ce-9dab-12001bd5ce05" executionId="0256ea89-d2dd-4408-9cb8-f18c7e971d6b" testListId="8c84fa94-04c1-424b-9868-57a2d4851a1d" />
    <TestEntry testId="64215c8b-534d-afc2-4b86-be52a4466b0c" executionId="4f8eca39-47cb-4f7c-b756-473cf4a226fa" testListId="8c84fa94-04c1-424b-9868-57a2d4851a1d" />
    <TestEntry testId="424f4c69-d179-070c-3ab3-f54f84071324" executionId="d125d35c-d3ad-4dde-92d8-ab5c6b7e1d4b" testListId="8c84fa94-04c1-424b-9868-57a2d4851a1d" />
    <TestEntry testId="65e1ed65-c516-d934-ec2a-4d199e8e08f1" executionId="5e7b5818-0d87-4c00-b626-3cad6e4b4722" testListId="8c84fa94-04c1-424b-9868-57a2d4851a1d" />
    <TestEntry testId="9dfe0b87-3e9a-69a8-f994-a93ddfa4437c" executionId="bec29a4e-adaa-46c7-af2f-beb95f04ae19" testListId="8c84fa94-04c1-424b-9868-57a2d4851a1d" />
    <TestEntry testId="1a27ff51-14a0-8c6b-edc4-a64d19bf0936" executionId="8c34de06-b978-4561-ab27-96688362c4dd" testListId="8c84fa94-04c1-424b-9868-57a2d4851a1d" />
    <TestEntry testId="920d91ee-8977-3219-1b05-172389cf2f52" executionId="e1825853-5e9f-47a7-a6cd-77b1216aef41" testListId="8c84fa94-04c1-424b-9868-57a2d4851a1d" />
    <TestEntry testId="59a12284-4e9a-63e6-7529-f2a301ae1764" executionId="2fb7463f-7611-4c04-963e-ee0c2ab2fe57" testListId="8c84fa94-04c1-424b-9868-57a2d4851a1d" />
    <TestEntry testId="bdd220b6-f97c-d729-b9b6-12fc30d59eb6" executionId="4e1e43a3-2293-4347-aa92-f4056ecb9d89" testListId="8c84fa94-04c1-424b-9868-57a2d4851a1d" />
    <TestEntry testId="35d2db73-838a-4679-31e0-b3b8a5bf158b" executionId="704be1ef-c847-471b-a9d0-ab4d7e1c256a" testListId="8c84fa94-04c1-424b-9868-57a2d4851a1d" />
    <TestEntry testId="915e587d-8f0f-190e-8430-9f8b18a5f74c" executionId="75185bde-f4a1-4f79-81ec-5e3993eabe90" testListId="8c84fa94-04c1-424b-9868-57a2d4851a1d" />
    <TestEntry testId="1c563eee-ea87-f8a5-f58c-30288f22e43f" executionId="385ed523-6725-45d0-aaa3-df35ab39c1c5" testListId="8c84fa94-04c1-424b-9868-57a2d4851a1d" />
    <TestEntry testId="25bff253-f84a-eeff-b6ec-74af700cd0bb" executionId="06ef0769-f5c7-42ac-9333-e8b55da41bd9" testListId="8c84fa94-04c1-424b-9868-57a2d4851a1d" />
    <TestEntry testId="bd204008-9037-1a9e-afde-169812f51ba5" executionId="1b7f65d1-17e1-4eda-b979-cc37fce88291" testListId="8c84fa94-04c1-424b-9868-57a2d4851a1d" />
    <TestEntry testId="90ebc816-78b5-f1e7-e5ea-5b48261e88f5" executionId="886b3eba-a0ee-440a-a6cf-0b0cb587aebf" testListId="8c84fa94-04c1-424b-9868-57a2d4851a1d" />
    <TestEntry testId="dc975a57-f024-2cf0-d923-dd5b1ce7ed63" executionId="816ef377-6e3f-45c8-8b4b-a249eb5bd375" testListId="8c84fa94-04c1-424b-9868-57a2d4851a1d" />
    <TestEntry testId="4bbd5f1c-4278-16ef-90d8-37ebb05b89f5" executionId="6df77d90-493b-4d5f-b221-965f50ea4a9d" testListId="8c84fa94-04c1-424b-9868-57a2d4851a1d" />
    <TestEntry testId="91dcd39d-dd7e-a978-6202-7912368d4b45" executionId="f9fc8028-257d-436c-b38b-5bca59215655" testListId="8c84fa94-04c1-424b-9868-57a2d4851a1d" />
    <TestEntry testId="cdd8338a-8f64-2b0d-80b8-d04a876f0ab6" executionId="c839780d-4e64-4541-bf02-a8e7f10dfe45" testListId="8c84fa94-04c1-424b-9868-57a2d4851a1d" />
    <TestEntry testId="5bdb8045-eb54-b7d5-a8ab-5f996880126d" executionId="eea5dfc3-8663-4f60-a44d-176f28747fa6" testListId="8c84fa94-04c1-424b-9868-57a2d4851a1d" />
    <TestEntry testId="1d045e11-1061-435a-e2b7-a2845f1dffd0" executionId="cf4fe289-2f93-4864-afbd-ec2bf6ee5280" testListId="8c84fa94-04c1-424b-9868-57a2d4851a1d" />
    <TestEntry testId="0059003f-fecd-45c7-015c-ea73a5f6a26d" executionId="ba577980-3d23-4697-9274-7b0650a59ebd" testListId="8c84fa94-04c1-424b-9868-57a2d4851a1d" />
    <TestEntry testId="bd82382e-5faa-9d67-ea6a-7c77cc294053" executionId="7c960369-8fe7-468c-ac27-114ccbcf16d4" testListId="8c84fa94-04c1-424b-9868-57a2d4851a1d" />
    <TestEntry testId="aeb4bb50-0071-ea1c-74ca-2656e55d006c" executionId="4466bd67-7adc-4796-9997-ea3fed1fc061" testListId="8c84fa94-04c1-424b-9868-57a2d4851a1d" />
    <TestEntry testId="9b2791c0-dcae-133d-0e0c-d44992443afd" executionId="9544b162-ff75-48cc-942c-3251614f500e" testListId="8c84fa94-04c1-424b-9868-57a2d4851a1d" />
    <TestEntry testId="a3bf3d94-4ed7-1750-90e5-f1546c2405da" executionId="82b7898c-ea9b-4498-acdb-96681597ac43" testListId="8c84fa94-04c1-424b-9868-57a2d4851a1d" />
    <TestEntry testId="7de31e4f-524d-563e-c980-d3f3b5e0c02a" executionId="4f12beee-eadd-4027-881c-cab59ceaf804" testListId="8c84fa94-04c1-424b-9868-57a2d4851a1d" />
    <TestEntry testId="c8f1813f-23b4-fee2-18e1-c289bafabb7e" executionId="28cd4b84-2ad1-430d-aae6-e08a6ead61de" testListId="8c84fa94-04c1-424b-9868-57a2d4851a1d" />
    <TestEntry testId="0eb433f0-d269-14d0-6aaa-7c45d4c8694e" executionId="6470f4ce-7ac2-4717-9824-94060ccba197" testListId="8c84fa94-04c1-424b-9868-57a2d4851a1d" />
    <TestEntry testId="4ba9662d-e957-b78d-096a-9e6f10392a1d" executionId="8f90b4ae-e04d-4a0d-bea4-7fc983ca6703" testListId="8c84fa94-04c1-424b-9868-57a2d4851a1d" />
    <TestEntry testId="47a84cb6-b4e8-aeb0-64fc-4d834f10f86d" executionId="2bd8cd45-b208-4eee-a856-9a283e8017f1" testListId="8c84fa94-04c1-424b-9868-57a2d4851a1d" />
    <TestEntry testId="5b36286e-511e-b92e-c691-7507e5edcbd9" executionId="eb6100be-5020-46b8-83c2-e83691e46ee9" testListId="8c84fa94-04c1-424b-9868-57a2d4851a1d" />
    <TestEntry testId="0bcb192c-3422-b67d-333d-4149b944fb7f" executionId="859068b8-c4d4-4b2f-8ef1-208aa1006da2" testListId="8c84fa94-04c1-424b-9868-57a2d4851a1d" />
    <TestEntry testId="85b85558-4e86-e2e9-f199-a641f389c561" executionId="63b284ce-512e-4c18-a79b-00d116ea1cd3" testListId="8c84fa94-04c1-424b-9868-57a2d4851a1d" />
    <TestEntry testId="666fbaed-9b35-07e6-c984-97853135c78e" executionId="b32c0fe3-e609-4a1b-8dac-9260b25ec105" testListId="8c84fa94-04c1-424b-9868-57a2d4851a1d" />
    <TestEntry testId="22eda521-e9ad-4477-8def-79a825f52192" executionId="0a4a4814-e717-4fd2-9099-2775ae67aad5" testListId="8c84fa94-04c1-424b-9868-57a2d4851a1d" />
    <TestEntry testId="65ab5780-4796-2c17-0494-85979a046065" executionId="bbd6a56d-9c66-426f-891c-dd5ce01c0a03" testListId="8c84fa94-04c1-424b-9868-57a2d4851a1d" />
    <TestEntry testId="53201f80-7db7-91a0-fd21-4f43dc4c5eaf" executionId="282bb594-8d66-4619-9e98-2f58b5738d3b" testListId="8c84fa94-04c1-424b-9868-57a2d4851a1d" />
    <TestEntry testId="a87678ca-30fd-55a7-2add-b1645afab176" executionId="bf4c65bf-164e-4e9e-9cff-29dc1ce8a9c8" testListId="8c84fa94-04c1-424b-9868-57a2d4851a1d" />
    <TestEntry testId="4c1a12a7-ab57-72c7-a05f-0922e2f905a4" executionId="d46f2781-823b-478d-a9dd-e4c6f369d5a8" testListId="8c84fa94-04c1-424b-9868-57a2d4851a1d" />
    <TestEntry testId="c9763db6-5c00-40c2-9ccd-8323321799be" executionId="7e4015d5-106f-4534-bb28-deec811b0f36" testListId="8c84fa94-04c1-424b-9868-57a2d4851a1d" />
    <TestEntry testId="5eab5dd7-e018-3991-2458-7b039c3933ac" executionId="a60bcff8-87d6-4889-9534-bbbc03fd4dc3" testListId="8c84fa94-04c1-424b-9868-57a2d4851a1d" />
    <TestEntry testId="79fdae02-0bfd-e82a-33da-98d1a67c4e34" executionId="75217b51-cc2f-4186-9a60-7549fa594615" testListId="8c84fa94-04c1-424b-9868-57a2d4851a1d" />
    <TestEntry testId="c1aae47b-7b1c-2e0a-12be-5061709a6c0b" executionId="e1dd5b04-e58c-457f-8f41-91441aeeb803" testListId="8c84fa94-04c1-424b-9868-57a2d4851a1d" />
    <TestEntry testId="f891573d-1f03-0588-9add-49ce9631761e" executionId="029f4aa6-3736-4ca3-9f06-8405489225d7" testListId="8c84fa94-04c1-424b-9868-57a2d4851a1d" />
    <TestEntry testId="2cfd34c6-cbe9-d4ac-0b6d-c5ffc7143273" executionId="0a371b3e-4372-4321-94cf-81fc20ec7801" testListId="8c84fa94-04c1-424b-9868-57a2d4851a1d" />
    <TestEntry testId="2df29b19-df1c-82d5-28c9-d6fb4238135a" executionId="e607825d-7cb4-4bfc-af50-e1deacfec5de" testListId="8c84fa94-04c1-424b-9868-57a2d4851a1d" />
    <TestEntry testId="02eb1136-154c-feaf-762b-a5a207d56ffe" executionId="562822e4-ef5b-4a68-9b20-0b07cbe82f1d" testListId="8c84fa94-04c1-424b-9868-57a2d4851a1d" />
    <TestEntry testId="2115e966-5903-3c7e-a670-4f7addbc58c8" executionId="351b3884-3c30-4071-a79e-9975fff6f35d" testListId="8c84fa94-04c1-424b-9868-57a2d4851a1d" />
    <TestEntry testId="52e71d86-781d-3b49-4d82-183580fa775c" executionId="65c13e39-9eeb-4554-a8d0-5c5421c0a24e" testListId="8c84fa94-04c1-424b-9868-57a2d4851a1d" />
    <TestEntry testId="3d23044e-83d2-97dd-128c-6d7c3559b20c" executionId="b8b8d525-f336-4e96-aa83-c9706a17b74f" testListId="8c84fa94-04c1-424b-9868-57a2d4851a1d" />
    <TestEntry testId="8be3d1c2-a65d-f8a9-2393-a7fd5a011e1e" executionId="65cbaae7-fe11-4a3e-afef-fb4e5a2ddfa1" testListId="8c84fa94-04c1-424b-9868-57a2d4851a1d" />
    <TestEntry testId="4d0f8589-1874-0df7-6978-303c6332b26e" executionId="3316c5e0-866b-49d1-bdae-ef03e41b1267" testListId="8c84fa94-04c1-424b-9868-57a2d4851a1d" />
    <TestEntry testId="576db89d-9e4e-f54b-0485-3e8451bbf745" executionId="a177a358-2dbf-4c01-8b15-7a24a464919c" testListId="8c84fa94-04c1-424b-9868-57a2d4851a1d" />
    <TestEntry testId="2c697a87-e7cf-447a-1a62-614d30deb2d6" executionId="55d2e105-2b22-4228-aab8-0a5f9003808f" testListId="8c84fa94-04c1-424b-9868-57a2d4851a1d" />
    <TestEntry testId="0e2b2cd3-de0d-7f04-6e71-b362597d24fa" executionId="1a36d5e9-32b0-43fa-ad9b-786abf3ed3ff" testListId="8c84fa94-04c1-424b-9868-57a2d4851a1d" />
    <TestEntry testId="3b7040bc-fe96-1894-6926-36e0ab984d52" executionId="70bd2fff-6d83-452d-922f-c07281fa607c" testListId="8c84fa94-04c1-424b-9868-57a2d4851a1d" />
    <TestEntry testId="ff103666-7b67-1452-076d-b772085954fa" executionId="891723eb-1274-4697-be8e-50fb638fa6ab" testListId="8c84fa94-04c1-424b-9868-57a2d4851a1d" />
    <TestEntry testId="a9629622-3b35-16e8-6860-7bdb0490339f" executionId="25232aeb-53dc-47b6-bde5-513ce72bd5d6" testListId="8c84fa94-04c1-424b-9868-57a2d4851a1d" />
    <TestEntry testId="9e20e7ce-bab0-1b63-c919-5bdde55a5b34" executionId="ea579240-f04d-4f83-977f-e660bc04de5d" testListId="8c84fa94-04c1-424b-9868-57a2d4851a1d" />
    <TestEntry testId="b6d59446-5868-b126-1f6f-04ae35d46aae" executionId="0b2f6264-711d-41a2-8d9b-f42053754abe" testListId="8c84fa94-04c1-424b-9868-57a2d4851a1d" />
    <TestEntry testId="3d3e7e9e-2ee9-9715-5f34-a09a9bd5bf0e" executionId="f8981887-e03f-4245-932f-9751bae588a3" testListId="8c84fa94-04c1-424b-9868-57a2d4851a1d" />
    <TestEntry testId="8b6f5710-0077-cb47-63e9-3da381f7e79a" executionId="8899304a-940a-46c3-82c9-c9c7bb0da408" testListId="8c84fa94-04c1-424b-9868-57a2d4851a1d" />
    <TestEntry testId="5f512471-2589-a6c3-ae8a-9d90857164f2" executionId="aafb361a-2994-4724-9965-4cbf54a4a892" testListId="8c84fa94-04c1-424b-9868-57a2d4851a1d" />
    <TestEntry testId="e1213634-efce-7a0c-270e-c3e7a5e2307a" executionId="ce26a00a-0792-4809-9207-1214fde8161d" testListId="8c84fa94-04c1-424b-9868-57a2d4851a1d" />
    <TestEntry testId="8af9a04f-5939-8ca3-bb96-4543c58267d1" executionId="8f6ac35d-3369-4331-984c-048a3e56f556" testListId="8c84fa94-04c1-424b-9868-57a2d4851a1d" />
    <TestEntry testId="f2f16517-9644-1cb8-2be5-b84966f8ed01" executionId="2337d7d6-74c9-4866-9b9c-0be37b870cd1" testListId="8c84fa94-04c1-424b-9868-57a2d4851a1d" />
    <TestEntry testId="d64221b5-22c5-e091-f454-9a2b075ad9ad" executionId="24ef86e8-8802-45e1-bcf2-500c03d09b89" testListId="8c84fa94-04c1-424b-9868-57a2d4851a1d" />
    <TestEntry testId="e38d3b34-cf2b-f08d-b20b-5dc47e964a0d" executionId="4b7a1d9e-7f8a-47a1-96f2-3b46733caa08" testListId="8c84fa94-04c1-424b-9868-57a2d4851a1d" />
    <TestEntry testId="6c105190-3398-c27f-8a28-15b7ab77605a" executionId="2ab269f3-7abe-4853-ae7a-5836d479fb2d" testListId="8c84fa94-04c1-424b-9868-57a2d4851a1d" />
    <TestEntry testId="a4074f04-ca9c-7f3a-27dd-3f43d667f62b" executionId="a915ca4d-3f91-4570-909a-b3da985a6e14" testListId="8c84fa94-04c1-424b-9868-57a2d4851a1d" />
    <TestEntry testId="9a4f571c-5d90-8e64-9487-2a00abc00dcf" executionId="99a34bcd-084b-49a1-b3f4-6d72feeee3fd" testListId="8c84fa94-04c1-424b-9868-57a2d4851a1d" />
    <TestEntry testId="800ee3fd-ee19-4611-91b1-740c9ef63353" executionId="bd204744-9d6a-49da-b372-bbaa7d59db26" testListId="8c84fa94-04c1-424b-9868-57a2d4851a1d" />
    <TestEntry testId="66bbd2a1-ed44-421d-d7a9-e8931a394d9d" executionId="aad667ec-908e-46f4-8627-2d4c91911937" testListId="8c84fa94-04c1-424b-9868-57a2d4851a1d" />
    <TestEntry testId="187355fe-9694-1001-3a34-ad23e6d12468" executionId="45269820-70fb-4ea5-a52e-5fc4b90c510c" testListId="8c84fa94-04c1-424b-9868-57a2d4851a1d" />
    <TestEntry testId="6ae2af17-6366-e6e0-2b46-d6b8a572d9bb" executionId="fd914820-6701-4013-9735-508068d6cea4" testListId="8c84fa94-04c1-424b-9868-57a2d4851a1d" />
    <TestEntry testId="b41740fa-e9c5-c939-82ae-4974ebcd74c0" executionId="fef2b25f-2e93-46f9-ab69-793b481d2fba" testListId="8c84fa94-04c1-424b-9868-57a2d4851a1d" />
    <TestEntry testId="3fade5f4-11ff-9f95-0f20-59ad7987491c" executionId="6e51457c-fb60-431f-90ed-b8311bacd2ad" testListId="8c84fa94-04c1-424b-9868-57a2d4851a1d" />
    <TestEntry testId="1aba1db0-4543-154a-d1e0-6f25332f2e52" executionId="7adf7ce3-30bf-4086-89c7-7fd2c31fa109" testListId="8c84fa94-04c1-424b-9868-57a2d4851a1d" />
    <TestEntry testId="6959902c-944b-3b12-47f4-15d4969107f4" executionId="b0d2f3fb-3307-46ae-85de-c0c3c36d474d" testListId="8c84fa94-04c1-424b-9868-57a2d4851a1d" />
    <TestEntry testId="0694ff2f-39c5-3307-5e47-db615407ef82" executionId="c7766021-7109-46a7-a73b-f026f2e19960" testListId="8c84fa94-04c1-424b-9868-57a2d4851a1d" />
    <TestEntry testId="eca58048-cf56-2e11-d62e-ebb1aa07c891" executionId="4d673b75-b1df-4e71-aeb1-5a3d74197150" testListId="8c84fa94-04c1-424b-9868-57a2d4851a1d" />
    <TestEntry testId="6054e43f-0be0-496a-5f90-fcd88b8e0ffa" executionId="a8500508-196b-40fb-ac6a-1fddee3a8e90" testListId="8c84fa94-04c1-424b-9868-57a2d4851a1d" />
    <TestEntry testId="08956cd9-0a9c-dbea-9b71-bf084dfb8a08" executionId="e389b143-602b-41be-9663-8d1715bfba4b" testListId="8c84fa94-04c1-424b-9868-57a2d4851a1d" />
    <TestEntry testId="f21a1bd1-352e-7008-37e3-cc2dcc23df56" executionId="f6929083-47c8-4a8c-b87a-77afb5321c23" testListId="8c84fa94-04c1-424b-9868-57a2d4851a1d" />
    <TestEntry testId="d66c7215-8087-9322-e8b4-d3597aafd548" executionId="6989df17-649b-46e6-8e26-4b1f0b62332d" testListId="8c84fa94-04c1-424b-9868-57a2d4851a1d" />
    <TestEntry testId="3599cd5f-8ab2-0653-88f8-8fb5661e829f" executionId="675c712a-d96a-42d4-b8e7-0ba818fc16ef" testListId="8c84fa94-04c1-424b-9868-57a2d4851a1d" />
    <TestEntry testId="9c0dce28-4095-843a-0a45-1ced74896366" executionId="0dbbb432-9832-4249-8bc9-21def27e0aa6" testListId="8c84fa94-04c1-424b-9868-57a2d4851a1d" />
    <TestEntry testId="542ba09a-a2bc-80ea-baa1-516d7b44b960" executionId="1e1b02ef-bf67-4610-a442-e9b25be1a060" testListId="8c84fa94-04c1-424b-9868-57a2d4851a1d" />
    <TestEntry testId="1fdb8ac2-521d-82cf-3eb4-b6d012ffb316" executionId="62ef336e-169f-4751-90c3-05e6b5152cc2" testListId="8c84fa94-04c1-424b-9868-57a2d4851a1d" />
    <TestEntry testId="87550de3-4087-fd61-8938-cd0d996424d8" executionId="e4568222-0f70-427c-b0f7-52142e60ad71" testListId="8c84fa94-04c1-424b-9868-57a2d4851a1d" />
    <TestEntry testId="28df4bf5-2ae5-a1b7-c1a9-2a27479c8315" executionId="b0cfffdb-9966-4a3b-8e7a-9ed88137b683" testListId="8c84fa94-04c1-424b-9868-57a2d4851a1d" />
    <TestEntry testId="d73e9d51-2e88-07d2-b58d-49d142430958" executionId="705c21bc-3f32-4427-9c28-84a397e0622e" testListId="8c84fa94-04c1-424b-9868-57a2d4851a1d" />
    <TestEntry testId="957247ca-2558-dbe2-b95a-7582437a0332" executionId="add71ff6-4079-4d06-84f1-b868fa6eddbd" testListId="8c84fa94-04c1-424b-9868-57a2d4851a1d" />
    <TestEntry testId="0a56f9d6-a112-b49c-99d2-6b5e683875e5" executionId="8812972d-f702-4374-91c6-6f11fa451573" testListId="8c84fa94-04c1-424b-9868-57a2d4851a1d" />
    <TestEntry testId="5ea4ae92-bea4-eca8-7349-68147908519e" executionId="15c91f1f-deda-4096-8569-09a6676e89cf" testListId="8c84fa94-04c1-424b-9868-57a2d4851a1d" />
    <TestEntry testId="a4061941-463c-b9c5-eab7-f048b396093b" executionId="48c6f6f2-44a7-4df9-953c-3ec4feca8e9e" testListId="8c84fa94-04c1-424b-9868-57a2d4851a1d" />
    <TestEntry testId="4e8526a2-21e6-96c3-62dd-a123b69eb25e" executionId="e10819fb-1a3a-48c9-ab4e-168eb5f3bd7a" testListId="8c84fa94-04c1-424b-9868-57a2d4851a1d" />
    <TestEntry testId="cdcd4214-dce7-7f93-0171-e10b4fb17398" executionId="735787ca-f99e-4172-b61f-ba8fcd28efa6" testListId="8c84fa94-04c1-424b-9868-57a2d4851a1d" />
    <TestEntry testId="6b4b90d8-d3e9-0094-2600-28c6df9535e2" executionId="36cefb98-d818-4990-8179-0189a9b8f57f" testListId="8c84fa94-04c1-424b-9868-57a2d4851a1d" />
    <TestEntry testId="5c98e229-8500-5ace-562c-1baf328a0f4f" executionId="fa2c0718-3a33-4d18-9419-2e204efd959b" testListId="8c84fa94-04c1-424b-9868-57a2d4851a1d" />
    <TestEntry testId="3de451e6-e9ff-60cf-caf1-eded2476da5e" executionId="559d1e0a-36b1-49e4-91c2-9fb36bdf364f" testListId="8c84fa94-04c1-424b-9868-57a2d4851a1d" />
    <TestEntry testId="3cbedfad-2aac-5479-6908-c59bcbeadc60" executionId="e719a06c-b511-463e-8da6-7401b54a91ed" testListId="8c84fa94-04c1-424b-9868-57a2d4851a1d" />
    <TestEntry testId="84062b4b-0351-f725-03ca-f5c5abeb6755" executionId="065b46d5-7e3e-4ef1-a1c5-a912d752590b" testListId="8c84fa94-04c1-424b-9868-57a2d4851a1d" />
    <TestEntry testId="da55e9b6-e338-389a-ee23-8f76fe1d70b2" executionId="bb5e0376-4507-436d-bd7d-c1930c20fcff" testListId="8c84fa94-04c1-424b-9868-57a2d4851a1d" />
    <TestEntry testId="e52bb301-d087-6708-af07-3c2a10a87dc7" executionId="3bf5fd24-3e44-4932-ac88-72397c6dd7b9" testListId="8c84fa94-04c1-424b-9868-57a2d4851a1d" />
  </TestEntries>
  <TestLists>
    <TestList name="Results Not in a List" id="8c84fa94-04c1-424b-9868-57a2d4851a1d" />
    <TestList name="All Loaded Results" id="19431567-8539-422a-85d7-44ee4e166bda" />
  </TestLists>
  <ResultSummary outcome="Completed">
    <Counters total="125" executed="125" passed="125" failed="0" error="0" timeout="0" aborted="0" inconclusive="0" passedButRunAborted="0" notRunnable="0" notExecuted="0" disconnected="0" warning="0" completed="0" inProgress="0" pending="0" />
  </ResultSummary>
</TestRun>