<?xml version="1.0" encoding="utf-8"?>
<TestRun id="a0cfb1f4-6828-4c71-a102-4bfa053a7fb6" name="DKSR-EFI-04$@DKSR-EFI-04 2023-12-22 09:35:36" runUser="NT AUTHORITY\NETWORK SERVICE" xmlns="http://microsoft.com/schemas/VisualStudio/TeamTest/2010">
  <Times creation="2023-12-22T09:35:36.0693726+01:00" queuing="2023-12-22T09:35:36.0693726+01:00" start="2023-12-22T09:35:34.9756184+01:00" finish="2023-12-22T09:35:36.6318760+01:00" />
  <TestSettings name="default" id="765f6375-ea20-46ad-9c9d-cda625425f66">
    <Deployment runDeploymentRoot="DKSR-EFI-04$_DKSR-EFI-04_2023-12-22_09_35_36" />
  </TestSettings>
  <Results>
    <UnitTestResult executionId="509fa62e-98ca-40b2-a6b6-5fb3400560be" testId="ff857958-b5e6-841a-3e90-b683d75a84b5" testName="TestTrackFragmentRunBox" computerName="DKSR-EFI-04" duration="00:00:00.0178052" startTime="2023-12-22T09:35:36.2412512+01:00" endTime="2023-12-22T09:35:36.2724994+01:00" testType="13cdc9d9-ddb5-4fa4-a97d-d965ccfc6d4b" outcome="Passed" testListId="8c84fa94-04c1-424b-9868-57a2d4851a1d" relativeResultsDirectory="509fa62e-98ca-40b2-a6b6-5fb3400560be" />
    <UnitTestResult executionId="3c9fd1dc-6392-4cbd-8541-79a58bbdd5a9" testId="650f456a-bc6a-c3f6-2dc1-94b750ad48bd" testName="TestHandlerReferenceBox" computerName="DKSR-EFI-04" duration="00:00:00.0034852" startTime="2023-12-22T09:35:36.1943753+01:00" endTime="2023-12-22T09:35:36.2100010+01:00" testType="13cdc9d9-ddb5-4fa4-a97d-d965ccfc6d4b" outcome="Passed" testListId="8c84fa94-04c1-424b-9868-57a2d4851a1d" relativeResultsDirectory="3c9fd1dc-6392-4cbd-8541-79a58bbdd5a9" />
    <UnitTestResult executionId="d4b4dc66-d9b3-4bcd-acc9-4bc5c1863614" testId="8c821a5c-085a-0f81-ca22-bc98d78b6612" testName="TestMediaDataBox" computerName="DKSR-EFI-04" duration="00:00:00.0018104" startTime="2023-12-22T09:35:36.2100010+01:00" endTime="2023-12-22T09:35:36.2100010+01:00" testType="13cdc9d9-ddb5-4fa4-a97d-d965ccfc6d4b" outcome="Passed" testListId="8c84fa94-04c1-424b-9868-57a2d4851a1d" relativeResultsDirectory="d4b4dc66-d9b3-4bcd-acc9-4bc5c1863614" />
    <UnitTestResult executionId="b3b0fba3-38a4-47e6-ae81-94a557a1c6be" testId="93cd52bc-f4fb-b2c0-7c06-27d461defcf5" testName="TestDataReferenceBox" computerName="DKSR-EFI-04" duration="00:00:00.0013174" startTime="2023-12-22T09:35:36.1943753+01:00" endTime="2023-12-22T09:35:36.1943753+01:00" testType="13cdc9d9-ddb5-4fa4-a97d-d965ccfc6d4b" outcome="Passed" testListId="8c84fa94-04c1-424b-9868-57a2d4851a1d" relativeResultsDirectory="b3b0fba3-38a4-47e6-ae81-94a557a1c6be" />
    <UnitTestResult executionId="26ca2d34-c344-4ea9-9725-2e6b80503790" testId="0f306217-30ae-f891-baf7-93471f2cd766" testName="TestSampleFlags" computerName="DKSR-EFI-04" duration="00:00:00.0154103" startTime="2023-12-22T09:35:36.3037518+01:00" endTime="2023-12-22T09:35:36.3193749+01:00" testType="13cdc9d9-ddb5-4fa4-a97d-d965ccfc6d4b" outcome="Passed" testListId="8c84fa94-04c1-424b-9868-57a2d4851a1d" relativeResultsDirectory="26ca2d34-c344-4ea9-9725-2e6b80503790" />
    <UnitTestResult executionId="ae8a4145-bf1f-449b-9493-3196680bcbf7" testId="acfbc6c0-9868-f569-1fbc-39df28668389" testName="TestSampleSizeBox" computerName="DKSR-EFI-04" duration="00:00:00.0014371" startTime="2023-12-22T09:35:36.2256269+01:00" endTime="2023-12-22T09:35:36.2256269+01:00" testType="13cdc9d9-ddb5-4fa4-a97d-d965ccfc6d4b" outcome="Passed" testListId="8c84fa94-04c1-424b-9868-57a2d4851a1d" relativeResultsDirectory="ae8a4145-bf1f-449b-9493-3196680bcbf7" />
    <UnitTestResult executionId="43573f1a-7ac2-4234-ae1c-412f0b3cd149" testId="cd58a7f2-9e26-77e2-12b5-93b8e1f0a94e" testName="TestMfhdFromData" computerName="DKSR-EFI-04" duration="00:00:00.0002827" startTime="2023-12-22T09:35:36.2100010+01:00" endTime="2023-12-22T09:35:36.2256269+01:00" testType="13cdc9d9-ddb5-4fa4-a97d-d965ccfc6d4b" outcome="Passed" testListId="8c84fa94-04c1-424b-9868-57a2d4851a1d" relativeResultsDirectory="43573f1a-7ac2-4234-ae1c-412f0b3cd149" />
    <UnitTestResult executionId="7340a1bd-e5b8-4ec2-b2fe-4d2a7d808189" testId="47027e6a-9f9f-751f-10b6-8050611a4b29" testName="TestChunkOffsetBox" computerName="DKSR-EFI-04" duration="00:00:00.0067106" startTime="2023-12-22T09:35:36.1318737+01:00" endTime="2023-12-22T09:35:36.1318737+01:00" testType="13cdc9d9-ddb5-4fa4-a97d-d965ccfc6d4b" outcome="Passed" testListId="8c84fa94-04c1-424b-9868-57a2d4851a1d" relativeResultsDirectory="7340a1bd-e5b8-4ec2-b2fe-4d2a7d808189" />
    <UnitTestResult executionId="3a5e9884-4bc7-41e7-86b7-be8fd5d1d52f" testId="fe3ee906-a9a2-133c-e8ab-109607737a9e" testName="TestH264ParamSetParserFromData" computerName="DKSR-EFI-04" duration="00:00:00.0039993" startTime="2023-12-22T09:35:36.0537474+01:00" endTime="2023-12-22T09:35:36.0537474+01:00" testType="13cdc9d9-ddb5-4fa4-a97d-d965ccfc6d4b" outcome="Passed" testListId="8c84fa94-04c1-424b-9868-57a2d4851a1d" relativeResultsDirectory="3a5e9884-4bc7-41e7-86b7-be8fd5d1d52f" />
    <UnitTestResult executionId="03585358-8ac5-4096-a3db-52b492fbe9d2" testId="63e0b709-2451-e247-2be8-3dc2bf765780" testName="TestTrunFromData" computerName="DKSR-EFI-04" duration="00:00:00.0010597" startTime="2023-12-22T09:35:36.2724994+01:00" endTime="2023-12-22T09:35:36.2724994+01:00" testType="13cdc9d9-ddb5-4fa4-a97d-d965ccfc6d4b" outcome="Passed" testListId="8c84fa94-04c1-424b-9868-57a2d4851a1d" relativeResultsDirectory="03585358-8ac5-4096-a3db-52b492fbe9d2" />
    <UnitTestResult executionId="b0c8ab46-cbd2-47dd-9cee-e5f0f8a05353" testId="2838a4c8-471f-94dd-ddfb-47a20e8a6c67" testName="TestH265ParamSetParserFromData" computerName="DKSR-EFI-04" duration="00:00:00.0400638" startTime="2023-12-22T09:35:35.9912474+01:00" endTime="2023-12-22T09:35:36.0381252+01:00" testType="13cdc9d9-ddb5-4fa4-a97d-d965ccfc6d4b" outcome="Passed" testListId="8c84fa94-04c1-424b-9868-57a2d4851a1d" relativeResultsDirectory="b0c8ab46-cbd2-47dd-9cee-e5f0f8a05353" />
    <UnitTestResult executionId="6c3a9bb8-2fce-4d25-a3db-8440f450d14c" testId="f3e0c3a1-c4ca-62a4-1173-18b1bc615219" testName="TestSampleEntry" computerName="DKSR-EFI-04" duration="00:00:00.0008174" startTime="2023-12-22T09:35:36.3037518+01:00" endTime="2023-12-22T09:35:36.3037518+01:00" testType="13cdc9d9-ddb5-4fa4-a97d-d965ccfc6d4b" outcome="Passed" testListId="8c84fa94-04c1-424b-9868-57a2d4851a1d" relativeResultsDirectory="6c3a9bb8-2fce-4d25-a3db-8440f450d14c" />
    <UnitTestResult executionId="4aa4455e-17e0-4c32-a66b-6f52a36ef430" testId="4d65d79a-b320-f65e-80c3-2c604c542370" testName="TestStszFromDataNoEntry" computerName="DKSR-EFI-04" duration="00:00:00.0003861" startTime="2023-12-22T09:35:36.2256269+01:00" endTime="2023-12-22T09:35:36.2256269+01:00" testType="13cdc9d9-ddb5-4fa4-a97d-d965ccfc6d4b" outcome="Passed" testListId="8c84fa94-04c1-424b-9868-57a2d4851a1d" relativeResultsDirectory="4aa4455e-17e0-4c32-a66b-6f52a36ef430" />
    <UnitTestResult executionId="de12db89-083c-4dad-8375-37f7aa30f455" testId="810691b2-387b-dba3-af58-9f0cf46c2bff" testName="TestFileTypeBox" computerName="DKSR-EFI-04" duration="00:00:00.0044324" startTime="2023-12-22T09:35:36.1943753+01:00" endTime="2023-12-22T09:35:36.1943753+01:00" testType="13cdc9d9-ddb5-4fa4-a97d-d965ccfc6d4b" outcome="Passed" testListId="8c84fa94-04c1-424b-9868-57a2d4851a1d" relativeResultsDirectory="de12db89-083c-4dad-8375-37f7aa30f455" />
    <UnitTestResult executionId="c8d40b0b-48dc-45f6-b0f2-7b7c6697e437" testId="e779255f-92d6-17a6-359a-db8b5c8847fe" testName="TestSampleEntryFromData" computerName="DKSR-EFI-04" duration="00:00:00.0004285" startTime="2023-12-22T09:35:36.3037518+01:00" endTime="2023-12-22T09:35:36.3037518+01:00" testType="13cdc9d9-ddb5-4fa4-a97d-d965ccfc6d4b" outcome="Passed" testListId="8c84fa94-04c1-424b-9868-57a2d4851a1d" relativeResultsDirectory="c8d40b0b-48dc-45f6-b0f2-7b7c6697e437" />
    <UnitTestResult executionId="9798a28b-a3f6-4741-a145-d8d50860e49a" testId="93c58bd5-ed5f-3c0c-5424-d1fa24ab28a1" testName="TestTrackHeaderBox" computerName="DKSR-EFI-04" duration="00:00:00.0050051" startTime="2023-12-22T09:35:36.2724994+01:00" endTime="2023-12-22T09:35:36.2724994+01:00" testType="13cdc9d9-ddb5-4fa4-a97d-d965ccfc6d4b" outcome="Passed" testListId="8c84fa94-04c1-424b-9868-57a2d4851a1d" relativeResultsDirectory="9798a28b-a3f6-4741-a145-d8d50860e49a" />
    <UnitTestResult executionId="b669208c-c160-475a-8331-8163ff040922" testId="3650644e-0de5-48c9-1e2f-f95983c94aa0" testName="TestEmulationPreventionSpsH265" computerName="DKSR-EFI-04" duration="00:00:00.0001810" startTime="2023-12-22T09:35:35.9912474+01:00" endTime="2023-12-22T09:35:35.9912474+01:00" testType="13cdc9d9-ddb5-4fa4-a97d-d965ccfc6d4b" outcome="Passed" testListId="8c84fa94-04c1-424b-9868-57a2d4851a1d" relativeResultsDirectory="b669208c-c160-475a-8331-8163ff040922" />
    <UnitTestResult executionId="a788a184-6ad7-4f3c-97a8-6392f293b8b5" testId="8001a15a-820f-81dd-d506-843569a1f6b6" testName="TestTfhdFromData2" computerName="DKSR-EFI-04" duration="00:00:00.0005512" startTime="2023-12-22T09:35:36.2412512+01:00" endTime="2023-12-22T09:35:36.2412512+01:00" testType="13cdc9d9-ddb5-4fa4-a97d-d965ccfc6d4b" outcome="Passed" testListId="8c84fa94-04c1-424b-9868-57a2d4851a1d" relativeResultsDirectory="a788a184-6ad7-4f3c-97a8-6392f293b8b5" />
    <UnitTestResult executionId="32dc28c1-543a-4d5d-b785-15457abcc133" testId="4549f72f-ae13-305a-2ebd-270434f773f2" testName="TestAvcDecoderConfigurationBoxFromData" computerName="DKSR-EFI-04" duration="00:00:00.0005178" startTime="2023-12-22T09:35:36.2881240+01:00" endTime="2023-12-22T09:35:36.2881240+01:00" testType="13cdc9d9-ddb5-4fa4-a97d-d965ccfc6d4b" outcome="Passed" testListId="8c84fa94-04c1-424b-9868-57a2d4851a1d" relativeResultsDirectory="32dc28c1-543a-4d5d-b785-15457abcc133" />
    <UnitTestResult executionId="705fb64a-c19e-4343-a6b5-81963de1937e" testId="fe2c4d90-3795-10b7-98e4-4d6315c32f79" testName="TestMp4Frame" computerName="DKSR-EFI-04" duration="00:00:00.0115885" startTime="2023-12-22T09:35:36.0693726+01:00" endTime="2023-12-22T09:35:36.0849973+01:00" testType="13cdc9d9-ddb5-4fa4-a97d-d965ccfc6d4b" outcome="Passed" testListId="8c84fa94-04c1-424b-9868-57a2d4851a1d" relativeResultsDirectory="705fb64a-c19e-4343-a6b5-81963de1937e" />
    <UnitTestResult executionId="5fbc421d-b095-457b-97a5-fa99174feca5" testId="ac79dddb-9bb9-d296-7221-42a7b5ee7164" testName="TestH265SpsFromDataWithoutEmulationPrevention" computerName="DKSR-EFI-04" duration="00:00:00.0001276" startTime="2023-12-22T09:35:36.0381252+01:00" endTime="2023-12-22T09:35:36.0381252+01:00" testType="13cdc9d9-ddb5-4fa4-a97d-d965ccfc6d4b" outcome="Passed" testListId="8c84fa94-04c1-424b-9868-57a2d4851a1d" relativeResultsDirectory="5fbc421d-b095-457b-97a5-fa99174feca5" />
    <UnitTestResult executionId="1be6b7d9-9f4c-41ce-845d-06f2ede72428" testId="0084c2d0-8c94-759d-c0d2-ce76a64e5cf6" testName="TestDecodingTimeToSampleBox" computerName="DKSR-EFI-04" duration="00:00:00.0015478" startTime="2023-12-22T09:35:36.2256269+01:00" endTime="2023-12-22T09:35:36.2256269+01:00" testType="13cdc9d9-ddb5-4fa4-a97d-d965ccfc6d4b" outcome="Passed" testListId="8c84fa94-04c1-424b-9868-57a2d4851a1d" relativeResultsDirectory="1be6b7d9-9f4c-41ce-845d-06f2ede72428" />
    <UnitTestResult executionId="fbaad91b-894a-4fa3-8952-6f4214c50c05" testId="3de94b8e-9212-2a8f-d2be-70caa9b7ee73" testName="TestHdlrFromData" computerName="DKSR-EFI-04" duration="00:00:00.0034252" startTime="2023-12-22T09:35:36.2100010+01:00" endTime="2023-12-22T09:35:36.2100010+01:00" testType="13cdc9d9-ddb5-4fa4-a97d-d965ccfc6d4b" outcome="Passed" testListId="8c84fa94-04c1-424b-9868-57a2d4851a1d" relativeResultsDirectory="fbaad91b-894a-4fa3-8952-6f4214c50c05" />
    <UnitTestResult executionId="ba08208c-45f7-4139-bcfb-9007db8d2b5c" testId="b4bb8fc7-7c57-a01a-5f66-67a72450790a" testName="TestSpsRbspFromData2" computerName="DKSR-EFI-04" duration="00:00:00.0002380" startTime="2023-12-22T09:35:36.0537474+01:00" endTime="2023-12-22T09:35:36.0537474+01:00" testType="13cdc9d9-ddb5-4fa4-a97d-d965ccfc6d4b" outcome="Passed" testListId="8c84fa94-04c1-424b-9868-57a2d4851a1d" relativeResultsDirectory="ba08208c-45f7-4139-bcfb-9007db8d2b5c" />
    <UnitTestResult executionId="b496416c-a271-44b2-8079-39ad75814eb9" testId="7e845399-30bb-8a04-da30-5245a41270f0" testName="TestAvcDecoderConfigurationBox" computerName="DKSR-EFI-04" duration="00:00:00.0019398" startTime="2023-12-22T09:35:36.2881240+01:00" endTime="2023-12-22T09:35:36.2881240+01:00" testType="13cdc9d9-ddb5-4fa4-a97d-d965ccfc6d4b" outcome="Passed" testListId="8c84fa94-04c1-424b-9868-57a2d4851a1d" relativeResultsDirectory="b496416c-a271-44b2-8079-39ad75814eb9" />
    <UnitTestResult executionId="17ba90d5-44f9-4513-aaea-5609f1b296cb" testId="7a44c677-8dea-707a-183d-11ebfc544d9f" testName="TestSpsRbspFromData" computerName="DKSR-EFI-04" duration="00:00:00.0003653" startTime="2023-12-22T09:35:36.0537474+01:00" endTime="2023-12-22T09:35:36.0537474+01:00" testType="13cdc9d9-ddb5-4fa4-a97d-d965ccfc6d4b" outcome="Passed" testListId="8c84fa94-04c1-424b-9868-57a2d4851a1d" relativeResultsDirectory="17ba90d5-44f9-4513-aaea-5609f1b296cb" />
    <UnitTestResult executionId="237605a2-4c7a-4e67-b916-f574abd5ad82" testId="18e1293f-acff-99ff-d357-301b4f48ab4f" testName="TestMovieHeaderBox" computerName="DKSR-EFI-04" duration="00:00:00.0035656" startTime="2023-12-22T09:35:36.2256269+01:00" endTime="2023-12-22T09:35:36.2256269+01:00" testType="13cdc9d9-ddb5-4fa4-a97d-d965ccfc6d4b" outcome="Passed" testListId="8c84fa94-04c1-424b-9868-57a2d4851a1d" relativeResultsDirectory="237605a2-4c7a-4e67-b916-f574abd5ad82" />
    <UnitTestResult executionId="1b3c7a55-8e67-462d-a369-6cbb49a028f4" testId="aeeb62b1-211b-ac2c-278c-5ad7be97e2d5" testName="TestMediaHeaderBox" computerName="DKSR-EFI-04" duration="00:00:00.0031793" startTime="2023-12-22T09:35:36.2100010+01:00" endTime="2023-12-22T09:35:36.2100010+01:00" testType="13cdc9d9-ddb5-4fa4-a97d-d965ccfc6d4b" outcome="Passed" testListId="8c84fa94-04c1-424b-9868-57a2d4851a1d" relativeResultsDirectory="1b3c7a55-8e67-462d-a369-6cbb49a028f4" />
    <UnitTestResult executionId="b04cc468-6982-4e00-af8f-100e70a6b7ff" testId="5d233ee7-2ba2-afb8-5b4d-09d376910e4f" testName="TestTrackFragmentDecodeTimeBox" computerName="DKSR-EFI-04" duration="00:00:00.0006365" startTime="2023-12-22T09:35:36.2412512+01:00" endTime="2023-12-22T09:35:36.2412512+01:00" testType="13cdc9d9-ddb5-4fa4-a97d-d965ccfc6d4b" outcome="Passed" testListId="8c84fa94-04c1-424b-9868-57a2d4851a1d" relativeResultsDirectory="b04cc468-6982-4e00-af8f-100e70a6b7ff" />
    <UnitTestResult executionId="0e3502f3-623e-4210-ad23-538bbf792af0" testId="8a5c955e-6d1f-7db0-27bd-028a259150ad" testName="TestStscFromDataNoEntry" computerName="DKSR-EFI-04" duration="00:00:00.0003006" startTime="2023-12-22T09:35:36.2256269+01:00" endTime="2023-12-22T09:35:36.2256269+01:00" testType="13cdc9d9-ddb5-4fa4-a97d-d965ccfc6d4b" outcome="Passed" testListId="8c84fa94-04c1-424b-9868-57a2d4851a1d" relativeResultsDirectory="0e3502f3-623e-4210-ad23-538bbf792af0" />
    <UnitTestResult executionId="0144182d-952e-46be-849b-f3cd210a49e9" testId="88315b65-80a1-2ca6-f1a4-780a0156556d" testName="TestVisualSampleEntryFromData" computerName="DKSR-EFI-04" duration="00:00:00.0007391" startTime="2023-12-22T09:35:36.3037518+01:00" endTime="2023-12-22T09:35:36.3037518+01:00" testType="13cdc9d9-ddb5-4fa4-a97d-d965ccfc6d4b" outcome="Passed" testListId="8c84fa94-04c1-424b-9868-57a2d4851a1d" relativeResultsDirectory="0144182d-952e-46be-849b-f3cd210a49e9" />
    <UnitTestResult executionId="4b463758-1550-492d-a788-5f0d222fb30c" testId="21e68e3e-ffe1-163d-88d4-f1caa4190b40" testName="TestVideoMediaHeaderBox" computerName="DKSR-EFI-04" duration="00:00:00.0013161" startTime="2023-12-22T09:35:36.2724994+01:00" endTime="2023-12-22T09:35:36.2724994+01:00" testType="13cdc9d9-ddb5-4fa4-a97d-d965ccfc6d4b" outcome="Passed" testListId="8c84fa94-04c1-424b-9868-57a2d4851a1d" relativeResultsDirectory="4b463758-1550-492d-a788-5f0d222fb30c" />
    <UnitTestResult executionId="d6d97d2b-67d4-4460-93cc-a42adc0e4c70" testId="3366f3d8-1381-8310-4199-f585ac7f8670" testName="TestStcoFromDataNoEntry" computerName="DKSR-EFI-04" duration="00:00:00.0489356" startTime="2023-12-22T09:35:36.1318737+01:00" endTime="2023-12-22T09:35:36.1943753+01:00" testType="13cdc9d9-ddb5-4fa4-a97d-d965ccfc6d4b" outcome="Passed" testListId="8c84fa94-04c1-424b-9868-57a2d4851a1d" relativeResultsDirectory="d6d97d2b-67d4-4460-93cc-a42adc0e4c70" />
    <UnitTestResult executionId="154e2c9e-2c9b-47b6-b285-1e1895e43645" testId="de65d88e-83ee-497e-500c-a66b6795aa89" testName="TestVisualSampleEntry" computerName="DKSR-EFI-04" duration="00:00:00.0012861" startTime="2023-12-22T09:35:36.3037518+01:00" endTime="2023-12-22T09:35:36.3037518+01:00" testType="13cdc9d9-ddb5-4fa4-a97d-d965ccfc6d4b" outcome="Passed" testListId="8c84fa94-04c1-424b-9868-57a2d4851a1d" relativeResultsDirectory="154e2c9e-2c9b-47b6-b285-1e1895e43645" />
    <UnitTestResult executionId="a0ca1490-ab53-4c33-b4b9-c44a69faed41" testId="b74cf043-c9be-0cbf-0bdd-4b9b9422d233" testName="TestAvc1Entry" computerName="DKSR-EFI-04" duration="00:00:00.0040635" startTime="2023-12-22T09:35:36.2724994+01:00" endTime="2023-12-22T09:35:36.2881240+01:00" testType="13cdc9d9-ddb5-4fa4-a97d-d965ccfc6d4b" outcome="Passed" testListId="8c84fa94-04c1-424b-9868-57a2d4851a1d" relativeResultsDirectory="a0ca1490-ab53-4c33-b4b9-c44a69faed41" />
    <UnitTestResult executionId="dad9b430-8993-44dd-bef3-f2bb833273d6" testId="29f8a31a-a9bf-8120-612e-56a2664527cb" testName="TestH265SpsFromDataWithEmulationPrevention" computerName="DKSR-EFI-04" duration="00:00:00.0014765" startTime="2023-12-22T09:35:36.0381252+01:00" endTime="2023-12-22T09:35:36.0381252+01:00" testType="13cdc9d9-ddb5-4fa4-a97d-d965ccfc6d4b" outcome="Passed" testListId="8c84fa94-04c1-424b-9868-57a2d4851a1d" relativeResultsDirectory="dad9b430-8993-44dd-bef3-f2bb833273d6" />
    <UnitTestResult executionId="fe15dce0-74af-4f0c-be58-c0b66ae8f45f" testId="e49c7aac-00ef-4767-a559-081cab16f1af" testName="TestTfhdFromData" computerName="DKSR-EFI-04" duration="00:00:00.0006017" startTime="2023-12-22T09:35:36.2412512+01:00" endTime="2023-12-22T09:35:36.2412512+01:00" testType="13cdc9d9-ddb5-4fa4-a97d-d965ccfc6d4b" outcome="Passed" testListId="8c84fa94-04c1-424b-9868-57a2d4851a1d" relativeResultsDirectory="fe15dce0-74af-4f0c-be58-c0b66ae8f45f" />
    <UnitTestResult executionId="acaabe9b-c471-4409-9134-ea4b21d6a559" testId="dc578b7c-9370-8bf9-ed97-1fea67f166d2" testName="TestMovieFragmentHeaderBox" computerName="DKSR-EFI-04" duration="00:00:00.0007825" startTime="2023-12-22T09:35:36.2100010+01:00" endTime="2023-12-22T09:35:36.2100010+01:00" testType="13cdc9d9-ddb5-4fa4-a97d-d965ccfc6d4b" outcome="Passed" testListId="8c84fa94-04c1-424b-9868-57a2d4851a1d" relativeResultsDirectory="acaabe9b-c471-4409-9134-ea4b21d6a559" />
    <UnitTestResult executionId="1f2d21a4-8017-4d0c-b83a-2af58a735bd8" testId="1128ee4e-0642-4c72-84a0-c0f57591b6ac" testName="TestTrackExtendsBox" computerName="DKSR-EFI-04" duration="00:00:00.0018227" startTime="2023-12-22T09:35:36.2412512+01:00" endTime="2023-12-22T09:35:36.2412512+01:00" testType="13cdc9d9-ddb5-4fa4-a97d-d965ccfc6d4b" outcome="Passed" testListId="8c84fa94-04c1-424b-9868-57a2d4851a1d" relativeResultsDirectory="1f2d21a4-8017-4d0c-b83a-2af58a735bd8" />
    <UnitTestResult executionId="e579c1a8-6347-4a98-a70c-5bff66af03e7" testId="125b49af-5959-23c3-e0a5-7f54cd2d345e" testName="TestSttsFromDataWithEntries" computerName="DKSR-EFI-04" duration="00:00:00.0008805" startTime="2023-12-22T09:35:36.2256269+01:00" endTime="2023-12-22T09:35:36.2412512+01:00" testType="13cdc9d9-ddb5-4fa4-a97d-d965ccfc6d4b" outcome="Passed" testListId="8c84fa94-04c1-424b-9868-57a2d4851a1d" relativeResultsDirectory="e579c1a8-6347-4a98-a70c-5bff66af03e7" />
    <UnitTestResult executionId="436d688b-f372-45d2-9ba1-ea9f36ec799c" testId="70e8428e-3307-4e28-1ea9-e9c75d781d45" testName="TestSampleToChunkBox" computerName="DKSR-EFI-04" duration="00:00:00.0015829" startTime="2023-12-22T09:35:36.2256269+01:00" endTime="2023-12-22T09:35:36.2256269+01:00" testType="13cdc9d9-ddb5-4fa4-a97d-d965ccfc6d4b" outcome="Passed" testListId="8c84fa94-04c1-424b-9868-57a2d4851a1d" relativeResultsDirectory="436d688b-f372-45d2-9ba1-ea9f36ec799c" />
    <UnitTestResult executionId="fbdd01d2-c33b-45dd-9709-40f99a7f32bf" testId="0d5255c6-f0e9-f182-470a-70a84931b495" testName="TestSampleFlagsPositions" computerName="DKSR-EFI-04" duration="00:00:00.0032885" startTime="2023-12-22T09:35:36.3193749+01:00" endTime="2023-12-22T09:35:36.3193749+01:00" testType="13cdc9d9-ddb5-4fa4-a97d-d965ccfc6d4b" outcome="Passed" testListId="8c84fa94-04c1-424b-9868-57a2d4851a1d" relativeResultsDirectory="fbdd01d2-c33b-45dd-9709-40f99a7f32bf" />
    <UnitTestResult executionId="fc2b4d89-6807-4c55-9ba8-38bbee3efa0d" testId="594b84b3-cf27-5878-453c-66bd78f05ad3" testName="TestMfraWithTfraAndMfro" computerName="DKSR-EFI-04" duration="00:00:00.0125084" startTime="2023-12-22T09:35:36.0849973+01:00" endTime="2023-12-22T09:35:36.1006267+01:00" testType="13cdc9d9-ddb5-4fa4-a97d-d965ccfc6d4b" outcome="Passed" testListId="8c84fa94-04c1-424b-9868-57a2d4851a1d" relativeResultsDirectory="fc2b4d89-6807-4c55-9ba8-38bbee3efa0d" />
    <UnitTestResult executionId="4593dab7-b18e-4cc2-922c-cce9b750c250" testId="f5627138-ae89-65bc-fc1a-67bb51f67d75" testName="TestTfdtFromData" computerName="DKSR-EFI-04" duration="00:00:00.0002705" startTime="2023-12-22T09:35:36.2412512+01:00" endTime="2023-12-22T09:35:36.2412512+01:00" testType="13cdc9d9-ddb5-4fa4-a97d-d965ccfc6d4b" outcome="Passed" testListId="8c84fa94-04c1-424b-9868-57a2d4851a1d" relativeResultsDirectory="4593dab7-b18e-4cc2-922c-cce9b750c250" />
    <UnitTestResult executionId="c8a7717c-ce6a-4eb7-b3ca-746966cae94a" testId="3ee2b4ab-d534-1d65-e8d9-ab0bf4dbda8a" testName="TestEmulationPreventionSpsH264" computerName="DKSR-EFI-04" duration="00:00:00.0176002" startTime="2023-12-22T09:35:35.8349974+01:00" endTime="2023-12-22T09:35:35.9912474+01:00" testType="13cdc9d9-ddb5-4fa4-a97d-d965ccfc6d4b" outcome="Passed" testListId="8c84fa94-04c1-424b-9868-57a2d4851a1d" relativeResultsDirectory="c8a7717c-ce6a-4eb7-b3ca-746966cae94a" />
    <UnitTestResult executionId="1c2fc6fd-ebc4-4cda-a4be-ec04db64a8ec" testId="3b7446bf-8ea7-da7b-7aa6-659c431dc10d" testName="TestSpsRbspFromData" computerName="DKSR-EFI-04" duration="00:00:00.0116449" startTime="2023-12-22T09:35:36.0381252+01:00" endTime="2023-12-22T09:35:36.0537474+01:00" testType="13cdc9d9-ddb5-4fa4-a97d-d965ccfc6d4b" outcome="Passed" testListId="8c84fa94-04c1-424b-9868-57a2d4851a1d" relativeResultsDirectory="1c2fc6fd-ebc4-4cda-a4be-ec04db64a8ec" />
    <UnitTestResult executionId="facd88be-1674-42f3-9c1d-07343d2613bd" testId="a5cc4c8f-2da6-4fe7-1496-730b009f2561" testName="TestMdhdFromData" computerName="DKSR-EFI-04" duration="00:00:00.0024385" startTime="2023-12-22T09:35:36.2100010+01:00" endTime="2023-12-22T09:35:36.2100010+01:00" testType="13cdc9d9-ddb5-4fa4-a97d-d965ccfc6d4b" outcome="Passed" testListId="8c84fa94-04c1-424b-9868-57a2d4851a1d" relativeResultsDirectory="facd88be-1674-42f3-9c1d-07343d2613bd" />
    <UnitTestResult executionId="419e6087-be7c-4f67-a7d4-d0304ed87e0c" testId="fc6d935f-6f8c-ba48-63c4-1332d2e06895" testName="TestVisualSampleEntryFromData" computerName="DKSR-EFI-04" duration="00:00:00.0016961" startTime="2023-12-22T09:35:36.2881240+01:00" endTime="2023-12-22T09:35:36.2881240+01:00" testType="13cdc9d9-ddb5-4fa4-a97d-d965ccfc6d4b" outcome="Passed" testListId="8c84fa94-04c1-424b-9868-57a2d4851a1d" relativeResultsDirectory="419e6087-be7c-4f67-a7d4-d0304ed87e0c" />
    <UnitTestResult executionId="71c11c90-b351-41b1-a4be-e385277153c9" testId="ad3499af-9d7b-70f3-034a-c8d1d2ea8381" testName="TestTkhdFromData" computerName="DKSR-EFI-04" duration="00:00:00.0005869" startTime="2023-12-22T09:35:36.2724994+01:00" endTime="2023-12-22T09:35:36.2724994+01:00" testType="13cdc9d9-ddb5-4fa4-a97d-d965ccfc6d4b" outcome="Passed" testListId="8c84fa94-04c1-424b-9868-57a2d4851a1d" relativeResultsDirectory="71c11c90-b351-41b1-a4be-e385277153c9" />
    <UnitTestResult executionId="d3250eb8-82a6-41b9-8879-7e356556db94" testId="9588a3b4-c9cc-cee7-3d3e-64be4fdfaa01" testName="TestMoofAndChildren" computerName="DKSR-EFI-04" duration="00:00:00.0262683" startTime="2023-12-22T09:35:36.1006267+01:00" endTime="2023-12-22T09:35:36.1318737+01:00" testType="13cdc9d9-ddb5-4fa4-a97d-d965ccfc6d4b" outcome="Passed" testListId="8c84fa94-04c1-424b-9868-57a2d4851a1d" relativeResultsDirectory="d3250eb8-82a6-41b9-8879-7e356556db94" />
    <UnitTestResult executionId="00d21f59-ea15-40bb-a49f-b5570f6018b1" testId="f8e6d726-54aa-65a8-74bb-1918c27fdaa7" testName="TestDataEntryUrlBox" computerName="DKSR-EFI-04" duration="00:00:00.0016828" startTime="2023-12-22T09:35:36.1943753+01:00" endTime="2023-12-22T09:35:36.1943753+01:00" testType="13cdc9d9-ddb5-4fa4-a97d-d965ccfc6d4b" outcome="Passed" testListId="8c84fa94-04c1-424b-9868-57a2d4851a1d" relativeResultsDirectory="00d21f59-ea15-40bb-a49f-b5570f6018b1" />
    <UnitTestResult executionId="3ed763c1-9baf-4878-8555-ec677ae2d615" testId="e53d0b00-27d1-cd2f-7ed0-66877a6f66af" testName="TestMp4FrameGroup" computerName="DKSR-EFI-04" duration="00:00:00.0064336" startTime="2023-12-22T09:35:36.0849973+01:00" endTime="2023-12-22T09:35:36.0849973+01:00" testType="13cdc9d9-ddb5-4fa4-a97d-d965ccfc6d4b" outcome="Passed" testListId="8c84fa94-04c1-424b-9868-57a2d4851a1d" relativeResultsDirectory="3ed763c1-9baf-4878-8555-ec677ae2d615" />
    <UnitTestResult executionId="0a97989c-01ce-45a5-a4e1-c2f0a6f1b2bb" testId="f614f41d-973f-fee2-5584-df8787bd8d35" testName="TestStszFromDataWithEntries" computerName="DKSR-EFI-04" duration="00:00:00.0009574" startTime="2023-12-22T09:35:36.2256269+01:00" endTime="2023-12-22T09:35:36.2256269+01:00" testType="13cdc9d9-ddb5-4fa4-a97d-d965ccfc6d4b" outcome="Passed" testListId="8c84fa94-04c1-424b-9868-57a2d4851a1d" relativeResultsDirectory="0a97989c-01ce-45a5-a4e1-c2f0a6f1b2bb" />
    <UnitTestResult executionId="958d673a-3514-4627-a090-89f54702a78a" testId="7b5d5a92-0761-5868-e46f-6a56ee959a49" testName="TestMvhdFromData" computerName="DKSR-EFI-04" duration="00:00:00.0017139" startTime="2023-12-22T09:35:36.2256269+01:00" endTime="2023-12-22T09:35:36.2256269+01:00" testType="13cdc9d9-ddb5-4fa4-a97d-d965ccfc6d4b" outcome="Passed" testListId="8c84fa94-04c1-424b-9868-57a2d4851a1d" relativeResultsDirectory="958d673a-3514-4627-a090-89f54702a78a" />
    <UnitTestResult executionId="2cd73d31-7ee6-4548-8fef-15d20faa3ab1" testId="391cb106-f24c-f83c-1330-82a45160a050" testName="TestTrackFragmentHeaderBox" computerName="DKSR-EFI-04" duration="00:00:00.0067709" startTime="2023-12-22T09:35:36.2412512+01:00" endTime="2023-12-22T09:35:36.2412512+01:00" testType="13cdc9d9-ddb5-4fa4-a97d-d965ccfc6d4b" outcome="Passed" testListId="8c84fa94-04c1-424b-9868-57a2d4851a1d" relativeResultsDirectory="2cd73d31-7ee6-4548-8fef-15d20faa3ab1" />
    <UnitTestResult executionId="5a351bbf-4e9e-40bd-866d-981bcc2d3dd1" testId="b5fa75f5-4ed7-368a-70e4-fc5c32225b43" testName="TestHevcDecoderConfigurationBox" computerName="DKSR-EFI-04" duration="00:00:00.0085990" startTime="2023-12-22T09:35:36.2881240+01:00" endTime="2023-12-22T09:35:36.2881240+01:00" testType="13cdc9d9-ddb5-4fa4-a97d-d965ccfc6d4b" outcome="Passed" testListId="8c84fa94-04c1-424b-9868-57a2d4851a1d" relativeResultsDirectory="5a351bbf-4e9e-40bd-866d-981bcc2d3dd1" />
    <UnitTestResult executionId="c909c165-fda6-49b2-8bec-e1624e7c6bae" testId="efdceac6-7d6d-e10d-c1e5-b796a799d01f" testName="TestGetStartOffset" computerName="DKSR-EFI-04" duration="00:00:00.0012093" startTime="2023-12-22T09:35:36.0849973+01:00" endTime="2023-12-22T09:35:36.0849973+01:00" testType="13cdc9d9-ddb5-4fa4-a97d-d965ccfc6d4b" outcome="Passed" testListId="8c84fa94-04c1-424b-9868-57a2d4851a1d" relativeResultsDirectory="c909c165-fda6-49b2-8bec-e1624e7c6bae" />
    <UnitTestResult executionId="6db48f8e-2d48-40b0-b1a0-428cee468673" testId="cffc6fa6-b42f-a666-61d3-bbd34bff5acf" testName="TestFtypFromData" computerName="DKSR-EFI-04" duration="00:00:00.0008030" startTime="2023-12-22T09:35:36.1943753+01:00" endTime="2023-12-22T09:35:36.1943753+01:00" testType="13cdc9d9-ddb5-4fa4-a97d-d965ccfc6d4b" outcome="Passed" testListId="8c84fa94-04c1-424b-9868-57a2d4851a1d" relativeResultsDirectory="6db48f8e-2d48-40b0-b1a0-428cee468673" />
    <UnitTestResult executionId="62dd30cc-626d-4f12-b4fb-9284b16f85f7" testId="61ca97f7-be04-3443-491a-fb725cbef115" testName="TestStscFromDataWithEntries" computerName="DKSR-EFI-04" duration="00:00:00.0004624" startTime="2023-12-22T09:35:36.2256269+01:00" endTime="2023-12-22T09:35:36.2256269+01:00" testType="13cdc9d9-ddb5-4fa4-a97d-d965ccfc6d4b" outcome="Passed" testListId="8c84fa94-04c1-424b-9868-57a2d4851a1d" relativeResultsDirectory="62dd30cc-626d-4f12-b4fb-9284b16f85f7" />
    <UnitTestResult executionId="46ee4e48-3ed5-4e18-8004-ea39e576fa8c" testId="be813ed9-c50f-a66a-d465-4ead6ff074ae" testName="TestVmhdFromData" computerName="DKSR-EFI-04" duration="00:00:00.0003737" startTime="2023-12-22T09:35:36.2724994+01:00" endTime="2023-12-22T09:35:36.2724994+01:00" testType="13cdc9d9-ddb5-4fa4-a97d-d965ccfc6d4b" outcome="Passed" testListId="8c84fa94-04c1-424b-9868-57a2d4851a1d" relativeResultsDirectory="46ee4e48-3ed5-4e18-8004-ea39e576fa8c" />
    <UnitTestResult executionId="19ba422e-23e4-4a33-a1d9-13185f4922af" testId="8d4f5a14-b4cc-7388-2ce2-805160489936" testName="TestGetStartOffsetTillDataIterationSpsPpsFrame" computerName="DKSR-EFI-04" duration="00:00:00.0031468" startTime="2023-12-22T09:35:36.0849973+01:00" endTime="2023-12-22T09:35:36.0849973+01:00" testType="13cdc9d9-ddb5-4fa4-a97d-d965ccfc6d4b" outcome="Passed" testListId="8c84fa94-04c1-424b-9868-57a2d4851a1d" relativeResultsDirectory="19ba422e-23e4-4a33-a1d9-13185f4922af" />
    <UnitTestResult executionId="748292ef-d790-4d99-8fd1-9dff71ebf77b" testId="6dc94b43-faab-4414-3f14-ddb5d4204cbb" testName="TestUrlFromData" computerName="DKSR-EFI-04" duration="00:00:00.0003296" startTime="2023-12-22T09:35:36.1943753+01:00" endTime="2023-12-22T09:35:36.1943753+01:00" testType="13cdc9d9-ddb5-4fa4-a97d-d965ccfc6d4b" outcome="Passed" testListId="8c84fa94-04c1-424b-9868-57a2d4851a1d" relativeResultsDirectory="748292ef-d790-4d99-8fd1-9dff71ebf77b" />
    <UnitTestResult executionId="fe3849ec-410a-4880-8b7a-bc8221c065aa" testId="28d548d0-9fb0-0784-e14e-40893b744ecd" testName="TestSttsFromDataNoEntry" computerName="DKSR-EFI-04" duration="00:00:00.0003151" startTime="2023-12-22T09:35:36.2256269+01:00" endTime="2023-12-22T09:35:36.2256269+01:00" testType="13cdc9d9-ddb5-4fa4-a97d-d965ccfc6d4b" outcome="Passed" testListId="8c84fa94-04c1-424b-9868-57a2d4851a1d" relativeResultsDirectory="fe3849ec-410a-4880-8b7a-bc8221c065aa" />
    <UnitTestResult executionId="6239b988-3b1d-415a-8f6b-71ec21c96701" testId="33a9e29a-913b-3a0d-8046-16f1810d593a" testName="TestHevcDecoderConfigurationBoxFromData" computerName="DKSR-EFI-04" duration="00:00:00.0009673" startTime="2023-12-22T09:35:36.2881240+01:00" endTime="2023-12-22T09:35:36.3037518+01:00" testType="13cdc9d9-ddb5-4fa4-a97d-d965ccfc6d4b" outcome="Passed" testListId="8c84fa94-04c1-424b-9868-57a2d4851a1d" relativeResultsDirectory="6239b988-3b1d-415a-8f6b-71ec21c96701" />
    <UnitTestResult executionId="780f0c63-6ce0-4729-9641-e1b4c8e34eae" testId="5456d9ae-aea3-ffe4-54e5-1302580aa70a" testName="TestStcoFromDataWithEntries" computerName="DKSR-EFI-04" duration="00:00:00.0004196" startTime="2023-12-22T09:35:36.1943753+01:00" endTime="2023-12-22T09:35:36.1943753+01:00" testType="13cdc9d9-ddb5-4fa4-a97d-d965ccfc6d4b" outcome="Passed" testListId="8c84fa94-04c1-424b-9868-57a2d4851a1d" relativeResultsDirectory="780f0c63-6ce0-4729-9641-e1b4c8e34eae" />
    <UnitTestResult executionId="3e5dea57-1a10-44b0-a3fc-45a4245a2e46" testId="b63eb6f6-ad89-8fd4-5f2e-80fd4e6c9b5d" testName="TestDrefFromData" computerName="DKSR-EFI-04" duration="00:00:00.0003917" startTime="2023-12-22T09:35:36.1943753+01:00" endTime="2023-12-22T09:35:36.1943753+01:00" testType="13cdc9d9-ddb5-4fa4-a97d-d965ccfc6d4b" outcome="Passed" testListId="8c84fa94-04c1-424b-9868-57a2d4851a1d" relativeResultsDirectory="3e5dea57-1a10-44b0-a3fc-45a4245a2e46" />
    <UnitTestResult executionId="f18aa4ae-b5c0-4c92-8304-fd9a1dcdf843" testId="afbbc307-9296-31b8-8ad8-58f298c1b858" testName="TestTrexFromData" computerName="DKSR-EFI-04" duration="00:00:00.0003865" startTime="2023-12-22T09:35:36.2412512+01:00" endTime="2023-12-22T09:35:36.2412512+01:00" testType="13cdc9d9-ddb5-4fa4-a97d-d965ccfc6d4b" outcome="Passed" testListId="8c84fa94-04c1-424b-9868-57a2d4851a1d" relativeResultsDirectory="f18aa4ae-b5c0-4c92-8304-fd9a1dcdf843" />
  </Results>
  <TestDefinitions>
    <UnitTest name="TestH265SpsFromDataWithoutEmulationPrevention" storage="d:\actions-runner\_work\xpco\xpco\mobile\mobileserver\mobileserverbinaries\videoos.mobile.mp4muxing.test\bin\debug\net472\videoos.mobile.mp4muxing.test.dll" id="ac79dddb-9bb9-d296-7221-42a7b5ee7164">
      <TestCategory>
        <TestCategoryItem TestCategory="Fast" />
      </TestCategory>
      <Execution id="5fbc421d-b095-457b-97a5-fa99174feca5" />
      <TestMethod codeBase="D:\actions-runner\_work\XPCO\XPCO\Mobile\MobileServer\MobileServerBinaries\VideoOS.Mobile.MP4Muxing.Test\bin\Debug\net472\VideoOS.Mobile.MP4Muxing.Test.dll" adapterTypeName="executor://mstestadapter/v2" className="VideoOS.Mobile.MP4Muxing.Test.VideoParser.H265.H265SpsTest" name="TestH265SpsFromDataWithoutEmulationPrevention" />
    </UnitTest>
    <UnitTest name="TestFtypFromData" storage="d:\actions-runner\_work\xpco\xpco\mobile\mobileserver\mobileserverbinaries\videoos.mobile.mp4muxing.test\bin\debug\net472\videoos.mobile.mp4muxing.test.dll" id="cffc6fa6-b42f-a666-61d3-bbd34bff5acf">
      <TestCategory>
        <TestCategoryItem TestCategory="Fast" />
      </TestCategory>
      <Execution id="6db48f8e-2d48-40b0-b1a0-428cee468673" />
      <TestMethod codeBase="D:\actions-runner\_work\XPCO\XPCO\Mobile\MobileServer\MobileServerBinaries\VideoOS.Mobile.MP4Muxing.Test\bin\Debug\net472\VideoOS.Mobile.MP4Muxing.Test.dll" adapterTypeName="executor://mstestadapter/v2" className="VideoOS.Mobile.MP4Muxing.Test.FMP4Parser.Boxes.Implementations.FileTypeBoxTest" name="TestFtypFromData" />
    </UnitTest>
    <UnitTest name="TestMoofAndChildren" storage="d:\actions-runner\_work\xpco\xpco\mobile\mobileserver\mobileserverbinaries\videoos.mobile.mp4muxing.test\bin\debug\net472\videoos.mobile.mp4muxing.test.dll" id="9588a3b4-c9cc-cee7-3d3e-64be4fdfaa01">
      <TestCategory>
        <TestCategoryItem TestCategory="Fast" />
      </TestCategory>
      <Execution id="d3250eb8-82a6-41b9-8879-7e356556db94" />
      <TestMethod codeBase="D:\actions-runner\_work\XPCO\XPCO\Mobile\MobileServer\MobileServerBinaries\VideoOS.Mobile.MP4Muxing.Test\bin\Debug\net472\VideoOS.Mobile.MP4Muxing.Test.dll" adapterTypeName="executor://mstestadapter/v2" className="VideoOS.Mobile.MP4Muxing.Test.FMP4Parser.Boxes.BoxTests" name="TestMoofAndChildren" />
    </UnitTest>
    <UnitTest name="TestTfhdFromData" storage="d:\actions-runner\_work\xpco\xpco\mobile\mobileserver\mobileserverbinaries\videoos.mobile.mp4muxing.test\bin\debug\net472\videoos.mobile.mp4muxing.test.dll" id="e49c7aac-00ef-4767-a559-081cab16f1af">
      <TestCategory>
        <TestCategoryItem TestCategory="Fast" />
      </TestCategory>
      <Execution id="fe15dce0-74af-4f0c-be58-c0b66ae8f45f" />
      <TestMethod codeBase="D:\actions-runner\_work\XPCO\XPCO\Mobile\MobileServer\MobileServerBinaries\VideoOS.Mobile.MP4Muxing.Test\bin\Debug\net472\VideoOS.Mobile.MP4Muxing.Test.dll" adapterTypeName="executor://mstestadapter/v2" className="VideoOS.Mobile.MP4Muxing.Test.FMP4Parser.Boxes.Implementations.TrackFragmentHeaderBoxTests" name="TestTfhdFromData" />
    </UnitTest>
    <UnitTest name="TestH265SpsFromDataWithEmulationPrevention" storage="d:\actions-runner\_work\xpco\xpco\mobile\mobileserver\mobileserverbinaries\videoos.mobile.mp4muxing.test\bin\debug\net472\videoos.mobile.mp4muxing.test.dll" id="29f8a31a-a9bf-8120-612e-56a2664527cb">
      <TestCategory>
        <TestCategoryItem TestCategory="Fast" />
      </TestCategory>
      <Execution id="dad9b430-8993-44dd-bef3-f2bb833273d6" />
      <TestMethod codeBase="D:\actions-runner\_work\XPCO\XPCO\Mobile\MobileServer\MobileServerBinaries\VideoOS.Mobile.MP4Muxing.Test\bin\Debug\net472\VideoOS.Mobile.MP4Muxing.Test.dll" adapterTypeName="executor://mstestadapter/v2" className="VideoOS.Mobile.MP4Muxing.Test.VideoParser.H265.H265SpsTest" name="TestH265SpsFromDataWithEmulationPrevention" />
    </UnitTest>
    <UnitTest name="TestMp4Frame" storage="d:\actions-runner\_work\xpco\xpco\mobile\mobileserver\mobileserverbinaries\videoos.mobile.mp4muxing.test\bin\debug\net472\videoos.mobile.mp4muxing.test.dll" id="fe2c4d90-3795-10b7-98e4-4d6315c32f79">
      <TestCategory>
        <TestCategoryItem TestCategory="Fast" />
      </TestCategory>
      <Execution id="705fb64a-c19e-4343-a6b5-81963de1937e" />
      <TestMethod codeBase="D:\actions-runner\_work\XPCO\XPCO\Mobile\MobileServer\MobileServerBinaries\VideoOS.Mobile.MP4Muxing.Test\bin\Debug\net472\VideoOS.Mobile.MP4Muxing.Test.dll" adapterTypeName="executor://mstestadapter/v2" className="VideoOS.Mobile.MP4Muxing.Test.FMP4Parser.Mp4FrameTest" name="TestMp4Frame" />
    </UnitTest>
    <UnitTest name="TestAvcDecoderConfigurationBox" storage="d:\actions-runner\_work\xpco\xpco\mobile\mobileserver\mobileserverbinaries\videoos.mobile.mp4muxing.test\bin\debug\net472\videoos.mobile.mp4muxing.test.dll" id="7e845399-30bb-8a04-da30-5245a41270f0">
      <TestCategory>
        <TestCategoryItem TestCategory="Fast" />
      </TestCategory>
      <Execution id="b496416c-a271-44b2-8079-39ad75814eb9" />
      <TestMethod codeBase="D:\actions-runner\_work\XPCO\XPCO\Mobile\MobileServer\MobileServerBinaries\VideoOS.Mobile.MP4Muxing.Test\bin\Debug\net472\VideoOS.Mobile.MP4Muxing.Test.dll" adapterTypeName="executor://mstestadapter/v2" className="VideoOS.Mobile.MP4Muxing.Test.FMP4Parser.Boxes.Implementations.SampleEntries.AvcDecoderConfigurationBoxTest" name="TestAvcDecoderConfigurationBox" />
    </UnitTest>
    <UnitTest name="TestStcoFromDataNoEntry" storage="d:\actions-runner\_work\xpco\xpco\mobile\mobileserver\mobileserverbinaries\videoos.mobile.mp4muxing.test\bin\debug\net472\videoos.mobile.mp4muxing.test.dll" id="3366f3d8-1381-8310-4199-f585ac7f8670">
      <TestCategory>
        <TestCategoryItem TestCategory="Fast" />
      </TestCategory>
      <Execution id="d6d97d2b-67d4-4460-93cc-a42adc0e4c70" />
      <TestMethod codeBase="D:\actions-runner\_work\XPCO\XPCO\Mobile\MobileServer\MobileServerBinaries\VideoOS.Mobile.MP4Muxing.Test\bin\Debug\net472\VideoOS.Mobile.MP4Muxing.Test.dll" adapterTypeName="executor://mstestadapter/v2" className="VideoOS.Mobile.MP4Muxing.Test.FMP4Parser.Boxes.Implementations.ChunkOffsetBoxTest" name="TestStcoFromDataNoEntry" />
    </UnitTest>
    <UnitTest name="TestHevcDecoderConfigurationBoxFromData" storage="d:\actions-runner\_work\xpco\xpco\mobile\mobileserver\mobileserverbinaries\videoos.mobile.mp4muxing.test\bin\debug\net472\videoos.mobile.mp4muxing.test.dll" id="33a9e29a-913b-3a0d-8046-16f1810d593a">
      <TestCategory>
        <TestCategoryItem TestCategory="Fast" />
      </TestCategory>
      <Execution id="6239b988-3b1d-415a-8f6b-71ec21c96701" />
      <TestMethod codeBase="D:\actions-runner\_work\XPCO\XPCO\Mobile\MobileServer\MobileServerBinaries\VideoOS.Mobile.MP4Muxing.Test\bin\Debug\net472\VideoOS.Mobile.MP4Muxing.Test.dll" adapterTypeName="executor://mstestadapter/v2" className="VideoOS.Mobile.MP4Muxing.Test.FMP4Parser.Boxes.Implementations.SampleEntries.HevcDecoderConfigurationBoxTest" name="TestHevcDecoderConfigurationBoxFromData" />
    </UnitTest>
    <UnitTest name="TestSpsRbspFromData" storage="d:\actions-runner\_work\xpco\xpco\mobile\mobileserver\mobileserverbinaries\videoos.mobile.mp4muxing.test\bin\debug\net472\videoos.mobile.mp4muxing.test.dll" id="3b7446bf-8ea7-da7b-7aa6-659c431dc10d">
      <TestCategory>
        <TestCategoryItem TestCategory="Fast" />
      </TestCategory>
      <Execution id="1c2fc6fd-ebc4-4cda-a4be-ec04db64a8ec" />
      <TestMethod codeBase="D:\actions-runner\_work\XPCO\XPCO\Mobile\MobileServer\MobileServerBinaries\VideoOS.Mobile.MP4Muxing.Test\bin\Debug\net472\VideoOS.Mobile.MP4Muxing.Test.dll" adapterTypeName="executor://mstestadapter/v2" className="VideoOS.Mobile.MP4Muxing.Test.VideoParser.H264.H264FrameTypeRbspParserTest" name="TestSpsRbspFromData" />
    </UnitTest>
    <UnitTest name="TestMovieHeaderBox" storage="d:\actions-runner\_work\xpco\xpco\mobile\mobileserver\mobileserverbinaries\videoos.mobile.mp4muxing.test\bin\debug\net472\videoos.mobile.mp4muxing.test.dll" id="18e1293f-acff-99ff-d357-301b4f48ab4f">
      <Execution id="237605a2-4c7a-4e67-b916-f574abd5ad82" />
      <TestMethod codeBase="D:\actions-runner\_work\XPCO\XPCO\Mobile\MobileServer\MobileServerBinaries\VideoOS.Mobile.MP4Muxing.Test\bin\Debug\net472\VideoOS.Mobile.MP4Muxing.Test.dll" adapterTypeName="executor://mstestadapter/v2" className="VideoOS.Mobile.MP4Muxing.Test.FMP4Parser.Boxes.Implementations.MovieHeaderBoxTest" name="TestMovieHeaderBox" />
    </UnitTest>
    <UnitTest name="TestSampleToChunkBox" storage="d:\actions-runner\_work\xpco\xpco\mobile\mobileserver\mobileserverbinaries\videoos.mobile.mp4muxing.test\bin\debug\net472\videoos.mobile.mp4muxing.test.dll" id="70e8428e-3307-4e28-1ea9-e9c75d781d45">
      <TestCategory>
        <TestCategoryItem TestCategory="Fast" />
      </TestCategory>
      <Execution id="436d688b-f372-45d2-9ba1-ea9f36ec799c" />
      <TestMethod codeBase="D:\actions-runner\_work\XPCO\XPCO\Mobile\MobileServer\MobileServerBinaries\VideoOS.Mobile.MP4Muxing.Test\bin\Debug\net472\VideoOS.Mobile.MP4Muxing.Test.dll" adapterTypeName="executor://mstestadapter/v2" className="VideoOS.Mobile.MP4Muxing.Test.FMP4Parser.Boxes.Implementations.SampleToChunkBoxTest" name="TestSampleToChunkBox" />
    </UnitTest>
    <UnitTest name="TestH264ParamSetParserFromData" storage="d:\actions-runner\_work\xpco\xpco\mobile\mobileserver\mobileserverbinaries\videoos.mobile.mp4muxing.test\bin\debug\net472\videoos.mobile.mp4muxing.test.dll" id="fe3ee906-a9a2-133c-e8ab-109607737a9e">
      <TestCategory>
        <TestCategoryItem TestCategory="Fast" />
      </TestCategory>
      <Execution id="3a5e9884-4bc7-41e7-86b7-be8fd5d1d52f" />
      <TestMethod codeBase="D:\actions-runner\_work\XPCO\XPCO\Mobile\MobileServer\MobileServerBinaries\VideoOS.Mobile.MP4Muxing.Test\bin\Debug\net472\VideoOS.Mobile.MP4Muxing.Test.dll" adapterTypeName="executor://mstestadapter/v2" className="VideoOS.Mobile.MP4Muxing.Test.VideoParser.H264.H264ParamSetParserTest" name="TestH264ParamSetParserFromData" />
    </UnitTest>
    <UnitTest name="TestTrunFromData" storage="d:\actions-runner\_work\xpco\xpco\mobile\mobileserver\mobileserverbinaries\videoos.mobile.mp4muxing.test\bin\debug\net472\videoos.mobile.mp4muxing.test.dll" id="63e0b709-2451-e247-2be8-3dc2bf765780">
      <TestCategory>
        <TestCategoryItem TestCategory="Fast" />
      </TestCategory>
      <Execution id="03585358-8ac5-4096-a3db-52b492fbe9d2" />
      <TestMethod codeBase="D:\actions-runner\_work\XPCO\XPCO\Mobile\MobileServer\MobileServerBinaries\VideoOS.Mobile.MP4Muxing.Test\bin\Debug\net472\VideoOS.Mobile.MP4Muxing.Test.dll" adapterTypeName="executor://mstestadapter/v2" className="VideoOS.Mobile.MP4Muxing.Test.FMP4Parser.Boxes.Implementations.TrackFragmentRunBoxTests" name="TestTrunFromData" />
    </UnitTest>
    <UnitTest name="TestMdhdFromData" storage="d:\actions-runner\_work\xpco\xpco\mobile\mobileserver\mobileserverbinaries\videoos.mobile.mp4muxing.test\bin\debug\net472\videoos.mobile.mp4muxing.test.dll" id="a5cc4c8f-2da6-4fe7-1496-730b009f2561">
      <TestCategory>
        <TestCategoryItem TestCategory="Fast" />
      </TestCategory>
      <Execution id="facd88be-1674-42f3-9c1d-07343d2613bd" />
      <TestMethod codeBase="D:\actions-runner\_work\XPCO\XPCO\Mobile\MobileServer\MobileServerBinaries\VideoOS.Mobile.MP4Muxing.Test\bin\Debug\net472\VideoOS.Mobile.MP4Muxing.Test.dll" adapterTypeName="executor://mstestadapter/v2" className="VideoOS.Mobile.MP4Muxing.Test.FMP4Parser.Boxes.Implementations.MediaHeaderBoxTest" name="TestMdhdFromData" />
    </UnitTest>
    <UnitTest name="TestTrackExtendsBox" storage="d:\actions-runner\_work\xpco\xpco\mobile\mobileserver\mobileserverbinaries\videoos.mobile.mp4muxing.test\bin\debug\net472\videoos.mobile.mp4muxing.test.dll" id="1128ee4e-0642-4c72-84a0-c0f57591b6ac">
      <TestCategory>
        <TestCategoryItem TestCategory="Fast" />
      </TestCategory>
      <Execution id="1f2d21a4-8017-4d0c-b83a-2af58a735bd8" />
      <TestMethod codeBase="D:\actions-runner\_work\XPCO\XPCO\Mobile\MobileServer\MobileServerBinaries\VideoOS.Mobile.MP4Muxing.Test\bin\Debug\net472\VideoOS.Mobile.MP4Muxing.Test.dll" adapterTypeName="executor://mstestadapter/v2" className="VideoOS.Mobile.MP4Muxing.Test.FMP4Parser.Boxes.Implementations.TrackExtendsBoxTest" name="TestTrackExtendsBox" />
    </UnitTest>
    <UnitTest name="TestChunkOffsetBox" storage="d:\actions-runner\_work\xpco\xpco\mobile\mobileserver\mobileserverbinaries\videoos.mobile.mp4muxing.test\bin\debug\net472\videoos.mobile.mp4muxing.test.dll" id="47027e6a-9f9f-751f-10b6-8050611a4b29">
      <TestCategory>
        <TestCategoryItem TestCategory="Fast" />
      </TestCategory>
      <Execution id="7340a1bd-e5b8-4ec2-b2fe-4d2a7d808189" />
      <TestMethod codeBase="D:\actions-runner\_work\XPCO\XPCO\Mobile\MobileServer\MobileServerBinaries\VideoOS.Mobile.MP4Muxing.Test\bin\Debug\net472\VideoOS.Mobile.MP4Muxing.Test.dll" adapterTypeName="executor://mstestadapter/v2" className="VideoOS.Mobile.MP4Muxing.Test.FMP4Parser.Boxes.Implementations.ChunkOffsetBoxTest" name="TestChunkOffsetBox" />
    </UnitTest>
    <UnitTest name="TestVisualSampleEntryFromData" storage="d:\actions-runner\_work\xpco\xpco\mobile\mobileserver\mobileserverbinaries\videoos.mobile.mp4muxing.test\bin\debug\net472\videoos.mobile.mp4muxing.test.dll" id="88315b65-80a1-2ca6-f1a4-780a0156556d">
      <TestCategory>
        <TestCategoryItem TestCategory="Fast" />
      </TestCategory>
      <Execution id="0144182d-952e-46be-849b-f3cd210a49e9" />
      <TestMethod codeBase="D:\actions-runner\_work\XPCO\XPCO\Mobile\MobileServer\MobileServerBinaries\VideoOS.Mobile.MP4Muxing.Test\bin\Debug\net472\VideoOS.Mobile.MP4Muxing.Test.dll" adapterTypeName="executor://mstestadapter/v2" className="VideoOS.Mobile.MP4Muxing.Test.FMP4Parser.Boxes.Implementations.SampleEntries.VisualSampleEntryTest" name="TestVisualSampleEntryFromData" />
    </UnitTest>
    <UnitTest name="TestGetStartOffsetTillDataIterationSpsPpsFrame" storage="d:\actions-runner\_work\xpco\xpco\mobile\mobileserver\mobileserverbinaries\videoos.mobile.mp4muxing.test\bin\debug\net472\videoos.mobile.mp4muxing.test.dll" id="8d4f5a14-b4cc-7388-2ce2-805160489936">
      <TestCategory>
        <TestCategoryItem TestCategory="Fast" />
      </TestCategory>
      <Execution id="19ba422e-23e4-4a33-a1d9-13185f4922af" />
      <TestMethod codeBase="D:\actions-runner\_work\XPCO\XPCO\Mobile\MobileServer\MobileServerBinaries\VideoOS.Mobile.MP4Muxing.Test\bin\Debug\net472\VideoOS.Mobile.MP4Muxing.Test.dll" adapterTypeName="executor://mstestadapter/v2" className="VideoOS.Mobile.MP4Muxing.Test.FMP4Parser.Mp4FrameHelperTest" name="TestGetStartOffsetTillDataIterationSpsPpsFrame" />
    </UnitTest>
    <UnitTest name="TestTrackHeaderBox" storage="d:\actions-runner\_work\xpco\xpco\mobile\mobileserver\mobileserverbinaries\videoos.mobile.mp4muxing.test\bin\debug\net472\videoos.mobile.mp4muxing.test.dll" id="93c58bd5-ed5f-3c0c-5424-d1fa24ab28a1">
      <TestCategory>
        <TestCategoryItem TestCategory="Fast" />
      </TestCategory>
      <Execution id="9798a28b-a3f6-4741-a145-d8d50860e49a" />
      <TestMethod codeBase="D:\actions-runner\_work\XPCO\XPCO\Mobile\MobileServer\MobileServerBinaries\VideoOS.Mobile.MP4Muxing.Test\bin\Debug\net472\VideoOS.Mobile.MP4Muxing.Test.dll" adapterTypeName="executor://mstestadapter/v2" className="VideoOS.Mobile.MP4Muxing.Test.FMP4Parser.Boxes.Implementations.TrackHeaderBoxTest" name="TestTrackHeaderBox" />
    </UnitTest>
    <UnitTest name="TestEmulationPreventionSpsH265" storage="d:\actions-runner\_work\xpco\xpco\mobile\mobileserver\mobileserverbinaries\videoos.mobile.mp4muxing.test\bin\debug\net472\videoos.mobile.mp4muxing.test.dll" id="3650644e-0de5-48c9-1e2f-f95983c94aa0">
      <TestCategory>
        <TestCategoryItem TestCategory="Fast" />
      </TestCategory>
      <Execution id="b669208c-c160-475a-8331-8163ff040922" />
      <TestMethod codeBase="D:\actions-runner\_work\XPCO\XPCO\Mobile\MobileServer\MobileServerBinaries\VideoOS.Mobile.MP4Muxing.Test\bin\Debug\net472\VideoOS.Mobile.MP4Muxing.Test.dll" adapterTypeName="executor://mstestadapter/v2" className="VideoOS.Mobile.MP4Muxing.Test.VideoParser.EmulationPreventionTest" name="TestEmulationPreventionSpsH265" />
    </UnitTest>
    <UnitTest name="TestTrexFromData" storage="d:\actions-runner\_work\xpco\xpco\mobile\mobileserver\mobileserverbinaries\videoos.mobile.mp4muxing.test\bin\debug\net472\videoos.mobile.mp4muxing.test.dll" id="afbbc307-9296-31b8-8ad8-58f298c1b858">
      <TestCategory>
        <TestCategoryItem TestCategory="Fast" />
      </TestCategory>
      <Execution id="f18aa4ae-b5c0-4c92-8304-fd9a1dcdf843" />
      <TestMethod codeBase="D:\actions-runner\_work\XPCO\XPCO\Mobile\MobileServer\MobileServerBinaries\VideoOS.Mobile.MP4Muxing.Test\bin\Debug\net472\VideoOS.Mobile.MP4Muxing.Test.dll" adapterTypeName="executor://mstestadapter/v2" className="VideoOS.Mobile.MP4Muxing.Test.FMP4Parser.Boxes.Implementations.TrackExtendsBoxTest" name="TestTrexFromData" />
    </UnitTest>
    <UnitTest name="TestSampleEntry" storage="d:\actions-runner\_work\xpco\xpco\mobile\mobileserver\mobileserverbinaries\videoos.mobile.mp4muxing.test\bin\debug\net472\videoos.mobile.mp4muxing.test.dll" id="f3e0c3a1-c4ca-62a4-1173-18b1bc615219">
      <TestCategory>
        <TestCategoryItem TestCategory="Fast" />
      </TestCategory>
      <Execution id="6c3a9bb8-2fce-4d25-a3db-8440f450d14c" />
      <TestMethod codeBase="D:\actions-runner\_work\XPCO\XPCO\Mobile\MobileServer\MobileServerBinaries\VideoOS.Mobile.MP4Muxing.Test\bin\Debug\net472\VideoOS.Mobile.MP4Muxing.Test.dll" adapterTypeName="executor://mstestadapter/v2" className="VideoOS.Mobile.MP4Muxing.Test.FMP4Parser.Boxes.Implementations.SampleEntries.SampleEntryTest" name="TestSampleEntry" />
    </UnitTest>
    <UnitTest name="TestHandlerReferenceBox" storage="d:\actions-runner\_work\xpco\xpco\mobile\mobileserver\mobileserverbinaries\videoos.mobile.mp4muxing.test\bin\debug\net472\videoos.mobile.mp4muxing.test.dll" id="650f456a-bc6a-c3f6-2dc1-94b750ad48bd">
      <TestCategory>
        <TestCategoryItem TestCategory="Fast" />
      </TestCategory>
      <Execution id="3c9fd1dc-6392-4cbd-8541-79a58bbdd5a9" />
      <TestMethod codeBase="D:\actions-runner\_work\XPCO\XPCO\Mobile\MobileServer\MobileServerBinaries\VideoOS.Mobile.MP4Muxing.Test\bin\Debug\net472\VideoOS.Mobile.MP4Muxing.Test.dll" adapterTypeName="executor://mstestadapter/v2" className="VideoOS.Mobile.MP4Muxing.Test.FMP4Parser.Boxes.Implementations.HandlerReferenceBoxTest" name="TestHandlerReferenceBox" />
    </UnitTest>
    <UnitTest name="TestSampleFlagsPositions" storage="d:\actions-runner\_work\xpco\xpco\mobile\mobileserver\mobileserverbinaries\videoos.mobile.mp4muxing.test\bin\debug\net472\videoos.mobile.mp4muxing.test.dll" id="0d5255c6-f0e9-f182-470a-70a84931b495">
      <TestCategory>
        <TestCategoryItem TestCategory="Fast" />
      </TestCategory>
      <Execution id="fbdd01d2-c33b-45dd-9709-40f99a7f32bf" />
      <TestMethod codeBase="D:\actions-runner\_work\XPCO\XPCO\Mobile\MobileServer\MobileServerBinaries\VideoOS.Mobile.MP4Muxing.Test\bin\Debug\net472\VideoOS.Mobile.MP4Muxing.Test.dll" adapterTypeName="executor://mstestadapter/v2" className="VideoOS.Mobile.MP4Muxing.Test.FMP4Parser.Boxes.DataTypes.SampleFlagsTest" name="TestSampleFlagsPositions" />
    </UnitTest>
    <UnitTest name="TestEmulationPreventionSpsH264" storage="d:\actions-runner\_work\xpco\xpco\mobile\mobileserver\mobileserverbinaries\videoos.mobile.mp4muxing.test\bin\debug\net472\videoos.mobile.mp4muxing.test.dll" id="3ee2b4ab-d534-1d65-e8d9-ab0bf4dbda8a">
      <TestCategory>
        <TestCategoryItem TestCategory="Fast" />
      </TestCategory>
      <Execution id="c8a7717c-ce6a-4eb7-b3ca-746966cae94a" />
      <TestMethod codeBase="D:\actions-runner\_work\XPCO\XPCO\Mobile\MobileServer\MobileServerBinaries\VideoOS.Mobile.MP4Muxing.Test\bin\Debug\net472\VideoOS.Mobile.MP4Muxing.Test.dll" adapterTypeName="executor://mstestadapter/v2" className="VideoOS.Mobile.MP4Muxing.Test.VideoParser.EmulationPreventionTest" name="TestEmulationPreventionSpsH264" />
    </UnitTest>
    <UnitTest name="TestTrackFragmentDecodeTimeBox" storage="d:\actions-runner\_work\xpco\xpco\mobile\mobileserver\mobileserverbinaries\videoos.mobile.mp4muxing.test\bin\debug\net472\videoos.mobile.mp4muxing.test.dll" id="5d233ee7-2ba2-afb8-5b4d-09d376910e4f">
      <TestCategory>
        <TestCategoryItem TestCategory="Fast" />
      </TestCategory>
      <Execution id="b04cc468-6982-4e00-af8f-100e70a6b7ff" />
      <TestMethod codeBase="D:\actions-runner\_work\XPCO\XPCO\Mobile\MobileServer\MobileServerBinaries\VideoOS.Mobile.MP4Muxing.Test\bin\Debug\net472\VideoOS.Mobile.MP4Muxing.Test.dll" adapterTypeName="executor://mstestadapter/v2" className="VideoOS.Mobile.MP4Muxing.Test.FMP4Parser.Boxes.Implementations.TrackFragmentDecodeTimeBoxTests" name="TestTrackFragmentDecodeTimeBox" />
    </UnitTest>
    <UnitTest name="TestTfhdFromData2" storage="d:\actions-runner\_work\xpco\xpco\mobile\mobileserver\mobileserverbinaries\videoos.mobile.mp4muxing.test\bin\debug\net472\videoos.mobile.mp4muxing.test.dll" id="8001a15a-820f-81dd-d506-843569a1f6b6">
      <TestCategory>
        <TestCategoryItem TestCategory="Fast" />
      </TestCategory>
      <Execution id="a788a184-6ad7-4f3c-97a8-6392f293b8b5" />
      <TestMethod codeBase="D:\actions-runner\_work\XPCO\XPCO\Mobile\MobileServer\MobileServerBinaries\VideoOS.Mobile.MP4Muxing.Test\bin\Debug\net472\VideoOS.Mobile.MP4Muxing.Test.dll" adapterTypeName="executor://mstestadapter/v2" className="VideoOS.Mobile.MP4Muxing.Test.FMP4Parser.Boxes.Implementations.TrackFragmentHeaderBoxTests" name="TestTfhdFromData2" />
    </UnitTest>
    <UnitTest name="TestMfhdFromData" storage="d:\actions-runner\_work\xpco\xpco\mobile\mobileserver\mobileserverbinaries\videoos.mobile.mp4muxing.test\bin\debug\net472\videoos.mobile.mp4muxing.test.dll" id="cd58a7f2-9e26-77e2-12b5-93b8e1f0a94e">
      <TestCategory>
        <TestCategoryItem TestCategory="Fast" />
      </TestCategory>
      <Execution id="43573f1a-7ac2-4234-ae1c-412f0b3cd149" />
      <TestMethod codeBase="D:\actions-runner\_work\XPCO\XPCO\Mobile\MobileServer\MobileServerBinaries\VideoOS.Mobile.MP4Muxing.Test\bin\Debug\net472\VideoOS.Mobile.MP4Muxing.Test.dll" adapterTypeName="executor://mstestadapter/v2" className="VideoOS.Mobile.MP4Muxing.Test.FMP4Parser.Boxes.Implementations.MovieFragmentHeaderBoxTest" name="TestMfhdFromData" />
    </UnitTest>
    <UnitTest name="TestVisualSampleEntry" storage="d:\actions-runner\_work\xpco\xpco\mobile\mobileserver\mobileserverbinaries\videoos.mobile.mp4muxing.test\bin\debug\net472\videoos.mobile.mp4muxing.test.dll" id="de65d88e-83ee-497e-500c-a66b6795aa89">
      <TestCategory>
        <TestCategoryItem TestCategory="Fast" />
      </TestCategory>
      <Execution id="154e2c9e-2c9b-47b6-b285-1e1895e43645" />
      <TestMethod codeBase="D:\actions-runner\_work\XPCO\XPCO\Mobile\MobileServer\MobileServerBinaries\VideoOS.Mobile.MP4Muxing.Test\bin\Debug\net472\VideoOS.Mobile.MP4Muxing.Test.dll" adapterTypeName="executor://mstestadapter/v2" className="VideoOS.Mobile.MP4Muxing.Test.FMP4Parser.Boxes.Implementations.SampleEntries.VisualSampleEntryTest" name="TestVisualSampleEntry" />
    </UnitTest>
    <UnitTest name="TestStszFromDataNoEntry" storage="d:\actions-runner\_work\xpco\xpco\mobile\mobileserver\mobileserverbinaries\videoos.mobile.mp4muxing.test\bin\debug\net472\videoos.mobile.mp4muxing.test.dll" id="4d65d79a-b320-f65e-80c3-2c604c542370">
      <TestCategory>
        <TestCategoryItem TestCategory="Fast" />
      </TestCategory>
      <Execution id="4aa4455e-17e0-4c32-a66b-6f52a36ef430" />
      <TestMethod codeBase="D:\actions-runner\_work\XPCO\XPCO\Mobile\MobileServer\MobileServerBinaries\VideoOS.Mobile.MP4Muxing.Test\bin\Debug\net472\VideoOS.Mobile.MP4Muxing.Test.dll" adapterTypeName="executor://mstestadapter/v2" className="VideoOS.Mobile.MP4Muxing.Test.FMP4Parser.Boxes.Implementations.SampleSizeBoxTest" name="TestStszFromDataNoEntry" />
    </UnitTest>
    <UnitTest name="TestMvhdFromData" storage="d:\actions-runner\_work\xpco\xpco\mobile\mobileserver\mobileserverbinaries\videoos.mobile.mp4muxing.test\bin\debug\net472\videoos.mobile.mp4muxing.test.dll" id="7b5d5a92-0761-5868-e46f-6a56ee959a49">
      <TestCategory>
        <TestCategoryItem TestCategory="Fast" />
      </TestCategory>
      <Execution id="958d673a-3514-4627-a090-89f54702a78a" />
      <TestMethod codeBase="D:\actions-runner\_work\XPCO\XPCO\Mobile\MobileServer\MobileServerBinaries\VideoOS.Mobile.MP4Muxing.Test\bin\Debug\net472\VideoOS.Mobile.MP4Muxing.Test.dll" adapterTypeName="executor://mstestadapter/v2" className="VideoOS.Mobile.MP4Muxing.Test.FMP4Parser.Boxes.Implementations.MovieHeaderBoxTest" name="TestMvhdFromData" />
    </UnitTest>
    <UnitTest name="TestTfdtFromData" storage="d:\actions-runner\_work\xpco\xpco\mobile\mobileserver\mobileserverbinaries\videoos.mobile.mp4muxing.test\bin\debug\net472\videoos.mobile.mp4muxing.test.dll" id="f5627138-ae89-65bc-fc1a-67bb51f67d75">
      <TestCategory>
        <TestCategoryItem TestCategory="Fast" />
      </TestCategory>
      <Execution id="4593dab7-b18e-4cc2-922c-cce9b750c250" />
      <TestMethod codeBase="D:\actions-runner\_work\XPCO\XPCO\Mobile\MobileServer\MobileServerBinaries\VideoOS.Mobile.MP4Muxing.Test\bin\Debug\net472\VideoOS.Mobile.MP4Muxing.Test.dll" adapterTypeName="executor://mstestadapter/v2" className="VideoOS.Mobile.MP4Muxing.Test.FMP4Parser.Boxes.Implementations.TrackFragmentDecodeTimeBoxTests" name="TestTfdtFromData" />
    </UnitTest>
    <UnitTest name="TestVideoMediaHeaderBox" storage="d:\actions-runner\_work\xpco\xpco\mobile\mobileserver\mobileserverbinaries\videoos.mobile.mp4muxing.test\bin\debug\net472\videoos.mobile.mp4muxing.test.dll" id="21e68e3e-ffe1-163d-88d4-f1caa4190b40">
      <TestCategory>
        <TestCategoryItem TestCategory="Fast" />
      </TestCategory>
      <Execution id="4b463758-1550-492d-a788-5f0d222fb30c" />
      <TestMethod codeBase="D:\actions-runner\_work\XPCO\XPCO\Mobile\MobileServer\MobileServerBinaries\VideoOS.Mobile.MP4Muxing.Test\bin\Debug\net472\VideoOS.Mobile.MP4Muxing.Test.dll" adapterTypeName="executor://mstestadapter/v2" className="VideoOS.Mobile.MP4Muxing.Test.FMP4Parser.Boxes.Implementations.VideoMediaHeaderBoxTest" name="TestVideoMediaHeaderBox" />
    </UnitTest>
    <UnitTest name="TestHdlrFromData" storage="d:\actions-runner\_work\xpco\xpco\mobile\mobileserver\mobileserverbinaries\videoos.mobile.mp4muxing.test\bin\debug\net472\videoos.mobile.mp4muxing.test.dll" id="3de94b8e-9212-2a8f-d2be-70caa9b7ee73">
      <TestCategory>
        <TestCategoryItem TestCategory="Fast" />
      </TestCategory>
      <Execution id="fbaad91b-894a-4fa3-8952-6f4214c50c05" />
      <TestMethod codeBase="D:\actions-runner\_work\XPCO\XPCO\Mobile\MobileServer\MobileServerBinaries\VideoOS.Mobile.MP4Muxing.Test\bin\Debug\net472\VideoOS.Mobile.MP4Muxing.Test.dll" adapterTypeName="executor://mstestadapter/v2" className="VideoOS.Mobile.MP4Muxing.Test.FMP4Parser.Boxes.Implementations.HandlerReferenceBoxTest" name="TestHdlrFromData" />
    </UnitTest>
    <UnitTest name="TestH265ParamSetParserFromData" storage="d:\actions-runner\_work\xpco\xpco\mobile\mobileserver\mobileserverbinaries\videoos.mobile.mp4muxing.test\bin\debug\net472\videoos.mobile.mp4muxing.test.dll" id="2838a4c8-471f-94dd-ddfb-47a20e8a6c67">
      <TestCategory>
        <TestCategoryItem TestCategory="Fast" />
      </TestCategory>
      <Execution id="b0c8ab46-cbd2-47dd-9cee-e5f0f8a05353" />
      <TestMethod codeBase="D:\actions-runner\_work\XPCO\XPCO\Mobile\MobileServer\MobileServerBinaries\VideoOS.Mobile.MP4Muxing.Test\bin\Debug\net472\VideoOS.Mobile.MP4Muxing.Test.dll" adapterTypeName="executor://mstestadapter/v2" className="VideoOS.Mobile.MP4Muxing.Test.VideoParser.H265.H265ParamSetParserTest" name="TestH265ParamSetParserFromData" />
    </UnitTest>
    <UnitTest name="TestSpsRbspFromData" storage="d:\actions-runner\_work\xpco\xpco\mobile\mobileserver\mobileserverbinaries\videoos.mobile.mp4muxing.test\bin\debug\net472\videoos.mobile.mp4muxing.test.dll" id="7a44c677-8dea-707a-183d-11ebfc544d9f">
      <TestCategory>
        <TestCategoryItem TestCategory="Fast" />
      </TestCategory>
      <Execution id="17ba90d5-44f9-4513-aaea-5609f1b296cb" />
      <TestMethod codeBase="D:\actions-runner\_work\XPCO\XPCO\Mobile\MobileServer\MobileServerBinaries\VideoOS.Mobile.MP4Muxing.Test\bin\Debug\net472\VideoOS.Mobile.MP4Muxing.Test.dll" adapterTypeName="executor://mstestadapter/v2" className="VideoOS.Mobile.MP4Muxing.Test.VideoParser.H264.H264SpsRbspTest" name="TestSpsRbspFromData" />
    </UnitTest>
    <UnitTest name="TestStscFromDataNoEntry" storage="d:\actions-runner\_work\xpco\xpco\mobile\mobileserver\mobileserverbinaries\videoos.mobile.mp4muxing.test\bin\debug\net472\videoos.mobile.mp4muxing.test.dll" id="8a5c955e-6d1f-7db0-27bd-028a259150ad">
      <TestCategory>
        <TestCategoryItem TestCategory="Fast" />
      </TestCategory>
      <Execution id="0e3502f3-623e-4210-ad23-538bbf792af0" />
      <TestMethod codeBase="D:\actions-runner\_work\XPCO\XPCO\Mobile\MobileServer\MobileServerBinaries\VideoOS.Mobile.MP4Muxing.Test\bin\Debug\net472\VideoOS.Mobile.MP4Muxing.Test.dll" adapterTypeName="executor://mstestadapter/v2" className="VideoOS.Mobile.MP4Muxing.Test.FMP4Parser.Boxes.Implementations.SampleToChunkBoxTest" name="TestStscFromDataNoEntry" />
    </UnitTest>
    <UnitTest name="TestStszFromDataWithEntries" storage="d:\actions-runner\_work\xpco\xpco\mobile\mobileserver\mobileserverbinaries\videoos.mobile.mp4muxing.test\bin\debug\net472\videoos.mobile.mp4muxing.test.dll" id="f614f41d-973f-fee2-5584-df8787bd8d35">
      <TestCategory>
        <TestCategoryItem TestCategory="Fast" />
      </TestCategory>
      <Execution id="0a97989c-01ce-45a5-a4e1-c2f0a6f1b2bb" />
      <TestMethod codeBase="D:\actions-runner\_work\XPCO\XPCO\Mobile\MobileServer\MobileServerBinaries\VideoOS.Mobile.MP4Muxing.Test\bin\Debug\net472\VideoOS.Mobile.MP4Muxing.Test.dll" adapterTypeName="executor://mstestadapter/v2" className="VideoOS.Mobile.MP4Muxing.Test.FMP4Parser.Boxes.Implementations.SampleSizeBoxTest" name="TestStszFromDataWithEntries" />
    </UnitTest>
    <UnitTest name="TestVisualSampleEntryFromData" storage="d:\actions-runner\_work\xpco\xpco\mobile\mobileserver\mobileserverbinaries\videoos.mobile.mp4muxing.test\bin\debug\net472\videoos.mobile.mp4muxing.test.dll" id="fc6d935f-6f8c-ba48-63c4-1332d2e06895">
      <TestCategory>
        <TestCategoryItem TestCategory="Fast" />
      </TestCategory>
      <Execution id="419e6087-be7c-4f67-a7d4-d0304ed87e0c" />
      <TestMethod codeBase="D:\actions-runner\_work\XPCO\XPCO\Mobile\MobileServer\MobileServerBinaries\VideoOS.Mobile.MP4Muxing.Test\bin\Debug\net472\VideoOS.Mobile.MP4Muxing.Test.dll" adapterTypeName="executor://mstestadapter/v2" className="VideoOS.Mobile.MP4Muxing.Test.FMP4Parser.Boxes.Implementations.SampleEntries.Avc1EntryTest" name="TestVisualSampleEntryFromData" />
    </UnitTest>
    <UnitTest name="TestSpsRbspFromData2" storage="d:\actions-runner\_work\xpco\xpco\mobile\mobileserver\mobileserverbinaries\videoos.mobile.mp4muxing.test\bin\debug\net472\videoos.mobile.mp4muxing.test.dll" id="b4bb8fc7-7c57-a01a-5f66-67a72450790a">
      <TestCategory>
        <TestCategoryItem TestCategory="Fast" />
      </TestCategory>
      <Execution id="ba08208c-45f7-4139-bcfb-9007db8d2b5c" />
      <TestMethod codeBase="D:\actions-runner\_work\XPCO\XPCO\Mobile\MobileServer\MobileServerBinaries\VideoOS.Mobile.MP4Muxing.Test\bin\Debug\net472\VideoOS.Mobile.MP4Muxing.Test.dll" adapterTypeName="executor://mstestadapter/v2" className="VideoOS.Mobile.MP4Muxing.Test.VideoParser.H264.H264SpsRbspTest" name="TestSpsRbspFromData2" />
    </UnitTest>
    <UnitTest name="TestMp4FrameGroup" storage="d:\actions-runner\_work\xpco\xpco\mobile\mobileserver\mobileserverbinaries\videoos.mobile.mp4muxing.test\bin\debug\net472\videoos.mobile.mp4muxing.test.dll" id="e53d0b00-27d1-cd2f-7ed0-66877a6f66af">
      <TestCategory>
        <TestCategoryItem TestCategory="Fast" />
      </TestCategory>
      <Execution id="3ed763c1-9baf-4878-8555-ec677ae2d615" />
      <TestMethod codeBase="D:\actions-runner\_work\XPCO\XPCO\Mobile\MobileServer\MobileServerBinaries\VideoOS.Mobile.MP4Muxing.Test\bin\Debug\net472\VideoOS.Mobile.MP4Muxing.Test.dll" adapterTypeName="executor://mstestadapter/v2" className="VideoOS.Mobile.MP4Muxing.Test.FMP4Parser.Mp4FrameGroupTest" name="TestMp4FrameGroup" />
    </UnitTest>
    <UnitTest name="TestTrackFragmentHeaderBox" storage="d:\actions-runner\_work\xpco\xpco\mobile\mobileserver\mobileserverbinaries\videoos.mobile.mp4muxing.test\bin\debug\net472\videoos.mobile.mp4muxing.test.dll" id="391cb106-f24c-f83c-1330-82a45160a050">
      <TestCategory>
        <TestCategoryItem TestCategory="Fast" />
      </TestCategory>
      <Execution id="2cd73d31-7ee6-4548-8fef-15d20faa3ab1" />
      <TestMethod codeBase="D:\actions-runner\_work\XPCO\XPCO\Mobile\MobileServer\MobileServerBinaries\VideoOS.Mobile.MP4Muxing.Test\bin\Debug\net472\VideoOS.Mobile.MP4Muxing.Test.dll" adapterTypeName="executor://mstestadapter/v2" className="VideoOS.Mobile.MP4Muxing.Test.FMP4Parser.Boxes.Implementations.TrackFragmentHeaderBoxTests" name="TestTrackFragmentHeaderBox" />
    </UnitTest>
    <UnitTest name="TestStscFromDataWithEntries" storage="d:\actions-runner\_work\xpco\xpco\mobile\mobileserver\mobileserverbinaries\videoos.mobile.mp4muxing.test\bin\debug\net472\videoos.mobile.mp4muxing.test.dll" id="61ca97f7-be04-3443-491a-fb725cbef115">
      <TestCategory>
        <TestCategoryItem TestCategory="Fast" />
      </TestCategory>
      <Execution id="62dd30cc-626d-4f12-b4fb-9284b16f85f7" />
      <TestMethod codeBase="D:\actions-runner\_work\XPCO\XPCO\Mobile\MobileServer\MobileServerBinaries\VideoOS.Mobile.MP4Muxing.Test\bin\Debug\net472\VideoOS.Mobile.MP4Muxing.Test.dll" adapterTypeName="executor://mstestadapter/v2" className="VideoOS.Mobile.MP4Muxing.Test.FMP4Parser.Boxes.Implementations.SampleToChunkBoxTest" name="TestStscFromDataWithEntries" />
    </UnitTest>
    <UnitTest name="TestTrackFragmentRunBox" storage="d:\actions-runner\_work\xpco\xpco\mobile\mobileserver\mobileserverbinaries\videoos.mobile.mp4muxing.test\bin\debug\net472\videoos.mobile.mp4muxing.test.dll" id="ff857958-b5e6-841a-3e90-b683d75a84b5">
      <TestCategory>
        <TestCategoryItem TestCategory="Fast" />
      </TestCategory>
      <Execution id="509fa62e-98ca-40b2-a6b6-5fb3400560be" />
      <TestMethod codeBase="D:\actions-runner\_work\XPCO\XPCO\Mobile\MobileServer\MobileServerBinaries\VideoOS.Mobile.MP4Muxing.Test\bin\Debug\net472\VideoOS.Mobile.MP4Muxing.Test.dll" adapterTypeName="executor://mstestadapter/v2" className="VideoOS.Mobile.MP4Muxing.Test.FMP4Parser.Boxes.Implementations.TrackFragmentRunBoxTests" name="TestTrackFragmentRunBox" />
    </UnitTest>
    <UnitTest name="TestSampleFlags" storage="d:\actions-runner\_work\xpco\xpco\mobile\mobileserver\mobileserverbinaries\videoos.mobile.mp4muxing.test\bin\debug\net472\videoos.mobile.mp4muxing.test.dll" id="0f306217-30ae-f891-baf7-93471f2cd766">
      <TestCategory>
        <TestCategoryItem TestCategory="Fast" />
      </TestCategory>
      <Execution id="26ca2d34-c344-4ea9-9725-2e6b80503790" />
      <TestMethod codeBase="D:\actions-runner\_work\XPCO\XPCO\Mobile\MobileServer\MobileServerBinaries\VideoOS.Mobile.MP4Muxing.Test\bin\Debug\net472\VideoOS.Mobile.MP4Muxing.Test.dll" adapterTypeName="executor://mstestadapter/v2" className="VideoOS.Mobile.MP4Muxing.Test.FMP4Parser.Boxes.DataTypes.SampleFlagsTest" name="TestSampleFlags" />
    </UnitTest>
    <UnitTest name="TestSampleSizeBox" storage="d:\actions-runner\_work\xpco\xpco\mobile\mobileserver\mobileserverbinaries\videoos.mobile.mp4muxing.test\bin\debug\net472\videoos.mobile.mp4muxing.test.dll" id="acfbc6c0-9868-f569-1fbc-39df28668389">
      <TestCategory>
        <TestCategoryItem TestCategory="Fast" />
      </TestCategory>
      <Execution id="ae8a4145-bf1f-449b-9493-3196680bcbf7" />
      <TestMethod codeBase="D:\actions-runner\_work\XPCO\XPCO\Mobile\MobileServer\MobileServerBinaries\VideoOS.Mobile.MP4Muxing.Test\bin\Debug\net472\VideoOS.Mobile.MP4Muxing.Test.dll" adapterTypeName="executor://mstestadapter/v2" className="VideoOS.Mobile.MP4Muxing.Test.FMP4Parser.Boxes.Implementations.SampleSizeBoxTest" name="TestSampleSizeBox" />
    </UnitTest>
    <UnitTest name="TestUrlFromData" storage="d:\actions-runner\_work\xpco\xpco\mobile\mobileserver\mobileserverbinaries\videoos.mobile.mp4muxing.test\bin\debug\net472\videoos.mobile.mp4muxing.test.dll" id="6dc94b43-faab-4414-3f14-ddb5d4204cbb">
      <TestCategory>
        <TestCategoryItem TestCategory="Fast" />
      </TestCategory>
      <Execution id="748292ef-d790-4d99-8fd1-9dff71ebf77b" />
      <TestMethod codeBase="D:\actions-runner\_work\XPCO\XPCO\Mobile\MobileServer\MobileServerBinaries\VideoOS.Mobile.MP4Muxing.Test\bin\Debug\net472\VideoOS.Mobile.MP4Muxing.Test.dll" adapterTypeName="executor://mstestadapter/v2" className="VideoOS.Mobile.MP4Muxing.Test.FMP4Parser.Boxes.Implementations.DataEntryUrlBoxTest" name="TestUrlFromData" />
    </UnitTest>
    <UnitTest name="TestDecodingTimeToSampleBox" storage="d:\actions-runner\_work\xpco\xpco\mobile\mobileserver\mobileserverbinaries\videoos.mobile.mp4muxing.test\bin\debug\net472\videoos.mobile.mp4muxing.test.dll" id="0084c2d0-8c94-759d-c0d2-ce76a64e5cf6">
      <TestCategory>
        <TestCategoryItem TestCategory="Fast" />
      </TestCategory>
      <Execution id="1be6b7d9-9f4c-41ce-845d-06f2ede72428" />
      <TestMethod codeBase="D:\actions-runner\_work\XPCO\XPCO\Mobile\MobileServer\MobileServerBinaries\VideoOS.Mobile.MP4Muxing.Test\bin\Debug\net472\VideoOS.Mobile.MP4Muxing.Test.dll" adapterTypeName="executor://mstestadapter/v2" className="VideoOS.Mobile.MP4Muxing.Test.FMP4Parser.Boxes.Implementations.TimeToSampleBoxTest" name="TestDecodingTimeToSampleBox" />
    </UnitTest>
    <UnitTest name="TestDataEntryUrlBox" storage="d:\actions-runner\_work\xpco\xpco\mobile\mobileserver\mobileserverbinaries\videoos.mobile.mp4muxing.test\bin\debug\net472\videoos.mobile.mp4muxing.test.dll" id="f8e6d726-54aa-65a8-74bb-1918c27fdaa7">
      <TestCategory>
        <TestCategoryItem TestCategory="Fast" />
      </TestCategory>
      <Execution id="00d21f59-ea15-40bb-a49f-b5570f6018b1" />
      <TestMethod codeBase="D:\actions-runner\_work\XPCO\XPCO\Mobile\MobileServer\MobileServerBinaries\VideoOS.Mobile.MP4Muxing.Test\bin\Debug\net472\VideoOS.Mobile.MP4Muxing.Test.dll" adapterTypeName="executor://mstestadapter/v2" className="VideoOS.Mobile.MP4Muxing.Test.FMP4Parser.Boxes.Implementations.DataEntryUrlBoxTest" name="TestDataEntryUrlBox" />
    </UnitTest>
    <UnitTest name="TestVmhdFromData" storage="d:\actions-runner\_work\xpco\xpco\mobile\mobileserver\mobileserverbinaries\videoos.mobile.mp4muxing.test\bin\debug\net472\videoos.mobile.mp4muxing.test.dll" id="be813ed9-c50f-a66a-d465-4ead6ff074ae">
      <TestCategory>
        <TestCategoryItem TestCategory="Fast" />
      </TestCategory>
      <Execution id="46ee4e48-3ed5-4e18-8004-ea39e576fa8c" />
      <TestMethod codeBase="D:\actions-runner\_work\XPCO\XPCO\Mobile\MobileServer\MobileServerBinaries\VideoOS.Mobile.MP4Muxing.Test\bin\Debug\net472\VideoOS.Mobile.MP4Muxing.Test.dll" adapterTypeName="executor://mstestadapter/v2" className="VideoOS.Mobile.MP4Muxing.Test.FMP4Parser.Boxes.Implementations.VideoMediaHeaderBoxTest" name="TestVmhdFromData" />
    </UnitTest>
    <UnitTest name="TestGetStartOffset" storage="d:\actions-runner\_work\xpco\xpco\mobile\mobileserver\mobileserverbinaries\videoos.mobile.mp4muxing.test\bin\debug\net472\videoos.mobile.mp4muxing.test.dll" id="efdceac6-7d6d-e10d-c1e5-b796a799d01f">
      <TestCategory>
        <TestCategoryItem TestCategory="Fast" />
      </TestCategory>
      <Execution id="c909c165-fda6-49b2-8bec-e1624e7c6bae" />
      <TestMethod codeBase="D:\actions-runner\_work\XPCO\XPCO\Mobile\MobileServer\MobileServerBinaries\VideoOS.Mobile.MP4Muxing.Test\bin\Debug\net472\VideoOS.Mobile.MP4Muxing.Test.dll" adapterTypeName="executor://mstestadapter/v2" className="VideoOS.Mobile.MP4Muxing.Test.FMP4Parser.Mp4FrameHelperTest" name="TestGetStartOffset" />
    </UnitTest>
    <UnitTest name="TestHevcDecoderConfigurationBox" storage="d:\actions-runner\_work\xpco\xpco\mobile\mobileserver\mobileserverbinaries\videoos.mobile.mp4muxing.test\bin\debug\net472\videoos.mobile.mp4muxing.test.dll" id="b5fa75f5-4ed7-368a-70e4-fc5c32225b43">
      <TestCategory>
        <TestCategoryItem TestCategory="Fast" />
      </TestCategory>
      <Execution id="5a351bbf-4e9e-40bd-866d-981bcc2d3dd1" />
      <TestMethod codeBase="D:\actions-runner\_work\XPCO\XPCO\Mobile\MobileServer\MobileServerBinaries\VideoOS.Mobile.MP4Muxing.Test\bin\Debug\net472\VideoOS.Mobile.MP4Muxing.Test.dll" adapterTypeName="executor://mstestadapter/v2" className="VideoOS.Mobile.MP4Muxing.Test.FMP4Parser.Boxes.Implementations.SampleEntries.HevcDecoderConfigurationBoxTest" name="TestHevcDecoderConfigurationBox" />
    </UnitTest>
    <UnitTest name="TestMovieFragmentHeaderBox" storage="d:\actions-runner\_work\xpco\xpco\mobile\mobileserver\mobileserverbinaries\videoos.mobile.mp4muxing.test\bin\debug\net472\videoos.mobile.mp4muxing.test.dll" id="dc578b7c-9370-8bf9-ed97-1fea67f166d2">
      <TestCategory>
        <TestCategoryItem TestCategory="Fast" />
      </TestCategory>
      <Execution id="acaabe9b-c471-4409-9134-ea4b21d6a559" />
      <TestMethod codeBase="D:\actions-runner\_work\XPCO\XPCO\Mobile\MobileServer\MobileServerBinaries\VideoOS.Mobile.MP4Muxing.Test\bin\Debug\net472\VideoOS.Mobile.MP4Muxing.Test.dll" adapterTypeName="executor://mstestadapter/v2" className="VideoOS.Mobile.MP4Muxing.Test.FMP4Parser.Boxes.Implementations.MovieFragmentHeaderBoxTest" name="TestMovieFragmentHeaderBox" />
    </UnitTest>
    <UnitTest name="TestDataReferenceBox" storage="d:\actions-runner\_work\xpco\xpco\mobile\mobileserver\mobileserverbinaries\videoos.mobile.mp4muxing.test\bin\debug\net472\videoos.mobile.mp4muxing.test.dll" id="93cd52bc-f4fb-b2c0-7c06-27d461defcf5">
      <TestCategory>
        <TestCategoryItem TestCategory="Fast" />
      </TestCategory>
      <Execution id="b3b0fba3-38a4-47e6-ae81-94a557a1c6be" />
      <TestMethod codeBase="D:\actions-runner\_work\XPCO\XPCO\Mobile\MobileServer\MobileServerBinaries\VideoOS.Mobile.MP4Muxing.Test\bin\Debug\net472\VideoOS.Mobile.MP4Muxing.Test.dll" adapterTypeName="executor://mstestadapter/v2" className="VideoOS.Mobile.MP4Muxing.Test.FMP4Parser.Boxes.Implementations.DataReferenceBoxTest" name="TestDataReferenceBox" />
    </UnitTest>
    <UnitTest name="TestAvcDecoderConfigurationBoxFromData" storage="d:\actions-runner\_work\xpco\xpco\mobile\mobileserver\mobileserverbinaries\videoos.mobile.mp4muxing.test\bin\debug\net472\videoos.mobile.mp4muxing.test.dll" id="4549f72f-ae13-305a-2ebd-270434f773f2">
      <TestCategory>
        <TestCategoryItem TestCategory="Fast" />
      </TestCategory>
      <Execution id="32dc28c1-543a-4d5d-b785-15457abcc133" />
      <TestMethod codeBase="D:\actions-runner\_work\XPCO\XPCO\Mobile\MobileServer\MobileServerBinaries\VideoOS.Mobile.MP4Muxing.Test\bin\Debug\net472\VideoOS.Mobile.MP4Muxing.Test.dll" adapterTypeName="executor://mstestadapter/v2" className="VideoOS.Mobile.MP4Muxing.Test.FMP4Parser.Boxes.Implementations.SampleEntries.AvcDecoderConfigurationBoxTest" name="TestAvcDecoderConfigurationBoxFromData" />
    </UnitTest>
    <UnitTest name="TestMediaDataBox" storage="d:\actions-runner\_work\xpco\xpco\mobile\mobileserver\mobileserverbinaries\videoos.mobile.mp4muxing.test\bin\debug\net472\videoos.mobile.mp4muxing.test.dll" id="8c821a5c-085a-0f81-ca22-bc98d78b6612">
      <TestCategory>
        <TestCategoryItem TestCategory="Fast" />
      </TestCategory>
      <Execution id="d4b4dc66-d9b3-4bcd-acc9-4bc5c1863614" />
      <TestMethod codeBase="D:\actions-runner\_work\XPCO\XPCO\Mobile\MobileServer\MobileServerBinaries\VideoOS.Mobile.MP4Muxing.Test\bin\Debug\net472\VideoOS.Mobile.MP4Muxing.Test.dll" adapterTypeName="executor://mstestadapter/v2" className="VideoOS.Mobile.MP4Muxing.Test.FMP4Parser.Boxes.Implementations.MediaDataBoxTests" name="TestMediaDataBox" />
    </UnitTest>
    <UnitTest name="TestDrefFromData" storage="d:\actions-runner\_work\xpco\xpco\mobile\mobileserver\mobileserverbinaries\videoos.mobile.mp4muxing.test\bin\debug\net472\videoos.mobile.mp4muxing.test.dll" id="b63eb6f6-ad89-8fd4-5f2e-80fd4e6c9b5d">
      <TestCategory>
        <TestCategoryItem TestCategory="Fast" />
      </TestCategory>
      <Execution id="3e5dea57-1a10-44b0-a3fc-45a4245a2e46" />
      <TestMethod codeBase="D:\actions-runner\_work\XPCO\XPCO\Mobile\MobileServer\MobileServerBinaries\VideoOS.Mobile.MP4Muxing.Test\bin\Debug\net472\VideoOS.Mobile.MP4Muxing.Test.dll" adapterTypeName="executor://mstestadapter/v2" className="VideoOS.Mobile.MP4Muxing.Test.FMP4Parser.Boxes.Implementations.DataReferenceBoxTest" name="TestDrefFromData" />
    </UnitTest>
    <UnitTest name="TestFileTypeBox" storage="d:\actions-runner\_work\xpco\xpco\mobile\mobileserver\mobileserverbinaries\videoos.mobile.mp4muxing.test\bin\debug\net472\videoos.mobile.mp4muxing.test.dll" id="810691b2-387b-dba3-af58-9f0cf46c2bff">
      <TestCategory>
        <TestCategoryItem TestCategory="Fast" />
      </TestCategory>
      <Execution id="de12db89-083c-4dad-8375-37f7aa30f455" />
      <TestMethod codeBase="D:\actions-runner\_work\XPCO\XPCO\Mobile\MobileServer\MobileServerBinaries\VideoOS.Mobile.MP4Muxing.Test\bin\Debug\net472\VideoOS.Mobile.MP4Muxing.Test.dll" adapterTypeName="executor://mstestadapter/v2" className="VideoOS.Mobile.MP4Muxing.Test.FMP4Parser.Boxes.Implementations.FileTypeBoxTest" name="TestFileTypeBox" />
    </UnitTest>
    <UnitTest name="TestSttsFromDataWithEntries" storage="d:\actions-runner\_work\xpco\xpco\mobile\mobileserver\mobileserverbinaries\videoos.mobile.mp4muxing.test\bin\debug\net472\videoos.mobile.mp4muxing.test.dll" id="125b49af-5959-23c3-e0a5-7f54cd2d345e">
      <TestCategory>
        <TestCategoryItem TestCategory="Fast" />
      </TestCategory>
      <Execution id="e579c1a8-6347-4a98-a70c-5bff66af03e7" />
      <TestMethod codeBase="D:\actions-runner\_work\XPCO\XPCO\Mobile\MobileServer\MobileServerBinaries\VideoOS.Mobile.MP4Muxing.Test\bin\Debug\net472\VideoOS.Mobile.MP4Muxing.Test.dll" adapterTypeName="executor://mstestadapter/v2" className="VideoOS.Mobile.MP4Muxing.Test.FMP4Parser.Boxes.Implementations.TimeToSampleBoxTest" name="TestSttsFromDataWithEntries" />
    </UnitTest>
    <UnitTest name="TestSttsFromDataNoEntry" storage="d:\actions-runner\_work\xpco\xpco\mobile\mobileserver\mobileserverbinaries\videoos.mobile.mp4muxing.test\bin\debug\net472\videoos.mobile.mp4muxing.test.dll" id="28d548d0-9fb0-0784-e14e-40893b744ecd">
      <TestCategory>
        <TestCategoryItem TestCategory="Fast" />
      </TestCategory>
      <Execution id="fe3849ec-410a-4880-8b7a-bc8221c065aa" />
      <TestMethod codeBase="D:\actions-runner\_work\XPCO\XPCO\Mobile\MobileServer\MobileServerBinaries\VideoOS.Mobile.MP4Muxing.Test\bin\Debug\net472\VideoOS.Mobile.MP4Muxing.Test.dll" adapterTypeName="executor://mstestadapter/v2" className="VideoOS.Mobile.MP4Muxing.Test.FMP4Parser.Boxes.Implementations.TimeToSampleBoxTest" name="TestSttsFromDataNoEntry" />
    </UnitTest>
    <UnitTest name="TestMfraWithTfraAndMfro" storage="d:\actions-runner\_work\xpco\xpco\mobile\mobileserver\mobileserverbinaries\videoos.mobile.mp4muxing.test\bin\debug\net472\videoos.mobile.mp4muxing.test.dll" id="594b84b3-cf27-5878-453c-66bd78f05ad3">
      <TestCategory>
        <TestCategoryItem TestCategory="Fast" />
      </TestCategory>
      <Execution id="fc2b4d89-6807-4c55-9ba8-38bbee3efa0d" />
      <TestMethod codeBase="D:\actions-runner\_work\XPCO\XPCO\Mobile\MobileServer\MobileServerBinaries\VideoOS.Mobile.MP4Muxing.Test\bin\Debug\net472\VideoOS.Mobile.MP4Muxing.Test.dll" adapterTypeName="executor://mstestadapter/v2" className="VideoOS.Mobile.MP4Muxing.Test.FMP4Parser.Boxes.BoxTests" name="TestMfraWithTfraAndMfro" />
    </UnitTest>
    <UnitTest name="TestMediaHeaderBox" storage="d:\actions-runner\_work\xpco\xpco\mobile\mobileserver\mobileserverbinaries\videoos.mobile.mp4muxing.test\bin\debug\net472\videoos.mobile.mp4muxing.test.dll" id="aeeb62b1-211b-ac2c-278c-5ad7be97e2d5">
      <TestCategory>
        <TestCategoryItem TestCategory="Fast" />
      </TestCategory>
      <Execution id="1b3c7a55-8e67-462d-a369-6cbb49a028f4" />
      <TestMethod codeBase="D:\actions-runner\_work\XPCO\XPCO\Mobile\MobileServer\MobileServerBinaries\VideoOS.Mobile.MP4Muxing.Test\bin\Debug\net472\VideoOS.Mobile.MP4Muxing.Test.dll" adapterTypeName="executor://mstestadapter/v2" className="VideoOS.Mobile.MP4Muxing.Test.FMP4Parser.Boxes.Implementations.MediaHeaderBoxTest" name="TestMediaHeaderBox" />
    </UnitTest>
    <UnitTest name="TestSampleEntryFromData" storage="d:\actions-runner\_work\xpco\xpco\mobile\mobileserver\mobileserverbinaries\videoos.mobile.mp4muxing.test\bin\debug\net472\videoos.mobile.mp4muxing.test.dll" id="e779255f-92d6-17a6-359a-db8b5c8847fe">
      <TestCategory>
        <TestCategoryItem TestCategory="Fast" />
      </TestCategory>
      <Execution id="c8d40b0b-48dc-45f6-b0f2-7b7c6697e437" />
      <TestMethod codeBase="D:\actions-runner\_work\XPCO\XPCO\Mobile\MobileServer\MobileServerBinaries\VideoOS.Mobile.MP4Muxing.Test\bin\Debug\net472\VideoOS.Mobile.MP4Muxing.Test.dll" adapterTypeName="executor://mstestadapter/v2" className="VideoOS.Mobile.MP4Muxing.Test.FMP4Parser.Boxes.Implementations.SampleEntries.SampleEntryTest" name="TestSampleEntryFromData" />
    </UnitTest>
    <UnitTest name="TestStcoFromDataWithEntries" storage="d:\actions-runner\_work\xpco\xpco\mobile\mobileserver\mobileserverbinaries\videoos.mobile.mp4muxing.test\bin\debug\net472\videoos.mobile.mp4muxing.test.dll" id="5456d9ae-aea3-ffe4-54e5-1302580aa70a">
      <TestCategory>
        <TestCategoryItem TestCategory="Fast" />
      </TestCategory>
      <Execution id="780f0c63-6ce0-4729-9641-e1b4c8e34eae" />
      <TestMethod codeBase="D:\actions-runner\_work\XPCO\XPCO\Mobile\MobileServer\MobileServerBinaries\VideoOS.Mobile.MP4Muxing.Test\bin\Debug\net472\VideoOS.Mobile.MP4Muxing.Test.dll" adapterTypeName="executor://mstestadapter/v2" className="VideoOS.Mobile.MP4Muxing.Test.FMP4Parser.Boxes.Implementations.ChunkOffsetBoxTest" name="TestStcoFromDataWithEntries" />
    </UnitTest>
    <UnitTest name="TestTkhdFromData" storage="d:\actions-runner\_work\xpco\xpco\mobile\mobileserver\mobileserverbinaries\videoos.mobile.mp4muxing.test\bin\debug\net472\videoos.mobile.mp4muxing.test.dll" id="ad3499af-9d7b-70f3-034a-c8d1d2ea8381">
      <TestCategory>
        <TestCategoryItem TestCategory="Fast" />
      </TestCategory>
      <Execution id="71c11c90-b351-41b1-a4be-e385277153c9" />
      <TestMethod codeBase="D:\actions-runner\_work\XPCO\XPCO\Mobile\MobileServer\MobileServerBinaries\VideoOS.Mobile.MP4Muxing.Test\bin\Debug\net472\VideoOS.Mobile.MP4Muxing.Test.dll" adapterTypeName="executor://mstestadapter/v2" className="VideoOS.Mobile.MP4Muxing.Test.FMP4Parser.Boxes.Implementations.TrackHeaderBoxTest" name="TestTkhdFromData" />
    </UnitTest>
    <UnitTest name="TestAvc1Entry" storage="d:\actions-runner\_work\xpco\xpco\mobile\mobileserver\mobileserverbinaries\videoos.mobile.mp4muxing.test\bin\debug\net472\videoos.mobile.mp4muxing.test.dll" id="b74cf043-c9be-0cbf-0bdd-4b9b9422d233">
      <TestCategory>
        <TestCategoryItem TestCategory="Fast" />
      </TestCategory>
      <Execution id="a0ca1490-ab53-4c33-b4b9-c44a69faed41" />
      <TestMethod codeBase="D:\actions-runner\_work\XPCO\XPCO\Mobile\MobileServer\MobileServerBinaries\VideoOS.Mobile.MP4Muxing.Test\bin\Debug\net472\VideoOS.Mobile.MP4Muxing.Test.dll" adapterTypeName="executor://mstestadapter/v2" className="VideoOS.Mobile.MP4Muxing.Test.FMP4Parser.Boxes.Implementations.SampleEntries.Avc1EntryTest" name="TestAvc1Entry" />
    </UnitTest>
  </TestDefinitions>
  <TestEntries>
    <TestEntry testId="ff857958-b5e6-841a-3e90-b683d75a84b5" executionId="509fa62e-98ca-40b2-a6b6-5fb3400560be" testListId="8c84fa94-04c1-424b-9868-57a2d4851a1d" />
    <TestEntry testId="650f456a-bc6a-c3f6-2dc1-94b750ad48bd" executionId="3c9fd1dc-6392-4cbd-8541-79a58bbdd5a9" testListId="8c84fa94-04c1-424b-9868-57a2d4851a1d" />
    <TestEntry testId="8c821a5c-085a-0f81-ca22-bc98d78b6612" executionId="d4b4dc66-d9b3-4bcd-acc9-4bc5c1863614" testListId="8c84fa94-04c1-424b-9868-57a2d4851a1d" />
    <TestEntry testId="93cd52bc-f4fb-b2c0-7c06-27d461defcf5" executionId="b3b0fba3-38a4-47e6-ae81-94a557a1c6be" testListId="8c84fa94-04c1-424b-9868-57a2d4851a1d" />
    <TestEntry testId="0f306217-30ae-f891-baf7-93471f2cd766" executionId="26ca2d34-c344-4ea9-9725-2e6b80503790" testListId="8c84fa94-04c1-424b-9868-57a2d4851a1d" />
    <TestEntry testId="acfbc6c0-9868-f569-1fbc-39df28668389" executionId="ae8a4145-bf1f-449b-9493-3196680bcbf7" testListId="8c84fa94-04c1-424b-9868-57a2d4851a1d" />
    <TestEntry testId="cd58a7f2-9e26-77e2-12b5-93b8e1f0a94e" executionId="43573f1a-7ac2-4234-ae1c-412f0b3cd149" testListId="8c84fa94-04c1-424b-9868-57a2d4851a1d" />
    <TestEntry testId="47027e6a-9f9f-751f-10b6-8050611a4b29" executionId="7340a1bd-e5b8-4ec2-b2fe-4d2a7d808189" testListId="8c84fa94-04c1-424b-9868-57a2d4851a1d" />
    <TestEntry testId="fe3ee906-a9a2-133c-e8ab-109607737a9e" executionId="3a5e9884-4bc7-41e7-86b7-be8fd5d1d52f" testListId="8c84fa94-04c1-424b-9868-57a2d4851a1d" />
    <TestEntry testId="63e0b709-2451-e247-2be8-3dc2bf765780" executionId="03585358-8ac5-4096-a3db-52b492fbe9d2" testListId="8c84fa94-04c1-424b-9868-57a2d4851a1d" />
    <TestEntry testId="2838a4c8-471f-94dd-ddfb-47a20e8a6c67" executionId="b0c8ab46-cbd2-47dd-9cee-e5f0f8a05353" testListId="8c84fa94-04c1-424b-9868-57a2d4851a1d" />
    <TestEntry testId="f3e0c3a1-c4ca-62a4-1173-18b1bc615219" executionId="6c3a9bb8-2fce-4d25-a3db-8440f450d14c" testListId="8c84fa94-04c1-424b-9868-57a2d4851a1d" />
    <TestEntry testId="4d65d79a-b320-f65e-80c3-2c604c542370" executionId="4aa4455e-17e0-4c32-a66b-6f52a36ef430" testListId="8c84fa94-04c1-424b-9868-57a2d4851a1d" />
    <TestEntry testId="810691b2-387b-dba3-af58-9f0cf46c2bff" executionId="de12db89-083c-4dad-8375-37f7aa30f455" testListId="8c84fa94-04c1-424b-9868-57a2d4851a1d" />
    <TestEntry testId="e779255f-92d6-17a6-359a-db8b5c8847fe" executionId="c8d40b0b-48dc-45f6-b0f2-7b7c6697e437" testListId="8c84fa94-04c1-424b-9868-57a2d4851a1d" />
    <TestEntry testId="93c58bd5-ed5f-3c0c-5424-d1fa24ab28a1" executionId="9798a28b-a3f6-4741-a145-d8d50860e49a" testListId="8c84fa94-04c1-424b-9868-57a2d4851a1d" />
    <TestEntry testId="3650644e-0de5-48c9-1e2f-f95983c94aa0" executionId="b669208c-c160-475a-8331-8163ff040922" testListId="8c84fa94-04c1-424b-9868-57a2d4851a1d" />
    <TestEntry testId="8001a15a-820f-81dd-d506-843569a1f6b6" executionId="a788a184-6ad7-4f3c-97a8-6392f293b8b5" testListId="8c84fa94-04c1-424b-9868-57a2d4851a1d" />
    <TestEntry testId="4549f72f-ae13-305a-2ebd-270434f773f2" executionId="32dc28c1-543a-4d5d-b785-15457abcc133" testListId="8c84fa94-04c1-424b-9868-57a2d4851a1d" />
    <TestEntry testId="fe2c4d90-3795-10b7-98e4-4d6315c32f79" executionId="705fb64a-c19e-4343-a6b5-81963de1937e" testListId="8c84fa94-04c1-424b-9868-57a2d4851a1d" />
    <TestEntry testId="ac79dddb-9bb9-d296-7221-42a7b5ee7164" executionId="5fbc421d-b095-457b-97a5-fa99174feca5" testListId="8c84fa94-04c1-424b-9868-57a2d4851a1d" />
    <TestEntry testId="0084c2d0-8c94-759d-c0d2-ce76a64e5cf6" executionId="1be6b7d9-9f4c-41ce-845d-06f2ede72428" testListId="8c84fa94-04c1-424b-9868-57a2d4851a1d" />
    <TestEntry testId="3de94b8e-9212-2a8f-d2be-70caa9b7ee73" executionId="fbaad91b-894a-4fa3-8952-6f4214c50c05" testListId="8c84fa94-04c1-424b-9868-57a2d4851a1d" />
    <TestEntry testId="b4bb8fc7-7c57-a01a-5f66-67a72450790a" executionId="ba08208c-45f7-4139-bcfb-9007db8d2b5c" testListId="8c84fa94-04c1-424b-9868-57a2d4851a1d" />
    <TestEntry testId="7e845399-30bb-8a04-da30-5245a41270f0" executionId="b496416c-a271-44b2-8079-39ad75814eb9" testListId="8c84fa94-04c1-424b-9868-57a2d4851a1d" />
    <TestEntry testId="7a44c677-8dea-707a-183d-11ebfc544d9f" executionId="17ba90d5-44f9-4513-aaea-5609f1b296cb" testListId="8c84fa94-04c1-424b-9868-57a2d4851a1d" />
    <TestEntry testId="18e1293f-acff-99ff-d357-301b4f48ab4f" executionId="237605a2-4c7a-4e67-b916-f574abd5ad82" testListId="8c84fa94-04c1-424b-9868-57a2d4851a1d" />
    <TestEntry testId="aeeb62b1-211b-ac2c-278c-5ad7be97e2d5" executionId="1b3c7a55-8e67-462d-a369-6cbb49a028f4" testListId="8c84fa94-04c1-424b-9868-57a2d4851a1d" />
    <TestEntry testId="5d233ee7-2ba2-afb8-5b4d-09d376910e4f" executionId="b04cc468-6982-4e00-af8f-100e70a6b7ff" testListId="8c84fa94-04c1-424b-9868-57a2d4851a1d" />
    <TestEntry testId="8a5c955e-6d1f-7db0-27bd-028a259150ad" executionId="0e3502f3-623e-4210-ad23-538bbf792af0" testListId="8c84fa94-04c1-424b-9868-57a2d4851a1d" />
    <TestEntry testId="88315b65-80a1-2ca6-f1a4-780a0156556d" executionId="0144182d-952e-46be-849b-f3cd210a49e9" testListId="8c84fa94-04c1-424b-9868-57a2d4851a1d" />
    <TestEntry testId="21e68e3e-ffe1-163d-88d4-f1caa4190b40" executionId="4b463758-1550-492d-a788-5f0d222fb30c" testListId="8c84fa94-04c1-424b-9868-57a2d4851a1d" />
    <TestEntry testId="3366f3d8-1381-8310-4199-f585ac7f8670" executionId="d6d97d2b-67d4-4460-93cc-a42adc0e4c70" testListId="8c84fa94-04c1-424b-9868-57a2d4851a1d" />
    <TestEntry testId="de65d88e-83ee-497e-500c-a66b6795aa89" executionId="154e2c9e-2c9b-47b6-b285-1e1895e43645" testListId="8c84fa94-04c1-424b-9868-57a2d4851a1d" />
    <TestEntry testId="b74cf043-c9be-0cbf-0bdd-4b9b9422d233" executionId="a0ca1490-ab53-4c33-b4b9-c44a69faed41" testListId="8c84fa94-04c1-424b-9868-57a2d4851a1d" />
    <TestEntry testId="29f8a31a-a9bf-8120-612e-56a2664527cb" executionId="dad9b430-8993-44dd-bef3-f2bb833273d6" testListId="8c84fa94-04c1-424b-9868-57a2d4851a1d" />
    <TestEntry testId="e49c7aac-00ef-4767-a559-081cab16f1af" executionId="fe15dce0-74af-4f0c-be58-c0b66ae8f45f" testListId="8c84fa94-04c1-424b-9868-57a2d4851a1d" />
    <TestEntry testId="dc578b7c-9370-8bf9-ed97-1fea67f166d2" executionId="acaabe9b-c471-4409-9134-ea4b21d6a559" testListId="8c84fa94-04c1-424b-9868-57a2d4851a1d" />
    <TestEntry testId="1128ee4e-0642-4c72-84a0-c0f57591b6ac" executionId="1f2d21a4-8017-4d0c-b83a-2af58a735bd8" testListId="8c84fa94-04c1-424b-9868-57a2d4851a1d" />
    <TestEntry testId="125b49af-5959-23c3-e0a5-7f54cd2d345e" executionId="e579c1a8-6347-4a98-a70c-5bff66af03e7" testListId="8c84fa94-04c1-424b-9868-57a2d4851a1d" />
    <TestEntry testId="70e8428e-3307-4e28-1ea9-e9c75d781d45" executionId="436d688b-f372-45d2-9ba1-ea9f36ec799c" testListId="8c84fa94-04c1-424b-9868-57a2d4851a1d" />
    <TestEntry testId="0d5255c6-f0e9-f182-470a-70a84931b495" executionId="fbdd01d2-c33b-45dd-9709-40f99a7f32bf" testListId="8c84fa94-04c1-424b-9868-57a2d4851a1d" />
    <TestEntry testId="594b84b3-cf27-5878-453c-66bd78f05ad3" executionId="fc2b4d89-6807-4c55-9ba8-38bbee3efa0d" testListId="8c84fa94-04c1-424b-9868-57a2d4851a1d" />
    <TestEntry testId="f5627138-ae89-65bc-fc1a-67bb51f67d75" executionId="4593dab7-b18e-4cc2-922c-cce9b750c250" testListId="8c84fa94-04c1-424b-9868-57a2d4851a1d" />
    <TestEntry testId="3ee2b4ab-d534-1d65-e8d9-ab0bf4dbda8a" executionId="c8a7717c-ce6a-4eb7-b3ca-746966cae94a" testListId="8c84fa94-04c1-424b-9868-57a2d4851a1d" />
    <TestEntry testId="3b7446bf-8ea7-da7b-7aa6-659c431dc10d" executionId="1c2fc6fd-ebc4-4cda-a4be-ec04db64a8ec" testListId="8c84fa94-04c1-424b-9868-57a2d4851a1d" />
    <TestEntry testId="a5cc4c8f-2da6-4fe7-1496-730b009f2561" executionId="facd88be-1674-42f3-9c1d-07343d2613bd" testListId="8c84fa94-04c1-424b-9868-57a2d4851a1d" />
    <TestEntry testId="fc6d935f-6f8c-ba48-63c4-1332d2e06895" executionId="419e6087-be7c-4f67-a7d4-d0304ed87e0c" testListId="8c84fa94-04c1-424b-9868-57a2d4851a1d" />
    <TestEntry testId="ad3499af-9d7b-70f3-034a-c8d1d2ea8381" executionId="71c11c90-b351-41b1-a4be-e385277153c9" testListId="8c84fa94-04c1-424b-9868-57a2d4851a1d" />
    <TestEntry testId="9588a3b4-c9cc-cee7-3d3e-64be4fdfaa01" executionId="d3250eb8-82a6-41b9-8879-7e356556db94" testListId="8c84fa94-04c1-424b-9868-57a2d4851a1d" />
    <TestEntry testId="f8e6d726-54aa-65a8-74bb-1918c27fdaa7" executionId="00d21f59-ea15-40bb-a49f-b5570f6018b1" testListId="8c84fa94-04c1-424b-9868-57a2d4851a1d" />
    <TestEntry testId="e53d0b00-27d1-cd2f-7ed0-66877a6f66af" executionId="3ed763c1-9baf-4878-8555-ec677ae2d615" testListId="8c84fa94-04c1-424b-9868-57a2d4851a1d" />
    <TestEntry testId="f614f41d-973f-fee2-5584-df8787bd8d35" executionId="0a97989c-01ce-45a5-a4e1-c2f0a6f1b2bb" testListId="8c84fa94-04c1-424b-9868-57a2d4851a1d" />
    <TestEntry testId="7b5d5a92-0761-5868-e46f-6a56ee959a49" executionId="958d673a-3514-4627-a090-89f54702a78a" testListId="8c84fa94-04c1-424b-9868-57a2d4851a1d" />
    <TestEntry testId="391cb106-f24c-f83c-1330-82a45160a050" executionId="2cd73d31-7ee6-4548-8fef-15d20faa3ab1" testListId="8c84fa94-04c1-424b-9868-57a2d4851a1d" />
    <TestEntry testId="b5fa75f5-4ed7-368a-70e4-fc5c32225b43" executionId="5a351bbf-4e9e-40bd-866d-981bcc2d3dd1" testListId="8c84fa94-04c1-424b-9868-57a2d4851a1d" />
    <TestEntry testId="efdceac6-7d6d-e10d-c1e5-b796a799d01f" executionId="c909c165-fda6-49b2-8bec-e1624e7c6bae" testListId="8c84fa94-04c1-424b-9868-57a2d4851a1d" />
    <TestEntry testId="cffc6fa6-b42f-a666-61d3-bbd34bff5acf" executionId="6db48f8e-2d48-40b0-b1a0-428cee468673" testListId="8c84fa94-04c1-424b-9868-57a2d4851a1d" />
    <TestEntry testId="61ca97f7-be04-3443-491a-fb725cbef115" executionId="62dd30cc-626d-4f12-b4fb-9284b16f85f7" testListId="8c84fa94-04c1-424b-9868-57a2d4851a1d" />
    <TestEntry testId="be813ed9-c50f-a66a-d465-4ead6ff074ae" executionId="46ee4e48-3ed5-4e18-8004-ea39e576fa8c" testListId="8c84fa94-04c1-424b-9868-57a2d4851a1d" />
    <TestEntry testId="8d4f5a14-b4cc-7388-2ce2-805160489936" executionId="19ba422e-23e4-4a33-a1d9-13185f4922af" testListId="8c84fa94-04c1-424b-9868-57a2d4851a1d" />
    <TestEntry testId="6dc94b43-faab-4414-3f14-ddb5d4204cbb" executionId="748292ef-d790-4d99-8fd1-9dff71ebf77b" testListId="8c84fa94-04c1-424b-9868-57a2d4851a1d" />
    <TestEntry testId="28d548d0-9fb0-0784-e14e-40893b744ecd" executionId="fe3849ec-410a-4880-8b7a-bc8221c065aa" testListId="8c84fa94-04c1-424b-9868-57a2d4851a1d" />
    <TestEntry testId="33a9e29a-913b-3a0d-8046-16f1810d593a" executionId="6239b988-3b1d-415a-8f6b-71ec21c96701" testListId="8c84fa94-04c1-424b-9868-57a2d4851a1d" />
    <TestEntry testId="5456d9ae-aea3-ffe4-54e5-1302580aa70a" executionId="780f0c63-6ce0-4729-9641-e1b4c8e34eae" testListId="8c84fa94-04c1-424b-9868-57a2d4851a1d" />
    <TestEntry testId="b63eb6f6-ad89-8fd4-5f2e-80fd4e6c9b5d" executionId="3e5dea57-1a10-44b0-a3fc-45a4245a2e46" testListId="8c84fa94-04c1-424b-9868-57a2d4851a1d" />
    <TestEntry testId="afbbc307-9296-31b8-8ad8-58f298c1b858" executionId="f18aa4ae-b5c0-4c92-8304-fd9a1dcdf843" testListId="8c84fa94-04c1-424b-9868-57a2d4851a1d" />
  </TestEntries>
  <TestLists>
    <TestList name="Results Not in a List" id="8c84fa94-04c1-424b-9868-57a2d4851a1d" />
    <TestList name="All Loaded Results" id="19431567-8539-422a-85d7-44ee4e166bda" />
  </TestLists>
  <ResultSummary outcome="Completed">
    <Counters total="67" executed="67" passed="67" failed="0" error="0" timeout="0" aborted="0" inconclusive="0" passedButRunAborted="0" notRunnable="0" notExecuted="0" disconnected="0" warning="0" completed="0" inProgress="0" pending="0" />
  </ResultSummary>
</TestRun>