<?xml version="1.0" encoding="utf-8"?>
<TestRun id="44d7775e-906b-415a-a7d1-a6907ace821e" name="DKSR-EFI-04$@DKSR-EFI-04 2023-12-22 09:34:58" runUser="NT AUTHORITY\NETWORK SERVICE" xmlns="http://microsoft.com/schemas/VisualStudio/TeamTest/2010">
  <Times creation="2023-12-22T09:34:58.9129306+01:00" queuing="2023-12-22T09:34:58.9129306+01:00" start="2023-12-22T09:34:52.9285271+01:00" finish="2023-12-22T09:35:03.1785797+01:00" />
  <TestSettings name="default" id="acb1b517-097d-4545-9d34-c5f3cbee98e5">
    <Deployment runDeploymentRoot="DKSR-EFI-04$_DKSR-EFI-04_2023-12-22_09_34_58" />
  </TestSettings>
  <Results>
    <UnitTestResult executionId="7dac4795-a814-4fc0-876c-9f50efb591db" testId="74a54032-be3b-061d-3de0-65bf2e59d945" testName="Given_SilentModeWithSystemPasswordModePasswordConsistentAndAnInvalidPasswordIsProvided_When_BeforeLeavePage_Then_ThePasswordIsIgnoredAndItReturnsTrue" computerName="DKSR-EFI-04" duration="00:00:00.0034130" startTime="2023-12-22T09:34:58.9754326+01:00" endTime="2023-12-22T09:34:58.9910566+01:00" testType="13cdc9d9-ddb5-4fa4-a97d-d965ccfc6d4b" outcome="Passed" testListId="8c84fa94-04c1-424b-9868-57a2d4851a1d" relativeResultsDirectory="7dac4795-a814-4fc0-876c-9f50efb591db" />
    <UnitTestResult executionId="661add08-4241-4a2c-aeaa-9296c2daa3e4" testId="8d01e33d-7c0a-637b-36ca-20cf3854ef6b" testName="Given_SilentModeNoPasswordIsProvidedUserHasChosenToOverwriteDatabase_When_BeforeLeavePage_Then_NoPasswordProtectionIsAccepted" computerName="DKSR-EFI-04" duration="00:00:00.0043807" startTime="2023-12-22T09:34:58.9910566+01:00" endTime="2023-12-22T09:34:59.0066818+01:00" testType="13cdc9d9-ddb5-4fa4-a97d-d965ccfc6d4b" outcome="Passed" testListId="8c84fa94-04c1-424b-9868-57a2d4851a1d" relativeResultsDirectory="661add08-4241-4a2c-aeaa-9296c2daa3e4" />
    <UnitTestResult executionId="a34362ad-f582-4d66-9edd-cc281fe95293" testId="608d2485-dd70-5a3c-a123-fd21c1573a63" testName="Given_ViewModelInCreateNewPasswordModeDoNotUsePasswordContainsEmptyPasswords_When_BeforeContinue_EmptyPasswordIsAcceptedAndItReturnsTrue" computerName="DKSR-EFI-04" duration="00:00:00.0407430" startTime="2023-12-22T09:35:02.1629474+01:00" endTime="2023-12-22T09:35:02.2098233+01:00" testType="13cdc9d9-ddb5-4fa4-a97d-d965ccfc6d4b" outcome="Passed" testListId="8c84fa94-04c1-424b-9868-57a2d4851a1d" relativeResultsDirectory="a34362ad-f582-4d66-9edd-cc281fe95293" />
    <UnitTestResult executionId="4d616930-8d41-4b98-9d00-ea3adc075cd8" testId="dfe69632-5d5c-fd7b-f8a7-369c576ca91d" testName="Given_SilentModeWithSystemPasswordModeEnterExistingPasswordAndAnInvalidPasswordIsProvided_When_BeforeLeavePage_Then_UnauthorizedExceptionIsThrown" computerName="DKSR-EFI-04" duration="00:00:00.0043223" startTime="2023-12-22T09:34:58.9598066+01:00" endTime="2023-12-22T09:34:58.9598066+01:00" testType="13cdc9d9-ddb5-4fa4-a97d-d965ccfc6d4b" outcome="Passed" testListId="8c84fa94-04c1-424b-9868-57a2d4851a1d" relativeResultsDirectory="4d616930-8d41-4b98-9d00-ea3adc075cd8" />
    <UnitTestResult executionId="b36dc1b7-2407-49b4-843e-4100cb2d22b1" testId="5335b4ef-ccaa-ccda-a10d-fe1968a43f7c" testName="Given_SilentModeWithSystemPasswordModeCreateNewPasswordAndAWeakPasswordIsProvided_When_BeforeLeavePage_Then_UnauthorizedExceptionIsThrown" computerName="DKSR-EFI-04" duration="00:00:00.0062389" startTime="2023-12-22T09:34:58.8973086+01:00" endTime="2023-12-22T09:34:58.8973086+01:00" testType="13cdc9d9-ddb5-4fa4-a97d-d965ccfc6d4b" outcome="Passed" testListId="8c84fa94-04c1-424b-9868-57a2d4851a1d" relativeResultsDirectory="b36dc1b7-2407-49b4-843e-4100cb2d22b1" />
    <UnitTestResult executionId="2680be36-5f69-4337-a3df-df9724d72001" testId="12baaac6-e5a8-c9cd-487d-b6713b8989b3" testName="Given_NoKeyIsPresentInDataBaseAndNoPasswordFileExists_When_SetParametersIsCalled_Then_SystemPasswordModeIsSetTo_CreateNewPassWord_AndPageIsShown" computerName="DKSR-EFI-04" duration="00:00:00.5123577" startTime="2023-12-22T09:34:57.9129251+01:00" endTime="2023-12-22T09:34:58.7566798+01:00" testType="13cdc9d9-ddb5-4fa4-a97d-d965ccfc6d4b" outcome="Passed" testListId="8c84fa94-04c1-424b-9868-57a2d4851a1d" relativeResultsDirectory="2680be36-5f69-4337-a3df-df9724d72001" />
    <UnitTestResult executionId="1bb86fe8-3222-43c8-a797-5a2ca6de0913" testId="8723c955-5cc3-6c50-8e32-1ef925d0a199" testName="Given_UIModeWithSystemPasswordModeEnterExistingPassword_When_BeforeLeavePage_Then_EverythingIsIgnoredAndItReturnsTrue" computerName="DKSR-EFI-04" duration="00:00:00.0025525" startTime="2023-12-22T09:34:59.0223092+01:00" endTime="2023-12-22T09:34:59.0223092+01:00" testType="13cdc9d9-ddb5-4fa4-a97d-d965ccfc6d4b" outcome="Passed" testListId="8c84fa94-04c1-424b-9868-57a2d4851a1d" relativeResultsDirectory="1bb86fe8-3222-43c8-a797-5a2ca6de0913" />
    <UnitTestResult executionId="11169d68-b342-406b-89aa-20cc1232a1fc" testId="7db072b5-10ce-6ba1-7bd7-c81aba484012" testName="Given_SilentModeNoPasswordIsProvidedUserHasChosenToCreateNewDatabase_When_BeforeLeavePage_Then_NoPasswordProtectionIsAccepted" computerName="DKSR-EFI-04" duration="00:00:00.0046777" startTime="2023-12-22T09:34:59.0066818+01:00" endTime="2023-12-22T09:34:59.0223092+01:00" testType="13cdc9d9-ddb5-4fa4-a97d-d965ccfc6d4b" outcome="Passed" testListId="8c84fa94-04c1-424b-9868-57a2d4851a1d" relativeResultsDirectory="11169d68-b342-406b-89aa-20cc1232a1fc" />
    <UnitTestResult executionId="0b38aaca-29ac-45f0-9895-16031c1efc87" testId="2354c2e8-db8c-b4ec-331c-571a8a8238d3" testName="Given_KeyIsPresentInDataBaseAndPasswordFileExistsWithCorrectPasswordButUserHasChosenToOverwriteDatabase_When_CreatingViewModel_Then_SystemPasswordModeIsSetTo_CreateNewPassWord" computerName="DKSR-EFI-04" duration="00:00:00.0057874" startTime="2023-12-22T09:34:58.8348064+01:00" endTime="2023-12-22T09:34:58.8504323+01:00" testType="13cdc9d9-ddb5-4fa4-a97d-d965ccfc6d4b" outcome="Passed" testListId="8c84fa94-04c1-424b-9868-57a2d4851a1d" relativeResultsDirectory="0b38aaca-29ac-45f0-9895-16031c1efc87" />
    <UnitTestResult executionId="400fee4d-7aa0-438c-9330-e2de5931f2f5" testId="32261e6d-5bce-7f7c-85e3-2b9ec7cff99c" testName="Given_SilentModeWithSystemPasswordModeEnterExistingPasswordDataBaseNotPasswordProtectedAndNoPasswordIsProvided_When_BeforeLeavePage_Then_NoPasswordProtectionIsAccepted" computerName="DKSR-EFI-04" duration="00:00:00.0110638" startTime="2023-12-22T09:34:58.9441819+01:00" endTime="2023-12-22T09:34:58.9598066+01:00" testType="13cdc9d9-ddb5-4fa4-a97d-d965ccfc6d4b" outcome="Passed" testListId="8c84fa94-04c1-424b-9868-57a2d4851a1d" relativeResultsDirectory="400fee4d-7aa0-438c-9330-e2de5931f2f5" />
    <UnitTestResult executionId="cfc9542f-f434-46b7-bff6-7190e42adcc9" testId="a5e996e9-0605-288f-46b9-5b61386b23ee" testName="Given_SilentModeWithSystemPasswordModeEnterExistingPasswordDataBaseIsPasswordProtectedAndNoPasswordIsProvided_When_BeforeLeavePage_Then_UnauthorizedExceptionIsThrown" computerName="DKSR-EFI-04" duration="00:00:00.0288532" startTime="2023-12-22T09:34:58.9129306+01:00" endTime="2023-12-22T09:34:58.9441819+01:00" testType="13cdc9d9-ddb5-4fa4-a97d-d965ccfc6d4b" outcome="Passed" testListId="8c84fa94-04c1-424b-9868-57a2d4851a1d" relativeResultsDirectory="cfc9542f-f434-46b7-bff6-7190e42adcc9" />
    <UnitTestResult executionId="9bc34093-f83b-432e-b200-3af363803bbc" testId="d814234b-bfa9-c03e-cc8b-1cbec8f0a171" testName="Given_SilentModeWithSystemPasswordModeEnterExistingPasswordAndAValidPasswordIsProvided_When_BeforeLeavePage_Then_ItReturnsTrue" computerName="DKSR-EFI-04" duration="00:00:00.0048549" startTime="2023-12-22T09:34:58.9129306+01:00" endTime="2023-12-22T09:34:58.9129306+01:00" testType="13cdc9d9-ddb5-4fa4-a97d-d965ccfc6d4b" outcome="Passed" testListId="8c84fa94-04c1-424b-9868-57a2d4851a1d" relativeResultsDirectory="9bc34093-f83b-432e-b200-3af363803bbc" />
    <UnitTestResult executionId="7a2e2188-b7d5-4d6b-a694-65972a163296" testId="769b322c-a1eb-5e2e-fb35-4b4a5708fb9e" testName="Given_KeyIsPresentInDataBaseAndPasswordFileExistsWithCorrectPasswordButUserHasChosenToCreateANewDataBase_When_CreatingViewModel_Then_SystemPasswordModeIsSetTo_CreateNewPassWord" computerName="DKSR-EFI-04" duration="00:00:00.0054392" startTime="2023-12-22T09:34:58.8504323+01:00" endTime="2023-12-22T09:34:58.8504323+01:00" testType="13cdc9d9-ddb5-4fa4-a97d-d965ccfc6d4b" outcome="Passed" testListId="8c84fa94-04c1-424b-9868-57a2d4851a1d" relativeResultsDirectory="7a2e2188-b7d5-4d6b-a694-65972a163296" />
    <UnitTestResult executionId="275cc691-ee3f-4e9c-aff3-d7d6ba94ee36" testId="0f8999e4-5254-dac6-0fe0-85f4fe21078c" testName="Given_ViewModelCreatedPasswordsSet_When_SettingDoNotUsePassword_Then_PasswordsAreCleared" computerName="DKSR-EFI-04" duration="00:00:00.0005225" startTime="2023-12-22T09:34:59.0379343+01:00" endTime="2023-12-22T09:34:59.0379343+01:00" testType="13cdc9d9-ddb5-4fa4-a97d-d965ccfc6d4b" outcome="Passed" testListId="8c84fa94-04c1-424b-9868-57a2d4851a1d" relativeResultsDirectory="275cc691-ee3f-4e9c-aff3-d7d6ba94ee36" />
    <UnitTestResult executionId="dcab0d57-d611-4608-90a7-a9062570738e" testId="c6c49899-6e4d-b39f-cbc1-fb712a774de9" testName="Given_SilentModePasswordIsProvidedUserHasChosenToCreateANewDataBase_When_BeforeLeavePage_Then_ItReturnsTrue" computerName="DKSR-EFI-04" duration="00:00:00.0057992" startTime="2023-12-22T09:34:59.0066818+01:00" endTime="2023-12-22T09:34:59.0066818+01:00" testType="13cdc9d9-ddb5-4fa4-a97d-d965ccfc6d4b" outcome="Passed" testListId="8c84fa94-04c1-424b-9868-57a2d4851a1d" relativeResultsDirectory="dcab0d57-d611-4608-90a7-a9062570738e" />
    <UnitTestResult executionId="0ade506a-a608-4c8c-be09-d0eb1396ce96" testId="8adec9e7-3b8e-0ca5-edf5-131b186119e0" testName="Given_ViewModelInCreateNewPasswordModeContainsEmptyPasswords_When_BeforeContinue_ItReturnsFalse" computerName="DKSR-EFI-04" duration="00:00:00.0593846" startTime="2023-12-22T09:35:02.1004477+01:00" endTime="2023-12-22T09:35:02.1629474+01:00" testType="13cdc9d9-ddb5-4fa4-a97d-d965ccfc6d4b" outcome="Passed" testListId="8c84fa94-04c1-424b-9868-57a2d4851a1d" relativeResultsDirectory="0ade506a-a608-4c8c-be09-d0eb1396ce96" />
    <UnitTestResult executionId="e8f39b2d-742a-4d48-8b63-2c9fc1c2751e" testId="d6e4c353-08b2-a1ab-75b6-3867fecf9387" testName="Given_KeyIsPresentInDataBaseAndPasswordFileExists_When_CreatingViewModel_Then_SystemPasswordModeIsSetTo_PasswordConsistent" computerName="DKSR-EFI-04" duration="00:00:00.0026202" startTime="2023-12-22T09:34:58.8191814+01:00" endTime="2023-12-22T09:34:58.8191814+01:00" testType="13cdc9d9-ddb5-4fa4-a97d-d965ccfc6d4b" outcome="Passed" testListId="8c84fa94-04c1-424b-9868-57a2d4851a1d" relativeResultsDirectory="e8f39b2d-742a-4d48-8b63-2c9fc1c2751e" />
    <UnitTestResult executionId="c7e48388-4800-4eb5-9c3e-8d779644fa6e" testId="7a22382b-1e69-ef75-ad17-5209aa7cb881" testName="Given_ViewModelCreatedDoNotUsePasswordTrue_When_SettingPassword_Then_ThePasswordStillEmpty" computerName="DKSR-EFI-04" duration="00:00:00.0004695" startTime="2023-12-22T09:34:59.0379343+01:00" endTime="2023-12-22T09:34:59.0379343+01:00" testType="13cdc9d9-ddb5-4fa4-a97d-d965ccfc6d4b" outcome="Passed" testListId="8c84fa94-04c1-424b-9868-57a2d4851a1d" relativeResultsDirectory="c7e48388-4800-4eb5-9c3e-8d779644fa6e" />
    <UnitTestResult executionId="cc13fa1a-128a-4663-892d-e7b284e679ee" testId="49c5bd85-8519-04ae-1904-d9fdd60b0b35" testName="Given_KeyIsPresentInDataBaseAndPasswordFileExistsWithWrongPassword_When_CreatingViewModel_Then_SystemPasswordModeIsSetTo_EnterExistingPassWord" computerName="DKSR-EFI-04" duration="00:00:00.0025659" startTime="2023-12-22T09:34:58.8191814+01:00" endTime="2023-12-22T09:34:58.8191814+01:00" testType="13cdc9d9-ddb5-4fa4-a97d-d965ccfc6d4b" outcome="Passed" testListId="8c84fa94-04c1-424b-9868-57a2d4851a1d" relativeResultsDirectory="cc13fa1a-128a-4663-892d-e7b284e679ee" />
    <UnitTestResult executionId="203eccf0-0d02-4c94-b2db-52dc904687e9" testId="307d93fb-648d-2eb6-7944-351bf9914db4" testName="Given_SilentModeWithSystemPasswordModeCreateNewPasswordAndNoPassword_When_BeforeLeavePage_Then_NoPasswordProtectionIsAccepted" computerName="DKSR-EFI-04" duration="00:00:00.0070832" startTime="2023-12-22T09:34:58.8816844+01:00" endTime="2023-12-22T09:34:58.8816844+01:00" testType="13cdc9d9-ddb5-4fa4-a97d-d965ccfc6d4b" outcome="Passed" testListId="8c84fa94-04c1-424b-9868-57a2d4851a1d" relativeResultsDirectory="203eccf0-0d02-4c94-b2db-52dc904687e9" />
    <UnitTestResult executionId="082483bd-89c8-4907-ba69-9cd9ee450f48" testId="33e31147-df8f-69da-fdcb-5698ad7c2241" testName="Given_NoKeyIsPresentInDataBaseButPasswordFileExists_When_CreatingViewModel_Then_SystemPasswordModeIsSetTo_CreateNewPassWord_AndPageIsShown" computerName="DKSR-EFI-04" duration="00:00:00.0030394" startTime="2023-12-22T09:34:58.8035558+01:00" endTime="2023-12-22T09:34:58.8035558+01:00" testType="13cdc9d9-ddb5-4fa4-a97d-d965ccfc6d4b" outcome="Passed" testListId="8c84fa94-04c1-424b-9868-57a2d4851a1d" relativeResultsDirectory="082483bd-89c8-4907-ba69-9cd9ee450f48" />
    <UnitTestResult executionId="202dfcad-bf25-4fed-aeac-4e27dfee2213" testId="8e6e961e-c79c-aaad-965e-5da01fdaefe6" testName="Given_ViewModelCreatedDoNotUsePasswordFalse_When_SettingPassword_Then_ThePasswordCanBeReadBack" computerName="DKSR-EFI-04" duration="00:00:00.0024247" startTime="2023-12-22T09:34:59.0379343+01:00" endTime="2023-12-22T09:34:59.0379343+01:00" testType="13cdc9d9-ddb5-4fa4-a97d-d965ccfc6d4b" outcome="Passed" testListId="8c84fa94-04c1-424b-9868-57a2d4851a1d" relativeResultsDirectory="202dfcad-bf25-4fed-aeac-4e27dfee2213" />
    <UnitTestResult executionId="7f6f0e09-bf10-4cdc-b9c6-0cce6a6b021e" testId="384b6982-64b8-a4d1-ad1b-304621e06a96" testName="Given_KeyIsPresentInDataBaseButNoPasswordFileExists_When_CreatingViewModel_Then_SystemPasswordModeIsSetTo_EnterExistingPassWord" computerName="DKSR-EFI-04" duration="00:00:00.0026046" startTime="2023-12-22T09:34:58.8035558+01:00" endTime="2023-12-22T09:34:58.8191814+01:00" testType="13cdc9d9-ddb5-4fa4-a97d-d965ccfc6d4b" outcome="Passed" testListId="8c84fa94-04c1-424b-9868-57a2d4851a1d" relativeResultsDirectory="7f6f0e09-bf10-4cdc-b9c6-0cce6a6b021e" />
    <UnitTestResult executionId="fb921124-9a30-4ba0-9f16-0cb71093a5df" testId="8a253178-fcd4-5624-52ae-0ee9bbbd2ca2" testName="Given_SilentModePasswordIsProvidedUserHasChosenToOverwriteDatabase_When_BeforeLeavePage_Then_ItReturnsTrue" computerName="DKSR-EFI-04" duration="00:00:00.0060644" startTime="2023-12-22T09:34:58.9910566+01:00" endTime="2023-12-22T09:34:58.9910566+01:00" testType="13cdc9d9-ddb5-4fa4-a97d-d965ccfc6d4b" outcome="Passed" testListId="8c84fa94-04c1-424b-9868-57a2d4851a1d" relativeResultsDirectory="fb921124-9a30-4ba0-9f16-0cb71093a5df" />
    <UnitTestResult executionId="140298fe-18ac-4ee8-9fdf-d33f58385d43" testId="358fb522-9422-7682-1b84-31dcec29c93b" testName="Given_ViewModelInCreateNewPasswordModeContainsValidPassword_When_BeforeContinue_ItReturnsTrue" computerName="DKSR-EFI-04" duration="00:00:03.0579197" startTime="2023-12-22T09:34:59.0379343+01:00" endTime="2023-12-22T09:35:02.1004477+01:00" testType="13cdc9d9-ddb5-4fa4-a97d-d965ccfc6d4b" outcome="Passed" testListId="8c84fa94-04c1-424b-9868-57a2d4851a1d" relativeResultsDirectory="140298fe-18ac-4ee8-9fdf-d33f58385d43" />
    <UnitTestResult executionId="8685b8db-b743-4178-8b51-d0e36fd89a7e" testId="bdde6d30-b26e-c8b7-aa55-3540646d85c4" testName="Given_UIModeWithSystemPasswordModeCreateNewPassword_When_BeforeLeavePage_Then_EverythingIsIgnoredAndItReturnsTrue" computerName="DKSR-EFI-04" duration="00:00:00.0024346" startTime="2023-12-22T09:34:59.0223092+01:00" endTime="2023-12-22T09:34:59.0223092+01:00" testType="13cdc9d9-ddb5-4fa4-a97d-d965ccfc6d4b" outcome="Passed" testListId="8c84fa94-04c1-424b-9868-57a2d4851a1d" relativeResultsDirectory="8685b8db-b743-4178-8b51-d0e36fd89a7e" />
    <UnitTestResult executionId="75b892a6-8f7f-477e-bc17-ac41b13a4ffb" testId="6669fcbe-778f-ed69-c7a2-8a2c2d2c6ba0" testName="Given_SilentModeWithSystemPasswordModeEnterExistingPasswordDataBaseNotPasswordProtectedAndAnEmptyPasswordIsProvided_When_BeforeLeavePage_Then_NoPasswordProtectionIsAccepted" computerName="DKSR-EFI-04" duration="00:00:00.0029626" startTime="2023-12-22T09:34:58.9598066+01:00" endTime="2023-12-22T09:34:58.9598066+01:00" testType="13cdc9d9-ddb5-4fa4-a97d-d965ccfc6d4b" outcome="Passed" testListId="8c84fa94-04c1-424b-9868-57a2d4851a1d" relativeResultsDirectory="75b892a6-8f7f-477e-bc17-ac41b13a4ffb" />
    <UnitTestResult executionId="ccb34291-7662-4726-9da3-e58642a5f78d" testId="9d65d3f3-33e6-8f69-d44c-c70401672d0a" testName="Given_SilentModeWithSystemPasswordModeCreateNewPasswordAndAProperPasswordIsProvided_When_BeforeLeavePage_Then_ItReturnsTrue" computerName="DKSR-EFI-04" duration="00:00:00.0184875" startTime="2023-12-22T09:34:58.8504323+01:00" endTime="2023-12-22T09:34:58.8660547+01:00" testType="13cdc9d9-ddb5-4fa4-a97d-d965ccfc6d4b" outcome="Passed" testListId="8c84fa94-04c1-424b-9868-57a2d4851a1d" relativeResultsDirectory="ccb34291-7662-4726-9da3-e58642a5f78d" />
    <UnitTestResult executionId="469268b5-7d45-45a1-bb2a-38fcaa292c05" testId="066012b2-1f37-2aef-75ec-5fff78b3c4a3" testName="Given_ViewModelCreatedPasswordsSet_When_FlippingDoNotUsePasswordTrueAndThenFalse_Then_PasswordsDoNotReappear" computerName="DKSR-EFI-04" duration="00:00:00.0003634" startTime="2023-12-22T09:34:59.0379343+01:00" endTime="2023-12-22T09:34:59.0379343+01:00" testType="13cdc9d9-ddb5-4fa4-a97d-d965ccfc6d4b" outcome="Passed" testListId="8c84fa94-04c1-424b-9868-57a2d4851a1d" relativeResultsDirectory="469268b5-7d45-45a1-bb2a-38fcaa292c05" />
  </Results>
  <TestDefinitions>
    <UnitTest name="Given_NoKeyIsPresentInDataBaseButPasswordFileExists_When_CreatingViewModel_Then_SystemPasswordModeIsSetTo_CreateNewPassWord_AndPageIsShown" storage="d:\actions-runner\_work\xpco\xpco\installerframework\videoos.installer.ui.unittests\bin\debug\videoos.installer.ui.unittests.dll" id="33e31147-df8f-69da-fdcb-5698ad7c2241">
      <Execution id="082483bd-89c8-4907-ba69-9cd9ee450f48" />
      <TestMethod codeBase="D:\actions-runner\_work\XPCO\XPCO\InstallerFramework\VideoOS.Installer.UI.UnitTests\bin\Debug\VideoOS.Installer.UI.UnitTests.dll" adapterTypeName="executor://mstestadapter/v2" className="VideoOS.Installer.UI.UnitTests.KeyManagementPasswordActionUnitTest" name="Given_NoKeyIsPresentInDataBaseButPasswordFileExists_When_CreatingViewModel_Then_SystemPasswordModeIsSetTo_CreateNewPassWord_AndPageIsShown" />
    </UnitTest>
    <UnitTest name="Given_KeyIsPresentInDataBaseButNoPasswordFileExists_When_CreatingViewModel_Then_SystemPasswordModeIsSetTo_EnterExistingPassWord" storage="d:\actions-runner\_work\xpco\xpco\installerframework\videoos.installer.ui.unittests\bin\debug\videoos.installer.ui.unittests.dll" id="384b6982-64b8-a4d1-ad1b-304621e06a96">
      <Execution id="7f6f0e09-bf10-4cdc-b9c6-0cce6a6b021e" />
      <TestMethod codeBase="D:\actions-runner\_work\XPCO\XPCO\InstallerFramework\VideoOS.Installer.UI.UnitTests\bin\Debug\VideoOS.Installer.UI.UnitTests.dll" adapterTypeName="executor://mstestadapter/v2" className="VideoOS.Installer.UI.UnitTests.KeyManagementPasswordActionUnitTest" name="Given_KeyIsPresentInDataBaseButNoPasswordFileExists_When_CreatingViewModel_Then_SystemPasswordModeIsSetTo_EnterExistingPassWord" />
    </UnitTest>
    <UnitTest name="Given_KeyIsPresentInDataBaseAndPasswordFileExistsWithCorrectPasswordButUserHasChosenToOverwriteDatabase_When_CreatingViewModel_Then_SystemPasswordModeIsSetTo_CreateNewPassWord" storage="d:\actions-runner\_work\xpco\xpco\installerframework\videoos.installer.ui.unittests\bin\debug\videoos.installer.ui.unittests.dll" id="2354c2e8-db8c-b4ec-331c-571a8a8238d3">
      <Execution id="0b38aaca-29ac-45f0-9895-16031c1efc87" />
      <TestMethod codeBase="D:\actions-runner\_work\XPCO\XPCO\InstallerFramework\VideoOS.Installer.UI.UnitTests\bin\Debug\VideoOS.Installer.UI.UnitTests.dll" adapterTypeName="executor://mstestadapter/v2" className="VideoOS.Installer.UI.UnitTests.KeyManagementPasswordActionUnitTest" name="Given_KeyIsPresentInDataBaseAndPasswordFileExistsWithCorrectPasswordButUserHasChosenToOverwriteDatabase_When_CreatingViewModel_Then_SystemPasswordModeIsSetTo_CreateNewPassWord" />
    </UnitTest>
    <UnitTest name="Given_SilentModeNoPasswordIsProvidedUserHasChosenToCreateNewDatabase_When_BeforeLeavePage_Then_NoPasswordProtectionIsAccepted" storage="d:\actions-runner\_work\xpco\xpco\installerframework\videoos.installer.ui.unittests\bin\debug\videoos.installer.ui.unittests.dll" id="7db072b5-10ce-6ba1-7bd7-c81aba484012">
      <Execution id="11169d68-b342-406b-89aa-20cc1232a1fc" />
      <TestMethod codeBase="D:\actions-runner\_work\XPCO\XPCO\InstallerFramework\VideoOS.Installer.UI.UnitTests\bin\Debug\VideoOS.Installer.UI.UnitTests.dll" adapterTypeName="executor://mstestadapter/v2" className="VideoOS.Installer.UI.UnitTests.KeyManagementPasswordActionUnitTest" name="Given_SilentModeNoPasswordIsProvidedUserHasChosenToCreateNewDatabase_When_BeforeLeavePage_Then_NoPasswordProtectionIsAccepted" />
    </UnitTest>
    <UnitTest name="Given_SilentModeWithSystemPasswordModeEnterExistingPasswordDataBaseNotPasswordProtectedAndNoPasswordIsProvided_When_BeforeLeavePage_Then_NoPasswordProtectionIsAccepted" storage="d:\actions-runner\_work\xpco\xpco\installerframework\videoos.installer.ui.unittests\bin\debug\videoos.installer.ui.unittests.dll" id="32261e6d-5bce-7f7c-85e3-2b9ec7cff99c">
      <Execution id="400fee4d-7aa0-438c-9330-e2de5931f2f5" />
      <TestMethod codeBase="D:\actions-runner\_work\XPCO\XPCO\InstallerFramework\VideoOS.Installer.UI.UnitTests\bin\Debug\VideoOS.Installer.UI.UnitTests.dll" adapterTypeName="executor://mstestadapter/v2" className="VideoOS.Installer.UI.UnitTests.KeyManagementPasswordActionUnitTest" name="Given_SilentModeWithSystemPasswordModeEnterExistingPasswordDataBaseNotPasswordProtectedAndNoPasswordIsProvided_When_BeforeLeavePage_Then_NoPasswordProtectionIsAccepted" />
    </UnitTest>
    <UnitTest name="Given_SilentModeWithSystemPasswordModeCreateNewPasswordAndAProperPasswordIsProvided_When_BeforeLeavePage_Then_ItReturnsTrue" storage="d:\actions-runner\_work\xpco\xpco\installerframework\videoos.installer.ui.unittests\bin\debug\videoos.installer.ui.unittests.dll" id="9d65d3f3-33e6-8f69-d44c-c70401672d0a">
      <Execution id="ccb34291-7662-4726-9da3-e58642a5f78d" />
      <TestMethod codeBase="D:\actions-runner\_work\XPCO\XPCO\InstallerFramework\VideoOS.Installer.UI.UnitTests\bin\Debug\VideoOS.Installer.UI.UnitTests.dll" adapterTypeName="executor://mstestadapter/v2" className="VideoOS.Installer.UI.UnitTests.KeyManagementPasswordActionUnitTest" name="Given_SilentModeWithSystemPasswordModeCreateNewPasswordAndAProperPasswordIsProvided_When_BeforeLeavePage_Then_ItReturnsTrue" />
    </UnitTest>
    <UnitTest name="Given_ViewModelInCreateNewPasswordModeContainsEmptyPasswords_When_BeforeContinue_ItReturnsFalse" storage="d:\actions-runner\_work\xpco\xpco\installerframework\videoos.installer.ui.unittests\bin\debug\videoos.installer.ui.unittests.dll" id="8adec9e7-3b8e-0ca5-edf5-131b186119e0">
      <Execution id="0ade506a-a608-4c8c-be09-d0eb1396ce96" />
      <TestMethod codeBase="D:\actions-runner\_work\XPCO\XPCO\InstallerFramework\VideoOS.Installer.UI.UnitTests\bin\Debug\VideoOS.Installer.UI.UnitTests.dll" adapterTypeName="executor://mstestadapter/v2" className="VideoOS.Installer.UI.UnitTests.KeyManagementPasswordWizardUnitTest" name="Given_ViewModelInCreateNewPasswordModeContainsEmptyPasswords_When_BeforeContinue_ItReturnsFalse" />
    </UnitTest>
    <UnitTest name="Given_NoKeyIsPresentInDataBaseAndNoPasswordFileExists_When_SetParametersIsCalled_Then_SystemPasswordModeIsSetTo_CreateNewPassWord_AndPageIsShown" storage="d:\actions-runner\_work\xpco\xpco\installerframework\videoos.installer.ui.unittests\bin\debug\videoos.installer.ui.unittests.dll" id="12baaac6-e5a8-c9cd-487d-b6713b8989b3">
      <Execution id="2680be36-5f69-4337-a3df-df9724d72001" />
      <TestMethod codeBase="D:\actions-runner\_work\XPCO\XPCO\InstallerFramework\VideoOS.Installer.UI.UnitTests\bin\Debug\VideoOS.Installer.UI.UnitTests.dll" adapterTypeName="executor://mstestadapter/v2" className="VideoOS.Installer.UI.UnitTests.KeyManagementPasswordActionUnitTest" name="Given_NoKeyIsPresentInDataBaseAndNoPasswordFileExists_When_SetParametersIsCalled_Then_SystemPasswordModeIsSetTo_CreateNewPassWord_AndPageIsShown" />
    </UnitTest>
    <UnitTest name="Given_ViewModelCreatedDoNotUsePasswordTrue_When_SettingPassword_Then_ThePasswordStillEmpty" storage="d:\actions-runner\_work\xpco\xpco\installerframework\videoos.installer.ui.unittests\bin\debug\videoos.installer.ui.unittests.dll" id="7a22382b-1e69-ef75-ad17-5209aa7cb881">
      <Execution id="c7e48388-4800-4eb5-9c3e-8d779644fa6e" />
      <TestMethod codeBase="D:\actions-runner\_work\XPCO\XPCO\InstallerFramework\VideoOS.Installer.UI.UnitTests\bin\Debug\VideoOS.Installer.UI.UnitTests.dll" adapterTypeName="executor://mstestadapter/v2" className="VideoOS.Installer.UI.UnitTests.KeyManagementPasswordWizardUnitTest" name="Given_ViewModelCreatedDoNotUsePasswordTrue_When_SettingPassword_Then_ThePasswordStillEmpty" />
    </UnitTest>
    <UnitTest name="Given_SilentModeWithSystemPasswordModeEnterExistingPasswordDataBaseIsPasswordProtectedAndNoPasswordIsProvided_When_BeforeLeavePage_Then_UnauthorizedExceptionIsThrown" storage="d:\actions-runner\_work\xpco\xpco\installerframework\videoos.installer.ui.unittests\bin\debug\videoos.installer.ui.unittests.dll" id="a5e996e9-0605-288f-46b9-5b61386b23ee">
      <Execution id="cfc9542f-f434-46b7-bff6-7190e42adcc9" />
      <TestMethod codeBase="D:\actions-runner\_work\XPCO\XPCO\InstallerFramework\VideoOS.Installer.UI.UnitTests\bin\Debug\VideoOS.Installer.UI.UnitTests.dll" adapterTypeName="executor://mstestadapter/v2" className="VideoOS.Installer.UI.UnitTests.KeyManagementPasswordActionUnitTest" name="Given_SilentModeWithSystemPasswordModeEnterExistingPasswordDataBaseIsPasswordProtectedAndNoPasswordIsProvided_When_BeforeLeavePage_Then_UnauthorizedExceptionIsThrown" />
    </UnitTest>
    <UnitTest name="Given_SilentModeNoPasswordIsProvidedUserHasChosenToOverwriteDatabase_When_BeforeLeavePage_Then_NoPasswordProtectionIsAccepted" storage="d:\actions-runner\_work\xpco\xpco\installerframework\videoos.installer.ui.unittests\bin\debug\videoos.installer.ui.unittests.dll" id="8d01e33d-7c0a-637b-36ca-20cf3854ef6b">
      <Execution id="661add08-4241-4a2c-aeaa-9296c2daa3e4" />
      <TestMethod codeBase="D:\actions-runner\_work\XPCO\XPCO\InstallerFramework\VideoOS.Installer.UI.UnitTests\bin\Debug\VideoOS.Installer.UI.UnitTests.dll" adapterTypeName="executor://mstestadapter/v2" className="VideoOS.Installer.UI.UnitTests.KeyManagementPasswordActionUnitTest" name="Given_SilentModeNoPasswordIsProvidedUserHasChosenToOverwriteDatabase_When_BeforeLeavePage_Then_NoPasswordProtectionIsAccepted" />
    </UnitTest>
    <UnitTest name="Given_SilentModeWithSystemPasswordModeEnterExistingPasswordAndAValidPasswordIsProvided_When_BeforeLeavePage_Then_ItReturnsTrue" storage="d:\actions-runner\_work\xpco\xpco\installerframework\videoos.installer.ui.unittests\bin\debug\videoos.installer.ui.unittests.dll" id="d814234b-bfa9-c03e-cc8b-1cbec8f0a171">
      <Execution id="9bc34093-f83b-432e-b200-3af363803bbc" />
      <TestMethod codeBase="D:\actions-runner\_work\XPCO\XPCO\InstallerFramework\VideoOS.Installer.UI.UnitTests\bin\Debug\VideoOS.Installer.UI.UnitTests.dll" adapterTypeName="executor://mstestadapter/v2" className="VideoOS.Installer.UI.UnitTests.KeyManagementPasswordActionUnitTest" name="Given_SilentModeWithSystemPasswordModeEnterExistingPasswordAndAValidPasswordIsProvided_When_BeforeLeavePage_Then_ItReturnsTrue" />
    </UnitTest>
    <UnitTest name="Given_ViewModelCreatedPasswordsSet_When_FlippingDoNotUsePasswordTrueAndThenFalse_Then_PasswordsDoNotReappear" storage="d:\actions-runner\_work\xpco\xpco\installerframework\videoos.installer.ui.unittests\bin\debug\videoos.installer.ui.unittests.dll" id="066012b2-1f37-2aef-75ec-5fff78b3c4a3">
      <Execution id="469268b5-7d45-45a1-bb2a-38fcaa292c05" />
      <TestMethod codeBase="D:\actions-runner\_work\XPCO\XPCO\InstallerFramework\VideoOS.Installer.UI.UnitTests\bin\Debug\VideoOS.Installer.UI.UnitTests.dll" adapterTypeName="executor://mstestadapter/v2" className="VideoOS.Installer.UI.UnitTests.KeyManagementPasswordWizardUnitTest" name="Given_ViewModelCreatedPasswordsSet_When_FlippingDoNotUsePasswordTrueAndThenFalse_Then_PasswordsDoNotReappear" />
    </UnitTest>
    <UnitTest name="Given_SilentModePasswordIsProvidedUserHasChosenToOverwriteDatabase_When_BeforeLeavePage_Then_ItReturnsTrue" storage="d:\actions-runner\_work\xpco\xpco\installerframework\videoos.installer.ui.unittests\bin\debug\videoos.installer.ui.unittests.dll" id="8a253178-fcd4-5624-52ae-0ee9bbbd2ca2">
      <Execution id="fb921124-9a30-4ba0-9f16-0cb71093a5df" />
      <TestMethod codeBase="D:\actions-runner\_work\XPCO\XPCO\InstallerFramework\VideoOS.Installer.UI.UnitTests\bin\Debug\VideoOS.Installer.UI.UnitTests.dll" adapterTypeName="executor://mstestadapter/v2" className="VideoOS.Installer.UI.UnitTests.KeyManagementPasswordActionUnitTest" name="Given_SilentModePasswordIsProvidedUserHasChosenToOverwriteDatabase_When_BeforeLeavePage_Then_ItReturnsTrue" />
    </UnitTest>
    <UnitTest name="Given_SilentModeWithSystemPasswordModePasswordConsistentAndAnInvalidPasswordIsProvided_When_BeforeLeavePage_Then_ThePasswordIsIgnoredAndItReturnsTrue" storage="d:\actions-runner\_work\xpco\xpco\installerframework\videoos.installer.ui.unittests\bin\debug\videoos.installer.ui.unittests.dll" id="74a54032-be3b-061d-3de0-65bf2e59d945">
      <Execution id="7dac4795-a814-4fc0-876c-9f50efb591db" />
      <TestMethod codeBase="D:\actions-runner\_work\XPCO\XPCO\InstallerFramework\VideoOS.Installer.UI.UnitTests\bin\Debug\VideoOS.Installer.UI.UnitTests.dll" adapterTypeName="executor://mstestadapter/v2" className="VideoOS.Installer.UI.UnitTests.KeyManagementPasswordActionUnitTest" name="Given_SilentModeWithSystemPasswordModePasswordConsistentAndAnInvalidPasswordIsProvided_When_BeforeLeavePage_Then_ThePasswordIsIgnoredAndItReturnsTrue" />
    </UnitTest>
    <UnitTest name="Given_KeyIsPresentInDataBaseAndPasswordFileExists_When_CreatingViewModel_Then_SystemPasswordModeIsSetTo_PasswordConsistent" storage="d:\actions-runner\_work\xpco\xpco\installerframework\videoos.installer.ui.unittests\bin\debug\videoos.installer.ui.unittests.dll" id="d6e4c353-08b2-a1ab-75b6-3867fecf9387">
      <Execution id="e8f39b2d-742a-4d48-8b63-2c9fc1c2751e" />
      <TestMethod codeBase="D:\actions-runner\_work\XPCO\XPCO\InstallerFramework\VideoOS.Installer.UI.UnitTests\bin\Debug\VideoOS.Installer.UI.UnitTests.dll" adapterTypeName="executor://mstestadapter/v2" className="VideoOS.Installer.UI.UnitTests.KeyManagementPasswordActionUnitTest" name="Given_KeyIsPresentInDataBaseAndPasswordFileExists_When_CreatingViewModel_Then_SystemPasswordModeIsSetTo_PasswordConsistent" />
    </UnitTest>
    <UnitTest name="Given_KeyIsPresentInDataBaseAndPasswordFileExistsWithWrongPassword_When_CreatingViewModel_Then_SystemPasswordModeIsSetTo_EnterExistingPassWord" storage="d:\actions-runner\_work\xpco\xpco\installerframework\videoos.installer.ui.unittests\bin\debug\videoos.installer.ui.unittests.dll" id="49c5bd85-8519-04ae-1904-d9fdd60b0b35">
      <Execution id="cc13fa1a-128a-4663-892d-e7b284e679ee" />
      <TestMethod codeBase="D:\actions-runner\_work\XPCO\XPCO\InstallerFramework\VideoOS.Installer.UI.UnitTests\bin\Debug\VideoOS.Installer.UI.UnitTests.dll" adapterTypeName="executor://mstestadapter/v2" className="VideoOS.Installer.UI.UnitTests.KeyManagementPasswordActionUnitTest" name="Given_KeyIsPresentInDataBaseAndPasswordFileExistsWithWrongPassword_When_CreatingViewModel_Then_SystemPasswordModeIsSetTo_EnterExistingPassWord" />
    </UnitTest>
    <UnitTest name="Given_ViewModelInCreateNewPasswordModeContainsValidPassword_When_BeforeContinue_ItReturnsTrue" storage="d:\actions-runner\_work\xpco\xpco\installerframework\videoos.installer.ui.unittests\bin\debug\videoos.installer.ui.unittests.dll" id="358fb522-9422-7682-1b84-31dcec29c93b">
      <Execution id="140298fe-18ac-4ee8-9fdf-d33f58385d43" />
      <TestMethod codeBase="D:\actions-runner\_work\XPCO\XPCO\InstallerFramework\VideoOS.Installer.UI.UnitTests\bin\Debug\VideoOS.Installer.UI.UnitTests.dll" adapterTypeName="executor://mstestadapter/v2" className="VideoOS.Installer.UI.UnitTests.KeyManagementPasswordWizardUnitTest" name="Given_ViewModelInCreateNewPasswordModeContainsValidPassword_When_BeforeContinue_ItReturnsTrue" />
    </UnitTest>
    <UnitTest name="Given_KeyIsPresentInDataBaseAndPasswordFileExistsWithCorrectPasswordButUserHasChosenToCreateANewDataBase_When_CreatingViewModel_Then_SystemPasswordModeIsSetTo_CreateNewPassWord" storage="d:\actions-runner\_work\xpco\xpco\installerframework\videoos.installer.ui.unittests\bin\debug\videoos.installer.ui.unittests.dll" id="769b322c-a1eb-5e2e-fb35-4b4a5708fb9e">
      <Execution id="7a2e2188-b7d5-4d6b-a694-65972a163296" />
      <TestMethod codeBase="D:\actions-runner\_work\XPCO\XPCO\InstallerFramework\VideoOS.Installer.UI.UnitTests\bin\Debug\VideoOS.Installer.UI.UnitTests.dll" adapterTypeName="executor://mstestadapter/v2" className="VideoOS.Installer.UI.UnitTests.KeyManagementPasswordActionUnitTest" name="Given_KeyIsPresentInDataBaseAndPasswordFileExistsWithCorrectPasswordButUserHasChosenToCreateANewDataBase_When_CreatingViewModel_Then_SystemPasswordModeIsSetTo_CreateNewPassWord" />
    </UnitTest>
    <UnitTest name="Given_SilentModeWithSystemPasswordModeCreateNewPasswordAndAWeakPasswordIsProvided_When_BeforeLeavePage_Then_UnauthorizedExceptionIsThrown" storage="d:\actions-runner\_work\xpco\xpco\installerframework\videoos.installer.ui.unittests\bin\debug\videoos.installer.ui.unittests.dll" id="5335b4ef-ccaa-ccda-a10d-fe1968a43f7c">
      <Execution id="b36dc1b7-2407-49b4-843e-4100cb2d22b1" />
      <TestMethod codeBase="D:\actions-runner\_work\XPCO\XPCO\InstallerFramework\VideoOS.Installer.UI.UnitTests\bin\Debug\VideoOS.Installer.UI.UnitTests.dll" adapterTypeName="executor://mstestadapter/v2" className="VideoOS.Installer.UI.UnitTests.KeyManagementPasswordActionUnitTest" name="Given_SilentModeWithSystemPasswordModeCreateNewPasswordAndAWeakPasswordIsProvided_When_BeforeLeavePage_Then_UnauthorizedExceptionIsThrown" />
    </UnitTest>
    <UnitTest name="Given_UIModeWithSystemPasswordModeEnterExistingPassword_When_BeforeLeavePage_Then_EverythingIsIgnoredAndItReturnsTrue" storage="d:\actions-runner\_work\xpco\xpco\installerframework\videoos.installer.ui.unittests\bin\debug\videoos.installer.ui.unittests.dll" id="8723c955-5cc3-6c50-8e32-1ef925d0a199">
      <Execution id="1bb86fe8-3222-43c8-a797-5a2ca6de0913" />
      <TestMethod codeBase="D:\actions-runner\_work\XPCO\XPCO\InstallerFramework\VideoOS.Installer.UI.UnitTests\bin\Debug\VideoOS.Installer.UI.UnitTests.dll" adapterTypeName="executor://mstestadapter/v2" className="VideoOS.Installer.UI.UnitTests.KeyManagementPasswordActionUnitTest" name="Given_UIModeWithSystemPasswordModeEnterExistingPassword_When_BeforeLeavePage_Then_EverythingIsIgnoredAndItReturnsTrue" />
    </UnitTest>
    <UnitTest name="Given_SilentModePasswordIsProvidedUserHasChosenToCreateANewDataBase_When_BeforeLeavePage_Then_ItReturnsTrue" storage="d:\actions-runner\_work\xpco\xpco\installerframework\videoos.installer.ui.unittests\bin\debug\videoos.installer.ui.unittests.dll" id="c6c49899-6e4d-b39f-cbc1-fb712a774de9">
      <Execution id="dcab0d57-d611-4608-90a7-a9062570738e" />
      <TestMethod codeBase="D:\actions-runner\_work\XPCO\XPCO\InstallerFramework\VideoOS.Installer.UI.UnitTests\bin\Debug\VideoOS.Installer.UI.UnitTests.dll" adapterTypeName="executor://mstestadapter/v2" className="VideoOS.Installer.UI.UnitTests.KeyManagementPasswordActionUnitTest" name="Given_SilentModePasswordIsProvidedUserHasChosenToCreateANewDataBase_When_BeforeLeavePage_Then_ItReturnsTrue" />
    </UnitTest>
    <UnitTest name="Given_SilentModeWithSystemPasswordModeEnterExistingPasswordDataBaseNotPasswordProtectedAndAnEmptyPasswordIsProvided_When_BeforeLeavePage_Then_NoPasswordProtectionIsAccepted" storage="d:\actions-runner\_work\xpco\xpco\installerframework\videoos.installer.ui.unittests\bin\debug\videoos.installer.ui.unittests.dll" id="6669fcbe-778f-ed69-c7a2-8a2c2d2c6ba0">
      <Execution id="75b892a6-8f7f-477e-bc17-ac41b13a4ffb" />
      <TestMethod codeBase="D:\actions-runner\_work\XPCO\XPCO\InstallerFramework\VideoOS.Installer.UI.UnitTests\bin\Debug\VideoOS.Installer.UI.UnitTests.dll" adapterTypeName="executor://mstestadapter/v2" className="VideoOS.Installer.UI.UnitTests.KeyManagementPasswordActionUnitTest" name="Given_SilentModeWithSystemPasswordModeEnterExistingPasswordDataBaseNotPasswordProtectedAndAnEmptyPasswordIsProvided_When_BeforeLeavePage_Then_NoPasswordProtectionIsAccepted" />
    </UnitTest>
    <UnitTest name="Given_SilentModeWithSystemPasswordModeEnterExistingPasswordAndAnInvalidPasswordIsProvided_When_BeforeLeavePage_Then_UnauthorizedExceptionIsThrown" storage="d:\actions-runner\_work\xpco\xpco\installerframework\videoos.installer.ui.unittests\bin\debug\videoos.installer.ui.unittests.dll" id="dfe69632-5d5c-fd7b-f8a7-369c576ca91d">
      <Execution id="4d616930-8d41-4b98-9d00-ea3adc075cd8" />
      <TestMethod codeBase="D:\actions-runner\_work\XPCO\XPCO\InstallerFramework\VideoOS.Installer.UI.UnitTests\bin\Debug\VideoOS.Installer.UI.UnitTests.dll" adapterTypeName="executor://mstestadapter/v2" className="VideoOS.Installer.UI.UnitTests.KeyManagementPasswordActionUnitTest" name="Given_SilentModeWithSystemPasswordModeEnterExistingPasswordAndAnInvalidPasswordIsProvided_When_BeforeLeavePage_Then_UnauthorizedExceptionIsThrown" />
    </UnitTest>
    <UnitTest name="Given_ViewModelInCreateNewPasswordModeDoNotUsePasswordContainsEmptyPasswords_When_BeforeContinue_EmptyPasswordIsAcceptedAndItReturnsTrue" storage="d:\actions-runner\_work\xpco\xpco\installerframework\videoos.installer.ui.unittests\bin\debug\videoos.installer.ui.unittests.dll" id="608d2485-dd70-5a3c-a123-fd21c1573a63">
      <Execution id="a34362ad-f582-4d66-9edd-cc281fe95293" />
      <TestMethod codeBase="D:\actions-runner\_work\XPCO\XPCO\InstallerFramework\VideoOS.Installer.UI.UnitTests\bin\Debug\VideoOS.Installer.UI.UnitTests.dll" adapterTypeName="executor://mstestadapter/v2" className="VideoOS.Installer.UI.UnitTests.KeyManagementPasswordWizardUnitTest" name="Given_ViewModelInCreateNewPasswordModeDoNotUsePasswordContainsEmptyPasswords_When_BeforeContinue_EmptyPasswordIsAcceptedAndItReturnsTrue" />
    </UnitTest>
    <UnitTest name="Given_ViewModelCreatedDoNotUsePasswordFalse_When_SettingPassword_Then_ThePasswordCanBeReadBack" storage="d:\actions-runner\_work\xpco\xpco\installerframework\videoos.installer.ui.unittests\bin\debug\videoos.installer.ui.unittests.dll" id="8e6e961e-c79c-aaad-965e-5da01fdaefe6">
      <Execution id="202dfcad-bf25-4fed-aeac-4e27dfee2213" />
      <TestMethod codeBase="D:\actions-runner\_work\XPCO\XPCO\InstallerFramework\VideoOS.Installer.UI.UnitTests\bin\Debug\VideoOS.Installer.UI.UnitTests.dll" adapterTypeName="executor://mstestadapter/v2" className="VideoOS.Installer.UI.UnitTests.KeyManagementPasswordWizardUnitTest" name="Given_ViewModelCreatedDoNotUsePasswordFalse_When_SettingPassword_Then_ThePasswordCanBeReadBack" />
    </UnitTest>
    <UnitTest name="Given_UIModeWithSystemPasswordModeCreateNewPassword_When_BeforeLeavePage_Then_EverythingIsIgnoredAndItReturnsTrue" storage="d:\actions-runner\_work\xpco\xpco\installerframework\videoos.installer.ui.unittests\bin\debug\videoos.installer.ui.unittests.dll" id="bdde6d30-b26e-c8b7-aa55-3540646d85c4">
      <Execution id="8685b8db-b743-4178-8b51-d0e36fd89a7e" />
      <TestMethod codeBase="D:\actions-runner\_work\XPCO\XPCO\InstallerFramework\VideoOS.Installer.UI.UnitTests\bin\Debug\VideoOS.Installer.UI.UnitTests.dll" adapterTypeName="executor://mstestadapter/v2" className="VideoOS.Installer.UI.UnitTests.KeyManagementPasswordActionUnitTest" name="Given_UIModeWithSystemPasswordModeCreateNewPassword_When_BeforeLeavePage_Then_EverythingIsIgnoredAndItReturnsTrue" />
    </UnitTest>
    <UnitTest name="Given_SilentModeWithSystemPasswordModeCreateNewPasswordAndNoPassword_When_BeforeLeavePage_Then_NoPasswordProtectionIsAccepted" storage="d:\actions-runner\_work\xpco\xpco\installerframework\videoos.installer.ui.unittests\bin\debug\videoos.installer.ui.unittests.dll" id="307d93fb-648d-2eb6-7944-351bf9914db4">
      <Execution id="203eccf0-0d02-4c94-b2db-52dc904687e9" />
      <TestMethod codeBase="D:\actions-runner\_work\XPCO\XPCO\InstallerFramework\VideoOS.Installer.UI.UnitTests\bin\Debug\VideoOS.Installer.UI.UnitTests.dll" adapterTypeName="executor://mstestadapter/v2" className="VideoOS.Installer.UI.UnitTests.KeyManagementPasswordActionUnitTest" name="Given_SilentModeWithSystemPasswordModeCreateNewPasswordAndNoPassword_When_BeforeLeavePage_Then_NoPasswordProtectionIsAccepted" />
    </UnitTest>
    <UnitTest name="Given_ViewModelCreatedPasswordsSet_When_SettingDoNotUsePassword_Then_PasswordsAreCleared" storage="d:\actions-runner\_work\xpco\xpco\installerframework\videoos.installer.ui.unittests\bin\debug\videoos.installer.ui.unittests.dll" id="0f8999e4-5254-dac6-0fe0-85f4fe21078c">
      <Execution id="275cc691-ee3f-4e9c-aff3-d7d6ba94ee36" />
      <TestMethod codeBase="D:\actions-runner\_work\XPCO\XPCO\InstallerFramework\VideoOS.Installer.UI.UnitTests\bin\Debug\VideoOS.Installer.UI.UnitTests.dll" adapterTypeName="executor://mstestadapter/v2" className="VideoOS.Installer.UI.UnitTests.KeyManagementPasswordWizardUnitTest" name="Given_ViewModelCreatedPasswordsSet_When_SettingDoNotUsePassword_Then_PasswordsAreCleared" />
    </UnitTest>
  </TestDefinitions>
  <TestEntries>
    <TestEntry testId="74a54032-be3b-061d-3de0-65bf2e59d945" executionId="7dac4795-a814-4fc0-876c-9f50efb591db" testListId="8c84fa94-04c1-424b-9868-57a2d4851a1d" />
    <TestEntry testId="8d01e33d-7c0a-637b-36ca-20cf3854ef6b" executionId="661add08-4241-4a2c-aeaa-9296c2daa3e4" testListId="8c84fa94-04c1-424b-9868-57a2d4851a1d" />
    <TestEntry testId="608d2485-dd70-5a3c-a123-fd21c1573a63" executionId="a34362ad-f582-4d66-9edd-cc281fe95293" testListId="8c84fa94-04c1-424b-9868-57a2d4851a1d" />
    <TestEntry testId="dfe69632-5d5c-fd7b-f8a7-369c576ca91d" executionId="4d616930-8d41-4b98-9d00-ea3adc075cd8" testListId="8c84fa94-04c1-424b-9868-57a2d4851a1d" />
    <TestEntry testId="5335b4ef-ccaa-ccda-a10d-fe1968a43f7c" executionId="b36dc1b7-2407-49b4-843e-4100cb2d22b1" testListId="8c84fa94-04c1-424b-9868-57a2d4851a1d" />
    <TestEntry testId="12baaac6-e5a8-c9cd-487d-b6713b8989b3" executionId="2680be36-5f69-4337-a3df-df9724d72001" testListId="8c84fa94-04c1-424b-9868-57a2d4851a1d" />
    <TestEntry testId="8723c955-5cc3-6c50-8e32-1ef925d0a199" executionId="1bb86fe8-3222-43c8-a797-5a2ca6de0913" testListId="8c84fa94-04c1-424b-9868-57a2d4851a1d" />
    <TestEntry testId="7db072b5-10ce-6ba1-7bd7-c81aba484012" executionId="11169d68-b342-406b-89aa-20cc1232a1fc" testListId="8c84fa94-04c1-424b-9868-57a2d4851a1d" />
    <TestEntry testId="2354c2e8-db8c-b4ec-331c-571a8a8238d3" executionId="0b38aaca-29ac-45f0-9895-16031c1efc87" testListId="8c84fa94-04c1-424b-9868-57a2d4851a1d" />
    <TestEntry testId="32261e6d-5bce-7f7c-85e3-2b9ec7cff99c" executionId="400fee4d-7aa0-438c-9330-e2de5931f2f5" testListId="8c84fa94-04c1-424b-9868-57a2d4851a1d" />
    <TestEntry testId="a5e996e9-0605-288f-46b9-5b61386b23ee" executionId="cfc9542f-f434-46b7-bff6-7190e42adcc9" testListId="8c84fa94-04c1-424b-9868-57a2d4851a1d" />
    <TestEntry testId="d814234b-bfa9-c03e-cc8b-1cbec8f0a171" executionId="9bc34093-f83b-432e-b200-3af363803bbc" testListId="8c84fa94-04c1-424b-9868-57a2d4851a1d" />
    <TestEntry testId="769b322c-a1eb-5e2e-fb35-4b4a5708fb9e" executionId="7a2e2188-b7d5-4d6b-a694-65972a163296" testListId="8c84fa94-04c1-424b-9868-57a2d4851a1d" />
    <TestEntry testId="0f8999e4-5254-dac6-0fe0-85f4fe21078c" executionId="275cc691-ee3f-4e9c-aff3-d7d6ba94ee36" testListId="8c84fa94-04c1-424b-9868-57a2d4851a1d" />
    <TestEntry testId="c6c49899-6e4d-b39f-cbc1-fb712a774de9" executionId="dcab0d57-d611-4608-90a7-a9062570738e" testListId="8c84fa94-04c1-424b-9868-57a2d4851a1d" />
    <TestEntry testId="8adec9e7-3b8e-0ca5-edf5-131b186119e0" executionId="0ade506a-a608-4c8c-be09-d0eb1396ce96" testListId="8c84fa94-04c1-424b-9868-57a2d4851a1d" />
    <TestEntry testId="d6e4c353-08b2-a1ab-75b6-3867fecf9387" executionId="e8f39b2d-742a-4d48-8b63-2c9fc1c2751e" testListId="8c84fa94-04c1-424b-9868-57a2d4851a1d" />
    <TestEntry testId="7a22382b-1e69-ef75-ad17-5209aa7cb881" executionId="c7e48388-4800-4eb5-9c3e-8d779644fa6e" testListId="8c84fa94-04c1-424b-9868-57a2d4851a1d" />
    <TestEntry testId="49c5bd85-8519-04ae-1904-d9fdd60b0b35" executionId="cc13fa1a-128a-4663-892d-e7b284e679ee" testListId="8c84fa94-04c1-424b-9868-57a2d4851a1d" />
    <TestEntry testId="307d93fb-648d-2eb6-7944-351bf9914db4" executionId="203eccf0-0d02-4c94-b2db-52dc904687e9" testListId="8c84fa94-04c1-424b-9868-57a2d4851a1d" />
    <TestEntry testId="33e31147-df8f-69da-fdcb-5698ad7c2241" executionId="082483bd-89c8-4907-ba69-9cd9ee450f48" testListId="8c84fa94-04c1-424b-9868-57a2d4851a1d" />
    <TestEntry testId="8e6e961e-c79c-aaad-965e-5da01fdaefe6" executionId="202dfcad-bf25-4fed-aeac-4e27dfee2213" testListId="8c84fa94-04c1-424b-9868-57a2d4851a1d" />
    <TestEntry testId="384b6982-64b8-a4d1-ad1b-304621e06a96" executionId="7f6f0e09-bf10-4cdc-b9c6-0cce6a6b021e" testListId="8c84fa94-04c1-424b-9868-57a2d4851a1d" />
    <TestEntry testId="8a253178-fcd4-5624-52ae-0ee9bbbd2ca2" executionId="fb921124-9a30-4ba0-9f16-0cb71093a5df" testListId="8c84fa94-04c1-424b-9868-57a2d4851a1d" />
    <TestEntry testId="358fb522-9422-7682-1b84-31dcec29c93b" executionId="140298fe-18ac-4ee8-9fdf-d33f58385d43" testListId="8c84fa94-04c1-424b-9868-57a2d4851a1d" />
    <TestEntry testId="bdde6d30-b26e-c8b7-aa55-3540646d85c4" executionId="8685b8db-b743-4178-8b51-d0e36fd89a7e" testListId="8c84fa94-04c1-424b-9868-57a2d4851a1d" />
    <TestEntry testId="6669fcbe-778f-ed69-c7a2-8a2c2d2c6ba0" executionId="75b892a6-8f7f-477e-bc17-ac41b13a4ffb" testListId="8c84fa94-04c1-424b-9868-57a2d4851a1d" />
    <TestEntry testId="9d65d3f3-33e6-8f69-d44c-c70401672d0a" executionId="ccb34291-7662-4726-9da3-e58642a5f78d" testListId="8c84fa94-04c1-424b-9868-57a2d4851a1d" />
    <TestEntry testId="066012b2-1f37-2aef-75ec-5fff78b3c4a3" executionId="469268b5-7d45-45a1-bb2a-38fcaa292c05" testListId="8c84fa94-04c1-424b-9868-57a2d4851a1d" />
  </TestEntries>
  <TestLists>
    <TestList name="Results Not in a List" id="8c84fa94-04c1-424b-9868-57a2d4851a1d" />
    <TestList name="All Loaded Results" id="19431567-8539-422a-85d7-44ee4e166bda" />
  </TestLists>
  <ResultSummary outcome="Completed">
    <Counters total="29" executed="29" passed="29" failed="0" error="0" timeout="0" aborted="0" inconclusive="0" passedButRunAborted="0" notRunnable="0" notExecuted="0" disconnected="0" warning="0" completed="0" inProgress="0" pending="0" />
  </ResultSummary>
</TestRun>