<?xml version="1.0" encoding="utf-8"?>
<TestRun id="f00e3132-37b8-40c2-b288-3de60b7d0468" name="DKSR-EFI-04$@DKSR-EFI-04 2023-12-22 09:34:18" runUser="NT AUTHORITY\NETWORK SERVICE" xmlns="http://microsoft.com/schemas/VisualStudio/TeamTest/2010">
  <Times creation="2023-12-22T09:34:18.7564768+01:00" queuing="2023-12-22T09:34:18.7564768+01:00" start="2023-12-22T09:34:16.5064669+01:00" finish="2023-12-22T09:34:20.1471085+01:00" />
  <TestSettings name="default" id="c4a3ca52-53a3-4f70-9c9d-22fc14786b96">
    <Deployment runDeploymentRoot="DKSR-EFI-04$_DKSR-EFI-04_2023-12-22_09_34_18" />
  </TestSettings>
  <Results>
    <UnitTestResult executionId="ef997d22-8c2f-4dc4-a62e-4cfb901a0c4f" testId="e64f7d49-8162-d06c-63dd-9daf1979f89a" testName="DeleteAlarmState_Deletes_WhenExistsAndNotDefault" computerName="DKSR-EFI-04" duration="00:00:00.0042835" startTime="2023-12-22T09:34:19.7564837+01:00" endTime="2023-12-22T09:34:19.7564837+01:00" testType="13cdc9d9-ddb5-4fa4-a97d-d965ccfc6d4b" outcome="Passed" testListId="8c84fa94-04c1-424b-9868-57a2d4851a1d" relativeResultsDirectory="ef997d22-8c2f-4dc4-a62e-4cfb901a0c4f" />
    <UnitTestResult executionId="b4b4c2ae-380c-4ac7-a6b8-131bc63661ad" testId="9213d6f5-2048-5f54-9021-059ae8399eaf" testName="DeleteAlarmState_ReturnsForbidden_WhenDefaultState" computerName="DKSR-EFI-04" duration="00:00:00.0029425" startTime="2023-12-22T09:34:19.7564837+01:00" endTime="2023-12-22T09:34:19.7564837+01:00" testType="13cdc9d9-ddb5-4fa4-a97d-d965ccfc6d4b" outcome="Passed" testListId="8c84fa94-04c1-424b-9868-57a2d4851a1d" relativeResultsDirectory="b4b4c2ae-380c-4ac7-a6b8-131bc63661ad" />
    <UnitTestResult executionId="5cc41071-beab-4fc5-8d33-d787e6739643" testId="8322d50f-7a10-a72c-9db0-690912ff0eb9" testName="GetAlarmPriorities_ReturnsAlarmPriorities_WhenReturnedByRepository" computerName="DKSR-EFI-04" duration="00:00:00.0385141" startTime="2023-12-22T09:34:19.1002296+01:00" endTime="2023-12-22T09:34:19.1314784+01:00" testType="13cdc9d9-ddb5-4fa4-a97d-d965ccfc6d4b" outcome="Passed" testListId="8c84fa94-04c1-424b-9868-57a2d4851a1d" relativeResultsDirectory="5cc41071-beab-4fc5-8d33-d787e6739643" />
    <UnitTestResult executionId="58c30045-68a0-4191-ab86-08d435a19396" testId="dbfa907c-6a5a-1c2e-b45d-b0c1be784436" testName="GetAlarmSounds_ReturnsForbidden_WhenCannotRead" computerName="DKSR-EFI-04" duration="00:00:00.0024343" startTime="2023-12-22T09:34:19.6314824+01:00" endTime="2023-12-22T09:34:19.6314824+01:00" testType="13cdc9d9-ddb5-4fa4-a97d-d965ccfc6d4b" outcome="Passed" testListId="8c84fa94-04c1-424b-9868-57a2d4851a1d" relativeResultsDirectory="58c30045-68a0-4191-ab86-08d435a19396" />
    <UnitTestResult executionId="d27e6a6b-6ca2-4a4a-a2f1-67af6c2035be" testId="45bfdc90-b072-d116-10b0-364044d464ae" testName="GetAlarm_ReturnsAlarm_WhenReturnedByRepository" computerName="DKSR-EFI-04" duration="00:00:00.0291486" startTime="2023-12-22T09:34:19.2877304+01:00" endTime="2023-12-22T09:34:19.3346068+01:00" testType="13cdc9d9-ddb5-4fa4-a97d-d965ccfc6d4b" outcome="Passed" testListId="8c84fa94-04c1-424b-9868-57a2d4851a1d" relativeResultsDirectory="d27e6a6b-6ca2-4a4a-a2f1-67af6c2035be" />
    <UnitTestResult executionId="e04c0423-683e-4e4b-b9a7-915c52868e70" testId="7037661c-4ff7-fd74-22d2-c9e2f13796a8" testName="GetAlarmManagerColumns_ReturnsAForbidden_WhenCannotRead" computerName="DKSR-EFI-04" duration="00:00:00.0017011" startTime="2023-12-22T09:34:19.0689780+01:00" endTime="2023-12-22T09:34:19.0689780+01:00" testType="13cdc9d9-ddb5-4fa4-a97d-d965ccfc6d4b" outcome="Passed" testListId="8c84fa94-04c1-424b-9868-57a2d4851a1d" relativeResultsDirectory="e04c0423-683e-4e4b-b9a7-915c52868e70" />
    <UnitTestResult executionId="22deaa6f-7f13-46a7-affe-5b4d9e2eba36" testId="f3c28dc7-8b17-8d53-d995-a2c076021f65" testName="GetStatistics_NotReturnsByState_WhenNoNoInclude" computerName="DKSR-EFI-04" duration="00:00:00.0018740" startTime="2023-12-22T09:34:19.7877334+01:00" endTime="2023-12-22T09:34:19.8033584+01:00" testType="13cdc9d9-ddb5-4fa4-a97d-d965ccfc6d4b" outcome="Passed" testListId="8c84fa94-04c1-424b-9868-57a2d4851a1d" relativeResultsDirectory="22deaa6f-7f13-46a7-affe-5b4d9e2eba36" />
    <UnitTestResult executionId="ecf7e437-74e5-480c-874f-4908ce6520c5" testId="c5e9eb62-273c-89cf-ff42-89759b87b6d0" testName="GetSnapshots_ReturnsEmptyArray_WhenNoSnapshotsByIdInRepository" computerName="DKSR-EFI-04" duration="00:00:00.0142262" startTime="2023-12-22T09:34:19.4127327+01:00" endTime="2023-12-22T09:34:19.4283545+01:00" testType="13cdc9d9-ddb5-4fa4-a97d-d965ccfc6d4b" outcome="Passed" testListId="8c84fa94-04c1-424b-9868-57a2d4851a1d" relativeResultsDirectory="ecf7e437-74e5-480c-874f-4908ce6520c5" />
    <UnitTestResult executionId="fd87d9bd-37c2-4b8f-a8ca-cf25c63edc62" testId="d5e37bef-4c32-802c-ab6b-21db6107c389" testName="PostSnapshots_ReturnsNotFound_WhenAlarmNotFoundByIdInRepository" computerName="DKSR-EFI-04" duration="00:00:00.0054062" startTime="2023-12-22T09:34:19.3971067+01:00" endTime="2023-12-22T09:34:19.4127327+01:00" testType="13cdc9d9-ddb5-4fa4-a97d-d965ccfc6d4b" outcome="Passed" testListId="8c84fa94-04c1-424b-9868-57a2d4851a1d" relativeResultsDirectory="fd87d9bd-37c2-4b8f-a8ca-cf25c63edc62" />
    <UnitTestResult executionId="c3e95d72-7862-4869-80db-8ead8b24db32" testId="cabd4be4-8e04-73bd-b9ce-d1ec47c7f950" testName="PatchAlarmState_PatchesAndReturns_WhenReturnedByRepository" computerName="DKSR-EFI-04" duration="00:00:00.0068844" startTime="2023-12-22T09:34:19.7096086+01:00" endTime="2023-12-22T09:34:19.7252339+01:00" testType="13cdc9d9-ddb5-4fa4-a97d-d965ccfc6d4b" outcome="Passed" testListId="8c84fa94-04c1-424b-9868-57a2d4851a1d" relativeResultsDirectory="c3e95d72-7862-4869-80db-8ead8b24db32" />
    <UnitTestResult executionId="1048c7c8-2401-4bce-a526-7d94bd4439d7" testId="80a355c2-b8ee-cf51-8b7b-bee6654585bc" testName="PostAlarmState_Stores_WhenCorrect" computerName="DKSR-EFI-04" duration="00:00:00.0080894" startTime="2023-12-22T09:34:19.7408584+01:00" endTime="2023-12-22T09:34:19.7408584+01:00" testType="13cdc9d9-ddb5-4fa4-a97d-d965ccfc6d4b" outcome="Passed" testListId="8c84fa94-04c1-424b-9868-57a2d4851a1d" relativeResultsDirectory="1048c7c8-2401-4bce-a526-7d94bd4439d7" />
    <UnitTestResult executionId="b3e5d6d6-156a-4904-9f36-9a82a9fdc077" testId="444e7632-b672-07a5-70d3-5b00d5daf49d" testName="GetAlarms_ReturnsAlarms_WhenReturnedByRepository" computerName="DKSR-EFI-04" duration="00:00:00.0462298" startTime="2023-12-22T09:34:19.2408562+01:00" endTime="2023-12-22T09:34:19.2877304+01:00" testType="13cdc9d9-ddb5-4fa4-a97d-d965ccfc6d4b" outcome="Passed" testListId="8c84fa94-04c1-424b-9868-57a2d4851a1d" relativeResultsDirectory="b3e5d6d6-156a-4904-9f36-9a82a9fdc077" />
    <UnitTestResult executionId="97e55a93-3592-40d4-92a3-acb9ffa5abe4" testId="a51de4a5-948f-6c56-44af-04e1267e3ef9" testName="PatchAlarmCategory_ReturnsForbidden_WhenCannotEditSettings" computerName="DKSR-EFI-04" duration="00:00:00.0048514" startTime="2023-12-22T09:34:18.7096040+01:00" endTime="2023-12-22T09:34:18.7252266+01:00" testType="13cdc9d9-ddb5-4fa4-a97d-d965ccfc6d4b" outcome="Passed" testListId="8c84fa94-04c1-424b-9868-57a2d4851a1d" relativeResultsDirectory="97e55a93-3592-40d4-92a3-acb9ffa5abe4" />
    <UnitTestResult executionId="0eeed356-ea48-46db-b5ad-9c0f018b7307" testId="3426664f-9064-57db-bebb-02372d806c18" testName="DeleteAlarmPriority_ReturnsForbidden_WhenCannotEditSettings" computerName="DKSR-EFI-04" duration="00:00:00.0024980" startTime="2023-12-22T09:34:19.2252306+01:00" endTime="2023-12-22T09:34:19.2252306+01:00" testType="13cdc9d9-ddb5-4fa4-a97d-d965ccfc6d4b" outcome="Passed" testListId="8c84fa94-04c1-424b-9868-57a2d4851a1d" relativeResultsDirectory="0eeed356-ea48-46db-b5ad-9c0f018b7307" />
    <UnitTestResult executionId="43bdc4db-83af-4845-b60a-7952440fc36a" testId="031b948a-1207-f6c7-2554-4b432c3a58ab" testName="PostAlarmPriority_ReturnsBadRequest_WhenSoundNotExists" computerName="DKSR-EFI-04" duration="00:00:00.0031425" startTime="2023-12-22T09:34:19.2096046+01:00" endTime="2023-12-22T09:34:19.2096046+01:00" testType="13cdc9d9-ddb5-4fa4-a97d-d965ccfc6d4b" outcome="Passed" testListId="8c84fa94-04c1-424b-9868-57a2d4851a1d" relativeResultsDirectory="43bdc4db-83af-4845-b60a-7952440fc36a" />
    <UnitTestResult executionId="ad77e8ed-e092-41c2-aa4d-023f4f8afdad" testId="da216857-75fe-a212-e8ea-2525a3bf67b4" testName="PatchAlarmState_ReturnsNotFound_WhenNotReturnedByRepository" computerName="DKSR-EFI-04" duration="00:00:00.0043063" startTime="2023-12-22T09:34:19.7252339+01:00" endTime="2023-12-22T09:34:19.7408584+01:00" testType="13cdc9d9-ddb5-4fa4-a97d-d965ccfc6d4b" outcome="Passed" testListId="8c84fa94-04c1-424b-9868-57a2d4851a1d" relativeResultsDirectory="ad77e8ed-e092-41c2-aa4d-023f4f8afdad" />
    <UnitTestResult executionId="13467f76-c021-4d85-a5db-46460b2beacb" testId="9d3b55ff-fd82-75ec-5065-a61afd0d279f" testName="DeleteByIdAsync_ThrowsAlarmServiceFaultExceptionUnknownSession_WhenNotExistingSessionRequested" computerName="DKSR-EFI-04" duration="00:00:00.0049793" startTime="2023-12-22T09:34:19.5846057+01:00" endTime="2023-12-22T09:34:19.5846057+01:00" testType="13cdc9d9-ddb5-4fa4-a97d-d965ccfc6d4b" outcome="Passed" testListId="8c84fa94-04c1-424b-9868-57a2d4851a1d" relativeResultsDirectory="13467f76-c021-4d85-a5db-46460b2beacb" />
    <UnitTestResult executionId="6f6db754-7c92-4416-a374-a04ab2d5274d" testId="a6da2d78-09a9-1ed8-b58e-9ac93ff017f8" testName="GetAlarmSounds_ReturnsAlarmSounds_WhenReturnedByRepository" computerName="DKSR-EFI-04" duration="00:00:00.0070295" startTime="2023-12-22T09:34:19.6158566+01:00" endTime="2023-12-22T09:34:19.6314824+01:00" testType="13cdc9d9-ddb5-4fa4-a97d-d965ccfc6d4b" outcome="Passed" testListId="8c84fa94-04c1-424b-9868-57a2d4851a1d" relativeResultsDirectory="6f6db754-7c92-4416-a374-a04ab2d5274d" />
    <UnitTestResult executionId="e9a77dee-9582-4da3-94cd-0bc6758b1e95" testId="fecd9be6-bec9-0b49-c6c4-ff9555e41ac3" testName="GetAlarmDefinitionById_ReturnsAlarmDefinition_WhenReturnedByRepository" computerName="DKSR-EFI-04" duration="00:00:00.0038656" startTime="2023-12-22T09:34:19.0064797+01:00" endTime="2023-12-22T09:34:19.0064797+01:00" testType="13cdc9d9-ddb5-4fa4-a97d-d965ccfc6d4b" outcome="Passed" testListId="8c84fa94-04c1-424b-9868-57a2d4851a1d" relativeResultsDirectory="e9a77dee-9582-4da3-94cd-0bc6758b1e95" />
    <UnitTestResult executionId="0e5392c1-3d4d-4a39-8029-7e545315b1b7" testId="caccdef6-4e02-7542-d31b-6b0a52067471" testName="PostAlarmPriority_ReturnsBadRequest_WhenAlreadyExists" computerName="DKSR-EFI-04" duration="00:00:00.0046491" startTime="2023-12-22T09:34:19.2096046+01:00" endTime="2023-12-22T09:34:19.2096046+01:00" testType="13cdc9d9-ddb5-4fa4-a97d-d965ccfc6d4b" outcome="Passed" testListId="8c84fa94-04c1-424b-9868-57a2d4851a1d" relativeResultsDirectory="0e5392c1-3d4d-4a39-8029-7e545315b1b7" />
    <UnitTestResult executionId="d5dff188-ad04-4fc3-ac0f-02a384ae8322" testId="504565d2-2795-2364-c3ab-039876f0a9fc" testName="GetAlarm_ReturnsNotFound_WhenNotReturnedByRepository" computerName="DKSR-EFI-04" duration="00:00:00.0034543" startTime="2023-12-22T09:34:18.6314772+01:00" endTime="2023-12-22T09:34:18.6314772+01:00" testType="13cdc9d9-ddb5-4fa4-a97d-d965ccfc6d4b" outcome="Passed" testListId="8c84fa94-04c1-424b-9868-57a2d4851a1d" relativeResultsDirectory="d5dff188-ad04-4fc3-ac0f-02a384ae8322" />
    <UnitTestResult executionId="d28ec690-e1d6-48a8-9a7a-1537aacd90ae" testId="fcec56c3-757d-bac7-895f-6a7381a82d75" testName="GetSnapshots_FetchesFromRepository_WhenCorrect" computerName="DKSR-EFI-04" duration="00:00:00.0714521" startTime="2023-12-22T09:34:19.4283545+01:00" endTime="2023-12-22T09:34:19.4908563+01:00" testType="13cdc9d9-ddb5-4fa4-a97d-d965ccfc6d4b" outcome="Passed" testListId="8c84fa94-04c1-424b-9868-57a2d4851a1d" relativeResultsDirectory="d28ec690-e1d6-48a8-9a7a-1537aacd90ae" />
    <UnitTestResult executionId="eef08c85-fc3c-49f8-928d-a501e1b07143" testId="db2907f4-c056-5586-d9e0-88232eb0a49e" testName="DeleteAlarmDefinition_ReturnsSuccess_WhenRemovedRepository" computerName="DKSR-EFI-04" duration="00:00:00.0038946" startTime="2023-12-22T09:34:19.0533530+01:00" endTime="2023-12-22T09:34:19.0533530+01:00" testType="13cdc9d9-ddb5-4fa4-a97d-d965ccfc6d4b" outcome="Passed" testListId="8c84fa94-04c1-424b-9868-57a2d4851a1d" relativeResultsDirectory="eef08c85-fc3c-49f8-928d-a501e1b07143" />
    <UnitTestResult executionId="1ddc17e5-505a-4962-8fef-4c069afa6994" testId="2c573f59-b5a1-dedc-3608-785110823d04" testName="GetByIdAsync_Succeeds_WhenValidUserAndExistingSession" computerName="DKSR-EFI-04" duration="00:00:00.0256100" startTime="2023-12-22T09:34:19.5533558+01:00" endTime="2023-12-22T09:34:19.5846057+01:00" testType="13cdc9d9-ddb5-4fa4-a97d-d965ccfc6d4b" outcome="Passed" testListId="8c84fa94-04c1-424b-9868-57a2d4851a1d" relativeResultsDirectory="1ddc17e5-505a-4962-8fef-4c069afa6994" />
    <UnitTestResult executionId="acf5faec-eaa5-4df6-934b-3d06ac2172f5" testId="f68d4a6c-159f-4f94-28b5-801adaf97c56" testName="PatchAlarmPriority_ReturnsNotFound_WhenNotReturnedByRepository" computerName="DKSR-EFI-04" duration="00:00:00.0052749" startTime="2023-12-22T09:34:19.1783549+01:00" endTime="2023-12-22T09:34:19.1783549+01:00" testType="13cdc9d9-ddb5-4fa4-a97d-d965ccfc6d4b" outcome="Passed" testListId="8c84fa94-04c1-424b-9868-57a2d4851a1d" relativeResultsDirectory="acf5faec-eaa5-4df6-934b-3d06ac2172f5" />
    <UnitTestResult executionId="a85ea8d3-58e3-4037-a68d-0b60f6d336dd" testId="1768ce57-9a0b-fc36-c4a3-71c366a0e5a6" testName="GetAlarmAuthorizedRoles_ReturnsAlarmAuthorizedRoles_WhenReturnedByManager" computerName="DKSR-EFI-04" duration="00:00:00.0698608" startTime="2023-12-22T09:34:18.5533520+01:00" endTime="2023-12-22T09:34:18.6314772+01:00" testType="13cdc9d9-ddb5-4fa4-a97d-d965ccfc6d4b" outcome="Passed" testListId="8c84fa94-04c1-424b-9868-57a2d4851a1d" relativeResultsDirectory="a85ea8d3-58e3-4037-a68d-0b60f6d336dd" />
    <UnitTestResult executionId="96efd415-3517-45c2-87f9-d85f8a9443af" testId="7ffbc039-e537-3a06-0c7a-54f1da647f8b" testName="DeleteByIdAsync_ThrowsUserValidationException_WhenInvalidUserRequests" computerName="DKSR-EFI-04" duration="00:00:00.0022176" startTime="2023-12-22T09:34:19.5846057+01:00" endTime="2023-12-22T09:34:19.5846057+01:00" testType="13cdc9d9-ddb5-4fa4-a97d-d965ccfc6d4b" outcome="Passed" testListId="8c84fa94-04c1-424b-9868-57a2d4851a1d" relativeResultsDirectory="96efd415-3517-45c2-87f9-d85f8a9443af" />
    <UnitTestResult executionId="056c827f-bdb1-40ce-8c41-d95fc479739c" testId="ca09e304-da18-86db-4894-2cf7b154d1b1" testName="PatchAlarmSettings_ReturnsForbidden_WhenCannotEditSettings" computerName="DKSR-EFI-04" duration="00:00:00.0021366" startTime="2023-12-22T09:34:19.6158566+01:00" endTime="2023-12-22T09:34:19.6158566+01:00" testType="13cdc9d9-ddb5-4fa4-a97d-d965ccfc6d4b" outcome="Passed" testListId="8c84fa94-04c1-424b-9868-57a2d4851a1d" relativeResultsDirectory="056c827f-bdb1-40ce-8c41-d95fc479739c" />
    <UnitTestResult executionId="f8c3dba8-de9e-42b5-baad-56a0aab00c4e" testId="7d5031eb-4122-662c-c258-dbde19405eb1" testName="PostAlarmState_ReturnsForbidden_WhenCannotEditSettings" computerName="DKSR-EFI-04" duration="00:00:00.0040661" startTime="2023-12-22T09:34:19.7408584+01:00" endTime="2023-12-22T09:34:19.7408584+01:00" testType="13cdc9d9-ddb5-4fa4-a97d-d965ccfc6d4b" outcome="Passed" testListId="8c84fa94-04c1-424b-9868-57a2d4851a1d" relativeResultsDirectory="f8c3dba8-de9e-42b5-baad-56a0aab00c4e" />
    <UnitTestResult executionId="9631b1bc-2272-458e-92a3-7ec9fe3c650f" testId="d8038aba-5c8b-53de-0fda-88b79ce6dee3" testName="GetByIdAsync_ThrowsUserValidationException_WhenNotAuthorizedUserRequests" computerName="DKSR-EFI-04" duration="00:00:00.0013643" startTime="2023-12-22T09:34:19.5533558+01:00" endTime="2023-12-22T09:34:19.5533558+01:00" testType="13cdc9d9-ddb5-4fa4-a97d-d965ccfc6d4b" outcome="Passed" testListId="8c84fa94-04c1-424b-9868-57a2d4851a1d" relativeResultsDirectory="9631b1bc-2272-458e-92a3-7ec9fe3c650f" />
    <UnitTestResult executionId="473d1ee1-8e0b-4c3d-95e8-32dd944cf1c3" testId="d941d812-7cfa-88c9-8c4c-70d74aad724c" testName="PostAlarmState_ReturnsBadRequest_WhenAlreadyExists" computerName="DKSR-EFI-04" duration="00:00:00.0037611" startTime="2023-12-22T09:34:19.7408584+01:00" endTime="2023-12-22T09:34:19.7564837+01:00" testType="13cdc9d9-ddb5-4fa4-a97d-d965ccfc6d4b" outcome="Passed" testListId="8c84fa94-04c1-424b-9868-57a2d4851a1d" relativeResultsDirectory="473d1ee1-8e0b-4c3d-95e8-32dd944cf1c3" />
    <UnitTestResult executionId="83ccbc5e-c08c-4bea-a566-0c49e48dc20b" testId="92905909-dda5-c258-591b-904fdfb4c304" testName="PutAlarmManagerColumns_OverridesAndReturns_WhenReturnedByRepository" computerName="DKSR-EFI-04" duration="00:00:00.0226668" startTime="2023-12-22T09:34:19.0689780+01:00" endTime="2023-12-22T09:34:19.0846039+01:00" testType="13cdc9d9-ddb5-4fa4-a97d-d965ccfc6d4b" outcome="Passed" testListId="8c84fa94-04c1-424b-9868-57a2d4851a1d" relativeResultsDirectory="83ccbc5e-c08c-4bea-a566-0c49e48dc20b" />
    <UnitTestResult executionId="d222b017-1f08-4a38-a6dc-86263940954e" testId="48ca4192-0715-ebf9-89e7-e7488fe2e14b" testName="PatchAlarmCategory_ReturnsNotFound_WhenNotReturnedByRepository" computerName="DKSR-EFI-04" duration="00:00:00.0044977" startTime="2023-12-22T09:34:18.7252266+01:00" endTime="2023-12-22T09:34:18.7252266+01:00" testType="13cdc9d9-ddb5-4fa4-a97d-d965ccfc6d4b" outcome="Passed" testListId="8c84fa94-04c1-424b-9868-57a2d4851a1d" relativeResultsDirectory="d222b017-1f08-4a38-a6dc-86263940954e" />
    <UnitTestResult executionId="2a6fa8af-c222-43f2-a9c6-1c0d317ae1e6" testId="a27441d6-7159-dbee-8e3a-242227ce26ae" testName="GetAlarmSound_ReturnsForbidden_WhenCannotRead" computerName="DKSR-EFI-04" duration="00:00:00.0031415" startTime="2023-12-22T09:34:19.6783556+01:00" endTime="2023-12-22T09:34:19.6783556+01:00" testType="13cdc9d9-ddb5-4fa4-a97d-d965ccfc6d4b" outcome="Passed" testListId="8c84fa94-04c1-424b-9868-57a2d4851a1d" relativeResultsDirectory="2a6fa8af-c222-43f2-a9c6-1c0d317ae1e6" />
    <UnitTestResult executionId="b905322b-8c62-45bd-bdf1-b860b79c5988" testId="df80ae2d-caba-0ccc-5377-0269b167f42c" testName="PatchAlarmSettings_ReturnsBadRequest_WhenNegative" computerName="DKSR-EFI-04" duration="00:00:00.0022088" startTime="2023-12-22T09:34:19.6158566+01:00" endTime="2023-12-22T09:34:19.6158566+01:00" testType="13cdc9d9-ddb5-4fa4-a97d-d965ccfc6d4b" outcome="Passed" testListId="8c84fa94-04c1-424b-9868-57a2d4851a1d" relativeResultsDirectory="b905322b-8c62-45bd-bdf1-b860b79c5988" />
    <UnitTestResult executionId="ea0e8db6-49ae-4777-8f7d-94bb2c1047d0" testId="4da9f952-8f82-451d-9f91-104cef5655a6" testName="PatchAlarmPriority_ReturnsBadRequest_WhenSoundNotExists" computerName="DKSR-EFI-04" duration="00:00:00.0066033" startTime="2023-12-22T09:34:19.1783549+01:00" endTime="2023-12-22T09:34:19.1783549+01:00" testType="13cdc9d9-ddb5-4fa4-a97d-d965ccfc6d4b" outcome="Passed" testListId="8c84fa94-04c1-424b-9868-57a2d4851a1d" relativeResultsDirectory="ea0e8db6-49ae-4777-8f7d-94bb2c1047d0" />
    <UnitTestResult executionId="247770c8-2700-4e20-a996-5cfe052cda37" testId="d8dc7f47-05ac-b542-4921-4c22649a8fe0" testName="GetStatistics_ReturnsByState_WhenInInclude" computerName="DKSR-EFI-04" duration="00:00:00.0263841" startTime="2023-12-22T09:34:19.7564837+01:00" endTime="2023-12-22T09:34:19.7877334+01:00" testType="13cdc9d9-ddb5-4fa4-a97d-d965ccfc6d4b" outcome="Passed" testListId="8c84fa94-04c1-424b-9868-57a2d4851a1d" relativeResultsDirectory="247770c8-2700-4e20-a996-5cfe052cda37" />
    <UnitTestResult executionId="6f1d6dd4-d27d-41ed-9552-60e00992e05f" testId="d8249755-c839-ea80-cf7e-821cd18b30bb" testName="GetAlarmStates_ReturnsAlarmStates_WhenReturnedByRepository" computerName="DKSR-EFI-04" duration="00:00:00.0062834" startTime="2023-12-22T09:34:19.7096086+01:00" endTime="2023-12-22T09:34:19.7096086+01:00" testType="13cdc9d9-ddb5-4fa4-a97d-d965ccfc6d4b" outcome="Passed" testListId="8c84fa94-04c1-424b-9868-57a2d4851a1d" relativeResultsDirectory="6f1d6dd4-d27d-41ed-9552-60e00992e05f" />
    <UnitTestResult executionId="d098bbfd-44a9-4b63-a769-2d0919aef851" testId="43bf165b-b1e9-c786-d62a-10bb22e07b01" testName="PostAlarmCategory_Stores_WhenCorrect" computerName="DKSR-EFI-04" duration="00:00:00.1618928" startTime="2023-12-22T09:34:18.7408530+01:00" endTime="2023-12-22T09:34:18.8971030+01:00" testType="13cdc9d9-ddb5-4fa4-a97d-d965ccfc6d4b" outcome="Passed" testListId="8c84fa94-04c1-424b-9868-57a2d4851a1d" relativeResultsDirectory="d098bbfd-44a9-4b63-a769-2d0919aef851" />
    <UnitTestResult executionId="0218a161-b5ec-4e4c-af51-9b838453126b" testId="9f15b6bf-ed52-0687-ff13-eb3f85c6509a" testName="GetStatistics_NotReturnsByState_WhenEmptyInclude" computerName="DKSR-EFI-04" duration="00:00:00.0021184" startTime="2023-12-22T09:34:19.7877334+01:00" endTime="2023-12-22T09:34:19.7877334+01:00" testType="13cdc9d9-ddb5-4fa4-a97d-d965ccfc6d4b" outcome="Passed" testListId="8c84fa94-04c1-424b-9868-57a2d4851a1d" relativeResultsDirectory="0218a161-b5ec-4e4c-af51-9b838453126b" />
    <UnitTestResult executionId="6d9dca13-dbb7-400c-9939-7c880a981ec6" testId="8333368b-e40e-ada3-8ff9-4510bf1bdaa7" testName="PutById_ReturnNotFound_WhenIdIsMissingInRepository" computerName="DKSR-EFI-04" duration="00:00:00.0039720" startTime="2023-12-22T09:34:18.9752287+01:00" endTime="2023-12-22T09:34:18.9908540+01:00" testType="13cdc9d9-ddb5-4fa4-a97d-d965ccfc6d4b" outcome="Passed" testListId="8c84fa94-04c1-424b-9868-57a2d4851a1d" relativeResultsDirectory="6d9dca13-dbb7-400c-9939-7c880a981ec6" />
    <UnitTestResult executionId="2a80b8bf-df85-4f17-a9fa-395cc3d1d612" testId="7f7084a2-a46f-d956-6a6d-750d85ce0a66" testName="GetAlarmCategories_ReturnsForbidden_WhenCannotRead" computerName="DKSR-EFI-04" duration="00:00:00.0227136" startTime="2023-12-22T09:34:18.6783532+01:00" endTime="2023-12-22T09:34:18.6939776+01:00" testType="13cdc9d9-ddb5-4fa4-a97d-d965ccfc6d4b" outcome="Passed" testListId="8c84fa94-04c1-424b-9868-57a2d4851a1d" relativeResultsDirectory="2a80b8bf-df85-4f17-a9fa-395cc3d1d612" />
    <UnitTestResult executionId="4425c753-bea7-4665-8ce5-43f792dac22a" testId="31b71329-e4ab-10bf-fbdd-fff51f00ccf6" testName="GetAlarmSound_ReturnsAlarmSound_WhenReturnedByRepository" computerName="DKSR-EFI-04" duration="00:00:00.0532768" startTime="2023-12-22T09:34:19.6314824+01:00" endTime="2023-12-22T09:34:19.6783556+01:00" testType="13cdc9d9-ddb5-4fa4-a97d-d965ccfc6d4b" outcome="Passed" testListId="8c84fa94-04c1-424b-9868-57a2d4851a1d" relativeResultsDirectory="4425c753-bea7-4665-8ce5-43f792dac22a" />
    <UnitTestResult executionId="2d9b2e86-28c0-4ffa-b05d-82fd637e8708" testId="003136a9-f83d-9967-d410-7e849b4b8184" testName="DeleteAlarmSound_ReturnsNotFound_WhenNotExists" computerName="DKSR-EFI-04" duration="00:00:00.0027615" startTime="2023-12-22T09:34:19.7096086+01:00" endTime="2023-12-22T09:34:19.7096086+01:00" testType="13cdc9d9-ddb5-4fa4-a97d-d965ccfc6d4b" outcome="Passed" testListId="8c84fa94-04c1-424b-9868-57a2d4851a1d" relativeResultsDirectory="2d9b2e86-28c0-4ffa-b05d-82fd637e8708" />
    <UnitTestResult executionId="966b8745-67a9-48e3-86fa-2e473cce2870" testId="5c3b2e0e-3e08-648e-7c4a-b2b6741ea2a6" testName="PostAsync_ThrowsUserValidationException_WhenInvalidUserRequests" computerName="DKSR-EFI-04" duration="00:00:00.0049871" startTime="2023-12-22T09:34:19.5377327+01:00" endTime="2023-12-22T09:34:19.5377327+01:00" testType="13cdc9d9-ddb5-4fa4-a97d-d965ccfc6d4b" outcome="Passed" testListId="8c84fa94-04c1-424b-9868-57a2d4851a1d" relativeResultsDirectory="966b8745-67a9-48e3-86fa-2e473cce2870" />
    <UnitTestResult executionId="d42953b6-1286-4965-a50b-19b1685a66e9" testId="1ee8fa08-8dbe-25ac-43c2-76c536a66f74" testName="PostAlarmDefinition_ReturnsAlarmDefinitions_WhenAddedToRepository" computerName="DKSR-EFI-04" duration="00:00:00.0428075" startTime="2023-12-22T09:34:19.0064797+01:00" endTime="2023-12-22T09:34:19.0533530+01:00" testType="13cdc9d9-ddb5-4fa4-a97d-d965ccfc6d4b" outcome="Passed" testListId="8c84fa94-04c1-424b-9868-57a2d4851a1d" relativeResultsDirectory="d42953b6-1286-4965-a50b-19b1685a66e9" />
    <UnitTestResult executionId="8933a579-4277-41c1-9038-890fdc836a06" testId="6d3e3703-7b46-6aa6-1e9d-f5b1b61e6541" testName="GetAlarmStates_ReturnsForbidden_WhenCannotRead" computerName="DKSR-EFI-04" duration="00:00:00.0022759" startTime="2023-12-22T09:34:19.7096086+01:00" endTime="2023-12-22T09:34:19.7096086+01:00" testType="13cdc9d9-ddb5-4fa4-a97d-d965ccfc6d4b" outcome="Passed" testListId="8c84fa94-04c1-424b-9868-57a2d4851a1d" relativeResultsDirectory="8933a579-4277-41c1-9038-890fdc836a06" />
    <UnitTestResult executionId="73ba7954-f6ae-421f-8493-3d9856428290" testId="67076b9e-4c93-d109-7827-f1dcab2002dd" testName="PutAlarmDefinition_ReturnsAlarmDefinitions_WhenUpdatedInRepository" computerName="DKSR-EFI-04" duration="00:00:00.0048348" startTime="2023-12-22T09:34:19.0533530+01:00" endTime="2023-12-22T09:34:19.0533530+01:00" testType="13cdc9d9-ddb5-4fa4-a97d-d965ccfc6d4b" outcome="Passed" testListId="8c84fa94-04c1-424b-9868-57a2d4851a1d" relativeResultsDirectory="73ba7954-f6ae-421f-8493-3d9856428290" />
    <UnitTestResult executionId="a5a062fb-bd4f-4287-ab1b-52107c8dd4bb" testId="50361531-ab01-953d-78ce-25691af8e556" testName="GetAlarmCategories_ReturnsAlarmCategories_WhenReturnedByRepository" computerName="DKSR-EFI-04" duration="00:00:00.0474861" startTime="2023-12-22T09:34:18.6314772+01:00" endTime="2023-12-22T09:34:18.6783532+01:00" testType="13cdc9d9-ddb5-4fa4-a97d-d965ccfc6d4b" outcome="Passed" testListId="8c84fa94-04c1-424b-9868-57a2d4851a1d" relativeResultsDirectory="a5a062fb-bd4f-4287-ab1b-52107c8dd4bb" />
    <UnitTestResult executionId="032ac12b-cdb1-4b14-8503-709bccea2906" testId="ba8182e2-0e7f-893a-3584-dbdbf426abc9" testName="GetByIdAsync_ThrowsAlarmServiceFaultExceptionInvalidAuthentication_WhenNotAuthorizedUserRequests" computerName="DKSR-EFI-04" duration="00:00:00.0027411" startTime="2023-12-22T09:34:19.5533558+01:00" endTime="2023-12-22T09:34:19.5533558+01:00" testType="13cdc9d9-ddb5-4fa4-a97d-d965ccfc6d4b" outcome="Passed" testListId="8c84fa94-04c1-424b-9868-57a2d4851a1d" relativeResultsDirectory="032ac12b-cdb1-4b14-8503-709bccea2906" />
    <UnitTestResult executionId="afb03a40-0589-4cda-9196-93728fd1761d" testId="7f5a4df5-380a-7a15-c049-9e50b2ae3008" testName="DeleteAlarmCategory_ReturnsNotFound_WhenNotExists" computerName="DKSR-EFI-04" duration="00:00:00.0190545" startTime="2023-12-22T09:34:18.9283535+01:00" endTime="2023-12-22T09:34:18.9439780+01:00" testType="13cdc9d9-ddb5-4fa4-a97d-d965ccfc6d4b" outcome="Passed" testListId="8c84fa94-04c1-424b-9868-57a2d4851a1d" relativeResultsDirectory="afb03a40-0589-4cda-9196-93728fd1761d" />
    <UnitTestResult executionId="587973fe-c95b-47f9-a26f-3fd18880dd5b" testId="726d99fb-524a-8321-94ae-71e7e81707ca" testName="PatchAlarm_UpdatesAlarm_WhenValid" computerName="DKSR-EFI-04" duration="00:00:00.0188416" startTime="2023-12-22T09:34:19.3814796+01:00" endTime="2023-12-22T09:34:19.3971067+01:00" testType="13cdc9d9-ddb5-4fa4-a97d-d965ccfc6d4b" outcome="Passed" testListId="8c84fa94-04c1-424b-9868-57a2d4851a1d" relativeResultsDirectory="587973fe-c95b-47f9-a26f-3fd18880dd5b" />
    <UnitTestResult executionId="7a1f1c0c-7467-44c1-aebd-e7c002555b85" testId="8e0c34f1-8477-77ca-c343-8e76a92f72ed" testName="PostAlarmCategory_ReturnsForbidden_WhenCannotRead" computerName="DKSR-EFI-04" duration="00:00:00.0038674" startTime="2023-12-22T09:34:18.8971030+01:00" endTime="2023-12-22T09:34:18.8971030+01:00" testType="13cdc9d9-ddb5-4fa4-a97d-d965ccfc6d4b" outcome="Passed" testListId="8c84fa94-04c1-424b-9868-57a2d4851a1d" relativeResultsDirectory="7a1f1c0c-7467-44c1-aebd-e7c002555b85" />
    <UnitTestResult executionId="cd02550f-2ca8-49b0-a0ee-ad619f32c273" testId="52df9033-e832-ada0-efdb-f546a702f7e3" testName="DeleteAlarmCategory_Deletes_WhenExistsAndNotDefault" computerName="DKSR-EFI-04" duration="00:00:00.0046377" startTime="2023-12-22T09:34:18.9127290+01:00" endTime="2023-12-22T09:34:18.9283535+01:00" testType="13cdc9d9-ddb5-4fa4-a97d-d965ccfc6d4b" outcome="Passed" testListId="8c84fa94-04c1-424b-9868-57a2d4851a1d" relativeResultsDirectory="cd02550f-2ca8-49b0-a0ee-ad619f32c273" />
    <UnitTestResult executionId="1c16f679-d25d-4b26-8281-921e03415903" testId="e53e8ad1-7a23-6354-77e9-0a55bce874dc" testName="GetAlarmReasonsForClosing_ReturnsForbidden_WhenCannotRead" computerName="DKSR-EFI-04" duration="00:00:00.0019743" startTime="2023-12-22T09:34:19.2408562+01:00" endTime="2023-12-22T09:34:19.2408562+01:00" testType="13cdc9d9-ddb5-4fa4-a97d-d965ccfc6d4b" outcome="Passed" testListId="8c84fa94-04c1-424b-9868-57a2d4851a1d" relativeResultsDirectory="1c16f679-d25d-4b26-8281-921e03415903" />
    <UnitTestResult executionId="7689083f-3424-4dce-9009-3b81e568f999" testId="5433a76f-8e3f-a1de-e107-5a1699bd24b9" testName="PostAlarmSound_SendsToSoundManager_WhenCorrect" computerName="DKSR-EFI-04" duration="00:00:00.0071156" startTime="2023-12-22T09:34:19.6939830+01:00" endTime="2023-12-22T09:34:19.6939830+01:00" testType="13cdc9d9-ddb5-4fa4-a97d-d965ccfc6d4b" outcome="Passed" testListId="8c84fa94-04c1-424b-9868-57a2d4851a1d" relativeResultsDirectory="7689083f-3424-4dce-9009-3b81e568f999" />
    <UnitTestResult executionId="2f71c0e8-8d2e-4fc3-80f5-bc9e985a3d28" testId="e1552691-e502-4f07-2be0-a4d35ddbb7c9" testName="GetAlarmSettings_ReturnsAlarmSettings_WhenReturnedByConfig" computerName="DKSR-EFI-04" duration="00:00:00.0102840" startTime="2023-12-22T09:34:19.6002310+01:00" endTime="2023-12-22T09:34:19.6002310+01:00" testType="13cdc9d9-ddb5-4fa4-a97d-d965ccfc6d4b" outcome="Passed" testListId="8c84fa94-04c1-424b-9868-57a2d4851a1d" relativeResultsDirectory="2f71c0e8-8d2e-4fc3-80f5-bc9e985a3d28" />
    <UnitTestResult executionId="fc616c51-f5c9-4f6d-ac49-0d6053c92701" testId="4bfc8f0f-f9d8-f823-f73c-0942ce29b34a" testName="DeleteAlarmSound_ReturnsForbidden_WhenCannotEditSettings" computerName="DKSR-EFI-04" duration="00:00:00.0027783" startTime="2023-12-22T09:34:19.6939830+01:00" endTime="2023-12-22T09:34:19.7096086+01:00" testType="13cdc9d9-ddb5-4fa4-a97d-d965ccfc6d4b" outcome="Passed" testListId="8c84fa94-04c1-424b-9868-57a2d4851a1d" relativeResultsDirectory="fc616c51-f5c9-4f6d-ac49-0d6053c92701" />
    <UnitTestResult executionId="07dc7b74-6aa7-4235-bcf2-e487821cbcdd" testId="f9403549-618d-3946-7346-ac45ecf4aac6" testName="PutAlarmManagerColumns_ReturnsForbidden_WhenCannotEditSettings" computerName="DKSR-EFI-04" duration="00:00:00.0022702" startTime="2023-12-22T09:34:19.0846039+01:00" endTime="2023-12-22T09:34:19.1002296+01:00" testType="13cdc9d9-ddb5-4fa4-a97d-d965ccfc6d4b" outcome="Passed" testListId="8c84fa94-04c1-424b-9868-57a2d4851a1d" relativeResultsDirectory="07dc7b74-6aa7-4235-bcf2-e487821cbcdd" />
    <UnitTestResult executionId="182b63c0-929b-400d-9f52-81c31751f289" testId="8b005007-a747-7157-8373-0a5bf5bb4505" testName="AlarmDefinitionToDtoConverter_ToDto_ReturnsCorrectObject" computerName="DKSR-EFI-04" duration="00:00:00.4730300" startTime="2023-12-22T09:34:17.8033478+01:00" endTime="2023-12-22T09:34:18.4283506+01:00" testType="13cdc9d9-ddb5-4fa4-a97d-d965ccfc6d4b" outcome="Passed" testListId="8c84fa94-04c1-424b-9868-57a2d4851a1d" relativeResultsDirectory="182b63c0-929b-400d-9f52-81c31751f289" />
    <UnitTestResult executionId="61ccfd6c-feb7-47c2-a5e6-a1ea8f9575d7" testId="55b9eda8-3e94-1f87-b54e-54ebfaa360e3" testName="GetAlarmDefinitions_ReturnsForbidden_WhenUnauthorizedRead" computerName="DKSR-EFI-04" duration="00:00:00.0199868" startTime="2023-12-22T09:34:18.9439780+01:00" endTime="2023-12-22T09:34:18.9596048+01:00" testType="13cdc9d9-ddb5-4fa4-a97d-d965ccfc6d4b" outcome="Passed" testListId="8c84fa94-04c1-424b-9868-57a2d4851a1d" relativeResultsDirectory="61ccfd6c-feb7-47c2-a5e6-a1ea8f9575d7" />
    <UnitTestResult executionId="923f3f21-1925-4496-b94b-d6c2717ed0ec" testId="2350f358-941b-3c98-6f02-d35d4d3c4714" testName="PatchAlarmState_ReturnsForbidden_WhenCannotEditSettings" computerName="DKSR-EFI-04" duration="00:00:00.0042773" startTime="2023-12-22T09:34:19.7252339+01:00" endTime="2023-12-22T09:34:19.7252339+01:00" testType="13cdc9d9-ddb5-4fa4-a97d-d965ccfc6d4b" outcome="Passed" testListId="8c84fa94-04c1-424b-9868-57a2d4851a1d" relativeResultsDirectory="923f3f21-1925-4496-b94b-d6c2717ed0ec" />
    <UnitTestResult executionId="3935186e-b5e8-421b-8d5f-6751200f6090" testId="213faaec-f28a-8cf2-aed6-46031d755589" testName="PostAlarm_SendsToAlarmProcessor_WhenCorrect" computerName="DKSR-EFI-04" duration="00:00:00.0455727" startTime="2023-12-22T09:34:19.3346068+01:00" endTime="2023-12-22T09:34:19.3814796+01:00" testType="13cdc9d9-ddb5-4fa4-a97d-d965ccfc6d4b" outcome="Passed" testListId="8c84fa94-04c1-424b-9868-57a2d4851a1d" relativeResultsDirectory="3935186e-b5e8-421b-8d5f-6751200f6090" />
    <UnitTestResult executionId="18491d3e-34f8-46d1-bd97-1e8eb5e6761e" testId="6f5c93a4-6737-3a9f-b508-2098af8e0595" testName="PutAlarmReasonsForClosing_OverridesAndReturns_WhenReturnedByRepository" computerName="DKSR-EFI-04" duration="00:00:00.0058769" startTime="2023-12-22T09:34:19.2408562+01:00" endTime="2023-12-22T09:34:19.2408562+01:00" testType="13cdc9d9-ddb5-4fa4-a97d-d965ccfc6d4b" outcome="Passed" testListId="8c84fa94-04c1-424b-9868-57a2d4851a1d" relativeResultsDirectory="18491d3e-34f8-46d1-bd97-1e8eb5e6761e" />
    <UnitTestResult executionId="0457ac6b-370b-4bd3-a5b7-08460045e7a8" testId="e6b520f8-0623-dc53-5f62-5b9f653771e8" testName="GetByIdAsync_ThrowsAlarmServiceFaultExceptionUnknownSession_WhenNotExistingSessionRequested" computerName="DKSR-EFI-04" duration="00:00:00.0061031" startTime="2023-12-22T09:34:19.5377327+01:00" endTime="2023-12-22T09:34:19.5533558+01:00" testType="13cdc9d9-ddb5-4fa4-a97d-d965ccfc6d4b" outcome="Passed" testListId="8c84fa94-04c1-424b-9868-57a2d4851a1d" relativeResultsDirectory="0457ac6b-370b-4bd3-a5b7-08460045e7a8" />
    <UnitTestResult executionId="cb8ca15b-eb79-457a-8f1d-a3f74eb39cc3" testId="9519ff13-f4ae-f878-eb4a-7c327a181f97" testName="DeleteAlarmSound_DeletesFromSoundManager_WhenExists" computerName="DKSR-EFI-04" duration="00:00:00.0050138" startTime="2023-12-22T09:34:19.6939830+01:00" endTime="2023-12-22T09:34:19.6939830+01:00" testType="13cdc9d9-ddb5-4fa4-a97d-d965ccfc6d4b" outcome="Passed" testListId="8c84fa94-04c1-424b-9868-57a2d4851a1d" relativeResultsDirectory="cb8ca15b-eb79-457a-8f1d-a3f74eb39cc3" />
    <UnitTestResult executionId="e027821b-99ee-4e69-94d7-7594422ea1a3" testId="d6fc99d8-bf1b-c8cc-6ae6-4506359df52c" testName="DeleteAlarmPriority_Deletes_WhenExistsAndNotDefault" computerName="DKSR-EFI-04" duration="00:00:00.0053727" startTime="2023-12-22T09:34:19.2096046+01:00" endTime="2023-12-22T09:34:19.2252306+01:00" testType="13cdc9d9-ddb5-4fa4-a97d-d965ccfc6d4b" outcome="Passed" testListId="8c84fa94-04c1-424b-9868-57a2d4851a1d" relativeResultsDirectory="e027821b-99ee-4e69-94d7-7594422ea1a3" />
    <UnitTestResult executionId="eca47ccd-dcbc-4497-ae2d-18127f7cc116" testId="2bde8518-0fe5-a837-2566-3e88998755f9" testName="GetAlarmSound_ReturnsNotFound_WhenNotReturnedByRepository" computerName="DKSR-EFI-04" duration="00:00:00.0020055" startTime="2023-12-22T09:34:19.6783556+01:00" endTime="2023-12-22T09:34:19.6939830+01:00" testType="13cdc9d9-ddb5-4fa4-a97d-d965ccfc6d4b" outcome="Passed" testListId="8c84fa94-04c1-424b-9868-57a2d4851a1d" relativeResultsDirectory="eca47ccd-dcbc-4497-ae2d-18127f7cc116" />
    <UnitTestResult executionId="011303e4-b9b9-42fc-a38f-336d015cfacf" testId="4366ebca-90b4-8e87-c482-7b1f7537f5a9" testName="GetById_ReturnNotFound_WhenIdIsMissingInRepository" computerName="DKSR-EFI-04" duration="00:00:00.0036989" startTime="2023-12-22T09:34:18.9752287+01:00" endTime="2023-12-22T09:34:18.9752287+01:00" testType="13cdc9d9-ddb5-4fa4-a97d-d965ccfc6d4b" outcome="Passed" testListId="8c84fa94-04c1-424b-9868-57a2d4851a1d" relativeResultsDirectory="011303e4-b9b9-42fc-a38f-336d015cfacf" />
    <UnitTestResult executionId="f21b2663-c1b3-4b39-8348-8c3321d2af8f" testId="0cab05b6-ce55-6cdc-9014-e2e94a486291" testName="DeleteById_ReturnNotFound_WhenIdIsMissingInRepository" computerName="DKSR-EFI-04" duration="00:00:00.0032731" startTime="2023-12-22T09:34:18.9908540+01:00" endTime="2023-12-22T09:34:18.9908540+01:00" testType="13cdc9d9-ddb5-4fa4-a97d-d965ccfc6d4b" outcome="Passed" testListId="8c84fa94-04c1-424b-9868-57a2d4851a1d" relativeResultsDirectory="f21b2663-c1b3-4b39-8348-8c3321d2af8f" />
    <UnitTestResult executionId="63c7bb64-3cbe-4a2b-ae27-1f7017634c49" testId="9194256d-55fc-13b2-7af1-65d2d12e2b28" testName="PutAlarmReasonsForClosing_ReturnsForbidden_WhenCannotEditSettings" computerName="DKSR-EFI-04" duration="00:00:00.0029199" startTime="2023-12-22T09:34:19.2408562+01:00" endTime="2023-12-22T09:34:19.2408562+01:00" testType="13cdc9d9-ddb5-4fa4-a97d-d965ccfc6d4b" outcome="Passed" testListId="8c84fa94-04c1-424b-9868-57a2d4851a1d" relativeResultsDirectory="63c7bb64-3cbe-4a2b-ae27-1f7017634c49" />
    <UnitTestResult executionId="323bdf34-d136-4355-9eb1-badda88e97aa" testId="638cca05-5290-603a-b769-57840cacf291" testName="PostAsync_ThrowsAlarmServiceFaultExceptionUnknownSession_WhenNotExistingSessionRequested" computerName="DKSR-EFI-04" duration="00:00:00.0252082" startTime="2023-12-22T09:34:19.5064821+01:00" endTime="2023-12-22T09:34:19.5377327+01:00" testType="13cdc9d9-ddb5-4fa4-a97d-d965ccfc6d4b" outcome="Passed" testListId="8c84fa94-04c1-424b-9868-57a2d4851a1d" relativeResultsDirectory="323bdf34-d136-4355-9eb1-badda88e97aa" />
    <UnitTestResult executionId="89d95913-256b-452d-8a9e-5bde4d4a4041" testId="86b05c7a-2481-23fc-c4cb-d69def37d7aa" testName="PostAlarmPriority_Stores_WhenCorrect" computerName="DKSR-EFI-04" duration="00:00:00.0140501" startTime="2023-12-22T09:34:19.1783549+01:00" endTime="2023-12-22T09:34:19.1939804+01:00" testType="13cdc9d9-ddb5-4fa4-a97d-d965ccfc6d4b" outcome="Passed" testListId="8c84fa94-04c1-424b-9868-57a2d4851a1d" relativeResultsDirectory="89d95913-256b-452d-8a9e-5bde4d4a4041" />
    <UnitTestResult executionId="5d4da924-f64e-48e4-a65e-3781de9a1d35" testId="e1454323-f60d-3ed3-30d3-a3ac60e70bd8" testName="GetAlarmManagerColumns_ReturnsAlarmManagerColumns_WhenReturnedByRepository" computerName="DKSR-EFI-04" duration="00:00:00.0078190" startTime="2023-12-22T09:34:19.0533530+01:00" endTime="2023-12-22T09:34:19.0689780+01:00" testType="13cdc9d9-ddb5-4fa4-a97d-d965ccfc6d4b" outcome="Passed" testListId="8c84fa94-04c1-424b-9868-57a2d4851a1d" relativeResultsDirectory="5d4da924-f64e-48e4-a65e-3781de9a1d35" />
    <UnitTestResult executionId="1d235dbb-ca5b-427c-b9d1-5f6f1fa6cad7" testId="3edea0a2-4969-b4e6-8f0c-5aaa1fbe0193" testName="PostSnapshots_SendsToRepository_WhenCorrect" computerName="DKSR-EFI-04" duration="00:00:00.0106405" startTime="2023-12-22T09:34:19.4908563+01:00" endTime="2023-12-22T09:34:19.5064821+01:00" testType="13cdc9d9-ddb5-4fa4-a97d-d965ccfc6d4b" outcome="Passed" testListId="8c84fa94-04c1-424b-9868-57a2d4851a1d" relativeResultsDirectory="1d235dbb-ca5b-427c-b9d1-5f6f1fa6cad7" />
    <UnitTestResult executionId="c4645238-2df4-47a5-abe9-d25f6a309f47" testId="33728c71-ddda-3d4b-e03e-fb8fb3573676" testName="DeleteByIdAsync_Succeeds_WhenValidUserAndExistingSession" computerName="DKSR-EFI-04" duration="00:00:00.0009679" startTime="2023-12-22T09:34:19.6002310+01:00" endTime="2023-12-22T09:34:19.6002310+01:00" testType="13cdc9d9-ddb5-4fa4-a97d-d965ccfc6d4b" outcome="Passed" testListId="8c84fa94-04c1-424b-9868-57a2d4851a1d" relativeResultsDirectory="c4645238-2df4-47a5-abe9-d25f6a309f47" />
    <UnitTestResult executionId="9a513e91-4350-474b-8df3-00dec24f763b" testId="8258123e-0a6c-d969-0931-f39b8fedeb37" testName="PostAsync_ThrowsAlarmServiceFaultExceptionInvalidAuthentication_WhenNotAuthorizedUserRequests" computerName="DKSR-EFI-04" duration="00:00:00.0020619" startTime="2023-12-22T09:34:19.5377327+01:00" endTime="2023-12-22T09:34:19.5377327+01:00" testType="13cdc9d9-ddb5-4fa4-a97d-d965ccfc6d4b" outcome="Passed" testListId="8c84fa94-04c1-424b-9868-57a2d4851a1d" relativeResultsDirectory="9a513e91-4350-474b-8df3-00dec24f763b" />
    <UnitTestResult executionId="4aab8111-14d0-458e-a4ab-9b4353922b83" testId="c3c858cc-80cf-bd60-eaa7-3b2bf3252bae" testName="PostAlarmSound_ReturnsForbidden_WhenCannotEditSettings" computerName="DKSR-EFI-04" duration="00:00:00.0015773" startTime="2023-12-22T09:34:19.6939830+01:00" endTime="2023-12-22T09:34:19.6939830+01:00" testType="13cdc9d9-ddb5-4fa4-a97d-d965ccfc6d4b" outcome="Passed" testListId="8c84fa94-04c1-424b-9868-57a2d4851a1d" relativeResultsDirectory="4aab8111-14d0-458e-a4ab-9b4353922b83" />
    <UnitTestResult executionId="b0955f0b-832a-4df1-82ab-7a62e304222d" testId="602629ca-cb49-2cb9-7fbf-3f99b0a65d04" testName="GetAlarmSettings_ReturnsAForbidden_WhenCannotRead" computerName="DKSR-EFI-04" duration="00:00:00.0018898" startTime="2023-12-22T09:34:19.6002310+01:00" endTime="2023-12-22T09:34:19.6002310+01:00" testType="13cdc9d9-ddb5-4fa4-a97d-d965ccfc6d4b" outcome="Passed" testListId="8c84fa94-04c1-424b-9868-57a2d4851a1d" relativeResultsDirectory="b0955f0b-832a-4df1-82ab-7a62e304222d" />
    <UnitTestResult executionId="358de85a-b25d-448a-92da-f0bf581d3202" testId="c8d040fd-a083-ba96-be3a-5dbf1f3affe0" testName="DeleteAlarmCategory_ReturnsForbidden_WhenCannotEdit" computerName="DKSR-EFI-04" duration="00:00:00.0025719" startTime="2023-12-22T09:34:18.9283535+01:00" endTime="2023-12-22T09:34:18.9283535+01:00" testType="13cdc9d9-ddb5-4fa4-a97d-d965ccfc6d4b" outcome="Passed" testListId="8c84fa94-04c1-424b-9868-57a2d4851a1d" relativeResultsDirectory="358de85a-b25d-448a-92da-f0bf581d3202" />
    <UnitTestResult executionId="9632d7c3-0cce-4036-8278-37fc7049d7f0" testId="fc529f73-92b5-95ad-56ed-8e776433486a" testName="GetAlarmPriorities_ReturnsForbidden_WhenCannotRead" computerName="DKSR-EFI-04" duration="00:00:00.0088831" startTime="2023-12-22T09:34:19.1314784+01:00" endTime="2023-12-22T09:34:19.1471057+01:00" testType="13cdc9d9-ddb5-4fa4-a97d-d965ccfc6d4b" outcome="Passed" testListId="8c84fa94-04c1-424b-9868-57a2d4851a1d" relativeResultsDirectory="9632d7c3-0cce-4036-8278-37fc7049d7f0" />
    <UnitTestResult executionId="b5e247ce-7735-4591-b448-e00c1832adfb" testId="1e98cf6d-5430-c12d-c632-79bf505e7fea" testName="GetAlarmDefinitions_ReturnsAlarmDefinitions_WhenReturnedByRepository" computerName="DKSR-EFI-04" duration="00:00:00.0135696" startTime="2023-12-22T09:34:18.9908540+01:00" endTime="2023-12-22T09:34:19.0064797+01:00" testType="13cdc9d9-ddb5-4fa4-a97d-d965ccfc6d4b" outcome="Passed" testListId="8c84fa94-04c1-424b-9868-57a2d4851a1d" relativeResultsDirectory="b5e247ce-7735-4591-b448-e00c1832adfb" />
    <UnitTestResult executionId="e5c0fb56-cdde-4b18-9041-039ac055801c" testId="c537e4b8-c876-507c-0b33-25626acc9bb5" testName="AlarmDefinitionToDtoConverter_FromDto_ReturnsCorrectObject" computerName="DKSR-EFI-04" duration="00:00:00.1132280" startTime="2023-12-22T09:34:18.4439752+01:00" endTime="2023-12-22T09:34:18.5533520+01:00" testType="13cdc9d9-ddb5-4fa4-a97d-d965ccfc6d4b" outcome="Passed" testListId="8c84fa94-04c1-424b-9868-57a2d4851a1d" relativeResultsDirectory="e5c0fb56-cdde-4b18-9041-039ac055801c" />
    <UnitTestResult executionId="53381c76-d4fc-436e-a773-06c52b8b38d2" testId="962fee03-3b35-2e9c-4452-66a0a8a16975" testName="GetSnapshots_ReturnsNotFound_WhenAlarmNotFoundByIdInRepository" computerName="DKSR-EFI-04" duration="00:00:00.0065802" startTime="2023-12-22T09:34:19.3971067+01:00" endTime="2023-12-22T09:34:19.3971067+01:00" testType="13cdc9d9-ddb5-4fa4-a97d-d965ccfc6d4b" outcome="Passed" testListId="8c84fa94-04c1-424b-9868-57a2d4851a1d" relativeResultsDirectory="53381c76-d4fc-436e-a773-06c52b8b38d2" />
    <UnitTestResult executionId="f6853f51-8fe3-47a0-b72c-c369228f724b" testId="731c8760-5913-fbf0-e5a4-e90c480360cd" testName="GetAlarm_ReturnsNotFound_WhenNotReturnedByRepository" computerName="DKSR-EFI-04" duration="00:00:00.0021320" startTime="2023-12-22T09:34:19.3346068+01:00" endTime="2023-12-22T09:34:19.3346068+01:00" testType="13cdc9d9-ddb5-4fa4-a97d-d965ccfc6d4b" outcome="Passed" testListId="8c84fa94-04c1-424b-9868-57a2d4851a1d" relativeResultsDirectory="f6853f51-8fe3-47a0-b72c-c369228f724b" />
    <UnitTestResult executionId="a4d13e27-6305-4b3d-85d6-0706e5ff776a" testId="99db15e5-b0f4-7199-0643-aec7206cc8d1" testName="PostAlarmCategory_ReturnsBadRequest_WhenAlreadyExists" computerName="DKSR-EFI-04" duration="00:00:00.0149748" startTime="2023-12-22T09:34:18.8971030+01:00" endTime="2023-12-22T09:34:18.9127290+01:00" testType="13cdc9d9-ddb5-4fa4-a97d-d965ccfc6d4b" outcome="Passed" testListId="8c84fa94-04c1-424b-9868-57a2d4851a1d" relativeResultsDirectory="a4d13e27-6305-4b3d-85d6-0706e5ff776a" />
    <UnitTestResult executionId="12a32920-38e7-4c83-b54e-cd7ec8c9b7eb" testId="2334dff9-f212-3bf3-1eb3-234a61132fbb" testName="PatchAlarmPriority_RemovesSoundMapping_WhenSetToNull" computerName="DKSR-EFI-04" duration="00:00:00.0076964" startTime="2023-12-22T09:34:19.1627301+01:00" endTime="2023-12-22T09:34:19.1783549+01:00" testType="13cdc9d9-ddb5-4fa4-a97d-d965ccfc6d4b" outcome="Passed" testListId="8c84fa94-04c1-424b-9868-57a2d4851a1d" relativeResultsDirectory="12a32920-38e7-4c83-b54e-cd7ec8c9b7eb" />
    <UnitTestResult executionId="4a9e62cd-cd84-495e-b148-1a8ff7593379" testId="4ba8d120-dd0d-6305-e0f3-cbb5d3717955" testName="PatchAlarmPriority_ReturnsForbidden_WhenCannotEditSettings" computerName="DKSR-EFI-04" duration="00:00:00.0076167" startTime="2023-12-22T09:34:19.1627301+01:00" endTime="2023-12-22T09:34:19.1627301+01:00" testType="13cdc9d9-ddb5-4fa4-a97d-d965ccfc6d4b" outcome="Passed" testListId="8c84fa94-04c1-424b-9868-57a2d4851a1d" relativeResultsDirectory="4a9e62cd-cd84-495e-b148-1a8ff7593379" />
    <UnitTestResult executionId="8e64e1d0-96b1-4f07-b52a-516efe8a8f70" testId="e81ae7e3-508c-7419-47a5-39b3bfd104d4" testName="PatchAlarmCategory_PatchesAndReturns_WhenReturnedByRepository" computerName="DKSR-EFI-04" duration="00:00:00.0148934" startTime="2023-12-22T09:34:18.6939776+01:00" endTime="2023-12-22T09:34:18.7096040+01:00" testType="13cdc9d9-ddb5-4fa4-a97d-d965ccfc6d4b" outcome="Passed" testListId="8c84fa94-04c1-424b-9868-57a2d4851a1d" relativeResultsDirectory="8e64e1d0-96b1-4f07-b52a-516efe8a8f70" />
    <UnitTestResult executionId="ab06b6c5-40fc-4a02-9161-b48c6cb715bc" testId="ae3b9157-0aff-4cf1-c428-4e75d06bf0da" testName="DeleteAlarmPriority_ReturnsNotFound_WhenNotExists" computerName="DKSR-EFI-04" duration="00:00:00.0036719" startTime="2023-12-22T09:34:19.2252306+01:00" endTime="2023-12-22T09:34:19.2252306+01:00" testType="13cdc9d9-ddb5-4fa4-a97d-d965ccfc6d4b" outcome="Passed" testListId="8c84fa94-04c1-424b-9868-57a2d4851a1d" relativeResultsDirectory="ab06b6c5-40fc-4a02-9161-b48c6cb715bc" />
    <UnitTestResult executionId="f180bdb2-0658-49b9-8318-7b24c4785db1" testId="a431acfd-a703-aa62-4084-d89de9376ace" testName="DeleteByIdAsync_ThrowsAlarmServiceFaultExceptionInvalidAuthentication_WhenNotAuthorizedUserRequests" computerName="DKSR-EFI-04" duration="00:00:00.0028420" startTime="2023-12-22T09:34:19.5846057+01:00" endTime="2023-12-22T09:34:19.6002310+01:00" testType="13cdc9d9-ddb5-4fa4-a97d-d965ccfc6d4b" outcome="Passed" testListId="8c84fa94-04c1-424b-9868-57a2d4851a1d" relativeResultsDirectory="f180bdb2-0658-49b9-8318-7b24c4785db1" />
    <UnitTestResult executionId="2f3b62b5-2011-40b0-ac64-3fd1bbf32975" testId="ac53c02f-0cae-1e34-f56d-69b6176a5179" testName="PatchAlarmSettings_OverridesAndReturns_WhenCanEditSettings" computerName="DKSR-EFI-04" duration="00:00:00.0049176" startTime="2023-12-22T09:34:19.6002310+01:00" endTime="2023-12-22T09:34:19.6158566+01:00" testType="13cdc9d9-ddb5-4fa4-a97d-d965ccfc6d4b" outcome="Passed" testListId="8c84fa94-04c1-424b-9868-57a2d4851a1d" relativeResultsDirectory="2f3b62b5-2011-40b0-ac64-3fd1bbf32975" />
    <UnitTestResult executionId="4bcb190a-80bc-4b7c-bd81-90177b45caac" testId="60e32c07-43bd-87b8-7edd-6d707919e175" testName="GetAlarmReasonsForClosing_ReturnsAlarmReasonsForClosingConfiguration_WhenReturnedByRepository" computerName="DKSR-EFI-04" duration="00:00:00.0058593" startTime="2023-12-22T09:34:19.2252306+01:00" endTime="2023-12-22T09:34:19.2408562+01:00" testType="13cdc9d9-ddb5-4fa4-a97d-d965ccfc6d4b" outcome="Passed" testListId="8c84fa94-04c1-424b-9868-57a2d4851a1d" relativeResultsDirectory="4bcb190a-80bc-4b7c-bd81-90177b45caac" />
    <UnitTestResult executionId="d27997a3-2233-4107-9622-6d1b31c5fa2b" testId="a311638f-9f2c-dd0d-ed3b-990a6fc7c706" testName="PostPutAndDelete_ReturnForbidden_WhenUnauthorizedWrite" computerName="DKSR-EFI-04" duration="00:00:00.0079159" startTime="2023-12-22T09:34:18.9596048+01:00" endTime="2023-12-22T09:34:18.9752287+01:00" testType="13cdc9d9-ddb5-4fa4-a97d-d965ccfc6d4b" outcome="Passed" testListId="8c84fa94-04c1-424b-9868-57a2d4851a1d" relativeResultsDirectory="d27997a3-2233-4107-9622-6d1b31c5fa2b" />
    <UnitTestResult executionId="0b5267f0-2b95-4a98-aa31-af2641f72a65" testId="5aa4014a-78af-9bde-3843-2f0049d3456f" testName="PostAsync_Succeeds_WhenValidUserAndExistingSession" computerName="DKSR-EFI-04" duration="00:00:00.0054779" startTime="2023-12-22T09:34:19.5377327+01:00" endTime="2023-12-22T09:34:19.5377327+01:00" testType="13cdc9d9-ddb5-4fa4-a97d-d965ccfc6d4b" outcome="Passed" testListId="8c84fa94-04c1-424b-9868-57a2d4851a1d" relativeResultsDirectory="0b5267f0-2b95-4a98-aa31-af2641f72a65" />
    <UnitTestResult executionId="8cb1227f-f625-4ecc-894c-715a93ec3c62" testId="c1821397-8512-fc84-87dc-5c7a17f16bb8" testName="PatchAlarmPriority_PatchesAndReturns_WhenReturnedByRepository" computerName="DKSR-EFI-04" duration="00:00:00.0142560" startTime="2023-12-22T09:34:19.1471057+01:00" endTime="2023-12-22T09:34:19.1627301+01:00" testType="13cdc9d9-ddb5-4fa4-a97d-d965ccfc6d4b" outcome="Passed" testListId="8c84fa94-04c1-424b-9868-57a2d4851a1d" relativeResultsDirectory="8cb1227f-f625-4ecc-894c-715a93ec3c62" />
    <UnitTestResult executionId="7c05f648-700a-499d-a41f-2252c3e4c25f" testId="64700630-dc25-02b0-9bd4-fde566580e2c" testName="PostAlarmPriority_ReturnsForbidden_WhenCannotEditSettings" computerName="DKSR-EFI-04" duration="00:00:00.0080096" startTime="2023-12-22T09:34:19.1939804+01:00" endTime="2023-12-22T09:34:19.2096046+01:00" testType="13cdc9d9-ddb5-4fa4-a97d-d965ccfc6d4b" outcome="Passed" testListId="8c84fa94-04c1-424b-9868-57a2d4851a1d" relativeResultsDirectory="7c05f648-700a-499d-a41f-2252c3e4c25f" />
    <UnitTestResult executionId="76557e3d-34d2-42f0-8ebd-f8ee334f326a" testId="79cca645-ccc1-b3d0-9e71-02a1158d3738" testName="DeleteAlarmState_ReturnsNotFound_WhenNotExists" computerName="DKSR-EFI-04" duration="00:00:00.0025626" startTime="2023-12-22T09:34:19.7564837+01:00" endTime="2023-12-22T09:34:19.7564837+01:00" testType="13cdc9d9-ddb5-4fa4-a97d-d965ccfc6d4b" outcome="Passed" testListId="8c84fa94-04c1-424b-9868-57a2d4851a1d" relativeResultsDirectory="76557e3d-34d2-42f0-8ebd-f8ee334f326a" />
  </Results>
  <TestDefinitions>
    <UnitTest name="PostAlarmDefinition_ReturnsAlarmDefinitions_WhenAddedToRepository" storage="d:\actions-runner\_work\xpco\xpco\eventserver\server\components\central\videoos.eventserver.alarms.restapi.unittest\bin\debug\net472\videoos.eventserver.alarms.restapi.unittest.dll" id="1ee8fa08-8dbe-25ac-43c2-76c536a66f74">
      <Execution id="d42953b6-1286-4965-a50b-19b1685a66e9" />
      <TestMethod codeBase="D:\actions-runner\_work\XPCO\XPCO\EventServer\Server\Components\Central\VideoOS.EventServer.Alarms.RestApi.UnitTest\bin\Debug\net472\VideoOS.EventServer.Alarms.RestApi.UnitTest.dll" adapterTypeName="executor://mstestadapter/v2" className="VideoOS.EventServer.Alarms.RestApi.UnitTest.Controllers.AlarmDefinitionsControllerTest" name="PostAlarmDefinition_ReturnsAlarmDefinitions_WhenAddedToRepository" />
    </UnitTest>
    <UnitTest name="DeleteByIdAsync_ThrowsAlarmServiceFaultExceptionInvalidAuthentication_WhenNotAuthorizedUserRequests" storage="d:\actions-runner\_work\xpco\xpco\eventserver\server\components\central\videoos.eventserver.alarms.restapi.unittest\bin\debug\net472\videoos.eventserver.alarms.restapi.unittest.dll" id="a431acfd-a703-aa62-4084-d89de9376ace">
      <Execution id="f180bdb2-0658-49b9-8318-7b24c4785db1" />
      <TestMethod codeBase="D:\actions-runner\_work\XPCO\XPCO\EventServer\Server\Components\Central\VideoOS.EventServer.Alarms.RestApi.UnitTest\bin\Debug\net472\VideoOS.EventServer.Alarms.RestApi.UnitTest.dll" adapterTypeName="executor://mstestadapter/v2" className="VideoOS.EventServer.Alarms.RestApi.UnitTest.Controllers.AlarmSessionsControllerTest" name="DeleteByIdAsync_ThrowsAlarmServiceFaultExceptionInvalidAuthentication_WhenNotAuthorizedUserRequests" />
    </UnitTest>
    <UnitTest name="PatchAlarmPriority_ReturnsNotFound_WhenNotReturnedByRepository" storage="d:\actions-runner\_work\xpco\xpco\eventserver\server\components\central\videoos.eventserver.alarms.restapi.unittest\bin\debug\net472\videoos.eventserver.alarms.restapi.unittest.dll" id="f68d4a6c-159f-4f94-28b5-801adaf97c56">
      <Execution id="acf5faec-eaa5-4df6-934b-3d06ac2172f5" />
      <TestMethod codeBase="D:\actions-runner\_work\XPCO\XPCO\EventServer\Server\Components\Central\VideoOS.EventServer.Alarms.RestApi.UnitTest\bin\Debug\net472\VideoOS.EventServer.Alarms.RestApi.UnitTest.dll" adapterTypeName="executor://mstestadapter/v2" className="VideoOS.EventServer.Alarms.RestApi.UnitTest.Controllers.AlarmPrioritiesControllerTest" name="PatchAlarmPriority_ReturnsNotFound_WhenNotReturnedByRepository" />
    </UnitTest>
    <UnitTest name="GetAlarmSound_ReturnsNotFound_WhenNotReturnedByRepository" storage="d:\actions-runner\_work\xpco\xpco\eventserver\server\components\central\videoos.eventserver.alarms.restapi.unittest\bin\debug\net472\videoos.eventserver.alarms.restapi.unittest.dll" id="2bde8518-0fe5-a837-2566-3e88998755f9">
      <Execution id="eca47ccd-dcbc-4497-ae2d-18127f7cc116" />
      <TestMethod codeBase="D:\actions-runner\_work\XPCO\XPCO\EventServer\Server\Components\Central\VideoOS.EventServer.Alarms.RestApi.UnitTest\bin\Debug\net472\VideoOS.EventServer.Alarms.RestApi.UnitTest.dll" adapterTypeName="executor://mstestadapter/v2" className="VideoOS.EventServer.Alarms.RestApi.UnitTest.Controllers.AlarmSoundsControllerTest" name="GetAlarmSound_ReturnsNotFound_WhenNotReturnedByRepository" />
    </UnitTest>
    <UnitTest name="GetAlarmSettings_ReturnsAlarmSettings_WhenReturnedByConfig" storage="d:\actions-runner\_work\xpco\xpco\eventserver\server\components\central\videoos.eventserver.alarms.restapi.unittest\bin\debug\net472\videoos.eventserver.alarms.restapi.unittest.dll" id="e1552691-e502-4f07-2be0-a4d35ddbb7c9">
      <Execution id="2f71c0e8-8d2e-4fc3-80f5-bc9e985a3d28" />
      <TestMethod codeBase="D:\actions-runner\_work\XPCO\XPCO\EventServer\Server\Components\Central\VideoOS.EventServer.Alarms.RestApi.UnitTest\bin\Debug\net472\VideoOS.EventServer.Alarms.RestApi.UnitTest.dll" adapterTypeName="executor://mstestadapter/v2" className="VideoOS.EventServer.Alarms.RestApi.UnitTest.Controllers.AlarmSettingsControllerTest" name="GetAlarmSettings_ReturnsAlarmSettings_WhenReturnedByConfig" />
    </UnitTest>
    <UnitTest name="GetByIdAsync_Succeeds_WhenValidUserAndExistingSession" storage="d:\actions-runner\_work\xpco\xpco\eventserver\server\components\central\videoos.eventserver.alarms.restapi.unittest\bin\debug\net472\videoos.eventserver.alarms.restapi.unittest.dll" id="2c573f59-b5a1-dedc-3608-785110823d04">
      <Execution id="1ddc17e5-505a-4962-8fef-4c069afa6994" />
      <TestMethod codeBase="D:\actions-runner\_work\XPCO\XPCO\EventServer\Server\Components\Central\VideoOS.EventServer.Alarms.RestApi.UnitTest\bin\Debug\net472\VideoOS.EventServer.Alarms.RestApi.UnitTest.dll" adapterTypeName="executor://mstestadapter/v2" className="VideoOS.EventServer.Alarms.RestApi.UnitTest.Controllers.AlarmSessionsControllerTest" name="GetByIdAsync_Succeeds_WhenValidUserAndExistingSession" />
    </UnitTest>
    <UnitTest name="GetAlarmSounds_ReturnsForbidden_WhenCannotRead" storage="d:\actions-runner\_work\xpco\xpco\eventserver\server\components\central\videoos.eventserver.alarms.restapi.unittest\bin\debug\net472\videoos.eventserver.alarms.restapi.unittest.dll" id="dbfa907c-6a5a-1c2e-b45d-b0c1be784436">
      <Execution id="58c30045-68a0-4191-ab86-08d435a19396" />
      <TestMethod codeBase="D:\actions-runner\_work\XPCO\XPCO\EventServer\Server\Components\Central\VideoOS.EventServer.Alarms.RestApi.UnitTest\bin\Debug\net472\VideoOS.EventServer.Alarms.RestApi.UnitTest.dll" adapterTypeName="executor://mstestadapter/v2" className="VideoOS.EventServer.Alarms.RestApi.UnitTest.Controllers.AlarmSoundsControllerTest" name="GetAlarmSounds_ReturnsForbidden_WhenCannotRead" />
    </UnitTest>
    <UnitTest name="PostAsync_ThrowsUserValidationException_WhenInvalidUserRequests" storage="d:\actions-runner\_work\xpco\xpco\eventserver\server\components\central\videoos.eventserver.alarms.restapi.unittest\bin\debug\net472\videoos.eventserver.alarms.restapi.unittest.dll" id="5c3b2e0e-3e08-648e-7c4a-b2b6741ea2a6">
      <Execution id="966b8745-67a9-48e3-86fa-2e473cce2870" />
      <TestMethod codeBase="D:\actions-runner\_work\XPCO\XPCO\EventServer\Server\Components\Central\VideoOS.EventServer.Alarms.RestApi.UnitTest\bin\Debug\net472\VideoOS.EventServer.Alarms.RestApi.UnitTest.dll" adapterTypeName="executor://mstestadapter/v2" className="VideoOS.EventServer.Alarms.RestApi.UnitTest.Controllers.AlarmSessionsControllerTest" name="PostAsync_ThrowsUserValidationException_WhenInvalidUserRequests" />
    </UnitTest>
    <UnitTest name="GetAlarmPriorities_ReturnsForbidden_WhenCannotRead" storage="d:\actions-runner\_work\xpco\xpco\eventserver\server\components\central\videoos.eventserver.alarms.restapi.unittest\bin\debug\net472\videoos.eventserver.alarms.restapi.unittest.dll" id="fc529f73-92b5-95ad-56ed-8e776433486a">
      <Execution id="9632d7c3-0cce-4036-8278-37fc7049d7f0" />
      <TestMethod codeBase="D:\actions-runner\_work\XPCO\XPCO\EventServer\Server\Components\Central\VideoOS.EventServer.Alarms.RestApi.UnitTest\bin\Debug\net472\VideoOS.EventServer.Alarms.RestApi.UnitTest.dll" adapterTypeName="executor://mstestadapter/v2" className="VideoOS.EventServer.Alarms.RestApi.UnitTest.Controllers.AlarmPrioritiesControllerTest" name="GetAlarmPriorities_ReturnsForbidden_WhenCannotRead" />
    </UnitTest>
    <UnitTest name="PutAlarmReasonsForClosing_ReturnsForbidden_WhenCannotEditSettings" storage="d:\actions-runner\_work\xpco\xpco\eventserver\server\components\central\videoos.eventserver.alarms.restapi.unittest\bin\debug\net472\videoos.eventserver.alarms.restapi.unittest.dll" id="9194256d-55fc-13b2-7af1-65d2d12e2b28">
      <Execution id="63c7bb64-3cbe-4a2b-ae27-1f7017634c49" />
      <TestMethod codeBase="D:\actions-runner\_work\XPCO\XPCO\EventServer\Server\Components\Central\VideoOS.EventServer.Alarms.RestApi.UnitTest\bin\Debug\net472\VideoOS.EventServer.Alarms.RestApi.UnitTest.dll" adapterTypeName="executor://mstestadapter/v2" className="VideoOS.EventServer.Alarms.RestApi.UnitTest.Controllers.AlarmReasonsForClosingControllerTest" name="PutAlarmReasonsForClosing_ReturnsForbidden_WhenCannotEditSettings" />
    </UnitTest>
    <UnitTest name="PatchAlarm_UpdatesAlarm_WhenValid" storage="d:\actions-runner\_work\xpco\xpco\eventserver\server\components\central\videoos.eventserver.alarms.restapi.unittest\bin\debug\net472\videoos.eventserver.alarms.restapi.unittest.dll" id="726d99fb-524a-8321-94ae-71e7e81707ca">
      <Execution id="587973fe-c95b-47f9-a26f-3fd18880dd5b" />
      <TestMethod codeBase="D:\actions-runner\_work\XPCO\XPCO\EventServer\Server\Components\Central\VideoOS.EventServer.Alarms.RestApi.UnitTest\bin\Debug\net472\VideoOS.EventServer.Alarms.RestApi.UnitTest.dll" adapterTypeName="executor://mstestadapter/v2" className="VideoOS.EventServer.Alarms.RestApi.UnitTest.Controllers.AlarmsControllerTest" name="PatchAlarm_UpdatesAlarm_WhenValid" />
    </UnitTest>
    <UnitTest name="DeleteAlarmSound_ReturnsForbidden_WhenCannotEditSettings" storage="d:\actions-runner\_work\xpco\xpco\eventserver\server\components\central\videoos.eventserver.alarms.restapi.unittest\bin\debug\net472\videoos.eventserver.alarms.restapi.unittest.dll" id="4bfc8f0f-f9d8-f823-f73c-0942ce29b34a">
      <Execution id="fc616c51-f5c9-4f6d-ac49-0d6053c92701" />
      <TestMethod codeBase="D:\actions-runner\_work\XPCO\XPCO\EventServer\Server\Components\Central\VideoOS.EventServer.Alarms.RestApi.UnitTest\bin\Debug\net472\VideoOS.EventServer.Alarms.RestApi.UnitTest.dll" adapterTypeName="executor://mstestadapter/v2" className="VideoOS.EventServer.Alarms.RestApi.UnitTest.Controllers.AlarmSoundsControllerTest" name="DeleteAlarmSound_ReturnsForbidden_WhenCannotEditSettings" />
    </UnitTest>
    <UnitTest name="GetAlarmSettings_ReturnsAForbidden_WhenCannotRead" storage="d:\actions-runner\_work\xpco\xpco\eventserver\server\components\central\videoos.eventserver.alarms.restapi.unittest\bin\debug\net472\videoos.eventserver.alarms.restapi.unittest.dll" id="602629ca-cb49-2cb9-7fbf-3f99b0a65d04">
      <Execution id="b0955f0b-832a-4df1-82ab-7a62e304222d" />
      <TestMethod codeBase="D:\actions-runner\_work\XPCO\XPCO\EventServer\Server\Components\Central\VideoOS.EventServer.Alarms.RestApi.UnitTest\bin\Debug\net472\VideoOS.EventServer.Alarms.RestApi.UnitTest.dll" adapterTypeName="executor://mstestadapter/v2" className="VideoOS.EventServer.Alarms.RestApi.UnitTest.Controllers.AlarmSettingsControllerTest" name="GetAlarmSettings_ReturnsAForbidden_WhenCannotRead" />
    </UnitTest>
    <UnitTest name="PostAsync_Succeeds_WhenValidUserAndExistingSession" storage="d:\actions-runner\_work\xpco\xpco\eventserver\server\components\central\videoos.eventserver.alarms.restapi.unittest\bin\debug\net472\videoos.eventserver.alarms.restapi.unittest.dll" id="5aa4014a-78af-9bde-3843-2f0049d3456f">
      <Execution id="0b5267f0-2b95-4a98-aa31-af2641f72a65" />
      <TestMethod codeBase="D:\actions-runner\_work\XPCO\XPCO\EventServer\Server\Components\Central\VideoOS.EventServer.Alarms.RestApi.UnitTest\bin\Debug\net472\VideoOS.EventServer.Alarms.RestApi.UnitTest.dll" adapterTypeName="executor://mstestadapter/v2" className="VideoOS.EventServer.Alarms.RestApi.UnitTest.Controllers.AlarmSessionsControllerTest" name="PostAsync_Succeeds_WhenValidUserAndExistingSession" />
    </UnitTest>
    <UnitTest name="PostSnapshots_SendsToRepository_WhenCorrect" storage="d:\actions-runner\_work\xpco\xpco\eventserver\server\components\central\videoos.eventserver.alarms.restapi.unittest\bin\debug\net472\videoos.eventserver.alarms.restapi.unittest.dll" id="3edea0a2-4969-b4e6-8f0c-5aaa1fbe0193">
      <Execution id="1d235dbb-ca5b-427c-b9d1-5f6f1fa6cad7" />
      <TestMethod codeBase="D:\actions-runner\_work\XPCO\XPCO\EventServer\Server\Components\Central\VideoOS.EventServer.Alarms.RestApi.UnitTest\bin\Debug\net472\VideoOS.EventServer.Alarms.RestApi.UnitTest.dll" adapterTypeName="executor://mstestadapter/v2" className="VideoOS.EventServer.Alarms.RestApi.UnitTest.Controllers.AlarmsControllerTest" name="PostSnapshots_SendsToRepository_WhenCorrect" />
    </UnitTest>
    <UnitTest name="PostAsync_ThrowsAlarmServiceFaultExceptionUnknownSession_WhenNotExistingSessionRequested" storage="d:\actions-runner\_work\xpco\xpco\eventserver\server\components\central\videoos.eventserver.alarms.restapi.unittest\bin\debug\net472\videoos.eventserver.alarms.restapi.unittest.dll" id="638cca05-5290-603a-b769-57840cacf291">
      <Execution id="323bdf34-d136-4355-9eb1-badda88e97aa" />
      <TestMethod codeBase="D:\actions-runner\_work\XPCO\XPCO\EventServer\Server\Components\Central\VideoOS.EventServer.Alarms.RestApi.UnitTest\bin\Debug\net472\VideoOS.EventServer.Alarms.RestApi.UnitTest.dll" adapterTypeName="executor://mstestadapter/v2" className="VideoOS.EventServer.Alarms.RestApi.UnitTest.Controllers.AlarmSessionsControllerTest" name="PostAsync_ThrowsAlarmServiceFaultExceptionUnknownSession_WhenNotExistingSessionRequested" />
    </UnitTest>
    <UnitTest name="PutById_ReturnNotFound_WhenIdIsMissingInRepository" storage="d:\actions-runner\_work\xpco\xpco\eventserver\server\components\central\videoos.eventserver.alarms.restapi.unittest\bin\debug\net472\videoos.eventserver.alarms.restapi.unittest.dll" id="8333368b-e40e-ada3-8ff9-4510bf1bdaa7">
      <Execution id="6d9dca13-dbb7-400c-9939-7c880a981ec6" />
      <TestMethod codeBase="D:\actions-runner\_work\XPCO\XPCO\EventServer\Server\Components\Central\VideoOS.EventServer.Alarms.RestApi.UnitTest\bin\Debug\net472\VideoOS.EventServer.Alarms.RestApi.UnitTest.dll" adapterTypeName="executor://mstestadapter/v2" className="VideoOS.EventServer.Alarms.RestApi.UnitTest.Controllers.AlarmDefinitionsControllerTest" name="PutById_ReturnNotFound_WhenIdIsMissingInRepository" />
    </UnitTest>
    <UnitTest name="PatchAlarmState_ReturnsForbidden_WhenCannotEditSettings" storage="d:\actions-runner\_work\xpco\xpco\eventserver\server\components\central\videoos.eventserver.alarms.restapi.unittest\bin\debug\net472\videoos.eventserver.alarms.restapi.unittest.dll" id="2350f358-941b-3c98-6f02-d35d4d3c4714">
      <Execution id="923f3f21-1925-4496-b94b-d6c2717ed0ec" />
      <TestMethod codeBase="D:\actions-runner\_work\XPCO\XPCO\EventServer\Server\Components\Central\VideoOS.EventServer.Alarms.RestApi.UnitTest\bin\Debug\net472\VideoOS.EventServer.Alarms.RestApi.UnitTest.dll" adapterTypeName="executor://mstestadapter/v2" className="VideoOS.EventServer.Alarms.RestApi.UnitTest.Controllers.AlarmStatesControllerTest" name="PatchAlarmState_ReturnsForbidden_WhenCannotEditSettings" />
    </UnitTest>
    <UnitTest name="PostPutAndDelete_ReturnForbidden_WhenUnauthorizedWrite" storage="d:\actions-runner\_work\xpco\xpco\eventserver\server\components\central\videoos.eventserver.alarms.restapi.unittest\bin\debug\net472\videoos.eventserver.alarms.restapi.unittest.dll" id="a311638f-9f2c-dd0d-ed3b-990a6fc7c706">
      <Execution id="d27997a3-2233-4107-9622-6d1b31c5fa2b" />
      <TestMethod codeBase="D:\actions-runner\_work\XPCO\XPCO\EventServer\Server\Components\Central\VideoOS.EventServer.Alarms.RestApi.UnitTest\bin\Debug\net472\VideoOS.EventServer.Alarms.RestApi.UnitTest.dll" adapterTypeName="executor://mstestadapter/v2" className="VideoOS.EventServer.Alarms.RestApi.UnitTest.Controllers.AlarmDefinitionsControllerTest" name="PostPutAndDelete_ReturnForbidden_WhenUnauthorizedWrite" />
    </UnitTest>
    <UnitTest name="DeleteAlarmSound_DeletesFromSoundManager_WhenExists" storage="d:\actions-runner\_work\xpco\xpco\eventserver\server\components\central\videoos.eventserver.alarms.restapi.unittest\bin\debug\net472\videoos.eventserver.alarms.restapi.unittest.dll" id="9519ff13-f4ae-f878-eb4a-7c327a181f97">
      <Execution id="cb8ca15b-eb79-457a-8f1d-a3f74eb39cc3" />
      <TestMethod codeBase="D:\actions-runner\_work\XPCO\XPCO\EventServer\Server\Components\Central\VideoOS.EventServer.Alarms.RestApi.UnitTest\bin\Debug\net472\VideoOS.EventServer.Alarms.RestApi.UnitTest.dll" adapterTypeName="executor://mstestadapter/v2" className="VideoOS.EventServer.Alarms.RestApi.UnitTest.Controllers.AlarmSoundsControllerTest" name="DeleteAlarmSound_DeletesFromSoundManager_WhenExists" />
    </UnitTest>
    <UnitTest name="GetById_ReturnNotFound_WhenIdIsMissingInRepository" storage="d:\actions-runner\_work\xpco\xpco\eventserver\server\components\central\videoos.eventserver.alarms.restapi.unittest\bin\debug\net472\videoos.eventserver.alarms.restapi.unittest.dll" id="4366ebca-90b4-8e87-c482-7b1f7537f5a9">
      <Execution id="011303e4-b9b9-42fc-a38f-336d015cfacf" />
      <TestMethod codeBase="D:\actions-runner\_work\XPCO\XPCO\EventServer\Server\Components\Central\VideoOS.EventServer.Alarms.RestApi.UnitTest\bin\Debug\net472\VideoOS.EventServer.Alarms.RestApi.UnitTest.dll" adapterTypeName="executor://mstestadapter/v2" className="VideoOS.EventServer.Alarms.RestApi.UnitTest.Controllers.AlarmDefinitionsControllerTest" name="GetById_ReturnNotFound_WhenIdIsMissingInRepository" />
    </UnitTest>
    <UnitTest name="GetSnapshots_ReturnsNotFound_WhenAlarmNotFoundByIdInRepository" storage="d:\actions-runner\_work\xpco\xpco\eventserver\server\components\central\videoos.eventserver.alarms.restapi.unittest\bin\debug\net472\videoos.eventserver.alarms.restapi.unittest.dll" id="962fee03-3b35-2e9c-4452-66a0a8a16975">
      <Execution id="53381c76-d4fc-436e-a773-06c52b8b38d2" />
      <TestMethod codeBase="D:\actions-runner\_work\XPCO\XPCO\EventServer\Server\Components\Central\VideoOS.EventServer.Alarms.RestApi.UnitTest\bin\Debug\net472\VideoOS.EventServer.Alarms.RestApi.UnitTest.dll" adapterTypeName="executor://mstestadapter/v2" className="VideoOS.EventServer.Alarms.RestApi.UnitTest.Controllers.AlarmsControllerTest" name="GetSnapshots_ReturnsNotFound_WhenAlarmNotFoundByIdInRepository" />
    </UnitTest>
    <UnitTest name="PatchAlarmCategory_ReturnsForbidden_WhenCannotEditSettings" storage="d:\actions-runner\_work\xpco\xpco\eventserver\server\components\central\videoos.eventserver.alarms.restapi.unittest\bin\debug\net472\videoos.eventserver.alarms.restapi.unittest.dll" id="a51de4a5-948f-6c56-44af-04e1267e3ef9">
      <Execution id="97e55a93-3592-40d4-92a3-acb9ffa5abe4" />
      <TestMethod codeBase="D:\actions-runner\_work\XPCO\XPCO\EventServer\Server\Components\Central\VideoOS.EventServer.Alarms.RestApi.UnitTest\bin\Debug\net472\VideoOS.EventServer.Alarms.RestApi.UnitTest.dll" adapterTypeName="executor://mstestadapter/v2" className="VideoOS.EventServer.Alarms.RestApi.UnitTest.Controllers.AlarmCategoriesControllerTest" name="PatchAlarmCategory_ReturnsForbidden_WhenCannotEditSettings" />
    </UnitTest>
    <UnitTest name="PatchAlarmState_PatchesAndReturns_WhenReturnedByRepository" storage="d:\actions-runner\_work\xpco\xpco\eventserver\server\components\central\videoos.eventserver.alarms.restapi.unittest\bin\debug\net472\videoos.eventserver.alarms.restapi.unittest.dll" id="cabd4be4-8e04-73bd-b9ce-d1ec47c7f950">
      <Execution id="c3e95d72-7862-4869-80db-8ead8b24db32" />
      <TestMethod codeBase="D:\actions-runner\_work\XPCO\XPCO\EventServer\Server\Components\Central\VideoOS.EventServer.Alarms.RestApi.UnitTest\bin\Debug\net472\VideoOS.EventServer.Alarms.RestApi.UnitTest.dll" adapterTypeName="executor://mstestadapter/v2" className="VideoOS.EventServer.Alarms.RestApi.UnitTest.Controllers.AlarmStatesControllerTest" name="PatchAlarmState_PatchesAndReturns_WhenReturnedByRepository" />
    </UnitTest>
    <UnitTest name="DeleteByIdAsync_Succeeds_WhenValidUserAndExistingSession" storage="d:\actions-runner\_work\xpco\xpco\eventserver\server\components\central\videoos.eventserver.alarms.restapi.unittest\bin\debug\net472\videoos.eventserver.alarms.restapi.unittest.dll" id="33728c71-ddda-3d4b-e03e-fb8fb3573676">
      <Execution id="c4645238-2df4-47a5-abe9-d25f6a309f47" />
      <TestMethod codeBase="D:\actions-runner\_work\XPCO\XPCO\EventServer\Server\Components\Central\VideoOS.EventServer.Alarms.RestApi.UnitTest\bin\Debug\net472\VideoOS.EventServer.Alarms.RestApi.UnitTest.dll" adapterTypeName="executor://mstestadapter/v2" className="VideoOS.EventServer.Alarms.RestApi.UnitTest.Controllers.AlarmSessionsControllerTest" name="DeleteByIdAsync_Succeeds_WhenValidUserAndExistingSession" />
    </UnitTest>
    <UnitTest name="GetAlarms_ReturnsAlarms_WhenReturnedByRepository" storage="d:\actions-runner\_work\xpco\xpco\eventserver\server\components\central\videoos.eventserver.alarms.restapi.unittest\bin\debug\net472\videoos.eventserver.alarms.restapi.unittest.dll" id="444e7632-b672-07a5-70d3-5b00d5daf49d">
      <Execution id="b3e5d6d6-156a-4904-9f36-9a82a9fdc077" />
      <TestMethod codeBase="D:\actions-runner\_work\XPCO\XPCO\EventServer\Server\Components\Central\VideoOS.EventServer.Alarms.RestApi.UnitTest\bin\Debug\net472\VideoOS.EventServer.Alarms.RestApi.UnitTest.dll" adapterTypeName="executor://mstestadapter/v2" className="VideoOS.EventServer.Alarms.RestApi.UnitTest.Controllers.AlarmsControllerTest" name="GetAlarms_ReturnsAlarms_WhenReturnedByRepository" />
    </UnitTest>
    <UnitTest name="PatchAlarmState_ReturnsNotFound_WhenNotReturnedByRepository" storage="d:\actions-runner\_work\xpco\xpco\eventserver\server\components\central\videoos.eventserver.alarms.restapi.unittest\bin\debug\net472\videoos.eventserver.alarms.restapi.unittest.dll" id="da216857-75fe-a212-e8ea-2525a3bf67b4">
      <Execution id="ad77e8ed-e092-41c2-aa4d-023f4f8afdad" />
      <TestMethod codeBase="D:\actions-runner\_work\XPCO\XPCO\EventServer\Server\Components\Central\VideoOS.EventServer.Alarms.RestApi.UnitTest\bin\Debug\net472\VideoOS.EventServer.Alarms.RestApi.UnitTest.dll" adapterTypeName="executor://mstestadapter/v2" className="VideoOS.EventServer.Alarms.RestApi.UnitTest.Controllers.AlarmStatesControllerTest" name="PatchAlarmState_ReturnsNotFound_WhenNotReturnedByRepository" />
    </UnitTest>
    <UnitTest name="DeleteByIdAsync_ThrowsAlarmServiceFaultExceptionUnknownSession_WhenNotExistingSessionRequested" storage="d:\actions-runner\_work\xpco\xpco\eventserver\server\components\central\videoos.eventserver.alarms.restapi.unittest\bin\debug\net472\videoos.eventserver.alarms.restapi.unittest.dll" id="9d3b55ff-fd82-75ec-5065-a61afd0d279f">
      <Execution id="13467f76-c021-4d85-a5db-46460b2beacb" />
      <TestMethod codeBase="D:\actions-runner\_work\XPCO\XPCO\EventServer\Server\Components\Central\VideoOS.EventServer.Alarms.RestApi.UnitTest\bin\Debug\net472\VideoOS.EventServer.Alarms.RestApi.UnitTest.dll" adapterTypeName="executor://mstestadapter/v2" className="VideoOS.EventServer.Alarms.RestApi.UnitTest.Controllers.AlarmSessionsControllerTest" name="DeleteByIdAsync_ThrowsAlarmServiceFaultExceptionUnknownSession_WhenNotExistingSessionRequested" />
    </UnitTest>
    <UnitTest name="PostAlarmPriority_Stores_WhenCorrect" storage="d:\actions-runner\_work\xpco\xpco\eventserver\server\components\central\videoos.eventserver.alarms.restapi.unittest\bin\debug\net472\videoos.eventserver.alarms.restapi.unittest.dll" id="86b05c7a-2481-23fc-c4cb-d69def37d7aa">
      <Execution id="89d95913-256b-452d-8a9e-5bde4d4a4041" />
      <TestMethod codeBase="D:\actions-runner\_work\XPCO\XPCO\EventServer\Server\Components\Central\VideoOS.EventServer.Alarms.RestApi.UnitTest\bin\Debug\net472\VideoOS.EventServer.Alarms.RestApi.UnitTest.dll" adapterTypeName="executor://mstestadapter/v2" className="VideoOS.EventServer.Alarms.RestApi.UnitTest.Controllers.AlarmPrioritiesControllerTest" name="PostAlarmPriority_Stores_WhenCorrect" />
    </UnitTest>
    <UnitTest name="GetAlarmStates_ReturnsAlarmStates_WhenReturnedByRepository" storage="d:\actions-runner\_work\xpco\xpco\eventserver\server\components\central\videoos.eventserver.alarms.restapi.unittest\bin\debug\net472\videoos.eventserver.alarms.restapi.unittest.dll" id="d8249755-c839-ea80-cf7e-821cd18b30bb">
      <Execution id="6f1d6dd4-d27d-41ed-9552-60e00992e05f" />
      <TestMethod codeBase="D:\actions-runner\_work\XPCO\XPCO\EventServer\Server\Components\Central\VideoOS.EventServer.Alarms.RestApi.UnitTest\bin\Debug\net472\VideoOS.EventServer.Alarms.RestApi.UnitTest.dll" adapterTypeName="executor://mstestadapter/v2" className="VideoOS.EventServer.Alarms.RestApi.UnitTest.Controllers.AlarmStatesControllerTest" name="GetAlarmStates_ReturnsAlarmStates_WhenReturnedByRepository" />
    </UnitTest>
    <UnitTest name="PatchAlarmPriority_ReturnsForbidden_WhenCannotEditSettings" storage="d:\actions-runner\_work\xpco\xpco\eventserver\server\components\central\videoos.eventserver.alarms.restapi.unittest\bin\debug\net472\videoos.eventserver.alarms.restapi.unittest.dll" id="4ba8d120-dd0d-6305-e0f3-cbb5d3717955">
      <Execution id="4a9e62cd-cd84-495e-b148-1a8ff7593379" />
      <TestMethod codeBase="D:\actions-runner\_work\XPCO\XPCO\EventServer\Server\Components\Central\VideoOS.EventServer.Alarms.RestApi.UnitTest\bin\Debug\net472\VideoOS.EventServer.Alarms.RestApi.UnitTest.dll" adapterTypeName="executor://mstestadapter/v2" className="VideoOS.EventServer.Alarms.RestApi.UnitTest.Controllers.AlarmPrioritiesControllerTest" name="PatchAlarmPriority_ReturnsForbidden_WhenCannotEditSettings" />
    </UnitTest>
    <UnitTest name="GetByIdAsync_ThrowsUserValidationException_WhenNotAuthorizedUserRequests" storage="d:\actions-runner\_work\xpco\xpco\eventserver\server\components\central\videoos.eventserver.alarms.restapi.unittest\bin\debug\net472\videoos.eventserver.alarms.restapi.unittest.dll" id="d8038aba-5c8b-53de-0fda-88b79ce6dee3">
      <Execution id="9631b1bc-2272-458e-92a3-7ec9fe3c650f" />
      <TestMethod codeBase="D:\actions-runner\_work\XPCO\XPCO\EventServer\Server\Components\Central\VideoOS.EventServer.Alarms.RestApi.UnitTest\bin\Debug\net472\VideoOS.EventServer.Alarms.RestApi.UnitTest.dll" adapterTypeName="executor://mstestadapter/v2" className="VideoOS.EventServer.Alarms.RestApi.UnitTest.Controllers.AlarmSessionsControllerTest" name="GetByIdAsync_ThrowsUserValidationException_WhenNotAuthorizedUserRequests" />
    </UnitTest>
    <UnitTest name="PatchAlarmPriority_PatchesAndReturns_WhenReturnedByRepository" storage="d:\actions-runner\_work\xpco\xpco\eventserver\server\components\central\videoos.eventserver.alarms.restapi.unittest\bin\debug\net472\videoos.eventserver.alarms.restapi.unittest.dll" id="c1821397-8512-fc84-87dc-5c7a17f16bb8">
      <Execution id="8cb1227f-f625-4ecc-894c-715a93ec3c62" />
      <TestMethod codeBase="D:\actions-runner\_work\XPCO\XPCO\EventServer\Server\Components\Central\VideoOS.EventServer.Alarms.RestApi.UnitTest\bin\Debug\net472\VideoOS.EventServer.Alarms.RestApi.UnitTest.dll" adapterTypeName="executor://mstestadapter/v2" className="VideoOS.EventServer.Alarms.RestApi.UnitTest.Controllers.AlarmPrioritiesControllerTest" name="PatchAlarmPriority_PatchesAndReturns_WhenReturnedByRepository" />
    </UnitTest>
    <UnitTest name="DeleteAlarmState_Deletes_WhenExistsAndNotDefault" storage="d:\actions-runner\_work\xpco\xpco\eventserver\server\components\central\videoos.eventserver.alarms.restapi.unittest\bin\debug\net472\videoos.eventserver.alarms.restapi.unittest.dll" id="e64f7d49-8162-d06c-63dd-9daf1979f89a">
      <Execution id="ef997d22-8c2f-4dc4-a62e-4cfb901a0c4f" />
      <TestMethod codeBase="D:\actions-runner\_work\XPCO\XPCO\EventServer\Server\Components\Central\VideoOS.EventServer.Alarms.RestApi.UnitTest\bin\Debug\net472\VideoOS.EventServer.Alarms.RestApi.UnitTest.dll" adapterTypeName="executor://mstestadapter/v2" className="VideoOS.EventServer.Alarms.RestApi.UnitTest.Controllers.AlarmStatesControllerTest" name="DeleteAlarmState_Deletes_WhenExistsAndNotDefault" />
    </UnitTest>
    <UnitTest name="PostAlarmState_ReturnsBadRequest_WhenAlreadyExists" storage="d:\actions-runner\_work\xpco\xpco\eventserver\server\components\central\videoos.eventserver.alarms.restapi.unittest\bin\debug\net472\videoos.eventserver.alarms.restapi.unittest.dll" id="d941d812-7cfa-88c9-8c4c-70d74aad724c">
      <Execution id="473d1ee1-8e0b-4c3d-95e8-32dd944cf1c3" />
      <TestMethod codeBase="D:\actions-runner\_work\XPCO\XPCO\EventServer\Server\Components\Central\VideoOS.EventServer.Alarms.RestApi.UnitTest\bin\Debug\net472\VideoOS.EventServer.Alarms.RestApi.UnitTest.dll" adapterTypeName="executor://mstestadapter/v2" className="VideoOS.EventServer.Alarms.RestApi.UnitTest.Controllers.AlarmStatesControllerTest" name="PostAlarmState_ReturnsBadRequest_WhenAlreadyExists" />
    </UnitTest>
    <UnitTest name="AlarmDefinitionToDtoConverter_ToDto_ReturnsCorrectObject" storage="d:\actions-runner\_work\xpco\xpco\eventserver\server\components\central\videoos.eventserver.alarms.restapi.unittest\bin\debug\net472\videoos.eventserver.alarms.restapi.unittest.dll" id="8b005007-a747-7157-8373-0a5bf5bb4505">
      <Execution id="182b63c0-929b-400d-9f52-81c31751f289" />
      <TestMethod codeBase="D:\actions-runner\_work\XPCO\XPCO\EventServer\Server\Components\Central\VideoOS.EventServer.Alarms.RestApi.UnitTest\bin\Debug\net472\VideoOS.EventServer.Alarms.RestApi.UnitTest.dll" adapterTypeName="executor://mstestadapter/v2" className="VideoOS.EventServer.Alarms.RestApi.UnitTest.Dto.AlarmDefinitions.AlarmDefinitionToDtoConverterTest" name="AlarmDefinitionToDtoConverter_ToDto_ReturnsCorrectObject" />
    </UnitTest>
    <UnitTest name="GetByIdAsync_ThrowsAlarmServiceFaultExceptionUnknownSession_WhenNotExistingSessionRequested" storage="d:\actions-runner\_work\xpco\xpco\eventserver\server\components\central\videoos.eventserver.alarms.restapi.unittest\bin\debug\net472\videoos.eventserver.alarms.restapi.unittest.dll" id="e6b520f8-0623-dc53-5f62-5b9f653771e8">
      <Execution id="0457ac6b-370b-4bd3-a5b7-08460045e7a8" />
      <TestMethod codeBase="D:\actions-runner\_work\XPCO\XPCO\EventServer\Server\Components\Central\VideoOS.EventServer.Alarms.RestApi.UnitTest\bin\Debug\net472\VideoOS.EventServer.Alarms.RestApi.UnitTest.dll" adapterTypeName="executor://mstestadapter/v2" className="VideoOS.EventServer.Alarms.RestApi.UnitTest.Controllers.AlarmSessionsControllerTest" name="GetByIdAsync_ThrowsAlarmServiceFaultExceptionUnknownSession_WhenNotExistingSessionRequested" />
    </UnitTest>
    <UnitTest name="PatchAlarmCategory_PatchesAndReturns_WhenReturnedByRepository" storage="d:\actions-runner\_work\xpco\xpco\eventserver\server\components\central\videoos.eventserver.alarms.restapi.unittest\bin\debug\net472\videoos.eventserver.alarms.restapi.unittest.dll" id="e81ae7e3-508c-7419-47a5-39b3bfd104d4">
      <Execution id="8e64e1d0-96b1-4f07-b52a-516efe8a8f70" />
      <TestMethod codeBase="D:\actions-runner\_work\XPCO\XPCO\EventServer\Server\Components\Central\VideoOS.EventServer.Alarms.RestApi.UnitTest\bin\Debug\net472\VideoOS.EventServer.Alarms.RestApi.UnitTest.dll" adapterTypeName="executor://mstestadapter/v2" className="VideoOS.EventServer.Alarms.RestApi.UnitTest.Controllers.AlarmCategoriesControllerTest" name="PatchAlarmCategory_PatchesAndReturns_WhenReturnedByRepository" />
    </UnitTest>
    <UnitTest name="DeleteAlarmPriority_ReturnsForbidden_WhenCannotEditSettings" storage="d:\actions-runner\_work\xpco\xpco\eventserver\server\components\central\videoos.eventserver.alarms.restapi.unittest\bin\debug\net472\videoos.eventserver.alarms.restapi.unittest.dll" id="3426664f-9064-57db-bebb-02372d806c18">
      <Execution id="0eeed356-ea48-46db-b5ad-9c0f018b7307" />
      <TestMethod codeBase="D:\actions-runner\_work\XPCO\XPCO\EventServer\Server\Components\Central\VideoOS.EventServer.Alarms.RestApi.UnitTest\bin\Debug\net472\VideoOS.EventServer.Alarms.RestApi.UnitTest.dll" adapterTypeName="executor://mstestadapter/v2" className="VideoOS.EventServer.Alarms.RestApi.UnitTest.Controllers.AlarmPrioritiesControllerTest" name="DeleteAlarmPriority_ReturnsForbidden_WhenCannotEditSettings" />
    </UnitTest>
    <UnitTest name="PostAlarmCategory_Stores_WhenCorrect" storage="d:\actions-runner\_work\xpco\xpco\eventserver\server\components\central\videoos.eventserver.alarms.restapi.unittest\bin\debug\net472\videoos.eventserver.alarms.restapi.unittest.dll" id="43bf165b-b1e9-c786-d62a-10bb22e07b01">
      <Execution id="d098bbfd-44a9-4b63-a769-2d0919aef851" />
      <TestMethod codeBase="D:\actions-runner\_work\XPCO\XPCO\EventServer\Server\Components\Central\VideoOS.EventServer.Alarms.RestApi.UnitTest\bin\Debug\net472\VideoOS.EventServer.Alarms.RestApi.UnitTest.dll" adapterTypeName="executor://mstestadapter/v2" className="VideoOS.EventServer.Alarms.RestApi.UnitTest.Controllers.AlarmCategoriesControllerTest" name="PostAlarmCategory_Stores_WhenCorrect" />
    </UnitTest>
    <UnitTest name="GetStatistics_NotReturnsByState_WhenEmptyInclude" storage="d:\actions-runner\_work\xpco\xpco\eventserver\server\components\central\videoos.eventserver.alarms.restapi.unittest\bin\debug\net472\videoos.eventserver.alarms.restapi.unittest.dll" id="9f15b6bf-ed52-0687-ff13-eb3f85c6509a">
      <Execution id="0218a161-b5ec-4e4c-af51-9b838453126b" />
      <TestMethod codeBase="D:\actions-runner\_work\XPCO\XPCO\EventServer\Server\Components\Central\VideoOS.EventServer.Alarms.RestApi.UnitTest\bin\Debug\net472\VideoOS.EventServer.Alarms.RestApi.UnitTest.dll" adapterTypeName="executor://mstestadapter/v2" className="VideoOS.EventServer.Alarms.RestApi.UnitTest.Controllers.AlarmStatisticsControllerTest" name="GetStatistics_NotReturnsByState_WhenEmptyInclude" />
    </UnitTest>
    <UnitTest name="GetStatistics_ReturnsByState_WhenInInclude" storage="d:\actions-runner\_work\xpco\xpco\eventserver\server\components\central\videoos.eventserver.alarms.restapi.unittest\bin\debug\net472\videoos.eventserver.alarms.restapi.unittest.dll" id="d8dc7f47-05ac-b542-4921-4c22649a8fe0">
      <Execution id="247770c8-2700-4e20-a996-5cfe052cda37" />
      <TestMethod codeBase="D:\actions-runner\_work\XPCO\XPCO\EventServer\Server\Components\Central\VideoOS.EventServer.Alarms.RestApi.UnitTest\bin\Debug\net472\VideoOS.EventServer.Alarms.RestApi.UnitTest.dll" adapterTypeName="executor://mstestadapter/v2" className="VideoOS.EventServer.Alarms.RestApi.UnitTest.Controllers.AlarmStatisticsControllerTest" name="GetStatistics_ReturnsByState_WhenInInclude" />
    </UnitTest>
    <UnitTest name="PostAsync_ThrowsAlarmServiceFaultExceptionInvalidAuthentication_WhenNotAuthorizedUserRequests" storage="d:\actions-runner\_work\xpco\xpco\eventserver\server\components\central\videoos.eventserver.alarms.restapi.unittest\bin\debug\net472\videoos.eventserver.alarms.restapi.unittest.dll" id="8258123e-0a6c-d969-0931-f39b8fedeb37">
      <Execution id="9a513e91-4350-474b-8df3-00dec24f763b" />
      <TestMethod codeBase="D:\actions-runner\_work\XPCO\XPCO\EventServer\Server\Components\Central\VideoOS.EventServer.Alarms.RestApi.UnitTest\bin\Debug\net472\VideoOS.EventServer.Alarms.RestApi.UnitTest.dll" adapterTypeName="executor://mstestadapter/v2" className="VideoOS.EventServer.Alarms.RestApi.UnitTest.Controllers.AlarmSessionsControllerTest" name="PostAsync_ThrowsAlarmServiceFaultExceptionInvalidAuthentication_WhenNotAuthorizedUserRequests" />
    </UnitTest>
    <UnitTest name="GetAlarmCategories_ReturnsAlarmCategories_WhenReturnedByRepository" storage="d:\actions-runner\_work\xpco\xpco\eventserver\server\components\central\videoos.eventserver.alarms.restapi.unittest\bin\debug\net472\videoos.eventserver.alarms.restapi.unittest.dll" id="50361531-ab01-953d-78ce-25691af8e556">
      <Execution id="a5a062fb-bd4f-4287-ab1b-52107c8dd4bb" />
      <TestMethod codeBase="D:\actions-runner\_work\XPCO\XPCO\EventServer\Server\Components\Central\VideoOS.EventServer.Alarms.RestApi.UnitTest\bin\Debug\net472\VideoOS.EventServer.Alarms.RestApi.UnitTest.dll" adapterTypeName="executor://mstestadapter/v2" className="VideoOS.EventServer.Alarms.RestApi.UnitTest.Controllers.AlarmCategoriesControllerTest" name="GetAlarmCategories_ReturnsAlarmCategories_WhenReturnedByRepository" />
    </UnitTest>
    <UnitTest name="DeleteById_ReturnNotFound_WhenIdIsMissingInRepository" storage="d:\actions-runner\_work\xpco\xpco\eventserver\server\components\central\videoos.eventserver.alarms.restapi.unittest\bin\debug\net472\videoos.eventserver.alarms.restapi.unittest.dll" id="0cab05b6-ce55-6cdc-9014-e2e94a486291">
      <Execution id="f21b2663-c1b3-4b39-8348-8c3321d2af8f" />
      <TestMethod codeBase="D:\actions-runner\_work\XPCO\XPCO\EventServer\Server\Components\Central\VideoOS.EventServer.Alarms.RestApi.UnitTest\bin\Debug\net472\VideoOS.EventServer.Alarms.RestApi.UnitTest.dll" adapterTypeName="executor://mstestadapter/v2" className="VideoOS.EventServer.Alarms.RestApi.UnitTest.Controllers.AlarmDefinitionsControllerTest" name="DeleteById_ReturnNotFound_WhenIdIsMissingInRepository" />
    </UnitTest>
    <UnitTest name="PatchAlarmPriority_RemovesSoundMapping_WhenSetToNull" storage="d:\actions-runner\_work\xpco\xpco\eventserver\server\components\central\videoos.eventserver.alarms.restapi.unittest\bin\debug\net472\videoos.eventserver.alarms.restapi.unittest.dll" id="2334dff9-f212-3bf3-1eb3-234a61132fbb">
      <Execution id="12a32920-38e7-4c83-b54e-cd7ec8c9b7eb" />
      <TestMethod codeBase="D:\actions-runner\_work\XPCO\XPCO\EventServer\Server\Components\Central\VideoOS.EventServer.Alarms.RestApi.UnitTest\bin\Debug\net472\VideoOS.EventServer.Alarms.RestApi.UnitTest.dll" adapterTypeName="executor://mstestadapter/v2" className="VideoOS.EventServer.Alarms.RestApi.UnitTest.Controllers.AlarmPrioritiesControllerTest" name="PatchAlarmPriority_RemovesSoundMapping_WhenSetToNull" />
    </UnitTest>
    <UnitTest name="GetSnapshots_FetchesFromRepository_WhenCorrect" storage="d:\actions-runner\_work\xpco\xpco\eventserver\server\components\central\videoos.eventserver.alarms.restapi.unittest\bin\debug\net472\videoos.eventserver.alarms.restapi.unittest.dll" id="fcec56c3-757d-bac7-895f-6a7381a82d75">
      <Execution id="d28ec690-e1d6-48a8-9a7a-1537aacd90ae" />
      <TestMethod codeBase="D:\actions-runner\_work\XPCO\XPCO\EventServer\Server\Components\Central\VideoOS.EventServer.Alarms.RestApi.UnitTest\bin\Debug\net472\VideoOS.EventServer.Alarms.RestApi.UnitTest.dll" adapterTypeName="executor://mstestadapter/v2" className="VideoOS.EventServer.Alarms.RestApi.UnitTest.Controllers.AlarmsControllerTest" name="GetSnapshots_FetchesFromRepository_WhenCorrect" />
    </UnitTest>
    <UnitTest name="DeleteAlarmCategory_ReturnsNotFound_WhenNotExists" storage="d:\actions-runner\_work\xpco\xpco\eventserver\server\components\central\videoos.eventserver.alarms.restapi.unittest\bin\debug\net472\videoos.eventserver.alarms.restapi.unittest.dll" id="7f5a4df5-380a-7a15-c049-9e50b2ae3008">
      <Execution id="afb03a40-0589-4cda-9196-93728fd1761d" />
      <TestMethod codeBase="D:\actions-runner\_work\XPCO\XPCO\EventServer\Server\Components\Central\VideoOS.EventServer.Alarms.RestApi.UnitTest\bin\Debug\net472\VideoOS.EventServer.Alarms.RestApi.UnitTest.dll" adapterTypeName="executor://mstestadapter/v2" className="VideoOS.EventServer.Alarms.RestApi.UnitTest.Controllers.AlarmCategoriesControllerTest" name="DeleteAlarmCategory_ReturnsNotFound_WhenNotExists" />
    </UnitTest>
    <UnitTest name="PostAlarmState_Stores_WhenCorrect" storage="d:\actions-runner\_work\xpco\xpco\eventserver\server\components\central\videoos.eventserver.alarms.restapi.unittest\bin\debug\net472\videoos.eventserver.alarms.restapi.unittest.dll" id="80a355c2-b8ee-cf51-8b7b-bee6654585bc">
      <Execution id="1048c7c8-2401-4bce-a526-7d94bd4439d7" />
      <TestMethod codeBase="D:\actions-runner\_work\XPCO\XPCO\EventServer\Server\Components\Central\VideoOS.EventServer.Alarms.RestApi.UnitTest\bin\Debug\net472\VideoOS.EventServer.Alarms.RestApi.UnitTest.dll" adapterTypeName="executor://mstestadapter/v2" className="VideoOS.EventServer.Alarms.RestApi.UnitTest.Controllers.AlarmStatesControllerTest" name="PostAlarmState_Stores_WhenCorrect" />
    </UnitTest>
    <UnitTest name="GetAlarmManagerColumns_ReturnsAForbidden_WhenCannotRead" storage="d:\actions-runner\_work\xpco\xpco\eventserver\server\components\central\videoos.eventserver.alarms.restapi.unittest\bin\debug\net472\videoos.eventserver.alarms.restapi.unittest.dll" id="7037661c-4ff7-fd74-22d2-c9e2f13796a8">
      <Execution id="e04c0423-683e-4e4b-b9a7-915c52868e70" />
      <TestMethod codeBase="D:\actions-runner\_work\XPCO\XPCO\EventServer\Server\Components\Central\VideoOS.EventServer.Alarms.RestApi.UnitTest\bin\Debug\net472\VideoOS.EventServer.Alarms.RestApi.UnitTest.dll" adapterTypeName="executor://mstestadapter/v2" className="VideoOS.EventServer.Alarms.RestApi.UnitTest.Controllers.AlarmManagerColumnsControllerTest" name="GetAlarmManagerColumns_ReturnsAForbidden_WhenCannotRead" />
    </UnitTest>
    <UnitTest name="GetAlarmSound_ReturnsAlarmSound_WhenReturnedByRepository" storage="d:\actions-runner\_work\xpco\xpco\eventserver\server\components\central\videoos.eventserver.alarms.restapi.unittest\bin\debug\net472\videoos.eventserver.alarms.restapi.unittest.dll" id="31b71329-e4ab-10bf-fbdd-fff51f00ccf6">
      <Execution id="4425c753-bea7-4665-8ce5-43f792dac22a" />
      <TestMethod codeBase="D:\actions-runner\_work\XPCO\XPCO\EventServer\Server\Components\Central\VideoOS.EventServer.Alarms.RestApi.UnitTest\bin\Debug\net472\VideoOS.EventServer.Alarms.RestApi.UnitTest.dll" adapterTypeName="executor://mstestadapter/v2" className="VideoOS.EventServer.Alarms.RestApi.UnitTest.Controllers.AlarmSoundsControllerTest" name="GetAlarmSound_ReturnsAlarmSound_WhenReturnedByRepository" />
    </UnitTest>
    <UnitTest name="DeleteAlarmSound_ReturnsNotFound_WhenNotExists" storage="d:\actions-runner\_work\xpco\xpco\eventserver\server\components\central\videoos.eventserver.alarms.restapi.unittest\bin\debug\net472\videoos.eventserver.alarms.restapi.unittest.dll" id="003136a9-f83d-9967-d410-7e849b4b8184">
      <Execution id="2d9b2e86-28c0-4ffa-b05d-82fd637e8708" />
      <TestMethod codeBase="D:\actions-runner\_work\XPCO\XPCO\EventServer\Server\Components\Central\VideoOS.EventServer.Alarms.RestApi.UnitTest\bin\Debug\net472\VideoOS.EventServer.Alarms.RestApi.UnitTest.dll" adapterTypeName="executor://mstestadapter/v2" className="VideoOS.EventServer.Alarms.RestApi.UnitTest.Controllers.AlarmSoundsControllerTest" name="DeleteAlarmSound_ReturnsNotFound_WhenNotExists" />
    </UnitTest>
    <UnitTest name="GetAlarm_ReturnsAlarm_WhenReturnedByRepository" storage="d:\actions-runner\_work\xpco\xpco\eventserver\server\components\central\videoos.eventserver.alarms.restapi.unittest\bin\debug\net472\videoos.eventserver.alarms.restapi.unittest.dll" id="45bfdc90-b072-d116-10b0-364044d464ae">
      <Execution id="d27e6a6b-6ca2-4a4a-a2f1-67af6c2035be" />
      <TestMethod codeBase="D:\actions-runner\_work\XPCO\XPCO\EventServer\Server\Components\Central\VideoOS.EventServer.Alarms.RestApi.UnitTest\bin\Debug\net472\VideoOS.EventServer.Alarms.RestApi.UnitTest.dll" adapterTypeName="executor://mstestadapter/v2" className="VideoOS.EventServer.Alarms.RestApi.UnitTest.Controllers.AlarmsControllerTest" name="GetAlarm_ReturnsAlarm_WhenReturnedByRepository" />
    </UnitTest>
    <UnitTest name="GetByIdAsync_ThrowsAlarmServiceFaultExceptionInvalidAuthentication_WhenNotAuthorizedUserRequests" storage="d:\actions-runner\_work\xpco\xpco\eventserver\server\components\central\videoos.eventserver.alarms.restapi.unittest\bin\debug\net472\videoos.eventserver.alarms.restapi.unittest.dll" id="ba8182e2-0e7f-893a-3584-dbdbf426abc9">
      <Execution id="032ac12b-cdb1-4b14-8503-709bccea2906" />
      <TestMethod codeBase="D:\actions-runner\_work\XPCO\XPCO\EventServer\Server\Components\Central\VideoOS.EventServer.Alarms.RestApi.UnitTest\bin\Debug\net472\VideoOS.EventServer.Alarms.RestApi.UnitTest.dll" adapterTypeName="executor://mstestadapter/v2" className="VideoOS.EventServer.Alarms.RestApi.UnitTest.Controllers.AlarmSessionsControllerTest" name="GetByIdAsync_ThrowsAlarmServiceFaultExceptionInvalidAuthentication_WhenNotAuthorizedUserRequests" />
    </UnitTest>
    <UnitTest name="PatchAlarmPriority_ReturnsBadRequest_WhenSoundNotExists" storage="d:\actions-runner\_work\xpco\xpco\eventserver\server\components\central\videoos.eventserver.alarms.restapi.unittest\bin\debug\net472\videoos.eventserver.alarms.restapi.unittest.dll" id="4da9f952-8f82-451d-9f91-104cef5655a6">
      <Execution id="ea0e8db6-49ae-4777-8f7d-94bb2c1047d0" />
      <TestMethod codeBase="D:\actions-runner\_work\XPCO\XPCO\EventServer\Server\Components\Central\VideoOS.EventServer.Alarms.RestApi.UnitTest\bin\Debug\net472\VideoOS.EventServer.Alarms.RestApi.UnitTest.dll" adapterTypeName="executor://mstestadapter/v2" className="VideoOS.EventServer.Alarms.RestApi.UnitTest.Controllers.AlarmPrioritiesControllerTest" name="PatchAlarmPriority_ReturnsBadRequest_WhenSoundNotExists" />
    </UnitTest>
    <UnitTest name="GetAlarmDefinitionById_ReturnsAlarmDefinition_WhenReturnedByRepository" storage="d:\actions-runner\_work\xpco\xpco\eventserver\server\components\central\videoos.eventserver.alarms.restapi.unittest\bin\debug\net472\videoos.eventserver.alarms.restapi.unittest.dll" id="fecd9be6-bec9-0b49-c6c4-ff9555e41ac3">
      <Execution id="e9a77dee-9582-4da3-94cd-0bc6758b1e95" />
      <TestMethod codeBase="D:\actions-runner\_work\XPCO\XPCO\EventServer\Server\Components\Central\VideoOS.EventServer.Alarms.RestApi.UnitTest\bin\Debug\net472\VideoOS.EventServer.Alarms.RestApi.UnitTest.dll" adapterTypeName="executor://mstestadapter/v2" className="VideoOS.EventServer.Alarms.RestApi.UnitTest.Controllers.AlarmDefinitionsControllerTest" name="GetAlarmDefinitionById_ReturnsAlarmDefinition_WhenReturnedByRepository" />
    </UnitTest>
    <UnitTest name="GetAlarmSounds_ReturnsAlarmSounds_WhenReturnedByRepository" storage="d:\actions-runner\_work\xpco\xpco\eventserver\server\components\central\videoos.eventserver.alarms.restapi.unittest\bin\debug\net472\videoos.eventserver.alarms.restapi.unittest.dll" id="a6da2d78-09a9-1ed8-b58e-9ac93ff017f8">
      <Execution id="6f6db754-7c92-4416-a374-a04ab2d5274d" />
      <TestMethod codeBase="D:\actions-runner\_work\XPCO\XPCO\EventServer\Server\Components\Central\VideoOS.EventServer.Alarms.RestApi.UnitTest\bin\Debug\net472\VideoOS.EventServer.Alarms.RestApi.UnitTest.dll" adapterTypeName="executor://mstestadapter/v2" className="VideoOS.EventServer.Alarms.RestApi.UnitTest.Controllers.AlarmSoundsControllerTest" name="GetAlarmSounds_ReturnsAlarmSounds_WhenReturnedByRepository" />
    </UnitTest>
    <UnitTest name="GetAlarmPriorities_ReturnsAlarmPriorities_WhenReturnedByRepository" storage="d:\actions-runner\_work\xpco\xpco\eventserver\server\components\central\videoos.eventserver.alarms.restapi.unittest\bin\debug\net472\videoos.eventserver.alarms.restapi.unittest.dll" id="8322d50f-7a10-a72c-9db0-690912ff0eb9">
      <Execution id="5cc41071-beab-4fc5-8d33-d787e6739643" />
      <TestMethod codeBase="D:\actions-runner\_work\XPCO\XPCO\EventServer\Server\Components\Central\VideoOS.EventServer.Alarms.RestApi.UnitTest\bin\Debug\net472\VideoOS.EventServer.Alarms.RestApi.UnitTest.dll" adapterTypeName="executor://mstestadapter/v2" className="VideoOS.EventServer.Alarms.RestApi.UnitTest.Controllers.AlarmPrioritiesControllerTest" name="GetAlarmPriorities_ReturnsAlarmPriorities_WhenReturnedByRepository" />
    </UnitTest>
    <UnitTest name="DeleteAlarmDefinition_ReturnsSuccess_WhenRemovedRepository" storage="d:\actions-runner\_work\xpco\xpco\eventserver\server\components\central\videoos.eventserver.alarms.restapi.unittest\bin\debug\net472\videoos.eventserver.alarms.restapi.unittest.dll" id="db2907f4-c056-5586-d9e0-88232eb0a49e">
      <Execution id="eef08c85-fc3c-49f8-928d-a501e1b07143" />
      <TestMethod codeBase="D:\actions-runner\_work\XPCO\XPCO\EventServer\Server\Components\Central\VideoOS.EventServer.Alarms.RestApi.UnitTest\bin\Debug\net472\VideoOS.EventServer.Alarms.RestApi.UnitTest.dll" adapterTypeName="executor://mstestadapter/v2" className="VideoOS.EventServer.Alarms.RestApi.UnitTest.Controllers.AlarmDefinitionsControllerTest" name="DeleteAlarmDefinition_ReturnsSuccess_WhenRemovedRepository" />
    </UnitTest>
    <UnitTest name="PostAlarmPriority_ReturnsBadRequest_WhenAlreadyExists" storage="d:\actions-runner\_work\xpco\xpco\eventserver\server\components\central\videoos.eventserver.alarms.restapi.unittest\bin\debug\net472\videoos.eventserver.alarms.restapi.unittest.dll" id="caccdef6-4e02-7542-d31b-6b0a52067471">
      <Execution id="0e5392c1-3d4d-4a39-8029-7e545315b1b7" />
      <TestMethod codeBase="D:\actions-runner\_work\XPCO\XPCO\EventServer\Server\Components\Central\VideoOS.EventServer.Alarms.RestApi.UnitTest\bin\Debug\net472\VideoOS.EventServer.Alarms.RestApi.UnitTest.dll" adapterTypeName="executor://mstestadapter/v2" className="VideoOS.EventServer.Alarms.RestApi.UnitTest.Controllers.AlarmPrioritiesControllerTest" name="PostAlarmPriority_ReturnsBadRequest_WhenAlreadyExists" />
    </UnitTest>
    <UnitTest name="GetAlarmReasonsForClosing_ReturnsAlarmReasonsForClosingConfiguration_WhenReturnedByRepository" storage="d:\actions-runner\_work\xpco\xpco\eventserver\server\components\central\videoos.eventserver.alarms.restapi.unittest\bin\debug\net472\videoos.eventserver.alarms.restapi.unittest.dll" id="60e32c07-43bd-87b8-7edd-6d707919e175">
      <Execution id="4bcb190a-80bc-4b7c-bd81-90177b45caac" />
      <TestMethod codeBase="D:\actions-runner\_work\XPCO\XPCO\EventServer\Server\Components\Central\VideoOS.EventServer.Alarms.RestApi.UnitTest\bin\Debug\net472\VideoOS.EventServer.Alarms.RestApi.UnitTest.dll" adapterTypeName="executor://mstestadapter/v2" className="VideoOS.EventServer.Alarms.RestApi.UnitTest.Controllers.AlarmReasonsForClosingControllerTest" name="GetAlarmReasonsForClosing_ReturnsAlarmReasonsForClosingConfiguration_WhenReturnedByRepository" />
    </UnitTest>
    <UnitTest name="PutAlarmManagerColumns_ReturnsForbidden_WhenCannotEditSettings" storage="d:\actions-runner\_work\xpco\xpco\eventserver\server\components\central\videoos.eventserver.alarms.restapi.unittest\bin\debug\net472\videoos.eventserver.alarms.restapi.unittest.dll" id="f9403549-618d-3946-7346-ac45ecf4aac6">
      <Execution id="07dc7b74-6aa7-4235-bcf2-e487821cbcdd" />
      <TestMethod codeBase="D:\actions-runner\_work\XPCO\XPCO\EventServer\Server\Components\Central\VideoOS.EventServer.Alarms.RestApi.UnitTest\bin\Debug\net472\VideoOS.EventServer.Alarms.RestApi.UnitTest.dll" adapterTypeName="executor://mstestadapter/v2" className="VideoOS.EventServer.Alarms.RestApi.UnitTest.Controllers.AlarmManagerColumnsControllerTest" name="PutAlarmManagerColumns_ReturnsForbidden_WhenCannotEditSettings" />
    </UnitTest>
    <UnitTest name="PostAlarmSound_SendsToSoundManager_WhenCorrect" storage="d:\actions-runner\_work\xpco\xpco\eventserver\server\components\central\videoos.eventserver.alarms.restapi.unittest\bin\debug\net472\videoos.eventserver.alarms.restapi.unittest.dll" id="5433a76f-8e3f-a1de-e107-5a1699bd24b9">
      <Execution id="7689083f-3424-4dce-9009-3b81e568f999" />
      <TestMethod codeBase="D:\actions-runner\_work\XPCO\XPCO\EventServer\Server\Components\Central\VideoOS.EventServer.Alarms.RestApi.UnitTest\bin\Debug\net472\VideoOS.EventServer.Alarms.RestApi.UnitTest.dll" adapterTypeName="executor://mstestadapter/v2" className="VideoOS.EventServer.Alarms.RestApi.UnitTest.Controllers.AlarmSoundsControllerTest" name="PostAlarmSound_SendsToSoundManager_WhenCorrect" />
    </UnitTest>
    <UnitTest name="DeleteByIdAsync_ThrowsUserValidationException_WhenInvalidUserRequests" storage="d:\actions-runner\_work\xpco\xpco\eventserver\server\components\central\videoos.eventserver.alarms.restapi.unittest\bin\debug\net472\videoos.eventserver.alarms.restapi.unittest.dll" id="7ffbc039-e537-3a06-0c7a-54f1da647f8b">
      <Execution id="96efd415-3517-45c2-87f9-d85f8a9443af" />
      <TestMethod codeBase="D:\actions-runner\_work\XPCO\XPCO\EventServer\Server\Components\Central\VideoOS.EventServer.Alarms.RestApi.UnitTest\bin\Debug\net472\VideoOS.EventServer.Alarms.RestApi.UnitTest.dll" adapterTypeName="executor://mstestadapter/v2" className="VideoOS.EventServer.Alarms.RestApi.UnitTest.Controllers.AlarmSessionsControllerTest" name="DeleteByIdAsync_ThrowsUserValidationException_WhenInvalidUserRequests" />
    </UnitTest>
    <UnitTest name="PatchAlarmSettings_OverridesAndReturns_WhenCanEditSettings" storage="d:\actions-runner\_work\xpco\xpco\eventserver\server\components\central\videoos.eventserver.alarms.restapi.unittest\bin\debug\net472\videoos.eventserver.alarms.restapi.unittest.dll" id="ac53c02f-0cae-1e34-f56d-69b6176a5179">
      <Execution id="2f3b62b5-2011-40b0-ac64-3fd1bbf32975" />
      <TestMethod codeBase="D:\actions-runner\_work\XPCO\XPCO\EventServer\Server\Components\Central\VideoOS.EventServer.Alarms.RestApi.UnitTest\bin\Debug\net472\VideoOS.EventServer.Alarms.RestApi.UnitTest.dll" adapterTypeName="executor://mstestadapter/v2" className="VideoOS.EventServer.Alarms.RestApi.UnitTest.Controllers.AlarmSettingsControllerTest" name="PatchAlarmSettings_OverridesAndReturns_WhenCanEditSettings" />
    </UnitTest>
    <UnitTest name="PostAlarmState_ReturnsForbidden_WhenCannotEditSettings" storage="d:\actions-runner\_work\xpco\xpco\eventserver\server\components\central\videoos.eventserver.alarms.restapi.unittest\bin\debug\net472\videoos.eventserver.alarms.restapi.unittest.dll" id="7d5031eb-4122-662c-c258-dbde19405eb1">
      <Execution id="f8c3dba8-de9e-42b5-baad-56a0aab00c4e" />
      <TestMethod codeBase="D:\actions-runner\_work\XPCO\XPCO\EventServer\Server\Components\Central\VideoOS.EventServer.Alarms.RestApi.UnitTest\bin\Debug\net472\VideoOS.EventServer.Alarms.RestApi.UnitTest.dll" adapterTypeName="executor://mstestadapter/v2" className="VideoOS.EventServer.Alarms.RestApi.UnitTest.Controllers.AlarmStatesControllerTest" name="PostAlarmState_ReturnsForbidden_WhenCannotEditSettings" />
    </UnitTest>
    <UnitTest name="DeleteAlarmState_ReturnsForbidden_WhenDefaultState" storage="d:\actions-runner\_work\xpco\xpco\eventserver\server\components\central\videoos.eventserver.alarms.restapi.unittest\bin\debug\net472\videoos.eventserver.alarms.restapi.unittest.dll" id="9213d6f5-2048-5f54-9021-059ae8399eaf">
      <Execution id="b4b4c2ae-380c-4ac7-a6b8-131bc63661ad" />
      <TestMethod codeBase="D:\actions-runner\_work\XPCO\XPCO\EventServer\Server\Components\Central\VideoOS.EventServer.Alarms.RestApi.UnitTest\bin\Debug\net472\VideoOS.EventServer.Alarms.RestApi.UnitTest.dll" adapterTypeName="executor://mstestadapter/v2" className="VideoOS.EventServer.Alarms.RestApi.UnitTest.Controllers.AlarmStatesControllerTest" name="DeleteAlarmState_ReturnsForbidden_WhenDefaultState" />
    </UnitTest>
    <UnitTest name="PostSnapshots_ReturnsNotFound_WhenAlarmNotFoundByIdInRepository" storage="d:\actions-runner\_work\xpco\xpco\eventserver\server\components\central\videoos.eventserver.alarms.restapi.unittest\bin\debug\net472\videoos.eventserver.alarms.restapi.unittest.dll" id="d5e37bef-4c32-802c-ab6b-21db6107c389">
      <Execution id="fd87d9bd-37c2-4b8f-a8ca-cf25c63edc62" />
      <TestMethod codeBase="D:\actions-runner\_work\XPCO\XPCO\EventServer\Server\Components\Central\VideoOS.EventServer.Alarms.RestApi.UnitTest\bin\Debug\net472\VideoOS.EventServer.Alarms.RestApi.UnitTest.dll" adapterTypeName="executor://mstestadapter/v2" className="VideoOS.EventServer.Alarms.RestApi.UnitTest.Controllers.AlarmsControllerTest" name="PostSnapshots_ReturnsNotFound_WhenAlarmNotFoundByIdInRepository" />
    </UnitTest>
    <UnitTest name="GetAlarmReasonsForClosing_ReturnsForbidden_WhenCannotRead" storage="d:\actions-runner\_work\xpco\xpco\eventserver\server\components\central\videoos.eventserver.alarms.restapi.unittest\bin\debug\net472\videoos.eventserver.alarms.restapi.unittest.dll" id="e53e8ad1-7a23-6354-77e9-0a55bce874dc">
      <Execution id="1c16f679-d25d-4b26-8281-921e03415903" />
      <TestMethod codeBase="D:\actions-runner\_work\XPCO\XPCO\EventServer\Server\Components\Central\VideoOS.EventServer.Alarms.RestApi.UnitTest\bin\Debug\net472\VideoOS.EventServer.Alarms.RestApi.UnitTest.dll" adapterTypeName="executor://mstestadapter/v2" className="VideoOS.EventServer.Alarms.RestApi.UnitTest.Controllers.AlarmReasonsForClosingControllerTest" name="GetAlarmReasonsForClosing_ReturnsForbidden_WhenCannotRead" />
    </UnitTest>
    <UnitTest name="DeleteAlarmCategory_ReturnsForbidden_WhenCannotEdit" storage="d:\actions-runner\_work\xpco\xpco\eventserver\server\components\central\videoos.eventserver.alarms.restapi.unittest\bin\debug\net472\videoos.eventserver.alarms.restapi.unittest.dll" id="c8d040fd-a083-ba96-be3a-5dbf1f3affe0">
      <Execution id="358de85a-b25d-448a-92da-f0bf581d3202" />
      <TestMethod codeBase="D:\actions-runner\_work\XPCO\XPCO\EventServer\Server\Components\Central\VideoOS.EventServer.Alarms.RestApi.UnitTest\bin\Debug\net472\VideoOS.EventServer.Alarms.RestApi.UnitTest.dll" adapterTypeName="executor://mstestadapter/v2" className="VideoOS.EventServer.Alarms.RestApi.UnitTest.Controllers.AlarmCategoriesControllerTest" name="DeleteAlarmCategory_ReturnsForbidden_WhenCannotEdit" />
    </UnitTest>
    <UnitTest name="PostAlarm_SendsToAlarmProcessor_WhenCorrect" storage="d:\actions-runner\_work\xpco\xpco\eventserver\server\components\central\videoos.eventserver.alarms.restapi.unittest\bin\debug\net472\videoos.eventserver.alarms.restapi.unittest.dll" id="213faaec-f28a-8cf2-aed6-46031d755589">
      <Execution id="3935186e-b5e8-421b-8d5f-6751200f6090" />
      <TestMethod codeBase="D:\actions-runner\_work\XPCO\XPCO\EventServer\Server\Components\Central\VideoOS.EventServer.Alarms.RestApi.UnitTest\bin\Debug\net472\VideoOS.EventServer.Alarms.RestApi.UnitTest.dll" adapterTypeName="executor://mstestadapter/v2" className="VideoOS.EventServer.Alarms.RestApi.UnitTest.Controllers.AlarmsControllerTest" name="PostAlarm_SendsToAlarmProcessor_WhenCorrect" />
    </UnitTest>
    <UnitTest name="GetAlarmDefinitions_ReturnsForbidden_WhenUnauthorizedRead" storage="d:\actions-runner\_work\xpco\xpco\eventserver\server\components\central\videoos.eventserver.alarms.restapi.unittest\bin\debug\net472\videoos.eventserver.alarms.restapi.unittest.dll" id="55b9eda8-3e94-1f87-b54e-54ebfaa360e3">
      <Execution id="61ccfd6c-feb7-47c2-a5e6-a1ea8f9575d7" />
      <TestMethod codeBase="D:\actions-runner\_work\XPCO\XPCO\EventServer\Server\Components\Central\VideoOS.EventServer.Alarms.RestApi.UnitTest\bin\Debug\net472\VideoOS.EventServer.Alarms.RestApi.UnitTest.dll" adapterTypeName="executor://mstestadapter/v2" className="VideoOS.EventServer.Alarms.RestApi.UnitTest.Controllers.AlarmDefinitionsControllerTest" name="GetAlarmDefinitions_ReturnsForbidden_WhenUnauthorizedRead" />
    </UnitTest>
    <UnitTest name="PostAlarmPriority_ReturnsForbidden_WhenCannotEditSettings" storage="d:\actions-runner\_work\xpco\xpco\eventserver\server\components\central\videoos.eventserver.alarms.restapi.unittest\bin\debug\net472\videoos.eventserver.alarms.restapi.unittest.dll" id="64700630-dc25-02b0-9bd4-fde566580e2c">
      <Execution id="7c05f648-700a-499d-a41f-2252c3e4c25f" />
      <TestMethod codeBase="D:\actions-runner\_work\XPCO\XPCO\EventServer\Server\Components\Central\VideoOS.EventServer.Alarms.RestApi.UnitTest\bin\Debug\net472\VideoOS.EventServer.Alarms.RestApi.UnitTest.dll" adapterTypeName="executor://mstestadapter/v2" className="VideoOS.EventServer.Alarms.RestApi.UnitTest.Controllers.AlarmPrioritiesControllerTest" name="PostAlarmPriority_ReturnsForbidden_WhenCannotEditSettings" />
    </UnitTest>
    <UnitTest name="DeleteAlarmPriority_Deletes_WhenExistsAndNotDefault" storage="d:\actions-runner\_work\xpco\xpco\eventserver\server\components\central\videoos.eventserver.alarms.restapi.unittest\bin\debug\net472\videoos.eventserver.alarms.restapi.unittest.dll" id="d6fc99d8-bf1b-c8cc-6ae6-4506359df52c">
      <Execution id="e027821b-99ee-4e69-94d7-7594422ea1a3" />
      <TestMethod codeBase="D:\actions-runner\_work\XPCO\XPCO\EventServer\Server\Components\Central\VideoOS.EventServer.Alarms.RestApi.UnitTest\bin\Debug\net472\VideoOS.EventServer.Alarms.RestApi.UnitTest.dll" adapterTypeName="executor://mstestadapter/v2" className="VideoOS.EventServer.Alarms.RestApi.UnitTest.Controllers.AlarmPrioritiesControllerTest" name="DeleteAlarmPriority_Deletes_WhenExistsAndNotDefault" />
    </UnitTest>
    <UnitTest name="GetAlarmManagerColumns_ReturnsAlarmManagerColumns_WhenReturnedByRepository" storage="d:\actions-runner\_work\xpco\xpco\eventserver\server\components\central\videoos.eventserver.alarms.restapi.unittest\bin\debug\net472\videoos.eventserver.alarms.restapi.unittest.dll" id="e1454323-f60d-3ed3-30d3-a3ac60e70bd8">
      <Execution id="5d4da924-f64e-48e4-a65e-3781de9a1d35" />
      <TestMethod codeBase="D:\actions-runner\_work\XPCO\XPCO\EventServer\Server\Components\Central\VideoOS.EventServer.Alarms.RestApi.UnitTest\bin\Debug\net472\VideoOS.EventServer.Alarms.RestApi.UnitTest.dll" adapterTypeName="executor://mstestadapter/v2" className="VideoOS.EventServer.Alarms.RestApi.UnitTest.Controllers.AlarmManagerColumnsControllerTest" name="GetAlarmManagerColumns_ReturnsAlarmManagerColumns_WhenReturnedByRepository" />
    </UnitTest>
    <UnitTest name="GetSnapshots_ReturnsEmptyArray_WhenNoSnapshotsByIdInRepository" storage="d:\actions-runner\_work\xpco\xpco\eventserver\server\components\central\videoos.eventserver.alarms.restapi.unittest\bin\debug\net472\videoos.eventserver.alarms.restapi.unittest.dll" id="c5e9eb62-273c-89cf-ff42-89759b87b6d0">
      <Execution id="ecf7e437-74e5-480c-874f-4908ce6520c5" />
      <TestMethod codeBase="D:\actions-runner\_work\XPCO\XPCO\EventServer\Server\Components\Central\VideoOS.EventServer.Alarms.RestApi.UnitTest\bin\Debug\net472\VideoOS.EventServer.Alarms.RestApi.UnitTest.dll" adapterTypeName="executor://mstestadapter/v2" className="VideoOS.EventServer.Alarms.RestApi.UnitTest.Controllers.AlarmsControllerTest" name="GetSnapshots_ReturnsEmptyArray_WhenNoSnapshotsByIdInRepository" />
    </UnitTest>
    <UnitTest name="PutAlarmManagerColumns_OverridesAndReturns_WhenReturnedByRepository" storage="d:\actions-runner\_work\xpco\xpco\eventserver\server\components\central\videoos.eventserver.alarms.restapi.unittest\bin\debug\net472\videoos.eventserver.alarms.restapi.unittest.dll" id="92905909-dda5-c258-591b-904fdfb4c304">
      <Execution id="83ccbc5e-c08c-4bea-a566-0c49e48dc20b" />
      <TestMethod codeBase="D:\actions-runner\_work\XPCO\XPCO\EventServer\Server\Components\Central\VideoOS.EventServer.Alarms.RestApi.UnitTest\bin\Debug\net472\VideoOS.EventServer.Alarms.RestApi.UnitTest.dll" adapterTypeName="executor://mstestadapter/v2" className="VideoOS.EventServer.Alarms.RestApi.UnitTest.Controllers.AlarmManagerColumnsControllerTest" name="PutAlarmManagerColumns_OverridesAndReturns_WhenReturnedByRepository" />
    </UnitTest>
    <UnitTest name="PostAlarmCategory_ReturnsForbidden_WhenCannotRead" storage="d:\actions-runner\_work\xpco\xpco\eventserver\server\components\central\videoos.eventserver.alarms.restapi.unittest\bin\debug\net472\videoos.eventserver.alarms.restapi.unittest.dll" id="8e0c34f1-8477-77ca-c343-8e76a92f72ed">
      <Execution id="7a1f1c0c-7467-44c1-aebd-e7c002555b85" />
      <TestMethod codeBase="D:\actions-runner\_work\XPCO\XPCO\EventServer\Server\Components\Central\VideoOS.EventServer.Alarms.RestApi.UnitTest\bin\Debug\net472\VideoOS.EventServer.Alarms.RestApi.UnitTest.dll" adapterTypeName="executor://mstestadapter/v2" className="VideoOS.EventServer.Alarms.RestApi.UnitTest.Controllers.AlarmCategoriesControllerTest" name="PostAlarmCategory_ReturnsForbidden_WhenCannotRead" />
    </UnitTest>
    <UnitTest name="GetAlarm_ReturnsNotFound_WhenNotReturnedByRepository" storage="d:\actions-runner\_work\xpco\xpco\eventserver\server\components\central\videoos.eventserver.alarms.restapi.unittest\bin\debug\net472\videoos.eventserver.alarms.restapi.unittest.dll" id="731c8760-5913-fbf0-e5a4-e90c480360cd">
      <Execution id="f6853f51-8fe3-47a0-b72c-c369228f724b" />
      <TestMethod codeBase="D:\actions-runner\_work\XPCO\XPCO\EventServer\Server\Components\Central\VideoOS.EventServer.Alarms.RestApi.UnitTest\bin\Debug\net472\VideoOS.EventServer.Alarms.RestApi.UnitTest.dll" adapterTypeName="executor://mstestadapter/v2" className="VideoOS.EventServer.Alarms.RestApi.UnitTest.Controllers.AlarmsControllerTest" name="GetAlarm_ReturnsNotFound_WhenNotReturnedByRepository" />
    </UnitTest>
    <UnitTest name="PutAlarmDefinition_ReturnsAlarmDefinitions_WhenUpdatedInRepository" storage="d:\actions-runner\_work\xpco\xpco\eventserver\server\components\central\videoos.eventserver.alarms.restapi.unittest\bin\debug\net472\videoos.eventserver.alarms.restapi.unittest.dll" id="67076b9e-4c93-d109-7827-f1dcab2002dd">
      <Execution id="73ba7954-f6ae-421f-8493-3d9856428290" />
      <TestMethod codeBase="D:\actions-runner\_work\XPCO\XPCO\EventServer\Server\Components\Central\VideoOS.EventServer.Alarms.RestApi.UnitTest\bin\Debug\net472\VideoOS.EventServer.Alarms.RestApi.UnitTest.dll" adapterTypeName="executor://mstestadapter/v2" className="VideoOS.EventServer.Alarms.RestApi.UnitTest.Controllers.AlarmDefinitionsControllerTest" name="PutAlarmDefinition_ReturnsAlarmDefinitions_WhenUpdatedInRepository" />
    </UnitTest>
    <UnitTest name="PostAlarmSound_ReturnsForbidden_WhenCannotEditSettings" storage="d:\actions-runner\_work\xpco\xpco\eventserver\server\components\central\videoos.eventserver.alarms.restapi.unittest\bin\debug\net472\videoos.eventserver.alarms.restapi.unittest.dll" id="c3c858cc-80cf-bd60-eaa7-3b2bf3252bae">
      <Execution id="4aab8111-14d0-458e-a4ab-9b4353922b83" />
      <TestMethod codeBase="D:\actions-runner\_work\XPCO\XPCO\EventServer\Server\Components\Central\VideoOS.EventServer.Alarms.RestApi.UnitTest\bin\Debug\net472\VideoOS.EventServer.Alarms.RestApi.UnitTest.dll" adapterTypeName="executor://mstestadapter/v2" className="VideoOS.EventServer.Alarms.RestApi.UnitTest.Controllers.AlarmSoundsControllerTest" name="PostAlarmSound_ReturnsForbidden_WhenCannotEditSettings" />
    </UnitTest>
    <UnitTest name="PatchAlarmSettings_ReturnsForbidden_WhenCannotEditSettings" storage="d:\actions-runner\_work\xpco\xpco\eventserver\server\components\central\videoos.eventserver.alarms.restapi.unittest\bin\debug\net472\videoos.eventserver.alarms.restapi.unittest.dll" id="ca09e304-da18-86db-4894-2cf7b154d1b1">
      <Execution id="056c827f-bdb1-40ce-8c41-d95fc479739c" />
      <TestMethod codeBase="D:\actions-runner\_work\XPCO\XPCO\EventServer\Server\Components\Central\VideoOS.EventServer.Alarms.RestApi.UnitTest\bin\Debug\net472\VideoOS.EventServer.Alarms.RestApi.UnitTest.dll" adapterTypeName="executor://mstestadapter/v2" className="VideoOS.EventServer.Alarms.RestApi.UnitTest.Controllers.AlarmSettingsControllerTest" name="PatchAlarmSettings_ReturnsForbidden_WhenCannotEditSettings" />
    </UnitTest>
    <UnitTest name="DeleteAlarmPriority_ReturnsNotFound_WhenNotExists" storage="d:\actions-runner\_work\xpco\xpco\eventserver\server\components\central\videoos.eventserver.alarms.restapi.unittest\bin\debug\net472\videoos.eventserver.alarms.restapi.unittest.dll" id="ae3b9157-0aff-4cf1-c428-4e75d06bf0da">
      <Execution id="ab06b6c5-40fc-4a02-9161-b48c6cb715bc" />
      <TestMethod codeBase="D:\actions-runner\_work\XPCO\XPCO\EventServer\Server\Components\Central\VideoOS.EventServer.Alarms.RestApi.UnitTest\bin\Debug\net472\VideoOS.EventServer.Alarms.RestApi.UnitTest.dll" adapterTypeName="executor://mstestadapter/v2" className="VideoOS.EventServer.Alarms.RestApi.UnitTest.Controllers.AlarmPrioritiesControllerTest" name="DeleteAlarmPriority_ReturnsNotFound_WhenNotExists" />
    </UnitTest>
    <UnitTest name="GetAlarmAuthorizedRoles_ReturnsAlarmAuthorizedRoles_WhenReturnedByManager" storage="d:\actions-runner\_work\xpco\xpco\eventserver\server\components\central\videoos.eventserver.alarms.restapi.unittest\bin\debug\net472\videoos.eventserver.alarms.restapi.unittest.dll" id="1768ce57-9a0b-fc36-c4a3-71c366a0e5a6">
      <Execution id="a85ea8d3-58e3-4037-a68d-0b60f6d336dd" />
      <TestMethod codeBase="D:\actions-runner\_work\XPCO\XPCO\EventServer\Server\Components\Central\VideoOS.EventServer.Alarms.RestApi.UnitTest\bin\Debug\net472\VideoOS.EventServer.Alarms.RestApi.UnitTest.dll" adapterTypeName="executor://mstestadapter/v2" className="VideoOS.EventServer.Alarms.RestApi.UnitTest.Controllers.AlarmAuthorizedRolesControllerTest" name="GetAlarmAuthorizedRoles_ReturnsAlarmAuthorizedRoles_WhenReturnedByManager" />
    </UnitTest>
    <UnitTest name="PatchAlarmSettings_ReturnsBadRequest_WhenNegative" storage="d:\actions-runner\_work\xpco\xpco\eventserver\server\components\central\videoos.eventserver.alarms.restapi.unittest\bin\debug\net472\videoos.eventserver.alarms.restapi.unittest.dll" id="df80ae2d-caba-0ccc-5377-0269b167f42c">
      <Execution id="b905322b-8c62-45bd-bdf1-b860b79c5988" />
      <TestMethod codeBase="D:\actions-runner\_work\XPCO\XPCO\EventServer\Server\Components\Central\VideoOS.EventServer.Alarms.RestApi.UnitTest\bin\Debug\net472\VideoOS.EventServer.Alarms.RestApi.UnitTest.dll" adapterTypeName="executor://mstestadapter/v2" className="VideoOS.EventServer.Alarms.RestApi.UnitTest.Controllers.AlarmSettingsControllerTest" name="PatchAlarmSettings_ReturnsBadRequest_WhenNegative" />
    </UnitTest>
    <UnitTest name="PutAlarmReasonsForClosing_OverridesAndReturns_WhenReturnedByRepository" storage="d:\actions-runner\_work\xpco\xpco\eventserver\server\components\central\videoos.eventserver.alarms.restapi.unittest\bin\debug\net472\videoos.eventserver.alarms.restapi.unittest.dll" id="6f5c93a4-6737-3a9f-b508-2098af8e0595">
      <Execution id="18491d3e-34f8-46d1-bd97-1e8eb5e6761e" />
      <TestMethod codeBase="D:\actions-runner\_work\XPCO\XPCO\EventServer\Server\Components\Central\VideoOS.EventServer.Alarms.RestApi.UnitTest\bin\Debug\net472\VideoOS.EventServer.Alarms.RestApi.UnitTest.dll" adapterTypeName="executor://mstestadapter/v2" className="VideoOS.EventServer.Alarms.RestApi.UnitTest.Controllers.AlarmReasonsForClosingControllerTest" name="PutAlarmReasonsForClosing_OverridesAndReturns_WhenReturnedByRepository" />
    </UnitTest>
    <UnitTest name="PostAlarmCategory_ReturnsBadRequest_WhenAlreadyExists" storage="d:\actions-runner\_work\xpco\xpco\eventserver\server\components\central\videoos.eventserver.alarms.restapi.unittest\bin\debug\net472\videoos.eventserver.alarms.restapi.unittest.dll" id="99db15e5-b0f4-7199-0643-aec7206cc8d1">
      <Execution id="a4d13e27-6305-4b3d-85d6-0706e5ff776a" />
      <TestMethod codeBase="D:\actions-runner\_work\XPCO\XPCO\EventServer\Server\Components\Central\VideoOS.EventServer.Alarms.RestApi.UnitTest\bin\Debug\net472\VideoOS.EventServer.Alarms.RestApi.UnitTest.dll" adapterTypeName="executor://mstestadapter/v2" className="VideoOS.EventServer.Alarms.RestApi.UnitTest.Controllers.AlarmCategoriesControllerTest" name="PostAlarmCategory_ReturnsBadRequest_WhenAlreadyExists" />
    </UnitTest>
    <UnitTest name="GetAlarm_ReturnsNotFound_WhenNotReturnedByRepository" storage="d:\actions-runner\_work\xpco\xpco\eventserver\server\components\central\videoos.eventserver.alarms.restapi.unittest\bin\debug\net472\videoos.eventserver.alarms.restapi.unittest.dll" id="504565d2-2795-2364-c3ab-039876f0a9fc">
      <Execution id="d5dff188-ad04-4fc3-ac0f-02a384ae8322" />
      <TestMethod codeBase="D:\actions-runner\_work\XPCO\XPCO\EventServer\Server\Components\Central\VideoOS.EventServer.Alarms.RestApi.UnitTest\bin\Debug\net472\VideoOS.EventServer.Alarms.RestApi.UnitTest.dll" adapterTypeName="executor://mstestadapter/v2" className="VideoOS.EventServer.Alarms.RestApi.UnitTest.Controllers.AlarmAuthorizedRolesControllerTest" name="GetAlarm_ReturnsNotFound_WhenNotReturnedByRepository" />
    </UnitTest>
    <UnitTest name="DeleteAlarmCategory_Deletes_WhenExistsAndNotDefault" storage="d:\actions-runner\_work\xpco\xpco\eventserver\server\components\central\videoos.eventserver.alarms.restapi.unittest\bin\debug\net472\videoos.eventserver.alarms.restapi.unittest.dll" id="52df9033-e832-ada0-efdb-f546a702f7e3">
      <Execution id="cd02550f-2ca8-49b0-a0ee-ad619f32c273" />
      <TestMethod codeBase="D:\actions-runner\_work\XPCO\XPCO\EventServer\Server\Components\Central\VideoOS.EventServer.Alarms.RestApi.UnitTest\bin\Debug\net472\VideoOS.EventServer.Alarms.RestApi.UnitTest.dll" adapterTypeName="executor://mstestadapter/v2" className="VideoOS.EventServer.Alarms.RestApi.UnitTest.Controllers.AlarmCategoriesControllerTest" name="DeleteAlarmCategory_Deletes_WhenExistsAndNotDefault" />
    </UnitTest>
    <UnitTest name="DeleteAlarmState_ReturnsNotFound_WhenNotExists" storage="d:\actions-runner\_work\xpco\xpco\eventserver\server\components\central\videoos.eventserver.alarms.restapi.unittest\bin\debug\net472\videoos.eventserver.alarms.restapi.unittest.dll" id="79cca645-ccc1-b3d0-9e71-02a1158d3738">
      <Execution id="76557e3d-34d2-42f0-8ebd-f8ee334f326a" />
      <TestMethod codeBase="D:\actions-runner\_work\XPCO\XPCO\EventServer\Server\Components\Central\VideoOS.EventServer.Alarms.RestApi.UnitTest\bin\Debug\net472\VideoOS.EventServer.Alarms.RestApi.UnitTest.dll" adapterTypeName="executor://mstestadapter/v2" className="VideoOS.EventServer.Alarms.RestApi.UnitTest.Controllers.AlarmStatesControllerTest" name="DeleteAlarmState_ReturnsNotFound_WhenNotExists" />
    </UnitTest>
    <UnitTest name="GetAlarmCategories_ReturnsForbidden_WhenCannotRead" storage="d:\actions-runner\_work\xpco\xpco\eventserver\server\components\central\videoos.eventserver.alarms.restapi.unittest\bin\debug\net472\videoos.eventserver.alarms.restapi.unittest.dll" id="7f7084a2-a46f-d956-6a6d-750d85ce0a66">
      <Execution id="2a80b8bf-df85-4f17-a9fa-395cc3d1d612" />
      <TestMethod codeBase="D:\actions-runner\_work\XPCO\XPCO\EventServer\Server\Components\Central\VideoOS.EventServer.Alarms.RestApi.UnitTest\bin\Debug\net472\VideoOS.EventServer.Alarms.RestApi.UnitTest.dll" adapterTypeName="executor://mstestadapter/v2" className="VideoOS.EventServer.Alarms.RestApi.UnitTest.Controllers.AlarmCategoriesControllerTest" name="GetAlarmCategories_ReturnsForbidden_WhenCannotRead" />
    </UnitTest>
    <UnitTest name="AlarmDefinitionToDtoConverter_FromDto_ReturnsCorrectObject" storage="d:\actions-runner\_work\xpco\xpco\eventserver\server\components\central\videoos.eventserver.alarms.restapi.unittest\bin\debug\net472\videoos.eventserver.alarms.restapi.unittest.dll" id="c537e4b8-c876-507c-0b33-25626acc9bb5">
      <Execution id="e5c0fb56-cdde-4b18-9041-039ac055801c" />
      <TestMethod codeBase="D:\actions-runner\_work\XPCO\XPCO\EventServer\Server\Components\Central\VideoOS.EventServer.Alarms.RestApi.UnitTest\bin\Debug\net472\VideoOS.EventServer.Alarms.RestApi.UnitTest.dll" adapterTypeName="executor://mstestadapter/v2" className="VideoOS.EventServer.Alarms.RestApi.UnitTest.Dto.AlarmDefinitions.AlarmDefinitionToDtoConverterTest" name="AlarmDefinitionToDtoConverter_FromDto_ReturnsCorrectObject" />
    </UnitTest>
    <UnitTest name="GetAlarmDefinitions_ReturnsAlarmDefinitions_WhenReturnedByRepository" storage="d:\actions-runner\_work\xpco\xpco\eventserver\server\components\central\videoos.eventserver.alarms.restapi.unittest\bin\debug\net472\videoos.eventserver.alarms.restapi.unittest.dll" id="1e98cf6d-5430-c12d-c632-79bf505e7fea">
      <Execution id="b5e247ce-7735-4591-b448-e00c1832adfb" />
      <TestMethod codeBase="D:\actions-runner\_work\XPCO\XPCO\EventServer\Server\Components\Central\VideoOS.EventServer.Alarms.RestApi.UnitTest\bin\Debug\net472\VideoOS.EventServer.Alarms.RestApi.UnitTest.dll" adapterTypeName="executor://mstestadapter/v2" className="VideoOS.EventServer.Alarms.RestApi.UnitTest.Controllers.AlarmDefinitionsControllerTest" name="GetAlarmDefinitions_ReturnsAlarmDefinitions_WhenReturnedByRepository" />
    </UnitTest>
    <UnitTest name="PatchAlarmCategory_ReturnsNotFound_WhenNotReturnedByRepository" storage="d:\actions-runner\_work\xpco\xpco\eventserver\server\components\central\videoos.eventserver.alarms.restapi.unittest\bin\debug\net472\videoos.eventserver.alarms.restapi.unittest.dll" id="48ca4192-0715-ebf9-89e7-e7488fe2e14b">
      <Execution id="d222b017-1f08-4a38-a6dc-86263940954e" />
      <TestMethod codeBase="D:\actions-runner\_work\XPCO\XPCO\EventServer\Server\Components\Central\VideoOS.EventServer.Alarms.RestApi.UnitTest\bin\Debug\net472\VideoOS.EventServer.Alarms.RestApi.UnitTest.dll" adapterTypeName="executor://mstestadapter/v2" className="VideoOS.EventServer.Alarms.RestApi.UnitTest.Controllers.AlarmCategoriesControllerTest" name="PatchAlarmCategory_ReturnsNotFound_WhenNotReturnedByRepository" />
    </UnitTest>
    <UnitTest name="GetAlarmStates_ReturnsForbidden_WhenCannotRead" storage="d:\actions-runner\_work\xpco\xpco\eventserver\server\components\central\videoos.eventserver.alarms.restapi.unittest\bin\debug\net472\videoos.eventserver.alarms.restapi.unittest.dll" id="6d3e3703-7b46-6aa6-1e9d-f5b1b61e6541">
      <Execution id="8933a579-4277-41c1-9038-890fdc836a06" />
      <TestMethod codeBase="D:\actions-runner\_work\XPCO\XPCO\EventServer\Server\Components\Central\VideoOS.EventServer.Alarms.RestApi.UnitTest\bin\Debug\net472\VideoOS.EventServer.Alarms.RestApi.UnitTest.dll" adapterTypeName="executor://mstestadapter/v2" className="VideoOS.EventServer.Alarms.RestApi.UnitTest.Controllers.AlarmStatesControllerTest" name="GetAlarmStates_ReturnsForbidden_WhenCannotRead" />
    </UnitTest>
    <UnitTest name="GetAlarmSound_ReturnsForbidden_WhenCannotRead" storage="d:\actions-runner\_work\xpco\xpco\eventserver\server\components\central\videoos.eventserver.alarms.restapi.unittest\bin\debug\net472\videoos.eventserver.alarms.restapi.unittest.dll" id="a27441d6-7159-dbee-8e3a-242227ce26ae">
      <Execution id="2a6fa8af-c222-43f2-a9c6-1c0d317ae1e6" />
      <TestMethod codeBase="D:\actions-runner\_work\XPCO\XPCO\EventServer\Server\Components\Central\VideoOS.EventServer.Alarms.RestApi.UnitTest\bin\Debug\net472\VideoOS.EventServer.Alarms.RestApi.UnitTest.dll" adapterTypeName="executor://mstestadapter/v2" className="VideoOS.EventServer.Alarms.RestApi.UnitTest.Controllers.AlarmSoundsControllerTest" name="GetAlarmSound_ReturnsForbidden_WhenCannotRead" />
    </UnitTest>
    <UnitTest name="GetStatistics_NotReturnsByState_WhenNoNoInclude" storage="d:\actions-runner\_work\xpco\xpco\eventserver\server\components\central\videoos.eventserver.alarms.restapi.unittest\bin\debug\net472\videoos.eventserver.alarms.restapi.unittest.dll" id="f3c28dc7-8b17-8d53-d995-a2c076021f65">
      <Execution id="22deaa6f-7f13-46a7-affe-5b4d9e2eba36" />
      <TestMethod codeBase="D:\actions-runner\_work\XPCO\XPCO\EventServer\Server\Components\Central\VideoOS.EventServer.Alarms.RestApi.UnitTest\bin\Debug\net472\VideoOS.EventServer.Alarms.RestApi.UnitTest.dll" adapterTypeName="executor://mstestadapter/v2" className="VideoOS.EventServer.Alarms.RestApi.UnitTest.Controllers.AlarmStatisticsControllerTest" name="GetStatistics_NotReturnsByState_WhenNoNoInclude" />
    </UnitTest>
    <UnitTest name="PostAlarmPriority_ReturnsBadRequest_WhenSoundNotExists" storage="d:\actions-runner\_work\xpco\xpco\eventserver\server\components\central\videoos.eventserver.alarms.restapi.unittest\bin\debug\net472\videoos.eventserver.alarms.restapi.unittest.dll" id="031b948a-1207-f6c7-2554-4b432c3a58ab">
      <Execution id="43bdc4db-83af-4845-b60a-7952440fc36a" />
      <TestMethod codeBase="D:\actions-runner\_work\XPCO\XPCO\EventServer\Server\Components\Central\VideoOS.EventServer.Alarms.RestApi.UnitTest\bin\Debug\net472\VideoOS.EventServer.Alarms.RestApi.UnitTest.dll" adapterTypeName="executor://mstestadapter/v2" className="VideoOS.EventServer.Alarms.RestApi.UnitTest.Controllers.AlarmPrioritiesControllerTest" name="PostAlarmPriority_ReturnsBadRequest_WhenSoundNotExists" />
    </UnitTest>
  </TestDefinitions>
  <TestEntries>
    <TestEntry testId="e64f7d49-8162-d06c-63dd-9daf1979f89a" executionId="ef997d22-8c2f-4dc4-a62e-4cfb901a0c4f" testListId="8c84fa94-04c1-424b-9868-57a2d4851a1d" />
    <TestEntry testId="9213d6f5-2048-5f54-9021-059ae8399eaf" executionId="b4b4c2ae-380c-4ac7-a6b8-131bc63661ad" testListId="8c84fa94-04c1-424b-9868-57a2d4851a1d" />
    <TestEntry testId="8322d50f-7a10-a72c-9db0-690912ff0eb9" executionId="5cc41071-beab-4fc5-8d33-d787e6739643" testListId="8c84fa94-04c1-424b-9868-57a2d4851a1d" />
    <TestEntry testId="dbfa907c-6a5a-1c2e-b45d-b0c1be784436" executionId="58c30045-68a0-4191-ab86-08d435a19396" testListId="8c84fa94-04c1-424b-9868-57a2d4851a1d" />
    <TestEntry testId="45bfdc90-b072-d116-10b0-364044d464ae" executionId="d27e6a6b-6ca2-4a4a-a2f1-67af6c2035be" testListId="8c84fa94-04c1-424b-9868-57a2d4851a1d" />
    <TestEntry testId="7037661c-4ff7-fd74-22d2-c9e2f13796a8" executionId="e04c0423-683e-4e4b-b9a7-915c52868e70" testListId="8c84fa94-04c1-424b-9868-57a2d4851a1d" />
    <TestEntry testId="f3c28dc7-8b17-8d53-d995-a2c076021f65" executionId="22deaa6f-7f13-46a7-affe-5b4d9e2eba36" testListId="8c84fa94-04c1-424b-9868-57a2d4851a1d" />
    <TestEntry testId="c5e9eb62-273c-89cf-ff42-89759b87b6d0" executionId="ecf7e437-74e5-480c-874f-4908ce6520c5" testListId="8c84fa94-04c1-424b-9868-57a2d4851a1d" />
    <TestEntry testId="d5e37bef-4c32-802c-ab6b-21db6107c389" executionId="fd87d9bd-37c2-4b8f-a8ca-cf25c63edc62" testListId="8c84fa94-04c1-424b-9868-57a2d4851a1d" />
    <TestEntry testId="cabd4be4-8e04-73bd-b9ce-d1ec47c7f950" executionId="c3e95d72-7862-4869-80db-8ead8b24db32" testListId="8c84fa94-04c1-424b-9868-57a2d4851a1d" />
    <TestEntry testId="80a355c2-b8ee-cf51-8b7b-bee6654585bc" executionId="1048c7c8-2401-4bce-a526-7d94bd4439d7" testListId="8c84fa94-04c1-424b-9868-57a2d4851a1d" />
    <TestEntry testId="444e7632-b672-07a5-70d3-5b00d5daf49d" executionId="b3e5d6d6-156a-4904-9f36-9a82a9fdc077" testListId="8c84fa94-04c1-424b-9868-57a2d4851a1d" />
    <TestEntry testId="a51de4a5-948f-6c56-44af-04e1267e3ef9" executionId="97e55a93-3592-40d4-92a3-acb9ffa5abe4" testListId="8c84fa94-04c1-424b-9868-57a2d4851a1d" />
    <TestEntry testId="3426664f-9064-57db-bebb-02372d806c18" executionId="0eeed356-ea48-46db-b5ad-9c0f018b7307" testListId="8c84fa94-04c1-424b-9868-57a2d4851a1d" />
    <TestEntry testId="031b948a-1207-f6c7-2554-4b432c3a58ab" executionId="43bdc4db-83af-4845-b60a-7952440fc36a" testListId="8c84fa94-04c1-424b-9868-57a2d4851a1d" />
    <TestEntry testId="da216857-75fe-a212-e8ea-2525a3bf67b4" executionId="ad77e8ed-e092-41c2-aa4d-023f4f8afdad" testListId="8c84fa94-04c1-424b-9868-57a2d4851a1d" />
    <TestEntry testId="9d3b55ff-fd82-75ec-5065-a61afd0d279f" executionId="13467f76-c021-4d85-a5db-46460b2beacb" testListId="8c84fa94-04c1-424b-9868-57a2d4851a1d" />
    <TestEntry testId="a6da2d78-09a9-1ed8-b58e-9ac93ff017f8" executionId="6f6db754-7c92-4416-a374-a04ab2d5274d" testListId="8c84fa94-04c1-424b-9868-57a2d4851a1d" />
    <TestEntry testId="fecd9be6-bec9-0b49-c6c4-ff9555e41ac3" executionId="e9a77dee-9582-4da3-94cd-0bc6758b1e95" testListId="8c84fa94-04c1-424b-9868-57a2d4851a1d" />
    <TestEntry testId="caccdef6-4e02-7542-d31b-6b0a52067471" executionId="0e5392c1-3d4d-4a39-8029-7e545315b1b7" testListId="8c84fa94-04c1-424b-9868-57a2d4851a1d" />
    <TestEntry testId="504565d2-2795-2364-c3ab-039876f0a9fc" executionId="d5dff188-ad04-4fc3-ac0f-02a384ae8322" testListId="8c84fa94-04c1-424b-9868-57a2d4851a1d" />
    <TestEntry testId="fcec56c3-757d-bac7-895f-6a7381a82d75" executionId="d28ec690-e1d6-48a8-9a7a-1537aacd90ae" testListId="8c84fa94-04c1-424b-9868-57a2d4851a1d" />
    <TestEntry testId="db2907f4-c056-5586-d9e0-88232eb0a49e" executionId="eef08c85-fc3c-49f8-928d-a501e1b07143" testListId="8c84fa94-04c1-424b-9868-57a2d4851a1d" />
    <TestEntry testId="2c573f59-b5a1-dedc-3608-785110823d04" executionId="1ddc17e5-505a-4962-8fef-4c069afa6994" testListId="8c84fa94-04c1-424b-9868-57a2d4851a1d" />
    <TestEntry testId="f68d4a6c-159f-4f94-28b5-801adaf97c56" executionId="acf5faec-eaa5-4df6-934b-3d06ac2172f5" testListId="8c84fa94-04c1-424b-9868-57a2d4851a1d" />
    <TestEntry testId="1768ce57-9a0b-fc36-c4a3-71c366a0e5a6" executionId="a85ea8d3-58e3-4037-a68d-0b60f6d336dd" testListId="8c84fa94-04c1-424b-9868-57a2d4851a1d" />
    <TestEntry testId="7ffbc039-e537-3a06-0c7a-54f1da647f8b" executionId="96efd415-3517-45c2-87f9-d85f8a9443af" testListId="8c84fa94-04c1-424b-9868-57a2d4851a1d" />
    <TestEntry testId="ca09e304-da18-86db-4894-2cf7b154d1b1" executionId="056c827f-bdb1-40ce-8c41-d95fc479739c" testListId="8c84fa94-04c1-424b-9868-57a2d4851a1d" />
    <TestEntry testId="7d5031eb-4122-662c-c258-dbde19405eb1" executionId="f8c3dba8-de9e-42b5-baad-56a0aab00c4e" testListId="8c84fa94-04c1-424b-9868-57a2d4851a1d" />
    <TestEntry testId="d8038aba-5c8b-53de-0fda-88b79ce6dee3" executionId="9631b1bc-2272-458e-92a3-7ec9fe3c650f" testListId="8c84fa94-04c1-424b-9868-57a2d4851a1d" />
    <TestEntry testId="d941d812-7cfa-88c9-8c4c-70d74aad724c" executionId="473d1ee1-8e0b-4c3d-95e8-32dd944cf1c3" testListId="8c84fa94-04c1-424b-9868-57a2d4851a1d" />
    <TestEntry testId="92905909-dda5-c258-591b-904fdfb4c304" executionId="83ccbc5e-c08c-4bea-a566-0c49e48dc20b" testListId="8c84fa94-04c1-424b-9868-57a2d4851a1d" />
    <TestEntry testId="48ca4192-0715-ebf9-89e7-e7488fe2e14b" executionId="d222b017-1f08-4a38-a6dc-86263940954e" testListId="8c84fa94-04c1-424b-9868-57a2d4851a1d" />
    <TestEntry testId="a27441d6-7159-dbee-8e3a-242227ce26ae" executionId="2a6fa8af-c222-43f2-a9c6-1c0d317ae1e6" testListId="8c84fa94-04c1-424b-9868-57a2d4851a1d" />
    <TestEntry testId="df80ae2d-caba-0ccc-5377-0269b167f42c" executionId="b905322b-8c62-45bd-bdf1-b860b79c5988" testListId="8c84fa94-04c1-424b-9868-57a2d4851a1d" />
    <TestEntry testId="4da9f952-8f82-451d-9f91-104cef5655a6" executionId="ea0e8db6-49ae-4777-8f7d-94bb2c1047d0" testListId="8c84fa94-04c1-424b-9868-57a2d4851a1d" />
    <TestEntry testId="d8dc7f47-05ac-b542-4921-4c22649a8fe0" executionId="247770c8-2700-4e20-a996-5cfe052cda37" testListId="8c84fa94-04c1-424b-9868-57a2d4851a1d" />
    <TestEntry testId="d8249755-c839-ea80-cf7e-821cd18b30bb" executionId="6f1d6dd4-d27d-41ed-9552-60e00992e05f" testListId="8c84fa94-04c1-424b-9868-57a2d4851a1d" />
    <TestEntry testId="43bf165b-b1e9-c786-d62a-10bb22e07b01" executionId="d098bbfd-44a9-4b63-a769-2d0919aef851" testListId="8c84fa94-04c1-424b-9868-57a2d4851a1d" />
    <TestEntry testId="9f15b6bf-ed52-0687-ff13-eb3f85c6509a" executionId="0218a161-b5ec-4e4c-af51-9b838453126b" testListId="8c84fa94-04c1-424b-9868-57a2d4851a1d" />
    <TestEntry testId="8333368b-e40e-ada3-8ff9-4510bf1bdaa7" executionId="6d9dca13-dbb7-400c-9939-7c880a981ec6" testListId="8c84fa94-04c1-424b-9868-57a2d4851a1d" />
    <TestEntry testId="7f7084a2-a46f-d956-6a6d-750d85ce0a66" executionId="2a80b8bf-df85-4f17-a9fa-395cc3d1d612" testListId="8c84fa94-04c1-424b-9868-57a2d4851a1d" />
    <TestEntry testId="31b71329-e4ab-10bf-fbdd-fff51f00ccf6" executionId="4425c753-bea7-4665-8ce5-43f792dac22a" testListId="8c84fa94-04c1-424b-9868-57a2d4851a1d" />
    <TestEntry testId="003136a9-f83d-9967-d410-7e849b4b8184" executionId="2d9b2e86-28c0-4ffa-b05d-82fd637e8708" testListId="8c84fa94-04c1-424b-9868-57a2d4851a1d" />
    <TestEntry testId="5c3b2e0e-3e08-648e-7c4a-b2b6741ea2a6" executionId="966b8745-67a9-48e3-86fa-2e473cce2870" testListId="8c84fa94-04c1-424b-9868-57a2d4851a1d" />
    <TestEntry testId="1ee8fa08-8dbe-25ac-43c2-76c536a66f74" executionId="d42953b6-1286-4965-a50b-19b1685a66e9" testListId="8c84fa94-04c1-424b-9868-57a2d4851a1d" />
    <TestEntry testId="6d3e3703-7b46-6aa6-1e9d-f5b1b61e6541" executionId="8933a579-4277-41c1-9038-890fdc836a06" testListId="8c84fa94-04c1-424b-9868-57a2d4851a1d" />
    <TestEntry testId="67076b9e-4c93-d109-7827-f1dcab2002dd" executionId="73ba7954-f6ae-421f-8493-3d9856428290" testListId="8c84fa94-04c1-424b-9868-57a2d4851a1d" />
    <TestEntry testId="50361531-ab01-953d-78ce-25691af8e556" executionId="a5a062fb-bd4f-4287-ab1b-52107c8dd4bb" testListId="8c84fa94-04c1-424b-9868-57a2d4851a1d" />
    <TestEntry testId="ba8182e2-0e7f-893a-3584-dbdbf426abc9" executionId="032ac12b-cdb1-4b14-8503-709bccea2906" testListId="8c84fa94-04c1-424b-9868-57a2d4851a1d" />
    <TestEntry testId="7f5a4df5-380a-7a15-c049-9e50b2ae3008" executionId="afb03a40-0589-4cda-9196-93728fd1761d" testListId="8c84fa94-04c1-424b-9868-57a2d4851a1d" />
    <TestEntry testId="726d99fb-524a-8321-94ae-71e7e81707ca" executionId="587973fe-c95b-47f9-a26f-3fd18880dd5b" testListId="8c84fa94-04c1-424b-9868-57a2d4851a1d" />
    <TestEntry testId="8e0c34f1-8477-77ca-c343-8e76a92f72ed" executionId="7a1f1c0c-7467-44c1-aebd-e7c002555b85" testListId="8c84fa94-04c1-424b-9868-57a2d4851a1d" />
    <TestEntry testId="52df9033-e832-ada0-efdb-f546a702f7e3" executionId="cd02550f-2ca8-49b0-a0ee-ad619f32c273" testListId="8c84fa94-04c1-424b-9868-57a2d4851a1d" />
    <TestEntry testId="e53e8ad1-7a23-6354-77e9-0a55bce874dc" executionId="1c16f679-d25d-4b26-8281-921e03415903" testListId="8c84fa94-04c1-424b-9868-57a2d4851a1d" />
    <TestEntry testId="5433a76f-8e3f-a1de-e107-5a1699bd24b9" executionId="7689083f-3424-4dce-9009-3b81e568f999" testListId="8c84fa94-04c1-424b-9868-57a2d4851a1d" />
    <TestEntry testId="e1552691-e502-4f07-2be0-a4d35ddbb7c9" executionId="2f71c0e8-8d2e-4fc3-80f5-bc9e985a3d28" testListId="8c84fa94-04c1-424b-9868-57a2d4851a1d" />
    <TestEntry testId="4bfc8f0f-f9d8-f823-f73c-0942ce29b34a" executionId="fc616c51-f5c9-4f6d-ac49-0d6053c92701" testListId="8c84fa94-04c1-424b-9868-57a2d4851a1d" />
    <TestEntry testId="f9403549-618d-3946-7346-ac45ecf4aac6" executionId="07dc7b74-6aa7-4235-bcf2-e487821cbcdd" testListId="8c84fa94-04c1-424b-9868-57a2d4851a1d" />
    <TestEntry testId="8b005007-a747-7157-8373-0a5bf5bb4505" executionId="182b63c0-929b-400d-9f52-81c31751f289" testListId="8c84fa94-04c1-424b-9868-57a2d4851a1d" />
    <TestEntry testId="55b9eda8-3e94-1f87-b54e-54ebfaa360e3" executionId="61ccfd6c-feb7-47c2-a5e6-a1ea8f9575d7" testListId="8c84fa94-04c1-424b-9868-57a2d4851a1d" />
    <TestEntry testId="2350f358-941b-3c98-6f02-d35d4d3c4714" executionId="923f3f21-1925-4496-b94b-d6c2717ed0ec" testListId="8c84fa94-04c1-424b-9868-57a2d4851a1d" />
    <TestEntry testId="213faaec-f28a-8cf2-aed6-46031d755589" executionId="3935186e-b5e8-421b-8d5f-6751200f6090" testListId="8c84fa94-04c1-424b-9868-57a2d4851a1d" />
    <TestEntry testId="6f5c93a4-6737-3a9f-b508-2098af8e0595" executionId="18491d3e-34f8-46d1-bd97-1e8eb5e6761e" testListId="8c84fa94-04c1-424b-9868-57a2d4851a1d" />
    <TestEntry testId="e6b520f8-0623-dc53-5f62-5b9f653771e8" executionId="0457ac6b-370b-4bd3-a5b7-08460045e7a8" testListId="8c84fa94-04c1-424b-9868-57a2d4851a1d" />
    <TestEntry testId="9519ff13-f4ae-f878-eb4a-7c327a181f97" executionId="cb8ca15b-eb79-457a-8f1d-a3f74eb39cc3" testListId="8c84fa94-04c1-424b-9868-57a2d4851a1d" />
    <TestEntry testId="d6fc99d8-bf1b-c8cc-6ae6-4506359df52c" executionId="e027821b-99ee-4e69-94d7-7594422ea1a3" testListId="8c84fa94-04c1-424b-9868-57a2d4851a1d" />
    <TestEntry testId="2bde8518-0fe5-a837-2566-3e88998755f9" executionId="eca47ccd-dcbc-4497-ae2d-18127f7cc116" testListId="8c84fa94-04c1-424b-9868-57a2d4851a1d" />
    <TestEntry testId="4366ebca-90b4-8e87-c482-7b1f7537f5a9" executionId="011303e4-b9b9-42fc-a38f-336d015cfacf" testListId="8c84fa94-04c1-424b-9868-57a2d4851a1d" />
    <TestEntry testId="0cab05b6-ce55-6cdc-9014-e2e94a486291" executionId="f21b2663-c1b3-4b39-8348-8c3321d2af8f" testListId="8c84fa94-04c1-424b-9868-57a2d4851a1d" />
    <TestEntry testId="9194256d-55fc-13b2-7af1-65d2d12e2b28" executionId="63c7bb64-3cbe-4a2b-ae27-1f7017634c49" testListId="8c84fa94-04c1-424b-9868-57a2d4851a1d" />
    <TestEntry testId="638cca05-5290-603a-b769-57840cacf291" executionId="323bdf34-d136-4355-9eb1-badda88e97aa" testListId="8c84fa94-04c1-424b-9868-57a2d4851a1d" />
    <TestEntry testId="86b05c7a-2481-23fc-c4cb-d69def37d7aa" executionId="89d95913-256b-452d-8a9e-5bde4d4a4041" testListId="8c84fa94-04c1-424b-9868-57a2d4851a1d" />
    <TestEntry testId="e1454323-f60d-3ed3-30d3-a3ac60e70bd8" executionId="5d4da924-f64e-48e4-a65e-3781de9a1d35" testListId="8c84fa94-04c1-424b-9868-57a2d4851a1d" />
    <TestEntry testId="3edea0a2-4969-b4e6-8f0c-5aaa1fbe0193" executionId="1d235dbb-ca5b-427c-b9d1-5f6f1fa6cad7" testListId="8c84fa94-04c1-424b-9868-57a2d4851a1d" />
    <TestEntry testId="33728c71-ddda-3d4b-e03e-fb8fb3573676" executionId="c4645238-2df4-47a5-abe9-d25f6a309f47" testListId="8c84fa94-04c1-424b-9868-57a2d4851a1d" />
    <TestEntry testId="8258123e-0a6c-d969-0931-f39b8fedeb37" executionId="9a513e91-4350-474b-8df3-00dec24f763b" testListId="8c84fa94-04c1-424b-9868-57a2d4851a1d" />
    <TestEntry testId="c3c858cc-80cf-bd60-eaa7-3b2bf3252bae" executionId="4aab8111-14d0-458e-a4ab-9b4353922b83" testListId="8c84fa94-04c1-424b-9868-57a2d4851a1d" />
    <TestEntry testId="602629ca-cb49-2cb9-7fbf-3f99b0a65d04" executionId="b0955f0b-832a-4df1-82ab-7a62e304222d" testListId="8c84fa94-04c1-424b-9868-57a2d4851a1d" />
    <TestEntry testId="c8d040fd-a083-ba96-be3a-5dbf1f3affe0" executionId="358de85a-b25d-448a-92da-f0bf581d3202" testListId="8c84fa94-04c1-424b-9868-57a2d4851a1d" />
    <TestEntry testId="fc529f73-92b5-95ad-56ed-8e776433486a" executionId="9632d7c3-0cce-4036-8278-37fc7049d7f0" testListId="8c84fa94-04c1-424b-9868-57a2d4851a1d" />
    <TestEntry testId="1e98cf6d-5430-c12d-c632-79bf505e7fea" executionId="b5e247ce-7735-4591-b448-e00c1832adfb" testListId="8c84fa94-04c1-424b-9868-57a2d4851a1d" />
    <TestEntry testId="c537e4b8-c876-507c-0b33-25626acc9bb5" executionId="e5c0fb56-cdde-4b18-9041-039ac055801c" testListId="8c84fa94-04c1-424b-9868-57a2d4851a1d" />
    <TestEntry testId="962fee03-3b35-2e9c-4452-66a0a8a16975" executionId="53381c76-d4fc-436e-a773-06c52b8b38d2" testListId="8c84fa94-04c1-424b-9868-57a2d4851a1d" />
    <TestEntry testId="731c8760-5913-fbf0-e5a4-e90c480360cd" executionId="f6853f51-8fe3-47a0-b72c-c369228f724b" testListId="8c84fa94-04c1-424b-9868-57a2d4851a1d" />
    <TestEntry testId="99db15e5-b0f4-7199-0643-aec7206cc8d1" executionId="a4d13e27-6305-4b3d-85d6-0706e5ff776a" testListId="8c84fa94-04c1-424b-9868-57a2d4851a1d" />
    <TestEntry testId="2334dff9-f212-3bf3-1eb3-234a61132fbb" executionId="12a32920-38e7-4c83-b54e-cd7ec8c9b7eb" testListId="8c84fa94-04c1-424b-9868-57a2d4851a1d" />
    <TestEntry testId="4ba8d120-dd0d-6305-e0f3-cbb5d3717955" executionId="4a9e62cd-cd84-495e-b148-1a8ff7593379" testListId="8c84fa94-04c1-424b-9868-57a2d4851a1d" />
    <TestEntry testId="e81ae7e3-508c-7419-47a5-39b3bfd104d4" executionId="8e64e1d0-96b1-4f07-b52a-516efe8a8f70" testListId="8c84fa94-04c1-424b-9868-57a2d4851a1d" />
    <TestEntry testId="ae3b9157-0aff-4cf1-c428-4e75d06bf0da" executionId="ab06b6c5-40fc-4a02-9161-b48c6cb715bc" testListId="8c84fa94-04c1-424b-9868-57a2d4851a1d" />
    <TestEntry testId="a431acfd-a703-aa62-4084-d89de9376ace" executionId="f180bdb2-0658-49b9-8318-7b24c4785db1" testListId="8c84fa94-04c1-424b-9868-57a2d4851a1d" />
    <TestEntry testId="ac53c02f-0cae-1e34-f56d-69b6176a5179" executionId="2f3b62b5-2011-40b0-ac64-3fd1bbf32975" testListId="8c84fa94-04c1-424b-9868-57a2d4851a1d" />
    <TestEntry testId="60e32c07-43bd-87b8-7edd-6d707919e175" executionId="4bcb190a-80bc-4b7c-bd81-90177b45caac" testListId="8c84fa94-04c1-424b-9868-57a2d4851a1d" />
    <TestEntry testId="a311638f-9f2c-dd0d-ed3b-990a6fc7c706" executionId="d27997a3-2233-4107-9622-6d1b31c5fa2b" testListId="8c84fa94-04c1-424b-9868-57a2d4851a1d" />
    <TestEntry testId="5aa4014a-78af-9bde-3843-2f0049d3456f" executionId="0b5267f0-2b95-4a98-aa31-af2641f72a65" testListId="8c84fa94-04c1-424b-9868-57a2d4851a1d" />
    <TestEntry testId="c1821397-8512-fc84-87dc-5c7a17f16bb8" executionId="8cb1227f-f625-4ecc-894c-715a93ec3c62" testListId="8c84fa94-04c1-424b-9868-57a2d4851a1d" />
    <TestEntry testId="64700630-dc25-02b0-9bd4-fde566580e2c" executionId="7c05f648-700a-499d-a41f-2252c3e4c25f" testListId="8c84fa94-04c1-424b-9868-57a2d4851a1d" />
    <TestEntry testId="79cca645-ccc1-b3d0-9e71-02a1158d3738" executionId="76557e3d-34d2-42f0-8ebd-f8ee334f326a" testListId="8c84fa94-04c1-424b-9868-57a2d4851a1d" />
  </TestEntries>
  <TestLists>
    <TestList name="Results Not in a List" id="8c84fa94-04c1-424b-9868-57a2d4851a1d" />
    <TestList name="All Loaded Results" id="19431567-8539-422a-85d7-44ee4e166bda" />
  </TestLists>
  <ResultSummary outcome="Completed">
    <Counters total="98" executed="98" passed="98" failed="0" error="0" timeout="0" aborted="0" inconclusive="0" passedButRunAborted="0" notRunnable="0" notExecuted="0" disconnected="0" warning="0" completed="0" inProgress="0" pending="0" />
  </ResultSummary>
</TestRun>