<?xml version="1.0" encoding="utf-8"?>
<TestRun id="66351d5e-c1a5-4364-a04d-d927883c8618" name="DKSR-EFI-04$@DKSR-EFI-04 2023-12-22 09:34:18" runUser="NT AUTHORITY\NETWORK SERVICE" xmlns="http://microsoft.com/schemas/VisualStudio/TeamTest/2010">
  <Times creation="2023-12-22T09:34:18.9439780+01:00" queuing="2023-12-22T09:34:18.9439780+01:00" start="2023-12-22T09:34:18.3502273+01:00" finish="2023-12-22T09:34:18.9439780+01:00" />
  <TestSettings name="default" id="9b8398f3-7fd2-407d-a5a9-7c1c5bbc74b3">
    <Deployment runDeploymentRoot="DKSR-EFI-04$_DKSR-EFI-04_2023-12-22_09_34_18" />
  </TestSettings>
  <TestLists>
    <TestList name="Results Not in a List" id="8c84fa94-04c1-424b-9868-57a2d4851a1d" />
    <TestList name="All Loaded Results" id="19431567-8539-422a-85d7-44ee4e166bda" />
  </TestLists>
  <ResultSummary outcome="Completed">
    <Counters total="0" executed="0" passed="0" failed="0" error="0" timeout="0" aborted="0" inconclusive="0" passedButRunAborted="0" notRunnable="0" notExecuted="0" disconnected="0" warning="0" completed="0" inProgress="0" pending="0" />
    <RunInfos>
      <RunInfo computerName="DKSR-EFI-04" outcome="Warning" timestamp="2023-12-22T09:34:18.9127290+01:00">
        <Text>No test is available in D:\actions-runner\_work\XPCO\XPCO\AllSolutions\..\EventServer\Server\Components\Central\VideoOS.EventServer.Common.Infrastructure.UnitTest\bin\Debug\net472\VideoOS.EventServer.Common.Infrastructure.UnitTest.dll. Make sure that test discoverer &amp; executors are registered and platform &amp; framework version settings are appropriate and try again.</Text>
      </RunInfo>
    </RunInfos>
  </ResultSummary>
</TestRun>