<?xml version="1.0" encoding="utf-8"?>
<TestRun id="cfdaea40-aeb1-4e37-85f5-111d0429c07e" name="DKSR-EFI-04$@DKSR-EFI-04 2023-12-22 09:34:37" runUser="NT AUTHORITY\NETWORK SERVICE" xmlns="http://microsoft.com/schemas/VisualStudio/TeamTest/2010">
  <Times creation="2023-12-22T09:34:37.6784482+01:00" queuing="2023-12-22T09:34:37.6784482+01:00" start="2023-12-22T09:34:36.4596942+01:00" finish="2023-12-22T09:34:37.7096977+01:00" />
  <TestSettings name="default" id="9ecdb892-e888-4571-8ad7-ab2bd26207dc">
    <Deployment runDeploymentRoot="DKSR-EFI-04$_DKSR-EFI-04_2023-12-22_09_34_37" />
  </TestSettings>
  <Results>
    <UnitTestResult executionId="754c8a2e-569c-4b98-bccd-08aeb30e559b" testId="22089a79-0d32-06c6-5ac6-6c116de9a3c0" testName="TestThatParameterListCanContainValuesWithDelimiterCharacter" computerName="DKSR-EFI-04" duration="00:00:00.0292467" startTime="2023-12-22T09:34:37.2721958+01:00" endTime="2023-12-22T09:34:37.3971974+01:00" testType="13cdc9d9-ddb5-4fa4-a97d-d965ccfc6d4b" outcome="Passed" testListId="8c84fa94-04c1-424b-9868-57a2d4851a1d" relativeResultsDirectory="754c8a2e-569c-4b98-bccd-08aeb30e559b" />
  </Results>
  <TestDefinitions>
    <UnitTest name="TestThatParameterListCanContainValuesWithDelimiterCharacter" storage="d:\actions-runner\_work\xpco\xpco\installerframework\videoos.installer.bootstrapper.unittest\bin\debug\videoos.installer.bootstrapper.unittest.dll" id="22089a79-0d32-06c6-5ac6-6c116de9a3c0">
      <Execution id="754c8a2e-569c-4b98-bccd-08aeb30e559b" />
      <TestMethod codeBase="D:\actions-runner\_work\XPCO\XPCO\InstallerFramework\VideoOS.Installer.Bootstrapper.UnitTest\bin\Debug\VideoOS.Installer.Bootstrapper.UnitTest.dll" adapterTypeName="executor://mstestadapter/v2" className="VideoOS.Installer.Bootstrapper.UnitTest.OptionsUnitTest" name="TestThatParameterListCanContainValuesWithDelimiterCharacter" />
    </UnitTest>
  </TestDefinitions>
  <TestEntries>
    <TestEntry testId="22089a79-0d32-06c6-5ac6-6c116de9a3c0" executionId="754c8a2e-569c-4b98-bccd-08aeb30e559b" testListId="8c84fa94-04c1-424b-9868-57a2d4851a1d" />
  </TestEntries>
  <TestLists>
    <TestList name="Results Not in a List" id="8c84fa94-04c1-424b-9868-57a2d4851a1d" />
    <TestList name="All Loaded Results" id="19431567-8539-422a-85d7-44ee4e166bda" />
  </TestLists>
  <ResultSummary outcome="Completed">
    <Counters total="1" executed="1" passed="1" failed="0" error="0" timeout="0" aborted="0" inconclusive="0" passedButRunAborted="0" notRunnable="0" notExecuted="0" disconnected="0" warning="0" completed="0" inProgress="0" pending="0" />
  </ResultSummary>
</TestRun>