<?xml version="1.0" encoding="utf-8"?>
<TestRun id="2a7da81d-e8d7-430d-9147-a667f4e24246" name="DKSR-EFI-04$@DKSR-EFI-04 2023-12-22 09:34:27" runUser="NT AUTHORITY\NETWORK SERVICE" xmlns="http://microsoft.com/schemas/VisualStudio/TeamTest/2010">
  <Times creation="2023-12-22T09:34:27.5065204+01:00" queuing="2023-12-22T09:34:27.5065204+01:00" start="2023-12-22T09:34:24.7877586+01:00" finish="2023-12-22T09:34:28.6315257+01:00" />
  <TestSettings name="default" id="73b98ca7-417a-4dec-ad1f-44baf0251b3b">
    <Deployment runDeploymentRoot="DKSR-EFI-04$_DKSR-EFI-04_2023-12-22_09_34_27" />
  </TestSettings>
  <Results>
    <UnitTestResult executionId="4847aa24-34d9-4fe6-bec0-6aca74a7ea41" testId="3d1082c3-6e16-d1a0-027b-e09a8a07681f" testName="MessageBrokerSendsMultipleMessagesToOtherSubscribers" computerName="DKSR-EFI-04" duration="00:00:00.0187868" startTime="2023-12-22T09:34:26.8502683+01:00" endTime="2023-12-22T09:34:26.8658927+01:00" testType="13cdc9d9-ddb5-4fa4-a97d-d965ccfc6d4b" outcome="Passed" testListId="8c84fa94-04c1-424b-9868-57a2d4851a1d" relativeResultsDirectory="4847aa24-34d9-4fe6-bec0-6aca74a7ea41" />
    <UnitTestResult executionId="4b0c86a7-378e-4883-9e46-6cc9452d7b48" testId="a8f5dbb6-8375-a0cf-f873-dc1f98b83f1d" testName="MessageBufferReturnsLowerDateTimeValueForOldestMessageTimestampWhenDataInIt" computerName="DKSR-EFI-04" duration="00:00:00.0009003" startTime="2023-12-22T09:34:27.5065204+01:00" endTime="2023-12-22T09:34:27.5065204+01:00" testType="13cdc9d9-ddb5-4fa4-a97d-d965ccfc6d4b" outcome="Passed" testListId="8c84fa94-04c1-424b-9868-57a2d4851a1d" relativeResultsDirectory="4b0c86a7-378e-4883-9e46-6cc9452d7b48" />
    <UnitTestResult executionId="925ee6fd-79fb-42d3-a810-28996445ca67" testId="b5481f12-a45c-68ea-660a-9d4c6baeb11f" testName="MessageBrokerNotSendsMessagesWhenNoSubscribers" computerName="DKSR-EFI-04" duration="00:00:00.4896640" startTime="2023-12-22T09:34:26.1627640+01:00" endTime="2023-12-22T09:34:26.8190192+01:00" testType="13cdc9d9-ddb5-4fa4-a97d-d965ccfc6d4b" outcome="Passed" testListId="8c84fa94-04c1-424b-9868-57a2d4851a1d" relativeResultsDirectory="925ee6fd-79fb-42d3-a810-28996445ca67" />
    <UnitTestResult executionId="a3a4a249-0ba0-480d-953a-0446c7a2ee80" testId="2d4467b6-2280-f549-2223-0f203d56e240" testName="SessionRaisesCommandsFromChannelAsync" computerName="DKSR-EFI-04" duration="00:00:00.0094819" startTime="2023-12-22T09:34:27.5377719+01:00" endTime="2023-12-22T09:34:27.5533962+01:00" testType="13cdc9d9-ddb5-4fa4-a97d-d965ccfc6d4b" outcome="Passed" testListId="8c84fa94-04c1-424b-9868-57a2d4851a1d" relativeResultsDirectory="a3a4a249-0ba0-480d-953a-0446c7a2ee80" />
    <UnitTestResult executionId="2217c165-420e-429e-a331-1381d9820d13" testId="8f6fc2f4-dd39-ab43-cd96-6b6c5e8be01d" testName="SessionClosedWhenNoAuthReceivedAfterTimeoutAsync" computerName="DKSR-EFI-04" startTime="2023-12-22T09:34:27.5846465+01:00" endTime="2023-12-22T09:34:27.5846465+01:00" testType="13cdc9d9-ddb5-4fa4-a97d-d965ccfc6d4b" outcome="NotExecuted" testListId="8c84fa94-04c1-424b-9868-57a2d4851a1d" relativeResultsDirectory="2217c165-420e-429e-a331-1381d9820d13">
      <Output></Output>
    </UnitTestResult>
    <UnitTestResult executionId="66d7e6d1-6156-4733-943d-9c2f59e399b3" testId="713b0251-b6a1-7278-59b7-95a3c1eba798" testName="MessageBufferRemovesUpToIncludingSequence" computerName="DKSR-EFI-04" duration="00:00:00.0011528" startTime="2023-12-22T09:34:27.5065204+01:00" endTime="2023-12-22T09:34:27.5065204+01:00" testType="13cdc9d9-ddb5-4fa4-a97d-d965ccfc6d4b" outcome="Passed" testListId="8c84fa94-04c1-424b-9868-57a2d4851a1d" relativeResultsDirectory="66d7e6d1-6156-4733-943d-9c2f59e399b3" />
    <UnitTestResult executionId="e49c6c01-187f-4292-b9f9-7c391e5601a5" testId="946b9166-7805-e7c2-817b-e68bdffcb1e5" testName="SessionAcknowledgesMessagesOnPulseAsync" computerName="DKSR-EFI-04" duration="00:00:00.0038752" startTime="2023-12-22T09:34:27.5690209+01:00" endTime="2023-12-22T09:34:27.5846465+01:00" testType="13cdc9d9-ddb5-4fa4-a97d-d965ccfc6d4b" outcome="Passed" testListId="8c84fa94-04c1-424b-9868-57a2d4851a1d" relativeResultsDirectory="e49c6c01-187f-4292-b9f9-7c391e5601a5" />
    <UnitTestResult executionId="178b404b-bb60-4d84-95d0-13a33ec122cb" testId="3c650387-435f-1f03-283c-e98acc620c0f" testName="PluginMessagesSettingsSetsCorrectValueWhenValid" computerName="DKSR-EFI-04" duration="00:00:00.0002992" startTime="2023-12-22T09:34:27.5065204+01:00" endTime="2023-12-22T09:34:27.5065204+01:00" testType="13cdc9d9-ddb5-4fa4-a97d-d965ccfc6d4b" outcome="Passed" testListId="8c84fa94-04c1-424b-9868-57a2d4851a1d" relativeResultsDirectory="178b404b-bb60-4d84-95d0-13a33ec122cb" />
    <UnitTestResult executionId="536c9edb-dd69-4899-8dcb-b13657afd8ff" testId="15fd5b13-6079-4d4c-715e-365d135b1504" testName="MessageBrokerReturnsAddedSessions" computerName="DKSR-EFI-04" duration="00:00:00.0051237" startTime="2023-12-22T09:34:26.8658927+01:00" endTime="2023-12-22T09:34:26.8815185+01:00" testType="13cdc9d9-ddb5-4fa4-a97d-d965ccfc6d4b" outcome="Passed" testListId="8c84fa94-04c1-424b-9868-57a2d4851a1d" relativeResultsDirectory="536c9edb-dd69-4899-8dcb-b13657afd8ff" />
    <UnitTestResult executionId="9016f016-3580-4ca1-ab16-756f7e34585a" testId="2b714a73-fd12-4f2d-5566-70752605e3f3" testName="SessionNotSendsAllMessagesInBufferWhenUnauthenticatedClientIsSetAsync" computerName="DKSR-EFI-04" duration="00:00:00.0206452" startTime="2023-12-22T09:34:27.5533962+01:00" endTime="2023-12-22T09:34:27.5690209+01:00" testType="13cdc9d9-ddb5-4fa4-a97d-d965ccfc6d4b" outcome="Passed" testListId="8c84fa94-04c1-424b-9868-57a2d4851a1d" relativeResultsDirectory="9016f016-3580-4ca1-ab16-756f7e34585a" />
    <UnitTestResult executionId="624605df-cdc1-4ac4-afd5-06b9969327f3" testId="5c4a5169-6a4b-291d-710f-01d0f79fbee9" testName="SessionExpiredWhenNoCommandsReceived" computerName="DKSR-EFI-04" duration="00:00:00.0009731" startTime="2023-12-22T09:34:27.5846465+01:00" endTime="2023-12-22T09:34:27.5846465+01:00" testType="13cdc9d9-ddb5-4fa4-a97d-d965ccfc6d4b" outcome="Passed" testListId="8c84fa94-04c1-424b-9868-57a2d4851a1d" relativeResultsDirectory="624605df-cdc1-4ac4-afd5-06b9969327f3" />
    <UnitTestResult executionId="579cd526-c448-4902-bd43-38b502023f5e" testId="1da28fad-e70e-1c6d-261e-2e20eafe1d80" testName="MessageBrokerClosesExpiredSessions" computerName="DKSR-EFI-04" duration="00:00:00.0962144" startTime="2023-12-22T09:34:26.8815185+01:00" endTime="2023-12-22T09:34:26.9752691+01:00" testType="13cdc9d9-ddb5-4fa4-a97d-d965ccfc6d4b" outcome="Passed" testListId="8c84fa94-04c1-424b-9868-57a2d4851a1d" relativeResultsDirectory="579cd526-c448-4902-bd43-38b502023f5e" />
    <UnitTestResult executionId="bdf54df8-01ae-4173-ac3c-062c40221063" testId="c979fd03-93b6-3ebf-ce00-a85346358d45" testName="PluginMessagesSettingsSetsDefaultValuesWhenInvalid" computerName="DKSR-EFI-04" duration="00:00:00.0029742" startTime="2023-12-22T09:34:27.5065204+01:00" endTime="2023-12-22T09:34:27.5065204+01:00" testType="13cdc9d9-ddb5-4fa4-a97d-d965ccfc6d4b" outcome="Passed" testListId="8c84fa94-04c1-424b-9868-57a2d4851a1d" relativeResultsDirectory="bdf54df8-01ae-4173-ac3c-062c40221063" />
    <UnitTestResult executionId="b9aac779-c53b-430e-8cef-4439bd3ad5a8" testId="3efe6c84-36bc-0778-78f1-eb24278c83d6" testName="MessageBufferReturnsDateTimeMaxValueForOldestMessageTimestampWhenEmpty" computerName="DKSR-EFI-04" duration="00:00:00.0016740" startTime="2023-12-22T09:34:27.5065204+01:00" endTime="2023-12-22T09:34:27.5065204+01:00" testType="13cdc9d9-ddb5-4fa4-a97d-d965ccfc6d4b" outcome="Passed" testListId="8c84fa94-04c1-424b-9868-57a2d4851a1d" relativeResultsDirectory="b9aac779-c53b-430e-8cef-4439bd3ad5a8" />
    <UnitTestResult executionId="6681f046-10dc-4468-986b-2b84d32cadbc" testId="26270c6b-fbf6-aeb6-7410-22c1d0e46d2c" testName="MessageBufferNeverInsertsMessagesWithUnorderedSequenceAsync" computerName="DKSR-EFI-04" duration="00:00:00.5129525" startTime="2023-12-22T09:34:26.9908953+01:00" endTime="2023-12-22T09:34:27.5065204+01:00" testType="13cdc9d9-ddb5-4fa4-a97d-d965ccfc6d4b" outcome="Passed" testListId="8c84fa94-04c1-424b-9868-57a2d4851a1d" relativeResultsDirectory="6681f046-10dc-4468-986b-2b84d32cadbc" />
    <UnitTestResult executionId="cbbc64c0-f3da-4f7f-b163-3d3016e48de0" testId="d03cbf88-edf4-064f-b350-2fdb18f6b938" testName="SessionSendsCommandsThroughChannelAsync" computerName="DKSR-EFI-04" duration="00:00:00.0266423" startTime="2023-12-22T09:34:27.5065204+01:00" endTime="2023-12-22T09:34:27.5377719+01:00" testType="13cdc9d9-ddb5-4fa4-a97d-d965ccfc6d4b" outcome="Passed" testListId="8c84fa94-04c1-424b-9868-57a2d4851a1d" relativeResultsDirectory="cbbc64c0-f3da-4f7f-b163-3d3016e48de0" />
    <UnitTestResult executionId="0cfa90e0-04fa-4382-b29a-37a42c2623ef" testId="8709cef1-b27d-2626-4449-45cd6593c043" testName="PluginMessagesSettingsSetsMinValueOfWhenLower" computerName="DKSR-EFI-04" duration="00:00:00.0003906" startTime="2023-12-22T09:34:27.5065204+01:00" endTime="2023-12-22T09:34:27.5065204+01:00" testType="13cdc9d9-ddb5-4fa4-a97d-d965ccfc6d4b" outcome="Passed" testListId="8c84fa94-04c1-424b-9868-57a2d4851a1d" relativeResultsDirectory="0cfa90e0-04fa-4382-b29a-37a42c2623ef" />
    <UnitTestResult executionId="07eab591-d550-4f18-94e0-6f2c1b16409a" testId="1910b952-6b34-7b22-e788-a947b8f62d71" testName="SessionNotClosedWhenAuthReceivedAfterTimeoutAsync" computerName="DKSR-EFI-04" duration="00:00:00.8024632" startTime="2023-12-22T09:34:27.5846465+01:00" endTime="2023-12-22T09:34:28.3971510+01:00" testType="13cdc9d9-ddb5-4fa4-a97d-d965ccfc6d4b" outcome="Passed" testListId="8c84fa94-04c1-424b-9868-57a2d4851a1d" relativeResultsDirectory="07eab591-d550-4f18-94e0-6f2c1b16409a" />
    <UnitTestResult executionId="24e6add1-3614-4c0d-9937-cb7dcdd6480e" testId="a4bfc81a-e864-9103-1f85-e094520cb37f" testName="MessageBrokerMessageCounterWorks" computerName="DKSR-EFI-04" duration="00:00:00.0130663" startTime="2023-12-22T09:34:26.9752691+01:00" endTime="2023-12-22T09:34:26.9908953+01:00" testType="13cdc9d9-ddb5-4fa4-a97d-d965ccfc6d4b" outcome="Passed" testListId="8c84fa94-04c1-424b-9868-57a2d4851a1d" relativeResultsDirectory="24e6add1-3614-4c0d-9937-cb7dcdd6480e" />
    <UnitTestResult executionId="a5617ebc-08fb-4f6c-b555-43ba01fc6c00" testId="eef8deea-f4aa-fc93-b60c-806f35253be0" testName="MessageBrokerNotReturnsRemovedSessions" computerName="DKSR-EFI-04" duration="00:00:00.0017003" startTime="2023-12-22T09:34:26.8815185+01:00" endTime="2023-12-22T09:34:26.8815185+01:00" testType="13cdc9d9-ddb5-4fa4-a97d-d965ccfc6d4b" outcome="Passed" testListId="8c84fa94-04c1-424b-9868-57a2d4851a1d" relativeResultsDirectory="a5617ebc-08fb-4f6c-b555-43ba01fc6c00" />
    <UnitTestResult executionId="73069190-67e7-4aec-899f-9f377db4412d" testId="1c995595-6779-b140-92cb-f4ce3d5df844" testName="MessageBrokerSendsMessageToOtherSubscribers" computerName="DKSR-EFI-04" duration="00:00:00.0162647" startTime="2023-12-22T09:34:26.8346454+01:00" endTime="2023-12-22T09:34:26.8502683+01:00" testType="13cdc9d9-ddb5-4fa4-a97d-d965ccfc6d4b" outcome="Passed" testListId="8c84fa94-04c1-424b-9868-57a2d4851a1d" relativeResultsDirectory="73069190-67e7-4aec-899f-9f377db4412d" />
    <UnitTestResult executionId="3411d555-9c8c-417d-96e8-a0f9bb4b1c14" testId="7b1ac339-21ce-bb46-e911-4240c9906bcb" testName="SessionNotExpiredAfterCreation" computerName="DKSR-EFI-04" duration="00:00:00.0030624" startTime="2023-12-22T09:34:27.5846465+01:00" endTime="2023-12-22T09:34:27.5846465+01:00" testType="13cdc9d9-ddb5-4fa4-a97d-d965ccfc6d4b" outcome="Passed" testListId="8c84fa94-04c1-424b-9868-57a2d4851a1d" relativeResultsDirectory="3411d555-9c8c-417d-96e8-a0f9bb4b1c14" />
    <UnitTestResult executionId="445b996b-9bd6-4c91-b777-b69ebef8befc" testId="e452f14a-73da-4c5c-1367-9999838774ad" testName="SessionSendsAllMessagesInBufferWhenClientIsSetAsync" computerName="DKSR-EFI-04" duration="00:00:00.0019303" startTime="2023-12-22T09:34:27.5533962+01:00" endTime="2023-12-22T09:34:27.5533962+01:00" testType="13cdc9d9-ddb5-4fa4-a97d-d965ccfc6d4b" outcome="Passed" testListId="8c84fa94-04c1-424b-9868-57a2d4851a1d" relativeResultsDirectory="445b996b-9bd6-4c91-b777-b69ebef8befc" />
    <UnitTestResult executionId="8ebd717c-b0d7-417a-9d4d-840b8cea72d2" testId="e55ca679-e03e-70e6-2776-382f14743e98" testName="SessionAcknowledgesCommandsAsync" computerName="DKSR-EFI-04" duration="00:00:00.0020932" startTime="2023-12-22T09:34:27.5690209+01:00" endTime="2023-12-22T09:34:27.5690209+01:00" testType="13cdc9d9-ddb5-4fa4-a97d-d965ccfc6d4b" outcome="Passed" testListId="8c84fa94-04c1-424b-9868-57a2d4851a1d" relativeResultsDirectory="8ebd717c-b0d7-417a-9d4d-840b8cea72d2" />
    <UnitTestResult executionId="cc05a416-4812-43db-b81e-067d1556fdcd" testId="23509dbe-de2f-6d55-da60-2685f68d8d49" testName="MessageBrokerNotSendsMessageToUnsubscribedSessions" computerName="DKSR-EFI-04" duration="00:00:00.0035119" startTime="2023-12-22T09:34:26.8658927+01:00" endTime="2023-12-22T09:34:26.8658927+01:00" testType="13cdc9d9-ddb5-4fa4-a97d-d965ccfc6d4b" outcome="Passed" testListId="8c84fa94-04c1-424b-9868-57a2d4851a1d" relativeResultsDirectory="cc05a416-4812-43db-b81e-067d1556fdcd" />
    <UnitTestResult executionId="7b8c97a1-8b7f-4f71-b384-57a866662b28" testId="94ee87ad-ae78-728f-9192-bf243cd229cb" testName="SessionExpiredWhenOldMessagesFoundInTheBuffer" computerName="DKSR-EFI-04" duration="00:00:00.0007899" startTime="2023-12-22T09:34:27.5846465+01:00" endTime="2023-12-22T09:34:27.5846465+01:00" testType="13cdc9d9-ddb5-4fa4-a97d-d965ccfc6d4b" outcome="Passed" testListId="8c84fa94-04c1-424b-9868-57a2d4851a1d" relativeResultsDirectory="7b8c97a1-8b7f-4f71-b384-57a866662b28" />
    <UnitTestResult executionId="b1db1c97-fc62-40f4-b15a-db78c7f6916a" testId="47485aa3-a7c6-b740-44e1-adc815cbe02b" testName="PluginMessagesSettingsSetsMaxValueOfPulseSessionTimeoutWhenHigher" computerName="DKSR-EFI-04" duration="00:00:00.0002690" startTime="2023-12-22T09:34:27.5065204+01:00" endTime="2023-12-22T09:34:27.5065204+01:00" testType="13cdc9d9-ddb5-4fa4-a97d-d965ccfc6d4b" outcome="Passed" testListId="8c84fa94-04c1-424b-9868-57a2d4851a1d" relativeResultsDirectory="b1db1c97-fc62-40f4-b15a-db78c7f6916a" />
  </Results>
  <TestDefinitions>
    <UnitTest name="MessageBufferReturnsDateTimeMaxValueForOldestMessageTimestampWhenEmpty" storage="d:\actions-runner\_work\xpco\xpco\eventserver\server\components\central\videoos.eventserver.messagesv2.domain.unittest\bin\debug\net472\videoos.eventserver.messagesv2.domain.unittest.dll" id="3efe6c84-36bc-0778-78f1-eb24278c83d6">
      <Execution id="b9aac779-c53b-430e-8cef-4439bd3ad5a8" />
      <TestMethod codeBase="D:\actions-runner\_work\XPCO\XPCO\EventServer\Server\Components\Central\VideoOS.EventServer.MessagesV2.Domain.UnitTest\bin\Debug\net472\VideoOS.EventServer.MessagesV2.Domain.UnitTest.dll" adapterTypeName="executor://mstestadapter/v2" className="VideoOS.EventServer.MessagesV2.Domain.UnitTest.MessageBufferTests" name="MessageBufferReturnsDateTimeMaxValueForOldestMessageTimestampWhenEmpty" />
    </UnitTest>
    <UnitTest name="SessionExpiredWhenOldMessagesFoundInTheBuffer" storage="d:\actions-runner\_work\xpco\xpco\eventserver\server\components\central\videoos.eventserver.messagesv2.domain.unittest\bin\debug\net472\videoos.eventserver.messagesv2.domain.unittest.dll" id="94ee87ad-ae78-728f-9192-bf243cd229cb">
      <Execution id="7b8c97a1-8b7f-4f71-b384-57a866662b28" />
      <TestMethod codeBase="D:\actions-runner\_work\XPCO\XPCO\EventServer\Server\Components\Central\VideoOS.EventServer.MessagesV2.Domain.UnitTest\bin\Debug\net472\VideoOS.EventServer.MessagesV2.Domain.UnitTest.dll" adapterTypeName="executor://mstestadapter/v2" className="VideoOS.EventServer.MessagesV2.Domain.UnitTest.SessionTests" name="SessionExpiredWhenOldMessagesFoundInTheBuffer" />
    </UnitTest>
    <UnitTest name="MessageBrokerReturnsAddedSessions" storage="d:\actions-runner\_work\xpco\xpco\eventserver\server\components\central\videoos.eventserver.messagesv2.domain.unittest\bin\debug\net472\videoos.eventserver.messagesv2.domain.unittest.dll" id="15fd5b13-6079-4d4c-715e-365d135b1504">
      <Execution id="536c9edb-dd69-4899-8dcb-b13657afd8ff" />
      <TestMethod codeBase="D:\actions-runner\_work\XPCO\XPCO\EventServer\Server\Components\Central\VideoOS.EventServer.MessagesV2.Domain.UnitTest\bin\Debug\net472\VideoOS.EventServer.MessagesV2.Domain.UnitTest.dll" adapterTypeName="executor://mstestadapter/v2" className="VideoOS.EventServer.MessagesV2.Domain.UnitTest.MessageBrokerTests" name="MessageBrokerReturnsAddedSessions" />
    </UnitTest>
    <UnitTest name="SessionAcknowledgesCommandsAsync" storage="d:\actions-runner\_work\xpco\xpco\eventserver\server\components\central\videoos.eventserver.messagesv2.domain.unittest\bin\debug\net472\videoos.eventserver.messagesv2.domain.unittest.dll" id="e55ca679-e03e-70e6-2776-382f14743e98">
      <Execution id="8ebd717c-b0d7-417a-9d4d-840b8cea72d2" />
      <TestMethod codeBase="D:\actions-runner\_work\XPCO\XPCO\EventServer\Server\Components\Central\VideoOS.EventServer.MessagesV2.Domain.UnitTest\bin\Debug\net472\VideoOS.EventServer.MessagesV2.Domain.UnitTest.dll" adapterTypeName="executor://mstestadapter/v2" className="VideoOS.EventServer.MessagesV2.Domain.UnitTest.SessionTests" name="SessionAcknowledgesCommandsAsync" />
    </UnitTest>
    <UnitTest name="SessionSendsAllMessagesInBufferWhenClientIsSetAsync" storage="d:\actions-runner\_work\xpco\xpco\eventserver\server\components\central\videoos.eventserver.messagesv2.domain.unittest\bin\debug\net472\videoos.eventserver.messagesv2.domain.unittest.dll" id="e452f14a-73da-4c5c-1367-9999838774ad">
      <Execution id="445b996b-9bd6-4c91-b777-b69ebef8befc" />
      <TestMethod codeBase="D:\actions-runner\_work\XPCO\XPCO\EventServer\Server\Components\Central\VideoOS.EventServer.MessagesV2.Domain.UnitTest\bin\Debug\net472\VideoOS.EventServer.MessagesV2.Domain.UnitTest.dll" adapterTypeName="executor://mstestadapter/v2" className="VideoOS.EventServer.MessagesV2.Domain.UnitTest.SessionTests" name="SessionSendsAllMessagesInBufferWhenClientIsSetAsync" />
    </UnitTest>
    <UnitTest name="SessionSendsCommandsThroughChannelAsync" storage="d:\actions-runner\_work\xpco\xpco\eventserver\server\components\central\videoos.eventserver.messagesv2.domain.unittest\bin\debug\net472\videoos.eventserver.messagesv2.domain.unittest.dll" id="d03cbf88-edf4-064f-b350-2fdb18f6b938">
      <Execution id="cbbc64c0-f3da-4f7f-b163-3d3016e48de0" />
      <TestMethod codeBase="D:\actions-runner\_work\XPCO\XPCO\EventServer\Server\Components\Central\VideoOS.EventServer.MessagesV2.Domain.UnitTest\bin\Debug\net472\VideoOS.EventServer.MessagesV2.Domain.UnitTest.dll" adapterTypeName="executor://mstestadapter/v2" className="VideoOS.EventServer.MessagesV2.Domain.UnitTest.SessionTests" name="SessionSendsCommandsThroughChannelAsync" />
    </UnitTest>
    <UnitTest name="PluginMessagesSettingsSetsCorrectValueWhenValid" storage="d:\actions-runner\_work\xpco\xpco\eventserver\server\components\central\videoos.eventserver.messagesv2.domain.unittest\bin\debug\net472\videoos.eventserver.messagesv2.domain.unittest.dll" id="3c650387-435f-1f03-283c-e98acc620c0f">
      <Execution id="178b404b-bb60-4d84-95d0-13a33ec122cb" />
      <TestMethod codeBase="D:\actions-runner\_work\XPCO\XPCO\EventServer\Server\Components\Central\VideoOS.EventServer.MessagesV2.Domain.UnitTest\bin\Debug\net472\VideoOS.EventServer.MessagesV2.Domain.UnitTest.dll" adapterTypeName="executor://mstestadapter/v2" className="VideoOS.EventServer.MessagesV2.Domain.UnitTest.PluginMessagesSettingsTests" name="PluginMessagesSettingsSetsCorrectValueWhenValid" />
    </UnitTest>
    <UnitTest name="MessageBufferNeverInsertsMessagesWithUnorderedSequenceAsync" storage="d:\actions-runner\_work\xpco\xpco\eventserver\server\components\central\videoos.eventserver.messagesv2.domain.unittest\bin\debug\net472\videoos.eventserver.messagesv2.domain.unittest.dll" id="26270c6b-fbf6-aeb6-7410-22c1d0e46d2c">
      <Execution id="6681f046-10dc-4468-986b-2b84d32cadbc" />
      <TestMethod codeBase="D:\actions-runner\_work\XPCO\XPCO\EventServer\Server\Components\Central\VideoOS.EventServer.MessagesV2.Domain.UnitTest\bin\Debug\net472\VideoOS.EventServer.MessagesV2.Domain.UnitTest.dll" adapterTypeName="executor://mstestadapter/v2" className="VideoOS.EventServer.MessagesV2.Domain.UnitTest.MessageBufferTests" name="MessageBufferNeverInsertsMessagesWithUnorderedSequenceAsync" />
    </UnitTest>
    <UnitTest name="SessionAcknowledgesMessagesOnPulseAsync" storage="d:\actions-runner\_work\xpco\xpco\eventserver\server\components\central\videoos.eventserver.messagesv2.domain.unittest\bin\debug\net472\videoos.eventserver.messagesv2.domain.unittest.dll" id="946b9166-7805-e7c2-817b-e68bdffcb1e5">
      <Execution id="e49c6c01-187f-4292-b9f9-7c391e5601a5" />
      <TestMethod codeBase="D:\actions-runner\_work\XPCO\XPCO\EventServer\Server\Components\Central\VideoOS.EventServer.MessagesV2.Domain.UnitTest\bin\Debug\net472\VideoOS.EventServer.MessagesV2.Domain.UnitTest.dll" adapterTypeName="executor://mstestadapter/v2" className="VideoOS.EventServer.MessagesV2.Domain.UnitTest.SessionTests" name="SessionAcknowledgesMessagesOnPulseAsync" />
    </UnitTest>
    <UnitTest name="PluginMessagesSettingsSetsMinValueOfWhenLower" storage="d:\actions-runner\_work\xpco\xpco\eventserver\server\components\central\videoos.eventserver.messagesv2.domain.unittest\bin\debug\net472\videoos.eventserver.messagesv2.domain.unittest.dll" id="8709cef1-b27d-2626-4449-45cd6593c043">
      <Execution id="0cfa90e0-04fa-4382-b29a-37a42c2623ef" />
      <TestMethod codeBase="D:\actions-runner\_work\XPCO\XPCO\EventServer\Server\Components\Central\VideoOS.EventServer.MessagesV2.Domain.UnitTest\bin\Debug\net472\VideoOS.EventServer.MessagesV2.Domain.UnitTest.dll" adapterTypeName="executor://mstestadapter/v2" className="VideoOS.EventServer.MessagesV2.Domain.UnitTest.PluginMessagesSettingsTests" name="PluginMessagesSettingsSetsMinValueOfWhenLower" />
    </UnitTest>
    <UnitTest name="SessionNotSendsAllMessagesInBufferWhenUnauthenticatedClientIsSetAsync" storage="d:\actions-runner\_work\xpco\xpco\eventserver\server\components\central\videoos.eventserver.messagesv2.domain.unittest\bin\debug\net472\videoos.eventserver.messagesv2.domain.unittest.dll" id="2b714a73-fd12-4f2d-5566-70752605e3f3">
      <Execution id="9016f016-3580-4ca1-ab16-756f7e34585a" />
      <TestMethod codeBase="D:\actions-runner\_work\XPCO\XPCO\EventServer\Server\Components\Central\VideoOS.EventServer.MessagesV2.Domain.UnitTest\bin\Debug\net472\VideoOS.EventServer.MessagesV2.Domain.UnitTest.dll" adapterTypeName="executor://mstestadapter/v2" className="VideoOS.EventServer.MessagesV2.Domain.UnitTest.SessionTests" name="SessionNotSendsAllMessagesInBufferWhenUnauthenticatedClientIsSetAsync" />
    </UnitTest>
    <UnitTest name="MessageBrokerNotSendsMessageToUnsubscribedSessions" storage="d:\actions-runner\_work\xpco\xpco\eventserver\server\components\central\videoos.eventserver.messagesv2.domain.unittest\bin\debug\net472\videoos.eventserver.messagesv2.domain.unittest.dll" id="23509dbe-de2f-6d55-da60-2685f68d8d49">
      <Execution id="cc05a416-4812-43db-b81e-067d1556fdcd" />
      <TestMethod codeBase="D:\actions-runner\_work\XPCO\XPCO\EventServer\Server\Components\Central\VideoOS.EventServer.MessagesV2.Domain.UnitTest\bin\Debug\net472\VideoOS.EventServer.MessagesV2.Domain.UnitTest.dll" adapterTypeName="executor://mstestadapter/v2" className="VideoOS.EventServer.MessagesV2.Domain.UnitTest.MessageBrokerTests" name="MessageBrokerNotSendsMessageToUnsubscribedSessions" />
    </UnitTest>
    <UnitTest name="MessageBufferReturnsLowerDateTimeValueForOldestMessageTimestampWhenDataInIt" storage="d:\actions-runner\_work\xpco\xpco\eventserver\server\components\central\videoos.eventserver.messagesv2.domain.unittest\bin\debug\net472\videoos.eventserver.messagesv2.domain.unittest.dll" id="a8f5dbb6-8375-a0cf-f873-dc1f98b83f1d">
      <Execution id="4b0c86a7-378e-4883-9e46-6cc9452d7b48" />
      <TestMethod codeBase="D:\actions-runner\_work\XPCO\XPCO\EventServer\Server\Components\Central\VideoOS.EventServer.MessagesV2.Domain.UnitTest\bin\Debug\net472\VideoOS.EventServer.MessagesV2.Domain.UnitTest.dll" adapterTypeName="executor://mstestadapter/v2" className="VideoOS.EventServer.MessagesV2.Domain.UnitTest.MessageBufferTests" name="MessageBufferReturnsLowerDateTimeValueForOldestMessageTimestampWhenDataInIt" />
    </UnitTest>
    <UnitTest name="MessageBrokerMessageCounterWorks" storage="d:\actions-runner\_work\xpco\xpco\eventserver\server\components\central\videoos.eventserver.messagesv2.domain.unittest\bin\debug\net472\videoos.eventserver.messagesv2.domain.unittest.dll" id="a4bfc81a-e864-9103-1f85-e094520cb37f">
      <Execution id="24e6add1-3614-4c0d-9937-cb7dcdd6480e" />
      <TestMethod codeBase="D:\actions-runner\_work\XPCO\XPCO\EventServer\Server\Components\Central\VideoOS.EventServer.MessagesV2.Domain.UnitTest\bin\Debug\net472\VideoOS.EventServer.MessagesV2.Domain.UnitTest.dll" adapterTypeName="executor://mstestadapter/v2" className="VideoOS.EventServer.MessagesV2.Domain.UnitTest.MessageBrokerTests" name="MessageBrokerMessageCounterWorks" />
    </UnitTest>
    <UnitTest name="SessionClosedWhenNoAuthReceivedAfterTimeoutAsync" storage="d:\actions-runner\_work\xpco\xpco\eventserver\server\components\central\videoos.eventserver.messagesv2.domain.unittest\bin\debug\net472\videoos.eventserver.messagesv2.domain.unittest.dll" id="8f6fc2f4-dd39-ab43-cd96-6b6c5e8be01d">
      <Execution id="2217c165-420e-429e-a331-1381d9820d13" />
      <TestMethod codeBase="D:\actions-runner\_work\XPCO\XPCO\EventServer\Server\Components\Central\VideoOS.EventServer.MessagesV2.Domain.UnitTest\bin\Debug\net472\VideoOS.EventServer.MessagesV2.Domain.UnitTest.dll" adapterTypeName="executor://mstestadapter/v2" className="VideoOS.EventServer.MessagesV2.Domain.UnitTest.SessionTests" name="SessionClosedWhenNoAuthReceivedAfterTimeoutAsync" />
    </UnitTest>
    <UnitTest name="SessionExpiredWhenNoCommandsReceived" storage="d:\actions-runner\_work\xpco\xpco\eventserver\server\components\central\videoos.eventserver.messagesv2.domain.unittest\bin\debug\net472\videoos.eventserver.messagesv2.domain.unittest.dll" id="5c4a5169-6a4b-291d-710f-01d0f79fbee9">
      <Execution id="624605df-cdc1-4ac4-afd5-06b9969327f3" />
      <TestMethod codeBase="D:\actions-runner\_work\XPCO\XPCO\EventServer\Server\Components\Central\VideoOS.EventServer.MessagesV2.Domain.UnitTest\bin\Debug\net472\VideoOS.EventServer.MessagesV2.Domain.UnitTest.dll" adapterTypeName="executor://mstestadapter/v2" className="VideoOS.EventServer.MessagesV2.Domain.UnitTest.SessionTests" name="SessionExpiredWhenNoCommandsReceived" />
    </UnitTest>
    <UnitTest name="PluginMessagesSettingsSetsDefaultValuesWhenInvalid" storage="d:\actions-runner\_work\xpco\xpco\eventserver\server\components\central\videoos.eventserver.messagesv2.domain.unittest\bin\debug\net472\videoos.eventserver.messagesv2.domain.unittest.dll" id="c979fd03-93b6-3ebf-ce00-a85346358d45">
      <Execution id="bdf54df8-01ae-4173-ac3c-062c40221063" />
      <TestMethod codeBase="D:\actions-runner\_work\XPCO\XPCO\EventServer\Server\Components\Central\VideoOS.EventServer.MessagesV2.Domain.UnitTest\bin\Debug\net472\VideoOS.EventServer.MessagesV2.Domain.UnitTest.dll" adapterTypeName="executor://mstestadapter/v2" className="VideoOS.EventServer.MessagesV2.Domain.UnitTest.PluginMessagesSettingsTests" name="PluginMessagesSettingsSetsDefaultValuesWhenInvalid" />
    </UnitTest>
    <UnitTest name="MessageBrokerSendsMultipleMessagesToOtherSubscribers" storage="d:\actions-runner\_work\xpco\xpco\eventserver\server\components\central\videoos.eventserver.messagesv2.domain.unittest\bin\debug\net472\videoos.eventserver.messagesv2.domain.unittest.dll" id="3d1082c3-6e16-d1a0-027b-e09a8a07681f">
      <Execution id="4847aa24-34d9-4fe6-bec0-6aca74a7ea41" />
      <TestMethod codeBase="D:\actions-runner\_work\XPCO\XPCO\EventServer\Server\Components\Central\VideoOS.EventServer.MessagesV2.Domain.UnitTest\bin\Debug\net472\VideoOS.EventServer.MessagesV2.Domain.UnitTest.dll" adapterTypeName="executor://mstestadapter/v2" className="VideoOS.EventServer.MessagesV2.Domain.UnitTest.MessageBrokerTests" name="MessageBrokerSendsMultipleMessagesToOtherSubscribers" />
    </UnitTest>
    <UnitTest name="MessageBrokerNotSendsMessagesWhenNoSubscribers" storage="d:\actions-runner\_work\xpco\xpco\eventserver\server\components\central\videoos.eventserver.messagesv2.domain.unittest\bin\debug\net472\videoos.eventserver.messagesv2.domain.unittest.dll" id="b5481f12-a45c-68ea-660a-9d4c6baeb11f">
      <Execution id="925ee6fd-79fb-42d3-a810-28996445ca67" />
      <TestMethod codeBase="D:\actions-runner\_work\XPCO\XPCO\EventServer\Server\Components\Central\VideoOS.EventServer.MessagesV2.Domain.UnitTest\bin\Debug\net472\VideoOS.EventServer.MessagesV2.Domain.UnitTest.dll" adapterTypeName="executor://mstestadapter/v2" className="VideoOS.EventServer.MessagesV2.Domain.UnitTest.MessageBrokerTests" name="MessageBrokerNotSendsMessagesWhenNoSubscribers" />
    </UnitTest>
    <UnitTest name="SessionNotClosedWhenAuthReceivedAfterTimeoutAsync" storage="d:\actions-runner\_work\xpco\xpco\eventserver\server\components\central\videoos.eventserver.messagesv2.domain.unittest\bin\debug\net472\videoos.eventserver.messagesv2.domain.unittest.dll" id="1910b952-6b34-7b22-e788-a947b8f62d71">
      <Execution id="07eab591-d550-4f18-94e0-6f2c1b16409a" />
      <TestMethod codeBase="D:\actions-runner\_work\XPCO\XPCO\EventServer\Server\Components\Central\VideoOS.EventServer.MessagesV2.Domain.UnitTest\bin\Debug\net472\VideoOS.EventServer.MessagesV2.Domain.UnitTest.dll" adapterTypeName="executor://mstestadapter/v2" className="VideoOS.EventServer.MessagesV2.Domain.UnitTest.SessionTests" name="SessionNotClosedWhenAuthReceivedAfterTimeoutAsync" />
    </UnitTest>
    <UnitTest name="MessageBufferRemovesUpToIncludingSequence" storage="d:\actions-runner\_work\xpco\xpco\eventserver\server\components\central\videoos.eventserver.messagesv2.domain.unittest\bin\debug\net472\videoos.eventserver.messagesv2.domain.unittest.dll" id="713b0251-b6a1-7278-59b7-95a3c1eba798">
      <Execution id="66d7e6d1-6156-4733-943d-9c2f59e399b3" />
      <TestMethod codeBase="D:\actions-runner\_work\XPCO\XPCO\EventServer\Server\Components\Central\VideoOS.EventServer.MessagesV2.Domain.UnitTest\bin\Debug\net472\VideoOS.EventServer.MessagesV2.Domain.UnitTest.dll" adapterTypeName="executor://mstestadapter/v2" className="VideoOS.EventServer.MessagesV2.Domain.UnitTest.MessageBufferTests" name="MessageBufferRemovesUpToIncludingSequence" />
    </UnitTest>
    <UnitTest name="PluginMessagesSettingsSetsMaxValueOfPulseSessionTimeoutWhenHigher" storage="d:\actions-runner\_work\xpco\xpco\eventserver\server\components\central\videoos.eventserver.messagesv2.domain.unittest\bin\debug\net472\videoos.eventserver.messagesv2.domain.unittest.dll" id="47485aa3-a7c6-b740-44e1-adc815cbe02b">
      <Execution id="b1db1c97-fc62-40f4-b15a-db78c7f6916a" />
      <TestMethod codeBase="D:\actions-runner\_work\XPCO\XPCO\EventServer\Server\Components\Central\VideoOS.EventServer.MessagesV2.Domain.UnitTest\bin\Debug\net472\VideoOS.EventServer.MessagesV2.Domain.UnitTest.dll" adapterTypeName="executor://mstestadapter/v2" className="VideoOS.EventServer.MessagesV2.Domain.UnitTest.PluginMessagesSettingsTests" name="PluginMessagesSettingsSetsMaxValueOfPulseSessionTimeoutWhenHigher" />
    </UnitTest>
    <UnitTest name="SessionNotExpiredAfterCreation" storage="d:\actions-runner\_work\xpco\xpco\eventserver\server\components\central\videoos.eventserver.messagesv2.domain.unittest\bin\debug\net472\videoos.eventserver.messagesv2.domain.unittest.dll" id="7b1ac339-21ce-bb46-e911-4240c9906bcb">
      <Execution id="3411d555-9c8c-417d-96e8-a0f9bb4b1c14" />
      <TestMethod codeBase="D:\actions-runner\_work\XPCO\XPCO\EventServer\Server\Components\Central\VideoOS.EventServer.MessagesV2.Domain.UnitTest\bin\Debug\net472\VideoOS.EventServer.MessagesV2.Domain.UnitTest.dll" adapterTypeName="executor://mstestadapter/v2" className="VideoOS.EventServer.MessagesV2.Domain.UnitTest.SessionTests" name="SessionNotExpiredAfterCreation" />
    </UnitTest>
    <UnitTest name="MessageBrokerClosesExpiredSessions" storage="d:\actions-runner\_work\xpco\xpco\eventserver\server\components\central\videoos.eventserver.messagesv2.domain.unittest\bin\debug\net472\videoos.eventserver.messagesv2.domain.unittest.dll" id="1da28fad-e70e-1c6d-261e-2e20eafe1d80">
      <Execution id="579cd526-c448-4902-bd43-38b502023f5e" />
      <TestMethod codeBase="D:\actions-runner\_work\XPCO\XPCO\EventServer\Server\Components\Central\VideoOS.EventServer.MessagesV2.Domain.UnitTest\bin\Debug\net472\VideoOS.EventServer.MessagesV2.Domain.UnitTest.dll" adapterTypeName="executor://mstestadapter/v2" className="VideoOS.EventServer.MessagesV2.Domain.UnitTest.MessageBrokerTests" name="MessageBrokerClosesExpiredSessions" />
    </UnitTest>
    <UnitTest name="MessageBrokerNotReturnsRemovedSessions" storage="d:\actions-runner\_work\xpco\xpco\eventserver\server\components\central\videoos.eventserver.messagesv2.domain.unittest\bin\debug\net472\videoos.eventserver.messagesv2.domain.unittest.dll" id="eef8deea-f4aa-fc93-b60c-806f35253be0">
      <Execution id="a5617ebc-08fb-4f6c-b555-43ba01fc6c00" />
      <TestMethod codeBase="D:\actions-runner\_work\XPCO\XPCO\EventServer\Server\Components\Central\VideoOS.EventServer.MessagesV2.Domain.UnitTest\bin\Debug\net472\VideoOS.EventServer.MessagesV2.Domain.UnitTest.dll" adapterTypeName="executor://mstestadapter/v2" className="VideoOS.EventServer.MessagesV2.Domain.UnitTest.MessageBrokerTests" name="MessageBrokerNotReturnsRemovedSessions" />
    </UnitTest>
    <UnitTest name="MessageBrokerSendsMessageToOtherSubscribers" storage="d:\actions-runner\_work\xpco\xpco\eventserver\server\components\central\videoos.eventserver.messagesv2.domain.unittest\bin\debug\net472\videoos.eventserver.messagesv2.domain.unittest.dll" id="1c995595-6779-b140-92cb-f4ce3d5df844">
      <Execution id="73069190-67e7-4aec-899f-9f377db4412d" />
      <TestMethod codeBase="D:\actions-runner\_work\XPCO\XPCO\EventServer\Server\Components\Central\VideoOS.EventServer.MessagesV2.Domain.UnitTest\bin\Debug\net472\VideoOS.EventServer.MessagesV2.Domain.UnitTest.dll" adapterTypeName="executor://mstestadapter/v2" className="VideoOS.EventServer.MessagesV2.Domain.UnitTest.MessageBrokerTests" name="MessageBrokerSendsMessageToOtherSubscribers" />
    </UnitTest>
    <UnitTest name="SessionRaisesCommandsFromChannelAsync" storage="d:\actions-runner\_work\xpco\xpco\eventserver\server\components\central\videoos.eventserver.messagesv2.domain.unittest\bin\debug\net472\videoos.eventserver.messagesv2.domain.unittest.dll" id="2d4467b6-2280-f549-2223-0f203d56e240">
      <Execution id="a3a4a249-0ba0-480d-953a-0446c7a2ee80" />
      <TestMethod codeBase="D:\actions-runner\_work\XPCO\XPCO\EventServer\Server\Components\Central\VideoOS.EventServer.MessagesV2.Domain.UnitTest\bin\Debug\net472\VideoOS.EventServer.MessagesV2.Domain.UnitTest.dll" adapterTypeName="executor://mstestadapter/v2" className="VideoOS.EventServer.MessagesV2.Domain.UnitTest.SessionTests" name="SessionRaisesCommandsFromChannelAsync" />
    </UnitTest>
  </TestDefinitions>
  <TestEntries>
    <TestEntry testId="3d1082c3-6e16-d1a0-027b-e09a8a07681f" executionId="4847aa24-34d9-4fe6-bec0-6aca74a7ea41" testListId="8c84fa94-04c1-424b-9868-57a2d4851a1d" />
    <TestEntry testId="a8f5dbb6-8375-a0cf-f873-dc1f98b83f1d" executionId="4b0c86a7-378e-4883-9e46-6cc9452d7b48" testListId="8c84fa94-04c1-424b-9868-57a2d4851a1d" />
    <TestEntry testId="b5481f12-a45c-68ea-660a-9d4c6baeb11f" executionId="925ee6fd-79fb-42d3-a810-28996445ca67" testListId="8c84fa94-04c1-424b-9868-57a2d4851a1d" />
    <TestEntry testId="2d4467b6-2280-f549-2223-0f203d56e240" executionId="a3a4a249-0ba0-480d-953a-0446c7a2ee80" testListId="8c84fa94-04c1-424b-9868-57a2d4851a1d" />
    <TestEntry testId="8f6fc2f4-dd39-ab43-cd96-6b6c5e8be01d" executionId="2217c165-420e-429e-a331-1381d9820d13" testListId="8c84fa94-04c1-424b-9868-57a2d4851a1d" />
    <TestEntry testId="713b0251-b6a1-7278-59b7-95a3c1eba798" executionId="66d7e6d1-6156-4733-943d-9c2f59e399b3" testListId="8c84fa94-04c1-424b-9868-57a2d4851a1d" />
    <TestEntry testId="946b9166-7805-e7c2-817b-e68bdffcb1e5" executionId="e49c6c01-187f-4292-b9f9-7c391e5601a5" testListId="8c84fa94-04c1-424b-9868-57a2d4851a1d" />
    <TestEntry testId="3c650387-435f-1f03-283c-e98acc620c0f" executionId="178b404b-bb60-4d84-95d0-13a33ec122cb" testListId="8c84fa94-04c1-424b-9868-57a2d4851a1d" />
    <TestEntry testId="15fd5b13-6079-4d4c-715e-365d135b1504" executionId="536c9edb-dd69-4899-8dcb-b13657afd8ff" testListId="8c84fa94-04c1-424b-9868-57a2d4851a1d" />
    <TestEntry testId="2b714a73-fd12-4f2d-5566-70752605e3f3" executionId="9016f016-3580-4ca1-ab16-756f7e34585a" testListId="8c84fa94-04c1-424b-9868-57a2d4851a1d" />
    <TestEntry testId="5c4a5169-6a4b-291d-710f-01d0f79fbee9" executionId="624605df-cdc1-4ac4-afd5-06b9969327f3" testListId="8c84fa94-04c1-424b-9868-57a2d4851a1d" />
    <TestEntry testId="1da28fad-e70e-1c6d-261e-2e20eafe1d80" executionId="579cd526-c448-4902-bd43-38b502023f5e" testListId="8c84fa94-04c1-424b-9868-57a2d4851a1d" />
    <TestEntry testId="c979fd03-93b6-3ebf-ce00-a85346358d45" executionId="bdf54df8-01ae-4173-ac3c-062c40221063" testListId="8c84fa94-04c1-424b-9868-57a2d4851a1d" />
    <TestEntry testId="3efe6c84-36bc-0778-78f1-eb24278c83d6" executionId="b9aac779-c53b-430e-8cef-4439bd3ad5a8" testListId="8c84fa94-04c1-424b-9868-57a2d4851a1d" />
    <TestEntry testId="26270c6b-fbf6-aeb6-7410-22c1d0e46d2c" executionId="6681f046-10dc-4468-986b-2b84d32cadbc" testListId="8c84fa94-04c1-424b-9868-57a2d4851a1d" />
    <TestEntry testId="d03cbf88-edf4-064f-b350-2fdb18f6b938" executionId="cbbc64c0-f3da-4f7f-b163-3d3016e48de0" testListId="8c84fa94-04c1-424b-9868-57a2d4851a1d" />
    <TestEntry testId="8709cef1-b27d-2626-4449-45cd6593c043" executionId="0cfa90e0-04fa-4382-b29a-37a42c2623ef" testListId="8c84fa94-04c1-424b-9868-57a2d4851a1d" />
    <TestEntry testId="1910b952-6b34-7b22-e788-a947b8f62d71" executionId="07eab591-d550-4f18-94e0-6f2c1b16409a" testListId="8c84fa94-04c1-424b-9868-57a2d4851a1d" />
    <TestEntry testId="a4bfc81a-e864-9103-1f85-e094520cb37f" executionId="24e6add1-3614-4c0d-9937-cb7dcdd6480e" testListId="8c84fa94-04c1-424b-9868-57a2d4851a1d" />
    <TestEntry testId="eef8deea-f4aa-fc93-b60c-806f35253be0" executionId="a5617ebc-08fb-4f6c-b555-43ba01fc6c00" testListId="8c84fa94-04c1-424b-9868-57a2d4851a1d" />
    <TestEntry testId="1c995595-6779-b140-92cb-f4ce3d5df844" executionId="73069190-67e7-4aec-899f-9f377db4412d" testListId="8c84fa94-04c1-424b-9868-57a2d4851a1d" />
    <TestEntry testId="7b1ac339-21ce-bb46-e911-4240c9906bcb" executionId="3411d555-9c8c-417d-96e8-a0f9bb4b1c14" testListId="8c84fa94-04c1-424b-9868-57a2d4851a1d" />
    <TestEntry testId="e452f14a-73da-4c5c-1367-9999838774ad" executionId="445b996b-9bd6-4c91-b777-b69ebef8befc" testListId="8c84fa94-04c1-424b-9868-57a2d4851a1d" />
    <TestEntry testId="e55ca679-e03e-70e6-2776-382f14743e98" executionId="8ebd717c-b0d7-417a-9d4d-840b8cea72d2" testListId="8c84fa94-04c1-424b-9868-57a2d4851a1d" />
    <TestEntry testId="23509dbe-de2f-6d55-da60-2685f68d8d49" executionId="cc05a416-4812-43db-b81e-067d1556fdcd" testListId="8c84fa94-04c1-424b-9868-57a2d4851a1d" />
    <TestEntry testId="94ee87ad-ae78-728f-9192-bf243cd229cb" executionId="7b8c97a1-8b7f-4f71-b384-57a866662b28" testListId="8c84fa94-04c1-424b-9868-57a2d4851a1d" />
    <TestEntry testId="47485aa3-a7c6-b740-44e1-adc815cbe02b" executionId="b1db1c97-fc62-40f4-b15a-db78c7f6916a" testListId="8c84fa94-04c1-424b-9868-57a2d4851a1d" />
  </TestEntries>
  <TestLists>
    <TestList name="Results Not in a List" id="8c84fa94-04c1-424b-9868-57a2d4851a1d" />
    <TestList name="All Loaded Results" id="19431567-8539-422a-85d7-44ee4e166bda" />
  </TestLists>
  <ResultSummary outcome="Completed">
    <Counters total="27" executed="26" passed="26" failed="0" error="0" timeout="0" aborted="0" inconclusive="0" passedButRunAborted="0" notRunnable="0" notExecuted="0" disconnected="0" warning="0" completed="0" inProgress="0" pending="0" />
    <Output>
      <StdOut>Test 'SessionClosedWhenNoAuthReceivedAfterTimeoutAsync' was skipped in the test run.&#xD;
</StdOut>
    </Output>
  </ResultSummary>
</TestRun>