<?xml version="1.0" encoding="utf-8"?>
<TestRun id="3bdff2a1-a439-44e3-b713-52d732e2b7d9" name="DKSR-EFI-04$@DKSR-EFI-04 2023-12-22 09:35:44" runUser="NT AUTHORITY\NETWORK SERVICE" xmlns="http://microsoft.com/schemas/VisualStudio/TeamTest/2010">
  <Times creation="2023-12-22T09:35:44.2571583+01:00" queuing="2023-12-22T09:35:44.2571583+01:00" start="2023-12-22T09:35:42.4912826+01:00" finish="2023-12-22T09:35:57.7413623+01:00" />
  <TestSettings name="default" id="3a393509-9f78-4d8b-a82f-161e0c516361">
    <Deployment runDeploymentRoot="DKSR-EFI-04$_DKSR-EFI-04_2023-12-22_09_35_44" />
  </TestSettings>
  <Results>
    <UnitTestResult executionId="081a1c9b-b900-4ef1-b87b-fd132d7b70b0" testId="d20f470e-8e1d-b3fc-a951-604b9939bbeb" testName="TestBinaryFrameHeaderHelperReadWrite" computerName="DKSR-EFI-04" duration="00:00:00.0419257" startTime="2023-12-22T09:35:43.2569105+01:00" endTime="2023-12-22T09:35:43.3975365+01:00" testType="13cdc9d9-ddb5-4fa4-a97d-d965ccfc6d4b" outcome="Passed" testListId="8c84fa94-04c1-424b-9868-57a2d4851a1d" relativeResultsDirectory="081a1c9b-b900-4ef1-b87b-fd132d7b70b0" />
    <UnitTestResult executionId="2aaaa5bc-4302-4b34-b81b-8939a1f1e387" testId="21014e01-32ae-031c-e5e8-e13e9dbd7b3d" testName="TestAesCrypter" computerName="DKSR-EFI-04" duration="00:00:00.5283159" startTime="2023-12-22T09:35:57.0382351+01:00" endTime="2023-12-22T09:35:57.5694876+01:00" testType="13cdc9d9-ddb5-4fa4-a97d-d965ccfc6d4b" outcome="Passed" testListId="8c84fa94-04c1-424b-9868-57a2d4851a1d" relativeResultsDirectory="2aaaa5bc-4302-4b34-b81b-8939a1f1e387">
      <Output>
        <StdOut>Test passed 10, failed 0</StdOut>
      </Output>
    </UnitTestResult>
    <UnitTestResult executionId="7a5abfcb-3277-4ed5-a084-b52087cac96d" testId="85a1694b-29a2-658e-eadf-9d482bdee499" testName="CheckLongLogFileContents" computerName="DKSR-EFI-04" duration="00:00:12.3931430" startTime="2023-12-22T09:35:44.5694206+01:00" endTime="2023-12-22T09:35:56.9601097+01:00" testType="13cdc9d9-ddb5-4fa4-a97d-d965ccfc6d4b" outcome="Passed" testListId="8c84fa94-04c1-424b-9868-57a2d4851a1d" relativeResultsDirectory="7a5abfcb-3277-4ed5-a084-b52087cac96d">
      <Output>
        <StdOut>Debug Trace:&#xD;
2023-12-22;9:35:44 AM;Error;TestErrorMessageOrigin;TestErrorMessage&#xD;
2023-12-22;9:35:45 AM;Error;TestErrorMessageOrigin;TestErrorMessage&#xD;
2023-12-22;9:35:45 AM;Warning;TestWarningMessageOrigin;TestWarningMessage&#xD;
2023-12-22;9:35:47 AM;Error;TestErrorMessageOrigin;TestErrorMessage&#xD;
2023-12-22;9:35:47 AM;Warning;TestWarningMessageOrigin;TestWarningMessage&#xD;
2023-12-22;9:35:47 AM;Info;TestInfoMessageOrigin;TestInfoMessage&#xD;
2023-12-22;9:35:47 AM;Error;TestErrorMessageOrigin;TestErrorMessage&#xD;
2023-12-22;9:35:47 AM;Warning;TestWarningMessageOrigin;TestWarningMessage&#xD;
2023-12-22;9:35:47 AM;Info;TestInfoMessageOrigin;TestInfoMessage&#xD;
2023-12-22;9:35:47 AM;Debug;TestDebugMessageOrigin;TestDebugMessage&#xD;
2023-12-22;9:35:48 AM;Error;TestErrorMessageOrigin;TestErrorMessage&#xD;
2023-12-22;9:35:48 AM;Warning;TestWarningMessageOrigin;TestWarningMessage&#xD;
2023-12-22;9:35:48 AM;Info;TestInfoMessageOrigin;TestInfoMessage&#xD;
2023-12-22;9:35:48 AM;Debug;TestDebugMessageOrigin;TestDebugMessage&#xD;
2023-12-22;9:35:48 AM;Trace;TestTraceMessageOrigin;TestTraceMessage&#xD;
2023-12-22;9:35:50 AM;Error;TestErrorMessageOrigin;TestErrorMessage&#xD;
2023-12-22;9:35:50 AM;Warning;TestWarningMessageOrigin;TestWarningMessage&#xD;
2023-12-22;9:35:50 AM;Info;TestInfoMessageOrigin;TestInfoMessage&#xD;
2023-12-22;9:35:50 AM;Debug;TestDebugMessageOrigin;TestDebugMessage&#xD;
2023-12-22;9:35:50 AM;Trace;TestTraceMessageOrigin;TestTraceMessage&#xD;
2023-12-22;9:35:50 AM;Communication;TestCommunicationMessageOrigin;TestCommunicationMessage&#xD;
2023-12-22;9:35:50 AM;Error;TestErrorMessageOrigin;TestErrorMessage;TestErrorMessage;1;2;3&#xD;
2023-12-22;9:35:51 AM;Error;TestErrorMessageOrigin;TestErrorMessage;TestErrorMessage;1;2;3&#xD;
2023-12-22;9:35:51 AM;Warning;TestWarningMessageOrigin;TestWarningMessage;TestWarningMessage;1;2;3&#xD;
2023-12-22;9:35:51 AM;Error;TestErrorMessageOrigin;TestErrorMessage;TestErrorMessage;1;2;3&#xD;
2023-12-22;9:35:51 AM;Warning;TestWarningMessageOrigin;TestWarningMessage;TestWarningMessage;1;2;3&#xD;
2023-12-22;9:35:51 AM;Info;TestInfoMessageOrigin;TestInfoMessage;TestInfoMessage;1;2;3&#xD;
2023-12-22;9:35:52 AM;Error;TestErrorMessageOrigin;TestErrorMessage;TestErrorMessage;1;2;3&#xD;
2023-12-22;9:35:52 AM;Warning;TestWarningMessageOrigin;TestWarningMessage;TestWarningMessage;1;2;3&#xD;
2023-12-22;9:35:52 AM;Info;TestInfoMessageOrigin;TestInfoMessage;TestInfoMessage;1;2;3&#xD;
2023-12-22;9:35:52 AM;Debug;TestDebugMessageOrigin;TestDebugMessage;TestDebugMessage;1;2;3&#xD;
2023-12-22;9:35:52 AM;Error;TestErrorMessageOrigin;TestErrorMessage;TestErrorMessage;1;2;3&#xD;
2023-12-22;9:35:52 AM;Warning;TestWarningMessageOrigin;TestWarningMessage;TestWarningMessage;1;2;3&#xD;
2023-12-22;9:35:52 AM;Info;TestInfoMessageOrigin;TestInfoMessage;TestInfoMessage;1;2;3&#xD;
2023-12-22;9:35:52 AM;Debug;TestDebugMessageOrigin;TestDebugMessage;TestDebugMessage;1;2;3&#xD;
2023-12-22;9:35:52 AM;Trace;TestTraceMessageOrigin;TestTraceMessage;TestTraceMessage;1;2;3&#xD;
2023-12-22;9:35:54 AM;Error;TestErrorMessageOrigin;TestErrorMessage;TestErrorMessage;1;2;3&#xD;
2023-12-22;9:35:54 AM;Warning;TestWarningMessageOrigin;TestWarningMessage;TestWarningMessage;1;2;3&#xD;
2023-12-22;9:35:54 AM;Info;TestInfoMessageOrigin;TestInfoMessage;TestInfoMessage;1;2;3&#xD;
2023-12-22;9:35:54 AM;Debug;TestDebugMessageOrigin;TestDebugMessage;TestDebugMessage;1;2;3&#xD;
2023-12-22;9:35:54 AM;Trace;TestTraceMessageOrigin;TestTraceMessage;TestTraceMessage;1;2;3&#xD;
2023-12-22;9:35:54 AM;Communication;TestCommunicationMessageOrigin;TestCommunicationMessage;TestCommunicationMessage;1;2;3</StdOut>
      </Output>
    </UnitTestResult>
    <UnitTestResult executionId="359fe2cd-097e-4a47-be52-dfa1200eb0a1" testId="5606a011-5b2c-764d-3f51-b4cfd1c1e5f9" testName="CheckForCorrectLogDirectory" computerName="DKSR-EFI-04" duration="00:00:00.0637456" startTime="2023-12-22T09:35:56.9601097+01:00" endTime="2023-12-22T09:35:57.0382351+01:00" testType="13cdc9d9-ddb5-4fa4-a97d-d965ccfc6d4b" outcome="Passed" testListId="8c84fa94-04c1-424b-9868-57a2d4851a1d" relativeResultsDirectory="359fe2cd-097e-4a47-be52-dfa1200eb0a1" />
    <UnitTestResult executionId="e6540c5f-1822-4ce7-a8e3-5b6ed06e521b" testId="bfe8c798-bd37-df14-4425-acbb69d08c41" testName="CheckLogRetention" computerName="DKSR-EFI-04" duration="00:00:00.9497023" startTime="2023-12-22T09:35:43.6162893+01:00" endTime="2023-12-22T09:35:44.5694206+01:00" testType="13cdc9d9-ddb5-4fa4-a97d-d965ccfc6d4b" outcome="Passed" testListId="8c84fa94-04c1-424b-9868-57a2d4851a1d" relativeResultsDirectory="e6540c5f-1822-4ce7-a8e3-5b6ed06e521b">
      <Output>
        <StdOut>Debug Trace:&#xD;
Exception in BaseLogger.DeleteLog() : The path is not of a legal form.&#xD;
Exception in BaseLogger.DeleteLog() : The path is not of a legal form.&#xD;
Exception in BaseLogger.DeleteLog() : The path is not of a legal form.</StdOut>
      </Output>
    </UnitTestResult>
    <UnitTestResult executionId="9d4aab01-8afd-4b4d-a914-23ed0a9183d3" testId="7bebdfe5-c4ea-c711-55fc-0981f086317a" testName="TestWebClientFactory" computerName="DKSR-EFI-04" startTime="2023-12-22T09:35:43.5069136+01:00" endTime="2023-12-22T09:35:43.5069136+01:00" testType="13cdc9d9-ddb5-4fa4-a97d-d965ccfc6d4b" outcome="NotExecuted" testListId="8c84fa94-04c1-424b-9868-57a2d4851a1d" relativeResultsDirectory="9d4aab01-8afd-4b4d-a914-23ed0a9183d3">
      <Output></Output>
    </UnitTestResult>
    <UnitTestResult executionId="1c4b34a8-152e-4c1b-b458-53f5c78ec2e6" testId="8df567f5-74b8-635e-02d4-702e7e0b0a12" testName="TestUpnpDeviceDescriptionSerializerImplementer" computerName="DKSR-EFI-04" duration="00:00:00.0804493" startTime="2023-12-22T09:35:43.4131624+01:00" endTime="2023-12-22T09:35:43.5069136+01:00" testType="13cdc9d9-ddb5-4fa4-a97d-d965ccfc6d4b" outcome="Passed" testListId="8c84fa94-04c1-424b-9868-57a2d4851a1d" relativeResultsDirectory="1c4b34a8-152e-4c1b-b458-53f5c78ec2e6" />
    <UnitTestResult executionId="8c2a6b57-fd49-4699-bcd6-638bd5863ebc" testId="ae04734e-d07c-6856-36cb-376e59a6ac13" testName="CheckInvalidFolderInitialization" computerName="DKSR-EFI-04" duration="00:00:00.1179025" startTime="2023-12-22T09:35:43.5069136+01:00" endTime="2023-12-22T09:35:43.6162893+01:00" testType="13cdc9d9-ddb5-4fa4-a97d-d965ccfc6d4b" outcome="Passed" testListId="8c84fa94-04c1-424b-9868-57a2d4851a1d" relativeResultsDirectory="8c2a6b57-fd49-4699-bcd6-638bd5863ebc" />
  </Results>
  <TestDefinitions>
    <UnitTest name="TestAesCrypter" storage="d:\actions-runner\_work\xpco\xpco\mobile\mobileserver\mobileserverbinaries\videoos.mobile.windows.test\bin\debug\net472\videoos.mobile.standard.test.dll" id="21014e01-32ae-031c-e5e8-e13e9dbd7b3d">
      <TestCategory>
        <TestCategoryItem TestCategory="LongRunning" />
      </TestCategory>
      <Execution id="2aaaa5bc-4302-4b34-b81b-8939a1f1e387" />
      <TestMethod codeBase="D:\actions-runner\_work\XPCO\XPCO\Mobile\MobileServer\MobileServerBinaries\VideoOS.Mobile.Windows.Test\bin\Debug\net472\VideoOS.Mobile.Standard.Test.dll" adapterTypeName="executor://mstestadapter/v2" className="VideoOS.Mobile.Standard.Test.Encryption.AesCrypterTests" name="TestAesCrypter" />
    </UnitTest>
    <UnitTest name="CheckLongLogFileContents" storage="d:\actions-runner\_work\xpco\xpco\mobile\mobileserver\mobileserverbinaries\videoos.mobile.windows.test\bin\debug\net472\videoos.mobile.standard.test.dll" id="85a1694b-29a2-658e-eadf-9d482bdee499">
      <TestCategory>
        <TestCategoryItem TestCategory="LongRunning" />
      </TestCategory>
      <Execution id="7a5abfcb-3277-4ed5-a084-b52087cac96d" />
      <TestMethod codeBase="D:\actions-runner\_work\XPCO\XPCO\Mobile\MobileServer\MobileServerBinaries\VideoOS.Mobile.Windows.Test\bin\Debug\net472\VideoOS.Mobile.Standard.Test.dll" adapterTypeName="executor://mstestadapter/v2" className="VideoOS.Mobile.Standard.Test.Log.LogTests" name="CheckLongLogFileContents" />
    </UnitTest>
    <UnitTest name="TestUpnpDeviceDescriptionSerializerImplementer" storage="d:\actions-runner\_work\xpco\xpco\mobile\mobileserver\mobileserverbinaries\videoos.mobile.windows.test\bin\debug\net472\videoos.mobile.standard.test.dll" id="8df567f5-74b8-635e-02d4-702e7e0b0a12">
      <TestCategory>
        <TestCategoryItem TestCategory="LongRunning" />
      </TestCategory>
      <Execution id="1c4b34a8-152e-4c1b-b458-53f5c78ec2e6" />
      <TestMethod codeBase="D:\actions-runner\_work\XPCO\XPCO\Mobile\MobileServer\MobileServerBinaries\VideoOS.Mobile.Windows.Test\bin\Debug\net472\VideoOS.Mobile.Standard.Test.dll" adapterTypeName="executor://mstestadapter/v2" className="VideoOS.Mobile.Standard.Test.Upnp.UpnpDeviceDescriptionSerializerImplementerTests" name="TestUpnpDeviceDescriptionSerializerImplementer" />
    </UnitTest>
    <UnitTest name="CheckForCorrectLogDirectory" storage="d:\actions-runner\_work\xpco\xpco\mobile\mobileserver\mobileserverbinaries\videoos.mobile.windows.test\bin\debug\net472\videoos.mobile.standard.test.dll" id="5606a011-5b2c-764d-3f51-b4cfd1c1e5f9">
      <TestCategory>
        <TestCategoryItem TestCategory="Fast" />
      </TestCategory>
      <Execution id="359fe2cd-097e-4a47-be52-dfa1200eb0a1" />
      <TestMethod codeBase="D:\actions-runner\_work\XPCO\XPCO\Mobile\MobileServer\MobileServerBinaries\VideoOS.Mobile.Windows.Test\bin\Debug\net472\VideoOS.Mobile.Standard.Test.dll" adapterTypeName="executor://mstestadapter/v2" className="VideoOS.Mobile.Standard.Test.Log.LogTests" name="CheckForCorrectLogDirectory" />
    </UnitTest>
    <UnitTest name="TestWebClientFactory" storage="d:\actions-runner\_work\xpco\xpco\mobile\mobileserver\mobileserverbinaries\videoos.mobile.windows.test\bin\debug\net472\videoos.mobile.standard.test.dll" id="7bebdfe5-c4ea-c711-55fc-0981f086317a">
      <TestCategory>
        <TestCategoryItem TestCategory="LongRunning" />
      </TestCategory>
      <Execution id="9d4aab01-8afd-4b4d-a914-23ed0a9183d3" />
      <TestMethod codeBase="D:\actions-runner\_work\XPCO\XPCO\Mobile\MobileServer\MobileServerBinaries\VideoOS.Mobile.Windows.Test\bin\Debug\net472\VideoOS.Mobile.Standard.Test.dll" adapterTypeName="executor://mstestadapter/v2" className="VideoOS.Mobile.Standard.Test.Net.WebClientFactoryTests" name="TestWebClientFactory" />
    </UnitTest>
    <UnitTest name="CheckInvalidFolderInitialization" storage="d:\actions-runner\_work\xpco\xpco\mobile\mobileserver\mobileserverbinaries\videoos.mobile.windows.test\bin\debug\net472\videoos.mobile.standard.test.dll" id="ae04734e-d07c-6856-36cb-376e59a6ac13">
      <TestCategory>
        <TestCategoryItem TestCategory="LongRunning" />
      </TestCategory>
      <Execution id="8c2a6b57-fd49-4699-bcd6-638bd5863ebc" />
      <TestMethod codeBase="D:\actions-runner\_work\XPCO\XPCO\Mobile\MobileServer\MobileServerBinaries\VideoOS.Mobile.Windows.Test\bin\Debug\net472\VideoOS.Mobile.Standard.Test.dll" adapterTypeName="executor://mstestadapter/v2" className="VideoOS.Mobile.Standard.Test.Log.LogTests" name="CheckInvalidFolderInitialization" />
    </UnitTest>
    <UnitTest name="TestBinaryFrameHeaderHelperReadWrite" storage="d:\actions-runner\_work\xpco\xpco\mobile\mobileserver\mobileserverbinaries\videoos.mobile.windows.test\bin\debug\net472\videoos.mobile.standard.test.dll" id="d20f470e-8e1d-b3fc-a951-604b9939bbeb">
      <TestCategory>
        <TestCategoryItem TestCategory="LongRunning" />
      </TestCategory>
      <Execution id="081a1c9b-b900-4ef1-b87b-fd132d7b70b0" />
      <TestMethod codeBase="D:\actions-runner\_work\XPCO\XPCO\Mobile\MobileServer\MobileServerBinaries\VideoOS.Mobile.Windows.Test\bin\Debug\net472\VideoOS.Mobile.Standard.Test.dll" adapterTypeName="executor://mstestadapter/v2" className="VideoOS.Mobile.Standard.Test.VideoChannel.BinaryFrameHeaderHelperTests" name="TestBinaryFrameHeaderHelperReadWrite" />
    </UnitTest>
    <UnitTest name="CheckLogRetention" storage="d:\actions-runner\_work\xpco\xpco\mobile\mobileserver\mobileserverbinaries\videoos.mobile.windows.test\bin\debug\net472\videoos.mobile.standard.test.dll" id="bfe8c798-bd37-df14-4425-acbb69d08c41">
      <TestCategory>
        <TestCategoryItem TestCategory="LongRunning" />
      </TestCategory>
      <Execution id="e6540c5f-1822-4ce7-a8e3-5b6ed06e521b" />
      <TestMethod codeBase="D:\actions-runner\_work\XPCO\XPCO\Mobile\MobileServer\MobileServerBinaries\VideoOS.Mobile.Windows.Test\bin\Debug\net472\VideoOS.Mobile.Standard.Test.dll" adapterTypeName="executor://mstestadapter/v2" className="VideoOS.Mobile.Standard.Test.Log.LogTests" name="CheckLogRetention" />
    </UnitTest>
  </TestDefinitions>
  <TestEntries>
    <TestEntry testId="d20f470e-8e1d-b3fc-a951-604b9939bbeb" executionId="081a1c9b-b900-4ef1-b87b-fd132d7b70b0" testListId="8c84fa94-04c1-424b-9868-57a2d4851a1d" />
    <TestEntry testId="21014e01-32ae-031c-e5e8-e13e9dbd7b3d" executionId="2aaaa5bc-4302-4b34-b81b-8939a1f1e387" testListId="8c84fa94-04c1-424b-9868-57a2d4851a1d" />
    <TestEntry testId="85a1694b-29a2-658e-eadf-9d482bdee499" executionId="7a5abfcb-3277-4ed5-a084-b52087cac96d" testListId="8c84fa94-04c1-424b-9868-57a2d4851a1d" />
    <TestEntry testId="5606a011-5b2c-764d-3f51-b4cfd1c1e5f9" executionId="359fe2cd-097e-4a47-be52-dfa1200eb0a1" testListId="8c84fa94-04c1-424b-9868-57a2d4851a1d" />
    <TestEntry testId="bfe8c798-bd37-df14-4425-acbb69d08c41" executionId="e6540c5f-1822-4ce7-a8e3-5b6ed06e521b" testListId="8c84fa94-04c1-424b-9868-57a2d4851a1d" />
    <TestEntry testId="7bebdfe5-c4ea-c711-55fc-0981f086317a" executionId="9d4aab01-8afd-4b4d-a914-23ed0a9183d3" testListId="8c84fa94-04c1-424b-9868-57a2d4851a1d" />
    <TestEntry testId="8df567f5-74b8-635e-02d4-702e7e0b0a12" executionId="1c4b34a8-152e-4c1b-b458-53f5c78ec2e6" testListId="8c84fa94-04c1-424b-9868-57a2d4851a1d" />
    <TestEntry testId="ae04734e-d07c-6856-36cb-376e59a6ac13" executionId="8c2a6b57-fd49-4699-bcd6-638bd5863ebc" testListId="8c84fa94-04c1-424b-9868-57a2d4851a1d" />
  </TestEntries>
  <TestLists>
    <TestList name="Results Not in a List" id="8c84fa94-04c1-424b-9868-57a2d4851a1d" />
    <TestList name="All Loaded Results" id="19431567-8539-422a-85d7-44ee4e166bda" />
  </TestLists>
  <ResultSummary outcome="Completed">
    <Counters total="8" executed="7" passed="7" failed="0" error="0" timeout="0" aborted="0" inconclusive="0" passedButRunAborted="0" notRunnable="0" notExecuted="0" disconnected="0" warning="0" completed="0" inProgress="0" pending="0" />
    <Output>
      <StdOut>Test 'TestWebClientFactory' was skipped in the test run.&#xD;
</StdOut>
    </Output>
  </ResultSummary>
</TestRun>