<?xml version="1.0" encoding="utf-8"?>
<TestRun id="218d1f20-bdaf-4576-8c46-58a3905ada92" name="DKSR-EFI-04$@DKSR-EFI-04 2023-12-22 09:32:30" runUser="NT AUTHORITY\NETWORK SERVICE" xmlns="http://microsoft.com/schemas/VisualStudio/TeamTest/2010">
  <Times creation="2023-12-22T09:32:30.5372046+01:00" queuing="2023-12-22T09:32:30.5372046+01:00" start="2023-12-22T09:32:20.7402892+01:00" finish="2023-12-22T09:32:34.9434753+01:00" />
  <TestSettings name="default" id="8ab8fa83-6a8f-4385-8f70-c455bb1383d4">
    <Deployment runDeploymentRoot="DKSR-EFI-04$_DKSR-EFI-04_2023-12-22_09_32_30" />
  </TestSettings>
  <Results>
    <UnitTestResult executionId="69b52275-7e37-46db-8c1c-6d425aa2f82f" testId="c5b2cc2f-bc48-fa1a-d042-4d43af0aed7f" testName="IsActiveDirectoryUser_UserIsRole_ThrowsException" computerName="DKSR-EFI-04" duration="00:00:00.0239025" startTime="2023-12-22T09:32:34.3653472+01:00" endTime="2023-12-22T09:32:34.3965975+01:00" testType="13cdc9d9-ddb5-4fa4-a97d-d965ccfc6d4b" outcome="Passed" testListId="8c84fa94-04c1-424b-9868-57a2d4851a1d" relativeResultsDirectory="69b52275-7e37-46db-8c1c-6d425aa2f82f" />
    <UnitTestResult executionId="24f9f451-dd49-4549-a549-268e1177d674" testId="5485cb8c-008b-79d6-4081-d9c4ca8547a9" testName="ExpirationTime_Set_ShouldThrowArgumentOutOfRangeException_IfNegativeIsProvided" computerName="DKSR-EFI-04" duration="00:00:00.0018208" startTime="2023-12-22T09:32:31.0059566+01:00" endTime="2023-12-22T09:32:31.0059566+01:00" testType="13cdc9d9-ddb5-4fa4-a97d-d965ccfc6d4b" outcome="Passed" testListId="8c84fa94-04c1-424b-9868-57a2d4851a1d" relativeResultsDirectory="24f9f451-dd49-4549-a549-268e1177d674" />
    <UnitTestResult executionId="0dd64a86-0558-450b-a9f3-e6434aa86d5e" testId="b67d0e96-ac1d-6ddb-4448-202833dad787" testName="Set_ShouldAddItemToTheCache" computerName="DKSR-EFI-04" duration="00:00:00.0066856" startTime="2023-12-22T09:32:31.0997075+01:00" endTime="2023-12-22T09:32:31.0997075+01:00" testType="13cdc9d9-ddb5-4fa4-a97d-d965ccfc6d4b" outcome="Passed" testListId="8c84fa94-04c1-424b-9868-57a2d4851a1d" relativeResultsDirectory="0dd64a86-0558-450b-a9f3-e6434aa86d5e" />
    <UnitTestResult executionId="b1b8c1e2-465e-46c9-8d92-f3a5ad5edcc4" testId="9cb32065-664b-c58c-3e49-26236b7adc7b" testName="Validate_ShouldReturnSameResult_ForMultipleValidationCallsOfTheSameUser" computerName="DKSR-EFI-04" duration="00:00:01.1706266" startTime="2023-12-22T09:32:33.0059669+01:00" endTime="2023-12-22T09:32:34.1778479+01:00" testType="13cdc9d9-ddb5-4fa4-a97d-d965ccfc6d4b" outcome="Passed" testListId="8c84fa94-04c1-424b-9868-57a2d4851a1d" relativeResultsDirectory="b1b8c1e2-465e-46c9-8d92-f3a5ad5edcc4" />
    <UnitTestResult executionId="30bc9e14-66ce-4154-8742-888235d7007c" testId="172e0e14-3b60-7ada-ae7b-2152beade102" testName="Validate_ShouldReturnNull_IfSidIsNull" computerName="DKSR-EFI-04" duration="00:00:00.0021970" startTime="2023-12-22T09:32:31.4278346+01:00" endTime="2023-12-22T09:32:31.4434592+01:00" testType="13cdc9d9-ddb5-4fa4-a97d-d965ccfc6d4b" outcome="Passed" testListId="8c84fa94-04c1-424b-9868-57a2d4851a1d" relativeResultsDirectory="30bc9e14-66ce-4154-8742-888235d7007c" />
    <UnitTestResult executionId="f0c3a2bb-a633-4da2-9a89-2279acc9837c" testId="20907b0a-4f7a-5b7b-02b9-83289ecbdb9c" testName="Constructors_ShouldNotAllowInjectionOfNulls" computerName="DKSR-EFI-04" duration="00:00:00.0297522" startTime="2023-12-22T09:32:31.1309578+01:00" endTime="2023-12-22T09:32:31.1622091+01:00" testType="13cdc9d9-ddb5-4fa4-a97d-d965ccfc6d4b" outcome="Passed" testListId="8c84fa94-04c1-424b-9868-57a2d4851a1d" relativeResultsDirectory="f0c3a2bb-a633-4da2-9a89-2279acc9837c" />
    <UnitTestResult executionId="38275796-c9d9-4061-850a-bf9450f511b1" testId="84b268aa-a597-d516-e8be-95822a02f8e9" testName="HasPermission_ShouldNotCallCacheForAdmins" computerName="DKSR-EFI-04" duration="00:00:00.0084214" startTime="2023-12-22T09:32:31.3965831+01:00" endTime="2023-12-22T09:32:31.4122085+01:00" testType="13cdc9d9-ddb5-4fa4-a97d-d965ccfc6d4b" outcome="Passed" testListId="8c84fa94-04c1-424b-9868-57a2d4851a1d" relativeResultsDirectory="38275796-c9d9-4061-850a-bf9450f511b1" />
    <UnitTestResult executionId="308d416d-4119-463f-8f6c-19364ab61646" testId="35499b0a-56fa-1b02-9716-4c22fc692354" testName="ValidateWithSid_ShouldCallValidateSid" computerName="DKSR-EFI-04" duration="00:00:00.0529248" startTime="2023-12-22T09:32:31.2403329+01:00" endTime="2023-12-22T09:32:31.3031782+01:00" testType="13cdc9d9-ddb5-4fa4-a97d-d965ccfc6d4b" outcome="Passed" testListId="8c84fa94-04c1-424b-9868-57a2d4851a1d" relativeResultsDirectory="308d416d-4119-463f-8f6c-19364ab61646" />
    <UnitTestResult executionId="2307aa1e-2938-4293-9013-b079b9cbf814" testId="597504d2-236d-8690-3190-798435539f89" testName="Get_ShouldThrowArgumentException_IfNullIsProvided" computerName="DKSR-EFI-04" duration="00:00:00.1676638" startTime="2023-12-22T09:32:30.8340810+01:00" endTime="2023-12-22T09:32:30.9903314+01:00" testType="13cdc9d9-ddb5-4fa4-a97d-d965ccfc6d4b" outcome="Passed" testListId="8c84fa94-04c1-424b-9868-57a2d4851a1d" relativeResultsDirectory="2307aa1e-2938-4293-9013-b079b9cbf814" />
    <UnitTestResult executionId="3365696a-15c9-493e-9688-621bc5f6b960" testId="8f3bbfdb-c556-9e11-2472-14154a93328d" testName="Get_ShouldReturnItem_IfItHasNotExpired" computerName="DKSR-EFI-04" duration="00:00:00.0475924" startTime="2023-12-22T09:32:31.0059566+01:00" endTime="2023-12-22T09:32:31.0528333+01:00" testType="13cdc9d9-ddb5-4fa4-a97d-d965ccfc6d4b" outcome="Passed" testListId="8c84fa94-04c1-424b-9868-57a2d4851a1d" relativeResultsDirectory="3365696a-15c9-493e-9688-621bc5f6b960" />
    <UnitTestResult executionId="1aaeddc6-7a12-4285-93a6-f4a6d71666da" testId="44cdd916-b515-00dc-3551-ce87c61d4f5e" testName="ValidateWithToken_ShouldCallValidateToken" computerName="DKSR-EFI-04" duration="00:00:00.0035348" startTime="2023-12-22T09:32:31.2252627+01:00" endTime="2023-12-22T09:32:31.2252627+01:00" testType="13cdc9d9-ddb5-4fa4-a97d-d965ccfc6d4b" outcome="Passed" testListId="8c84fa94-04c1-424b-9868-57a2d4851a1d" relativeResultsDirectory="1aaeddc6-7a12-4285-93a6-f4a6d71666da" />
    <UnitTestResult executionId="6b16a189-b47e-4970-b8d4-f78e7b4cba71" testId="bed734a5-a7d4-4c5f-3c33-72d0073d7b84" testName="HasPermission_ShouldAlwaysReturnTrueForAdmins" computerName="DKSR-EFI-04" duration="00:00:00.0068185" startTime="2023-12-22T09:32:31.3965831+01:00" endTime="2023-12-22T09:32:31.3965831+01:00" testType="13cdc9d9-ddb5-4fa4-a97d-d965ccfc6d4b" outcome="Passed" testListId="8c84fa94-04c1-424b-9868-57a2d4851a1d" relativeResultsDirectory="6b16a189-b47e-4970-b8d4-f78e7b4cba71" />
    <UnitTestResult executionId="251500fb-1b42-40d2-a2fa-724142b5a45d" testId="0fc36183-233a-6a20-b52e-bd75db29b340" testName="Validate_ShouldReturnUser_IfNotInCacheButExists" computerName="DKSR-EFI-04" duration="00:00:00.0055700" startTime="2023-12-22T09:32:31.4590840+01:00" endTime="2023-12-22T09:32:31.4590840+01:00" testType="13cdc9d9-ddb5-4fa4-a97d-d965ccfc6d4b" outcome="Passed" testListId="8c84fa94-04c1-424b-9868-57a2d4851a1d" relativeResultsDirectory="251500fb-1b42-40d2-a2fa-724142b5a45d" />
    <UnitTestResult executionId="2c1c55b3-4bf0-4e4d-8347-97d35fa927fc" testId="0c521cba-7b53-508e-7d9b-61615a63f8ef" testName="AllSids_ShouldContain_SecurityIdsOfTheMembershipGroups" computerName="DKSR-EFI-04" duration="00:00:00.0064593" startTime="2023-12-22T09:32:31.3497094+01:00" endTime="2023-12-22T09:32:31.3653342+01:00" testType="13cdc9d9-ddb5-4fa4-a97d-d965ccfc6d4b" outcome="Passed" testListId="8c84fa94-04c1-424b-9868-57a2d4851a1d" relativeResultsDirectory="2c1c55b3-4bf0-4e4d-8347-97d35fa927fc" />
    <UnitTestResult executionId="7f6a58c1-aebc-41a4-9a0c-5dba4f3ac5fb" testId="2beb5b32-acc0-2810-df0b-119d55e47935" testName="Constructors_ShouldNotAllowInjectionOfNulls" computerName="DKSR-EFI-04" duration="00:00:00.0011715" startTime="2023-12-22T09:32:31.4747095+01:00" endTime="2023-12-22T09:32:31.4747095+01:00" testType="13cdc9d9-ddb5-4fa4-a97d-d965ccfc6d4b" outcome="Passed" testListId="8c84fa94-04c1-424b-9868-57a2d4851a1d" relativeResultsDirectory="7f6a58c1-aebc-41a4-9a0c-5dba4f3ac5fb" />
    <UnitTestResult executionId="fdb93641-5d94-4ba9-b73d-d5ef1c36da2d" testId="d9deae24-7fd1-5344-fc16-501a9af6bea0" testName="Constructors_ShouldNotAllowInjectionOfNulls" computerName="DKSR-EFI-04" duration="00:00:00.0137161" startTime="2023-12-22T09:32:31.3653342+01:00" endTime="2023-12-22T09:32:31.3809577+01:00" testType="13cdc9d9-ddb5-4fa4-a97d-d965ccfc6d4b" outcome="Passed" testListId="8c84fa94-04c1-424b-9868-57a2d4851a1d" relativeResultsDirectory="fdb93641-5d94-4ba9-b73d-d5ef1c36da2d" />
    <UnitTestResult executionId="7223acc6-c37b-4205-ae37-fcf42fee354c" testId="20515f01-4fe2-951b-0fb3-4a57a3131388" testName="Validate_ShouldReturnNull_IfFoundInTheCacheAndDenied" computerName="DKSR-EFI-04" duration="00:00:00.0404272" startTime="2023-12-22T09:32:31.6153352+01:00" endTime="2023-12-22T09:32:31.6465853+01:00" testType="13cdc9d9-ddb5-4fa4-a97d-d965ccfc6d4b" outcome="Passed" testListId="8c84fa94-04c1-424b-9868-57a2d4851a1d" relativeResultsDirectory="7223acc6-c37b-4205-ae37-fcf42fee354c" />
    <UnitTestResult executionId="6d7c7234-ebbf-4563-9dcb-c3c171d2b6b2" testId="bcf4b34e-cecf-1e8b-c33d-944707f50108" testName="HasPermission_ShouldReturnCachedValue" computerName="DKSR-EFI-04" duration="00:00:00.0062096" startTime="2023-12-22T09:32:31.4122085+01:00" endTime="2023-12-22T09:32:31.4122085+01:00" testType="13cdc9d9-ddb5-4fa4-a97d-d965ccfc6d4b" outcome="Passed" testListId="8c84fa94-04c1-424b-9868-57a2d4851a1d" relativeResultsDirectory="6d7c7234-ebbf-4563-9dcb-c3c171d2b6b2" />
    <UnitTestResult executionId="0ef96ed3-490f-44c4-b9ba-b3e66317af15" testId="655ca919-f00f-0f85-3d41-ffba2bbb706e" testName="Set_ShouldThrowArgumentException_IfIdIsEmptyString" computerName="DKSR-EFI-04" duration="00:00:00.0011866" startTime="2023-12-22T09:32:31.0997075+01:00" endTime="2023-12-22T09:32:31.0997075+01:00" testType="13cdc9d9-ddb5-4fa4-a97d-d965ccfc6d4b" outcome="Passed" testListId="8c84fa94-04c1-424b-9868-57a2d4851a1d" relativeResultsDirectory="0ef96ed3-490f-44c4-b9ba-b3e66317af15" />
    <UnitTestResult executionId="ce14a9cf-6d3d-4f6b-9029-a7003ecfcf84" testId="2b644271-3fb1-047c-a951-c52d0f964641" testName="Get_ShouldThrowArgumentException_IfEmptyStringIsProvided" computerName="DKSR-EFI-04" duration="00:00:00.0011102" startTime="2023-12-22T09:32:31.0059566+01:00" endTime="2023-12-22T09:32:31.0059566+01:00" testType="13cdc9d9-ddb5-4fa4-a97d-d965ccfc6d4b" outcome="Passed" testListId="8c84fa94-04c1-424b-9868-57a2d4851a1d" relativeResultsDirectory="ce14a9cf-6d3d-4f6b-9029-a7003ecfcf84" />
    <UnitTestResult executionId="20012f3f-6428-4aa2-a6a6-8be7bc584478" testId="47fa9b2a-0a03-92bd-545e-06c049818200" testName="ValidateWithCredentials_ShouldCallValidateCredential" computerName="DKSR-EFI-04" duration="00:00:00.0046065" startTime="2023-12-22T09:32:31.2403329+01:00" endTime="2023-12-22T09:32:31.2403329+01:00" testType="13cdc9d9-ddb5-4fa4-a97d-d965ccfc6d4b" outcome="Passed" testListId="8c84fa94-04c1-424b-9868-57a2d4851a1d" relativeResultsDirectory="20012f3f-6428-4aa2-a6a6-8be7bc584478" />
    <UnitTestResult executionId="743b7e08-a93d-424e-920d-40fa78cb71a4" testId="d305fdbe-d420-6fd1-9278-4144872358ea" testName="IsActiveDirectoryUser_UserIsBasicUser_ThrowsException" computerName="DKSR-EFI-04" duration="00:00:00.0026519" startTime="2023-12-22T09:32:34.3965975+01:00" endTime="2023-12-22T09:32:34.3965975+01:00" testType="13cdc9d9-ddb5-4fa4-a97d-d965ccfc6d4b" outcome="Passed" testListId="8c84fa94-04c1-424b-9868-57a2d4851a1d" relativeResultsDirectory="743b7e08-a93d-424e-920d-40fa78cb71a4" />
    <UnitTestResult executionId="c2a18cc9-1894-4d7c-8823-dc6de595e695" testId="ef741ab1-6018-5d9d-0191-8a29e831b88d" testName="Get_ShouldExtendCredentialTimeout_IfReAuthenticationThrowsAnExceptionButCachedValueIsAuthenticated" computerName="DKSR-EFI-04" duration="00:00:00.1418947" startTime="2023-12-22T09:32:30.5997049+01:00" endTime="2023-12-22T09:32:30.7403316+01:00" testType="13cdc9d9-ddb5-4fa4-a97d-d965ccfc6d4b" outcome="Passed" testListId="8c84fa94-04c1-424b-9868-57a2d4851a1d" relativeResultsDirectory="c2a18cc9-1894-4d7c-8823-dc6de595e695" />
    <UnitTestResult executionId="67f9fa57-7eb4-409f-b8f8-60243898c5fe" testId="2b0ffd07-9adb-988b-4a7d-4dac04a828e1" testName="Constructors_ShouldNotAllowInjectionOfNulls" computerName="DKSR-EFI-04" duration="00:00:01.0343560" startTime="2023-12-22T09:32:28.9903228+01:00" endTime="2023-12-22T09:32:30.4434532+01:00" testType="13cdc9d9-ddb5-4fa4-a97d-d965ccfc6d4b" outcome="Passed" testListId="8c84fa94-04c1-424b-9868-57a2d4851a1d" relativeResultsDirectory="67f9fa57-7eb4-409f-b8f8-60243898c5fe" />
    <UnitTestResult executionId="55e52ba6-cfb4-4246-a665-4301f4b94e09" testId="16398b66-a941-88e1-d4f7-3973f69063f6" testName="Validate_ShouldAddTokenToTheCache_IfItDoesNotExist" computerName="DKSR-EFI-04" duration="00:00:00.0067262" startTime="2023-12-22T09:32:31.5372093+01:00" endTime="2023-12-22T09:32:31.5372093+01:00" testType="13cdc9d9-ddb5-4fa4-a97d-d965ccfc6d4b" outcome="Passed" testListId="8c84fa94-04c1-424b-9868-57a2d4851a1d" relativeResultsDirectory="55e52ba6-cfb4-4246-a665-4301f4b94e09" />
    <UnitTestResult executionId="32bd8ef4-f4fa-4d4f-8e55-186c2a72f268" testId="b35ee89c-0162-5b40-6e0f-b3a480eb5a6d" testName="Validate_ShouldReturnValidatedUser_IfUserIsNotInTheCacheAndValidationSucceeds" computerName="DKSR-EFI-04" duration="00:00:00.0288817" startTime="2023-12-22T09:32:34.2559734+01:00" endTime="2023-12-22T09:32:34.2872221+01:00" testType="13cdc9d9-ddb5-4fa4-a97d-d965ccfc6d4b" outcome="Passed" testListId="8c84fa94-04c1-424b-9868-57a2d4851a1d" relativeResultsDirectory="32bd8ef4-f4fa-4d4f-8e55-186c2a72f268" />
    <UnitTestResult executionId="b113f7d0-c986-480d-aa61-312c59014cee" testId="81507db0-dc94-3380-e2f5-8c1b98cadef2" testName="AllSids_ShouldNotContain_SecurityIdsOfMembershipGroupsWhichAreGuids" computerName="DKSR-EFI-04" duration="00:00:00.0075272" startTime="2023-12-22T09:32:31.3653342+01:00" endTime="2023-12-22T09:32:31.3653342+01:00" testType="13cdc9d9-ddb5-4fa4-a97d-d965ccfc6d4b" outcome="Passed" testListId="8c84fa94-04c1-424b-9868-57a2d4851a1d" relativeResultsDirectory="b113f7d0-c986-480d-aa61-312c59014cee" />
    <UnitTestResult executionId="647bf714-0e9b-4866-80a4-bcc9266a57f7" testId="9d09971d-60a5-f732-9b99-180470cffa91" testName="Dispose_ShouldDisposeUserCache" computerName="DKSR-EFI-04" duration="00:00:00.0031212" startTime="2023-12-22T09:32:31.1622091+01:00" endTime="2023-12-22T09:32:31.1622091+01:00" testType="13cdc9d9-ddb5-4fa4-a97d-d965ccfc6d4b" outcome="Passed" testListId="8c84fa94-04c1-424b-9868-57a2d4851a1d" relativeResultsDirectory="647bf714-0e9b-4866-80a4-bcc9266a57f7" />
    <UnitTestResult executionId="63b20bd6-2933-4eab-bf55-d21c75ffc2ca" testId="55bdfb48-43ff-33a5-420e-010bdd98c80c" testName="Validate_ShouldThrowArgumentNullException_IfUserIsNull" computerName="DKSR-EFI-04" duration="00:00:00.0084547" startTime="2023-12-22T09:32:31.5528331+01:00" endTime="2023-12-22T09:32:31.5684614+01:00" testType="13cdc9d9-ddb5-4fa4-a97d-d965ccfc6d4b" outcome="Passed" testListId="8c84fa94-04c1-424b-9868-57a2d4851a1d" relativeResultsDirectory="63b20bd6-2933-4eab-bf55-d21c75ffc2ca" />
    <UnitTestResult executionId="2e842f6a-ca9b-4245-a026-a7eecfdd0e70" testId="5150e92c-ede9-6a2f-04fe-1614bee47471" testName="Validate_ShouldReturnNull_IfTokenStringIsNull" computerName="DKSR-EFI-04" duration="00:00:00.0279871" startTime="2023-12-22T09:32:31.4747095+01:00" endTime="2023-12-22T09:32:31.5059571+01:00" testType="13cdc9d9-ddb5-4fa4-a97d-d965ccfc6d4b" outcome="Passed" testListId="8c84fa94-04c1-424b-9868-57a2d4851a1d" relativeResultsDirectory="2e842f6a-ca9b-4245-a026-a7eecfdd0e70" />
    <UnitTestResult executionId="2b69a5e4-70b0-41ea-934f-e4b32f476b83" testId="a89b844e-5090-7c96-37fb-e14dd243302a" testName="Constructors_ShouldNotAllowInjectionOfNulls" computerName="DKSR-EFI-04" duration="00:00:00.0015734" startTime="2023-12-22T09:32:31.4747095+01:00" endTime="2023-12-22T09:32:31.4747095+01:00" testType="13cdc9d9-ddb5-4fa4-a97d-d965ccfc6d4b" outcome="Passed" testListId="8c84fa94-04c1-424b-9868-57a2d4851a1d" relativeResultsDirectory="2b69a5e4-70b0-41ea-934f-e4b32f476b83" />
    <UnitTestResult executionId="8732e5e0-7bb3-4452-ba10-17a8b79e2014" testId="d8b66cf9-ed50-cbf6-0cb9-1e27bc37f7ff" testName="Validate_ShouldReturnNull_IfSidNotExistsAndNotInCache" computerName="DKSR-EFI-04" duration="00:00:00.0060039" startTime="2023-12-22T09:32:31.4434592+01:00" endTime="2023-12-22T09:32:31.4434592+01:00" testType="13cdc9d9-ddb5-4fa4-a97d-d965ccfc6d4b" outcome="Passed" testListId="8c84fa94-04c1-424b-9868-57a2d4851a1d" relativeResultsDirectory="8732e5e0-7bb3-4452-ba10-17a8b79e2014" />
    <UnitTestResult executionId="3190049f-ef10-480b-9319-42f6e2d76000" testId="d40d9eb9-686c-1e82-72ef-6b9f00889faf" testName="Validate_ShouldReturnNull_IfInvalidTokenIsProvided" computerName="DKSR-EFI-04" duration="00:00:00.0010387" startTime="2023-12-22T09:32:31.5215842+01:00" endTime="2023-12-22T09:32:31.5215842+01:00" testType="13cdc9d9-ddb5-4fa4-a97d-d965ccfc6d4b" outcome="Passed" testListId="8c84fa94-04c1-424b-9868-57a2d4851a1d" relativeResultsDirectory="3190049f-ef10-480b-9319-42f6e2d76000" />
    <UnitTestResult executionId="9baae9ad-ed33-488d-a32a-6ee17dd2435c" testId="d9fc5ab1-2e77-929c-a4b6-2008a16e7b0f" testName="ValidateCredentials_ShouldThrowException_IfUserIdIsNull" computerName="DKSR-EFI-04" duration="00:00:00.0467475" startTime="2023-12-22T09:32:31.1622091+01:00" endTime="2023-12-22T09:32:31.2090830+01:00" testType="13cdc9d9-ddb5-4fa4-a97d-d965ccfc6d4b" outcome="Passed" testListId="8c84fa94-04c1-424b-9868-57a2d4851a1d" relativeResultsDirectory="9baae9ad-ed33-488d-a32a-6ee17dd2435c" />
    <UnitTestResult executionId="565d4694-dd62-48a2-972b-3eb934db9404" testId="d4b666e7-0719-beb7-4a76-1ac4a6f29682" testName="Validate_ShouldReturnNull_IfTokenStringIsEmpty" computerName="DKSR-EFI-04" duration="00:00:00.0021709" startTime="2023-12-22T09:32:31.5059571+01:00" endTime="2023-12-22T09:32:31.5215842+01:00" testType="13cdc9d9-ddb5-4fa4-a97d-d965ccfc6d4b" outcome="Passed" testListId="8c84fa94-04c1-424b-9868-57a2d4851a1d" relativeResultsDirectory="565d4694-dd62-48a2-972b-3eb934db9404" />
    <UnitTestResult executionId="5660e6e2-0192-4524-abf5-dd0f83f20434" testId="9515414d-23ea-9ad2-0b44-5c6aa177163f" testName="Validate_ShouldReturnUser_IfInCache" computerName="DKSR-EFI-04" duration="00:00:00.0034468" startTime="2023-12-22T09:32:31.4434592+01:00" endTime="2023-12-22T09:32:31.4434592+01:00" testType="13cdc9d9-ddb5-4fa4-a97d-d965ccfc6d4b" outcome="Passed" testListId="8c84fa94-04c1-424b-9868-57a2d4851a1d" relativeResultsDirectory="5660e6e2-0192-4524-abf5-dd0f83f20434" />
    <UnitTestResult executionId="88364e6b-c010-4adf-9986-05fc62662204" testId="47c6dd4d-d8d9-c0c0-e5f5-6858fc1eeb43" testName="Constructors_ShouldNotAllowInjectionOfNulls" computerName="DKSR-EFI-04" duration="00:00:00.0100017" startTime="2023-12-22T09:32:31.5372093+01:00" endTime="2023-12-22T09:32:31.5528331+01:00" testType="13cdc9d9-ddb5-4fa4-a97d-d965ccfc6d4b" outcome="Passed" testListId="8c84fa94-04c1-424b-9868-57a2d4851a1d" relativeResultsDirectory="88364e6b-c010-4adf-9986-05fc62662204" />
    <UnitTestResult executionId="3fbc375c-91a0-4e71-8509-e4a4eea4e201" testId="e71cafef-8f62-32d2-91c8-b19f6ab98d06" testName="HasPermission_ShouldAddValueToCache" computerName="DKSR-EFI-04" duration="00:00:00.0095834" startTime="2023-12-22T09:32:31.4278346+01:00" endTime="2023-12-22T09:32:31.4278346+01:00" testType="13cdc9d9-ddb5-4fa4-a97d-d965ccfc6d4b" outcome="Passed" testListId="8c84fa94-04c1-424b-9868-57a2d4851a1d" relativeResultsDirectory="3fbc375c-91a0-4e71-8509-e4a4eea4e201" />
    <UnitTestResult executionId="dc772f52-c544-48dc-93ed-3425a8ea7922" testId="c585530e-7bce-0886-b039-bce325a0d8bc" testName="Validate_ShouldDoValidation_IfUserIsNotInTheCacheAndFirstOneToCall" computerName="DKSR-EFI-04" duration="00:00:00.2593999" startTime="2023-12-22T09:32:31.6622117+01:00" endTime="2023-12-22T09:32:31.9122137+01:00" testType="13cdc9d9-ddb5-4fa4-a97d-d965ccfc6d4b" outcome="Passed" testListId="8c84fa94-04c1-424b-9868-57a2d4851a1d" relativeResultsDirectory="dc772f52-c544-48dc-93ed-3425a8ea7922" />
    <UnitTestResult executionId="636e852f-f3a8-4d2c-9137-84c51a84a62d" testId="31eb677b-88bd-5c26-4592-8630a72a3001" testName="Create_ShouldCreateUserAuthenticationCache" computerName="DKSR-EFI-04" duration="00:00:00.0106363" startTime="2023-12-22T09:32:31.1153777+01:00" endTime="2023-12-22T09:32:31.1309578+01:00" testType="13cdc9d9-ddb5-4fa4-a97d-d965ccfc6d4b" outcome="Passed" testListId="8c84fa94-04c1-424b-9868-57a2d4851a1d" relativeResultsDirectory="636e852f-f3a8-4d2c-9137-84c51a84a62d" />
    <UnitTestResult executionId="fe06bc7c-67c3-4b73-b005-fb881f3e472d" testId="7333f3e9-01a7-bc5e-31a6-c42680f99fb6" testName="Validate_ShouldDoValidationOnlyOnce_IfMultipleCallsArrive" computerName="DKSR-EFI-04" duration="00:00:01.0868933" startTime="2023-12-22T09:32:31.9122137+01:00" endTime="2023-12-22T09:32:33.0059669+01:00" testType="13cdc9d9-ddb5-4fa4-a97d-d965ccfc6d4b" outcome="Passed" testListId="8c84fa94-04c1-424b-9868-57a2d4851a1d" relativeResultsDirectory="fe06bc7c-67c3-4b73-b005-fb881f3e472d" />
    <UnitTestResult executionId="c874be57-1ce0-4989-81ca-ffdac9a50087" testId="d09148f6-ee54-36e0-1b55-82e9d1962fa9" testName="CacheEntryRemovedCallback_ShouldBeCalled_WhenItemExpires" computerName="DKSR-EFI-04" duration="00:00:00.0028567" startTime="2023-12-22T09:32:31.1153777+01:00" endTime="2023-12-22T09:32:31.1153777+01:00" testType="13cdc9d9-ddb5-4fa4-a97d-d965ccfc6d4b" outcome="Passed" testListId="8c84fa94-04c1-424b-9868-57a2d4851a1d" relativeResultsDirectory="c874be57-1ce0-4989-81ca-ffdac9a50087" />
    <UnitTestResult executionId="74578a63-5e21-4fa9-b8a7-ee216054f3e3" testId="2a83a1b3-f173-a8e4-86ba-cb5840adaf0c" testName="Validate_ShouldReturnAuthenticatedUser_IfFoundInTheCacheAndAuthenticated" computerName="DKSR-EFI-04" duration="00:00:00.0420636" startTime="2023-12-22T09:32:31.5684614+01:00" endTime="2023-12-22T09:32:31.5997096+01:00" testType="13cdc9d9-ddb5-4fa4-a97d-d965ccfc6d4b" outcome="Passed" testListId="8c84fa94-04c1-424b-9868-57a2d4851a1d" relativeResultsDirectory="74578a63-5e21-4fa9-b8a7-ee216054f3e3" />
    <UnitTestResult executionId="aa9c37a3-8651-4587-bf80-e38903357609" testId="a7050fdc-c12d-9c46-8908-88c3de06a4a6" testName="Validate_ShouldCacheInProgressValidation_IfUserIsNotInTheCacheAndFirstOneToCall" computerName="DKSR-EFI-04" duration="00:00:00.0557891" startTime="2023-12-22T09:32:34.1778479+01:00" endTime="2023-12-22T09:32:34.2403479+01:00" testType="13cdc9d9-ddb5-4fa4-a97d-d965ccfc6d4b" outcome="Passed" testListId="8c84fa94-04c1-424b-9868-57a2d4851a1d" relativeResultsDirectory="aa9c37a3-8651-4587-bf80-e38903357609" />
    <UnitTestResult executionId="31480c4a-4902-4162-8cde-6183210c24be" testId="489c510c-2012-dadd-1da4-9324f1519c3c" testName="Get_ShouldUpdateCredentialsResultToAuthenticated_IfReAuthenticationSucceeds" computerName="DKSR-EFI-04" duration="00:00:00.0359903" startTime="2023-12-22T09:32:30.7872079+01:00" endTime="2023-12-22T09:32:30.8184574+01:00" testType="13cdc9d9-ddb5-4fa4-a97d-d965ccfc6d4b" outcome="Passed" testListId="8c84fa94-04c1-424b-9868-57a2d4851a1d" relativeResultsDirectory="31480c4a-4902-4162-8cde-6183210c24be" />
    <UnitTestResult executionId="930127ba-adce-479a-b51d-543792d35842" testId="0ee7fc3b-655e-2332-4fe9-9862816d6c7b" testName="Get_ShouldReturnNull_IfCredentialIsNotInTheCache" computerName="DKSR-EFI-04" duration="00:00:00.0659053" startTime="2023-12-22T09:32:30.5215796+01:00" endTime="2023-12-22T09:32:30.5997049+01:00" testType="13cdc9d9-ddb5-4fa4-a97d-d965ccfc6d4b" outcome="Passed" testListId="8c84fa94-04c1-424b-9868-57a2d4851a1d" relativeResultsDirectory="930127ba-adce-479a-b51d-543792d35842" />
    <UnitTestResult executionId="5a0e3cc1-a744-4498-bed4-7e7b3fd0b903" testId="cfaef9df-b21a-814a-00b9-7cdf13d5efeb" testName="Validate_ShouldReturnTokenUser_IfTokenExistsOnTheCache" computerName="DKSR-EFI-04" duration="00:00:00.0061658" startTime="2023-12-22T09:32:31.5215842+01:00" endTime="2023-12-22T09:32:31.5215842+01:00" testType="13cdc9d9-ddb5-4fa4-a97d-d965ccfc6d4b" outcome="Passed" testListId="8c84fa94-04c1-424b-9868-57a2d4851a1d" relativeResultsDirectory="5a0e3cc1-a744-4498-bed4-7e7b3fd0b903" />
    <UnitTestResult executionId="37520a3d-cb1f-4020-9815-21fa733d3b04" testId="88a3bb4f-8ae9-be94-4ee6-952d3131556d" testName="Get_ShouldUpdateCredentialsResultToDenied_IfReAuthenticationFails" computerName="DKSR-EFI-04" duration="00:00:00.0346980" startTime="2023-12-22T09:32:30.7403316+01:00" endTime="2023-12-22T09:32:30.7715811+01:00" testType="13cdc9d9-ddb5-4fa4-a97d-d965ccfc6d4b" outcome="Passed" testListId="8c84fa94-04c1-424b-9868-57a2d4851a1d" relativeResultsDirectory="37520a3d-cb1f-4020-9815-21fa733d3b04" />
    <UnitTestResult executionId="6a3e83e1-3383-4ffe-b1dd-c3752b1af2b0" testId="4bb83b4a-20a6-84e7-fc90-44e538804eaf" testName="Set_ShouldThrowArgumentException_IfIdIsNull" computerName="DKSR-EFI-04" duration="00:00:00.0013607" startTime="2023-12-22T09:32:31.0997075+01:00" endTime="2023-12-22T09:32:31.0997075+01:00" testType="13cdc9d9-ddb5-4fa4-a97d-d965ccfc6d4b" outcome="Passed" testListId="8c84fa94-04c1-424b-9868-57a2d4851a1d" relativeResultsDirectory="6a3e83e1-3383-4ffe-b1dd-c3752b1af2b0" />
    <UnitTestResult executionId="9cc5b8aa-2ef4-4537-b465-a326f2d8d2c3" testId="55362ce8-e0ef-6d17-349c-ec66bcea75c0" testName="AllSids_ShouldContain_SecurityIdOfTheUser" computerName="DKSR-EFI-04" duration="00:00:00.0111494" startTime="2023-12-22T09:32:31.3031782+01:00" endTime="2023-12-22T09:32:31.3031782+01:00" testType="13cdc9d9-ddb5-4fa4-a97d-d965ccfc6d4b" outcome="Passed" testListId="8c84fa94-04c1-424b-9868-57a2d4851a1d" relativeResultsDirectory="9cc5b8aa-2ef4-4537-b465-a326f2d8d2c3" />
    <UnitTestResult executionId="ff71019d-68d7-40c0-bea8-4f41666d8ef0" testId="3041136a-8850-cbbc-610a-9acc3b7721d7" testName="Get_ShouldReturnNull_IfItemHasExpired" computerName="DKSR-EFI-04" duration="00:00:00.0245739" startTime="2023-12-22T09:32:31.0684575+01:00" endTime="2023-12-22T09:32:31.0840822+01:00" testType="13cdc9d9-ddb5-4fa4-a97d-d965ccfc6d4b" outcome="Passed" testListId="8c84fa94-04c1-424b-9868-57a2d4851a1d" relativeResultsDirectory="ff71019d-68d7-40c0-bea8-4f41666d8ef0" />
    <UnitTestResult executionId="e3c90c87-0bb0-4bdd-89be-7320f8504135" testId="ef104436-1094-99bd-19ef-0ba4423dc7d4" testName="Validate_ShouldReturnNull_IfUserIsNotInTheCacheButValidationFails" computerName="DKSR-EFI-04" duration="00:00:00.0764872" startTime="2023-12-22T09:32:34.2872221+01:00" endTime="2023-12-22T09:32:34.3653472+01:00" testType="13cdc9d9-ddb5-4fa4-a97d-d965ccfc6d4b" outcome="Passed" testListId="8c84fa94-04c1-424b-9868-57a2d4851a1d" relativeResultsDirectory="e3c90c87-0bb0-4bdd-89be-7320f8504135" />
    <UnitTestResult executionId="62eb814b-c1d5-401e-98d5-67b445ab2033" testId="94fe9b89-a5a8-f9fb-b6fe-8acd463b7fe2" testName="Validate_ShouldAddUserToCache_IfNotInCacheButExists" computerName="DKSR-EFI-04" duration="00:00:00.0097628" startTime="2023-12-22T09:32:31.4590840+01:00" endTime="2023-12-22T09:32:31.4747095+01:00" testType="13cdc9d9-ddb5-4fa4-a97d-d965ccfc6d4b" outcome="Passed" testListId="8c84fa94-04c1-424b-9868-57a2d4851a1d" relativeResultsDirectory="62eb814b-c1d5-401e-98d5-67b445ab2033" />
    <UnitTestResult executionId="2d9f8a1e-a5cd-46d7-a1a3-3581a102fc95" testId="6c091f0b-7e95-d83c-9e40-453d4b1dc1a2" testName="ExpirationTime_Set_ShouldThrowArgumentOutOfRangeException_IfZeroIsProvided" computerName="DKSR-EFI-04" duration="00:00:00.0023530" startTime="2023-12-22T09:32:31.0059566+01:00" endTime="2023-12-22T09:32:31.0059566+01:00" testType="13cdc9d9-ddb5-4fa4-a97d-d965ccfc6d4b" outcome="Passed" testListId="8c84fa94-04c1-424b-9868-57a2d4851a1d" relativeResultsDirectory="2d9f8a1e-a5cd-46d7-a1a3-3581a102fc95" />
  </Results>
  <TestDefinitions>
    <UnitTest name="Validate_ShouldReturnUser_IfInCache" storage="d:\actions-runner\_work\xpco\xpco\common\userauthenticationcache\videoos.common.userauthentication.tests\bin\debug\net472\userauthentication.tests.dll" id="9515414d-23ea-9ad2-0b44-5c6aa177163f">
      <Execution id="5660e6e2-0192-4524-abf5-dd0f83f20434" />
      <TestMethod codeBase="D:\actions-runner\_work\XPCO\XPCO\Common\UserAuthenticationCache\VideoOS.Common.UserAuthentication.Tests\bin\Debug\net472\UserAuthentication.Tests.dll" adapterTypeName="executor://mstestadapter/v2" className="VideoOS.Common.UserAuthentication.Tests.SidValidationTests" name="Validate_ShouldReturnUser_IfInCache" />
    </UnitTest>
    <UnitTest name="ExpirationTime_Set_ShouldThrowArgumentOutOfRangeException_IfNegativeIsProvided" storage="d:\actions-runner\_work\xpco\xpco\common\userauthenticationcache\videoos.common.userauthentication.tests\bin\debug\net472\userauthentication.tests.dll" id="5485cb8c-008b-79d6-4081-d9c4ca8547a9">
      <Execution id="24f9f451-dd49-4549-a549-268e1177d674" />
      <TestMethod codeBase="D:\actions-runner\_work\XPCO\XPCO\Common\UserAuthenticationCache\VideoOS.Common.UserAuthentication.Tests\bin\Debug\net472\UserAuthentication.Tests.dll" adapterTypeName="executor://mstestadapter/v2" className="VideoOS.Common.UserAuthentication.Tests.MemoryCacheWrapperTests" name="ExpirationTime_Set_ShouldThrowArgumentOutOfRangeException_IfNegativeIsProvided" />
    </UnitTest>
    <UnitTest name="Validate_ShouldReturnUser_IfNotInCacheButExists" storage="d:\actions-runner\_work\xpco\xpco\common\userauthenticationcache\videoos.common.userauthentication.tests\bin\debug\net472\userauthentication.tests.dll" id="0fc36183-233a-6a20-b52e-bd75db29b340">
      <Execution id="251500fb-1b42-40d2-a2fa-724142b5a45d" />
      <TestMethod codeBase="D:\actions-runner\_work\XPCO\XPCO\Common\UserAuthenticationCache\VideoOS.Common.UserAuthentication.Tests\bin\Debug\net472\UserAuthentication.Tests.dll" adapterTypeName="executor://mstestadapter/v2" className="VideoOS.Common.UserAuthentication.Tests.SidValidationTests" name="Validate_ShouldReturnUser_IfNotInCacheButExists" />
    </UnitTest>
    <UnitTest name="AllSids_ShouldContain_SecurityIdsOfTheMembershipGroups" storage="d:\actions-runner\_work\xpco\xpco\common\userauthenticationcache\videoos.common.userauthentication.tests\bin\debug\net472\userauthentication.tests.dll" id="0c521cba-7b53-508e-7d9b-61615a63f8ef">
      <Execution id="2c1c55b3-4bf0-4e4d-8347-97d35fa927fc" />
      <TestMethod codeBase="D:\actions-runner\_work\XPCO\XPCO\Common\UserAuthenticationCache\VideoOS.Common.UserAuthentication.Tests\bin\Debug\net472\UserAuthentication.Tests.dll" adapterTypeName="executor://mstestadapter/v2" className="VideoOS.Common.UserAuthentication.Tests.UserTests" name="AllSids_ShouldContain_SecurityIdsOfTheMembershipGroups" />
    </UnitTest>
    <UnitTest name="Validate_ShouldCacheInProgressValidation_IfUserIsNotInTheCacheAndFirstOneToCall" storage="d:\actions-runner\_work\xpco\xpco\common\userauthenticationcache\videoos.common.userauthentication.tests\bin\debug\net472\userauthentication.tests.dll" id="a7050fdc-c12d-9c46-8908-88c3de06a4a6">
      <Execution id="aa9c37a3-8651-4587-bf80-e38903357609" />
      <TestMethod codeBase="D:\actions-runner\_work\XPCO\XPCO\Common\UserAuthenticationCache\VideoOS.Common.UserAuthentication.Tests\bin\Debug\net472\UserAuthentication.Tests.dll" adapterTypeName="executor://mstestadapter/v2" className="VideoOS.Common.UserAuthentication.Tests.VmoCredentialValidationTests" name="Validate_ShouldCacheInProgressValidation_IfUserIsNotInTheCacheAndFirstOneToCall" />
    </UnitTest>
    <UnitTest name="Get_ShouldUpdateCredentialsResultToAuthenticated_IfReAuthenticationSucceeds" storage="d:\actions-runner\_work\xpco\xpco\common\userauthenticationcache\videoos.common.userauthentication.tests\bin\debug\net472\userauthentication.tests.dll" id="489c510c-2012-dadd-1da4-9324f1519c3c">
      <Execution id="31480c4a-4902-4162-8cde-6183210c24be" />
      <TestMethod codeBase="D:\actions-runner\_work\XPCO\XPCO\Common\UserAuthenticationCache\VideoOS.Common.UserAuthentication.Tests\bin\Debug\net472\UserAuthentication.Tests.dll" adapterTypeName="executor://mstestadapter/v2" className="VideoOS.Common.UserAuthentication.Tests.CredentialsCacheTests" name="Get_ShouldUpdateCredentialsResultToAuthenticated_IfReAuthenticationSucceeds" />
    </UnitTest>
    <UnitTest name="ExpirationTime_Set_ShouldThrowArgumentOutOfRangeException_IfZeroIsProvided" storage="d:\actions-runner\_work\xpco\xpco\common\userauthenticationcache\videoos.common.userauthentication.tests\bin\debug\net472\userauthentication.tests.dll" id="6c091f0b-7e95-d83c-9e40-453d4b1dc1a2">
      <Execution id="2d9f8a1e-a5cd-46d7-a1a3-3581a102fc95" />
      <TestMethod codeBase="D:\actions-runner\_work\XPCO\XPCO\Common\UserAuthenticationCache\VideoOS.Common.UserAuthentication.Tests\bin\Debug\net472\UserAuthentication.Tests.dll" adapterTypeName="executor://mstestadapter/v2" className="VideoOS.Common.UserAuthentication.Tests.MemoryCacheWrapperTests" name="ExpirationTime_Set_ShouldThrowArgumentOutOfRangeException_IfZeroIsProvided" />
    </UnitTest>
    <UnitTest name="Get_ShouldUpdateCredentialsResultToDenied_IfReAuthenticationFails" storage="d:\actions-runner\_work\xpco\xpco\common\userauthenticationcache\videoos.common.userauthentication.tests\bin\debug\net472\userauthentication.tests.dll" id="88a3bb4f-8ae9-be94-4ee6-952d3131556d">
      <Execution id="37520a3d-cb1f-4020-9815-21fa733d3b04" />
      <TestMethod codeBase="D:\actions-runner\_work\XPCO\XPCO\Common\UserAuthenticationCache\VideoOS.Common.UserAuthentication.Tests\bin\Debug\net472\UserAuthentication.Tests.dll" adapterTypeName="executor://mstestadapter/v2" className="VideoOS.Common.UserAuthentication.Tests.CredentialsCacheTests" name="Get_ShouldUpdateCredentialsResultToDenied_IfReAuthenticationFails" />
    </UnitTest>
    <UnitTest name="Validate_ShouldReturnSameResult_ForMultipleValidationCallsOfTheSameUser" storage="d:\actions-runner\_work\xpco\xpco\common\userauthenticationcache\videoos.common.userauthentication.tests\bin\debug\net472\userauthentication.tests.dll" id="9cb32065-664b-c58c-3e49-26236b7adc7b">
      <Execution id="b1b8c1e2-465e-46c9-8d92-f3a5ad5edcc4" />
      <TestMethod codeBase="D:\actions-runner\_work\XPCO\XPCO\Common\UserAuthenticationCache\VideoOS.Common.UserAuthentication.Tests\bin\Debug\net472\UserAuthentication.Tests.dll" adapterTypeName="executor://mstestadapter/v2" className="VideoOS.Common.UserAuthentication.Tests.VmoCredentialValidationTests" name="Validate_ShouldReturnSameResult_ForMultipleValidationCallsOfTheSameUser" />
    </UnitTest>
    <UnitTest name="Validate_ShouldReturnValidatedUser_IfUserIsNotInTheCacheAndValidationSucceeds" storage="d:\actions-runner\_work\xpco\xpco\common\userauthenticationcache\videoos.common.userauthentication.tests\bin\debug\net472\userauthentication.tests.dll" id="b35ee89c-0162-5b40-6e0f-b3a480eb5a6d">
      <Execution id="32bd8ef4-f4fa-4d4f-8e55-186c2a72f268" />
      <TestMethod codeBase="D:\actions-runner\_work\XPCO\XPCO\Common\UserAuthenticationCache\VideoOS.Common.UserAuthentication.Tests\bin\Debug\net472\UserAuthentication.Tests.dll" adapterTypeName="executor://mstestadapter/v2" className="VideoOS.Common.UserAuthentication.Tests.VmoCredentialValidationTests" name="Validate_ShouldReturnValidatedUser_IfUserIsNotInTheCacheAndValidationSucceeds" />
    </UnitTest>
    <UnitTest name="Validate_ShouldReturnNull_IfFoundInTheCacheAndDenied" storage="d:\actions-runner\_work\xpco\xpco\common\userauthenticationcache\videoos.common.userauthentication.tests\bin\debug\net472\userauthentication.tests.dll" id="20515f01-4fe2-951b-0fb3-4a57a3131388">
      <Execution id="7223acc6-c37b-4205-ae37-fcf42fee354c" />
      <TestMethod codeBase="D:\actions-runner\_work\XPCO\XPCO\Common\UserAuthenticationCache\VideoOS.Common.UserAuthentication.Tests\bin\Debug\net472\UserAuthentication.Tests.dll" adapterTypeName="executor://mstestadapter/v2" className="VideoOS.Common.UserAuthentication.Tests.VmoCredentialValidationTests" name="Validate_ShouldReturnNull_IfFoundInTheCacheAndDenied" />
    </UnitTest>
    <UnitTest name="Constructors_ShouldNotAllowInjectionOfNulls" storage="d:\actions-runner\_work\xpco\xpco\common\userauthenticationcache\videoos.common.userauthentication.tests\bin\debug\net472\userauthentication.tests.dll" id="20907b0a-4f7a-5b7b-02b9-83289ecbdb9c">
      <Execution id="f0c3a2bb-a633-4da2-9a89-2279acc9837c" />
      <TestMethod codeBase="D:\actions-runner\_work\XPCO\XPCO\Common\UserAuthenticationCache\VideoOS.Common.UserAuthentication.Tests\bin\Debug\net472\UserAuthentication.Tests.dll" adapterTypeName="executor://mstestadapter/v2" className="VideoOS.Common.UserAuthentication.Tests.UserAuthenticationCacheTests" name="Constructors_ShouldNotAllowInjectionOfNulls" />
    </UnitTest>
    <UnitTest name="Get_ShouldReturnNull_IfCredentialIsNotInTheCache" storage="d:\actions-runner\_work\xpco\xpco\common\userauthenticationcache\videoos.common.userauthentication.tests\bin\debug\net472\userauthentication.tests.dll" id="0ee7fc3b-655e-2332-4fe9-9862816d6c7b">
      <Execution id="930127ba-adce-479a-b51d-543792d35842" />
      <TestMethod codeBase="D:\actions-runner\_work\XPCO\XPCO\Common\UserAuthenticationCache\VideoOS.Common.UserAuthentication.Tests\bin\Debug\net472\UserAuthentication.Tests.dll" adapterTypeName="executor://mstestadapter/v2" className="VideoOS.Common.UserAuthentication.Tests.CredentialsCacheTests" name="Get_ShouldReturnNull_IfCredentialIsNotInTheCache" />
    </UnitTest>
    <UnitTest name="AllSids_ShouldContain_SecurityIdOfTheUser" storage="d:\actions-runner\_work\xpco\xpco\common\userauthenticationcache\videoos.common.userauthentication.tests\bin\debug\net472\userauthentication.tests.dll" id="55362ce8-e0ef-6d17-349c-ec66bcea75c0">
      <Execution id="9cc5b8aa-2ef4-4537-b465-a326f2d8d2c3" />
      <TestMethod codeBase="D:\actions-runner\_work\XPCO\XPCO\Common\UserAuthenticationCache\VideoOS.Common.UserAuthentication.Tests\bin\Debug\net472\UserAuthentication.Tests.dll" adapterTypeName="executor://mstestadapter/v2" className="VideoOS.Common.UserAuthentication.Tests.UserTests" name="AllSids_ShouldContain_SecurityIdOfTheUser" />
    </UnitTest>
    <UnitTest name="Validate_ShouldDoValidationOnlyOnce_IfMultipleCallsArrive" storage="d:\actions-runner\_work\xpco\xpco\common\userauthenticationcache\videoos.common.userauthentication.tests\bin\debug\net472\userauthentication.tests.dll" id="7333f3e9-01a7-bc5e-31a6-c42680f99fb6">
      <Execution id="fe06bc7c-67c3-4b73-b005-fb881f3e472d" />
      <TestMethod codeBase="D:\actions-runner\_work\XPCO\XPCO\Common\UserAuthenticationCache\VideoOS.Common.UserAuthentication.Tests\bin\Debug\net472\UserAuthentication.Tests.dll" adapterTypeName="executor://mstestadapter/v2" className="VideoOS.Common.UserAuthentication.Tests.VmoCredentialValidationTests" name="Validate_ShouldDoValidationOnlyOnce_IfMultipleCallsArrive" />
    </UnitTest>
    <UnitTest name="ValidateWithSid_ShouldCallValidateSid" storage="d:\actions-runner\_work\xpco\xpco\common\userauthenticationcache\videoos.common.userauthentication.tests\bin\debug\net472\userauthentication.tests.dll" id="35499b0a-56fa-1b02-9716-4c22fc692354">
      <Execution id="308d416d-4119-463f-8f6c-19364ab61646" />
      <TestMethod codeBase="D:\actions-runner\_work\XPCO\XPCO\Common\UserAuthenticationCache\VideoOS.Common.UserAuthentication.Tests\bin\Debug\net472\UserAuthentication.Tests.dll" adapterTypeName="executor://mstestadapter/v2" className="VideoOS.Common.UserAuthentication.Tests.UserAuthenticationTests" name="ValidateWithSid_ShouldCallValidateSid" />
    </UnitTest>
    <UnitTest name="Constructors_ShouldNotAllowInjectionOfNulls" storage="d:\actions-runner\_work\xpco\xpco\common\userauthenticationcache\videoos.common.userauthentication.tests\bin\debug\net472\userauthentication.tests.dll" id="d9deae24-7fd1-5344-fc16-501a9af6bea0">
      <Execution id="fdb93641-5d94-4ba9-b73d-d5ef1c36da2d" />
      <TestMethod codeBase="D:\actions-runner\_work\XPCO\XPCO\Common\UserAuthenticationCache\VideoOS.Common.UserAuthentication.Tests\bin\Debug\net472\UserAuthentication.Tests.dll" adapterTypeName="executor://mstestadapter/v2" className="VideoOS.Common.UserAuthentication.Tests.PermissionLookupTests" name="Constructors_ShouldNotAllowInjectionOfNulls" />
    </UnitTest>
    <UnitTest name="Constructors_ShouldNotAllowInjectionOfNulls" storage="d:\actions-runner\_work\xpco\xpco\common\userauthenticationcache\videoos.common.userauthentication.tests\bin\debug\net472\userauthentication.tests.dll" id="2beb5b32-acc0-2810-df0b-119d55e47935">
      <Execution id="7f6a58c1-aebc-41a4-9a0c-5dba4f3ac5fb" />
      <TestMethod codeBase="D:\actions-runner\_work\XPCO\XPCO\Common\UserAuthenticationCache\VideoOS.Common.UserAuthentication.Tests\bin\Debug\net472\UserAuthentication.Tests.dll" adapterTypeName="executor://mstestadapter/v2" className="VideoOS.Common.UserAuthentication.Tests.TokenValidationTests" name="Constructors_ShouldNotAllowInjectionOfNulls" />
    </UnitTest>
    <UnitTest name="Constructors_ShouldNotAllowInjectionOfNulls" storage="d:\actions-runner\_work\xpco\xpco\common\userauthenticationcache\videoos.common.userauthentication.tests\bin\debug\net472\userauthentication.tests.dll" id="47c6dd4d-d8d9-c0c0-e5f5-6858fc1eeb43">
      <Execution id="88364e6b-c010-4adf-9986-05fc62662204" />
      <TestMethod codeBase="D:\actions-runner\_work\XPCO\XPCO\Common\UserAuthenticationCache\VideoOS.Common.UserAuthentication.Tests\bin\Debug\net472\UserAuthentication.Tests.dll" adapterTypeName="executor://mstestadapter/v2" className="VideoOS.Common.UserAuthentication.Tests.VmoCredentialValidationTests" name="Constructors_ShouldNotAllowInjectionOfNulls" />
    </UnitTest>
    <UnitTest name="HasPermission_ShouldAddValueToCache" storage="d:\actions-runner\_work\xpco\xpco\common\userauthenticationcache\videoos.common.userauthentication.tests\bin\debug\net472\userauthentication.tests.dll" id="e71cafef-8f62-32d2-91c8-b19f6ab98d06">
      <Execution id="3fbc375c-91a0-4e71-8509-e4a4eea4e201" />
      <TestMethod codeBase="D:\actions-runner\_work\XPCO\XPCO\Common\UserAuthenticationCache\VideoOS.Common.UserAuthentication.Tests\bin\Debug\net472\UserAuthentication.Tests.dll" adapterTypeName="executor://mstestadapter/v2" className="VideoOS.Common.UserAuthentication.Tests.PermissionLookupTests" name="HasPermission_ShouldAddValueToCache" />
    </UnitTest>
    <UnitTest name="HasPermission_ShouldNotCallCacheForAdmins" storage="d:\actions-runner\_work\xpco\xpco\common\userauthenticationcache\videoos.common.userauthentication.tests\bin\debug\net472\userauthentication.tests.dll" id="84b268aa-a597-d516-e8be-95822a02f8e9">
      <Execution id="38275796-c9d9-4061-850a-bf9450f511b1" />
      <TestMethod codeBase="D:\actions-runner\_work\XPCO\XPCO\Common\UserAuthenticationCache\VideoOS.Common.UserAuthentication.Tests\bin\Debug\net472\UserAuthentication.Tests.dll" adapterTypeName="executor://mstestadapter/v2" className="VideoOS.Common.UserAuthentication.Tests.PermissionLookupTests" name="HasPermission_ShouldNotCallCacheForAdmins" />
    </UnitTest>
    <UnitTest name="Validate_ShouldReturnNull_IfTokenStringIsEmpty" storage="d:\actions-runner\_work\xpco\xpco\common\userauthenticationcache\videoos.common.userauthentication.tests\bin\debug\net472\userauthentication.tests.dll" id="d4b666e7-0719-beb7-4a76-1ac4a6f29682">
      <Execution id="565d4694-dd62-48a2-972b-3eb934db9404" />
      <TestMethod codeBase="D:\actions-runner\_work\XPCO\XPCO\Common\UserAuthenticationCache\VideoOS.Common.UserAuthentication.Tests\bin\Debug\net472\UserAuthentication.Tests.dll" adapterTypeName="executor://mstestadapter/v2" className="VideoOS.Common.UserAuthentication.Tests.TokenValidationTests" name="Validate_ShouldReturnNull_IfTokenStringIsEmpty" />
    </UnitTest>
    <UnitTest name="HasPermission_ShouldReturnCachedValue" storage="d:\actions-runner\_work\xpco\xpco\common\userauthenticationcache\videoos.common.userauthentication.tests\bin\debug\net472\userauthentication.tests.dll" id="bcf4b34e-cecf-1e8b-c33d-944707f50108">
      <Execution id="6d7c7234-ebbf-4563-9dcb-c3c171d2b6b2" />
      <TestMethod codeBase="D:\actions-runner\_work\XPCO\XPCO\Common\UserAuthenticationCache\VideoOS.Common.UserAuthentication.Tests\bin\Debug\net472\UserAuthentication.Tests.dll" adapterTypeName="executor://mstestadapter/v2" className="VideoOS.Common.UserAuthentication.Tests.PermissionLookupTests" name="HasPermission_ShouldReturnCachedValue" />
    </UnitTest>
    <UnitTest name="Validate_ShouldAddUserToCache_IfNotInCacheButExists" storage="d:\actions-runner\_work\xpco\xpco\common\userauthenticationcache\videoos.common.userauthentication.tests\bin\debug\net472\userauthentication.tests.dll" id="94fe9b89-a5a8-f9fb-b6fe-8acd463b7fe2">
      <Execution id="62eb814b-c1d5-401e-98d5-67b445ab2033" />
      <TestMethod codeBase="D:\actions-runner\_work\XPCO\XPCO\Common\UserAuthenticationCache\VideoOS.Common.UserAuthentication.Tests\bin\Debug\net472\UserAuthentication.Tests.dll" adapterTypeName="executor://mstestadapter/v2" className="VideoOS.Common.UserAuthentication.Tests.SidValidationTests" name="Validate_ShouldAddUserToCache_IfNotInCacheButExists" />
    </UnitTest>
    <UnitTest name="Create_ShouldCreateUserAuthenticationCache" storage="d:\actions-runner\_work\xpco\xpco\common\userauthenticationcache\videoos.common.userauthentication.tests\bin\debug\net472\userauthentication.tests.dll" id="31eb677b-88bd-5c26-4592-8630a72a3001">
      <Execution id="636e852f-f3a8-4d2c-9137-84c51a84a62d" />
      <TestMethod codeBase="D:\actions-runner\_work\XPCO\XPCO\Common\UserAuthenticationCache\VideoOS.Common.UserAuthentication.Tests\bin\Debug\net472\UserAuthentication.Tests.dll" adapterTypeName="executor://mstestadapter/v2" className="VideoOS.Common.UserAuthentication.Tests.UserAuthenticationCacheFactoryTests" name="Create_ShouldCreateUserAuthenticationCache" />
    </UnitTest>
    <UnitTest name="Validate_ShouldReturnNull_IfUserIsNotInTheCacheButValidationFails" storage="d:\actions-runner\_work\xpco\xpco\common\userauthenticationcache\videoos.common.userauthentication.tests\bin\debug\net472\userauthentication.tests.dll" id="ef104436-1094-99bd-19ef-0ba4423dc7d4">
      <Execution id="e3c90c87-0bb0-4bdd-89be-7320f8504135" />
      <TestMethod codeBase="D:\actions-runner\_work\XPCO\XPCO\Common\UserAuthenticationCache\VideoOS.Common.UserAuthentication.Tests\bin\Debug\net472\UserAuthentication.Tests.dll" adapterTypeName="executor://mstestadapter/v2" className="VideoOS.Common.UserAuthentication.Tests.VmoCredentialValidationTests" name="Validate_ShouldReturnNull_IfUserIsNotInTheCacheButValidationFails" />
    </UnitTest>
    <UnitTest name="Dispose_ShouldDisposeUserCache" storage="d:\actions-runner\_work\xpco\xpco\common\userauthenticationcache\videoos.common.userauthentication.tests\bin\debug\net472\userauthentication.tests.dll" id="9d09971d-60a5-f732-9b99-180470cffa91">
      <Execution id="647bf714-0e9b-4866-80a4-bcc9266a57f7" />
      <TestMethod codeBase="D:\actions-runner\_work\XPCO\XPCO\Common\UserAuthenticationCache\VideoOS.Common.UserAuthentication.Tests\bin\Debug\net472\UserAuthentication.Tests.dll" adapterTypeName="executor://mstestadapter/v2" className="VideoOS.Common.UserAuthentication.Tests.UserAuthenticationCacheTests" name="Dispose_ShouldDisposeUserCache" />
    </UnitTest>
    <UnitTest name="Validate_ShouldReturnNull_IfSidIsNull" storage="d:\actions-runner\_work\xpco\xpco\common\userauthenticationcache\videoos.common.userauthentication.tests\bin\debug\net472\userauthentication.tests.dll" id="172e0e14-3b60-7ada-ae7b-2152beade102">
      <Execution id="30bc9e14-66ce-4154-8742-888235d7007c" />
      <TestMethod codeBase="D:\actions-runner\_work\XPCO\XPCO\Common\UserAuthenticationCache\VideoOS.Common.UserAuthentication.Tests\bin\Debug\net472\UserAuthentication.Tests.dll" adapterTypeName="executor://mstestadapter/v2" className="VideoOS.Common.UserAuthentication.Tests.SidValidationTests" name="Validate_ShouldReturnNull_IfSidIsNull" />
    </UnitTest>
    <UnitTest name="Validate_ShouldReturnTokenUser_IfTokenExistsOnTheCache" storage="d:\actions-runner\_work\xpco\xpco\common\userauthenticationcache\videoos.common.userauthentication.tests\bin\debug\net472\userauthentication.tests.dll" id="cfaef9df-b21a-814a-00b9-7cdf13d5efeb">
      <Execution id="5a0e3cc1-a744-4498-bed4-7e7b3fd0b903" />
      <TestMethod codeBase="D:\actions-runner\_work\XPCO\XPCO\Common\UserAuthenticationCache\VideoOS.Common.UserAuthentication.Tests\bin\Debug\net472\UserAuthentication.Tests.dll" adapterTypeName="executor://mstestadapter/v2" className="VideoOS.Common.UserAuthentication.Tests.TokenValidationTests" name="Validate_ShouldReturnTokenUser_IfTokenExistsOnTheCache" />
    </UnitTest>
    <UnitTest name="Set_ShouldThrowArgumentException_IfIdIsEmptyString" storage="d:\actions-runner\_work\xpco\xpco\common\userauthenticationcache\videoos.common.userauthentication.tests\bin\debug\net472\userauthentication.tests.dll" id="655ca919-f00f-0f85-3d41-ffba2bbb706e">
      <Execution id="0ef96ed3-490f-44c4-b9ba-b3e66317af15" />
      <TestMethod codeBase="D:\actions-runner\_work\XPCO\XPCO\Common\UserAuthenticationCache\VideoOS.Common.UserAuthentication.Tests\bin\Debug\net472\UserAuthentication.Tests.dll" adapterTypeName="executor://mstestadapter/v2" className="VideoOS.Common.UserAuthentication.Tests.MemoryCacheWrapperTests" name="Set_ShouldThrowArgumentException_IfIdIsEmptyString" />
    </UnitTest>
    <UnitTest name="Constructors_ShouldNotAllowInjectionOfNulls" storage="d:\actions-runner\_work\xpco\xpco\common\userauthenticationcache\videoos.common.userauthentication.tests\bin\debug\net472\userauthentication.tests.dll" id="2b0ffd07-9adb-988b-4a7d-4dac04a828e1">
      <Execution id="67f9fa57-7eb4-409f-b8f8-60243898c5fe" />
      <TestMethod codeBase="D:\actions-runner\_work\XPCO\XPCO\Common\UserAuthenticationCache\VideoOS.Common.UserAuthentication.Tests\bin\Debug\net472\UserAuthentication.Tests.dll" adapterTypeName="executor://mstestadapter/v2" className="VideoOS.Common.UserAuthentication.Tests.CredentialsCacheTests" name="Constructors_ShouldNotAllowInjectionOfNulls" />
    </UnitTest>
    <UnitTest name="Get_ShouldReturnItem_IfItHasNotExpired" storage="d:\actions-runner\_work\xpco\xpco\common\userauthenticationcache\videoos.common.userauthentication.tests\bin\debug\net472\userauthentication.tests.dll" id="8f3bbfdb-c556-9e11-2472-14154a93328d">
      <Execution id="3365696a-15c9-493e-9688-621bc5f6b960" />
      <TestMethod codeBase="D:\actions-runner\_work\XPCO\XPCO\Common\UserAuthenticationCache\VideoOS.Common.UserAuthentication.Tests\bin\Debug\net472\UserAuthentication.Tests.dll" adapterTypeName="executor://mstestadapter/v2" className="VideoOS.Common.UserAuthentication.Tests.MemoryCacheWrapperTests" name="Get_ShouldReturnItem_IfItHasNotExpired" />
    </UnitTest>
    <UnitTest name="ValidateCredentials_ShouldThrowException_IfUserIdIsNull" storage="d:\actions-runner\_work\xpco\xpco\common\userauthenticationcache\videoos.common.userauthentication.tests\bin\debug\net472\userauthentication.tests.dll" id="d9fc5ab1-2e77-929c-a4b6-2008a16e7b0f">
      <Execution id="9baae9ad-ed33-488d-a32a-6ee17dd2435c" />
      <TestMethod codeBase="D:\actions-runner\_work\XPCO\XPCO\Common\UserAuthenticationCache\VideoOS.Common.UserAuthentication.Tests\bin\Debug\net472\UserAuthentication.Tests.dll" adapterTypeName="executor://mstestadapter/v2" className="VideoOS.Common.UserAuthentication.Tests.UserAuthenticationTests" name="ValidateCredentials_ShouldThrowException_IfUserIdIsNull" />
    </UnitTest>
    <UnitTest name="Validate_ShouldReturnNull_IfInvalidTokenIsProvided" storage="d:\actions-runner\_work\xpco\xpco\common\userauthenticationcache\videoos.common.userauthentication.tests\bin\debug\net472\userauthentication.tests.dll" id="d40d9eb9-686c-1e82-72ef-6b9f00889faf">
      <Execution id="3190049f-ef10-480b-9319-42f6e2d76000" />
      <TestMethod codeBase="D:\actions-runner\_work\XPCO\XPCO\Common\UserAuthenticationCache\VideoOS.Common.UserAuthentication.Tests\bin\Debug\net472\UserAuthentication.Tests.dll" adapterTypeName="executor://mstestadapter/v2" className="VideoOS.Common.UserAuthentication.Tests.TokenValidationTests" name="Validate_ShouldReturnNull_IfInvalidTokenIsProvided" />
    </UnitTest>
    <UnitTest name="Validate_ShouldAddTokenToTheCache_IfItDoesNotExist" storage="d:\actions-runner\_work\xpco\xpco\common\userauthenticationcache\videoos.common.userauthentication.tests\bin\debug\net472\userauthentication.tests.dll" id="16398b66-a941-88e1-d4f7-3973f69063f6">
      <Execution id="55e52ba6-cfb4-4246-a665-4301f4b94e09" />
      <TestMethod codeBase="D:\actions-runner\_work\XPCO\XPCO\Common\UserAuthenticationCache\VideoOS.Common.UserAuthentication.Tests\bin\Debug\net472\UserAuthentication.Tests.dll" adapterTypeName="executor://mstestadapter/v2" className="VideoOS.Common.UserAuthentication.Tests.TokenValidationTests" name="Validate_ShouldAddTokenToTheCache_IfItDoesNotExist" />
    </UnitTest>
    <UnitTest name="IsActiveDirectoryUser_UserIsRole_ThrowsException" storage="d:\actions-runner\_work\xpco\xpco\common\userauthenticationcache\videoos.common.userauthentication.tests\bin\debug\net472\userauthentication.tests.dll" id="c5b2cc2f-bc48-fa1a-d042-4d43af0aed7f">
      <Execution id="69b52275-7e37-46db-8c1c-6d425aa2f82f" />
      <TestMethod codeBase="D:\actions-runner\_work\XPCO\XPCO\Common\UserAuthenticationCache\VideoOS.Common.UserAuthentication.Tests\bin\Debug\net472\UserAuthentication.Tests.dll" adapterTypeName="executor://mstestadapter/v2" className="VideoOS.Common.UserAuthentication.Tests.Cache.ActiveDirectory.IdentityAccessorTests" name="IsActiveDirectoryUser_UserIsRole_ThrowsException" />
    </UnitTest>
    <UnitTest name="ValidateWithToken_ShouldCallValidateToken" storage="d:\actions-runner\_work\xpco\xpco\common\userauthenticationcache\videoos.common.userauthentication.tests\bin\debug\net472\userauthentication.tests.dll" id="44cdd916-b515-00dc-3551-ce87c61d4f5e">
      <Execution id="1aaeddc6-7a12-4285-93a6-f4a6d71666da" />
      <TestMethod codeBase="D:\actions-runner\_work\XPCO\XPCO\Common\UserAuthenticationCache\VideoOS.Common.UserAuthentication.Tests\bin\Debug\net472\UserAuthentication.Tests.dll" adapterTypeName="executor://mstestadapter/v2" className="VideoOS.Common.UserAuthentication.Tests.UserAuthenticationTests" name="ValidateWithToken_ShouldCallValidateToken" />
    </UnitTest>
    <UnitTest name="AllSids_ShouldNotContain_SecurityIdsOfMembershipGroupsWhichAreGuids" storage="d:\actions-runner\_work\xpco\xpco\common\userauthenticationcache\videoos.common.userauthentication.tests\bin\debug\net472\userauthentication.tests.dll" id="81507db0-dc94-3380-e2f5-8c1b98cadef2">
      <Execution id="b113f7d0-c986-480d-aa61-312c59014cee" />
      <TestMethod codeBase="D:\actions-runner\_work\XPCO\XPCO\Common\UserAuthenticationCache\VideoOS.Common.UserAuthentication.Tests\bin\Debug\net472\UserAuthentication.Tests.dll" adapterTypeName="executor://mstestadapter/v2" className="VideoOS.Common.UserAuthentication.Tests.UserTests" name="AllSids_ShouldNotContain_SecurityIdsOfMembershipGroupsWhichAreGuids" />
    </UnitTest>
    <UnitTest name="Validate_ShouldReturnNull_IfSidNotExistsAndNotInCache" storage="d:\actions-runner\_work\xpco\xpco\common\userauthenticationcache\videoos.common.userauthentication.tests\bin\debug\net472\userauthentication.tests.dll" id="d8b66cf9-ed50-cbf6-0cb9-1e27bc37f7ff">
      <Execution id="8732e5e0-7bb3-4452-ba10-17a8b79e2014" />
      <TestMethod codeBase="D:\actions-runner\_work\XPCO\XPCO\Common\UserAuthenticationCache\VideoOS.Common.UserAuthentication.Tests\bin\Debug\net472\UserAuthentication.Tests.dll" adapterTypeName="executor://mstestadapter/v2" className="VideoOS.Common.UserAuthentication.Tests.SidValidationTests" name="Validate_ShouldReturnNull_IfSidNotExistsAndNotInCache" />
    </UnitTest>
    <UnitTest name="Constructors_ShouldNotAllowInjectionOfNulls" storage="d:\actions-runner\_work\xpco\xpco\common\userauthenticationcache\videoos.common.userauthentication.tests\bin\debug\net472\userauthentication.tests.dll" id="a89b844e-5090-7c96-37fb-e14dd243302a">
      <Execution id="2b69a5e4-70b0-41ea-934f-e4b32f476b83" />
      <TestMethod codeBase="D:\actions-runner\_work\XPCO\XPCO\Common\UserAuthenticationCache\VideoOS.Common.UserAuthentication.Tests\bin\Debug\net472\UserAuthentication.Tests.dll" adapterTypeName="executor://mstestadapter/v2" className="VideoOS.Common.UserAuthentication.Tests.TokenTests" name="Constructors_ShouldNotAllowInjectionOfNulls" />
    </UnitTest>
    <UnitTest name="Validate_ShouldThrowArgumentNullException_IfUserIsNull" storage="d:\actions-runner\_work\xpco\xpco\common\userauthenticationcache\videoos.common.userauthentication.tests\bin\debug\net472\userauthentication.tests.dll" id="55bdfb48-43ff-33a5-420e-010bdd98c80c">
      <Execution id="63b20bd6-2933-4eab-bf55-d21c75ffc2ca" />
      <TestMethod codeBase="D:\actions-runner\_work\XPCO\XPCO\Common\UserAuthenticationCache\VideoOS.Common.UserAuthentication.Tests\bin\Debug\net472\UserAuthentication.Tests.dll" adapterTypeName="executor://mstestadapter/v2" className="VideoOS.Common.UserAuthentication.Tests.VmoCredentialValidationTests" name="Validate_ShouldThrowArgumentNullException_IfUserIsNull" />
    </UnitTest>
    <UnitTest name="CacheEntryRemovedCallback_ShouldBeCalled_WhenItemExpires" storage="d:\actions-runner\_work\xpco\xpco\common\userauthenticationcache\videoos.common.userauthentication.tests\bin\debug\net472\userauthentication.tests.dll" id="d09148f6-ee54-36e0-1b55-82e9d1962fa9">
      <Execution id="c874be57-1ce0-4989-81ca-ffdac9a50087" />
      <TestMethod codeBase="D:\actions-runner\_work\XPCO\XPCO\Common\UserAuthenticationCache\VideoOS.Common.UserAuthentication.Tests\bin\Debug\net472\UserAuthentication.Tests.dll" adapterTypeName="executor://mstestadapter/v2" className="VideoOS.Common.UserAuthentication.Tests.MemoryCacheWrapperTests" name="CacheEntryRemovedCallback_ShouldBeCalled_WhenItemExpires" />
    </UnitTest>
    <UnitTest name="HasPermission_ShouldAlwaysReturnTrueForAdmins" storage="d:\actions-runner\_work\xpco\xpco\common\userauthenticationcache\videoos.common.userauthentication.tests\bin\debug\net472\userauthentication.tests.dll" id="bed734a5-a7d4-4c5f-3c33-72d0073d7b84">
      <Execution id="6b16a189-b47e-4970-b8d4-f78e7b4cba71" />
      <TestMethod codeBase="D:\actions-runner\_work\XPCO\XPCO\Common\UserAuthenticationCache\VideoOS.Common.UserAuthentication.Tests\bin\Debug\net472\UserAuthentication.Tests.dll" adapterTypeName="executor://mstestadapter/v2" className="VideoOS.Common.UserAuthentication.Tests.PermissionLookupTests" name="HasPermission_ShouldAlwaysReturnTrueForAdmins" />
    </UnitTest>
    <UnitTest name="Get_ShouldThrowArgumentException_IfNullIsProvided" storage="d:\actions-runner\_work\xpco\xpco\common\userauthenticationcache\videoos.common.userauthentication.tests\bin\debug\net472\userauthentication.tests.dll" id="597504d2-236d-8690-3190-798435539f89">
      <Execution id="2307aa1e-2938-4293-9013-b079b9cbf814" />
      <TestMethod codeBase="D:\actions-runner\_work\XPCO\XPCO\Common\UserAuthenticationCache\VideoOS.Common.UserAuthentication.Tests\bin\Debug\net472\UserAuthentication.Tests.dll" adapterTypeName="executor://mstestadapter/v2" className="VideoOS.Common.UserAuthentication.Tests.MemoryCacheWrapperTests" name="Get_ShouldThrowArgumentException_IfNullIsProvided" />
    </UnitTest>
    <UnitTest name="ValidateWithCredentials_ShouldCallValidateCredential" storage="d:\actions-runner\_work\xpco\xpco\common\userauthenticationcache\videoos.common.userauthentication.tests\bin\debug\net472\userauthentication.tests.dll" id="47fa9b2a-0a03-92bd-545e-06c049818200">
      <Execution id="20012f3f-6428-4aa2-a6a6-8be7bc584478" />
      <TestMethod codeBase="D:\actions-runner\_work\XPCO\XPCO\Common\UserAuthenticationCache\VideoOS.Common.UserAuthentication.Tests\bin\Debug\net472\UserAuthentication.Tests.dll" adapterTypeName="executor://mstestadapter/v2" className="VideoOS.Common.UserAuthentication.Tests.UserAuthenticationTests" name="ValidateWithCredentials_ShouldCallValidateCredential" />
    </UnitTest>
    <UnitTest name="Validate_ShouldReturnAuthenticatedUser_IfFoundInTheCacheAndAuthenticated" storage="d:\actions-runner\_work\xpco\xpco\common\userauthenticationcache\videoos.common.userauthentication.tests\bin\debug\net472\userauthentication.tests.dll" id="2a83a1b3-f173-a8e4-86ba-cb5840adaf0c">
      <Execution id="74578a63-5e21-4fa9-b8a7-ee216054f3e3" />
      <TestMethod codeBase="D:\actions-runner\_work\XPCO\XPCO\Common\UserAuthenticationCache\VideoOS.Common.UserAuthentication.Tests\bin\Debug\net472\UserAuthentication.Tests.dll" adapterTypeName="executor://mstestadapter/v2" className="VideoOS.Common.UserAuthentication.Tests.VmoCredentialValidationTests" name="Validate_ShouldReturnAuthenticatedUser_IfFoundInTheCacheAndAuthenticated" />
    </UnitTest>
    <UnitTest name="Validate_ShouldReturnNull_IfTokenStringIsNull" storage="d:\actions-runner\_work\xpco\xpco\common\userauthenticationcache\videoos.common.userauthentication.tests\bin\debug\net472\userauthentication.tests.dll" id="5150e92c-ede9-6a2f-04fe-1614bee47471">
      <Execution id="2e842f6a-ca9b-4245-a026-a7eecfdd0e70" />
      <TestMethod codeBase="D:\actions-runner\_work\XPCO\XPCO\Common\UserAuthenticationCache\VideoOS.Common.UserAuthentication.Tests\bin\Debug\net472\UserAuthentication.Tests.dll" adapterTypeName="executor://mstestadapter/v2" className="VideoOS.Common.UserAuthentication.Tests.TokenValidationTests" name="Validate_ShouldReturnNull_IfTokenStringIsNull" />
    </UnitTest>
    <UnitTest name="Validate_ShouldDoValidation_IfUserIsNotInTheCacheAndFirstOneToCall" storage="d:\actions-runner\_work\xpco\xpco\common\userauthenticationcache\videoos.common.userauthentication.tests\bin\debug\net472\userauthentication.tests.dll" id="c585530e-7bce-0886-b039-bce325a0d8bc">
      <Execution id="dc772f52-c544-48dc-93ed-3425a8ea7922" />
      <TestMethod codeBase="D:\actions-runner\_work\XPCO\XPCO\Common\UserAuthenticationCache\VideoOS.Common.UserAuthentication.Tests\bin\Debug\net472\UserAuthentication.Tests.dll" adapterTypeName="executor://mstestadapter/v2" className="VideoOS.Common.UserAuthentication.Tests.VmoCredentialValidationTests" name="Validate_ShouldDoValidation_IfUserIsNotInTheCacheAndFirstOneToCall" />
    </UnitTest>
    <UnitTest name="Set_ShouldThrowArgumentException_IfIdIsNull" storage="d:\actions-runner\_work\xpco\xpco\common\userauthenticationcache\videoos.common.userauthentication.tests\bin\debug\net472\userauthentication.tests.dll" id="4bb83b4a-20a6-84e7-fc90-44e538804eaf">
      <Execution id="6a3e83e1-3383-4ffe-b1dd-c3752b1af2b0" />
      <TestMethod codeBase="D:\actions-runner\_work\XPCO\XPCO\Common\UserAuthenticationCache\VideoOS.Common.UserAuthentication.Tests\bin\Debug\net472\UserAuthentication.Tests.dll" adapterTypeName="executor://mstestadapter/v2" className="VideoOS.Common.UserAuthentication.Tests.MemoryCacheWrapperTests" name="Set_ShouldThrowArgumentException_IfIdIsNull" />
    </UnitTest>
    <UnitTest name="Set_ShouldAddItemToTheCache" storage="d:\actions-runner\_work\xpco\xpco\common\userauthenticationcache\videoos.common.userauthentication.tests\bin\debug\net472\userauthentication.tests.dll" id="b67d0e96-ac1d-6ddb-4448-202833dad787">
      <Execution id="0dd64a86-0558-450b-a9f3-e6434aa86d5e" />
      <TestMethod codeBase="D:\actions-runner\_work\XPCO\XPCO\Common\UserAuthenticationCache\VideoOS.Common.UserAuthentication.Tests\bin\Debug\net472\UserAuthentication.Tests.dll" adapterTypeName="executor://mstestadapter/v2" className="VideoOS.Common.UserAuthentication.Tests.MemoryCacheWrapperTests" name="Set_ShouldAddItemToTheCache" />
    </UnitTest>
    <UnitTest name="Get_ShouldReturnNull_IfItemHasExpired" storage="d:\actions-runner\_work\xpco\xpco\common\userauthenticationcache\videoos.common.userauthentication.tests\bin\debug\net472\userauthentication.tests.dll" id="3041136a-8850-cbbc-610a-9acc3b7721d7">
      <Execution id="ff71019d-68d7-40c0-bea8-4f41666d8ef0" />
      <TestMethod codeBase="D:\actions-runner\_work\XPCO\XPCO\Common\UserAuthenticationCache\VideoOS.Common.UserAuthentication.Tests\bin\Debug\net472\UserAuthentication.Tests.dll" adapterTypeName="executor://mstestadapter/v2" className="VideoOS.Common.UserAuthentication.Tests.MemoryCacheWrapperTests" name="Get_ShouldReturnNull_IfItemHasExpired" />
    </UnitTest>
    <UnitTest name="Get_ShouldExtendCredentialTimeout_IfReAuthenticationThrowsAnExceptionButCachedValueIsAuthenticated" storage="d:\actions-runner\_work\xpco\xpco\common\userauthenticationcache\videoos.common.userauthentication.tests\bin\debug\net472\userauthentication.tests.dll" id="ef741ab1-6018-5d9d-0191-8a29e831b88d">
      <Execution id="c2a18cc9-1894-4d7c-8823-dc6de595e695" />
      <TestMethod codeBase="D:\actions-runner\_work\XPCO\XPCO\Common\UserAuthenticationCache\VideoOS.Common.UserAuthentication.Tests\bin\Debug\net472\UserAuthentication.Tests.dll" adapterTypeName="executor://mstestadapter/v2" className="VideoOS.Common.UserAuthentication.Tests.CredentialsCacheTests" name="Get_ShouldExtendCredentialTimeout_IfReAuthenticationThrowsAnExceptionButCachedValueIsAuthenticated" />
    </UnitTest>
    <UnitTest name="Get_ShouldThrowArgumentException_IfEmptyStringIsProvided" storage="d:\actions-runner\_work\xpco\xpco\common\userauthenticationcache\videoos.common.userauthentication.tests\bin\debug\net472\userauthentication.tests.dll" id="2b644271-3fb1-047c-a951-c52d0f964641">
      <Execution id="ce14a9cf-6d3d-4f6b-9029-a7003ecfcf84" />
      <TestMethod codeBase="D:\actions-runner\_work\XPCO\XPCO\Common\UserAuthenticationCache\VideoOS.Common.UserAuthentication.Tests\bin\Debug\net472\UserAuthentication.Tests.dll" adapterTypeName="executor://mstestadapter/v2" className="VideoOS.Common.UserAuthentication.Tests.MemoryCacheWrapperTests" name="Get_ShouldThrowArgumentException_IfEmptyStringIsProvided" />
    </UnitTest>
    <UnitTest name="IsActiveDirectoryUser_UserIsBasicUser_ThrowsException" storage="d:\actions-runner\_work\xpco\xpco\common\userauthenticationcache\videoos.common.userauthentication.tests\bin\debug\net472\userauthentication.tests.dll" id="d305fdbe-d420-6fd1-9278-4144872358ea">
      <Execution id="743b7e08-a93d-424e-920d-40fa78cb71a4" />
      <TestMethod codeBase="D:\actions-runner\_work\XPCO\XPCO\Common\UserAuthenticationCache\VideoOS.Common.UserAuthentication.Tests\bin\Debug\net472\UserAuthentication.Tests.dll" adapterTypeName="executor://mstestadapter/v2" className="VideoOS.Common.UserAuthentication.Tests.Cache.ActiveDirectory.IdentityAccessorTests" name="IsActiveDirectoryUser_UserIsBasicUser_ThrowsException" />
    </UnitTest>
  </TestDefinitions>
  <TestEntries>
    <TestEntry testId="c5b2cc2f-bc48-fa1a-d042-4d43af0aed7f" executionId="69b52275-7e37-46db-8c1c-6d425aa2f82f" testListId="8c84fa94-04c1-424b-9868-57a2d4851a1d" />
    <TestEntry testId="5485cb8c-008b-79d6-4081-d9c4ca8547a9" executionId="24f9f451-dd49-4549-a549-268e1177d674" testListId="8c84fa94-04c1-424b-9868-57a2d4851a1d" />
    <TestEntry testId="b67d0e96-ac1d-6ddb-4448-202833dad787" executionId="0dd64a86-0558-450b-a9f3-e6434aa86d5e" testListId="8c84fa94-04c1-424b-9868-57a2d4851a1d" />
    <TestEntry testId="9cb32065-664b-c58c-3e49-26236b7adc7b" executionId="b1b8c1e2-465e-46c9-8d92-f3a5ad5edcc4" testListId="8c84fa94-04c1-424b-9868-57a2d4851a1d" />
    <TestEntry testId="172e0e14-3b60-7ada-ae7b-2152beade102" executionId="30bc9e14-66ce-4154-8742-888235d7007c" testListId="8c84fa94-04c1-424b-9868-57a2d4851a1d" />
    <TestEntry testId="20907b0a-4f7a-5b7b-02b9-83289ecbdb9c" executionId="f0c3a2bb-a633-4da2-9a89-2279acc9837c" testListId="8c84fa94-04c1-424b-9868-57a2d4851a1d" />
    <TestEntry testId="84b268aa-a597-d516-e8be-95822a02f8e9" executionId="38275796-c9d9-4061-850a-bf9450f511b1" testListId="8c84fa94-04c1-424b-9868-57a2d4851a1d" />
    <TestEntry testId="35499b0a-56fa-1b02-9716-4c22fc692354" executionId="308d416d-4119-463f-8f6c-19364ab61646" testListId="8c84fa94-04c1-424b-9868-57a2d4851a1d" />
    <TestEntry testId="597504d2-236d-8690-3190-798435539f89" executionId="2307aa1e-2938-4293-9013-b079b9cbf814" testListId="8c84fa94-04c1-424b-9868-57a2d4851a1d" />
    <TestEntry testId="8f3bbfdb-c556-9e11-2472-14154a93328d" executionId="3365696a-15c9-493e-9688-621bc5f6b960" testListId="8c84fa94-04c1-424b-9868-57a2d4851a1d" />
    <TestEntry testId="44cdd916-b515-00dc-3551-ce87c61d4f5e" executionId="1aaeddc6-7a12-4285-93a6-f4a6d71666da" testListId="8c84fa94-04c1-424b-9868-57a2d4851a1d" />
    <TestEntry testId="bed734a5-a7d4-4c5f-3c33-72d0073d7b84" executionId="6b16a189-b47e-4970-b8d4-f78e7b4cba71" testListId="8c84fa94-04c1-424b-9868-57a2d4851a1d" />
    <TestEntry testId="0fc36183-233a-6a20-b52e-bd75db29b340" executionId="251500fb-1b42-40d2-a2fa-724142b5a45d" testListId="8c84fa94-04c1-424b-9868-57a2d4851a1d" />
    <TestEntry testId="0c521cba-7b53-508e-7d9b-61615a63f8ef" executionId="2c1c55b3-4bf0-4e4d-8347-97d35fa927fc" testListId="8c84fa94-04c1-424b-9868-57a2d4851a1d" />
    <TestEntry testId="2beb5b32-acc0-2810-df0b-119d55e47935" executionId="7f6a58c1-aebc-41a4-9a0c-5dba4f3ac5fb" testListId="8c84fa94-04c1-424b-9868-57a2d4851a1d" />
    <TestEntry testId="d9deae24-7fd1-5344-fc16-501a9af6bea0" executionId="fdb93641-5d94-4ba9-b73d-d5ef1c36da2d" testListId="8c84fa94-04c1-424b-9868-57a2d4851a1d" />
    <TestEntry testId="20515f01-4fe2-951b-0fb3-4a57a3131388" executionId="7223acc6-c37b-4205-ae37-fcf42fee354c" testListId="8c84fa94-04c1-424b-9868-57a2d4851a1d" />
    <TestEntry testId="bcf4b34e-cecf-1e8b-c33d-944707f50108" executionId="6d7c7234-ebbf-4563-9dcb-c3c171d2b6b2" testListId="8c84fa94-04c1-424b-9868-57a2d4851a1d" />
    <TestEntry testId="655ca919-f00f-0f85-3d41-ffba2bbb706e" executionId="0ef96ed3-490f-44c4-b9ba-b3e66317af15" testListId="8c84fa94-04c1-424b-9868-57a2d4851a1d" />
    <TestEntry testId="2b644271-3fb1-047c-a951-c52d0f964641" executionId="ce14a9cf-6d3d-4f6b-9029-a7003ecfcf84" testListId="8c84fa94-04c1-424b-9868-57a2d4851a1d" />
    <TestEntry testId="47fa9b2a-0a03-92bd-545e-06c049818200" executionId="20012f3f-6428-4aa2-a6a6-8be7bc584478" testListId="8c84fa94-04c1-424b-9868-57a2d4851a1d" />
    <TestEntry testId="d305fdbe-d420-6fd1-9278-4144872358ea" executionId="743b7e08-a93d-424e-920d-40fa78cb71a4" testListId="8c84fa94-04c1-424b-9868-57a2d4851a1d" />
    <TestEntry testId="ef741ab1-6018-5d9d-0191-8a29e831b88d" executionId="c2a18cc9-1894-4d7c-8823-dc6de595e695" testListId="8c84fa94-04c1-424b-9868-57a2d4851a1d" />
    <TestEntry testId="2b0ffd07-9adb-988b-4a7d-4dac04a828e1" executionId="67f9fa57-7eb4-409f-b8f8-60243898c5fe" testListId="8c84fa94-04c1-424b-9868-57a2d4851a1d" />
    <TestEntry testId="16398b66-a941-88e1-d4f7-3973f69063f6" executionId="55e52ba6-cfb4-4246-a665-4301f4b94e09" testListId="8c84fa94-04c1-424b-9868-57a2d4851a1d" />
    <TestEntry testId="b35ee89c-0162-5b40-6e0f-b3a480eb5a6d" executionId="32bd8ef4-f4fa-4d4f-8e55-186c2a72f268" testListId="8c84fa94-04c1-424b-9868-57a2d4851a1d" />
    <TestEntry testId="81507db0-dc94-3380-e2f5-8c1b98cadef2" executionId="b113f7d0-c986-480d-aa61-312c59014cee" testListId="8c84fa94-04c1-424b-9868-57a2d4851a1d" />
    <TestEntry testId="9d09971d-60a5-f732-9b99-180470cffa91" executionId="647bf714-0e9b-4866-80a4-bcc9266a57f7" testListId="8c84fa94-04c1-424b-9868-57a2d4851a1d" />
    <TestEntry testId="55bdfb48-43ff-33a5-420e-010bdd98c80c" executionId="63b20bd6-2933-4eab-bf55-d21c75ffc2ca" testListId="8c84fa94-04c1-424b-9868-57a2d4851a1d" />
    <TestEntry testId="5150e92c-ede9-6a2f-04fe-1614bee47471" executionId="2e842f6a-ca9b-4245-a026-a7eecfdd0e70" testListId="8c84fa94-04c1-424b-9868-57a2d4851a1d" />
    <TestEntry testId="a89b844e-5090-7c96-37fb-e14dd243302a" executionId="2b69a5e4-70b0-41ea-934f-e4b32f476b83" testListId="8c84fa94-04c1-424b-9868-57a2d4851a1d" />
    <TestEntry testId="d8b66cf9-ed50-cbf6-0cb9-1e27bc37f7ff" executionId="8732e5e0-7bb3-4452-ba10-17a8b79e2014" testListId="8c84fa94-04c1-424b-9868-57a2d4851a1d" />
    <TestEntry testId="d40d9eb9-686c-1e82-72ef-6b9f00889faf" executionId="3190049f-ef10-480b-9319-42f6e2d76000" testListId="8c84fa94-04c1-424b-9868-57a2d4851a1d" />
    <TestEntry testId="d9fc5ab1-2e77-929c-a4b6-2008a16e7b0f" executionId="9baae9ad-ed33-488d-a32a-6ee17dd2435c" testListId="8c84fa94-04c1-424b-9868-57a2d4851a1d" />
    <TestEntry testId="d4b666e7-0719-beb7-4a76-1ac4a6f29682" executionId="565d4694-dd62-48a2-972b-3eb934db9404" testListId="8c84fa94-04c1-424b-9868-57a2d4851a1d" />
    <TestEntry testId="9515414d-23ea-9ad2-0b44-5c6aa177163f" executionId="5660e6e2-0192-4524-abf5-dd0f83f20434" testListId="8c84fa94-04c1-424b-9868-57a2d4851a1d" />
    <TestEntry testId="47c6dd4d-d8d9-c0c0-e5f5-6858fc1eeb43" executionId="88364e6b-c010-4adf-9986-05fc62662204" testListId="8c84fa94-04c1-424b-9868-57a2d4851a1d" />
    <TestEntry testId="e71cafef-8f62-32d2-91c8-b19f6ab98d06" executionId="3fbc375c-91a0-4e71-8509-e4a4eea4e201" testListId="8c84fa94-04c1-424b-9868-57a2d4851a1d" />
    <TestEntry testId="c585530e-7bce-0886-b039-bce325a0d8bc" executionId="dc772f52-c544-48dc-93ed-3425a8ea7922" testListId="8c84fa94-04c1-424b-9868-57a2d4851a1d" />
    <TestEntry testId="31eb677b-88bd-5c26-4592-8630a72a3001" executionId="636e852f-f3a8-4d2c-9137-84c51a84a62d" testListId="8c84fa94-04c1-424b-9868-57a2d4851a1d" />
    <TestEntry testId="7333f3e9-01a7-bc5e-31a6-c42680f99fb6" executionId="fe06bc7c-67c3-4b73-b005-fb881f3e472d" testListId="8c84fa94-04c1-424b-9868-57a2d4851a1d" />
    <TestEntry testId="d09148f6-ee54-36e0-1b55-82e9d1962fa9" executionId="c874be57-1ce0-4989-81ca-ffdac9a50087" testListId="8c84fa94-04c1-424b-9868-57a2d4851a1d" />
    <TestEntry testId="2a83a1b3-f173-a8e4-86ba-cb5840adaf0c" executionId="74578a63-5e21-4fa9-b8a7-ee216054f3e3" testListId="8c84fa94-04c1-424b-9868-57a2d4851a1d" />
    <TestEntry testId="a7050fdc-c12d-9c46-8908-88c3de06a4a6" executionId="aa9c37a3-8651-4587-bf80-e38903357609" testListId="8c84fa94-04c1-424b-9868-57a2d4851a1d" />
    <TestEntry testId="489c510c-2012-dadd-1da4-9324f1519c3c" executionId="31480c4a-4902-4162-8cde-6183210c24be" testListId="8c84fa94-04c1-424b-9868-57a2d4851a1d" />
    <TestEntry testId="0ee7fc3b-655e-2332-4fe9-9862816d6c7b" executionId="930127ba-adce-479a-b51d-543792d35842" testListId="8c84fa94-04c1-424b-9868-57a2d4851a1d" />
    <TestEntry testId="cfaef9df-b21a-814a-00b9-7cdf13d5efeb" executionId="5a0e3cc1-a744-4498-bed4-7e7b3fd0b903" testListId="8c84fa94-04c1-424b-9868-57a2d4851a1d" />
    <TestEntry testId="88a3bb4f-8ae9-be94-4ee6-952d3131556d" executionId="37520a3d-cb1f-4020-9815-21fa733d3b04" testListId="8c84fa94-04c1-424b-9868-57a2d4851a1d" />
    <TestEntry testId="4bb83b4a-20a6-84e7-fc90-44e538804eaf" executionId="6a3e83e1-3383-4ffe-b1dd-c3752b1af2b0" testListId="8c84fa94-04c1-424b-9868-57a2d4851a1d" />
    <TestEntry testId="55362ce8-e0ef-6d17-349c-ec66bcea75c0" executionId="9cc5b8aa-2ef4-4537-b465-a326f2d8d2c3" testListId="8c84fa94-04c1-424b-9868-57a2d4851a1d" />
    <TestEntry testId="3041136a-8850-cbbc-610a-9acc3b7721d7" executionId="ff71019d-68d7-40c0-bea8-4f41666d8ef0" testListId="8c84fa94-04c1-424b-9868-57a2d4851a1d" />
    <TestEntry testId="ef104436-1094-99bd-19ef-0ba4423dc7d4" executionId="e3c90c87-0bb0-4bdd-89be-7320f8504135" testListId="8c84fa94-04c1-424b-9868-57a2d4851a1d" />
    <TestEntry testId="94fe9b89-a5a8-f9fb-b6fe-8acd463b7fe2" executionId="62eb814b-c1d5-401e-98d5-67b445ab2033" testListId="8c84fa94-04c1-424b-9868-57a2d4851a1d" />
    <TestEntry testId="6c091f0b-7e95-d83c-9e40-453d4b1dc1a2" executionId="2d9f8a1e-a5cd-46d7-a1a3-3581a102fc95" testListId="8c84fa94-04c1-424b-9868-57a2d4851a1d" />
  </TestEntries>
  <TestLists>
    <TestList name="Results Not in a List" id="8c84fa94-04c1-424b-9868-57a2d4851a1d" />
    <TestList name="All Loaded Results" id="19431567-8539-422a-85d7-44ee4e166bda" />
  </TestLists>
  <ResultSummary outcome="Completed">
    <Counters total="54" executed="54" passed="54" failed="0" error="0" timeout="0" aborted="0" inconclusive="0" passedButRunAborted="0" notRunnable="0" notExecuted="0" disconnected="0" warning="0" completed="0" inProgress="0" pending="0" />
  </ResultSummary>
</TestRun>