<?xml version="1.0" encoding="utf-8"?>
<TestRun id="8491dbcb-8b39-4bd0-a8af-f9d3452d07b2" name="DKSR-EFI-04$@DKSR-EFI-04 2023-12-22 09:32:58" runUser="NT AUTHORITY\NETWORK SERVICE" xmlns="http://microsoft.com/schemas/VisualStudio/TeamTest/2010">
  <Times creation="2023-12-22T09:32:58.2717098+01:00" queuing="2023-12-22T09:32:58.2717098+01:00" start="2023-12-22T09:32:52.2248071+01:00" finish="2023-12-22T09:33:00.7717216+01:00" />
  <TestSettings name="default" id="44fc542f-53fb-41cc-a019-6ed2e60d2843">
    <Deployment runDeploymentRoot="DKSR-EFI-04$_DKSR-EFI-04_2023-12-22_09_32_58" />
  </TestSettings>
  <Results>
    <UnitTestResult executionId="7a6f419c-48af-4bcb-903f-899888de1c6e" testId="dedf70a5-f131-d84f-4234-6a5051d02528" testName="RegisterAuthorizationCodeClient_ResponseHasSuccessfulStatusCode_CorrectRequestUriIsPassedWithoutSecret" computerName="DKSR-EFI-04" duration="00:00:00.0056591" startTime="2023-12-22T09:33:00.1603269+01:00" endTime="2023-12-22T09:33:00.1661454+01:00" testType="13cdc9d9-ddb5-4fa4-a97d-d965ccfc6d4b" outcome="Passed" testListId="8c84fa94-04c1-424b-9868-57a2d4851a1d" relativeResultsDirectory="7a6f419c-48af-4bcb-903f-899888de1c6e" />
    <UnitTestResult executionId="cc467e5b-abe8-4fa1-8deb-01ad58bc09f6" testId="edadc8c2-2e6c-d240-0235-8c3d78f18004" testName="Dispose_IDisposableTokenHandler_Success" computerName="DKSR-EFI-04" duration="00:00:00.0057175" startTime="2023-12-22T09:33:00.4647256+01:00" endTime="2023-12-22T09:33:00.4705845+01:00" testType="13cdc9d9-ddb5-4fa4-a97d-d965ccfc6d4b" outcome="Passed" testListId="8c84fa94-04c1-424b-9868-57a2d4851a1d" relativeResultsDirectory="cc467e5b-abe8-4fa1-8deb-01ad58bc09f6" />
    <UnitTestResult executionId="f546f0f1-182c-40e7-9fa6-9377ceed6799" testId="2fefd669-00f0-6209-0174-c1ad44273487" testName="Constructor_EmptyToken_ThrowsArgumentNullException" computerName="DKSR-EFI-04" duration="00:00:00.0004358" startTime="2023-12-22T09:32:57.8060844+01:00" endTime="2023-12-22T09:32:57.8067543+01:00" testType="13cdc9d9-ddb5-4fa4-a97d-d965ccfc6d4b" outcome="Passed" testListId="8c84fa94-04c1-424b-9868-57a2d4851a1d" relativeResultsDirectory="f546f0f1-182c-40e7-9fa6-9377ceed6799" />
    <UnitTestResult executionId="e8bda664-4780-4154-b7fe-8fe793597c04" testId="1084380c-efdf-4335-3855-2ba20ad000dd" testName="Constructor_ScopeIsEmpty_ThrowArgumentException" computerName="DKSR-EFI-04" duration="00:00:00.0004401" startTime="2023-12-22T09:32:58.2423331+01:00" endTime="2023-12-22T09:32:58.2429638+01:00" testType="13cdc9d9-ddb5-4fa4-a97d-d965ccfc6d4b" outcome="Passed" testListId="8c84fa94-04c1-424b-9868-57a2d4851a1d" relativeResultsDirectory="e8bda664-4780-4154-b7fe-8fe793597c04" />
    <UnitTestResult executionId="6def34f6-b626-4534-9200-62f530d438b8" testId="62ab3ade-1e62-63bc-67fe-f16a91fdcb03" testName="RefreshToken_StartIsNotCalled_RefreshTokenCallsStart" computerName="DKSR-EFI-04" duration="00:00:00.0022225" startTime="2023-12-22T09:33:00.3820093+01:00" endTime="2023-12-22T09:33:00.3843975+01:00" testType="13cdc9d9-ddb5-4fa4-a97d-d965ccfc6d4b" outcome="Passed" testListId="8c84fa94-04c1-424b-9868-57a2d4851a1d" relativeResultsDirectory="6def34f6-b626-4534-9200-62f530d438b8" />
    <UnitTestResult executionId="6be1588e-0c28-49c7-b60d-2f22ee9fab33" testId="7eafd3b9-debc-1a0c-12c6-11d7098cd775" testName="VerifyEndpointSupportsSsl_InvalidParam_RelativeUri_Throws_ArgumentException" computerName="DKSR-EFI-04" duration="00:00:00.0005423" startTime="2023-12-22T09:33:00.2260944+01:00" endTime="2023-12-22T09:33:00.2268398+01:00" testType="13cdc9d9-ddb5-4fa4-a97d-d965ccfc6d4b" outcome="Passed" testListId="8c84fa94-04c1-424b-9868-57a2d4851a1d" relativeResultsDirectory="6be1588e-0c28-49c7-b60d-2f22ee9fab33" />
    <UnitTestResult executionId="0fe05d53-8912-4a32-b99c-f87faee42462" testId="d500cfda-0f9f-e179-c72f-1f44e45838d9" testName="RegisterClient_ResponseHasSuccessfulStatusCode_CorrectRequestUriIsPassedAndModelWithSecretIsReturned" computerName="DKSR-EFI-04" duration="00:00:00.0166228" startTime="2023-12-22T09:33:00.0948192+01:00" endTime="2023-12-22T09:33:00.1116493+01:00" testType="13cdc9d9-ddb5-4fa4-a97d-d965ccfc6d4b" outcome="Passed" testListId="8c84fa94-04c1-424b-9868-57a2d4851a1d" relativeResultsDirectory="0fe05d53-8912-4a32-b99c-f87faee42462" />
    <UnitTestResult executionId="629a4034-4c38-453e-a9c9-29ffabfd4db8" testId="2461b8e3-8daf-c6ae-fd7a-04ef2c9029b1" testName="Construct_InvalidParam_BaseServeruri_Null_Throws_ArgumentNullException" computerName="DKSR-EFI-04" duration="00:00:00.0004258" startTime="2023-12-22T09:33:00.4178194+01:00" endTime="2023-12-22T09:33:00.4185483+01:00" testType="13cdc9d9-ddb5-4fa4-a97d-d965ccfc6d4b" outcome="Passed" testListId="8c84fa94-04c1-424b-9868-57a2d4851a1d" relativeResultsDirectory="629a4034-4c38-453e-a9c9-29ffabfd4db8" />
    <UnitTestResult executionId="cd539fd4-fe23-45f9-8866-a54d0cbbb7a6" testId="435442ba-9897-362e-beef-40dd9aef0a97" testName="RegisterAuthorizationCodeClientWithToken_RedirectUrisIsNull_ThrowArgumentException" computerName="DKSR-EFI-04" duration="00:00:00.0010077" startTime="2023-12-22T09:33:00.1426019+01:00" endTime="2023-12-22T09:33:00.1437748+01:00" testType="13cdc9d9-ddb5-4fa4-a97d-d965ccfc6d4b" outcome="Passed" testListId="8c84fa94-04c1-424b-9868-57a2d4851a1d" relativeResultsDirectory="cd539fd4-fe23-45f9-8866-a54d0cbbb7a6" />
    <UnitTestResult executionId="96a67947-26da-48d9-8e84-3b759df19a64" testId="a912da9b-9910-2e20-bdfd-ebd2e525320e" testName="GetTokenResponseAsync_TokenResponseIsReturned" computerName="DKSR-EFI-04" duration="00:00:00.0113595" startTime="2023-12-22T09:32:58.2151159+01:00" endTime="2023-12-22T09:32:58.2266420+01:00" testType="13cdc9d9-ddb5-4fa4-a97d-d965ccfc6d4b" outcome="Passed" testListId="8c84fa94-04c1-424b-9868-57a2d4851a1d" relativeResultsDirectory="96a67947-26da-48d9-8e84-3b759df19a64" />
    <UnitTestResult executionId="26d211c0-6990-4251-b79b-a1e270f9a2e6" testId="40fe9f87-53fc-abc6-c420-fc69d725d508" testName="RegisterClient_ClientIdIsNull_ThrowArgumentException" computerName="DKSR-EFI-04" duration="00:00:00.0023360" startTime="2023-12-22T09:33:00.0842033+01:00" endTime="2023-12-22T09:33:00.0869684+01:00" testType="13cdc9d9-ddb5-4fa4-a97d-d965ccfc6d4b" outcome="Passed" testListId="8c84fa94-04c1-424b-9868-57a2d4851a1d" relativeResultsDirectory="26d211c0-6990-4251-b79b-a1e270f9a2e6" />
    <UnitTestResult executionId="99ca0672-5854-4c91-9737-9c02e0629894" testId="79bdc8ed-4f4b-9849-1ddd-b15e09b27525" testName="CreateException_ErrorStrongPassword_Is_PasswordNotComplexEnoughException" computerName="DKSR-EFI-04" duration="00:00:00.0002782" startTime="2023-12-22T09:33:00.5573958+01:00" endTime="2023-12-22T09:33:00.5577937+01:00" testType="13cdc9d9-ddb5-4fa4-a97d-d965ccfc6d4b" outcome="Passed" testListId="8c84fa94-04c1-424b-9868-57a2d4851a1d" relativeResultsDirectory="99ca0672-5854-4c91-9737-9c02e0629894" />
    <UnitTestResult executionId="5f526fcd-07af-4ea9-84e0-9931a2df9caf" testId="4df62476-7918-8981-230a-1c8bcba97842" testName="UserAndDomainName_ThrowsNotSupportedException" computerName="DKSR-EFI-04" duration="00:00:00.0024437" startTime="2023-12-22T09:33:00.4855493+01:00" endTime="2023-12-22T09:33:00.4881799+01:00" testType="13cdc9d9-ddb5-4fa4-a97d-d965ccfc6d4b" outcome="Passed" testListId="8c84fa94-04c1-424b-9868-57a2d4851a1d" relativeResultsDirectory="5f526fcd-07af-4ea9-84e0-9931a2df9caf" />
    <UnitTestResult executionId="632066f6-27c0-4899-adfc-92c7ecfa6adc" testId="2c257caa-63e0-0918-bed2-614d73e7951d" testName="Constructor_NullClientSettings_ThrowArgumentNullException" computerName="DKSR-EFI-04" duration="00:00:00.0004809" startTime="2023-12-22T09:32:58.2137810+01:00" endTime="2023-12-22T09:32:58.2144473+01:00" testType="13cdc9d9-ddb5-4fa4-a97d-d965ccfc6d4b" outcome="Passed" testListId="8c84fa94-04c1-424b-9868-57a2d4851a1d" relativeResultsDirectory="632066f6-27c0-4899-adfc-92c7ecfa6adc" />
    <UnitTestResult executionId="51acaf0a-3290-4f29-aedf-2fd191facc96" testId="cb7249c8-dcf7-5d04-d8a1-9ce11225ac6e" testName="CreateException_PasswordRequiresNonAlphanumeric_Is_PasswordNotComplexEnoughException" computerName="DKSR-EFI-04" duration="00:00:00.0002115" startTime="2023-12-22T09:33:00.5614441+01:00" endTime="2023-12-22T09:33:00.5617900+01:00" testType="13cdc9d9-ddb5-4fa4-a97d-d965ccfc6d4b" outcome="Passed" testListId="8c84fa94-04c1-424b-9868-57a2d4851a1d" relativeResultsDirectory="51acaf0a-3290-4f29-aedf-2fd191facc96" />
    <UnitTestResult executionId="61411caf-7574-4912-98ee-2f6980218f1a" testId="2b6f2d8f-97a8-a49e-9820-0353b7cf269e" testName="IdpTokenClient_CredentialsCacheAsCredentials_HttpClientConfiguredToNotUseDefualtCredentials" computerName="DKSR-EFI-04" duration="00:00:00.0028106" startTime="2023-12-22T09:33:00.1977489+01:00" endTime="2023-12-22T09:33:00.2007339+01:00" testType="13cdc9d9-ddb5-4fa4-a97d-d965ccfc6d4b" outcome="Passed" testListId="8c84fa94-04c1-424b-9868-57a2d4851a1d" relativeResultsDirectory="61411caf-7574-4912-98ee-2f6980218f1a" />
    <UnitTestResult executionId="7a06ab21-8f2e-4bc2-95e5-584210e81813" testId="05652edd-928f-dd7d-e6ce-82417f010b21" testName="ValidateToken_TokenValidationParametersIsNull_ThrowArgumentNullException" computerName="DKSR-EFI-04" duration="00:00:00.0005398" startTime="2023-12-22T09:32:58.3541838+01:00" endTime="2023-12-22T09:32:58.3549127+01:00" testType="13cdc9d9-ddb5-4fa4-a97d-d965ccfc6d4b" outcome="Passed" testListId="8c84fa94-04c1-424b-9868-57a2d4851a1d" relativeResultsDirectory="7a06ab21-8f2e-4bc2-95e5-584210e81813" />
    <UnitTestResult executionId="8fcd2e87-f561-47a8-9701-b5e4ccfc5640" testId="e1b36847-cc65-e739-8fc1-4c65074486c5" testName="Construct_WithException_ResponseWithException" computerName="DKSR-EFI-04" duration="00:00:00.0012379" startTime="2023-12-22T09:33:00.0046390+01:00" endTime="2023-12-22T09:33:00.0060947+01:00" testType="13cdc9d9-ddb5-4fa4-a97d-d965ccfc6d4b" outcome="Passed" testListId="8c84fa94-04c1-424b-9868-57a2d4851a1d" relativeResultsDirectory="8fcd2e87-f561-47a8-9701-b5e4ccfc5640" />
    <UnitTestResult executionId="4421b5a0-f5d2-4fbc-aff2-e809c0658013" testId="94cf9b96-4bb3-ba5f-0704-49b8fc9a4cf0" testName="HandleException_InnerException_WebException_Status_ProtocolError_ReturnsFalse" computerName="DKSR-EFI-04" duration="00:00:00.0003421" startTime="2023-12-22T09:33:00.2862328+01:00" endTime="2023-12-22T09:33:00.2867524+01:00" testType="13cdc9d9-ddb5-4fa4-a97d-d965ccfc6d4b" outcome="Passed" testListId="8c84fa94-04c1-424b-9868-57a2d4851a1d" relativeResultsDirectory="4421b5a0-f5d2-4fbc-aff2-e809c0658013" />
    <UnitTestResult executionId="8a9fa3fb-ac49-42da-a702-5591d31e140b" testId="723220bc-f6bc-2344-fd48-d0edbe583623" testName="GetAsync_MultipleSuccessfulResponses_FirstIsReturned" computerName="DKSR-EFI-04" duration="00:00:00.0040252" startTime="2023-12-22T09:33:00.0721765+01:00" endTime="2023-12-22T09:33:00.0763913+01:00" testType="13cdc9d9-ddb5-4fa4-a97d-d965ccfc6d4b" outcome="Passed" testListId="8c84fa94-04c1-424b-9868-57a2d4851a1d" relativeResultsDirectory="8a9fa3fb-ac49-42da-a702-5591d31e140b" />
    <UnitTestResult executionId="eb040428-4726-416a-8e76-2b5dcf4603d9" testId="f5c02efb-b35c-365d-c779-9919be9854f1" testName="RefreshToken_InvalidToken_AccessTokenException" computerName="DKSR-EFI-04" duration="00:00:00.0024209" startTime="2023-12-22T09:33:00.3328305+01:00" endTime="2023-12-22T09:33:00.3354547+01:00" testType="13cdc9d9-ddb5-4fa4-a97d-d965ccfc6d4b" outcome="Passed" testListId="8c84fa94-04c1-424b-9868-57a2d4851a1d" relativeResultsDirectory="eb040428-4726-416a-8e76-2b5dcf4603d9" />
    <UnitTestResult executionId="84ee9eb0-9499-4c27-ab84-a48114efbca3" testId="e1a7c90b-842f-6747-d414-96d35e63ecce" testName="RegisterAuthorizationCodeClientWithToken_RedirectUrisIsEmpty_ThrowArgumentException" computerName="DKSR-EFI-04" duration="00:00:00.0010285" startTime="2023-12-22T09:33:00.1443936+01:00" endTime="2023-12-22T09:33:00.1455691+01:00" testType="13cdc9d9-ddb5-4fa4-a97d-d965ccfc6d4b" outcome="Passed" testListId="8c84fa94-04c1-424b-9868-57a2d4851a1d" relativeResultsDirectory="84ee9eb0-9499-4c27-ab84-a48114efbca3" />
    <UnitTestResult executionId="e52eed63-361d-4874-bf40-49d3f3d69346" testId="ddded40e-1f02-eacb-d4a2-e26ac1095ebf" testName="Dispose_TokenDisposed_ObjectDisposedException" computerName="DKSR-EFI-04" duration="00:00:00.0005902" startTime="2023-12-22T09:33:00.4108172+01:00" endTime="2023-12-22T09:33:00.4115907+01:00" testType="13cdc9d9-ddb5-4fa4-a97d-d965ccfc6d4b" outcome="Passed" testListId="8c84fa94-04c1-424b-9868-57a2d4851a1d" relativeResultsDirectory="e52eed63-361d-4874-bf40-49d3f3d69346" />
    <UnitTestResult executionId="4cd9b4ac-0ad9-413c-9416-e1fcfa2915e4" testId="c095042d-e50b-f78e-7e75-2b785c69205f" testName="TokenCache_Constructor_Success" computerName="DKSR-EFI-04" duration="00:00:00.0045890" startTime="2023-12-22T09:33:00.3059332+01:00" endTime="2023-12-22T09:33:00.3109425+01:00" testType="13cdc9d9-ddb5-4fa4-a97d-d965ccfc6d4b" outcome="Passed" testListId="8c84fa94-04c1-424b-9868-57a2d4851a1d" relativeResultsDirectory="4cd9b4ac-0ad9-413c-9416-e1fcfa2915e4" />
    <UnitTestResult executionId="3682905b-eedf-4dc3-8151-264860c7731a" testId="17a16fc5-4fe6-49ea-a991-631fada3d645" testName="Constructor_SecretIsNull_ThrowArgumentNullException" computerName="DKSR-EFI-04" duration="00:00:00.0004408" startTime="2023-12-22T09:32:58.2411041+01:00" endTime="2023-12-22T09:32:58.2416811+01:00" testType="13cdc9d9-ddb5-4fa4-a97d-d965ccfc6d4b" outcome="Passed" testListId="8c84fa94-04c1-424b-9868-57a2d4851a1d" relativeResultsDirectory="3682905b-eedf-4dc3-8151-264860c7731a" />
    <UnitTestResult executionId="ef1ecf24-e63a-4601-af2c-925551317e5a" testId="7ca488d0-3aca-76f1-6559-f9cc58d50a45" testName="Ctor_AddressIsNull_ThrowsArgumentNullException" computerName="DKSR-EFI-04" duration="00:00:00.0671032" startTime="2023-12-22T09:32:58.2578273+01:00" endTime="2023-12-22T09:32:58.3253273+01:00" testType="13cdc9d9-ddb5-4fa4-a97d-d965ccfc6d4b" outcome="Passed" testListId="8c84fa94-04c1-424b-9868-57a2d4851a1d" relativeResultsDirectory="ef1ecf24-e63a-4601-af2c-925551317e5a" />
    <UnitTestResult executionId="2b494ab9-2793-40b3-a459-86b600c9415d" testId="712a4429-a5d0-f9f8-e944-14b3128417df" testName="Start_StartIsCalled_TokenCacheUpdated" computerName="DKSR-EFI-04" duration="00:00:00.0084239" startTime="2023-12-22T09:33:00.3235338+01:00" endTime="2023-12-22T09:33:00.3321575+01:00" testType="13cdc9d9-ddb5-4fa4-a97d-d965ccfc6d4b" outcome="Passed" testListId="8c84fa94-04c1-424b-9868-57a2d4851a1d" relativeResultsDirectory="2b494ab9-2793-40b3-a459-86b600c9415d" />
    <UnitTestResult executionId="f7fd7105-14a1-4255-9643-a9d6b415a21d" testId="df98ebf9-08c0-e892-4032-ff03288ed21d" testName="ValidateToken_RefreshIntervalReached_NewConfigRetrieved" computerName="DKSR-EFI-04" duration="00:00:00.1222898" startTime="2023-12-22T09:32:59.4525418+01:00" endTime="2023-12-22T09:32:59.5750788+01:00" testType="13cdc9d9-ddb5-4fa4-a97d-d965ccfc6d4b" outcome="Passed" testListId="8c84fa94-04c1-424b-9868-57a2d4851a1d" relativeResultsDirectory="f7fd7105-14a1-4255-9643-a9d6b415a21d" />
    <UnitTestResult executionId="b0ff490b-32e1-475c-94fd-7bcfe677acce" testId="0c73a1ad-6206-0874-edea-ce6d1ddf48e7" testName="Start_TimeToTokenExpireOver5min_ReturnsCachedToken" computerName="DKSR-EFI-04" duration="00:00:00.0025135" startTime="2023-12-22T09:33:00.4480865+01:00" endTime="2023-12-22T09:33:00.4507923+01:00" testType="13cdc9d9-ddb5-4fa4-a97d-d965ccfc6d4b" outcome="Passed" testListId="8c84fa94-04c1-424b-9868-57a2d4851a1d" relativeResultsDirectory="b0ff490b-32e1-475c-94fd-7bcfe677acce" />
    <UnitTestResult executionId="622ef7a1-e476-4ba1-998c-5192174f6a19" testId="9aba6afc-33b4-b3ea-f2ba-94221cb99165" testName="Constructor_NullProvider_ThrowsArgumentNullException" computerName="DKSR-EFI-04" duration="00:00:00.0005099" startTime="2023-12-22T09:32:58.2086013+01:00" endTime="2023-12-22T09:32:58.2093162+01:00" testType="13cdc9d9-ddb5-4fa4-a97d-d965ccfc6d4b" outcome="Passed" testListId="8c84fa94-04c1-424b-9868-57a2d4851a1d" relativeResultsDirectory="622ef7a1-e476-4ba1-998c-5192174f6a19" />
    <UnitTestResult executionId="6615dc66-8ae5-4254-a8af-f442ef71774b" testId="42983783-3215-fc3e-ee2e-8a8fdf441e84" testName="Configure_SetClientSecret_Correctly" computerName="DKSR-EFI-04" duration="00:00:00.0367027" startTime="2023-12-22T09:33:00.4931520+01:00" endTime="2023-12-22T09:33:00.5303012+01:00" testType="13cdc9d9-ddb5-4fa4-a97d-d965ccfc6d4b" outcome="Passed" testListId="8c84fa94-04c1-424b-9868-57a2d4851a1d" relativeResultsDirectory="6615dc66-8ae5-4254-a8af-f442ef71774b" />
    <UnitTestResult executionId="f7565ed7-52f4-414a-b761-913774b3f5af" testId="9161f5e4-37b0-b6bc-22e9-91ccc708f977" testName="GetTokenResponse_TokenHandlerDisposedBeforeCall_ObjectDisposedException" computerName="DKSR-EFI-04" duration="00:00:00.0021711" startTime="2023-12-22T09:32:58.2548060+01:00" endTime="2023-12-22T09:32:58.2571625+01:00" testType="13cdc9d9-ddb5-4fa4-a97d-d965ccfc6d4b" outcome="Passed" testListId="8c84fa94-04c1-424b-9868-57a2d4851a1d" relativeResultsDirectory="f7565ed7-52f4-414a-b761-913774b3f5af" />
    <UnitTestResult executionId="8a20a48b-840c-4896-853d-5ca8586fe5cf" testId="6295024d-cdd4-de28-e7d8-515486f05d12" testName="HasValidScheme_UriIsHttps_ReturnsTrue" computerName="DKSR-EFI-04" duration="00:00:00.0001821" startTime="2023-12-22T09:33:00.2961374+01:00" endTime="2023-12-22T09:33:00.2964293+01:00" testType="13cdc9d9-ddb5-4fa4-a97d-d965ccfc6d4b" outcome="Passed" testListId="8c84fa94-04c1-424b-9868-57a2d4851a1d" relativeResultsDirectory="8a20a48b-840c-4896-853d-5ca8586fe5cf" />
    <UnitTestResult executionId="d8047746-2cd6-4b10-89f0-5af9c8282039" testId="0d2f4ed5-125c-a2b1-8e5f-5e598ab83d5e" testName="Constructor_NullRefreshToken_ThrowsArgumentNullException" computerName="DKSR-EFI-04" duration="00:00:00.0004887" startTime="2023-12-22T09:33:00.2633674+01:00" endTime="2023-12-22T09:33:00.2641686+01:00" testType="13cdc9d9-ddb5-4fa4-a97d-d965ccfc6d4b" outcome="Passed" testListId="8c84fa94-04c1-424b-9868-57a2d4851a1d" relativeResultsDirectory="d8047746-2cd6-4b10-89f0-5af9c8282039" />
    <UnitTestResult executionId="34a0b2cf-c104-4827-b5b6-7cdd89b2aeb2" testId="08a458bc-f70d-a527-f23d-08de1cac7168" testName="HasValidScheme_UriIsFile_ReturnsTrue" computerName="DKSR-EFI-04" duration="00:00:00.0001547" startTime="2023-12-22T09:33:00.2979030+01:00" endTime="2023-12-22T09:33:00.2981555+01:00" testType="13cdc9d9-ddb5-4fa4-a97d-d965ccfc6d4b" outcome="Passed" testListId="8c84fa94-04c1-424b-9868-57a2d4851a1d" relativeResultsDirectory="34a0b2cf-c104-4827-b5b6-7cdd89b2aeb2" />
    <UnitTestResult executionId="e9c9d852-23c2-4612-b490-b8efe66fad92" testId="ab24e2cb-a9e7-696f-52cc-bbef4af32000" testName="CreateException_ModelStateVaidationError_Is_InvalidArgumentsException" computerName="DKSR-EFI-04" duration="00:00:00.0017707" startTime="2023-12-22T09:33:00.5733235+01:00" endTime="2023-12-22T09:33:00.5752155+01:00" testType="13cdc9d9-ddb5-4fa4-a97d-d965ccfc6d4b" outcome="Passed" testListId="8c84fa94-04c1-424b-9868-57a2d4851a1d" relativeResultsDirectory="e9c9d852-23c2-4612-b490-b8efe66fad92" />
    <UnitTestResult executionId="225f2c1b-a0a1-4c90-9fb3-cd0a594b9352" testId="08a3c3db-cc01-e5ed-016b-ec03cbb97901" testName="ValidateToken_SecurityTokenIsNull_ThrowArgumentNullException" computerName="DKSR-EFI-04" duration="00:00:00.0256652" startTime="2023-12-22T09:32:58.3261028+01:00" endTime="2023-12-22T09:32:58.3519785+01:00" testType="13cdc9d9-ddb5-4fa4-a97d-d965ccfc6d4b" outcome="Passed" testListId="8c84fa94-04c1-424b-9868-57a2d4851a1d" relativeResultsDirectory="225f2c1b-a0a1-4c90-9fb3-cd0a594b9352" />
    <UnitTestResult executionId="d6325a6b-04e1-4cf0-aba3-dfb3023e1a3b" testId="bc6f6cb5-f7c9-e3db-d707-a236ceb509b9" testName="Construct_WithUri_IsErrorFalse" computerName="DKSR-EFI-04" duration="00:00:00.1502676" startTime="2023-12-22T09:32:59.8445008+01:00" endTime="2023-12-22T09:33:00.0039007+01:00" testType="13cdc9d9-ddb5-4fa4-a97d-d965ccfc6d4b" outcome="Passed" testListId="8c84fa94-04c1-424b-9868-57a2d4851a1d" relativeResultsDirectory="d6325a6b-04e1-4cf0-aba3-dfb3023e1a3b" />
    <UnitTestResult executionId="ead3ace5-e48a-4de3-8e72-d97d4d3b94ea" testId="43ee071b-dfe1-26fb-3267-1ba3aa8a0a7a" testName="CreateException_InvalidUserName_Is_InvalidNameException" computerName="DKSR-EFI-04" duration="00:00:00.0001929" startTime="2023-12-22T09:33:00.5532551+01:00" endTime="2023-12-22T09:33:00.5535578+01:00" testType="13cdc9d9-ddb5-4fa4-a97d-d965ccfc6d4b" outcome="Passed" testListId="8c84fa94-04c1-424b-9868-57a2d4851a1d" relativeResultsDirectory="ead3ace5-e48a-4de3-8e72-d97d4d3b94ea" />
    <UnitTestResult executionId="deb312b3-723a-4429-a6da-34c20441d3e3" testId="d31208f6-32e8-d301-b39b-41ee13f7023e" testName="VerifyEndpointSupportsSsl_InvalidParam_Null_ValidTimeout_Throws_ArgumentNullException" computerName="DKSR-EFI-04" duration="00:00:00.0005766" startTime="2023-12-22T09:33:00.2243510+01:00" endTime="2023-12-22T09:33:00.2252748+01:00" testType="13cdc9d9-ddb5-4fa4-a97d-d965ccfc6d4b" outcome="Passed" testListId="8c84fa94-04c1-424b-9868-57a2d4851a1d" relativeResultsDirectory="deb312b3-723a-4429-a6da-34c20441d3e3" />
    <UnitTestResult executionId="41771249-b951-4841-9532-e936cba63ab4" testId="3880dfbe-9655-d700-4c62-0df9ed476ecc" testName="CreateException_PasswordRequiresUpper_Is_PasswordNotComplexEnoughException" computerName="DKSR-EFI-04" duration="00:00:00.0001991" startTime="2023-12-22T09:33:00.5623743+01:00" endTime="2023-12-22T09:33:00.5626782+01:00" testType="13cdc9d9-ddb5-4fa4-a97d-d965ccfc6d4b" outcome="Passed" testListId="8c84fa94-04c1-424b-9868-57a2d4851a1d" relativeResultsDirectory="41771249-b951-4841-9532-e936cba63ab4" />
    <UnitTestResult executionId="5adeed9d-d0a5-4383-a147-562806b77729" testId="67a73538-1027-a501-a8ed-160a0b377dca" testName="GetTokenWithRegisterClientScope_ResponseHasSuccessfulStatusCode_TokenIsReturned" computerName="DKSR-EFI-04" duration="00:00:00.0055188" startTime="2023-12-22T09:33:00.1277849+01:00" endTime="2023-12-22T09:33:00.1334954+01:00" testType="13cdc9d9-ddb5-4fa4-a97d-d965ccfc6d4b" outcome="Passed" testListId="8c84fa94-04c1-424b-9868-57a2d4851a1d" relativeResultsDirectory="5adeed9d-d0a5-4383-a147-562806b77729" />
    <UnitTestResult executionId="876a44fb-019d-4d44-9435-ed65053e8981" testId="ec4cb66a-617d-876b-6006-2ba82ddc24c5" testName="CreateException_LoginAlreadyAssociated_Is_LoginAlreadyAssociatedException" computerName="DKSR-EFI-04" duration="00:00:00.0002964" startTime="2023-12-22T09:33:00.5642137+01:00" endTime="2023-12-22T09:33:00.5646224+01:00" testType="13cdc9d9-ddb5-4fa4-a97d-d965ccfc6d4b" outcome="Passed" testListId="8c84fa94-04c1-424b-9868-57a2d4851a1d" relativeResultsDirectory="876a44fb-019d-4d44-9435-ed65053e8981" />
    <UnitTestResult executionId="1f452e58-0421-43bf-8391-60442846dc94" testId="bf546bdc-4b09-7c78-8e68-7999cc725390" testName="CreateException_403_Is_ForbiddenException" computerName="DKSR-EFI-04" duration="00:00:00.0002506" startTime="2023-12-22T09:33:00.5374643+01:00" endTime="2023-12-22T09:33:00.5378374+01:00" testType="13cdc9d9-ddb5-4fa4-a97d-d965ccfc6d4b" outcome="Passed" testListId="8c84fa94-04c1-424b-9868-57a2d4851a1d" relativeResultsDirectory="1f452e58-0421-43bf-8391-60442846dc94" />
    <UnitTestResult executionId="72452397-491f-4279-9df3-7fee7eb8da19" testId="d313dde6-0806-2abf-bd1c-3417608d3183" testName="RefreshToken_TokenHandlerReturnsToken_RefreshTokenReturnsToken" computerName="DKSR-EFI-04" duration="00:00:00.0016989" startTime="2023-12-22T09:33:00.4545607+01:00" endTime="2023-12-22T09:33:00.4564101+01:00" testType="13cdc9d9-ddb5-4fa4-a97d-d965ccfc6d4b" outcome="Passed" testListId="8c84fa94-04c1-424b-9868-57a2d4851a1d" relativeResultsDirectory="72452397-491f-4279-9df3-7fee7eb8da19" />
    <UnitTestResult executionId="a60c7173-c0b7-4bdb-8e04-acde196c534a" testId="c2c2904c-f56a-3663-d545-f06d0f3baf88" testName="Construct_SpecifySingleGrantType_Success" computerName="DKSR-EFI-04" duration="00:00:00.0002892" startTime="2023-12-22T09:33:00.4261755+01:00" endTime="2023-12-22T09:33:00.4265825+01:00" testType="13cdc9d9-ddb5-4fa4-a97d-d965ccfc6d4b" outcome="Passed" testListId="8c84fa94-04c1-424b-9868-57a2d4851a1d" relativeResultsDirectory="a60c7173-c0b7-4bdb-8e04-acde196c534a" />
    <UnitTestResult executionId="189fed6f-828a-4e4d-afce-ab4d09708bc1" testId="aa47e31d-c2f6-bb7b-d522-2ea72ad09b0c" testName="HandleException_WebException_Status_Timeout_ReturnsTrue" computerName="DKSR-EFI-04" duration="00:00:00.0001672" startTime="2023-12-22T09:33:00.2913143+01:00" endTime="2023-12-22T09:33:00.2916013+01:00" testType="13cdc9d9-ddb5-4fa4-a97d-d965ccfc6d4b" outcome="Passed" testListId="8c84fa94-04c1-424b-9868-57a2d4851a1d" relativeResultsDirectory="189fed6f-828a-4e4d-afce-ab4d09708bc1" />
    <UnitTestResult executionId="56c6d2d0-9b2c-4dab-842c-385da4779c7a" testId="b639b5fb-3ef5-2cd9-a90a-017d1638f497" testName="BasicOpenAuthenticationHeaderValue_Constructor_NullUserName" computerName="DKSR-EFI-04" duration="00:00:00.0006159" startTime="2023-12-22T09:32:59.8382030+01:00" endTime="2023-12-22T09:32:59.8393102+01:00" testType="13cdc9d9-ddb5-4fa4-a97d-d965ccfc6d4b" outcome="Passed" testListId="8c84fa94-04c1-424b-9868-57a2d4851a1d" relativeResultsDirectory="56c6d2d0-9b2c-4dab-842c-385da4779c7a" />
    <UnitTestResult executionId="b73e63f4-6443-4a66-9adf-9dca40874147" testId="44cd508c-9285-845c-4b2e-fe943114c39c" testName="Constructor_EmptyAccessToken_ThrowsArgumentNullException" computerName="DKSR-EFI-04" duration="00:00:00.0003106" startTime="2023-12-22T09:33:00.2682088+01:00" endTime="2023-12-22T09:33:00.2686576+01:00" testType="13cdc9d9-ddb5-4fa4-a97d-d965ccfc6d4b" outcome="Passed" testListId="8c84fa94-04c1-424b-9868-57a2d4851a1d" relativeResultsDirectory="b73e63f4-6443-4a66-9adf-9dca40874147" />
    <UnitTestResult executionId="d9cfa3da-4327-43ae-9d6d-017e83f2fb04" testId="4b3a00da-f880-578f-c303-7e5e482337d2" testName="ValidateFasterIdpServerOnBothSchemas_WorkingHttpAddress_ShouldSuccess" computerName="DKSR-EFI-04" startTime="2023-12-22T09:33:00.2106258+01:00" endTime="2023-12-22T09:33:00.2107274+01:00" testType="13cdc9d9-ddb5-4fa4-a97d-d965ccfc6d4b" outcome="NotExecuted" testListId="8c84fa94-04c1-424b-9868-57a2d4851a1d" relativeResultsDirectory="d9cfa3da-4327-43ae-9d6d-017e83f2fb04">
      <Output></Output>
    </UnitTestResult>
    <UnitTestResult executionId="c82b4ff4-9274-4896-b478-9c70b136af05" testId="e603fa45-aab1-620a-c1e6-f47421b47951" testName="IsTokenExpired_TokenExpiration_ExpiredReturnTrueNotExpiredReturnFalse (-1,True)" computerName="DKSR-EFI-04" duration="00:00:00.0004498" startTime="2023-12-22T09:33:00.3962497+01:00" endTime="2023-12-22T09:33:00.3969316+01:00" testType="13cdc9d9-ddb5-4fa4-a97d-d965ccfc6d4b" outcome="Passed" testListId="8c84fa94-04c1-424b-9868-57a2d4851a1d" relativeResultsDirectory="c82b4ff4-9274-4896-b478-9c70b136af05" />
    <UnitTestResult executionId="63541af5-d10c-479c-a7e2-a6452880a77d" testId="04ba112f-e345-0314-e5a5-bfdf9ebd97a8" testName="ValidateIdpServer_CancellationRequest_ShouldThrow" computerName="DKSR-EFI-04" startTime="2023-12-22T09:33:00.2098574+01:00" endTime="2023-12-22T09:33:00.2099616+01:00" testType="13cdc9d9-ddb5-4fa4-a97d-d965ccfc6d4b" outcome="NotExecuted" testListId="8c84fa94-04c1-424b-9868-57a2d4851a1d" relativeResultsDirectory="63541af5-d10c-479c-a7e2-a6452880a77d">
      <Output></Output>
    </UnitTestResult>
    <UnitTestResult executionId="ccea5c63-51db-4a14-8cc1-899877c61fba" testId="0257b952-b68e-ce9d-9d12-e1b7f33eb9e6" testName="methodName_testState_expectedResult" computerName="DKSR-EFI-04" duration="00:00:00.0005623" startTime="2023-12-22T09:33:00.4288778+01:00" endTime="2023-12-22T09:33:00.4296991+01:00" testType="13cdc9d9-ddb5-4fa4-a97d-d965ccfc6d4b" outcome="Passed" testListId="8c84fa94-04c1-424b-9868-57a2d4851a1d" relativeResultsDirectory="ccea5c63-51db-4a14-8cc1-899877c61fba" />
    <UnitTestResult executionId="0d094bda-b732-449e-83f6-9ead0deb172a" testId="41159a03-c027-b654-a27a-5a7d8d8246d9" testName="GetClaimValue_IdTokenNotRetrieved_Throws_InvalidOperationException" computerName="DKSR-EFI-04" duration="00:00:00.0009481" startTime="2023-12-22T09:33:00.3975723+01:00" endTime="2023-12-22T09:33:00.3987045+01:00" testType="13cdc9d9-ddb5-4fa4-a97d-d965ccfc6d4b" outcome="Passed" testListId="8c84fa94-04c1-424b-9868-57a2d4851a1d" relativeResultsDirectory="0d094bda-b732-449e-83f6-9ead0deb172a" />
    <UnitTestResult executionId="8aa1e016-f90b-47d5-aaf4-027973e40643" testId="0c88b540-cd14-9945-dfea-9607412205d7" testName="ClientCredentialsAuthenticationAsync_SecretIsNull_ThrowArgumentException" computerName="DKSR-EFI-04" duration="00:00:00.0013462" startTime="2023-12-22T09:33:00.1667647+01:00" endTime="2023-12-22T09:33:00.1683985+01:00" testType="13cdc9d9-ddb5-4fa4-a97d-d965ccfc6d4b" outcome="Passed" testListId="8c84fa94-04c1-424b-9868-57a2d4851a1d" relativeResultsDirectory="8aa1e016-f90b-47d5-aaf4-027973e40643" />
    <UnitTestResult executionId="22db2b9d-b473-46a2-b654-56fcb97c2d9f" testId="437f2012-d0bd-9480-97fb-1b4e5a423d3b" testName="CreateException_AnythingElse_Is_DefaultErrorException" computerName="DKSR-EFI-04" duration="00:00:00.0002045" startTime="2023-12-22T09:33:00.5724450+01:00" endTime="2023-12-22T09:33:00.5727614+01:00" testType="13cdc9d9-ddb5-4fa4-a97d-d965ccfc6d4b" outcome="Passed" testListId="8c84fa94-04c1-424b-9868-57a2d4851a1d" relativeResultsDirectory="22db2b9d-b473-46a2-b654-56fcb97c2d9f" />
    <UnitTestResult executionId="e32c5145-230f-49f9-a2ef-10339a6106d5" testId="2b02613f-adc7-9ead-fab9-497ce9230752" testName="Retrieve_EmptyClient_ThrowsArgumentNullException" computerName="DKSR-EFI-04" duration="00:00:00.0010345" startTime="2023-12-22T09:33:00.2615592+01:00" endTime="2023-12-22T09:33:00.2627774+01:00" testType="13cdc9d9-ddb5-4fa4-a97d-d965ccfc6d4b" outcome="Passed" testListId="8c84fa94-04c1-424b-9868-57a2d4851a1d" relativeResultsDirectory="e32c5145-230f-49f9-a2ef-10339a6106d5" />
    <UnitTestResult executionId="40a0563e-a5ec-48ec-88c5-0e5e02d9f4a1" testId="3c9fa628-c7d5-d183-10bb-7d387f6779bb" testName="Constructor_NullIIdpTokenRetriever_ThrowsArgumentNullException" computerName="DKSR-EFI-04" duration="00:00:00.0014663" startTime="2023-12-22T09:32:58.2054487+01:00" endTime="2023-12-22T09:32:58.2071286+01:00" testType="13cdc9d9-ddb5-4fa4-a97d-d965ccfc6d4b" outcome="Passed" testListId="8c84fa94-04c1-424b-9868-57a2d4851a1d" relativeResultsDirectory="40a0563e-a5ec-48ec-88c5-0e5e02d9f4a1" />
    <UnitTestResult executionId="ace28a79-bd8d-4849-9e34-8773ebbc5a63" testId="320b9240-8de4-6e99-ff14-f9386efd026e" testName="Constructor_NullIdpUrl_ThrowsArgumentNullException" computerName="DKSR-EFI-04" duration="00:00:00.0037249" startTime="2023-12-22T09:33:00.2299063+01:00" endTime="2023-12-22T09:33:00.2339677+01:00" testType="13cdc9d9-ddb5-4fa4-a97d-d965ccfc6d4b" outcome="Passed" testListId="8c84fa94-04c1-424b-9868-57a2d4851a1d" relativeResultsDirectory="ace28a79-bd8d-4849-9e34-8773ebbc5a63" />
    <UnitTestResult executionId="0fda6404-eaab-431e-afec-f357a240953d" testId="afabb9a4-988f-5af8-5e0c-adf9e9521a8f" testName="Construct_WithErrorResponses_ResponseWithErrorResponses" computerName="DKSR-EFI-04" duration="00:00:00.0007037" startTime="2023-12-22T09:33:00.0093448+01:00" endTime="2023-12-22T09:33:00.0102292+01:00" testType="13cdc9d9-ddb5-4fa4-a97d-d965ccfc6d4b" outcome="Passed" testListId="8c84fa94-04c1-424b-9868-57a2d4851a1d" relativeResultsDirectory="0fda6404-eaab-431e-afec-f357a240953d" />
    <UnitTestResult executionId="fe8d2648-b92c-462e-b6b4-3ef1cedc918c" testId="1ad62dd9-f5f4-acc1-288e-32afb8d0c153" testName="ValidateToken_CancellationIsRequested_ThrowOperationCanceledException" computerName="DKSR-EFI-04" duration="00:00:00.0020149" startTime="2023-12-22T09:32:59.6403784+01:00" endTime="2023-12-22T09:32:59.6426205+01:00" testType="13cdc9d9-ddb5-4fa4-a97d-d965ccfc6d4b" outcome="Passed" testListId="8c84fa94-04c1-424b-9868-57a2d4851a1d" relativeResultsDirectory="fe8d2648-b92c-462e-b6b4-3ef1cedc918c" />
    <UnitTestResult executionId="9b59583f-ad9d-4022-b44e-b0750400b72d" testId="59d00ef5-8a37-2b1f-99b8-740e21e44e72" testName="GetAllValidScopes_ResponseHasSuccessfulStatusCode_ScopesAreReturned" computerName="DKSR-EFI-04" duration="00:00:00.0080228" startTime="2023-12-22T09:33:00.1188471+01:00" endTime="2023-12-22T09:33:00.1271418+01:00" testType="13cdc9d9-ddb5-4fa4-a97d-d965ccfc6d4b" outcome="Passed" testListId="8c84fa94-04c1-424b-9868-57a2d4851a1d" relativeResultsDirectory="9b59583f-ad9d-4022-b44e-b0750400b72d" />
    <UnitTestResult executionId="a3bd2c1a-c438-4235-a9ff-637c6f4242dc" testId="abd81a1c-e3b4-bebe-d21f-4ca159588c70" testName="ResourceOwnerAuthenticationAsync_StatusCodeOk_TokenResponseWithTokenIsReturned" computerName="DKSR-EFI-04" duration="00:00:00.0034615" startTime="2023-12-22T09:33:00.1790230+01:00" endTime="2023-12-22T09:33:00.1826641+01:00" testType="13cdc9d9-ddb5-4fa4-a97d-d965ccfc6d4b" outcome="Passed" testListId="8c84fa94-04c1-424b-9868-57a2d4851a1d" relativeResultsDirectory="a3bd2c1a-c438-4235-a9ff-637c6f4242dc" />
    <UnitTestResult executionId="34d46ddb-0246-432a-9365-93edd6db56f6" testId="c25f8796-8fb8-e9c9-dc4c-16994d769571" testName="GetAsync_ErrorTypeException_DiscoveryResponseIsError" computerName="DKSR-EFI-04" duration="00:00:00.0045139" startTime="2023-12-22T09:33:00.0465919+01:00" endTime="2023-12-22T09:33:00.0513227+01:00" testType="13cdc9d9-ddb5-4fa4-a97d-d965ccfc6d4b" outcome="Passed" testListId="8c84fa94-04c1-424b-9868-57a2d4851a1d" relativeResultsDirectory="34d46ddb-0246-432a-9365-93edd6db56f6" />
    <UnitTestResult executionId="ab3cffce-d8cc-4209-92d3-1ae0d598b73c" testId="a844f451-0f87-c9e5-8ca9-902b45b90314" testName="HasValidScheme_UriIsHttp_ReturnsTrue" computerName="DKSR-EFI-04" duration="00:00:00.0001721" startTime="2023-12-22T09:33:00.2970109+01:00" endTime="2023-12-22T09:33:00.2972769+01:00" testType="13cdc9d9-ddb5-4fa4-a97d-d965ccfc6d4b" outcome="Passed" testListId="8c84fa94-04c1-424b-9868-57a2d4851a1d" relativeResultsDirectory="ab3cffce-d8cc-4209-92d3-1ae0d598b73c" />
    <UnitTestResult executionId="354d7f69-48ca-4390-9ec9-23cbc7345f3a" testId="f872f45e-56c6-8ff1-732b-a4f3744612ec" testName="GetAsync_ErrorTypeHttp_DiscoveryResponseIsError" computerName="DKSR-EFI-04" duration="00:00:00.0310928" startTime="2023-12-22T09:33:00.0133155+01:00" endTime="2023-12-22T09:33:00.0446328+01:00" testType="13cdc9d9-ddb5-4fa4-a97d-d965ccfc6d4b" outcome="Passed" testListId="8c84fa94-04c1-424b-9868-57a2d4851a1d" relativeResultsDirectory="354d7f69-48ca-4390-9ec9-23cbc7345f3a" />
    <UnitTestResult executionId="e8c09d5a-82bc-4914-83eb-863552eadfef" testId="a2c96cce-3d64-0619-9c0f-87d54f8eee1b" testName="BasicOpenAuthenticationHeaderValue_Constructor_NullPassword" computerName="DKSR-EFI-04" duration="00:00:00.0002836" startTime="2023-12-22T09:32:59.8425179+01:00" endTime="2023-12-22T09:32:59.8429478+01:00" testType="13cdc9d9-ddb5-4fa4-a97d-d965ccfc6d4b" outcome="Passed" testListId="8c84fa94-04c1-424b-9868-57a2d4851a1d" relativeResultsDirectory="e8c09d5a-82bc-4914-83eb-863552eadfef" />
    <UnitTestResult executionId="ae51850e-e063-4a9f-91ea-ecb480c55839" testId="dff6bcfa-7c56-915c-d680-949651ff50ba" testName="CreateException_ChangePassword_Is_ChangePasswordException" computerName="DKSR-EFI-04" duration="00:00:00.0002962" startTime="2023-12-22T09:33:00.5480519+01:00" endTime="2023-12-22T09:33:00.5484884+01:00" testType="13cdc9d9-ddb5-4fa4-a97d-d965ccfc6d4b" outcome="Passed" testListId="8c84fa94-04c1-424b-9868-57a2d4851a1d" relativeResultsDirectory="ae51850e-e063-4a9f-91ea-ecb480c55839" />
    <UnitTestResult executionId="e6cbd21d-c91a-4727-81de-f245f4dd04e3" testId="5401d072-9045-3f20-e5b8-85e624c8ae31" testName="CreateException_500_Is_UnauthorizedException" computerName="DKSR-EFI-04" duration="00:00:00.0001696" startTime="2023-12-22T09:33:00.5412005+01:00" endTime="2023-12-22T09:33:00.5414833+01:00" testType="13cdc9d9-ddb5-4fa4-a97d-d965ccfc6d4b" outcome="Passed" testListId="8c84fa94-04c1-424b-9868-57a2d4851a1d" relativeResultsDirectory="e6cbd21d-c91a-4727-81de-f245f4dd04e3" />
    <UnitTestResult executionId="1feaa9c4-a9b8-476a-ba87-a90919bd4ca7" testId="d56d39a2-1050-3e2a-2b04-2c4d9212b822" testName="Dispose_IDisposableTokenHandler_Success" computerName="DKSR-EFI-04" duration="00:00:00.0010707" startTime="2023-12-22T09:33:00.4050201+01:00" endTime="2023-12-22T09:33:00.4062243+01:00" testType="13cdc9d9-ddb5-4fa4-a97d-d965ccfc6d4b" outcome="Passed" testListId="8c84fa94-04c1-424b-9868-57a2d4851a1d" relativeResultsDirectory="1feaa9c4-a9b8-476a-ba87-a90919bd4ca7" />
    <UnitTestResult executionId="f4eacbcf-e181-4e10-83b4-5c3f1665c823" testId="9ef64bea-8c17-ab0b-0aa2-a889a448670e" testName="ValidateIdpServer_WorkingHttpAddress_ShouldSuccess" computerName="DKSR-EFI-04" startTime="2023-12-22T09:33:00.2043879+01:00" endTime="2023-12-22T09:33:00.2052346+01:00" testType="13cdc9d9-ddb5-4fa4-a97d-d965ccfc6d4b" outcome="NotExecuted" testListId="8c84fa94-04c1-424b-9868-57a2d4851a1d" relativeResultsDirectory="f4eacbcf-e181-4e10-83b4-5c3f1665c823">
      <Output></Output>
    </UnitTestResult>
    <UnitTestResult executionId="66b69e92-aca4-4205-bd2f-86ca23ae2ab8" testId="deca3051-566c-ab49-e061-aefe5abff9fe" testName="CreateException_ArgumentsNotResolved_Is_BadArgumentsException" computerName="DKSR-EFI-04" duration="00:00:00.0004006" startTime="2023-12-22T09:33:00.5692702+01:00" endTime="2023-12-22T09:33:00.5698288+01:00" testType="13cdc9d9-ddb5-4fa4-a97d-d965ccfc6d4b" outcome="Passed" testListId="8c84fa94-04c1-424b-9868-57a2d4851a1d" relativeResultsDirectory="66b69e92-aca4-4205-bd2f-86ca23ae2ab8" />
    <UnitTestResult executionId="b969d247-8cb5-44d2-972e-a0e5a73d9834" testId="bf3dc991-3368-6005-a716-c4582669d18a" testName="RegisterAuthorizationCodeClient_RedirectUrisIsNull_ThrowArgumentException" computerName="DKSR-EFI-04" duration="00:00:00.0009776" startTime="2023-12-22T09:33:00.1568412+01:00" endTime="2023-12-22T09:33:00.1579715+01:00" testType="13cdc9d9-ddb5-4fa4-a97d-d965ccfc6d4b" outcome="Passed" testListId="8c84fa94-04c1-424b-9868-57a2d4851a1d" relativeResultsDirectory="b969d247-8cb5-44d2-972e-a0e5a73d9834" />
    <UnitTestResult executionId="97cd4077-433a-4b7e-8111-81639d7cdf6e" testId="0e2095e5-7d8e-1183-e8f6-f216b8006a5b" testName="GetClaimValue_IdTokenRetrieved_ClaimThere_ReturnsClaimValue" computerName="DKSR-EFI-04" duration="00:00:00.0016223" startTime="2023-12-22T09:33:00.4758641+01:00" endTime="2023-12-22T09:33:00.4776315+01:00" testType="13cdc9d9-ddb5-4fa4-a97d-d965ccfc6d4b" outcome="Passed" testListId="8c84fa94-04c1-424b-9868-57a2d4851a1d" relativeResultsDirectory="97cd4077-433a-4b7e-8111-81639d7cdf6e" />
    <UnitTestResult executionId="1190680f-c798-47f0-b1c6-2c35b4d55bb2" testId="6aef1b61-0dc3-b6ce-7dbd-e4e62a370ac5" testName="CreateException_PasswordRequiresUniqueChars_Is_PasswordNotComplexEnoughException" computerName="DKSR-EFI-04" duration="00:00:00.0003632" startTime="2023-12-22T09:33:00.5601496+01:00" endTime="2023-12-22T09:33:00.5606778+01:00" testType="13cdc9d9-ddb5-4fa4-a97d-d965ccfc6d4b" outcome="Passed" testListId="8c84fa94-04c1-424b-9868-57a2d4851a1d" relativeResultsDirectory="1190680f-c798-47f0-b1c6-2c35b4d55bb2" />
    <UnitTestResult executionId="66150637-787a-4caa-8edc-c89da013b0c3" testId="3dc13ed3-005d-7721-2c63-eb85486517c8" testName="GetAsync_ErrorTypeAggregateException_ExceptionMessageFromInner" computerName="DKSR-EFI-04" duration="00:00:00.0019195" startTime="2023-12-22T09:33:00.0520012+01:00" endTime="2023-12-22T09:33:00.0541106+01:00" testType="13cdc9d9-ddb5-4fa4-a97d-d965ccfc6d4b" outcome="Passed" testListId="8c84fa94-04c1-424b-9868-57a2d4851a1d" relativeResultsDirectory="66150637-787a-4caa-8edc-c89da013b0c3" />
    <UnitTestResult executionId="c19c1902-43c4-48de-961a-366f5c5dc3f5" testId="6ee35bac-519f-b442-48b8-ad90bff16940" testName="RefreshToken_TokenHandlerReturnsToken_RefreshTokenReturnsToken" computerName="DKSR-EFI-04" duration="00:00:00.0025112" startTime="2023-12-22T09:33:00.3786860+01:00" endTime="2023-12-22T09:33:00.3813864+01:00" testType="13cdc9d9-ddb5-4fa4-a97d-d965ccfc6d4b" outcome="Passed" testListId="8c84fa94-04c1-424b-9868-57a2d4851a1d" relativeResultsDirectory="c19c1902-43c4-48de-961a-366f5c5dc3f5" />
    <UnitTestResult executionId="55be63ce-d573-42c2-a137-f5a0543dd26d" testId="e9fa84ac-633c-62b6-98d7-47b66e6e189e" testName="ValidateToken_SignatureKeyNotFoundMinimumRefreshIntervalReached_RefreshRequested" computerName="DKSR-EFI-04" duration="00:00:00.2610332" startTime="2023-12-22T09:32:59.0744285+01:00" endTime="2023-12-22T09:32:59.3356645+01:00" testType="13cdc9d9-ddb5-4fa4-a97d-d965ccfc6d4b" outcome="Passed" testListId="8c84fa94-04c1-424b-9868-57a2d4851a1d" relativeResultsDirectory="55be63ce-d573-42c2-a137-f5a0543dd26d" />
    <UnitTestResult executionId="e0edeb96-27e7-428c-80be-6ff01b7bc551" testId="f6233300-4bb5-ebc3-fb67-68daee71e649" testName="Constructor_NullHttpClient_ThrowArgumentNullException" computerName="DKSR-EFI-04" duration="00:00:00.0013332" startTime="2023-12-22T09:32:57.8086524+01:00" endTime="2023-12-22T09:32:57.8101196+01:00" testType="13cdc9d9-ddb5-4fa4-a97d-d965ccfc6d4b" outcome="Passed" testListId="8c84fa94-04c1-424b-9868-57a2d4851a1d" relativeResultsDirectory="e0edeb96-27e7-428c-80be-6ff01b7bc551" />
    <UnitTestResult executionId="5bfa1da6-7e21-4a95-9f12-3af209aa8d58" testId="f15d1485-b568-93f4-d5a1-108ce37ed532" testName="GetTokenResponseAsync_HttpStatusIsNotOk_IdpExceptionIsThrown (VideoOS.IdentityServer.Common.Exceptions.UnauthorizedException)" computerName="DKSR-EFI-04" duration="00:00:00.0042070" startTime="2023-12-22T09:32:58.2275184+01:00" endTime="2023-12-22T09:32:58.2336010+01:00" testType="13cdc9d9-ddb5-4fa4-a97d-d965ccfc6d4b" outcome="Passed" testListId="8c84fa94-04c1-424b-9868-57a2d4851a1d" relativeResultsDirectory="5bfa1da6-7e21-4a95-9f12-3af209aa8d58" />
    <UnitTestResult executionId="70c5c333-6e38-45f4-9614-3c6b0ed23599" testId="ca7d5be2-14df-0b62-6b71-5f58bc8ff588" testName="HasValidScheme_UriIsNews_ReturnsTrue" computerName="DKSR-EFI-04" duration="00:00:00.0001746" startTime="2023-12-22T09:33:00.3042315+01:00" endTime="2023-12-22T09:33:00.3045337+01:00" testType="13cdc9d9-ddb5-4fa4-a97d-d965ccfc6d4b" outcome="Passed" testListId="8c84fa94-04c1-424b-9868-57a2d4851a1d" relativeResultsDirectory="70c5c333-6e38-45f4-9614-3c6b0ed23599" />
    <UnitTestResult executionId="bba23ded-2e04-46dc-8199-903e6958d074" testId="f37524f4-6178-1300-0d38-772771a42b59" testName="Construct_InvalidParam_ClientIBaseServerUri_PartialUri_Throws_ArgumentException" computerName="DKSR-EFI-04" duration="00:00:00.0003347" startTime="2023-12-22T09:33:00.4191590+01:00" endTime="2023-12-22T09:33:00.4196414+01:00" testType="13cdc9d9-ddb5-4fa4-a97d-d965ccfc6d4b" outcome="Passed" testListId="8c84fa94-04c1-424b-9868-57a2d4851a1d" relativeResultsDirectory="bba23ded-2e04-46dc-8199-903e6958d074" />
    <UnitTestResult executionId="6ec3cd26-b827-40b3-a7cd-f33dac9bfa74" testId="3dcddc47-428b-8273-354a-bd306914fecf" testName="BasicOpenAuthenticationHeaderValue_Constructor_Success_SpaceInUserName" computerName="DKSR-EFI-04" duration="00:00:00.0002344" startTime="2023-12-22T09:32:59.8435816+01:00" endTime="2023-12-22T09:32:59.8439525+01:00" testType="13cdc9d9-ddb5-4fa4-a97d-d965ccfc6d4b" outcome="Passed" testListId="8c84fa94-04c1-424b-9868-57a2d4851a1d" relativeResultsDirectory="6ec3cd26-b827-40b3-a7cd-f33dac9bfa74" />
    <UnitTestResult executionId="e5b9d42a-93c1-4d35-8c19-ac528589e3bc" testId="2f5d977d-1e91-46c0-f08f-cb953748d3bb" testName="Constructor_NullIdToken_ThrowsArgumentNullException" computerName="DKSR-EFI-04" duration="00:00:00.0003575" startTime="2023-12-22T09:33:00.2659874+01:00" endTime="2023-12-22T09:33:00.2664938+01:00" testType="13cdc9d9-ddb5-4fa4-a97d-d965ccfc6d4b" outcome="Passed" testListId="8c84fa94-04c1-424b-9868-57a2d4851a1d" relativeResultsDirectory="e5b9d42a-93c1-4d35-8c19-ac528589e3bc" />
    <UnitTestResult executionId="af0a5b69-6e2c-409d-bc90-d1779ebedb98" testId="7cf653ab-c1ac-db4f-c8b6-0088365ff615" testName="HandleException_InvalidParamException_Null_Throws_" computerName="DKSR-EFI-04" duration="00:00:00.0010247" startTime="2023-12-22T09:33:00.2744672+01:00" endTime="2023-12-22T09:33:00.2757993+01:00" testType="13cdc9d9-ddb5-4fa4-a97d-d965ccfc6d4b" outcome="Passed" testListId="8c84fa94-04c1-424b-9868-57a2d4851a1d" relativeResultsDirectory="af0a5b69-6e2c-409d-bc90-d1779ebedb98" />
    <UnitTestResult executionId="f3e333e0-cf54-4625-9dda-1a1d9723b938" testId="b534d700-8c81-a428-c5af-952f23674e8e" testName="Ctor_RequireHttpsIsTrueButAddressSchemeIsHttp_ThrowsArgumentException" computerName="DKSR-EFI-04" duration="00:00:00.0021045" startTime="2023-12-22T09:32:59.5760646+01:00" endTime="2023-12-22T09:32:59.5785735+01:00" testType="13cdc9d9-ddb5-4fa4-a97d-d965ccfc6d4b" outcome="Passed" testListId="8c84fa94-04c1-424b-9868-57a2d4851a1d" relativeResultsDirectory="f3e333e0-cf54-4625-9dda-1a1d9723b938" />
    <UnitTestResult executionId="b079aa44-7055-4341-acde-6196ec8ec73c" testId="0cc1a792-32db-3643-8570-b5f3ee785740" testName="ValidateToken_RefreshIntervalNotReached_CachedConfig" computerName="DKSR-EFI-04" duration="00:00:00.1151091" startTime="2023-12-22T09:32:59.3364133+01:00" endTime="2023-12-22T09:32:59.4517336+01:00" testType="13cdc9d9-ddb5-4fa4-a97d-d965ccfc6d4b" outcome="Passed" testListId="8c84fa94-04c1-424b-9868-57a2d4851a1d" relativeResultsDirectory="b079aa44-7055-4341-acde-6196ec8ec73c" />
    <UnitTestResult executionId="0f0bb9ce-7c17-4db9-8db7-4b9f79046747" testId="a27779ab-d479-2618-c0d6-39c534be7415" testName="VerifyEndpointSupportsSsl_InvalidParam_Null_Throws_ArgumentNullException" computerName="DKSR-EFI-04" duration="00:00:00.0026897" startTime="2023-12-22T09:33:00.2153415+01:00" endTime="2023-12-22T09:33:00.2182228+01:00" testType="13cdc9d9-ddb5-4fa4-a97d-d965ccfc6d4b" outcome="Passed" testListId="8c84fa94-04c1-424b-9868-57a2d4851a1d" relativeResultsDirectory="0f0bb9ce-7c17-4db9-8db7-4b9f79046747" />
    <UnitTestResult executionId="53d0f65e-31f1-4b4b-981a-ff4e9cb1c0b0" testId="6305c415-2662-3605-7a21-6246fd795db9" testName="Constructor_EmptyRefreshToken_ThrowsArgumentNullException" computerName="DKSR-EFI-04" duration="00:00:00.0003370" startTime="2023-12-22T09:33:00.2671170+01:00" endTime="2023-12-22T09:33:00.2675935+01:00" testType="13cdc9d9-ddb5-4fa4-a97d-d965ccfc6d4b" outcome="Passed" testListId="8c84fa94-04c1-424b-9868-57a2d4851a1d" relativeResultsDirectory="53d0f65e-31f1-4b4b-981a-ff4e9cb1c0b0" />
    <UnitTestResult executionId="c5598a2f-4871-459d-aef8-fbe1e6a8940c" testId="3d28f919-d5cf-6a4a-935f-5362d819b368" testName="Configure_ClientSecretIsSetInSecretOptionsObject" computerName="DKSR-EFI-04" duration="00:00:00.0011038" startTime="2023-12-22T09:33:00.5311490+01:00" endTime="2023-12-22T09:33:00.5324438+01:00" testType="13cdc9d9-ddb5-4fa4-a97d-d965ccfc6d4b" outcome="Passed" testListId="8c84fa94-04c1-424b-9868-57a2d4851a1d" relativeResultsDirectory="c5598a2f-4871-459d-aef8-fbe1e6a8940c" />
    <UnitTestResult executionId="4ab2b9da-4a8f-4d62-8c6c-e0e4d6f0277e" testId="be2661e6-13a2-efcd-f033-26370e5bd14f" testName="Retrieve_NullIdpTokenClient_ThrowsArgumentNullException" computerName="DKSR-EFI-04" duration="00:00:00.0009649" startTime="2023-12-22T09:33:00.2596746+01:00" endTime="2023-12-22T09:33:00.2608403+01:00" testType="13cdc9d9-ddb5-4fa4-a97d-d965ccfc6d4b" outcome="Passed" testListId="8c84fa94-04c1-424b-9868-57a2d4851a1d" relativeResultsDirectory="4ab2b9da-4a8f-4d62-8c6c-e0e4d6f0277e" />
    <UnitTestResult executionId="0968bed7-c005-4b21-b174-f16f257e7a6c" testId="2c3c5b9a-85d3-0ea3-3ec1-f527226951f2" testName="RegisterClient_ScopesAreNull_ThrowArgumentNullException" computerName="DKSR-EFI-04" duration="00:00:00.0011262" startTime="2023-12-22T09:33:00.0896043+01:00" endTime="2023-12-22T09:33:00.0909366+01:00" testType="13cdc9d9-ddb5-4fa4-a97d-d965ccfc6d4b" outcome="Passed" testListId="8c84fa94-04c1-424b-9868-57a2d4851a1d" relativeResultsDirectory="0968bed7-c005-4b21-b174-f16f257e7a6c" />
    <UnitTestResult executionId="86584e3e-c5fe-44e8-b609-c66c9b69198d" testId="98edab49-64e8-bcaf-beed-559fb53bdf3f" testName="CreateException_DuplicateAdminIdentity_Is_DuplicateAdminIdentityException" computerName="DKSR-EFI-04" duration="00:00:00.0002975" startTime="2023-12-22T09:33:00.5704185+01:00" endTime="2023-12-22T09:33:00.5708387+01:00" testType="13cdc9d9-ddb5-4fa4-a97d-d965ccfc6d4b" outcome="Passed" testListId="8c84fa94-04c1-424b-9868-57a2d4851a1d" relativeResultsDirectory="86584e3e-c5fe-44e8-b609-c66c9b69198d" />
    <UnitTestResult executionId="c3c367ab-cb71-4c46-9850-8ae5744bc9af" testId="f0bc3cf2-7e7b-22f4-8d42-04d99e358cfe" testName="Ctor_AudiencesIsEmpty_DoNotThrowException" computerName="DKSR-EFI-04" duration="00:00:00.0004145" startTime="2023-12-22T09:32:59.5845765+01:00" endTime="2023-12-22T09:32:59.5851787+01:00" testType="13cdc9d9-ddb5-4fa4-a97d-d965ccfc6d4b" outcome="Passed" testListId="8c84fa94-04c1-424b-9868-57a2d4851a1d" relativeResultsDirectory="c3c367ab-cb71-4c46-9850-8ae5744bc9af" />
    <UnitTestResult executionId="8bacdcfa-9895-4879-8bae-875b788c7d79" testId="0ae882bf-7b3d-9ae3-2fd3-8f4782af29c4" testName="CreateException_DuplicateEmail_Is_EmailAlreadyExistsException" computerName="DKSR-EFI-04" duration="00:00:00.0002652" startTime="2023-12-22T09:33:00.5550603+01:00" endTime="2023-12-22T09:33:00.5554416+01:00" testType="13cdc9d9-ddb5-4fa4-a97d-d965ccfc6d4b" outcome="Passed" testListId="8c84fa94-04c1-424b-9868-57a2d4851a1d" relativeResultsDirectory="8bacdcfa-9895-4879-8bae-875b788c7d79" />
    <UnitTestResult executionId="7b99bdb0-fbab-40e4-a504-cd956ec882e1" testId="24757d53-50b6-4207-edb9-4d7b85e83ec0" testName="CreateException_InvalidCode_Throws_ArgumentOutOfRangeException" computerName="DKSR-EFI-04" duration="00:00:00.0009487" startTime="2023-12-22T09:33:00.5332062+01:00" endTime="2023-12-22T09:33:00.5347769+01:00" testType="13cdc9d9-ddb5-4fa4-a97d-d965ccfc6d4b" outcome="Passed" testListId="8c84fa94-04c1-424b-9868-57a2d4851a1d" relativeResultsDirectory="7b99bdb0-fbab-40e4-a504-cd956ec882e1" />
    <UnitTestResult executionId="72d956f3-632b-4d6e-9e44-4fbf56e482e5" testId="6fb4517f-b4e4-4771-fc0a-9b00bebd656e" testName="Construct_InvalidParam_GrantType_Null_Throws_ArgumentNullException" computerName="DKSR-EFI-04" duration="00:00:00.0003180" startTime="2023-12-22T09:33:00.4225570+01:00" endTime="2023-12-22T09:33:00.4230294+01:00" testType="13cdc9d9-ddb5-4fa4-a97d-d965ccfc6d4b" outcome="Passed" testListId="8c84fa94-04c1-424b-9868-57a2d4851a1d" relativeResultsDirectory="72d956f3-632b-4d6e-9e44-4fbf56e482e5" />
    <UnitTestResult executionId="4d3314e8-4ad6-4d91-8d8c-2d49c947a8a1" testId="8acb64df-af33-04f7-00cd-764cd60dcd21" testName="Construct_DefaultConstructor_UsesDefaultTimeout_Success" computerName="DKSR-EFI-04" duration="00:00:00.0006893" startTime="2023-12-22T09:33:00.2121478+01:00" endTime="2023-12-22T09:33:00.2132617+01:00" testType="13cdc9d9-ddb5-4fa4-a97d-d965ccfc6d4b" outcome="Passed" testListId="8c84fa94-04c1-424b-9868-57a2d4851a1d" relativeResultsDirectory="4d3314e8-4ad6-4d91-8d8c-2d49c947a8a1" />
    <UnitTestResult executionId="2034cb2b-f6a9-49a8-83d1-b98d11ccb664" testId="3c121194-5cce-c4ca-1fab-08ec04d15250" testName="CreateException_404_Is_NotFoundException" computerName="DKSR-EFI-04" duration="00:00:00.0002983" startTime="2023-12-22T09:33:00.5400493+01:00" endTime="2023-12-22T09:33:00.5406296+01:00" testType="13cdc9d9-ddb5-4fa4-a97d-d965ccfc6d4b" outcome="Passed" testListId="8c84fa94-04c1-424b-9868-57a2d4851a1d" relativeResultsDirectory="2034cb2b-f6a9-49a8-83d1-b98d11ccb664" />
    <UnitTestResult executionId="1ce630a5-21e2-4a1a-a416-355a534a044f" testId="abc17b2d-2fdc-8231-f8f9-d08681dce944" testName="Construct_InvalidParam_GrantType_EmptyString_Throws_ArgumentNullException" computerName="DKSR-EFI-04" duration="00:00:00.0003416" startTime="2023-12-22T09:33:00.4249748+01:00" endTime="2023-12-22T09:33:00.4254732+01:00" testType="13cdc9d9-ddb5-4fa4-a97d-d965ccfc6d4b" outcome="Passed" testListId="8c84fa94-04c1-424b-9868-57a2d4851a1d" relativeResultsDirectory="1ce630a5-21e2-4a1a-a416-355a534a044f" />
    <UnitTestResult executionId="c59c2ed0-4098-4649-b2dc-d3d1a76f1d86" testId="2094e3f3-bb74-95c3-1e50-e6fdef78ea13" testName="GetTokenResponseAsync_HttpStatusIsNotOk_IdpExceptionIsThrown (VideoOS.IdentityServer.Common.Exceptions.InternalServerErrorException,InternalServerError)" computerName="DKSR-EFI-04" duration="00:00:00.0010714" startTime="2023-12-22T09:32:58.2494546+01:00" endTime="2023-12-22T09:32:58.2540856+01:00" testType="13cdc9d9-ddb5-4fa4-a97d-d965ccfc6d4b" outcome="Passed" testListId="8c84fa94-04c1-424b-9868-57a2d4851a1d" relativeResultsDirectory="c59c2ed0-4098-4649-b2dc-d3d1a76f1d86" />
    <UnitTestResult executionId="a925a1d7-312e-4713-b6dc-72280761a9d6" testId="4049cd8f-4722-f786-6675-c96c049dafca" testName="HandleException_UnexpectedExceptionType_ReturnsFalse" computerName="DKSR-EFI-04" duration="00:00:00.0001557" startTime="2023-12-22T09:33:00.2930411+01:00" endTime="2023-12-22T09:33:00.2933030+01:00" testType="13cdc9d9-ddb5-4fa4-a97d-d965ccfc6d4b" outcome="Passed" testListId="8c84fa94-04c1-424b-9868-57a2d4851a1d" relativeResultsDirectory="a925a1d7-312e-4713-b6dc-72280761a9d6" />
    <UnitTestResult executionId="c4843d95-78b2-4eef-82f3-50553b8fdd09" testId="44c7436c-905a-58ad-44f0-0942a51a60c8" testName="Constructor_RequestedScopes_Filtered_by_Supported" computerName="DKSR-EFI-04" duration="00:00:00.0136333" startTime="2023-12-22T09:33:00.2371281+01:00" endTime="2023-12-22T09:33:00.2509275+01:00" testType="13cdc9d9-ddb5-4fa4-a97d-d965ccfc6d4b" outcome="Passed" testListId="8c84fa94-04c1-424b-9868-57a2d4851a1d" relativeResultsDirectory="c4843d95-78b2-4eef-82f3-50553b8fdd09" />
    <UnitTestResult executionId="8369a819-1a7c-4f4d-a088-8c0750eb4699" testId="ecb758fe-0180-464c-e553-3e17f3a94b1f" testName="HasValidScheme_UriIsNetPipe_ReturnsTrue" computerName="DKSR-EFI-04" duration="00:00:00.0001794" startTime="2023-12-22T09:33:00.3023145+01:00" endTime="2023-12-22T09:33:00.3026082+01:00" testType="13cdc9d9-ddb5-4fa4-a97d-d965ccfc6d4b" outcome="Passed" testListId="8c84fa94-04c1-424b-9868-57a2d4851a1d" relativeResultsDirectory="8369a819-1a7c-4f4d-a088-8c0750eb4699" />
    <UnitTestResult executionId="c511134c-bbd3-4019-a7ae-a1032dd397af" testId="37cca059-17dd-1ce4-7f7a-261dd96b9c03" testName="HasValidScheme_UriIsNntp_ReturnsTrue" computerName="DKSR-EFI-04" duration="00:00:00.0001816" startTime="2023-12-22T09:33:00.3050842+01:00" endTime="2023-12-22T09:33:00.3053747+01:00" testType="13cdc9d9-ddb5-4fa4-a97d-d965ccfc6d4b" outcome="Passed" testListId="8c84fa94-04c1-424b-9868-57a2d4851a1d" relativeResultsDirectory="c511134c-bbd3-4019-a7ae-a1032dd397af" />
    <UnitTestResult executionId="a1a4c99e-34ee-474e-9fee-4cb695a5ae2d" testId="8960bb52-9b82-13fc-c2b9-b466022a1aa2" testName="ValidateToken_TokenIsNull_ThrowArgumentNullException" computerName="DKSR-EFI-04" duration="00:00:00.0529703" startTime="2023-12-22T09:32:59.5860772+01:00" endTime="2023-12-22T09:32:59.6396224+01:00" testType="13cdc9d9-ddb5-4fa4-a97d-d965ccfc6d4b" outcome="Passed" testListId="8c84fa94-04c1-424b-9868-57a2d4851a1d" relativeResultsDirectory="a1a4c99e-34ee-474e-9fee-4cb695a5ae2d" />
    <UnitTestResult executionId="c6f1433e-9a89-4902-8340-cfc1c7d15a16" testId="f740022f-70ee-66e1-da38-2c4767f72ea7" testName="UserName_HasNameClaim_ReturnsUserName" computerName="DKSR-EFI-04" duration="00:00:00.0014849" startTime="2023-12-22T09:33:00.4833447+01:00" endTime="2023-12-22T09:33:00.4849658+01:00" testType="13cdc9d9-ddb5-4fa4-a97d-d965ccfc6d4b" outcome="Passed" testListId="8c84fa94-04c1-424b-9868-57a2d4851a1d" relativeResultsDirectory="c6f1433e-9a89-4902-8340-cfc1c7d15a16" />
    <UnitTestResult executionId="6e066533-256e-4934-a9d5-c557c5a61cd7" testId="d85ce454-c380-2ac2-ff60-059c934c0c87" testName="ValidateToken_Success_ClaimsPrincipal" computerName="DKSR-EFI-04" duration="00:00:00.4559187" startTime="2023-12-22T09:32:58.3769337+01:00" endTime="2023-12-22T09:32:58.8330466+01:00" testType="13cdc9d9-ddb5-4fa4-a97d-d965ccfc6d4b" outcome="Passed" testListId="8c84fa94-04c1-424b-9868-57a2d4851a1d" relativeResultsDirectory="6e066533-256e-4934-a9d5-c557c5a61cd7" />
    <UnitTestResult executionId="ee6354b1-d704-4313-b6a3-0d3feb64e3b0" testId="a1533602-6410-91ea-863d-c06356133eae" testName="ValidateToken_MetaDataLoadNotDelayed_MetaDataLoadNotDelayed" computerName="DKSR-EFI-04" duration="00:00:00.0046130" startTime="2023-12-22T09:32:58.3713494+01:00" endTime="2023-12-22T09:32:58.3761698+01:00" testType="13cdc9d9-ddb5-4fa4-a97d-d965ccfc6d4b" outcome="Passed" testListId="8c84fa94-04c1-424b-9868-57a2d4851a1d" relativeResultsDirectory="ee6354b1-d704-4313-b6a3-0d3feb64e3b0" />
    <UnitTestResult executionId="fbbaf5cd-2c20-4b69-a383-c009cfb51c28" testId="1620f4f3-fa43-753e-a977-2bf07d76d45d" testName="HasValidScheme_UriIsMailTo_ReturnsTrue" computerName="DKSR-EFI-04" duration="00:00:00.0002061" startTime="2023-12-22T09:33:00.3013952+01:00" endTime="2023-12-22T09:33:00.3017170+01:00" testType="13cdc9d9-ddb5-4fa4-a97d-d965ccfc6d4b" outcome="Passed" testListId="8c84fa94-04c1-424b-9868-57a2d4851a1d" relativeResultsDirectory="fbbaf5cd-2c20-4b69-a383-c009cfb51c28" />
    <UnitTestResult executionId="5ce57c58-c4ab-4bb5-a4c5-c20b1fb5d7bc" testId="aee78e02-d706-9f06-c554-ee7aa708e371" testName="Start_TimeToTokenExpireUnder5min_TokenCacheUpdated" computerName="DKSR-EFI-04" duration="00:00:00.0158737" startTime="2023-12-22T09:33:00.3514584+01:00" endTime="2023-12-22T09:33:00.3675302+01:00" testType="13cdc9d9-ddb5-4fa4-a97d-d965ccfc6d4b" outcome="Passed" testListId="8c84fa94-04c1-424b-9868-57a2d4851a1d" relativeResultsDirectory="5ce57c58-c4ab-4bb5-a4c5-c20b1fb5d7bc" />
    <UnitTestResult executionId="718ca6d0-1737-4eda-81e8-072f1c61e784" testId="355371bd-45fe-c229-5034-898ad04eb1dc" testName="GetTokenResponseAsync_HttpStatusIsNotOk_IdpExceptionIsThrown (VideoOS.IdentityServer.Common.Exceptions.InternalServerErrorException,InternalServerError)" computerName="DKSR-EFI-04" duration="00:00:00.0015175" startTime="2023-12-22T09:32:58.1304287+01:00" endTime="2023-12-22T09:32:58.1434276+01:00" testType="13cdc9d9-ddb5-4fa4-a97d-d965ccfc6d4b" outcome="Passed" testListId="8c84fa94-04c1-424b-9868-57a2d4851a1d" relativeResultsDirectory="718ca6d0-1737-4eda-81e8-072f1c61e784" />
    <UnitTestResult executionId="68d77ca7-b25b-45fd-8abe-f2af96151f16" testId="1eb96942-90b7-e230-1cfa-7966bc14fec4" testName="GetTokenResponseAsync_TokenHandlerDisposedBeforeCall_ObjectDisposedException" computerName="DKSR-EFI-04" duration="00:00:00.0128780" startTime="2023-12-22T09:32:58.1442087+01:00" endTime="2023-12-22T09:32:58.1575658+01:00" testType="13cdc9d9-ddb5-4fa4-a97d-d965ccfc6d4b" outcome="Passed" testListId="8c84fa94-04c1-424b-9868-57a2d4851a1d" relativeResultsDirectory="68d77ca7-b25b-45fd-8abe-f2af96151f16" />
    <UnitTestResult executionId="634ea307-d7b2-49b5-be43-e343033e0e21" testId="92550fd5-a5b3-6c37-05cc-685664f25370" testName="IsTokenExpired_TokenExpiration_ExpiredReturnTrueNotExpiredReturnFalse (1,False)" computerName="DKSR-EFI-04" duration="00:00:00.0021743" startTime="2023-12-22T09:33:00.3892738+01:00" endTime="2023-12-22T09:33:00.3955317+01:00" testType="13cdc9d9-ddb5-4fa4-a97d-d965ccfc6d4b" outcome="Passed" testListId="8c84fa94-04c1-424b-9868-57a2d4851a1d" relativeResultsDirectory="634ea307-d7b2-49b5-be43-e343033e0e21" />
    <UnitTestResult executionId="43e8d6a7-6282-4d6d-9796-a8bfe1fea424" testId="5fc9fa5a-5fe3-b72e-18ec-1d655d4e8290" testName="CreateException_401_Is_UnauthorizedException" computerName="DKSR-EFI-04" duration="00:00:00.0002778" startTime="2023-12-22T09:33:00.5364178+01:00" endTime="2023-12-22T09:33:00.5368283+01:00" testType="13cdc9d9-ddb5-4fa4-a97d-d965ccfc6d4b" outcome="Passed" testListId="8c84fa94-04c1-424b-9868-57a2d4851a1d" relativeResultsDirectory="43e8d6a7-6282-4d6d-9796-a8bfe1fea424" />
    <UnitTestResult executionId="8c65aa2c-3cee-46fc-a79c-6ece2f5e41fb" testId="b05795f0-d2f6-22ea-cbc0-12b777940158" testName="Constructor_ScopeIsNull_ThrowArgumentNullException" computerName="DKSR-EFI-04" duration="00:00:00.0004794" startTime="2023-12-22T09:32:58.2397406+01:00" endTime="2023-12-22T09:32:58.2404344+01:00" testType="13cdc9d9-ddb5-4fa4-a97d-d965ccfc6d4b" outcome="Passed" testListId="8c84fa94-04c1-424b-9868-57a2d4851a1d" relativeResultsDirectory="8c65aa2c-3cee-46fc-a79c-6ece2f5e41fb" />
    <UnitTestResult executionId="eaf49f94-600c-48df-b326-a8192e4bb5ac" testId="26714a1a-41f7-451e-82b0-891505fd3754" testName="CreateException_LockedOut_Is_LockedOutException" computerName="DKSR-EFI-04" duration="00:00:00.0002518" startTime="2023-12-22T09:33:00.5490984+01:00" endTime="2023-12-22T09:33:00.5494750+01:00" testType="13cdc9d9-ddb5-4fa4-a97d-d965ccfc6d4b" outcome="Passed" testListId="8c84fa94-04c1-424b-9868-57a2d4851a1d" relativeResultsDirectory="eaf49f94-600c-48df-b326-a8192e4bb5ac" />
    <UnitTestResult executionId="9510b87f-a37f-4136-a541-7393e90878a6" testId="cac73a53-b4ae-6c1b-3bae-7a153785b4c5" testName="GetAsync_CallCancelled_OperationCanceledException" computerName="DKSR-EFI-04" duration="00:00:00.0028606" startTime="2023-12-22T09:33:00.0770714+01:00" endTime="2023-12-22T09:33:00.0801051+01:00" testType="13cdc9d9-ddb5-4fa4-a97d-d965ccfc6d4b" outcome="Passed" testListId="8c84fa94-04c1-424b-9868-57a2d4851a1d" relativeResultsDirectory="9510b87f-a37f-4136-a541-7393e90878a6" />
    <UnitTestResult executionId="c522330a-8172-474e-8b10-4fee97946b08" testId="7c241f9b-2b9f-c010-004c-ec717a0175c5" testName="Start_TokenRefreshSuccess_StartTimerInterval10" computerName="DKSR-EFI-04" duration="00:00:00.0060110" startTime="2023-12-22T09:33:00.3404868+01:00" endTime="2023-12-22T09:33:00.3467047+01:00" testType="13cdc9d9-ddb5-4fa4-a97d-d965ccfc6d4b" outcome="Passed" testListId="8c84fa94-04c1-424b-9868-57a2d4851a1d" relativeResultsDirectory="c522330a-8172-474e-8b10-4fee97946b08" />
    <UnitTestResult executionId="89a99655-63db-4a1e-9924-1f9cf6791192" testId="b8901242-2f26-bc70-f843-5bf9455c7828" testName="IdpTokenClient_NonDefaultCredentials_HttpClientConfiguredToNotUseDefualtCredentials" computerName="DKSR-EFI-04" duration="00:00:00.0020166" startTime="2023-12-22T09:33:00.2014091+01:00" endTime="2023-12-22T09:33:00.2036028+01:00" testType="13cdc9d9-ddb5-4fa4-a97d-d965ccfc6d4b" outcome="Passed" testListId="8c84fa94-04c1-424b-9868-57a2d4851a1d" relativeResultsDirectory="89a99655-63db-4a1e-9924-1f9cf6791192" />
    <UnitTestResult executionId="84ccfe0f-4a3c-4c65-90ad-f2947663253e" testId="0d4bd5fb-a3e0-f3c1-4f95-139d2488ddad" testName="ValidateToken_SignatureKeyNotFoundMinimumRefreshIntervalNotReached_RefreshNotRequested" computerName="DKSR-EFI-04" duration="00:00:00.2396126" startTime="2023-12-22T09:32:58.8338352+01:00" endTime="2023-12-22T09:32:59.0736449+01:00" testType="13cdc9d9-ddb5-4fa4-a97d-d965ccfc6d4b" outcome="Passed" testListId="8c84fa94-04c1-424b-9868-57a2d4851a1d" relativeResultsDirectory="84ccfe0f-4a3c-4c65-90ad-f2947663253e" />
    <UnitTestResult executionId="5e82c344-bee3-4acb-9b14-e18b4fab3995" testId="00ff095b-4bc6-db53-f938-6a37bc01f46b" testName="CreateException_InvalidRoleName_Is_InvalidNameException" computerName="DKSR-EFI-04" duration="00:00:00.0002709" startTime="2023-12-22T09:33:00.5522855+01:00" endTime="2023-12-22T09:33:00.5526639+01:00" testType="13cdc9d9-ddb5-4fa4-a97d-d965ccfc6d4b" outcome="Passed" testListId="8c84fa94-04c1-424b-9868-57a2d4851a1d" relativeResultsDirectory="5e82c344-bee3-4acb-9b14-e18b4fab3995" />
    <UnitTestResult executionId="62bc92cf-708f-4040-8231-44f35401407b" testId="a01ac9ad-250e-dc3d-a656-c7b6a9fad9c5" testName="HasValidScheme_UriIsHostName_ReturnsFalse" computerName="DKSR-EFI-04" duration="00:00:00.0001617" startTime="2023-12-22T09:33:00.2952805+01:00" endTime="2023-12-22T09:33:00.2955499+01:00" testType="13cdc9d9-ddb5-4fa4-a97d-d965ccfc6d4b" outcome="Passed" testListId="8c84fa94-04c1-424b-9868-57a2d4851a1d" relativeResultsDirectory="62bc92cf-708f-4040-8231-44f35401407b" />
    <UnitTestResult executionId="84819c33-7866-4cc9-aa44-4fa1ad4e9a21" testId="ad89ac24-24de-f6bb-8252-5fda23ce2272" testName="Constructor_NullAccessToken_ThrowsArgumentNullException" computerName="DKSR-EFI-04" duration="00:00:00.0003586" startTime="2023-12-22T09:33:00.2648569+01:00" endTime="2023-12-22T09:33:00.2653805+01:00" testType="13cdc9d9-ddb5-4fa4-a97d-d965ccfc6d4b" outcome="Passed" testListId="8c84fa94-04c1-424b-9868-57a2d4851a1d" relativeResultsDirectory="84819c33-7866-4cc9-aa44-4fa1ad4e9a21" />
    <UnitTestResult executionId="e5d98ef1-9dbe-4cb4-a455-236491d3d11e" testId="b61d19a2-eeb7-66f5-f12f-c31f348cabd6" testName="ClientCredentialsAuthenticationAsync_StatusCodeOk_TokenResponseWithTokenIsReturned" computerName="DKSR-EFI-04" duration="00:00:00.0034226" startTime="2023-12-22T09:33:00.1702349+01:00" endTime="2023-12-22T09:33:00.1738311+01:00" testType="13cdc9d9-ddb5-4fa4-a97d-d965ccfc6d4b" outcome="Passed" testListId="8c84fa94-04c1-424b-9868-57a2d4851a1d" relativeResultsDirectory="e5d98ef1-9dbe-4cb4-a455-236491d3d11e" />
    <UnitTestResult executionId="64734f73-beb2-4b47-9dd8-9821ca0a931c" testId="29687309-d7e0-0838-a577-9dfd8b70cb79" testName="VerifyEndpointSupportsSsl_InvalidParam_TimeoutBelowMInimum_Throws_ArgumentException" computerName="DKSR-EFI-04" duration="00:00:00.0003794" startTime="2023-12-22T09:33:00.2287800+01:00" endTime="2023-12-22T09:33:00.2293226+01:00" testType="13cdc9d9-ddb5-4fa4-a97d-d965ccfc6d4b" outcome="Passed" testListId="8c84fa94-04c1-424b-9868-57a2d4851a1d" relativeResultsDirectory="64734f73-beb2-4b47-9dd8-9821ca0a931c" />
    <UnitTestResult executionId="ee0f2aa0-dc93-42f6-9fd8-0a2bb257fbd1" testId="4dc452ef-89de-ef92-35ba-5de565a80983" testName="IdpTokenClient_NullCredentials_HttpClientConfiguredToUseDefualtCredentials" computerName="DKSR-EFI-04" duration="00:00:00.0082182" startTime="2023-12-22T09:33:00.1833633+01:00" endTime="2023-12-22T09:33:00.1917587+01:00" testType="13cdc9d9-ddb5-4fa4-a97d-d965ccfc6d4b" outcome="Passed" testListId="8c84fa94-04c1-424b-9868-57a2d4851a1d" relativeResultsDirectory="ee0f2aa0-dc93-42f6-9fd8-0a2bb257fbd1" />
    <UnitTestResult executionId="c0c0ae33-cb9c-45ee-9dd2-6b4e723455ac" testId="b03e8e27-9937-91b2-5c08-fa8ff907b26f" testName="Constructor_Successful" computerName="DKSR-EFI-04" duration="00:00:00.0001578" startTime="2023-12-22T09:33:00.2714269+01:00" endTime="2023-12-22T09:33:00.2716981+01:00" testType="13cdc9d9-ddb5-4fa4-a97d-d965ccfc6d4b" outcome="Passed" testListId="8c84fa94-04c1-424b-9868-57a2d4851a1d" relativeResultsDirectory="c0c0ae33-cb9c-45ee-9dd2-6b4e723455ac" />
    <UnitTestResult executionId="10808d63-aaad-4e56-84c3-39101e16288e" testId="970cd01e-43a8-573f-d6bb-d3e5d63f1935" testName="ValidateToken_SubClaimMissing_SystemClaimIsAddedToClaims" computerName="DKSR-EFI-04" duration="00:00:00.0205912" startTime="2023-12-22T09:32:59.6433688+01:00" endTime="2023-12-22T09:32:59.6642237+01:00" testType="13cdc9d9-ddb5-4fa4-a97d-d965ccfc6d4b" outcome="Passed" testListId="8c84fa94-04c1-424b-9868-57a2d4851a1d" relativeResultsDirectory="10808d63-aaad-4e56-84c3-39101e16288e" />
    <UnitTestResult executionId="5e016e9a-3d0b-4a07-805a-a02348756c04" testId="730bef14-9053-6444-695c-2c9c89ef8f7a" testName="ValidateIdpServer_HttpsAddressInvalidPort_ShouldThrow" computerName="DKSR-EFI-04" startTime="2023-12-22T09:33:00.2082420+01:00" endTime="2023-12-22T09:33:00.2083787+01:00" testType="13cdc9d9-ddb5-4fa4-a97d-d965ccfc6d4b" outcome="NotExecuted" testListId="8c84fa94-04c1-424b-9868-57a2d4851a1d" relativeResultsDirectory="5e016e9a-3d0b-4a07-805a-a02348756c04">
      <Output></Output>
    </UnitTestResult>
    <UnitTestResult executionId="b88c3b94-9402-4ddb-8e3c-673daa4c7c38" testId="5304b9a1-8d75-0736-1781-57659e307ca7" testName="IsTokenExpired_RefreshTokenIsNotCalled_ReturnFalse" computerName="DKSR-EFI-04" duration="00:00:00.0007886" startTime="2023-12-22T09:33:00.4631674+01:00" endTime="2023-12-22T09:33:00.4640987+01:00" testType="13cdc9d9-ddb5-4fa4-a97d-d965ccfc6d4b" outcome="Passed" testListId="8c84fa94-04c1-424b-9868-57a2d4851a1d" relativeResultsDirectory="b88c3b94-9402-4ddb-8e3c-673daa4c7c38" />
    <UnitTestResult executionId="d5ed09dd-c3ce-495b-bee7-8510afcf4f3b" testId="bf705ae1-67a7-5fa6-c13f-a22026ecd395" testName="Retrieve_NullProvider_ThrowsArgumentNullException" computerName="DKSR-EFI-04" duration="00:00:00.0038184" startTime="2023-12-22T09:33:00.2516548+01:00" endTime="2023-12-22T09:33:00.2557405+01:00" testType="13cdc9d9-ddb5-4fa4-a97d-d965ccfc6d4b" outcome="Passed" testListId="8c84fa94-04c1-424b-9868-57a2d4851a1d" relativeResultsDirectory="d5ed09dd-c3ce-495b-bee7-8510afcf4f3b" />
    <UnitTestResult executionId="134af2bc-fcf6-4c25-991b-e90b6ef57e7a" testId="27aea1a6-1e4c-b203-2089-de14d612090c" testName="Constructor_EmptyProvider_ThrowsArgumentNullException" computerName="DKSR-EFI-04" duration="00:00:00.0005161" startTime="2023-12-22T09:32:58.2105620+01:00" endTime="2023-12-22T09:32:58.2113468+01:00" testType="13cdc9d9-ddb5-4fa4-a97d-d965ccfc6d4b" outcome="Passed" testListId="8c84fa94-04c1-424b-9868-57a2d4851a1d" relativeResultsDirectory="134af2bc-fcf6-4c25-991b-e90b6ef57e7a" />
    <UnitTestResult executionId="53aa25a2-1932-4381-9b74-75e9eba58514" testId="19645128-e202-44ae-34e1-bebb765d5926" testName="GetClaimValue_IdTokenNotRetrieved_Throws_InvalidOperationException" computerName="DKSR-EFI-04" duration="00:00:00.0009267" startTime="2023-12-22T09:33:00.4712889+01:00" endTime="2023-12-22T09:33:00.4724079+01:00" testType="13cdc9d9-ddb5-4fa4-a97d-d965ccfc6d4b" outcome="Passed" testListId="8c84fa94-04c1-424b-9868-57a2d4851a1d" relativeResultsDirectory="53aa25a2-1932-4381-9b74-75e9eba58514" />
    <UnitTestResult executionId="bb75b1e7-813d-49d3-9937-d394e3ffd5fc" testId="8b0bbd88-d4e3-018e-eff8-fdef5f0617d3" testName="HandleException_WebException_Status_KeepAliveFailure_ReturnsTrue" computerName="DKSR-EFI-04" duration="00:00:00.0001644" startTime="2023-12-22T09:33:00.2892122+01:00" endTime="2023-12-22T09:33:00.2894837+01:00" testType="13cdc9d9-ddb5-4fa4-a97d-d965ccfc6d4b" outcome="Passed" testListId="8c84fa94-04c1-424b-9868-57a2d4851a1d" relativeResultsDirectory="bb75b1e7-813d-49d3-9937-d394e3ffd5fc" />
    <UnitTestResult executionId="a329a451-a898-4b07-afdb-feb2e186c621" testId="80b98953-0430-0651-0920-d07f5f37c65f" testName="RegisterClient_ResponseHasSuccessfulStatusCode_ModelWithSecretIsReturned" computerName="DKSR-EFI-04" duration="00:00:00.0054965" startTime="2023-12-22T09:33:00.1123435+01:00" endTime="2023-12-22T09:33:00.1180459+01:00" testType="13cdc9d9-ddb5-4fa4-a97d-d965ccfc6d4b" outcome="Passed" testListId="8c84fa94-04c1-424b-9868-57a2d4851a1d" relativeResultsDirectory="a329a451-a898-4b07-afdb-feb2e186c621" />
    <UnitTestResult executionId="2578d47b-aeb5-40b3-aaf7-f69f0152d1a1" testId="99565e95-1a0c-269c-a11f-12a2852883ea" testName="HasValidScheme_UriIsNetTcp_ReturnsTrue" computerName="DKSR-EFI-04" duration="00:00:00.0001891" startTime="2023-12-22T09:33:00.3032794+01:00" endTime="2023-12-22T09:33:00.3036123+01:00" testType="13cdc9d9-ddb5-4fa4-a97d-d965ccfc6d4b" outcome="Passed" testListId="8c84fa94-04c1-424b-9868-57a2d4851a1d" relativeResultsDirectory="2578d47b-aeb5-40b3-aaf7-f69f0152d1a1" />
    <UnitTestResult executionId="5dcc0c1d-4f49-457a-89a1-4ac67482634d" testId="8a9bf480-5820-5db4-cbbc-995cdda4b03b" testName="Start_TimeToTokenExpireUnder5min_TriesToGetNewToken" computerName="DKSR-EFI-04" duration="00:00:00.0020899" startTime="2023-12-22T09:33:00.4515522+01:00" endTime="2023-12-22T09:33:00.4539226+01:00" testType="13cdc9d9-ddb5-4fa4-a97d-d965ccfc6d4b" outcome="Passed" testListId="8c84fa94-04c1-424b-9868-57a2d4851a1d" relativeResultsDirectory="5dcc0c1d-4f49-457a-89a1-4ac67482634d" />
    <UnitTestResult executionId="119bf459-0466-4e70-9d0e-210c71317dfb" testId="11e2d426-0f64-e877-4f88-684b98f80094" testName="Constructor_NullRequestedScopes_ThrowsArgumentNullException" computerName="DKSR-EFI-04" duration="00:00:00.0004081" startTime="2023-12-22T09:33:00.2359173+01:00" endTime="2023-12-22T09:33:00.2365179+01:00" testType="13cdc9d9-ddb5-4fa4-a97d-d965ccfc6d4b" outcome="Passed" testListId="8c84fa94-04c1-424b-9868-57a2d4851a1d" relativeResultsDirectory="119bf459-0466-4e70-9d0e-210c71317dfb" />
    <UnitTestResult executionId="c8b1a18b-dba9-4570-beff-5d074be22c1f" testId="6dc7da62-c15b-7e96-f1c6-3eedd5697243" testName="GetAsync_UriInputIsNull_ThrowArgumentNullException" computerName="DKSR-EFI-04" duration="00:00:00.0014264" startTime="2023-12-22T09:33:00.0108650+01:00" endTime="2023-12-22T09:33:00.0126133+01:00" testType="13cdc9d9-ddb5-4fa4-a97d-d965ccfc6d4b" outcome="Passed" testListId="8c84fa94-04c1-424b-9868-57a2d4851a1d" relativeResultsDirectory="c8b1a18b-dba9-4570-beff-5d074be22c1f" />
    <UnitTestResult executionId="aaea3073-ad64-4007-900a-d96ec6dd2017" testId="a22a5490-f8cc-bbba-c479-58ecdc58c38a" testName="ValidateToken_SignatureKeyNotFound_RefreshRequested" computerName="DKSR-EFI-04" duration="00:00:00.1680071" startTime="2023-12-22T09:32:59.6691090+01:00" endTime="2023-12-22T09:32:59.8373794+01:00" testType="13cdc9d9-ddb5-4fa4-a97d-d965ccfc6d4b" outcome="Passed" testListId="8c84fa94-04c1-424b-9868-57a2d4851a1d" relativeResultsDirectory="aaea3073-ad64-4007-900a-d96ec6dd2017" />
    <UnitTestResult executionId="353d17c2-660d-42f8-94fc-a5153d95ca8f" testId="2a8032ec-2494-843d-f098-18bbc743b65d" testName="UserName_HasNameClaim_ReturnsUserName" computerName="DKSR-EFI-04" duration="00:00:00.0020006" startTime="2023-12-22T09:33:00.4150658+01:00" endTime="2023-12-22T09:33:00.4172043+01:00" testType="13cdc9d9-ddb5-4fa4-a97d-d965ccfc6d4b" outcome="Passed" testListId="8c84fa94-04c1-424b-9868-57a2d4851a1d" relativeResultsDirectory="353d17c2-660d-42f8-94fc-a5153d95ca8f" />
    <UnitTestResult executionId="9c3b4645-7a6a-469c-b3f9-745ab246648f" testId="59315ec5-850b-190c-1c3a-c69be3cf286e" testName="GetAsync_SuccessfulResponse_OutstandingCallCanceled" computerName="DKSR-EFI-04" duration="00:00:00.0136806" startTime="2023-12-22T09:33:00.0575598+01:00" endTime="2023-12-22T09:33:00.0714229+01:00" testType="13cdc9d9-ddb5-4fa4-a97d-d965ccfc6d4b" outcome="Passed" testListId="8c84fa94-04c1-424b-9868-57a2d4851a1d" relativeResultsDirectory="9c3b4645-7a6a-469c-b3f9-745ab246648f" />
    <UnitTestResult executionId="f2f29222-22cd-4aeb-992b-a9690afe7dbf" testId="aac9aae4-033c-5a4d-bf6f-6c295840a3fd" testName="RegisterAuthorizationCodeClient_RedirectUrisIsEmpty_ThrowArgumentException" computerName="DKSR-EFI-04" duration="00:00:00.0010016" startTime="2023-12-22T09:33:00.1585784+01:00" endTime="2023-12-22T09:33:00.1597247+01:00" testType="13cdc9d9-ddb5-4fa4-a97d-d965ccfc6d4b" outcome="Passed" testListId="8c84fa94-04c1-424b-9868-57a2d4851a1d" relativeResultsDirectory="f2f29222-22cd-4aeb-992b-a9690afe7dbf" />
    <UnitTestResult executionId="b18a8cc4-8ebf-4e36-97b5-1bb842176956" testId="78041a23-7bf7-db78-694f-dcf00358b174" testName="HandleException_IdentityServerTokenException_ReturnsTrue" computerName="DKSR-EFI-04" duration="00:00:00.0002273" startTime="2023-12-22T09:33:00.2764557+01:00" endTime="2023-12-22T09:33:00.2768096+01:00" testType="13cdc9d9-ddb5-4fa4-a97d-d965ccfc6d4b" outcome="Passed" testListId="8c84fa94-04c1-424b-9868-57a2d4851a1d" relativeResultsDirectory="b18a8cc4-8ebf-4e36-97b5-1bb842176956" />
    <UnitTestResult executionId="752edc71-4db5-45b6-8c09-0cb7714abc8d" testId="07e017ec-27c0-e3c7-e86f-7418562949bd" testName="Start_TokenRefreshFailed_StartTimerInterval5" computerName="DKSR-EFI-04" duration="00:00:00.0031384" startTime="2023-12-22T09:33:00.3474421+01:00" endTime="2023-12-22T09:33:00.3507780+01:00" testType="13cdc9d9-ddb5-4fa4-a97d-d965ccfc6d4b" outcome="Passed" testListId="8c84fa94-04c1-424b-9868-57a2d4851a1d" relativeResultsDirectory="752edc71-4db5-45b6-8c09-0cb7714abc8d" />
    <UnitTestResult executionId="94d9b01f-a911-4b59-bf33-ef814dd64228" testId="3c174b71-d834-497d-cddf-1a3c06acc75d" testName="Start_TimeToTokenExpireOver5min_TokenCacheNotUpdated" computerName="DKSR-EFI-04" duration="00:00:00.0034323" startTime="2023-12-22T09:33:00.3682438+01:00" endTime="2023-12-22T09:33:00.3719311+01:00" testType="13cdc9d9-ddb5-4fa4-a97d-d965ccfc6d4b" outcome="Passed" testListId="8c84fa94-04c1-424b-9868-57a2d4851a1d" relativeResultsDirectory="94d9b01f-a911-4b59-bf33-ef814dd64228" />
    <UnitTestResult executionId="a51abf86-3f78-4d31-bb31-26e2abdbce6c" testId="65770ab3-18b0-0e9f-399a-f7a04ea6e0e5" testName="CreateException_PasswordRequiresLower_Is_PasswordNotComplexEnoughException" computerName="DKSR-EFI-04" duration="00:00:00.0001908" startTime="2023-12-22T09:33:00.5592886+01:00" endTime="2023-12-22T09:33:00.5595861+01:00" testType="13cdc9d9-ddb5-4fa4-a97d-d965ccfc6d4b" outcome="Passed" testListId="8c84fa94-04c1-424b-9868-57a2d4851a1d" relativeResultsDirectory="a51abf86-3f78-4d31-bb31-26e2abdbce6c" />
    <UnitTestResult executionId="03e174ee-41b1-4f3f-ac16-fa09952d96f2" testId="21823bf0-ff7d-6139-8246-3e6c7fce3add" testName="TokenCache_Constructor_Scope_ArgumentNullException" computerName="DKSR-EFI-04" duration="00:00:00.0005700" startTime="2023-12-22T09:33:00.3195945+01:00" endTime="2023-12-22T09:33:00.3203829+01:00" testType="13cdc9d9-ddb5-4fa4-a97d-d965ccfc6d4b" outcome="Passed" testListId="8c84fa94-04c1-424b-9868-57a2d4851a1d" relativeResultsDirectory="03e174ee-41b1-4f3f-ac16-fa09952d96f2" />
    <UnitTestResult executionId="dc19ce0a-1bf7-459b-9e20-9a8f67deebe6" testId="3ff67faa-d3a0-075c-0c7a-09774bd03583" testName="HandleException_WebException_Status_ProtocolError_ReturnsFalse" computerName="DKSR-EFI-04" duration="00:00:00.0079315" startTime="2023-12-22T09:33:00.2774032+01:00" endTime="2023-12-22T09:33:00.2854971+01:00" testType="13cdc9d9-ddb5-4fa4-a97d-d965ccfc6d4b" outcome="Passed" testListId="8c84fa94-04c1-424b-9868-57a2d4851a1d" relativeResultsDirectory="dc19ce0a-1bf7-459b-9e20-9a8f67deebe6" />
    <UnitTestResult executionId="03af8b54-466c-4abe-8030-2e0ddcf9e077" testId="0f27abe8-3384-6920-a039-76a637899eb2" testName="Construct_UsesLargeCustomTimeout_Success" computerName="DKSR-EFI-04" duration="00:00:00.0001813" startTime="2023-12-22T09:33:00.2142664+01:00" endTime="2023-12-22T09:33:00.2146766+01:00" testType="13cdc9d9-ddb5-4fa4-a97d-d965ccfc6d4b" outcome="Passed" testListId="8c84fa94-04c1-424b-9868-57a2d4851a1d" relativeResultsDirectory="03af8b54-466c-4abe-8030-2e0ddcf9e077" />
    <UnitTestResult executionId="2d808f0b-d2c6-4bdb-adff-4cb632c01df6" testId="45e382ab-a2e7-81c4-c83f-6e836a16f442" testName="Start_TimeToTokenExpireOver5min_NewStart_TokenCacheUpdated" computerName="DKSR-EFI-04" duration="00:00:00.0037997" startTime="2023-12-22T09:33:00.3726095+01:00" endTime="2023-12-22T09:33:00.3765936+01:00" testType="13cdc9d9-ddb5-4fa4-a97d-d965ccfc6d4b" outcome="Passed" testListId="8c84fa94-04c1-424b-9868-57a2d4851a1d" relativeResultsDirectory="2d808f0b-d2c6-4bdb-adff-4cb632c01df6" />
    <UnitTestResult executionId="4589a1cc-cfb5-4f31-9a7a-23f9b0aad2bd" testId="083062ca-22b3-f842-aa3b-2548ef3b2afa" testName="RegisterClient_AccessTokenIsNull_ThrowArgumentException" computerName="DKSR-EFI-04" duration="00:00:00.0024437" startTime="2023-12-22T09:33:00.0915827+01:00" endTime="2023-12-22T09:33:00.0942041+01:00" testType="13cdc9d9-ddb5-4fa4-a97d-d965ccfc6d4b" outcome="Passed" testListId="8c84fa94-04c1-424b-9868-57a2d4851a1d" relativeResultsDirectory="4589a1cc-cfb5-4f31-9a7a-23f9b0aad2bd" />
    <UnitTestResult executionId="c65b7461-1f4d-4355-90f0-8e05e5c63d43" testId="ae9a110c-c4e6-e312-9fcd-2de5d21f98ff" testName="IsTokenExpired_TokenExpiration_ExpiredReturnTrueNotExpiredReturnFalse (1,False)" computerName="DKSR-EFI-04" duration="00:00:00.0017057" startTime="2023-12-22T09:33:00.4570728+01:00" endTime="2023-12-22T09:33:00.4589753+01:00" testType="13cdc9d9-ddb5-4fa4-a97d-d965ccfc6d4b" outcome="Passed" testListId="8c84fa94-04c1-424b-9868-57a2d4851a1d" relativeResultsDirectory="c65b7461-1f4d-4355-90f0-8e05e5c63d43" />
    <UnitTestResult executionId="46483120-abe1-450d-a28e-5568502eefa6" testId="05f6a519-6922-0d88-29ab-58670334a8c0" testName="BasicOpenAuthenticationHeaderValue_Constructor_EmptyUserName" computerName="DKSR-EFI-04" duration="00:00:00.0003775" startTime="2023-12-22T09:32:59.8412537+01:00" endTime="2023-12-22T09:32:59.8418025+01:00" testType="13cdc9d9-ddb5-4fa4-a97d-d965ccfc6d4b" outcome="Passed" testListId="8c84fa94-04c1-424b-9868-57a2d4851a1d" relativeResultsDirectory="46483120-abe1-450d-a28e-5568502eefa6" />
    <UnitTestResult executionId="e4c2132c-7d4d-440f-980f-eea3bed68145" testId="7102ede2-c297-16f6-bd79-a261e9a0ab55" testName="ValidateFasterIdpServerOnBothSchemas_WorkingHttpAddressAndCancellationRequest_ShouldCancelAndReturnEmptyResult" computerName="DKSR-EFI-04" startTime="2023-12-22T09:33:00.2113819+01:00" endTime="2023-12-22T09:33:00.2114761+01:00" testType="13cdc9d9-ddb5-4fa4-a97d-d965ccfc6d4b" outcome="NotExecuted" testListId="8c84fa94-04c1-424b-9868-57a2d4851a1d" relativeResultsDirectory="e4c2132c-7d4d-440f-980f-eea3bed68145">
      <Output></Output>
    </UnitTestResult>
    <UnitTestResult executionId="010f5d9d-0828-4981-aff6-194af17a5e0f" testId="d8254cb2-99a9-5fa4-0212-2ded41c41bd0" testName="Construct_InvalidParam_ClientId_EmptyString_Throws_ArgumentNullException" computerName="DKSR-EFI-04" duration="00:00:00.0003158" startTime="2023-12-22T09:33:00.4214158+01:00" endTime="2023-12-22T09:33:00.4218756+01:00" testType="13cdc9d9-ddb5-4fa4-a97d-d965ccfc6d4b" outcome="Passed" testListId="8c84fa94-04c1-424b-9868-57a2d4851a1d" relativeResultsDirectory="010f5d9d-0828-4981-aff6-194af17a5e0f" />
    <UnitTestResult executionId="faafd5c0-36cf-4c25-aefa-968c4fd4ab38" testId="a8a38b08-43ad-784d-afbc-d0335bfce14c" testName="RegisterAuthorizationCodeClient_ScopesAreNull_ThrowArgumentNullException" computerName="DKSR-EFI-04" duration="00:00:00.0010741" startTime="2023-12-22T09:33:00.1549950+01:00" endTime="2023-12-22T09:33:00.1562392+01:00" testType="13cdc9d9-ddb5-4fa4-a97d-d965ccfc6d4b" outcome="Passed" testListId="8c84fa94-04c1-424b-9868-57a2d4851a1d" relativeResultsDirectory="faafd5c0-36cf-4c25-aefa-968c4fd4ab38" />
    <UnitTestResult executionId="53cd164a-1aea-43d9-b527-2adb741b5fde" testId="2094e3f3-bb74-95c3-1e50-e6fdef78ea13" testName="GetTokenResponseAsync_HttpStatusIsNotOk_IdpExceptionIsThrown (VideoOS.IdentityServer.Common.Exceptions.UnauthorizedException,Unauthorized)" computerName="DKSR-EFI-04" duration="00:00:00.0032699" startTime="2023-12-22T09:32:58.2494546+01:00" endTime="2023-12-22T09:32:58.2540856+01:00" testType="13cdc9d9-ddb5-4fa4-a97d-d965ccfc6d4b" outcome="Passed" testListId="8c84fa94-04c1-424b-9868-57a2d4851a1d" relativeResultsDirectory="53cd164a-1aea-43d9-b527-2adb741b5fde" />
    <UnitTestResult executionId="1d160f70-8923-4e36-bc50-62613eff12db" testId="90d13d23-6660-c28a-543b-d374b02dcccb" testName="GetClaimValue_IdTokenRetrieved_ClaimThere_ReturnsClaimValue" computerName="DKSR-EFI-04" duration="00:00:00.0018265" startTime="2023-12-22T09:33:00.4024645+01:00" endTime="2023-12-22T09:33:00.4044352+01:00" testType="13cdc9d9-ddb5-4fa4-a97d-d965ccfc6d4b" outcome="Passed" testListId="8c84fa94-04c1-424b-9868-57a2d4851a1d" relativeResultsDirectory="1d160f70-8923-4e36-bc50-62613eff12db" />
    <UnitTestResult executionId="672f986e-acca-4620-a354-4c002421457a" testId="5ac69b1a-a384-bee2-381f-56a296f2c282" testName="CreateException_404_UserNotFound_Is_UserNotFoundException" computerName="DKSR-EFI-04" duration="00:00:00.0009041" startTime="2023-12-22T09:33:00.5384291+01:00" endTime="2023-12-22T09:33:00.5394553+01:00" testType="13cdc9d9-ddb5-4fa4-a97d-d965ccfc6d4b" outcome="Passed" testListId="8c84fa94-04c1-424b-9868-57a2d4851a1d" relativeResultsDirectory="672f986e-acca-4620-a354-4c002421457a" />
    <UnitTestResult executionId="34568d56-9691-4a15-ab51-63a15c72c2de" testId="7a8926d4-b9a3-8330-c659-fa45110afd0c" testName="GetClaimValue_IdTokenRetrieved_ClaimNotThere_ReturnsNull" computerName="DKSR-EFI-04" duration="00:00:00.0023684" startTime="2023-12-22T09:33:00.3993052+01:00" endTime="2023-12-22T09:33:00.4018193+01:00" testType="13cdc9d9-ddb5-4fa4-a97d-d965ccfc6d4b" outcome="Passed" testListId="8c84fa94-04c1-424b-9868-57a2d4851a1d" relativeResultsDirectory="34568d56-9691-4a15-ab51-63a15c72c2de" />
    <UnitTestResult executionId="5f832aa3-e71f-4643-831d-4627f31f3976" testId="fb9a0fbc-d523-38e7-fa29-68166d7c4694" testName="Retrieve_EmptyProvider_ThrowsArgumentNullException" computerName="DKSR-EFI-04" duration="00:00:00.0010576" startTime="2023-12-22T09:33:00.2576236+01:00" endTime="2023-12-22T09:33:00.2589101+01:00" testType="13cdc9d9-ddb5-4fa4-a97d-d965ccfc6d4b" outcome="Passed" testListId="8c84fa94-04c1-424b-9868-57a2d4851a1d" relativeResultsDirectory="5f832aa3-e71f-4643-831d-4627f31f3976" />
    <UnitTestResult executionId="96f5208e-3175-4f26-b4a4-8f9cbc659974" testId="ee5160b1-3233-41e0-3299-0425a39eeee5" testName="RefreshToken_IdTokenNotRetrieved_NoError" computerName="DKSR-EFI-04" duration="00:00:00.0014889" startTime="2023-12-22T09:33:00.4783426+01:00" endTime="2023-12-22T09:33:00.4799768+01:00" testType="13cdc9d9-ddb5-4fa4-a97d-d965ccfc6d4b" outcome="Passed" testListId="8c84fa94-04c1-424b-9868-57a2d4851a1d" relativeResultsDirectory="96f5208e-3175-4f26-b4a4-8f9cbc659974" />
    <UnitTestResult executionId="8d3dd31a-c27c-4c69-bdde-a21a4cd5cee4" testId="d5b3be23-e24d-3907-6e80-ddd593570613" testName="Construct_InvalidParam_ClientId_Null_Throws_ArgumentNullException" computerName="DKSR-EFI-04" duration="00:00:00.0003277" startTime="2023-12-22T09:33:00.4202577+01:00" endTime="2023-12-22T09:33:00.4207325+01:00" testType="13cdc9d9-ddb5-4fa4-a97d-d965ccfc6d4b" outcome="Passed" testListId="8c84fa94-04c1-424b-9868-57a2d4851a1d" relativeResultsDirectory="8d3dd31a-c27c-4c69-bdde-a21a4cd5cee4" />
    <UnitTestResult executionId="9a8839bd-9ffa-421c-b721-d5aa236abfe3" testId="0e660fb6-01c2-ec2d-f816-fac9e4547e68" testName="RefreshToken_TokenIsNotJWT_IdentityServerTokenException" computerName="DKSR-EFI-04" duration="00:00:00.0167328" startTime="2023-12-22T09:33:00.4303292+01:00" endTime="2023-12-22T09:33:00.4473862+01:00" testType="13cdc9d9-ddb5-4fa4-a97d-d965ccfc6d4b" outcome="Passed" testListId="8c84fa94-04c1-424b-9868-57a2d4851a1d" relativeResultsDirectory="9a8839bd-9ffa-421c-b721-d5aa236abfe3" />
    <UnitTestResult executionId="9d22d59b-762c-4aab-87da-793e8d2e7f9f" testId="aceed3fe-4ee0-3f07-6d4b-e9ae24c2527d" testName="Constructor_EmptyIdToken_ThrowsArgumentNullException" computerName="DKSR-EFI-04" duration="00:00:00.0002979" startTime="2023-12-22T09:33:00.2692448+01:00" endTime="2023-12-22T09:33:00.2696748+01:00" testType="13cdc9d9-ddb5-4fa4-a97d-d965ccfc6d4b" outcome="Passed" testListId="8c84fa94-04c1-424b-9868-57a2d4851a1d" relativeResultsDirectory="9d22d59b-762c-4aab-87da-793e8d2e7f9f" />
    <UnitTestResult executionId="16b92138-6c14-4a90-acee-9402b498976a" testId="d721172e-4856-c743-a2e0-556773d6db34" testName="HasValidScheme_UriIsFtp_ReturnsTrue" computerName="DKSR-EFI-04" duration="00:00:00.0001478" startTime="2023-12-22T09:33:00.2986727+01:00" endTime="2023-12-22T09:33:00.2989190+01:00" testType="13cdc9d9-ddb5-4fa4-a97d-d965ccfc6d4b" outcome="Passed" testListId="8c84fa94-04c1-424b-9868-57a2d4851a1d" relativeResultsDirectory="16b92138-6c14-4a90-acee-9402b498976a" />
    <UnitTestResult executionId="5ac84571-6170-4aec-b0be-269ce8c835ba" testId="219cb226-0982-5e89-b39e-e3df45859861" testName="Constructor_NullClientSettings_ThrowArgumentNullException" computerName="DKSR-EFI-04" duration="00:00:00.0003769" startTime="2023-12-22T09:32:57.8074316+01:00" endTime="2023-12-22T09:32:57.8079812+01:00" testType="13cdc9d9-ddb5-4fa4-a97d-d965ccfc6d4b" outcome="Passed" testListId="8c84fa94-04c1-424b-9868-57a2d4851a1d" relativeResultsDirectory="5ac84571-6170-4aec-b0be-269ce8c835ba" />
    <UnitTestResult executionId="dde0fa4d-272c-4a4d-b9eb-8052dbc8e543" testId="957b72e6-223d-945c-7af4-a1f0fe7fb5d3" testName="Constructor_NullUri_ThrowsArgumentNullException" computerName="DKSR-EFI-04" duration="00:00:00.0008418" startTime="2023-12-22T09:32:58.2017679+01:00" endTime="2023-12-22T09:32:58.2036150+01:00" testType="13cdc9d9-ddb5-4fa4-a97d-d965ccfc6d4b" outcome="Passed" testListId="8c84fa94-04c1-424b-9868-57a2d4851a1d" relativeResultsDirectory="dde0fa4d-272c-4a4d-b9eb-8052dbc8e543" />
    <UnitTestResult executionId="2565d4bf-f417-4600-a741-6e6fe94e51ab" testId="6c035807-52d4-6caf-a566-ec498448b6fa" testName="Constructor_ClientTokenSettingsIsNull_ThrowArgumentNullException" computerName="DKSR-EFI-04" duration="00:00:00.0019482" startTime="2023-12-22T09:32:58.2344040+01:00" endTime="2023-12-22T09:32:58.2366840+01:00" testType="13cdc9d9-ddb5-4fa4-a97d-d965ccfc6d4b" outcome="Passed" testListId="8c84fa94-04c1-424b-9868-57a2d4851a1d" relativeResultsDirectory="2565d4bf-f417-4600-a741-6e6fe94e51ab" />
    <UnitTestResult executionId="e3c09f7d-b61c-441a-956b-438c4d53b6d3" testId="4e64a2d0-91fd-57ef-a8c4-3f9f75705cb7" testName="UserName_NoNameClaim_ThrowsInvalidOperationException" computerName="DKSR-EFI-04" duration="00:00:00.0020682" startTime="2023-12-22T09:33:00.4121822+01:00" endTime="2023-12-22T09:33:00.4144463+01:00" testType="13cdc9d9-ddb5-4fa4-a97d-d965ccfc6d4b" outcome="Passed" testListId="8c84fa94-04c1-424b-9868-57a2d4851a1d" relativeResultsDirectory="e3c09f7d-b61c-441a-956b-438c4d53b6d3" />
    <UnitTestResult executionId="df4b14dd-ac1f-4574-adfa-fc135e864399" testId="851fb875-0294-59e3-54ed-d95f850fb682" testName="DiscoveryClient_Dispose_HttpClientDisposed" computerName="DKSR-EFI-04" duration="00:00:00.0005076" startTime="2023-12-22T09:33:00.0807133+01:00" endTime="2023-12-22T09:33:00.0813632+01:00" testType="13cdc9d9-ddb5-4fa4-a97d-d965ccfc6d4b" outcome="Passed" testListId="8c84fa94-04c1-424b-9868-57a2d4851a1d" relativeResultsDirectory="df4b14dd-ac1f-4574-adfa-fc135e864399" />
    <UnitTestResult executionId="cf7d65f6-5263-4162-9341-a42e2b472a95" testId="5e0c0b16-1156-1376-f6f0-3908d3a2cb3b" testName="GetAsync_AllCallsFailed_DiscoveryResponsesForAll" computerName="DKSR-EFI-04" duration="00:00:00.0020410" startTime="2023-12-22T09:33:00.0547309+01:00" endTime="2023-12-22T09:33:00.0569352+01:00" testType="13cdc9d9-ddb5-4fa4-a97d-d965ccfc6d4b" outcome="Passed" testListId="8c84fa94-04c1-424b-9868-57a2d4851a1d" relativeResultsDirectory="cf7d65f6-5263-4162-9341-a42e2b472a95" />
    <UnitTestResult executionId="abbc638d-fc3f-4709-8308-6bc355672c75" testId="580860dc-2c0d-6d21-09c2-29eb5cd9d7aa" testName="IdpException_ErrorProperty_IsAccessible" computerName="DKSR-EFI-04" duration="00:00:00.0003242" startTime="2023-12-22T09:33:00.5758092+01:00" endTime="2023-12-22T09:33:00.5763599+01:00" testType="13cdc9d9-ddb5-4fa4-a97d-d965ccfc6d4b" outcome="Passed" testListId="8c84fa94-04c1-424b-9868-57a2d4851a1d" relativeResultsDirectory="abbc638d-fc3f-4709-8308-6bc355672c75" />
    <UnitTestResult executionId="8ca3ede9-00df-4ab9-9157-1e03325eee39" testId="f52b848b-cf3f-47b4-506b-dccb77611ec5" testName="CreateException_NotAllowed_Is_NotAllowedException" computerName="DKSR-EFI-04" duration="00:00:00.0003207" startTime="2023-12-22T09:33:00.5652005+01:00" endTime="2023-12-22T09:33:00.5656444+01:00" testType="13cdc9d9-ddb5-4fa4-a97d-d965ccfc6d4b" outcome="Passed" testListId="8c84fa94-04c1-424b-9868-57a2d4851a1d" relativeResultsDirectory="8ca3ede9-00df-4ab9-9157-1e03325eee39" />
    <UnitTestResult executionId="e211e399-25f5-43e3-9953-c78c6bb2af68" testId="384c466e-e541-dfd8-e107-db2fc07e11e9" testName="Stop_RefreshGetToken" computerName="DKSR-EFI-04" duration="00:00:00.0033916" startTime="2023-12-22T09:33:00.3850286+01:00" endTime="2023-12-22T09:33:00.3885857+01:00" testType="13cdc9d9-ddb5-4fa4-a97d-d965ccfc6d4b" outcome="Passed" testListId="8c84fa94-04c1-424b-9868-57a2d4851a1d" relativeResultsDirectory="e211e399-25f5-43e3-9953-c78c6bb2af68" />
    <UnitTestResult executionId="667b1985-8e1e-4cb0-a8fc-6560bc909ad2" testId="65c35641-c7fa-ea47-734f-c81f8095832e" testName="Constructor_BaseAddressIsNull_ThrowArgumentNullException" computerName="DKSR-EFI-04" duration="00:00:00.0012466" startTime="2023-12-22T09:33:00.0819774+01:00" endTime="2023-12-22T09:33:00.0835613+01:00" testType="13cdc9d9-ddb5-4fa4-a97d-d965ccfc6d4b" outcome="Passed" testListId="8c84fa94-04c1-424b-9868-57a2d4851a1d" relativeResultsDirectory="667b1985-8e1e-4cb0-a8fc-6560bc909ad2" />
    <UnitTestResult executionId="73d2ed08-45be-4a6d-aac6-03d25c710e24" testId="11f6a1d3-68c5-e38c-c943-6b9363d564f1" testName="HandleException_WebException_Status_TrustFailure_ReturnsTrue" computerName="DKSR-EFI-04" duration="00:00:00.0001579" startTime="2023-12-22T09:33:00.2921917+01:00" endTime="2023-12-22T09:33:00.2924547+01:00" testType="13cdc9d9-ddb5-4fa4-a97d-d965ccfc6d4b" outcome="Passed" testListId="8c84fa94-04c1-424b-9868-57a2d4851a1d" relativeResultsDirectory="73d2ed08-45be-4a6d-aac6-03d25c710e24" />
    <UnitTestResult executionId="f86ac9f0-3f67-450b-8f11-57ca0e3178c1" testId="ebe888ba-3631-12b0-9554-250fe8da03f0" testName="TokenCache_Constructor_Secret_ArgumentNullException" computerName="DKSR-EFI-04" duration="00:00:00.0005729" startTime="2023-12-22T09:33:00.3221524+01:00" endTime="2023-12-22T09:33:00.3229273+01:00" testType="13cdc9d9-ddb5-4fa4-a97d-d965ccfc6d4b" outcome="Passed" testListId="8c84fa94-04c1-424b-9868-57a2d4851a1d" relativeResultsDirectory="f86ac9f0-3f67-450b-8f11-57ca0e3178c1" />
    <UnitTestResult executionId="84e72d2e-edc4-467c-83b4-f17128db3b81" testId="02022d21-40cd-3c83-07fb-845b28c8719d" testName="Construct_WithHttpError_ResponseWithStatusCode" computerName="DKSR-EFI-04" duration="00:00:00.0016444" startTime="2023-12-22T09:33:00.0068190+01:00" endTime="2023-12-22T09:33:00.0086613+01:00" testType="13cdc9d9-ddb5-4fa4-a97d-d965ccfc6d4b" outcome="Passed" testListId="8c84fa94-04c1-424b-9868-57a2d4851a1d" relativeResultsDirectory="84e72d2e-edc4-467c-83b4-f17128db3b81" />
    <UnitTestResult executionId="e0ac7395-9139-45e1-9cc5-d133cd7a2b0a" testId="160926a9-6be8-e16e-5ee4-6d69f6901085" testName="HandleException_WebException_Status_ConnectionClosed_ReturnsTrue" computerName="DKSR-EFI-04" duration="00:00:00.0002146" startTime="2023-12-22T09:33:00.2873825+01:00" endTime="2023-12-22T09:33:00.2877245+01:00" testType="13cdc9d9-ddb5-4fa4-a97d-d965ccfc6d4b" outcome="Passed" testListId="8c84fa94-04c1-424b-9868-57a2d4851a1d" relativeResultsDirectory="e0ac7395-9139-45e1-9cc5-d133cd7a2b0a" />
    <UnitTestResult executionId="9ec5399b-63a4-4bf8-937d-18d1b4713edf" testId="9c36fd41-e765-81f6-df8e-f462ee2c6552" testName="Ctor_AudiencesIsNull_ThrowsArgumentNullException" computerName="DKSR-EFI-04" duration="00:00:00.0003638" startTime="2023-12-22T09:32:59.5821239+01:00" endTime="2023-12-22T09:32:59.5826392+01:00" testType="13cdc9d9-ddb5-4fa4-a97d-d965ccfc6d4b" outcome="Passed" testListId="8c84fa94-04c1-424b-9868-57a2d4851a1d" relativeResultsDirectory="9ec5399b-63a4-4bf8-937d-18d1b4713edf" />
    <UnitTestResult executionId="5b2f8ba3-df85-4f14-ae93-ad5e0e648394" testId="25aa6176-148e-f1e7-5c9f-10f279eb31cc" testName="CreateException_ErrorTheSamePasswords_Is_PasswordSameAsOldException" computerName="DKSR-EFI-04" duration="00:00:00.0003783" startTime="2023-12-22T09:33:00.5512301+01:00" endTime="2023-12-22T09:33:00.5517210+01:00" testType="13cdc9d9-ddb5-4fa4-a97d-d965ccfc6d4b" outcome="Passed" testListId="8c84fa94-04c1-424b-9868-57a2d4851a1d" relativeResultsDirectory="5b2f8ba3-df85-4f14-ae93-ad5e0e648394" />
    <UnitTestResult executionId="6193517c-77ed-4bc3-aee3-f6d71f7a2d9d" testId="a6c86e7f-3cba-5a70-e72e-8210186f640d" testName="HttpGetResult_Constructor_Success" computerName="DKSR-EFI-04" duration="00:00:00.0013584" startTime="2023-12-22T09:33:00.2723192+01:00" endTime="2023-12-22T09:33:00.2738980+01:00" testType="13cdc9d9-ddb5-4fa4-a97d-d965ccfc6d4b" outcome="Passed" testListId="8c84fa94-04c1-424b-9868-57a2d4851a1d" relativeResultsDirectory="6193517c-77ed-4bc3-aee3-f6d71f7a2d9d" />
    <UnitTestResult executionId="29e0348d-c7c5-47a3-b14d-8086bba909ed" testId="eecfcbb2-c955-43fc-8e5c-cfc66bc5dfcb" testName="ValidateIdpServer_HttpAddressInvalidPort_ShouldThrow" computerName="DKSR-EFI-04" startTime="2023-12-22T09:33:00.2090682+01:00" endTime="2023-12-22T09:33:00.2091814+01:00" testType="13cdc9d9-ddb5-4fa4-a97d-d965ccfc6d4b" outcome="NotExecuted" testListId="8c84fa94-04c1-424b-9868-57a2d4851a1d" relativeResultsDirectory="29e0348d-c7c5-47a3-b14d-8086bba909ed">
      <Output></Output>
    </UnitTestResult>
    <UnitTestResult executionId="bcefe0ac-ae9f-4a85-87ed-0339726b75da" testId="1b2a48cb-3076-b35a-c216-de57ac818d9a" testName="HasValidScheme_UriIsGopher_ReturnsTrue" computerName="DKSR-EFI-04" duration="00:00:00.0001779" startTime="2023-12-22T09:33:00.3005527+01:00" endTime="2023-12-22T09:33:00.3008418+01:00" testType="13cdc9d9-ddb5-4fa4-a97d-d965ccfc6d4b" outcome="Passed" testListId="8c84fa94-04c1-424b-9868-57a2d4851a1d" relativeResultsDirectory="bcefe0ac-ae9f-4a85-87ed-0339726b75da" />
    <UnitTestResult executionId="a42aeaa8-e14a-4769-bbb5-febd6fc1ec4b" testId="c65def95-e459-70a7-408d-154b2321db49" testName="UserName_NoNameClaim_ThrowsInvalidOperationException" computerName="DKSR-EFI-04" duration="00:00:00.0017397" startTime="2023-12-22T09:33:00.4805728+01:00" endTime="2023-12-22T09:33:00.4824841+01:00" testType="13cdc9d9-ddb5-4fa4-a97d-d965ccfc6d4b" outcome="Passed" testListId="8c84fa94-04c1-424b-9868-57a2d4851a1d" relativeResultsDirectory="a42aeaa8-e14a-4769-bbb5-febd6fc1ec4b" />
    <UnitTestResult executionId="acf39479-03aa-45b6-bb8c-f268022f2a01" testId="6527d399-3c52-8422-d90f-6c83c08b6874" testName="CreateException_OtherError_Throws_DefaultErrorException" computerName="DKSR-EFI-04" duration="00:00:00.0002861" startTime="2023-12-22T09:33:00.5353919+01:00" endTime="2023-12-22T09:33:00.5358216+01:00" testType="13cdc9d9-ddb5-4fa4-a97d-d965ccfc6d4b" outcome="Passed" testListId="8c84fa94-04c1-424b-9868-57a2d4851a1d" relativeResultsDirectory="acf39479-03aa-45b6-bb8c-f268022f2a01" />
    <UnitTestResult executionId="fa6f6861-f917-4735-aa4a-a6fbc5077c27" testId="9a74f111-730b-48ac-793d-eafd4afb012a" testName="RegisterAuthorizationCodeClient_ClientIdIsNull_ThrowArgumentException" computerName="DKSR-EFI-04" duration="00:00:00.0021622" startTime="2023-12-22T09:33:00.1520179+01:00" endTime="2023-12-22T09:33:00.1543511+01:00" testType="13cdc9d9-ddb5-4fa4-a97d-d965ccfc6d4b" outcome="Passed" testListId="8c84fa94-04c1-424b-9868-57a2d4851a1d" relativeResultsDirectory="fa6f6861-f917-4735-aa4a-a6fbc5077c27" />
    <UnitTestResult executionId="5f371fc1-aac0-4a8c-baf3-26a143205945" testId="09372ef8-08d3-01fe-20c8-b7c4bfe94b6c" testName="Start_StopTimerCalled_Success" computerName="DKSR-EFI-04" duration="00:00:00.0034817" startTime="2023-12-22T09:33:00.3361256+01:00" endTime="2023-12-22T09:33:00.3398143+01:00" testType="13cdc9d9-ddb5-4fa4-a97d-d965ccfc6d4b" outcome="Passed" testListId="8c84fa94-04c1-424b-9868-57a2d4851a1d" relativeResultsDirectory="5f371fc1-aac0-4a8c-baf3-26a143205945" />
    <UnitTestResult executionId="4d45e017-3b5e-4bb7-8eeb-d8da3280684d" testId="355371bd-45fe-c229-5034-898ad04eb1dc" testName="GetTokenResponseAsync_HttpStatusIsNotOk_IdpExceptionIsThrown (VideoOS.IdentityServer.Common.Exceptions.UnauthorizedException,Unauthorized)" computerName="DKSR-EFI-04" duration="00:00:00.0071207" startTime="2023-12-22T09:32:58.1304287+01:00" endTime="2023-12-22T09:32:58.1434276+01:00" testType="13cdc9d9-ddb5-4fa4-a97d-d965ccfc6d4b" outcome="Passed" testListId="8c84fa94-04c1-424b-9868-57a2d4851a1d" relativeResultsDirectory="4d45e017-3b5e-4bb7-8eeb-d8da3280684d" />
    <UnitTestResult executionId="ade5423f-9f17-4a25-8b38-c3474a6758e6" testId="cb270c9a-018c-ca10-c7ca-7967670c892b" testName="Constructor_NullTrustedToken_ThrowsArgumentNullException" computerName="DKSR-EFI-04" duration="00:00:00.1796824" startTime="2023-12-22T09:32:57.6246374+01:00" endTime="2023-12-22T09:32:57.8046595+01:00" testType="13cdc9d9-ddb5-4fa4-a97d-d965ccfc6d4b" outcome="Passed" testListId="8c84fa94-04c1-424b-9868-57a2d4851a1d" relativeResultsDirectory="ade5423f-9f17-4a25-8b38-c3474a6758e6" />
    <UnitTestResult executionId="248cef3a-7f17-49ed-bb9f-25356d35ef01" testId="5350274c-91fb-610e-856e-3415f7a1fa83" testName="RegisterAuthorizationCodeClientWithToken_ClientIdIsNull_ThrowArgumentException" computerName="DKSR-EFI-04" duration="00:00:00.0023040" startTime="2023-12-22T09:33:00.1342614+01:00" endTime="2023-12-22T09:33:00.1367720+01:00" testType="13cdc9d9-ddb5-4fa4-a97d-d965ccfc6d4b" outcome="Passed" testListId="8c84fa94-04c1-424b-9868-57a2d4851a1d" relativeResultsDirectory="248cef3a-7f17-49ed-bb9f-25356d35ef01" />
    <UnitTestResult executionId="352dbbb9-957c-49d9-86a2-614abf320db9" testId="9f0c86dc-a496-7741-858c-a11363a3da1a" testName="TokenCache_Constructor_ClientTokenSettings_ArgumentNullException" computerName="DKSR-EFI-04" duration="00:00:00.0070677" startTime="2023-12-22T09:33:00.3116068+01:00" endTime="2023-12-22T09:33:00.3189051+01:00" testType="13cdc9d9-ddb5-4fa4-a97d-d965ccfc6d4b" outcome="Passed" testListId="8c84fa94-04c1-424b-9868-57a2d4851a1d" relativeResultsDirectory="352dbbb9-957c-49d9-86a2-614abf320db9" />
    <UnitTestResult executionId="ef1916c1-6885-4d37-81e8-75ecb8745151" testId="f15d1485-b568-93f4-d5a1-108ce37ed532" testName="GetTokenResponseAsync_HttpStatusIsNotOk_IdpExceptionIsThrown (VideoOS.IdentityServer.Common.Exceptions.InternalServerErrorException)" computerName="DKSR-EFI-04" duration="00:00:00.0015397" startTime="2023-12-22T09:32:58.2275184+01:00" endTime="2023-12-22T09:32:58.2336010+01:00" testType="13cdc9d9-ddb5-4fa4-a97d-d965ccfc6d4b" outcome="Passed" testListId="8c84fa94-04c1-424b-9868-57a2d4851a1d" relativeResultsDirectory="ef1916c1-6885-4d37-81e8-75ecb8745151" />
    <UnitTestResult executionId="6540432b-fb71-427c-b12f-bb96477ceb06" testId="76a3eda6-3598-ebb2-6b10-983e4fde7476" testName="WindowsAuthenticationAsync_StatusCodeOk_TokenResponseWithTokenIsReturned" computerName="DKSR-EFI-04" duration="00:00:00.0036662" startTime="2023-12-22T09:33:00.1745221+01:00" endTime="2023-12-22T09:33:00.1783627+01:00" testType="13cdc9d9-ddb5-4fa4-a97d-d965ccfc6d4b" outcome="Passed" testListId="8c84fa94-04c1-424b-9868-57a2d4851a1d" relativeResultsDirectory="6540432b-fb71-427c-b12f-bb96477ceb06" />
    <UnitTestResult executionId="536a1afb-60f6-4bcb-80e8-683149cf3ade" testId="cb3d0d63-a156-b025-1c90-4a3dc7841ffd" testName="RegisterAuthorizationCodeClientWithToken_ResponseHasSuccessfulStatusCode_CorrectRequestUriIsPassedWithoutSecret" computerName="DKSR-EFI-04" duration="00:00:00.0050607" startTime="2023-12-22T09:33:00.1461521+01:00" endTime="2023-12-22T09:33:00.1513656+01:00" testType="13cdc9d9-ddb5-4fa4-a97d-d965ccfc6d4b" outcome="Passed" testListId="8c84fa94-04c1-424b-9868-57a2d4851a1d" relativeResultsDirectory="536a1afb-60f6-4bcb-80e8-683149cf3ade" />
    <UnitTestResult executionId="d0b9779a-494b-40f4-a6a6-95e59fc35575" testId="90eefc04-1f04-d44e-931c-bf308a05aad7" testName="RefreshToken_IdTokenNotRetrieved_NoError" computerName="DKSR-EFI-04" duration="00:00:00.0019597" startTime="2023-12-22T09:33:00.4080804+01:00" endTime="2023-12-22T09:33:00.4101892+01:00" testType="13cdc9d9-ddb5-4fa4-a97d-d965ccfc6d4b" outcome="Passed" testListId="8c84fa94-04c1-424b-9868-57a2d4851a1d" relativeResultsDirectory="d0b9779a-494b-40f4-a6a6-95e59fc35575" />
    <UnitTestResult executionId="57161f11-ec68-4683-be5b-6a5a90072d09" testId="2ee7e566-cb75-fc37-6701-6a6ccb41d168" testName="Constructor_NullSupportedScopes_ThrowsArgumentNullException" computerName="DKSR-EFI-04" duration="00:00:00.0004683" startTime="2023-12-22T09:33:00.2346411+01:00" endTime="2023-12-22T09:33:00.2353085+01:00" testType="13cdc9d9-ddb5-4fa4-a97d-d965ccfc6d4b" outcome="Passed" testListId="8c84fa94-04c1-424b-9868-57a2d4851a1d" relativeResultsDirectory="57161f11-ec68-4683-be5b-6a5a90072d09" />
    <UnitTestResult executionId="3e6ac4bd-048a-4086-8e03-5f374d9c15c2" testId="22db2a0a-aa8a-2a11-0ea7-22ee10a4b12c" testName="GetTokenResponseAsync_TokenResponseIsOk_TokenResponseIsReturned" computerName="DKSR-EFI-04" duration="00:00:00.0049299" startTime="2023-12-22T09:32:58.2436526+01:00" endTime="2023-12-22T09:32:58.2487347+01:00" testType="13cdc9d9-ddb5-4fa4-a97d-d965ccfc6d4b" outcome="Passed" testListId="8c84fa94-04c1-424b-9868-57a2d4851a1d" relativeResultsDirectory="3e6ac4bd-048a-4086-8e03-5f374d9c15c2" />
    <UnitTestResult executionId="1e08c6e9-5567-472a-b9de-296df066d768" testId="feb4fa5e-1e90-63a6-9054-269133b16e54" testName="CreateException_PasswordTooShort_Is_PasswordNotComplexEnoughException" computerName="DKSR-EFI-04" duration="00:00:00.0002171" startTime="2023-12-22T09:33:00.5632895+01:00" endTime="2023-12-22T09:33:00.5636212+01:00" testType="13cdc9d9-ddb5-4fa4-a97d-d965ccfc6d4b" outcome="Passed" testListId="8c84fa94-04c1-424b-9868-57a2d4851a1d" relativeResultsDirectory="1e08c6e9-5567-472a-b9de-296df066d768" />
    <UnitTestResult executionId="2a9cc362-3338-4d38-973e-7e5ce74fcb4c" testId="ee1e7c2b-0cb3-69aa-1c3e-150a4187ed3e" testName="CreateException_InvalidCredentials_Is_ChangePasswordException" computerName="DKSR-EFI-04" duration="00:00:00.0002462" startTime="2023-12-22T09:33:00.5468510+01:00" endTime="2023-12-22T09:33:00.5473162+01:00" testType="13cdc9d9-ddb5-4fa4-a97d-d965ccfc6d4b" outcome="Passed" testListId="8c84fa94-04c1-424b-9868-57a2d4851a1d" relativeResultsDirectory="2a9cc362-3338-4d38-973e-7e5ce74fcb4c" />
    <UnitTestResult executionId="2af8963e-6829-414a-bec6-9274581db6ba" testId="11a7072a-d21b-7c2a-b062-98fe08e0c6dd" testName="HandleException_InnerException_WebException_Status_ConnectionClosed_ReturnsTrue" computerName="DKSR-EFI-04" duration="00:00:00.0001817" startTime="2023-12-22T09:33:00.2883127+01:00" endTime="2023-12-22T09:33:00.2886117+01:00" testType="13cdc9d9-ddb5-4fa4-a97d-d965ccfc6d4b" outcome="Passed" testListId="8c84fa94-04c1-424b-9868-57a2d4851a1d" relativeResultsDirectory="2af8963e-6829-414a-bec6-9274581db6ba" />
    <UnitTestResult executionId="dd37e7e4-82bf-49de-a96a-e2c25ffd1974" testId="529c2e35-24ca-56d0-82ae-22b9934a7f05" testName="ValidateToken_SubClaimPresent_SystemClaimIsNotAddedToClaims" computerName="DKSR-EFI-04" duration="00:00:00.0033713" startTime="2023-12-22T09:32:59.6648260+01:00" endTime="2023-12-22T09:32:59.6683841+01:00" testType="13cdc9d9-ddb5-4fa4-a97d-d965ccfc6d4b" outcome="Passed" testListId="8c84fa94-04c1-424b-9868-57a2d4851a1d" relativeResultsDirectory="dd37e7e4-82bf-49de-a96a-e2c25ffd1974" />
    <UnitTestResult executionId="a1f26f7a-7a2e-475f-9149-6cc8421907d7" testId="bf3ad47a-9250-f8b8-31e2-5fe2764ad9e8" testName="CreateException_AdminIdentityNotFound_Is_DuplicateAdminIdentityException" computerName="DKSR-EFI-04" duration="00:00:00.0003210" startTime="2023-12-22T09:33:00.5714241+01:00" endTime="2023-12-22T09:33:00.5718627+01:00" testType="13cdc9d9-ddb5-4fa4-a97d-d965ccfc6d4b" outcome="Passed" testListId="8c84fa94-04c1-424b-9868-57a2d4851a1d" relativeResultsDirectory="a1f26f7a-7a2e-475f-9149-6cc8421907d7" />
    <UnitTestResult executionId="13f8cd08-9d81-4050-8add-96e8ab368f3a" testId="a195a1f3-7257-7b57-25f5-d869b6864153" testName="CreateException_PasswordRequiresDigit_Is_PasswordNotComplexEnoughException" computerName="DKSR-EFI-04" duration="00:00:00.0002067" startTime="2023-12-22T09:33:00.5583940+01:00" endTime="2023-12-22T09:33:00.5587085+01:00" testType="13cdc9d9-ddb5-4fa4-a97d-d965ccfc6d4b" outcome="Passed" testListId="8c84fa94-04c1-424b-9868-57a2d4851a1d" relativeResultsDirectory="13f8cd08-9d81-4050-8add-96e8ab368f3a" />
    <UnitTestResult executionId="5d4d5c68-3371-440d-b4e8-d92d885bc81d" testId="7f2480da-8572-1058-bed9-d76ee4f460a4" testName="CreateException_DuplicateUserName_Is_AlreadyExistsException" computerName="DKSR-EFI-04" duration="00:00:00.0002578" startTime="2023-12-22T09:33:00.5541192+01:00" endTime="2023-12-22T09:33:00.5544817+01:00" testType="13cdc9d9-ddb5-4fa4-a97d-d965ccfc6d4b" outcome="Passed" testListId="8c84fa94-04c1-424b-9868-57a2d4851a1d" relativeResultsDirectory="5d4d5c68-3371-440d-b4e8-d92d885bc81d" />
    <UnitTestResult executionId="d25505c2-451c-4372-9e8c-4247017dac24" testId="fcaeabd6-201c-a809-f13b-51e8e57f8ab1" testName="ValidateIdpServer_InvalidSslConfiguration_ShouldThrow" computerName="DKSR-EFI-04" startTime="2023-12-22T09:33:00.2073014+01:00" endTime="2023-12-22T09:33:00.2075021+01:00" testType="13cdc9d9-ddb5-4fa4-a97d-d965ccfc6d4b" outcome="NotExecuted" testListId="8c84fa94-04c1-424b-9868-57a2d4851a1d" relativeResultsDirectory="d25505c2-451c-4372-9e8c-4247017dac24">
      <Output></Output>
    </UnitTestResult>
    <UnitTestResult executionId="ddddcb85-12c5-45dd-902c-911a5188468f" testId="4d922aac-d29d-5603-d614-ad2e17cb5ae6" testName="IdpTokenClient_DefaultNetworksCredentialsAsCredentials_HttpClientConfiguredToUseDefualtCredentials" computerName="DKSR-EFI-04" duration="00:00:00.0017674" startTime="2023-12-22T09:33:00.1950848+01:00" endTime="2023-12-22T09:33:00.1970082+01:00" testType="13cdc9d9-ddb5-4fa4-a97d-d965ccfc6d4b" outcome="Passed" testListId="8c84fa94-04c1-424b-9868-57a2d4851a1d" relativeResultsDirectory="ddddcb85-12c5-45dd-902c-911a5188468f" />
    <UnitTestResult executionId="dc48c93c-fb3a-4c38-9da7-ca2d82faeb33" testId="46272a5b-6f40-ca49-f0c0-19ef57f507c2" testName="RegisterAuthorizationCodeClientWithToken_AccessTokenIsNull_ThrowArgumentException" computerName="DKSR-EFI-04" duration="00:00:00.0010804" startTime="2023-12-22T09:33:00.1395789+01:00" endTime="2023-12-22T09:33:00.1408272+01:00" testType="13cdc9d9-ddb5-4fa4-a97d-d965ccfc6d4b" outcome="Passed" testListId="8c84fa94-04c1-424b-9868-57a2d4851a1d" relativeResultsDirectory="dc48c93c-fb3a-4c38-9da7-ca2d82faeb33" />
    <UnitTestResult executionId="232710b8-738c-4192-a228-c09f6ea4de54" testId="e0eca9f7-d766-7032-cd66-1fda7415dd68" testName="CreateException_InvalidClient_Is_UnauthorizedException" computerName="DKSR-EFI-04" duration="00:00:00.0003801" startTime="2023-12-22T09:33:00.5500616+01:00" endTime="2023-12-22T09:33:00.5505631+01:00" testType="13cdc9d9-ddb5-4fa4-a97d-d965ccfc6d4b" outcome="Passed" testListId="8c84fa94-04c1-424b-9868-57a2d4851a1d" relativeResultsDirectory="232710b8-738c-4192-a228-c09f6ea4de54" />
    <UnitTestResult executionId="8eff4ce0-8928-4486-b002-37dd7a80360c" testId="836c4ce4-261b-464f-c6a6-10c2a88fa0d7" testName="Constructor_NullUri_ThrowsArgumentNullException" computerName="DKSR-EFI-04" duration="00:00:00.0069026" startTime="2023-12-22T09:32:57.5307863+01:00" endTime="2023-12-22T09:32:57.5941557+01:00" testType="13cdc9d9-ddb5-4fa4-a97d-d965ccfc6d4b" outcome="Passed" testListId="8c84fa94-04c1-424b-9868-57a2d4851a1d" relativeResultsDirectory="8eff4ce0-8928-4486-b002-37dd7a80360c" />
    <UnitTestResult executionId="434268e5-c060-4c8a-b69c-c8c322765aa8" testId="eebc5e3a-189f-1094-2ac2-60219fea23b5" testName="IsTokenExpired_TokenExpiration_ExpiredReturnTrueNotExpiredReturnFalse (-1,True)" computerName="DKSR-EFI-04" duration="00:00:00.0004670" startTime="2023-12-22T09:33:00.4604330+01:00" endTime="2023-12-22T09:33:00.4610827+01:00" testType="13cdc9d9-ddb5-4fa4-a97d-d965ccfc6d4b" outcome="Passed" testListId="8c84fa94-04c1-424b-9868-57a2d4851a1d" relativeResultsDirectory="434268e5-c060-4c8a-b69c-c8c322765aa8" />
    <UnitTestResult executionId="dbd76871-df41-4f77-aba3-12982ed35eb0" testId="2f8b9abc-1c8d-726a-bc19-fbcf045e42b5" testName="Ctor_AddressIsNull_ThrowsArgumentNullException" computerName="DKSR-EFI-04" duration="00:00:00.0005328" startTime="2023-12-22T09:32:59.5806855+01:00" endTime="2023-12-22T09:32:59.5813976+01:00" testType="13cdc9d9-ddb5-4fa4-a97d-d965ccfc6d4b" outcome="Passed" testListId="8c84fa94-04c1-424b-9868-57a2d4851a1d" relativeResultsDirectory="dbd76871-df41-4f77-aba3-12982ed35eb0" />
    <UnitTestResult executionId="a05ddf84-a09a-444a-bd8a-97211ed346e7" testId="063fc5d6-7093-4898-586d-f7c91da3d90a" testName="VerifyEndpointSupportsSsl_InvalidParam_RelativeUri_ValidTimeout_Throws_ArgumentException" computerName="DKSR-EFI-04" duration="00:00:00.0004836" startTime="2023-12-22T09:33:00.2275108+01:00" endTime="2023-12-22T09:33:00.2281741+01:00" testType="13cdc9d9-ddb5-4fa4-a97d-d965ccfc6d4b" outcome="Passed" testListId="8c84fa94-04c1-424b-9868-57a2d4851a1d" relativeResultsDirectory="a05ddf84-a09a-444a-bd8a-97211ed346e7" />
    <UnitTestResult executionId="87b9032c-240b-402a-95bd-febf624f943f" testId="4028140e-6ceb-44db-b0b0-5a4385a02e69" testName="HasValidScheme_UriInvalid_Null_ReturnsFalse" computerName="DKSR-EFI-04" duration="00:00:00.0005641" startTime="2023-12-22T09:33:00.2938813+01:00" endTime="2023-12-22T09:33:00.2947336+01:00" testType="13cdc9d9-ddb5-4fa4-a97d-d965ccfc6d4b" outcome="Passed" testListId="8c84fa94-04c1-424b-9868-57a2d4851a1d" relativeResultsDirectory="87b9032c-240b-402a-95bd-febf624f943f" />
    <UnitTestResult executionId="5bc571dd-91f3-41f4-b09e-a418cccc110a" testId="87c632ab-1f7d-93ea-f769-4737e54aa158" testName="GetTokenResponseAsync_TokenResponseIsReturned" computerName="DKSR-EFI-04" duration="00:00:00.3179309" startTime="2023-12-22T09:32:57.8108044+01:00" endTime="2023-12-22T09:32:58.1289275+01:00" testType="13cdc9d9-ddb5-4fa4-a97d-d965ccfc6d4b" outcome="Passed" testListId="8c84fa94-04c1-424b-9868-57a2d4851a1d" relativeResultsDirectory="5bc571dd-91f3-41f4-b09e-a418cccc110a" />
    <UnitTestResult executionId="1f8f5094-8685-4feb-ab7d-8f567df57fe6" testId="2f309615-d38e-60ef-2c2d-0b95ad0a2a62" testName="ValidateToken_MetaDataLoadDelay_MetadataLoadDelayed" computerName="DKSR-EFI-04" duration="00:00:00.0145894" startTime="2023-12-22T09:32:58.3557305+01:00" endTime="2023-12-22T09:32:58.3705145+01:00" testType="13cdc9d9-ddb5-4fa4-a97d-d965ccfc6d4b" outcome="Passed" testListId="8c84fa94-04c1-424b-9868-57a2d4851a1d" relativeResultsDirectory="1f8f5094-8685-4feb-ab7d-8f567df57fe6" />
    <UnitTestResult executionId="7d87b048-4e1f-441c-9d2d-4285362fc089" testId="a20b8cdb-3697-b063-4ea9-47fb6efe0241" testName="RegisterAuthorizationCodeClientWithToken_ScopesAreNull_ThrowArgumentNullException" computerName="DKSR-EFI-04" duration="00:00:00.0011519" startTime="2023-12-22T09:33:00.1375944+01:00" endTime="2023-12-22T09:33:00.1389362+01:00" testType="13cdc9d9-ddb5-4fa4-a97d-d965ccfc6d4b" outcome="Passed" testListId="8c84fa94-04c1-424b-9868-57a2d4851a1d" relativeResultsDirectory="7d87b048-4e1f-441c-9d2d-4285362fc089" />
    <UnitTestResult executionId="d8451032-2fa8-4b1f-a63d-7a71e33aba54" testId="151a3939-7178-7ca5-04d5-74b2e2ea473d" testName="IdpException_ErrorsProperty_IsAccessible" computerName="DKSR-EFI-04" duration="00:00:00.0002318" startTime="2023-12-22T09:33:00.5769921+01:00" endTime="2023-12-22T09:33:00.5787888+01:00" testType="13cdc9d9-ddb5-4fa4-a97d-d965ccfc6d4b" outcome="Passed" testListId="8c84fa94-04c1-424b-9868-57a2d4851a1d" relativeResultsDirectory="d8451032-2fa8-4b1f-a63d-7a71e33aba54" />
    <UnitTestResult executionId="00d8532c-18fb-49a8-9b73-9992b0c4a226" testId="9e0b7fff-6087-8103-bf4a-c343b2ddff7d" testName="GetClaimValue_IdTokenRetrieved_ClaimNotThere_ReturnsNull" computerName="DKSR-EFI-04" duration="00:00:00.0020298" startTime="2023-12-22T09:33:00.4730682+01:00" endTime="2023-12-22T09:33:00.4752498+01:00" testType="13cdc9d9-ddb5-4fa4-a97d-d965ccfc6d4b" outcome="Passed" testListId="8c84fa94-04c1-424b-9868-57a2d4851a1d" relativeResultsDirectory="00d8532c-18fb-49a8-9b73-9992b0c4a226" />
    <UnitTestResult executionId="8e82b60b-6126-4907-9af2-6dd2ce4daad5" testId="885ad0b6-d00e-5dbd-daaf-61bd8cc19071" testName="IdpTokenClient_DefaultCredentialsAsCredentials_HttpClientConfiguredToUseDefualtCredentials" computerName="DKSR-EFI-04" duration="00:00:00.0018261" startTime="2023-12-22T09:33:00.1924240+01:00" endTime="2023-12-22T09:33:00.1944176+01:00" testType="13cdc9d9-ddb5-4fa4-a97d-d965ccfc6d4b" outcome="Passed" testListId="8c84fa94-04c1-424b-9868-57a2d4851a1d" relativeResultsDirectory="8e82b60b-6126-4907-9af2-6dd2ce4daad5" />
  </Results>
  <TestDefinitions>
    <UnitTest name="CreateException_404_Is_NotFoundException" storage="d:\actions-runner\_work\xpco\xpco\allsolutions\..\common\videoos.identityserver.common\videoos.identityserver.common.unittests\bin\debug\net6.0-windows\videoos.identityserver.common.unittests.dll" id="3c121194-5cce-c4ca-1fab-08ec04d15250">
      <Execution id="2034cb2b-f6a9-49a8-83d1-b98d11ccb664" />
      <TestMethod codeBase="D:\actions-runner\_work\XPCO\XPCO\AllSolutions\..\Common\VideoOS.IdentityServer.Common\VideoOS.IdentityServer.Common.UnitTests\bin\Debug\net6.0-windows\VideoOS.IdentityServer.Common.UnitTests.dll" adapterTypeName="executor://mstestadapter/v2" className="VideoOS.IdentityServer.Common.UnitTests.Exceptions.IdpExceptionFactoryTests" name="CreateException_404_Is_NotFoundException" />
    </UnitTest>
    <UnitTest name="RefreshToken_StartIsNotCalled_RefreshTokenCallsStart" storage="d:\actions-runner\_work\xpco\xpco\allsolutions\..\common\videoos.identityserver.common\videoos.identityserver.common.unittests\bin\debug\net6.0-windows\videoos.identityserver.common.unittests.dll" id="62ab3ade-1e62-63bc-67fe-f16a91fdcb03">
      <Execution id="6def34f6-b626-4534-9200-62f530d438b8" />
      <TestMethod codeBase="D:\actions-runner\_work\XPCO\XPCO\AllSolutions\..\Common\VideoOS.IdentityServer.Common\VideoOS.IdentityServer.Common.UnitTests\bin\Debug\net6.0-windows\VideoOS.IdentityServer.Common.UnitTests.dll" adapterTypeName="executor://mstestadapter/v2" className="VideoOS.IdentityServer.Common.UnitTests.Handlers.TokenCacheTests" name="RefreshToken_StartIsNotCalled_RefreshTokenCallsStart" />
    </UnitTest>
    <UnitTest name="RegisterClient_ClientIdIsNull_ThrowArgumentException" storage="d:\actions-runner\_work\xpco\xpco\allsolutions\..\common\videoos.identityserver.common\videoos.identityserver.common.unittests\bin\debug\net6.0-windows\videoos.identityserver.common.unittests.dll" id="40fe9f87-53fc-abc6-c420-fc69d725d508">
      <Execution id="26d211c0-6990-4251-b79b-a1e270f9a2e6" />
      <TestMethod codeBase="D:\actions-runner\_work\XPCO\XPCO\AllSolutions\..\Common\VideoOS.IdentityServer.Common\VideoOS.IdentityServer.Common.UnitTests\bin\Debug\net6.0-windows\VideoOS.IdentityServer.Common.UnitTests.dll" adapterTypeName="executor://mstestadapter/v2" className="VideoOS.IdentityServer.Common.UnitTests.IdpRegistrationClientTests" name="RegisterClient_ClientIdIsNull_ThrowArgumentException" />
    </UnitTest>
    <UnitTest name="HasValidScheme_UriIsNews_ReturnsTrue" storage="d:\actions-runner\_work\xpco\xpco\allsolutions\..\common\videoos.identityserver.common\videoos.identityserver.common.unittests\bin\debug\net6.0-windows\videoos.identityserver.common.unittests.dll" id="ca7d5be2-14df-0b62-6b71-5f58bc8ff588">
      <Execution id="70c5c333-6e38-45f4-9614-3c6b0ed23599" />
      <TestMethod codeBase="D:\actions-runner\_work\XPCO\XPCO\AllSolutions\..\Common\VideoOS.IdentityServer.Common\VideoOS.IdentityServer.Common.UnitTests\bin\Debug\net6.0-windows\VideoOS.IdentityServer.Common.UnitTests.dll" adapterTypeName="executor://mstestadapter/v2" className="VideoOS.IdentityServer.Common.UnitTests.Utilities.ServerValidation.UriExtenderTests" name="HasValidScheme_UriIsNews_ReturnsTrue" />
    </UnitTest>
    <UnitTest name="HasValidScheme_UriIsNntp_ReturnsTrue" storage="d:\actions-runner\_work\xpco\xpco\allsolutions\..\common\videoos.identityserver.common\videoos.identityserver.common.unittests\bin\debug\net6.0-windows\videoos.identityserver.common.unittests.dll" id="37cca059-17dd-1ce4-7f7a-261dd96b9c03">
      <Execution id="c511134c-bbd3-4019-a7ae-a1032dd397af" />
      <TestMethod codeBase="D:\actions-runner\_work\XPCO\XPCO\AllSolutions\..\Common\VideoOS.IdentityServer.Common\VideoOS.IdentityServer.Common.UnitTests\bin\Debug\net6.0-windows\VideoOS.IdentityServer.Common.UnitTests.dll" adapterTypeName="executor://mstestadapter/v2" className="VideoOS.IdentityServer.Common.UnitTests.Utilities.ServerValidation.UriExtenderTests" name="HasValidScheme_UriIsNntp_ReturnsTrue" />
    </UnitTest>
    <UnitTest name="IdpTokenClient_DefaultNetworksCredentialsAsCredentials_HttpClientConfiguredToUseDefualtCredentials" storage="d:\actions-runner\_work\xpco\xpco\allsolutions\..\common\videoos.identityserver.common\videoos.identityserver.common.unittests\bin\debug\net6.0-windows\videoos.identityserver.common.unittests.dll" id="4d922aac-d29d-5603-d614-ad2e17cb5ae6">
      <Execution id="ddddcb85-12c5-45dd-902c-911a5188468f" />
      <TestMethod codeBase="D:\actions-runner\_work\XPCO\XPCO\AllSolutions\..\Common\VideoOS.IdentityServer.Common\VideoOS.IdentityServer.Common.UnitTests\bin\Debug\net6.0-windows\VideoOS.IdentityServer.Common.UnitTests.dll" adapterTypeName="executor://mstestadapter/v2" className="VideoOS.IdentityServer.Common.UnitTests.IdpTokenClientTests" name="IdpTokenClient_DefaultNetworksCredentialsAsCredentials_HttpClientConfiguredToUseDefualtCredentials" />
    </UnitTest>
    <UnitTest name="CreateException_NotAllowed_Is_NotAllowedException" storage="d:\actions-runner\_work\xpco\xpco\allsolutions\..\common\videoos.identityserver.common\videoos.identityserver.common.unittests\bin\debug\net6.0-windows\videoos.identityserver.common.unittests.dll" id="f52b848b-cf3f-47b4-506b-dccb77611ec5">
      <Execution id="8ca3ede9-00df-4ab9-9157-1e03325eee39" />
      <TestMethod codeBase="D:\actions-runner\_work\XPCO\XPCO\AllSolutions\..\Common\VideoOS.IdentityServer.Common\VideoOS.IdentityServer.Common.UnitTests\bin\Debug\net6.0-windows\VideoOS.IdentityServer.Common.UnitTests.dll" adapterTypeName="executor://mstestadapter/v2" className="VideoOS.IdentityServer.Common.UnitTests.Exceptions.IdpExceptionFactoryTests" name="CreateException_NotAllowed_Is_NotAllowedException" />
    </UnitTest>
    <UnitTest name="GetClaimValue_IdTokenRetrieved_ClaimThere_ReturnsClaimValue" storage="d:\actions-runner\_work\xpco\xpco\allsolutions\..\common\videoos.identityserver.common\videoos.identityserver.common.unittests\bin\debug\net6.0-windows\videoos.identityserver.common.unittests.dll" id="0e2095e5-7d8e-1183-e8f6-f216b8006a5b">
      <Execution id="97cd4077-433a-4b7e-8111-81639d7cdf6e" />
      <TestMethod codeBase="D:\actions-runner\_work\XPCO\XPCO\AllSolutions\..\Common\VideoOS.IdentityServer.Common\VideoOS.IdentityServer.Common.UnitTests\bin\Debug\net6.0-windows\VideoOS.IdentityServer.Common.UnitTests.dll" adapterTypeName="executor://mstestadapter/v2" className="VideoOS.IdentityServer.Common.UnitTests.Handlers.IdentityServerToken.SimpleTokenCacheTests" name="GetClaimValue_IdTokenRetrieved_ClaimThere_ReturnsClaimValue" />
    </UnitTest>
    <UnitTest name="IsTokenExpired_TokenExpiration_ExpiredReturnTrueNotExpiredReturnFalse (1,False)" storage="d:\actions-runner\_work\xpco\xpco\allsolutions\..\common\videoos.identityserver.common\videoos.identityserver.common.unittests\bin\debug\net6.0-windows\videoos.identityserver.common.unittests.dll" id="ae9a110c-c4e6-e312-9fcd-2de5d21f98ff">
      <Execution id="c65b7461-1f4d-4355-90f0-8e05e5c63d43" />
      <TestMethod codeBase="D:\actions-runner\_work\XPCO\XPCO\AllSolutions\..\Common\VideoOS.IdentityServer.Common\VideoOS.IdentityServer.Common.UnitTests\bin\Debug\net6.0-windows\VideoOS.IdentityServer.Common.UnitTests.dll" adapterTypeName="executor://mstestadapter/v2" className="VideoOS.IdentityServer.Common.UnitTests.Handlers.IdentityServerToken.SimpleTokenCacheTests" name="IsTokenExpired_TokenExpiration_ExpiredReturnTrueNotExpiredReturnFalse" />
    </UnitTest>
    <UnitTest name="ValidateToken_TokenIsNull_ThrowArgumentNullException" storage="d:\actions-runner\_work\xpco\xpco\allsolutions\..\common\videoos.identityserver.common\videoos.identityserver.common.unittests\bin\debug\net6.0-windows\videoos.identityserver.common.unittests.dll" id="8960bb52-9b82-13fc-c2b9-b466022a1aa2">
      <Execution id="a1a4c99e-34ee-474e-9fee-4cb695a5ae2d" />
      <TestMethod codeBase="D:\actions-runner\_work\XPCO\XPCO\AllSolutions\..\Common\VideoOS.IdentityServer.Common\VideoOS.IdentityServer.Common.UnitTests\bin\Debug\net6.0-windows\VideoOS.IdentityServer.Common.UnitTests.dll" adapterTypeName="executor://mstestadapter/v2" className="VideoOS.IdentityServer.Common.UnitTests.OpenIdTokenHandlerTests" name="ValidateToken_TokenIsNull_ThrowArgumentNullException" />
    </UnitTest>
    <UnitTest name="Retrieve_NullIdpTokenClient_ThrowsArgumentNullException" storage="d:\actions-runner\_work\xpco\xpco\allsolutions\..\common\videoos.identityserver.common\videoos.identityserver.common.unittests\bin\debug\net6.0-windows\videoos.identityserver.common.unittests.dll" id="be2661e6-13a2-efcd-f033-26370e5bd14f">
      <Execution id="4ab2b9da-4a8f-4d62-8c6c-e0e4d6f0277e" />
      <TestMethod codeBase="D:\actions-runner\_work\XPCO\XPCO\AllSolutions\..\Common\VideoOS.IdentityServer.Common\VideoOS.IdentityServer.Common.UnitTests\bin\Debug\net6.0-windows\VideoOS.IdentityServer.Common.UnitTests.dll" adapterTypeName="executor://mstestadapter/v2" className="VideoOS.IdentityServer.Common.UnitTests.Utilities.Tokens.IdpTokenRetrieverTests" name="Retrieve_NullIdpTokenClient_ThrowsArgumentNullException" />
    </UnitTest>
    <UnitTest name="HandleException_InvalidParamException_Null_Throws_" storage="d:\actions-runner\_work\xpco\xpco\allsolutions\..\common\videoos.identityserver.common\videoos.identityserver.common.unittests\bin\debug\net6.0-windows\videoos.identityserver.common.unittests.dll" id="7cf653ab-c1ac-db4f-c8b6-0088365ff615">
      <Execution id="af0a5b69-6e2c-409d-bc90-d1779ebedb98" />
      <TestMethod codeBase="D:\actions-runner\_work\XPCO\XPCO\AllSolutions\..\Common\VideoOS.IdentityServer.Common\VideoOS.IdentityServer.Common.UnitTests\bin\Debug\net6.0-windows\VideoOS.IdentityServer.Common.UnitTests.dll" adapterTypeName="executor://mstestadapter/v2" className="VideoOS.IdentityServer.Common.UnitTests.Utilities.ServerValidation.IdpExceptionHandlerTests" name="HandleException_InvalidParamException_Null_Throws_" />
    </UnitTest>
    <UnitTest name="Start_TimeToTokenExpireOver5min_TokenCacheNotUpdated" storage="d:\actions-runner\_work\xpco\xpco\allsolutions\..\common\videoos.identityserver.common\videoos.identityserver.common.unittests\bin\debug\net6.0-windows\videoos.identityserver.common.unittests.dll" id="3c174b71-d834-497d-cddf-1a3c06acc75d">
      <Execution id="94d9b01f-a911-4b59-bf33-ef814dd64228" />
      <TestMethod codeBase="D:\actions-runner\_work\XPCO\XPCO\AllSolutions\..\Common\VideoOS.IdentityServer.Common\VideoOS.IdentityServer.Common.UnitTests\bin\Debug\net6.0-windows\VideoOS.IdentityServer.Common.UnitTests.dll" adapterTypeName="executor://mstestadapter/v2" className="VideoOS.IdentityServer.Common.UnitTests.Handlers.TokenCacheTests" name="Start_TimeToTokenExpireOver5min_TokenCacheNotUpdated" />
    </UnitTest>
    <UnitTest name="Dispose_IDisposableTokenHandler_Success" storage="d:\actions-runner\_work\xpco\xpco\allsolutions\..\common\videoos.identityserver.common\videoos.identityserver.common.unittests\bin\debug\net6.0-windows\videoos.identityserver.common.unittests.dll" id="d56d39a2-1050-3e2a-2b04-2c4d9212b822">
      <Execution id="1feaa9c4-a9b8-476a-ba87-a90919bd4ca7" />
      <TestMethod codeBase="D:\actions-runner\_work\XPCO\XPCO\AllSolutions\..\Common\VideoOS.IdentityServer.Common\VideoOS.IdentityServer.Common.UnitTests\bin\Debug\net6.0-windows\VideoOS.IdentityServer.Common.UnitTests.dll" adapterTypeName="executor://mstestadapter/v2" className="VideoOS.IdentityServer.Common.UnitTests.Handlers.TokenCacheTests" name="Dispose_IDisposableTokenHandler_Success" />
    </UnitTest>
    <UnitTest name="Constructor_EmptyToken_ThrowsArgumentNullException" storage="d:\actions-runner\_work\xpco\xpco\allsolutions\..\common\videoos.identityserver.common\videoos.identityserver.common.unittests\bin\debug\net6.0-windows\videoos.identityserver.common.unittests.dll" id="2fefd669-00f0-6209-0174-c1ad44273487">
      <Execution id="f546f0f1-182c-40e7-9fa6-9377ceed6799" />
      <TestMethod codeBase="D:\actions-runner\_work\XPCO\XPCO\AllSolutions\..\Common\VideoOS.IdentityServer.Common\VideoOS.IdentityServer.Common.UnitTests\bin\Debug\net6.0-windows\VideoOS.IdentityServer.Common.UnitTests.dll" adapterTypeName="executor://mstestadapter/v2" className="VideoOS.IdentityServer.Common.UnitTests.ExchangeTokenHandlerTests" name="Constructor_EmptyToken_ThrowsArgumentNullException" />
    </UnitTest>
    <UnitTest name="CreateException_PasswordRequiresUpper_Is_PasswordNotComplexEnoughException" storage="d:\actions-runner\_work\xpco\xpco\allsolutions\..\common\videoos.identityserver.common\videoos.identityserver.common.unittests\bin\debug\net6.0-windows\videoos.identityserver.common.unittests.dll" id="3880dfbe-9655-d700-4c62-0df9ed476ecc">
      <Execution id="41771249-b951-4841-9532-e936cba63ab4" />
      <TestMethod codeBase="D:\actions-runner\_work\XPCO\XPCO\AllSolutions\..\Common\VideoOS.IdentityServer.Common\VideoOS.IdentityServer.Common.UnitTests\bin\Debug\net6.0-windows\VideoOS.IdentityServer.Common.UnitTests.dll" adapterTypeName="executor://mstestadapter/v2" className="VideoOS.IdentityServer.Common.UnitTests.Exceptions.IdpExceptionFactoryTests" name="CreateException_PasswordRequiresUpper_Is_PasswordNotComplexEnoughException" />
    </UnitTest>
    <UnitTest name="UserName_HasNameClaim_ReturnsUserName" storage="d:\actions-runner\_work\xpco\xpco\allsolutions\..\common\videoos.identityserver.common\videoos.identityserver.common.unittests\bin\debug\net6.0-windows\videoos.identityserver.common.unittests.dll" id="f740022f-70ee-66e1-da38-2c4767f72ea7">
      <Execution id="c6f1433e-9a89-4902-8340-cfc1c7d15a16" />
      <TestMethod codeBase="D:\actions-runner\_work\XPCO\XPCO\AllSolutions\..\Common\VideoOS.IdentityServer.Common\VideoOS.IdentityServer.Common.UnitTests\bin\Debug\net6.0-windows\VideoOS.IdentityServer.Common.UnitTests.dll" adapterTypeName="executor://mstestadapter/v2" className="VideoOS.IdentityServer.Common.UnitTests.Handlers.IdentityServerToken.SimpleTokenCacheTests" name="UserName_HasNameClaim_ReturnsUserName" />
    </UnitTest>
    <UnitTest name="Start_StartIsCalled_TokenCacheUpdated" storage="d:\actions-runner\_work\xpco\xpco\allsolutions\..\common\videoos.identityserver.common\videoos.identityserver.common.unittests\bin\debug\net6.0-windows\videoos.identityserver.common.unittests.dll" id="712a4429-a5d0-f9f8-e944-14b3128417df">
      <Execution id="2b494ab9-2793-40b3-a459-86b600c9415d" />
      <TestMethod codeBase="D:\actions-runner\_work\XPCO\XPCO\AllSolutions\..\Common\VideoOS.IdentityServer.Common\VideoOS.IdentityServer.Common.UnitTests\bin\Debug\net6.0-windows\VideoOS.IdentityServer.Common.UnitTests.dll" adapterTypeName="executor://mstestadapter/v2" className="VideoOS.IdentityServer.Common.UnitTests.Handlers.TokenCacheTests" name="Start_StartIsCalled_TokenCacheUpdated" />
    </UnitTest>
    <UnitTest name="CreateException_LoginAlreadyAssociated_Is_LoginAlreadyAssociatedException" storage="d:\actions-runner\_work\xpco\xpco\allsolutions\..\common\videoos.identityserver.common\videoos.identityserver.common.unittests\bin\debug\net6.0-windows\videoos.identityserver.common.unittests.dll" id="ec4cb66a-617d-876b-6006-2ba82ddc24c5">
      <Execution id="876a44fb-019d-4d44-9435-ed65053e8981" />
      <TestMethod codeBase="D:\actions-runner\_work\XPCO\XPCO\AllSolutions\..\Common\VideoOS.IdentityServer.Common\VideoOS.IdentityServer.Common.UnitTests\bin\Debug\net6.0-windows\VideoOS.IdentityServer.Common.UnitTests.dll" adapterTypeName="executor://mstestadapter/v2" className="VideoOS.IdentityServer.Common.UnitTests.Exceptions.IdpExceptionFactoryTests" name="CreateException_LoginAlreadyAssociated_Is_LoginAlreadyAssociatedException" />
    </UnitTest>
    <UnitTest name="Constructor_NullClientSettings_ThrowArgumentNullException" storage="d:\actions-runner\_work\xpco\xpco\allsolutions\..\common\videoos.identityserver.common\videoos.identityserver.common.unittests\bin\debug\net6.0-windows\videoos.identityserver.common.unittests.dll" id="219cb226-0982-5e89-b39e-e3df45859861">
      <Execution id="5ac84571-6170-4aec-b0be-269ce8c835ba" />
      <TestMethod codeBase="D:\actions-runner\_work\XPCO\XPCO\AllSolutions\..\Common\VideoOS.IdentityServer.Common\VideoOS.IdentityServer.Common.UnitTests\bin\Debug\net6.0-windows\VideoOS.IdentityServer.Common.UnitTests.dll" adapterTypeName="executor://mstestadapter/v2" className="VideoOS.IdentityServer.Common.UnitTests.ExchangeTokenHandlerTests" name="Constructor_NullClientSettings_ThrowArgumentNullException" />
    </UnitTest>
    <UnitTest name="IdpException_ErrorProperty_IsAccessible" storage="d:\actions-runner\_work\xpco\xpco\allsolutions\..\common\videoos.identityserver.common\videoos.identityserver.common.unittests\bin\debug\net6.0-windows\videoos.identityserver.common.unittests.dll" id="580860dc-2c0d-6d21-09c2-29eb5cd9d7aa">
      <Execution id="abbc638d-fc3f-4709-8308-6bc355672c75" />
      <TestMethod codeBase="D:\actions-runner\_work\XPCO\XPCO\AllSolutions\..\Common\VideoOS.IdentityServer.Common\VideoOS.IdentityServer.Common.UnitTests\bin\Debug\net6.0-windows\VideoOS.IdentityServer.Common.UnitTests.dll" adapterTypeName="executor://mstestadapter/v2" className="VideoOS.IdentityServer.Common.UnitTests.Exceptions.IdpExceptionTests" name="IdpException_ErrorProperty_IsAccessible" />
    </UnitTest>
    <UnitTest name="ValidateToken_SecurityTokenIsNull_ThrowArgumentNullException" storage="d:\actions-runner\_work\xpco\xpco\allsolutions\..\common\videoos.identityserver.common\videoos.identityserver.common.unittests\bin\debug\net6.0-windows\videoos.identityserver.common.unittests.dll" id="08a3c3db-cc01-e5ed-016b-ec03cbb97901">
      <Execution id="225f2c1b-a0a1-4c90-9fb3-cd0a594b9352" />
      <TestMethod codeBase="D:\actions-runner\_work\XPCO\XPCO\AllSolutions\..\Common\VideoOS.IdentityServer.Common\VideoOS.IdentityServer.Common.UnitTests\bin\Debug\net6.0-windows\VideoOS.IdentityServer.Common.UnitTests.dll" adapterTypeName="executor://mstestadapter/v2" className="VideoOS.IdentityServer.Common.UnitTests.JwtSecurityTokenValidatorWithConfigurationManagerTests" name="ValidateToken_SecurityTokenIsNull_ThrowArgumentNullException" />
    </UnitTest>
    <UnitTest name="RefreshToken_IdTokenNotRetrieved_NoError" storage="d:\actions-runner\_work\xpco\xpco\allsolutions\..\common\videoos.identityserver.common\videoos.identityserver.common.unittests\bin\debug\net6.0-windows\videoos.identityserver.common.unittests.dll" id="90eefc04-1f04-d44e-931c-bf308a05aad7">
      <Execution id="d0b9779a-494b-40f4-a6a6-95e59fc35575" />
      <TestMethod codeBase="D:\actions-runner\_work\XPCO\XPCO\AllSolutions\..\Common\VideoOS.IdentityServer.Common\VideoOS.IdentityServer.Common.UnitTests\bin\Debug\net6.0-windows\VideoOS.IdentityServer.Common.UnitTests.dll" adapterTypeName="executor://mstestadapter/v2" className="VideoOS.IdentityServer.Common.UnitTests.Handlers.TokenCacheTests" name="RefreshToken_IdTokenNotRetrieved_NoError" />
    </UnitTest>
    <UnitTest name="CreateException_InvalidClient_Is_UnauthorizedException" storage="d:\actions-runner\_work\xpco\xpco\allsolutions\..\common\videoos.identityserver.common\videoos.identityserver.common.unittests\bin\debug\net6.0-windows\videoos.identityserver.common.unittests.dll" id="e0eca9f7-d766-7032-cd66-1fda7415dd68">
      <Execution id="232710b8-738c-4192-a228-c09f6ea4de54" />
      <TestMethod codeBase="D:\actions-runner\_work\XPCO\XPCO\AllSolutions\..\Common\VideoOS.IdentityServer.Common\VideoOS.IdentityServer.Common.UnitTests\bin\Debug\net6.0-windows\VideoOS.IdentityServer.Common.UnitTests.dll" adapterTypeName="executor://mstestadapter/v2" className="VideoOS.IdentityServer.Common.UnitTests.Exceptions.IdpExceptionFactoryTests" name="CreateException_InvalidClient_Is_UnauthorizedException" />
    </UnitTest>
    <UnitTest name="Construct_SpecifySingleGrantType_Success" storage="d:\actions-runner\_work\xpco\xpco\allsolutions\..\common\videoos.identityserver.common\videoos.identityserver.common.unittests\bin\debug\net6.0-windows\videoos.identityserver.common.unittests.dll" id="c2c2904c-f56a-3663-d545-f06d0f3baf88">
      <Execution id="a60c7173-c0b7-4bdb-8e04-acde196c534a" />
      <TestMethod codeBase="D:\actions-runner\_work\XPCO\XPCO\AllSolutions\..\Common\VideoOS.IdentityServer.Common\VideoOS.IdentityServer.Common.UnitTests\bin\Debug\net6.0-windows\VideoOS.IdentityServer.Common.UnitTests.dll" adapterTypeName="executor://mstestadapter/v2" className="VideoOS.IdentityServer.Common.UnitTests.Handlers.IdentityServerToken.IdentityServerClientSettingsTests" name="Construct_SpecifySingleGrantType_Success" />
    </UnitTest>
    <UnitTest name="Retrieve_EmptyClient_ThrowsArgumentNullException" storage="d:\actions-runner\_work\xpco\xpco\allsolutions\..\common\videoos.identityserver.common\videoos.identityserver.common.unittests\bin\debug\net6.0-windows\videoos.identityserver.common.unittests.dll" id="2b02613f-adc7-9ead-fab9-497ce9230752">
      <Execution id="e32c5145-230f-49f9-a2ef-10339a6106d5" />
      <TestMethod codeBase="D:\actions-runner\_work\XPCO\XPCO\AllSolutions\..\Common\VideoOS.IdentityServer.Common\VideoOS.IdentityServer.Common.UnitTests\bin\Debug\net6.0-windows\VideoOS.IdentityServer.Common.UnitTests.dll" adapterTypeName="executor://mstestadapter/v2" className="VideoOS.IdentityServer.Common.UnitTests.Utilities.Tokens.IdpTokenRetrieverTests" name="Retrieve_EmptyClient_ThrowsArgumentNullException" />
    </UnitTest>
    <UnitTest name="ValidateToken_SubClaimPresent_SystemClaimIsNotAddedToClaims" storage="d:\actions-runner\_work\xpco\xpco\allsolutions\..\common\videoos.identityserver.common\videoos.identityserver.common.unittests\bin\debug\net6.0-windows\videoos.identityserver.common.unittests.dll" id="529c2e35-24ca-56d0-82ae-22b9934a7f05">
      <Execution id="dd37e7e4-82bf-49de-a96a-e2c25ffd1974" />
      <TestMethod codeBase="D:\actions-runner\_work\XPCO\XPCO\AllSolutions\..\Common\VideoOS.IdentityServer.Common\VideoOS.IdentityServer.Common.UnitTests\bin\Debug\net6.0-windows\VideoOS.IdentityServer.Common.UnitTests.dll" adapterTypeName="executor://mstestadapter/v2" className="VideoOS.IdentityServer.Common.UnitTests.OpenIdTokenHandlerTests" name="ValidateToken_SubClaimPresent_SystemClaimIsNotAddedToClaims" />
    </UnitTest>
    <UnitTest name="ValidateToken_SignatureKeyNotFound_RefreshRequested" storage="d:\actions-runner\_work\xpco\xpco\allsolutions\..\common\videoos.identityserver.common\videoos.identityserver.common.unittests\bin\debug\net6.0-windows\videoos.identityserver.common.unittests.dll" id="a22a5490-f8cc-bbba-c479-58ecdc58c38a">
      <Execution id="aaea3073-ad64-4007-900a-d96ec6dd2017" />
      <TestMethod codeBase="D:\actions-runner\_work\XPCO\XPCO\AllSolutions\..\Common\VideoOS.IdentityServer.Common\VideoOS.IdentityServer.Common.UnitTests\bin\Debug\net6.0-windows\VideoOS.IdentityServer.Common.UnitTests.dll" adapterTypeName="executor://mstestadapter/v2" className="VideoOS.IdentityServer.Common.UnitTests.OpenIdTokenHandlerTests" name="ValidateToken_SignatureKeyNotFound_RefreshRequested" />
    </UnitTest>
    <UnitTest name="UserName_NoNameClaim_ThrowsInvalidOperationException" storage="d:\actions-runner\_work\xpco\xpco\allsolutions\..\common\videoos.identityserver.common\videoos.identityserver.common.unittests\bin\debug\net6.0-windows\videoos.identityserver.common.unittests.dll" id="c65def95-e459-70a7-408d-154b2321db49">
      <Execution id="a42aeaa8-e14a-4769-bbb5-febd6fc1ec4b" />
      <TestMethod codeBase="D:\actions-runner\_work\XPCO\XPCO\AllSolutions\..\Common\VideoOS.IdentityServer.Common\VideoOS.IdentityServer.Common.UnitTests\bin\Debug\net6.0-windows\VideoOS.IdentityServer.Common.UnitTests.dll" adapterTypeName="executor://mstestadapter/v2" className="VideoOS.IdentityServer.Common.UnitTests.Handlers.IdentityServerToken.SimpleTokenCacheTests" name="UserName_NoNameClaim_ThrowsInvalidOperationException" />
    </UnitTest>
    <UnitTest name="ValidateToken_CancellationIsRequested_ThrowOperationCanceledException" storage="d:\actions-runner\_work\xpco\xpco\allsolutions\..\common\videoos.identityserver.common\videoos.identityserver.common.unittests\bin\debug\net6.0-windows\videoos.identityserver.common.unittests.dll" id="1ad62dd9-f5f4-acc1-288e-32afb8d0c153">
      <Execution id="fe8d2648-b92c-462e-b6b4-3ef1cedc918c" />
      <TestMethod codeBase="D:\actions-runner\_work\XPCO\XPCO\AllSolutions\..\Common\VideoOS.IdentityServer.Common\VideoOS.IdentityServer.Common.UnitTests\bin\Debug\net6.0-windows\VideoOS.IdentityServer.Common.UnitTests.dll" adapterTypeName="executor://mstestadapter/v2" className="VideoOS.IdentityServer.Common.UnitTests.OpenIdTokenHandlerTests" name="ValidateToken_CancellationIsRequested_ThrowOperationCanceledException" />
    </UnitTest>
    <UnitTest name="Constructor_NullClientSettings_ThrowArgumentNullException" storage="d:\actions-runner\_work\xpco\xpco\allsolutions\..\common\videoos.identityserver.common\videoos.identityserver.common.unittests\bin\debug\net6.0-windows\videoos.identityserver.common.unittests.dll" id="2c257caa-63e0-0918-bed2-614d73e7951d">
      <Execution id="632066f6-27c0-4899-adfc-92c7ecfa6adc" />
      <TestMethod codeBase="D:\actions-runner\_work\XPCO\XPCO\AllSolutions\..\Common\VideoOS.IdentityServer.Common\VideoOS.IdentityServer.Common.UnitTests\bin\Debug\net6.0-windows\VideoOS.IdentityServer.Common.UnitTests.dll" adapterTypeName="executor://mstestadapter/v2" className="VideoOS.IdentityServer.Common.UnitTests.ExternalTokenHandlerTests" name="Constructor_NullClientSettings_ThrowArgumentNullException" />
    </UnitTest>
    <UnitTest name="HandleException_WebException_Status_ProtocolError_ReturnsFalse" storage="d:\actions-runner\_work\xpco\xpco\allsolutions\..\common\videoos.identityserver.common\videoos.identityserver.common.unittests\bin\debug\net6.0-windows\videoos.identityserver.common.unittests.dll" id="3ff67faa-d3a0-075c-0c7a-09774bd03583">
      <Execution id="dc19ce0a-1bf7-459b-9e20-9a8f67deebe6" />
      <TestMethod codeBase="D:\actions-runner\_work\XPCO\XPCO\AllSolutions\..\Common\VideoOS.IdentityServer.Common\VideoOS.IdentityServer.Common.UnitTests\bin\Debug\net6.0-windows\VideoOS.IdentityServer.Common.UnitTests.dll" adapterTypeName="executor://mstestadapter/v2" className="VideoOS.IdentityServer.Common.UnitTests.Utilities.ServerValidation.IdpExceptionHandlerTests" name="HandleException_WebException_Status_ProtocolError_ReturnsFalse" />
    </UnitTest>
    <UnitTest name="Constructor_NullRefreshToken_ThrowsArgumentNullException" storage="d:\actions-runner\_work\xpco\xpco\allsolutions\..\common\videoos.identityserver.common\videoos.identityserver.common.unittests\bin\debug\net6.0-windows\videoos.identityserver.common.unittests.dll" id="0d2f4ed5-125c-a2b1-8e5f-5e598ab83d5e">
      <Execution id="d8047746-2cd6-4b10-89f0-5af9c8282039" />
      <TestMethod codeBase="D:\actions-runner\_work\XPCO\XPCO\AllSolutions\..\Common\VideoOS.IdentityServer.Common\VideoOS.IdentityServer.Common.UnitTests\bin\Debug\net6.0-windows\VideoOS.IdentityServer.Common.UnitTests.dll" adapterTypeName="executor://mstestadapter/v2" className="VideoOS.IdentityServer.Common.UnitTests.Utilities.Tokens.IdpTokensTests" name="Constructor_NullRefreshToken_ThrowsArgumentNullException" />
    </UnitTest>
    <UnitTest name="ValidateIdpServer_HttpAddressInvalidPort_ShouldThrow" storage="d:\actions-runner\_work\xpco\xpco\allsolutions\..\common\videoos.identityserver.common\videoos.identityserver.common.unittests\bin\debug\net6.0-windows\videoos.identityserver.common.unittests.dll" id="eecfcbb2-c955-43fc-8e5c-cfc66bc5dfcb">
      <Execution id="29e0348d-c7c5-47a3-b14d-8086bba909ed" />
      <TestMethod codeBase="D:\actions-runner\_work\XPCO\XPCO\AllSolutions\..\Common\VideoOS.IdentityServer.Common\VideoOS.IdentityServer.Common.UnitTests\bin\Debug\net6.0-windows\VideoOS.IdentityServer.Common.UnitTests.dll" adapterTypeName="executor://mstestadapter/v2" className="VideoOS.IdentityServer.Common.UnitTests.IdpDiscoveryServiceTests" name="ValidateIdpServer_HttpAddressInvalidPort_ShouldThrow" />
    </UnitTest>
    <UnitTest name="Constructor_NullSupportedScopes_ThrowsArgumentNullException" storage="d:\actions-runner\_work\xpco\xpco\allsolutions\..\common\videoos.identityserver.common\videoos.identityserver.common.unittests\bin\debug\net6.0-windows\videoos.identityserver.common.unittests.dll" id="2ee7e566-cb75-fc37-6701-6a6ccb41d168">
      <Execution id="57161f11-ec68-4683-be5b-6a5a90072d09" />
      <TestMethod codeBase="D:\actions-runner\_work\XPCO\XPCO\AllSolutions\..\Common\VideoOS.IdentityServer.Common\VideoOS.IdentityServer.Common.UnitTests\bin\Debug\net6.0-windows\VideoOS.IdentityServer.Common.UnitTests.dll" adapterTypeName="executor://mstestadapter/v2" className="VideoOS.IdentityServer.Common.UnitTests.Utilities.Tokens.IdpTokenRetrieverTests" name="Constructor_NullSupportedScopes_ThrowsArgumentNullException" />
    </UnitTest>
    <UnitTest name="BasicOpenAuthenticationHeaderValue_Constructor_EmptyUserName" storage="d:\actions-runner\_work\xpco\xpco\allsolutions\..\common\videoos.identityserver.common\videoos.identityserver.common.unittests\bin\debug\net6.0-windows\videoos.identityserver.common.unittests.dll" id="05f6a519-6922-0d88-29ab-58670334a8c0">
      <Execution id="46483120-abe1-450d-a28e-5568502eefa6" />
      <TestMethod codeBase="D:\actions-runner\_work\XPCO\XPCO\AllSolutions\..\Common\VideoOS.IdentityServer.Common\VideoOS.IdentityServer.Common.UnitTests\bin\Debug\net6.0-windows\VideoOS.IdentityServer.Common.UnitTests.dll" adapterTypeName="executor://mstestadapter/v2" className="VideoOS.IdentityServer.Common.UnitTests.BasicOpenAuthenticationHeaderValueTests" name="BasicOpenAuthenticationHeaderValue_Constructor_EmptyUserName" />
    </UnitTest>
    <UnitTest name="IdpTokenClient_CredentialsCacheAsCredentials_HttpClientConfiguredToNotUseDefualtCredentials" storage="d:\actions-runner\_work\xpco\xpco\allsolutions\..\common\videoos.identityserver.common\videoos.identityserver.common.unittests\bin\debug\net6.0-windows\videoos.identityserver.common.unittests.dll" id="2b6f2d8f-97a8-a49e-9820-0353b7cf269e">
      <Execution id="61411caf-7574-4912-98ee-2f6980218f1a" />
      <TestMethod codeBase="D:\actions-runner\_work\XPCO\XPCO\AllSolutions\..\Common\VideoOS.IdentityServer.Common\VideoOS.IdentityServer.Common.UnitTests\bin\Debug\net6.0-windows\VideoOS.IdentityServer.Common.UnitTests.dll" adapterTypeName="executor://mstestadapter/v2" className="VideoOS.IdentityServer.Common.UnitTests.IdpTokenClientTests" name="IdpTokenClient_CredentialsCacheAsCredentials_HttpClientConfiguredToNotUseDefualtCredentials" />
    </UnitTest>
    <UnitTest name="Retrieve_NullProvider_ThrowsArgumentNullException" storage="d:\actions-runner\_work\xpco\xpco\allsolutions\..\common\videoos.identityserver.common\videoos.identityserver.common.unittests\bin\debug\net6.0-windows\videoos.identityserver.common.unittests.dll" id="bf705ae1-67a7-5fa6-c13f-a22026ecd395">
      <Execution id="d5ed09dd-c3ce-495b-bee7-8510afcf4f3b" />
      <TestMethod codeBase="D:\actions-runner\_work\XPCO\XPCO\AllSolutions\..\Common\VideoOS.IdentityServer.Common\VideoOS.IdentityServer.Common.UnitTests\bin\Debug\net6.0-windows\VideoOS.IdentityServer.Common.UnitTests.dll" adapterTypeName="executor://mstestadapter/v2" className="VideoOS.IdentityServer.Common.UnitTests.Utilities.Tokens.IdpTokenRetrieverTests" name="Retrieve_NullProvider_ThrowsArgumentNullException" />
    </UnitTest>
    <UnitTest name="Ctor_RequireHttpsIsTrueButAddressSchemeIsHttp_ThrowsArgumentException" storage="d:\actions-runner\_work\xpco\xpco\allsolutions\..\common\videoos.identityserver.common\videoos.identityserver.common.unittests\bin\debug\net6.0-windows\videoos.identityserver.common.unittests.dll" id="b534d700-8c81-a428-c5af-952f23674e8e">
      <Execution id="f3e333e0-cf54-4625-9dda-1a1d9723b938" />
      <TestMethod codeBase="D:\actions-runner\_work\XPCO\XPCO\AllSolutions\..\Common\VideoOS.IdentityServer.Common\VideoOS.IdentityServer.Common.UnitTests\bin\Debug\net6.0-windows\VideoOS.IdentityServer.Common.UnitTests.dll" adapterTypeName="executor://mstestadapter/v2" className="VideoOS.IdentityServer.Common.UnitTests.OpenIdTokenHandlerTests" name="Ctor_RequireHttpsIsTrueButAddressSchemeIsHttp_ThrowsArgumentException" />
    </UnitTest>
    <UnitTest name="Constructor_Successful" storage="d:\actions-runner\_work\xpco\xpco\allsolutions\..\common\videoos.identityserver.common\videoos.identityserver.common.unittests\bin\debug\net6.0-windows\videoos.identityserver.common.unittests.dll" id="b03e8e27-9937-91b2-5c08-fa8ff907b26f">
      <Execution id="c0c0ae33-cb9c-45ee-9dd2-6b4e723455ac" />
      <TestMethod codeBase="D:\actions-runner\_work\XPCO\XPCO\AllSolutions\..\Common\VideoOS.IdentityServer.Common\VideoOS.IdentityServer.Common.UnitTests\bin\Debug\net6.0-windows\VideoOS.IdentityServer.Common.UnitTests.dll" adapterTypeName="executor://mstestadapter/v2" className="VideoOS.IdentityServer.Common.UnitTests.Utilities.Tokens.IdpTokensTests" name="Constructor_Successful" />
    </UnitTest>
    <UnitTest name="IsTokenExpired_TokenExpiration_ExpiredReturnTrueNotExpiredReturnFalse (-1,True)" storage="d:\actions-runner\_work\xpco\xpco\allsolutions\..\common\videoos.identityserver.common\videoos.identityserver.common.unittests\bin\debug\net6.0-windows\videoos.identityserver.common.unittests.dll" id="e603fa45-aab1-620a-c1e6-f47421b47951">
      <Execution id="c82b4ff4-9274-4896-b478-9c70b136af05" />
      <TestMethod codeBase="D:\actions-runner\_work\XPCO\XPCO\AllSolutions\..\Common\VideoOS.IdentityServer.Common\VideoOS.IdentityServer.Common.UnitTests\bin\Debug\net6.0-windows\VideoOS.IdentityServer.Common.UnitTests.dll" adapterTypeName="executor://mstestadapter/v2" className="VideoOS.IdentityServer.Common.UnitTests.Handlers.TokenCacheTests" name="IsTokenExpired_TokenExpiration_ExpiredReturnTrueNotExpiredReturnFalse" />
    </UnitTest>
    <UnitTest name="Ctor_AddressIsNull_ThrowsArgumentNullException" storage="d:\actions-runner\_work\xpco\xpco\allsolutions\..\common\videoos.identityserver.common\videoos.identityserver.common.unittests\bin\debug\net6.0-windows\videoos.identityserver.common.unittests.dll" id="7ca488d0-3aca-76f1-6559-f9cc58d50a45">
      <Execution id="ef1ecf24-e63a-4601-af2c-925551317e5a" />
      <TestMethod codeBase="D:\actions-runner\_work\XPCO\XPCO\AllSolutions\..\Common\VideoOS.IdentityServer.Common\VideoOS.IdentityServer.Common.UnitTests\bin\Debug\net6.0-windows\VideoOS.IdentityServer.Common.UnitTests.dll" adapterTypeName="executor://mstestadapter/v2" className="VideoOS.IdentityServer.Common.UnitTests.JwtSecurityTokenValidatorWithConfigurationManagerTests" name="Ctor_AddressIsNull_ThrowsArgumentNullException" />
    </UnitTest>
    <UnitTest name="Constructor_ScopeIsEmpty_ThrowArgumentException" storage="d:\actions-runner\_work\xpco\xpco\allsolutions\..\common\videoos.identityserver.common\videoos.identityserver.common.unittests\bin\debug\net6.0-windows\videoos.identityserver.common.unittests.dll" id="1084380c-efdf-4335-3855-2ba20ad000dd">
      <Execution id="e8bda664-4780-4154-b7fe-8fe793597c04" />
      <TestMethod codeBase="D:\actions-runner\_work\XPCO\XPCO\AllSolutions\..\Common\VideoOS.IdentityServer.Common\VideoOS.IdentityServer.Common.UnitTests\bin\Debug\net6.0-windows\VideoOS.IdentityServer.Common.UnitTests.dll" adapterTypeName="executor://mstestadapter/v2" className="VideoOS.IdentityServer.Common.UnitTests.IdentityServerTokenHandlerTests" name="Constructor_ScopeIsEmpty_ThrowArgumentException" />
    </UnitTest>
    <UnitTest name="Construct_WithHttpError_ResponseWithStatusCode" storage="d:\actions-runner\_work\xpco\xpco\allsolutions\..\common\videoos.identityserver.common\videoos.identityserver.common.unittests\bin\debug\net6.0-windows\videoos.identityserver.common.unittests.dll" id="02022d21-40cd-3c83-07fb-845b28c8719d">
      <Execution id="84e72d2e-edc4-467c-83b4-f17128db3b81" />
      <TestMethod codeBase="D:\actions-runner\_work\XPCO\XPCO\AllSolutions\..\Common\VideoOS.IdentityServer.Common\VideoOS.IdentityServer.Common.UnitTests\bin\Debug\net6.0-windows\VideoOS.IdentityServer.Common.UnitTests.dll" adapterTypeName="executor://mstestadapter/v2" className="VideoOS.IdentityServer.Common.UnitTests.DiscoveryResponseTests" name="Construct_WithHttpError_ResponseWithStatusCode" />
    </UnitTest>
    <UnitTest name="UserAndDomainName_ThrowsNotSupportedException" storage="d:\actions-runner\_work\xpco\xpco\allsolutions\..\common\videoos.identityserver.common\videoos.identityserver.common.unittests\bin\debug\net6.0-windows\videoos.identityserver.common.unittests.dll" id="4df62476-7918-8981-230a-1c8bcba97842">
      <Execution id="5f526fcd-07af-4ea9-84e0-9931a2df9caf" />
      <TestMethod codeBase="D:\actions-runner\_work\XPCO\XPCO\AllSolutions\..\Common\VideoOS.IdentityServer.Common\VideoOS.IdentityServer.Common.UnitTests\bin\Debug\net6.0-windows\VideoOS.IdentityServer.Common.UnitTests.dll" adapterTypeName="executor://mstestadapter/v2" className="VideoOS.IdentityServer.Common.UnitTests.Handlers.IdentityServerToken.SimpleTokenCacheTests" name="UserAndDomainName_ThrowsNotSupportedException" />
    </UnitTest>
    <UnitTest name="CreateException_InvalidCode_Throws_ArgumentOutOfRangeException" storage="d:\actions-runner\_work\xpco\xpco\allsolutions\..\common\videoos.identityserver.common\videoos.identityserver.common.unittests\bin\debug\net6.0-windows\videoos.identityserver.common.unittests.dll" id="24757d53-50b6-4207-edb9-4d7b85e83ec0">
      <Execution id="7b99bdb0-fbab-40e4-a504-cd956ec882e1" />
      <TestMethod codeBase="D:\actions-runner\_work\XPCO\XPCO\AllSolutions\..\Common\VideoOS.IdentityServer.Common\VideoOS.IdentityServer.Common.UnitTests\bin\Debug\net6.0-windows\VideoOS.IdentityServer.Common.UnitTests.dll" adapterTypeName="executor://mstestadapter/v2" className="VideoOS.IdentityServer.Common.UnitTests.Exceptions.IdpExceptionFactoryTests" name="CreateException_InvalidCode_Throws_ArgumentOutOfRangeException" />
    </UnitTest>
    <UnitTest name="HasValidScheme_UriIsHttps_ReturnsTrue" storage="d:\actions-runner\_work\xpco\xpco\allsolutions\..\common\videoos.identityserver.common\videoos.identityserver.common.unittests\bin\debug\net6.0-windows\videoos.identityserver.common.unittests.dll" id="6295024d-cdd4-de28-e7d8-515486f05d12">
      <Execution id="8a20a48b-840c-4896-853d-5ca8586fe5cf" />
      <TestMethod codeBase="D:\actions-runner\_work\XPCO\XPCO\AllSolutions\..\Common\VideoOS.IdentityServer.Common\VideoOS.IdentityServer.Common.UnitTests\bin\Debug\net6.0-windows\VideoOS.IdentityServer.Common.UnitTests.dll" adapterTypeName="executor://mstestadapter/v2" className="VideoOS.IdentityServer.Common.UnitTests.Utilities.ServerValidation.UriExtenderTests" name="HasValidScheme_UriIsHttps_ReturnsTrue" />
    </UnitTest>
    <UnitTest name="ValidateIdpServer_WorkingHttpAddress_ShouldSuccess" storage="d:\actions-runner\_work\xpco\xpco\allsolutions\..\common\videoos.identityserver.common\videoos.identityserver.common.unittests\bin\debug\net6.0-windows\videoos.identityserver.common.unittests.dll" id="9ef64bea-8c17-ab0b-0aa2-a889a448670e">
      <Execution id="f4eacbcf-e181-4e10-83b4-5c3f1665c823" />
      <TestMethod codeBase="D:\actions-runner\_work\XPCO\XPCO\AllSolutions\..\Common\VideoOS.IdentityServer.Common\VideoOS.IdentityServer.Common.UnitTests\bin\Debug\net6.0-windows\VideoOS.IdentityServer.Common.UnitTests.dll" adapterTypeName="executor://mstestadapter/v2" className="VideoOS.IdentityServer.Common.UnitTests.IdpDiscoveryServiceTests" name="ValidateIdpServer_WorkingHttpAddress_ShouldSuccess" />
    </UnitTest>
    <UnitTest name="Start_TokenRefreshSuccess_StartTimerInterval10" storage="d:\actions-runner\_work\xpco\xpco\allsolutions\..\common\videoos.identityserver.common\videoos.identityserver.common.unittests\bin\debug\net6.0-windows\videoos.identityserver.common.unittests.dll" id="7c241f9b-2b9f-c010-004c-ec717a0175c5">
      <Execution id="c522330a-8172-474e-8b10-4fee97946b08" />
      <TestMethod codeBase="D:\actions-runner\_work\XPCO\XPCO\AllSolutions\..\Common\VideoOS.IdentityServer.Common\VideoOS.IdentityServer.Common.UnitTests\bin\Debug\net6.0-windows\VideoOS.IdentityServer.Common.UnitTests.dll" adapterTypeName="executor://mstestadapter/v2" className="VideoOS.IdentityServer.Common.UnitTests.Handlers.TokenCacheTests" name="Start_TokenRefreshSuccess_StartTimerInterval10" />
    </UnitTest>
    <UnitTest name="RefreshToken_TokenHandlerReturnsToken_RefreshTokenReturnsToken" storage="d:\actions-runner\_work\xpco\xpco\allsolutions\..\common\videoos.identityserver.common\videoos.identityserver.common.unittests\bin\debug\net6.0-windows\videoos.identityserver.common.unittests.dll" id="6ee35bac-519f-b442-48b8-ad90bff16940">
      <Execution id="c19c1902-43c4-48de-961a-366f5c5dc3f5" />
      <TestMethod codeBase="D:\actions-runner\_work\XPCO\XPCO\AllSolutions\..\Common\VideoOS.IdentityServer.Common\VideoOS.IdentityServer.Common.UnitTests\bin\Debug\net6.0-windows\VideoOS.IdentityServer.Common.UnitTests.dll" adapterTypeName="executor://mstestadapter/v2" className="VideoOS.IdentityServer.Common.UnitTests.Handlers.TokenCacheTests" name="RefreshToken_TokenHandlerReturnsToken_RefreshTokenReturnsToken" />
    </UnitTest>
    <UnitTest name="BasicOpenAuthenticationHeaderValue_Constructor_NullUserName" storage="d:\actions-runner\_work\xpco\xpco\allsolutions\..\common\videoos.identityserver.common\videoos.identityserver.common.unittests\bin\debug\net6.0-windows\videoos.identityserver.common.unittests.dll" id="b639b5fb-3ef5-2cd9-a90a-017d1638f497">
      <Execution id="56c6d2d0-9b2c-4dab-842c-385da4779c7a" />
      <TestMethod codeBase="D:\actions-runner\_work\XPCO\XPCO\AllSolutions\..\Common\VideoOS.IdentityServer.Common\VideoOS.IdentityServer.Common.UnitTests\bin\Debug\net6.0-windows\VideoOS.IdentityServer.Common.UnitTests.dll" adapterTypeName="executor://mstestadapter/v2" className="VideoOS.IdentityServer.Common.UnitTests.BasicOpenAuthenticationHeaderValueTests" name="BasicOpenAuthenticationHeaderValue_Constructor_NullUserName" />
    </UnitTest>
    <UnitTest name="TokenCache_Constructor_Scope_ArgumentNullException" storage="d:\actions-runner\_work\xpco\xpco\allsolutions\..\common\videoos.identityserver.common\videoos.identityserver.common.unittests\bin\debug\net6.0-windows\videoos.identityserver.common.unittests.dll" id="21823bf0-ff7d-6139-8246-3e6c7fce3add">
      <Execution id="03e174ee-41b1-4f3f-ac16-fa09952d96f2" />
      <TestMethod codeBase="D:\actions-runner\_work\XPCO\XPCO\AllSolutions\..\Common\VideoOS.IdentityServer.Common\VideoOS.IdentityServer.Common.UnitTests\bin\Debug\net6.0-windows\VideoOS.IdentityServer.Common.UnitTests.dll" adapterTypeName="executor://mstestadapter/v2" className="VideoOS.IdentityServer.Common.UnitTests.Handlers.TokenCacheTests" name="TokenCache_Constructor_Scope_ArgumentNullException" />
    </UnitTest>
    <UnitTest name="GetTokenResponseAsync_TokenHandlerDisposedBeforeCall_ObjectDisposedException" storage="d:\actions-runner\_work\xpco\xpco\allsolutions\..\common\videoos.identityserver.common\videoos.identityserver.common.unittests\bin\debug\net6.0-windows\videoos.identityserver.common.unittests.dll" id="1eb96942-90b7-e230-1cfa-7966bc14fec4">
      <Execution id="68d77ca7-b25b-45fd-8abe-f2af96151f16" />
      <TestMethod codeBase="D:\actions-runner\_work\XPCO\XPCO\AllSolutions\..\Common\VideoOS.IdentityServer.Common\VideoOS.IdentityServer.Common.UnitTests\bin\Debug\net6.0-windows\VideoOS.IdentityServer.Common.UnitTests.dll" adapterTypeName="executor://mstestadapter/v2" className="VideoOS.IdentityServer.Common.UnitTests.ExchangeTokenHandlerTests" name="GetTokenResponseAsync_TokenHandlerDisposedBeforeCall_ObjectDisposedException" />
    </UnitTest>
    <UnitTest name="ValidateIdpServer_HttpsAddressInvalidPort_ShouldThrow" storage="d:\actions-runner\_work\xpco\xpco\allsolutions\..\common\videoos.identityserver.common\videoos.identityserver.common.unittests\bin\debug\net6.0-windows\videoos.identityserver.common.unittests.dll" id="730bef14-9053-6444-695c-2c9c89ef8f7a">
      <Execution id="5e016e9a-3d0b-4a07-805a-a02348756c04" />
      <TestMethod codeBase="D:\actions-runner\_work\XPCO\XPCO\AllSolutions\..\Common\VideoOS.IdentityServer.Common\VideoOS.IdentityServer.Common.UnitTests\bin\Debug\net6.0-windows\VideoOS.IdentityServer.Common.UnitTests.dll" adapterTypeName="executor://mstestadapter/v2" className="VideoOS.IdentityServer.Common.UnitTests.IdpDiscoveryServiceTests" name="ValidateIdpServer_HttpsAddressInvalidPort_ShouldThrow" />
    </UnitTest>
    <UnitTest name="Stop_RefreshGetToken" storage="d:\actions-runner\_work\xpco\xpco\allsolutions\..\common\videoos.identityserver.common\videoos.identityserver.common.unittests\bin\debug\net6.0-windows\videoos.identityserver.common.unittests.dll" id="384c466e-e541-dfd8-e107-db2fc07e11e9">
      <Execution id="e211e399-25f5-43e3-9953-c78c6bb2af68" />
      <TestMethod codeBase="D:\actions-runner\_work\XPCO\XPCO\AllSolutions\..\Common\VideoOS.IdentityServer.Common\VideoOS.IdentityServer.Common.UnitTests\bin\Debug\net6.0-windows\VideoOS.IdentityServer.Common.UnitTests.dll" adapterTypeName="executor://mstestadapter/v2" className="VideoOS.IdentityServer.Common.UnitTests.Handlers.TokenCacheTests" name="Stop_RefreshGetToken" />
    </UnitTest>
    <UnitTest name="Start_TokenRefreshFailed_StartTimerInterval5" storage="d:\actions-runner\_work\xpco\xpco\allsolutions\..\common\videoos.identityserver.common\videoos.identityserver.common.unittests\bin\debug\net6.0-windows\videoos.identityserver.common.unittests.dll" id="07e017ec-27c0-e3c7-e86f-7418562949bd">
      <Execution id="752edc71-4db5-45b6-8c09-0cb7714abc8d" />
      <TestMethod codeBase="D:\actions-runner\_work\XPCO\XPCO\AllSolutions\..\Common\VideoOS.IdentityServer.Common\VideoOS.IdentityServer.Common.UnitTests\bin\Debug\net6.0-windows\VideoOS.IdentityServer.Common.UnitTests.dll" adapterTypeName="executor://mstestadapter/v2" className="VideoOS.IdentityServer.Common.UnitTests.Handlers.TokenCacheTests" name="Start_TokenRefreshFailed_StartTimerInterval5" />
    </UnitTest>
    <UnitTest name="CreateException_PasswordRequiresDigit_Is_PasswordNotComplexEnoughException" storage="d:\actions-runner\_work\xpco\xpco\allsolutions\..\common\videoos.identityserver.common\videoos.identityserver.common.unittests\bin\debug\net6.0-windows\videoos.identityserver.common.unittests.dll" id="a195a1f3-7257-7b57-25f5-d869b6864153">
      <Execution id="13f8cd08-9d81-4050-8add-96e8ab368f3a" />
      <TestMethod codeBase="D:\actions-runner\_work\XPCO\XPCO\AllSolutions\..\Common\VideoOS.IdentityServer.Common\VideoOS.IdentityServer.Common.UnitTests\bin\Debug\net6.0-windows\VideoOS.IdentityServer.Common.UnitTests.dll" adapterTypeName="executor://mstestadapter/v2" className="VideoOS.IdentityServer.Common.UnitTests.Exceptions.IdpExceptionFactoryTests" name="CreateException_PasswordRequiresDigit_Is_PasswordNotComplexEnoughException" />
    </UnitTest>
    <UnitTest name="IdpTokenClient_NullCredentials_HttpClientConfiguredToUseDefualtCredentials" storage="d:\actions-runner\_work\xpco\xpco\allsolutions\..\common\videoos.identityserver.common\videoos.identityserver.common.unittests\bin\debug\net6.0-windows\videoos.identityserver.common.unittests.dll" id="4dc452ef-89de-ef92-35ba-5de565a80983">
      <Execution id="ee0f2aa0-dc93-42f6-9fd8-0a2bb257fbd1" />
      <TestMethod codeBase="D:\actions-runner\_work\XPCO\XPCO\AllSolutions\..\Common\VideoOS.IdentityServer.Common\VideoOS.IdentityServer.Common.UnitTests\bin\Debug\net6.0-windows\VideoOS.IdentityServer.Common.UnitTests.dll" adapterTypeName="executor://mstestadapter/v2" className="VideoOS.IdentityServer.Common.UnitTests.IdpTokenClientTests" name="IdpTokenClient_NullCredentials_HttpClientConfiguredToUseDefualtCredentials" />
    </UnitTest>
    <UnitTest name="ValidateToken_SignatureKeyNotFoundMinimumRefreshIntervalReached_RefreshRequested" storage="d:\actions-runner\_work\xpco\xpco\allsolutions\..\common\videoos.identityserver.common\videoos.identityserver.common.unittests\bin\debug\net6.0-windows\videoos.identityserver.common.unittests.dll" id="e9fa84ac-633c-62b6-98d7-47b66e6e189e">
      <Execution id="55be63ce-d573-42c2-a137-f5a0543dd26d" />
      <TestMethod codeBase="D:\actions-runner\_work\XPCO\XPCO\AllSolutions\..\Common\VideoOS.IdentityServer.Common\VideoOS.IdentityServer.Common.UnitTests\bin\Debug\net6.0-windows\VideoOS.IdentityServer.Common.UnitTests.dll" adapterTypeName="executor://mstestadapter/v2" className="VideoOS.IdentityServer.Common.UnitTests.JwtSecurityTokenValidatorWithConfigurationManagerTests" name="ValidateToken_SignatureKeyNotFoundMinimumRefreshIntervalReached_RefreshRequested" />
    </UnitTest>
    <UnitTest name="Retrieve_EmptyProvider_ThrowsArgumentNullException" storage="d:\actions-runner\_work\xpco\xpco\allsolutions\..\common\videoos.identityserver.common\videoos.identityserver.common.unittests\bin\debug\net6.0-windows\videoos.identityserver.common.unittests.dll" id="fb9a0fbc-d523-38e7-fa29-68166d7c4694">
      <Execution id="5f832aa3-e71f-4643-831d-4627f31f3976" />
      <TestMethod codeBase="D:\actions-runner\_work\XPCO\XPCO\AllSolutions\..\Common\VideoOS.IdentityServer.Common\VideoOS.IdentityServer.Common.UnitTests\bin\Debug\net6.0-windows\VideoOS.IdentityServer.Common.UnitTests.dll" adapterTypeName="executor://mstestadapter/v2" className="VideoOS.IdentityServer.Common.UnitTests.Utilities.Tokens.IdpTokenRetrieverTests" name="Retrieve_EmptyProvider_ThrowsArgumentNullException" />
    </UnitTest>
    <UnitTest name="HasValidScheme_UriIsNetTcp_ReturnsTrue" storage="d:\actions-runner\_work\xpco\xpco\allsolutions\..\common\videoos.identityserver.common\videoos.identityserver.common.unittests\bin\debug\net6.0-windows\videoos.identityserver.common.unittests.dll" id="99565e95-1a0c-269c-a11f-12a2852883ea">
      <Execution id="2578d47b-aeb5-40b3-aaf7-f69f0152d1a1" />
      <TestMethod codeBase="D:\actions-runner\_work\XPCO\XPCO\AllSolutions\..\Common\VideoOS.IdentityServer.Common\VideoOS.IdentityServer.Common.UnitTests\bin\Debug\net6.0-windows\VideoOS.IdentityServer.Common.UnitTests.dll" adapterTypeName="executor://mstestadapter/v2" className="VideoOS.IdentityServer.Common.UnitTests.Utilities.ServerValidation.UriExtenderTests" name="HasValidScheme_UriIsNetTcp_ReturnsTrue" />
    </UnitTest>
    <UnitTest name="Constructor_ClientTokenSettingsIsNull_ThrowArgumentNullException" storage="d:\actions-runner\_work\xpco\xpco\allsolutions\..\common\videoos.identityserver.common\videoos.identityserver.common.unittests\bin\debug\net6.0-windows\videoos.identityserver.common.unittests.dll" id="6c035807-52d4-6caf-a566-ec498448b6fa">
      <Execution id="2565d4bf-f417-4600-a741-6e6fe94e51ab" />
      <TestMethod codeBase="D:\actions-runner\_work\XPCO\XPCO\AllSolutions\..\Common\VideoOS.IdentityServer.Common\VideoOS.IdentityServer.Common.UnitTests\bin\Debug\net6.0-windows\VideoOS.IdentityServer.Common.UnitTests.dll" adapterTypeName="executor://mstestadapter/v2" className="VideoOS.IdentityServer.Common.UnitTests.IdentityServerTokenHandlerTests" name="Constructor_ClientTokenSettingsIsNull_ThrowArgumentNullException" />
    </UnitTest>
    <UnitTest name="GetAsync_ErrorTypeException_DiscoveryResponseIsError" storage="d:\actions-runner\_work\xpco\xpco\allsolutions\..\common\videoos.identityserver.common\videoos.identityserver.common.unittests\bin\debug\net6.0-windows\videoos.identityserver.common.unittests.dll" id="c25f8796-8fb8-e9c9-dc4c-16994d769571">
      <Execution id="34d46ddb-0246-432a-9365-93edd6db56f6" />
      <TestMethod codeBase="D:\actions-runner\_work\XPCO\XPCO\AllSolutions\..\Common\VideoOS.IdentityServer.Common\VideoOS.IdentityServer.Common.UnitTests\bin\Debug\net6.0-windows\VideoOS.IdentityServer.Common.UnitTests.dll" adapterTypeName="executor://mstestadapter/v2" className="VideoOS.IdentityServer.Common.UnitTests.DiscoveryClientTests" name="GetAsync_ErrorTypeException_DiscoveryResponseIsError" />
    </UnitTest>
    <UnitTest name="GetTokenResponseAsync_HttpStatusIsNotOk_IdpExceptionIsThrown" storage="d:\actions-runner\_work\xpco\xpco\allsolutions\..\common\videoos.identityserver.common\videoos.identityserver.common.unittests\bin\debug\net6.0-windows\videoos.identityserver.common.unittests.dll" id="f15d1485-b568-93f4-d5a1-108ce37ed532">
      <Execution id="5bfa1da6-7e21-4a95-9f12-3af209aa8d58" />
      <TestMethod codeBase="D:\actions-runner\_work\XPCO\XPCO\AllSolutions\..\Common\VideoOS.IdentityServer.Common\VideoOS.IdentityServer.Common.UnitTests\bin\Debug\net6.0-windows\VideoOS.IdentityServer.Common.UnitTests.dll" adapterTypeName="executor://mstestadapter/v2" className="VideoOS.IdentityServer.Common.UnitTests.ExternalTokenHandlerTests" name="GetTokenResponseAsync_HttpStatusIsNotOk_IdpExceptionIsThrown" />
    </UnitTest>
    <UnitTest name="GetClaimValue_IdTokenRetrieved_ClaimThere_ReturnsClaimValue" storage="d:\actions-runner\_work\xpco\xpco\allsolutions\..\common\videoos.identityserver.common\videoos.identityserver.common.unittests\bin\debug\net6.0-windows\videoos.identityserver.common.unittests.dll" id="90d13d23-6660-c28a-543b-d374b02dcccb">
      <Execution id="1d160f70-8923-4e36-bc50-62613eff12db" />
      <TestMethod codeBase="D:\actions-runner\_work\XPCO\XPCO\AllSolutions\..\Common\VideoOS.IdentityServer.Common\VideoOS.IdentityServer.Common.UnitTests\bin\Debug\net6.0-windows\VideoOS.IdentityServer.Common.UnitTests.dll" adapterTypeName="executor://mstestadapter/v2" className="VideoOS.IdentityServer.Common.UnitTests.Handlers.TokenCacheTests" name="GetClaimValue_IdTokenRetrieved_ClaimThere_ReturnsClaimValue" />
    </UnitTest>
    <UnitTest name="CreateException_DuplicateAdminIdentity_Is_DuplicateAdminIdentityException" storage="d:\actions-runner\_work\xpco\xpco\allsolutions\..\common\videoos.identityserver.common\videoos.identityserver.common.unittests\bin\debug\net6.0-windows\videoos.identityserver.common.unittests.dll" id="98edab49-64e8-bcaf-beed-559fb53bdf3f">
      <Execution id="86584e3e-c5fe-44e8-b609-c66c9b69198d" />
      <TestMethod codeBase="D:\actions-runner\_work\XPCO\XPCO\AllSolutions\..\Common\VideoOS.IdentityServer.Common\VideoOS.IdentityServer.Common.UnitTests\bin\Debug\net6.0-windows\VideoOS.IdentityServer.Common.UnitTests.dll" adapterTypeName="executor://mstestadapter/v2" className="VideoOS.IdentityServer.Common.UnitTests.Exceptions.IdpExceptionFactoryTests" name="CreateException_DuplicateAdminIdentity_Is_DuplicateAdminIdentityException" />
    </UnitTest>
    <UnitTest name="CreateException_LockedOut_Is_LockedOutException" storage="d:\actions-runner\_work\xpco\xpco\allsolutions\..\common\videoos.identityserver.common\videoos.identityserver.common.unittests\bin\debug\net6.0-windows\videoos.identityserver.common.unittests.dll" id="26714a1a-41f7-451e-82b0-891505fd3754">
      <Execution id="eaf49f94-600c-48df-b326-a8192e4bb5ac" />
      <TestMethod codeBase="D:\actions-runner\_work\XPCO\XPCO\AllSolutions\..\Common\VideoOS.IdentityServer.Common\VideoOS.IdentityServer.Common.UnitTests\bin\Debug\net6.0-windows\VideoOS.IdentityServer.Common.UnitTests.dll" adapterTypeName="executor://mstestadapter/v2" className="VideoOS.IdentityServer.Common.UnitTests.Exceptions.IdpExceptionFactoryTests" name="CreateException_LockedOut_Is_LockedOutException" />
    </UnitTest>
    <UnitTest name="Construct_InvalidParam_ClientIBaseServerUri_PartialUri_Throws_ArgumentException" storage="d:\actions-runner\_work\xpco\xpco\allsolutions\..\common\videoos.identityserver.common\videoos.identityserver.common.unittests\bin\debug\net6.0-windows\videoos.identityserver.common.unittests.dll" id="f37524f4-6178-1300-0d38-772771a42b59">
      <Execution id="bba23ded-2e04-46dc-8199-903e6958d074" />
      <TestMethod codeBase="D:\actions-runner\_work\XPCO\XPCO\AllSolutions\..\Common\VideoOS.IdentityServer.Common\VideoOS.IdentityServer.Common.UnitTests\bin\Debug\net6.0-windows\VideoOS.IdentityServer.Common.UnitTests.dll" adapterTypeName="executor://mstestadapter/v2" className="VideoOS.IdentityServer.Common.UnitTests.Handlers.IdentityServerToken.IdentityServerClientSettingsTests" name="Construct_InvalidParam_ClientIBaseServerUri_PartialUri_Throws_ArgumentException" />
    </UnitTest>
    <UnitTest name="HandleException_WebException_Status_KeepAliveFailure_ReturnsTrue" storage="d:\actions-runner\_work\xpco\xpco\allsolutions\..\common\videoos.identityserver.common\videoos.identityserver.common.unittests\bin\debug\net6.0-windows\videoos.identityserver.common.unittests.dll" id="8b0bbd88-d4e3-018e-eff8-fdef5f0617d3">
      <Execution id="bb75b1e7-813d-49d3-9937-d394e3ffd5fc" />
      <TestMethod codeBase="D:\actions-runner\_work\XPCO\XPCO\AllSolutions\..\Common\VideoOS.IdentityServer.Common\VideoOS.IdentityServer.Common.UnitTests\bin\Debug\net6.0-windows\VideoOS.IdentityServer.Common.UnitTests.dll" adapterTypeName="executor://mstestadapter/v2" className="VideoOS.IdentityServer.Common.UnitTests.Utilities.ServerValidation.IdpExceptionHandlerTests" name="HandleException_WebException_Status_KeepAliveFailure_ReturnsTrue" />
    </UnitTest>
    <UnitTest name="HasValidScheme_UriIsMailTo_ReturnsTrue" storage="d:\actions-runner\_work\xpco\xpco\allsolutions\..\common\videoos.identityserver.common\videoos.identityserver.common.unittests\bin\debug\net6.0-windows\videoos.identityserver.common.unittests.dll" id="1620f4f3-fa43-753e-a977-2bf07d76d45d">
      <Execution id="fbbaf5cd-2c20-4b69-a383-c009cfb51c28" />
      <TestMethod codeBase="D:\actions-runner\_work\XPCO\XPCO\AllSolutions\..\Common\VideoOS.IdentityServer.Common\VideoOS.IdentityServer.Common.UnitTests\bin\Debug\net6.0-windows\VideoOS.IdentityServer.Common.UnitTests.dll" adapterTypeName="executor://mstestadapter/v2" className="VideoOS.IdentityServer.Common.UnitTests.Utilities.ServerValidation.UriExtenderTests" name="HasValidScheme_UriIsMailTo_ReturnsTrue" />
    </UnitTest>
    <UnitTest name="Constructor_RequestedScopes_Filtered_by_Supported" storage="d:\actions-runner\_work\xpco\xpco\allsolutions\..\common\videoos.identityserver.common\videoos.identityserver.common.unittests\bin\debug\net6.0-windows\videoos.identityserver.common.unittests.dll" id="44c7436c-905a-58ad-44f0-0942a51a60c8">
      <Execution id="c4843d95-78b2-4eef-82f3-50553b8fdd09" />
      <TestMethod codeBase="D:\actions-runner\_work\XPCO\XPCO\AllSolutions\..\Common\VideoOS.IdentityServer.Common\VideoOS.IdentityServer.Common.UnitTests\bin\Debug\net6.0-windows\VideoOS.IdentityServer.Common.UnitTests.dll" adapterTypeName="executor://mstestadapter/v2" className="VideoOS.IdentityServer.Common.UnitTests.Utilities.Tokens.IdpTokenRetrieverTests" name="Constructor_RequestedScopes_Filtered_by_Supported" />
    </UnitTest>
    <UnitTest name="Construct_InvalidParam_GrantType_EmptyString_Throws_ArgumentNullException" storage="d:\actions-runner\_work\xpco\xpco\allsolutions\..\common\videoos.identityserver.common\videoos.identityserver.common.unittests\bin\debug\net6.0-windows\videoos.identityserver.common.unittests.dll" id="abc17b2d-2fdc-8231-f8f9-d08681dce944">
      <Execution id="1ce630a5-21e2-4a1a-a416-355a534a044f" />
      <TestMethod codeBase="D:\actions-runner\_work\XPCO\XPCO\AllSolutions\..\Common\VideoOS.IdentityServer.Common\VideoOS.IdentityServer.Common.UnitTests\bin\Debug\net6.0-windows\VideoOS.IdentityServer.Common.UnitTests.dll" adapterTypeName="executor://mstestadapter/v2" className="VideoOS.IdentityServer.Common.UnitTests.Handlers.IdentityServerToken.IdentityServerClientSettingsTests" name="Construct_InvalidParam_GrantType_EmptyString_Throws_ArgumentNullException" />
    </UnitTest>
    <UnitTest name="Ctor_AddressIsNull_ThrowsArgumentNullException" storage="d:\actions-runner\_work\xpco\xpco\allsolutions\..\common\videoos.identityserver.common\videoos.identityserver.common.unittests\bin\debug\net6.0-windows\videoos.identityserver.common.unittests.dll" id="2f8b9abc-1c8d-726a-bc19-fbcf045e42b5">
      <Execution id="dbd76871-df41-4f77-aba3-12982ed35eb0" />
      <TestMethod codeBase="D:\actions-runner\_work\XPCO\XPCO\AllSolutions\..\Common\VideoOS.IdentityServer.Common\VideoOS.IdentityServer.Common.UnitTests\bin\Debug\net6.0-windows\VideoOS.IdentityServer.Common.UnitTests.dll" adapterTypeName="executor://mstestadapter/v2" className="VideoOS.IdentityServer.Common.UnitTests.OpenIdTokenHandlerTests" name="Ctor_AddressIsNull_ThrowsArgumentNullException" />
    </UnitTest>
    <UnitTest name="Configure_ClientSecretIsSetInSecretOptionsObject" storage="d:\actions-runner\_work\xpco\xpco\allsolutions\..\common\videoos.identityserver.common\videoos.identityserver.common.unittests\bin\debug\net6.0-windows\videoos.identityserver.common.unittests.dll" id="3d28f919-d5cf-6a4a-935f-5362d819b368">
      <Execution id="c5598a2f-4871-459d-aef8-fbe1e6a8940c" />
      <TestMethod codeBase="D:\actions-runner\_work\XPCO\XPCO\AllSolutions\..\Common\VideoOS.IdentityServer.Common\VideoOS.IdentityServer.Common.UnitTests\bin\Debug\net6.0-windows\VideoOS.IdentityServer.Common.UnitTests.dll" adapterTypeName="executor://mstestadapter/v2" className="VideoOS.IdentityServer.Common.UnitTests.Extensions.SecretOptionsSetupTests" name="Configure_ClientSecretIsSetInSecretOptionsObject" />
    </UnitTest>
    <UnitTest name="ValidateToken_SubClaimMissing_SystemClaimIsAddedToClaims" storage="d:\actions-runner\_work\xpco\xpco\allsolutions\..\common\videoos.identityserver.common\videoos.identityserver.common.unittests\bin\debug\net6.0-windows\videoos.identityserver.common.unittests.dll" id="970cd01e-43a8-573f-d6bb-d3e5d63f1935">
      <Execution id="10808d63-aaad-4e56-84c3-39101e16288e" />
      <TestMethod codeBase="D:\actions-runner\_work\XPCO\XPCO\AllSolutions\..\Common\VideoOS.IdentityServer.Common\VideoOS.IdentityServer.Common.UnitTests\bin\Debug\net6.0-windows\VideoOS.IdentityServer.Common.UnitTests.dll" adapterTypeName="executor://mstestadapter/v2" className="VideoOS.IdentityServer.Common.UnitTests.OpenIdTokenHandlerTests" name="ValidateToken_SubClaimMissing_SystemClaimIsAddedToClaims" />
    </UnitTest>
    <UnitTest name="CreateException_500_Is_UnauthorizedException" storage="d:\actions-runner\_work\xpco\xpco\allsolutions\..\common\videoos.identityserver.common\videoos.identityserver.common.unittests\bin\debug\net6.0-windows\videoos.identityserver.common.unittests.dll" id="5401d072-9045-3f20-e5b8-85e624c8ae31">
      <Execution id="e6cbd21d-c91a-4727-81de-f245f4dd04e3" />
      <TestMethod codeBase="D:\actions-runner\_work\XPCO\XPCO\AllSolutions\..\Common\VideoOS.IdentityServer.Common\VideoOS.IdentityServer.Common.UnitTests\bin\Debug\net6.0-windows\VideoOS.IdentityServer.Common.UnitTests.dll" adapterTypeName="executor://mstestadapter/v2" className="VideoOS.IdentityServer.Common.UnitTests.Exceptions.IdpExceptionFactoryTests" name="CreateException_500_Is_UnauthorizedException" />
    </UnitTest>
    <UnitTest name="Constructor_NullIIdpTokenRetriever_ThrowsArgumentNullException" storage="d:\actions-runner\_work\xpco\xpco\allsolutions\..\common\videoos.identityserver.common\videoos.identityserver.common.unittests\bin\debug\net6.0-windows\videoos.identityserver.common.unittests.dll" id="3c9fa628-c7d5-d183-10bb-7d387f6779bb">
      <Execution id="40a0563e-a5ec-48ec-88c5-0e5e02d9f4a1" />
      <TestMethod codeBase="D:\actions-runner\_work\XPCO\XPCO\AllSolutions\..\Common\VideoOS.IdentityServer.Common\VideoOS.IdentityServer.Common.UnitTests\bin\Debug\net6.0-windows\VideoOS.IdentityServer.Common.UnitTests.dll" adapterTypeName="executor://mstestadapter/v2" className="VideoOS.IdentityServer.Common.UnitTests.ExternalTokenHandlerTests" name="Constructor_NullIIdpTokenRetriever_ThrowsArgumentNullException" />
    </UnitTest>
    <UnitTest name="Construct_DefaultConstructor_UsesDefaultTimeout_Success" storage="d:\actions-runner\_work\xpco\xpco\allsolutions\..\common\videoos.identityserver.common\videoos.identityserver.common.unittests\bin\debug\net6.0-windows\videoos.identityserver.common.unittests.dll" id="8acb64df-af33-04f7-00cd-764cd60dcd21">
      <Execution id="4d3314e8-4ad6-4d91-8d8c-2d49c947a8a1" />
      <TestMethod codeBase="D:\actions-runner\_work\XPCO\XPCO\AllSolutions\..\Common\VideoOS.IdentityServer.Common\VideoOS.IdentityServer.Common.UnitTests\bin\Debug\net6.0-windows\VideoOS.IdentityServer.Common.UnitTests.dll" adapterTypeName="executor://mstestadapter/v2" className="VideoOS.IdentityServer.Common.UnitTests.Utilities.SslVerificationTests" name="Construct_DefaultConstructor_UsesDefaultTimeout_Success" />
    </UnitTest>
    <UnitTest name="CreateException_403_Is_ForbiddenException" storage="d:\actions-runner\_work\xpco\xpco\allsolutions\..\common\videoos.identityserver.common\videoos.identityserver.common.unittests\bin\debug\net6.0-windows\videoos.identityserver.common.unittests.dll" id="bf546bdc-4b09-7c78-8e68-7999cc725390">
      <Execution id="1f452e58-0421-43bf-8391-60442846dc94" />
      <TestMethod codeBase="D:\actions-runner\_work\XPCO\XPCO\AllSolutions\..\Common\VideoOS.IdentityServer.Common\VideoOS.IdentityServer.Common.UnitTests\bin\Debug\net6.0-windows\VideoOS.IdentityServer.Common.UnitTests.dll" adapterTypeName="executor://mstestadapter/v2" className="VideoOS.IdentityServer.Common.UnitTests.Exceptions.IdpExceptionFactoryTests" name="CreateException_403_Is_ForbiddenException" />
    </UnitTest>
    <UnitTest name="HasValidScheme_UriIsGopher_ReturnsTrue" storage="d:\actions-runner\_work\xpco\xpco\allsolutions\..\common\videoos.identityserver.common\videoos.identityserver.common.unittests\bin\debug\net6.0-windows\videoos.identityserver.common.unittests.dll" id="1b2a48cb-3076-b35a-c216-de57ac818d9a">
      <Execution id="bcefe0ac-ae9f-4a85-87ed-0339726b75da" />
      <TestMethod codeBase="D:\actions-runner\_work\XPCO\XPCO\AllSolutions\..\Common\VideoOS.IdentityServer.Common\VideoOS.IdentityServer.Common.UnitTests\bin\Debug\net6.0-windows\VideoOS.IdentityServer.Common.UnitTests.dll" adapterTypeName="executor://mstestadapter/v2" className="VideoOS.IdentityServer.Common.UnitTests.Utilities.ServerValidation.UriExtenderTests" name="HasValidScheme_UriIsGopher_ReturnsTrue" />
    </UnitTest>
    <UnitTest name="GetTokenResponseAsync_TokenResponseIsReturned" storage="d:\actions-runner\_work\xpco\xpco\allsolutions\..\common\videoos.identityserver.common\videoos.identityserver.common.unittests\bin\debug\net6.0-windows\videoos.identityserver.common.unittests.dll" id="a912da9b-9910-2e20-bdfd-ebd2e525320e">
      <Execution id="96a67947-26da-48d9-8e84-3b759df19a64" />
      <TestMethod codeBase="D:\actions-runner\_work\XPCO\XPCO\AllSolutions\..\Common\VideoOS.IdentityServer.Common\VideoOS.IdentityServer.Common.UnitTests\bin\Debug\net6.0-windows\VideoOS.IdentityServer.Common.UnitTests.dll" adapterTypeName="executor://mstestadapter/v2" className="VideoOS.IdentityServer.Common.UnitTests.ExternalTokenHandlerTests" name="GetTokenResponseAsync_TokenResponseIsReturned" />
    </UnitTest>
    <UnitTest name="HasValidScheme_UriInvalid_Null_ReturnsFalse" storage="d:\actions-runner\_work\xpco\xpco\allsolutions\..\common\videoos.identityserver.common\videoos.identityserver.common.unittests\bin\debug\net6.0-windows\videoos.identityserver.common.unittests.dll" id="4028140e-6ceb-44db-b0b0-5a4385a02e69">
      <Execution id="87b9032c-240b-402a-95bd-febf624f943f" />
      <TestMethod codeBase="D:\actions-runner\_work\XPCO\XPCO\AllSolutions\..\Common\VideoOS.IdentityServer.Common\VideoOS.IdentityServer.Common.UnitTests\bin\Debug\net6.0-windows\VideoOS.IdentityServer.Common.UnitTests.dll" adapterTypeName="executor://mstestadapter/v2" className="VideoOS.IdentityServer.Common.UnitTests.Utilities.ServerValidation.UriExtenderTests" name="HasValidScheme_UriInvalid_Null_ReturnsFalse" />
    </UnitTest>
    <UnitTest name="Constructor_NullIdToken_ThrowsArgumentNullException" storage="d:\actions-runner\_work\xpco\xpco\allsolutions\..\common\videoos.identityserver.common\videoos.identityserver.common.unittests\bin\debug\net6.0-windows\videoos.identityserver.common.unittests.dll" id="2f5d977d-1e91-46c0-f08f-cb953748d3bb">
      <Execution id="e5b9d42a-93c1-4d35-8c19-ac528589e3bc" />
      <TestMethod codeBase="D:\actions-runner\_work\XPCO\XPCO\AllSolutions\..\Common\VideoOS.IdentityServer.Common\VideoOS.IdentityServer.Common.UnitTests\bin\Debug\net6.0-windows\VideoOS.IdentityServer.Common.UnitTests.dll" adapterTypeName="executor://mstestadapter/v2" className="VideoOS.IdentityServer.Common.UnitTests.Utilities.Tokens.IdpTokensTests" name="Constructor_NullIdToken_ThrowsArgumentNullException" />
    </UnitTest>
    <UnitTest name="HandleException_WebException_Status_Timeout_ReturnsTrue" storage="d:\actions-runner\_work\xpco\xpco\allsolutions\..\common\videoos.identityserver.common\videoos.identityserver.common.unittests\bin\debug\net6.0-windows\videoos.identityserver.common.unittests.dll" id="aa47e31d-c2f6-bb7b-d522-2ea72ad09b0c">
      <Execution id="189fed6f-828a-4e4d-afce-ab4d09708bc1" />
      <TestMethod codeBase="D:\actions-runner\_work\XPCO\XPCO\AllSolutions\..\Common\VideoOS.IdentityServer.Common\VideoOS.IdentityServer.Common.UnitTests\bin\Debug\net6.0-windows\VideoOS.IdentityServer.Common.UnitTests.dll" adapterTypeName="executor://mstestadapter/v2" className="VideoOS.IdentityServer.Common.UnitTests.Utilities.ServerValidation.IdpExceptionHandlerTests" name="HandleException_WebException_Status_Timeout_ReturnsTrue" />
    </UnitTest>
    <UnitTest name="UserName_NoNameClaim_ThrowsInvalidOperationException" storage="d:\actions-runner\_work\xpco\xpco\allsolutions\..\common\videoos.identityserver.common\videoos.identityserver.common.unittests\bin\debug\net6.0-windows\videoos.identityserver.common.unittests.dll" id="4e64a2d0-91fd-57ef-a8c4-3f9f75705cb7">
      <Execution id="e3c09f7d-b61c-441a-956b-438c4d53b6d3" />
      <TestMethod codeBase="D:\actions-runner\_work\XPCO\XPCO\AllSolutions\..\Common\VideoOS.IdentityServer.Common\VideoOS.IdentityServer.Common.UnitTests\bin\Debug\net6.0-windows\VideoOS.IdentityServer.Common.UnitTests.dll" adapterTypeName="executor://mstestadapter/v2" className="VideoOS.IdentityServer.Common.UnitTests.Handlers.TokenCacheTests" name="UserName_NoNameClaim_ThrowsInvalidOperationException" />
    </UnitTest>
    <UnitTest name="RegisterAuthorizationCodeClientWithToken_AccessTokenIsNull_ThrowArgumentException" storage="d:\actions-runner\_work\xpco\xpco\allsolutions\..\common\videoos.identityserver.common\videoos.identityserver.common.unittests\bin\debug\net6.0-windows\videoos.identityserver.common.unittests.dll" id="46272a5b-6f40-ca49-f0c0-19ef57f507c2">
      <Execution id="dc48c93c-fb3a-4c38-9da7-ca2d82faeb33" />
      <TestMethod codeBase="D:\actions-runner\_work\XPCO\XPCO\AllSolutions\..\Common\VideoOS.IdentityServer.Common\VideoOS.IdentityServer.Common.UnitTests\bin\Debug\net6.0-windows\VideoOS.IdentityServer.Common.UnitTests.dll" adapterTypeName="executor://mstestadapter/v2" className="VideoOS.IdentityServer.Common.UnitTests.IdpRegistrationClientTests" name="RegisterAuthorizationCodeClientWithToken_AccessTokenIsNull_ThrowArgumentException" />
    </UnitTest>
    <UnitTest name="ClientCredentialsAuthenticationAsync_SecretIsNull_ThrowArgumentException" storage="d:\actions-runner\_work\xpco\xpco\allsolutions\..\common\videoos.identityserver.common\videoos.identityserver.common.unittests\bin\debug\net6.0-windows\videoos.identityserver.common.unittests.dll" id="0c88b540-cd14-9945-dfea-9607412205d7">
      <Execution id="8aa1e016-f90b-47d5-aaf4-027973e40643" />
      <TestMethod codeBase="D:\actions-runner\_work\XPCO\XPCO\AllSolutions\..\Common\VideoOS.IdentityServer.Common\VideoOS.IdentityServer.Common.UnitTests\bin\Debug\net6.0-windows\VideoOS.IdentityServer.Common.UnitTests.dll" adapterTypeName="executor://mstestadapter/v2" className="VideoOS.IdentityServer.Common.UnitTests.IdpTokenClientTests" name="ClientCredentialsAuthenticationAsync_SecretIsNull_ThrowArgumentException" />
    </UnitTest>
    <UnitTest name="Constructor_NullUri_ThrowsArgumentNullException" storage="d:\actions-runner\_work\xpco\xpco\allsolutions\..\common\videoos.identityserver.common\videoos.identityserver.common.unittests\bin\debug\net6.0-windows\videoos.identityserver.common.unittests.dll" id="957b72e6-223d-945c-7af4-a1f0fe7fb5d3">
      <Execution id="dde0fa4d-272c-4a4d-b9eb-8052dbc8e543" />
      <TestMethod codeBase="D:\actions-runner\_work\XPCO\XPCO\AllSolutions\..\Common\VideoOS.IdentityServer.Common\VideoOS.IdentityServer.Common.UnitTests\bin\Debug\net6.0-windows\VideoOS.IdentityServer.Common.UnitTests.dll" adapterTypeName="executor://mstestadapter/v2" className="VideoOS.IdentityServer.Common.UnitTests.ExternalTokenHandlerTests" name="Constructor_NullUri_ThrowsArgumentNullException" />
    </UnitTest>
    <UnitTest name="ClientCredentialsAuthenticationAsync_StatusCodeOk_TokenResponseWithTokenIsReturned" storage="d:\actions-runner\_work\xpco\xpco\allsolutions\..\common\videoos.identityserver.common\videoos.identityserver.common.unittests\bin\debug\net6.0-windows\videoos.identityserver.common.unittests.dll" id="b61d19a2-eeb7-66f5-f12f-c31f348cabd6">
      <Execution id="e5d98ef1-9dbe-4cb4-a455-236491d3d11e" />
      <TestMethod codeBase="D:\actions-runner\_work\XPCO\XPCO\AllSolutions\..\Common\VideoOS.IdentityServer.Common\VideoOS.IdentityServer.Common.UnitTests\bin\Debug\net6.0-windows\VideoOS.IdentityServer.Common.UnitTests.dll" adapterTypeName="executor://mstestadapter/v2" className="VideoOS.IdentityServer.Common.UnitTests.IdpTokenClientTests" name="ClientCredentialsAuthenticationAsync_StatusCodeOk_TokenResponseWithTokenIsReturned" />
    </UnitTest>
    <UnitTest name="RefreshToken_TokenIsNotJWT_IdentityServerTokenException" storage="d:\actions-runner\_work\xpco\xpco\allsolutions\..\common\videoos.identityserver.common\videoos.identityserver.common.unittests\bin\debug\net6.0-windows\videoos.identityserver.common.unittests.dll" id="0e660fb6-01c2-ec2d-f816-fac9e4547e68">
      <Execution id="9a8839bd-9ffa-421c-b721-d5aa236abfe3" />
      <TestMethod codeBase="D:\actions-runner\_work\XPCO\XPCO\AllSolutions\..\Common\VideoOS.IdentityServer.Common\VideoOS.IdentityServer.Common.UnitTests\bin\Debug\net6.0-windows\VideoOS.IdentityServer.Common.UnitTests.dll" adapterTypeName="executor://mstestadapter/v2" className="VideoOS.IdentityServer.Common.UnitTests.Handlers.IdentityServerToken.SimpleTokenCacheTests" name="RefreshToken_TokenIsNotJWT_IdentityServerTokenException" />
    </UnitTest>
    <UnitTest name="Constructor_EmptyIdToken_ThrowsArgumentNullException" storage="d:\actions-runner\_work\xpco\xpco\allsolutions\..\common\videoos.identityserver.common\videoos.identityserver.common.unittests\bin\debug\net6.0-windows\videoos.identityserver.common.unittests.dll" id="aceed3fe-4ee0-3f07-6d4b-e9ae24c2527d">
      <Execution id="9d22d59b-762c-4aab-87da-793e8d2e7f9f" />
      <TestMethod codeBase="D:\actions-runner\_work\XPCO\XPCO\AllSolutions\..\Common\VideoOS.IdentityServer.Common\VideoOS.IdentityServer.Common.UnitTests\bin\Debug\net6.0-windows\VideoOS.IdentityServer.Common.UnitTests.dll" adapterTypeName="executor://mstestadapter/v2" className="VideoOS.IdentityServer.Common.UnitTests.Utilities.Tokens.IdpTokensTests" name="Constructor_EmptyIdToken_ThrowsArgumentNullException" />
    </UnitTest>
    <UnitTest name="GetAllValidScopes_ResponseHasSuccessfulStatusCode_ScopesAreReturned" storage="d:\actions-runner\_work\xpco\xpco\allsolutions\..\common\videoos.identityserver.common\videoos.identityserver.common.unittests\bin\debug\net6.0-windows\videoos.identityserver.common.unittests.dll" id="59d00ef5-8a37-2b1f-99b8-740e21e44e72">
      <Execution id="9b59583f-ad9d-4022-b44e-b0750400b72d" />
      <TestMethod codeBase="D:\actions-runner\_work\XPCO\XPCO\AllSolutions\..\Common\VideoOS.IdentityServer.Common\VideoOS.IdentityServer.Common.UnitTests\bin\Debug\net6.0-windows\VideoOS.IdentityServer.Common.UnitTests.dll" adapterTypeName="executor://mstestadapter/v2" className="VideoOS.IdentityServer.Common.UnitTests.IdpRegistrationClientTests" name="GetAllValidScopes_ResponseHasSuccessfulStatusCode_ScopesAreReturned" />
    </UnitTest>
    <UnitTest name="GetTokenWithRegisterClientScope_ResponseHasSuccessfulStatusCode_TokenIsReturned" storage="d:\actions-runner\_work\xpco\xpco\allsolutions\..\common\videoos.identityserver.common\videoos.identityserver.common.unittests\bin\debug\net6.0-windows\videoos.identityserver.common.unittests.dll" id="67a73538-1027-a501-a8ed-160a0b377dca">
      <Execution id="5adeed9d-d0a5-4383-a147-562806b77729" />
      <TestMethod codeBase="D:\actions-runner\_work\XPCO\XPCO\AllSolutions\..\Common\VideoOS.IdentityServer.Common\VideoOS.IdentityServer.Common.UnitTests\bin\Debug\net6.0-windows\VideoOS.IdentityServer.Common.UnitTests.dll" adapterTypeName="executor://mstestadapter/v2" className="VideoOS.IdentityServer.Common.UnitTests.IdpRegistrationClientTests" name="GetTokenWithRegisterClientScope_ResponseHasSuccessfulStatusCode_TokenIsReturned" />
    </UnitTest>
    <UnitTest name="ValidateFasterIdpServerOnBothSchemas_WorkingHttpAddress_ShouldSuccess" storage="d:\actions-runner\_work\xpco\xpco\allsolutions\..\common\videoos.identityserver.common\videoos.identityserver.common.unittests\bin\debug\net6.0-windows\videoos.identityserver.common.unittests.dll" id="4b3a00da-f880-578f-c303-7e5e482337d2">
      <Execution id="d9cfa3da-4327-43ae-9d6d-017e83f2fb04" />
      <TestMethod codeBase="D:\actions-runner\_work\XPCO\XPCO\AllSolutions\..\Common\VideoOS.IdentityServer.Common\VideoOS.IdentityServer.Common.UnitTests\bin\Debug\net6.0-windows\VideoOS.IdentityServer.Common.UnitTests.dll" adapterTypeName="executor://mstestadapter/v2" className="VideoOS.IdentityServer.Common.UnitTests.IdpDiscoveryServiceTests" name="ValidateFasterIdpServerOnBothSchemas_WorkingHttpAddress_ShouldSuccess" />
    </UnitTest>
    <UnitTest name="Start_TimeToTokenExpireOver5min_NewStart_TokenCacheUpdated" storage="d:\actions-runner\_work\xpco\xpco\allsolutions\..\common\videoos.identityserver.common\videoos.identityserver.common.unittests\bin\debug\net6.0-windows\videoos.identityserver.common.unittests.dll" id="45e382ab-a2e7-81c4-c83f-6e836a16f442">
      <Execution id="2d808f0b-d2c6-4bdb-adff-4cb632c01df6" />
      <TestMethod codeBase="D:\actions-runner\_work\XPCO\XPCO\AllSolutions\..\Common\VideoOS.IdentityServer.Common\VideoOS.IdentityServer.Common.UnitTests\bin\Debug\net6.0-windows\VideoOS.IdentityServer.Common.UnitTests.dll" adapterTypeName="executor://mstestadapter/v2" className="VideoOS.IdentityServer.Common.UnitTests.Handlers.TokenCacheTests" name="Start_TimeToTokenExpireOver5min_NewStart_TokenCacheUpdated" />
    </UnitTest>
    <UnitTest name="Constructor_NullUri_ThrowsArgumentNullException" storage="d:\actions-runner\_work\xpco\xpco\allsolutions\..\common\videoos.identityserver.common\videoos.identityserver.common.unittests\bin\debug\net6.0-windows\videoos.identityserver.common.unittests.dll" id="836c4ce4-261b-464f-c6a6-10c2a88fa0d7">
      <Execution id="8eff4ce0-8928-4486-b002-37dd7a80360c" />
      <TestMethod codeBase="D:\actions-runner\_work\XPCO\XPCO\AllSolutions\..\Common\VideoOS.IdentityServer.Common\VideoOS.IdentityServer.Common.UnitTests\bin\Debug\net6.0-windows\VideoOS.IdentityServer.Common.UnitTests.dll" adapterTypeName="executor://mstestadapter/v2" className="VideoOS.IdentityServer.Common.UnitTests.ExchangeTokenHandlerTests" name="Constructor_NullUri_ThrowsArgumentNullException" />
    </UnitTest>
    <UnitTest name="Construct_InvalidParam_BaseServeruri_Null_Throws_ArgumentNullException" storage="d:\actions-runner\_work\xpco\xpco\allsolutions\..\common\videoos.identityserver.common\videoos.identityserver.common.unittests\bin\debug\net6.0-windows\videoos.identityserver.common.unittests.dll" id="2461b8e3-8daf-c6ae-fd7a-04ef2c9029b1">
      <Execution id="629a4034-4c38-453e-a9c9-29ffabfd4db8" />
      <TestMethod codeBase="D:\actions-runner\_work\XPCO\XPCO\AllSolutions\..\Common\VideoOS.IdentityServer.Common\VideoOS.IdentityServer.Common.UnitTests\bin\Debug\net6.0-windows\VideoOS.IdentityServer.Common.UnitTests.dll" adapterTypeName="executor://mstestadapter/v2" className="VideoOS.IdentityServer.Common.UnitTests.Handlers.IdentityServerToken.IdentityServerClientSettingsTests" name="Construct_InvalidParam_BaseServeruri_Null_Throws_ArgumentNullException" />
    </UnitTest>
    <UnitTest name="HandleException_InnerException_WebException_Status_ProtocolError_ReturnsFalse" storage="d:\actions-runner\_work\xpco\xpco\allsolutions\..\common\videoos.identityserver.common\videoos.identityserver.common.unittests\bin\debug\net6.0-windows\videoos.identityserver.common.unittests.dll" id="94cf9b96-4bb3-ba5f-0704-49b8fc9a4cf0">
      <Execution id="4421b5a0-f5d2-4fbc-aff2-e809c0658013" />
      <TestMethod codeBase="D:\actions-runner\_work\XPCO\XPCO\AllSolutions\..\Common\VideoOS.IdentityServer.Common\VideoOS.IdentityServer.Common.UnitTests\bin\Debug\net6.0-windows\VideoOS.IdentityServer.Common.UnitTests.dll" adapterTypeName="executor://mstestadapter/v2" className="VideoOS.IdentityServer.Common.UnitTests.Utilities.ServerValidation.IdpExceptionHandlerTests" name="HandleException_InnerException_WebException_Status_ProtocolError_ReturnsFalse" />
    </UnitTest>
    <UnitTest name="HasValidScheme_UriIsFtp_ReturnsTrue" storage="d:\actions-runner\_work\xpco\xpco\allsolutions\..\common\videoos.identityserver.common\videoos.identityserver.common.unittests\bin\debug\net6.0-windows\videoos.identityserver.common.unittests.dll" id="d721172e-4856-c743-a2e0-556773d6db34">
      <Execution id="16b92138-6c14-4a90-acee-9402b498976a" />
      <TestMethod codeBase="D:\actions-runner\_work\XPCO\XPCO\AllSolutions\..\Common\VideoOS.IdentityServer.Common\VideoOS.IdentityServer.Common.UnitTests\bin\Debug\net6.0-windows\VideoOS.IdentityServer.Common.UnitTests.dll" adapterTypeName="executor://mstestadapter/v2" className="VideoOS.IdentityServer.Common.UnitTests.Utilities.ServerValidation.UriExtenderTests" name="HasValidScheme_UriIsFtp_ReturnsTrue" />
    </UnitTest>
    <UnitTest name="ValidateToken_RefreshIntervalReached_NewConfigRetrieved" storage="d:\actions-runner\_work\xpco\xpco\allsolutions\..\common\videoos.identityserver.common\videoos.identityserver.common.unittests\bin\debug\net6.0-windows\videoos.identityserver.common.unittests.dll" id="df98ebf9-08c0-e892-4032-ff03288ed21d">
      <Execution id="f7fd7105-14a1-4255-9643-a9d6b415a21d" />
      <TestMethod codeBase="D:\actions-runner\_work\XPCO\XPCO\AllSolutions\..\Common\VideoOS.IdentityServer.Common\VideoOS.IdentityServer.Common.UnitTests\bin\Debug\net6.0-windows\VideoOS.IdentityServer.Common.UnitTests.dll" adapterTypeName="executor://mstestadapter/v2" className="VideoOS.IdentityServer.Common.UnitTests.JwtSecurityTokenValidatorWithConfigurationManagerTests" name="ValidateToken_RefreshIntervalReached_NewConfigRetrieved" />
    </UnitTest>
    <UnitTest name="BasicOpenAuthenticationHeaderValue_Constructor_Success_SpaceInUserName" storage="d:\actions-runner\_work\xpco\xpco\allsolutions\..\common\videoos.identityserver.common\videoos.identityserver.common.unittests\bin\debug\net6.0-windows\videoos.identityserver.common.unittests.dll" id="3dcddc47-428b-8273-354a-bd306914fecf">
      <Execution id="6ec3cd26-b827-40b3-a7cd-f33dac9bfa74" />
      <TestMethod codeBase="D:\actions-runner\_work\XPCO\XPCO\AllSolutions\..\Common\VideoOS.IdentityServer.Common\VideoOS.IdentityServer.Common.UnitTests\bin\Debug\net6.0-windows\VideoOS.IdentityServer.Common.UnitTests.dll" adapterTypeName="executor://mstestadapter/v2" className="VideoOS.IdentityServer.Common.UnitTests.BasicOpenAuthenticationHeaderValueTests" name="BasicOpenAuthenticationHeaderValue_Constructor_Success_SpaceInUserName" />
    </UnitTest>
    <UnitTest name="Constructor_EmptyRefreshToken_ThrowsArgumentNullException" storage="d:\actions-runner\_work\xpco\xpco\allsolutions\..\common\videoos.identityserver.common\videoos.identityserver.common.unittests\bin\debug\net6.0-windows\videoos.identityserver.common.unittests.dll" id="6305c415-2662-3605-7a21-6246fd795db9">
      <Execution id="53d0f65e-31f1-4b4b-981a-ff4e9cb1c0b0" />
      <TestMethod codeBase="D:\actions-runner\_work\XPCO\XPCO\AllSolutions\..\Common\VideoOS.IdentityServer.Common\VideoOS.IdentityServer.Common.UnitTests\bin\Debug\net6.0-windows\VideoOS.IdentityServer.Common.UnitTests.dll" adapterTypeName="executor://mstestadapter/v2" className="VideoOS.IdentityServer.Common.UnitTests.Utilities.Tokens.IdpTokensTests" name="Constructor_EmptyRefreshToken_ThrowsArgumentNullException" />
    </UnitTest>
    <UnitTest name="TokenCache_Constructor_Success" storage="d:\actions-runner\_work\xpco\xpco\allsolutions\..\common\videoos.identityserver.common\videoos.identityserver.common.unittests\bin\debug\net6.0-windows\videoos.identityserver.common.unittests.dll" id="c095042d-e50b-f78e-7e75-2b785c69205f">
      <Execution id="4cd9b4ac-0ad9-413c-9416-e1fcfa2915e4" />
      <TestMethod codeBase="D:\actions-runner\_work\XPCO\XPCO\AllSolutions\..\Common\VideoOS.IdentityServer.Common\VideoOS.IdentityServer.Common.UnitTests\bin\Debug\net6.0-windows\VideoOS.IdentityServer.Common.UnitTests.dll" adapterTypeName="executor://mstestadapter/v2" className="VideoOS.IdentityServer.Common.UnitTests.Handlers.TokenCacheTests" name="TokenCache_Constructor_Success" />
    </UnitTest>
    <UnitTest name="IsTokenExpired_RefreshTokenIsNotCalled_ReturnFalse" storage="d:\actions-runner\_work\xpco\xpco\allsolutions\..\common\videoos.identityserver.common\videoos.identityserver.common.unittests\bin\debug\net6.0-windows\videoos.identityserver.common.unittests.dll" id="5304b9a1-8d75-0736-1781-57659e307ca7">
      <Execution id="b88c3b94-9402-4ddb-8e3c-673daa4c7c38" />
      <TestMethod codeBase="D:\actions-runner\_work\XPCO\XPCO\AllSolutions\..\Common\VideoOS.IdentityServer.Common\VideoOS.IdentityServer.Common.UnitTests\bin\Debug\net6.0-windows\VideoOS.IdentityServer.Common.UnitTests.dll" adapterTypeName="executor://mstestadapter/v2" className="VideoOS.IdentityServer.Common.UnitTests.Handlers.IdentityServerToken.SimpleTokenCacheTests" name="IsTokenExpired_RefreshTokenIsNotCalled_ReturnFalse" />
    </UnitTest>
    <UnitTest name="HasValidScheme_UriIsFile_ReturnsTrue" storage="d:\actions-runner\_work\xpco\xpco\allsolutions\..\common\videoos.identityserver.common\videoos.identityserver.common.unittests\bin\debug\net6.0-windows\videoos.identityserver.common.unittests.dll" id="08a458bc-f70d-a527-f23d-08de1cac7168">
      <Execution id="34a0b2cf-c104-4827-b5b6-7cdd89b2aeb2" />
      <TestMethod codeBase="D:\actions-runner\_work\XPCO\XPCO\AllSolutions\..\Common\VideoOS.IdentityServer.Common\VideoOS.IdentityServer.Common.UnitTests\bin\Debug\net6.0-windows\VideoOS.IdentityServer.Common.UnitTests.dll" adapterTypeName="executor://mstestadapter/v2" className="VideoOS.IdentityServer.Common.UnitTests.Utilities.ServerValidation.UriExtenderTests" name="HasValidScheme_UriIsFile_ReturnsTrue" />
    </UnitTest>
    <UnitTest name="Constructor_NullProvider_ThrowsArgumentNullException" storage="d:\actions-runner\_work\xpco\xpco\allsolutions\..\common\videoos.identityserver.common\videoos.identityserver.common.unittests\bin\debug\net6.0-windows\videoos.identityserver.common.unittests.dll" id="9aba6afc-33b4-b3ea-f2ba-94221cb99165">
      <Execution id="622ef7a1-e476-4ba1-998c-5192174f6a19" />
      <TestMethod codeBase="D:\actions-runner\_work\XPCO\XPCO\AllSolutions\..\Common\VideoOS.IdentityServer.Common\VideoOS.IdentityServer.Common.UnitTests\bin\Debug\net6.0-windows\VideoOS.IdentityServer.Common.UnitTests.dll" adapterTypeName="executor://mstestadapter/v2" className="VideoOS.IdentityServer.Common.UnitTests.ExternalTokenHandlerTests" name="Constructor_NullProvider_ThrowsArgumentNullException" />
    </UnitTest>
    <UnitTest name="RegisterAuthorizationCodeClient_ClientIdIsNull_ThrowArgumentException" storage="d:\actions-runner\_work\xpco\xpco\allsolutions\..\common\videoos.identityserver.common\videoos.identityserver.common.unittests\bin\debug\net6.0-windows\videoos.identityserver.common.unittests.dll" id="9a74f111-730b-48ac-793d-eafd4afb012a">
      <Execution id="fa6f6861-f917-4735-aa4a-a6fbc5077c27" />
      <TestMethod codeBase="D:\actions-runner\_work\XPCO\XPCO\AllSolutions\..\Common\VideoOS.IdentityServer.Common\VideoOS.IdentityServer.Common.UnitTests\bin\Debug\net6.0-windows\VideoOS.IdentityServer.Common.UnitTests.dll" adapterTypeName="executor://mstestadapter/v2" className="VideoOS.IdentityServer.Common.UnitTests.IdpRegistrationClientTests" name="RegisterAuthorizationCodeClient_ClientIdIsNull_ThrowArgumentException" />
    </UnitTest>
    <UnitTest name="GetAsync_SuccessfulResponse_OutstandingCallCanceled" storage="d:\actions-runner\_work\xpco\xpco\allsolutions\..\common\videoos.identityserver.common\videoos.identityserver.common.unittests\bin\debug\net6.0-windows\videoos.identityserver.common.unittests.dll" id="59315ec5-850b-190c-1c3a-c69be3cf286e">
      <Execution id="9c3b4645-7a6a-469c-b3f9-745ab246648f" />
      <TestMethod codeBase="D:\actions-runner\_work\XPCO\XPCO\AllSolutions\..\Common\VideoOS.IdentityServer.Common\VideoOS.IdentityServer.Common.UnitTests\bin\Debug\net6.0-windows\VideoOS.IdentityServer.Common.UnitTests.dll" adapterTypeName="executor://mstestadapter/v2" className="VideoOS.IdentityServer.Common.UnitTests.DiscoveryClientTests" name="GetAsync_SuccessfulResponse_OutstandingCallCanceled" />
    </UnitTest>
    <UnitTest name="DiscoveryClient_Dispose_HttpClientDisposed" storage="d:\actions-runner\_work\xpco\xpco\allsolutions\..\common\videoos.identityserver.common\videoos.identityserver.common.unittests\bin\debug\net6.0-windows\videoos.identityserver.common.unittests.dll" id="851fb875-0294-59e3-54ed-d95f850fb682">
      <Execution id="df4b14dd-ac1f-4574-adfa-fc135e864399" />
      <TestMethod codeBase="D:\actions-runner\_work\XPCO\XPCO\AllSolutions\..\Common\VideoOS.IdentityServer.Common\VideoOS.IdentityServer.Common.UnitTests\bin\Debug\net6.0-windows\VideoOS.IdentityServer.Common.UnitTests.dll" adapterTypeName="executor://mstestadapter/v2" className="VideoOS.IdentityServer.Common.UnitTests.DiscoveryClientTests" name="DiscoveryClient_Dispose_HttpClientDisposed" />
    </UnitTest>
    <UnitTest name="Dispose_TokenDisposed_ObjectDisposedException" storage="d:\actions-runner\_work\xpco\xpco\allsolutions\..\common\videoos.identityserver.common\videoos.identityserver.common.unittests\bin\debug\net6.0-windows\videoos.identityserver.common.unittests.dll" id="ddded40e-1f02-eacb-d4a2-e26ac1095ebf">
      <Execution id="e52eed63-361d-4874-bf40-49d3f3d69346" />
      <TestMethod codeBase="D:\actions-runner\_work\XPCO\XPCO\AllSolutions\..\Common\VideoOS.IdentityServer.Common\VideoOS.IdentityServer.Common.UnitTests\bin\Debug\net6.0-windows\VideoOS.IdentityServer.Common.UnitTests.dll" adapterTypeName="executor://mstestadapter/v2" className="VideoOS.IdentityServer.Common.UnitTests.Handlers.TokenCacheTests" name="Dispose_TokenDisposed_ObjectDisposedException" />
    </UnitTest>
    <UnitTest name="GetAsync_UriInputIsNull_ThrowArgumentNullException" storage="d:\actions-runner\_work\xpco\xpco\allsolutions\..\common\videoos.identityserver.common\videoos.identityserver.common.unittests\bin\debug\net6.0-windows\videoos.identityserver.common.unittests.dll" id="6dc7da62-c15b-7e96-f1c6-3eedd5697243">
      <Execution id="c8b1a18b-dba9-4570-beff-5d074be22c1f" />
      <TestMethod codeBase="D:\actions-runner\_work\XPCO\XPCO\AllSolutions\..\Common\VideoOS.IdentityServer.Common\VideoOS.IdentityServer.Common.UnitTests\bin\Debug\net6.0-windows\VideoOS.IdentityServer.Common.UnitTests.dll" adapterTypeName="executor://mstestadapter/v2" className="VideoOS.IdentityServer.Common.UnitTests.DiscoveryClientTests" name="GetAsync_UriInputIsNull_ThrowArgumentNullException" />
    </UnitTest>
    <UnitTest name="IdpTokenClient_DefaultCredentialsAsCredentials_HttpClientConfiguredToUseDefualtCredentials" storage="d:\actions-runner\_work\xpco\xpco\allsolutions\..\common\videoos.identityserver.common\videoos.identityserver.common.unittests\bin\debug\net6.0-windows\videoos.identityserver.common.unittests.dll" id="885ad0b6-d00e-5dbd-daaf-61bd8cc19071">
      <Execution id="8e82b60b-6126-4907-9af2-6dd2ce4daad5" />
      <TestMethod codeBase="D:\actions-runner\_work\XPCO\XPCO\AllSolutions\..\Common\VideoOS.IdentityServer.Common\VideoOS.IdentityServer.Common.UnitTests\bin\Debug\net6.0-windows\VideoOS.IdentityServer.Common.UnitTests.dll" adapterTypeName="executor://mstestadapter/v2" className="VideoOS.IdentityServer.Common.UnitTests.IdpTokenClientTests" name="IdpTokenClient_DefaultCredentialsAsCredentials_HttpClientConfiguredToUseDefualtCredentials" />
    </UnitTest>
    <UnitTest name="Construct_WithErrorResponses_ResponseWithErrorResponses" storage="d:\actions-runner\_work\xpco\xpco\allsolutions\..\common\videoos.identityserver.common\videoos.identityserver.common.unittests\bin\debug\net6.0-windows\videoos.identityserver.common.unittests.dll" id="afabb9a4-988f-5af8-5e0c-adf9e9521a8f">
      <Execution id="0fda6404-eaab-431e-afec-f357a240953d" />
      <TestMethod codeBase="D:\actions-runner\_work\XPCO\XPCO\AllSolutions\..\Common\VideoOS.IdentityServer.Common\VideoOS.IdentityServer.Common.UnitTests\bin\Debug\net6.0-windows\VideoOS.IdentityServer.Common.UnitTests.dll" adapterTypeName="executor://mstestadapter/v2" className="VideoOS.IdentityServer.Common.UnitTests.DiscoveryResponseTests" name="Construct_WithErrorResponses_ResponseWithErrorResponses" />
    </UnitTest>
    <UnitTest name="RegisterAuthorizationCodeClientWithToken_ScopesAreNull_ThrowArgumentNullException" storage="d:\actions-runner\_work\xpco\xpco\allsolutions\..\common\videoos.identityserver.common\videoos.identityserver.common.unittests\bin\debug\net6.0-windows\videoos.identityserver.common.unittests.dll" id="a20b8cdb-3697-b063-4ea9-47fb6efe0241">
      <Execution id="7d87b048-4e1f-441c-9d2d-4285362fc089" />
      <TestMethod codeBase="D:\actions-runner\_work\XPCO\XPCO\AllSolutions\..\Common\VideoOS.IdentityServer.Common\VideoOS.IdentityServer.Common.UnitTests\bin\Debug\net6.0-windows\VideoOS.IdentityServer.Common.UnitTests.dll" adapterTypeName="executor://mstestadapter/v2" className="VideoOS.IdentityServer.Common.UnitTests.IdpRegistrationClientTests" name="RegisterAuthorizationCodeClientWithToken_ScopesAreNull_ThrowArgumentNullException" />
    </UnitTest>
    <UnitTest name="HandleException_InnerException_WebException_Status_ConnectionClosed_ReturnsTrue" storage="d:\actions-runner\_work\xpco\xpco\allsolutions\..\common\videoos.identityserver.common\videoos.identityserver.common.unittests\bin\debug\net6.0-windows\videoos.identityserver.common.unittests.dll" id="11a7072a-d21b-7c2a-b062-98fe08e0c6dd">
      <Execution id="2af8963e-6829-414a-bec6-9274581db6ba" />
      <TestMethod codeBase="D:\actions-runner\_work\XPCO\XPCO\AllSolutions\..\Common\VideoOS.IdentityServer.Common\VideoOS.IdentityServer.Common.UnitTests\bin\Debug\net6.0-windows\VideoOS.IdentityServer.Common.UnitTests.dll" adapterTypeName="executor://mstestadapter/v2" className="VideoOS.IdentityServer.Common.UnitTests.Utilities.ServerValidation.IdpExceptionHandlerTests" name="HandleException_InnerException_WebException_Status_ConnectionClosed_ReturnsTrue" />
    </UnitTest>
    <UnitTest name="RegisterClient_ResponseHasSuccessfulStatusCode_ModelWithSecretIsReturned" storage="d:\actions-runner\_work\xpco\xpco\allsolutions\..\common\videoos.identityserver.common\videoos.identityserver.common.unittests\bin\debug\net6.0-windows\videoos.identityserver.common.unittests.dll" id="80b98953-0430-0651-0920-d07f5f37c65f">
      <Execution id="a329a451-a898-4b07-afdb-feb2e186c621" />
      <TestMethod codeBase="D:\actions-runner\_work\XPCO\XPCO\AllSolutions\..\Common\VideoOS.IdentityServer.Common\VideoOS.IdentityServer.Common.UnitTests\bin\Debug\net6.0-windows\VideoOS.IdentityServer.Common.UnitTests.dll" adapterTypeName="executor://mstestadapter/v2" className="VideoOS.IdentityServer.Common.UnitTests.IdpRegistrationClientTests" name="RegisterClient_ResponseHasSuccessfulStatusCode_ModelWithSecretIsReturned" />
    </UnitTest>
    <UnitTest name="Start_TimeToTokenExpireUnder5min_TokenCacheUpdated" storage="d:\actions-runner\_work\xpco\xpco\allsolutions\..\common\videoos.identityserver.common\videoos.identityserver.common.unittests\bin\debug\net6.0-windows\videoos.identityserver.common.unittests.dll" id="aee78e02-d706-9f06-c554-ee7aa708e371">
      <Execution id="5ce57c58-c4ab-4bb5-a4c5-c20b1fb5d7bc" />
      <TestMethod codeBase="D:\actions-runner\_work\XPCO\XPCO\AllSolutions\..\Common\VideoOS.IdentityServer.Common\VideoOS.IdentityServer.Common.UnitTests\bin\Debug\net6.0-windows\VideoOS.IdentityServer.Common.UnitTests.dll" adapterTypeName="executor://mstestadapter/v2" className="VideoOS.IdentityServer.Common.UnitTests.Handlers.TokenCacheTests" name="Start_TimeToTokenExpireUnder5min_TokenCacheUpdated" />
    </UnitTest>
    <UnitTest name="RegisterAuthorizationCodeClientWithToken_RedirectUrisIsNull_ThrowArgumentException" storage="d:\actions-runner\_work\xpco\xpco\allsolutions\..\common\videoos.identityserver.common\videoos.identityserver.common.unittests\bin\debug\net6.0-windows\videoos.identityserver.common.unittests.dll" id="435442ba-9897-362e-beef-40dd9aef0a97">
      <Execution id="cd539fd4-fe23-45f9-8866-a54d0cbbb7a6" />
      <TestMethod codeBase="D:\actions-runner\_work\XPCO\XPCO\AllSolutions\..\Common\VideoOS.IdentityServer.Common\VideoOS.IdentityServer.Common.UnitTests\bin\Debug\net6.0-windows\VideoOS.IdentityServer.Common.UnitTests.dll" adapterTypeName="executor://mstestadapter/v2" className="VideoOS.IdentityServer.Common.UnitTests.IdpRegistrationClientTests" name="RegisterAuthorizationCodeClientWithToken_RedirectUrisIsNull_ThrowArgumentException" />
    </UnitTest>
    <UnitTest name="HandleException_WebException_Status_TrustFailure_ReturnsTrue" storage="d:\actions-runner\_work\xpco\xpco\allsolutions\..\common\videoos.identityserver.common\videoos.identityserver.common.unittests\bin\debug\net6.0-windows\videoos.identityserver.common.unittests.dll" id="11f6a1d3-68c5-e38c-c943-6b9363d564f1">
      <Execution id="73d2ed08-45be-4a6d-aac6-03d25c710e24" />
      <TestMethod codeBase="D:\actions-runner\_work\XPCO\XPCO\AllSolutions\..\Common\VideoOS.IdentityServer.Common\VideoOS.IdentityServer.Common.UnitTests\bin\Debug\net6.0-windows\VideoOS.IdentityServer.Common.UnitTests.dll" adapterTypeName="executor://mstestadapter/v2" className="VideoOS.IdentityServer.Common.UnitTests.Utilities.ServerValidation.IdpExceptionHandlerTests" name="HandleException_WebException_Status_TrustFailure_ReturnsTrue" />
    </UnitTest>
    <UnitTest name="Construct_InvalidParam_ClientId_EmptyString_Throws_ArgumentNullException" storage="d:\actions-runner\_work\xpco\xpco\allsolutions\..\common\videoos.identityserver.common\videoos.identityserver.common.unittests\bin\debug\net6.0-windows\videoos.identityserver.common.unittests.dll" id="d8254cb2-99a9-5fa4-0212-2ded41c41bd0">
      <Execution id="010f5d9d-0828-4981-aff6-194af17a5e0f" />
      <TestMethod codeBase="D:\actions-runner\_work\XPCO\XPCO\AllSolutions\..\Common\VideoOS.IdentityServer.Common\VideoOS.IdentityServer.Common.UnitTests\bin\Debug\net6.0-windows\VideoOS.IdentityServer.Common.UnitTests.dll" adapterTypeName="executor://mstestadapter/v2" className="VideoOS.IdentityServer.Common.UnitTests.Handlers.IdentityServerToken.IdentityServerClientSettingsTests" name="Construct_InvalidParam_ClientId_EmptyString_Throws_ArgumentNullException" />
    </UnitTest>
    <UnitTest name="RegisterAuthorizationCodeClientWithToken_RedirectUrisIsEmpty_ThrowArgumentException" storage="d:\actions-runner\_work\xpco\xpco\allsolutions\..\common\videoos.identityserver.common\videoos.identityserver.common.unittests\bin\debug\net6.0-windows\videoos.identityserver.common.unittests.dll" id="e1a7c90b-842f-6747-d414-96d35e63ecce">
      <Execution id="84ee9eb0-9499-4c27-ab84-a48114efbca3" />
      <TestMethod codeBase="D:\actions-runner\_work\XPCO\XPCO\AllSolutions\..\Common\VideoOS.IdentityServer.Common\VideoOS.IdentityServer.Common.UnitTests\bin\Debug\net6.0-windows\VideoOS.IdentityServer.Common.UnitTests.dll" adapterTypeName="executor://mstestadapter/v2" className="VideoOS.IdentityServer.Common.UnitTests.IdpRegistrationClientTests" name="RegisterAuthorizationCodeClientWithToken_RedirectUrisIsEmpty_ThrowArgumentException" />
    </UnitTest>
    <UnitTest name="RegisterAuthorizationCodeClient_ScopesAreNull_ThrowArgumentNullException" storage="d:\actions-runner\_work\xpco\xpco\allsolutions\..\common\videoos.identityserver.common\videoos.identityserver.common.unittests\bin\debug\net6.0-windows\videoos.identityserver.common.unittests.dll" id="a8a38b08-43ad-784d-afbc-d0335bfce14c">
      <Execution id="faafd5c0-36cf-4c25-aefa-968c4fd4ab38" />
      <TestMethod codeBase="D:\actions-runner\_work\XPCO\XPCO\AllSolutions\..\Common\VideoOS.IdentityServer.Common\VideoOS.IdentityServer.Common.UnitTests\bin\Debug\net6.0-windows\VideoOS.IdentityServer.Common.UnitTests.dll" adapterTypeName="executor://mstestadapter/v2" className="VideoOS.IdentityServer.Common.UnitTests.IdpRegistrationClientTests" name="RegisterAuthorizationCodeClient_ScopesAreNull_ThrowArgumentNullException" />
    </UnitTest>
    <UnitTest name="VerifyEndpointSupportsSsl_InvalidParam_Null_Throws_ArgumentNullException" storage="d:\actions-runner\_work\xpco\xpco\allsolutions\..\common\videoos.identityserver.common\videoos.identityserver.common.unittests\bin\debug\net6.0-windows\videoos.identityserver.common.unittests.dll" id="a27779ab-d479-2618-c0d6-39c534be7415">
      <Execution id="0f0bb9ce-7c17-4db9-8db7-4b9f79046747" />
      <TestMethod codeBase="D:\actions-runner\_work\XPCO\XPCO\AllSolutions\..\Common\VideoOS.IdentityServer.Common\VideoOS.IdentityServer.Common.UnitTests\bin\Debug\net6.0-windows\VideoOS.IdentityServer.Common.UnitTests.dll" adapterTypeName="executor://mstestadapter/v2" className="VideoOS.IdentityServer.Common.UnitTests.Utilities.SslVerificationTests" name="VerifyEndpointSupportsSsl_InvalidParam_Null_Throws_ArgumentNullException" />
    </UnitTest>
    <UnitTest name="VerifyEndpointSupportsSsl_InvalidParam_RelativeUri_Throws_ArgumentException" storage="d:\actions-runner\_work\xpco\xpco\allsolutions\..\common\videoos.identityserver.common\videoos.identityserver.common.unittests\bin\debug\net6.0-windows\videoos.identityserver.common.unittests.dll" id="7eafd3b9-debc-1a0c-12c6-11d7098cd775">
      <Execution id="6be1588e-0c28-49c7-b60d-2f22ee9fab33" />
      <TestMethod codeBase="D:\actions-runner\_work\XPCO\XPCO\AllSolutions\..\Common\VideoOS.IdentityServer.Common\VideoOS.IdentityServer.Common.UnitTests\bin\Debug\net6.0-windows\VideoOS.IdentityServer.Common.UnitTests.dll" adapterTypeName="executor://mstestadapter/v2" className="VideoOS.IdentityServer.Common.UnitTests.Utilities.SslVerificationTests" name="VerifyEndpointSupportsSsl_InvalidParam_RelativeUri_Throws_ArgumentException" />
    </UnitTest>
    <UnitTest name="GetClaimValue_IdTokenRetrieved_ClaimNotThere_ReturnsNull" storage="d:\actions-runner\_work\xpco\xpco\allsolutions\..\common\videoos.identityserver.common\videoos.identityserver.common.unittests\bin\debug\net6.0-windows\videoos.identityserver.common.unittests.dll" id="9e0b7fff-6087-8103-bf4a-c343b2ddff7d">
      <Execution id="00d8532c-18fb-49a8-9b73-9992b0c4a226" />
      <TestMethod codeBase="D:\actions-runner\_work\XPCO\XPCO\AllSolutions\..\Common\VideoOS.IdentityServer.Common\VideoOS.IdentityServer.Common.UnitTests\bin\Debug\net6.0-windows\VideoOS.IdentityServer.Common.UnitTests.dll" adapterTypeName="executor://mstestadapter/v2" className="VideoOS.IdentityServer.Common.UnitTests.Handlers.IdentityServerToken.SimpleTokenCacheTests" name="GetClaimValue_IdTokenRetrieved_ClaimNotThere_ReturnsNull" />
    </UnitTest>
    <UnitTest name="Constructor_EmptyAccessToken_ThrowsArgumentNullException" storage="d:\actions-runner\_work\xpco\xpco\allsolutions\..\common\videoos.identityserver.common\videoos.identityserver.common.unittests\bin\debug\net6.0-windows\videoos.identityserver.common.unittests.dll" id="44cd508c-9285-845c-4b2e-fe943114c39c">
      <Execution id="b73e63f4-6443-4a66-9adf-9dca40874147" />
      <TestMethod codeBase="D:\actions-runner\_work\XPCO\XPCO\AllSolutions\..\Common\VideoOS.IdentityServer.Common\VideoOS.IdentityServer.Common.UnitTests\bin\Debug\net6.0-windows\VideoOS.IdentityServer.Common.UnitTests.dll" adapterTypeName="executor://mstestadapter/v2" className="VideoOS.IdentityServer.Common.UnitTests.Utilities.Tokens.IdpTokensTests" name="Constructor_EmptyAccessToken_ThrowsArgumentNullException" />
    </UnitTest>
    <UnitTest name="methodName_testState_expectedResult" storage="d:\actions-runner\_work\xpco\xpco\allsolutions\..\common\videoos.identityserver.common\videoos.identityserver.common.unittests\bin\debug\net6.0-windows\videoos.identityserver.common.unittests.dll" id="0257b952-b68e-ce9d-9d12-e1b7f33eb9e6">
      <Execution id="ccea5c63-51db-4a14-8cc1-899877c61fba" />
      <TestMethod codeBase="D:\actions-runner\_work\XPCO\XPCO\AllSolutions\..\Common\VideoOS.IdentityServer.Common\VideoOS.IdentityServer.Common.UnitTests\bin\Debug\net6.0-windows\VideoOS.IdentityServer.Common.UnitTests.dll" adapterTypeName="executor://mstestadapter/v2" className="VideoOS.IdentityServer.Common.UnitTests.Handlers.IdentityServerToken.IdentityServerWindowsTokenHandlerTests" name="methodName_testState_expectedResult" />
    </UnitTest>
    <UnitTest name="VerifyEndpointSupportsSsl_InvalidParam_TimeoutBelowMInimum_Throws_ArgumentException" storage="d:\actions-runner\_work\xpco\xpco\allsolutions\..\common\videoos.identityserver.common\videoos.identityserver.common.unittests\bin\debug\net6.0-windows\videoos.identityserver.common.unittests.dll" id="29687309-d7e0-0838-a577-9dfd8b70cb79">
      <Execution id="64734f73-beb2-4b47-9dd8-9821ca0a931c" />
      <TestMethod codeBase="D:\actions-runner\_work\XPCO\XPCO\AllSolutions\..\Common\VideoOS.IdentityServer.Common\VideoOS.IdentityServer.Common.UnitTests\bin\Debug\net6.0-windows\VideoOS.IdentityServer.Common.UnitTests.dll" adapterTypeName="executor://mstestadapter/v2" className="VideoOS.IdentityServer.Common.UnitTests.Utilities.SslVerificationTests" name="VerifyEndpointSupportsSsl_InvalidParam_TimeoutBelowMInimum_Throws_ArgumentException" />
    </UnitTest>
    <UnitTest name="RefreshToken_TokenHandlerReturnsToken_RefreshTokenReturnsToken" storage="d:\actions-runner\_work\xpco\xpco\allsolutions\..\common\videoos.identityserver.common\videoos.identityserver.common.unittests\bin\debug\net6.0-windows\videoos.identityserver.common.unittests.dll" id="d313dde6-0806-2abf-bd1c-3417608d3183">
      <Execution id="72452397-491f-4279-9df3-7fee7eb8da19" />
      <TestMethod codeBase="D:\actions-runner\_work\XPCO\XPCO\AllSolutions\..\Common\VideoOS.IdentityServer.Common\VideoOS.IdentityServer.Common.UnitTests\bin\Debug\net6.0-windows\VideoOS.IdentityServer.Common.UnitTests.dll" adapterTypeName="executor://mstestadapter/v2" className="VideoOS.IdentityServer.Common.UnitTests.Handlers.IdentityServerToken.SimpleTokenCacheTests" name="RefreshToken_TokenHandlerReturnsToken_RefreshTokenReturnsToken" />
    </UnitTest>
    <UnitTest name="ValidateToken_TokenValidationParametersIsNull_ThrowArgumentNullException" storage="d:\actions-runner\_work\xpco\xpco\allsolutions\..\common\videoos.identityserver.common\videoos.identityserver.common.unittests\bin\debug\net6.0-windows\videoos.identityserver.common.unittests.dll" id="05652edd-928f-dd7d-e6ce-82417f010b21">
      <Execution id="7a06ab21-8f2e-4bc2-95e5-584210e81813" />
      <TestMethod codeBase="D:\actions-runner\_work\XPCO\XPCO\AllSolutions\..\Common\VideoOS.IdentityServer.Common\VideoOS.IdentityServer.Common.UnitTests\bin\Debug\net6.0-windows\VideoOS.IdentityServer.Common.UnitTests.dll" adapterTypeName="executor://mstestadapter/v2" className="VideoOS.IdentityServer.Common.UnitTests.JwtSecurityTokenValidatorWithConfigurationManagerTests" name="ValidateToken_TokenValidationParametersIsNull_ThrowArgumentNullException" />
    </UnitTest>
    <UnitTest name="CreateException_ErrorTheSamePasswords_Is_PasswordSameAsOldException" storage="d:\actions-runner\_work\xpco\xpco\allsolutions\..\common\videoos.identityserver.common\videoos.identityserver.common.unittests\bin\debug\net6.0-windows\videoos.identityserver.common.unittests.dll" id="25aa6176-148e-f1e7-5c9f-10f279eb31cc">
      <Execution id="5b2f8ba3-df85-4f14-ae93-ad5e0e648394" />
      <TestMethod codeBase="D:\actions-runner\_work\XPCO\XPCO\AllSolutions\..\Common\VideoOS.IdentityServer.Common\VideoOS.IdentityServer.Common.UnitTests\bin\Debug\net6.0-windows\VideoOS.IdentityServer.Common.UnitTests.dll" adapterTypeName="executor://mstestadapter/v2" className="VideoOS.IdentityServer.Common.UnitTests.Exceptions.IdpExceptionFactoryTests" name="CreateException_ErrorTheSamePasswords_Is_PasswordSameAsOldException" />
    </UnitTest>
    <UnitTest name="ValidateToken_RefreshIntervalNotReached_CachedConfig" storage="d:\actions-runner\_work\xpco\xpco\allsolutions\..\common\videoos.identityserver.common\videoos.identityserver.common.unittests\bin\debug\net6.0-windows\videoos.identityserver.common.unittests.dll" id="0cc1a792-32db-3643-8570-b5f3ee785740">
      <Execution id="b079aa44-7055-4341-acde-6196ec8ec73c" />
      <TestMethod codeBase="D:\actions-runner\_work\XPCO\XPCO\AllSolutions\..\Common\VideoOS.IdentityServer.Common\VideoOS.IdentityServer.Common.UnitTests\bin\Debug\net6.0-windows\VideoOS.IdentityServer.Common.UnitTests.dll" adapterTypeName="executor://mstestadapter/v2" className="VideoOS.IdentityServer.Common.UnitTests.JwtSecurityTokenValidatorWithConfigurationManagerTests" name="ValidateToken_RefreshIntervalNotReached_CachedConfig" />
    </UnitTest>
    <UnitTest name="GetTokenResponseAsync_HttpStatusIsNotOk_IdpExceptionIsThrown" storage="d:\actions-runner\_work\xpco\xpco\allsolutions\..\common\videoos.identityserver.common\videoos.identityserver.common.unittests\bin\debug\net6.0-windows\videoos.identityserver.common.unittests.dll" id="2094e3f3-bb74-95c3-1e50-e6fdef78ea13">
      <Execution id="53cd164a-1aea-43d9-b527-2adb741b5fde" />
      <TestMethod codeBase="D:\actions-runner\_work\XPCO\XPCO\AllSolutions\..\Common\VideoOS.IdentityServer.Common\VideoOS.IdentityServer.Common.UnitTests\bin\Debug\net6.0-windows\VideoOS.IdentityServer.Common.UnitTests.dll" adapterTypeName="executor://mstestadapter/v2" className="VideoOS.IdentityServer.Common.UnitTests.IdentityServerTokenHandlerTests" name="GetTokenResponseAsync_HttpStatusIsNotOk_IdpExceptionIsThrown" />
    </UnitTest>
    <UnitTest name="CreateException_PasswordRequiresLower_Is_PasswordNotComplexEnoughException" storage="d:\actions-runner\_work\xpco\xpco\allsolutions\..\common\videoos.identityserver.common\videoos.identityserver.common.unittests\bin\debug\net6.0-windows\videoos.identityserver.common.unittests.dll" id="65770ab3-18b0-0e9f-399a-f7a04ea6e0e5">
      <Execution id="a51abf86-3f78-4d31-bb31-26e2abdbce6c" />
      <TestMethod codeBase="D:\actions-runner\_work\XPCO\XPCO\AllSolutions\..\Common\VideoOS.IdentityServer.Common\VideoOS.IdentityServer.Common.UnitTests\bin\Debug\net6.0-windows\VideoOS.IdentityServer.Common.UnitTests.dll" adapterTypeName="executor://mstestadapter/v2" className="VideoOS.IdentityServer.Common.UnitTests.Exceptions.IdpExceptionFactoryTests" name="CreateException_PasswordRequiresLower_Is_PasswordNotComplexEnoughException" />
    </UnitTest>
    <UnitTest name="Ctor_AudiencesIsEmpty_DoNotThrowException" storage="d:\actions-runner\_work\xpco\xpco\allsolutions\..\common\videoos.identityserver.common\videoos.identityserver.common.unittests\bin\debug\net6.0-windows\videoos.identityserver.common.unittests.dll" id="f0bc3cf2-7e7b-22f4-8d42-04d99e358cfe">
      <Execution id="c3c367ab-cb71-4c46-9850-8ae5744bc9af" />
      <TestMethod codeBase="D:\actions-runner\_work\XPCO\XPCO\AllSolutions\..\Common\VideoOS.IdentityServer.Common\VideoOS.IdentityServer.Common.UnitTests\bin\Debug\net6.0-windows\VideoOS.IdentityServer.Common.UnitTests.dll" adapterTypeName="executor://mstestadapter/v2" className="VideoOS.IdentityServer.Common.UnitTests.OpenIdTokenHandlerTests" name="Ctor_AudiencesIsEmpty_DoNotThrowException" />
    </UnitTest>
    <UnitTest name="CreateException_ModelStateVaidationError_Is_InvalidArgumentsException" storage="d:\actions-runner\_work\xpco\xpco\allsolutions\..\common\videoos.identityserver.common\videoos.identityserver.common.unittests\bin\debug\net6.0-windows\videoos.identityserver.common.unittests.dll" id="ab24e2cb-a9e7-696f-52cc-bbef4af32000">
      <Execution id="e9c9d852-23c2-4612-b490-b8efe66fad92" />
      <TestMethod codeBase="D:\actions-runner\_work\XPCO\XPCO\AllSolutions\..\Common\VideoOS.IdentityServer.Common\VideoOS.IdentityServer.Common.UnitTests\bin\Debug\net6.0-windows\VideoOS.IdentityServer.Common.UnitTests.dll" adapterTypeName="executor://mstestadapter/v2" className="VideoOS.IdentityServer.Common.UnitTests.Exceptions.IdpExceptionFactoryTests" name="CreateException_ModelStateVaidationError_Is_InvalidArgumentsException" />
    </UnitTest>
    <UnitTest name="ValidateToken_Success_ClaimsPrincipal" storage="d:\actions-runner\_work\xpco\xpco\allsolutions\..\common\videoos.identityserver.common\videoos.identityserver.common.unittests\bin\debug\net6.0-windows\videoos.identityserver.common.unittests.dll" id="d85ce454-c380-2ac2-ff60-059c934c0c87">
      <Execution id="6e066533-256e-4934-a9d5-c557c5a61cd7" />
      <TestMethod codeBase="D:\actions-runner\_work\XPCO\XPCO\AllSolutions\..\Common\VideoOS.IdentityServer.Common\VideoOS.IdentityServer.Common.UnitTests\bin\Debug\net6.0-windows\VideoOS.IdentityServer.Common.UnitTests.dll" adapterTypeName="executor://mstestadapter/v2" className="VideoOS.IdentityServer.Common.UnitTests.JwtSecurityTokenValidatorWithConfigurationManagerTests" name="ValidateToken_Success_ClaimsPrincipal" />
    </UnitTest>
    <UnitTest name="CreateException_PasswordTooShort_Is_PasswordNotComplexEnoughException" storage="d:\actions-runner\_work\xpco\xpco\allsolutions\..\common\videoos.identityserver.common\videoos.identityserver.common.unittests\bin\debug\net6.0-windows\videoos.identityserver.common.unittests.dll" id="feb4fa5e-1e90-63a6-9054-269133b16e54">
      <Execution id="1e08c6e9-5567-472a-b9de-296df066d768" />
      <TestMethod codeBase="D:\actions-runner\_work\XPCO\XPCO\AllSolutions\..\Common\VideoOS.IdentityServer.Common\VideoOS.IdentityServer.Common.UnitTests\bin\Debug\net6.0-windows\VideoOS.IdentityServer.Common.UnitTests.dll" adapterTypeName="executor://mstestadapter/v2" className="VideoOS.IdentityServer.Common.UnitTests.Exceptions.IdpExceptionFactoryTests" name="CreateException_PasswordTooShort_Is_PasswordNotComplexEnoughException" />
    </UnitTest>
    <UnitTest name="Constructor_NullIdpUrl_ThrowsArgumentNullException" storage="d:\actions-runner\_work\xpco\xpco\allsolutions\..\common\videoos.identityserver.common\videoos.identityserver.common.unittests\bin\debug\net6.0-windows\videoos.identityserver.common.unittests.dll" id="320b9240-8de4-6e99-ff14-f9386efd026e">
      <Execution id="ace28a79-bd8d-4849-9e34-8773ebbc5a63" />
      <TestMethod codeBase="D:\actions-runner\_work\XPCO\XPCO\AllSolutions\..\Common\VideoOS.IdentityServer.Common\VideoOS.IdentityServer.Common.UnitTests\bin\Debug\net6.0-windows\VideoOS.IdentityServer.Common.UnitTests.dll" adapterTypeName="executor://mstestadapter/v2" className="VideoOS.IdentityServer.Common.UnitTests.Utilities.Tokens.IdpTokenRetrieverTests" name="Constructor_NullIdpUrl_ThrowsArgumentNullException" />
    </UnitTest>
    <UnitTest name="GetTokenResponse_TokenHandlerDisposedBeforeCall_ObjectDisposedException" storage="d:\actions-runner\_work\xpco\xpco\allsolutions\..\common\videoos.identityserver.common\videoos.identityserver.common.unittests\bin\debug\net6.0-windows\videoos.identityserver.common.unittests.dll" id="9161f5e4-37b0-b6bc-22e9-91ccc708f977">
      <Execution id="f7565ed7-52f4-414a-b761-913774b3f5af" />
      <TestMethod codeBase="D:\actions-runner\_work\XPCO\XPCO\AllSolutions\..\Common\VideoOS.IdentityServer.Common\VideoOS.IdentityServer.Common.UnitTests\bin\Debug\net6.0-windows\VideoOS.IdentityServer.Common.UnitTests.dll" adapterTypeName="executor://mstestadapter/v2" className="VideoOS.IdentityServer.Common.UnitTests.IdentityServerTokenHandlerTests" name="GetTokenResponse_TokenHandlerDisposedBeforeCall_ObjectDisposedException" />
    </UnitTest>
    <UnitTest name="Constructor_BaseAddressIsNull_ThrowArgumentNullException" storage="d:\actions-runner\_work\xpco\xpco\allsolutions\..\common\videoos.identityserver.common\videoos.identityserver.common.unittests\bin\debug\net6.0-windows\videoos.identityserver.common.unittests.dll" id="65c35641-c7fa-ea47-734f-c81f8095832e">
      <Execution id="667b1985-8e1e-4cb0-a8fc-6560bc909ad2" />
      <TestMethod codeBase="D:\actions-runner\_work\XPCO\XPCO\AllSolutions\..\Common\VideoOS.IdentityServer.Common\VideoOS.IdentityServer.Common.UnitTests\bin\Debug\net6.0-windows\VideoOS.IdentityServer.Common.UnitTests.dll" adapterTypeName="executor://mstestadapter/v2" className="VideoOS.IdentityServer.Common.UnitTests.IdpRegistrationClientTests" name="Constructor_BaseAddressIsNull_ThrowArgumentNullException" />
    </UnitTest>
    <UnitTest name="CreateException_AdminIdentityNotFound_Is_DuplicateAdminIdentityException" storage="d:\actions-runner\_work\xpco\xpco\allsolutions\..\common\videoos.identityserver.common\videoos.identityserver.common.unittests\bin\debug\net6.0-windows\videoos.identityserver.common.unittests.dll" id="bf3ad47a-9250-f8b8-31e2-5fe2764ad9e8">
      <Execution id="a1f26f7a-7a2e-475f-9149-6cc8421907d7" />
      <TestMethod codeBase="D:\actions-runner\_work\XPCO\XPCO\AllSolutions\..\Common\VideoOS.IdentityServer.Common\VideoOS.IdentityServer.Common.UnitTests\bin\Debug\net6.0-windows\VideoOS.IdentityServer.Common.UnitTests.dll" adapterTypeName="executor://mstestadapter/v2" className="VideoOS.IdentityServer.Common.UnitTests.Exceptions.IdpExceptionFactoryTests" name="CreateException_AdminIdentityNotFound_Is_DuplicateAdminIdentityException" />
    </UnitTest>
    <UnitTest name="HandleException_UnexpectedExceptionType_ReturnsFalse" storage="d:\actions-runner\_work\xpco\xpco\allsolutions\..\common\videoos.identityserver.common\videoos.identityserver.common.unittests\bin\debug\net6.0-windows\videoos.identityserver.common.unittests.dll" id="4049cd8f-4722-f786-6675-c96c049dafca">
      <Execution id="a925a1d7-312e-4713-b6dc-72280761a9d6" />
      <TestMethod codeBase="D:\actions-runner\_work\XPCO\XPCO\AllSolutions\..\Common\VideoOS.IdentityServer.Common\VideoOS.IdentityServer.Common.UnitTests\bin\Debug\net6.0-windows\VideoOS.IdentityServer.Common.UnitTests.dll" adapterTypeName="executor://mstestadapter/v2" className="VideoOS.IdentityServer.Common.UnitTests.Utilities.ServerValidation.IdpExceptionHandlerTests" name="HandleException_UnexpectedExceptionType_ReturnsFalse" />
    </UnitTest>
    <UnitTest name="CreateException_ChangePassword_Is_ChangePasswordException" storage="d:\actions-runner\_work\xpco\xpco\allsolutions\..\common\videoos.identityserver.common\videoos.identityserver.common.unittests\bin\debug\net6.0-windows\videoos.identityserver.common.unittests.dll" id="dff6bcfa-7c56-915c-d680-949651ff50ba">
      <Execution id="ae51850e-e063-4a9f-91ea-ecb480c55839" />
      <TestMethod codeBase="D:\actions-runner\_work\XPCO\XPCO\AllSolutions\..\Common\VideoOS.IdentityServer.Common\VideoOS.IdentityServer.Common.UnitTests\bin\Debug\net6.0-windows\VideoOS.IdentityServer.Common.UnitTests.dll" adapterTypeName="executor://mstestadapter/v2" className="VideoOS.IdentityServer.Common.UnitTests.Exceptions.IdpExceptionFactoryTests" name="CreateException_ChangePassword_Is_ChangePasswordException" />
    </UnitTest>
    <UnitTest name="CreateException_DuplicateEmail_Is_EmailAlreadyExistsException" storage="d:\actions-runner\_work\xpco\xpco\allsolutions\..\common\videoos.identityserver.common\videoos.identityserver.common.unittests\bin\debug\net6.0-windows\videoos.identityserver.common.unittests.dll" id="0ae882bf-7b3d-9ae3-2fd3-8f4782af29c4">
      <Execution id="8bacdcfa-9895-4879-8bae-875b788c7d79" />
      <TestMethod codeBase="D:\actions-runner\_work\XPCO\XPCO\AllSolutions\..\Common\VideoOS.IdentityServer.Common\VideoOS.IdentityServer.Common.UnitTests\bin\Debug\net6.0-windows\VideoOS.IdentityServer.Common.UnitTests.dll" adapterTypeName="executor://mstestadapter/v2" className="VideoOS.IdentityServer.Common.UnitTests.Exceptions.IdpExceptionFactoryTests" name="CreateException_DuplicateEmail_Is_EmailAlreadyExistsException" />
    </UnitTest>
    <UnitTest name="IdpTokenClient_NonDefaultCredentials_HttpClientConfiguredToNotUseDefualtCredentials" storage="d:\actions-runner\_work\xpco\xpco\allsolutions\..\common\videoos.identityserver.common\videoos.identityserver.common.unittests\bin\debug\net6.0-windows\videoos.identityserver.common.unittests.dll" id="b8901242-2f26-bc70-f843-5bf9455c7828">
      <Execution id="89a99655-63db-4a1e-9924-1f9cf6791192" />
      <TestMethod codeBase="D:\actions-runner\_work\XPCO\XPCO\AllSolutions\..\Common\VideoOS.IdentityServer.Common\VideoOS.IdentityServer.Common.UnitTests\bin\Debug\net6.0-windows\VideoOS.IdentityServer.Common.UnitTests.dll" adapterTypeName="executor://mstestadapter/v2" className="VideoOS.IdentityServer.Common.UnitTests.IdpTokenClientTests" name="IdpTokenClient_NonDefaultCredentials_HttpClientConfiguredToNotUseDefualtCredentials" />
    </UnitTest>
    <UnitTest name="Constructor_ScopeIsNull_ThrowArgumentNullException" storage="d:\actions-runner\_work\xpco\xpco\allsolutions\..\common\videoos.identityserver.common\videoos.identityserver.common.unittests\bin\debug\net6.0-windows\videoos.identityserver.common.unittests.dll" id="b05795f0-d2f6-22ea-cbc0-12b777940158">
      <Execution id="8c65aa2c-3cee-46fc-a79c-6ece2f5e41fb" />
      <TestMethod codeBase="D:\actions-runner\_work\XPCO\XPCO\AllSolutions\..\Common\VideoOS.IdentityServer.Common\VideoOS.IdentityServer.Common.UnitTests\bin\Debug\net6.0-windows\VideoOS.IdentityServer.Common.UnitTests.dll" adapterTypeName="executor://mstestadapter/v2" className="VideoOS.IdentityServer.Common.UnitTests.IdentityServerTokenHandlerTests" name="Constructor_ScopeIsNull_ThrowArgumentNullException" />
    </UnitTest>
    <UnitTest name="Constructor_NullTrustedToken_ThrowsArgumentNullException" storage="d:\actions-runner\_work\xpco\xpco\allsolutions\..\common\videoos.identityserver.common\videoos.identityserver.common.unittests\bin\debug\net6.0-windows\videoos.identityserver.common.unittests.dll" id="cb270c9a-018c-ca10-c7ca-7967670c892b">
      <Execution id="ade5423f-9f17-4a25-8b38-c3474a6758e6" />
      <TestMethod codeBase="D:\actions-runner\_work\XPCO\XPCO\AllSolutions\..\Common\VideoOS.IdentityServer.Common\VideoOS.IdentityServer.Common.UnitTests\bin\Debug\net6.0-windows\VideoOS.IdentityServer.Common.UnitTests.dll" adapterTypeName="executor://mstestadapter/v2" className="VideoOS.IdentityServer.Common.UnitTests.ExchangeTokenHandlerTests" name="Constructor_NullTrustedToken_ThrowsArgumentNullException" />
    </UnitTest>
    <UnitTest name="VerifyEndpointSupportsSsl_InvalidParam_Null_ValidTimeout_Throws_ArgumentNullException" storage="d:\actions-runner\_work\xpco\xpco\allsolutions\..\common\videoos.identityserver.common\videoos.identityserver.common.unittests\bin\debug\net6.0-windows\videoos.identityserver.common.unittests.dll" id="d31208f6-32e8-d301-b39b-41ee13f7023e">
      <Execution id="deb312b3-723a-4429-a6da-34c20441d3e3" />
      <TestMethod codeBase="D:\actions-runner\_work\XPCO\XPCO\AllSolutions\..\Common\VideoOS.IdentityServer.Common\VideoOS.IdentityServer.Common.UnitTests\bin\Debug\net6.0-windows\VideoOS.IdentityServer.Common.UnitTests.dll" adapterTypeName="executor://mstestadapter/v2" className="VideoOS.IdentityServer.Common.UnitTests.Utilities.SslVerificationTests" name="VerifyEndpointSupportsSsl_InvalidParam_Null_ValidTimeout_Throws_ArgumentNullException" />
    </UnitTest>
    <UnitTest name="GetClaimValue_IdTokenNotRetrieved_Throws_InvalidOperationException" storage="d:\actions-runner\_work\xpco\xpco\allsolutions\..\common\videoos.identityserver.common\videoos.identityserver.common.unittests\bin\debug\net6.0-windows\videoos.identityserver.common.unittests.dll" id="41159a03-c027-b654-a27a-5a7d8d8246d9">
      <Execution id="0d094bda-b732-449e-83f6-9ead0deb172a" />
      <TestMethod codeBase="D:\actions-runner\_work\XPCO\XPCO\AllSolutions\..\Common\VideoOS.IdentityServer.Common\VideoOS.IdentityServer.Common.UnitTests\bin\Debug\net6.0-windows\VideoOS.IdentityServer.Common.UnitTests.dll" adapterTypeName="executor://mstestadapter/v2" className="VideoOS.IdentityServer.Common.UnitTests.Handlers.TokenCacheTests" name="GetClaimValue_IdTokenNotRetrieved_Throws_InvalidOperationException" />
    </UnitTest>
    <UnitTest name="CreateException_404_UserNotFound_Is_UserNotFoundException" storage="d:\actions-runner\_work\xpco\xpco\allsolutions\..\common\videoos.identityserver.common\videoos.identityserver.common.unittests\bin\debug\net6.0-windows\videoos.identityserver.common.unittests.dll" id="5ac69b1a-a384-bee2-381f-56a296f2c282">
      <Execution id="672f986e-acca-4620-a354-4c002421457a" />
      <TestMethod codeBase="D:\actions-runner\_work\XPCO\XPCO\AllSolutions\..\Common\VideoOS.IdentityServer.Common\VideoOS.IdentityServer.Common.UnitTests\bin\Debug\net6.0-windows\VideoOS.IdentityServer.Common.UnitTests.dll" adapterTypeName="executor://mstestadapter/v2" className="VideoOS.IdentityServer.Common.UnitTests.Exceptions.IdpExceptionFactoryTests" name="CreateException_404_UserNotFound_Is_UserNotFoundException" />
    </UnitTest>
    <UnitTest name="Ctor_AudiencesIsNull_ThrowsArgumentNullException" storage="d:\actions-runner\_work\xpco\xpco\allsolutions\..\common\videoos.identityserver.common\videoos.identityserver.common.unittests\bin\debug\net6.0-windows\videoos.identityserver.common.unittests.dll" id="9c36fd41-e765-81f6-df8e-f462ee2c6552">
      <Execution id="9ec5399b-63a4-4bf8-937d-18d1b4713edf" />
      <TestMethod codeBase="D:\actions-runner\_work\XPCO\XPCO\AllSolutions\..\Common\VideoOS.IdentityServer.Common\VideoOS.IdentityServer.Common.UnitTests\bin\Debug\net6.0-windows\VideoOS.IdentityServer.Common.UnitTests.dll" adapterTypeName="executor://mstestadapter/v2" className="VideoOS.IdentityServer.Common.UnitTests.OpenIdTokenHandlerTests" name="Ctor_AudiencesIsNull_ThrowsArgumentNullException" />
    </UnitTest>
    <UnitTest name="RegisterClient_AccessTokenIsNull_ThrowArgumentException" storage="d:\actions-runner\_work\xpco\xpco\allsolutions\..\common\videoos.identityserver.common\videoos.identityserver.common.unittests\bin\debug\net6.0-windows\videoos.identityserver.common.unittests.dll" id="083062ca-22b3-f842-aa3b-2548ef3b2afa">
      <Execution id="4589a1cc-cfb5-4f31-9a7a-23f9b0aad2bd" />
      <TestMethod codeBase="D:\actions-runner\_work\XPCO\XPCO\AllSolutions\..\Common\VideoOS.IdentityServer.Common\VideoOS.IdentityServer.Common.UnitTests\bin\Debug\net6.0-windows\VideoOS.IdentityServer.Common.UnitTests.dll" adapterTypeName="executor://mstestadapter/v2" className="VideoOS.IdentityServer.Common.UnitTests.IdpRegistrationClientTests" name="RegisterClient_AccessTokenIsNull_ThrowArgumentException" />
    </UnitTest>
    <UnitTest name="Configure_SetClientSecret_Correctly" storage="d:\actions-runner\_work\xpco\xpco\allsolutions\..\common\videoos.identityserver.common\videoos.identityserver.common.unittests\bin\debug\net6.0-windows\videoos.identityserver.common.unittests.dll" id="42983783-3215-fc3e-ee2e-8a8fdf441e84">
      <Execution id="6615dc66-8ae5-4254-a8af-f442ef71774b" />
      <TestMethod codeBase="D:\actions-runner\_work\XPCO\XPCO\AllSolutions\..\Common\VideoOS.IdentityServer.Common\VideoOS.IdentityServer.Common.UnitTests\bin\Debug\net6.0-windows\VideoOS.IdentityServer.Common.UnitTests.dll" adapterTypeName="executor://mstestadapter/v2" className="VideoOS.IdentityServer.Common.UnitTests.Extensions.SecretOptionsSetupTests" name="Configure_SetClientSecret_Correctly" />
    </UnitTest>
    <UnitTest name="IsTokenExpired_TokenExpiration_ExpiredReturnTrueNotExpiredReturnFalse (1,False)" storage="d:\actions-runner\_work\xpco\xpco\allsolutions\..\common\videoos.identityserver.common\videoos.identityserver.common.unittests\bin\debug\net6.0-windows\videoos.identityserver.common.unittests.dll" id="92550fd5-a5b3-6c37-05cc-685664f25370">
      <Execution id="634ea307-d7b2-49b5-be43-e343033e0e21" />
      <TestMethod codeBase="D:\actions-runner\_work\XPCO\XPCO\AllSolutions\..\Common\VideoOS.IdentityServer.Common\VideoOS.IdentityServer.Common.UnitTests\bin\Debug\net6.0-windows\VideoOS.IdentityServer.Common.UnitTests.dll" adapterTypeName="executor://mstestadapter/v2" className="VideoOS.IdentityServer.Common.UnitTests.Handlers.TokenCacheTests" name="IsTokenExpired_TokenExpiration_ExpiredReturnTrueNotExpiredReturnFalse" />
    </UnitTest>
    <UnitTest name="ValidateIdpServer_CancellationRequest_ShouldThrow" storage="d:\actions-runner\_work\xpco\xpco\allsolutions\..\common\videoos.identityserver.common\videoos.identityserver.common.unittests\bin\debug\net6.0-windows\videoos.identityserver.common.unittests.dll" id="04ba112f-e345-0314-e5a5-bfdf9ebd97a8">
      <Execution id="63541af5-d10c-479c-a7e2-a6452880a77d" />
      <TestMethod codeBase="D:\actions-runner\_work\XPCO\XPCO\AllSolutions\..\Common\VideoOS.IdentityServer.Common\VideoOS.IdentityServer.Common.UnitTests\bin\Debug\net6.0-windows\VideoOS.IdentityServer.Common.UnitTests.dll" adapterTypeName="executor://mstestadapter/v2" className="VideoOS.IdentityServer.Common.UnitTests.IdpDiscoveryServiceTests" name="ValidateIdpServer_CancellationRequest_ShouldThrow" />
    </UnitTest>
    <UnitTest name="Constructor_NullAccessToken_ThrowsArgumentNullException" storage="d:\actions-runner\_work\xpco\xpco\allsolutions\..\common\videoos.identityserver.common\videoos.identityserver.common.unittests\bin\debug\net6.0-windows\videoos.identityserver.common.unittests.dll" id="ad89ac24-24de-f6bb-8252-5fda23ce2272">
      <Execution id="84819c33-7866-4cc9-aa44-4fa1ad4e9a21" />
      <TestMethod codeBase="D:\actions-runner\_work\XPCO\XPCO\AllSolutions\..\Common\VideoOS.IdentityServer.Common\VideoOS.IdentityServer.Common.UnitTests\bin\Debug\net6.0-windows\VideoOS.IdentityServer.Common.UnitTests.dll" adapterTypeName="executor://mstestadapter/v2" className="VideoOS.IdentityServer.Common.UnitTests.Utilities.Tokens.IdpTokensTests" name="Constructor_NullAccessToken_ThrowsArgumentNullException" />
    </UnitTest>
    <UnitTest name="Construct_InvalidParam_GrantType_Null_Throws_ArgumentNullException" storage="d:\actions-runner\_work\xpco\xpco\allsolutions\..\common\videoos.identityserver.common\videoos.identityserver.common.unittests\bin\debug\net6.0-windows\videoos.identityserver.common.unittests.dll" id="6fb4517f-b4e4-4771-fc0a-9b00bebd656e">
      <Execution id="72d956f3-632b-4d6e-9e44-4fbf56e482e5" />
      <TestMethod codeBase="D:\actions-runner\_work\XPCO\XPCO\AllSolutions\..\Common\VideoOS.IdentityServer.Common\VideoOS.IdentityServer.Common.UnitTests\bin\Debug\net6.0-windows\VideoOS.IdentityServer.Common.UnitTests.dll" adapterTypeName="executor://mstestadapter/v2" className="VideoOS.IdentityServer.Common.UnitTests.Handlers.IdentityServerToken.IdentityServerClientSettingsTests" name="Construct_InvalidParam_GrantType_Null_Throws_ArgumentNullException" />
    </UnitTest>
    <UnitTest name="ValidateFasterIdpServerOnBothSchemas_WorkingHttpAddressAndCancellationRequest_ShouldCancelAndReturnEmptyResult" storage="d:\actions-runner\_work\xpco\xpco\allsolutions\..\common\videoos.identityserver.common\videoos.identityserver.common.unittests\bin\debug\net6.0-windows\videoos.identityserver.common.unittests.dll" id="7102ede2-c297-16f6-bd79-a261e9a0ab55">
      <Execution id="e4c2132c-7d4d-440f-980f-eea3bed68145" />
      <TestMethod codeBase="D:\actions-runner\_work\XPCO\XPCO\AllSolutions\..\Common\VideoOS.IdentityServer.Common\VideoOS.IdentityServer.Common.UnitTests\bin\Debug\net6.0-windows\VideoOS.IdentityServer.Common.UnitTests.dll" adapterTypeName="executor://mstestadapter/v2" className="VideoOS.IdentityServer.Common.UnitTests.IdpDiscoveryServiceTests" name="ValidateFasterIdpServerOnBothSchemas_WorkingHttpAddressAndCancellationRequest_ShouldCancelAndReturnEmptyResult" />
    </UnitTest>
    <UnitTest name="HasValidScheme_UriIsNetPipe_ReturnsTrue" storage="d:\actions-runner\_work\xpco\xpco\allsolutions\..\common\videoos.identityserver.common\videoos.identityserver.common.unittests\bin\debug\net6.0-windows\videoos.identityserver.common.unittests.dll" id="ecb758fe-0180-464c-e553-3e17f3a94b1f">
      <Execution id="8369a819-1a7c-4f4d-a088-8c0750eb4699" />
      <TestMethod codeBase="D:\actions-runner\_work\XPCO\XPCO\AllSolutions\..\Common\VideoOS.IdentityServer.Common\VideoOS.IdentityServer.Common.UnitTests\bin\Debug\net6.0-windows\VideoOS.IdentityServer.Common.UnitTests.dll" adapterTypeName="executor://mstestadapter/v2" className="VideoOS.IdentityServer.Common.UnitTests.Utilities.ServerValidation.UriExtenderTests" name="HasValidScheme_UriIsNetPipe_ReturnsTrue" />
    </UnitTest>
    <UnitTest name="RegisterClient_ResponseHasSuccessfulStatusCode_CorrectRequestUriIsPassedAndModelWithSecretIsReturned" storage="d:\actions-runner\_work\xpco\xpco\allsolutions\..\common\videoos.identityserver.common\videoos.identityserver.common.unittests\bin\debug\net6.0-windows\videoos.identityserver.common.unittests.dll" id="d500cfda-0f9f-e179-c72f-1f44e45838d9">
      <Execution id="0fe05d53-8912-4a32-b99c-f87faee42462" />
      <TestMethod codeBase="D:\actions-runner\_work\XPCO\XPCO\AllSolutions\..\Common\VideoOS.IdentityServer.Common\VideoOS.IdentityServer.Common.UnitTests\bin\Debug\net6.0-windows\VideoOS.IdentityServer.Common.UnitTests.dll" adapterTypeName="executor://mstestadapter/v2" className="VideoOS.IdentityServer.Common.UnitTests.IdpRegistrationClientTests" name="RegisterClient_ResponseHasSuccessfulStatusCode_CorrectRequestUriIsPassedAndModelWithSecretIsReturned" />
    </UnitTest>
    <UnitTest name="VerifyEndpointSupportsSsl_InvalidParam_RelativeUri_ValidTimeout_Throws_ArgumentException" storage="d:\actions-runner\_work\xpco\xpco\allsolutions\..\common\videoos.identityserver.common\videoos.identityserver.common.unittests\bin\debug\net6.0-windows\videoos.identityserver.common.unittests.dll" id="063fc5d6-7093-4898-586d-f7c91da3d90a">
      <Execution id="a05ddf84-a09a-444a-bd8a-97211ed346e7" />
      <TestMethod codeBase="D:\actions-runner\_work\XPCO\XPCO\AllSolutions\..\Common\VideoOS.IdentityServer.Common\VideoOS.IdentityServer.Common.UnitTests\bin\Debug\net6.0-windows\VideoOS.IdentityServer.Common.UnitTests.dll" adapterTypeName="executor://mstestadapter/v2" className="VideoOS.IdentityServer.Common.UnitTests.Utilities.SslVerificationTests" name="VerifyEndpointSupportsSsl_InvalidParam_RelativeUri_ValidTimeout_Throws_ArgumentException" />
    </UnitTest>
    <UnitTest name="RefreshToken_IdTokenNotRetrieved_NoError" storage="d:\actions-runner\_work\xpco\xpco\allsolutions\..\common\videoos.identityserver.common\videoos.identityserver.common.unittests\bin\debug\net6.0-windows\videoos.identityserver.common.unittests.dll" id="ee5160b1-3233-41e0-3299-0425a39eeee5">
      <Execution id="96f5208e-3175-4f26-b4a4-8f9cbc659974" />
      <TestMethod codeBase="D:\actions-runner\_work\XPCO\XPCO\AllSolutions\..\Common\VideoOS.IdentityServer.Common\VideoOS.IdentityServer.Common.UnitTests\bin\Debug\net6.0-windows\VideoOS.IdentityServer.Common.UnitTests.dll" adapterTypeName="executor://mstestadapter/v2" className="VideoOS.IdentityServer.Common.UnitTests.Handlers.IdentityServerToken.SimpleTokenCacheTests" name="RefreshToken_IdTokenNotRetrieved_NoError" />
    </UnitTest>
    <UnitTest name="Construct_InvalidParam_ClientId_Null_Throws_ArgumentNullException" storage="d:\actions-runner\_work\xpco\xpco\allsolutions\..\common\videoos.identityserver.common\videoos.identityserver.common.unittests\bin\debug\net6.0-windows\videoos.identityserver.common.unittests.dll" id="d5b3be23-e24d-3907-6e80-ddd593570613">
      <Execution id="8d3dd31a-c27c-4c69-bdde-a21a4cd5cee4" />
      <TestMethod codeBase="D:\actions-runner\_work\XPCO\XPCO\AllSolutions\..\Common\VideoOS.IdentityServer.Common\VideoOS.IdentityServer.Common.UnitTests\bin\Debug\net6.0-windows\VideoOS.IdentityServer.Common.UnitTests.dll" adapterTypeName="executor://mstestadapter/v2" className="VideoOS.IdentityServer.Common.UnitTests.Handlers.IdentityServerToken.IdentityServerClientSettingsTests" name="Construct_InvalidParam_ClientId_Null_Throws_ArgumentNullException" />
    </UnitTest>
    <UnitTest name="ValidateToken_MetaDataLoadNotDelayed_MetaDataLoadNotDelayed" storage="d:\actions-runner\_work\xpco\xpco\allsolutions\..\common\videoos.identityserver.common\videoos.identityserver.common.unittests\bin\debug\net6.0-windows\videoos.identityserver.common.unittests.dll" id="a1533602-6410-91ea-863d-c06356133eae">
      <Execution id="ee6354b1-d704-4313-b6a3-0d3feb64e3b0" />
      <TestMethod codeBase="D:\actions-runner\_work\XPCO\XPCO\AllSolutions\..\Common\VideoOS.IdentityServer.Common\VideoOS.IdentityServer.Common.UnitTests\bin\Debug\net6.0-windows\VideoOS.IdentityServer.Common.UnitTests.dll" adapterTypeName="executor://mstestadapter/v2" className="VideoOS.IdentityServer.Common.UnitTests.JwtSecurityTokenValidatorWithConfigurationManagerTests" name="ValidateToken_MetaDataLoadNotDelayed_MetaDataLoadNotDelayed" />
    </UnitTest>
    <UnitTest name="Construct_WithUri_IsErrorFalse" storage="d:\actions-runner\_work\xpco\xpco\allsolutions\..\common\videoos.identityserver.common\videoos.identityserver.common.unittests\bin\debug\net6.0-windows\videoos.identityserver.common.unittests.dll" id="bc6f6cb5-f7c9-e3db-d707-a236ceb509b9">
      <Execution id="d6325a6b-04e1-4cf0-aba3-dfb3023e1a3b" />
      <TestMethod codeBase="D:\actions-runner\_work\XPCO\XPCO\AllSolutions\..\Common\VideoOS.IdentityServer.Common\VideoOS.IdentityServer.Common.UnitTests\bin\Debug\net6.0-windows\VideoOS.IdentityServer.Common.UnitTests.dll" adapterTypeName="executor://mstestadapter/v2" className="VideoOS.IdentityServer.Common.UnitTests.DiscoveryResponseTests" name="Construct_WithUri_IsErrorFalse" />
    </UnitTest>
    <UnitTest name="GetTokenResponseAsync_TokenResponseIsOk_TokenResponseIsReturned" storage="d:\actions-runner\_work\xpco\xpco\allsolutions\..\common\videoos.identityserver.common\videoos.identityserver.common.unittests\bin\debug\net6.0-windows\videoos.identityserver.common.unittests.dll" id="22db2a0a-aa8a-2a11-0ea7-22ee10a4b12c">
      <Execution id="3e6ac4bd-048a-4086-8e03-5f374d9c15c2" />
      <TestMethod codeBase="D:\actions-runner\_work\XPCO\XPCO\AllSolutions\..\Common\VideoOS.IdentityServer.Common\VideoOS.IdentityServer.Common.UnitTests\bin\Debug\net6.0-windows\VideoOS.IdentityServer.Common.UnitTests.dll" adapterTypeName="executor://mstestadapter/v2" className="VideoOS.IdentityServer.Common.UnitTests.IdentityServerTokenHandlerTests" name="GetTokenResponseAsync_TokenResponseIsOk_TokenResponseIsReturned" />
    </UnitTest>
    <UnitTest name="RegisterAuthorizationCodeClientWithToken_ResponseHasSuccessfulStatusCode_CorrectRequestUriIsPassedWithoutSecret" storage="d:\actions-runner\_work\xpco\xpco\allsolutions\..\common\videoos.identityserver.common\videoos.identityserver.common.unittests\bin\debug\net6.0-windows\videoos.identityserver.common.unittests.dll" id="cb3d0d63-a156-b025-1c90-4a3dc7841ffd">
      <Execution id="536a1afb-60f6-4bcb-80e8-683149cf3ade" />
      <TestMethod codeBase="D:\actions-runner\_work\XPCO\XPCO\AllSolutions\..\Common\VideoOS.IdentityServer.Common\VideoOS.IdentityServer.Common.UnitTests\bin\Debug\net6.0-windows\VideoOS.IdentityServer.Common.UnitTests.dll" adapterTypeName="executor://mstestadapter/v2" className="VideoOS.IdentityServer.Common.UnitTests.IdpRegistrationClientTests" name="RegisterAuthorizationCodeClientWithToken_ResponseHasSuccessfulStatusCode_CorrectRequestUriIsPassedWithoutSecret" />
    </UnitTest>
    <UnitTest name="CreateException_AnythingElse_Is_DefaultErrorException" storage="d:\actions-runner\_work\xpco\xpco\allsolutions\..\common\videoos.identityserver.common\videoos.identityserver.common.unittests\bin\debug\net6.0-windows\videoos.identityserver.common.unittests.dll" id="437f2012-d0bd-9480-97fb-1b4e5a423d3b">
      <Execution id="22db2b9d-b473-46a2-b654-56fcb97c2d9f" />
      <TestMethod codeBase="D:\actions-runner\_work\XPCO\XPCO\AllSolutions\..\Common\VideoOS.IdentityServer.Common\VideoOS.IdentityServer.Common.UnitTests\bin\Debug\net6.0-windows\VideoOS.IdentityServer.Common.UnitTests.dll" adapterTypeName="executor://mstestadapter/v2" className="VideoOS.IdentityServer.Common.UnitTests.Exceptions.IdpExceptionFactoryTests" name="CreateException_AnythingElse_Is_DefaultErrorException" />
    </UnitTest>
    <UnitTest name="RefreshToken_InvalidToken_AccessTokenException" storage="d:\actions-runner\_work\xpco\xpco\allsolutions\..\common\videoos.identityserver.common\videoos.identityserver.common.unittests\bin\debug\net6.0-windows\videoos.identityserver.common.unittests.dll" id="f5c02efb-b35c-365d-c779-9919be9854f1">
      <Execution id="eb040428-4726-416a-8e76-2b5dcf4603d9" />
      <TestMethod codeBase="D:\actions-runner\_work\XPCO\XPCO\AllSolutions\..\Common\VideoOS.IdentityServer.Common\VideoOS.IdentityServer.Common.UnitTests\bin\Debug\net6.0-windows\VideoOS.IdentityServer.Common.UnitTests.dll" adapterTypeName="executor://mstestadapter/v2" className="VideoOS.IdentityServer.Common.UnitTests.Handlers.TokenCacheTests" name="RefreshToken_InvalidToken_AccessTokenException" />
    </UnitTest>
    <UnitTest name="GetClaimValue_IdTokenNotRetrieved_Throws_InvalidOperationException" storage="d:\actions-runner\_work\xpco\xpco\allsolutions\..\common\videoos.identityserver.common\videoos.identityserver.common.unittests\bin\debug\net6.0-windows\videoos.identityserver.common.unittests.dll" id="19645128-e202-44ae-34e1-bebb765d5926">
      <Execution id="53aa25a2-1932-4381-9b74-75e9eba58514" />
      <TestMethod codeBase="D:\actions-runner\_work\XPCO\XPCO\AllSolutions\..\Common\VideoOS.IdentityServer.Common\VideoOS.IdentityServer.Common.UnitTests\bin\Debug\net6.0-windows\VideoOS.IdentityServer.Common.UnitTests.dll" adapterTypeName="executor://mstestadapter/v2" className="VideoOS.IdentityServer.Common.UnitTests.Handlers.IdentityServerToken.SimpleTokenCacheTests" name="GetClaimValue_IdTokenNotRetrieved_Throws_InvalidOperationException" />
    </UnitTest>
    <UnitTest name="CreateException_DuplicateUserName_Is_AlreadyExistsException" storage="d:\actions-runner\_work\xpco\xpco\allsolutions\..\common\videoos.identityserver.common\videoos.identityserver.common.unittests\bin\debug\net6.0-windows\videoos.identityserver.common.unittests.dll" id="7f2480da-8572-1058-bed9-d76ee4f460a4">
      <Execution id="5d4d5c68-3371-440d-b4e8-d92d885bc81d" />
      <TestMethod codeBase="D:\actions-runner\_work\XPCO\XPCO\AllSolutions\..\Common\VideoOS.IdentityServer.Common\VideoOS.IdentityServer.Common.UnitTests\bin\Debug\net6.0-windows\VideoOS.IdentityServer.Common.UnitTests.dll" adapterTypeName="executor://mstestadapter/v2" className="VideoOS.IdentityServer.Common.UnitTests.Exceptions.IdpExceptionFactoryTests" name="CreateException_DuplicateUserName_Is_AlreadyExistsException" />
    </UnitTest>
    <UnitTest name="Start_TimeToTokenExpireOver5min_ReturnsCachedToken" storage="d:\actions-runner\_work\xpco\xpco\allsolutions\..\common\videoos.identityserver.common\videoos.identityserver.common.unittests\bin\debug\net6.0-windows\videoos.identityserver.common.unittests.dll" id="0c73a1ad-6206-0874-edea-ce6d1ddf48e7">
      <Execution id="b0ff490b-32e1-475c-94fd-7bcfe677acce" />
      <TestMethod codeBase="D:\actions-runner\_work\XPCO\XPCO\AllSolutions\..\Common\VideoOS.IdentityServer.Common\VideoOS.IdentityServer.Common.UnitTests\bin\Debug\net6.0-windows\VideoOS.IdentityServer.Common.UnitTests.dll" adapterTypeName="executor://mstestadapter/v2" className="VideoOS.IdentityServer.Common.UnitTests.Handlers.IdentityServerToken.SimpleTokenCacheTests" name="Start_TimeToTokenExpireOver5min_ReturnsCachedToken" />
    </UnitTest>
    <UnitTest name="CreateException_OtherError_Throws_DefaultErrorException" storage="d:\actions-runner\_work\xpco\xpco\allsolutions\..\common\videoos.identityserver.common\videoos.identityserver.common.unittests\bin\debug\net6.0-windows\videoos.identityserver.common.unittests.dll" id="6527d399-3c52-8422-d90f-6c83c08b6874">
      <Execution id="acf39479-03aa-45b6-bb8c-f268022f2a01" />
      <TestMethod codeBase="D:\actions-runner\_work\XPCO\XPCO\AllSolutions\..\Common\VideoOS.IdentityServer.Common\VideoOS.IdentityServer.Common.UnitTests\bin\Debug\net6.0-windows\VideoOS.IdentityServer.Common.UnitTests.dll" adapterTypeName="executor://mstestadapter/v2" className="VideoOS.IdentityServer.Common.UnitTests.Exceptions.IdpExceptionFactoryTests" name="CreateException_OtherError_Throws_DefaultErrorException" />
    </UnitTest>
    <UnitTest name="HttpGetResult_Constructor_Success" storage="d:\actions-runner\_work\xpco\xpco\allsolutions\..\common\videoos.identityserver.common\videoos.identityserver.common.unittests\bin\debug\net6.0-windows\videoos.identityserver.common.unittests.dll" id="a6c86e7f-3cba-5a70-e72e-8210186f640d">
      <Execution id="6193517c-77ed-4bc3-aee3-f6d71f7a2d9d" />
      <TestMethod codeBase="D:\actions-runner\_work\XPCO\XPCO\AllSolutions\..\Common\VideoOS.IdentityServer.Common\VideoOS.IdentityServer.Common.UnitTests\bin\Debug\net6.0-windows\VideoOS.IdentityServer.Common.UnitTests.dll" adapterTypeName="executor://mstestadapter/v2" className="VideoOS.IdentityServer.Common.UnitTests.Utilities.ServerValidation.HttpGetResultTests" name="HttpGetResult_Constructor_Success" />
    </UnitTest>
    <UnitTest name="Constructor_NullRequestedScopes_ThrowsArgumentNullException" storage="d:\actions-runner\_work\xpco\xpco\allsolutions\..\common\videoos.identityserver.common\videoos.identityserver.common.unittests\bin\debug\net6.0-windows\videoos.identityserver.common.unittests.dll" id="11e2d426-0f64-e877-4f88-684b98f80094">
      <Execution id="119bf459-0466-4e70-9d0e-210c71317dfb" />
      <TestMethod codeBase="D:\actions-runner\_work\XPCO\XPCO\AllSolutions\..\Common\VideoOS.IdentityServer.Common\VideoOS.IdentityServer.Common.UnitTests\bin\Debug\net6.0-windows\VideoOS.IdentityServer.Common.UnitTests.dll" adapterTypeName="executor://mstestadapter/v2" className="VideoOS.IdentityServer.Common.UnitTests.Utilities.Tokens.IdpTokenRetrieverTests" name="Constructor_NullRequestedScopes_ThrowsArgumentNullException" />
    </UnitTest>
    <UnitTest name="Construct_UsesLargeCustomTimeout_Success" storage="d:\actions-runner\_work\xpco\xpco\allsolutions\..\common\videoos.identityserver.common\videoos.identityserver.common.unittests\bin\debug\net6.0-windows\videoos.identityserver.common.unittests.dll" id="0f27abe8-3384-6920-a039-76a637899eb2">
      <Execution id="03af8b54-466c-4abe-8030-2e0ddcf9e077" />
      <TestMethod codeBase="D:\actions-runner\_work\XPCO\XPCO\AllSolutions\..\Common\VideoOS.IdentityServer.Common\VideoOS.IdentityServer.Common.UnitTests\bin\Debug\net6.0-windows\VideoOS.IdentityServer.Common.UnitTests.dll" adapterTypeName="executor://mstestadapter/v2" className="VideoOS.IdentityServer.Common.UnitTests.Utilities.SslVerificationTests" name="Construct_UsesLargeCustomTimeout_Success" />
    </UnitTest>
    <UnitTest name="CreateException_PasswordRequiresNonAlphanumeric_Is_PasswordNotComplexEnoughException" storage="d:\actions-runner\_work\xpco\xpco\allsolutions\..\common\videoos.identityserver.common\videoos.identityserver.common.unittests\bin\debug\net6.0-windows\videoos.identityserver.common.unittests.dll" id="cb7249c8-dcf7-5d04-d8a1-9ce11225ac6e">
      <Execution id="51acaf0a-3290-4f29-aedf-2fd191facc96" />
      <TestMethod codeBase="D:\actions-runner\_work\XPCO\XPCO\AllSolutions\..\Common\VideoOS.IdentityServer.Common\VideoOS.IdentityServer.Common.UnitTests\bin\Debug\net6.0-windows\VideoOS.IdentityServer.Common.UnitTests.dll" adapterTypeName="executor://mstestadapter/v2" className="VideoOS.IdentityServer.Common.UnitTests.Exceptions.IdpExceptionFactoryTests" name="CreateException_PasswordRequiresNonAlphanumeric_Is_PasswordNotComplexEnoughException" />
    </UnitTest>
    <UnitTest name="GetTokenResponseAsync_HttpStatusIsNotOk_IdpExceptionIsThrown" storage="d:\actions-runner\_work\xpco\xpco\allsolutions\..\common\videoos.identityserver.common\videoos.identityserver.common.unittests\bin\debug\net6.0-windows\videoos.identityserver.common.unittests.dll" id="355371bd-45fe-c229-5034-898ad04eb1dc">
      <Execution id="4d45e017-3b5e-4bb7-8eeb-d8da3280684d" />
      <TestMethod codeBase="D:\actions-runner\_work\XPCO\XPCO\AllSolutions\..\Common\VideoOS.IdentityServer.Common\VideoOS.IdentityServer.Common.UnitTests\bin\Debug\net6.0-windows\VideoOS.IdentityServer.Common.UnitTests.dll" adapterTypeName="executor://mstestadapter/v2" className="VideoOS.IdentityServer.Common.UnitTests.ExchangeTokenHandlerTests" name="GetTokenResponseAsync_HttpStatusIsNotOk_IdpExceptionIsThrown" />
    </UnitTest>
    <UnitTest name="Constructor_EmptyProvider_ThrowsArgumentNullException" storage="d:\actions-runner\_work\xpco\xpco\allsolutions\..\common\videoos.identityserver.common\videoos.identityserver.common.unittests\bin\debug\net6.0-windows\videoos.identityserver.common.unittests.dll" id="27aea1a6-1e4c-b203-2089-de14d612090c">
      <Execution id="134af2bc-fcf6-4c25-991b-e90b6ef57e7a" />
      <TestMethod codeBase="D:\actions-runner\_work\XPCO\XPCO\AllSolutions\..\Common\VideoOS.IdentityServer.Common\VideoOS.IdentityServer.Common.UnitTests\bin\Debug\net6.0-windows\VideoOS.IdentityServer.Common.UnitTests.dll" adapterTypeName="executor://mstestadapter/v2" className="VideoOS.IdentityServer.Common.UnitTests.ExternalTokenHandlerTests" name="Constructor_EmptyProvider_ThrowsArgumentNullException" />
    </UnitTest>
    <UnitTest name="RegisterAuthorizationCodeClient_ResponseHasSuccessfulStatusCode_CorrectRequestUriIsPassedWithoutSecret" storage="d:\actions-runner\_work\xpco\xpco\allsolutions\..\common\videoos.identityserver.common\videoos.identityserver.common.unittests\bin\debug\net6.0-windows\videoos.identityserver.common.unittests.dll" id="dedf70a5-f131-d84f-4234-6a5051d02528">
      <Execution id="7a6f419c-48af-4bcb-903f-899888de1c6e" />
      <TestMethod codeBase="D:\actions-runner\_work\XPCO\XPCO\AllSolutions\..\Common\VideoOS.IdentityServer.Common\VideoOS.IdentityServer.Common.UnitTests\bin\Debug\net6.0-windows\VideoOS.IdentityServer.Common.UnitTests.dll" adapterTypeName="executor://mstestadapter/v2" className="VideoOS.IdentityServer.Common.UnitTests.IdpRegistrationClientTests" name="RegisterAuthorizationCodeClient_ResponseHasSuccessfulStatusCode_CorrectRequestUriIsPassedWithoutSecret" />
    </UnitTest>
    <UnitTest name="UserName_HasNameClaim_ReturnsUserName" storage="d:\actions-runner\_work\xpco\xpco\allsolutions\..\common\videoos.identityserver.common\videoos.identityserver.common.unittests\bin\debug\net6.0-windows\videoos.identityserver.common.unittests.dll" id="2a8032ec-2494-843d-f098-18bbc743b65d">
      <Execution id="353d17c2-660d-42f8-94fc-a5153d95ca8f" />
      <TestMethod codeBase="D:\actions-runner\_work\XPCO\XPCO\AllSolutions\..\Common\VideoOS.IdentityServer.Common\VideoOS.IdentityServer.Common.UnitTests\bin\Debug\net6.0-windows\VideoOS.IdentityServer.Common.UnitTests.dll" adapterTypeName="executor://mstestadapter/v2" className="VideoOS.IdentityServer.Common.UnitTests.Handlers.TokenCacheTests" name="UserName_HasNameClaim_ReturnsUserName" />
    </UnitTest>
    <UnitTest name="CreateException_InvalidRoleName_Is_InvalidNameException" storage="d:\actions-runner\_work\xpco\xpco\allsolutions\..\common\videoos.identityserver.common\videoos.identityserver.common.unittests\bin\debug\net6.0-windows\videoos.identityserver.common.unittests.dll" id="00ff095b-4bc6-db53-f938-6a37bc01f46b">
      <Execution id="5e82c344-bee3-4acb-9b14-e18b4fab3995" />
      <TestMethod codeBase="D:\actions-runner\_work\XPCO\XPCO\AllSolutions\..\Common\VideoOS.IdentityServer.Common\VideoOS.IdentityServer.Common.UnitTests\bin\Debug\net6.0-windows\VideoOS.IdentityServer.Common.UnitTests.dll" adapterTypeName="executor://mstestadapter/v2" className="VideoOS.IdentityServer.Common.UnitTests.Exceptions.IdpExceptionFactoryTests" name="CreateException_InvalidRoleName_Is_InvalidNameException" />
    </UnitTest>
    <UnitTest name="CreateException_401_Is_UnauthorizedException" storage="d:\actions-runner\_work\xpco\xpco\allsolutions\..\common\videoos.identityserver.common\videoos.identityserver.common.unittests\bin\debug\net6.0-windows\videoos.identityserver.common.unittests.dll" id="5fc9fa5a-5fe3-b72e-18ec-1d655d4e8290">
      <Execution id="43e8d6a7-6282-4d6d-9796-a8bfe1fea424" />
      <TestMethod codeBase="D:\actions-runner\_work\XPCO\XPCO\AllSolutions\..\Common\VideoOS.IdentityServer.Common\VideoOS.IdentityServer.Common.UnitTests\bin\Debug\net6.0-windows\VideoOS.IdentityServer.Common.UnitTests.dll" adapterTypeName="executor://mstestadapter/v2" className="VideoOS.IdentityServer.Common.UnitTests.Exceptions.IdpExceptionFactoryTests" name="CreateException_401_Is_UnauthorizedException" />
    </UnitTest>
    <UnitTest name="RegisterAuthorizationCodeClient_RedirectUrisIsNull_ThrowArgumentException" storage="d:\actions-runner\_work\xpco\xpco\allsolutions\..\common\videoos.identityserver.common\videoos.identityserver.common.unittests\bin\debug\net6.0-windows\videoos.identityserver.common.unittests.dll" id="bf3dc991-3368-6005-a716-c4582669d18a">
      <Execution id="b969d247-8cb5-44d2-972e-a0e5a73d9834" />
      <TestMethod codeBase="D:\actions-runner\_work\XPCO\XPCO\AllSolutions\..\Common\VideoOS.IdentityServer.Common\VideoOS.IdentityServer.Common.UnitTests\bin\Debug\net6.0-windows\VideoOS.IdentityServer.Common.UnitTests.dll" adapterTypeName="executor://mstestadapter/v2" className="VideoOS.IdentityServer.Common.UnitTests.IdpRegistrationClientTests" name="RegisterAuthorizationCodeClient_RedirectUrisIsNull_ThrowArgumentException" />
    </UnitTest>
    <UnitTest name="ResourceOwnerAuthenticationAsync_StatusCodeOk_TokenResponseWithTokenIsReturned" storage="d:\actions-runner\_work\xpco\xpco\allsolutions\..\common\videoos.identityserver.common\videoos.identityserver.common.unittests\bin\debug\net6.0-windows\videoos.identityserver.common.unittests.dll" id="abd81a1c-e3b4-bebe-d21f-4ca159588c70">
      <Execution id="a3bd2c1a-c438-4235-a9ff-637c6f4242dc" />
      <TestMethod codeBase="D:\actions-runner\_work\XPCO\XPCO\AllSolutions\..\Common\VideoOS.IdentityServer.Common\VideoOS.IdentityServer.Common.UnitTests\bin\Debug\net6.0-windows\VideoOS.IdentityServer.Common.UnitTests.dll" adapterTypeName="executor://mstestadapter/v2" className="VideoOS.IdentityServer.Common.UnitTests.IdpTokenClientTests" name="ResourceOwnerAuthenticationAsync_StatusCodeOk_TokenResponseWithTokenIsReturned" />
    </UnitTest>
    <UnitTest name="CreateException_ErrorStrongPassword_Is_PasswordNotComplexEnoughException" storage="d:\actions-runner\_work\xpco\xpco\allsolutions\..\common\videoos.identityserver.common\videoos.identityserver.common.unittests\bin\debug\net6.0-windows\videoos.identityserver.common.unittests.dll" id="79bdc8ed-4f4b-9849-1ddd-b15e09b27525">
      <Execution id="99ca0672-5854-4c91-9737-9c02e0629894" />
      <TestMethod codeBase="D:\actions-runner\_work\XPCO\XPCO\AllSolutions\..\Common\VideoOS.IdentityServer.Common\VideoOS.IdentityServer.Common.UnitTests\bin\Debug\net6.0-windows\VideoOS.IdentityServer.Common.UnitTests.dll" adapterTypeName="executor://mstestadapter/v2" className="VideoOS.IdentityServer.Common.UnitTests.Exceptions.IdpExceptionFactoryTests" name="CreateException_ErrorStrongPassword_Is_PasswordNotComplexEnoughException" />
    </UnitTest>
    <UnitTest name="ValidateIdpServer_InvalidSslConfiguration_ShouldThrow" storage="d:\actions-runner\_work\xpco\xpco\allsolutions\..\common\videoos.identityserver.common\videoos.identityserver.common.unittests\bin\debug\net6.0-windows\videoos.identityserver.common.unittests.dll" id="fcaeabd6-201c-a809-f13b-51e8e57f8ab1">
      <Execution id="d25505c2-451c-4372-9e8c-4247017dac24" />
      <TestMethod codeBase="D:\actions-runner\_work\XPCO\XPCO\AllSolutions\..\Common\VideoOS.IdentityServer.Common\VideoOS.IdentityServer.Common.UnitTests\bin\Debug\net6.0-windows\VideoOS.IdentityServer.Common.UnitTests.dll" adapterTypeName="executor://mstestadapter/v2" className="VideoOS.IdentityServer.Common.UnitTests.IdpDiscoveryServiceTests" name="ValidateIdpServer_InvalidSslConfiguration_ShouldThrow" />
    </UnitTest>
    <UnitTest name="Construct_WithException_ResponseWithException" storage="d:\actions-runner\_work\xpco\xpco\allsolutions\..\common\videoos.identityserver.common\videoos.identityserver.common.unittests\bin\debug\net6.0-windows\videoos.identityserver.common.unittests.dll" id="e1b36847-cc65-e739-8fc1-4c65074486c5">
      <Execution id="8fcd2e87-f561-47a8-9701-b5e4ccfc5640" />
      <TestMethod codeBase="D:\actions-runner\_work\XPCO\XPCO\AllSolutions\..\Common\VideoOS.IdentityServer.Common\VideoOS.IdentityServer.Common.UnitTests\bin\Debug\net6.0-windows\VideoOS.IdentityServer.Common.UnitTests.dll" adapterTypeName="executor://mstestadapter/v2" className="VideoOS.IdentityServer.Common.UnitTests.DiscoveryResponseTests" name="Construct_WithException_ResponseWithException" />
    </UnitTest>
    <UnitTest name="TokenCache_Constructor_ClientTokenSettings_ArgumentNullException" storage="d:\actions-runner\_work\xpco\xpco\allsolutions\..\common\videoos.identityserver.common\videoos.identityserver.common.unittests\bin\debug\net6.0-windows\videoos.identityserver.common.unittests.dll" id="9f0c86dc-a496-7741-858c-a11363a3da1a">
      <Execution id="352dbbb9-957c-49d9-86a2-614abf320db9" />
      <TestMethod codeBase="D:\actions-runner\_work\XPCO\XPCO\AllSolutions\..\Common\VideoOS.IdentityServer.Common\VideoOS.IdentityServer.Common.UnitTests\bin\Debug\net6.0-windows\VideoOS.IdentityServer.Common.UnitTests.dll" adapterTypeName="executor://mstestadapter/v2" className="VideoOS.IdentityServer.Common.UnitTests.Handlers.TokenCacheTests" name="TokenCache_Constructor_ClientTokenSettings_ArgumentNullException" />
    </UnitTest>
    <UnitTest name="ValidateToken_MetaDataLoadDelay_MetadataLoadDelayed" storage="d:\actions-runner\_work\xpco\xpco\allsolutions\..\common\videoos.identityserver.common\videoos.identityserver.common.unittests\bin\debug\net6.0-windows\videoos.identityserver.common.unittests.dll" id="2f309615-d38e-60ef-2c2d-0b95ad0a2a62">
      <Execution id="1f8f5094-8685-4feb-ab7d-8f567df57fe6" />
      <TestMethod codeBase="D:\actions-runner\_work\XPCO\XPCO\AllSolutions\..\Common\VideoOS.IdentityServer.Common\VideoOS.IdentityServer.Common.UnitTests\bin\Debug\net6.0-windows\VideoOS.IdentityServer.Common.UnitTests.dll" adapterTypeName="executor://mstestadapter/v2" className="VideoOS.IdentityServer.Common.UnitTests.JwtSecurityTokenValidatorWithConfigurationManagerTests" name="ValidateToken_MetaDataLoadDelay_MetadataLoadDelayed" />
    </UnitTest>
    <UnitTest name="ValidateToken_SignatureKeyNotFoundMinimumRefreshIntervalNotReached_RefreshNotRequested" storage="d:\actions-runner\_work\xpco\xpco\allsolutions\..\common\videoos.identityserver.common\videoos.identityserver.common.unittests\bin\debug\net6.0-windows\videoos.identityserver.common.unittests.dll" id="0d4bd5fb-a3e0-f3c1-4f95-139d2488ddad">
      <Execution id="84ccfe0f-4a3c-4c65-90ad-f2947663253e" />
      <TestMethod codeBase="D:\actions-runner\_work\XPCO\XPCO\AllSolutions\..\Common\VideoOS.IdentityServer.Common\VideoOS.IdentityServer.Common.UnitTests\bin\Debug\net6.0-windows\VideoOS.IdentityServer.Common.UnitTests.dll" adapterTypeName="executor://mstestadapter/v2" className="VideoOS.IdentityServer.Common.UnitTests.JwtSecurityTokenValidatorWithConfigurationManagerTests" name="ValidateToken_SignatureKeyNotFoundMinimumRefreshIntervalNotReached_RefreshNotRequested" />
    </UnitTest>
    <UnitTest name="HandleException_IdentityServerTokenException_ReturnsTrue" storage="d:\actions-runner\_work\xpco\xpco\allsolutions\..\common\videoos.identityserver.common\videoos.identityserver.common.unittests\bin\debug\net6.0-windows\videoos.identityserver.common.unittests.dll" id="78041a23-7bf7-db78-694f-dcf00358b174">
      <Execution id="b18a8cc4-8ebf-4e36-97b5-1bb842176956" />
      <TestMethod codeBase="D:\actions-runner\_work\XPCO\XPCO\AllSolutions\..\Common\VideoOS.IdentityServer.Common\VideoOS.IdentityServer.Common.UnitTests\bin\Debug\net6.0-windows\VideoOS.IdentityServer.Common.UnitTests.dll" adapterTypeName="executor://mstestadapter/v2" className="VideoOS.IdentityServer.Common.UnitTests.Utilities.ServerValidation.IdpExceptionHandlerTests" name="HandleException_IdentityServerTokenException_ReturnsTrue" />
    </UnitTest>
    <UnitTest name="GetAsync_CallCancelled_OperationCanceledException" storage="d:\actions-runner\_work\xpco\xpco\allsolutions\..\common\videoos.identityserver.common\videoos.identityserver.common.unittests\bin\debug\net6.0-windows\videoos.identityserver.common.unittests.dll" id="cac73a53-b4ae-6c1b-3bae-7a153785b4c5">
      <Execution id="9510b87f-a37f-4136-a541-7393e90878a6" />
      <TestMethod codeBase="D:\actions-runner\_work\XPCO\XPCO\AllSolutions\..\Common\VideoOS.IdentityServer.Common\VideoOS.IdentityServer.Common.UnitTests\bin\Debug\net6.0-windows\VideoOS.IdentityServer.Common.UnitTests.dll" adapterTypeName="executor://mstestadapter/v2" className="VideoOS.IdentityServer.Common.UnitTests.DiscoveryClientTests" name="GetAsync_CallCancelled_OperationCanceledException" />
    </UnitTest>
    <UnitTest name="GetClaimValue_IdTokenRetrieved_ClaimNotThere_ReturnsNull" storage="d:\actions-runner\_work\xpco\xpco\allsolutions\..\common\videoos.identityserver.common\videoos.identityserver.common.unittests\bin\debug\net6.0-windows\videoos.identityserver.common.unittests.dll" id="7a8926d4-b9a3-8330-c659-fa45110afd0c">
      <Execution id="34568d56-9691-4a15-ab51-63a15c72c2de" />
      <TestMethod codeBase="D:\actions-runner\_work\XPCO\XPCO\AllSolutions\..\Common\VideoOS.IdentityServer.Common\VideoOS.IdentityServer.Common.UnitTests\bin\Debug\net6.0-windows\VideoOS.IdentityServer.Common.UnitTests.dll" adapterTypeName="executor://mstestadapter/v2" className="VideoOS.IdentityServer.Common.UnitTests.Handlers.TokenCacheTests" name="GetClaimValue_IdTokenRetrieved_ClaimNotThere_ReturnsNull" />
    </UnitTest>
    <UnitTest name="Dispose_IDisposableTokenHandler_Success" storage="d:\actions-runner\_work\xpco\xpco\allsolutions\..\common\videoos.identityserver.common\videoos.identityserver.common.unittests\bin\debug\net6.0-windows\videoos.identityserver.common.unittests.dll" id="edadc8c2-2e6c-d240-0235-8c3d78f18004">
      <Execution id="cc467e5b-abe8-4fa1-8deb-01ad58bc09f6" />
      <TestMethod codeBase="D:\actions-runner\_work\XPCO\XPCO\AllSolutions\..\Common\VideoOS.IdentityServer.Common\VideoOS.IdentityServer.Common.UnitTests\bin\Debug\net6.0-windows\VideoOS.IdentityServer.Common.UnitTests.dll" adapterTypeName="executor://mstestadapter/v2" className="VideoOS.IdentityServer.Common.UnitTests.Handlers.IdentityServerToken.SimpleTokenCacheTests" name="Dispose_IDisposableTokenHandler_Success" />
    </UnitTest>
    <UnitTest name="TokenCache_Constructor_Secret_ArgumentNullException" storage="d:\actions-runner\_work\xpco\xpco\allsolutions\..\common\videoos.identityserver.common\videoos.identityserver.common.unittests\bin\debug\net6.0-windows\videoos.identityserver.common.unittests.dll" id="ebe888ba-3631-12b0-9554-250fe8da03f0">
      <Execution id="f86ac9f0-3f67-450b-8f11-57ca0e3178c1" />
      <TestMethod codeBase="D:\actions-runner\_work\XPCO\XPCO\AllSolutions\..\Common\VideoOS.IdentityServer.Common\VideoOS.IdentityServer.Common.UnitTests\bin\Debug\net6.0-windows\VideoOS.IdentityServer.Common.UnitTests.dll" adapterTypeName="executor://mstestadapter/v2" className="VideoOS.IdentityServer.Common.UnitTests.Handlers.TokenCacheTests" name="TokenCache_Constructor_Secret_ArgumentNullException" />
    </UnitTest>
    <UnitTest name="GetAsync_MultipleSuccessfulResponses_FirstIsReturned" storage="d:\actions-runner\_work\xpco\xpco\allsolutions\..\common\videoos.identityserver.common\videoos.identityserver.common.unittests\bin\debug\net6.0-windows\videoos.identityserver.common.unittests.dll" id="723220bc-f6bc-2344-fd48-d0edbe583623">
      <Execution id="8a9fa3fb-ac49-42da-a702-5591d31e140b" />
      <TestMethod codeBase="D:\actions-runner\_work\XPCO\XPCO\AllSolutions\..\Common\VideoOS.IdentityServer.Common\VideoOS.IdentityServer.Common.UnitTests\bin\Debug\net6.0-windows\VideoOS.IdentityServer.Common.UnitTests.dll" adapterTypeName="executor://mstestadapter/v2" className="VideoOS.IdentityServer.Common.UnitTests.DiscoveryClientTests" name="GetAsync_MultipleSuccessfulResponses_FirstIsReturned" />
    </UnitTest>
    <UnitTest name="Constructor_NullHttpClient_ThrowArgumentNullException" storage="d:\actions-runner\_work\xpco\xpco\allsolutions\..\common\videoos.identityserver.common\videoos.identityserver.common.unittests\bin\debug\net6.0-windows\videoos.identityserver.common.unittests.dll" id="f6233300-4bb5-ebc3-fb67-68daee71e649">
      <Execution id="e0edeb96-27e7-428c-80be-6ff01b7bc551" />
      <TestMethod codeBase="D:\actions-runner\_work\XPCO\XPCO\AllSolutions\..\Common\VideoOS.IdentityServer.Common\VideoOS.IdentityServer.Common.UnitTests\bin\Debug\net6.0-windows\VideoOS.IdentityServer.Common.UnitTests.dll" adapterTypeName="executor://mstestadapter/v2" className="VideoOS.IdentityServer.Common.UnitTests.ExchangeTokenHandlerTests" name="Constructor_NullHttpClient_ThrowArgumentNullException" />
    </UnitTest>
    <UnitTest name="GetAsync_AllCallsFailed_DiscoveryResponsesForAll" storage="d:\actions-runner\_work\xpco\xpco\allsolutions\..\common\videoos.identityserver.common\videoos.identityserver.common.unittests\bin\debug\net6.0-windows\videoos.identityserver.common.unittests.dll" id="5e0c0b16-1156-1376-f6f0-3908d3a2cb3b">
      <Execution id="cf7d65f6-5263-4162-9341-a42e2b472a95" />
      <TestMethod codeBase="D:\actions-runner\_work\XPCO\XPCO\AllSolutions\..\Common\VideoOS.IdentityServer.Common\VideoOS.IdentityServer.Common.UnitTests\bin\Debug\net6.0-windows\VideoOS.IdentityServer.Common.UnitTests.dll" adapterTypeName="executor://mstestadapter/v2" className="VideoOS.IdentityServer.Common.UnitTests.DiscoveryClientTests" name="GetAsync_AllCallsFailed_DiscoveryResponsesForAll" />
    </UnitTest>
    <UnitTest name="RegisterAuthorizationCodeClient_RedirectUrisIsEmpty_ThrowArgumentException" storage="d:\actions-runner\_work\xpco\xpco\allsolutions\..\common\videoos.identityserver.common\videoos.identityserver.common.unittests\bin\debug\net6.0-windows\videoos.identityserver.common.unittests.dll" id="aac9aae4-033c-5a4d-bf6f-6c295840a3fd">
      <Execution id="f2f29222-22cd-4aeb-992b-a9690afe7dbf" />
      <TestMethod codeBase="D:\actions-runner\_work\XPCO\XPCO\AllSolutions\..\Common\VideoOS.IdentityServer.Common\VideoOS.IdentityServer.Common.UnitTests\bin\Debug\net6.0-windows\VideoOS.IdentityServer.Common.UnitTests.dll" adapterTypeName="executor://mstestadapter/v2" className="VideoOS.IdentityServer.Common.UnitTests.IdpRegistrationClientTests" name="RegisterAuthorizationCodeClient_RedirectUrisIsEmpty_ThrowArgumentException" />
    </UnitTest>
    <UnitTest name="RegisterClient_ScopesAreNull_ThrowArgumentNullException" storage="d:\actions-runner\_work\xpco\xpco\allsolutions\..\common\videoos.identityserver.common\videoos.identityserver.common.unittests\bin\debug\net6.0-windows\videoos.identityserver.common.unittests.dll" id="2c3c5b9a-85d3-0ea3-3ec1-f527226951f2">
      <Execution id="0968bed7-c005-4b21-b174-f16f257e7a6c" />
      <TestMethod codeBase="D:\actions-runner\_work\XPCO\XPCO\AllSolutions\..\Common\VideoOS.IdentityServer.Common\VideoOS.IdentityServer.Common.UnitTests\bin\Debug\net6.0-windows\VideoOS.IdentityServer.Common.UnitTests.dll" adapterTypeName="executor://mstestadapter/v2" className="VideoOS.IdentityServer.Common.UnitTests.IdpRegistrationClientTests" name="RegisterClient_ScopesAreNull_ThrowArgumentNullException" />
    </UnitTest>
    <UnitTest name="Constructor_SecretIsNull_ThrowArgumentNullException" storage="d:\actions-runner\_work\xpco\xpco\allsolutions\..\common\videoos.identityserver.common\videoos.identityserver.common.unittests\bin\debug\net6.0-windows\videoos.identityserver.common.unittests.dll" id="17a16fc5-4fe6-49ea-a991-631fada3d645">
      <Execution id="3682905b-eedf-4dc3-8151-264860c7731a" />
      <TestMethod codeBase="D:\actions-runner\_work\XPCO\XPCO\AllSolutions\..\Common\VideoOS.IdentityServer.Common\VideoOS.IdentityServer.Common.UnitTests\bin\Debug\net6.0-windows\VideoOS.IdentityServer.Common.UnitTests.dll" adapterTypeName="executor://mstestadapter/v2" className="VideoOS.IdentityServer.Common.UnitTests.IdentityServerTokenHandlerTests" name="Constructor_SecretIsNull_ThrowArgumentNullException" />
    </UnitTest>
    <UnitTest name="CreateException_InvalidCredentials_Is_ChangePasswordException" storage="d:\actions-runner\_work\xpco\xpco\allsolutions\..\common\videoos.identityserver.common\videoos.identityserver.common.unittests\bin\debug\net6.0-windows\videoos.identityserver.common.unittests.dll" id="ee1e7c2b-0cb3-69aa-1c3e-150a4187ed3e">
      <Execution id="2a9cc362-3338-4d38-973e-7e5ce74fcb4c" />
      <TestMethod codeBase="D:\actions-runner\_work\XPCO\XPCO\AllSolutions\..\Common\VideoOS.IdentityServer.Common\VideoOS.IdentityServer.Common.UnitTests\bin\Debug\net6.0-windows\VideoOS.IdentityServer.Common.UnitTests.dll" adapterTypeName="executor://mstestadapter/v2" className="VideoOS.IdentityServer.Common.UnitTests.Exceptions.IdpExceptionFactoryTests" name="CreateException_InvalidCredentials_Is_ChangePasswordException" />
    </UnitTest>
    <UnitTest name="RegisterAuthorizationCodeClientWithToken_ClientIdIsNull_ThrowArgumentException" storage="d:\actions-runner\_work\xpco\xpco\allsolutions\..\common\videoos.identityserver.common\videoos.identityserver.common.unittests\bin\debug\net6.0-windows\videoos.identityserver.common.unittests.dll" id="5350274c-91fb-610e-856e-3415f7a1fa83">
      <Execution id="248cef3a-7f17-49ed-bb9f-25356d35ef01" />
      <TestMethod codeBase="D:\actions-runner\_work\XPCO\XPCO\AllSolutions\..\Common\VideoOS.IdentityServer.Common\VideoOS.IdentityServer.Common.UnitTests\bin\Debug\net6.0-windows\VideoOS.IdentityServer.Common.UnitTests.dll" adapterTypeName="executor://mstestadapter/v2" className="VideoOS.IdentityServer.Common.UnitTests.IdpRegistrationClientTests" name="RegisterAuthorizationCodeClientWithToken_ClientIdIsNull_ThrowArgumentException" />
    </UnitTest>
    <UnitTest name="GetTokenResponseAsync_TokenResponseIsReturned" storage="d:\actions-runner\_work\xpco\xpco\allsolutions\..\common\videoos.identityserver.common\videoos.identityserver.common.unittests\bin\debug\net6.0-windows\videoos.identityserver.common.unittests.dll" id="87c632ab-1f7d-93ea-f769-4737e54aa158">
      <Execution id="5bc571dd-91f3-41f4-b09e-a418cccc110a" />
      <TestMethod codeBase="D:\actions-runner\_work\XPCO\XPCO\AllSolutions\..\Common\VideoOS.IdentityServer.Common\VideoOS.IdentityServer.Common.UnitTests\bin\Debug\net6.0-windows\VideoOS.IdentityServer.Common.UnitTests.dll" adapterTypeName="executor://mstestadapter/v2" className="VideoOS.IdentityServer.Common.UnitTests.ExchangeTokenHandlerTests" name="GetTokenResponseAsync_TokenResponseIsReturned" />
    </UnitTest>
    <UnitTest name="HasValidScheme_UriIsHttp_ReturnsTrue" storage="d:\actions-runner\_work\xpco\xpco\allsolutions\..\common\videoos.identityserver.common\videoos.identityserver.common.unittests\bin\debug\net6.0-windows\videoos.identityserver.common.unittests.dll" id="a844f451-0f87-c9e5-8ca9-902b45b90314">
      <Execution id="ab3cffce-d8cc-4209-92d3-1ae0d598b73c" />
      <TestMethod codeBase="D:\actions-runner\_work\XPCO\XPCO\AllSolutions\..\Common\VideoOS.IdentityServer.Common\VideoOS.IdentityServer.Common.UnitTests\bin\Debug\net6.0-windows\VideoOS.IdentityServer.Common.UnitTests.dll" adapterTypeName="executor://mstestadapter/v2" className="VideoOS.IdentityServer.Common.UnitTests.Utilities.ServerValidation.UriExtenderTests" name="HasValidScheme_UriIsHttp_ReturnsTrue" />
    </UnitTest>
    <UnitTest name="CreateException_PasswordRequiresUniqueChars_Is_PasswordNotComplexEnoughException" storage="d:\actions-runner\_work\xpco\xpco\allsolutions\..\common\videoos.identityserver.common\videoos.identityserver.common.unittests\bin\debug\net6.0-windows\videoos.identityserver.common.unittests.dll" id="6aef1b61-0dc3-b6ce-7dbd-e4e62a370ac5">
      <Execution id="1190680f-c798-47f0-b1c6-2c35b4d55bb2" />
      <TestMethod codeBase="D:\actions-runner\_work\XPCO\XPCO\AllSolutions\..\Common\VideoOS.IdentityServer.Common\VideoOS.IdentityServer.Common.UnitTests\bin\Debug\net6.0-windows\VideoOS.IdentityServer.Common.UnitTests.dll" adapterTypeName="executor://mstestadapter/v2" className="VideoOS.IdentityServer.Common.UnitTests.Exceptions.IdpExceptionFactoryTests" name="CreateException_PasswordRequiresUniqueChars_Is_PasswordNotComplexEnoughException" />
    </UnitTest>
    <UnitTest name="IsTokenExpired_TokenExpiration_ExpiredReturnTrueNotExpiredReturnFalse (-1,True)" storage="d:\actions-runner\_work\xpco\xpco\allsolutions\..\common\videoos.identityserver.common\videoos.identityserver.common.unittests\bin\debug\net6.0-windows\videoos.identityserver.common.unittests.dll" id="eebc5e3a-189f-1094-2ac2-60219fea23b5">
      <Execution id="434268e5-c060-4c8a-b69c-c8c322765aa8" />
      <TestMethod codeBase="D:\actions-runner\_work\XPCO\XPCO\AllSolutions\..\Common\VideoOS.IdentityServer.Common\VideoOS.IdentityServer.Common.UnitTests\bin\Debug\net6.0-windows\VideoOS.IdentityServer.Common.UnitTests.dll" adapterTypeName="executor://mstestadapter/v2" className="VideoOS.IdentityServer.Common.UnitTests.Handlers.IdentityServerToken.SimpleTokenCacheTests" name="IsTokenExpired_TokenExpiration_ExpiredReturnTrueNotExpiredReturnFalse" />
    </UnitTest>
    <UnitTest name="Start_StopTimerCalled_Success" storage="d:\actions-runner\_work\xpco\xpco\allsolutions\..\common\videoos.identityserver.common\videoos.identityserver.common.unittests\bin\debug\net6.0-windows\videoos.identityserver.common.unittests.dll" id="09372ef8-08d3-01fe-20c8-b7c4bfe94b6c">
      <Execution id="5f371fc1-aac0-4a8c-baf3-26a143205945" />
      <TestMethod codeBase="D:\actions-runner\_work\XPCO\XPCO\AllSolutions\..\Common\VideoOS.IdentityServer.Common\VideoOS.IdentityServer.Common.UnitTests\bin\Debug\net6.0-windows\VideoOS.IdentityServer.Common.UnitTests.dll" adapterTypeName="executor://mstestadapter/v2" className="VideoOS.IdentityServer.Common.UnitTests.Handlers.TokenCacheTests" name="Start_StopTimerCalled_Success" />
    </UnitTest>
    <UnitTest name="HandleException_WebException_Status_ConnectionClosed_ReturnsTrue" storage="d:\actions-runner\_work\xpco\xpco\allsolutions\..\common\videoos.identityserver.common\videoos.identityserver.common.unittests\bin\debug\net6.0-windows\videoos.identityserver.common.unittests.dll" id="160926a9-6be8-e16e-5ee4-6d69f6901085">
      <Execution id="e0ac7395-9139-45e1-9cc5-d133cd7a2b0a" />
      <TestMethod codeBase="D:\actions-runner\_work\XPCO\XPCO\AllSolutions\..\Common\VideoOS.IdentityServer.Common\VideoOS.IdentityServer.Common.UnitTests\bin\Debug\net6.0-windows\VideoOS.IdentityServer.Common.UnitTests.dll" adapterTypeName="executor://mstestadapter/v2" className="VideoOS.IdentityServer.Common.UnitTests.Utilities.ServerValidation.IdpExceptionHandlerTests" name="HandleException_WebException_Status_ConnectionClosed_ReturnsTrue" />
    </UnitTest>
    <UnitTest name="CreateException_ArgumentsNotResolved_Is_BadArgumentsException" storage="d:\actions-runner\_work\xpco\xpco\allsolutions\..\common\videoos.identityserver.common\videoos.identityserver.common.unittests\bin\debug\net6.0-windows\videoos.identityserver.common.unittests.dll" id="deca3051-566c-ab49-e061-aefe5abff9fe">
      <Execution id="66b69e92-aca4-4205-bd2f-86ca23ae2ab8" />
      <TestMethod codeBase="D:\actions-runner\_work\XPCO\XPCO\AllSolutions\..\Common\VideoOS.IdentityServer.Common\VideoOS.IdentityServer.Common.UnitTests\bin\Debug\net6.0-windows\VideoOS.IdentityServer.Common.UnitTests.dll" adapterTypeName="executor://mstestadapter/v2" className="VideoOS.IdentityServer.Common.UnitTests.Exceptions.IdpExceptionFactoryTests" name="CreateException_ArgumentsNotResolved_Is_BadArgumentsException" />
    </UnitTest>
    <UnitTest name="BasicOpenAuthenticationHeaderValue_Constructor_NullPassword" storage="d:\actions-runner\_work\xpco\xpco\allsolutions\..\common\videoos.identityserver.common\videoos.identityserver.common.unittests\bin\debug\net6.0-windows\videoos.identityserver.common.unittests.dll" id="a2c96cce-3d64-0619-9c0f-87d54f8eee1b">
      <Execution id="e8c09d5a-82bc-4914-83eb-863552eadfef" />
      <TestMethod codeBase="D:\actions-runner\_work\XPCO\XPCO\AllSolutions\..\Common\VideoOS.IdentityServer.Common\VideoOS.IdentityServer.Common.UnitTests\bin\Debug\net6.0-windows\VideoOS.IdentityServer.Common.UnitTests.dll" adapterTypeName="executor://mstestadapter/v2" className="VideoOS.IdentityServer.Common.UnitTests.BasicOpenAuthenticationHeaderValueTests" name="BasicOpenAuthenticationHeaderValue_Constructor_NullPassword" />
    </UnitTest>
    <UnitTest name="WindowsAuthenticationAsync_StatusCodeOk_TokenResponseWithTokenIsReturned" storage="d:\actions-runner\_work\xpco\xpco\allsolutions\..\common\videoos.identityserver.common\videoos.identityserver.common.unittests\bin\debug\net6.0-windows\videoos.identityserver.common.unittests.dll" id="76a3eda6-3598-ebb2-6b10-983e4fde7476">
      <Execution id="6540432b-fb71-427c-b12f-bb96477ceb06" />
      <TestMethod codeBase="D:\actions-runner\_work\XPCO\XPCO\AllSolutions\..\Common\VideoOS.IdentityServer.Common\VideoOS.IdentityServer.Common.UnitTests\bin\Debug\net6.0-windows\VideoOS.IdentityServer.Common.UnitTests.dll" adapterTypeName="executor://mstestadapter/v2" className="VideoOS.IdentityServer.Common.UnitTests.IdpTokenClientTests" name="WindowsAuthenticationAsync_StatusCodeOk_TokenResponseWithTokenIsReturned" />
    </UnitTest>
    <UnitTest name="Start_TimeToTokenExpireUnder5min_TriesToGetNewToken" storage="d:\actions-runner\_work\xpco\xpco\allsolutions\..\common\videoos.identityserver.common\videoos.identityserver.common.unittests\bin\debug\net6.0-windows\videoos.identityserver.common.unittests.dll" id="8a9bf480-5820-5db4-cbbc-995cdda4b03b">
      <Execution id="5dcc0c1d-4f49-457a-89a1-4ac67482634d" />
      <TestMethod codeBase="D:\actions-runner\_work\XPCO\XPCO\AllSolutions\..\Common\VideoOS.IdentityServer.Common\VideoOS.IdentityServer.Common.UnitTests\bin\Debug\net6.0-windows\VideoOS.IdentityServer.Common.UnitTests.dll" adapterTypeName="executor://mstestadapter/v2" className="VideoOS.IdentityServer.Common.UnitTests.Handlers.IdentityServerToken.SimpleTokenCacheTests" name="Start_TimeToTokenExpireUnder5min_TriesToGetNewToken" />
    </UnitTest>
    <UnitTest name="GetAsync_ErrorTypeAggregateException_ExceptionMessageFromInner" storage="d:\actions-runner\_work\xpco\xpco\allsolutions\..\common\videoos.identityserver.common\videoos.identityserver.common.unittests\bin\debug\net6.0-windows\videoos.identityserver.common.unittests.dll" id="3dc13ed3-005d-7721-2c63-eb85486517c8">
      <Execution id="66150637-787a-4caa-8edc-c89da013b0c3" />
      <TestMethod codeBase="D:\actions-runner\_work\XPCO\XPCO\AllSolutions\..\Common\VideoOS.IdentityServer.Common\VideoOS.IdentityServer.Common.UnitTests\bin\Debug\net6.0-windows\VideoOS.IdentityServer.Common.UnitTests.dll" adapterTypeName="executor://mstestadapter/v2" className="VideoOS.IdentityServer.Common.UnitTests.DiscoveryClientTests" name="GetAsync_ErrorTypeAggregateException_ExceptionMessageFromInner" />
    </UnitTest>
    <UnitTest name="IdpException_ErrorsProperty_IsAccessible" storage="d:\actions-runner\_work\xpco\xpco\allsolutions\..\common\videoos.identityserver.common\videoos.identityserver.common.unittests\bin\debug\net6.0-windows\videoos.identityserver.common.unittests.dll" id="151a3939-7178-7ca5-04d5-74b2e2ea473d">
      <Execution id="d8451032-2fa8-4b1f-a63d-7a71e33aba54" />
      <TestMethod codeBase="D:\actions-runner\_work\XPCO\XPCO\AllSolutions\..\Common\VideoOS.IdentityServer.Common\VideoOS.IdentityServer.Common.UnitTests\bin\Debug\net6.0-windows\VideoOS.IdentityServer.Common.UnitTests.dll" adapterTypeName="executor://mstestadapter/v2" className="VideoOS.IdentityServer.Common.UnitTests.Exceptions.IdpExceptionTests" name="IdpException_ErrorsProperty_IsAccessible" />
    </UnitTest>
    <UnitTest name="HasValidScheme_UriIsHostName_ReturnsFalse" storage="d:\actions-runner\_work\xpco\xpco\allsolutions\..\common\videoos.identityserver.common\videoos.identityserver.common.unittests\bin\debug\net6.0-windows\videoos.identityserver.common.unittests.dll" id="a01ac9ad-250e-dc3d-a656-c7b6a9fad9c5">
      <Execution id="62bc92cf-708f-4040-8231-44f35401407b" />
      <TestMethod codeBase="D:\actions-runner\_work\XPCO\XPCO\AllSolutions\..\Common\VideoOS.IdentityServer.Common\VideoOS.IdentityServer.Common.UnitTests\bin\Debug\net6.0-windows\VideoOS.IdentityServer.Common.UnitTests.dll" adapterTypeName="executor://mstestadapter/v2" className="VideoOS.IdentityServer.Common.UnitTests.Utilities.ServerValidation.UriExtenderTests" name="HasValidScheme_UriIsHostName_ReturnsFalse" />
    </UnitTest>
    <UnitTest name="CreateException_InvalidUserName_Is_InvalidNameException" storage="d:\actions-runner\_work\xpco\xpco\allsolutions\..\common\videoos.identityserver.common\videoos.identityserver.common.unittests\bin\debug\net6.0-windows\videoos.identityserver.common.unittests.dll" id="43ee071b-dfe1-26fb-3267-1ba3aa8a0a7a">
      <Execution id="ead3ace5-e48a-4de3-8e72-d97d4d3b94ea" />
      <TestMethod codeBase="D:\actions-runner\_work\XPCO\XPCO\AllSolutions\..\Common\VideoOS.IdentityServer.Common\VideoOS.IdentityServer.Common.UnitTests\bin\Debug\net6.0-windows\VideoOS.IdentityServer.Common.UnitTests.dll" adapterTypeName="executor://mstestadapter/v2" className="VideoOS.IdentityServer.Common.UnitTests.Exceptions.IdpExceptionFactoryTests" name="CreateException_InvalidUserName_Is_InvalidNameException" />
    </UnitTest>
    <UnitTest name="GetAsync_ErrorTypeHttp_DiscoveryResponseIsError" storage="d:\actions-runner\_work\xpco\xpco\allsolutions\..\common\videoos.identityserver.common\videoos.identityserver.common.unittests\bin\debug\net6.0-windows\videoos.identityserver.common.unittests.dll" id="f872f45e-56c6-8ff1-732b-a4f3744612ec">
      <Execution id="354d7f69-48ca-4390-9ec9-23cbc7345f3a" />
      <TestMethod codeBase="D:\actions-runner\_work\XPCO\XPCO\AllSolutions\..\Common\VideoOS.IdentityServer.Common\VideoOS.IdentityServer.Common.UnitTests\bin\Debug\net6.0-windows\VideoOS.IdentityServer.Common.UnitTests.dll" adapterTypeName="executor://mstestadapter/v2" className="VideoOS.IdentityServer.Common.UnitTests.DiscoveryClientTests" name="GetAsync_ErrorTypeHttp_DiscoveryResponseIsError" />
    </UnitTest>
  </TestDefinitions>
  <TestEntries>
    <TestEntry testId="dedf70a5-f131-d84f-4234-6a5051d02528" executionId="7a6f419c-48af-4bcb-903f-899888de1c6e" testListId="8c84fa94-04c1-424b-9868-57a2d4851a1d" />
    <TestEntry testId="edadc8c2-2e6c-d240-0235-8c3d78f18004" executionId="cc467e5b-abe8-4fa1-8deb-01ad58bc09f6" testListId="8c84fa94-04c1-424b-9868-57a2d4851a1d" />
    <TestEntry testId="2fefd669-00f0-6209-0174-c1ad44273487" executionId="f546f0f1-182c-40e7-9fa6-9377ceed6799" testListId="8c84fa94-04c1-424b-9868-57a2d4851a1d" />
    <TestEntry testId="1084380c-efdf-4335-3855-2ba20ad000dd" executionId="e8bda664-4780-4154-b7fe-8fe793597c04" testListId="8c84fa94-04c1-424b-9868-57a2d4851a1d" />
    <TestEntry testId="62ab3ade-1e62-63bc-67fe-f16a91fdcb03" executionId="6def34f6-b626-4534-9200-62f530d438b8" testListId="8c84fa94-04c1-424b-9868-57a2d4851a1d" />
    <TestEntry testId="7eafd3b9-debc-1a0c-12c6-11d7098cd775" executionId="6be1588e-0c28-49c7-b60d-2f22ee9fab33" testListId="8c84fa94-04c1-424b-9868-57a2d4851a1d" />
    <TestEntry testId="d500cfda-0f9f-e179-c72f-1f44e45838d9" executionId="0fe05d53-8912-4a32-b99c-f87faee42462" testListId="8c84fa94-04c1-424b-9868-57a2d4851a1d" />
    <TestEntry testId="2461b8e3-8daf-c6ae-fd7a-04ef2c9029b1" executionId="629a4034-4c38-453e-a9c9-29ffabfd4db8" testListId="8c84fa94-04c1-424b-9868-57a2d4851a1d" />
    <TestEntry testId="435442ba-9897-362e-beef-40dd9aef0a97" executionId="cd539fd4-fe23-45f9-8866-a54d0cbbb7a6" testListId="8c84fa94-04c1-424b-9868-57a2d4851a1d" />
    <TestEntry testId="a912da9b-9910-2e20-bdfd-ebd2e525320e" executionId="96a67947-26da-48d9-8e84-3b759df19a64" testListId="8c84fa94-04c1-424b-9868-57a2d4851a1d" />
    <TestEntry testId="40fe9f87-53fc-abc6-c420-fc69d725d508" executionId="26d211c0-6990-4251-b79b-a1e270f9a2e6" testListId="8c84fa94-04c1-424b-9868-57a2d4851a1d" />
    <TestEntry testId="79bdc8ed-4f4b-9849-1ddd-b15e09b27525" executionId="99ca0672-5854-4c91-9737-9c02e0629894" testListId="8c84fa94-04c1-424b-9868-57a2d4851a1d" />
    <TestEntry testId="4df62476-7918-8981-230a-1c8bcba97842" executionId="5f526fcd-07af-4ea9-84e0-9931a2df9caf" testListId="8c84fa94-04c1-424b-9868-57a2d4851a1d" />
    <TestEntry testId="2c257caa-63e0-0918-bed2-614d73e7951d" executionId="632066f6-27c0-4899-adfc-92c7ecfa6adc" testListId="8c84fa94-04c1-424b-9868-57a2d4851a1d" />
    <TestEntry testId="cb7249c8-dcf7-5d04-d8a1-9ce11225ac6e" executionId="51acaf0a-3290-4f29-aedf-2fd191facc96" testListId="8c84fa94-04c1-424b-9868-57a2d4851a1d" />
    <TestEntry testId="2b6f2d8f-97a8-a49e-9820-0353b7cf269e" executionId="61411caf-7574-4912-98ee-2f6980218f1a" testListId="8c84fa94-04c1-424b-9868-57a2d4851a1d" />
    <TestEntry testId="05652edd-928f-dd7d-e6ce-82417f010b21" executionId="7a06ab21-8f2e-4bc2-95e5-584210e81813" testListId="8c84fa94-04c1-424b-9868-57a2d4851a1d" />
    <TestEntry testId="e1b36847-cc65-e739-8fc1-4c65074486c5" executionId="8fcd2e87-f561-47a8-9701-b5e4ccfc5640" testListId="8c84fa94-04c1-424b-9868-57a2d4851a1d" />
    <TestEntry testId="94cf9b96-4bb3-ba5f-0704-49b8fc9a4cf0" executionId="4421b5a0-f5d2-4fbc-aff2-e809c0658013" testListId="8c84fa94-04c1-424b-9868-57a2d4851a1d" />
    <TestEntry testId="723220bc-f6bc-2344-fd48-d0edbe583623" executionId="8a9fa3fb-ac49-42da-a702-5591d31e140b" testListId="8c84fa94-04c1-424b-9868-57a2d4851a1d" />
    <TestEntry testId="f5c02efb-b35c-365d-c779-9919be9854f1" executionId="eb040428-4726-416a-8e76-2b5dcf4603d9" testListId="8c84fa94-04c1-424b-9868-57a2d4851a1d" />
    <TestEntry testId="e1a7c90b-842f-6747-d414-96d35e63ecce" executionId="84ee9eb0-9499-4c27-ab84-a48114efbca3" testListId="8c84fa94-04c1-424b-9868-57a2d4851a1d" />
    <TestEntry testId="ddded40e-1f02-eacb-d4a2-e26ac1095ebf" executionId="e52eed63-361d-4874-bf40-49d3f3d69346" testListId="8c84fa94-04c1-424b-9868-57a2d4851a1d" />
    <TestEntry testId="c095042d-e50b-f78e-7e75-2b785c69205f" executionId="4cd9b4ac-0ad9-413c-9416-e1fcfa2915e4" testListId="8c84fa94-04c1-424b-9868-57a2d4851a1d" />
    <TestEntry testId="17a16fc5-4fe6-49ea-a991-631fada3d645" executionId="3682905b-eedf-4dc3-8151-264860c7731a" testListId="8c84fa94-04c1-424b-9868-57a2d4851a1d" />
    <TestEntry testId="7ca488d0-3aca-76f1-6559-f9cc58d50a45" executionId="ef1ecf24-e63a-4601-af2c-925551317e5a" testListId="8c84fa94-04c1-424b-9868-57a2d4851a1d" />
    <TestEntry testId="712a4429-a5d0-f9f8-e944-14b3128417df" executionId="2b494ab9-2793-40b3-a459-86b600c9415d" testListId="8c84fa94-04c1-424b-9868-57a2d4851a1d" />
    <TestEntry testId="df98ebf9-08c0-e892-4032-ff03288ed21d" executionId="f7fd7105-14a1-4255-9643-a9d6b415a21d" testListId="8c84fa94-04c1-424b-9868-57a2d4851a1d" />
    <TestEntry testId="0c73a1ad-6206-0874-edea-ce6d1ddf48e7" executionId="b0ff490b-32e1-475c-94fd-7bcfe677acce" testListId="8c84fa94-04c1-424b-9868-57a2d4851a1d" />
    <TestEntry testId="9aba6afc-33b4-b3ea-f2ba-94221cb99165" executionId="622ef7a1-e476-4ba1-998c-5192174f6a19" testListId="8c84fa94-04c1-424b-9868-57a2d4851a1d" />
    <TestEntry testId="42983783-3215-fc3e-ee2e-8a8fdf441e84" executionId="6615dc66-8ae5-4254-a8af-f442ef71774b" testListId="8c84fa94-04c1-424b-9868-57a2d4851a1d" />
    <TestEntry testId="9161f5e4-37b0-b6bc-22e9-91ccc708f977" executionId="f7565ed7-52f4-414a-b761-913774b3f5af" testListId="8c84fa94-04c1-424b-9868-57a2d4851a1d" />
    <TestEntry testId="6295024d-cdd4-de28-e7d8-515486f05d12" executionId="8a20a48b-840c-4896-853d-5ca8586fe5cf" testListId="8c84fa94-04c1-424b-9868-57a2d4851a1d" />
    <TestEntry testId="0d2f4ed5-125c-a2b1-8e5f-5e598ab83d5e" executionId="d8047746-2cd6-4b10-89f0-5af9c8282039" testListId="8c84fa94-04c1-424b-9868-57a2d4851a1d" />
    <TestEntry testId="08a458bc-f70d-a527-f23d-08de1cac7168" executionId="34a0b2cf-c104-4827-b5b6-7cdd89b2aeb2" testListId="8c84fa94-04c1-424b-9868-57a2d4851a1d" />
    <TestEntry testId="ab24e2cb-a9e7-696f-52cc-bbef4af32000" executionId="e9c9d852-23c2-4612-b490-b8efe66fad92" testListId="8c84fa94-04c1-424b-9868-57a2d4851a1d" />
    <TestEntry testId="08a3c3db-cc01-e5ed-016b-ec03cbb97901" executionId="225f2c1b-a0a1-4c90-9fb3-cd0a594b9352" testListId="8c84fa94-04c1-424b-9868-57a2d4851a1d" />
    <TestEntry testId="bc6f6cb5-f7c9-e3db-d707-a236ceb509b9" executionId="d6325a6b-04e1-4cf0-aba3-dfb3023e1a3b" testListId="8c84fa94-04c1-424b-9868-57a2d4851a1d" />
    <TestEntry testId="43ee071b-dfe1-26fb-3267-1ba3aa8a0a7a" executionId="ead3ace5-e48a-4de3-8e72-d97d4d3b94ea" testListId="8c84fa94-04c1-424b-9868-57a2d4851a1d" />
    <TestEntry testId="d31208f6-32e8-d301-b39b-41ee13f7023e" executionId="deb312b3-723a-4429-a6da-34c20441d3e3" testListId="8c84fa94-04c1-424b-9868-57a2d4851a1d" />
    <TestEntry testId="3880dfbe-9655-d700-4c62-0df9ed476ecc" executionId="41771249-b951-4841-9532-e936cba63ab4" testListId="8c84fa94-04c1-424b-9868-57a2d4851a1d" />
    <TestEntry testId="67a73538-1027-a501-a8ed-160a0b377dca" executionId="5adeed9d-d0a5-4383-a147-562806b77729" testListId="8c84fa94-04c1-424b-9868-57a2d4851a1d" />
    <TestEntry testId="ec4cb66a-617d-876b-6006-2ba82ddc24c5" executionId="876a44fb-019d-4d44-9435-ed65053e8981" testListId="8c84fa94-04c1-424b-9868-57a2d4851a1d" />
    <TestEntry testId="bf546bdc-4b09-7c78-8e68-7999cc725390" executionId="1f452e58-0421-43bf-8391-60442846dc94" testListId="8c84fa94-04c1-424b-9868-57a2d4851a1d" />
    <TestEntry testId="d313dde6-0806-2abf-bd1c-3417608d3183" executionId="72452397-491f-4279-9df3-7fee7eb8da19" testListId="8c84fa94-04c1-424b-9868-57a2d4851a1d" />
    <TestEntry testId="c2c2904c-f56a-3663-d545-f06d0f3baf88" executionId="a60c7173-c0b7-4bdb-8e04-acde196c534a" testListId="8c84fa94-04c1-424b-9868-57a2d4851a1d" />
    <TestEntry testId="aa47e31d-c2f6-bb7b-d522-2ea72ad09b0c" executionId="189fed6f-828a-4e4d-afce-ab4d09708bc1" testListId="8c84fa94-04c1-424b-9868-57a2d4851a1d" />
    <TestEntry testId="b639b5fb-3ef5-2cd9-a90a-017d1638f497" executionId="56c6d2d0-9b2c-4dab-842c-385da4779c7a" testListId="8c84fa94-04c1-424b-9868-57a2d4851a1d" />
    <TestEntry testId="44cd508c-9285-845c-4b2e-fe943114c39c" executionId="b73e63f4-6443-4a66-9adf-9dca40874147" testListId="8c84fa94-04c1-424b-9868-57a2d4851a1d" />
    <TestEntry testId="4b3a00da-f880-578f-c303-7e5e482337d2" executionId="d9cfa3da-4327-43ae-9d6d-017e83f2fb04" testListId="8c84fa94-04c1-424b-9868-57a2d4851a1d" />
    <TestEntry testId="e603fa45-aab1-620a-c1e6-f47421b47951" executionId="c82b4ff4-9274-4896-b478-9c70b136af05" testListId="8c84fa94-04c1-424b-9868-57a2d4851a1d" />
    <TestEntry testId="04ba112f-e345-0314-e5a5-bfdf9ebd97a8" executionId="63541af5-d10c-479c-a7e2-a6452880a77d" testListId="8c84fa94-04c1-424b-9868-57a2d4851a1d" />
    <TestEntry testId="0257b952-b68e-ce9d-9d12-e1b7f33eb9e6" executionId="ccea5c63-51db-4a14-8cc1-899877c61fba" testListId="8c84fa94-04c1-424b-9868-57a2d4851a1d" />
    <TestEntry testId="41159a03-c027-b654-a27a-5a7d8d8246d9" executionId="0d094bda-b732-449e-83f6-9ead0deb172a" testListId="8c84fa94-04c1-424b-9868-57a2d4851a1d" />
    <TestEntry testId="0c88b540-cd14-9945-dfea-9607412205d7" executionId="8aa1e016-f90b-47d5-aaf4-027973e40643" testListId="8c84fa94-04c1-424b-9868-57a2d4851a1d" />
    <TestEntry testId="437f2012-d0bd-9480-97fb-1b4e5a423d3b" executionId="22db2b9d-b473-46a2-b654-56fcb97c2d9f" testListId="8c84fa94-04c1-424b-9868-57a2d4851a1d" />
    <TestEntry testId="2b02613f-adc7-9ead-fab9-497ce9230752" executionId="e32c5145-230f-49f9-a2ef-10339a6106d5" testListId="8c84fa94-04c1-424b-9868-57a2d4851a1d" />
    <TestEntry testId="3c9fa628-c7d5-d183-10bb-7d387f6779bb" executionId="40a0563e-a5ec-48ec-88c5-0e5e02d9f4a1" testListId="8c84fa94-04c1-424b-9868-57a2d4851a1d" />
    <TestEntry testId="320b9240-8de4-6e99-ff14-f9386efd026e" executionId="ace28a79-bd8d-4849-9e34-8773ebbc5a63" testListId="8c84fa94-04c1-424b-9868-57a2d4851a1d" />
    <TestEntry testId="afabb9a4-988f-5af8-5e0c-adf9e9521a8f" executionId="0fda6404-eaab-431e-afec-f357a240953d" testListId="8c84fa94-04c1-424b-9868-57a2d4851a1d" />
    <TestEntry testId="1ad62dd9-f5f4-acc1-288e-32afb8d0c153" executionId="fe8d2648-b92c-462e-b6b4-3ef1cedc918c" testListId="8c84fa94-04c1-424b-9868-57a2d4851a1d" />
    <TestEntry testId="59d00ef5-8a37-2b1f-99b8-740e21e44e72" executionId="9b59583f-ad9d-4022-b44e-b0750400b72d" testListId="8c84fa94-04c1-424b-9868-57a2d4851a1d" />
    <TestEntry testId="abd81a1c-e3b4-bebe-d21f-4ca159588c70" executionId="a3bd2c1a-c438-4235-a9ff-637c6f4242dc" testListId="8c84fa94-04c1-424b-9868-57a2d4851a1d" />
    <TestEntry testId="c25f8796-8fb8-e9c9-dc4c-16994d769571" executionId="34d46ddb-0246-432a-9365-93edd6db56f6" testListId="8c84fa94-04c1-424b-9868-57a2d4851a1d" />
    <TestEntry testId="a844f451-0f87-c9e5-8ca9-902b45b90314" executionId="ab3cffce-d8cc-4209-92d3-1ae0d598b73c" testListId="8c84fa94-04c1-424b-9868-57a2d4851a1d" />
    <TestEntry testId="f872f45e-56c6-8ff1-732b-a4f3744612ec" executionId="354d7f69-48ca-4390-9ec9-23cbc7345f3a" testListId="8c84fa94-04c1-424b-9868-57a2d4851a1d" />
    <TestEntry testId="a2c96cce-3d64-0619-9c0f-87d54f8eee1b" executionId="e8c09d5a-82bc-4914-83eb-863552eadfef" testListId="8c84fa94-04c1-424b-9868-57a2d4851a1d" />
    <TestEntry testId="dff6bcfa-7c56-915c-d680-949651ff50ba" executionId="ae51850e-e063-4a9f-91ea-ecb480c55839" testListId="8c84fa94-04c1-424b-9868-57a2d4851a1d" />
    <TestEntry testId="5401d072-9045-3f20-e5b8-85e624c8ae31" executionId="e6cbd21d-c91a-4727-81de-f245f4dd04e3" testListId="8c84fa94-04c1-424b-9868-57a2d4851a1d" />
    <TestEntry testId="d56d39a2-1050-3e2a-2b04-2c4d9212b822" executionId="1feaa9c4-a9b8-476a-ba87-a90919bd4ca7" testListId="8c84fa94-04c1-424b-9868-57a2d4851a1d" />
    <TestEntry testId="9ef64bea-8c17-ab0b-0aa2-a889a448670e" executionId="f4eacbcf-e181-4e10-83b4-5c3f1665c823" testListId="8c84fa94-04c1-424b-9868-57a2d4851a1d" />
    <TestEntry testId="deca3051-566c-ab49-e061-aefe5abff9fe" executionId="66b69e92-aca4-4205-bd2f-86ca23ae2ab8" testListId="8c84fa94-04c1-424b-9868-57a2d4851a1d" />
    <TestEntry testId="bf3dc991-3368-6005-a716-c4582669d18a" executionId="b969d247-8cb5-44d2-972e-a0e5a73d9834" testListId="8c84fa94-04c1-424b-9868-57a2d4851a1d" />
    <TestEntry testId="0e2095e5-7d8e-1183-e8f6-f216b8006a5b" executionId="97cd4077-433a-4b7e-8111-81639d7cdf6e" testListId="8c84fa94-04c1-424b-9868-57a2d4851a1d" />
    <TestEntry testId="6aef1b61-0dc3-b6ce-7dbd-e4e62a370ac5" executionId="1190680f-c798-47f0-b1c6-2c35b4d55bb2" testListId="8c84fa94-04c1-424b-9868-57a2d4851a1d" />
    <TestEntry testId="3dc13ed3-005d-7721-2c63-eb85486517c8" executionId="66150637-787a-4caa-8edc-c89da013b0c3" testListId="8c84fa94-04c1-424b-9868-57a2d4851a1d" />
    <TestEntry testId="6ee35bac-519f-b442-48b8-ad90bff16940" executionId="c19c1902-43c4-48de-961a-366f5c5dc3f5" testListId="8c84fa94-04c1-424b-9868-57a2d4851a1d" />
    <TestEntry testId="e9fa84ac-633c-62b6-98d7-47b66e6e189e" executionId="55be63ce-d573-42c2-a137-f5a0543dd26d" testListId="8c84fa94-04c1-424b-9868-57a2d4851a1d" />
    <TestEntry testId="f6233300-4bb5-ebc3-fb67-68daee71e649" executionId="e0edeb96-27e7-428c-80be-6ff01b7bc551" testListId="8c84fa94-04c1-424b-9868-57a2d4851a1d" />
    <TestEntry testId="f15d1485-b568-93f4-d5a1-108ce37ed532" executionId="5bfa1da6-7e21-4a95-9f12-3af209aa8d58" testListId="8c84fa94-04c1-424b-9868-57a2d4851a1d" />
    <TestEntry testId="ca7d5be2-14df-0b62-6b71-5f58bc8ff588" executionId="70c5c333-6e38-45f4-9614-3c6b0ed23599" testListId="8c84fa94-04c1-424b-9868-57a2d4851a1d" />
    <TestEntry testId="f37524f4-6178-1300-0d38-772771a42b59" executionId="bba23ded-2e04-46dc-8199-903e6958d074" testListId="8c84fa94-04c1-424b-9868-57a2d4851a1d" />
    <TestEntry testId="3dcddc47-428b-8273-354a-bd306914fecf" executionId="6ec3cd26-b827-40b3-a7cd-f33dac9bfa74" testListId="8c84fa94-04c1-424b-9868-57a2d4851a1d" />
    <TestEntry testId="2f5d977d-1e91-46c0-f08f-cb953748d3bb" executionId="e5b9d42a-93c1-4d35-8c19-ac528589e3bc" testListId="8c84fa94-04c1-424b-9868-57a2d4851a1d" />
    <TestEntry testId="7cf653ab-c1ac-db4f-c8b6-0088365ff615" executionId="af0a5b69-6e2c-409d-bc90-d1779ebedb98" testListId="8c84fa94-04c1-424b-9868-57a2d4851a1d" />
    <TestEntry testId="b534d700-8c81-a428-c5af-952f23674e8e" executionId="f3e333e0-cf54-4625-9dda-1a1d9723b938" testListId="8c84fa94-04c1-424b-9868-57a2d4851a1d" />
    <TestEntry testId="0cc1a792-32db-3643-8570-b5f3ee785740" executionId="b079aa44-7055-4341-acde-6196ec8ec73c" testListId="8c84fa94-04c1-424b-9868-57a2d4851a1d" />
    <TestEntry testId="a27779ab-d479-2618-c0d6-39c534be7415" executionId="0f0bb9ce-7c17-4db9-8db7-4b9f79046747" testListId="8c84fa94-04c1-424b-9868-57a2d4851a1d" />
    <TestEntry testId="6305c415-2662-3605-7a21-6246fd795db9" executionId="53d0f65e-31f1-4b4b-981a-ff4e9cb1c0b0" testListId="8c84fa94-04c1-424b-9868-57a2d4851a1d" />
    <TestEntry testId="3d28f919-d5cf-6a4a-935f-5362d819b368" executionId="c5598a2f-4871-459d-aef8-fbe1e6a8940c" testListId="8c84fa94-04c1-424b-9868-57a2d4851a1d" />
    <TestEntry testId="be2661e6-13a2-efcd-f033-26370e5bd14f" executionId="4ab2b9da-4a8f-4d62-8c6c-e0e4d6f0277e" testListId="8c84fa94-04c1-424b-9868-57a2d4851a1d" />
    <TestEntry testId="2c3c5b9a-85d3-0ea3-3ec1-f527226951f2" executionId="0968bed7-c005-4b21-b174-f16f257e7a6c" testListId="8c84fa94-04c1-424b-9868-57a2d4851a1d" />
    <TestEntry testId="98edab49-64e8-bcaf-beed-559fb53bdf3f" executionId="86584e3e-c5fe-44e8-b609-c66c9b69198d" testListId="8c84fa94-04c1-424b-9868-57a2d4851a1d" />
    <TestEntry testId="f0bc3cf2-7e7b-22f4-8d42-04d99e358cfe" executionId="c3c367ab-cb71-4c46-9850-8ae5744bc9af" testListId="8c84fa94-04c1-424b-9868-57a2d4851a1d" />
    <TestEntry testId="0ae882bf-7b3d-9ae3-2fd3-8f4782af29c4" executionId="8bacdcfa-9895-4879-8bae-875b788c7d79" testListId="8c84fa94-04c1-424b-9868-57a2d4851a1d" />
    <TestEntry testId="24757d53-50b6-4207-edb9-4d7b85e83ec0" executionId="7b99bdb0-fbab-40e4-a504-cd956ec882e1" testListId="8c84fa94-04c1-424b-9868-57a2d4851a1d" />
    <TestEntry testId="6fb4517f-b4e4-4771-fc0a-9b00bebd656e" executionId="72d956f3-632b-4d6e-9e44-4fbf56e482e5" testListId="8c84fa94-04c1-424b-9868-57a2d4851a1d" />
    <TestEntry testId="8acb64df-af33-04f7-00cd-764cd60dcd21" executionId="4d3314e8-4ad6-4d91-8d8c-2d49c947a8a1" testListId="8c84fa94-04c1-424b-9868-57a2d4851a1d" />
    <TestEntry testId="3c121194-5cce-c4ca-1fab-08ec04d15250" executionId="2034cb2b-f6a9-49a8-83d1-b98d11ccb664" testListId="8c84fa94-04c1-424b-9868-57a2d4851a1d" />
    <TestEntry testId="abc17b2d-2fdc-8231-f8f9-d08681dce944" executionId="1ce630a5-21e2-4a1a-a416-355a534a044f" testListId="8c84fa94-04c1-424b-9868-57a2d4851a1d" />
    <TestEntry testId="2094e3f3-bb74-95c3-1e50-e6fdef78ea13" executionId="c59c2ed0-4098-4649-b2dc-d3d1a76f1d86" testListId="8c84fa94-04c1-424b-9868-57a2d4851a1d" />
    <TestEntry testId="4049cd8f-4722-f786-6675-c96c049dafca" executionId="a925a1d7-312e-4713-b6dc-72280761a9d6" testListId="8c84fa94-04c1-424b-9868-57a2d4851a1d" />
    <TestEntry testId="44c7436c-905a-58ad-44f0-0942a51a60c8" executionId="c4843d95-78b2-4eef-82f3-50553b8fdd09" testListId="8c84fa94-04c1-424b-9868-57a2d4851a1d" />
    <TestEntry testId="ecb758fe-0180-464c-e553-3e17f3a94b1f" executionId="8369a819-1a7c-4f4d-a088-8c0750eb4699" testListId="8c84fa94-04c1-424b-9868-57a2d4851a1d" />
    <TestEntry testId="37cca059-17dd-1ce4-7f7a-261dd96b9c03" executionId="c511134c-bbd3-4019-a7ae-a1032dd397af" testListId="8c84fa94-04c1-424b-9868-57a2d4851a1d" />
    <TestEntry testId="8960bb52-9b82-13fc-c2b9-b466022a1aa2" executionId="a1a4c99e-34ee-474e-9fee-4cb695a5ae2d" testListId="8c84fa94-04c1-424b-9868-57a2d4851a1d" />
    <TestEntry testId="f740022f-70ee-66e1-da38-2c4767f72ea7" executionId="c6f1433e-9a89-4902-8340-cfc1c7d15a16" testListId="8c84fa94-04c1-424b-9868-57a2d4851a1d" />
    <TestEntry testId="d85ce454-c380-2ac2-ff60-059c934c0c87" executionId="6e066533-256e-4934-a9d5-c557c5a61cd7" testListId="8c84fa94-04c1-424b-9868-57a2d4851a1d" />
    <TestEntry testId="a1533602-6410-91ea-863d-c06356133eae" executionId="ee6354b1-d704-4313-b6a3-0d3feb64e3b0" testListId="8c84fa94-04c1-424b-9868-57a2d4851a1d" />
    <TestEntry testId="1620f4f3-fa43-753e-a977-2bf07d76d45d" executionId="fbbaf5cd-2c20-4b69-a383-c009cfb51c28" testListId="8c84fa94-04c1-424b-9868-57a2d4851a1d" />
    <TestEntry testId="aee78e02-d706-9f06-c554-ee7aa708e371" executionId="5ce57c58-c4ab-4bb5-a4c5-c20b1fb5d7bc" testListId="8c84fa94-04c1-424b-9868-57a2d4851a1d" />
    <TestEntry testId="355371bd-45fe-c229-5034-898ad04eb1dc" executionId="718ca6d0-1737-4eda-81e8-072f1c61e784" testListId="8c84fa94-04c1-424b-9868-57a2d4851a1d" />
    <TestEntry testId="1eb96942-90b7-e230-1cfa-7966bc14fec4" executionId="68d77ca7-b25b-45fd-8abe-f2af96151f16" testListId="8c84fa94-04c1-424b-9868-57a2d4851a1d" />
    <TestEntry testId="92550fd5-a5b3-6c37-05cc-685664f25370" executionId="634ea307-d7b2-49b5-be43-e343033e0e21" testListId="8c84fa94-04c1-424b-9868-57a2d4851a1d" />
    <TestEntry testId="5fc9fa5a-5fe3-b72e-18ec-1d655d4e8290" executionId="43e8d6a7-6282-4d6d-9796-a8bfe1fea424" testListId="8c84fa94-04c1-424b-9868-57a2d4851a1d" />
    <TestEntry testId="b05795f0-d2f6-22ea-cbc0-12b777940158" executionId="8c65aa2c-3cee-46fc-a79c-6ece2f5e41fb" testListId="8c84fa94-04c1-424b-9868-57a2d4851a1d" />
    <TestEntry testId="26714a1a-41f7-451e-82b0-891505fd3754" executionId="eaf49f94-600c-48df-b326-a8192e4bb5ac" testListId="8c84fa94-04c1-424b-9868-57a2d4851a1d" />
    <TestEntry testId="cac73a53-b4ae-6c1b-3bae-7a153785b4c5" executionId="9510b87f-a37f-4136-a541-7393e90878a6" testListId="8c84fa94-04c1-424b-9868-57a2d4851a1d" />
    <TestEntry testId="7c241f9b-2b9f-c010-004c-ec717a0175c5" executionId="c522330a-8172-474e-8b10-4fee97946b08" testListId="8c84fa94-04c1-424b-9868-57a2d4851a1d" />
    <TestEntry testId="b8901242-2f26-bc70-f843-5bf9455c7828" executionId="89a99655-63db-4a1e-9924-1f9cf6791192" testListId="8c84fa94-04c1-424b-9868-57a2d4851a1d" />
    <TestEntry testId="0d4bd5fb-a3e0-f3c1-4f95-139d2488ddad" executionId="84ccfe0f-4a3c-4c65-90ad-f2947663253e" testListId="8c84fa94-04c1-424b-9868-57a2d4851a1d" />
    <TestEntry testId="00ff095b-4bc6-db53-f938-6a37bc01f46b" executionId="5e82c344-bee3-4acb-9b14-e18b4fab3995" testListId="8c84fa94-04c1-424b-9868-57a2d4851a1d" />
    <TestEntry testId="a01ac9ad-250e-dc3d-a656-c7b6a9fad9c5" executionId="62bc92cf-708f-4040-8231-44f35401407b" testListId="8c84fa94-04c1-424b-9868-57a2d4851a1d" />
    <TestEntry testId="ad89ac24-24de-f6bb-8252-5fda23ce2272" executionId="84819c33-7866-4cc9-aa44-4fa1ad4e9a21" testListId="8c84fa94-04c1-424b-9868-57a2d4851a1d" />
    <TestEntry testId="b61d19a2-eeb7-66f5-f12f-c31f348cabd6" executionId="e5d98ef1-9dbe-4cb4-a455-236491d3d11e" testListId="8c84fa94-04c1-424b-9868-57a2d4851a1d" />
    <TestEntry testId="29687309-d7e0-0838-a577-9dfd8b70cb79" executionId="64734f73-beb2-4b47-9dd8-9821ca0a931c" testListId="8c84fa94-04c1-424b-9868-57a2d4851a1d" />
    <TestEntry testId="4dc452ef-89de-ef92-35ba-5de565a80983" executionId="ee0f2aa0-dc93-42f6-9fd8-0a2bb257fbd1" testListId="8c84fa94-04c1-424b-9868-57a2d4851a1d" />
    <TestEntry testId="b03e8e27-9937-91b2-5c08-fa8ff907b26f" executionId="c0c0ae33-cb9c-45ee-9dd2-6b4e723455ac" testListId="8c84fa94-04c1-424b-9868-57a2d4851a1d" />
    <TestEntry testId="970cd01e-43a8-573f-d6bb-d3e5d63f1935" executionId="10808d63-aaad-4e56-84c3-39101e16288e" testListId="8c84fa94-04c1-424b-9868-57a2d4851a1d" />
    <TestEntry testId="730bef14-9053-6444-695c-2c9c89ef8f7a" executionId="5e016e9a-3d0b-4a07-805a-a02348756c04" testListId="8c84fa94-04c1-424b-9868-57a2d4851a1d" />
    <TestEntry testId="5304b9a1-8d75-0736-1781-57659e307ca7" executionId="b88c3b94-9402-4ddb-8e3c-673daa4c7c38" testListId="8c84fa94-04c1-424b-9868-57a2d4851a1d" />
    <TestEntry testId="bf705ae1-67a7-5fa6-c13f-a22026ecd395" executionId="d5ed09dd-c3ce-495b-bee7-8510afcf4f3b" testListId="8c84fa94-04c1-424b-9868-57a2d4851a1d" />
    <TestEntry testId="27aea1a6-1e4c-b203-2089-de14d612090c" executionId="134af2bc-fcf6-4c25-991b-e90b6ef57e7a" testListId="8c84fa94-04c1-424b-9868-57a2d4851a1d" />
    <TestEntry testId="19645128-e202-44ae-34e1-bebb765d5926" executionId="53aa25a2-1932-4381-9b74-75e9eba58514" testListId="8c84fa94-04c1-424b-9868-57a2d4851a1d" />
    <TestEntry testId="8b0bbd88-d4e3-018e-eff8-fdef5f0617d3" executionId="bb75b1e7-813d-49d3-9937-d394e3ffd5fc" testListId="8c84fa94-04c1-424b-9868-57a2d4851a1d" />
    <TestEntry testId="80b98953-0430-0651-0920-d07f5f37c65f" executionId="a329a451-a898-4b07-afdb-feb2e186c621" testListId="8c84fa94-04c1-424b-9868-57a2d4851a1d" />
    <TestEntry testId="99565e95-1a0c-269c-a11f-12a2852883ea" executionId="2578d47b-aeb5-40b3-aaf7-f69f0152d1a1" testListId="8c84fa94-04c1-424b-9868-57a2d4851a1d" />
    <TestEntry testId="8a9bf480-5820-5db4-cbbc-995cdda4b03b" executionId="5dcc0c1d-4f49-457a-89a1-4ac67482634d" testListId="8c84fa94-04c1-424b-9868-57a2d4851a1d" />
    <TestEntry testId="11e2d426-0f64-e877-4f88-684b98f80094" executionId="119bf459-0466-4e70-9d0e-210c71317dfb" testListId="8c84fa94-04c1-424b-9868-57a2d4851a1d" />
    <TestEntry testId="6dc7da62-c15b-7e96-f1c6-3eedd5697243" executionId="c8b1a18b-dba9-4570-beff-5d074be22c1f" testListId="8c84fa94-04c1-424b-9868-57a2d4851a1d" />
    <TestEntry testId="a22a5490-f8cc-bbba-c479-58ecdc58c38a" executionId="aaea3073-ad64-4007-900a-d96ec6dd2017" testListId="8c84fa94-04c1-424b-9868-57a2d4851a1d" />
    <TestEntry testId="2a8032ec-2494-843d-f098-18bbc743b65d" executionId="353d17c2-660d-42f8-94fc-a5153d95ca8f" testListId="8c84fa94-04c1-424b-9868-57a2d4851a1d" />
    <TestEntry testId="59315ec5-850b-190c-1c3a-c69be3cf286e" executionId="9c3b4645-7a6a-469c-b3f9-745ab246648f" testListId="8c84fa94-04c1-424b-9868-57a2d4851a1d" />
    <TestEntry testId="aac9aae4-033c-5a4d-bf6f-6c295840a3fd" executionId="f2f29222-22cd-4aeb-992b-a9690afe7dbf" testListId="8c84fa94-04c1-424b-9868-57a2d4851a1d" />
    <TestEntry testId="78041a23-7bf7-db78-694f-dcf00358b174" executionId="b18a8cc4-8ebf-4e36-97b5-1bb842176956" testListId="8c84fa94-04c1-424b-9868-57a2d4851a1d" />
    <TestEntry testId="07e017ec-27c0-e3c7-e86f-7418562949bd" executionId="752edc71-4db5-45b6-8c09-0cb7714abc8d" testListId="8c84fa94-04c1-424b-9868-57a2d4851a1d" />
    <TestEntry testId="3c174b71-d834-497d-cddf-1a3c06acc75d" executionId="94d9b01f-a911-4b59-bf33-ef814dd64228" testListId="8c84fa94-04c1-424b-9868-57a2d4851a1d" />
    <TestEntry testId="65770ab3-18b0-0e9f-399a-f7a04ea6e0e5" executionId="a51abf86-3f78-4d31-bb31-26e2abdbce6c" testListId="8c84fa94-04c1-424b-9868-57a2d4851a1d" />
    <TestEntry testId="21823bf0-ff7d-6139-8246-3e6c7fce3add" executionId="03e174ee-41b1-4f3f-ac16-fa09952d96f2" testListId="8c84fa94-04c1-424b-9868-57a2d4851a1d" />
    <TestEntry testId="3ff67faa-d3a0-075c-0c7a-09774bd03583" executionId="dc19ce0a-1bf7-459b-9e20-9a8f67deebe6" testListId="8c84fa94-04c1-424b-9868-57a2d4851a1d" />
    <TestEntry testId="0f27abe8-3384-6920-a039-76a637899eb2" executionId="03af8b54-466c-4abe-8030-2e0ddcf9e077" testListId="8c84fa94-04c1-424b-9868-57a2d4851a1d" />
    <TestEntry testId="45e382ab-a2e7-81c4-c83f-6e836a16f442" executionId="2d808f0b-d2c6-4bdb-adff-4cb632c01df6" testListId="8c84fa94-04c1-424b-9868-57a2d4851a1d" />
    <TestEntry testId="083062ca-22b3-f842-aa3b-2548ef3b2afa" executionId="4589a1cc-cfb5-4f31-9a7a-23f9b0aad2bd" testListId="8c84fa94-04c1-424b-9868-57a2d4851a1d" />
    <TestEntry testId="ae9a110c-c4e6-e312-9fcd-2de5d21f98ff" executionId="c65b7461-1f4d-4355-90f0-8e05e5c63d43" testListId="8c84fa94-04c1-424b-9868-57a2d4851a1d" />
    <TestEntry testId="05f6a519-6922-0d88-29ab-58670334a8c0" executionId="46483120-abe1-450d-a28e-5568502eefa6" testListId="8c84fa94-04c1-424b-9868-57a2d4851a1d" />
    <TestEntry testId="7102ede2-c297-16f6-bd79-a261e9a0ab55" executionId="e4c2132c-7d4d-440f-980f-eea3bed68145" testListId="8c84fa94-04c1-424b-9868-57a2d4851a1d" />
    <TestEntry testId="d8254cb2-99a9-5fa4-0212-2ded41c41bd0" executionId="010f5d9d-0828-4981-aff6-194af17a5e0f" testListId="8c84fa94-04c1-424b-9868-57a2d4851a1d" />
    <TestEntry testId="a8a38b08-43ad-784d-afbc-d0335bfce14c" executionId="faafd5c0-36cf-4c25-aefa-968c4fd4ab38" testListId="8c84fa94-04c1-424b-9868-57a2d4851a1d" />
    <TestEntry testId="2094e3f3-bb74-95c3-1e50-e6fdef78ea13" executionId="53cd164a-1aea-43d9-b527-2adb741b5fde" testListId="8c84fa94-04c1-424b-9868-57a2d4851a1d" />
    <TestEntry testId="90d13d23-6660-c28a-543b-d374b02dcccb" executionId="1d160f70-8923-4e36-bc50-62613eff12db" testListId="8c84fa94-04c1-424b-9868-57a2d4851a1d" />
    <TestEntry testId="5ac69b1a-a384-bee2-381f-56a296f2c282" executionId="672f986e-acca-4620-a354-4c002421457a" testListId="8c84fa94-04c1-424b-9868-57a2d4851a1d" />
    <TestEntry testId="7a8926d4-b9a3-8330-c659-fa45110afd0c" executionId="34568d56-9691-4a15-ab51-63a15c72c2de" testListId="8c84fa94-04c1-424b-9868-57a2d4851a1d" />
    <TestEntry testId="fb9a0fbc-d523-38e7-fa29-68166d7c4694" executionId="5f832aa3-e71f-4643-831d-4627f31f3976" testListId="8c84fa94-04c1-424b-9868-57a2d4851a1d" />
    <TestEntry testId="ee5160b1-3233-41e0-3299-0425a39eeee5" executionId="96f5208e-3175-4f26-b4a4-8f9cbc659974" testListId="8c84fa94-04c1-424b-9868-57a2d4851a1d" />
    <TestEntry testId="d5b3be23-e24d-3907-6e80-ddd593570613" executionId="8d3dd31a-c27c-4c69-bdde-a21a4cd5cee4" testListId="8c84fa94-04c1-424b-9868-57a2d4851a1d" />
    <TestEntry testId="0e660fb6-01c2-ec2d-f816-fac9e4547e68" executionId="9a8839bd-9ffa-421c-b721-d5aa236abfe3" testListId="8c84fa94-04c1-424b-9868-57a2d4851a1d" />
    <TestEntry testId="aceed3fe-4ee0-3f07-6d4b-e9ae24c2527d" executionId="9d22d59b-762c-4aab-87da-793e8d2e7f9f" testListId="8c84fa94-04c1-424b-9868-57a2d4851a1d" />
    <TestEntry testId="d721172e-4856-c743-a2e0-556773d6db34" executionId="16b92138-6c14-4a90-acee-9402b498976a" testListId="8c84fa94-04c1-424b-9868-57a2d4851a1d" />
    <TestEntry testId="219cb226-0982-5e89-b39e-e3df45859861" executionId="5ac84571-6170-4aec-b0be-269ce8c835ba" testListId="8c84fa94-04c1-424b-9868-57a2d4851a1d" />
    <TestEntry testId="957b72e6-223d-945c-7af4-a1f0fe7fb5d3" executionId="dde0fa4d-272c-4a4d-b9eb-8052dbc8e543" testListId="8c84fa94-04c1-424b-9868-57a2d4851a1d" />
    <TestEntry testId="6c035807-52d4-6caf-a566-ec498448b6fa" executionId="2565d4bf-f417-4600-a741-6e6fe94e51ab" testListId="8c84fa94-04c1-424b-9868-57a2d4851a1d" />
    <TestEntry testId="4e64a2d0-91fd-57ef-a8c4-3f9f75705cb7" executionId="e3c09f7d-b61c-441a-956b-438c4d53b6d3" testListId="8c84fa94-04c1-424b-9868-57a2d4851a1d" />
    <TestEntry testId="851fb875-0294-59e3-54ed-d95f850fb682" executionId="df4b14dd-ac1f-4574-adfa-fc135e864399" testListId="8c84fa94-04c1-424b-9868-57a2d4851a1d" />
    <TestEntry testId="5e0c0b16-1156-1376-f6f0-3908d3a2cb3b" executionId="cf7d65f6-5263-4162-9341-a42e2b472a95" testListId="8c84fa94-04c1-424b-9868-57a2d4851a1d" />
    <TestEntry testId="580860dc-2c0d-6d21-09c2-29eb5cd9d7aa" executionId="abbc638d-fc3f-4709-8308-6bc355672c75" testListId="8c84fa94-04c1-424b-9868-57a2d4851a1d" />
    <TestEntry testId="f52b848b-cf3f-47b4-506b-dccb77611ec5" executionId="8ca3ede9-00df-4ab9-9157-1e03325eee39" testListId="8c84fa94-04c1-424b-9868-57a2d4851a1d" />
    <TestEntry testId="384c466e-e541-dfd8-e107-db2fc07e11e9" executionId="e211e399-25f5-43e3-9953-c78c6bb2af68" testListId="8c84fa94-04c1-424b-9868-57a2d4851a1d" />
    <TestEntry testId="65c35641-c7fa-ea47-734f-c81f8095832e" executionId="667b1985-8e1e-4cb0-a8fc-6560bc909ad2" testListId="8c84fa94-04c1-424b-9868-57a2d4851a1d" />
    <TestEntry testId="11f6a1d3-68c5-e38c-c943-6b9363d564f1" executionId="73d2ed08-45be-4a6d-aac6-03d25c710e24" testListId="8c84fa94-04c1-424b-9868-57a2d4851a1d" />
    <TestEntry testId="ebe888ba-3631-12b0-9554-250fe8da03f0" executionId="f86ac9f0-3f67-450b-8f11-57ca0e3178c1" testListId="8c84fa94-04c1-424b-9868-57a2d4851a1d" />
    <TestEntry testId="02022d21-40cd-3c83-07fb-845b28c8719d" executionId="84e72d2e-edc4-467c-83b4-f17128db3b81" testListId="8c84fa94-04c1-424b-9868-57a2d4851a1d" />
    <TestEntry testId="160926a9-6be8-e16e-5ee4-6d69f6901085" executionId="e0ac7395-9139-45e1-9cc5-d133cd7a2b0a" testListId="8c84fa94-04c1-424b-9868-57a2d4851a1d" />
    <TestEntry testId="9c36fd41-e765-81f6-df8e-f462ee2c6552" executionId="9ec5399b-63a4-4bf8-937d-18d1b4713edf" testListId="8c84fa94-04c1-424b-9868-57a2d4851a1d" />
    <TestEntry testId="25aa6176-148e-f1e7-5c9f-10f279eb31cc" executionId="5b2f8ba3-df85-4f14-ae93-ad5e0e648394" testListId="8c84fa94-04c1-424b-9868-57a2d4851a1d" />
    <TestEntry testId="a6c86e7f-3cba-5a70-e72e-8210186f640d" executionId="6193517c-77ed-4bc3-aee3-f6d71f7a2d9d" testListId="8c84fa94-04c1-424b-9868-57a2d4851a1d" />
    <TestEntry testId="eecfcbb2-c955-43fc-8e5c-cfc66bc5dfcb" executionId="29e0348d-c7c5-47a3-b14d-8086bba909ed" testListId="8c84fa94-04c1-424b-9868-57a2d4851a1d" />
    <TestEntry testId="1b2a48cb-3076-b35a-c216-de57ac818d9a" executionId="bcefe0ac-ae9f-4a85-87ed-0339726b75da" testListId="8c84fa94-04c1-424b-9868-57a2d4851a1d" />
    <TestEntry testId="c65def95-e459-70a7-408d-154b2321db49" executionId="a42aeaa8-e14a-4769-bbb5-febd6fc1ec4b" testListId="8c84fa94-04c1-424b-9868-57a2d4851a1d" />
    <TestEntry testId="6527d399-3c52-8422-d90f-6c83c08b6874" executionId="acf39479-03aa-45b6-bb8c-f268022f2a01" testListId="8c84fa94-04c1-424b-9868-57a2d4851a1d" />
    <TestEntry testId="9a74f111-730b-48ac-793d-eafd4afb012a" executionId="fa6f6861-f917-4735-aa4a-a6fbc5077c27" testListId="8c84fa94-04c1-424b-9868-57a2d4851a1d" />
    <TestEntry testId="09372ef8-08d3-01fe-20c8-b7c4bfe94b6c" executionId="5f371fc1-aac0-4a8c-baf3-26a143205945" testListId="8c84fa94-04c1-424b-9868-57a2d4851a1d" />
    <TestEntry testId="355371bd-45fe-c229-5034-898ad04eb1dc" executionId="4d45e017-3b5e-4bb7-8eeb-d8da3280684d" testListId="8c84fa94-04c1-424b-9868-57a2d4851a1d" />
    <TestEntry testId="cb270c9a-018c-ca10-c7ca-7967670c892b" executionId="ade5423f-9f17-4a25-8b38-c3474a6758e6" testListId="8c84fa94-04c1-424b-9868-57a2d4851a1d" />
    <TestEntry testId="5350274c-91fb-610e-856e-3415f7a1fa83" executionId="248cef3a-7f17-49ed-bb9f-25356d35ef01" testListId="8c84fa94-04c1-424b-9868-57a2d4851a1d" />
    <TestEntry testId="9f0c86dc-a496-7741-858c-a11363a3da1a" executionId="352dbbb9-957c-49d9-86a2-614abf320db9" testListId="8c84fa94-04c1-424b-9868-57a2d4851a1d" />
    <TestEntry testId="f15d1485-b568-93f4-d5a1-108ce37ed532" executionId="ef1916c1-6885-4d37-81e8-75ecb8745151" testListId="8c84fa94-04c1-424b-9868-57a2d4851a1d" />
    <TestEntry testId="76a3eda6-3598-ebb2-6b10-983e4fde7476" executionId="6540432b-fb71-427c-b12f-bb96477ceb06" testListId="8c84fa94-04c1-424b-9868-57a2d4851a1d" />
    <TestEntry testId="cb3d0d63-a156-b025-1c90-4a3dc7841ffd" executionId="536a1afb-60f6-4bcb-80e8-683149cf3ade" testListId="8c84fa94-04c1-424b-9868-57a2d4851a1d" />
    <TestEntry testId="90eefc04-1f04-d44e-931c-bf308a05aad7" executionId="d0b9779a-494b-40f4-a6a6-95e59fc35575" testListId="8c84fa94-04c1-424b-9868-57a2d4851a1d" />
    <TestEntry testId="2ee7e566-cb75-fc37-6701-6a6ccb41d168" executionId="57161f11-ec68-4683-be5b-6a5a90072d09" testListId="8c84fa94-04c1-424b-9868-57a2d4851a1d" />
    <TestEntry testId="22db2a0a-aa8a-2a11-0ea7-22ee10a4b12c" executionId="3e6ac4bd-048a-4086-8e03-5f374d9c15c2" testListId="8c84fa94-04c1-424b-9868-57a2d4851a1d" />
    <TestEntry testId="feb4fa5e-1e90-63a6-9054-269133b16e54" executionId="1e08c6e9-5567-472a-b9de-296df066d768" testListId="8c84fa94-04c1-424b-9868-57a2d4851a1d" />
    <TestEntry testId="ee1e7c2b-0cb3-69aa-1c3e-150a4187ed3e" executionId="2a9cc362-3338-4d38-973e-7e5ce74fcb4c" testListId="8c84fa94-04c1-424b-9868-57a2d4851a1d" />
    <TestEntry testId="11a7072a-d21b-7c2a-b062-98fe08e0c6dd" executionId="2af8963e-6829-414a-bec6-9274581db6ba" testListId="8c84fa94-04c1-424b-9868-57a2d4851a1d" />
    <TestEntry testId="529c2e35-24ca-56d0-82ae-22b9934a7f05" executionId="dd37e7e4-82bf-49de-a96a-e2c25ffd1974" testListId="8c84fa94-04c1-424b-9868-57a2d4851a1d" />
    <TestEntry testId="bf3ad47a-9250-f8b8-31e2-5fe2764ad9e8" executionId="a1f26f7a-7a2e-475f-9149-6cc8421907d7" testListId="8c84fa94-04c1-424b-9868-57a2d4851a1d" />
    <TestEntry testId="a195a1f3-7257-7b57-25f5-d869b6864153" executionId="13f8cd08-9d81-4050-8add-96e8ab368f3a" testListId="8c84fa94-04c1-424b-9868-57a2d4851a1d" />
    <TestEntry testId="7f2480da-8572-1058-bed9-d76ee4f460a4" executionId="5d4d5c68-3371-440d-b4e8-d92d885bc81d" testListId="8c84fa94-04c1-424b-9868-57a2d4851a1d" />
    <TestEntry testId="fcaeabd6-201c-a809-f13b-51e8e57f8ab1" executionId="d25505c2-451c-4372-9e8c-4247017dac24" testListId="8c84fa94-04c1-424b-9868-57a2d4851a1d" />
    <TestEntry testId="4d922aac-d29d-5603-d614-ad2e17cb5ae6" executionId="ddddcb85-12c5-45dd-902c-911a5188468f" testListId="8c84fa94-04c1-424b-9868-57a2d4851a1d" />
    <TestEntry testId="46272a5b-6f40-ca49-f0c0-19ef57f507c2" executionId="dc48c93c-fb3a-4c38-9da7-ca2d82faeb33" testListId="8c84fa94-04c1-424b-9868-57a2d4851a1d" />
    <TestEntry testId="e0eca9f7-d766-7032-cd66-1fda7415dd68" executionId="232710b8-738c-4192-a228-c09f6ea4de54" testListId="8c84fa94-04c1-424b-9868-57a2d4851a1d" />
    <TestEntry testId="836c4ce4-261b-464f-c6a6-10c2a88fa0d7" executionId="8eff4ce0-8928-4486-b002-37dd7a80360c" testListId="8c84fa94-04c1-424b-9868-57a2d4851a1d" />
    <TestEntry testId="eebc5e3a-189f-1094-2ac2-60219fea23b5" executionId="434268e5-c060-4c8a-b69c-c8c322765aa8" testListId="8c84fa94-04c1-424b-9868-57a2d4851a1d" />
    <TestEntry testId="2f8b9abc-1c8d-726a-bc19-fbcf045e42b5" executionId="dbd76871-df41-4f77-aba3-12982ed35eb0" testListId="8c84fa94-04c1-424b-9868-57a2d4851a1d" />
    <TestEntry testId="063fc5d6-7093-4898-586d-f7c91da3d90a" executionId="a05ddf84-a09a-444a-bd8a-97211ed346e7" testListId="8c84fa94-04c1-424b-9868-57a2d4851a1d" />
    <TestEntry testId="4028140e-6ceb-44db-b0b0-5a4385a02e69" executionId="87b9032c-240b-402a-95bd-febf624f943f" testListId="8c84fa94-04c1-424b-9868-57a2d4851a1d" />
    <TestEntry testId="87c632ab-1f7d-93ea-f769-4737e54aa158" executionId="5bc571dd-91f3-41f4-b09e-a418cccc110a" testListId="8c84fa94-04c1-424b-9868-57a2d4851a1d" />
    <TestEntry testId="2f309615-d38e-60ef-2c2d-0b95ad0a2a62" executionId="1f8f5094-8685-4feb-ab7d-8f567df57fe6" testListId="8c84fa94-04c1-424b-9868-57a2d4851a1d" />
    <TestEntry testId="a20b8cdb-3697-b063-4ea9-47fb6efe0241" executionId="7d87b048-4e1f-441c-9d2d-4285362fc089" testListId="8c84fa94-04c1-424b-9868-57a2d4851a1d" />
    <TestEntry testId="151a3939-7178-7ca5-04d5-74b2e2ea473d" executionId="d8451032-2fa8-4b1f-a63d-7a71e33aba54" testListId="8c84fa94-04c1-424b-9868-57a2d4851a1d" />
    <TestEntry testId="9e0b7fff-6087-8103-bf4a-c343b2ddff7d" executionId="00d8532c-18fb-49a8-9b73-9992b0c4a226" testListId="8c84fa94-04c1-424b-9868-57a2d4851a1d" />
    <TestEntry testId="885ad0b6-d00e-5dbd-daaf-61bd8cc19071" executionId="8e82b60b-6126-4907-9af2-6dd2ce4daad5" testListId="8c84fa94-04c1-424b-9868-57a2d4851a1d" />
  </TestEntries>
  <TestLists>
    <TestList name="Results Not in a List" id="8c84fa94-04c1-424b-9868-57a2d4851a1d" />
    <TestList name="All Loaded Results" id="19431567-8539-422a-85d7-44ee4e166bda" />
  </TestLists>
  <ResultSummary outcome="Completed">
    <Counters total="223" executed="216" passed="216" failed="0" error="0" timeout="0" aborted="0" inconclusive="0" passedButRunAborted="0" notRunnable="0" notExecuted="0" disconnected="0" warning="0" completed="0" inProgress="0" pending="0" />
    <Output>
      <StdOut>Test 'ValidateIdpServer_WorkingHttpAddress_ShouldSuccess' was skipped in the test run.&#xD;
Test 'ValidateIdpServer_InvalidSslConfiguration_ShouldThrow' was skipped in the test run.&#xD;
Test 'ValidateIdpServer_HttpsAddressInvalidPort_ShouldThrow' was skipped in the test run.&#xD;
Test 'ValidateIdpServer_HttpAddressInvalidPort_ShouldThrow' was skipped in the test run.&#xD;
Test 'ValidateIdpServer_CancellationRequest_ShouldThrow' was skipped in the test run.&#xD;
Test 'ValidateFasterIdpServerOnBothSchemas_WorkingHttpAddress_ShouldSuccess' was skipped in the test run.&#xD;
Test 'ValidateFasterIdpServerOnBothSchemas_WorkingHttpAddressAndCancellationRequest_ShouldCancelAndReturnEmptyResult' was skipped in the test run.&#xD;
</StdOut>
    </Output>
  </ResultSummary>
</TestRun>