<?xml version="1.0" encoding="utf-8"?>
<TestRun id="1b2f967f-35b0-4965-bbbd-a07f8e58c43f" name="DKSR-EFI-04$@DKSR-EFI-04 2023-12-22 09:33:10" runUser="NT AUTHORITY\NETWORK SERVICE" xmlns="http://microsoft.com/schemas/VisualStudio/TeamTest/2010">
  <Times creation="2023-12-22T09:33:10.8967691+01:00" queuing="2023-12-22T09:33:10.8967691+01:00" start="2023-12-22T09:33:01.9748508+01:00" finish="2023-12-22T09:33:13.0999057+01:00" />
  <TestSettings name="default" id="4f5e099f-1e1c-40a7-8fe2-25cd77a5e372">
    <Deployment runDeploymentRoot="DKSR-EFI-04$_DKSR-EFI-04_2023-12-22_09_33_10" />
  </TestSettings>
  <Results>
    <UnitTestResult executionId="91db7ef9-d122-4e6e-8ae0-6fac26d74838" testId="43121b78-4670-302c-140e-81a30f98bd4f" testName="Allocate_NegativeSize_Throws" computerName="DKSR-EFI-04" duration="00:00:00.0217712" startTime="2023-12-22T09:33:10.8030194+01:00" endTime="2023-12-22T09:33:10.8186423+01:00" testType="13cdc9d9-ddb5-4fa4-a97d-d965ccfc6d4b" outcome="Passed" testListId="8c84fa94-04c1-424b-9868-57a2d4851a1d" relativeResultsDirectory="91db7ef9-d122-4e6e-8ae0-6fac26d74838" />
    <UnitTestResult executionId="32b71e82-d2ec-4425-9d7b-7ba530333765" testId="dad95055-de8a-c0d7-7587-9787a6009316" testName="Free_Null_Throws" computerName="DKSR-EFI-04" duration="00:00:00.0041799" startTime="2023-12-22T09:33:10.8498971+01:00" endTime="2023-12-22T09:33:10.8498971+01:00" testType="13cdc9d9-ddb5-4fa4-a97d-d965ccfc6d4b" outcome="Passed" testListId="8c84fa94-04c1-424b-9868-57a2d4851a1d" relativeResultsDirectory="32b71e82-d2ec-4425-9d7b-7ba530333765" />
    <UnitTestResult executionId="870a4759-f572-4860-89d3-32e7a1553cdc" testId="698bd98f-43b5-e0a0-06a9-bfc9d54338e7" testName="Free_SunnyDay" computerName="DKSR-EFI-04" duration="00:00:00.0053697" startTime="2023-12-22T09:33:10.8342704+01:00" endTime="2023-12-22T09:33:10.8498971+01:00" testType="13cdc9d9-ddb5-4fa4-a97d-d965ccfc6d4b" outcome="Passed" testListId="8c84fa94-04c1-424b-9868-57a2d4851a1d" relativeResultsDirectory="870a4759-f572-4860-89d3-32e7a1553cdc" />
    <UnitTestResult executionId="c2c0d695-65ef-462c-854e-ac42784f9e9b" testId="d11d7bf0-207e-8a77-a60e-21c3a6490940" testName="AppConfigSettingParser_ParseSettings_NullOrEmpty_Returns_Null" computerName="DKSR-EFI-04" duration="00:00:00.0002875" startTime="2023-12-22T09:33:10.9905192+01:00" endTime="2023-12-22T09:33:10.9905192+01:00" testType="13cdc9d9-ddb5-4fa4-a97d-d965ccfc6d4b" outcome="Passed" testListId="8c84fa94-04c1-424b-9868-57a2d4851a1d" relativeResultsDirectory="c2c0d695-65ef-462c-854e-ac42784f9e9b" />
    <UnitTestResult executionId="a247ba65-8cf3-43dc-bd29-189c1664d909" testId="1215792e-5c2d-e5fd-4d5d-c3a5c74d9208" testName="AppConfigSettingParser_ParseSettings_Same_Size_Twice_Throws_ArguemtnException" computerName="DKSR-EFI-04" duration="00:00:00.0015125" startTime="2023-12-22T09:33:10.9905192+01:00" endTime="2023-12-22T09:33:10.9905192+01:00" testType="13cdc9d9-ddb5-4fa4-a97d-d965ccfc6d4b" outcome="Passed" testListId="8c84fa94-04c1-424b-9868-57a2d4851a1d" relativeResultsDirectory="a247ba65-8cf3-43dc-bd29-189c1664d909" />
    <UnitTestResult executionId="54424108-535d-4be2-88a9-ed7d532c9974" testId="128850a5-a21a-44f7-8d10-12cd1ad93f7f" testName="Initialize_Null_Throws_ArgumentNullException" computerName="DKSR-EFI-04" duration="00:00:00.0700605" startTime="2023-12-22T09:33:11.0061480+01:00" endTime="2023-12-22T09:33:11.0686449+01:00" testType="13cdc9d9-ddb5-4fa4-a97d-d965ccfc6d4b" outcome="Passed" testListId="8c84fa94-04c1-424b-9868-57a2d4851a1d" relativeResultsDirectory="54424108-535d-4be2-88a9-ed7d532c9974">
      <Output>
        <StdOut>Debug Trace:&#xD;
Fail: Argument null</StdOut>
      </Output>
    </UnitTestResult>
    <UnitTestResult executionId="94aeb787-5819-4a77-ab50-cd1592c02128" testId="fab072b2-5988-2d2c-7d9e-8a9c563cfad7" testName="CollectStatistics_No_Elements" computerName="DKSR-EFI-04" duration="00:00:00.1572272" startTime="2023-12-22T09:33:10.2405165+01:00" endTime="2023-12-22T09:33:10.3967662+01:00" testType="13cdc9d9-ddb5-4fa4-a97d-d965ccfc6d4b" outcome="Passed" testListId="8c84fa94-04c1-424b-9868-57a2d4851a1d" relativeResultsDirectory="94aeb787-5819-4a77-ab50-cd1592c02128" />
    <UnitTestResult executionId="5812c762-45bb-47b6-af79-4331cb6616bd" testId="109c387f-1a2a-feb0-a95d-cc46baa45442" testName="Free_SameTwice_Throws" computerName="DKSR-EFI-04" duration="00:00:00.0007518" startTime="2023-12-22T09:33:10.8813032+01:00" endTime="2023-12-22T09:33:10.8813032+01:00" testType="13cdc9d9-ddb5-4fa4-a97d-d965ccfc6d4b" outcome="Passed" testListId="8c84fa94-04c1-424b-9868-57a2d4851a1d" relativeResultsDirectory="5812c762-45bb-47b6-af79-4331cb6616bd" />
    <UnitTestResult executionId="10a98829-39e4-412c-8beb-7e76d3822a3e" testId="f384effd-39da-9ee4-7940-2c2ded240170" testName="Allocate_SunnyDay" computerName="DKSR-EFI-04" duration="00:00:00.3561566" startTime="2023-12-22T09:33:10.4280186+01:00" endTime="2023-12-22T09:33:10.7873955+01:00" testType="13cdc9d9-ddb5-4fa4-a97d-d965ccfc6d4b" outcome="Passed" testListId="8c84fa94-04c1-424b-9868-57a2d4851a1d" relativeResultsDirectory="10a98829-39e4-412c-8beb-7e76d3822a3e">
      <Output>
        <StdOut>Debug Trace:&#xD;
 &gt;&gt;&gt; Disposing FixedSizeBufferPool that has outstanding buffer allocations!&#xD;
 &gt;&gt;&gt; Disposing FixedSizeBufferPool that has outstanding buffer allocations!</StdOut>
      </Output>
    </UnitTestResult>
    <UnitTestResult executionId="007840aa-c067-4bc3-978e-23f7994b2867" testId="69a626bb-2a52-3675-50b0-a082f765d775" testName="AppConfigSettingParser_ParseSettings_Success" computerName="DKSR-EFI-04" duration="00:00:00.0976338" startTime="2023-12-22T09:33:10.8813032+01:00" endTime="2023-12-22T09:33:10.9748960+01:00" testType="13cdc9d9-ddb5-4fa4-a97d-d965ccfc6d4b" outcome="Passed" testListId="8c84fa94-04c1-424b-9868-57a2d4851a1d" relativeResultsDirectory="007840aa-c067-4bc3-978e-23f7994b2867" />
    <UnitTestResult executionId="0f1cc017-5fff-476f-958f-fe51d3db2720" testId="02714b49-4c16-4089-10c7-2c0bccb375d8" testName="InteropUtilities_CreateDriverSettingsFromSettingsChangedEvents_Empty_Settings_Success" computerName="DKSR-EFI-04" duration="00:00:00.0030294" startTime="2023-12-22T09:33:10.9905192+01:00" endTime="2023-12-22T09:33:10.9905192+01:00" testType="13cdc9d9-ddb5-4fa4-a97d-d965ccfc6d4b" outcome="Passed" testListId="8c84fa94-04c1-424b-9868-57a2d4851a1d" relativeResultsDirectory="0f1cc017-5fff-476f-958f-fe51d3db2720" />
    <UnitTestResult executionId="2915eedf-90ec-4e9d-8f14-61ec56c345fb" testId="0d6ce377-1df5-19d0-5295-69145f34d6c3" testName="AppConfigSettingParser_ParseSettings_InvalidFormat_Returns_Null" computerName="DKSR-EFI-04" duration="00:00:00.0009600" startTime="2023-12-22T09:33:10.9905192+01:00" endTime="2023-12-22T09:33:10.9905192+01:00" testType="13cdc9d9-ddb5-4fa4-a97d-d965ccfc6d4b" outcome="Passed" testListId="8c84fa94-04c1-424b-9868-57a2d4851a1d" relativeResultsDirectory="2915eedf-90ec-4e9d-8f14-61ec56c345fb" />
    <UnitTestResult executionId="b8434ac6-1406-4ce3-b4e3-e4abd13a9187" testId="f6e38e24-249d-df16-0b27-b48bf4310183" testName="CheckForInitXmlParamsSettings_HTTPSEnabled_NoInitSet_ReturnsNull" computerName="DKSR-EFI-04" duration="00:00:00.0583212" startTime="2023-12-22T09:33:12.4124024+01:00" endTime="2023-12-22T09:33:12.4749017+01:00" testType="13cdc9d9-ddb5-4fa4-a97d-d965ccfc6d4b" outcome="Passed" testListId="8c84fa94-04c1-424b-9868-57a2d4851a1d" relativeResultsDirectory="b8434ac6-1406-4ce3-b4e3-e4abd13a9187" />
    <UnitTestResult executionId="e0f5e247-2b00-4f12-87c1-c692e977af0b" testId="b38e7c75-a869-a1a0-9161-7262cd4aef87" testName="CollectStatistics_Two_Elements" computerName="DKSR-EFI-04" duration="00:00:00.0005051" startTime="2023-12-22T09:33:10.4123911+01:00" endTime="2023-12-22T09:33:10.4123911+01:00" testType="13cdc9d9-ddb5-4fa4-a97d-d965ccfc6d4b" outcome="Passed" testListId="8c84fa94-04c1-424b-9868-57a2d4851a1d" relativeResultsDirectory="e0f5e247-2b00-4f12-87c1-c692e977af0b" />
    <UnitTestResult executionId="a6850533-8851-4795-a012-4daead8f94a9" testId="8026f2ac-cc65-18e0-770e-b2ef4a6d90a7" testName="Allocate_BiggerThanLargest_RoundsUp" computerName="DKSR-EFI-04" duration="00:00:00.0008369" startTime="2023-12-22T09:33:10.8342704+01:00" endTime="2023-12-22T09:33:10.8342704+01:00" testType="13cdc9d9-ddb5-4fa4-a97d-d965ccfc6d4b" outcome="Passed" testListId="8c84fa94-04c1-424b-9868-57a2d4851a1d" relativeResultsDirectory="a6850533-8851-4795-a012-4daead8f94a9">
      <Output>
        <StdOut>Debug Trace:&#xD;
 &gt;&gt;&gt; Disposing FixedSizeBufferPool that has outstanding buffer allocations!</StdOut>
      </Output>
    </UnitTestResult>
    <UnitTestResult executionId="35b6a78f-4a6d-48f9-aafe-d3f6f34a1f46" testId="699928ba-6707-fb89-d6b2-d5598c6f1419" testName="CollectStatistics_One_Element" computerName="DKSR-EFI-04" duration="00:00:00.0122272" startTime="2023-12-22T09:33:10.3967662+01:00" endTime="2023-12-22T09:33:10.4123911+01:00" testType="13cdc9d9-ddb5-4fa4-a97d-d965ccfc6d4b" outcome="Passed" testListId="8c84fa94-04c1-424b-9868-57a2d4851a1d" relativeResultsDirectory="35b6a78f-4a6d-48f9-aafe-d3f6f34a1f46" />
    <UnitTestResult executionId="d44cc4e2-51f4-47df-89c2-f88c35d04f8a" testId="a1b560fa-8625-d749-3cb0-7caec3f0af5a" testName="CheckForInitXmlParamsSettings_HTTPSEnabled_ReturnsXml" computerName="DKSR-EFI-04" duration="00:00:00.0050757" startTime="2023-12-22T09:33:12.4124024+01:00" endTime="2023-12-22T09:33:12.4124024+01:00" testType="13cdc9d9-ddb5-4fa4-a97d-d965ccfc6d4b" outcome="Passed" testListId="8c84fa94-04c1-424b-9868-57a2d4851a1d" relativeResultsDirectory="d44cc4e2-51f4-47df-89c2-f88c35d04f8a" />
    <UnitTestResult executionId="6660b8f8-539f-464a-8148-05b8af54b2e7" testId="2a102421-8a1a-0daa-c0d4-a0703833dde4" testName="CheckForInitXmlParamsSettings_NonInit_ReturnsNull" computerName="DKSR-EFI-04" duration="00:00:00.0281978" startTime="2023-12-22T09:33:12.3811533+01:00" endTime="2023-12-22T09:33:12.3967783+01:00" testType="13cdc9d9-ddb5-4fa4-a97d-d965ccfc6d4b" outcome="Passed" testListId="8c84fa94-04c1-424b-9868-57a2d4851a1d" relativeResultsDirectory="6660b8f8-539f-464a-8148-05b8af54b2e7" />
    <UnitTestResult executionId="099bed35-0da8-48b1-968d-60c3bdbbebc6" testId="dfceb8ec-27fa-9257-01a9-9056db4ebcdf" testName="CheckForInitXmlParamsSettings_Null_Throws_ArgumentNullException" computerName="DKSR-EFI-04" duration="00:00:01.2832400" startTime="2023-12-22T09:33:11.0686449+01:00" endTime="2023-12-22T09:33:12.3499015+01:00" testType="13cdc9d9-ddb5-4fa4-a97d-d965ccfc6d4b" outcome="Passed" testListId="8c84fa94-04c1-424b-9868-57a2d4851a1d" relativeResultsDirectory="099bed35-0da8-48b1-968d-60c3bdbbebc6">
      <Output>
        <StdOut>Debug Trace:&#xD;
Fail: Argument null</StdOut>
      </Output>
    </UnitTestResult>
    <UnitTestResult executionId="c4fc06e0-43db-4de3-8971-3b68d1304ac9" testId="0d39ef7b-6e07-c544-c9c7-6871249a17af" testName="MemoryLeakTest" computerName="DKSR-EFI-04" duration="00:00:00.0510872" startTime="2023-12-22T09:33:09.5998886+01:00" endTime="2023-12-22T09:33:10.1780159+01:00" testType="13cdc9d9-ddb5-4fa4-a97d-d965ccfc6d4b" outcome="Passed" testListId="8c84fa94-04c1-424b-9868-57a2d4851a1d" relativeResultsDirectory="c4fc06e0-43db-4de3-8971-3b68d1304ac9" />
  </Results>
  <TestDefinitions>
    <UnitTest name="CollectStatistics_No_Elements" storage="d:\actions-runner\_work\xpco\xpco\corporate\recordingserver\recorderservice\tst\videoos.io.drivers.interop.unittests\bin\x64\debug\net472\videoos.io.drivers.interop.unittests.dll" id="fab072b2-5988-2d2c-7d9e-8a9c563cfad7">
      <Execution id="94aeb787-5819-4a77-ab50-cd1592c02128" />
      <TestMethod codeBase="D:\actions-runner\_work\XPCO\XPCO\Corporate\RecordingServer\RecorderService\tst\VideoOS.IO.Drivers.Interop.UnitTests\bin\x64\Debug\net472\VideoOS.IO.Drivers.Interop.UnitTests.dll" adapterTypeName="executor://mstestadapter/v2" className="VideoOS.IO.Drivers.Interop.UnitTests.InteropTransferBufferDiagnosticsUnitTests" name="CollectStatistics_No_Elements" />
    </UnitTest>
    <UnitTest name="AppConfigSettingParser_ParseSettings_Success" storage="d:\actions-runner\_work\xpco\xpco\corporate\recordingserver\recorderservice\tst\videoos.io.drivers.interop.unittests\bin\x64\debug\net472\videoos.io.drivers.interop.unittests.dll" id="69a626bb-2a52-3675-50b0-a082f765d775">
      <Execution id="007840aa-c067-4bc3-978e-23f7994b2867" />
      <TestMethod codeBase="D:\actions-runner\_work\XPCO\XPCO\Corporate\RecordingServer\RecorderService\tst\VideoOS.IO.Drivers.Interop.UnitTests\bin\x64\Debug\net472\VideoOS.IO.Drivers.Interop.UnitTests.dll" adapterTypeName="executor://mstestadapter/v2" className="VideoOS.IO.Drivers.Interop.UnitTests.InteropTransferBufferUnitTests" name="AppConfigSettingParser_ParseSettings_Success" />
    </UnitTest>
    <UnitTest name="CollectStatistics_Two_Elements" storage="d:\actions-runner\_work\xpco\xpco\corporate\recordingserver\recorderservice\tst\videoos.io.drivers.interop.unittests\bin\x64\debug\net472\videoos.io.drivers.interop.unittests.dll" id="b38e7c75-a869-a1a0-9161-7262cd4aef87">
      <Execution id="e0f5e247-2b00-4f12-87c1-c692e977af0b" />
      <TestMethod codeBase="D:\actions-runner\_work\XPCO\XPCO\Corporate\RecordingServer\RecorderService\tst\VideoOS.IO.Drivers.Interop.UnitTests\bin\x64\Debug\net472\VideoOS.IO.Drivers.Interop.UnitTests.dll" adapterTypeName="executor://mstestadapter/v2" className="VideoOS.IO.Drivers.Interop.UnitTests.InteropTransferBufferDiagnosticsUnitTests" name="CollectStatistics_Two_Elements" />
    </UnitTest>
    <UnitTest name="Allocate_NegativeSize_Throws" storage="d:\actions-runner\_work\xpco\xpco\corporate\recordingserver\recorderservice\tst\videoos.io.drivers.interop.unittests\bin\x64\debug\net472\videoos.io.drivers.interop.unittests.dll" id="43121b78-4670-302c-140e-81a30f98bd4f">
      <Execution id="91db7ef9-d122-4e6e-8ae0-6fac26d74838" />
      <TestMethod codeBase="D:\actions-runner\_work\XPCO\XPCO\Corporate\RecordingServer\RecorderService\tst\VideoOS.IO.Drivers.Interop.UnitTests\bin\x64\Debug\net472\VideoOS.IO.Drivers.Interop.UnitTests.dll" adapterTypeName="executor://mstestadapter/v2" className="VideoOS.IO.Drivers.Interop.UnitTests.InteropTransferBufferUnitTests" name="Allocate_NegativeSize_Throws" />
    </UnitTest>
    <UnitTest name="MemoryLeakTest" storage="d:\actions-runner\_work\xpco\xpco\corporate\recordingserver\recorderservice\tst\videoos.io.drivers.interop.unittests\bin\x64\debug\net472\videoos.io.drivers.interop.unittests.dll" id="0d39ef7b-6e07-c544-c9c7-6871249a17af">
      <Execution id="c4fc06e0-43db-4de3-8971-3b68d1304ac9" />
      <TestMethod codeBase="D:\actions-runner\_work\XPCO\XPCO\Corporate\RecordingServer\RecorderService\tst\VideoOS.IO.Drivers.Interop.UnitTests\bin\x64\Debug\net472\VideoOS.IO.Drivers.Interop.UnitTests.dll" adapterTypeName="executor://mstestadapter/v2" className="VideoOS.IO.Drivers.Interop.UnitTests.FixedSizeBufferPoolTest" name="MemoryLeakTest" />
    </UnitTest>
    <UnitTest name="CheckForInitXmlParamsSettings_HTTPSEnabled_ReturnsXml" storage="d:\actions-runner\_work\xpco\xpco\corporate\recordingserver\recorderservice\tst\videoos.io.drivers.interop.unittests\bin\x64\debug\net472\videoos.io.drivers.interop.unittests.dll" id="a1b560fa-8625-d749-3cb0-7caec3f0af5a">
      <Execution id="d44cc4e2-51f4-47df-89c2-f88c35d04f8a" />
      <TestMethod codeBase="D:\actions-runner\_work\XPCO\XPCO\Corporate\RecordingServer\RecorderService\tst\VideoOS.IO.Drivers.Interop.UnitTests\bin\x64\Debug\net472\VideoOS.IO.Drivers.Interop.UnitTests.dll" adapterTypeName="executor://mstestadapter/v2" className="VideoOS.IO.Drivers.Interop.UnitTests.SettingsAnalyzerUnitTests" name="CheckForInitXmlParamsSettings_HTTPSEnabled_ReturnsXml" />
    </UnitTest>
    <UnitTest name="InteropUtilities_CreateDriverSettingsFromSettingsChangedEvents_Empty_Settings_Success" storage="d:\actions-runner\_work\xpco\xpco\corporate\recordingserver\recorderservice\tst\videoos.io.drivers.interop.unittests\bin\x64\debug\net472\videoos.io.drivers.interop.unittests.dll" id="02714b49-4c16-4089-10c7-2c0bccb375d8">
      <Execution id="0f1cc017-5fff-476f-958f-fe51d3db2720" />
      <TestMethod codeBase="D:\actions-runner\_work\XPCO\XPCO\Corporate\RecordingServer\RecorderService\tst\VideoOS.IO.Drivers.Interop.UnitTests\bin\x64\Debug\net472\VideoOS.IO.Drivers.Interop.UnitTests.dll" adapterTypeName="executor://mstestadapter/v2" className="VideoOS.IO.Drivers.Interop.UnitTests.InteropUtilitiesUnitTests" name="InteropUtilities_CreateDriverSettingsFromSettingsChangedEvents_Empty_Settings_Success" />
    </UnitTest>
    <UnitTest name="CheckForInitXmlParamsSettings_HTTPSEnabled_NoInitSet_ReturnsNull" storage="d:\actions-runner\_work\xpco\xpco\corporate\recordingserver\recorderservice\tst\videoos.io.drivers.interop.unittests\bin\x64\debug\net472\videoos.io.drivers.interop.unittests.dll" id="f6e38e24-249d-df16-0b27-b48bf4310183">
      <Execution id="b8434ac6-1406-4ce3-b4e3-e4abd13a9187" />
      <TestMethod codeBase="D:\actions-runner\_work\XPCO\XPCO\Corporate\RecordingServer\RecorderService\tst\VideoOS.IO.Drivers.Interop.UnitTests\bin\x64\Debug\net472\VideoOS.IO.Drivers.Interop.UnitTests.dll" adapterTypeName="executor://mstestadapter/v2" className="VideoOS.IO.Drivers.Interop.UnitTests.SettingsAnalyzerUnitTests" name="CheckForInitXmlParamsSettings_HTTPSEnabled_NoInitSet_ReturnsNull" />
    </UnitTest>
    <UnitTest name="AppConfigSettingParser_ParseSettings_NullOrEmpty_Returns_Null" storage="d:\actions-runner\_work\xpco\xpco\corporate\recordingserver\recorderservice\tst\videoos.io.drivers.interop.unittests\bin\x64\debug\net472\videoos.io.drivers.interop.unittests.dll" id="d11d7bf0-207e-8a77-a60e-21c3a6490940">
      <Execution id="c2c0d695-65ef-462c-854e-ac42784f9e9b" />
      <TestMethod codeBase="D:\actions-runner\_work\XPCO\XPCO\Corporate\RecordingServer\RecorderService\tst\VideoOS.IO.Drivers.Interop.UnitTests\bin\x64\Debug\net472\VideoOS.IO.Drivers.Interop.UnitTests.dll" adapterTypeName="executor://mstestadapter/v2" className="VideoOS.IO.Drivers.Interop.UnitTests.InteropTransferBufferUnitTests" name="AppConfigSettingParser_ParseSettings_NullOrEmpty_Returns_Null" />
    </UnitTest>
    <UnitTest name="AppConfigSettingParser_ParseSettings_Same_Size_Twice_Throws_ArguemtnException" storage="d:\actions-runner\_work\xpco\xpco\corporate\recordingserver\recorderservice\tst\videoos.io.drivers.interop.unittests\bin\x64\debug\net472\videoos.io.drivers.interop.unittests.dll" id="1215792e-5c2d-e5fd-4d5d-c3a5c74d9208">
      <Execution id="a247ba65-8cf3-43dc-bd29-189c1664d909" />
      <TestMethod codeBase="D:\actions-runner\_work\XPCO\XPCO\Corporate\RecordingServer\RecorderService\tst\VideoOS.IO.Drivers.Interop.UnitTests\bin\x64\Debug\net472\VideoOS.IO.Drivers.Interop.UnitTests.dll" adapterTypeName="executor://mstestadapter/v2" className="VideoOS.IO.Drivers.Interop.UnitTests.InteropTransferBufferUnitTests" name="AppConfigSettingParser_ParseSettings_Same_Size_Twice_Throws_ArguemtnException" />
    </UnitTest>
    <UnitTest name="Free_SunnyDay" storage="d:\actions-runner\_work\xpco\xpco\corporate\recordingserver\recorderservice\tst\videoos.io.drivers.interop.unittests\bin\x64\debug\net472\videoos.io.drivers.interop.unittests.dll" id="698bd98f-43b5-e0a0-06a9-bfc9d54338e7">
      <Execution id="870a4759-f572-4860-89d3-32e7a1553cdc" />
      <TestMethod codeBase="D:\actions-runner\_work\XPCO\XPCO\Corporate\RecordingServer\RecorderService\tst\VideoOS.IO.Drivers.Interop.UnitTests\bin\x64\Debug\net472\VideoOS.IO.Drivers.Interop.UnitTests.dll" adapterTypeName="executor://mstestadapter/v2" className="VideoOS.IO.Drivers.Interop.UnitTests.InteropTransferBufferUnitTests" name="Free_SunnyDay" />
    </UnitTest>
    <UnitTest name="CollectStatistics_One_Element" storage="d:\actions-runner\_work\xpco\xpco\corporate\recordingserver\recorderservice\tst\videoos.io.drivers.interop.unittests\bin\x64\debug\net472\videoos.io.drivers.interop.unittests.dll" id="699928ba-6707-fb89-d6b2-d5598c6f1419">
      <Execution id="35b6a78f-4a6d-48f9-aafe-d3f6f34a1f46" />
      <TestMethod codeBase="D:\actions-runner\_work\XPCO\XPCO\Corporate\RecordingServer\RecorderService\tst\VideoOS.IO.Drivers.Interop.UnitTests\bin\x64\Debug\net472\VideoOS.IO.Drivers.Interop.UnitTests.dll" adapterTypeName="executor://mstestadapter/v2" className="VideoOS.IO.Drivers.Interop.UnitTests.InteropTransferBufferDiagnosticsUnitTests" name="CollectStatistics_One_Element" />
    </UnitTest>
    <UnitTest name="Free_SameTwice_Throws" storage="d:\actions-runner\_work\xpco\xpco\corporate\recordingserver\recorderservice\tst\videoos.io.drivers.interop.unittests\bin\x64\debug\net472\videoos.io.drivers.interop.unittests.dll" id="109c387f-1a2a-feb0-a95d-cc46baa45442">
      <Execution id="5812c762-45bb-47b6-af79-4331cb6616bd" />
      <TestMethod codeBase="D:\actions-runner\_work\XPCO\XPCO\Corporate\RecordingServer\RecorderService\tst\VideoOS.IO.Drivers.Interop.UnitTests\bin\x64\Debug\net472\VideoOS.IO.Drivers.Interop.UnitTests.dll" adapterTypeName="executor://mstestadapter/v2" className="VideoOS.IO.Drivers.Interop.UnitTests.InteropTransferBufferUnitTests" name="Free_SameTwice_Throws" />
    </UnitTest>
    <UnitTest name="CheckForInitXmlParamsSettings_Null_Throws_ArgumentNullException" storage="d:\actions-runner\_work\xpco\xpco\corporate\recordingserver\recorderservice\tst\videoos.io.drivers.interop.unittests\bin\x64\debug\net472\videoos.io.drivers.interop.unittests.dll" id="dfceb8ec-27fa-9257-01a9-9056db4ebcdf">
      <Execution id="099bed35-0da8-48b1-968d-60c3bdbbebc6" />
      <TestMethod codeBase="D:\actions-runner\_work\XPCO\XPCO\Corporate\RecordingServer\RecorderService\tst\VideoOS.IO.Drivers.Interop.UnitTests\bin\x64\Debug\net472\VideoOS.IO.Drivers.Interop.UnitTests.dll" adapterTypeName="executor://mstestadapter/v2" className="VideoOS.IO.Drivers.Interop.UnitTests.SettingsAnalyzerUnitTests" name="CheckForInitXmlParamsSettings_Null_Throws_ArgumentNullException" />
    </UnitTest>
    <UnitTest name="Allocate_SunnyDay" storage="d:\actions-runner\_work\xpco\xpco\corporate\recordingserver\recorderservice\tst\videoos.io.drivers.interop.unittests\bin\x64\debug\net472\videoos.io.drivers.interop.unittests.dll" id="f384effd-39da-9ee4-7940-2c2ded240170">
      <Execution id="10a98829-39e4-412c-8beb-7e76d3822a3e" />
      <TestMethod codeBase="D:\actions-runner\_work\XPCO\XPCO\Corporate\RecordingServer\RecorderService\tst\VideoOS.IO.Drivers.Interop.UnitTests\bin\x64\Debug\net472\VideoOS.IO.Drivers.Interop.UnitTests.dll" adapterTypeName="executor://mstestadapter/v2" className="VideoOS.IO.Drivers.Interop.UnitTests.InteropTransferBufferUnitTests" name="Allocate_SunnyDay" />
    </UnitTest>
    <UnitTest name="Free_Null_Throws" storage="d:\actions-runner\_work\xpco\xpco\corporate\recordingserver\recorderservice\tst\videoos.io.drivers.interop.unittests\bin\x64\debug\net472\videoos.io.drivers.interop.unittests.dll" id="dad95055-de8a-c0d7-7587-9787a6009316">
      <Execution id="32b71e82-d2ec-4425-9d7b-7ba530333765" />
      <TestMethod codeBase="D:\actions-runner\_work\XPCO\XPCO\Corporate\RecordingServer\RecorderService\tst\VideoOS.IO.Drivers.Interop.UnitTests\bin\x64\Debug\net472\VideoOS.IO.Drivers.Interop.UnitTests.dll" adapterTypeName="executor://mstestadapter/v2" className="VideoOS.IO.Drivers.Interop.UnitTests.InteropTransferBufferUnitTests" name="Free_Null_Throws" />
    </UnitTest>
    <UnitTest name="CheckForInitXmlParamsSettings_NonInit_ReturnsNull" storage="d:\actions-runner\_work\xpco\xpco\corporate\recordingserver\recorderservice\tst\videoos.io.drivers.interop.unittests\bin\x64\debug\net472\videoos.io.drivers.interop.unittests.dll" id="2a102421-8a1a-0daa-c0d4-a0703833dde4">
      <Execution id="6660b8f8-539f-464a-8148-05b8af54b2e7" />
      <TestMethod codeBase="D:\actions-runner\_work\XPCO\XPCO\Corporate\RecordingServer\RecorderService\tst\VideoOS.IO.Drivers.Interop.UnitTests\bin\x64\Debug\net472\VideoOS.IO.Drivers.Interop.UnitTests.dll" adapterTypeName="executor://mstestadapter/v2" className="VideoOS.IO.Drivers.Interop.UnitTests.SettingsAnalyzerUnitTests" name="CheckForInitXmlParamsSettings_NonInit_ReturnsNull" />
    </UnitTest>
    <UnitTest name="AppConfigSettingParser_ParseSettings_InvalidFormat_Returns_Null" storage="d:\actions-runner\_work\xpco\xpco\corporate\recordingserver\recorderservice\tst\videoos.io.drivers.interop.unittests\bin\x64\debug\net472\videoos.io.drivers.interop.unittests.dll" id="0d6ce377-1df5-19d0-5295-69145f34d6c3">
      <Execution id="2915eedf-90ec-4e9d-8f14-61ec56c345fb" />
      <TestMethod codeBase="D:\actions-runner\_work\XPCO\XPCO\Corporate\RecordingServer\RecorderService\tst\VideoOS.IO.Drivers.Interop.UnitTests\bin\x64\Debug\net472\VideoOS.IO.Drivers.Interop.UnitTests.dll" adapterTypeName="executor://mstestadapter/v2" className="VideoOS.IO.Drivers.Interop.UnitTests.InteropTransferBufferUnitTests" name="AppConfigSettingParser_ParseSettings_InvalidFormat_Returns_Null" />
    </UnitTest>
    <UnitTest name="Allocate_BiggerThanLargest_RoundsUp" storage="d:\actions-runner\_work\xpco\xpco\corporate\recordingserver\recorderservice\tst\videoos.io.drivers.interop.unittests\bin\x64\debug\net472\videoos.io.drivers.interop.unittests.dll" id="8026f2ac-cc65-18e0-770e-b2ef4a6d90a7">
      <Execution id="a6850533-8851-4795-a012-4daead8f94a9" />
      <TestMethod codeBase="D:\actions-runner\_work\XPCO\XPCO\Corporate\RecordingServer\RecorderService\tst\VideoOS.IO.Drivers.Interop.UnitTests\bin\x64\Debug\net472\VideoOS.IO.Drivers.Interop.UnitTests.dll" adapterTypeName="executor://mstestadapter/v2" className="VideoOS.IO.Drivers.Interop.UnitTests.InteropTransferBufferUnitTests" name="Allocate_BiggerThanLargest_RoundsUp" />
    </UnitTest>
    <UnitTest name="Initialize_Null_Throws_ArgumentNullException" storage="d:\actions-runner\_work\xpco\xpco\corporate\recordingserver\recorderservice\tst\videoos.io.drivers.interop.unittests\bin\x64\debug\net472\videoos.io.drivers.interop.unittests.dll" id="128850a5-a21a-44f7-8d10-12cd1ad93f7f">
      <Execution id="54424108-535d-4be2-88a9-ed7d532c9974" />
      <TestMethod codeBase="D:\actions-runner\_work\XPCO\XPCO\Corporate\RecordingServer\RecorderService\tst\VideoOS.IO.Drivers.Interop.UnitTests\bin\x64\Debug\net472\VideoOS.IO.Drivers.Interop.UnitTests.dll" adapterTypeName="executor://mstestadapter/v2" className="VideoOS.IO.Drivers.Interop.UnitTests.SettingsAnalyzerUnitTests" name="Initialize_Null_Throws_ArgumentNullException" />
    </UnitTest>
  </TestDefinitions>
  <TestEntries>
    <TestEntry testId="43121b78-4670-302c-140e-81a30f98bd4f" executionId="91db7ef9-d122-4e6e-8ae0-6fac26d74838" testListId="8c84fa94-04c1-424b-9868-57a2d4851a1d" />
    <TestEntry testId="dad95055-de8a-c0d7-7587-9787a6009316" executionId="32b71e82-d2ec-4425-9d7b-7ba530333765" testListId="8c84fa94-04c1-424b-9868-57a2d4851a1d" />
    <TestEntry testId="698bd98f-43b5-e0a0-06a9-bfc9d54338e7" executionId="870a4759-f572-4860-89d3-32e7a1553cdc" testListId="8c84fa94-04c1-424b-9868-57a2d4851a1d" />
    <TestEntry testId="d11d7bf0-207e-8a77-a60e-21c3a6490940" executionId="c2c0d695-65ef-462c-854e-ac42784f9e9b" testListId="8c84fa94-04c1-424b-9868-57a2d4851a1d" />
    <TestEntry testId="1215792e-5c2d-e5fd-4d5d-c3a5c74d9208" executionId="a247ba65-8cf3-43dc-bd29-189c1664d909" testListId="8c84fa94-04c1-424b-9868-57a2d4851a1d" />
    <TestEntry testId="128850a5-a21a-44f7-8d10-12cd1ad93f7f" executionId="54424108-535d-4be2-88a9-ed7d532c9974" testListId="8c84fa94-04c1-424b-9868-57a2d4851a1d" />
    <TestEntry testId="fab072b2-5988-2d2c-7d9e-8a9c563cfad7" executionId="94aeb787-5819-4a77-ab50-cd1592c02128" testListId="8c84fa94-04c1-424b-9868-57a2d4851a1d" />
    <TestEntry testId="109c387f-1a2a-feb0-a95d-cc46baa45442" executionId="5812c762-45bb-47b6-af79-4331cb6616bd" testListId="8c84fa94-04c1-424b-9868-57a2d4851a1d" />
    <TestEntry testId="f384effd-39da-9ee4-7940-2c2ded240170" executionId="10a98829-39e4-412c-8beb-7e76d3822a3e" testListId="8c84fa94-04c1-424b-9868-57a2d4851a1d" />
    <TestEntry testId="69a626bb-2a52-3675-50b0-a082f765d775" executionId="007840aa-c067-4bc3-978e-23f7994b2867" testListId="8c84fa94-04c1-424b-9868-57a2d4851a1d" />
    <TestEntry testId="02714b49-4c16-4089-10c7-2c0bccb375d8" executionId="0f1cc017-5fff-476f-958f-fe51d3db2720" testListId="8c84fa94-04c1-424b-9868-57a2d4851a1d" />
    <TestEntry testId="0d6ce377-1df5-19d0-5295-69145f34d6c3" executionId="2915eedf-90ec-4e9d-8f14-61ec56c345fb" testListId="8c84fa94-04c1-424b-9868-57a2d4851a1d" />
    <TestEntry testId="f6e38e24-249d-df16-0b27-b48bf4310183" executionId="b8434ac6-1406-4ce3-b4e3-e4abd13a9187" testListId="8c84fa94-04c1-424b-9868-57a2d4851a1d" />
    <TestEntry testId="b38e7c75-a869-a1a0-9161-7262cd4aef87" executionId="e0f5e247-2b00-4f12-87c1-c692e977af0b" testListId="8c84fa94-04c1-424b-9868-57a2d4851a1d" />
    <TestEntry testId="8026f2ac-cc65-18e0-770e-b2ef4a6d90a7" executionId="a6850533-8851-4795-a012-4daead8f94a9" testListId="8c84fa94-04c1-424b-9868-57a2d4851a1d" />
    <TestEntry testId="699928ba-6707-fb89-d6b2-d5598c6f1419" executionId="35b6a78f-4a6d-48f9-aafe-d3f6f34a1f46" testListId="8c84fa94-04c1-424b-9868-57a2d4851a1d" />
    <TestEntry testId="a1b560fa-8625-d749-3cb0-7caec3f0af5a" executionId="d44cc4e2-51f4-47df-89c2-f88c35d04f8a" testListId="8c84fa94-04c1-424b-9868-57a2d4851a1d" />
    <TestEntry testId="2a102421-8a1a-0daa-c0d4-a0703833dde4" executionId="6660b8f8-539f-464a-8148-05b8af54b2e7" testListId="8c84fa94-04c1-424b-9868-57a2d4851a1d" />
    <TestEntry testId="dfceb8ec-27fa-9257-01a9-9056db4ebcdf" executionId="099bed35-0da8-48b1-968d-60c3bdbbebc6" testListId="8c84fa94-04c1-424b-9868-57a2d4851a1d" />
    <TestEntry testId="0d39ef7b-6e07-c544-c9c7-6871249a17af" executionId="c4fc06e0-43db-4de3-8971-3b68d1304ac9" testListId="8c84fa94-04c1-424b-9868-57a2d4851a1d" />
  </TestEntries>
  <TestLists>
    <TestList name="Results Not in a List" id="8c84fa94-04c1-424b-9868-57a2d4851a1d" />
    <TestList name="All Loaded Results" id="19431567-8539-422a-85d7-44ee4e166bda" />
  </TestLists>
  <ResultSummary outcome="Completed">
    <Counters total="20" executed="20" passed="20" failed="0" error="0" timeout="0" aborted="0" inconclusive="0" passedButRunAborted="0" notRunnable="0" notExecuted="0" disconnected="0" warning="0" completed="0" inProgress="0" pending="0" />
  </ResultSummary>
</TestRun>