<?xml version="1.0" encoding="utf-8"?>
<TestRun id="61c1492b-e720-44be-9a3f-787bafee2d69" name="DKSR-EFI-04$@DKSR-EFI-04 2023-12-22 09:32:38" runUser="NT AUTHORITY\NETWORK SERVICE" xmlns="http://microsoft.com/schemas/VisualStudio/TeamTest/2010">
  <Times creation="2023-12-22T09:32:38.9747417+01:00" queuing="2023-12-22T09:32:38.9747417+01:00" start="2023-12-22T09:32:35.8966059+01:00" finish="2023-12-22T09:32:47.4279098+01:00" />
  <TestSettings name="default" id="60d3368d-28fc-4891-92d0-50cb2fbe88b0">
    <Deployment runDeploymentRoot="DKSR-EFI-04$_DKSR-EFI-04_2023-12-22_09_32_38" />
  </TestSettings>
  <Results>
    <UnitTestResult executionId="99864528-3b23-4761-9dc0-8ffe04f3d012" testId="6c6d525e-74c7-a08a-386c-ecebb15fa43a" testName="LogCreatedByFactory_FileLogger_AllLogLevels_WillWriteToConfiguredFile (Warn)" computerName="DKSR-EFI-04" duration="00:00:01.8627197" startTime="2023-12-22T09:32:38.5306247+01:00" endTime="2023-12-22T09:32:40.3936870+01:00" testType="13cdc9d9-ddb5-4fa4-a97d-d965ccfc6d4b" outcome="Passed" testListId="8c84fa94-04c1-424b-9868-57a2d4851a1d" relativeResultsDirectory="99864528-3b23-4761-9dc0-8ffe04f3d012" />
    <UnitTestResult executionId="fd8de58b-f681-43b4-9d71-7276f84c9b0e" testId="0f17dc9e-173f-0ca7-b557-068e19fcae24" testName="LogCreatedThroughIoC_ServiceCollection_ConsoleLogger_WillWriteToStringWriter (False)" computerName="DKSR-EFI-04" duration="00:00:00.0063079" startTime="2023-12-22T09:32:43.6271806+01:00" endTime="2023-12-22T09:32:43.6336527+01:00" testType="13cdc9d9-ddb5-4fa4-a97d-d965ccfc6d4b" outcome="Passed" testListId="8c84fa94-04c1-424b-9868-57a2d4851a1d" relativeResultsDirectory="fd8de58b-f681-43b4-9d71-7276f84c9b0e" />
    <UnitTestResult executionId="cd5c4d7b-bc2b-4b9d-b87e-9d8df9b4639d" testId="96d604e8-0d41-8777-a315-9a0cb8b5d048" testName="WhenLoadingAFullConfiguration_TheILogConfigurationIsInitialized" computerName="DKSR-EFI-04" duration="00:00:00.1683380" startTime="2023-12-22T09:32:37.6448304+01:00" endTime="2023-12-22T09:32:37.8406351+01:00" testType="13cdc9d9-ddb5-4fa4-a97d-d965ccfc6d4b" outcome="Passed" testListId="8c84fa94-04c1-424b-9868-57a2d4851a1d" relativeResultsDirectory="cd5c4d7b-bc2b-4b9d-b87e-9d8df9b4639d" />
    <UnitTestResult executionId="758ddc37-5376-4a21-90e3-01b91a1dad0f" testId="3c630a8f-2bc9-20d3-3c0e-fd2d1fc2a498" testName="LogCreatedThroughIoC_ServiceCollection_ConsoleLogger_WillWriteToStringWriter (True)" computerName="DKSR-EFI-04" duration="00:00:00.0117363" startTime="2023-12-22T09:32:43.6337073+01:00" endTime="2023-12-22T09:32:43.6456328+01:00" testType="13cdc9d9-ddb5-4fa4-a97d-d965ccfc6d4b" outcome="Passed" testListId="8c84fa94-04c1-424b-9868-57a2d4851a1d" relativeResultsDirectory="758ddc37-5376-4a21-90e3-01b91a1dad0f" />
    <UnitTestResult executionId="8dd89aa2-42f4-4131-85df-dd35da7bce14" testId="f6a746f5-ff88-dd52-c6a1-1924eb996ea6" testName="LoggerCreatedThroughIoC_HostBuilder_FileLogger_WillWriteToConfiguredFile (Info)" computerName="DKSR-EFI-04" duration="00:00:00.0944420" startTime="2023-12-22T09:32:41.4728908+01:00" endTime="2023-12-22T09:32:41.5675846+01:00" testType="13cdc9d9-ddb5-4fa4-a97d-d965ccfc6d4b" outcome="Passed" testListId="8c84fa94-04c1-424b-9868-57a2d4851a1d" relativeResultsDirectory="8dd89aa2-42f4-4131-85df-dd35da7bce14" />
    <UnitTestResult executionId="4f88c63c-a847-4442-970f-b78def908d07" testId="a468c204-c993-0f1f-2361-69e3cbabb464" testName="FileLoggerCreated_when_Logging_TheLayoutOfTheLogLinesAreCorrect (False)" computerName="DKSR-EFI-04" duration="00:00:00.0120332" startTime="2023-12-22T09:32:45.7815896+01:00" endTime="2023-12-22T09:32:45.7937998+01:00" testType="13cdc9d9-ddb5-4fa4-a97d-d965ccfc6d4b" outcome="Passed" testListId="8c84fa94-04c1-424b-9868-57a2d4851a1d" relativeResultsDirectory="4f88c63c-a847-4442-970f-b78def908d07" />
    <UnitTestResult executionId="a61ea6cd-79d5-4ff0-8302-25b44e22623b" testId="0b6a1a42-0808-ec45-fcb7-eca6e61b0c42" testName="LogCreatedThroughIoC_HostBuilder_ConsoleLogger_WillWriteToStringWriter (False)" computerName="DKSR-EFI-04" duration="00:00:00.0041573" startTime="2023-12-22T09:32:43.4188916+01:00" endTime="2023-12-22T09:32:43.4232206+01:00" testType="13cdc9d9-ddb5-4fa4-a97d-d965ccfc6d4b" outcome="Passed" testListId="8c84fa94-04c1-424b-9868-57a2d4851a1d" relativeResultsDirectory="a61ea6cd-79d5-4ff0-8302-25b44e22623b" />
    <UnitTestResult executionId="a1f68bd5-a2e7-43a0-b980-2ac0a6f0e348" testId="59a2c458-0aed-599b-9739-4a26a56ec6c2" testName="LogCreatedByFactory_FileLogger_WillWriteToConfiguredFile (False)" computerName="DKSR-EFI-04" duration="00:00:00.5357529" startTime="2023-12-22T09:32:37.8567965+01:00" endTime="2023-12-22T09:32:38.3982002+01:00" testType="13cdc9d9-ddb5-4fa4-a97d-d965ccfc6d4b" outcome="Passed" testListId="8c84fa94-04c1-424b-9868-57a2d4851a1d" relativeResultsDirectory="a1f68bd5-a2e7-43a0-b980-2ac0a6f0e348" />
    <UnitTestResult executionId="fc356274-ea6d-4078-9ec4-2c5a299aff87" testId="ad3d4ce5-f30a-6e28-b242-ab11ffe9ead8" testName="LogCreatedThroughIoC_HostBuilder_FileLogger_WillWriteToConfiguredFile (True)" computerName="DKSR-EFI-04" duration="00:00:01.0381761" startTime="2023-12-22T09:32:42.3077851+01:00" endTime="2023-12-22T09:32:43.3549759+01:00" testType="13cdc9d9-ddb5-4fa4-a97d-d965ccfc6d4b" outcome="Passed" testListId="8c84fa94-04c1-424b-9868-57a2d4851a1d" relativeResultsDirectory="fc356274-ea6d-4078-9ec4-2c5a299aff87" />
    <UnitTestResult executionId="19ab4701-6f3d-4d59-b059-55e334ef9041" testId="7f428514-fc31-b8b8-daa4-96f3eae7b829" testName="LoggerCreatedThroughIoC_ServiceCollection_ConsoleLogger_WillWriteToStringWriter (False)" computerName="DKSR-EFI-04" duration="00:00:00.0044635" startTime="2023-12-22T09:32:43.6172320+01:00" endTime="2023-12-22T09:32:43.6218331+01:00" testType="13cdc9d9-ddb5-4fa4-a97d-d965ccfc6d4b" outcome="Passed" testListId="8c84fa94-04c1-424b-9868-57a2d4851a1d" relativeResultsDirectory="19ab4701-6f3d-4d59-b059-55e334ef9041" />
    <UnitTestResult executionId="1b97aff5-ae39-4995-af52-76ca7342d742" testId="bc636bb5-fd84-f7ba-bf73-30f03f2af620" testName="LoggerCreatedThroughIoC_ServiceCollection_FileLogger_WillWriteToConfiguredFile (Error)" computerName="DKSR-EFI-04" duration="00:00:00.0157370" startTime="2023-12-22T09:32:43.5615130+01:00" endTime="2023-12-22T09:32:43.5774772+01:00" testType="13cdc9d9-ddb5-4fa4-a97d-d965ccfc6d4b" outcome="Passed" testListId="8c84fa94-04c1-424b-9868-57a2d4851a1d" relativeResultsDirectory="1b97aff5-ae39-4995-af52-76ca7342d742" />
    <UnitTestResult executionId="535ed1cc-30c9-43d9-bc3d-d0899cf14583" testId="37d71e0d-5e9f-9dad-cf7a-e55ab724d016" testName="LogCreatedByFactory_HostBuilder_ConsoleLogger_WillWriteToStringWriter (True)" computerName="DKSR-EFI-04" duration="00:00:00.0326774" startTime="2023-12-22T09:32:43.3650957+01:00" endTime="2023-12-22T09:32:43.3979519+01:00" testType="13cdc9d9-ddb5-4fa4-a97d-d965ccfc6d4b" outcome="Passed" testListId="8c84fa94-04c1-424b-9868-57a2d4851a1d" relativeResultsDirectory="535ed1cc-30c9-43d9-bc3d-d0899cf14583" />
    <UnitTestResult executionId="fb502bf1-3bd3-4d85-add4-1486b1d0c89f" testId="32da627d-3735-3ade-dbbf-7986f3701ad1" testName="WhenADayPasses_Logger_WillCreateAnArchiveFiles" computerName="DKSR-EFI-04" duration="00:00:00.9041783" startTime="2023-12-22T09:32:45.7938494+01:00" endTime="2023-12-22T09:32:46.6981685+01:00" testType="13cdc9d9-ddb5-4fa4-a97d-d965ccfc6d4b" outcome="Passed" testListId="8c84fa94-04c1-424b-9868-57a2d4851a1d" relativeResultsDirectory="fb502bf1-3bd3-4d85-add4-1486b1d0c89f" />
    <UnitTestResult executionId="7b0d4fee-a8b0-4119-96e0-9f1ee438a6c0" testId="f95c26a8-c543-8f1a-9ca2-35d735052f45" testName="LoggerCreatedThroughIoC_HostBuilder_FileLogger_WillWriteToConfiguredFile (Debug)" computerName="DKSR-EFI-04" duration="00:00:00.6184826" startTime="2023-12-22T09:32:40.8540190+01:00" endTime="2023-12-22T09:32:41.4728020+01:00" testType="13cdc9d9-ddb5-4fa4-a97d-d965ccfc6d4b" outcome="Passed" testListId="8c84fa94-04c1-424b-9868-57a2d4851a1d" relativeResultsDirectory="7b0d4fee-a8b0-4119-96e0-9f1ee438a6c0" />
    <UnitTestResult executionId="421ab210-8ac7-4bdd-a350-122cbda3fd15" testId="7e89de10-5b2f-a525-7e2f-c7ec4be3f873" testName="LoggerCreatedThroughIoC_HostBuilder_ConsoleLogger_WillWriteToStringWriter (False)" computerName="DKSR-EFI-04" duration="00:00:00.0165129" startTime="2023-12-22T09:32:43.3980297+01:00" endTime="2023-12-22T09:32:43.4147545+01:00" testType="13cdc9d9-ddb5-4fa4-a97d-d965ccfc6d4b" outcome="Passed" testListId="8c84fa94-04c1-424b-9868-57a2d4851a1d" relativeResultsDirectory="421ab210-8ac7-4bdd-a350-122cbda3fd15" />
    <UnitTestResult executionId="41d4d17b-6ad5-440c-b82a-6cf270f8263a" testId="b69751c6-e854-df22-d3a6-a5f459535314" testName="WhenTimePassesRetentionTime_Logger_WillDeleteOldArchiveFiles" computerName="DKSR-EFI-04" duration="00:00:00.0434753" startTime="2023-12-22T09:32:46.7806309+01:00" endTime="2023-12-22T09:32:46.8242480+01:00" testType="13cdc9d9-ddb5-4fa4-a97d-d965ccfc6d4b" outcome="Passed" testListId="8c84fa94-04c1-424b-9868-57a2d4851a1d" relativeResultsDirectory="41d4d17b-6ad5-440c-b82a-6cf270f8263a" />
    <UnitTestResult executionId="76583a09-6f31-4e07-8a00-b41a4dd66043" testId="316c98cc-180b-01cc-8b1c-b57a95d1bfd4" testName="LoggerCreatedThroughIoC_HostBuilder_ConsoleLogger_WillWriteToStringWriter (True)" computerName="DKSR-EFI-04" duration="00:00:00.0038146" startTime="2023-12-22T09:32:43.4148275+01:00" endTime="2023-12-22T09:32:43.4188294+01:00" testType="13cdc9d9-ddb5-4fa4-a97d-d965ccfc6d4b" outcome="Passed" testListId="8c84fa94-04c1-424b-9868-57a2d4851a1d" relativeResultsDirectory="76583a09-6f31-4e07-8a00-b41a4dd66043" />
    <UnitTestResult executionId="80f0456f-3e04-4fa1-b858-d456f27b29e1" testId="a14f8cd6-99c2-95bd-8ec1-4e9ed5096e0c" testName="FileLoggerCreated_when_Logging_TheLayoutOfTheLogLinesAreCorrect (True)" computerName="DKSR-EFI-04" duration="00:00:00.0206110" startTime="2023-12-22T09:32:45.7606896+01:00" endTime="2023-12-22T09:32:45.7815196+01:00" testType="13cdc9d9-ddb5-4fa4-a97d-d965ccfc6d4b" outcome="Passed" testListId="8c84fa94-04c1-424b-9868-57a2d4851a1d" relativeResultsDirectory="80f0456f-3e04-4fa1-b858-d456f27b29e1" />
    <UnitTestResult executionId="d827388a-1e9f-49c0-ad99-393fbacfc339" testId="1f51b097-b0e8-b143-4e62-ca02a8b1ca6a" testName="LoggerCreatedThroughIoC_ServiceCollection_ConsoleLogger_WillWriteToStringWriter (True)" computerName="DKSR-EFI-04" duration="00:00:00.0050506" startTime="2023-12-22T09:32:43.6218872+01:00" endTime="2023-12-22T09:32:43.6270917+01:00" testType="13cdc9d9-ddb5-4fa4-a97d-d965ccfc6d4b" outcome="Passed" testListId="8c84fa94-04c1-424b-9868-57a2d4851a1d" relativeResultsDirectory="d827388a-1e9f-49c0-ad99-393fbacfc339" />
    <UnitTestResult executionId="a229cb0a-1b3c-4387-b708-c54d49b3f1f4" testId="01befc98-a098-03d3-d5a6-c1b521bbc1dd" testName="LogCreatedThroughIoC_ServiceCollection_FileLogger_WillWriteToConfiguredFile (True)" computerName="DKSR-EFI-04" duration="00:00:00.0163662" startTime="2023-12-22T09:32:43.5930378+01:00" endTime="2023-12-22T09:32:43.6096241+01:00" testType="13cdc9d9-ddb5-4fa4-a97d-d965ccfc6d4b" outcome="Passed" testListId="8c84fa94-04c1-424b-9868-57a2d4851a1d" relativeResultsDirectory="a229cb0a-1b3c-4387-b708-c54d49b3f1f4" />
    <UnitTestResult executionId="4cfafa71-ba93-4d14-b8fd-1a9fc21bbbee" testId="b6917b91-304a-49f2-89a1-d6981569f280" testName="WhenExceedingArchiveAboveSize_Logger_WillCreateAnArchiveFile (0)" computerName="DKSR-EFI-04" duration="00:00:00.1190586" startTime="2023-12-22T09:32:46.8243078+01:00" endTime="2023-12-22T09:32:46.9436366+01:00" testType="13cdc9d9-ddb5-4fa4-a97d-d965ccfc6d4b" outcome="Passed" testListId="8c84fa94-04c1-424b-9868-57a2d4851a1d" relativeResultsDirectory="4cfafa71-ba93-4d14-b8fd-1a9fc21bbbee">
      <Output>
        <StdOut>Archive file:tmpD82 (20231222.0000).tmp Creation time:1/1/1601 1:00:00 AM&#xD;
Archive file:tmpD82 (20231222.0001).tmp Creation time:1/1/1601 1:00:00 AM&#xD;
Archive file:tmpD82 (20231222.0002).tmp Creation time:1/1/1601 1:00:00 AM&#xD;
Archive file:tmpD82 (20231222.0003).tmp Creation time:1/1/1601 1:00:00 AM&#xD;
Archive file:tmpD82 (20231222.0004).tmp Creation time:1/1/1601 1:00:00 AM&#xD;
Archive file:tmpD82 (20231222.0005).tmp Creation time:1/1/1601 1:00:00 AM&#xD;
Archive file:tmpD82 (20231222.0006).tmp Creation time:1/1/1601 1:00:00 AM&#xD;
Archive file:tmpD82 (20231222.0007).tmp Creation time:1/1/1601 1:00:00 AM&#xD;
Archive file:tmpD82 (20231222.0008).tmp Creation time:1/1/1601 1:00:00 AM&#xD;
Archive file:tmpD82 (20231222.0009).tmp Creation time:1/1/1601 1:00:00 AM&#xD;
Archive file:tmpD82 (20231222.0010).tmp Creation time:1/1/1601 1:00:00 AM&#xD;
Archive file:tmpD82 (20231222.0011).tmp Creation time:1/1/1601 1:00:00 AM&#xD;
Archive file:tmpD82 (20231222.0012).tmp Creation time:1/1/1601 1:00:00 AM&#xD;
Archive file:tmpD82 (20231222.0013).tmp Creation time:1/1/1601 1:00:00 AM&#xD;
Archive file:tmpD82 (20231222.0014).tmp Creation time:1/1/1601 1:00:00 AM&#xD;
Archive file:tmpD82 (20231222.0015).tmp Creation time:1/1/1601 1:00:00 AM&#xD;
Archive file:tmpD82 (20231222.0016).tmp Creation time:1/1/1601 1:00:00 AM</StdOut>
      </Output>
    </UnitTestResult>
    <UnitTestResult executionId="d946a527-11fe-42df-85eb-8cece19398e8" testId="93a2f9b5-792f-5257-5993-8b030e246b0a" testName="LogCreatedByFactory_FileLogger_WillWriteToConfiguredFile (True)" computerName="DKSR-EFI-04" duration="00:00:00.0446941" startTime="2023-12-22T09:32:38.3982793+01:00" endTime="2023-12-22T09:32:38.4432861+01:00" testType="13cdc9d9-ddb5-4fa4-a97d-d965ccfc6d4b" outcome="Passed" testListId="8c84fa94-04c1-424b-9868-57a2d4851a1d" relativeResultsDirectory="d946a527-11fe-42df-85eb-8cece19398e8" />
    <UnitTestResult executionId="30a08ed1-19e9-4eea-acf3-1d56ee88f7a9" testId="92033649-f972-3205-6e3d-914394a2c7f6" testName="LogCreatedThroughIoC_ServiceCollection_FileLogger_WillWriteToConfiguredFile (False)" computerName="DKSR-EFI-04" duration="00:00:00.0152006" startTime="2023-12-22T09:32:43.5775534+01:00" endTime="2023-12-22T09:32:43.5929620+01:00" testType="13cdc9d9-ddb5-4fa4-a97d-d965ccfc6d4b" outcome="Passed" testListId="8c84fa94-04c1-424b-9868-57a2d4851a1d" relativeResultsDirectory="30a08ed1-19e9-4eea-acf3-1d56ee88f7a9" />
    <UnitTestResult executionId="b25e4cce-9836-4f15-b001-141ce4110429" testId="fc05a72c-80f0-a2f8-2732-39011e042a50" testName="LoggerCreatedThroughIoC_ServiceCollection_FileLogger_WillWriteToConfiguredFile (Debug)" computerName="DKSR-EFI-04" duration="00:00:00.0253583" startTime="2023-12-22T09:32:43.4604192+01:00" endTime="2023-12-22T09:32:43.4860072+01:00" testType="13cdc9d9-ddb5-4fa4-a97d-d965ccfc6d4b" outcome="Passed" testListId="8c84fa94-04c1-424b-9868-57a2d4851a1d" relativeResultsDirectory="b25e4cce-9836-4f15-b001-141ce4110429" />
    <UnitTestResult executionId="daafdb7e-e946-4479-81a9-9d03ede5b268" testId="5825e28b-ed12-3c90-747d-8c4e3dbce269" testName="LoggerCreatedThroughIoC_ServiceCollection_FileLogger_WillWriteToConfiguredFile (Warn)" computerName="DKSR-EFI-04" duration="00:00:00.0204623" startTime="2023-12-22T09:32:43.5407460+01:00" endTime="2023-12-22T09:32:43.5614373+01:00" testType="13cdc9d9-ddb5-4fa4-a97d-d965ccfc6d4b" outcome="Passed" testListId="8c84fa94-04c1-424b-9868-57a2d4851a1d" relativeResultsDirectory="daafdb7e-e946-4479-81a9-9d03ede5b268" />
    <UnitTestResult executionId="a6309176-92d5-4ba3-b65f-96b168d0438c" testId="21607c6c-252e-cdec-c949-456e21c2252f" testName="LoggerOfTypeLogTestCreatedThroughIoC_ServiceCollection_FileLogger_WillWriteToConfiguredFile (False)" computerName="DKSR-EFI-04" duration="00:00:00.0173828" startTime="2023-12-22T09:32:43.4280641+01:00" endTime="2023-12-22T09:32:43.4456371+01:00" testType="13cdc9d9-ddb5-4fa4-a97d-d965ccfc6d4b" outcome="Passed" testListId="8c84fa94-04c1-424b-9868-57a2d4851a1d" relativeResultsDirectory="a6309176-92d5-4ba3-b65f-96b168d0438c" />
    <UnitTestResult executionId="012271e8-c421-4d74-8a80-1b488eff040a" testId="a4f2c673-a08a-8f5f-ba84-0be2fd10588e" testName="LogCreatedWithTwoTargets_WhenLogging_BothTargetsWillLog" computerName="DKSR-EFI-04" duration="00:00:00.0215076" startTime="2023-12-22T09:32:43.6457329+01:00" endTime="2023-12-22T09:32:43.6675364+01:00" testType="13cdc9d9-ddb5-4fa4-a97d-d965ccfc6d4b" outcome="Passed" testListId="8c84fa94-04c1-424b-9868-57a2d4851a1d" relativeResultsDirectory="012271e8-c421-4d74-8a80-1b488eff040a" />
    <UnitTestResult executionId="59374f45-d916-417a-85a8-e7212d2589ca" testId="4e94fac4-8368-190b-d5eb-b7e26431d1a5" testName="LogCreatedWith3TargetsWithDifferentLogLevels_WhenLogging_AllTargetsWillTheirSpecifiedLogLevels" computerName="DKSR-EFI-04" duration="00:00:02.0378726" startTime="2023-12-22T09:32:43.6676138+01:00" endTime="2023-12-22T09:32:45.7056660+01:00" testType="13cdc9d9-ddb5-4fa4-a97d-d965ccfc6d4b" outcome="Passed" testListId="8c84fa94-04c1-424b-9868-57a2d4851a1d" relativeResultsDirectory="59374f45-d916-417a-85a8-e7212d2589ca" />
    <UnitTestResult executionId="4696b3c3-f9a3-4e46-ab51-6e769764574a" testId="cdcce8c3-4eb5-ff69-a679-ca6e8b02f7b3" testName="WhenExceedingArchiveAboveSize_Logger_WillCreateAnArchiveFile (5)" computerName="DKSR-EFI-04" duration="00:00:00.0576676" startTime="2023-12-22T09:32:46.9438144+01:00" endTime="2023-12-22T09:32:47.0028384+01:00" testType="13cdc9d9-ddb5-4fa4-a97d-d965ccfc6d4b" outcome="Passed" testListId="8c84fa94-04c1-424b-9868-57a2d4851a1d" relativeResultsDirectory="4696b3c3-f9a3-4e46-ab51-6e769764574a">
      <Output>
        <StdOut>Archive file:tmpE00 (20231222.7).tmp Creation time:1/1/1601 1:00:00 AM&#xD;
Archive file:tmpE00 (20231222.8).tmp Creation time:1/1/1601 1:00:00 AM&#xD;
Archive file:tmpE00 (20231222.9).tmp Creation time:1/1/1601 1:00:00 AM&#xD;
Archive file:tmpE00 (20231222.10).tmp Creation time:1/1/1601 1:00:00 AM&#xD;
Archive file:tmpE00 (20231222.11).tmp Creation time:1/1/1601 1:00:00 AM&#xD;
Archive file:tmpE00 (20231222.12).tmp Creation time:1/1/1601 1:00:00 AM&#xD;
Archive file:tmpE00 (20231222.13).tmp Creation time:1/1/1601 1:00:00 AM&#xD;
Archive file:tmpE00 (20231222.14).tmp Creation time:1/1/1601 1:00:00 AM&#xD;
Archive file:tmpE00 (20231222.15).tmp Creation time:1/1/1601 1:00:00 AM&#xD;
Archive file:tmpE00 (20231222.16).tmp Creation time:1/1/1601 1:00:00 AM</StdOut>
      </Output>
    </UnitTestResult>
    <UnitTestResult executionId="b99f9a53-3b21-4bbd-aed9-db12633147e9" testId="af52b379-5ec2-b536-23d6-383b0c28b10c" testName="WhenLoadingATypicalConfiguration_TheILogConfigurationIsInitialized" computerName="DKSR-EFI-04" duration="00:00:00.0036011" startTime="2023-12-22T09:32:37.8499697+01:00" endTime="2023-12-22T09:32:37.8537962+01:00" testType="13cdc9d9-ddb5-4fa4-a97d-d965ccfc6d4b" outcome="Passed" testListId="8c84fa94-04c1-424b-9868-57a2d4851a1d" relativeResultsDirectory="b99f9a53-3b21-4bbd-aed9-db12633147e9" />
    <UnitTestResult executionId="6fb932e6-8dc8-49cf-a82a-c1d058338f4d" testId="784cc296-f7e5-2d5e-9848-82eafda9cbaa" testName="LogCreatedByFactory_FileLogger_AllLogLevels_WillWriteToConfiguredFile (Debug)" computerName="DKSR-EFI-04" duration="00:00:00.0865539" startTime="2023-12-22T09:32:38.4433651+01:00" endTime="2023-12-22T09:32:38.5305445+01:00" testType="13cdc9d9-ddb5-4fa4-a97d-d965ccfc6d4b" outcome="Passed" testListId="8c84fa94-04c1-424b-9868-57a2d4851a1d" relativeResultsDirectory="6fb932e6-8dc8-49cf-a82a-c1d058338f4d" />
    <UnitTestResult executionId="2161ffb3-974f-4924-a336-18cd562b31ef" testId="25912a8f-57de-74c1-a5de-050b0a6afb88" testName="WhenSuppressingMessages_Logger_WillNotLogMessageWithSuppressedKeywords" computerName="DKSR-EFI-04" duration="00:00:00.0258770" startTime="2023-12-22T09:32:45.7346155+01:00" endTime="2023-12-22T09:32:45.7606292+01:00" testType="13cdc9d9-ddb5-4fa4-a97d-d965ccfc6d4b" outcome="Passed" testListId="8c84fa94-04c1-424b-9868-57a2d4851a1d" relativeResultsDirectory="2161ffb3-974f-4924-a336-18cd562b31ef" />
    <UnitTestResult executionId="8add0140-6bd0-40b4-81a3-2c23d88ccc6e" testId="e0522049-5ae1-70de-1f9f-c29de46f5543" testName="LoggerCreatedThroughIoC_ServiceCollection_FileLogger_WillWriteToConfiguredFile (Info)" computerName="DKSR-EFI-04" duration="00:00:00.0543616" startTime="2023-12-22T09:32:43.4860875+01:00" endTime="2023-12-22T09:32:43.5406717+01:00" testType="13cdc9d9-ddb5-4fa4-a97d-d965ccfc6d4b" outcome="Passed" testListId="8c84fa94-04c1-424b-9868-57a2d4851a1d" relativeResultsDirectory="8add0140-6bd0-40b4-81a3-2c23d88ccc6e" />
    <UnitTestResult executionId="54773bc6-d88f-48b1-bcf4-bf2ceddffb85" testId="db5bc023-e5cc-9728-1e26-f7d0a3845c02" testName="LogCreatedByFactory_HostBuilder_ConsoleLogger_WillWriteToStringWriter (False)" computerName="DKSR-EFI-04" duration="00:00:00.0097362" startTime="2023-12-22T09:32:43.3550753+01:00" endTime="2023-12-22T09:32:43.3650311+01:00" testType="13cdc9d9-ddb5-4fa4-a97d-d965ccfc6d4b" outcome="Passed" testListId="8c84fa94-04c1-424b-9868-57a2d4851a1d" relativeResultsDirectory="54773bc6-d88f-48b1-bcf4-bf2ceddffb85" />
    <UnitTestResult executionId="23cd59eb-ae3f-4333-8840-386cc7893197" testId="cfb8c4da-f84f-2b6c-2e44-8106008e8cb7" testName="LogCreatedByFactory_ServiceCollection_ConsoleLogger_WillWriteToStringWriter (False)" computerName="DKSR-EFI-04" duration="00:00:00.0038389" startTime="2023-12-22T09:32:43.6097017+01:00" endTime="2023-12-22T09:32:43.6137378+01:00" testType="13cdc9d9-ddb5-4fa4-a97d-d965ccfc6d4b" outcome="Passed" testListId="8c84fa94-04c1-424b-9868-57a2d4851a1d" relativeResultsDirectory="23cd59eb-ae3f-4333-8840-386cc7893197" />
    <UnitTestResult executionId="630b533f-b589-40cd-8e12-db9a45b9e63e" testId="c68e9a4f-dd33-5ad3-f3af-5865c537c50e" testName="LogCreatedByFactory_FileLogger_AllLogLevels_WillWriteToConfiguredFile (Error)" computerName="DKSR-EFI-04" duration="00:00:00.0797712" startTime="2023-12-22T09:32:40.3938347+01:00" endTime="2023-12-22T09:32:40.4739963+01:00" testType="13cdc9d9-ddb5-4fa4-a97d-d965ccfc6d4b" outcome="Passed" testListId="8c84fa94-04c1-424b-9868-57a2d4851a1d" relativeResultsDirectory="630b533f-b589-40cd-8e12-db9a45b9e63e" />
    <UnitTestResult executionId="7c2ca599-d56d-431a-81ca-4df4ca838d9a" testId="4508de8c-33d7-4f19-21d0-0ca9f2ff99af" testName="LogCreatedThroughIoC_HostBuilder_ConsoleLogger_WillWriteToStringWriter (True)" computerName="DKSR-EFI-04" duration="00:00:00.0037308" startTime="2023-12-22T09:32:43.4232879+01:00" endTime="2023-12-22T09:32:43.4272223+01:00" testType="13cdc9d9-ddb5-4fa4-a97d-d965ccfc6d4b" outcome="Passed" testListId="8c84fa94-04c1-424b-9868-57a2d4851a1d" relativeResultsDirectory="7c2ca599-d56d-431a-81ca-4df4ca838d9a" />
    <UnitTestResult executionId="67dc4558-ca35-431c-8038-b8a3eb281f36" testId="3b171404-d238-c62a-dd34-5cc4efa966f1" testName="WhenTimePassesMidnight_Logger_WillCreateAnArchiveFile" computerName="DKSR-EFI-04" duration="00:00:00.0816313" startTime="2023-12-22T09:32:46.6982265+01:00" endTime="2023-12-22T09:32:46.7799917+01:00" testType="13cdc9d9-ddb5-4fa4-a97d-d965ccfc6d4b" outcome="Passed" testListId="8c84fa94-04c1-424b-9868-57a2d4851a1d" relativeResultsDirectory="67dc4558-ca35-431c-8038-b8a3eb281f36" />
    <UnitTestResult executionId="6c9fd649-c055-41e2-b7c5-2c8fb0126f84" testId="1a5bd15f-d1cd-5d4e-2411-681e4ec31205" testName="LoggerOfTypeLogTestCreatedThroughIoC_ServiceCollection_FileLogger_WillWriteToConfiguredFile (True)" computerName="DKSR-EFI-04" duration="00:00:00.0143283" startTime="2023-12-22T09:32:43.4458002+01:00" endTime="2023-12-22T09:32:43.4603469+01:00" testType="13cdc9d9-ddb5-4fa4-a97d-d965ccfc6d4b" outcome="Passed" testListId="8c84fa94-04c1-424b-9868-57a2d4851a1d" relativeResultsDirectory="6c9fd649-c055-41e2-b7c5-2c8fb0126f84" />
    <UnitTestResult executionId="be7c8db4-3b9f-4524-9603-5ef268db57a2" testId="9ff429c8-da31-72a4-9343-d3d5c881b7fa" testName="LoggerOfTypeLogTestCreatedThroughIoC_HostBuilder_FileLogger_WillWriteToConfiguredFile (False)" computerName="DKSR-EFI-04" duration="00:00:00.3444456" startTime="2023-12-22T09:32:40.4741036+01:00" endTime="2023-12-22T09:32:40.8188170+01:00" testType="13cdc9d9-ddb5-4fa4-a97d-d965ccfc6d4b" outcome="Passed" testListId="8c84fa94-04c1-424b-9868-57a2d4851a1d" relativeResultsDirectory="be7c8db4-3b9f-4524-9603-5ef268db57a2" />
    <UnitTestResult executionId="63e73414-8749-498d-9e8c-2aa17da182d8" testId="403e502b-4ac7-ef6c-62b1-c2762594b0b6" testName="LoggerCreatedThroughIoC_HostBuilder_FileLogger_WillWriteToConfiguredFile (Error)" computerName="DKSR-EFI-04" duration="00:00:00.6200141" startTime="2023-12-22T09:32:41.6433692+01:00" endTime="2023-12-22T09:32:42.2636761+01:00" testType="13cdc9d9-ddb5-4fa4-a97d-d965ccfc6d4b" outcome="Passed" testListId="8c84fa94-04c1-424b-9868-57a2d4851a1d" relativeResultsDirectory="63e73414-8749-498d-9e8c-2aa17da182d8" />
    <UnitTestResult executionId="c595cfa8-b388-4851-ae11-87cf352478b0" testId="825249f5-fb48-a70f-83e8-3ac23134fc7f" testName="LoggerOfTypeLogTestCreatedThroughIoC_HostBuilder_FileLogger_WillWriteToConfiguredFile (True)" computerName="DKSR-EFI-04" duration="00:00:00.0347429" startTime="2023-12-22T09:32:40.8189128+01:00" endTime="2023-12-22T09:32:40.8539278+01:00" testType="13cdc9d9-ddb5-4fa4-a97d-d965ccfc6d4b" outcome="Passed" testListId="8c84fa94-04c1-424b-9868-57a2d4851a1d" relativeResultsDirectory="c595cfa8-b388-4851-ae11-87cf352478b0" />
    <UnitTestResult executionId="06118232-0e8f-4bad-9d71-083a48824505" testId="0f0fa2d2-60d2-0934-4873-92cce9cc800e" testName="LogCreatedThroughIoC_HostBuilder_FileLogger_WillWriteToConfiguredFile (False)" computerName="DKSR-EFI-04" duration="00:00:00.0436455" startTime="2023-12-22T09:32:42.2638014+01:00" endTime="2023-12-22T09:32:42.3077024+01:00" testType="13cdc9d9-ddb5-4fa4-a97d-d965ccfc6d4b" outcome="Passed" testListId="8c84fa94-04c1-424b-9868-57a2d4851a1d" relativeResultsDirectory="06118232-0e8f-4bad-9d71-083a48824505" />
    <UnitTestResult executionId="9f7a8445-c97c-4dd8-90d9-a77d2a6ddbc3" testId="cfb05eaf-8033-00e0-0eda-d2fa92ae2e42" testName="LogCreatedByFactory_ServiceCollection_ConsoleLogger_WillWriteToStringWriter (True)" computerName="DKSR-EFI-04" duration="00:00:00.0026034" startTime="2023-12-22T09:32:43.6144315+01:00" endTime="2023-12-22T09:32:43.6171856+01:00" testType="13cdc9d9-ddb5-4fa4-a97d-d965ccfc6d4b" outcome="Passed" testListId="8c84fa94-04c1-424b-9868-57a2d4851a1d" relativeResultsDirectory="9f7a8445-c97c-4dd8-90d9-a77d2a6ddbc3" />
    <UnitTestResult executionId="2032970b-d8ee-4715-af46-8d721f879b9c" testId="0c731dda-9176-db53-0fc5-8e4ece030945" testName="LoggerCreatedThroughIoC_HostBuilder_FileLogger_WillWriteToConfiguredFile (Warn)" computerName="DKSR-EFI-04" duration="00:00:00.0753557" startTime="2023-12-22T09:32:41.5676723+01:00" endTime="2023-12-22T09:32:41.6432836+01:00" testType="13cdc9d9-ddb5-4fa4-a97d-d965ccfc6d4b" outcome="Passed" testListId="8c84fa94-04c1-424b-9868-57a2d4851a1d" relativeResultsDirectory="2032970b-d8ee-4715-af46-8d721f879b9c" />
    <UnitTestResult executionId="179733a8-4b0b-4836-a003-0a6a451c1762" testId="aca87e28-2e0b-c31c-1a9b-e857aae90a97" testName="LogsCreatedWith2FileTargetsWith2LoggerName_WhenLogging_LogStatementsAreWrittenToCorrectLog" computerName="DKSR-EFI-04" duration="00:00:00.0286433" startTime="2023-12-22T09:32:45.7057610+01:00" endTime="2023-12-22T09:32:45.7345628+01:00" testType="13cdc9d9-ddb5-4fa4-a97d-d965ccfc6d4b" outcome="Passed" testListId="8c84fa94-04c1-424b-9868-57a2d4851a1d" relativeResultsDirectory="179733a8-4b0b-4836-a003-0a6a451c1762" />
    <UnitTestResult executionId="517e1ae4-03a5-427f-b85d-fc8d8cf05f7c" testId="e2d123e9-9809-e280-6a68-ddbede79b20b" testName="WhenLoadingAFullConfiguration_LoggersCanbeTurnedOffByTheAdHocConfiguration" computerName="DKSR-EFI-04" duration="00:00:00.0025545" startTime="2023-12-22T09:32:37.8538811+01:00" endTime="2023-12-22T09:32:37.8567328+01:00" testType="13cdc9d9-ddb5-4fa4-a97d-d965ccfc6d4b" outcome="Passed" testListId="8c84fa94-04c1-424b-9868-57a2d4851a1d" relativeResultsDirectory="517e1ae4-03a5-427f-b85d-fc8d8cf05f7c" />
  </Results>
  <TestDefinitions>
    <UnitTest name="LoggerCreatedThroughIoC_HostBuilder_ConsoleLogger_WillWriteToStringWriter (True)" storage="d:\actions-runner\_work\xpco\xpco\allsolutions\..\common\videoos.common.logging\tst\videoos.common.logging.unittests\bin\debug\net6.0\videoos.common.logging.unittests.dll" id="316c98cc-180b-01cc-8b1c-b57a95d1bfd4">
      <Execution id="76583a09-6f31-4e07-8a00-b41a4dd66043" />
      <TestMethod codeBase="D:\actions-runner\_work\XPCO\XPCO\AllSolutions\..\Common\VideoOS.Common.Logging\tst\VideoOS.Common.Logging.UnitTests\bin\Debug\net6.0\VideoOS.Common.Logging.UnitTests.dll" adapterTypeName="executor://mstestadapter/v2" className="VideoOS.Common.Logging.UnitTest.LogTest" name="LoggerCreatedThroughIoC_HostBuilder_ConsoleLogger_WillWriteToStringWriter" />
    </UnitTest>
    <UnitTest name="LogCreatedThroughIoC_ServiceCollection_ConsoleLogger_WillWriteToStringWriter (False)" storage="d:\actions-runner\_work\xpco\xpco\allsolutions\..\common\videoos.common.logging\tst\videoos.common.logging.unittests\bin\debug\net6.0\videoos.common.logging.unittests.dll" id="0f17dc9e-173f-0ca7-b557-068e19fcae24">
      <Execution id="fd8de58b-f681-43b4-9d71-7276f84c9b0e" />
      <TestMethod codeBase="D:\actions-runner\_work\XPCO\XPCO\AllSolutions\..\Common\VideoOS.Common.Logging\tst\VideoOS.Common.Logging.UnitTests\bin\Debug\net6.0\VideoOS.Common.Logging.UnitTests.dll" adapterTypeName="executor://mstestadapter/v2" className="VideoOS.Common.Logging.UnitTest.LogTest" name="LogCreatedThroughIoC_ServiceCollection_ConsoleLogger_WillWriteToStringWriter" />
    </UnitTest>
    <UnitTest name="WhenExceedingArchiveAboveSize_Logger_WillCreateAnArchiveFile (0)" storage="d:\actions-runner\_work\xpco\xpco\allsolutions\..\common\videoos.common.logging\tst\videoos.common.logging.unittests\bin\debug\net6.0\videoos.common.logging.unittests.dll" id="b6917b91-304a-49f2-89a1-d6981569f280">
      <Execution id="4cfafa71-ba93-4d14-b8fd-1a9fc21bbbee" />
      <TestMethod codeBase="D:\actions-runner\_work\XPCO\XPCO\AllSolutions\..\Common\VideoOS.Common.Logging\tst\VideoOS.Common.Logging.UnitTests\bin\Debug\net6.0\VideoOS.Common.Logging.UnitTests.dll" adapterTypeName="executor://mstestadapter/v2" className="VideoOS.Common.Logging.UnitTest.LogTest" name="WhenExceedingArchiveAboveSize_Logger_WillCreateAnArchiveFile" />
    </UnitTest>
    <UnitTest name="LogCreatedByFactory_FileLogger_WillWriteToConfiguredFile (False)" storage="d:\actions-runner\_work\xpco\xpco\allsolutions\..\common\videoos.common.logging\tst\videoos.common.logging.unittests\bin\debug\net6.0\videoos.common.logging.unittests.dll" id="59a2c458-0aed-599b-9739-4a26a56ec6c2">
      <Execution id="a1f68bd5-a2e7-43a0-b980-2ac0a6f0e348" />
      <TestMethod codeBase="D:\actions-runner\_work\XPCO\XPCO\AllSolutions\..\Common\VideoOS.Common.Logging\tst\VideoOS.Common.Logging.UnitTests\bin\Debug\net6.0\VideoOS.Common.Logging.UnitTests.dll" adapterTypeName="executor://mstestadapter/v2" className="VideoOS.Common.Logging.UnitTest.LogTest" name="LogCreatedByFactory_FileLogger_WillWriteToConfiguredFile" />
    </UnitTest>
    <UnitTest name="LoggerOfTypeLogTestCreatedThroughIoC_ServiceCollection_FileLogger_WillWriteToConfiguredFile (True)" storage="d:\actions-runner\_work\xpco\xpco\allsolutions\..\common\videoos.common.logging\tst\videoos.common.logging.unittests\bin\debug\net6.0\videoos.common.logging.unittests.dll" id="1a5bd15f-d1cd-5d4e-2411-681e4ec31205">
      <Execution id="6c9fd649-c055-41e2-b7c5-2c8fb0126f84" />
      <TestMethod codeBase="D:\actions-runner\_work\XPCO\XPCO\AllSolutions\..\Common\VideoOS.Common.Logging\tst\VideoOS.Common.Logging.UnitTests\bin\Debug\net6.0\VideoOS.Common.Logging.UnitTests.dll" adapterTypeName="executor://mstestadapter/v2" className="VideoOS.Common.Logging.UnitTest.LogTest" name="LoggerOfTypeLogTestCreatedThroughIoC_ServiceCollection_FileLogger_WillWriteToConfiguredFile" />
    </UnitTest>
    <UnitTest name="LogCreatedThroughIoC_ServiceCollection_FileLogger_WillWriteToConfiguredFile (True)" storage="d:\actions-runner\_work\xpco\xpco\allsolutions\..\common\videoos.common.logging\tst\videoos.common.logging.unittests\bin\debug\net6.0\videoos.common.logging.unittests.dll" id="01befc98-a098-03d3-d5a6-c1b521bbc1dd">
      <Execution id="a229cb0a-1b3c-4387-b708-c54d49b3f1f4" />
      <TestMethod codeBase="D:\actions-runner\_work\XPCO\XPCO\AllSolutions\..\Common\VideoOS.Common.Logging\tst\VideoOS.Common.Logging.UnitTests\bin\Debug\net6.0\VideoOS.Common.Logging.UnitTests.dll" adapterTypeName="executor://mstestadapter/v2" className="VideoOS.Common.Logging.UnitTest.LogTest" name="LogCreatedThroughIoC_ServiceCollection_FileLogger_WillWriteToConfiguredFile" />
    </UnitTest>
    <UnitTest name="LoggerCreatedThroughIoC_HostBuilder_FileLogger_WillWriteToConfiguredFile (Info)" storage="d:\actions-runner\_work\xpco\xpco\allsolutions\..\common\videoos.common.logging\tst\videoos.common.logging.unittests\bin\debug\net6.0\videoos.common.logging.unittests.dll" id="f6a746f5-ff88-dd52-c6a1-1924eb996ea6">
      <Execution id="8dd89aa2-42f4-4131-85df-dd35da7bce14" />
      <TestMethod codeBase="D:\actions-runner\_work\XPCO\XPCO\AllSolutions\..\Common\VideoOS.Common.Logging\tst\VideoOS.Common.Logging.UnitTests\bin\Debug\net6.0\VideoOS.Common.Logging.UnitTests.dll" adapterTypeName="executor://mstestadapter/v2" className="VideoOS.Common.Logging.UnitTest.LogTest" name="LoggerCreatedThroughIoC_HostBuilder_FileLogger_WillWriteToConfiguredFile" />
    </UnitTest>
    <UnitTest name="LoggerCreatedThroughIoC_ServiceCollection_FileLogger_WillWriteToConfiguredFile (Error)" storage="d:\actions-runner\_work\xpco\xpco\allsolutions\..\common\videoos.common.logging\tst\videoos.common.logging.unittests\bin\debug\net6.0\videoos.common.logging.unittests.dll" id="bc636bb5-fd84-f7ba-bf73-30f03f2af620">
      <Execution id="1b97aff5-ae39-4995-af52-76ca7342d742" />
      <TestMethod codeBase="D:\actions-runner\_work\XPCO\XPCO\AllSolutions\..\Common\VideoOS.Common.Logging\tst\VideoOS.Common.Logging.UnitTests\bin\Debug\net6.0\VideoOS.Common.Logging.UnitTests.dll" adapterTypeName="executor://mstestadapter/v2" className="VideoOS.Common.Logging.UnitTest.LogTest" name="LoggerCreatedThroughIoC_ServiceCollection_FileLogger_WillWriteToConfiguredFile" />
    </UnitTest>
    <UnitTest name="LogCreatedByFactory_HostBuilder_ConsoleLogger_WillWriteToStringWriter (True)" storage="d:\actions-runner\_work\xpco\xpco\allsolutions\..\common\videoos.common.logging\tst\videoos.common.logging.unittests\bin\debug\net6.0\videoos.common.logging.unittests.dll" id="37d71e0d-5e9f-9dad-cf7a-e55ab724d016">
      <Execution id="535ed1cc-30c9-43d9-bc3d-d0899cf14583" />
      <TestMethod codeBase="D:\actions-runner\_work\XPCO\XPCO\AllSolutions\..\Common\VideoOS.Common.Logging\tst\VideoOS.Common.Logging.UnitTests\bin\Debug\net6.0\VideoOS.Common.Logging.UnitTests.dll" adapterTypeName="executor://mstestadapter/v2" className="VideoOS.Common.Logging.UnitTest.LogTest" name="LogCreatedByFactory_HostBuilder_ConsoleLogger_WillWriteToStringWriter" />
    </UnitTest>
    <UnitTest name="LogCreatedByFactory_HostBuilder_ConsoleLogger_WillWriteToStringWriter (False)" storage="d:\actions-runner\_work\xpco\xpco\allsolutions\..\common\videoos.common.logging\tst\videoos.common.logging.unittests\bin\debug\net6.0\videoos.common.logging.unittests.dll" id="db5bc023-e5cc-9728-1e26-f7d0a3845c02">
      <Execution id="54773bc6-d88f-48b1-bcf4-bf2ceddffb85" />
      <TestMethod codeBase="D:\actions-runner\_work\XPCO\XPCO\AllSolutions\..\Common\VideoOS.Common.Logging\tst\VideoOS.Common.Logging.UnitTests\bin\Debug\net6.0\VideoOS.Common.Logging.UnitTests.dll" adapterTypeName="executor://mstestadapter/v2" className="VideoOS.Common.Logging.UnitTest.LogTest" name="LogCreatedByFactory_HostBuilder_ConsoleLogger_WillWriteToStringWriter" />
    </UnitTest>
    <UnitTest name="LoggerOfTypeLogTestCreatedThroughIoC_ServiceCollection_FileLogger_WillWriteToConfiguredFile (False)" storage="d:\actions-runner\_work\xpco\xpco\allsolutions\..\common\videoos.common.logging\tst\videoos.common.logging.unittests\bin\debug\net6.0\videoos.common.logging.unittests.dll" id="21607c6c-252e-cdec-c949-456e21c2252f">
      <Execution id="a6309176-92d5-4ba3-b65f-96b168d0438c" />
      <TestMethod codeBase="D:\actions-runner\_work\XPCO\XPCO\AllSolutions\..\Common\VideoOS.Common.Logging\tst\VideoOS.Common.Logging.UnitTests\bin\Debug\net6.0\VideoOS.Common.Logging.UnitTests.dll" adapterTypeName="executor://mstestadapter/v2" className="VideoOS.Common.Logging.UnitTest.LogTest" name="LoggerOfTypeLogTestCreatedThroughIoC_ServiceCollection_FileLogger_WillWriteToConfiguredFile" />
    </UnitTest>
    <UnitTest name="LogCreatedThroughIoC_ServiceCollection_ConsoleLogger_WillWriteToStringWriter (True)" storage="d:\actions-runner\_work\xpco\xpco\allsolutions\..\common\videoos.common.logging\tst\videoos.common.logging.unittests\bin\debug\net6.0\videoos.common.logging.unittests.dll" id="3c630a8f-2bc9-20d3-3c0e-fd2d1fc2a498">
      <Execution id="758ddc37-5376-4a21-90e3-01b91a1dad0f" />
      <TestMethod codeBase="D:\actions-runner\_work\XPCO\XPCO\AllSolutions\..\Common\VideoOS.Common.Logging\tst\VideoOS.Common.Logging.UnitTests\bin\Debug\net6.0\VideoOS.Common.Logging.UnitTests.dll" adapterTypeName="executor://mstestadapter/v2" className="VideoOS.Common.Logging.UnitTest.LogTest" name="LogCreatedThroughIoC_ServiceCollection_ConsoleLogger_WillWriteToStringWriter" />
    </UnitTest>
    <UnitTest name="LoggerCreatedThroughIoC_ServiceCollection_FileLogger_WillWriteToConfiguredFile (Debug)" storage="d:\actions-runner\_work\xpco\xpco\allsolutions\..\common\videoos.common.logging\tst\videoos.common.logging.unittests\bin\debug\net6.0\videoos.common.logging.unittests.dll" id="fc05a72c-80f0-a2f8-2732-39011e042a50">
      <Execution id="b25e4cce-9836-4f15-b001-141ce4110429" />
      <TestMethod codeBase="D:\actions-runner\_work\XPCO\XPCO\AllSolutions\..\Common\VideoOS.Common.Logging\tst\VideoOS.Common.Logging.UnitTests\bin\Debug\net6.0\VideoOS.Common.Logging.UnitTests.dll" adapterTypeName="executor://mstestadapter/v2" className="VideoOS.Common.Logging.UnitTest.LogTest" name="LoggerCreatedThroughIoC_ServiceCollection_FileLogger_WillWriteToConfiguredFile" />
    </UnitTest>
    <UnitTest name="WhenTimePassesRetentionTime_Logger_WillDeleteOldArchiveFiles" storage="d:\actions-runner\_work\xpco\xpco\allsolutions\..\common\videoos.common.logging\tst\videoos.common.logging.unittests\bin\debug\net6.0\videoos.common.logging.unittests.dll" id="b69751c6-e854-df22-d3a6-a5f459535314">
      <Execution id="41d4d17b-6ad5-440c-b82a-6cf270f8263a" />
      <TestMethod codeBase="D:\actions-runner\_work\XPCO\XPCO\AllSolutions\..\Common\VideoOS.Common.Logging\tst\VideoOS.Common.Logging.UnitTests\bin\Debug\net6.0\VideoOS.Common.Logging.UnitTests.dll" adapterTypeName="executor://mstestadapter/v2" className="VideoOS.Common.Logging.UnitTest.LogTest" name="WhenTimePassesRetentionTime_Logger_WillDeleteOldArchiveFiles" />
    </UnitTest>
    <UnitTest name="LogCreatedByFactory_FileLogger_WillWriteToConfiguredFile (True)" storage="d:\actions-runner\_work\xpco\xpco\allsolutions\..\common\videoos.common.logging\tst\videoos.common.logging.unittests\bin\debug\net6.0\videoos.common.logging.unittests.dll" id="93a2f9b5-792f-5257-5993-8b030e246b0a">
      <Execution id="d946a527-11fe-42df-85eb-8cece19398e8" />
      <TestMethod codeBase="D:\actions-runner\_work\XPCO\XPCO\AllSolutions\..\Common\VideoOS.Common.Logging\tst\VideoOS.Common.Logging.UnitTests\bin\Debug\net6.0\VideoOS.Common.Logging.UnitTests.dll" adapterTypeName="executor://mstestadapter/v2" className="VideoOS.Common.Logging.UnitTest.LogTest" name="LogCreatedByFactory_FileLogger_WillWriteToConfiguredFile" />
    </UnitTest>
    <UnitTest name="WhenExceedingArchiveAboveSize_Logger_WillCreateAnArchiveFile (5)" storage="d:\actions-runner\_work\xpco\xpco\allsolutions\..\common\videoos.common.logging\tst\videoos.common.logging.unittests\bin\debug\net6.0\videoos.common.logging.unittests.dll" id="cdcce8c3-4eb5-ff69-a679-ca6e8b02f7b3">
      <Execution id="4696b3c3-f9a3-4e46-ab51-6e769764574a" />
      <TestMethod codeBase="D:\actions-runner\_work\XPCO\XPCO\AllSolutions\..\Common\VideoOS.Common.Logging\tst\VideoOS.Common.Logging.UnitTests\bin\Debug\net6.0\VideoOS.Common.Logging.UnitTests.dll" adapterTypeName="executor://mstestadapter/v2" className="VideoOS.Common.Logging.UnitTest.LogTest" name="WhenExceedingArchiveAboveSize_Logger_WillCreateAnArchiveFile" />
    </UnitTest>
    <UnitTest name="LogCreatedThroughIoC_HostBuilder_FileLogger_WillWriteToConfiguredFile (True)" storage="d:\actions-runner\_work\xpco\xpco\allsolutions\..\common\videoos.common.logging\tst\videoos.common.logging.unittests\bin\debug\net6.0\videoos.common.logging.unittests.dll" id="ad3d4ce5-f30a-6e28-b242-ab11ffe9ead8">
      <Execution id="fc356274-ea6d-4078-9ec4-2c5a299aff87" />
      <TestMethod codeBase="D:\actions-runner\_work\XPCO\XPCO\AllSolutions\..\Common\VideoOS.Common.Logging\tst\VideoOS.Common.Logging.UnitTests\bin\Debug\net6.0\VideoOS.Common.Logging.UnitTests.dll" adapterTypeName="executor://mstestadapter/v2" className="VideoOS.Common.Logging.UnitTest.LogTest" name="LogCreatedThroughIoC_HostBuilder_FileLogger_WillWriteToConfiguredFile" />
    </UnitTest>
    <UnitTest name="LoggerCreatedThroughIoC_ServiceCollection_ConsoleLogger_WillWriteToStringWriter (True)" storage="d:\actions-runner\_work\xpco\xpco\allsolutions\..\common\videoos.common.logging\tst\videoos.common.logging.unittests\bin\debug\net6.0\videoos.common.logging.unittests.dll" id="1f51b097-b0e8-b143-4e62-ca02a8b1ca6a">
      <Execution id="d827388a-1e9f-49c0-ad99-393fbacfc339" />
      <TestMethod codeBase="D:\actions-runner\_work\XPCO\XPCO\AllSolutions\..\Common\VideoOS.Common.Logging\tst\VideoOS.Common.Logging.UnitTests\bin\Debug\net6.0\VideoOS.Common.Logging.UnitTests.dll" adapterTypeName="executor://mstestadapter/v2" className="VideoOS.Common.Logging.UnitTest.LogTest" name="LoggerCreatedThroughIoC_ServiceCollection_ConsoleLogger_WillWriteToStringWriter" />
    </UnitTest>
    <UnitTest name="LogCreatedThroughIoC_HostBuilder_ConsoleLogger_WillWriteToStringWriter (True)" storage="d:\actions-runner\_work\xpco\xpco\allsolutions\..\common\videoos.common.logging\tst\videoos.common.logging.unittests\bin\debug\net6.0\videoos.common.logging.unittests.dll" id="4508de8c-33d7-4f19-21d0-0ca9f2ff99af">
      <Execution id="7c2ca599-d56d-431a-81ca-4df4ca838d9a" />
      <TestMethod codeBase="D:\actions-runner\_work\XPCO\XPCO\AllSolutions\..\Common\VideoOS.Common.Logging\tst\VideoOS.Common.Logging.UnitTests\bin\Debug\net6.0\VideoOS.Common.Logging.UnitTests.dll" adapterTypeName="executor://mstestadapter/v2" className="VideoOS.Common.Logging.UnitTest.LogTest" name="LogCreatedThroughIoC_HostBuilder_ConsoleLogger_WillWriteToStringWriter" />
    </UnitTest>
    <UnitTest name="WhenLoadingATypicalConfiguration_TheILogConfigurationIsInitialized" storage="d:\actions-runner\_work\xpco\xpco\allsolutions\..\common\videoos.common.logging\tst\videoos.common.logging.unittests\bin\debug\net6.0\videoos.common.logging.unittests.dll" id="af52b379-5ec2-b536-23d6-383b0c28b10c">
      <Execution id="b99f9a53-3b21-4bbd-aed9-db12633147e9" />
      <TestMethod codeBase="D:\actions-runner\_work\XPCO\XPCO\AllSolutions\..\Common\VideoOS.Common.Logging\tst\VideoOS.Common.Logging.UnitTests\bin\Debug\net6.0\VideoOS.Common.Logging.UnitTests.dll" adapterTypeName="executor://mstestadapter/v2" className="VideoOS.Common.Logging.UnitTest.LogConfigurationTest" name="WhenLoadingATypicalConfiguration_TheILogConfigurationIsInitialized" />
    </UnitTest>
    <UnitTest name="LogCreatedThroughIoC_ServiceCollection_FileLogger_WillWriteToConfiguredFile (False)" storage="d:\actions-runner\_work\xpco\xpco\allsolutions\..\common\videoos.common.logging\tst\videoos.common.logging.unittests\bin\debug\net6.0\videoos.common.logging.unittests.dll" id="92033649-f972-3205-6e3d-914394a2c7f6">
      <Execution id="30a08ed1-19e9-4eea-acf3-1d56ee88f7a9" />
      <TestMethod codeBase="D:\actions-runner\_work\XPCO\XPCO\AllSolutions\..\Common\VideoOS.Common.Logging\tst\VideoOS.Common.Logging.UnitTests\bin\Debug\net6.0\VideoOS.Common.Logging.UnitTests.dll" adapterTypeName="executor://mstestadapter/v2" className="VideoOS.Common.Logging.UnitTest.LogTest" name="LogCreatedThroughIoC_ServiceCollection_FileLogger_WillWriteToConfiguredFile" />
    </UnitTest>
    <UnitTest name="LoggerCreatedThroughIoC_ServiceCollection_FileLogger_WillWriteToConfiguredFile (Warn)" storage="d:\actions-runner\_work\xpco\xpco\allsolutions\..\common\videoos.common.logging\tst\videoos.common.logging.unittests\bin\debug\net6.0\videoos.common.logging.unittests.dll" id="5825e28b-ed12-3c90-747d-8c4e3dbce269">
      <Execution id="daafdb7e-e946-4479-81a9-9d03ede5b268" />
      <TestMethod codeBase="D:\actions-runner\_work\XPCO\XPCO\AllSolutions\..\Common\VideoOS.Common.Logging\tst\VideoOS.Common.Logging.UnitTests\bin\Debug\net6.0\VideoOS.Common.Logging.UnitTests.dll" adapterTypeName="executor://mstestadapter/v2" className="VideoOS.Common.Logging.UnitTest.LogTest" name="LoggerCreatedThroughIoC_ServiceCollection_FileLogger_WillWriteToConfiguredFile" />
    </UnitTest>
    <UnitTest name="LoggerCreatedThroughIoC_HostBuilder_FileLogger_WillWriteToConfiguredFile (Warn)" storage="d:\actions-runner\_work\xpco\xpco\allsolutions\..\common\videoos.common.logging\tst\videoos.common.logging.unittests\bin\debug\net6.0\videoos.common.logging.unittests.dll" id="0c731dda-9176-db53-0fc5-8e4ece030945">
      <Execution id="2032970b-d8ee-4715-af46-8d721f879b9c" />
      <TestMethod codeBase="D:\actions-runner\_work\XPCO\XPCO\AllSolutions\..\Common\VideoOS.Common.Logging\tst\VideoOS.Common.Logging.UnitTests\bin\Debug\net6.0\VideoOS.Common.Logging.UnitTests.dll" adapterTypeName="executor://mstestadapter/v2" className="VideoOS.Common.Logging.UnitTest.LogTest" name="LoggerCreatedThroughIoC_HostBuilder_FileLogger_WillWriteToConfiguredFile" />
    </UnitTest>
    <UnitTest name="LogCreatedWith3TargetsWithDifferentLogLevels_WhenLogging_AllTargetsWillTheirSpecifiedLogLevels" storage="d:\actions-runner\_work\xpco\xpco\allsolutions\..\common\videoos.common.logging\tst\videoos.common.logging.unittests\bin\debug\net6.0\videoos.common.logging.unittests.dll" id="4e94fac4-8368-190b-d5eb-b7e26431d1a5">
      <Execution id="59374f45-d916-417a-85a8-e7212d2589ca" />
      <TestMethod codeBase="D:\actions-runner\_work\XPCO\XPCO\AllSolutions\..\Common\VideoOS.Common.Logging\tst\VideoOS.Common.Logging.UnitTests\bin\Debug\net6.0\VideoOS.Common.Logging.UnitTests.dll" adapterTypeName="executor://mstestadapter/v2" className="VideoOS.Common.Logging.UnitTest.LogTest" name="LogCreatedWith3TargetsWithDifferentLogLevels_WhenLogging_AllTargetsWillTheirSpecifiedLogLevels" />
    </UnitTest>
    <UnitTest name="WhenADayPasses_Logger_WillCreateAnArchiveFiles" storage="d:\actions-runner\_work\xpco\xpco\allsolutions\..\common\videoos.common.logging\tst\videoos.common.logging.unittests\bin\debug\net6.0\videoos.common.logging.unittests.dll" id="32da627d-3735-3ade-dbbf-7986f3701ad1">
      <Execution id="fb502bf1-3bd3-4d85-add4-1486b1d0c89f" />
      <TestMethod codeBase="D:\actions-runner\_work\XPCO\XPCO\AllSolutions\..\Common\VideoOS.Common.Logging\tst\VideoOS.Common.Logging.UnitTests\bin\Debug\net6.0\VideoOS.Common.Logging.UnitTests.dll" adapterTypeName="executor://mstestadapter/v2" className="VideoOS.Common.Logging.UnitTest.LogTest" name="WhenADayPasses_Logger_WillCreateAnArchiveFiles" />
    </UnitTest>
    <UnitTest name="LoggerCreatedThroughIoC_HostBuilder_FileLogger_WillWriteToConfiguredFile (Debug)" storage="d:\actions-runner\_work\xpco\xpco\allsolutions\..\common\videoos.common.logging\tst\videoos.common.logging.unittests\bin\debug\net6.0\videoos.common.logging.unittests.dll" id="f95c26a8-c543-8f1a-9ca2-35d735052f45">
      <Execution id="7b0d4fee-a8b0-4119-96e0-9f1ee438a6c0" />
      <TestMethod codeBase="D:\actions-runner\_work\XPCO\XPCO\AllSolutions\..\Common\VideoOS.Common.Logging\tst\VideoOS.Common.Logging.UnitTests\bin\Debug\net6.0\VideoOS.Common.Logging.UnitTests.dll" adapterTypeName="executor://mstestadapter/v2" className="VideoOS.Common.Logging.UnitTest.LogTest" name="LoggerCreatedThroughIoC_HostBuilder_FileLogger_WillWriteToConfiguredFile" />
    </UnitTest>
    <UnitTest name="LogCreatedThroughIoC_HostBuilder_ConsoleLogger_WillWriteToStringWriter (False)" storage="d:\actions-runner\_work\xpco\xpco\allsolutions\..\common\videoos.common.logging\tst\videoos.common.logging.unittests\bin\debug\net6.0\videoos.common.logging.unittests.dll" id="0b6a1a42-0808-ec45-fcb7-eca6e61b0c42">
      <Execution id="a61ea6cd-79d5-4ff0-8302-25b44e22623b" />
      <TestMethod codeBase="D:\actions-runner\_work\XPCO\XPCO\AllSolutions\..\Common\VideoOS.Common.Logging\tst\VideoOS.Common.Logging.UnitTests\bin\Debug\net6.0\VideoOS.Common.Logging.UnitTests.dll" adapterTypeName="executor://mstestadapter/v2" className="VideoOS.Common.Logging.UnitTest.LogTest" name="LogCreatedThroughIoC_HostBuilder_ConsoleLogger_WillWriteToStringWriter" />
    </UnitTest>
    <UnitTest name="LogCreatedThroughIoC_HostBuilder_FileLogger_WillWriteToConfiguredFile (False)" storage="d:\actions-runner\_work\xpco\xpco\allsolutions\..\common\videoos.common.logging\tst\videoos.common.logging.unittests\bin\debug\net6.0\videoos.common.logging.unittests.dll" id="0f0fa2d2-60d2-0934-4873-92cce9cc800e">
      <Execution id="06118232-0e8f-4bad-9d71-083a48824505" />
      <TestMethod codeBase="D:\actions-runner\_work\XPCO\XPCO\AllSolutions\..\Common\VideoOS.Common.Logging\tst\VideoOS.Common.Logging.UnitTests\bin\Debug\net6.0\VideoOS.Common.Logging.UnitTests.dll" adapterTypeName="executor://mstestadapter/v2" className="VideoOS.Common.Logging.UnitTest.LogTest" name="LogCreatedThroughIoC_HostBuilder_FileLogger_WillWriteToConfiguredFile" />
    </UnitTest>
    <UnitTest name="LogCreatedWithTwoTargets_WhenLogging_BothTargetsWillLog" storage="d:\actions-runner\_work\xpco\xpco\allsolutions\..\common\videoos.common.logging\tst\videoos.common.logging.unittests\bin\debug\net6.0\videoos.common.logging.unittests.dll" id="a4f2c673-a08a-8f5f-ba84-0be2fd10588e">
      <Execution id="012271e8-c421-4d74-8a80-1b488eff040a" />
      <TestMethod codeBase="D:\actions-runner\_work\XPCO\XPCO\AllSolutions\..\Common\VideoOS.Common.Logging\tst\VideoOS.Common.Logging.UnitTests\bin\Debug\net6.0\VideoOS.Common.Logging.UnitTests.dll" adapterTypeName="executor://mstestadapter/v2" className="VideoOS.Common.Logging.UnitTest.LogTest" name="LogCreatedWithTwoTargets_WhenLogging_BothTargetsWillLog" />
    </UnitTest>
    <UnitTest name="LoggerCreatedThroughIoC_HostBuilder_FileLogger_WillWriteToConfiguredFile (Error)" storage="d:\actions-runner\_work\xpco\xpco\allsolutions\..\common\videoos.common.logging\tst\videoos.common.logging.unittests\bin\debug\net6.0\videoos.common.logging.unittests.dll" id="403e502b-4ac7-ef6c-62b1-c2762594b0b6">
      <Execution id="63e73414-8749-498d-9e8c-2aa17da182d8" />
      <TestMethod codeBase="D:\actions-runner\_work\XPCO\XPCO\AllSolutions\..\Common\VideoOS.Common.Logging\tst\VideoOS.Common.Logging.UnitTests\bin\Debug\net6.0\VideoOS.Common.Logging.UnitTests.dll" adapterTypeName="executor://mstestadapter/v2" className="VideoOS.Common.Logging.UnitTest.LogTest" name="LoggerCreatedThroughIoC_HostBuilder_FileLogger_WillWriteToConfiguredFile" />
    </UnitTest>
    <UnitTest name="LogCreatedByFactory_FileLogger_AllLogLevels_WillWriteToConfiguredFile (Debug)" storage="d:\actions-runner\_work\xpco\xpco\allsolutions\..\common\videoos.common.logging\tst\videoos.common.logging.unittests\bin\debug\net6.0\videoos.common.logging.unittests.dll" id="784cc296-f7e5-2d5e-9848-82eafda9cbaa">
      <Execution id="6fb932e6-8dc8-49cf-a82a-c1d058338f4d" />
      <TestMethod codeBase="D:\actions-runner\_work\XPCO\XPCO\AllSolutions\..\Common\VideoOS.Common.Logging\tst\VideoOS.Common.Logging.UnitTests\bin\Debug\net6.0\VideoOS.Common.Logging.UnitTests.dll" adapterTypeName="executor://mstestadapter/v2" className="VideoOS.Common.Logging.UnitTest.LogTest" name="LogCreatedByFactory_FileLogger_AllLogLevels_WillWriteToConfiguredFile" />
    </UnitTest>
    <UnitTest name="LoggerCreatedThroughIoC_ServiceCollection_FileLogger_WillWriteToConfiguredFile (Info)" storage="d:\actions-runner\_work\xpco\xpco\allsolutions\..\common\videoos.common.logging\tst\videoos.common.logging.unittests\bin\debug\net6.0\videoos.common.logging.unittests.dll" id="e0522049-5ae1-70de-1f9f-c29de46f5543">
      <Execution id="8add0140-6bd0-40b4-81a3-2c23d88ccc6e" />
      <TestMethod codeBase="D:\actions-runner\_work\XPCO\XPCO\AllSolutions\..\Common\VideoOS.Common.Logging\tst\VideoOS.Common.Logging.UnitTests\bin\Debug\net6.0\VideoOS.Common.Logging.UnitTests.dll" adapterTypeName="executor://mstestadapter/v2" className="VideoOS.Common.Logging.UnitTest.LogTest" name="LoggerCreatedThroughIoC_ServiceCollection_FileLogger_WillWriteToConfiguredFile" />
    </UnitTest>
    <UnitTest name="WhenLoadingAFullConfiguration_LoggersCanbeTurnedOffByTheAdHocConfiguration" storage="d:\actions-runner\_work\xpco\xpco\allsolutions\..\common\videoos.common.logging\tst\videoos.common.logging.unittests\bin\debug\net6.0\videoos.common.logging.unittests.dll" id="e2d123e9-9809-e280-6a68-ddbede79b20b">
      <Execution id="517e1ae4-03a5-427f-b85d-fc8d8cf05f7c" />
      <TestMethod codeBase="D:\actions-runner\_work\XPCO\XPCO\AllSolutions\..\Common\VideoOS.Common.Logging\tst\VideoOS.Common.Logging.UnitTests\bin\Debug\net6.0\VideoOS.Common.Logging.UnitTests.dll" adapterTypeName="executor://mstestadapter/v2" className="VideoOS.Common.Logging.UnitTest.LogConfigurationTest" name="WhenLoadingAFullConfiguration_LoggersCanbeTurnedOffByTheAdHocConfiguration" />
    </UnitTest>
    <UnitTest name="LogCreatedByFactory_ServiceCollection_ConsoleLogger_WillWriteToStringWriter (False)" storage="d:\actions-runner\_work\xpco\xpco\allsolutions\..\common\videoos.common.logging\tst\videoos.common.logging.unittests\bin\debug\net6.0\videoos.common.logging.unittests.dll" id="cfb8c4da-f84f-2b6c-2e44-8106008e8cb7">
      <Execution id="23cd59eb-ae3f-4333-8840-386cc7893197" />
      <TestMethod codeBase="D:\actions-runner\_work\XPCO\XPCO\AllSolutions\..\Common\VideoOS.Common.Logging\tst\VideoOS.Common.Logging.UnitTests\bin\Debug\net6.0\VideoOS.Common.Logging.UnitTests.dll" adapterTypeName="executor://mstestadapter/v2" className="VideoOS.Common.Logging.UnitTest.LogTest" name="LogCreatedByFactory_ServiceCollection_ConsoleLogger_WillWriteToStringWriter" />
    </UnitTest>
    <UnitTest name="LoggerOfTypeLogTestCreatedThroughIoC_HostBuilder_FileLogger_WillWriteToConfiguredFile (False)" storage="d:\actions-runner\_work\xpco\xpco\allsolutions\..\common\videoos.common.logging\tst\videoos.common.logging.unittests\bin\debug\net6.0\videoos.common.logging.unittests.dll" id="9ff429c8-da31-72a4-9343-d3d5c881b7fa">
      <Execution id="be7c8db4-3b9f-4524-9603-5ef268db57a2" />
      <TestMethod codeBase="D:\actions-runner\_work\XPCO\XPCO\AllSolutions\..\Common\VideoOS.Common.Logging\tst\VideoOS.Common.Logging.UnitTests\bin\Debug\net6.0\VideoOS.Common.Logging.UnitTests.dll" adapterTypeName="executor://mstestadapter/v2" className="VideoOS.Common.Logging.UnitTest.LogTest" name="LoggerOfTypeLogTestCreatedThroughIoC_HostBuilder_FileLogger_WillWriteToConfiguredFile" />
    </UnitTest>
    <UnitTest name="WhenTimePassesMidnight_Logger_WillCreateAnArchiveFile" storage="d:\actions-runner\_work\xpco\xpco\allsolutions\..\common\videoos.common.logging\tst\videoos.common.logging.unittests\bin\debug\net6.0\videoos.common.logging.unittests.dll" id="3b171404-d238-c62a-dd34-5cc4efa966f1">
      <Execution id="67dc4558-ca35-431c-8038-b8a3eb281f36" />
      <TestMethod codeBase="D:\actions-runner\_work\XPCO\XPCO\AllSolutions\..\Common\VideoOS.Common.Logging\tst\VideoOS.Common.Logging.UnitTests\bin\Debug\net6.0\VideoOS.Common.Logging.UnitTests.dll" adapterTypeName="executor://mstestadapter/v2" className="VideoOS.Common.Logging.UnitTest.LogTest" name="WhenTimePassesMidnight_Logger_WillCreateAnArchiveFile" />
    </UnitTest>
    <UnitTest name="LoggerCreatedThroughIoC_HostBuilder_ConsoleLogger_WillWriteToStringWriter (False)" storage="d:\actions-runner\_work\xpco\xpco\allsolutions\..\common\videoos.common.logging\tst\videoos.common.logging.unittests\bin\debug\net6.0\videoos.common.logging.unittests.dll" id="7e89de10-5b2f-a525-7e2f-c7ec4be3f873">
      <Execution id="421ab210-8ac7-4bdd-a350-122cbda3fd15" />
      <TestMethod codeBase="D:\actions-runner\_work\XPCO\XPCO\AllSolutions\..\Common\VideoOS.Common.Logging\tst\VideoOS.Common.Logging.UnitTests\bin\Debug\net6.0\VideoOS.Common.Logging.UnitTests.dll" adapterTypeName="executor://mstestadapter/v2" className="VideoOS.Common.Logging.UnitTest.LogTest" name="LoggerCreatedThroughIoC_HostBuilder_ConsoleLogger_WillWriteToStringWriter" />
    </UnitTest>
    <UnitTest name="FileLoggerCreated_when_Logging_TheLayoutOfTheLogLinesAreCorrect (False)" storage="d:\actions-runner\_work\xpco\xpco\allsolutions\..\common\videoos.common.logging\tst\videoos.common.logging.unittests\bin\debug\net6.0\videoos.common.logging.unittests.dll" id="a468c204-c993-0f1f-2361-69e3cbabb464">
      <Execution id="4f88c63c-a847-4442-970f-b78def908d07" />
      <TestMethod codeBase="D:\actions-runner\_work\XPCO\XPCO\AllSolutions\..\Common\VideoOS.Common.Logging\tst\VideoOS.Common.Logging.UnitTests\bin\Debug\net6.0\VideoOS.Common.Logging.UnitTests.dll" adapterTypeName="executor://mstestadapter/v2" className="VideoOS.Common.Logging.UnitTest.LogTest" name="FileLoggerCreated_when_Logging_TheLayoutOfTheLogLinesAreCorrect" />
    </UnitTest>
    <UnitTest name="LoggerOfTypeLogTestCreatedThroughIoC_HostBuilder_FileLogger_WillWriteToConfiguredFile (True)" storage="d:\actions-runner\_work\xpco\xpco\allsolutions\..\common\videoos.common.logging\tst\videoos.common.logging.unittests\bin\debug\net6.0\videoos.common.logging.unittests.dll" id="825249f5-fb48-a70f-83e8-3ac23134fc7f">
      <Execution id="c595cfa8-b388-4851-ae11-87cf352478b0" />
      <TestMethod codeBase="D:\actions-runner\_work\XPCO\XPCO\AllSolutions\..\Common\VideoOS.Common.Logging\tst\VideoOS.Common.Logging.UnitTests\bin\Debug\net6.0\VideoOS.Common.Logging.UnitTests.dll" adapterTypeName="executor://mstestadapter/v2" className="VideoOS.Common.Logging.UnitTest.LogTest" name="LoggerOfTypeLogTestCreatedThroughIoC_HostBuilder_FileLogger_WillWriteToConfiguredFile" />
    </UnitTest>
    <UnitTest name="WhenSuppressingMessages_Logger_WillNotLogMessageWithSuppressedKeywords" storage="d:\actions-runner\_work\xpco\xpco\allsolutions\..\common\videoos.common.logging\tst\videoos.common.logging.unittests\bin\debug\net6.0\videoos.common.logging.unittests.dll" id="25912a8f-57de-74c1-a5de-050b0a6afb88">
      <Execution id="2161ffb3-974f-4924-a336-18cd562b31ef" />
      <TestMethod codeBase="D:\actions-runner\_work\XPCO\XPCO\AllSolutions\..\Common\VideoOS.Common.Logging\tst\VideoOS.Common.Logging.UnitTests\bin\Debug\net6.0\VideoOS.Common.Logging.UnitTests.dll" adapterTypeName="executor://mstestadapter/v2" className="VideoOS.Common.Logging.UnitTest.LogTest" name="WhenSuppressingMessages_Logger_WillNotLogMessageWithSuppressedKeywords" />
    </UnitTest>
    <UnitTest name="WhenLoadingAFullConfiguration_TheILogConfigurationIsInitialized" storage="d:\actions-runner\_work\xpco\xpco\allsolutions\..\common\videoos.common.logging\tst\videoos.common.logging.unittests\bin\debug\net6.0\videoos.common.logging.unittests.dll" id="96d604e8-0d41-8777-a315-9a0cb8b5d048">
      <Execution id="cd5c4d7b-bc2b-4b9d-b87e-9d8df9b4639d" />
      <TestMethod codeBase="D:\actions-runner\_work\XPCO\XPCO\AllSolutions\..\Common\VideoOS.Common.Logging\tst\VideoOS.Common.Logging.UnitTests\bin\Debug\net6.0\VideoOS.Common.Logging.UnitTests.dll" adapterTypeName="executor://mstestadapter/v2" className="VideoOS.Common.Logging.UnitTest.LogConfigurationTest" name="WhenLoadingAFullConfiguration_TheILogConfigurationIsInitialized" />
    </UnitTest>
    <UnitTest name="FileLoggerCreated_when_Logging_TheLayoutOfTheLogLinesAreCorrect (True)" storage="d:\actions-runner\_work\xpco\xpco\allsolutions\..\common\videoos.common.logging\tst\videoos.common.logging.unittests\bin\debug\net6.0\videoos.common.logging.unittests.dll" id="a14f8cd6-99c2-95bd-8ec1-4e9ed5096e0c">
      <Execution id="80f0456f-3e04-4fa1-b858-d456f27b29e1" />
      <TestMethod codeBase="D:\actions-runner\_work\XPCO\XPCO\AllSolutions\..\Common\VideoOS.Common.Logging\tst\VideoOS.Common.Logging.UnitTests\bin\Debug\net6.0\VideoOS.Common.Logging.UnitTests.dll" adapterTypeName="executor://mstestadapter/v2" className="VideoOS.Common.Logging.UnitTest.LogTest" name="FileLoggerCreated_when_Logging_TheLayoutOfTheLogLinesAreCorrect" />
    </UnitTest>
    <UnitTest name="LoggerCreatedThroughIoC_ServiceCollection_ConsoleLogger_WillWriteToStringWriter (False)" storage="d:\actions-runner\_work\xpco\xpco\allsolutions\..\common\videoos.common.logging\tst\videoos.common.logging.unittests\bin\debug\net6.0\videoos.common.logging.unittests.dll" id="7f428514-fc31-b8b8-daa4-96f3eae7b829">
      <Execution id="19ab4701-6f3d-4d59-b059-55e334ef9041" />
      <TestMethod codeBase="D:\actions-runner\_work\XPCO\XPCO\AllSolutions\..\Common\VideoOS.Common.Logging\tst\VideoOS.Common.Logging.UnitTests\bin\Debug\net6.0\VideoOS.Common.Logging.UnitTests.dll" adapterTypeName="executor://mstestadapter/v2" className="VideoOS.Common.Logging.UnitTest.LogTest" name="LoggerCreatedThroughIoC_ServiceCollection_ConsoleLogger_WillWriteToStringWriter" />
    </UnitTest>
    <UnitTest name="LogCreatedByFactory_FileLogger_AllLogLevels_WillWriteToConfiguredFile (Error)" storage="d:\actions-runner\_work\xpco\xpco\allsolutions\..\common\videoos.common.logging\tst\videoos.common.logging.unittests\bin\debug\net6.0\videoos.common.logging.unittests.dll" id="c68e9a4f-dd33-5ad3-f3af-5865c537c50e">
      <Execution id="630b533f-b589-40cd-8e12-db9a45b9e63e" />
      <TestMethod codeBase="D:\actions-runner\_work\XPCO\XPCO\AllSolutions\..\Common\VideoOS.Common.Logging\tst\VideoOS.Common.Logging.UnitTests\bin\Debug\net6.0\VideoOS.Common.Logging.UnitTests.dll" adapterTypeName="executor://mstestadapter/v2" className="VideoOS.Common.Logging.UnitTest.LogTest" name="LogCreatedByFactory_FileLogger_AllLogLevels_WillWriteToConfiguredFile" />
    </UnitTest>
    <UnitTest name="LogsCreatedWith2FileTargetsWith2LoggerName_WhenLogging_LogStatementsAreWrittenToCorrectLog" storage="d:\actions-runner\_work\xpco\xpco\allsolutions\..\common\videoos.common.logging\tst\videoos.common.logging.unittests\bin\debug\net6.0\videoos.common.logging.unittests.dll" id="aca87e28-2e0b-c31c-1a9b-e857aae90a97">
      <Execution id="179733a8-4b0b-4836-a003-0a6a451c1762" />
      <TestMethod codeBase="D:\actions-runner\_work\XPCO\XPCO\AllSolutions\..\Common\VideoOS.Common.Logging\tst\VideoOS.Common.Logging.UnitTests\bin\Debug\net6.0\VideoOS.Common.Logging.UnitTests.dll" adapterTypeName="executor://mstestadapter/v2" className="VideoOS.Common.Logging.UnitTest.LogTest" name="LogsCreatedWith2FileTargetsWith2LoggerName_WhenLogging_LogStatementsAreWrittenToCorrectLog" />
    </UnitTest>
    <UnitTest name="LogCreatedByFactory_FileLogger_AllLogLevels_WillWriteToConfiguredFile (Warn)" storage="d:\actions-runner\_work\xpco\xpco\allsolutions\..\common\videoos.common.logging\tst\videoos.common.logging.unittests\bin\debug\net6.0\videoos.common.logging.unittests.dll" id="6c6d525e-74c7-a08a-386c-ecebb15fa43a">
      <Execution id="99864528-3b23-4761-9dc0-8ffe04f3d012" />
      <TestMethod codeBase="D:\actions-runner\_work\XPCO\XPCO\AllSolutions\..\Common\VideoOS.Common.Logging\tst\VideoOS.Common.Logging.UnitTests\bin\Debug\net6.0\VideoOS.Common.Logging.UnitTests.dll" adapterTypeName="executor://mstestadapter/v2" className="VideoOS.Common.Logging.UnitTest.LogTest" name="LogCreatedByFactory_FileLogger_AllLogLevels_WillWriteToConfiguredFile" />
    </UnitTest>
    <UnitTest name="LogCreatedByFactory_ServiceCollection_ConsoleLogger_WillWriteToStringWriter (True)" storage="d:\actions-runner\_work\xpco\xpco\allsolutions\..\common\videoos.common.logging\tst\videoos.common.logging.unittests\bin\debug\net6.0\videoos.common.logging.unittests.dll" id="cfb05eaf-8033-00e0-0eda-d2fa92ae2e42">
      <Execution id="9f7a8445-c97c-4dd8-90d9-a77d2a6ddbc3" />
      <TestMethod codeBase="D:\actions-runner\_work\XPCO\XPCO\AllSolutions\..\Common\VideoOS.Common.Logging\tst\VideoOS.Common.Logging.UnitTests\bin\Debug\net6.0\VideoOS.Common.Logging.UnitTests.dll" adapterTypeName="executor://mstestadapter/v2" className="VideoOS.Common.Logging.UnitTest.LogTest" name="LogCreatedByFactory_ServiceCollection_ConsoleLogger_WillWriteToStringWriter" />
    </UnitTest>
  </TestDefinitions>
  <TestEntries>
    <TestEntry testId="6c6d525e-74c7-a08a-386c-ecebb15fa43a" executionId="99864528-3b23-4761-9dc0-8ffe04f3d012" testListId="8c84fa94-04c1-424b-9868-57a2d4851a1d" />
    <TestEntry testId="0f17dc9e-173f-0ca7-b557-068e19fcae24" executionId="fd8de58b-f681-43b4-9d71-7276f84c9b0e" testListId="8c84fa94-04c1-424b-9868-57a2d4851a1d" />
    <TestEntry testId="96d604e8-0d41-8777-a315-9a0cb8b5d048" executionId="cd5c4d7b-bc2b-4b9d-b87e-9d8df9b4639d" testListId="8c84fa94-04c1-424b-9868-57a2d4851a1d" />
    <TestEntry testId="3c630a8f-2bc9-20d3-3c0e-fd2d1fc2a498" executionId="758ddc37-5376-4a21-90e3-01b91a1dad0f" testListId="8c84fa94-04c1-424b-9868-57a2d4851a1d" />
    <TestEntry testId="f6a746f5-ff88-dd52-c6a1-1924eb996ea6" executionId="8dd89aa2-42f4-4131-85df-dd35da7bce14" testListId="8c84fa94-04c1-424b-9868-57a2d4851a1d" />
    <TestEntry testId="a468c204-c993-0f1f-2361-69e3cbabb464" executionId="4f88c63c-a847-4442-970f-b78def908d07" testListId="8c84fa94-04c1-424b-9868-57a2d4851a1d" />
    <TestEntry testId="0b6a1a42-0808-ec45-fcb7-eca6e61b0c42" executionId="a61ea6cd-79d5-4ff0-8302-25b44e22623b" testListId="8c84fa94-04c1-424b-9868-57a2d4851a1d" />
    <TestEntry testId="59a2c458-0aed-599b-9739-4a26a56ec6c2" executionId="a1f68bd5-a2e7-43a0-b980-2ac0a6f0e348" testListId="8c84fa94-04c1-424b-9868-57a2d4851a1d" />
    <TestEntry testId="ad3d4ce5-f30a-6e28-b242-ab11ffe9ead8" executionId="fc356274-ea6d-4078-9ec4-2c5a299aff87" testListId="8c84fa94-04c1-424b-9868-57a2d4851a1d" />
    <TestEntry testId="7f428514-fc31-b8b8-daa4-96f3eae7b829" executionId="19ab4701-6f3d-4d59-b059-55e334ef9041" testListId="8c84fa94-04c1-424b-9868-57a2d4851a1d" />
    <TestEntry testId="bc636bb5-fd84-f7ba-bf73-30f03f2af620" executionId="1b97aff5-ae39-4995-af52-76ca7342d742" testListId="8c84fa94-04c1-424b-9868-57a2d4851a1d" />
    <TestEntry testId="37d71e0d-5e9f-9dad-cf7a-e55ab724d016" executionId="535ed1cc-30c9-43d9-bc3d-d0899cf14583" testListId="8c84fa94-04c1-424b-9868-57a2d4851a1d" />
    <TestEntry testId="32da627d-3735-3ade-dbbf-7986f3701ad1" executionId="fb502bf1-3bd3-4d85-add4-1486b1d0c89f" testListId="8c84fa94-04c1-424b-9868-57a2d4851a1d" />
    <TestEntry testId="f95c26a8-c543-8f1a-9ca2-35d735052f45" executionId="7b0d4fee-a8b0-4119-96e0-9f1ee438a6c0" testListId="8c84fa94-04c1-424b-9868-57a2d4851a1d" />
    <TestEntry testId="7e89de10-5b2f-a525-7e2f-c7ec4be3f873" executionId="421ab210-8ac7-4bdd-a350-122cbda3fd15" testListId="8c84fa94-04c1-424b-9868-57a2d4851a1d" />
    <TestEntry testId="b69751c6-e854-df22-d3a6-a5f459535314" executionId="41d4d17b-6ad5-440c-b82a-6cf270f8263a" testListId="8c84fa94-04c1-424b-9868-57a2d4851a1d" />
    <TestEntry testId="316c98cc-180b-01cc-8b1c-b57a95d1bfd4" executionId="76583a09-6f31-4e07-8a00-b41a4dd66043" testListId="8c84fa94-04c1-424b-9868-57a2d4851a1d" />
    <TestEntry testId="a14f8cd6-99c2-95bd-8ec1-4e9ed5096e0c" executionId="80f0456f-3e04-4fa1-b858-d456f27b29e1" testListId="8c84fa94-04c1-424b-9868-57a2d4851a1d" />
    <TestEntry testId="1f51b097-b0e8-b143-4e62-ca02a8b1ca6a" executionId="d827388a-1e9f-49c0-ad99-393fbacfc339" testListId="8c84fa94-04c1-424b-9868-57a2d4851a1d" />
    <TestEntry testId="01befc98-a098-03d3-d5a6-c1b521bbc1dd" executionId="a229cb0a-1b3c-4387-b708-c54d49b3f1f4" testListId="8c84fa94-04c1-424b-9868-57a2d4851a1d" />
    <TestEntry testId="b6917b91-304a-49f2-89a1-d6981569f280" executionId="4cfafa71-ba93-4d14-b8fd-1a9fc21bbbee" testListId="8c84fa94-04c1-424b-9868-57a2d4851a1d" />
    <TestEntry testId="93a2f9b5-792f-5257-5993-8b030e246b0a" executionId="d946a527-11fe-42df-85eb-8cece19398e8" testListId="8c84fa94-04c1-424b-9868-57a2d4851a1d" />
    <TestEntry testId="92033649-f972-3205-6e3d-914394a2c7f6" executionId="30a08ed1-19e9-4eea-acf3-1d56ee88f7a9" testListId="8c84fa94-04c1-424b-9868-57a2d4851a1d" />
    <TestEntry testId="fc05a72c-80f0-a2f8-2732-39011e042a50" executionId="b25e4cce-9836-4f15-b001-141ce4110429" testListId="8c84fa94-04c1-424b-9868-57a2d4851a1d" />
    <TestEntry testId="5825e28b-ed12-3c90-747d-8c4e3dbce269" executionId="daafdb7e-e946-4479-81a9-9d03ede5b268" testListId="8c84fa94-04c1-424b-9868-57a2d4851a1d" />
    <TestEntry testId="21607c6c-252e-cdec-c949-456e21c2252f" executionId="a6309176-92d5-4ba3-b65f-96b168d0438c" testListId="8c84fa94-04c1-424b-9868-57a2d4851a1d" />
    <TestEntry testId="a4f2c673-a08a-8f5f-ba84-0be2fd10588e" executionId="012271e8-c421-4d74-8a80-1b488eff040a" testListId="8c84fa94-04c1-424b-9868-57a2d4851a1d" />
    <TestEntry testId="4e94fac4-8368-190b-d5eb-b7e26431d1a5" executionId="59374f45-d916-417a-85a8-e7212d2589ca" testListId="8c84fa94-04c1-424b-9868-57a2d4851a1d" />
    <TestEntry testId="cdcce8c3-4eb5-ff69-a679-ca6e8b02f7b3" executionId="4696b3c3-f9a3-4e46-ab51-6e769764574a" testListId="8c84fa94-04c1-424b-9868-57a2d4851a1d" />
    <TestEntry testId="af52b379-5ec2-b536-23d6-383b0c28b10c" executionId="b99f9a53-3b21-4bbd-aed9-db12633147e9" testListId="8c84fa94-04c1-424b-9868-57a2d4851a1d" />
    <TestEntry testId="784cc296-f7e5-2d5e-9848-82eafda9cbaa" executionId="6fb932e6-8dc8-49cf-a82a-c1d058338f4d" testListId="8c84fa94-04c1-424b-9868-57a2d4851a1d" />
    <TestEntry testId="25912a8f-57de-74c1-a5de-050b0a6afb88" executionId="2161ffb3-974f-4924-a336-18cd562b31ef" testListId="8c84fa94-04c1-424b-9868-57a2d4851a1d" />
    <TestEntry testId="e0522049-5ae1-70de-1f9f-c29de46f5543" executionId="8add0140-6bd0-40b4-81a3-2c23d88ccc6e" testListId="8c84fa94-04c1-424b-9868-57a2d4851a1d" />
    <TestEntry testId="db5bc023-e5cc-9728-1e26-f7d0a3845c02" executionId="54773bc6-d88f-48b1-bcf4-bf2ceddffb85" testListId="8c84fa94-04c1-424b-9868-57a2d4851a1d" />
    <TestEntry testId="cfb8c4da-f84f-2b6c-2e44-8106008e8cb7" executionId="23cd59eb-ae3f-4333-8840-386cc7893197" testListId="8c84fa94-04c1-424b-9868-57a2d4851a1d" />
    <TestEntry testId="c68e9a4f-dd33-5ad3-f3af-5865c537c50e" executionId="630b533f-b589-40cd-8e12-db9a45b9e63e" testListId="8c84fa94-04c1-424b-9868-57a2d4851a1d" />
    <TestEntry testId="4508de8c-33d7-4f19-21d0-0ca9f2ff99af" executionId="7c2ca599-d56d-431a-81ca-4df4ca838d9a" testListId="8c84fa94-04c1-424b-9868-57a2d4851a1d" />
    <TestEntry testId="3b171404-d238-c62a-dd34-5cc4efa966f1" executionId="67dc4558-ca35-431c-8038-b8a3eb281f36" testListId="8c84fa94-04c1-424b-9868-57a2d4851a1d" />
    <TestEntry testId="1a5bd15f-d1cd-5d4e-2411-681e4ec31205" executionId="6c9fd649-c055-41e2-b7c5-2c8fb0126f84" testListId="8c84fa94-04c1-424b-9868-57a2d4851a1d" />
    <TestEntry testId="9ff429c8-da31-72a4-9343-d3d5c881b7fa" executionId="be7c8db4-3b9f-4524-9603-5ef268db57a2" testListId="8c84fa94-04c1-424b-9868-57a2d4851a1d" />
    <TestEntry testId="403e502b-4ac7-ef6c-62b1-c2762594b0b6" executionId="63e73414-8749-498d-9e8c-2aa17da182d8" testListId="8c84fa94-04c1-424b-9868-57a2d4851a1d" />
    <TestEntry testId="825249f5-fb48-a70f-83e8-3ac23134fc7f" executionId="c595cfa8-b388-4851-ae11-87cf352478b0" testListId="8c84fa94-04c1-424b-9868-57a2d4851a1d" />
    <TestEntry testId="0f0fa2d2-60d2-0934-4873-92cce9cc800e" executionId="06118232-0e8f-4bad-9d71-083a48824505" testListId="8c84fa94-04c1-424b-9868-57a2d4851a1d" />
    <TestEntry testId="cfb05eaf-8033-00e0-0eda-d2fa92ae2e42" executionId="9f7a8445-c97c-4dd8-90d9-a77d2a6ddbc3" testListId="8c84fa94-04c1-424b-9868-57a2d4851a1d" />
    <TestEntry testId="0c731dda-9176-db53-0fc5-8e4ece030945" executionId="2032970b-d8ee-4715-af46-8d721f879b9c" testListId="8c84fa94-04c1-424b-9868-57a2d4851a1d" />
    <TestEntry testId="aca87e28-2e0b-c31c-1a9b-e857aae90a97" executionId="179733a8-4b0b-4836-a003-0a6a451c1762" testListId="8c84fa94-04c1-424b-9868-57a2d4851a1d" />
    <TestEntry testId="e2d123e9-9809-e280-6a68-ddbede79b20b" executionId="517e1ae4-03a5-427f-b85d-fc8d8cf05f7c" testListId="8c84fa94-04c1-424b-9868-57a2d4851a1d" />
  </TestEntries>
  <TestLists>
    <TestList name="Results Not in a List" id="8c84fa94-04c1-424b-9868-57a2d4851a1d" />
    <TestList name="All Loaded Results" id="19431567-8539-422a-85d7-44ee4e166bda" />
  </TestLists>
  <ResultSummary outcome="Completed">
    <Counters total="47" executed="47" passed="47" failed="0" error="0" timeout="0" aborted="0" inconclusive="0" passedButRunAborted="0" notRunnable="0" notExecuted="0" disconnected="0" warning="0" completed="0" inProgress="0" pending="0" />
  </ResultSummary>
</TestRun>