<?xml version="1.0" encoding="utf-8"?>
<TestRun id="78d97d86-f180-4a31-aa73-576e73b53f3d" name="DKSR-EFI-04$@DKSR-EFI-04 2023-12-22 09:32:57" runUser="NT AUTHORITY\NETWORK SERVICE" xmlns="http://microsoft.com/schemas/VisualStudio/TeamTest/2010">
  <Times creation="2023-12-22T09:32:57.1935781+01:00" queuing="2023-12-22T09:32:57.1935781+01:00" start="2023-12-22T09:32:51.0372990+01:00" finish="2023-12-22T09:32:57.6154567+01:00" />
  <TestSettings name="default" id="fa4d499a-6927-48ec-931d-3a585ee6413a">
    <Deployment runDeploymentRoot="DKSR-EFI-04$_DKSR-EFI-04_2023-12-22_09_32_57" />
  </TestSettings>
  <Results>
    <UnitTestResult executionId="fdee5728-75f8-4d26-acc9-681cca6e0b02" testId="afc949a2-5ce4-35fb-7dba-159335162b83" testName="GetAppConfigValueOrDefault_Integer_KnownKey_ReturnsCorrectValue" computerName="DKSR-EFI-04" duration="00:00:00.0010439" startTime="2023-12-22T09:32:57.1522922+01:00" endTime="2023-12-22T09:32:57.1534775+01:00" testType="13cdc9d9-ddb5-4fa4-a97d-d965ccfc6d4b" outcome="Passed" testListId="8c84fa94-04c1-424b-9868-57a2d4851a1d" relativeResultsDirectory="fdee5728-75f8-4d26-acc9-681cca6e0b02" />
    <UnitTestResult executionId="00b838e6-a89f-4e53-b153-fbdbc753766d" testId="363a8458-7d3f-212d-8e54-cac7ad188194" testName="GetAppConfigValueOrDefault_TimeSpan_KnownKeyAccessedMultipleTimes_ReturnsUpdatedValueWhenCacheIsCleared" computerName="DKSR-EFI-04" duration="00:00:00.0016341" startTime="2023-12-22T09:32:57.2406968+01:00" endTime="2023-12-22T09:32:57.2424959+01:00" testType="13cdc9d9-ddb5-4fa4-a97d-d965ccfc6d4b" outcome="Passed" testListId="8c84fa94-04c1-424b-9868-57a2d4851a1d" relativeResultsDirectory="00b838e6-a89f-4e53-b153-fbdbc753766d" />
    <UnitTestResult executionId="ae7b84d4-7180-4a10-ab91-06b40c7492dd" testId="9e887f99-afa7-c0da-24f2-53cc5e15cbd1" testName="GetAppConfigValueOrDefault_Double_KnownKeyAccessedMultipleTimes_ReturnsCachedValue" computerName="DKSR-EFI-04" duration="00:00:00.0016422" startTime="2023-12-22T09:32:57.1944394+01:00" endTime="2023-12-22T09:32:57.1962618+01:00" testType="13cdc9d9-ddb5-4fa4-a97d-d965ccfc6d4b" outcome="Passed" testListId="8c84fa94-04c1-424b-9868-57a2d4851a1d" relativeResultsDirectory="ae7b84d4-7180-4a10-ab91-06b40c7492dd" />
    <UnitTestResult executionId="8a9bbc08-8353-4f88-a478-1f8e20f6f2d1" testId="f22bbb2b-4d49-937f-3db8-6742e2421430" testName="GetAppConfigValueOrDefault_TimeSpan_KnownKey_ReturnsCorrectValue" computerName="DKSR-EFI-04" duration="00:00:00.0017020" startTime="2023-12-22T09:32:57.2342319+01:00" endTime="2023-12-22T09:32:57.2361074+01:00" testType="13cdc9d9-ddb5-4fa4-a97d-d965ccfc6d4b" outcome="Passed" testListId="8c84fa94-04c1-424b-9868-57a2d4851a1d" relativeResultsDirectory="8a9bbc08-8353-4f88-a478-1f8e20f6f2d1" />
    <UnitTestResult executionId="2f4d7b80-203d-47fd-b798-a9571931510f" testId="e6326402-bfd9-d812-fb57-4e4baf540e37" testName="GetAppConfigValueOrDefault_String_KnownKeyAccessedMultipleTimes_ReturnsCachedValue" computerName="DKSR-EFI-04" duration="00:00:00.0017732" startTime="2023-12-22T09:32:57.0399829+01:00" endTime="2023-12-22T09:32:57.0420005+01:00" testType="13cdc9d9-ddb5-4fa4-a97d-d965ccfc6d4b" outcome="Passed" testListId="8c84fa94-04c1-424b-9868-57a2d4851a1d" relativeResultsDirectory="2f4d7b80-203d-47fd-b798-a9571931510f" />
    <UnitTestResult executionId="6246a46a-a1fe-4f9e-bd44-93927276a8b5" testId="047fbfb2-fc60-7d34-2bc2-d0c8bfbe7980" testName="GetAppConfigValueOrDefault_Boolean_KnownKey_ReturnsCorrectValue" computerName="DKSR-EFI-04" duration="00:00:00.0012881" startTime="2023-12-22T09:32:57.1324310+01:00" endTime="2023-12-22T09:32:57.1339451+01:00" testType="13cdc9d9-ddb5-4fa4-a97d-d965ccfc6d4b" outcome="Passed" testListId="8c84fa94-04c1-424b-9868-57a2d4851a1d" relativeResultsDirectory="6246a46a-a1fe-4f9e-bd44-93927276a8b5" />
    <UnitTestResult executionId="cbe2e7d3-4c91-4228-acdd-c39cc056f818" testId="728cb314-4370-b897-d24b-af7d8d2330ab" testName="GetAppConfigValueOrDefault_TimeSpan_KnownKeyAccessedMultipleTimes_ReturnsCachedValue" computerName="DKSR-EFI-04" duration="00:00:00.0014526" startTime="2023-12-22T09:32:57.2369970+01:00" endTime="2023-12-22T09:32:57.2386112+01:00" testType="13cdc9d9-ddb5-4fa4-a97d-d965ccfc6d4b" outcome="Passed" testListId="8c84fa94-04c1-424b-9868-57a2d4851a1d" relativeResultsDirectory="cbe2e7d3-4c91-4228-acdd-c39cc056f818" />
    <UnitTestResult executionId="9f6ea04b-14df-4396-a772-ccfe0dd5d85d" testId="4b7d67fc-30b8-7ae5-b6f7-f88bada77b1c" testName="GetAppConfigValueOrDefault_Boolean_KnownKeyWithInvalidValues_ReturnsDefaultValues" computerName="DKSR-EFI-04" duration="00:00:00.0024938" startTime="2023-12-22T09:32:57.0605876+01:00" endTime="2023-12-22T09:32:57.0632958+01:00" testType="13cdc9d9-ddb5-4fa4-a97d-d965ccfc6d4b" outcome="Passed" testListId="8c84fa94-04c1-424b-9868-57a2d4851a1d" relativeResultsDirectory="9f6ea04b-14df-4396-a772-ccfe0dd5d85d" />
    <UnitTestResult executionId="19f93ad4-79a2-4109-a25e-39dec6452ca2" testId="843ad744-d903-f73e-9361-d71146fe9024" testName="GetAppConfigValueOrDefault_Integer_KnownKeyWithMinValue_ReturnsOnlyAllowedValues" computerName="DKSR-EFI-04" duration="00:00:00.0020292" startTime="2023-12-22T09:32:57.1666428+01:00" endTime="2023-12-22T09:32:57.1688752+01:00" testType="13cdc9d9-ddb5-4fa4-a97d-d965ccfc6d4b" outcome="Passed" testListId="8c84fa94-04c1-424b-9868-57a2d4851a1d" relativeResultsDirectory="19f93ad4-79a2-4109-a25e-39dec6452ca2" />
    <UnitTestResult executionId="f5f3390a-8856-44f5-b0a3-a738ada30a95" testId="40a5c975-37e8-bc73-1ac5-8e72790a48bb" testName="GetAppConfigValueOrDefault_Boolean_NullKey_ThrowsArgumentNullException" computerName="DKSR-EFI-04" duration="00:00:00.0022296" startTime="2023-12-22T09:32:57.0511184+01:00" endTime="2023-12-22T09:32:57.0535789+01:00" testType="13cdc9d9-ddb5-4fa4-a97d-d965ccfc6d4b" outcome="Passed" testListId="8c84fa94-04c1-424b-9868-57a2d4851a1d" relativeResultsDirectory="f5f3390a-8856-44f5-b0a3-a738ada30a95" />
    <UnitTestResult executionId="4df5b023-06ab-4002-a0cc-af1149cbca65" testId="282a16a4-4222-a608-c460-32e87fe689b1" testName="GetAppConfigValueOrDefault_Double_KnownKeyWithMinValue_ReturnsOnlyAllowedValues" computerName="DKSR-EFI-04" duration="00:00:00.0022350" startTime="2023-12-22T09:32:57.2011742+01:00" endTime="2023-12-22T09:32:57.2036036+01:00" testType="13cdc9d9-ddb5-4fa4-a97d-d965ccfc6d4b" outcome="Passed" testListId="8c84fa94-04c1-424b-9868-57a2d4851a1d" relativeResultsDirectory="4df5b023-06ab-4002-a0cc-af1149cbca65" />
    <UnitTestResult executionId="5c8626e4-c27d-4f2e-9e9b-27ed362792cb" testId="a4fa4d09-ed98-c781-c7fa-246e8bf5b32b" testName="GetAppConfigValueOrDefault_String_UnknownKey_ReturnsDefaultValue" computerName="DKSR-EFI-04" duration="00:00:00.0994801" startTime="2023-12-22T09:32:56.8454140+01:00" endTime="2023-12-22T09:32:56.9452221+01:00" testType="13cdc9d9-ddb5-4fa4-a97d-d965ccfc6d4b" outcome="Passed" testListId="8c84fa94-04c1-424b-9868-57a2d4851a1d" relativeResultsDirectory="5c8626e4-c27d-4f2e-9e9b-27ed362792cb" />
    <UnitTestResult executionId="2da73799-2ce9-46ac-a627-81e0b1e5385e" testId="78249c29-d3d5-cbcc-3c80-97099010a0ae" testName="GetAppConfigValueOrDefault_Integer_NullKey_ThrowsArgumentNullException" computerName="DKSR-EFI-04" duration="00:00:00.0011014" startTime="2023-12-22T09:32:57.1447390+01:00" endTime="2023-12-22T09:32:57.1460103+01:00" testType="13cdc9d9-ddb5-4fa4-a97d-d965ccfc6d4b" outcome="Passed" testListId="8c84fa94-04c1-424b-9868-57a2d4851a1d" relativeResultsDirectory="2da73799-2ce9-46ac-a627-81e0b1e5385e" />
    <UnitTestResult executionId="30b4684b-a110-4421-9851-041ec7f90858" testId="d6f121b9-62dd-3b17-cd01-1822add3d9d8" testName="GetAppConfigValueOrDefault_String_NullKey_ThrowsArgumentNullException" computerName="DKSR-EFI-04" duration="00:00:00.3582093" startTime="2023-12-22T09:32:56.3960083+01:00" endTime="2023-12-22T09:32:56.8260086+01:00" testType="13cdc9d9-ddb5-4fa4-a97d-d965ccfc6d4b" outcome="Passed" testListId="8c84fa94-04c1-424b-9868-57a2d4851a1d" relativeResultsDirectory="30b4684b-a110-4421-9851-041ec7f90858" />
    <UnitTestResult executionId="c1844e24-ddd9-4b63-ad36-86cf875b0047" testId="601e8247-d9d7-da64-5c04-fa9cc29937f7" testName="GetAppConfigValueOrDefault_String_KnownKey_ReturnsCorrectValue" computerName="DKSR-EFI-04" duration="00:00:00.0912422" startTime="2023-12-22T09:32:56.9469269+01:00" endTime="2023-12-22T09:32:57.0384311+01:00" testType="13cdc9d9-ddb5-4fa4-a97d-d965ccfc6d4b" outcome="Passed" testListId="8c84fa94-04c1-424b-9868-57a2d4851a1d" relativeResultsDirectory="c1844e24-ddd9-4b63-ad36-86cf875b0047" />
    <UnitTestResult executionId="d88c02f1-3dfe-41ff-97a4-916676dd2ce3" testId="42a97528-fca3-7fad-95d3-4bc95198b880" testName="GetAppConfigValueOrDefault_Integer_KnownKeyAccessedMultipleTimes_ReturnsUpdatedValueWhenCacheIsCleared" computerName="DKSR-EFI-04" duration="00:00:00.0017081" startTime="2023-12-22T09:32:57.1637600+01:00" endTime="2023-12-22T09:32:57.1657240+01:00" testType="13cdc9d9-ddb5-4fa4-a97d-d965ccfc6d4b" outcome="Passed" testListId="8c84fa94-04c1-424b-9868-57a2d4851a1d" relativeResultsDirectory="d88c02f1-3dfe-41ff-97a4-916676dd2ce3" />
    <UnitTestResult executionId="42d06c2c-a2b6-4ca7-aa68-087564c8f8d5" testId="210800d1-ccf8-61aa-bc61-27c7d56b1d8b" testName="GetAppConfigValueOrDefault_Integer_KnownKeyWithInvalidValues_ReturnsDefaultValues" computerName="DKSR-EFI-04" duration="00:00:00.0011685" startTime="2023-12-22T09:32:57.1501802+01:00" endTime="2023-12-22T09:32:57.1515191+01:00" testType="13cdc9d9-ddb5-4fa4-a97d-d965ccfc6d4b" outcome="Passed" testListId="8c84fa94-04c1-424b-9868-57a2d4851a1d" relativeResultsDirectory="42d06c2c-a2b6-4ca7-aa68-087564c8f8d5" />
    <UnitTestResult executionId="cc3b52b5-0cd9-4513-a8fb-f7367e67f297" testId="9a296515-bd8f-5327-6ce3-e992e3edb30a" testName="GetAppConfigValueOrDefault_Enum_KnownKeyWithInvalidValues_ReturnsDefaultValues" computerName="DKSR-EFI-04" duration="00:00:00.0020041" startTime="2023-12-22T09:32:57.2812149+01:00" endTime="2023-12-22T09:32:57.2834055+01:00" testType="13cdc9d9-ddb5-4fa4-a97d-d965ccfc6d4b" outcome="Passed" testListId="8c84fa94-04c1-424b-9868-57a2d4851a1d" relativeResultsDirectory="cc3b52b5-0cd9-4513-a8fb-f7367e67f297" />
    <UnitTestResult executionId="7bfafeab-a3f2-4eb4-8d15-6bcdb2cd8179" testId="5c996a0d-fc09-a416-b6e7-8666282b6fb9" testName="GetAppConfigValueOrDefault_Integer_KnownKeyWithAllowedValues_ReturnsOnlyAllowedValues" computerName="DKSR-EFI-04" duration="00:00:00.0042776" startTime="2023-12-22T09:32:57.1723986+01:00" endTime="2023-12-22T09:32:57.1768742+01:00" testType="13cdc9d9-ddb5-4fa4-a97d-d965ccfc6d4b" outcome="Passed" testListId="8c84fa94-04c1-424b-9868-57a2d4851a1d" relativeResultsDirectory="7bfafeab-a3f2-4eb4-8d15-6bcdb2cd8179" />
    <UnitTestResult executionId="b1659054-955f-437a-8934-fdb7ef263749" testId="ab4ac729-52d3-ac00-c10c-492f64a8f9ff" testName="GetAppConfigValueOrDefault_Double_KnownKeyWithInvalidValues_ReturnsDefaultValues" computerName="DKSR-EFI-04" duration="00:00:00.0025080" startTime="2023-12-22T09:32:57.1882143+01:00" endTime="2023-12-22T09:32:57.1909324+01:00" testType="13cdc9d9-ddb5-4fa4-a97d-d965ccfc6d4b" outcome="Passed" testListId="8c84fa94-04c1-424b-9868-57a2d4851a1d" relativeResultsDirectory="b1659054-955f-437a-8934-fdb7ef263749" />
    <UnitTestResult executionId="ca30be38-6fe6-47bc-920c-8881a9d6e070" testId="ee0be6d8-16f3-3f50-b66a-3f0af0ca967c" testName="GetAppConfigValueOrDefault_TimeSpan_UnknownKey_ReturnsDefaultValue" computerName="DKSR-EFI-04" duration="00:00:00.0056838" startTime="2023-12-22T09:32:57.2182598+01:00" endTime="2023-12-22T09:32:57.2299566+01:00" testType="13cdc9d9-ddb5-4fa4-a97d-d965ccfc6d4b" outcome="Passed" testListId="8c84fa94-04c1-424b-9868-57a2d4851a1d" relativeResultsDirectory="ca30be38-6fe6-47bc-920c-8881a9d6e070" />
    <UnitTestResult executionId="6adbaf94-2a05-49e4-94f5-a9eaed3bb0a3" testId="7233f679-3512-158a-9d61-b86e97dd7840" testName="GetAppConfigValueOrDefault_String_KnownKeyAccessedMultipleTimes_ReturnsUpdatedValueWhenCacheIsCleared" computerName="DKSR-EFI-04" duration="00:00:00.0045241" startTime="2023-12-22T09:32:57.0429073+01:00" endTime="2023-12-22T09:32:57.0476567+01:00" testType="13cdc9d9-ddb5-4fa4-a97d-d965ccfc6d4b" outcome="Passed" testListId="8c84fa94-04c1-424b-9868-57a2d4851a1d" relativeResultsDirectory="6adbaf94-2a05-49e4-94f5-a9eaed3bb0a3" />
    <UnitTestResult executionId="94d78acb-330a-4c11-8708-fbe24e454f6e" testId="0d0b1de0-0a59-96ca-7d2d-bca519274740" testName="GetAppConfigValueOrDefault_Boolean_KnownKeyAccessedMultipleTimes_ReturnsCachedValue" computerName="DKSR-EFI-04" duration="00:00:00.0014787" startTime="2023-12-22T09:32:57.1401201+01:00" endTime="2023-12-22T09:32:57.1417580+01:00" testType="13cdc9d9-ddb5-4fa4-a97d-d965ccfc6d4b" outcome="Passed" testListId="8c84fa94-04c1-424b-9868-57a2d4851a1d" relativeResultsDirectory="94d78acb-330a-4c11-8708-fbe24e454f6e" />
    <UnitTestResult executionId="cb75a0cc-9235-469c-918f-80519bef42cb" testId="a062667e-6aef-720a-f8be-8a70eb73be75" testName="GetAppConfigValueOrDefault_Double_NullKey_ThrowsArgumentNullException" computerName="DKSR-EFI-04" duration="00:00:00.0022645" startTime="2023-12-22T09:32:57.1776739+01:00" endTime="2023-12-22T09:32:57.1801949+01:00" testType="13cdc9d9-ddb5-4fa4-a97d-d965ccfc6d4b" outcome="Passed" testListId="8c84fa94-04c1-424b-9868-57a2d4851a1d" relativeResultsDirectory="cb75a0cc-9235-469c-918f-80519bef42cb" />
    <UnitTestResult executionId="ff03463d-c669-4683-9907-f050a344c7fa" testId="2ed15d1d-cf99-835a-9f67-0e00f8645c2c" testName="GetAppConfigValueOrDefault_Double_KnownKey_ReturnsCorrectValue" computerName="DKSR-EFI-04" duration="00:00:00.0015540" startTime="2023-12-22T09:32:57.1918536+01:00" endTime="2023-12-22T09:32:57.1936408+01:00" testType="13cdc9d9-ddb5-4fa4-a97d-d965ccfc6d4b" outcome="Passed" testListId="8c84fa94-04c1-424b-9868-57a2d4851a1d" relativeResultsDirectory="ff03463d-c669-4683-9907-f050a344c7fa" />
    <UnitTestResult executionId="b1f2eb8b-dad6-4695-8722-420eae84b24f" testId="10da6535-9079-2bfc-3d51-558a5307bc16" testName="GetAppConfigValueOrDefault_TimeSpan_KnownKeyWithAllowedValues_ReturnsOnlyAllowedValues" computerName="DKSR-EFI-04" duration="00:00:00.0056435" startTime="2023-12-22T09:32:57.2485484+01:00" endTime="2023-12-22T09:32:57.2543477+01:00" testType="13cdc9d9-ddb5-4fa4-a97d-d965ccfc6d4b" outcome="Passed" testListId="8c84fa94-04c1-424b-9868-57a2d4851a1d" relativeResultsDirectory="b1f2eb8b-dad6-4695-8722-420eae84b24f" />
    <UnitTestResult executionId="d0328aa3-a8e6-430a-bf0f-d8ac5c075ad6" testId="6a54e572-0ea3-23f1-4d91-cd55ad0f94c2" testName="GetAppConfigValueOrDefault_Double_KnownKeyWithAllowedValues_ReturnsOnlyAllowedValues" computerName="DKSR-EFI-04" duration="00:00:00.0062102" startTime="2023-12-22T09:32:57.2072273+01:00" endTime="2023-12-22T09:32:57.2136712+01:00" testType="13cdc9d9-ddb5-4fa4-a97d-d965ccfc6d4b" outcome="Passed" testListId="8c84fa94-04c1-424b-9868-57a2d4851a1d" relativeResultsDirectory="d0328aa3-a8e6-430a-bf0f-d8ac5c075ad6" />
    <UnitTestResult executionId="b75678ff-c96f-4992-bd56-40949bae03b0" testId="1ca164fc-b465-9318-3a63-691e0f77382a" testName="GetAppConfigValueOrDefault_String_KnownKeyWithAllowedValues_ReturnsOnlyAllowedValues" computerName="DKSR-EFI-04" duration="00:00:00.0015601" startTime="2023-12-22T09:32:57.0485489+01:00" endTime="2023-12-22T09:32:57.0503091+01:00" testType="13cdc9d9-ddb5-4fa4-a97d-d965ccfc6d4b" outcome="Passed" testListId="8c84fa94-04c1-424b-9868-57a2d4851a1d" relativeResultsDirectory="b75678ff-c96f-4992-bd56-40949bae03b0" />
    <UnitTestResult executionId="636b74e7-a934-4cbd-95fc-544a8ea1249c" testId="b0441781-c253-e359-951d-574b5fa10696" testName="GetAppConfigValueOrDefault_Boolean_KnownKeyWithAllValidValues_ReturnsCorrectValues" computerName="DKSR-EFI-04" duration="00:00:00.0044913" startTime="2023-12-22T09:32:57.1347049+01:00" endTime="2023-12-22T09:32:57.1393912+01:00" testType="13cdc9d9-ddb5-4fa4-a97d-d965ccfc6d4b" outcome="Passed" testListId="8c84fa94-04c1-424b-9868-57a2d4851a1d" relativeResultsDirectory="636b74e7-a934-4cbd-95fc-544a8ea1249c" />
    <UnitTestResult executionId="45ab25de-5367-472c-badb-46025f7ef7ae" testId="9c03fbf1-c97a-e002-8455-5d6901c1b5f3" testName="GetAppConfigValueOrDefault_Enum_KnownKeyAccessedMultipleTimes_ReturnsUpdatedValueWhenCacheIsCleared" computerName="DKSR-EFI-04" duration="00:00:00.0014947" startTime="2023-12-22T09:32:57.2919569+01:00" endTime="2023-12-22T09:32:57.2950383+01:00" testType="13cdc9d9-ddb5-4fa4-a97d-d965ccfc6d4b" outcome="Passed" testListId="8c84fa94-04c1-424b-9868-57a2d4851a1d" relativeResultsDirectory="45ab25de-5367-472c-badb-46025f7ef7ae" />
    <UnitTestResult executionId="dfe5dceb-1e4f-4c2e-86e0-fd1d3754a635" testId="3c6202cd-07f4-5084-a843-029ab69001f2" testName="GetAppConfigValueOrDefault_TimeSpan_KnownKeyWithMinValue_ReturnsOnlyAllowedValues" computerName="DKSR-EFI-04" duration="00:00:00.0021906" startTime="2023-12-22T09:32:57.2431183+01:00" endTime="2023-12-22T09:32:57.2454479+01:00" testType="13cdc9d9-ddb5-4fa4-a97d-d965ccfc6d4b" outcome="Passed" testListId="8c84fa94-04c1-424b-9868-57a2d4851a1d" relativeResultsDirectory="dfe5dceb-1e4f-4c2e-86e0-fd1d3754a635" />
    <UnitTestResult executionId="c96dec74-9568-4a5c-934e-437c32933092" testId="9ddcd75b-5e45-f092-870b-96bdc6d9c594" testName="GetAppConfigValueOrDefault_TimeSpan_NullKey_ThrowsArgumentNullException" computerName="DKSR-EFI-04" duration="00:00:00.0024290" startTime="2023-12-22T09:32:57.2146784+01:00" endTime="2023-12-22T09:32:57.2173736+01:00" testType="13cdc9d9-ddb5-4fa4-a97d-d965ccfc6d4b" outcome="Passed" testListId="8c84fa94-04c1-424b-9868-57a2d4851a1d" relativeResultsDirectory="c96dec74-9568-4a5c-934e-437c32933092" />
    <UnitTestResult executionId="e32e3919-40dc-42fd-bfca-7249a0c58685" testId="a9b64fd4-9f83-3f94-da29-933fa92245d3" testName="GetAppConfigValueOrDefault_Double_UnknownKey_ReturnsDefaultValue" computerName="DKSR-EFI-04" duration="00:00:00.0060811" startTime="2023-12-22T09:32:57.1810120+01:00" endTime="2023-12-22T09:32:57.1873397+01:00" testType="13cdc9d9-ddb5-4fa4-a97d-d965ccfc6d4b" outcome="Passed" testListId="8c84fa94-04c1-424b-9868-57a2d4851a1d" relativeResultsDirectory="e32e3919-40dc-42fd-bfca-7249a0c58685" />
    <UnitTestResult executionId="4857aed9-bc63-4198-bc46-1c1ff714fc76" testId="c1e495bf-69bb-2e80-a4ef-cd9a4f93c416" testName="GetAppConfigValueOrDefault_Enum_KnownKeyAccessedMultipleTimes_ReturnsCachedValue" computerName="DKSR-EFI-04" duration="00:00:00.0013673" startTime="2023-12-22T09:32:57.2884260+01:00" endTime="2023-12-22T09:32:57.2900014+01:00" testType="13cdc9d9-ddb5-4fa4-a97d-d965ccfc6d4b" outcome="Passed" testListId="8c84fa94-04c1-424b-9868-57a2d4851a1d" relativeResultsDirectory="4857aed9-bc63-4198-bc46-1c1ff714fc76" />
    <UnitTestResult executionId="c412abca-f55e-4458-8d16-72d5cd15dddd" testId="ecbffb9d-d6c8-713a-829f-718f52e882c8" testName="GetAppConfigValueOrDefault_Boolean_UnknownKey_ReturnsDefaultValue" computerName="DKSR-EFI-04" duration="00:00:00.0050369" startTime="2023-12-22T09:32:57.0545375+01:00" endTime="2023-12-22T09:32:57.0597534+01:00" testType="13cdc9d9-ddb5-4fa4-a97d-d965ccfc6d4b" outcome="Passed" testListId="8c84fa94-04c1-424b-9868-57a2d4851a1d" relativeResultsDirectory="c412abca-f55e-4458-8d16-72d5cd15dddd" />
    <UnitTestResult executionId="f3762844-c930-41e1-af24-eab5d910997c" testId="61b8dd52-f93a-8ff9-4689-849ae6f51466" testName="GetAppConfigValueOrDefault_Enum_UnknownKey_ReturnsDefaultValue" computerName="DKSR-EFI-04" duration="00:00:00.0033413" startTime="2023-12-22T09:32:57.2768992+01:00" endTime="2023-12-22T09:32:57.2804535+01:00" testType="13cdc9d9-ddb5-4fa4-a97d-d965ccfc6d4b" outcome="Passed" testListId="8c84fa94-04c1-424b-9868-57a2d4851a1d" relativeResultsDirectory="f3762844-c930-41e1-af24-eab5d910997c" />
    <UnitTestResult executionId="fb31fac0-e4e5-493d-bb01-d9e7a339910a" testId="ac230ab8-5c42-3ae1-3c38-3537fec03817" testName="GetAppConfigValueOrDefault_Double_KnownKeyWithMinAndMaxValues_ReturnsOnlyAllowedValues" computerName="DKSR-EFI-04" duration="00:00:00.0017412" startTime="2023-12-22T09:32:57.2044352+01:00" endTime="2023-12-22T09:32:57.2063731+01:00" testType="13cdc9d9-ddb5-4fa4-a97d-d965ccfc6d4b" outcome="Passed" testListId="8c84fa94-04c1-424b-9868-57a2d4851a1d" relativeResultsDirectory="fb31fac0-e4e5-493d-bb01-d9e7a339910a" />
    <UnitTestResult executionId="6776e103-9d96-4abf-918f-1eaf83551182" testId="b7d1f5af-c647-b8ee-21be-1a915ae3f9ab" testName="GetAppConfigValueOrDefault_Integer_UnknownKey_ReturnsDefaultValue" computerName="DKSR-EFI-04" duration="00:00:00.0023949" startTime="2023-12-22T09:32:57.1467774+01:00" endTime="2023-12-22T09:32:57.1493114+01:00" testType="13cdc9d9-ddb5-4fa4-a97d-d965ccfc6d4b" outcome="Passed" testListId="8c84fa94-04c1-424b-9868-57a2d4851a1d" relativeResultsDirectory="6776e103-9d96-4abf-918f-1eaf83551182" />
    <UnitTestResult executionId="94758206-632b-428e-a7ab-975983dbe535" testId="e12fb247-7933-16cf-f508-fe360e927685" testName="GetAppConfigValueOrDefault_Integer_KnownKeyAccessedMultipleTimes_ReturnsCachedValue" computerName="DKSR-EFI-04" duration="00:00:00.0013734" startTime="2023-12-22T09:32:57.1541611+01:00" endTime="2023-12-22T09:32:57.1556778+01:00" testType="13cdc9d9-ddb5-4fa4-a97d-d965ccfc6d4b" outcome="Passed" testListId="8c84fa94-04c1-424b-9868-57a2d4851a1d" relativeResultsDirectory="94758206-632b-428e-a7ab-975983dbe535" />
    <UnitTestResult executionId="24aeacbe-9a29-4933-94c8-57a595a3284f" testId="66313b81-95d3-89a0-d5c6-0970e07e1abc" testName="GetAppConfigValueOrDefault_Enum_NullKey_ThrowsArgumentNullException" computerName="DKSR-EFI-04" duration="00:00:00.0207090" startTime="2023-12-22T09:32:57.2550930+01:00" endTime="2023-12-22T09:32:57.2760619+01:00" testType="13cdc9d9-ddb5-4fa4-a97d-d965ccfc6d4b" outcome="Passed" testListId="8c84fa94-04c1-424b-9868-57a2d4851a1d" relativeResultsDirectory="24aeacbe-9a29-4933-94c8-57a595a3284f" />
    <UnitTestResult executionId="94123a37-1be6-4755-ac5f-45f5446f0952" testId="34de4435-b1db-9488-14f7-387e4f25f332" testName="GetAppConfigValueOrDefault_Double_KnownKeyAccessedMultipleTimes_ReturnsUpdatedValueWhenCacheIsCleared" computerName="DKSR-EFI-04" duration="00:00:00.0015965" startTime="2023-12-22T09:32:57.1984766+01:00" endTime="2023-12-22T09:32:57.2002616+01:00" testType="13cdc9d9-ddb5-4fa4-a97d-d965ccfc6d4b" outcome="Passed" testListId="8c84fa94-04c1-424b-9868-57a2d4851a1d" relativeResultsDirectory="94123a37-1be6-4755-ac5f-45f5446f0952" />
    <UnitTestResult executionId="2c2e4b56-f993-46e1-9a8f-8cfa4989d11b" testId="091a1fc3-88ba-3958-1b4e-60556be24e3b" testName="GetAppConfigValueOrDefault_Enum_KnownKey_ReturnsCorrectValue" computerName="DKSR-EFI-04" duration="00:00:00.0010158" startTime="2023-12-22T09:32:57.2840955+01:00" endTime="2023-12-22T09:32:57.2852556+01:00" testType="13cdc9d9-ddb5-4fa4-a97d-d965ccfc6d4b" outcome="Passed" testListId="8c84fa94-04c1-424b-9868-57a2d4851a1d" relativeResultsDirectory="2c2e4b56-f993-46e1-9a8f-8cfa4989d11b" />
    <UnitTestResult executionId="cd43c7ab-1e64-4b3c-8bef-10654d87e58c" testId="55d38079-c647-aa67-edc3-81a0a20f56e3" testName="GetAppConfigValueOrDefault_TimeSpan_KnownKeyWithInvalidValues_ReturnsDefaultValues" computerName="DKSR-EFI-04" duration="00:00:00.0024882" startTime="2023-12-22T09:32:57.2307729+01:00" endTime="2023-12-22T09:32:57.2334601+01:00" testType="13cdc9d9-ddb5-4fa4-a97d-d965ccfc6d4b" outcome="Passed" testListId="8c84fa94-04c1-424b-9868-57a2d4851a1d" relativeResultsDirectory="cd43c7ab-1e64-4b3c-8bef-10654d87e58c" />
    <UnitTestResult executionId="49c669e4-11ba-4946-b7dd-95f4a9035ec2" testId="08506604-191e-fff1-e3a2-267bde7280da" testName="GetAppConfigValueOrDefault_TimeSpan_KnownKeyWithMinAndMaxValues_ReturnsOnlyAllowedValues" computerName="DKSR-EFI-04" duration="00:00:00.0017400" startTime="2023-12-22T09:32:57.2460675+01:00" endTime="2023-12-22T09:32:57.2479497+01:00" testType="13cdc9d9-ddb5-4fa4-a97d-d965ccfc6d4b" outcome="Passed" testListId="8c84fa94-04c1-424b-9868-57a2d4851a1d" relativeResultsDirectory="49c669e4-11ba-4946-b7dd-95f4a9035ec2" />
    <UnitTestResult executionId="07ac6bd6-b53a-4235-bcc6-caccd2e54a99" testId="30130d67-3675-8209-cea3-bbf76aecdad5" testName="GetAppConfigValueOrDefault_Boolean_KnownKeyAccessedMultipleTimes_ReturnsUpdatedValueWhenCacheIsCleared" computerName="DKSR-EFI-04" duration="00:00:00.0012951" startTime="2023-12-22T09:32:57.1425193+01:00" endTime="2023-12-22T09:32:57.1439570+01:00" testType="13cdc9d9-ddb5-4fa4-a97d-d965ccfc6d4b" outcome="Passed" testListId="8c84fa94-04c1-424b-9868-57a2d4851a1d" relativeResultsDirectory="07ac6bd6-b53a-4235-bcc6-caccd2e54a99" />
    <UnitTestResult executionId="b02b671e-dfe9-430a-8bb0-a7d420dfe46c" testId="2c6d17cd-ae7f-595b-d5bb-43e03706f304" testName="GetAppConfigValueOrDefault_Integer_KnownKeyWithMinAndMaxValues_ReturnsOnlyAllowedValues" computerName="DKSR-EFI-04" duration="00:00:00.0016432" startTime="2023-12-22T09:32:57.1697166+01:00" endTime="2023-12-22T09:32:57.1715460+01:00" testType="13cdc9d9-ddb5-4fa4-a97d-d965ccfc6d4b" outcome="Passed" testListId="8c84fa94-04c1-424b-9868-57a2d4851a1d" relativeResultsDirectory="b02b671e-dfe9-430a-8bb0-a7d420dfe46c" />
  </Results>
  <TestDefinitions>
    <UnitTest name="GetAppConfigValueOrDefault_TimeSpan_NullKey_ThrowsArgumentNullException" storage="d:\actions-runner\_work\xpco\xpco\allsolutions\..\common\videoos.universal\videoos.universal.utilities.unittests\bin\debug\net6.0\videoos.universal.utilities.unittests.dll" id="9ddcd75b-5e45-f092-870b-96bdc6d9c594">
      <Execution id="c96dec74-9568-4a5c-934e-437c32933092" />
      <TestMethod codeBase="D:\actions-runner\_work\XPCO\XPCO\AllSolutions\..\Common\VideoOS.Universal\VideoOS.Universal.Utilities.UnitTests\bin\Debug\net6.0\VideoOS.Universal.Utilities.UnitTests.dll" adapterTypeName="executor://mstestadapter/v2" className="VideoOS.Universal.Utilities.UnitTests.Configuration.ApplicationConfiguration.ApplicationConfigurationTests" name="GetAppConfigValueOrDefault_TimeSpan_NullKey_ThrowsArgumentNullException" />
    </UnitTest>
    <UnitTest name="GetAppConfigValueOrDefault_Double_KnownKeyWithInvalidValues_ReturnsDefaultValues" storage="d:\actions-runner\_work\xpco\xpco\allsolutions\..\common\videoos.universal\videoos.universal.utilities.unittests\bin\debug\net6.0\videoos.universal.utilities.unittests.dll" id="ab4ac729-52d3-ac00-c10c-492f64a8f9ff">
      <Execution id="b1659054-955f-437a-8934-fdb7ef263749" />
      <TestMethod codeBase="D:\actions-runner\_work\XPCO\XPCO\AllSolutions\..\Common\VideoOS.Universal\VideoOS.Universal.Utilities.UnitTests\bin\Debug\net6.0\VideoOS.Universal.Utilities.UnitTests.dll" adapterTypeName="executor://mstestadapter/v2" className="VideoOS.Universal.Utilities.UnitTests.Configuration.ApplicationConfiguration.ApplicationConfigurationTests" name="GetAppConfigValueOrDefault_Double_KnownKeyWithInvalidValues_ReturnsDefaultValues" />
    </UnitTest>
    <UnitTest name="GetAppConfigValueOrDefault_Integer_KnownKeyWithAllowedValues_ReturnsOnlyAllowedValues" storage="d:\actions-runner\_work\xpco\xpco\allsolutions\..\common\videoos.universal\videoos.universal.utilities.unittests\bin\debug\net6.0\videoos.universal.utilities.unittests.dll" id="5c996a0d-fc09-a416-b6e7-8666282b6fb9">
      <Execution id="7bfafeab-a3f2-4eb4-8d15-6bcdb2cd8179" />
      <TestMethod codeBase="D:\actions-runner\_work\XPCO\XPCO\AllSolutions\..\Common\VideoOS.Universal\VideoOS.Universal.Utilities.UnitTests\bin\Debug\net6.0\VideoOS.Universal.Utilities.UnitTests.dll" adapterTypeName="executor://mstestadapter/v2" className="VideoOS.Universal.Utilities.UnitTests.Configuration.ApplicationConfiguration.ApplicationConfigurationTests" name="GetAppConfigValueOrDefault_Integer_KnownKeyWithAllowedValues_ReturnsOnlyAllowedValues" />
    </UnitTest>
    <UnitTest name="GetAppConfigValueOrDefault_Enum_KnownKeyAccessedMultipleTimes_ReturnsUpdatedValueWhenCacheIsCleared" storage="d:\actions-runner\_work\xpco\xpco\allsolutions\..\common\videoos.universal\videoos.universal.utilities.unittests\bin\debug\net6.0\videoos.universal.utilities.unittests.dll" id="9c03fbf1-c97a-e002-8455-5d6901c1b5f3">
      <Execution id="45ab25de-5367-472c-badb-46025f7ef7ae" />
      <TestMethod codeBase="D:\actions-runner\_work\XPCO\XPCO\AllSolutions\..\Common\VideoOS.Universal\VideoOS.Universal.Utilities.UnitTests\bin\Debug\net6.0\VideoOS.Universal.Utilities.UnitTests.dll" adapterTypeName="executor://mstestadapter/v2" className="VideoOS.Universal.Utilities.UnitTests.Configuration.ApplicationConfiguration.ApplicationConfigurationTests" name="GetAppConfigValueOrDefault_Enum_KnownKeyAccessedMultipleTimes_ReturnsUpdatedValueWhenCacheIsCleared" />
    </UnitTest>
    <UnitTest name="GetAppConfigValueOrDefault_Boolean_KnownKeyAccessedMultipleTimes_ReturnsUpdatedValueWhenCacheIsCleared" storage="d:\actions-runner\_work\xpco\xpco\allsolutions\..\common\videoos.universal\videoos.universal.utilities.unittests\bin\debug\net6.0\videoos.universal.utilities.unittests.dll" id="30130d67-3675-8209-cea3-bbf76aecdad5">
      <Execution id="07ac6bd6-b53a-4235-bcc6-caccd2e54a99" />
      <TestMethod codeBase="D:\actions-runner\_work\XPCO\XPCO\AllSolutions\..\Common\VideoOS.Universal\VideoOS.Universal.Utilities.UnitTests\bin\Debug\net6.0\VideoOS.Universal.Utilities.UnitTests.dll" adapterTypeName="executor://mstestadapter/v2" className="VideoOS.Universal.Utilities.UnitTests.Configuration.ApplicationConfiguration.ApplicationConfigurationTests" name="GetAppConfigValueOrDefault_Boolean_KnownKeyAccessedMultipleTimes_ReturnsUpdatedValueWhenCacheIsCleared" />
    </UnitTest>
    <UnitTest name="GetAppConfigValueOrDefault_Boolean_KnownKey_ReturnsCorrectValue" storage="d:\actions-runner\_work\xpco\xpco\allsolutions\..\common\videoos.universal\videoos.universal.utilities.unittests\bin\debug\net6.0\videoos.universal.utilities.unittests.dll" id="047fbfb2-fc60-7d34-2bc2-d0c8bfbe7980">
      <Execution id="6246a46a-a1fe-4f9e-bd44-93927276a8b5" />
      <TestMethod codeBase="D:\actions-runner\_work\XPCO\XPCO\AllSolutions\..\Common\VideoOS.Universal\VideoOS.Universal.Utilities.UnitTests\bin\Debug\net6.0\VideoOS.Universal.Utilities.UnitTests.dll" adapterTypeName="executor://mstestadapter/v2" className="VideoOS.Universal.Utilities.UnitTests.Configuration.ApplicationConfiguration.ApplicationConfigurationTests" name="GetAppConfigValueOrDefault_Boolean_KnownKey_ReturnsCorrectValue" />
    </UnitTest>
    <UnitTest name="GetAppConfigValueOrDefault_TimeSpan_KnownKeyWithInvalidValues_ReturnsDefaultValues" storage="d:\actions-runner\_work\xpco\xpco\allsolutions\..\common\videoos.universal\videoos.universal.utilities.unittests\bin\debug\net6.0\videoos.universal.utilities.unittests.dll" id="55d38079-c647-aa67-edc3-81a0a20f56e3">
      <Execution id="cd43c7ab-1e64-4b3c-8bef-10654d87e58c" />
      <TestMethod codeBase="D:\actions-runner\_work\XPCO\XPCO\AllSolutions\..\Common\VideoOS.Universal\VideoOS.Universal.Utilities.UnitTests\bin\Debug\net6.0\VideoOS.Universal.Utilities.UnitTests.dll" adapterTypeName="executor://mstestadapter/v2" className="VideoOS.Universal.Utilities.UnitTests.Configuration.ApplicationConfiguration.ApplicationConfigurationTests" name="GetAppConfigValueOrDefault_TimeSpan_KnownKeyWithInvalidValues_ReturnsDefaultValues" />
    </UnitTest>
    <UnitTest name="GetAppConfigValueOrDefault_TimeSpan_KnownKey_ReturnsCorrectValue" storage="d:\actions-runner\_work\xpco\xpco\allsolutions\..\common\videoos.universal\videoos.universal.utilities.unittests\bin\debug\net6.0\videoos.universal.utilities.unittests.dll" id="f22bbb2b-4d49-937f-3db8-6742e2421430">
      <Execution id="8a9bbc08-8353-4f88-a478-1f8e20f6f2d1" />
      <TestMethod codeBase="D:\actions-runner\_work\XPCO\XPCO\AllSolutions\..\Common\VideoOS.Universal\VideoOS.Universal.Utilities.UnitTests\bin\Debug\net6.0\VideoOS.Universal.Utilities.UnitTests.dll" adapterTypeName="executor://mstestadapter/v2" className="VideoOS.Universal.Utilities.UnitTests.Configuration.ApplicationConfiguration.ApplicationConfigurationTests" name="GetAppConfigValueOrDefault_TimeSpan_KnownKey_ReturnsCorrectValue" />
    </UnitTest>
    <UnitTest name="GetAppConfigValueOrDefault_String_KnownKey_ReturnsCorrectValue" storage="d:\actions-runner\_work\xpco\xpco\allsolutions\..\common\videoos.universal\videoos.universal.utilities.unittests\bin\debug\net6.0\videoos.universal.utilities.unittests.dll" id="601e8247-d9d7-da64-5c04-fa9cc29937f7">
      <Execution id="c1844e24-ddd9-4b63-ad36-86cf875b0047" />
      <TestMethod codeBase="D:\actions-runner\_work\XPCO\XPCO\AllSolutions\..\Common\VideoOS.Universal\VideoOS.Universal.Utilities.UnitTests\bin\Debug\net6.0\VideoOS.Universal.Utilities.UnitTests.dll" adapterTypeName="executor://mstestadapter/v2" className="VideoOS.Universal.Utilities.UnitTests.Configuration.ApplicationConfiguration.ApplicationConfigurationTests" name="GetAppConfigValueOrDefault_String_KnownKey_ReturnsCorrectValue" />
    </UnitTest>
    <UnitTest name="GetAppConfigValueOrDefault_TimeSpan_KnownKeyAccessedMultipleTimes_ReturnsUpdatedValueWhenCacheIsCleared" storage="d:\actions-runner\_work\xpco\xpco\allsolutions\..\common\videoos.universal\videoos.universal.utilities.unittests\bin\debug\net6.0\videoos.universal.utilities.unittests.dll" id="363a8458-7d3f-212d-8e54-cac7ad188194">
      <Execution id="00b838e6-a89f-4e53-b153-fbdbc753766d" />
      <TestMethod codeBase="D:\actions-runner\_work\XPCO\XPCO\AllSolutions\..\Common\VideoOS.Universal\VideoOS.Universal.Utilities.UnitTests\bin\Debug\net6.0\VideoOS.Universal.Utilities.UnitTests.dll" adapterTypeName="executor://mstestadapter/v2" className="VideoOS.Universal.Utilities.UnitTests.Configuration.ApplicationConfiguration.ApplicationConfigurationTests" name="GetAppConfigValueOrDefault_TimeSpan_KnownKeyAccessedMultipleTimes_ReturnsUpdatedValueWhenCacheIsCleared" />
    </UnitTest>
    <UnitTest name="GetAppConfigValueOrDefault_Boolean_NullKey_ThrowsArgumentNullException" storage="d:\actions-runner\_work\xpco\xpco\allsolutions\..\common\videoos.universal\videoos.universal.utilities.unittests\bin\debug\net6.0\videoos.universal.utilities.unittests.dll" id="40a5c975-37e8-bc73-1ac5-8e72790a48bb">
      <Execution id="f5f3390a-8856-44f5-b0a3-a738ada30a95" />
      <TestMethod codeBase="D:\actions-runner\_work\XPCO\XPCO\AllSolutions\..\Common\VideoOS.Universal\VideoOS.Universal.Utilities.UnitTests\bin\Debug\net6.0\VideoOS.Universal.Utilities.UnitTests.dll" adapterTypeName="executor://mstestadapter/v2" className="VideoOS.Universal.Utilities.UnitTests.Configuration.ApplicationConfiguration.ApplicationConfigurationTests" name="GetAppConfigValueOrDefault_Boolean_NullKey_ThrowsArgumentNullException" />
    </UnitTest>
    <UnitTest name="GetAppConfigValueOrDefault_String_KnownKeyAccessedMultipleTimes_ReturnsUpdatedValueWhenCacheIsCleared" storage="d:\actions-runner\_work\xpco\xpco\allsolutions\..\common\videoos.universal\videoos.universal.utilities.unittests\bin\debug\net6.0\videoos.universal.utilities.unittests.dll" id="7233f679-3512-158a-9d61-b86e97dd7840">
      <Execution id="6adbaf94-2a05-49e4-94f5-a9eaed3bb0a3" />
      <TestMethod codeBase="D:\actions-runner\_work\XPCO\XPCO\AllSolutions\..\Common\VideoOS.Universal\VideoOS.Universal.Utilities.UnitTests\bin\Debug\net6.0\VideoOS.Universal.Utilities.UnitTests.dll" adapterTypeName="executor://mstestadapter/v2" className="VideoOS.Universal.Utilities.UnitTests.Configuration.ApplicationConfiguration.ApplicationConfigurationTests" name="GetAppConfigValueOrDefault_String_KnownKeyAccessedMultipleTimes_ReturnsUpdatedValueWhenCacheIsCleared" />
    </UnitTest>
    <UnitTest name="GetAppConfigValueOrDefault_Enum_UnknownKey_ReturnsDefaultValue" storage="d:\actions-runner\_work\xpco\xpco\allsolutions\..\common\videoos.universal\videoos.universal.utilities.unittests\bin\debug\net6.0\videoos.universal.utilities.unittests.dll" id="61b8dd52-f93a-8ff9-4689-849ae6f51466">
      <Execution id="f3762844-c930-41e1-af24-eab5d910997c" />
      <TestMethod codeBase="D:\actions-runner\_work\XPCO\XPCO\AllSolutions\..\Common\VideoOS.Universal\VideoOS.Universal.Utilities.UnitTests\bin\Debug\net6.0\VideoOS.Universal.Utilities.UnitTests.dll" adapterTypeName="executor://mstestadapter/v2" className="VideoOS.Universal.Utilities.UnitTests.Configuration.ApplicationConfiguration.ApplicationConfigurationTests" name="GetAppConfigValueOrDefault_Enum_UnknownKey_ReturnsDefaultValue" />
    </UnitTest>
    <UnitTest name="GetAppConfigValueOrDefault_String_KnownKeyAccessedMultipleTimes_ReturnsCachedValue" storage="d:\actions-runner\_work\xpco\xpco\allsolutions\..\common\videoos.universal\videoos.universal.utilities.unittests\bin\debug\net6.0\videoos.universal.utilities.unittests.dll" id="e6326402-bfd9-d812-fb57-4e4baf540e37">
      <Execution id="2f4d7b80-203d-47fd-b798-a9571931510f" />
      <TestMethod codeBase="D:\actions-runner\_work\XPCO\XPCO\AllSolutions\..\Common\VideoOS.Universal\VideoOS.Universal.Utilities.UnitTests\bin\Debug\net6.0\VideoOS.Universal.Utilities.UnitTests.dll" adapterTypeName="executor://mstestadapter/v2" className="VideoOS.Universal.Utilities.UnitTests.Configuration.ApplicationConfiguration.ApplicationConfigurationTests" name="GetAppConfigValueOrDefault_String_KnownKeyAccessedMultipleTimes_ReturnsCachedValue" />
    </UnitTest>
    <UnitTest name="GetAppConfigValueOrDefault_Double_KnownKeyWithAllowedValues_ReturnsOnlyAllowedValues" storage="d:\actions-runner\_work\xpco\xpco\allsolutions\..\common\videoos.universal\videoos.universal.utilities.unittests\bin\debug\net6.0\videoos.universal.utilities.unittests.dll" id="6a54e572-0ea3-23f1-4d91-cd55ad0f94c2">
      <Execution id="d0328aa3-a8e6-430a-bf0f-d8ac5c075ad6" />
      <TestMethod codeBase="D:\actions-runner\_work\XPCO\XPCO\AllSolutions\..\Common\VideoOS.Universal\VideoOS.Universal.Utilities.UnitTests\bin\Debug\net6.0\VideoOS.Universal.Utilities.UnitTests.dll" adapterTypeName="executor://mstestadapter/v2" className="VideoOS.Universal.Utilities.UnitTests.Configuration.ApplicationConfiguration.ApplicationConfigurationTests" name="GetAppConfigValueOrDefault_Double_KnownKeyWithAllowedValues_ReturnsOnlyAllowedValues" />
    </UnitTest>
    <UnitTest name="GetAppConfigValueOrDefault_Double_KnownKeyAccessedMultipleTimes_ReturnsCachedValue" storage="d:\actions-runner\_work\xpco\xpco\allsolutions\..\common\videoos.universal\videoos.universal.utilities.unittests\bin\debug\net6.0\videoos.universal.utilities.unittests.dll" id="9e887f99-afa7-c0da-24f2-53cc5e15cbd1">
      <Execution id="ae7b84d4-7180-4a10-ab91-06b40c7492dd" />
      <TestMethod codeBase="D:\actions-runner\_work\XPCO\XPCO\AllSolutions\..\Common\VideoOS.Universal\VideoOS.Universal.Utilities.UnitTests\bin\Debug\net6.0\VideoOS.Universal.Utilities.UnitTests.dll" adapterTypeName="executor://mstestadapter/v2" className="VideoOS.Universal.Utilities.UnitTests.Configuration.ApplicationConfiguration.ApplicationConfigurationTests" name="GetAppConfigValueOrDefault_Double_KnownKeyAccessedMultipleTimes_ReturnsCachedValue" />
    </UnitTest>
    <UnitTest name="GetAppConfigValueOrDefault_Enum_KnownKey_ReturnsCorrectValue" storage="d:\actions-runner\_work\xpco\xpco\allsolutions\..\common\videoos.universal\videoos.universal.utilities.unittests\bin\debug\net6.0\videoos.universal.utilities.unittests.dll" id="091a1fc3-88ba-3958-1b4e-60556be24e3b">
      <Execution id="2c2e4b56-f993-46e1-9a8f-8cfa4989d11b" />
      <TestMethod codeBase="D:\actions-runner\_work\XPCO\XPCO\AllSolutions\..\Common\VideoOS.Universal\VideoOS.Universal.Utilities.UnitTests\bin\Debug\net6.0\VideoOS.Universal.Utilities.UnitTests.dll" adapterTypeName="executor://mstestadapter/v2" className="VideoOS.Universal.Utilities.UnitTests.Configuration.ApplicationConfiguration.ApplicationConfigurationTests" name="GetAppConfigValueOrDefault_Enum_KnownKey_ReturnsCorrectValue" />
    </UnitTest>
    <UnitTest name="GetAppConfigValueOrDefault_TimeSpan_UnknownKey_ReturnsDefaultValue" storage="d:\actions-runner\_work\xpco\xpco\allsolutions\..\common\videoos.universal\videoos.universal.utilities.unittests\bin\debug\net6.0\videoos.universal.utilities.unittests.dll" id="ee0be6d8-16f3-3f50-b66a-3f0af0ca967c">
      <Execution id="ca30be38-6fe6-47bc-920c-8881a9d6e070" />
      <TestMethod codeBase="D:\actions-runner\_work\XPCO\XPCO\AllSolutions\..\Common\VideoOS.Universal\VideoOS.Universal.Utilities.UnitTests\bin\Debug\net6.0\VideoOS.Universal.Utilities.UnitTests.dll" adapterTypeName="executor://mstestadapter/v2" className="VideoOS.Universal.Utilities.UnitTests.Configuration.ApplicationConfiguration.ApplicationConfigurationTests" name="GetAppConfigValueOrDefault_TimeSpan_UnknownKey_ReturnsDefaultValue" />
    </UnitTest>
    <UnitTest name="GetAppConfigValueOrDefault_Integer_KnownKeyWithMinAndMaxValues_ReturnsOnlyAllowedValues" storage="d:\actions-runner\_work\xpco\xpco\allsolutions\..\common\videoos.universal\videoos.universal.utilities.unittests\bin\debug\net6.0\videoos.universal.utilities.unittests.dll" id="2c6d17cd-ae7f-595b-d5bb-43e03706f304">
      <Execution id="b02b671e-dfe9-430a-8bb0-a7d420dfe46c" />
      <TestMethod codeBase="D:\actions-runner\_work\XPCO\XPCO\AllSolutions\..\Common\VideoOS.Universal\VideoOS.Universal.Utilities.UnitTests\bin\Debug\net6.0\VideoOS.Universal.Utilities.UnitTests.dll" adapterTypeName="executor://mstestadapter/v2" className="VideoOS.Universal.Utilities.UnitTests.Configuration.ApplicationConfiguration.ApplicationConfigurationTests" name="GetAppConfigValueOrDefault_Integer_KnownKeyWithMinAndMaxValues_ReturnsOnlyAllowedValues" />
    </UnitTest>
    <UnitTest name="GetAppConfigValueOrDefault_Double_KnownKeyWithMinAndMaxValues_ReturnsOnlyAllowedValues" storage="d:\actions-runner\_work\xpco\xpco\allsolutions\..\common\videoos.universal\videoos.universal.utilities.unittests\bin\debug\net6.0\videoos.universal.utilities.unittests.dll" id="ac230ab8-5c42-3ae1-3c38-3537fec03817">
      <Execution id="fb31fac0-e4e5-493d-bb01-d9e7a339910a" />
      <TestMethod codeBase="D:\actions-runner\_work\XPCO\XPCO\AllSolutions\..\Common\VideoOS.Universal\VideoOS.Universal.Utilities.UnitTests\bin\Debug\net6.0\VideoOS.Universal.Utilities.UnitTests.dll" adapterTypeName="executor://mstestadapter/v2" className="VideoOS.Universal.Utilities.UnitTests.Configuration.ApplicationConfiguration.ApplicationConfigurationTests" name="GetAppConfigValueOrDefault_Double_KnownKeyWithMinAndMaxValues_ReturnsOnlyAllowedValues" />
    </UnitTest>
    <UnitTest name="GetAppConfigValueOrDefault_TimeSpan_KnownKeyWithMinAndMaxValues_ReturnsOnlyAllowedValues" storage="d:\actions-runner\_work\xpco\xpco\allsolutions\..\common\videoos.universal\videoos.universal.utilities.unittests\bin\debug\net6.0\videoos.universal.utilities.unittests.dll" id="08506604-191e-fff1-e3a2-267bde7280da">
      <Execution id="49c669e4-11ba-4946-b7dd-95f4a9035ec2" />
      <TestMethod codeBase="D:\actions-runner\_work\XPCO\XPCO\AllSolutions\..\Common\VideoOS.Universal\VideoOS.Universal.Utilities.UnitTests\bin\Debug\net6.0\VideoOS.Universal.Utilities.UnitTests.dll" adapterTypeName="executor://mstestadapter/v2" className="VideoOS.Universal.Utilities.UnitTests.Configuration.ApplicationConfiguration.ApplicationConfigurationTests" name="GetAppConfigValueOrDefault_TimeSpan_KnownKeyWithMinAndMaxValues_ReturnsOnlyAllowedValues" />
    </UnitTest>
    <UnitTest name="GetAppConfigValueOrDefault_Double_NullKey_ThrowsArgumentNullException" storage="d:\actions-runner\_work\xpco\xpco\allsolutions\..\common\videoos.universal\videoos.universal.utilities.unittests\bin\debug\net6.0\videoos.universal.utilities.unittests.dll" id="a062667e-6aef-720a-f8be-8a70eb73be75">
      <Execution id="cb75a0cc-9235-469c-918f-80519bef42cb" />
      <TestMethod codeBase="D:\actions-runner\_work\XPCO\XPCO\AllSolutions\..\Common\VideoOS.Universal\VideoOS.Universal.Utilities.UnitTests\bin\Debug\net6.0\VideoOS.Universal.Utilities.UnitTests.dll" adapterTypeName="executor://mstestadapter/v2" className="VideoOS.Universal.Utilities.UnitTests.Configuration.ApplicationConfiguration.ApplicationConfigurationTests" name="GetAppConfigValueOrDefault_Double_NullKey_ThrowsArgumentNullException" />
    </UnitTest>
    <UnitTest name="GetAppConfigValueOrDefault_Boolean_UnknownKey_ReturnsDefaultValue" storage="d:\actions-runner\_work\xpco\xpco\allsolutions\..\common\videoos.universal\videoos.universal.utilities.unittests\bin\debug\net6.0\videoos.universal.utilities.unittests.dll" id="ecbffb9d-d6c8-713a-829f-718f52e882c8">
      <Execution id="c412abca-f55e-4458-8d16-72d5cd15dddd" />
      <TestMethod codeBase="D:\actions-runner\_work\XPCO\XPCO\AllSolutions\..\Common\VideoOS.Universal\VideoOS.Universal.Utilities.UnitTests\bin\Debug\net6.0\VideoOS.Universal.Utilities.UnitTests.dll" adapterTypeName="executor://mstestadapter/v2" className="VideoOS.Universal.Utilities.UnitTests.Configuration.ApplicationConfiguration.ApplicationConfigurationTests" name="GetAppConfigValueOrDefault_Boolean_UnknownKey_ReturnsDefaultValue" />
    </UnitTest>
    <UnitTest name="GetAppConfigValueOrDefault_Boolean_KnownKeyWithInvalidValues_ReturnsDefaultValues" storage="d:\actions-runner\_work\xpco\xpco\allsolutions\..\common\videoos.universal\videoos.universal.utilities.unittests\bin\debug\net6.0\videoos.universal.utilities.unittests.dll" id="4b7d67fc-30b8-7ae5-b6f7-f88bada77b1c">
      <Execution id="9f6ea04b-14df-4396-a772-ccfe0dd5d85d" />
      <TestMethod codeBase="D:\actions-runner\_work\XPCO\XPCO\AllSolutions\..\Common\VideoOS.Universal\VideoOS.Universal.Utilities.UnitTests\bin\Debug\net6.0\VideoOS.Universal.Utilities.UnitTests.dll" adapterTypeName="executor://mstestadapter/v2" className="VideoOS.Universal.Utilities.UnitTests.Configuration.ApplicationConfiguration.ApplicationConfigurationTests" name="GetAppConfigValueOrDefault_Boolean_KnownKeyWithInvalidValues_ReturnsDefaultValues" />
    </UnitTest>
    <UnitTest name="GetAppConfigValueOrDefault_Integer_UnknownKey_ReturnsDefaultValue" storage="d:\actions-runner\_work\xpco\xpco\allsolutions\..\common\videoos.universal\videoos.universal.utilities.unittests\bin\debug\net6.0\videoos.universal.utilities.unittests.dll" id="b7d1f5af-c647-b8ee-21be-1a915ae3f9ab">
      <Execution id="6776e103-9d96-4abf-918f-1eaf83551182" />
      <TestMethod codeBase="D:\actions-runner\_work\XPCO\XPCO\AllSolutions\..\Common\VideoOS.Universal\VideoOS.Universal.Utilities.UnitTests\bin\Debug\net6.0\VideoOS.Universal.Utilities.UnitTests.dll" adapterTypeName="executor://mstestadapter/v2" className="VideoOS.Universal.Utilities.UnitTests.Configuration.ApplicationConfiguration.ApplicationConfigurationTests" name="GetAppConfigValueOrDefault_Integer_UnknownKey_ReturnsDefaultValue" />
    </UnitTest>
    <UnitTest name="GetAppConfigValueOrDefault_String_NullKey_ThrowsArgumentNullException" storage="d:\actions-runner\_work\xpco\xpco\allsolutions\..\common\videoos.universal\videoos.universal.utilities.unittests\bin\debug\net6.0\videoos.universal.utilities.unittests.dll" id="d6f121b9-62dd-3b17-cd01-1822add3d9d8">
      <Execution id="30b4684b-a110-4421-9851-041ec7f90858" />
      <TestMethod codeBase="D:\actions-runner\_work\XPCO\XPCO\AllSolutions\..\Common\VideoOS.Universal\VideoOS.Universal.Utilities.UnitTests\bin\Debug\net6.0\VideoOS.Universal.Utilities.UnitTests.dll" adapterTypeName="executor://mstestadapter/v2" className="VideoOS.Universal.Utilities.UnitTests.Configuration.ApplicationConfiguration.ApplicationConfigurationTests" name="GetAppConfigValueOrDefault_String_NullKey_ThrowsArgumentNullException" />
    </UnitTest>
    <UnitTest name="GetAppConfigValueOrDefault_Integer_KnownKeyWithInvalidValues_ReturnsDefaultValues" storage="d:\actions-runner\_work\xpco\xpco\allsolutions\..\common\videoos.universal\videoos.universal.utilities.unittests\bin\debug\net6.0\videoos.universal.utilities.unittests.dll" id="210800d1-ccf8-61aa-bc61-27c7d56b1d8b">
      <Execution id="42d06c2c-a2b6-4ca7-aa68-087564c8f8d5" />
      <TestMethod codeBase="D:\actions-runner\_work\XPCO\XPCO\AllSolutions\..\Common\VideoOS.Universal\VideoOS.Universal.Utilities.UnitTests\bin\Debug\net6.0\VideoOS.Universal.Utilities.UnitTests.dll" adapterTypeName="executor://mstestadapter/v2" className="VideoOS.Universal.Utilities.UnitTests.Configuration.ApplicationConfiguration.ApplicationConfigurationTests" name="GetAppConfigValueOrDefault_Integer_KnownKeyWithInvalidValues_ReturnsDefaultValues" />
    </UnitTest>
    <UnitTest name="GetAppConfigValueOrDefault_TimeSpan_KnownKeyWithAllowedValues_ReturnsOnlyAllowedValues" storage="d:\actions-runner\_work\xpco\xpco\allsolutions\..\common\videoos.universal\videoos.universal.utilities.unittests\bin\debug\net6.0\videoos.universal.utilities.unittests.dll" id="10da6535-9079-2bfc-3d51-558a5307bc16">
      <Execution id="b1f2eb8b-dad6-4695-8722-420eae84b24f" />
      <TestMethod codeBase="D:\actions-runner\_work\XPCO\XPCO\AllSolutions\..\Common\VideoOS.Universal\VideoOS.Universal.Utilities.UnitTests\bin\Debug\net6.0\VideoOS.Universal.Utilities.UnitTests.dll" adapterTypeName="executor://mstestadapter/v2" className="VideoOS.Universal.Utilities.UnitTests.Configuration.ApplicationConfiguration.ApplicationConfigurationTests" name="GetAppConfigValueOrDefault_TimeSpan_KnownKeyWithAllowedValues_ReturnsOnlyAllowedValues" />
    </UnitTest>
    <UnitTest name="GetAppConfigValueOrDefault_Enum_KnownKeyWithInvalidValues_ReturnsDefaultValues" storage="d:\actions-runner\_work\xpco\xpco\allsolutions\..\common\videoos.universal\videoos.universal.utilities.unittests\bin\debug\net6.0\videoos.universal.utilities.unittests.dll" id="9a296515-bd8f-5327-6ce3-e992e3edb30a">
      <Execution id="cc3b52b5-0cd9-4513-a8fb-f7367e67f297" />
      <TestMethod codeBase="D:\actions-runner\_work\XPCO\XPCO\AllSolutions\..\Common\VideoOS.Universal\VideoOS.Universal.Utilities.UnitTests\bin\Debug\net6.0\VideoOS.Universal.Utilities.UnitTests.dll" adapterTypeName="executor://mstestadapter/v2" className="VideoOS.Universal.Utilities.UnitTests.Configuration.ApplicationConfiguration.ApplicationConfigurationTests" name="GetAppConfigValueOrDefault_Enum_KnownKeyWithInvalidValues_ReturnsDefaultValues" />
    </UnitTest>
    <UnitTest name="GetAppConfigValueOrDefault_String_KnownKeyWithAllowedValues_ReturnsOnlyAllowedValues" storage="d:\actions-runner\_work\xpco\xpco\allsolutions\..\common\videoos.universal\videoos.universal.utilities.unittests\bin\debug\net6.0\videoos.universal.utilities.unittests.dll" id="1ca164fc-b465-9318-3a63-691e0f77382a">
      <Execution id="b75678ff-c96f-4992-bd56-40949bae03b0" />
      <TestMethod codeBase="D:\actions-runner\_work\XPCO\XPCO\AllSolutions\..\Common\VideoOS.Universal\VideoOS.Universal.Utilities.UnitTests\bin\Debug\net6.0\VideoOS.Universal.Utilities.UnitTests.dll" adapterTypeName="executor://mstestadapter/v2" className="VideoOS.Universal.Utilities.UnitTests.Configuration.ApplicationConfiguration.ApplicationConfigurationTests" name="GetAppConfigValueOrDefault_String_KnownKeyWithAllowedValues_ReturnsOnlyAllowedValues" />
    </UnitTest>
    <UnitTest name="GetAppConfigValueOrDefault_Integer_KnownKeyWithMinValue_ReturnsOnlyAllowedValues" storage="d:\actions-runner\_work\xpco\xpco\allsolutions\..\common\videoos.universal\videoos.universal.utilities.unittests\bin\debug\net6.0\videoos.universal.utilities.unittests.dll" id="843ad744-d903-f73e-9361-d71146fe9024">
      <Execution id="19f93ad4-79a2-4109-a25e-39dec6452ca2" />
      <TestMethod codeBase="D:\actions-runner\_work\XPCO\XPCO\AllSolutions\..\Common\VideoOS.Universal\VideoOS.Universal.Utilities.UnitTests\bin\Debug\net6.0\VideoOS.Universal.Utilities.UnitTests.dll" adapterTypeName="executor://mstestadapter/v2" className="VideoOS.Universal.Utilities.UnitTests.Configuration.ApplicationConfiguration.ApplicationConfigurationTests" name="GetAppConfigValueOrDefault_Integer_KnownKeyWithMinValue_ReturnsOnlyAllowedValues" />
    </UnitTest>
    <UnitTest name="GetAppConfigValueOrDefault_Double_UnknownKey_ReturnsDefaultValue" storage="d:\actions-runner\_work\xpco\xpco\allsolutions\..\common\videoos.universal\videoos.universal.utilities.unittests\bin\debug\net6.0\videoos.universal.utilities.unittests.dll" id="a9b64fd4-9f83-3f94-da29-933fa92245d3">
      <Execution id="e32e3919-40dc-42fd-bfca-7249a0c58685" />
      <TestMethod codeBase="D:\actions-runner\_work\XPCO\XPCO\AllSolutions\..\Common\VideoOS.Universal\VideoOS.Universal.Utilities.UnitTests\bin\Debug\net6.0\VideoOS.Universal.Utilities.UnitTests.dll" adapterTypeName="executor://mstestadapter/v2" className="VideoOS.Universal.Utilities.UnitTests.Configuration.ApplicationConfiguration.ApplicationConfigurationTests" name="GetAppConfigValueOrDefault_Double_UnknownKey_ReturnsDefaultValue" />
    </UnitTest>
    <UnitTest name="GetAppConfigValueOrDefault_Integer_KnownKey_ReturnsCorrectValue" storage="d:\actions-runner\_work\xpco\xpco\allsolutions\..\common\videoos.universal\videoos.universal.utilities.unittests\bin\debug\net6.0\videoos.universal.utilities.unittests.dll" id="afc949a2-5ce4-35fb-7dba-159335162b83">
      <Execution id="fdee5728-75f8-4d26-acc9-681cca6e0b02" />
      <TestMethod codeBase="D:\actions-runner\_work\XPCO\XPCO\AllSolutions\..\Common\VideoOS.Universal\VideoOS.Universal.Utilities.UnitTests\bin\Debug\net6.0\VideoOS.Universal.Utilities.UnitTests.dll" adapterTypeName="executor://mstestadapter/v2" className="VideoOS.Universal.Utilities.UnitTests.Configuration.ApplicationConfiguration.ApplicationConfigurationTests" name="GetAppConfigValueOrDefault_Integer_KnownKey_ReturnsCorrectValue" />
    </UnitTest>
    <UnitTest name="GetAppConfigValueOrDefault_Double_KnownKey_ReturnsCorrectValue" storage="d:\actions-runner\_work\xpco\xpco\allsolutions\..\common\videoos.universal\videoos.universal.utilities.unittests\bin\debug\net6.0\videoos.universal.utilities.unittests.dll" id="2ed15d1d-cf99-835a-9f67-0e00f8645c2c">
      <Execution id="ff03463d-c669-4683-9907-f050a344c7fa" />
      <TestMethod codeBase="D:\actions-runner\_work\XPCO\XPCO\AllSolutions\..\Common\VideoOS.Universal\VideoOS.Universal.Utilities.UnitTests\bin\Debug\net6.0\VideoOS.Universal.Utilities.UnitTests.dll" adapterTypeName="executor://mstestadapter/v2" className="VideoOS.Universal.Utilities.UnitTests.Configuration.ApplicationConfiguration.ApplicationConfigurationTests" name="GetAppConfigValueOrDefault_Double_KnownKey_ReturnsCorrectValue" />
    </UnitTest>
    <UnitTest name="GetAppConfigValueOrDefault_Integer_KnownKeyAccessedMultipleTimes_ReturnsCachedValue" storage="d:\actions-runner\_work\xpco\xpco\allsolutions\..\common\videoos.universal\videoos.universal.utilities.unittests\bin\debug\net6.0\videoos.universal.utilities.unittests.dll" id="e12fb247-7933-16cf-f508-fe360e927685">
      <Execution id="94758206-632b-428e-a7ab-975983dbe535" />
      <TestMethod codeBase="D:\actions-runner\_work\XPCO\XPCO\AllSolutions\..\Common\VideoOS.Universal\VideoOS.Universal.Utilities.UnitTests\bin\Debug\net6.0\VideoOS.Universal.Utilities.UnitTests.dll" adapterTypeName="executor://mstestadapter/v2" className="VideoOS.Universal.Utilities.UnitTests.Configuration.ApplicationConfiguration.ApplicationConfigurationTests" name="GetAppConfigValueOrDefault_Integer_KnownKeyAccessedMultipleTimes_ReturnsCachedValue" />
    </UnitTest>
    <UnitTest name="GetAppConfigValueOrDefault_TimeSpan_KnownKeyAccessedMultipleTimes_ReturnsCachedValue" storage="d:\actions-runner\_work\xpco\xpco\allsolutions\..\common\videoos.universal\videoos.universal.utilities.unittests\bin\debug\net6.0\videoos.universal.utilities.unittests.dll" id="728cb314-4370-b897-d24b-af7d8d2330ab">
      <Execution id="cbe2e7d3-4c91-4228-acdd-c39cc056f818" />
      <TestMethod codeBase="D:\actions-runner\_work\XPCO\XPCO\AllSolutions\..\Common\VideoOS.Universal\VideoOS.Universal.Utilities.UnitTests\bin\Debug\net6.0\VideoOS.Universal.Utilities.UnitTests.dll" adapterTypeName="executor://mstestadapter/v2" className="VideoOS.Universal.Utilities.UnitTests.Configuration.ApplicationConfiguration.ApplicationConfigurationTests" name="GetAppConfigValueOrDefault_TimeSpan_KnownKeyAccessedMultipleTimes_ReturnsCachedValue" />
    </UnitTest>
    <UnitTest name="GetAppConfigValueOrDefault_Integer_KnownKeyAccessedMultipleTimes_ReturnsUpdatedValueWhenCacheIsCleared" storage="d:\actions-runner\_work\xpco\xpco\allsolutions\..\common\videoos.universal\videoos.universal.utilities.unittests\bin\debug\net6.0\videoos.universal.utilities.unittests.dll" id="42a97528-fca3-7fad-95d3-4bc95198b880">
      <Execution id="d88c02f1-3dfe-41ff-97a4-916676dd2ce3" />
      <TestMethod codeBase="D:\actions-runner\_work\XPCO\XPCO\AllSolutions\..\Common\VideoOS.Universal\VideoOS.Universal.Utilities.UnitTests\bin\Debug\net6.0\VideoOS.Universal.Utilities.UnitTests.dll" adapterTypeName="executor://mstestadapter/v2" className="VideoOS.Universal.Utilities.UnitTests.Configuration.ApplicationConfiguration.ApplicationConfigurationTests" name="GetAppConfigValueOrDefault_Integer_KnownKeyAccessedMultipleTimes_ReturnsUpdatedValueWhenCacheIsCleared" />
    </UnitTest>
    <UnitTest name="GetAppConfigValueOrDefault_String_UnknownKey_ReturnsDefaultValue" storage="d:\actions-runner\_work\xpco\xpco\allsolutions\..\common\videoos.universal\videoos.universal.utilities.unittests\bin\debug\net6.0\videoos.universal.utilities.unittests.dll" id="a4fa4d09-ed98-c781-c7fa-246e8bf5b32b">
      <Execution id="5c8626e4-c27d-4f2e-9e9b-27ed362792cb" />
      <TestMethod codeBase="D:\actions-runner\_work\XPCO\XPCO\AllSolutions\..\Common\VideoOS.Universal\VideoOS.Universal.Utilities.UnitTests\bin\Debug\net6.0\VideoOS.Universal.Utilities.UnitTests.dll" adapterTypeName="executor://mstestadapter/v2" className="VideoOS.Universal.Utilities.UnitTests.Configuration.ApplicationConfiguration.ApplicationConfigurationTests" name="GetAppConfigValueOrDefault_String_UnknownKey_ReturnsDefaultValue" />
    </UnitTest>
    <UnitTest name="GetAppConfigValueOrDefault_Enum_NullKey_ThrowsArgumentNullException" storage="d:\actions-runner\_work\xpco\xpco\allsolutions\..\common\videoos.universal\videoos.universal.utilities.unittests\bin\debug\net6.0\videoos.universal.utilities.unittests.dll" id="66313b81-95d3-89a0-d5c6-0970e07e1abc">
      <Execution id="24aeacbe-9a29-4933-94c8-57a595a3284f" />
      <TestMethod codeBase="D:\actions-runner\_work\XPCO\XPCO\AllSolutions\..\Common\VideoOS.Universal\VideoOS.Universal.Utilities.UnitTests\bin\Debug\net6.0\VideoOS.Universal.Utilities.UnitTests.dll" adapterTypeName="executor://mstestadapter/v2" className="VideoOS.Universal.Utilities.UnitTests.Configuration.ApplicationConfiguration.ApplicationConfigurationTests" name="GetAppConfigValueOrDefault_Enum_NullKey_ThrowsArgumentNullException" />
    </UnitTest>
    <UnitTest name="GetAppConfigValueOrDefault_Double_KnownKeyAccessedMultipleTimes_ReturnsUpdatedValueWhenCacheIsCleared" storage="d:\actions-runner\_work\xpco\xpco\allsolutions\..\common\videoos.universal\videoos.universal.utilities.unittests\bin\debug\net6.0\videoos.universal.utilities.unittests.dll" id="34de4435-b1db-9488-14f7-387e4f25f332">
      <Execution id="94123a37-1be6-4755-ac5f-45f5446f0952" />
      <TestMethod codeBase="D:\actions-runner\_work\XPCO\XPCO\AllSolutions\..\Common\VideoOS.Universal\VideoOS.Universal.Utilities.UnitTests\bin\Debug\net6.0\VideoOS.Universal.Utilities.UnitTests.dll" adapterTypeName="executor://mstestadapter/v2" className="VideoOS.Universal.Utilities.UnitTests.Configuration.ApplicationConfiguration.ApplicationConfigurationTests" name="GetAppConfigValueOrDefault_Double_KnownKeyAccessedMultipleTimes_ReturnsUpdatedValueWhenCacheIsCleared" />
    </UnitTest>
    <UnitTest name="GetAppConfigValueOrDefault_Boolean_KnownKeyWithAllValidValues_ReturnsCorrectValues" storage="d:\actions-runner\_work\xpco\xpco\allsolutions\..\common\videoos.universal\videoos.universal.utilities.unittests\bin\debug\net6.0\videoos.universal.utilities.unittests.dll" id="b0441781-c253-e359-951d-574b5fa10696">
      <Execution id="636b74e7-a934-4cbd-95fc-544a8ea1249c" />
      <TestMethod codeBase="D:\actions-runner\_work\XPCO\XPCO\AllSolutions\..\Common\VideoOS.Universal\VideoOS.Universal.Utilities.UnitTests\bin\Debug\net6.0\VideoOS.Universal.Utilities.UnitTests.dll" adapterTypeName="executor://mstestadapter/v2" className="VideoOS.Universal.Utilities.UnitTests.Configuration.ApplicationConfiguration.ApplicationConfigurationTests" name="GetAppConfigValueOrDefault_Boolean_KnownKeyWithAllValidValues_ReturnsCorrectValues" />
    </UnitTest>
    <UnitTest name="GetAppConfigValueOrDefault_Boolean_KnownKeyAccessedMultipleTimes_ReturnsCachedValue" storage="d:\actions-runner\_work\xpco\xpco\allsolutions\..\common\videoos.universal\videoos.universal.utilities.unittests\bin\debug\net6.0\videoos.universal.utilities.unittests.dll" id="0d0b1de0-0a59-96ca-7d2d-bca519274740">
      <Execution id="94d78acb-330a-4c11-8708-fbe24e454f6e" />
      <TestMethod codeBase="D:\actions-runner\_work\XPCO\XPCO\AllSolutions\..\Common\VideoOS.Universal\VideoOS.Universal.Utilities.UnitTests\bin\Debug\net6.0\VideoOS.Universal.Utilities.UnitTests.dll" adapterTypeName="executor://mstestadapter/v2" className="VideoOS.Universal.Utilities.UnitTests.Configuration.ApplicationConfiguration.ApplicationConfigurationTests" name="GetAppConfigValueOrDefault_Boolean_KnownKeyAccessedMultipleTimes_ReturnsCachedValue" />
    </UnitTest>
    <UnitTest name="GetAppConfigValueOrDefault_TimeSpan_KnownKeyWithMinValue_ReturnsOnlyAllowedValues" storage="d:\actions-runner\_work\xpco\xpco\allsolutions\..\common\videoos.universal\videoos.universal.utilities.unittests\bin\debug\net6.0\videoos.universal.utilities.unittests.dll" id="3c6202cd-07f4-5084-a843-029ab69001f2">
      <Execution id="dfe5dceb-1e4f-4c2e-86e0-fd1d3754a635" />
      <TestMethod codeBase="D:\actions-runner\_work\XPCO\XPCO\AllSolutions\..\Common\VideoOS.Universal\VideoOS.Universal.Utilities.UnitTests\bin\Debug\net6.0\VideoOS.Universal.Utilities.UnitTests.dll" adapterTypeName="executor://mstestadapter/v2" className="VideoOS.Universal.Utilities.UnitTests.Configuration.ApplicationConfiguration.ApplicationConfigurationTests" name="GetAppConfigValueOrDefault_TimeSpan_KnownKeyWithMinValue_ReturnsOnlyAllowedValues" />
    </UnitTest>
    <UnitTest name="GetAppConfigValueOrDefault_Enum_KnownKeyAccessedMultipleTimes_ReturnsCachedValue" storage="d:\actions-runner\_work\xpco\xpco\allsolutions\..\common\videoos.universal\videoos.universal.utilities.unittests\bin\debug\net6.0\videoos.universal.utilities.unittests.dll" id="c1e495bf-69bb-2e80-a4ef-cd9a4f93c416">
      <Execution id="4857aed9-bc63-4198-bc46-1c1ff714fc76" />
      <TestMethod codeBase="D:\actions-runner\_work\XPCO\XPCO\AllSolutions\..\Common\VideoOS.Universal\VideoOS.Universal.Utilities.UnitTests\bin\Debug\net6.0\VideoOS.Universal.Utilities.UnitTests.dll" adapterTypeName="executor://mstestadapter/v2" className="VideoOS.Universal.Utilities.UnitTests.Configuration.ApplicationConfiguration.ApplicationConfigurationTests" name="GetAppConfigValueOrDefault_Enum_KnownKeyAccessedMultipleTimes_ReturnsCachedValue" />
    </UnitTest>
    <UnitTest name="GetAppConfigValueOrDefault_Double_KnownKeyWithMinValue_ReturnsOnlyAllowedValues" storage="d:\actions-runner\_work\xpco\xpco\allsolutions\..\common\videoos.universal\videoos.universal.utilities.unittests\bin\debug\net6.0\videoos.universal.utilities.unittests.dll" id="282a16a4-4222-a608-c460-32e87fe689b1">
      <Execution id="4df5b023-06ab-4002-a0cc-af1149cbca65" />
      <TestMethod codeBase="D:\actions-runner\_work\XPCO\XPCO\AllSolutions\..\Common\VideoOS.Universal\VideoOS.Universal.Utilities.UnitTests\bin\Debug\net6.0\VideoOS.Universal.Utilities.UnitTests.dll" adapterTypeName="executor://mstestadapter/v2" className="VideoOS.Universal.Utilities.UnitTests.Configuration.ApplicationConfiguration.ApplicationConfigurationTests" name="GetAppConfigValueOrDefault_Double_KnownKeyWithMinValue_ReturnsOnlyAllowedValues" />
    </UnitTest>
    <UnitTest name="GetAppConfigValueOrDefault_Integer_NullKey_ThrowsArgumentNullException" storage="d:\actions-runner\_work\xpco\xpco\allsolutions\..\common\videoos.universal\videoos.universal.utilities.unittests\bin\debug\net6.0\videoos.universal.utilities.unittests.dll" id="78249c29-d3d5-cbcc-3c80-97099010a0ae">
      <Execution id="2da73799-2ce9-46ac-a627-81e0b1e5385e" />
      <TestMethod codeBase="D:\actions-runner\_work\XPCO\XPCO\AllSolutions\..\Common\VideoOS.Universal\VideoOS.Universal.Utilities.UnitTests\bin\Debug\net6.0\VideoOS.Universal.Utilities.UnitTests.dll" adapterTypeName="executor://mstestadapter/v2" className="VideoOS.Universal.Utilities.UnitTests.Configuration.ApplicationConfiguration.ApplicationConfigurationTests" name="GetAppConfigValueOrDefault_Integer_NullKey_ThrowsArgumentNullException" />
    </UnitTest>
  </TestDefinitions>
  <TestEntries>
    <TestEntry testId="afc949a2-5ce4-35fb-7dba-159335162b83" executionId="fdee5728-75f8-4d26-acc9-681cca6e0b02" testListId="8c84fa94-04c1-424b-9868-57a2d4851a1d" />
    <TestEntry testId="363a8458-7d3f-212d-8e54-cac7ad188194" executionId="00b838e6-a89f-4e53-b153-fbdbc753766d" testListId="8c84fa94-04c1-424b-9868-57a2d4851a1d" />
    <TestEntry testId="9e887f99-afa7-c0da-24f2-53cc5e15cbd1" executionId="ae7b84d4-7180-4a10-ab91-06b40c7492dd" testListId="8c84fa94-04c1-424b-9868-57a2d4851a1d" />
    <TestEntry testId="f22bbb2b-4d49-937f-3db8-6742e2421430" executionId="8a9bbc08-8353-4f88-a478-1f8e20f6f2d1" testListId="8c84fa94-04c1-424b-9868-57a2d4851a1d" />
    <TestEntry testId="e6326402-bfd9-d812-fb57-4e4baf540e37" executionId="2f4d7b80-203d-47fd-b798-a9571931510f" testListId="8c84fa94-04c1-424b-9868-57a2d4851a1d" />
    <TestEntry testId="047fbfb2-fc60-7d34-2bc2-d0c8bfbe7980" executionId="6246a46a-a1fe-4f9e-bd44-93927276a8b5" testListId="8c84fa94-04c1-424b-9868-57a2d4851a1d" />
    <TestEntry testId="728cb314-4370-b897-d24b-af7d8d2330ab" executionId="cbe2e7d3-4c91-4228-acdd-c39cc056f818" testListId="8c84fa94-04c1-424b-9868-57a2d4851a1d" />
    <TestEntry testId="4b7d67fc-30b8-7ae5-b6f7-f88bada77b1c" executionId="9f6ea04b-14df-4396-a772-ccfe0dd5d85d" testListId="8c84fa94-04c1-424b-9868-57a2d4851a1d" />
    <TestEntry testId="843ad744-d903-f73e-9361-d71146fe9024" executionId="19f93ad4-79a2-4109-a25e-39dec6452ca2" testListId="8c84fa94-04c1-424b-9868-57a2d4851a1d" />
    <TestEntry testId="40a5c975-37e8-bc73-1ac5-8e72790a48bb" executionId="f5f3390a-8856-44f5-b0a3-a738ada30a95" testListId="8c84fa94-04c1-424b-9868-57a2d4851a1d" />
    <TestEntry testId="282a16a4-4222-a608-c460-32e87fe689b1" executionId="4df5b023-06ab-4002-a0cc-af1149cbca65" testListId="8c84fa94-04c1-424b-9868-57a2d4851a1d" />
    <TestEntry testId="a4fa4d09-ed98-c781-c7fa-246e8bf5b32b" executionId="5c8626e4-c27d-4f2e-9e9b-27ed362792cb" testListId="8c84fa94-04c1-424b-9868-57a2d4851a1d" />
    <TestEntry testId="78249c29-d3d5-cbcc-3c80-97099010a0ae" executionId="2da73799-2ce9-46ac-a627-81e0b1e5385e" testListId="8c84fa94-04c1-424b-9868-57a2d4851a1d" />
    <TestEntry testId="d6f121b9-62dd-3b17-cd01-1822add3d9d8" executionId="30b4684b-a110-4421-9851-041ec7f90858" testListId="8c84fa94-04c1-424b-9868-57a2d4851a1d" />
    <TestEntry testId="601e8247-d9d7-da64-5c04-fa9cc29937f7" executionId="c1844e24-ddd9-4b63-ad36-86cf875b0047" testListId="8c84fa94-04c1-424b-9868-57a2d4851a1d" />
    <TestEntry testId="42a97528-fca3-7fad-95d3-4bc95198b880" executionId="d88c02f1-3dfe-41ff-97a4-916676dd2ce3" testListId="8c84fa94-04c1-424b-9868-57a2d4851a1d" />
    <TestEntry testId="210800d1-ccf8-61aa-bc61-27c7d56b1d8b" executionId="42d06c2c-a2b6-4ca7-aa68-087564c8f8d5" testListId="8c84fa94-04c1-424b-9868-57a2d4851a1d" />
    <TestEntry testId="9a296515-bd8f-5327-6ce3-e992e3edb30a" executionId="cc3b52b5-0cd9-4513-a8fb-f7367e67f297" testListId="8c84fa94-04c1-424b-9868-57a2d4851a1d" />
    <TestEntry testId="5c996a0d-fc09-a416-b6e7-8666282b6fb9" executionId="7bfafeab-a3f2-4eb4-8d15-6bcdb2cd8179" testListId="8c84fa94-04c1-424b-9868-57a2d4851a1d" />
    <TestEntry testId="ab4ac729-52d3-ac00-c10c-492f64a8f9ff" executionId="b1659054-955f-437a-8934-fdb7ef263749" testListId="8c84fa94-04c1-424b-9868-57a2d4851a1d" />
    <TestEntry testId="ee0be6d8-16f3-3f50-b66a-3f0af0ca967c" executionId="ca30be38-6fe6-47bc-920c-8881a9d6e070" testListId="8c84fa94-04c1-424b-9868-57a2d4851a1d" />
    <TestEntry testId="7233f679-3512-158a-9d61-b86e97dd7840" executionId="6adbaf94-2a05-49e4-94f5-a9eaed3bb0a3" testListId="8c84fa94-04c1-424b-9868-57a2d4851a1d" />
    <TestEntry testId="0d0b1de0-0a59-96ca-7d2d-bca519274740" executionId="94d78acb-330a-4c11-8708-fbe24e454f6e" testListId="8c84fa94-04c1-424b-9868-57a2d4851a1d" />
    <TestEntry testId="a062667e-6aef-720a-f8be-8a70eb73be75" executionId="cb75a0cc-9235-469c-918f-80519bef42cb" testListId="8c84fa94-04c1-424b-9868-57a2d4851a1d" />
    <TestEntry testId="2ed15d1d-cf99-835a-9f67-0e00f8645c2c" executionId="ff03463d-c669-4683-9907-f050a344c7fa" testListId="8c84fa94-04c1-424b-9868-57a2d4851a1d" />
    <TestEntry testId="10da6535-9079-2bfc-3d51-558a5307bc16" executionId="b1f2eb8b-dad6-4695-8722-420eae84b24f" testListId="8c84fa94-04c1-424b-9868-57a2d4851a1d" />
    <TestEntry testId="6a54e572-0ea3-23f1-4d91-cd55ad0f94c2" executionId="d0328aa3-a8e6-430a-bf0f-d8ac5c075ad6" testListId="8c84fa94-04c1-424b-9868-57a2d4851a1d" />
    <TestEntry testId="1ca164fc-b465-9318-3a63-691e0f77382a" executionId="b75678ff-c96f-4992-bd56-40949bae03b0" testListId="8c84fa94-04c1-424b-9868-57a2d4851a1d" />
    <TestEntry testId="b0441781-c253-e359-951d-574b5fa10696" executionId="636b74e7-a934-4cbd-95fc-544a8ea1249c" testListId="8c84fa94-04c1-424b-9868-57a2d4851a1d" />
    <TestEntry testId="9c03fbf1-c97a-e002-8455-5d6901c1b5f3" executionId="45ab25de-5367-472c-badb-46025f7ef7ae" testListId="8c84fa94-04c1-424b-9868-57a2d4851a1d" />
    <TestEntry testId="3c6202cd-07f4-5084-a843-029ab69001f2" executionId="dfe5dceb-1e4f-4c2e-86e0-fd1d3754a635" testListId="8c84fa94-04c1-424b-9868-57a2d4851a1d" />
    <TestEntry testId="9ddcd75b-5e45-f092-870b-96bdc6d9c594" executionId="c96dec74-9568-4a5c-934e-437c32933092" testListId="8c84fa94-04c1-424b-9868-57a2d4851a1d" />
    <TestEntry testId="a9b64fd4-9f83-3f94-da29-933fa92245d3" executionId="e32e3919-40dc-42fd-bfca-7249a0c58685" testListId="8c84fa94-04c1-424b-9868-57a2d4851a1d" />
    <TestEntry testId="c1e495bf-69bb-2e80-a4ef-cd9a4f93c416" executionId="4857aed9-bc63-4198-bc46-1c1ff714fc76" testListId="8c84fa94-04c1-424b-9868-57a2d4851a1d" />
    <TestEntry testId="ecbffb9d-d6c8-713a-829f-718f52e882c8" executionId="c412abca-f55e-4458-8d16-72d5cd15dddd" testListId="8c84fa94-04c1-424b-9868-57a2d4851a1d" />
    <TestEntry testId="61b8dd52-f93a-8ff9-4689-849ae6f51466" executionId="f3762844-c930-41e1-af24-eab5d910997c" testListId="8c84fa94-04c1-424b-9868-57a2d4851a1d" />
    <TestEntry testId="ac230ab8-5c42-3ae1-3c38-3537fec03817" executionId="fb31fac0-e4e5-493d-bb01-d9e7a339910a" testListId="8c84fa94-04c1-424b-9868-57a2d4851a1d" />
    <TestEntry testId="b7d1f5af-c647-b8ee-21be-1a915ae3f9ab" executionId="6776e103-9d96-4abf-918f-1eaf83551182" testListId="8c84fa94-04c1-424b-9868-57a2d4851a1d" />
    <TestEntry testId="e12fb247-7933-16cf-f508-fe360e927685" executionId="94758206-632b-428e-a7ab-975983dbe535" testListId="8c84fa94-04c1-424b-9868-57a2d4851a1d" />
    <TestEntry testId="66313b81-95d3-89a0-d5c6-0970e07e1abc" executionId="24aeacbe-9a29-4933-94c8-57a595a3284f" testListId="8c84fa94-04c1-424b-9868-57a2d4851a1d" />
    <TestEntry testId="34de4435-b1db-9488-14f7-387e4f25f332" executionId="94123a37-1be6-4755-ac5f-45f5446f0952" testListId="8c84fa94-04c1-424b-9868-57a2d4851a1d" />
    <TestEntry testId="091a1fc3-88ba-3958-1b4e-60556be24e3b" executionId="2c2e4b56-f993-46e1-9a8f-8cfa4989d11b" testListId="8c84fa94-04c1-424b-9868-57a2d4851a1d" />
    <TestEntry testId="55d38079-c647-aa67-edc3-81a0a20f56e3" executionId="cd43c7ab-1e64-4b3c-8bef-10654d87e58c" testListId="8c84fa94-04c1-424b-9868-57a2d4851a1d" />
    <TestEntry testId="08506604-191e-fff1-e3a2-267bde7280da" executionId="49c669e4-11ba-4946-b7dd-95f4a9035ec2" testListId="8c84fa94-04c1-424b-9868-57a2d4851a1d" />
    <TestEntry testId="30130d67-3675-8209-cea3-bbf76aecdad5" executionId="07ac6bd6-b53a-4235-bcc6-caccd2e54a99" testListId="8c84fa94-04c1-424b-9868-57a2d4851a1d" />
    <TestEntry testId="2c6d17cd-ae7f-595b-d5bb-43e03706f304" executionId="b02b671e-dfe9-430a-8bb0-a7d420dfe46c" testListId="8c84fa94-04c1-424b-9868-57a2d4851a1d" />
  </TestEntries>
  <TestLists>
    <TestList name="Results Not in a List" id="8c84fa94-04c1-424b-9868-57a2d4851a1d" />
    <TestList name="All Loaded Results" id="19431567-8539-422a-85d7-44ee4e166bda" />
  </TestLists>
  <ResultSummary outcome="Completed">
    <Counters total="46" executed="46" passed="46" failed="0" error="0" timeout="0" aborted="0" inconclusive="0" passedButRunAborted="0" notRunnable="0" notExecuted="0" disconnected="0" warning="0" completed="0" inProgress="0" pending="0" />
  </ResultSummary>
</TestRun>