<?xml version="1.0" encoding="utf-8"?>
<TestRun id="6a84dd2c-c413-4e14-ab1a-3e7d06e28d00" name="DKSR-EFI-06$@DKSR-EFI-06 2024-01-09 15:41:16" runUser="NT AUTHORITY\NETWORK SERVICE" xmlns="http://microsoft.com/schemas/VisualStudio/TeamTest/2010">
  <Times creation="2024-01-09T15:41:16.3569160+01:00" queuing="2024-01-09T15:41:16.3569160+01:00" start="2024-01-09T15:41:12.5131624+01:00" finish="2024-01-09T15:41:26.0600454+01:00" />
  <TestSettings name="default" id="156b3ad3-6535-4958-bb8b-62034a9dbe85">
    <Deployment runDeploymentRoot="DKSR-EFI-06$_DKSR-EFI-06_2024-01-09_15_41_16" />
  </TestSettings>
  <Results>
    <UnitTestResult executionId="49a60502-2691-468d-8a95-5bfe1ed68e38" testId="a4f2c673-a08a-8f5f-ba84-0be2fd10588e" testName="LogCreatedWithTwoTargets_WhenLogging_BothTargetsWillLog" computerName="DKSR-EFI-06" duration="00:00:00.0154456" startTime="2024-01-09T15:41:23.8155680+01:00" endTime="2024-01-09T15:41:23.8312182+01:00" testType="13cdc9d9-ddb5-4fa4-a97d-d965ccfc6d4b" outcome="Passed" testListId="8c84fa94-04c1-424b-9868-57a2d4851a1d" relativeResultsDirectory="49a60502-2691-468d-8a95-5bfe1ed68e38" />
    <UnitTestResult executionId="9c97d833-55cc-43e5-a54b-48a321fdf13b" testId="6c6d525e-74c7-a08a-386c-ecebb15fa43a" testName="LogCreatedByFactory_FileLogger_AllLogLevels_WillWriteToConfiguredFile (Warn)" computerName="DKSR-EFI-06" duration="00:00:00.0153760" startTime="2024-01-09T15:41:16.3976335+01:00" endTime="2024-01-09T15:41:16.4133258+01:00" testType="13cdc9d9-ddb5-4fa4-a97d-d965ccfc6d4b" outcome="Passed" testListId="8c84fa94-04c1-424b-9868-57a2d4851a1d" relativeResultsDirectory="9c97d833-55cc-43e5-a54b-48a321fdf13b" />
    <UnitTestResult executionId="b5f4f6f3-fde6-4716-b623-573c39261ed4" testId="cfb05eaf-8033-00e0-0eda-d2fa92ae2e42" testName="LogCreatedByFactory_ServiceCollection_ConsoleLogger_WillWriteToStringWriter (True)" computerName="DKSR-EFI-06" duration="00:00:00.0036659" startTime="2024-01-09T15:41:23.7777106+01:00" endTime="2024-01-09T15:41:23.7815364+01:00" testType="13cdc9d9-ddb5-4fa4-a97d-d965ccfc6d4b" outcome="Passed" testListId="8c84fa94-04c1-424b-9868-57a2d4851a1d" relativeResultsDirectory="b5f4f6f3-fde6-4716-b623-573c39261ed4" />
    <UnitTestResult executionId="070691a0-2c32-45a0-93dd-13cedb69b96c" testId="93a2f9b5-792f-5257-5993-8b030e246b0a" testName="LogCreatedByFactory_FileLogger_WillWriteToConfiguredFile (True)" computerName="DKSR-EFI-06" duration="00:00:00.0737609" startTime="2024-01-09T15:41:16.2753774+01:00" endTime="2024-01-09T15:41:16.3494822+01:00" testType="13cdc9d9-ddb5-4fa4-a97d-d965ccfc6d4b" outcome="Passed" testListId="8c84fa94-04c1-424b-9868-57a2d4851a1d" relativeResultsDirectory="070691a0-2c32-45a0-93dd-13cedb69b96c" />
    <UnitTestResult executionId="6e97dcb4-c0e8-4af8-bf56-d9bd7bd54259" testId="cfb8c4da-f84f-2b6c-2e44-8106008e8cb7" testName="LogCreatedByFactory_ServiceCollection_ConsoleLogger_WillWriteToStringWriter (False)" computerName="DKSR-EFI-06" duration="00:00:00.0043022" startTime="2024-01-09T15:41:23.7731762+01:00" endTime="2024-01-09T15:41:23.7776485+01:00" testType="13cdc9d9-ddb5-4fa4-a97d-d965ccfc6d4b" outcome="Passed" testListId="8c84fa94-04c1-424b-9868-57a2d4851a1d" relativeResultsDirectory="6e97dcb4-c0e8-4af8-bf56-d9bd7bd54259" />
    <UnitTestResult executionId="f340547f-4723-4065-8398-90763fa8c488" testId="a14f8cd6-99c2-95bd-8ec1-4e9ed5096e0c" testName="FileLoggerCreated_when_Logging_TheLayoutOfTheLogLinesAreCorrect (True)" computerName="DKSR-EFI-06" duration="00:00:00.0555562" startTime="2024-01-09T15:41:25.3083759+01:00" endTime="2024-01-09T15:41:25.3642087+01:00" testType="13cdc9d9-ddb5-4fa4-a97d-d965ccfc6d4b" outcome="Passed" testListId="8c84fa94-04c1-424b-9868-57a2d4851a1d" relativeResultsDirectory="f340547f-4723-4065-8398-90763fa8c488" />
    <UnitTestResult executionId="32ec6a84-8d18-444e-b2b1-bcfc4427f6a1" testId="e0522049-5ae1-70de-1f9f-c29de46f5543" testName="LoggerCreatedThroughIoC_ServiceCollection_FileLogger_WillWriteToConfiguredFile (Info)" computerName="DKSR-EFI-06" duration="00:00:00.0308787" startTime="2024-01-09T15:41:22.9701512+01:00" endTime="2024-01-09T15:41:23.0017187+01:00" testType="13cdc9d9-ddb5-4fa4-a97d-d965ccfc6d4b" outcome="Passed" testListId="8c84fa94-04c1-424b-9868-57a2d4851a1d" relativeResultsDirectory="32ec6a84-8d18-444e-b2b1-bcfc4427f6a1" />
    <UnitTestResult executionId="ab0bb417-10d9-4745-907d-f568f823003c" testId="b69751c6-e854-df22-d3a6-a5f459535314" testName="WhenTimePassesRetentionTime_Logger_WillDeleteOldArchiveFiles" computerName="DKSR-EFI-06" duration="00:00:00.0367373" startTime="2024-01-09T15:41:25.4683524+01:00" endTime="2024-01-09T15:41:25.5052954+01:00" testType="13cdc9d9-ddb5-4fa4-a97d-d965ccfc6d4b" outcome="Passed" testListId="8c84fa94-04c1-424b-9868-57a2d4851a1d" relativeResultsDirectory="ab0bb417-10d9-4745-907d-f568f823003c" />
    <UnitTestResult executionId="c31ff8d9-bb43-40ba-abfa-9ef627bac595" testId="a468c204-c993-0f1f-2361-69e3cbabb464" testName="FileLoggerCreated_when_Logging_TheLayoutOfTheLogLinesAreCorrect (False)" computerName="DKSR-EFI-06" duration="00:00:00.0183051" startTime="2024-01-09T15:41:25.3642731+01:00" endTime="2024-01-09T15:41:25.3827711+01:00" testType="13cdc9d9-ddb5-4fa4-a97d-d965ccfc6d4b" outcome="Passed" testListId="8c84fa94-04c1-424b-9868-57a2d4851a1d" relativeResultsDirectory="c31ff8d9-bb43-40ba-abfa-9ef627bac595" />
    <UnitTestResult executionId="6787b682-85f4-40a3-9b9e-d756d3bd6b7f" testId="f95c26a8-c543-8f1a-9ca2-35d735052f45" testName="LoggerCreatedThroughIoC_HostBuilder_FileLogger_WillWriteToConfiguredFile (Debug)" computerName="DKSR-EFI-06" duration="00:00:00.0197694" startTime="2024-01-09T15:41:16.9170412+01:00" endTime="2024-01-09T15:41:16.9370843+01:00" testType="13cdc9d9-ddb5-4fa4-a97d-d965ccfc6d4b" outcome="Passed" testListId="8c84fa94-04c1-424b-9868-57a2d4851a1d" relativeResultsDirectory="6787b682-85f4-40a3-9b9e-d756d3bd6b7f" />
    <UnitTestResult executionId="2bc6b2a5-e48a-4f1a-8350-b3f02e80ce9a" testId="4508de8c-33d7-4f19-21d0-0ca9f2ff99af" testName="LogCreatedThroughIoC_HostBuilder_ConsoleLogger_WillWriteToStringWriter (True)" computerName="DKSR-EFI-06" duration="00:00:00.0033816" startTime="2024-01-09T15:41:20.7582093+01:00" endTime="2024-01-09T15:41:20.7617349+01:00" testType="13cdc9d9-ddb5-4fa4-a97d-d965ccfc6d4b" outcome="Passed" testListId="8c84fa94-04c1-424b-9868-57a2d4851a1d" relativeResultsDirectory="2bc6b2a5-e48a-4f1a-8350-b3f02e80ce9a" />
    <UnitTestResult executionId="3d753c0a-ec1a-4405-aaad-9f16f9e01f75" testId="bc636bb5-fd84-f7ba-bf73-30f03f2af620" testName="LoggerCreatedThroughIoC_ServiceCollection_FileLogger_WillWriteToConfiguredFile (Error)" computerName="DKSR-EFI-06" duration="00:00:00.2343002" startTime="2024-01-09T15:41:23.1002333+01:00" endTime="2024-01-09T15:41:23.3347550+01:00" testType="13cdc9d9-ddb5-4fa4-a97d-d965ccfc6d4b" outcome="Passed" testListId="8c84fa94-04c1-424b-9868-57a2d4851a1d" relativeResultsDirectory="3d753c0a-ec1a-4405-aaad-9f16f9e01f75" />
    <UnitTestResult executionId="b5c32a30-65e4-4bcd-8cd0-df20cbd38dda" testId="32da627d-3735-3ade-dbbf-7986f3701ad1" testName="WhenADayPasses_Logger_WillCreateAnArchiveFiles" computerName="DKSR-EFI-06" duration="00:00:00.0525962" startTime="2024-01-09T15:41:25.3828638+01:00" endTime="2024-01-09T15:41:25.4357223+01:00" testType="13cdc9d9-ddb5-4fa4-a97d-d965ccfc6d4b" outcome="Passed" testListId="8c84fa94-04c1-424b-9868-57a2d4851a1d" relativeResultsDirectory="b5c32a30-65e4-4bcd-8cd0-df20cbd38dda" />
    <UnitTestResult executionId="b9956473-1de2-4b18-818b-f6b90f45c635" testId="9ff429c8-da31-72a4-9343-d3d5c881b7fa" testName="LoggerOfTypeLogTestCreatedThroughIoC_HostBuilder_FileLogger_WillWriteToConfiguredFile (False)" computerName="DKSR-EFI-06" duration="00:00:00.4174180" startTime="2024-01-09T15:41:16.4836794+01:00" endTime="2024-01-09T15:41:16.9013757+01:00" testType="13cdc9d9-ddb5-4fa4-a97d-d965ccfc6d4b" outcome="Passed" testListId="8c84fa94-04c1-424b-9868-57a2d4851a1d" relativeResultsDirectory="b9956473-1de2-4b18-818b-f6b90f45c635" />
    <UnitTestResult executionId="d64d9c37-edc5-4410-8224-7ce03f57a91d" testId="403e502b-4ac7-ef6c-62b1-c2762594b0b6" testName="LoggerCreatedThroughIoC_HostBuilder_FileLogger_WillWriteToConfiguredFile (Error)" computerName="DKSR-EFI-06" duration="00:00:00.0144897" startTime="2024-01-09T15:41:19.9781374+01:00" endTime="2024-01-09T15:41:19.9929912+01:00" testType="13cdc9d9-ddb5-4fa4-a97d-d965ccfc6d4b" outcome="Passed" testListId="8c84fa94-04c1-424b-9868-57a2d4851a1d" relativeResultsDirectory="d64d9c37-edc5-4410-8224-7ce03f57a91d" />
    <UnitTestResult executionId="8ea1be4f-d2be-4b16-965b-dff3a64464a7" testId="fc05a72c-80f0-a2f8-2732-39011e042a50" testName="LoggerCreatedThroughIoC_ServiceCollection_FileLogger_WillWriteToConfiguredFile (Debug)" computerName="DKSR-EFI-06" duration="00:00:00.6140885" startTime="2024-01-09T15:41:22.3557872+01:00" endTime="2024-01-09T15:41:22.9700796+01:00" testType="13cdc9d9-ddb5-4fa4-a97d-d965ccfc6d4b" outcome="Passed" testListId="8c84fa94-04c1-424b-9868-57a2d4851a1d" relativeResultsDirectory="8ea1be4f-d2be-4b16-965b-dff3a64464a7" />
    <UnitTestResult executionId="a327ceca-b3af-417b-af87-1ab120a8c1a1" testId="21607c6c-252e-cdec-c949-456e21c2252f" testName="LoggerOfTypeLogTestCreatedThroughIoC_ServiceCollection_FileLogger_WillWriteToConfiguredFile (False)" computerName="DKSR-EFI-06" duration="00:00:00.0137459" startTime="2024-01-09T15:41:20.7625553+01:00" endTime="2024-01-09T15:41:20.7764941+01:00" testType="13cdc9d9-ddb5-4fa4-a97d-d965ccfc6d4b" outcome="Passed" testListId="8c84fa94-04c1-424b-9868-57a2d4851a1d" relativeResultsDirectory="a327ceca-b3af-417b-af87-1ab120a8c1a1" />
    <UnitTestResult executionId="63cff523-41c2-468f-917f-6af6e5662baa" testId="92033649-f972-3205-6e3d-914394a2c7f6" testName="LogCreatedThroughIoC_ServiceCollection_FileLogger_WillWriteToConfiguredFile (False)" computerName="DKSR-EFI-06" duration="00:00:00.4135350" startTime="2024-01-09T15:41:23.3348231+01:00" endTime="2024-01-09T15:41:23.7485715+01:00" testType="13cdc9d9-ddb5-4fa4-a97d-d965ccfc6d4b" outcome="Passed" testListId="8c84fa94-04c1-424b-9868-57a2d4851a1d" relativeResultsDirectory="63cff523-41c2-468f-917f-6af6e5662baa" />
    <UnitTestResult executionId="81368d17-4608-470c-8eb5-722ec9b48b29" testId="825249f5-fb48-a70f-83e8-3ac23134fc7f" testName="LoggerOfTypeLogTestCreatedThroughIoC_HostBuilder_FileLogger_WillWriteToConfiguredFile (True)" computerName="DKSR-EFI-06" duration="00:00:00.0152130" startTime="2024-01-09T15:41:16.9014659+01:00" endTime="2024-01-09T15:41:16.9169475+01:00" testType="13cdc9d9-ddb5-4fa4-a97d-d965ccfc6d4b" outcome="Passed" testListId="8c84fa94-04c1-424b-9868-57a2d4851a1d" relativeResultsDirectory="81368d17-4608-470c-8eb5-722ec9b48b29" />
    <UnitTestResult executionId="74fc2a06-af00-441e-ab52-635ff67f487a" testId="96d604e8-0d41-8777-a315-9a0cb8b5d048" testName="WhenLoadingAFullConfiguration_TheILogConfigurationIsInitialized" computerName="DKSR-EFI-06" duration="00:00:00.3460798" startTime="2024-01-09T15:41:15.3751602+01:00" endTime="2024-01-09T15:41:15.7980243+01:00" testType="13cdc9d9-ddb5-4fa4-a97d-d965ccfc6d4b" outcome="Passed" testListId="8c84fa94-04c1-424b-9868-57a2d4851a1d" relativeResultsDirectory="74fc2a06-af00-441e-ab52-635ff67f487a" />
    <UnitTestResult executionId="91a9318b-6e6e-4948-941b-4d396057464c" testId="cdcce8c3-4eb5-ff69-a679-ca6e8b02f7b3" testName="WhenExceedingArchiveAboveSize_Logger_WillCreateAnArchiveFile (5)" computerName="DKSR-EFI-06" duration="00:00:00.0366216" startTime="2024-01-09T15:41:25.5584819+01:00" endTime="2024-01-09T15:41:25.5963881+01:00" testType="13cdc9d9-ddb5-4fa4-a97d-d965ccfc6d4b" outcome="Passed" testListId="8c84fa94-04c1-424b-9868-57a2d4851a1d" relativeResultsDirectory="91a9318b-6e6e-4948-941b-4d396057464c">
      <Output>
        <StdOut>Archive file:tmp1EC2 (20240109.7).tmp Creation time:1/1/1601 1:00:00 AM&#xD;
Archive file:tmp1EC2 (20240109.8).tmp Creation time:1/1/1601 1:00:00 AM&#xD;
Archive file:tmp1EC2 (20240109.9).tmp Creation time:1/1/1601 1:00:00 AM&#xD;
Archive file:tmp1EC2 (20240109.10).tmp Creation time:1/1/1601 1:00:00 AM&#xD;
Archive file:tmp1EC2 (20240109.11).tmp Creation time:1/1/1601 1:00:00 AM&#xD;
Archive file:tmp1EC2 (20240109.12).tmp Creation time:1/1/1601 1:00:00 AM&#xD;
Archive file:tmp1EC2 (20240109.13).tmp Creation time:1/1/1601 1:00:00 AM&#xD;
Archive file:tmp1EC2 (20240109.14).tmp Creation time:1/1/1601 1:00:00 AM&#xD;
Archive file:tmp1EC2 (20240109.15).tmp Creation time:1/1/1601 1:00:00 AM&#xD;
Archive file:tmp1EC2 (20240109.16).tmp Creation time:1/1/1601 1:00:00 AM</StdOut>
      </Output>
    </UnitTestResult>
    <UnitTestResult executionId="b183ee01-4f04-428b-a9a3-dc442ab4ea9b" testId="25912a8f-57de-74c1-a5de-050b0a6afb88" testName="WhenSuppressingMessages_Logger_WillNotLogMessageWithSuppressedKeywords" computerName="DKSR-EFI-06" duration="00:00:00.0673603" startTime="2024-01-09T15:41:25.2407572+01:00" endTime="2024-01-09T15:41:25.3083095+01:00" testType="13cdc9d9-ddb5-4fa4-a97d-d965ccfc6d4b" outcome="Passed" testListId="8c84fa94-04c1-424b-9868-57a2d4851a1d" relativeResultsDirectory="b183ee01-4f04-428b-a9a3-dc442ab4ea9b" />
    <UnitTestResult executionId="320018b6-4f42-4002-85eb-97edaaae549c" testId="db5bc023-e5cc-9728-1e26-f7d0a3845c02" testName="LogCreatedByFactory_HostBuilder_ConsoleLogger_WillWriteToStringWriter (False)" computerName="DKSR-EFI-06" duration="00:00:00.0124841" startTime="2024-01-09T15:41:20.7287573+01:00" endTime="2024-01-09T15:41:20.7414221+01:00" testType="13cdc9d9-ddb5-4fa4-a97d-d965ccfc6d4b" outcome="Passed" testListId="8c84fa94-04c1-424b-9868-57a2d4851a1d" relativeResultsDirectory="320018b6-4f42-4002-85eb-97edaaae549c" />
    <UnitTestResult executionId="32835c92-c219-47cd-a7f6-c62852b39884" testId="3b171404-d238-c62a-dd34-5cc4efa966f1" testName="WhenTimePassesMidnight_Logger_WillCreateAnArchiveFile" computerName="DKSR-EFI-06" duration="00:00:00.0323724" startTime="2024-01-09T15:41:25.4357853+01:00" endTime="2024-01-09T15:41:25.4682912+01:00" testType="13cdc9d9-ddb5-4fa4-a97d-d965ccfc6d4b" outcome="Passed" testListId="8c84fa94-04c1-424b-9868-57a2d4851a1d" relativeResultsDirectory="32835c92-c219-47cd-a7f6-c62852b39884" />
    <UnitTestResult executionId="96f9c9df-f05c-4f41-98be-aff45912e7df" testId="c68e9a4f-dd33-5ad3-f3af-5865c537c50e" testName="LogCreatedByFactory_FileLogger_AllLogLevels_WillWriteToConfiguredFile (Error)" computerName="DKSR-EFI-06" duration="00:00:00.0698575" startTime="2024-01-09T15:41:16.4134223+01:00" endTime="2024-01-09T15:41:16.4835730+01:00" testType="13cdc9d9-ddb5-4fa4-a97d-d965ccfc6d4b" outcome="Passed" testListId="8c84fa94-04c1-424b-9868-57a2d4851a1d" relativeResultsDirectory="96f9c9df-f05c-4f41-98be-aff45912e7df" />
    <UnitTestResult executionId="aef8f5a7-ab83-42c0-99c8-040bc5f17bd7" testId="ad3d4ce5-f30a-6e28-b242-ab11ffe9ead8" testName="LogCreatedThroughIoC_HostBuilder_FileLogger_WillWriteToConfiguredFile (True)" computerName="DKSR-EFI-06" duration="00:00:00.6754658" startTime="2024-01-09T15:41:20.0529439+01:00" endTime="2024-01-09T15:41:20.7286830+01:00" testType="13cdc9d9-ddb5-4fa4-a97d-d965ccfc6d4b" outcome="Passed" testListId="8c84fa94-04c1-424b-9868-57a2d4851a1d" relativeResultsDirectory="aef8f5a7-ab83-42c0-99c8-040bc5f17bd7" />
    <UnitTestResult executionId="2b5e12ae-7b5b-409c-9f84-b7c915ee3497" testId="f6a746f5-ff88-dd52-c6a1-1924eb996ea6" testName="LoggerCreatedThroughIoC_HostBuilder_FileLogger_WillWriteToConfiguredFile (Info)" computerName="DKSR-EFI-06" duration="00:00:00.1156153" startTime="2024-01-09T15:41:16.9371733+01:00" endTime="2024-01-09T15:41:17.0530599+01:00" testType="13cdc9d9-ddb5-4fa4-a97d-d965ccfc6d4b" outcome="Passed" testListId="8c84fa94-04c1-424b-9868-57a2d4851a1d" relativeResultsDirectory="2b5e12ae-7b5b-409c-9f84-b7c915ee3497" />
    <UnitTestResult executionId="22e589ef-bbd6-4328-ae07-8a32d966eb7c" testId="0f0fa2d2-60d2-0934-4873-92cce9cc800e" testName="LogCreatedThroughIoC_HostBuilder_FileLogger_WillWriteToConfiguredFile (False)" computerName="DKSR-EFI-06" duration="00:00:00.0595772" startTime="2024-01-09T15:41:19.9930636+01:00" endTime="2024-01-09T15:41:20.0528487+01:00" testType="13cdc9d9-ddb5-4fa4-a97d-d965ccfc6d4b" outcome="Passed" testListId="8c84fa94-04c1-424b-9868-57a2d4851a1d" relativeResultsDirectory="22e589ef-bbd6-4328-ae07-8a32d966eb7c" />
    <UnitTestResult executionId="3037a038-351a-42b1-ac26-d5ca8fab6241" testId="0b6a1a42-0808-ec45-fcb7-eca6e61b0c42" testName="LogCreatedThroughIoC_HostBuilder_ConsoleLogger_WillWriteToStringWriter (False)" computerName="DKSR-EFI-06" duration="00:00:00.0040529" startTime="2024-01-09T15:41:20.7539482+01:00" endTime="2024-01-09T15:41:20.7581563+01:00" testType="13cdc9d9-ddb5-4fa4-a97d-d965ccfc6d4b" outcome="Passed" testListId="8c84fa94-04c1-424b-9868-57a2d4851a1d" relativeResultsDirectory="3037a038-351a-42b1-ac26-d5ca8fab6241" />
    <UnitTestResult executionId="1f9de66c-4f97-4f0d-8d9f-bd09706af4cc" testId="316c98cc-180b-01cc-8b1c-b57a95d1bfd4" testName="LoggerCreatedThroughIoC_HostBuilder_ConsoleLogger_WillWriteToStringWriter (True)" computerName="DKSR-EFI-06" duration="00:00:00.0032097" startTime="2024-01-09T15:41:20.7505393+01:00" endTime="2024-01-09T15:41:20.7538930+01:00" testType="13cdc9d9-ddb5-4fa4-a97d-d965ccfc6d4b" outcome="Passed" testListId="8c84fa94-04c1-424b-9868-57a2d4851a1d" relativeResultsDirectory="1f9de66c-4f97-4f0d-8d9f-bd09706af4cc" />
    <UnitTestResult executionId="288c5a13-d035-48fd-8700-5dab50e0e0a3" testId="e2d123e9-9809-e280-6a68-ddbede79b20b" testName="WhenLoadingAFullConfiguration_LoggersCanbeTurnedOffByTheAdHocConfiguration" computerName="DKSR-EFI-06" duration="00:00:00.0025711" startTime="2024-01-09T15:41:15.8116305+01:00" endTime="2024-01-09T15:41:15.8145424+01:00" testType="13cdc9d9-ddb5-4fa4-a97d-d965ccfc6d4b" outcome="Passed" testListId="8c84fa94-04c1-424b-9868-57a2d4851a1d" relativeResultsDirectory="288c5a13-d035-48fd-8700-5dab50e0e0a3" />
    <UnitTestResult executionId="3df7932b-0056-4aea-80b0-2a7883775484" testId="1f51b097-b0e8-b143-4e62-ca02a8b1ca6a" testName="LoggerCreatedThroughIoC_ServiceCollection_ConsoleLogger_WillWriteToStringWriter (True)" computerName="DKSR-EFI-06" duration="00:00:00.0037213" startTime="2024-01-09T15:41:23.7866030+01:00" endTime="2024-01-09T15:41:23.7904733+01:00" testType="13cdc9d9-ddb5-4fa4-a97d-d965ccfc6d4b" outcome="Passed" testListId="8c84fa94-04c1-424b-9868-57a2d4851a1d" relativeResultsDirectory="3df7932b-0056-4aea-80b0-2a7883775484" />
    <UnitTestResult executionId="2fdbb9b9-35f2-43d1-9cd1-b6064e1546b4" testId="5825e28b-ed12-3c90-747d-8c4e3dbce269" testName="LoggerCreatedThroughIoC_ServiceCollection_FileLogger_WillWriteToConfiguredFile (Warn)" computerName="DKSR-EFI-06" duration="00:00:00.0981521" startTime="2024-01-09T15:41:23.0017933+01:00" endTime="2024-01-09T15:41:23.1001584+01:00" testType="13cdc9d9-ddb5-4fa4-a97d-d965ccfc6d4b" outcome="Passed" testListId="8c84fa94-04c1-424b-9868-57a2d4851a1d" relativeResultsDirectory="2fdbb9b9-35f2-43d1-9cd1-b6064e1546b4" />
    <UnitTestResult executionId="b78a9ed3-a690-4ee1-9238-733e81b4ff85" testId="7e89de10-5b2f-a525-7e2f-c7ec4be3f873" testName="LoggerCreatedThroughIoC_HostBuilder_ConsoleLogger_WillWriteToStringWriter (False)" computerName="DKSR-EFI-06" duration="00:00:00.0039818" startTime="2024-01-09T15:41:20.7463417+01:00" endTime="2024-01-09T15:41:20.7504854+01:00" testType="13cdc9d9-ddb5-4fa4-a97d-d965ccfc6d4b" outcome="Passed" testListId="8c84fa94-04c1-424b-9868-57a2d4851a1d" relativeResultsDirectory="b78a9ed3-a690-4ee1-9238-733e81b4ff85" />
    <UnitTestResult executionId="c549b648-44de-4288-83e9-5a322d1a1f80" testId="0c731dda-9176-db53-0fc5-8e4ece030945" testName="LoggerCreatedThroughIoC_HostBuilder_FileLogger_WillWriteToConfiguredFile (Warn)" computerName="DKSR-EFI-06" duration="00:00:02.9214360" startTime="2024-01-09T15:41:17.0555599+01:00" endTime="2024-01-09T15:41:19.9773450+01:00" testType="13cdc9d9-ddb5-4fa4-a97d-d965ccfc6d4b" outcome="Passed" testListId="8c84fa94-04c1-424b-9868-57a2d4851a1d" relativeResultsDirectory="c549b648-44de-4288-83e9-5a322d1a1f80" />
    <UnitTestResult executionId="a6b9b0d3-aabf-4bde-8fe2-393d71ec47ff" testId="37d71e0d-5e9f-9dad-cf7a-e55ab724d016" testName="LogCreatedByFactory_HostBuilder_ConsoleLogger_WillWriteToStringWriter (True)" computerName="DKSR-EFI-06" duration="00:00:00.0046278" startTime="2024-01-09T15:41:20.7414877+01:00" endTime="2024-01-09T15:41:20.7462810+01:00" testType="13cdc9d9-ddb5-4fa4-a97d-d965ccfc6d4b" outcome="Passed" testListId="8c84fa94-04c1-424b-9868-57a2d4851a1d" relativeResultsDirectory="a6b9b0d3-aabf-4bde-8fe2-393d71ec47ff" />
    <UnitTestResult executionId="3a775838-dd97-4a54-9182-a3c5c6efec79" testId="4e94fac4-8368-190b-d5eb-b7e26431d1a5" testName="LogCreatedWith3TargetsWithDifferentLogLevels_WhenLogging_AllTargetsWillTheirSpecifiedLogLevels" computerName="DKSR-EFI-06" duration="00:00:01.3813509" startTime="2024-01-09T15:41:23.8312861+01:00" endTime="2024-01-09T15:41:25.2127931+01:00" testType="13cdc9d9-ddb5-4fa4-a97d-d965ccfc6d4b" outcome="Passed" testListId="8c84fa94-04c1-424b-9868-57a2d4851a1d" relativeResultsDirectory="3a775838-dd97-4a54-9182-a3c5c6efec79" />
    <UnitTestResult executionId="bf1c3f08-9ff2-4f07-98e2-d5eb08ba6ebb" testId="b6917b91-304a-49f2-89a1-d6981569f280" testName="WhenExceedingArchiveAboveSize_Logger_WillCreateAnArchiveFile (0)" computerName="DKSR-EFI-06" duration="00:00:00.0526473" startTime="2024-01-09T15:41:25.5053655+01:00" endTime="2024-01-09T15:41:25.5583012+01:00" testType="13cdc9d9-ddb5-4fa4-a97d-d965ccfc6d4b" outcome="Passed" testListId="8c84fa94-04c1-424b-9868-57a2d4851a1d" relativeResultsDirectory="bf1c3f08-9ff2-4f07-98e2-d5eb08ba6ebb">
      <Output>
        <StdOut>Archive file:tmp1E92 (20240109.0000).tmp Creation time:1/1/1601 1:00:00 AM&#xD;
Archive file:tmp1E92 (20240109.0001).tmp Creation time:1/1/1601 1:00:00 AM&#xD;
Archive file:tmp1E92 (20240109.0002).tmp Creation time:1/1/1601 1:00:00 AM&#xD;
Archive file:tmp1E92 (20240109.0003).tmp Creation time:1/1/1601 1:00:00 AM&#xD;
Archive file:tmp1E92 (20240109.0004).tmp Creation time:1/1/1601 1:00:00 AM&#xD;
Archive file:tmp1E92 (20240109.0005).tmp Creation time:1/1/1601 1:00:00 AM&#xD;
Archive file:tmp1E92 (20240109.0006).tmp Creation time:1/1/1601 1:00:00 AM&#xD;
Archive file:tmp1E92 (20240109.0007).tmp Creation time:1/1/1601 1:00:00 AM&#xD;
Archive file:tmp1E92 (20240109.0008).tmp Creation time:1/1/1601 1:00:00 AM&#xD;
Archive file:tmp1E92 (20240109.0009).tmp Creation time:1/1/1601 1:00:00 AM&#xD;
Archive file:tmp1E92 (20240109.0010).tmp Creation time:1/1/1601 1:00:00 AM&#xD;
Archive file:tmp1E92 (20240109.0011).tmp Creation time:1/1/1601 1:00:00 AM&#xD;
Archive file:tmp1E92 (20240109.0012).tmp Creation time:1/1/1601 1:00:00 AM&#xD;
Archive file:tmp1E92 (20240109.0013).tmp Creation time:1/1/1601 1:00:00 AM&#xD;
Archive file:tmp1E92 (20240109.0014).tmp Creation time:1/1/1601 1:00:00 AM&#xD;
Archive file:tmp1E92 (20240109.0015).tmp Creation time:1/1/1601 1:00:00 AM&#xD;
Archive file:tmp1E92 (20240109.0016).tmp Creation time:1/1/1601 1:00:00 AM</StdOut>
      </Output>
    </UnitTestResult>
    <UnitTestResult executionId="f3c1f3cf-6c94-41f8-9c75-21bbf0066ae3" testId="1a5bd15f-d1cd-5d4e-2411-681e4ec31205" testName="LoggerOfTypeLogTestCreatedThroughIoC_ServiceCollection_FileLogger_WillWriteToConfiguredFile (True)" computerName="DKSR-EFI-06" duration="00:00:01.5789576" startTime="2024-01-09T15:41:20.7765650+01:00" endTime="2024-01-09T15:41:22.3557170+01:00" testType="13cdc9d9-ddb5-4fa4-a97d-d965ccfc6d4b" outcome="Passed" testListId="8c84fa94-04c1-424b-9868-57a2d4851a1d" relativeResultsDirectory="f3c1f3cf-6c94-41f8-9c75-21bbf0066ae3" />
    <UnitTestResult executionId="cad44a00-ca77-4ce5-9b62-10a9650a1151" testId="01befc98-a098-03d3-d5a6-c1b521bbc1dd" testName="LogCreatedThroughIoC_ServiceCollection_FileLogger_WillWriteToConfiguredFile (True)" computerName="DKSR-EFI-06" duration="00:00:00.0242629" startTime="2024-01-09T15:41:23.7486648+01:00" endTime="2024-01-09T15:41:23.7731119+01:00" testType="13cdc9d9-ddb5-4fa4-a97d-d965ccfc6d4b" outcome="Passed" testListId="8c84fa94-04c1-424b-9868-57a2d4851a1d" relativeResultsDirectory="cad44a00-ca77-4ce5-9b62-10a9650a1151" />
    <UnitTestResult executionId="09ebd805-c42e-4de6-8229-dd5aa0fd3e83" testId="0f17dc9e-173f-0ca7-b557-068e19fcae24" testName="LogCreatedThroughIoC_ServiceCollection_ConsoleLogger_WillWriteToStringWriter (False)" computerName="DKSR-EFI-06" duration="00:00:00.0042557" startTime="2024-01-09T15:41:23.7905296+01:00" endTime="2024-01-09T15:41:23.7949399+01:00" testType="13cdc9d9-ddb5-4fa4-a97d-d965ccfc6d4b" outcome="Passed" testListId="8c84fa94-04c1-424b-9868-57a2d4851a1d" relativeResultsDirectory="09ebd805-c42e-4de6-8229-dd5aa0fd3e83" />
    <UnitTestResult executionId="a95673ec-f856-4feb-8fa3-e460ff3b5a82" testId="784cc296-f7e5-2d5e-9848-82eafda9cbaa" testName="LogCreatedByFactory_FileLogger_AllLogLevels_WillWriteToConfiguredFile (Debug)" computerName="DKSR-EFI-06" duration="00:00:00.0472693" startTime="2024-01-09T15:41:16.3495778+01:00" endTime="2024-01-09T15:41:16.3975421+01:00" testType="13cdc9d9-ddb5-4fa4-a97d-d965ccfc6d4b" outcome="Passed" testListId="8c84fa94-04c1-424b-9868-57a2d4851a1d" relativeResultsDirectory="a95673ec-f856-4feb-8fa3-e460ff3b5a82" />
    <UnitTestResult executionId="8a7a52d9-269e-422a-aa8c-134853cd17ae" testId="3c630a8f-2bc9-20d3-3c0e-fd2d1fc2a498" testName="LogCreatedThroughIoC_ServiceCollection_ConsoleLogger_WillWriteToStringWriter (True)" computerName="DKSR-EFI-06" duration="00:00:00.0203466" startTime="2024-01-09T15:41:23.7949983+01:00" endTime="2024-01-09T15:41:23.8155061+01:00" testType="13cdc9d9-ddb5-4fa4-a97d-d965ccfc6d4b" outcome="Passed" testListId="8c84fa94-04c1-424b-9868-57a2d4851a1d" relativeResultsDirectory="8a7a52d9-269e-422a-aa8c-134853cd17ae" />
    <UnitTestResult executionId="e77bb5c7-9bd9-4c2c-9233-a0f3c4b69a91" testId="af52b379-5ec2-b536-23d6-383b0c28b10c" testName="WhenLoadingATypicalConfiguration_TheILogConfigurationIsInitialized" computerName="DKSR-EFI-06" duration="00:00:00.0036874" startTime="2024-01-09T15:41:15.8075662+01:00" endTime="2024-01-09T15:41:15.8115247+01:00" testType="13cdc9d9-ddb5-4fa4-a97d-d965ccfc6d4b" outcome="Passed" testListId="8c84fa94-04c1-424b-9868-57a2d4851a1d" relativeResultsDirectory="e77bb5c7-9bd9-4c2c-9233-a0f3c4b69a91" />
    <UnitTestResult executionId="b5293560-0d96-45eb-9983-b7b11918c9c8" testId="59a2c458-0aed-599b-9739-4a26a56ec6c2" testName="LogCreatedByFactory_FileLogger_WillWriteToConfiguredFile (False)" computerName="DKSR-EFI-06" duration="00:00:00.4227804" startTime="2024-01-09T15:41:15.8146128+01:00" endTime="2024-01-09T15:41:16.2430568+01:00" testType="13cdc9d9-ddb5-4fa4-a97d-d965ccfc6d4b" outcome="Passed" testListId="8c84fa94-04c1-424b-9868-57a2d4851a1d" relativeResultsDirectory="b5293560-0d96-45eb-9983-b7b11918c9c8" />
    <UnitTestResult executionId="bbe0f5ba-ab28-4906-a573-2ebf09ec2b34" testId="aca87e28-2e0b-c31c-1a9b-e857aae90a97" testName="LogsCreatedWith2FileTargetsWith2LoggerName_WhenLogging_LogStatementsAreWrittenToCorrectLog" computerName="DKSR-EFI-06" duration="00:00:00.0268821" startTime="2024-01-09T15:41:25.2136226+01:00" endTime="2024-01-09T15:41:25.2406721+01:00" testType="13cdc9d9-ddb5-4fa4-a97d-d965ccfc6d4b" outcome="Passed" testListId="8c84fa94-04c1-424b-9868-57a2d4851a1d" relativeResultsDirectory="bbe0f5ba-ab28-4906-a573-2ebf09ec2b34" />
    <UnitTestResult executionId="364b0ca7-9b07-4ec2-8ddb-e982c1d2e085" testId="7f428514-fc31-b8b8-daa4-96f3eae7b829" testName="LoggerCreatedThroughIoC_ServiceCollection_ConsoleLogger_WillWriteToStringWriter (False)" computerName="DKSR-EFI-06" duration="00:00:00.0047872" startTime="2024-01-09T15:41:23.7815980+01:00" endTime="2024-01-09T15:41:23.7865429+01:00" testType="13cdc9d9-ddb5-4fa4-a97d-d965ccfc6d4b" outcome="Passed" testListId="8c84fa94-04c1-424b-9868-57a2d4851a1d" relativeResultsDirectory="364b0ca7-9b07-4ec2-8ddb-e982c1d2e085" />
  </Results>
  <TestDefinitions>
    <UnitTest name="LoggerCreatedThroughIoC_HostBuilder_ConsoleLogger_WillWriteToStringWriter (True)" storage="d:\actions-runner\_work\xpco\xpco\allsolutions\..\common\videoos.common.logging\tst\videoos.common.logging.unittests\bin\debug\net6.0\videoos.common.logging.unittests.dll" id="316c98cc-180b-01cc-8b1c-b57a95d1bfd4">
      <Execution id="1f9de66c-4f97-4f0d-8d9f-bd09706af4cc" />
      <TestMethod codeBase="D:\actions-runner\_work\XPCO\XPCO\AllSolutions\..\Common\VideoOS.Common.Logging\tst\VideoOS.Common.Logging.UnitTests\bin\Debug\net6.0\VideoOS.Common.Logging.UnitTests.dll" adapterTypeName="executor://mstestadapter/v2" className="VideoOS.Common.Logging.UnitTest.LogTest" name="LoggerCreatedThroughIoC_HostBuilder_ConsoleLogger_WillWriteToStringWriter" />
    </UnitTest>
    <UnitTest name="LogCreatedThroughIoC_ServiceCollection_ConsoleLogger_WillWriteToStringWriter (False)" storage="d:\actions-runner\_work\xpco\xpco\allsolutions\..\common\videoos.common.logging\tst\videoos.common.logging.unittests\bin\debug\net6.0\videoos.common.logging.unittests.dll" id="0f17dc9e-173f-0ca7-b557-068e19fcae24">
      <Execution id="09ebd805-c42e-4de6-8229-dd5aa0fd3e83" />
      <TestMethod codeBase="D:\actions-runner\_work\XPCO\XPCO\AllSolutions\..\Common\VideoOS.Common.Logging\tst\VideoOS.Common.Logging.UnitTests\bin\Debug\net6.0\VideoOS.Common.Logging.UnitTests.dll" adapterTypeName="executor://mstestadapter/v2" className="VideoOS.Common.Logging.UnitTest.LogTest" name="LogCreatedThroughIoC_ServiceCollection_ConsoleLogger_WillWriteToStringWriter" />
    </UnitTest>
    <UnitTest name="WhenExceedingArchiveAboveSize_Logger_WillCreateAnArchiveFile (0)" storage="d:\actions-runner\_work\xpco\xpco\allsolutions\..\common\videoos.common.logging\tst\videoos.common.logging.unittests\bin\debug\net6.0\videoos.common.logging.unittests.dll" id="b6917b91-304a-49f2-89a1-d6981569f280">
      <Execution id="bf1c3f08-9ff2-4f07-98e2-d5eb08ba6ebb" />
      <TestMethod codeBase="D:\actions-runner\_work\XPCO\XPCO\AllSolutions\..\Common\VideoOS.Common.Logging\tst\VideoOS.Common.Logging.UnitTests\bin\Debug\net6.0\VideoOS.Common.Logging.UnitTests.dll" adapterTypeName="executor://mstestadapter/v2" className="VideoOS.Common.Logging.UnitTest.LogTest" name="WhenExceedingArchiveAboveSize_Logger_WillCreateAnArchiveFile" />
    </UnitTest>
    <UnitTest name="LogCreatedByFactory_FileLogger_WillWriteToConfiguredFile (False)" storage="d:\actions-runner\_work\xpco\xpco\allsolutions\..\common\videoos.common.logging\tst\videoos.common.logging.unittests\bin\debug\net6.0\videoos.common.logging.unittests.dll" id="59a2c458-0aed-599b-9739-4a26a56ec6c2">
      <Execution id="b5293560-0d96-45eb-9983-b7b11918c9c8" />
      <TestMethod codeBase="D:\actions-runner\_work\XPCO\XPCO\AllSolutions\..\Common\VideoOS.Common.Logging\tst\VideoOS.Common.Logging.UnitTests\bin\Debug\net6.0\VideoOS.Common.Logging.UnitTests.dll" adapterTypeName="executor://mstestadapter/v2" className="VideoOS.Common.Logging.UnitTest.LogTest" name="LogCreatedByFactory_FileLogger_WillWriteToConfiguredFile" />
    </UnitTest>
    <UnitTest name="LoggerOfTypeLogTestCreatedThroughIoC_ServiceCollection_FileLogger_WillWriteToConfiguredFile (True)" storage="d:\actions-runner\_work\xpco\xpco\allsolutions\..\common\videoos.common.logging\tst\videoos.common.logging.unittests\bin\debug\net6.0\videoos.common.logging.unittests.dll" id="1a5bd15f-d1cd-5d4e-2411-681e4ec31205">
      <Execution id="f3c1f3cf-6c94-41f8-9c75-21bbf0066ae3" />
      <TestMethod codeBase="D:\actions-runner\_work\XPCO\XPCO\AllSolutions\..\Common\VideoOS.Common.Logging\tst\VideoOS.Common.Logging.UnitTests\bin\Debug\net6.0\VideoOS.Common.Logging.UnitTests.dll" adapterTypeName="executor://mstestadapter/v2" className="VideoOS.Common.Logging.UnitTest.LogTest" name="LoggerOfTypeLogTestCreatedThroughIoC_ServiceCollection_FileLogger_WillWriteToConfiguredFile" />
    </UnitTest>
    <UnitTest name="LogCreatedThroughIoC_ServiceCollection_FileLogger_WillWriteToConfiguredFile (True)" storage="d:\actions-runner\_work\xpco\xpco\allsolutions\..\common\videoos.common.logging\tst\videoos.common.logging.unittests\bin\debug\net6.0\videoos.common.logging.unittests.dll" id="01befc98-a098-03d3-d5a6-c1b521bbc1dd">
      <Execution id="cad44a00-ca77-4ce5-9b62-10a9650a1151" />
      <TestMethod codeBase="D:\actions-runner\_work\XPCO\XPCO\AllSolutions\..\Common\VideoOS.Common.Logging\tst\VideoOS.Common.Logging.UnitTests\bin\Debug\net6.0\VideoOS.Common.Logging.UnitTests.dll" adapterTypeName="executor://mstestadapter/v2" className="VideoOS.Common.Logging.UnitTest.LogTest" name="LogCreatedThroughIoC_ServiceCollection_FileLogger_WillWriteToConfiguredFile" />
    </UnitTest>
    <UnitTest name="LoggerCreatedThroughIoC_HostBuilder_FileLogger_WillWriteToConfiguredFile (Info)" storage="d:\actions-runner\_work\xpco\xpco\allsolutions\..\common\videoos.common.logging\tst\videoos.common.logging.unittests\bin\debug\net6.0\videoos.common.logging.unittests.dll" id="f6a746f5-ff88-dd52-c6a1-1924eb996ea6">
      <Execution id="2b5e12ae-7b5b-409c-9f84-b7c915ee3497" />
      <TestMethod codeBase="D:\actions-runner\_work\XPCO\XPCO\AllSolutions\..\Common\VideoOS.Common.Logging\tst\VideoOS.Common.Logging.UnitTests\bin\Debug\net6.0\VideoOS.Common.Logging.UnitTests.dll" adapterTypeName="executor://mstestadapter/v2" className="VideoOS.Common.Logging.UnitTest.LogTest" name="LoggerCreatedThroughIoC_HostBuilder_FileLogger_WillWriteToConfiguredFile" />
    </UnitTest>
    <UnitTest name="LoggerCreatedThroughIoC_ServiceCollection_FileLogger_WillWriteToConfiguredFile (Error)" storage="d:\actions-runner\_work\xpco\xpco\allsolutions\..\common\videoos.common.logging\tst\videoos.common.logging.unittests\bin\debug\net6.0\videoos.common.logging.unittests.dll" id="bc636bb5-fd84-f7ba-bf73-30f03f2af620">
      <Execution id="3d753c0a-ec1a-4405-aaad-9f16f9e01f75" />
      <TestMethod codeBase="D:\actions-runner\_work\XPCO\XPCO\AllSolutions\..\Common\VideoOS.Common.Logging\tst\VideoOS.Common.Logging.UnitTests\bin\Debug\net6.0\VideoOS.Common.Logging.UnitTests.dll" adapterTypeName="executor://mstestadapter/v2" className="VideoOS.Common.Logging.UnitTest.LogTest" name="LoggerCreatedThroughIoC_ServiceCollection_FileLogger_WillWriteToConfiguredFile" />
    </UnitTest>
    <UnitTest name="LogCreatedByFactory_HostBuilder_ConsoleLogger_WillWriteToStringWriter (True)" storage="d:\actions-runner\_work\xpco\xpco\allsolutions\..\common\videoos.common.logging\tst\videoos.common.logging.unittests\bin\debug\net6.0\videoos.common.logging.unittests.dll" id="37d71e0d-5e9f-9dad-cf7a-e55ab724d016">
      <Execution id="a6b9b0d3-aabf-4bde-8fe2-393d71ec47ff" />
      <TestMethod codeBase="D:\actions-runner\_work\XPCO\XPCO\AllSolutions\..\Common\VideoOS.Common.Logging\tst\VideoOS.Common.Logging.UnitTests\bin\Debug\net6.0\VideoOS.Common.Logging.UnitTests.dll" adapterTypeName="executor://mstestadapter/v2" className="VideoOS.Common.Logging.UnitTest.LogTest" name="LogCreatedByFactory_HostBuilder_ConsoleLogger_WillWriteToStringWriter" />
    </UnitTest>
    <UnitTest name="LogCreatedByFactory_HostBuilder_ConsoleLogger_WillWriteToStringWriter (False)" storage="d:\actions-runner\_work\xpco\xpco\allsolutions\..\common\videoos.common.logging\tst\videoos.common.logging.unittests\bin\debug\net6.0\videoos.common.logging.unittests.dll" id="db5bc023-e5cc-9728-1e26-f7d0a3845c02">
      <Execution id="320018b6-4f42-4002-85eb-97edaaae549c" />
      <TestMethod codeBase="D:\actions-runner\_work\XPCO\XPCO\AllSolutions\..\Common\VideoOS.Common.Logging\tst\VideoOS.Common.Logging.UnitTests\bin\Debug\net6.0\VideoOS.Common.Logging.UnitTests.dll" adapterTypeName="executor://mstestadapter/v2" className="VideoOS.Common.Logging.UnitTest.LogTest" name="LogCreatedByFactory_HostBuilder_ConsoleLogger_WillWriteToStringWriter" />
    </UnitTest>
    <UnitTest name="LoggerOfTypeLogTestCreatedThroughIoC_ServiceCollection_FileLogger_WillWriteToConfiguredFile (False)" storage="d:\actions-runner\_work\xpco\xpco\allsolutions\..\common\videoos.common.logging\tst\videoos.common.logging.unittests\bin\debug\net6.0\videoos.common.logging.unittests.dll" id="21607c6c-252e-cdec-c949-456e21c2252f">
      <Execution id="a327ceca-b3af-417b-af87-1ab120a8c1a1" />
      <TestMethod codeBase="D:\actions-runner\_work\XPCO\XPCO\AllSolutions\..\Common\VideoOS.Common.Logging\tst\VideoOS.Common.Logging.UnitTests\bin\Debug\net6.0\VideoOS.Common.Logging.UnitTests.dll" adapterTypeName="executor://mstestadapter/v2" className="VideoOS.Common.Logging.UnitTest.LogTest" name="LoggerOfTypeLogTestCreatedThroughIoC_ServiceCollection_FileLogger_WillWriteToConfiguredFile" />
    </UnitTest>
    <UnitTest name="LogCreatedThroughIoC_ServiceCollection_ConsoleLogger_WillWriteToStringWriter (True)" storage="d:\actions-runner\_work\xpco\xpco\allsolutions\..\common\videoos.common.logging\tst\videoos.common.logging.unittests\bin\debug\net6.0\videoos.common.logging.unittests.dll" id="3c630a8f-2bc9-20d3-3c0e-fd2d1fc2a498">
      <Execution id="8a7a52d9-269e-422a-aa8c-134853cd17ae" />
      <TestMethod codeBase="D:\actions-runner\_work\XPCO\XPCO\AllSolutions\..\Common\VideoOS.Common.Logging\tst\VideoOS.Common.Logging.UnitTests\bin\Debug\net6.0\VideoOS.Common.Logging.UnitTests.dll" adapterTypeName="executor://mstestadapter/v2" className="VideoOS.Common.Logging.UnitTest.LogTest" name="LogCreatedThroughIoC_ServiceCollection_ConsoleLogger_WillWriteToStringWriter" />
    </UnitTest>
    <UnitTest name="LoggerCreatedThroughIoC_ServiceCollection_FileLogger_WillWriteToConfiguredFile (Debug)" storage="d:\actions-runner\_work\xpco\xpco\allsolutions\..\common\videoos.common.logging\tst\videoos.common.logging.unittests\bin\debug\net6.0\videoos.common.logging.unittests.dll" id="fc05a72c-80f0-a2f8-2732-39011e042a50">
      <Execution id="8ea1be4f-d2be-4b16-965b-dff3a64464a7" />
      <TestMethod codeBase="D:\actions-runner\_work\XPCO\XPCO\AllSolutions\..\Common\VideoOS.Common.Logging\tst\VideoOS.Common.Logging.UnitTests\bin\Debug\net6.0\VideoOS.Common.Logging.UnitTests.dll" adapterTypeName="executor://mstestadapter/v2" className="VideoOS.Common.Logging.UnitTest.LogTest" name="LoggerCreatedThroughIoC_ServiceCollection_FileLogger_WillWriteToConfiguredFile" />
    </UnitTest>
    <UnitTest name="WhenTimePassesRetentionTime_Logger_WillDeleteOldArchiveFiles" storage="d:\actions-runner\_work\xpco\xpco\allsolutions\..\common\videoos.common.logging\tst\videoos.common.logging.unittests\bin\debug\net6.0\videoos.common.logging.unittests.dll" id="b69751c6-e854-df22-d3a6-a5f459535314">
      <Execution id="ab0bb417-10d9-4745-907d-f568f823003c" />
      <TestMethod codeBase="D:\actions-runner\_work\XPCO\XPCO\AllSolutions\..\Common\VideoOS.Common.Logging\tst\VideoOS.Common.Logging.UnitTests\bin\Debug\net6.0\VideoOS.Common.Logging.UnitTests.dll" adapterTypeName="executor://mstestadapter/v2" className="VideoOS.Common.Logging.UnitTest.LogTest" name="WhenTimePassesRetentionTime_Logger_WillDeleteOldArchiveFiles" />
    </UnitTest>
    <UnitTest name="LogCreatedByFactory_FileLogger_WillWriteToConfiguredFile (True)" storage="d:\actions-runner\_work\xpco\xpco\allsolutions\..\common\videoos.common.logging\tst\videoos.common.logging.unittests\bin\debug\net6.0\videoos.common.logging.unittests.dll" id="93a2f9b5-792f-5257-5993-8b030e246b0a">
      <Execution id="070691a0-2c32-45a0-93dd-13cedb69b96c" />
      <TestMethod codeBase="D:\actions-runner\_work\XPCO\XPCO\AllSolutions\..\Common\VideoOS.Common.Logging\tst\VideoOS.Common.Logging.UnitTests\bin\Debug\net6.0\VideoOS.Common.Logging.UnitTests.dll" adapterTypeName="executor://mstestadapter/v2" className="VideoOS.Common.Logging.UnitTest.LogTest" name="LogCreatedByFactory_FileLogger_WillWriteToConfiguredFile" />
    </UnitTest>
    <UnitTest name="WhenExceedingArchiveAboveSize_Logger_WillCreateAnArchiveFile (5)" storage="d:\actions-runner\_work\xpco\xpco\allsolutions\..\common\videoos.common.logging\tst\videoos.common.logging.unittests\bin\debug\net6.0\videoos.common.logging.unittests.dll" id="cdcce8c3-4eb5-ff69-a679-ca6e8b02f7b3">
      <Execution id="91a9318b-6e6e-4948-941b-4d396057464c" />
      <TestMethod codeBase="D:\actions-runner\_work\XPCO\XPCO\AllSolutions\..\Common\VideoOS.Common.Logging\tst\VideoOS.Common.Logging.UnitTests\bin\Debug\net6.0\VideoOS.Common.Logging.UnitTests.dll" adapterTypeName="executor://mstestadapter/v2" className="VideoOS.Common.Logging.UnitTest.LogTest" name="WhenExceedingArchiveAboveSize_Logger_WillCreateAnArchiveFile" />
    </UnitTest>
    <UnitTest name="LogCreatedThroughIoC_HostBuilder_FileLogger_WillWriteToConfiguredFile (True)" storage="d:\actions-runner\_work\xpco\xpco\allsolutions\..\common\videoos.common.logging\tst\videoos.common.logging.unittests\bin\debug\net6.0\videoos.common.logging.unittests.dll" id="ad3d4ce5-f30a-6e28-b242-ab11ffe9ead8">
      <Execution id="aef8f5a7-ab83-42c0-99c8-040bc5f17bd7" />
      <TestMethod codeBase="D:\actions-runner\_work\XPCO\XPCO\AllSolutions\..\Common\VideoOS.Common.Logging\tst\VideoOS.Common.Logging.UnitTests\bin\Debug\net6.0\VideoOS.Common.Logging.UnitTests.dll" adapterTypeName="executor://mstestadapter/v2" className="VideoOS.Common.Logging.UnitTest.LogTest" name="LogCreatedThroughIoC_HostBuilder_FileLogger_WillWriteToConfiguredFile" />
    </UnitTest>
    <UnitTest name="LoggerCreatedThroughIoC_ServiceCollection_ConsoleLogger_WillWriteToStringWriter (True)" storage="d:\actions-runner\_work\xpco\xpco\allsolutions\..\common\videoos.common.logging\tst\videoos.common.logging.unittests\bin\debug\net6.0\videoos.common.logging.unittests.dll" id="1f51b097-b0e8-b143-4e62-ca02a8b1ca6a">
      <Execution id="3df7932b-0056-4aea-80b0-2a7883775484" />
      <TestMethod codeBase="D:\actions-runner\_work\XPCO\XPCO\AllSolutions\..\Common\VideoOS.Common.Logging\tst\VideoOS.Common.Logging.UnitTests\bin\Debug\net6.0\VideoOS.Common.Logging.UnitTests.dll" adapterTypeName="executor://mstestadapter/v2" className="VideoOS.Common.Logging.UnitTest.LogTest" name="LoggerCreatedThroughIoC_ServiceCollection_ConsoleLogger_WillWriteToStringWriter" />
    </UnitTest>
    <UnitTest name="LogCreatedThroughIoC_HostBuilder_ConsoleLogger_WillWriteToStringWriter (True)" storage="d:\actions-runner\_work\xpco\xpco\allsolutions\..\common\videoos.common.logging\tst\videoos.common.logging.unittests\bin\debug\net6.0\videoos.common.logging.unittests.dll" id="4508de8c-33d7-4f19-21d0-0ca9f2ff99af">
      <Execution id="2bc6b2a5-e48a-4f1a-8350-b3f02e80ce9a" />
      <TestMethod codeBase="D:\actions-runner\_work\XPCO\XPCO\AllSolutions\..\Common\VideoOS.Common.Logging\tst\VideoOS.Common.Logging.UnitTests\bin\Debug\net6.0\VideoOS.Common.Logging.UnitTests.dll" adapterTypeName="executor://mstestadapter/v2" className="VideoOS.Common.Logging.UnitTest.LogTest" name="LogCreatedThroughIoC_HostBuilder_ConsoleLogger_WillWriteToStringWriter" />
    </UnitTest>
    <UnitTest name="WhenLoadingATypicalConfiguration_TheILogConfigurationIsInitialized" storage="d:\actions-runner\_work\xpco\xpco\allsolutions\..\common\videoos.common.logging\tst\videoos.common.logging.unittests\bin\debug\net6.0\videoos.common.logging.unittests.dll" id="af52b379-5ec2-b536-23d6-383b0c28b10c">
      <Execution id="e77bb5c7-9bd9-4c2c-9233-a0f3c4b69a91" />
      <TestMethod codeBase="D:\actions-runner\_work\XPCO\XPCO\AllSolutions\..\Common\VideoOS.Common.Logging\tst\VideoOS.Common.Logging.UnitTests\bin\Debug\net6.0\VideoOS.Common.Logging.UnitTests.dll" adapterTypeName="executor://mstestadapter/v2" className="VideoOS.Common.Logging.UnitTest.LogConfigurationTest" name="WhenLoadingATypicalConfiguration_TheILogConfigurationIsInitialized" />
    </UnitTest>
    <UnitTest name="LogCreatedThroughIoC_ServiceCollection_FileLogger_WillWriteToConfiguredFile (False)" storage="d:\actions-runner\_work\xpco\xpco\allsolutions\..\common\videoos.common.logging\tst\videoos.common.logging.unittests\bin\debug\net6.0\videoos.common.logging.unittests.dll" id="92033649-f972-3205-6e3d-914394a2c7f6">
      <Execution id="63cff523-41c2-468f-917f-6af6e5662baa" />
      <TestMethod codeBase="D:\actions-runner\_work\XPCO\XPCO\AllSolutions\..\Common\VideoOS.Common.Logging\tst\VideoOS.Common.Logging.UnitTests\bin\Debug\net6.0\VideoOS.Common.Logging.UnitTests.dll" adapterTypeName="executor://mstestadapter/v2" className="VideoOS.Common.Logging.UnitTest.LogTest" name="LogCreatedThroughIoC_ServiceCollection_FileLogger_WillWriteToConfiguredFile" />
    </UnitTest>
    <UnitTest name="LoggerCreatedThroughIoC_ServiceCollection_FileLogger_WillWriteToConfiguredFile (Warn)" storage="d:\actions-runner\_work\xpco\xpco\allsolutions\..\common\videoos.common.logging\tst\videoos.common.logging.unittests\bin\debug\net6.0\videoos.common.logging.unittests.dll" id="5825e28b-ed12-3c90-747d-8c4e3dbce269">
      <Execution id="2fdbb9b9-35f2-43d1-9cd1-b6064e1546b4" />
      <TestMethod codeBase="D:\actions-runner\_work\XPCO\XPCO\AllSolutions\..\Common\VideoOS.Common.Logging\tst\VideoOS.Common.Logging.UnitTests\bin\Debug\net6.0\VideoOS.Common.Logging.UnitTests.dll" adapterTypeName="executor://mstestadapter/v2" className="VideoOS.Common.Logging.UnitTest.LogTest" name="LoggerCreatedThroughIoC_ServiceCollection_FileLogger_WillWriteToConfiguredFile" />
    </UnitTest>
    <UnitTest name="LoggerCreatedThroughIoC_HostBuilder_FileLogger_WillWriteToConfiguredFile (Warn)" storage="d:\actions-runner\_work\xpco\xpco\allsolutions\..\common\videoos.common.logging\tst\videoos.common.logging.unittests\bin\debug\net6.0\videoos.common.logging.unittests.dll" id="0c731dda-9176-db53-0fc5-8e4ece030945">
      <Execution id="c549b648-44de-4288-83e9-5a322d1a1f80" />
      <TestMethod codeBase="D:\actions-runner\_work\XPCO\XPCO\AllSolutions\..\Common\VideoOS.Common.Logging\tst\VideoOS.Common.Logging.UnitTests\bin\Debug\net6.0\VideoOS.Common.Logging.UnitTests.dll" adapterTypeName="executor://mstestadapter/v2" className="VideoOS.Common.Logging.UnitTest.LogTest" name="LoggerCreatedThroughIoC_HostBuilder_FileLogger_WillWriteToConfiguredFile" />
    </UnitTest>
    <UnitTest name="LogCreatedWith3TargetsWithDifferentLogLevels_WhenLogging_AllTargetsWillTheirSpecifiedLogLevels" storage="d:\actions-runner\_work\xpco\xpco\allsolutions\..\common\videoos.common.logging\tst\videoos.common.logging.unittests\bin\debug\net6.0\videoos.common.logging.unittests.dll" id="4e94fac4-8368-190b-d5eb-b7e26431d1a5">
      <Execution id="3a775838-dd97-4a54-9182-a3c5c6efec79" />
      <TestMethod codeBase="D:\actions-runner\_work\XPCO\XPCO\AllSolutions\..\Common\VideoOS.Common.Logging\tst\VideoOS.Common.Logging.UnitTests\bin\Debug\net6.0\VideoOS.Common.Logging.UnitTests.dll" adapterTypeName="executor://mstestadapter/v2" className="VideoOS.Common.Logging.UnitTest.LogTest" name="LogCreatedWith3TargetsWithDifferentLogLevels_WhenLogging_AllTargetsWillTheirSpecifiedLogLevels" />
    </UnitTest>
    <UnitTest name="WhenADayPasses_Logger_WillCreateAnArchiveFiles" storage="d:\actions-runner\_work\xpco\xpco\allsolutions\..\common\videoos.common.logging\tst\videoos.common.logging.unittests\bin\debug\net6.0\videoos.common.logging.unittests.dll" id="32da627d-3735-3ade-dbbf-7986f3701ad1">
      <Execution id="b5c32a30-65e4-4bcd-8cd0-df20cbd38dda" />
      <TestMethod codeBase="D:\actions-runner\_work\XPCO\XPCO\AllSolutions\..\Common\VideoOS.Common.Logging\tst\VideoOS.Common.Logging.UnitTests\bin\Debug\net6.0\VideoOS.Common.Logging.UnitTests.dll" adapterTypeName="executor://mstestadapter/v2" className="VideoOS.Common.Logging.UnitTest.LogTest" name="WhenADayPasses_Logger_WillCreateAnArchiveFiles" />
    </UnitTest>
    <UnitTest name="LoggerCreatedThroughIoC_HostBuilder_FileLogger_WillWriteToConfiguredFile (Debug)" storage="d:\actions-runner\_work\xpco\xpco\allsolutions\..\common\videoos.common.logging\tst\videoos.common.logging.unittests\bin\debug\net6.0\videoos.common.logging.unittests.dll" id="f95c26a8-c543-8f1a-9ca2-35d735052f45">
      <Execution id="6787b682-85f4-40a3-9b9e-d756d3bd6b7f" />
      <TestMethod codeBase="D:\actions-runner\_work\XPCO\XPCO\AllSolutions\..\Common\VideoOS.Common.Logging\tst\VideoOS.Common.Logging.UnitTests\bin\Debug\net6.0\VideoOS.Common.Logging.UnitTests.dll" adapterTypeName="executor://mstestadapter/v2" className="VideoOS.Common.Logging.UnitTest.LogTest" name="LoggerCreatedThroughIoC_HostBuilder_FileLogger_WillWriteToConfiguredFile" />
    </UnitTest>
    <UnitTest name="LogCreatedThroughIoC_HostBuilder_ConsoleLogger_WillWriteToStringWriter (False)" storage="d:\actions-runner\_work\xpco\xpco\allsolutions\..\common\videoos.common.logging\tst\videoos.common.logging.unittests\bin\debug\net6.0\videoos.common.logging.unittests.dll" id="0b6a1a42-0808-ec45-fcb7-eca6e61b0c42">
      <Execution id="3037a038-351a-42b1-ac26-d5ca8fab6241" />
      <TestMethod codeBase="D:\actions-runner\_work\XPCO\XPCO\AllSolutions\..\Common\VideoOS.Common.Logging\tst\VideoOS.Common.Logging.UnitTests\bin\Debug\net6.0\VideoOS.Common.Logging.UnitTests.dll" adapterTypeName="executor://mstestadapter/v2" className="VideoOS.Common.Logging.UnitTest.LogTest" name="LogCreatedThroughIoC_HostBuilder_ConsoleLogger_WillWriteToStringWriter" />
    </UnitTest>
    <UnitTest name="LogCreatedThroughIoC_HostBuilder_FileLogger_WillWriteToConfiguredFile (False)" storage="d:\actions-runner\_work\xpco\xpco\allsolutions\..\common\videoos.common.logging\tst\videoos.common.logging.unittests\bin\debug\net6.0\videoos.common.logging.unittests.dll" id="0f0fa2d2-60d2-0934-4873-92cce9cc800e">
      <Execution id="22e589ef-bbd6-4328-ae07-8a32d966eb7c" />
      <TestMethod codeBase="D:\actions-runner\_work\XPCO\XPCO\AllSolutions\..\Common\VideoOS.Common.Logging\tst\VideoOS.Common.Logging.UnitTests\bin\Debug\net6.0\VideoOS.Common.Logging.UnitTests.dll" adapterTypeName="executor://mstestadapter/v2" className="VideoOS.Common.Logging.UnitTest.LogTest" name="LogCreatedThroughIoC_HostBuilder_FileLogger_WillWriteToConfiguredFile" />
    </UnitTest>
    <UnitTest name="LogCreatedWithTwoTargets_WhenLogging_BothTargetsWillLog" storage="d:\actions-runner\_work\xpco\xpco\allsolutions\..\common\videoos.common.logging\tst\videoos.common.logging.unittests\bin\debug\net6.0\videoos.common.logging.unittests.dll" id="a4f2c673-a08a-8f5f-ba84-0be2fd10588e">
      <Execution id="49a60502-2691-468d-8a95-5bfe1ed68e38" />
      <TestMethod codeBase="D:\actions-runner\_work\XPCO\XPCO\AllSolutions\..\Common\VideoOS.Common.Logging\tst\VideoOS.Common.Logging.UnitTests\bin\Debug\net6.0\VideoOS.Common.Logging.UnitTests.dll" adapterTypeName="executor://mstestadapter/v2" className="VideoOS.Common.Logging.UnitTest.LogTest" name="LogCreatedWithTwoTargets_WhenLogging_BothTargetsWillLog" />
    </UnitTest>
    <UnitTest name="LoggerCreatedThroughIoC_HostBuilder_FileLogger_WillWriteToConfiguredFile (Error)" storage="d:\actions-runner\_work\xpco\xpco\allsolutions\..\common\videoos.common.logging\tst\videoos.common.logging.unittests\bin\debug\net6.0\videoos.common.logging.unittests.dll" id="403e502b-4ac7-ef6c-62b1-c2762594b0b6">
      <Execution id="d64d9c37-edc5-4410-8224-7ce03f57a91d" />
      <TestMethod codeBase="D:\actions-runner\_work\XPCO\XPCO\AllSolutions\..\Common\VideoOS.Common.Logging\tst\VideoOS.Common.Logging.UnitTests\bin\Debug\net6.0\VideoOS.Common.Logging.UnitTests.dll" adapterTypeName="executor://mstestadapter/v2" className="VideoOS.Common.Logging.UnitTest.LogTest" name="LoggerCreatedThroughIoC_HostBuilder_FileLogger_WillWriteToConfiguredFile" />
    </UnitTest>
    <UnitTest name="LogCreatedByFactory_FileLogger_AllLogLevels_WillWriteToConfiguredFile (Debug)" storage="d:\actions-runner\_work\xpco\xpco\allsolutions\..\common\videoos.common.logging\tst\videoos.common.logging.unittests\bin\debug\net6.0\videoos.common.logging.unittests.dll" id="784cc296-f7e5-2d5e-9848-82eafda9cbaa">
      <Execution id="a95673ec-f856-4feb-8fa3-e460ff3b5a82" />
      <TestMethod codeBase="D:\actions-runner\_work\XPCO\XPCO\AllSolutions\..\Common\VideoOS.Common.Logging\tst\VideoOS.Common.Logging.UnitTests\bin\Debug\net6.0\VideoOS.Common.Logging.UnitTests.dll" adapterTypeName="executor://mstestadapter/v2" className="VideoOS.Common.Logging.UnitTest.LogTest" name="LogCreatedByFactory_FileLogger_AllLogLevels_WillWriteToConfiguredFile" />
    </UnitTest>
    <UnitTest name="LoggerCreatedThroughIoC_ServiceCollection_FileLogger_WillWriteToConfiguredFile (Info)" storage="d:\actions-runner\_work\xpco\xpco\allsolutions\..\common\videoos.common.logging\tst\videoos.common.logging.unittests\bin\debug\net6.0\videoos.common.logging.unittests.dll" id="e0522049-5ae1-70de-1f9f-c29de46f5543">
      <Execution id="32ec6a84-8d18-444e-b2b1-bcfc4427f6a1" />
      <TestMethod codeBase="D:\actions-runner\_work\XPCO\XPCO\AllSolutions\..\Common\VideoOS.Common.Logging\tst\VideoOS.Common.Logging.UnitTests\bin\Debug\net6.0\VideoOS.Common.Logging.UnitTests.dll" adapterTypeName="executor://mstestadapter/v2" className="VideoOS.Common.Logging.UnitTest.LogTest" name="LoggerCreatedThroughIoC_ServiceCollection_FileLogger_WillWriteToConfiguredFile" />
    </UnitTest>
    <UnitTest name="WhenLoadingAFullConfiguration_LoggersCanbeTurnedOffByTheAdHocConfiguration" storage="d:\actions-runner\_work\xpco\xpco\allsolutions\..\common\videoos.common.logging\tst\videoos.common.logging.unittests\bin\debug\net6.0\videoos.common.logging.unittests.dll" id="e2d123e9-9809-e280-6a68-ddbede79b20b">
      <Execution id="288c5a13-d035-48fd-8700-5dab50e0e0a3" />
      <TestMethod codeBase="D:\actions-runner\_work\XPCO\XPCO\AllSolutions\..\Common\VideoOS.Common.Logging\tst\VideoOS.Common.Logging.UnitTests\bin\Debug\net6.0\VideoOS.Common.Logging.UnitTests.dll" adapterTypeName="executor://mstestadapter/v2" className="VideoOS.Common.Logging.UnitTest.LogConfigurationTest" name="WhenLoadingAFullConfiguration_LoggersCanbeTurnedOffByTheAdHocConfiguration" />
    </UnitTest>
    <UnitTest name="LogCreatedByFactory_ServiceCollection_ConsoleLogger_WillWriteToStringWriter (False)" storage="d:\actions-runner\_work\xpco\xpco\allsolutions\..\common\videoos.common.logging\tst\videoos.common.logging.unittests\bin\debug\net6.0\videoos.common.logging.unittests.dll" id="cfb8c4da-f84f-2b6c-2e44-8106008e8cb7">
      <Execution id="6e97dcb4-c0e8-4af8-bf56-d9bd7bd54259" />
      <TestMethod codeBase="D:\actions-runner\_work\XPCO\XPCO\AllSolutions\..\Common\VideoOS.Common.Logging\tst\VideoOS.Common.Logging.UnitTests\bin\Debug\net6.0\VideoOS.Common.Logging.UnitTests.dll" adapterTypeName="executor://mstestadapter/v2" className="VideoOS.Common.Logging.UnitTest.LogTest" name="LogCreatedByFactory_ServiceCollection_ConsoleLogger_WillWriteToStringWriter" />
    </UnitTest>
    <UnitTest name="LoggerOfTypeLogTestCreatedThroughIoC_HostBuilder_FileLogger_WillWriteToConfiguredFile (False)" storage="d:\actions-runner\_work\xpco\xpco\allsolutions\..\common\videoos.common.logging\tst\videoos.common.logging.unittests\bin\debug\net6.0\videoos.common.logging.unittests.dll" id="9ff429c8-da31-72a4-9343-d3d5c881b7fa">
      <Execution id="b9956473-1de2-4b18-818b-f6b90f45c635" />
      <TestMethod codeBase="D:\actions-runner\_work\XPCO\XPCO\AllSolutions\..\Common\VideoOS.Common.Logging\tst\VideoOS.Common.Logging.UnitTests\bin\Debug\net6.0\VideoOS.Common.Logging.UnitTests.dll" adapterTypeName="executor://mstestadapter/v2" className="VideoOS.Common.Logging.UnitTest.LogTest" name="LoggerOfTypeLogTestCreatedThroughIoC_HostBuilder_FileLogger_WillWriteToConfiguredFile" />
    </UnitTest>
    <UnitTest name="WhenTimePassesMidnight_Logger_WillCreateAnArchiveFile" storage="d:\actions-runner\_work\xpco\xpco\allsolutions\..\common\videoos.common.logging\tst\videoos.common.logging.unittests\bin\debug\net6.0\videoos.common.logging.unittests.dll" id="3b171404-d238-c62a-dd34-5cc4efa966f1">
      <Execution id="32835c92-c219-47cd-a7f6-c62852b39884" />
      <TestMethod codeBase="D:\actions-runner\_work\XPCO\XPCO\AllSolutions\..\Common\VideoOS.Common.Logging\tst\VideoOS.Common.Logging.UnitTests\bin\Debug\net6.0\VideoOS.Common.Logging.UnitTests.dll" adapterTypeName="executor://mstestadapter/v2" className="VideoOS.Common.Logging.UnitTest.LogTest" name="WhenTimePassesMidnight_Logger_WillCreateAnArchiveFile" />
    </UnitTest>
    <UnitTest name="LoggerCreatedThroughIoC_HostBuilder_ConsoleLogger_WillWriteToStringWriter (False)" storage="d:\actions-runner\_work\xpco\xpco\allsolutions\..\common\videoos.common.logging\tst\videoos.common.logging.unittests\bin\debug\net6.0\videoos.common.logging.unittests.dll" id="7e89de10-5b2f-a525-7e2f-c7ec4be3f873">
      <Execution id="b78a9ed3-a690-4ee1-9238-733e81b4ff85" />
      <TestMethod codeBase="D:\actions-runner\_work\XPCO\XPCO\AllSolutions\..\Common\VideoOS.Common.Logging\tst\VideoOS.Common.Logging.UnitTests\bin\Debug\net6.0\VideoOS.Common.Logging.UnitTests.dll" adapterTypeName="executor://mstestadapter/v2" className="VideoOS.Common.Logging.UnitTest.LogTest" name="LoggerCreatedThroughIoC_HostBuilder_ConsoleLogger_WillWriteToStringWriter" />
    </UnitTest>
    <UnitTest name="FileLoggerCreated_when_Logging_TheLayoutOfTheLogLinesAreCorrect (False)" storage="d:\actions-runner\_work\xpco\xpco\allsolutions\..\common\videoos.common.logging\tst\videoos.common.logging.unittests\bin\debug\net6.0\videoos.common.logging.unittests.dll" id="a468c204-c993-0f1f-2361-69e3cbabb464">
      <Execution id="c31ff8d9-bb43-40ba-abfa-9ef627bac595" />
      <TestMethod codeBase="D:\actions-runner\_work\XPCO\XPCO\AllSolutions\..\Common\VideoOS.Common.Logging\tst\VideoOS.Common.Logging.UnitTests\bin\Debug\net6.0\VideoOS.Common.Logging.UnitTests.dll" adapterTypeName="executor://mstestadapter/v2" className="VideoOS.Common.Logging.UnitTest.LogTest" name="FileLoggerCreated_when_Logging_TheLayoutOfTheLogLinesAreCorrect" />
    </UnitTest>
    <UnitTest name="LoggerOfTypeLogTestCreatedThroughIoC_HostBuilder_FileLogger_WillWriteToConfiguredFile (True)" storage="d:\actions-runner\_work\xpco\xpco\allsolutions\..\common\videoos.common.logging\tst\videoos.common.logging.unittests\bin\debug\net6.0\videoos.common.logging.unittests.dll" id="825249f5-fb48-a70f-83e8-3ac23134fc7f">
      <Execution id="81368d17-4608-470c-8eb5-722ec9b48b29" />
      <TestMethod codeBase="D:\actions-runner\_work\XPCO\XPCO\AllSolutions\..\Common\VideoOS.Common.Logging\tst\VideoOS.Common.Logging.UnitTests\bin\Debug\net6.0\VideoOS.Common.Logging.UnitTests.dll" adapterTypeName="executor://mstestadapter/v2" className="VideoOS.Common.Logging.UnitTest.LogTest" name="LoggerOfTypeLogTestCreatedThroughIoC_HostBuilder_FileLogger_WillWriteToConfiguredFile" />
    </UnitTest>
    <UnitTest name="WhenSuppressingMessages_Logger_WillNotLogMessageWithSuppressedKeywords" storage="d:\actions-runner\_work\xpco\xpco\allsolutions\..\common\videoos.common.logging\tst\videoos.common.logging.unittests\bin\debug\net6.0\videoos.common.logging.unittests.dll" id="25912a8f-57de-74c1-a5de-050b0a6afb88">
      <Execution id="b183ee01-4f04-428b-a9a3-dc442ab4ea9b" />
      <TestMethod codeBase="D:\actions-runner\_work\XPCO\XPCO\AllSolutions\..\Common\VideoOS.Common.Logging\tst\VideoOS.Common.Logging.UnitTests\bin\Debug\net6.0\VideoOS.Common.Logging.UnitTests.dll" adapterTypeName="executor://mstestadapter/v2" className="VideoOS.Common.Logging.UnitTest.LogTest" name="WhenSuppressingMessages_Logger_WillNotLogMessageWithSuppressedKeywords" />
    </UnitTest>
    <UnitTest name="WhenLoadingAFullConfiguration_TheILogConfigurationIsInitialized" storage="d:\actions-runner\_work\xpco\xpco\allsolutions\..\common\videoos.common.logging\tst\videoos.common.logging.unittests\bin\debug\net6.0\videoos.common.logging.unittests.dll" id="96d604e8-0d41-8777-a315-9a0cb8b5d048">
      <Execution id="74fc2a06-af00-441e-ab52-635ff67f487a" />
      <TestMethod codeBase="D:\actions-runner\_work\XPCO\XPCO\AllSolutions\..\Common\VideoOS.Common.Logging\tst\VideoOS.Common.Logging.UnitTests\bin\Debug\net6.0\VideoOS.Common.Logging.UnitTests.dll" adapterTypeName="executor://mstestadapter/v2" className="VideoOS.Common.Logging.UnitTest.LogConfigurationTest" name="WhenLoadingAFullConfiguration_TheILogConfigurationIsInitialized" />
    </UnitTest>
    <UnitTest name="FileLoggerCreated_when_Logging_TheLayoutOfTheLogLinesAreCorrect (True)" storage="d:\actions-runner\_work\xpco\xpco\allsolutions\..\common\videoos.common.logging\tst\videoos.common.logging.unittests\bin\debug\net6.0\videoos.common.logging.unittests.dll" id="a14f8cd6-99c2-95bd-8ec1-4e9ed5096e0c">
      <Execution id="f340547f-4723-4065-8398-90763fa8c488" />
      <TestMethod codeBase="D:\actions-runner\_work\XPCO\XPCO\AllSolutions\..\Common\VideoOS.Common.Logging\tst\VideoOS.Common.Logging.UnitTests\bin\Debug\net6.0\VideoOS.Common.Logging.UnitTests.dll" adapterTypeName="executor://mstestadapter/v2" className="VideoOS.Common.Logging.UnitTest.LogTest" name="FileLoggerCreated_when_Logging_TheLayoutOfTheLogLinesAreCorrect" />
    </UnitTest>
    <UnitTest name="LoggerCreatedThroughIoC_ServiceCollection_ConsoleLogger_WillWriteToStringWriter (False)" storage="d:\actions-runner\_work\xpco\xpco\allsolutions\..\common\videoos.common.logging\tst\videoos.common.logging.unittests\bin\debug\net6.0\videoos.common.logging.unittests.dll" id="7f428514-fc31-b8b8-daa4-96f3eae7b829">
      <Execution id="364b0ca7-9b07-4ec2-8ddb-e982c1d2e085" />
      <TestMethod codeBase="D:\actions-runner\_work\XPCO\XPCO\AllSolutions\..\Common\VideoOS.Common.Logging\tst\VideoOS.Common.Logging.UnitTests\bin\Debug\net6.0\VideoOS.Common.Logging.UnitTests.dll" adapterTypeName="executor://mstestadapter/v2" className="VideoOS.Common.Logging.UnitTest.LogTest" name="LoggerCreatedThroughIoC_ServiceCollection_ConsoleLogger_WillWriteToStringWriter" />
    </UnitTest>
    <UnitTest name="LogCreatedByFactory_FileLogger_AllLogLevels_WillWriteToConfiguredFile (Error)" storage="d:\actions-runner\_work\xpco\xpco\allsolutions\..\common\videoos.common.logging\tst\videoos.common.logging.unittests\bin\debug\net6.0\videoos.common.logging.unittests.dll" id="c68e9a4f-dd33-5ad3-f3af-5865c537c50e">
      <Execution id="96f9c9df-f05c-4f41-98be-aff45912e7df" />
      <TestMethod codeBase="D:\actions-runner\_work\XPCO\XPCO\AllSolutions\..\Common\VideoOS.Common.Logging\tst\VideoOS.Common.Logging.UnitTests\bin\Debug\net6.0\VideoOS.Common.Logging.UnitTests.dll" adapterTypeName="executor://mstestadapter/v2" className="VideoOS.Common.Logging.UnitTest.LogTest" name="LogCreatedByFactory_FileLogger_AllLogLevels_WillWriteToConfiguredFile" />
    </UnitTest>
    <UnitTest name="LogsCreatedWith2FileTargetsWith2LoggerName_WhenLogging_LogStatementsAreWrittenToCorrectLog" storage="d:\actions-runner\_work\xpco\xpco\allsolutions\..\common\videoos.common.logging\tst\videoos.common.logging.unittests\bin\debug\net6.0\videoos.common.logging.unittests.dll" id="aca87e28-2e0b-c31c-1a9b-e857aae90a97">
      <Execution id="bbe0f5ba-ab28-4906-a573-2ebf09ec2b34" />
      <TestMethod codeBase="D:\actions-runner\_work\XPCO\XPCO\AllSolutions\..\Common\VideoOS.Common.Logging\tst\VideoOS.Common.Logging.UnitTests\bin\Debug\net6.0\VideoOS.Common.Logging.UnitTests.dll" adapterTypeName="executor://mstestadapter/v2" className="VideoOS.Common.Logging.UnitTest.LogTest" name="LogsCreatedWith2FileTargetsWith2LoggerName_WhenLogging_LogStatementsAreWrittenToCorrectLog" />
    </UnitTest>
    <UnitTest name="LogCreatedByFactory_FileLogger_AllLogLevels_WillWriteToConfiguredFile (Warn)" storage="d:\actions-runner\_work\xpco\xpco\allsolutions\..\common\videoos.common.logging\tst\videoos.common.logging.unittests\bin\debug\net6.0\videoos.common.logging.unittests.dll" id="6c6d525e-74c7-a08a-386c-ecebb15fa43a">
      <Execution id="9c97d833-55cc-43e5-a54b-48a321fdf13b" />
      <TestMethod codeBase="D:\actions-runner\_work\XPCO\XPCO\AllSolutions\..\Common\VideoOS.Common.Logging\tst\VideoOS.Common.Logging.UnitTests\bin\Debug\net6.0\VideoOS.Common.Logging.UnitTests.dll" adapterTypeName="executor://mstestadapter/v2" className="VideoOS.Common.Logging.UnitTest.LogTest" name="LogCreatedByFactory_FileLogger_AllLogLevels_WillWriteToConfiguredFile" />
    </UnitTest>
    <UnitTest name="LogCreatedByFactory_ServiceCollection_ConsoleLogger_WillWriteToStringWriter (True)" storage="d:\actions-runner\_work\xpco\xpco\allsolutions\..\common\videoos.common.logging\tst\videoos.common.logging.unittests\bin\debug\net6.0\videoos.common.logging.unittests.dll" id="cfb05eaf-8033-00e0-0eda-d2fa92ae2e42">
      <Execution id="b5f4f6f3-fde6-4716-b623-573c39261ed4" />
      <TestMethod codeBase="D:\actions-runner\_work\XPCO\XPCO\AllSolutions\..\Common\VideoOS.Common.Logging\tst\VideoOS.Common.Logging.UnitTests\bin\Debug\net6.0\VideoOS.Common.Logging.UnitTests.dll" adapterTypeName="executor://mstestadapter/v2" className="VideoOS.Common.Logging.UnitTest.LogTest" name="LogCreatedByFactory_ServiceCollection_ConsoleLogger_WillWriteToStringWriter" />
    </UnitTest>
  </TestDefinitions>
  <TestEntries>
    <TestEntry testId="a4f2c673-a08a-8f5f-ba84-0be2fd10588e" executionId="49a60502-2691-468d-8a95-5bfe1ed68e38" testListId="8c84fa94-04c1-424b-9868-57a2d4851a1d" />
    <TestEntry testId="6c6d525e-74c7-a08a-386c-ecebb15fa43a" executionId="9c97d833-55cc-43e5-a54b-48a321fdf13b" testListId="8c84fa94-04c1-424b-9868-57a2d4851a1d" />
    <TestEntry testId="cfb05eaf-8033-00e0-0eda-d2fa92ae2e42" executionId="b5f4f6f3-fde6-4716-b623-573c39261ed4" testListId="8c84fa94-04c1-424b-9868-57a2d4851a1d" />
    <TestEntry testId="93a2f9b5-792f-5257-5993-8b030e246b0a" executionId="070691a0-2c32-45a0-93dd-13cedb69b96c" testListId="8c84fa94-04c1-424b-9868-57a2d4851a1d" />
    <TestEntry testId="cfb8c4da-f84f-2b6c-2e44-8106008e8cb7" executionId="6e97dcb4-c0e8-4af8-bf56-d9bd7bd54259" testListId="8c84fa94-04c1-424b-9868-57a2d4851a1d" />
    <TestEntry testId="a14f8cd6-99c2-95bd-8ec1-4e9ed5096e0c" executionId="f340547f-4723-4065-8398-90763fa8c488" testListId="8c84fa94-04c1-424b-9868-57a2d4851a1d" />
    <TestEntry testId="e0522049-5ae1-70de-1f9f-c29de46f5543" executionId="32ec6a84-8d18-444e-b2b1-bcfc4427f6a1" testListId="8c84fa94-04c1-424b-9868-57a2d4851a1d" />
    <TestEntry testId="b69751c6-e854-df22-d3a6-a5f459535314" executionId="ab0bb417-10d9-4745-907d-f568f823003c" testListId="8c84fa94-04c1-424b-9868-57a2d4851a1d" />
    <TestEntry testId="a468c204-c993-0f1f-2361-69e3cbabb464" executionId="c31ff8d9-bb43-40ba-abfa-9ef627bac595" testListId="8c84fa94-04c1-424b-9868-57a2d4851a1d" />
    <TestEntry testId="f95c26a8-c543-8f1a-9ca2-35d735052f45" executionId="6787b682-85f4-40a3-9b9e-d756d3bd6b7f" testListId="8c84fa94-04c1-424b-9868-57a2d4851a1d" />
    <TestEntry testId="4508de8c-33d7-4f19-21d0-0ca9f2ff99af" executionId="2bc6b2a5-e48a-4f1a-8350-b3f02e80ce9a" testListId="8c84fa94-04c1-424b-9868-57a2d4851a1d" />
    <TestEntry testId="bc636bb5-fd84-f7ba-bf73-30f03f2af620" executionId="3d753c0a-ec1a-4405-aaad-9f16f9e01f75" testListId="8c84fa94-04c1-424b-9868-57a2d4851a1d" />
    <TestEntry testId="32da627d-3735-3ade-dbbf-7986f3701ad1" executionId="b5c32a30-65e4-4bcd-8cd0-df20cbd38dda" testListId="8c84fa94-04c1-424b-9868-57a2d4851a1d" />
    <TestEntry testId="9ff429c8-da31-72a4-9343-d3d5c881b7fa" executionId="b9956473-1de2-4b18-818b-f6b90f45c635" testListId="8c84fa94-04c1-424b-9868-57a2d4851a1d" />
    <TestEntry testId="403e502b-4ac7-ef6c-62b1-c2762594b0b6" executionId="d64d9c37-edc5-4410-8224-7ce03f57a91d" testListId="8c84fa94-04c1-424b-9868-57a2d4851a1d" />
    <TestEntry testId="fc05a72c-80f0-a2f8-2732-39011e042a50" executionId="8ea1be4f-d2be-4b16-965b-dff3a64464a7" testListId="8c84fa94-04c1-424b-9868-57a2d4851a1d" />
    <TestEntry testId="21607c6c-252e-cdec-c949-456e21c2252f" executionId="a327ceca-b3af-417b-af87-1ab120a8c1a1" testListId="8c84fa94-04c1-424b-9868-57a2d4851a1d" />
    <TestEntry testId="92033649-f972-3205-6e3d-914394a2c7f6" executionId="63cff523-41c2-468f-917f-6af6e5662baa" testListId="8c84fa94-04c1-424b-9868-57a2d4851a1d" />
    <TestEntry testId="825249f5-fb48-a70f-83e8-3ac23134fc7f" executionId="81368d17-4608-470c-8eb5-722ec9b48b29" testListId="8c84fa94-04c1-424b-9868-57a2d4851a1d" />
    <TestEntry testId="96d604e8-0d41-8777-a315-9a0cb8b5d048" executionId="74fc2a06-af00-441e-ab52-635ff67f487a" testListId="8c84fa94-04c1-424b-9868-57a2d4851a1d" />
    <TestEntry testId="cdcce8c3-4eb5-ff69-a679-ca6e8b02f7b3" executionId="91a9318b-6e6e-4948-941b-4d396057464c" testListId="8c84fa94-04c1-424b-9868-57a2d4851a1d" />
    <TestEntry testId="25912a8f-57de-74c1-a5de-050b0a6afb88" executionId="b183ee01-4f04-428b-a9a3-dc442ab4ea9b" testListId="8c84fa94-04c1-424b-9868-57a2d4851a1d" />
    <TestEntry testId="db5bc023-e5cc-9728-1e26-f7d0a3845c02" executionId="320018b6-4f42-4002-85eb-97edaaae549c" testListId="8c84fa94-04c1-424b-9868-57a2d4851a1d" />
    <TestEntry testId="3b171404-d238-c62a-dd34-5cc4efa966f1" executionId="32835c92-c219-47cd-a7f6-c62852b39884" testListId="8c84fa94-04c1-424b-9868-57a2d4851a1d" />
    <TestEntry testId="c68e9a4f-dd33-5ad3-f3af-5865c537c50e" executionId="96f9c9df-f05c-4f41-98be-aff45912e7df" testListId="8c84fa94-04c1-424b-9868-57a2d4851a1d" />
    <TestEntry testId="ad3d4ce5-f30a-6e28-b242-ab11ffe9ead8" executionId="aef8f5a7-ab83-42c0-99c8-040bc5f17bd7" testListId="8c84fa94-04c1-424b-9868-57a2d4851a1d" />
    <TestEntry testId="f6a746f5-ff88-dd52-c6a1-1924eb996ea6" executionId="2b5e12ae-7b5b-409c-9f84-b7c915ee3497" testListId="8c84fa94-04c1-424b-9868-57a2d4851a1d" />
    <TestEntry testId="0f0fa2d2-60d2-0934-4873-92cce9cc800e" executionId="22e589ef-bbd6-4328-ae07-8a32d966eb7c" testListId="8c84fa94-04c1-424b-9868-57a2d4851a1d" />
    <TestEntry testId="0b6a1a42-0808-ec45-fcb7-eca6e61b0c42" executionId="3037a038-351a-42b1-ac26-d5ca8fab6241" testListId="8c84fa94-04c1-424b-9868-57a2d4851a1d" />
    <TestEntry testId="316c98cc-180b-01cc-8b1c-b57a95d1bfd4" executionId="1f9de66c-4f97-4f0d-8d9f-bd09706af4cc" testListId="8c84fa94-04c1-424b-9868-57a2d4851a1d" />
    <TestEntry testId="e2d123e9-9809-e280-6a68-ddbede79b20b" executionId="288c5a13-d035-48fd-8700-5dab50e0e0a3" testListId="8c84fa94-04c1-424b-9868-57a2d4851a1d" />
    <TestEntry testId="1f51b097-b0e8-b143-4e62-ca02a8b1ca6a" executionId="3df7932b-0056-4aea-80b0-2a7883775484" testListId="8c84fa94-04c1-424b-9868-57a2d4851a1d" />
    <TestEntry testId="5825e28b-ed12-3c90-747d-8c4e3dbce269" executionId="2fdbb9b9-35f2-43d1-9cd1-b6064e1546b4" testListId="8c84fa94-04c1-424b-9868-57a2d4851a1d" />
    <TestEntry testId="7e89de10-5b2f-a525-7e2f-c7ec4be3f873" executionId="b78a9ed3-a690-4ee1-9238-733e81b4ff85" testListId="8c84fa94-04c1-424b-9868-57a2d4851a1d" />
    <TestEntry testId="0c731dda-9176-db53-0fc5-8e4ece030945" executionId="c549b648-44de-4288-83e9-5a322d1a1f80" testListId="8c84fa94-04c1-424b-9868-57a2d4851a1d" />
    <TestEntry testId="37d71e0d-5e9f-9dad-cf7a-e55ab724d016" executionId="a6b9b0d3-aabf-4bde-8fe2-393d71ec47ff" testListId="8c84fa94-04c1-424b-9868-57a2d4851a1d" />
    <TestEntry testId="4e94fac4-8368-190b-d5eb-b7e26431d1a5" executionId="3a775838-dd97-4a54-9182-a3c5c6efec79" testListId="8c84fa94-04c1-424b-9868-57a2d4851a1d" />
    <TestEntry testId="b6917b91-304a-49f2-89a1-d6981569f280" executionId="bf1c3f08-9ff2-4f07-98e2-d5eb08ba6ebb" testListId="8c84fa94-04c1-424b-9868-57a2d4851a1d" />
    <TestEntry testId="1a5bd15f-d1cd-5d4e-2411-681e4ec31205" executionId="f3c1f3cf-6c94-41f8-9c75-21bbf0066ae3" testListId="8c84fa94-04c1-424b-9868-57a2d4851a1d" />
    <TestEntry testId="01befc98-a098-03d3-d5a6-c1b521bbc1dd" executionId="cad44a00-ca77-4ce5-9b62-10a9650a1151" testListId="8c84fa94-04c1-424b-9868-57a2d4851a1d" />
    <TestEntry testId="0f17dc9e-173f-0ca7-b557-068e19fcae24" executionId="09ebd805-c42e-4de6-8229-dd5aa0fd3e83" testListId="8c84fa94-04c1-424b-9868-57a2d4851a1d" />
    <TestEntry testId="784cc296-f7e5-2d5e-9848-82eafda9cbaa" executionId="a95673ec-f856-4feb-8fa3-e460ff3b5a82" testListId="8c84fa94-04c1-424b-9868-57a2d4851a1d" />
    <TestEntry testId="3c630a8f-2bc9-20d3-3c0e-fd2d1fc2a498" executionId="8a7a52d9-269e-422a-aa8c-134853cd17ae" testListId="8c84fa94-04c1-424b-9868-57a2d4851a1d" />
    <TestEntry testId="af52b379-5ec2-b536-23d6-383b0c28b10c" executionId="e77bb5c7-9bd9-4c2c-9233-a0f3c4b69a91" testListId="8c84fa94-04c1-424b-9868-57a2d4851a1d" />
    <TestEntry testId="59a2c458-0aed-599b-9739-4a26a56ec6c2" executionId="b5293560-0d96-45eb-9983-b7b11918c9c8" testListId="8c84fa94-04c1-424b-9868-57a2d4851a1d" />
    <TestEntry testId="aca87e28-2e0b-c31c-1a9b-e857aae90a97" executionId="bbe0f5ba-ab28-4906-a573-2ebf09ec2b34" testListId="8c84fa94-04c1-424b-9868-57a2d4851a1d" />
    <TestEntry testId="7f428514-fc31-b8b8-daa4-96f3eae7b829" executionId="364b0ca7-9b07-4ec2-8ddb-e982c1d2e085" testListId="8c84fa94-04c1-424b-9868-57a2d4851a1d" />
  </TestEntries>
  <TestLists>
    <TestList name="Results Not in a List" id="8c84fa94-04c1-424b-9868-57a2d4851a1d" />
    <TestList name="All Loaded Results" id="19431567-8539-422a-85d7-44ee4e166bda" />
  </TestLists>
  <ResultSummary outcome="Completed">
    <Counters total="47" executed="47" passed="47" failed="0" error="0" timeout="0" aborted="0" inconclusive="0" passedButRunAborted="0" notRunnable="0" notExecuted="0" disconnected="0" warning="0" completed="0" inProgress="0" pending="0" />
  </ResultSummary>
</TestRun>