<?xml version="1.0" encoding="utf-8"?>
<TestRun id="1f41c4b6-c7ae-4da9-b6c0-668514b67b45" name="DKSR-EFI-06$@DKSR-EFI-06 2024-01-09 15:45:07" runUser="NT AUTHORITY\NETWORK SERVICE" xmlns="http://microsoft.com/schemas/VisualStudio/TeamTest/2010">
  <Times creation="2024-01-09T15:45:07.4825055+01:00" queuing="2024-01-09T15:45:07.4825055+01:00" start="2024-01-09T15:45:04.0137482+01:00" finish="2024-01-09T15:45:07.6856734+01:00" />
  <TestSettings name="default" id="0ee13fde-4cfe-49c7-9802-6038ba2a2b60">
    <Deployment runDeploymentRoot="DKSR-EFI-06$_DKSR-EFI-06_2024-01-09_15_45_07" />
  </TestSettings>
  <Results>
    <UnitTestResult executionId="3eb46387-645c-4886-80dd-5624798a8b6a" testId="07d84f17-fa15-22c6-8acb-8335a2e3925a" testName="RegexPatternsTests_Base64Url_Correct (test)" computerName="DKSR-EFI-06" duration="00:00:00.0000222" startTime="2024-01-09T15:45:07.3384814+01:00" endTime="2024-01-09T15:45:07.3387470+01:00" testType="13cdc9d9-ddb5-4fa4-a97d-d965ccfc6d4b" outcome="Passed" testListId="8c84fa94-04c1-424b-9868-57a2d4851a1d" relativeResultsDirectory="3eb46387-645c-4886-80dd-5624798a8b6a" />
    <UnitTestResult executionId="4e41eea6-e720-4571-a66d-a50a106c7fa4" testId="0ce1481e-1059-99f4-3bf3-87cce6a94441" testName="PublicAddressService_Get_GenerateFromHostNoPrefix" computerName="DKSR-EFI-06" duration="00:00:00.0027180" startTime="2024-01-09T15:45:07.3137995+01:00" endTime="2024-01-09T15:45:07.3166879+01:00" testType="13cdc9d9-ddb5-4fa4-a97d-d965ccfc6d4b" outcome="Passed" testListId="8c84fa94-04c1-424b-9868-57a2d4851a1d" relativeResultsDirectory="4e41eea6-e720-4571-a66d-a50a106c7fa4" />
    <UnitTestResult executionId="9d7ea3bd-f5ec-4dd6-95ca-97c9e7435c70" testId="b15075ce-a589-43cb-c35c-8e76dfd5237a" testName="RegexPatternsTests_Base64Url_Correct (-Tes-t2-)" computerName="DKSR-EFI-06" duration="00:00:00.0000157" startTime="2024-01-09T15:45:07.4169952+01:00" endTime="2024-01-09T15:45:07.4181704+01:00" testType="13cdc9d9-ddb5-4fa4-a97d-d965ccfc6d4b" outcome="Passed" testListId="8c84fa94-04c1-424b-9868-57a2d4851a1d" relativeResultsDirectory="9d7ea3bd-f5ec-4dd6-95ca-97c9e7435c70" />
    <UnitTestResult executionId="d871db85-7b95-4746-80f4-b17665d6401f" testId="a9cea70a-0963-481a-9be9-c73358659af3" testName="RegexPatternsTests_Base64Url_NotCorrect (t^&amp;est)" computerName="DKSR-EFI-06" duration="00:00:00.0000102" startTime="2024-01-09T15:45:07.4188132+01:00" endTime="2024-01-09T15:45:07.4189514+01:00" testType="13cdc9d9-ddb5-4fa4-a97d-d965ccfc6d4b" outcome="Passed" testListId="8c84fa94-04c1-424b-9868-57a2d4851a1d" relativeResultsDirectory="d871db85-7b95-4746-80f4-b17665d6401f" />
    <UnitTestResult executionId="2e3865e4-948d-46e0-81f0-1974f02f9b88" testId="bbc09792-c410-1793-7289-9c82ea2ed0c7" testName="RegexPatternsTests_Base64Url_Correct (Test)" computerName="DKSR-EFI-06" duration="00:00:00.0135794" startTime="2024-01-09T15:45:07.3194612+01:00" endTime="2024-01-09T15:45:07.3383865+01:00" testType="13cdc9d9-ddb5-4fa4-a97d-d965ccfc6d4b" outcome="Passed" testListId="8c84fa94-04c1-424b-9868-57a2d4851a1d" relativeResultsDirectory="2e3865e4-948d-46e0-81f0-1974f02f9b88" />
    <UnitTestResult executionId="b9be8450-60c1-4b9d-925b-b529169a6cbe" testId="779ff751-66c7-9a4a-a84f-b25400b009ee" testName="RegexPatternsTests_Base64Url_NotCorrect (%Test)" computerName="DKSR-EFI-06" duration="00:00:00.0002546" startTime="2024-01-09T15:45:07.4183958+01:00" endTime="2024-01-09T15:45:07.4187695+01:00" testType="13cdc9d9-ddb5-4fa4-a97d-d965ccfc6d4b" outcome="Passed" testListId="8c84fa94-04c1-424b-9868-57a2d4851a1d" relativeResultsDirectory="b9be8450-60c1-4b9d-925b-b529169a6cbe" />
    <UnitTestResult executionId="9edf234b-6b95-4d4a-922a-c0b6a03729bd" testId="39764f0e-a594-56cc-498c-6c4b1b31c08e" testName="SharedLinkController_GetAction_InvalidPayload_Missing" computerName="DKSR-EFI-06" duration="00:00:00.0035775" startTime="2024-01-09T15:45:07.4636051+01:00" endTime="2024-01-09T15:45:07.4675036+01:00" testType="13cdc9d9-ddb5-4fa4-a97d-d965ccfc6d4b" outcome="Passed" testListId="8c84fa94-04c1-424b-9868-57a2d4851a1d" relativeResultsDirectory="9edf234b-6b95-4d4a-922a-c0b6a03729bd" />
    <UnitTestResult executionId="ba524957-9fb8-4382-84d6-25eb1a4e1244" testId="aa69bb07-7a0a-27df-493b-4da84cefccd7" testName="SharedLinkController_GetAction_InvalidPayload_TooLong" computerName="DKSR-EFI-06" duration="00:00:00.0002749" startTime="2024-01-09T15:45:07.4675778+01:00" endTime="2024-01-09T15:45:07.4680026+01:00" testType="13cdc9d9-ddb5-4fa4-a97d-d965ccfc6d4b" outcome="Passed" testListId="8c84fa94-04c1-424b-9868-57a2d4851a1d" relativeResultsDirectory="ba524957-9fb8-4382-84d6-25eb1a4e1244" />
    <UnitTestResult executionId="6f17729f-fd21-4b7f-a02d-d7678d3e4c68" testId="3224067a-b2e4-a630-b400-5a0356e284e2" testName="PublicAddressService_Get_ConfigurationProvided" computerName="DKSR-EFI-06" duration="00:00:00.0393298" startTime="2024-01-09T15:45:07.2740660+01:00" endTime="2024-01-09T15:45:07.3136814+01:00" testType="13cdc9d9-ddb5-4fa4-a97d-d965ccfc6d4b" outcome="Passed" testListId="8c84fa94-04c1-424b-9868-57a2d4851a1d" relativeResultsDirectory="6f17729f-fd21-4b7f-a02d-d7678d3e4c68" />
    <UnitTestResult executionId="d6ab3029-5853-42fe-aa69-7d06b4efde63" testId="bfe111ab-a7c1-eac4-9f26-304804c5d90c" testName="Index_Get_OK" computerName="DKSR-EFI-06" duration="00:00:00.0213568" startTime="2024-01-09T15:45:07.4419325+01:00" endTime="2024-01-09T15:45:07.4635146+01:00" testType="13cdc9d9-ddb5-4fa4-a97d-d965ccfc6d4b" outcome="Passed" testListId="8c84fa94-04c1-424b-9868-57a2d4851a1d" relativeResultsDirectory="d6ab3029-5853-42fe-aa69-7d06b4efde63" />
    <UnitTestResult executionId="bef8bf52-0e71-4338-b274-7b2172263730" testId="1b8fb8db-a019-f59f-66a6-8a0c48010e81" testName="Index_Get_InvalidPayload" computerName="DKSR-EFI-06" duration="00:00:00.0171491" startTime="2024-01-09T15:45:07.4192906+01:00" endTime="2024-01-09T15:45:07.4367138+01:00" testType="13cdc9d9-ddb5-4fa4-a97d-d965ccfc6d4b" outcome="Passed" testListId="8c84fa94-04c1-424b-9868-57a2d4851a1d" relativeResultsDirectory="bef8bf52-0e71-4338-b274-7b2172263730" />
    <UnitTestResult executionId="f474ab23-3cf6-4311-bdfc-1f4b1c1d622d" testId="9eb1cfd3-67ee-3fcc-7c2c-f02a7ce38af9" testName="Index_Get_NoLink" computerName="DKSR-EFI-06" duration="00:00:00.0004636" startTime="2024-01-09T15:45:07.4370736+01:00" endTime="2024-01-09T15:45:07.4377092+01:00" testType="13cdc9d9-ddb5-4fa4-a97d-d965ccfc6d4b" outcome="Passed" testListId="8c84fa94-04c1-424b-9868-57a2d4851a1d" relativeResultsDirectory="f474ab23-3cf6-4311-bdfc-1f4b1c1d622d" />
    <UnitTestResult executionId="46622484-8872-4a9d-a3a0-f8bc5a82d7b7" testId="ae85018a-291e-b604-b0b6-28a8ae2adeba" testName="SharedLinkController_GetAction_ValidPublicAddress" computerName="DKSR-EFI-06" duration="00:00:00.0034989" startTime="2024-01-09T15:45:07.4680493+01:00" endTime="2024-01-09T15:45:07.4728484+01:00" testType="13cdc9d9-ddb5-4fa4-a97d-d965ccfc6d4b" outcome="Passed" testListId="8c84fa94-04c1-424b-9868-57a2d4851a1d" relativeResultsDirectory="46622484-8872-4a9d-a3a0-f8bc5a82d7b7" />
    <UnitTestResult executionId="1b84830e-6cc3-4b5c-ab29-2e2744fea8c8" testId="5e3b5a9b-9ff1-1eed-e7bf-53126cab947e" testName="PublicAddressService_Get_GenerateFromHostWithPrefixConfigNoSharedServiceConfiguration" computerName="DKSR-EFI-06" duration="00:00:00.0006472" startTime="2024-01-09T15:45:07.3184786+01:00" endTime="2024-01-09T15:45:07.3194084+01:00" testType="13cdc9d9-ddb5-4fa4-a97d-d965ccfc6d4b" outcome="Passed" testListId="8c84fa94-04c1-424b-9868-57a2d4851a1d" relativeResultsDirectory="1b84830e-6cc3-4b5c-ab29-2e2744fea8c8" />
    <UnitTestResult executionId="761aac15-d420-4e22-9c02-b51ed05ef2cf" testId="486b50d6-444d-496c-1e23-0a7016e86d61" testName="RegexPatternsTests_Base64Url_NotCorrect (TEST&amp;lt)" computerName="DKSR-EFI-06" duration="00:00:00.0000080" startTime="2024-01-09T15:45:07.4191238+01:00" endTime="2024-01-09T15:45:07.4192612+01:00" testType="13cdc9d9-ddb5-4fa4-a97d-d965ccfc6d4b" outcome="Passed" testListId="8c84fa94-04c1-424b-9868-57a2d4851a1d" relativeResultsDirectory="761aac15-d420-4e22-9c02-b51ed05ef2cf" />
    <UnitTestResult executionId="7ef16fcb-d58d-4aa3-b54f-7384d336f482" testId="b971dbb4-a09e-17ec-a5fb-64680bdef4c8" testName="PublicAddressService_Get_ErrorInput" computerName="DKSR-EFI-06" duration="00:00:00.4950790" startTime="2024-01-09T15:45:06.6841665+01:00" endTime="2024-01-09T15:45:07.2644640+01:00" testType="13cdc9d9-ddb5-4fa4-a97d-d965ccfc6d4b" outcome="Passed" testListId="8c84fa94-04c1-424b-9868-57a2d4851a1d" relativeResultsDirectory="7ef16fcb-d58d-4aa3-b54f-7384d336f482" />
    <UnitTestResult executionId="55ee8464-c63e-43c4-bf2c-4dcc880ac8d6" testId="78ae1ac9-fde4-a756-e1e2-06f8bb1d7ad3" testName="PublicAddressService_Get_GenerateFromHostWithPrefix" computerName="DKSR-EFI-06" duration="00:00:00.0007819" startTime="2024-01-09T15:45:07.3167668+01:00" endTime="2024-01-09T15:45:07.3176914+01:00" testType="13cdc9d9-ddb5-4fa4-a97d-d965ccfc6d4b" outcome="Passed" testListId="8c84fa94-04c1-424b-9868-57a2d4851a1d" relativeResultsDirectory="55ee8464-c63e-43c4-bf2c-4dcc880ac8d6" />
    <UnitTestResult executionId="0f9faaf8-84ed-4710-b899-570bcdb9fde9" testId="f0f5fb1d-fa7f-246a-c229-82e43889426f" testName="PublicAddressService_Get_GenerateFromHostWithPrefixDefaultPort" computerName="DKSR-EFI-06" duration="00:00:00.0005768" startTime="2024-01-09T15:45:07.3177377+01:00" endTime="2024-01-09T15:45:07.3184396+01:00" testType="13cdc9d9-ddb5-4fa4-a97d-d965ccfc6d4b" outcome="Passed" testListId="8c84fa94-04c1-424b-9868-57a2d4851a1d" relativeResultsDirectory="0f9faaf8-84ed-4710-b899-570bcdb9fde9" />
    <UnitTestResult executionId="6e71bb7c-a0fd-4512-8ac5-0989ef53439a" testId="531b3a3d-ee2b-99da-1bdf-e0b8d343b2fa" testName="RegexPatternsTests_Base64Url_Correct (1Te2st3)" computerName="DKSR-EFI-06" duration="00:00:00.0000235" startTime="2024-01-09T15:45:07.4166069+01:00" endTime="2024-01-09T15:45:07.4169199+01:00" testType="13cdc9d9-ddb5-4fa4-a97d-d965ccfc6d4b" outcome="Passed" testListId="8c84fa94-04c1-424b-9868-57a2d4851a1d" relativeResultsDirectory="6e71bb7c-a0fd-4512-8ac5-0989ef53439a" />
    <UnitTestResult executionId="091b8dd4-74c8-4c6c-937e-6ab907b1c0b3" testId="395700e3-f7f9-518d-2035-8ade2c8040ba" testName="RegexPatternsTests_Base64Url_NotCorrect (&lt;TEST!@)" computerName="DKSR-EFI-06" duration="00:00:00.0000078" startTime="2024-01-09T15:45:07.4189841+01:00" endTime="2024-01-09T15:45:07.4190880+01:00" testType="13cdc9d9-ddb5-4fa4-a97d-d965ccfc6d4b" outcome="Passed" testListId="8c84fa94-04c1-424b-9868-57a2d4851a1d" relativeResultsDirectory="091b8dd4-74c8-4c6c-937e-6ab907b1c0b3" />
    <UnitTestResult executionId="8adceb86-9fdf-42cf-9385-23a9af5c8457" testId="5ce8f75e-7642-ef60-cefd-b36f348916fe" testName="RegexPatternsTests_Base64Url_Correct (TEST)" computerName="DKSR-EFI-06" duration="00:00:00.0000069" startTime="2024-01-09T15:45:07.3387874+01:00" endTime="2024-01-09T15:45:07.3388948+01:00" testType="13cdc9d9-ddb5-4fa4-a97d-d965ccfc6d4b" outcome="Passed" testListId="8c84fa94-04c1-424b-9868-57a2d4851a1d" relativeResultsDirectory="8adceb86-9fdf-42cf-9385-23a9af5c8457" />
    <UnitTestResult executionId="0b64fb84-a428-42b3-9db2-09d2584447cb" testId="a25e3dbe-dd1a-3a24-e821-b63e3776e413" testName="RegexPatternsTests_Base64Url_Correct (_1Te_st2_)" computerName="DKSR-EFI-06" duration="00:00:00.0000095" startTime="2024-01-09T15:45:07.4182296+01:00" endTime="2024-01-09T15:45:07.4183612+01:00" testType="13cdc9d9-ddb5-4fa4-a97d-d965ccfc6d4b" outcome="Passed" testListId="8c84fa94-04c1-424b-9868-57a2d4851a1d" relativeResultsDirectory="0b64fb84-a428-42b3-9db2-09d2584447cb" />
  </Results>
  <TestDefinitions>
    <UnitTest name="RegexPatternsTests_Base64Url_Correct (-Tes-t2-)" storage="d:\actions-runner\_work\xpco\xpco\allsolutions\..\share\shareservice\prod\videoos.shareservice.unittests\bin\debug\net6.0\videoos.shareservice.unittests.dll" id="b15075ce-a589-43cb-c35c-8e76dfd5237a">
      <Execution id="9d7ea3bd-f5ec-4dd6-95ca-97c9e7435c70" />
      <TestMethod codeBase="D:\actions-runner\_work\XPCO\XPCO\AllSolutions\..\Share\ShareService\prod\VideoOS.ShareService.UnitTests\bin\Debug\net6.0\VideoOS.ShareService.UnitTests.dll" adapterTypeName="executor://mstestadapter/v2" className="VideoOS.ShareService.UnitTests.Utils.RegexPatternsTests" name="RegexPatternsTests_Base64Url_Correct" />
    </UnitTest>
    <UnitTest name="SharedLinkController_GetAction_InvalidPayload_TooLong" storage="d:\actions-runner\_work\xpco\xpco\allsolutions\..\share\shareservice\prod\videoos.shareservice.unittests\bin\debug\net6.0\videoos.shareservice.unittests.dll" id="aa69bb07-7a0a-27df-493b-4da84cefccd7">
      <Execution id="ba524957-9fb8-4382-84d6-25eb1a4e1244" />
      <TestMethod codeBase="D:\actions-runner\_work\XPCO\XPCO\AllSolutions\..\Share\ShareService\prod\VideoOS.ShareService.UnitTests\bin\Debug\net6.0\VideoOS.ShareService.UnitTests.dll" adapterTypeName="executor://mstestadapter/v2" className="VideoOS.ShareService.UnitTests.Controllers.SharedLinksControllerTests" name="SharedLinkController_GetAction_InvalidPayload_TooLong" />
    </UnitTest>
    <UnitTest name="RegexPatternsTests_Base64Url_Correct (TEST)" storage="d:\actions-runner\_work\xpco\xpco\allsolutions\..\share\shareservice\prod\videoos.shareservice.unittests\bin\debug\net6.0\videoos.shareservice.unittests.dll" id="5ce8f75e-7642-ef60-cefd-b36f348916fe">
      <Execution id="8adceb86-9fdf-42cf-9385-23a9af5c8457" />
      <TestMethod codeBase="D:\actions-runner\_work\XPCO\XPCO\AllSolutions\..\Share\ShareService\prod\VideoOS.ShareService.UnitTests\bin\Debug\net6.0\VideoOS.ShareService.UnitTests.dll" adapterTypeName="executor://mstestadapter/v2" className="VideoOS.ShareService.UnitTests.Utils.RegexPatternsTests" name="RegexPatternsTests_Base64Url_Correct" />
    </UnitTest>
    <UnitTest name="RegexPatternsTests_Base64Url_Correct (_1Te_st2_)" storage="d:\actions-runner\_work\xpco\xpco\allsolutions\..\share\shareservice\prod\videoos.shareservice.unittests\bin\debug\net6.0\videoos.shareservice.unittests.dll" id="a25e3dbe-dd1a-3a24-e821-b63e3776e413">
      <Execution id="0b64fb84-a428-42b3-9db2-09d2584447cb" />
      <TestMethod codeBase="D:\actions-runner\_work\XPCO\XPCO\AllSolutions\..\Share\ShareService\prod\VideoOS.ShareService.UnitTests\bin\Debug\net6.0\VideoOS.ShareService.UnitTests.dll" adapterTypeName="executor://mstestadapter/v2" className="VideoOS.ShareService.UnitTests.Utils.RegexPatternsTests" name="RegexPatternsTests_Base64Url_Correct" />
    </UnitTest>
    <UnitTest name="PublicAddressService_Get_GenerateFromHostNoPrefix" storage="d:\actions-runner\_work\xpco\xpco\allsolutions\..\share\shareservice\prod\videoos.shareservice.unittests\bin\debug\net6.0\videoos.shareservice.unittests.dll" id="0ce1481e-1059-99f4-3bf3-87cce6a94441">
      <Execution id="4e41eea6-e720-4571-a66d-a50a106c7fa4" />
      <TestMethod codeBase="D:\actions-runner\_work\XPCO\XPCO\AllSolutions\..\Share\ShareService\prod\VideoOS.ShareService.UnitTests\bin\Debug\net6.0\VideoOS.ShareService.UnitTests.dll" adapterTypeName="executor://mstestadapter/v2" className="VideoOS.ShareService.UnitTests.PublicAddressServiceTests" name="PublicAddressService_Get_GenerateFromHostNoPrefix" />
    </UnitTest>
    <UnitTest name="PublicAddressService_Get_ConfigurationProvided" storage="d:\actions-runner\_work\xpco\xpco\allsolutions\..\share\shareservice\prod\videoos.shareservice.unittests\bin\debug\net6.0\videoos.shareservice.unittests.dll" id="3224067a-b2e4-a630-b400-5a0356e284e2">
      <Execution id="6f17729f-fd21-4b7f-a02d-d7678d3e4c68" />
      <TestMethod codeBase="D:\actions-runner\_work\XPCO\XPCO\AllSolutions\..\Share\ShareService\prod\VideoOS.ShareService.UnitTests\bin\Debug\net6.0\VideoOS.ShareService.UnitTests.dll" adapterTypeName="executor://mstestadapter/v2" className="VideoOS.ShareService.UnitTests.PublicAddressServiceTests" name="PublicAddressService_Get_ConfigurationProvided" />
    </UnitTest>
    <UnitTest name="PublicAddressService_Get_ErrorInput" storage="d:\actions-runner\_work\xpco\xpco\allsolutions\..\share\shareservice\prod\videoos.shareservice.unittests\bin\debug\net6.0\videoos.shareservice.unittests.dll" id="b971dbb4-a09e-17ec-a5fb-64680bdef4c8">
      <Execution id="7ef16fcb-d58d-4aa3-b54f-7384d336f482" />
      <TestMethod codeBase="D:\actions-runner\_work\XPCO\XPCO\AllSolutions\..\Share\ShareService\prod\VideoOS.ShareService.UnitTests\bin\Debug\net6.0\VideoOS.ShareService.UnitTests.dll" adapterTypeName="executor://mstestadapter/v2" className="VideoOS.ShareService.UnitTests.PublicAddressServiceTests" name="PublicAddressService_Get_ErrorInput" />
    </UnitTest>
    <UnitTest name="RegexPatternsTests_Base64Url_Correct (test)" storage="d:\actions-runner\_work\xpco\xpco\allsolutions\..\share\shareservice\prod\videoos.shareservice.unittests\bin\debug\net6.0\videoos.shareservice.unittests.dll" id="07d84f17-fa15-22c6-8acb-8335a2e3925a">
      <Execution id="3eb46387-645c-4886-80dd-5624798a8b6a" />
      <TestMethod codeBase="D:\actions-runner\_work\XPCO\XPCO\AllSolutions\..\Share\ShareService\prod\VideoOS.ShareService.UnitTests\bin\Debug\net6.0\VideoOS.ShareService.UnitTests.dll" adapterTypeName="executor://mstestadapter/v2" className="VideoOS.ShareService.UnitTests.Utils.RegexPatternsTests" name="RegexPatternsTests_Base64Url_Correct" />
    </UnitTest>
    <UnitTest name="Index_Get_NoLink" storage="d:\actions-runner\_work\xpco\xpco\allsolutions\..\share\shareservice\prod\videoos.shareservice.unittests\bin\debug\net6.0\videoos.shareservice.unittests.dll" id="9eb1cfd3-67ee-3fcc-7c2c-f02a7ce38af9">
      <Execution id="f474ab23-3cf6-4311-bdfc-1f4b1c1d622d" />
      <TestMethod codeBase="D:\actions-runner\_work\XPCO\XPCO\AllSolutions\..\Share\ShareService\prod\VideoOS.ShareService.UnitTests\bin\Debug\net6.0\VideoOS.ShareService.UnitTests.dll" adapterTypeName="executor://mstestadapter/v2" className="VideoOS.ShareService.UnitTests.Pages.IndexTests" name="Index_Get_NoLink" />
    </UnitTest>
    <UnitTest name="RegexPatternsTests_Base64Url_NotCorrect (%Test)" storage="d:\actions-runner\_work\xpco\xpco\allsolutions\..\share\shareservice\prod\videoos.shareservice.unittests\bin\debug\net6.0\videoos.shareservice.unittests.dll" id="779ff751-66c7-9a4a-a84f-b25400b009ee">
      <Execution id="b9be8450-60c1-4b9d-925b-b529169a6cbe" />
      <TestMethod codeBase="D:\actions-runner\_work\XPCO\XPCO\AllSolutions\..\Share\ShareService\prod\VideoOS.ShareService.UnitTests\bin\Debug\net6.0\VideoOS.ShareService.UnitTests.dll" adapterTypeName="executor://mstestadapter/v2" className="VideoOS.ShareService.UnitTests.Utils.RegexPatternsTests" name="RegexPatternsTests_Base64Url_NotCorrect" />
    </UnitTest>
    <UnitTest name="Index_Get_OK" storage="d:\actions-runner\_work\xpco\xpco\allsolutions\..\share\shareservice\prod\videoos.shareservice.unittests\bin\debug\net6.0\videoos.shareservice.unittests.dll" id="bfe111ab-a7c1-eac4-9f26-304804c5d90c">
      <Execution id="d6ab3029-5853-42fe-aa69-7d06b4efde63" />
      <TestMethod codeBase="D:\actions-runner\_work\XPCO\XPCO\AllSolutions\..\Share\ShareService\prod\VideoOS.ShareService.UnitTests\bin\Debug\net6.0\VideoOS.ShareService.UnitTests.dll" adapterTypeName="executor://mstestadapter/v2" className="VideoOS.ShareService.UnitTests.Pages.IndexTests" name="Index_Get_OK" />
    </UnitTest>
    <UnitTest name="PublicAddressService_Get_GenerateFromHostWithPrefixDefaultPort" storage="d:\actions-runner\_work\xpco\xpco\allsolutions\..\share\shareservice\prod\videoos.shareservice.unittests\bin\debug\net6.0\videoos.shareservice.unittests.dll" id="f0f5fb1d-fa7f-246a-c229-82e43889426f">
      <Execution id="0f9faaf8-84ed-4710-b899-570bcdb9fde9" />
      <TestMethod codeBase="D:\actions-runner\_work\XPCO\XPCO\AllSolutions\..\Share\ShareService\prod\VideoOS.ShareService.UnitTests\bin\Debug\net6.0\VideoOS.ShareService.UnitTests.dll" adapterTypeName="executor://mstestadapter/v2" className="VideoOS.ShareService.UnitTests.PublicAddressServiceTests" name="PublicAddressService_Get_GenerateFromHostWithPrefixDefaultPort" />
    </UnitTest>
    <UnitTest name="RegexPatternsTests_Base64Url_NotCorrect (TEST&amp;lt)" storage="d:\actions-runner\_work\xpco\xpco\allsolutions\..\share\shareservice\prod\videoos.shareservice.unittests\bin\debug\net6.0\videoos.shareservice.unittests.dll" id="486b50d6-444d-496c-1e23-0a7016e86d61">
      <Execution id="761aac15-d420-4e22-9c02-b51ed05ef2cf" />
      <TestMethod codeBase="D:\actions-runner\_work\XPCO\XPCO\AllSolutions\..\Share\ShareService\prod\VideoOS.ShareService.UnitTests\bin\Debug\net6.0\VideoOS.ShareService.UnitTests.dll" adapterTypeName="executor://mstestadapter/v2" className="VideoOS.ShareService.UnitTests.Utils.RegexPatternsTests" name="RegexPatternsTests_Base64Url_NotCorrect" />
    </UnitTest>
    <UnitTest name="RegexPatternsTests_Base64Url_Correct (Test)" storage="d:\actions-runner\_work\xpco\xpco\allsolutions\..\share\shareservice\prod\videoos.shareservice.unittests\bin\debug\net6.0\videoos.shareservice.unittests.dll" id="bbc09792-c410-1793-7289-9c82ea2ed0c7">
      <Execution id="2e3865e4-948d-46e0-81f0-1974f02f9b88" />
      <TestMethod codeBase="D:\actions-runner\_work\XPCO\XPCO\AllSolutions\..\Share\ShareService\prod\VideoOS.ShareService.UnitTests\bin\Debug\net6.0\VideoOS.ShareService.UnitTests.dll" adapterTypeName="executor://mstestadapter/v2" className="VideoOS.ShareService.UnitTests.Utils.RegexPatternsTests" name="RegexPatternsTests_Base64Url_Correct" />
    </UnitTest>
    <UnitTest name="Index_Get_InvalidPayload" storage="d:\actions-runner\_work\xpco\xpco\allsolutions\..\share\shareservice\prod\videoos.shareservice.unittests\bin\debug\net6.0\videoos.shareservice.unittests.dll" id="1b8fb8db-a019-f59f-66a6-8a0c48010e81">
      <Execution id="bef8bf52-0e71-4338-b274-7b2172263730" />
      <TestMethod codeBase="D:\actions-runner\_work\XPCO\XPCO\AllSolutions\..\Share\ShareService\prod\VideoOS.ShareService.UnitTests\bin\Debug\net6.0\VideoOS.ShareService.UnitTests.dll" adapterTypeName="executor://mstestadapter/v2" className="VideoOS.ShareService.UnitTests.Pages.IndexTests" name="Index_Get_InvalidPayload" />
    </UnitTest>
    <UnitTest name="SharedLinkController_GetAction_InvalidPayload_Missing" storage="d:\actions-runner\_work\xpco\xpco\allsolutions\..\share\shareservice\prod\videoos.shareservice.unittests\bin\debug\net6.0\videoos.shareservice.unittests.dll" id="39764f0e-a594-56cc-498c-6c4b1b31c08e">
      <Execution id="9edf234b-6b95-4d4a-922a-c0b6a03729bd" />
      <TestMethod codeBase="D:\actions-runner\_work\XPCO\XPCO\AllSolutions\..\Share\ShareService\prod\VideoOS.ShareService.UnitTests\bin\Debug\net6.0\VideoOS.ShareService.UnitTests.dll" adapterTypeName="executor://mstestadapter/v2" className="VideoOS.ShareService.UnitTests.Controllers.SharedLinksControllerTests" name="SharedLinkController_GetAction_InvalidPayload_Missing" />
    </UnitTest>
    <UnitTest name="RegexPatternsTests_Base64Url_Correct (1Te2st3)" storage="d:\actions-runner\_work\xpco\xpco\allsolutions\..\share\shareservice\prod\videoos.shareservice.unittests\bin\debug\net6.0\videoos.shareservice.unittests.dll" id="531b3a3d-ee2b-99da-1bdf-e0b8d343b2fa">
      <Execution id="6e71bb7c-a0fd-4512-8ac5-0989ef53439a" />
      <TestMethod codeBase="D:\actions-runner\_work\XPCO\XPCO\AllSolutions\..\Share\ShareService\prod\VideoOS.ShareService.UnitTests\bin\Debug\net6.0\VideoOS.ShareService.UnitTests.dll" adapterTypeName="executor://mstestadapter/v2" className="VideoOS.ShareService.UnitTests.Utils.RegexPatternsTests" name="RegexPatternsTests_Base64Url_Correct" />
    </UnitTest>
    <UnitTest name="RegexPatternsTests_Base64Url_NotCorrect (&lt;TEST!@)" storage="d:\actions-runner\_work\xpco\xpco\allsolutions\..\share\shareservice\prod\videoos.shareservice.unittests\bin\debug\net6.0\videoos.shareservice.unittests.dll" id="395700e3-f7f9-518d-2035-8ade2c8040ba">
      <Execution id="091b8dd4-74c8-4c6c-937e-6ab907b1c0b3" />
      <TestMethod codeBase="D:\actions-runner\_work\XPCO\XPCO\AllSolutions\..\Share\ShareService\prod\VideoOS.ShareService.UnitTests\bin\Debug\net6.0\VideoOS.ShareService.UnitTests.dll" adapterTypeName="executor://mstestadapter/v2" className="VideoOS.ShareService.UnitTests.Utils.RegexPatternsTests" name="RegexPatternsTests_Base64Url_NotCorrect" />
    </UnitTest>
    <UnitTest name="PublicAddressService_Get_GenerateFromHostWithPrefixConfigNoSharedServiceConfiguration" storage="d:\actions-runner\_work\xpco\xpco\allsolutions\..\share\shareservice\prod\videoos.shareservice.unittests\bin\debug\net6.0\videoos.shareservice.unittests.dll" id="5e3b5a9b-9ff1-1eed-e7bf-53126cab947e">
      <Execution id="1b84830e-6cc3-4b5c-ab29-2e2744fea8c8" />
      <TestMethod codeBase="D:\actions-runner\_work\XPCO\XPCO\AllSolutions\..\Share\ShareService\prod\VideoOS.ShareService.UnitTests\bin\Debug\net6.0\VideoOS.ShareService.UnitTests.dll" adapterTypeName="executor://mstestadapter/v2" className="VideoOS.ShareService.UnitTests.PublicAddressServiceTests" name="PublicAddressService_Get_GenerateFromHostWithPrefixConfigNoSharedServiceConfiguration" />
    </UnitTest>
    <UnitTest name="RegexPatternsTests_Base64Url_NotCorrect (t^&amp;est)" storage="d:\actions-runner\_work\xpco\xpco\allsolutions\..\share\shareservice\prod\videoos.shareservice.unittests\bin\debug\net6.0\videoos.shareservice.unittests.dll" id="a9cea70a-0963-481a-9be9-c73358659af3">
      <Execution id="d871db85-7b95-4746-80f4-b17665d6401f" />
      <TestMethod codeBase="D:\actions-runner\_work\XPCO\XPCO\AllSolutions\..\Share\ShareService\prod\VideoOS.ShareService.UnitTests\bin\Debug\net6.0\VideoOS.ShareService.UnitTests.dll" adapterTypeName="executor://mstestadapter/v2" className="VideoOS.ShareService.UnitTests.Utils.RegexPatternsTests" name="RegexPatternsTests_Base64Url_NotCorrect" />
    </UnitTest>
    <UnitTest name="SharedLinkController_GetAction_ValidPublicAddress" storage="d:\actions-runner\_work\xpco\xpco\allsolutions\..\share\shareservice\prod\videoos.shareservice.unittests\bin\debug\net6.0\videoos.shareservice.unittests.dll" id="ae85018a-291e-b604-b0b6-28a8ae2adeba">
      <Execution id="46622484-8872-4a9d-a3a0-f8bc5a82d7b7" />
      <TestMethod codeBase="D:\actions-runner\_work\XPCO\XPCO\AllSolutions\..\Share\ShareService\prod\VideoOS.ShareService.UnitTests\bin\Debug\net6.0\VideoOS.ShareService.UnitTests.dll" adapterTypeName="executor://mstestadapter/v2" className="VideoOS.ShareService.UnitTests.Controllers.SharedLinksControllerTests" name="SharedLinkController_GetAction_ValidPublicAddress" />
    </UnitTest>
    <UnitTest name="PublicAddressService_Get_GenerateFromHostWithPrefix" storage="d:\actions-runner\_work\xpco\xpco\allsolutions\..\share\shareservice\prod\videoos.shareservice.unittests\bin\debug\net6.0\videoos.shareservice.unittests.dll" id="78ae1ac9-fde4-a756-e1e2-06f8bb1d7ad3">
      <Execution id="55ee8464-c63e-43c4-bf2c-4dcc880ac8d6" />
      <TestMethod codeBase="D:\actions-runner\_work\XPCO\XPCO\AllSolutions\..\Share\ShareService\prod\VideoOS.ShareService.UnitTests\bin\Debug\net6.0\VideoOS.ShareService.UnitTests.dll" adapterTypeName="executor://mstestadapter/v2" className="VideoOS.ShareService.UnitTests.PublicAddressServiceTests" name="PublicAddressService_Get_GenerateFromHostWithPrefix" />
    </UnitTest>
  </TestDefinitions>
  <TestEntries>
    <TestEntry testId="07d84f17-fa15-22c6-8acb-8335a2e3925a" executionId="3eb46387-645c-4886-80dd-5624798a8b6a" testListId="8c84fa94-04c1-424b-9868-57a2d4851a1d" />
    <TestEntry testId="0ce1481e-1059-99f4-3bf3-87cce6a94441" executionId="4e41eea6-e720-4571-a66d-a50a106c7fa4" testListId="8c84fa94-04c1-424b-9868-57a2d4851a1d" />
    <TestEntry testId="b15075ce-a589-43cb-c35c-8e76dfd5237a" executionId="9d7ea3bd-f5ec-4dd6-95ca-97c9e7435c70" testListId="8c84fa94-04c1-424b-9868-57a2d4851a1d" />
    <TestEntry testId="a9cea70a-0963-481a-9be9-c73358659af3" executionId="d871db85-7b95-4746-80f4-b17665d6401f" testListId="8c84fa94-04c1-424b-9868-57a2d4851a1d" />
    <TestEntry testId="bbc09792-c410-1793-7289-9c82ea2ed0c7" executionId="2e3865e4-948d-46e0-81f0-1974f02f9b88" testListId="8c84fa94-04c1-424b-9868-57a2d4851a1d" />
    <TestEntry testId="779ff751-66c7-9a4a-a84f-b25400b009ee" executionId="b9be8450-60c1-4b9d-925b-b529169a6cbe" testListId="8c84fa94-04c1-424b-9868-57a2d4851a1d" />
    <TestEntry testId="39764f0e-a594-56cc-498c-6c4b1b31c08e" executionId="9edf234b-6b95-4d4a-922a-c0b6a03729bd" testListId="8c84fa94-04c1-424b-9868-57a2d4851a1d" />
    <TestEntry testId="aa69bb07-7a0a-27df-493b-4da84cefccd7" executionId="ba524957-9fb8-4382-84d6-25eb1a4e1244" testListId="8c84fa94-04c1-424b-9868-57a2d4851a1d" />
    <TestEntry testId="3224067a-b2e4-a630-b400-5a0356e284e2" executionId="6f17729f-fd21-4b7f-a02d-d7678d3e4c68" testListId="8c84fa94-04c1-424b-9868-57a2d4851a1d" />
    <TestEntry testId="bfe111ab-a7c1-eac4-9f26-304804c5d90c" executionId="d6ab3029-5853-42fe-aa69-7d06b4efde63" testListId="8c84fa94-04c1-424b-9868-57a2d4851a1d" />
    <TestEntry testId="1b8fb8db-a019-f59f-66a6-8a0c48010e81" executionId="bef8bf52-0e71-4338-b274-7b2172263730" testListId="8c84fa94-04c1-424b-9868-57a2d4851a1d" />
    <TestEntry testId="9eb1cfd3-67ee-3fcc-7c2c-f02a7ce38af9" executionId="f474ab23-3cf6-4311-bdfc-1f4b1c1d622d" testListId="8c84fa94-04c1-424b-9868-57a2d4851a1d" />
    <TestEntry testId="ae85018a-291e-b604-b0b6-28a8ae2adeba" executionId="46622484-8872-4a9d-a3a0-f8bc5a82d7b7" testListId="8c84fa94-04c1-424b-9868-57a2d4851a1d" />
    <TestEntry testId="5e3b5a9b-9ff1-1eed-e7bf-53126cab947e" executionId="1b84830e-6cc3-4b5c-ab29-2e2744fea8c8" testListId="8c84fa94-04c1-424b-9868-57a2d4851a1d" />
    <TestEntry testId="486b50d6-444d-496c-1e23-0a7016e86d61" executionId="761aac15-d420-4e22-9c02-b51ed05ef2cf" testListId="8c84fa94-04c1-424b-9868-57a2d4851a1d" />
    <TestEntry testId="b971dbb4-a09e-17ec-a5fb-64680bdef4c8" executionId="7ef16fcb-d58d-4aa3-b54f-7384d336f482" testListId="8c84fa94-04c1-424b-9868-57a2d4851a1d" />
    <TestEntry testId="78ae1ac9-fde4-a756-e1e2-06f8bb1d7ad3" executionId="55ee8464-c63e-43c4-bf2c-4dcc880ac8d6" testListId="8c84fa94-04c1-424b-9868-57a2d4851a1d" />
    <TestEntry testId="f0f5fb1d-fa7f-246a-c229-82e43889426f" executionId="0f9faaf8-84ed-4710-b899-570bcdb9fde9" testListId="8c84fa94-04c1-424b-9868-57a2d4851a1d" />
    <TestEntry testId="531b3a3d-ee2b-99da-1bdf-e0b8d343b2fa" executionId="6e71bb7c-a0fd-4512-8ac5-0989ef53439a" testListId="8c84fa94-04c1-424b-9868-57a2d4851a1d" />
    <TestEntry testId="395700e3-f7f9-518d-2035-8ade2c8040ba" executionId="091b8dd4-74c8-4c6c-937e-6ab907b1c0b3" testListId="8c84fa94-04c1-424b-9868-57a2d4851a1d" />
    <TestEntry testId="5ce8f75e-7642-ef60-cefd-b36f348916fe" executionId="8adceb86-9fdf-42cf-9385-23a9af5c8457" testListId="8c84fa94-04c1-424b-9868-57a2d4851a1d" />
    <TestEntry testId="a25e3dbe-dd1a-3a24-e821-b63e3776e413" executionId="0b64fb84-a428-42b3-9db2-09d2584447cb" testListId="8c84fa94-04c1-424b-9868-57a2d4851a1d" />
  </TestEntries>
  <TestLists>
    <TestList name="Results Not in a List" id="8c84fa94-04c1-424b-9868-57a2d4851a1d" />
    <TestList name="All Loaded Results" id="19431567-8539-422a-85d7-44ee4e166bda" />
  </TestLists>
  <ResultSummary outcome="Completed">
    <Counters total="22" executed="22" passed="22" failed="0" error="0" timeout="0" aborted="0" inconclusive="0" passedButRunAborted="0" notRunnable="0" notExecuted="0" disconnected="0" warning="0" completed="0" inProgress="0" pending="0" />
  </ResultSummary>
</TestRun>