<?xml version="1.0" encoding="utf-8"?>
<TestRun id="af0c8671-0318-409a-9736-87276e596465" name="DKSR-EFI-06$@DKSR-EFI-06 2024-01-09 15:41:19" runUser="NT AUTHORITY\NETWORK SERVICE" xmlns="http://microsoft.com/schemas/VisualStudio/TeamTest/2010">
  <Times creation="2024-01-09T15:41:19.9350430+01:00" queuing="2024-01-09T15:41:19.9350430+01:00" start="2024-01-09T15:41:17.8256677+01:00" finish="2024-01-09T15:41:20.8881660+01:00" />
  <TestSettings name="default" id="2b79346c-57e4-493e-b8fd-c71400ae043c">
    <Deployment runDeploymentRoot="DKSR-EFI-06$_DKSR-EFI-06_2024-01-09_15_41_19" />
  </TestSettings>
  <Results>
    <UnitTestResult executionId="3431555a-24d5-4766-beee-3d970f88facf" testId="2c6d17cd-ae7f-595b-d5bb-43e03706f304" testName="GetAppConfigValueOrDefault_Integer_KnownKeyWithMinAndMaxValues_ReturnsOnlyAllowedValues" computerName="DKSR-EFI-06" duration="00:00:00.0010544" startTime="2024-01-09T15:41:19.8801891+01:00" endTime="2024-01-09T15:41:19.8813440+01:00" testType="13cdc9d9-ddb5-4fa4-a97d-d965ccfc6d4b" outcome="Passed" testListId="8c84fa94-04c1-424b-9868-57a2d4851a1d" relativeResultsDirectory="3431555a-24d5-4766-beee-3d970f88facf" />
    <UnitTestResult executionId="d843603e-8d88-4a92-8816-e5acd03e06c6" testId="34de4435-b1db-9488-14f7-387e4f25f332" testName="GetAppConfigValueOrDefault_Double_KnownKeyAccessedMultipleTimes_ReturnsUpdatedValueWhenCacheIsCleared" computerName="DKSR-EFI-06" duration="00:00:00.0010895" startTime="2024-01-09T15:41:19.8981200+01:00" endTime="2024-01-09T15:41:19.8993469+01:00" testType="13cdc9d9-ddb5-4fa4-a97d-d965ccfc6d4b" outcome="Passed" testListId="8c84fa94-04c1-424b-9868-57a2d4851a1d" relativeResultsDirectory="d843603e-8d88-4a92-8816-e5acd03e06c6" />
    <UnitTestResult executionId="36906a96-9f96-4489-9235-ff2e6776d3e4" testId="30130d67-3675-8209-cea3-bbf76aecdad5" testName="GetAppConfigValueOrDefault_Boolean_KnownKeyAccessedMultipleTimes_ReturnsUpdatedValueWhenCacheIsCleared" computerName="DKSR-EFI-06" duration="00:00:00.0010425" startTime="2024-01-09T15:41:19.8680434+01:00" endTime="2024-01-09T15:41:19.8692010+01:00" testType="13cdc9d9-ddb5-4fa4-a97d-d965ccfc6d4b" outcome="Passed" testListId="8c84fa94-04c1-424b-9868-57a2d4851a1d" relativeResultsDirectory="36906a96-9f96-4489-9235-ff2e6776d3e4" />
    <UnitTestResult executionId="9e495852-53d1-49fc-b462-3e62e919391d" testId="e6326402-bfd9-d812-fb57-4e4baf540e37" testName="GetAppConfigValueOrDefault_String_KnownKeyAccessedMultipleTimes_ReturnsCachedValue" computerName="DKSR-EFI-06" duration="00:00:00.0012668" startTime="2024-01-09T15:41:19.7945706+01:00" endTime="2024-01-09T15:41:19.7959741+01:00" testType="13cdc9d9-ddb5-4fa4-a97d-d965ccfc6d4b" outcome="Passed" testListId="8c84fa94-04c1-424b-9868-57a2d4851a1d" relativeResultsDirectory="9e495852-53d1-49fc-b462-3e62e919391d" />
    <UnitTestResult executionId="c4bea1aa-8740-4ad5-8e30-aea659291853" testId="3c6202cd-07f4-5084-a843-029ab69001f2" testName="GetAppConfigValueOrDefault_TimeSpan_KnownKeyWithMinValue_ReturnsOnlyAllowedValues" computerName="DKSR-EFI-06" duration="00:00:00.0017831" startTime="2024-01-09T15:41:19.9238473+01:00" endTime="2024-01-09T15:41:19.9257384+01:00" testType="13cdc9d9-ddb5-4fa4-a97d-d965ccfc6d4b" outcome="Passed" testListId="8c84fa94-04c1-424b-9868-57a2d4851a1d" relativeResultsDirectory="c4bea1aa-8740-4ad5-8e30-aea659291853" />
    <UnitTestResult executionId="c2a8e939-79b1-40e5-82c3-db5c30a01d26" testId="ecbffb9d-d6c8-713a-829f-718f52e882c8" testName="GetAppConfigValueOrDefault_Boolean_UnknownKey_ReturnsDefaultValue" computerName="DKSR-EFI-06" duration="00:00:00.0046625" startTime="2024-01-09T15:41:19.8016572+01:00" endTime="2024-01-09T15:41:19.8064478+01:00" testType="13cdc9d9-ddb5-4fa4-a97d-d965ccfc6d4b" outcome="Passed" testListId="8c84fa94-04c1-424b-9868-57a2d4851a1d" relativeResultsDirectory="c2a8e939-79b1-40e5-82c3-db5c30a01d26" />
    <UnitTestResult executionId="d6f119a0-63fa-4473-93ce-6b73f3f13a2a" testId="b0441781-c253-e359-951d-574b5fa10696" testName="GetAppConfigValueOrDefault_Boolean_KnownKeyWithAllValidValues_ReturnsCorrectValues" computerName="DKSR-EFI-06" duration="00:00:00.0018288" startTime="2024-01-09T15:41:19.8647560+01:00" endTime="2024-01-09T15:41:19.8667110+01:00" testType="13cdc9d9-ddb5-4fa4-a97d-d965ccfc6d4b" outcome="Passed" testListId="8c84fa94-04c1-424b-9868-57a2d4851a1d" relativeResultsDirectory="d6f119a0-63fa-4473-93ce-6b73f3f13a2a" />
    <UnitTestResult executionId="16c90f3e-0817-4a94-9671-b9367c33cf98" testId="10da6535-9079-2bfc-3d51-558a5307bc16" testName="GetAppConfigValueOrDefault_TimeSpan_KnownKeyWithAllowedValues_ReturnsOnlyAllowedValues" computerName="DKSR-EFI-06" duration="00:00:00.0061357" startTime="2024-01-09T15:41:19.9273728+01:00" endTime="2024-01-09T15:41:19.9336389+01:00" testType="13cdc9d9-ddb5-4fa4-a97d-d965ccfc6d4b" outcome="Passed" testListId="8c84fa94-04c1-424b-9868-57a2d4851a1d" relativeResultsDirectory="16c90f3e-0817-4a94-9671-b9367c33cf98" />
    <UnitTestResult executionId="b20eb205-6076-466b-900c-e03d17f8e118" testId="c1e495bf-69bb-2e80-a4ef-cd9a4f93c416" testName="GetAppConfigValueOrDefault_Enum_KnownKeyAccessedMultipleTimes_ReturnsCachedValue" computerName="DKSR-EFI-06" duration="00:00:00.0009307" startTime="2024-01-09T15:41:19.9405694+01:00" endTime="2024-01-09T15:41:19.9416023+01:00" testType="13cdc9d9-ddb5-4fa4-a97d-d965ccfc6d4b" outcome="Passed" testListId="8c84fa94-04c1-424b-9868-57a2d4851a1d" relativeResultsDirectory="b20eb205-6076-466b-900c-e03d17f8e118" />
    <UnitTestResult executionId="40f44c04-53ad-4d49-bab1-aa928b45ee6a" testId="601e8247-d9d7-da64-5c04-fa9cc29937f7" testName="GetAppConfigValueOrDefault_String_KnownKey_ReturnsCorrectValue" computerName="DKSR-EFI-06" duration="00:00:00.0017889" startTime="2024-01-09T15:41:19.7925866+01:00" endTime="2024-01-09T15:41:19.7945138+01:00" testType="13cdc9d9-ddb5-4fa4-a97d-d965ccfc6d4b" outcome="Passed" testListId="8c84fa94-04c1-424b-9868-57a2d4851a1d" relativeResultsDirectory="40f44c04-53ad-4d49-bab1-aa928b45ee6a" />
    <UnitTestResult executionId="d5d908c9-94f4-4a0d-8bef-dc9662ad1947" testId="afc949a2-5ce4-35fb-7dba-159335162b83" testName="GetAppConfigValueOrDefault_Integer_KnownKey_ReturnsCorrectValue" computerName="DKSR-EFI-06" duration="00:00:00.0007734" startTime="2024-01-09T15:41:19.8735299+01:00" endTime="2024-01-09T15:41:19.8744072+01:00" testType="13cdc9d9-ddb5-4fa4-a97d-d965ccfc6d4b" outcome="Passed" testListId="8c84fa94-04c1-424b-9868-57a2d4851a1d" relativeResultsDirectory="d5d908c9-94f4-4a0d-8bef-dc9662ad1947" />
    <UnitTestResult executionId="bc5037b4-1408-4c65-b3ae-122530761ff4" testId="78249c29-d3d5-cbcc-3c80-97099010a0ae" testName="GetAppConfigValueOrDefault_Integer_NullKey_ThrowsArgumentNullException" computerName="DKSR-EFI-06" duration="00:00:00.0010428" startTime="2024-01-09T15:41:19.8692391+01:00" endTime="2024-01-09T15:41:19.8704354+01:00" testType="13cdc9d9-ddb5-4fa4-a97d-d965ccfc6d4b" outcome="Passed" testListId="8c84fa94-04c1-424b-9868-57a2d4851a1d" relativeResultsDirectory="bc5037b4-1408-4c65-b3ae-122530761ff4" />
    <UnitTestResult executionId="405b3c33-62a0-4b9f-96a4-7bd03c938326" testId="0d0b1de0-0a59-96ca-7d2d-bca519274740" testName="GetAppConfigValueOrDefault_Boolean_KnownKeyAccessedMultipleTimes_ReturnsCachedValue" computerName="DKSR-EFI-06" duration="00:00:00.0011034" startTime="2024-01-09T15:41:19.8667733+01:00" endTime="2024-01-09T15:41:19.8679924+01:00" testType="13cdc9d9-ddb5-4fa4-a97d-d965ccfc6d4b" outcome="Passed" testListId="8c84fa94-04c1-424b-9868-57a2d4851a1d" relativeResultsDirectory="405b3c33-62a0-4b9f-96a4-7bd03c938326" />
    <UnitTestResult executionId="2d78bb99-7e18-4380-9764-ebe5722f467c" testId="b7d1f5af-c647-b8ee-21be-1a915ae3f9ab" testName="GetAppConfigValueOrDefault_Integer_UnknownKey_ReturnsDefaultValue" computerName="DKSR-EFI-06" duration="00:00:00.0018986" startTime="2024-01-09T15:41:19.8704801+01:00" endTime="2024-01-09T15:41:19.8724796+01:00" testType="13cdc9d9-ddb5-4fa4-a97d-d965ccfc6d4b" outcome="Passed" testListId="8c84fa94-04c1-424b-9868-57a2d4851a1d" relativeResultsDirectory="2d78bb99-7e18-4380-9764-ebe5722f467c" />
    <UnitTestResult executionId="944036b6-45fc-4baa-9ac3-03f946dee76e" testId="6a54e572-0ea3-23f1-4d91-cd55ad0f94c2" testName="GetAppConfigValueOrDefault_Double_KnownKeyWithAllowedValues_ReturnsOnlyAllowedValues" computerName="DKSR-EFI-06" duration="00:00:00.0058836" startTime="2024-01-09T15:41:19.9021552+01:00" endTime="2024-01-09T15:41:19.9081634+01:00" testType="13cdc9d9-ddb5-4fa4-a97d-d965ccfc6d4b" outcome="Passed" testListId="8c84fa94-04c1-424b-9868-57a2d4851a1d" relativeResultsDirectory="944036b6-45fc-4baa-9ac3-03f946dee76e" />
    <UnitTestResult executionId="b16b0e32-3f28-4858-a92e-382d1dd9f590" testId="a9b64fd4-9f83-3f94-da29-933fa92245d3" testName="GetAppConfigValueOrDefault_Double_UnknownKey_ReturnsDefaultValue" computerName="DKSR-EFI-06" duration="00:00:00.0054021" startTime="2024-01-09T15:41:19.8866000+01:00" endTime="2024-01-09T15:41:19.8921227+01:00" testType="13cdc9d9-ddb5-4fa4-a97d-d965ccfc6d4b" outcome="Passed" testListId="8c84fa94-04c1-424b-9868-57a2d4851a1d" relativeResultsDirectory="b16b0e32-3f28-4858-a92e-382d1dd9f590" />
    <UnitTestResult executionId="023bc8af-e133-42a7-9509-2d926b27b08f" testId="d6f121b9-62dd-3b17-cd01-1822add3d9d8" testName="GetAppConfigValueOrDefault_String_NullKey_ThrowsArgumentNullException" computerName="DKSR-EFI-06" duration="00:00:00.0757227" startTime="2024-01-09T15:41:19.6521045+01:00" endTime="2024-01-09T15:41:19.7800229+01:00" testType="13cdc9d9-ddb5-4fa4-a97d-d965ccfc6d4b" outcome="Passed" testListId="8c84fa94-04c1-424b-9868-57a2d4851a1d" relativeResultsDirectory="023bc8af-e133-42a7-9509-2d926b27b08f" />
    <UnitTestResult executionId="57f40c61-e8e6-4b3a-b4ce-58bfabaa4c32" testId="a4fa4d09-ed98-c781-c7fa-246e8bf5b32b" testName="GetAppConfigValueOrDefault_String_UnknownKey_ReturnsDefaultValue" computerName="DKSR-EFI-06" duration="00:00:00.0023541" startTime="2024-01-09T15:41:19.7899079+01:00" endTime="2024-01-09T15:41:19.7924856+01:00" testType="13cdc9d9-ddb5-4fa4-a97d-d965ccfc6d4b" outcome="Passed" testListId="8c84fa94-04c1-424b-9868-57a2d4851a1d" relativeResultsDirectory="57f40c61-e8e6-4b3a-b4ce-58bfabaa4c32" />
    <UnitTestResult executionId="3ae50ea2-cecf-42d3-8c15-e886a7399270" testId="210800d1-ccf8-61aa-bc61-27c7d56b1d8b" testName="GetAppConfigValueOrDefault_Integer_KnownKeyWithInvalidValues_ReturnsDefaultValues" computerName="DKSR-EFI-06" duration="00:00:00.0008696" startTime="2024-01-09T15:41:19.8725241+01:00" endTime="2024-01-09T15:41:19.8734941+01:00" testType="13cdc9d9-ddb5-4fa4-a97d-d965ccfc6d4b" outcome="Passed" testListId="8c84fa94-04c1-424b-9868-57a2d4851a1d" relativeResultsDirectory="3ae50ea2-cecf-42d3-8c15-e886a7399270" />
    <UnitTestResult executionId="3498941c-af53-4b7d-9e5c-ea668eb4e4e5" testId="55d38079-c647-aa67-edc3-81a0a20f56e3" testName="GetAppConfigValueOrDefault_TimeSpan_KnownKeyWithInvalidValues_ReturnsDefaultValues" computerName="DKSR-EFI-06" duration="00:00:00.0024325" startTime="2024-01-09T15:41:19.9159861+01:00" endTime="2024-01-09T15:41:19.9185756+01:00" testType="13cdc9d9-ddb5-4fa4-a97d-d965ccfc6d4b" outcome="Passed" testListId="8c84fa94-04c1-424b-9868-57a2d4851a1d" relativeResultsDirectory="3498941c-af53-4b7d-9e5c-ea668eb4e4e5" />
    <UnitTestResult executionId="5359e8e3-1a63-4ce6-8dca-60e83173be9a" testId="2ed15d1d-cf99-835a-9f67-0e00f8645c2c" testName="GetAppConfigValueOrDefault_Double_KnownKey_ReturnsCorrectValue" computerName="DKSR-EFI-06" duration="00:00:00.0011345" startTime="2024-01-09T15:41:19.8946304+01:00" endTime="2024-01-09T15:41:19.8958900+01:00" testType="13cdc9d9-ddb5-4fa4-a97d-d965ccfc6d4b" outcome="Passed" testListId="8c84fa94-04c1-424b-9868-57a2d4851a1d" relativeResultsDirectory="5359e8e3-1a63-4ce6-8dca-60e83173be9a" />
    <UnitTestResult executionId="3aa21d81-5890-470f-b345-8210dcac1ad3" testId="a062667e-6aef-720a-f8be-8a70eb73be75" testName="GetAppConfigValueOrDefault_Double_NullKey_ThrowsArgumentNullException" computerName="DKSR-EFI-06" duration="00:00:00.0022267" startTime="2024-01-09T15:41:19.8841813+01:00" endTime="2024-01-09T15:41:19.8865570+01:00" testType="13cdc9d9-ddb5-4fa4-a97d-d965ccfc6d4b" outcome="Passed" testListId="8c84fa94-04c1-424b-9868-57a2d4851a1d" relativeResultsDirectory="3aa21d81-5890-470f-b345-8210dcac1ad3" />
    <UnitTestResult executionId="a5de7305-5911-4623-a7bb-404b0852252e" testId="66313b81-95d3-89a0-d5c6-0970e07e1abc" testName="GetAppConfigValueOrDefault_Enum_NullKey_ThrowsArgumentNullException" computerName="DKSR-EFI-06" duration="00:00:00.0008868" startTime="2024-01-09T15:41:19.9337201+01:00" endTime="2024-01-09T15:41:19.9348029+01:00" testType="13cdc9d9-ddb5-4fa4-a97d-d965ccfc6d4b" outcome="Passed" testListId="8c84fa94-04c1-424b-9868-57a2d4851a1d" relativeResultsDirectory="a5de7305-5911-4623-a7bb-404b0852252e" />
    <UnitTestResult executionId="2806d6b8-df2e-4869-9361-f774fbbecd30" testId="047fbfb2-fc60-7d34-2bc2-d0c8bfbe7980" testName="GetAppConfigValueOrDefault_Boolean_KnownKey_ReturnsCorrectValue" computerName="DKSR-EFI-06" duration="00:00:00.0008587" startTime="2024-01-09T15:41:19.8636473+01:00" endTime="2024-01-09T15:41:19.8646840+01:00" testType="13cdc9d9-ddb5-4fa4-a97d-d965ccfc6d4b" outcome="Passed" testListId="8c84fa94-04c1-424b-9868-57a2d4851a1d" relativeResultsDirectory="2806d6b8-df2e-4869-9361-f774fbbecd30" />
    <UnitTestResult executionId="74726bc8-3396-40fb-805b-503ac5382930" testId="e12fb247-7933-16cf-f508-fe360e927685" testName="GetAppConfigValueOrDefault_Integer_KnownKeyAccessedMultipleTimes_ReturnsCachedValue" computerName="DKSR-EFI-06" duration="00:00:00.0010031" startTime="2024-01-09T15:41:19.8744423+01:00" endTime="2024-01-09T15:41:19.8755399+01:00" testType="13cdc9d9-ddb5-4fa4-a97d-d965ccfc6d4b" outcome="Passed" testListId="8c84fa94-04c1-424b-9868-57a2d4851a1d" relativeResultsDirectory="74726bc8-3396-40fb-805b-503ac5382930" />
    <UnitTestResult executionId="117007e7-92ce-4591-b434-7d9ac734f2ac" testId="843ad744-d903-f73e-9361-d71146fe9024" testName="GetAppConfigValueOrDefault_Integer_KnownKeyWithMinValue_ReturnsOnlyAllowedValues" computerName="DKSR-EFI-06" duration="00:00:00.0012298" startTime="2024-01-09T15:41:19.8788100+01:00" endTime="2024-01-09T15:41:19.8801418+01:00" testType="13cdc9d9-ddb5-4fa4-a97d-d965ccfc6d4b" outcome="Passed" testListId="8c84fa94-04c1-424b-9868-57a2d4851a1d" relativeResultsDirectory="117007e7-92ce-4591-b434-7d9ac734f2ac" />
    <UnitTestResult executionId="748ca929-f645-46c0-9bb7-b6980a8dd2f7" testId="9c03fbf1-c97a-e002-8455-5d6901c1b5f3" testName="GetAppConfigValueOrDefault_Enum_KnownKeyAccessedMultipleTimes_ReturnsUpdatedValueWhenCacheIsCleared" computerName="DKSR-EFI-06" duration="00:00:00.0009908" startTime="2024-01-09T15:41:19.9425918+01:00" endTime="2024-01-09T15:41:19.9449240+01:00" testType="13cdc9d9-ddb5-4fa4-a97d-d965ccfc6d4b" outcome="Passed" testListId="8c84fa94-04c1-424b-9868-57a2d4851a1d" relativeResultsDirectory="748ca929-f645-46c0-9bb7-b6980a8dd2f7" />
    <UnitTestResult executionId="12400a95-ea03-4bee-bc25-d720f58953bf" testId="091a1fc3-88ba-3958-1b4e-60556be24e3b" testName="GetAppConfigValueOrDefault_Enum_KnownKey_ReturnsCorrectValue" computerName="DKSR-EFI-06" duration="00:00:00.0007639" startTime="2024-01-09T15:41:19.9396347+01:00" endTime="2024-01-09T15:41:19.9405264+01:00" testType="13cdc9d9-ddb5-4fa4-a97d-d965ccfc6d4b" outcome="Passed" testListId="8c84fa94-04c1-424b-9868-57a2d4851a1d" relativeResultsDirectory="12400a95-ea03-4bee-bc25-d720f58953bf" />
    <UnitTestResult executionId="def5480a-78f1-4e6a-afe3-0676bb815572" testId="4b7d67fc-30b8-7ae5-b6f7-f88bada77b1c" testName="GetAppConfigValueOrDefault_Boolean_KnownKeyWithInvalidValues_ReturnsDefaultValues" computerName="DKSR-EFI-06" duration="00:00:00.0022093" startTime="2024-01-09T15:41:19.8065024+01:00" endTime="2024-01-09T15:41:19.8088414+01:00" testType="13cdc9d9-ddb5-4fa4-a97d-d965ccfc6d4b" outcome="Passed" testListId="8c84fa94-04c1-424b-9868-57a2d4851a1d" relativeResultsDirectory="def5480a-78f1-4e6a-afe3-0676bb815572" />
    <UnitTestResult executionId="91a17da1-aca2-4a11-936f-4a50a79b347f" testId="42a97528-fca3-7fad-95d3-4bc95198b880" testName="GetAppConfigValueOrDefault_Integer_KnownKeyAccessedMultipleTimes_ReturnsUpdatedValueWhenCacheIsCleared" computerName="DKSR-EFI-06" duration="00:00:00.0010278" startTime="2024-01-09T15:41:19.8776253+01:00" endTime="2024-01-09T15:41:19.8787630+01:00" testType="13cdc9d9-ddb5-4fa4-a97d-d965ccfc6d4b" outcome="Passed" testListId="8c84fa94-04c1-424b-9868-57a2d4851a1d" relativeResultsDirectory="91a17da1-aca2-4a11-936f-4a50a79b347f" />
    <UnitTestResult executionId="dfe8284e-e24a-49ae-8784-96410cd1a185" testId="282a16a4-4222-a608-c460-32e87fe689b1" testName="GetAppConfigValueOrDefault_Double_KnownKeyWithMinValue_ReturnsOnlyAllowedValues" computerName="DKSR-EFI-06" duration="00:00:00.0013728" startTime="2024-01-09T15:41:19.8993854+01:00" endTime="2024-01-09T15:41:19.9008588+01:00" testType="13cdc9d9-ddb5-4fa4-a97d-d965ccfc6d4b" outcome="Passed" testListId="8c84fa94-04c1-424b-9868-57a2d4851a1d" relativeResultsDirectory="dfe8284e-e24a-49ae-8784-96410cd1a185" />
    <UnitTestResult executionId="66db6e1e-f292-445d-b76f-e0e31023ec9a" testId="363a8458-7d3f-212d-8e54-cac7ad188194" testName="GetAppConfigValueOrDefault_TimeSpan_KnownKeyAccessedMultipleTimes_ReturnsUpdatedValueWhenCacheIsCleared" computerName="DKSR-EFI-06" duration="00:00:00.0011867" startTime="2024-01-09T15:41:19.9224738+01:00" endTime="2024-01-09T15:41:19.9238050+01:00" testType="13cdc9d9-ddb5-4fa4-a97d-d965ccfc6d4b" outcome="Passed" testListId="8c84fa94-04c1-424b-9868-57a2d4851a1d" relativeResultsDirectory="66db6e1e-f292-445d-b76f-e0e31023ec9a" />
    <UnitTestResult executionId="80c645bc-1a07-45b9-bf83-1c3826aff8ee" testId="61b8dd52-f93a-8ff9-4689-849ae6f51466" testName="GetAppConfigValueOrDefault_Enum_UnknownKey_ReturnsDefaultValue" computerName="DKSR-EFI-06" duration="00:00:00.0028054" startTime="2024-01-09T15:41:19.9348609+01:00" endTime="2024-01-09T15:41:19.9378060+01:00" testType="13cdc9d9-ddb5-4fa4-a97d-d965ccfc6d4b" outcome="Passed" testListId="8c84fa94-04c1-424b-9868-57a2d4851a1d" relativeResultsDirectory="80c645bc-1a07-45b9-bf83-1c3826aff8ee" />
    <UnitTestResult executionId="6138b513-39de-442c-855c-e20c90227bf0" testId="f22bbb2b-4d49-937f-3db8-6742e2421430" testName="GetAppConfigValueOrDefault_TimeSpan_KnownKey_ReturnsCorrectValue" computerName="DKSR-EFI-06" duration="00:00:00.0013598" startTime="2024-01-09T15:41:19.9186477+01:00" endTime="2024-01-09T15:41:19.9201520+01:00" testType="13cdc9d9-ddb5-4fa4-a97d-d965ccfc6d4b" outcome="Passed" testListId="8c84fa94-04c1-424b-9868-57a2d4851a1d" relativeResultsDirectory="6138b513-39de-442c-855c-e20c90227bf0" />
    <UnitTestResult executionId="69ea1c29-111d-4400-b038-23379be56da3" testId="ab4ac729-52d3-ac00-c10c-492f64a8f9ff" testName="GetAppConfigValueOrDefault_Double_KnownKeyWithInvalidValues_ReturnsDefaultValues" computerName="DKSR-EFI-06" duration="00:00:00.0022481" startTime="2024-01-09T15:41:19.8921925+01:00" endTime="2024-01-09T15:41:19.8945750+01:00" testType="13cdc9d9-ddb5-4fa4-a97d-d965ccfc6d4b" outcome="Passed" testListId="8c84fa94-04c1-424b-9868-57a2d4851a1d" relativeResultsDirectory="69ea1c29-111d-4400-b038-23379be56da3" />
    <UnitTestResult executionId="a02b077f-2e73-4776-8447-fd6446f5235b" testId="ac230ab8-5c42-3ae1-3c38-3537fec03817" testName="GetAppConfigValueOrDefault_Double_KnownKeyWithMinAndMaxValues_ReturnsOnlyAllowedValues" computerName="DKSR-EFI-06" duration="00:00:00.0011155" startTime="2024-01-09T15:41:19.9008966+01:00" endTime="2024-01-09T15:41:19.9021180+01:00" testType="13cdc9d9-ddb5-4fa4-a97d-d965ccfc6d4b" outcome="Passed" testListId="8c84fa94-04c1-424b-9868-57a2d4851a1d" relativeResultsDirectory="a02b077f-2e73-4776-8447-fd6446f5235b" />
    <UnitTestResult executionId="125f3c44-085e-4e9a-bf52-95ad7d2c8c54" testId="1ca164fc-b465-9318-3a63-691e0f77382a" testName="GetAppConfigValueOrDefault_String_KnownKeyWithAllowedValues_ReturnsOnlyAllowedValues" computerName="DKSR-EFI-06" duration="00:00:00.0009949" startTime="2024-01-09T15:41:19.7982170+01:00" endTime="2024-01-09T15:41:19.7993246+01:00" testType="13cdc9d9-ddb5-4fa4-a97d-d965ccfc6d4b" outcome="Passed" testListId="8c84fa94-04c1-424b-9868-57a2d4851a1d" relativeResultsDirectory="125f3c44-085e-4e9a-bf52-95ad7d2c8c54" />
    <UnitTestResult executionId="e1f62e47-c72a-4e98-8581-5d91bc3a2179" testId="08506604-191e-fff1-e3a2-267bde7280da" testName="GetAppConfigValueOrDefault_TimeSpan_KnownKeyWithMinAndMaxValues_ReturnsOnlyAllowedValues" computerName="DKSR-EFI-06" duration="00:00:00.0014313" startTime="2024-01-09T15:41:19.9257813+01:00" endTime="2024-01-09T15:41:19.9273239+01:00" testType="13cdc9d9-ddb5-4fa4-a97d-d965ccfc6d4b" outcome="Passed" testListId="8c84fa94-04c1-424b-9868-57a2d4851a1d" relativeResultsDirectory="e1f62e47-c72a-4e98-8581-5d91bc3a2179" />
    <UnitTestResult executionId="9e6e257f-2342-4655-a2e7-fda58e52a181" testId="9ddcd75b-5e45-f092-870b-96bdc6d9c594" testName="GetAppConfigValueOrDefault_TimeSpan_NullKey_ThrowsArgumentNullException" computerName="DKSR-EFI-06" duration="00:00:00.0022493" startTime="2024-01-09T15:41:19.9082254+01:00" endTime="2024-01-09T15:41:19.9106755+01:00" testType="13cdc9d9-ddb5-4fa4-a97d-d965ccfc6d4b" outcome="Passed" testListId="8c84fa94-04c1-424b-9868-57a2d4851a1d" relativeResultsDirectory="9e6e257f-2342-4655-a2e7-fda58e52a181" />
    <UnitTestResult executionId="30c43f1f-da51-4708-b6ba-160b0438ffe8" testId="9a296515-bd8f-5327-6ce3-e992e3edb30a" testName="GetAppConfigValueOrDefault_Enum_KnownKeyWithInvalidValues_ReturnsDefaultValues" computerName="DKSR-EFI-06" duration="00:00:00.0015792" startTime="2024-01-09T15:41:19.9378768+01:00" endTime="2024-01-09T15:41:19.9395884+01:00" testType="13cdc9d9-ddb5-4fa4-a97d-d965ccfc6d4b" outcome="Passed" testListId="8c84fa94-04c1-424b-9868-57a2d4851a1d" relativeResultsDirectory="30c43f1f-da51-4708-b6ba-160b0438ffe8" />
    <UnitTestResult executionId="abef1954-a279-47d0-84aa-5ba4ffda5d93" testId="40a5c975-37e8-bc73-1ac5-8e72790a48bb" testName="GetAppConfigValueOrDefault_Boolean_NullKey_ThrowsArgumentNullException" computerName="DKSR-EFI-06" duration="00:00:00.0021117" startTime="2024-01-09T15:41:19.7993626+01:00" endTime="2024-01-09T15:41:19.8016111+01:00" testType="13cdc9d9-ddb5-4fa4-a97d-d965ccfc6d4b" outcome="Passed" testListId="8c84fa94-04c1-424b-9868-57a2d4851a1d" relativeResultsDirectory="abef1954-a279-47d0-84aa-5ba4ffda5d93" />
    <UnitTestResult executionId="3eacab71-d535-435d-9c09-e67ffda223ac" testId="7233f679-3512-158a-9d61-b86e97dd7840" testName="GetAppConfigValueOrDefault_String_KnownKeyAccessedMultipleTimes_ReturnsUpdatedValueWhenCacheIsCleared" computerName="DKSR-EFI-06" duration="00:00:00.0020207" startTime="2024-01-09T15:41:19.7960215+01:00" endTime="2024-01-09T15:41:19.7981700+01:00" testType="13cdc9d9-ddb5-4fa4-a97d-d965ccfc6d4b" outcome="Passed" testListId="8c84fa94-04c1-424b-9868-57a2d4851a1d" relativeResultsDirectory="3eacab71-d535-435d-9c09-e67ffda223ac" />
    <UnitTestResult executionId="ae931e22-8ae3-4ac5-b0c9-d70a6c5d0dae" testId="5c996a0d-fc09-a416-b6e7-8666282b6fb9" testName="GetAppConfigValueOrDefault_Integer_KnownKeyWithAllowedValues_ReturnsOnlyAllowedValues" computerName="DKSR-EFI-06" duration="00:00:00.0026462" startTime="2024-01-09T15:41:19.8813808+01:00" endTime="2024-01-09T15:41:19.8841331+01:00" testType="13cdc9d9-ddb5-4fa4-a97d-d965ccfc6d4b" outcome="Passed" testListId="8c84fa94-04c1-424b-9868-57a2d4851a1d" relativeResultsDirectory="ae931e22-8ae3-4ac5-b0c9-d70a6c5d0dae" />
    <UnitTestResult executionId="6479bae3-df5c-4f2e-af12-64401f25f92b" testId="728cb314-4370-b897-d24b-af7d8d2330ab" testName="GetAppConfigValueOrDefault_TimeSpan_KnownKeyAccessedMultipleTimes_ReturnsCachedValue" computerName="DKSR-EFI-06" duration="00:00:00.0011145" startTime="2024-01-09T15:41:19.9202022+01:00" endTime="2024-01-09T15:41:19.9214504+01:00" testType="13cdc9d9-ddb5-4fa4-a97d-d965ccfc6d4b" outcome="Passed" testListId="8c84fa94-04c1-424b-9868-57a2d4851a1d" relativeResultsDirectory="6479bae3-df5c-4f2e-af12-64401f25f92b" />
    <UnitTestResult executionId="8b9bebf6-760d-4260-bc01-51c93b7e045f" testId="9e887f99-afa7-c0da-24f2-53cc5e15cbd1" testName="GetAppConfigValueOrDefault_Double_KnownKeyAccessedMultipleTimes_ReturnsCachedValue" computerName="DKSR-EFI-06" duration="00:00:00.0010555" startTime="2024-01-09T15:41:19.8959386+01:00" endTime="2024-01-09T15:41:19.8971118+01:00" testType="13cdc9d9-ddb5-4fa4-a97d-d965ccfc6d4b" outcome="Passed" testListId="8c84fa94-04c1-424b-9868-57a2d4851a1d" relativeResultsDirectory="8b9bebf6-760d-4260-bc01-51c93b7e045f" />
    <UnitTestResult executionId="f70cc0aa-f3ea-4f07-90d9-78df11281c96" testId="ee0be6d8-16f3-3f50-b66a-3f0af0ca967c" testName="GetAppConfigValueOrDefault_TimeSpan_UnknownKey_ReturnsDefaultValue" computerName="DKSR-EFI-06" duration="00:00:00.0050180" startTime="2024-01-09T15:41:19.9107397+01:00" endTime="2024-01-09T15:41:19.9159198+01:00" testType="13cdc9d9-ddb5-4fa4-a97d-d965ccfc6d4b" outcome="Passed" testListId="8c84fa94-04c1-424b-9868-57a2d4851a1d" relativeResultsDirectory="f70cc0aa-f3ea-4f07-90d9-78df11281c96" />
  </Results>
  <TestDefinitions>
    <UnitTest name="GetAppConfigValueOrDefault_TimeSpan_NullKey_ThrowsArgumentNullException" storage="d:\actions-runner\_work\xpco\xpco\allsolutions\..\common\videoos.universal\videoos.universal.utilities.unittests\bin\debug\net6.0\videoos.universal.utilities.unittests.dll" id="9ddcd75b-5e45-f092-870b-96bdc6d9c594">
      <Execution id="9e6e257f-2342-4655-a2e7-fda58e52a181" />
      <TestMethod codeBase="D:\actions-runner\_work\XPCO\XPCO\AllSolutions\..\Common\VideoOS.Universal\VideoOS.Universal.Utilities.UnitTests\bin\Debug\net6.0\VideoOS.Universal.Utilities.UnitTests.dll" adapterTypeName="executor://mstestadapter/v2" className="VideoOS.Universal.Utilities.UnitTests.Configuration.ApplicationConfiguration.ApplicationConfigurationTests" name="GetAppConfigValueOrDefault_TimeSpan_NullKey_ThrowsArgumentNullException" />
    </UnitTest>
    <UnitTest name="GetAppConfigValueOrDefault_Double_KnownKeyWithInvalidValues_ReturnsDefaultValues" storage="d:\actions-runner\_work\xpco\xpco\allsolutions\..\common\videoos.universal\videoos.universal.utilities.unittests\bin\debug\net6.0\videoos.universal.utilities.unittests.dll" id="ab4ac729-52d3-ac00-c10c-492f64a8f9ff">
      <Execution id="69ea1c29-111d-4400-b038-23379be56da3" />
      <TestMethod codeBase="D:\actions-runner\_work\XPCO\XPCO\AllSolutions\..\Common\VideoOS.Universal\VideoOS.Universal.Utilities.UnitTests\bin\Debug\net6.0\VideoOS.Universal.Utilities.UnitTests.dll" adapterTypeName="executor://mstestadapter/v2" className="VideoOS.Universal.Utilities.UnitTests.Configuration.ApplicationConfiguration.ApplicationConfigurationTests" name="GetAppConfigValueOrDefault_Double_KnownKeyWithInvalidValues_ReturnsDefaultValues" />
    </UnitTest>
    <UnitTest name="GetAppConfigValueOrDefault_Integer_KnownKeyWithAllowedValues_ReturnsOnlyAllowedValues" storage="d:\actions-runner\_work\xpco\xpco\allsolutions\..\common\videoos.universal\videoos.universal.utilities.unittests\bin\debug\net6.0\videoos.universal.utilities.unittests.dll" id="5c996a0d-fc09-a416-b6e7-8666282b6fb9">
      <Execution id="ae931e22-8ae3-4ac5-b0c9-d70a6c5d0dae" />
      <TestMethod codeBase="D:\actions-runner\_work\XPCO\XPCO\AllSolutions\..\Common\VideoOS.Universal\VideoOS.Universal.Utilities.UnitTests\bin\Debug\net6.0\VideoOS.Universal.Utilities.UnitTests.dll" adapterTypeName="executor://mstestadapter/v2" className="VideoOS.Universal.Utilities.UnitTests.Configuration.ApplicationConfiguration.ApplicationConfigurationTests" name="GetAppConfigValueOrDefault_Integer_KnownKeyWithAllowedValues_ReturnsOnlyAllowedValues" />
    </UnitTest>
    <UnitTest name="GetAppConfigValueOrDefault_Enum_KnownKeyAccessedMultipleTimes_ReturnsUpdatedValueWhenCacheIsCleared" storage="d:\actions-runner\_work\xpco\xpco\allsolutions\..\common\videoos.universal\videoos.universal.utilities.unittests\bin\debug\net6.0\videoos.universal.utilities.unittests.dll" id="9c03fbf1-c97a-e002-8455-5d6901c1b5f3">
      <Execution id="748ca929-f645-46c0-9bb7-b6980a8dd2f7" />
      <TestMethod codeBase="D:\actions-runner\_work\XPCO\XPCO\AllSolutions\..\Common\VideoOS.Universal\VideoOS.Universal.Utilities.UnitTests\bin\Debug\net6.0\VideoOS.Universal.Utilities.UnitTests.dll" adapterTypeName="executor://mstestadapter/v2" className="VideoOS.Universal.Utilities.UnitTests.Configuration.ApplicationConfiguration.ApplicationConfigurationTests" name="GetAppConfigValueOrDefault_Enum_KnownKeyAccessedMultipleTimes_ReturnsUpdatedValueWhenCacheIsCleared" />
    </UnitTest>
    <UnitTest name="GetAppConfigValueOrDefault_Boolean_KnownKeyAccessedMultipleTimes_ReturnsUpdatedValueWhenCacheIsCleared" storage="d:\actions-runner\_work\xpco\xpco\allsolutions\..\common\videoos.universal\videoos.universal.utilities.unittests\bin\debug\net6.0\videoos.universal.utilities.unittests.dll" id="30130d67-3675-8209-cea3-bbf76aecdad5">
      <Execution id="36906a96-9f96-4489-9235-ff2e6776d3e4" />
      <TestMethod codeBase="D:\actions-runner\_work\XPCO\XPCO\AllSolutions\..\Common\VideoOS.Universal\VideoOS.Universal.Utilities.UnitTests\bin\Debug\net6.0\VideoOS.Universal.Utilities.UnitTests.dll" adapterTypeName="executor://mstestadapter/v2" className="VideoOS.Universal.Utilities.UnitTests.Configuration.ApplicationConfiguration.ApplicationConfigurationTests" name="GetAppConfigValueOrDefault_Boolean_KnownKeyAccessedMultipleTimes_ReturnsUpdatedValueWhenCacheIsCleared" />
    </UnitTest>
    <UnitTest name="GetAppConfigValueOrDefault_Boolean_KnownKey_ReturnsCorrectValue" storage="d:\actions-runner\_work\xpco\xpco\allsolutions\..\common\videoos.universal\videoos.universal.utilities.unittests\bin\debug\net6.0\videoos.universal.utilities.unittests.dll" id="047fbfb2-fc60-7d34-2bc2-d0c8bfbe7980">
      <Execution id="2806d6b8-df2e-4869-9361-f774fbbecd30" />
      <TestMethod codeBase="D:\actions-runner\_work\XPCO\XPCO\AllSolutions\..\Common\VideoOS.Universal\VideoOS.Universal.Utilities.UnitTests\bin\Debug\net6.0\VideoOS.Universal.Utilities.UnitTests.dll" adapterTypeName="executor://mstestadapter/v2" className="VideoOS.Universal.Utilities.UnitTests.Configuration.ApplicationConfiguration.ApplicationConfigurationTests" name="GetAppConfigValueOrDefault_Boolean_KnownKey_ReturnsCorrectValue" />
    </UnitTest>
    <UnitTest name="GetAppConfigValueOrDefault_TimeSpan_KnownKeyWithInvalidValues_ReturnsDefaultValues" storage="d:\actions-runner\_work\xpco\xpco\allsolutions\..\common\videoos.universal\videoos.universal.utilities.unittests\bin\debug\net6.0\videoos.universal.utilities.unittests.dll" id="55d38079-c647-aa67-edc3-81a0a20f56e3">
      <Execution id="3498941c-af53-4b7d-9e5c-ea668eb4e4e5" />
      <TestMethod codeBase="D:\actions-runner\_work\XPCO\XPCO\AllSolutions\..\Common\VideoOS.Universal\VideoOS.Universal.Utilities.UnitTests\bin\Debug\net6.0\VideoOS.Universal.Utilities.UnitTests.dll" adapterTypeName="executor://mstestadapter/v2" className="VideoOS.Universal.Utilities.UnitTests.Configuration.ApplicationConfiguration.ApplicationConfigurationTests" name="GetAppConfigValueOrDefault_TimeSpan_KnownKeyWithInvalidValues_ReturnsDefaultValues" />
    </UnitTest>
    <UnitTest name="GetAppConfigValueOrDefault_TimeSpan_KnownKey_ReturnsCorrectValue" storage="d:\actions-runner\_work\xpco\xpco\allsolutions\..\common\videoos.universal\videoos.universal.utilities.unittests\bin\debug\net6.0\videoos.universal.utilities.unittests.dll" id="f22bbb2b-4d49-937f-3db8-6742e2421430">
      <Execution id="6138b513-39de-442c-855c-e20c90227bf0" />
      <TestMethod codeBase="D:\actions-runner\_work\XPCO\XPCO\AllSolutions\..\Common\VideoOS.Universal\VideoOS.Universal.Utilities.UnitTests\bin\Debug\net6.0\VideoOS.Universal.Utilities.UnitTests.dll" adapterTypeName="executor://mstestadapter/v2" className="VideoOS.Universal.Utilities.UnitTests.Configuration.ApplicationConfiguration.ApplicationConfigurationTests" name="GetAppConfigValueOrDefault_TimeSpan_KnownKey_ReturnsCorrectValue" />
    </UnitTest>
    <UnitTest name="GetAppConfigValueOrDefault_String_KnownKey_ReturnsCorrectValue" storage="d:\actions-runner\_work\xpco\xpco\allsolutions\..\common\videoos.universal\videoos.universal.utilities.unittests\bin\debug\net6.0\videoos.universal.utilities.unittests.dll" id="601e8247-d9d7-da64-5c04-fa9cc29937f7">
      <Execution id="40f44c04-53ad-4d49-bab1-aa928b45ee6a" />
      <TestMethod codeBase="D:\actions-runner\_work\XPCO\XPCO\AllSolutions\..\Common\VideoOS.Universal\VideoOS.Universal.Utilities.UnitTests\bin\Debug\net6.0\VideoOS.Universal.Utilities.UnitTests.dll" adapterTypeName="executor://mstestadapter/v2" className="VideoOS.Universal.Utilities.UnitTests.Configuration.ApplicationConfiguration.ApplicationConfigurationTests" name="GetAppConfigValueOrDefault_String_KnownKey_ReturnsCorrectValue" />
    </UnitTest>
    <UnitTest name="GetAppConfigValueOrDefault_TimeSpan_KnownKeyAccessedMultipleTimes_ReturnsUpdatedValueWhenCacheIsCleared" storage="d:\actions-runner\_work\xpco\xpco\allsolutions\..\common\videoos.universal\videoos.universal.utilities.unittests\bin\debug\net6.0\videoos.universal.utilities.unittests.dll" id="363a8458-7d3f-212d-8e54-cac7ad188194">
      <Execution id="66db6e1e-f292-445d-b76f-e0e31023ec9a" />
      <TestMethod codeBase="D:\actions-runner\_work\XPCO\XPCO\AllSolutions\..\Common\VideoOS.Universal\VideoOS.Universal.Utilities.UnitTests\bin\Debug\net6.0\VideoOS.Universal.Utilities.UnitTests.dll" adapterTypeName="executor://mstestadapter/v2" className="VideoOS.Universal.Utilities.UnitTests.Configuration.ApplicationConfiguration.ApplicationConfigurationTests" name="GetAppConfigValueOrDefault_TimeSpan_KnownKeyAccessedMultipleTimes_ReturnsUpdatedValueWhenCacheIsCleared" />
    </UnitTest>
    <UnitTest name="GetAppConfigValueOrDefault_Boolean_NullKey_ThrowsArgumentNullException" storage="d:\actions-runner\_work\xpco\xpco\allsolutions\..\common\videoos.universal\videoos.universal.utilities.unittests\bin\debug\net6.0\videoos.universal.utilities.unittests.dll" id="40a5c975-37e8-bc73-1ac5-8e72790a48bb">
      <Execution id="abef1954-a279-47d0-84aa-5ba4ffda5d93" />
      <TestMethod codeBase="D:\actions-runner\_work\XPCO\XPCO\AllSolutions\..\Common\VideoOS.Universal\VideoOS.Universal.Utilities.UnitTests\bin\Debug\net6.0\VideoOS.Universal.Utilities.UnitTests.dll" adapterTypeName="executor://mstestadapter/v2" className="VideoOS.Universal.Utilities.UnitTests.Configuration.ApplicationConfiguration.ApplicationConfigurationTests" name="GetAppConfigValueOrDefault_Boolean_NullKey_ThrowsArgumentNullException" />
    </UnitTest>
    <UnitTest name="GetAppConfigValueOrDefault_String_KnownKeyAccessedMultipleTimes_ReturnsUpdatedValueWhenCacheIsCleared" storage="d:\actions-runner\_work\xpco\xpco\allsolutions\..\common\videoos.universal\videoos.universal.utilities.unittests\bin\debug\net6.0\videoos.universal.utilities.unittests.dll" id="7233f679-3512-158a-9d61-b86e97dd7840">
      <Execution id="3eacab71-d535-435d-9c09-e67ffda223ac" />
      <TestMethod codeBase="D:\actions-runner\_work\XPCO\XPCO\AllSolutions\..\Common\VideoOS.Universal\VideoOS.Universal.Utilities.UnitTests\bin\Debug\net6.0\VideoOS.Universal.Utilities.UnitTests.dll" adapterTypeName="executor://mstestadapter/v2" className="VideoOS.Universal.Utilities.UnitTests.Configuration.ApplicationConfiguration.ApplicationConfigurationTests" name="GetAppConfigValueOrDefault_String_KnownKeyAccessedMultipleTimes_ReturnsUpdatedValueWhenCacheIsCleared" />
    </UnitTest>
    <UnitTest name="GetAppConfigValueOrDefault_Enum_UnknownKey_ReturnsDefaultValue" storage="d:\actions-runner\_work\xpco\xpco\allsolutions\..\common\videoos.universal\videoos.universal.utilities.unittests\bin\debug\net6.0\videoos.universal.utilities.unittests.dll" id="61b8dd52-f93a-8ff9-4689-849ae6f51466">
      <Execution id="80c645bc-1a07-45b9-bf83-1c3826aff8ee" />
      <TestMethod codeBase="D:\actions-runner\_work\XPCO\XPCO\AllSolutions\..\Common\VideoOS.Universal\VideoOS.Universal.Utilities.UnitTests\bin\Debug\net6.0\VideoOS.Universal.Utilities.UnitTests.dll" adapterTypeName="executor://mstestadapter/v2" className="VideoOS.Universal.Utilities.UnitTests.Configuration.ApplicationConfiguration.ApplicationConfigurationTests" name="GetAppConfigValueOrDefault_Enum_UnknownKey_ReturnsDefaultValue" />
    </UnitTest>
    <UnitTest name="GetAppConfigValueOrDefault_String_KnownKeyAccessedMultipleTimes_ReturnsCachedValue" storage="d:\actions-runner\_work\xpco\xpco\allsolutions\..\common\videoos.universal\videoos.universal.utilities.unittests\bin\debug\net6.0\videoos.universal.utilities.unittests.dll" id="e6326402-bfd9-d812-fb57-4e4baf540e37">
      <Execution id="9e495852-53d1-49fc-b462-3e62e919391d" />
      <TestMethod codeBase="D:\actions-runner\_work\XPCO\XPCO\AllSolutions\..\Common\VideoOS.Universal\VideoOS.Universal.Utilities.UnitTests\bin\Debug\net6.0\VideoOS.Universal.Utilities.UnitTests.dll" adapterTypeName="executor://mstestadapter/v2" className="VideoOS.Universal.Utilities.UnitTests.Configuration.ApplicationConfiguration.ApplicationConfigurationTests" name="GetAppConfigValueOrDefault_String_KnownKeyAccessedMultipleTimes_ReturnsCachedValue" />
    </UnitTest>
    <UnitTest name="GetAppConfigValueOrDefault_Double_KnownKeyWithAllowedValues_ReturnsOnlyAllowedValues" storage="d:\actions-runner\_work\xpco\xpco\allsolutions\..\common\videoos.universal\videoos.universal.utilities.unittests\bin\debug\net6.0\videoos.universal.utilities.unittests.dll" id="6a54e572-0ea3-23f1-4d91-cd55ad0f94c2">
      <Execution id="944036b6-45fc-4baa-9ac3-03f946dee76e" />
      <TestMethod codeBase="D:\actions-runner\_work\XPCO\XPCO\AllSolutions\..\Common\VideoOS.Universal\VideoOS.Universal.Utilities.UnitTests\bin\Debug\net6.0\VideoOS.Universal.Utilities.UnitTests.dll" adapterTypeName="executor://mstestadapter/v2" className="VideoOS.Universal.Utilities.UnitTests.Configuration.ApplicationConfiguration.ApplicationConfigurationTests" name="GetAppConfigValueOrDefault_Double_KnownKeyWithAllowedValues_ReturnsOnlyAllowedValues" />
    </UnitTest>
    <UnitTest name="GetAppConfigValueOrDefault_Double_KnownKeyAccessedMultipleTimes_ReturnsCachedValue" storage="d:\actions-runner\_work\xpco\xpco\allsolutions\..\common\videoos.universal\videoos.universal.utilities.unittests\bin\debug\net6.0\videoos.universal.utilities.unittests.dll" id="9e887f99-afa7-c0da-24f2-53cc5e15cbd1">
      <Execution id="8b9bebf6-760d-4260-bc01-51c93b7e045f" />
      <TestMethod codeBase="D:\actions-runner\_work\XPCO\XPCO\AllSolutions\..\Common\VideoOS.Universal\VideoOS.Universal.Utilities.UnitTests\bin\Debug\net6.0\VideoOS.Universal.Utilities.UnitTests.dll" adapterTypeName="executor://mstestadapter/v2" className="VideoOS.Universal.Utilities.UnitTests.Configuration.ApplicationConfiguration.ApplicationConfigurationTests" name="GetAppConfigValueOrDefault_Double_KnownKeyAccessedMultipleTimes_ReturnsCachedValue" />
    </UnitTest>
    <UnitTest name="GetAppConfigValueOrDefault_Enum_KnownKey_ReturnsCorrectValue" storage="d:\actions-runner\_work\xpco\xpco\allsolutions\..\common\videoos.universal\videoos.universal.utilities.unittests\bin\debug\net6.0\videoos.universal.utilities.unittests.dll" id="091a1fc3-88ba-3958-1b4e-60556be24e3b">
      <Execution id="12400a95-ea03-4bee-bc25-d720f58953bf" />
      <TestMethod codeBase="D:\actions-runner\_work\XPCO\XPCO\AllSolutions\..\Common\VideoOS.Universal\VideoOS.Universal.Utilities.UnitTests\bin\Debug\net6.0\VideoOS.Universal.Utilities.UnitTests.dll" adapterTypeName="executor://mstestadapter/v2" className="VideoOS.Universal.Utilities.UnitTests.Configuration.ApplicationConfiguration.ApplicationConfigurationTests" name="GetAppConfigValueOrDefault_Enum_KnownKey_ReturnsCorrectValue" />
    </UnitTest>
    <UnitTest name="GetAppConfigValueOrDefault_TimeSpan_UnknownKey_ReturnsDefaultValue" storage="d:\actions-runner\_work\xpco\xpco\allsolutions\..\common\videoos.universal\videoos.universal.utilities.unittests\bin\debug\net6.0\videoos.universal.utilities.unittests.dll" id="ee0be6d8-16f3-3f50-b66a-3f0af0ca967c">
      <Execution id="f70cc0aa-f3ea-4f07-90d9-78df11281c96" />
      <TestMethod codeBase="D:\actions-runner\_work\XPCO\XPCO\AllSolutions\..\Common\VideoOS.Universal\VideoOS.Universal.Utilities.UnitTests\bin\Debug\net6.0\VideoOS.Universal.Utilities.UnitTests.dll" adapterTypeName="executor://mstestadapter/v2" className="VideoOS.Universal.Utilities.UnitTests.Configuration.ApplicationConfiguration.ApplicationConfigurationTests" name="GetAppConfigValueOrDefault_TimeSpan_UnknownKey_ReturnsDefaultValue" />
    </UnitTest>
    <UnitTest name="GetAppConfigValueOrDefault_Integer_KnownKeyWithMinAndMaxValues_ReturnsOnlyAllowedValues" storage="d:\actions-runner\_work\xpco\xpco\allsolutions\..\common\videoos.universal\videoos.universal.utilities.unittests\bin\debug\net6.0\videoos.universal.utilities.unittests.dll" id="2c6d17cd-ae7f-595b-d5bb-43e03706f304">
      <Execution id="3431555a-24d5-4766-beee-3d970f88facf" />
      <TestMethod codeBase="D:\actions-runner\_work\XPCO\XPCO\AllSolutions\..\Common\VideoOS.Universal\VideoOS.Universal.Utilities.UnitTests\bin\Debug\net6.0\VideoOS.Universal.Utilities.UnitTests.dll" adapterTypeName="executor://mstestadapter/v2" className="VideoOS.Universal.Utilities.UnitTests.Configuration.ApplicationConfiguration.ApplicationConfigurationTests" name="GetAppConfigValueOrDefault_Integer_KnownKeyWithMinAndMaxValues_ReturnsOnlyAllowedValues" />
    </UnitTest>
    <UnitTest name="GetAppConfigValueOrDefault_Double_KnownKeyWithMinAndMaxValues_ReturnsOnlyAllowedValues" storage="d:\actions-runner\_work\xpco\xpco\allsolutions\..\common\videoos.universal\videoos.universal.utilities.unittests\bin\debug\net6.0\videoos.universal.utilities.unittests.dll" id="ac230ab8-5c42-3ae1-3c38-3537fec03817">
      <Execution id="a02b077f-2e73-4776-8447-fd6446f5235b" />
      <TestMethod codeBase="D:\actions-runner\_work\XPCO\XPCO\AllSolutions\..\Common\VideoOS.Universal\VideoOS.Universal.Utilities.UnitTests\bin\Debug\net6.0\VideoOS.Universal.Utilities.UnitTests.dll" adapterTypeName="executor://mstestadapter/v2" className="VideoOS.Universal.Utilities.UnitTests.Configuration.ApplicationConfiguration.ApplicationConfigurationTests" name="GetAppConfigValueOrDefault_Double_KnownKeyWithMinAndMaxValues_ReturnsOnlyAllowedValues" />
    </UnitTest>
    <UnitTest name="GetAppConfigValueOrDefault_TimeSpan_KnownKeyWithMinAndMaxValues_ReturnsOnlyAllowedValues" storage="d:\actions-runner\_work\xpco\xpco\allsolutions\..\common\videoos.universal\videoos.universal.utilities.unittests\bin\debug\net6.0\videoos.universal.utilities.unittests.dll" id="08506604-191e-fff1-e3a2-267bde7280da">
      <Execution id="e1f62e47-c72a-4e98-8581-5d91bc3a2179" />
      <TestMethod codeBase="D:\actions-runner\_work\XPCO\XPCO\AllSolutions\..\Common\VideoOS.Universal\VideoOS.Universal.Utilities.UnitTests\bin\Debug\net6.0\VideoOS.Universal.Utilities.UnitTests.dll" adapterTypeName="executor://mstestadapter/v2" className="VideoOS.Universal.Utilities.UnitTests.Configuration.ApplicationConfiguration.ApplicationConfigurationTests" name="GetAppConfigValueOrDefault_TimeSpan_KnownKeyWithMinAndMaxValues_ReturnsOnlyAllowedValues" />
    </UnitTest>
    <UnitTest name="GetAppConfigValueOrDefault_Double_NullKey_ThrowsArgumentNullException" storage="d:\actions-runner\_work\xpco\xpco\allsolutions\..\common\videoos.universal\videoos.universal.utilities.unittests\bin\debug\net6.0\videoos.universal.utilities.unittests.dll" id="a062667e-6aef-720a-f8be-8a70eb73be75">
      <Execution id="3aa21d81-5890-470f-b345-8210dcac1ad3" />
      <TestMethod codeBase="D:\actions-runner\_work\XPCO\XPCO\AllSolutions\..\Common\VideoOS.Universal\VideoOS.Universal.Utilities.UnitTests\bin\Debug\net6.0\VideoOS.Universal.Utilities.UnitTests.dll" adapterTypeName="executor://mstestadapter/v2" className="VideoOS.Universal.Utilities.UnitTests.Configuration.ApplicationConfiguration.ApplicationConfigurationTests" name="GetAppConfigValueOrDefault_Double_NullKey_ThrowsArgumentNullException" />
    </UnitTest>
    <UnitTest name="GetAppConfigValueOrDefault_Boolean_UnknownKey_ReturnsDefaultValue" storage="d:\actions-runner\_work\xpco\xpco\allsolutions\..\common\videoos.universal\videoos.universal.utilities.unittests\bin\debug\net6.0\videoos.universal.utilities.unittests.dll" id="ecbffb9d-d6c8-713a-829f-718f52e882c8">
      <Execution id="c2a8e939-79b1-40e5-82c3-db5c30a01d26" />
      <TestMethod codeBase="D:\actions-runner\_work\XPCO\XPCO\AllSolutions\..\Common\VideoOS.Universal\VideoOS.Universal.Utilities.UnitTests\bin\Debug\net6.0\VideoOS.Universal.Utilities.UnitTests.dll" adapterTypeName="executor://mstestadapter/v2" className="VideoOS.Universal.Utilities.UnitTests.Configuration.ApplicationConfiguration.ApplicationConfigurationTests" name="GetAppConfigValueOrDefault_Boolean_UnknownKey_ReturnsDefaultValue" />
    </UnitTest>
    <UnitTest name="GetAppConfigValueOrDefault_Boolean_KnownKeyWithInvalidValues_ReturnsDefaultValues" storage="d:\actions-runner\_work\xpco\xpco\allsolutions\..\common\videoos.universal\videoos.universal.utilities.unittests\bin\debug\net6.0\videoos.universal.utilities.unittests.dll" id="4b7d67fc-30b8-7ae5-b6f7-f88bada77b1c">
      <Execution id="def5480a-78f1-4e6a-afe3-0676bb815572" />
      <TestMethod codeBase="D:\actions-runner\_work\XPCO\XPCO\AllSolutions\..\Common\VideoOS.Universal\VideoOS.Universal.Utilities.UnitTests\bin\Debug\net6.0\VideoOS.Universal.Utilities.UnitTests.dll" adapterTypeName="executor://mstestadapter/v2" className="VideoOS.Universal.Utilities.UnitTests.Configuration.ApplicationConfiguration.ApplicationConfigurationTests" name="GetAppConfigValueOrDefault_Boolean_KnownKeyWithInvalidValues_ReturnsDefaultValues" />
    </UnitTest>
    <UnitTest name="GetAppConfigValueOrDefault_Integer_UnknownKey_ReturnsDefaultValue" storage="d:\actions-runner\_work\xpco\xpco\allsolutions\..\common\videoos.universal\videoos.universal.utilities.unittests\bin\debug\net6.0\videoos.universal.utilities.unittests.dll" id="b7d1f5af-c647-b8ee-21be-1a915ae3f9ab">
      <Execution id="2d78bb99-7e18-4380-9764-ebe5722f467c" />
      <TestMethod codeBase="D:\actions-runner\_work\XPCO\XPCO\AllSolutions\..\Common\VideoOS.Universal\VideoOS.Universal.Utilities.UnitTests\bin\Debug\net6.0\VideoOS.Universal.Utilities.UnitTests.dll" adapterTypeName="executor://mstestadapter/v2" className="VideoOS.Universal.Utilities.UnitTests.Configuration.ApplicationConfiguration.ApplicationConfigurationTests" name="GetAppConfigValueOrDefault_Integer_UnknownKey_ReturnsDefaultValue" />
    </UnitTest>
    <UnitTest name="GetAppConfigValueOrDefault_String_NullKey_ThrowsArgumentNullException" storage="d:\actions-runner\_work\xpco\xpco\allsolutions\..\common\videoos.universal\videoos.universal.utilities.unittests\bin\debug\net6.0\videoos.universal.utilities.unittests.dll" id="d6f121b9-62dd-3b17-cd01-1822add3d9d8">
      <Execution id="023bc8af-e133-42a7-9509-2d926b27b08f" />
      <TestMethod codeBase="D:\actions-runner\_work\XPCO\XPCO\AllSolutions\..\Common\VideoOS.Universal\VideoOS.Universal.Utilities.UnitTests\bin\Debug\net6.0\VideoOS.Universal.Utilities.UnitTests.dll" adapterTypeName="executor://mstestadapter/v2" className="VideoOS.Universal.Utilities.UnitTests.Configuration.ApplicationConfiguration.ApplicationConfigurationTests" name="GetAppConfigValueOrDefault_String_NullKey_ThrowsArgumentNullException" />
    </UnitTest>
    <UnitTest name="GetAppConfigValueOrDefault_Integer_KnownKeyWithInvalidValues_ReturnsDefaultValues" storage="d:\actions-runner\_work\xpco\xpco\allsolutions\..\common\videoos.universal\videoos.universal.utilities.unittests\bin\debug\net6.0\videoos.universal.utilities.unittests.dll" id="210800d1-ccf8-61aa-bc61-27c7d56b1d8b">
      <Execution id="3ae50ea2-cecf-42d3-8c15-e886a7399270" />
      <TestMethod codeBase="D:\actions-runner\_work\XPCO\XPCO\AllSolutions\..\Common\VideoOS.Universal\VideoOS.Universal.Utilities.UnitTests\bin\Debug\net6.0\VideoOS.Universal.Utilities.UnitTests.dll" adapterTypeName="executor://mstestadapter/v2" className="VideoOS.Universal.Utilities.UnitTests.Configuration.ApplicationConfiguration.ApplicationConfigurationTests" name="GetAppConfigValueOrDefault_Integer_KnownKeyWithInvalidValues_ReturnsDefaultValues" />
    </UnitTest>
    <UnitTest name="GetAppConfigValueOrDefault_TimeSpan_KnownKeyWithAllowedValues_ReturnsOnlyAllowedValues" storage="d:\actions-runner\_work\xpco\xpco\allsolutions\..\common\videoos.universal\videoos.universal.utilities.unittests\bin\debug\net6.0\videoos.universal.utilities.unittests.dll" id="10da6535-9079-2bfc-3d51-558a5307bc16">
      <Execution id="16c90f3e-0817-4a94-9671-b9367c33cf98" />
      <TestMethod codeBase="D:\actions-runner\_work\XPCO\XPCO\AllSolutions\..\Common\VideoOS.Universal\VideoOS.Universal.Utilities.UnitTests\bin\Debug\net6.0\VideoOS.Universal.Utilities.UnitTests.dll" adapterTypeName="executor://mstestadapter/v2" className="VideoOS.Universal.Utilities.UnitTests.Configuration.ApplicationConfiguration.ApplicationConfigurationTests" name="GetAppConfigValueOrDefault_TimeSpan_KnownKeyWithAllowedValues_ReturnsOnlyAllowedValues" />
    </UnitTest>
    <UnitTest name="GetAppConfigValueOrDefault_Enum_KnownKeyWithInvalidValues_ReturnsDefaultValues" storage="d:\actions-runner\_work\xpco\xpco\allsolutions\..\common\videoos.universal\videoos.universal.utilities.unittests\bin\debug\net6.0\videoos.universal.utilities.unittests.dll" id="9a296515-bd8f-5327-6ce3-e992e3edb30a">
      <Execution id="30c43f1f-da51-4708-b6ba-160b0438ffe8" />
      <TestMethod codeBase="D:\actions-runner\_work\XPCO\XPCO\AllSolutions\..\Common\VideoOS.Universal\VideoOS.Universal.Utilities.UnitTests\bin\Debug\net6.0\VideoOS.Universal.Utilities.UnitTests.dll" adapterTypeName="executor://mstestadapter/v2" className="VideoOS.Universal.Utilities.UnitTests.Configuration.ApplicationConfiguration.ApplicationConfigurationTests" name="GetAppConfigValueOrDefault_Enum_KnownKeyWithInvalidValues_ReturnsDefaultValues" />
    </UnitTest>
    <UnitTest name="GetAppConfigValueOrDefault_String_KnownKeyWithAllowedValues_ReturnsOnlyAllowedValues" storage="d:\actions-runner\_work\xpco\xpco\allsolutions\..\common\videoos.universal\videoos.universal.utilities.unittests\bin\debug\net6.0\videoos.universal.utilities.unittests.dll" id="1ca164fc-b465-9318-3a63-691e0f77382a">
      <Execution id="125f3c44-085e-4e9a-bf52-95ad7d2c8c54" />
      <TestMethod codeBase="D:\actions-runner\_work\XPCO\XPCO\AllSolutions\..\Common\VideoOS.Universal\VideoOS.Universal.Utilities.UnitTests\bin\Debug\net6.0\VideoOS.Universal.Utilities.UnitTests.dll" adapterTypeName="executor://mstestadapter/v2" className="VideoOS.Universal.Utilities.UnitTests.Configuration.ApplicationConfiguration.ApplicationConfigurationTests" name="GetAppConfigValueOrDefault_String_KnownKeyWithAllowedValues_ReturnsOnlyAllowedValues" />
    </UnitTest>
    <UnitTest name="GetAppConfigValueOrDefault_Integer_KnownKeyWithMinValue_ReturnsOnlyAllowedValues" storage="d:\actions-runner\_work\xpco\xpco\allsolutions\..\common\videoos.universal\videoos.universal.utilities.unittests\bin\debug\net6.0\videoos.universal.utilities.unittests.dll" id="843ad744-d903-f73e-9361-d71146fe9024">
      <Execution id="117007e7-92ce-4591-b434-7d9ac734f2ac" />
      <TestMethod codeBase="D:\actions-runner\_work\XPCO\XPCO\AllSolutions\..\Common\VideoOS.Universal\VideoOS.Universal.Utilities.UnitTests\bin\Debug\net6.0\VideoOS.Universal.Utilities.UnitTests.dll" adapterTypeName="executor://mstestadapter/v2" className="VideoOS.Universal.Utilities.UnitTests.Configuration.ApplicationConfiguration.ApplicationConfigurationTests" name="GetAppConfigValueOrDefault_Integer_KnownKeyWithMinValue_ReturnsOnlyAllowedValues" />
    </UnitTest>
    <UnitTest name="GetAppConfigValueOrDefault_Double_UnknownKey_ReturnsDefaultValue" storage="d:\actions-runner\_work\xpco\xpco\allsolutions\..\common\videoos.universal\videoos.universal.utilities.unittests\bin\debug\net6.0\videoos.universal.utilities.unittests.dll" id="a9b64fd4-9f83-3f94-da29-933fa92245d3">
      <Execution id="b16b0e32-3f28-4858-a92e-382d1dd9f590" />
      <TestMethod codeBase="D:\actions-runner\_work\XPCO\XPCO\AllSolutions\..\Common\VideoOS.Universal\VideoOS.Universal.Utilities.UnitTests\bin\Debug\net6.0\VideoOS.Universal.Utilities.UnitTests.dll" adapterTypeName="executor://mstestadapter/v2" className="VideoOS.Universal.Utilities.UnitTests.Configuration.ApplicationConfiguration.ApplicationConfigurationTests" name="GetAppConfigValueOrDefault_Double_UnknownKey_ReturnsDefaultValue" />
    </UnitTest>
    <UnitTest name="GetAppConfigValueOrDefault_Integer_KnownKey_ReturnsCorrectValue" storage="d:\actions-runner\_work\xpco\xpco\allsolutions\..\common\videoos.universal\videoos.universal.utilities.unittests\bin\debug\net6.0\videoos.universal.utilities.unittests.dll" id="afc949a2-5ce4-35fb-7dba-159335162b83">
      <Execution id="d5d908c9-94f4-4a0d-8bef-dc9662ad1947" />
      <TestMethod codeBase="D:\actions-runner\_work\XPCO\XPCO\AllSolutions\..\Common\VideoOS.Universal\VideoOS.Universal.Utilities.UnitTests\bin\Debug\net6.0\VideoOS.Universal.Utilities.UnitTests.dll" adapterTypeName="executor://mstestadapter/v2" className="VideoOS.Universal.Utilities.UnitTests.Configuration.ApplicationConfiguration.ApplicationConfigurationTests" name="GetAppConfigValueOrDefault_Integer_KnownKey_ReturnsCorrectValue" />
    </UnitTest>
    <UnitTest name="GetAppConfigValueOrDefault_Double_KnownKey_ReturnsCorrectValue" storage="d:\actions-runner\_work\xpco\xpco\allsolutions\..\common\videoos.universal\videoos.universal.utilities.unittests\bin\debug\net6.0\videoos.universal.utilities.unittests.dll" id="2ed15d1d-cf99-835a-9f67-0e00f8645c2c">
      <Execution id="5359e8e3-1a63-4ce6-8dca-60e83173be9a" />
      <TestMethod codeBase="D:\actions-runner\_work\XPCO\XPCO\AllSolutions\..\Common\VideoOS.Universal\VideoOS.Universal.Utilities.UnitTests\bin\Debug\net6.0\VideoOS.Universal.Utilities.UnitTests.dll" adapterTypeName="executor://mstestadapter/v2" className="VideoOS.Universal.Utilities.UnitTests.Configuration.ApplicationConfiguration.ApplicationConfigurationTests" name="GetAppConfigValueOrDefault_Double_KnownKey_ReturnsCorrectValue" />
    </UnitTest>
    <UnitTest name="GetAppConfigValueOrDefault_Integer_KnownKeyAccessedMultipleTimes_ReturnsCachedValue" storage="d:\actions-runner\_work\xpco\xpco\allsolutions\..\common\videoos.universal\videoos.universal.utilities.unittests\bin\debug\net6.0\videoos.universal.utilities.unittests.dll" id="e12fb247-7933-16cf-f508-fe360e927685">
      <Execution id="74726bc8-3396-40fb-805b-503ac5382930" />
      <TestMethod codeBase="D:\actions-runner\_work\XPCO\XPCO\AllSolutions\..\Common\VideoOS.Universal\VideoOS.Universal.Utilities.UnitTests\bin\Debug\net6.0\VideoOS.Universal.Utilities.UnitTests.dll" adapterTypeName="executor://mstestadapter/v2" className="VideoOS.Universal.Utilities.UnitTests.Configuration.ApplicationConfiguration.ApplicationConfigurationTests" name="GetAppConfigValueOrDefault_Integer_KnownKeyAccessedMultipleTimes_ReturnsCachedValue" />
    </UnitTest>
    <UnitTest name="GetAppConfigValueOrDefault_TimeSpan_KnownKeyAccessedMultipleTimes_ReturnsCachedValue" storage="d:\actions-runner\_work\xpco\xpco\allsolutions\..\common\videoos.universal\videoos.universal.utilities.unittests\bin\debug\net6.0\videoos.universal.utilities.unittests.dll" id="728cb314-4370-b897-d24b-af7d8d2330ab">
      <Execution id="6479bae3-df5c-4f2e-af12-64401f25f92b" />
      <TestMethod codeBase="D:\actions-runner\_work\XPCO\XPCO\AllSolutions\..\Common\VideoOS.Universal\VideoOS.Universal.Utilities.UnitTests\bin\Debug\net6.0\VideoOS.Universal.Utilities.UnitTests.dll" adapterTypeName="executor://mstestadapter/v2" className="VideoOS.Universal.Utilities.UnitTests.Configuration.ApplicationConfiguration.ApplicationConfigurationTests" name="GetAppConfigValueOrDefault_TimeSpan_KnownKeyAccessedMultipleTimes_ReturnsCachedValue" />
    </UnitTest>
    <UnitTest name="GetAppConfigValueOrDefault_Integer_KnownKeyAccessedMultipleTimes_ReturnsUpdatedValueWhenCacheIsCleared" storage="d:\actions-runner\_work\xpco\xpco\allsolutions\..\common\videoos.universal\videoos.universal.utilities.unittests\bin\debug\net6.0\videoos.universal.utilities.unittests.dll" id="42a97528-fca3-7fad-95d3-4bc95198b880">
      <Execution id="91a17da1-aca2-4a11-936f-4a50a79b347f" />
      <TestMethod codeBase="D:\actions-runner\_work\XPCO\XPCO\AllSolutions\..\Common\VideoOS.Universal\VideoOS.Universal.Utilities.UnitTests\bin\Debug\net6.0\VideoOS.Universal.Utilities.UnitTests.dll" adapterTypeName="executor://mstestadapter/v2" className="VideoOS.Universal.Utilities.UnitTests.Configuration.ApplicationConfiguration.ApplicationConfigurationTests" name="GetAppConfigValueOrDefault_Integer_KnownKeyAccessedMultipleTimes_ReturnsUpdatedValueWhenCacheIsCleared" />
    </UnitTest>
    <UnitTest name="GetAppConfigValueOrDefault_String_UnknownKey_ReturnsDefaultValue" storage="d:\actions-runner\_work\xpco\xpco\allsolutions\..\common\videoos.universal\videoos.universal.utilities.unittests\bin\debug\net6.0\videoos.universal.utilities.unittests.dll" id="a4fa4d09-ed98-c781-c7fa-246e8bf5b32b">
      <Execution id="57f40c61-e8e6-4b3a-b4ce-58bfabaa4c32" />
      <TestMethod codeBase="D:\actions-runner\_work\XPCO\XPCO\AllSolutions\..\Common\VideoOS.Universal\VideoOS.Universal.Utilities.UnitTests\bin\Debug\net6.0\VideoOS.Universal.Utilities.UnitTests.dll" adapterTypeName="executor://mstestadapter/v2" className="VideoOS.Universal.Utilities.UnitTests.Configuration.ApplicationConfiguration.ApplicationConfigurationTests" name="GetAppConfigValueOrDefault_String_UnknownKey_ReturnsDefaultValue" />
    </UnitTest>
    <UnitTest name="GetAppConfigValueOrDefault_Enum_NullKey_ThrowsArgumentNullException" storage="d:\actions-runner\_work\xpco\xpco\allsolutions\..\common\videoos.universal\videoos.universal.utilities.unittests\bin\debug\net6.0\videoos.universal.utilities.unittests.dll" id="66313b81-95d3-89a0-d5c6-0970e07e1abc">
      <Execution id="a5de7305-5911-4623-a7bb-404b0852252e" />
      <TestMethod codeBase="D:\actions-runner\_work\XPCO\XPCO\AllSolutions\..\Common\VideoOS.Universal\VideoOS.Universal.Utilities.UnitTests\bin\Debug\net6.0\VideoOS.Universal.Utilities.UnitTests.dll" adapterTypeName="executor://mstestadapter/v2" className="VideoOS.Universal.Utilities.UnitTests.Configuration.ApplicationConfiguration.ApplicationConfigurationTests" name="GetAppConfigValueOrDefault_Enum_NullKey_ThrowsArgumentNullException" />
    </UnitTest>
    <UnitTest name="GetAppConfigValueOrDefault_Double_KnownKeyAccessedMultipleTimes_ReturnsUpdatedValueWhenCacheIsCleared" storage="d:\actions-runner\_work\xpco\xpco\allsolutions\..\common\videoos.universal\videoos.universal.utilities.unittests\bin\debug\net6.0\videoos.universal.utilities.unittests.dll" id="34de4435-b1db-9488-14f7-387e4f25f332">
      <Execution id="d843603e-8d88-4a92-8816-e5acd03e06c6" />
      <TestMethod codeBase="D:\actions-runner\_work\XPCO\XPCO\AllSolutions\..\Common\VideoOS.Universal\VideoOS.Universal.Utilities.UnitTests\bin\Debug\net6.0\VideoOS.Universal.Utilities.UnitTests.dll" adapterTypeName="executor://mstestadapter/v2" className="VideoOS.Universal.Utilities.UnitTests.Configuration.ApplicationConfiguration.ApplicationConfigurationTests" name="GetAppConfigValueOrDefault_Double_KnownKeyAccessedMultipleTimes_ReturnsUpdatedValueWhenCacheIsCleared" />
    </UnitTest>
    <UnitTest name="GetAppConfigValueOrDefault_Boolean_KnownKeyWithAllValidValues_ReturnsCorrectValues" storage="d:\actions-runner\_work\xpco\xpco\allsolutions\..\common\videoos.universal\videoos.universal.utilities.unittests\bin\debug\net6.0\videoos.universal.utilities.unittests.dll" id="b0441781-c253-e359-951d-574b5fa10696">
      <Execution id="d6f119a0-63fa-4473-93ce-6b73f3f13a2a" />
      <TestMethod codeBase="D:\actions-runner\_work\XPCO\XPCO\AllSolutions\..\Common\VideoOS.Universal\VideoOS.Universal.Utilities.UnitTests\bin\Debug\net6.0\VideoOS.Universal.Utilities.UnitTests.dll" adapterTypeName="executor://mstestadapter/v2" className="VideoOS.Universal.Utilities.UnitTests.Configuration.ApplicationConfiguration.ApplicationConfigurationTests" name="GetAppConfigValueOrDefault_Boolean_KnownKeyWithAllValidValues_ReturnsCorrectValues" />
    </UnitTest>
    <UnitTest name="GetAppConfigValueOrDefault_Boolean_KnownKeyAccessedMultipleTimes_ReturnsCachedValue" storage="d:\actions-runner\_work\xpco\xpco\allsolutions\..\common\videoos.universal\videoos.universal.utilities.unittests\bin\debug\net6.0\videoos.universal.utilities.unittests.dll" id="0d0b1de0-0a59-96ca-7d2d-bca519274740">
      <Execution id="405b3c33-62a0-4b9f-96a4-7bd03c938326" />
      <TestMethod codeBase="D:\actions-runner\_work\XPCO\XPCO\AllSolutions\..\Common\VideoOS.Universal\VideoOS.Universal.Utilities.UnitTests\bin\Debug\net6.0\VideoOS.Universal.Utilities.UnitTests.dll" adapterTypeName="executor://mstestadapter/v2" className="VideoOS.Universal.Utilities.UnitTests.Configuration.ApplicationConfiguration.ApplicationConfigurationTests" name="GetAppConfigValueOrDefault_Boolean_KnownKeyAccessedMultipleTimes_ReturnsCachedValue" />
    </UnitTest>
    <UnitTest name="GetAppConfigValueOrDefault_TimeSpan_KnownKeyWithMinValue_ReturnsOnlyAllowedValues" storage="d:\actions-runner\_work\xpco\xpco\allsolutions\..\common\videoos.universal\videoos.universal.utilities.unittests\bin\debug\net6.0\videoos.universal.utilities.unittests.dll" id="3c6202cd-07f4-5084-a843-029ab69001f2">
      <Execution id="c4bea1aa-8740-4ad5-8e30-aea659291853" />
      <TestMethod codeBase="D:\actions-runner\_work\XPCO\XPCO\AllSolutions\..\Common\VideoOS.Universal\VideoOS.Universal.Utilities.UnitTests\bin\Debug\net6.0\VideoOS.Universal.Utilities.UnitTests.dll" adapterTypeName="executor://mstestadapter/v2" className="VideoOS.Universal.Utilities.UnitTests.Configuration.ApplicationConfiguration.ApplicationConfigurationTests" name="GetAppConfigValueOrDefault_TimeSpan_KnownKeyWithMinValue_ReturnsOnlyAllowedValues" />
    </UnitTest>
    <UnitTest name="GetAppConfigValueOrDefault_Enum_KnownKeyAccessedMultipleTimes_ReturnsCachedValue" storage="d:\actions-runner\_work\xpco\xpco\allsolutions\..\common\videoos.universal\videoos.universal.utilities.unittests\bin\debug\net6.0\videoos.universal.utilities.unittests.dll" id="c1e495bf-69bb-2e80-a4ef-cd9a4f93c416">
      <Execution id="b20eb205-6076-466b-900c-e03d17f8e118" />
      <TestMethod codeBase="D:\actions-runner\_work\XPCO\XPCO\AllSolutions\..\Common\VideoOS.Universal\VideoOS.Universal.Utilities.UnitTests\bin\Debug\net6.0\VideoOS.Universal.Utilities.UnitTests.dll" adapterTypeName="executor://mstestadapter/v2" className="VideoOS.Universal.Utilities.UnitTests.Configuration.ApplicationConfiguration.ApplicationConfigurationTests" name="GetAppConfigValueOrDefault_Enum_KnownKeyAccessedMultipleTimes_ReturnsCachedValue" />
    </UnitTest>
    <UnitTest name="GetAppConfigValueOrDefault_Double_KnownKeyWithMinValue_ReturnsOnlyAllowedValues" storage="d:\actions-runner\_work\xpco\xpco\allsolutions\..\common\videoos.universal\videoos.universal.utilities.unittests\bin\debug\net6.0\videoos.universal.utilities.unittests.dll" id="282a16a4-4222-a608-c460-32e87fe689b1">
      <Execution id="dfe8284e-e24a-49ae-8784-96410cd1a185" />
      <TestMethod codeBase="D:\actions-runner\_work\XPCO\XPCO\AllSolutions\..\Common\VideoOS.Universal\VideoOS.Universal.Utilities.UnitTests\bin\Debug\net6.0\VideoOS.Universal.Utilities.UnitTests.dll" adapterTypeName="executor://mstestadapter/v2" className="VideoOS.Universal.Utilities.UnitTests.Configuration.ApplicationConfiguration.ApplicationConfigurationTests" name="GetAppConfigValueOrDefault_Double_KnownKeyWithMinValue_ReturnsOnlyAllowedValues" />
    </UnitTest>
    <UnitTest name="GetAppConfigValueOrDefault_Integer_NullKey_ThrowsArgumentNullException" storage="d:\actions-runner\_work\xpco\xpco\allsolutions\..\common\videoos.universal\videoos.universal.utilities.unittests\bin\debug\net6.0\videoos.universal.utilities.unittests.dll" id="78249c29-d3d5-cbcc-3c80-97099010a0ae">
      <Execution id="bc5037b4-1408-4c65-b3ae-122530761ff4" />
      <TestMethod codeBase="D:\actions-runner\_work\XPCO\XPCO\AllSolutions\..\Common\VideoOS.Universal\VideoOS.Universal.Utilities.UnitTests\bin\Debug\net6.0\VideoOS.Universal.Utilities.UnitTests.dll" adapterTypeName="executor://mstestadapter/v2" className="VideoOS.Universal.Utilities.UnitTests.Configuration.ApplicationConfiguration.ApplicationConfigurationTests" name="GetAppConfigValueOrDefault_Integer_NullKey_ThrowsArgumentNullException" />
    </UnitTest>
  </TestDefinitions>
  <TestEntries>
    <TestEntry testId="2c6d17cd-ae7f-595b-d5bb-43e03706f304" executionId="3431555a-24d5-4766-beee-3d970f88facf" testListId="8c84fa94-04c1-424b-9868-57a2d4851a1d" />
    <TestEntry testId="34de4435-b1db-9488-14f7-387e4f25f332" executionId="d843603e-8d88-4a92-8816-e5acd03e06c6" testListId="8c84fa94-04c1-424b-9868-57a2d4851a1d" />
    <TestEntry testId="30130d67-3675-8209-cea3-bbf76aecdad5" executionId="36906a96-9f96-4489-9235-ff2e6776d3e4" testListId="8c84fa94-04c1-424b-9868-57a2d4851a1d" />
    <TestEntry testId="e6326402-bfd9-d812-fb57-4e4baf540e37" executionId="9e495852-53d1-49fc-b462-3e62e919391d" testListId="8c84fa94-04c1-424b-9868-57a2d4851a1d" />
    <TestEntry testId="3c6202cd-07f4-5084-a843-029ab69001f2" executionId="c4bea1aa-8740-4ad5-8e30-aea659291853" testListId="8c84fa94-04c1-424b-9868-57a2d4851a1d" />
    <TestEntry testId="ecbffb9d-d6c8-713a-829f-718f52e882c8" executionId="c2a8e939-79b1-40e5-82c3-db5c30a01d26" testListId="8c84fa94-04c1-424b-9868-57a2d4851a1d" />
    <TestEntry testId="b0441781-c253-e359-951d-574b5fa10696" executionId="d6f119a0-63fa-4473-93ce-6b73f3f13a2a" testListId="8c84fa94-04c1-424b-9868-57a2d4851a1d" />
    <TestEntry testId="10da6535-9079-2bfc-3d51-558a5307bc16" executionId="16c90f3e-0817-4a94-9671-b9367c33cf98" testListId="8c84fa94-04c1-424b-9868-57a2d4851a1d" />
    <TestEntry testId="c1e495bf-69bb-2e80-a4ef-cd9a4f93c416" executionId="b20eb205-6076-466b-900c-e03d17f8e118" testListId="8c84fa94-04c1-424b-9868-57a2d4851a1d" />
    <TestEntry testId="601e8247-d9d7-da64-5c04-fa9cc29937f7" executionId="40f44c04-53ad-4d49-bab1-aa928b45ee6a" testListId="8c84fa94-04c1-424b-9868-57a2d4851a1d" />
    <TestEntry testId="afc949a2-5ce4-35fb-7dba-159335162b83" executionId="d5d908c9-94f4-4a0d-8bef-dc9662ad1947" testListId="8c84fa94-04c1-424b-9868-57a2d4851a1d" />
    <TestEntry testId="78249c29-d3d5-cbcc-3c80-97099010a0ae" executionId="bc5037b4-1408-4c65-b3ae-122530761ff4" testListId="8c84fa94-04c1-424b-9868-57a2d4851a1d" />
    <TestEntry testId="0d0b1de0-0a59-96ca-7d2d-bca519274740" executionId="405b3c33-62a0-4b9f-96a4-7bd03c938326" testListId="8c84fa94-04c1-424b-9868-57a2d4851a1d" />
    <TestEntry testId="b7d1f5af-c647-b8ee-21be-1a915ae3f9ab" executionId="2d78bb99-7e18-4380-9764-ebe5722f467c" testListId="8c84fa94-04c1-424b-9868-57a2d4851a1d" />
    <TestEntry testId="6a54e572-0ea3-23f1-4d91-cd55ad0f94c2" executionId="944036b6-45fc-4baa-9ac3-03f946dee76e" testListId="8c84fa94-04c1-424b-9868-57a2d4851a1d" />
    <TestEntry testId="a9b64fd4-9f83-3f94-da29-933fa92245d3" executionId="b16b0e32-3f28-4858-a92e-382d1dd9f590" testListId="8c84fa94-04c1-424b-9868-57a2d4851a1d" />
    <TestEntry testId="d6f121b9-62dd-3b17-cd01-1822add3d9d8" executionId="023bc8af-e133-42a7-9509-2d926b27b08f" testListId="8c84fa94-04c1-424b-9868-57a2d4851a1d" />
    <TestEntry testId="a4fa4d09-ed98-c781-c7fa-246e8bf5b32b" executionId="57f40c61-e8e6-4b3a-b4ce-58bfabaa4c32" testListId="8c84fa94-04c1-424b-9868-57a2d4851a1d" />
    <TestEntry testId="210800d1-ccf8-61aa-bc61-27c7d56b1d8b" executionId="3ae50ea2-cecf-42d3-8c15-e886a7399270" testListId="8c84fa94-04c1-424b-9868-57a2d4851a1d" />
    <TestEntry testId="55d38079-c647-aa67-edc3-81a0a20f56e3" executionId="3498941c-af53-4b7d-9e5c-ea668eb4e4e5" testListId="8c84fa94-04c1-424b-9868-57a2d4851a1d" />
    <TestEntry testId="2ed15d1d-cf99-835a-9f67-0e00f8645c2c" executionId="5359e8e3-1a63-4ce6-8dca-60e83173be9a" testListId="8c84fa94-04c1-424b-9868-57a2d4851a1d" />
    <TestEntry testId="a062667e-6aef-720a-f8be-8a70eb73be75" executionId="3aa21d81-5890-470f-b345-8210dcac1ad3" testListId="8c84fa94-04c1-424b-9868-57a2d4851a1d" />
    <TestEntry testId="66313b81-95d3-89a0-d5c6-0970e07e1abc" executionId="a5de7305-5911-4623-a7bb-404b0852252e" testListId="8c84fa94-04c1-424b-9868-57a2d4851a1d" />
    <TestEntry testId="047fbfb2-fc60-7d34-2bc2-d0c8bfbe7980" executionId="2806d6b8-df2e-4869-9361-f774fbbecd30" testListId="8c84fa94-04c1-424b-9868-57a2d4851a1d" />
    <TestEntry testId="e12fb247-7933-16cf-f508-fe360e927685" executionId="74726bc8-3396-40fb-805b-503ac5382930" testListId="8c84fa94-04c1-424b-9868-57a2d4851a1d" />
    <TestEntry testId="843ad744-d903-f73e-9361-d71146fe9024" executionId="117007e7-92ce-4591-b434-7d9ac734f2ac" testListId="8c84fa94-04c1-424b-9868-57a2d4851a1d" />
    <TestEntry testId="9c03fbf1-c97a-e002-8455-5d6901c1b5f3" executionId="748ca929-f645-46c0-9bb7-b6980a8dd2f7" testListId="8c84fa94-04c1-424b-9868-57a2d4851a1d" />
    <TestEntry testId="091a1fc3-88ba-3958-1b4e-60556be24e3b" executionId="12400a95-ea03-4bee-bc25-d720f58953bf" testListId="8c84fa94-04c1-424b-9868-57a2d4851a1d" />
    <TestEntry testId="4b7d67fc-30b8-7ae5-b6f7-f88bada77b1c" executionId="def5480a-78f1-4e6a-afe3-0676bb815572" testListId="8c84fa94-04c1-424b-9868-57a2d4851a1d" />
    <TestEntry testId="42a97528-fca3-7fad-95d3-4bc95198b880" executionId="91a17da1-aca2-4a11-936f-4a50a79b347f" testListId="8c84fa94-04c1-424b-9868-57a2d4851a1d" />
    <TestEntry testId="282a16a4-4222-a608-c460-32e87fe689b1" executionId="dfe8284e-e24a-49ae-8784-96410cd1a185" testListId="8c84fa94-04c1-424b-9868-57a2d4851a1d" />
    <TestEntry testId="363a8458-7d3f-212d-8e54-cac7ad188194" executionId="66db6e1e-f292-445d-b76f-e0e31023ec9a" testListId="8c84fa94-04c1-424b-9868-57a2d4851a1d" />
    <TestEntry testId="61b8dd52-f93a-8ff9-4689-849ae6f51466" executionId="80c645bc-1a07-45b9-bf83-1c3826aff8ee" testListId="8c84fa94-04c1-424b-9868-57a2d4851a1d" />
    <TestEntry testId="f22bbb2b-4d49-937f-3db8-6742e2421430" executionId="6138b513-39de-442c-855c-e20c90227bf0" testListId="8c84fa94-04c1-424b-9868-57a2d4851a1d" />
    <TestEntry testId="ab4ac729-52d3-ac00-c10c-492f64a8f9ff" executionId="69ea1c29-111d-4400-b038-23379be56da3" testListId="8c84fa94-04c1-424b-9868-57a2d4851a1d" />
    <TestEntry testId="ac230ab8-5c42-3ae1-3c38-3537fec03817" executionId="a02b077f-2e73-4776-8447-fd6446f5235b" testListId="8c84fa94-04c1-424b-9868-57a2d4851a1d" />
    <TestEntry testId="1ca164fc-b465-9318-3a63-691e0f77382a" executionId="125f3c44-085e-4e9a-bf52-95ad7d2c8c54" testListId="8c84fa94-04c1-424b-9868-57a2d4851a1d" />
    <TestEntry testId="08506604-191e-fff1-e3a2-267bde7280da" executionId="e1f62e47-c72a-4e98-8581-5d91bc3a2179" testListId="8c84fa94-04c1-424b-9868-57a2d4851a1d" />
    <TestEntry testId="9ddcd75b-5e45-f092-870b-96bdc6d9c594" executionId="9e6e257f-2342-4655-a2e7-fda58e52a181" testListId="8c84fa94-04c1-424b-9868-57a2d4851a1d" />
    <TestEntry testId="9a296515-bd8f-5327-6ce3-e992e3edb30a" executionId="30c43f1f-da51-4708-b6ba-160b0438ffe8" testListId="8c84fa94-04c1-424b-9868-57a2d4851a1d" />
    <TestEntry testId="40a5c975-37e8-bc73-1ac5-8e72790a48bb" executionId="abef1954-a279-47d0-84aa-5ba4ffda5d93" testListId="8c84fa94-04c1-424b-9868-57a2d4851a1d" />
    <TestEntry testId="7233f679-3512-158a-9d61-b86e97dd7840" executionId="3eacab71-d535-435d-9c09-e67ffda223ac" testListId="8c84fa94-04c1-424b-9868-57a2d4851a1d" />
    <TestEntry testId="5c996a0d-fc09-a416-b6e7-8666282b6fb9" executionId="ae931e22-8ae3-4ac5-b0c9-d70a6c5d0dae" testListId="8c84fa94-04c1-424b-9868-57a2d4851a1d" />
    <TestEntry testId="728cb314-4370-b897-d24b-af7d8d2330ab" executionId="6479bae3-df5c-4f2e-af12-64401f25f92b" testListId="8c84fa94-04c1-424b-9868-57a2d4851a1d" />
    <TestEntry testId="9e887f99-afa7-c0da-24f2-53cc5e15cbd1" executionId="8b9bebf6-760d-4260-bc01-51c93b7e045f" testListId="8c84fa94-04c1-424b-9868-57a2d4851a1d" />
    <TestEntry testId="ee0be6d8-16f3-3f50-b66a-3f0af0ca967c" executionId="f70cc0aa-f3ea-4f07-90d9-78df11281c96" testListId="8c84fa94-04c1-424b-9868-57a2d4851a1d" />
  </TestEntries>
  <TestLists>
    <TestList name="Results Not in a List" id="8c84fa94-04c1-424b-9868-57a2d4851a1d" />
    <TestList name="All Loaded Results" id="19431567-8539-422a-85d7-44ee4e166bda" />
  </TestLists>
  <ResultSummary outcome="Completed">
    <Counters total="46" executed="46" passed="46" failed="0" error="0" timeout="0" aborted="0" inconclusive="0" passedButRunAborted="0" notRunnable="0" notExecuted="0" disconnected="0" warning="0" completed="0" inProgress="0" pending="0" />
  </ResultSummary>
</TestRun>