<?xml version="1.0" encoding="utf-8"?>
<TestRun id="7fd1aa74-62e2-4cb7-9dee-fec2e600709c" name="DKSR-EFI-06$@DKSR-EFI-06 2024-01-09 15:41:18" runUser="NT AUTHORITY\NETWORK SERVICE" xmlns="http://microsoft.com/schemas/VisualStudio/TeamTest/2010">
  <Times creation="2024-01-09T15:41:18.8412915+01:00" queuing="2024-01-09T15:41:18.8412915+01:00" start="2024-01-09T15:41:16.3412910+01:00" finish="2024-01-09T15:41:19.0912937+01:00" />
  <TestSettings name="default" id="86749f5e-4967-438f-8697-3fec339523c7">
    <Deployment runDeploymentRoot="DKSR-EFI-06$_DKSR-EFI-06_2024-01-09_15_41_18" />
  </TestSettings>
  <Results>
    <UnitTestResult executionId="cab95e37-c8dd-41c7-b642-83646e3ff280" testId="da4a5a12-d730-2d9f-9d0f-8fe4d275e6a4" testName="MapToErrorData_ShouldMapToExpectedErrorData_ForAllKnownExceptionMessages (Parameter 'maxTime' not specified.,40000,0)" computerName="DKSR-EFI-06" duration="00:00:00.0000093" startTime="2024-01-09T15:41:18.7954898+01:00" endTime="2024-01-09T15:41:18.7956307+01:00" testType="13cdc9d9-ddb5-4fa4-a97d-d965ccfc6d4b" outcome="Passed" testListId="8c84fa94-04c1-424b-9868-57a2d4851a1d" relativeResultsDirectory="cab95e37-c8dd-41c7-b642-83646e3ff280" />
    <UnitTestResult executionId="cf2a8a5c-92b4-40ef-9e00-16854349a045" testId="fa448ea3-cacd-9702-7568-8c7fc4d11ff5" testName="MapToErrorData_ShouldMapToExpectedErrorData_ForAllKnownExceptionMessages (Unknown session used for Multicast Continue: AACBA580-2202-4D25-9E27-2B193F56DEE9,40000,0)" computerName="DKSR-EFI-06" duration="00:00:00.0000186" startTime="2024-01-09T15:41:18.8114376+01:00" endTime="2024-01-09T15:41:18.8116339+01:00" testType="13cdc9d9-ddb5-4fa4-a97d-d965ccfc6d4b" outcome="Passed" testListId="8c84fa94-04c1-424b-9868-57a2d4851a1d" relativeResultsDirectory="cf2a8a5c-92b4-40ef-9e00-16854349a045" />
    <UnitTestResult executionId="54844de1-5ae3-4188-b2e7-312127c89d52" testId="48326302-fe25-5f4b-9321-53b6e1ad9c57" testName="MapToErrorData_ShouldMapToExpectedErrorData_ForAllKnownExceptionMessages (Parameter 'sequenceType' not specified.,40000,0)" computerName="DKSR-EFI-06" duration="00:00:00.0000277" startTime="2024-01-09T15:41:18.7889333+01:00" endTime="2024-01-09T15:41:18.7952179+01:00" testType="13cdc9d9-ddb5-4fa4-a97d-d965ccfc6d4b" outcome="Passed" testListId="8c84fa94-04c1-424b-9868-57a2d4851a1d" relativeResultsDirectory="54844de1-5ae3-4188-b2e7-312127c89d52" />
    <UnitTestResult executionId="1c1feffd-1852-4d37-9fe2-27808dc60fa4" testId="e3d09884-7a26-19ec-fe45-6074947eec14" testName="MapToErrorData_ShouldMapToExpectedErrorData_ForAllKnownExceptionMessages (Request rejected, request priority (2) equal to current priority (2).,40295,20)" computerName="DKSR-EFI-06" duration="00:00:00.0000093" startTime="2024-01-09T15:41:18.7709620+01:00" endTime="2024-01-09T15:41:18.7711542+01:00" testType="13cdc9d9-ddb5-4fa4-a97d-d965ccfc6d4b" outcome="Passed" testListId="8c84fa94-04c1-424b-9868-57a2d4851a1d" relativeResultsDirectory="1c1feffd-1852-4d37-9fe2-27808dc60fa4" />
    <UnitTestResult executionId="f1374e29-e9be-439f-b9c1-4f2f165b1eaf" testId="31788cdd-ef93-4305-a120-cd0372756780" testName="MapToErrorData_ShouldMapToExpectedErrorData_ForAllKnownExceptionMessages (Parameter 'subscribe' not specified.,40000,0)" computerName="DKSR-EFI-06" duration="00:00:00.0000164" startTime="2024-01-09T15:41:18.8051874+01:00" endTime="2024-01-09T15:41:18.8053703+01:00" testType="13cdc9d9-ddb5-4fa4-a97d-d965ccfc6d4b" outcome="Passed" testListId="8c84fa94-04c1-424b-9868-57a2d4851a1d" relativeResultsDirectory="f1374e29-e9be-439f-b9c1-4f2f165b1eaf" />
    <UnitTestResult executionId="213ffc9f-2e96-41cb-a582-089bc431027f" testId="7f153cf2-7d5e-fc7a-430e-3b6e8a0a8239" testName="MapToErrorData_ShouldMapToExpectedErrorData_ForAllKnownExceptionMessages (Parameter 'right' not a double.,40000,0)" computerName="DKSR-EFI-06" duration="00:00:00.0000112" startTime="2024-01-09T15:41:18.7878647+01:00" endTime="2024-01-09T15:41:18.7880672+01:00" testType="13cdc9d9-ddb5-4fa4-a97d-d965ccfc6d4b" outcome="Passed" testListId="8c84fa94-04c1-424b-9868-57a2d4851a1d" relativeResultsDirectory="213ffc9f-2e96-41cb-a582-089bc431027f" />
    <UnitTestResult executionId="ade2abf9-fc80-4970-9c3e-3f36a09a4f34" testId="9d28c087-ffe2-844f-634e-b82cc1ac0f16" testName="MapToErrorData_ShouldMapToExpectedErrorData_ForAllKnownExceptionMessages (Insufficient permission,40295,60)" computerName="DKSR-EFI-06" duration="00:00:00.0000057" startTime="2024-01-09T15:41:18.7782587+01:00" endTime="2024-01-09T15:41:18.7784162+01:00" testType="13cdc9d9-ddb5-4fa4-a97d-d965ccfc6d4b" outcome="Passed" testListId="8c84fa94-04c1-424b-9868-57a2d4851a1d" relativeResultsDirectory="ade2abf9-fc80-4970-9c3e-3f36a09a4f34" />
    <UnitTestResult executionId="0217809e-81b2-446b-a853-555584fa0b9e" testId="e59b8beb-b7f4-ead9-5274-849c5d85263f" testName="MapToErrorData_ShouldMapToExpectedErrorData_ForAllKnownExceptionMessages (Device AACBA580-2202-4D25-9E27-2B193F56DEE9 not found.,40000,0)" computerName="DKSR-EFI-06" duration="00:00:00.0000098" startTime="2024-01-09T15:41:18.8065434+01:00" endTime="2024-01-09T15:41:18.8066680+01:00" testType="13cdc9d9-ddb5-4fa4-a97d-d965ccfc6d4b" outcome="Passed" testListId="8c84fa94-04c1-424b-9868-57a2d4851a1d" relativeResultsDirectory="0217809e-81b2-446b-a853-555584fa0b9e" />
    <UnitTestResult executionId="ab014720-dabf-478f-9f20-f5f6608f2af2" testId="108af05d-0ace-b0f1-f05e-289eb9e90a11" testName="MapToErrorData_ShouldMapToExpectedErrorData_ForAllKnownExceptionMessages (Cannot release non existing session.,40295,33)" computerName="DKSR-EFI-06" duration="00:00:00.0000154" startTime="2024-01-09T15:41:18.7747223+01:00" endTime="2024-01-09T15:41:18.7749150+01:00" testType="13cdc9d9-ddb5-4fa4-a97d-d965ccfc6d4b" outcome="Passed" testListId="8c84fa94-04c1-424b-9868-57a2d4851a1d" relativeResultsDirectory="ab014720-dabf-478f-9f20-f5f6608f2af2" />
    <UnitTestResult executionId="3961e4f4-aeb2-4f6c-a416-d7f486c29b1c" testId="f37db6b3-18a1-6cb0-cb4d-13e7566b7656" testName="MapToErrorData_ShouldMapToExpectedErrorData_ForAllKnownExceptionMessages (Parameter 'time' not specified.,40000,0)" computerName="DKSR-EFI-06" duration="00:00:00.0000103" startTime="2024-01-09T15:41:18.7819716+01:00" endTime="2024-01-09T15:41:18.7821707+01:00" testType="13cdc9d9-ddb5-4fa4-a97d-d965ccfc6d4b" outcome="Passed" testListId="8c84fa94-04c1-424b-9868-57a2d4851a1d" relativeResultsDirectory="3961e4f4-aeb2-4f6c-a416-d7f486c29b1c" />
    <UnitTestResult executionId="729074a3-907a-41a2-86f7-87577509ffbf" testId="2e0a531a-9fca-50ea-f742-d0c411ede313" testName="MapToErrorData_ShouldMapToExpectedErrorData_ForAllKnownExceptionMessages (Cannot release patrolling session.,40295,42)" computerName="DKSR-EFI-06" duration="00:00:00.0000061" startTime="2024-01-09T15:41:18.7760683+01:00" endTime="2024-01-09T15:41:18.7762414+01:00" testType="13cdc9d9-ddb5-4fa4-a97d-d965ccfc6d4b" outcome="Passed" testListId="8c84fa94-04c1-424b-9868-57a2d4851a1d" relativeResultsDirectory="729074a3-907a-41a2-86f7-87577509ffbf" />
    <UnitTestResult executionId="159dafc4-0875-4e94-8c74-e4a0be35fc6e" testId="61ea6a77-9667-d353-7a5b-60d539ec3955" testName="MapToErrorData_ShouldMapToExpectedErrorData_ForAllKnownExceptionMessages (Unable to get Ptz priority,40000,0)" computerName="DKSR-EFI-06" duration="00:00:00.0000102" startTime="2024-01-09T15:41:18.8055714+01:00" endTime="2024-01-09T15:41:18.8057245+01:00" testType="13cdc9d9-ddb5-4fa4-a97d-d965ccfc6d4b" outcome="Passed" testListId="8c84fa94-04c1-424b-9868-57a2d4851a1d" relativeResultsDirectory="159dafc4-0875-4e94-8c74-e4a0be35fc6e" />
    <UnitTestResult executionId="c266d5af-5daf-4ed2-88eb-fd1e010021f4" testId="a2af4ca4-418d-1bfc-06a1-ddf6020a858c" testName="MapToErrorData_ShouldMapToExpectedErrorData_ForAllKnownExceptionMessages (Sequences Get not allowed,40000,0)" computerName="DKSR-EFI-06" duration="00:00:00.0000124" startTime="2024-01-09T15:41:18.8101676+01:00" endTime="2024-01-09T15:41:18.8103393+01:00" testType="13cdc9d9-ddb5-4fa4-a97d-d965ccfc6d4b" outcome="Passed" testListId="8c84fa94-04c1-424b-9868-57a2d4851a1d" relativeResultsDirectory="c266d5af-5daf-4ed2-88eb-fd1e010021f4" />
    <UnitTestResult executionId="ae9a4f46-5236-411f-b3b1-659e4d6361ad" testId="7a62f1b3-eb91-9bc3-1b8c-d061f654ac74" testName="MapToErrorData_ShouldMapToExpectedErrorData_ForAllKnownExceptionMessages (Parameter 'ignoreInitialMotion' not specified.,40000,0)" computerName="DKSR-EFI-06" duration="00:00:00.0000143" startTime="2024-01-09T15:41:18.8006560+01:00" endTime="2024-01-09T15:41:18.8008151+01:00" testType="13cdc9d9-ddb5-4fa4-a97d-d965ccfc6d4b" outcome="Passed" testListId="8c84fa94-04c1-424b-9868-57a2d4851a1d" relativeResultsDirectory="ae9a4f46-5236-411f-b3b1-659e4d6361ad" />
    <UnitTestResult executionId="5658bdb0-8e9a-4739-a41a-f684ac7c3721" testId="74e3ce0f-b9a2-fd45-f3ac-8d3c6e28e8a3" testName="MapToErrorData_ShouldMapToExpectedErrorData_ForAllKnownExceptionMessages (Error processing message,10000,0)" computerName="DKSR-EFI-06" duration="00:00:00.0002908" startTime="2024-01-09T15:41:18.8151450+01:00" endTime="2024-01-09T15:41:18.8156278+01:00" testType="13cdc9d9-ddb5-4fa4-a97d-d965ccfc6d4b" outcome="Passed" testListId="8c84fa94-04c1-424b-9868-57a2d4851a1d" relativeResultsDirectory="5658bdb0-8e9a-4739-a41a-f684ac7c3721" />
    <UnitTestResult executionId="0bc2c934-3594-474c-86bd-8af93bccb764" testId="1d29cc7a-a6eb-2b93-bb06-e7446d8ebc19" testName="MapToErrorData_ShouldMapToExpectedErrorData_ForAllKnownExceptionMessages (Cannot pause a session which is not running.,40295,33)" computerName="DKSR-EFI-06" duration="00:00:00.0000093" startTime="2024-01-09T15:41:18.7749402+01:00" endTime="2024-01-09T15:41:18.7751262+01:00" testType="13cdc9d9-ddb5-4fa4-a97d-d965ccfc6d4b" outcome="Passed" testListId="8c84fa94-04c1-424b-9868-57a2d4851a1d" relativeResultsDirectory="0bc2c934-3594-474c-86bd-8af93bccb764" />
    <UnitTestResult executionId="524e57a9-d7ec-4b2c-b1a7-50b86ab4eebf" testId="8d2e1712-dfb6-c94c-5234-073e0a7777da" testName="MapToErrorData_ShouldMapToExpectedErrorData_ForAllKnownExceptionMessages (Token invalid,20001,2)" computerName="DKSR-EFI-06" duration="00:00:00.0000295" startTime="2024-01-09T15:41:18.7145871+01:00" endTime="2024-01-09T15:41:18.7149891+01:00" testType="13cdc9d9-ddb5-4fa4-a97d-d965ccfc6d4b" outcome="Passed" testListId="8c84fa94-04c1-424b-9868-57a2d4851a1d" relativeResultsDirectory="524e57a9-d7ec-4b2c-b1a7-50b86ab4eebf" />
    <UnitTestResult executionId="611aa7b2-f443-4f94-bbd3-98120dd39d02" testId="188102fc-408f-6135-5f5e-6a3ccde77ae6" testName="MapToErrorData_ShouldMapToExpectedErrorData_ForAllKnownExceptionMessages (Parameter 'bottom' not a double.,40000,0)" computerName="DKSR-EFI-06" duration="00:00:00.0000108" startTime="2024-01-09T15:41:18.7883056+01:00" endTime="2024-01-09T15:41:18.7884846+01:00" testType="13cdc9d9-ddb5-4fa4-a97d-d965ccfc6d4b" outcome="Passed" testListId="8c84fa94-04c1-424b-9868-57a2d4851a1d" relativeResultsDirectory="611aa7b2-f443-4f94-bbd3-98120dd39d02" />
    <UnitTestResult executionId="3742f600-98eb-4816-9e12-7439f283bc15" testId="825457ae-18a4-cfa6-3aba-a97828dc81f8" testName="MapToErrorData_ShouldMapToExpectedErrorData_ForAllKnownExceptionMessages (Parameter 'smartSearchId' not specified.,40000,0)" computerName="DKSR-EFI-06" duration="00:00:00.0000109" startTime="2024-01-09T15:41:18.7974372+01:00" endTime="2024-01-09T15:41:18.7975741+01:00" testType="13cdc9d9-ddb5-4fa4-a97d-d965ccfc6d4b" outcome="Passed" testListId="8c84fa94-04c1-424b-9868-57a2d4851a1d" relativeResultsDirectory="3742f600-98eb-4816-9e12-7439f283bc15" />
    <UnitTestResult executionId="6ad57e49-58f1-4443-a0b6-4ee92013ab11" testId="36de645f-765a-5414-1dcc-495e04385e02" testName="MapToErrorData_ShouldMapToExpectedErrorData_ForAllKnownExceptionMessages ('searchMask' parameters does not match 64x64 grid: 4, 4,40000,0)" computerName="DKSR-EFI-06" duration="00:00:00.0000125" startTime="2024-01-09T15:41:18.8109024+01:00" endTime="2024-01-09T15:41:18.8110451+01:00" testType="13cdc9d9-ddb5-4fa4-a97d-d965ccfc6d4b" outcome="Passed" testListId="8c84fa94-04c1-424b-9868-57a2d4851a1d" relativeResultsDirectory="6ad57e49-58f1-4443-a0b6-4ee92013ab11" />
    <UnitTestResult executionId="fb748ebe-42f9-477a-818a-2e5c9b0e3006" testId="6d6b476d-2813-a23d-0160-b86c2c063255" testName="MapToErrorData_ShouldMapToExpectedErrorData_ForAllKnownExceptionMessages (Request rejected, Current session is already reserved,40295,70)" computerName="DKSR-EFI-06" duration="00:00:00.0000276" startTime="2024-01-09T15:41:18.7786279+01:00" endTime="2024-01-09T15:41:18.7788246+01:00" testType="13cdc9d9-ddb5-4fa4-a97d-d965ccfc6d4b" outcome="Passed" testListId="8c84fa94-04c1-424b-9868-57a2d4851a1d" relativeResultsDirectory="fb748ebe-42f9-477a-818a-2e5c9b0e3006" />
    <UnitTestResult executionId="849a2445-c644-49b8-b59b-258f3aca396f" testId="1aabf4d3-6a3b-e7e3-a00c-4631be2dce11" testName="MapToErrorData_ShouldMapToExpectedErrorData_ForAllKnownExceptionMessages (Parameter 'searchMask/Size' not specified.,40000,0)" computerName="DKSR-EFI-06" duration="00:00:00.0000156" startTime="2024-01-09T15:41:18.8002797+01:00" endTime="2024-01-09T15:41:18.8004563+01:00" testType="13cdc9d9-ddb5-4fa4-a97d-d965ccfc6d4b" outcome="Passed" testListId="8c84fa94-04c1-424b-9868-57a2d4851a1d" relativeResultsDirectory="849a2445-c644-49b8-b59b-258f3aca396f" />
    <UnitTestResult executionId="c74616f0-a7af-4f39-84df-686f21ee8808" testId="775c2266-178b-9fef-da49-3831e75c9048" testName="MapToErrorData_ShouldMapToExpectedErrorData_ForAllKnownExceptionMessages (Parameter 'maxCountBefore' not specified.,40000,0)" computerName="DKSR-EFI-06" duration="00:00:00.0000133" startTime="2024-01-09T15:41:18.7970965+01:00" endTime="2024-01-09T15:41:18.7972470+01:00" testType="13cdc9d9-ddb5-4fa4-a97d-d965ccfc6d4b" outcome="Passed" testListId="8c84fa94-04c1-424b-9868-57a2d4851a1d" relativeResultsDirectory="c74616f0-a7af-4f39-84df-686f21ee8808" />
    <UnitTestResult executionId="a355f684-f713-412f-bdfe-16b251655571" testId="a9618e4b-8e89-0247-245e-8f9e815d108a" testName="MapToErrorData_ShouldMapToExpectedErrorData_ForAllKnownExceptionMessages (PresetSet is not supported,40000,0)" computerName="DKSR-EFI-06" duration="00:00:00.0003395" startTime="2024-01-09T15:41:18.7808553+01:00" endTime="2024-01-09T15:41:18.7813916+01:00" testType="13cdc9d9-ddb5-4fa4-a97d-d965ccfc6d4b" outcome="Passed" testListId="8c84fa94-04c1-424b-9868-57a2d4851a1d" relativeResultsDirectory="a355f684-f713-412f-bdfe-16b251655571" />
    <UnitTestResult executionId="ff0045c1-9982-4f1b-9ad6-d3bf307aa689" testId="6c8cfcbe-26cc-3116-a1fe-812bcf45951d" testName="MapToErrorData_ShouldMapToExpectedErrorData_ForAllKnownExceptionMessages (Device is not IPreset,40295,11)" computerName="DKSR-EFI-06" duration="00:00:00.0000122" startTime="2024-01-09T15:41:18.7704188+01:00" endTime="2024-01-09T15:41:18.7706833+01:00" testType="13cdc9d9-ddb5-4fa4-a97d-d965ccfc6d4b" outcome="Passed" testListId="8c84fa94-04c1-424b-9868-57a2d4851a1d" relativeResultsDirectory="ff0045c1-9982-4f1b-9ad6-d3bf307aa689" />
    <UnitTestResult executionId="bea00d06-a9c1-4e8b-a4e1-99905a930e81" testId="2526b742-84f0-d7f0-6374-3e3420994daf" testName="MapToErrorData_ShouldMapToExpectedErrorData_ForAllKnownExceptionMessages (Parameter 'refWidth' not specified.,40000,0)" computerName="DKSR-EFI-06" duration="00:00:00.0000125" startTime="2024-01-09T15:41:18.7829651+01:00" endTime="2024-01-09T15:41:18.7831949+01:00" testType="13cdc9d9-ddb5-4fa4-a97d-d965ccfc6d4b" outcome="Passed" testListId="8c84fa94-04c1-424b-9868-57a2d4851a1d" relativeResultsDirectory="bea00d06-a9c1-4e8b-a4e1-99905a930e81" />
    <UnitTestResult executionId="174f8e07-d182-4a31-b28a-3d2366ea7932" testId="487f3f64-c726-1b66-e678-37b0d8110466" testName="MapToErrorData_ShouldMapToExpectedErrorData_ForAllKnownExceptionMessages (Parameter 'centerY' not specified.,40000,0)" computerName="DKSR-EFI-06" duration="00:00:00.0000127" startTime="2024-01-09T15:41:18.7848938+01:00" endTime="2024-01-09T15:41:18.7851015+01:00" testType="13cdc9d9-ddb5-4fa4-a97d-d965ccfc6d4b" outcome="Passed" testListId="8c84fa94-04c1-424b-9868-57a2d4851a1d" relativeResultsDirectory="174f8e07-d182-4a31-b28a-3d2366ea7932" />
    <UnitTestResult executionId="effe1d69-33db-4e0a-8bf6-0920ab0d8acb" testId="b8a83e5a-3d24-dc69-17eb-8c6d482572a9" testName="MapToErrorData_ShouldMapToExpectedErrorData_ForAllKnownExceptionMessages (Output Trigger not allowed,40000,0)" computerName="DKSR-EFI-06" duration="00:00:00.0000072" startTime="2024-01-09T15:41:18.8083925+01:00" endTime="2024-01-09T15:41:18.8085292+01:00" testType="13cdc9d9-ddb5-4fa4-a97d-d965ccfc6d4b" outcome="Passed" testListId="8c84fa94-04c1-424b-9868-57a2d4851a1d" relativeResultsDirectory="effe1d69-33db-4e0a-8bf6-0920ab0d8acb" />
    <UnitTestResult executionId="85cbb1d9-ece6-4f35-84d8-67d42298853c" testId="3a90c1f9-511f-7afe-67be-633a05042396" testName="MapToErrorData_ShouldMapToExpectedErrorData_ForAllKnownExceptionMessages (Cannot release session without proper permission.,40295,60)" computerName="DKSR-EFI-06" duration="00:00:00.0000122" startTime="2024-01-09T15:41:18.7780803+01:00" endTime="2024-01-09T15:41:18.7782423+01:00" testType="13cdc9d9-ddb5-4fa4-a97d-d965ccfc6d4b" outcome="Passed" testListId="8c84fa94-04c1-424b-9868-57a2d4851a1d" relativeResultsDirectory="85cbb1d9-ece6-4f35-84d8-67d42298853c" />
    <UnitTestResult executionId="825bb509-830b-4f9a-95f0-6c43bc29969d" testId="093e0c4f-0682-d7b7-cac6-0e8fca74ab58" testName="MapToErrorData_ShouldMapToExpectedErrorData_ForAllKnownExceptionMessages (Sequences Get Around not allowed,40000,0)" computerName="DKSR-EFI-06" duration="00:00:00.0000133" startTime="2024-01-09T15:41:18.8103666+01:00" endTime="2024-01-09T15:41:18.8105150+01:00" testType="13cdc9d9-ddb5-4fa4-a97d-d965ccfc6d4b" outcome="Passed" testListId="8c84fa94-04c1-424b-9868-57a2d4851a1d" relativeResultsDirectory="825bb509-830b-4f9a-95f0-6c43bc29969d" />
    <UnitTestResult executionId="23828c4c-0e60-4431-9cd7-e06a6cbee299" testId="54420a81-3202-6712-9838-6c860d2f1fbf" testName="MapToErrorData_ShouldMapToExpectedErrorData_ForAllKnownExceptionMessages (Send driver command not allowed,40000,0)" computerName="DKSR-EFI-06" duration="00:00:00.0000087" startTime="2024-01-09T15:41:18.8085466+01:00" endTime="2024-01-09T15:41:18.8086799+01:00" testType="13cdc9d9-ddb5-4fa4-a97d-d965ccfc6d4b" outcome="Passed" testListId="8c84fa94-04c1-424b-9868-57a2d4851a1d" relativeResultsDirectory="23828c4c-0e60-4431-9cd7-e06a6cbee299" />
    <UnitTestResult executionId="962f1a2b-508c-4f44-aee2-88c02869f955" testId="e0c4eaf9-0e39-3b3a-916a-b855f447e07f" testName="MapToErrorData_ShouldMapToExpectedErrorData_ForAllKnownExceptionMessages (Device not ready, device Id =AACBA580-2202-4D25-9E27-2B193F56DEE9,40295,2)" computerName="DKSR-EFI-06" duration="00:00:00.0000092" startTime="2024-01-09T15:41:18.7164820+01:00" endTime="2024-01-09T15:41:18.7166899+01:00" testType="13cdc9d9-ddb5-4fa4-a97d-d965ccfc6d4b" outcome="Passed" testListId="8c84fa94-04c1-424b-9868-57a2d4851a1d" relativeResultsDirectory="962f1a2b-508c-4f44-aee2-88c02869f955" />
    <UnitTestResult executionId="424828ac-2d7d-4e60-a0d5-e94965eaaa1d" testId="384ead11-9530-b5ea-1e17-ca8172d8c83f" testName="MapToErrorData_ShouldMapToExpectedErrorData_ForAllKnownExceptionMessages (Insufficient user rights to access Status API,40000,0)" computerName="DKSR-EFI-06" duration="00:00:00.0000165" startTime="2024-01-09T15:41:18.8133403+01:00" endTime="2024-01-09T15:41:18.8135202+01:00" testType="13cdc9d9-ddb5-4fa4-a97d-d965ccfc6d4b" outcome="Passed" testListId="8c84fa94-04c1-424b-9868-57a2d4851a1d" relativeResultsDirectory="424828ac-2d7d-4e60-a0d5-e94965eaaa1d" />
    <UnitTestResult executionId="92b05095-104f-4252-aa59-3c480ee0d6fa" testId="84976c4c-c9c5-ba05-2748-38cc221e4942" testName="MapToErrorData_ShouldMapToExpectedErrorData_ForAllKnownExceptionMessages (Parameter 'left' not specified.,40000,0)" computerName="DKSR-EFI-06" duration="00:00:00.0000101" startTime="2024-01-09T15:41:18.7855559+01:00" endTime="2024-01-09T15:41:18.7857374+01:00" testType="13cdc9d9-ddb5-4fa4-a97d-d965ccfc6d4b" outcome="Passed" testListId="8c84fa94-04c1-424b-9868-57a2d4851a1d" relativeResultsDirectory="92b05095-104f-4252-aa59-3c480ee0d6fa" />
    <UnitTestResult executionId="f314cbc3-b1cf-458d-aa66-e2cd89b4a378" testId="515d24aa-9e7f-58b7-f6d8-5a472a32c10a" testName="MapToErrorData_ShouldMapToExpectedErrorData_ForAllKnownExceptionMessages (Device is not started,40295,2)" computerName="DKSR-EFI-06" duration="00:00:00.0000104" startTime="2024-01-09T15:41:18.7167220+01:00" endTime="2024-01-09T15:41:18.7170045+01:00" testType="13cdc9d9-ddb5-4fa4-a97d-d965ccfc6d4b" outcome="Passed" testListId="8c84fa94-04c1-424b-9868-57a2d4851a1d" relativeResultsDirectory="f314cbc3-b1cf-458d-aa66-e2cd89b4a378" />
    <UnitTestResult executionId="87c03012-05a0-431a-a334-dff0831188db" testId="93cc4774-f1d8-9eb9-c679-e3e90ed5c495" testName="MapToErrorData_ShouldMapToExpectedErrorData_ForAllKnownExceptionMessages (Parameter 'multicastSessionIds' not specified.,40000,0)" computerName="DKSR-EFI-06" duration="00:00:00.0000129" startTime="2024-01-09T15:41:18.8037202+01:00" endTime="2024-01-09T15:41:18.8038625+01:00" testType="13cdc9d9-ddb5-4fa4-a97d-d965ccfc6d4b" outcome="Passed" testListId="8c84fa94-04c1-424b-9868-57a2d4851a1d" relativeResultsDirectory="87c03012-05a0-431a-a334-dff0831188db" />
    <UnitTestResult executionId="82e4fa83-b874-4b7d-8a0b-98480a042bc3" testId="b728ccec-68da-e762-c01d-1e8efd419495" testName="MapToErrorData_ShouldMapToExpectedErrorData_ForAllKnownExceptionMessages (Parameter 'top' not specified.,40000,0)" computerName="DKSR-EFI-06" duration="00:00:00.0000103" startTime="2024-01-09T15:41:18.7859747+01:00" endTime="2024-01-09T15:41:18.7861542+01:00" testType="13cdc9d9-ddb5-4fa4-a97d-d965ccfc6d4b" outcome="Passed" testListId="8c84fa94-04c1-424b-9868-57a2d4851a1d" relativeResultsDirectory="82e4fa83-b874-4b7d-8a0b-98480a042bc3" />
    <UnitTestResult executionId="2ed094fc-676a-4e4d-b059-80c244260f24" testId="c132f42e-804b-aa0b-ad93-c5e62780ffdc" testName="MapToErrorData_ShouldMapToExpectedErrorData_ForAllKnownExceptionMessages (Parameter 'zoom' not specified.,40000,0)" computerName="DKSR-EFI-06" duration="00:00:00.0000109" startTime="2024-01-09T15:41:18.7851261+01:00" endTime="2024-01-09T15:41:18.7853144+01:00" testType="13cdc9d9-ddb5-4fa4-a97d-d965ccfc6d4b" outcome="Passed" testListId="8c84fa94-04c1-424b-9868-57a2d4851a1d" relativeResultsDirectory="2ed094fc-676a-4e4d-b059-80c244260f24" />
    <UnitTestResult executionId="33547b0b-0bc1-4a22-aa62-052a5d3bdcc5" testId="09eefae4-2e21-9a9a-fc2e-946957ab7499" testName="MapToErrorData_ShouldMapToExpectedErrorData_ForAllKnownExceptionMessages (Parameter 'presetName' not specified.,40000,0)" computerName="DKSR-EFI-06" duration="00:00:00.0000115" startTime="2024-01-09T15:41:18.7887246+01:00" endTime="2024-01-09T15:41:18.7889102+01:00" testType="13cdc9d9-ddb5-4fa4-a97d-d965ccfc6d4b" outcome="Passed" testListId="8c84fa94-04c1-424b-9868-57a2d4851a1d" relativeResultsDirectory="33547b0b-0bc1-4a22-aa62-052a5d3bdcc5" />
    <UnitTestResult executionId="1e472d24-6bf6-4c78-b783-2419bfed75b4" testId="b83cb5d3-0d47-5ad5-c091-4d6023c2db3e" testName="MapToErrorData_ShouldMapToExpectedErrorData_ForAllKnownExceptionMessages (Execute request on non-active session is not allowed,40295,31)" computerName="DKSR-EFI-06" duration="00:00:00.0000083" startTime="2024-01-09T15:41:18.7720471+01:00" endTime="2024-01-09T15:41:18.7722248+01:00" testType="13cdc9d9-ddb5-4fa4-a97d-d965ccfc6d4b" outcome="Passed" testListId="8c84fa94-04c1-424b-9868-57a2d4851a1d" relativeResultsDirectory="1e472d24-6bf6-4c78-b783-2419bfed75b4" />
    <UnitTestResult executionId="5846557a-45f7-4966-9331-c99ab06a1b5f" testId="318abee3-0f05-4b07-dbed-658afa72fc15" testName="MapToErrorData_ShouldMapToExpectedErrorData_ForAllKnownExceptionMessages (Parameter 'command' not specified.,40000,0)" computerName="DKSR-EFI-06" duration="00:00:00.0000112" startTime="2024-01-09T15:41:18.7885169+01:00" endTime="2024-01-09T15:41:18.7887003+01:00" testType="13cdc9d9-ddb5-4fa4-a97d-d965ccfc6d4b" outcome="Passed" testListId="8c84fa94-04c1-424b-9868-57a2d4851a1d" relativeResultsDirectory="5846557a-45f7-4966-9331-c99ab06a1b5f" />
    <UnitTestResult executionId="e57a7b90-bc76-49e4-8e41-52772a006473" testId="844788f2-1eac-7aea-bacc-e338c6fa2a5b" testName="MapToErrorData_ShouldMapToExpectedErrorData_ForAllKnownExceptionMessages (Unable to get status for session. Session id: 'AACBA580-2202-4D25-9E27-2B193F56DEE9',40000,0)" computerName="DKSR-EFI-06" duration="00:00:00.0000216" startTime="2024-01-09T15:41:18.8135508+01:00" endTime="2024-01-09T15:41:18.8137667+01:00" testType="13cdc9d9-ddb5-4fa4-a97d-d965ccfc6d4b" outcome="Passed" testListId="8c84fa94-04c1-424b-9868-57a2d4851a1d" relativeResultsDirectory="e57a7b90-bc76-49e4-8e41-52772a006473" />
    <UnitTestResult executionId="169e2d55-1b76-44df-bcb6-b070a6871885" testId="0172c263-c69e-dcf3-9dbe-1f828258c794" testName="MapToErrorData_ShouldMapToExpectedErrorData_ForAllKnownExceptionMessages (Cannot start a session which is already running.,40295,32)" computerName="DKSR-EFI-06" duration="00:00:00.0000142" startTime="2024-01-09T15:41:18.7744280+01:00" endTime="2024-01-09T15:41:18.7746841+01:00" testType="13cdc9d9-ddb5-4fa4-a97d-d965ccfc6d4b" outcome="Passed" testListId="8c84fa94-04c1-424b-9868-57a2d4851a1d" relativeResultsDirectory="169e2d55-1b76-44df-bcb6-b070a6871885" />
    <UnitTestResult executionId="3a602c86-6204-45e9-a96e-bd5b0c6cfa6c" testId="3619a490-bc5c-47cd-b8da-2a1456ab51df" testName="MapToErrorData_ShouldMapToExpectedErrorData_ForAllKnownExceptionMessages (Parameter 'resultMotionMaskSize/Height' not specified.,40000,0)" computerName="DKSR-EFI-06" duration="00:00:00.0000156" startTime="2024-01-09T15:41:18.8013214+01:00" endTime="2024-01-09T15:41:18.8014806+01:00" testType="13cdc9d9-ddb5-4fa4-a97d-d965ccfc6d4b" outcome="Passed" testListId="8c84fa94-04c1-424b-9868-57a2d4851a1d" relativeResultsDirectory="3a602c86-6204-45e9-a96e-bd5b0c6cfa6c" />
    <UnitTestResult executionId="3bfd9754-c9c8-4016-8259-2aa686efc929" testId="c83f10a6-255e-e28d-e955-642a81959698" testName="MapToErrorData_ShouldMapToExpectedErrorData_ForAllKnownExceptionMessages (Manual Ptz control not allowed,40295,60)" computerName="DKSR-EFI-06" duration="00:00:00.0000076" startTime="2024-01-09T15:41:18.7784377+01:00" endTime="2024-01-09T15:41:18.7786018+01:00" testType="13cdc9d9-ddb5-4fa4-a97d-d965ccfc6d4b" outcome="Passed" testListId="8c84fa94-04c1-424b-9868-57a2d4851a1d" relativeResultsDirectory="3bfd9754-c9c8-4016-8259-2aa686efc929" />
    <UnitTestResult executionId="fb055b07-aed5-4c3b-8604-ea584ac8cd50" testId="0db8f075-8619-9924-cc7c-4e59947c272a" testName="MapToErrorData_ShouldMapToExpectedErrorData_ForAllKnownExceptionMessages (Unknown soap version,10003,0)" computerName="DKSR-EFI-06" duration="00:00:00.0000104" startTime="2024-01-09T15:41:18.8149180+01:00" endTime="2024-01-09T15:41:18.8151233+01:00" testType="13cdc9d9-ddb5-4fa4-a97d-d965ccfc6d4b" outcome="Passed" testListId="8c84fa94-04c1-424b-9868-57a2d4851a1d" relativeResultsDirectory="fb055b07-aed5-4c3b-8604-ea584ac8cd50" />
    <UnitTestResult executionId="951296ed-bd21-44b7-884e-0a307f6ecdcc" testId="04b8bb7e-04c6-569d-25ae-bc0c65c87fc3" testName="MapToErrorData_ShouldMapToExpectedErrorData_ForAllKnownExceptionMessages (Reading input is not allowed,40000,0)" computerName="DKSR-EFI-06" duration="00:00:00.0000087" startTime="2024-01-09T15:41:18.8057491+01:00" endTime="2024-01-09T15:41:18.8058862+01:00" testType="13cdc9d9-ddb5-4fa4-a97d-d965ccfc6d4b" outcome="Passed" testListId="8c84fa94-04c1-424b-9868-57a2d4851a1d" relativeResultsDirectory="951296ed-bd21-44b7-884e-0a307f6ecdcc" />
    <UnitTestResult executionId="5e82b2b9-0ce2-4826-afe9-8d3b6e270fb5" testId="7ddc7671-5ae7-bc55-7f8e-6733a585870b" testName="MapToErrorData_ShouldMapToExpectedErrorData_ForAllKnownExceptionMessages (Output Deactivate not allowed,40000,0)" computerName="DKSR-EFI-06" duration="00:00:00.0000117" startTime="2024-01-09T15:41:18.8078487+01:00" endTime="2024-01-09T15:41:18.8080564+01:00" testType="13cdc9d9-ddb5-4fa4-a97d-d965ccfc6d4b" outcome="Passed" testListId="8c84fa94-04c1-424b-9868-57a2d4851a1d" relativeResultsDirectory="5e82b2b9-0ce2-4826-afe9-8d3b6e270fb5" />
    <UnitTestResult executionId="7a83ff75-c594-46fa-882a-da48366aa780" testId="206f3a64-6a93-c3b3-fdc1-fa2dbccfeeb8" testName="MapToErrorData_ShouldMapToExpectedErrorData_ForAllKnownExceptionMessages (Feature not licensed.,40295,100)" computerName="DKSR-EFI-06" duration="00:00:00.0000108" startTime="2024-01-09T15:41:18.7806061+01:00" endTime="2024-01-09T15:41:18.7808247+01:00" testType="13cdc9d9-ddb5-4fa4-a97d-d965ccfc6d4b" outcome="Passed" testListId="8c84fa94-04c1-424b-9868-57a2d4851a1d" relativeResultsDirectory="7a83ff75-c594-46fa-882a-da48366aa780" />
    <UnitTestResult executionId="41b15388-c5d3-4fdf-9392-bbbfb26e9fa5" testId="1beb8332-0583-82ba-7cae-dc534d3baa46" testName="MapToErrorData_ShouldMapToExpectedErrorData_ForAllKnownExceptionMessages (Request rejected, request priority (2) equal to current patrolling priority (2).,40295,43)" computerName="DKSR-EFI-06" duration="00:00:00.0000111" startTime="2024-01-09T15:41:18.7776432+01:00" endTime="2024-01-09T15:41:18.7778622+01:00" testType="13cdc9d9-ddb5-4fa4-a97d-d965ccfc6d4b" outcome="Passed" testListId="8c84fa94-04c1-424b-9868-57a2d4851a1d" relativeResultsDirectory="41b15388-c5d3-4fdf-9392-bbbfb26e9fa5" />
    <UnitTestResult executionId="632fd52a-667d-4f92-a7b5-e05d4db5eb52" testId="1f6a76d9-e101-5abe-be6a-13a6863984ac" testName="MapToErrorData_ShouldMapToExpectedErrorData_ForAllKnownExceptionMessages (Parameter 'timeLineInformationTypes' not specified.,40000,0)" computerName="DKSR-EFI-06" duration="00:00:00.0000118" startTime="2024-01-09T15:41:18.8033994+01:00" endTime="2024-01-09T15:41:18.8035429+01:00" testType="13cdc9d9-ddb5-4fa4-a97d-d965ccfc6d4b" outcome="Passed" testListId="8c84fa94-04c1-424b-9868-57a2d4851a1d" relativeResultsDirectory="632fd52a-667d-4f92-a7b5-e05d4db5eb52" />
    <UnitTestResult executionId="873386db-c4ee-48ec-bc99-6d42abed8110" testId="a2281630-c4d9-efd6-98b7-aaac7b7f16b5" testName="MapToErrorData_ShouldMapToExpectedErrorData_ForAllKnownExceptionMessages (SearchCriteria 'xyz' not supported,40000,0)" computerName="DKSR-EFI-06" duration="00:00:00.0000146" startTime="2024-01-09T15:41:18.8116578+01:00" endTime="2024-01-09T15:41:18.8118441+01:00" testType="13cdc9d9-ddb5-4fa4-a97d-d965ccfc6d4b" outcome="Passed" testListId="8c84fa94-04c1-424b-9868-57a2d4851a1d" relativeResultsDirectory="873386db-c4ee-48ec-bc99-6d42abed8110" />
    <UnitTestResult executionId="79ddabd7-62b5-48e6-af65-402005cb5d7c" testId="72db4e34-b92e-92c6-4d35-448ba47eaa04" testName="MapToErrorData_ShouldMapToExpectedErrorData_ForAllKnownExceptionMessages (Device AACBA580-2202-4D25-9E27-2B193F56DEE9 is not a Ptz device,40295,10)" computerName="DKSR-EFI-06" duration="00:00:00.0000085" startTime="2024-01-09T15:41:18.7170347+01:00" endTime="2024-01-09T15:41:18.7172204+01:00" testType="13cdc9d9-ddb5-4fa4-a97d-d965ccfc6d4b" outcome="Passed" testListId="8c84fa94-04c1-424b-9868-57a2d4851a1d" relativeResultsDirectory="79ddabd7-62b5-48e6-af65-402005cb5d7c" />
    <UnitTestResult executionId="4714fa74-b300-4245-866b-13224d6a8e62" testId="537dc211-4666-e283-65c6-8c68a0413599" testName="MapToErrorData_ShouldMapToExpectedErrorData_ForAllKnownExceptionMessages (Parameter 'statusSessionId' not specified.,40000,0)" computerName="DKSR-EFI-06" duration="00:00:00.0000139" startTime="2024-01-09T15:41:18.8039370+01:00" endTime="2024-01-09T15:41:18.8040973+01:00" testType="13cdc9d9-ddb5-4fa4-a97d-d965ccfc6d4b" outcome="Passed" testListId="8c84fa94-04c1-424b-9868-57a2d4851a1d" relativeResultsDirectory="4714fa74-b300-4245-866b-13224d6a8e62" />
    <UnitTestResult executionId="58dbc3ca-e614-487c-8fae-b7b7e60fce9d" testId="426a4511-596c-578b-a773-b011c2a41a44" testName="MapToErrorData_ShouldMapToExpectedErrorData_ForAllKnownExceptionMessages (Get timeline information not allowed,40000,0)" computerName="DKSR-EFI-06" duration="00:00:00.0000180" startTime="2024-01-09T15:41:18.8112262+01:00" endTime="2024-01-09T15:41:18.8114059+01:00" testType="13cdc9d9-ddb5-4fa4-a97d-d965ccfc6d4b" outcome="Passed" testListId="8c84fa94-04c1-424b-9868-57a2d4851a1d" relativeResultsDirectory="58dbc3ca-e614-487c-8fae-b7b7e60fce9d" />
    <UnitTestResult executionId="cb391c96-8b05-45da-ad47-e22461db3169" testId="2e0a531a-9fca-50ea-f742-d0c411ede313" testName="MapToErrorData_ShouldMapToExpectedErrorData_ForAllKnownExceptionMessages (Cannot release patrolling session.,40295,42)" computerName="DKSR-EFI-06" duration="00:00:00.0000089" startTime="2024-01-09T15:41:18.7758476+01:00" endTime="2024-01-09T15:41:18.7760398+01:00" testType="13cdc9d9-ddb5-4fa4-a97d-d965ccfc6d4b" outcome="Passed" testListId="8c84fa94-04c1-424b-9868-57a2d4851a1d" relativeResultsDirectory="cb391c96-8b05-45da-ad47-e22461db3169" />
    <UnitTestResult executionId="d5ae617f-0f1d-4aa4-9440-7a2fc974048e" testId="041837e6-bf12-a9d6-af7c-ea1d177979b1" testName="MapToErrorData_ShouldMapToExpectedErrorData_ForAllKnownExceptionMessages (Cannot perform session request without an active session.,40295,30)" computerName="DKSR-EFI-06" duration="00:00:00.0000089" startTime="2024-01-09T15:41:18.7713919+01:00" endTime="2024-01-09T15:41:18.7715916+01:00" testType="13cdc9d9-ddb5-4fa4-a97d-d965ccfc6d4b" outcome="Passed" testListId="8c84fa94-04c1-424b-9868-57a2d4851a1d" relativeResultsDirectory="d5ae617f-0f1d-4aa4-9440-7a2fc974048e" />
    <UnitTestResult executionId="2022d96b-e8e4-4001-aefe-e1dfd762da6f" testId="8165c1f2-495b-6070-8ce9-c61046fb6cfb" testName="MapToErrorData_ShouldMapToExpectedErrorData_ForAllKnownExceptionMessages (Parameter 'right' not specified.,40000,0)" computerName="DKSR-EFI-06" duration="00:00:00.0000138" startTime="2024-01-09T15:41:18.7876121+01:00" endTime="2024-01-09T15:41:18.7878357+01:00" testType="13cdc9d9-ddb5-4fa4-a97d-d965ccfc6d4b" outcome="Passed" testListId="8c84fa94-04c1-424b-9868-57a2d4851a1d" relativeResultsDirectory="2022d96b-e8e4-4001-aefe-e1dfd762da6f" />
    <UnitTestResult executionId="2094d353-e423-46b1-ab56-f771d75ebaee" testId="5ca73389-7db4-3e7a-4464-cebcf0dce7ba" testName="MapToErrorData_ShouldMapToExpectedErrorData_ForAllKnownExceptionMessages (Parameter 'bottom' not specified.,40000,0)" computerName="DKSR-EFI-06" duration="00:00:00.0000164" startTime="2024-01-09T15:41:18.7880916+01:00" endTime="2024-01-09T15:41:18.7882830+01:00" testType="13cdc9d9-ddb5-4fa4-a97d-d965ccfc6d4b" outcome="Passed" testListId="8c84fa94-04c1-424b-9868-57a2d4851a1d" relativeResultsDirectory="2094d353-e423-46b1-ab56-f771d75ebaee" />
    <UnitTestResult executionId="17240b19-eff9-4ef1-b923-91369729b242" testId="7da8db57-0f5f-ee68-6304-3422a0dc193e" testName="MapToErrorData_ShouldMapToExpectedErrorData_ForAllKnownExceptionMessages (Parameter 'maxWidth' not specified.,40000,0)" computerName="DKSR-EFI-06" duration="00:00:00.0000116" startTime="2024-01-09T15:41:18.7822013+01:00" endTime="2024-01-09T15:41:18.7824287+01:00" testType="13cdc9d9-ddb5-4fa4-a97d-d965ccfc6d4b" outcome="Passed" testListId="8c84fa94-04c1-424b-9868-57a2d4851a1d" relativeResultsDirectory="17240b19-eff9-4ef1-b923-91369729b242" />
    <UnitTestResult executionId="9a322883-0e95-4ab8-9dbc-a0b9870f17ff" testId="236f6ea0-c341-2b6d-0426-2ce658d7fd1f" testName="MapToErrorData_ShouldMapToExpectedErrorData_ForAllKnownExceptionMessages (Invalid format. Value 'MicroSeconds' not specified for 'duration' parameter.,40000,0)" computerName="DKSR-EFI-06" duration="00:00:00.0000107" startTime="2024-01-09T15:41:18.8080797+01:00" endTime="2024-01-09T15:41:18.8082181+01:00" testType="13cdc9d9-ddb5-4fa4-a97d-d965ccfc6d4b" outcome="Passed" testListId="8c84fa94-04c1-424b-9868-57a2d4851a1d" relativeResultsDirectory="9a322883-0e95-4ab8-9dbc-a0b9870f17ff" />
    <UnitTestResult executionId="19044939-2288-4538-bf7a-b014a02a5bc5" testId="6629b8ce-27d6-55a9-c243-f84a8de15019" testName="MapToErrorData_ShouldMapToExpectedErrorData_ForAllKnownExceptionMessages (Smart Search Start not allowed,40000,0)" computerName="DKSR-EFI-06" duration="00:00:00.0000110" startTime="2024-01-09T15:41:18.8110684+01:00" endTime="2024-01-09T15:41:18.8112035+01:00" testType="13cdc9d9-ddb5-4fa4-a97d-d965ccfc6d4b" outcome="Passed" testListId="8c84fa94-04c1-424b-9868-57a2d4851a1d" relativeResultsDirectory="19044939-2288-4538-bf7a-b014a02a5bc5" />
    <UnitTestResult executionId="ff384645-d6dc-4777-932a-12d85ac46a3d" testId="0bf3b0f7-e0cd-6212-e6b0-a59c4973159e" testName="MapToErrorData_ShouldMapToExpectedErrorData_ForAllKnownExceptionMessages (Content-Length is not valid,10000,0)" computerName="DKSR-EFI-06" duration="00:00:00.0000329" startTime="2024-01-09T15:41:18.8156608+01:00" endTime="2024-01-09T15:41:18.8158857+01:00" testType="13cdc9d9-ddb5-4fa4-a97d-d965ccfc6d4b" outcome="Passed" testListId="8c84fa94-04c1-424b-9868-57a2d4851a1d" relativeResultsDirectory="ff384645-d6dc-4777-932a-12d85ac46a3d" />
    <UnitTestResult executionId="2e93ac2a-f9d2-423e-b33a-f01a42acce14" testId="afbc2e20-6580-8ac8-d57a-ae0945472a4b" testName="MapToErrorData_ShouldMapToExpectedErrorData_ForAllKnownExceptionMessages (Parameter 'maxCountAfter' not specified.,40000,0)" computerName="DKSR-EFI-06" duration="00:00:00.0000120" startTime="2024-01-09T15:41:18.7972713+01:00" endTime="2024-01-09T15:41:18.7974166+01:00" testType="13cdc9d9-ddb5-4fa4-a97d-d965ccfc6d4b" outcome="Passed" testListId="8c84fa94-04c1-424b-9868-57a2d4851a1d" relativeResultsDirectory="2e93ac2a-f9d2-423e-b33a-f01a42acce14" />
    <UnitTestResult executionId="58206c77-4dd1-4d63-a679-d67ecd57add2" testId="3891c50c-b169-753c-b248-449349b5dcdf" testName="MapToErrorData_ShouldMapToExpectedErrorData_ForAllKnownExceptionMessages (Parameter 'maxHeight' not specified.,40000,0)" computerName="DKSR-EFI-06" duration="00:00:00.0000096" startTime="2024-01-09T15:41:18.7824616+01:00" endTime="2024-01-09T15:41:18.7826521+01:00" testType="13cdc9d9-ddb5-4fa4-a97d-d965ccfc6d4b" outcome="Passed" testListId="8c84fa94-04c1-424b-9868-57a2d4851a1d" relativeResultsDirectory="58206c77-4dd1-4d63-a679-d67ecd57add2" />
    <UnitTestResult executionId="57357472-ece3-4644-9a88-af406416d215" testId="400d8571-f743-9b7d-648b-c708fbcdc834" testName="MapToErrorData_ShouldMapToExpectedErrorData_ForAllKnownExceptionMessages (Parameter 'minTime' not specified.,40000,0)" computerName="DKSR-EFI-06" duration="00:00:00.0000125" startTime="2024-01-09T15:41:18.7952816+01:00" endTime="2024-01-09T15:41:18.7954680+01:00" testType="13cdc9d9-ddb5-4fa4-a97d-d965ccfc6d4b" outcome="Passed" testListId="8c84fa94-04c1-424b-9868-57a2d4851a1d" relativeResultsDirectory="57357472-ece3-4644-9a88-af406416d215" />
    <UnitTestResult executionId="e2ea35dc-6e1f-40e6-8c1f-1379ee803ad0" testId="02eb1136-154c-feaf-762b-a5a207d56ffe" testName="MapToErrorData_ShouldReturnNull_WhenExceptionMessageIsUnmapped" computerName="DKSR-EFI-06" duration="00:00:00.0001887" startTime="2024-01-09T15:41:18.8159133+01:00" endTime="2024-01-09T15:41:18.8213754+01:00" testType="13cdc9d9-ddb5-4fa4-a97d-d965ccfc6d4b" outcome="Passed" testListId="8c84fa94-04c1-424b-9868-57a2d4851a1d" relativeResultsDirectory="e2ea35dc-6e1f-40e6-8c1f-1379ee803ad0" />
    <UnitTestResult executionId="880b2b66-b227-4f25-bc1a-5b4e7fed9c01" testId="48bd61b1-7485-014a-656b-6fcc1d93a6dc" testName="MapToErrorData_ShouldMapToExpectedErrorData_ForAllKnownExceptionMessages (Parameter 'centerX' not specified.,40000,0)" computerName="DKSR-EFI-06" duration="00:00:00.0000116" startTime="2024-01-09T15:41:18.7846132+01:00" endTime="2024-01-09T15:41:18.7848136+01:00" testType="13cdc9d9-ddb5-4fa4-a97d-d965ccfc6d4b" outcome="Passed" testListId="8c84fa94-04c1-424b-9868-57a2d4851a1d" relativeResultsDirectory="880b2b66-b227-4f25-bc1a-5b4e7fed9c01" />
    <UnitTestResult executionId="276c819d-bfa9-4b61-9221-d3ceabc00961" testId="fa3791c7-e8ce-0409-854d-b45e4d8d32d4" testName="MapToErrorData_ShouldMapToExpectedErrorData_ForAllKnownExceptionMessages (Parameter 'duration' not specified.,40000,0)" computerName="DKSR-EFI-06" duration="00:00:00.0000173" startTime="2024-01-09T15:41:18.7826737+01:00" endTime="2024-01-09T15:41:18.7828740+01:00" testType="13cdc9d9-ddb5-4fa4-a97d-d965ccfc6d4b" outcome="Passed" testListId="8c84fa94-04c1-424b-9868-57a2d4851a1d" relativeResultsDirectory="276c819d-bfa9-4b61-9221-d3ceabc00961" />
    <UnitTestResult executionId="13dafeb5-752e-4ede-b414-a7a9ef886e66" testId="93698d26-1cb1-0d70-a79a-9e202541888d" testName="MapToErrorData_ShouldMapToExpectedErrorData_ForAllKnownExceptionMessages (Invalid soap message,10002,0)" computerName="DKSR-EFI-06" duration="00:00:00.0000170" startTime="2024-01-09T15:41:18.8145782+01:00" endTime="2024-01-09T15:41:18.8148526+01:00" testType="13cdc9d9-ddb5-4fa4-a97d-d965ccfc6d4b" outcome="Passed" testListId="8c84fa94-04c1-424b-9868-57a2d4851a1d" relativeResultsDirectory="13dafeb5-752e-4ede-b414-a7a9ef886e66" />
    <UnitTestResult executionId="0084d9d7-4e0a-4b33-bb78-621444d32e89" testId="65967649-297f-d191-e743-54e4eed8afed" testName="MapToErrorData_ShouldMapToExpectedErrorData_ForAllKnownExceptionMessages (Request rejected, cannot pause a reserved session,40295,71)" computerName="DKSR-EFI-06" duration="00:00:00.0000117" startTime="2024-01-09T15:41:18.7788531+01:00" endTime="2024-01-09T15:41:18.7790422+01:00" testType="13cdc9d9-ddb5-4fa4-a97d-d965ccfc6d4b" outcome="Passed" testListId="8c84fa94-04c1-424b-9868-57a2d4851a1d" relativeResultsDirectory="0084d9d7-4e0a-4b33-bb78-621444d32e89" />
    <UnitTestResult executionId="d1052280-f20e-46d4-8bf2-7f897f3a07d9" testId="e78489c1-65df-995e-ceb9-0b1adee1e4b3" testName="MapToErrorData_ShouldMapToExpectedErrorData_ForAllKnownExceptionMessages (Parameter 'deviceId' not specified.,40000,0)" computerName="DKSR-EFI-06" duration="00:00:00.0000136" startTime="2024-01-09T15:41:18.7814379+01:00" endTime="2024-01-09T15:41:18.7817196+01:00" testType="13cdc9d9-ddb5-4fa4-a97d-d965ccfc6d4b" outcome="Passed" testListId="8c84fa94-04c1-424b-9868-57a2d4851a1d" relativeResultsDirectory="d1052280-f20e-46d4-8bf2-7f897f3a07d9" />
    <UnitTestResult executionId="b967a599-47fa-4beb-8749-e4b40225031d" testId="bea61d3a-b596-676c-8420-e52dc4bdb5ee" testName="MapToErrorData_ShouldMapToExpectedErrorData_ForAllKnownExceptionMessages (Parameter 'searchInterval' not specified.,40000,0)" computerName="DKSR-EFI-06" duration="00:00:00.0000170" startTime="2024-01-09T15:41:18.7993093+01:00" endTime="2024-01-09T15:41:18.7995143+01:00" testType="13cdc9d9-ddb5-4fa4-a97d-d965ccfc6d4b" outcome="Passed" testListId="8c84fa94-04c1-424b-9868-57a2d4851a1d" relativeResultsDirectory="b967a599-47fa-4beb-8749-e4b40225031d" />
    <UnitTestResult executionId="bef86812-13f4-4375-8d9d-27a8a8ab1d3c" testId="bf4683fe-e278-b0bb-2085-5598b3ec6125" testName="MapToErrorData_ShouldMapToExpectedErrorData_ForAllKnownExceptionMessages (Cannot resume patrolling when not paused, deviceId=AACBA580-2202-4D25-9E27-2B193F56DEE9,40295,41)" computerName="DKSR-EFI-06" duration="00:00:00.0000093" startTime="2024-01-09T15:41:18.7753574+01:00" endTime="2024-01-09T15:41:18.7755372+01:00" testType="13cdc9d9-ddb5-4fa4-a97d-d965ccfc6d4b" outcome="Passed" testListId="8c84fa94-04c1-424b-9868-57a2d4851a1d" relativeResultsDirectory="bef86812-13f4-4375-8d9d-27a8a8ab1d3c" />
    <UnitTestResult executionId="a9a7c5b1-d6a1-482b-97ad-c621663d0659" testId="409e1e3c-c230-1fdd-2348-0e5d7f2fb262" testName="MapToErrorData_ShouldMapToExpectedErrorData_ForAllKnownExceptionMessages (Parameter 'searchMask' not specified.,40000,0)" computerName="DKSR-EFI-06" duration="00:00:00.0000166" startTime="2024-01-09T15:41:18.7999267+01:00" endTime="2024-01-09T15:41:18.8002478+01:00" testType="13cdc9d9-ddb5-4fa4-a97d-d965ccfc6d4b" outcome="Passed" testListId="8c84fa94-04c1-424b-9868-57a2d4851a1d" relativeResultsDirectory="a9a7c5b1-d6a1-482b-97ad-c621663d0659" />
    <UnitTestResult executionId="743bbfd3-74d3-45c3-ae0d-7d08e3a528ef" testId="3d3e0d26-4670-fc08-72af-6dfc81c27261" testName="MapToErrorData_ShouldMapToExpectedErrorData_ForAllKnownExceptionMessages (Request skipped - too many requests in queue,40295,21)" computerName="DKSR-EFI-06" duration="00:00:00.0000148" startTime="2024-01-09T15:41:18.7711797+01:00" endTime="2024-01-09T15:41:18.7713679+01:00" testType="13cdc9d9-ddb5-4fa4-a97d-d965ccfc6d4b" outcome="Passed" testListId="8c84fa94-04c1-424b-9868-57a2d4851a1d" relativeResultsDirectory="743bbfd3-74d3-45c3-ae0d-7d08e3a528ef" />
    <UnitTestResult executionId="2ba6ced8-b6f4-41a8-b926-53e7bf4c2405" testId="2e4dab93-7254-9a59-2cd6-e0afcb3c4c87" testName="MapToErrorData_ShouldMapToExpectedErrorData_ForAllKnownExceptionMessages (Output Activate not allowed,40000,0)" computerName="DKSR-EFI-06" duration="00:00:00.0000122" startTime="2024-01-09T15:41:18.8076407+01:00" endTime="2024-01-09T15:41:18.8078199+01:00" testType="13cdc9d9-ddb5-4fa4-a97d-d965ccfc6d4b" outcome="Passed" testListId="8c84fa94-04c1-424b-9868-57a2d4851a1d" relativeResultsDirectory="2ba6ced8-b6f4-41a8-b926-53e7bf4c2405" />
    <UnitTestResult executionId="53e0f9f1-2e46-4e12-897a-f93088a5d414" testId="1b058b97-bb74-15a8-7317-ac184b91873a" testName="MapToErrorData_ShouldMapToExpectedErrorData_ForAllKnownExceptionMessages (Manual patrolling cannot be released,40295,42)" computerName="DKSR-EFI-06" duration="00:00:00.0000117" startTime="2024-01-09T15:41:18.7756166+01:00" endTime="2024-01-09T15:41:18.7758176+01:00" testType="13cdc9d9-ddb5-4fa4-a97d-d965ccfc6d4b" outcome="Passed" testListId="8c84fa94-04c1-424b-9868-57a2d4851a1d" relativeResultsDirectory="53e0f9f1-2e46-4e12-897a-f93088a5d414" />
    <UnitTestResult executionId="c38751e4-974f-4c20-b88e-9b352a1bbcb2" testId="f9a6f506-b66a-c128-3b7e-3c3a5651ca82" testName="MapToErrorData_ShouldMapToExpectedErrorData_ForAllKnownExceptionMessages (Request rejected, no active session.,40295,30)" computerName="DKSR-EFI-06" duration="00:00:00.0000081" startTime="2024-01-09T15:41:18.7716219+01:00" endTime="2024-01-09T15:41:18.7718121+01:00" testType="13cdc9d9-ddb5-4fa4-a97d-d965ccfc6d4b" outcome="Passed" testListId="8c84fa94-04c1-424b-9868-57a2d4851a1d" relativeResultsDirectory="c38751e4-974f-4c20-b88e-9b352a1bbcb2" />
    <UnitTestResult executionId="80e3fe4a-bc3c-405b-b920-3e582f25b606" testId="faa7f702-2a50-8393-bfa4-c89abc9cf201" testName="MapToErrorData_ShouldMapToExpectedErrorData_ForAllKnownExceptionMessages (No response,40000,0)" computerName="DKSR-EFI-06" duration="00:00:00.0000087" startTime="2024-01-09T15:41:18.8086996+01:00" endTime="2024-01-09T15:41:18.8088381+01:00" testType="13cdc9d9-ddb5-4fa4-a97d-d965ccfc6d4b" outcome="Passed" testListId="8c84fa94-04c1-424b-9868-57a2d4851a1d" relativeResultsDirectory="80e3fe4a-bc3c-405b-b920-3e582f25b606" />
    <UnitTestResult executionId="00c220d0-f0ed-43c6-a644-41e4e2f28f56" testId="5cf3b2ae-2d74-b3e5-ee80-ac4a8824c3e9" testName="MapToErrorData_ShouldMapToExpectedErrorData_ForAllKnownExceptionMessages (Token expired,20001,3)" computerName="DKSR-EFI-06" duration="00:00:00.0000099" startTime="2024-01-09T15:41:18.7150712+01:00" endTime="2024-01-09T15:41:18.7153003+01:00" testType="13cdc9d9-ddb5-4fa4-a97d-d965ccfc6d4b" outcome="Passed" testListId="8c84fa94-04c1-424b-9868-57a2d4851a1d" relativeResultsDirectory="00c220d0-f0ed-43c6-a644-41e4e2f28f56" />
    <UnitTestResult executionId="2ddd2041-56e6-4a25-ae5e-89a8964c1b25" testId="005b709b-e005-a42e-b032-10c404536796" testName="MapToErrorData_ShouldMapToExpectedErrorData_ForAllKnownExceptionMessages (Parameter 'deviceIds' not specified.,40000,0)" computerName="DKSR-EFI-06" duration="00:00:00.0000112" startTime="2024-01-09T15:41:18.8035609+01:00" endTime="2024-01-09T15:41:18.8037027+01:00" testType="13cdc9d9-ddb5-4fa4-a97d-d965ccfc6d4b" outcome="Passed" testListId="8c84fa94-04c1-424b-9868-57a2d4851a1d" relativeResultsDirectory="2ddd2041-56e6-4a25-ae5e-89a8964c1b25" />
    <UnitTestResult executionId="893c4f32-6817-4159-9465-d742dba53090" testId="c924bc3e-90cd-8153-1719-5cc6f0ffa6e2" testName="MapToErrorData_ShouldMapToExpectedErrorData_ForAllKnownExceptionMessages (Parameter 'timeLineInformationCount' &lt;= 0.,40000,0)" computerName="DKSR-EFI-06" duration="00:00:00.0000132" startTime="2024-01-09T15:41:18.8032194+01:00" endTime="2024-01-09T15:41:18.8033803+01:00" testType="13cdc9d9-ddb5-4fa4-a97d-d965ccfc6d4b" outcome="Passed" testListId="8c84fa94-04c1-424b-9868-57a2d4851a1d" relativeResultsDirectory="893c4f32-6817-4159-9465-d742dba53090" />
    <UnitTestResult executionId="5dd890e6-288e-4d98-bd5b-8d44dcf4c791" testId="07dcff8b-3ed9-cd06-a5f2-3ccd387e7839" testName="MapToErrorData_ShouldMapToExpectedErrorData_ForAllKnownExceptionMessages (Export of JPEG not allowed,40000,0)" computerName="DKSR-EFI-06" duration="00:00:00.0000077" startTime="2024-01-09T15:41:18.8060594+01:00" endTime="2024-01-09T15:41:18.8061990+01:00" testType="13cdc9d9-ddb5-4fa4-a97d-d965ccfc6d4b" outcome="Passed" testListId="8c84fa94-04c1-424b-9868-57a2d4851a1d" relativeResultsDirectory="5dd890e6-288e-4d98-bd5b-8d44dcf4c791" />
    <UnitTestResult executionId="9e1566ef-1d81-4144-9679-9cda14585907" testId="188b3af4-6927-b785-000e-964472ccc180" testName="MapToErrorData_ShouldMapToExpectedErrorData_ForAllKnownExceptionMessages (Request rejected, request priority (1) lower than current priority (2).,40295,20)" computerName="DKSR-EFI-06" duration="00:00:00.0000105" startTime="2024-01-09T15:41:18.7707248+01:00" endTime="2024-01-09T15:41:18.7709347+01:00" testType="13cdc9d9-ddb5-4fa4-a97d-d965ccfc6d4b" outcome="Passed" testListId="8c84fa94-04c1-424b-9868-57a2d4851a1d" relativeResultsDirectory="9e1566ef-1d81-4144-9679-9cda14585907" />
    <UnitTestResult executionId="365f7126-43e0-4ddd-8d85-f546be6ea175" testId="3dcfce6c-f0bc-2783-2af2-6450bc06a5dd" testName="MapToErrorData_ShouldMapToExpectedErrorData_ForAllKnownExceptionMessages (Parameter 'timeLineInformationBeginTime' not specified.,40000,0)" computerName="DKSR-EFI-06" duration="00:00:00.0000165" startTime="2024-01-09T15:41:18.8024955+01:00" endTime="2024-01-09T15:41:18.8026850+01:00" testType="13cdc9d9-ddb5-4fa4-a97d-d965ccfc6d4b" outcome="Passed" testListId="8c84fa94-04c1-424b-9868-57a2d4851a1d" relativeResultsDirectory="365f7126-43e0-4ddd-8d85-f546be6ea175" />
    <UnitTestResult executionId="0908b94e-a301-4dc8-80bb-22a3b38f2efc" testId="33544677-77f3-7f4d-de85-e0e9e8845253" testName="MapToErrorData_ShouldMapToExpectedErrorData_ForAllKnownExceptionMessages (Token could not be validated at this time,20001,4)" computerName="DKSR-EFI-06" duration="00:00:00.0000079" startTime="2024-01-09T15:41:18.7153368+01:00" endTime="2024-01-09T15:41:18.7155231+01:00" testType="13cdc9d9-ddb5-4fa4-a97d-d965ccfc6d4b" outcome="Passed" testListId="8c84fa94-04c1-424b-9868-57a2d4851a1d" relativeResultsDirectory="0908b94e-a301-4dc8-80bb-22a3b38f2efc" />
    <UnitTestResult executionId="da8f8002-ba29-4028-a695-a15a1c795458" testId="8068d011-df3c-233c-b34c-11f411245362" testName="MapToErrorData_ShouldMapToExpectedErrorData_ForAllKnownExceptionMessages (Parameter 'maxCount' not specified.,40000,0)" computerName="DKSR-EFI-06" duration="00:00:00.0000181" startTime="2024-01-09T15:41:18.7966498+01:00" endTime="2024-01-09T15:41:18.7968781+01:00" testType="13cdc9d9-ddb5-4fa4-a97d-d965ccfc6d4b" outcome="Passed" testListId="8c84fa94-04c1-424b-9868-57a2d4851a1d" relativeResultsDirectory="da8f8002-ba29-4028-a695-a15a1c795458" />
    <UnitTestResult executionId="b1d8ecab-db7d-419a-8db5-cba6deb7595f" testId="4c6af3c0-d426-84fb-ecff-c92a0807b57d" testName="MapToErrorData_ShouldMapToExpectedErrorData_ForAllKnownExceptionMessages (Parameter 'continueSearch' not specified.,40000,0)" computerName="DKSR-EFI-06" duration="00:00:00.0000122" startTime="2024-01-09T15:41:18.7975958+01:00" endTime="2024-01-09T15:41:18.7977337+01:00" testType="13cdc9d9-ddb5-4fa4-a97d-d965ccfc6d4b" outcome="Passed" testListId="8c84fa94-04c1-424b-9868-57a2d4851a1d" relativeResultsDirectory="b1d8ecab-db7d-419a-8db5-cba6deb7595f" />
    <UnitTestResult executionId="293d5be2-87f7-48cc-9557-c7bfb424772c" testId="a20b4e16-e517-2d86-aaba-2af350130b01" testName="MapToErrorData_ShouldMapToExpectedErrorData_ForAllKnownExceptionMessages (Cannot release other users manual patrolling session,40295,90)" computerName="DKSR-EFI-06" duration="00:00:00.0000104" startTime="2024-01-09T15:41:18.7792897+01:00" endTime="2024-01-09T15:41:18.7794719+01:00" testType="13cdc9d9-ddb5-4fa4-a97d-d965ccfc6d4b" outcome="Passed" testListId="8c84fa94-04c1-424b-9868-57a2d4851a1d" relativeResultsDirectory="293d5be2-87f7-48cc-9557-c7bfb424772c" />
    <UnitTestResult executionId="c1a55ea7-9048-45c2-90cf-51d397dfba34" testId="d046baf2-39e8-c10b-cdc6-2596bb06915f" testName="MapToErrorData_ShouldMapToExpectedErrorData_ForAllKnownExceptionMessages (Ptz device request failed,40295,0)" computerName="DKSR-EFI-06" duration="00:00:00.0003834" startTime="2024-01-09T15:41:18.7155545+01:00" endTime="2024-01-09T15:41:18.7161354+01:00" testType="13cdc9d9-ddb5-4fa4-a97d-d965ccfc6d4b" outcome="Passed" testListId="8c84fa94-04c1-424b-9868-57a2d4851a1d" relativeResultsDirectory="c1a55ea7-9048-45c2-90cf-51d397dfba34" />
    <UnitTestResult executionId="222dc642-6192-4b4a-959f-356d4129d9ec" testId="f635cd27-80eb-0aa5-e577-37d722671965" testName="MapToErrorData_ShouldMapToExpectedErrorData_ForAllKnownExceptionMessages (Parameter 'left' not a double.,40000,0)" computerName="DKSR-EFI-06" duration="00:00:00.0000102" startTime="2024-01-09T15:41:18.7857615+01:00" endTime="2024-01-09T15:41:18.7859459+01:00" testType="13cdc9d9-ddb5-4fa4-a97d-d965ccfc6d4b" outcome="Passed" testListId="8c84fa94-04c1-424b-9868-57a2d4851a1d" relativeResultsDirectory="222dc642-6192-4b4a-959f-356d4129d9ec" />
    <UnitTestResult executionId="b641c7d0-31f5-43d1-8c62-578a6c48e5fa" testId="76c702ae-9d89-ae34-b428-263e172f3991" testName="MapToErrorData_ShouldMapToExpectedErrorData_ForAllKnownExceptionMessages (Request rejected, current active ptz session is exclusive,40295,80)" computerName="DKSR-EFI-06" duration="00:00:00.0000106" startTime="2024-01-09T15:41:18.7790691+01:00" endTime="2024-01-09T15:41:18.7792580+01:00" testType="13cdc9d9-ddb5-4fa4-a97d-d965ccfc6d4b" outcome="Passed" testListId="8c84fa94-04c1-424b-9868-57a2d4851a1d" relativeResultsDirectory="b641c7d0-31f5-43d1-8c62-578a6c48e5fa" />
    <UnitTestResult executionId="cac1a6ab-3f85-4bf7-85b9-59d97ecacdef" testId="95abe8be-4dd1-1e7f-6580-bed2dbfaad65" testName="MapToErrorData_ShouldMapToExpectedErrorData_ForAllKnownExceptionMessages (Parameter 'refHeight' not specified.,40000,0)" computerName="DKSR-EFI-06" duration="00:00:00.0000193" startTime="2024-01-09T15:41:18.7843471+01:00" endTime="2024-01-09T15:41:18.7845814+01:00" testType="13cdc9d9-ddb5-4fa4-a97d-d965ccfc6d4b" outcome="Passed" testListId="8c84fa94-04c1-424b-9868-57a2d4851a1d" relativeResultsDirectory="cac1a6ab-3f85-4bf7-85b9-59d97ecacdef" />
    <UnitTestResult executionId="a3a4b1ca-c065-48d1-bf68-545742fb5016" testId="01ddccd1-9039-984e-193d-ad028964b920" testName="MapToErrorData_ShouldMapToExpectedErrorData_ForAllKnownExceptionMessages (Sequences Get Around With Span not allowed,40000,0)" computerName="DKSR-EFI-06" duration="00:00:00.0000145" startTime="2024-01-09T15:41:18.8105403+01:00" endTime="2024-01-09T15:41:18.8106920+01:00" testType="13cdc9d9-ddb5-4fa4-a97d-d965ccfc6d4b" outcome="Passed" testListId="8c84fa94-04c1-424b-9868-57a2d4851a1d" relativeResultsDirectory="a3a4b1ca-c065-48d1-bf68-545742fb5016" />
    <UnitTestResult executionId="694c37c6-b439-4dc6-8a46-087438499579" testId="fe597369-cabd-61b0-f134-60cdb315f2cf" testName="MapToErrorData_ShouldMapToExpectedErrorData_ForAllKnownExceptionMessages (Export of JPEG not allowed(restricted media or dataSecurityExtension),40000,0)" computerName="DKSR-EFI-06" duration="00:00:00.0000115" startTime="2024-01-09T15:41:18.8062176+01:00" endTime="2024-01-09T15:41:18.8063606+01:00" testType="13cdc9d9-ddb5-4fa4-a97d-d965ccfc6d4b" outcome="Passed" testListId="8c84fa94-04c1-424b-9868-57a2d4851a1d" relativeResultsDirectory="694c37c6-b439-4dc6-8a46-087438499579" />
    <UnitTestResult executionId="9e7a093f-fa99-41f4-a87e-1a6625ceade8" testId="e4710acc-05af-3f3e-4428-0a2252dcf1ea" testName="MapToErrorData_ShouldMapToExpectedErrorData_ForAllKnownExceptionMessages (Parameter 'searchMask/Size/Width' not specified.,40000,0)" computerName="DKSR-EFI-06" duration="00:00:00.0000130" startTime="2024-01-09T15:41:18.8004805+01:00" endTime="2024-01-09T15:41:18.8006332+01:00" testType="13cdc9d9-ddb5-4fa4-a97d-d965ccfc6d4b" outcome="Passed" testListId="8c84fa94-04c1-424b-9868-57a2d4851a1d" relativeResultsDirectory="9e7a093f-fa99-41f4-a87e-1a6625ceade8" />
    <UnitTestResult executionId="341d93fd-c9d8-4037-83d9-58d771497ed9" testId="d99987be-0832-3335-e237-6feaa4d6fa98" testName="MapToErrorData_ShouldMapToExpectedErrorData_ForAllKnownExceptionMessages (Parameter 'centerTime' not specified.,40000,0)" computerName="DKSR-EFI-06" duration="00:00:00.0000137" startTime="2024-01-09T15:41:18.7969143+01:00" endTime="2024-01-09T15:41:18.7970707+01:00" testType="13cdc9d9-ddb5-4fa4-a97d-d965ccfc6d4b" outcome="Passed" testListId="8c84fa94-04c1-424b-9868-57a2d4851a1d" relativeResultsDirectory="341d93fd-c9d8-4037-83d9-58d771497ed9" />
    <UnitTestResult executionId="acb9b86a-5623-4a15-ac49-73de46225c71" testId="46a07f50-6978-3234-bae5-ff64b7e68828" testName="MapToErrorData_ShouldMapToExpectedErrorData_ForAllKnownExceptionMessages (Viewing of live JPEG not allowed,40000,0)" computerName="DKSR-EFI-06" duration="00:00:00.0000087" startTime="2024-01-09T15:41:18.8063838+01:00" endTime="2024-01-09T15:41:18.8065242+01:00" testType="13cdc9d9-ddb5-4fa4-a97d-d965ccfc6d4b" outcome="Passed" testListId="8c84fa94-04c1-424b-9868-57a2d4851a1d" relativeResultsDirectory="acb9b86a-5623-4a15-ac49-73de46225c71" />
    <UnitTestResult executionId="d057aff2-9c5f-4ba3-85b7-6342dbb22555" testId="89b3b998-ca65-cc5b-c4f2-e398a8d0156e" testName="MapToErrorData_ShouldMapToExpectedErrorData_ForAllKnownExceptionMessages (Invalid search criteria: xyz,40000,0)" computerName="DKSR-EFI-06" duration="00:00:00.0000085" startTime="2024-01-09T15:41:18.8059069+01:00" endTime="2024-01-09T15:41:18.8060380+01:00" testType="13cdc9d9-ddb5-4fa4-a97d-d965ccfc6d4b" outcome="Passed" testListId="8c84fa94-04c1-424b-9868-57a2d4851a1d" relativeResultsDirectory="d057aff2-9c5f-4ba3-85b7-6342dbb22555" />
    <UnitTestResult executionId="1fb3e597-3b62-4c6e-8a6e-ed85c74128a1" testId="3764e6d9-e325-3b1f-bcc6-b9654fde8c25" testName="MapToErrorData_ShouldMapToExpectedErrorData_ForAllKnownExceptionMessages (Parameter 'ptzArgs' not specified.,40000,0)" computerName="DKSR-EFI-06" duration="00:00:00.0000103" startTime="2024-01-09T15:41:18.7853438+01:00" endTime="2024-01-09T15:41:18.7855313+01:00" testType="13cdc9d9-ddb5-4fa4-a97d-d965ccfc6d4b" outcome="Passed" testListId="8c84fa94-04c1-424b-9868-57a2d4851a1d" relativeResultsDirectory="1fb3e597-3b62-4c6e-8a6e-ed85c74128a1" />
    <UnitTestResult executionId="951f4540-c55a-4e54-bb55-b6ff8dadc5ec" testId="8f765b14-bd69-1133-f585-3d3b4c296915" testName="MapToErrorData_ShouldMapToExpectedErrorData_ForAllKnownExceptionMessages (Cannot perform session request on non-active session.,40295,31)" computerName="DKSR-EFI-06" duration="00:00:00.0000086" startTime="2024-01-09T15:41:18.7718348+01:00" endTime="2024-01-09T15:41:18.7720237+01:00" testType="13cdc9d9-ddb5-4fa4-a97d-d965ccfc6d4b" outcome="Passed" testListId="8c84fa94-04c1-424b-9868-57a2d4851a1d" relativeResultsDirectory="951f4540-c55a-4e54-bb55-b6ff8dadc5ec" />
    <UnitTestResult executionId="d843d5aa-752c-4e77-a077-1038d3808349" testId="5a68d1b1-3764-a97e-103c-43aac4391a48" testName="MapToErrorData_ShouldMapToExpectedErrorData_ForAllKnownExceptionMessages (Parameter 'searchBeginTime' not specified.,40000,0)" computerName="DKSR-EFI-06" duration="00:00:00.0000110" startTime="2024-01-09T15:41:18.7977540+01:00" endTime="2024-01-09T15:41:18.7978949+01:00" testType="13cdc9d9-ddb5-4fa4-a97d-d965ccfc6d4b" outcome="Passed" testListId="8c84fa94-04c1-424b-9868-57a2d4851a1d" relativeResultsDirectory="d843d5aa-752c-4e77-a077-1038d3808349" />
    <UnitTestResult executionId="434615ce-d363-4d1b-8cca-d43bf84531e0" testId="6477e2fd-ede0-3fab-b4ce-ab42ee4d0d8c" testName="MapToErrorData_ShouldMapToExpectedErrorData_ForAllKnownExceptionMessages (Parameter 'resultMotionMaskSize/Width' not specified.,40000,0)" computerName="DKSR-EFI-06" duration="00:00:00.0000159" startTime="2024-01-09T15:41:18.8011002+01:00" endTime="2024-01-09T15:41:18.8012938+01:00" testType="13cdc9d9-ddb5-4fa4-a97d-d965ccfc6d4b" outcome="Passed" testListId="8c84fa94-04c1-424b-9868-57a2d4851a1d" relativeResultsDirectory="434615ce-d363-4d1b-8cca-d43bf84531e0" />
    <UnitTestResult executionId="8793df1a-7699-4e2b-afa2-f911f68af042" testId="d67cfc28-21b3-7273-e089-4f7e7d73d987" testName="MapToErrorData_ShouldMapToExpectedErrorData_ForAllKnownExceptionMessages (No token supplied,20001,1)" computerName="DKSR-EFI-06" duration="00:00:00.0246445" startTime="2024-01-09T15:41:18.6385159+01:00" endTime="2024-01-09T15:41:18.7050458+01:00" testType="13cdc9d9-ddb5-4fa4-a97d-d965ccfc6d4b" outcome="Passed" testListId="8c84fa94-04c1-424b-9868-57a2d4851a1d" relativeResultsDirectory="8793df1a-7699-4e2b-afa2-f911f68af042" />
    <UnitTestResult executionId="0b977315-a17c-49e5-b947-23aba7263f6a" testId="a43eefff-7bca-2eb3-624c-11d26449da3c" testName="MapToErrorData_ShouldMapToExpectedErrorData_ForAllKnownExceptionMessages (Device AACBA580-2202-4D25-9E27-2B193F56DEE9 does not exist,40295,1)" computerName="DKSR-EFI-06" duration="00:00:00.0000353" startTime="2024-01-09T15:41:18.7161717+01:00" endTime="2024-01-09T15:41:18.7164513+01:00" testType="13cdc9d9-ddb5-4fa4-a97d-d965ccfc6d4b" outcome="Passed" testListId="8c84fa94-04c1-424b-9868-57a2d4851a1d" relativeResultsDirectory="0b977315-a17c-49e5-b947-23aba7263f6a" />
    <UnitTestResult executionId="04269bc0-2aa5-4ad5-b6c1-4f1c77d0ea15" testId="dfe1a7e8-4b3f-2888-20f3-0b6975258c68" testName="MapToErrorData_ShouldMapToExpectedErrorData_ForAllKnownExceptionMessages (Parameter 'timeLineInformationInterval/MicroSeconds' not specified.,40000,0)" computerName="DKSR-EFI-06" duration="00:00:00.0000147" startTime="2024-01-09T15:41:18.8028729+01:00" endTime="2024-01-09T15:41:18.8030212+01:00" testType="13cdc9d9-ddb5-4fa4-a97d-d965ccfc6d4b" outcome="Passed" testListId="8c84fa94-04c1-424b-9868-57a2d4851a1d" relativeResultsDirectory="04269bc0-2aa5-4ad5-b6c1-4f1c77d0ea15" />
    <UnitTestResult executionId="ba0e888f-1d5a-4089-ba27-7fa8b7eee86b" testId="03288840-2dc2-19f0-e304-8d21e0b02fa5" testName="MapToErrorData_ShouldMapToExpectedErrorData_ForAllKnownExceptionMessages (Patrolling session has not been started.,40295,40)" computerName="DKSR-EFI-06" duration="00:00:00.0000089" startTime="2024-01-09T15:41:18.7751561+01:00" endTime="2024-01-09T15:41:18.7753339+01:00" testType="13cdc9d9-ddb5-4fa4-a97d-d965ccfc6d4b" outcome="Passed" testListId="8c84fa94-04c1-424b-9868-57a2d4851a1d" relativeResultsDirectory="ba0e888f-1d5a-4089-ba27-7fa8b7eee86b" />
    <UnitTestResult executionId="ae1f08ec-2c0e-44ca-a8c3-5371bc137401" testId="be792d97-2379-5475-8e91-0ba95f1d9d93" testName="MapToErrorData_ShouldMapToExpectedErrorData_ForAllKnownExceptionMessages (Parameter 'patrollingSchemaId' not specified.,40000,0)" computerName="DKSR-EFI-06" duration="00:00:00.0000166" startTime="2024-01-09T15:41:18.7817491+01:00" endTime="2024-01-09T15:41:18.7819465+01:00" testType="13cdc9d9-ddb5-4fa4-a97d-d965ccfc6d4b" outcome="Passed" testListId="8c84fa94-04c1-424b-9868-57a2d4851a1d" relativeResultsDirectory="ae1f08ec-2c0e-44ca-a8c3-5371bc137401" />
    <UnitTestResult executionId="9edd5785-9c85-4d1e-9762-4ad4de9cd55a" testId="81e85450-30f9-5c57-97ba-db638300426f" testName="MapToErrorData_ShouldMapToExpectedErrorData_ForAllKnownExceptionMessages (Unknown patrolling schema, id=AACBA580-2202-4D25-9E27-2B193F56DEE9,40295,50)" computerName="DKSR-EFI-06" duration="00:00:00.0000073" startTime="2024-01-09T15:41:18.7778886+01:00" endTime="2024-01-09T15:41:18.7780628+01:00" testType="13cdc9d9-ddb5-4fa4-a97d-d965ccfc6d4b" outcome="Passed" testListId="8c84fa94-04c1-424b-9868-57a2d4851a1d" relativeResultsDirectory="9edd5785-9c85-4d1e-9762-4ad4de9cd55a" />
    <UnitTestResult executionId="d52fe1ad-d17b-429c-b7fe-916e78d14fc9" testId="2647096c-aba4-e33a-a25e-5ea08cf9df11" testName="MapToErrorData_ShouldMapToExpectedErrorData_ForAllKnownExceptionMessages (Request rejected, request priority (1) lower than current patrolling priority (2).,40295,43)" computerName="DKSR-EFI-06" duration="00:00:00.0000078" startTime="2024-01-09T15:41:18.7762595+01:00" endTime="2024-01-09T15:41:18.7764260+01:00" testType="13cdc9d9-ddb5-4fa4-a97d-d965ccfc6d4b" outcome="Passed" testListId="8c84fa94-04c1-424b-9868-57a2d4851a1d" relativeResultsDirectory="d52fe1ad-d17b-429c-b7fe-916e78d14fc9" />
    <UnitTestResult executionId="e33abf48-bdcb-47dd-b5a1-531012dafc29" testId="63d42fa5-765e-4aec-9526-955d51ebd827" testName="MapToErrorData_ShouldMapToExpectedErrorData_ForAllKnownExceptionMessages (Parameter 'top' not a double.,40000,0)" computerName="DKSR-EFI-06" duration="00:00:00.0000122" startTime="2024-01-09T15:41:18.7861838+01:00" endTime="2024-01-09T15:41:18.7864112+01:00" testType="13cdc9d9-ddb5-4fa4-a97d-d965ccfc6d4b" outcome="Passed" testListId="8c84fa94-04c1-424b-9868-57a2d4851a1d" relativeResultsDirectory="e33abf48-bdcb-47dd-b5a1-531012dafc29" />
    <UnitTestResult executionId="fdc4e8cb-ff25-4714-b2cf-01e360e61eb6" testId="93a3d2d5-1ead-5b8c-97e3-004455941625" testName="MapToErrorData_ShouldMapToExpectedErrorData_ForAllKnownExceptionMessages (Parameter 'searchEndTime' not specified.,40000,0)" computerName="DKSR-EFI-06" duration="00:00:00.0000115" startTime="2024-01-09T15:41:18.7979134+01:00" endTime="2024-01-09T15:41:18.7981038+01:00" testType="13cdc9d9-ddb5-4fa4-a97d-d965ccfc6d4b" outcome="Passed" testListId="8c84fa94-04c1-424b-9868-57a2d4851a1d" relativeResultsDirectory="fdc4e8cb-ff25-4714-b2cf-01e360e61eb6" />
    <UnitTestResult executionId="b0e6700f-8fbf-40ea-944f-97ccf5bea195" testId="588d7209-0e5e-1dba-9d60-1c62f9ee9525" testName="MapToErrorData_ShouldMapToExpectedErrorData_ForAllKnownExceptionMessages (Parameter 'searchInterval/MicroSeconds' not specified.,40000,0)" computerName="DKSR-EFI-06" duration="00:00:00.0000181" startTime="2024-01-09T15:41:18.7995463+01:00" endTime="2024-01-09T15:41:18.7998937+01:00" testType="13cdc9d9-ddb5-4fa4-a97d-d965ccfc6d4b" outcome="Passed" testListId="8c84fa94-04c1-424b-9868-57a2d4851a1d" relativeResultsDirectory="b0e6700f-8fbf-40ea-944f-97ccf5bea195" />
    <UnitTestResult executionId="7d158510-d9ae-4e1c-b54f-acd3a230500c" testId="61a8392d-de8e-67f3-272a-ba4167e365e2" testName="MapToErrorData_ShouldMapToExpectedErrorData_ForAllKnownExceptionMessages (Version mismatch,10001,0)" computerName="DKSR-EFI-06" duration="00:00:00.0005580" startTime="2024-01-09T15:41:18.8137935+01:00" endTime="2024-01-09T15:41:18.8145380+01:00" testType="13cdc9d9-ddb5-4fa4-a97d-d965ccfc6d4b" outcome="Passed" testListId="8c84fa94-04c1-424b-9868-57a2d4851a1d" relativeResultsDirectory="7d158510-d9ae-4e1c-b54f-acd3a230500c" />
    <UnitTestResult executionId="025f0c29-6ba3-4b7c-a366-cb15d107f9f4" testId="a2bb4e4d-3cee-b9a3-f2ed-7da929a12755" testName="MapToErrorData_ShouldMapToExpectedErrorData_ForAllKnownExceptionMessages (Parameter 'timeLineInformationInterval' not specified.,40000,0)" computerName="DKSR-EFI-06" duration="00:00:00.0000128" startTime="2024-01-09T15:41:18.8027136+01:00" endTime="2024-01-09T15:41:18.8028528+01:00" testType="13cdc9d9-ddb5-4fa4-a97d-d965ccfc6d4b" outcome="Passed" testListId="8c84fa94-04c1-424b-9868-57a2d4851a1d" relativeResultsDirectory="025f0c29-6ba3-4b7c-a366-cb15d107f9f4" />
    <UnitTestResult executionId="571501e8-225f-4aa8-89da-c61d66f4b8d1" testId="d10eb253-65b4-67f8-cc29-cc67c0a2a3a5" testName="MapToErrorData_ShouldMapToExpectedErrorData_ForAllKnownExceptionMessages (Parameter 'millisecondsTimeout' not specified.,40000,0)" computerName="DKSR-EFI-06" duration="00:00:00.0000144" startTime="2024-01-09T15:41:18.8053987+01:00" endTime="2024-01-09T15:41:18.8055482+01:00" testType="13cdc9d9-ddb5-4fa4-a97d-d965ccfc6d4b" outcome="Passed" testListId="8c84fa94-04c1-424b-9868-57a2d4851a1d" relativeResultsDirectory="571501e8-225f-4aa8-89da-c61d66f4b8d1" />
    <UnitTestResult executionId="270ac6f9-587e-4a6a-affd-3843c74ac2e8" testId="28c6eb94-3faf-a326-37d7-9fdaf583905e" testName="MapToErrorData_ShouldMapToExpectedErrorData_ForAllKnownExceptionMessages (Device is not IPtz,40295,10)" computerName="DKSR-EFI-06" duration="00:00:00.0000219" startTime="2024-01-09T15:41:18.7700343+01:00" endTime="2024-01-09T15:41:18.7703620+01:00" testType="13cdc9d9-ddb5-4fa4-a97d-d965ccfc6d4b" outcome="Passed" testListId="8c84fa94-04c1-424b-9868-57a2d4851a1d" relativeResultsDirectory="270ac6f9-587e-4a6a-affd-3843c74ac2e8" />
    <UnitTestResult executionId="5bcac08d-016a-4f55-afd2-82379238290f" testId="e941f48d-972c-943c-bdc7-064f7abdfd74" testName="MapToErrorData_ShouldMapToExpectedErrorData_ForAllKnownExceptionMessages (Parameter 'resultMotionMaskSize' not specified.,40000,0)" computerName="DKSR-EFI-06" duration="00:00:00.0000143" startTime="2024-01-09T15:41:18.8008375+01:00" endTime="2024-01-09T15:41:18.8010748+01:00" testType="13cdc9d9-ddb5-4fa4-a97d-d965ccfc6d4b" outcome="Passed" testListId="8c84fa94-04c1-424b-9868-57a2d4851a1d" relativeResultsDirectory="5bcac08d-016a-4f55-afd2-82379238290f" />
    <UnitTestResult executionId="e2853f0d-f37e-472b-8ea2-491a7d6f5125" testId="d3f8ffb4-3c74-a520-b24a-af65a869827e" testName="MapToErrorData_ShouldMapToExpectedErrorData_ForAllKnownExceptionMessages (Parameter 'sensitivity' not specified.,40000,0)" computerName="DKSR-EFI-06" duration="00:00:00.0000127" startTime="2024-01-09T15:41:18.7981586+01:00" endTime="2024-01-09T15:41:18.7983044+01:00" testType="13cdc9d9-ddb5-4fa4-a97d-d965ccfc6d4b" outcome="Passed" testListId="8c84fa94-04c1-424b-9868-57a2d4851a1d" relativeResultsDirectory="e2853f0d-f37e-472b-8ea2-491a7d6f5125" />
    <UnitTestResult executionId="0b90155c-55f2-4d78-bafd-e115d34320cc" testId="47746e27-9b5e-7a6a-7cd3-180498584776" testName="MapToErrorData_ShouldMapToExpectedErrorData_ForAllKnownExceptionMessages (Preset Move To not allowed,40000,0)" computerName="DKSR-EFI-06" duration="00:00:00.0000090" startTime="2024-01-09T15:41:18.8090214+01:00" endTime="2024-01-09T15:41:18.8091609+01:00" testType="13cdc9d9-ddb5-4fa4-a97d-d965ccfc6d4b" outcome="Passed" testListId="8c84fa94-04c1-424b-9868-57a2d4851a1d" relativeResultsDirectory="0b90155c-55f2-4d78-bafd-e115d34320cc" />
    <UnitTestResult executionId="ff1aabbb-1af5-4d26-a2ab-2b5cef93e3d7" testId="61bfd5f1-b5bc-0f4f-5f35-33e2cf4d2d0d" testName="MapToErrorData_ShouldMapToExpectedErrorData_ForAllKnownExceptionMessages (PresetGetList not allowed,40000,0)" computerName="DKSR-EFI-06" duration="00:00:00.0000083" startTime="2024-01-09T15:41:18.8088603+01:00" endTime="2024-01-09T15:41:18.8090011+01:00" testType="13cdc9d9-ddb5-4fa4-a97d-d965ccfc6d4b" outcome="Passed" testListId="8c84fa94-04c1-424b-9868-57a2d4851a1d" relativeResultsDirectory="ff1aabbb-1af5-4d26-a2ab-2b5cef93e3d7" />
    <UnitTestResult executionId="dca3cc7c-ca9c-4528-9aca-ce8e09bae56f" testId="e9813bac-cb0e-d3de-07ea-36047224c476" testName="MapToErrorData_ShouldMapToExpectedErrorData_ForAllKnownExceptionMessages ('searchMask' parameters does not match: Expected length = 50,40000,0)" computerName="DKSR-EFI-06" duration="00:00:00.0000148" startTime="2024-01-09T15:41:18.8107211+01:00" endTime="2024-01-09T15:41:18.8108765+01:00" testType="13cdc9d9-ddb5-4fa4-a97d-d965ccfc6d4b" outcome="Passed" testListId="8c84fa94-04c1-424b-9868-57a2d4851a1d" relativeResultsDirectory="dca3cc7c-ca9c-4528-9aca-ce8e09bae56f" />
    <UnitTestResult executionId="5856f749-56bd-48cf-bc17-5705cf5a4c26" testId="35bb0a75-ea12-7e32-2f76-7bbe73a33fa3" testName="MapToErrorData_ShouldMapToExpectedErrorData_ForAllKnownExceptionMessages (Invalid format. Value 'MicroSeconds' not as a integer for 'duration' parameter.,40000,0)" computerName="DKSR-EFI-06" duration="00:00:00.0000103" startTime="2024-01-09T15:41:18.8082376+01:00" endTime="2024-01-09T15:41:18.8083756+01:00" testType="13cdc9d9-ddb5-4fa4-a97d-d965ccfc6d4b" outcome="Passed" testListId="8c84fa94-04c1-424b-9868-57a2d4851a1d" relativeResultsDirectory="5856f749-56bd-48cf-bc17-5705cf5a4c26" />
    <UnitTestResult executionId="e215850f-64fe-40ca-96fb-a12c7d05ad64" testId="4b09409c-fa19-3280-23bf-c4300e58fb5d" testName="MapToErrorData_ShouldMapToExpectedErrorData_ForAllKnownExceptionMessages (Parameter 'timeLineInformationCount' not specified.,40000,0)" computerName="DKSR-EFI-06" duration="00:00:00.0000147" startTime="2024-01-09T15:41:18.8030440+01:00" endTime="2024-01-09T15:41:18.8031954+01:00" testType="13cdc9d9-ddb5-4fa4-a97d-d965ccfc6d4b" outcome="Passed" testListId="8c84fa94-04c1-424b-9868-57a2d4851a1d" relativeResultsDirectory="e215850f-64fe-40ca-96fb-a12c7d05ad64" />
  </Results>
  <TestDefinitions>
    <UnitTest name="MapToErrorData_ShouldMapToExpectedErrorData_ForAllKnownExceptionMessages (Output Deactivate not allowed,40000,0)" storage="d:\actions-runner\_work\xpco\xpco\allsolutions\..\common\videoos.universal\videoos.universal.recorder.client.unittests\bin\debug\net6.0\videoos.universal.recorder.client.unittests.dll" id="7ddc7671-5ae7-bc55-7f8e-6733a585870b">
      <Execution id="5e82b2b9-0ce2-4826-afe9-8d3b6e270fb5" />
      <TestMethod codeBase="D:\actions-runner\_work\XPCO\XPCO\AllSolutions\..\Common\VideoOS.Universal\VideoOS.Universal.Recorder.Client.UnitTests\bin\Debug\net6.0\VideoOS.Universal.Recorder.Client.UnitTests.dll" adapterTypeName="executor://mstestadapter/v2" className="VideoOS.Universal.Recorder.Client.UnitTests.ErrorMappingTests" name="MapToErrorData_ShouldMapToExpectedErrorData_ForAllKnownExceptionMessages" />
    </UnitTest>
    <UnitTest name="MapToErrorData_ShouldMapToExpectedErrorData_ForAllKnownExceptionMessages (Invalid soap message,10002,0)" storage="d:\actions-runner\_work\xpco\xpco\allsolutions\..\common\videoos.universal\videoos.universal.recorder.client.unittests\bin\debug\net6.0\videoos.universal.recorder.client.unittests.dll" id="93698d26-1cb1-0d70-a79a-9e202541888d">
      <Execution id="13dafeb5-752e-4ede-b414-a7a9ef886e66" />
      <TestMethod codeBase="D:\actions-runner\_work\XPCO\XPCO\AllSolutions\..\Common\VideoOS.Universal\VideoOS.Universal.Recorder.Client.UnitTests\bin\Debug\net6.0\VideoOS.Universal.Recorder.Client.UnitTests.dll" adapterTypeName="executor://mstestadapter/v2" className="VideoOS.Universal.Recorder.Client.UnitTests.ErrorMappingTests" name="MapToErrorData_ShouldMapToExpectedErrorData_ForAllKnownExceptionMessages" />
    </UnitTest>
    <UnitTest name="MapToErrorData_ShouldMapToExpectedErrorData_ForAllKnownExceptionMessages (PresetGetList not allowed,40000,0)" storage="d:\actions-runner\_work\xpco\xpco\allsolutions\..\common\videoos.universal\videoos.universal.recorder.client.unittests\bin\debug\net6.0\videoos.universal.recorder.client.unittests.dll" id="61bfd5f1-b5bc-0f4f-5f35-33e2cf4d2d0d">
      <Execution id="ff1aabbb-1af5-4d26-a2ab-2b5cef93e3d7" />
      <TestMethod codeBase="D:\actions-runner\_work\XPCO\XPCO\AllSolutions\..\Common\VideoOS.Universal\VideoOS.Universal.Recorder.Client.UnitTests\bin\Debug\net6.0\VideoOS.Universal.Recorder.Client.UnitTests.dll" adapterTypeName="executor://mstestadapter/v2" className="VideoOS.Universal.Recorder.Client.UnitTests.ErrorMappingTests" name="MapToErrorData_ShouldMapToExpectedErrorData_ForAllKnownExceptionMessages" />
    </UnitTest>
    <UnitTest name="MapToErrorData_ShouldMapToExpectedErrorData_ForAllKnownExceptionMessages (Parameter 'left' not a double.,40000,0)" storage="d:\actions-runner\_work\xpco\xpco\allsolutions\..\common\videoos.universal\videoos.universal.recorder.client.unittests\bin\debug\net6.0\videoos.universal.recorder.client.unittests.dll" id="f635cd27-80eb-0aa5-e577-37d722671965">
      <Execution id="222dc642-6192-4b4a-959f-356d4129d9ec" />
      <TestMethod codeBase="D:\actions-runner\_work\XPCO\XPCO\AllSolutions\..\Common\VideoOS.Universal\VideoOS.Universal.Recorder.Client.UnitTests\bin\Debug\net6.0\VideoOS.Universal.Recorder.Client.UnitTests.dll" adapterTypeName="executor://mstestadapter/v2" className="VideoOS.Universal.Recorder.Client.UnitTests.ErrorMappingTests" name="MapToErrorData_ShouldMapToExpectedErrorData_ForAllKnownExceptionMessages" />
    </UnitTest>
    <UnitTest name="MapToErrorData_ShouldMapToExpectedErrorData_ForAllKnownExceptionMessages (Parameter 'timeLineInformationCount' not specified.,40000,0)" storage="d:\actions-runner\_work\xpco\xpco\allsolutions\..\common\videoos.universal\videoos.universal.recorder.client.unittests\bin\debug\net6.0\videoos.universal.recorder.client.unittests.dll" id="4b09409c-fa19-3280-23bf-c4300e58fb5d">
      <Execution id="e215850f-64fe-40ca-96fb-a12c7d05ad64" />
      <TestMethod codeBase="D:\actions-runner\_work\XPCO\XPCO\AllSolutions\..\Common\VideoOS.Universal\VideoOS.Universal.Recorder.Client.UnitTests\bin\Debug\net6.0\VideoOS.Universal.Recorder.Client.UnitTests.dll" adapterTypeName="executor://mstestadapter/v2" className="VideoOS.Universal.Recorder.Client.UnitTests.ErrorMappingTests" name="MapToErrorData_ShouldMapToExpectedErrorData_ForAllKnownExceptionMessages" />
    </UnitTest>
    <UnitTest name="MapToErrorData_ShouldMapToExpectedErrorData_ForAllKnownExceptionMessages (Parameter 'deviceIds' not specified.,40000,0)" storage="d:\actions-runner\_work\xpco\xpco\allsolutions\..\common\videoos.universal\videoos.universal.recorder.client.unittests\bin\debug\net6.0\videoos.universal.recorder.client.unittests.dll" id="005b709b-e005-a42e-b032-10c404536796">
      <Execution id="2ddd2041-56e6-4a25-ae5e-89a8964c1b25" />
      <TestMethod codeBase="D:\actions-runner\_work\XPCO\XPCO\AllSolutions\..\Common\VideoOS.Universal\VideoOS.Universal.Recorder.Client.UnitTests\bin\Debug\net6.0\VideoOS.Universal.Recorder.Client.UnitTests.dll" adapterTypeName="executor://mstestadapter/v2" className="VideoOS.Universal.Recorder.Client.UnitTests.ErrorMappingTests" name="MapToErrorData_ShouldMapToExpectedErrorData_ForAllKnownExceptionMessages" />
    </UnitTest>
    <UnitTest name="MapToErrorData_ShouldMapToExpectedErrorData_ForAllKnownExceptionMessages (Parameter 'zoom' not specified.,40000,0)" storage="d:\actions-runner\_work\xpco\xpco\allsolutions\..\common\videoos.universal\videoos.universal.recorder.client.unittests\bin\debug\net6.0\videoos.universal.recorder.client.unittests.dll" id="c132f42e-804b-aa0b-ad93-c5e62780ffdc">
      <Execution id="2ed094fc-676a-4e4d-b059-80c244260f24" />
      <TestMethod codeBase="D:\actions-runner\_work\XPCO\XPCO\AllSolutions\..\Common\VideoOS.Universal\VideoOS.Universal.Recorder.Client.UnitTests\bin\Debug\net6.0\VideoOS.Universal.Recorder.Client.UnitTests.dll" adapterTypeName="executor://mstestadapter/v2" className="VideoOS.Universal.Recorder.Client.UnitTests.ErrorMappingTests" name="MapToErrorData_ShouldMapToExpectedErrorData_ForAllKnownExceptionMessages" />
    </UnitTest>
    <UnitTest name="MapToErrorData_ShouldMapToExpectedErrorData_ForAllKnownExceptionMessages (Feature not licensed.,40295,100)" storage="d:\actions-runner\_work\xpco\xpco\allsolutions\..\common\videoos.universal\videoos.universal.recorder.client.unittests\bin\debug\net6.0\videoos.universal.recorder.client.unittests.dll" id="206f3a64-6a93-c3b3-fdc1-fa2dbccfeeb8">
      <Execution id="7a83ff75-c594-46fa-882a-da48366aa780" />
      <TestMethod codeBase="D:\actions-runner\_work\XPCO\XPCO\AllSolutions\..\Common\VideoOS.Universal\VideoOS.Universal.Recorder.Client.UnitTests\bin\Debug\net6.0\VideoOS.Universal.Recorder.Client.UnitTests.dll" adapterTypeName="executor://mstestadapter/v2" className="VideoOS.Universal.Recorder.Client.UnitTests.ErrorMappingTests" name="MapToErrorData_ShouldMapToExpectedErrorData_ForAllKnownExceptionMessages" />
    </UnitTest>
    <UnitTest name="MapToErrorData_ShouldMapToExpectedErrorData_ForAllKnownExceptionMessages (Send driver command not allowed,40000,0)" storage="d:\actions-runner\_work\xpco\xpco\allsolutions\..\common\videoos.universal\videoos.universal.recorder.client.unittests\bin\debug\net6.0\videoos.universal.recorder.client.unittests.dll" id="54420a81-3202-6712-9838-6c860d2f1fbf">
      <Execution id="23828c4c-0e60-4431-9cd7-e06a6cbee299" />
      <TestMethod codeBase="D:\actions-runner\_work\XPCO\XPCO\AllSolutions\..\Common\VideoOS.Universal\VideoOS.Universal.Recorder.Client.UnitTests\bin\Debug\net6.0\VideoOS.Universal.Recorder.Client.UnitTests.dll" adapterTypeName="executor://mstestadapter/v2" className="VideoOS.Universal.Recorder.Client.UnitTests.ErrorMappingTests" name="MapToErrorData_ShouldMapToExpectedErrorData_ForAllKnownExceptionMessages" />
    </UnitTest>
    <UnitTest name="MapToErrorData_ShouldMapToExpectedErrorData_ForAllKnownExceptionMessages (Request rejected, request priority (1) lower than current priority (2).,40295,20)" storage="d:\actions-runner\_work\xpco\xpco\allsolutions\..\common\videoos.universal\videoos.universal.recorder.client.unittests\bin\debug\net6.0\videoos.universal.recorder.client.unittests.dll" id="188b3af4-6927-b785-000e-964472ccc180">
      <Execution id="9e1566ef-1d81-4144-9679-9cda14585907" />
      <TestMethod codeBase="D:\actions-runner\_work\XPCO\XPCO\AllSolutions\..\Common\VideoOS.Universal\VideoOS.Universal.Recorder.Client.UnitTests\bin\Debug\net6.0\VideoOS.Universal.Recorder.Client.UnitTests.dll" adapterTypeName="executor://mstestadapter/v2" className="VideoOS.Universal.Recorder.Client.UnitTests.ErrorMappingTests" name="MapToErrorData_ShouldMapToExpectedErrorData_ForAllKnownExceptionMessages" />
    </UnitTest>
    <UnitTest name="MapToErrorData_ShouldMapToExpectedErrorData_ForAllKnownExceptionMessages (Device is not IPtz,40295,10)" storage="d:\actions-runner\_work\xpco\xpco\allsolutions\..\common\videoos.universal\videoos.universal.recorder.client.unittests\bin\debug\net6.0\videoos.universal.recorder.client.unittests.dll" id="28c6eb94-3faf-a326-37d7-9fdaf583905e">
      <Execution id="270ac6f9-587e-4a6a-affd-3843c74ac2e8" />
      <TestMethod codeBase="D:\actions-runner\_work\XPCO\XPCO\AllSolutions\..\Common\VideoOS.Universal\VideoOS.Universal.Recorder.Client.UnitTests\bin\Debug\net6.0\VideoOS.Universal.Recorder.Client.UnitTests.dll" adapterTypeName="executor://mstestadapter/v2" className="VideoOS.Universal.Recorder.Client.UnitTests.ErrorMappingTests" name="MapToErrorData_ShouldMapToExpectedErrorData_ForAllKnownExceptionMessages" />
    </UnitTest>
    <UnitTest name="MapToErrorData_ShouldMapToExpectedErrorData_ForAllKnownExceptionMessages (Parameter 'refWidth' not specified.,40000,0)" storage="d:\actions-runner\_work\xpco\xpco\allsolutions\..\common\videoos.universal\videoos.universal.recorder.client.unittests\bin\debug\net6.0\videoos.universal.recorder.client.unittests.dll" id="2526b742-84f0-d7f0-6374-3e3420994daf">
      <Execution id="bea00d06-a9c1-4e8b-a4e1-99905a930e81" />
      <TestMethod codeBase="D:\actions-runner\_work\XPCO\XPCO\AllSolutions\..\Common\VideoOS.Universal\VideoOS.Universal.Recorder.Client.UnitTests\bin\Debug\net6.0\VideoOS.Universal.Recorder.Client.UnitTests.dll" adapterTypeName="executor://mstestadapter/v2" className="VideoOS.Universal.Recorder.Client.UnitTests.ErrorMappingTests" name="MapToErrorData_ShouldMapToExpectedErrorData_ForAllKnownExceptionMessages" />
    </UnitTest>
    <UnitTest name="MapToErrorData_ShouldMapToExpectedErrorData_ForAllKnownExceptionMessages (Device AACBA580-2202-4D25-9E27-2B193F56DEE9 is not a Ptz device,40295,10)" storage="d:\actions-runner\_work\xpco\xpco\allsolutions\..\common\videoos.universal\videoos.universal.recorder.client.unittests\bin\debug\net6.0\videoos.universal.recorder.client.unittests.dll" id="72db4e34-b92e-92c6-4d35-448ba47eaa04">
      <Execution id="79ddabd7-62b5-48e6-af65-402005cb5d7c" />
      <TestMethod codeBase="D:\actions-runner\_work\XPCO\XPCO\AllSolutions\..\Common\VideoOS.Universal\VideoOS.Universal.Recorder.Client.UnitTests\bin\Debug\net6.0\VideoOS.Universal.Recorder.Client.UnitTests.dll" adapterTypeName="executor://mstestadapter/v2" className="VideoOS.Universal.Recorder.Client.UnitTests.ErrorMappingTests" name="MapToErrorData_ShouldMapToExpectedErrorData_ForAllKnownExceptionMessages" />
    </UnitTest>
    <UnitTest name="MapToErrorData_ShouldMapToExpectedErrorData_ForAllKnownExceptionMessages (Cannot perform session request without an active session.,40295,30)" storage="d:\actions-runner\_work\xpco\xpco\allsolutions\..\common\videoos.universal\videoos.universal.recorder.client.unittests\bin\debug\net6.0\videoos.universal.recorder.client.unittests.dll" id="041837e6-bf12-a9d6-af7c-ea1d177979b1">
      <Execution id="d5ae617f-0f1d-4aa4-9440-7a2fc974048e" />
      <TestMethod codeBase="D:\actions-runner\_work\XPCO\XPCO\AllSolutions\..\Common\VideoOS.Universal\VideoOS.Universal.Recorder.Client.UnitTests\bin\Debug\net6.0\VideoOS.Universal.Recorder.Client.UnitTests.dll" adapterTypeName="executor://mstestadapter/v2" className="VideoOS.Universal.Recorder.Client.UnitTests.ErrorMappingTests" name="MapToErrorData_ShouldMapToExpectedErrorData_ForAllKnownExceptionMessages" />
    </UnitTest>
    <UnitTest name="MapToErrorData_ShouldMapToExpectedErrorData_ForAllKnownExceptionMessages (Parameter 'centerX' not specified.,40000,0)" storage="d:\actions-runner\_work\xpco\xpco\allsolutions\..\common\videoos.universal\videoos.universal.recorder.client.unittests\bin\debug\net6.0\videoos.universal.recorder.client.unittests.dll" id="48bd61b1-7485-014a-656b-6fcc1d93a6dc">
      <Execution id="880b2b66-b227-4f25-bc1a-5b4e7fed9c01" />
      <TestMethod codeBase="D:\actions-runner\_work\XPCO\XPCO\AllSolutions\..\Common\VideoOS.Universal\VideoOS.Universal.Recorder.Client.UnitTests\bin\Debug\net6.0\VideoOS.Universal.Recorder.Client.UnitTests.dll" adapterTypeName="executor://mstestadapter/v2" className="VideoOS.Universal.Recorder.Client.UnitTests.ErrorMappingTests" name="MapToErrorData_ShouldMapToExpectedErrorData_ForAllKnownExceptionMessages" />
    </UnitTest>
    <UnitTest name="MapToErrorData_ShouldMapToExpectedErrorData_ForAllKnownExceptionMessages (Parameter 'searchMask/Size' not specified.,40000,0)" storage="d:\actions-runner\_work\xpco\xpco\allsolutions\..\common\videoos.universal\videoos.universal.recorder.client.unittests\bin\debug\net6.0\videoos.universal.recorder.client.unittests.dll" id="1aabf4d3-6a3b-e7e3-a00c-4631be2dce11">
      <Execution id="849a2445-c644-49b8-b59b-258f3aca396f" />
      <TestMethod codeBase="D:\actions-runner\_work\XPCO\XPCO\AllSolutions\..\Common\VideoOS.Universal\VideoOS.Universal.Recorder.Client.UnitTests\bin\Debug\net6.0\VideoOS.Universal.Recorder.Client.UnitTests.dll" adapterTypeName="executor://mstestadapter/v2" className="VideoOS.Universal.Recorder.Client.UnitTests.ErrorMappingTests" name="MapToErrorData_ShouldMapToExpectedErrorData_ForAllKnownExceptionMessages" />
    </UnitTest>
    <UnitTest name="MapToErrorData_ShouldMapToExpectedErrorData_ForAllKnownExceptionMessages (Unknown soap version,10003,0)" storage="d:\actions-runner\_work\xpco\xpco\allsolutions\..\common\videoos.universal\videoos.universal.recorder.client.unittests\bin\debug\net6.0\videoos.universal.recorder.client.unittests.dll" id="0db8f075-8619-9924-cc7c-4e59947c272a">
      <Execution id="fb055b07-aed5-4c3b-8604-ea584ac8cd50" />
      <TestMethod codeBase="D:\actions-runner\_work\XPCO\XPCO\AllSolutions\..\Common\VideoOS.Universal\VideoOS.Universal.Recorder.Client.UnitTests\bin\Debug\net6.0\VideoOS.Universal.Recorder.Client.UnitTests.dll" adapterTypeName="executor://mstestadapter/v2" className="VideoOS.Universal.Recorder.Client.UnitTests.ErrorMappingTests" name="MapToErrorData_ShouldMapToExpectedErrorData_ForAllKnownExceptionMessages" />
    </UnitTest>
    <UnitTest name="MapToErrorData_ShouldMapToExpectedErrorData_ForAllKnownExceptionMessages (Parameter 'top' not specified.,40000,0)" storage="d:\actions-runner\_work\xpco\xpco\allsolutions\..\common\videoos.universal\videoos.universal.recorder.client.unittests\bin\debug\net6.0\videoos.universal.recorder.client.unittests.dll" id="b728ccec-68da-e762-c01d-1e8efd419495">
      <Execution id="82e4fa83-b874-4b7d-8a0b-98480a042bc3" />
      <TestMethod codeBase="D:\actions-runner\_work\XPCO\XPCO\AllSolutions\..\Common\VideoOS.Universal\VideoOS.Universal.Recorder.Client.UnitTests\bin\Debug\net6.0\VideoOS.Universal.Recorder.Client.UnitTests.dll" adapterTypeName="executor://mstestadapter/v2" className="VideoOS.Universal.Recorder.Client.UnitTests.ErrorMappingTests" name="MapToErrorData_ShouldMapToExpectedErrorData_ForAllKnownExceptionMessages" />
    </UnitTest>
    <UnitTest name="MapToErrorData_ShouldMapToExpectedErrorData_ForAllKnownExceptionMessages (Device not ready, device Id =AACBA580-2202-4D25-9E27-2B193F56DEE9,40295,2)" storage="d:\actions-runner\_work\xpco\xpco\allsolutions\..\common\videoos.universal\videoos.universal.recorder.client.unittests\bin\debug\net6.0\videoos.universal.recorder.client.unittests.dll" id="e0c4eaf9-0e39-3b3a-916a-b855f447e07f">
      <Execution id="962f1a2b-508c-4f44-aee2-88c02869f955" />
      <TestMethod codeBase="D:\actions-runner\_work\XPCO\XPCO\AllSolutions\..\Common\VideoOS.Universal\VideoOS.Universal.Recorder.Client.UnitTests\bin\Debug\net6.0\VideoOS.Universal.Recorder.Client.UnitTests.dll" adapterTypeName="executor://mstestadapter/v2" className="VideoOS.Universal.Recorder.Client.UnitTests.ErrorMappingTests" name="MapToErrorData_ShouldMapToExpectedErrorData_ForAllKnownExceptionMessages" />
    </UnitTest>
    <UnitTest name="MapToErrorData_ShouldMapToExpectedErrorData_ForAllKnownExceptionMessages (Request skipped - too many requests in queue,40295,21)" storage="d:\actions-runner\_work\xpco\xpco\allsolutions\..\common\videoos.universal\videoos.universal.recorder.client.unittests\bin\debug\net6.0\videoos.universal.recorder.client.unittests.dll" id="3d3e0d26-4670-fc08-72af-6dfc81c27261">
      <Execution id="743bbfd3-74d3-45c3-ae0d-7d08e3a528ef" />
      <TestMethod codeBase="D:\actions-runner\_work\XPCO\XPCO\AllSolutions\..\Common\VideoOS.Universal\VideoOS.Universal.Recorder.Client.UnitTests\bin\Debug\net6.0\VideoOS.Universal.Recorder.Client.UnitTests.dll" adapterTypeName="executor://mstestadapter/v2" className="VideoOS.Universal.Recorder.Client.UnitTests.ErrorMappingTests" name="MapToErrorData_ShouldMapToExpectedErrorData_ForAllKnownExceptionMessages" />
    </UnitTest>
    <UnitTest name="MapToErrorData_ShouldMapToExpectedErrorData_ForAllKnownExceptionMessages (Parameter 'centerY' not specified.,40000,0)" storage="d:\actions-runner\_work\xpco\xpco\allsolutions\..\common\videoos.universal\videoos.universal.recorder.client.unittests\bin\debug\net6.0\videoos.universal.recorder.client.unittests.dll" id="487f3f64-c726-1b66-e678-37b0d8110466">
      <Execution id="174f8e07-d182-4a31-b28a-3d2366ea7932" />
      <TestMethod codeBase="D:\actions-runner\_work\XPCO\XPCO\AllSolutions\..\Common\VideoOS.Universal\VideoOS.Universal.Recorder.Client.UnitTests\bin\Debug\net6.0\VideoOS.Universal.Recorder.Client.UnitTests.dll" adapterTypeName="executor://mstestadapter/v2" className="VideoOS.Universal.Recorder.Client.UnitTests.ErrorMappingTests" name="MapToErrorData_ShouldMapToExpectedErrorData_ForAllKnownExceptionMessages" />
    </UnitTest>
    <UnitTest name="MapToErrorData_ShouldMapToExpectedErrorData_ForAllKnownExceptionMessages (Manual patrolling cannot be released,40295,42)" storage="d:\actions-runner\_work\xpco\xpco\allsolutions\..\common\videoos.universal\videoos.universal.recorder.client.unittests\bin\debug\net6.0\videoos.universal.recorder.client.unittests.dll" id="1b058b97-bb74-15a8-7317-ac184b91873a">
      <Execution id="53e0f9f1-2e46-4e12-897a-f93088a5d414" />
      <TestMethod codeBase="D:\actions-runner\_work\XPCO\XPCO\AllSolutions\..\Common\VideoOS.Universal\VideoOS.Universal.Recorder.Client.UnitTests\bin\Debug\net6.0\VideoOS.Universal.Recorder.Client.UnitTests.dll" adapterTypeName="executor://mstestadapter/v2" className="VideoOS.Universal.Recorder.Client.UnitTests.ErrorMappingTests" name="MapToErrorData_ShouldMapToExpectedErrorData_ForAllKnownExceptionMessages" />
    </UnitTest>
    <UnitTest name="MapToErrorData_ShouldMapToExpectedErrorData_ForAllKnownExceptionMessages (Parameter 'searchEndTime' not specified.,40000,0)" storage="d:\actions-runner\_work\xpco\xpco\allsolutions\..\common\videoos.universal\videoos.universal.recorder.client.unittests\bin\debug\net6.0\videoos.universal.recorder.client.unittests.dll" id="93a3d2d5-1ead-5b8c-97e3-004455941625">
      <Execution id="fdc4e8cb-ff25-4714-b2cf-01e360e61eb6" />
      <TestMethod codeBase="D:\actions-runner\_work\XPCO\XPCO\AllSolutions\..\Common\VideoOS.Universal\VideoOS.Universal.Recorder.Client.UnitTests\bin\Debug\net6.0\VideoOS.Universal.Recorder.Client.UnitTests.dll" adapterTypeName="executor://mstestadapter/v2" className="VideoOS.Universal.Recorder.Client.UnitTests.ErrorMappingTests" name="MapToErrorData_ShouldMapToExpectedErrorData_ForAllKnownExceptionMessages" />
    </UnitTest>
    <UnitTest name="MapToErrorData_ShouldMapToExpectedErrorData_ForAllKnownExceptionMessages (Parameter 'timeLineInformationCount' &lt;= 0.,40000,0)" storage="d:\actions-runner\_work\xpco\xpco\allsolutions\..\common\videoos.universal\videoos.universal.recorder.client.unittests\bin\debug\net6.0\videoos.universal.recorder.client.unittests.dll" id="c924bc3e-90cd-8153-1719-5cc6f0ffa6e2">
      <Execution id="893c4f32-6817-4159-9465-d742dba53090" />
      <TestMethod codeBase="D:\actions-runner\_work\XPCO\XPCO\AllSolutions\..\Common\VideoOS.Universal\VideoOS.Universal.Recorder.Client.UnitTests\bin\Debug\net6.0\VideoOS.Universal.Recorder.Client.UnitTests.dll" adapterTypeName="executor://mstestadapter/v2" className="VideoOS.Universal.Recorder.Client.UnitTests.ErrorMappingTests" name="MapToErrorData_ShouldMapToExpectedErrorData_ForAllKnownExceptionMessages" />
    </UnitTest>
    <UnitTest name="MapToErrorData_ShouldMapToExpectedErrorData_ForAllKnownExceptionMessages (Parameter 'sensitivity' not specified.,40000,0)" storage="d:\actions-runner\_work\xpco\xpco\allsolutions\..\common\videoos.universal\videoos.universal.recorder.client.unittests\bin\debug\net6.0\videoos.universal.recorder.client.unittests.dll" id="d3f8ffb4-3c74-a520-b24a-af65a869827e">
      <Execution id="e2853f0d-f37e-472b-8ea2-491a7d6f5125" />
      <TestMethod codeBase="D:\actions-runner\_work\XPCO\XPCO\AllSolutions\..\Common\VideoOS.Universal\VideoOS.Universal.Recorder.Client.UnitTests\bin\Debug\net6.0\VideoOS.Universal.Recorder.Client.UnitTests.dll" adapterTypeName="executor://mstestadapter/v2" className="VideoOS.Universal.Recorder.Client.UnitTests.ErrorMappingTests" name="MapToErrorData_ShouldMapToExpectedErrorData_ForAllKnownExceptionMessages" />
    </UnitTest>
    <UnitTest name="MapToErrorData_ShouldMapToExpectedErrorData_ForAllKnownExceptionMessages ('searchMask' parameters does not match 64x64 grid: 4, 4,40000,0)" storage="d:\actions-runner\_work\xpco\xpco\allsolutions\..\common\videoos.universal\videoos.universal.recorder.client.unittests\bin\debug\net6.0\videoos.universal.recorder.client.unittests.dll" id="36de645f-765a-5414-1dcc-495e04385e02">
      <Execution id="6ad57e49-58f1-4443-a0b6-4ee92013ab11" />
      <TestMethod codeBase="D:\actions-runner\_work\XPCO\XPCO\AllSolutions\..\Common\VideoOS.Universal\VideoOS.Universal.Recorder.Client.UnitTests\bin\Debug\net6.0\VideoOS.Universal.Recorder.Client.UnitTests.dll" adapterTypeName="executor://mstestadapter/v2" className="VideoOS.Universal.Recorder.Client.UnitTests.ErrorMappingTests" name="MapToErrorData_ShouldMapToExpectedErrorData_ForAllKnownExceptionMessages" />
    </UnitTest>
    <UnitTest name="MapToErrorData_ShouldMapToExpectedErrorData_ForAllKnownExceptionMessages (Content-Length is not valid,10000,0)" storage="d:\actions-runner\_work\xpco\xpco\allsolutions\..\common\videoos.universal\videoos.universal.recorder.client.unittests\bin\debug\net6.0\videoos.universal.recorder.client.unittests.dll" id="0bf3b0f7-e0cd-6212-e6b0-a59c4973159e">
      <Execution id="ff384645-d6dc-4777-932a-12d85ac46a3d" />
      <TestMethod codeBase="D:\actions-runner\_work\XPCO\XPCO\AllSolutions\..\Common\VideoOS.Universal\VideoOS.Universal.Recorder.Client.UnitTests\bin\Debug\net6.0\VideoOS.Universal.Recorder.Client.UnitTests.dll" adapterTypeName="executor://mstestadapter/v2" className="VideoOS.Universal.Recorder.Client.UnitTests.ErrorMappingTests" name="MapToErrorData_ShouldMapToExpectedErrorData_ForAllKnownExceptionMessages" />
    </UnitTest>
    <UnitTest name="MapToErrorData_ShouldMapToExpectedErrorData_ForAllKnownExceptionMessages (Parameter 'duration' not specified.,40000,0)" storage="d:\actions-runner\_work\xpco\xpco\allsolutions\..\common\videoos.universal\videoos.universal.recorder.client.unittests\bin\debug\net6.0\videoos.universal.recorder.client.unittests.dll" id="fa3791c7-e8ce-0409-854d-b45e4d8d32d4">
      <Execution id="276c819d-bfa9-4b61-9221-d3ceabc00961" />
      <TestMethod codeBase="D:\actions-runner\_work\XPCO\XPCO\AllSolutions\..\Common\VideoOS.Universal\VideoOS.Universal.Recorder.Client.UnitTests\bin\Debug\net6.0\VideoOS.Universal.Recorder.Client.UnitTests.dll" adapterTypeName="executor://mstestadapter/v2" className="VideoOS.Universal.Recorder.Client.UnitTests.ErrorMappingTests" name="MapToErrorData_ShouldMapToExpectedErrorData_ForAllKnownExceptionMessages" />
    </UnitTest>
    <UnitTest name="MapToErrorData_ShouldMapToExpectedErrorData_ForAllKnownExceptionMessages (Export of JPEG not allowed(restricted media or dataSecurityExtension),40000,0)" storage="d:\actions-runner\_work\xpco\xpco\allsolutions\..\common\videoos.universal\videoos.universal.recorder.client.unittests\bin\debug\net6.0\videoos.universal.recorder.client.unittests.dll" id="fe597369-cabd-61b0-f134-60cdb315f2cf">
      <Execution id="694c37c6-b439-4dc6-8a46-087438499579" />
      <TestMethod codeBase="D:\actions-runner\_work\XPCO\XPCO\AllSolutions\..\Common\VideoOS.Universal\VideoOS.Universal.Recorder.Client.UnitTests\bin\Debug\net6.0\VideoOS.Universal.Recorder.Client.UnitTests.dll" adapterTypeName="executor://mstestadapter/v2" className="VideoOS.Universal.Recorder.Client.UnitTests.ErrorMappingTests" name="MapToErrorData_ShouldMapToExpectedErrorData_ForAllKnownExceptionMessages" />
    </UnitTest>
    <UnitTest name="MapToErrorData_ShouldMapToExpectedErrorData_ForAllKnownExceptionMessages (Request rejected, no active session.,40295,30)" storage="d:\actions-runner\_work\xpco\xpco\allsolutions\..\common\videoos.universal\videoos.universal.recorder.client.unittests\bin\debug\net6.0\videoos.universal.recorder.client.unittests.dll" id="f9a6f506-b66a-c128-3b7e-3c3a5651ca82">
      <Execution id="c38751e4-974f-4c20-b88e-9b352a1bbcb2" />
      <TestMethod codeBase="D:\actions-runner\_work\XPCO\XPCO\AllSolutions\..\Common\VideoOS.Universal\VideoOS.Universal.Recorder.Client.UnitTests\bin\Debug\net6.0\VideoOS.Universal.Recorder.Client.UnitTests.dll" adapterTypeName="executor://mstestadapter/v2" className="VideoOS.Universal.Recorder.Client.UnitTests.ErrorMappingTests" name="MapToErrorData_ShouldMapToExpectedErrorData_ForAllKnownExceptionMessages" />
    </UnitTest>
    <UnitTest name="MapToErrorData_ShouldMapToExpectedErrorData_ForAllKnownExceptionMessages (Parameter 'searchInterval/MicroSeconds' not specified.,40000,0)" storage="d:\actions-runner\_work\xpco\xpco\allsolutions\..\common\videoos.universal\videoos.universal.recorder.client.unittests\bin\debug\net6.0\videoos.universal.recorder.client.unittests.dll" id="588d7209-0e5e-1dba-9d60-1c62f9ee9525">
      <Execution id="b0e6700f-8fbf-40ea-944f-97ccf5bea195" />
      <TestMethod codeBase="D:\actions-runner\_work\XPCO\XPCO\AllSolutions\..\Common\VideoOS.Universal\VideoOS.Universal.Recorder.Client.UnitTests\bin\Debug\net6.0\VideoOS.Universal.Recorder.Client.UnitTests.dll" adapterTypeName="executor://mstestadapter/v2" className="VideoOS.Universal.Recorder.Client.UnitTests.ErrorMappingTests" name="MapToErrorData_ShouldMapToExpectedErrorData_ForAllKnownExceptionMessages" />
    </UnitTest>
    <UnitTest name="MapToErrorData_ShouldMapToExpectedErrorData_ForAllKnownExceptionMessages (Request rejected, request priority (1) lower than current patrolling priority (2).,40295,43)" storage="d:\actions-runner\_work\xpco\xpco\allsolutions\..\common\videoos.universal\videoos.universal.recorder.client.unittests\bin\debug\net6.0\videoos.universal.recorder.client.unittests.dll" id="2647096c-aba4-e33a-a25e-5ea08cf9df11">
      <Execution id="d52fe1ad-d17b-429c-b7fe-916e78d14fc9" />
      <TestMethod codeBase="D:\actions-runner\_work\XPCO\XPCO\AllSolutions\..\Common\VideoOS.Universal\VideoOS.Universal.Recorder.Client.UnitTests\bin\Debug\net6.0\VideoOS.Universal.Recorder.Client.UnitTests.dll" adapterTypeName="executor://mstestadapter/v2" className="VideoOS.Universal.Recorder.Client.UnitTests.ErrorMappingTests" name="MapToErrorData_ShouldMapToExpectedErrorData_ForAllKnownExceptionMessages" />
    </UnitTest>
    <UnitTest name="MapToErrorData_ShouldMapToExpectedErrorData_ForAllKnownExceptionMessages (Parameter 'maxCountBefore' not specified.,40000,0)" storage="d:\actions-runner\_work\xpco\xpco\allsolutions\..\common\videoos.universal\videoos.universal.recorder.client.unittests\bin\debug\net6.0\videoos.universal.recorder.client.unittests.dll" id="775c2266-178b-9fef-da49-3831e75c9048">
      <Execution id="c74616f0-a7af-4f39-84df-686f21ee8808" />
      <TestMethod codeBase="D:\actions-runner\_work\XPCO\XPCO\AllSolutions\..\Common\VideoOS.Universal\VideoOS.Universal.Recorder.Client.UnitTests\bin\Debug\net6.0\VideoOS.Universal.Recorder.Client.UnitTests.dll" adapterTypeName="executor://mstestadapter/v2" className="VideoOS.Universal.Recorder.Client.UnitTests.ErrorMappingTests" name="MapToErrorData_ShouldMapToExpectedErrorData_ForAllKnownExceptionMessages" />
    </UnitTest>
    <UnitTest name="MapToErrorData_ShouldMapToExpectedErrorData_ForAllKnownExceptionMessages (Request rejected, request priority (2) equal to current priority (2).,40295,20)" storage="d:\actions-runner\_work\xpco\xpco\allsolutions\..\common\videoos.universal\videoos.universal.recorder.client.unittests\bin\debug\net6.0\videoos.universal.recorder.client.unittests.dll" id="e3d09884-7a26-19ec-fe45-6074947eec14">
      <Execution id="1c1feffd-1852-4d37-9fe2-27808dc60fa4" />
      <TestMethod codeBase="D:\actions-runner\_work\XPCO\XPCO\AllSolutions\..\Common\VideoOS.Universal\VideoOS.Universal.Recorder.Client.UnitTests\bin\Debug\net6.0\VideoOS.Universal.Recorder.Client.UnitTests.dll" adapterTypeName="executor://mstestadapter/v2" className="VideoOS.Universal.Recorder.Client.UnitTests.ErrorMappingTests" name="MapToErrorData_ShouldMapToExpectedErrorData_ForAllKnownExceptionMessages" />
    </UnitTest>
    <UnitTest name="MapToErrorData_ShouldMapToExpectedErrorData_ForAllKnownExceptionMessages (Parameter 'searchInterval' not specified.,40000,0)" storage="d:\actions-runner\_work\xpco\xpco\allsolutions\..\common\videoos.universal\videoos.universal.recorder.client.unittests\bin\debug\net6.0\videoos.universal.recorder.client.unittests.dll" id="bea61d3a-b596-676c-8420-e52dc4bdb5ee">
      <Execution id="b967a599-47fa-4beb-8749-e4b40225031d" />
      <TestMethod codeBase="D:\actions-runner\_work\XPCO\XPCO\AllSolutions\..\Common\VideoOS.Universal\VideoOS.Universal.Recorder.Client.UnitTests\bin\Debug\net6.0\VideoOS.Universal.Recorder.Client.UnitTests.dll" adapterTypeName="executor://mstestadapter/v2" className="VideoOS.Universal.Recorder.Client.UnitTests.ErrorMappingTests" name="MapToErrorData_ShouldMapToExpectedErrorData_ForAllKnownExceptionMessages" />
    </UnitTest>
    <UnitTest name="MapToErrorData_ShouldMapToExpectedErrorData_ForAllKnownExceptionMessages (Parameter 'centerTime' not specified.,40000,0)" storage="d:\actions-runner\_work\xpco\xpco\allsolutions\..\common\videoos.universal\videoos.universal.recorder.client.unittests\bin\debug\net6.0\videoos.universal.recorder.client.unittests.dll" id="d99987be-0832-3335-e237-6feaa4d6fa98">
      <Execution id="341d93fd-c9d8-4037-83d9-58d771497ed9" />
      <TestMethod codeBase="D:\actions-runner\_work\XPCO\XPCO\AllSolutions\..\Common\VideoOS.Universal\VideoOS.Universal.Recorder.Client.UnitTests\bin\Debug\net6.0\VideoOS.Universal.Recorder.Client.UnitTests.dll" adapterTypeName="executor://mstestadapter/v2" className="VideoOS.Universal.Recorder.Client.UnitTests.ErrorMappingTests" name="MapToErrorData_ShouldMapToExpectedErrorData_ForAllKnownExceptionMessages" />
    </UnitTest>
    <UnitTest name="MapToErrorData_ShouldMapToExpectedErrorData_ForAllKnownExceptionMessages (Parameter 'resultMotionMaskSize' not specified.,40000,0)" storage="d:\actions-runner\_work\xpco\xpco\allsolutions\..\common\videoos.universal\videoos.universal.recorder.client.unittests\bin\debug\net6.0\videoos.universal.recorder.client.unittests.dll" id="e941f48d-972c-943c-bdc7-064f7abdfd74">
      <Execution id="5bcac08d-016a-4f55-afd2-82379238290f" />
      <TestMethod codeBase="D:\actions-runner\_work\XPCO\XPCO\AllSolutions\..\Common\VideoOS.Universal\VideoOS.Universal.Recorder.Client.UnitTests\bin\Debug\net6.0\VideoOS.Universal.Recorder.Client.UnitTests.dll" adapterTypeName="executor://mstestadapter/v2" className="VideoOS.Universal.Recorder.Client.UnitTests.ErrorMappingTests" name="MapToErrorData_ShouldMapToExpectedErrorData_ForAllKnownExceptionMessages" />
    </UnitTest>
    <UnitTest name="MapToErrorData_ShouldMapToExpectedErrorData_ForAllKnownExceptionMessages (Parameter 'time' not specified.,40000,0)" storage="d:\actions-runner\_work\xpco\xpco\allsolutions\..\common\videoos.universal\videoos.universal.recorder.client.unittests\bin\debug\net6.0\videoos.universal.recorder.client.unittests.dll" id="f37db6b3-18a1-6cb0-cb4d-13e7566b7656">
      <Execution id="3961e4f4-aeb2-4f6c-a416-d7f486c29b1c" />
      <TestMethod codeBase="D:\actions-runner\_work\XPCO\XPCO\AllSolutions\..\Common\VideoOS.Universal\VideoOS.Universal.Recorder.Client.UnitTests\bin\Debug\net6.0\VideoOS.Universal.Recorder.Client.UnitTests.dll" adapterTypeName="executor://mstestadapter/v2" className="VideoOS.Universal.Recorder.Client.UnitTests.ErrorMappingTests" name="MapToErrorData_ShouldMapToExpectedErrorData_ForAllKnownExceptionMessages" />
    </UnitTest>
    <UnitTest name="MapToErrorData_ShouldMapToExpectedErrorData_ForAllKnownExceptionMessages (Cannot release non existing session.,40295,33)" storage="d:\actions-runner\_work\xpco\xpco\allsolutions\..\common\videoos.universal\videoos.universal.recorder.client.unittests\bin\debug\net6.0\videoos.universal.recorder.client.unittests.dll" id="108af05d-0ace-b0f1-f05e-289eb9e90a11">
      <Execution id="ab014720-dabf-478f-9f20-f5f6608f2af2" />
      <TestMethod codeBase="D:\actions-runner\_work\XPCO\XPCO\AllSolutions\..\Common\VideoOS.Universal\VideoOS.Universal.Recorder.Client.UnitTests\bin\Debug\net6.0\VideoOS.Universal.Recorder.Client.UnitTests.dll" adapterTypeName="executor://mstestadapter/v2" className="VideoOS.Universal.Recorder.Client.UnitTests.ErrorMappingTests" name="MapToErrorData_ShouldMapToExpectedErrorData_ForAllKnownExceptionMessages" />
    </UnitTest>
    <UnitTest name="MapToErrorData_ShouldMapToExpectedErrorData_ForAllKnownExceptionMessages (Device AACBA580-2202-4D25-9E27-2B193F56DEE9 does not exist,40295,1)" storage="d:\actions-runner\_work\xpco\xpco\allsolutions\..\common\videoos.universal\videoos.universal.recorder.client.unittests\bin\debug\net6.0\videoos.universal.recorder.client.unittests.dll" id="a43eefff-7bca-2eb3-624c-11d26449da3c">
      <Execution id="0b977315-a17c-49e5-b947-23aba7263f6a" />
      <TestMethod codeBase="D:\actions-runner\_work\XPCO\XPCO\AllSolutions\..\Common\VideoOS.Universal\VideoOS.Universal.Recorder.Client.UnitTests\bin\Debug\net6.0\VideoOS.Universal.Recorder.Client.UnitTests.dll" adapterTypeName="executor://mstestadapter/v2" className="VideoOS.Universal.Recorder.Client.UnitTests.ErrorMappingTests" name="MapToErrorData_ShouldMapToExpectedErrorData_ForAllKnownExceptionMessages" />
    </UnitTest>
    <UnitTest name="MapToErrorData_ShouldMapToExpectedErrorData_ForAllKnownExceptionMessages (Device is not IPreset,40295,11)" storage="d:\actions-runner\_work\xpco\xpco\allsolutions\..\common\videoos.universal\videoos.universal.recorder.client.unittests\bin\debug\net6.0\videoos.universal.recorder.client.unittests.dll" id="6c8cfcbe-26cc-3116-a1fe-812bcf45951d">
      <Execution id="ff0045c1-9982-4f1b-9ad6-d3bf307aa689" />
      <TestMethod codeBase="D:\actions-runner\_work\XPCO\XPCO\AllSolutions\..\Common\VideoOS.Universal\VideoOS.Universal.Recorder.Client.UnitTests\bin\Debug\net6.0\VideoOS.Universal.Recorder.Client.UnitTests.dll" adapterTypeName="executor://mstestadapter/v2" className="VideoOS.Universal.Recorder.Client.UnitTests.ErrorMappingTests" name="MapToErrorData_ShouldMapToExpectedErrorData_ForAllKnownExceptionMessages" />
    </UnitTest>
    <UnitTest name="MapToErrorData_ShouldMapToExpectedErrorData_ForAllKnownExceptionMessages (Parameter 'searchBeginTime' not specified.,40000,0)" storage="d:\actions-runner\_work\xpco\xpco\allsolutions\..\common\videoos.universal\videoos.universal.recorder.client.unittests\bin\debug\net6.0\videoos.universal.recorder.client.unittests.dll" id="5a68d1b1-3764-a97e-103c-43aac4391a48">
      <Execution id="d843d5aa-752c-4e77-a077-1038d3808349" />
      <TestMethod codeBase="D:\actions-runner\_work\XPCO\XPCO\AllSolutions\..\Common\VideoOS.Universal\VideoOS.Universal.Recorder.Client.UnitTests\bin\Debug\net6.0\VideoOS.Universal.Recorder.Client.UnitTests.dll" adapterTypeName="executor://mstestadapter/v2" className="VideoOS.Universal.Recorder.Client.UnitTests.ErrorMappingTests" name="MapToErrorData_ShouldMapToExpectedErrorData_ForAllKnownExceptionMessages" />
    </UnitTest>
    <UnitTest name="MapToErrorData_ShouldMapToExpectedErrorData_ForAllKnownExceptionMessages (Parameter 'presetName' not specified.,40000,0)" storage="d:\actions-runner\_work\xpco\xpco\allsolutions\..\common\videoos.universal\videoos.universal.recorder.client.unittests\bin\debug\net6.0\videoos.universal.recorder.client.unittests.dll" id="09eefae4-2e21-9a9a-fc2e-946957ab7499">
      <Execution id="33547b0b-0bc1-4a22-aa62-052a5d3bdcc5" />
      <TestMethod codeBase="D:\actions-runner\_work\XPCO\XPCO\AllSolutions\..\Common\VideoOS.Universal\VideoOS.Universal.Recorder.Client.UnitTests\bin\Debug\net6.0\VideoOS.Universal.Recorder.Client.UnitTests.dll" adapterTypeName="executor://mstestadapter/v2" className="VideoOS.Universal.Recorder.Client.UnitTests.ErrorMappingTests" name="MapToErrorData_ShouldMapToExpectedErrorData_ForAllKnownExceptionMessages" />
    </UnitTest>
    <UnitTest name="MapToErrorData_ShouldMapToExpectedErrorData_ForAllKnownExceptionMessages ('searchMask' parameters does not match: Expected length = 50,40000,0)" storage="d:\actions-runner\_work\xpco\xpco\allsolutions\..\common\videoos.universal\videoos.universal.recorder.client.unittests\bin\debug\net6.0\videoos.universal.recorder.client.unittests.dll" id="e9813bac-cb0e-d3de-07ea-36047224c476">
      <Execution id="dca3cc7c-ca9c-4528-9aca-ce8e09bae56f" />
      <TestMethod codeBase="D:\actions-runner\_work\XPCO\XPCO\AllSolutions\..\Common\VideoOS.Universal\VideoOS.Universal.Recorder.Client.UnitTests\bin\Debug\net6.0\VideoOS.Universal.Recorder.Client.UnitTests.dll" adapterTypeName="executor://mstestadapter/v2" className="VideoOS.Universal.Recorder.Client.UnitTests.ErrorMappingTests" name="MapToErrorData_ShouldMapToExpectedErrorData_ForAllKnownExceptionMessages" />
    </UnitTest>
    <UnitTest name="MapToErrorData_ShouldMapToExpectedErrorData_ForAllKnownExceptionMessages (Parameter 'maxWidth' not specified.,40000,0)" storage="d:\actions-runner\_work\xpco\xpco\allsolutions\..\common\videoos.universal\videoos.universal.recorder.client.unittests\bin\debug\net6.0\videoos.universal.recorder.client.unittests.dll" id="7da8db57-0f5f-ee68-6304-3422a0dc193e">
      <Execution id="17240b19-eff9-4ef1-b923-91369729b242" />
      <TestMethod codeBase="D:\actions-runner\_work\XPCO\XPCO\AllSolutions\..\Common\VideoOS.Universal\VideoOS.Universal.Recorder.Client.UnitTests\bin\Debug\net6.0\VideoOS.Universal.Recorder.Client.UnitTests.dll" adapterTypeName="executor://mstestadapter/v2" className="VideoOS.Universal.Recorder.Client.UnitTests.ErrorMappingTests" name="MapToErrorData_ShouldMapToExpectedErrorData_ForAllKnownExceptionMessages" />
    </UnitTest>
    <UnitTest name="MapToErrorData_ShouldMapToExpectedErrorData_ForAllKnownExceptionMessages (Invalid format. Value 'MicroSeconds' not as a integer for 'duration' parameter.,40000,0)" storage="d:\actions-runner\_work\xpco\xpco\allsolutions\..\common\videoos.universal\videoos.universal.recorder.client.unittests\bin\debug\net6.0\videoos.universal.recorder.client.unittests.dll" id="35bb0a75-ea12-7e32-2f76-7bbe73a33fa3">
      <Execution id="5856f749-56bd-48cf-bc17-5705cf5a4c26" />
      <TestMethod codeBase="D:\actions-runner\_work\XPCO\XPCO\AllSolutions\..\Common\VideoOS.Universal\VideoOS.Universal.Recorder.Client.UnitTests\bin\Debug\net6.0\VideoOS.Universal.Recorder.Client.UnitTests.dll" adapterTypeName="executor://mstestadapter/v2" className="VideoOS.Universal.Recorder.Client.UnitTests.ErrorMappingTests" name="MapToErrorData_ShouldMapToExpectedErrorData_ForAllKnownExceptionMessages" />
    </UnitTest>
    <UnitTest name="MapToErrorData_ShouldMapToExpectedErrorData_ForAllKnownExceptionMessages (Parameter 'left' not specified.,40000,0)" storage="d:\actions-runner\_work\xpco\xpco\allsolutions\..\common\videoos.universal\videoos.universal.recorder.client.unittests\bin\debug\net6.0\videoos.universal.recorder.client.unittests.dll" id="84976c4c-c9c5-ba05-2748-38cc221e4942">
      <Execution id="92b05095-104f-4252-aa59-3c480ee0d6fa" />
      <TestMethod codeBase="D:\actions-runner\_work\XPCO\XPCO\AllSolutions\..\Common\VideoOS.Universal\VideoOS.Universal.Recorder.Client.UnitTests\bin\Debug\net6.0\VideoOS.Universal.Recorder.Client.UnitTests.dll" adapterTypeName="executor://mstestadapter/v2" className="VideoOS.Universal.Recorder.Client.UnitTests.ErrorMappingTests" name="MapToErrorData_ShouldMapToExpectedErrorData_ForAllKnownExceptionMessages" />
    </UnitTest>
    <UnitTest name="MapToErrorData_ShouldMapToExpectedErrorData_ForAllKnownExceptionMessages (Parameter 'ptzArgs' not specified.,40000,0)" storage="d:\actions-runner\_work\xpco\xpco\allsolutions\..\common\videoos.universal\videoos.universal.recorder.client.unittests\bin\debug\net6.0\videoos.universal.recorder.client.unittests.dll" id="3764e6d9-e325-3b1f-bcc6-b9654fde8c25">
      <Execution id="1fb3e597-3b62-4c6e-8a6e-ed85c74128a1" />
      <TestMethod codeBase="D:\actions-runner\_work\XPCO\XPCO\AllSolutions\..\Common\VideoOS.Universal\VideoOS.Universal.Recorder.Client.UnitTests\bin\Debug\net6.0\VideoOS.Universal.Recorder.Client.UnitTests.dll" adapterTypeName="executor://mstestadapter/v2" className="VideoOS.Universal.Recorder.Client.UnitTests.ErrorMappingTests" name="MapToErrorData_ShouldMapToExpectedErrorData_ForAllKnownExceptionMessages" />
    </UnitTest>
    <UnitTest name="MapToErrorData_ShouldMapToExpectedErrorData_ForAllKnownExceptionMessages (Parameter 'statusSessionId' not specified.,40000,0)" storage="d:\actions-runner\_work\xpco\xpco\allsolutions\..\common\videoos.universal\videoos.universal.recorder.client.unittests\bin\debug\net6.0\videoos.universal.recorder.client.unittests.dll" id="537dc211-4666-e283-65c6-8c68a0413599">
      <Execution id="4714fa74-b300-4245-866b-13224d6a8e62" />
      <TestMethod codeBase="D:\actions-runner\_work\XPCO\XPCO\AllSolutions\..\Common\VideoOS.Universal\VideoOS.Universal.Recorder.Client.UnitTests\bin\Debug\net6.0\VideoOS.Universal.Recorder.Client.UnitTests.dll" adapterTypeName="executor://mstestadapter/v2" className="VideoOS.Universal.Recorder.Client.UnitTests.ErrorMappingTests" name="MapToErrorData_ShouldMapToExpectedErrorData_ForAllKnownExceptionMessages" />
    </UnitTest>
    <UnitTest name="MapToErrorData_ShouldMapToExpectedErrorData_ForAllKnownExceptionMessages (Parameter 'resultMotionMaskSize/Width' not specified.,40000,0)" storage="d:\actions-runner\_work\xpco\xpco\allsolutions\..\common\videoos.universal\videoos.universal.recorder.client.unittests\bin\debug\net6.0\videoos.universal.recorder.client.unittests.dll" id="6477e2fd-ede0-3fab-b4ce-ab42ee4d0d8c">
      <Execution id="434615ce-d363-4d1b-8cca-d43bf84531e0" />
      <TestMethod codeBase="D:\actions-runner\_work\XPCO\XPCO\AllSolutions\..\Common\VideoOS.Universal\VideoOS.Universal.Recorder.Client.UnitTests\bin\Debug\net6.0\VideoOS.Universal.Recorder.Client.UnitTests.dll" adapterTypeName="executor://mstestadapter/v2" className="VideoOS.Universal.Recorder.Client.UnitTests.ErrorMappingTests" name="MapToErrorData_ShouldMapToExpectedErrorData_ForAllKnownExceptionMessages" />
    </UnitTest>
    <UnitTest name="MapToErrorData_ShouldMapToExpectedErrorData_ForAllKnownExceptionMessages (Unknown session used for Multicast Continue: AACBA580-2202-4D25-9E27-2B193F56DEE9,40000,0)" storage="d:\actions-runner\_work\xpco\xpco\allsolutions\..\common\videoos.universal\videoos.universal.recorder.client.unittests\bin\debug\net6.0\videoos.universal.recorder.client.unittests.dll" id="fa448ea3-cacd-9702-7568-8c7fc4d11ff5">
      <Execution id="cf2a8a5c-92b4-40ef-9e00-16854349a045" />
      <TestMethod codeBase="D:\actions-runner\_work\XPCO\XPCO\AllSolutions\..\Common\VideoOS.Universal\VideoOS.Universal.Recorder.Client.UnitTests\bin\Debug\net6.0\VideoOS.Universal.Recorder.Client.UnitTests.dll" adapterTypeName="executor://mstestadapter/v2" className="VideoOS.Universal.Recorder.Client.UnitTests.ErrorMappingTests" name="MapToErrorData_ShouldMapToExpectedErrorData_ForAllKnownExceptionMessages" />
    </UnitTest>
    <UnitTest name="MapToErrorData_ShouldMapToExpectedErrorData_ForAllKnownExceptionMessages (Parameter 'searchMask' not specified.,40000,0)" storage="d:\actions-runner\_work\xpco\xpco\allsolutions\..\common\videoos.universal\videoos.universal.recorder.client.unittests\bin\debug\net6.0\videoos.universal.recorder.client.unittests.dll" id="409e1e3c-c230-1fdd-2348-0e5d7f2fb262">
      <Execution id="a9a7c5b1-d6a1-482b-97ad-c621663d0659" />
      <TestMethod codeBase="D:\actions-runner\_work\XPCO\XPCO\AllSolutions\..\Common\VideoOS.Universal\VideoOS.Universal.Recorder.Client.UnitTests\bin\Debug\net6.0\VideoOS.Universal.Recorder.Client.UnitTests.dll" adapterTypeName="executor://mstestadapter/v2" className="VideoOS.Universal.Recorder.Client.UnitTests.ErrorMappingTests" name="MapToErrorData_ShouldMapToExpectedErrorData_ForAllKnownExceptionMessages" />
    </UnitTest>
    <UnitTest name="MapToErrorData_ShouldMapToExpectedErrorData_ForAllKnownExceptionMessages (Request rejected, current active ptz session is exclusive,40295,80)" storage="d:\actions-runner\_work\xpco\xpco\allsolutions\..\common\videoos.universal\videoos.universal.recorder.client.unittests\bin\debug\net6.0\videoos.universal.recorder.client.unittests.dll" id="76c702ae-9d89-ae34-b428-263e172f3991">
      <Execution id="b641c7d0-31f5-43d1-8c62-578a6c48e5fa" />
      <TestMethod codeBase="D:\actions-runner\_work\XPCO\XPCO\AllSolutions\..\Common\VideoOS.Universal\VideoOS.Universal.Recorder.Client.UnitTests\bin\Debug\net6.0\VideoOS.Universal.Recorder.Client.UnitTests.dll" adapterTypeName="executor://mstestadapter/v2" className="VideoOS.Universal.Recorder.Client.UnitTests.ErrorMappingTests" name="MapToErrorData_ShouldMapToExpectedErrorData_ForAllKnownExceptionMessages" />
    </UnitTest>
    <UnitTest name="MapToErrorData_ShouldMapToExpectedErrorData_ForAllKnownExceptionMessages (PresetSet is not supported,40000,0)" storage="d:\actions-runner\_work\xpco\xpco\allsolutions\..\common\videoos.universal\videoos.universal.recorder.client.unittests\bin\debug\net6.0\videoos.universal.recorder.client.unittests.dll" id="a9618e4b-8e89-0247-245e-8f9e815d108a">
      <Execution id="a355f684-f713-412f-bdfe-16b251655571" />
      <TestMethod codeBase="D:\actions-runner\_work\XPCO\XPCO\AllSolutions\..\Common\VideoOS.Universal\VideoOS.Universal.Recorder.Client.UnitTests\bin\Debug\net6.0\VideoOS.Universal.Recorder.Client.UnitTests.dll" adapterTypeName="executor://mstestadapter/v2" className="VideoOS.Universal.Recorder.Client.UnitTests.ErrorMappingTests" name="MapToErrorData_ShouldMapToExpectedErrorData_ForAllKnownExceptionMessages" />
    </UnitTest>
    <UnitTest name="MapToErrorData_ShouldMapToExpectedErrorData_ForAllKnownExceptionMessages (Parameter 'right' not a double.,40000,0)" storage="d:\actions-runner\_work\xpco\xpco\allsolutions\..\common\videoos.universal\videoos.universal.recorder.client.unittests\bin\debug\net6.0\videoos.universal.recorder.client.unittests.dll" id="7f153cf2-7d5e-fc7a-430e-3b6e8a0a8239">
      <Execution id="213ffc9f-2e96-41cb-a582-089bc431027f" />
      <TestMethod codeBase="D:\actions-runner\_work\XPCO\XPCO\AllSolutions\..\Common\VideoOS.Universal\VideoOS.Universal.Recorder.Client.UnitTests\bin\Debug\net6.0\VideoOS.Universal.Recorder.Client.UnitTests.dll" adapterTypeName="executor://mstestadapter/v2" className="VideoOS.Universal.Recorder.Client.UnitTests.ErrorMappingTests" name="MapToErrorData_ShouldMapToExpectedErrorData_ForAllKnownExceptionMessages" />
    </UnitTest>
    <UnitTest name="MapToErrorData_ShouldMapToExpectedErrorData_ForAllKnownExceptionMessages (Output Trigger not allowed,40000,0)" storage="d:\actions-runner\_work\xpco\xpco\allsolutions\..\common\videoos.universal\videoos.universal.recorder.client.unittests\bin\debug\net6.0\videoos.universal.recorder.client.unittests.dll" id="b8a83e5a-3d24-dc69-17eb-8c6d482572a9">
      <Execution id="effe1d69-33db-4e0a-8bf6-0920ab0d8acb" />
      <TestMethod codeBase="D:\actions-runner\_work\XPCO\XPCO\AllSolutions\..\Common\VideoOS.Universal\VideoOS.Universal.Recorder.Client.UnitTests\bin\Debug\net6.0\VideoOS.Universal.Recorder.Client.UnitTests.dll" adapterTypeName="executor://mstestadapter/v2" className="VideoOS.Universal.Recorder.Client.UnitTests.ErrorMappingTests" name="MapToErrorData_ShouldMapToExpectedErrorData_ForAllKnownExceptionMessages" />
    </UnitTest>
    <UnitTest name="MapToErrorData_ShouldMapToExpectedErrorData_ForAllKnownExceptionMessages (Parameter 'deviceId' not specified.,40000,0)" storage="d:\actions-runner\_work\xpco\xpco\allsolutions\..\common\videoos.universal\videoos.universal.recorder.client.unittests\bin\debug\net6.0\videoos.universal.recorder.client.unittests.dll" id="e78489c1-65df-995e-ceb9-0b1adee1e4b3">
      <Execution id="d1052280-f20e-46d4-8bf2-7f897f3a07d9" />
      <TestMethod codeBase="D:\actions-runner\_work\XPCO\XPCO\AllSolutions\..\Common\VideoOS.Universal\VideoOS.Universal.Recorder.Client.UnitTests\bin\Debug\net6.0\VideoOS.Universal.Recorder.Client.UnitTests.dll" adapterTypeName="executor://mstestadapter/v2" className="VideoOS.Universal.Recorder.Client.UnitTests.ErrorMappingTests" name="MapToErrorData_ShouldMapToExpectedErrorData_ForAllKnownExceptionMessages" />
    </UnitTest>
    <UnitTest name="MapToErrorData_ShouldMapToExpectedErrorData_ForAllKnownExceptionMessages (Token expired,20001,3)" storage="d:\actions-runner\_work\xpco\xpco\allsolutions\..\common\videoos.universal\videoos.universal.recorder.client.unittests\bin\debug\net6.0\videoos.universal.recorder.client.unittests.dll" id="5cf3b2ae-2d74-b3e5-ee80-ac4a8824c3e9">
      <Execution id="00c220d0-f0ed-43c6-a644-41e4e2f28f56" />
      <TestMethod codeBase="D:\actions-runner\_work\XPCO\XPCO\AllSolutions\..\Common\VideoOS.Universal\VideoOS.Universal.Recorder.Client.UnitTests\bin\Debug\net6.0\VideoOS.Universal.Recorder.Client.UnitTests.dll" adapterTypeName="executor://mstestadapter/v2" className="VideoOS.Universal.Recorder.Client.UnitTests.ErrorMappingTests" name="MapToErrorData_ShouldMapToExpectedErrorData_ForAllKnownExceptionMessages" />
    </UnitTest>
    <UnitTest name="MapToErrorData_ShouldMapToExpectedErrorData_ForAllKnownExceptionMessages (Parameter 'millisecondsTimeout' not specified.,40000,0)" storage="d:\actions-runner\_work\xpco\xpco\allsolutions\..\common\videoos.universal\videoos.universal.recorder.client.unittests\bin\debug\net6.0\videoos.universal.recorder.client.unittests.dll" id="d10eb253-65b4-67f8-cc29-cc67c0a2a3a5">
      <Execution id="571501e8-225f-4aa8-89da-c61d66f4b8d1" />
      <TestMethod codeBase="D:\actions-runner\_work\XPCO\XPCO\AllSolutions\..\Common\VideoOS.Universal\VideoOS.Universal.Recorder.Client.UnitTests\bin\Debug\net6.0\VideoOS.Universal.Recorder.Client.UnitTests.dll" adapterTypeName="executor://mstestadapter/v2" className="VideoOS.Universal.Recorder.Client.UnitTests.ErrorMappingTests" name="MapToErrorData_ShouldMapToExpectedErrorData_ForAllKnownExceptionMessages" />
    </UnitTest>
    <UnitTest name="MapToErrorData_ShouldMapToExpectedErrorData_ForAllKnownExceptionMessages (Sequences Get Around not allowed,40000,0)" storage="d:\actions-runner\_work\xpco\xpco\allsolutions\..\common\videoos.universal\videoos.universal.recorder.client.unittests\bin\debug\net6.0\videoos.universal.recorder.client.unittests.dll" id="093e0c4f-0682-d7b7-cac6-0e8fca74ab58">
      <Execution id="825bb509-830b-4f9a-95f0-6c43bc29969d" />
      <TestMethod codeBase="D:\actions-runner\_work\XPCO\XPCO\AllSolutions\..\Common\VideoOS.Universal\VideoOS.Universal.Recorder.Client.UnitTests\bin\Debug\net6.0\VideoOS.Universal.Recorder.Client.UnitTests.dll" adapterTypeName="executor://mstestadapter/v2" className="VideoOS.Universal.Recorder.Client.UnitTests.ErrorMappingTests" name="MapToErrorData_ShouldMapToExpectedErrorData_ForAllKnownExceptionMessages" />
    </UnitTest>
    <UnitTest name="MapToErrorData_ShouldMapToExpectedErrorData_ForAllKnownExceptionMessages (Patrolling session has not been started.,40295,40)" storage="d:\actions-runner\_work\xpco\xpco\allsolutions\..\common\videoos.universal\videoos.universal.recorder.client.unittests\bin\debug\net6.0\videoos.universal.recorder.client.unittests.dll" id="03288840-2dc2-19f0-e304-8d21e0b02fa5">
      <Execution id="ba0e888f-1d5a-4089-ba27-7fa8b7eee86b" />
      <TestMethod codeBase="D:\actions-runner\_work\XPCO\XPCO\AllSolutions\..\Common\VideoOS.Universal\VideoOS.Universal.Recorder.Client.UnitTests\bin\Debug\net6.0\VideoOS.Universal.Recorder.Client.UnitTests.dll" adapterTypeName="executor://mstestadapter/v2" className="VideoOS.Universal.Recorder.Client.UnitTests.ErrorMappingTests" name="MapToErrorData_ShouldMapToExpectedErrorData_ForAllKnownExceptionMessages" />
    </UnitTest>
    <UnitTest name="MapToErrorData_ShouldMapToExpectedErrorData_ForAllKnownExceptionMessages (Parameter 'maxTime' not specified.,40000,0)" storage="d:\actions-runner\_work\xpco\xpco\allsolutions\..\common\videoos.universal\videoos.universal.recorder.client.unittests\bin\debug\net6.0\videoos.universal.recorder.client.unittests.dll" id="da4a5a12-d730-2d9f-9d0f-8fe4d275e6a4">
      <Execution id="cab95e37-c8dd-41c7-b642-83646e3ff280" />
      <TestMethod codeBase="D:\actions-runner\_work\XPCO\XPCO\AllSolutions\..\Common\VideoOS.Universal\VideoOS.Universal.Recorder.Client.UnitTests\bin\Debug\net6.0\VideoOS.Universal.Recorder.Client.UnitTests.dll" adapterTypeName="executor://mstestadapter/v2" className="VideoOS.Universal.Recorder.Client.UnitTests.ErrorMappingTests" name="MapToErrorData_ShouldMapToExpectedErrorData_ForAllKnownExceptionMessages" />
    </UnitTest>
    <UnitTest name="MapToErrorData_ShouldMapToExpectedErrorData_ForAllKnownExceptionMessages (Insufficient permission,40295,60)" storage="d:\actions-runner\_work\xpco\xpco\allsolutions\..\common\videoos.universal\videoos.universal.recorder.client.unittests\bin\debug\net6.0\videoos.universal.recorder.client.unittests.dll" id="9d28c087-ffe2-844f-634e-b82cc1ac0f16">
      <Execution id="ade2abf9-fc80-4970-9c3e-3f36a09a4f34" />
      <TestMethod codeBase="D:\actions-runner\_work\XPCO\XPCO\AllSolutions\..\Common\VideoOS.Universal\VideoOS.Universal.Recorder.Client.UnitTests\bin\Debug\net6.0\VideoOS.Universal.Recorder.Client.UnitTests.dll" adapterTypeName="executor://mstestadapter/v2" className="VideoOS.Universal.Recorder.Client.UnitTests.ErrorMappingTests" name="MapToErrorData_ShouldMapToExpectedErrorData_ForAllKnownExceptionMessages" />
    </UnitTest>
    <UnitTest name="MapToErrorData_ShouldMapToExpectedErrorData_ForAllKnownExceptionMessages (Reading input is not allowed,40000,0)" storage="d:\actions-runner\_work\xpco\xpco\allsolutions\..\common\videoos.universal\videoos.universal.recorder.client.unittests\bin\debug\net6.0\videoos.universal.recorder.client.unittests.dll" id="04b8bb7e-04c6-569d-25ae-bc0c65c87fc3">
      <Execution id="951296ed-bd21-44b7-884e-0a307f6ecdcc" />
      <TestMethod codeBase="D:\actions-runner\_work\XPCO\XPCO\AllSolutions\..\Common\VideoOS.Universal\VideoOS.Universal.Recorder.Client.UnitTests\bin\Debug\net6.0\VideoOS.Universal.Recorder.Client.UnitTests.dll" adapterTypeName="executor://mstestadapter/v2" className="VideoOS.Universal.Recorder.Client.UnitTests.ErrorMappingTests" name="MapToErrorData_ShouldMapToExpectedErrorData_ForAllKnownExceptionMessages" />
    </UnitTest>
    <UnitTest name="MapToErrorData_ShouldMapToExpectedErrorData_ForAllKnownExceptionMessages (Parameter 'right' not specified.,40000,0)" storage="d:\actions-runner\_work\xpco\xpco\allsolutions\..\common\videoos.universal\videoos.universal.recorder.client.unittests\bin\debug\net6.0\videoos.universal.recorder.client.unittests.dll" id="8165c1f2-495b-6070-8ce9-c61046fb6cfb">
      <Execution id="2022d96b-e8e4-4001-aefe-e1dfd762da6f" />
      <TestMethod codeBase="D:\actions-runner\_work\XPCO\XPCO\AllSolutions\..\Common\VideoOS.Universal\VideoOS.Universal.Recorder.Client.UnitTests\bin\Debug\net6.0\VideoOS.Universal.Recorder.Client.UnitTests.dll" adapterTypeName="executor://mstestadapter/v2" className="VideoOS.Universal.Recorder.Client.UnitTests.ErrorMappingTests" name="MapToErrorData_ShouldMapToExpectedErrorData_ForAllKnownExceptionMessages" />
    </UnitTest>
    <UnitTest name="MapToErrorData_ShouldMapToExpectedErrorData_ForAllKnownExceptionMessages (No response,40000,0)" storage="d:\actions-runner\_work\xpco\xpco\allsolutions\..\common\videoos.universal\videoos.universal.recorder.client.unittests\bin\debug\net6.0\videoos.universal.recorder.client.unittests.dll" id="faa7f702-2a50-8393-bfa4-c89abc9cf201">
      <Execution id="80e3fe4a-bc3c-405b-b920-3e582f25b606" />
      <TestMethod codeBase="D:\actions-runner\_work\XPCO\XPCO\AllSolutions\..\Common\VideoOS.Universal\VideoOS.Universal.Recorder.Client.UnitTests\bin\Debug\net6.0\VideoOS.Universal.Recorder.Client.UnitTests.dll" adapterTypeName="executor://mstestadapter/v2" className="VideoOS.Universal.Recorder.Client.UnitTests.ErrorMappingTests" name="MapToErrorData_ShouldMapToExpectedErrorData_ForAllKnownExceptionMessages" />
    </UnitTest>
    <UnitTest name="MapToErrorData_ShouldMapToExpectedErrorData_ForAllKnownExceptionMessages (Cannot pause a session which is not running.,40295,33)" storage="d:\actions-runner\_work\xpco\xpco\allsolutions\..\common\videoos.universal\videoos.universal.recorder.client.unittests\bin\debug\net6.0\videoos.universal.recorder.client.unittests.dll" id="1d29cc7a-a6eb-2b93-bb06-e7446d8ebc19">
      <Execution id="0bc2c934-3594-474c-86bd-8af93bccb764" />
      <TestMethod codeBase="D:\actions-runner\_work\XPCO\XPCO\AllSolutions\..\Common\VideoOS.Universal\VideoOS.Universal.Recorder.Client.UnitTests\bin\Debug\net6.0\VideoOS.Universal.Recorder.Client.UnitTests.dll" adapterTypeName="executor://mstestadapter/v2" className="VideoOS.Universal.Recorder.Client.UnitTests.ErrorMappingTests" name="MapToErrorData_ShouldMapToExpectedErrorData_ForAllKnownExceptionMessages" />
    </UnitTest>
    <UnitTest name="MapToErrorData_ShouldMapToExpectedErrorData_ForAllKnownExceptionMessages (Manual Ptz control not allowed,40295,60)" storage="d:\actions-runner\_work\xpco\xpco\allsolutions\..\common\videoos.universal\videoos.universal.recorder.client.unittests\bin\debug\net6.0\videoos.universal.recorder.client.unittests.dll" id="c83f10a6-255e-e28d-e955-642a81959698">
      <Execution id="3bfd9754-c9c8-4016-8259-2aa686efc929" />
      <TestMethod codeBase="D:\actions-runner\_work\XPCO\XPCO\AllSolutions\..\Common\VideoOS.Universal\VideoOS.Universal.Recorder.Client.UnitTests\bin\Debug\net6.0\VideoOS.Universal.Recorder.Client.UnitTests.dll" adapterTypeName="executor://mstestadapter/v2" className="VideoOS.Universal.Recorder.Client.UnitTests.ErrorMappingTests" name="MapToErrorData_ShouldMapToExpectedErrorData_ForAllKnownExceptionMessages" />
    </UnitTest>
    <UnitTest name="MapToErrorData_ShouldMapToExpectedErrorData_ForAllKnownExceptionMessages (Parameter 'top' not a double.,40000,0)" storage="d:\actions-runner\_work\xpco\xpco\allsolutions\..\common\videoos.universal\videoos.universal.recorder.client.unittests\bin\debug\net6.0\videoos.universal.recorder.client.unittests.dll" id="63d42fa5-765e-4aec-9526-955d51ebd827">
      <Execution id="e33abf48-bdcb-47dd-b5a1-531012dafc29" />
      <TestMethod codeBase="D:\actions-runner\_work\XPCO\XPCO\AllSolutions\..\Common\VideoOS.Universal\VideoOS.Universal.Recorder.Client.UnitTests\bin\Debug\net6.0\VideoOS.Universal.Recorder.Client.UnitTests.dll" adapterTypeName="executor://mstestadapter/v2" className="VideoOS.Universal.Recorder.Client.UnitTests.ErrorMappingTests" name="MapToErrorData_ShouldMapToExpectedErrorData_ForAllKnownExceptionMessages" />
    </UnitTest>
    <UnitTest name="MapToErrorData_ShouldMapToExpectedErrorData_ForAllKnownExceptionMessages (Parameter 'bottom' not specified.,40000,0)" storage="d:\actions-runner\_work\xpco\xpco\allsolutions\..\common\videoos.universal\videoos.universal.recorder.client.unittests\bin\debug\net6.0\videoos.universal.recorder.client.unittests.dll" id="5ca73389-7db4-3e7a-4464-cebcf0dce7ba">
      <Execution id="2094d353-e423-46b1-ab56-f771d75ebaee" />
      <TestMethod codeBase="D:\actions-runner\_work\XPCO\XPCO\AllSolutions\..\Common\VideoOS.Universal\VideoOS.Universal.Recorder.Client.UnitTests\bin\Debug\net6.0\VideoOS.Universal.Recorder.Client.UnitTests.dll" adapterTypeName="executor://mstestadapter/v2" className="VideoOS.Universal.Recorder.Client.UnitTests.ErrorMappingTests" name="MapToErrorData_ShouldMapToExpectedErrorData_ForAllKnownExceptionMessages" />
    </UnitTest>
    <UnitTest name="MapToErrorData_ShouldMapToExpectedErrorData_ForAllKnownExceptionMessages (Parameter 'bottom' not a double.,40000,0)" storage="d:\actions-runner\_work\xpco\xpco\allsolutions\..\common\videoos.universal\videoos.universal.recorder.client.unittests\bin\debug\net6.0\videoos.universal.recorder.client.unittests.dll" id="188102fc-408f-6135-5f5e-6a3ccde77ae6">
      <Execution id="611aa7b2-f443-4f94-bbd3-98120dd39d02" />
      <TestMethod codeBase="D:\actions-runner\_work\XPCO\XPCO\AllSolutions\..\Common\VideoOS.Universal\VideoOS.Universal.Recorder.Client.UnitTests\bin\Debug\net6.0\VideoOS.Universal.Recorder.Client.UnitTests.dll" adapterTypeName="executor://mstestadapter/v2" className="VideoOS.Universal.Recorder.Client.UnitTests.ErrorMappingTests" name="MapToErrorData_ShouldMapToExpectedErrorData_ForAllKnownExceptionMessages" />
    </UnitTest>
    <UnitTest name="MapToErrorData_ShouldMapToExpectedErrorData_ForAllKnownExceptionMessages (Request rejected, cannot pause a reserved session,40295,71)" storage="d:\actions-runner\_work\xpco\xpco\allsolutions\..\common\videoos.universal\videoos.universal.recorder.client.unittests\bin\debug\net6.0\videoos.universal.recorder.client.unittests.dll" id="65967649-297f-d191-e743-54e4eed8afed">
      <Execution id="0084d9d7-4e0a-4b33-bb78-621444d32e89" />
      <TestMethod codeBase="D:\actions-runner\_work\XPCO\XPCO\AllSolutions\..\Common\VideoOS.Universal\VideoOS.Universal.Recorder.Client.UnitTests\bin\Debug\net6.0\VideoOS.Universal.Recorder.Client.UnitTests.dll" adapterTypeName="executor://mstestadapter/v2" className="VideoOS.Universal.Recorder.Client.UnitTests.ErrorMappingTests" name="MapToErrorData_ShouldMapToExpectedErrorData_ForAllKnownExceptionMessages" />
    </UnitTest>
    <UnitTest name="MapToErrorData_ShouldMapToExpectedErrorData_ForAllKnownExceptionMessages (Parameter 'continueSearch' not specified.,40000,0)" storage="d:\actions-runner\_work\xpco\xpco\allsolutions\..\common\videoos.universal\videoos.universal.recorder.client.unittests\bin\debug\net6.0\videoos.universal.recorder.client.unittests.dll" id="4c6af3c0-d426-84fb-ecff-c92a0807b57d">
      <Execution id="b1d8ecab-db7d-419a-8db5-cba6deb7595f" />
      <TestMethod codeBase="D:\actions-runner\_work\XPCO\XPCO\AllSolutions\..\Common\VideoOS.Universal\VideoOS.Universal.Recorder.Client.UnitTests\bin\Debug\net6.0\VideoOS.Universal.Recorder.Client.UnitTests.dll" adapterTypeName="executor://mstestadapter/v2" className="VideoOS.Universal.Recorder.Client.UnitTests.ErrorMappingTests" name="MapToErrorData_ShouldMapToExpectedErrorData_ForAllKnownExceptionMessages" />
    </UnitTest>
    <UnitTest name="MapToErrorData_ShouldMapToExpectedErrorData_ForAllKnownExceptionMessages (Parameter 'refHeight' not specified.,40000,0)" storage="d:\actions-runner\_work\xpco\xpco\allsolutions\..\common\videoos.universal\videoos.universal.recorder.client.unittests\bin\debug\net6.0\videoos.universal.recorder.client.unittests.dll" id="95abe8be-4dd1-1e7f-6580-bed2dbfaad65">
      <Execution id="cac1a6ab-3f85-4bf7-85b9-59d97ecacdef" />
      <TestMethod codeBase="D:\actions-runner\_work\XPCO\XPCO\AllSolutions\..\Common\VideoOS.Universal\VideoOS.Universal.Recorder.Client.UnitTests\bin\Debug\net6.0\VideoOS.Universal.Recorder.Client.UnitTests.dll" adapterTypeName="executor://mstestadapter/v2" className="VideoOS.Universal.Recorder.Client.UnitTests.ErrorMappingTests" name="MapToErrorData_ShouldMapToExpectedErrorData_ForAllKnownExceptionMessages" />
    </UnitTest>
    <UnitTest name="MapToErrorData_ShouldMapToExpectedErrorData_ForAllKnownExceptionMessages (Device is not started,40295,2)" storage="d:\actions-runner\_work\xpco\xpco\allsolutions\..\common\videoos.universal\videoos.universal.recorder.client.unittests\bin\debug\net6.0\videoos.universal.recorder.client.unittests.dll" id="515d24aa-9e7f-58b7-f6d8-5a472a32c10a">
      <Execution id="f314cbc3-b1cf-458d-aa66-e2cd89b4a378" />
      <TestMethod codeBase="D:\actions-runner\_work\XPCO\XPCO\AllSolutions\..\Common\VideoOS.Universal\VideoOS.Universal.Recorder.Client.UnitTests\bin\Debug\net6.0\VideoOS.Universal.Recorder.Client.UnitTests.dll" adapterTypeName="executor://mstestadapter/v2" className="VideoOS.Universal.Recorder.Client.UnitTests.ErrorMappingTests" name="MapToErrorData_ShouldMapToExpectedErrorData_ForAllKnownExceptionMessages" />
    </UnitTest>
    <UnitTest name="MapToErrorData_ShouldMapToExpectedErrorData_ForAllKnownExceptionMessages (Unknown patrolling schema, id=AACBA580-2202-4D25-9E27-2B193F56DEE9,40295,50)" storage="d:\actions-runner\_work\xpco\xpco\allsolutions\..\common\videoos.universal\videoos.universal.recorder.client.unittests\bin\debug\net6.0\videoos.universal.recorder.client.unittests.dll" id="81e85450-30f9-5c57-97ba-db638300426f">
      <Execution id="9edd5785-9c85-4d1e-9762-4ad4de9cd55a" />
      <TestMethod codeBase="D:\actions-runner\_work\XPCO\XPCO\AllSolutions\..\Common\VideoOS.Universal\VideoOS.Universal.Recorder.Client.UnitTests\bin\Debug\net6.0\VideoOS.Universal.Recorder.Client.UnitTests.dll" adapterTypeName="executor://mstestadapter/v2" className="VideoOS.Universal.Recorder.Client.UnitTests.ErrorMappingTests" name="MapToErrorData_ShouldMapToExpectedErrorData_ForAllKnownExceptionMessages" />
    </UnitTest>
    <UnitTest name="MapToErrorData_ShouldMapToExpectedErrorData_ForAllKnownExceptionMessages (Sequences Get not allowed,40000,0)" storage="d:\actions-runner\_work\xpco\xpco\allsolutions\..\common\videoos.universal\videoos.universal.recorder.client.unittests\bin\debug\net6.0\videoos.universal.recorder.client.unittests.dll" id="a2af4ca4-418d-1bfc-06a1-ddf6020a858c">
      <Execution id="c266d5af-5daf-4ed2-88eb-fd1e010021f4" />
      <TestMethod codeBase="D:\actions-runner\_work\XPCO\XPCO\AllSolutions\..\Common\VideoOS.Universal\VideoOS.Universal.Recorder.Client.UnitTests\bin\Debug\net6.0\VideoOS.Universal.Recorder.Client.UnitTests.dll" adapterTypeName="executor://mstestadapter/v2" className="VideoOS.Universal.Recorder.Client.UnitTests.ErrorMappingTests" name="MapToErrorData_ShouldMapToExpectedErrorData_ForAllKnownExceptionMessages" />
    </UnitTest>
    <UnitTest name="MapToErrorData_ShouldMapToExpectedErrorData_ForAllKnownExceptionMessages (Parameter 'timeLineInformationBeginTime' not specified.,40000,0)" storage="d:\actions-runner\_work\xpco\xpco\allsolutions\..\common\videoos.universal\videoos.universal.recorder.client.unittests\bin\debug\net6.0\videoos.universal.recorder.client.unittests.dll" id="3dcfce6c-f0bc-2783-2af2-6450bc06a5dd">
      <Execution id="365f7126-43e0-4ddd-8d85-f546be6ea175" />
      <TestMethod codeBase="D:\actions-runner\_work\XPCO\XPCO\AllSolutions\..\Common\VideoOS.Universal\VideoOS.Universal.Recorder.Client.UnitTests\bin\Debug\net6.0\VideoOS.Universal.Recorder.Client.UnitTests.dll" adapterTypeName="executor://mstestadapter/v2" className="VideoOS.Universal.Recorder.Client.UnitTests.ErrorMappingTests" name="MapToErrorData_ShouldMapToExpectedErrorData_ForAllKnownExceptionMessages" />
    </UnitTest>
    <UnitTest name="MapToErrorData_ShouldMapToExpectedErrorData_ForAllKnownExceptionMessages (Parameter 'resultMotionMaskSize/Height' not specified.,40000,0)" storage="d:\actions-runner\_work\xpco\xpco\allsolutions\..\common\videoos.universal\videoos.universal.recorder.client.unittests\bin\debug\net6.0\videoos.universal.recorder.client.unittests.dll" id="3619a490-bc5c-47cd-b8da-2a1456ab51df">
      <Execution id="3a602c86-6204-45e9-a96e-bd5b0c6cfa6c" />
      <TestMethod codeBase="D:\actions-runner\_work\XPCO\XPCO\AllSolutions\..\Common\VideoOS.Universal\VideoOS.Universal.Recorder.Client.UnitTests\bin\Debug\net6.0\VideoOS.Universal.Recorder.Client.UnitTests.dll" adapterTypeName="executor://mstestadapter/v2" className="VideoOS.Universal.Recorder.Client.UnitTests.ErrorMappingTests" name="MapToErrorData_ShouldMapToExpectedErrorData_ForAllKnownExceptionMessages" />
    </UnitTest>
    <UnitTest name="MapToErrorData_ShouldMapToExpectedErrorData_ForAllKnownExceptionMessages (Output Activate not allowed,40000,0)" storage="d:\actions-runner\_work\xpco\xpco\allsolutions\..\common\videoos.universal\videoos.universal.recorder.client.unittests\bin\debug\net6.0\videoos.universal.recorder.client.unittests.dll" id="2e4dab93-7254-9a59-2cd6-e0afcb3c4c87">
      <Execution id="2ba6ced8-b6f4-41a8-b926-53e7bf4c2405" />
      <TestMethod codeBase="D:\actions-runner\_work\XPCO\XPCO\AllSolutions\..\Common\VideoOS.Universal\VideoOS.Universal.Recorder.Client.UnitTests\bin\Debug\net6.0\VideoOS.Universal.Recorder.Client.UnitTests.dll" adapterTypeName="executor://mstestadapter/v2" className="VideoOS.Universal.Recorder.Client.UnitTests.ErrorMappingTests" name="MapToErrorData_ShouldMapToExpectedErrorData_ForAllKnownExceptionMessages" />
    </UnitTest>
    <UnitTest name="MapToErrorData_ShouldMapToExpectedErrorData_ForAllKnownExceptionMessages (Smart Search Start not allowed,40000,0)" storage="d:\actions-runner\_work\xpco\xpco\allsolutions\..\common\videoos.universal\videoos.universal.recorder.client.unittests\bin\debug\net6.0\videoos.universal.recorder.client.unittests.dll" id="6629b8ce-27d6-55a9-c243-f84a8de15019">
      <Execution id="19044939-2288-4538-bf7a-b014a02a5bc5" />
      <TestMethod codeBase="D:\actions-runner\_work\XPCO\XPCO\AllSolutions\..\Common\VideoOS.Universal\VideoOS.Universal.Recorder.Client.UnitTests\bin\Debug\net6.0\VideoOS.Universal.Recorder.Client.UnitTests.dll" adapterTypeName="executor://mstestadapter/v2" className="VideoOS.Universal.Recorder.Client.UnitTests.ErrorMappingTests" name="MapToErrorData_ShouldMapToExpectedErrorData_ForAllKnownExceptionMessages" />
    </UnitTest>
    <UnitTest name="MapToErrorData_ShouldMapToExpectedErrorData_ForAllKnownExceptionMessages (Get timeline information not allowed,40000,0)" storage="d:\actions-runner\_work\xpco\xpco\allsolutions\..\common\videoos.universal\videoos.universal.recorder.client.unittests\bin\debug\net6.0\videoos.universal.recorder.client.unittests.dll" id="426a4511-596c-578b-a773-b011c2a41a44">
      <Execution id="58dbc3ca-e614-487c-8fae-b7b7e60fce9d" />
      <TestMethod codeBase="D:\actions-runner\_work\XPCO\XPCO\AllSolutions\..\Common\VideoOS.Universal\VideoOS.Universal.Recorder.Client.UnitTests\bin\Debug\net6.0\VideoOS.Universal.Recorder.Client.UnitTests.dll" adapterTypeName="executor://mstestadapter/v2" className="VideoOS.Universal.Recorder.Client.UnitTests.ErrorMappingTests" name="MapToErrorData_ShouldMapToExpectedErrorData_ForAllKnownExceptionMessages" />
    </UnitTest>
    <UnitTest name="MapToErrorData_ShouldMapToExpectedErrorData_ForAllKnownExceptionMessages (Cannot perform session request on non-active session.,40295,31)" storage="d:\actions-runner\_work\xpco\xpco\allsolutions\..\common\videoos.universal\videoos.universal.recorder.client.unittests\bin\debug\net6.0\videoos.universal.recorder.client.unittests.dll" id="8f765b14-bd69-1133-f585-3d3b4c296915">
      <Execution id="951f4540-c55a-4e54-bb55-b6ff8dadc5ec" />
      <TestMethod codeBase="D:\actions-runner\_work\XPCO\XPCO\AllSolutions\..\Common\VideoOS.Universal\VideoOS.Universal.Recorder.Client.UnitTests\bin\Debug\net6.0\VideoOS.Universal.Recorder.Client.UnitTests.dll" adapterTypeName="executor://mstestadapter/v2" className="VideoOS.Universal.Recorder.Client.UnitTests.ErrorMappingTests" name="MapToErrorData_ShouldMapToExpectedErrorData_ForAllKnownExceptionMessages" />
    </UnitTest>
    <UnitTest name="MapToErrorData_ShouldMapToExpectedErrorData_ForAllKnownExceptionMessages (Unable to get Ptz priority,40000,0)" storage="d:\actions-runner\_work\xpco\xpco\allsolutions\..\common\videoos.universal\videoos.universal.recorder.client.unittests\bin\debug\net6.0\videoos.universal.recorder.client.unittests.dll" id="61ea6a77-9667-d353-7a5b-60d539ec3955">
      <Execution id="159dafc4-0875-4e94-8c74-e4a0be35fc6e" />
      <TestMethod codeBase="D:\actions-runner\_work\XPCO\XPCO\AllSolutions\..\Common\VideoOS.Universal\VideoOS.Universal.Recorder.Client.UnitTests\bin\Debug\net6.0\VideoOS.Universal.Recorder.Client.UnitTests.dll" adapterTypeName="executor://mstestadapter/v2" className="VideoOS.Universal.Recorder.Client.UnitTests.ErrorMappingTests" name="MapToErrorData_ShouldMapToExpectedErrorData_ForAllKnownExceptionMessages" />
    </UnitTest>
    <UnitTest name="MapToErrorData_ShouldMapToExpectedErrorData_ForAllKnownExceptionMessages (Parameter 'patrollingSchemaId' not specified.,40000,0)" storage="d:\actions-runner\_work\xpco\xpco\allsolutions\..\common\videoos.universal\videoos.universal.recorder.client.unittests\bin\debug\net6.0\videoos.universal.recorder.client.unittests.dll" id="be792d97-2379-5475-8e91-0ba95f1d9d93">
      <Execution id="ae1f08ec-2c0e-44ca-a8c3-5371bc137401" />
      <TestMethod codeBase="D:\actions-runner\_work\XPCO\XPCO\AllSolutions\..\Common\VideoOS.Universal\VideoOS.Universal.Recorder.Client.UnitTests\bin\Debug\net6.0\VideoOS.Universal.Recorder.Client.UnitTests.dll" adapterTypeName="executor://mstestadapter/v2" className="VideoOS.Universal.Recorder.Client.UnitTests.ErrorMappingTests" name="MapToErrorData_ShouldMapToExpectedErrorData_ForAllKnownExceptionMessages" />
    </UnitTest>
    <UnitTest name="MapToErrorData_ShouldMapToExpectedErrorData_ForAllKnownExceptionMessages (Parameter 'timeLineInformationTypes' not specified.,40000,0)" storage="d:\actions-runner\_work\xpco\xpco\allsolutions\..\common\videoos.universal\videoos.universal.recorder.client.unittests\bin\debug\net6.0\videoos.universal.recorder.client.unittests.dll" id="1f6a76d9-e101-5abe-be6a-13a6863984ac">
      <Execution id="632fd52a-667d-4f92-a7b5-e05d4db5eb52" />
      <TestMethod codeBase="D:\actions-runner\_work\XPCO\XPCO\AllSolutions\..\Common\VideoOS.Universal\VideoOS.Universal.Recorder.Client.UnitTests\bin\Debug\net6.0\VideoOS.Universal.Recorder.Client.UnitTests.dll" adapterTypeName="executor://mstestadapter/v2" className="VideoOS.Universal.Recorder.Client.UnitTests.ErrorMappingTests" name="MapToErrorData_ShouldMapToExpectedErrorData_ForAllKnownExceptionMessages" />
    </UnitTest>
    <UnitTest name="MapToErrorData_ShouldMapToExpectedErrorData_ForAllKnownExceptionMessages (Sequences Get Around With Span not allowed,40000,0)" storage="d:\actions-runner\_work\xpco\xpco\allsolutions\..\common\videoos.universal\videoos.universal.recorder.client.unittests\bin\debug\net6.0\videoos.universal.recorder.client.unittests.dll" id="01ddccd1-9039-984e-193d-ad028964b920">
      <Execution id="a3a4b1ca-c065-48d1-bf68-545742fb5016" />
      <TestMethod codeBase="D:\actions-runner\_work\XPCO\XPCO\AllSolutions\..\Common\VideoOS.Universal\VideoOS.Universal.Recorder.Client.UnitTests\bin\Debug\net6.0\VideoOS.Universal.Recorder.Client.UnitTests.dll" adapterTypeName="executor://mstestadapter/v2" className="VideoOS.Universal.Recorder.Client.UnitTests.ErrorMappingTests" name="MapToErrorData_ShouldMapToExpectedErrorData_ForAllKnownExceptionMessages" />
    </UnitTest>
    <UnitTest name="MapToErrorData_ShouldMapToExpectedErrorData_ForAllKnownExceptionMessages (SearchCriteria 'xyz' not supported,40000,0)" storage="d:\actions-runner\_work\xpco\xpco\allsolutions\..\common\videoos.universal\videoos.universal.recorder.client.unittests\bin\debug\net6.0\videoos.universal.recorder.client.unittests.dll" id="a2281630-c4d9-efd6-98b7-aaac7b7f16b5">
      <Execution id="873386db-c4ee-48ec-bc99-6d42abed8110" />
      <TestMethod codeBase="D:\actions-runner\_work\XPCO\XPCO\AllSolutions\..\Common\VideoOS.Universal\VideoOS.Universal.Recorder.Client.UnitTests\bin\Debug\net6.0\VideoOS.Universal.Recorder.Client.UnitTests.dll" adapterTypeName="executor://mstestadapter/v2" className="VideoOS.Universal.Recorder.Client.UnitTests.ErrorMappingTests" name="MapToErrorData_ShouldMapToExpectedErrorData_ForAllKnownExceptionMessages" />
    </UnitTest>
    <UnitTest name="MapToErrorData_ShouldMapToExpectedErrorData_ForAllKnownExceptionMessages (Parameter 'command' not specified.,40000,0)" storage="d:\actions-runner\_work\xpco\xpco\allsolutions\..\common\videoos.universal\videoos.universal.recorder.client.unittests\bin\debug\net6.0\videoos.universal.recorder.client.unittests.dll" id="318abee3-0f05-4b07-dbed-658afa72fc15">
      <Execution id="5846557a-45f7-4966-9331-c99ab06a1b5f" />
      <TestMethod codeBase="D:\actions-runner\_work\XPCO\XPCO\AllSolutions\..\Common\VideoOS.Universal\VideoOS.Universal.Recorder.Client.UnitTests\bin\Debug\net6.0\VideoOS.Universal.Recorder.Client.UnitTests.dll" adapterTypeName="executor://mstestadapter/v2" className="VideoOS.Universal.Recorder.Client.UnitTests.ErrorMappingTests" name="MapToErrorData_ShouldMapToExpectedErrorData_ForAllKnownExceptionMessages" />
    </UnitTest>
    <UnitTest name="MapToErrorData_ShouldMapToExpectedErrorData_ForAllKnownExceptionMessages (Invalid search criteria: xyz,40000,0)" storage="d:\actions-runner\_work\xpco\xpco\allsolutions\..\common\videoos.universal\videoos.universal.recorder.client.unittests\bin\debug\net6.0\videoos.universal.recorder.client.unittests.dll" id="89b3b998-ca65-cc5b-c4f2-e398a8d0156e">
      <Execution id="d057aff2-9c5f-4ba3-85b7-6342dbb22555" />
      <TestMethod codeBase="D:\actions-runner\_work\XPCO\XPCO\AllSolutions\..\Common\VideoOS.Universal\VideoOS.Universal.Recorder.Client.UnitTests\bin\Debug\net6.0\VideoOS.Universal.Recorder.Client.UnitTests.dll" adapterTypeName="executor://mstestadapter/v2" className="VideoOS.Universal.Recorder.Client.UnitTests.ErrorMappingTests" name="MapToErrorData_ShouldMapToExpectedErrorData_ForAllKnownExceptionMessages" />
    </UnitTest>
    <UnitTest name="MapToErrorData_ShouldMapToExpectedErrorData_ForAllKnownExceptionMessages (Parameter 'timeLineInformationInterval' not specified.,40000,0)" storage="d:\actions-runner\_work\xpco\xpco\allsolutions\..\common\videoos.universal\videoos.universal.recorder.client.unittests\bin\debug\net6.0\videoos.universal.recorder.client.unittests.dll" id="a2bb4e4d-3cee-b9a3-f2ed-7da929a12755">
      <Execution id="025f0c29-6ba3-4b7c-a366-cb15d107f9f4" />
      <TestMethod codeBase="D:\actions-runner\_work\XPCO\XPCO\AllSolutions\..\Common\VideoOS.Universal\VideoOS.Universal.Recorder.Client.UnitTests\bin\Debug\net6.0\VideoOS.Universal.Recorder.Client.UnitTests.dll" adapterTypeName="executor://mstestadapter/v2" className="VideoOS.Universal.Recorder.Client.UnitTests.ErrorMappingTests" name="MapToErrorData_ShouldMapToExpectedErrorData_ForAllKnownExceptionMessages" />
    </UnitTest>
    <UnitTest name="MapToErrorData_ShouldMapToExpectedErrorData_ForAllKnownExceptionMessages (Cannot start a session which is already running.,40295,32)" storage="d:\actions-runner\_work\xpco\xpco\allsolutions\..\common\videoos.universal\videoos.universal.recorder.client.unittests\bin\debug\net6.0\videoos.universal.recorder.client.unittests.dll" id="0172c263-c69e-dcf3-9dbe-1f828258c794">
      <Execution id="169e2d55-1b76-44df-bcb6-b070a6871885" />
      <TestMethod codeBase="D:\actions-runner\_work\XPCO\XPCO\AllSolutions\..\Common\VideoOS.Universal\VideoOS.Universal.Recorder.Client.UnitTests\bin\Debug\net6.0\VideoOS.Universal.Recorder.Client.UnitTests.dll" adapterTypeName="executor://mstestadapter/v2" className="VideoOS.Universal.Recorder.Client.UnitTests.ErrorMappingTests" name="MapToErrorData_ShouldMapToExpectedErrorData_ForAllKnownExceptionMessages" />
    </UnitTest>
    <UnitTest name="MapToErrorData_ShouldMapToExpectedErrorData_ForAllKnownExceptionMessages (Invalid format. Value 'MicroSeconds' not specified for 'duration' parameter.,40000,0)" storage="d:\actions-runner\_work\xpco\xpco\allsolutions\..\common\videoos.universal\videoos.universal.recorder.client.unittests\bin\debug\net6.0\videoos.universal.recorder.client.unittests.dll" id="236f6ea0-c341-2b6d-0426-2ce658d7fd1f">
      <Execution id="9a322883-0e95-4ab8-9dbc-a0b9870f17ff" />
      <TestMethod codeBase="D:\actions-runner\_work\XPCO\XPCO\AllSolutions\..\Common\VideoOS.Universal\VideoOS.Universal.Recorder.Client.UnitTests\bin\Debug\net6.0\VideoOS.Universal.Recorder.Client.UnitTests.dll" adapterTypeName="executor://mstestadapter/v2" className="VideoOS.Universal.Recorder.Client.UnitTests.ErrorMappingTests" name="MapToErrorData_ShouldMapToExpectedErrorData_ForAllKnownExceptionMessages" />
    </UnitTest>
    <UnitTest name="MapToErrorData_ShouldMapToExpectedErrorData_ForAllKnownExceptionMessages (Parameter 'maxHeight' not specified.,40000,0)" storage="d:\actions-runner\_work\xpco\xpco\allsolutions\..\common\videoos.universal\videoos.universal.recorder.client.unittests\bin\debug\net6.0\videoos.universal.recorder.client.unittests.dll" id="3891c50c-b169-753c-b248-449349b5dcdf">
      <Execution id="58206c77-4dd1-4d63-a679-d67ecd57add2" />
      <TestMethod codeBase="D:\actions-runner\_work\XPCO\XPCO\AllSolutions\..\Common\VideoOS.Universal\VideoOS.Universal.Recorder.Client.UnitTests\bin\Debug\net6.0\VideoOS.Universal.Recorder.Client.UnitTests.dll" adapterTypeName="executor://mstestadapter/v2" className="VideoOS.Universal.Recorder.Client.UnitTests.ErrorMappingTests" name="MapToErrorData_ShouldMapToExpectedErrorData_ForAllKnownExceptionMessages" />
    </UnitTest>
    <UnitTest name="MapToErrorData_ShouldMapToExpectedErrorData_ForAllKnownExceptionMessages (Request rejected, Current session is already reserved,40295,70)" storage="d:\actions-runner\_work\xpco\xpco\allsolutions\..\common\videoos.universal\videoos.universal.recorder.client.unittests\bin\debug\net6.0\videoos.universal.recorder.client.unittests.dll" id="6d6b476d-2813-a23d-0160-b86c2c063255">
      <Execution id="fb748ebe-42f9-477a-818a-2e5c9b0e3006" />
      <TestMethod codeBase="D:\actions-runner\_work\XPCO\XPCO\AllSolutions\..\Common\VideoOS.Universal\VideoOS.Universal.Recorder.Client.UnitTests\bin\Debug\net6.0\VideoOS.Universal.Recorder.Client.UnitTests.dll" adapterTypeName="executor://mstestadapter/v2" className="VideoOS.Universal.Recorder.Client.UnitTests.ErrorMappingTests" name="MapToErrorData_ShouldMapToExpectedErrorData_ForAllKnownExceptionMessages" />
    </UnitTest>
    <UnitTest name="MapToErrorData_ShouldMapToExpectedErrorData_ForAllKnownExceptionMessages (Parameter 'maxCountAfter' not specified.,40000,0)" storage="d:\actions-runner\_work\xpco\xpco\allsolutions\..\common\videoos.universal\videoos.universal.recorder.client.unittests\bin\debug\net6.0\videoos.universal.recorder.client.unittests.dll" id="afbc2e20-6580-8ac8-d57a-ae0945472a4b">
      <Execution id="2e93ac2a-f9d2-423e-b33a-f01a42acce14" />
      <TestMethod codeBase="D:\actions-runner\_work\XPCO\XPCO\AllSolutions\..\Common\VideoOS.Universal\VideoOS.Universal.Recorder.Client.UnitTests\bin\Debug\net6.0\VideoOS.Universal.Recorder.Client.UnitTests.dll" adapterTypeName="executor://mstestadapter/v2" className="VideoOS.Universal.Recorder.Client.UnitTests.ErrorMappingTests" name="MapToErrorData_ShouldMapToExpectedErrorData_ForAllKnownExceptionMessages" />
    </UnitTest>
    <UnitTest name="MapToErrorData_ShouldMapToExpectedErrorData_ForAllKnownExceptionMessages (Parameter 'ignoreInitialMotion' not specified.,40000,0)" storage="d:\actions-runner\_work\xpco\xpco\allsolutions\..\common\videoos.universal\videoos.universal.recorder.client.unittests\bin\debug\net6.0\videoos.universal.recorder.client.unittests.dll" id="7a62f1b3-eb91-9bc3-1b8c-d061f654ac74">
      <Execution id="ae9a4f46-5236-411f-b3b1-659e4d6361ad" />
      <TestMethod codeBase="D:\actions-runner\_work\XPCO\XPCO\AllSolutions\..\Common\VideoOS.Universal\VideoOS.Universal.Recorder.Client.UnitTests\bin\Debug\net6.0\VideoOS.Universal.Recorder.Client.UnitTests.dll" adapterTypeName="executor://mstestadapter/v2" className="VideoOS.Universal.Recorder.Client.UnitTests.ErrorMappingTests" name="MapToErrorData_ShouldMapToExpectedErrorData_ForAllKnownExceptionMessages" />
    </UnitTest>
    <UnitTest name="MapToErrorData_ShouldMapToExpectedErrorData_ForAllKnownExceptionMessages (Token could not be validated at this time,20001,4)" storage="d:\actions-runner\_work\xpco\xpco\allsolutions\..\common\videoos.universal\videoos.universal.recorder.client.unittests\bin\debug\net6.0\videoos.universal.recorder.client.unittests.dll" id="33544677-77f3-7f4d-de85-e0e9e8845253">
      <Execution id="0908b94e-a301-4dc8-80bb-22a3b38f2efc" />
      <TestMethod codeBase="D:\actions-runner\_work\XPCO\XPCO\AllSolutions\..\Common\VideoOS.Universal\VideoOS.Universal.Recorder.Client.UnitTests\bin\Debug\net6.0\VideoOS.Universal.Recorder.Client.UnitTests.dll" adapterTypeName="executor://mstestadapter/v2" className="VideoOS.Universal.Recorder.Client.UnitTests.ErrorMappingTests" name="MapToErrorData_ShouldMapToExpectedErrorData_ForAllKnownExceptionMessages" />
    </UnitTest>
    <UnitTest name="MapToErrorData_ShouldMapToExpectedErrorData_ForAllKnownExceptionMessages (Version mismatch,10001,0)" storage="d:\actions-runner\_work\xpco\xpco\allsolutions\..\common\videoos.universal\videoos.universal.recorder.client.unittests\bin\debug\net6.0\videoos.universal.recorder.client.unittests.dll" id="61a8392d-de8e-67f3-272a-ba4167e365e2">
      <Execution id="7d158510-d9ae-4e1c-b54f-acd3a230500c" />
      <TestMethod codeBase="D:\actions-runner\_work\XPCO\XPCO\AllSolutions\..\Common\VideoOS.Universal\VideoOS.Universal.Recorder.Client.UnitTests\bin\Debug\net6.0\VideoOS.Universal.Recorder.Client.UnitTests.dll" adapterTypeName="executor://mstestadapter/v2" className="VideoOS.Universal.Recorder.Client.UnitTests.ErrorMappingTests" name="MapToErrorData_ShouldMapToExpectedErrorData_ForAllKnownExceptionMessages" />
    </UnitTest>
    <UnitTest name="MapToErrorData_ShouldMapToExpectedErrorData_ForAllKnownExceptionMessages (Parameter 'multicastSessionIds' not specified.,40000,0)" storage="d:\actions-runner\_work\xpco\xpco\allsolutions\..\common\videoos.universal\videoos.universal.recorder.client.unittests\bin\debug\net6.0\videoos.universal.recorder.client.unittests.dll" id="93cc4774-f1d8-9eb9-c679-e3e90ed5c495">
      <Execution id="87c03012-05a0-431a-a334-dff0831188db" />
      <TestMethod codeBase="D:\actions-runner\_work\XPCO\XPCO\AllSolutions\..\Common\VideoOS.Universal\VideoOS.Universal.Recorder.Client.UnitTests\bin\Debug\net6.0\VideoOS.Universal.Recorder.Client.UnitTests.dll" adapterTypeName="executor://mstestadapter/v2" className="VideoOS.Universal.Recorder.Client.UnitTests.ErrorMappingTests" name="MapToErrorData_ShouldMapToExpectedErrorData_ForAllKnownExceptionMessages" />
    </UnitTest>
    <UnitTest name="MapToErrorData_ShouldMapToExpectedErrorData_ForAllKnownExceptionMessages (Cannot release patrolling session.,40295,42)" storage="d:\actions-runner\_work\xpco\xpco\allsolutions\..\common\videoos.universal\videoos.universal.recorder.client.unittests\bin\debug\net6.0\videoos.universal.recorder.client.unittests.dll" id="2e0a531a-9fca-50ea-f742-d0c411ede313">
      <Execution id="cb391c96-8b05-45da-ad47-e22461db3169" />
      <TestMethod codeBase="D:\actions-runner\_work\XPCO\XPCO\AllSolutions\..\Common\VideoOS.Universal\VideoOS.Universal.Recorder.Client.UnitTests\bin\Debug\net6.0\VideoOS.Universal.Recorder.Client.UnitTests.dll" adapterTypeName="executor://mstestadapter/v2" className="VideoOS.Universal.Recorder.Client.UnitTests.ErrorMappingTests" name="MapToErrorData_ShouldMapToExpectedErrorData_ForAllKnownExceptionMessages" />
    </UnitTest>
    <UnitTest name="MapToErrorData_ShouldMapToExpectedErrorData_ForAllKnownExceptionMessages (Ptz device request failed,40295,0)" storage="d:\actions-runner\_work\xpco\xpco\allsolutions\..\common\videoos.universal\videoos.universal.recorder.client.unittests\bin\debug\net6.0\videoos.universal.recorder.client.unittests.dll" id="d046baf2-39e8-c10b-cdc6-2596bb06915f">
      <Execution id="c1a55ea7-9048-45c2-90cf-51d397dfba34" />
      <TestMethod codeBase="D:\actions-runner\_work\XPCO\XPCO\AllSolutions\..\Common\VideoOS.Universal\VideoOS.Universal.Recorder.Client.UnitTests\bin\Debug\net6.0\VideoOS.Universal.Recorder.Client.UnitTests.dll" adapterTypeName="executor://mstestadapter/v2" className="VideoOS.Universal.Recorder.Client.UnitTests.ErrorMappingTests" name="MapToErrorData_ShouldMapToExpectedErrorData_ForAllKnownExceptionMessages" />
    </UnitTest>
    <UnitTest name="MapToErrorData_ShouldMapToExpectedErrorData_ForAllKnownExceptionMessages (Cannot release other users manual patrolling session,40295,90)" storage="d:\actions-runner\_work\xpco\xpco\allsolutions\..\common\videoos.universal\videoos.universal.recorder.client.unittests\bin\debug\net6.0\videoos.universal.recorder.client.unittests.dll" id="a20b4e16-e517-2d86-aaba-2af350130b01">
      <Execution id="293d5be2-87f7-48cc-9557-c7bfb424772c" />
      <TestMethod codeBase="D:\actions-runner\_work\XPCO\XPCO\AllSolutions\..\Common\VideoOS.Universal\VideoOS.Universal.Recorder.Client.UnitTests\bin\Debug\net6.0\VideoOS.Universal.Recorder.Client.UnitTests.dll" adapterTypeName="executor://mstestadapter/v2" className="VideoOS.Universal.Recorder.Client.UnitTests.ErrorMappingTests" name="MapToErrorData_ShouldMapToExpectedErrorData_ForAllKnownExceptionMessages" />
    </UnitTest>
    <UnitTest name="MapToErrorData_ShouldMapToExpectedErrorData_ForAllKnownExceptionMessages (Device AACBA580-2202-4D25-9E27-2B193F56DEE9 not found.,40000,0)" storage="d:\actions-runner\_work\xpco\xpco\allsolutions\..\common\videoos.universal\videoos.universal.recorder.client.unittests\bin\debug\net6.0\videoos.universal.recorder.client.unittests.dll" id="e59b8beb-b7f4-ead9-5274-849c5d85263f">
      <Execution id="0217809e-81b2-446b-a853-555584fa0b9e" />
      <TestMethod codeBase="D:\actions-runner\_work\XPCO\XPCO\AllSolutions\..\Common\VideoOS.Universal\VideoOS.Universal.Recorder.Client.UnitTests\bin\Debug\net6.0\VideoOS.Universal.Recorder.Client.UnitTests.dll" adapterTypeName="executor://mstestadapter/v2" className="VideoOS.Universal.Recorder.Client.UnitTests.ErrorMappingTests" name="MapToErrorData_ShouldMapToExpectedErrorData_ForAllKnownExceptionMessages" />
    </UnitTest>
    <UnitTest name="MapToErrorData_ShouldMapToExpectedErrorData_ForAllKnownExceptionMessages (Token invalid,20001,2)" storage="d:\actions-runner\_work\xpco\xpco\allsolutions\..\common\videoos.universal\videoos.universal.recorder.client.unittests\bin\debug\net6.0\videoos.universal.recorder.client.unittests.dll" id="8d2e1712-dfb6-c94c-5234-073e0a7777da">
      <Execution id="524e57a9-d7ec-4b2c-b1a7-50b86ab4eebf" />
      <TestMethod codeBase="D:\actions-runner\_work\XPCO\XPCO\AllSolutions\..\Common\VideoOS.Universal\VideoOS.Universal.Recorder.Client.UnitTests\bin\Debug\net6.0\VideoOS.Universal.Recorder.Client.UnitTests.dll" adapterTypeName="executor://mstestadapter/v2" className="VideoOS.Universal.Recorder.Client.UnitTests.ErrorMappingTests" name="MapToErrorData_ShouldMapToExpectedErrorData_ForAllKnownExceptionMessages" />
    </UnitTest>
    <UnitTest name="MapToErrorData_ShouldReturnNull_WhenExceptionMessageIsUnmapped" storage="d:\actions-runner\_work\xpco\xpco\allsolutions\..\common\videoos.universal\videoos.universal.recorder.client.unittests\bin\debug\net6.0\videoos.universal.recorder.client.unittests.dll" id="02eb1136-154c-feaf-762b-a5a207d56ffe">
      <Execution id="e2ea35dc-6e1f-40e6-8c1f-1379ee803ad0" />
      <TestMethod codeBase="D:\actions-runner\_work\XPCO\XPCO\AllSolutions\..\Common\VideoOS.Universal\VideoOS.Universal.Recorder.Client.UnitTests\bin\Debug\net6.0\VideoOS.Universal.Recorder.Client.UnitTests.dll" adapterTypeName="executor://mstestadapter/v2" className="VideoOS.Universal.Recorder.Client.UnitTests.ErrorMappingTests" name="MapToErrorData_ShouldReturnNull_WhenExceptionMessageIsUnmapped" />
    </UnitTest>
    <UnitTest name="MapToErrorData_ShouldMapToExpectedErrorData_ForAllKnownExceptionMessages (Parameter 'maxCount' not specified.,40000,0)" storage="d:\actions-runner\_work\xpco\xpco\allsolutions\..\common\videoos.universal\videoos.universal.recorder.client.unittests\bin\debug\net6.0\videoos.universal.recorder.client.unittests.dll" id="8068d011-df3c-233c-b34c-11f411245362">
      <Execution id="da8f8002-ba29-4028-a695-a15a1c795458" />
      <TestMethod codeBase="D:\actions-runner\_work\XPCO\XPCO\AllSolutions\..\Common\VideoOS.Universal\VideoOS.Universal.Recorder.Client.UnitTests\bin\Debug\net6.0\VideoOS.Universal.Recorder.Client.UnitTests.dll" adapterTypeName="executor://mstestadapter/v2" className="VideoOS.Universal.Recorder.Client.UnitTests.ErrorMappingTests" name="MapToErrorData_ShouldMapToExpectedErrorData_ForAllKnownExceptionMessages" />
    </UnitTest>
    <UnitTest name="MapToErrorData_ShouldMapToExpectedErrorData_ForAllKnownExceptionMessages (Cannot release session without proper permission.,40295,60)" storage="d:\actions-runner\_work\xpco\xpco\allsolutions\..\common\videoos.universal\videoos.universal.recorder.client.unittests\bin\debug\net6.0\videoos.universal.recorder.client.unittests.dll" id="3a90c1f9-511f-7afe-67be-633a05042396">
      <Execution id="85cbb1d9-ece6-4f35-84d8-67d42298853c" />
      <TestMethod codeBase="D:\actions-runner\_work\XPCO\XPCO\AllSolutions\..\Common\VideoOS.Universal\VideoOS.Universal.Recorder.Client.UnitTests\bin\Debug\net6.0\VideoOS.Universal.Recorder.Client.UnitTests.dll" adapterTypeName="executor://mstestadapter/v2" className="VideoOS.Universal.Recorder.Client.UnitTests.ErrorMappingTests" name="MapToErrorData_ShouldMapToExpectedErrorData_ForAllKnownExceptionMessages" />
    </UnitTest>
    <UnitTest name="MapToErrorData_ShouldMapToExpectedErrorData_ForAllKnownExceptionMessages (Viewing of live JPEG not allowed,40000,0)" storage="d:\actions-runner\_work\xpco\xpco\allsolutions\..\common\videoos.universal\videoos.universal.recorder.client.unittests\bin\debug\net6.0\videoos.universal.recorder.client.unittests.dll" id="46a07f50-6978-3234-bae5-ff64b7e68828">
      <Execution id="acb9b86a-5623-4a15-ac49-73de46225c71" />
      <TestMethod codeBase="D:\actions-runner\_work\XPCO\XPCO\AllSolutions\..\Common\VideoOS.Universal\VideoOS.Universal.Recorder.Client.UnitTests\bin\Debug\net6.0\VideoOS.Universal.Recorder.Client.UnitTests.dll" adapterTypeName="executor://mstestadapter/v2" className="VideoOS.Universal.Recorder.Client.UnitTests.ErrorMappingTests" name="MapToErrorData_ShouldMapToExpectedErrorData_ForAllKnownExceptionMessages" />
    </UnitTest>
    <UnitTest name="MapToErrorData_ShouldMapToExpectedErrorData_ForAllKnownExceptionMessages (Parameter 'smartSearchId' not specified.,40000,0)" storage="d:\actions-runner\_work\xpco\xpco\allsolutions\..\common\videoos.universal\videoos.universal.recorder.client.unittests\bin\debug\net6.0\videoos.universal.recorder.client.unittests.dll" id="825457ae-18a4-cfa6-3aba-a97828dc81f8">
      <Execution id="3742f600-98eb-4816-9e12-7439f283bc15" />
      <TestMethod codeBase="D:\actions-runner\_work\XPCO\XPCO\AllSolutions\..\Common\VideoOS.Universal\VideoOS.Universal.Recorder.Client.UnitTests\bin\Debug\net6.0\VideoOS.Universal.Recorder.Client.UnitTests.dll" adapterTypeName="executor://mstestadapter/v2" className="VideoOS.Universal.Recorder.Client.UnitTests.ErrorMappingTests" name="MapToErrorData_ShouldMapToExpectedErrorData_ForAllKnownExceptionMessages" />
    </UnitTest>
    <UnitTest name="MapToErrorData_ShouldMapToExpectedErrorData_ForAllKnownExceptionMessages (No token supplied,20001,1)" storage="d:\actions-runner\_work\xpco\xpco\allsolutions\..\common\videoos.universal\videoos.universal.recorder.client.unittests\bin\debug\net6.0\videoos.universal.recorder.client.unittests.dll" id="d67cfc28-21b3-7273-e089-4f7e7d73d987">
      <Execution id="8793df1a-7699-4e2b-afa2-f911f68af042" />
      <TestMethod codeBase="D:\actions-runner\_work\XPCO\XPCO\AllSolutions\..\Common\VideoOS.Universal\VideoOS.Universal.Recorder.Client.UnitTests\bin\Debug\net6.0\VideoOS.Universal.Recorder.Client.UnitTests.dll" adapterTypeName="executor://mstestadapter/v2" className="VideoOS.Universal.Recorder.Client.UnitTests.ErrorMappingTests" name="MapToErrorData_ShouldMapToExpectedErrorData_ForAllKnownExceptionMessages" />
    </UnitTest>
    <UnitTest name="MapToErrorData_ShouldMapToExpectedErrorData_ForAllKnownExceptionMessages (Unable to get status for session. Session id: 'AACBA580-2202-4D25-9E27-2B193F56DEE9',40000,0)" storage="d:\actions-runner\_work\xpco\xpco\allsolutions\..\common\videoos.universal\videoos.universal.recorder.client.unittests\bin\debug\net6.0\videoos.universal.recorder.client.unittests.dll" id="844788f2-1eac-7aea-bacc-e338c6fa2a5b">
      <Execution id="e57a7b90-bc76-49e4-8e41-52772a006473" />
      <TestMethod codeBase="D:\actions-runner\_work\XPCO\XPCO\AllSolutions\..\Common\VideoOS.Universal\VideoOS.Universal.Recorder.Client.UnitTests\bin\Debug\net6.0\VideoOS.Universal.Recorder.Client.UnitTests.dll" adapterTypeName="executor://mstestadapter/v2" className="VideoOS.Universal.Recorder.Client.UnitTests.ErrorMappingTests" name="MapToErrorData_ShouldMapToExpectedErrorData_ForAllKnownExceptionMessages" />
    </UnitTest>
    <UnitTest name="MapToErrorData_ShouldMapToExpectedErrorData_ForAllKnownExceptionMessages (Cannot resume patrolling when not paused, deviceId=AACBA580-2202-4D25-9E27-2B193F56DEE9,40295,41)" storage="d:\actions-runner\_work\xpco\xpco\allsolutions\..\common\videoos.universal\videoos.universal.recorder.client.unittests\bin\debug\net6.0\videoos.universal.recorder.client.unittests.dll" id="bf4683fe-e278-b0bb-2085-5598b3ec6125">
      <Execution id="bef86812-13f4-4375-8d9d-27a8a8ab1d3c" />
      <TestMethod codeBase="D:\actions-runner\_work\XPCO\XPCO\AllSolutions\..\Common\VideoOS.Universal\VideoOS.Universal.Recorder.Client.UnitTests\bin\Debug\net6.0\VideoOS.Universal.Recorder.Client.UnitTests.dll" adapterTypeName="executor://mstestadapter/v2" className="VideoOS.Universal.Recorder.Client.UnitTests.ErrorMappingTests" name="MapToErrorData_ShouldMapToExpectedErrorData_ForAllKnownExceptionMessages" />
    </UnitTest>
    <UnitTest name="MapToErrorData_ShouldMapToExpectedErrorData_ForAllKnownExceptionMessages (Preset Move To not allowed,40000,0)" storage="d:\actions-runner\_work\xpco\xpco\allsolutions\..\common\videoos.universal\videoos.universal.recorder.client.unittests\bin\debug\net6.0\videoos.universal.recorder.client.unittests.dll" id="47746e27-9b5e-7a6a-7cd3-180498584776">
      <Execution id="0b90155c-55f2-4d78-bafd-e115d34320cc" />
      <TestMethod codeBase="D:\actions-runner\_work\XPCO\XPCO\AllSolutions\..\Common\VideoOS.Universal\VideoOS.Universal.Recorder.Client.UnitTests\bin\Debug\net6.0\VideoOS.Universal.Recorder.Client.UnitTests.dll" adapterTypeName="executor://mstestadapter/v2" className="VideoOS.Universal.Recorder.Client.UnitTests.ErrorMappingTests" name="MapToErrorData_ShouldMapToExpectedErrorData_ForAllKnownExceptionMessages" />
    </UnitTest>
    <UnitTest name="MapToErrorData_ShouldMapToExpectedErrorData_ForAllKnownExceptionMessages (Parameter 'minTime' not specified.,40000,0)" storage="d:\actions-runner\_work\xpco\xpco\allsolutions\..\common\videoos.universal\videoos.universal.recorder.client.unittests\bin\debug\net6.0\videoos.universal.recorder.client.unittests.dll" id="400d8571-f743-9b7d-648b-c708fbcdc834">
      <Execution id="57357472-ece3-4644-9a88-af406416d215" />
      <TestMethod codeBase="D:\actions-runner\_work\XPCO\XPCO\AllSolutions\..\Common\VideoOS.Universal\VideoOS.Universal.Recorder.Client.UnitTests\bin\Debug\net6.0\VideoOS.Universal.Recorder.Client.UnitTests.dll" adapterTypeName="executor://mstestadapter/v2" className="VideoOS.Universal.Recorder.Client.UnitTests.ErrorMappingTests" name="MapToErrorData_ShouldMapToExpectedErrorData_ForAllKnownExceptionMessages" />
    </UnitTest>
    <UnitTest name="MapToErrorData_ShouldMapToExpectedErrorData_ForAllKnownExceptionMessages (Error processing message,10000,0)" storage="d:\actions-runner\_work\xpco\xpco\allsolutions\..\common\videoos.universal\videoos.universal.recorder.client.unittests\bin\debug\net6.0\videoos.universal.recorder.client.unittests.dll" id="74e3ce0f-b9a2-fd45-f3ac-8d3c6e28e8a3">
      <Execution id="5658bdb0-8e9a-4739-a41a-f684ac7c3721" />
      <TestMethod codeBase="D:\actions-runner\_work\XPCO\XPCO\AllSolutions\..\Common\VideoOS.Universal\VideoOS.Universal.Recorder.Client.UnitTests\bin\Debug\net6.0\VideoOS.Universal.Recorder.Client.UnitTests.dll" adapterTypeName="executor://mstestadapter/v2" className="VideoOS.Universal.Recorder.Client.UnitTests.ErrorMappingTests" name="MapToErrorData_ShouldMapToExpectedErrorData_ForAllKnownExceptionMessages" />
    </UnitTest>
    <UnitTest name="MapToErrorData_ShouldMapToExpectedErrorData_ForAllKnownExceptionMessages (Parameter 'searchMask/Size/Width' not specified.,40000,0)" storage="d:\actions-runner\_work\xpco\xpco\allsolutions\..\common\videoos.universal\videoos.universal.recorder.client.unittests\bin\debug\net6.0\videoos.universal.recorder.client.unittests.dll" id="e4710acc-05af-3f3e-4428-0a2252dcf1ea">
      <Execution id="9e7a093f-fa99-41f4-a87e-1a6625ceade8" />
      <TestMethod codeBase="D:\actions-runner\_work\XPCO\XPCO\AllSolutions\..\Common\VideoOS.Universal\VideoOS.Universal.Recorder.Client.UnitTests\bin\Debug\net6.0\VideoOS.Universal.Recorder.Client.UnitTests.dll" adapterTypeName="executor://mstestadapter/v2" className="VideoOS.Universal.Recorder.Client.UnitTests.ErrorMappingTests" name="MapToErrorData_ShouldMapToExpectedErrorData_ForAllKnownExceptionMessages" />
    </UnitTest>
    <UnitTest name="MapToErrorData_ShouldMapToExpectedErrorData_ForAllKnownExceptionMessages (Request rejected, request priority (2) equal to current patrolling priority (2).,40295,43)" storage="d:\actions-runner\_work\xpco\xpco\allsolutions\..\common\videoos.universal\videoos.universal.recorder.client.unittests\bin\debug\net6.0\videoos.universal.recorder.client.unittests.dll" id="1beb8332-0583-82ba-7cae-dc534d3baa46">
      <Execution id="41b15388-c5d3-4fdf-9392-bbbfb26e9fa5" />
      <TestMethod codeBase="D:\actions-runner\_work\XPCO\XPCO\AllSolutions\..\Common\VideoOS.Universal\VideoOS.Universal.Recorder.Client.UnitTests\bin\Debug\net6.0\VideoOS.Universal.Recorder.Client.UnitTests.dll" adapterTypeName="executor://mstestadapter/v2" className="VideoOS.Universal.Recorder.Client.UnitTests.ErrorMappingTests" name="MapToErrorData_ShouldMapToExpectedErrorData_ForAllKnownExceptionMessages" />
    </UnitTest>
    <UnitTest name="MapToErrorData_ShouldMapToExpectedErrorData_ForAllKnownExceptionMessages (Insufficient user rights to access Status API,40000,0)" storage="d:\actions-runner\_work\xpco\xpco\allsolutions\..\common\videoos.universal\videoos.universal.recorder.client.unittests\bin\debug\net6.0\videoos.universal.recorder.client.unittests.dll" id="384ead11-9530-b5ea-1e17-ca8172d8c83f">
      <Execution id="424828ac-2d7d-4e60-a0d5-e94965eaaa1d" />
      <TestMethod codeBase="D:\actions-runner\_work\XPCO\XPCO\AllSolutions\..\Common\VideoOS.Universal\VideoOS.Universal.Recorder.Client.UnitTests\bin\Debug\net6.0\VideoOS.Universal.Recorder.Client.UnitTests.dll" adapterTypeName="executor://mstestadapter/v2" className="VideoOS.Universal.Recorder.Client.UnitTests.ErrorMappingTests" name="MapToErrorData_ShouldMapToExpectedErrorData_ForAllKnownExceptionMessages" />
    </UnitTest>
    <UnitTest name="MapToErrorData_ShouldMapToExpectedErrorData_ForAllKnownExceptionMessages (Parameter 'timeLineInformationInterval/MicroSeconds' not specified.,40000,0)" storage="d:\actions-runner\_work\xpco\xpco\allsolutions\..\common\videoos.universal\videoos.universal.recorder.client.unittests\bin\debug\net6.0\videoos.universal.recorder.client.unittests.dll" id="dfe1a7e8-4b3f-2888-20f3-0b6975258c68">
      <Execution id="04269bc0-2aa5-4ad5-b6c1-4f1c77d0ea15" />
      <TestMethod codeBase="D:\actions-runner\_work\XPCO\XPCO\AllSolutions\..\Common\VideoOS.Universal\VideoOS.Universal.Recorder.Client.UnitTests\bin\Debug\net6.0\VideoOS.Universal.Recorder.Client.UnitTests.dll" adapterTypeName="executor://mstestadapter/v2" className="VideoOS.Universal.Recorder.Client.UnitTests.ErrorMappingTests" name="MapToErrorData_ShouldMapToExpectedErrorData_ForAllKnownExceptionMessages" />
    </UnitTest>
    <UnitTest name="MapToErrorData_ShouldMapToExpectedErrorData_ForAllKnownExceptionMessages (Parameter 'subscribe' not specified.,40000,0)" storage="d:\actions-runner\_work\xpco\xpco\allsolutions\..\common\videoos.universal\videoos.universal.recorder.client.unittests\bin\debug\net6.0\videoos.universal.recorder.client.unittests.dll" id="31788cdd-ef93-4305-a120-cd0372756780">
      <Execution id="f1374e29-e9be-439f-b9c1-4f2f165b1eaf" />
      <TestMethod codeBase="D:\actions-runner\_work\XPCO\XPCO\AllSolutions\..\Common\VideoOS.Universal\VideoOS.Universal.Recorder.Client.UnitTests\bin\Debug\net6.0\VideoOS.Universal.Recorder.Client.UnitTests.dll" adapterTypeName="executor://mstestadapter/v2" className="VideoOS.Universal.Recorder.Client.UnitTests.ErrorMappingTests" name="MapToErrorData_ShouldMapToExpectedErrorData_ForAllKnownExceptionMessages" />
    </UnitTest>
    <UnitTest name="MapToErrorData_ShouldMapToExpectedErrorData_ForAllKnownExceptionMessages (Parameter 'sequenceType' not specified.,40000,0)" storage="d:\actions-runner\_work\xpco\xpco\allsolutions\..\common\videoos.universal\videoos.universal.recorder.client.unittests\bin\debug\net6.0\videoos.universal.recorder.client.unittests.dll" id="48326302-fe25-5f4b-9321-53b6e1ad9c57">
      <Execution id="54844de1-5ae3-4188-b2e7-312127c89d52" />
      <TestMethod codeBase="D:\actions-runner\_work\XPCO\XPCO\AllSolutions\..\Common\VideoOS.Universal\VideoOS.Universal.Recorder.Client.UnitTests\bin\Debug\net6.0\VideoOS.Universal.Recorder.Client.UnitTests.dll" adapterTypeName="executor://mstestadapter/v2" className="VideoOS.Universal.Recorder.Client.UnitTests.ErrorMappingTests" name="MapToErrorData_ShouldMapToExpectedErrorData_ForAllKnownExceptionMessages" />
    </UnitTest>
    <UnitTest name="MapToErrorData_ShouldMapToExpectedErrorData_ForAllKnownExceptionMessages (Export of JPEG not allowed,40000,0)" storage="d:\actions-runner\_work\xpco\xpco\allsolutions\..\common\videoos.universal\videoos.universal.recorder.client.unittests\bin\debug\net6.0\videoos.universal.recorder.client.unittests.dll" id="07dcff8b-3ed9-cd06-a5f2-3ccd387e7839">
      <Execution id="5dd890e6-288e-4d98-bd5b-8d44dcf4c791" />
      <TestMethod codeBase="D:\actions-runner\_work\XPCO\XPCO\AllSolutions\..\Common\VideoOS.Universal\VideoOS.Universal.Recorder.Client.UnitTests\bin\Debug\net6.0\VideoOS.Universal.Recorder.Client.UnitTests.dll" adapterTypeName="executor://mstestadapter/v2" className="VideoOS.Universal.Recorder.Client.UnitTests.ErrorMappingTests" name="MapToErrorData_ShouldMapToExpectedErrorData_ForAllKnownExceptionMessages" />
    </UnitTest>
    <UnitTest name="MapToErrorData_ShouldMapToExpectedErrorData_ForAllKnownExceptionMessages (Execute request on non-active session is not allowed,40295,31)" storage="d:\actions-runner\_work\xpco\xpco\allsolutions\..\common\videoos.universal\videoos.universal.recorder.client.unittests\bin\debug\net6.0\videoos.universal.recorder.client.unittests.dll" id="b83cb5d3-0d47-5ad5-c091-4d6023c2db3e">
      <Execution id="1e472d24-6bf6-4c78-b783-2419bfed75b4" />
      <TestMethod codeBase="D:\actions-runner\_work\XPCO\XPCO\AllSolutions\..\Common\VideoOS.Universal\VideoOS.Universal.Recorder.Client.UnitTests\bin\Debug\net6.0\VideoOS.Universal.Recorder.Client.UnitTests.dll" adapterTypeName="executor://mstestadapter/v2" className="VideoOS.Universal.Recorder.Client.UnitTests.ErrorMappingTests" name="MapToErrorData_ShouldMapToExpectedErrorData_ForAllKnownExceptionMessages" />
    </UnitTest>
  </TestDefinitions>
  <TestEntries>
    <TestEntry testId="da4a5a12-d730-2d9f-9d0f-8fe4d275e6a4" executionId="cab95e37-c8dd-41c7-b642-83646e3ff280" testListId="8c84fa94-04c1-424b-9868-57a2d4851a1d" />
    <TestEntry testId="fa448ea3-cacd-9702-7568-8c7fc4d11ff5" executionId="cf2a8a5c-92b4-40ef-9e00-16854349a045" testListId="8c84fa94-04c1-424b-9868-57a2d4851a1d" />
    <TestEntry testId="48326302-fe25-5f4b-9321-53b6e1ad9c57" executionId="54844de1-5ae3-4188-b2e7-312127c89d52" testListId="8c84fa94-04c1-424b-9868-57a2d4851a1d" />
    <TestEntry testId="e3d09884-7a26-19ec-fe45-6074947eec14" executionId="1c1feffd-1852-4d37-9fe2-27808dc60fa4" testListId="8c84fa94-04c1-424b-9868-57a2d4851a1d" />
    <TestEntry testId="31788cdd-ef93-4305-a120-cd0372756780" executionId="f1374e29-e9be-439f-b9c1-4f2f165b1eaf" testListId="8c84fa94-04c1-424b-9868-57a2d4851a1d" />
    <TestEntry testId="7f153cf2-7d5e-fc7a-430e-3b6e8a0a8239" executionId="213ffc9f-2e96-41cb-a582-089bc431027f" testListId="8c84fa94-04c1-424b-9868-57a2d4851a1d" />
    <TestEntry testId="9d28c087-ffe2-844f-634e-b82cc1ac0f16" executionId="ade2abf9-fc80-4970-9c3e-3f36a09a4f34" testListId="8c84fa94-04c1-424b-9868-57a2d4851a1d" />
    <TestEntry testId="e59b8beb-b7f4-ead9-5274-849c5d85263f" executionId="0217809e-81b2-446b-a853-555584fa0b9e" testListId="8c84fa94-04c1-424b-9868-57a2d4851a1d" />
    <TestEntry testId="108af05d-0ace-b0f1-f05e-289eb9e90a11" executionId="ab014720-dabf-478f-9f20-f5f6608f2af2" testListId="8c84fa94-04c1-424b-9868-57a2d4851a1d" />
    <TestEntry testId="f37db6b3-18a1-6cb0-cb4d-13e7566b7656" executionId="3961e4f4-aeb2-4f6c-a416-d7f486c29b1c" testListId="8c84fa94-04c1-424b-9868-57a2d4851a1d" />
    <TestEntry testId="2e0a531a-9fca-50ea-f742-d0c411ede313" executionId="729074a3-907a-41a2-86f7-87577509ffbf" testListId="8c84fa94-04c1-424b-9868-57a2d4851a1d" />
    <TestEntry testId="61ea6a77-9667-d353-7a5b-60d539ec3955" executionId="159dafc4-0875-4e94-8c74-e4a0be35fc6e" testListId="8c84fa94-04c1-424b-9868-57a2d4851a1d" />
    <TestEntry testId="a2af4ca4-418d-1bfc-06a1-ddf6020a858c" executionId="c266d5af-5daf-4ed2-88eb-fd1e010021f4" testListId="8c84fa94-04c1-424b-9868-57a2d4851a1d" />
    <TestEntry testId="7a62f1b3-eb91-9bc3-1b8c-d061f654ac74" executionId="ae9a4f46-5236-411f-b3b1-659e4d6361ad" testListId="8c84fa94-04c1-424b-9868-57a2d4851a1d" />
    <TestEntry testId="74e3ce0f-b9a2-fd45-f3ac-8d3c6e28e8a3" executionId="5658bdb0-8e9a-4739-a41a-f684ac7c3721" testListId="8c84fa94-04c1-424b-9868-57a2d4851a1d" />
    <TestEntry testId="1d29cc7a-a6eb-2b93-bb06-e7446d8ebc19" executionId="0bc2c934-3594-474c-86bd-8af93bccb764" testListId="8c84fa94-04c1-424b-9868-57a2d4851a1d" />
    <TestEntry testId="8d2e1712-dfb6-c94c-5234-073e0a7777da" executionId="524e57a9-d7ec-4b2c-b1a7-50b86ab4eebf" testListId="8c84fa94-04c1-424b-9868-57a2d4851a1d" />
    <TestEntry testId="188102fc-408f-6135-5f5e-6a3ccde77ae6" executionId="611aa7b2-f443-4f94-bbd3-98120dd39d02" testListId="8c84fa94-04c1-424b-9868-57a2d4851a1d" />
    <TestEntry testId="825457ae-18a4-cfa6-3aba-a97828dc81f8" executionId="3742f600-98eb-4816-9e12-7439f283bc15" testListId="8c84fa94-04c1-424b-9868-57a2d4851a1d" />
    <TestEntry testId="36de645f-765a-5414-1dcc-495e04385e02" executionId="6ad57e49-58f1-4443-a0b6-4ee92013ab11" testListId="8c84fa94-04c1-424b-9868-57a2d4851a1d" />
    <TestEntry testId="6d6b476d-2813-a23d-0160-b86c2c063255" executionId="fb748ebe-42f9-477a-818a-2e5c9b0e3006" testListId="8c84fa94-04c1-424b-9868-57a2d4851a1d" />
    <TestEntry testId="1aabf4d3-6a3b-e7e3-a00c-4631be2dce11" executionId="849a2445-c644-49b8-b59b-258f3aca396f" testListId="8c84fa94-04c1-424b-9868-57a2d4851a1d" />
    <TestEntry testId="775c2266-178b-9fef-da49-3831e75c9048" executionId="c74616f0-a7af-4f39-84df-686f21ee8808" testListId="8c84fa94-04c1-424b-9868-57a2d4851a1d" />
    <TestEntry testId="a9618e4b-8e89-0247-245e-8f9e815d108a" executionId="a355f684-f713-412f-bdfe-16b251655571" testListId="8c84fa94-04c1-424b-9868-57a2d4851a1d" />
    <TestEntry testId="6c8cfcbe-26cc-3116-a1fe-812bcf45951d" executionId="ff0045c1-9982-4f1b-9ad6-d3bf307aa689" testListId="8c84fa94-04c1-424b-9868-57a2d4851a1d" />
    <TestEntry testId="2526b742-84f0-d7f0-6374-3e3420994daf" executionId="bea00d06-a9c1-4e8b-a4e1-99905a930e81" testListId="8c84fa94-04c1-424b-9868-57a2d4851a1d" />
    <TestEntry testId="487f3f64-c726-1b66-e678-37b0d8110466" executionId="174f8e07-d182-4a31-b28a-3d2366ea7932" testListId="8c84fa94-04c1-424b-9868-57a2d4851a1d" />
    <TestEntry testId="b8a83e5a-3d24-dc69-17eb-8c6d482572a9" executionId="effe1d69-33db-4e0a-8bf6-0920ab0d8acb" testListId="8c84fa94-04c1-424b-9868-57a2d4851a1d" />
    <TestEntry testId="3a90c1f9-511f-7afe-67be-633a05042396" executionId="85cbb1d9-ece6-4f35-84d8-67d42298853c" testListId="8c84fa94-04c1-424b-9868-57a2d4851a1d" />
    <TestEntry testId="093e0c4f-0682-d7b7-cac6-0e8fca74ab58" executionId="825bb509-830b-4f9a-95f0-6c43bc29969d" testListId="8c84fa94-04c1-424b-9868-57a2d4851a1d" />
    <TestEntry testId="54420a81-3202-6712-9838-6c860d2f1fbf" executionId="23828c4c-0e60-4431-9cd7-e06a6cbee299" testListId="8c84fa94-04c1-424b-9868-57a2d4851a1d" />
    <TestEntry testId="e0c4eaf9-0e39-3b3a-916a-b855f447e07f" executionId="962f1a2b-508c-4f44-aee2-88c02869f955" testListId="8c84fa94-04c1-424b-9868-57a2d4851a1d" />
    <TestEntry testId="384ead11-9530-b5ea-1e17-ca8172d8c83f" executionId="424828ac-2d7d-4e60-a0d5-e94965eaaa1d" testListId="8c84fa94-04c1-424b-9868-57a2d4851a1d" />
    <TestEntry testId="84976c4c-c9c5-ba05-2748-38cc221e4942" executionId="92b05095-104f-4252-aa59-3c480ee0d6fa" testListId="8c84fa94-04c1-424b-9868-57a2d4851a1d" />
    <TestEntry testId="515d24aa-9e7f-58b7-f6d8-5a472a32c10a" executionId="f314cbc3-b1cf-458d-aa66-e2cd89b4a378" testListId="8c84fa94-04c1-424b-9868-57a2d4851a1d" />
    <TestEntry testId="93cc4774-f1d8-9eb9-c679-e3e90ed5c495" executionId="87c03012-05a0-431a-a334-dff0831188db" testListId="8c84fa94-04c1-424b-9868-57a2d4851a1d" />
    <TestEntry testId="b728ccec-68da-e762-c01d-1e8efd419495" executionId="82e4fa83-b874-4b7d-8a0b-98480a042bc3" testListId="8c84fa94-04c1-424b-9868-57a2d4851a1d" />
    <TestEntry testId="c132f42e-804b-aa0b-ad93-c5e62780ffdc" executionId="2ed094fc-676a-4e4d-b059-80c244260f24" testListId="8c84fa94-04c1-424b-9868-57a2d4851a1d" />
    <TestEntry testId="09eefae4-2e21-9a9a-fc2e-946957ab7499" executionId="33547b0b-0bc1-4a22-aa62-052a5d3bdcc5" testListId="8c84fa94-04c1-424b-9868-57a2d4851a1d" />
    <TestEntry testId="b83cb5d3-0d47-5ad5-c091-4d6023c2db3e" executionId="1e472d24-6bf6-4c78-b783-2419bfed75b4" testListId="8c84fa94-04c1-424b-9868-57a2d4851a1d" />
    <TestEntry testId="318abee3-0f05-4b07-dbed-658afa72fc15" executionId="5846557a-45f7-4966-9331-c99ab06a1b5f" testListId="8c84fa94-04c1-424b-9868-57a2d4851a1d" />
    <TestEntry testId="844788f2-1eac-7aea-bacc-e338c6fa2a5b" executionId="e57a7b90-bc76-49e4-8e41-52772a006473" testListId="8c84fa94-04c1-424b-9868-57a2d4851a1d" />
    <TestEntry testId="0172c263-c69e-dcf3-9dbe-1f828258c794" executionId="169e2d55-1b76-44df-bcb6-b070a6871885" testListId="8c84fa94-04c1-424b-9868-57a2d4851a1d" />
    <TestEntry testId="3619a490-bc5c-47cd-b8da-2a1456ab51df" executionId="3a602c86-6204-45e9-a96e-bd5b0c6cfa6c" testListId="8c84fa94-04c1-424b-9868-57a2d4851a1d" />
    <TestEntry testId="c83f10a6-255e-e28d-e955-642a81959698" executionId="3bfd9754-c9c8-4016-8259-2aa686efc929" testListId="8c84fa94-04c1-424b-9868-57a2d4851a1d" />
    <TestEntry testId="0db8f075-8619-9924-cc7c-4e59947c272a" executionId="fb055b07-aed5-4c3b-8604-ea584ac8cd50" testListId="8c84fa94-04c1-424b-9868-57a2d4851a1d" />
    <TestEntry testId="04b8bb7e-04c6-569d-25ae-bc0c65c87fc3" executionId="951296ed-bd21-44b7-884e-0a307f6ecdcc" testListId="8c84fa94-04c1-424b-9868-57a2d4851a1d" />
    <TestEntry testId="7ddc7671-5ae7-bc55-7f8e-6733a585870b" executionId="5e82b2b9-0ce2-4826-afe9-8d3b6e270fb5" testListId="8c84fa94-04c1-424b-9868-57a2d4851a1d" />
    <TestEntry testId="206f3a64-6a93-c3b3-fdc1-fa2dbccfeeb8" executionId="7a83ff75-c594-46fa-882a-da48366aa780" testListId="8c84fa94-04c1-424b-9868-57a2d4851a1d" />
    <TestEntry testId="1beb8332-0583-82ba-7cae-dc534d3baa46" executionId="41b15388-c5d3-4fdf-9392-bbbfb26e9fa5" testListId="8c84fa94-04c1-424b-9868-57a2d4851a1d" />
    <TestEntry testId="1f6a76d9-e101-5abe-be6a-13a6863984ac" executionId="632fd52a-667d-4f92-a7b5-e05d4db5eb52" testListId="8c84fa94-04c1-424b-9868-57a2d4851a1d" />
    <TestEntry testId="a2281630-c4d9-efd6-98b7-aaac7b7f16b5" executionId="873386db-c4ee-48ec-bc99-6d42abed8110" testListId="8c84fa94-04c1-424b-9868-57a2d4851a1d" />
    <TestEntry testId="72db4e34-b92e-92c6-4d35-448ba47eaa04" executionId="79ddabd7-62b5-48e6-af65-402005cb5d7c" testListId="8c84fa94-04c1-424b-9868-57a2d4851a1d" />
    <TestEntry testId="537dc211-4666-e283-65c6-8c68a0413599" executionId="4714fa74-b300-4245-866b-13224d6a8e62" testListId="8c84fa94-04c1-424b-9868-57a2d4851a1d" />
    <TestEntry testId="426a4511-596c-578b-a773-b011c2a41a44" executionId="58dbc3ca-e614-487c-8fae-b7b7e60fce9d" testListId="8c84fa94-04c1-424b-9868-57a2d4851a1d" />
    <TestEntry testId="2e0a531a-9fca-50ea-f742-d0c411ede313" executionId="cb391c96-8b05-45da-ad47-e22461db3169" testListId="8c84fa94-04c1-424b-9868-57a2d4851a1d" />
    <TestEntry testId="041837e6-bf12-a9d6-af7c-ea1d177979b1" executionId="d5ae617f-0f1d-4aa4-9440-7a2fc974048e" testListId="8c84fa94-04c1-424b-9868-57a2d4851a1d" />
    <TestEntry testId="8165c1f2-495b-6070-8ce9-c61046fb6cfb" executionId="2022d96b-e8e4-4001-aefe-e1dfd762da6f" testListId="8c84fa94-04c1-424b-9868-57a2d4851a1d" />
    <TestEntry testId="5ca73389-7db4-3e7a-4464-cebcf0dce7ba" executionId="2094d353-e423-46b1-ab56-f771d75ebaee" testListId="8c84fa94-04c1-424b-9868-57a2d4851a1d" />
    <TestEntry testId="7da8db57-0f5f-ee68-6304-3422a0dc193e" executionId="17240b19-eff9-4ef1-b923-91369729b242" testListId="8c84fa94-04c1-424b-9868-57a2d4851a1d" />
    <TestEntry testId="236f6ea0-c341-2b6d-0426-2ce658d7fd1f" executionId="9a322883-0e95-4ab8-9dbc-a0b9870f17ff" testListId="8c84fa94-04c1-424b-9868-57a2d4851a1d" />
    <TestEntry testId="6629b8ce-27d6-55a9-c243-f84a8de15019" executionId="19044939-2288-4538-bf7a-b014a02a5bc5" testListId="8c84fa94-04c1-424b-9868-57a2d4851a1d" />
    <TestEntry testId="0bf3b0f7-e0cd-6212-e6b0-a59c4973159e" executionId="ff384645-d6dc-4777-932a-12d85ac46a3d" testListId="8c84fa94-04c1-424b-9868-57a2d4851a1d" />
    <TestEntry testId="afbc2e20-6580-8ac8-d57a-ae0945472a4b" executionId="2e93ac2a-f9d2-423e-b33a-f01a42acce14" testListId="8c84fa94-04c1-424b-9868-57a2d4851a1d" />
    <TestEntry testId="3891c50c-b169-753c-b248-449349b5dcdf" executionId="58206c77-4dd1-4d63-a679-d67ecd57add2" testListId="8c84fa94-04c1-424b-9868-57a2d4851a1d" />
    <TestEntry testId="400d8571-f743-9b7d-648b-c708fbcdc834" executionId="57357472-ece3-4644-9a88-af406416d215" testListId="8c84fa94-04c1-424b-9868-57a2d4851a1d" />
    <TestEntry testId="02eb1136-154c-feaf-762b-a5a207d56ffe" executionId="e2ea35dc-6e1f-40e6-8c1f-1379ee803ad0" testListId="8c84fa94-04c1-424b-9868-57a2d4851a1d" />
    <TestEntry testId="48bd61b1-7485-014a-656b-6fcc1d93a6dc" executionId="880b2b66-b227-4f25-bc1a-5b4e7fed9c01" testListId="8c84fa94-04c1-424b-9868-57a2d4851a1d" />
    <TestEntry testId="fa3791c7-e8ce-0409-854d-b45e4d8d32d4" executionId="276c819d-bfa9-4b61-9221-d3ceabc00961" testListId="8c84fa94-04c1-424b-9868-57a2d4851a1d" />
    <TestEntry testId="93698d26-1cb1-0d70-a79a-9e202541888d" executionId="13dafeb5-752e-4ede-b414-a7a9ef886e66" testListId="8c84fa94-04c1-424b-9868-57a2d4851a1d" />
    <TestEntry testId="65967649-297f-d191-e743-54e4eed8afed" executionId="0084d9d7-4e0a-4b33-bb78-621444d32e89" testListId="8c84fa94-04c1-424b-9868-57a2d4851a1d" />
    <TestEntry testId="e78489c1-65df-995e-ceb9-0b1adee1e4b3" executionId="d1052280-f20e-46d4-8bf2-7f897f3a07d9" testListId="8c84fa94-04c1-424b-9868-57a2d4851a1d" />
    <TestEntry testId="bea61d3a-b596-676c-8420-e52dc4bdb5ee" executionId="b967a599-47fa-4beb-8749-e4b40225031d" testListId="8c84fa94-04c1-424b-9868-57a2d4851a1d" />
    <TestEntry testId="bf4683fe-e278-b0bb-2085-5598b3ec6125" executionId="bef86812-13f4-4375-8d9d-27a8a8ab1d3c" testListId="8c84fa94-04c1-424b-9868-57a2d4851a1d" />
    <TestEntry testId="409e1e3c-c230-1fdd-2348-0e5d7f2fb262" executionId="a9a7c5b1-d6a1-482b-97ad-c621663d0659" testListId="8c84fa94-04c1-424b-9868-57a2d4851a1d" />
    <TestEntry testId="3d3e0d26-4670-fc08-72af-6dfc81c27261" executionId="743bbfd3-74d3-45c3-ae0d-7d08e3a528ef" testListId="8c84fa94-04c1-424b-9868-57a2d4851a1d" />
    <TestEntry testId="2e4dab93-7254-9a59-2cd6-e0afcb3c4c87" executionId="2ba6ced8-b6f4-41a8-b926-53e7bf4c2405" testListId="8c84fa94-04c1-424b-9868-57a2d4851a1d" />
    <TestEntry testId="1b058b97-bb74-15a8-7317-ac184b91873a" executionId="53e0f9f1-2e46-4e12-897a-f93088a5d414" testListId="8c84fa94-04c1-424b-9868-57a2d4851a1d" />
    <TestEntry testId="f9a6f506-b66a-c128-3b7e-3c3a5651ca82" executionId="c38751e4-974f-4c20-b88e-9b352a1bbcb2" testListId="8c84fa94-04c1-424b-9868-57a2d4851a1d" />
    <TestEntry testId="faa7f702-2a50-8393-bfa4-c89abc9cf201" executionId="80e3fe4a-bc3c-405b-b920-3e582f25b606" testListId="8c84fa94-04c1-424b-9868-57a2d4851a1d" />
    <TestEntry testId="5cf3b2ae-2d74-b3e5-ee80-ac4a8824c3e9" executionId="00c220d0-f0ed-43c6-a644-41e4e2f28f56" testListId="8c84fa94-04c1-424b-9868-57a2d4851a1d" />
    <TestEntry testId="005b709b-e005-a42e-b032-10c404536796" executionId="2ddd2041-56e6-4a25-ae5e-89a8964c1b25" testListId="8c84fa94-04c1-424b-9868-57a2d4851a1d" />
    <TestEntry testId="c924bc3e-90cd-8153-1719-5cc6f0ffa6e2" executionId="893c4f32-6817-4159-9465-d742dba53090" testListId="8c84fa94-04c1-424b-9868-57a2d4851a1d" />
    <TestEntry testId="07dcff8b-3ed9-cd06-a5f2-3ccd387e7839" executionId="5dd890e6-288e-4d98-bd5b-8d44dcf4c791" testListId="8c84fa94-04c1-424b-9868-57a2d4851a1d" />
    <TestEntry testId="188b3af4-6927-b785-000e-964472ccc180" executionId="9e1566ef-1d81-4144-9679-9cda14585907" testListId="8c84fa94-04c1-424b-9868-57a2d4851a1d" />
    <TestEntry testId="3dcfce6c-f0bc-2783-2af2-6450bc06a5dd" executionId="365f7126-43e0-4ddd-8d85-f546be6ea175" testListId="8c84fa94-04c1-424b-9868-57a2d4851a1d" />
    <TestEntry testId="33544677-77f3-7f4d-de85-e0e9e8845253" executionId="0908b94e-a301-4dc8-80bb-22a3b38f2efc" testListId="8c84fa94-04c1-424b-9868-57a2d4851a1d" />
    <TestEntry testId="8068d011-df3c-233c-b34c-11f411245362" executionId="da8f8002-ba29-4028-a695-a15a1c795458" testListId="8c84fa94-04c1-424b-9868-57a2d4851a1d" />
    <TestEntry testId="4c6af3c0-d426-84fb-ecff-c92a0807b57d" executionId="b1d8ecab-db7d-419a-8db5-cba6deb7595f" testListId="8c84fa94-04c1-424b-9868-57a2d4851a1d" />
    <TestEntry testId="a20b4e16-e517-2d86-aaba-2af350130b01" executionId="293d5be2-87f7-48cc-9557-c7bfb424772c" testListId="8c84fa94-04c1-424b-9868-57a2d4851a1d" />
    <TestEntry testId="d046baf2-39e8-c10b-cdc6-2596bb06915f" executionId="c1a55ea7-9048-45c2-90cf-51d397dfba34" testListId="8c84fa94-04c1-424b-9868-57a2d4851a1d" />
    <TestEntry testId="f635cd27-80eb-0aa5-e577-37d722671965" executionId="222dc642-6192-4b4a-959f-356d4129d9ec" testListId="8c84fa94-04c1-424b-9868-57a2d4851a1d" />
    <TestEntry testId="76c702ae-9d89-ae34-b428-263e172f3991" executionId="b641c7d0-31f5-43d1-8c62-578a6c48e5fa" testListId="8c84fa94-04c1-424b-9868-57a2d4851a1d" />
    <TestEntry testId="95abe8be-4dd1-1e7f-6580-bed2dbfaad65" executionId="cac1a6ab-3f85-4bf7-85b9-59d97ecacdef" testListId="8c84fa94-04c1-424b-9868-57a2d4851a1d" />
    <TestEntry testId="01ddccd1-9039-984e-193d-ad028964b920" executionId="a3a4b1ca-c065-48d1-bf68-545742fb5016" testListId="8c84fa94-04c1-424b-9868-57a2d4851a1d" />
    <TestEntry testId="fe597369-cabd-61b0-f134-60cdb315f2cf" executionId="694c37c6-b439-4dc6-8a46-087438499579" testListId="8c84fa94-04c1-424b-9868-57a2d4851a1d" />
    <TestEntry testId="e4710acc-05af-3f3e-4428-0a2252dcf1ea" executionId="9e7a093f-fa99-41f4-a87e-1a6625ceade8" testListId="8c84fa94-04c1-424b-9868-57a2d4851a1d" />
    <TestEntry testId="d99987be-0832-3335-e237-6feaa4d6fa98" executionId="341d93fd-c9d8-4037-83d9-58d771497ed9" testListId="8c84fa94-04c1-424b-9868-57a2d4851a1d" />
    <TestEntry testId="46a07f50-6978-3234-bae5-ff64b7e68828" executionId="acb9b86a-5623-4a15-ac49-73de46225c71" testListId="8c84fa94-04c1-424b-9868-57a2d4851a1d" />
    <TestEntry testId="89b3b998-ca65-cc5b-c4f2-e398a8d0156e" executionId="d057aff2-9c5f-4ba3-85b7-6342dbb22555" testListId="8c84fa94-04c1-424b-9868-57a2d4851a1d" />
    <TestEntry testId="3764e6d9-e325-3b1f-bcc6-b9654fde8c25" executionId="1fb3e597-3b62-4c6e-8a6e-ed85c74128a1" testListId="8c84fa94-04c1-424b-9868-57a2d4851a1d" />
    <TestEntry testId="8f765b14-bd69-1133-f585-3d3b4c296915" executionId="951f4540-c55a-4e54-bb55-b6ff8dadc5ec" testListId="8c84fa94-04c1-424b-9868-57a2d4851a1d" />
    <TestEntry testId="5a68d1b1-3764-a97e-103c-43aac4391a48" executionId="d843d5aa-752c-4e77-a077-1038d3808349" testListId="8c84fa94-04c1-424b-9868-57a2d4851a1d" />
    <TestEntry testId="6477e2fd-ede0-3fab-b4ce-ab42ee4d0d8c" executionId="434615ce-d363-4d1b-8cca-d43bf84531e0" testListId="8c84fa94-04c1-424b-9868-57a2d4851a1d" />
    <TestEntry testId="d67cfc28-21b3-7273-e089-4f7e7d73d987" executionId="8793df1a-7699-4e2b-afa2-f911f68af042" testListId="8c84fa94-04c1-424b-9868-57a2d4851a1d" />
    <TestEntry testId="a43eefff-7bca-2eb3-624c-11d26449da3c" executionId="0b977315-a17c-49e5-b947-23aba7263f6a" testListId="8c84fa94-04c1-424b-9868-57a2d4851a1d" />
    <TestEntry testId="dfe1a7e8-4b3f-2888-20f3-0b6975258c68" executionId="04269bc0-2aa5-4ad5-b6c1-4f1c77d0ea15" testListId="8c84fa94-04c1-424b-9868-57a2d4851a1d" />
    <TestEntry testId="03288840-2dc2-19f0-e304-8d21e0b02fa5" executionId="ba0e888f-1d5a-4089-ba27-7fa8b7eee86b" testListId="8c84fa94-04c1-424b-9868-57a2d4851a1d" />
    <TestEntry testId="be792d97-2379-5475-8e91-0ba95f1d9d93" executionId="ae1f08ec-2c0e-44ca-a8c3-5371bc137401" testListId="8c84fa94-04c1-424b-9868-57a2d4851a1d" />
    <TestEntry testId="81e85450-30f9-5c57-97ba-db638300426f" executionId="9edd5785-9c85-4d1e-9762-4ad4de9cd55a" testListId="8c84fa94-04c1-424b-9868-57a2d4851a1d" />
    <TestEntry testId="2647096c-aba4-e33a-a25e-5ea08cf9df11" executionId="d52fe1ad-d17b-429c-b7fe-916e78d14fc9" testListId="8c84fa94-04c1-424b-9868-57a2d4851a1d" />
    <TestEntry testId="63d42fa5-765e-4aec-9526-955d51ebd827" executionId="e33abf48-bdcb-47dd-b5a1-531012dafc29" testListId="8c84fa94-04c1-424b-9868-57a2d4851a1d" />
    <TestEntry testId="93a3d2d5-1ead-5b8c-97e3-004455941625" executionId="fdc4e8cb-ff25-4714-b2cf-01e360e61eb6" testListId="8c84fa94-04c1-424b-9868-57a2d4851a1d" />
    <TestEntry testId="588d7209-0e5e-1dba-9d60-1c62f9ee9525" executionId="b0e6700f-8fbf-40ea-944f-97ccf5bea195" testListId="8c84fa94-04c1-424b-9868-57a2d4851a1d" />
    <TestEntry testId="61a8392d-de8e-67f3-272a-ba4167e365e2" executionId="7d158510-d9ae-4e1c-b54f-acd3a230500c" testListId="8c84fa94-04c1-424b-9868-57a2d4851a1d" />
    <TestEntry testId="a2bb4e4d-3cee-b9a3-f2ed-7da929a12755" executionId="025f0c29-6ba3-4b7c-a366-cb15d107f9f4" testListId="8c84fa94-04c1-424b-9868-57a2d4851a1d" />
    <TestEntry testId="d10eb253-65b4-67f8-cc29-cc67c0a2a3a5" executionId="571501e8-225f-4aa8-89da-c61d66f4b8d1" testListId="8c84fa94-04c1-424b-9868-57a2d4851a1d" />
    <TestEntry testId="28c6eb94-3faf-a326-37d7-9fdaf583905e" executionId="270ac6f9-587e-4a6a-affd-3843c74ac2e8" testListId="8c84fa94-04c1-424b-9868-57a2d4851a1d" />
    <TestEntry testId="e941f48d-972c-943c-bdc7-064f7abdfd74" executionId="5bcac08d-016a-4f55-afd2-82379238290f" testListId="8c84fa94-04c1-424b-9868-57a2d4851a1d" />
    <TestEntry testId="d3f8ffb4-3c74-a520-b24a-af65a869827e" executionId="e2853f0d-f37e-472b-8ea2-491a7d6f5125" testListId="8c84fa94-04c1-424b-9868-57a2d4851a1d" />
    <TestEntry testId="47746e27-9b5e-7a6a-7cd3-180498584776" executionId="0b90155c-55f2-4d78-bafd-e115d34320cc" testListId="8c84fa94-04c1-424b-9868-57a2d4851a1d" />
    <TestEntry testId="61bfd5f1-b5bc-0f4f-5f35-33e2cf4d2d0d" executionId="ff1aabbb-1af5-4d26-a2ab-2b5cef93e3d7" testListId="8c84fa94-04c1-424b-9868-57a2d4851a1d" />
    <TestEntry testId="e9813bac-cb0e-d3de-07ea-36047224c476" executionId="dca3cc7c-ca9c-4528-9aca-ce8e09bae56f" testListId="8c84fa94-04c1-424b-9868-57a2d4851a1d" />
    <TestEntry testId="35bb0a75-ea12-7e32-2f76-7bbe73a33fa3" executionId="5856f749-56bd-48cf-bc17-5705cf5a4c26" testListId="8c84fa94-04c1-424b-9868-57a2d4851a1d" />
    <TestEntry testId="4b09409c-fa19-3280-23bf-c4300e58fb5d" executionId="e215850f-64fe-40ca-96fb-a12c7d05ad64" testListId="8c84fa94-04c1-424b-9868-57a2d4851a1d" />
  </TestEntries>
  <TestLists>
    <TestList name="Results Not in a List" id="8c84fa94-04c1-424b-9868-57a2d4851a1d" />
    <TestList name="All Loaded Results" id="19431567-8539-422a-85d7-44ee4e166bda" />
  </TestLists>
  <ResultSummary outcome="Completed">
    <Counters total="125" executed="125" passed="125" failed="0" error="0" timeout="0" aborted="0" inconclusive="0" passedButRunAborted="0" notRunnable="0" notExecuted="0" disconnected="0" warning="0" completed="0" inProgress="0" pending="0" />
  </ResultSummary>
</TestRun>