<?xml version="1.0" encoding="utf-8"?>
<TestRun id="8f6329e4-d332-4f20-bcf1-439b8abb70a4" name="DKSR-EFI-06$@DKSR-EFI-06 2024-01-09 15:42:36" runUser="NT AUTHORITY\NETWORK SERVICE" xmlns="http://microsoft.com/schemas/VisualStudio/TeamTest/2010">
  <Times creation="2024-01-09T15:42:36.4508745+01:00" queuing="2024-01-09T15:42:36.4508745+01:00" start="2024-01-09T15:42:33.4664816+01:00" finish="2024-01-09T15:42:51.8259362+01:00" />
  <TestSettings name="default" id="97d6acdf-82c6-4552-ab30-ad6eb0f3659c">
    <Deployment runDeploymentRoot="DKSR-EFI-06$_DKSR-EFI-06_2024-01-09_15_42_36" />
  </TestSettings>
  <Results>
    <UnitTestResult executionId="7548600c-f482-44f9-a2fd-34b2b88713f2" testId="ac107c40-d737-c438-c91f-8a9ecddf284d" testName="SampleRulesService_OperationCanceledException_Caught_Success" computerName="DKSR-EFI-06" duration="00:00:00.0048799" startTime="2024-01-09T15:42:50.9759549+01:00" endTime="2024-01-09T15:42:50.9809559+01:00" testType="13cdc9d9-ddb5-4fa4-a97d-d965ccfc6d4b" outcome="Passed" testListId="8c84fa94-04c1-424b-9868-57a2d4851a1d" relativeResultsDirectory="7548600c-f482-44f9-a2fd-34b2b88713f2" />
    <UnitTestResult executionId="a7d1754d-6366-4ba5-bb79-6b49cbffb349" testId="716d3569-d8e2-ff47-5f79-a4178d08f047" testName="RegisterServiceApplicationsService_NotifyCompleteBase_Called_Success" computerName="DKSR-EFI-06" duration="00:00:00.0091909" startTime="2024-01-09T15:42:50.6808366+01:00" endTime="2024-01-09T15:42:50.6901744+01:00" testType="13cdc9d9-ddb5-4fa4-a97d-d965ccfc6d4b" outcome="Passed" testListId="8c84fa94-04c1-424b-9868-57a2d4851a1d" relativeResultsDirectory="a7d1754d-6366-4ba5-bb79-6b49cbffb349" />
    <UnitTestResult executionId="e3a15c22-d249-4f05-8ef5-62ff51985055" testId="f291c842-367c-66f8-dda0-9dc008d4845e" testName="StatePerValue_SetUndefined_StateChange_Only_Send_Once" computerName="DKSR-EFI-06" duration="00:00:00.0002041" startTime="2024-01-09T15:42:50.3531720+01:00" endTime="2024-01-09T15:42:50.3534678+01:00" testType="13cdc9d9-ddb5-4fa4-a97d-d965ccfc6d4b" outcome="Passed" testListId="8c84fa94-04c1-424b-9868-57a2d4851a1d" relativeResultsDirectory="e3a15c22-d249-4f05-8ef5-62ff51985055" />
    <UnitTestResult executionId="078ecf3c-a0dc-474a-997e-9ee1868b4ff9" testId="fc7aba06-4329-f5db-cf4d-3572793b91fc" testName="BatchSenderService_ExecuteAsync_OperationCanceledException_Handled" computerName="DKSR-EFI-06" duration="00:00:00.0065191" startTime="2024-01-09T15:42:50.5392152+01:00" endTime="2024-01-09T15:42:50.5458837+01:00" testType="13cdc9d9-ddb5-4fa4-a97d-d965ccfc6d4b" outcome="Passed" testListId="8c84fa94-04c1-424b-9868-57a2d4851a1d" relativeResultsDirectory="078ecf3c-a0dc-474a-997e-9ee1868b4ff9" />
    <UnitTestResult executionId="5414db47-ff25-4f40-9b2f-5f8978ea7864" testId="826421f9-77a0-6af4-64d6-52f7257acc46" testName="TestNormalToCritical" computerName="DKSR-EFI-06" duration="00:00:00.0004925" startTime="2024-01-09T15:42:50.2915917+01:00" endTime="2024-01-09T15:42:50.2921681+01:00" testType="13cdc9d9-ddb5-4fa4-a97d-d965ccfc6d4b" outcome="Passed" testListId="8c84fa94-04c1-424b-9868-57a2d4851a1d" relativeResultsDirectory="5414db47-ff25-4f40-9b2f-5f8978ea7864" />
    <UnitTestResult executionId="76a70c84-1b13-44e8-bd7c-7ac84bc95697" testId="1ef0c0e0-93cb-6d9a-0a7b-f1f9583bdeb9" testName="OnRecordingServerIsUp_Is_Not_Called_On_Normal_State_Change_For_Management_Server" computerName="DKSR-EFI-06" duration="00:00:00.0022008" startTime="2024-01-09T15:42:50.3250685+01:00" endTime="2024-01-09T15:42:50.3273843+01:00" testType="13cdc9d9-ddb5-4fa4-a97d-d965ccfc6d4b" outcome="Passed" testListId="8c84fa94-04c1-424b-9868-57a2d4851a1d" relativeResultsDirectory="76a70c84-1b13-44e8-bd7c-7ac84bc95697" />
    <UnitTestResult executionId="d81ec939-48b5-45b6-8716-d83f08578702" testId="9ce7eb0a-11b6-45d8-7a2a-50e279740d9b" testName="GrpcProfile_Convert_PerformanceCounterInstance_From_gRPC (SingleInstance,ElapsedTime,SingleInstance,ElapsedTime)" computerName="DKSR-EFI-06" duration="00:00:00.0073291" startTime="2024-01-09T15:42:36.5294852+01:00" endTime="2024-01-09T15:42:36.5370957+01:00" testType="13cdc9d9-ddb5-4fa4-a97d-d965ccfc6d4b" outcome="Passed" testListId="8c84fa94-04c1-424b-9868-57a2d4851a1d" relativeResultsDirectory="d81ec939-48b5-45b6-8716-d83f08578702" />
    <UnitTestResult executionId="b01f963c-fd67-4984-bd8b-2c89ad1e5832" testId="0b3a47c5-c230-e151-adb3-06e904a969de" testName="TestEnterCriticalMode" computerName="DKSR-EFI-06" duration="00:00:00.0006934" startTime="2024-01-09T15:42:50.3099672+01:00" endTime="2024-01-09T15:42:50.3107371+01:00" testType="13cdc9d9-ddb5-4fa4-a97d-d965ccfc6d4b" outcome="Passed" testListId="8c84fa94-04c1-424b-9868-57a2d4851a1d" relativeResultsDirectory="b01f963c-fd67-4984-bd8b-2c89ad1e5832" />
    <UnitTestResult executionId="cce7331d-51a7-4de5-948e-558e27a25032" testId="3c473b79-1a61-6cef-6e1f-ff2fa1a0a308" testName="Create_Driver_Counter_Rule_As_CameraCounterRule" computerName="DKSR-EFI-06" duration="00:00:00.0012027" startTime="2024-01-09T15:42:50.2456182+01:00" endTime="2024-01-09T15:42:50.2469123+01:00" testType="13cdc9d9-ddb5-4fa4-a97d-d965ccfc6d4b" outcome="Passed" testListId="8c84fa94-04c1-424b-9868-57a2d4851a1d" relativeResultsDirectory="cce7331d-51a7-4de5-948e-558e27a25032" />
    <UnitTestResult executionId="0ab35b51-a815-4e5d-97d9-218463777e7c" testId="7256b9ed-d5ee-95f1-9ae0-e8f11d01f0bb" testName="GrpcProfile_Convert_CounterStateRulesConfigurationUpdate_To_gRPC" computerName="DKSR-EFI-06" duration="00:00:00.0072017" startTime="2024-01-09T15:42:37.1435996+01:00" endTime="2024-01-09T15:42:37.1509750+01:00" testType="13cdc9d9-ddb5-4fa4-a97d-d965ccfc6d4b" outcome="Passed" testListId="8c84fa94-04c1-424b-9868-57a2d4851a1d" relativeResultsDirectory="0ab35b51-a815-4e5d-97d9-218463777e7c" />
    <UnitTestResult executionId="2f6c8001-b721-48c7-9f63-1dc01bb57783" testId="ba43e9e1-f0b1-2b34-0f2d-81d07c0d6c13" testName="ServiceAvailableRule_Of_Type_Recorder_Sends_State_Changes_When_Recording_Server_Is_Down" computerName="DKSR-EFI-06" duration="00:00:00.0150156" startTime="2024-01-09T15:42:50.3274347+01:00" endTime="2024-01-09T15:42:50.3426560+01:00" testType="13cdc9d9-ddb5-4fa4-a97d-d965ccfc6d4b" outcome="Passed" testListId="8c84fa94-04c1-424b-9868-57a2d4851a1d" relativeResultsDirectory="2f6c8001-b721-48c7-9f63-1dc01bb57783" />
    <UnitTestResult executionId="75df8ebd-8dfb-4a0d-8665-b24504896f0d" testId="fef705aa-73a7-e95c-0646-605c43a421f7" testName="GetState_ShouldBeCritical_OnCurrentCriticalAndValueBelowThresholdLatency" computerName="DKSR-EFI-06" duration="00:00:00.0005005" startTime="2024-01-09T15:42:50.3033181+01:00" endTime="2024-01-09T15:42:50.3038882+01:00" testType="13cdc9d9-ddb5-4fa4-a97d-d965ccfc6d4b" outcome="Passed" testListId="8c84fa94-04c1-424b-9868-57a2d4851a1d" relativeResultsDirectory="75df8ebd-8dfb-4a0d-8665-b24504896f0d" />
    <UnitTestResult executionId="72427fef-9d8f-4ccb-a904-5ff89bd06e17" testId="11e7135c-518a-689b-6047-4996efb0075a" testName="TestCreatePerformanceCounterReader" computerName="DKSR-EFI-06" duration="00:00:00.0143532" startTime="2024-01-09T15:42:37.5846090+01:00" endTime="2024-01-09T15:42:37.5992577+01:00" testType="13cdc9d9-ddb5-4fa4-a97d-d965ccfc6d4b" outcome="Passed" testListId="8c84fa94-04c1-424b-9868-57a2d4851a1d" relativeResultsDirectory="72427fef-9d8f-4ccb-a904-5ff89bd06e17" />
    <UnitTestResult executionId="47b26dca-6882-45b2-847d-47e85148c09a" testId="b135851c-c1dc-77ac-8ee4-ae4210b6a10c" testName="ConfigurationRefreshService_ExecuteAsync_Exception_Unhandled" computerName="DKSR-EFI-06" duration="00:00:00.0053417" startTime="2024-01-09T15:42:50.6502055+01:00" endTime="2024-01-09T15:42:50.6556815+01:00" testType="13cdc9d9-ddb5-4fa4-a97d-d965ccfc6d4b" outcome="Passed" testListId="8c84fa94-04c1-424b-9868-57a2d4851a1d" relativeResultsDirectory="47b26dca-6882-45b2-847d-47e85148c09a" />
    <UnitTestResult executionId="4cfc9156-72f6-4c6c-8461-f551e8ec262e" testId="90ac76d0-7af8-653e-7d03-2732c3e58669" testName="GrpcProfile_Convert_PerformanceCounterInstance_To_gRPC (SingleInstance,CounterDelta32,SingleInstance,CounterDelta32)" computerName="DKSR-EFI-06" duration="00:00:00.0463229" startTime="2024-01-09T15:42:36.7773225+01:00" endTime="2024-01-09T15:42:36.8265637+01:00" testType="13cdc9d9-ddb5-4fa4-a97d-d965ccfc6d4b" outcome="Passed" testListId="8c84fa94-04c1-424b-9868-57a2d4851a1d" relativeResultsDirectory="4cfc9156-72f6-4c6c-8461-f551e8ec262e" />
    <UnitTestResult executionId="a2cc3b38-4a7b-42f7-9658-93a52f4e4ab4" testId="a7de2a0d-2523-d1cd-7fe0-e876e234e036" testName="Handle_RequestHasBeenCancelled_ResponseIsError" computerName="DKSR-EFI-06" duration="00:00:00.0066668" startTime="2024-01-09T15:42:51.4010366+01:00" endTime="2024-01-09T15:42:51.4077706+01:00" testType="13cdc9d9-ddb5-4fa4-a97d-d965ccfc6d4b" outcome="Passed" testListId="8c84fa94-04c1-424b-9868-57a2d4851a1d" relativeResultsDirectory="a2cc3b38-4a7b-42f7-9658-93a52f4e4ab4" />
    <UnitTestResult executionId="a2a442b0-d045-411a-a16c-46698649d8f0" testId="2c68ffcd-c332-0532-0c3f-69b2a61d87b7" testName="StatePerValue_TestEnterCriticalMode" computerName="DKSR-EFI-06" duration="00:00:00.0010020" startTime="2024-01-09T15:42:50.3462524+01:00" endTime="2024-01-09T15:42:50.3473400+01:00" testType="13cdc9d9-ddb5-4fa4-a97d-d965ccfc6d4b" outcome="Passed" testListId="8c84fa94-04c1-424b-9868-57a2d4851a1d" relativeResultsDirectory="a2a442b0-d045-411a-a16c-46698649d8f0" />
    <UnitTestResult executionId="56c84499-b115-462c-91f4-cbd0a2deedcd" testId="47f07f4b-fc02-a179-ef8a-743f6f61e033" testName="GrpcProfile_Convert_PerformanceCounterInstance_From_gRPC (SingleInstance,RateOfCountsPerSecond32,SingleInstance,RateOfCountsPerSecond32)" computerName="DKSR-EFI-06" duration="00:00:00.0067219" startTime="2024-01-09T15:42:36.5706234+01:00" endTime="2024-01-09T15:42:36.5776090+01:00" testType="13cdc9d9-ddb5-4fa4-a97d-d965ccfc6d4b" outcome="Passed" testListId="8c84fa94-04c1-424b-9868-57a2d4851a1d" relativeResultsDirectory="56c84499-b115-462c-91f4-cbd0a2deedcd" />
    <UnitTestResult executionId="b09a24f5-2cb7-4991-92dc-d6ec9e7b000c" testId="b0e5e10f-8b99-b2f0-f8b7-39bfa56cb2c1" testName="GrpcProfile_Convert_PerformanceCounterInstance_From_gRPC (SingleInstance,CounterTimerInverse,SingleInstance,CounterTimerInverse)" computerName="DKSR-EFI-06" duration="00:00:00.0088948" startTime="2024-01-09T15:42:36.5035388+01:00" endTime="2024-01-09T15:42:36.5126718+01:00" testType="13cdc9d9-ddb5-4fa4-a97d-d965ccfc6d4b" outcome="Passed" testListId="8c84fa94-04c1-424b-9868-57a2d4851a1d" relativeResultsDirectory="b09a24f5-2cb7-4991-92dc-d6ec9e7b000c" />
    <UnitTestResult executionId="03b68803-8495-42e0-b40e-f4ae44a7f4a1" testId="92e4a8b4-4407-9256-21ee-d34c98dc3e1b" testName="MultiCounterRule_AddStateChanged_CounterNotRegistered_NoStateChangeSend" computerName="DKSR-EFI-06" duration="00:00:00.0005708" startTime="2024-01-09T15:42:51.1564417+01:00" endTime="2024-01-09T15:42:51.1570972+01:00" testType="13cdc9d9-ddb5-4fa4-a97d-d965ccfc6d4b" outcome="Passed" testListId="8c84fa94-04c1-424b-9868-57a2d4851a1d" relativeResultsDirectory="03b68803-8495-42e0-b40e-f4ae44a7f4a1" />
    <UnitTestResult executionId="4c0eb929-acf8-40b4-adcd-4712c59fa658" testId="03dd7efd-6a8d-fccd-fe69-56297aaf3cd3" testName="GrpcProfile_Convert_PerformanceCounterInstance_From_gRPC (SingleInstance,CounterMultiTimer100NsInverse,SingleInstance,CounterMultiTimer100NsInverse)" computerName="DKSR-EFI-06" duration="00:00:00.0064628" startTime="2024-01-09T15:42:36.4724421+01:00" endTime="2024-01-09T15:42:36.4791596+01:00" testType="13cdc9d9-ddb5-4fa4-a97d-d965ccfc6d4b" outcome="Passed" testListId="8c84fa94-04c1-424b-9868-57a2d4851a1d" relativeResultsDirectory="4c0eb929-acf8-40b4-adcd-4712c59fa658" />
    <UnitTestResult executionId="b57132aa-d579-4d06-9f6f-ff4a89d9c791" testId="731785ed-5b2c-a7c9-8cae-e5b003aa087c" testName="OnRecordingServerIsDown_Is_Not_Called_On_Critical_State_Change_For_Management_Server" computerName="DKSR-EFI-06" duration="00:00:00.0023877" startTime="2024-01-09T15:42:50.3200200+01:00" endTime="2024-01-09T15:42:50.3225524+01:00" testType="13cdc9d9-ddb5-4fa4-a97d-d965ccfc6d4b" outcome="Passed" testListId="8c84fa94-04c1-424b-9868-57a2d4851a1d" relativeResultsDirectory="b57132aa-d579-4d06-9f6f-ff4a89d9c791" />
    <UnitTestResult executionId="2e59b324-3ace-4e92-9e49-102824c9bd0f" testId="f1d1146d-0d6b-b097-9ded-96c0207c10b5" testName="TestGetSampleInstanceNotFound" computerName="DKSR-EFI-06" duration="00:00:00.0164476" startTime="2024-01-09T15:42:50.1553367+01:00" endTime="2024-01-09T15:42:50.1719294+01:00" testType="13cdc9d9-ddb5-4fa4-a97d-d965ccfc6d4b" outcome="Passed" testListId="8c84fa94-04c1-424b-9868-57a2d4851a1d" relativeResultsDirectory="2e59b324-3ace-4e92-9e49-102824c9bd0f" />
    <UnitTestResult executionId="26d471f5-f778-4db9-8d58-93ac4983e09d" testId="9853ca32-211f-7c63-492c-0a03776b78c1" testName="StatePerValue_TestAddCounterValue" computerName="DKSR-EFI-06" duration="00:00:00.0012016" startTime="2024-01-09T15:42:50.3447972+01:00" endTime="2024-01-09T15:42:50.3462104+01:00" testType="13cdc9d9-ddb5-4fa4-a97d-d965ccfc6d4b" outcome="Passed" testListId="8c84fa94-04c1-424b-9868-57a2d4851a1d" relativeResultsDirectory="26d471f5-f778-4db9-8d58-93ac4983e09d" />
    <UnitTestResult executionId="5df68f38-54f6-47e3-9d5a-aa37f54ac66b" testId="77a07578-a278-65ad-efe3-30e2dfd969c7" testName="DeleteStateServerCommandCommandHandler_Handle_Success" computerName="DKSR-EFI-06" duration="00:00:00.0054453" startTime="2024-01-09T15:42:51.1346256+01:00" endTime="2024-01-09T15:42:51.1402501+01:00" testType="13cdc9d9-ddb5-4fa4-a97d-d965ccfc6d4b" outcome="Passed" testListId="8c84fa94-04c1-424b-9868-57a2d4851a1d" relativeResultsDirectory="5df68f38-54f6-47e3-9d5a-aa37f54ac66b" />
    <UnitTestResult executionId="aef29e36-7c64-4039-94f8-4ada995ebcc6" testId="065b48a8-47bf-d2ef-4110-2ed52c11b15d" testName="RegisterInstalledServicesService_EnumServiceApplicationsInDevelopment_AllServicesInstalled" computerName="DKSR-EFI-06" duration="00:00:00.1504690" startTime="2024-01-09T15:42:51.1826057+01:00" endTime="2024-01-09T15:42:51.3332683+01:00" testType="13cdc9d9-ddb5-4fa4-a97d-d965ccfc6d4b" outcome="Passed" testListId="8c84fa94-04c1-424b-9868-57a2d4851a1d" relativeResultsDirectory="aef29e36-7c64-4039-94f8-4ada995ebcc6" />
    <UnitTestResult executionId="23684a98-5627-4270-91fc-ad678e98aaeb" testId="a857a603-9302-837f-bb95-c91ca2a49564" testName="RefreshRuleConfigurationEventHandler_Construct_Success" computerName="DKSR-EFI-06" duration="00:00:00.0132710" startTime="2024-01-09T15:42:51.0289176+01:00" endTime="2024-01-09T15:42:51.0424554+01:00" testType="13cdc9d9-ddb5-4fa4-a97d-d965ccfc6d4b" outcome="Passed" testListId="8c84fa94-04c1-424b-9868-57a2d4851a1d" relativeResultsDirectory="23684a98-5627-4270-91fc-ad678e98aaeb" />
    <UnitTestResult executionId="aeb8b2ef-f0f1-4bbd-9199-baed60d165c7" testId="68fe58b9-4922-f0f2-fb8f-8a6f41b8cd3d" testName="GrpcProfile_Convert_PerformanceCounterInstance_To_gRPC (SingleInstance,CounterDelta64,SingleInstance,CounterDelta64)" computerName="DKSR-EFI-06" duration="00:00:00.0206918" startTime="2024-01-09T15:42:36.8266452+01:00" endTime="2024-01-09T15:42:36.8479332+01:00" testType="13cdc9d9-ddb5-4fa4-a97d-d965ccfc6d4b" outcome="Passed" testListId="8c84fa94-04c1-424b-9868-57a2d4851a1d" relativeResultsDirectory="aeb8b2ef-f0f1-4bbd-9199-baed60d165c7" />
    <UnitTestResult executionId="65326d5e-19fa-4069-8b28-fab8f01775e6" testId="b23e2d56-c126-3692-dd2c-6ab6bc7ab0fb" testName="GrpcProfile_Convert_PerformanceCounterInstance_To_gRPC (SingleInstance,NumberOfItems64,SingleInstance,NumberOfItems64)" computerName="DKSR-EFI-06" duration="00:00:00.0067945" startTime="2024-01-09T15:42:36.9950540+01:00" endTime="2024-01-09T15:42:37.0021341+01:00" testType="13cdc9d9-ddb5-4fa4-a97d-d965ccfc6d4b" outcome="Passed" testListId="8c84fa94-04c1-424b-9868-57a2d4851a1d" relativeResultsDirectory="65326d5e-19fa-4069-8b28-fab8f01775e6" />
    <UnitTestResult executionId="5c4a06fc-ef09-437d-993d-ab9263517d82" testId="e910ca53-d0c6-a81a-6f2a-a52debaedf40" testName="Handle_OneMultiRuleCounterRule_OneRulesAddedMulitRuleRegistered" computerName="DKSR-EFI-06" duration="00:00:00.0055315" startTime="2024-01-09T15:42:51.0952046+01:00" endTime="2024-01-09T15:42:51.1008576+01:00" testType="13cdc9d9-ddb5-4fa4-a97d-d965ccfc6d4b" outcome="Passed" testListId="8c84fa94-04c1-424b-9868-57a2d4851a1d" relativeResultsDirectory="5c4a06fc-ef09-437d-993d-ab9263517d82" />
    <UnitTestResult executionId="64f8cdc4-947e-454c-b26d-728a9094947e" testId="169bad83-bbb3-aab8-4922-ee81eb4ce04b" testName="Validate_CameraCounterRule_With_InValid_Path" computerName="DKSR-EFI-06" duration="00:00:00.0002896" startTime="2024-01-09T15:42:50.2523615+01:00" endTime="2024-01-09T15:42:50.2527213+01:00" testType="13cdc9d9-ddb5-4fa4-a97d-d965ccfc6d4b" outcome="Passed" testListId="8c84fa94-04c1-424b-9868-57a2d4851a1d" relativeResultsDirectory="64f8cdc4-947e-454c-b26d-728a9094947e" />
    <UnitTestResult executionId="3509c7fc-985a-465b-bd66-e7896393b3ec" testId="b6776017-ee7f-de2a-2b2c-7e861a104fc9" testName="StateSenderService_ExecuteAsync_StateChangeData_Success" computerName="DKSR-EFI-06" duration="00:00:00.0051177" startTime="2024-01-09T15:42:51.0079638+01:00" endTime="2024-01-09T15:42:51.0132113+01:00" testType="13cdc9d9-ddb5-4fa4-a97d-d965ccfc6d4b" outcome="Passed" testListId="8c84fa94-04c1-424b-9868-57a2d4851a1d" relativeResultsDirectory="3509c7fc-985a-465b-bd66-e7896393b3ec" />
    <UnitTestResult executionId="e4a1e84f-fea1-416b-b15c-3b22f7650778" testId="a51de491-dad6-59b2-6568-0a9902aba825" testName="Handle_OneMultiRuleCounterRuleDeleted_RuleDeletedMulitRuleUnRegistered" computerName="DKSR-EFI-06" duration="00:00:00.0044981" startTime="2024-01-09T15:42:51.1009536+01:00" endTime="2024-01-09T15:42:51.1055792+01:00" testType="13cdc9d9-ddb5-4fa4-a97d-d965ccfc6d4b" outcome="Passed" testListId="8c84fa94-04c1-424b-9868-57a2d4851a1d" relativeResultsDirectory="e4a1e84f-fea1-416b-b15c-3b22f7650778" />
    <UnitTestResult executionId="ef5ab583-664a-494e-9014-d7e99bfa9fa8" testId="d6bdc7fd-af9c-53da-86a3-f932ce9b7c64" testName="Create_ServiceAvailableRule_For_Management_Server_With_State_Handler" computerName="DKSR-EFI-06" duration="00:00:00.0002165" startTime="2024-01-09T15:42:50.2545698+01:00" endTime="2024-01-09T15:42:50.2548464+01:00" testType="13cdc9d9-ddb5-4fa4-a97d-d965ccfc6d4b" outcome="Passed" testListId="8c84fa94-04c1-424b-9868-57a2d4851a1d" relativeResultsDirectory="ef5ab583-664a-494e-9014-d7e99bfa9fa8" />
    <UnitTestResult executionId="294a5c00-be45-4cb2-aed9-35e84a0a3168" testId="46b2e83b-db07-7f29-7324-2744b6f093ee" testName="CounterStateHandler_SetUndefined_StateChange_Handled" computerName="DKSR-EFI-06" duration="00:00:00.0003230" startTime="2024-01-09T15:42:51.1442046+01:00" endTime="2024-01-09T15:42:51.1445900+01:00" testType="13cdc9d9-ddb5-4fa4-a97d-d965ccfc6d4b" outcome="Passed" testListId="8c84fa94-04c1-424b-9868-57a2d4851a1d" relativeResultsDirectory="294a5c00-be45-4cb2-aed9-35e84a0a3168" />
    <UnitTestResult executionId="536b2d1d-b2d3-4b03-8110-12ba94462915" testId="a6b33815-ce76-4c57-3379-877a2c24faac" testName="MultiCounterRule_RegisterPerformanceCounterInstance_RegisterSame_NoRegistration" computerName="DKSR-EFI-06" duration="00:00:00.0001934" startTime="2024-01-09T15:42:51.1597487+01:00" endTime="2024-01-09T15:42:51.1600025+01:00" testType="13cdc9d9-ddb5-4fa4-a97d-d965ccfc6d4b" outcome="Passed" testListId="8c84fa94-04c1-424b-9868-57a2d4851a1d" relativeResultsDirectory="536b2d1d-b2d3-4b03-8110-12ba94462915" />
    <UnitTestResult executionId="80819c2b-ac7b-4a58-8336-0e770147235e" testId="608ef198-a4e8-9cde-63c1-104a7d89c11f" testName="Handle_HandledExceptionTypes_ExceptionReturnedAsResponseAndLogged (System.TimeoutException,The operation has timed out.)" computerName="DKSR-EFI-06" duration="00:00:00.0013517" startTime="2024-01-09T15:42:51.4315952+01:00" endTime="2024-01-09T15:42:51.4384024+01:00" testType="13cdc9d9-ddb5-4fa4-a97d-d965ccfc6d4b" outcome="Passed" testListId="8c84fa94-04c1-424b-9868-57a2d4851a1d" relativeResultsDirectory="80819c2b-ac7b-4a58-8336-0e770147235e" />
    <UnitTestResult executionId="cccd4552-6bd8-4570-b6cf-b4ffb5abb7ee" testId="3866e40a-34af-c2d9-f395-5edf37fcb689" testName="Create_Device_Storage_Counter_Rule_As_CameraUsedSpaceCounterRule" computerName="DKSR-EFI-06" duration="00:00:00.0011002" startTime="2024-01-09T15:42:50.2492271+01:00" endTime="2024-01-09T15:42:50.2504545+01:00" testType="13cdc9d9-ddb5-4fa4-a97d-d965ccfc6d4b" outcome="Passed" testListId="8c84fa94-04c1-424b-9868-57a2d4851a1d" relativeResultsDirectory="cccd4552-6bd8-4570-b6cf-b4ffb5abb7ee" />
    <UnitTestResult executionId="0803b908-6e04-4d39-a395-62aa39a0a937" testId="6498d425-9a73-cef4-376b-3982f8200673" testName="Create_ServiceAvailableRule_For_Recording_Server_With_State_Handler" computerName="DKSR-EFI-06" duration="00:00:00.0002107" startTime="2024-01-09T15:42:50.2548737+01:00" endTime="2024-01-09T15:42:50.2551558+01:00" testType="13cdc9d9-ddb5-4fa4-a97d-d965ccfc6d4b" outcome="Passed" testListId="8c84fa94-04c1-424b-9868-57a2d4851a1d" relativeResultsDirectory="0803b908-6e04-4d39-a395-62aa39a0a937" />
    <UnitTestResult executionId="40a0a0ce-5641-4e4b-8734-9855aedc9709" testId="ac433da5-095a-a970-f950-b93161e691e7" testName="StateSenderService_ExecuteAsync_Exception_Unhandled" computerName="DKSR-EFI-06" duration="00:00:00.0056791" startTime="2024-01-09T15:42:51.0172722+01:00" endTime="2024-01-09T15:42:51.0230677+01:00" testType="13cdc9d9-ddb5-4fa4-a97d-d965ccfc6d4b" outcome="Passed" testListId="8c84fa94-04c1-424b-9868-57a2d4851a1d" relativeResultsDirectory="40a0a0ce-5641-4e4b-8734-9855aedc9709" />
    <UnitTestResult executionId="2e92f6ad-6d7a-4377-bbed-8218b2a57466" testId="72cdffd8-350e-81bf-6816-2e8d98e04c4e" testName="TestWarningToCritical_CriticalIsLow" computerName="DKSR-EFI-06" duration="00:00:00.0004654" startTime="2024-01-09T15:42:50.2970811+01:00" endTime="2024-01-09T15:42:50.2976103+01:00" testType="13cdc9d9-ddb5-4fa4-a97d-d965ccfc6d4b" outcome="Passed" testListId="8c84fa94-04c1-424b-9868-57a2d4851a1d" relativeResultsDirectory="2e92f6ad-6d7a-4377-bbed-8218b2a57466" />
    <UnitTestResult executionId="5f5a20e1-8937-458a-a027-97116986ee0d" testId="7c3121e2-2b1a-e95b-e7f0-3a2ea5b47d13" testName="ReportGpuCounterInstancesService_ExecuteAsync_HasHACapability_True_Success" computerName="DKSR-EFI-06" duration="00:00:00.2143305" startTime="2024-01-09T15:42:50.6902343+01:00" endTime="2024-01-09T15:42:50.9047871+01:00" testType="13cdc9d9-ddb5-4fa4-a97d-d965ccfc6d4b" outcome="Passed" testListId="8c84fa94-04c1-424b-9868-57a2d4851a1d" relativeResultsDirectory="5f5a20e1-8937-458a-a027-97116986ee0d" />
    <UnitTestResult executionId="8495e4e0-b192-4449-b7be-ab64e10e417b" testId="501b3afd-891d-01d1-7a92-e41cec9b0325" testName="GrpcProfile_Convert_PerformanceCounterInstance_From_gRPC (SingleInstance,CounterDelta64,SingleInstance,CounterDelta64)" computerName="DKSR-EFI-06" duration="00:00:00.0415622" startTime="2024-01-09T15:42:36.3765999+01:00" endTime="2024-01-09T15:42:36.4248335+01:00" testType="13cdc9d9-ddb5-4fa4-a97d-d965ccfc6d4b" outcome="Passed" testListId="8c84fa94-04c1-424b-9868-57a2d4851a1d" relativeResultsDirectory="8495e4e0-b192-4449-b7be-ab64e10e417b" />
    <UnitTestResult executionId="1854d98c-a2bc-4c0f-b58e-0ec1ebc7ced5" testId="e77305d9-e2f9-73a0-94c7-e2dbee0f0dd9" testName="GrpcProfile_Convert_PerformanceCounterInstance_To_gRPC (SingleInstance,RawFraction,SingleInstance,RawFraction)" computerName="DKSR-EFI-06" duration="00:00:00.0063880" startTime="2024-01-09T15:42:37.0408131+01:00" endTime="2024-01-09T15:42:37.0474527+01:00" testType="13cdc9d9-ddb5-4fa4-a97d-d965ccfc6d4b" outcome="Passed" testListId="8c84fa94-04c1-424b-9868-57a2d4851a1d" relativeResultsDirectory="1854d98c-a2bc-4c0f-b58e-0ec1ebc7ced5" />
    <UnitTestResult executionId="5665bb9f-e8d8-4dab-a6d0-23187351528a" testId="e9f1c1a8-4fbe-23d5-2cee-ebf385917927" testName="SampleRulesService_Publish_Success" computerName="DKSR-EFI-06" duration="00:00:00.0213303" startTime="2024-01-09T15:42:50.9501899+01:00" endTime="2024-01-09T15:42:50.9717412+01:00" testType="13cdc9d9-ddb5-4fa4-a97d-d965ccfc6d4b" outcome="Passed" testListId="8c84fa94-04c1-424b-9868-57a2d4851a1d" relativeResultsDirectory="5665bb9f-e8d8-4dab-a6d0-23187351528a" />
    <UnitTestResult executionId="f22ed5ae-bcdb-411c-91f5-ccea68e5bf98" testId="db977ff5-3e02-23c6-904c-9a2d2e831d89" testName="GrpcProfile_Convert_PerformanceCounterInstance_To_gRPC (SingleInstance,CounterMultiTimer100NsInverse,SingleInstance,CounterMultiTimer100NsInverse)" computerName="DKSR-EFI-06" duration="00:00:00.0059877" startTime="2024-01-09T15:42:36.9334340+01:00" endTime="2024-01-09T15:42:36.9396819+01:00" testType="13cdc9d9-ddb5-4fa4-a97d-d965ccfc6d4b" outcome="Passed" testListId="8c84fa94-04c1-424b-9868-57a2d4851a1d" relativeResultsDirectory="f22ed5ae-bcdb-411c-91f5-ccea68e5bf98" />
    <UnitTestResult executionId="6360e5bc-7f7e-4e52-af04-e4c610461210" testId="034360b6-bdda-3bbe-7bbe-d9a1eb75e006" testName="GrpcProfile_Convert_PerformanceCounterInstance_To_gRPC (SingleInstance,SampleCounter,SingleInstance,SampleCounter)" computerName="DKSR-EFI-06" duration="00:00:00.0079332" startTime="2024-01-09T15:42:37.0534682+01:00" endTime="2024-01-09T15:42:37.0616213+01:00" testType="13cdc9d9-ddb5-4fa4-a97d-d965ccfc6d4b" outcome="Passed" testListId="8c84fa94-04c1-424b-9868-57a2d4851a1d" relativeResultsDirectory="6360e5bc-7f7e-4e52-af04-e4c610461210" />
    <UnitTestResult executionId="dea981ac-f45c-4164-9ccf-61c7d515158b" testId="aa5f118d-7a47-88ce-95f2-29165c045558" testName="GrpcProfile_Convert_PerformanceCounterValue_To_gRPC" computerName="DKSR-EFI-06" duration="00:00:00.0132619" startTime="2024-01-09T15:42:36.2002352+01:00" endTime="2024-01-09T15:42:36.2136841+01:00" testType="13cdc9d9-ddb5-4fa4-a97d-d965ccfc6d4b" outcome="Passed" testListId="8c84fa94-04c1-424b-9868-57a2d4851a1d" relativeResultsDirectory="dea981ac-f45c-4164-9ccf-61c7d515158b" />
    <UnitTestResult executionId="fbea1d1f-ef11-441b-be26-85ca8b240ce5" testId="a28972f1-4b0a-6439-572f-82325ae44184" testName="CounterRule_Samples_When_Recording_Server_Is_Down" computerName="DKSR-EFI-06" duration="00:00:00.0024209" startTime="2024-01-09T15:42:50.3065023+01:00" endTime="2024-01-09T15:42:50.3090152+01:00" testType="13cdc9d9-ddb5-4fa4-a97d-d965ccfc6d4b" outcome="Passed" testListId="8c84fa94-04c1-424b-9868-57a2d4851a1d" relativeResultsDirectory="fbea1d1f-ef11-441b-be26-85ca8b240ce5" />
    <UnitTestResult executionId="8f217a5b-b3fa-4313-81d5-6cb123d58d5c" testId="bb3f045e-d659-9ddf-2c1a-5dad5813144a" testName="RecordingServerChangeStateEventHandler_Handle_Up_Success" computerName="DKSR-EFI-06" duration="00:00:00.0173870" startTime="2024-01-09T15:42:50.3534992+01:00" endTime="2024-01-09T15:42:50.3710913+01:00" testType="13cdc9d9-ddb5-4fa4-a97d-d965ccfc6d4b" outcome="Passed" testListId="8c84fa94-04c1-424b-9868-57a2d4851a1d" relativeResultsDirectory="8f217a5b-b3fa-4313-81d5-6cb123d58d5c" />
    <UnitTestResult executionId="98128caa-1660-4728-b88a-490fc75c33c4" testId="e30f4220-e45f-e69e-75dc-dcede3a92135" testName="Validate_Processor_Counter" computerName="DKSR-EFI-06" duration="00:00:00.0001926" startTime="2024-01-09T15:42:50.2527504+01:00" endTime="2024-01-09T15:42:50.2530103+01:00" testType="13cdc9d9-ddb5-4fa4-a97d-d965ccfc6d4b" outcome="Passed" testListId="8c84fa94-04c1-424b-9868-57a2d4851a1d" relativeResultsDirectory="98128caa-1660-4728-b88a-490fc75c33c4" />
    <UnitTestResult executionId="913036de-0512-44db-9a32-2a7ab9fdb6ce" testId="88381ce7-97ca-c5ca-4f1b-504641de094f" testName="BatchSenderService_ExecuteAsync_Exception_Unhandled" computerName="DKSR-EFI-06" duration="00:00:00.0122101" startTime="2024-01-09T15:42:50.5459474+01:00" endTime="2024-01-09T15:42:50.5582942+01:00" testType="13cdc9d9-ddb5-4fa4-a97d-d965ccfc6d4b" outcome="Passed" testListId="8c84fa94-04c1-424b-9868-57a2d4851a1d" relativeResultsDirectory="913036de-0512-44db-9a32-2a7ab9fdb6ce" />
    <UnitTestResult executionId="529ab465-18ee-4430-ac4d-2a8d8fd1884d" testId="d76f2722-611b-b8d4-64e0-afa31d61aa8d" testName="RecordingServerChangeStateEventHandler_Handle_Down_Success" computerName="DKSR-EFI-06" duration="00:00:00.0016589" startTime="2024-01-09T15:42:50.3711566+01:00" endTime="2024-01-09T15:42:50.3729452+01:00" testType="13cdc9d9-ddb5-4fa4-a97d-d965ccfc6d4b" outcome="Passed" testListId="8c84fa94-04c1-424b-9868-57a2d4851a1d" relativeResultsDirectory="529ab465-18ee-4430-ac4d-2a8d8fd1884d" />
    <UnitTestResult executionId="148fef3d-8478-4c87-b16c-82522cffd8f8" testId="bc7a6746-09d5-a99f-a17e-c1262fb2d460" testName="BackOffFactory_Create_Success" computerName="DKSR-EFI-06" duration="00:00:00.0016192" startTime="2024-01-09T15:42:51.5949092+01:00" endTime="2024-01-09T15:42:51.5967538+01:00" testType="13cdc9d9-ddb5-4fa4-a97d-d965ccfc6d4b" outcome="Passed" testListId="8c84fa94-04c1-424b-9868-57a2d4851a1d" relativeResultsDirectory="148fef3d-8478-4c87-b16c-82522cffd8f8" />
    <UnitTestResult executionId="1a26c6fb-144d-4b02-9862-7157b765c11a" testId="fac856fb-4a32-4b8a-2e63-7ece65685584" testName="TestWarningToCritical" computerName="DKSR-EFI-06" duration="00:00:00.0004790" startTime="2024-01-09T15:42:50.2922001+01:00" endTime="2024-01-09T15:42:50.2927522+01:00" testType="13cdc9d9-ddb5-4fa4-a97d-d965ccfc6d4b" outcome="Passed" testListId="8c84fa94-04c1-424b-9868-57a2d4851a1d" relativeResultsDirectory="1a26c6fb-144d-4b02-9862-7157b765c11a" />
    <UnitTestResult executionId="c6898143-2469-4842-b745-61c2804a6d98" testId="b67f4cb0-e1c6-6106-cf1a-6fe905edb531" testName="GrpcProfile_Convert_PerformanceCounterInstance_From_gRPC (SingleInstance,Timer100Ns,SingleInstance,Timer100Ns)" computerName="DKSR-EFI-06" duration="00:00:00.0063425" startTime="2024-01-09T15:42:36.6395402+01:00" endTime="2024-01-09T15:42:36.6461179+01:00" testType="13cdc9d9-ddb5-4fa4-a97d-d965ccfc6d4b" outcome="Passed" testListId="8c84fa94-04c1-424b-9868-57a2d4851a1d" relativeResultsDirectory="c6898143-2469-4842-b745-61c2804a6d98" />
    <UnitTestResult executionId="b6edd909-705a-4dce-8d1e-433ebcd41eeb" testId="6f0027e6-2d23-3860-4e66-6c04d1e16547" testName="MultiCounterRule_AddStateChanged_StateChangeSend" computerName="DKSR-EFI-06" duration="00:00:00.0013796" startTime="2024-01-09T15:42:51.1549378+01:00" endTime="2024-01-09T15:42:51.1564122+01:00" testType="13cdc9d9-ddb5-4fa4-a97d-d965ccfc6d4b" outcome="Passed" testListId="8c84fa94-04c1-424b-9868-57a2d4851a1d" relativeResultsDirectory="b6edd909-705a-4dce-8d1e-433ebcd41eeb" />
    <UnitTestResult executionId="c1398301-253f-4592-b529-a67dbb6ba64f" testId="96693d87-53dd-3cda-caaf-dfa14ec23550" testName="TestNormalToWarning" computerName="DKSR-EFI-06" duration="00:00:00.0007479" startTime="2024-01-09T15:42:50.2906934+01:00" endTime="2024-01-09T15:42:50.2915510+01:00" testType="13cdc9d9-ddb5-4fa4-a97d-d965ccfc6d4b" outcome="Passed" testListId="8c84fa94-04c1-424b-9868-57a2d4851a1d" relativeResultsDirectory="c1398301-253f-4592-b529-a67dbb6ba64f" />
    <UnitTestResult executionId="e583b7e8-a9c7-4065-9a0b-df6bd7868502" testId="b51dd777-21e7-f817-0775-fa8f5402ffc9" testName="ExponentialBackOff_Delay_MsBelowMax_Success" computerName="DKSR-EFI-06" duration="00:00:00.0067788" startTime="2024-01-09T15:42:51.5967972+01:00" endTime="2024-01-09T15:42:51.6037569+01:00" testType="13cdc9d9-ddb5-4fa4-a97d-d965ccfc6d4b" outcome="Passed" testListId="8c84fa94-04c1-424b-9868-57a2d4851a1d" relativeResultsDirectory="e583b7e8-a9c7-4065-9a0b-df6bd7868502" />
    <UnitTestResult executionId="de1aec0d-4e59-4dce-b783-800c2e1c6b06" testId="2ffead77-bba4-f54f-701c-acded9db212b" testName="LoggingBehaviour_Handle_InformationIsLogged" computerName="DKSR-EFI-06" duration="00:00:00.0351176" startTime="2024-01-09T15:42:51.3619845+01:00" endTime="2024-01-09T15:42:51.3972151+01:00" testType="13cdc9d9-ddb5-4fa4-a97d-d965ccfc6d4b" outcome="Passed" testListId="8c84fa94-04c1-424b-9868-57a2d4851a1d" relativeResultsDirectory="de1aec0d-4e59-4dce-b783-800c2e1c6b06" />
    <UnitTestResult executionId="f8144299-8887-439b-8ff0-521561cb7790" testId="2a7f8231-b852-378b-7c94-8113173366a4" testName="Handle_RuleConfigurationNotEmpty_EventPublished" computerName="DKSR-EFI-06" duration="00:00:00.0023292" startTime="2024-01-09T15:42:51.1286334+01:00" endTime="2024-01-09T15:42:51.1310720+01:00" testType="13cdc9d9-ddb5-4fa4-a97d-d965ccfc6d4b" outcome="Passed" testListId="8c84fa94-04c1-424b-9868-57a2d4851a1d" relativeResultsDirectory="f8144299-8887-439b-8ff0-521561cb7790" />
    <UnitTestResult executionId="7a5c9053-e111-4393-a254-e59ba6ec5636" testId="7c9912fc-fdd5-7b09-51bd-b1038fc64cc6" testName="Handle_RequestPropertiesSet_BackOffCreatedWithValuesFromRequest" computerName="DKSR-EFI-06" duration="00:00:00.0007046" startTime="2024-01-09T15:42:51.4266081+01:00" endTime="2024-01-09T15:42:51.4274059+01:00" testType="13cdc9d9-ddb5-4fa4-a97d-d965ccfc6d4b" outcome="Passed" testListId="8c84fa94-04c1-424b-9868-57a2d4851a1d" relativeResultsDirectory="7a5c9053-e111-4393-a254-e59ba6ec5636" />
    <UnitTestResult executionId="4aa79273-99ca-4552-9ab1-5167cfee551b" testId="68042b81-eebd-c698-482b-28179492c77c" testName="GrpcProfile_Convert_PerformanceCounterInstance_To_gRPC (SingleInstance,CounterMultiBase,SingleInstance,CounterMultiBase)" computerName="DKSR-EFI-06" duration="00:00:00.0461278" startTime="2024-01-09T15:42:36.8479984+01:00" endTime="2024-01-09T15:42:36.8946387+01:00" testType="13cdc9d9-ddb5-4fa4-a97d-d965ccfc6d4b" outcome="Passed" testListId="8c84fa94-04c1-424b-9868-57a2d4851a1d" relativeResultsDirectory="4aa79273-99ca-4552-9ab1-5167cfee551b" />
    <UnitTestResult executionId="42b94fea-f9ae-467c-8f7a-9d718df1179e" testId="fb6c8f49-2b3c-65bb-8aa5-9f20202a8bad" testName="GrpcProfile_Convert_CounterStateRulesConfigurationUpdate_From_gRPC" computerName="DKSR-EFI-06" duration="00:00:00.0171150" startTime="2024-01-09T15:42:37.1262025+01:00" endTime="2024-01-09T15:42:37.1435195+01:00" testType="13cdc9d9-ddb5-4fa4-a97d-d965ccfc6d4b" outcome="Passed" testListId="8c84fa94-04c1-424b-9868-57a2d4851a1d" relativeResultsDirectory="42b94fea-f9ae-467c-8f7a-9d718df1179e" />
    <UnitTestResult executionId="a86b2ecc-8ab8-47f6-b4ad-fd244ddc2d4c" testId="d32807a0-18bf-e363-b8f7-08aa01fd4c90" testName="GrpcProfile_Convert_PerformanceCounterInstance_To_gRPC (SingleInstance,NumberOfItemsHex32,SingleInstance,NumberOfItemsHEX32)" computerName="DKSR-EFI-06" duration="00:00:00.0069034" startTime="2024-01-09T15:42:37.0022043+01:00" endTime="2024-01-09T15:42:37.0093769+01:00" testType="13cdc9d9-ddb5-4fa4-a97d-d965ccfc6d4b" outcome="Passed" testListId="8c84fa94-04c1-424b-9868-57a2d4851a1d" relativeResultsDirectory="a86b2ecc-8ab8-47f6-b4ad-fd244ddc2d4c" />
    <UnitTestResult executionId="ff324a06-3516-4c55-a970-97b7de7fa70b" testId="6134293d-a644-1c40-8061-b278335b8825" testName="RegisterServiceApplicationsServerCommandHandler_Handle_NonCluster_Success" computerName="DKSR-EFI-06" duration="00:00:00.0056384" startTime="2024-01-09T15:42:51.3424143+01:00" endTime="2024-01-09T15:42:51.3482585+01:00" testType="13cdc9d9-ddb5-4fa4-a97d-d965ccfc6d4b" outcome="Passed" testListId="8c84fa94-04c1-424b-9868-57a2d4851a1d" relativeResultsDirectory="ff324a06-3516-4c55-a970-97b7de7fa70b" />
    <UnitTestResult executionId="0d6558d9-6ce0-4300-9fc4-c717450479ff" testId="0e966d22-8737-f92f-feb5-a6ddc1e04600" testName="GrpcProfile_Convert_PerformanceCounterInstance_To_gRPC (SingleInstance,Timer100NsInverse,SingleInstance,Timer100NsInverse)" computerName="DKSR-EFI-06" duration="00:00:00.0066976" startTime="2024-01-09T15:42:37.1191522+01:00" endTime="2024-01-09T15:42:37.1261160+01:00" testType="13cdc9d9-ddb5-4fa4-a97d-d965ccfc6d4b" outcome="Passed" testListId="8c84fa94-04c1-424b-9868-57a2d4851a1d" relativeResultsDirectory="0d6558d9-6ce0-4300-9fc4-c717450479ff" />
    <UnitTestResult executionId="10e2f3bb-017b-407a-89d4-6336cc336330" testId="9e369bf3-0ebf-a8e5-c342-744922210708" testName="ConfigurationRefreshService_ExecuteAsync_ConfigurationInError_LoggingOrPublishNotCalled_Success" computerName="DKSR-EFI-06" duration="00:00:00.0084378" startTime="2024-01-09T15:42:50.6278039+01:00" endTime="2024-01-09T15:42:50.6363786+01:00" testType="13cdc9d9-ddb5-4fa4-a97d-d965ccfc6d4b" outcome="Passed" testListId="8c84fa94-04c1-424b-9868-57a2d4851a1d" relativeResultsDirectory="10e2f3bb-017b-407a-89d4-6336cc336330" />
    <UnitTestResult executionId="aa6f35cf-4a43-4c09-98d5-1ffbcdac7559" testId="fa91fceb-6fe9-2942-fc60-f63934d304fe" testName="ServiceAvailableRule_Sends_State_Changes_When_Management_Server_Is_Down" computerName="DKSR-EFI-06" duration="00:00:00.0018994" startTime="2024-01-09T15:42:50.3427246+01:00" endTime="2024-01-09T15:42:50.3447468+01:00" testType="13cdc9d9-ddb5-4fa4-a97d-d965ccfc6d4b" outcome="Passed" testListId="8c84fa94-04c1-424b-9868-57a2d4851a1d" relativeResultsDirectory="aa6f35cf-4a43-4c09-98d5-1ffbcdac7559" />
    <UnitTestResult executionId="3db90dc0-f227-4699-8d96-79990cad0770" testId="9a274afc-7c65-364f-b04d-27e30f5d25d5" testName="CameraCounterRule_Send_Camera_State_Changes_And_Block_When_Recording_Server_Is_Down" computerName="DKSR-EFI-06" duration="00:00:00.0039671" startTime="2024-01-09T15:42:50.2563229+01:00" endTime="2024-01-09T15:42:50.2605091+01:00" testType="13cdc9d9-ddb5-4fa4-a97d-d965ccfc6d4b" outcome="Passed" testListId="8c84fa94-04c1-424b-9868-57a2d4851a1d" relativeResultsDirectory="3db90dc0-f227-4699-8d96-79990cad0770" />
    <UnitTestResult executionId="47f8dfd7-5680-4679-a249-44874f13ae22" testId="67bdc5fd-2370-0688-bc92-8ae9f6c3f27c" testName="GrpcProfile_Convert_PerformanceCounterInstance_To_gRPC (SingleInstance,CounterTimerInverse,SingleInstance,CounterTimerInverse)" computerName="DKSR-EFI-06" duration="00:00:00.0076769" startTime="2024-01-09T15:42:36.9547675+01:00" endTime="2024-01-09T15:42:36.9627145+01:00" testType="13cdc9d9-ddb5-4fa4-a97d-d965ccfc6d4b" outcome="Passed" testListId="8c84fa94-04c1-424b-9868-57a2d4851a1d" relativeResultsDirectory="47f8dfd7-5680-4679-a249-44874f13ae22" />
    <UnitTestResult executionId="6082bded-5daa-4916-a77b-a5694f53040a" testId="26d04dae-a714-31ae-f9e0-6f6175c8d7f6" testName="Create_Processor_Counter_Rule_As_CounterRule" computerName="DKSR-EFI-06" duration="00:00:00.0011582" startTime="2024-01-09T15:42:50.2442996+01:00" endTime="2024-01-09T15:42:50.2455725+01:00" testType="13cdc9d9-ddb5-4fa4-a97d-d965ccfc6d4b" outcome="Passed" testListId="8c84fa94-04c1-424b-9868-57a2d4851a1d" relativeResultsDirectory="6082bded-5daa-4916-a77b-a5694f53040a" />
    <UnitTestResult executionId="56ec5959-5308-492d-aa61-da08f5f188ff" testId="29e0c1b2-f542-e4f9-3424-949234e72d8f" testName="GrpcProfile_Convert_PerformanceCounterInstance_To_gRPC (SingleInstance,AverageBase,SingleInstance,AverageBase)" computerName="DKSR-EFI-06" duration="00:00:00.0109106" startTime="2024-01-09T15:42:36.6528199+01:00" endTime="2024-01-09T15:42:36.6639937+01:00" testType="13cdc9d9-ddb5-4fa4-a97d-d965ccfc6d4b" outcome="Passed" testListId="8c84fa94-04c1-424b-9868-57a2d4851a1d" relativeResultsDirectory="56ec5959-5308-492d-aa61-da08f5f188ff" />
    <UnitTestResult executionId="7ce21d47-5d41-4dd6-8046-41f98c3fc665" testId="2c1ddd0c-710c-87da-a950-4b1a1388e8cb" testName="GrpcProfile_Convert_PerformanceCounterInstance_To_gRPC (SingleInstance,CountPerTimeInterval32,SingleInstance,CountPerTimeInterval32)" computerName="DKSR-EFI-06" duration="00:00:00.0126163" startTime="2024-01-09T15:42:36.9627902+01:00" endTime="2024-01-09T15:42:36.9783004+01:00" testType="13cdc9d9-ddb5-4fa4-a97d-d965ccfc6d4b" outcome="Passed" testListId="8c84fa94-04c1-424b-9868-57a2d4851a1d" relativeResultsDirectory="7ce21d47-5d41-4dd6-8046-41f98c3fc665" />
    <UnitTestResult executionId="0e205176-1dc5-4614-8686-949d31e2af00" testId="0b688bcd-789b-9be8-d09e-499c961bd669" testName="TestGetSampleOk" computerName="DKSR-EFI-06" duration="00:00:12.4330095" startTime="2024-01-09T15:42:37.5993314+01:00" endTime="2024-01-09T15:42:50.0326511+01:00" testType="13cdc9d9-ddb5-4fa4-a97d-d965ccfc6d4b" outcome="Passed" testListId="8c84fa94-04c1-424b-9868-57a2d4851a1d" relativeResultsDirectory="0e205176-1dc5-4614-8686-949d31e2af00" />
    <UnitTestResult executionId="2e0e7805-958f-42ac-ae92-11f1fb4c3d2a" testId="1ef5af88-3ed0-721e-c173-130f958f2565" testName="Handle_ExceptionCaughtAndReturnedAsResponse" computerName="DKSR-EFI-06" duration="00:00:00.0029688" startTime="2024-01-09T15:42:51.4384455+01:00" endTime="2024-01-09T15:42:51.4415001+01:00" testType="13cdc9d9-ddb5-4fa4-a97d-d965ccfc6d4b" outcome="Passed" testListId="8c84fa94-04c1-424b-9868-57a2d4851a1d" relativeResultsDirectory="2e0e7805-958f-42ac-ae92-11f1fb4c3d2a" />
    <UnitTestResult executionId="93a1df01-d5b3-4ca7-827b-ae3d91131a02" testId="5cfb632f-dd3c-81bd-0afd-f96e4c508aeb" testName="GetState_ChangesFromWarningToNormalWithoutLatency_On0AsLatency" computerName="DKSR-EFI-06" duration="00:00:00.0017184" startTime="2024-01-09T15:42:50.2976369+01:00" endTime="2024-01-09T15:42:50.2994241+01:00" testType="13cdc9d9-ddb5-4fa4-a97d-d965ccfc6d4b" outcome="Passed" testListId="8c84fa94-04c1-424b-9868-57a2d4851a1d" relativeResultsDirectory="93a1df01-d5b3-4ca7-827b-ae3d91131a02" />
    <UnitTestResult executionId="56765d75-57dd-42e3-a9d5-458def086791" testId="094c18ff-1ac5-67b6-340f-524f4ba187be" testName="GrpcProfile_Convert_PerformanceCounterInstance_From_gRPC (SingleInstance,NumberOfItemsHex32,SingleInstance,NumberOfItemsHEX32)" computerName="DKSR-EFI-06" duration="00:00:00.0105656" startTime="2024-01-09T15:42:36.5526379+01:00" endTime="2024-01-09T15:42:36.5634633+01:00" testType="13cdc9d9-ddb5-4fa4-a97d-d965ccfc6d4b" outcome="Passed" testListId="8c84fa94-04c1-424b-9868-57a2d4851a1d" relativeResultsDirectory="56765d75-57dd-42e3-a9d5-458def086791" />
    <UnitTestResult executionId="475516cf-1b87-4bcf-a7dc-07529ff10cbe" testId="33516d0f-6a16-2f06-cb98-b58dee59bb79" testName="SendBatchToServerServerCommandHandler_Handle_Success" computerName="DKSR-EFI-06" duration="00:00:00.0040605" startTime="2024-01-09T15:42:51.0231216+01:00" endTime="2024-01-09T15:42:51.0273900+01:00" testType="13cdc9d9-ddb5-4fa4-a97d-d965ccfc6d4b" outcome="Passed" testListId="8c84fa94-04c1-424b-9868-57a2d4851a1d" relativeResultsDirectory="475516cf-1b87-4bcf-a7dc-07529ff10cbe" />
    <UnitTestResult executionId="ca95a691-17a8-4fa6-95c6-a84836a63725" testId="d2f14a59-e1ab-f2f6-0e94-ad118426c40f" testName="RecordingServerChangeStateEventHandler_Handle_DomainNotification_Published_Success" computerName="DKSR-EFI-06" duration="00:00:00.0095158" startTime="2024-01-09T15:42:50.3729966+01:00" endTime="2024-01-09T15:42:50.3826500+01:00" testType="13cdc9d9-ddb5-4fa4-a97d-d965ccfc6d4b" outcome="Passed" testListId="8c84fa94-04c1-424b-9868-57a2d4851a1d" relativeResultsDirectory="ca95a691-17a8-4fa6-95c6-a84836a63725" />
    <UnitTestResult executionId="b13eafee-e44d-48f0-8b9b-8fb5b909bbeb" testId="f5cd4d58-c831-279b-1a11-52e5bac602d4" testName="TestGetSampleSameSample" computerName="DKSR-EFI-06" duration="00:00:00.0168345" startTime="2024-01-09T15:42:50.1719963+01:00" endTime="2024-01-09T15:42:50.1890036+01:00" testType="13cdc9d9-ddb5-4fa4-a97d-d965ccfc6d4b" outcome="Passed" testListId="8c84fa94-04c1-424b-9868-57a2d4851a1d" relativeResultsDirectory="b13eafee-e44d-48f0-8b9b-8fb5b909bbeb" />
    <UnitTestResult executionId="dcc20dd4-66a7-4f5e-b33f-6d4cb95949ff" testId="627bcb52-27e1-2fb6-1284-56d0b1585a31" testName="GrpcProfile_Convert_PerformanceCounterInstance_From_gRPC (SingleInstance,AverageTimer32,SingleInstance,AverageTimer32)" computerName="DKSR-EFI-06" duration="00:00:00.0104637" startTime="2024-01-09T15:42:36.2833962+01:00" endTime="2024-01-09T15:42:36.2944038+01:00" testType="13cdc9d9-ddb5-4fa4-a97d-d965ccfc6d4b" outcome="Passed" testListId="8c84fa94-04c1-424b-9868-57a2d4851a1d" relativeResultsDirectory="dcc20dd4-66a7-4f5e-b33f-6d4cb95949ff" />
    <UnitTestResult executionId="1d338eb4-ef89-4358-ad75-cefc7e942927" testId="0c0b0a59-8540-bbe5-4fa1-1cc8a6e44343" testName="Create_Device_Counter_Rule_As_CameraCounterRule" computerName="DKSR-EFI-06" duration="00:00:00.0009911" startTime="2024-01-09T15:42:50.2469474+01:00" endTime="2024-01-09T15:42:50.2480202+01:00" testType="13cdc9d9-ddb5-4fa4-a97d-d965ccfc6d4b" outcome="Passed" testListId="8c84fa94-04c1-424b-9868-57a2d4851a1d" relativeResultsDirectory="1d338eb4-ef89-4358-ad75-cefc7e942927" />
    <UnitTestResult executionId="35e87649-d773-416e-8015-a06329ffa917" testId="d4b10c46-fe20-fe74-bfda-43b5533ad071" testName="DeleteNonActiveStatesServerCommandHandler_Handle_Success" computerName="DKSR-EFI-06" duration="00:00:00.0033105" startTime="2024-01-09T15:42:51.1311092+01:00" endTime="2024-01-09T15:42:51.1345905+01:00" testType="13cdc9d9-ddb5-4fa4-a97d-d965ccfc6d4b" outcome="Passed" testListId="8c84fa94-04c1-424b-9868-57a2d4851a1d" relativeResultsDirectory="35e87649-d773-416e-8015-a06329ffa917" />
    <UnitTestResult executionId="ea24f7be-ff5d-4a8e-89e2-41e6e28da687" testId="ec5cec1c-1898-9c95-7c84-4b3816bfa27e" testName="GrpcProfile_Convert_PerformanceCounterInstance_To_gRPC (Unknown,AverageBase,Unknown,AverageBase)" computerName="DKSR-EFI-06" duration="00:00:00.0778408" startTime="2024-01-09T15:42:36.6739362+01:00" endTime="2024-01-09T15:42:36.7520496+01:00" testType="13cdc9d9-ddb5-4fa4-a97d-d965ccfc6d4b" outcome="Passed" testListId="8c84fa94-04c1-424b-9868-57a2d4851a1d" relativeResultsDirectory="ea24f7be-ff5d-4a8e-89e2-41e6e28da687" />
    <UnitTestResult executionId="d951633a-2d9a-491d-8cb0-39a5a095723a" testId="243223cf-7bda-05c7-8393-edd6d3749d8b" testName="Handle_RetryMultipleTimes_ExceptionsReturnedAsResponse" computerName="DKSR-EFI-06" duration="00:00:00.0099576" startTime="2024-01-09T15:42:51.4415348+01:00" endTime="2024-01-09T15:42:51.4515805+01:00" testType="13cdc9d9-ddb5-4fa4-a97d-d965ccfc6d4b" outcome="Passed" testListId="8c84fa94-04c1-424b-9868-57a2d4851a1d" relativeResultsDirectory="d951633a-2d9a-491d-8cb0-39a5a095723a" />
    <UnitTestResult executionId="8e9d6c35-d76f-4aae-b74a-b253e751bdfa" testId="5d3c4c8b-bf74-ec32-c105-ee7b4c2fd241" testName="GrpcProfile_Convert_PerformanceCounterInstance_From_gRPC (SingleInstance,SampleFraction,SingleInstance,SampleFraction)" computerName="DKSR-EFI-06" duration="00:00:00.0064663" startTime="2024-01-09T15:42:36.6327653+01:00" endTime="2024-01-09T15:42:36.6394713+01:00" testType="13cdc9d9-ddb5-4fa4-a97d-d965ccfc6d4b" outcome="Passed" testListId="8c84fa94-04c1-424b-9868-57a2d4851a1d" relativeResultsDirectory="8e9d6c35-d76f-4aae-b74a-b253e751bdfa" />
    <UnitTestResult executionId="048d2d18-6d3f-4b3f-9086-5bf7efbd3b6c" testId="89b23d40-2950-788c-425e-fab1cb266534" testName="GrpcProfile_Convert_PerformanceCounterInstance_From_gRPC (SingleInstance,CountPerTimeInterval32,SingleInstance,CountPerTimeInterval32)" computerName="DKSR-EFI-06" duration="00:00:00.0126203" startTime="2024-01-09T15:42:36.5127353+01:00" endTime="2024-01-09T15:42:36.5255874+01:00" testType="13cdc9d9-ddb5-4fa4-a97d-d965ccfc6d4b" outcome="Passed" testListId="8c84fa94-04c1-424b-9868-57a2d4851a1d" relativeResultsDirectory="048d2d18-6d3f-4b3f-9086-5bf7efbd3b6c" />
    <UnitTestResult executionId="03ac33d0-aa30-4b7d-b9e4-cae12566cb00" testId="a5089916-ea1c-a1cc-e0f5-18a97b5b7f65" testName="GetConfigurationServerQueryHandler_Handle_Success" computerName="DKSR-EFI-06" duration="00:00:00.0023586" startTime="2024-01-09T15:42:51.1738748+01:00" endTime="2024-01-09T15:42:51.1764184+01:00" testType="13cdc9d9-ddb5-4fa4-a97d-d965ccfc6d4b" outcome="Passed" testListId="8c84fa94-04c1-424b-9868-57a2d4851a1d" relativeResultsDirectory="03ac33d0-aa30-4b7d-b9e4-cae12566cb00" />
    <UnitTestResult executionId="05ec045b-3d8f-4f5c-9941-df24409d36de" testId="713ab134-8d26-cddb-d52c-0b0b76b02879" testName="GetState_ShouldBeWarning_OnCurrentCriticalAndValueAboveThresholdLatency" computerName="DKSR-EFI-06" duration="00:00:00.0005906" startTime="2024-01-09T15:42:50.3039172+01:00" endTime="2024-01-09T15:42:50.3045765+01:00" testType="13cdc9d9-ddb5-4fa4-a97d-d965ccfc6d4b" outcome="Passed" testListId="8c84fa94-04c1-424b-9868-57a2d4851a1d" relativeResultsDirectory="05ec045b-3d8f-4f5c-9941-df24409d36de" />
    <UnitTestResult executionId="0964e5e0-081b-4541-bfeb-b21acb6da700" testId="d65252de-461f-ccea-114c-fab4428a484c" testName="TestCriticalNotToWarning" computerName="DKSR-EFI-06" duration="00:00:00.0005811" startTime="2024-01-09T15:42:50.2946709+01:00" endTime="2024-01-09T15:42:50.2953450+01:00" testType="13cdc9d9-ddb5-4fa4-a97d-d965ccfc6d4b" outcome="Passed" testListId="8c84fa94-04c1-424b-9868-57a2d4851a1d" relativeResultsDirectory="0964e5e0-081b-4541-bfeb-b21acb6da700" />
    <UnitTestResult executionId="5f303fb9-6143-4b61-a7be-7214112da79d" testId="7ee27406-405d-c8a3-231c-fab6d5b4536c" testName="GrpcProfile_Convert_PerformanceCounterInstance_To_gRPC (SingleInstance,NumberOfItemsHex64,SingleInstance,NumberOfItemsHEX64)" computerName="DKSR-EFI-06" duration="00:00:00.0068516" startTime="2024-01-09T15:42:37.0095221+01:00" endTime="2024-01-09T15:42:37.0166691+01:00" testType="13cdc9d9-ddb5-4fa4-a97d-d965ccfc6d4b" outcome="Passed" testListId="8c84fa94-04c1-424b-9868-57a2d4851a1d" relativeResultsDirectory="5f303fb9-6143-4b61-a7be-7214112da79d" />
    <UnitTestResult executionId="44cd4663-f81f-43c4-a2eb-f36d9cfc2592" testId="a57992b3-5cc9-5e35-7dde-34b569e14944" testName="GrpcProfile_Convert_PerformanceCounterInstance_From_gRPC (SingleInstance,CounterMultiTimer,SingleInstance,CounterMultiTimer)" computerName="DKSR-EFI-06" duration="00:00:00.0202678" startTime="2024-01-09T15:42:36.4421441+01:00" endTime="2024-01-09T15:42:36.4627078+01:00" testType="13cdc9d9-ddb5-4fa4-a97d-d965ccfc6d4b" outcome="Passed" testListId="8c84fa94-04c1-424b-9868-57a2d4851a1d" relativeResultsDirectory="44cd4663-f81f-43c4-a2eb-f36d9cfc2592" />
    <UnitTestResult executionId="f3d4118e-ba29-4b50-8e45-9ac4b869ee74" testId="98fb144f-7a48-d95e-40b9-6c64233aeaab" testName="LoggingBehaviour_Constructor_Success" computerName="DKSR-EFI-06" duration="00:00:00.0025828" startTime="2024-01-09T15:42:51.3592872+01:00" endTime="2024-01-09T15:42:51.3619498+01:00" testType="13cdc9d9-ddb5-4fa4-a97d-d965ccfc6d4b" outcome="Passed" testListId="8c84fa94-04c1-424b-9868-57a2d4851a1d" relativeResultsDirectory="f3d4118e-ba29-4b50-8e45-9ac4b869ee74" />
    <UnitTestResult executionId="c7bbd65e-6655-4092-9e39-66074672ea51" testId="28c03826-2f46-5553-0508-f187ec3f1af4" testName="GrpcProfile_Convert_PerformanceCounterInstance_To_gRPC (SingleInstance,ElapsedTime,SingleInstance,ElapsedTime)" computerName="DKSR-EFI-06" duration="00:00:00.0095983" startTime="2024-01-09T15:42:36.9783914+01:00" endTime="2024-01-09T15:42:36.9883060+01:00" testType="13cdc9d9-ddb5-4fa4-a97d-d965ccfc6d4b" outcome="Passed" testListId="8c84fa94-04c1-424b-9868-57a2d4851a1d" relativeResultsDirectory="c7bbd65e-6655-4092-9e39-66074672ea51" />
    <UnitTestResult executionId="09e1393a-b750-4531-8dfa-13216e2a15ce" testId="6ecb0d04-d1be-f7cb-09d0-f6a55900664c" testName="PerformanceCounterInstancesService_CategoryType_is_MultiInstance_InstanceName_IsNullOrEmpty_instanceNames_hasAName" computerName="DKSR-EFI-06" duration="00:00:00.0016715" startTime="2024-01-09T15:42:50.6612116+01:00" endTime="2024-01-09T15:42:50.6629864+01:00" testType="13cdc9d9-ddb5-4fa4-a97d-d965ccfc6d4b" outcome="Passed" testListId="8c84fa94-04c1-424b-9868-57a2d4851a1d" relativeResultsDirectory="09e1393a-b750-4531-8dfa-13216e2a15ce" />
    <UnitTestResult executionId="365eef04-17bd-4d73-84db-d9a07e30648e" testId="530abe5c-8ca1-f9aa-5d21-f7d0527419a3" testName="MultiCounterRule_Constructor_counterPath_NullCheck" computerName="DKSR-EFI-06" duration="00:00:00.0011691" startTime="2024-01-09T15:42:51.1511756+01:00" endTime="2024-01-09T15:42:51.1524114+01:00" testType="13cdc9d9-ddb5-4fa4-a97d-d965ccfc6d4b" outcome="Passed" testListId="8c84fa94-04c1-424b-9868-57a2d4851a1d" relativeResultsDirectory="365eef04-17bd-4d73-84db-d9a07e30648e" />
    <UnitTestResult executionId="a7d84508-b4eb-4da8-abe3-dd9b3127da84" testId="216c08b9-540d-cfa7-04d5-5c52024327c0" testName="GrpcProfile_Convert_PerformanceCounterInstance_From_gRPC (SingleInstance,CounterTimer,SingleInstance,CounterTimer)" computerName="DKSR-EFI-06" duration="00:00:00.0071925" startTime="2024-01-09T15:42:36.4957338+01:00" endTime="2024-01-09T15:42:36.5034750+01:00" testType="13cdc9d9-ddb5-4fa4-a97d-d965ccfc6d4b" outcome="Passed" testListId="8c84fa94-04c1-424b-9868-57a2d4851a1d" relativeResultsDirectory="a7d84508-b4eb-4da8-abe3-dd9b3127da84" />
    <UnitTestResult executionId="79a9b95b-8d65-4c09-aa8d-d5ab73561c51" testId="9abe9465-9a0c-2d9d-3a71-5aa921199316" testName="GrpcProfile_Convert_PerformanceCounterInstance_To_gRPC (SingleInstance,RateOfCountsPerSecond32,SingleInstance,RateOfCountsPerSecond32)" computerName="DKSR-EFI-06" duration="00:00:00.0062085" startTime="2024-01-09T15:42:37.0173911+01:00" endTime="2024-01-09T15:42:37.0239014+01:00" testType="13cdc9d9-ddb5-4fa4-a97d-d965ccfc6d4b" outcome="Passed" testListId="8c84fa94-04c1-424b-9868-57a2d4851a1d" relativeResultsDirectory="79a9b95b-8d65-4c09-aa8d-d5ab73561c51" />
    <UnitTestResult executionId="682b9bfa-31de-46f6-ab48-2d39fc2717df" testId="e9c6e33c-dfd4-9336-5d84-c530ec5b350f" testName="StateSenderService_ExecuteAsync_OperationCanceledException_Handled" computerName="DKSR-EFI-06" duration="00:00:00.0038031" startTime="2024-01-09T15:42:51.0132648+01:00" endTime="2024-01-09T15:42:51.0172259+01:00" testType="13cdc9d9-ddb5-4fa4-a97d-d965ccfc6d4b" outcome="Passed" testListId="8c84fa94-04c1-424b-9868-57a2d4851a1d" relativeResultsDirectory="682b9bfa-31de-46f6-ab48-2d39fc2717df" />
    <UnitTestResult executionId="e18deadd-ef10-4078-9fcf-6ae3dd83f145" testId="005728c4-bc10-79df-b55c-99b6151cbd9e" testName="Handle_OneDefaultCounterRule_OneRulesAdded" computerName="DKSR-EFI-06" duration="00:00:00.0042730" startTime="2024-01-09T15:42:51.0907268+01:00" endTime="2024-01-09T15:42:51.0951487+01:00" testType="13cdc9d9-ddb5-4fa4-a97d-d965ccfc6d4b" outcome="Passed" testListId="8c84fa94-04c1-424b-9868-57a2d4851a1d" relativeResultsDirectory="e18deadd-ef10-4078-9fcf-6ae3dd83f145" />
    <UnitTestResult executionId="4e4510e0-d67f-4385-92d2-17a8f68599a3" testId="e7a4d939-f81e-6f35-0c21-bc749853a6b8" testName="OnRecordingServerIsUp_Is_Called_On_Normal_State_Change_For_Recording_Server" computerName="DKSR-EFI-06" duration="00:00:00.0023008" startTime="2024-01-09T15:42:50.3226032+01:00" endTime="2024-01-09T15:42:50.3250189+01:00" testType="13cdc9d9-ddb5-4fa4-a97d-d965ccfc6d4b" outcome="Passed" testListId="8c84fa94-04c1-424b-9868-57a2d4851a1d" relativeResultsDirectory="4e4510e0-d67f-4385-92d2-17a8f68599a3" />
    <UnitTestResult executionId="a891a893-2f4d-403e-8877-4bce20bf398b" testId="c6fe120c-51c6-bf34-a1b7-37c31ba60cf1" testName="Handle_UnhandledException_ExceptionRethrown" computerName="DKSR-EFI-06" duration="00:00:00.0040389" startTime="2024-01-09T15:42:51.4274393+01:00" endTime="2024-01-09T15:42:51.4315591+01:00" testType="13cdc9d9-ddb5-4fa4-a97d-d965ccfc6d4b" outcome="Passed" testListId="8c84fa94-04c1-424b-9868-57a2d4851a1d" relativeResultsDirectory="a891a893-2f4d-403e-8877-4bce20bf398b" />
    <UnitTestResult executionId="271dc2fd-3dd4-4725-83cb-0631e2618a75" testId="fc4210dc-0d14-3eb2-aacc-c45f3be1fd46" testName="CameraUsedSpaceCounterRule_Send_Camera_State_Changes_And_Block_When_Recording_Server_Is_Down" computerName="DKSR-EFI-06" duration="00:00:00.0030196" startTime="2024-01-09T15:42:51.1474620+01:00" endTime="2024-01-09T15:42:51.1506202+01:00" testType="13cdc9d9-ddb5-4fa4-a97d-d965ccfc6d4b" outcome="Passed" testListId="8c84fa94-04c1-424b-9868-57a2d4851a1d" relativeResultsDirectory="271dc2fd-3dd4-4725-83cb-0631e2618a75" />
    <UnitTestResult executionId="2e978014-89e4-406f-9373-b63eeee7b8be" testId="d1b20039-e742-b9e2-37ab-bfa68ceeeddc" testName="GrpcProfile_Convert_PerformanceCounterInstance_To_gRPC (SingleInstance,SampleFraction,SingleInstance,SampleFraction)" computerName="DKSR-EFI-06" duration="00:00:00.0075475" startTime="2024-01-09T15:42:37.0616891+01:00" endTime="2024-01-09T15:42:37.0694897+01:00" testType="13cdc9d9-ddb5-4fa4-a97d-d965ccfc6d4b" outcome="Passed" testListId="8c84fa94-04c1-424b-9868-57a2d4851a1d" relativeResultsDirectory="2e978014-89e4-406f-9373-b63eeee7b8be" />
    <UnitTestResult executionId="fb1c809f-4de6-4bea-b0c1-9280db2319fb" testId="101b0017-dbac-71c0-a499-501b3ab205ca" testName="PerformanceCounterInstancesService_CategoryType_is_NotMultiInstanc_InstanceName_IsNullOrEmpty" computerName="DKSR-EFI-06" duration="00:00:00.0027370" startTime="2024-01-09T15:42:50.6650379+01:00" endTime="2024-01-09T15:42:50.6678588+01:00" testType="13cdc9d9-ddb5-4fa4-a97d-d965ccfc6d4b" outcome="Passed" testListId="8c84fa94-04c1-424b-9868-57a2d4851a1d" relativeResultsDirectory="fb1c809f-4de6-4bea-b0c1-9280db2319fb" />
    <UnitTestResult executionId="279acaa5-b5a6-4f9d-a5a4-8d95fab741e1" testId="608ef198-a4e8-9cde-63c1-104a7d89c11f" testName="Handle_HandledExceptionTypes_ExceptionReturnedAsResponseAndLogged (System.ServiceModel.CommunicationException,Exception of type 'System.ServiceModel.CommunicationException' was thrown.)" computerName="DKSR-EFI-06" duration="00:00:00.0012921" startTime="2024-01-09T15:42:51.4315952+01:00" endTime="2024-01-09T15:42:51.4384024+01:00" testType="13cdc9d9-ddb5-4fa4-a97d-d965ccfc6d4b" outcome="Passed" testListId="8c84fa94-04c1-424b-9868-57a2d4851a1d" relativeResultsDirectory="279acaa5-b5a6-4f9d-a5a4-8d95fab741e1" />
    <UnitTestResult executionId="db49a091-e81b-45cb-a084-affcc27c813c" testId="83018669-cf8e-6505-a5b0-ce048f0661d3" testName="CameraCounterRule_Enforce_State_Change_ON_Recorder_Down" computerName="DKSR-EFI-06" duration="00:00:00.0029424" startTime="2024-01-09T15:42:50.2852891+01:00" endTime="2024-01-09T15:42:50.2883663+01:00" testType="13cdc9d9-ddb5-4fa4-a97d-d965ccfc6d4b" outcome="Passed" testListId="8c84fa94-04c1-424b-9868-57a2d4851a1d" relativeResultsDirectory="db49a091-e81b-45cb-a084-affcc27c813c" />
    <UnitTestResult executionId="b4949d5f-a905-4b71-b179-22a71ee51caf" testId="0b8feded-c246-76f4-68ea-4f5dab3f2b82" testName="OnRecordingServerIsDown_Is_Called_On_Critical_State_Change_For_Recording_Server" computerName="DKSR-EFI-06" duration="00:00:00.0078263" startTime="2024-01-09T15:42:50.3107658+01:00" endTime="2024-01-09T15:42:50.3187879+01:00" testType="13cdc9d9-ddb5-4fa4-a97d-d965ccfc6d4b" outcome="Passed" testListId="8c84fa94-04c1-424b-9868-57a2d4851a1d" relativeResultsDirectory="b4949d5f-a905-4b71-b179-22a71ee51caf" />
    <UnitTestResult executionId="3d483d25-15c7-4c53-ab45-3e1a7eefe532" testId="5a46464e-46ec-969b-24cc-1aef54601a70" testName="RegisterDataCollectorServerCommandHandler_Handle_NonCluster_Success" computerName="DKSR-EFI-06" duration="00:00:00.0051434" startTime="2024-01-09T15:42:51.3494134+01:00" endTime="2024-01-09T15:42:51.3547608+01:00" testType="13cdc9d9-ddb5-4fa4-a97d-d965ccfc6d4b" outcome="Passed" testListId="8c84fa94-04c1-424b-9868-57a2d4851a1d" relativeResultsDirectory="3d483d25-15c7-4c53-ab45-3e1a7eefe532" />
    <UnitTestResult executionId="081be967-e84c-4622-bb5d-8cb4e1fd1e45" testId="adbbf067-4609-a724-a5fe-6721eeeb92c5" testName="Handle_UpdateNonDefaultExistingDefaultRule_RuleUpdated" computerName="DKSR-EFI-06" duration="00:00:00.0036651" startTime="2024-01-09T15:42:51.1175286+01:00" endTime="2024-01-09T15:42:51.1212995+01:00" testType="13cdc9d9-ddb5-4fa4-a97d-d965ccfc6d4b" outcome="Passed" testListId="8c84fa94-04c1-424b-9868-57a2d4851a1d" relativeResultsDirectory="081be967-e84c-4622-bb5d-8cb4e1fd1e45" />
    <UnitTestResult executionId="bab1b008-abd1-4bb1-b0dc-a3880ac382cb" testId="c8a81d49-0e47-fee5-540e-990ef202841d" testName="GetState_ChangesFromCriticalToWarningWithoutLatency_On0AsLatency" computerName="DKSR-EFI-06" duration="00:00:00.0005207" startTime="2024-01-09T15:42:50.2994580+01:00" endTime="2024-01-09T15:42:50.3000491+01:00" testType="13cdc9d9-ddb5-4fa4-a97d-d965ccfc6d4b" outcome="Passed" testListId="8c84fa94-04c1-424b-9868-57a2d4851a1d" relativeResultsDirectory="bab1b008-abd1-4bb1-b0dc-a3880ac382cb" />
    <UnitTestResult executionId="1f6ed006-523e-45ea-9923-530159890bee" testId="eb7bd831-bf51-33aa-e473-75606e6c465a" testName="BatchSenderService_ExecuteAsync_Batch_Success" computerName="DKSR-EFI-06" duration="00:00:00.0855331" startTime="2024-01-09T15:42:50.4533830+01:00" endTime="2024-01-09T15:42:50.5391534+01:00" testType="13cdc9d9-ddb5-4fa4-a97d-d965ccfc6d4b" outcome="Passed" testListId="8c84fa94-04c1-424b-9868-57a2d4851a1d" relativeResultsDirectory="1f6ed006-523e-45ea-9923-530159890bee" />
    <UnitTestResult executionId="da864b2f-6a77-4195-9243-0397d265f6df" testId="d842544e-3169-8c12-4974-128d81d2af83" testName="Create_StateHandler_TriggerValue_Is_triggerPerValue_Creates_StatePerValueHandler" computerName="DKSR-EFI-06" duration="00:00:00.0001624" startTime="2024-01-09T15:42:51.1459618+01:00" endTime="2024-01-09T15:42:51.1462781+01:00" testType="13cdc9d9-ddb5-4fa4-a97d-d965ccfc6d4b" outcome="Passed" testListId="8c84fa94-04c1-424b-9868-57a2d4851a1d" relativeResultsDirectory="da864b2f-6a77-4195-9243-0397d265f6df" />
    <UnitTestResult executionId="75313cc6-59f7-490d-a94a-f27f9317f23d" testId="83ae8ff9-df64-1e74-e0e5-22e5fba42250" testName="RuleConfigurationChangeEventHandler_Handle_DeleteRule_Default_Success" computerName="DKSR-EFI-06" duration="00:00:00.0036174" startTime="2024-01-09T15:42:50.3981239+01:00" endTime="2024-01-09T15:42:50.4018789+01:00" testType="13cdc9d9-ddb5-4fa4-a97d-d965ccfc6d4b" outcome="Passed" testListId="8c84fa94-04c1-424b-9868-57a2d4851a1d" relativeResultsDirectory="75313cc6-59f7-490d-a94a-f27f9317f23d" />
    <UnitTestResult executionId="7eedcded-87d1-44fb-ad94-e48249a06b76" testId="2cd560f2-7ad0-9d2f-d1eb-e3b70c6c734b" testName="GrpcProfile_Convert_PerformanceCounterInstance_From_gRPC (SingleInstance,CounterMultiTimerInverse,SingleInstance,CounterMultiTimerInverse)" computerName="DKSR-EFI-06" duration="00:00:00.0161849" startTime="2024-01-09T15:42:36.4792256+01:00" endTime="2024-01-09T15:42:36.4956621+01:00" testType="13cdc9d9-ddb5-4fa4-a97d-d965ccfc6d4b" outcome="Passed" testListId="8c84fa94-04c1-424b-9868-57a2d4851a1d" relativeResultsDirectory="7eedcded-87d1-44fb-ad94-e48249a06b76" />
    <UnitTestResult executionId="fc9b83d6-b70e-430e-bbb6-392e83fcbc61" testId="bbedbce9-5dd0-08e7-a46b-673c57e116d6" testName="Constructor_CorrectArguments_Success" computerName="DKSR-EFI-06" duration="00:00:00.0001950" startTime="2024-01-09T15:42:51.4007512+01:00" endTime="2024-01-09T15:42:51.4010138+01:00" testType="13cdc9d9-ddb5-4fa4-a97d-d965ccfc6d4b" outcome="Passed" testListId="8c84fa94-04c1-424b-9868-57a2d4851a1d" relativeResultsDirectory="fc9b83d6-b70e-430e-bbb6-392e83fcbc61" />
    <UnitTestResult executionId="6d8f616e-96df-46d8-b968-1647a6bd60a5" testId="95ca7b42-b843-79cc-0f2b-b266961d0032" testName="MultiCounterRule_Constructor_ruleId_NullCheck" computerName="DKSR-EFI-06" duration="00:00:00.0002082" startTime="2024-01-09T15:42:51.1524405+01:00" endTime="2024-01-09T15:42:51.1527103+01:00" testType="13cdc9d9-ddb5-4fa4-a97d-d965ccfc6d4b" outcome="Passed" testListId="8c84fa94-04c1-424b-9868-57a2d4851a1d" relativeResultsDirectory="6d8f616e-96df-46d8-b968-1647a6bd60a5" />
    <UnitTestResult executionId="311909ce-aec8-4a0d-91e7-1410e82888bb" testId="abd1cb55-7ad7-feb4-cfe9-8755b38b2485" testName="GrpcProfile_Convert_PerformanceCounterValue_From_gRPC" computerName="DKSR-EFI-06" duration="00:00:00.1411872" startTime="2024-01-09T15:42:36.0582759+01:00" endTime="2024-01-09T15:42:36.1997256+01:00" testType="13cdc9d9-ddb5-4fa4-a97d-d965ccfc6d4b" outcome="Passed" testListId="8c84fa94-04c1-424b-9868-57a2d4851a1d" relativeResultsDirectory="311909ce-aec8-4a0d-91e7-1410e82888bb" />
    <UnitTestResult executionId="3d4ce87f-cbd3-4752-b24c-ab4dbe747809" testId="6f96581a-6755-5168-f6e8-0e64907cc686" testName="TestAddCounterValue" computerName="DKSR-EFI-06" duration="00:00:00.0007120" startTime="2024-01-09T15:42:50.3090515+01:00" endTime="2024-01-09T15:42:50.3099350+01:00" testType="13cdc9d9-ddb5-4fa4-a97d-d965ccfc6d4b" outcome="Passed" testListId="8c84fa94-04c1-424b-9868-57a2d4851a1d" relativeResultsDirectory="3d4ce87f-cbd3-4752-b24c-ab4dbe747809" />
    <UnitTestResult executionId="703d808e-1248-4111-943c-584f5275ec60" testId="5cce6c1f-804c-513e-1945-36f93077127e" testName="RuleConfigurationRefreshService_ExecuteAsync_OperationCanceledException_Handled" computerName="DKSR-EFI-06" duration="00:00:00.0035943" startTime="2024-01-09T15:42:50.9403664+01:00" endTime="2024-01-09T15:42:50.9440814+01:00" testType="13cdc9d9-ddb5-4fa4-a97d-d965ccfc6d4b" outcome="Passed" testListId="8c84fa94-04c1-424b-9868-57a2d4851a1d" relativeResultsDirectory="703d808e-1248-4111-943c-584f5275ec60" />
    <UnitTestResult executionId="8550e5d8-a4c6-441a-ae53-6b6c53b5c908" testId="33fc4d81-96b5-575d-01c5-f60df85d36ef" testName="Create_Device_Storage_Counter_Rule_As_CameraStateCounterRule" computerName="DKSR-EFI-06" duration="00:00:00.0010853" startTime="2024-01-09T15:42:50.2504879+01:00" endTime="2024-01-09T15:42:50.2516507+01:00" testType="13cdc9d9-ddb5-4fa4-a97d-d965ccfc6d4b" outcome="Passed" testListId="8c84fa94-04c1-424b-9868-57a2d4851a1d" relativeResultsDirectory="8550e5d8-a4c6-441a-ae53-6b6c53b5c908" />
    <UnitTestResult executionId="47dafb17-c8f3-4c76-a2ba-9e084610476a" testId="04e89063-f821-aa32-1f10-99b39e4f1811" testName="Handle_RuleConfigurationIsEmpty_EventNotPublished" computerName="DKSR-EFI-06" duration="00:00:00.0070407" startTime="2024-01-09T15:42:51.1213355+01:00" endTime="2024-01-09T15:42:51.1285844+01:00" testType="13cdc9d9-ddb5-4fa4-a97d-d965ccfc6d4b" outcome="Passed" testListId="8c84fa94-04c1-424b-9868-57a2d4851a1d" relativeResultsDirectory="47dafb17-c8f3-4c76-a2ba-9e084610476a" />
    <UnitTestResult executionId="314139a8-8c51-4c73-a86c-7dbbd462f17a" testId="20fe98db-931a-392f-1388-fa34ad83cdfa" testName="MultiCounterRule_Constructor_DefaultValuesCorrect" computerName="DKSR-EFI-06" duration="00:00:00.0003377" startTime="2024-01-09T15:42:51.1506501+01:00" endTime="2024-01-09T15:42:51.1511479+01:00" testType="13cdc9d9-ddb5-4fa4-a97d-d965ccfc6d4b" outcome="Passed" testListId="8c84fa94-04c1-424b-9868-57a2d4851a1d" relativeResultsDirectory="314139a8-8c51-4c73-a86c-7dbbd462f17a" />
    <UnitTestResult executionId="426a1633-4415-4023-84b3-bd07896cebab" testId="6aeca2c8-2544-3c53-5b0c-4db1f662c019" testName="GrpcProfile_Convert_PerformanceCounterInstance_To_gRPC (SingleInstance,CounterMultiTimer,SingleInstance,CounterMultiTimer)" computerName="DKSR-EFI-06" duration="00:00:00.0130714" startTime="2024-01-09T15:42:36.8947182+01:00" endTime="2024-01-09T15:42:36.9085818+01:00" testType="13cdc9d9-ddb5-4fa4-a97d-d965ccfc6d4b" outcome="Passed" testListId="8c84fa94-04c1-424b-9868-57a2d4851a1d" relativeResultsDirectory="426a1633-4415-4023-84b3-bd07896cebab" />
    <UnitTestResult executionId="c8165c35-ebe1-4fcc-8e33-65a64134f546" testId="e8dbb5c8-ec83-0582-9836-6dd44f42a092" testName="RuleConfigurationChangeEventHandler_Handle_UpdateRule_Default_Success" computerName="DKSR-EFI-06" duration="00:00:00.0109337" startTime="2024-01-09T15:42:50.3827114+01:00" endTime="2024-01-09T15:42:50.3939640+01:00" testType="13cdc9d9-ddb5-4fa4-a97d-d965ccfc6d4b" outcome="Passed" testListId="8c84fa94-04c1-424b-9868-57a2d4851a1d" relativeResultsDirectory="c8165c35-ebe1-4fcc-8e33-65a64134f546" />
    <UnitTestResult executionId="74b53968-4eb3-4fad-8a67-9a4dbc133f9e" testId="b3db06fc-eb7e-129b-29be-9c9d2953ed92" testName="Handle_RuleConfigurationLoaded_NoChanges" computerName="DKSR-EFI-06" duration="00:00:00.0034411" startTime="2024-01-09T15:42:51.1056338+01:00" endTime="2024-01-09T15:42:51.1091880+01:00" testType="13cdc9d9-ddb5-4fa4-a97d-d965ccfc6d4b" outcome="Passed" testListId="8c84fa94-04c1-424b-9868-57a2d4851a1d" relativeResultsDirectory="74b53968-4eb3-4fad-8a67-9a4dbc133f9e" />
    <UnitTestResult executionId="9ea17841-45c3-458a-846f-6bb56ae40166" testId="b89dd2a0-4141-aa7b-78a5-fd5d2111e618" testName="CameraCounterRule_Samples_When_Recording_Server_Is_Up_Again" computerName="DKSR-EFI-06" duration="00:00:00.0142786" startTime="2024-01-09T15:42:50.2708083+01:00" endTime="2024-01-09T15:42:50.2852221+01:00" testType="13cdc9d9-ddb5-4fa4-a97d-d965ccfc6d4b" outcome="Passed" testListId="8c84fa94-04c1-424b-9868-57a2d4851a1d" relativeResultsDirectory="9ea17841-45c3-458a-846f-6bb56ae40166" />
    <UnitTestResult executionId="db44f35b-3c1c-4d8c-8d54-4905afbb90b6" testId="fbd90d79-e7e3-2c17-6088-aaba47d242f4" testName="Handle_NullRuleConfiguration_NoRulesAdded" computerName="DKSR-EFI-06" duration="00:00:00.0026851" startTime="2024-01-09T15:42:51.0425245+01:00" endTime="2024-01-09T15:42:51.0453454+01:00" testType="13cdc9d9-ddb5-4fa4-a97d-d965ccfc6d4b" outcome="Passed" testListId="8c84fa94-04c1-424b-9868-57a2d4851a1d" relativeResultsDirectory="db44f35b-3c1c-4d8c-8d54-4905afbb90b6" />
    <UnitTestResult executionId="688b23f5-ce9b-493f-896a-419ba7b94cda" testId="90d136bd-94da-4720-c401-2928339a2ab8" testName="TestGetSampleCategoryNotFound" computerName="DKSR-EFI-06" duration="00:00:00.0909133" startTime="2024-01-09T15:42:50.0332850+01:00" endTime="2024-01-09T15:42:50.1244945+01:00" testType="13cdc9d9-ddb5-4fa4-a97d-d965ccfc6d4b" outcome="Passed" testListId="8c84fa94-04c1-424b-9868-57a2d4851a1d" relativeResultsDirectory="688b23f5-ce9b-493f-896a-419ba7b94cda" />
    <UnitTestResult executionId="182b8578-7166-4dd0-90a9-1c4a705d5ce3" testId="8533cf37-61f4-a6cf-6820-29a7099606ed" testName="GrpcProfile_Convert_PerformanceCounterInstance_From_gRPC (SingleInstance,RawFraction,SingleInstance,RawFraction)" computerName="DKSR-EFI-06" duration="00:00:00.0108971" startTime="2024-01-09T15:42:36.6050362+01:00" endTime="2024-01-09T15:42:36.6162092+01:00" testType="13cdc9d9-ddb5-4fa4-a97d-d965ccfc6d4b" outcome="Passed" testListId="8c84fa94-04c1-424b-9868-57a2d4851a1d" relativeResultsDirectory="182b8578-7166-4dd0-90a9-1c4a705d5ce3" />
    <UnitTestResult executionId="b6712042-fd50-49d4-9e1e-f7b099b7bed5" testId="9a52eb59-e1f6-e29d-72d2-86d2fa30d5a0" testName="GrpcProfile_Convert_PerformanceCounterInstance_From_gRPC (SingleInstance,RawBase,SingleInstance,RawBase)" computerName="DKSR-EFI-06" duration="00:00:00.0195109" startTime="2024-01-09T15:42:36.5851553+01:00" endTime="2024-01-09T15:42:36.6049609+01:00" testType="13cdc9d9-ddb5-4fa4-a97d-d965ccfc6d4b" outcome="Passed" testListId="8c84fa94-04c1-424b-9868-57a2d4851a1d" relativeResultsDirectory="b6712042-fd50-49d4-9e1e-f7b099b7bed5" />
    <UnitTestResult executionId="88024766-22ee-456d-ad36-b557416ec4a8" testId="5035bb32-ab88-c36c-923b-1c20638f02a8" testName="MultiCounterRule_AddStateChanged_SameStateAsLast_NoStateChangeSend" computerName="DKSR-EFI-06" duration="00:00:00.0007287" startTime="2024-01-09T15:42:51.1589103+01:00" endTime="2024-01-09T15:42:51.1597213+01:00" testType="13cdc9d9-ddb5-4fa4-a97d-d965ccfc6d4b" outcome="Passed" testListId="8c84fa94-04c1-424b-9868-57a2d4851a1d" relativeResultsDirectory="88024766-22ee-456d-ad36-b557416ec4a8" />
    <UnitTestResult executionId="51b21eb2-c10a-467d-8a33-2854c4c4df56" testId="43924248-cdc3-293e-2c0a-01e517c1e1df" testName="GrpcProfile_Convert_PerformanceCounterInstance_From_gRPC (SingleInstance,NumberOfItemsHex64,SingleInstance,NumberOfItemsHEX64)" computerName="DKSR-EFI-06" duration="00:00:00.0066724" startTime="2024-01-09T15:42:36.5636043+01:00" endTime="2024-01-09T15:42:36.5705544+01:00" testType="13cdc9d9-ddb5-4fa4-a97d-d965ccfc6d4b" outcome="Passed" testListId="8c84fa94-04c1-424b-9868-57a2d4851a1d" relativeResultsDirectory="51b21eb2-c10a-467d-8a33-2854c4c4df56" />
    <UnitTestResult executionId="e0a396fa-9ba9-443a-b6af-143dedc429be" testId="a51a4a3e-9c15-62b1-fbed-5455214c6973" testName="GrpcProfile_Convert_PerformanceCounterInstance_From_gRPC (SingleInstance,Timer100NsInverse,SingleInstance,Timer100NsInverse)" computerName="DKSR-EFI-06" duration="00:00:00.0063375" startTime="2024-01-09T15:42:36.6461800+01:00" endTime="2024-01-09T15:42:36.6527557+01:00" testType="13cdc9d9-ddb5-4fa4-a97d-d965ccfc6d4b" outcome="Passed" testListId="8c84fa94-04c1-424b-9868-57a2d4851a1d" relativeResultsDirectory="e0a396fa-9ba9-443a-b6af-143dedc429be" />
    <UnitTestResult executionId="fe34117f-826c-44f1-a104-a745ed09234e" testId="e7ecc2f4-39bb-65d6-dd99-d9bacd8c56c8" testName="LoggingBehaviour_ConstructorNullLogger_ArgumentNullExceptionThrown" computerName="DKSR-EFI-06" duration="00:00:00.0007768" startTime="2024-01-09T15:42:51.3582930+01:00" endTime="2024-01-09T15:42:51.3592518+01:00" testType="13cdc9d9-ddb5-4fa4-a97d-d965ccfc6d4b" outcome="Passed" testListId="8c84fa94-04c1-424b-9868-57a2d4851a1d" relativeResultsDirectory="fe34117f-826c-44f1-a104-a745ed09234e" />
    <UnitTestResult executionId="dc11a6a5-bbe9-4759-84d6-b86238869d93" testId="fe840311-4620-81da-dba3-c22da923e626" testName="GetState_ShouldBeWarning_OnCriticalNegativeOneAndAboveWarningThreshold" computerName="DKSR-EFI-06" duration="00:00:00.0007571" startTime="2024-01-09T15:42:50.3018010+01:00" endTime="2024-01-09T15:42:50.3026445+01:00" testType="13cdc9d9-ddb5-4fa4-a97d-d965ccfc6d4b" outcome="Passed" testListId="8c84fa94-04c1-424b-9868-57a2d4851a1d" relativeResultsDirectory="dc11a6a5-bbe9-4759-84d6-b86238869d93" />
    <UnitTestResult executionId="8e249efe-b2e4-4522-a795-71dad6152487" testId="75b56f6b-b903-22eb-7772-8d0dd2872307" testName="TestRemoveObsoleteValues" computerName="DKSR-EFI-06" duration="00:00:00.0018962" startTime="2024-01-09T15:42:50.2884651+01:00" endTime="2024-01-09T15:42:50.2906385+01:00" testType="13cdc9d9-ddb5-4fa4-a97d-d965ccfc6d4b" outcome="Passed" testListId="8c84fa94-04c1-424b-9868-57a2d4851a1d" relativeResultsDirectory="8e249efe-b2e4-4522-a795-71dad6152487" />
    <UnitTestResult executionId="9eefc45f-27ac-43be-af3a-acaa4e31a8d9" testId="7af7ae3d-8ea3-9e6d-e5e1-9fc1f88b9321" testName="CollectPerformanceCounter_OperationCanceledException_Caught_Success" computerName="DKSR-EFI-06" duration="00:00:00.0049913" startTime="2024-01-09T15:42:50.5871412+01:00" endTime="2024-01-09T15:42:50.5922607+01:00" testType="13cdc9d9-ddb5-4fa4-a97d-d965ccfc6d4b" outcome="Passed" testListId="8c84fa94-04c1-424b-9868-57a2d4851a1d" relativeResultsDirectory="9eefc45f-27ac-43be-af3a-acaa4e31a8d9" />
    <UnitTestResult executionId="c2092000-c3b6-439e-bf20-4252f46da937" testId="9b7743cf-2b00-89ca-a067-70a9d6962fdc" testName="GrpcProfile_Convert_PerformanceCounterInstance_From_gRPC (SingleInstance,AverageCount64,SingleInstance,AverageCount64)" computerName="DKSR-EFI-06" duration="00:00:00.0102122" startTime="2024-01-09T15:42:36.2727820+01:00" endTime="2024-01-09T15:42:36.2833312+01:00" testType="13cdc9d9-ddb5-4fa4-a97d-d965ccfc6d4b" outcome="Passed" testListId="8c84fa94-04c1-424b-9868-57a2d4851a1d" relativeResultsDirectory="c2092000-c3b6-439e-bf20-4252f46da937" />
    <UnitTestResult executionId="fc4551c9-10ed-4149-b449-4f73de21f9cb" testId="04005b86-67cb-a2ea-7c12-b7e89cbca0ec" testName="GrpcProfile_Configuration_IsValid" computerName="DKSR-EFI-06" duration="00:00:00.2451231" startTime="2024-01-09T15:42:35.7598363+01:00" endTime="2024-01-09T15:42:36.0489615+01:00" testType="13cdc9d9-ddb5-4fa4-a97d-d965ccfc6d4b" outcome="Passed" testListId="8c84fa94-04c1-424b-9868-57a2d4851a1d" relativeResultsDirectory="fc4551c9-10ed-4149-b449-4f73de21f9cb" />
    <UnitTestResult executionId="53e083f0-feea-4288-823b-20f8c63530dd" testId="0fa3ca38-66d0-0ed4-b140-9ddada881215" testName="RegisterInstalledServicesService_EnumServiceApplicationsInProduction_NotAllServicesInstalled" computerName="DKSR-EFI-06" duration="00:00:00.0089030" startTime="2024-01-09T15:42:51.3333282+01:00" endTime="2024-01-09T15:42:51.3423555+01:00" testType="13cdc9d9-ddb5-4fa4-a97d-d965ccfc6d4b" outcome="Passed" testListId="8c84fa94-04c1-424b-9868-57a2d4851a1d" relativeResultsDirectory="53e083f0-feea-4288-823b-20f8c63530dd" />
    <UnitTestResult executionId="6fb806c2-ffd4-49bb-b05d-5941df5175e0" testId="8cce852d-0d92-6d71-764a-9bfac16bc444" testName="Handle_OneNonDefaultCounterRule_OneRulesAdded" computerName="DKSR-EFI-06" duration="00:00:00.0451306" startTime="2024-01-09T15:42:51.0453956+01:00" endTime="2024-01-09T15:42:51.0906618+01:00" testType="13cdc9d9-ddb5-4fa4-a97d-d965ccfc6d4b" outcome="Passed" testListId="8c84fa94-04c1-424b-9868-57a2d4851a1d" relativeResultsDirectory="6fb806c2-ffd4-49bb-b05d-5941df5175e0" />
    <UnitTestResult executionId="79e00b69-7a05-4b8e-a406-f7a823949c9f" testId="0ebcaaf8-1ecc-82fb-084c-9c5e38464020" testName="ConfigurationRefreshService_ExecuteAsync_NoConfiguredCounters_Logging_Success" computerName="DKSR-EFI-06" duration="00:00:00.0278754" startTime="2024-01-09T15:42:50.5996164+01:00" endTime="2024-01-09T15:42:50.6277464+01:00" testType="13cdc9d9-ddb5-4fa4-a97d-d965ccfc6d4b" outcome="Passed" testListId="8c84fa94-04c1-424b-9868-57a2d4851a1d" relativeResultsDirectory="79e00b69-7a05-4b8e-a406-f7a823949c9f" />
    <UnitTestResult executionId="121f0f8f-9b78-443a-8ab9-016f2a112555" testId="732aa43e-92a1-b4ea-e290-87b02f0731ac" testName="Handle_DefaultRetryCount_CorrectResponseReturned" computerName="DKSR-EFI-06" duration="00:00:00.0073057" startTime="2024-01-09T15:42:51.4089316+01:00" endTime="2024-01-09T15:42:51.4163450+01:00" testType="13cdc9d9-ddb5-4fa4-a97d-d965ccfc6d4b" outcome="Passed" testListId="8c84fa94-04c1-424b-9868-57a2d4851a1d" relativeResultsDirectory="121f0f8f-9b78-443a-8ab9-016f2a112555" />
    <UnitTestResult executionId="811a7662-e503-4152-a734-906db7c68493" testId="e9700ad9-7af0-3697-bc96-7c0d122732ad" testName="GrpcProfile_Convert_PerformanceCounterInstance_From_gRPC (SingleInstance,RateOfCountsPerSecond64,SingleInstance,RateOfCountsPerSecond64)" computerName="DKSR-EFI-06" duration="00:00:00.0070994" startTime="2024-01-09T15:42:36.5776790+01:00" endTime="2024-01-09T15:42:36.5850833+01:00" testType="13cdc9d9-ddb5-4fa4-a97d-d965ccfc6d4b" outcome="Passed" testListId="8c84fa94-04c1-424b-9868-57a2d4851a1d" relativeResultsDirectory="811a7662-e503-4152-a734-906db7c68493" />
    <UnitTestResult executionId="d54bb71b-a1b1-41bc-9f38-ba992dcff9c7" testId="3f231051-a1c3-3331-4693-8db550aaf016" testName="MultiCounterRule_GetMaxState_NoRegisteredCounters_DontSendStateChange" computerName="DKSR-EFI-06" duration="00:00:00.0008077" startTime="2024-01-09T15:42:51.1642832+01:00" endTime="2024-01-09T15:42:51.1651926+01:00" testType="13cdc9d9-ddb5-4fa4-a97d-d965ccfc6d4b" outcome="Passed" testListId="8c84fa94-04c1-424b-9868-57a2d4851a1d" relativeResultsDirectory="d54bb71b-a1b1-41bc-9f38-ba992dcff9c7" />
    <UnitTestResult executionId="44ee0773-c08f-4b8b-b1db-4c72fb072b86" testId="a47c31dc-dca9-0943-38c8-8ccb65466c1b" testName="CameraCounterRule_Does_Not_Sample_When_Recording_Server_Is_Down" computerName="DKSR-EFI-06" duration="00:00:00.0069246" startTime="2024-01-09T15:42:50.2605718+01:00" endTime="2024-01-09T15:42:50.2676357+01:00" testType="13cdc9d9-ddb5-4fa4-a97d-d965ccfc6d4b" outcome="Passed" testListId="8c84fa94-04c1-424b-9868-57a2d4851a1d" relativeResultsDirectory="44ee0773-c08f-4b8b-b1db-4c72fb072b86" />
    <UnitTestResult executionId="864a73f3-c262-47b7-b502-ea36c7390c44" testId="0725daa6-99c5-4ffd-07e4-58c74de6fe70" testName="RegisterServiceApplicationsService_GetOrAddDataCollectorIdAsync_Send_Success" computerName="DKSR-EFI-06" duration="00:00:00.0095784" startTime="2024-01-09T15:42:50.6709913+01:00" endTime="2024-01-09T15:42:50.6807736+01:00" testType="13cdc9d9-ddb5-4fa4-a97d-d965ccfc6d4b" outcome="Passed" testListId="8c84fa94-04c1-424b-9868-57a2d4851a1d" relativeResultsDirectory="864a73f3-c262-47b7-b502-ea36c7390c44" />
    <UnitTestResult executionId="99d19f96-d62a-42a8-a47d-494d0c13508a" testId="75080332-4faf-328b-7ac4-3f9ef9f1f1bb" testName="Validate_CameraCounterRule_With_Valid_Path" computerName="DKSR-EFI-06" duration="00:00:00.0005753" startTime="2024-01-09T15:42:50.2516826+01:00" endTime="2024-01-09T15:42:50.2523319+01:00" testType="13cdc9d9-ddb5-4fa4-a97d-d965ccfc6d4b" outcome="Passed" testListId="8c84fa94-04c1-424b-9868-57a2d4851a1d" relativeResultsDirectory="99d19f96-d62a-42a8-a47d-494d0c13508a" />
    <UnitTestResult executionId="d69cb069-b7ac-4448-8c12-24ceb9e613f3" testId="d434df6e-a443-6f8b-1217-8a5fc63ce995" testName="StateChangeEventHandlerTests_Handle_MultiruleStateNotChanged_Success" computerName="DKSR-EFI-06" duration="00:00:00.0028673" startTime="2024-01-09T15:42:50.4471783+01:00" endTime="2024-01-09T15:42:50.4502168+01:00" testType="13cdc9d9-ddb5-4fa4-a97d-d965ccfc6d4b" outcome="Passed" testListId="8c84fa94-04c1-424b-9868-57a2d4851a1d" relativeResultsDirectory="d69cb069-b7ac-4448-8c12-24ceb9e613f3" />
    <UnitTestResult executionId="062f042e-36ea-4169-839c-c90750408e5b" testId="0017be52-56a1-8b56-ce20-145bd192be58" testName="GrpcProfile_Convert_PerformanceCounterInstance_From_gRPC (MultiInstance,AverageBase,MultiInstance,AverageBase)" computerName="DKSR-EFI-06" duration="00:00:00.0076116" startTime="2024-01-09T15:42:36.2506332+01:00" endTime="2024-01-09T15:42:36.2584989+01:00" testType="13cdc9d9-ddb5-4fa4-a97d-d965ccfc6d4b" outcome="Passed" testListId="8c84fa94-04c1-424b-9868-57a2d4851a1d" relativeResultsDirectory="062f042e-36ea-4169-839c-c90750408e5b" />
    <UnitTestResult executionId="efb9fa60-a31b-4aad-b95e-bd589b461948" testId="b4cbca01-8390-753a-dcf2-d3537691f0ab" testName="CounterStateHandler_AddStateChange_StateChange_Handled_And_Log_Is_Written" computerName="DKSR-EFI-06" duration="00:00:00.0003499" startTime="2024-01-09T15:42:51.1436648+01:00" endTime="2024-01-09T15:42:51.1441733+01:00" testType="13cdc9d9-ddb5-4fa4-a97d-d965ccfc6d4b" outcome="Passed" testListId="8c84fa94-04c1-424b-9868-57a2d4851a1d" relativeResultsDirectory="efb9fa60-a31b-4aad-b95e-bd589b461948" />
    <UnitTestResult executionId="980af3d9-c52f-4a17-8003-2f506f5f5abe" testId="ed74c0e0-a775-e27a-72b9-b300cf255cd4" testName="GrpcProfile_Convert_PerformanceCounterInstance_From_gRPC (SingleInstance,AverageBase,SingleInstance,AverageBase)" computerName="DKSR-EFI-06" duration="00:00:00.0244089" startTime="2024-01-09T15:42:36.2137541+01:00" endTime="2024-01-09T15:42:36.2505594+01:00" testType="13cdc9d9-ddb5-4fa4-a97d-d965ccfc6d4b" outcome="Passed" testListId="8c84fa94-04c1-424b-9868-57a2d4851a1d" relativeResultsDirectory="980af3d9-c52f-4a17-8003-2f506f5f5abe" />
    <UnitTestResult executionId="9780dab4-a35b-4308-bb9a-e2c60a3ae931" testId="94bbb11f-8d40-b4d0-5fea-80b8f1699e0b" testName="GrpcProfile_Convert_PerformanceCounterInstance_From_gRPC (SingleInstance,CounterMultiTimer100Ns,SingleInstance,CounterMultiTimer100Ns)" computerName="DKSR-EFI-06" duration="00:00:00.0087489" startTime="2024-01-09T15:42:36.4627853+01:00" endTime="2024-01-09T15:42:36.4723750+01:00" testType="13cdc9d9-ddb5-4fa4-a97d-d965ccfc6d4b" outcome="Passed" testListId="8c84fa94-04c1-424b-9868-57a2d4851a1d" relativeResultsDirectory="9780dab4-a35b-4308-bb9a-e2c60a3ae931" />
    <UnitTestResult executionId="b5b25ee4-336d-4b2f-8143-39f355230454" testId="bf57e603-55e8-e756-40bc-e3eb90de23d8" testName="StateSenderService_ExecuteAsync_DeleteStateChangeData_Success" computerName="DKSR-EFI-06" duration="00:00:00.0204312" startTime="2024-01-09T15:42:50.9872528+01:00" endTime="2024-01-09T15:42:51.0079051+01:00" testType="13cdc9d9-ddb5-4fa4-a97d-d965ccfc6d4b" outcome="Passed" testListId="8c84fa94-04c1-424b-9868-57a2d4851a1d" relativeResultsDirectory="b5b25ee4-336d-4b2f-8143-39f355230454" />
    <UnitTestResult executionId="65bd6c39-314a-416d-baa7-10b36145c636" testId="26333346-7562-dbdc-08ec-7308b35cf634" testName="GetState_DoesNotChangeFromCriticalToNormal_OnCriticalEqualWarningAndValuesWithinBuffer" computerName="DKSR-EFI-06" duration="00:00:00.0005163" startTime="2024-01-09T15:42:50.3000789+01:00" endTime="2024-01-09T15:42:50.3006617+01:00" testType="13cdc9d9-ddb5-4fa4-a97d-d965ccfc6d4b" outcome="Passed" testListId="8c84fa94-04c1-424b-9868-57a2d4851a1d" relativeResultsDirectory="65bd6c39-314a-416d-baa7-10b36145c636" />
    <UnitTestResult executionId="0ae53cf9-ea55-4420-805d-c43d0b92f4c2" testId="1a5ff673-b7ec-7d38-edfe-db793990661a" testName="Constructor_NullBackoffFactory_ArgumentNullExceptionThrown" computerName="DKSR-EFI-06" duration="00:00:00.0003794" startTime="2024-01-09T15:42:51.4002421+01:00" endTime="2024-01-09T15:42:51.4007195+01:00" testType="13cdc9d9-ddb5-4fa4-a97d-d965ccfc6d4b" outcome="Passed" testListId="8c84fa94-04c1-424b-9868-57a2d4851a1d" relativeResultsDirectory="0ae53cf9-ea55-4420-805d-c43d0b92f4c2" />
    <UnitTestResult executionId="0342683d-f90a-4709-84c1-030c4f7fe72f" testId="b40bc42d-4e6b-a1b8-a3bb-4112f820cfe4" testName="MultiCounterRule_ResetState" computerName="DKSR-EFI-06" duration="00:00:00.0008436" startTime="2024-01-09T15:42:51.1600265+01:00" endTime="2024-01-09T15:42:51.1609396+01:00" testType="13cdc9d9-ddb5-4fa4-a97d-d965ccfc6d4b" outcome="Passed" testListId="8c84fa94-04c1-424b-9868-57a2d4851a1d" relativeResultsDirectory="0342683d-f90a-4709-84c1-030c4f7fe72f" />
    <UnitTestResult executionId="8b006700-daef-4a5e-8759-7fc307e6867f" testId="832c526e-db28-7b55-84fe-577898576c0c" testName="GrpcProfile_Convert_PerformanceCounterInstance_To_gRPC (SingleInstance,Timer100Ns,SingleInstance,Timer100Ns)" computerName="DKSR-EFI-06" duration="00:00:00.0483936" startTime="2024-01-09T15:42:37.0695600+01:00" endTime="2024-01-09T15:42:37.1182825+01:00" testType="13cdc9d9-ddb5-4fa4-a97d-d965ccfc6d4b" outcome="Passed" testListId="8c84fa94-04c1-424b-9868-57a2d4851a1d" relativeResultsDirectory="8b006700-daef-4a5e-8759-7fc307e6867f" />
    <UnitTestResult executionId="45ef4949-76dc-4fc1-957f-d74255df0f50" testId="ce9a9f47-c429-8d93-1bd7-a7933f28abf8" testName="GrpcProfile_Convert_PerformanceCounterInstance_From_gRPC (Unknown,AverageBase,Unknown,AverageBase)" computerName="DKSR-EFI-06" duration="00:00:00.0138351" startTime="2024-01-09T15:42:36.2585718+01:00" endTime="2024-01-09T15:42:36.2727063+01:00" testType="13cdc9d9-ddb5-4fa4-a97d-d965ccfc6d4b" outcome="Passed" testListId="8c84fa94-04c1-424b-9868-57a2d4851a1d" relativeResultsDirectory="45ef4949-76dc-4fc1-957f-d74255df0f50" />
    <UnitTestResult executionId="780eb38d-de69-4e94-a387-e56139fcce01" testId="1583c8eb-73e2-d07a-761f-f6c0601e28ab" testName="GrpcProfile_Convert_PerformanceCounterInstance_From_gRPC (SingleInstance,SampleCounter,SingleInstance,SampleCounter)" computerName="DKSR-EFI-06" duration="00:00:00.0065571" startTime="2024-01-09T15:42:36.6258906+01:00" endTime="2024-01-09T15:42:36.6327007+01:00" testType="13cdc9d9-ddb5-4fa4-a97d-d965ccfc6d4b" outcome="Passed" testListId="8c84fa94-04c1-424b-9868-57a2d4851a1d" relativeResultsDirectory="780eb38d-de69-4e94-a387-e56139fcce01" />
    <UnitTestResult executionId="fad8fce8-d820-4af1-94b6-2c5ea12c3524" testId="38077ebb-5bbe-a70a-350a-bf4bc1126fa7" testName="Convert_FromPerformanceCounterValueListToGetPerformanceCounterValuesResponse_Success" computerName="DKSR-EFI-06" duration="00:00:00.1660133" startTime="2024-01-09T15:42:37.1537578+01:00" endTime="2024-01-09T15:42:37.3201252+01:00" testType="13cdc9d9-ddb5-4fa4-a97d-d965ccfc6d4b" outcome="Passed" testListId="8c84fa94-04c1-424b-9868-57a2d4851a1d" relativeResultsDirectory="fad8fce8-d820-4af1-94b6-2c5ea12c3524" />
    <UnitTestResult executionId="e3061a25-e917-44de-9a57-fa0dbd82b71e" testId="9c1e900c-25e6-4703-997c-886376712446" testName="RuleConfigurationChangeEventHandler_Handle_UpdateRule_NoneDefault_Success" computerName="DKSR-EFI-06" duration="00:00:00.0038167" startTime="2024-01-09T15:42:50.3941034+01:00" endTime="2024-01-09T15:42:50.3980652+01:00" testType="13cdc9d9-ddb5-4fa4-a97d-d965ccfc6d4b" outcome="Passed" testListId="8c84fa94-04c1-424b-9868-57a2d4851a1d" relativeResultsDirectory="e3061a25-e917-44de-9a57-fa0dbd82b71e" />
    <UnitTestResult executionId="fd2f6b9f-3e3b-4ddd-bda1-d5a17472d865" testId="3d9e7fab-940e-8196-2e86-cc03ed4c8b8a" testName="CollectPerformanceCounter_Publish_UnSuccess" computerName="DKSR-EFI-06" duration="00:00:00.0040348" startTime="2024-01-09T15:42:50.5829167+01:00" endTime="2024-01-09T15:42:50.5870826+01:00" testType="13cdc9d9-ddb5-4fa4-a97d-d965ccfc6d4b" outcome="Passed" testListId="8c84fa94-04c1-424b-9868-57a2d4851a1d" relativeResultsDirectory="fd2f6b9f-3e3b-4ddd-bda1-d5a17472d865" />
    <UnitTestResult executionId="a00bf581-1379-4e04-bc01-aa9ce70a15f2" testId="15cee32b-ba55-cb10-9019-6821bdcf228e" testName="MarkPerformanceCounterDataAsObsoleteServerCommandHandler_Handle_Success" computerName="DKSR-EFI-06" duration="00:00:00.0023770" startTime="2024-01-09T15:42:51.1712567+01:00" endTime="2024-01-09T15:42:51.1738349+01:00" testType="13cdc9d9-ddb5-4fa4-a97d-d965ccfc6d4b" outcome="Passed" testListId="8c84fa94-04c1-424b-9868-57a2d4851a1d" relativeResultsDirectory="a00bf581-1379-4e04-bc01-aa9ce70a15f2" />
    <UnitTestResult executionId="3b886d99-3d90-4edf-88b7-3c485284f974" testId="3430972d-2ccb-fa89-c958-6a8b719f7964" testName="Create_Memory_Counter_Rule_As_CounterRule" computerName="DKSR-EFI-06" duration="00:00:00.0126789" startTime="2024-01-09T15:42:50.2312937+01:00" endTime="2024-01-09T15:42:50.2442324+01:00" testType="13cdc9d9-ddb5-4fa4-a97d-d965ccfc6d4b" outcome="Passed" testListId="8c84fa94-04c1-424b-9868-57a2d4851a1d" relativeResultsDirectory="3b886d99-3d90-4edf-88b7-3c485284f974" />
    <UnitTestResult executionId="ced34124-c200-4c56-b81d-055156cd1e16" testId="aa615615-baae-2181-938d-6cfaea450551" testName="CounterStateHandler_SetUndefined_StateChange_Only_Send_Once" computerName="DKSR-EFI-06" duration="00:00:00.0001619" startTime="2024-01-09T15:42:51.1446171+01:00" endTime="2024-01-09T15:42:51.1448425+01:00" testType="13cdc9d9-ddb5-4fa4-a97d-d965ccfc6d4b" outcome="Passed" testListId="8c84fa94-04c1-424b-9868-57a2d4851a1d" relativeResultsDirectory="ced34124-c200-4c56-b81d-055156cd1e16" />
    <UnitTestResult executionId="9e719f9a-e3cf-4ea6-895e-09d1c00dff9b" testId="5e4e0a0d-9a3d-3df8-e034-1788e31cc6b4" testName="CollectPerformanceCounter_Publish_Success" computerName="DKSR-EFI-06" duration="00:00:00.0242586" startTime="2024-01-09T15:42:50.5583565+01:00" endTime="2024-01-09T15:42:50.5828540+01:00" testType="13cdc9d9-ddb5-4fa4-a97d-d965ccfc6d4b" outcome="Passed" testListId="8c84fa94-04c1-424b-9868-57a2d4851a1d" relativeResultsDirectory="9e719f9a-e3cf-4ea6-895e-09d1c00dff9b" />
    <UnitTestResult executionId="813c344d-5aa6-43e7-8f1e-da1686230c7b" testId="9eb32da8-ed65-a360-d3a8-616c63cd4fcb" testName="ConfigurationRefreshService_ExecuteAsync_OperationCanceledException_Handled" computerName="DKSR-EFI-06" duration="00:00:00.0043828" startTime="2024-01-09T15:42:50.6456341+01:00" endTime="2024-01-09T15:42:50.6501464+01:00" testType="13cdc9d9-ddb5-4fa4-a97d-d965ccfc6d4b" outcome="Passed" testListId="8c84fa94-04c1-424b-9868-57a2d4851a1d" relativeResultsDirectory="813c344d-5aa6-43e7-8f1e-da1686230c7b" />
    <UnitTestResult executionId="3cf08471-9120-4f45-a89c-4a0f59df9130" testId="6fbec623-eedb-bd8e-f88d-7106c9859ae0" testName="RuleConfigurationRefreshService_ExecuteAsync_Exception_Unhandled" computerName="DKSR-EFI-06" duration="00:00:00.0048434" startTime="2024-01-09T15:42:50.9441252+01:00" endTime="2024-01-09T15:42:50.9490716+01:00" testType="13cdc9d9-ddb5-4fa4-a97d-d965ccfc6d4b" outcome="Passed" testListId="8c84fa94-04c1-424b-9868-57a2d4851a1d" relativeResultsDirectory="3cf08471-9120-4f45-a89c-4a0f59df9130" />
    <UnitTestResult executionId="20aef23b-58e4-4128-ae34-b1baad3be9b7" testId="f298f661-e060-0a59-8b59-305423b217de" testName="PerformanceCounterInstancesService_CategoryType_is_NotMultiInstanc_InstanceName_IsNullOrEmpty_different_instanceNames" computerName="DKSR-EFI-06" duration="00:00:00.0018388" startTime="2024-01-09T15:42:50.6690078+01:00" endTime="2024-01-09T15:42:50.6709559+01:00" testType="13cdc9d9-ddb5-4fa4-a97d-d965ccfc6d4b" outcome="Passed" testListId="8c84fa94-04c1-424b-9868-57a2d4851a1d" relativeResultsDirectory="20aef23b-58e4-4128-ae34-b1baad3be9b7" />
    <UnitTestResult executionId="efe8c9be-4f6e-461f-8f16-73b5bcd60258" testId="cec93275-5d0a-03f5-b1af-1e4aaef84815" testName="Create_ServiceAvailableRule_For_Recording_Server" computerName="DKSR-EFI-06" duration="00:00:00.0002988" startTime="2024-01-09T15:42:50.2541790+01:00" endTime="2024-01-09T15:42:50.2545425+01:00" testType="13cdc9d9-ddb5-4fa4-a97d-d965ccfc6d4b" outcome="Passed" testListId="8c84fa94-04c1-424b-9868-57a2d4851a1d" relativeResultsDirectory="efe8c9be-4f6e-461f-8f16-73b5bcd60258" />
    <UnitTestResult executionId="7964f78b-2f09-4f77-a26b-f72b743629b4" testId="524e50d0-a87a-8656-2d19-c93a8d32df4c" testName="GrpcProfile_Convert_PerformanceCounterInstance_To_gRPC (SingleInstance,CounterMultiTimer100Ns,SingleInstance,CounterMultiTimer100Ns)" computerName="DKSR-EFI-06" duration="00:00:00.0244129" startTime="2024-01-09T15:42:36.9086491+01:00" endTime="2024-01-09T15:42:36.9333620+01:00" testType="13cdc9d9-ddb5-4fa4-a97d-d965ccfc6d4b" outcome="Passed" testListId="8c84fa94-04c1-424b-9868-57a2d4851a1d" relativeResultsDirectory="7964f78b-2f09-4f77-a26b-f72b743629b4" />
    <UnitTestResult executionId="ce5fc093-d2e1-44c1-abd4-ea8573f5d779" testId="7a738e8f-950d-d3dd-09c6-651378118716" testName="SampleRulesService_Exception_Caught_Success" computerName="DKSR-EFI-06" duration="00:00:00.0060892" startTime="2024-01-09T15:42:50.9809989+01:00" endTime="2024-01-09T15:42:50.9872053+01:00" testType="13cdc9d9-ddb5-4fa4-a97d-d965ccfc6d4b" outcome="Passed" testListId="8c84fa94-04c1-424b-9868-57a2d4851a1d" relativeResultsDirectory="ce5fc093-d2e1-44c1-abd4-ea8573f5d779" />
    <UnitTestResult executionId="8996d8c5-bf2b-4ba8-97e9-1ba3dac615af" testId="ddd86afe-4241-47f8-f6de-b5a8b2e36923" testName="RuleConfigurationRefreshService_ExecuteAsync_ConfigurationInError_LoggingOrPublishNotCalled_Success" computerName="DKSR-EFI-06" duration="00:00:00.0192446" startTime="2024-01-09T15:42:50.9208467+01:00" endTime="2024-01-09T15:42:50.9403069+01:00" testType="13cdc9d9-ddb5-4fa4-a97d-d965ccfc6d4b" outcome="Passed" testListId="8c84fa94-04c1-424b-9868-57a2d4851a1d" relativeResultsDirectory="8996d8c5-bf2b-4ba8-97e9-1ba3dac615af" />
    <UnitTestResult executionId="7ddc36d3-7ad0-49e2-99fa-d103aca83f83" testId="8f7f9e85-9a0f-355c-0a0e-c63243222b0d" testName="CameraCounterRule_Sends_State_Changes_When_Recording_Server_Is_Up_Again" computerName="DKSR-EFI-06" duration="00:00:00.0029288" startTime="2024-01-09T15:42:50.2676993+01:00" endTime="2024-01-09T15:42:50.2707515+01:00" testType="13cdc9d9-ddb5-4fa4-a97d-d965ccfc6d4b" outcome="Passed" testListId="8c84fa94-04c1-424b-9868-57a2d4851a1d" relativeResultsDirectory="7ddc36d3-7ad0-49e2-99fa-d103aca83f83" />
    <UnitTestResult executionId="b100c7f7-b23b-4ddf-a28c-8562faf5aaca" testId="949293aa-b26b-f789-9746-e472f9b8ef73" testName="StatePerValue_AddStateChange_StateChange_Handled" computerName="DKSR-EFI-06" duration="00:00:00.0040367" startTime="2024-01-09T15:42:50.3473768+01:00" endTime="2024-01-09T15:42:50.3514996+01:00" testType="13cdc9d9-ddb5-4fa4-a97d-d965ccfc6d4b" outcome="Passed" testListId="8c84fa94-04c1-424b-9868-57a2d4851a1d" relativeResultsDirectory="b100c7f7-b23b-4ddf-a28c-8562faf5aaca" />
    <UnitTestResult executionId="fc77dee6-666c-4100-bb0e-c30d1acbbe8e" testId="dba1c31d-0f70-1809-4c44-2a947f3446d2" testName="ReportMachinePropertiesServerCommandHandler_Handle_Success" computerName="DKSR-EFI-06" duration="00:00:00.2640103" startTime="2024-01-09T15:42:37.3202049+01:00" endTime="2024-01-09T15:42:37.5845338+01:00" testType="13cdc9d9-ddb5-4fa4-a97d-d965ccfc6d4b" outcome="Passed" testListId="8c84fa94-04c1-424b-9868-57a2d4851a1d" relativeResultsDirectory="fc77dee6-666c-4100-bb0e-c30d1acbbe8e" />
    <UnitTestResult executionId="23a63637-1093-452d-b8f0-5c4dab45cea3" testId="28deb3e6-17b2-28bc-99fe-da9265970ea9" testName="MultiCounterRule_UnRegisterPerformanceCounterInstance_RemovedCounterWithLowestState_DontSendStateChange" computerName="DKSR-EFI-06" duration="00:00:00.0009118" startTime="2024-01-09T15:42:51.1620290+01:00" endTime="2024-01-09T15:42:51.1630196+01:00" testType="13cdc9d9-ddb5-4fa4-a97d-d965ccfc6d4b" outcome="Passed" testListId="8c84fa94-04c1-424b-9868-57a2d4851a1d" relativeResultsDirectory="23a63637-1093-452d-b8f0-5c4dab45cea3" />
    <UnitTestResult executionId="4564438a-035b-4be7-96fe-66babb35608a" testId="53cfd286-9032-72c2-bb7e-e6750fb64db7" testName="MultiCounterRule_UnRegisterPerformanceCounterInstance_RemovedCounterWithHighestState_SendStateChange" computerName="DKSR-EFI-06" duration="00:00:00.0009522" startTime="2024-01-09T15:42:51.1609686+01:00" endTime="2024-01-09T15:42:51.1619999+01:00" testType="13cdc9d9-ddb5-4fa4-a97d-d965ccfc6d4b" outcome="Passed" testListId="8c84fa94-04c1-424b-9868-57a2d4851a1d" relativeResultsDirectory="4564438a-035b-4be7-96fe-66babb35608a" />
    <UnitTestResult executionId="779e15a4-3824-4ff0-bf19-56baaaeee56c" testId="1baa3ee0-f2f9-7621-9aa5-b96f8236ee38" testName="StatePerValue_SetUndefined_StateChange_Handled" computerName="DKSR-EFI-06" duration="00:00:00.0003976" startTime="2024-01-09T15:42:50.3515412+01:00" endTime="2024-01-09T15:42:50.3520268+01:00" testType="13cdc9d9-ddb5-4fa4-a97d-d965ccfc6d4b" outcome="Passed" testListId="8c84fa94-04c1-424b-9868-57a2d4851a1d" relativeResultsDirectory="779e15a4-3824-4ff0-bf19-56baaaeee56c" />
    <UnitTestResult executionId="21735d72-de6f-4731-8ec0-ae17bb743161" testId="b9f49d19-1600-a6bf-9d21-49324d56bd24" testName="GrpcProfile_Convert_PerformanceCounterInstance_From_gRPC (SingleInstance,SampleBase,SingleInstance,SampleBase)" computerName="DKSR-EFI-06" duration="00:00:00.0064931" startTime="2024-01-09T15:42:36.6188092+01:00" endTime="2024-01-09T15:42:36.6258264+01:00" testType="13cdc9d9-ddb5-4fa4-a97d-d965ccfc6d4b" outcome="Passed" testListId="8c84fa94-04c1-424b-9868-57a2d4851a1d" relativeResultsDirectory="21735d72-de6f-4731-8ec0-ae17bb743161" />
    <UnitTestResult executionId="376ebeaf-a45e-4471-aa46-037ba57434e3" testId="b9f8de0e-4563-dedd-8645-d901b29ea59a" testName="GrpcProfile_Convert_PerformanceCounterInstance_To_gRPC (SingleInstance,AverageCount64,SingleInstance,AverageCount64)" computerName="DKSR-EFI-06" duration="00:00:00.0123658" startTime="2024-01-09T15:42:36.7521258+01:00" endTime="2024-01-09T15:42:36.7647613+01:00" testType="13cdc9d9-ddb5-4fa4-a97d-d965ccfc6d4b" outcome="Passed" testListId="8c84fa94-04c1-424b-9868-57a2d4851a1d" relativeResultsDirectory="376ebeaf-a45e-4471-aa46-037ba57434e3" />
    <UnitTestResult executionId="aa4d77bf-28c1-4f67-b91b-751e5f145616" testId="c8ff54a3-dba1-bb46-b9e3-ba2ac89904ae" testName="TestCriticalToWarning" computerName="DKSR-EFI-06" duration="00:00:00.0005495" startTime="2024-01-09T15:42:50.2939946+01:00" endTime="2024-01-09T15:42:50.2946371+01:00" testType="13cdc9d9-ddb5-4fa4-a97d-d965ccfc6d4b" outcome="Passed" testListId="8c84fa94-04c1-424b-9868-57a2d4851a1d" relativeResultsDirectory="aa4d77bf-28c1-4f67-b91b-751e5f145616" />
    <UnitTestResult executionId="ad4e887b-5cd9-4f6d-ad32-6fd4501650b0" testId="f747e9de-e9b4-46cb-d62b-ea97409c92c1" testName="CounterRule_Sends_State_Changes_When_Recording_Server_Is_Down" computerName="DKSR-EFI-06" duration="00:00:00.0018016" startTime="2024-01-09T15:42:50.3046042+01:00" endTime="2024-01-09T15:42:50.3064720+01:00" testType="13cdc9d9-ddb5-4fa4-a97d-d965ccfc6d4b" outcome="Passed" testListId="8c84fa94-04c1-424b-9868-57a2d4851a1d" relativeResultsDirectory="ad4e887b-5cd9-4f6d-ad32-6fd4501650b0" />
    <UnitTestResult executionId="813d64b7-736b-4c17-a916-325116fb98ae" testId="608ef198-a4e8-9cde-63c1-104a7d89c11f" testName="Handle_HandledExceptionTypes_ExceptionReturnedAsResponseAndLogged (System.Threading.ThreadInterruptedException,Thread was interrupted from a waiting state.)" computerName="DKSR-EFI-06" duration="00:00:00.0031572" startTime="2024-01-09T15:42:51.4315952+01:00" endTime="2024-01-09T15:42:51.4384024+01:00" testType="13cdc9d9-ddb5-4fa4-a97d-d965ccfc6d4b" outcome="Passed" testListId="8c84fa94-04c1-424b-9868-57a2d4851a1d" relativeResultsDirectory="813d64b7-736b-4c17-a916-325116fb98ae" />
    <UnitTestResult executionId="b0963563-5577-40c5-a402-2f3c8a4c2403" testId="669bd9f8-af86-b8da-6904-897f7ebef7ff" testName="GrpcProfile_Convert_PerformanceCounterInstance_From_gRPC (SingleInstance,NumberOfItems64,SingleInstance,NumberOfItems64)" computerName="DKSR-EFI-06" duration="00:00:00.0083530" startTime="2024-01-09T15:42:36.5439624+01:00" endTime="2024-01-09T15:42:36.5525705+01:00" testType="13cdc9d9-ddb5-4fa4-a97d-d965ccfc6d4b" outcome="Passed" testListId="8c84fa94-04c1-424b-9868-57a2d4851a1d" relativeResultsDirectory="b0963563-5577-40c5-a402-2f3c8a4c2403" />
    <UnitTestResult executionId="8e7d880c-48a3-4e4c-8769-3591a0424cf2" testId="c0acc7aa-513d-6c93-05d1-3ade693089df" testName="MultiCounterRule_AddStateChanged_MaxStateIsSend" computerName="DKSR-EFI-06" duration="00:00:00.0009200" startTime="2024-01-09T15:42:51.1578790+01:00" endTime="2024-01-09T15:42:51.1588810+01:00" testType="13cdc9d9-ddb5-4fa4-a97d-d965ccfc6d4b" outcome="Passed" testListId="8c84fa94-04c1-424b-9868-57a2d4851a1d" relativeResultsDirectory="8e7d880c-48a3-4e4c-8769-3591a0424cf2" />
    <UnitTestResult executionId="8ef133b8-b6bc-4b8a-adf8-f4000b545e79" testId="ecabdb3d-dab6-46d9-db55-64328c5bf997" testName="ReportGpuCounterInstancesServerCommandHandler_Handle_Success" computerName="DKSR-EFI-06" duration="00:00:00.0059362" startTime="2024-01-09T15:42:51.1764551+01:00" endTime="2024-01-09T15:42:51.1825666+01:00" testType="13cdc9d9-ddb5-4fa4-a97d-d965ccfc6d4b" outcome="Passed" testListId="8c84fa94-04c1-424b-9868-57a2d4851a1d" relativeResultsDirectory="8ef133b8-b6bc-4b8a-adf8-f4000b545e79" />
    <UnitTestResult executionId="32466fe5-fdcd-4126-b3cb-06166650228e" testId="94d06844-b049-7846-50ac-b34c96788502" testName="PerformanceCounterInstancesService_CategoryType_is_MultiInstance_InstanceName_IsNotNullOrEmpty_empty_instanceNames" computerName="DKSR-EFI-06" duration="00:00:00.0018775" startTime="2024-01-09T15:42:50.6630317+01:00" endTime="2024-01-09T15:42:50.6649973+01:00" testType="13cdc9d9-ddb5-4fa4-a97d-d965ccfc6d4b" outcome="Passed" testListId="8c84fa94-04c1-424b-9868-57a2d4851a1d" relativeResultsDirectory="32466fe5-fdcd-4126-b3cb-06166650228e" />
    <UnitTestResult executionId="7ce6cd0b-4567-4b34-939b-4b240c68a6ff" testId="881259e2-56aa-fe95-61a6-2f805bedebdd" testName="Create_ServiceAvailableRule_For_Management_Server" computerName="DKSR-EFI-06" duration="00:00:00.0008376" startTime="2024-01-09T15:42:50.2530695+01:00" endTime="2024-01-09T15:42:50.2541493+01:00" testType="13cdc9d9-ddb5-4fa4-a97d-d965ccfc6d4b" outcome="Passed" testListId="8c84fa94-04c1-424b-9868-57a2d4851a1d" relativeResultsDirectory="7ce6cd0b-4567-4b34-939b-4b240c68a6ff" />
    <UnitTestResult executionId="b8e1c668-8750-49ed-99af-e5b27f6e9c76" testId="6cf4131d-f13a-273b-8229-151f1ff5afdc" testName="GrpcProfile_Convert_PerformanceCounterInstance_To_gRPC (SingleInstance,NumberOfItems32,SingleInstance,NumberOfItems32)" computerName="DKSR-EFI-06" duration="00:00:00.0059548" startTime="2024-01-09T15:42:36.9886878+01:00" endTime="2024-01-09T15:42:36.9949751+01:00" testType="13cdc9d9-ddb5-4fa4-a97d-d965ccfc6d4b" outcome="Passed" testListId="8c84fa94-04c1-424b-9868-57a2d4851a1d" relativeResultsDirectory="b8e1c668-8750-49ed-99af-e5b27f6e9c76" />
    <UnitTestResult executionId="620b31e7-2be4-4a24-8af4-7ceaaa8df08a" testId="e860ee21-2db1-ad1a-8860-b66822c2d45f" testName="PerformanceCounterInstancesService_CategoryType_is_SingleInstance_InstanceName_IsNotNullOrEmpty" computerName="DKSR-EFI-06" duration="00:00:00.0052067" startTime="2024-01-09T15:42:50.6557398+01:00" endTime="2024-01-09T15:42:50.6611563+01:00" testType="13cdc9d9-ddb5-4fa4-a97d-d965ccfc6d4b" outcome="Passed" testListId="8c84fa94-04c1-424b-9868-57a2d4851a1d" relativeResultsDirectory="620b31e7-2be4-4a24-8af4-7ceaaa8df08a" />
    <UnitTestResult executionId="82534499-20f5-4d96-adc5-01d6fa2931e2" testId="7ae6ba2f-744b-1714-53a8-c4e3453cf0bf" testName="MultiCounterRule_AddStateChanged_NotAllCountersAreReported_NoStateChangeSend" computerName="DKSR-EFI-06" duration="00:00:00.0006389" startTime="2024-01-09T15:42:51.1571256+01:00" endTime="2024-01-09T15:42:51.1578499+01:00" testType="13cdc9d9-ddb5-4fa4-a97d-d965ccfc6d4b" outcome="Passed" testListId="8c84fa94-04c1-424b-9868-57a2d4851a1d" relativeResultsDirectory="82534499-20f5-4d96-adc5-01d6fa2931e2" />
    <UnitTestResult executionId="4290739e-8991-4314-a2f2-7d84ead0a348" testId="e8b525c8-5118-5f4f-2580-60cdf5d84082" testName="RequestBaseResponse_EnsureResponseIsOfTypeResult_Succeeds" computerName="DKSR-EFI-06" duration="00:00:00.0418430" startTime="2024-01-09T15:42:50.1890687+01:00" endTime="2024-01-09T15:42:50.2312252+01:00" testType="13cdc9d9-ddb5-4fa4-a97d-d965ccfc6d4b" outcome="Passed" testListId="8c84fa94-04c1-424b-9868-57a2d4851a1d" relativeResultsDirectory="4290739e-8991-4314-a2f2-7d84ead0a348" />
    <UnitTestResult executionId="778a55d0-7922-4b4c-a9f1-9ce2826a825d" testId="732ca944-6770-7425-26bb-fb56ee5758fd" testName="MultiCounterRule_AddStateChanged_state_NullCheck" computerName="DKSR-EFI-06" duration="00:00:00.0006312" startTime="2024-01-09T15:42:51.1527330+01:00" endTime="2024-01-09T15:42:51.1534247+01:00" testType="13cdc9d9-ddb5-4fa4-a97d-d965ccfc6d4b" outcome="Passed" testListId="8c84fa94-04c1-424b-9868-57a2d4851a1d" relativeResultsDirectory="778a55d0-7922-4b4c-a9f1-9ce2826a825d" />
    <UnitTestResult executionId="761c812c-ff1a-48e7-8f42-9c4563a216a3" testId="4ab2c5db-58d6-6509-40fe-e653a96833a2" testName="MultiCounterRule_UnRegisterPerformanceCounterInstance_performanceCounterInstancePath_NullCheck" computerName="DKSR-EFI-06" duration="00:00:00.0006601" startTime="2024-01-09T15:42:51.1652202+01:00" endTime="2024-01-09T15:42:51.1659620+01:00" testType="13cdc9d9-ddb5-4fa4-a97d-d965ccfc6d4b" outcome="Passed" testListId="8c84fa94-04c1-424b-9868-57a2d4851a1d" relativeResultsDirectory="761c812c-ff1a-48e7-8f42-9c4563a216a3" />
    <UnitTestResult executionId="46dd192e-ccac-4061-8d08-8e183074106c" testId="78d85bdf-b612-2360-80c6-bbd244944f25" testName="AddBackOffFactoryExtension_AddExponentialBackOffFactory_Success" computerName="DKSR-EFI-06" duration="00:00:00.1418531" startTime="2024-01-09T15:42:51.4527710+01:00" endTime="2024-01-09T15:42:51.5948466+01:00" testType="13cdc9d9-ddb5-4fa4-a97d-d965ccfc6d4b" outcome="Passed" testListId="8c84fa94-04c1-424b-9868-57a2d4851a1d" relativeResultsDirectory="46dd192e-ccac-4061-8d08-8e183074106c" />
    <UnitTestResult executionId="a5ff058c-0013-45f4-b176-ee5b2dea7838" testId="3cbb434d-f830-86e9-5c97-f98a80abec21" testName="TestNormalToWarning_CriticalIsLow" computerName="DKSR-EFI-06" duration="00:00:00.0004773" startTime="2024-01-09T15:42:50.2965106+01:00" endTime="2024-01-09T15:42:50.2970529+01:00" testType="13cdc9d9-ddb5-4fa4-a97d-d965ccfc6d4b" outcome="Passed" testListId="8c84fa94-04c1-424b-9868-57a2d4851a1d" relativeResultsDirectory="a5ff058c-0013-45f4-b176-ee5b2dea7838" />
    <UnitTestResult executionId="e25ba52b-d985-4369-902f-7333e9efff18" testId="f7643ed5-c2fc-d1be-8f2a-4e90622e37bc" testName="Constructor_NullLogger_ArgumentNullExceptionThrown" computerName="DKSR-EFI-06" duration="00:00:00.0026827" startTime="2024-01-09T15:42:51.3972725+01:00" endTime="2024-01-09T15:42:51.4001932+01:00" testType="13cdc9d9-ddb5-4fa4-a97d-d965ccfc6d4b" outcome="Passed" testListId="8c84fa94-04c1-424b-9868-57a2d4851a1d" relativeResultsDirectory="e25ba52b-d985-4369-902f-7333e9efff18" />
    <UnitTestResult executionId="1551fd45-bfc4-4ea2-8173-f652b10fb5ef" testId="0119d307-dfc2-a149-0d00-d35dfc0aa40a" testName="StateChangeEventHandlerTests_Handle_NotMultiRule_Success" computerName="DKSR-EFI-06" duration="00:00:00.0027063" startTime="2024-01-09T15:42:50.4502754+01:00" endTime="2024-01-09T15:42:50.4533230+01:00" testType="13cdc9d9-ddb5-4fa4-a97d-d965ccfc6d4b" outcome="Passed" testListId="8c84fa94-04c1-424b-9868-57a2d4851a1d" relativeResultsDirectory="1551fd45-bfc4-4ea2-8173-f652b10fb5ef" />
    <UnitTestResult executionId="af7f8f04-29e6-4de9-8d13-4406f5757aef" testId="df63696c-07a8-76cf-bf8e-7ec28d95d8b1" testName="ExponentialBackOff_Delay_MsAboveMax_Success" computerName="DKSR-EFI-06" duration="00:00:00.0015385" startTime="2024-01-09T15:42:51.6038099+01:00" endTime="2024-01-09T15:42:51.6054500+01:00" testType="13cdc9d9-ddb5-4fa4-a97d-d965ccfc6d4b" outcome="Passed" testListId="8c84fa94-04c1-424b-9868-57a2d4851a1d" relativeResultsDirectory="af7f8f04-29e6-4de9-8d13-4406f5757aef" />
    <UnitTestResult executionId="ab0aa802-ee75-40d6-8b55-a461e0596e09" testId="232e8a33-bf5e-a606-399f-6ccfaaa7dcf0" testName="TestWarningToNormal" computerName="DKSR-EFI-06" duration="00:00:00.0004618" startTime="2024-01-09T15:42:50.2953768+01:00" endTime="2024-01-09T15:42:50.2959101+01:00" testType="13cdc9d9-ddb5-4fa4-a97d-d965ccfc6d4b" outcome="Passed" testListId="8c84fa94-04c1-424b-9868-57a2d4851a1d" relativeResultsDirectory="ab0aa802-ee75-40d6-8b55-a461e0596e09" />
    <UnitTestResult executionId="accbf8fa-5865-4864-ab98-f7c7719ceeb3" testId="a2449c12-e386-f3a3-a452-f81d993bd86e" testName="ConfigurationRefreshService_ExecuteAsync_Publish_Success" computerName="DKSR-EFI-06" duration="00:00:00.0089972" startTime="2024-01-09T15:42:50.6364389+01:00" endTime="2024-01-09T15:42:50.6455720+01:00" testType="13cdc9d9-ddb5-4fa4-a97d-d965ccfc6d4b" outcome="Passed" testListId="8c84fa94-04c1-424b-9868-57a2d4851a1d" relativeResultsDirectory="accbf8fa-5865-4864-ab98-f7c7719ceeb3" />
    <UnitTestResult executionId="4baa301e-c87d-41b0-aca5-94f0f5cf4c6f" testId="25b4b441-49a1-87d4-aa7c-d3ad22f934c8" testName="Handle_DeleteExistingDefaultRule_RuleDeleted" computerName="DKSR-EFI-06" duration="00:00:00.0028358" startTime="2024-01-09T15:42:51.1134431+01:00" endTime="2024-01-09T15:42:51.1163696+01:00" testType="13cdc9d9-ddb5-4fa4-a97d-d965ccfc6d4b" outcome="Passed" testListId="8c84fa94-04c1-424b-9868-57a2d4851a1d" relativeResultsDirectory="4baa301e-c87d-41b0-aca5-94f0f5cf4c6f" />
    <UnitTestResult executionId="2f43edc0-e673-467b-99c1-040827f4caa8" testId="2e7604d7-62cc-df5e-50cf-cf351462e8c4" testName="Handle_UpdateExistingDefaultRule_RuleUpdated" computerName="DKSR-EFI-06" duration="00:00:00.0040695" startTime="2024-01-09T15:42:51.1092336+01:00" endTime="2024-01-09T15:42:51.1134033+01:00" testType="13cdc9d9-ddb5-4fa4-a97d-d965ccfc6d4b" outcome="Passed" testListId="8c84fa94-04c1-424b-9868-57a2d4851a1d" relativeResultsDirectory="2f43edc0-e673-467b-99c1-040827f4caa8" />
    <UnitTestResult executionId="f2192f52-6999-405c-aaaf-1de64fcc70cc" testId="6f6d519d-c5e7-2c3d-fe6f-d662cea3a025" testName="GrpcProfile_Convert_PerformanceCounterInstance_From_gRPC (SingleInstance,CounterDelta32,SingleInstance,CounterDelta32)" computerName="DKSR-EFI-06" duration="00:00:00.0085456" startTime="2024-01-09T15:42:36.2944700+01:00" endTime="2024-01-09T15:42:36.3034070+01:00" testType="13cdc9d9-ddb5-4fa4-a97d-d965ccfc6d4b" outcome="Passed" testListId="8c84fa94-04c1-424b-9868-57a2d4851a1d" relativeResultsDirectory="f2192f52-6999-405c-aaaf-1de64fcc70cc" />
    <UnitTestResult executionId="f4ddb8c9-4228-4e25-8554-53ee77577b17" testId="32d0e77b-0d5c-4606-0869-c0adbfe2c7b6" testName="ReportMachinePropertiesServiceTests_ExecuteAsync_NoCounterStateRules_Logging_Success" computerName="DKSR-EFI-06" duration="00:00:00.0106780" startTime="2024-01-09T15:42:50.9098900+01:00" endTime="2024-01-09T15:42:50.9207886+01:00" testType="13cdc9d9-ddb5-4fa4-a97d-d965ccfc6d4b" outcome="Passed" testListId="8c84fa94-04c1-424b-9868-57a2d4851a1d" relativeResultsDirectory="f4ddb8c9-4228-4e25-8554-53ee77577b17" />
    <UnitTestResult executionId="80b745bc-e912-4367-98dc-eaa5f20b6991" testId="38b149f2-e5d0-a26f-92d6-d46d6a300338" testName="GrpcProfile_Convert_PerformanceCounterInstance_To_gRPC (SingleInstance,CounterTimer,SingleInstance,CounterTimer)" computerName="DKSR-EFI-06" duration="00:00:00.0059694" startTime="2024-01-09T15:42:36.9461785+01:00" endTime="2024-01-09T15:42:36.9523917+01:00" testType="13cdc9d9-ddb5-4fa4-a97d-d965ccfc6d4b" outcome="Passed" testListId="8c84fa94-04c1-424b-9868-57a2d4851a1d" relativeResultsDirectory="80b745bc-e912-4367-98dc-eaa5f20b6991" />
    <UnitTestResult executionId="00054719-ffc5-4084-adef-f8c24d678133" testId="78193bb3-8e76-5c86-eed4-a23b0ff31ee6" testName="SampleRulesService_Publish_UnSuccess" computerName="DKSR-EFI-06" duration="00:00:00.0039400" startTime="2024-01-09T15:42:50.9718053+01:00" endTime="2024-01-09T15:42:50.9758741+01:00" testType="13cdc9d9-ddb5-4fa4-a97d-d965ccfc6d4b" outcome="Passed" testListId="8c84fa94-04c1-424b-9868-57a2d4851a1d" relativeResultsDirectory="00054719-ffc5-4084-adef-f8c24d678133" />
    <UnitTestResult executionId="9f029463-6027-4d5e-8d31-65b756d913d2" testId="c2184a80-4d13-1e08-93a2-618502ea5b34" testName="GrpcProfile_Convert_PerformanceCounterInstance_From_gRPC (SingleInstance,NumberOfItems32,SingleInstance,NumberOfItems32)" computerName="DKSR-EFI-06" duration="00:00:00.0064739" startTime="2024-01-09T15:42:36.5371625+01:00" endTime="2024-01-09T15:42:36.5438916+01:00" testType="13cdc9d9-ddb5-4fa4-a97d-d965ccfc6d4b" outcome="Passed" testListId="8c84fa94-04c1-424b-9868-57a2d4851a1d" relativeResultsDirectory="9f029463-6027-4d5e-8d31-65b756d913d2" />
    <UnitTestResult executionId="6a08ebc3-6b4e-494c-8f2a-03a05185cb98" testId="5df4b12d-f022-4961-30d9-0199beb4217c" testName="CameraStateCounterRule_Send_Camera_State_Changes_And_Block_When_Recording_Server_Is_Down" computerName="DKSR-EFI-06" duration="00:00:00.0008396" startTime="2024-01-09T15:42:51.1464728+01:00" endTime="2024-01-09T15:42:51.1474343+01:00" testType="13cdc9d9-ddb5-4fa4-a97d-d965ccfc6d4b" outcome="Passed" testListId="8c84fa94-04c1-424b-9868-57a2d4851a1d" relativeResultsDirectory="6a08ebc3-6b4e-494c-8f2a-03a05185cb98" />
    <UnitTestResult executionId="dedba0bb-8591-45ce-8c66-0f78ea340a2a" testId="9d2e51b3-75cb-6c5c-0501-910cfb6d7262" testName="RegisterDataCollectorServerCommandHandler_Handle_Cluster_Success" computerName="DKSR-EFI-06" duration="00:00:00.0033253" startTime="2024-01-09T15:42:51.3548056+01:00" endTime="2024-01-09T15:42:51.3582514+01:00" testType="13cdc9d9-ddb5-4fa4-a97d-d965ccfc6d4b" outcome="Passed" testListId="8c84fa94-04c1-424b-9868-57a2d4851a1d" relativeResultsDirectory="dedba0bb-8591-45ce-8c66-0f78ea340a2a" />
    <UnitTestResult executionId="b7ec8560-2890-4626-8494-02e3b0f2b199" testId="391596d7-5b23-4d23-fce3-90f900c49b88" testName="GrpcProfile_Convert_PerformanceCounterInstance_To_gRPC (SingleInstance,RateOfCountsPerSecond64,SingleInstance,RateOfCountsPerSecond64)" computerName="DKSR-EFI-06" duration="00:00:00.0060153" startTime="2024-01-09T15:42:37.0239711+01:00" endTime="2024-01-09T15:42:37.0303122+01:00" testType="13cdc9d9-ddb5-4fa4-a97d-d965ccfc6d4b" outcome="Passed" testListId="8c84fa94-04c1-424b-9868-57a2d4851a1d" relativeResultsDirectory="b7ec8560-2890-4626-8494-02e3b0f2b199" />
    <UnitTestResult executionId="e89a4fb7-ac57-4c90-aa5b-89c7a32cdc84" testId="4738bb32-844f-4454-c7cb-ee8d1c6b10f3" testName="GrpcProfile_Convert_PerformanceCounterInstance_To_gRPC (SingleInstance,CounterMultiTimerInverse,SingleInstance,CounterMultiTimerInverse)" computerName="DKSR-EFI-06" duration="00:00:00.0061244" startTime="2024-01-09T15:42:36.9397462+01:00" endTime="2024-01-09T15:42:36.9461136+01:00" testType="13cdc9d9-ddb5-4fa4-a97d-d965ccfc6d4b" outcome="Passed" testListId="8c84fa94-04c1-424b-9868-57a2d4851a1d" relativeResultsDirectory="e89a4fb7-ac57-4c90-aa5b-89c7a32cdc84" />
    <UnitTestResult executionId="1e543eca-bfdb-433f-a87d-f956ba6e92d8" testId="5809417f-233f-4242-83fd-87594216a098" testName="TestWarningNotToNormal" computerName="DKSR-EFI-06" duration="00:00:00.0004782" startTime="2024-01-09T15:42:50.2959382+01:00" endTime="2024-01-09T15:42:50.2964832+01:00" testType="13cdc9d9-ddb5-4fa4-a97d-d965ccfc6d4b" outcome="Passed" testListId="8c84fa94-04c1-424b-9868-57a2d4851a1d" relativeResultsDirectory="1e543eca-bfdb-433f-a87d-f956ba6e92d8" />
    <UnitTestResult executionId="02f0e234-5a13-40b1-b3f5-b93faffea536" testId="35588009-bb0a-9925-bda3-f1033250c8ff" testName="GrpcProfile_Convert_PerformanceCounterInstance_To_gRPC (MultiInstance,AverageBase,MultiInstance,AverageBase)" computerName="DKSR-EFI-06" duration="00:00:00.0094007" startTime="2024-01-09T15:42:36.6640597+01:00" endTime="2024-01-09T15:42:36.6737951+01:00" testType="13cdc9d9-ddb5-4fa4-a97d-d965ccfc6d4b" outcome="Passed" testListId="8c84fa94-04c1-424b-9868-57a2d4851a1d" relativeResultsDirectory="02f0e234-5a13-40b1-b3f5-b93faffea536" />
    <UnitTestResult executionId="32375a1c-5abe-4c61-b4d9-e2fdeda9d665" testId="d914718c-5efe-e6f3-85f4-5043ddf4ace6" testName="AddPerformanceCounterDataWithConfigRefreshServerCommandHandler_Handle_Success" computerName="DKSR-EFI-06" duration="00:00:00.0050440" startTime="2024-01-09T15:42:51.1659899+01:00" endTime="2024-01-09T15:42:51.1712111+01:00" testType="13cdc9d9-ddb5-4fa4-a97d-d965ccfc6d4b" outcome="Passed" testListId="8c84fa94-04c1-424b-9868-57a2d4851a1d" relativeResultsDirectory="32375a1c-5abe-4c61-b4d9-e2fdeda9d665" />
    <UnitTestResult executionId="7f40938d-c3a6-460c-bd01-c57f3a5e2411" testId="545089e9-611e-8f0a-46f2-051fe22c76dc" testName="GrpcProfile_Convert_PerformanceCounterInstance_To_gRPC (SingleInstance,AverageTimer32,SingleInstance,AverageTimer32)" computerName="DKSR-EFI-06" duration="00:00:00.0092029" startTime="2024-01-09T15:42:36.7676424+01:00" endTime="2024-01-09T15:42:36.7771023+01:00" testType="13cdc9d9-ddb5-4fa4-a97d-d965ccfc6d4b" outcome="Passed" testListId="8c84fa94-04c1-424b-9868-57a2d4851a1d" relativeResultsDirectory="7f40938d-c3a6-460c-bd01-c57f3a5e2411" />
    <UnitTestResult executionId="2e94da4b-22bd-4116-84ce-6ade054c3fa4" testId="ce4ab2cd-c8ee-9d8e-1921-426c20b8cc0a" testName="GrpcProfile_Convert_PerformanceCounterInstance_To_gRPC (SingleInstance,RawBase,SingleInstance,RawBase)" computerName="DKSR-EFI-06" duration="00:00:00.0062495" startTime="2024-01-09T15:42:37.0333657+01:00" endTime="2024-01-09T15:42:37.0407399+01:00" testType="13cdc9d9-ddb5-4fa4-a97d-d965ccfc6d4b" outcome="Passed" testListId="8c84fa94-04c1-424b-9868-57a2d4851a1d" relativeResultsDirectory="2e94da4b-22bd-4116-84ce-6ade054c3fa4" />
    <UnitTestResult executionId="2efe9685-4726-4f7c-8d30-61259ddd45ae" testId="991ec10e-e643-56e0-d2c7-0c5a98ac270f" testName="RuleConfigurationChangeEventHandler_Handle_DeleteRule_NoneDefault_Success" computerName="DKSR-EFI-06" duration="00:00:00.0038898" startTime="2024-01-09T15:42:50.4019396+01:00" endTime="2024-01-09T15:42:50.4059652+01:00" testType="13cdc9d9-ddb5-4fa4-a97d-d965ccfc6d4b" outcome="Passed" testListId="8c84fa94-04c1-424b-9868-57a2d4851a1d" relativeResultsDirectory="2efe9685-4726-4f7c-8d30-61259ddd45ae" />
    <UnitTestResult executionId="280481f0-832d-42e6-9217-4d485c8b6750" testId="9e89f5d6-b9ce-a69d-1ea2-fef4ecad3d50" testName="Create_StateHandler_TriggerValue_Is_Not_triggerPerValue_Creates_StatePerValueHandler" computerName="DKSR-EFI-06" duration="00:00:00.0000894" startTime="2024-01-09T15:42:51.1463065+01:00" endTime="2024-01-09T15:42:51.1464523+01:00" testType="13cdc9d9-ddb5-4fa4-a97d-d965ccfc6d4b" outcome="Passed" testListId="8c84fa94-04c1-424b-9868-57a2d4851a1d" relativeResultsDirectory="280481f0-832d-42e6-9217-4d485c8b6750" />
    <UnitTestResult executionId="6addda51-95fd-4d81-b7f7-617549dddd0d" testId="f7c66c60-f0cc-bd34-7758-e0eb6399815e" testName="CollectPerformanceCounter_Exception_Caught_Success" computerName="DKSR-EFI-06" duration="00:00:00.0060767" startTime="2024-01-09T15:42:50.5923164+01:00" endTime="2024-01-09T15:42:50.5985206+01:00" testType="13cdc9d9-ddb5-4fa4-a97d-d965ccfc6d4b" outcome="Passed" testListId="8c84fa94-04c1-424b-9868-57a2d4851a1d" relativeResultsDirectory="6addda51-95fd-4d81-b7f7-617549dddd0d" />
    <UnitTestResult executionId="adac1fd2-44fc-4fc1-9887-7d44d9c30080" testId="774dd580-65f4-172b-5a58-0402f9c52900" testName="StateChangeEventHandlerTests_Handle_MultiruleStateChanged_Success" computerName="DKSR-EFI-06" duration="00:00:00.0382568" startTime="2024-01-09T15:42:50.4060237+01:00" endTime="2024-01-09T15:42:50.4445226+01:00" testType="13cdc9d9-ddb5-4fa4-a97d-d965ccfc6d4b" outcome="Passed" testListId="8c84fa94-04c1-424b-9868-57a2d4851a1d" relativeResultsDirectory="adac1fd2-44fc-4fc1-9887-7d44d9c30080" />
    <UnitTestResult executionId="96b38144-9571-4f91-b5ad-a37e2627f6ec" testId="0232cfa4-fcf0-3b45-cd7e-a41912f405ad" testName="GrpcProfile_Convert_PerformanceCounterInstance_To_gRPC (SingleInstance,SampleBase,SingleInstance,SampleBase)" computerName="DKSR-EFI-06" duration="00:00:00.0056266" startTime="2024-01-09T15:42:37.0475243+01:00" endTime="2024-01-09T15:42:37.0534050+01:00" testType="13cdc9d9-ddb5-4fa4-a97d-d965ccfc6d4b" outcome="Passed" testListId="8c84fa94-04c1-424b-9868-57a2d4851a1d" relativeResultsDirectory="96b38144-9571-4f91-b5ad-a37e2627f6ec" />
    <UnitTestResult executionId="20c370ee-54e0-43cd-b737-69f3532e1e2c" testId="78c1a5d4-34a7-7f1e-5ca4-b693e25e35eb" testName="TestGetSampleCounterNotFound" computerName="DKSR-EFI-06" duration="00:00:00.0305517" startTime="2024-01-09T15:42:50.1245590+01:00" endTime="2024-01-09T15:42:50.1552516+01:00" testType="13cdc9d9-ddb5-4fa4-a97d-d965ccfc6d4b" outcome="Passed" testListId="8c84fa94-04c1-424b-9868-57a2d4851a1d" relativeResultsDirectory="20c370ee-54e0-43cd-b737-69f3532e1e2c" />
    <UnitTestResult executionId="4022596c-b775-4c6c-9552-b4667b6369d8" testId="4870a9ae-754e-8724-e18c-045e6c8c9978" testName="StateChangeCommandHandler_Handle_Success" computerName="DKSR-EFI-06" duration="00:00:00.0031487" startTime="2024-01-09T15:42:51.1402915+01:00" endTime="2024-01-09T15:42:51.1436280+01:00" testType="13cdc9d9-ddb5-4fa4-a97d-d965ccfc6d4b" outcome="Passed" testListId="8c84fa94-04c1-424b-9868-57a2d4851a1d" relativeResultsDirectory="4022596c-b775-4c6c-9552-b4667b6369d8" />
    <UnitTestResult executionId="6c866a0a-dd0a-452b-a26d-c59d605fba42" testId="658d5787-c2e2-161d-f0ac-428f1759143b" testName="GetState_ShouldBeNormal_OnWarningNegativeOneAndBelowCriticalThreshold" computerName="DKSR-EFI-06" duration="00:00:00.0005403" startTime="2024-01-09T15:42:50.3026761+01:00" endTime="2024-01-09T15:42:50.3032885+01:00" testType="13cdc9d9-ddb5-4fa4-a97d-d965ccfc6d4b" outcome="Passed" testListId="8c84fa94-04c1-424b-9868-57a2d4851a1d" relativeResultsDirectory="6c866a0a-dd0a-452b-a26d-c59d605fba42" />
    <UnitTestResult executionId="94d8e29f-322e-4425-80b3-301573ceb551" testId="b0da9145-986a-e07f-ba09-2d562875a4aa" testName="GrpcProfile_Convert_PerformanceCounterInstance_From_gRPC (SingleInstance,CounterMultiBase,SingleInstance,CounterMultiBase)" computerName="DKSR-EFI-06" duration="00:00:00.0167671" startTime="2024-01-09T15:42:36.4249259+01:00" endTime="2024-01-09T15:42:36.4420047+01:00" testType="13cdc9d9-ddb5-4fa4-a97d-d965ccfc6d4b" outcome="Passed" testListId="8c84fa94-04c1-424b-9868-57a2d4851a1d" relativeResultsDirectory="94d8e29f-322e-4425-80b3-301573ceb551" />
    <UnitTestResult executionId="6009b2a7-963c-42c1-b054-661f64172ca3" testId="c7bc1efb-dfff-993b-d2ab-e36a12c4630d" testName="MultiCounterRule_RegisterPerformanceCounterInstance_performanceCounterInstancePath_NullCheck" computerName="DKSR-EFI-06" duration="00:00:00.0003066" startTime="2024-01-09T15:42:51.1534513+01:00" endTime="2024-01-09T15:42:51.1538194+01:00" testType="13cdc9d9-ddb5-4fa4-a97d-d965ccfc6d4b" outcome="Passed" testListId="8c84fa94-04c1-424b-9868-57a2d4851a1d" relativeResultsDirectory="6009b2a7-963c-42c1-b054-661f64172ca3" />
    <UnitTestResult executionId="abc5046e-f0fd-48c1-8962-3681261fb6f6" testId="7398cc64-b8e0-891f-68a4-ca7ab8f99c42" testName="Handle_CustomMaxRetryCount_InfiniteBehaviorVerified" computerName="DKSR-EFI-06" duration="00:00:00.0100766" startTime="2024-01-09T15:42:51.4163882+01:00" endTime="2024-01-09T15:42:51.4265628+01:00" testType="13cdc9d9-ddb5-4fa4-a97d-d965ccfc6d4b" outcome="Passed" testListId="8c84fa94-04c1-424b-9868-57a2d4851a1d" relativeResultsDirectory="abc5046e-f0fd-48c1-8962-3681261fb6f6" />
    <UnitTestResult executionId="03835cf4-9f24-4af2-ab92-c01041c43f2a" testId="b004132d-32f9-1a53-2662-cbd877b58f83" testName="ExponentialBackOff_Delay_Retry_Success" computerName="DKSR-EFI-06" duration="00:00:00.0036632" startTime="2024-01-09T15:42:51.6054918+01:00" endTime="2024-01-09T15:42:51.6101478+01:00" testType="13cdc9d9-ddb5-4fa4-a97d-d965ccfc6d4b" outcome="Passed" testListId="8c84fa94-04c1-424b-9868-57a2d4851a1d" relativeResultsDirectory="03835cf4-9f24-4af2-ab92-c01041c43f2a" />
    <UnitTestResult executionId="6825891f-2b52-4957-bfb2-bc6b2cb1799f" testId="381bcfac-e531-b91d-f89c-8e0492b8e56f" testName="ReportGpuCounterInstancesService_ExecuteAsync_HasHACapability_False_Success" computerName="DKSR-EFI-06" duration="00:00:00.0048494" startTime="2024-01-09T15:42:50.9048506+01:00" endTime="2024-01-09T15:42:50.9098321+01:00" testType="13cdc9d9-ddb5-4fa4-a97d-d965ccfc6d4b" outcome="Passed" testListId="8c84fa94-04c1-424b-9868-57a2d4851a1d" relativeResultsDirectory="6825891f-2b52-4957-bfb2-bc6b2cb1799f" />
  </Results>
  <TestDefinitions>
    <UnitTest name="Validate_CameraCounterRule_With_InValid_Path" storage="d:\actions-runner\_work\xpco\xpco\allsolutions\..\datacollector\service\tst\videoos.datacollector.service.unittests\bin\x64\debug\net6.0-windows\videoos.datacollector.service.unittests.dll" id="169bad83-bbb3-aab8-4922-ee81eb4ce04b">
      <Execution id="64f8cdc4-947e-454c-b26d-728a9094947e" />
      <TestMethod codeBase="D:\actions-runner\_work\XPCO\XPCO\AllSolutions\..\DataCollector\Service\tst\VideoOS.DataCollector.Service.UnitTests\bin\x64\Debug\net6.0-windows\VideoOS.DataCollector.Service.UnitTests.dll" adapterTypeName="executor://mstestadapter/v2" className="VideoOS.DataCollector.Service.UnitTests.CounterRuleFactoryUnitTest" name="Validate_CameraCounterRule_With_InValid_Path" />
    </UnitTest>
    <UnitTest name="OnRecordingServerIsDown_Is_Called_On_Critical_State_Change_For_Recording_Server" storage="d:\actions-runner\_work\xpco\xpco\allsolutions\..\datacollector\service\tst\videoos.datacollector.service.unittests\bin\x64\debug\net6.0-windows\videoos.datacollector.service.unittests.dll" id="0b8feded-c246-76f4-68ea-4f5dab3f2b82">
      <Execution id="b4949d5f-a905-4b71-b179-22a71ee51caf" />
      <TestMethod codeBase="D:\actions-runner\_work\XPCO\XPCO\AllSolutions\..\DataCollector\Service\tst\VideoOS.DataCollector.Service.UnitTests\bin\x64\Debug\net6.0-windows\VideoOS.DataCollector.Service.UnitTests.dll" adapterTypeName="executor://mstestadapter/v2" className="VideoOS.DataCollector.Service.UnitTests.RecordingServiceAvailableRuleUnitTest" name="OnRecordingServerIsDown_Is_Called_On_Critical_State_Change_For_Recording_Server" />
    </UnitTest>
    <UnitTest name="Create_ServiceAvailableRule_For_Recording_Server_With_State_Handler" storage="d:\actions-runner\_work\xpco\xpco\allsolutions\..\datacollector\service\tst\videoos.datacollector.service.unittests\bin\x64\debug\net6.0-windows\videoos.datacollector.service.unittests.dll" id="6498d425-9a73-cef4-376b-3982f8200673">
      <Execution id="0803b908-6e04-4d39-a395-62aa39a0a937" />
      <TestMethod codeBase="D:\actions-runner\_work\XPCO\XPCO\AllSolutions\..\DataCollector\Service\tst\VideoOS.DataCollector.Service.UnitTests\bin\x64\Debug\net6.0-windows\VideoOS.DataCollector.Service.UnitTests.dll" adapterTypeName="executor://mstestadapter/v2" className="VideoOS.DataCollector.Service.UnitTests.ServiceAvailableRuleFactoryUnitTest" name="Create_ServiceAvailableRule_For_Recording_Server_With_State_Handler" />
    </UnitTest>
    <UnitTest name="Handle_DefaultRetryCount_CorrectResponseReturned" storage="d:\actions-runner\_work\xpco\xpco\allsolutions\..\datacollector\service\tst\videoos.datacollector.service.unittests\bin\x64\debug\net6.0-windows\videoos.datacollector.service.unittests.dll" id="732aa43e-92a1-b4ea-e290-87b02f0731ac">
      <Execution id="121f0f8f-9b78-443a-8ab9-016f2a112555" />
      <TestMethod codeBase="D:\actions-runner\_work\XPCO\XPCO\AllSolutions\..\DataCollector\Service\tst\VideoOS.DataCollector.Service.UnitTests\bin\x64\Debug\net6.0-windows\VideoOS.DataCollector.Service.UnitTests.dll" adapterTypeName="executor://mstestadapter/v2" className="VideoOS.DataCollector.Service.UnitTests.Common.Behaviours.RetryBehaviourUnitTest" name="Handle_DefaultRetryCount_CorrectResponseReturned" />
    </UnitTest>
    <UnitTest name="RefreshRuleConfigurationEventHandler_Construct_Success" storage="d:\actions-runner\_work\xpco\xpco\allsolutions\..\datacollector\service\tst\videoos.datacollector.service.unittests\bin\x64\debug\net6.0-windows\videoos.datacollector.service.unittests.dll" id="a857a603-9302-837f-bb95-c91ca2a49564">
      <Execution id="23684a98-5627-4270-91fc-ad678e98aaeb" />
      <TestMethod codeBase="D:\actions-runner\_work\XPCO\XPCO\AllSolutions\..\DataCollector\Service\tst\VideoOS.DataCollector.Service.UnitTests\bin\x64\Debug\net6.0-windows\VideoOS.DataCollector.Service.UnitTests.dll" adapterTypeName="executor://mstestadapter/v2" className="VideoOS.DataCollector.Service.UnitTests.CounterState.RefreshRuleConfigurationEventHandlerTests" name="RefreshRuleConfigurationEventHandler_Construct_Success" />
    </UnitTest>
    <UnitTest name="MultiCounterRule_UnRegisterPerformanceCounterInstance_RemovedCounterWithLowestState_DontSendStateChange" storage="d:\actions-runner\_work\xpco\xpco\allsolutions\..\datacollector\service\tst\videoos.datacollector.service.unittests\bin\x64\debug\net6.0-windows\videoos.datacollector.service.unittests.dll" id="28deb3e6-17b2-28bc-99fe-da9265970ea9">
      <Execution id="23a63637-1093-452d-b8f0-5c4dab45cea3" />
      <TestMethod codeBase="D:\actions-runner\_work\XPCO\XPCO\AllSolutions\..\DataCollector\Service\tst\VideoOS.DataCollector.Service.UnitTests\bin\x64\Debug\net6.0-windows\VideoOS.DataCollector.Service.UnitTests.dll" adapterTypeName="executor://mstestadapter/v2" className="VideoOS.DataCollector.Service.UnitTests.Rules.MultiCounterRuleTest" name="MultiCounterRule_UnRegisterPerformanceCounterInstance_RemovedCounterWithLowestState_DontSendStateChange" />
    </UnitTest>
    <UnitTest name="RegisterServiceApplicationsService_NotifyCompleteBase_Called_Success" storage="d:\actions-runner\_work\xpco\xpco\allsolutions\..\datacollector\service\tst\videoos.datacollector.service.unittests\bin\x64\debug\net6.0-windows\videoos.datacollector.service.unittests.dll" id="716d3569-d8e2-ff47-5f79-a4178d08f047">
      <Execution id="a7d1754d-6366-4ba5-bb79-6b49cbffb349" />
      <TestMethod codeBase="D:\actions-runner\_work\XPCO\XPCO\AllSolutions\..\DataCollector\Service\tst\VideoOS.DataCollector.Service.UnitTests\bin\x64\Debug\net6.0-windows\VideoOS.DataCollector.Service.UnitTests.dll" adapterTypeName="executor://mstestadapter/v2" className="VideoOS.DataCollector.Service.UnitTests.Services.RegisterServiceApplicationsServiceTests" name="RegisterServiceApplicationsService_NotifyCompleteBase_Called_Success" />
    </UnitTest>
    <UnitTest name="Create_StateHandler_TriggerValue_Is_triggerPerValue_Creates_StatePerValueHandler" storage="d:\actions-runner\_work\xpco\xpco\allsolutions\..\datacollector\service\tst\videoos.datacollector.service.unittests\bin\x64\debug\net6.0-windows\videoos.datacollector.service.unittests.dll" id="d842544e-3169-8c12-4974-128d81d2af83">
      <Execution id="da864b2f-6a77-4195-9243-0397d265f6df" />
      <TestMethod codeBase="D:\actions-runner\_work\XPCO\XPCO\AllSolutions\..\DataCollector\Service\tst\VideoOS.DataCollector.Service.UnitTests\bin\x64\Debug\net6.0-windows\VideoOS.DataCollector.Service.UnitTests.dll" adapterTypeName="executor://mstestadapter/v2" className="VideoOS.DataCollector.Service.UnitTests.StateHandlers.StateHandlerFactoryTest" name="Create_StateHandler_TriggerValue_Is_triggerPerValue_Creates_StatePerValueHandler" />
    </UnitTest>
    <UnitTest name="GetState_ShouldBeWarning_OnCurrentCriticalAndValueAboveThresholdLatency" storage="d:\actions-runner\_work\xpco\xpco\allsolutions\..\datacollector\service\tst\videoos.datacollector.service.unittests\bin\x64\debug\net6.0-windows\videoos.datacollector.service.unittests.dll" id="713ab134-8d26-cddb-d52c-0b0b76b02879">
      <Execution id="05ec045b-3d8f-4f5c-9941-df24409d36de" />
      <TestMethod codeBase="D:\actions-runner\_work\XPCO\XPCO\AllSolutions\..\DataCollector\Service\tst\VideoOS.DataCollector.Service.UnitTests\bin\x64\Debug\net6.0-windows\VideoOS.DataCollector.Service.UnitTests.dll" adapterTypeName="executor://mstestadapter/v2" className="VideoOS.DataCollector.Service.UnitTests.CounterRuleTest" name="GetState_ShouldBeWarning_OnCurrentCriticalAndValueAboveThresholdLatency" />
    </UnitTest>
    <UnitTest name="MultiCounterRule_AddStateChanged_CounterNotRegistered_NoStateChangeSend" storage="d:\actions-runner\_work\xpco\xpco\allsolutions\..\datacollector\service\tst\videoos.datacollector.service.unittests\bin\x64\debug\net6.0-windows\videoos.datacollector.service.unittests.dll" id="92e4a8b4-4407-9256-21ee-d34c98dc3e1b">
      <Execution id="03b68803-8495-42e0-b40e-f4ae44a7f4a1" />
      <TestMethod codeBase="D:\actions-runner\_work\XPCO\XPCO\AllSolutions\..\DataCollector\Service\tst\VideoOS.DataCollector.Service.UnitTests\bin\x64\Debug\net6.0-windows\VideoOS.DataCollector.Service.UnitTests.dll" adapterTypeName="executor://mstestadapter/v2" className="VideoOS.DataCollector.Service.UnitTests.Rules.MultiCounterRuleTest" name="MultiCounterRule_AddStateChanged_CounterNotRegistered_NoStateChangeSend" />
    </UnitTest>
    <UnitTest name="Create_ServiceAvailableRule_For_Recording_Server" storage="d:\actions-runner\_work\xpco\xpco\allsolutions\..\datacollector\service\tst\videoos.datacollector.service.unittests\bin\x64\debug\net6.0-windows\videoos.datacollector.service.unittests.dll" id="cec93275-5d0a-03f5-b1af-1e4aaef84815">
      <Execution id="efe8c9be-4f6e-461f-8f16-73b5bcd60258" />
      <TestMethod codeBase="D:\actions-runner\_work\XPCO\XPCO\AllSolutions\..\DataCollector\Service\tst\VideoOS.DataCollector.Service.UnitTests\bin\x64\Debug\net6.0-windows\VideoOS.DataCollector.Service.UnitTests.dll" adapterTypeName="executor://mstestadapter/v2" className="VideoOS.DataCollector.Service.UnitTests.ServiceAvailableRuleFactoryUnitTest" name="Create_ServiceAvailableRule_For_Recording_Server" />
    </UnitTest>
    <UnitTest name="GrpcProfile_Convert_PerformanceCounterInstance_From_gRPC (SingleInstance,CounterMultiTimer,SingleInstance,CounterMultiTimer)" storage="d:\actions-runner\_work\xpco\xpco\allsolutions\..\datacollector\service\tst\videoos.datacollector.service.unittests\bin\x64\debug\net6.0-windows\videoos.datacollector.service.unittests.dll" id="a57992b3-5cc9-5e35-7dde-34b569e14944">
      <Execution id="44cd4663-f81f-43c4-a2eb-f36d9cfc2592" />
      <TestMethod codeBase="D:\actions-runner\_work\XPCO\XPCO\AllSolutions\..\DataCollector\Service\tst\VideoOS.DataCollector.Service.UnitTests\bin\x64\Debug\net6.0-windows\VideoOS.DataCollector.Service.UnitTests.dll" adapterTypeName="executor://mstestadapter/v2" className="VideoOS.DataCollector.Service.UnitTests.GrpcProfileTest" name="GrpcProfile_Convert_PerformanceCounterInstance_From_gRPC" />
    </UnitTest>
    <UnitTest name="GrpcProfile_Convert_PerformanceCounterInstance_To_gRPC (SingleInstance,CounterMultiBase,SingleInstance,CounterMultiBase)" storage="d:\actions-runner\_work\xpco\xpco\allsolutions\..\datacollector\service\tst\videoos.datacollector.service.unittests\bin\x64\debug\net6.0-windows\videoos.datacollector.service.unittests.dll" id="68042b81-eebd-c698-482b-28179492c77c">
      <Execution id="4aa79273-99ca-4552-9ab1-5167cfee551b" />
      <TestMethod codeBase="D:\actions-runner\_work\XPCO\XPCO\AllSolutions\..\DataCollector\Service\tst\VideoOS.DataCollector.Service.UnitTests\bin\x64\Debug\net6.0-windows\VideoOS.DataCollector.Service.UnitTests.dll" adapterTypeName="executor://mstestadapter/v2" className="VideoOS.DataCollector.Service.UnitTests.GrpcProfileTest" name="GrpcProfile_Convert_PerformanceCounterInstance_To_gRPC" />
    </UnitTest>
    <UnitTest name="Handle_RequestHasBeenCancelled_ResponseIsError" storage="d:\actions-runner\_work\xpco\xpco\allsolutions\..\datacollector\service\tst\videoos.datacollector.service.unittests\bin\x64\debug\net6.0-windows\videoos.datacollector.service.unittests.dll" id="a7de2a0d-2523-d1cd-7fe0-e876e234e036">
      <Execution id="a2cc3b38-4a7b-42f7-9658-93a52f4e4ab4" />
      <TestMethod codeBase="D:\actions-runner\_work\XPCO\XPCO\AllSolutions\..\DataCollector\Service\tst\VideoOS.DataCollector.Service.UnitTests\bin\x64\Debug\net6.0-windows\VideoOS.DataCollector.Service.UnitTests.dll" adapterTypeName="executor://mstestadapter/v2" className="VideoOS.DataCollector.Service.UnitTests.Common.Behaviours.RetryBehaviourUnitTest" name="Handle_RequestHasBeenCancelled_ResponseIsError" />
    </UnitTest>
    <UnitTest name="Create_StateHandler_TriggerValue_Is_Not_triggerPerValue_Creates_StatePerValueHandler" storage="d:\actions-runner\_work\xpco\xpco\allsolutions\..\datacollector\service\tst\videoos.datacollector.service.unittests\bin\x64\debug\net6.0-windows\videoos.datacollector.service.unittests.dll" id="9e89f5d6-b9ce-a69d-1ea2-fef4ecad3d50">
      <Execution id="280481f0-832d-42e6-9217-4d485c8b6750" />
      <TestMethod codeBase="D:\actions-runner\_work\XPCO\XPCO\AllSolutions\..\DataCollector\Service\tst\VideoOS.DataCollector.Service.UnitTests\bin\x64\Debug\net6.0-windows\VideoOS.DataCollector.Service.UnitTests.dll" adapterTypeName="executor://mstestadapter/v2" className="VideoOS.DataCollector.Service.UnitTests.StateHandlers.StateHandlerFactoryTest" name="Create_StateHandler_TriggerValue_Is_Not_triggerPerValue_Creates_StatePerValueHandler" />
    </UnitTest>
    <UnitTest name="SampleRulesService_Publish_Success" storage="d:\actions-runner\_work\xpco\xpco\allsolutions\..\datacollector\service\tst\videoos.datacollector.service.unittests\bin\x64\debug\net6.0-windows\videoos.datacollector.service.unittests.dll" id="e9f1c1a8-4fbe-23d5-2cee-ebf385917927">
      <Execution id="5665bb9f-e8d8-4dab-a6d0-23187351528a" />
      <TestMethod codeBase="D:\actions-runner\_work\XPCO\XPCO\AllSolutions\..\DataCollector\Service\tst\VideoOS.DataCollector.Service.UnitTests\bin\x64\Debug\net6.0-windows\VideoOS.DataCollector.Service.UnitTests.dll" adapterTypeName="executor://mstestadapter/v2" className="VideoOS.DataCollector.Service.UnitTests.Services.SampleRulesServiceTests" name="SampleRulesService_Publish_Success" />
    </UnitTest>
    <UnitTest name="TestNormalToCritical" storage="d:\actions-runner\_work\xpco\xpco\allsolutions\..\datacollector\service\tst\videoos.datacollector.service.unittests\bin\x64\debug\net6.0-windows\videoos.datacollector.service.unittests.dll" id="826421f9-77a0-6af4-64d6-52f7257acc46">
      <Execution id="5414db47-ff25-4f40-9b2f-5f8978ea7864" />
      <TestMethod codeBase="D:\actions-runner\_work\XPCO\XPCO\AllSolutions\..\DataCollector\Service\tst\VideoOS.DataCollector.Service.UnitTests\bin\x64\Debug\net6.0-windows\VideoOS.DataCollector.Service.UnitTests.dll" adapterTypeName="executor://mstestadapter/v2" className="VideoOS.DataCollector.Service.UnitTests.CounterRuleTest" name="TestNormalToCritical" />
    </UnitTest>
    <UnitTest name="GrpcProfile_Convert_CounterStateRulesConfigurationUpdate_To_gRPC" storage="d:\actions-runner\_work\xpco\xpco\allsolutions\..\datacollector\service\tst\videoos.datacollector.service.unittests\bin\x64\debug\net6.0-windows\videoos.datacollector.service.unittests.dll" id="7256b9ed-d5ee-95f1-9ae0-e8f11d01f0bb">
      <Execution id="0ab35b51-a815-4e5d-97d9-218463777e7c" />
      <TestMethod codeBase="D:\actions-runner\_work\XPCO\XPCO\AllSolutions\..\DataCollector\Service\tst\VideoOS.DataCollector.Service.UnitTests\bin\x64\Debug\net6.0-windows\VideoOS.DataCollector.Service.UnitTests.dll" adapterTypeName="executor://mstestadapter/v2" className="VideoOS.DataCollector.Service.UnitTests.GrpcProfileTest" name="GrpcProfile_Convert_CounterStateRulesConfigurationUpdate_To_gRPC" />
    </UnitTest>
    <UnitTest name="GrpcProfile_Convert_PerformanceCounterInstance_From_gRPC (SingleInstance,AverageBase,SingleInstance,AverageBase)" storage="d:\actions-runner\_work\xpco\xpco\allsolutions\..\datacollector\service\tst\videoos.datacollector.service.unittests\bin\x64\debug\net6.0-windows\videoos.datacollector.service.unittests.dll" id="ed74c0e0-a775-e27a-72b9-b300cf255cd4">
      <Execution id="980af3d9-c52f-4a17-8003-2f506f5f5abe" />
      <TestMethod codeBase="D:\actions-runner\_work\XPCO\XPCO\AllSolutions\..\DataCollector\Service\tst\VideoOS.DataCollector.Service.UnitTests\bin\x64\Debug\net6.0-windows\VideoOS.DataCollector.Service.UnitTests.dll" adapterTypeName="executor://mstestadapter/v2" className="VideoOS.DataCollector.Service.UnitTests.GrpcProfileTest" name="GrpcProfile_Convert_PerformanceCounterInstance_From_gRPC" />
    </UnitTest>
    <UnitTest name="TestAddCounterValue" storage="d:\actions-runner\_work\xpco\xpco\allsolutions\..\datacollector\service\tst\videoos.datacollector.service.unittests\bin\x64\debug\net6.0-windows\videoos.datacollector.service.unittests.dll" id="6f96581a-6755-5168-f6e8-0e64907cc686">
      <Execution id="3d4ce87f-cbd3-4752-b24c-ab4dbe747809" />
      <TestMethod codeBase="D:\actions-runner\_work\XPCO\XPCO\AllSolutions\..\DataCollector\Service\tst\VideoOS.DataCollector.Service.UnitTests\bin\x64\Debug\net6.0-windows\VideoOS.DataCollector.Service.UnitTests.dll" adapterTypeName="executor://mstestadapter/v2" className="VideoOS.DataCollector.Service.UnitTests.CounterStateTest" name="TestAddCounterValue" />
    </UnitTest>
    <UnitTest name="Handle_NullRuleConfiguration_NoRulesAdded" storage="d:\actions-runner\_work\xpco\xpco\allsolutions\..\datacollector\service\tst\videoos.datacollector.service.unittests\bin\x64\debug\net6.0-windows\videoos.datacollector.service.unittests.dll" id="fbd90d79-e7e3-2c17-6088-aaba47d242f4">
      <Execution id="db44f35b-3c1c-4d8c-8d54-4905afbb90b6" />
      <TestMethod codeBase="D:\actions-runner\_work\XPCO\XPCO\AllSolutions\..\DataCollector\Service\tst\VideoOS.DataCollector.Service.UnitTests\bin\x64\Debug\net6.0-windows\VideoOS.DataCollector.Service.UnitTests.dll" adapterTypeName="executor://mstestadapter/v2" className="VideoOS.DataCollector.Service.UnitTests.CounterState.RefreshRuleConfigurationEventHandlerTests" name="Handle_NullRuleConfiguration_NoRulesAdded" />
    </UnitTest>
    <UnitTest name="TestCriticalNotToWarning" storage="d:\actions-runner\_work\xpco\xpco\allsolutions\..\datacollector\service\tst\videoos.datacollector.service.unittests\bin\x64\debug\net6.0-windows\videoos.datacollector.service.unittests.dll" id="d65252de-461f-ccea-114c-fab4428a484c">
      <Execution id="0964e5e0-081b-4541-bfeb-b21acb6da700" />
      <TestMethod codeBase="D:\actions-runner\_work\XPCO\XPCO\AllSolutions\..\DataCollector\Service\tst\VideoOS.DataCollector.Service.UnitTests\bin\x64\Debug\net6.0-windows\VideoOS.DataCollector.Service.UnitTests.dll" adapterTypeName="executor://mstestadapter/v2" className="VideoOS.DataCollector.Service.UnitTests.CounterRuleTest" name="TestCriticalNotToWarning" />
    </UnitTest>
    <UnitTest name="CollectPerformanceCounter_Publish_UnSuccess" storage="d:\actions-runner\_work\xpco\xpco\allsolutions\..\datacollector\service\tst\videoos.datacollector.service.unittests\bin\x64\debug\net6.0-windows\videoos.datacollector.service.unittests.dll" id="3d9e7fab-940e-8196-2e86-cc03ed4c8b8a">
      <Execution id="fd2f6b9f-3e3b-4ddd-bda1-d5a17472d865" />
      <TestMethod codeBase="D:\actions-runner\_work\XPCO\XPCO\AllSolutions\..\DataCollector\Service\tst\VideoOS.DataCollector.Service.UnitTests\bin\x64\Debug\net6.0-windows\VideoOS.DataCollector.Service.UnitTests.dll" adapterTypeName="executor://mstestadapter/v2" className="VideoOS.DataCollector.Service.UnitTests.Services.CollectPerformanceCounterTests" name="CollectPerformanceCounter_Publish_UnSuccess" />
    </UnitTest>
    <UnitTest name="GrpcProfile_Configuration_IsValid" storage="d:\actions-runner\_work\xpco\xpco\allsolutions\..\datacollector\service\tst\videoos.datacollector.service.unittests\bin\x64\debug\net6.0-windows\videoos.datacollector.service.unittests.dll" id="04005b86-67cb-a2ea-7c12-b7e89cbca0ec">
      <Execution id="fc4551c9-10ed-4149-b449-4f73de21f9cb" />
      <TestMethod codeBase="D:\actions-runner\_work\XPCO\XPCO\AllSolutions\..\DataCollector\Service\tst\VideoOS.DataCollector.Service.UnitTests\bin\x64\Debug\net6.0-windows\VideoOS.DataCollector.Service.UnitTests.dll" adapterTypeName="executor://mstestadapter/v2" className="VideoOS.DataCollector.Service.UnitTests.GrpcProfileTest" name="GrpcProfile_Configuration_IsValid" />
    </UnitTest>
    <UnitTest name="ReportGpuCounterInstancesService_ExecuteAsync_HasHACapability_True_Success" storage="d:\actions-runner\_work\xpco\xpco\allsolutions\..\datacollector\service\tst\videoos.datacollector.service.unittests\bin\x64\debug\net6.0-windows\videoos.datacollector.service.unittests.dll" id="7c3121e2-2b1a-e95b-e7f0-3a2ea5b47d13">
      <Execution id="5f5a20e1-8937-458a-a027-97116986ee0d" />
      <TestMethod codeBase="D:\actions-runner\_work\XPCO\XPCO\AllSolutions\..\DataCollector\Service\tst\VideoOS.DataCollector.Service.UnitTests\bin\x64\Debug\net6.0-windows\VideoOS.DataCollector.Service.UnitTests.dll" adapterTypeName="executor://mstestadapter/v2" className="VideoOS.DataCollector.Service.UnitTests.Services.ReportGpuCounterInstancesServiceTests" name="ReportGpuCounterInstancesService_ExecuteAsync_HasHACapability_True_Success" />
    </UnitTest>
    <UnitTest name="RuleConfigurationChangeEventHandler_Handle_UpdateRule_Default_Success" storage="d:\actions-runner\_work\xpco\xpco\allsolutions\..\datacollector\service\tst\videoos.datacollector.service.unittests\bin\x64\debug\net6.0-windows\videoos.datacollector.service.unittests.dll" id="e8dbb5c8-ec83-0582-9836-6dd44f42a092">
      <Execution id="c8165c35-ebe1-4fcc-8e33-65a64134f546" />
      <TestMethod codeBase="D:\actions-runner\_work\XPCO\XPCO\AllSolutions\..\DataCollector\Service\tst\VideoOS.DataCollector.Service.UnitTests\bin\x64\Debug\net6.0-windows\VideoOS.DataCollector.Service.UnitTests.dll" adapterTypeName="executor://mstestadapter/v2" className="VideoOS.DataCollector.Service.UnitTests.RuleConfigurationChangeEventHandlerTests" name="RuleConfigurationChangeEventHandler_Handle_UpdateRule_Default_Success" />
    </UnitTest>
    <UnitTest name="CounterStateHandler_SetUndefined_StateChange_Only_Send_Once" storage="d:\actions-runner\_work\xpco\xpco\allsolutions\..\datacollector\service\tst\videoos.datacollector.service.unittests\bin\x64\debug\net6.0-windows\videoos.datacollector.service.unittests.dll" id="aa615615-baae-2181-938d-6cfaea450551">
      <Execution id="ced34124-c200-4c56-b81d-055156cd1e16" />
      <TestMethod codeBase="D:\actions-runner\_work\XPCO\XPCO\AllSolutions\..\DataCollector\Service\tst\VideoOS.DataCollector.Service.UnitTests\bin\x64\Debug\net6.0-windows\VideoOS.DataCollector.Service.UnitTests.dll" adapterTypeName="executor://mstestadapter/v2" className="VideoOS.DataCollector.Service.UnitTests.StateHandlers.CounterStateHandlerTest" name="CounterStateHandler_SetUndefined_StateChange_Only_Send_Once" />
    </UnitTest>
    <UnitTest name="TestWarningToCritical" storage="d:\actions-runner\_work\xpco\xpco\allsolutions\..\datacollector\service\tst\videoos.datacollector.service.unittests\bin\x64\debug\net6.0-windows\videoos.datacollector.service.unittests.dll" id="fac856fb-4a32-4b8a-2e63-7ece65685584">
      <Execution id="1a26c6fb-144d-4b02-9862-7157b765c11a" />
      <TestMethod codeBase="D:\actions-runner\_work\XPCO\XPCO\AllSolutions\..\DataCollector\Service\tst\VideoOS.DataCollector.Service.UnitTests\bin\x64\Debug\net6.0-windows\VideoOS.DataCollector.Service.UnitTests.dll" adapterTypeName="executor://mstestadapter/v2" className="VideoOS.DataCollector.Service.UnitTests.CounterRuleTest" name="TestWarningToCritical" />
    </UnitTest>
    <UnitTest name="RequestBaseResponse_EnsureResponseIsOfTypeResult_Succeeds" storage="d:\actions-runner\_work\xpco\xpco\allsolutions\..\datacollector\service\tst\videoos.datacollector.service.unittests\bin\x64\debug\net6.0-windows\videoos.datacollector.service.unittests.dll" id="e8b525c8-5118-5f4f-2580-60cdf5d84082">
      <Execution id="4290739e-8991-4314-a2f2-7d84ead0a348" />
      <TestMethod codeBase="D:\actions-runner\_work\XPCO\XPCO\AllSolutions\..\DataCollector\Service\tst\VideoOS.DataCollector.Service.UnitTests\bin\x64\Debug\net6.0-windows\VideoOS.DataCollector.Service.UnitTests.dll" adapterTypeName="executor://mstestadapter/v2" className="VideoOS.DataCollector.Service.UnitTests.RequestBaseResponseTests" name="RequestBaseResponse_EnsureResponseIsOfTypeResult_Succeeds" />
    </UnitTest>
    <UnitTest name="OnRecordingServerIsUp_Is_Called_On_Normal_State_Change_For_Recording_Server" storage="d:\actions-runner\_work\xpco\xpco\allsolutions\..\datacollector\service\tst\videoos.datacollector.service.unittests\bin\x64\debug\net6.0-windows\videoos.datacollector.service.unittests.dll" id="e7a4d939-f81e-6f35-0c21-bc749853a6b8">
      <Execution id="4e4510e0-d67f-4385-92d2-17a8f68599a3" />
      <TestMethod codeBase="D:\actions-runner\_work\XPCO\XPCO\AllSolutions\..\DataCollector\Service\tst\VideoOS.DataCollector.Service.UnitTests\bin\x64\Debug\net6.0-windows\VideoOS.DataCollector.Service.UnitTests.dll" adapterTypeName="executor://mstestadapter/v2" className="VideoOS.DataCollector.Service.UnitTests.RecordingServiceAvailableRuleUnitTest" name="OnRecordingServerIsUp_Is_Called_On_Normal_State_Change_For_Recording_Server" />
    </UnitTest>
    <UnitTest name="CameraCounterRule_Samples_When_Recording_Server_Is_Up_Again" storage="d:\actions-runner\_work\xpco\xpco\allsolutions\..\datacollector\service\tst\videoos.datacollector.service.unittests\bin\x64\debug\net6.0-windows\videoos.datacollector.service.unittests.dll" id="b89dd2a0-4141-aa7b-78a5-fd5d2111e618">
      <Execution id="9ea17841-45c3-458a-846f-6bb56ae40166" />
      <TestMethod codeBase="D:\actions-runner\_work\XPCO\XPCO\AllSolutions\..\DataCollector\Service\tst\VideoOS.DataCollector.Service.UnitTests\bin\x64\Debug\net6.0-windows\VideoOS.DataCollector.Service.UnitTests.dll" adapterTypeName="executor://mstestadapter/v2" className="VideoOS.DataCollector.Service.UnitTests.CameraCounterRuleUnitTest" name="CameraCounterRule_Samples_When_Recording_Server_Is_Up_Again" />
    </UnitTest>
    <UnitTest name="Handle_HandledExceptionTypes_ExceptionReturnedAsResponseAndLogged" storage="d:\actions-runner\_work\xpco\xpco\allsolutions\..\datacollector\service\tst\videoos.datacollector.service.unittests\bin\x64\debug\net6.0-windows\videoos.datacollector.service.unittests.dll" id="608ef198-a4e8-9cde-63c1-104a7d89c11f">
      <Execution id="813d64b7-736b-4c17-a916-325116fb98ae" />
      <TestMethod codeBase="D:\actions-runner\_work\XPCO\XPCO\AllSolutions\..\DataCollector\Service\tst\VideoOS.DataCollector.Service.UnitTests\bin\x64\Debug\net6.0-windows\VideoOS.DataCollector.Service.UnitTests.dll" adapterTypeName="executor://mstestadapter/v2" className="VideoOS.DataCollector.Service.UnitTests.Common.Behaviours.RetryBehaviourUnitTest" name="Handle_HandledExceptionTypes_ExceptionReturnedAsResponseAndLogged" />
    </UnitTest>
    <UnitTest name="Create_Device_Storage_Counter_Rule_As_CameraStateCounterRule" storage="d:\actions-runner\_work\xpco\xpco\allsolutions\..\datacollector\service\tst\videoos.datacollector.service.unittests\bin\x64\debug\net6.0-windows\videoos.datacollector.service.unittests.dll" id="33fc4d81-96b5-575d-01c5-f60df85d36ef">
      <Execution id="8550e5d8-a4c6-441a-ae53-6b6c53b5c908" />
      <TestMethod codeBase="D:\actions-runner\_work\XPCO\XPCO\AllSolutions\..\DataCollector\Service\tst\VideoOS.DataCollector.Service.UnitTests\bin\x64\Debug\net6.0-windows\VideoOS.DataCollector.Service.UnitTests.dll" adapterTypeName="executor://mstestadapter/v2" className="VideoOS.DataCollector.Service.UnitTests.CounterRuleFactoryUnitTest" name="Create_Device_Storage_Counter_Rule_As_CameraStateCounterRule" />
    </UnitTest>
    <UnitTest name="GrpcProfile_Convert_PerformanceCounterInstance_To_gRPC (SingleInstance,SampleCounter,SingleInstance,SampleCounter)" storage="d:\actions-runner\_work\xpco\xpco\allsolutions\..\datacollector\service\tst\videoos.datacollector.service.unittests\bin\x64\debug\net6.0-windows\videoos.datacollector.service.unittests.dll" id="034360b6-bdda-3bbe-7bbe-d9a1eb75e006">
      <Execution id="6360e5bc-7f7e-4e52-af04-e4c610461210" />
      <TestMethod codeBase="D:\actions-runner\_work\XPCO\XPCO\AllSolutions\..\DataCollector\Service\tst\VideoOS.DataCollector.Service.UnitTests\bin\x64\Debug\net6.0-windows\VideoOS.DataCollector.Service.UnitTests.dll" adapterTypeName="executor://mstestadapter/v2" className="VideoOS.DataCollector.Service.UnitTests.GrpcProfileTest" name="GrpcProfile_Convert_PerformanceCounterInstance_To_gRPC" />
    </UnitTest>
    <UnitTest name="RuleConfigurationChangeEventHandler_Handle_DeleteRule_Default_Success" storage="d:\actions-runner\_work\xpco\xpco\allsolutions\..\datacollector\service\tst\videoos.datacollector.service.unittests\bin\x64\debug\net6.0-windows\videoos.datacollector.service.unittests.dll" id="83ae8ff9-df64-1e74-e0e5-22e5fba42250">
      <Execution id="75313cc6-59f7-490d-a94a-f27f9317f23d" />
      <TestMethod codeBase="D:\actions-runner\_work\XPCO\XPCO\AllSolutions\..\DataCollector\Service\tst\VideoOS.DataCollector.Service.UnitTests\bin\x64\Debug\net6.0-windows\VideoOS.DataCollector.Service.UnitTests.dll" adapterTypeName="executor://mstestadapter/v2" className="VideoOS.DataCollector.Service.UnitTests.RuleConfigurationChangeEventHandlerTests" name="RuleConfigurationChangeEventHandler_Handle_DeleteRule_Default_Success" />
    </UnitTest>
    <UnitTest name="CollectPerformanceCounter_Exception_Caught_Success" storage="d:\actions-runner\_work\xpco\xpco\allsolutions\..\datacollector\service\tst\videoos.datacollector.service.unittests\bin\x64\debug\net6.0-windows\videoos.datacollector.service.unittests.dll" id="f7c66c60-f0cc-bd34-7758-e0eb6399815e">
      <Execution id="6addda51-95fd-4d81-b7f7-617549dddd0d" />
      <TestMethod codeBase="D:\actions-runner\_work\XPCO\XPCO\AllSolutions\..\DataCollector\Service\tst\VideoOS.DataCollector.Service.UnitTests\bin\x64\Debug\net6.0-windows\VideoOS.DataCollector.Service.UnitTests.dll" adapterTypeName="executor://mstestadapter/v2" className="VideoOS.DataCollector.Service.UnitTests.Services.CollectPerformanceCounterTests" name="CollectPerformanceCounter_Exception_Caught_Success" />
    </UnitTest>
    <UnitTest name="CollectPerformanceCounter_Publish_Success" storage="d:\actions-runner\_work\xpco\xpco\allsolutions\..\datacollector\service\tst\videoos.datacollector.service.unittests\bin\x64\debug\net6.0-windows\videoos.datacollector.service.unittests.dll" id="5e4e0a0d-9a3d-3df8-e034-1788e31cc6b4">
      <Execution id="9e719f9a-e3cf-4ea6-895e-09d1c00dff9b" />
      <TestMethod codeBase="D:\actions-runner\_work\XPCO\XPCO\AllSolutions\..\DataCollector\Service\tst\VideoOS.DataCollector.Service.UnitTests\bin\x64\Debug\net6.0-windows\VideoOS.DataCollector.Service.UnitTests.dll" adapterTypeName="executor://mstestadapter/v2" className="VideoOS.DataCollector.Service.UnitTests.Services.CollectPerformanceCounterTests" name="CollectPerformanceCounter_Publish_Success" />
    </UnitTest>
    <UnitTest name="GetState_ChangesFromWarningToNormalWithoutLatency_On0AsLatency" storage="d:\actions-runner\_work\xpco\xpco\allsolutions\..\datacollector\service\tst\videoos.datacollector.service.unittests\bin\x64\debug\net6.0-windows\videoos.datacollector.service.unittests.dll" id="5cfb632f-dd3c-81bd-0afd-f96e4c508aeb">
      <Execution id="93a1df01-d5b3-4ca7-827b-ae3d91131a02" />
      <TestMethod codeBase="D:\actions-runner\_work\XPCO\XPCO\AllSolutions\..\DataCollector\Service\tst\VideoOS.DataCollector.Service.UnitTests\bin\x64\Debug\net6.0-windows\VideoOS.DataCollector.Service.UnitTests.dll" adapterTypeName="executor://mstestadapter/v2" className="VideoOS.DataCollector.Service.UnitTests.CounterRuleTest" name="GetState_ChangesFromWarningToNormalWithoutLatency_On0AsLatency" />
    </UnitTest>
    <UnitTest name="GrpcProfile_Convert_PerformanceCounterInstance_To_gRPC (SingleInstance,NumberOfItems64,SingleInstance,NumberOfItems64)" storage="d:\actions-runner\_work\xpco\xpco\allsolutions\..\datacollector\service\tst\videoos.datacollector.service.unittests\bin\x64\debug\net6.0-windows\videoos.datacollector.service.unittests.dll" id="b23e2d56-c126-3692-dd2c-6ab6bc7ab0fb">
      <Execution id="65326d5e-19fa-4069-8b28-fab8f01775e6" />
      <TestMethod codeBase="D:\actions-runner\_work\XPCO\XPCO\AllSolutions\..\DataCollector\Service\tst\VideoOS.DataCollector.Service.UnitTests\bin\x64\Debug\net6.0-windows\VideoOS.DataCollector.Service.UnitTests.dll" adapterTypeName="executor://mstestadapter/v2" className="VideoOS.DataCollector.Service.UnitTests.GrpcProfileTest" name="GrpcProfile_Convert_PerformanceCounterInstance_To_gRPC" />
    </UnitTest>
    <UnitTest name="StateChangeEventHandlerTests_Handle_MultiruleStateChanged_Success" storage="d:\actions-runner\_work\xpco\xpco\allsolutions\..\datacollector\service\tst\videoos.datacollector.service.unittests\bin\x64\debug\net6.0-windows\videoos.datacollector.service.unittests.dll" id="774dd580-65f4-172b-5a58-0402f9c52900">
      <Execution id="adac1fd2-44fc-4fc1-9887-7d44d9c30080" />
      <TestMethod codeBase="D:\actions-runner\_work\XPCO\XPCO\AllSolutions\..\DataCollector\Service\tst\VideoOS.DataCollector.Service.UnitTests\bin\x64\Debug\net6.0-windows\VideoOS.DataCollector.Service.UnitTests.dll" adapterTypeName="executor://mstestadapter/v2" className="VideoOS.DataCollector.Service.UnitTests.StateChangeEventHandlerTests" name="StateChangeEventHandlerTests_Handle_MultiruleStateChanged_Success" />
    </UnitTest>
    <UnitTest name="SendBatchToServerServerCommandHandler_Handle_Success" storage="d:\actions-runner\_work\xpco\xpco\allsolutions\..\datacollector\service\tst\videoos.datacollector.service.unittests\bin\x64\debug\net6.0-windows\videoos.datacollector.service.unittests.dll" id="33516d0f-6a16-2f06-cb98-b58dee59bb79">
      <Execution id="475516cf-1b87-4bcf-a7dc-07529ff10cbe" />
      <TestMethod codeBase="D:\actions-runner\_work\XPCO\XPCO\AllSolutions\..\DataCollector\Service\tst\VideoOS.DataCollector.Service.UnitTests\bin\x64\Debug\net6.0-windows\VideoOS.DataCollector.Service.UnitTests.dll" adapterTypeName="executor://mstestadapter/v2" className="VideoOS.DataCollector.Service.UnitTests.Sample.EventHandlers.Historical.SendBatchToServerServerCommandTests" name="SendBatchToServerServerCommandHandler_Handle_Success" />
    </UnitTest>
    <UnitTest name="LoggingBehaviour_ConstructorNullLogger_ArgumentNullExceptionThrown" storage="d:\actions-runner\_work\xpco\xpco\allsolutions\..\datacollector\service\tst\videoos.datacollector.service.unittests\bin\x64\debug\net6.0-windows\videoos.datacollector.service.unittests.dll" id="e7ecc2f4-39bb-65d6-dd99-d9bacd8c56c8">
      <Execution id="fe34117f-826c-44f1-a104-a745ed09234e" />
      <TestMethod codeBase="D:\actions-runner\_work\XPCO\XPCO\AllSolutions\..\DataCollector\Service\tst\VideoOS.DataCollector.Service.UnitTests\bin\x64\Debug\net6.0-windows\VideoOS.DataCollector.Service.UnitTests.dll" adapterTypeName="executor://mstestadapter/v2" className="VideoOS.DataCollector.Service.UnitTests.Common.Behaviours.LoggingBehaviourUnitTest" name="LoggingBehaviour_ConstructorNullLogger_ArgumentNullExceptionThrown" />
    </UnitTest>
    <UnitTest name="Handle_OneDefaultCounterRule_OneRulesAdded" storage="d:\actions-runner\_work\xpco\xpco\allsolutions\..\datacollector\service\tst\videoos.datacollector.service.unittests\bin\x64\debug\net6.0-windows\videoos.datacollector.service.unittests.dll" id="005728c4-bc10-79df-b55c-99b6151cbd9e">
      <Execution id="e18deadd-ef10-4078-9fcf-6ae3dd83f145" />
      <TestMethod codeBase="D:\actions-runner\_work\XPCO\XPCO\AllSolutions\..\DataCollector\Service\tst\VideoOS.DataCollector.Service.UnitTests\bin\x64\Debug\net6.0-windows\VideoOS.DataCollector.Service.UnitTests.dll" adapterTypeName="executor://mstestadapter/v2" className="VideoOS.DataCollector.Service.UnitTests.CounterState.RefreshRuleConfigurationEventHandlerTests" name="Handle_OneDefaultCounterRule_OneRulesAdded" />
    </UnitTest>
    <UnitTest name="CounterRule_Sends_State_Changes_When_Recording_Server_Is_Down" storage="d:\actions-runner\_work\xpco\xpco\allsolutions\..\datacollector\service\tst\videoos.datacollector.service.unittests\bin\x64\debug\net6.0-windows\videoos.datacollector.service.unittests.dll" id="f747e9de-e9b4-46cb-d62b-ea97409c92c1">
      <Execution id="ad4e887b-5cd9-4f6d-ad32-6fd4501650b0" />
      <TestMethod codeBase="D:\actions-runner\_work\XPCO\XPCO\AllSolutions\..\DataCollector\Service\tst\VideoOS.DataCollector.Service.UnitTests\bin\x64\Debug\net6.0-windows\VideoOS.DataCollector.Service.UnitTests.dll" adapterTypeName="executor://mstestadapter/v2" className="VideoOS.DataCollector.Service.UnitTests.CounterRuleTest" name="CounterRule_Sends_State_Changes_When_Recording_Server_Is_Down" />
    </UnitTest>
    <UnitTest name="StatePerValue_SetUndefined_StateChange_Handled" storage="d:\actions-runner\_work\xpco\xpco\allsolutions\..\datacollector\service\tst\videoos.datacollector.service.unittests\bin\x64\debug\net6.0-windows\videoos.datacollector.service.unittests.dll" id="1baa3ee0-f2f9-7621-9aa5-b96f8236ee38">
      <Execution id="779e15a4-3824-4ff0-bf19-56baaaeee56c" />
      <TestMethod codeBase="D:\actions-runner\_work\XPCO\XPCO\AllSolutions\..\DataCollector\Service\tst\VideoOS.DataCollector.Service.UnitTests\bin\x64\Debug\net6.0-windows\VideoOS.DataCollector.Service.UnitTests.dll" adapterTypeName="executor://mstestadapter/v2" className="VideoOS.DataCollector.Service.UnitTests.StatePerValueHandlerTest" name="StatePerValue_SetUndefined_StateChange_Handled" />
    </UnitTest>
    <UnitTest name="GrpcProfile_Convert_PerformanceCounterInstance_To_gRPC (SingleInstance,AverageCount64,SingleInstance,AverageCount64)" storage="d:\actions-runner\_work\xpco\xpco\allsolutions\..\datacollector\service\tst\videoos.datacollector.service.unittests\bin\x64\debug\net6.0-windows\videoos.datacollector.service.unittests.dll" id="b9f8de0e-4563-dedd-8645-d901b29ea59a">
      <Execution id="376ebeaf-a45e-4471-aa46-037ba57434e3" />
      <TestMethod codeBase="D:\actions-runner\_work\XPCO\XPCO\AllSolutions\..\DataCollector\Service\tst\VideoOS.DataCollector.Service.UnitTests\bin\x64\Debug\net6.0-windows\VideoOS.DataCollector.Service.UnitTests.dll" adapterTypeName="executor://mstestadapter/v2" className="VideoOS.DataCollector.Service.UnitTests.GrpcProfileTest" name="GrpcProfile_Convert_PerformanceCounterInstance_To_gRPC" />
    </UnitTest>
    <UnitTest name="CameraCounterRule_Enforce_State_Change_ON_Recorder_Down" storage="d:\actions-runner\_work\xpco\xpco\allsolutions\..\datacollector\service\tst\videoos.datacollector.service.unittests\bin\x64\debug\net6.0-windows\videoos.datacollector.service.unittests.dll" id="83018669-cf8e-6505-a5b0-ce048f0661d3">
      <Execution id="db49a091-e81b-45cb-a084-affcc27c813c" />
      <TestMethod codeBase="D:\actions-runner\_work\XPCO\XPCO\AllSolutions\..\DataCollector\Service\tst\VideoOS.DataCollector.Service.UnitTests\bin\x64\Debug\net6.0-windows\VideoOS.DataCollector.Service.UnitTests.dll" adapterTypeName="executor://mstestadapter/v2" className="VideoOS.DataCollector.Service.UnitTests.CameraCounterRuleUnitTest" name="CameraCounterRule_Enforce_State_Change_ON_Recorder_Down" />
    </UnitTest>
    <UnitTest name="GrpcProfile_Convert_PerformanceCounterInstance_To_gRPC (SingleInstance,SampleFraction,SingleInstance,SampleFraction)" storage="d:\actions-runner\_work\xpco\xpco\allsolutions\..\datacollector\service\tst\videoos.datacollector.service.unittests\bin\x64\debug\net6.0-windows\videoos.datacollector.service.unittests.dll" id="d1b20039-e742-b9e2-37ab-bfa68ceeeddc">
      <Execution id="2e978014-89e4-406f-9373-b63eeee7b8be" />
      <TestMethod codeBase="D:\actions-runner\_work\XPCO\XPCO\AllSolutions\..\DataCollector\Service\tst\VideoOS.DataCollector.Service.UnitTests\bin\x64\Debug\net6.0-windows\VideoOS.DataCollector.Service.UnitTests.dll" adapterTypeName="executor://mstestadapter/v2" className="VideoOS.DataCollector.Service.UnitTests.GrpcProfileTest" name="GrpcProfile_Convert_PerformanceCounterInstance_To_gRPC" />
    </UnitTest>
    <UnitTest name="Handle_RuleConfigurationLoaded_NoChanges" storage="d:\actions-runner\_work\xpco\xpco\allsolutions\..\datacollector\service\tst\videoos.datacollector.service.unittests\bin\x64\debug\net6.0-windows\videoos.datacollector.service.unittests.dll" id="b3db06fc-eb7e-129b-29be-9c9d2953ed92">
      <Execution id="74b53968-4eb3-4fad-8a67-9a4dbc133f9e" />
      <TestMethod codeBase="D:\actions-runner\_work\XPCO\XPCO\AllSolutions\..\DataCollector\Service\tst\VideoOS.DataCollector.Service.UnitTests\bin\x64\Debug\net6.0-windows\VideoOS.DataCollector.Service.UnitTests.dll" adapterTypeName="executor://mstestadapter/v2" className="VideoOS.DataCollector.Service.UnitTests.CounterState.RefreshRuleConfigurationEventHandlerTests" name="Handle_RuleConfigurationLoaded_NoChanges" />
    </UnitTest>
    <UnitTest name="GetState_ChangesFromCriticalToWarningWithoutLatency_On0AsLatency" storage="d:\actions-runner\_work\xpco\xpco\allsolutions\..\datacollector\service\tst\videoos.datacollector.service.unittests\bin\x64\debug\net6.0-windows\videoos.datacollector.service.unittests.dll" id="c8a81d49-0e47-fee5-540e-990ef202841d">
      <Execution id="bab1b008-abd1-4bb1-b0dc-a3880ac382cb" />
      <TestMethod codeBase="D:\actions-runner\_work\XPCO\XPCO\AllSolutions\..\DataCollector\Service\tst\VideoOS.DataCollector.Service.UnitTests\bin\x64\Debug\net6.0-windows\VideoOS.DataCollector.Service.UnitTests.dll" adapterTypeName="executor://mstestadapter/v2" className="VideoOS.DataCollector.Service.UnitTests.CounterRuleTest" name="GetState_ChangesFromCriticalToWarningWithoutLatency_On0AsLatency" />
    </UnitTest>
    <UnitTest name="GrpcProfile_Convert_PerformanceCounterInstance_From_gRPC (SingleInstance,RateOfCountsPerSecond64,SingleInstance,RateOfCountsPerSecond64)" storage="d:\actions-runner\_work\xpco\xpco\allsolutions\..\datacollector\service\tst\videoos.datacollector.service.unittests\bin\x64\debug\net6.0-windows\videoos.datacollector.service.unittests.dll" id="e9700ad9-7af0-3697-bc96-7c0d122732ad">
      <Execution id="811a7662-e503-4152-a734-906db7c68493" />
      <TestMethod codeBase="D:\actions-runner\_work\XPCO\XPCO\AllSolutions\..\DataCollector\Service\tst\VideoOS.DataCollector.Service.UnitTests\bin\x64\Debug\net6.0-windows\VideoOS.DataCollector.Service.UnitTests.dll" adapterTypeName="executor://mstestadapter/v2" className="VideoOS.DataCollector.Service.UnitTests.GrpcProfileTest" name="GrpcProfile_Convert_PerformanceCounterInstance_From_gRPC" />
    </UnitTest>
    <UnitTest name="GrpcProfile_Convert_PerformanceCounterInstance_From_gRPC (SingleInstance,ElapsedTime,SingleInstance,ElapsedTime)" storage="d:\actions-runner\_work\xpco\xpco\allsolutions\..\datacollector\service\tst\videoos.datacollector.service.unittests\bin\x64\debug\net6.0-windows\videoos.datacollector.service.unittests.dll" id="9ce7eb0a-11b6-45d8-7a2a-50e279740d9b">
      <Execution id="d81ec939-48b5-45b6-8716-d83f08578702" />
      <TestMethod codeBase="D:\actions-runner\_work\XPCO\XPCO\AllSolutions\..\DataCollector\Service\tst\VideoOS.DataCollector.Service.UnitTests\bin\x64\Debug\net6.0-windows\VideoOS.DataCollector.Service.UnitTests.dll" adapterTypeName="executor://mstestadapter/v2" className="VideoOS.DataCollector.Service.UnitTests.GrpcProfileTest" name="GrpcProfile_Convert_PerformanceCounterInstance_From_gRPC" />
    </UnitTest>
    <UnitTest name="GrpcProfile_Convert_PerformanceCounterInstance_To_gRPC (SingleInstance,CounterMultiTimerInverse,SingleInstance,CounterMultiTimerInverse)" storage="d:\actions-runner\_work\xpco\xpco\allsolutions\..\datacollector\service\tst\videoos.datacollector.service.unittests\bin\x64\debug\net6.0-windows\videoos.datacollector.service.unittests.dll" id="4738bb32-844f-4454-c7cb-ee8d1c6b10f3">
      <Execution id="e89a4fb7-ac57-4c90-aa5b-89c7a32cdc84" />
      <TestMethod codeBase="D:\actions-runner\_work\XPCO\XPCO\AllSolutions\..\DataCollector\Service\tst\VideoOS.DataCollector.Service.UnitTests\bin\x64\Debug\net6.0-windows\VideoOS.DataCollector.Service.UnitTests.dll" adapterTypeName="executor://mstestadapter/v2" className="VideoOS.DataCollector.Service.UnitTests.GrpcProfileTest" name="GrpcProfile_Convert_PerformanceCounterInstance_To_gRPC" />
    </UnitTest>
    <UnitTest name="CounterStateHandler_SetUndefined_StateChange_Handled" storage="d:\actions-runner\_work\xpco\xpco\allsolutions\..\datacollector\service\tst\videoos.datacollector.service.unittests\bin\x64\debug\net6.0-windows\videoos.datacollector.service.unittests.dll" id="46b2e83b-db07-7f29-7324-2744b6f093ee">
      <Execution id="294a5c00-be45-4cb2-aed9-35e84a0a3168" />
      <TestMethod codeBase="D:\actions-runner\_work\XPCO\XPCO\AllSolutions\..\DataCollector\Service\tst\VideoOS.DataCollector.Service.UnitTests\bin\x64\Debug\net6.0-windows\VideoOS.DataCollector.Service.UnitTests.dll" adapterTypeName="executor://mstestadapter/v2" className="VideoOS.DataCollector.Service.UnitTests.StateHandlers.CounterStateHandlerTest" name="CounterStateHandler_SetUndefined_StateChange_Handled" />
    </UnitTest>
    <UnitTest name="GrpcProfile_Convert_PerformanceCounterInstance_From_gRPC (SingleInstance,CounterDelta64,SingleInstance,CounterDelta64)" storage="d:\actions-runner\_work\xpco\xpco\allsolutions\..\datacollector\service\tst\videoos.datacollector.service.unittests\bin\x64\debug\net6.0-windows\videoos.datacollector.service.unittests.dll" id="501b3afd-891d-01d1-7a92-e41cec9b0325">
      <Execution id="8495e4e0-b192-4449-b7be-ab64e10e417b" />
      <TestMethod codeBase="D:\actions-runner\_work\XPCO\XPCO\AllSolutions\..\DataCollector\Service\tst\VideoOS.DataCollector.Service.UnitTests\bin\x64\Debug\net6.0-windows\VideoOS.DataCollector.Service.UnitTests.dll" adapterTypeName="executor://mstestadapter/v2" className="VideoOS.DataCollector.Service.UnitTests.GrpcProfileTest" name="GrpcProfile_Convert_PerformanceCounterInstance_From_gRPC" />
    </UnitTest>
    <UnitTest name="ConfigurationRefreshService_ExecuteAsync_ConfigurationInError_LoggingOrPublishNotCalled_Success" storage="d:\actions-runner\_work\xpco\xpco\allsolutions\..\datacollector\service\tst\videoos.datacollector.service.unittests\bin\x64\debug\net6.0-windows\videoos.datacollector.service.unittests.dll" id="9e369bf3-0ebf-a8e5-c342-744922210708">
      <Execution id="10e2f3bb-017b-407a-89d4-6336cc336330" />
      <TestMethod codeBase="D:\actions-runner\_work\XPCO\XPCO\AllSolutions\..\DataCollector\Service\tst\VideoOS.DataCollector.Service.UnitTests\bin\x64\Debug\net6.0-windows\VideoOS.DataCollector.Service.UnitTests.dll" adapterTypeName="executor://mstestadapter/v2" className="VideoOS.DataCollector.Service.UnitTests.Services.ConfigurationRefreshServiceTests" name="ConfigurationRefreshService_ExecuteAsync_ConfigurationInError_LoggingOrPublishNotCalled_Success" />
    </UnitTest>
    <UnitTest name="GrpcProfile_Convert_PerformanceCounterInstance_To_gRPC (SingleInstance,ElapsedTime,SingleInstance,ElapsedTime)" storage="d:\actions-runner\_work\xpco\xpco\allsolutions\..\datacollector\service\tst\videoos.datacollector.service.unittests\bin\x64\debug\net6.0-windows\videoos.datacollector.service.unittests.dll" id="28c03826-2f46-5553-0508-f187ec3f1af4">
      <Execution id="c7bbd65e-6655-4092-9e39-66074672ea51" />
      <TestMethod codeBase="D:\actions-runner\_work\XPCO\XPCO\AllSolutions\..\DataCollector\Service\tst\VideoOS.DataCollector.Service.UnitTests\bin\x64\Debug\net6.0-windows\VideoOS.DataCollector.Service.UnitTests.dll" adapterTypeName="executor://mstestadapter/v2" className="VideoOS.DataCollector.Service.UnitTests.GrpcProfileTest" name="GrpcProfile_Convert_PerformanceCounterInstance_To_gRPC" />
    </UnitTest>
    <UnitTest name="GrpcProfile_Convert_PerformanceCounterInstance_From_gRPC (SingleInstance,NumberOfItems64,SingleInstance,NumberOfItems64)" storage="d:\actions-runner\_work\xpco\xpco\allsolutions\..\datacollector\service\tst\videoos.datacollector.service.unittests\bin\x64\debug\net6.0-windows\videoos.datacollector.service.unittests.dll" id="669bd9f8-af86-b8da-6904-897f7ebef7ff">
      <Execution id="b0963563-5577-40c5-a402-2f3c8a4c2403" />
      <TestMethod codeBase="D:\actions-runner\_work\XPCO\XPCO\AllSolutions\..\DataCollector\Service\tst\VideoOS.DataCollector.Service.UnitTests\bin\x64\Debug\net6.0-windows\VideoOS.DataCollector.Service.UnitTests.dll" adapterTypeName="executor://mstestadapter/v2" className="VideoOS.DataCollector.Service.UnitTests.GrpcProfileTest" name="GrpcProfile_Convert_PerformanceCounterInstance_From_gRPC" />
    </UnitTest>
    <UnitTest name="GrpcProfile_Convert_PerformanceCounterInstance_To_gRPC (SingleInstance,CounterTimer,SingleInstance,CounterTimer)" storage="d:\actions-runner\_work\xpco\xpco\allsolutions\..\datacollector\service\tst\videoos.datacollector.service.unittests\bin\x64\debug\net6.0-windows\videoos.datacollector.service.unittests.dll" id="38b149f2-e5d0-a26f-92d6-d46d6a300338">
      <Execution id="80b745bc-e912-4367-98dc-eaa5f20b6991" />
      <TestMethod codeBase="D:\actions-runner\_work\XPCO\XPCO\AllSolutions\..\DataCollector\Service\tst\VideoOS.DataCollector.Service.UnitTests\bin\x64\Debug\net6.0-windows\VideoOS.DataCollector.Service.UnitTests.dll" adapterTypeName="executor://mstestadapter/v2" className="VideoOS.DataCollector.Service.UnitTests.GrpcProfileTest" name="GrpcProfile_Convert_PerformanceCounterInstance_To_gRPC" />
    </UnitTest>
    <UnitTest name="RegisterServiceApplicationsServerCommandHandler_Handle_NonCluster_Success" storage="d:\actions-runner\_work\xpco\xpco\allsolutions\..\datacollector\service\tst\videoos.datacollector.service.unittests\bin\x64\debug\net6.0-windows\videoos.datacollector.service.unittests.dll" id="6134293d-a644-1c40-8061-b278335b8825">
      <Execution id="ff324a06-3516-4c55-a970-97b7de7fa70b" />
      <TestMethod codeBase="D:\actions-runner\_work\XPCO\XPCO\AllSolutions\..\DataCollector\Service\tst\VideoOS.DataCollector.Service.UnitTests\bin\x64\Debug\net6.0-windows\VideoOS.DataCollector.Service.UnitTests.dll" adapterTypeName="executor://mstestadapter/v2" className="VideoOS.DataCollector.Service.UnitTests.PerfCounterConfiguration.Commands.RegisterServiceApplications.RegisterServiceApplicationsServerCommandTests" name="RegisterServiceApplicationsServerCommandHandler_Handle_NonCluster_Success" />
    </UnitTest>
    <UnitTest name="RecordingServerChangeStateEventHandler_Handle_Up_Success" storage="d:\actions-runner\_work\xpco\xpco\allsolutions\..\datacollector\service\tst\videoos.datacollector.service.unittests\bin\x64\debug\net6.0-windows\videoos.datacollector.service.unittests.dll" id="bb3f045e-d659-9ddf-2c1a-5dad5813144a">
      <Execution id="8f217a5b-b3fa-4313-81d5-6cb123d58d5c" />
      <TestMethod codeBase="D:\actions-runner\_work\XPCO\XPCO\AllSolutions\..\DataCollector\Service\tst\VideoOS.DataCollector.Service.UnitTests\bin\x64\Debug\net6.0-windows\VideoOS.DataCollector.Service.UnitTests.dll" adapterTypeName="executor://mstestadapter/v2" className="VideoOS.DataCollector.Service.UnitTests.RecordingServerChangeStateEventHandlerTests" name="RecordingServerChangeStateEventHandler_Handle_Up_Success" />
    </UnitTest>
    <UnitTest name="GrpcProfile_Convert_PerformanceCounterInstance_From_gRPC (SingleInstance,Timer100NsInverse,SingleInstance,Timer100NsInverse)" storage="d:\actions-runner\_work\xpco\xpco\allsolutions\..\datacollector\service\tst\videoos.datacollector.service.unittests\bin\x64\debug\net6.0-windows\videoos.datacollector.service.unittests.dll" id="a51a4a3e-9c15-62b1-fbed-5455214c6973">
      <Execution id="e0a396fa-9ba9-443a-b6af-143dedc429be" />
      <TestMethod codeBase="D:\actions-runner\_work\XPCO\XPCO\AllSolutions\..\DataCollector\Service\tst\VideoOS.DataCollector.Service.UnitTests\bin\x64\Debug\net6.0-windows\VideoOS.DataCollector.Service.UnitTests.dll" adapterTypeName="executor://mstestadapter/v2" className="VideoOS.DataCollector.Service.UnitTests.GrpcProfileTest" name="GrpcProfile_Convert_PerformanceCounterInstance_From_gRPC" />
    </UnitTest>
    <UnitTest name="GrpcProfile_Convert_PerformanceCounterInstance_To_gRPC (SingleInstance,CounterDelta32,SingleInstance,CounterDelta32)" storage="d:\actions-runner\_work\xpco\xpco\allsolutions\..\datacollector\service\tst\videoos.datacollector.service.unittests\bin\x64\debug\net6.0-windows\videoos.datacollector.service.unittests.dll" id="90ac76d0-7af8-653e-7d03-2732c3e58669">
      <Execution id="4cfc9156-72f6-4c6c-8461-f551e8ec262e" />
      <TestMethod codeBase="D:\actions-runner\_work\XPCO\XPCO\AllSolutions\..\DataCollector\Service\tst\VideoOS.DataCollector.Service.UnitTests\bin\x64\Debug\net6.0-windows\VideoOS.DataCollector.Service.UnitTests.dll" adapterTypeName="executor://mstestadapter/v2" className="VideoOS.DataCollector.Service.UnitTests.GrpcProfileTest" name="GrpcProfile_Convert_PerformanceCounterInstance_To_gRPC" />
    </UnitTest>
    <UnitTest name="BatchSenderService_ExecuteAsync_Batch_Success" storage="d:\actions-runner\_work\xpco\xpco\allsolutions\..\datacollector\service\tst\videoos.datacollector.service.unittests\bin\x64\debug\net6.0-windows\videoos.datacollector.service.unittests.dll" id="eb7bd831-bf51-33aa-e473-75606e6c465a">
      <Execution id="1f6ed006-523e-45ea-9923-530159890bee" />
      <TestMethod codeBase="D:\actions-runner\_work\XPCO\XPCO\AllSolutions\..\DataCollector\Service\tst\VideoOS.DataCollector.Service.UnitTests\bin\x64\Debug\net6.0-windows\VideoOS.DataCollector.Service.UnitTests.dll" adapterTypeName="executor://mstestadapter/v2" className="VideoOS.DataCollector.Service.UnitTests.Services.BatchSenderServiceTests" name="BatchSenderService_ExecuteAsync_Batch_Success" />
    </UnitTest>
    <UnitTest name="PerformanceCounterInstancesService_CategoryType_is_SingleInstance_InstanceName_IsNotNullOrEmpty" storage="d:\actions-runner\_work\xpco\xpco\allsolutions\..\datacollector\service\tst\videoos.datacollector.service.unittests\bin\x64\debug\net6.0-windows\videoos.datacollector.service.unittests.dll" id="e860ee21-2db1-ad1a-8860-b66822c2d45f">
      <Execution id="620b31e7-2be4-4a24-8af4-7ceaaa8df08a" />
      <TestMethod codeBase="D:\actions-runner\_work\XPCO\XPCO\AllSolutions\..\DataCollector\Service\tst\VideoOS.DataCollector.Service.UnitTests\bin\x64\Debug\net6.0-windows\VideoOS.DataCollector.Service.UnitTests.dll" adapterTypeName="executor://mstestadapter/v2" className="VideoOS.DataCollector.Service.UnitTests.Services.PerformanceCounterInstancesServiceTests" name="PerformanceCounterInstancesService_CategoryType_is_SingleInstance_InstanceName_IsNotNullOrEmpty" />
    </UnitTest>
    <UnitTest name="GrpcProfile_Convert_PerformanceCounterInstance_From_gRPC (SingleInstance,CounterTimerInverse,SingleInstance,CounterTimerInverse)" storage="d:\actions-runner\_work\xpco\xpco\allsolutions\..\datacollector\service\tst\videoos.datacollector.service.unittests\bin\x64\debug\net6.0-windows\videoos.datacollector.service.unittests.dll" id="b0e5e10f-8b99-b2f0-f8b7-39bfa56cb2c1">
      <Execution id="b09a24f5-2cb7-4991-92dc-d6ec9e7b000c" />
      <TestMethod codeBase="D:\actions-runner\_work\XPCO\XPCO\AllSolutions\..\DataCollector\Service\tst\VideoOS.DataCollector.Service.UnitTests\bin\x64\Debug\net6.0-windows\VideoOS.DataCollector.Service.UnitTests.dll" adapterTypeName="executor://mstestadapter/v2" className="VideoOS.DataCollector.Service.UnitTests.GrpcProfileTest" name="GrpcProfile_Convert_PerformanceCounterInstance_From_gRPC" />
    </UnitTest>
    <UnitTest name="Handle_RetryMultipleTimes_ExceptionsReturnedAsResponse" storage="d:\actions-runner\_work\xpco\xpco\allsolutions\..\datacollector\service\tst\videoos.datacollector.service.unittests\bin\x64\debug\net6.0-windows\videoos.datacollector.service.unittests.dll" id="243223cf-7bda-05c7-8393-edd6d3749d8b">
      <Execution id="d951633a-2d9a-491d-8cb0-39a5a095723a" />
      <TestMethod codeBase="D:\actions-runner\_work\XPCO\XPCO\AllSolutions\..\DataCollector\Service\tst\VideoOS.DataCollector.Service.UnitTests\bin\x64\Debug\net6.0-windows\VideoOS.DataCollector.Service.UnitTests.dll" adapterTypeName="executor://mstestadapter/v2" className="VideoOS.DataCollector.Service.UnitTests.Common.Behaviours.RetryBehaviourUnitTest" name="Handle_RetryMultipleTimes_ExceptionsReturnedAsResponse" />
    </UnitTest>
    <UnitTest name="GrpcProfile_Convert_PerformanceCounterInstance_From_gRPC (SingleInstance,CounterDelta32,SingleInstance,CounterDelta32)" storage="d:\actions-runner\_work\xpco\xpco\allsolutions\..\datacollector\service\tst\videoos.datacollector.service.unittests\bin\x64\debug\net6.0-windows\videoos.datacollector.service.unittests.dll" id="6f6d519d-c5e7-2c3d-fe6f-d662cea3a025">
      <Execution id="f2192f52-6999-405c-aaaf-1de64fcc70cc" />
      <TestMethod codeBase="D:\actions-runner\_work\XPCO\XPCO\AllSolutions\..\DataCollector\Service\tst\VideoOS.DataCollector.Service.UnitTests\bin\x64\Debug\net6.0-windows\VideoOS.DataCollector.Service.UnitTests.dll" adapterTypeName="executor://mstestadapter/v2" className="VideoOS.DataCollector.Service.UnitTests.GrpcProfileTest" name="GrpcProfile_Convert_PerformanceCounterInstance_From_gRPC" />
    </UnitTest>
    <UnitTest name="ReportGpuCounterInstancesService_ExecuteAsync_HasHACapability_False_Success" storage="d:\actions-runner\_work\xpco\xpco\allsolutions\..\datacollector\service\tst\videoos.datacollector.service.unittests\bin\x64\debug\net6.0-windows\videoos.datacollector.service.unittests.dll" id="381bcfac-e531-b91d-f89c-8e0492b8e56f">
      <Execution id="6825891f-2b52-4957-bfb2-bc6b2cb1799f" />
      <TestMethod codeBase="D:\actions-runner\_work\XPCO\XPCO\AllSolutions\..\DataCollector\Service\tst\VideoOS.DataCollector.Service.UnitTests\bin\x64\Debug\net6.0-windows\VideoOS.DataCollector.Service.UnitTests.dll" adapterTypeName="executor://mstestadapter/v2" className="VideoOS.DataCollector.Service.UnitTests.Services.ReportGpuCounterInstancesServiceTests" name="ReportGpuCounterInstancesService_ExecuteAsync_HasHACapability_False_Success" />
    </UnitTest>
    <UnitTest name="ReportMachinePropertiesServiceTests_ExecuteAsync_NoCounterStateRules_Logging_Success" storage="d:\actions-runner\_work\xpco\xpco\allsolutions\..\datacollector\service\tst\videoos.datacollector.service.unittests\bin\x64\debug\net6.0-windows\videoos.datacollector.service.unittests.dll" id="32d0e77b-0d5c-4606-0869-c0adbfe2c7b6">
      <Execution id="f4ddb8c9-4228-4e25-8554-53ee77577b17" />
      <TestMethod codeBase="D:\actions-runner\_work\XPCO\XPCO\AllSolutions\..\DataCollector\Service\tst\VideoOS.DataCollector.Service.UnitTests\bin\x64\Debug\net6.0-windows\VideoOS.DataCollector.Service.UnitTests.dll" adapterTypeName="executor://mstestadapter/v2" className="VideoOS.DataCollector.Service.UnitTests.Services.ReportMachinePropertiesServiceTests" name="ReportMachinePropertiesServiceTests_ExecuteAsync_NoCounterStateRules_Logging_Success" />
    </UnitTest>
    <UnitTest name="ConfigurationRefreshService_ExecuteAsync_NoConfiguredCounters_Logging_Success" storage="d:\actions-runner\_work\xpco\xpco\allsolutions\..\datacollector\service\tst\videoos.datacollector.service.unittests\bin\x64\debug\net6.0-windows\videoos.datacollector.service.unittests.dll" id="0ebcaaf8-1ecc-82fb-084c-9c5e38464020">
      <Execution id="79e00b69-7a05-4b8e-a406-f7a823949c9f" />
      <TestMethod codeBase="D:\actions-runner\_work\XPCO\XPCO\AllSolutions\..\DataCollector\Service\tst\VideoOS.DataCollector.Service.UnitTests\bin\x64\Debug\net6.0-windows\VideoOS.DataCollector.Service.UnitTests.dll" adapterTypeName="executor://mstestadapter/v2" className="VideoOS.DataCollector.Service.UnitTests.Services.ConfigurationRefreshServiceTests" name="ConfigurationRefreshService_ExecuteAsync_NoConfiguredCounters_Logging_Success" />
    </UnitTest>
    <UnitTest name="TestEnterCriticalMode" storage="d:\actions-runner\_work\xpco\xpco\allsolutions\..\datacollector\service\tst\videoos.datacollector.service.unittests\bin\x64\debug\net6.0-windows\videoos.datacollector.service.unittests.dll" id="0b3a47c5-c230-e151-adb3-06e904a969de">
      <Execution id="b01f963c-fd67-4984-bd8b-2c89ad1e5832" />
      <TestMethod codeBase="D:\actions-runner\_work\XPCO\XPCO\AllSolutions\..\DataCollector\Service\tst\VideoOS.DataCollector.Service.UnitTests\bin\x64\Debug\net6.0-windows\VideoOS.DataCollector.Service.UnitTests.dll" adapterTypeName="executor://mstestadapter/v2" className="VideoOS.DataCollector.Service.UnitTests.CounterStateTest" name="TestEnterCriticalMode" />
    </UnitTest>
    <UnitTest name="TestWarningToCritical_CriticalIsLow" storage="d:\actions-runner\_work\xpco\xpco\allsolutions\..\datacollector\service\tst\videoos.datacollector.service.unittests\bin\x64\debug\net6.0-windows\videoos.datacollector.service.unittests.dll" id="72cdffd8-350e-81bf-6816-2e8d98e04c4e">
      <Execution id="2e92f6ad-6d7a-4377-bbed-8218b2a57466" />
      <TestMethod codeBase="D:\actions-runner\_work\XPCO\XPCO\AllSolutions\..\DataCollector\Service\tst\VideoOS.DataCollector.Service.UnitTests\bin\x64\Debug\net6.0-windows\VideoOS.DataCollector.Service.UnitTests.dll" adapterTypeName="executor://mstestadapter/v2" className="VideoOS.DataCollector.Service.UnitTests.CounterRuleTest" name="TestWarningToCritical_CriticalIsLow" />
    </UnitTest>
    <UnitTest name="GrpcProfile_Convert_PerformanceCounterInstance_To_gRPC (SingleInstance,CounterTimerInverse,SingleInstance,CounterTimerInverse)" storage="d:\actions-runner\_work\xpco\xpco\allsolutions\..\datacollector\service\tst\videoos.datacollector.service.unittests\bin\x64\debug\net6.0-windows\videoos.datacollector.service.unittests.dll" id="67bdc5fd-2370-0688-bc92-8ae9f6c3f27c">
      <Execution id="47f8dfd7-5680-4679-a249-44874f13ae22" />
      <TestMethod codeBase="D:\actions-runner\_work\XPCO\XPCO\AllSolutions\..\DataCollector\Service\tst\VideoOS.DataCollector.Service.UnitTests\bin\x64\Debug\net6.0-windows\VideoOS.DataCollector.Service.UnitTests.dll" adapterTypeName="executor://mstestadapter/v2" className="VideoOS.DataCollector.Service.UnitTests.GrpcProfileTest" name="GrpcProfile_Convert_PerformanceCounterInstance_To_gRPC" />
    </UnitTest>
    <UnitTest name="Handle_UpdateExistingDefaultRule_RuleUpdated" storage="d:\actions-runner\_work\xpco\xpco\allsolutions\..\datacollector\service\tst\videoos.datacollector.service.unittests\bin\x64\debug\net6.0-windows\videoos.datacollector.service.unittests.dll" id="2e7604d7-62cc-df5e-50cf-cf351462e8c4">
      <Execution id="2f43edc0-e673-467b-99c1-040827f4caa8" />
      <TestMethod codeBase="D:\actions-runner\_work\XPCO\XPCO\AllSolutions\..\DataCollector\Service\tst\VideoOS.DataCollector.Service.UnitTests\bin\x64\Debug\net6.0-windows\VideoOS.DataCollector.Service.UnitTests.dll" adapterTypeName="executor://mstestadapter/v2" className="VideoOS.DataCollector.Service.UnitTests.CounterState.RefreshRuleConfigurationEventHandlerTests" name="Handle_UpdateExistingDefaultRule_RuleUpdated" />
    </UnitTest>
    <UnitTest name="Handle_UnhandledException_ExceptionRethrown" storage="d:\actions-runner\_work\xpco\xpco\allsolutions\..\datacollector\service\tst\videoos.datacollector.service.unittests\bin\x64\debug\net6.0-windows\videoos.datacollector.service.unittests.dll" id="c6fe120c-51c6-bf34-a1b7-37c31ba60cf1">
      <Execution id="a891a893-2f4d-403e-8877-4bce20bf398b" />
      <TestMethod codeBase="D:\actions-runner\_work\XPCO\XPCO\AllSolutions\..\DataCollector\Service\tst\VideoOS.DataCollector.Service.UnitTests\bin\x64\Debug\net6.0-windows\VideoOS.DataCollector.Service.UnitTests.dll" adapterTypeName="executor://mstestadapter/v2" className="VideoOS.DataCollector.Service.UnitTests.Common.Behaviours.RetryBehaviourUnitTest" name="Handle_UnhandledException_ExceptionRethrown" />
    </UnitTest>
    <UnitTest name="StatePerValue_TestEnterCriticalMode" storage="d:\actions-runner\_work\xpco\xpco\allsolutions\..\datacollector\service\tst\videoos.datacollector.service.unittests\bin\x64\debug\net6.0-windows\videoos.datacollector.service.unittests.dll" id="2c68ffcd-c332-0532-0c3f-69b2a61d87b7">
      <Execution id="a2a442b0-d045-411a-a16c-46698649d8f0" />
      <TestMethod codeBase="D:\actions-runner\_work\XPCO\XPCO\AllSolutions\..\DataCollector\Service\tst\VideoOS.DataCollector.Service.UnitTests\bin\x64\Debug\net6.0-windows\VideoOS.DataCollector.Service.UnitTests.dll" adapterTypeName="executor://mstestadapter/v2" className="VideoOS.DataCollector.Service.UnitTests.StatePerValueHandlerTest" name="StatePerValue_TestEnterCriticalMode" />
    </UnitTest>
    <UnitTest name="Create_Driver_Counter_Rule_As_CameraCounterRule" storage="d:\actions-runner\_work\xpco\xpco\allsolutions\..\datacollector\service\tst\videoos.datacollector.service.unittests\bin\x64\debug\net6.0-windows\videoos.datacollector.service.unittests.dll" id="3c473b79-1a61-6cef-6e1f-ff2fa1a0a308">
      <Execution id="cce7331d-51a7-4de5-948e-558e27a25032" />
      <TestMethod codeBase="D:\actions-runner\_work\XPCO\XPCO\AllSolutions\..\DataCollector\Service\tst\VideoOS.DataCollector.Service.UnitTests\bin\x64\Debug\net6.0-windows\VideoOS.DataCollector.Service.UnitTests.dll" adapterTypeName="executor://mstestadapter/v2" className="VideoOS.DataCollector.Service.UnitTests.CounterRuleFactoryUnitTest" name="Create_Driver_Counter_Rule_As_CameraCounterRule" />
    </UnitTest>
    <UnitTest name="Handle_RuleConfigurationIsEmpty_EventNotPublished" storage="d:\actions-runner\_work\xpco\xpco\allsolutions\..\datacollector\service\tst\videoos.datacollector.service.unittests\bin\x64\debug\net6.0-windows\videoos.datacollector.service.unittests.dll" id="04e89063-f821-aa32-1f10-99b39e4f1811">
      <Execution id="47dafb17-c8f3-4c76-a2ba-9e084610476a" />
      <TestMethod codeBase="D:\actions-runner\_work\XPCO\XPCO\AllSolutions\..\DataCollector\Service\tst\VideoOS.DataCollector.Service.UnitTests\bin\x64\Debug\net6.0-windows\VideoOS.DataCollector.Service.UnitTests.dll" adapterTypeName="executor://mstestadapter/v2" className="VideoOS.DataCollector.Service.UnitTests.Rule.RuleConfiguration.Queries.GetRuleConfigurationServerQueryTests" name="Handle_RuleConfigurationIsEmpty_EventNotPublished" />
    </UnitTest>
    <UnitTest name="GrpcProfile_Convert_PerformanceCounterInstance_From_gRPC (SingleInstance,RawFraction,SingleInstance,RawFraction)" storage="d:\actions-runner\_work\xpco\xpco\allsolutions\..\datacollector\service\tst\videoos.datacollector.service.unittests\bin\x64\debug\net6.0-windows\videoos.datacollector.service.unittests.dll" id="8533cf37-61f4-a6cf-6820-29a7099606ed">
      <Execution id="182b8578-7166-4dd0-90a9-1c4a705d5ce3" />
      <TestMethod codeBase="D:\actions-runner\_work\XPCO\XPCO\AllSolutions\..\DataCollector\Service\tst\VideoOS.DataCollector.Service.UnitTests\bin\x64\Debug\net6.0-windows\VideoOS.DataCollector.Service.UnitTests.dll" adapterTypeName="executor://mstestadapter/v2" className="VideoOS.DataCollector.Service.UnitTests.GrpcProfileTest" name="GrpcProfile_Convert_PerformanceCounterInstance_From_gRPC" />
    </UnitTest>
    <UnitTest name="GrpcProfile_Convert_PerformanceCounterInstance_From_gRPC (SingleInstance,CounterMultiTimer100NsInverse,SingleInstance,CounterMultiTimer100NsInverse)" storage="d:\actions-runner\_work\xpco\xpco\allsolutions\..\datacollector\service\tst\videoos.datacollector.service.unittests\bin\x64\debug\net6.0-windows\videoos.datacollector.service.unittests.dll" id="03dd7efd-6a8d-fccd-fe69-56297aaf3cd3">
      <Execution id="4c0eb929-acf8-40b4-adcd-4712c59fa658" />
      <TestMethod codeBase="D:\actions-runner\_work\XPCO\XPCO\AllSolutions\..\DataCollector\Service\tst\VideoOS.DataCollector.Service.UnitTests\bin\x64\Debug\net6.0-windows\VideoOS.DataCollector.Service.UnitTests.dll" adapterTypeName="executor://mstestadapter/v2" className="VideoOS.DataCollector.Service.UnitTests.GrpcProfileTest" name="GrpcProfile_Convert_PerformanceCounterInstance_From_gRPC" />
    </UnitTest>
    <UnitTest name="MultiCounterRule_AddStateChanged_state_NullCheck" storage="d:\actions-runner\_work\xpco\xpco\allsolutions\..\datacollector\service\tst\videoos.datacollector.service.unittests\bin\x64\debug\net6.0-windows\videoos.datacollector.service.unittests.dll" id="732ca944-6770-7425-26bb-fb56ee5758fd">
      <Execution id="778a55d0-7922-4b4c-a9f1-9ce2826a825d" />
      <TestMethod codeBase="D:\actions-runner\_work\XPCO\XPCO\AllSolutions\..\DataCollector\Service\tst\VideoOS.DataCollector.Service.UnitTests\bin\x64\Debug\net6.0-windows\VideoOS.DataCollector.Service.UnitTests.dll" adapterTypeName="executor://mstestadapter/v2" className="VideoOS.DataCollector.Service.UnitTests.Rules.MultiCounterRuleTest" name="MultiCounterRule_AddStateChanged_state_NullCheck" />
    </UnitTest>
    <UnitTest name="Create_Device_Counter_Rule_As_CameraCounterRule" storage="d:\actions-runner\_work\xpco\xpco\allsolutions\..\datacollector\service\tst\videoos.datacollector.service.unittests\bin\x64\debug\net6.0-windows\videoos.datacollector.service.unittests.dll" id="0c0b0a59-8540-bbe5-4fa1-1cc8a6e44343">
      <Execution id="1d338eb4-ef89-4358-ad75-cefc7e942927" />
      <TestMethod codeBase="D:\actions-runner\_work\XPCO\XPCO\AllSolutions\..\DataCollector\Service\tst\VideoOS.DataCollector.Service.UnitTests\bin\x64\Debug\net6.0-windows\VideoOS.DataCollector.Service.UnitTests.dll" adapterTypeName="executor://mstestadapter/v2" className="VideoOS.DataCollector.Service.UnitTests.CounterRuleFactoryUnitTest" name="Create_Device_Counter_Rule_As_CameraCounterRule" />
    </UnitTest>
    <UnitTest name="RegisterServiceApplicationsService_GetOrAddDataCollectorIdAsync_Send_Success" storage="d:\actions-runner\_work\xpco\xpco\allsolutions\..\datacollector\service\tst\videoos.datacollector.service.unittests\bin\x64\debug\net6.0-windows\videoos.datacollector.service.unittests.dll" id="0725daa6-99c5-4ffd-07e4-58c74de6fe70">
      <Execution id="864a73f3-c262-47b7-b502-ea36c7390c44" />
      <TestMethod codeBase="D:\actions-runner\_work\XPCO\XPCO\AllSolutions\..\DataCollector\Service\tst\VideoOS.DataCollector.Service.UnitTests\bin\x64\Debug\net6.0-windows\VideoOS.DataCollector.Service.UnitTests.dll" adapterTypeName="executor://mstestadapter/v2" className="VideoOS.DataCollector.Service.UnitTests.Services.RegisterServiceApplicationsServiceTests" name="RegisterServiceApplicationsService_GetOrAddDataCollectorIdAsync_Send_Success" />
    </UnitTest>
    <UnitTest name="RecordingServerChangeStateEventHandler_Handle_DomainNotification_Published_Success" storage="d:\actions-runner\_work\xpco\xpco\allsolutions\..\datacollector\service\tst\videoos.datacollector.service.unittests\bin\x64\debug\net6.0-windows\videoos.datacollector.service.unittests.dll" id="d2f14a59-e1ab-f2f6-0e94-ad118426c40f">
      <Execution id="ca95a691-17a8-4fa6-95c6-a84836a63725" />
      <TestMethod codeBase="D:\actions-runner\_work\XPCO\XPCO\AllSolutions\..\DataCollector\Service\tst\VideoOS.DataCollector.Service.UnitTests\bin\x64\Debug\net6.0-windows\VideoOS.DataCollector.Service.UnitTests.dll" adapterTypeName="executor://mstestadapter/v2" className="VideoOS.DataCollector.Service.UnitTests.RecordingServerChangeStateEventHandlerTests" name="RecordingServerChangeStateEventHandler_Handle_DomainNotification_Published_Success" />
    </UnitTest>
    <UnitTest name="GrpcProfile_Convert_PerformanceCounterInstance_To_gRPC (SingleInstance,CounterDelta64,SingleInstance,CounterDelta64)" storage="d:\actions-runner\_work\xpco\xpco\allsolutions\..\datacollector\service\tst\videoos.datacollector.service.unittests\bin\x64\debug\net6.0-windows\videoos.datacollector.service.unittests.dll" id="68fe58b9-4922-f0f2-fb8f-8a6f41b8cd3d">
      <Execution id="aeb8b2ef-f0f1-4bbd-9199-baed60d165c7" />
      <TestMethod codeBase="D:\actions-runner\_work\XPCO\XPCO\AllSolutions\..\DataCollector\Service\tst\VideoOS.DataCollector.Service.UnitTests\bin\x64\Debug\net6.0-windows\VideoOS.DataCollector.Service.UnitTests.dll" adapterTypeName="executor://mstestadapter/v2" className="VideoOS.DataCollector.Service.UnitTests.GrpcProfileTest" name="GrpcProfile_Convert_PerformanceCounterInstance_To_gRPC" />
    </UnitTest>
    <UnitTest name="GrpcProfile_Convert_PerformanceCounterInstance_To_gRPC (SingleInstance,CounterMultiTimer100Ns,SingleInstance,CounterMultiTimer100Ns)" storage="d:\actions-runner\_work\xpco\xpco\allsolutions\..\datacollector\service\tst\videoos.datacollector.service.unittests\bin\x64\debug\net6.0-windows\videoos.datacollector.service.unittests.dll" id="524e50d0-a87a-8656-2d19-c93a8d32df4c">
      <Execution id="7964f78b-2f09-4f77-a26b-f72b743629b4" />
      <TestMethod codeBase="D:\actions-runner\_work\XPCO\XPCO\AllSolutions\..\DataCollector\Service\tst\VideoOS.DataCollector.Service.UnitTests\bin\x64\Debug\net6.0-windows\VideoOS.DataCollector.Service.UnitTests.dll" adapterTypeName="executor://mstestadapter/v2" className="VideoOS.DataCollector.Service.UnitTests.GrpcProfileTest" name="GrpcProfile_Convert_PerformanceCounterInstance_To_gRPC" />
    </UnitTest>
    <UnitTest name="StatePerValue_TestAddCounterValue" storage="d:\actions-runner\_work\xpco\xpco\allsolutions\..\datacollector\service\tst\videoos.datacollector.service.unittests\bin\x64\debug\net6.0-windows\videoos.datacollector.service.unittests.dll" id="9853ca32-211f-7c63-492c-0a03776b78c1">
      <Execution id="26d471f5-f778-4db9-8d58-93ac4983e09d" />
      <TestMethod codeBase="D:\actions-runner\_work\XPCO\XPCO\AllSolutions\..\DataCollector\Service\tst\VideoOS.DataCollector.Service.UnitTests\bin\x64\Debug\net6.0-windows\VideoOS.DataCollector.Service.UnitTests.dll" adapterTypeName="executor://mstestadapter/v2" className="VideoOS.DataCollector.Service.UnitTests.StatePerValueHandlerTest" name="StatePerValue_TestAddCounterValue" />
    </UnitTest>
    <UnitTest name="GrpcProfile_Convert_PerformanceCounterInstance_To_gRPC (SingleInstance,RateOfCountsPerSecond64,SingleInstance,RateOfCountsPerSecond64)" storage="d:\actions-runner\_work\xpco\xpco\allsolutions\..\datacollector\service\tst\videoos.datacollector.service.unittests\bin\x64\debug\net6.0-windows\videoos.datacollector.service.unittests.dll" id="391596d7-5b23-4d23-fce3-90f900c49b88">
      <Execution id="b7ec8560-2890-4626-8494-02e3b0f2b199" />
      <TestMethod codeBase="D:\actions-runner\_work\XPCO\XPCO\AllSolutions\..\DataCollector\Service\tst\VideoOS.DataCollector.Service.UnitTests\bin\x64\Debug\net6.0-windows\VideoOS.DataCollector.Service.UnitTests.dll" adapterTypeName="executor://mstestadapter/v2" className="VideoOS.DataCollector.Service.UnitTests.GrpcProfileTest" name="GrpcProfile_Convert_PerformanceCounterInstance_To_gRPC" />
    </UnitTest>
    <UnitTest name="Constructor_NullLogger_ArgumentNullExceptionThrown" storage="d:\actions-runner\_work\xpco\xpco\allsolutions\..\datacollector\service\tst\videoos.datacollector.service.unittests\bin\x64\debug\net6.0-windows\videoos.datacollector.service.unittests.dll" id="f7643ed5-c2fc-d1be-8f2a-4e90622e37bc">
      <Execution id="e25ba52b-d985-4369-902f-7333e9efff18" />
      <TestMethod codeBase="D:\actions-runner\_work\XPCO\XPCO\AllSolutions\..\DataCollector\Service\tst\VideoOS.DataCollector.Service.UnitTests\bin\x64\Debug\net6.0-windows\VideoOS.DataCollector.Service.UnitTests.dll" adapterTypeName="executor://mstestadapter/v2" className="VideoOS.DataCollector.Service.UnitTests.Common.Behaviours.RetryBehaviourUnitTest" name="Constructor_NullLogger_ArgumentNullExceptionThrown" />
    </UnitTest>
    <UnitTest name="RuleConfigurationRefreshService_ExecuteAsync_OperationCanceledException_Handled" storage="d:\actions-runner\_work\xpco\xpco\allsolutions\..\datacollector\service\tst\videoos.datacollector.service.unittests\bin\x64\debug\net6.0-windows\videoos.datacollector.service.unittests.dll" id="5cce6c1f-804c-513e-1945-36f93077127e">
      <Execution id="703d808e-1248-4111-943c-584f5275ec60" />
      <TestMethod codeBase="D:\actions-runner\_work\XPCO\XPCO\AllSolutions\..\DataCollector\Service\tst\VideoOS.DataCollector.Service.UnitTests\bin\x64\Debug\net6.0-windows\VideoOS.DataCollector.Service.UnitTests.dll" adapterTypeName="executor://mstestadapter/v2" className="VideoOS.DataCollector.Service.UnitTests.Services.RuleConfigurationRefreshServiceTests" name="RuleConfigurationRefreshService_ExecuteAsync_OperationCanceledException_Handled" />
    </UnitTest>
    <UnitTest name="Create_Device_Storage_Counter_Rule_As_CameraUsedSpaceCounterRule" storage="d:\actions-runner\_work\xpco\xpco\allsolutions\..\datacollector\service\tst\videoos.datacollector.service.unittests\bin\x64\debug\net6.0-windows\videoos.datacollector.service.unittests.dll" id="3866e40a-34af-c2d9-f395-5edf37fcb689">
      <Execution id="cccd4552-6bd8-4570-b6cf-b4ffb5abb7ee" />
      <TestMethod codeBase="D:\actions-runner\_work\XPCO\XPCO\AllSolutions\..\DataCollector\Service\tst\VideoOS.DataCollector.Service.UnitTests\bin\x64\Debug\net6.0-windows\VideoOS.DataCollector.Service.UnitTests.dll" adapterTypeName="executor://mstestadapter/v2" className="VideoOS.DataCollector.Service.UnitTests.CounterRuleFactoryUnitTest" name="Create_Device_Storage_Counter_Rule_As_CameraUsedSpaceCounterRule" />
    </UnitTest>
    <UnitTest name="ConfigurationRefreshService_ExecuteAsync_OperationCanceledException_Handled" storage="d:\actions-runner\_work\xpco\xpco\allsolutions\..\datacollector\service\tst\videoos.datacollector.service.unittests\bin\x64\debug\net6.0-windows\videoos.datacollector.service.unittests.dll" id="9eb32da8-ed65-a360-d3a8-616c63cd4fcb">
      <Execution id="813c344d-5aa6-43e7-8f1e-da1686230c7b" />
      <TestMethod codeBase="D:\actions-runner\_work\XPCO\XPCO\AllSolutions\..\DataCollector\Service\tst\VideoOS.DataCollector.Service.UnitTests\bin\x64\Debug\net6.0-windows\VideoOS.DataCollector.Service.UnitTests.dll" adapterTypeName="executor://mstestadapter/v2" className="VideoOS.DataCollector.Service.UnitTests.Services.ConfigurationRefreshServiceTests" name="ConfigurationRefreshService_ExecuteAsync_OperationCanceledException_Handled" />
    </UnitTest>
    <UnitTest name="RuleConfigurationChangeEventHandler_Handle_UpdateRule_NoneDefault_Success" storage="d:\actions-runner\_work\xpco\xpco\allsolutions\..\datacollector\service\tst\videoos.datacollector.service.unittests\bin\x64\debug\net6.0-windows\videoos.datacollector.service.unittests.dll" id="9c1e900c-25e6-4703-997c-886376712446">
      <Execution id="e3061a25-e917-44de-9a57-fa0dbd82b71e" />
      <TestMethod codeBase="D:\actions-runner\_work\XPCO\XPCO\AllSolutions\..\DataCollector\Service\tst\VideoOS.DataCollector.Service.UnitTests\bin\x64\Debug\net6.0-windows\VideoOS.DataCollector.Service.UnitTests.dll" adapterTypeName="executor://mstestadapter/v2" className="VideoOS.DataCollector.Service.UnitTests.RuleConfigurationChangeEventHandlerTests" name="RuleConfigurationChangeEventHandler_Handle_UpdateRule_NoneDefault_Success" />
    </UnitTest>
    <UnitTest name="TestRemoveObsoleteValues" storage="d:\actions-runner\_work\xpco\xpco\allsolutions\..\datacollector\service\tst\videoos.datacollector.service.unittests\bin\x64\debug\net6.0-windows\videoos.datacollector.service.unittests.dll" id="75b56f6b-b903-22eb-7772-8d0dd2872307">
      <Execution id="8e249efe-b2e4-4522-a795-71dad6152487" />
      <TestMethod codeBase="D:\actions-runner\_work\XPCO\XPCO\AllSolutions\..\DataCollector\Service\tst\VideoOS.DataCollector.Service.UnitTests\bin\x64\Debug\net6.0-windows\VideoOS.DataCollector.Service.UnitTests.dll" adapterTypeName="executor://mstestadapter/v2" className="VideoOS.DataCollector.Service.UnitTests.CounterRuleTest" name="TestRemoveObsoleteValues" />
    </UnitTest>
    <UnitTest name="OnRecordingServerIsUp_Is_Not_Called_On_Normal_State_Change_For_Management_Server" storage="d:\actions-runner\_work\xpco\xpco\allsolutions\..\datacollector\service\tst\videoos.datacollector.service.unittests\bin\x64\debug\net6.0-windows\videoos.datacollector.service.unittests.dll" id="1ef0c0e0-93cb-6d9a-0a7b-f1f9583bdeb9">
      <Execution id="76a70c84-1b13-44e8-bd7c-7ac84bc95697" />
      <TestMethod codeBase="D:\actions-runner\_work\XPCO\XPCO\AllSolutions\..\DataCollector\Service\tst\VideoOS.DataCollector.Service.UnitTests\bin\x64\Debug\net6.0-windows\VideoOS.DataCollector.Service.UnitTests.dll" adapterTypeName="executor://mstestadapter/v2" className="VideoOS.DataCollector.Service.UnitTests.RecordingServiceAvailableRuleUnitTest" name="OnRecordingServerIsUp_Is_Not_Called_On_Normal_State_Change_For_Management_Server" />
    </UnitTest>
    <UnitTest name="GrpcProfile_Convert_PerformanceCounterInstance_From_gRPC (SingleInstance,NumberOfItems32,SingleInstance,NumberOfItems32)" storage="d:\actions-runner\_work\xpco\xpco\allsolutions\..\datacollector\service\tst\videoos.datacollector.service.unittests\bin\x64\debug\net6.0-windows\videoos.datacollector.service.unittests.dll" id="c2184a80-4d13-1e08-93a2-618502ea5b34">
      <Execution id="9f029463-6027-4d5e-8d31-65b756d913d2" />
      <TestMethod codeBase="D:\actions-runner\_work\XPCO\XPCO\AllSolutions\..\DataCollector\Service\tst\VideoOS.DataCollector.Service.UnitTests\bin\x64\Debug\net6.0-windows\VideoOS.DataCollector.Service.UnitTests.dll" adapterTypeName="executor://mstestadapter/v2" className="VideoOS.DataCollector.Service.UnitTests.GrpcProfileTest" name="GrpcProfile_Convert_PerformanceCounterInstance_From_gRPC" />
    </UnitTest>
    <UnitTest name="GrpcProfile_Convert_PerformanceCounterInstance_From_gRPC (SingleInstance,CounterTimer,SingleInstance,CounterTimer)" storage="d:\actions-runner\_work\xpco\xpco\allsolutions\..\datacollector\service\tst\videoos.datacollector.service.unittests\bin\x64\debug\net6.0-windows\videoos.datacollector.service.unittests.dll" id="216c08b9-540d-cfa7-04d5-5c52024327c0">
      <Execution id="a7d84508-b4eb-4da8-abe3-dd9b3127da84" />
      <TestMethod codeBase="D:\actions-runner\_work\XPCO\XPCO\AllSolutions\..\DataCollector\Service\tst\VideoOS.DataCollector.Service.UnitTests\bin\x64\Debug\net6.0-windows\VideoOS.DataCollector.Service.UnitTests.dll" adapterTypeName="executor://mstestadapter/v2" className="VideoOS.DataCollector.Service.UnitTests.GrpcProfileTest" name="GrpcProfile_Convert_PerformanceCounterInstance_From_gRPC" />
    </UnitTest>
    <UnitTest name="MultiCounterRule_Constructor_ruleId_NullCheck" storage="d:\actions-runner\_work\xpco\xpco\allsolutions\..\datacollector\service\tst\videoos.datacollector.service.unittests\bin\x64\debug\net6.0-windows\videoos.datacollector.service.unittests.dll" id="95ca7b42-b843-79cc-0f2b-b266961d0032">
      <Execution id="6d8f616e-96df-46d8-b968-1647a6bd60a5" />
      <TestMethod codeBase="D:\actions-runner\_work\XPCO\XPCO\AllSolutions\..\DataCollector\Service\tst\VideoOS.DataCollector.Service.UnitTests\bin\x64\Debug\net6.0-windows\VideoOS.DataCollector.Service.UnitTests.dll" adapterTypeName="executor://mstestadapter/v2" className="VideoOS.DataCollector.Service.UnitTests.Rules.MultiCounterRuleTest" name="MultiCounterRule_Constructor_ruleId_NullCheck" />
    </UnitTest>
    <UnitTest name="MultiCounterRule_Constructor_counterPath_NullCheck" storage="d:\actions-runner\_work\xpco\xpco\allsolutions\..\datacollector\service\tst\videoos.datacollector.service.unittests\bin\x64\debug\net6.0-windows\videoos.datacollector.service.unittests.dll" id="530abe5c-8ca1-f9aa-5d21-f7d0527419a3">
      <Execution id="365eef04-17bd-4d73-84db-d9a07e30648e" />
      <TestMethod codeBase="D:\actions-runner\_work\XPCO\XPCO\AllSolutions\..\DataCollector\Service\tst\VideoOS.DataCollector.Service.UnitTests\bin\x64\Debug\net6.0-windows\VideoOS.DataCollector.Service.UnitTests.dll" adapterTypeName="executor://mstestadapter/v2" className="VideoOS.DataCollector.Service.UnitTests.Rules.MultiCounterRuleTest" name="MultiCounterRule_Constructor_counterPath_NullCheck" />
    </UnitTest>
    <UnitTest name="GrpcProfile_Convert_PerformanceCounterInstance_From_gRPC (SingleInstance,AverageTimer32,SingleInstance,AverageTimer32)" storage="d:\actions-runner\_work\xpco\xpco\allsolutions\..\datacollector\service\tst\videoos.datacollector.service.unittests\bin\x64\debug\net6.0-windows\videoos.datacollector.service.unittests.dll" id="627bcb52-27e1-2fb6-1284-56d0b1585a31">
      <Execution id="dcc20dd4-66a7-4f5e-b33f-6d4cb95949ff" />
      <TestMethod codeBase="D:\actions-runner\_work\XPCO\XPCO\AllSolutions\..\DataCollector\Service\tst\VideoOS.DataCollector.Service.UnitTests\bin\x64\Debug\net6.0-windows\VideoOS.DataCollector.Service.UnitTests.dll" adapterTypeName="executor://mstestadapter/v2" className="VideoOS.DataCollector.Service.UnitTests.GrpcProfileTest" name="GrpcProfile_Convert_PerformanceCounterInstance_From_gRPC" />
    </UnitTest>
    <UnitTest name="GrpcProfile_Convert_PerformanceCounterInstance_To_gRPC (SingleInstance,CountPerTimeInterval32,SingleInstance,CountPerTimeInterval32)" storage="d:\actions-runner\_work\xpco\xpco\allsolutions\..\datacollector\service\tst\videoos.datacollector.service.unittests\bin\x64\debug\net6.0-windows\videoos.datacollector.service.unittests.dll" id="2c1ddd0c-710c-87da-a950-4b1a1388e8cb">
      <Execution id="7ce21d47-5d41-4dd6-8046-41f98c3fc665" />
      <TestMethod codeBase="D:\actions-runner\_work\XPCO\XPCO\AllSolutions\..\DataCollector\Service\tst\VideoOS.DataCollector.Service.UnitTests\bin\x64\Debug\net6.0-windows\VideoOS.DataCollector.Service.UnitTests.dll" adapterTypeName="executor://mstestadapter/v2" className="VideoOS.DataCollector.Service.UnitTests.GrpcProfileTest" name="GrpcProfile_Convert_PerformanceCounterInstance_To_gRPC" />
    </UnitTest>
    <UnitTest name="MultiCounterRule_RegisterPerformanceCounterInstance_RegisterSame_NoRegistration" storage="d:\actions-runner\_work\xpco\xpco\allsolutions\..\datacollector\service\tst\videoos.datacollector.service.unittests\bin\x64\debug\net6.0-windows\videoos.datacollector.service.unittests.dll" id="a6b33815-ce76-4c57-3379-877a2c24faac">
      <Execution id="536b2d1d-b2d3-4b03-8110-12ba94462915" />
      <TestMethod codeBase="D:\actions-runner\_work\XPCO\XPCO\AllSolutions\..\DataCollector\Service\tst\VideoOS.DataCollector.Service.UnitTests\bin\x64\Debug\net6.0-windows\VideoOS.DataCollector.Service.UnitTests.dll" adapterTypeName="executor://mstestadapter/v2" className="VideoOS.DataCollector.Service.UnitTests.Rules.MultiCounterRuleTest" name="MultiCounterRule_RegisterPerformanceCounterInstance_RegisterSame_NoRegistration" />
    </UnitTest>
    <UnitTest name="GetState_ShouldBeNormal_OnWarningNegativeOneAndBelowCriticalThreshold" storage="d:\actions-runner\_work\xpco\xpco\allsolutions\..\datacollector\service\tst\videoos.datacollector.service.unittests\bin\x64\debug\net6.0-windows\videoos.datacollector.service.unittests.dll" id="658d5787-c2e2-161d-f0ac-428f1759143b">
      <Execution id="6c866a0a-dd0a-452b-a26d-c59d605fba42" />
      <TestMethod codeBase="D:\actions-runner\_work\XPCO\XPCO\AllSolutions\..\DataCollector\Service\tst\VideoOS.DataCollector.Service.UnitTests\bin\x64\Debug\net6.0-windows\VideoOS.DataCollector.Service.UnitTests.dll" adapterTypeName="executor://mstestadapter/v2" className="VideoOS.DataCollector.Service.UnitTests.CounterRuleTest" name="GetState_ShouldBeNormal_OnWarningNegativeOneAndBelowCriticalThreshold" />
    </UnitTest>
    <UnitTest name="GrpcProfile_Convert_PerformanceCounterInstance_To_gRPC (SingleInstance,NumberOfItems32,SingleInstance,NumberOfItems32)" storage="d:\actions-runner\_work\xpco\xpco\allsolutions\..\datacollector\service\tst\videoos.datacollector.service.unittests\bin\x64\debug\net6.0-windows\videoos.datacollector.service.unittests.dll" id="6cf4131d-f13a-273b-8229-151f1ff5afdc">
      <Execution id="b8e1c668-8750-49ed-99af-e5b27f6e9c76" />
      <TestMethod codeBase="D:\actions-runner\_work\XPCO\XPCO\AllSolutions\..\DataCollector\Service\tst\VideoOS.DataCollector.Service.UnitTests\bin\x64\Debug\net6.0-windows\VideoOS.DataCollector.Service.UnitTests.dll" adapterTypeName="executor://mstestadapter/v2" className="VideoOS.DataCollector.Service.UnitTests.GrpcProfileTest" name="GrpcProfile_Convert_PerformanceCounterInstance_To_gRPC" />
    </UnitTest>
    <UnitTest name="StateSenderService_ExecuteAsync_Exception_Unhandled" storage="d:\actions-runner\_work\xpco\xpco\allsolutions\..\datacollector\service\tst\videoos.datacollector.service.unittests\bin\x64\debug\net6.0-windows\videoos.datacollector.service.unittests.dll" id="ac433da5-095a-a970-f950-b93161e691e7">
      <Execution id="40a0a0ce-5641-4e4b-8734-9855aedc9709" />
      <TestMethod codeBase="D:\actions-runner\_work\XPCO\XPCO\AllSolutions\..\DataCollector\Service\tst\VideoOS.DataCollector.Service.UnitTests\bin\x64\Debug\net6.0-windows\VideoOS.DataCollector.Service.UnitTests.dll" adapterTypeName="executor://mstestadapter/v2" className="VideoOS.DataCollector.Service.UnitTests.Services.StateSenderServiceTests" name="StateSenderService_ExecuteAsync_Exception_Unhandled" />
    </UnitTest>
    <UnitTest name="GrpcProfile_Convert_PerformanceCounterInstance_To_gRPC (SingleInstance,RateOfCountsPerSecond32,SingleInstance,RateOfCountsPerSecond32)" storage="d:\actions-runner\_work\xpco\xpco\allsolutions\..\datacollector\service\tst\videoos.datacollector.service.unittests\bin\x64\debug\net6.0-windows\videoos.datacollector.service.unittests.dll" id="9abe9465-9a0c-2d9d-3a71-5aa921199316">
      <Execution id="79a9b95b-8d65-4c09-aa8d-d5ab73561c51" />
      <TestMethod codeBase="D:\actions-runner\_work\XPCO\XPCO\AllSolutions\..\DataCollector\Service\tst\VideoOS.DataCollector.Service.UnitTests\bin\x64\Debug\net6.0-windows\VideoOS.DataCollector.Service.UnitTests.dll" adapterTypeName="executor://mstestadapter/v2" className="VideoOS.DataCollector.Service.UnitTests.GrpcProfileTest" name="GrpcProfile_Convert_PerformanceCounterInstance_To_gRPC" />
    </UnitTest>
    <UnitTest name="AddBackOffFactoryExtension_AddExponentialBackOffFactory_Success" storage="d:\actions-runner\_work\xpco\xpco\allsolutions\..\datacollector\service\tst\videoos.datacollector.service.unittests\bin\x64\debug\net6.0-windows\videoos.datacollector.service.unittests.dll" id="78d85bdf-b612-2360-80c6-bbd244944f25">
      <Execution id="46dd192e-ccac-4061-8d08-8e183074106c" />
      <TestMethod codeBase="D:\actions-runner\_work\XPCO\XPCO\AllSolutions\..\DataCollector\Service\tst\VideoOS.DataCollector.Service.UnitTests\bin\x64\Debug\net6.0-windows\VideoOS.DataCollector.Service.UnitTests.dll" adapterTypeName="executor://mstestadapter/v2" className="VideoOS.DataCollector.Service.UnitTests.Common.BackOff.AddBackOffFactoryExtensionUnitTest" name="AddBackOffFactoryExtension_AddExponentialBackOffFactory_Success" />
    </UnitTest>
    <UnitTest name="PerformanceCounterInstancesService_CategoryType_is_MultiInstance_InstanceName_IsNullOrEmpty_instanceNames_hasAName" storage="d:\actions-runner\_work\xpco\xpco\allsolutions\..\datacollector\service\tst\videoos.datacollector.service.unittests\bin\x64\debug\net6.0-windows\videoos.datacollector.service.unittests.dll" id="6ecb0d04-d1be-f7cb-09d0-f6a55900664c">
      <Execution id="09e1393a-b750-4531-8dfa-13216e2a15ce" />
      <TestMethod codeBase="D:\actions-runner\_work\XPCO\XPCO\AllSolutions\..\DataCollector\Service\tst\VideoOS.DataCollector.Service.UnitTests\bin\x64\Debug\net6.0-windows\VideoOS.DataCollector.Service.UnitTests.dll" adapterTypeName="executor://mstestadapter/v2" className="VideoOS.DataCollector.Service.UnitTests.Services.PerformanceCounterInstancesServiceTests" name="PerformanceCounterInstancesService_CategoryType_is_MultiInstance_InstanceName_IsNullOrEmpty_instanceNames_hasAName" />
    </UnitTest>
    <UnitTest name="CounterStateHandler_AddStateChange_StateChange_Handled_And_Log_Is_Written" storage="d:\actions-runner\_work\xpco\xpco\allsolutions\..\datacollector\service\tst\videoos.datacollector.service.unittests\bin\x64\debug\net6.0-windows\videoos.datacollector.service.unittests.dll" id="b4cbca01-8390-753a-dcf2-d3537691f0ab">
      <Execution id="efb9fa60-a31b-4aad-b95e-bd589b461948" />
      <TestMethod codeBase="D:\actions-runner\_work\XPCO\XPCO\AllSolutions\..\DataCollector\Service\tst\VideoOS.DataCollector.Service.UnitTests\bin\x64\Debug\net6.0-windows\VideoOS.DataCollector.Service.UnitTests.dll" adapterTypeName="executor://mstestadapter/v2" className="VideoOS.DataCollector.Service.UnitTests.StateHandlers.CounterStateHandlerTest" name="CounterStateHandler_AddStateChange_StateChange_Handled_And_Log_Is_Written" />
    </UnitTest>
    <UnitTest name="GrpcProfile_Convert_PerformanceCounterInstance_To_gRPC (SingleInstance,NumberOfItemsHex64,SingleInstance,NumberOfItemsHEX64)" storage="d:\actions-runner\_work\xpco\xpco\allsolutions\..\datacollector\service\tst\videoos.datacollector.service.unittests\bin\x64\debug\net6.0-windows\videoos.datacollector.service.unittests.dll" id="7ee27406-405d-c8a3-231c-fab6d5b4536c">
      <Execution id="5f303fb9-6143-4b61-a7be-7214112da79d" />
      <TestMethod codeBase="D:\actions-runner\_work\XPCO\XPCO\AllSolutions\..\DataCollector\Service\tst\VideoOS.DataCollector.Service.UnitTests\bin\x64\Debug\net6.0-windows\VideoOS.DataCollector.Service.UnitTests.dll" adapterTypeName="executor://mstestadapter/v2" className="VideoOS.DataCollector.Service.UnitTests.GrpcProfileTest" name="GrpcProfile_Convert_PerformanceCounterInstance_To_gRPC" />
    </UnitTest>
    <UnitTest name="GrpcProfile_Convert_PerformanceCounterInstance_To_gRPC (SingleInstance,CounterMultiTimer100NsInverse,SingleInstance,CounterMultiTimer100NsInverse)" storage="d:\actions-runner\_work\xpco\xpco\allsolutions\..\datacollector\service\tst\videoos.datacollector.service.unittests\bin\x64\debug\net6.0-windows\videoos.datacollector.service.unittests.dll" id="db977ff5-3e02-23c6-904c-9a2d2e831d89">
      <Execution id="f22ed5ae-bcdb-411c-91f5-ccea68e5bf98" />
      <TestMethod codeBase="D:\actions-runner\_work\XPCO\XPCO\AllSolutions\..\DataCollector\Service\tst\VideoOS.DataCollector.Service.UnitTests\bin\x64\Debug\net6.0-windows\VideoOS.DataCollector.Service.UnitTests.dll" adapterTypeName="executor://mstestadapter/v2" className="VideoOS.DataCollector.Service.UnitTests.GrpcProfileTest" name="GrpcProfile_Convert_PerformanceCounterInstance_To_gRPC" />
    </UnitTest>
    <UnitTest name="GrpcProfile_Convert_PerformanceCounterInstance_From_gRPC (SingleInstance,SampleFraction,SingleInstance,SampleFraction)" storage="d:\actions-runner\_work\xpco\xpco\allsolutions\..\datacollector\service\tst\videoos.datacollector.service.unittests\bin\x64\debug\net6.0-windows\videoos.datacollector.service.unittests.dll" id="5d3c4c8b-bf74-ec32-c105-ee7b4c2fd241">
      <Execution id="8e9d6c35-d76f-4aae-b74a-b253e751bdfa" />
      <TestMethod codeBase="D:\actions-runner\_work\XPCO\XPCO\AllSolutions\..\DataCollector\Service\tst\VideoOS.DataCollector.Service.UnitTests\bin\x64\Debug\net6.0-windows\VideoOS.DataCollector.Service.UnitTests.dll" adapterTypeName="executor://mstestadapter/v2" className="VideoOS.DataCollector.Service.UnitTests.GrpcProfileTest" name="GrpcProfile_Convert_PerformanceCounterInstance_From_gRPC" />
    </UnitTest>
    <UnitTest name="MultiCounterRule_Constructor_DefaultValuesCorrect" storage="d:\actions-runner\_work\xpco\xpco\allsolutions\..\datacollector\service\tst\videoos.datacollector.service.unittests\bin\x64\debug\net6.0-windows\videoos.datacollector.service.unittests.dll" id="20fe98db-931a-392f-1388-fa34ad83cdfa">
      <Execution id="314139a8-8c51-4c73-a86c-7dbbd462f17a" />
      <TestMethod codeBase="D:\actions-runner\_work\XPCO\XPCO\AllSolutions\..\DataCollector\Service\tst\VideoOS.DataCollector.Service.UnitTests\bin\x64\Debug\net6.0-windows\VideoOS.DataCollector.Service.UnitTests.dll" adapterTypeName="executor://mstestadapter/v2" className="VideoOS.DataCollector.Service.UnitTests.Rules.MultiCounterRuleTest" name="MultiCounterRule_Constructor_DefaultValuesCorrect" />
    </UnitTest>
    <UnitTest name="GrpcProfile_Convert_PerformanceCounterInstance_From_gRPC (SingleInstance,CounterMultiBase,SingleInstance,CounterMultiBase)" storage="d:\actions-runner\_work\xpco\xpco\allsolutions\..\datacollector\service\tst\videoos.datacollector.service.unittests\bin\x64\debug\net6.0-windows\videoos.datacollector.service.unittests.dll" id="b0da9145-986a-e07f-ba09-2d562875a4aa">
      <Execution id="94d8e29f-322e-4425-80b3-301573ceb551" />
      <TestMethod codeBase="D:\actions-runner\_work\XPCO\XPCO\AllSolutions\..\DataCollector\Service\tst\VideoOS.DataCollector.Service.UnitTests\bin\x64\Debug\net6.0-windows\VideoOS.DataCollector.Service.UnitTests.dll" adapterTypeName="executor://mstestadapter/v2" className="VideoOS.DataCollector.Service.UnitTests.GrpcProfileTest" name="GrpcProfile_Convert_PerformanceCounterInstance_From_gRPC" />
    </UnitTest>
    <UnitTest name="ConfigurationRefreshService_ExecuteAsync_Exception_Unhandled" storage="d:\actions-runner\_work\xpco\xpco\allsolutions\..\datacollector\service\tst\videoos.datacollector.service.unittests\bin\x64\debug\net6.0-windows\videoos.datacollector.service.unittests.dll" id="b135851c-c1dc-77ac-8ee4-ae4210b6a10c">
      <Execution id="47b26dca-6882-45b2-847d-47e85148c09a" />
      <TestMethod codeBase="D:\actions-runner\_work\XPCO\XPCO\AllSolutions\..\DataCollector\Service\tst\VideoOS.DataCollector.Service.UnitTests\bin\x64\Debug\net6.0-windows\VideoOS.DataCollector.Service.UnitTests.dll" adapterTypeName="executor://mstestadapter/v2" className="VideoOS.DataCollector.Service.UnitTests.Services.ConfigurationRefreshServiceTests" name="ConfigurationRefreshService_ExecuteAsync_Exception_Unhandled" />
    </UnitTest>
    <UnitTest name="CameraCounterRule_Send_Camera_State_Changes_And_Block_When_Recording_Server_Is_Down" storage="d:\actions-runner\_work\xpco\xpco\allsolutions\..\datacollector\service\tst\videoos.datacollector.service.unittests\bin\x64\debug\net6.0-windows\videoos.datacollector.service.unittests.dll" id="9a274afc-7c65-364f-b04d-27e30f5d25d5">
      <Execution id="3db90dc0-f227-4699-8d96-79990cad0770" />
      <TestMethod codeBase="D:\actions-runner\_work\XPCO\XPCO\AllSolutions\..\DataCollector\Service\tst\VideoOS.DataCollector.Service.UnitTests\bin\x64\Debug\net6.0-windows\VideoOS.DataCollector.Service.UnitTests.dll" adapterTypeName="executor://mstestadapter/v2" className="VideoOS.DataCollector.Service.UnitTests.CameraCounterRuleUnitTest" name="CameraCounterRule_Send_Camera_State_Changes_And_Block_When_Recording_Server_Is_Down" />
    </UnitTest>
    <UnitTest name="TestNormalToWarning_CriticalIsLow" storage="d:\actions-runner\_work\xpco\xpco\allsolutions\..\datacollector\service\tst\videoos.datacollector.service.unittests\bin\x64\debug\net6.0-windows\videoos.datacollector.service.unittests.dll" id="3cbb434d-f830-86e9-5c97-f98a80abec21">
      <Execution id="a5ff058c-0013-45f4-b176-ee5b2dea7838" />
      <TestMethod codeBase="D:\actions-runner\_work\XPCO\XPCO\AllSolutions\..\DataCollector\Service\tst\VideoOS.DataCollector.Service.UnitTests\bin\x64\Debug\net6.0-windows\VideoOS.DataCollector.Service.UnitTests.dll" adapterTypeName="executor://mstestadapter/v2" className="VideoOS.DataCollector.Service.UnitTests.CounterRuleTest" name="TestNormalToWarning_CriticalIsLow" />
    </UnitTest>
    <UnitTest name="GrpcProfile_Convert_PerformanceCounterValue_From_gRPC" storage="d:\actions-runner\_work\xpco\xpco\allsolutions\..\datacollector\service\tst\videoos.datacollector.service.unittests\bin\x64\debug\net6.0-windows\videoos.datacollector.service.unittests.dll" id="abd1cb55-7ad7-feb4-cfe9-8755b38b2485">
      <Execution id="311909ce-aec8-4a0d-91e7-1410e82888bb" />
      <TestMethod codeBase="D:\actions-runner\_work\XPCO\XPCO\AllSolutions\..\DataCollector\Service\tst\VideoOS.DataCollector.Service.UnitTests\bin\x64\Debug\net6.0-windows\VideoOS.DataCollector.Service.UnitTests.dll" adapterTypeName="executor://mstestadapter/v2" className="VideoOS.DataCollector.Service.UnitTests.GrpcProfileTest" name="GrpcProfile_Convert_PerformanceCounterValue_From_gRPC" />
    </UnitTest>
    <UnitTest name="Handle_CustomMaxRetryCount_InfiniteBehaviorVerified" storage="d:\actions-runner\_work\xpco\xpco\allsolutions\..\datacollector\service\tst\videoos.datacollector.service.unittests\bin\x64\debug\net6.0-windows\videoos.datacollector.service.unittests.dll" id="7398cc64-b8e0-891f-68a4-ca7ab8f99c42">
      <Execution id="abc5046e-f0fd-48c1-8962-3681261fb6f6" />
      <TestMethod codeBase="D:\actions-runner\_work\XPCO\XPCO\AllSolutions\..\DataCollector\Service\tst\VideoOS.DataCollector.Service.UnitTests\bin\x64\Debug\net6.0-windows\VideoOS.DataCollector.Service.UnitTests.dll" adapterTypeName="executor://mstestadapter/v2" className="VideoOS.DataCollector.Service.UnitTests.Common.Behaviours.RetryBehaviourUnitTest" name="Handle_CustomMaxRetryCount_InfiniteBehaviorVerified" />
    </UnitTest>
    <UnitTest name="SampleRulesService_Publish_UnSuccess" storage="d:\actions-runner\_work\xpco\xpco\allsolutions\..\datacollector\service\tst\videoos.datacollector.service.unittests\bin\x64\debug\net6.0-windows\videoos.datacollector.service.unittests.dll" id="78193bb3-8e76-5c86-eed4-a23b0ff31ee6">
      <Execution id="00054719-ffc5-4084-adef-f8c24d678133" />
      <TestMethod codeBase="D:\actions-runner\_work\XPCO\XPCO\AllSolutions\..\DataCollector\Service\tst\VideoOS.DataCollector.Service.UnitTests\bin\x64\Debug\net6.0-windows\VideoOS.DataCollector.Service.UnitTests.dll" adapterTypeName="executor://mstestadapter/v2" className="VideoOS.DataCollector.Service.UnitTests.Services.SampleRulesServiceTests" name="SampleRulesService_Publish_UnSuccess" />
    </UnitTest>
    <UnitTest name="ExponentialBackOff_Delay_Retry_Success" storage="d:\actions-runner\_work\xpco\xpco\allsolutions\..\datacollector\service\tst\videoos.datacollector.service.unittests\bin\x64\debug\net6.0-windows\videoos.datacollector.service.unittests.dll" id="b004132d-32f9-1a53-2662-cbd877b58f83">
      <Execution id="03835cf4-9f24-4af2-ab92-c01041c43f2a" />
      <TestMethod codeBase="D:\actions-runner\_work\XPCO\XPCO\AllSolutions\..\DataCollector\Service\tst\VideoOS.DataCollector.Service.UnitTests\bin\x64\Debug\net6.0-windows\VideoOS.DataCollector.Service.UnitTests.dll" adapterTypeName="executor://mstestadapter/v2" className="VideoOS.DataCollector.Service.UnitTests.Common.BackOff.ExponentialBackOffUnitTest" name="ExponentialBackOff_Delay_Retry_Success" />
    </UnitTest>
    <UnitTest name="MultiCounterRule_AddStateChanged_MaxStateIsSend" storage="d:\actions-runner\_work\xpco\xpco\allsolutions\..\datacollector\service\tst\videoos.datacollector.service.unittests\bin\x64\debug\net6.0-windows\videoos.datacollector.service.unittests.dll" id="c0acc7aa-513d-6c93-05d1-3ade693089df">
      <Execution id="8e7d880c-48a3-4e4c-8769-3591a0424cf2" />
      <TestMethod codeBase="D:\actions-runner\_work\XPCO\XPCO\AllSolutions\..\DataCollector\Service\tst\VideoOS.DataCollector.Service.UnitTests\bin\x64\Debug\net6.0-windows\VideoOS.DataCollector.Service.UnitTests.dll" adapterTypeName="executor://mstestadapter/v2" className="VideoOS.DataCollector.Service.UnitTests.Rules.MultiCounterRuleTest" name="MultiCounterRule_AddStateChanged_MaxStateIsSend" />
    </UnitTest>
    <UnitTest name="Create_ServiceAvailableRule_For_Management_Server" storage="d:\actions-runner\_work\xpco\xpco\allsolutions\..\datacollector\service\tst\videoos.datacollector.service.unittests\bin\x64\debug\net6.0-windows\videoos.datacollector.service.unittests.dll" id="881259e2-56aa-fe95-61a6-2f805bedebdd">
      <Execution id="7ce6cd0b-4567-4b34-939b-4b240c68a6ff" />
      <TestMethod codeBase="D:\actions-runner\_work\XPCO\XPCO\AllSolutions\..\DataCollector\Service\tst\VideoOS.DataCollector.Service.UnitTests\bin\x64\Debug\net6.0-windows\VideoOS.DataCollector.Service.UnitTests.dll" adapterTypeName="executor://mstestadapter/v2" className="VideoOS.DataCollector.Service.UnitTests.ServiceAvailableRuleFactoryUnitTest" name="Create_ServiceAvailableRule_For_Management_Server" />
    </UnitTest>
    <UnitTest name="LoggingBehaviour_Handle_InformationIsLogged" storage="d:\actions-runner\_work\xpco\xpco\allsolutions\..\datacollector\service\tst\videoos.datacollector.service.unittests\bin\x64\debug\net6.0-windows\videoos.datacollector.service.unittests.dll" id="2ffead77-bba4-f54f-701c-acded9db212b">
      <Execution id="de1aec0d-4e59-4dce-b783-800c2e1c6b06" />
      <TestMethod codeBase="D:\actions-runner\_work\XPCO\XPCO\AllSolutions\..\DataCollector\Service\tst\VideoOS.DataCollector.Service.UnitTests\bin\x64\Debug\net6.0-windows\VideoOS.DataCollector.Service.UnitTests.dll" adapterTypeName="executor://mstestadapter/v2" className="VideoOS.DataCollector.Service.UnitTests.Common.Behaviours.LoggingBehaviourUnitTest" name="LoggingBehaviour_Handle_InformationIsLogged" />
    </UnitTest>
    <UnitTest name="AddPerformanceCounterDataWithConfigRefreshServerCommandHandler_Handle_Success" storage="d:\actions-runner\_work\xpco\xpco\allsolutions\..\datacollector\service\tst\videoos.datacollector.service.unittests\bin\x64\debug\net6.0-windows\videoos.datacollector.service.unittests.dll" id="d914718c-5efe-e6f3-85f4-5043ddf4ace6">
      <Execution id="32375a1c-5abe-4c61-b4d9-e2fdeda9d665" />
      <TestMethod codeBase="D:\actions-runner\_work\XPCO\XPCO\AllSolutions\..\DataCollector\Service\tst\VideoOS.DataCollector.Service.UnitTests\bin\x64\Debug\net6.0-windows\VideoOS.DataCollector.Service.UnitTests.dll" adapterTypeName="executor://mstestadapter/v2" className="VideoOS.DataCollector.Service.UnitTests.PerfCounterConfiguration.Refresh.EventHandlers.RefreshActivePerformanceCounters.AddPerformanceCounterDataWithConfigRefreshServerCommandTests" name="AddPerformanceCounterDataWithConfigRefreshServerCommandHandler_Handle_Success" />
    </UnitTest>
    <UnitTest name="GetState_ShouldBeWarning_OnCriticalNegativeOneAndAboveWarningThreshold" storage="d:\actions-runner\_work\xpco\xpco\allsolutions\..\datacollector\service\tst\videoos.datacollector.service.unittests\bin\x64\debug\net6.0-windows\videoos.datacollector.service.unittests.dll" id="fe840311-4620-81da-dba3-c22da923e626">
      <Execution id="dc11a6a5-bbe9-4759-84d6-b86238869d93" />
      <TestMethod codeBase="D:\actions-runner\_work\XPCO\XPCO\AllSolutions\..\DataCollector\Service\tst\VideoOS.DataCollector.Service.UnitTests\bin\x64\Debug\net6.0-windows\VideoOS.DataCollector.Service.UnitTests.dll" adapterTypeName="executor://mstestadapter/v2" className="VideoOS.DataCollector.Service.UnitTests.CounterRuleTest" name="GetState_ShouldBeWarning_OnCriticalNegativeOneAndAboveWarningThreshold" />
    </UnitTest>
    <UnitTest name="PerformanceCounterInstancesService_CategoryType_is_NotMultiInstanc_InstanceName_IsNullOrEmpty_different_instanceNames" storage="d:\actions-runner\_work\xpco\xpco\allsolutions\..\datacollector\service\tst\videoos.datacollector.service.unittests\bin\x64\debug\net6.0-windows\videoos.datacollector.service.unittests.dll" id="f298f661-e060-0a59-8b59-305423b217de">
      <Execution id="20aef23b-58e4-4128-ae34-b1baad3be9b7" />
      <TestMethod codeBase="D:\actions-runner\_work\XPCO\XPCO\AllSolutions\..\DataCollector\Service\tst\VideoOS.DataCollector.Service.UnitTests\bin\x64\Debug\net6.0-windows\VideoOS.DataCollector.Service.UnitTests.dll" adapterTypeName="executor://mstestadapter/v2" className="VideoOS.DataCollector.Service.UnitTests.Services.PerformanceCounterInstancesServiceTests" name="PerformanceCounterInstancesService_CategoryType_is_NotMultiInstanc_InstanceName_IsNullOrEmpty_different_instanceNames" />
    </UnitTest>
    <UnitTest name="StateChangeEventHandlerTests_Handle_NotMultiRule_Success" storage="d:\actions-runner\_work\xpco\xpco\allsolutions\..\datacollector\service\tst\videoos.datacollector.service.unittests\bin\x64\debug\net6.0-windows\videoos.datacollector.service.unittests.dll" id="0119d307-dfc2-a149-0d00-d35dfc0aa40a">
      <Execution id="1551fd45-bfc4-4ea2-8173-f652b10fb5ef" />
      <TestMethod codeBase="D:\actions-runner\_work\XPCO\XPCO\AllSolutions\..\DataCollector\Service\tst\VideoOS.DataCollector.Service.UnitTests\bin\x64\Debug\net6.0-windows\VideoOS.DataCollector.Service.UnitTests.dll" adapterTypeName="executor://mstestadapter/v2" className="VideoOS.DataCollector.Service.UnitTests.StateChangeEventHandlerTests" name="StateChangeEventHandlerTests_Handle_NotMultiRule_Success" />
    </UnitTest>
    <UnitTest name="GrpcProfile_Convert_PerformanceCounterInstance_To_gRPC (Unknown,AverageBase,Unknown,AverageBase)" storage="d:\actions-runner\_work\xpco\xpco\allsolutions\..\datacollector\service\tst\videoos.datacollector.service.unittests\bin\x64\debug\net6.0-windows\videoos.datacollector.service.unittests.dll" id="ec5cec1c-1898-9c95-7c84-4b3816bfa27e">
      <Execution id="ea24f7be-ff5d-4a8e-89e2-41e6e28da687" />
      <TestMethod codeBase="D:\actions-runner\_work\XPCO\XPCO\AllSolutions\..\DataCollector\Service\tst\VideoOS.DataCollector.Service.UnitTests\bin\x64\Debug\net6.0-windows\VideoOS.DataCollector.Service.UnitTests.dll" adapterTypeName="executor://mstestadapter/v2" className="VideoOS.DataCollector.Service.UnitTests.GrpcProfileTest" name="GrpcProfile_Convert_PerformanceCounterInstance_To_gRPC" />
    </UnitTest>
    <UnitTest name="MultiCounterRule_RegisterPerformanceCounterInstance_performanceCounterInstancePath_NullCheck" storage="d:\actions-runner\_work\xpco\xpco\allsolutions\..\datacollector\service\tst\videoos.datacollector.service.unittests\bin\x64\debug\net6.0-windows\videoos.datacollector.service.unittests.dll" id="c7bc1efb-dfff-993b-d2ab-e36a12c4630d">
      <Execution id="6009b2a7-963c-42c1-b054-661f64172ca3" />
      <TestMethod codeBase="D:\actions-runner\_work\XPCO\XPCO\AllSolutions\..\DataCollector\Service\tst\VideoOS.DataCollector.Service.UnitTests\bin\x64\Debug\net6.0-windows\VideoOS.DataCollector.Service.UnitTests.dll" adapterTypeName="executor://mstestadapter/v2" className="VideoOS.DataCollector.Service.UnitTests.Rules.MultiCounterRuleTest" name="MultiCounterRule_RegisterPerformanceCounterInstance_performanceCounterInstancePath_NullCheck" />
    </UnitTest>
    <UnitTest name="TestCriticalToWarning" storage="d:\actions-runner\_work\xpco\xpco\allsolutions\..\datacollector\service\tst\videoos.datacollector.service.unittests\bin\x64\debug\net6.0-windows\videoos.datacollector.service.unittests.dll" id="c8ff54a3-dba1-bb46-b9e3-ba2ac89904ae">
      <Execution id="aa4d77bf-28c1-4f67-b91b-751e5f145616" />
      <TestMethod codeBase="D:\actions-runner\_work\XPCO\XPCO\AllSolutions\..\DataCollector\Service\tst\VideoOS.DataCollector.Service.UnitTests\bin\x64\Debug\net6.0-windows\VideoOS.DataCollector.Service.UnitTests.dll" adapterTypeName="executor://mstestadapter/v2" className="VideoOS.DataCollector.Service.UnitTests.CounterRuleTest" name="TestCriticalToWarning" />
    </UnitTest>
    <UnitTest name="ServiceAvailableRule_Of_Type_Recorder_Sends_State_Changes_When_Recording_Server_Is_Down" storage="d:\actions-runner\_work\xpco\xpco\allsolutions\..\datacollector\service\tst\videoos.datacollector.service.unittests\bin\x64\debug\net6.0-windows\videoos.datacollector.service.unittests.dll" id="ba43e9e1-f0b1-2b34-0f2d-81d07c0d6c13">
      <Execution id="2f6c8001-b721-48c7-9f63-1dc01bb57783" />
      <TestMethod codeBase="D:\actions-runner\_work\XPCO\XPCO\AllSolutions\..\DataCollector\Service\tst\VideoOS.DataCollector.Service.UnitTests\bin\x64\Debug\net6.0-windows\VideoOS.DataCollector.Service.UnitTests.dll" adapterTypeName="executor://mstestadapter/v2" className="VideoOS.DataCollector.Service.UnitTests.ServiceAvailableRuleUnitTest" name="ServiceAvailableRule_Of_Type_Recorder_Sends_State_Changes_When_Recording_Server_Is_Down" />
    </UnitTest>
    <UnitTest name="RecordingServerChangeStateEventHandler_Handle_Down_Success" storage="d:\actions-runner\_work\xpco\xpco\allsolutions\..\datacollector\service\tst\videoos.datacollector.service.unittests\bin\x64\debug\net6.0-windows\videoos.datacollector.service.unittests.dll" id="d76f2722-611b-b8d4-64e0-afa31d61aa8d">
      <Execution id="529ab465-18ee-4430-ac4d-2a8d8fd1884d" />
      <TestMethod codeBase="D:\actions-runner\_work\XPCO\XPCO\AllSolutions\..\DataCollector\Service\tst\VideoOS.DataCollector.Service.UnitTests\bin\x64\Debug\net6.0-windows\VideoOS.DataCollector.Service.UnitTests.dll" adapterTypeName="executor://mstestadapter/v2" className="VideoOS.DataCollector.Service.UnitTests.RecordingServerChangeStateEventHandlerTests" name="RecordingServerChangeStateEventHandler_Handle_Down_Success" />
    </UnitTest>
    <UnitTest name="RegisterInstalledServicesService_EnumServiceApplicationsInProduction_NotAllServicesInstalled" storage="d:\actions-runner\_work\xpco\xpco\allsolutions\..\datacollector\service\tst\videoos.datacollector.service.unittests\bin\x64\debug\net6.0-windows\videoos.datacollector.service.unittests.dll" id="0fa3ca38-66d0-0ed4-b140-9ddada881215">
      <Execution id="53e083f0-feea-4288-823b-20f8c63530dd" />
      <TestMethod codeBase="D:\actions-runner\_work\XPCO\XPCO\AllSolutions\..\DataCollector\Service\tst\VideoOS.DataCollector.Service.UnitTests\bin\x64\Debug\net6.0-windows\VideoOS.DataCollector.Service.UnitTests.dll" adapterTypeName="executor://mstestadapter/v2" className="VideoOS.DataCollector.Service.UnitTests.PerfCounterConfiguration.Commands.RegisterServiceApplications.RegisterInstalledServicesServiceTests" name="RegisterInstalledServicesService_EnumServiceApplicationsInProduction_NotAllServicesInstalled" />
    </UnitTest>
    <UnitTest name="Handle_UpdateNonDefaultExistingDefaultRule_RuleUpdated" storage="d:\actions-runner\_work\xpco\xpco\allsolutions\..\datacollector\service\tst\videoos.datacollector.service.unittests\bin\x64\debug\net6.0-windows\videoos.datacollector.service.unittests.dll" id="adbbf067-4609-a724-a5fe-6721eeeb92c5">
      <Execution id="081be967-e84c-4622-bb5d-8cb4e1fd1e45" />
      <TestMethod codeBase="D:\actions-runner\_work\XPCO\XPCO\AllSolutions\..\DataCollector\Service\tst\VideoOS.DataCollector.Service.UnitTests\bin\x64\Debug\net6.0-windows\VideoOS.DataCollector.Service.UnitTests.dll" adapterTypeName="executor://mstestadapter/v2" className="VideoOS.DataCollector.Service.UnitTests.CounterState.RefreshRuleConfigurationEventHandlerTests" name="Handle_UpdateNonDefaultExistingDefaultRule_RuleUpdated" />
    </UnitTest>
    <UnitTest name="Handle_OneMultiRuleCounterRuleDeleted_RuleDeletedMulitRuleUnRegistered" storage="d:\actions-runner\_work\xpco\xpco\allsolutions\..\datacollector\service\tst\videoos.datacollector.service.unittests\bin\x64\debug\net6.0-windows\videoos.datacollector.service.unittests.dll" id="a51de491-dad6-59b2-6568-0a9902aba825">
      <Execution id="e4a1e84f-fea1-416b-b15c-3b22f7650778" />
      <TestMethod codeBase="D:\actions-runner\_work\XPCO\XPCO\AllSolutions\..\DataCollector\Service\tst\VideoOS.DataCollector.Service.UnitTests\bin\x64\Debug\net6.0-windows\VideoOS.DataCollector.Service.UnitTests.dll" adapterTypeName="executor://mstestadapter/v2" className="VideoOS.DataCollector.Service.UnitTests.CounterState.RefreshRuleConfigurationEventHandlerTests" name="Handle_OneMultiRuleCounterRuleDeleted_RuleDeletedMulitRuleUnRegistered" />
    </UnitTest>
    <UnitTest name="StatePerValue_SetUndefined_StateChange_Only_Send_Once" storage="d:\actions-runner\_work\xpco\xpco\allsolutions\..\datacollector\service\tst\videoos.datacollector.service.unittests\bin\x64\debug\net6.0-windows\videoos.datacollector.service.unittests.dll" id="f291c842-367c-66f8-dda0-9dc008d4845e">
      <Execution id="e3a15c22-d249-4f05-8ef5-62ff51985055" />
      <TestMethod codeBase="D:\actions-runner\_work\XPCO\XPCO\AllSolutions\..\DataCollector\Service\tst\VideoOS.DataCollector.Service.UnitTests\bin\x64\Debug\net6.0-windows\VideoOS.DataCollector.Service.UnitTests.dll" adapterTypeName="executor://mstestadapter/v2" className="VideoOS.DataCollector.Service.UnitTests.StatePerValueHandlerTest" name="StatePerValue_SetUndefined_StateChange_Only_Send_Once" />
    </UnitTest>
    <UnitTest name="BackOffFactory_Create_Success" storage="d:\actions-runner\_work\xpco\xpco\allsolutions\..\datacollector\service\tst\videoos.datacollector.service.unittests\bin\x64\debug\net6.0-windows\videoos.datacollector.service.unittests.dll" id="bc7a6746-09d5-a99f-a17e-c1262fb2d460">
      <Execution id="148fef3d-8478-4c87-b16c-82522cffd8f8" />
      <TestMethod codeBase="D:\actions-runner\_work\XPCO\XPCO\AllSolutions\..\DataCollector\Service\tst\VideoOS.DataCollector.Service.UnitTests\bin\x64\Debug\net6.0-windows\VideoOS.DataCollector.Service.UnitTests.dll" adapterTypeName="executor://mstestadapter/v2" className="VideoOS.DataCollector.Service.UnitTests.Common.BackOff.BackOffFactoryUnitTest" name="BackOffFactory_Create_Success" />
    </UnitTest>
    <UnitTest name="GrpcProfile_Convert_PerformanceCounterInstance_From_gRPC (SingleInstance,CounterMultiTimerInverse,SingleInstance,CounterMultiTimerInverse)" storage="d:\actions-runner\_work\xpco\xpco\allsolutions\..\datacollector\service\tst\videoos.datacollector.service.unittests\bin\x64\debug\net6.0-windows\videoos.datacollector.service.unittests.dll" id="2cd560f2-7ad0-9d2f-d1eb-e3b70c6c734b">
      <Execution id="7eedcded-87d1-44fb-ad94-e48249a06b76" />
      <TestMethod codeBase="D:\actions-runner\_work\XPCO\XPCO\AllSolutions\..\DataCollector\Service\tst\VideoOS.DataCollector.Service.UnitTests\bin\x64\Debug\net6.0-windows\VideoOS.DataCollector.Service.UnitTests.dll" adapterTypeName="executor://mstestadapter/v2" className="VideoOS.DataCollector.Service.UnitTests.GrpcProfileTest" name="GrpcProfile_Convert_PerformanceCounterInstance_From_gRPC" />
    </UnitTest>
    <UnitTest name="GrpcProfile_Convert_PerformanceCounterInstance_From_gRPC (SingleInstance,Timer100Ns,SingleInstance,Timer100Ns)" storage="d:\actions-runner\_work\xpco\xpco\allsolutions\..\datacollector\service\tst\videoos.datacollector.service.unittests\bin\x64\debug\net6.0-windows\videoos.datacollector.service.unittests.dll" id="b67f4cb0-e1c6-6106-cf1a-6fe905edb531">
      <Execution id="c6898143-2469-4842-b745-61c2804a6d98" />
      <TestMethod codeBase="D:\actions-runner\_work\XPCO\XPCO\AllSolutions\..\DataCollector\Service\tst\VideoOS.DataCollector.Service.UnitTests\bin\x64\Debug\net6.0-windows\VideoOS.DataCollector.Service.UnitTests.dll" adapterTypeName="executor://mstestadapter/v2" className="VideoOS.DataCollector.Service.UnitTests.GrpcProfileTest" name="GrpcProfile_Convert_PerformanceCounterInstance_From_gRPC" />
    </UnitTest>
    <UnitTest name="CameraCounterRule_Does_Not_Sample_When_Recording_Server_Is_Down" storage="d:\actions-runner\_work\xpco\xpco\allsolutions\..\datacollector\service\tst\videoos.datacollector.service.unittests\bin\x64\debug\net6.0-windows\videoos.datacollector.service.unittests.dll" id="a47c31dc-dca9-0943-38c8-8ccb65466c1b">
      <Execution id="44ee0773-c08f-4b8b-b1db-4c72fb072b86" />
      <TestMethod codeBase="D:\actions-runner\_work\XPCO\XPCO\AllSolutions\..\DataCollector\Service\tst\VideoOS.DataCollector.Service.UnitTests\bin\x64\Debug\net6.0-windows\VideoOS.DataCollector.Service.UnitTests.dll" adapterTypeName="executor://mstestadapter/v2" className="VideoOS.DataCollector.Service.UnitTests.CameraCounterRuleUnitTest" name="CameraCounterRule_Does_Not_Sample_When_Recording_Server_Is_Down" />
    </UnitTest>
    <UnitTest name="TestGetSampleInstanceNotFound" storage="d:\actions-runner\_work\xpco\xpco\allsolutions\..\datacollector\service\tst\videoos.datacollector.service.unittests\bin\x64\debug\net6.0-windows\videoos.datacollector.service.unittests.dll" id="f1d1146d-0d6b-b097-9ded-96c0207c10b5">
      <Execution id="2e59b324-3ace-4e92-9e49-102824c9bd0f" />
      <TestMethod codeBase="D:\actions-runner\_work\XPCO\XPCO\AllSolutions\..\DataCollector\Service\tst\VideoOS.DataCollector.Service.UnitTests\bin\x64\Debug\net6.0-windows\VideoOS.DataCollector.Service.UnitTests.dll" adapterTypeName="executor://mstestadapter/v2" className="VideoOS.DataCollector.Service.UnitTests.PerformanceCounterReaderTest" name="TestGetSampleInstanceNotFound" />
    </UnitTest>
    <UnitTest name="Constructor_NullBackoffFactory_ArgumentNullExceptionThrown" storage="d:\actions-runner\_work\xpco\xpco\allsolutions\..\datacollector\service\tst\videoos.datacollector.service.unittests\bin\x64\debug\net6.0-windows\videoos.datacollector.service.unittests.dll" id="1a5ff673-b7ec-7d38-edfe-db793990661a">
      <Execution id="0ae53cf9-ea55-4420-805d-c43d0b92f4c2" />
      <TestMethod codeBase="D:\actions-runner\_work\XPCO\XPCO\AllSolutions\..\DataCollector\Service\tst\VideoOS.DataCollector.Service.UnitTests\bin\x64\Debug\net6.0-windows\VideoOS.DataCollector.Service.UnitTests.dll" adapterTypeName="executor://mstestadapter/v2" className="VideoOS.DataCollector.Service.UnitTests.Common.Behaviours.RetryBehaviourUnitTest" name="Constructor_NullBackoffFactory_ArgumentNullExceptionThrown" />
    </UnitTest>
    <UnitTest name="TestGetSampleCategoryNotFound" storage="d:\actions-runner\_work\xpco\xpco\allsolutions\..\datacollector\service\tst\videoos.datacollector.service.unittests\bin\x64\debug\net6.0-windows\videoos.datacollector.service.unittests.dll" id="90d136bd-94da-4720-c401-2928339a2ab8">
      <Execution id="688b23f5-ce9b-493f-896a-419ba7b94cda" />
      <TestMethod codeBase="D:\actions-runner\_work\XPCO\XPCO\AllSolutions\..\DataCollector\Service\tst\VideoOS.DataCollector.Service.UnitTests\bin\x64\Debug\net6.0-windows\VideoOS.DataCollector.Service.UnitTests.dll" adapterTypeName="executor://mstestadapter/v2" className="VideoOS.DataCollector.Service.UnitTests.PerformanceCounterReaderTest" name="TestGetSampleCategoryNotFound" />
    </UnitTest>
    <UnitTest name="GrpcProfile_Convert_PerformanceCounterInstance_To_gRPC (MultiInstance,AverageBase,MultiInstance,AverageBase)" storage="d:\actions-runner\_work\xpco\xpco\allsolutions\..\datacollector\service\tst\videoos.datacollector.service.unittests\bin\x64\debug\net6.0-windows\videoos.datacollector.service.unittests.dll" id="35588009-bb0a-9925-bda3-f1033250c8ff">
      <Execution id="02f0e234-5a13-40b1-b3f5-b93faffea536" />
      <TestMethod codeBase="D:\actions-runner\_work\XPCO\XPCO\AllSolutions\..\DataCollector\Service\tst\VideoOS.DataCollector.Service.UnitTests\bin\x64\Debug\net6.0-windows\VideoOS.DataCollector.Service.UnitTests.dll" adapterTypeName="executor://mstestadapter/v2" className="VideoOS.DataCollector.Service.UnitTests.GrpcProfileTest" name="GrpcProfile_Convert_PerformanceCounterInstance_To_gRPC" />
    </UnitTest>
    <UnitTest name="TestNormalToWarning" storage="d:\actions-runner\_work\xpco\xpco\allsolutions\..\datacollector\service\tst\videoos.datacollector.service.unittests\bin\x64\debug\net6.0-windows\videoos.datacollector.service.unittests.dll" id="96693d87-53dd-3cda-caaf-dfa14ec23550">
      <Execution id="c1398301-253f-4592-b529-a67dbb6ba64f" />
      <TestMethod codeBase="D:\actions-runner\_work\XPCO\XPCO\AllSolutions\..\DataCollector\Service\tst\VideoOS.DataCollector.Service.UnitTests\bin\x64\Debug\net6.0-windows\VideoOS.DataCollector.Service.UnitTests.dll" adapterTypeName="executor://mstestadapter/v2" className="VideoOS.DataCollector.Service.UnitTests.CounterRuleTest" name="TestNormalToWarning" />
    </UnitTest>
    <UnitTest name="StateSenderService_ExecuteAsync_DeleteStateChangeData_Success" storage="d:\actions-runner\_work\xpco\xpco\allsolutions\..\datacollector\service\tst\videoos.datacollector.service.unittests\bin\x64\debug\net6.0-windows\videoos.datacollector.service.unittests.dll" id="bf57e603-55e8-e756-40bc-e3eb90de23d8">
      <Execution id="b5b25ee4-336d-4b2f-8143-39f355230454" />
      <TestMethod codeBase="D:\actions-runner\_work\XPCO\XPCO\AllSolutions\..\DataCollector\Service\tst\VideoOS.DataCollector.Service.UnitTests\bin\x64\Debug\net6.0-windows\VideoOS.DataCollector.Service.UnitTests.dll" adapterTypeName="executor://mstestadapter/v2" className="VideoOS.DataCollector.Service.UnitTests.Services.StateSenderServiceTests" name="StateSenderService_ExecuteAsync_DeleteStateChangeData_Success" />
    </UnitTest>
    <UnitTest name="SampleRulesService_Exception_Caught_Success" storage="d:\actions-runner\_work\xpco\xpco\allsolutions\..\datacollector\service\tst\videoos.datacollector.service.unittests\bin\x64\debug\net6.0-windows\videoos.datacollector.service.unittests.dll" id="7a738e8f-950d-d3dd-09c6-651378118716">
      <Execution id="ce5fc093-d2e1-44c1-abd4-ea8573f5d779" />
      <TestMethod codeBase="D:\actions-runner\_work\XPCO\XPCO\AllSolutions\..\DataCollector\Service\tst\VideoOS.DataCollector.Service.UnitTests\bin\x64\Debug\net6.0-windows\VideoOS.DataCollector.Service.UnitTests.dll" adapterTypeName="executor://mstestadapter/v2" className="VideoOS.DataCollector.Service.UnitTests.Services.SampleRulesServiceTests" name="SampleRulesService_Exception_Caught_Success" />
    </UnitTest>
    <UnitTest name="OnRecordingServerIsDown_Is_Not_Called_On_Critical_State_Change_For_Management_Server" storage="d:\actions-runner\_work\xpco\xpco\allsolutions\..\datacollector\service\tst\videoos.datacollector.service.unittests\bin\x64\debug\net6.0-windows\videoos.datacollector.service.unittests.dll" id="731785ed-5b2c-a7c9-8cae-e5b003aa087c">
      <Execution id="b57132aa-d579-4d06-9f6f-ff4a89d9c791" />
      <TestMethod codeBase="D:\actions-runner\_work\XPCO\XPCO\AllSolutions\..\DataCollector\Service\tst\VideoOS.DataCollector.Service.UnitTests\bin\x64\Debug\net6.0-windows\VideoOS.DataCollector.Service.UnitTests.dll" adapterTypeName="executor://mstestadapter/v2" className="VideoOS.DataCollector.Service.UnitTests.RecordingServiceAvailableRuleUnitTest" name="OnRecordingServerIsDown_Is_Not_Called_On_Critical_State_Change_For_Management_Server" />
    </UnitTest>
    <UnitTest name="SampleRulesService_OperationCanceledException_Caught_Success" storage="d:\actions-runner\_work\xpco\xpco\allsolutions\..\datacollector\service\tst\videoos.datacollector.service.unittests\bin\x64\debug\net6.0-windows\videoos.datacollector.service.unittests.dll" id="ac107c40-d737-c438-c91f-8a9ecddf284d">
      <Execution id="7548600c-f482-44f9-a2fd-34b2b88713f2" />
      <TestMethod codeBase="D:\actions-runner\_work\XPCO\XPCO\AllSolutions\..\DataCollector\Service\tst\VideoOS.DataCollector.Service.UnitTests\bin\x64\Debug\net6.0-windows\VideoOS.DataCollector.Service.UnitTests.dll" adapterTypeName="executor://mstestadapter/v2" className="VideoOS.DataCollector.Service.UnitTests.Services.SampleRulesServiceTests" name="SampleRulesService_OperationCanceledException_Caught_Success" />
    </UnitTest>
    <UnitTest name="MultiCounterRule_UnRegisterPerformanceCounterInstance_RemovedCounterWithHighestState_SendStateChange" storage="d:\actions-runner\_work\xpco\xpco\allsolutions\..\datacollector\service\tst\videoos.datacollector.service.unittests\bin\x64\debug\net6.0-windows\videoos.datacollector.service.unittests.dll" id="53cfd286-9032-72c2-bb7e-e6750fb64db7">
      <Execution id="4564438a-035b-4be7-96fe-66babb35608a" />
      <TestMethod codeBase="D:\actions-runner\_work\XPCO\XPCO\AllSolutions\..\DataCollector\Service\tst\VideoOS.DataCollector.Service.UnitTests\bin\x64\Debug\net6.0-windows\VideoOS.DataCollector.Service.UnitTests.dll" adapterTypeName="executor://mstestadapter/v2" className="VideoOS.DataCollector.Service.UnitTests.Rules.MultiCounterRuleTest" name="MultiCounterRule_UnRegisterPerformanceCounterInstance_RemovedCounterWithHighestState_SendStateChange" />
    </UnitTest>
    <UnitTest name="MultiCounterRule_AddStateChanged_SameStateAsLast_NoStateChangeSend" storage="d:\actions-runner\_work\xpco\xpco\allsolutions\..\datacollector\service\tst\videoos.datacollector.service.unittests\bin\x64\debug\net6.0-windows\videoos.datacollector.service.unittests.dll" id="5035bb32-ab88-c36c-923b-1c20638f02a8">
      <Execution id="88024766-22ee-456d-ad36-b557416ec4a8" />
      <TestMethod codeBase="D:\actions-runner\_work\XPCO\XPCO\AllSolutions\..\DataCollector\Service\tst\VideoOS.DataCollector.Service.UnitTests\bin\x64\Debug\net6.0-windows\VideoOS.DataCollector.Service.UnitTests.dll" adapterTypeName="executor://mstestadapter/v2" className="VideoOS.DataCollector.Service.UnitTests.Rules.MultiCounterRuleTest" name="MultiCounterRule_AddStateChanged_SameStateAsLast_NoStateChangeSend" />
    </UnitTest>
    <UnitTest name="CameraUsedSpaceCounterRule_Send_Camera_State_Changes_And_Block_When_Recording_Server_Is_Down" storage="d:\actions-runner\_work\xpco\xpco\allsolutions\..\datacollector\service\tst\videoos.datacollector.service.unittests\bin\x64\debug\net6.0-windows\videoos.datacollector.service.unittests.dll" id="fc4210dc-0d14-3eb2-aacc-c45f3be1fd46">
      <Execution id="271dc2fd-3dd4-4725-83cb-0631e2618a75" />
      <TestMethod codeBase="D:\actions-runner\_work\XPCO\XPCO\AllSolutions\..\DataCollector\Service\tst\VideoOS.DataCollector.Service.UnitTests\bin\x64\Debug\net6.0-windows\VideoOS.DataCollector.Service.UnitTests.dll" adapterTypeName="executor://mstestadapter/v2" className="VideoOS.DataCollector.Service.UnitTests.Rules.CameraUsedSpaceCounterRuleTest" name="CameraUsedSpaceCounterRule_Send_Camera_State_Changes_And_Block_When_Recording_Server_Is_Down" />
    </UnitTest>
    <UnitTest name="GrpcProfile_Convert_PerformanceCounterInstance_To_gRPC (SingleInstance,NumberOfItemsHex32,SingleInstance,NumberOfItemsHEX32)" storage="d:\actions-runner\_work\xpco\xpco\allsolutions\..\datacollector\service\tst\videoos.datacollector.service.unittests\bin\x64\debug\net6.0-windows\videoos.datacollector.service.unittests.dll" id="d32807a0-18bf-e363-b8f7-08aa01fd4c90">
      <Execution id="a86b2ecc-8ab8-47f6-b4ad-fd244ddc2d4c" />
      <TestMethod codeBase="D:\actions-runner\_work\XPCO\XPCO\AllSolutions\..\DataCollector\Service\tst\VideoOS.DataCollector.Service.UnitTests\bin\x64\Debug\net6.0-windows\VideoOS.DataCollector.Service.UnitTests.dll" adapterTypeName="executor://mstestadapter/v2" className="VideoOS.DataCollector.Service.UnitTests.GrpcProfileTest" name="GrpcProfile_Convert_PerformanceCounterInstance_To_gRPC" />
    </UnitTest>
    <UnitTest name="GrpcProfile_Convert_PerformanceCounterInstance_To_gRPC (SingleInstance,AverageTimer32,SingleInstance,AverageTimer32)" storage="d:\actions-runner\_work\xpco\xpco\allsolutions\..\datacollector\service\tst\videoos.datacollector.service.unittests\bin\x64\debug\net6.0-windows\videoos.datacollector.service.unittests.dll" id="545089e9-611e-8f0a-46f2-051fe22c76dc">
      <Execution id="7f40938d-c3a6-460c-bd01-c57f3a5e2411" />
      <TestMethod codeBase="D:\actions-runner\_work\XPCO\XPCO\AllSolutions\..\DataCollector\Service\tst\VideoOS.DataCollector.Service.UnitTests\bin\x64\Debug\net6.0-windows\VideoOS.DataCollector.Service.UnitTests.dll" adapterTypeName="executor://mstestadapter/v2" className="VideoOS.DataCollector.Service.UnitTests.GrpcProfileTest" name="GrpcProfile_Convert_PerformanceCounterInstance_To_gRPC" />
    </UnitTest>
    <UnitTest name="GrpcProfile_Convert_PerformanceCounterInstance_From_gRPC (Unknown,AverageBase,Unknown,AverageBase)" storage="d:\actions-runner\_work\xpco\xpco\allsolutions\..\datacollector\service\tst\videoos.datacollector.service.unittests\bin\x64\debug\net6.0-windows\videoos.datacollector.service.unittests.dll" id="ce9a9f47-c429-8d93-1bd7-a7933f28abf8">
      <Execution id="45ef4949-76dc-4fc1-957f-d74255df0f50" />
      <TestMethod codeBase="D:\actions-runner\_work\XPCO\XPCO\AllSolutions\..\DataCollector\Service\tst\VideoOS.DataCollector.Service.UnitTests\bin\x64\Debug\net6.0-windows\VideoOS.DataCollector.Service.UnitTests.dll" adapterTypeName="executor://mstestadapter/v2" className="VideoOS.DataCollector.Service.UnitTests.GrpcProfileTest" name="GrpcProfile_Convert_PerformanceCounterInstance_From_gRPC" />
    </UnitTest>
    <UnitTest name="ExponentialBackOff_Delay_MsAboveMax_Success" storage="d:\actions-runner\_work\xpco\xpco\allsolutions\..\datacollector\service\tst\videoos.datacollector.service.unittests\bin\x64\debug\net6.0-windows\videoos.datacollector.service.unittests.dll" id="df63696c-07a8-76cf-bf8e-7ec28d95d8b1">
      <Execution id="af7f8f04-29e6-4de9-8d13-4406f5757aef" />
      <TestMethod codeBase="D:\actions-runner\_work\XPCO\XPCO\AllSolutions\..\DataCollector\Service\tst\VideoOS.DataCollector.Service.UnitTests\bin\x64\Debug\net6.0-windows\VideoOS.DataCollector.Service.UnitTests.dll" adapterTypeName="executor://mstestadapter/v2" className="VideoOS.DataCollector.Service.UnitTests.Common.BackOff.ExponentialBackOffUnitTest" name="ExponentialBackOff_Delay_MsAboveMax_Success" />
    </UnitTest>
    <UnitTest name="StateSenderService_ExecuteAsync_StateChangeData_Success" storage="d:\actions-runner\_work\xpco\xpco\allsolutions\..\datacollector\service\tst\videoos.datacollector.service.unittests\bin\x64\debug\net6.0-windows\videoos.datacollector.service.unittests.dll" id="b6776017-ee7f-de2a-2b2c-7e861a104fc9">
      <Execution id="3509c7fc-985a-465b-bd66-e7896393b3ec" />
      <TestMethod codeBase="D:\actions-runner\_work\XPCO\XPCO\AllSolutions\..\DataCollector\Service\tst\VideoOS.DataCollector.Service.UnitTests\bin\x64\Debug\net6.0-windows\VideoOS.DataCollector.Service.UnitTests.dll" adapterTypeName="executor://mstestadapter/v2" className="VideoOS.DataCollector.Service.UnitTests.Services.StateSenderServiceTests" name="StateSenderService_ExecuteAsync_StateChangeData_Success" />
    </UnitTest>
    <UnitTest name="MultiCounterRule_AddStateChanged_NotAllCountersAreReported_NoStateChangeSend" storage="d:\actions-runner\_work\xpco\xpco\allsolutions\..\datacollector\service\tst\videoos.datacollector.service.unittests\bin\x64\debug\net6.0-windows\videoos.datacollector.service.unittests.dll" id="7ae6ba2f-744b-1714-53a8-c4e3453cf0bf">
      <Execution id="82534499-20f5-4d96-adc5-01d6fa2931e2" />
      <TestMethod codeBase="D:\actions-runner\_work\XPCO\XPCO\AllSolutions\..\DataCollector\Service\tst\VideoOS.DataCollector.Service.UnitTests\bin\x64\Debug\net6.0-windows\VideoOS.DataCollector.Service.UnitTests.dll" adapterTypeName="executor://mstestadapter/v2" className="VideoOS.DataCollector.Service.UnitTests.Rules.MultiCounterRuleTest" name="MultiCounterRule_AddStateChanged_NotAllCountersAreReported_NoStateChangeSend" />
    </UnitTest>
    <UnitTest name="PerformanceCounterInstancesService_CategoryType_is_MultiInstance_InstanceName_IsNotNullOrEmpty_empty_instanceNames" storage="d:\actions-runner\_work\xpco\xpco\allsolutions\..\datacollector\service\tst\videoos.datacollector.service.unittests\bin\x64\debug\net6.0-windows\videoos.datacollector.service.unittests.dll" id="94d06844-b049-7846-50ac-b34c96788502">
      <Execution id="32466fe5-fdcd-4126-b3cb-06166650228e" />
      <TestMethod codeBase="D:\actions-runner\_work\XPCO\XPCO\AllSolutions\..\DataCollector\Service\tst\VideoOS.DataCollector.Service.UnitTests\bin\x64\Debug\net6.0-windows\VideoOS.DataCollector.Service.UnitTests.dll" adapterTypeName="executor://mstestadapter/v2" className="VideoOS.DataCollector.Service.UnitTests.Services.PerformanceCounterInstancesServiceTests" name="PerformanceCounterInstancesService_CategoryType_is_MultiInstance_InstanceName_IsNotNullOrEmpty_empty_instanceNames" />
    </UnitTest>
    <UnitTest name="BatchSenderService_ExecuteAsync_Exception_Unhandled" storage="d:\actions-runner\_work\xpco\xpco\allsolutions\..\datacollector\service\tst\videoos.datacollector.service.unittests\bin\x64\debug\net6.0-windows\videoos.datacollector.service.unittests.dll" id="88381ce7-97ca-c5ca-4f1b-504641de094f">
      <Execution id="913036de-0512-44db-9a32-2a7ab9fdb6ce" />
      <TestMethod codeBase="D:\actions-runner\_work\XPCO\XPCO\AllSolutions\..\DataCollector\Service\tst\VideoOS.DataCollector.Service.UnitTests\bin\x64\Debug\net6.0-windows\VideoOS.DataCollector.Service.UnitTests.dll" adapterTypeName="executor://mstestadapter/v2" className="VideoOS.DataCollector.Service.UnitTests.Services.BatchSenderServiceTests" name="BatchSenderService_ExecuteAsync_Exception_Unhandled" />
    </UnitTest>
    <UnitTest name="GrpcProfile_Convert_PerformanceCounterInstance_To_gRPC (SingleInstance,RawBase,SingleInstance,RawBase)" storage="d:\actions-runner\_work\xpco\xpco\allsolutions\..\datacollector\service\tst\videoos.datacollector.service.unittests\bin\x64\debug\net6.0-windows\videoos.datacollector.service.unittests.dll" id="ce4ab2cd-c8ee-9d8e-1921-426c20b8cc0a">
      <Execution id="2e94da4b-22bd-4116-84ce-6ade054c3fa4" />
      <TestMethod codeBase="D:\actions-runner\_work\XPCO\XPCO\AllSolutions\..\DataCollector\Service\tst\VideoOS.DataCollector.Service.UnitTests\bin\x64\Debug\net6.0-windows\VideoOS.DataCollector.Service.UnitTests.dll" adapterTypeName="executor://mstestadapter/v2" className="VideoOS.DataCollector.Service.UnitTests.GrpcProfileTest" name="GrpcProfile_Convert_PerformanceCounterInstance_To_gRPC" />
    </UnitTest>
    <UnitTest name="GrpcProfile_Convert_PerformanceCounterInstance_To_gRPC (SingleInstance,AverageBase,SingleInstance,AverageBase)" storage="d:\actions-runner\_work\xpco\xpco\allsolutions\..\datacollector\service\tst\videoos.datacollector.service.unittests\bin\x64\debug\net6.0-windows\videoos.datacollector.service.unittests.dll" id="29e0c1b2-f542-e4f9-3424-949234e72d8f">
      <Execution id="56ec5959-5308-492d-aa61-da08f5f188ff" />
      <TestMethod codeBase="D:\actions-runner\_work\XPCO\XPCO\AllSolutions\..\DataCollector\Service\tst\VideoOS.DataCollector.Service.UnitTests\bin\x64\Debug\net6.0-windows\VideoOS.DataCollector.Service.UnitTests.dll" adapterTypeName="executor://mstestadapter/v2" className="VideoOS.DataCollector.Service.UnitTests.GrpcProfileTest" name="GrpcProfile_Convert_PerformanceCounterInstance_To_gRPC" />
    </UnitTest>
    <UnitTest name="MultiCounterRule_ResetState" storage="d:\actions-runner\_work\xpco\xpco\allsolutions\..\datacollector\service\tst\videoos.datacollector.service.unittests\bin\x64\debug\net6.0-windows\videoos.datacollector.service.unittests.dll" id="b40bc42d-4e6b-a1b8-a3bb-4112f820cfe4">
      <Execution id="0342683d-f90a-4709-84c1-030c4f7fe72f" />
      <TestMethod codeBase="D:\actions-runner\_work\XPCO\XPCO\AllSolutions\..\DataCollector\Service\tst\VideoOS.DataCollector.Service.UnitTests\bin\x64\Debug\net6.0-windows\VideoOS.DataCollector.Service.UnitTests.dll" adapterTypeName="executor://mstestadapter/v2" className="VideoOS.DataCollector.Service.UnitTests.Rules.MultiCounterRuleTest" name="MultiCounterRule_ResetState" />
    </UnitTest>
    <UnitTest name="GrpcProfile_Convert_PerformanceCounterInstance_To_gRPC (SingleInstance,Timer100Ns,SingleInstance,Timer100Ns)" storage="d:\actions-runner\_work\xpco\xpco\allsolutions\..\datacollector\service\tst\videoos.datacollector.service.unittests\bin\x64\debug\net6.0-windows\videoos.datacollector.service.unittests.dll" id="832c526e-db28-7b55-84fe-577898576c0c">
      <Execution id="8b006700-daef-4a5e-8759-7fc307e6867f" />
      <TestMethod codeBase="D:\actions-runner\_work\XPCO\XPCO\AllSolutions\..\DataCollector\Service\tst\VideoOS.DataCollector.Service.UnitTests\bin\x64\Debug\net6.0-windows\VideoOS.DataCollector.Service.UnitTests.dll" adapterTypeName="executor://mstestadapter/v2" className="VideoOS.DataCollector.Service.UnitTests.GrpcProfileTest" name="GrpcProfile_Convert_PerformanceCounterInstance_To_gRPC" />
    </UnitTest>
    <UnitTest name="MultiCounterRule_AddStateChanged_StateChangeSend" storage="d:\actions-runner\_work\xpco\xpco\allsolutions\..\datacollector\service\tst\videoos.datacollector.service.unittests\bin\x64\debug\net6.0-windows\videoos.datacollector.service.unittests.dll" id="6f0027e6-2d23-3860-4e66-6c04d1e16547">
      <Execution id="b6edd909-705a-4dce-8d1e-433ebcd41eeb" />
      <TestMethod codeBase="D:\actions-runner\_work\XPCO\XPCO\AllSolutions\..\DataCollector\Service\tst\VideoOS.DataCollector.Service.UnitTests\bin\x64\Debug\net6.0-windows\VideoOS.DataCollector.Service.UnitTests.dll" adapterTypeName="executor://mstestadapter/v2" className="VideoOS.DataCollector.Service.UnitTests.Rules.MultiCounterRuleTest" name="MultiCounterRule_AddStateChanged_StateChangeSend" />
    </UnitTest>
    <UnitTest name="TestCreatePerformanceCounterReader" storage="d:\actions-runner\_work\xpco\xpco\allsolutions\..\datacollector\service\tst\videoos.datacollector.service.unittests\bin\x64\debug\net6.0-windows\videoos.datacollector.service.unittests.dll" id="11e7135c-518a-689b-6047-4996efb0075a">
      <Execution id="72427fef-9d8f-4ccb-a904-5ff89bd06e17" />
      <TestMethod codeBase="D:\actions-runner\_work\XPCO\XPCO\AllSolutions\..\DataCollector\Service\tst\VideoOS.DataCollector.Service.UnitTests\bin\x64\Debug\net6.0-windows\VideoOS.DataCollector.Service.UnitTests.dll" adapterTypeName="executor://mstestadapter/v2" className="VideoOS.DataCollector.Service.UnitTests.PerformanceCounterReaderTest" name="TestCreatePerformanceCounterReader" />
    </UnitTest>
    <UnitTest name="RuleConfigurationChangeEventHandler_Handle_DeleteRule_NoneDefault_Success" storage="d:\actions-runner\_work\xpco\xpco\allsolutions\..\datacollector\service\tst\videoos.datacollector.service.unittests\bin\x64\debug\net6.0-windows\videoos.datacollector.service.unittests.dll" id="991ec10e-e643-56e0-d2c7-0c5a98ac270f">
      <Execution id="2efe9685-4726-4f7c-8d30-61259ddd45ae" />
      <TestMethod codeBase="D:\actions-runner\_work\XPCO\XPCO\AllSolutions\..\DataCollector\Service\tst\VideoOS.DataCollector.Service.UnitTests\bin\x64\Debug\net6.0-windows\VideoOS.DataCollector.Service.UnitTests.dll" adapterTypeName="executor://mstestadapter/v2" className="VideoOS.DataCollector.Service.UnitTests.RuleConfigurationChangeEventHandlerTests" name="RuleConfigurationChangeEventHandler_Handle_DeleteRule_NoneDefault_Success" />
    </UnitTest>
    <UnitTest name="MultiCounterRule_GetMaxState_NoRegisteredCounters_DontSendStateChange" storage="d:\actions-runner\_work\xpco\xpco\allsolutions\..\datacollector\service\tst\videoos.datacollector.service.unittests\bin\x64\debug\net6.0-windows\videoos.datacollector.service.unittests.dll" id="3f231051-a1c3-3331-4693-8db550aaf016">
      <Execution id="d54bb71b-a1b1-41bc-9f38-ba992dcff9c7" />
      <TestMethod codeBase="D:\actions-runner\_work\XPCO\XPCO\AllSolutions\..\DataCollector\Service\tst\VideoOS.DataCollector.Service.UnitTests\bin\x64\Debug\net6.0-windows\VideoOS.DataCollector.Service.UnitTests.dll" adapterTypeName="executor://mstestadapter/v2" className="VideoOS.DataCollector.Service.UnitTests.Rules.MultiCounterRuleTest" name="MultiCounterRule_GetMaxState_NoRegisteredCounters_DontSendStateChange" />
    </UnitTest>
    <UnitTest name="Handle_RuleConfigurationNotEmpty_EventPublished" storage="d:\actions-runner\_work\xpco\xpco\allsolutions\..\datacollector\service\tst\videoos.datacollector.service.unittests\bin\x64\debug\net6.0-windows\videoos.datacollector.service.unittests.dll" id="2a7f8231-b852-378b-7c94-8113173366a4">
      <Execution id="f8144299-8887-439b-8ff0-521561cb7790" />
      <TestMethod codeBase="D:\actions-runner\_work\XPCO\XPCO\AllSolutions\..\DataCollector\Service\tst\VideoOS.DataCollector.Service.UnitTests\bin\x64\Debug\net6.0-windows\VideoOS.DataCollector.Service.UnitTests.dll" adapterTypeName="executor://mstestadapter/v2" className="VideoOS.DataCollector.Service.UnitTests.Rule.RuleConfiguration.Queries.GetRuleConfigurationServerQueryTests" name="Handle_RuleConfigurationNotEmpty_EventPublished" />
    </UnitTest>
    <UnitTest name="ConfigurationRefreshService_ExecuteAsync_Publish_Success" storage="d:\actions-runner\_work\xpco\xpco\allsolutions\..\datacollector\service\tst\videoos.datacollector.service.unittests\bin\x64\debug\net6.0-windows\videoos.datacollector.service.unittests.dll" id="a2449c12-e386-f3a3-a452-f81d993bd86e">
      <Execution id="accbf8fa-5865-4864-ab98-f7c7719ceeb3" />
      <TestMethod codeBase="D:\actions-runner\_work\XPCO\XPCO\AllSolutions\..\DataCollector\Service\tst\VideoOS.DataCollector.Service.UnitTests\bin\x64\Debug\net6.0-windows\VideoOS.DataCollector.Service.UnitTests.dll" adapterTypeName="executor://mstestadapter/v2" className="VideoOS.DataCollector.Service.UnitTests.Services.ConfigurationRefreshServiceTests" name="ConfigurationRefreshService_ExecuteAsync_Publish_Success" />
    </UnitTest>
    <UnitTest name="StatePerValue_AddStateChange_StateChange_Handled" storage="d:\actions-runner\_work\xpco\xpco\allsolutions\..\datacollector\service\tst\videoos.datacollector.service.unittests\bin\x64\debug\net6.0-windows\videoos.datacollector.service.unittests.dll" id="949293aa-b26b-f789-9746-e472f9b8ef73">
      <Execution id="b100c7f7-b23b-4ddf-a28c-8562faf5aaca" />
      <TestMethod codeBase="D:\actions-runner\_work\XPCO\XPCO\AllSolutions\..\DataCollector\Service\tst\VideoOS.DataCollector.Service.UnitTests\bin\x64\Debug\net6.0-windows\VideoOS.DataCollector.Service.UnitTests.dll" adapterTypeName="executor://mstestadapter/v2" className="VideoOS.DataCollector.Service.UnitTests.StatePerValueHandlerTest" name="StatePerValue_AddStateChange_StateChange_Handled" />
    </UnitTest>
    <UnitTest name="TestGetSampleSameSample" storage="d:\actions-runner\_work\xpco\xpco\allsolutions\..\datacollector\service\tst\videoos.datacollector.service.unittests\bin\x64\debug\net6.0-windows\videoos.datacollector.service.unittests.dll" id="f5cd4d58-c831-279b-1a11-52e5bac602d4">
      <Execution id="b13eafee-e44d-48f0-8b9b-8fb5b909bbeb" />
      <TestMethod codeBase="D:\actions-runner\_work\XPCO\XPCO\AllSolutions\..\DataCollector\Service\tst\VideoOS.DataCollector.Service.UnitTests\bin\x64\Debug\net6.0-windows\VideoOS.DataCollector.Service.UnitTests.dll" adapterTypeName="executor://mstestadapter/v2" className="VideoOS.DataCollector.Service.UnitTests.PerformanceCounterReaderTest" name="TestGetSampleSameSample" />
    </UnitTest>
    <UnitTest name="TestGetSampleOk" storage="d:\actions-runner\_work\xpco\xpco\allsolutions\..\datacollector\service\tst\videoos.datacollector.service.unittests\bin\x64\debug\net6.0-windows\videoos.datacollector.service.unittests.dll" id="0b688bcd-789b-9be8-d09e-499c961bd669">
      <Execution id="0e205176-1dc5-4614-8686-949d31e2af00" />
      <TestMethod codeBase="D:\actions-runner\_work\XPCO\XPCO\AllSolutions\..\DataCollector\Service\tst\VideoOS.DataCollector.Service.UnitTests\bin\x64\Debug\net6.0-windows\VideoOS.DataCollector.Service.UnitTests.dll" adapterTypeName="executor://mstestadapter/v2" className="VideoOS.DataCollector.Service.UnitTests.PerformanceCounterReaderTest" name="TestGetSampleOk" />
    </UnitTest>
    <UnitTest name="GrpcProfile_Convert_PerformanceCounterInstance_From_gRPC (SingleInstance,RawBase,SingleInstance,RawBase)" storage="d:\actions-runner\_work\xpco\xpco\allsolutions\..\datacollector\service\tst\videoos.datacollector.service.unittests\bin\x64\debug\net6.0-windows\videoos.datacollector.service.unittests.dll" id="9a52eb59-e1f6-e29d-72d2-86d2fa30d5a0">
      <Execution id="b6712042-fd50-49d4-9e1e-f7b099b7bed5" />
      <TestMethod codeBase="D:\actions-runner\_work\XPCO\XPCO\AllSolutions\..\DataCollector\Service\tst\VideoOS.DataCollector.Service.UnitTests\bin\x64\Debug\net6.0-windows\VideoOS.DataCollector.Service.UnitTests.dll" adapterTypeName="executor://mstestadapter/v2" className="VideoOS.DataCollector.Service.UnitTests.GrpcProfileTest" name="GrpcProfile_Convert_PerformanceCounterInstance_From_gRPC" />
    </UnitTest>
    <UnitTest name="GrpcProfile_Convert_CounterStateRulesConfigurationUpdate_From_gRPC" storage="d:\actions-runner\_work\xpco\xpco\allsolutions\..\datacollector\service\tst\videoos.datacollector.service.unittests\bin\x64\debug\net6.0-windows\videoos.datacollector.service.unittests.dll" id="fb6c8f49-2b3c-65bb-8aa5-9f20202a8bad">
      <Execution id="42b94fea-f9ae-467c-8f7a-9d718df1179e" />
      <TestMethod codeBase="D:\actions-runner\_work\XPCO\XPCO\AllSolutions\..\DataCollector\Service\tst\VideoOS.DataCollector.Service.UnitTests\bin\x64\Debug\net6.0-windows\VideoOS.DataCollector.Service.UnitTests.dll" adapterTypeName="executor://mstestadapter/v2" className="VideoOS.DataCollector.Service.UnitTests.GrpcProfileTest" name="GrpcProfile_Convert_CounterStateRulesConfigurationUpdate_From_gRPC" />
    </UnitTest>
    <UnitTest name="GetState_ShouldBeCritical_OnCurrentCriticalAndValueBelowThresholdLatency" storage="d:\actions-runner\_work\xpco\xpco\allsolutions\..\datacollector\service\tst\videoos.datacollector.service.unittests\bin\x64\debug\net6.0-windows\videoos.datacollector.service.unittests.dll" id="fef705aa-73a7-e95c-0646-605c43a421f7">
      <Execution id="75df8ebd-8dfb-4a0d-8665-b24504896f0d" />
      <TestMethod codeBase="D:\actions-runner\_work\XPCO\XPCO\AllSolutions\..\DataCollector\Service\tst\VideoOS.DataCollector.Service.UnitTests\bin\x64\Debug\net6.0-windows\VideoOS.DataCollector.Service.UnitTests.dll" adapterTypeName="executor://mstestadapter/v2" className="VideoOS.DataCollector.Service.UnitTests.CounterRuleTest" name="GetState_ShouldBeCritical_OnCurrentCriticalAndValueBelowThresholdLatency" />
    </UnitTest>
    <UnitTest name="DeleteNonActiveStatesServerCommandHandler_Handle_Success" storage="d:\actions-runner\_work\xpco\xpco\allsolutions\..\datacollector\service\tst\videoos.datacollector.service.unittests\bin\x64\debug\net6.0-windows\videoos.datacollector.service.unittests.dll" id="d4b10c46-fe20-fe74-bfda-43b5533ad071">
      <Execution id="35e87649-d773-416e-8015-a06329ffa917" />
      <TestMethod codeBase="D:\actions-runner\_work\XPCO\XPCO\AllSolutions\..\DataCollector\Service\tst\VideoOS.DataCollector.Service.UnitTests\bin\x64\Debug\net6.0-windows\VideoOS.DataCollector.Service.UnitTests.dll" adapterTypeName="executor://mstestadapter/v2" className="VideoOS.DataCollector.Service.UnitTests.Rule.RuleConfiguration.Commands.DeleteNonActiveStatesServerCommandTests" name="DeleteNonActiveStatesServerCommandHandler_Handle_Success" />
    </UnitTest>
    <UnitTest name="MarkPerformanceCounterDataAsObsoleteServerCommandHandler_Handle_Success" storage="d:\actions-runner\_work\xpco\xpco\allsolutions\..\datacollector\service\tst\videoos.datacollector.service.unittests\bin\x64\debug\net6.0-windows\videoos.datacollector.service.unittests.dll" id="15cee32b-ba55-cb10-9019-6821bdcf228e">
      <Execution id="a00bf581-1379-4e04-bc01-aa9ce70a15f2" />
      <TestMethod codeBase="D:\actions-runner\_work\XPCO\XPCO\AllSolutions\..\DataCollector\Service\tst\VideoOS.DataCollector.Service.UnitTests\bin\x64\Debug\net6.0-windows\VideoOS.DataCollector.Service.UnitTests.dll" adapterTypeName="executor://mstestadapter/v2" className="VideoOS.DataCollector.Service.UnitTests.PerfCounterConfiguration.Refresh.EventHandlers.RefreshActivePerformanceCounters.MarkPerformanceCounterDataAsObsoleteServerCommandTests" name="MarkPerformanceCounterDataAsObsoleteServerCommandHandler_Handle_Success" />
    </UnitTest>
    <UnitTest name="Validate_Processor_Counter" storage="d:\actions-runner\_work\xpco\xpco\allsolutions\..\datacollector\service\tst\videoos.datacollector.service.unittests\bin\x64\debug\net6.0-windows\videoos.datacollector.service.unittests.dll" id="e30f4220-e45f-e69e-75dc-dcede3a92135">
      <Execution id="98128caa-1660-4728-b88a-490fc75c33c4" />
      <TestMethod codeBase="D:\actions-runner\_work\XPCO\XPCO\AllSolutions\..\DataCollector\Service\tst\VideoOS.DataCollector.Service.UnitTests\bin\x64\Debug\net6.0-windows\VideoOS.DataCollector.Service.UnitTests.dll" adapterTypeName="executor://mstestadapter/v2" className="VideoOS.DataCollector.Service.UnitTests.CounterRuleFactoryUnitTest" name="Validate_Processor_Counter" />
    </UnitTest>
    <UnitTest name="CameraStateCounterRule_Send_Camera_State_Changes_And_Block_When_Recording_Server_Is_Down" storage="d:\actions-runner\_work\xpco\xpco\allsolutions\..\datacollector\service\tst\videoos.datacollector.service.unittests\bin\x64\debug\net6.0-windows\videoos.datacollector.service.unittests.dll" id="5df4b12d-f022-4961-30d9-0199beb4217c">
      <Execution id="6a08ebc3-6b4e-494c-8f2a-03a05185cb98" />
      <TestMethod codeBase="D:\actions-runner\_work\XPCO\XPCO\AllSolutions\..\DataCollector\Service\tst\VideoOS.DataCollector.Service.UnitTests\bin\x64\Debug\net6.0-windows\VideoOS.DataCollector.Service.UnitTests.dll" adapterTypeName="executor://mstestadapter/v2" className="VideoOS.DataCollector.Service.UnitTests.Rules.CameraStateCounterRuleTest" name="CameraStateCounterRule_Send_Camera_State_Changes_And_Block_When_Recording_Server_Is_Down" />
    </UnitTest>
    <UnitTest name="Convert_FromPerformanceCounterValueListToGetPerformanceCounterValuesResponse_Success" storage="d:\actions-runner\_work\xpco\xpco\allsolutions\..\datacollector\service\tst\videoos.datacollector.service.unittests\bin\x64\debug\net6.0-windows\videoos.datacollector.service.unittests.dll" id="38077ebb-5bbe-a70a-350a-bf4bc1126fa7">
      <Execution id="fad8fce8-d820-4af1-94b6-2c5ea12c3524" />
      <TestMethod codeBase="D:\actions-runner\_work\XPCO\XPCO\AllSolutions\..\DataCollector\Service\tst\VideoOS.DataCollector.Service.UnitTests\bin\x64\Debug\net6.0-windows\VideoOS.DataCollector.Service.UnitTests.dll" adapterTypeName="executor://mstestadapter/v2" className="VideoOS.DataCollector.Service.UnitTests.GrpcProfileTest" name="Convert_FromPerformanceCounterValueListToGetPerformanceCounterValuesResponse_Success" />
    </UnitTest>
    <UnitTest name="ReportMachinePropertiesServerCommandHandler_Handle_Success" storage="d:\actions-runner\_work\xpco\xpco\allsolutions\..\datacollector\service\tst\videoos.datacollector.service.unittests\bin\x64\debug\net6.0-windows\videoos.datacollector.service.unittests.dll" id="dba1c31d-0f70-1809-4c44-2a947f3446d2">
      <Execution id="fc77dee6-666c-4100-bb0e-c30d1acbbe8e" />
      <TestMethod codeBase="D:\actions-runner\_work\XPCO\XPCO\AllSolutions\..\DataCollector\Service\tst\VideoOS.DataCollector.Service.UnitTests\bin\x64\Debug\net6.0-windows\VideoOS.DataCollector.Service.UnitTests.dll" adapterTypeName="executor://mstestadapter/v2" className="VideoOS.DataCollector.Service.UnitTests.ReportMachinePropertiesServerCommandTests" name="ReportMachinePropertiesServerCommandHandler_Handle_Success" />
    </UnitTest>
    <UnitTest name="Create_Memory_Counter_Rule_As_CounterRule" storage="d:\actions-runner\_work\xpco\xpco\allsolutions\..\datacollector\service\tst\videoos.datacollector.service.unittests\bin\x64\debug\net6.0-windows\videoos.datacollector.service.unittests.dll" id="3430972d-2ccb-fa89-c958-6a8b719f7964">
      <Execution id="3b886d99-3d90-4edf-88b7-3c485284f974" />
      <TestMethod codeBase="D:\actions-runner\_work\XPCO\XPCO\AllSolutions\..\DataCollector\Service\tst\VideoOS.DataCollector.Service.UnitTests\bin\x64\Debug\net6.0-windows\VideoOS.DataCollector.Service.UnitTests.dll" adapterTypeName="executor://mstestadapter/v2" className="VideoOS.DataCollector.Service.UnitTests.CounterRuleFactoryUnitTest" name="Create_Memory_Counter_Rule_As_CounterRule" />
    </UnitTest>
    <UnitTest name="PerformanceCounterInstancesService_CategoryType_is_NotMultiInstanc_InstanceName_IsNullOrEmpty" storage="d:\actions-runner\_work\xpco\xpco\allsolutions\..\datacollector\service\tst\videoos.datacollector.service.unittests\bin\x64\debug\net6.0-windows\videoos.datacollector.service.unittests.dll" id="101b0017-dbac-71c0-a499-501b3ab205ca">
      <Execution id="fb1c809f-4de6-4bea-b0c1-9280db2319fb" />
      <TestMethod codeBase="D:\actions-runner\_work\XPCO\XPCO\AllSolutions\..\DataCollector\Service\tst\VideoOS.DataCollector.Service.UnitTests\bin\x64\Debug\net6.0-windows\VideoOS.DataCollector.Service.UnitTests.dll" adapterTypeName="executor://mstestadapter/v2" className="VideoOS.DataCollector.Service.UnitTests.Services.PerformanceCounterInstancesServiceTests" name="PerformanceCounterInstancesService_CategoryType_is_NotMultiInstanc_InstanceName_IsNullOrEmpty" />
    </UnitTest>
    <UnitTest name="CounterRule_Samples_When_Recording_Server_Is_Down" storage="d:\actions-runner\_work\xpco\xpco\allsolutions\..\datacollector\service\tst\videoos.datacollector.service.unittests\bin\x64\debug\net6.0-windows\videoos.datacollector.service.unittests.dll" id="a28972f1-4b0a-6439-572f-82325ae44184">
      <Execution id="fbea1d1f-ef11-441b-be26-85ca8b240ce5" />
      <TestMethod codeBase="D:\actions-runner\_work\XPCO\XPCO\AllSolutions\..\DataCollector\Service\tst\VideoOS.DataCollector.Service.UnitTests\bin\x64\Debug\net6.0-windows\VideoOS.DataCollector.Service.UnitTests.dll" adapterTypeName="executor://mstestadapter/v2" className="VideoOS.DataCollector.Service.UnitTests.CounterRuleTest" name="CounterRule_Samples_When_Recording_Server_Is_Down" />
    </UnitTest>
    <UnitTest name="CameraCounterRule_Sends_State_Changes_When_Recording_Server_Is_Up_Again" storage="d:\actions-runner\_work\xpco\xpco\allsolutions\..\datacollector\service\tst\videoos.datacollector.service.unittests\bin\x64\debug\net6.0-windows\videoos.datacollector.service.unittests.dll" id="8f7f9e85-9a0f-355c-0a0e-c63243222b0d">
      <Execution id="7ddc36d3-7ad0-49e2-99fa-d103aca83f83" />
      <TestMethod codeBase="D:\actions-runner\_work\XPCO\XPCO\AllSolutions\..\DataCollector\Service\tst\VideoOS.DataCollector.Service.UnitTests\bin\x64\Debug\net6.0-windows\VideoOS.DataCollector.Service.UnitTests.dll" adapterTypeName="executor://mstestadapter/v2" className="VideoOS.DataCollector.Service.UnitTests.CameraCounterRuleUnitTest" name="CameraCounterRule_Sends_State_Changes_When_Recording_Server_Is_Up_Again" />
    </UnitTest>
    <UnitTest name="BatchSenderService_ExecuteAsync_OperationCanceledException_Handled" storage="d:\actions-runner\_work\xpco\xpco\allsolutions\..\datacollector\service\tst\videoos.datacollector.service.unittests\bin\x64\debug\net6.0-windows\videoos.datacollector.service.unittests.dll" id="fc7aba06-4329-f5db-cf4d-3572793b91fc">
      <Execution id="078ecf3c-a0dc-474a-997e-9ee1868b4ff9" />
      <TestMethod codeBase="D:\actions-runner\_work\XPCO\XPCO\AllSolutions\..\DataCollector\Service\tst\VideoOS.DataCollector.Service.UnitTests\bin\x64\Debug\net6.0-windows\VideoOS.DataCollector.Service.UnitTests.dll" adapterTypeName="executor://mstestadapter/v2" className="VideoOS.DataCollector.Service.UnitTests.Services.BatchSenderServiceTests" name="BatchSenderService_ExecuteAsync_OperationCanceledException_Handled" />
    </UnitTest>
    <UnitTest name="GrpcProfile_Convert_PerformanceCounterInstance_From_gRPC (SingleInstance,RateOfCountsPerSecond32,SingleInstance,RateOfCountsPerSecond32)" storage="d:\actions-runner\_work\xpco\xpco\allsolutions\..\datacollector\service\tst\videoos.datacollector.service.unittests\bin\x64\debug\net6.0-windows\videoos.datacollector.service.unittests.dll" id="47f07f4b-fc02-a179-ef8a-743f6f61e033">
      <Execution id="56c84499-b115-462c-91f4-cbd0a2deedcd" />
      <TestMethod codeBase="D:\actions-runner\_work\XPCO\XPCO\AllSolutions\..\DataCollector\Service\tst\VideoOS.DataCollector.Service.UnitTests\bin\x64\Debug\net6.0-windows\VideoOS.DataCollector.Service.UnitTests.dll" adapterTypeName="executor://mstestadapter/v2" className="VideoOS.DataCollector.Service.UnitTests.GrpcProfileTest" name="GrpcProfile_Convert_PerformanceCounterInstance_From_gRPC" />
    </UnitTest>
    <UnitTest name="Handle_ExceptionCaughtAndReturnedAsResponse" storage="d:\actions-runner\_work\xpco\xpco\allsolutions\..\datacollector\service\tst\videoos.datacollector.service.unittests\bin\x64\debug\net6.0-windows\videoos.datacollector.service.unittests.dll" id="1ef5af88-3ed0-721e-c173-130f958f2565">
      <Execution id="2e0e7805-958f-42ac-ae92-11f1fb4c3d2a" />
      <TestMethod codeBase="D:\actions-runner\_work\XPCO\XPCO\AllSolutions\..\DataCollector\Service\tst\VideoOS.DataCollector.Service.UnitTests\bin\x64\Debug\net6.0-windows\VideoOS.DataCollector.Service.UnitTests.dll" adapterTypeName="executor://mstestadapter/v2" className="VideoOS.DataCollector.Service.UnitTests.Common.Behaviours.RetryBehaviourUnitTest" name="Handle_ExceptionCaughtAndReturnedAsResponse" />
    </UnitTest>
    <UnitTest name="TestGetSampleCounterNotFound" storage="d:\actions-runner\_work\xpco\xpco\allsolutions\..\datacollector\service\tst\videoos.datacollector.service.unittests\bin\x64\debug\net6.0-windows\videoos.datacollector.service.unittests.dll" id="78c1a5d4-34a7-7f1e-5ca4-b693e25e35eb">
      <Execution id="20c370ee-54e0-43cd-b737-69f3532e1e2c" />
      <TestMethod codeBase="D:\actions-runner\_work\XPCO\XPCO\AllSolutions\..\DataCollector\Service\tst\VideoOS.DataCollector.Service.UnitTests\bin\x64\Debug\net6.0-windows\VideoOS.DataCollector.Service.UnitTests.dll" adapterTypeName="executor://mstestadapter/v2" className="VideoOS.DataCollector.Service.UnitTests.PerformanceCounterReaderTest" name="TestGetSampleCounterNotFound" />
    </UnitTest>
    <UnitTest name="GrpcProfile_Convert_PerformanceCounterInstance_From_gRPC (SingleInstance,CountPerTimeInterval32,SingleInstance,CountPerTimeInterval32)" storage="d:\actions-runner\_work\xpco\xpco\allsolutions\..\datacollector\service\tst\videoos.datacollector.service.unittests\bin\x64\debug\net6.0-windows\videoos.datacollector.service.unittests.dll" id="89b23d40-2950-788c-425e-fab1cb266534">
      <Execution id="048d2d18-6d3f-4b3f-9086-5bf7efbd3b6c" />
      <TestMethod codeBase="D:\actions-runner\_work\XPCO\XPCO\AllSolutions\..\DataCollector\Service\tst\VideoOS.DataCollector.Service.UnitTests\bin\x64\Debug\net6.0-windows\VideoOS.DataCollector.Service.UnitTests.dll" adapterTypeName="executor://mstestadapter/v2" className="VideoOS.DataCollector.Service.UnitTests.GrpcProfileTest" name="GrpcProfile_Convert_PerformanceCounterInstance_From_gRPC" />
    </UnitTest>
    <UnitTest name="RuleConfigurationRefreshService_ExecuteAsync_Exception_Unhandled" storage="d:\actions-runner\_work\xpco\xpco\allsolutions\..\datacollector\service\tst\videoos.datacollector.service.unittests\bin\x64\debug\net6.0-windows\videoos.datacollector.service.unittests.dll" id="6fbec623-eedb-bd8e-f88d-7106c9859ae0">
      <Execution id="3cf08471-9120-4f45-a89c-4a0f59df9130" />
      <TestMethod codeBase="D:\actions-runner\_work\XPCO\XPCO\AllSolutions\..\DataCollector\Service\tst\VideoOS.DataCollector.Service.UnitTests\bin\x64\Debug\net6.0-windows\VideoOS.DataCollector.Service.UnitTests.dll" adapterTypeName="executor://mstestadapter/v2" className="VideoOS.DataCollector.Service.UnitTests.Services.RuleConfigurationRefreshServiceTests" name="RuleConfigurationRefreshService_ExecuteAsync_Exception_Unhandled" />
    </UnitTest>
    <UnitTest name="ReportGpuCounterInstancesServerCommandHandler_Handle_Success" storage="d:\actions-runner\_work\xpco\xpco\allsolutions\..\datacollector\service\tst\videoos.datacollector.service.unittests\bin\x64\debug\net6.0-windows\videoos.datacollector.service.unittests.dll" id="ecabdb3d-dab6-46d9-db55-64328c5bf997">
      <Execution id="8ef133b8-b6bc-4b8a-adf8-f4000b545e79" />
      <TestMethod codeBase="D:\actions-runner\_work\XPCO\XPCO\AllSolutions\..\DataCollector\Service\tst\VideoOS.DataCollector.Service.UnitTests\bin\x64\Debug\net6.0-windows\VideoOS.DataCollector.Service.UnitTests.dll" adapterTypeName="executor://mstestadapter/v2" className="VideoOS.DataCollector.Service.UnitTests.PerfCounterConfiguration.Commands.ReportGpuCounterInstances.ReportGpuCounterInstancesServerCommandTests" name="ReportGpuCounterInstancesServerCommandHandler_Handle_Success" />
    </UnitTest>
    <UnitTest name="Handle_RequestPropertiesSet_BackOffCreatedWithValuesFromRequest" storage="d:\actions-runner\_work\xpco\xpco\allsolutions\..\datacollector\service\tst\videoos.datacollector.service.unittests\bin\x64\debug\net6.0-windows\videoos.datacollector.service.unittests.dll" id="7c9912fc-fdd5-7b09-51bd-b1038fc64cc6">
      <Execution id="7a5c9053-e111-4393-a254-e59ba6ec5636" />
      <TestMethod codeBase="D:\actions-runner\_work\XPCO\XPCO\AllSolutions\..\DataCollector\Service\tst\VideoOS.DataCollector.Service.UnitTests\bin\x64\Debug\net6.0-windows\VideoOS.DataCollector.Service.UnitTests.dll" adapterTypeName="executor://mstestadapter/v2" className="VideoOS.DataCollector.Service.UnitTests.Common.Behaviours.RetryBehaviourUnitTest" name="Handle_RequestPropertiesSet_BackOffCreatedWithValuesFromRequest" />
    </UnitTest>
    <UnitTest name="Create_Processor_Counter_Rule_As_CounterRule" storage="d:\actions-runner\_work\xpco\xpco\allsolutions\..\datacollector\service\tst\videoos.datacollector.service.unittests\bin\x64\debug\net6.0-windows\videoos.datacollector.service.unittests.dll" id="26d04dae-a714-31ae-f9e0-6f6175c8d7f6">
      <Execution id="6082bded-5daa-4916-a77b-a5694f53040a" />
      <TestMethod codeBase="D:\actions-runner\_work\XPCO\XPCO\AllSolutions\..\DataCollector\Service\tst\VideoOS.DataCollector.Service.UnitTests\bin\x64\Debug\net6.0-windows\VideoOS.DataCollector.Service.UnitTests.dll" adapterTypeName="executor://mstestadapter/v2" className="VideoOS.DataCollector.Service.UnitTests.CounterRuleFactoryUnitTest" name="Create_Processor_Counter_Rule_As_CounterRule" />
    </UnitTest>
    <UnitTest name="Handle_OneNonDefaultCounterRule_OneRulesAdded" storage="d:\actions-runner\_work\xpco\xpco\allsolutions\..\datacollector\service\tst\videoos.datacollector.service.unittests\bin\x64\debug\net6.0-windows\videoos.datacollector.service.unittests.dll" id="8cce852d-0d92-6d71-764a-9bfac16bc444">
      <Execution id="6fb806c2-ffd4-49bb-b05d-5941df5175e0" />
      <TestMethod codeBase="D:\actions-runner\_work\XPCO\XPCO\AllSolutions\..\DataCollector\Service\tst\VideoOS.DataCollector.Service.UnitTests\bin\x64\Debug\net6.0-windows\VideoOS.DataCollector.Service.UnitTests.dll" adapterTypeName="executor://mstestadapter/v2" className="VideoOS.DataCollector.Service.UnitTests.CounterState.RefreshRuleConfigurationEventHandlerTests" name="Handle_OneNonDefaultCounterRule_OneRulesAdded" />
    </UnitTest>
    <UnitTest name="CollectPerformanceCounter_OperationCanceledException_Caught_Success" storage="d:\actions-runner\_work\xpco\xpco\allsolutions\..\datacollector\service\tst\videoos.datacollector.service.unittests\bin\x64\debug\net6.0-windows\videoos.datacollector.service.unittests.dll" id="7af7ae3d-8ea3-9e6d-e5e1-9fc1f88b9321">
      <Execution id="9eefc45f-27ac-43be-af3a-acaa4e31a8d9" />
      <TestMethod codeBase="D:\actions-runner\_work\XPCO\XPCO\AllSolutions\..\DataCollector\Service\tst\VideoOS.DataCollector.Service.UnitTests\bin\x64\Debug\net6.0-windows\VideoOS.DataCollector.Service.UnitTests.dll" adapterTypeName="executor://mstestadapter/v2" className="VideoOS.DataCollector.Service.UnitTests.Services.CollectPerformanceCounterTests" name="CollectPerformanceCounter_OperationCanceledException_Caught_Success" />
    </UnitTest>
    <UnitTest name="GrpcProfile_Convert_PerformanceCounterInstance_From_gRPC (SingleInstance,AverageCount64,SingleInstance,AverageCount64)" storage="d:\actions-runner\_work\xpco\xpco\allsolutions\..\datacollector\service\tst\videoos.datacollector.service.unittests\bin\x64\debug\net6.0-windows\videoos.datacollector.service.unittests.dll" id="9b7743cf-2b00-89ca-a067-70a9d6962fdc">
      <Execution id="c2092000-c3b6-439e-bf20-4252f46da937" />
      <TestMethod codeBase="D:\actions-runner\_work\XPCO\XPCO\AllSolutions\..\DataCollector\Service\tst\VideoOS.DataCollector.Service.UnitTests\bin\x64\Debug\net6.0-windows\VideoOS.DataCollector.Service.UnitTests.dll" adapterTypeName="executor://mstestadapter/v2" className="VideoOS.DataCollector.Service.UnitTests.GrpcProfileTest" name="GrpcProfile_Convert_PerformanceCounterInstance_From_gRPC" />
    </UnitTest>
    <UnitTest name="GrpcProfile_Convert_PerformanceCounterInstance_From_gRPC (SingleInstance,SampleCounter,SingleInstance,SampleCounter)" storage="d:\actions-runner\_work\xpco\xpco\allsolutions\..\datacollector\service\tst\videoos.datacollector.service.unittests\bin\x64\debug\net6.0-windows\videoos.datacollector.service.unittests.dll" id="1583c8eb-73e2-d07a-761f-f6c0601e28ab">
      <Execution id="780eb38d-de69-4e94-a387-e56139fcce01" />
      <TestMethod codeBase="D:\actions-runner\_work\XPCO\XPCO\AllSolutions\..\DataCollector\Service\tst\VideoOS.DataCollector.Service.UnitTests\bin\x64\Debug\net6.0-windows\VideoOS.DataCollector.Service.UnitTests.dll" adapterTypeName="executor://mstestadapter/v2" className="VideoOS.DataCollector.Service.UnitTests.GrpcProfileTest" name="GrpcProfile_Convert_PerformanceCounterInstance_From_gRPC" />
    </UnitTest>
    <UnitTest name="GrpcProfile_Convert_PerformanceCounterInstance_To_gRPC (SingleInstance,Timer100NsInverse,SingleInstance,Timer100NsInverse)" storage="d:\actions-runner\_work\xpco\xpco\allsolutions\..\datacollector\service\tst\videoos.datacollector.service.unittests\bin\x64\debug\net6.0-windows\videoos.datacollector.service.unittests.dll" id="0e966d22-8737-f92f-feb5-a6ddc1e04600">
      <Execution id="0d6558d9-6ce0-4300-9fc4-c717450479ff" />
      <TestMethod codeBase="D:\actions-runner\_work\XPCO\XPCO\AllSolutions\..\DataCollector\Service\tst\VideoOS.DataCollector.Service.UnitTests\bin\x64\Debug\net6.0-windows\VideoOS.DataCollector.Service.UnitTests.dll" adapterTypeName="executor://mstestadapter/v2" className="VideoOS.DataCollector.Service.UnitTests.GrpcProfileTest" name="GrpcProfile_Convert_PerformanceCounterInstance_To_gRPC" />
    </UnitTest>
    <UnitTest name="RegisterDataCollectorServerCommandHandler_Handle_Cluster_Success" storage="d:\actions-runner\_work\xpco\xpco\allsolutions\..\datacollector\service\tst\videoos.datacollector.service.unittests\bin\x64\debug\net6.0-windows\videoos.datacollector.service.unittests.dll" id="9d2e51b3-75cb-6c5c-0501-910cfb6d7262">
      <Execution id="dedba0bb-8591-45ce-8c66-0f78ea340a2a" />
      <TestMethod codeBase="D:\actions-runner\_work\XPCO\XPCO\AllSolutions\..\DataCollector\Service\tst\VideoOS.DataCollector.Service.UnitTests\bin\x64\Debug\net6.0-windows\VideoOS.DataCollector.Service.UnitTests.dll" adapterTypeName="executor://mstestadapter/v2" className="VideoOS.DataCollector.Service.UnitTests.PerfCounterConfiguration.Commands.RegisterDataCollector.RegisterDataCollectorServerCommandTests" name="RegisterDataCollectorServerCommandHandler_Handle_Cluster_Success" />
    </UnitTest>
    <UnitTest name="StateChangeEventHandlerTests_Handle_MultiruleStateNotChanged_Success" storage="d:\actions-runner\_work\xpco\xpco\allsolutions\..\datacollector\service\tst\videoos.datacollector.service.unittests\bin\x64\debug\net6.0-windows\videoos.datacollector.service.unittests.dll" id="d434df6e-a443-6f8b-1217-8a5fc63ce995">
      <Execution id="d69cb069-b7ac-4448-8c12-24ceb9e613f3" />
      <TestMethod codeBase="D:\actions-runner\_work\XPCO\XPCO\AllSolutions\..\DataCollector\Service\tst\VideoOS.DataCollector.Service.UnitTests\bin\x64\Debug\net6.0-windows\VideoOS.DataCollector.Service.UnitTests.dll" adapterTypeName="executor://mstestadapter/v2" className="VideoOS.DataCollector.Service.UnitTests.StateChangeEventHandlerTests" name="StateChangeEventHandlerTests_Handle_MultiruleStateNotChanged_Success" />
    </UnitTest>
    <UnitTest name="GrpcProfile_Convert_PerformanceCounterInstance_To_gRPC (SingleInstance,SampleBase,SingleInstance,SampleBase)" storage="d:\actions-runner\_work\xpco\xpco\allsolutions\..\datacollector\service\tst\videoos.datacollector.service.unittests\bin\x64\debug\net6.0-windows\videoos.datacollector.service.unittests.dll" id="0232cfa4-fcf0-3b45-cd7e-a41912f405ad">
      <Execution id="96b38144-9571-4f91-b5ad-a37e2627f6ec" />
      <TestMethod codeBase="D:\actions-runner\_work\XPCO\XPCO\AllSolutions\..\DataCollector\Service\tst\VideoOS.DataCollector.Service.UnitTests\bin\x64\Debug\net6.0-windows\VideoOS.DataCollector.Service.UnitTests.dll" adapterTypeName="executor://mstestadapter/v2" className="VideoOS.DataCollector.Service.UnitTests.GrpcProfileTest" name="GrpcProfile_Convert_PerformanceCounterInstance_To_gRPC" />
    </UnitTest>
    <UnitTest name="GrpcProfile_Convert_PerformanceCounterValue_To_gRPC" storage="d:\actions-runner\_work\xpco\xpco\allsolutions\..\datacollector\service\tst\videoos.datacollector.service.unittests\bin\x64\debug\net6.0-windows\videoos.datacollector.service.unittests.dll" id="aa5f118d-7a47-88ce-95f2-29165c045558">
      <Execution id="dea981ac-f45c-4164-9ccf-61c7d515158b" />
      <TestMethod codeBase="D:\actions-runner\_work\XPCO\XPCO\AllSolutions\..\DataCollector\Service\tst\VideoOS.DataCollector.Service.UnitTests\bin\x64\Debug\net6.0-windows\VideoOS.DataCollector.Service.UnitTests.dll" adapterTypeName="executor://mstestadapter/v2" className="VideoOS.DataCollector.Service.UnitTests.GrpcProfileTest" name="GrpcProfile_Convert_PerformanceCounterValue_To_gRPC" />
    </UnitTest>
    <UnitTest name="ExponentialBackOff_Delay_MsBelowMax_Success" storage="d:\actions-runner\_work\xpco\xpco\allsolutions\..\datacollector\service\tst\videoos.datacollector.service.unittests\bin\x64\debug\net6.0-windows\videoos.datacollector.service.unittests.dll" id="b51dd777-21e7-f817-0775-fa8f5402ffc9">
      <Execution id="e583b7e8-a9c7-4065-9a0b-df6bd7868502" />
      <TestMethod codeBase="D:\actions-runner\_work\XPCO\XPCO\AllSolutions\..\DataCollector\Service\tst\VideoOS.DataCollector.Service.UnitTests\bin\x64\Debug\net6.0-windows\VideoOS.DataCollector.Service.UnitTests.dll" adapterTypeName="executor://mstestadapter/v2" className="VideoOS.DataCollector.Service.UnitTests.Common.BackOff.ExponentialBackOffUnitTest" name="ExponentialBackOff_Delay_MsBelowMax_Success" />
    </UnitTest>
    <UnitTest name="DeleteStateServerCommandCommandHandler_Handle_Success" storage="d:\actions-runner\_work\xpco\xpco\allsolutions\..\datacollector\service\tst\videoos.datacollector.service.unittests\bin\x64\debug\net6.0-windows\videoos.datacollector.service.unittests.dll" id="77a07578-a278-65ad-efe3-30e2dfd969c7">
      <Execution id="5df68f38-54f6-47e3-9d5a-aa37f54ac66b" />
      <TestMethod codeBase="D:\actions-runner\_work\XPCO\XPCO\AllSolutions\..\DataCollector\Service\tst\VideoOS.DataCollector.Service.UnitTests\bin\x64\Debug\net6.0-windows\VideoOS.DataCollector.Service.UnitTests.dll" adapterTypeName="executor://mstestadapter/v2" className="VideoOS.DataCollector.Service.UnitTests.Rule.RuleConfiguration.Commands.DeleteStateServerCommandTests" name="DeleteStateServerCommandCommandHandler_Handle_Success" />
    </UnitTest>
    <UnitTest name="Create_ServiceAvailableRule_For_Management_Server_With_State_Handler" storage="d:\actions-runner\_work\xpco\xpco\allsolutions\..\datacollector\service\tst\videoos.datacollector.service.unittests\bin\x64\debug\net6.0-windows\videoos.datacollector.service.unittests.dll" id="d6bdc7fd-af9c-53da-86a3-f932ce9b7c64">
      <Execution id="ef5ab583-664a-494e-9014-d7e99bfa9fa8" />
      <TestMethod codeBase="D:\actions-runner\_work\XPCO\XPCO\AllSolutions\..\DataCollector\Service\tst\VideoOS.DataCollector.Service.UnitTests\bin\x64\Debug\net6.0-windows\VideoOS.DataCollector.Service.UnitTests.dll" adapterTypeName="executor://mstestadapter/v2" className="VideoOS.DataCollector.Service.UnitTests.ServiceAvailableRuleFactoryUnitTest" name="Create_ServiceAvailableRule_For_Management_Server_With_State_Handler" />
    </UnitTest>
    <UnitTest name="GrpcProfile_Convert_PerformanceCounterInstance_To_gRPC (SingleInstance,CounterMultiTimer,SingleInstance,CounterMultiTimer)" storage="d:\actions-runner\_work\xpco\xpco\allsolutions\..\datacollector\service\tst\videoos.datacollector.service.unittests\bin\x64\debug\net6.0-windows\videoos.datacollector.service.unittests.dll" id="6aeca2c8-2544-3c53-5b0c-4db1f662c019">
      <Execution id="426a1633-4415-4023-84b3-bd07896cebab" />
      <TestMethod codeBase="D:\actions-runner\_work\XPCO\XPCO\AllSolutions\..\DataCollector\Service\tst\VideoOS.DataCollector.Service.UnitTests\bin\x64\Debug\net6.0-windows\VideoOS.DataCollector.Service.UnitTests.dll" adapterTypeName="executor://mstestadapter/v2" className="VideoOS.DataCollector.Service.UnitTests.GrpcProfileTest" name="GrpcProfile_Convert_PerformanceCounterInstance_To_gRPC" />
    </UnitTest>
    <UnitTest name="StateChangeCommandHandler_Handle_Success" storage="d:\actions-runner\_work\xpco\xpco\allsolutions\..\datacollector\service\tst\videoos.datacollector.service.unittests\bin\x64\debug\net6.0-windows\videoos.datacollector.service.unittests.dll" id="4870a9ae-754e-8724-e18c-045e6c8c9978">
      <Execution id="4022596c-b775-4c6c-9552-b4667b6369d8" />
      <TestMethod codeBase="D:\actions-runner\_work\XPCO\XPCO\AllSolutions\..\DataCollector\Service\tst\VideoOS.DataCollector.Service.UnitTests\bin\x64\Debug\net6.0-windows\VideoOS.DataCollector.Service.UnitTests.dll" adapterTypeName="executor://mstestadapter/v2" className="VideoOS.DataCollector.Service.UnitTests.Rule.RuleConfiguration.Commands.StateChangeServerCommandTests" name="StateChangeCommandHandler_Handle_Success" />
    </UnitTest>
    <UnitTest name="GrpcProfile_Convert_PerformanceCounterInstance_From_gRPC (SingleInstance,CounterMultiTimer100Ns,SingleInstance,CounterMultiTimer100Ns)" storage="d:\actions-runner\_work\xpco\xpco\allsolutions\..\datacollector\service\tst\videoos.datacollector.service.unittests\bin\x64\debug\net6.0-windows\videoos.datacollector.service.unittests.dll" id="94bbb11f-8d40-b4d0-5fea-80b8f1699e0b">
      <Execution id="9780dab4-a35b-4308-bb9a-e2c60a3ae931" />
      <TestMethod codeBase="D:\actions-runner\_work\XPCO\XPCO\AllSolutions\..\DataCollector\Service\tst\VideoOS.DataCollector.Service.UnitTests\bin\x64\Debug\net6.0-windows\VideoOS.DataCollector.Service.UnitTests.dll" adapterTypeName="executor://mstestadapter/v2" className="VideoOS.DataCollector.Service.UnitTests.GrpcProfileTest" name="GrpcProfile_Convert_PerformanceCounterInstance_From_gRPC" />
    </UnitTest>
    <UnitTest name="RuleConfigurationRefreshService_ExecuteAsync_ConfigurationInError_LoggingOrPublishNotCalled_Success" storage="d:\actions-runner\_work\xpco\xpco\allsolutions\..\datacollector\service\tst\videoos.datacollector.service.unittests\bin\x64\debug\net6.0-windows\videoos.datacollector.service.unittests.dll" id="ddd86afe-4241-47f8-f6de-b5a8b2e36923">
      <Execution id="8996d8c5-bf2b-4ba8-97e9-1ba3dac615af" />
      <TestMethod codeBase="D:\actions-runner\_work\XPCO\XPCO\AllSolutions\..\DataCollector\Service\tst\VideoOS.DataCollector.Service.UnitTests\bin\x64\Debug\net6.0-windows\VideoOS.DataCollector.Service.UnitTests.dll" adapterTypeName="executor://mstestadapter/v2" className="VideoOS.DataCollector.Service.UnitTests.Services.RuleConfigurationRefreshServiceTests" name="RuleConfigurationRefreshService_ExecuteAsync_ConfigurationInError_LoggingOrPublishNotCalled_Success" />
    </UnitTest>
    <UnitTest name="GetState_DoesNotChangeFromCriticalToNormal_OnCriticalEqualWarningAndValuesWithinBuffer" storage="d:\actions-runner\_work\xpco\xpco\allsolutions\..\datacollector\service\tst\videoos.datacollector.service.unittests\bin\x64\debug\net6.0-windows\videoos.datacollector.service.unittests.dll" id="26333346-7562-dbdc-08ec-7308b35cf634">
      <Execution id="65bd6c39-314a-416d-baa7-10b36145c636" />
      <TestMethod codeBase="D:\actions-runner\_work\XPCO\XPCO\AllSolutions\..\DataCollector\Service\tst\VideoOS.DataCollector.Service.UnitTests\bin\x64\Debug\net6.0-windows\VideoOS.DataCollector.Service.UnitTests.dll" adapterTypeName="executor://mstestadapter/v2" className="VideoOS.DataCollector.Service.UnitTests.CounterRuleTest" name="GetState_DoesNotChangeFromCriticalToNormal_OnCriticalEqualWarningAndValuesWithinBuffer" />
    </UnitTest>
    <UnitTest name="MultiCounterRule_UnRegisterPerformanceCounterInstance_performanceCounterInstancePath_NullCheck" storage="d:\actions-runner\_work\xpco\xpco\allsolutions\..\datacollector\service\tst\videoos.datacollector.service.unittests\bin\x64\debug\net6.0-windows\videoos.datacollector.service.unittests.dll" id="4ab2c5db-58d6-6509-40fe-e653a96833a2">
      <Execution id="761c812c-ff1a-48e7-8f42-9c4563a216a3" />
      <TestMethod codeBase="D:\actions-runner\_work\XPCO\XPCO\AllSolutions\..\DataCollector\Service\tst\VideoOS.DataCollector.Service.UnitTests\bin\x64\Debug\net6.0-windows\VideoOS.DataCollector.Service.UnitTests.dll" adapterTypeName="executor://mstestadapter/v2" className="VideoOS.DataCollector.Service.UnitTests.Rules.MultiCounterRuleTest" name="MultiCounterRule_UnRegisterPerformanceCounterInstance_performanceCounterInstancePath_NullCheck" />
    </UnitTest>
    <UnitTest name="Validate_CameraCounterRule_With_Valid_Path" storage="d:\actions-runner\_work\xpco\xpco\allsolutions\..\datacollector\service\tst\videoos.datacollector.service.unittests\bin\x64\debug\net6.0-windows\videoos.datacollector.service.unittests.dll" id="75080332-4faf-328b-7ac4-3f9ef9f1f1bb">
      <Execution id="99d19f96-d62a-42a8-a47d-494d0c13508a" />
      <TestMethod codeBase="D:\actions-runner\_work\XPCO\XPCO\AllSolutions\..\DataCollector\Service\tst\VideoOS.DataCollector.Service.UnitTests\bin\x64\Debug\net6.0-windows\VideoOS.DataCollector.Service.UnitTests.dll" adapterTypeName="executor://mstestadapter/v2" className="VideoOS.DataCollector.Service.UnitTests.CounterRuleFactoryUnitTest" name="Validate_CameraCounterRule_With_Valid_Path" />
    </UnitTest>
    <UnitTest name="LoggingBehaviour_Constructor_Success" storage="d:\actions-runner\_work\xpco\xpco\allsolutions\..\datacollector\service\tst\videoos.datacollector.service.unittests\bin\x64\debug\net6.0-windows\videoos.datacollector.service.unittests.dll" id="98fb144f-7a48-d95e-40b9-6c64233aeaab">
      <Execution id="f3d4118e-ba29-4b50-8e45-9ac4b869ee74" />
      <TestMethod codeBase="D:\actions-runner\_work\XPCO\XPCO\AllSolutions\..\DataCollector\Service\tst\VideoOS.DataCollector.Service.UnitTests\bin\x64\Debug\net6.0-windows\VideoOS.DataCollector.Service.UnitTests.dll" adapterTypeName="executor://mstestadapter/v2" className="VideoOS.DataCollector.Service.UnitTests.Common.Behaviours.LoggingBehaviourUnitTest" name="LoggingBehaviour_Constructor_Success" />
    </UnitTest>
    <UnitTest name="ServiceAvailableRule_Sends_State_Changes_When_Management_Server_Is_Down" storage="d:\actions-runner\_work\xpco\xpco\allsolutions\..\datacollector\service\tst\videoos.datacollector.service.unittests\bin\x64\debug\net6.0-windows\videoos.datacollector.service.unittests.dll" id="fa91fceb-6fe9-2942-fc60-f63934d304fe">
      <Execution id="aa6f35cf-4a43-4c09-98d5-1ffbcdac7559" />
      <TestMethod codeBase="D:\actions-runner\_work\XPCO\XPCO\AllSolutions\..\DataCollector\Service\tst\VideoOS.DataCollector.Service.UnitTests\bin\x64\Debug\net6.0-windows\VideoOS.DataCollector.Service.UnitTests.dll" adapterTypeName="executor://mstestadapter/v2" className="VideoOS.DataCollector.Service.UnitTests.ServiceAvailableRuleUnitTest" name="ServiceAvailableRule_Sends_State_Changes_When_Management_Server_Is_Down" />
    </UnitTest>
    <UnitTest name="RegisterDataCollectorServerCommandHandler_Handle_NonCluster_Success" storage="d:\actions-runner\_work\xpco\xpco\allsolutions\..\datacollector\service\tst\videoos.datacollector.service.unittests\bin\x64\debug\net6.0-windows\videoos.datacollector.service.unittests.dll" id="5a46464e-46ec-969b-24cc-1aef54601a70">
      <Execution id="3d483d25-15c7-4c53-ab45-3e1a7eefe532" />
      <TestMethod codeBase="D:\actions-runner\_work\XPCO\XPCO\AllSolutions\..\DataCollector\Service\tst\VideoOS.DataCollector.Service.UnitTests\bin\x64\Debug\net6.0-windows\VideoOS.DataCollector.Service.UnitTests.dll" adapterTypeName="executor://mstestadapter/v2" className="VideoOS.DataCollector.Service.UnitTests.PerfCounterConfiguration.Commands.RegisterDataCollector.RegisterDataCollectorServerCommandTests" name="RegisterDataCollectorServerCommandHandler_Handle_NonCluster_Success" />
    </UnitTest>
    <UnitTest name="GrpcProfile_Convert_PerformanceCounterInstance_From_gRPC (SingleInstance,NumberOfItemsHex32,SingleInstance,NumberOfItemsHEX32)" storage="d:\actions-runner\_work\xpco\xpco\allsolutions\..\datacollector\service\tst\videoos.datacollector.service.unittests\bin\x64\debug\net6.0-windows\videoos.datacollector.service.unittests.dll" id="094c18ff-1ac5-67b6-340f-524f4ba187be">
      <Execution id="56765d75-57dd-42e3-a9d5-458def086791" />
      <TestMethod codeBase="D:\actions-runner\_work\XPCO\XPCO\AllSolutions\..\DataCollector\Service\tst\VideoOS.DataCollector.Service.UnitTests\bin\x64\Debug\net6.0-windows\VideoOS.DataCollector.Service.UnitTests.dll" adapterTypeName="executor://mstestadapter/v2" className="VideoOS.DataCollector.Service.UnitTests.GrpcProfileTest" name="GrpcProfile_Convert_PerformanceCounterInstance_From_gRPC" />
    </UnitTest>
    <UnitTest name="Handle_OneMultiRuleCounterRule_OneRulesAddedMulitRuleRegistered" storage="d:\actions-runner\_work\xpco\xpco\allsolutions\..\datacollector\service\tst\videoos.datacollector.service.unittests\bin\x64\debug\net6.0-windows\videoos.datacollector.service.unittests.dll" id="e910ca53-d0c6-a81a-6f2a-a52debaedf40">
      <Execution id="5c4a06fc-ef09-437d-993d-ab9263517d82" />
      <TestMethod codeBase="D:\actions-runner\_work\XPCO\XPCO\AllSolutions\..\DataCollector\Service\tst\VideoOS.DataCollector.Service.UnitTests\bin\x64\Debug\net6.0-windows\VideoOS.DataCollector.Service.UnitTests.dll" adapterTypeName="executor://mstestadapter/v2" className="VideoOS.DataCollector.Service.UnitTests.CounterState.RefreshRuleConfigurationEventHandlerTests" name="Handle_OneMultiRuleCounterRule_OneRulesAddedMulitRuleRegistered" />
    </UnitTest>
    <UnitTest name="TestWarningNotToNormal" storage="d:\actions-runner\_work\xpco\xpco\allsolutions\..\datacollector\service\tst\videoos.datacollector.service.unittests\bin\x64\debug\net6.0-windows\videoos.datacollector.service.unittests.dll" id="5809417f-233f-4242-83fd-87594216a098">
      <Execution id="1e543eca-bfdb-433f-a87d-f956ba6e92d8" />
      <TestMethod codeBase="D:\actions-runner\_work\XPCO\XPCO\AllSolutions\..\DataCollector\Service\tst\VideoOS.DataCollector.Service.UnitTests\bin\x64\Debug\net6.0-windows\VideoOS.DataCollector.Service.UnitTests.dll" adapterTypeName="executor://mstestadapter/v2" className="VideoOS.DataCollector.Service.UnitTests.CounterRuleTest" name="TestWarningNotToNormal" />
    </UnitTest>
    <UnitTest name="Handle_DeleteExistingDefaultRule_RuleDeleted" storage="d:\actions-runner\_work\xpco\xpco\allsolutions\..\datacollector\service\tst\videoos.datacollector.service.unittests\bin\x64\debug\net6.0-windows\videoos.datacollector.service.unittests.dll" id="25b4b441-49a1-87d4-aa7c-d3ad22f934c8">
      <Execution id="4baa301e-c87d-41b0-aca5-94f0f5cf4c6f" />
      <TestMethod codeBase="D:\actions-runner\_work\XPCO\XPCO\AllSolutions\..\DataCollector\Service\tst\VideoOS.DataCollector.Service.UnitTests\bin\x64\Debug\net6.0-windows\VideoOS.DataCollector.Service.UnitTests.dll" adapterTypeName="executor://mstestadapter/v2" className="VideoOS.DataCollector.Service.UnitTests.CounterState.RefreshRuleConfigurationEventHandlerTests" name="Handle_DeleteExistingDefaultRule_RuleDeleted" />
    </UnitTest>
    <UnitTest name="GrpcProfile_Convert_PerformanceCounterInstance_From_gRPC (SingleInstance,SampleBase,SingleInstance,SampleBase)" storage="d:\actions-runner\_work\xpco\xpco\allsolutions\..\datacollector\service\tst\videoos.datacollector.service.unittests\bin\x64\debug\net6.0-windows\videoos.datacollector.service.unittests.dll" id="b9f49d19-1600-a6bf-9d21-49324d56bd24">
      <Execution id="21735d72-de6f-4731-8ec0-ae17bb743161" />
      <TestMethod codeBase="D:\actions-runner\_work\XPCO\XPCO\AllSolutions\..\DataCollector\Service\tst\VideoOS.DataCollector.Service.UnitTests\bin\x64\Debug\net6.0-windows\VideoOS.DataCollector.Service.UnitTests.dll" adapterTypeName="executor://mstestadapter/v2" className="VideoOS.DataCollector.Service.UnitTests.GrpcProfileTest" name="GrpcProfile_Convert_PerformanceCounterInstance_From_gRPC" />
    </UnitTest>
    <UnitTest name="StateSenderService_ExecuteAsync_OperationCanceledException_Handled" storage="d:\actions-runner\_work\xpco\xpco\allsolutions\..\datacollector\service\tst\videoos.datacollector.service.unittests\bin\x64\debug\net6.0-windows\videoos.datacollector.service.unittests.dll" id="e9c6e33c-dfd4-9336-5d84-c530ec5b350f">
      <Execution id="682b9bfa-31de-46f6-ab48-2d39fc2717df" />
      <TestMethod codeBase="D:\actions-runner\_work\XPCO\XPCO\AllSolutions\..\DataCollector\Service\tst\VideoOS.DataCollector.Service.UnitTests\bin\x64\Debug\net6.0-windows\VideoOS.DataCollector.Service.UnitTests.dll" adapterTypeName="executor://mstestadapter/v2" className="VideoOS.DataCollector.Service.UnitTests.Services.StateSenderServiceTests" name="StateSenderService_ExecuteAsync_OperationCanceledException_Handled" />
    </UnitTest>
    <UnitTest name="GrpcProfile_Convert_PerformanceCounterInstance_From_gRPC (SingleInstance,NumberOfItemsHex64,SingleInstance,NumberOfItemsHEX64)" storage="d:\actions-runner\_work\xpco\xpco\allsolutions\..\datacollector\service\tst\videoos.datacollector.service.unittests\bin\x64\debug\net6.0-windows\videoos.datacollector.service.unittests.dll" id="43924248-cdc3-293e-2c0a-01e517c1e1df">
      <Execution id="51b21eb2-c10a-467d-8a33-2854c4c4df56" />
      <TestMethod codeBase="D:\actions-runner\_work\XPCO\XPCO\AllSolutions\..\DataCollector\Service\tst\VideoOS.DataCollector.Service.UnitTests\bin\x64\Debug\net6.0-windows\VideoOS.DataCollector.Service.UnitTests.dll" adapterTypeName="executor://mstestadapter/v2" className="VideoOS.DataCollector.Service.UnitTests.GrpcProfileTest" name="GrpcProfile_Convert_PerformanceCounterInstance_From_gRPC" />
    </UnitTest>
    <UnitTest name="GrpcProfile_Convert_PerformanceCounterInstance_To_gRPC (SingleInstance,RawFraction,SingleInstance,RawFraction)" storage="d:\actions-runner\_work\xpco\xpco\allsolutions\..\datacollector\service\tst\videoos.datacollector.service.unittests\bin\x64\debug\net6.0-windows\videoos.datacollector.service.unittests.dll" id="e77305d9-e2f9-73a0-94c7-e2dbee0f0dd9">
      <Execution id="1854d98c-a2bc-4c0f-b58e-0ec1ebc7ced5" />
      <TestMethod codeBase="D:\actions-runner\_work\XPCO\XPCO\AllSolutions\..\DataCollector\Service\tst\VideoOS.DataCollector.Service.UnitTests\bin\x64\Debug\net6.0-windows\VideoOS.DataCollector.Service.UnitTests.dll" adapterTypeName="executor://mstestadapter/v2" className="VideoOS.DataCollector.Service.UnitTests.GrpcProfileTest" name="GrpcProfile_Convert_PerformanceCounterInstance_To_gRPC" />
    </UnitTest>
    <UnitTest name="TestWarningToNormal" storage="d:\actions-runner\_work\xpco\xpco\allsolutions\..\datacollector\service\tst\videoos.datacollector.service.unittests\bin\x64\debug\net6.0-windows\videoos.datacollector.service.unittests.dll" id="232e8a33-bf5e-a606-399f-6ccfaaa7dcf0">
      <Execution id="ab0aa802-ee75-40d6-8b55-a461e0596e09" />
      <TestMethod codeBase="D:\actions-runner\_work\XPCO\XPCO\AllSolutions\..\DataCollector\Service\tst\VideoOS.DataCollector.Service.UnitTests\bin\x64\Debug\net6.0-windows\VideoOS.DataCollector.Service.UnitTests.dll" adapterTypeName="executor://mstestadapter/v2" className="VideoOS.DataCollector.Service.UnitTests.CounterRuleTest" name="TestWarningToNormal" />
    </UnitTest>
    <UnitTest name="RegisterInstalledServicesService_EnumServiceApplicationsInDevelopment_AllServicesInstalled" storage="d:\actions-runner\_work\xpco\xpco\allsolutions\..\datacollector\service\tst\videoos.datacollector.service.unittests\bin\x64\debug\net6.0-windows\videoos.datacollector.service.unittests.dll" id="065b48a8-47bf-d2ef-4110-2ed52c11b15d">
      <Execution id="aef29e36-7c64-4039-94f8-4ada995ebcc6" />
      <TestMethod codeBase="D:\actions-runner\_work\XPCO\XPCO\AllSolutions\..\DataCollector\Service\tst\VideoOS.DataCollector.Service.UnitTests\bin\x64\Debug\net6.0-windows\VideoOS.DataCollector.Service.UnitTests.dll" adapterTypeName="executor://mstestadapter/v2" className="VideoOS.DataCollector.Service.UnitTests.PerfCounterConfiguration.Commands.RegisterServiceApplications.RegisterInstalledServicesServiceTests" name="RegisterInstalledServicesService_EnumServiceApplicationsInDevelopment_AllServicesInstalled" />
    </UnitTest>
    <UnitTest name="Constructor_CorrectArguments_Success" storage="d:\actions-runner\_work\xpco\xpco\allsolutions\..\datacollector\service\tst\videoos.datacollector.service.unittests\bin\x64\debug\net6.0-windows\videoos.datacollector.service.unittests.dll" id="bbedbce9-5dd0-08e7-a46b-673c57e116d6">
      <Execution id="fc9b83d6-b70e-430e-bbb6-392e83fcbc61" />
      <TestMethod codeBase="D:\actions-runner\_work\XPCO\XPCO\AllSolutions\..\DataCollector\Service\tst\VideoOS.DataCollector.Service.UnitTests\bin\x64\Debug\net6.0-windows\VideoOS.DataCollector.Service.UnitTests.dll" adapterTypeName="executor://mstestadapter/v2" className="VideoOS.DataCollector.Service.UnitTests.Common.Behaviours.RetryBehaviourUnitTest" name="Constructor_CorrectArguments_Success" />
    </UnitTest>
    <UnitTest name="GetConfigurationServerQueryHandler_Handle_Success" storage="d:\actions-runner\_work\xpco\xpco\allsolutions\..\datacollector\service\tst\videoos.datacollector.service.unittests\bin\x64\debug\net6.0-windows\videoos.datacollector.service.unittests.dll" id="a5089916-ea1c-a1cc-e0f5-18a97b5b7f65">
      <Execution id="03ac33d0-aa30-4b7d-b9e4-cae12566cb00" />
      <TestMethod codeBase="D:\actions-runner\_work\XPCO\XPCO\AllSolutions\..\DataCollector\Service\tst\VideoOS.DataCollector.Service.UnitTests\bin\x64\Debug\net6.0-windows\VideoOS.DataCollector.Service.UnitTests.dll" adapterTypeName="executor://mstestadapter/v2" className="VideoOS.DataCollector.Service.UnitTests.PerfCounterConfiguration.Queries.GetConfigurationServerQueryTests" name="GetConfigurationServerQueryHandler_Handle_Success" />
    </UnitTest>
    <UnitTest name="GrpcProfile_Convert_PerformanceCounterInstance_From_gRPC (MultiInstance,AverageBase,MultiInstance,AverageBase)" storage="d:\actions-runner\_work\xpco\xpco\allsolutions\..\datacollector\service\tst\videoos.datacollector.service.unittests\bin\x64\debug\net6.0-windows\videoos.datacollector.service.unittests.dll" id="0017be52-56a1-8b56-ce20-145bd192be58">
      <Execution id="062f042e-36ea-4169-839c-c90750408e5b" />
      <TestMethod codeBase="D:\actions-runner\_work\XPCO\XPCO\AllSolutions\..\DataCollector\Service\tst\VideoOS.DataCollector.Service.UnitTests\bin\x64\Debug\net6.0-windows\VideoOS.DataCollector.Service.UnitTests.dll" adapterTypeName="executor://mstestadapter/v2" className="VideoOS.DataCollector.Service.UnitTests.GrpcProfileTest" name="GrpcProfile_Convert_PerformanceCounterInstance_From_gRPC" />
    </UnitTest>
  </TestDefinitions>
  <TestEntries>
    <TestEntry testId="ac107c40-d737-c438-c91f-8a9ecddf284d" executionId="7548600c-f482-44f9-a2fd-34b2b88713f2" testListId="8c84fa94-04c1-424b-9868-57a2d4851a1d" />
    <TestEntry testId="716d3569-d8e2-ff47-5f79-a4178d08f047" executionId="a7d1754d-6366-4ba5-bb79-6b49cbffb349" testListId="8c84fa94-04c1-424b-9868-57a2d4851a1d" />
    <TestEntry testId="f291c842-367c-66f8-dda0-9dc008d4845e" executionId="e3a15c22-d249-4f05-8ef5-62ff51985055" testListId="8c84fa94-04c1-424b-9868-57a2d4851a1d" />
    <TestEntry testId="fc7aba06-4329-f5db-cf4d-3572793b91fc" executionId="078ecf3c-a0dc-474a-997e-9ee1868b4ff9" testListId="8c84fa94-04c1-424b-9868-57a2d4851a1d" />
    <TestEntry testId="826421f9-77a0-6af4-64d6-52f7257acc46" executionId="5414db47-ff25-4f40-9b2f-5f8978ea7864" testListId="8c84fa94-04c1-424b-9868-57a2d4851a1d" />
    <TestEntry testId="1ef0c0e0-93cb-6d9a-0a7b-f1f9583bdeb9" executionId="76a70c84-1b13-44e8-bd7c-7ac84bc95697" testListId="8c84fa94-04c1-424b-9868-57a2d4851a1d" />
    <TestEntry testId="9ce7eb0a-11b6-45d8-7a2a-50e279740d9b" executionId="d81ec939-48b5-45b6-8716-d83f08578702" testListId="8c84fa94-04c1-424b-9868-57a2d4851a1d" />
    <TestEntry testId="0b3a47c5-c230-e151-adb3-06e904a969de" executionId="b01f963c-fd67-4984-bd8b-2c89ad1e5832" testListId="8c84fa94-04c1-424b-9868-57a2d4851a1d" />
    <TestEntry testId="3c473b79-1a61-6cef-6e1f-ff2fa1a0a308" executionId="cce7331d-51a7-4de5-948e-558e27a25032" testListId="8c84fa94-04c1-424b-9868-57a2d4851a1d" />
    <TestEntry testId="7256b9ed-d5ee-95f1-9ae0-e8f11d01f0bb" executionId="0ab35b51-a815-4e5d-97d9-218463777e7c" testListId="8c84fa94-04c1-424b-9868-57a2d4851a1d" />
    <TestEntry testId="ba43e9e1-f0b1-2b34-0f2d-81d07c0d6c13" executionId="2f6c8001-b721-48c7-9f63-1dc01bb57783" testListId="8c84fa94-04c1-424b-9868-57a2d4851a1d" />
    <TestEntry testId="fef705aa-73a7-e95c-0646-605c43a421f7" executionId="75df8ebd-8dfb-4a0d-8665-b24504896f0d" testListId="8c84fa94-04c1-424b-9868-57a2d4851a1d" />
    <TestEntry testId="11e7135c-518a-689b-6047-4996efb0075a" executionId="72427fef-9d8f-4ccb-a904-5ff89bd06e17" testListId="8c84fa94-04c1-424b-9868-57a2d4851a1d" />
    <TestEntry testId="b135851c-c1dc-77ac-8ee4-ae4210b6a10c" executionId="47b26dca-6882-45b2-847d-47e85148c09a" testListId="8c84fa94-04c1-424b-9868-57a2d4851a1d" />
    <TestEntry testId="90ac76d0-7af8-653e-7d03-2732c3e58669" executionId="4cfc9156-72f6-4c6c-8461-f551e8ec262e" testListId="8c84fa94-04c1-424b-9868-57a2d4851a1d" />
    <TestEntry testId="a7de2a0d-2523-d1cd-7fe0-e876e234e036" executionId="a2cc3b38-4a7b-42f7-9658-93a52f4e4ab4" testListId="8c84fa94-04c1-424b-9868-57a2d4851a1d" />
    <TestEntry testId="2c68ffcd-c332-0532-0c3f-69b2a61d87b7" executionId="a2a442b0-d045-411a-a16c-46698649d8f0" testListId="8c84fa94-04c1-424b-9868-57a2d4851a1d" />
    <TestEntry testId="47f07f4b-fc02-a179-ef8a-743f6f61e033" executionId="56c84499-b115-462c-91f4-cbd0a2deedcd" testListId="8c84fa94-04c1-424b-9868-57a2d4851a1d" />
    <TestEntry testId="b0e5e10f-8b99-b2f0-f8b7-39bfa56cb2c1" executionId="b09a24f5-2cb7-4991-92dc-d6ec9e7b000c" testListId="8c84fa94-04c1-424b-9868-57a2d4851a1d" />
    <TestEntry testId="92e4a8b4-4407-9256-21ee-d34c98dc3e1b" executionId="03b68803-8495-42e0-b40e-f4ae44a7f4a1" testListId="8c84fa94-04c1-424b-9868-57a2d4851a1d" />
    <TestEntry testId="03dd7efd-6a8d-fccd-fe69-56297aaf3cd3" executionId="4c0eb929-acf8-40b4-adcd-4712c59fa658" testListId="8c84fa94-04c1-424b-9868-57a2d4851a1d" />
    <TestEntry testId="731785ed-5b2c-a7c9-8cae-e5b003aa087c" executionId="b57132aa-d579-4d06-9f6f-ff4a89d9c791" testListId="8c84fa94-04c1-424b-9868-57a2d4851a1d" />
    <TestEntry testId="f1d1146d-0d6b-b097-9ded-96c0207c10b5" executionId="2e59b324-3ace-4e92-9e49-102824c9bd0f" testListId="8c84fa94-04c1-424b-9868-57a2d4851a1d" />
    <TestEntry testId="9853ca32-211f-7c63-492c-0a03776b78c1" executionId="26d471f5-f778-4db9-8d58-93ac4983e09d" testListId="8c84fa94-04c1-424b-9868-57a2d4851a1d" />
    <TestEntry testId="77a07578-a278-65ad-efe3-30e2dfd969c7" executionId="5df68f38-54f6-47e3-9d5a-aa37f54ac66b" testListId="8c84fa94-04c1-424b-9868-57a2d4851a1d" />
    <TestEntry testId="065b48a8-47bf-d2ef-4110-2ed52c11b15d" executionId="aef29e36-7c64-4039-94f8-4ada995ebcc6" testListId="8c84fa94-04c1-424b-9868-57a2d4851a1d" />
    <TestEntry testId="a857a603-9302-837f-bb95-c91ca2a49564" executionId="23684a98-5627-4270-91fc-ad678e98aaeb" testListId="8c84fa94-04c1-424b-9868-57a2d4851a1d" />
    <TestEntry testId="68fe58b9-4922-f0f2-fb8f-8a6f41b8cd3d" executionId="aeb8b2ef-f0f1-4bbd-9199-baed60d165c7" testListId="8c84fa94-04c1-424b-9868-57a2d4851a1d" />
    <TestEntry testId="b23e2d56-c126-3692-dd2c-6ab6bc7ab0fb" executionId="65326d5e-19fa-4069-8b28-fab8f01775e6" testListId="8c84fa94-04c1-424b-9868-57a2d4851a1d" />
    <TestEntry testId="e910ca53-d0c6-a81a-6f2a-a52debaedf40" executionId="5c4a06fc-ef09-437d-993d-ab9263517d82" testListId="8c84fa94-04c1-424b-9868-57a2d4851a1d" />
    <TestEntry testId="169bad83-bbb3-aab8-4922-ee81eb4ce04b" executionId="64f8cdc4-947e-454c-b26d-728a9094947e" testListId="8c84fa94-04c1-424b-9868-57a2d4851a1d" />
    <TestEntry testId="b6776017-ee7f-de2a-2b2c-7e861a104fc9" executionId="3509c7fc-985a-465b-bd66-e7896393b3ec" testListId="8c84fa94-04c1-424b-9868-57a2d4851a1d" />
    <TestEntry testId="a51de491-dad6-59b2-6568-0a9902aba825" executionId="e4a1e84f-fea1-416b-b15c-3b22f7650778" testListId="8c84fa94-04c1-424b-9868-57a2d4851a1d" />
    <TestEntry testId="d6bdc7fd-af9c-53da-86a3-f932ce9b7c64" executionId="ef5ab583-664a-494e-9014-d7e99bfa9fa8" testListId="8c84fa94-04c1-424b-9868-57a2d4851a1d" />
    <TestEntry testId="46b2e83b-db07-7f29-7324-2744b6f093ee" executionId="294a5c00-be45-4cb2-aed9-35e84a0a3168" testListId="8c84fa94-04c1-424b-9868-57a2d4851a1d" />
    <TestEntry testId="a6b33815-ce76-4c57-3379-877a2c24faac" executionId="536b2d1d-b2d3-4b03-8110-12ba94462915" testListId="8c84fa94-04c1-424b-9868-57a2d4851a1d" />
    <TestEntry testId="608ef198-a4e8-9cde-63c1-104a7d89c11f" executionId="80819c2b-ac7b-4a58-8336-0e770147235e" testListId="8c84fa94-04c1-424b-9868-57a2d4851a1d" />
    <TestEntry testId="3866e40a-34af-c2d9-f395-5edf37fcb689" executionId="cccd4552-6bd8-4570-b6cf-b4ffb5abb7ee" testListId="8c84fa94-04c1-424b-9868-57a2d4851a1d" />
    <TestEntry testId="6498d425-9a73-cef4-376b-3982f8200673" executionId="0803b908-6e04-4d39-a395-62aa39a0a937" testListId="8c84fa94-04c1-424b-9868-57a2d4851a1d" />
    <TestEntry testId="ac433da5-095a-a970-f950-b93161e691e7" executionId="40a0a0ce-5641-4e4b-8734-9855aedc9709" testListId="8c84fa94-04c1-424b-9868-57a2d4851a1d" />
    <TestEntry testId="72cdffd8-350e-81bf-6816-2e8d98e04c4e" executionId="2e92f6ad-6d7a-4377-bbed-8218b2a57466" testListId="8c84fa94-04c1-424b-9868-57a2d4851a1d" />
    <TestEntry testId="7c3121e2-2b1a-e95b-e7f0-3a2ea5b47d13" executionId="5f5a20e1-8937-458a-a027-97116986ee0d" testListId="8c84fa94-04c1-424b-9868-57a2d4851a1d" />
    <TestEntry testId="501b3afd-891d-01d1-7a92-e41cec9b0325" executionId="8495e4e0-b192-4449-b7be-ab64e10e417b" testListId="8c84fa94-04c1-424b-9868-57a2d4851a1d" />
    <TestEntry testId="e77305d9-e2f9-73a0-94c7-e2dbee0f0dd9" executionId="1854d98c-a2bc-4c0f-b58e-0ec1ebc7ced5" testListId="8c84fa94-04c1-424b-9868-57a2d4851a1d" />
    <TestEntry testId="e9f1c1a8-4fbe-23d5-2cee-ebf385917927" executionId="5665bb9f-e8d8-4dab-a6d0-23187351528a" testListId="8c84fa94-04c1-424b-9868-57a2d4851a1d" />
    <TestEntry testId="db977ff5-3e02-23c6-904c-9a2d2e831d89" executionId="f22ed5ae-bcdb-411c-91f5-ccea68e5bf98" testListId="8c84fa94-04c1-424b-9868-57a2d4851a1d" />
    <TestEntry testId="034360b6-bdda-3bbe-7bbe-d9a1eb75e006" executionId="6360e5bc-7f7e-4e52-af04-e4c610461210" testListId="8c84fa94-04c1-424b-9868-57a2d4851a1d" />
    <TestEntry testId="aa5f118d-7a47-88ce-95f2-29165c045558" executionId="dea981ac-f45c-4164-9ccf-61c7d515158b" testListId="8c84fa94-04c1-424b-9868-57a2d4851a1d" />
    <TestEntry testId="a28972f1-4b0a-6439-572f-82325ae44184" executionId="fbea1d1f-ef11-441b-be26-85ca8b240ce5" testListId="8c84fa94-04c1-424b-9868-57a2d4851a1d" />
    <TestEntry testId="bb3f045e-d659-9ddf-2c1a-5dad5813144a" executionId="8f217a5b-b3fa-4313-81d5-6cb123d58d5c" testListId="8c84fa94-04c1-424b-9868-57a2d4851a1d" />
    <TestEntry testId="e30f4220-e45f-e69e-75dc-dcede3a92135" executionId="98128caa-1660-4728-b88a-490fc75c33c4" testListId="8c84fa94-04c1-424b-9868-57a2d4851a1d" />
    <TestEntry testId="88381ce7-97ca-c5ca-4f1b-504641de094f" executionId="913036de-0512-44db-9a32-2a7ab9fdb6ce" testListId="8c84fa94-04c1-424b-9868-57a2d4851a1d" />
    <TestEntry testId="d76f2722-611b-b8d4-64e0-afa31d61aa8d" executionId="529ab465-18ee-4430-ac4d-2a8d8fd1884d" testListId="8c84fa94-04c1-424b-9868-57a2d4851a1d" />
    <TestEntry testId="bc7a6746-09d5-a99f-a17e-c1262fb2d460" executionId="148fef3d-8478-4c87-b16c-82522cffd8f8" testListId="8c84fa94-04c1-424b-9868-57a2d4851a1d" />
    <TestEntry testId="fac856fb-4a32-4b8a-2e63-7ece65685584" executionId="1a26c6fb-144d-4b02-9862-7157b765c11a" testListId="8c84fa94-04c1-424b-9868-57a2d4851a1d" />
    <TestEntry testId="b67f4cb0-e1c6-6106-cf1a-6fe905edb531" executionId="c6898143-2469-4842-b745-61c2804a6d98" testListId="8c84fa94-04c1-424b-9868-57a2d4851a1d" />
    <TestEntry testId="6f0027e6-2d23-3860-4e66-6c04d1e16547" executionId="b6edd909-705a-4dce-8d1e-433ebcd41eeb" testListId="8c84fa94-04c1-424b-9868-57a2d4851a1d" />
    <TestEntry testId="96693d87-53dd-3cda-caaf-dfa14ec23550" executionId="c1398301-253f-4592-b529-a67dbb6ba64f" testListId="8c84fa94-04c1-424b-9868-57a2d4851a1d" />
    <TestEntry testId="b51dd777-21e7-f817-0775-fa8f5402ffc9" executionId="e583b7e8-a9c7-4065-9a0b-df6bd7868502" testListId="8c84fa94-04c1-424b-9868-57a2d4851a1d" />
    <TestEntry testId="2ffead77-bba4-f54f-701c-acded9db212b" executionId="de1aec0d-4e59-4dce-b783-800c2e1c6b06" testListId="8c84fa94-04c1-424b-9868-57a2d4851a1d" />
    <TestEntry testId="2a7f8231-b852-378b-7c94-8113173366a4" executionId="f8144299-8887-439b-8ff0-521561cb7790" testListId="8c84fa94-04c1-424b-9868-57a2d4851a1d" />
    <TestEntry testId="7c9912fc-fdd5-7b09-51bd-b1038fc64cc6" executionId="7a5c9053-e111-4393-a254-e59ba6ec5636" testListId="8c84fa94-04c1-424b-9868-57a2d4851a1d" />
    <TestEntry testId="68042b81-eebd-c698-482b-28179492c77c" executionId="4aa79273-99ca-4552-9ab1-5167cfee551b" testListId="8c84fa94-04c1-424b-9868-57a2d4851a1d" />
    <TestEntry testId="fb6c8f49-2b3c-65bb-8aa5-9f20202a8bad" executionId="42b94fea-f9ae-467c-8f7a-9d718df1179e" testListId="8c84fa94-04c1-424b-9868-57a2d4851a1d" />
    <TestEntry testId="d32807a0-18bf-e363-b8f7-08aa01fd4c90" executionId="a86b2ecc-8ab8-47f6-b4ad-fd244ddc2d4c" testListId="8c84fa94-04c1-424b-9868-57a2d4851a1d" />
    <TestEntry testId="6134293d-a644-1c40-8061-b278335b8825" executionId="ff324a06-3516-4c55-a970-97b7de7fa70b" testListId="8c84fa94-04c1-424b-9868-57a2d4851a1d" />
    <TestEntry testId="0e966d22-8737-f92f-feb5-a6ddc1e04600" executionId="0d6558d9-6ce0-4300-9fc4-c717450479ff" testListId="8c84fa94-04c1-424b-9868-57a2d4851a1d" />
    <TestEntry testId="9e369bf3-0ebf-a8e5-c342-744922210708" executionId="10e2f3bb-017b-407a-89d4-6336cc336330" testListId="8c84fa94-04c1-424b-9868-57a2d4851a1d" />
    <TestEntry testId="fa91fceb-6fe9-2942-fc60-f63934d304fe" executionId="aa6f35cf-4a43-4c09-98d5-1ffbcdac7559" testListId="8c84fa94-04c1-424b-9868-57a2d4851a1d" />
    <TestEntry testId="9a274afc-7c65-364f-b04d-27e30f5d25d5" executionId="3db90dc0-f227-4699-8d96-79990cad0770" testListId="8c84fa94-04c1-424b-9868-57a2d4851a1d" />
    <TestEntry testId="67bdc5fd-2370-0688-bc92-8ae9f6c3f27c" executionId="47f8dfd7-5680-4679-a249-44874f13ae22" testListId="8c84fa94-04c1-424b-9868-57a2d4851a1d" />
    <TestEntry testId="26d04dae-a714-31ae-f9e0-6f6175c8d7f6" executionId="6082bded-5daa-4916-a77b-a5694f53040a" testListId="8c84fa94-04c1-424b-9868-57a2d4851a1d" />
    <TestEntry testId="29e0c1b2-f542-e4f9-3424-949234e72d8f" executionId="56ec5959-5308-492d-aa61-da08f5f188ff" testListId="8c84fa94-04c1-424b-9868-57a2d4851a1d" />
    <TestEntry testId="2c1ddd0c-710c-87da-a950-4b1a1388e8cb" executionId="7ce21d47-5d41-4dd6-8046-41f98c3fc665" testListId="8c84fa94-04c1-424b-9868-57a2d4851a1d" />
    <TestEntry testId="0b688bcd-789b-9be8-d09e-499c961bd669" executionId="0e205176-1dc5-4614-8686-949d31e2af00" testListId="8c84fa94-04c1-424b-9868-57a2d4851a1d" />
    <TestEntry testId="1ef5af88-3ed0-721e-c173-130f958f2565" executionId="2e0e7805-958f-42ac-ae92-11f1fb4c3d2a" testListId="8c84fa94-04c1-424b-9868-57a2d4851a1d" />
    <TestEntry testId="5cfb632f-dd3c-81bd-0afd-f96e4c508aeb" executionId="93a1df01-d5b3-4ca7-827b-ae3d91131a02" testListId="8c84fa94-04c1-424b-9868-57a2d4851a1d" />
    <TestEntry testId="094c18ff-1ac5-67b6-340f-524f4ba187be" executionId="56765d75-57dd-42e3-a9d5-458def086791" testListId="8c84fa94-04c1-424b-9868-57a2d4851a1d" />
    <TestEntry testId="33516d0f-6a16-2f06-cb98-b58dee59bb79" executionId="475516cf-1b87-4bcf-a7dc-07529ff10cbe" testListId="8c84fa94-04c1-424b-9868-57a2d4851a1d" />
    <TestEntry testId="d2f14a59-e1ab-f2f6-0e94-ad118426c40f" executionId="ca95a691-17a8-4fa6-95c6-a84836a63725" testListId="8c84fa94-04c1-424b-9868-57a2d4851a1d" />
    <TestEntry testId="f5cd4d58-c831-279b-1a11-52e5bac602d4" executionId="b13eafee-e44d-48f0-8b9b-8fb5b909bbeb" testListId="8c84fa94-04c1-424b-9868-57a2d4851a1d" />
    <TestEntry testId="627bcb52-27e1-2fb6-1284-56d0b1585a31" executionId="dcc20dd4-66a7-4f5e-b33f-6d4cb95949ff" testListId="8c84fa94-04c1-424b-9868-57a2d4851a1d" />
    <TestEntry testId="0c0b0a59-8540-bbe5-4fa1-1cc8a6e44343" executionId="1d338eb4-ef89-4358-ad75-cefc7e942927" testListId="8c84fa94-04c1-424b-9868-57a2d4851a1d" />
    <TestEntry testId="d4b10c46-fe20-fe74-bfda-43b5533ad071" executionId="35e87649-d773-416e-8015-a06329ffa917" testListId="8c84fa94-04c1-424b-9868-57a2d4851a1d" />
    <TestEntry testId="ec5cec1c-1898-9c95-7c84-4b3816bfa27e" executionId="ea24f7be-ff5d-4a8e-89e2-41e6e28da687" testListId="8c84fa94-04c1-424b-9868-57a2d4851a1d" />
    <TestEntry testId="243223cf-7bda-05c7-8393-edd6d3749d8b" executionId="d951633a-2d9a-491d-8cb0-39a5a095723a" testListId="8c84fa94-04c1-424b-9868-57a2d4851a1d" />
    <TestEntry testId="5d3c4c8b-bf74-ec32-c105-ee7b4c2fd241" executionId="8e9d6c35-d76f-4aae-b74a-b253e751bdfa" testListId="8c84fa94-04c1-424b-9868-57a2d4851a1d" />
    <TestEntry testId="89b23d40-2950-788c-425e-fab1cb266534" executionId="048d2d18-6d3f-4b3f-9086-5bf7efbd3b6c" testListId="8c84fa94-04c1-424b-9868-57a2d4851a1d" />
    <TestEntry testId="a5089916-ea1c-a1cc-e0f5-18a97b5b7f65" executionId="03ac33d0-aa30-4b7d-b9e4-cae12566cb00" testListId="8c84fa94-04c1-424b-9868-57a2d4851a1d" />
    <TestEntry testId="713ab134-8d26-cddb-d52c-0b0b76b02879" executionId="05ec045b-3d8f-4f5c-9941-df24409d36de" testListId="8c84fa94-04c1-424b-9868-57a2d4851a1d" />
    <TestEntry testId="d65252de-461f-ccea-114c-fab4428a484c" executionId="0964e5e0-081b-4541-bfeb-b21acb6da700" testListId="8c84fa94-04c1-424b-9868-57a2d4851a1d" />
    <TestEntry testId="7ee27406-405d-c8a3-231c-fab6d5b4536c" executionId="5f303fb9-6143-4b61-a7be-7214112da79d" testListId="8c84fa94-04c1-424b-9868-57a2d4851a1d" />
    <TestEntry testId="a57992b3-5cc9-5e35-7dde-34b569e14944" executionId="44cd4663-f81f-43c4-a2eb-f36d9cfc2592" testListId="8c84fa94-04c1-424b-9868-57a2d4851a1d" />
    <TestEntry testId="98fb144f-7a48-d95e-40b9-6c64233aeaab" executionId="f3d4118e-ba29-4b50-8e45-9ac4b869ee74" testListId="8c84fa94-04c1-424b-9868-57a2d4851a1d" />
    <TestEntry testId="28c03826-2f46-5553-0508-f187ec3f1af4" executionId="c7bbd65e-6655-4092-9e39-66074672ea51" testListId="8c84fa94-04c1-424b-9868-57a2d4851a1d" />
    <TestEntry testId="6ecb0d04-d1be-f7cb-09d0-f6a55900664c" executionId="09e1393a-b750-4531-8dfa-13216e2a15ce" testListId="8c84fa94-04c1-424b-9868-57a2d4851a1d" />
    <TestEntry testId="530abe5c-8ca1-f9aa-5d21-f7d0527419a3" executionId="365eef04-17bd-4d73-84db-d9a07e30648e" testListId="8c84fa94-04c1-424b-9868-57a2d4851a1d" />
    <TestEntry testId="216c08b9-540d-cfa7-04d5-5c52024327c0" executionId="a7d84508-b4eb-4da8-abe3-dd9b3127da84" testListId="8c84fa94-04c1-424b-9868-57a2d4851a1d" />
    <TestEntry testId="9abe9465-9a0c-2d9d-3a71-5aa921199316" executionId="79a9b95b-8d65-4c09-aa8d-d5ab73561c51" testListId="8c84fa94-04c1-424b-9868-57a2d4851a1d" />
    <TestEntry testId="e9c6e33c-dfd4-9336-5d84-c530ec5b350f" executionId="682b9bfa-31de-46f6-ab48-2d39fc2717df" testListId="8c84fa94-04c1-424b-9868-57a2d4851a1d" />
    <TestEntry testId="005728c4-bc10-79df-b55c-99b6151cbd9e" executionId="e18deadd-ef10-4078-9fcf-6ae3dd83f145" testListId="8c84fa94-04c1-424b-9868-57a2d4851a1d" />
    <TestEntry testId="e7a4d939-f81e-6f35-0c21-bc749853a6b8" executionId="4e4510e0-d67f-4385-92d2-17a8f68599a3" testListId="8c84fa94-04c1-424b-9868-57a2d4851a1d" />
    <TestEntry testId="c6fe120c-51c6-bf34-a1b7-37c31ba60cf1" executionId="a891a893-2f4d-403e-8877-4bce20bf398b" testListId="8c84fa94-04c1-424b-9868-57a2d4851a1d" />
    <TestEntry testId="fc4210dc-0d14-3eb2-aacc-c45f3be1fd46" executionId="271dc2fd-3dd4-4725-83cb-0631e2618a75" testListId="8c84fa94-04c1-424b-9868-57a2d4851a1d" />
    <TestEntry testId="d1b20039-e742-b9e2-37ab-bfa68ceeeddc" executionId="2e978014-89e4-406f-9373-b63eeee7b8be" testListId="8c84fa94-04c1-424b-9868-57a2d4851a1d" />
    <TestEntry testId="101b0017-dbac-71c0-a499-501b3ab205ca" executionId="fb1c809f-4de6-4bea-b0c1-9280db2319fb" testListId="8c84fa94-04c1-424b-9868-57a2d4851a1d" />
    <TestEntry testId="608ef198-a4e8-9cde-63c1-104a7d89c11f" executionId="279acaa5-b5a6-4f9d-a5a4-8d95fab741e1" testListId="8c84fa94-04c1-424b-9868-57a2d4851a1d" />
    <TestEntry testId="83018669-cf8e-6505-a5b0-ce048f0661d3" executionId="db49a091-e81b-45cb-a084-affcc27c813c" testListId="8c84fa94-04c1-424b-9868-57a2d4851a1d" />
    <TestEntry testId="0b8feded-c246-76f4-68ea-4f5dab3f2b82" executionId="b4949d5f-a905-4b71-b179-22a71ee51caf" testListId="8c84fa94-04c1-424b-9868-57a2d4851a1d" />
    <TestEntry testId="5a46464e-46ec-969b-24cc-1aef54601a70" executionId="3d483d25-15c7-4c53-ab45-3e1a7eefe532" testListId="8c84fa94-04c1-424b-9868-57a2d4851a1d" />
    <TestEntry testId="adbbf067-4609-a724-a5fe-6721eeeb92c5" executionId="081be967-e84c-4622-bb5d-8cb4e1fd1e45" testListId="8c84fa94-04c1-424b-9868-57a2d4851a1d" />
    <TestEntry testId="c8a81d49-0e47-fee5-540e-990ef202841d" executionId="bab1b008-abd1-4bb1-b0dc-a3880ac382cb" testListId="8c84fa94-04c1-424b-9868-57a2d4851a1d" />
    <TestEntry testId="eb7bd831-bf51-33aa-e473-75606e6c465a" executionId="1f6ed006-523e-45ea-9923-530159890bee" testListId="8c84fa94-04c1-424b-9868-57a2d4851a1d" />
    <TestEntry testId="d842544e-3169-8c12-4974-128d81d2af83" executionId="da864b2f-6a77-4195-9243-0397d265f6df" testListId="8c84fa94-04c1-424b-9868-57a2d4851a1d" />
    <TestEntry testId="83ae8ff9-df64-1e74-e0e5-22e5fba42250" executionId="75313cc6-59f7-490d-a94a-f27f9317f23d" testListId="8c84fa94-04c1-424b-9868-57a2d4851a1d" />
    <TestEntry testId="2cd560f2-7ad0-9d2f-d1eb-e3b70c6c734b" executionId="7eedcded-87d1-44fb-ad94-e48249a06b76" testListId="8c84fa94-04c1-424b-9868-57a2d4851a1d" />
    <TestEntry testId="bbedbce9-5dd0-08e7-a46b-673c57e116d6" executionId="fc9b83d6-b70e-430e-bbb6-392e83fcbc61" testListId="8c84fa94-04c1-424b-9868-57a2d4851a1d" />
    <TestEntry testId="95ca7b42-b843-79cc-0f2b-b266961d0032" executionId="6d8f616e-96df-46d8-b968-1647a6bd60a5" testListId="8c84fa94-04c1-424b-9868-57a2d4851a1d" />
    <TestEntry testId="abd1cb55-7ad7-feb4-cfe9-8755b38b2485" executionId="311909ce-aec8-4a0d-91e7-1410e82888bb" testListId="8c84fa94-04c1-424b-9868-57a2d4851a1d" />
    <TestEntry testId="6f96581a-6755-5168-f6e8-0e64907cc686" executionId="3d4ce87f-cbd3-4752-b24c-ab4dbe747809" testListId="8c84fa94-04c1-424b-9868-57a2d4851a1d" />
    <TestEntry testId="5cce6c1f-804c-513e-1945-36f93077127e" executionId="703d808e-1248-4111-943c-584f5275ec60" testListId="8c84fa94-04c1-424b-9868-57a2d4851a1d" />
    <TestEntry testId="33fc4d81-96b5-575d-01c5-f60df85d36ef" executionId="8550e5d8-a4c6-441a-ae53-6b6c53b5c908" testListId="8c84fa94-04c1-424b-9868-57a2d4851a1d" />
    <TestEntry testId="04e89063-f821-aa32-1f10-99b39e4f1811" executionId="47dafb17-c8f3-4c76-a2ba-9e084610476a" testListId="8c84fa94-04c1-424b-9868-57a2d4851a1d" />
    <TestEntry testId="20fe98db-931a-392f-1388-fa34ad83cdfa" executionId="314139a8-8c51-4c73-a86c-7dbbd462f17a" testListId="8c84fa94-04c1-424b-9868-57a2d4851a1d" />
    <TestEntry testId="6aeca2c8-2544-3c53-5b0c-4db1f662c019" executionId="426a1633-4415-4023-84b3-bd07896cebab" testListId="8c84fa94-04c1-424b-9868-57a2d4851a1d" />
    <TestEntry testId="e8dbb5c8-ec83-0582-9836-6dd44f42a092" executionId="c8165c35-ebe1-4fcc-8e33-65a64134f546" testListId="8c84fa94-04c1-424b-9868-57a2d4851a1d" />
    <TestEntry testId="b3db06fc-eb7e-129b-29be-9c9d2953ed92" executionId="74b53968-4eb3-4fad-8a67-9a4dbc133f9e" testListId="8c84fa94-04c1-424b-9868-57a2d4851a1d" />
    <TestEntry testId="b89dd2a0-4141-aa7b-78a5-fd5d2111e618" executionId="9ea17841-45c3-458a-846f-6bb56ae40166" testListId="8c84fa94-04c1-424b-9868-57a2d4851a1d" />
    <TestEntry testId="fbd90d79-e7e3-2c17-6088-aaba47d242f4" executionId="db44f35b-3c1c-4d8c-8d54-4905afbb90b6" testListId="8c84fa94-04c1-424b-9868-57a2d4851a1d" />
    <TestEntry testId="90d136bd-94da-4720-c401-2928339a2ab8" executionId="688b23f5-ce9b-493f-896a-419ba7b94cda" testListId="8c84fa94-04c1-424b-9868-57a2d4851a1d" />
    <TestEntry testId="8533cf37-61f4-a6cf-6820-29a7099606ed" executionId="182b8578-7166-4dd0-90a9-1c4a705d5ce3" testListId="8c84fa94-04c1-424b-9868-57a2d4851a1d" />
    <TestEntry testId="9a52eb59-e1f6-e29d-72d2-86d2fa30d5a0" executionId="b6712042-fd50-49d4-9e1e-f7b099b7bed5" testListId="8c84fa94-04c1-424b-9868-57a2d4851a1d" />
    <TestEntry testId="5035bb32-ab88-c36c-923b-1c20638f02a8" executionId="88024766-22ee-456d-ad36-b557416ec4a8" testListId="8c84fa94-04c1-424b-9868-57a2d4851a1d" />
    <TestEntry testId="43924248-cdc3-293e-2c0a-01e517c1e1df" executionId="51b21eb2-c10a-467d-8a33-2854c4c4df56" testListId="8c84fa94-04c1-424b-9868-57a2d4851a1d" />
    <TestEntry testId="a51a4a3e-9c15-62b1-fbed-5455214c6973" executionId="e0a396fa-9ba9-443a-b6af-143dedc429be" testListId="8c84fa94-04c1-424b-9868-57a2d4851a1d" />
    <TestEntry testId="e7ecc2f4-39bb-65d6-dd99-d9bacd8c56c8" executionId="fe34117f-826c-44f1-a104-a745ed09234e" testListId="8c84fa94-04c1-424b-9868-57a2d4851a1d" />
    <TestEntry testId="fe840311-4620-81da-dba3-c22da923e626" executionId="dc11a6a5-bbe9-4759-84d6-b86238869d93" testListId="8c84fa94-04c1-424b-9868-57a2d4851a1d" />
    <TestEntry testId="75b56f6b-b903-22eb-7772-8d0dd2872307" executionId="8e249efe-b2e4-4522-a795-71dad6152487" testListId="8c84fa94-04c1-424b-9868-57a2d4851a1d" />
    <TestEntry testId="7af7ae3d-8ea3-9e6d-e5e1-9fc1f88b9321" executionId="9eefc45f-27ac-43be-af3a-acaa4e31a8d9" testListId="8c84fa94-04c1-424b-9868-57a2d4851a1d" />
    <TestEntry testId="9b7743cf-2b00-89ca-a067-70a9d6962fdc" executionId="c2092000-c3b6-439e-bf20-4252f46da937" testListId="8c84fa94-04c1-424b-9868-57a2d4851a1d" />
    <TestEntry testId="04005b86-67cb-a2ea-7c12-b7e89cbca0ec" executionId="fc4551c9-10ed-4149-b449-4f73de21f9cb" testListId="8c84fa94-04c1-424b-9868-57a2d4851a1d" />
    <TestEntry testId="0fa3ca38-66d0-0ed4-b140-9ddada881215" executionId="53e083f0-feea-4288-823b-20f8c63530dd" testListId="8c84fa94-04c1-424b-9868-57a2d4851a1d" />
    <TestEntry testId="8cce852d-0d92-6d71-764a-9bfac16bc444" executionId="6fb806c2-ffd4-49bb-b05d-5941df5175e0" testListId="8c84fa94-04c1-424b-9868-57a2d4851a1d" />
    <TestEntry testId="0ebcaaf8-1ecc-82fb-084c-9c5e38464020" executionId="79e00b69-7a05-4b8e-a406-f7a823949c9f" testListId="8c84fa94-04c1-424b-9868-57a2d4851a1d" />
    <TestEntry testId="732aa43e-92a1-b4ea-e290-87b02f0731ac" executionId="121f0f8f-9b78-443a-8ab9-016f2a112555" testListId="8c84fa94-04c1-424b-9868-57a2d4851a1d" />
    <TestEntry testId="e9700ad9-7af0-3697-bc96-7c0d122732ad" executionId="811a7662-e503-4152-a734-906db7c68493" testListId="8c84fa94-04c1-424b-9868-57a2d4851a1d" />
    <TestEntry testId="3f231051-a1c3-3331-4693-8db550aaf016" executionId="d54bb71b-a1b1-41bc-9f38-ba992dcff9c7" testListId="8c84fa94-04c1-424b-9868-57a2d4851a1d" />
    <TestEntry testId="a47c31dc-dca9-0943-38c8-8ccb65466c1b" executionId="44ee0773-c08f-4b8b-b1db-4c72fb072b86" testListId="8c84fa94-04c1-424b-9868-57a2d4851a1d" />
    <TestEntry testId="0725daa6-99c5-4ffd-07e4-58c74de6fe70" executionId="864a73f3-c262-47b7-b502-ea36c7390c44" testListId="8c84fa94-04c1-424b-9868-57a2d4851a1d" />
    <TestEntry testId="75080332-4faf-328b-7ac4-3f9ef9f1f1bb" executionId="99d19f96-d62a-42a8-a47d-494d0c13508a" testListId="8c84fa94-04c1-424b-9868-57a2d4851a1d" />
    <TestEntry testId="d434df6e-a443-6f8b-1217-8a5fc63ce995" executionId="d69cb069-b7ac-4448-8c12-24ceb9e613f3" testListId="8c84fa94-04c1-424b-9868-57a2d4851a1d" />
    <TestEntry testId="0017be52-56a1-8b56-ce20-145bd192be58" executionId="062f042e-36ea-4169-839c-c90750408e5b" testListId="8c84fa94-04c1-424b-9868-57a2d4851a1d" />
    <TestEntry testId="b4cbca01-8390-753a-dcf2-d3537691f0ab" executionId="efb9fa60-a31b-4aad-b95e-bd589b461948" testListId="8c84fa94-04c1-424b-9868-57a2d4851a1d" />
    <TestEntry testId="ed74c0e0-a775-e27a-72b9-b300cf255cd4" executionId="980af3d9-c52f-4a17-8003-2f506f5f5abe" testListId="8c84fa94-04c1-424b-9868-57a2d4851a1d" />
    <TestEntry testId="94bbb11f-8d40-b4d0-5fea-80b8f1699e0b" executionId="9780dab4-a35b-4308-bb9a-e2c60a3ae931" testListId="8c84fa94-04c1-424b-9868-57a2d4851a1d" />
    <TestEntry testId="bf57e603-55e8-e756-40bc-e3eb90de23d8" executionId="b5b25ee4-336d-4b2f-8143-39f355230454" testListId="8c84fa94-04c1-424b-9868-57a2d4851a1d" />
    <TestEntry testId="26333346-7562-dbdc-08ec-7308b35cf634" executionId="65bd6c39-314a-416d-baa7-10b36145c636" testListId="8c84fa94-04c1-424b-9868-57a2d4851a1d" />
    <TestEntry testId="1a5ff673-b7ec-7d38-edfe-db793990661a" executionId="0ae53cf9-ea55-4420-805d-c43d0b92f4c2" testListId="8c84fa94-04c1-424b-9868-57a2d4851a1d" />
    <TestEntry testId="b40bc42d-4e6b-a1b8-a3bb-4112f820cfe4" executionId="0342683d-f90a-4709-84c1-030c4f7fe72f" testListId="8c84fa94-04c1-424b-9868-57a2d4851a1d" />
    <TestEntry testId="832c526e-db28-7b55-84fe-577898576c0c" executionId="8b006700-daef-4a5e-8759-7fc307e6867f" testListId="8c84fa94-04c1-424b-9868-57a2d4851a1d" />
    <TestEntry testId="ce9a9f47-c429-8d93-1bd7-a7933f28abf8" executionId="45ef4949-76dc-4fc1-957f-d74255df0f50" testListId="8c84fa94-04c1-424b-9868-57a2d4851a1d" />
    <TestEntry testId="1583c8eb-73e2-d07a-761f-f6c0601e28ab" executionId="780eb38d-de69-4e94-a387-e56139fcce01" testListId="8c84fa94-04c1-424b-9868-57a2d4851a1d" />
    <TestEntry testId="38077ebb-5bbe-a70a-350a-bf4bc1126fa7" executionId="fad8fce8-d820-4af1-94b6-2c5ea12c3524" testListId="8c84fa94-04c1-424b-9868-57a2d4851a1d" />
    <TestEntry testId="9c1e900c-25e6-4703-997c-886376712446" executionId="e3061a25-e917-44de-9a57-fa0dbd82b71e" testListId="8c84fa94-04c1-424b-9868-57a2d4851a1d" />
    <TestEntry testId="3d9e7fab-940e-8196-2e86-cc03ed4c8b8a" executionId="fd2f6b9f-3e3b-4ddd-bda1-d5a17472d865" testListId="8c84fa94-04c1-424b-9868-57a2d4851a1d" />
    <TestEntry testId="15cee32b-ba55-cb10-9019-6821bdcf228e" executionId="a00bf581-1379-4e04-bc01-aa9ce70a15f2" testListId="8c84fa94-04c1-424b-9868-57a2d4851a1d" />
    <TestEntry testId="3430972d-2ccb-fa89-c958-6a8b719f7964" executionId="3b886d99-3d90-4edf-88b7-3c485284f974" testListId="8c84fa94-04c1-424b-9868-57a2d4851a1d" />
    <TestEntry testId="aa615615-baae-2181-938d-6cfaea450551" executionId="ced34124-c200-4c56-b81d-055156cd1e16" testListId="8c84fa94-04c1-424b-9868-57a2d4851a1d" />
    <TestEntry testId="5e4e0a0d-9a3d-3df8-e034-1788e31cc6b4" executionId="9e719f9a-e3cf-4ea6-895e-09d1c00dff9b" testListId="8c84fa94-04c1-424b-9868-57a2d4851a1d" />
    <TestEntry testId="9eb32da8-ed65-a360-d3a8-616c63cd4fcb" executionId="813c344d-5aa6-43e7-8f1e-da1686230c7b" testListId="8c84fa94-04c1-424b-9868-57a2d4851a1d" />
    <TestEntry testId="6fbec623-eedb-bd8e-f88d-7106c9859ae0" executionId="3cf08471-9120-4f45-a89c-4a0f59df9130" testListId="8c84fa94-04c1-424b-9868-57a2d4851a1d" />
    <TestEntry testId="f298f661-e060-0a59-8b59-305423b217de" executionId="20aef23b-58e4-4128-ae34-b1baad3be9b7" testListId="8c84fa94-04c1-424b-9868-57a2d4851a1d" />
    <TestEntry testId="cec93275-5d0a-03f5-b1af-1e4aaef84815" executionId="efe8c9be-4f6e-461f-8f16-73b5bcd60258" testListId="8c84fa94-04c1-424b-9868-57a2d4851a1d" />
    <TestEntry testId="524e50d0-a87a-8656-2d19-c93a8d32df4c" executionId="7964f78b-2f09-4f77-a26b-f72b743629b4" testListId="8c84fa94-04c1-424b-9868-57a2d4851a1d" />
    <TestEntry testId="7a738e8f-950d-d3dd-09c6-651378118716" executionId="ce5fc093-d2e1-44c1-abd4-ea8573f5d779" testListId="8c84fa94-04c1-424b-9868-57a2d4851a1d" />
    <TestEntry testId="ddd86afe-4241-47f8-f6de-b5a8b2e36923" executionId="8996d8c5-bf2b-4ba8-97e9-1ba3dac615af" testListId="8c84fa94-04c1-424b-9868-57a2d4851a1d" />
    <TestEntry testId="8f7f9e85-9a0f-355c-0a0e-c63243222b0d" executionId="7ddc36d3-7ad0-49e2-99fa-d103aca83f83" testListId="8c84fa94-04c1-424b-9868-57a2d4851a1d" />
    <TestEntry testId="949293aa-b26b-f789-9746-e472f9b8ef73" executionId="b100c7f7-b23b-4ddf-a28c-8562faf5aaca" testListId="8c84fa94-04c1-424b-9868-57a2d4851a1d" />
    <TestEntry testId="dba1c31d-0f70-1809-4c44-2a947f3446d2" executionId="fc77dee6-666c-4100-bb0e-c30d1acbbe8e" testListId="8c84fa94-04c1-424b-9868-57a2d4851a1d" />
    <TestEntry testId="28deb3e6-17b2-28bc-99fe-da9265970ea9" executionId="23a63637-1093-452d-b8f0-5c4dab45cea3" testListId="8c84fa94-04c1-424b-9868-57a2d4851a1d" />
    <TestEntry testId="53cfd286-9032-72c2-bb7e-e6750fb64db7" executionId="4564438a-035b-4be7-96fe-66babb35608a" testListId="8c84fa94-04c1-424b-9868-57a2d4851a1d" />
    <TestEntry testId="1baa3ee0-f2f9-7621-9aa5-b96f8236ee38" executionId="779e15a4-3824-4ff0-bf19-56baaaeee56c" testListId="8c84fa94-04c1-424b-9868-57a2d4851a1d" />
    <TestEntry testId="b9f49d19-1600-a6bf-9d21-49324d56bd24" executionId="21735d72-de6f-4731-8ec0-ae17bb743161" testListId="8c84fa94-04c1-424b-9868-57a2d4851a1d" />
    <TestEntry testId="b9f8de0e-4563-dedd-8645-d901b29ea59a" executionId="376ebeaf-a45e-4471-aa46-037ba57434e3" testListId="8c84fa94-04c1-424b-9868-57a2d4851a1d" />
    <TestEntry testId="c8ff54a3-dba1-bb46-b9e3-ba2ac89904ae" executionId="aa4d77bf-28c1-4f67-b91b-751e5f145616" testListId="8c84fa94-04c1-424b-9868-57a2d4851a1d" />
    <TestEntry testId="f747e9de-e9b4-46cb-d62b-ea97409c92c1" executionId="ad4e887b-5cd9-4f6d-ad32-6fd4501650b0" testListId="8c84fa94-04c1-424b-9868-57a2d4851a1d" />
    <TestEntry testId="608ef198-a4e8-9cde-63c1-104a7d89c11f" executionId="813d64b7-736b-4c17-a916-325116fb98ae" testListId="8c84fa94-04c1-424b-9868-57a2d4851a1d" />
    <TestEntry testId="669bd9f8-af86-b8da-6904-897f7ebef7ff" executionId="b0963563-5577-40c5-a402-2f3c8a4c2403" testListId="8c84fa94-04c1-424b-9868-57a2d4851a1d" />
    <TestEntry testId="c0acc7aa-513d-6c93-05d1-3ade693089df" executionId="8e7d880c-48a3-4e4c-8769-3591a0424cf2" testListId="8c84fa94-04c1-424b-9868-57a2d4851a1d" />
    <TestEntry testId="ecabdb3d-dab6-46d9-db55-64328c5bf997" executionId="8ef133b8-b6bc-4b8a-adf8-f4000b545e79" testListId="8c84fa94-04c1-424b-9868-57a2d4851a1d" />
    <TestEntry testId="94d06844-b049-7846-50ac-b34c96788502" executionId="32466fe5-fdcd-4126-b3cb-06166650228e" testListId="8c84fa94-04c1-424b-9868-57a2d4851a1d" />
    <TestEntry testId="881259e2-56aa-fe95-61a6-2f805bedebdd" executionId="7ce6cd0b-4567-4b34-939b-4b240c68a6ff" testListId="8c84fa94-04c1-424b-9868-57a2d4851a1d" />
    <TestEntry testId="6cf4131d-f13a-273b-8229-151f1ff5afdc" executionId="b8e1c668-8750-49ed-99af-e5b27f6e9c76" testListId="8c84fa94-04c1-424b-9868-57a2d4851a1d" />
    <TestEntry testId="e860ee21-2db1-ad1a-8860-b66822c2d45f" executionId="620b31e7-2be4-4a24-8af4-7ceaaa8df08a" testListId="8c84fa94-04c1-424b-9868-57a2d4851a1d" />
    <TestEntry testId="7ae6ba2f-744b-1714-53a8-c4e3453cf0bf" executionId="82534499-20f5-4d96-adc5-01d6fa2931e2" testListId="8c84fa94-04c1-424b-9868-57a2d4851a1d" />
    <TestEntry testId="e8b525c8-5118-5f4f-2580-60cdf5d84082" executionId="4290739e-8991-4314-a2f2-7d84ead0a348" testListId="8c84fa94-04c1-424b-9868-57a2d4851a1d" />
    <TestEntry testId="732ca944-6770-7425-26bb-fb56ee5758fd" executionId="778a55d0-7922-4b4c-a9f1-9ce2826a825d" testListId="8c84fa94-04c1-424b-9868-57a2d4851a1d" />
    <TestEntry testId="4ab2c5db-58d6-6509-40fe-e653a96833a2" executionId="761c812c-ff1a-48e7-8f42-9c4563a216a3" testListId="8c84fa94-04c1-424b-9868-57a2d4851a1d" />
    <TestEntry testId="78d85bdf-b612-2360-80c6-bbd244944f25" executionId="46dd192e-ccac-4061-8d08-8e183074106c" testListId="8c84fa94-04c1-424b-9868-57a2d4851a1d" />
    <TestEntry testId="3cbb434d-f830-86e9-5c97-f98a80abec21" executionId="a5ff058c-0013-45f4-b176-ee5b2dea7838" testListId="8c84fa94-04c1-424b-9868-57a2d4851a1d" />
    <TestEntry testId="f7643ed5-c2fc-d1be-8f2a-4e90622e37bc" executionId="e25ba52b-d985-4369-902f-7333e9efff18" testListId="8c84fa94-04c1-424b-9868-57a2d4851a1d" />
    <TestEntry testId="0119d307-dfc2-a149-0d00-d35dfc0aa40a" executionId="1551fd45-bfc4-4ea2-8173-f652b10fb5ef" testListId="8c84fa94-04c1-424b-9868-57a2d4851a1d" />
    <TestEntry testId="df63696c-07a8-76cf-bf8e-7ec28d95d8b1" executionId="af7f8f04-29e6-4de9-8d13-4406f5757aef" testListId="8c84fa94-04c1-424b-9868-57a2d4851a1d" />
    <TestEntry testId="232e8a33-bf5e-a606-399f-6ccfaaa7dcf0" executionId="ab0aa802-ee75-40d6-8b55-a461e0596e09" testListId="8c84fa94-04c1-424b-9868-57a2d4851a1d" />
    <TestEntry testId="a2449c12-e386-f3a3-a452-f81d993bd86e" executionId="accbf8fa-5865-4864-ab98-f7c7719ceeb3" testListId="8c84fa94-04c1-424b-9868-57a2d4851a1d" />
    <TestEntry testId="25b4b441-49a1-87d4-aa7c-d3ad22f934c8" executionId="4baa301e-c87d-41b0-aca5-94f0f5cf4c6f" testListId="8c84fa94-04c1-424b-9868-57a2d4851a1d" />
    <TestEntry testId="2e7604d7-62cc-df5e-50cf-cf351462e8c4" executionId="2f43edc0-e673-467b-99c1-040827f4caa8" testListId="8c84fa94-04c1-424b-9868-57a2d4851a1d" />
    <TestEntry testId="6f6d519d-c5e7-2c3d-fe6f-d662cea3a025" executionId="f2192f52-6999-405c-aaaf-1de64fcc70cc" testListId="8c84fa94-04c1-424b-9868-57a2d4851a1d" />
    <TestEntry testId="32d0e77b-0d5c-4606-0869-c0adbfe2c7b6" executionId="f4ddb8c9-4228-4e25-8554-53ee77577b17" testListId="8c84fa94-04c1-424b-9868-57a2d4851a1d" />
    <TestEntry testId="38b149f2-e5d0-a26f-92d6-d46d6a300338" executionId="80b745bc-e912-4367-98dc-eaa5f20b6991" testListId="8c84fa94-04c1-424b-9868-57a2d4851a1d" />
    <TestEntry testId="78193bb3-8e76-5c86-eed4-a23b0ff31ee6" executionId="00054719-ffc5-4084-adef-f8c24d678133" testListId="8c84fa94-04c1-424b-9868-57a2d4851a1d" />
    <TestEntry testId="c2184a80-4d13-1e08-93a2-618502ea5b34" executionId="9f029463-6027-4d5e-8d31-65b756d913d2" testListId="8c84fa94-04c1-424b-9868-57a2d4851a1d" />
    <TestEntry testId="5df4b12d-f022-4961-30d9-0199beb4217c" executionId="6a08ebc3-6b4e-494c-8f2a-03a05185cb98" testListId="8c84fa94-04c1-424b-9868-57a2d4851a1d" />
    <TestEntry testId="9d2e51b3-75cb-6c5c-0501-910cfb6d7262" executionId="dedba0bb-8591-45ce-8c66-0f78ea340a2a" testListId="8c84fa94-04c1-424b-9868-57a2d4851a1d" />
    <TestEntry testId="391596d7-5b23-4d23-fce3-90f900c49b88" executionId="b7ec8560-2890-4626-8494-02e3b0f2b199" testListId="8c84fa94-04c1-424b-9868-57a2d4851a1d" />
    <TestEntry testId="4738bb32-844f-4454-c7cb-ee8d1c6b10f3" executionId="e89a4fb7-ac57-4c90-aa5b-89c7a32cdc84" testListId="8c84fa94-04c1-424b-9868-57a2d4851a1d" />
    <TestEntry testId="5809417f-233f-4242-83fd-87594216a098" executionId="1e543eca-bfdb-433f-a87d-f956ba6e92d8" testListId="8c84fa94-04c1-424b-9868-57a2d4851a1d" />
    <TestEntry testId="35588009-bb0a-9925-bda3-f1033250c8ff" executionId="02f0e234-5a13-40b1-b3f5-b93faffea536" testListId="8c84fa94-04c1-424b-9868-57a2d4851a1d" />
    <TestEntry testId="d914718c-5efe-e6f3-85f4-5043ddf4ace6" executionId="32375a1c-5abe-4c61-b4d9-e2fdeda9d665" testListId="8c84fa94-04c1-424b-9868-57a2d4851a1d" />
    <TestEntry testId="545089e9-611e-8f0a-46f2-051fe22c76dc" executionId="7f40938d-c3a6-460c-bd01-c57f3a5e2411" testListId="8c84fa94-04c1-424b-9868-57a2d4851a1d" />
    <TestEntry testId="ce4ab2cd-c8ee-9d8e-1921-426c20b8cc0a" executionId="2e94da4b-22bd-4116-84ce-6ade054c3fa4" testListId="8c84fa94-04c1-424b-9868-57a2d4851a1d" />
    <TestEntry testId="991ec10e-e643-56e0-d2c7-0c5a98ac270f" executionId="2efe9685-4726-4f7c-8d30-61259ddd45ae" testListId="8c84fa94-04c1-424b-9868-57a2d4851a1d" />
    <TestEntry testId="9e89f5d6-b9ce-a69d-1ea2-fef4ecad3d50" executionId="280481f0-832d-42e6-9217-4d485c8b6750" testListId="8c84fa94-04c1-424b-9868-57a2d4851a1d" />
    <TestEntry testId="f7c66c60-f0cc-bd34-7758-e0eb6399815e" executionId="6addda51-95fd-4d81-b7f7-617549dddd0d" testListId="8c84fa94-04c1-424b-9868-57a2d4851a1d" />
    <TestEntry testId="774dd580-65f4-172b-5a58-0402f9c52900" executionId="adac1fd2-44fc-4fc1-9887-7d44d9c30080" testListId="8c84fa94-04c1-424b-9868-57a2d4851a1d" />
    <TestEntry testId="0232cfa4-fcf0-3b45-cd7e-a41912f405ad" executionId="96b38144-9571-4f91-b5ad-a37e2627f6ec" testListId="8c84fa94-04c1-424b-9868-57a2d4851a1d" />
    <TestEntry testId="78c1a5d4-34a7-7f1e-5ca4-b693e25e35eb" executionId="20c370ee-54e0-43cd-b737-69f3532e1e2c" testListId="8c84fa94-04c1-424b-9868-57a2d4851a1d" />
    <TestEntry testId="4870a9ae-754e-8724-e18c-045e6c8c9978" executionId="4022596c-b775-4c6c-9552-b4667b6369d8" testListId="8c84fa94-04c1-424b-9868-57a2d4851a1d" />
    <TestEntry testId="658d5787-c2e2-161d-f0ac-428f1759143b" executionId="6c866a0a-dd0a-452b-a26d-c59d605fba42" testListId="8c84fa94-04c1-424b-9868-57a2d4851a1d" />
    <TestEntry testId="b0da9145-986a-e07f-ba09-2d562875a4aa" executionId="94d8e29f-322e-4425-80b3-301573ceb551" testListId="8c84fa94-04c1-424b-9868-57a2d4851a1d" />
    <TestEntry testId="c7bc1efb-dfff-993b-d2ab-e36a12c4630d" executionId="6009b2a7-963c-42c1-b054-661f64172ca3" testListId="8c84fa94-04c1-424b-9868-57a2d4851a1d" />
    <TestEntry testId="7398cc64-b8e0-891f-68a4-ca7ab8f99c42" executionId="abc5046e-f0fd-48c1-8962-3681261fb6f6" testListId="8c84fa94-04c1-424b-9868-57a2d4851a1d" />
    <TestEntry testId="b004132d-32f9-1a53-2662-cbd877b58f83" executionId="03835cf4-9f24-4af2-ab92-c01041c43f2a" testListId="8c84fa94-04c1-424b-9868-57a2d4851a1d" />
    <TestEntry testId="381bcfac-e531-b91d-f89c-8e0492b8e56f" executionId="6825891f-2b52-4957-bfb2-bc6b2cb1799f" testListId="8c84fa94-04c1-424b-9868-57a2d4851a1d" />
  </TestEntries>
  <TestLists>
    <TestList name="Results Not in a List" id="8c84fa94-04c1-424b-9868-57a2d4851a1d" />
    <TestList name="All Loaded Results" id="19431567-8539-422a-85d7-44ee4e166bda" />
  </TestLists>
  <ResultSummary outcome="Completed">
    <Counters total="234" executed="234" passed="234" failed="0" error="0" timeout="0" aborted="0" inconclusive="0" passedButRunAborted="0" notRunnable="0" notExecuted="0" disconnected="0" warning="0" completed="0" inProgress="0" pending="0" />
  </ResultSummary>
</TestRun>