<?xml version="1.0" encoding="utf-8"?>
<TestRun id="cc548616-4ee0-4b0a-925a-d68216736ed5" name="DKSR-EFI-06$@DKSR-EFI-06 2024-01-09 15:41:07" runUser="NT AUTHORITY\NETWORK SERVICE" xmlns="http://microsoft.com/schemas/VisualStudio/TeamTest/2010">
  <Times creation="2024-01-09T15:41:07.3412704+01:00" queuing="2024-01-09T15:41:07.3412704+01:00" start="2024-01-09T15:41:04.9193882+01:00" finish="2024-01-09T15:41:07.9193979+01:00" />
  <TestSettings name="default" id="674c22f4-42c8-480a-8ae4-f11d484e9d7d">
    <Deployment runDeploymentRoot="DKSR-EFI-06$_DKSR-EFI-06_2024-01-09_15_41_07" />
  </TestSettings>
  <Results>
    <UnitTestResult executionId="769e542a-d4d5-4c01-b6c9-509cc9c79cf5" testId="0eb26f68-74bb-29d5-7d08-2de54c671d9a" testName="MergeViewsTestSimple" computerName="DKSR-EFI-06" duration="00:00:00.0064899" startTime="2024-01-09T15:41:07.5964592+01:00" endTime="2024-01-09T15:41:07.6032891+01:00" testType="13cdc9d9-ddb5-4fa4-a97d-d965ccfc6d4b" outcome="Passed" testListId="8c84fa94-04c1-424b-9868-57a2d4851a1d" relativeResultsDirectory="769e542a-d4d5-4c01-b6c9-509cc9c79cf5" />
    <UnitTestResult executionId="96e51766-d930-4bd7-8a6d-446a01ea5f00" testId="8bf99f23-19c7-fd04-b2e4-c5011f2571b8" testName="XmlDefinitionTestChangeId" computerName="DKSR-EFI-06" duration="00:00:00.0036749" startTime="2024-01-09T15:41:07.5731878+01:00" endTime="2024-01-09T15:41:07.5770158+01:00" testType="13cdc9d9-ddb5-4fa4-a97d-d965ccfc6d4b" outcome="Passed" testListId="8c84fa94-04c1-424b-9868-57a2d4851a1d" relativeResultsDirectory="96e51766-d930-4bd7-8a6d-446a01ea5f00" />
    <UnitTestResult executionId="cd748d2a-40cd-4cc8-a16b-a77663ae72b8" testId="de88dd35-2bb3-134a-91c5-582a2de3180e" testName="HasSameLayoutTestDifferentLayout" computerName="DKSR-EFI-06" duration="00:00:00.0008794" startTime="2024-01-09T15:41:07.5875186+01:00" endTime="2024-01-09T15:41:07.5885552+01:00" testType="13cdc9d9-ddb5-4fa4-a97d-d965ccfc6d4b" outcome="Passed" testListId="8c84fa94-04c1-424b-9868-57a2d4851a1d" relativeResultsDirectory="cd748d2a-40cd-4cc8-a16b-a77663ae72b8" />
    <UnitTestResult executionId="1860c6b0-eae1-45c6-bf97-5f24d8f27968" testId="8599377f-271d-d979-321b-9c23e61d44ef" testName="XmlDefinitionTestSameXmlDef" computerName="DKSR-EFI-06" duration="00:00:00.0017972" startTime="2024-01-09T15:41:07.5901682+01:00" endTime="2024-01-09T15:41:07.5922097+01:00" testType="13cdc9d9-ddb5-4fa4-a97d-d965ccfc6d4b" outcome="Passed" testListId="8c84fa94-04c1-424b-9868-57a2d4851a1d" relativeResultsDirectory="1860c6b0-eae1-45c6-bf97-5f24d8f27968" />
    <UnitTestResult executionId="4f14c249-01be-4abe-90cb-7243d7b70431" testId="fd16fc0b-de35-083b-ff58-022abe317523" testName="XmlDefinitionTestChangeName" computerName="DKSR-EFI-06" duration="00:00:00.0004077" startTime="2024-01-09T15:41:07.4933590+01:00" endTime="2024-01-09T15:41:07.4938843+01:00" testType="13cdc9d9-ddb5-4fa4-a97d-d965ccfc6d4b" outcome="Passed" testListId="8c84fa94-04c1-424b-9868-57a2d4851a1d" relativeResultsDirectory="4f14c249-01be-4abe-90cb-7243d7b70431" />
    <UnitTestResult executionId="a7cb6bdf-26c2-4e7b-8956-3e69dba2444d" testId="aa53f098-9c56-cdb1-b69f-6fde960936f2" testName="XmlDefinitionTestTooLarge" computerName="DKSR-EFI-06" duration="00:00:00.0679462" startTime="2024-01-09T15:41:07.4244194+01:00" endTime="2024-01-09T15:41:07.4925394+01:00" testType="13cdc9d9-ddb5-4fa4-a97d-d965ccfc6d4b" outcome="Passed" testListId="8c84fa94-04c1-424b-9868-57a2d4851a1d" relativeResultsDirectory="a7cb6bdf-26c2-4e7b-8956-3e69dba2444d" />
    <UnitTestResult executionId="addef0b9-d33b-49dc-a2aa-6d7b5211b9b4" testId="c4dbd4c5-72c0-15f5-b4ca-7f7b2d8cf0ea" testName="ClientProfileSpecificationConstructorTest" computerName="DKSR-EFI-06" duration="00:00:00.0609479" startTime="2024-01-09T15:41:07.1410408+01:00" endTime="2024-01-09T15:41:07.2021121+01:00" testType="13cdc9d9-ddb5-4fa4-a97d-d965ccfc6d4b" outcome="Passed" testListId="8c84fa94-04c1-424b-9868-57a2d4851a1d" relativeResultsDirectory="addef0b9-d33b-49dc-a2aa-6d7b5211b9b4" />
    <UnitTestResult executionId="58813f0b-13b5-4b0f-a91a-bb29366a50ac" testId="408ad07d-5f6b-b886-4d3f-296acfe05eb9" testName="OemResourceTestMissingResource" computerName="DKSR-EFI-06" duration="00:00:00.0000966" startTime="2024-01-09T15:41:07.1408342+01:00" endTime="2024-01-09T15:41:07.1410133+01:00" testType="13cdc9d9-ddb5-4fa4-a97d-d965ccfc6d4b" outcome="Passed" testListId="8c84fa94-04c1-424b-9868-57a2d4851a1d" relativeResultsDirectory="58813f0b-13b5-4b0f-a91a-bb29366a50ac" />
    <UnitTestResult executionId="955950e3-4e59-4f91-b962-d7c2c99be0dd" testId="2491c8e0-6864-aec1-2ce1-44db22ef6175" testName="XmlDefinitionTestSameXmlDefWithOutViewLayout" computerName="DKSR-EFI-06" duration="00:00:00.0038830" startTime="2024-01-09T15:41:07.5628585+01:00" endTime="2024-01-09T15:41:07.5669089+01:00" testType="13cdc9d9-ddb5-4fa4-a97d-d965ccfc6d4b" outcome="Passed" testListId="8c84fa94-04c1-424b-9868-57a2d4851a1d" relativeResultsDirectory="955950e3-4e59-4f91-b962-d7c2c99be0dd" />
    <UnitTestResult executionId="b56ea56c-8862-4325-b140-e27c593318d7" testId="53bbe8f2-0f34-e330-186b-23d3dc2eb668" testName="GetViewLayoutIcon" computerName="DKSR-EFI-06" duration="00:00:00.0024719" startTime="2024-01-09T15:41:07.6949544+01:00" endTime="2024-01-09T15:41:07.6975358+01:00" testType="13cdc9d9-ddb5-4fa4-a97d-d965ccfc6d4b" outcome="Passed" testListId="8c84fa94-04c1-424b-9868-57a2d4851a1d" relativeResultsDirectory="b56ea56c-8862-4325-b140-e27c593318d7" />
    <UnitTestResult executionId="acf659f6-b91b-4fbc-bd83-5b5e1f4ba00c" testId="873e8bfc-2655-ce9c-d0ad-b71f6c89de6a" testName="HasSameLayoutTest" computerName="DKSR-EFI-06" duration="00:00:00.0057335" startTime="2024-01-09T15:41:07.5806895+01:00" endTime="2024-01-09T15:41:07.5865809+01:00" testType="13cdc9d9-ddb5-4fa4-a97d-d965ccfc6d4b" outcome="Passed" testListId="8c84fa94-04c1-424b-9868-57a2d4851a1d" relativeResultsDirectory="acf659f6-b91b-4fbc-bd83-5b5e1f4ba00c" />
    <UnitTestResult executionId="46ff8a4b-8e3a-4edf-868d-cf9a6fe7b5fd" testId="97082b05-d0c1-515c-c534-550af4f1effa" testName="GetXMLTest" computerName="DKSR-EFI-06" duration="00:00:00.0046118" startTime="2024-01-09T15:41:07.5683862+01:00" endTime="2024-01-09T15:41:07.5731184+01:00" testType="13cdc9d9-ddb5-4fa4-a97d-d965ccfc6d4b" outcome="Passed" testListId="8c84fa94-04c1-424b-9868-57a2d4851a1d" relativeResultsDirectory="46ff8a4b-8e3a-4edf-868d-cf9a6fe7b5fd" />
    <UnitTestResult executionId="598dc477-0ad5-4df2-be13-6ca4db3c8b46" testId="5666b8c7-f9af-e7d0-86ea-81d03aa4bf97" testName="GetViewLayoutIconWithoutIconData" computerName="DKSR-EFI-06" duration="00:00:00.0002990" startTime="2024-01-09T15:41:07.6975774+01:00" endTime="2024-01-09T15:41:07.6979665+01:00" testType="13cdc9d9-ddb5-4fa4-a97d-d965ccfc6d4b" outcome="Passed" testListId="8c84fa94-04c1-424b-9868-57a2d4851a1d" relativeResultsDirectory="598dc477-0ad5-4df2-be13-6ca4db3c8b46" />
    <UnitTestResult executionId="a5e83e25-f2b1-4364-ace3-87d5fff6dadc" testId="fc6a211c-ab15-f856-ad3d-4b03d7bd9abb" testName="OemResourceTestMultiple" computerName="DKSR-EFI-06" duration="00:00:00.0001116" startTime="2024-01-09T15:41:07.1403934+01:00" endTime="2024-01-09T15:41:07.1405870+01:00" testType="13cdc9d9-ddb5-4fa4-a97d-d965ccfc6d4b" outcome="Passed" testListId="8c84fa94-04c1-424b-9868-57a2d4851a1d" relativeResultsDirectory="a5e83e25-f2b1-4364-ace3-87d5fff6dadc" />
    <UnitTestResult executionId="ade8478e-a05c-4ca3-9602-278b9ff24f82" testId="723547fd-ec7f-8d56-98a9-e37c396dca17" testName="ReadFromDatabaseToOldInterface" computerName="DKSR-EFI-06" duration="00:00:00.0044872" startTime="2024-01-09T15:41:07.7170217+01:00" endTime="2024-01-09T15:41:07.7217309+01:00" testType="13cdc9d9-ddb5-4fa4-a97d-d965ccfc6d4b" outcome="Passed" testListId="8c84fa94-04c1-424b-9868-57a2d4851a1d" relativeResultsDirectory="ade8478e-a05c-4ca3-9602-278b9ff24f82" />
    <UnitTestResult executionId="d08ef459-4150-41b1-a9b0-4bc30976b463" testId="30eeb4d0-7353-f7b2-9ab9-ee46aa661d39" testName="XmlDefinitionTestChangeId" computerName="DKSR-EFI-06" duration="00:00:00.0005555" startTime="2024-01-09T15:41:07.4926132+01:00" endTime="2024-01-09T15:41:07.4933097+01:00" testType="13cdc9d9-ddb5-4fa4-a97d-d965ccfc6d4b" outcome="Passed" testListId="8c84fa94-04c1-424b-9868-57a2d4851a1d" relativeResultsDirectory="d08ef459-4150-41b1-a9b0-4bc30976b463" />
    <UnitTestResult executionId="704cf040-e9ad-443c-b167-1f217c36922d" testId="f27ace5c-74da-f06b-4b97-3991ab63f367" testName="CreateViewTest" computerName="DKSR-EFI-06" duration="00:00:00.0033143" startTime="2024-01-09T15:41:07.6998783+01:00" endTime="2024-01-09T15:41:07.7032903+01:00" testType="13cdc9d9-ddb5-4fa4-a97d-d965ccfc6d4b" outcome="Passed" testListId="8c84fa94-04c1-424b-9868-57a2d4851a1d" relativeResultsDirectory="704cf040-e9ad-443c-b167-1f217c36922d" />
    <UnitTestResult executionId="157bc9f1-fb66-4532-8934-c99aba3b6968" testId="d051d716-1af7-d095-3265-7e715bcf7613" testName="XmlDefinitionTestTooLarge" computerName="DKSR-EFI-06" duration="00:00:00.0035493" startTime="2024-01-09T15:41:07.5922654+01:00" endTime="2024-01-09T15:41:07.5959438+01:00" testType="13cdc9d9-ddb5-4fa4-a97d-d965ccfc6d4b" outcome="Passed" testListId="8c84fa94-04c1-424b-9868-57a2d4851a1d" relativeResultsDirectory="157bc9f1-fb66-4532-8934-c99aba3b6968" />
    <UnitTestResult executionId="b7c4b190-3665-44ec-a710-edb85c6d6723" testId="98d520ea-7719-19c4-1c75-d35945f01721" testName="GetViewTest" computerName="DKSR-EFI-06" duration="00:00:00.0045509" startTime="2024-01-09T15:41:07.7109456+01:00" endTime="2024-01-09T15:41:07.7156565+01:00" testType="13cdc9d9-ddb5-4fa4-a97d-d965ccfc6d4b" outcome="Passed" testListId="8c84fa94-04c1-424b-9868-57a2d4851a1d" relativeResultsDirectory="b7c4b190-3665-44ec-a710-edb85c6d6723" />
    <UnitTestResult executionId="405a77e8-ccf1-4788-9c28-c259effb21ec" testId="4b8fac32-9961-67f2-19bd-ce7f37511565" testName="SettingsTest" computerName="DKSR-EFI-06" duration="00:00:00.0099356" startTime="2024-01-09T15:41:07.2970495+01:00" endTime="2024-01-09T15:41:07.3071596+01:00" testType="13cdc9d9-ddb5-4fa4-a97d-d965ccfc6d4b" outcome="Passed" testListId="8c84fa94-04c1-424b-9868-57a2d4851a1d" relativeResultsDirectory="405a77e8-ccf1-4788-9c28-c259effb21ec" />
    <UnitTestResult executionId="1cf37932-acdb-43b6-b80f-476f14204920" testId="09402b39-b44e-45d3-946a-a044fe71ca96" testName="CreateAViewItem" computerName="DKSR-EFI-06" duration="00:00:00.0005241" startTime="2024-01-09T15:41:07.7368122+01:00" endTime="2024-01-09T15:41:07.7384734+01:00" testType="13cdc9d9-ddb5-4fa4-a97d-d965ccfc6d4b" outcome="Passed" testListId="8c84fa94-04c1-424b-9868-57a2d4851a1d" relativeResultsDirectory="1cf37932-acdb-43b6-b80f-476f14204920" />
    <UnitTestResult executionId="60a8fab2-e2d7-4036-9f36-e6aae0070525" testId="b8d40805-4ecd-ae9f-1ca2-c8c3263fd00c" testName="SplitViewsTest" computerName="DKSR-EFI-06" duration="00:00:00.0074180" startTime="2024-01-09T15:41:07.7033340+01:00" endTime="2024-01-09T15:41:07.7108762+01:00" testType="13cdc9d9-ddb5-4fa4-a97d-d965ccfc6d4b" outcome="Passed" testListId="8c84fa94-04c1-424b-9868-57a2d4851a1d" relativeResultsDirectory="60a8fab2-e2d7-4036-9f36-e6aae0070525" />
    <UnitTestResult executionId="887541ad-3583-42b7-8f09-6e3d29a24ce3" testId="5fbfefb8-c26a-ecc5-0419-050c66084439" testName="GetViewItemInformationTestUnknown" computerName="DKSR-EFI-06" duration="00:00:00.0003662" startTime="2024-01-09T15:41:07.6863288+01:00" endTime="2024-01-09T15:41:07.6868327+01:00" testType="13cdc9d9-ddb5-4fa4-a97d-d965ccfc6d4b" outcome="Passed" testListId="8c84fa94-04c1-424b-9868-57a2d4851a1d" relativeResultsDirectory="887541ad-3583-42b7-8f09-6e3d29a24ce3" />
    <UnitTestResult executionId="51c8af9a-24c0-41d2-82c1-c76d6425d316" testId="4755979f-b152-396b-612c-7f928df8984f" testName="CreateViewItemTestUnknown" computerName="DKSR-EFI-06" duration="00:00:00.0022268" startTime="2024-01-09T15:41:07.6911258+01:00" endTime="2024-01-09T15:41:07.6934937+01:00" testType="13cdc9d9-ddb5-4fa4-a97d-d965ccfc6d4b" outcome="Passed" testListId="8c84fa94-04c1-424b-9868-57a2d4851a1d" relativeResultsDirectory="51c8af9a-24c0-41d2-82c1-c76d6425d316" />
    <UnitTestResult executionId="a44a3828-6515-49b9-a117-fe956e20fa95" testId="293549dc-68c7-14f8-4650-5a62dec63b87" testName="TestMilestoneResource_CanReadValues_Success" computerName="DKSR-EFI-06" duration="00:00:00.0027443" startTime="2024-01-09T15:41:07.5371801+01:00" endTime="2024-01-09T15:41:07.5401088+01:00" testType="13cdc9d9-ddb5-4fa4-a97d-d965ccfc6d4b" outcome="Passed" testListId="8c84fa94-04c1-424b-9868-57a2d4851a1d" relativeResultsDirectory="a44a3828-6515-49b9-a117-fe956e20fa95" />
    <UnitTestResult executionId="f265ced8-12ce-4145-8a3c-46a5b91b4c1c" testId="1c6db5ba-20fe-28ab-2a15-0a57b74b546c" testName="CreateViewItemTestWithoutName" computerName="DKSR-EFI-06" duration="00:00:00.0004100" startTime="2024-01-09T15:41:07.6935351+01:00" endTime="2024-01-09T15:41:07.6940768+01:00" testType="13cdc9d9-ddb5-4fa4-a97d-d965ccfc6d4b" outcome="Passed" testListId="8c84fa94-04c1-424b-9868-57a2d4851a1d" relativeResultsDirectory="f265ced8-12ce-4145-8a3c-46a5b91b4c1c" />
    <UnitTestResult executionId="7001aebe-74e1-4643-a4bf-3c394ae54652" testId="67bdb42f-3b3e-9ff5-d6f4-e67898880eab" testName="OemResourceTestRight" computerName="DKSR-EFI-06" duration="00:00:00.0001137" startTime="2024-01-09T15:41:07.1401541+01:00" endTime="2024-01-09T15:41:07.1403617+01:00" testType="13cdc9d9-ddb5-4fa4-a97d-d965ccfc6d4b" outcome="Passed" testListId="8c84fa94-04c1-424b-9868-57a2d4851a1d" relativeResultsDirectory="7001aebe-74e1-4643-a4bf-3c394ae54652" />
    <UnitTestResult executionId="9270d2a8-915d-4005-a1fe-47b68136fdf7" testId="5806e882-3887-1382-2196-322773243e4b" testName="ReadTheLayoutOfAMonitorPreset" computerName="DKSR-EFI-06" duration="00:00:00.0048147" startTime="2024-01-09T15:41:07.7290623+01:00" endTime="2024-01-09T15:41:07.7340302+01:00" testType="13cdc9d9-ddb5-4fa4-a97d-d965ccfc6d4b" outcome="Passed" testListId="8c84fa94-04c1-424b-9868-57a2d4851a1d" relativeResultsDirectory="9270d2a8-915d-4005-a1fe-47b68136fdf7" />
    <UnitTestResult executionId="79d6a4a2-5bb6-4a76-aadc-b646f12f7882" testId="0a0a41c5-0650-4778-1e4c-1ccad8eb4718" testName="XmlDefinitionTestSameXmlDef" computerName="DKSR-EFI-06" duration="00:00:00.1011555" startTime="2024-01-09T15:41:07.3229143+01:00" endTime="2024-01-09T15:41:07.4243424+01:00" testType="13cdc9d9-ddb5-4fa4-a97d-d965ccfc6d4b" outcome="Passed" testListId="8c84fa94-04c1-424b-9868-57a2d4851a1d" relativeResultsDirectory="79d6a4a2-5bb6-4a76-aadc-b646f12f7882" />
    <UnitTestResult executionId="d1a4a490-ff1c-49fa-9bfe-281a28c85476" testId="b6d6a872-f637-0453-3277-4afc1d03bdca" testName="ResourceTest" computerName="DKSR-EFI-06" duration="00:00:00.2629135" startTime="2024-01-09T15:41:06.7817939+01:00" endTime="2024-01-09T15:41:07.1299827+01:00" testType="13cdc9d9-ddb5-4fa4-a97d-d965ccfc6d4b" outcome="Passed" testListId="8c84fa94-04c1-424b-9868-57a2d4851a1d" relativeResultsDirectory="d1a4a490-ff1c-49fa-9bfe-281a28c85476" />
    <UnitTestResult executionId="ea7bf6e2-2ce6-4abc-b19d-a5e49032ec9d" testId="b9bc7de1-1701-54c1-97d8-89b432232c65" testName="SectionTest" computerName="DKSR-EFI-06" duration="00:00:00.0251900" startTime="2024-01-09T15:41:07.2715972+01:00" endTime="2024-01-09T15:41:07.2969776+01:00" testType="13cdc9d9-ddb5-4fa4-a97d-d965ccfc6d4b" outcome="Passed" testListId="8c84fa94-04c1-424b-9868-57a2d4851a1d" relativeResultsDirectory="ea7bf6e2-2ce6-4abc-b19d-a5e49032ec9d" />
    <UnitTestResult executionId="05e9e01d-771b-4c75-a702-fef2124456e0" testId="6bfc640e-e0cc-1130-9c39-e1e47d6aee67" testName="GetViewLayoutIconWithNonsensdata" computerName="DKSR-EFI-06" duration="00:00:00.0017195" startTime="2024-01-09T15:41:07.6979991+01:00" endTime="2024-01-09T15:41:07.6998409+01:00" testType="13cdc9d9-ddb5-4fa4-a97d-d965ccfc6d4b" outcome="Passed" testListId="8c84fa94-04c1-424b-9868-57a2d4851a1d" relativeResultsDirectory="05e9e01d-771b-4c75-a702-fef2124456e0" />
    <UnitTestResult executionId="aa6f0185-f964-4558-a951-dd3f5ba87c98" testId="47403bc3-967a-71b3-2066-826018c7ac17" testName="OemResourceTestLeft" computerName="DKSR-EFI-06" duration="00:00:00.0001328" startTime="2024-01-09T15:41:07.1398611+01:00" endTime="2024-01-09T15:41:07.1401190+01:00" testType="13cdc9d9-ddb5-4fa4-a97d-d965ccfc6d4b" outcome="Passed" testListId="8c84fa94-04c1-424b-9868-57a2d4851a1d" relativeResultsDirectory="aa6f0185-f964-4558-a951-dd3f5ba87c98" />
    <UnitTestResult executionId="7fe23768-bfb3-4333-b12f-68729353f790" testId="689e1cc2-1038-8003-b0bc-81785b3aabb0" testName="OEMTest" computerName="DKSR-EFI-06" duration="00:00:00.0046546" startTime="2024-01-09T15:41:07.3072223+01:00" endTime="2024-01-09T15:41:07.3120204+01:00" testType="13cdc9d9-ddb5-4fa4-a97d-d965ccfc6d4b" outcome="Passed" testListId="8c84fa94-04c1-424b-9868-57a2d4851a1d" relativeResultsDirectory="7fe23768-bfb3-4333-b12f-68729353f790" />
    <UnitTestResult executionId="de1d2401-4998-4064-84ce-f35c74d033aa" testId="2b3421b2-5298-af46-f802-a064b4d69678" testName="XmlDefinitionTestChangeName" computerName="DKSR-EFI-06" duration="00:00:00.0033843" startTime="2024-01-09T15:41:07.5770813+01:00" endTime="2024-01-09T15:41:07.5806218+01:00" testType="13cdc9d9-ddb5-4fa4-a97d-d965ccfc6d4b" outcome="Passed" testListId="8c84fa94-04c1-424b-9868-57a2d4851a1d" relativeResultsDirectory="de1d2401-4998-4064-84ce-f35c74d033aa" />
    <UnitTestResult executionId="8ac87709-b6ac-443c-a380-58b4205501aa" testId="6ece286f-822a-1030-1263-6a2e679e2fa3" testName="XmlDefinitionTest" computerName="DKSR-EFI-06" duration="00:00:00.0004618" startTime="2024-01-09T15:41:07.7157255+01:00" endTime="2024-01-09T15:41:07.7164411+01:00" testType="13cdc9d9-ddb5-4fa4-a97d-d965ccfc6d4b" outcome="Passed" testListId="8c84fa94-04c1-424b-9868-57a2d4851a1d" relativeResultsDirectory="8ac87709-b6ac-443c-a380-58b4205501aa" />
    <UnitTestResult executionId="04e9777a-65df-48fb-928a-7136fb2646dd" testId="9e06fd07-2b9d-78b8-e9d4-c1bfd78820ab" testName="TestMilestoneAndPinkResourceXmlStructure_AreSame_Success" computerName="DKSR-EFI-06" duration="00:00:00.0409094" startTime="2024-01-09T15:41:07.4939222+01:00" endTime="2024-01-09T15:41:07.5350578+01:00" testType="13cdc9d9-ddb5-4fa4-a97d-d965ccfc6d4b" outcome="Passed" testListId="8c84fa94-04c1-424b-9868-57a2d4851a1d" relativeResultsDirectory="04e9777a-65df-48fb-928a-7136fb2646dd" />
    <UnitTestResult executionId="88f28a2f-7810-4f86-b817-69672fa53d33" testId="4172bb95-d7c9-fb83-5a23-b46d579edf2d" testName="HasSameLayoutTestDifferentLayoutSameCountOfItems" computerName="DKSR-EFI-06" duration="00:00:00.0013838" startTime="2024-01-09T15:41:07.5886116+01:00" endTime="2024-01-09T15:41:07.5901128+01:00" testType="13cdc9d9-ddb5-4fa4-a97d-d965ccfc6d4b" outcome="Passed" testListId="8c84fa94-04c1-424b-9868-57a2d4851a1d" relativeResultsDirectory="88f28a2f-7810-4f86-b817-69672fa53d33" />
    <UnitTestResult executionId="1aeb40b5-a28c-4c5d-9798-feb5b08e2e1e" testId="ff4e3e4a-f004-2767-4cb7-e0f5465b86bd" testName="GetViewItemInformationTestEmpty" computerName="DKSR-EFI-06" duration="00:00:00.0326358" startTime="2024-01-09T15:41:07.6534333+01:00" endTime="2024-01-09T15:41:07.6862533+01:00" testType="13cdc9d9-ddb5-4fa4-a97d-d965ccfc6d4b" outcome="Passed" testListId="8c84fa94-04c1-424b-9868-57a2d4851a1d" relativeResultsDirectory="1aeb40b5-a28c-4c5d-9798-feb5b08e2e1e" />
    <UnitTestResult executionId="56f2e662-b127-47ba-a3e6-d3de32fd6394" testId="1f58a5b1-b50f-beb5-d86f-d4c6eddf592e" testName="XmlDefinitionTestSameXmlDefWithViewLayoutNotMatchingViewLayoutType" computerName="DKSR-EFI-06" duration="00:00:00.0003687" startTime="2024-01-09T15:41:07.5678660+01:00" endTime="2024-01-09T15:41:07.5683454+01:00" testType="13cdc9d9-ddb5-4fa4-a97d-d965ccfc6d4b" outcome="Passed" testListId="8c84fa94-04c1-424b-9868-57a2d4851a1d" relativeResultsDirectory="56f2e662-b127-47ba-a3e6-d3de32fd6394" />
    <UnitTestResult executionId="a990a4b4-f197-4248-8a1b-ce58ed64b97a" testId="564a5326-9045-4af6-a307-44976ed413a3" testName="XmlDefinitionTestInputXmlDefTooLarge" computerName="DKSR-EFI-06" duration="00:00:00.0223348" startTime="2024-01-09T15:41:07.5401704+01:00" endTime="2024-01-09T15:41:07.5627805+01:00" testType="13cdc9d9-ddb5-4fa4-a97d-d965ccfc6d4b" outcome="Passed" testListId="8c84fa94-04c1-424b-9868-57a2d4851a1d" relativeResultsDirectory="a990a4b4-f197-4248-8a1b-ce58ed64b97a" />
    <UnitTestResult executionId="af49aa78-4729-4d2f-b1dd-7f439b8f480b" testId="d7213de0-ba53-6299-6081-4e8f0391fa0f" testName="XmlDefinitionTestSameXmlDefWithViewLayout" computerName="DKSR-EFI-06" duration="00:00:00.0006825" startTime="2024-01-09T15:41:07.5669769+01:00" endTime="2024-01-09T15:41:07.5678097+01:00" testType="13cdc9d9-ddb5-4fa4-a97d-d965ccfc6d4b" outcome="Passed" testListId="8c84fa94-04c1-424b-9868-57a2d4851a1d" relativeResultsDirectory="af49aa78-4729-4d2f-b1dd-7f439b8f480b" />
    <UnitTestResult executionId="9f8b37a8-4595-4adb-84e1-645e37298c3f" testId="de9cbd9f-4471-4e54-f5db-b90506dbee28" testName="GetViewItemInformationTestCamera" computerName="DKSR-EFI-06" duration="00:00:00.0029584" startTime="2024-01-09T15:41:07.6493588+01:00" endTime="2024-01-09T15:41:07.6525081+01:00" testType="13cdc9d9-ddb5-4fa4-a97d-d965ccfc6d4b" outcome="Passed" testListId="8c84fa94-04c1-424b-9868-57a2d4851a1d" relativeResultsDirectory="9f8b37a8-4595-4adb-84e1-645e37298c3f" />
    <UnitTestResult executionId="e09ad92d-9d7a-4bb2-a4cb-62ff8dbe9c3c" testId="fa03c8f3-e5af-b789-81b4-b496e664d26d" testName="OemResourceTestCenter" computerName="DKSR-EFI-06" duration="00:00:00.0005760" startTime="2024-01-09T15:41:07.1389859+01:00" endTime="2024-01-09T15:41:07.1397803+01:00" testType="13cdc9d9-ddb5-4fa4-a97d-d965ccfc6d4b" outcome="Passed" testListId="8c84fa94-04c1-424b-9868-57a2d4851a1d" relativeResultsDirectory="e09ad92d-9d7a-4bb2-a4cb-62ff8dbe9c3c" />
    <UnitTestResult executionId="eab991c1-2dbe-4ddc-b9ef-5f95b83aaaaa" testId="dd8036b8-fdc1-0d17-7df5-e0b28ab59ac4" testName="OemResourceTestMultipleSame" computerName="DKSR-EFI-06" duration="00:00:00.0001105" startTime="2024-01-09T15:41:07.1406165+01:00" endTime="2024-01-09T15:41:07.1408061+01:00" testType="13cdc9d9-ddb5-4fa4-a97d-d965ccfc6d4b" outcome="Passed" testListId="8c84fa94-04c1-424b-9868-57a2d4851a1d" relativeResultsDirectory="eab991c1-2dbe-4ddc-b9ef-5f95b83aaaaa" />
    <UnitTestResult executionId="e1460d3b-f204-4447-bde2-616fdd193ed9" testId="c1aec6fa-d646-bbe2-40da-d1ef4ef9654d" testName="GetViewItemInformationTestVolapyk" computerName="DKSR-EFI-06" duration="00:00:00.0001746" startTime="2024-01-09T15:41:07.6868799+01:00" endTime="2024-01-09T15:41:07.6871499+01:00" testType="13cdc9d9-ddb5-4fa4-a97d-d965ccfc6d4b" outcome="Passed" testListId="8c84fa94-04c1-424b-9868-57a2d4851a1d" relativeResultsDirectory="e1460d3b-f204-4447-bde2-616fdd193ed9" />
    <UnitTestResult executionId="e67dbc03-7bb8-41aa-aed1-30957bf3c24b" testId="6e96adc2-3fdc-0ba2-4a9e-041d478ad370" testName="CreateViewItemTestEmpty" computerName="DKSR-EFI-06" duration="00:00:00.0003754" startTime="2024-01-09T15:41:07.6906282+01:00" endTime="2024-01-09T15:41:07.6910913+01:00" testType="13cdc9d9-ddb5-4fa4-a97d-d965ccfc6d4b" outcome="Passed" testListId="8c84fa94-04c1-424b-9868-57a2d4851a1d" relativeResultsDirectory="e67dbc03-7bb8-41aa-aed1-30957bf3c24b" />
    <UnitTestResult executionId="4d8e91c6-5cef-4742-acae-d3c6106a70bb" testId="bc2b776f-71aa-5f70-1c0e-34250d6d2c50" testName="GetViewItemInformationTestVolapyk2" computerName="DKSR-EFI-06" duration="00:00:00.0021545" startTime="2024-01-09T15:41:07.6874355+01:00" endTime="2024-01-09T15:41:07.6896878+01:00" testType="13cdc9d9-ddb5-4fa4-a97d-d965ccfc6d4b" outcome="Passed" testListId="8c84fa94-04c1-424b-9868-57a2d4851a1d" relativeResultsDirectory="4d8e91c6-5cef-4742-acae-d3c6106a70bb" />
    <UnitTestResult executionId="aef1fcc3-e196-4734-8662-4a7b7102d5cd" testId="a6b14cbd-c459-74e0-c0e1-a2ee29cbdab4" testName="MergeViewsTestRenameViewItem2" computerName="DKSR-EFI-06" duration="00:00:00.0052046" startTime="2024-01-09T15:41:07.6033671+01:00" endTime="2024-01-09T15:41:07.6087324+01:00" testType="13cdc9d9-ddb5-4fa4-a97d-d965ccfc6d4b" outcome="Passed" testListId="8c84fa94-04c1-424b-9868-57a2d4851a1d" relativeResultsDirectory="aef1fcc3-e196-4734-8662-4a7b7102d5cd" />
    <UnitTestResult executionId="378c95cb-4048-4495-82cd-6077145f76f5" testId="f71c123c-6224-3cde-ed06-e49ffffe41fc" testName="GetViewItemInformationTestVolapyk1" computerName="DKSR-EFI-06" duration="00:00:00.0001396" startTime="2024-01-09T15:41:07.6871861+01:00" endTime="2024-01-09T15:41:07.6874042+01:00" testType="13cdc9d9-ddb5-4fa4-a97d-d965ccfc6d4b" outcome="Passed" testListId="8c84fa94-04c1-424b-9868-57a2d4851a1d" relativeResultsDirectory="378c95cb-4048-4495-82cd-6077145f76f5" />
    <UnitTestResult executionId="4fdc5912-4e22-4c14-9c4f-3c6351433e8a" testId="6bda8086-eb0a-b493-2dc0-3e0575dce14b" testName="JKTest" computerName="DKSR-EFI-06" duration="00:00:00.0003883" startTime="2024-01-09T15:41:07.7164890+01:00" endTime="2024-01-09T15:41:07.7169804+01:00" testType="13cdc9d9-ddb5-4fa4-a97d-d965ccfc6d4b" outcome="Passed" testListId="8c84fa94-04c1-424b-9868-57a2d4851a1d" relativeResultsDirectory="4fdc5912-4e22-4c14-9c4f-3c6351433e8a" />
    <UnitTestResult executionId="e4168a39-9bf7-4c71-9773-68a13e5b2cfa" testId="1f4391e4-ec80-0d11-c7a5-0f92acc9ef76" testName="OptionIdExists" computerName="DKSR-EFI-06" duration="00:00:00.0104353" startTime="2024-01-09T15:41:07.3120813+01:00" endTime="2024-01-09T15:41:07.3228507+01:00" testType="13cdc9d9-ddb5-4fa4-a97d-d965ccfc6d4b" outcome="Passed" testListId="8c84fa94-04c1-424b-9868-57a2d4851a1d" relativeResultsDirectory="e4168a39-9bf7-4c71-9773-68a13e5b2cfa" />
    <UnitTestResult executionId="c985327d-4d86-4a35-a280-f846f0e5b64f" testId="11ab56de-5757-d5e9-ba57-61fb77e7bb23" testName="XmlDefinitionTestWithXmlNs" computerName="DKSR-EFI-06" duration="00:00:00.0002686" startTime="2024-01-09T15:41:07.5960127+01:00" endTime="2024-01-09T15:41:07.5964139+01:00" testType="13cdc9d9-ddb5-4fa4-a97d-d965ccfc6d4b" outcome="Passed" testListId="8c84fa94-04c1-424b-9868-57a2d4851a1d" relativeResultsDirectory="c985327d-4d86-4a35-a280-f846f0e5b64f" />
    <UnitTestResult executionId="922633a9-a2cb-49f9-8098-1b5b51c98ac8" testId="9dbafe7d-bc33-528e-4673-e2398c67f197" testName="MergeViewsTestNestedGroups" computerName="DKSR-EFI-06" duration="00:00:00.0402804" startTime="2024-01-09T15:41:07.6088027+01:00" endTime="2024-01-09T15:41:07.6492785+01:00" testType="13cdc9d9-ddb5-4fa4-a97d-d965ccfc6d4b" outcome="Passed" testListId="8c84fa94-04c1-424b-9868-57a2d4851a1d" relativeResultsDirectory="922633a9-a2cb-49f9-8098-1b5b51c98ac8" />
    <UnitTestResult executionId="d34e1e5d-fa05-4a48-8eb7-e653f2a84227" testId="eede754c-6bf8-cc48-0806-5973ae66c9ef" testName="CreateAViewFromViewLayout" computerName="DKSR-EFI-06" duration="00:00:00.0024956" startTime="2024-01-09T15:41:07.7340989+01:00" endTime="2024-01-09T15:41:07.7367441+01:00" testType="13cdc9d9-ddb5-4fa4-a97d-d965ccfc6d4b" outcome="Passed" testListId="8c84fa94-04c1-424b-9868-57a2d4851a1d" relativeResultsDirectory="d34e1e5d-fa05-4a48-8eb7-e653f2a84227" />
    <UnitTestResult executionId="ee7e49b6-5b5b-48ff-8425-8ab2225c5f37" testId="7f274973-9012-fb8d-b543-11928fca42a3" testName="ControlTest" computerName="DKSR-EFI-06" duration="00:00:00.0127752" startTime="2024-01-09T15:41:07.2021824+01:00" endTime="2024-01-09T15:41:07.2151412+01:00" testType="13cdc9d9-ddb5-4fa4-a97d-d965ccfc6d4b" outcome="Passed" testListId="8c84fa94-04c1-424b-9868-57a2d4851a1d" relativeResultsDirectory="ee7e49b6-5b5b-48ff-8425-8ab2225c5f37" />
    <UnitTestResult executionId="87c117a8-d929-4c3e-a31f-a4a6b4a3fafa" testId="236ca3ce-0389-8ef0-abea-b648ea8a1be0" testName="WritingToDatabaseFromOldInterface" computerName="DKSR-EFI-06" duration="00:00:00.0060873" startTime="2024-01-09T15:41:07.7227262+01:00" endTime="2024-01-09T15:41:07.7289948+01:00" testType="13cdc9d9-ddb5-4fa4-a97d-d965ccfc6d4b" outcome="Passed" testListId="8c84fa94-04c1-424b-9868-57a2d4851a1d" relativeResultsDirectory="87c117a8-d929-4c3e-a31f-a4a6b4a3fafa" />
    <UnitTestResult executionId="ea7e7c7e-1bfe-4c8c-94d8-0d1a222aa46c" testId="2bb92454-c982-85a0-fed5-5943faa53d7e" testName="CreateViewItemTestCamera" computerName="DKSR-EFI-06" duration="00:00:00.0007493" startTime="2024-01-09T15:41:07.6897344+01:00" endTime="2024-01-09T15:41:07.6905869+01:00" testType="13cdc9d9-ddb5-4fa4-a97d-d965ccfc6d4b" outcome="Passed" testListId="8c84fa94-04c1-424b-9868-57a2d4851a1d" relativeResultsDirectory="ea7e7c7e-1bfe-4c8c-94d8-0d1a222aa46c" />
  </Results>
  <TestDefinitions>
    <UnitTest name="XmlDefinitionTestChangeName" storage="d:\actions-runner\_work\xpco\xpco\allsolutions\..\common\sc_sharedcomponent\components\dotnet\videoos.common.sharedcomponent\unittest\bin\debug\net6.0-windows\videoos.common.sharedcomponent.unittest.dll" id="2b3421b2-5298-af46-f802-a064b4d69678">
      <Execution id="de1d2401-4998-4064-84ce-f35c74d033aa" />
      <TestMethod codeBase="D:\actions-runner\_work\XPCO\XPCO\AllSolutions\..\Common\SC_SharedComponent\Components\dotNet\VideoOS.Common.SharedComponent\unittest\bin\Debug\net6.0-windows\VideoOS.Common.SharedComponent.UnitTest.dll" adapterTypeName="executor://mstestadapter/v2" className="VideoOS.Common.SharedComponent.UnitTest.ViewDataTest" name="XmlDefinitionTestChangeName" />
    </UnitTest>
    <UnitTest name="ReadFromDatabaseToOldInterface" storage="d:\actions-runner\_work\xpco\xpco\allsolutions\..\common\sc_sharedcomponent\components\dotnet\videoos.common.sharedcomponent\unittest\bin\debug\net6.0-windows\videoos.common.sharedcomponent.unittest.dll" id="723547fd-ec7f-8d56-98a9-e37c396dca17">
      <Execution id="ade8478e-a05c-4ca3-9602-278b9ff24f82" />
      <TestMethod codeBase="D:\actions-runner\_work\XPCO\XPCO\AllSolutions\..\Common\SC_SharedComponent\Components\dotNet\VideoOS.Common.SharedComponent\unittest\bin\Debug\net6.0-windows\VideoOS.Common.SharedComponent.UnitTest.dll" adapterTypeName="executor://mstestadapter/v2" className="VideoOS.Common.SharedComponent.UnitTest.XPCOTests" name="ReadFromDatabaseToOldInterface" />
    </UnitTest>
    <UnitTest name="CreateViewTest" storage="d:\actions-runner\_work\xpco\xpco\allsolutions\..\common\sc_sharedcomponent\components\dotnet\videoos.common.sharedcomponent\unittest\bin\debug\net6.0-windows\videoos.common.sharedcomponent.unittest.dll" id="f27ace5c-74da-f06b-4b97-3991ab63f367">
      <Execution id="704cf040-e9ad-443c-b167-1f217c36922d" />
      <TestMethod codeBase="D:\actions-runner\_work\XPCO\XPCO\AllSolutions\..\Common\SC_SharedComponent\Components\dotNet\VideoOS.Common.SharedComponent\unittest\bin\Debug\net6.0-windows\VideoOS.Common.SharedComponent.UnitTest.dll" adapterTypeName="executor://mstestadapter/v2" className="VideoOS.Common.SharedComponent.UnitTest.ViewHandlingTest" name="CreateViewTest" />
    </UnitTest>
    <UnitTest name="XmlDefinitionTestSameXmlDefWithViewLayoutNotMatchingViewLayoutType" storage="d:\actions-runner\_work\xpco\xpco\allsolutions\..\common\sc_sharedcomponent\components\dotnet\videoos.common.sharedcomponent\unittest\bin\debug\net6.0-windows\videoos.common.sharedcomponent.unittest.dll" id="1f58a5b1-b50f-beb5-d86f-d4c6eddf592e">
      <Execution id="56f2e662-b127-47ba-a3e6-d3de32fd6394" />
      <TestMethod codeBase="D:\actions-runner\_work\XPCO\XPCO\AllSolutions\..\Common\SC_SharedComponent\Components\dotNet\VideoOS.Common.SharedComponent\unittest\bin\Debug\net6.0-windows\VideoOS.Common.SharedComponent.UnitTest.dll" adapterTypeName="executor://mstestadapter/v2" className="VideoOS.Common.SharedComponent.UnitTest.ViewDataTest" name="XmlDefinitionTestSameXmlDefWithViewLayoutNotMatchingViewLayoutType" />
    </UnitTest>
    <UnitTest name="XmlDefinitionTest" storage="d:\actions-runner\_work\xpco\xpco\allsolutions\..\common\sc_sharedcomponent\components\dotnet\videoos.common.sharedcomponent\unittest\bin\debug\net6.0-windows\videoos.common.sharedcomponent.unittest.dll" id="6ece286f-822a-1030-1263-6a2e679e2fa3">
      <Execution id="8ac87709-b6ac-443c-a380-58b4205501aa" />
      <TestMethod codeBase="D:\actions-runner\_work\XPCO\XPCO\AllSolutions\..\Common\SC_SharedComponent\Components\dotNet\VideoOS.Common.SharedComponent\unittest\bin\Debug\net6.0-windows\VideoOS.Common.SharedComponent.UnitTest.dll" adapterTypeName="executor://mstestadapter/v2" className="VideoOS.Common.SharedComponent.UnitTest.ViewItemDataTest" name="XmlDefinitionTest" />
    </UnitTest>
    <UnitTest name="XmlDefinitionTestSameXmlDef" storage="d:\actions-runner\_work\xpco\xpco\allsolutions\..\common\sc_sharedcomponent\components\dotnet\videoos.common.sharedcomponent\unittest\bin\debug\net6.0-windows\videoos.common.sharedcomponent.unittest.dll" id="8599377f-271d-d979-321b-9c23e61d44ef">
      <Execution id="1860c6b0-eae1-45c6-bf97-5f24d8f27968" />
      <TestMethod codeBase="D:\actions-runner\_work\XPCO\XPCO\AllSolutions\..\Common\SC_SharedComponent\Components\dotNet\VideoOS.Common.SharedComponent\unittest\bin\Debug\net6.0-windows\VideoOS.Common.SharedComponent.UnitTest.dll" adapterTypeName="executor://mstestadapter/v2" className="VideoOS.Common.SharedComponent.UnitTest.ViewGroupDataTest" name="XmlDefinitionTestSameXmlDef" />
    </UnitTest>
    <UnitTest name="ReadTheLayoutOfAMonitorPreset" storage="d:\actions-runner\_work\xpco\xpco\allsolutions\..\common\sc_sharedcomponent\components\dotnet\videoos.common.sharedcomponent\unittest\bin\debug\net6.0-windows\videoos.common.sharedcomponent.unittest.dll" id="5806e882-3887-1382-2196-322773243e4b">
      <Execution id="9270d2a8-915d-4005-a1fe-47b68136fdf7" />
      <TestMethod codeBase="D:\actions-runner\_work\XPCO\XPCO\AllSolutions\..\Common\SC_SharedComponent\Components\dotNet\VideoOS.Common.SharedComponent\unittest\bin\Debug\net6.0-windows\VideoOS.Common.SharedComponent.UnitTest.dll" adapterTypeName="executor://mstestadapter/v2" className="VideoOS.Common.SharedComponent.UnitTest.XPCOTests" name="ReadTheLayoutOfAMonitorPreset" />
    </UnitTest>
    <UnitTest name="TestMilestoneResource_CanReadValues_Success" storage="d:\actions-runner\_work\xpco\xpco\allsolutions\..\common\sc_sharedcomponent\components\dotnet\videoos.common.sharedcomponent\unittest\bin\debug\net6.0-windows\videoos.common.sharedcomponent.unittest.dll" id="293549dc-68c7-14f8-4650-5a62dec63b87">
      <Execution id="a44a3828-6515-49b9-a117-fe956e20fa95" />
      <TestMethod codeBase="D:\actions-runner\_work\XPCO\XPCO\AllSolutions\..\Common\SC_SharedComponent\Components\dotNet\VideoOS.Common.SharedComponent\unittest\bin\Debug\net6.0-windows\VideoOS.Common.SharedComponent.UnitTest.dll" adapterTypeName="executor://mstestadapter/v2" className="VideoOS.Common.SharedComponent.UnitTest.ResourceXmlTests" name="TestMilestoneResource_CanReadValues_Success" />
    </UnitTest>
    <UnitTest name="OemResourceTestLeft" storage="d:\actions-runner\_work\xpco\xpco\allsolutions\..\common\sc_sharedcomponent\components\dotnet\videoos.common.sharedcomponent\unittest\bin\debug\net6.0-windows\videoos.common.sharedcomponent.unittest.dll" id="47403bc3-967a-71b3-2066-826018c7ac17">
      <Execution id="aa6f0185-f964-4558-a951-dd3f5ba87c98" />
      <TestMethod codeBase="D:\actions-runner\_work\XPCO\XPCO\AllSolutions\..\Common\SC_SharedComponent\Components\dotNet\VideoOS.Common.SharedComponent\unittest\bin\Debug\net6.0-windows\VideoOS.Common.SharedComponent.UnitTest.dll" adapterTypeName="executor://mstestadapter/v2" className="VideoOS.Common.SharedComponent.UnitTest.ClientProfileSpecificationTest" name="OemResourceTestLeft" />
    </UnitTest>
    <UnitTest name="SectionTest" storage="d:\actions-runner\_work\xpco\xpco\allsolutions\..\common\sc_sharedcomponent\components\dotnet\videoos.common.sharedcomponent\unittest\bin\debug\net6.0-windows\videoos.common.sharedcomponent.unittest.dll" id="b9bc7de1-1701-54c1-97d8-89b432232c65">
      <Execution id="ea7bf6e2-2ce6-4abc-b19d-a5e49032ec9d" />
      <TestMethod codeBase="D:\actions-runner\_work\XPCO\XPCO\AllSolutions\..\Common\SC_SharedComponent\Components\dotNet\VideoOS.Common.SharedComponent\unittest\bin\Debug\net6.0-windows\VideoOS.Common.SharedComponent.UnitTest.dll" adapterTypeName="executor://mstestadapter/v2" className="VideoOS.Common.SharedComponent.UnitTest.ClientProfileSpecificationTest" name="SectionTest" />
    </UnitTest>
    <UnitTest name="XmlDefinitionTestSameXmlDefWithOutViewLayout" storage="d:\actions-runner\_work\xpco\xpco\allsolutions\..\common\sc_sharedcomponent\components\dotnet\videoos.common.sharedcomponent\unittest\bin\debug\net6.0-windows\videoos.common.sharedcomponent.unittest.dll" id="2491c8e0-6864-aec1-2ce1-44db22ef6175">
      <Execution id="955950e3-4e59-4f91-b962-d7c2c99be0dd" />
      <TestMethod codeBase="D:\actions-runner\_work\XPCO\XPCO\AllSolutions\..\Common\SC_SharedComponent\Components\dotNet\VideoOS.Common.SharedComponent\unittest\bin\Debug\net6.0-windows\VideoOS.Common.SharedComponent.UnitTest.dll" adapterTypeName="executor://mstestadapter/v2" className="VideoOS.Common.SharedComponent.UnitTest.ViewDataTest" name="XmlDefinitionTestSameXmlDefWithOutViewLayout" />
    </UnitTest>
    <UnitTest name="XmlDefinitionTestChangeId" storage="d:\actions-runner\_work\xpco\xpco\allsolutions\..\common\sc_sharedcomponent\components\dotnet\videoos.common.sharedcomponent\unittest\bin\debug\net6.0-windows\videoos.common.sharedcomponent.unittest.dll" id="8bf99f23-19c7-fd04-b2e4-c5011f2571b8">
      <Execution id="96e51766-d930-4bd7-8a6d-446a01ea5f00" />
      <TestMethod codeBase="D:\actions-runner\_work\XPCO\XPCO\AllSolutions\..\Common\SC_SharedComponent\Components\dotNet\VideoOS.Common.SharedComponent\unittest\bin\Debug\net6.0-windows\VideoOS.Common.SharedComponent.UnitTest.dll" adapterTypeName="executor://mstestadapter/v2" className="VideoOS.Common.SharedComponent.UnitTest.ViewDataTest" name="XmlDefinitionTestChangeId" />
    </UnitTest>
    <UnitTest name="OemResourceTestMissingResource" storage="d:\actions-runner\_work\xpco\xpco\allsolutions\..\common\sc_sharedcomponent\components\dotnet\videoos.common.sharedcomponent\unittest\bin\debug\net6.0-windows\videoos.common.sharedcomponent.unittest.dll" id="408ad07d-5f6b-b886-4d3f-296acfe05eb9">
      <Execution id="58813f0b-13b5-4b0f-a91a-bb29366a50ac" />
      <TestMethod codeBase="D:\actions-runner\_work\XPCO\XPCO\AllSolutions\..\Common\SC_SharedComponent\Components\dotNet\VideoOS.Common.SharedComponent\unittest\bin\Debug\net6.0-windows\VideoOS.Common.SharedComponent.UnitTest.dll" adapterTypeName="executor://mstestadapter/v2" className="VideoOS.Common.SharedComponent.UnitTest.ClientProfileSpecificationTest" name="OemResourceTestMissingResource" />
    </UnitTest>
    <UnitTest name="CreateViewItemTestWithoutName" storage="d:\actions-runner\_work\xpco\xpco\allsolutions\..\common\sc_sharedcomponent\components\dotnet\videoos.common.sharedcomponent\unittest\bin\debug\net6.0-windows\videoos.common.sharedcomponent.unittest.dll" id="1c6db5ba-20fe-28ab-2a15-0a57b74b546c">
      <Execution id="f265ced8-12ce-4145-8a3c-46a5b91b4c1c" />
      <TestMethod codeBase="D:\actions-runner\_work\XPCO\XPCO\AllSolutions\..\Common\SC_SharedComponent\Components\dotNet\VideoOS.Common.SharedComponent\unittest\bin\Debug\net6.0-windows\VideoOS.Common.SharedComponent.UnitTest.dll" adapterTypeName="executor://mstestadapter/v2" className="VideoOS.Common.SharedComponent.UnitTest.ViewHandlingTest" name="CreateViewItemTestWithoutName" />
    </UnitTest>
    <UnitTest name="GetViewItemInformationTestVolapyk2" storage="d:\actions-runner\_work\xpco\xpco\allsolutions\..\common\sc_sharedcomponent\components\dotnet\videoos.common.sharedcomponent\unittest\bin\debug\net6.0-windows\videoos.common.sharedcomponent.unittest.dll" id="bc2b776f-71aa-5f70-1c0e-34250d6d2c50">
      <Execution id="4d8e91c6-5cef-4742-acae-d3c6106a70bb" />
      <TestMethod codeBase="D:\actions-runner\_work\XPCO\XPCO\AllSolutions\..\Common\SC_SharedComponent\Components\dotNet\VideoOS.Common.SharedComponent\unittest\bin\Debug\net6.0-windows\VideoOS.Common.SharedComponent.UnitTest.dll" adapterTypeName="executor://mstestadapter/v2" className="VideoOS.Common.SharedComponent.UnitTest.ViewHandlingTest" name="GetViewItemInformationTestVolapyk2" />
    </UnitTest>
    <UnitTest name="HasSameLayoutTestDifferentLayout" storage="d:\actions-runner\_work\xpco\xpco\allsolutions\..\common\sc_sharedcomponent\components\dotnet\videoos.common.sharedcomponent\unittest\bin\debug\net6.0-windows\videoos.common.sharedcomponent.unittest.dll" id="de88dd35-2bb3-134a-91c5-582a2de3180e">
      <Execution id="cd748d2a-40cd-4cc8-a16b-a77663ae72b8" />
      <TestMethod codeBase="D:\actions-runner\_work\XPCO\XPCO\AllSolutions\..\Common\SC_SharedComponent\Components\dotNet\VideoOS.Common.SharedComponent\unittest\bin\Debug\net6.0-windows\VideoOS.Common.SharedComponent.UnitTest.dll" adapterTypeName="executor://mstestadapter/v2" className="VideoOS.Common.SharedComponent.UnitTest.ViewDataTest" name="HasSameLayoutTestDifferentLayout" />
    </UnitTest>
    <UnitTest name="MergeViewsTestRenameViewItem2" storage="d:\actions-runner\_work\xpco\xpco\allsolutions\..\common\sc_sharedcomponent\components\dotnet\videoos.common.sharedcomponent\unittest\bin\debug\net6.0-windows\videoos.common.sharedcomponent.unittest.dll" id="a6b14cbd-c459-74e0-c0e1-a2ee29cbdab4">
      <Execution id="aef1fcc3-e196-4734-8662-4a7b7102d5cd" />
      <TestMethod codeBase="D:\actions-runner\_work\XPCO\XPCO\AllSolutions\..\Common\SC_SharedComponent\Components\dotNet\VideoOS.Common.SharedComponent\unittest\bin\Debug\net6.0-windows\VideoOS.Common.SharedComponent.UnitTest.dll" adapterTypeName="executor://mstestadapter/v2" className="VideoOS.Common.SharedComponent.UnitTest.ViewHandlingTest" name="MergeViewsTestRenameViewItem2" />
    </UnitTest>
    <UnitTest name="GetViewLayoutIconWithoutIconData" storage="d:\actions-runner\_work\xpco\xpco\allsolutions\..\common\sc_sharedcomponent\components\dotnet\videoos.common.sharedcomponent\unittest\bin\debug\net6.0-windows\videoos.common.sharedcomponent.unittest.dll" id="5666b8c7-f9af-e7d0-86ea-81d03aa4bf97">
      <Execution id="598dc477-0ad5-4df2-be13-6ca4db3c8b46" />
      <TestMethod codeBase="D:\actions-runner\_work\XPCO\XPCO\AllSolutions\..\Common\SC_SharedComponent\Components\dotNet\VideoOS.Common.SharedComponent\unittest\bin\Debug\net6.0-windows\VideoOS.Common.SharedComponent.UnitTest.dll" adapterTypeName="executor://mstestadapter/v2" className="VideoOS.Common.SharedComponent.UnitTest.ViewHandlingTest" name="GetViewLayoutIconWithoutIconData" />
    </UnitTest>
    <UnitTest name="HasSameLayoutTestDifferentLayoutSameCountOfItems" storage="d:\actions-runner\_work\xpco\xpco\allsolutions\..\common\sc_sharedcomponent\components\dotnet\videoos.common.sharedcomponent\unittest\bin\debug\net6.0-windows\videoos.common.sharedcomponent.unittest.dll" id="4172bb95-d7c9-fb83-5a23-b46d579edf2d">
      <Execution id="88f28a2f-7810-4f86-b817-69672fa53d33" />
      <TestMethod codeBase="D:\actions-runner\_work\XPCO\XPCO\AllSolutions\..\Common\SC_SharedComponent\Components\dotNet\VideoOS.Common.SharedComponent\unittest\bin\Debug\net6.0-windows\VideoOS.Common.SharedComponent.UnitTest.dll" adapterTypeName="executor://mstestadapter/v2" className="VideoOS.Common.SharedComponent.UnitTest.ViewDataTest" name="HasSameLayoutTestDifferentLayoutSameCountOfItems" />
    </UnitTest>
    <UnitTest name="GetViewItemInformationTestEmpty" storage="d:\actions-runner\_work\xpco\xpco\allsolutions\..\common\sc_sharedcomponent\components\dotnet\videoos.common.sharedcomponent\unittest\bin\debug\net6.0-windows\videoos.common.sharedcomponent.unittest.dll" id="ff4e3e4a-f004-2767-4cb7-e0f5465b86bd">
      <Execution id="1aeb40b5-a28c-4c5d-9798-feb5b08e2e1e" />
      <TestMethod codeBase="D:\actions-runner\_work\XPCO\XPCO\AllSolutions\..\Common\SC_SharedComponent\Components\dotNet\VideoOS.Common.SharedComponent\unittest\bin\Debug\net6.0-windows\VideoOS.Common.SharedComponent.UnitTest.dll" adapterTypeName="executor://mstestadapter/v2" className="VideoOS.Common.SharedComponent.UnitTest.ViewHandlingTest" name="GetViewItemInformationTestEmpty" />
    </UnitTest>
    <UnitTest name="OptionIdExists" storage="d:\actions-runner\_work\xpco\xpco\allsolutions\..\common\sc_sharedcomponent\components\dotnet\videoos.common.sharedcomponent\unittest\bin\debug\net6.0-windows\videoos.common.sharedcomponent.unittest.dll" id="1f4391e4-ec80-0d11-c7a5-0f92acc9ef76">
      <Execution id="e4168a39-9bf7-4c71-9773-68a13e5b2cfa" />
      <TestMethod codeBase="D:\actions-runner\_work\XPCO\XPCO\AllSolutions\..\Common\SC_SharedComponent\Components\dotNet\VideoOS.Common.SharedComponent\unittest\bin\Debug\net6.0-windows\VideoOS.Common.SharedComponent.UnitTest.dll" adapterTypeName="executor://mstestadapter/v2" className="VideoOS.Common.SharedComponent.UnitTest.ClientProfileSpecificationTest" name="OptionIdExists" />
    </UnitTest>
    <UnitTest name="MergeViewsTestNestedGroups" storage="d:\actions-runner\_work\xpco\xpco\allsolutions\..\common\sc_sharedcomponent\components\dotnet\videoos.common.sharedcomponent\unittest\bin\debug\net6.0-windows\videoos.common.sharedcomponent.unittest.dll" id="9dbafe7d-bc33-528e-4673-e2398c67f197">
      <Execution id="922633a9-a2cb-49f9-8098-1b5b51c98ac8" />
      <TestMethod codeBase="D:\actions-runner\_work\XPCO\XPCO\AllSolutions\..\Common\SC_SharedComponent\Components\dotNet\VideoOS.Common.SharedComponent\unittest\bin\Debug\net6.0-windows\VideoOS.Common.SharedComponent.UnitTest.dll" adapterTypeName="executor://mstestadapter/v2" className="VideoOS.Common.SharedComponent.UnitTest.ViewHandlingTest" name="MergeViewsTestNestedGroups" />
    </UnitTest>
    <UnitTest name="GetViewLayoutIcon" storage="d:\actions-runner\_work\xpco\xpco\allsolutions\..\common\sc_sharedcomponent\components\dotnet\videoos.common.sharedcomponent\unittest\bin\debug\net6.0-windows\videoos.common.sharedcomponent.unittest.dll" id="53bbe8f2-0f34-e330-186b-23d3dc2eb668">
      <Execution id="b56ea56c-8862-4325-b140-e27c593318d7" />
      <TestMethod codeBase="D:\actions-runner\_work\XPCO\XPCO\AllSolutions\..\Common\SC_SharedComponent\Components\dotNet\VideoOS.Common.SharedComponent\unittest\bin\Debug\net6.0-windows\VideoOS.Common.SharedComponent.UnitTest.dll" adapterTypeName="executor://mstestadapter/v2" className="VideoOS.Common.SharedComponent.UnitTest.ViewHandlingTest" name="GetViewLayoutIcon" />
    </UnitTest>
    <UnitTest name="WritingToDatabaseFromOldInterface" storage="d:\actions-runner\_work\xpco\xpco\allsolutions\..\common\sc_sharedcomponent\components\dotnet\videoos.common.sharedcomponent\unittest\bin\debug\net6.0-windows\videoos.common.sharedcomponent.unittest.dll" id="236ca3ce-0389-8ef0-abea-b648ea8a1be0">
      <Execution id="87c117a8-d929-4c3e-a31f-a4a6b4a3fafa" />
      <TestMethod codeBase="D:\actions-runner\_work\XPCO\XPCO\AllSolutions\..\Common\SC_SharedComponent\Components\dotNet\VideoOS.Common.SharedComponent\unittest\bin\Debug\net6.0-windows\VideoOS.Common.SharedComponent.UnitTest.dll" adapterTypeName="executor://mstestadapter/v2" className="VideoOS.Common.SharedComponent.UnitTest.XPCOTests" name="WritingToDatabaseFromOldInterface" />
    </UnitTest>
    <UnitTest name="XmlDefinitionTestWithXmlNs" storage="d:\actions-runner\_work\xpco\xpco\allsolutions\..\common\sc_sharedcomponent\components\dotnet\videoos.common.sharedcomponent\unittest\bin\debug\net6.0-windows\videoos.common.sharedcomponent.unittest.dll" id="11ab56de-5757-d5e9-ba57-61fb77e7bb23">
      <Execution id="c985327d-4d86-4a35-a280-f846f0e5b64f" />
      <TestMethod codeBase="D:\actions-runner\_work\XPCO\XPCO\AllSolutions\..\Common\SC_SharedComponent\Components\dotNet\VideoOS.Common.SharedComponent\unittest\bin\Debug\net6.0-windows\VideoOS.Common.SharedComponent.UnitTest.dll" adapterTypeName="executor://mstestadapter/v2" className="VideoOS.Common.SharedComponent.UnitTest.ViewGroupDataTest" name="XmlDefinitionTestWithXmlNs" />
    </UnitTest>
    <UnitTest name="OEMTest" storage="d:\actions-runner\_work\xpco\xpco\allsolutions\..\common\sc_sharedcomponent\components\dotnet\videoos.common.sharedcomponent\unittest\bin\debug\net6.0-windows\videoos.common.sharedcomponent.unittest.dll" id="689e1cc2-1038-8003-b0bc-81785b3aabb0">
      <Execution id="7fe23768-bfb3-4333-b12f-68729353f790" />
      <TestMethod codeBase="D:\actions-runner\_work\XPCO\XPCO\AllSolutions\..\Common\SC_SharedComponent\Components\dotNet\VideoOS.Common.SharedComponent\unittest\bin\Debug\net6.0-windows\VideoOS.Common.SharedComponent.UnitTest.dll" adapterTypeName="executor://mstestadapter/v2" className="VideoOS.Common.SharedComponent.UnitTest.ClientProfileSpecificationTest" name="OEMTest" />
    </UnitTest>
    <UnitTest name="CreateViewItemTestEmpty" storage="d:\actions-runner\_work\xpco\xpco\allsolutions\..\common\sc_sharedcomponent\components\dotnet\videoos.common.sharedcomponent\unittest\bin\debug\net6.0-windows\videoos.common.sharedcomponent.unittest.dll" id="6e96adc2-3fdc-0ba2-4a9e-041d478ad370">
      <Execution id="e67dbc03-7bb8-41aa-aed1-30957bf3c24b" />
      <TestMethod codeBase="D:\actions-runner\_work\XPCO\XPCO\AllSolutions\..\Common\SC_SharedComponent\Components\dotNet\VideoOS.Common.SharedComponent\unittest\bin\Debug\net6.0-windows\VideoOS.Common.SharedComponent.UnitTest.dll" adapterTypeName="executor://mstestadapter/v2" className="VideoOS.Common.SharedComponent.UnitTest.ViewHandlingTest" name="CreateViewItemTestEmpty" />
    </UnitTest>
    <UnitTest name="CreateAViewFromViewLayout" storage="d:\actions-runner\_work\xpco\xpco\allsolutions\..\common\sc_sharedcomponent\components\dotnet\videoos.common.sharedcomponent\unittest\bin\debug\net6.0-windows\videoos.common.sharedcomponent.unittest.dll" id="eede754c-6bf8-cc48-0806-5973ae66c9ef">
      <Execution id="d34e1e5d-fa05-4a48-8eb7-e653f2a84227" />
      <TestMethod codeBase="D:\actions-runner\_work\XPCO\XPCO\AllSolutions\..\Common\SC_SharedComponent\Components\dotNet\VideoOS.Common.SharedComponent\unittest\bin\Debug\net6.0-windows\VideoOS.Common.SharedComponent.UnitTest.dll" adapterTypeName="executor://mstestadapter/v2" className="VideoOS.Common.SharedComponent.UnitTest.XPCOTests" name="CreateAViewFromViewLayout" />
    </UnitTest>
    <UnitTest name="MergeViewsTestSimple" storage="d:\actions-runner\_work\xpco\xpco\allsolutions\..\common\sc_sharedcomponent\components\dotnet\videoos.common.sharedcomponent\unittest\bin\debug\net6.0-windows\videoos.common.sharedcomponent.unittest.dll" id="0eb26f68-74bb-29d5-7d08-2de54c671d9a">
      <Execution id="769e542a-d4d5-4c01-b6c9-509cc9c79cf5" />
      <TestMethod codeBase="D:\actions-runner\_work\XPCO\XPCO\AllSolutions\..\Common\SC_SharedComponent\Components\dotNet\VideoOS.Common.SharedComponent\unittest\bin\Debug\net6.0-windows\VideoOS.Common.SharedComponent.UnitTest.dll" adapterTypeName="executor://mstestadapter/v2" className="VideoOS.Common.SharedComponent.UnitTest.ViewHandlingTest" name="MergeViewsTestSimple" />
    </UnitTest>
    <UnitTest name="OemResourceTestMultiple" storage="d:\actions-runner\_work\xpco\xpco\allsolutions\..\common\sc_sharedcomponent\components\dotnet\videoos.common.sharedcomponent\unittest\bin\debug\net6.0-windows\videoos.common.sharedcomponent.unittest.dll" id="fc6a211c-ab15-f856-ad3d-4b03d7bd9abb">
      <Execution id="a5e83e25-f2b1-4364-ace3-87d5fff6dadc" />
      <TestMethod codeBase="D:\actions-runner\_work\XPCO\XPCO\AllSolutions\..\Common\SC_SharedComponent\Components\dotNet\VideoOS.Common.SharedComponent\unittest\bin\Debug\net6.0-windows\VideoOS.Common.SharedComponent.UnitTest.dll" adapterTypeName="executor://mstestadapter/v2" className="VideoOS.Common.SharedComponent.UnitTest.ClientProfileSpecificationTest" name="OemResourceTestMultiple" />
    </UnitTest>
    <UnitTest name="XmlDefinitionTestSameXmlDef" storage="d:\actions-runner\_work\xpco\xpco\allsolutions\..\common\sc_sharedcomponent\components\dotnet\videoos.common.sharedcomponent\unittest\bin\debug\net6.0-windows\videoos.common.sharedcomponent.unittest.dll" id="0a0a41c5-0650-4778-1e4c-1ccad8eb4718">
      <Execution id="79d6a4a2-5bb6-4a76-aadc-b646f12f7882" />
      <TestMethod codeBase="D:\actions-runner\_work\XPCO\XPCO\AllSolutions\..\Common\SC_SharedComponent\Components\dotNet\VideoOS.Common.SharedComponent\unittest\bin\Debug\net6.0-windows\VideoOS.Common.SharedComponent.UnitTest.dll" adapterTypeName="executor://mstestadapter/v2" className="VideoOS.Common.SharedComponent.UnitTest.GroupDataTest" name="XmlDefinitionTestSameXmlDef" />
    </UnitTest>
    <UnitTest name="TestMilestoneAndPinkResourceXmlStructure_AreSame_Success" storage="d:\actions-runner\_work\xpco\xpco\allsolutions\..\common\sc_sharedcomponent\components\dotnet\videoos.common.sharedcomponent\unittest\bin\debug\net6.0-windows\videoos.common.sharedcomponent.unittest.dll" id="9e06fd07-2b9d-78b8-e9d4-c1bfd78820ab">
      <Execution id="04e9777a-65df-48fb-928a-7136fb2646dd" />
      <TestMethod codeBase="D:\actions-runner\_work\XPCO\XPCO\AllSolutions\..\Common\SC_SharedComponent\Components\dotNet\VideoOS.Common.SharedComponent\unittest\bin\Debug\net6.0-windows\VideoOS.Common.SharedComponent.UnitTest.dll" adapterTypeName="executor://mstestadapter/v2" className="VideoOS.Common.SharedComponent.UnitTest.ResourceXmlTests" name="TestMilestoneAndPinkResourceXmlStructure_AreSame_Success" />
    </UnitTest>
    <UnitTest name="ClientProfileSpecificationConstructorTest" storage="d:\actions-runner\_work\xpco\xpco\allsolutions\..\common\sc_sharedcomponent\components\dotnet\videoos.common.sharedcomponent\unittest\bin\debug\net6.0-windows\videoos.common.sharedcomponent.unittest.dll" id="c4dbd4c5-72c0-15f5-b4ca-7f7b2d8cf0ea">
      <Execution id="addef0b9-d33b-49dc-a2aa-6d7b5211b9b4" />
      <TestMethod codeBase="D:\actions-runner\_work\XPCO\XPCO\AllSolutions\..\Common\SC_SharedComponent\Components\dotNet\VideoOS.Common.SharedComponent\unittest\bin\Debug\net6.0-windows\VideoOS.Common.SharedComponent.UnitTest.dll" adapterTypeName="executor://mstestadapter/v2" className="VideoOS.Common.SharedComponent.UnitTest.ClientProfileSpecificationTest" name="ClientProfileSpecificationConstructorTest" />
    </UnitTest>
    <UnitTest name="GetViewTest" storage="d:\actions-runner\_work\xpco\xpco\allsolutions\..\common\sc_sharedcomponent\components\dotnet\videoos.common.sharedcomponent\unittest\bin\debug\net6.0-windows\videoos.common.sharedcomponent.unittest.dll" id="98d520ea-7719-19c4-1c75-d35945f01721">
      <Execution id="b7c4b190-3665-44ec-a710-edb85c6d6723" />
      <TestMethod codeBase="D:\actions-runner\_work\XPCO\XPCO\AllSolutions\..\Common\SC_SharedComponent\Components\dotNet\VideoOS.Common.SharedComponent\unittest\bin\Debug\net6.0-windows\VideoOS.Common.SharedComponent.UnitTest.dll" adapterTypeName="executor://mstestadapter/v2" className="VideoOS.Common.SharedComponent.UnitTest.ViewHandlingTest" name="GetViewTest" />
    </UnitTest>
    <UnitTest name="XmlDefinitionTestInputXmlDefTooLarge" storage="d:\actions-runner\_work\xpco\xpco\allsolutions\..\common\sc_sharedcomponent\components\dotnet\videoos.common.sharedcomponent\unittest\bin\debug\net6.0-windows\videoos.common.sharedcomponent.unittest.dll" id="564a5326-9045-4af6-a307-44976ed413a3">
      <Execution id="a990a4b4-f197-4248-8a1b-ce58ed64b97a" />
      <TestMethod codeBase="D:\actions-runner\_work\XPCO\XPCO\AllSolutions\..\Common\SC_SharedComponent\Components\dotNet\VideoOS.Common.SharedComponent\unittest\bin\Debug\net6.0-windows\VideoOS.Common.SharedComponent.UnitTest.dll" adapterTypeName="executor://mstestadapter/v2" className="VideoOS.Common.SharedComponent.UnitTest.ViewDataTest" name="XmlDefinitionTestInputXmlDefTooLarge" />
    </UnitTest>
    <UnitTest name="GetXMLTest" storage="d:\actions-runner\_work\xpco\xpco\allsolutions\..\common\sc_sharedcomponent\components\dotnet\videoos.common.sharedcomponent\unittest\bin\debug\net6.0-windows\videoos.common.sharedcomponent.unittest.dll" id="97082b05-d0c1-515c-c534-550af4f1effa">
      <Execution id="46ff8a4b-8e3a-4edf-868d-cf9a6fe7b5fd" />
      <TestMethod codeBase="D:\actions-runner\_work\XPCO\XPCO\AllSolutions\..\Common\SC_SharedComponent\Components\dotNet\VideoOS.Common.SharedComponent\unittest\bin\Debug\net6.0-windows\VideoOS.Common.SharedComponent.UnitTest.dll" adapterTypeName="executor://mstestadapter/v2" className="VideoOS.Common.SharedComponent.UnitTest.ViewDataTest" name="GetXMLTest" />
    </UnitTest>
    <UnitTest name="GetViewItemInformationTestCamera" storage="d:\actions-runner\_work\xpco\xpco\allsolutions\..\common\sc_sharedcomponent\components\dotnet\videoos.common.sharedcomponent\unittest\bin\debug\net6.0-windows\videoos.common.sharedcomponent.unittest.dll" id="de9cbd9f-4471-4e54-f5db-b90506dbee28">
      <Execution id="9f8b37a8-4595-4adb-84e1-645e37298c3f" />
      <TestMethod codeBase="D:\actions-runner\_work\XPCO\XPCO\AllSolutions\..\Common\SC_SharedComponent\Components\dotNet\VideoOS.Common.SharedComponent\unittest\bin\Debug\net6.0-windows\VideoOS.Common.SharedComponent.UnitTest.dll" adapterTypeName="executor://mstestadapter/v2" className="VideoOS.Common.SharedComponent.UnitTest.ViewHandlingTest" name="GetViewItemInformationTestCamera" />
    </UnitTest>
    <UnitTest name="XmlDefinitionTestSameXmlDefWithViewLayout" storage="d:\actions-runner\_work\xpco\xpco\allsolutions\..\common\sc_sharedcomponent\components\dotnet\videoos.common.sharedcomponent\unittest\bin\debug\net6.0-windows\videoos.common.sharedcomponent.unittest.dll" id="d7213de0-ba53-6299-6081-4e8f0391fa0f">
      <Execution id="af49aa78-4729-4d2f-b1dd-7f439b8f480b" />
      <TestMethod codeBase="D:\actions-runner\_work\XPCO\XPCO\AllSolutions\..\Common\SC_SharedComponent\Components\dotNet\VideoOS.Common.SharedComponent\unittest\bin\Debug\net6.0-windows\VideoOS.Common.SharedComponent.UnitTest.dll" adapterTypeName="executor://mstestadapter/v2" className="VideoOS.Common.SharedComponent.UnitTest.ViewDataTest" name="XmlDefinitionTestSameXmlDefWithViewLayout" />
    </UnitTest>
    <UnitTest name="XmlDefinitionTestTooLarge" storage="d:\actions-runner\_work\xpco\xpco\allsolutions\..\common\sc_sharedcomponent\components\dotnet\videoos.common.sharedcomponent\unittest\bin\debug\net6.0-windows\videoos.common.sharedcomponent.unittest.dll" id="aa53f098-9c56-cdb1-b69f-6fde960936f2">
      <Execution id="a7cb6bdf-26c2-4e7b-8956-3e69dba2444d" />
      <TestMethod codeBase="D:\actions-runner\_work\XPCO\XPCO\AllSolutions\..\Common\SC_SharedComponent\Components\dotNet\VideoOS.Common.SharedComponent\unittest\bin\Debug\net6.0-windows\VideoOS.Common.SharedComponent.UnitTest.dll" adapterTypeName="executor://mstestadapter/v2" className="VideoOS.Common.SharedComponent.UnitTest.GroupDataTest" name="XmlDefinitionTestTooLarge" />
    </UnitTest>
    <UnitTest name="OemResourceTestRight" storage="d:\actions-runner\_work\xpco\xpco\allsolutions\..\common\sc_sharedcomponent\components\dotnet\videoos.common.sharedcomponent\unittest\bin\debug\net6.0-windows\videoos.common.sharedcomponent.unittest.dll" id="67bdb42f-3b3e-9ff5-d6f4-e67898880eab">
      <Execution id="7001aebe-74e1-4643-a4bf-3c394ae54652" />
      <TestMethod codeBase="D:\actions-runner\_work\XPCO\XPCO\AllSolutions\..\Common\SC_SharedComponent\Components\dotNet\VideoOS.Common.SharedComponent\unittest\bin\Debug\net6.0-windows\VideoOS.Common.SharedComponent.UnitTest.dll" adapterTypeName="executor://mstestadapter/v2" className="VideoOS.Common.SharedComponent.UnitTest.ClientProfileSpecificationTest" name="OemResourceTestRight" />
    </UnitTest>
    <UnitTest name="HasSameLayoutTest" storage="d:\actions-runner\_work\xpco\xpco\allsolutions\..\common\sc_sharedcomponent\components\dotnet\videoos.common.sharedcomponent\unittest\bin\debug\net6.0-windows\videoos.common.sharedcomponent.unittest.dll" id="873e8bfc-2655-ce9c-d0ad-b71f6c89de6a">
      <Execution id="acf659f6-b91b-4fbc-bd83-5b5e1f4ba00c" />
      <TestMethod codeBase="D:\actions-runner\_work\XPCO\XPCO\AllSolutions\..\Common\SC_SharedComponent\Components\dotNet\VideoOS.Common.SharedComponent\unittest\bin\Debug\net6.0-windows\VideoOS.Common.SharedComponent.UnitTest.dll" adapterTypeName="executor://mstestadapter/v2" className="VideoOS.Common.SharedComponent.UnitTest.ViewDataTest" name="HasSameLayoutTest" />
    </UnitTest>
    <UnitTest name="ControlTest" storage="d:\actions-runner\_work\xpco\xpco\allsolutions\..\common\sc_sharedcomponent\components\dotnet\videoos.common.sharedcomponent\unittest\bin\debug\net6.0-windows\videoos.common.sharedcomponent.unittest.dll" id="7f274973-9012-fb8d-b543-11928fca42a3">
      <Execution id="ee7e49b6-5b5b-48ff-8425-8ab2225c5f37" />
      <TestMethod codeBase="D:\actions-runner\_work\XPCO\XPCO\AllSolutions\..\Common\SC_SharedComponent\Components\dotNet\VideoOS.Common.SharedComponent\unittest\bin\Debug\net6.0-windows\VideoOS.Common.SharedComponent.UnitTest.dll" adapterTypeName="executor://mstestadapter/v2" className="VideoOS.Common.SharedComponent.UnitTest.ClientProfileSpecificationTest" name="ControlTest" />
    </UnitTest>
    <UnitTest name="XmlDefinitionTestChangeId" storage="d:\actions-runner\_work\xpco\xpco\allsolutions\..\common\sc_sharedcomponent\components\dotnet\videoos.common.sharedcomponent\unittest\bin\debug\net6.0-windows\videoos.common.sharedcomponent.unittest.dll" id="30eeb4d0-7353-f7b2-9ab9-ee46aa661d39">
      <Execution id="d08ef459-4150-41b1-a9b0-4bc30976b463" />
      <TestMethod codeBase="D:\actions-runner\_work\XPCO\XPCO\AllSolutions\..\Common\SC_SharedComponent\Components\dotNet\VideoOS.Common.SharedComponent\unittest\bin\Debug\net6.0-windows\VideoOS.Common.SharedComponent.UnitTest.dll" adapterTypeName="executor://mstestadapter/v2" className="VideoOS.Common.SharedComponent.UnitTest.GroupDataTest" name="XmlDefinitionTestChangeId" />
    </UnitTest>
    <UnitTest name="OemResourceTestCenter" storage="d:\actions-runner\_work\xpco\xpco\allsolutions\..\common\sc_sharedcomponent\components\dotnet\videoos.common.sharedcomponent\unittest\bin\debug\net6.0-windows\videoos.common.sharedcomponent.unittest.dll" id="fa03c8f3-e5af-b789-81b4-b496e664d26d">
      <Execution id="e09ad92d-9d7a-4bb2-a4cb-62ff8dbe9c3c" />
      <TestMethod codeBase="D:\actions-runner\_work\XPCO\XPCO\AllSolutions\..\Common\SC_SharedComponent\Components\dotNet\VideoOS.Common.SharedComponent\unittest\bin\Debug\net6.0-windows\VideoOS.Common.SharedComponent.UnitTest.dll" adapterTypeName="executor://mstestadapter/v2" className="VideoOS.Common.SharedComponent.UnitTest.ClientProfileSpecificationTest" name="OemResourceTestCenter" />
    </UnitTest>
    <UnitTest name="CreateViewItemTestCamera" storage="d:\actions-runner\_work\xpco\xpco\allsolutions\..\common\sc_sharedcomponent\components\dotnet\videoos.common.sharedcomponent\unittest\bin\debug\net6.0-windows\videoos.common.sharedcomponent.unittest.dll" id="2bb92454-c982-85a0-fed5-5943faa53d7e">
      <Execution id="ea7e7c7e-1bfe-4c8c-94d8-0d1a222aa46c" />
      <TestMethod codeBase="D:\actions-runner\_work\XPCO\XPCO\AllSolutions\..\Common\SC_SharedComponent\Components\dotNet\VideoOS.Common.SharedComponent\unittest\bin\Debug\net6.0-windows\VideoOS.Common.SharedComponent.UnitTest.dll" adapterTypeName="executor://mstestadapter/v2" className="VideoOS.Common.SharedComponent.UnitTest.ViewHandlingTest" name="CreateViewItemTestCamera" />
    </UnitTest>
    <UnitTest name="OemResourceTestMultipleSame" storage="d:\actions-runner\_work\xpco\xpco\allsolutions\..\common\sc_sharedcomponent\components\dotnet\videoos.common.sharedcomponent\unittest\bin\debug\net6.0-windows\videoos.common.sharedcomponent.unittest.dll" id="dd8036b8-fdc1-0d17-7df5-e0b28ab59ac4">
      <Execution id="eab991c1-2dbe-4ddc-b9ef-5f95b83aaaaa" />
      <TestMethod codeBase="D:\actions-runner\_work\XPCO\XPCO\AllSolutions\..\Common\SC_SharedComponent\Components\dotNet\VideoOS.Common.SharedComponent\unittest\bin\Debug\net6.0-windows\VideoOS.Common.SharedComponent.UnitTest.dll" adapterTypeName="executor://mstestadapter/v2" className="VideoOS.Common.SharedComponent.UnitTest.ClientProfileSpecificationTest" name="OemResourceTestMultipleSame" />
    </UnitTest>
    <UnitTest name="JKTest" storage="d:\actions-runner\_work\xpco\xpco\allsolutions\..\common\sc_sharedcomponent\components\dotnet\videoos.common.sharedcomponent\unittest\bin\debug\net6.0-windows\videoos.common.sharedcomponent.unittest.dll" id="6bda8086-eb0a-b493-2dc0-3e0575dce14b">
      <Execution id="4fdc5912-4e22-4c14-9c4f-3c6351433e8a" />
      <TestMethod codeBase="D:\actions-runner\_work\XPCO\XPCO\AllSolutions\..\Common\SC_SharedComponent\Components\dotNet\VideoOS.Common.SharedComponent\unittest\bin\Debug\net6.0-windows\VideoOS.Common.SharedComponent.UnitTest.dll" adapterTypeName="executor://mstestadapter/v2" className="VideoOS.Common.SharedComponent.UnitTest.ViewItemDataTest" name="JKTest" />
    </UnitTest>
    <UnitTest name="ResourceTest" storage="d:\actions-runner\_work\xpco\xpco\allsolutions\..\common\sc_sharedcomponent\components\dotnet\videoos.common.sharedcomponent\unittest\bin\debug\net6.0-windows\videoos.common.sharedcomponent.unittest.dll" id="b6d6a872-f637-0453-3277-4afc1d03bdca">
      <Execution id="d1a4a490-ff1c-49fa-9bfe-281a28c85476" />
      <TestMethod codeBase="D:\actions-runner\_work\XPCO\XPCO\AllSolutions\..\Common\SC_SharedComponent\Components\dotNet\VideoOS.Common.SharedComponent\unittest\bin\Debug\net6.0-windows\VideoOS.Common.SharedComponent.UnitTest.dll" adapterTypeName="executor://mstestadapter/v2" className="VideoOS.Common.SharedComponent.UnitTest.ClientProfileSpecificationTest" name="ResourceTest" />
    </UnitTest>
    <UnitTest name="CreateViewItemTestUnknown" storage="d:\actions-runner\_work\xpco\xpco\allsolutions\..\common\sc_sharedcomponent\components\dotnet\videoos.common.sharedcomponent\unittest\bin\debug\net6.0-windows\videoos.common.sharedcomponent.unittest.dll" id="4755979f-b152-396b-612c-7f928df8984f">
      <Execution id="51c8af9a-24c0-41d2-82c1-c76d6425d316" />
      <TestMethod codeBase="D:\actions-runner\_work\XPCO\XPCO\AllSolutions\..\Common\SC_SharedComponent\Components\dotNet\VideoOS.Common.SharedComponent\unittest\bin\Debug\net6.0-windows\VideoOS.Common.SharedComponent.UnitTest.dll" adapterTypeName="executor://mstestadapter/v2" className="VideoOS.Common.SharedComponent.UnitTest.ViewHandlingTest" name="CreateViewItemTestUnknown" />
    </UnitTest>
    <UnitTest name="GetViewItemInformationTestUnknown" storage="d:\actions-runner\_work\xpco\xpco\allsolutions\..\common\sc_sharedcomponent\components\dotnet\videoos.common.sharedcomponent\unittest\bin\debug\net6.0-windows\videoos.common.sharedcomponent.unittest.dll" id="5fbfefb8-c26a-ecc5-0419-050c66084439">
      <Execution id="887541ad-3583-42b7-8f09-6e3d29a24ce3" />
      <TestMethod codeBase="D:\actions-runner\_work\XPCO\XPCO\AllSolutions\..\Common\SC_SharedComponent\Components\dotNet\VideoOS.Common.SharedComponent\unittest\bin\Debug\net6.0-windows\VideoOS.Common.SharedComponent.UnitTest.dll" adapterTypeName="executor://mstestadapter/v2" className="VideoOS.Common.SharedComponent.UnitTest.ViewHandlingTest" name="GetViewItemInformationTestUnknown" />
    </UnitTest>
    <UnitTest name="XmlDefinitionTestTooLarge" storage="d:\actions-runner\_work\xpco\xpco\allsolutions\..\common\sc_sharedcomponent\components\dotnet\videoos.common.sharedcomponent\unittest\bin\debug\net6.0-windows\videoos.common.sharedcomponent.unittest.dll" id="d051d716-1af7-d095-3265-7e715bcf7613">
      <Execution id="157bc9f1-fb66-4532-8934-c99aba3b6968" />
      <TestMethod codeBase="D:\actions-runner\_work\XPCO\XPCO\AllSolutions\..\Common\SC_SharedComponent\Components\dotNet\VideoOS.Common.SharedComponent\unittest\bin\Debug\net6.0-windows\VideoOS.Common.SharedComponent.UnitTest.dll" adapterTypeName="executor://mstestadapter/v2" className="VideoOS.Common.SharedComponent.UnitTest.ViewGroupDataTest" name="XmlDefinitionTestTooLarge" />
    </UnitTest>
    <UnitTest name="GetViewItemInformationTestVolapyk1" storage="d:\actions-runner\_work\xpco\xpco\allsolutions\..\common\sc_sharedcomponent\components\dotnet\videoos.common.sharedcomponent\unittest\bin\debug\net6.0-windows\videoos.common.sharedcomponent.unittest.dll" id="f71c123c-6224-3cde-ed06-e49ffffe41fc">
      <Execution id="378c95cb-4048-4495-82cd-6077145f76f5" />
      <TestMethod codeBase="D:\actions-runner\_work\XPCO\XPCO\AllSolutions\..\Common\SC_SharedComponent\Components\dotNet\VideoOS.Common.SharedComponent\unittest\bin\Debug\net6.0-windows\VideoOS.Common.SharedComponent.UnitTest.dll" adapterTypeName="executor://mstestadapter/v2" className="VideoOS.Common.SharedComponent.UnitTest.ViewHandlingTest" name="GetViewItemInformationTestVolapyk1" />
    </UnitTest>
    <UnitTest name="CreateAViewItem" storage="d:\actions-runner\_work\xpco\xpco\allsolutions\..\common\sc_sharedcomponent\components\dotnet\videoos.common.sharedcomponent\unittest\bin\debug\net6.0-windows\videoos.common.sharedcomponent.unittest.dll" id="09402b39-b44e-45d3-946a-a044fe71ca96">
      <Execution id="1cf37932-acdb-43b6-b80f-476f14204920" />
      <TestMethod codeBase="D:\actions-runner\_work\XPCO\XPCO\AllSolutions\..\Common\SC_SharedComponent\Components\dotNet\VideoOS.Common.SharedComponent\unittest\bin\Debug\net6.0-windows\VideoOS.Common.SharedComponent.UnitTest.dll" adapterTypeName="executor://mstestadapter/v2" className="VideoOS.Common.SharedComponent.UnitTest.XPCOTests" name="CreateAViewItem" />
    </UnitTest>
    <UnitTest name="GetViewItemInformationTestVolapyk" storage="d:\actions-runner\_work\xpco\xpco\allsolutions\..\common\sc_sharedcomponent\components\dotnet\videoos.common.sharedcomponent\unittest\bin\debug\net6.0-windows\videoos.common.sharedcomponent.unittest.dll" id="c1aec6fa-d646-bbe2-40da-d1ef4ef9654d">
      <Execution id="e1460d3b-f204-4447-bde2-616fdd193ed9" />
      <TestMethod codeBase="D:\actions-runner\_work\XPCO\XPCO\AllSolutions\..\Common\SC_SharedComponent\Components\dotNet\VideoOS.Common.SharedComponent\unittest\bin\Debug\net6.0-windows\VideoOS.Common.SharedComponent.UnitTest.dll" adapterTypeName="executor://mstestadapter/v2" className="VideoOS.Common.SharedComponent.UnitTest.ViewHandlingTest" name="GetViewItemInformationTestVolapyk" />
    </UnitTest>
    <UnitTest name="SplitViewsTest" storage="d:\actions-runner\_work\xpco\xpco\allsolutions\..\common\sc_sharedcomponent\components\dotnet\videoos.common.sharedcomponent\unittest\bin\debug\net6.0-windows\videoos.common.sharedcomponent.unittest.dll" id="b8d40805-4ecd-ae9f-1ca2-c8c3263fd00c">
      <Execution id="60a8fab2-e2d7-4036-9f36-e6aae0070525" />
      <TestMethod codeBase="D:\actions-runner\_work\XPCO\XPCO\AllSolutions\..\Common\SC_SharedComponent\Components\dotNet\VideoOS.Common.SharedComponent\unittest\bin\Debug\net6.0-windows\VideoOS.Common.SharedComponent.UnitTest.dll" adapterTypeName="executor://mstestadapter/v2" className="VideoOS.Common.SharedComponent.UnitTest.ViewHandlingTest" name="SplitViewsTest" />
    </UnitTest>
    <UnitTest name="GetViewLayoutIconWithNonsensdata" storage="d:\actions-runner\_work\xpco\xpco\allsolutions\..\common\sc_sharedcomponent\components\dotnet\videoos.common.sharedcomponent\unittest\bin\debug\net6.0-windows\videoos.common.sharedcomponent.unittest.dll" id="6bfc640e-e0cc-1130-9c39-e1e47d6aee67">
      <Execution id="05e9e01d-771b-4c75-a702-fef2124456e0" />
      <TestMethod codeBase="D:\actions-runner\_work\XPCO\XPCO\AllSolutions\..\Common\SC_SharedComponent\Components\dotNet\VideoOS.Common.SharedComponent\unittest\bin\Debug\net6.0-windows\VideoOS.Common.SharedComponent.UnitTest.dll" adapterTypeName="executor://mstestadapter/v2" className="VideoOS.Common.SharedComponent.UnitTest.ViewHandlingTest" name="GetViewLayoutIconWithNonsensdata" />
    </UnitTest>
    <UnitTest name="SettingsTest" storage="d:\actions-runner\_work\xpco\xpco\allsolutions\..\common\sc_sharedcomponent\components\dotnet\videoos.common.sharedcomponent\unittest\bin\debug\net6.0-windows\videoos.common.sharedcomponent.unittest.dll" id="4b8fac32-9961-67f2-19bd-ce7f37511565">
      <Execution id="405a77e8-ccf1-4788-9c28-c259effb21ec" />
      <TestMethod codeBase="D:\actions-runner\_work\XPCO\XPCO\AllSolutions\..\Common\SC_SharedComponent\Components\dotNet\VideoOS.Common.SharedComponent\unittest\bin\Debug\net6.0-windows\VideoOS.Common.SharedComponent.UnitTest.dll" adapterTypeName="executor://mstestadapter/v2" className="VideoOS.Common.SharedComponent.UnitTest.ClientProfileSpecificationTest" name="SettingsTest" />
    </UnitTest>
    <UnitTest name="XmlDefinitionTestChangeName" storage="d:\actions-runner\_work\xpco\xpco\allsolutions\..\common\sc_sharedcomponent\components\dotnet\videoos.common.sharedcomponent\unittest\bin\debug\net6.0-windows\videoos.common.sharedcomponent.unittest.dll" id="fd16fc0b-de35-083b-ff58-022abe317523">
      <Execution id="4f14c249-01be-4abe-90cb-7243d7b70431" />
      <TestMethod codeBase="D:\actions-runner\_work\XPCO\XPCO\AllSolutions\..\Common\SC_SharedComponent\Components\dotNet\VideoOS.Common.SharedComponent\unittest\bin\Debug\net6.0-windows\VideoOS.Common.SharedComponent.UnitTest.dll" adapterTypeName="executor://mstestadapter/v2" className="VideoOS.Common.SharedComponent.UnitTest.GroupDataTest" name="XmlDefinitionTestChangeName" />
    </UnitTest>
  </TestDefinitions>
  <TestEntries>
    <TestEntry testId="0eb26f68-74bb-29d5-7d08-2de54c671d9a" executionId="769e542a-d4d5-4c01-b6c9-509cc9c79cf5" testListId="8c84fa94-04c1-424b-9868-57a2d4851a1d" />
    <TestEntry testId="8bf99f23-19c7-fd04-b2e4-c5011f2571b8" executionId="96e51766-d930-4bd7-8a6d-446a01ea5f00" testListId="8c84fa94-04c1-424b-9868-57a2d4851a1d" />
    <TestEntry testId="de88dd35-2bb3-134a-91c5-582a2de3180e" executionId="cd748d2a-40cd-4cc8-a16b-a77663ae72b8" testListId="8c84fa94-04c1-424b-9868-57a2d4851a1d" />
    <TestEntry testId="8599377f-271d-d979-321b-9c23e61d44ef" executionId="1860c6b0-eae1-45c6-bf97-5f24d8f27968" testListId="8c84fa94-04c1-424b-9868-57a2d4851a1d" />
    <TestEntry testId="fd16fc0b-de35-083b-ff58-022abe317523" executionId="4f14c249-01be-4abe-90cb-7243d7b70431" testListId="8c84fa94-04c1-424b-9868-57a2d4851a1d" />
    <TestEntry testId="aa53f098-9c56-cdb1-b69f-6fde960936f2" executionId="a7cb6bdf-26c2-4e7b-8956-3e69dba2444d" testListId="8c84fa94-04c1-424b-9868-57a2d4851a1d" />
    <TestEntry testId="c4dbd4c5-72c0-15f5-b4ca-7f7b2d8cf0ea" executionId="addef0b9-d33b-49dc-a2aa-6d7b5211b9b4" testListId="8c84fa94-04c1-424b-9868-57a2d4851a1d" />
    <TestEntry testId="408ad07d-5f6b-b886-4d3f-296acfe05eb9" executionId="58813f0b-13b5-4b0f-a91a-bb29366a50ac" testListId="8c84fa94-04c1-424b-9868-57a2d4851a1d" />
    <TestEntry testId="2491c8e0-6864-aec1-2ce1-44db22ef6175" executionId="955950e3-4e59-4f91-b962-d7c2c99be0dd" testListId="8c84fa94-04c1-424b-9868-57a2d4851a1d" />
    <TestEntry testId="53bbe8f2-0f34-e330-186b-23d3dc2eb668" executionId="b56ea56c-8862-4325-b140-e27c593318d7" testListId="8c84fa94-04c1-424b-9868-57a2d4851a1d" />
    <TestEntry testId="873e8bfc-2655-ce9c-d0ad-b71f6c89de6a" executionId="acf659f6-b91b-4fbc-bd83-5b5e1f4ba00c" testListId="8c84fa94-04c1-424b-9868-57a2d4851a1d" />
    <TestEntry testId="97082b05-d0c1-515c-c534-550af4f1effa" executionId="46ff8a4b-8e3a-4edf-868d-cf9a6fe7b5fd" testListId="8c84fa94-04c1-424b-9868-57a2d4851a1d" />
    <TestEntry testId="5666b8c7-f9af-e7d0-86ea-81d03aa4bf97" executionId="598dc477-0ad5-4df2-be13-6ca4db3c8b46" testListId="8c84fa94-04c1-424b-9868-57a2d4851a1d" />
    <TestEntry testId="fc6a211c-ab15-f856-ad3d-4b03d7bd9abb" executionId="a5e83e25-f2b1-4364-ace3-87d5fff6dadc" testListId="8c84fa94-04c1-424b-9868-57a2d4851a1d" />
    <TestEntry testId="723547fd-ec7f-8d56-98a9-e37c396dca17" executionId="ade8478e-a05c-4ca3-9602-278b9ff24f82" testListId="8c84fa94-04c1-424b-9868-57a2d4851a1d" />
    <TestEntry testId="30eeb4d0-7353-f7b2-9ab9-ee46aa661d39" executionId="d08ef459-4150-41b1-a9b0-4bc30976b463" testListId="8c84fa94-04c1-424b-9868-57a2d4851a1d" />
    <TestEntry testId="f27ace5c-74da-f06b-4b97-3991ab63f367" executionId="704cf040-e9ad-443c-b167-1f217c36922d" testListId="8c84fa94-04c1-424b-9868-57a2d4851a1d" />
    <TestEntry testId="d051d716-1af7-d095-3265-7e715bcf7613" executionId="157bc9f1-fb66-4532-8934-c99aba3b6968" testListId="8c84fa94-04c1-424b-9868-57a2d4851a1d" />
    <TestEntry testId="98d520ea-7719-19c4-1c75-d35945f01721" executionId="b7c4b190-3665-44ec-a710-edb85c6d6723" testListId="8c84fa94-04c1-424b-9868-57a2d4851a1d" />
    <TestEntry testId="4b8fac32-9961-67f2-19bd-ce7f37511565" executionId="405a77e8-ccf1-4788-9c28-c259effb21ec" testListId="8c84fa94-04c1-424b-9868-57a2d4851a1d" />
    <TestEntry testId="09402b39-b44e-45d3-946a-a044fe71ca96" executionId="1cf37932-acdb-43b6-b80f-476f14204920" testListId="8c84fa94-04c1-424b-9868-57a2d4851a1d" />
    <TestEntry testId="b8d40805-4ecd-ae9f-1ca2-c8c3263fd00c" executionId="60a8fab2-e2d7-4036-9f36-e6aae0070525" testListId="8c84fa94-04c1-424b-9868-57a2d4851a1d" />
    <TestEntry testId="5fbfefb8-c26a-ecc5-0419-050c66084439" executionId="887541ad-3583-42b7-8f09-6e3d29a24ce3" testListId="8c84fa94-04c1-424b-9868-57a2d4851a1d" />
    <TestEntry testId="4755979f-b152-396b-612c-7f928df8984f" executionId="51c8af9a-24c0-41d2-82c1-c76d6425d316" testListId="8c84fa94-04c1-424b-9868-57a2d4851a1d" />
    <TestEntry testId="293549dc-68c7-14f8-4650-5a62dec63b87" executionId="a44a3828-6515-49b9-a117-fe956e20fa95" testListId="8c84fa94-04c1-424b-9868-57a2d4851a1d" />
    <TestEntry testId="1c6db5ba-20fe-28ab-2a15-0a57b74b546c" executionId="f265ced8-12ce-4145-8a3c-46a5b91b4c1c" testListId="8c84fa94-04c1-424b-9868-57a2d4851a1d" />
    <TestEntry testId="67bdb42f-3b3e-9ff5-d6f4-e67898880eab" executionId="7001aebe-74e1-4643-a4bf-3c394ae54652" testListId="8c84fa94-04c1-424b-9868-57a2d4851a1d" />
    <TestEntry testId="5806e882-3887-1382-2196-322773243e4b" executionId="9270d2a8-915d-4005-a1fe-47b68136fdf7" testListId="8c84fa94-04c1-424b-9868-57a2d4851a1d" />
    <TestEntry testId="0a0a41c5-0650-4778-1e4c-1ccad8eb4718" executionId="79d6a4a2-5bb6-4a76-aadc-b646f12f7882" testListId="8c84fa94-04c1-424b-9868-57a2d4851a1d" />
    <TestEntry testId="b6d6a872-f637-0453-3277-4afc1d03bdca" executionId="d1a4a490-ff1c-49fa-9bfe-281a28c85476" testListId="8c84fa94-04c1-424b-9868-57a2d4851a1d" />
    <TestEntry testId="b9bc7de1-1701-54c1-97d8-89b432232c65" executionId="ea7bf6e2-2ce6-4abc-b19d-a5e49032ec9d" testListId="8c84fa94-04c1-424b-9868-57a2d4851a1d" />
    <TestEntry testId="6bfc640e-e0cc-1130-9c39-e1e47d6aee67" executionId="05e9e01d-771b-4c75-a702-fef2124456e0" testListId="8c84fa94-04c1-424b-9868-57a2d4851a1d" />
    <TestEntry testId="47403bc3-967a-71b3-2066-826018c7ac17" executionId="aa6f0185-f964-4558-a951-dd3f5ba87c98" testListId="8c84fa94-04c1-424b-9868-57a2d4851a1d" />
    <TestEntry testId="689e1cc2-1038-8003-b0bc-81785b3aabb0" executionId="7fe23768-bfb3-4333-b12f-68729353f790" testListId="8c84fa94-04c1-424b-9868-57a2d4851a1d" />
    <TestEntry testId="2b3421b2-5298-af46-f802-a064b4d69678" executionId="de1d2401-4998-4064-84ce-f35c74d033aa" testListId="8c84fa94-04c1-424b-9868-57a2d4851a1d" />
    <TestEntry testId="6ece286f-822a-1030-1263-6a2e679e2fa3" executionId="8ac87709-b6ac-443c-a380-58b4205501aa" testListId="8c84fa94-04c1-424b-9868-57a2d4851a1d" />
    <TestEntry testId="9e06fd07-2b9d-78b8-e9d4-c1bfd78820ab" executionId="04e9777a-65df-48fb-928a-7136fb2646dd" testListId="8c84fa94-04c1-424b-9868-57a2d4851a1d" />
    <TestEntry testId="4172bb95-d7c9-fb83-5a23-b46d579edf2d" executionId="88f28a2f-7810-4f86-b817-69672fa53d33" testListId="8c84fa94-04c1-424b-9868-57a2d4851a1d" />
    <TestEntry testId="ff4e3e4a-f004-2767-4cb7-e0f5465b86bd" executionId="1aeb40b5-a28c-4c5d-9798-feb5b08e2e1e" testListId="8c84fa94-04c1-424b-9868-57a2d4851a1d" />
    <TestEntry testId="1f58a5b1-b50f-beb5-d86f-d4c6eddf592e" executionId="56f2e662-b127-47ba-a3e6-d3de32fd6394" testListId="8c84fa94-04c1-424b-9868-57a2d4851a1d" />
    <TestEntry testId="564a5326-9045-4af6-a307-44976ed413a3" executionId="a990a4b4-f197-4248-8a1b-ce58ed64b97a" testListId="8c84fa94-04c1-424b-9868-57a2d4851a1d" />
    <TestEntry testId="d7213de0-ba53-6299-6081-4e8f0391fa0f" executionId="af49aa78-4729-4d2f-b1dd-7f439b8f480b" testListId="8c84fa94-04c1-424b-9868-57a2d4851a1d" />
    <TestEntry testId="de9cbd9f-4471-4e54-f5db-b90506dbee28" executionId="9f8b37a8-4595-4adb-84e1-645e37298c3f" testListId="8c84fa94-04c1-424b-9868-57a2d4851a1d" />
    <TestEntry testId="fa03c8f3-e5af-b789-81b4-b496e664d26d" executionId="e09ad92d-9d7a-4bb2-a4cb-62ff8dbe9c3c" testListId="8c84fa94-04c1-424b-9868-57a2d4851a1d" />
    <TestEntry testId="dd8036b8-fdc1-0d17-7df5-e0b28ab59ac4" executionId="eab991c1-2dbe-4ddc-b9ef-5f95b83aaaaa" testListId="8c84fa94-04c1-424b-9868-57a2d4851a1d" />
    <TestEntry testId="c1aec6fa-d646-bbe2-40da-d1ef4ef9654d" executionId="e1460d3b-f204-4447-bde2-616fdd193ed9" testListId="8c84fa94-04c1-424b-9868-57a2d4851a1d" />
    <TestEntry testId="6e96adc2-3fdc-0ba2-4a9e-041d478ad370" executionId="e67dbc03-7bb8-41aa-aed1-30957bf3c24b" testListId="8c84fa94-04c1-424b-9868-57a2d4851a1d" />
    <TestEntry testId="bc2b776f-71aa-5f70-1c0e-34250d6d2c50" executionId="4d8e91c6-5cef-4742-acae-d3c6106a70bb" testListId="8c84fa94-04c1-424b-9868-57a2d4851a1d" />
    <TestEntry testId="a6b14cbd-c459-74e0-c0e1-a2ee29cbdab4" executionId="aef1fcc3-e196-4734-8662-4a7b7102d5cd" testListId="8c84fa94-04c1-424b-9868-57a2d4851a1d" />
    <TestEntry testId="f71c123c-6224-3cde-ed06-e49ffffe41fc" executionId="378c95cb-4048-4495-82cd-6077145f76f5" testListId="8c84fa94-04c1-424b-9868-57a2d4851a1d" />
    <TestEntry testId="6bda8086-eb0a-b493-2dc0-3e0575dce14b" executionId="4fdc5912-4e22-4c14-9c4f-3c6351433e8a" testListId="8c84fa94-04c1-424b-9868-57a2d4851a1d" />
    <TestEntry testId="1f4391e4-ec80-0d11-c7a5-0f92acc9ef76" executionId="e4168a39-9bf7-4c71-9773-68a13e5b2cfa" testListId="8c84fa94-04c1-424b-9868-57a2d4851a1d" />
    <TestEntry testId="11ab56de-5757-d5e9-ba57-61fb77e7bb23" executionId="c985327d-4d86-4a35-a280-f846f0e5b64f" testListId="8c84fa94-04c1-424b-9868-57a2d4851a1d" />
    <TestEntry testId="9dbafe7d-bc33-528e-4673-e2398c67f197" executionId="922633a9-a2cb-49f9-8098-1b5b51c98ac8" testListId="8c84fa94-04c1-424b-9868-57a2d4851a1d" />
    <TestEntry testId="eede754c-6bf8-cc48-0806-5973ae66c9ef" executionId="d34e1e5d-fa05-4a48-8eb7-e653f2a84227" testListId="8c84fa94-04c1-424b-9868-57a2d4851a1d" />
    <TestEntry testId="7f274973-9012-fb8d-b543-11928fca42a3" executionId="ee7e49b6-5b5b-48ff-8425-8ab2225c5f37" testListId="8c84fa94-04c1-424b-9868-57a2d4851a1d" />
    <TestEntry testId="236ca3ce-0389-8ef0-abea-b648ea8a1be0" executionId="87c117a8-d929-4c3e-a31f-a4a6b4a3fafa" testListId="8c84fa94-04c1-424b-9868-57a2d4851a1d" />
    <TestEntry testId="2bb92454-c982-85a0-fed5-5943faa53d7e" executionId="ea7e7c7e-1bfe-4c8c-94d8-0d1a222aa46c" testListId="8c84fa94-04c1-424b-9868-57a2d4851a1d" />
  </TestEntries>
  <TestLists>
    <TestList name="Results Not in a List" id="8c84fa94-04c1-424b-9868-57a2d4851a1d" />
    <TestList name="All Loaded Results" id="19431567-8539-422a-85d7-44ee4e166bda" />
  </TestLists>
  <ResultSummary outcome="Completed">
    <Counters total="58" executed="58" passed="58" failed="0" error="0" timeout="0" aborted="0" inconclusive="0" passedButRunAborted="0" notRunnable="0" notExecuted="0" disconnected="0" warning="0" completed="0" inProgress="0" pending="0" />
  </ResultSummary>
</TestRun>