<?xml version="1.0" encoding="utf-8"?>
<TestRun id="97a70925-f03e-4aff-acca-84022921740f" name="DKSR-EFI-06$@DKSR-EFI-06 2024-01-09 15:40:55" runUser="NT AUTHORITY\NETWORK SERVICE" xmlns="http://microsoft.com/schemas/VisualStudio/TeamTest/2010">
  <Times creation="2024-01-09T15:40:55.8515558+01:00" queuing="2024-01-09T15:40:55.8515558+01:00" start="2024-01-09T15:40:54.1015492+01:00" finish="2024-01-09T15:40:56.0234330+01:00" />
  <TestSettings name="default" id="c46c1691-3b55-4fc8-87ef-68db9d0010ee">
    <Deployment runDeploymentRoot="DKSR-EFI-06$_DKSR-EFI-06_2024-01-09_15_40_55" />
  </TestSettings>
  <Results>
    <UnitTestResult executionId="c5364654-4b49-4c97-b8ac-3e645327a646" testId="c832aee4-1bed-48a9-d9fd-d29872829fcb" testName="Given_AccessIsDeniedToTheConfigurationFile_When_LoadingConfigurationn_Then_ErrorIsLoggedAndAnExceptionIsThrown" computerName="DKSR-EFI-06" duration="00:00:00.1073749" startTime="2024-01-09T15:40:55.7844752+01:00" endTime="2024-01-09T15:40:55.8920353+01:00" testType="13cdc9d9-ddb5-4fa4-a97d-d965ccfc6d4b" outcome="Passed" testListId="8c84fa94-04c1-424b-9868-57a2d4851a1d" relativeResultsDirectory="c5364654-4b49-4c97-b8ac-3e645327a646" />
    <UnitTestResult executionId="e140c033-9c3e-413c-9218-7a53087cc807" testId="bc47a506-b2f1-f585-5890-db5526660f72" testName="Given_NoConfigurationIsPersisted_When_LoadConfiguration_Then_AnExceptionIsThrown" computerName="DKSR-EFI-06" duration="00:00:00.0092347" startTime="2024-01-09T15:40:55.7749535+01:00" endTime="2024-01-09T15:40:55.7844113+01:00" testType="13cdc9d9-ddb5-4fa4-a97d-d965ccfc6d4b" outcome="Passed" testListId="8c84fa94-04c1-424b-9868-57a2d4851a1d" relativeResultsDirectory="e140c033-9c3e-413c-9218-7a53087cc807" />
    <UnitTestResult executionId="aede4505-fd09-46f1-8a88-2c26fffd876c" testId="ae83fefc-0054-1db0-ab85-863e0b7c8820" testName="Given_AnSiteIdIsPersisted_When_LoadConfiguration_Then_TheSiteIdIsSetInTheConfigurationModel" computerName="DKSR-EFI-06" duration="00:00:00.0126443" startTime="2024-01-09T15:40:55.6757121+01:00" endTime="2024-01-09T15:40:55.6885191+01:00" testType="13cdc9d9-ddb5-4fa4-a97d-d965ccfc6d4b" outcome="Passed" testListId="8c84fa94-04c1-424b-9868-57a2d4851a1d" relativeResultsDirectory="aede4505-fd09-46f1-8a88-2c26fffd876c" />
    <UnitTestResult executionId="3bc0d46d-28eb-4c7b-8939-12ab73f8a614" testId="00678eaf-63c3-ff45-e478-0f9614ac8f87" testName="Given_ADatamodelExists_When_PersistConfiguration_Then_TheConfigurationFileIsCreatedAtTheCorrectPath" computerName="DKSR-EFI-06" duration="00:00:00.0137311" startTime="2024-01-09T15:40:55.7028807+01:00" endTime="2024-01-09T15:40:55.7167616+01:00" testType="13cdc9d9-ddb5-4fa4-a97d-d965ccfc6d4b" outcome="Passed" testListId="8c84fa94-04c1-424b-9868-57a2d4851a1d" relativeResultsDirectory="3bc0d46d-28eb-4c7b-8939-12ab73f8a614" />
    <UnitTestResult executionId="bacbd60d-de60-4bb7-9d5b-8f16fd4be043" testId="d64c1645-b9a2-04fb-59c5-49fae783491a" testName="Given_ADatamodelExists_When_PersistConfiguration_Then_TheManagementServerAddressIsPersisted" computerName="DKSR-EFI-06" duration="00:00:00.0047156" startTime="2024-01-09T15:40:55.7243981+01:00" endTime="2024-01-09T15:40:55.7292424+01:00" testType="13cdc9d9-ddb5-4fa4-a97d-d965ccfc6d4b" outcome="Passed" testListId="8c84fa94-04c1-424b-9868-57a2d4851a1d" relativeResultsDirectory="bacbd60d-de60-4bb7-9d5b-8f16fd4be043" />
    <UnitTestResult executionId="d71455dc-6e4a-400c-a0e9-dc51fdbd529a" testId="2657714d-8d17-4e76-358b-80c8f96cb172" testName="Given_AManagementServerAddressIsPersisted_When_LoadConfiguration_Then_TheManagementServerAddressIsSetInTheConfigurationModel" computerName="DKSR-EFI-06" duration="00:00:00.0140802" startTime="2024-01-09T15:40:55.6885939+01:00" endTime="2024-01-09T15:40:55.7028203+01:00" testType="13cdc9d9-ddb5-4fa4-a97d-d965ccfc6d4b" outcome="Passed" testListId="8c84fa94-04c1-424b-9868-57a2d4851a1d" relativeResultsDirectory="d71455dc-6e4a-400c-a0e9-dc51fdbd529a" />
    <UnitTestResult executionId="5dbde7be-c4d4-4057-b7c3-a7391764bf56" testId="3740d974-a6e4-aa99-c6ad-4b8d3881055d" testName="Given_AConfigurationFileExists_When_LoadConfiguration_Then_TheConfigurationFileIsOpenedAtCorrectPath" computerName="DKSR-EFI-06" duration="00:00:00.1516683" startTime="2024-01-09T15:40:55.5236890+01:00" endTime="2024-01-09T15:40:55.6756475+01:00" testType="13cdc9d9-ddb5-4fa4-a97d-d965ccfc6d4b" outcome="Passed" testListId="8c84fa94-04c1-424b-9868-57a2d4851a1d" relativeResultsDirectory="5dbde7be-c4d4-4057-b7c3-a7391764bf56" />
    <UnitTestResult executionId="559dfa0d-58c6-46ff-a70f-289660c11b35" testId="1b710e5b-adf9-d1d7-afd6-9c10636e711c" testName="Given_AccessIsDeniedToTheConfigurationFile_When_PersistingConfigurationn_Then_ErrorIsLoggedAndAnExceptionIsThrown" computerName="DKSR-EFI-06" duration="00:00:00.0068133" startTime="2024-01-09T15:40:55.8921010+01:00" endTime="2024-01-09T15:40:55.9002287+01:00" testType="13cdc9d9-ddb5-4fa4-a97d-d965ccfc6d4b" outcome="Passed" testListId="8c84fa94-04c1-424b-9868-57a2d4851a1d" relativeResultsDirectory="559dfa0d-58c6-46ff-a70f-289660c11b35" />
    <UnitTestResult executionId="ff68a999-72c0-471e-aa7a-fe7be12125ca" testId="05a198e5-86b9-714f-b1b8-61194132861f" testName="Given_Nothing_When_SetAppConfigData_Then_AllPropertiesOnTheAppConfigDataInTheConfigurationModelHasBeenSet" computerName="DKSR-EFI-06" duration="00:00:00.2241867" startTime="2024-01-09T15:40:55.2304572+01:00" endTime="2024-01-09T15:40:55.4880591+01:00" testType="13cdc9d9-ddb5-4fa4-a97d-d965ccfc6d4b" outcome="Passed" testListId="8c84fa94-04c1-424b-9868-57a2d4851a1d" relativeResultsDirectory="ff68a999-72c0-471e-aa7a-fe7be12125ca" />
    <UnitTestResult executionId="548b3bb9-b609-42a8-97db-e234c28c8053" testId="b3ffba2b-5a91-d7b9-f0f5-bc1ade9a04d1" testName="Given_Nothing_When_SetAppConfigDataWithInvalidData_Then_AllPropertiesOnTheIAppConfigInterfaceHasBeenToDefault" computerName="DKSR-EFI-06" duration="00:00:00.0240138" startTime="2024-01-09T15:40:55.4992835+01:00" endTime="2024-01-09T15:40:55.5236186+01:00" testType="13cdc9d9-ddb5-4fa4-a97d-d965ccfc6d4b" outcome="Passed" testListId="8c84fa94-04c1-424b-9868-57a2d4851a1d" relativeResultsDirectory="548b3bb9-b609-42a8-97db-e234c28c8053" />
    <UnitTestResult executionId="b5bfd73d-3a9e-414c-a25e-d2af7d1e6fad" testId="e798a8bd-795e-759f-a5db-2ead81c4a912" testName="Given_ADatamodelExists_When_PersistConfiguration_Then_TheSiteIdIsPersisted" computerName="DKSR-EFI-06" duration="00:00:00.0073572" startTime="2024-01-09T15:40:55.7168266+01:00" endTime="2024-01-09T15:40:55.7243402+01:00" testType="13cdc9d9-ddb5-4fa4-a97d-d965ccfc6d4b" outcome="Passed" testListId="8c84fa94-04c1-424b-9868-57a2d4851a1d" relativeResultsDirectory="b5bfd73d-3a9e-414c-a25e-d2af7d1e6fad" />
    <UnitTestResult executionId="989d88ca-1f36-4b69-bad8-c74c4be6ba98" testId="c97269ef-fbd6-5263-9db4-06d9834b100d" testName="Given_Nothing_When_SetAppConfigDataWithValidData_Then_AllPropertiesOnTheIAppConfigInterfaceHasBeenSet" computerName="DKSR-EFI-06" duration="00:00:00.0013866" startTime="2024-01-09T15:40:55.4975831+01:00" endTime="2024-01-09T15:40:55.4991941+01:00" testType="13cdc9d9-ddb5-4fa4-a97d-d965ccfc6d4b" outcome="Passed" testListId="8c84fa94-04c1-424b-9868-57a2d4851a1d" relativeResultsDirectory="989d88ca-1f36-4b69-bad8-c74c4be6ba98" />
  </Results>
  <TestDefinitions>
    <UnitTest name="Given_Nothing_When_SetAppConfigData_Then_AllPropertiesOnTheAppConfigDataInTheConfigurationModelHasBeenSet" storage="d:\actions-runner\_work\xpco\xpco\allsolutions\..\cloudconnector\binaries\videoos.cloudconnector.configuration.unittest\bin\debug\net6.0-windows\videoos.cloudconnector.configuration.unittest.dll" id="05a198e5-86b9-714f-b1b8-61194132861f">
      <Execution id="ff68a999-72c0-471e-aa7a-fe7be12125ca" />
      <TestMethod codeBase="D:\actions-runner\_work\XPCO\XPCO\AllSolutions\..\CloudConnector\Binaries\VideoOS.CloudConnector.Configuration.UnitTest\bin\Debug\net6.0-windows\VideoOS.CloudConnector.Configuration.UnitTest.dll" adapterTypeName="executor://mstestadapter/v2" className="VideoOS.CloudConnector.Configuration.UnitTest.AppConfigDataTest" name="Given_Nothing_When_SetAppConfigData_Then_AllPropertiesOnTheAppConfigDataInTheConfigurationModelHasBeenSet" />
    </UnitTest>
    <UnitTest name="Given_NoConfigurationIsPersisted_When_LoadConfiguration_Then_AnExceptionIsThrown" storage="d:\actions-runner\_work\xpco\xpco\allsolutions\..\cloudconnector\binaries\videoos.cloudconnector.configuration.unittest\bin\debug\net6.0-windows\videoos.cloudconnector.configuration.unittest.dll" id="bc47a506-b2f1-f585-5890-db5526660f72">
      <Execution id="e140c033-9c3e-413c-9218-7a53087cc807" />
      <TestMethod codeBase="D:\actions-runner\_work\XPCO\XPCO\AllSolutions\..\CloudConnector\Binaries\VideoOS.CloudConnector.Configuration.UnitTest\bin\Debug\net6.0-windows\VideoOS.CloudConnector.Configuration.UnitTest.dll" adapterTypeName="executor://mstestadapter/v2" className="VideoOS.CloudConnector.Configuration.UnitTest.ConfigurationProviderTest" name="Given_NoConfigurationIsPersisted_When_LoadConfiguration_Then_AnExceptionIsThrown" />
    </UnitTest>
    <UnitTest name="Given_AccessIsDeniedToTheConfigurationFile_When_PersistingConfigurationn_Then_ErrorIsLoggedAndAnExceptionIsThrown" storage="d:\actions-runner\_work\xpco\xpco\allsolutions\..\cloudconnector\binaries\videoos.cloudconnector.configuration.unittest\bin\debug\net6.0-windows\videoos.cloudconnector.configuration.unittest.dll" id="1b710e5b-adf9-d1d7-afd6-9c10636e711c">
      <Execution id="559dfa0d-58c6-46ff-a70f-289660c11b35" />
      <TestMethod codeBase="D:\actions-runner\_work\XPCO\XPCO\AllSolutions\..\CloudConnector\Binaries\VideoOS.CloudConnector.Configuration.UnitTest\bin\Debug\net6.0-windows\VideoOS.CloudConnector.Configuration.UnitTest.dll" adapterTypeName="executor://mstestadapter/v2" className="VideoOS.CloudConnector.Configuration.UnitTest.ConfigurationProviderTest" name="Given_AccessIsDeniedToTheConfigurationFile_When_PersistingConfigurationn_Then_ErrorIsLoggedAndAnExceptionIsThrown" />
    </UnitTest>
    <UnitTest name="Given_AccessIsDeniedToTheConfigurationFile_When_LoadingConfigurationn_Then_ErrorIsLoggedAndAnExceptionIsThrown" storage="d:\actions-runner\_work\xpco\xpco\allsolutions\..\cloudconnector\binaries\videoos.cloudconnector.configuration.unittest\bin\debug\net6.0-windows\videoos.cloudconnector.configuration.unittest.dll" id="c832aee4-1bed-48a9-d9fd-d29872829fcb">
      <Execution id="c5364654-4b49-4c97-b8ac-3e645327a646" />
      <TestMethod codeBase="D:\actions-runner\_work\XPCO\XPCO\AllSolutions\..\CloudConnector\Binaries\VideoOS.CloudConnector.Configuration.UnitTest\bin\Debug\net6.0-windows\VideoOS.CloudConnector.Configuration.UnitTest.dll" adapterTypeName="executor://mstestadapter/v2" className="VideoOS.CloudConnector.Configuration.UnitTest.ConfigurationProviderTest" name="Given_AccessIsDeniedToTheConfigurationFile_When_LoadingConfigurationn_Then_ErrorIsLoggedAndAnExceptionIsThrown" />
    </UnitTest>
    <UnitTest name="Given_AConfigurationFileExists_When_LoadConfiguration_Then_TheConfigurationFileIsOpenedAtCorrectPath" storage="d:\actions-runner\_work\xpco\xpco\allsolutions\..\cloudconnector\binaries\videoos.cloudconnector.configuration.unittest\bin\debug\net6.0-windows\videoos.cloudconnector.configuration.unittest.dll" id="3740d974-a6e4-aa99-c6ad-4b8d3881055d">
      <Execution id="5dbde7be-c4d4-4057-b7c3-a7391764bf56" />
      <TestMethod codeBase="D:\actions-runner\_work\XPCO\XPCO\AllSolutions\..\CloudConnector\Binaries\VideoOS.CloudConnector.Configuration.UnitTest\bin\Debug\net6.0-windows\VideoOS.CloudConnector.Configuration.UnitTest.dll" adapterTypeName="executor://mstestadapter/v2" className="VideoOS.CloudConnector.Configuration.UnitTest.ConfigurationProviderTest" name="Given_AConfigurationFileExists_When_LoadConfiguration_Then_TheConfigurationFileIsOpenedAtCorrectPath" />
    </UnitTest>
    <UnitTest name="Given_AManagementServerAddressIsPersisted_When_LoadConfiguration_Then_TheManagementServerAddressIsSetInTheConfigurationModel" storage="d:\actions-runner\_work\xpco\xpco\allsolutions\..\cloudconnector\binaries\videoos.cloudconnector.configuration.unittest\bin\debug\net6.0-windows\videoos.cloudconnector.configuration.unittest.dll" id="2657714d-8d17-4e76-358b-80c8f96cb172">
      <Execution id="d71455dc-6e4a-400c-a0e9-dc51fdbd529a" />
      <TestMethod codeBase="D:\actions-runner\_work\XPCO\XPCO\AllSolutions\..\CloudConnector\Binaries\VideoOS.CloudConnector.Configuration.UnitTest\bin\Debug\net6.0-windows\VideoOS.CloudConnector.Configuration.UnitTest.dll" adapterTypeName="executor://mstestadapter/v2" className="VideoOS.CloudConnector.Configuration.UnitTest.ConfigurationProviderTest" name="Given_AManagementServerAddressIsPersisted_When_LoadConfiguration_Then_TheManagementServerAddressIsSetInTheConfigurationModel" />
    </UnitTest>
    <UnitTest name="Given_AnSiteIdIsPersisted_When_LoadConfiguration_Then_TheSiteIdIsSetInTheConfigurationModel" storage="d:\actions-runner\_work\xpco\xpco\allsolutions\..\cloudconnector\binaries\videoos.cloudconnector.configuration.unittest\bin\debug\net6.0-windows\videoos.cloudconnector.configuration.unittest.dll" id="ae83fefc-0054-1db0-ab85-863e0b7c8820">
      <Execution id="aede4505-fd09-46f1-8a88-2c26fffd876c" />
      <TestMethod codeBase="D:\actions-runner\_work\XPCO\XPCO\AllSolutions\..\CloudConnector\Binaries\VideoOS.CloudConnector.Configuration.UnitTest\bin\Debug\net6.0-windows\VideoOS.CloudConnector.Configuration.UnitTest.dll" adapterTypeName="executor://mstestadapter/v2" className="VideoOS.CloudConnector.Configuration.UnitTest.ConfigurationProviderTest" name="Given_AnSiteIdIsPersisted_When_LoadConfiguration_Then_TheSiteIdIsSetInTheConfigurationModel" />
    </UnitTest>
    <UnitTest name="Given_ADatamodelExists_When_PersistConfiguration_Then_TheConfigurationFileIsCreatedAtTheCorrectPath" storage="d:\actions-runner\_work\xpco\xpco\allsolutions\..\cloudconnector\binaries\videoos.cloudconnector.configuration.unittest\bin\debug\net6.0-windows\videoos.cloudconnector.configuration.unittest.dll" id="00678eaf-63c3-ff45-e478-0f9614ac8f87">
      <Execution id="3bc0d46d-28eb-4c7b-8939-12ab73f8a614" />
      <TestMethod codeBase="D:\actions-runner\_work\XPCO\XPCO\AllSolutions\..\CloudConnector\Binaries\VideoOS.CloudConnector.Configuration.UnitTest\bin\Debug\net6.0-windows\VideoOS.CloudConnector.Configuration.UnitTest.dll" adapterTypeName="executor://mstestadapter/v2" className="VideoOS.CloudConnector.Configuration.UnitTest.ConfigurationProviderTest" name="Given_ADatamodelExists_When_PersistConfiguration_Then_TheConfigurationFileIsCreatedAtTheCorrectPath" />
    </UnitTest>
    <UnitTest name="Given_Nothing_When_SetAppConfigDataWithInvalidData_Then_AllPropertiesOnTheIAppConfigInterfaceHasBeenToDefault" storage="d:\actions-runner\_work\xpco\xpco\allsolutions\..\cloudconnector\binaries\videoos.cloudconnector.configuration.unittest\bin\debug\net6.0-windows\videoos.cloudconnector.configuration.unittest.dll" id="b3ffba2b-5a91-d7b9-f0f5-bc1ade9a04d1">
      <Execution id="548b3bb9-b609-42a8-97db-e234c28c8053" />
      <TestMethod codeBase="D:\actions-runner\_work\XPCO\XPCO\AllSolutions\..\CloudConnector\Binaries\VideoOS.CloudConnector.Configuration.UnitTest\bin\Debug\net6.0-windows\VideoOS.CloudConnector.Configuration.UnitTest.dll" adapterTypeName="executor://mstestadapter/v2" className="VideoOS.CloudConnector.Configuration.UnitTest.AppConfigDataTest" name="Given_Nothing_When_SetAppConfigDataWithInvalidData_Then_AllPropertiesOnTheIAppConfigInterfaceHasBeenToDefault" />
    </UnitTest>
    <UnitTest name="Given_ADatamodelExists_When_PersistConfiguration_Then_TheManagementServerAddressIsPersisted" storage="d:\actions-runner\_work\xpco\xpco\allsolutions\..\cloudconnector\binaries\videoos.cloudconnector.configuration.unittest\bin\debug\net6.0-windows\videoos.cloudconnector.configuration.unittest.dll" id="d64c1645-b9a2-04fb-59c5-49fae783491a">
      <Execution id="bacbd60d-de60-4bb7-9d5b-8f16fd4be043" />
      <TestMethod codeBase="D:\actions-runner\_work\XPCO\XPCO\AllSolutions\..\CloudConnector\Binaries\VideoOS.CloudConnector.Configuration.UnitTest\bin\Debug\net6.0-windows\VideoOS.CloudConnector.Configuration.UnitTest.dll" adapterTypeName="executor://mstestadapter/v2" className="VideoOS.CloudConnector.Configuration.UnitTest.ConfigurationProviderTest" name="Given_ADatamodelExists_When_PersistConfiguration_Then_TheManagementServerAddressIsPersisted" />
    </UnitTest>
    <UnitTest name="Given_Nothing_When_SetAppConfigDataWithValidData_Then_AllPropertiesOnTheIAppConfigInterfaceHasBeenSet" storage="d:\actions-runner\_work\xpco\xpco\allsolutions\..\cloudconnector\binaries\videoos.cloudconnector.configuration.unittest\bin\debug\net6.0-windows\videoos.cloudconnector.configuration.unittest.dll" id="c97269ef-fbd6-5263-9db4-06d9834b100d">
      <Execution id="989d88ca-1f36-4b69-bad8-c74c4be6ba98" />
      <TestMethod codeBase="D:\actions-runner\_work\XPCO\XPCO\AllSolutions\..\CloudConnector\Binaries\VideoOS.CloudConnector.Configuration.UnitTest\bin\Debug\net6.0-windows\VideoOS.CloudConnector.Configuration.UnitTest.dll" adapterTypeName="executor://mstestadapter/v2" className="VideoOS.CloudConnector.Configuration.UnitTest.AppConfigDataTest" name="Given_Nothing_When_SetAppConfigDataWithValidData_Then_AllPropertiesOnTheIAppConfigInterfaceHasBeenSet" />
    </UnitTest>
    <UnitTest name="Given_ADatamodelExists_When_PersistConfiguration_Then_TheSiteIdIsPersisted" storage="d:\actions-runner\_work\xpco\xpco\allsolutions\..\cloudconnector\binaries\videoos.cloudconnector.configuration.unittest\bin\debug\net6.0-windows\videoos.cloudconnector.configuration.unittest.dll" id="e798a8bd-795e-759f-a5db-2ead81c4a912">
      <Execution id="b5bfd73d-3a9e-414c-a25e-d2af7d1e6fad" />
      <TestMethod codeBase="D:\actions-runner\_work\XPCO\XPCO\AllSolutions\..\CloudConnector\Binaries\VideoOS.CloudConnector.Configuration.UnitTest\bin\Debug\net6.0-windows\VideoOS.CloudConnector.Configuration.UnitTest.dll" adapterTypeName="executor://mstestadapter/v2" className="VideoOS.CloudConnector.Configuration.UnitTest.ConfigurationProviderTest" name="Given_ADatamodelExists_When_PersistConfiguration_Then_TheSiteIdIsPersisted" />
    </UnitTest>
  </TestDefinitions>
  <TestEntries>
    <TestEntry testId="c832aee4-1bed-48a9-d9fd-d29872829fcb" executionId="c5364654-4b49-4c97-b8ac-3e645327a646" testListId="8c84fa94-04c1-424b-9868-57a2d4851a1d" />
    <TestEntry testId="bc47a506-b2f1-f585-5890-db5526660f72" executionId="e140c033-9c3e-413c-9218-7a53087cc807" testListId="8c84fa94-04c1-424b-9868-57a2d4851a1d" />
    <TestEntry testId="ae83fefc-0054-1db0-ab85-863e0b7c8820" executionId="aede4505-fd09-46f1-8a88-2c26fffd876c" testListId="8c84fa94-04c1-424b-9868-57a2d4851a1d" />
    <TestEntry testId="00678eaf-63c3-ff45-e478-0f9614ac8f87" executionId="3bc0d46d-28eb-4c7b-8939-12ab73f8a614" testListId="8c84fa94-04c1-424b-9868-57a2d4851a1d" />
    <TestEntry testId="d64c1645-b9a2-04fb-59c5-49fae783491a" executionId="bacbd60d-de60-4bb7-9d5b-8f16fd4be043" testListId="8c84fa94-04c1-424b-9868-57a2d4851a1d" />
    <TestEntry testId="2657714d-8d17-4e76-358b-80c8f96cb172" executionId="d71455dc-6e4a-400c-a0e9-dc51fdbd529a" testListId="8c84fa94-04c1-424b-9868-57a2d4851a1d" />
    <TestEntry testId="3740d974-a6e4-aa99-c6ad-4b8d3881055d" executionId="5dbde7be-c4d4-4057-b7c3-a7391764bf56" testListId="8c84fa94-04c1-424b-9868-57a2d4851a1d" />
    <TestEntry testId="1b710e5b-adf9-d1d7-afd6-9c10636e711c" executionId="559dfa0d-58c6-46ff-a70f-289660c11b35" testListId="8c84fa94-04c1-424b-9868-57a2d4851a1d" />
    <TestEntry testId="05a198e5-86b9-714f-b1b8-61194132861f" executionId="ff68a999-72c0-471e-aa7a-fe7be12125ca" testListId="8c84fa94-04c1-424b-9868-57a2d4851a1d" />
    <TestEntry testId="b3ffba2b-5a91-d7b9-f0f5-bc1ade9a04d1" executionId="548b3bb9-b609-42a8-97db-e234c28c8053" testListId="8c84fa94-04c1-424b-9868-57a2d4851a1d" />
    <TestEntry testId="e798a8bd-795e-759f-a5db-2ead81c4a912" executionId="b5bfd73d-3a9e-414c-a25e-d2af7d1e6fad" testListId="8c84fa94-04c1-424b-9868-57a2d4851a1d" />
    <TestEntry testId="c97269ef-fbd6-5263-9db4-06d9834b100d" executionId="989d88ca-1f36-4b69-bad8-c74c4be6ba98" testListId="8c84fa94-04c1-424b-9868-57a2d4851a1d" />
  </TestEntries>
  <TestLists>
    <TestList name="Results Not in a List" id="8c84fa94-04c1-424b-9868-57a2d4851a1d" />
    <TestList name="All Loaded Results" id="19431567-8539-422a-85d7-44ee4e166bda" />
  </TestLists>
  <ResultSummary outcome="Completed">
    <Counters total="12" executed="12" passed="12" failed="0" error="0" timeout="0" aborted="0" inconclusive="0" passedButRunAborted="0" notRunnable="0" notExecuted="0" disconnected="0" warning="0" completed="0" inProgress="0" pending="0" />
  </ResultSummary>
</TestRun>