<?xml version="1.0" encoding="utf-8"?>
<TestRun id="e995b38b-8ead-43e7-a94a-15e64e39ef04" name="DKSR-EFI-06$@DKSR-EFI-06 2024-01-09 15:44:28" runUser="NT AUTHORITY\NETWORK SERVICE" xmlns="http://microsoft.com/schemas/VisualStudio/TeamTest/2010">
  <Times creation="2024-01-09T15:44:28.3105650+01:00" queuing="2024-01-09T15:44:28.3105650+01:00" start="2024-01-09T15:44:25.5136851+01:00" finish="2024-01-09T15:44:39.3886879+01:00" />
  <TestSettings name="default" id="16b53552-33c2-4324-9f86-6bb20c12f859">
    <Deployment runDeploymentRoot="DKSR-EFI-06$_DKSR-EFI-06_2024-01-09_15_44_28" />
  </TestSettings>
  <Results>
    <UnitTestResult executionId="b546179a-4265-4cdb-850a-8be405ca804a" testId="51cb1d8b-21a7-3ead-df4d-dff7b13c3162" testName="LastProcessedMessageSequence_KeepsHigherValue_WhenCalledFromMultipleThreads (5,1000)" computerName="DKSR-EFI-06" duration="00:00:08.9693796" startTime="2024-01-09T15:44:28.6256775+01:00" endTime="2024-01-09T15:44:37.6012618+01:00" testType="13cdc9d9-ddb5-4fa4-a97d-d965ccfc6d4b" outcome="Passed" testListId="8c84fa94-04c1-424b-9868-57a2d4851a1d" relativeResultsDirectory="b546179a-4265-4cdb-850a-8be405ca804a" />
    <UnitTestResult executionId="48787c8a-fb7d-4313-9fee-b1dc57bcd5d6" testId="d4a31fd0-d7bb-644e-ae0f-28595237d2c2" testName="UnmanagedMessagesClient_UnsubscribeAsyncThrowsArgumentNullException_WhenEmptyTopic" computerName="DKSR-EFI-06" duration="00:00:00.0028260" startTime="2024-01-09T15:44:37.9718972+01:00" endTime="2024-01-09T15:44:37.9748540+01:00" testType="13cdc9d9-ddb5-4fa4-a97d-d965ccfc6d4b" outcome="Passed" testListId="8c84fa94-04c1-424b-9868-57a2d4851a1d" relativeResultsDirectory="48787c8a-fb7d-4313-9fee-b1dc57bcd5d6" />
    <UnitTestResult executionId="3cbcb65e-c259-448e-8c80-1da88793ac7b" testId="7b3b8817-3629-0f9e-a5c9-7ef07eb00100" testName="UnmanagedMessagesClient_PublishAsyncThrowsInvalidOperationException_WhenNotConnected" computerName="DKSR-EFI-06" duration="00:00:00.0113481" startTime="2024-01-09T15:44:37.9306149+01:00" endTime="2024-01-09T15:44:37.9421241+01:00" testType="13cdc9d9-ddb5-4fa4-a97d-d965ccfc6d4b" outcome="Passed" testListId="8c84fa94-04c1-424b-9868-57a2d4851a1d" relativeResultsDirectory="3cbcb65e-c259-448e-8c80-1da88793ac7b" />
    <UnitTestResult executionId="4d434eca-bf38-46ef-aeee-bb6c7545f0e1" testId="8f23febd-4c80-4a0b-73f8-cd4e072a3be3" testName="UnmanagedMessagesClient_CreateAndConnectWebSocket_ThrowsNotAuthorizedMIPException_On401Response" computerName="DKSR-EFI-06" duration="00:00:00.0048015" startTime="2024-01-09T15:44:37.9255678+01:00" endTime="2024-01-09T15:44:37.9305389+01:00" testType="13cdc9d9-ddb5-4fa4-a97d-d965ccfc6d4b" outcome="Passed" testListId="8c84fa94-04c1-424b-9868-57a2d4851a1d" relativeResultsDirectory="4d434eca-bf38-46ef-aeee-bb6c7545f0e1" />
    <UnitTestResult executionId="142b8eaa-8b1f-4830-b6fa-6c416a40be21" testId="a15bb082-9826-e2d8-2bbc-381a4fd3bbf1" testName="UnmanagedMessagesClient_SubscribeAsync_Succeeedes" computerName="DKSR-EFI-06" duration="00:00:00.0038725" startTime="2024-01-09T15:44:37.9819181+01:00" endTime="2024-01-09T15:44:37.9859162+01:00" testType="13cdc9d9-ddb5-4fa4-a97d-d965ccfc6d4b" outcome="Passed" testListId="8c84fa94-04c1-424b-9868-57a2d4851a1d" relativeResultsDirectory="142b8eaa-8b1f-4830-b6fa-6c416a40be21">
      <Output>
        <StdOut>Debug Trace:&#xD;
Session id: &#xD;
Last seq: 0</StdOut>
      </Output>
    </UnitTestResult>
    <UnitTestResult executionId="0c27b6d0-3e95-42a5-ace5-565e6106292a" testId="146134db-aca7-0597-22bc-748555377921" testName="UnmanagedMessagesClient_SubscribeAsyncThrowsCommunicationMipException_OnUnacknoledgedCommand" computerName="DKSR-EFI-06" duration="00:00:00.0153049" startTime="2024-01-09T15:44:38.0119808+01:00" endTime="2024-01-09T15:44:38.0274843+01:00" testType="13cdc9d9-ddb5-4fa4-a97d-d965ccfc6d4b" outcome="Passed" testListId="8c84fa94-04c1-424b-9868-57a2d4851a1d" relativeResultsDirectory="0c27b6d0-3e95-42a5-ace5-565e6106292a">
      <Output>
        <StdOut>Debug Trace:&#xD;
Session id: &#xD;
Last seq: 0</StdOut>
      </Output>
    </UnitTestResult>
    <UnitTestResult executionId="980120ca-2fa9-4c01-9d1a-90a3868c2193" testId="6113d585-1c52-6ee0-8117-c47df2400b11" testName="UnmanagedMessagesClient_PublishAsyncThrowsCommunicationMipException_OnUnacknoledgedCommand" computerName="DKSR-EFI-06" duration="00:00:00.0208672" startTime="2024-01-09T15:44:37.9897652+01:00" endTime="2024-01-09T15:44:38.0107822+01:00" testType="13cdc9d9-ddb5-4fa4-a97d-d965ccfc6d4b" outcome="Passed" testListId="8c84fa94-04c1-424b-9868-57a2d4851a1d" relativeResultsDirectory="980120ca-2fa9-4c01-9d1a-90a3868c2193">
      <Output>
        <StdOut>Debug Trace:&#xD;
Session id: &#xD;
Last seq: 0</StdOut>
      </Output>
    </UnitTestResult>
    <UnitTestResult executionId="c1991207-6419-41d5-85b9-835022d64a9a" testId="2e76a750-4ed1-5036-c84f-51bd1128499d" testName="UnmanagedMessagesClient_CommandAcknowledged_OnAckMessageReceived" computerName="DKSR-EFI-06" duration="00:00:00.0070388" startTime="2024-01-09T15:44:38.0455093+01:00" endTime="2024-01-09T15:44:38.0526898+01:00" testType="13cdc9d9-ddb5-4fa4-a97d-d965ccfc6d4b" outcome="Passed" testListId="8c84fa94-04c1-424b-9868-57a2d4851a1d" relativeResultsDirectory="c1991207-6419-41d5-85b9-835022d64a9a">
      <Output>
        <StdOut>Debug Trace:&#xD;
Session id: &#xD;
Last seq: 0</StdOut>
      </Output>
    </UnitTestResult>
    <UnitTestResult executionId="732fdaaf-4c60-4188-a742-9bf114936752" testId="35dd3e81-08e9-d17b-8a33-778f4b16c0db" testName="MessageClient_ReconnectsOnFail_WithoutSessionId" computerName="DKSR-EFI-06" duration="00:00:00.0095877" startTime="2024-01-09T15:44:37.7201131+01:00" endTime="2024-01-09T15:44:37.7298588+01:00" testType="13cdc9d9-ddb5-4fa4-a97d-d965ccfc6d4b" outcome="Passed" testListId="8c84fa94-04c1-424b-9868-57a2d4851a1d" relativeResultsDirectory="732fdaaf-4c60-4188-a742-9bf114936752" />
    <UnitTestResult executionId="dd0a2182-793d-4d39-8258-4e0b34c3681b" testId="9812aa59-30cc-6a30-4d77-58d7a0c7120b" testName="UnmanagedMessagesClient_UnsubscribeAsyncThrowsInvalidOperationException_WhenNotConnected" computerName="DKSR-EFI-06" duration="00:00:00.0045186" startTime="2024-01-09T15:44:37.9604399+01:00" endTime="2024-01-09T15:44:37.9651550+01:00" testType="13cdc9d9-ddb5-4fa4-a97d-d965ccfc6d4b" outcome="Passed" testListId="8c84fa94-04c1-424b-9868-57a2d4851a1d" relativeResultsDirectory="dd0a2182-793d-4d39-8258-4e0b34c3681b" />
    <UnitTestResult executionId="5156af01-0bc7-44ad-8101-bb0a4a972bc0" testId="e2649807-37bb-a070-b4f0-e51dd597a82c" testName="MessageClient_PublishesSuccessfuly" computerName="DKSR-EFI-06" duration="00:00:00.0059682" startTime="2024-01-09T15:44:37.7138942+01:00" endTime="2024-01-09T15:44:37.7200332+01:00" testType="13cdc9d9-ddb5-4fa4-a97d-d965ccfc6d4b" outcome="Passed" testListId="8c84fa94-04c1-424b-9868-57a2d4851a1d" relativeResultsDirectory="5156af01-0bc7-44ad-8101-bb0a4a972bc0" />
    <UnitTestResult executionId="c30e11da-8e14-49dd-821f-d2b0ef466c7a" testId="ddd6506e-79b0-b218-a118-9e4bb15f5787" testName="UnmanagedMessagesClient_NewMessageAsyncCalled_WhenMessageIsReceived" computerName="DKSR-EFI-06" duration="00:00:00.0126097" startTime="2024-01-09T15:44:38.0326723+01:00" endTime="2024-01-09T15:44:38.0454293+01:00" testType="13cdc9d9-ddb5-4fa4-a97d-d965ccfc6d4b" outcome="Passed" testListId="8c84fa94-04c1-424b-9868-57a2d4851a1d" relativeResultsDirectory="c30e11da-8e14-49dd-821f-d2b0ef466c7a">
      <Output>
        <StdOut>Debug Trace:&#xD;
Session id: &#xD;
Last seq: 0</StdOut>
      </Output>
    </UnitTestResult>
    <UnitTestResult executionId="e6455c23-4f6b-408f-8e05-f154a129fc76" testId="f321d583-6820-e8ad-87f2-98ed884298f5" testName="IncomingCommandProcessor_NotifiesHandler_OnMessage" computerName="DKSR-EFI-06" duration="00:00:00.0098370" startTime="2024-01-09T15:44:28.6104445+01:00" endTime="2024-01-09T15:44:28.6204744+01:00" testType="13cdc9d9-ddb5-4fa4-a97d-d965ccfc6d4b" outcome="Passed" testListId="8c84fa94-04c1-424b-9868-57a2d4851a1d" relativeResultsDirectory="e6455c23-4f6b-408f-8e05-f154a129fc76" />
    <UnitTestResult executionId="46c7c2f8-0870-4b1f-b3c8-198ac16f138e" testId="0354bd2c-a3af-b7d1-6ee3-5d4076361cc9" testName="UnmanagedMessagesClient_CreateAndConnectWebSocket_ThrowsCommunicationMIPException_On400Response" computerName="DKSR-EFI-06" duration="00:00:00.0234557" startTime="2024-01-09T15:44:37.9018781+01:00" endTime="2024-01-09T15:44:37.9254906+01:00" testType="13cdc9d9-ddb5-4fa4-a97d-d965ccfc6d4b" outcome="Passed" testListId="8c84fa94-04c1-424b-9868-57a2d4851a1d" relativeResultsDirectory="46c7c2f8-0870-4b1f-b3c8-198ac16f138e" />
    <UnitTestResult executionId="a581f8c3-d582-444d-bfa5-9bff58e226d0" testId="15cf5f1f-ab36-1240-895a-02520d6709ad" testName="IncomingCommandProcessor_NotifiesHandler_OnHello" computerName="DKSR-EFI-06" duration="00:00:00.0047740" startTime="2024-01-09T15:44:28.6205648+01:00" endTime="2024-01-09T15:44:28.6255999+01:00" testType="13cdc9d9-ddb5-4fa4-a97d-d965ccfc6d4b" outcome="Passed" testListId="8c84fa94-04c1-424b-9868-57a2d4851a1d" relativeResultsDirectory="a581f8c3-d582-444d-bfa5-9bff58e226d0" />
    <UnitTestResult executionId="28b3793e-71e6-4365-a5d6-79c1e5417cf7" testId="bde86493-a81b-62bb-0fb3-667dae30f73a" testName="UnmanagedMessagesClient_UnsubscribeAsync_Succeeedes" computerName="DKSR-EFI-06" duration="00:00:00.0035762" startTime="2024-01-09T15:44:37.9859909+01:00" endTime="2024-01-09T15:44:37.9896899+01:00" testType="13cdc9d9-ddb5-4fa4-a97d-d965ccfc6d4b" outcome="Passed" testListId="8c84fa94-04c1-424b-9868-57a2d4851a1d" relativeResultsDirectory="28b3793e-71e6-4365-a5d6-79c1e5417cf7">
      <Output>
        <StdOut>Debug Trace:&#xD;
Session id: &#xD;
Last seq: 0</StdOut>
      </Output>
    </UnitTestResult>
    <UnitTestResult executionId="cce245fc-fdb5-425e-b724-917c571c1b32" testId="53bbdfd4-a0d7-b932-63ba-34eb278b5174" testName="MessageClient_ReconnectsOnFail_WithSessionId" computerName="DKSR-EFI-06" duration="00:00:00.0045320" startTime="2024-01-09T15:44:37.7299464+01:00" endTime="2024-01-09T15:44:37.7346602+01:00" testType="13cdc9d9-ddb5-4fa4-a97d-d965ccfc6d4b" outcome="Passed" testListId="8c84fa94-04c1-424b-9868-57a2d4851a1d" relativeResultsDirectory="cce245fc-fdb5-425e-b724-917c571c1b32" />
    <UnitTestResult executionId="ceeaf743-611c-4915-a72f-fe9979258891" testId="481ad207-9461-54b4-1bba-f9024d9501f6" testName="UnmanagedMessagesClient_SessionEstablished_OnHelloMessageReceived" computerName="DKSR-EFI-06" duration="00:00:01.1509216" startTime="2024-01-09T15:44:38.0527735+01:00" endTime="2024-01-09T15:44:39.2113767+01:00" testType="13cdc9d9-ddb5-4fa4-a97d-d965ccfc6d4b" outcome="Passed" testListId="8c84fa94-04c1-424b-9868-57a2d4851a1d" relativeResultsDirectory="ceeaf743-611c-4915-a72f-fe9979258891">
      <Output>
        <StdOut>Debug Trace:&#xD;
Session id: &#xD;
Last seq: 0</StdOut>
      </Output>
    </UnitTestResult>
    <UnitTestResult executionId="33323af3-19ea-488b-9116-f1f7c025e487" testId="61c7e091-1b3e-1a39-515c-79461bbab0f9" testName="UnmanagedMessagesClient_CreateAndConnectWebSocket_SetsCorrectUriAndToken" computerName="DKSR-EFI-06" duration="00:00:00.0086278" startTime="2024-01-09T15:44:37.8929925+01:00" endTime="2024-01-09T15:44:37.9018009+01:00" testType="13cdc9d9-ddb5-4fa4-a97d-d965ccfc6d4b" outcome="Passed" testListId="8c84fa94-04c1-424b-9868-57a2d4851a1d" relativeResultsDirectory="33323af3-19ea-488b-9116-f1f7c025e487" />
    <UnitTestResult executionId="5fa1584d-25d9-4bf6-ac83-61a83c8239d2" testId="369b70fb-adea-0c7a-c53f-0e4a5434b378" testName="MessageClient_ConnectsSubscribesAndReceivesMessages" computerName="DKSR-EFI-06" duration="00:00:00.1101566" startTime="2024-01-09T15:44:37.6027500+01:00" endTime="2024-01-09T15:44:37.7138045+01:00" testType="13cdc9d9-ddb5-4fa4-a97d-d965ccfc6d4b" outcome="Passed" testListId="8c84fa94-04c1-424b-9868-57a2d4851a1d" relativeResultsDirectory="5fa1584d-25d9-4bf6-ac83-61a83c8239d2" />
    <UnitTestResult executionId="cb00d4e3-f4b6-451d-bc74-43bb69ce0fd2" testId="b62116f8-b23d-e89b-a86d-2123115909d7" testName="IncomingCommandProcessor_NotifiesHandler_OnAck" computerName="DKSR-EFI-06" duration="00:00:00.3608378" startTime="2024-01-09T15:44:28.2491630+01:00" endTime="2024-01-09T15:44:28.6103549+01:00" testType="13cdc9d9-ddb5-4fa4-a97d-d965ccfc6d4b" outcome="Passed" testListId="8c84fa94-04c1-424b-9868-57a2d4851a1d" relativeResultsDirectory="cb00d4e3-f4b6-451d-bc74-43bb69ce0fd2" />
    <UnitTestResult executionId="4d7a06b6-b8ac-4d0f-830f-125b80a43e45" testId="e57fdccb-2ce2-77ef-c1eb-db1df10e4742" testName="UnmanagedMessagesClient_SubscribeAsyncThrowsArgumentNullException_WhenEmptyTopic" computerName="DKSR-EFI-06" duration="00:00:00.0029872" startTime="2024-01-09T15:44:37.9687089+01:00" endTime="2024-01-09T15:44:37.9718281+01:00" testType="13cdc9d9-ddb5-4fa4-a97d-d965ccfc6d4b" outcome="Passed" testListId="8c84fa94-04c1-424b-9868-57a2d4851a1d" relativeResultsDirectory="4d7a06b6-b8ac-4d0f-830f-125b80a43e45" />
    <UnitTestResult executionId="51fbad8b-04f0-4a03-9fb2-0ab3f1c4eba7" testId="7fd14a29-ca57-7558-05c9-27914b466fd4" testName="UnmanagedMessagesClient_UnsubscribeAsyncThrowsCommunicationMipException_OnUnacknoledgedCommand" computerName="DKSR-EFI-06" duration="00:00:00.0048566" startTime="2024-01-09T15:44:38.0275839+01:00" endTime="2024-01-09T15:44:38.0325928+01:00" testType="13cdc9d9-ddb5-4fa4-a97d-d965ccfc6d4b" outcome="Passed" testListId="8c84fa94-04c1-424b-9868-57a2d4851a1d" relativeResultsDirectory="51fbad8b-04f0-4a03-9fb2-0ab3f1c4eba7">
      <Output>
        <StdOut>Debug Trace:&#xD;
Session id: &#xD;
Last seq: 0</StdOut>
      </Output>
    </UnitTestResult>
    <UnitTestResult executionId="bdb82ca4-7398-4ff6-ac2d-89c81bf3e5d5" testId="e3f43c17-4ef6-ef50-cf90-968950273566" testName="UnmanagedMessagesClient_SubscribeAsyncThrowsInvalidOperationException_WhenNotConnected" computerName="DKSR-EFI-06" duration="00:00:00.0053291" startTime="2024-01-09T15:44:37.9548095+01:00" endTime="2024-01-09T15:44:37.9603589+01:00" testType="13cdc9d9-ddb5-4fa4-a97d-d965ccfc6d4b" outcome="Passed" testListId="8c84fa94-04c1-424b-9868-57a2d4851a1d" relativeResultsDirectory="bdb82ca4-7398-4ff6-ac2d-89c81bf3e5d5" />
    <UnitTestResult executionId="37b160d1-9e68-49c1-932a-6448a09bc267" testId="34dd6073-72f3-7452-2410-e6841f900937" testName="CommandAcknowledgementHandler_Returns_AfterTaskSucceeds" computerName="DKSR-EFI-06" duration="00:00:00.2568344" startTime="2024-01-09T15:44:27.9442860+01:00" endTime="2024-01-09T15:44:28.2016539+01:00" testType="13cdc9d9-ddb5-4fa4-a97d-d965ccfc6d4b" outcome="Passed" testListId="8c84fa94-04c1-424b-9868-57a2d4851a1d" relativeResultsDirectory="37b160d1-9e68-49c1-932a-6448a09bc267" />
    <UnitTestResult executionId="9c075fc4-6ff9-43dd-a1ae-0dbb7407d937" testId="844a9fa4-118c-b932-6fa0-4c03835f9391" testName="CommandAcknowledgementHandler_Throws_AfterTimeoutExpiration" computerName="DKSR-EFI-06" duration="00:00:00.7409138" startTime="2024-01-09T15:44:27.1189235+01:00" endTime="2024-01-09T15:44:27.9337503+01:00" testType="13cdc9d9-ddb5-4fa4-a97d-d965ccfc6d4b" outcome="Passed" testListId="8c84fa94-04c1-424b-9868-57a2d4851a1d" relativeResultsDirectory="9c075fc4-6ff9-43dd-a1ae-0dbb7407d937" />
    <UnitTestResult executionId="557c2d91-7b3a-4cfc-a25b-6d07ba949057" testId="ba323f9b-6e86-6a0e-98bc-09de9ded2195" testName="UnmanagedMessagesClient_PublishAsyncThrowsArgumentNullException_WhenEmptyTopic" computerName="DKSR-EFI-06" duration="00:00:00.0032539" startTime="2024-01-09T15:44:37.9652484+01:00" endTime="2024-01-09T15:44:37.9686381+01:00" testType="13cdc9d9-ddb5-4fa4-a97d-d965ccfc6d4b" outcome="Passed" testListId="8c84fa94-04c1-424b-9868-57a2d4851a1d" relativeResultsDirectory="557c2d91-7b3a-4cfc-a25b-6d07ba949057" />
    <UnitTestResult executionId="ce04e664-8912-4a6d-a37e-5b3eb05ebbb9" testId="0c8abb15-32af-342b-38ad-0fe9a5c21c5d" testName="UnmanagedMessagesClient_PublishAsync_Succeeedes" computerName="DKSR-EFI-06" duration="00:00:00.0067843" startTime="2024-01-09T15:44:37.9749221+01:00" endTime="2024-01-09T15:44:37.9818389+01:00" testType="13cdc9d9-ddb5-4fa4-a97d-d965ccfc6d4b" outcome="Passed" testListId="8c84fa94-04c1-424b-9868-57a2d4851a1d" relativeResultsDirectory="ce04e664-8912-4a6d-a37e-5b3eb05ebbb9">
      <Output>
        <StdOut>Debug Trace:&#xD;
Session id: &#xD;
Last seq: 0</StdOut>
      </Output>
    </UnitTestResult>
    <UnitTestResult executionId="1699bf9d-deef-46ce-bf1b-a624a59c9811" testId="ab926be0-7655-5fef-6b82-420cc027711b" testName="UnmanagedMessagesClient_ConnectAsync_CreatesAllNeededObjects" computerName="DKSR-EFI-06" duration="00:00:00.1569213" startTime="2024-01-09T15:44:37.7347397+01:00" endTime="2024-01-09T15:44:37.8920830+01:00" testType="13cdc9d9-ddb5-4fa4-a97d-d965ccfc6d4b" outcome="Passed" testListId="8c84fa94-04c1-424b-9868-57a2d4851a1d" relativeResultsDirectory="1699bf9d-deef-46ce-bf1b-a624a59c9811">
      <Output>
        <StdOut>Debug Trace:&#xD;
Session id: &#xD;
Last seq: 0</StdOut>
      </Output>
    </UnitTestResult>
  </Results>
  <TestDefinitions>
    <UnitTest name="UnmanagedMessagesClient_PublishAsyncThrowsArgumentNullException_WhenEmptyTopic" storage="d:\actions-runner\_work\xpco\xpco\allsolutions\..\mip\mipsdk\tst\videoos.platform.common.unittests\bin\x64\debug\net6.0-windows\videoos.platform.common.tests.dll" id="ba323f9b-6e86-6a0e-98bc-09de9ded2195">
      <Execution id="557c2d91-7b3a-4cfc-a25b-6d07ba949057" />
      <TestMethod codeBase="D:\actions-runner\_work\XPCO\XPCO\AllSolutions\..\MIP\MIPSDK\tst\VideoOS.Platform.Common.UnitTests\bin\x64\Debug\net6.0-windows\VideoOS.Platform.Common.Tests.dll" adapterTypeName="executor://mstestadapter/v2" className="VideoOS.Platform.Common.Tests.MessagesClient.UnmanagedMessagesClientTests" name="UnmanagedMessagesClient_PublishAsyncThrowsArgumentNullException_WhenEmptyTopic" />
    </UnitTest>
    <UnitTest name="UnmanagedMessagesClient_SubscribeAsyncThrowsArgumentNullException_WhenEmptyTopic" storage="d:\actions-runner\_work\xpco\xpco\allsolutions\..\mip\mipsdk\tst\videoos.platform.common.unittests\bin\x64\debug\net6.0-windows\videoos.platform.common.tests.dll" id="e57fdccb-2ce2-77ef-c1eb-db1df10e4742">
      <Execution id="4d7a06b6-b8ac-4d0f-830f-125b80a43e45" />
      <TestMethod codeBase="D:\actions-runner\_work\XPCO\XPCO\AllSolutions\..\MIP\MIPSDK\tst\VideoOS.Platform.Common.UnitTests\bin\x64\Debug\net6.0-windows\VideoOS.Platform.Common.Tests.dll" adapterTypeName="executor://mstestadapter/v2" className="VideoOS.Platform.Common.Tests.MessagesClient.UnmanagedMessagesClientTests" name="UnmanagedMessagesClient_SubscribeAsyncThrowsArgumentNullException_WhenEmptyTopic" />
    </UnitTest>
    <UnitTest name="IncomingCommandProcessor_NotifiesHandler_OnAck" storage="d:\actions-runner\_work\xpco\xpco\allsolutions\..\mip\mipsdk\tst\videoos.platform.common.unittests\bin\x64\debug\net6.0-windows\videoos.platform.common.tests.dll" id="b62116f8-b23d-e89b-a86d-2123115909d7">
      <Execution id="cb00d4e3-f4b6-451d-bc74-43bb69ce0fd2" />
      <TestMethod codeBase="D:\actions-runner\_work\XPCO\XPCO\AllSolutions\..\MIP\MIPSDK\tst\VideoOS.Platform.Common.UnitTests\bin\x64\Debug\net6.0-windows\VideoOS.Platform.Common.Tests.dll" adapterTypeName="executor://mstestadapter/v2" className="VideoOS.Platform.Common.Tests.MessagesClient.IncomingCommandProcessorTests" name="IncomingCommandProcessor_NotifiesHandler_OnAck" />
    </UnitTest>
    <UnitTest name="UnmanagedMessagesClient_SessionEstablished_OnHelloMessageReceived" storage="d:\actions-runner\_work\xpco\xpco\allsolutions\..\mip\mipsdk\tst\videoos.platform.common.unittests\bin\x64\debug\net6.0-windows\videoos.platform.common.tests.dll" id="481ad207-9461-54b4-1bba-f9024d9501f6">
      <Execution id="ceeaf743-611c-4915-a72f-fe9979258891" />
      <TestMethod codeBase="D:\actions-runner\_work\XPCO\XPCO\AllSolutions\..\MIP\MIPSDK\tst\VideoOS.Platform.Common.UnitTests\bin\x64\Debug\net6.0-windows\VideoOS.Platform.Common.Tests.dll" adapterTypeName="executor://mstestadapter/v2" className="VideoOS.Platform.Common.Tests.MessagesClient.UnmanagedMessagesClientTests" name="UnmanagedMessagesClient_SessionEstablished_OnHelloMessageReceived" />
    </UnitTest>
    <UnitTest name="IncomingCommandProcessor_NotifiesHandler_OnMessage" storage="d:\actions-runner\_work\xpco\xpco\allsolutions\..\mip\mipsdk\tst\videoos.platform.common.unittests\bin\x64\debug\net6.0-windows\videoos.platform.common.tests.dll" id="f321d583-6820-e8ad-87f2-98ed884298f5">
      <Execution id="e6455c23-4f6b-408f-8e05-f154a129fc76" />
      <TestMethod codeBase="D:\actions-runner\_work\XPCO\XPCO\AllSolutions\..\MIP\MIPSDK\tst\VideoOS.Platform.Common.UnitTests\bin\x64\Debug\net6.0-windows\VideoOS.Platform.Common.Tests.dll" adapterTypeName="executor://mstestadapter/v2" className="VideoOS.Platform.Common.Tests.MessagesClient.IncomingCommandProcessorTests" name="IncomingCommandProcessor_NotifiesHandler_OnMessage" />
    </UnitTest>
    <UnitTest name="UnmanagedMessagesClient_ConnectAsync_CreatesAllNeededObjects" storage="d:\actions-runner\_work\xpco\xpco\allsolutions\..\mip\mipsdk\tst\videoos.platform.common.unittests\bin\x64\debug\net6.0-windows\videoos.platform.common.tests.dll" id="ab926be0-7655-5fef-6b82-420cc027711b">
      <Execution id="1699bf9d-deef-46ce-bf1b-a624a59c9811" />
      <TestMethod codeBase="D:\actions-runner\_work\XPCO\XPCO\AllSolutions\..\MIP\MIPSDK\tst\VideoOS.Platform.Common.UnitTests\bin\x64\Debug\net6.0-windows\VideoOS.Platform.Common.Tests.dll" adapterTypeName="executor://mstestadapter/v2" className="VideoOS.Platform.Common.Tests.MessagesClient.UnmanagedMessagesClientTests" name="UnmanagedMessagesClient_ConnectAsync_CreatesAllNeededObjects" />
    </UnitTest>
    <UnitTest name="UnmanagedMessagesClient_PublishAsyncThrowsInvalidOperationException_WhenNotConnected" storage="d:\actions-runner\_work\xpco\xpco\allsolutions\..\mip\mipsdk\tst\videoos.platform.common.unittests\bin\x64\debug\net6.0-windows\videoos.platform.common.tests.dll" id="7b3b8817-3629-0f9e-a5c9-7ef07eb00100">
      <Execution id="3cbcb65e-c259-448e-8c80-1da88793ac7b" />
      <TestMethod codeBase="D:\actions-runner\_work\XPCO\XPCO\AllSolutions\..\MIP\MIPSDK\tst\VideoOS.Platform.Common.UnitTests\bin\x64\Debug\net6.0-windows\VideoOS.Platform.Common.Tests.dll" adapterTypeName="executor://mstestadapter/v2" className="VideoOS.Platform.Common.Tests.MessagesClient.UnmanagedMessagesClientTests" name="UnmanagedMessagesClient_PublishAsyncThrowsInvalidOperationException_WhenNotConnected" />
    </UnitTest>
    <UnitTest name="UnmanagedMessagesClient_CreateAndConnectWebSocket_SetsCorrectUriAndToken" storage="d:\actions-runner\_work\xpco\xpco\allsolutions\..\mip\mipsdk\tst\videoos.platform.common.unittests\bin\x64\debug\net6.0-windows\videoos.platform.common.tests.dll" id="61c7e091-1b3e-1a39-515c-79461bbab0f9">
      <Execution id="33323af3-19ea-488b-9116-f1f7c025e487" />
      <TestMethod codeBase="D:\actions-runner\_work\XPCO\XPCO\AllSolutions\..\MIP\MIPSDK\tst\VideoOS.Platform.Common.UnitTests\bin\x64\Debug\net6.0-windows\VideoOS.Platform.Common.Tests.dll" adapterTypeName="executor://mstestadapter/v2" className="VideoOS.Platform.Common.Tests.MessagesClient.UnmanagedMessagesClientTests" name="UnmanagedMessagesClient_CreateAndConnectWebSocket_SetsCorrectUriAndToken" />
    </UnitTest>
    <UnitTest name="UnmanagedMessagesClient_SubscribeAsyncThrowsCommunicationMipException_OnUnacknoledgedCommand" storage="d:\actions-runner\_work\xpco\xpco\allsolutions\..\mip\mipsdk\tst\videoos.platform.common.unittests\bin\x64\debug\net6.0-windows\videoos.platform.common.tests.dll" id="146134db-aca7-0597-22bc-748555377921">
      <Execution id="0c27b6d0-3e95-42a5-ace5-565e6106292a" />
      <TestMethod codeBase="D:\actions-runner\_work\XPCO\XPCO\AllSolutions\..\MIP\MIPSDK\tst\VideoOS.Platform.Common.UnitTests\bin\x64\Debug\net6.0-windows\VideoOS.Platform.Common.Tests.dll" adapterTypeName="executor://mstestadapter/v2" className="VideoOS.Platform.Common.Tests.MessagesClient.UnmanagedMessagesClientTests" name="UnmanagedMessagesClient_SubscribeAsyncThrowsCommunicationMipException_OnUnacknoledgedCommand" />
    </UnitTest>
    <UnitTest name="UnmanagedMessagesClient_CreateAndConnectWebSocket_ThrowsNotAuthorizedMIPException_On401Response" storage="d:\actions-runner\_work\xpco\xpco\allsolutions\..\mip\mipsdk\tst\videoos.platform.common.unittests\bin\x64\debug\net6.0-windows\videoos.platform.common.tests.dll" id="8f23febd-4c80-4a0b-73f8-cd4e072a3be3">
      <Execution id="4d434eca-bf38-46ef-aeee-bb6c7545f0e1" />
      <TestMethod codeBase="D:\actions-runner\_work\XPCO\XPCO\AllSolutions\..\MIP\MIPSDK\tst\VideoOS.Platform.Common.UnitTests\bin\x64\Debug\net6.0-windows\VideoOS.Platform.Common.Tests.dll" adapterTypeName="executor://mstestadapter/v2" className="VideoOS.Platform.Common.Tests.MessagesClient.UnmanagedMessagesClientTests" name="UnmanagedMessagesClient_CreateAndConnectWebSocket_ThrowsNotAuthorizedMIPException_On401Response" />
    </UnitTest>
    <UnitTest name="CommandAcknowledgementHandler_Returns_AfterTaskSucceeds" storage="d:\actions-runner\_work\xpco\xpco\allsolutions\..\mip\mipsdk\tst\videoos.platform.common.unittests\bin\x64\debug\net6.0-windows\videoos.platform.common.tests.dll" id="34dd6073-72f3-7452-2410-e6841f900937">
      <Execution id="37b160d1-9e68-49c1-932a-6448a09bc267" />
      <TestMethod codeBase="D:\actions-runner\_work\XPCO\XPCO\AllSolutions\..\MIP\MIPSDK\tst\VideoOS.Platform.Common.UnitTests\bin\x64\Debug\net6.0-windows\VideoOS.Platform.Common.Tests.dll" adapterTypeName="executor://mstestadapter/v2" className="VideoOS.Platform.Common.Tests.MessagesClient.CommandAcknowledgementHandlerTests" name="CommandAcknowledgementHandler_Returns_AfterTaskSucceeds" />
    </UnitTest>
    <UnitTest name="UnmanagedMessagesClient_SubscribeAsyncThrowsInvalidOperationException_WhenNotConnected" storage="d:\actions-runner\_work\xpco\xpco\allsolutions\..\mip\mipsdk\tst\videoos.platform.common.unittests\bin\x64\debug\net6.0-windows\videoos.platform.common.tests.dll" id="e3f43c17-4ef6-ef50-cf90-968950273566">
      <Execution id="bdb82ca4-7398-4ff6-ac2d-89c81bf3e5d5" />
      <TestMethod codeBase="D:\actions-runner\_work\XPCO\XPCO\AllSolutions\..\MIP\MIPSDK\tst\VideoOS.Platform.Common.UnitTests\bin\x64\Debug\net6.0-windows\VideoOS.Platform.Common.Tests.dll" adapterTypeName="executor://mstestadapter/v2" className="VideoOS.Platform.Common.Tests.MessagesClient.UnmanagedMessagesClientTests" name="UnmanagedMessagesClient_SubscribeAsyncThrowsInvalidOperationException_WhenNotConnected" />
    </UnitTest>
    <UnitTest name="CommandAcknowledgementHandler_Throws_AfterTimeoutExpiration" storage="d:\actions-runner\_work\xpco\xpco\allsolutions\..\mip\mipsdk\tst\videoos.platform.common.unittests\bin\x64\debug\net6.0-windows\videoos.platform.common.tests.dll" id="844a9fa4-118c-b932-6fa0-4c03835f9391">
      <Execution id="9c075fc4-6ff9-43dd-a1ae-0dbb7407d937" />
      <TestMethod codeBase="D:\actions-runner\_work\XPCO\XPCO\AllSolutions\..\MIP\MIPSDK\tst\VideoOS.Platform.Common.UnitTests\bin\x64\Debug\net6.0-windows\VideoOS.Platform.Common.Tests.dll" adapterTypeName="executor://mstestadapter/v2" className="VideoOS.Platform.Common.Tests.MessagesClient.CommandAcknowledgementHandlerTests" name="CommandAcknowledgementHandler_Throws_AfterTimeoutExpiration" />
    </UnitTest>
    <UnitTest name="UnmanagedMessagesClient_NewMessageAsyncCalled_WhenMessageIsReceived" storage="d:\actions-runner\_work\xpco\xpco\allsolutions\..\mip\mipsdk\tst\videoos.platform.common.unittests\bin\x64\debug\net6.0-windows\videoos.platform.common.tests.dll" id="ddd6506e-79b0-b218-a118-9e4bb15f5787">
      <Execution id="c30e11da-8e14-49dd-821f-d2b0ef466c7a" />
      <TestMethod codeBase="D:\actions-runner\_work\XPCO\XPCO\AllSolutions\..\MIP\MIPSDK\tst\VideoOS.Platform.Common.UnitTests\bin\x64\Debug\net6.0-windows\VideoOS.Platform.Common.Tests.dll" adapterTypeName="executor://mstestadapter/v2" className="VideoOS.Platform.Common.Tests.MessagesClient.UnmanagedMessagesClientTests" name="UnmanagedMessagesClient_NewMessageAsyncCalled_WhenMessageIsReceived" />
    </UnitTest>
    <UnitTest name="UnmanagedMessagesClient_UnsubscribeAsync_Succeeedes" storage="d:\actions-runner\_work\xpco\xpco\allsolutions\..\mip\mipsdk\tst\videoos.platform.common.unittests\bin\x64\debug\net6.0-windows\videoos.platform.common.tests.dll" id="bde86493-a81b-62bb-0fb3-667dae30f73a">
      <Execution id="28b3793e-71e6-4365-a5d6-79c1e5417cf7" />
      <TestMethod codeBase="D:\actions-runner\_work\XPCO\XPCO\AllSolutions\..\MIP\MIPSDK\tst\VideoOS.Platform.Common.UnitTests\bin\x64\Debug\net6.0-windows\VideoOS.Platform.Common.Tests.dll" adapterTypeName="executor://mstestadapter/v2" className="VideoOS.Platform.Common.Tests.MessagesClient.UnmanagedMessagesClientTests" name="UnmanagedMessagesClient_UnsubscribeAsync_Succeeedes" />
    </UnitTest>
    <UnitTest name="IncomingCommandProcessor_NotifiesHandler_OnHello" storage="d:\actions-runner\_work\xpco\xpco\allsolutions\..\mip\mipsdk\tst\videoos.platform.common.unittests\bin\x64\debug\net6.0-windows\videoos.platform.common.tests.dll" id="15cf5f1f-ab36-1240-895a-02520d6709ad">
      <Execution id="a581f8c3-d582-444d-bfa5-9bff58e226d0" />
      <TestMethod codeBase="D:\actions-runner\_work\XPCO\XPCO\AllSolutions\..\MIP\MIPSDK\tst\VideoOS.Platform.Common.UnitTests\bin\x64\Debug\net6.0-windows\VideoOS.Platform.Common.Tests.dll" adapterTypeName="executor://mstestadapter/v2" className="VideoOS.Platform.Common.Tests.MessagesClient.IncomingCommandProcessorTests" name="IncomingCommandProcessor_NotifiesHandler_OnHello" />
    </UnitTest>
    <UnitTest name="UnmanagedMessagesClient_CreateAndConnectWebSocket_ThrowsCommunicationMIPException_On400Response" storage="d:\actions-runner\_work\xpco\xpco\allsolutions\..\mip\mipsdk\tst\videoos.platform.common.unittests\bin\x64\debug\net6.0-windows\videoos.platform.common.tests.dll" id="0354bd2c-a3af-b7d1-6ee3-5d4076361cc9">
      <Execution id="46c7c2f8-0870-4b1f-b3c8-198ac16f138e" />
      <TestMethod codeBase="D:\actions-runner\_work\XPCO\XPCO\AllSolutions\..\MIP\MIPSDK\tst\VideoOS.Platform.Common.UnitTests\bin\x64\Debug\net6.0-windows\VideoOS.Platform.Common.Tests.dll" adapterTypeName="executor://mstestadapter/v2" className="VideoOS.Platform.Common.Tests.MessagesClient.UnmanagedMessagesClientTests" name="UnmanagedMessagesClient_CreateAndConnectWebSocket_ThrowsCommunicationMIPException_On400Response" />
    </UnitTest>
    <UnitTest name="UnmanagedMessagesClient_UnsubscribeAsyncThrowsInvalidOperationException_WhenNotConnected" storage="d:\actions-runner\_work\xpco\xpco\allsolutions\..\mip\mipsdk\tst\videoos.platform.common.unittests\bin\x64\debug\net6.0-windows\videoos.platform.common.tests.dll" id="9812aa59-30cc-6a30-4d77-58d7a0c7120b">
      <Execution id="dd0a2182-793d-4d39-8258-4e0b34c3681b" />
      <TestMethod codeBase="D:\actions-runner\_work\XPCO\XPCO\AllSolutions\..\MIP\MIPSDK\tst\VideoOS.Platform.Common.UnitTests\bin\x64\Debug\net6.0-windows\VideoOS.Platform.Common.Tests.dll" adapterTypeName="executor://mstestadapter/v2" className="VideoOS.Platform.Common.Tests.MessagesClient.UnmanagedMessagesClientTests" name="UnmanagedMessagesClient_UnsubscribeAsyncThrowsInvalidOperationException_WhenNotConnected" />
    </UnitTest>
    <UnitTest name="UnmanagedMessagesClient_PublishAsync_Succeeedes" storage="d:\actions-runner\_work\xpco\xpco\allsolutions\..\mip\mipsdk\tst\videoos.platform.common.unittests\bin\x64\debug\net6.0-windows\videoos.platform.common.tests.dll" id="0c8abb15-32af-342b-38ad-0fe9a5c21c5d">
      <Execution id="ce04e664-8912-4a6d-a37e-5b3eb05ebbb9" />
      <TestMethod codeBase="D:\actions-runner\_work\XPCO\XPCO\AllSolutions\..\MIP\MIPSDK\tst\VideoOS.Platform.Common.UnitTests\bin\x64\Debug\net6.0-windows\VideoOS.Platform.Common.Tests.dll" adapterTypeName="executor://mstestadapter/v2" className="VideoOS.Platform.Common.Tests.MessagesClient.UnmanagedMessagesClientTests" name="UnmanagedMessagesClient_PublishAsync_Succeeedes" />
    </UnitTest>
    <UnitTest name="MessageClient_PublishesSuccessfuly" storage="d:\actions-runner\_work\xpco\xpco\allsolutions\..\mip\mipsdk\tst\videoos.platform.common.unittests\bin\x64\debug\net6.0-windows\videoos.platform.common.tests.dll" id="e2649807-37bb-a070-b4f0-e51dd597a82c">
      <Execution id="5156af01-0bc7-44ad-8101-bb0a4a972bc0" />
      <TestMethod codeBase="D:\actions-runner\_work\XPCO\XPCO\AllSolutions\..\MIP\MIPSDK\tst\VideoOS.Platform.Common.UnitTests\bin\x64\Debug\net6.0-windows\VideoOS.Platform.Common.Tests.dll" adapterTypeName="executor://mstestadapter/v2" className="VideoOS.Platform.Common.Tests.MessagesClient.MessageClientTests" name="MessageClient_PublishesSuccessfuly" />
    </UnitTest>
    <UnitTest name="UnmanagedMessagesClient_CommandAcknowledged_OnAckMessageReceived" storage="d:\actions-runner\_work\xpco\xpco\allsolutions\..\mip\mipsdk\tst\videoos.platform.common.unittests\bin\x64\debug\net6.0-windows\videoos.platform.common.tests.dll" id="2e76a750-4ed1-5036-c84f-51bd1128499d">
      <Execution id="c1991207-6419-41d5-85b9-835022d64a9a" />
      <TestMethod codeBase="D:\actions-runner\_work\XPCO\XPCO\AllSolutions\..\MIP\MIPSDK\tst\VideoOS.Platform.Common.UnitTests\bin\x64\Debug\net6.0-windows\VideoOS.Platform.Common.Tests.dll" adapterTypeName="executor://mstestadapter/v2" className="VideoOS.Platform.Common.Tests.MessagesClient.UnmanagedMessagesClientTests" name="UnmanagedMessagesClient_CommandAcknowledged_OnAckMessageReceived" />
    </UnitTest>
    <UnitTest name="LastProcessedMessageSequence_KeepsHigherValue_WhenCalledFromMultipleThreads (5,1000)" storage="d:\actions-runner\_work\xpco\xpco\allsolutions\..\mip\mipsdk\tst\videoos.platform.common.unittests\bin\x64\debug\net6.0-windows\videoos.platform.common.tests.dll" id="51cb1d8b-21a7-3ead-df4d-dff7b13c3162">
      <Execution id="b546179a-4265-4cdb-850a-8be405ca804a" />
      <TestMethod codeBase="D:\actions-runner\_work\XPCO\XPCO\AllSolutions\..\MIP\MIPSDK\tst\VideoOS.Platform.Common.UnitTests\bin\x64\Debug\net6.0-windows\VideoOS.Platform.Common.Tests.dll" adapterTypeName="executor://mstestadapter/v2" className="VideoOS.Platform.Common.Tests.MessagesClient.LastProcessedMessageSequenceTests" name="LastProcessedMessageSequence_KeepsHigherValue_WhenCalledFromMultipleThreads" />
    </UnitTest>
    <UnitTest name="UnmanagedMessagesClient_SubscribeAsync_Succeeedes" storage="d:\actions-runner\_work\xpco\xpco\allsolutions\..\mip\mipsdk\tst\videoos.platform.common.unittests\bin\x64\debug\net6.0-windows\videoos.platform.common.tests.dll" id="a15bb082-9826-e2d8-2bbc-381a4fd3bbf1">
      <Execution id="142b8eaa-8b1f-4830-b6fa-6c416a40be21" />
      <TestMethod codeBase="D:\actions-runner\_work\XPCO\XPCO\AllSolutions\..\MIP\MIPSDK\tst\VideoOS.Platform.Common.UnitTests\bin\x64\Debug\net6.0-windows\VideoOS.Platform.Common.Tests.dll" adapterTypeName="executor://mstestadapter/v2" className="VideoOS.Platform.Common.Tests.MessagesClient.UnmanagedMessagesClientTests" name="UnmanagedMessagesClient_SubscribeAsync_Succeeedes" />
    </UnitTest>
    <UnitTest name="MessageClient_ConnectsSubscribesAndReceivesMessages" storage="d:\actions-runner\_work\xpco\xpco\allsolutions\..\mip\mipsdk\tst\videoos.platform.common.unittests\bin\x64\debug\net6.0-windows\videoos.platform.common.tests.dll" id="369b70fb-adea-0c7a-c53f-0e4a5434b378">
      <Execution id="5fa1584d-25d9-4bf6-ac83-61a83c8239d2" />
      <TestMethod codeBase="D:\actions-runner\_work\XPCO\XPCO\AllSolutions\..\MIP\MIPSDK\tst\VideoOS.Platform.Common.UnitTests\bin\x64\Debug\net6.0-windows\VideoOS.Platform.Common.Tests.dll" adapterTypeName="executor://mstestadapter/v2" className="VideoOS.Platform.Common.Tests.MessagesClient.MessageClientTests" name="MessageClient_ConnectsSubscribesAndReceivesMessages" />
    </UnitTest>
    <UnitTest name="UnmanagedMessagesClient_PublishAsyncThrowsCommunicationMipException_OnUnacknoledgedCommand" storage="d:\actions-runner\_work\xpco\xpco\allsolutions\..\mip\mipsdk\tst\videoos.platform.common.unittests\bin\x64\debug\net6.0-windows\videoos.platform.common.tests.dll" id="6113d585-1c52-6ee0-8117-c47df2400b11">
      <Execution id="980120ca-2fa9-4c01-9d1a-90a3868c2193" />
      <TestMethod codeBase="D:\actions-runner\_work\XPCO\XPCO\AllSolutions\..\MIP\MIPSDK\tst\VideoOS.Platform.Common.UnitTests\bin\x64\Debug\net6.0-windows\VideoOS.Platform.Common.Tests.dll" adapterTypeName="executor://mstestadapter/v2" className="VideoOS.Platform.Common.Tests.MessagesClient.UnmanagedMessagesClientTests" name="UnmanagedMessagesClient_PublishAsyncThrowsCommunicationMipException_OnUnacknoledgedCommand" />
    </UnitTest>
    <UnitTest name="MessageClient_ReconnectsOnFail_WithSessionId" storage="d:\actions-runner\_work\xpco\xpco\allsolutions\..\mip\mipsdk\tst\videoos.platform.common.unittests\bin\x64\debug\net6.0-windows\videoos.platform.common.tests.dll" id="53bbdfd4-a0d7-b932-63ba-34eb278b5174">
      <Execution id="cce245fc-fdb5-425e-b724-917c571c1b32" />
      <TestMethod codeBase="D:\actions-runner\_work\XPCO\XPCO\AllSolutions\..\MIP\MIPSDK\tst\VideoOS.Platform.Common.UnitTests\bin\x64\Debug\net6.0-windows\VideoOS.Platform.Common.Tests.dll" adapterTypeName="executor://mstestadapter/v2" className="VideoOS.Platform.Common.Tests.MessagesClient.MessageClientTests" name="MessageClient_ReconnectsOnFail_WithSessionId" />
    </UnitTest>
    <UnitTest name="UnmanagedMessagesClient_UnsubscribeAsyncThrowsArgumentNullException_WhenEmptyTopic" storage="d:\actions-runner\_work\xpco\xpco\allsolutions\..\mip\mipsdk\tst\videoos.platform.common.unittests\bin\x64\debug\net6.0-windows\videoos.platform.common.tests.dll" id="d4a31fd0-d7bb-644e-ae0f-28595237d2c2">
      <Execution id="48787c8a-fb7d-4313-9fee-b1dc57bcd5d6" />
      <TestMethod codeBase="D:\actions-runner\_work\XPCO\XPCO\AllSolutions\..\MIP\MIPSDK\tst\VideoOS.Platform.Common.UnitTests\bin\x64\Debug\net6.0-windows\VideoOS.Platform.Common.Tests.dll" adapterTypeName="executor://mstestadapter/v2" className="VideoOS.Platform.Common.Tests.MessagesClient.UnmanagedMessagesClientTests" name="UnmanagedMessagesClient_UnsubscribeAsyncThrowsArgumentNullException_WhenEmptyTopic" />
    </UnitTest>
    <UnitTest name="MessageClient_ReconnectsOnFail_WithoutSessionId" storage="d:\actions-runner\_work\xpco\xpco\allsolutions\..\mip\mipsdk\tst\videoos.platform.common.unittests\bin\x64\debug\net6.0-windows\videoos.platform.common.tests.dll" id="35dd3e81-08e9-d17b-8a33-778f4b16c0db">
      <Execution id="732fdaaf-4c60-4188-a742-9bf114936752" />
      <TestMethod codeBase="D:\actions-runner\_work\XPCO\XPCO\AllSolutions\..\MIP\MIPSDK\tst\VideoOS.Platform.Common.UnitTests\bin\x64\Debug\net6.0-windows\VideoOS.Platform.Common.Tests.dll" adapterTypeName="executor://mstestadapter/v2" className="VideoOS.Platform.Common.Tests.MessagesClient.MessageClientTests" name="MessageClient_ReconnectsOnFail_WithoutSessionId" />
    </UnitTest>
    <UnitTest name="UnmanagedMessagesClient_UnsubscribeAsyncThrowsCommunicationMipException_OnUnacknoledgedCommand" storage="d:\actions-runner\_work\xpco\xpco\allsolutions\..\mip\mipsdk\tst\videoos.platform.common.unittests\bin\x64\debug\net6.0-windows\videoos.platform.common.tests.dll" id="7fd14a29-ca57-7558-05c9-27914b466fd4">
      <Execution id="51fbad8b-04f0-4a03-9fb2-0ab3f1c4eba7" />
      <TestMethod codeBase="D:\actions-runner\_work\XPCO\XPCO\AllSolutions\..\MIP\MIPSDK\tst\VideoOS.Platform.Common.UnitTests\bin\x64\Debug\net6.0-windows\VideoOS.Platform.Common.Tests.dll" adapterTypeName="executor://mstestadapter/v2" className="VideoOS.Platform.Common.Tests.MessagesClient.UnmanagedMessagesClientTests" name="UnmanagedMessagesClient_UnsubscribeAsyncThrowsCommunicationMipException_OnUnacknoledgedCommand" />
    </UnitTest>
  </TestDefinitions>
  <TestEntries>
    <TestEntry testId="51cb1d8b-21a7-3ead-df4d-dff7b13c3162" executionId="b546179a-4265-4cdb-850a-8be405ca804a" testListId="8c84fa94-04c1-424b-9868-57a2d4851a1d" />
    <TestEntry testId="d4a31fd0-d7bb-644e-ae0f-28595237d2c2" executionId="48787c8a-fb7d-4313-9fee-b1dc57bcd5d6" testListId="8c84fa94-04c1-424b-9868-57a2d4851a1d" />
    <TestEntry testId="7b3b8817-3629-0f9e-a5c9-7ef07eb00100" executionId="3cbcb65e-c259-448e-8c80-1da88793ac7b" testListId="8c84fa94-04c1-424b-9868-57a2d4851a1d" />
    <TestEntry testId="8f23febd-4c80-4a0b-73f8-cd4e072a3be3" executionId="4d434eca-bf38-46ef-aeee-bb6c7545f0e1" testListId="8c84fa94-04c1-424b-9868-57a2d4851a1d" />
    <TestEntry testId="a15bb082-9826-e2d8-2bbc-381a4fd3bbf1" executionId="142b8eaa-8b1f-4830-b6fa-6c416a40be21" testListId="8c84fa94-04c1-424b-9868-57a2d4851a1d" />
    <TestEntry testId="146134db-aca7-0597-22bc-748555377921" executionId="0c27b6d0-3e95-42a5-ace5-565e6106292a" testListId="8c84fa94-04c1-424b-9868-57a2d4851a1d" />
    <TestEntry testId="6113d585-1c52-6ee0-8117-c47df2400b11" executionId="980120ca-2fa9-4c01-9d1a-90a3868c2193" testListId="8c84fa94-04c1-424b-9868-57a2d4851a1d" />
    <TestEntry testId="2e76a750-4ed1-5036-c84f-51bd1128499d" executionId="c1991207-6419-41d5-85b9-835022d64a9a" testListId="8c84fa94-04c1-424b-9868-57a2d4851a1d" />
    <TestEntry testId="35dd3e81-08e9-d17b-8a33-778f4b16c0db" executionId="732fdaaf-4c60-4188-a742-9bf114936752" testListId="8c84fa94-04c1-424b-9868-57a2d4851a1d" />
    <TestEntry testId="9812aa59-30cc-6a30-4d77-58d7a0c7120b" executionId="dd0a2182-793d-4d39-8258-4e0b34c3681b" testListId="8c84fa94-04c1-424b-9868-57a2d4851a1d" />
    <TestEntry testId="e2649807-37bb-a070-b4f0-e51dd597a82c" executionId="5156af01-0bc7-44ad-8101-bb0a4a972bc0" testListId="8c84fa94-04c1-424b-9868-57a2d4851a1d" />
    <TestEntry testId="ddd6506e-79b0-b218-a118-9e4bb15f5787" executionId="c30e11da-8e14-49dd-821f-d2b0ef466c7a" testListId="8c84fa94-04c1-424b-9868-57a2d4851a1d" />
    <TestEntry testId="f321d583-6820-e8ad-87f2-98ed884298f5" executionId="e6455c23-4f6b-408f-8e05-f154a129fc76" testListId="8c84fa94-04c1-424b-9868-57a2d4851a1d" />
    <TestEntry testId="0354bd2c-a3af-b7d1-6ee3-5d4076361cc9" executionId="46c7c2f8-0870-4b1f-b3c8-198ac16f138e" testListId="8c84fa94-04c1-424b-9868-57a2d4851a1d" />
    <TestEntry testId="15cf5f1f-ab36-1240-895a-02520d6709ad" executionId="a581f8c3-d582-444d-bfa5-9bff58e226d0" testListId="8c84fa94-04c1-424b-9868-57a2d4851a1d" />
    <TestEntry testId="bde86493-a81b-62bb-0fb3-667dae30f73a" executionId="28b3793e-71e6-4365-a5d6-79c1e5417cf7" testListId="8c84fa94-04c1-424b-9868-57a2d4851a1d" />
    <TestEntry testId="53bbdfd4-a0d7-b932-63ba-34eb278b5174" executionId="cce245fc-fdb5-425e-b724-917c571c1b32" testListId="8c84fa94-04c1-424b-9868-57a2d4851a1d" />
    <TestEntry testId="481ad207-9461-54b4-1bba-f9024d9501f6" executionId="ceeaf743-611c-4915-a72f-fe9979258891" testListId="8c84fa94-04c1-424b-9868-57a2d4851a1d" />
    <TestEntry testId="61c7e091-1b3e-1a39-515c-79461bbab0f9" executionId="33323af3-19ea-488b-9116-f1f7c025e487" testListId="8c84fa94-04c1-424b-9868-57a2d4851a1d" />
    <TestEntry testId="369b70fb-adea-0c7a-c53f-0e4a5434b378" executionId="5fa1584d-25d9-4bf6-ac83-61a83c8239d2" testListId="8c84fa94-04c1-424b-9868-57a2d4851a1d" />
    <TestEntry testId="b62116f8-b23d-e89b-a86d-2123115909d7" executionId="cb00d4e3-f4b6-451d-bc74-43bb69ce0fd2" testListId="8c84fa94-04c1-424b-9868-57a2d4851a1d" />
    <TestEntry testId="e57fdccb-2ce2-77ef-c1eb-db1df10e4742" executionId="4d7a06b6-b8ac-4d0f-830f-125b80a43e45" testListId="8c84fa94-04c1-424b-9868-57a2d4851a1d" />
    <TestEntry testId="7fd14a29-ca57-7558-05c9-27914b466fd4" executionId="51fbad8b-04f0-4a03-9fb2-0ab3f1c4eba7" testListId="8c84fa94-04c1-424b-9868-57a2d4851a1d" />
    <TestEntry testId="e3f43c17-4ef6-ef50-cf90-968950273566" executionId="bdb82ca4-7398-4ff6-ac2d-89c81bf3e5d5" testListId="8c84fa94-04c1-424b-9868-57a2d4851a1d" />
    <TestEntry testId="34dd6073-72f3-7452-2410-e6841f900937" executionId="37b160d1-9e68-49c1-932a-6448a09bc267" testListId="8c84fa94-04c1-424b-9868-57a2d4851a1d" />
    <TestEntry testId="844a9fa4-118c-b932-6fa0-4c03835f9391" executionId="9c075fc4-6ff9-43dd-a1ae-0dbb7407d937" testListId="8c84fa94-04c1-424b-9868-57a2d4851a1d" />
    <TestEntry testId="ba323f9b-6e86-6a0e-98bc-09de9ded2195" executionId="557c2d91-7b3a-4cfc-a25b-6d07ba949057" testListId="8c84fa94-04c1-424b-9868-57a2d4851a1d" />
    <TestEntry testId="0c8abb15-32af-342b-38ad-0fe9a5c21c5d" executionId="ce04e664-8912-4a6d-a37e-5b3eb05ebbb9" testListId="8c84fa94-04c1-424b-9868-57a2d4851a1d" />
    <TestEntry testId="ab926be0-7655-5fef-6b82-420cc027711b" executionId="1699bf9d-deef-46ce-bf1b-a624a59c9811" testListId="8c84fa94-04c1-424b-9868-57a2d4851a1d" />
  </TestEntries>
  <TestLists>
    <TestList name="Results Not in a List" id="8c84fa94-04c1-424b-9868-57a2d4851a1d" />
    <TestList name="All Loaded Results" id="19431567-8539-422a-85d7-44ee4e166bda" />
  </TestLists>
  <ResultSummary outcome="Completed">
    <Counters total="29" executed="29" passed="29" failed="0" error="0" timeout="0" aborted="0" inconclusive="0" passedButRunAborted="0" notRunnable="0" notExecuted="0" disconnected="0" warning="0" completed="0" inProgress="0" pending="0" />
  </ResultSummary>
</TestRun>