<?xml version="1.0" encoding="utf-8"?>
<TestRun id="59c6d9be-2a84-4767-a94e-d8ac6b8bf50f" name="DKSR-EFI-06$@DKSR-EFI-06 2024-01-09 15:41:36" runUser="NT AUTHORITY\NETWORK SERVICE" xmlns="http://microsoft.com/schemas/VisualStudio/TeamTest/2010">
  <Times creation="2024-01-09T15:41:36.6382380+01:00" queuing="2024-01-09T15:41:36.6382380+01:00" start="2024-01-09T15:41:30.6694511+01:00" finish="2024-01-09T15:41:39.4820038+01:00" />
  <TestSettings name="default" id="1df97d3b-3dd3-49e6-b96c-ec41b30e754c">
    <Deployment runDeploymentRoot="DKSR-EFI-06$_DKSR-EFI-06_2024-01-09_15_41_36" />
  </TestSettings>
  <Results>
    <UnitTestResult executionId="a73c09ad-0a5f-472b-8a88-97a2b4e4e7e3" testId="0cc1a792-32db-3643-8570-b5f3ee785740" testName="ValidateToken_RefreshIntervalNotReached_CachedConfig" computerName="DKSR-EFI-06" duration="00:00:00.2289305" startTime="2024-01-09T15:41:37.6485606+01:00" endTime="2024-01-09T15:41:37.8777710+01:00" testType="13cdc9d9-ddb5-4fa4-a97d-d965ccfc6d4b" outcome="Passed" testListId="8c84fa94-04c1-424b-9868-57a2d4851a1d" relativeResultsDirectory="a73c09ad-0a5f-472b-8a88-97a2b4e4e7e3" />
    <UnitTestResult executionId="262c340f-5fc5-4607-91e7-d8d14b2c6665" testId="0c88b540-cd14-9945-dfea-9607412205d7" testName="ClientCredentialsAuthenticationAsync_SecretIsNull_ThrowArgumentException" computerName="DKSR-EFI-06" duration="00:00:00.0013066" startTime="2024-01-09T15:41:38.8243198+01:00" endTime="2024-01-09T15:41:38.8259041+01:00" testType="13cdc9d9-ddb5-4fa4-a97d-d965ccfc6d4b" outcome="Passed" testListId="8c84fa94-04c1-424b-9868-57a2d4851a1d" relativeResultsDirectory="262c340f-5fc5-4607-91e7-d8d14b2c6665" />
    <UnitTestResult executionId="6d68f24b-7daf-49e6-b0b1-4f889d6655f1" testId="40fe9f87-53fc-abc6-c420-fc69d725d508" testName="RegisterClient_ClientIdIsNull_ThrowArgumentException" computerName="DKSR-EFI-06" duration="00:00:00.0023446" startTime="2024-01-09T15:41:38.7470434+01:00" endTime="2024-01-09T15:41:38.7495723+01:00" testType="13cdc9d9-ddb5-4fa4-a97d-d965ccfc6d4b" outcome="Passed" testListId="8c84fa94-04c1-424b-9868-57a2d4851a1d" relativeResultsDirectory="6d68f24b-7daf-49e6-b0b1-4f889d6655f1" />
    <UnitTestResult executionId="0a8f20fd-fb82-42a9-84e9-1f52932ec77a" testId="4b3a00da-f880-578f-c303-7e5e482337d2" testName="ValidateFasterIdpServerOnBothSchemas_WorkingHttpAddress_ShouldSuccess" computerName="DKSR-EFI-06" startTime="2024-01-09T15:41:38.8681497+01:00" endTime="2024-01-09T15:41:38.8682908+01:00" testType="13cdc9d9-ddb5-4fa4-a97d-d965ccfc6d4b" outcome="NotExecuted" testListId="8c84fa94-04c1-424b-9868-57a2d4851a1d" relativeResultsDirectory="0a8f20fd-fb82-42a9-84e9-1f52932ec77a">
      <Output></Output>
    </UnitTestResult>
    <UnitTestResult executionId="eb678692-43ac-4a2a-ae13-8e790ffd6a74" testId="a01ac9ad-250e-dc3d-a656-c7b6a9fad9c5" testName="HasValidScheme_UriIsHostName_ReturnsFalse" computerName="DKSR-EFI-06" duration="00:00:00.0001555" startTime="2024-01-09T15:41:38.9556863+01:00" endTime="2024-01-09T15:41:38.9559342+01:00" testType="13cdc9d9-ddb5-4fa4-a97d-d965ccfc6d4b" outcome="Passed" testListId="8c84fa94-04c1-424b-9868-57a2d4851a1d" relativeResultsDirectory="eb678692-43ac-4a2a-ae13-8e790ffd6a74" />
    <UnitTestResult executionId="04fd3630-666c-49d6-ad44-3d1f3b2f5097" testId="2b02613f-adc7-9ead-fab9-497ce9230752" testName="Retrieve_EmptyClient_ThrowsArgumentNullException" computerName="DKSR-EFI-06" duration="00:00:00.0010366" startTime="2024-01-09T15:41:38.9278910+01:00" endTime="2024-01-09T15:41:38.9291738+01:00" testType="13cdc9d9-ddb5-4fa4-a97d-d965ccfc6d4b" outcome="Passed" testListId="8c84fa94-04c1-424b-9868-57a2d4851a1d" relativeResultsDirectory="04fd3630-666c-49d6-ad44-3d1f3b2f5097" />
    <UnitTestResult executionId="e20bd7b7-5603-4a21-8420-e1b18ebd49e0" testId="c25f8796-8fb8-e9c9-dc4c-16994d769571" testName="GetAsync_ErrorTypeException_DiscoveryResponseIsError" computerName="DKSR-EFI-06" duration="00:00:00.0038718" startTime="2024-01-09T15:41:38.7113577+01:00" endTime="2024-01-09T15:41:38.7154355+01:00" testType="13cdc9d9-ddb5-4fa4-a97d-d965ccfc6d4b" outcome="Passed" testListId="8c84fa94-04c1-424b-9868-57a2d4851a1d" relativeResultsDirectory="e20bd7b7-5603-4a21-8420-e1b18ebd49e0" />
    <UnitTestResult executionId="3b9fb6af-fb80-4d6c-9ba5-67e8fcdfe5d0" testId="f740022f-70ee-66e1-da38-2c4767f72ea7" testName="UserName_HasNameClaim_ReturnsUserName" computerName="DKSR-EFI-06" duration="00:00:00.0016320" startTime="2024-01-09T15:41:39.1330043+01:00" endTime="2024-01-09T15:41:39.1347930+01:00" testType="13cdc9d9-ddb5-4fa4-a97d-d965ccfc6d4b" outcome="Passed" testListId="8c84fa94-04c1-424b-9868-57a2d4851a1d" relativeResultsDirectory="3b9fb6af-fb80-4d6c-9ba5-67e8fcdfe5d0" />
    <UnitTestResult executionId="c83e36cb-21b2-42d1-8464-036fce94dcf3" testId="bf3ad47a-9250-f8b8-31e2-5fe2764ad9e8" testName="CreateException_AdminIdentityNotFound_Is_DuplicateAdminIdentityException" computerName="DKSR-EFI-06" duration="00:00:00.0002671" startTime="2024-01-09T15:41:39.2196148+01:00" endTime="2024-01-09T15:41:39.2199943+01:00" testType="13cdc9d9-ddb5-4fa4-a97d-d965ccfc6d4b" outcome="Passed" testListId="8c84fa94-04c1-424b-9868-57a2d4851a1d" relativeResultsDirectory="c83e36cb-21b2-42d1-8464-036fce94dcf3" />
    <UnitTestResult executionId="d0f72c8c-227c-4e77-b784-2a9a6b68d5f3" testId="19645128-e202-44ae-34e1-bebb765d5926" testName="GetClaimValue_IdTokenNotRetrieved_Throws_InvalidOperationException" computerName="DKSR-EFI-06" duration="00:00:00.0011375" startTime="2024-01-09T15:41:39.1199148+01:00" endTime="2024-01-09T15:41:39.1212429+01:00" testType="13cdc9d9-ddb5-4fa4-a97d-d965ccfc6d4b" outcome="Passed" testListId="8c84fa94-04c1-424b-9868-57a2d4851a1d" relativeResultsDirectory="d0f72c8c-227c-4e77-b784-2a9a6b68d5f3" />
    <UnitTestResult executionId="d81bb1d0-8586-46a1-9f45-c013ea33908d" testId="ee5160b1-3233-41e0-3299-0425a39eeee5" testName="RefreshToken_IdTokenNotRetrieved_NoError" computerName="DKSR-EFI-06" duration="00:00:00.0015218" startTime="2024-01-09T15:41:39.1274160+01:00" endTime="2024-01-09T15:41:39.1290885+01:00" testType="13cdc9d9-ddb5-4fa4-a97d-d965ccfc6d4b" outcome="Passed" testListId="8c84fa94-04c1-424b-9868-57a2d4851a1d" relativeResultsDirectory="d81bb1d0-8586-46a1-9f45-c013ea33908d" />
    <UnitTestResult executionId="d639cdb4-4fec-48ac-8b0f-e83f8551634e" testId="7cf653ab-c1ac-db4f-c8b6-0088365ff615" testName="HandleException_InvalidParamException_Null_Throws_" computerName="DKSR-EFI-06" duration="00:00:00.0009703" startTime="2024-01-09T15:41:38.9414521+01:00" endTime="2024-01-09T15:41:38.9427431+01:00" testType="13cdc9d9-ddb5-4fa4-a97d-d965ccfc6d4b" outcome="Passed" testListId="8c84fa94-04c1-424b-9868-57a2d4851a1d" relativeResultsDirectory="d639cdb4-4fec-48ac-8b0f-e83f8551634e" />
    <UnitTestResult executionId="db05b2dd-3694-4243-a47a-2023979be66c" testId="dff6bcfa-7c56-915c-d680-949651ff50ba" testName="CreateException_ChangePassword_Is_ChangePasswordException" computerName="DKSR-EFI-06" duration="00:00:00.0002383" startTime="2024-01-09T15:41:39.2022791+01:00" endTime="2024-01-09T15:41:39.2026391+01:00" testType="13cdc9d9-ddb5-4fa4-a97d-d965ccfc6d4b" outcome="Passed" testListId="8c84fa94-04c1-424b-9868-57a2d4851a1d" relativeResultsDirectory="db05b2dd-3694-4243-a47a-2023979be66c" />
    <UnitTestResult executionId="9177f9c3-ce1e-4983-96dc-f3f2025b141a" testId="37cca059-17dd-1ce4-7f7a-261dd96b9c03" testName="HasValidScheme_UriIsNntp_ReturnsTrue" computerName="DKSR-EFI-06" duration="00:00:00.0001420" startTime="2024-01-09T15:41:38.9624808+01:00" endTime="2024-01-09T15:41:38.9627132+01:00" testType="13cdc9d9-ddb5-4fa4-a97d-d965ccfc6d4b" outcome="Passed" testListId="8c84fa94-04c1-424b-9868-57a2d4851a1d" relativeResultsDirectory="9177f9c3-ce1e-4983-96dc-f3f2025b141a" />
    <UnitTestResult executionId="2ab647d3-d726-47b5-828c-16f16a3d4698" testId="0257b952-b68e-ce9d-9d12-e1b7f33eb9e6" testName="methodName_testState_expectedResult" computerName="DKSR-EFI-06" duration="00:00:00.0006090" startTime="2024-01-09T15:41:39.0801238+01:00" endTime="2024-01-09T15:41:39.0810203+01:00" testType="13cdc9d9-ddb5-4fa4-a97d-d965ccfc6d4b" outcome="Passed" testListId="8c84fa94-04c1-424b-9868-57a2d4851a1d" relativeResultsDirectory="2ab647d3-d726-47b5-828c-16f16a3d4698" />
    <UnitTestResult executionId="8ec22083-32e8-42ac-9703-f9993cf1101d" testId="dedf70a5-f131-d84f-4234-6a5051d02528" testName="RegisterAuthorizationCodeClient_ResponseHasSuccessfulStatusCode_CorrectRequestUriIsPassedWithoutSecret" computerName="DKSR-EFI-06" duration="00:00:00.0054208" startTime="2024-01-09T15:41:38.8182098+01:00" endTime="2024-01-09T15:41:38.8238500+01:00" testType="13cdc9d9-ddb5-4fa4-a97d-d965ccfc6d4b" outcome="Passed" testListId="8c84fa94-04c1-424b-9868-57a2d4851a1d" relativeResultsDirectory="8ec22083-32e8-42ac-9703-f9993cf1101d" />
    <UnitTestResult executionId="160cfad7-91ed-4ba2-95eb-49f466fbaf38" testId="2c257caa-63e0-0918-bed2-614d73e7951d" testName="Constructor_NullClientSettings_ThrowArgumentNullException" computerName="DKSR-EFI-06" duration="00:00:00.0003909" startTime="2024-01-09T15:41:36.5667261+01:00" endTime="2024-01-09T15:41:36.5672606+01:00" testType="13cdc9d9-ddb5-4fa4-a97d-d965ccfc6d4b" outcome="Passed" testListId="8c84fa94-04c1-424b-9868-57a2d4851a1d" relativeResultsDirectory="160cfad7-91ed-4ba2-95eb-49f466fbaf38" />
    <UnitTestResult executionId="322dba04-5792-4e2d-a7e2-b6f6e53a715d" testId="957b72e6-223d-945c-7af4-a1f0fe7fb5d3" testName="Constructor_NullUri_ThrowsArgumentNullException" computerName="DKSR-EFI-06" duration="00:00:00.0007375" startTime="2024-01-09T15:41:36.5614265+01:00" endTime="2024-01-09T15:41:36.5624912+01:00" testType="13cdc9d9-ddb5-4fa4-a97d-d965ccfc6d4b" outcome="Passed" testListId="8c84fa94-04c1-424b-9868-57a2d4851a1d" relativeResultsDirectory="322dba04-5792-4e2d-a7e2-b6f6e53a715d" />
    <UnitTestResult executionId="ce782abf-e7d4-43b9-8531-3e6386d66644" testId="f6233300-4bb5-ebc3-fb67-68daee71e649" testName="Constructor_NullHttpClient_ThrowArgumentNullException" computerName="DKSR-EFI-06" duration="00:00:00.0014047" startTime="2024-01-09T15:41:36.1543241+01:00" endTime="2024-01-09T15:41:36.1558550+01:00" testType="13cdc9d9-ddb5-4fa4-a97d-d965ccfc6d4b" outcome="Passed" testListId="8c84fa94-04c1-424b-9868-57a2d4851a1d" relativeResultsDirectory="ce782abf-e7d4-43b9-8531-3e6386d66644" />
    <UnitTestResult executionId="5590a925-c90f-41b9-ba0a-2949c898128f" testId="384c466e-e541-dfd8-e107-db2fc07e11e9" testName="Stop_RefreshGetToken" computerName="DKSR-EFI-06" duration="00:00:00.0029559" startTime="2024-01-09T15:41:39.0353639+01:00" endTime="2024-01-09T15:41:39.0384789+01:00" testType="13cdc9d9-ddb5-4fa4-a97d-d965ccfc6d4b" outcome="Passed" testListId="8c84fa94-04c1-424b-9868-57a2d4851a1d" relativeResultsDirectory="5590a925-c90f-41b9-ba0a-2949c898128f" />
    <UnitTestResult executionId="f3b88b3b-b87f-45b7-8420-b6d60f687d09" testId="3d28f919-d5cf-6a4a-935f-5362d819b368" testName="Configure_ClientSecretIsSetInSecretOptionsObject" computerName="DKSR-EFI-06" duration="00:00:00.0008946" startTime="2024-01-09T15:41:39.1917040+01:00" endTime="2024-01-09T15:41:39.1927805+01:00" testType="13cdc9d9-ddb5-4fa4-a97d-d965ccfc6d4b" outcome="Passed" testListId="8c84fa94-04c1-424b-9868-57a2d4851a1d" relativeResultsDirectory="f3b88b3b-b87f-45b7-8420-b6d60f687d09" />
    <UnitTestResult executionId="9e6b1731-afdb-4431-bb9c-24767e319aeb" testId="2ee7e566-cb75-fc37-6701-6a6ccb41d168" testName="Constructor_NullSupportedScopes_ThrowsArgumentNullException" computerName="DKSR-EFI-06" duration="00:00:00.0004314" startTime="2024-01-09T15:41:38.8922388+01:00" endTime="2024-01-09T15:41:38.8929315+01:00" testType="13cdc9d9-ddb5-4fa4-a97d-d965ccfc6d4b" outcome="Passed" testListId="8c84fa94-04c1-424b-9868-57a2d4851a1d" relativeResultsDirectory="9e6b1731-afdb-4431-bb9c-24767e319aeb" />
    <UnitTestResult executionId="07d9ebe8-bd48-464f-a786-446c0f635798" testId="25aa6176-148e-f1e7-5c9f-10f279eb31cc" testName="CreateException_ErrorTheSamePasswords_Is_PasswordSameAsOldException" computerName="DKSR-EFI-06" duration="00:00:00.0004192" startTime="2024-01-09T15:41:39.2047053+01:00" endTime="2024-01-09T15:41:39.2052443+01:00" testType="13cdc9d9-ddb5-4fa4-a97d-d965ccfc6d4b" outcome="Passed" testListId="8c84fa94-04c1-424b-9868-57a2d4851a1d" relativeResultsDirectory="07d9ebe8-bd48-464f-a786-446c0f635798" />
    <UnitTestResult executionId="8a438c24-74df-4210-83d0-e525681d41a3" testId="b61d19a2-eeb7-66f5-f12f-c31f348cabd6" testName="ClientCredentialsAuthenticationAsync_StatusCodeOk_TokenResponseWithTokenIsReturned" computerName="DKSR-EFI-06" duration="00:00:00.0031736" startTime="2024-01-09T15:41:38.8265172+01:00" endTime="2024-01-09T15:41:38.8298275+01:00" testType="13cdc9d9-ddb5-4fa4-a97d-d965ccfc6d4b" outcome="Passed" testListId="8c84fa94-04c1-424b-9868-57a2d4851a1d" relativeResultsDirectory="8a438c24-74df-4210-83d0-e525681d41a3" />
    <UnitTestResult executionId="20b1b659-58af-4f54-93dd-5f62b8ef85fd" testId="87c632ab-1f7d-93ea-f769-4737e54aa158" testName="GetTokenResponseAsync_TokenResponseIsReturned" computerName="DKSR-EFI-06" duration="00:00:00.3450205" startTime="2024-01-09T15:41:36.1563781+01:00" endTime="2024-01-09T15:41:36.5015784+01:00" testType="13cdc9d9-ddb5-4fa4-a97d-d965ccfc6d4b" outcome="Passed" testListId="8c84fa94-04c1-424b-9868-57a2d4851a1d" relativeResultsDirectory="20b1b659-58af-4f54-93dd-5f62b8ef85fd" />
    <UnitTestResult executionId="aa70aaee-9f79-40ef-b71c-f30f7b3495db" testId="723220bc-f6bc-2344-fd48-d0edbe583623" testName="GetAsync_MultipleSuccessfulResponses_FirstIsReturned" computerName="DKSR-EFI-06" duration="00:00:00.0040793" startTime="2024-01-09T15:41:38.7344612+01:00" endTime="2024-01-09T15:41:38.7387232+01:00" testType="13cdc9d9-ddb5-4fa4-a97d-d965ccfc6d4b" outcome="Passed" testListId="8c84fa94-04c1-424b-9868-57a2d4851a1d" relativeResultsDirectory="aa70aaee-9f79-40ef-b71c-f30f7b3495db" />
    <UnitTestResult executionId="d0481b91-8273-4d60-ab9e-3d4a905e7884" testId="1084380c-efdf-4335-3855-2ba20ad000dd" testName="Constructor_ScopeIsEmpty_ThrowArgumentException" computerName="DKSR-EFI-06" duration="00:00:00.0004309" startTime="2024-01-09T15:41:36.5924802+01:00" endTime="2024-01-09T15:41:36.5930177+01:00" testType="13cdc9d9-ddb5-4fa4-a97d-d965ccfc6d4b" outcome="Passed" testListId="8c84fa94-04c1-424b-9868-57a2d4851a1d" relativeResultsDirectory="d0481b91-8273-4d60-ab9e-3d4a905e7884" />
    <UnitTestResult executionId="da2d67b6-74aa-465f-9f67-58eea33262e1" testId="6ee35bac-519f-b442-48b8-ad90bff16940" testName="RefreshToken_TokenHandlerReturnsToken_RefreshTokenReturnsToken" computerName="DKSR-EFI-06" duration="00:00:00.0023565" startTime="2024-01-09T15:41:39.0296084+01:00" endTime="2024-01-09T15:41:39.0321464+01:00" testType="13cdc9d9-ddb5-4fa4-a97d-d965ccfc6d4b" outcome="Passed" testListId="8c84fa94-04c1-424b-9868-57a2d4851a1d" relativeResultsDirectory="da2d67b6-74aa-465f-9f67-58eea33262e1" />
    <UnitTestResult executionId="b0272223-0cc5-47b3-9464-ecf54ec22b16" testId="c095042d-e50b-f78e-7e75-2b785c69205f" testName="TokenCache_Constructor_Success" computerName="DKSR-EFI-06" duration="00:00:00.0042309" startTime="2024-01-09T15:41:38.9630941+01:00" endTime="2024-01-09T15:41:38.9676482+01:00" testType="13cdc9d9-ddb5-4fa4-a97d-d965ccfc6d4b" outcome="Passed" testListId="8c84fa94-04c1-424b-9868-57a2d4851a1d" relativeResultsDirectory="b0272223-0cc5-47b3-9464-ecf54ec22b16" />
    <UnitTestResult executionId="a4cbc040-a65d-4002-b5fb-eefd22149517" testId="1ad62dd9-f5f4-acc1-288e-32afb8d0c153" testName="ValidateToken_CancellationIsRequested_ThrowOperationCanceledException" computerName="DKSR-EFI-06" duration="00:00:00.0016589" startTime="2024-01-09T15:41:38.2393187+01:00" endTime="2024-01-09T15:41:38.2412120+01:00" testType="13cdc9d9-ddb5-4fa4-a97d-d965ccfc6d4b" outcome="Passed" testListId="8c84fa94-04c1-424b-9868-57a2d4851a1d" relativeResultsDirectory="a4cbc040-a65d-4002-b5fb-eefd22149517" />
    <UnitTestResult executionId="a011bcb7-ce53-460e-811f-386a4b2a89ef" testId="e0eca9f7-d766-7032-cd66-1fda7415dd68" testName="CreateException_InvalidClient_Is_UnauthorizedException" computerName="DKSR-EFI-06" duration="00:00:00.0002464" startTime="2024-01-09T15:41:39.2038955+01:00" endTime="2024-01-09T15:41:39.2042559+01:00" testType="13cdc9d9-ddb5-4fa4-a97d-d965ccfc6d4b" outcome="Passed" testListId="8c84fa94-04c1-424b-9868-57a2d4851a1d" relativeResultsDirectory="a011bcb7-ce53-460e-811f-386a4b2a89ef" />
    <UnitTestResult executionId="8ab61404-ccb8-4865-a369-66fafeb47f88" testId="abc17b2d-2fdc-8231-f8f9-d08681dce944" testName="Construct_InvalidParam_GrantType_EmptyString_Throws_ArgumentNullException" computerName="DKSR-EFI-06" duration="00:00:00.0003617" startTime="2024-01-09T15:41:39.0742473+01:00" endTime="2024-01-09T15:41:39.0747652+01:00" testType="13cdc9d9-ddb5-4fa4-a97d-d965ccfc6d4b" outcome="Passed" testListId="8c84fa94-04c1-424b-9868-57a2d4851a1d" relativeResultsDirectory="8ab61404-ccb8-4865-a369-66fafeb47f88" />
    <UnitTestResult executionId="112544b8-0d9c-4546-9b3e-c8a2c2d470e9" testId="3c174b71-d834-497d-cddf-1a3c06acc75d" testName="Start_TimeToTokenExpireOver5min_TokenCacheNotUpdated" computerName="DKSR-EFI-06" duration="00:00:00.0032233" startTime="2024-01-09T15:41:39.0213489+01:00" endTime="2024-01-09T15:41:39.0247747+01:00" testType="13cdc9d9-ddb5-4fa4-a97d-d965ccfc6d4b" outcome="Passed" testListId="8c84fa94-04c1-424b-9868-57a2d4851a1d" relativeResultsDirectory="112544b8-0d9c-4546-9b3e-c8a2c2d470e9" />
    <UnitTestResult executionId="135743cd-b97e-4fcc-a387-c4022b295758" testId="17a16fc5-4fe6-49ea-a991-631fada3d645" testName="Constructor_SecretIsNull_ThrowArgumentNullException" computerName="DKSR-EFI-06" duration="00:00:00.0005116" startTime="2024-01-09T15:41:36.5913282+01:00" endTime="2024-01-09T15:41:36.5919738+01:00" testType="13cdc9d9-ddb5-4fa4-a97d-d965ccfc6d4b" outcome="Passed" testListId="8c84fa94-04c1-424b-9868-57a2d4851a1d" relativeResultsDirectory="135743cd-b97e-4fcc-a387-c4022b295758" />
    <UnitTestResult executionId="b64ab44d-2938-46a5-ab3c-0ef8374fdcd9" testId="7102ede2-c297-16f6-bd79-a261e9a0ab55" testName="ValidateFasterIdpServerOnBothSchemas_WorkingHttpAddressAndCancellationRequest_ShouldCancelAndReturnEmptyResult" computerName="DKSR-EFI-06" startTime="2024-01-09T15:41:38.8689220+01:00" endTime="2024-01-09T15:41:38.8690179+01:00" testType="13cdc9d9-ddb5-4fa4-a97d-d965ccfc6d4b" outcome="NotExecuted" testListId="8c84fa94-04c1-424b-9868-57a2d4851a1d" relativeResultsDirectory="b64ab44d-2938-46a5-ab3c-0ef8374fdcd9">
      <Output></Output>
    </UnitTestResult>
    <UnitTestResult executionId="c908a6e9-58fd-4ea8-9e2d-d49752fc55eb" testId="59d00ef5-8a37-2b1f-99b8-740e21e44e72" testName="GetAllValidScopes_ResponseHasSuccessfulStatusCode_ScopesAreReturned" computerName="DKSR-EFI-06" duration="00:00:00.0072828" startTime="2024-01-09T15:41:38.7777559+01:00" endTime="2024-01-09T15:41:38.7852159+01:00" testType="13cdc9d9-ddb5-4fa4-a97d-d965ccfc6d4b" outcome="Passed" testListId="8c84fa94-04c1-424b-9868-57a2d4851a1d" relativeResultsDirectory="c908a6e9-58fd-4ea8-9e2d-d49752fc55eb" />
    <UnitTestResult executionId="65e6c021-d915-4785-a1ac-980e2da2deea" testId="f5c02efb-b35c-365d-c779-9919be9854f1" testName="RefreshToken_InvalidToken_AccessTokenException" computerName="DKSR-EFI-06" duration="00:00:00.0023831" startTime="2024-01-09T15:41:38.9879557+01:00" endTime="2024-01-09T15:41:38.9905388+01:00" testType="13cdc9d9-ddb5-4fa4-a97d-d965ccfc6d4b" outcome="Passed" testListId="8c84fa94-04c1-424b-9868-57a2d4851a1d" relativeResultsDirectory="65e6c021-d915-4785-a1ac-980e2da2deea" />
    <UnitTestResult executionId="0b1c61ae-9fd7-4036-9092-05b51efff670" testId="afabb9a4-988f-5af8-5e0c-adf9e9521a8f" testName="Construct_WithErrorResponses_ResponseWithErrorResponses" computerName="DKSR-EFI-06" duration="00:00:00.0005907" startTime="2024-01-09T15:41:38.6787555+01:00" endTime="2024-01-09T15:41:38.6794902+01:00" testType="13cdc9d9-ddb5-4fa4-a97d-d965ccfc6d4b" outcome="Passed" testListId="8c84fa94-04c1-424b-9868-57a2d4851a1d" relativeResultsDirectory="0b1c61ae-9fd7-4036-9092-05b51efff670" />
    <UnitTestResult executionId="f358f271-595c-4a7c-8ca9-4b79e941c779" testId="21823bf0-ff7d-6139-8246-3e6c7fce3add" testName="TokenCache_Constructor_Scope_ArgumentNullException" computerName="DKSR-EFI-06" duration="00:00:00.0005419" startTime="2024-01-09T15:41:38.9767071+01:00" endTime="2024-01-09T15:41:38.9774567+01:00" testType="13cdc9d9-ddb5-4fa4-a97d-d965ccfc6d4b" outcome="Passed" testListId="8c84fa94-04c1-424b-9868-57a2d4851a1d" relativeResultsDirectory="f358f271-595c-4a7c-8ca9-4b79e941c779" />
    <UnitTestResult executionId="27729ceb-7972-4ecf-9810-8502bacc079f" testId="f15d1485-b568-93f4-d5a1-108ce37ed532" testName="GetTokenResponseAsync_HttpStatusIsNotOk_IdpExceptionIsThrown (VideoOS.IdentityServer.Common.Exceptions.UnauthorizedException)" computerName="DKSR-EFI-06" duration="00:00:00.0039055" startTime="2024-01-09T15:41:36.5791330+01:00" endTime="2024-01-09T15:41:36.5846739+01:00" testType="13cdc9d9-ddb5-4fa4-a97d-d965ccfc6d4b" outcome="Passed" testListId="8c84fa94-04c1-424b-9868-57a2d4851a1d" relativeResultsDirectory="27729ceb-7972-4ecf-9810-8502bacc079f" />
    <UnitTestResult executionId="94d3b740-ee35-44c1-8805-a17be75fba47" testId="29687309-d7e0-0838-a577-9dfd8b70cb79" testName="VerifyEndpointSupportsSsl_InvalidParam_TimeoutBelowMInimum_Throws_ArgumentException" computerName="DKSR-EFI-06" duration="00:00:00.0003737" startTime="2024-01-09T15:41:38.8865154+01:00" endTime="2024-01-09T15:41:38.8870568+01:00" testType="13cdc9d9-ddb5-4fa4-a97d-d965ccfc6d4b" outcome="Passed" testListId="8c84fa94-04c1-424b-9868-57a2d4851a1d" relativeResultsDirectory="94d3b740-ee35-44c1-8805-a17be75fba47" />
    <UnitTestResult executionId="428fc600-d8c4-4eed-a963-213e6182a917" testId="a2c96cce-3d64-0619-9c0f-87d54f8eee1b" testName="BasicOpenAuthenticationHeaderValue_Constructor_NullPassword" computerName="DKSR-EFI-06" duration="00:00:00.0002568" startTime="2024-01-09T15:41:38.5234360+01:00" endTime="2024-01-09T15:41:38.5238076+01:00" testType="13cdc9d9-ddb5-4fa4-a97d-d965ccfc6d4b" outcome="Passed" testListId="8c84fa94-04c1-424b-9868-57a2d4851a1d" relativeResultsDirectory="428fc600-d8c4-4eed-a963-213e6182a917" />
    <UnitTestResult executionId="90c443ae-9a10-4805-a023-1b116df79a52" testId="a20b8cdb-3697-b063-4ea9-47fb6efe0241" testName="RegisterAuthorizationCodeClientWithToken_ScopesAreNull_ThrowArgumentNullException" computerName="DKSR-EFI-06" duration="00:00:00.0011288" startTime="2024-01-09T15:41:38.7944036+01:00" endTime="2024-01-09T15:41:38.7957132+01:00" testType="13cdc9d9-ddb5-4fa4-a97d-d965ccfc6d4b" outcome="Passed" testListId="8c84fa94-04c1-424b-9868-57a2d4851a1d" relativeResultsDirectory="90c443ae-9a10-4805-a023-1b116df79a52" />
    <UnitTestResult executionId="3296b4c4-1732-4fa4-8f31-abdb120668e6" testId="f37524f4-6178-1300-0d38-772771a42b59" testName="Construct_InvalidParam_ClientIBaseServerUri_PartialUri_Throws_ArgumentException" computerName="DKSR-EFI-06" duration="00:00:00.0004087" startTime="2024-01-09T15:41:39.0684151+01:00" endTime="2024-01-09T15:41:39.0689844+01:00" testType="13cdc9d9-ddb5-4fa4-a97d-d965ccfc6d4b" outcome="Passed" testListId="8c84fa94-04c1-424b-9868-57a2d4851a1d" relativeResultsDirectory="3296b4c4-1732-4fa4-8f31-abdb120668e6" />
    <UnitTestResult executionId="167a88e5-dc09-4bd5-9207-1a74360788ff" testId="ddded40e-1f02-eacb-d4a2-e26ac1095ebf" testName="Dispose_TokenDisposed_ObjectDisposedException" computerName="DKSR-EFI-06" duration="00:00:00.0006210" startTime="2024-01-09T15:41:39.0596888+01:00" endTime="2024-01-09T15:41:39.0604814+01:00" testType="13cdc9d9-ddb5-4fa4-a97d-d965ccfc6d4b" outcome="Passed" testListId="8c84fa94-04c1-424b-9868-57a2d4851a1d" relativeResultsDirectory="167a88e5-dc09-4bd5-9207-1a74360788ff" />
    <UnitTestResult executionId="0898cc8a-f59a-4f46-bf09-cd73434f4f0e" testId="ad89ac24-24de-f6bb-8252-5fda23ce2272" testName="Constructor_NullAccessToken_ThrowsArgumentNullException" computerName="DKSR-EFI-06" duration="00:00:00.0003593" startTime="2024-01-09T15:41:38.9318512+01:00" endTime="2024-01-09T15:41:38.9323892+01:00" testType="13cdc9d9-ddb5-4fa4-a97d-d965ccfc6d4b" outcome="Passed" testListId="8c84fa94-04c1-424b-9868-57a2d4851a1d" relativeResultsDirectory="0898cc8a-f59a-4f46-bf09-cd73434f4f0e" />
    <UnitTestResult executionId="dff10ca3-d0a9-4316-a8e9-de96eababca5" testId="e9fa84ac-633c-62b6-98d7-47b66e6e189e" testName="ValidateToken_SignatureKeyNotFoundMinimumRefreshIntervalReached_RefreshRequested" computerName="DKSR-EFI-06" duration="00:00:00.3272075" startTime="2024-01-09T15:41:37.3201026+01:00" endTime="2024-01-09T15:41:37.6475031+01:00" testType="13cdc9d9-ddb5-4fa4-a97d-d965ccfc6d4b" outcome="Passed" testListId="8c84fa94-04c1-424b-9868-57a2d4851a1d" relativeResultsDirectory="dff10ca3-d0a9-4316-a8e9-de96eababca5" />
    <UnitTestResult executionId="f8b37064-47f4-4b90-a1b0-7716e84f24e6" testId="712a4429-a5d0-f9f8-e944-14b3128417df" testName="Start_StartIsCalled_TokenCacheUpdated" computerName="DKSR-EFI-06" duration="00:00:00.0082097" startTime="2024-01-09T15:41:38.9790092+01:00" endTime="2024-01-09T15:41:38.9873845+01:00" testType="13cdc9d9-ddb5-4fa4-a97d-d965ccfc6d4b" outcome="Passed" testListId="8c84fa94-04c1-424b-9868-57a2d4851a1d" relativeResultsDirectory="f8b37064-47f4-4b90-a1b0-7716e84f24e6" />
    <UnitTestResult executionId="da7fbdb6-e346-4af3-8f54-5976d94de142" testId="a912da9b-9910-2e20-bdfd-ebd2e525320e" testName="GetTokenResponseAsync_TokenResponseIsReturned" computerName="DKSR-EFI-06" duration="00:00:00.0106271" startTime="2024-01-09T15:41:36.5677448+01:00" endTime="2024-01-09T15:41:36.5785195+01:00" testType="13cdc9d9-ddb5-4fa4-a97d-d965ccfc6d4b" outcome="Passed" testListId="8c84fa94-04c1-424b-9868-57a2d4851a1d" relativeResultsDirectory="da7fbdb6-e346-4af3-8f54-5976d94de142" />
    <UnitTestResult executionId="fa8d5120-32d7-4049-ac61-4391202c08e5" testId="65c35641-c7fa-ea47-734f-c81f8095832e" testName="Constructor_BaseAddressIsNull_ThrowArgumentNullException" computerName="DKSR-EFI-06" duration="00:00:00.0013300" startTime="2024-01-09T15:41:38.7448576+01:00" endTime="2024-01-09T15:41:38.7465356+01:00" testType="13cdc9d9-ddb5-4fa4-a97d-d965ccfc6d4b" outcome="Passed" testListId="8c84fa94-04c1-424b-9868-57a2d4851a1d" relativeResultsDirectory="fa8d5120-32d7-4049-ac61-4391202c08e5" />
    <UnitTestResult executionId="38c8654e-1491-424a-a46f-299156816662" testId="11a7072a-d21b-7c2a-b062-98fe08e0c6dd" testName="HandleException_InnerException_WebException_Status_ConnectionClosed_ReturnsTrue" computerName="DKSR-EFI-06" duration="00:00:00.0001914" startTime="2024-01-09T15:41:38.9507238+01:00" endTime="2024-01-09T15:41:38.9510479+01:00" testType="13cdc9d9-ddb5-4fa4-a97d-d965ccfc6d4b" outcome="Passed" testListId="8c84fa94-04c1-424b-9868-57a2d4851a1d" relativeResultsDirectory="38c8654e-1491-424a-a46f-299156816662" />
    <UnitTestResult executionId="ea327f42-ecd5-4fb0-9035-57ac0e945c7f" testId="d85ce454-c380-2ac2-ff60-059c934c0c87" testName="ValidateToken_Success_ClaimsPrincipal" computerName="DKSR-EFI-06" duration="00:00:00.3452844" startTime="2024-01-09T15:41:36.6939925+01:00" endTime="2024-01-09T15:41:37.0394753+01:00" testType="13cdc9d9-ddb5-4fa4-a97d-d965ccfc6d4b" outcome="Passed" testListId="8c84fa94-04c1-424b-9868-57a2d4851a1d" relativeResultsDirectory="ea327f42-ecd5-4fb0-9035-57ac0e945c7f" />
    <UnitTestResult executionId="9a9a576b-d423-4c55-9107-69d5c6f06cf6" testId="5350274c-91fb-610e-856e-3415f7a1fa83" testName="RegisterAuthorizationCodeClientWithToken_ClientIdIsNull_ThrowArgumentException" computerName="DKSR-EFI-06" duration="00:00:00.0019205" startTime="2024-01-09T15:41:38.7907517+01:00" endTime="2024-01-09T15:41:38.7928269+01:00" testType="13cdc9d9-ddb5-4fa4-a97d-d965ccfc6d4b" outcome="Passed" testListId="8c84fa94-04c1-424b-9868-57a2d4851a1d" relativeResultsDirectory="9a9a576b-d423-4c55-9107-69d5c6f06cf6" />
    <UnitTestResult executionId="2b7e9a12-a528-4f26-a32b-c571d5c9d72f" testId="a22a5490-f8cc-bbba-c479-58ecdc58c38a" testName="ValidateToken_SignatureKeyNotFound_RefreshRequested" computerName="DKSR-EFI-06" duration="00:00:00.2548202" startTime="2024-01-09T15:41:38.2652002+01:00" endTime="2024-01-09T15:41:38.5202248+01:00" testType="13cdc9d9-ddb5-4fa4-a97d-d965ccfc6d4b" outcome="Passed" testListId="8c84fa94-04c1-424b-9868-57a2d4851a1d" relativeResultsDirectory="2b7e9a12-a528-4f26-a32b-c571d5c9d72f" />
    <UnitTestResult executionId="ffc4d48b-d8bf-4517-86ba-e1da7e398b71" testId="46272a5b-6f40-ca49-f0c0-19ef57f507c2" testName="RegisterAuthorizationCodeClientWithToken_AccessTokenIsNull_ThrowArgumentException" computerName="DKSR-EFI-06" duration="00:00:00.0009891" startTime="2024-01-09T15:41:38.7962878+01:00" endTime="2024-01-09T15:41:38.7974308+01:00" testType="13cdc9d9-ddb5-4fa4-a97d-d965ccfc6d4b" outcome="Passed" testListId="8c84fa94-04c1-424b-9868-57a2d4851a1d" relativeResultsDirectory="ffc4d48b-d8bf-4517-86ba-e1da7e398b71" />
    <UnitTestResult executionId="40f7afcc-0e69-4e5c-b8f0-f5bdfbe66325" testId="26714a1a-41f7-451e-82b0-891505fd3754" testName="CreateException_LockedOut_Is_LockedOutException" computerName="DKSR-EFI-06" duration="00:00:00.0002253" startTime="2024-01-09T15:41:39.2030892+01:00" endTime="2024-01-09T15:41:39.2034472+01:00" testType="13cdc9d9-ddb5-4fa4-a97d-d965ccfc6d4b" outcome="Passed" testListId="8c84fa94-04c1-424b-9868-57a2d4851a1d" relativeResultsDirectory="40f7afcc-0e69-4e5c-b8f0-f5bdfbe66325" />
    <UnitTestResult executionId="dc0d0aba-88c2-429a-932e-5f7fc0bfdb2b" testId="320b9240-8de4-6e99-ff14-f9386efd026e" testName="Constructor_NullIdpUrl_ThrowsArgumentNullException" computerName="DKSR-EFI-06" duration="00:00:00.0038611" startTime="2024-01-09T15:41:38.8875138+01:00" endTime="2024-01-09T15:41:38.8917300+01:00" testType="13cdc9d9-ddb5-4fa4-a97d-d965ccfc6d4b" outcome="Passed" testListId="8c84fa94-04c1-424b-9868-57a2d4851a1d" relativeResultsDirectory="dc0d0aba-88c2-429a-932e-5f7fc0bfdb2b" />
    <UnitTestResult executionId="82b467e4-52fb-4bde-82f9-fc66b24ee216" testId="2fefd669-00f0-6209-0174-c1ad44273487" testName="Constructor_EmptyToken_ThrowsArgumentNullException" computerName="DKSR-EFI-06" duration="00:00:00.0005530" startTime="2024-01-09T15:41:36.1518643+01:00" endTime="2024-01-09T15:41:36.1526207+01:00" testType="13cdc9d9-ddb5-4fa4-a97d-d965ccfc6d4b" outcome="Passed" testListId="8c84fa94-04c1-424b-9868-57a2d4851a1d" relativeResultsDirectory="82b467e4-52fb-4bde-82f9-fc66b24ee216" />
    <UnitTestResult executionId="34f62a66-2edc-413c-af0e-5943649eec5e" testId="5ac69b1a-a384-bee2-381f-56a296f2c282" testName="CreateException_404_UserNotFound_Is_UserNotFoundException" computerName="DKSR-EFI-06" duration="00:00:00.0008778" startTime="2024-01-09T15:41:39.1974763+01:00" endTime="2024-01-09T15:41:39.1984783+01:00" testType="13cdc9d9-ddb5-4fa4-a97d-d965ccfc6d4b" outcome="Passed" testListId="8c84fa94-04c1-424b-9868-57a2d4851a1d" relativeResultsDirectory="34f62a66-2edc-413c-af0e-5943649eec5e" />
    <UnitTestResult executionId="e7a38f2d-8399-4c8c-adf2-df95f0720947" testId="d500cfda-0f9f-e179-c72f-1f44e45838d9" testName="RegisterClient_ResponseHasSuccessfulStatusCode_CorrectRequestUriIsPassedAndModelWithSecretIsReturned" computerName="DKSR-EFI-06" duration="00:00:00.0168995" startTime="2024-01-09T15:41:38.7544794+01:00" endTime="2024-01-09T15:41:38.7715645+01:00" testType="13cdc9d9-ddb5-4fa4-a97d-d965ccfc6d4b" outcome="Passed" testListId="8c84fa94-04c1-424b-9868-57a2d4851a1d" relativeResultsDirectory="e7a38f2d-8399-4c8c-adf2-df95f0720947" />
    <UnitTestResult executionId="24680684-a848-4bb4-9a4b-dd3b79fbfe85" testId="a195a1f3-7257-7b57-25f5-d869b6864153" testName="CreateException_PasswordRequiresDigit_Is_PasswordNotComplexEnoughException" computerName="DKSR-EFI-06" duration="00:00:00.0002072" startTime="2024-01-09T15:41:39.2107440+01:00" endTime="2024-01-09T15:41:39.2110662+01:00" testType="13cdc9d9-ddb5-4fa4-a97d-d965ccfc6d4b" outcome="Passed" testListId="8c84fa94-04c1-424b-9868-57a2d4851a1d" relativeResultsDirectory="24680684-a848-4bb4-9a4b-dd3b79fbfe85" />
    <UnitTestResult executionId="e06d696d-b35c-4429-b550-527c66445bbd" testId="836c4ce4-261b-464f-c6a6-10c2a88fa0d7" testName="Constructor_NullUri_ThrowsArgumentNullException" computerName="DKSR-EFI-06" duration="00:00:00.0273669" startTime="2024-01-09T15:41:35.8358199+01:00" endTime="2024-01-09T15:41:35.9106496+01:00" testType="13cdc9d9-ddb5-4fa4-a97d-d965ccfc6d4b" outcome="Passed" testListId="8c84fa94-04c1-424b-9868-57a2d4851a1d" relativeResultsDirectory="e06d696d-b35c-4429-b550-527c66445bbd" />
    <UnitTestResult executionId="41f53c09-2602-4a5e-ae92-c5ae02d8ecbb" testId="8960bb52-9b82-13fc-c2b9-b466022a1aa2" testName="ValidateToken_TokenIsNull_ThrowArgumentNullException" computerName="DKSR-EFI-06" duration="00:00:00.0539738" startTime="2024-01-09T15:41:38.1845104+01:00" endTime="2024-01-09T15:41:38.2386934+01:00" testType="13cdc9d9-ddb5-4fa4-a97d-d965ccfc6d4b" outcome="Passed" testListId="8c84fa94-04c1-424b-9868-57a2d4851a1d" relativeResultsDirectory="41f53c09-2602-4a5e-ae92-c5ae02d8ecbb" />
    <UnitTestResult executionId="b54b7989-103b-45a4-87b3-9938b1188401" testId="e1b36847-cc65-e739-8fc1-4c65074486c5" testName="Construct_WithException_ResponseWithException" computerName="DKSR-EFI-06" duration="00:00:00.0010224" startTime="2024-01-09T15:41:38.6750683+01:00" endTime="2024-01-09T15:41:38.6763006+01:00" testType="13cdc9d9-ddb5-4fa4-a97d-d965ccfc6d4b" outcome="Passed" testListId="8c84fa94-04c1-424b-9868-57a2d4851a1d" relativeResultsDirectory="b54b7989-103b-45a4-87b3-9938b1188401" />
    <UnitTestResult executionId="1410b8ca-fa91-4556-a121-086ce1ae08a3" testId="08a3c3db-cc01-e5ed-016b-ec03cbb97901" testName="ValidateToken_SecurityTokenIsNull_ThrowArgumentNullException" computerName="DKSR-EFI-06" duration="00:00:00.0235572" startTime="2024-01-09T15:41:36.6181582+01:00" endTime="2024-01-09T15:41:36.6418916+01:00" testType="13cdc9d9-ddb5-4fa4-a97d-d965ccfc6d4b" outcome="Passed" testListId="8c84fa94-04c1-424b-9868-57a2d4851a1d" relativeResultsDirectory="1410b8ca-fa91-4556-a121-086ce1ae08a3" />
    <UnitTestResult executionId="c899ba66-8ad6-46ce-a963-2b95e425f840" testId="c65def95-e459-70a7-408d-154b2321db49" testName="UserName_NoNameClaim_ThrowsInvalidOperationException" computerName="DKSR-EFI-06" duration="00:00:00.0017722" startTime="2024-01-09T15:41:39.1295546+01:00" endTime="2024-01-09T15:41:39.1315144+01:00" testType="13cdc9d9-ddb5-4fa4-a97d-d965ccfc6d4b" outcome="Passed" testListId="8c84fa94-04c1-424b-9868-57a2d4851a1d" relativeResultsDirectory="c899ba66-8ad6-46ce-a963-2b95e425f840" />
    <UnitTestResult executionId="4bdb1c38-5590-4ba9-a7d8-a8be0fb430a6" testId="4d922aac-d29d-5603-d614-ad2e17cb5ae6" testName="IdpTokenClient_DefaultNetworksCredentialsAsCredentials_HttpClientConfiguredToUseDefualtCredentials" computerName="DKSR-EFI-06" duration="00:00:00.0017445" startTime="2024-01-09T15:41:38.8493309+01:00" endTime="2024-01-09T15:41:38.8512325+01:00" testType="13cdc9d9-ddb5-4fa4-a97d-d965ccfc6d4b" outcome="Passed" testListId="8c84fa94-04c1-424b-9868-57a2d4851a1d" relativeResultsDirectory="4bdb1c38-5590-4ba9-a7d8-a8be0fb430a6" />
    <UnitTestResult executionId="4cb2cd68-0b1d-459c-84eb-7e424dd9e2fb" testId="d721172e-4856-c743-a2e0-556773d6db34" testName="HasValidScheme_UriIsFtp_ReturnsTrue" computerName="DKSR-EFI-06" duration="00:00:00.0001357" startTime="2024-01-09T15:41:38.9589334+01:00" endTime="2024-01-09T15:41:38.9591543+01:00" testType="13cdc9d9-ddb5-4fa4-a97d-d965ccfc6d4b" outcome="Passed" testListId="8c84fa94-04c1-424b-9868-57a2d4851a1d" relativeResultsDirectory="4cb2cd68-0b1d-459c-84eb-7e424dd9e2fb" />
    <UnitTestResult executionId="42f1ae5d-0ee3-4972-8e65-cb2029f06155" testId="d8254cb2-99a9-5fa4-0212-2ded41c41bd0" testName="Construct_InvalidParam_ClientId_EmptyString_Throws_ArgumentNullException" computerName="DKSR-EFI-06" duration="00:00:00.0003550" startTime="2024-01-09T15:41:39.0717222+01:00" endTime="2024-01-09T15:41:39.0722541+01:00" testType="13cdc9d9-ddb5-4fa4-a97d-d965ccfc6d4b" outcome="Passed" testListId="8c84fa94-04c1-424b-9868-57a2d4851a1d" relativeResultsDirectory="42f1ae5d-0ee3-4972-8e65-cb2029f06155" />
    <UnitTestResult executionId="c7fe92d9-2fe5-48c2-a970-2e0f8d48d523" testId="7eafd3b9-debc-1a0c-12c6-11d7098cd775" testName="VerifyEndpointSupportsSsl_InvalidParam_RelativeUri_Throws_ArgumentException" computerName="DKSR-EFI-06" duration="00:00:00.0004964" startTime="2024-01-09T15:41:38.8843588+01:00" endTime="2024-01-09T15:41:38.8850443+01:00" testType="13cdc9d9-ddb5-4fa4-a97d-d965ccfc6d4b" outcome="Passed" testListId="8c84fa94-04c1-424b-9868-57a2d4851a1d" relativeResultsDirectory="c7fe92d9-2fe5-48c2-a970-2e0f8d48d523" />
    <UnitTestResult executionId="f7e711bf-9c0a-4240-ab65-9f8fe2db9887" testId="b534d700-8c81-a428-c5af-952f23674e8e" testName="Ctor_RequireHttpsIsTrueButAddressSchemeIsHttp_ThrowsArgumentException" computerName="DKSR-EFI-06" duration="00:00:00.0018062" startTime="2024-01-09T15:41:38.1779896+01:00" endTime="2024-01-09T15:41:38.1803575+01:00" testType="13cdc9d9-ddb5-4fa4-a97d-d965ccfc6d4b" outcome="Passed" testListId="8c84fa94-04c1-424b-9868-57a2d4851a1d" relativeResultsDirectory="f7e711bf-9c0a-4240-ab65-9f8fe2db9887" />
    <UnitTestResult executionId="866bd536-5437-48d8-a5c1-fa1b66ab53be" testId="11e2d426-0f64-e877-4f88-684b98f80094" testName="Constructor_NullRequestedScopes_ThrowsArgumentNullException" computerName="DKSR-EFI-06" duration="00:00:00.0003837" startTime="2024-01-09T15:41:38.8934055+01:00" endTime="2024-01-09T15:41:38.8939590+01:00" testType="13cdc9d9-ddb5-4fa4-a97d-d965ccfc6d4b" outcome="Passed" testListId="8c84fa94-04c1-424b-9868-57a2d4851a1d" relativeResultsDirectory="866bd536-5437-48d8-a5c1-fa1b66ab53be" />
    <UnitTestResult executionId="2839a5c7-add3-4393-881b-4b818ffdffad" testId="d313dde6-0806-2abf-bd1c-3417608d3183" testName="RefreshToken_TokenHandlerReturnsToken_RefreshTokenReturnsToken" computerName="DKSR-EFI-06" duration="00:00:00.0019210" startTime="2024-01-09T15:41:39.1062139+01:00" endTime="2024-01-09T15:41:39.1082882+01:00" testType="13cdc9d9-ddb5-4fa4-a97d-d965ccfc6d4b" outcome="Passed" testListId="8c84fa94-04c1-424b-9868-57a2d4851a1d" relativeResultsDirectory="2839a5c7-add3-4393-881b-4b818ffdffad" />
    <UnitTestResult executionId="f1193516-9f76-45d5-b75a-7461295dc39f" testId="ab24e2cb-a9e7-696f-52cc-bbef4af32000" testName="CreateException_ModelStateVaidationError_Is_InvalidArgumentsException" computerName="DKSR-EFI-06" duration="00:00:00.0015492" startTime="2024-01-09T15:41:39.2211783+01:00" endTime="2024-01-09T15:41:39.2228545+01:00" testType="13cdc9d9-ddb5-4fa4-a97d-d965ccfc6d4b" outcome="Passed" testListId="8c84fa94-04c1-424b-9868-57a2d4851a1d" relativeResultsDirectory="f1193516-9f76-45d5-b75a-7461295dc39f" />
    <UnitTestResult executionId="c1eba5d5-8746-49cd-9a93-f8cb75c8c831" testId="edadc8c2-2e6c-d240-0235-8c3d78f18004" testName="Dispose_IDisposableTokenHandler_Success" computerName="DKSR-EFI-06" duration="00:00:00.0047429" startTime="2024-01-09T15:41:39.1145285+01:00" endTime="2024-01-09T15:41:39.1194110+01:00" testType="13cdc9d9-ddb5-4fa4-a97d-d965ccfc6d4b" outcome="Passed" testListId="8c84fa94-04c1-424b-9868-57a2d4851a1d" relativeResultsDirectory="c1eba5d5-8746-49cd-9a93-f8cb75c8c831" />
    <UnitTestResult executionId="ec42cd74-3d78-4e1c-bf70-9e1f137aa783" testId="7c241f9b-2b9f-c010-004c-ec717a0175c5" testName="Start_TokenRefreshSuccess_StartTimerInterval10" computerName="DKSR-EFI-06" duration="00:00:00.0057192" startTime="2024-01-09T15:41:38.9951111+01:00" endTime="2024-01-09T15:41:39.0010191+01:00" testType="13cdc9d9-ddb5-4fa4-a97d-d965ccfc6d4b" outcome="Passed" testListId="8c84fa94-04c1-424b-9868-57a2d4851a1d" relativeResultsDirectory="ec42cd74-3d78-4e1c-bf70-9e1f137aa783" />
    <UnitTestResult executionId="ed2ad933-f5be-40f7-87d5-040d5cc448a1" testId="aac9aae4-033c-5a4d-bf6f-6c295840a3fd" testName="RegisterAuthorizationCodeClient_RedirectUrisIsEmpty_ThrowArgumentException" computerName="DKSR-EFI-06" duration="00:00:00.0010203" startTime="2024-01-09T15:41:38.8156222+01:00" endTime="2024-01-09T15:41:38.8168018+01:00" testType="13cdc9d9-ddb5-4fa4-a97d-d965ccfc6d4b" outcome="Passed" testListId="8c84fa94-04c1-424b-9868-57a2d4851a1d" relativeResultsDirectory="ed2ad933-f5be-40f7-87d5-040d5cc448a1" />
    <UnitTestResult executionId="f643e895-6d1c-444b-990e-c1c4fd09f237" testId="2094e3f3-bb74-95c3-1e50-e6fdef78ea13" testName="GetTokenResponseAsync_HttpStatusIsNotOk_IdpExceptionIsThrown (VideoOS.IdentityServer.Common.Exceptions.InternalServerErrorException,InternalServerError)" computerName="DKSR-EFI-06" duration="00:00:00.0009916" startTime="2024-01-09T15:41:36.5990714+01:00" endTime="2024-01-09T15:41:36.6026564+01:00" testType="13cdc9d9-ddb5-4fa4-a97d-d965ccfc6d4b" outcome="Passed" testListId="8c84fa94-04c1-424b-9868-57a2d4851a1d" relativeResultsDirectory="f643e895-6d1c-444b-990e-c1c4fd09f237" />
    <UnitTestResult executionId="2a3730f2-6bd1-47e5-83f9-d7c1bfeb16d7" testId="0d4bd5fb-a3e0-f3c1-4f95-139d2488ddad" testName="ValidateToken_SignatureKeyNotFoundMinimumRefreshIntervalNotReached_RefreshNotRequested" computerName="DKSR-EFI-06" duration="00:00:00.2792423" startTime="2024-01-09T15:41:37.0400855+01:00" endTime="2024-01-09T15:41:37.3195088+01:00" testType="13cdc9d9-ddb5-4fa4-a97d-d965ccfc6d4b" outcome="Passed" testListId="8c84fa94-04c1-424b-9868-57a2d4851a1d" relativeResultsDirectory="2a3730f2-6bd1-47e5-83f9-d7c1bfeb16d7" />
    <UnitTestResult executionId="7f201402-ba5a-4e4d-b5d4-51cf925e66ce" testId="851fb875-0294-59e3-54ed-d95f850fb682" testName="DiscoveryClient_Dispose_HttpClientDisposed" computerName="DKSR-EFI-06" duration="00:00:00.0005226" startTime="2024-01-09T15:41:38.7427350+01:00" endTime="2024-01-09T15:41:38.7434107+01:00" testType="13cdc9d9-ddb5-4fa4-a97d-d965ccfc6d4b" outcome="Passed" testListId="8c84fa94-04c1-424b-9868-57a2d4851a1d" relativeResultsDirectory="7f201402-ba5a-4e4d-b5d4-51cf925e66ce" />
    <UnitTestResult executionId="0343e288-7668-4cd7-8cd8-a1641069bd4a" testId="3880dfbe-9655-d700-4c62-0df9ed476ecc" testName="CreateException_PasswordRequiresUpper_Is_PasswordNotComplexEnoughException" computerName="DKSR-EFI-06" duration="00:00:00.0002008" startTime="2024-01-09T15:41:39.2137906+01:00" endTime="2024-01-09T15:41:39.2141062+01:00" testType="13cdc9d9-ddb5-4fa4-a97d-d965ccfc6d4b" outcome="Passed" testListId="8c84fa94-04c1-424b-9868-57a2d4851a1d" relativeResultsDirectory="0343e288-7668-4cd7-8cd8-a1641069bd4a" />
    <UnitTestResult executionId="49803451-365b-404e-ba75-61015ec772b9" testId="437f2012-d0bd-9480-97fb-1b4e5a423d3b" testName="CreateException_AnythingElse_Is_DefaultErrorException" computerName="DKSR-EFI-06" duration="00:00:00.0001856" startTime="2024-01-09T15:41:39.2204462+01:00" endTime="2024-01-09T15:41:39.2207409+01:00" testType="13cdc9d9-ddb5-4fa4-a97d-d965ccfc6d4b" outcome="Passed" testListId="8c84fa94-04c1-424b-9868-57a2d4851a1d" relativeResultsDirectory="49803451-365b-404e-ba75-61015ec772b9" />
    <UnitTestResult executionId="6fcf9280-7d4f-41de-8a2e-e72d6fbd2dc7" testId="885ad0b6-d00e-5dbd-daaf-61bd8cc19071" testName="IdpTokenClient_DefaultCredentialsAsCredentials_HttpClientConfiguredToUseDefualtCredentials" computerName="DKSR-EFI-06" duration="00:00:00.0018296" startTime="2024-01-09T15:41:38.8467357+01:00" endTime="2024-01-09T15:41:38.8487493+01:00" testType="13cdc9d9-ddb5-4fa4-a97d-d965ccfc6d4b" outcome="Passed" testListId="8c84fa94-04c1-424b-9868-57a2d4851a1d" relativeResultsDirectory="6fcf9280-7d4f-41de-8a2e-e72d6fbd2dc7" />
    <UnitTestResult executionId="c2117c66-5e17-4f96-8792-d05883bb1031" testId="ecb758fe-0180-464c-e553-3e17f3a94b1f" testName="HasValidScheme_UriIsNetPipe_ReturnsTrue" computerName="DKSR-EFI-06" duration="00:00:00.0001315" startTime="2024-01-09T15:41:38.9607079+01:00" endTime="2024-01-09T15:41:38.9609175+01:00" testType="13cdc9d9-ddb5-4fa4-a97d-d965ccfc6d4b" outcome="Passed" testListId="8c84fa94-04c1-424b-9868-57a2d4851a1d" relativeResultsDirectory="c2117c66-5e17-4f96-8792-d05883bb1031" />
    <UnitTestResult executionId="c0968205-f681-4380-9b2d-51dc62c8e46b" testId="b05795f0-d2f6-22ea-cbc0-12b777940158" testName="Constructor_ScopeIsNull_ThrowArgumentNullException" computerName="DKSR-EFI-06" duration="00:00:00.0004628" startTime="2024-01-09T15:41:36.5902207+01:00" endTime="2024-01-09T15:41:36.5908298+01:00" testType="13cdc9d9-ddb5-4fa4-a97d-d965ccfc6d4b" outcome="Passed" testListId="8c84fa94-04c1-424b-9868-57a2d4851a1d" relativeResultsDirectory="c0968205-f681-4380-9b2d-51dc62c8e46b" />
    <UnitTestResult executionId="a71b3643-7166-480b-8897-c937a1f56e2b" testId="2b6f2d8f-97a8-a49e-9820-0353b7cf269e" testName="IdpTokenClient_CredentialsCacheAsCredentials_HttpClientConfiguredToNotUseDefualtCredentials" computerName="DKSR-EFI-06" duration="00:00:00.0025053" startTime="2024-01-09T15:41:38.8517085+01:00" endTime="2024-01-09T15:41:38.8543618+01:00" testType="13cdc9d9-ddb5-4fa4-a97d-d965ccfc6d4b" outcome="Passed" testListId="8c84fa94-04c1-424b-9868-57a2d4851a1d" relativeResultsDirectory="a71b3643-7166-480b-8897-c937a1f56e2b" />
    <UnitTestResult executionId="27ce4829-6a7d-4ab9-85e8-866ffc832207" testId="6fb4517f-b4e4-4771-fc0a-9b00bebd656e" testName="Construct_InvalidParam_GrantType_Null_Throws_ArgumentNullException" computerName="DKSR-EFI-06" duration="00:00:00.0006787" startTime="2024-01-09T15:41:39.0728220+01:00" endTime="2024-01-09T15:41:39.0736652+01:00" testType="13cdc9d9-ddb5-4fa4-a97d-d965ccfc6d4b" outcome="Passed" testListId="8c84fa94-04c1-424b-9868-57a2d4851a1d" relativeResultsDirectory="27ce4829-6a7d-4ab9-85e8-866ffc832207" />
    <UnitTestResult executionId="4d035495-d12c-4426-920f-4c9f81496933" testId="41159a03-c027-b654-a27a-5a7d8d8246d9" testName="GetClaimValue_IdTokenNotRetrieved_Throws_InvalidOperationException" computerName="DKSR-EFI-06" duration="00:00:00.0012474" startTime="2024-01-09T15:41:39.0465414+01:00" endTime="2024-01-09T15:41:39.0479813+01:00" testType="13cdc9d9-ddb5-4fa4-a97d-d965ccfc6d4b" outcome="Passed" testListId="8c84fa94-04c1-424b-9868-57a2d4851a1d" relativeResultsDirectory="4d035495-d12c-4426-920f-4c9f81496933" />
    <UnitTestResult executionId="1c55d41d-fa8f-455e-9d5a-6db174747116" testId="355371bd-45fe-c229-5034-898ad04eb1dc" testName="GetTokenResponseAsync_HttpStatusIsNotOk_IdpExceptionIsThrown (VideoOS.IdentityServer.Common.Exceptions.UnauthorizedException,Unauthorized)" computerName="DKSR-EFI-06" duration="00:00:00.0076668" startTime="2024-01-09T15:41:36.5021882+01:00" endTime="2024-01-09T15:41:36.5146830+01:00" testType="13cdc9d9-ddb5-4fa4-a97d-d965ccfc6d4b" outcome="Passed" testListId="8c84fa94-04c1-424b-9868-57a2d4851a1d" relativeResultsDirectory="1c55d41d-fa8f-455e-9d5a-6db174747116" />
    <UnitTestResult executionId="20ea5a05-59aa-4237-9fe8-971a2540beed" testId="b8901242-2f26-bc70-f843-5bf9455c7828" testName="IdpTokenClient_NonDefaultCredentials_HttpClientConfiguredToNotUseDefualtCredentials" computerName="DKSR-EFI-06" duration="00:00:00.0017729" startTime="2024-01-09T15:41:38.8561497+01:00" endTime="2024-01-09T15:41:38.8580936+01:00" testType="13cdc9d9-ddb5-4fa4-a97d-d965ccfc6d4b" outcome="Passed" testListId="8c84fa94-04c1-424b-9868-57a2d4851a1d" relativeResultsDirectory="20ea5a05-59aa-4237-9fe8-971a2540beed" />
    <UnitTestResult executionId="c05448cf-cfc4-4b26-b7e9-b0bc691484b2" testId="8a9bf480-5820-5db4-cbbc-995cdda4b03b" testName="Start_TimeToTokenExpireUnder5min_TriesToGetNewToken" computerName="DKSR-EFI-06" duration="00:00:00.0022039" startTime="2024-01-09T15:41:39.1033553+01:00" endTime="2024-01-09T15:41:39.1057281+01:00" testType="13cdc9d9-ddb5-4fa4-a97d-d965ccfc6d4b" outcome="Passed" testListId="8c84fa94-04c1-424b-9868-57a2d4851a1d" relativeResultsDirectory="c05448cf-cfc4-4b26-b7e9-b0bc691484b2" />
    <UnitTestResult executionId="c3e92550-e52d-40bd-9f51-e59823ddc944" testId="b03e8e27-9937-91b2-5c08-fa8ff907b26f" testName="Constructor_Successful" computerName="DKSR-EFI-06" duration="00:00:00.0001733" startTime="2024-01-09T15:41:38.9380172+01:00" endTime="2024-01-09T15:41:38.9383220+01:00" testType="13cdc9d9-ddb5-4fa4-a97d-d965ccfc6d4b" outcome="Passed" testListId="8c84fa94-04c1-424b-9868-57a2d4851a1d" relativeResultsDirectory="c3e92550-e52d-40bd-9f51-e59823ddc944" />
    <UnitTestResult executionId="1406485b-1129-40bd-809f-45e0df4cb928" testId="00ff095b-4bc6-db53-f938-6a37bc01f46b" testName="CreateException_InvalidRoleName_Is_InvalidNameException" computerName="DKSR-EFI-06" duration="00:00:00.0002716" startTime="2024-01-09T15:41:39.2056772+01:00" endTime="2024-01-09T15:41:39.2060676+01:00" testType="13cdc9d9-ddb5-4fa4-a97d-d965ccfc6d4b" outcome="Passed" testListId="8c84fa94-04c1-424b-9868-57a2d4851a1d" relativeResultsDirectory="1406485b-1129-40bd-809f-45e0df4cb928" />
    <UnitTestResult executionId="aabf560a-e31a-431d-a8e1-1d9d60a258cc" testId="0d2f4ed5-125c-a2b1-8e5f-5e598ab83d5e" testName="Constructor_NullRefreshToken_ThrowsArgumentNullException" computerName="DKSR-EFI-06" duration="00:00:00.0005269" startTime="2024-01-09T15:41:38.9304624+01:00" endTime="2024-01-09T15:41:38.9313693+01:00" testType="13cdc9d9-ddb5-4fa4-a97d-d965ccfc6d4b" outcome="Passed" testListId="8c84fa94-04c1-424b-9868-57a2d4851a1d" relativeResultsDirectory="aabf560a-e31a-431d-a8e1-1d9d60a258cc" />
    <UnitTestResult executionId="44cb8d25-dc28-485c-ad4d-9ab54e009fe0" testId="f52b848b-cf3f-47b4-506b-dccb77611ec5" testName="CreateException_NotAllowed_Is_NotAllowedException" computerName="DKSR-EFI-06" duration="00:00:00.0002877" startTime="2024-01-09T15:41:39.2170287+01:00" endTime="2024-01-09T15:41:39.2174312+01:00" testType="13cdc9d9-ddb5-4fa4-a97d-d965ccfc6d4b" outcome="Passed" testListId="8c84fa94-04c1-424b-9868-57a2d4851a1d" relativeResultsDirectory="44cb8d25-dc28-485c-ad4d-9ab54e009fe0" />
    <UnitTestResult executionId="a3360f86-676a-42ad-8f86-955161c6f616" testId="580860dc-2c0d-6d21-09c2-29eb5cd9d7aa" testName="IdpException_ErrorProperty_IsAccessible" computerName="DKSR-EFI-06" duration="00:00:00.0003209" startTime="2024-01-09T15:41:39.2232940+01:00" endTime="2024-01-09T15:41:39.2238469+01:00" testType="13cdc9d9-ddb5-4fa4-a97d-d965ccfc6d4b" outcome="Passed" testListId="8c84fa94-04c1-424b-9868-57a2d4851a1d" relativeResultsDirectory="a3360f86-676a-42ad-8f86-955161c6f616" />
    <UnitTestResult executionId="b5c48dce-d3d8-4726-adce-4d3617f2a753" testId="219cb226-0982-5e89-b39e-e3df45859861" testName="Constructor_NullClientSettings_ThrowArgumentNullException" computerName="DKSR-EFI-06" duration="00:00:00.0004116" startTime="2024-01-09T15:41:36.1531650+01:00" endTime="2024-01-09T15:41:36.1537464+01:00" testType="13cdc9d9-ddb5-4fa4-a97d-d965ccfc6d4b" outcome="Passed" testListId="8c84fa94-04c1-424b-9868-57a2d4851a1d" relativeResultsDirectory="b5c48dce-d3d8-4726-adce-4d3617f2a753" />
    <UnitTestResult executionId="914534d7-6b88-4687-9d55-a4971900c0e4" testId="11f6a1d3-68c5-e38c-c943-6b9363d564f1" testName="HandleException_WebException_Status_TrustFailure_ReturnsTrue" computerName="DKSR-EFI-06" duration="00:00:00.0001682" startTime="2024-01-09T15:41:38.9530405+01:00" endTime="2024-01-09T15:41:38.9533316+01:00" testType="13cdc9d9-ddb5-4fa4-a97d-d965ccfc6d4b" outcome="Passed" testListId="8c84fa94-04c1-424b-9868-57a2d4851a1d" relativeResultsDirectory="914534d7-6b88-4687-9d55-a4971900c0e4" />
    <UnitTestResult executionId="d9cec780-cc85-458a-89de-b4d720bf791d" testId="5304b9a1-8d75-0736-1781-57659e307ca7" testName="IsTokenExpired_RefreshTokenIsNotCalled_ReturnFalse" computerName="DKSR-EFI-06" duration="00:00:00.0006440" startTime="2024-01-09T15:41:39.1132982+01:00" endTime="2024-01-09T15:41:39.1140739+01:00" testType="13cdc9d9-ddb5-4fa4-a97d-d965ccfc6d4b" outcome="Passed" testListId="8c84fa94-04c1-424b-9868-57a2d4851a1d" relativeResultsDirectory="d9cec780-cc85-458a-89de-b4d720bf791d" />
    <UnitTestResult executionId="6a7f7ad0-6f6d-4319-bf8f-ae1e1057635c" testId="cb270c9a-018c-ca10-c7ca-7967670c892b" testName="Constructor_NullTrustedToken_ThrowsArgumentNullException" computerName="DKSR-EFI-06" duration="00:00:00.2226937" startTime="2024-01-09T15:41:35.9277350+01:00" endTime="2024-01-09T15:41:36.1507170+01:00" testType="13cdc9d9-ddb5-4fa4-a97d-d965ccfc6d4b" outcome="Passed" testListId="8c84fa94-04c1-424b-9868-57a2d4851a1d" relativeResultsDirectory="6a7f7ad0-6f6d-4319-bf8f-ae1e1057635c" />
    <UnitTestResult executionId="6f9ad840-fb76-46e8-a4b0-b28759b566ed" testId="7f2480da-8572-1058-bed9-d76ee4f460a4" testName="CreateException_DuplicateUserName_Is_AlreadyExistsException" computerName="DKSR-EFI-06" duration="00:00:00.0002966" startTime="2024-01-09T15:41:39.2082296+01:00" endTime="2024-01-09T15:41:39.2086533+01:00" testType="13cdc9d9-ddb5-4fa4-a97d-d965ccfc6d4b" outcome="Passed" testListId="8c84fa94-04c1-424b-9868-57a2d4851a1d" relativeResultsDirectory="6f9ad840-fb76-46e8-a4b0-b28759b566ed" />
    <UnitTestResult executionId="ffb53a82-d8ee-4039-aa4c-8c2967046146" testId="aee78e02-d706-9f06-c554-ee7aa708e371" testName="Start_TimeToTokenExpireUnder5min_TokenCacheUpdated" computerName="DKSR-EFI-06" duration="00:00:00.0145270" startTime="2024-01-09T15:41:39.0051353+01:00" endTime="2024-01-09T15:41:39.0198496+01:00" testType="13cdc9d9-ddb5-4fa4-a97d-d965ccfc6d4b" outcome="Passed" testListId="8c84fa94-04c1-424b-9868-57a2d4851a1d" relativeResultsDirectory="ffb53a82-d8ee-4039-aa4c-8c2967046146" />
    <UnitTestResult executionId="d7081ec8-184f-467f-9aba-e87a9bb103bf" testId="2a8032ec-2494-843d-f098-18bbc743b65d" testName="UserName_HasNameClaim_ReturnsUserName" computerName="DKSR-EFI-06" duration="00:00:00.0020006" startTime="2024-01-09T15:41:39.0640421+01:00" endTime="2024-01-09T15:41:39.0661966+01:00" testType="13cdc9d9-ddb5-4fa4-a97d-d965ccfc6d4b" outcome="Passed" testListId="8c84fa94-04c1-424b-9868-57a2d4851a1d" relativeResultsDirectory="d7081ec8-184f-467f-9aba-e87a9bb103bf" />
    <UnitTestResult executionId="ecef51e7-b37b-4eae-93c1-33b863ea2c78" testId="d56d39a2-1050-3e2a-2b04-2c4d9212b822" testName="Dispose_IDisposableTokenHandler_Success" computerName="DKSR-EFI-06" duration="00:00:00.0010668" startTime="2024-01-09T15:41:39.0555833+01:00" endTime="2024-01-09T15:41:39.0567929+01:00" testType="13cdc9d9-ddb5-4fa4-a97d-d965ccfc6d4b" outcome="Passed" testListId="8c84fa94-04c1-424b-9868-57a2d4851a1d" relativeResultsDirectory="ecef51e7-b37b-4eae-93c1-33b863ea2c78" />
    <UnitTestResult executionId="9fe0fbbf-9615-4582-b15c-2948ab6b5314" testId="3c9fa628-c7d5-d183-10bb-7d387f6779bb" testName="Constructor_NullIIdpTokenRetriever_ThrowsArgumentNullException" computerName="DKSR-EFI-06" duration="00:00:00.0007241" startTime="2024-01-09T15:41:36.5631553+01:00" endTime="2024-01-09T15:41:36.5640545+01:00" testType="13cdc9d9-ddb5-4fa4-a97d-d965ccfc6d4b" outcome="Passed" testListId="8c84fa94-04c1-424b-9868-57a2d4851a1d" relativeResultsDirectory="9fe0fbbf-9615-4582-b15c-2948ab6b5314" />
    <UnitTestResult executionId="1d169a8a-3400-40c6-8799-63a07b2c985f" testId="ca7d5be2-14df-0b62-6b71-5f58bc8ff588" testName="HasValidScheme_UriIsNews_ReturnsTrue" computerName="DKSR-EFI-06" duration="00:00:00.0001365" startTime="2024-01-09T15:41:38.9618941+01:00" endTime="2024-01-09T15:41:38.9621117+01:00" testType="13cdc9d9-ddb5-4fa4-a97d-d965ccfc6d4b" outcome="Passed" testListId="8c84fa94-04c1-424b-9868-57a2d4851a1d" relativeResultsDirectory="1d169a8a-3400-40c6-8799-63a07b2c985f" />
    <UnitTestResult executionId="b197aea3-93d8-4c52-8bf4-4d2ee0f30be7" testId="5e0c0b16-1156-1376-f6f0-3908d3a2cb3b" testName="GetAsync_AllCallsFailed_DiscoveryResponsesForAll" computerName="DKSR-EFI-06" duration="00:00:00.0019491" startTime="2024-01-09T15:41:38.7186228+01:00" endTime="2024-01-09T15:41:38.7207371+01:00" testType="13cdc9d9-ddb5-4fa4-a97d-d965ccfc6d4b" outcome="Passed" testListId="8c84fa94-04c1-424b-9868-57a2d4851a1d" relativeResultsDirectory="b197aea3-93d8-4c52-8bf4-4d2ee0f30be7" />
    <UnitTestResult executionId="fee964ee-cfe6-4f03-99a0-648b819760d8" testId="ec4cb66a-617d-876b-6006-2ba82ddc24c5" testName="CreateException_LoginAlreadyAssociated_Is_LoginAlreadyAssociatedException" computerName="DKSR-EFI-06" duration="00:00:00.0002867" startTime="2024-01-09T15:41:39.2161722+01:00" endTime="2024-01-09T15:41:39.2165837+01:00" testType="13cdc9d9-ddb5-4fa4-a97d-d965ccfc6d4b" outcome="Passed" testListId="8c84fa94-04c1-424b-9868-57a2d4851a1d" relativeResultsDirectory="fee964ee-cfe6-4f03-99a0-648b819760d8" />
    <UnitTestResult executionId="f9b2c35e-483f-4b6e-be65-6f190637daa9" testId="04ba112f-e345-0314-e5a5-bfdf9ebd97a8" testName="ValidateIdpServer_CancellationRequest_ShouldThrow" computerName="DKSR-EFI-06" startTime="2024-01-09T15:41:38.8673162+01:00" endTime="2024-01-09T15:41:38.8674762+01:00" testType="13cdc9d9-ddb5-4fa4-a97d-d965ccfc6d4b" outcome="NotExecuted" testListId="8c84fa94-04c1-424b-9868-57a2d4851a1d" relativeResultsDirectory="f9b2c35e-483f-4b6e-be65-6f190637daa9">
      <Output></Output>
    </UnitTestResult>
    <UnitTestResult executionId="ed612c67-bbbf-4562-9a7a-10bab631bcdc" testId="4049cd8f-4722-f786-6675-c96c049dafca" testName="HandleException_UnexpectedExceptionType_ReturnsFalse" computerName="DKSR-EFI-06" duration="00:00:00.0001519" startTime="2024-01-09T15:41:38.9537902+01:00" endTime="2024-01-09T15:41:38.9540641+01:00" testType="13cdc9d9-ddb5-4fa4-a97d-d965ccfc6d4b" outcome="Passed" testListId="8c84fa94-04c1-424b-9868-57a2d4851a1d" relativeResultsDirectory="ed612c67-bbbf-4562-9a7a-10bab631bcdc" />
    <UnitTestResult executionId="ba666e96-8c51-4042-90cc-5263dc37331e" testId="4028140e-6ceb-44db-b0b0-5a4385a02e69" testName="HasValidScheme_UriInvalid_Null_ReturnsFalse" computerName="DKSR-EFI-06" duration="00:00:00.0005054" startTime="2024-01-09T15:41:38.9544755+01:00" endTime="2024-01-09T15:41:38.9552624+01:00" testType="13cdc9d9-ddb5-4fa4-a97d-d965ccfc6d4b" outcome="Passed" testListId="8c84fa94-04c1-424b-9868-57a2d4851a1d" relativeResultsDirectory="ba666e96-8c51-4042-90cc-5263dc37331e" />
    <UnitTestResult executionId="ae49fd54-cedc-41df-999e-4bffc8756f51" testId="2c3c5b9a-85d3-0ea3-3ec1-f527226951f2" testName="RegisterClient_ScopesAreNull_ThrowArgumentNullException" computerName="DKSR-EFI-06" duration="00:00:00.0010119" startTime="2024-01-09T15:41:38.7502615+01:00" endTime="2024-01-09T15:41:38.7514294+01:00" testType="13cdc9d9-ddb5-4fa4-a97d-d965ccfc6d4b" outcome="Passed" testListId="8c84fa94-04c1-424b-9868-57a2d4851a1d" relativeResultsDirectory="ae49fd54-cedc-41df-999e-4bffc8756f51" />
    <UnitTestResult executionId="9f19b62f-cf31-4373-9e61-62c9a9ffd430" testId="6295024d-cdd4-de28-e7d8-515486f05d12" testName="HasValidScheme_UriIsHttps_ReturnsTrue" computerName="DKSR-EFI-06" duration="00:00:00.0001477" startTime="2024-01-09T15:41:38.9563034+01:00" endTime="2024-01-09T15:41:38.9565344+01:00" testType="13cdc9d9-ddb5-4fa4-a97d-d965ccfc6d4b" outcome="Passed" testListId="8c84fa94-04c1-424b-9868-57a2d4851a1d" relativeResultsDirectory="9f19b62f-cf31-4373-9e61-62c9a9ffd430" />
    <UnitTestResult executionId="d381ec37-36e8-415e-b83c-8ff50e51f2d6" testId="a8a38b08-43ad-784d-afbc-d0335bfce14c" testName="RegisterAuthorizationCodeClient_ScopesAreNull_ThrowArgumentNullException" computerName="DKSR-EFI-06" duration="00:00:00.0010151" startTime="2024-01-09T15:41:38.8123027+01:00" endTime="2024-01-09T15:41:38.8134818+01:00" testType="13cdc9d9-ddb5-4fa4-a97d-d965ccfc6d4b" outcome="Passed" testListId="8c84fa94-04c1-424b-9868-57a2d4851a1d" relativeResultsDirectory="d381ec37-36e8-415e-b83c-8ff50e51f2d6" />
    <UnitTestResult executionId="4bb093d2-4247-45bf-ad49-4aa2fcf5e81f" testId="62ab3ade-1e62-63bc-67fe-f16a91fdcb03" testName="RefreshToken_StartIsNotCalled_RefreshTokenCallsStart" computerName="DKSR-EFI-06" duration="00:00:00.0020374" startTime="2024-01-09T15:41:39.0326521+01:00" endTime="2024-01-09T15:41:39.0348549+01:00" testType="13cdc9d9-ddb5-4fa4-a97d-d965ccfc6d4b" outcome="Passed" testListId="8c84fa94-04c1-424b-9868-57a2d4851a1d" relativeResultsDirectory="4bb093d2-4247-45bf-ad49-4aa2fcf5e81f" />
    <UnitTestResult executionId="d23c7303-f1ee-491e-b4ad-164cbe8a2eba" testId="2461b8e3-8daf-c6ae-fd7a-04ef2c9029b1" testName="Construct_InvalidParam_BaseServeruri_Null_Throws_ArgumentNullException" computerName="DKSR-EFI-06" duration="00:00:00.0004550" startTime="2024-01-09T15:41:39.0666688+01:00" endTime="2024-01-09T15:41:39.0674669+01:00" testType="13cdc9d9-ddb5-4fa4-a97d-d965ccfc6d4b" outcome="Passed" testListId="8c84fa94-04c1-424b-9868-57a2d4851a1d" relativeResultsDirectory="d23c7303-f1ee-491e-b4ad-164cbe8a2eba" />
    <UnitTestResult executionId="0b079ec0-f377-4d6a-88c1-8708231488d8" testId="43ee071b-dfe1-26fb-3267-1ba3aa8a0a7a" testName="CreateException_InvalidUserName_Is_InvalidNameException" computerName="DKSR-EFI-06" duration="00:00:00.0001989" startTime="2024-01-09T15:41:39.2065294+01:00" endTime="2024-01-09T15:41:39.2068448+01:00" testType="13cdc9d9-ddb5-4fa4-a97d-d965ccfc6d4b" outcome="Passed" testListId="8c84fa94-04c1-424b-9868-57a2d4851a1d" relativeResultsDirectory="0b079ec0-f377-4d6a-88c1-8708231488d8" />
    <UnitTestResult executionId="765697b6-7ee4-4684-ac11-00f9d884ea06" testId="d31208f6-32e8-d301-b39b-41ee13f7023e" testName="VerifyEndpointSupportsSsl_InvalidParam_Null_ValidTimeout_Throws_ArgumentNullException" computerName="DKSR-EFI-06" duration="00:00:00.0005647" startTime="2024-01-09T15:41:38.8830117+01:00" endTime="2024-01-09T15:41:38.8838567+01:00" testType="13cdc9d9-ddb5-4fa4-a97d-d965ccfc6d4b" outcome="Passed" testListId="8c84fa94-04c1-424b-9868-57a2d4851a1d" relativeResultsDirectory="765697b6-7ee4-4684-ac11-00f9d884ea06" />
    <UnitTestResult executionId="64da2998-43b8-40a1-ba5f-e4075db74093" testId="eecfcbb2-c955-43fc-8e5c-cfc66bc5dfcb" testName="ValidateIdpServer_HttpAddressInvalidPort_ShouldThrow" computerName="DKSR-EFI-06" startTime="2024-01-09T15:41:38.8666908+01:00" endTime="2024-01-09T15:41:38.8668155+01:00" testType="13cdc9d9-ddb5-4fa4-a97d-d965ccfc6d4b" outcome="NotExecuted" testListId="8c84fa94-04c1-424b-9868-57a2d4851a1d" relativeResultsDirectory="64da2998-43b8-40a1-ba5f-e4075db74093">
      <Output></Output>
    </UnitTestResult>
    <UnitTestResult executionId="758914fb-543b-4529-a21b-5b6ce16dfae3" testId="7a8926d4-b9a3-8330-c659-fa45110afd0c" testName="GetClaimValue_IdTokenRetrieved_ClaimNotThere_ReturnsNull" computerName="DKSR-EFI-06" duration="00:00:00.0028238" startTime="2024-01-09T15:41:39.0484204+01:00" endTime="2024-01-09T15:41:39.0513980+01:00" testType="13cdc9d9-ddb5-4fa4-a97d-d965ccfc6d4b" outcome="Passed" testListId="8c84fa94-04c1-424b-9868-57a2d4851a1d" relativeResultsDirectory="758914fb-543b-4529-a21b-5b6ce16dfae3" />
    <UnitTestResult executionId="575dfce4-10f5-44f6-9552-beaf59c8ad21" testId="44c7436c-905a-58ad-44f0-0942a51a60c8" testName="Constructor_RequestedScopes_Filtered_by_Supported" computerName="DKSR-EFI-06" duration="00:00:00.0143312" startTime="2024-01-09T15:41:38.8956134+01:00" endTime="2024-01-09T15:41:38.9101349+01:00" testType="13cdc9d9-ddb5-4fa4-a97d-d965ccfc6d4b" outcome="Passed" testListId="8c84fa94-04c1-424b-9868-57a2d4851a1d" relativeResultsDirectory="575dfce4-10f5-44f6-9552-beaf59c8ad21" />
    <UnitTestResult executionId="b152903c-c5ef-4080-91d0-6ff061e67fb3" testId="fb9a0fbc-d523-38e7-fa29-68166d7c4694" testName="Retrieve_EmptyProvider_ThrowsArgumentNullException" computerName="DKSR-EFI-06" duration="00:00:00.0016860" startTime="2024-01-09T15:41:38.9179924+01:00" endTime="2024-01-09T15:41:38.9199411+01:00" testType="13cdc9d9-ddb5-4fa4-a97d-d965ccfc6d4b" outcome="Passed" testListId="8c84fa94-04c1-424b-9868-57a2d4851a1d" relativeResultsDirectory="b152903c-c5ef-4080-91d0-6ff061e67fb3" />
    <UnitTestResult executionId="1c83d30b-b1ff-41b8-8b3c-ec736974dad3" testId="feb4fa5e-1e90-63a6-9054-269133b16e54" testName="CreateException_PasswordTooShort_Is_PasswordNotComplexEnoughException" computerName="DKSR-EFI-06" duration="00:00:00.0002071" startTime="2024-01-09T15:41:39.2145218+01:00" endTime="2024-01-09T15:41:39.2148442+01:00" testType="13cdc9d9-ddb5-4fa4-a97d-d965ccfc6d4b" outcome="Passed" testListId="8c84fa94-04c1-424b-9868-57a2d4851a1d" relativeResultsDirectory="1c83d30b-b1ff-41b8-8b3c-ec736974dad3" />
    <UnitTestResult executionId="76b1660b-bfce-4c56-b740-73a28966f2cf" testId="970cd01e-43a8-573f-d6bb-d3e5d63f1935" testName="ValidateToken_SubClaimMissing_SystemClaimIsAddedToClaims" computerName="DKSR-EFI-06" duration="00:00:00.0169850" startTime="2024-01-09T15:41:38.2417723+01:00" endTime="2024-01-09T15:41:38.2589858+01:00" testType="13cdc9d9-ddb5-4fa4-a97d-d965ccfc6d4b" outcome="Passed" testListId="8c84fa94-04c1-424b-9868-57a2d4851a1d" relativeResultsDirectory="76b1660b-bfce-4c56-b740-73a28966f2cf" />
    <UnitTestResult executionId="4ad7d353-823b-41a5-bd98-6f319e5b89f8" testId="435442ba-9897-362e-beef-40dd9aef0a97" testName="RegisterAuthorizationCodeClientWithToken_RedirectUrisIsNull_ThrowArgumentException" computerName="DKSR-EFI-06" duration="00:00:00.0010552" startTime="2024-01-09T15:41:38.7979310+01:00" endTime="2024-01-09T15:41:38.7991219+01:00" testType="13cdc9d9-ddb5-4fa4-a97d-d965ccfc6d4b" outcome="Passed" testListId="8c84fa94-04c1-424b-9868-57a2d4851a1d" relativeResultsDirectory="4ad7d353-823b-41a5-bd98-6f319e5b89f8" />
    <UnitTestResult executionId="2d183b93-2e00-4da7-ae20-5b41af5ac9c5" testId="98edab49-64e8-bcaf-beed-559fb53bdf3f" testName="CreateException_DuplicateAdminIdentity_Is_DuplicateAdminIdentityException" computerName="DKSR-EFI-06" duration="00:00:00.0002621" startTime="2024-01-09T15:41:39.2187979+01:00" endTime="2024-01-09T15:41:39.2191745+01:00" testType="13cdc9d9-ddb5-4fa4-a97d-d965ccfc6d4b" outcome="Passed" testListId="8c84fa94-04c1-424b-9868-57a2d4851a1d" relativeResultsDirectory="2d183b93-2e00-4da7-ae20-5b41af5ac9c5" />
    <UnitTestResult executionId="e15f060a-4e81-4a37-b187-b5918c10a42c" testId="59315ec5-850b-190c-1c3a-c69be3cf286e" testName="GetAsync_SuccessfulResponse_OutstandingCallCanceled" computerName="DKSR-EFI-06" duration="00:00:00.0124662" startTime="2024-01-09T15:41:38.7212475+01:00" endTime="2024-01-09T15:41:38.7339018+01:00" testType="13cdc9d9-ddb5-4fa4-a97d-d965ccfc6d4b" outcome="Passed" testListId="8c84fa94-04c1-424b-9868-57a2d4851a1d" relativeResultsDirectory="e15f060a-4e81-4a37-b187-b5918c10a42c" />
    <UnitTestResult executionId="989c6c7f-ed0c-49e3-9557-bbf077019dec" testId="24757d53-50b6-4207-edb9-4d7b85e83ec0" testName="CreateException_InvalidCode_Throws_ArgumentOutOfRangeException" computerName="DKSR-EFI-06" duration="00:00:00.0006835" startTime="2024-01-09T15:41:39.1932679+01:00" endTime="2024-01-09T15:41:39.1944353+01:00" testType="13cdc9d9-ddb5-4fa4-a97d-d965ccfc6d4b" outcome="Passed" testListId="8c84fa94-04c1-424b-9868-57a2d4851a1d" relativeResultsDirectory="989c6c7f-ed0c-49e3-9557-bbf077019dec" />
    <UnitTestResult executionId="a8b874fe-094e-4f2c-a482-e068f01e6942" testId="6c035807-52d4-6caf-a566-ec498448b6fa" testName="Constructor_ClientTokenSettingsIsNull_ThrowArgumentNullException" computerName="DKSR-EFI-06" duration="00:00:00.0020168" startTime="2024-01-09T15:41:36.5852569+01:00" endTime="2024-01-09T15:41:36.5875346+01:00" testType="13cdc9d9-ddb5-4fa4-a97d-d965ccfc6d4b" outcome="Passed" testListId="8c84fa94-04c1-424b-9868-57a2d4851a1d" relativeResultsDirectory="a8b874fe-094e-4f2c-a482-e068f01e6942" />
    <UnitTestResult executionId="1e6855c6-e838-4c27-8761-94f3b598ced3" testId="99565e95-1a0c-269c-a11f-12a2852883ea" testName="HasValidScheme_UriIsNetTcp_ReturnsTrue" computerName="DKSR-EFI-06" duration="00:00:00.0001419" startTime="2024-01-09T15:41:38.9612933+01:00" endTime="2024-01-09T15:41:38.9615175+01:00" testType="13cdc9d9-ddb5-4fa4-a97d-d965ccfc6d4b" outcome="Passed" testListId="8c84fa94-04c1-424b-9868-57a2d4851a1d" relativeResultsDirectory="1e6855c6-e838-4c27-8761-94f3b598ced3" />
    <UnitTestResult executionId="111ccfd7-4a98-4a3e-a02c-d596d87fd9d5" testId="083062ca-22b3-f842-aa3b-2548ef3b2afa" testName="RegisterClient_AccessTokenIsNull_ThrowArgumentException" computerName="DKSR-EFI-06" duration="00:00:00.0019644" startTime="2024-01-09T15:41:38.7518812+01:00" endTime="2024-01-09T15:41:38.7539973+01:00" testType="13cdc9d9-ddb5-4fa4-a97d-d965ccfc6d4b" outcome="Passed" testListId="8c84fa94-04c1-424b-9868-57a2d4851a1d" relativeResultsDirectory="111ccfd7-4a98-4a3e-a02c-d596d87fd9d5" />
    <UnitTestResult executionId="ce46b228-a51b-42ab-885b-3ac36677b131" testId="05652edd-928f-dd7d-e6ce-82417f010b21" testName="ValidateToken_TokenValidationParametersIsNull_ThrowArgumentNullException" computerName="DKSR-EFI-06" duration="00:00:00.0005268" startTime="2024-01-09T15:41:36.6436642+01:00" endTime="2024-01-09T15:41:36.6443609+01:00" testType="13cdc9d9-ddb5-4fa4-a97d-d965ccfc6d4b" outcome="Passed" testListId="8c84fa94-04c1-424b-9868-57a2d4851a1d" relativeResultsDirectory="ce46b228-a51b-42ab-885b-3ac36677b131" />
    <UnitTestResult executionId="f2591518-da26-44a5-b960-e94398b83db3" testId="e603fa45-aab1-620a-c1e6-f47421b47951" testName="IsTokenExpired_TokenExpiration_ExpiredReturnTrueNotExpiredReturnFalse (-1,True)" computerName="DKSR-EFI-06" duration="00:00:00.0004197" startTime="2024-01-09T15:41:39.0452461+01:00" endTime="2024-01-09T15:41:39.0458987+01:00" testType="13cdc9d9-ddb5-4fa4-a97d-d965ccfc6d4b" outcome="Passed" testListId="8c84fa94-04c1-424b-9868-57a2d4851a1d" relativeResultsDirectory="f2591518-da26-44a5-b960-e94398b83db3" />
    <UnitTestResult executionId="e7ff8cbc-b922-45af-989e-fa36276217d4" testId="6305c415-2662-3605-7a21-6246fd795db9" testName="Constructor_EmptyRefreshToken_ThrowsArgumentNullException" computerName="DKSR-EFI-06" duration="00:00:00.0003372" startTime="2024-01-09T15:41:38.9337886+01:00" endTime="2024-01-09T15:41:38.9342764+01:00" testType="13cdc9d9-ddb5-4fa4-a97d-d965ccfc6d4b" outcome="Passed" testListId="8c84fa94-04c1-424b-9868-57a2d4851a1d" relativeResultsDirectory="e7ff8cbc-b922-45af-989e-fa36276217d4" />
    <UnitTestResult executionId="10a7a48a-4156-40cd-8a8f-148a5a1ed8bc" testId="a1533602-6410-91ea-863d-c06356133eae" testName="ValidateToken_MetaDataLoadNotDelayed_MetaDataLoadNotDelayed" computerName="DKSR-EFI-06" duration="00:00:00.0348055" startTime="2024-01-09T15:41:36.6579934+01:00" endTime="2024-01-09T15:41:36.6930307+01:00" testType="13cdc9d9-ddb5-4fa4-a97d-d965ccfc6d4b" outcome="Passed" testListId="8c84fa94-04c1-424b-9868-57a2d4851a1d" relativeResultsDirectory="10a7a48a-4156-40cd-8a8f-148a5a1ed8bc" />
    <UnitTestResult executionId="c5df1a61-c3da-4419-b096-bc8ccb52ccbd" testId="9161f5e4-37b0-b6bc-22e9-91ccc708f977" testName="GetTokenResponse_TokenHandlerDisposedBeforeCall_ObjectDisposedException" computerName="DKSR-EFI-06" duration="00:00:00.0022440" startTime="2024-01-09T15:41:36.6032600+01:00" endTime="2024-01-09T15:41:36.6056539+01:00" testType="13cdc9d9-ddb5-4fa4-a97d-d965ccfc6d4b" outcome="Passed" testListId="8c84fa94-04c1-424b-9868-57a2d4851a1d" relativeResultsDirectory="c5df1a61-c3da-4419-b096-bc8ccb52ccbd" />
    <UnitTestResult executionId="b0eb72d2-d789-4321-85b5-dcabd84a194f" testId="8b0bbd88-d4e3-018e-eff8-fdef5f0617d3" testName="HandleException_WebException_Status_KeepAliveFailure_ReturnsTrue" computerName="DKSR-EFI-06" duration="00:00:00.0001708" startTime="2024-01-09T15:41:38.9514779+01:00" endTime="2024-01-09T15:41:38.9518061+01:00" testType="13cdc9d9-ddb5-4fa4-a97d-d965ccfc6d4b" outcome="Passed" testListId="8c84fa94-04c1-424b-9868-57a2d4851a1d" relativeResultsDirectory="b0eb72d2-d789-4321-85b5-dcabd84a194f" />
    <UnitTestResult executionId="10ba873f-3483-4738-8d43-6243d9da81a1" testId="529c2e35-24ca-56d0-82ae-22b9934a7f05" testName="ValidateToken_SubClaimPresent_SystemClaimIsNotAddedToClaims" computerName="DKSR-EFI-06" duration="00:00:00.0036720" startTime="2024-01-09T15:41:38.2595959+01:00" endTime="2024-01-09T15:41:38.2634928+01:00" testType="13cdc9d9-ddb5-4fa4-a97d-d965ccfc6d4b" outcome="Passed" testListId="8c84fa94-04c1-424b-9868-57a2d4851a1d" relativeResultsDirectory="10ba873f-3483-4738-8d43-6243d9da81a1" />
    <UnitTestResult executionId="5dd06155-89a8-4d94-8df3-7b83933c8a30" testId="08a458bc-f70d-a527-f23d-08de1cac7168" testName="HasValidScheme_UriIsFile_ReturnsTrue" computerName="DKSR-EFI-06" duration="00:00:00.0001493" startTime="2024-01-09T15:41:38.9583156+01:00" endTime="2024-01-09T15:41:38.9585604+01:00" testType="13cdc9d9-ddb5-4fa4-a97d-d965ccfc6d4b" outcome="Passed" testListId="8c84fa94-04c1-424b-9868-57a2d4851a1d" relativeResultsDirectory="5dd06155-89a8-4d94-8df3-7b83933c8a30" />
    <UnitTestResult executionId="0ef6aa80-eefe-461b-93a5-8b9b79e8d3c2" testId="9f0c86dc-a496-7741-858c-a11363a3da1a" testName="TokenCache_Constructor_ClientTokenSettings_ArgumentNullException" computerName="DKSR-EFI-06" duration="00:00:00.0068230" startTime="2024-01-09T15:41:38.9691235+01:00" endTime="2024-01-09T15:41:38.9761694+01:00" testType="13cdc9d9-ddb5-4fa4-a97d-d965ccfc6d4b" outcome="Passed" testListId="8c84fa94-04c1-424b-9868-57a2d4851a1d" relativeResultsDirectory="0ef6aa80-eefe-461b-93a5-8b9b79e8d3c2" />
    <UnitTestResult executionId="b4751b15-11eb-4ae6-9081-6c8c49ca0f70" testId="eebc5e3a-189f-1094-2ac2-60219fea23b5" testName="IsTokenExpired_TokenExpiration_ExpiredReturnTrueNotExpiredReturnFalse (-1,True)" computerName="DKSR-EFI-06" duration="00:00:00.0004006" startTime="2024-01-09T15:41:39.1121895+01:00" endTime="2024-01-09T15:41:39.1127589+01:00" testType="13cdc9d9-ddb5-4fa4-a97d-d965ccfc6d4b" outcome="Passed" testListId="8c84fa94-04c1-424b-9868-57a2d4851a1d" relativeResultsDirectory="b4751b15-11eb-4ae6-9081-6c8c49ca0f70" />
    <UnitTestResult executionId="49fc3815-39da-4d81-b9db-5cd4d2a2636f" testId="aceed3fe-4ee0-3f07-6d4b-e9ae24c2527d" testName="Constructor_EmptyIdToken_ThrowsArgumentNullException" computerName="DKSR-EFI-06" duration="00:00:00.0003411" startTime="2024-01-09T15:41:38.9369052+01:00" endTime="2024-01-09T15:41:38.9375765+01:00" testType="13cdc9d9-ddb5-4fa4-a97d-d965ccfc6d4b" outcome="Passed" testListId="8c84fa94-04c1-424b-9868-57a2d4851a1d" relativeResultsDirectory="49fc3815-39da-4d81-b9db-5cd4d2a2636f" />
    <UnitTestResult executionId="471802b9-774a-42b4-9d67-9fb51e000bb4" testId="6aef1b61-0dc3-b6ce-7dbd-e4e62a370ac5" testName="CreateException_PasswordRequiresUniqueChars_Is_PasswordNotComplexEnoughException" computerName="DKSR-EFI-06" duration="00:00:00.0002008" startTime="2024-01-09T15:41:39.2123133+01:00" endTime="2024-01-09T15:41:39.2126316+01:00" testType="13cdc9d9-ddb5-4fa4-a97d-d965ccfc6d4b" outcome="Passed" testListId="8c84fa94-04c1-424b-9868-57a2d4851a1d" relativeResultsDirectory="471802b9-774a-42b4-9d67-9fb51e000bb4" />
    <UnitTestResult executionId="4964242d-b4bf-40b6-8106-3181e7a26729" testId="67a73538-1027-a501-a8ed-160a0b377dca" testName="GetTokenWithRegisterClientScope_ResponseHasSuccessfulStatusCode_TokenIsReturned" computerName="DKSR-EFI-06" duration="00:00:00.0043985" startTime="2024-01-09T15:41:38.7857192+01:00" endTime="2024-01-09T15:41:38.7902911+01:00" testType="13cdc9d9-ddb5-4fa4-a97d-d965ccfc6d4b" outcome="Passed" testListId="8c84fa94-04c1-424b-9868-57a2d4851a1d" relativeResultsDirectory="4964242d-b4bf-40b6-8106-3181e7a26729" />
    <UnitTestResult executionId="28f43c0d-3e26-47d8-aafd-190a98226e60" testId="2f8b9abc-1c8d-726a-bc19-fbcf045e42b5" testName="Ctor_AddressIsNull_ThrowsArgumentNullException" computerName="DKSR-EFI-06" duration="00:00:00.0005120" startTime="2024-01-09T15:41:38.1810353+01:00" endTime="2024-01-09T15:41:38.1817412+01:00" testType="13cdc9d9-ddb5-4fa4-a97d-d965ccfc6d4b" outcome="Passed" testListId="8c84fa94-04c1-424b-9868-57a2d4851a1d" relativeResultsDirectory="28f43c0d-3e26-47d8-aafd-190a98226e60" />
    <UnitTestResult executionId="510ce350-44fc-44b2-b3ff-4c84a2d1e14a" testId="bf546bdc-4b09-7c78-8e68-7999cc725390" testName="CreateException_403_Is_ForbiddenException" computerName="DKSR-EFI-06" duration="00:00:00.0002518" startTime="2024-01-09T15:41:39.1966638+01:00" endTime="2024-01-09T15:41:39.1970380+01:00" testType="13cdc9d9-ddb5-4fa4-a97d-d965ccfc6d4b" outcome="Passed" testListId="8c84fa94-04c1-424b-9868-57a2d4851a1d" relativeResultsDirectory="510ce350-44fc-44b2-b3ff-4c84a2d1e14a" />
    <UnitTestResult executionId="0e200f0a-f005-4b34-9ad7-8daabe31481b" testId="6527d399-3c52-8422-d90f-6c83c08b6874" testName="CreateException_OtherError_Throws_DefaultErrorException" computerName="DKSR-EFI-06" duration="00:00:00.0002573" startTime="2024-01-09T15:41:39.1950014+01:00" endTime="2024-01-09T15:41:39.1954019+01:00" testType="13cdc9d9-ddb5-4fa4-a97d-d965ccfc6d4b" outcome="Passed" testListId="8c84fa94-04c1-424b-9868-57a2d4851a1d" relativeResultsDirectory="0e200f0a-f005-4b34-9ad7-8daabe31481b" />
    <UnitTestResult executionId="6f845bda-0e99-4d77-9f54-9fd2155f3a69" testId="a6c86e7f-3cba-5a70-e72e-8210186f640d" testName="HttpGetResult_Constructor_Success" computerName="DKSR-EFI-06" duration="00:00:00.0013463" startTime="2024-01-09T15:41:38.9394129+01:00" endTime="2024-01-09T15:41:38.9409999+01:00" testType="13cdc9d9-ddb5-4fa4-a97d-d965ccfc6d4b" outcome="Passed" testListId="8c84fa94-04c1-424b-9868-57a2d4851a1d" relativeResultsDirectory="6f845bda-0e99-4d77-9f54-9fd2155f3a69" />
    <UnitTestResult executionId="17e90a3b-c393-48e4-886d-2eb1f1a7e338" testId="2094e3f3-bb74-95c3-1e50-e6fdef78ea13" testName="GetTokenResponseAsync_HttpStatusIsNotOk_IdpExceptionIsThrown (VideoOS.IdentityServer.Common.Exceptions.UnauthorizedException,Unauthorized)" computerName="DKSR-EFI-06" duration="00:00:00.0023117" startTime="2024-01-09T15:41:36.5990714+01:00" endTime="2024-01-09T15:41:36.6026564+01:00" testType="13cdc9d9-ddb5-4fa4-a97d-d965ccfc6d4b" outcome="Passed" testListId="8c84fa94-04c1-424b-9868-57a2d4851a1d" relativeResultsDirectory="17e90a3b-c393-48e4-886d-2eb1f1a7e338" />
    <UnitTestResult executionId="71aa2a32-7e47-4a10-976c-e80026c3022c" testId="90d13d23-6660-c28a-543b-d374b02dcccb" testName="GetClaimValue_IdTokenRetrieved_ClaimThere_ReturnsClaimValue" computerName="DKSR-EFI-06" duration="00:00:00.0019850" startTime="2024-01-09T15:41:39.0529292+01:00" endTime="2024-01-09T15:41:39.0550900+01:00" testType="13cdc9d9-ddb5-4fa4-a97d-d965ccfc6d4b" outcome="Passed" testListId="8c84fa94-04c1-424b-9868-57a2d4851a1d" relativeResultsDirectory="71aa2a32-7e47-4a10-976c-e80026c3022c" />
    <UnitTestResult executionId="51e7ecbd-88b9-47ea-b0be-9f3f3e16be92" testId="05f6a519-6922-0d88-29ab-58670334a8c0" testName="BasicOpenAuthenticationHeaderValue_Constructor_EmptyUserName" computerName="DKSR-EFI-06" duration="00:00:00.0003181" startTime="2024-01-09T15:41:38.5225115+01:00" endTime="2024-01-09T15:41:38.5229627+01:00" testType="13cdc9d9-ddb5-4fa4-a97d-d965ccfc6d4b" outcome="Passed" testListId="8c84fa94-04c1-424b-9868-57a2d4851a1d" relativeResultsDirectory="51e7ecbd-88b9-47ea-b0be-9f3f3e16be92" />
    <UnitTestResult executionId="5c87e785-3bfd-42c1-98ee-3bc22576c89e" testId="79bdc8ed-4f4b-9849-1ddd-b15e09b27525" testName="CreateException_ErrorStrongPassword_Is_PasswordNotComplexEnoughException" computerName="DKSR-EFI-06" duration="00:00:00.0002865" startTime="2024-01-09T15:41:39.2098947+01:00" endTime="2024-01-09T15:41:39.2103005+01:00" testType="13cdc9d9-ddb5-4fa4-a97d-d965ccfc6d4b" outcome="Passed" testListId="8c84fa94-04c1-424b-9868-57a2d4851a1d" relativeResultsDirectory="5c87e785-3bfd-42c1-98ee-3bc22576c89e" />
    <UnitTestResult executionId="b54366b0-6010-4c80-967e-1af9f700d3bf" testId="4e64a2d0-91fd-57ef-a8c4-3f9f75705cb7" testName="UserName_NoNameClaim_ThrowsInvalidOperationException" computerName="DKSR-EFI-06" duration="00:00:00.0024525" startTime="2024-01-09T15:41:39.0609558+01:00" endTime="2024-01-09T15:41:39.0635865+01:00" testType="13cdc9d9-ddb5-4fa4-a97d-d965ccfc6d4b" outcome="Passed" testListId="8c84fa94-04c1-424b-9868-57a2d4851a1d" relativeResultsDirectory="b54366b0-6010-4c80-967e-1af9f700d3bf" />
    <UnitTestResult executionId="6b0401bc-c05e-4ad6-8feb-85d7619df389" testId="b639b5fb-3ef5-2cd9-a90a-017d1638f497" testName="BasicOpenAuthenticationHeaderValue_Constructor_NullUserName" computerName="DKSR-EFI-06" duration="00:00:00.0008935" startTime="2024-01-09T15:41:38.5207880+01:00" endTime="2024-01-09T15:41:38.5219988+01:00" testType="13cdc9d9-ddb5-4fa4-a97d-d965ccfc6d4b" outcome="Passed" testListId="8c84fa94-04c1-424b-9868-57a2d4851a1d" relativeResultsDirectory="6b0401bc-c05e-4ad6-8feb-85d7619df389" />
    <UnitTestResult executionId="6eb7c6e2-2ca7-4295-a41e-963d4bed6340" testId="7ca488d0-3aca-76f1-6559-f9cc58d50a45" testName="Ctor_AddressIsNull_ThrowsArgumentNullException" computerName="DKSR-EFI-06" duration="00:00:00.0110777" startTime="2024-01-09T15:41:36.6062037+01:00" endTime="2024-01-09T15:41:36.6175764+01:00" testType="13cdc9d9-ddb5-4fa4-a97d-d965ccfc6d4b" outcome="Passed" testListId="8c84fa94-04c1-424b-9868-57a2d4851a1d" relativeResultsDirectory="6eb7c6e2-2ca7-4295-a41e-963d4bed6340" />
    <UnitTestResult executionId="2cdf1671-4e77-47ba-bc1e-909eae3079d9" testId="be2661e6-13a2-efcd-f033-26370e5bd14f" testName="Retrieve_NullIdpTokenClient_ThrowsArgumentNullException" computerName="DKSR-EFI-06" duration="00:00:00.0059507" startTime="2024-01-09T15:41:38.9204414+01:00" endTime="2024-01-09T15:41:38.9268088+01:00" testType="13cdc9d9-ddb5-4fa4-a97d-d965ccfc6d4b" outcome="Passed" testListId="8c84fa94-04c1-424b-9868-57a2d4851a1d" relativeResultsDirectory="2cdf1671-4e77-47ba-bc1e-909eae3079d9" />
    <UnitTestResult executionId="f3097339-b26a-4604-a53e-ad16f3e23550" testId="3c121194-5cce-c4ca-1fab-08ec04d15250" testName="CreateException_404_Is_NotFoundException" computerName="DKSR-EFI-06" duration="00:00:00.0002580" startTime="2024-01-09T15:41:39.1999499+01:00" endTime="2024-01-09T15:41:39.2003406+01:00" testType="13cdc9d9-ddb5-4fa4-a97d-d965ccfc6d4b" outcome="Passed" testListId="8c84fa94-04c1-424b-9868-57a2d4851a1d" relativeResultsDirectory="f3097339-b26a-4604-a53e-ad16f3e23550" />
    <UnitTestResult executionId="160ef57e-4ffa-44d8-9e3b-8184eba996d6" testId="90eefc04-1f04-d44e-931c-bf308a05aad7" testName="RefreshToken_IdTokenNotRetrieved_NoError" computerName="DKSR-EFI-06" duration="00:00:00.0017874" startTime="2024-01-09T15:41:39.0572688+01:00" endTime="2024-01-09T15:41:39.0592063+01:00" testType="13cdc9d9-ddb5-4fa4-a97d-d965ccfc6d4b" outcome="Passed" testListId="8c84fa94-04c1-424b-9868-57a2d4851a1d" relativeResultsDirectory="160ef57e-4ffa-44d8-9e3b-8184eba996d6" />
    <UnitTestResult executionId="9d2e7a4e-459b-4f9d-aa57-7687c8db7560" testId="ae9a110c-c4e6-e312-9fcd-2de5d21f98ff" testName="IsTokenExpired_TokenExpiration_ExpiredReturnTrueNotExpiredReturnFalse (1,False)" computerName="DKSR-EFI-06" duration="00:00:00.0017415" startTime="2024-01-09T15:41:39.1097952+01:00" endTime="2024-01-09T15:41:39.1117350+01:00" testType="13cdc9d9-ddb5-4fa4-a97d-d965ccfc6d4b" outcome="Passed" testListId="8c84fa94-04c1-424b-9868-57a2d4851a1d" relativeResultsDirectory="9d2e7a4e-459b-4f9d-aa57-7687c8db7560" />
    <UnitTestResult executionId="c3fe5dfe-7860-4964-855a-8491b37d90a4" testId="f0bc3cf2-7e7b-22f4-8d42-04d99e358cfe" testName="Ctor_AudiencesIsEmpty_DoNotThrowException" computerName="DKSR-EFI-06" duration="00:00:00.0004024" startTime="2024-01-09T15:41:38.1833993+01:00" endTime="2024-01-09T15:41:38.1839561+01:00" testType="13cdc9d9-ddb5-4fa4-a97d-d965ccfc6d4b" outcome="Passed" testListId="8c84fa94-04c1-424b-9868-57a2d4851a1d" relativeResultsDirectory="c3fe5dfe-7860-4964-855a-8491b37d90a4" />
    <UnitTestResult executionId="63df9cfa-7987-4465-88e3-793c5ba52207" testId="a27779ab-d479-2618-c0d6-39c534be7415" testName="VerifyEndpointSupportsSsl_InvalidParam_Null_Throws_ArgumentNullException" computerName="DKSR-EFI-06" duration="00:00:00.0025624" startTime="2024-01-09T15:41:38.8733590+01:00" endTime="2024-01-09T15:41:38.8761177+01:00" testType="13cdc9d9-ddb5-4fa4-a97d-d965ccfc6d4b" outcome="Passed" testListId="8c84fa94-04c1-424b-9868-57a2d4851a1d" relativeResultsDirectory="63df9cfa-7987-4465-88e3-793c5ba52207" />
    <UnitTestResult executionId="68519040-36cf-4c38-bafb-9616b0d7d981" testId="0f27abe8-3384-6920-a039-76a637899eb2" testName="Construct_UsesLargeCustomTimeout_Success" computerName="DKSR-EFI-06" duration="00:00:00.0002242" startTime="2024-01-09T15:41:38.8722387+01:00" endTime="2024-01-09T15:41:38.8727880+01:00" testType="13cdc9d9-ddb5-4fa4-a97d-d965ccfc6d4b" outcome="Passed" testListId="8c84fa94-04c1-424b-9868-57a2d4851a1d" relativeResultsDirectory="68519040-36cf-4c38-bafb-9616b0d7d981" />
    <UnitTestResult executionId="a3e21927-7fd8-4ea2-953f-ded1aa0e20de" testId="bf705ae1-67a7-5fa6-c13f-a22026ecd395" testName="Retrieve_NullProvider_ThrowsArgumentNullException" computerName="DKSR-EFI-06" duration="00:00:00.0060120" startTime="2024-01-09T15:41:38.9108103+01:00" endTime="2024-01-09T15:41:38.9171765+01:00" testType="13cdc9d9-ddb5-4fa4-a97d-d965ccfc6d4b" outcome="Passed" testListId="8c84fa94-04c1-424b-9868-57a2d4851a1d" relativeResultsDirectory="a3e21927-7fd8-4ea2-953f-ded1aa0e20de" />
    <UnitTestResult executionId="3bc9ec7a-4795-45f9-ade6-97a27616f500" testId="151a3939-7178-7ca5-04d5-74b2e2ea473d" testName="IdpException_ErrorsProperty_IsAccessible" computerName="DKSR-EFI-06" duration="00:00:00.0001967" startTime="2024-01-09T15:41:39.2242937+01:00" endTime="2024-01-09T15:41:39.2257544+01:00" testType="13cdc9d9-ddb5-4fa4-a97d-d965ccfc6d4b" outcome="Passed" testListId="8c84fa94-04c1-424b-9868-57a2d4851a1d" relativeResultsDirectory="3bc9ec7a-4795-45f9-ade6-97a27616f500" />
    <UnitTestResult executionId="881425e1-3b8b-4152-9277-d70027aa2a0d" testId="07e017ec-27c0-e3c7-e86f-7418562949bd" testName="Start_TokenRefreshFailed_StartTimerInterval5" computerName="DKSR-EFI-06" duration="00:00:00.0028706" startTime="2024-01-09T15:41:39.0015633+01:00" endTime="2024-01-09T15:41:39.0046185+01:00" testType="13cdc9d9-ddb5-4fa4-a97d-d965ccfc6d4b" outcome="Passed" testListId="8c84fa94-04c1-424b-9868-57a2d4851a1d" relativeResultsDirectory="881425e1-3b8b-4152-9277-d70027aa2a0d" />
    <UnitTestResult executionId="d825e213-af8b-415f-ae1d-8ceb1900d7b2" testId="8acb64df-af33-04f7-00cd-764cd60dcd21" testName="Construct_DefaultConstructor_UsesDefaultTimeout_Success" computerName="DKSR-EFI-06" duration="00:00:00.0005535" startTime="2024-01-09T15:41:38.8695810+01:00" endTime="2024-01-09T15:41:38.8704639+01:00" testType="13cdc9d9-ddb5-4fa4-a97d-d965ccfc6d4b" outcome="Passed" testListId="8c84fa94-04c1-424b-9868-57a2d4851a1d" relativeResultsDirectory="d825e213-af8b-415f-ae1d-8ceb1900d7b2" />
    <UnitTestResult executionId="858a408a-2f6d-4464-a78b-e611ade3f523" testId="76a3eda6-3598-ebb2-6b10-983e4fde7476" testName="WindowsAuthenticationAsync_StatusCodeOk_TokenResponseWithTokenIsReturned" computerName="DKSR-EFI-06" duration="00:00:00.0032434" startTime="2024-01-09T15:41:38.8302872+01:00" endTime="2024-01-09T15:41:38.8336794+01:00" testType="13cdc9d9-ddb5-4fa4-a97d-d965ccfc6d4b" outcome="Passed" testListId="8c84fa94-04c1-424b-9868-57a2d4851a1d" relativeResultsDirectory="858a408a-2f6d-4464-a78b-e611ade3f523" />
    <UnitTestResult executionId="fc061835-85bc-4178-ac56-76dff2cc1fea" testId="3ff67faa-d3a0-075c-0c7a-09774bd03583" testName="HandleException_WebException_Status_ProtocolError_ReturnsFalse" computerName="DKSR-EFI-06" duration="00:00:00.0035013" startTime="2024-01-09T15:41:38.9439606+01:00" endTime="2024-01-09T15:41:38.9476055+01:00" testType="13cdc9d9-ddb5-4fa4-a97d-d965ccfc6d4b" outcome="Passed" testListId="8c84fa94-04c1-424b-9868-57a2d4851a1d" relativeResultsDirectory="fc061835-85bc-4178-ac56-76dff2cc1fea" />
    <UnitTestResult executionId="485fe4a1-208e-4c30-9209-335461716abd" testId="65770ab3-18b0-0e9f-399a-f7a04ea6e0e5" testName="CreateException_PasswordRequiresLower_Is_PasswordNotComplexEnoughException" computerName="DKSR-EFI-06" duration="00:00:00.0002016" startTime="2024-01-09T15:41:39.2115037+01:00" endTime="2024-01-09T15:41:39.2118198+01:00" testType="13cdc9d9-ddb5-4fa4-a97d-d965ccfc6d4b" outcome="Passed" testListId="8c84fa94-04c1-424b-9868-57a2d4851a1d" relativeResultsDirectory="485fe4a1-208e-4c30-9209-335461716abd" />
    <UnitTestResult executionId="35cf7109-5198-40db-9eaa-5abcef6007df" testId="ebe888ba-3631-12b0-9554-250fe8da03f0" testName="TokenCache_Constructor_Secret_ArgumentNullException" computerName="DKSR-EFI-06" duration="00:00:00.0004735" startTime="2024-01-09T15:41:38.9779294+01:00" endTime="2024-01-09T15:41:38.9785679+01:00" testType="13cdc9d9-ddb5-4fa4-a97d-d965ccfc6d4b" outcome="Passed" testListId="8c84fa94-04c1-424b-9868-57a2d4851a1d" relativeResultsDirectory="35cf7109-5198-40db-9eaa-5abcef6007df" />
    <UnitTestResult executionId="9e1e33bd-6649-4698-8f8f-03b73205a3c6" testId="aa47e31d-c2f6-bb7b-d522-2ea72ad09b0c" testName="HandleException_WebException_Status_Timeout_ReturnsTrue" computerName="DKSR-EFI-06" duration="00:00:00.0001714" startTime="2024-01-09T15:41:38.9522925+01:00" endTime="2024-01-09T15:41:38.9525817+01:00" testType="13cdc9d9-ddb5-4fa4-a97d-d965ccfc6d4b" outcome="Passed" testListId="8c84fa94-04c1-424b-9868-57a2d4851a1d" relativeResultsDirectory="9e1e33bd-6649-4698-8f8f-03b73205a3c6" />
    <UnitTestResult executionId="f6ef5cf5-8345-4dad-93cd-5246e9c3060a" testId="0e660fb6-01c2-ec2d-f816-fac9e4547e68" testName="RefreshToken_TokenIsNotJWT_IdentityServerTokenException" computerName="DKSR-EFI-06" duration="00:00:00.0181729" startTime="2024-01-09T15:41:39.0814321+01:00" endTime="2024-01-09T15:41:39.0999464+01:00" testType="13cdc9d9-ddb5-4fa4-a97d-d965ccfc6d4b" outcome="Passed" testListId="8c84fa94-04c1-424b-9868-57a2d4851a1d" relativeResultsDirectory="f6ef5cf5-8345-4dad-93cd-5246e9c3060a" />
    <UnitTestResult executionId="e7c077df-a122-47ab-9efc-dd5ae2db5b34" testId="1eb96942-90b7-e230-1cfa-7966bc14fec4" testName="GetTokenResponseAsync_TokenHandlerDisposedBeforeCall_ObjectDisposedException" computerName="DKSR-EFI-06" duration="00:00:00.0060627" startTime="2024-01-09T15:41:36.5152749+01:00" endTime="2024-01-09T15:41:36.5217855+01:00" testType="13cdc9d9-ddb5-4fa4-a97d-d965ccfc6d4b" outcome="Passed" testListId="8c84fa94-04c1-424b-9868-57a2d4851a1d" relativeResultsDirectory="e7c077df-a122-47ab-9efc-dd5ae2db5b34" />
    <UnitTestResult executionId="1a5682c7-0974-4272-9d27-8085138e88d0" testId="bf3dc991-3368-6005-a716-c4582669d18a" testName="RegisterAuthorizationCodeClient_RedirectUrisIsNull_ThrowArgumentException" computerName="DKSR-EFI-06" duration="00:00:00.0009502" startTime="2024-01-09T15:41:38.8139372+01:00" endTime="2024-01-09T15:41:38.8150451+01:00" testType="13cdc9d9-ddb5-4fa4-a97d-d965ccfc6d4b" outcome="Passed" testListId="8c84fa94-04c1-424b-9868-57a2d4851a1d" relativeResultsDirectory="1a5682c7-0974-4272-9d27-8085138e88d0" />
    <UnitTestResult executionId="50627b83-9795-41cc-b7ca-774f0f67f145" testId="a844f451-0f87-c9e5-8ca9-902b45b90314" testName="HasValidScheme_UriIsHttp_ReturnsTrue" computerName="DKSR-EFI-06" duration="00:00:00.0001338" startTime="2024-01-09T15:41:38.9569048+01:00" endTime="2024-01-09T15:41:38.9571209+01:00" testType="13cdc9d9-ddb5-4fa4-a97d-d965ccfc6d4b" outcome="Passed" testListId="8c84fa94-04c1-424b-9868-57a2d4851a1d" relativeResultsDirectory="50627b83-9795-41cc-b7ca-774f0f67f145" />
    <UnitTestResult executionId="102841bc-6541-47b5-a3dd-3c0470be1e3f" testId="09372ef8-08d3-01fe-20c8-b7c4bfe94b6c" testName="Start_StopTimerCalled_Success" computerName="DKSR-EFI-06" duration="00:00:00.0033928" startTime="2024-01-09T15:41:38.9910433+01:00" endTime="2024-01-09T15:41:38.9946126+01:00" testType="13cdc9d9-ddb5-4fa4-a97d-d965ccfc6d4b" outcome="Passed" testListId="8c84fa94-04c1-424b-9868-57a2d4851a1d" relativeResultsDirectory="102841bc-6541-47b5-a3dd-3c0470be1e3f" />
    <UnitTestResult executionId="4232aa03-7c3b-4b69-a5bb-4b4f83491f8a" testId="ee1e7c2b-0cb3-69aa-1c3e-150a4187ed3e" testName="CreateException_InvalidCredentials_Is_ChangePasswordException" computerName="DKSR-EFI-06" duration="00:00:00.0001624" startTime="2024-01-09T15:41:39.2014784+01:00" endTime="2024-01-09T15:41:39.2017557+01:00" testType="13cdc9d9-ddb5-4fa4-a97d-d965ccfc6d4b" outcome="Passed" testListId="8c84fa94-04c1-424b-9868-57a2d4851a1d" relativeResultsDirectory="4232aa03-7c3b-4b69-a5bb-4b4f83491f8a" />
    <UnitTestResult executionId="2bd65564-1901-4682-a6d5-9ce2bc1e4911" testId="0e2095e5-7d8e-1183-e8f6-f216b8006a5b" testName="GetClaimValue_IdTokenRetrieved_ClaimThere_ReturnsClaimValue" computerName="DKSR-EFI-06" duration="00:00:00.0018506" startTime="2024-01-09T15:41:39.1249406+01:00" endTime="2024-01-09T15:41:39.1269475+01:00" testType="13cdc9d9-ddb5-4fa4-a97d-d965ccfc6d4b" outcome="Passed" testListId="8c84fa94-04c1-424b-9868-57a2d4851a1d" relativeResultsDirectory="2bd65564-1901-4682-a6d5-9ce2bc1e4911" />
    <UnitTestResult executionId="ffbbee29-0fd1-4bae-bf7a-f2b9d7e882cb" testId="730bef14-9053-6444-695c-2c9c89ef8f7a" testName="ValidateIdpServer_HttpsAddressInvalidPort_ShouldThrow" computerName="DKSR-EFI-06" startTime="2024-01-09T15:41:38.8659296+01:00" endTime="2024-01-09T15:41:38.8661329+01:00" testType="13cdc9d9-ddb5-4fa4-a97d-d965ccfc6d4b" outcome="NotExecuted" testListId="8c84fa94-04c1-424b-9868-57a2d4851a1d" relativeResultsDirectory="ffbbee29-0fd1-4bae-bf7a-f2b9d7e882cb">
      <Output></Output>
    </UnitTestResult>
    <UnitTestResult executionId="f4ba805e-77c4-427f-ae8e-b3019d1bc753" testId="80b98953-0430-0651-0920-d07f5f37c65f" testName="RegisterClient_ResponseHasSuccessfulStatusCode_ModelWithSecretIsReturned" computerName="DKSR-EFI-06" duration="00:00:00.0049288" startTime="2024-01-09T15:41:38.7721603+01:00" endTime="2024-01-09T15:41:38.7772797+01:00" testType="13cdc9d9-ddb5-4fa4-a97d-d965ccfc6d4b" outcome="Passed" testListId="8c84fa94-04c1-424b-9868-57a2d4851a1d" relativeResultsDirectory="f4ba805e-77c4-427f-ae8e-b3019d1bc753" />
    <UnitTestResult executionId="f1867c0c-e503-418b-858b-dae474c18476" testId="355371bd-45fe-c229-5034-898ad04eb1dc" testName="GetTokenResponseAsync_HttpStatusIsNotOk_IdpExceptionIsThrown (VideoOS.IdentityServer.Common.Exceptions.InternalServerErrorException,InternalServerError)" computerName="DKSR-EFI-06" duration="00:00:00.0015097" startTime="2024-01-09T15:41:36.5021882+01:00" endTime="2024-01-09T15:41:36.5146830+01:00" testType="13cdc9d9-ddb5-4fa4-a97d-d965ccfc6d4b" outcome="Passed" testListId="8c84fa94-04c1-424b-9868-57a2d4851a1d" relativeResultsDirectory="f1867c0c-e503-418b-858b-dae474c18476" />
    <UnitTestResult executionId="b296c653-10dd-417f-a69d-d3c9fd23684c" testId="02022d21-40cd-3c83-07fb-845b28c8719d" testName="Construct_WithHttpError_ResponseWithStatusCode" computerName="DKSR-EFI-06" duration="00:00:00.0013049" startTime="2024-01-09T15:41:38.6768358+01:00" endTime="2024-01-09T15:41:38.6782931+01:00" testType="13cdc9d9-ddb5-4fa4-a97d-d965ccfc6d4b" outcome="Passed" testListId="8c84fa94-04c1-424b-9868-57a2d4851a1d" relativeResultsDirectory="b296c653-10dd-417f-a69d-d3c9fd23684c" />
    <UnitTestResult executionId="c7649fbf-ee0f-4f8f-a6c4-978058c77ad9" testId="e1a7c90b-842f-6747-d414-96d35e63ecce" testName="RegisterAuthorizationCodeClientWithToken_RedirectUrisIsEmpty_ThrowArgumentException" computerName="DKSR-EFI-06" duration="00:00:00.0011757" startTime="2024-01-09T15:41:38.8017476+01:00" endTime="2024-01-09T15:41:38.8031028+01:00" testType="13cdc9d9-ddb5-4fa4-a97d-d965ccfc6d4b" outcome="Passed" testListId="8c84fa94-04c1-424b-9868-57a2d4851a1d" relativeResultsDirectory="c7649fbf-ee0f-4f8f-a6c4-978058c77ad9" />
    <UnitTestResult executionId="47dd3b2d-bbf9-4a9a-8df9-30339c1ed05a" testId="44cd508c-9285-845c-4b2e-fe943114c39c" testName="Constructor_EmptyAccessToken_ThrowsArgumentNullException" computerName="DKSR-EFI-06" duration="00:00:00.0003437" startTime="2024-01-09T15:41:38.9358342+01:00" endTime="2024-01-09T15:41:38.9363425+01:00" testType="13cdc9d9-ddb5-4fa4-a97d-d965ccfc6d4b" outcome="Passed" testListId="8c84fa94-04c1-424b-9868-57a2d4851a1d" relativeResultsDirectory="47dd3b2d-bbf9-4a9a-8df9-30339c1ed05a" />
    <UnitTestResult executionId="56b1fa3d-04e8-4ce9-ba63-54e5e8077bec" testId="d5b3be23-e24d-3907-6e80-ddd593570613" testName="Construct_InvalidParam_ClientId_Null_Throws_ArgumentNullException" computerName="DKSR-EFI-06" duration="00:00:00.0003918" startTime="2024-01-09T15:41:39.0695223+01:00" endTime="2024-01-09T15:41:39.0700791+01:00" testType="13cdc9d9-ddb5-4fa4-a97d-d965ccfc6d4b" outcome="Passed" testListId="8c84fa94-04c1-424b-9868-57a2d4851a1d" relativeResultsDirectory="56b1fa3d-04e8-4ce9-ba63-54e5e8077bec" />
    <UnitTestResult executionId="f7f7975c-1f46-490c-83a3-566f0a7e8942" testId="42983783-3215-fc3e-ee2e-8a8fdf441e84" testName="Configure_SetClientSecret_Correctly" computerName="DKSR-EFI-06" duration="00:00:00.0531611" startTime="2024-01-09T15:41:39.1376838+01:00" endTime="2024-01-09T15:41:39.1911241+01:00" testType="13cdc9d9-ddb5-4fa4-a97d-d965ccfc6d4b" outcome="Passed" testListId="8c84fa94-04c1-424b-9868-57a2d4851a1d" relativeResultsDirectory="f7f7975c-1f46-490c-83a3-566f0a7e8942" />
    <UnitTestResult executionId="2d5f9e1b-f9f6-4792-971e-66a041a8a66b" testId="9a74f111-730b-48ac-793d-eafd4afb012a" testName="RegisterAuthorizationCodeClient_ClientIdIsNull_ThrowArgumentException" computerName="DKSR-EFI-06" duration="00:00:00.0024573" startTime="2024-01-09T15:41:38.8091736+01:00" endTime="2024-01-09T15:41:38.8118019+01:00" testType="13cdc9d9-ddb5-4fa4-a97d-d965ccfc6d4b" outcome="Passed" testListId="8c84fa94-04c1-424b-9868-57a2d4851a1d" relativeResultsDirectory="2d5f9e1b-f9f6-4792-971e-66a041a8a66b" />
    <UnitTestResult executionId="4cfd9a37-80c6-454f-8770-20a7c94d13f6" testId="0c73a1ad-6206-0874-edea-ce6d1ddf48e7" testName="Start_TimeToTokenExpireOver5min_ReturnsCachedToken" computerName="DKSR-EFI-06" duration="00:00:00.0021806" startTime="2024-01-09T15:41:39.1004859+01:00" endTime="2024-01-09T15:41:39.1028523+01:00" testType="13cdc9d9-ddb5-4fa4-a97d-d965ccfc6d4b" outcome="Passed" testListId="8c84fa94-04c1-424b-9868-57a2d4851a1d" relativeResultsDirectory="4cfd9a37-80c6-454f-8770-20a7c94d13f6" />
    <UnitTestResult executionId="3f0aab95-c564-4a76-a51d-09f3b769bb0b" testId="92550fd5-a5b3-6c37-05cc-685664f25370" testName="IsTokenExpired_TokenExpiration_ExpiredReturnTrueNotExpiredReturnFalse (1,False)" computerName="DKSR-EFI-06" duration="00:00:00.0020942" startTime="2024-01-09T15:41:39.0390038+01:00" endTime="2024-01-09T15:41:39.0446538+01:00" testType="13cdc9d9-ddb5-4fa4-a97d-d965ccfc6d4b" outcome="Passed" testListId="8c84fa94-04c1-424b-9868-57a2d4851a1d" relativeResultsDirectory="3f0aab95-c564-4a76-a51d-09f3b769bb0b" />
    <UnitTestResult executionId="102c9996-35e5-4317-8455-2eab14cbcb38" testId="78041a23-7bf7-db78-694f-dcf00358b174" testName="HandleException_IdentityServerTokenException_ReturnsTrue" computerName="DKSR-EFI-06" duration="00:00:00.0002186" startTime="2024-01-09T15:41:38.9431896+01:00" endTime="2024-01-09T15:41:38.9435175+01:00" testType="13cdc9d9-ddb5-4fa4-a97d-d965ccfc6d4b" outcome="Passed" testListId="8c84fa94-04c1-424b-9868-57a2d4851a1d" relativeResultsDirectory="102c9996-35e5-4317-8455-2eab14cbcb38" />
    <UnitTestResult executionId="b8e77034-6ac6-48e0-b41a-5059bae0c5a9" testId="2f5d977d-1e91-46c0-f08f-cb953748d3bb" testName="Constructor_NullIdToken_ThrowsArgumentNullException" computerName="DKSR-EFI-06" duration="00:00:00.0003474" startTime="2024-01-09T15:41:38.9328466+01:00" endTime="2024-01-09T15:41:38.9333486+01:00" testType="13cdc9d9-ddb5-4fa4-a97d-d965ccfc6d4b" outcome="Passed" testListId="8c84fa94-04c1-424b-9868-57a2d4851a1d" relativeResultsDirectory="b8e77034-6ac6-48e0-b41a-5059bae0c5a9" />
    <UnitTestResult executionId="3f14907b-ba11-4d0a-a9fd-51c6ac62cc85" testId="45e382ab-a2e7-81c4-c83f-6e836a16f442" testName="Start_TimeToTokenExpireOver5min_NewStart_TokenCacheUpdated" computerName="DKSR-EFI-06" duration="00:00:00.0035790" startTime="2024-01-09T15:41:39.0252927+01:00" endTime="2024-01-09T15:41:39.0290940+01:00" testType="13cdc9d9-ddb5-4fa4-a97d-d965ccfc6d4b" outcome="Passed" testListId="8c84fa94-04c1-424b-9868-57a2d4851a1d" relativeResultsDirectory="3f14907b-ba11-4d0a-a9fd-51c6ac62cc85" />
    <UnitTestResult executionId="83abbb2c-48eb-471c-a320-59b0f4dd2af1" testId="063fc5d6-7093-4898-586d-f7c91da3d90a" testName="VerifyEndpointSupportsSsl_InvalidParam_RelativeUri_ValidTimeout_Throws_ArgumentException" computerName="DKSR-EFI-06" duration="00:00:00.0003895" startTime="2024-01-09T15:41:38.8855125+01:00" endTime="2024-01-09T15:41:38.8860661+01:00" testType="13cdc9d9-ddb5-4fa4-a97d-d965ccfc6d4b" outcome="Passed" testListId="8c84fa94-04c1-424b-9868-57a2d4851a1d" relativeResultsDirectory="83abbb2c-48eb-471c-a320-59b0f4dd2af1" />
    <UnitTestResult executionId="6873c303-ef7c-4da3-abf7-0067277227e8" testId="9e0b7fff-6087-8103-bf4a-c343b2ddff7d" testName="GetClaimValue_IdTokenRetrieved_ClaimNotThere_ReturnsNull" computerName="DKSR-EFI-06" duration="00:00:00.0022617" startTime="2024-01-09T15:41:39.1219445+01:00" endTime="2024-01-09T15:41:39.1243616+01:00" testType="13cdc9d9-ddb5-4fa4-a97d-d965ccfc6d4b" outcome="Passed" testListId="8c84fa94-04c1-424b-9868-57a2d4851a1d" relativeResultsDirectory="6873c303-ef7c-4da3-abf7-0067277227e8" />
    <UnitTestResult executionId="67dc0610-52f8-4c03-bb89-f7fc255c237c" testId="2f309615-d38e-60ef-2c2d-0b95ad0a2a62" testName="ValidateToken_MetaDataLoadDelay_MetadataLoadDelayed" computerName="DKSR-EFI-06" duration="00:00:00.0123519" startTime="2024-01-09T15:41:36.6448929+01:00" endTime="2024-01-09T15:41:36.6574001+01:00" testType="13cdc9d9-ddb5-4fa4-a97d-d965ccfc6d4b" outcome="Passed" testListId="8c84fa94-04c1-424b-9868-57a2d4851a1d" relativeResultsDirectory="67dc0610-52f8-4c03-bb89-f7fc255c237c" />
    <UnitTestResult executionId="f20bd304-ae97-4e89-9afe-a208c689234c" testId="27aea1a6-1e4c-b203-2089-de14d612090c" testName="Constructor_EmptyProvider_ThrowsArgumentNullException" computerName="DKSR-EFI-06" duration="00:00:00.0003938" startTime="2024-01-09T15:41:36.5657005+01:00" endTime="2024-01-09T15:41:36.5662381+01:00" testType="13cdc9d9-ddb5-4fa4-a97d-d965ccfc6d4b" outcome="Passed" testListId="8c84fa94-04c1-424b-9868-57a2d4851a1d" relativeResultsDirectory="f20bd304-ae97-4e89-9afe-a208c689234c" />
    <UnitTestResult executionId="91851dce-2c43-4b46-9d34-4e3991edba93" testId="f15d1485-b568-93f4-d5a1-108ce37ed532" testName="GetTokenResponseAsync_HttpStatusIsNotOk_IdpExceptionIsThrown (VideoOS.IdentityServer.Common.Exceptions.InternalServerErrorException)" computerName="DKSR-EFI-06" duration="00:00:00.0013312" startTime="2024-01-09T15:41:36.5791330+01:00" endTime="2024-01-09T15:41:36.5846739+01:00" testType="13cdc9d9-ddb5-4fa4-a97d-d965ccfc6d4b" outcome="Passed" testListId="8c84fa94-04c1-424b-9868-57a2d4851a1d" relativeResultsDirectory="91851dce-2c43-4b46-9d34-4e3991edba93" />
    <UnitTestResult executionId="0b569c7a-373b-4ddc-89a2-378262236093" testId="3dcddc47-428b-8273-354a-bd306914fecf" testName="BasicOpenAuthenticationHeaderValue_Constructor_Success_SpaceInUserName" computerName="DKSR-EFI-06" duration="00:00:00.0002066" startTime="2024-01-09T15:41:38.5242580+01:00" endTime="2024-01-09T15:41:38.5245879+01:00" testType="13cdc9d9-ddb5-4fa4-a97d-d965ccfc6d4b" outcome="Passed" testListId="8c84fa94-04c1-424b-9868-57a2d4851a1d" relativeResultsDirectory="0b569c7a-373b-4ddc-89a2-378262236093" />
    <UnitTestResult executionId="71780164-f33c-4eaa-beff-f7381030c850" testId="160926a9-6be8-e16e-5ee4-6d69f6901085" testName="HandleException_WebException_Status_ConnectionClosed_ReturnsTrue" computerName="DKSR-EFI-06" duration="00:00:00.0001863" startTime="2024-01-09T15:41:38.9490239+01:00" endTime="2024-01-09T15:41:38.9493408+01:00" testType="13cdc9d9-ddb5-4fa4-a97d-d965ccfc6d4b" outcome="Passed" testListId="8c84fa94-04c1-424b-9868-57a2d4851a1d" relativeResultsDirectory="71780164-f33c-4eaa-beff-f7381030c850" />
    <UnitTestResult executionId="fb7c9161-632e-4ca8-b6d7-7385236381ae" testId="fcaeabd6-201c-a809-f13b-51e8e57f8ab1" testName="ValidateIdpServer_InvalidSslConfiguration_ShouldThrow" computerName="DKSR-EFI-06" startTime="2024-01-09T15:41:38.8605616+01:00" endTime="2024-01-09T15:41:38.8606923+01:00" testType="13cdc9d9-ddb5-4fa4-a97d-d965ccfc6d4b" outcome="NotExecuted" testListId="8c84fa94-04c1-424b-9868-57a2d4851a1d" relativeResultsDirectory="fb7c9161-632e-4ca8-b6d7-7385236381ae">
      <Output></Output>
    </UnitTestResult>
    <UnitTestResult executionId="e9f62f61-a0cd-43ad-9978-0acf610794cc" testId="94cf9b96-4bb3-ba5f-0704-49b8fc9a4cf0" testName="HandleException_InnerException_WebException_Status_ProtocolError_ReturnsFalse" computerName="DKSR-EFI-06" duration="00:00:00.0002623" startTime="2024-01-09T15:41:38.9481376+01:00" endTime="2024-01-09T15:41:38.9485594+01:00" testType="13cdc9d9-ddb5-4fa4-a97d-d965ccfc6d4b" outcome="Passed" testListId="8c84fa94-04c1-424b-9868-57a2d4851a1d" relativeResultsDirectory="e9f62f61-a0cd-43ad-9978-0acf610794cc" />
    <UnitTestResult executionId="7fd58ab8-0c64-4122-9b02-2c90ecc21ae2" testId="1620f4f3-fa43-753e-a977-2bf07d76d45d" testName="HasValidScheme_UriIsMailTo_ReturnsTrue" computerName="DKSR-EFI-06" duration="00:00:00.0001502" startTime="2024-01-09T15:41:38.9601058+01:00" endTime="2024-01-09T15:41:38.9603400+01:00" testType="13cdc9d9-ddb5-4fa4-a97d-d965ccfc6d4b" outcome="Passed" testListId="8c84fa94-04c1-424b-9868-57a2d4851a1d" relativeResultsDirectory="7fd58ab8-0c64-4122-9b02-2c90ecc21ae2" />
    <UnitTestResult executionId="cdd61d95-ba15-4209-828b-150314e4c7e4" testId="cac73a53-b4ae-6c1b-3bae-7a153785b4c5" testName="GetAsync_CallCancelled_OperationCanceledException" computerName="DKSR-EFI-06" duration="00:00:00.0028228" startTime="2024-01-09T15:41:38.7392238+01:00" endTime="2024-01-09T15:41:38.7422275+01:00" testType="13cdc9d9-ddb5-4fa4-a97d-d965ccfc6d4b" outcome="Passed" testListId="8c84fa94-04c1-424b-9868-57a2d4851a1d" relativeResultsDirectory="cdd61d95-ba15-4209-828b-150314e4c7e4" />
    <UnitTestResult executionId="1fb3c96f-fc44-4f8e-93ea-7b2d6e23ddd5" testId="deca3051-566c-ab49-e061-aefe5abff9fe" testName="CreateException_ArgumentsNotResolved_Is_BadArgumentsException" computerName="DKSR-EFI-06" duration="00:00:00.0002577" startTime="2024-01-09T15:41:39.2179767+01:00" endTime="2024-01-09T15:41:39.2183488+01:00" testType="13cdc9d9-ddb5-4fa4-a97d-d965ccfc6d4b" outcome="Passed" testListId="8c84fa94-04c1-424b-9868-57a2d4851a1d" relativeResultsDirectory="1fb3c96f-fc44-4f8e-93ea-7b2d6e23ddd5" />
    <UnitTestResult executionId="985adc1b-16a8-4645-9dc1-57e01be6eb75" testId="4dc452ef-89de-ef92-35ba-5de565a80983" testName="IdpTokenClient_NullCredentials_HttpClientConfiguredToUseDefualtCredentials" computerName="DKSR-EFI-06" duration="00:00:00.0077895" startTime="2024-01-09T15:41:38.8381086+01:00" endTime="2024-01-09T15:41:38.8460572+01:00" testType="13cdc9d9-ddb5-4fa4-a97d-d965ccfc6d4b" outcome="Passed" testListId="8c84fa94-04c1-424b-9868-57a2d4851a1d" relativeResultsDirectory="985adc1b-16a8-4645-9dc1-57e01be6eb75" />
    <UnitTestResult executionId="2852a6d7-eb02-46fa-82c1-020875eefb51" testId="5401d072-9045-3f20-e5b8-85e624c8ae31" testName="CreateException_500_Is_UnauthorizedException" computerName="DKSR-EFI-06" duration="00:00:00.0001616" startTime="2024-01-09T15:41:39.2007909+01:00" endTime="2024-01-09T15:41:39.2010657+01:00" testType="13cdc9d9-ddb5-4fa4-a97d-d965ccfc6d4b" outcome="Passed" testListId="8c84fa94-04c1-424b-9868-57a2d4851a1d" relativeResultsDirectory="2852a6d7-eb02-46fa-82c1-020875eefb51" />
    <UnitTestResult executionId="7ab68ff8-cc02-41d4-8ad0-8e777a6bf544" testId="cb3d0d63-a156-b025-1c90-4a3dc7841ffd" testName="RegisterAuthorizationCodeClientWithToken_ResponseHasSuccessfulStatusCode_CorrectRequestUriIsPassedWithoutSecret" computerName="DKSR-EFI-06" duration="00:00:00.0049870" startTime="2024-01-09T15:41:38.8035254+01:00" endTime="2024-01-09T15:41:38.8086740+01:00" testType="13cdc9d9-ddb5-4fa4-a97d-d965ccfc6d4b" outcome="Passed" testListId="8c84fa94-04c1-424b-9868-57a2d4851a1d" relativeResultsDirectory="7ab68ff8-cc02-41d4-8ad0-8e777a6bf544" />
    <UnitTestResult executionId="0798b1e5-cc08-4f02-9076-a6998667874b" testId="3dc13ed3-005d-7721-2c63-eb85486517c8" testName="GetAsync_ErrorTypeAggregateException_ExceptionMessageFromInner" computerName="DKSR-EFI-06" duration="00:00:00.0019361" startTime="2024-01-09T15:41:38.7160159+01:00" endTime="2024-01-09T15:41:38.7181265+01:00" testType="13cdc9d9-ddb5-4fa4-a97d-d965ccfc6d4b" outcome="Passed" testListId="8c84fa94-04c1-424b-9868-57a2d4851a1d" relativeResultsDirectory="0798b1e5-cc08-4f02-9076-a6998667874b" />
    <UnitTestResult executionId="f0b4811f-5954-40b0-a427-9c769fc4fe4c" testId="abd81a1c-e3b4-bebe-d21f-4ca159588c70" testName="ResourceOwnerAuthenticationAsync_StatusCodeOk_TokenResponseWithTokenIsReturned" computerName="DKSR-EFI-06" duration="00:00:00.0033092" startTime="2024-01-09T15:41:38.8341569+01:00" endTime="2024-01-09T15:41:38.8376185+01:00" testType="13cdc9d9-ddb5-4fa4-a97d-d965ccfc6d4b" outcome="Passed" testListId="8c84fa94-04c1-424b-9868-57a2d4851a1d" relativeResultsDirectory="f0b4811f-5954-40b0-a427-9c769fc4fe4c" />
    <UnitTestResult executionId="c7722ece-99dd-4dfe-bc99-4be10de95943" testId="22db2a0a-aa8a-2a11-0ea7-22ee10a4b12c" testName="GetTokenResponseAsync_TokenResponseIsOk_TokenResponseIsReturned" computerName="DKSR-EFI-06" duration="00:00:00.0048178" startTime="2024-01-09T15:41:36.5935026+01:00" endTime="2024-01-09T15:41:36.5984537+01:00" testType="13cdc9d9-ddb5-4fa4-a97d-d965ccfc6d4b" outcome="Passed" testListId="8c84fa94-04c1-424b-9868-57a2d4851a1d" relativeResultsDirectory="c7722ece-99dd-4dfe-bc99-4be10de95943" />
    <UnitTestResult executionId="d805f8e8-fc9f-4997-8bd4-0086df71e67e" testId="df98ebf9-08c0-e892-4032-ff03288ed21d" testName="ValidateToken_RefreshIntervalReached_NewConfigRetrieved" computerName="DKSR-EFI-06" duration="00:00:00.2955460" startTime="2024-01-09T15:41:37.8785708+01:00" endTime="2024-01-09T15:41:38.1743878+01:00" testType="13cdc9d9-ddb5-4fa4-a97d-d965ccfc6d4b" outcome="Passed" testListId="8c84fa94-04c1-424b-9868-57a2d4851a1d" relativeResultsDirectory="d805f8e8-fc9f-4997-8bd4-0086df71e67e" />
    <UnitTestResult executionId="9a4b92ea-374d-4b8d-b610-461d40d10c0e" testId="0ae882bf-7b3d-9ae3-2fd3-8f4782af29c4" testName="CreateException_DuplicateEmail_Is_EmailAlreadyExistsException" computerName="DKSR-EFI-06" duration="00:00:00.0002725" startTime="2024-01-09T15:41:39.2090812+01:00" endTime="2024-01-09T15:41:39.2094712+01:00" testType="13cdc9d9-ddb5-4fa4-a97d-d965ccfc6d4b" outcome="Passed" testListId="8c84fa94-04c1-424b-9868-57a2d4851a1d" relativeResultsDirectory="9a4b92ea-374d-4b8d-b610-461d40d10c0e" />
    <UnitTestResult executionId="fb299aea-750a-4c66-af61-8923506b3563" testId="6dc7da62-c15b-7e96-f1c6-3eedd5697243" testName="GetAsync_UriInputIsNull_ThrowArgumentNullException" computerName="DKSR-EFI-06" duration="00:00:00.0010393" startTime="2024-01-09T15:41:38.6807970+01:00" endTime="2024-01-09T15:41:38.6821314+01:00" testType="13cdc9d9-ddb5-4fa4-a97d-d965ccfc6d4b" outcome="Passed" testListId="8c84fa94-04c1-424b-9868-57a2d4851a1d" relativeResultsDirectory="fb299aea-750a-4c66-af61-8923506b3563" />
    <UnitTestResult executionId="337ceb28-80bd-435c-bc8a-308178891389" testId="1b2a48cb-3076-b35a-c216-de57ac818d9a" testName="HasValidScheme_UriIsGopher_ReturnsTrue" computerName="DKSR-EFI-06" duration="00:00:00.0001334" startTime="2024-01-09T15:41:38.9595268+01:00" endTime="2024-01-09T15:41:38.9597393+01:00" testType="13cdc9d9-ddb5-4fa4-a97d-d965ccfc6d4b" outcome="Passed" testListId="8c84fa94-04c1-424b-9868-57a2d4851a1d" relativeResultsDirectory="337ceb28-80bd-435c-bc8a-308178891389" />
    <UnitTestResult executionId="9cfb28a6-d045-4642-a134-3187527bf7bc" testId="9ef64bea-8c17-ab0b-0aa2-a889a448670e" testName="ValidateIdpServer_WorkingHttpAddress_ShouldSuccess" computerName="DKSR-EFI-06" startTime="2024-01-09T15:41:38.8591783+01:00" endTime="2024-01-09T15:41:38.8599919+01:00" testType="13cdc9d9-ddb5-4fa4-a97d-d965ccfc6d4b" outcome="NotExecuted" testListId="8c84fa94-04c1-424b-9868-57a2d4851a1d" relativeResultsDirectory="9cfb28a6-d045-4642-a134-3187527bf7bc">
      <Output></Output>
    </UnitTestResult>
    <UnitTestResult executionId="cd893ffc-bdb0-4487-abc5-b466b8f7a329" testId="9c36fd41-e765-81f6-df8e-f462ee2c6552" testName="Ctor_AudiencesIsNull_ThrowsArgumentNullException" computerName="DKSR-EFI-06" duration="00:00:00.0003543" startTime="2024-01-09T15:41:38.1823152+01:00" endTime="2024-01-09T15:41:38.1828271+01:00" testType="13cdc9d9-ddb5-4fa4-a97d-d965ccfc6d4b" outcome="Passed" testListId="8c84fa94-04c1-424b-9868-57a2d4851a1d" relativeResultsDirectory="cd893ffc-bdb0-4487-abc5-b466b8f7a329" />
    <UnitTestResult executionId="a56c9131-8a7f-4968-8e22-ab5a82dfb8e7" testId="f872f45e-56c6-8ff1-732b-a4f3744612ec" testName="GetAsync_ErrorTypeHttp_DiscoveryResponseIsError" computerName="DKSR-EFI-06" duration="00:00:00.0280236" startTime="2024-01-09T15:41:38.6825897+01:00" endTime="2024-01-09T15:41:38.7108046+01:00" testType="13cdc9d9-ddb5-4fa4-a97d-d965ccfc6d4b" outcome="Passed" testListId="8c84fa94-04c1-424b-9868-57a2d4851a1d" relativeResultsDirectory="a56c9131-8a7f-4968-8e22-ab5a82dfb8e7" />
    <UnitTestResult executionId="db5a1073-abd1-4b43-bcae-f20b24b1f72a" testId="c2c2904c-f56a-3663-d545-f06d0f3baf88" testName="Construct_SpecifySingleGrantType_Success" computerName="DKSR-EFI-06" duration="00:00:00.0003006" startTime="2024-01-09T15:41:39.0752697+01:00" endTime="2024-01-09T15:41:39.0756907+01:00" testType="13cdc9d9-ddb5-4fa4-a97d-d965ccfc6d4b" outcome="Passed" testListId="8c84fa94-04c1-424b-9868-57a2d4851a1d" relativeResultsDirectory="db5a1073-abd1-4b43-bcae-f20b24b1f72a" />
    <UnitTestResult executionId="3d8cdbd6-eb78-495a-9675-95d35ab25e18" testId="4df62476-7918-8981-230a-1c8bcba97842" testName="UserAndDomainName_ThrowsNotSupportedException" computerName="DKSR-EFI-06" duration="00:00:00.0017889" startTime="2024-01-09T15:41:39.1352555+01:00" endTime="2024-01-09T15:41:39.1372388+01:00" testType="13cdc9d9-ddb5-4fa4-a97d-d965ccfc6d4b" outcome="Passed" testListId="8c84fa94-04c1-424b-9868-57a2d4851a1d" relativeResultsDirectory="3d8cdbd6-eb78-495a-9675-95d35ab25e18" />
    <UnitTestResult executionId="c3eb2079-596a-408d-a6ce-1df6c755a450" testId="bc6f6cb5-f7c9-e3db-d707-a236ceb509b9" testName="Construct_WithUri_IsErrorFalse" computerName="DKSR-EFI-06" duration="00:00:00.1492496" startTime="2024-01-09T15:41:38.5250043+01:00" endTime="2024-01-09T15:41:38.6745469+01:00" testType="13cdc9d9-ddb5-4fa4-a97d-d965ccfc6d4b" outcome="Passed" testListId="8c84fa94-04c1-424b-9868-57a2d4851a1d" relativeResultsDirectory="c3eb2079-596a-408d-a6ce-1df6c755a450" />
    <UnitTestResult executionId="0e130bfb-a2d1-46a9-9a4c-a590c69b4d08" testId="cb7249c8-dcf7-5d04-d8a1-9ce11225ac6e" testName="CreateException_PasswordRequiresNonAlphanumeric_Is_PasswordNotComplexEnoughException" computerName="DKSR-EFI-06" duration="00:00:00.0001962" startTime="2024-01-09T15:41:39.2130526+01:00" endTime="2024-01-09T15:41:39.2133619+01:00" testType="13cdc9d9-ddb5-4fa4-a97d-d965ccfc6d4b" outcome="Passed" testListId="8c84fa94-04c1-424b-9868-57a2d4851a1d" relativeResultsDirectory="0e130bfb-a2d1-46a9-9a4c-a590c69b4d08" />
    <UnitTestResult executionId="e3c219cf-b1c2-412a-8b4a-8fcbc507fc44" testId="9aba6afc-33b4-b3ea-f2ba-94221cb99165" testName="Constructor_NullProvider_ThrowsArgumentNullException" computerName="DKSR-EFI-06" duration="00:00:00.0004224" startTime="2024-01-09T15:41:36.5645652+01:00" endTime="2024-01-09T15:41:36.5651487+01:00" testType="13cdc9d9-ddb5-4fa4-a97d-d965ccfc6d4b" outcome="Passed" testListId="8c84fa94-04c1-424b-9868-57a2d4851a1d" relativeResultsDirectory="e3c219cf-b1c2-412a-8b4a-8fcbc507fc44" />
    <UnitTestResult executionId="210f75a2-e164-4f9f-b7f6-ef6b67050065" testId="5fc9fa5a-5fe3-b72e-18ec-1d655d4e8290" testName="CreateException_401_Is_UnauthorizedException" computerName="DKSR-EFI-06" duration="00:00:00.0002522" startTime="2024-01-09T15:41:39.1958562+01:00" endTime="2024-01-09T15:41:39.1962278+01:00" testType="13cdc9d9-ddb5-4fa4-a97d-d965ccfc6d4b" outcome="Passed" testListId="8c84fa94-04c1-424b-9868-57a2d4851a1d" relativeResultsDirectory="210f75a2-e164-4f9f-b7f6-ef6b67050065" />
  </Results>
  <TestDefinitions>
    <UnitTest name="CreateException_404_Is_NotFoundException" storage="d:\actions-runner\_work\xpco\xpco\allsolutions\..\common\videoos.identityserver.common\videoos.identityserver.common.unittests\bin\debug\net6.0-windows\videoos.identityserver.common.unittests.dll" id="3c121194-5cce-c4ca-1fab-08ec04d15250">
      <Execution id="f3097339-b26a-4604-a53e-ad16f3e23550" />
      <TestMethod codeBase="D:\actions-runner\_work\XPCO\XPCO\AllSolutions\..\Common\VideoOS.IdentityServer.Common\VideoOS.IdentityServer.Common.UnitTests\bin\Debug\net6.0-windows\VideoOS.IdentityServer.Common.UnitTests.dll" adapterTypeName="executor://mstestadapter/v2" className="VideoOS.IdentityServer.Common.UnitTests.Exceptions.IdpExceptionFactoryTests" name="CreateException_404_Is_NotFoundException" />
    </UnitTest>
    <UnitTest name="RefreshToken_StartIsNotCalled_RefreshTokenCallsStart" storage="d:\actions-runner\_work\xpco\xpco\allsolutions\..\common\videoos.identityserver.common\videoos.identityserver.common.unittests\bin\debug\net6.0-windows\videoos.identityserver.common.unittests.dll" id="62ab3ade-1e62-63bc-67fe-f16a91fdcb03">
      <Execution id="4bb093d2-4247-45bf-ad49-4aa2fcf5e81f" />
      <TestMethod codeBase="D:\actions-runner\_work\XPCO\XPCO\AllSolutions\..\Common\VideoOS.IdentityServer.Common\VideoOS.IdentityServer.Common.UnitTests\bin\Debug\net6.0-windows\VideoOS.IdentityServer.Common.UnitTests.dll" adapterTypeName="executor://mstestadapter/v2" className="VideoOS.IdentityServer.Common.UnitTests.Handlers.TokenCacheTests" name="RefreshToken_StartIsNotCalled_RefreshTokenCallsStart" />
    </UnitTest>
    <UnitTest name="RegisterClient_ClientIdIsNull_ThrowArgumentException" storage="d:\actions-runner\_work\xpco\xpco\allsolutions\..\common\videoos.identityserver.common\videoos.identityserver.common.unittests\bin\debug\net6.0-windows\videoos.identityserver.common.unittests.dll" id="40fe9f87-53fc-abc6-c420-fc69d725d508">
      <Execution id="6d68f24b-7daf-49e6-b0b1-4f889d6655f1" />
      <TestMethod codeBase="D:\actions-runner\_work\XPCO\XPCO\AllSolutions\..\Common\VideoOS.IdentityServer.Common\VideoOS.IdentityServer.Common.UnitTests\bin\Debug\net6.0-windows\VideoOS.IdentityServer.Common.UnitTests.dll" adapterTypeName="executor://mstestadapter/v2" className="VideoOS.IdentityServer.Common.UnitTests.IdpRegistrationClientTests" name="RegisterClient_ClientIdIsNull_ThrowArgumentException" />
    </UnitTest>
    <UnitTest name="HasValidScheme_UriIsNews_ReturnsTrue" storage="d:\actions-runner\_work\xpco\xpco\allsolutions\..\common\videoos.identityserver.common\videoos.identityserver.common.unittests\bin\debug\net6.0-windows\videoos.identityserver.common.unittests.dll" id="ca7d5be2-14df-0b62-6b71-5f58bc8ff588">
      <Execution id="1d169a8a-3400-40c6-8799-63a07b2c985f" />
      <TestMethod codeBase="D:\actions-runner\_work\XPCO\XPCO\AllSolutions\..\Common\VideoOS.IdentityServer.Common\VideoOS.IdentityServer.Common.UnitTests\bin\Debug\net6.0-windows\VideoOS.IdentityServer.Common.UnitTests.dll" adapterTypeName="executor://mstestadapter/v2" className="VideoOS.IdentityServer.Common.UnitTests.Utilities.ServerValidation.UriExtenderTests" name="HasValidScheme_UriIsNews_ReturnsTrue" />
    </UnitTest>
    <UnitTest name="HasValidScheme_UriIsNntp_ReturnsTrue" storage="d:\actions-runner\_work\xpco\xpco\allsolutions\..\common\videoos.identityserver.common\videoos.identityserver.common.unittests\bin\debug\net6.0-windows\videoos.identityserver.common.unittests.dll" id="37cca059-17dd-1ce4-7f7a-261dd96b9c03">
      <Execution id="9177f9c3-ce1e-4983-96dc-f3f2025b141a" />
      <TestMethod codeBase="D:\actions-runner\_work\XPCO\XPCO\AllSolutions\..\Common\VideoOS.IdentityServer.Common\VideoOS.IdentityServer.Common.UnitTests\bin\Debug\net6.0-windows\VideoOS.IdentityServer.Common.UnitTests.dll" adapterTypeName="executor://mstestadapter/v2" className="VideoOS.IdentityServer.Common.UnitTests.Utilities.ServerValidation.UriExtenderTests" name="HasValidScheme_UriIsNntp_ReturnsTrue" />
    </UnitTest>
    <UnitTest name="IdpTokenClient_DefaultNetworksCredentialsAsCredentials_HttpClientConfiguredToUseDefualtCredentials" storage="d:\actions-runner\_work\xpco\xpco\allsolutions\..\common\videoos.identityserver.common\videoos.identityserver.common.unittests\bin\debug\net6.0-windows\videoos.identityserver.common.unittests.dll" id="4d922aac-d29d-5603-d614-ad2e17cb5ae6">
      <Execution id="4bdb1c38-5590-4ba9-a7d8-a8be0fb430a6" />
      <TestMethod codeBase="D:\actions-runner\_work\XPCO\XPCO\AllSolutions\..\Common\VideoOS.IdentityServer.Common\VideoOS.IdentityServer.Common.UnitTests\bin\Debug\net6.0-windows\VideoOS.IdentityServer.Common.UnitTests.dll" adapterTypeName="executor://mstestadapter/v2" className="VideoOS.IdentityServer.Common.UnitTests.IdpTokenClientTests" name="IdpTokenClient_DefaultNetworksCredentialsAsCredentials_HttpClientConfiguredToUseDefualtCredentials" />
    </UnitTest>
    <UnitTest name="CreateException_NotAllowed_Is_NotAllowedException" storage="d:\actions-runner\_work\xpco\xpco\allsolutions\..\common\videoos.identityserver.common\videoos.identityserver.common.unittests\bin\debug\net6.0-windows\videoos.identityserver.common.unittests.dll" id="f52b848b-cf3f-47b4-506b-dccb77611ec5">
      <Execution id="44cb8d25-dc28-485c-ad4d-9ab54e009fe0" />
      <TestMethod codeBase="D:\actions-runner\_work\XPCO\XPCO\AllSolutions\..\Common\VideoOS.IdentityServer.Common\VideoOS.IdentityServer.Common.UnitTests\bin\Debug\net6.0-windows\VideoOS.IdentityServer.Common.UnitTests.dll" adapterTypeName="executor://mstestadapter/v2" className="VideoOS.IdentityServer.Common.UnitTests.Exceptions.IdpExceptionFactoryTests" name="CreateException_NotAllowed_Is_NotAllowedException" />
    </UnitTest>
    <UnitTest name="GetClaimValue_IdTokenRetrieved_ClaimThere_ReturnsClaimValue" storage="d:\actions-runner\_work\xpco\xpco\allsolutions\..\common\videoos.identityserver.common\videoos.identityserver.common.unittests\bin\debug\net6.0-windows\videoos.identityserver.common.unittests.dll" id="0e2095e5-7d8e-1183-e8f6-f216b8006a5b">
      <Execution id="2bd65564-1901-4682-a6d5-9ce2bc1e4911" />
      <TestMethod codeBase="D:\actions-runner\_work\XPCO\XPCO\AllSolutions\..\Common\VideoOS.IdentityServer.Common\VideoOS.IdentityServer.Common.UnitTests\bin\Debug\net6.0-windows\VideoOS.IdentityServer.Common.UnitTests.dll" adapterTypeName="executor://mstestadapter/v2" className="VideoOS.IdentityServer.Common.UnitTests.Handlers.IdentityServerToken.SimpleTokenCacheTests" name="GetClaimValue_IdTokenRetrieved_ClaimThere_ReturnsClaimValue" />
    </UnitTest>
    <UnitTest name="IsTokenExpired_TokenExpiration_ExpiredReturnTrueNotExpiredReturnFalse (1,False)" storage="d:\actions-runner\_work\xpco\xpco\allsolutions\..\common\videoos.identityserver.common\videoos.identityserver.common.unittests\bin\debug\net6.0-windows\videoos.identityserver.common.unittests.dll" id="ae9a110c-c4e6-e312-9fcd-2de5d21f98ff">
      <Execution id="9d2e7a4e-459b-4f9d-aa57-7687c8db7560" />
      <TestMethod codeBase="D:\actions-runner\_work\XPCO\XPCO\AllSolutions\..\Common\VideoOS.IdentityServer.Common\VideoOS.IdentityServer.Common.UnitTests\bin\Debug\net6.0-windows\VideoOS.IdentityServer.Common.UnitTests.dll" adapterTypeName="executor://mstestadapter/v2" className="VideoOS.IdentityServer.Common.UnitTests.Handlers.IdentityServerToken.SimpleTokenCacheTests" name="IsTokenExpired_TokenExpiration_ExpiredReturnTrueNotExpiredReturnFalse" />
    </UnitTest>
    <UnitTest name="ValidateToken_TokenIsNull_ThrowArgumentNullException" storage="d:\actions-runner\_work\xpco\xpco\allsolutions\..\common\videoos.identityserver.common\videoos.identityserver.common.unittests\bin\debug\net6.0-windows\videoos.identityserver.common.unittests.dll" id="8960bb52-9b82-13fc-c2b9-b466022a1aa2">
      <Execution id="41f53c09-2602-4a5e-ae92-c5ae02d8ecbb" />
      <TestMethod codeBase="D:\actions-runner\_work\XPCO\XPCO\AllSolutions\..\Common\VideoOS.IdentityServer.Common\VideoOS.IdentityServer.Common.UnitTests\bin\Debug\net6.0-windows\VideoOS.IdentityServer.Common.UnitTests.dll" adapterTypeName="executor://mstestadapter/v2" className="VideoOS.IdentityServer.Common.UnitTests.OpenIdTokenHandlerTests" name="ValidateToken_TokenIsNull_ThrowArgumentNullException" />
    </UnitTest>
    <UnitTest name="Retrieve_NullIdpTokenClient_ThrowsArgumentNullException" storage="d:\actions-runner\_work\xpco\xpco\allsolutions\..\common\videoos.identityserver.common\videoos.identityserver.common.unittests\bin\debug\net6.0-windows\videoos.identityserver.common.unittests.dll" id="be2661e6-13a2-efcd-f033-26370e5bd14f">
      <Execution id="2cdf1671-4e77-47ba-bc1e-909eae3079d9" />
      <TestMethod codeBase="D:\actions-runner\_work\XPCO\XPCO\AllSolutions\..\Common\VideoOS.IdentityServer.Common\VideoOS.IdentityServer.Common.UnitTests\bin\Debug\net6.0-windows\VideoOS.IdentityServer.Common.UnitTests.dll" adapterTypeName="executor://mstestadapter/v2" className="VideoOS.IdentityServer.Common.UnitTests.Utilities.Tokens.IdpTokenRetrieverTests" name="Retrieve_NullIdpTokenClient_ThrowsArgumentNullException" />
    </UnitTest>
    <UnitTest name="HandleException_InvalidParamException_Null_Throws_" storage="d:\actions-runner\_work\xpco\xpco\allsolutions\..\common\videoos.identityserver.common\videoos.identityserver.common.unittests\bin\debug\net6.0-windows\videoos.identityserver.common.unittests.dll" id="7cf653ab-c1ac-db4f-c8b6-0088365ff615">
      <Execution id="d639cdb4-4fec-48ac-8b0f-e83f8551634e" />
      <TestMethod codeBase="D:\actions-runner\_work\XPCO\XPCO\AllSolutions\..\Common\VideoOS.IdentityServer.Common\VideoOS.IdentityServer.Common.UnitTests\bin\Debug\net6.0-windows\VideoOS.IdentityServer.Common.UnitTests.dll" adapterTypeName="executor://mstestadapter/v2" className="VideoOS.IdentityServer.Common.UnitTests.Utilities.ServerValidation.IdpExceptionHandlerTests" name="HandleException_InvalidParamException_Null_Throws_" />
    </UnitTest>
    <UnitTest name="Start_TimeToTokenExpireOver5min_TokenCacheNotUpdated" storage="d:\actions-runner\_work\xpco\xpco\allsolutions\..\common\videoos.identityserver.common\videoos.identityserver.common.unittests\bin\debug\net6.0-windows\videoos.identityserver.common.unittests.dll" id="3c174b71-d834-497d-cddf-1a3c06acc75d">
      <Execution id="112544b8-0d9c-4546-9b3e-c8a2c2d470e9" />
      <TestMethod codeBase="D:\actions-runner\_work\XPCO\XPCO\AllSolutions\..\Common\VideoOS.IdentityServer.Common\VideoOS.IdentityServer.Common.UnitTests\bin\Debug\net6.0-windows\VideoOS.IdentityServer.Common.UnitTests.dll" adapterTypeName="executor://mstestadapter/v2" className="VideoOS.IdentityServer.Common.UnitTests.Handlers.TokenCacheTests" name="Start_TimeToTokenExpireOver5min_TokenCacheNotUpdated" />
    </UnitTest>
    <UnitTest name="Dispose_IDisposableTokenHandler_Success" storage="d:\actions-runner\_work\xpco\xpco\allsolutions\..\common\videoos.identityserver.common\videoos.identityserver.common.unittests\bin\debug\net6.0-windows\videoos.identityserver.common.unittests.dll" id="d56d39a2-1050-3e2a-2b04-2c4d9212b822">
      <Execution id="ecef51e7-b37b-4eae-93c1-33b863ea2c78" />
      <TestMethod codeBase="D:\actions-runner\_work\XPCO\XPCO\AllSolutions\..\Common\VideoOS.IdentityServer.Common\VideoOS.IdentityServer.Common.UnitTests\bin\Debug\net6.0-windows\VideoOS.IdentityServer.Common.UnitTests.dll" adapterTypeName="executor://mstestadapter/v2" className="VideoOS.IdentityServer.Common.UnitTests.Handlers.TokenCacheTests" name="Dispose_IDisposableTokenHandler_Success" />
    </UnitTest>
    <UnitTest name="Constructor_EmptyToken_ThrowsArgumentNullException" storage="d:\actions-runner\_work\xpco\xpco\allsolutions\..\common\videoos.identityserver.common\videoos.identityserver.common.unittests\bin\debug\net6.0-windows\videoos.identityserver.common.unittests.dll" id="2fefd669-00f0-6209-0174-c1ad44273487">
      <Execution id="82b467e4-52fb-4bde-82f9-fc66b24ee216" />
      <TestMethod codeBase="D:\actions-runner\_work\XPCO\XPCO\AllSolutions\..\Common\VideoOS.IdentityServer.Common\VideoOS.IdentityServer.Common.UnitTests\bin\Debug\net6.0-windows\VideoOS.IdentityServer.Common.UnitTests.dll" adapterTypeName="executor://mstestadapter/v2" className="VideoOS.IdentityServer.Common.UnitTests.ExchangeTokenHandlerTests" name="Constructor_EmptyToken_ThrowsArgumentNullException" />
    </UnitTest>
    <UnitTest name="CreateException_PasswordRequiresUpper_Is_PasswordNotComplexEnoughException" storage="d:\actions-runner\_work\xpco\xpco\allsolutions\..\common\videoos.identityserver.common\videoos.identityserver.common.unittests\bin\debug\net6.0-windows\videoos.identityserver.common.unittests.dll" id="3880dfbe-9655-d700-4c62-0df9ed476ecc">
      <Execution id="0343e288-7668-4cd7-8cd8-a1641069bd4a" />
      <TestMethod codeBase="D:\actions-runner\_work\XPCO\XPCO\AllSolutions\..\Common\VideoOS.IdentityServer.Common\VideoOS.IdentityServer.Common.UnitTests\bin\Debug\net6.0-windows\VideoOS.IdentityServer.Common.UnitTests.dll" adapterTypeName="executor://mstestadapter/v2" className="VideoOS.IdentityServer.Common.UnitTests.Exceptions.IdpExceptionFactoryTests" name="CreateException_PasswordRequiresUpper_Is_PasswordNotComplexEnoughException" />
    </UnitTest>
    <UnitTest name="UserName_HasNameClaim_ReturnsUserName" storage="d:\actions-runner\_work\xpco\xpco\allsolutions\..\common\videoos.identityserver.common\videoos.identityserver.common.unittests\bin\debug\net6.0-windows\videoos.identityserver.common.unittests.dll" id="f740022f-70ee-66e1-da38-2c4767f72ea7">
      <Execution id="3b9fb6af-fb80-4d6c-9ba5-67e8fcdfe5d0" />
      <TestMethod codeBase="D:\actions-runner\_work\XPCO\XPCO\AllSolutions\..\Common\VideoOS.IdentityServer.Common\VideoOS.IdentityServer.Common.UnitTests\bin\Debug\net6.0-windows\VideoOS.IdentityServer.Common.UnitTests.dll" adapterTypeName="executor://mstestadapter/v2" className="VideoOS.IdentityServer.Common.UnitTests.Handlers.IdentityServerToken.SimpleTokenCacheTests" name="UserName_HasNameClaim_ReturnsUserName" />
    </UnitTest>
    <UnitTest name="Start_StartIsCalled_TokenCacheUpdated" storage="d:\actions-runner\_work\xpco\xpco\allsolutions\..\common\videoos.identityserver.common\videoos.identityserver.common.unittests\bin\debug\net6.0-windows\videoos.identityserver.common.unittests.dll" id="712a4429-a5d0-f9f8-e944-14b3128417df">
      <Execution id="f8b37064-47f4-4b90-a1b0-7716e84f24e6" />
      <TestMethod codeBase="D:\actions-runner\_work\XPCO\XPCO\AllSolutions\..\Common\VideoOS.IdentityServer.Common\VideoOS.IdentityServer.Common.UnitTests\bin\Debug\net6.0-windows\VideoOS.IdentityServer.Common.UnitTests.dll" adapterTypeName="executor://mstestadapter/v2" className="VideoOS.IdentityServer.Common.UnitTests.Handlers.TokenCacheTests" name="Start_StartIsCalled_TokenCacheUpdated" />
    </UnitTest>
    <UnitTest name="CreateException_LoginAlreadyAssociated_Is_LoginAlreadyAssociatedException" storage="d:\actions-runner\_work\xpco\xpco\allsolutions\..\common\videoos.identityserver.common\videoos.identityserver.common.unittests\bin\debug\net6.0-windows\videoos.identityserver.common.unittests.dll" id="ec4cb66a-617d-876b-6006-2ba82ddc24c5">
      <Execution id="fee964ee-cfe6-4f03-99a0-648b819760d8" />
      <TestMethod codeBase="D:\actions-runner\_work\XPCO\XPCO\AllSolutions\..\Common\VideoOS.IdentityServer.Common\VideoOS.IdentityServer.Common.UnitTests\bin\Debug\net6.0-windows\VideoOS.IdentityServer.Common.UnitTests.dll" adapterTypeName="executor://mstestadapter/v2" className="VideoOS.IdentityServer.Common.UnitTests.Exceptions.IdpExceptionFactoryTests" name="CreateException_LoginAlreadyAssociated_Is_LoginAlreadyAssociatedException" />
    </UnitTest>
    <UnitTest name="Constructor_NullClientSettings_ThrowArgumentNullException" storage="d:\actions-runner\_work\xpco\xpco\allsolutions\..\common\videoos.identityserver.common\videoos.identityserver.common.unittests\bin\debug\net6.0-windows\videoos.identityserver.common.unittests.dll" id="219cb226-0982-5e89-b39e-e3df45859861">
      <Execution id="b5c48dce-d3d8-4726-adce-4d3617f2a753" />
      <TestMethod codeBase="D:\actions-runner\_work\XPCO\XPCO\AllSolutions\..\Common\VideoOS.IdentityServer.Common\VideoOS.IdentityServer.Common.UnitTests\bin\Debug\net6.0-windows\VideoOS.IdentityServer.Common.UnitTests.dll" adapterTypeName="executor://mstestadapter/v2" className="VideoOS.IdentityServer.Common.UnitTests.ExchangeTokenHandlerTests" name="Constructor_NullClientSettings_ThrowArgumentNullException" />
    </UnitTest>
    <UnitTest name="IdpException_ErrorProperty_IsAccessible" storage="d:\actions-runner\_work\xpco\xpco\allsolutions\..\common\videoos.identityserver.common\videoos.identityserver.common.unittests\bin\debug\net6.0-windows\videoos.identityserver.common.unittests.dll" id="580860dc-2c0d-6d21-09c2-29eb5cd9d7aa">
      <Execution id="a3360f86-676a-42ad-8f86-955161c6f616" />
      <TestMethod codeBase="D:\actions-runner\_work\XPCO\XPCO\AllSolutions\..\Common\VideoOS.IdentityServer.Common\VideoOS.IdentityServer.Common.UnitTests\bin\Debug\net6.0-windows\VideoOS.IdentityServer.Common.UnitTests.dll" adapterTypeName="executor://mstestadapter/v2" className="VideoOS.IdentityServer.Common.UnitTests.Exceptions.IdpExceptionTests" name="IdpException_ErrorProperty_IsAccessible" />
    </UnitTest>
    <UnitTest name="ValidateToken_SecurityTokenIsNull_ThrowArgumentNullException" storage="d:\actions-runner\_work\xpco\xpco\allsolutions\..\common\videoos.identityserver.common\videoos.identityserver.common.unittests\bin\debug\net6.0-windows\videoos.identityserver.common.unittests.dll" id="08a3c3db-cc01-e5ed-016b-ec03cbb97901">
      <Execution id="1410b8ca-fa91-4556-a121-086ce1ae08a3" />
      <TestMethod codeBase="D:\actions-runner\_work\XPCO\XPCO\AllSolutions\..\Common\VideoOS.IdentityServer.Common\VideoOS.IdentityServer.Common.UnitTests\bin\Debug\net6.0-windows\VideoOS.IdentityServer.Common.UnitTests.dll" adapterTypeName="executor://mstestadapter/v2" className="VideoOS.IdentityServer.Common.UnitTests.JwtSecurityTokenValidatorWithConfigurationManagerTests" name="ValidateToken_SecurityTokenIsNull_ThrowArgumentNullException" />
    </UnitTest>
    <UnitTest name="RefreshToken_IdTokenNotRetrieved_NoError" storage="d:\actions-runner\_work\xpco\xpco\allsolutions\..\common\videoos.identityserver.common\videoos.identityserver.common.unittests\bin\debug\net6.0-windows\videoos.identityserver.common.unittests.dll" id="90eefc04-1f04-d44e-931c-bf308a05aad7">
      <Execution id="160ef57e-4ffa-44d8-9e3b-8184eba996d6" />
      <TestMethod codeBase="D:\actions-runner\_work\XPCO\XPCO\AllSolutions\..\Common\VideoOS.IdentityServer.Common\VideoOS.IdentityServer.Common.UnitTests\bin\Debug\net6.0-windows\VideoOS.IdentityServer.Common.UnitTests.dll" adapterTypeName="executor://mstestadapter/v2" className="VideoOS.IdentityServer.Common.UnitTests.Handlers.TokenCacheTests" name="RefreshToken_IdTokenNotRetrieved_NoError" />
    </UnitTest>
    <UnitTest name="CreateException_InvalidClient_Is_UnauthorizedException" storage="d:\actions-runner\_work\xpco\xpco\allsolutions\..\common\videoos.identityserver.common\videoos.identityserver.common.unittests\bin\debug\net6.0-windows\videoos.identityserver.common.unittests.dll" id="e0eca9f7-d766-7032-cd66-1fda7415dd68">
      <Execution id="a011bcb7-ce53-460e-811f-386a4b2a89ef" />
      <TestMethod codeBase="D:\actions-runner\_work\XPCO\XPCO\AllSolutions\..\Common\VideoOS.IdentityServer.Common\VideoOS.IdentityServer.Common.UnitTests\bin\Debug\net6.0-windows\VideoOS.IdentityServer.Common.UnitTests.dll" adapterTypeName="executor://mstestadapter/v2" className="VideoOS.IdentityServer.Common.UnitTests.Exceptions.IdpExceptionFactoryTests" name="CreateException_InvalidClient_Is_UnauthorizedException" />
    </UnitTest>
    <UnitTest name="Construct_SpecifySingleGrantType_Success" storage="d:\actions-runner\_work\xpco\xpco\allsolutions\..\common\videoos.identityserver.common\videoos.identityserver.common.unittests\bin\debug\net6.0-windows\videoos.identityserver.common.unittests.dll" id="c2c2904c-f56a-3663-d545-f06d0f3baf88">
      <Execution id="db5a1073-abd1-4b43-bcae-f20b24b1f72a" />
      <TestMethod codeBase="D:\actions-runner\_work\XPCO\XPCO\AllSolutions\..\Common\VideoOS.IdentityServer.Common\VideoOS.IdentityServer.Common.UnitTests\bin\Debug\net6.0-windows\VideoOS.IdentityServer.Common.UnitTests.dll" adapterTypeName="executor://mstestadapter/v2" className="VideoOS.IdentityServer.Common.UnitTests.Handlers.IdentityServerToken.IdentityServerClientSettingsTests" name="Construct_SpecifySingleGrantType_Success" />
    </UnitTest>
    <UnitTest name="Retrieve_EmptyClient_ThrowsArgumentNullException" storage="d:\actions-runner\_work\xpco\xpco\allsolutions\..\common\videoos.identityserver.common\videoos.identityserver.common.unittests\bin\debug\net6.0-windows\videoos.identityserver.common.unittests.dll" id="2b02613f-adc7-9ead-fab9-497ce9230752">
      <Execution id="04fd3630-666c-49d6-ad44-3d1f3b2f5097" />
      <TestMethod codeBase="D:\actions-runner\_work\XPCO\XPCO\AllSolutions\..\Common\VideoOS.IdentityServer.Common\VideoOS.IdentityServer.Common.UnitTests\bin\Debug\net6.0-windows\VideoOS.IdentityServer.Common.UnitTests.dll" adapterTypeName="executor://mstestadapter/v2" className="VideoOS.IdentityServer.Common.UnitTests.Utilities.Tokens.IdpTokenRetrieverTests" name="Retrieve_EmptyClient_ThrowsArgumentNullException" />
    </UnitTest>
    <UnitTest name="ValidateToken_SubClaimPresent_SystemClaimIsNotAddedToClaims" storage="d:\actions-runner\_work\xpco\xpco\allsolutions\..\common\videoos.identityserver.common\videoos.identityserver.common.unittests\bin\debug\net6.0-windows\videoos.identityserver.common.unittests.dll" id="529c2e35-24ca-56d0-82ae-22b9934a7f05">
      <Execution id="10ba873f-3483-4738-8d43-6243d9da81a1" />
      <TestMethod codeBase="D:\actions-runner\_work\XPCO\XPCO\AllSolutions\..\Common\VideoOS.IdentityServer.Common\VideoOS.IdentityServer.Common.UnitTests\bin\Debug\net6.0-windows\VideoOS.IdentityServer.Common.UnitTests.dll" adapterTypeName="executor://mstestadapter/v2" className="VideoOS.IdentityServer.Common.UnitTests.OpenIdTokenHandlerTests" name="ValidateToken_SubClaimPresent_SystemClaimIsNotAddedToClaims" />
    </UnitTest>
    <UnitTest name="ValidateToken_SignatureKeyNotFound_RefreshRequested" storage="d:\actions-runner\_work\xpco\xpco\allsolutions\..\common\videoos.identityserver.common\videoos.identityserver.common.unittests\bin\debug\net6.0-windows\videoos.identityserver.common.unittests.dll" id="a22a5490-f8cc-bbba-c479-58ecdc58c38a">
      <Execution id="2b7e9a12-a528-4f26-a32b-c571d5c9d72f" />
      <TestMethod codeBase="D:\actions-runner\_work\XPCO\XPCO\AllSolutions\..\Common\VideoOS.IdentityServer.Common\VideoOS.IdentityServer.Common.UnitTests\bin\Debug\net6.0-windows\VideoOS.IdentityServer.Common.UnitTests.dll" adapterTypeName="executor://mstestadapter/v2" className="VideoOS.IdentityServer.Common.UnitTests.OpenIdTokenHandlerTests" name="ValidateToken_SignatureKeyNotFound_RefreshRequested" />
    </UnitTest>
    <UnitTest name="UserName_NoNameClaim_ThrowsInvalidOperationException" storage="d:\actions-runner\_work\xpco\xpco\allsolutions\..\common\videoos.identityserver.common\videoos.identityserver.common.unittests\bin\debug\net6.0-windows\videoos.identityserver.common.unittests.dll" id="c65def95-e459-70a7-408d-154b2321db49">
      <Execution id="c899ba66-8ad6-46ce-a963-2b95e425f840" />
      <TestMethod codeBase="D:\actions-runner\_work\XPCO\XPCO\AllSolutions\..\Common\VideoOS.IdentityServer.Common\VideoOS.IdentityServer.Common.UnitTests\bin\Debug\net6.0-windows\VideoOS.IdentityServer.Common.UnitTests.dll" adapterTypeName="executor://mstestadapter/v2" className="VideoOS.IdentityServer.Common.UnitTests.Handlers.IdentityServerToken.SimpleTokenCacheTests" name="UserName_NoNameClaim_ThrowsInvalidOperationException" />
    </UnitTest>
    <UnitTest name="ValidateToken_CancellationIsRequested_ThrowOperationCanceledException" storage="d:\actions-runner\_work\xpco\xpco\allsolutions\..\common\videoos.identityserver.common\videoos.identityserver.common.unittests\bin\debug\net6.0-windows\videoos.identityserver.common.unittests.dll" id="1ad62dd9-f5f4-acc1-288e-32afb8d0c153">
      <Execution id="a4cbc040-a65d-4002-b5fb-eefd22149517" />
      <TestMethod codeBase="D:\actions-runner\_work\XPCO\XPCO\AllSolutions\..\Common\VideoOS.IdentityServer.Common\VideoOS.IdentityServer.Common.UnitTests\bin\Debug\net6.0-windows\VideoOS.IdentityServer.Common.UnitTests.dll" adapterTypeName="executor://mstestadapter/v2" className="VideoOS.IdentityServer.Common.UnitTests.OpenIdTokenHandlerTests" name="ValidateToken_CancellationIsRequested_ThrowOperationCanceledException" />
    </UnitTest>
    <UnitTest name="Constructor_NullClientSettings_ThrowArgumentNullException" storage="d:\actions-runner\_work\xpco\xpco\allsolutions\..\common\videoos.identityserver.common\videoos.identityserver.common.unittests\bin\debug\net6.0-windows\videoos.identityserver.common.unittests.dll" id="2c257caa-63e0-0918-bed2-614d73e7951d">
      <Execution id="160cfad7-91ed-4ba2-95eb-49f466fbaf38" />
      <TestMethod codeBase="D:\actions-runner\_work\XPCO\XPCO\AllSolutions\..\Common\VideoOS.IdentityServer.Common\VideoOS.IdentityServer.Common.UnitTests\bin\Debug\net6.0-windows\VideoOS.IdentityServer.Common.UnitTests.dll" adapterTypeName="executor://mstestadapter/v2" className="VideoOS.IdentityServer.Common.UnitTests.ExternalTokenHandlerTests" name="Constructor_NullClientSettings_ThrowArgumentNullException" />
    </UnitTest>
    <UnitTest name="HandleException_WebException_Status_ProtocolError_ReturnsFalse" storage="d:\actions-runner\_work\xpco\xpco\allsolutions\..\common\videoos.identityserver.common\videoos.identityserver.common.unittests\bin\debug\net6.0-windows\videoos.identityserver.common.unittests.dll" id="3ff67faa-d3a0-075c-0c7a-09774bd03583">
      <Execution id="fc061835-85bc-4178-ac56-76dff2cc1fea" />
      <TestMethod codeBase="D:\actions-runner\_work\XPCO\XPCO\AllSolutions\..\Common\VideoOS.IdentityServer.Common\VideoOS.IdentityServer.Common.UnitTests\bin\Debug\net6.0-windows\VideoOS.IdentityServer.Common.UnitTests.dll" adapterTypeName="executor://mstestadapter/v2" className="VideoOS.IdentityServer.Common.UnitTests.Utilities.ServerValidation.IdpExceptionHandlerTests" name="HandleException_WebException_Status_ProtocolError_ReturnsFalse" />
    </UnitTest>
    <UnitTest name="Constructor_NullRefreshToken_ThrowsArgumentNullException" storage="d:\actions-runner\_work\xpco\xpco\allsolutions\..\common\videoos.identityserver.common\videoos.identityserver.common.unittests\bin\debug\net6.0-windows\videoos.identityserver.common.unittests.dll" id="0d2f4ed5-125c-a2b1-8e5f-5e598ab83d5e">
      <Execution id="aabf560a-e31a-431d-a8e1-1d9d60a258cc" />
      <TestMethod codeBase="D:\actions-runner\_work\XPCO\XPCO\AllSolutions\..\Common\VideoOS.IdentityServer.Common\VideoOS.IdentityServer.Common.UnitTests\bin\Debug\net6.0-windows\VideoOS.IdentityServer.Common.UnitTests.dll" adapterTypeName="executor://mstestadapter/v2" className="VideoOS.IdentityServer.Common.UnitTests.Utilities.Tokens.IdpTokensTests" name="Constructor_NullRefreshToken_ThrowsArgumentNullException" />
    </UnitTest>
    <UnitTest name="ValidateIdpServer_HttpAddressInvalidPort_ShouldThrow" storage="d:\actions-runner\_work\xpco\xpco\allsolutions\..\common\videoos.identityserver.common\videoos.identityserver.common.unittests\bin\debug\net6.0-windows\videoos.identityserver.common.unittests.dll" id="eecfcbb2-c955-43fc-8e5c-cfc66bc5dfcb">
      <Execution id="64da2998-43b8-40a1-ba5f-e4075db74093" />
      <TestMethod codeBase="D:\actions-runner\_work\XPCO\XPCO\AllSolutions\..\Common\VideoOS.IdentityServer.Common\VideoOS.IdentityServer.Common.UnitTests\bin\Debug\net6.0-windows\VideoOS.IdentityServer.Common.UnitTests.dll" adapterTypeName="executor://mstestadapter/v2" className="VideoOS.IdentityServer.Common.UnitTests.IdpDiscoveryServiceTests" name="ValidateIdpServer_HttpAddressInvalidPort_ShouldThrow" />
    </UnitTest>
    <UnitTest name="Constructor_NullSupportedScopes_ThrowsArgumentNullException" storage="d:\actions-runner\_work\xpco\xpco\allsolutions\..\common\videoos.identityserver.common\videoos.identityserver.common.unittests\bin\debug\net6.0-windows\videoos.identityserver.common.unittests.dll" id="2ee7e566-cb75-fc37-6701-6a6ccb41d168">
      <Execution id="9e6b1731-afdb-4431-bb9c-24767e319aeb" />
      <TestMethod codeBase="D:\actions-runner\_work\XPCO\XPCO\AllSolutions\..\Common\VideoOS.IdentityServer.Common\VideoOS.IdentityServer.Common.UnitTests\bin\Debug\net6.0-windows\VideoOS.IdentityServer.Common.UnitTests.dll" adapterTypeName="executor://mstestadapter/v2" className="VideoOS.IdentityServer.Common.UnitTests.Utilities.Tokens.IdpTokenRetrieverTests" name="Constructor_NullSupportedScopes_ThrowsArgumentNullException" />
    </UnitTest>
    <UnitTest name="BasicOpenAuthenticationHeaderValue_Constructor_EmptyUserName" storage="d:\actions-runner\_work\xpco\xpco\allsolutions\..\common\videoos.identityserver.common\videoos.identityserver.common.unittests\bin\debug\net6.0-windows\videoos.identityserver.common.unittests.dll" id="05f6a519-6922-0d88-29ab-58670334a8c0">
      <Execution id="51e7ecbd-88b9-47ea-b0be-9f3f3e16be92" />
      <TestMethod codeBase="D:\actions-runner\_work\XPCO\XPCO\AllSolutions\..\Common\VideoOS.IdentityServer.Common\VideoOS.IdentityServer.Common.UnitTests\bin\Debug\net6.0-windows\VideoOS.IdentityServer.Common.UnitTests.dll" adapterTypeName="executor://mstestadapter/v2" className="VideoOS.IdentityServer.Common.UnitTests.BasicOpenAuthenticationHeaderValueTests" name="BasicOpenAuthenticationHeaderValue_Constructor_EmptyUserName" />
    </UnitTest>
    <UnitTest name="IdpTokenClient_CredentialsCacheAsCredentials_HttpClientConfiguredToNotUseDefualtCredentials" storage="d:\actions-runner\_work\xpco\xpco\allsolutions\..\common\videoos.identityserver.common\videoos.identityserver.common.unittests\bin\debug\net6.0-windows\videoos.identityserver.common.unittests.dll" id="2b6f2d8f-97a8-a49e-9820-0353b7cf269e">
      <Execution id="a71b3643-7166-480b-8897-c937a1f56e2b" />
      <TestMethod codeBase="D:\actions-runner\_work\XPCO\XPCO\AllSolutions\..\Common\VideoOS.IdentityServer.Common\VideoOS.IdentityServer.Common.UnitTests\bin\Debug\net6.0-windows\VideoOS.IdentityServer.Common.UnitTests.dll" adapterTypeName="executor://mstestadapter/v2" className="VideoOS.IdentityServer.Common.UnitTests.IdpTokenClientTests" name="IdpTokenClient_CredentialsCacheAsCredentials_HttpClientConfiguredToNotUseDefualtCredentials" />
    </UnitTest>
    <UnitTest name="Retrieve_NullProvider_ThrowsArgumentNullException" storage="d:\actions-runner\_work\xpco\xpco\allsolutions\..\common\videoos.identityserver.common\videoos.identityserver.common.unittests\bin\debug\net6.0-windows\videoos.identityserver.common.unittests.dll" id="bf705ae1-67a7-5fa6-c13f-a22026ecd395">
      <Execution id="a3e21927-7fd8-4ea2-953f-ded1aa0e20de" />
      <TestMethod codeBase="D:\actions-runner\_work\XPCO\XPCO\AllSolutions\..\Common\VideoOS.IdentityServer.Common\VideoOS.IdentityServer.Common.UnitTests\bin\Debug\net6.0-windows\VideoOS.IdentityServer.Common.UnitTests.dll" adapterTypeName="executor://mstestadapter/v2" className="VideoOS.IdentityServer.Common.UnitTests.Utilities.Tokens.IdpTokenRetrieverTests" name="Retrieve_NullProvider_ThrowsArgumentNullException" />
    </UnitTest>
    <UnitTest name="Ctor_RequireHttpsIsTrueButAddressSchemeIsHttp_ThrowsArgumentException" storage="d:\actions-runner\_work\xpco\xpco\allsolutions\..\common\videoos.identityserver.common\videoos.identityserver.common.unittests\bin\debug\net6.0-windows\videoos.identityserver.common.unittests.dll" id="b534d700-8c81-a428-c5af-952f23674e8e">
      <Execution id="f7e711bf-9c0a-4240-ab65-9f8fe2db9887" />
      <TestMethod codeBase="D:\actions-runner\_work\XPCO\XPCO\AllSolutions\..\Common\VideoOS.IdentityServer.Common\VideoOS.IdentityServer.Common.UnitTests\bin\Debug\net6.0-windows\VideoOS.IdentityServer.Common.UnitTests.dll" adapterTypeName="executor://mstestadapter/v2" className="VideoOS.IdentityServer.Common.UnitTests.OpenIdTokenHandlerTests" name="Ctor_RequireHttpsIsTrueButAddressSchemeIsHttp_ThrowsArgumentException" />
    </UnitTest>
    <UnitTest name="Constructor_Successful" storage="d:\actions-runner\_work\xpco\xpco\allsolutions\..\common\videoos.identityserver.common\videoos.identityserver.common.unittests\bin\debug\net6.0-windows\videoos.identityserver.common.unittests.dll" id="b03e8e27-9937-91b2-5c08-fa8ff907b26f">
      <Execution id="c3e92550-e52d-40bd-9f51-e59823ddc944" />
      <TestMethod codeBase="D:\actions-runner\_work\XPCO\XPCO\AllSolutions\..\Common\VideoOS.IdentityServer.Common\VideoOS.IdentityServer.Common.UnitTests\bin\Debug\net6.0-windows\VideoOS.IdentityServer.Common.UnitTests.dll" adapterTypeName="executor://mstestadapter/v2" className="VideoOS.IdentityServer.Common.UnitTests.Utilities.Tokens.IdpTokensTests" name="Constructor_Successful" />
    </UnitTest>
    <UnitTest name="IsTokenExpired_TokenExpiration_ExpiredReturnTrueNotExpiredReturnFalse (-1,True)" storage="d:\actions-runner\_work\xpco\xpco\allsolutions\..\common\videoos.identityserver.common\videoos.identityserver.common.unittests\bin\debug\net6.0-windows\videoos.identityserver.common.unittests.dll" id="e603fa45-aab1-620a-c1e6-f47421b47951">
      <Execution id="f2591518-da26-44a5-b960-e94398b83db3" />
      <TestMethod codeBase="D:\actions-runner\_work\XPCO\XPCO\AllSolutions\..\Common\VideoOS.IdentityServer.Common\VideoOS.IdentityServer.Common.UnitTests\bin\Debug\net6.0-windows\VideoOS.IdentityServer.Common.UnitTests.dll" adapterTypeName="executor://mstestadapter/v2" className="VideoOS.IdentityServer.Common.UnitTests.Handlers.TokenCacheTests" name="IsTokenExpired_TokenExpiration_ExpiredReturnTrueNotExpiredReturnFalse" />
    </UnitTest>
    <UnitTest name="Ctor_AddressIsNull_ThrowsArgumentNullException" storage="d:\actions-runner\_work\xpco\xpco\allsolutions\..\common\videoos.identityserver.common\videoos.identityserver.common.unittests\bin\debug\net6.0-windows\videoos.identityserver.common.unittests.dll" id="7ca488d0-3aca-76f1-6559-f9cc58d50a45">
      <Execution id="6eb7c6e2-2ca7-4295-a41e-963d4bed6340" />
      <TestMethod codeBase="D:\actions-runner\_work\XPCO\XPCO\AllSolutions\..\Common\VideoOS.IdentityServer.Common\VideoOS.IdentityServer.Common.UnitTests\bin\Debug\net6.0-windows\VideoOS.IdentityServer.Common.UnitTests.dll" adapterTypeName="executor://mstestadapter/v2" className="VideoOS.IdentityServer.Common.UnitTests.JwtSecurityTokenValidatorWithConfigurationManagerTests" name="Ctor_AddressIsNull_ThrowsArgumentNullException" />
    </UnitTest>
    <UnitTest name="Constructor_ScopeIsEmpty_ThrowArgumentException" storage="d:\actions-runner\_work\xpco\xpco\allsolutions\..\common\videoos.identityserver.common\videoos.identityserver.common.unittests\bin\debug\net6.0-windows\videoos.identityserver.common.unittests.dll" id="1084380c-efdf-4335-3855-2ba20ad000dd">
      <Execution id="d0481b91-8273-4d60-ab9e-3d4a905e7884" />
      <TestMethod codeBase="D:\actions-runner\_work\XPCO\XPCO\AllSolutions\..\Common\VideoOS.IdentityServer.Common\VideoOS.IdentityServer.Common.UnitTests\bin\Debug\net6.0-windows\VideoOS.IdentityServer.Common.UnitTests.dll" adapterTypeName="executor://mstestadapter/v2" className="VideoOS.IdentityServer.Common.UnitTests.IdentityServerTokenHandlerTests" name="Constructor_ScopeIsEmpty_ThrowArgumentException" />
    </UnitTest>
    <UnitTest name="Construct_WithHttpError_ResponseWithStatusCode" storage="d:\actions-runner\_work\xpco\xpco\allsolutions\..\common\videoos.identityserver.common\videoos.identityserver.common.unittests\bin\debug\net6.0-windows\videoos.identityserver.common.unittests.dll" id="02022d21-40cd-3c83-07fb-845b28c8719d">
      <Execution id="b296c653-10dd-417f-a69d-d3c9fd23684c" />
      <TestMethod codeBase="D:\actions-runner\_work\XPCO\XPCO\AllSolutions\..\Common\VideoOS.IdentityServer.Common\VideoOS.IdentityServer.Common.UnitTests\bin\Debug\net6.0-windows\VideoOS.IdentityServer.Common.UnitTests.dll" adapterTypeName="executor://mstestadapter/v2" className="VideoOS.IdentityServer.Common.UnitTests.DiscoveryResponseTests" name="Construct_WithHttpError_ResponseWithStatusCode" />
    </UnitTest>
    <UnitTest name="UserAndDomainName_ThrowsNotSupportedException" storage="d:\actions-runner\_work\xpco\xpco\allsolutions\..\common\videoos.identityserver.common\videoos.identityserver.common.unittests\bin\debug\net6.0-windows\videoos.identityserver.common.unittests.dll" id="4df62476-7918-8981-230a-1c8bcba97842">
      <Execution id="3d8cdbd6-eb78-495a-9675-95d35ab25e18" />
      <TestMethod codeBase="D:\actions-runner\_work\XPCO\XPCO\AllSolutions\..\Common\VideoOS.IdentityServer.Common\VideoOS.IdentityServer.Common.UnitTests\bin\Debug\net6.0-windows\VideoOS.IdentityServer.Common.UnitTests.dll" adapterTypeName="executor://mstestadapter/v2" className="VideoOS.IdentityServer.Common.UnitTests.Handlers.IdentityServerToken.SimpleTokenCacheTests" name="UserAndDomainName_ThrowsNotSupportedException" />
    </UnitTest>
    <UnitTest name="CreateException_InvalidCode_Throws_ArgumentOutOfRangeException" storage="d:\actions-runner\_work\xpco\xpco\allsolutions\..\common\videoos.identityserver.common\videoos.identityserver.common.unittests\bin\debug\net6.0-windows\videoos.identityserver.common.unittests.dll" id="24757d53-50b6-4207-edb9-4d7b85e83ec0">
      <Execution id="989c6c7f-ed0c-49e3-9557-bbf077019dec" />
      <TestMethod codeBase="D:\actions-runner\_work\XPCO\XPCO\AllSolutions\..\Common\VideoOS.IdentityServer.Common\VideoOS.IdentityServer.Common.UnitTests\bin\Debug\net6.0-windows\VideoOS.IdentityServer.Common.UnitTests.dll" adapterTypeName="executor://mstestadapter/v2" className="VideoOS.IdentityServer.Common.UnitTests.Exceptions.IdpExceptionFactoryTests" name="CreateException_InvalidCode_Throws_ArgumentOutOfRangeException" />
    </UnitTest>
    <UnitTest name="HasValidScheme_UriIsHttps_ReturnsTrue" storage="d:\actions-runner\_work\xpco\xpco\allsolutions\..\common\videoos.identityserver.common\videoos.identityserver.common.unittests\bin\debug\net6.0-windows\videoos.identityserver.common.unittests.dll" id="6295024d-cdd4-de28-e7d8-515486f05d12">
      <Execution id="9f19b62f-cf31-4373-9e61-62c9a9ffd430" />
      <TestMethod codeBase="D:\actions-runner\_work\XPCO\XPCO\AllSolutions\..\Common\VideoOS.IdentityServer.Common\VideoOS.IdentityServer.Common.UnitTests\bin\Debug\net6.0-windows\VideoOS.IdentityServer.Common.UnitTests.dll" adapterTypeName="executor://mstestadapter/v2" className="VideoOS.IdentityServer.Common.UnitTests.Utilities.ServerValidation.UriExtenderTests" name="HasValidScheme_UriIsHttps_ReturnsTrue" />
    </UnitTest>
    <UnitTest name="ValidateIdpServer_WorkingHttpAddress_ShouldSuccess" storage="d:\actions-runner\_work\xpco\xpco\allsolutions\..\common\videoos.identityserver.common\videoos.identityserver.common.unittests\bin\debug\net6.0-windows\videoos.identityserver.common.unittests.dll" id="9ef64bea-8c17-ab0b-0aa2-a889a448670e">
      <Execution id="9cfb28a6-d045-4642-a134-3187527bf7bc" />
      <TestMethod codeBase="D:\actions-runner\_work\XPCO\XPCO\AllSolutions\..\Common\VideoOS.IdentityServer.Common\VideoOS.IdentityServer.Common.UnitTests\bin\Debug\net6.0-windows\VideoOS.IdentityServer.Common.UnitTests.dll" adapterTypeName="executor://mstestadapter/v2" className="VideoOS.IdentityServer.Common.UnitTests.IdpDiscoveryServiceTests" name="ValidateIdpServer_WorkingHttpAddress_ShouldSuccess" />
    </UnitTest>
    <UnitTest name="Start_TokenRefreshSuccess_StartTimerInterval10" storage="d:\actions-runner\_work\xpco\xpco\allsolutions\..\common\videoos.identityserver.common\videoos.identityserver.common.unittests\bin\debug\net6.0-windows\videoos.identityserver.common.unittests.dll" id="7c241f9b-2b9f-c010-004c-ec717a0175c5">
      <Execution id="ec42cd74-3d78-4e1c-bf70-9e1f137aa783" />
      <TestMethod codeBase="D:\actions-runner\_work\XPCO\XPCO\AllSolutions\..\Common\VideoOS.IdentityServer.Common\VideoOS.IdentityServer.Common.UnitTests\bin\Debug\net6.0-windows\VideoOS.IdentityServer.Common.UnitTests.dll" adapterTypeName="executor://mstestadapter/v2" className="VideoOS.IdentityServer.Common.UnitTests.Handlers.TokenCacheTests" name="Start_TokenRefreshSuccess_StartTimerInterval10" />
    </UnitTest>
    <UnitTest name="RefreshToken_TokenHandlerReturnsToken_RefreshTokenReturnsToken" storage="d:\actions-runner\_work\xpco\xpco\allsolutions\..\common\videoos.identityserver.common\videoos.identityserver.common.unittests\bin\debug\net6.0-windows\videoos.identityserver.common.unittests.dll" id="6ee35bac-519f-b442-48b8-ad90bff16940">
      <Execution id="da2d67b6-74aa-465f-9f67-58eea33262e1" />
      <TestMethod codeBase="D:\actions-runner\_work\XPCO\XPCO\AllSolutions\..\Common\VideoOS.IdentityServer.Common\VideoOS.IdentityServer.Common.UnitTests\bin\Debug\net6.0-windows\VideoOS.IdentityServer.Common.UnitTests.dll" adapterTypeName="executor://mstestadapter/v2" className="VideoOS.IdentityServer.Common.UnitTests.Handlers.TokenCacheTests" name="RefreshToken_TokenHandlerReturnsToken_RefreshTokenReturnsToken" />
    </UnitTest>
    <UnitTest name="BasicOpenAuthenticationHeaderValue_Constructor_NullUserName" storage="d:\actions-runner\_work\xpco\xpco\allsolutions\..\common\videoos.identityserver.common\videoos.identityserver.common.unittests\bin\debug\net6.0-windows\videoos.identityserver.common.unittests.dll" id="b639b5fb-3ef5-2cd9-a90a-017d1638f497">
      <Execution id="6b0401bc-c05e-4ad6-8feb-85d7619df389" />
      <TestMethod codeBase="D:\actions-runner\_work\XPCO\XPCO\AllSolutions\..\Common\VideoOS.IdentityServer.Common\VideoOS.IdentityServer.Common.UnitTests\bin\Debug\net6.0-windows\VideoOS.IdentityServer.Common.UnitTests.dll" adapterTypeName="executor://mstestadapter/v2" className="VideoOS.IdentityServer.Common.UnitTests.BasicOpenAuthenticationHeaderValueTests" name="BasicOpenAuthenticationHeaderValue_Constructor_NullUserName" />
    </UnitTest>
    <UnitTest name="TokenCache_Constructor_Scope_ArgumentNullException" storage="d:\actions-runner\_work\xpco\xpco\allsolutions\..\common\videoos.identityserver.common\videoos.identityserver.common.unittests\bin\debug\net6.0-windows\videoos.identityserver.common.unittests.dll" id="21823bf0-ff7d-6139-8246-3e6c7fce3add">
      <Execution id="f358f271-595c-4a7c-8ca9-4b79e941c779" />
      <TestMethod codeBase="D:\actions-runner\_work\XPCO\XPCO\AllSolutions\..\Common\VideoOS.IdentityServer.Common\VideoOS.IdentityServer.Common.UnitTests\bin\Debug\net6.0-windows\VideoOS.IdentityServer.Common.UnitTests.dll" adapterTypeName="executor://mstestadapter/v2" className="VideoOS.IdentityServer.Common.UnitTests.Handlers.TokenCacheTests" name="TokenCache_Constructor_Scope_ArgumentNullException" />
    </UnitTest>
    <UnitTest name="GetTokenResponseAsync_TokenHandlerDisposedBeforeCall_ObjectDisposedException" storage="d:\actions-runner\_work\xpco\xpco\allsolutions\..\common\videoos.identityserver.common\videoos.identityserver.common.unittests\bin\debug\net6.0-windows\videoos.identityserver.common.unittests.dll" id="1eb96942-90b7-e230-1cfa-7966bc14fec4">
      <Execution id="e7c077df-a122-47ab-9efc-dd5ae2db5b34" />
      <TestMethod codeBase="D:\actions-runner\_work\XPCO\XPCO\AllSolutions\..\Common\VideoOS.IdentityServer.Common\VideoOS.IdentityServer.Common.UnitTests\bin\Debug\net6.0-windows\VideoOS.IdentityServer.Common.UnitTests.dll" adapterTypeName="executor://mstestadapter/v2" className="VideoOS.IdentityServer.Common.UnitTests.ExchangeTokenHandlerTests" name="GetTokenResponseAsync_TokenHandlerDisposedBeforeCall_ObjectDisposedException" />
    </UnitTest>
    <UnitTest name="ValidateIdpServer_HttpsAddressInvalidPort_ShouldThrow" storage="d:\actions-runner\_work\xpco\xpco\allsolutions\..\common\videoos.identityserver.common\videoos.identityserver.common.unittests\bin\debug\net6.0-windows\videoos.identityserver.common.unittests.dll" id="730bef14-9053-6444-695c-2c9c89ef8f7a">
      <Execution id="ffbbee29-0fd1-4bae-bf7a-f2b9d7e882cb" />
      <TestMethod codeBase="D:\actions-runner\_work\XPCO\XPCO\AllSolutions\..\Common\VideoOS.IdentityServer.Common\VideoOS.IdentityServer.Common.UnitTests\bin\Debug\net6.0-windows\VideoOS.IdentityServer.Common.UnitTests.dll" adapterTypeName="executor://mstestadapter/v2" className="VideoOS.IdentityServer.Common.UnitTests.IdpDiscoveryServiceTests" name="ValidateIdpServer_HttpsAddressInvalidPort_ShouldThrow" />
    </UnitTest>
    <UnitTest name="Stop_RefreshGetToken" storage="d:\actions-runner\_work\xpco\xpco\allsolutions\..\common\videoos.identityserver.common\videoos.identityserver.common.unittests\bin\debug\net6.0-windows\videoos.identityserver.common.unittests.dll" id="384c466e-e541-dfd8-e107-db2fc07e11e9">
      <Execution id="5590a925-c90f-41b9-ba0a-2949c898128f" />
      <TestMethod codeBase="D:\actions-runner\_work\XPCO\XPCO\AllSolutions\..\Common\VideoOS.IdentityServer.Common\VideoOS.IdentityServer.Common.UnitTests\bin\Debug\net6.0-windows\VideoOS.IdentityServer.Common.UnitTests.dll" adapterTypeName="executor://mstestadapter/v2" className="VideoOS.IdentityServer.Common.UnitTests.Handlers.TokenCacheTests" name="Stop_RefreshGetToken" />
    </UnitTest>
    <UnitTest name="Start_TokenRefreshFailed_StartTimerInterval5" storage="d:\actions-runner\_work\xpco\xpco\allsolutions\..\common\videoos.identityserver.common\videoos.identityserver.common.unittests\bin\debug\net6.0-windows\videoos.identityserver.common.unittests.dll" id="07e017ec-27c0-e3c7-e86f-7418562949bd">
      <Execution id="881425e1-3b8b-4152-9277-d70027aa2a0d" />
      <TestMethod codeBase="D:\actions-runner\_work\XPCO\XPCO\AllSolutions\..\Common\VideoOS.IdentityServer.Common\VideoOS.IdentityServer.Common.UnitTests\bin\Debug\net6.0-windows\VideoOS.IdentityServer.Common.UnitTests.dll" adapterTypeName="executor://mstestadapter/v2" className="VideoOS.IdentityServer.Common.UnitTests.Handlers.TokenCacheTests" name="Start_TokenRefreshFailed_StartTimerInterval5" />
    </UnitTest>
    <UnitTest name="CreateException_PasswordRequiresDigit_Is_PasswordNotComplexEnoughException" storage="d:\actions-runner\_work\xpco\xpco\allsolutions\..\common\videoos.identityserver.common\videoos.identityserver.common.unittests\bin\debug\net6.0-windows\videoos.identityserver.common.unittests.dll" id="a195a1f3-7257-7b57-25f5-d869b6864153">
      <Execution id="24680684-a848-4bb4-9a4b-dd3b79fbfe85" />
      <TestMethod codeBase="D:\actions-runner\_work\XPCO\XPCO\AllSolutions\..\Common\VideoOS.IdentityServer.Common\VideoOS.IdentityServer.Common.UnitTests\bin\Debug\net6.0-windows\VideoOS.IdentityServer.Common.UnitTests.dll" adapterTypeName="executor://mstestadapter/v2" className="VideoOS.IdentityServer.Common.UnitTests.Exceptions.IdpExceptionFactoryTests" name="CreateException_PasswordRequiresDigit_Is_PasswordNotComplexEnoughException" />
    </UnitTest>
    <UnitTest name="IdpTokenClient_NullCredentials_HttpClientConfiguredToUseDefualtCredentials" storage="d:\actions-runner\_work\xpco\xpco\allsolutions\..\common\videoos.identityserver.common\videoos.identityserver.common.unittests\bin\debug\net6.0-windows\videoos.identityserver.common.unittests.dll" id="4dc452ef-89de-ef92-35ba-5de565a80983">
      <Execution id="985adc1b-16a8-4645-9dc1-57e01be6eb75" />
      <TestMethod codeBase="D:\actions-runner\_work\XPCO\XPCO\AllSolutions\..\Common\VideoOS.IdentityServer.Common\VideoOS.IdentityServer.Common.UnitTests\bin\Debug\net6.0-windows\VideoOS.IdentityServer.Common.UnitTests.dll" adapterTypeName="executor://mstestadapter/v2" className="VideoOS.IdentityServer.Common.UnitTests.IdpTokenClientTests" name="IdpTokenClient_NullCredentials_HttpClientConfiguredToUseDefualtCredentials" />
    </UnitTest>
    <UnitTest name="ValidateToken_SignatureKeyNotFoundMinimumRefreshIntervalReached_RefreshRequested" storage="d:\actions-runner\_work\xpco\xpco\allsolutions\..\common\videoos.identityserver.common\videoos.identityserver.common.unittests\bin\debug\net6.0-windows\videoos.identityserver.common.unittests.dll" id="e9fa84ac-633c-62b6-98d7-47b66e6e189e">
      <Execution id="dff10ca3-d0a9-4316-a8e9-de96eababca5" />
      <TestMethod codeBase="D:\actions-runner\_work\XPCO\XPCO\AllSolutions\..\Common\VideoOS.IdentityServer.Common\VideoOS.IdentityServer.Common.UnitTests\bin\Debug\net6.0-windows\VideoOS.IdentityServer.Common.UnitTests.dll" adapterTypeName="executor://mstestadapter/v2" className="VideoOS.IdentityServer.Common.UnitTests.JwtSecurityTokenValidatorWithConfigurationManagerTests" name="ValidateToken_SignatureKeyNotFoundMinimumRefreshIntervalReached_RefreshRequested" />
    </UnitTest>
    <UnitTest name="Retrieve_EmptyProvider_ThrowsArgumentNullException" storage="d:\actions-runner\_work\xpco\xpco\allsolutions\..\common\videoos.identityserver.common\videoos.identityserver.common.unittests\bin\debug\net6.0-windows\videoos.identityserver.common.unittests.dll" id="fb9a0fbc-d523-38e7-fa29-68166d7c4694">
      <Execution id="b152903c-c5ef-4080-91d0-6ff061e67fb3" />
      <TestMethod codeBase="D:\actions-runner\_work\XPCO\XPCO\AllSolutions\..\Common\VideoOS.IdentityServer.Common\VideoOS.IdentityServer.Common.UnitTests\bin\Debug\net6.0-windows\VideoOS.IdentityServer.Common.UnitTests.dll" adapterTypeName="executor://mstestadapter/v2" className="VideoOS.IdentityServer.Common.UnitTests.Utilities.Tokens.IdpTokenRetrieverTests" name="Retrieve_EmptyProvider_ThrowsArgumentNullException" />
    </UnitTest>
    <UnitTest name="HasValidScheme_UriIsNetTcp_ReturnsTrue" storage="d:\actions-runner\_work\xpco\xpco\allsolutions\..\common\videoos.identityserver.common\videoos.identityserver.common.unittests\bin\debug\net6.0-windows\videoos.identityserver.common.unittests.dll" id="99565e95-1a0c-269c-a11f-12a2852883ea">
      <Execution id="1e6855c6-e838-4c27-8761-94f3b598ced3" />
      <TestMethod codeBase="D:\actions-runner\_work\XPCO\XPCO\AllSolutions\..\Common\VideoOS.IdentityServer.Common\VideoOS.IdentityServer.Common.UnitTests\bin\Debug\net6.0-windows\VideoOS.IdentityServer.Common.UnitTests.dll" adapterTypeName="executor://mstestadapter/v2" className="VideoOS.IdentityServer.Common.UnitTests.Utilities.ServerValidation.UriExtenderTests" name="HasValidScheme_UriIsNetTcp_ReturnsTrue" />
    </UnitTest>
    <UnitTest name="Constructor_ClientTokenSettingsIsNull_ThrowArgumentNullException" storage="d:\actions-runner\_work\xpco\xpco\allsolutions\..\common\videoos.identityserver.common\videoos.identityserver.common.unittests\bin\debug\net6.0-windows\videoos.identityserver.common.unittests.dll" id="6c035807-52d4-6caf-a566-ec498448b6fa">
      <Execution id="a8b874fe-094e-4f2c-a482-e068f01e6942" />
      <TestMethod codeBase="D:\actions-runner\_work\XPCO\XPCO\AllSolutions\..\Common\VideoOS.IdentityServer.Common\VideoOS.IdentityServer.Common.UnitTests\bin\Debug\net6.0-windows\VideoOS.IdentityServer.Common.UnitTests.dll" adapterTypeName="executor://mstestadapter/v2" className="VideoOS.IdentityServer.Common.UnitTests.IdentityServerTokenHandlerTests" name="Constructor_ClientTokenSettingsIsNull_ThrowArgumentNullException" />
    </UnitTest>
    <UnitTest name="GetAsync_ErrorTypeException_DiscoveryResponseIsError" storage="d:\actions-runner\_work\xpco\xpco\allsolutions\..\common\videoos.identityserver.common\videoos.identityserver.common.unittests\bin\debug\net6.0-windows\videoos.identityserver.common.unittests.dll" id="c25f8796-8fb8-e9c9-dc4c-16994d769571">
      <Execution id="e20bd7b7-5603-4a21-8420-e1b18ebd49e0" />
      <TestMethod codeBase="D:\actions-runner\_work\XPCO\XPCO\AllSolutions\..\Common\VideoOS.IdentityServer.Common\VideoOS.IdentityServer.Common.UnitTests\bin\Debug\net6.0-windows\VideoOS.IdentityServer.Common.UnitTests.dll" adapterTypeName="executor://mstestadapter/v2" className="VideoOS.IdentityServer.Common.UnitTests.DiscoveryClientTests" name="GetAsync_ErrorTypeException_DiscoveryResponseIsError" />
    </UnitTest>
    <UnitTest name="GetTokenResponseAsync_HttpStatusIsNotOk_IdpExceptionIsThrown" storage="d:\actions-runner\_work\xpco\xpco\allsolutions\..\common\videoos.identityserver.common\videoos.identityserver.common.unittests\bin\debug\net6.0-windows\videoos.identityserver.common.unittests.dll" id="f15d1485-b568-93f4-d5a1-108ce37ed532">
      <Execution id="27729ceb-7972-4ecf-9810-8502bacc079f" />
      <TestMethod codeBase="D:\actions-runner\_work\XPCO\XPCO\AllSolutions\..\Common\VideoOS.IdentityServer.Common\VideoOS.IdentityServer.Common.UnitTests\bin\Debug\net6.0-windows\VideoOS.IdentityServer.Common.UnitTests.dll" adapterTypeName="executor://mstestadapter/v2" className="VideoOS.IdentityServer.Common.UnitTests.ExternalTokenHandlerTests" name="GetTokenResponseAsync_HttpStatusIsNotOk_IdpExceptionIsThrown" />
    </UnitTest>
    <UnitTest name="GetClaimValue_IdTokenRetrieved_ClaimThere_ReturnsClaimValue" storage="d:\actions-runner\_work\xpco\xpco\allsolutions\..\common\videoos.identityserver.common\videoos.identityserver.common.unittests\bin\debug\net6.0-windows\videoos.identityserver.common.unittests.dll" id="90d13d23-6660-c28a-543b-d374b02dcccb">
      <Execution id="71aa2a32-7e47-4a10-976c-e80026c3022c" />
      <TestMethod codeBase="D:\actions-runner\_work\XPCO\XPCO\AllSolutions\..\Common\VideoOS.IdentityServer.Common\VideoOS.IdentityServer.Common.UnitTests\bin\Debug\net6.0-windows\VideoOS.IdentityServer.Common.UnitTests.dll" adapterTypeName="executor://mstestadapter/v2" className="VideoOS.IdentityServer.Common.UnitTests.Handlers.TokenCacheTests" name="GetClaimValue_IdTokenRetrieved_ClaimThere_ReturnsClaimValue" />
    </UnitTest>
    <UnitTest name="CreateException_DuplicateAdminIdentity_Is_DuplicateAdminIdentityException" storage="d:\actions-runner\_work\xpco\xpco\allsolutions\..\common\videoos.identityserver.common\videoos.identityserver.common.unittests\bin\debug\net6.0-windows\videoos.identityserver.common.unittests.dll" id="98edab49-64e8-bcaf-beed-559fb53bdf3f">
      <Execution id="2d183b93-2e00-4da7-ae20-5b41af5ac9c5" />
      <TestMethod codeBase="D:\actions-runner\_work\XPCO\XPCO\AllSolutions\..\Common\VideoOS.IdentityServer.Common\VideoOS.IdentityServer.Common.UnitTests\bin\Debug\net6.0-windows\VideoOS.IdentityServer.Common.UnitTests.dll" adapterTypeName="executor://mstestadapter/v2" className="VideoOS.IdentityServer.Common.UnitTests.Exceptions.IdpExceptionFactoryTests" name="CreateException_DuplicateAdminIdentity_Is_DuplicateAdminIdentityException" />
    </UnitTest>
    <UnitTest name="CreateException_LockedOut_Is_LockedOutException" storage="d:\actions-runner\_work\xpco\xpco\allsolutions\..\common\videoos.identityserver.common\videoos.identityserver.common.unittests\bin\debug\net6.0-windows\videoos.identityserver.common.unittests.dll" id="26714a1a-41f7-451e-82b0-891505fd3754">
      <Execution id="40f7afcc-0e69-4e5c-b8f0-f5bdfbe66325" />
      <TestMethod codeBase="D:\actions-runner\_work\XPCO\XPCO\AllSolutions\..\Common\VideoOS.IdentityServer.Common\VideoOS.IdentityServer.Common.UnitTests\bin\Debug\net6.0-windows\VideoOS.IdentityServer.Common.UnitTests.dll" adapterTypeName="executor://mstestadapter/v2" className="VideoOS.IdentityServer.Common.UnitTests.Exceptions.IdpExceptionFactoryTests" name="CreateException_LockedOut_Is_LockedOutException" />
    </UnitTest>
    <UnitTest name="Construct_InvalidParam_ClientIBaseServerUri_PartialUri_Throws_ArgumentException" storage="d:\actions-runner\_work\xpco\xpco\allsolutions\..\common\videoos.identityserver.common\videoos.identityserver.common.unittests\bin\debug\net6.0-windows\videoos.identityserver.common.unittests.dll" id="f37524f4-6178-1300-0d38-772771a42b59">
      <Execution id="3296b4c4-1732-4fa4-8f31-abdb120668e6" />
      <TestMethod codeBase="D:\actions-runner\_work\XPCO\XPCO\AllSolutions\..\Common\VideoOS.IdentityServer.Common\VideoOS.IdentityServer.Common.UnitTests\bin\Debug\net6.0-windows\VideoOS.IdentityServer.Common.UnitTests.dll" adapterTypeName="executor://mstestadapter/v2" className="VideoOS.IdentityServer.Common.UnitTests.Handlers.IdentityServerToken.IdentityServerClientSettingsTests" name="Construct_InvalidParam_ClientIBaseServerUri_PartialUri_Throws_ArgumentException" />
    </UnitTest>
    <UnitTest name="HandleException_WebException_Status_KeepAliveFailure_ReturnsTrue" storage="d:\actions-runner\_work\xpco\xpco\allsolutions\..\common\videoos.identityserver.common\videoos.identityserver.common.unittests\bin\debug\net6.0-windows\videoos.identityserver.common.unittests.dll" id="8b0bbd88-d4e3-018e-eff8-fdef5f0617d3">
      <Execution id="b0eb72d2-d789-4321-85b5-dcabd84a194f" />
      <TestMethod codeBase="D:\actions-runner\_work\XPCO\XPCO\AllSolutions\..\Common\VideoOS.IdentityServer.Common\VideoOS.IdentityServer.Common.UnitTests\bin\Debug\net6.0-windows\VideoOS.IdentityServer.Common.UnitTests.dll" adapterTypeName="executor://mstestadapter/v2" className="VideoOS.IdentityServer.Common.UnitTests.Utilities.ServerValidation.IdpExceptionHandlerTests" name="HandleException_WebException_Status_KeepAliveFailure_ReturnsTrue" />
    </UnitTest>
    <UnitTest name="HasValidScheme_UriIsMailTo_ReturnsTrue" storage="d:\actions-runner\_work\xpco\xpco\allsolutions\..\common\videoos.identityserver.common\videoos.identityserver.common.unittests\bin\debug\net6.0-windows\videoos.identityserver.common.unittests.dll" id="1620f4f3-fa43-753e-a977-2bf07d76d45d">
      <Execution id="7fd58ab8-0c64-4122-9b02-2c90ecc21ae2" />
      <TestMethod codeBase="D:\actions-runner\_work\XPCO\XPCO\AllSolutions\..\Common\VideoOS.IdentityServer.Common\VideoOS.IdentityServer.Common.UnitTests\bin\Debug\net6.0-windows\VideoOS.IdentityServer.Common.UnitTests.dll" adapterTypeName="executor://mstestadapter/v2" className="VideoOS.IdentityServer.Common.UnitTests.Utilities.ServerValidation.UriExtenderTests" name="HasValidScheme_UriIsMailTo_ReturnsTrue" />
    </UnitTest>
    <UnitTest name="Constructor_RequestedScopes_Filtered_by_Supported" storage="d:\actions-runner\_work\xpco\xpco\allsolutions\..\common\videoos.identityserver.common\videoos.identityserver.common.unittests\bin\debug\net6.0-windows\videoos.identityserver.common.unittests.dll" id="44c7436c-905a-58ad-44f0-0942a51a60c8">
      <Execution id="575dfce4-10f5-44f6-9552-beaf59c8ad21" />
      <TestMethod codeBase="D:\actions-runner\_work\XPCO\XPCO\AllSolutions\..\Common\VideoOS.IdentityServer.Common\VideoOS.IdentityServer.Common.UnitTests\bin\Debug\net6.0-windows\VideoOS.IdentityServer.Common.UnitTests.dll" adapterTypeName="executor://mstestadapter/v2" className="VideoOS.IdentityServer.Common.UnitTests.Utilities.Tokens.IdpTokenRetrieverTests" name="Constructor_RequestedScopes_Filtered_by_Supported" />
    </UnitTest>
    <UnitTest name="Construct_InvalidParam_GrantType_EmptyString_Throws_ArgumentNullException" storage="d:\actions-runner\_work\xpco\xpco\allsolutions\..\common\videoos.identityserver.common\videoos.identityserver.common.unittests\bin\debug\net6.0-windows\videoos.identityserver.common.unittests.dll" id="abc17b2d-2fdc-8231-f8f9-d08681dce944">
      <Execution id="8ab61404-ccb8-4865-a369-66fafeb47f88" />
      <TestMethod codeBase="D:\actions-runner\_work\XPCO\XPCO\AllSolutions\..\Common\VideoOS.IdentityServer.Common\VideoOS.IdentityServer.Common.UnitTests\bin\Debug\net6.0-windows\VideoOS.IdentityServer.Common.UnitTests.dll" adapterTypeName="executor://mstestadapter/v2" className="VideoOS.IdentityServer.Common.UnitTests.Handlers.IdentityServerToken.IdentityServerClientSettingsTests" name="Construct_InvalidParam_GrantType_EmptyString_Throws_ArgumentNullException" />
    </UnitTest>
    <UnitTest name="Ctor_AddressIsNull_ThrowsArgumentNullException" storage="d:\actions-runner\_work\xpco\xpco\allsolutions\..\common\videoos.identityserver.common\videoos.identityserver.common.unittests\bin\debug\net6.0-windows\videoos.identityserver.common.unittests.dll" id="2f8b9abc-1c8d-726a-bc19-fbcf045e42b5">
      <Execution id="28f43c0d-3e26-47d8-aafd-190a98226e60" />
      <TestMethod codeBase="D:\actions-runner\_work\XPCO\XPCO\AllSolutions\..\Common\VideoOS.IdentityServer.Common\VideoOS.IdentityServer.Common.UnitTests\bin\Debug\net6.0-windows\VideoOS.IdentityServer.Common.UnitTests.dll" adapterTypeName="executor://mstestadapter/v2" className="VideoOS.IdentityServer.Common.UnitTests.OpenIdTokenHandlerTests" name="Ctor_AddressIsNull_ThrowsArgumentNullException" />
    </UnitTest>
    <UnitTest name="Configure_ClientSecretIsSetInSecretOptionsObject" storage="d:\actions-runner\_work\xpco\xpco\allsolutions\..\common\videoos.identityserver.common\videoos.identityserver.common.unittests\bin\debug\net6.0-windows\videoos.identityserver.common.unittests.dll" id="3d28f919-d5cf-6a4a-935f-5362d819b368">
      <Execution id="f3b88b3b-b87f-45b7-8420-b6d60f687d09" />
      <TestMethod codeBase="D:\actions-runner\_work\XPCO\XPCO\AllSolutions\..\Common\VideoOS.IdentityServer.Common\VideoOS.IdentityServer.Common.UnitTests\bin\Debug\net6.0-windows\VideoOS.IdentityServer.Common.UnitTests.dll" adapterTypeName="executor://mstestadapter/v2" className="VideoOS.IdentityServer.Common.UnitTests.Extensions.SecretOptionsSetupTests" name="Configure_ClientSecretIsSetInSecretOptionsObject" />
    </UnitTest>
    <UnitTest name="ValidateToken_SubClaimMissing_SystemClaimIsAddedToClaims" storage="d:\actions-runner\_work\xpco\xpco\allsolutions\..\common\videoos.identityserver.common\videoos.identityserver.common.unittests\bin\debug\net6.0-windows\videoos.identityserver.common.unittests.dll" id="970cd01e-43a8-573f-d6bb-d3e5d63f1935">
      <Execution id="76b1660b-bfce-4c56-b740-73a28966f2cf" />
      <TestMethod codeBase="D:\actions-runner\_work\XPCO\XPCO\AllSolutions\..\Common\VideoOS.IdentityServer.Common\VideoOS.IdentityServer.Common.UnitTests\bin\Debug\net6.0-windows\VideoOS.IdentityServer.Common.UnitTests.dll" adapterTypeName="executor://mstestadapter/v2" className="VideoOS.IdentityServer.Common.UnitTests.OpenIdTokenHandlerTests" name="ValidateToken_SubClaimMissing_SystemClaimIsAddedToClaims" />
    </UnitTest>
    <UnitTest name="CreateException_500_Is_UnauthorizedException" storage="d:\actions-runner\_work\xpco\xpco\allsolutions\..\common\videoos.identityserver.common\videoos.identityserver.common.unittests\bin\debug\net6.0-windows\videoos.identityserver.common.unittests.dll" id="5401d072-9045-3f20-e5b8-85e624c8ae31">
      <Execution id="2852a6d7-eb02-46fa-82c1-020875eefb51" />
      <TestMethod codeBase="D:\actions-runner\_work\XPCO\XPCO\AllSolutions\..\Common\VideoOS.IdentityServer.Common\VideoOS.IdentityServer.Common.UnitTests\bin\Debug\net6.0-windows\VideoOS.IdentityServer.Common.UnitTests.dll" adapterTypeName="executor://mstestadapter/v2" className="VideoOS.IdentityServer.Common.UnitTests.Exceptions.IdpExceptionFactoryTests" name="CreateException_500_Is_UnauthorizedException" />
    </UnitTest>
    <UnitTest name="Constructor_NullIIdpTokenRetriever_ThrowsArgumentNullException" storage="d:\actions-runner\_work\xpco\xpco\allsolutions\..\common\videoos.identityserver.common\videoos.identityserver.common.unittests\bin\debug\net6.0-windows\videoos.identityserver.common.unittests.dll" id="3c9fa628-c7d5-d183-10bb-7d387f6779bb">
      <Execution id="9fe0fbbf-9615-4582-b15c-2948ab6b5314" />
      <TestMethod codeBase="D:\actions-runner\_work\XPCO\XPCO\AllSolutions\..\Common\VideoOS.IdentityServer.Common\VideoOS.IdentityServer.Common.UnitTests\bin\Debug\net6.0-windows\VideoOS.IdentityServer.Common.UnitTests.dll" adapterTypeName="executor://mstestadapter/v2" className="VideoOS.IdentityServer.Common.UnitTests.ExternalTokenHandlerTests" name="Constructor_NullIIdpTokenRetriever_ThrowsArgumentNullException" />
    </UnitTest>
    <UnitTest name="Construct_DefaultConstructor_UsesDefaultTimeout_Success" storage="d:\actions-runner\_work\xpco\xpco\allsolutions\..\common\videoos.identityserver.common\videoos.identityserver.common.unittests\bin\debug\net6.0-windows\videoos.identityserver.common.unittests.dll" id="8acb64df-af33-04f7-00cd-764cd60dcd21">
      <Execution id="d825e213-af8b-415f-ae1d-8ceb1900d7b2" />
      <TestMethod codeBase="D:\actions-runner\_work\XPCO\XPCO\AllSolutions\..\Common\VideoOS.IdentityServer.Common\VideoOS.IdentityServer.Common.UnitTests\bin\Debug\net6.0-windows\VideoOS.IdentityServer.Common.UnitTests.dll" adapterTypeName="executor://mstestadapter/v2" className="VideoOS.IdentityServer.Common.UnitTests.Utilities.SslVerificationTests" name="Construct_DefaultConstructor_UsesDefaultTimeout_Success" />
    </UnitTest>
    <UnitTest name="CreateException_403_Is_ForbiddenException" storage="d:\actions-runner\_work\xpco\xpco\allsolutions\..\common\videoos.identityserver.common\videoos.identityserver.common.unittests\bin\debug\net6.0-windows\videoos.identityserver.common.unittests.dll" id="bf546bdc-4b09-7c78-8e68-7999cc725390">
      <Execution id="510ce350-44fc-44b2-b3ff-4c84a2d1e14a" />
      <TestMethod codeBase="D:\actions-runner\_work\XPCO\XPCO\AllSolutions\..\Common\VideoOS.IdentityServer.Common\VideoOS.IdentityServer.Common.UnitTests\bin\Debug\net6.0-windows\VideoOS.IdentityServer.Common.UnitTests.dll" adapterTypeName="executor://mstestadapter/v2" className="VideoOS.IdentityServer.Common.UnitTests.Exceptions.IdpExceptionFactoryTests" name="CreateException_403_Is_ForbiddenException" />
    </UnitTest>
    <UnitTest name="HasValidScheme_UriIsGopher_ReturnsTrue" storage="d:\actions-runner\_work\xpco\xpco\allsolutions\..\common\videoos.identityserver.common\videoos.identityserver.common.unittests\bin\debug\net6.0-windows\videoos.identityserver.common.unittests.dll" id="1b2a48cb-3076-b35a-c216-de57ac818d9a">
      <Execution id="337ceb28-80bd-435c-bc8a-308178891389" />
      <TestMethod codeBase="D:\actions-runner\_work\XPCO\XPCO\AllSolutions\..\Common\VideoOS.IdentityServer.Common\VideoOS.IdentityServer.Common.UnitTests\bin\Debug\net6.0-windows\VideoOS.IdentityServer.Common.UnitTests.dll" adapterTypeName="executor://mstestadapter/v2" className="VideoOS.IdentityServer.Common.UnitTests.Utilities.ServerValidation.UriExtenderTests" name="HasValidScheme_UriIsGopher_ReturnsTrue" />
    </UnitTest>
    <UnitTest name="GetTokenResponseAsync_TokenResponseIsReturned" storage="d:\actions-runner\_work\xpco\xpco\allsolutions\..\common\videoos.identityserver.common\videoos.identityserver.common.unittests\bin\debug\net6.0-windows\videoos.identityserver.common.unittests.dll" id="a912da9b-9910-2e20-bdfd-ebd2e525320e">
      <Execution id="da7fbdb6-e346-4af3-8f54-5976d94de142" />
      <TestMethod codeBase="D:\actions-runner\_work\XPCO\XPCO\AllSolutions\..\Common\VideoOS.IdentityServer.Common\VideoOS.IdentityServer.Common.UnitTests\bin\Debug\net6.0-windows\VideoOS.IdentityServer.Common.UnitTests.dll" adapterTypeName="executor://mstestadapter/v2" className="VideoOS.IdentityServer.Common.UnitTests.ExternalTokenHandlerTests" name="GetTokenResponseAsync_TokenResponseIsReturned" />
    </UnitTest>
    <UnitTest name="HasValidScheme_UriInvalid_Null_ReturnsFalse" storage="d:\actions-runner\_work\xpco\xpco\allsolutions\..\common\videoos.identityserver.common\videoos.identityserver.common.unittests\bin\debug\net6.0-windows\videoos.identityserver.common.unittests.dll" id="4028140e-6ceb-44db-b0b0-5a4385a02e69">
      <Execution id="ba666e96-8c51-4042-90cc-5263dc37331e" />
      <TestMethod codeBase="D:\actions-runner\_work\XPCO\XPCO\AllSolutions\..\Common\VideoOS.IdentityServer.Common\VideoOS.IdentityServer.Common.UnitTests\bin\Debug\net6.0-windows\VideoOS.IdentityServer.Common.UnitTests.dll" adapterTypeName="executor://mstestadapter/v2" className="VideoOS.IdentityServer.Common.UnitTests.Utilities.ServerValidation.UriExtenderTests" name="HasValidScheme_UriInvalid_Null_ReturnsFalse" />
    </UnitTest>
    <UnitTest name="Constructor_NullIdToken_ThrowsArgumentNullException" storage="d:\actions-runner\_work\xpco\xpco\allsolutions\..\common\videoos.identityserver.common\videoos.identityserver.common.unittests\bin\debug\net6.0-windows\videoos.identityserver.common.unittests.dll" id="2f5d977d-1e91-46c0-f08f-cb953748d3bb">
      <Execution id="b8e77034-6ac6-48e0-b41a-5059bae0c5a9" />
      <TestMethod codeBase="D:\actions-runner\_work\XPCO\XPCO\AllSolutions\..\Common\VideoOS.IdentityServer.Common\VideoOS.IdentityServer.Common.UnitTests\bin\Debug\net6.0-windows\VideoOS.IdentityServer.Common.UnitTests.dll" adapterTypeName="executor://mstestadapter/v2" className="VideoOS.IdentityServer.Common.UnitTests.Utilities.Tokens.IdpTokensTests" name="Constructor_NullIdToken_ThrowsArgumentNullException" />
    </UnitTest>
    <UnitTest name="HandleException_WebException_Status_Timeout_ReturnsTrue" storage="d:\actions-runner\_work\xpco\xpco\allsolutions\..\common\videoos.identityserver.common\videoos.identityserver.common.unittests\bin\debug\net6.0-windows\videoos.identityserver.common.unittests.dll" id="aa47e31d-c2f6-bb7b-d522-2ea72ad09b0c">
      <Execution id="9e1e33bd-6649-4698-8f8f-03b73205a3c6" />
      <TestMethod codeBase="D:\actions-runner\_work\XPCO\XPCO\AllSolutions\..\Common\VideoOS.IdentityServer.Common\VideoOS.IdentityServer.Common.UnitTests\bin\Debug\net6.0-windows\VideoOS.IdentityServer.Common.UnitTests.dll" adapterTypeName="executor://mstestadapter/v2" className="VideoOS.IdentityServer.Common.UnitTests.Utilities.ServerValidation.IdpExceptionHandlerTests" name="HandleException_WebException_Status_Timeout_ReturnsTrue" />
    </UnitTest>
    <UnitTest name="UserName_NoNameClaim_ThrowsInvalidOperationException" storage="d:\actions-runner\_work\xpco\xpco\allsolutions\..\common\videoos.identityserver.common\videoos.identityserver.common.unittests\bin\debug\net6.0-windows\videoos.identityserver.common.unittests.dll" id="4e64a2d0-91fd-57ef-a8c4-3f9f75705cb7">
      <Execution id="b54366b0-6010-4c80-967e-1af9f700d3bf" />
      <TestMethod codeBase="D:\actions-runner\_work\XPCO\XPCO\AllSolutions\..\Common\VideoOS.IdentityServer.Common\VideoOS.IdentityServer.Common.UnitTests\bin\Debug\net6.0-windows\VideoOS.IdentityServer.Common.UnitTests.dll" adapterTypeName="executor://mstestadapter/v2" className="VideoOS.IdentityServer.Common.UnitTests.Handlers.TokenCacheTests" name="UserName_NoNameClaim_ThrowsInvalidOperationException" />
    </UnitTest>
    <UnitTest name="RegisterAuthorizationCodeClientWithToken_AccessTokenIsNull_ThrowArgumentException" storage="d:\actions-runner\_work\xpco\xpco\allsolutions\..\common\videoos.identityserver.common\videoos.identityserver.common.unittests\bin\debug\net6.0-windows\videoos.identityserver.common.unittests.dll" id="46272a5b-6f40-ca49-f0c0-19ef57f507c2">
      <Execution id="ffc4d48b-d8bf-4517-86ba-e1da7e398b71" />
      <TestMethod codeBase="D:\actions-runner\_work\XPCO\XPCO\AllSolutions\..\Common\VideoOS.IdentityServer.Common\VideoOS.IdentityServer.Common.UnitTests\bin\Debug\net6.0-windows\VideoOS.IdentityServer.Common.UnitTests.dll" adapterTypeName="executor://mstestadapter/v2" className="VideoOS.IdentityServer.Common.UnitTests.IdpRegistrationClientTests" name="RegisterAuthorizationCodeClientWithToken_AccessTokenIsNull_ThrowArgumentException" />
    </UnitTest>
    <UnitTest name="ClientCredentialsAuthenticationAsync_SecretIsNull_ThrowArgumentException" storage="d:\actions-runner\_work\xpco\xpco\allsolutions\..\common\videoos.identityserver.common\videoos.identityserver.common.unittests\bin\debug\net6.0-windows\videoos.identityserver.common.unittests.dll" id="0c88b540-cd14-9945-dfea-9607412205d7">
      <Execution id="262c340f-5fc5-4607-91e7-d8d14b2c6665" />
      <TestMethod codeBase="D:\actions-runner\_work\XPCO\XPCO\AllSolutions\..\Common\VideoOS.IdentityServer.Common\VideoOS.IdentityServer.Common.UnitTests\bin\Debug\net6.0-windows\VideoOS.IdentityServer.Common.UnitTests.dll" adapterTypeName="executor://mstestadapter/v2" className="VideoOS.IdentityServer.Common.UnitTests.IdpTokenClientTests" name="ClientCredentialsAuthenticationAsync_SecretIsNull_ThrowArgumentException" />
    </UnitTest>
    <UnitTest name="Constructor_NullUri_ThrowsArgumentNullException" storage="d:\actions-runner\_work\xpco\xpco\allsolutions\..\common\videoos.identityserver.common\videoos.identityserver.common.unittests\bin\debug\net6.0-windows\videoos.identityserver.common.unittests.dll" id="957b72e6-223d-945c-7af4-a1f0fe7fb5d3">
      <Execution id="322dba04-5792-4e2d-a7e2-b6f6e53a715d" />
      <TestMethod codeBase="D:\actions-runner\_work\XPCO\XPCO\AllSolutions\..\Common\VideoOS.IdentityServer.Common\VideoOS.IdentityServer.Common.UnitTests\bin\Debug\net6.0-windows\VideoOS.IdentityServer.Common.UnitTests.dll" adapterTypeName="executor://mstestadapter/v2" className="VideoOS.IdentityServer.Common.UnitTests.ExternalTokenHandlerTests" name="Constructor_NullUri_ThrowsArgumentNullException" />
    </UnitTest>
    <UnitTest name="ClientCredentialsAuthenticationAsync_StatusCodeOk_TokenResponseWithTokenIsReturned" storage="d:\actions-runner\_work\xpco\xpco\allsolutions\..\common\videoos.identityserver.common\videoos.identityserver.common.unittests\bin\debug\net6.0-windows\videoos.identityserver.common.unittests.dll" id="b61d19a2-eeb7-66f5-f12f-c31f348cabd6">
      <Execution id="8a438c24-74df-4210-83d0-e525681d41a3" />
      <TestMethod codeBase="D:\actions-runner\_work\XPCO\XPCO\AllSolutions\..\Common\VideoOS.IdentityServer.Common\VideoOS.IdentityServer.Common.UnitTests\bin\Debug\net6.0-windows\VideoOS.IdentityServer.Common.UnitTests.dll" adapterTypeName="executor://mstestadapter/v2" className="VideoOS.IdentityServer.Common.UnitTests.IdpTokenClientTests" name="ClientCredentialsAuthenticationAsync_StatusCodeOk_TokenResponseWithTokenIsReturned" />
    </UnitTest>
    <UnitTest name="RefreshToken_TokenIsNotJWT_IdentityServerTokenException" storage="d:\actions-runner\_work\xpco\xpco\allsolutions\..\common\videoos.identityserver.common\videoos.identityserver.common.unittests\bin\debug\net6.0-windows\videoos.identityserver.common.unittests.dll" id="0e660fb6-01c2-ec2d-f816-fac9e4547e68">
      <Execution id="f6ef5cf5-8345-4dad-93cd-5246e9c3060a" />
      <TestMethod codeBase="D:\actions-runner\_work\XPCO\XPCO\AllSolutions\..\Common\VideoOS.IdentityServer.Common\VideoOS.IdentityServer.Common.UnitTests\bin\Debug\net6.0-windows\VideoOS.IdentityServer.Common.UnitTests.dll" adapterTypeName="executor://mstestadapter/v2" className="VideoOS.IdentityServer.Common.UnitTests.Handlers.IdentityServerToken.SimpleTokenCacheTests" name="RefreshToken_TokenIsNotJWT_IdentityServerTokenException" />
    </UnitTest>
    <UnitTest name="Constructor_EmptyIdToken_ThrowsArgumentNullException" storage="d:\actions-runner\_work\xpco\xpco\allsolutions\..\common\videoos.identityserver.common\videoos.identityserver.common.unittests\bin\debug\net6.0-windows\videoos.identityserver.common.unittests.dll" id="aceed3fe-4ee0-3f07-6d4b-e9ae24c2527d">
      <Execution id="49fc3815-39da-4d81-b9db-5cd4d2a2636f" />
      <TestMethod codeBase="D:\actions-runner\_work\XPCO\XPCO\AllSolutions\..\Common\VideoOS.IdentityServer.Common\VideoOS.IdentityServer.Common.UnitTests\bin\Debug\net6.0-windows\VideoOS.IdentityServer.Common.UnitTests.dll" adapterTypeName="executor://mstestadapter/v2" className="VideoOS.IdentityServer.Common.UnitTests.Utilities.Tokens.IdpTokensTests" name="Constructor_EmptyIdToken_ThrowsArgumentNullException" />
    </UnitTest>
    <UnitTest name="GetAllValidScopes_ResponseHasSuccessfulStatusCode_ScopesAreReturned" storage="d:\actions-runner\_work\xpco\xpco\allsolutions\..\common\videoos.identityserver.common\videoos.identityserver.common.unittests\bin\debug\net6.0-windows\videoos.identityserver.common.unittests.dll" id="59d00ef5-8a37-2b1f-99b8-740e21e44e72">
      <Execution id="c908a6e9-58fd-4ea8-9e2d-d49752fc55eb" />
      <TestMethod codeBase="D:\actions-runner\_work\XPCO\XPCO\AllSolutions\..\Common\VideoOS.IdentityServer.Common\VideoOS.IdentityServer.Common.UnitTests\bin\Debug\net6.0-windows\VideoOS.IdentityServer.Common.UnitTests.dll" adapterTypeName="executor://mstestadapter/v2" className="VideoOS.IdentityServer.Common.UnitTests.IdpRegistrationClientTests" name="GetAllValidScopes_ResponseHasSuccessfulStatusCode_ScopesAreReturned" />
    </UnitTest>
    <UnitTest name="GetTokenWithRegisterClientScope_ResponseHasSuccessfulStatusCode_TokenIsReturned" storage="d:\actions-runner\_work\xpco\xpco\allsolutions\..\common\videoos.identityserver.common\videoos.identityserver.common.unittests\bin\debug\net6.0-windows\videoos.identityserver.common.unittests.dll" id="67a73538-1027-a501-a8ed-160a0b377dca">
      <Execution id="4964242d-b4bf-40b6-8106-3181e7a26729" />
      <TestMethod codeBase="D:\actions-runner\_work\XPCO\XPCO\AllSolutions\..\Common\VideoOS.IdentityServer.Common\VideoOS.IdentityServer.Common.UnitTests\bin\Debug\net6.0-windows\VideoOS.IdentityServer.Common.UnitTests.dll" adapterTypeName="executor://mstestadapter/v2" className="VideoOS.IdentityServer.Common.UnitTests.IdpRegistrationClientTests" name="GetTokenWithRegisterClientScope_ResponseHasSuccessfulStatusCode_TokenIsReturned" />
    </UnitTest>
    <UnitTest name="ValidateFasterIdpServerOnBothSchemas_WorkingHttpAddress_ShouldSuccess" storage="d:\actions-runner\_work\xpco\xpco\allsolutions\..\common\videoos.identityserver.common\videoos.identityserver.common.unittests\bin\debug\net6.0-windows\videoos.identityserver.common.unittests.dll" id="4b3a00da-f880-578f-c303-7e5e482337d2">
      <Execution id="0a8f20fd-fb82-42a9-84e9-1f52932ec77a" />
      <TestMethod codeBase="D:\actions-runner\_work\XPCO\XPCO\AllSolutions\..\Common\VideoOS.IdentityServer.Common\VideoOS.IdentityServer.Common.UnitTests\bin\Debug\net6.0-windows\VideoOS.IdentityServer.Common.UnitTests.dll" adapterTypeName="executor://mstestadapter/v2" className="VideoOS.IdentityServer.Common.UnitTests.IdpDiscoveryServiceTests" name="ValidateFasterIdpServerOnBothSchemas_WorkingHttpAddress_ShouldSuccess" />
    </UnitTest>
    <UnitTest name="Start_TimeToTokenExpireOver5min_NewStart_TokenCacheUpdated" storage="d:\actions-runner\_work\xpco\xpco\allsolutions\..\common\videoos.identityserver.common\videoos.identityserver.common.unittests\bin\debug\net6.0-windows\videoos.identityserver.common.unittests.dll" id="45e382ab-a2e7-81c4-c83f-6e836a16f442">
      <Execution id="3f14907b-ba11-4d0a-a9fd-51c6ac62cc85" />
      <TestMethod codeBase="D:\actions-runner\_work\XPCO\XPCO\AllSolutions\..\Common\VideoOS.IdentityServer.Common\VideoOS.IdentityServer.Common.UnitTests\bin\Debug\net6.0-windows\VideoOS.IdentityServer.Common.UnitTests.dll" adapterTypeName="executor://mstestadapter/v2" className="VideoOS.IdentityServer.Common.UnitTests.Handlers.TokenCacheTests" name="Start_TimeToTokenExpireOver5min_NewStart_TokenCacheUpdated" />
    </UnitTest>
    <UnitTest name="Constructor_NullUri_ThrowsArgumentNullException" storage="d:\actions-runner\_work\xpco\xpco\allsolutions\..\common\videoos.identityserver.common\videoos.identityserver.common.unittests\bin\debug\net6.0-windows\videoos.identityserver.common.unittests.dll" id="836c4ce4-261b-464f-c6a6-10c2a88fa0d7">
      <Execution id="e06d696d-b35c-4429-b550-527c66445bbd" />
      <TestMethod codeBase="D:\actions-runner\_work\XPCO\XPCO\AllSolutions\..\Common\VideoOS.IdentityServer.Common\VideoOS.IdentityServer.Common.UnitTests\bin\Debug\net6.0-windows\VideoOS.IdentityServer.Common.UnitTests.dll" adapterTypeName="executor://mstestadapter/v2" className="VideoOS.IdentityServer.Common.UnitTests.ExchangeTokenHandlerTests" name="Constructor_NullUri_ThrowsArgumentNullException" />
    </UnitTest>
    <UnitTest name="Construct_InvalidParam_BaseServeruri_Null_Throws_ArgumentNullException" storage="d:\actions-runner\_work\xpco\xpco\allsolutions\..\common\videoos.identityserver.common\videoos.identityserver.common.unittests\bin\debug\net6.0-windows\videoos.identityserver.common.unittests.dll" id="2461b8e3-8daf-c6ae-fd7a-04ef2c9029b1">
      <Execution id="d23c7303-f1ee-491e-b4ad-164cbe8a2eba" />
      <TestMethod codeBase="D:\actions-runner\_work\XPCO\XPCO\AllSolutions\..\Common\VideoOS.IdentityServer.Common\VideoOS.IdentityServer.Common.UnitTests\bin\Debug\net6.0-windows\VideoOS.IdentityServer.Common.UnitTests.dll" adapterTypeName="executor://mstestadapter/v2" className="VideoOS.IdentityServer.Common.UnitTests.Handlers.IdentityServerToken.IdentityServerClientSettingsTests" name="Construct_InvalidParam_BaseServeruri_Null_Throws_ArgumentNullException" />
    </UnitTest>
    <UnitTest name="HandleException_InnerException_WebException_Status_ProtocolError_ReturnsFalse" storage="d:\actions-runner\_work\xpco\xpco\allsolutions\..\common\videoos.identityserver.common\videoos.identityserver.common.unittests\bin\debug\net6.0-windows\videoos.identityserver.common.unittests.dll" id="94cf9b96-4bb3-ba5f-0704-49b8fc9a4cf0">
      <Execution id="e9f62f61-a0cd-43ad-9978-0acf610794cc" />
      <TestMethod codeBase="D:\actions-runner\_work\XPCO\XPCO\AllSolutions\..\Common\VideoOS.IdentityServer.Common\VideoOS.IdentityServer.Common.UnitTests\bin\Debug\net6.0-windows\VideoOS.IdentityServer.Common.UnitTests.dll" adapterTypeName="executor://mstestadapter/v2" className="VideoOS.IdentityServer.Common.UnitTests.Utilities.ServerValidation.IdpExceptionHandlerTests" name="HandleException_InnerException_WebException_Status_ProtocolError_ReturnsFalse" />
    </UnitTest>
    <UnitTest name="HasValidScheme_UriIsFtp_ReturnsTrue" storage="d:\actions-runner\_work\xpco\xpco\allsolutions\..\common\videoos.identityserver.common\videoos.identityserver.common.unittests\bin\debug\net6.0-windows\videoos.identityserver.common.unittests.dll" id="d721172e-4856-c743-a2e0-556773d6db34">
      <Execution id="4cb2cd68-0b1d-459c-84eb-7e424dd9e2fb" />
      <TestMethod codeBase="D:\actions-runner\_work\XPCO\XPCO\AllSolutions\..\Common\VideoOS.IdentityServer.Common\VideoOS.IdentityServer.Common.UnitTests\bin\Debug\net6.0-windows\VideoOS.IdentityServer.Common.UnitTests.dll" adapterTypeName="executor://mstestadapter/v2" className="VideoOS.IdentityServer.Common.UnitTests.Utilities.ServerValidation.UriExtenderTests" name="HasValidScheme_UriIsFtp_ReturnsTrue" />
    </UnitTest>
    <UnitTest name="ValidateToken_RefreshIntervalReached_NewConfigRetrieved" storage="d:\actions-runner\_work\xpco\xpco\allsolutions\..\common\videoos.identityserver.common\videoos.identityserver.common.unittests\bin\debug\net6.0-windows\videoos.identityserver.common.unittests.dll" id="df98ebf9-08c0-e892-4032-ff03288ed21d">
      <Execution id="d805f8e8-fc9f-4997-8bd4-0086df71e67e" />
      <TestMethod codeBase="D:\actions-runner\_work\XPCO\XPCO\AllSolutions\..\Common\VideoOS.IdentityServer.Common\VideoOS.IdentityServer.Common.UnitTests\bin\Debug\net6.0-windows\VideoOS.IdentityServer.Common.UnitTests.dll" adapterTypeName="executor://mstestadapter/v2" className="VideoOS.IdentityServer.Common.UnitTests.JwtSecurityTokenValidatorWithConfigurationManagerTests" name="ValidateToken_RefreshIntervalReached_NewConfigRetrieved" />
    </UnitTest>
    <UnitTest name="BasicOpenAuthenticationHeaderValue_Constructor_Success_SpaceInUserName" storage="d:\actions-runner\_work\xpco\xpco\allsolutions\..\common\videoos.identityserver.common\videoos.identityserver.common.unittests\bin\debug\net6.0-windows\videoos.identityserver.common.unittests.dll" id="3dcddc47-428b-8273-354a-bd306914fecf">
      <Execution id="0b569c7a-373b-4ddc-89a2-378262236093" />
      <TestMethod codeBase="D:\actions-runner\_work\XPCO\XPCO\AllSolutions\..\Common\VideoOS.IdentityServer.Common\VideoOS.IdentityServer.Common.UnitTests\bin\Debug\net6.0-windows\VideoOS.IdentityServer.Common.UnitTests.dll" adapterTypeName="executor://mstestadapter/v2" className="VideoOS.IdentityServer.Common.UnitTests.BasicOpenAuthenticationHeaderValueTests" name="BasicOpenAuthenticationHeaderValue_Constructor_Success_SpaceInUserName" />
    </UnitTest>
    <UnitTest name="Constructor_EmptyRefreshToken_ThrowsArgumentNullException" storage="d:\actions-runner\_work\xpco\xpco\allsolutions\..\common\videoos.identityserver.common\videoos.identityserver.common.unittests\bin\debug\net6.0-windows\videoos.identityserver.common.unittests.dll" id="6305c415-2662-3605-7a21-6246fd795db9">
      <Execution id="e7ff8cbc-b922-45af-989e-fa36276217d4" />
      <TestMethod codeBase="D:\actions-runner\_work\XPCO\XPCO\AllSolutions\..\Common\VideoOS.IdentityServer.Common\VideoOS.IdentityServer.Common.UnitTests\bin\Debug\net6.0-windows\VideoOS.IdentityServer.Common.UnitTests.dll" adapterTypeName="executor://mstestadapter/v2" className="VideoOS.IdentityServer.Common.UnitTests.Utilities.Tokens.IdpTokensTests" name="Constructor_EmptyRefreshToken_ThrowsArgumentNullException" />
    </UnitTest>
    <UnitTest name="TokenCache_Constructor_Success" storage="d:\actions-runner\_work\xpco\xpco\allsolutions\..\common\videoos.identityserver.common\videoos.identityserver.common.unittests\bin\debug\net6.0-windows\videoos.identityserver.common.unittests.dll" id="c095042d-e50b-f78e-7e75-2b785c69205f">
      <Execution id="b0272223-0cc5-47b3-9464-ecf54ec22b16" />
      <TestMethod codeBase="D:\actions-runner\_work\XPCO\XPCO\AllSolutions\..\Common\VideoOS.IdentityServer.Common\VideoOS.IdentityServer.Common.UnitTests\bin\Debug\net6.0-windows\VideoOS.IdentityServer.Common.UnitTests.dll" adapterTypeName="executor://mstestadapter/v2" className="VideoOS.IdentityServer.Common.UnitTests.Handlers.TokenCacheTests" name="TokenCache_Constructor_Success" />
    </UnitTest>
    <UnitTest name="IsTokenExpired_RefreshTokenIsNotCalled_ReturnFalse" storage="d:\actions-runner\_work\xpco\xpco\allsolutions\..\common\videoos.identityserver.common\videoos.identityserver.common.unittests\bin\debug\net6.0-windows\videoos.identityserver.common.unittests.dll" id="5304b9a1-8d75-0736-1781-57659e307ca7">
      <Execution id="d9cec780-cc85-458a-89de-b4d720bf791d" />
      <TestMethod codeBase="D:\actions-runner\_work\XPCO\XPCO\AllSolutions\..\Common\VideoOS.IdentityServer.Common\VideoOS.IdentityServer.Common.UnitTests\bin\Debug\net6.0-windows\VideoOS.IdentityServer.Common.UnitTests.dll" adapterTypeName="executor://mstestadapter/v2" className="VideoOS.IdentityServer.Common.UnitTests.Handlers.IdentityServerToken.SimpleTokenCacheTests" name="IsTokenExpired_RefreshTokenIsNotCalled_ReturnFalse" />
    </UnitTest>
    <UnitTest name="HasValidScheme_UriIsFile_ReturnsTrue" storage="d:\actions-runner\_work\xpco\xpco\allsolutions\..\common\videoos.identityserver.common\videoos.identityserver.common.unittests\bin\debug\net6.0-windows\videoos.identityserver.common.unittests.dll" id="08a458bc-f70d-a527-f23d-08de1cac7168">
      <Execution id="5dd06155-89a8-4d94-8df3-7b83933c8a30" />
      <TestMethod codeBase="D:\actions-runner\_work\XPCO\XPCO\AllSolutions\..\Common\VideoOS.IdentityServer.Common\VideoOS.IdentityServer.Common.UnitTests\bin\Debug\net6.0-windows\VideoOS.IdentityServer.Common.UnitTests.dll" adapterTypeName="executor://mstestadapter/v2" className="VideoOS.IdentityServer.Common.UnitTests.Utilities.ServerValidation.UriExtenderTests" name="HasValidScheme_UriIsFile_ReturnsTrue" />
    </UnitTest>
    <UnitTest name="Constructor_NullProvider_ThrowsArgumentNullException" storage="d:\actions-runner\_work\xpco\xpco\allsolutions\..\common\videoos.identityserver.common\videoos.identityserver.common.unittests\bin\debug\net6.0-windows\videoos.identityserver.common.unittests.dll" id="9aba6afc-33b4-b3ea-f2ba-94221cb99165">
      <Execution id="e3c219cf-b1c2-412a-8b4a-8fcbc507fc44" />
      <TestMethod codeBase="D:\actions-runner\_work\XPCO\XPCO\AllSolutions\..\Common\VideoOS.IdentityServer.Common\VideoOS.IdentityServer.Common.UnitTests\bin\Debug\net6.0-windows\VideoOS.IdentityServer.Common.UnitTests.dll" adapterTypeName="executor://mstestadapter/v2" className="VideoOS.IdentityServer.Common.UnitTests.ExternalTokenHandlerTests" name="Constructor_NullProvider_ThrowsArgumentNullException" />
    </UnitTest>
    <UnitTest name="RegisterAuthorizationCodeClient_ClientIdIsNull_ThrowArgumentException" storage="d:\actions-runner\_work\xpco\xpco\allsolutions\..\common\videoos.identityserver.common\videoos.identityserver.common.unittests\bin\debug\net6.0-windows\videoos.identityserver.common.unittests.dll" id="9a74f111-730b-48ac-793d-eafd4afb012a">
      <Execution id="2d5f9e1b-f9f6-4792-971e-66a041a8a66b" />
      <TestMethod codeBase="D:\actions-runner\_work\XPCO\XPCO\AllSolutions\..\Common\VideoOS.IdentityServer.Common\VideoOS.IdentityServer.Common.UnitTests\bin\Debug\net6.0-windows\VideoOS.IdentityServer.Common.UnitTests.dll" adapterTypeName="executor://mstestadapter/v2" className="VideoOS.IdentityServer.Common.UnitTests.IdpRegistrationClientTests" name="RegisterAuthorizationCodeClient_ClientIdIsNull_ThrowArgumentException" />
    </UnitTest>
    <UnitTest name="GetAsync_SuccessfulResponse_OutstandingCallCanceled" storage="d:\actions-runner\_work\xpco\xpco\allsolutions\..\common\videoos.identityserver.common\videoos.identityserver.common.unittests\bin\debug\net6.0-windows\videoos.identityserver.common.unittests.dll" id="59315ec5-850b-190c-1c3a-c69be3cf286e">
      <Execution id="e15f060a-4e81-4a37-b187-b5918c10a42c" />
      <TestMethod codeBase="D:\actions-runner\_work\XPCO\XPCO\AllSolutions\..\Common\VideoOS.IdentityServer.Common\VideoOS.IdentityServer.Common.UnitTests\bin\Debug\net6.0-windows\VideoOS.IdentityServer.Common.UnitTests.dll" adapterTypeName="executor://mstestadapter/v2" className="VideoOS.IdentityServer.Common.UnitTests.DiscoveryClientTests" name="GetAsync_SuccessfulResponse_OutstandingCallCanceled" />
    </UnitTest>
    <UnitTest name="DiscoveryClient_Dispose_HttpClientDisposed" storage="d:\actions-runner\_work\xpco\xpco\allsolutions\..\common\videoos.identityserver.common\videoos.identityserver.common.unittests\bin\debug\net6.0-windows\videoos.identityserver.common.unittests.dll" id="851fb875-0294-59e3-54ed-d95f850fb682">
      <Execution id="7f201402-ba5a-4e4d-b5d4-51cf925e66ce" />
      <TestMethod codeBase="D:\actions-runner\_work\XPCO\XPCO\AllSolutions\..\Common\VideoOS.IdentityServer.Common\VideoOS.IdentityServer.Common.UnitTests\bin\Debug\net6.0-windows\VideoOS.IdentityServer.Common.UnitTests.dll" adapterTypeName="executor://mstestadapter/v2" className="VideoOS.IdentityServer.Common.UnitTests.DiscoveryClientTests" name="DiscoveryClient_Dispose_HttpClientDisposed" />
    </UnitTest>
    <UnitTest name="Dispose_TokenDisposed_ObjectDisposedException" storage="d:\actions-runner\_work\xpco\xpco\allsolutions\..\common\videoos.identityserver.common\videoos.identityserver.common.unittests\bin\debug\net6.0-windows\videoos.identityserver.common.unittests.dll" id="ddded40e-1f02-eacb-d4a2-e26ac1095ebf">
      <Execution id="167a88e5-dc09-4bd5-9207-1a74360788ff" />
      <TestMethod codeBase="D:\actions-runner\_work\XPCO\XPCO\AllSolutions\..\Common\VideoOS.IdentityServer.Common\VideoOS.IdentityServer.Common.UnitTests\bin\Debug\net6.0-windows\VideoOS.IdentityServer.Common.UnitTests.dll" adapterTypeName="executor://mstestadapter/v2" className="VideoOS.IdentityServer.Common.UnitTests.Handlers.TokenCacheTests" name="Dispose_TokenDisposed_ObjectDisposedException" />
    </UnitTest>
    <UnitTest name="GetAsync_UriInputIsNull_ThrowArgumentNullException" storage="d:\actions-runner\_work\xpco\xpco\allsolutions\..\common\videoos.identityserver.common\videoos.identityserver.common.unittests\bin\debug\net6.0-windows\videoos.identityserver.common.unittests.dll" id="6dc7da62-c15b-7e96-f1c6-3eedd5697243">
      <Execution id="fb299aea-750a-4c66-af61-8923506b3563" />
      <TestMethod codeBase="D:\actions-runner\_work\XPCO\XPCO\AllSolutions\..\Common\VideoOS.IdentityServer.Common\VideoOS.IdentityServer.Common.UnitTests\bin\Debug\net6.0-windows\VideoOS.IdentityServer.Common.UnitTests.dll" adapterTypeName="executor://mstestadapter/v2" className="VideoOS.IdentityServer.Common.UnitTests.DiscoveryClientTests" name="GetAsync_UriInputIsNull_ThrowArgumentNullException" />
    </UnitTest>
    <UnitTest name="IdpTokenClient_DefaultCredentialsAsCredentials_HttpClientConfiguredToUseDefualtCredentials" storage="d:\actions-runner\_work\xpco\xpco\allsolutions\..\common\videoos.identityserver.common\videoos.identityserver.common.unittests\bin\debug\net6.0-windows\videoos.identityserver.common.unittests.dll" id="885ad0b6-d00e-5dbd-daaf-61bd8cc19071">
      <Execution id="6fcf9280-7d4f-41de-8a2e-e72d6fbd2dc7" />
      <TestMethod codeBase="D:\actions-runner\_work\XPCO\XPCO\AllSolutions\..\Common\VideoOS.IdentityServer.Common\VideoOS.IdentityServer.Common.UnitTests\bin\Debug\net6.0-windows\VideoOS.IdentityServer.Common.UnitTests.dll" adapterTypeName="executor://mstestadapter/v2" className="VideoOS.IdentityServer.Common.UnitTests.IdpTokenClientTests" name="IdpTokenClient_DefaultCredentialsAsCredentials_HttpClientConfiguredToUseDefualtCredentials" />
    </UnitTest>
    <UnitTest name="Construct_WithErrorResponses_ResponseWithErrorResponses" storage="d:\actions-runner\_work\xpco\xpco\allsolutions\..\common\videoos.identityserver.common\videoos.identityserver.common.unittests\bin\debug\net6.0-windows\videoos.identityserver.common.unittests.dll" id="afabb9a4-988f-5af8-5e0c-adf9e9521a8f">
      <Execution id="0b1c61ae-9fd7-4036-9092-05b51efff670" />
      <TestMethod codeBase="D:\actions-runner\_work\XPCO\XPCO\AllSolutions\..\Common\VideoOS.IdentityServer.Common\VideoOS.IdentityServer.Common.UnitTests\bin\Debug\net6.0-windows\VideoOS.IdentityServer.Common.UnitTests.dll" adapterTypeName="executor://mstestadapter/v2" className="VideoOS.IdentityServer.Common.UnitTests.DiscoveryResponseTests" name="Construct_WithErrorResponses_ResponseWithErrorResponses" />
    </UnitTest>
    <UnitTest name="RegisterAuthorizationCodeClientWithToken_ScopesAreNull_ThrowArgumentNullException" storage="d:\actions-runner\_work\xpco\xpco\allsolutions\..\common\videoos.identityserver.common\videoos.identityserver.common.unittests\bin\debug\net6.0-windows\videoos.identityserver.common.unittests.dll" id="a20b8cdb-3697-b063-4ea9-47fb6efe0241">
      <Execution id="90c443ae-9a10-4805-a023-1b116df79a52" />
      <TestMethod codeBase="D:\actions-runner\_work\XPCO\XPCO\AllSolutions\..\Common\VideoOS.IdentityServer.Common\VideoOS.IdentityServer.Common.UnitTests\bin\Debug\net6.0-windows\VideoOS.IdentityServer.Common.UnitTests.dll" adapterTypeName="executor://mstestadapter/v2" className="VideoOS.IdentityServer.Common.UnitTests.IdpRegistrationClientTests" name="RegisterAuthorizationCodeClientWithToken_ScopesAreNull_ThrowArgumentNullException" />
    </UnitTest>
    <UnitTest name="HandleException_InnerException_WebException_Status_ConnectionClosed_ReturnsTrue" storage="d:\actions-runner\_work\xpco\xpco\allsolutions\..\common\videoos.identityserver.common\videoos.identityserver.common.unittests\bin\debug\net6.0-windows\videoos.identityserver.common.unittests.dll" id="11a7072a-d21b-7c2a-b062-98fe08e0c6dd">
      <Execution id="38c8654e-1491-424a-a46f-299156816662" />
      <TestMethod codeBase="D:\actions-runner\_work\XPCO\XPCO\AllSolutions\..\Common\VideoOS.IdentityServer.Common\VideoOS.IdentityServer.Common.UnitTests\bin\Debug\net6.0-windows\VideoOS.IdentityServer.Common.UnitTests.dll" adapterTypeName="executor://mstestadapter/v2" className="VideoOS.IdentityServer.Common.UnitTests.Utilities.ServerValidation.IdpExceptionHandlerTests" name="HandleException_InnerException_WebException_Status_ConnectionClosed_ReturnsTrue" />
    </UnitTest>
    <UnitTest name="RegisterClient_ResponseHasSuccessfulStatusCode_ModelWithSecretIsReturned" storage="d:\actions-runner\_work\xpco\xpco\allsolutions\..\common\videoos.identityserver.common\videoos.identityserver.common.unittests\bin\debug\net6.0-windows\videoos.identityserver.common.unittests.dll" id="80b98953-0430-0651-0920-d07f5f37c65f">
      <Execution id="f4ba805e-77c4-427f-ae8e-b3019d1bc753" />
      <TestMethod codeBase="D:\actions-runner\_work\XPCO\XPCO\AllSolutions\..\Common\VideoOS.IdentityServer.Common\VideoOS.IdentityServer.Common.UnitTests\bin\Debug\net6.0-windows\VideoOS.IdentityServer.Common.UnitTests.dll" adapterTypeName="executor://mstestadapter/v2" className="VideoOS.IdentityServer.Common.UnitTests.IdpRegistrationClientTests" name="RegisterClient_ResponseHasSuccessfulStatusCode_ModelWithSecretIsReturned" />
    </UnitTest>
    <UnitTest name="Start_TimeToTokenExpireUnder5min_TokenCacheUpdated" storage="d:\actions-runner\_work\xpco\xpco\allsolutions\..\common\videoos.identityserver.common\videoos.identityserver.common.unittests\bin\debug\net6.0-windows\videoos.identityserver.common.unittests.dll" id="aee78e02-d706-9f06-c554-ee7aa708e371">
      <Execution id="ffb53a82-d8ee-4039-aa4c-8c2967046146" />
      <TestMethod codeBase="D:\actions-runner\_work\XPCO\XPCO\AllSolutions\..\Common\VideoOS.IdentityServer.Common\VideoOS.IdentityServer.Common.UnitTests\bin\Debug\net6.0-windows\VideoOS.IdentityServer.Common.UnitTests.dll" adapterTypeName="executor://mstestadapter/v2" className="VideoOS.IdentityServer.Common.UnitTests.Handlers.TokenCacheTests" name="Start_TimeToTokenExpireUnder5min_TokenCacheUpdated" />
    </UnitTest>
    <UnitTest name="RegisterAuthorizationCodeClientWithToken_RedirectUrisIsNull_ThrowArgumentException" storage="d:\actions-runner\_work\xpco\xpco\allsolutions\..\common\videoos.identityserver.common\videoos.identityserver.common.unittests\bin\debug\net6.0-windows\videoos.identityserver.common.unittests.dll" id="435442ba-9897-362e-beef-40dd9aef0a97">
      <Execution id="4ad7d353-823b-41a5-bd98-6f319e5b89f8" />
      <TestMethod codeBase="D:\actions-runner\_work\XPCO\XPCO\AllSolutions\..\Common\VideoOS.IdentityServer.Common\VideoOS.IdentityServer.Common.UnitTests\bin\Debug\net6.0-windows\VideoOS.IdentityServer.Common.UnitTests.dll" adapterTypeName="executor://mstestadapter/v2" className="VideoOS.IdentityServer.Common.UnitTests.IdpRegistrationClientTests" name="RegisterAuthorizationCodeClientWithToken_RedirectUrisIsNull_ThrowArgumentException" />
    </UnitTest>
    <UnitTest name="HandleException_WebException_Status_TrustFailure_ReturnsTrue" storage="d:\actions-runner\_work\xpco\xpco\allsolutions\..\common\videoos.identityserver.common\videoos.identityserver.common.unittests\bin\debug\net6.0-windows\videoos.identityserver.common.unittests.dll" id="11f6a1d3-68c5-e38c-c943-6b9363d564f1">
      <Execution id="914534d7-6b88-4687-9d55-a4971900c0e4" />
      <TestMethod codeBase="D:\actions-runner\_work\XPCO\XPCO\AllSolutions\..\Common\VideoOS.IdentityServer.Common\VideoOS.IdentityServer.Common.UnitTests\bin\Debug\net6.0-windows\VideoOS.IdentityServer.Common.UnitTests.dll" adapterTypeName="executor://mstestadapter/v2" className="VideoOS.IdentityServer.Common.UnitTests.Utilities.ServerValidation.IdpExceptionHandlerTests" name="HandleException_WebException_Status_TrustFailure_ReturnsTrue" />
    </UnitTest>
    <UnitTest name="Construct_InvalidParam_ClientId_EmptyString_Throws_ArgumentNullException" storage="d:\actions-runner\_work\xpco\xpco\allsolutions\..\common\videoos.identityserver.common\videoos.identityserver.common.unittests\bin\debug\net6.0-windows\videoos.identityserver.common.unittests.dll" id="d8254cb2-99a9-5fa4-0212-2ded41c41bd0">
      <Execution id="42f1ae5d-0ee3-4972-8e65-cb2029f06155" />
      <TestMethod codeBase="D:\actions-runner\_work\XPCO\XPCO\AllSolutions\..\Common\VideoOS.IdentityServer.Common\VideoOS.IdentityServer.Common.UnitTests\bin\Debug\net6.0-windows\VideoOS.IdentityServer.Common.UnitTests.dll" adapterTypeName="executor://mstestadapter/v2" className="VideoOS.IdentityServer.Common.UnitTests.Handlers.IdentityServerToken.IdentityServerClientSettingsTests" name="Construct_InvalidParam_ClientId_EmptyString_Throws_ArgumentNullException" />
    </UnitTest>
    <UnitTest name="RegisterAuthorizationCodeClientWithToken_RedirectUrisIsEmpty_ThrowArgumentException" storage="d:\actions-runner\_work\xpco\xpco\allsolutions\..\common\videoos.identityserver.common\videoos.identityserver.common.unittests\bin\debug\net6.0-windows\videoos.identityserver.common.unittests.dll" id="e1a7c90b-842f-6747-d414-96d35e63ecce">
      <Execution id="c7649fbf-ee0f-4f8f-a6c4-978058c77ad9" />
      <TestMethod codeBase="D:\actions-runner\_work\XPCO\XPCO\AllSolutions\..\Common\VideoOS.IdentityServer.Common\VideoOS.IdentityServer.Common.UnitTests\bin\Debug\net6.0-windows\VideoOS.IdentityServer.Common.UnitTests.dll" adapterTypeName="executor://mstestadapter/v2" className="VideoOS.IdentityServer.Common.UnitTests.IdpRegistrationClientTests" name="RegisterAuthorizationCodeClientWithToken_RedirectUrisIsEmpty_ThrowArgumentException" />
    </UnitTest>
    <UnitTest name="RegisterAuthorizationCodeClient_ScopesAreNull_ThrowArgumentNullException" storage="d:\actions-runner\_work\xpco\xpco\allsolutions\..\common\videoos.identityserver.common\videoos.identityserver.common.unittests\bin\debug\net6.0-windows\videoos.identityserver.common.unittests.dll" id="a8a38b08-43ad-784d-afbc-d0335bfce14c">
      <Execution id="d381ec37-36e8-415e-b83c-8ff50e51f2d6" />
      <TestMethod codeBase="D:\actions-runner\_work\XPCO\XPCO\AllSolutions\..\Common\VideoOS.IdentityServer.Common\VideoOS.IdentityServer.Common.UnitTests\bin\Debug\net6.0-windows\VideoOS.IdentityServer.Common.UnitTests.dll" adapterTypeName="executor://mstestadapter/v2" className="VideoOS.IdentityServer.Common.UnitTests.IdpRegistrationClientTests" name="RegisterAuthorizationCodeClient_ScopesAreNull_ThrowArgumentNullException" />
    </UnitTest>
    <UnitTest name="VerifyEndpointSupportsSsl_InvalidParam_Null_Throws_ArgumentNullException" storage="d:\actions-runner\_work\xpco\xpco\allsolutions\..\common\videoos.identityserver.common\videoos.identityserver.common.unittests\bin\debug\net6.0-windows\videoos.identityserver.common.unittests.dll" id="a27779ab-d479-2618-c0d6-39c534be7415">
      <Execution id="63df9cfa-7987-4465-88e3-793c5ba52207" />
      <TestMethod codeBase="D:\actions-runner\_work\XPCO\XPCO\AllSolutions\..\Common\VideoOS.IdentityServer.Common\VideoOS.IdentityServer.Common.UnitTests\bin\Debug\net6.0-windows\VideoOS.IdentityServer.Common.UnitTests.dll" adapterTypeName="executor://mstestadapter/v2" className="VideoOS.IdentityServer.Common.UnitTests.Utilities.SslVerificationTests" name="VerifyEndpointSupportsSsl_InvalidParam_Null_Throws_ArgumentNullException" />
    </UnitTest>
    <UnitTest name="VerifyEndpointSupportsSsl_InvalidParam_RelativeUri_Throws_ArgumentException" storage="d:\actions-runner\_work\xpco\xpco\allsolutions\..\common\videoos.identityserver.common\videoos.identityserver.common.unittests\bin\debug\net6.0-windows\videoos.identityserver.common.unittests.dll" id="7eafd3b9-debc-1a0c-12c6-11d7098cd775">
      <Execution id="c7fe92d9-2fe5-48c2-a970-2e0f8d48d523" />
      <TestMethod codeBase="D:\actions-runner\_work\XPCO\XPCO\AllSolutions\..\Common\VideoOS.IdentityServer.Common\VideoOS.IdentityServer.Common.UnitTests\bin\Debug\net6.0-windows\VideoOS.IdentityServer.Common.UnitTests.dll" adapterTypeName="executor://mstestadapter/v2" className="VideoOS.IdentityServer.Common.UnitTests.Utilities.SslVerificationTests" name="VerifyEndpointSupportsSsl_InvalidParam_RelativeUri_Throws_ArgumentException" />
    </UnitTest>
    <UnitTest name="GetClaimValue_IdTokenRetrieved_ClaimNotThere_ReturnsNull" storage="d:\actions-runner\_work\xpco\xpco\allsolutions\..\common\videoos.identityserver.common\videoos.identityserver.common.unittests\bin\debug\net6.0-windows\videoos.identityserver.common.unittests.dll" id="9e0b7fff-6087-8103-bf4a-c343b2ddff7d">
      <Execution id="6873c303-ef7c-4da3-abf7-0067277227e8" />
      <TestMethod codeBase="D:\actions-runner\_work\XPCO\XPCO\AllSolutions\..\Common\VideoOS.IdentityServer.Common\VideoOS.IdentityServer.Common.UnitTests\bin\Debug\net6.0-windows\VideoOS.IdentityServer.Common.UnitTests.dll" adapterTypeName="executor://mstestadapter/v2" className="VideoOS.IdentityServer.Common.UnitTests.Handlers.IdentityServerToken.SimpleTokenCacheTests" name="GetClaimValue_IdTokenRetrieved_ClaimNotThere_ReturnsNull" />
    </UnitTest>
    <UnitTest name="Constructor_EmptyAccessToken_ThrowsArgumentNullException" storage="d:\actions-runner\_work\xpco\xpco\allsolutions\..\common\videoos.identityserver.common\videoos.identityserver.common.unittests\bin\debug\net6.0-windows\videoos.identityserver.common.unittests.dll" id="44cd508c-9285-845c-4b2e-fe943114c39c">
      <Execution id="47dd3b2d-bbf9-4a9a-8df9-30339c1ed05a" />
      <TestMethod codeBase="D:\actions-runner\_work\XPCO\XPCO\AllSolutions\..\Common\VideoOS.IdentityServer.Common\VideoOS.IdentityServer.Common.UnitTests\bin\Debug\net6.0-windows\VideoOS.IdentityServer.Common.UnitTests.dll" adapterTypeName="executor://mstestadapter/v2" className="VideoOS.IdentityServer.Common.UnitTests.Utilities.Tokens.IdpTokensTests" name="Constructor_EmptyAccessToken_ThrowsArgumentNullException" />
    </UnitTest>
    <UnitTest name="methodName_testState_expectedResult" storage="d:\actions-runner\_work\xpco\xpco\allsolutions\..\common\videoos.identityserver.common\videoos.identityserver.common.unittests\bin\debug\net6.0-windows\videoos.identityserver.common.unittests.dll" id="0257b952-b68e-ce9d-9d12-e1b7f33eb9e6">
      <Execution id="2ab647d3-d726-47b5-828c-16f16a3d4698" />
      <TestMethod codeBase="D:\actions-runner\_work\XPCO\XPCO\AllSolutions\..\Common\VideoOS.IdentityServer.Common\VideoOS.IdentityServer.Common.UnitTests\bin\Debug\net6.0-windows\VideoOS.IdentityServer.Common.UnitTests.dll" adapterTypeName="executor://mstestadapter/v2" className="VideoOS.IdentityServer.Common.UnitTests.Handlers.IdentityServerToken.IdentityServerWindowsTokenHandlerTests" name="methodName_testState_expectedResult" />
    </UnitTest>
    <UnitTest name="VerifyEndpointSupportsSsl_InvalidParam_TimeoutBelowMInimum_Throws_ArgumentException" storage="d:\actions-runner\_work\xpco\xpco\allsolutions\..\common\videoos.identityserver.common\videoos.identityserver.common.unittests\bin\debug\net6.0-windows\videoos.identityserver.common.unittests.dll" id="29687309-d7e0-0838-a577-9dfd8b70cb79">
      <Execution id="94d3b740-ee35-44c1-8805-a17be75fba47" />
      <TestMethod codeBase="D:\actions-runner\_work\XPCO\XPCO\AllSolutions\..\Common\VideoOS.IdentityServer.Common\VideoOS.IdentityServer.Common.UnitTests\bin\Debug\net6.0-windows\VideoOS.IdentityServer.Common.UnitTests.dll" adapterTypeName="executor://mstestadapter/v2" className="VideoOS.IdentityServer.Common.UnitTests.Utilities.SslVerificationTests" name="VerifyEndpointSupportsSsl_InvalidParam_TimeoutBelowMInimum_Throws_ArgumentException" />
    </UnitTest>
    <UnitTest name="RefreshToken_TokenHandlerReturnsToken_RefreshTokenReturnsToken" storage="d:\actions-runner\_work\xpco\xpco\allsolutions\..\common\videoos.identityserver.common\videoos.identityserver.common.unittests\bin\debug\net6.0-windows\videoos.identityserver.common.unittests.dll" id="d313dde6-0806-2abf-bd1c-3417608d3183">
      <Execution id="2839a5c7-add3-4393-881b-4b818ffdffad" />
      <TestMethod codeBase="D:\actions-runner\_work\XPCO\XPCO\AllSolutions\..\Common\VideoOS.IdentityServer.Common\VideoOS.IdentityServer.Common.UnitTests\bin\Debug\net6.0-windows\VideoOS.IdentityServer.Common.UnitTests.dll" adapterTypeName="executor://mstestadapter/v2" className="VideoOS.IdentityServer.Common.UnitTests.Handlers.IdentityServerToken.SimpleTokenCacheTests" name="RefreshToken_TokenHandlerReturnsToken_RefreshTokenReturnsToken" />
    </UnitTest>
    <UnitTest name="ValidateToken_TokenValidationParametersIsNull_ThrowArgumentNullException" storage="d:\actions-runner\_work\xpco\xpco\allsolutions\..\common\videoos.identityserver.common\videoos.identityserver.common.unittests\bin\debug\net6.0-windows\videoos.identityserver.common.unittests.dll" id="05652edd-928f-dd7d-e6ce-82417f010b21">
      <Execution id="ce46b228-a51b-42ab-885b-3ac36677b131" />
      <TestMethod codeBase="D:\actions-runner\_work\XPCO\XPCO\AllSolutions\..\Common\VideoOS.IdentityServer.Common\VideoOS.IdentityServer.Common.UnitTests\bin\Debug\net6.0-windows\VideoOS.IdentityServer.Common.UnitTests.dll" adapterTypeName="executor://mstestadapter/v2" className="VideoOS.IdentityServer.Common.UnitTests.JwtSecurityTokenValidatorWithConfigurationManagerTests" name="ValidateToken_TokenValidationParametersIsNull_ThrowArgumentNullException" />
    </UnitTest>
    <UnitTest name="CreateException_ErrorTheSamePasswords_Is_PasswordSameAsOldException" storage="d:\actions-runner\_work\xpco\xpco\allsolutions\..\common\videoos.identityserver.common\videoos.identityserver.common.unittests\bin\debug\net6.0-windows\videoos.identityserver.common.unittests.dll" id="25aa6176-148e-f1e7-5c9f-10f279eb31cc">
      <Execution id="07d9ebe8-bd48-464f-a786-446c0f635798" />
      <TestMethod codeBase="D:\actions-runner\_work\XPCO\XPCO\AllSolutions\..\Common\VideoOS.IdentityServer.Common\VideoOS.IdentityServer.Common.UnitTests\bin\Debug\net6.0-windows\VideoOS.IdentityServer.Common.UnitTests.dll" adapterTypeName="executor://mstestadapter/v2" className="VideoOS.IdentityServer.Common.UnitTests.Exceptions.IdpExceptionFactoryTests" name="CreateException_ErrorTheSamePasswords_Is_PasswordSameAsOldException" />
    </UnitTest>
    <UnitTest name="ValidateToken_RefreshIntervalNotReached_CachedConfig" storage="d:\actions-runner\_work\xpco\xpco\allsolutions\..\common\videoos.identityserver.common\videoos.identityserver.common.unittests\bin\debug\net6.0-windows\videoos.identityserver.common.unittests.dll" id="0cc1a792-32db-3643-8570-b5f3ee785740">
      <Execution id="a73c09ad-0a5f-472b-8a88-97a2b4e4e7e3" />
      <TestMethod codeBase="D:\actions-runner\_work\XPCO\XPCO\AllSolutions\..\Common\VideoOS.IdentityServer.Common\VideoOS.IdentityServer.Common.UnitTests\bin\Debug\net6.0-windows\VideoOS.IdentityServer.Common.UnitTests.dll" adapterTypeName="executor://mstestadapter/v2" className="VideoOS.IdentityServer.Common.UnitTests.JwtSecurityTokenValidatorWithConfigurationManagerTests" name="ValidateToken_RefreshIntervalNotReached_CachedConfig" />
    </UnitTest>
    <UnitTest name="GetTokenResponseAsync_HttpStatusIsNotOk_IdpExceptionIsThrown" storage="d:\actions-runner\_work\xpco\xpco\allsolutions\..\common\videoos.identityserver.common\videoos.identityserver.common.unittests\bin\debug\net6.0-windows\videoos.identityserver.common.unittests.dll" id="2094e3f3-bb74-95c3-1e50-e6fdef78ea13">
      <Execution id="17e90a3b-c393-48e4-886d-2eb1f1a7e338" />
      <TestMethod codeBase="D:\actions-runner\_work\XPCO\XPCO\AllSolutions\..\Common\VideoOS.IdentityServer.Common\VideoOS.IdentityServer.Common.UnitTests\bin\Debug\net6.0-windows\VideoOS.IdentityServer.Common.UnitTests.dll" adapterTypeName="executor://mstestadapter/v2" className="VideoOS.IdentityServer.Common.UnitTests.IdentityServerTokenHandlerTests" name="GetTokenResponseAsync_HttpStatusIsNotOk_IdpExceptionIsThrown" />
    </UnitTest>
    <UnitTest name="CreateException_PasswordRequiresLower_Is_PasswordNotComplexEnoughException" storage="d:\actions-runner\_work\xpco\xpco\allsolutions\..\common\videoos.identityserver.common\videoos.identityserver.common.unittests\bin\debug\net6.0-windows\videoos.identityserver.common.unittests.dll" id="65770ab3-18b0-0e9f-399a-f7a04ea6e0e5">
      <Execution id="485fe4a1-208e-4c30-9209-335461716abd" />
      <TestMethod codeBase="D:\actions-runner\_work\XPCO\XPCO\AllSolutions\..\Common\VideoOS.IdentityServer.Common\VideoOS.IdentityServer.Common.UnitTests\bin\Debug\net6.0-windows\VideoOS.IdentityServer.Common.UnitTests.dll" adapterTypeName="executor://mstestadapter/v2" className="VideoOS.IdentityServer.Common.UnitTests.Exceptions.IdpExceptionFactoryTests" name="CreateException_PasswordRequiresLower_Is_PasswordNotComplexEnoughException" />
    </UnitTest>
    <UnitTest name="Ctor_AudiencesIsEmpty_DoNotThrowException" storage="d:\actions-runner\_work\xpco\xpco\allsolutions\..\common\videoos.identityserver.common\videoos.identityserver.common.unittests\bin\debug\net6.0-windows\videoos.identityserver.common.unittests.dll" id="f0bc3cf2-7e7b-22f4-8d42-04d99e358cfe">
      <Execution id="c3fe5dfe-7860-4964-855a-8491b37d90a4" />
      <TestMethod codeBase="D:\actions-runner\_work\XPCO\XPCO\AllSolutions\..\Common\VideoOS.IdentityServer.Common\VideoOS.IdentityServer.Common.UnitTests\bin\Debug\net6.0-windows\VideoOS.IdentityServer.Common.UnitTests.dll" adapterTypeName="executor://mstestadapter/v2" className="VideoOS.IdentityServer.Common.UnitTests.OpenIdTokenHandlerTests" name="Ctor_AudiencesIsEmpty_DoNotThrowException" />
    </UnitTest>
    <UnitTest name="CreateException_ModelStateVaidationError_Is_InvalidArgumentsException" storage="d:\actions-runner\_work\xpco\xpco\allsolutions\..\common\videoos.identityserver.common\videoos.identityserver.common.unittests\bin\debug\net6.0-windows\videoos.identityserver.common.unittests.dll" id="ab24e2cb-a9e7-696f-52cc-bbef4af32000">
      <Execution id="f1193516-9f76-45d5-b75a-7461295dc39f" />
      <TestMethod codeBase="D:\actions-runner\_work\XPCO\XPCO\AllSolutions\..\Common\VideoOS.IdentityServer.Common\VideoOS.IdentityServer.Common.UnitTests\bin\Debug\net6.0-windows\VideoOS.IdentityServer.Common.UnitTests.dll" adapterTypeName="executor://mstestadapter/v2" className="VideoOS.IdentityServer.Common.UnitTests.Exceptions.IdpExceptionFactoryTests" name="CreateException_ModelStateVaidationError_Is_InvalidArgumentsException" />
    </UnitTest>
    <UnitTest name="ValidateToken_Success_ClaimsPrincipal" storage="d:\actions-runner\_work\xpco\xpco\allsolutions\..\common\videoos.identityserver.common\videoos.identityserver.common.unittests\bin\debug\net6.0-windows\videoos.identityserver.common.unittests.dll" id="d85ce454-c380-2ac2-ff60-059c934c0c87">
      <Execution id="ea327f42-ecd5-4fb0-9035-57ac0e945c7f" />
      <TestMethod codeBase="D:\actions-runner\_work\XPCO\XPCO\AllSolutions\..\Common\VideoOS.IdentityServer.Common\VideoOS.IdentityServer.Common.UnitTests\bin\Debug\net6.0-windows\VideoOS.IdentityServer.Common.UnitTests.dll" adapterTypeName="executor://mstestadapter/v2" className="VideoOS.IdentityServer.Common.UnitTests.JwtSecurityTokenValidatorWithConfigurationManagerTests" name="ValidateToken_Success_ClaimsPrincipal" />
    </UnitTest>
    <UnitTest name="CreateException_PasswordTooShort_Is_PasswordNotComplexEnoughException" storage="d:\actions-runner\_work\xpco\xpco\allsolutions\..\common\videoos.identityserver.common\videoos.identityserver.common.unittests\bin\debug\net6.0-windows\videoos.identityserver.common.unittests.dll" id="feb4fa5e-1e90-63a6-9054-269133b16e54">
      <Execution id="1c83d30b-b1ff-41b8-8b3c-ec736974dad3" />
      <TestMethod codeBase="D:\actions-runner\_work\XPCO\XPCO\AllSolutions\..\Common\VideoOS.IdentityServer.Common\VideoOS.IdentityServer.Common.UnitTests\bin\Debug\net6.0-windows\VideoOS.IdentityServer.Common.UnitTests.dll" adapterTypeName="executor://mstestadapter/v2" className="VideoOS.IdentityServer.Common.UnitTests.Exceptions.IdpExceptionFactoryTests" name="CreateException_PasswordTooShort_Is_PasswordNotComplexEnoughException" />
    </UnitTest>
    <UnitTest name="Constructor_NullIdpUrl_ThrowsArgumentNullException" storage="d:\actions-runner\_work\xpco\xpco\allsolutions\..\common\videoos.identityserver.common\videoos.identityserver.common.unittests\bin\debug\net6.0-windows\videoos.identityserver.common.unittests.dll" id="320b9240-8de4-6e99-ff14-f9386efd026e">
      <Execution id="dc0d0aba-88c2-429a-932e-5f7fc0bfdb2b" />
      <TestMethod codeBase="D:\actions-runner\_work\XPCO\XPCO\AllSolutions\..\Common\VideoOS.IdentityServer.Common\VideoOS.IdentityServer.Common.UnitTests\bin\Debug\net6.0-windows\VideoOS.IdentityServer.Common.UnitTests.dll" adapterTypeName="executor://mstestadapter/v2" className="VideoOS.IdentityServer.Common.UnitTests.Utilities.Tokens.IdpTokenRetrieverTests" name="Constructor_NullIdpUrl_ThrowsArgumentNullException" />
    </UnitTest>
    <UnitTest name="GetTokenResponse_TokenHandlerDisposedBeforeCall_ObjectDisposedException" storage="d:\actions-runner\_work\xpco\xpco\allsolutions\..\common\videoos.identityserver.common\videoos.identityserver.common.unittests\bin\debug\net6.0-windows\videoos.identityserver.common.unittests.dll" id="9161f5e4-37b0-b6bc-22e9-91ccc708f977">
      <Execution id="c5df1a61-c3da-4419-b096-bc8ccb52ccbd" />
      <TestMethod codeBase="D:\actions-runner\_work\XPCO\XPCO\AllSolutions\..\Common\VideoOS.IdentityServer.Common\VideoOS.IdentityServer.Common.UnitTests\bin\Debug\net6.0-windows\VideoOS.IdentityServer.Common.UnitTests.dll" adapterTypeName="executor://mstestadapter/v2" className="VideoOS.IdentityServer.Common.UnitTests.IdentityServerTokenHandlerTests" name="GetTokenResponse_TokenHandlerDisposedBeforeCall_ObjectDisposedException" />
    </UnitTest>
    <UnitTest name="Constructor_BaseAddressIsNull_ThrowArgumentNullException" storage="d:\actions-runner\_work\xpco\xpco\allsolutions\..\common\videoos.identityserver.common\videoos.identityserver.common.unittests\bin\debug\net6.0-windows\videoos.identityserver.common.unittests.dll" id="65c35641-c7fa-ea47-734f-c81f8095832e">
      <Execution id="fa8d5120-32d7-4049-ac61-4391202c08e5" />
      <TestMethod codeBase="D:\actions-runner\_work\XPCO\XPCO\AllSolutions\..\Common\VideoOS.IdentityServer.Common\VideoOS.IdentityServer.Common.UnitTests\bin\Debug\net6.0-windows\VideoOS.IdentityServer.Common.UnitTests.dll" adapterTypeName="executor://mstestadapter/v2" className="VideoOS.IdentityServer.Common.UnitTests.IdpRegistrationClientTests" name="Constructor_BaseAddressIsNull_ThrowArgumentNullException" />
    </UnitTest>
    <UnitTest name="CreateException_AdminIdentityNotFound_Is_DuplicateAdminIdentityException" storage="d:\actions-runner\_work\xpco\xpco\allsolutions\..\common\videoos.identityserver.common\videoos.identityserver.common.unittests\bin\debug\net6.0-windows\videoos.identityserver.common.unittests.dll" id="bf3ad47a-9250-f8b8-31e2-5fe2764ad9e8">
      <Execution id="c83e36cb-21b2-42d1-8464-036fce94dcf3" />
      <TestMethod codeBase="D:\actions-runner\_work\XPCO\XPCO\AllSolutions\..\Common\VideoOS.IdentityServer.Common\VideoOS.IdentityServer.Common.UnitTests\bin\Debug\net6.0-windows\VideoOS.IdentityServer.Common.UnitTests.dll" adapterTypeName="executor://mstestadapter/v2" className="VideoOS.IdentityServer.Common.UnitTests.Exceptions.IdpExceptionFactoryTests" name="CreateException_AdminIdentityNotFound_Is_DuplicateAdminIdentityException" />
    </UnitTest>
    <UnitTest name="HandleException_UnexpectedExceptionType_ReturnsFalse" storage="d:\actions-runner\_work\xpco\xpco\allsolutions\..\common\videoos.identityserver.common\videoos.identityserver.common.unittests\bin\debug\net6.0-windows\videoos.identityserver.common.unittests.dll" id="4049cd8f-4722-f786-6675-c96c049dafca">
      <Execution id="ed612c67-bbbf-4562-9a7a-10bab631bcdc" />
      <TestMethod codeBase="D:\actions-runner\_work\XPCO\XPCO\AllSolutions\..\Common\VideoOS.IdentityServer.Common\VideoOS.IdentityServer.Common.UnitTests\bin\Debug\net6.0-windows\VideoOS.IdentityServer.Common.UnitTests.dll" adapterTypeName="executor://mstestadapter/v2" className="VideoOS.IdentityServer.Common.UnitTests.Utilities.ServerValidation.IdpExceptionHandlerTests" name="HandleException_UnexpectedExceptionType_ReturnsFalse" />
    </UnitTest>
    <UnitTest name="CreateException_ChangePassword_Is_ChangePasswordException" storage="d:\actions-runner\_work\xpco\xpco\allsolutions\..\common\videoos.identityserver.common\videoos.identityserver.common.unittests\bin\debug\net6.0-windows\videoos.identityserver.common.unittests.dll" id="dff6bcfa-7c56-915c-d680-949651ff50ba">
      <Execution id="db05b2dd-3694-4243-a47a-2023979be66c" />
      <TestMethod codeBase="D:\actions-runner\_work\XPCO\XPCO\AllSolutions\..\Common\VideoOS.IdentityServer.Common\VideoOS.IdentityServer.Common.UnitTests\bin\Debug\net6.0-windows\VideoOS.IdentityServer.Common.UnitTests.dll" adapterTypeName="executor://mstestadapter/v2" className="VideoOS.IdentityServer.Common.UnitTests.Exceptions.IdpExceptionFactoryTests" name="CreateException_ChangePassword_Is_ChangePasswordException" />
    </UnitTest>
    <UnitTest name="CreateException_DuplicateEmail_Is_EmailAlreadyExistsException" storage="d:\actions-runner\_work\xpco\xpco\allsolutions\..\common\videoos.identityserver.common\videoos.identityserver.common.unittests\bin\debug\net6.0-windows\videoos.identityserver.common.unittests.dll" id="0ae882bf-7b3d-9ae3-2fd3-8f4782af29c4">
      <Execution id="9a4b92ea-374d-4b8d-b610-461d40d10c0e" />
      <TestMethod codeBase="D:\actions-runner\_work\XPCO\XPCO\AllSolutions\..\Common\VideoOS.IdentityServer.Common\VideoOS.IdentityServer.Common.UnitTests\bin\Debug\net6.0-windows\VideoOS.IdentityServer.Common.UnitTests.dll" adapterTypeName="executor://mstestadapter/v2" className="VideoOS.IdentityServer.Common.UnitTests.Exceptions.IdpExceptionFactoryTests" name="CreateException_DuplicateEmail_Is_EmailAlreadyExistsException" />
    </UnitTest>
    <UnitTest name="IdpTokenClient_NonDefaultCredentials_HttpClientConfiguredToNotUseDefualtCredentials" storage="d:\actions-runner\_work\xpco\xpco\allsolutions\..\common\videoos.identityserver.common\videoos.identityserver.common.unittests\bin\debug\net6.0-windows\videoos.identityserver.common.unittests.dll" id="b8901242-2f26-bc70-f843-5bf9455c7828">
      <Execution id="20ea5a05-59aa-4237-9fe8-971a2540beed" />
      <TestMethod codeBase="D:\actions-runner\_work\XPCO\XPCO\AllSolutions\..\Common\VideoOS.IdentityServer.Common\VideoOS.IdentityServer.Common.UnitTests\bin\Debug\net6.0-windows\VideoOS.IdentityServer.Common.UnitTests.dll" adapterTypeName="executor://mstestadapter/v2" className="VideoOS.IdentityServer.Common.UnitTests.IdpTokenClientTests" name="IdpTokenClient_NonDefaultCredentials_HttpClientConfiguredToNotUseDefualtCredentials" />
    </UnitTest>
    <UnitTest name="Constructor_ScopeIsNull_ThrowArgumentNullException" storage="d:\actions-runner\_work\xpco\xpco\allsolutions\..\common\videoos.identityserver.common\videoos.identityserver.common.unittests\bin\debug\net6.0-windows\videoos.identityserver.common.unittests.dll" id="b05795f0-d2f6-22ea-cbc0-12b777940158">
      <Execution id="c0968205-f681-4380-9b2d-51dc62c8e46b" />
      <TestMethod codeBase="D:\actions-runner\_work\XPCO\XPCO\AllSolutions\..\Common\VideoOS.IdentityServer.Common\VideoOS.IdentityServer.Common.UnitTests\bin\Debug\net6.0-windows\VideoOS.IdentityServer.Common.UnitTests.dll" adapterTypeName="executor://mstestadapter/v2" className="VideoOS.IdentityServer.Common.UnitTests.IdentityServerTokenHandlerTests" name="Constructor_ScopeIsNull_ThrowArgumentNullException" />
    </UnitTest>
    <UnitTest name="Constructor_NullTrustedToken_ThrowsArgumentNullException" storage="d:\actions-runner\_work\xpco\xpco\allsolutions\..\common\videoos.identityserver.common\videoos.identityserver.common.unittests\bin\debug\net6.0-windows\videoos.identityserver.common.unittests.dll" id="cb270c9a-018c-ca10-c7ca-7967670c892b">
      <Execution id="6a7f7ad0-6f6d-4319-bf8f-ae1e1057635c" />
      <TestMethod codeBase="D:\actions-runner\_work\XPCO\XPCO\AllSolutions\..\Common\VideoOS.IdentityServer.Common\VideoOS.IdentityServer.Common.UnitTests\bin\Debug\net6.0-windows\VideoOS.IdentityServer.Common.UnitTests.dll" adapterTypeName="executor://mstestadapter/v2" className="VideoOS.IdentityServer.Common.UnitTests.ExchangeTokenHandlerTests" name="Constructor_NullTrustedToken_ThrowsArgumentNullException" />
    </UnitTest>
    <UnitTest name="VerifyEndpointSupportsSsl_InvalidParam_Null_ValidTimeout_Throws_ArgumentNullException" storage="d:\actions-runner\_work\xpco\xpco\allsolutions\..\common\videoos.identityserver.common\videoos.identityserver.common.unittests\bin\debug\net6.0-windows\videoos.identityserver.common.unittests.dll" id="d31208f6-32e8-d301-b39b-41ee13f7023e">
      <Execution id="765697b6-7ee4-4684-ac11-00f9d884ea06" />
      <TestMethod codeBase="D:\actions-runner\_work\XPCO\XPCO\AllSolutions\..\Common\VideoOS.IdentityServer.Common\VideoOS.IdentityServer.Common.UnitTests\bin\Debug\net6.0-windows\VideoOS.IdentityServer.Common.UnitTests.dll" adapterTypeName="executor://mstestadapter/v2" className="VideoOS.IdentityServer.Common.UnitTests.Utilities.SslVerificationTests" name="VerifyEndpointSupportsSsl_InvalidParam_Null_ValidTimeout_Throws_ArgumentNullException" />
    </UnitTest>
    <UnitTest name="GetClaimValue_IdTokenNotRetrieved_Throws_InvalidOperationException" storage="d:\actions-runner\_work\xpco\xpco\allsolutions\..\common\videoos.identityserver.common\videoos.identityserver.common.unittests\bin\debug\net6.0-windows\videoos.identityserver.common.unittests.dll" id="41159a03-c027-b654-a27a-5a7d8d8246d9">
      <Execution id="4d035495-d12c-4426-920f-4c9f81496933" />
      <TestMethod codeBase="D:\actions-runner\_work\XPCO\XPCO\AllSolutions\..\Common\VideoOS.IdentityServer.Common\VideoOS.IdentityServer.Common.UnitTests\bin\Debug\net6.0-windows\VideoOS.IdentityServer.Common.UnitTests.dll" adapterTypeName="executor://mstestadapter/v2" className="VideoOS.IdentityServer.Common.UnitTests.Handlers.TokenCacheTests" name="GetClaimValue_IdTokenNotRetrieved_Throws_InvalidOperationException" />
    </UnitTest>
    <UnitTest name="CreateException_404_UserNotFound_Is_UserNotFoundException" storage="d:\actions-runner\_work\xpco\xpco\allsolutions\..\common\videoos.identityserver.common\videoos.identityserver.common.unittests\bin\debug\net6.0-windows\videoos.identityserver.common.unittests.dll" id="5ac69b1a-a384-bee2-381f-56a296f2c282">
      <Execution id="34f62a66-2edc-413c-af0e-5943649eec5e" />
      <TestMethod codeBase="D:\actions-runner\_work\XPCO\XPCO\AllSolutions\..\Common\VideoOS.IdentityServer.Common\VideoOS.IdentityServer.Common.UnitTests\bin\Debug\net6.0-windows\VideoOS.IdentityServer.Common.UnitTests.dll" adapterTypeName="executor://mstestadapter/v2" className="VideoOS.IdentityServer.Common.UnitTests.Exceptions.IdpExceptionFactoryTests" name="CreateException_404_UserNotFound_Is_UserNotFoundException" />
    </UnitTest>
    <UnitTest name="Ctor_AudiencesIsNull_ThrowsArgumentNullException" storage="d:\actions-runner\_work\xpco\xpco\allsolutions\..\common\videoos.identityserver.common\videoos.identityserver.common.unittests\bin\debug\net6.0-windows\videoos.identityserver.common.unittests.dll" id="9c36fd41-e765-81f6-df8e-f462ee2c6552">
      <Execution id="cd893ffc-bdb0-4487-abc5-b466b8f7a329" />
      <TestMethod codeBase="D:\actions-runner\_work\XPCO\XPCO\AllSolutions\..\Common\VideoOS.IdentityServer.Common\VideoOS.IdentityServer.Common.UnitTests\bin\Debug\net6.0-windows\VideoOS.IdentityServer.Common.UnitTests.dll" adapterTypeName="executor://mstestadapter/v2" className="VideoOS.IdentityServer.Common.UnitTests.OpenIdTokenHandlerTests" name="Ctor_AudiencesIsNull_ThrowsArgumentNullException" />
    </UnitTest>
    <UnitTest name="RegisterClient_AccessTokenIsNull_ThrowArgumentException" storage="d:\actions-runner\_work\xpco\xpco\allsolutions\..\common\videoos.identityserver.common\videoos.identityserver.common.unittests\bin\debug\net6.0-windows\videoos.identityserver.common.unittests.dll" id="083062ca-22b3-f842-aa3b-2548ef3b2afa">
      <Execution id="111ccfd7-4a98-4a3e-a02c-d596d87fd9d5" />
      <TestMethod codeBase="D:\actions-runner\_work\XPCO\XPCO\AllSolutions\..\Common\VideoOS.IdentityServer.Common\VideoOS.IdentityServer.Common.UnitTests\bin\Debug\net6.0-windows\VideoOS.IdentityServer.Common.UnitTests.dll" adapterTypeName="executor://mstestadapter/v2" className="VideoOS.IdentityServer.Common.UnitTests.IdpRegistrationClientTests" name="RegisterClient_AccessTokenIsNull_ThrowArgumentException" />
    </UnitTest>
    <UnitTest name="Configure_SetClientSecret_Correctly" storage="d:\actions-runner\_work\xpco\xpco\allsolutions\..\common\videoos.identityserver.common\videoos.identityserver.common.unittests\bin\debug\net6.0-windows\videoos.identityserver.common.unittests.dll" id="42983783-3215-fc3e-ee2e-8a8fdf441e84">
      <Execution id="f7f7975c-1f46-490c-83a3-566f0a7e8942" />
      <TestMethod codeBase="D:\actions-runner\_work\XPCO\XPCO\AllSolutions\..\Common\VideoOS.IdentityServer.Common\VideoOS.IdentityServer.Common.UnitTests\bin\Debug\net6.0-windows\VideoOS.IdentityServer.Common.UnitTests.dll" adapterTypeName="executor://mstestadapter/v2" className="VideoOS.IdentityServer.Common.UnitTests.Extensions.SecretOptionsSetupTests" name="Configure_SetClientSecret_Correctly" />
    </UnitTest>
    <UnitTest name="IsTokenExpired_TokenExpiration_ExpiredReturnTrueNotExpiredReturnFalse (1,False)" storage="d:\actions-runner\_work\xpco\xpco\allsolutions\..\common\videoos.identityserver.common\videoos.identityserver.common.unittests\bin\debug\net6.0-windows\videoos.identityserver.common.unittests.dll" id="92550fd5-a5b3-6c37-05cc-685664f25370">
      <Execution id="3f0aab95-c564-4a76-a51d-09f3b769bb0b" />
      <TestMethod codeBase="D:\actions-runner\_work\XPCO\XPCO\AllSolutions\..\Common\VideoOS.IdentityServer.Common\VideoOS.IdentityServer.Common.UnitTests\bin\Debug\net6.0-windows\VideoOS.IdentityServer.Common.UnitTests.dll" adapterTypeName="executor://mstestadapter/v2" className="VideoOS.IdentityServer.Common.UnitTests.Handlers.TokenCacheTests" name="IsTokenExpired_TokenExpiration_ExpiredReturnTrueNotExpiredReturnFalse" />
    </UnitTest>
    <UnitTest name="ValidateIdpServer_CancellationRequest_ShouldThrow" storage="d:\actions-runner\_work\xpco\xpco\allsolutions\..\common\videoos.identityserver.common\videoos.identityserver.common.unittests\bin\debug\net6.0-windows\videoos.identityserver.common.unittests.dll" id="04ba112f-e345-0314-e5a5-bfdf9ebd97a8">
      <Execution id="f9b2c35e-483f-4b6e-be65-6f190637daa9" />
      <TestMethod codeBase="D:\actions-runner\_work\XPCO\XPCO\AllSolutions\..\Common\VideoOS.IdentityServer.Common\VideoOS.IdentityServer.Common.UnitTests\bin\Debug\net6.0-windows\VideoOS.IdentityServer.Common.UnitTests.dll" adapterTypeName="executor://mstestadapter/v2" className="VideoOS.IdentityServer.Common.UnitTests.IdpDiscoveryServiceTests" name="ValidateIdpServer_CancellationRequest_ShouldThrow" />
    </UnitTest>
    <UnitTest name="Constructor_NullAccessToken_ThrowsArgumentNullException" storage="d:\actions-runner\_work\xpco\xpco\allsolutions\..\common\videoos.identityserver.common\videoos.identityserver.common.unittests\bin\debug\net6.0-windows\videoos.identityserver.common.unittests.dll" id="ad89ac24-24de-f6bb-8252-5fda23ce2272">
      <Execution id="0898cc8a-f59a-4f46-bf09-cd73434f4f0e" />
      <TestMethod codeBase="D:\actions-runner\_work\XPCO\XPCO\AllSolutions\..\Common\VideoOS.IdentityServer.Common\VideoOS.IdentityServer.Common.UnitTests\bin\Debug\net6.0-windows\VideoOS.IdentityServer.Common.UnitTests.dll" adapterTypeName="executor://mstestadapter/v2" className="VideoOS.IdentityServer.Common.UnitTests.Utilities.Tokens.IdpTokensTests" name="Constructor_NullAccessToken_ThrowsArgumentNullException" />
    </UnitTest>
    <UnitTest name="Construct_InvalidParam_GrantType_Null_Throws_ArgumentNullException" storage="d:\actions-runner\_work\xpco\xpco\allsolutions\..\common\videoos.identityserver.common\videoos.identityserver.common.unittests\bin\debug\net6.0-windows\videoos.identityserver.common.unittests.dll" id="6fb4517f-b4e4-4771-fc0a-9b00bebd656e">
      <Execution id="27ce4829-6a7d-4ab9-85e8-866ffc832207" />
      <TestMethod codeBase="D:\actions-runner\_work\XPCO\XPCO\AllSolutions\..\Common\VideoOS.IdentityServer.Common\VideoOS.IdentityServer.Common.UnitTests\bin\Debug\net6.0-windows\VideoOS.IdentityServer.Common.UnitTests.dll" adapterTypeName="executor://mstestadapter/v2" className="VideoOS.IdentityServer.Common.UnitTests.Handlers.IdentityServerToken.IdentityServerClientSettingsTests" name="Construct_InvalidParam_GrantType_Null_Throws_ArgumentNullException" />
    </UnitTest>
    <UnitTest name="ValidateFasterIdpServerOnBothSchemas_WorkingHttpAddressAndCancellationRequest_ShouldCancelAndReturnEmptyResult" storage="d:\actions-runner\_work\xpco\xpco\allsolutions\..\common\videoos.identityserver.common\videoos.identityserver.common.unittests\bin\debug\net6.0-windows\videoos.identityserver.common.unittests.dll" id="7102ede2-c297-16f6-bd79-a261e9a0ab55">
      <Execution id="b64ab44d-2938-46a5-ab3c-0ef8374fdcd9" />
      <TestMethod codeBase="D:\actions-runner\_work\XPCO\XPCO\AllSolutions\..\Common\VideoOS.IdentityServer.Common\VideoOS.IdentityServer.Common.UnitTests\bin\Debug\net6.0-windows\VideoOS.IdentityServer.Common.UnitTests.dll" adapterTypeName="executor://mstestadapter/v2" className="VideoOS.IdentityServer.Common.UnitTests.IdpDiscoveryServiceTests" name="ValidateFasterIdpServerOnBothSchemas_WorkingHttpAddressAndCancellationRequest_ShouldCancelAndReturnEmptyResult" />
    </UnitTest>
    <UnitTest name="HasValidScheme_UriIsNetPipe_ReturnsTrue" storage="d:\actions-runner\_work\xpco\xpco\allsolutions\..\common\videoos.identityserver.common\videoos.identityserver.common.unittests\bin\debug\net6.0-windows\videoos.identityserver.common.unittests.dll" id="ecb758fe-0180-464c-e553-3e17f3a94b1f">
      <Execution id="c2117c66-5e17-4f96-8792-d05883bb1031" />
      <TestMethod codeBase="D:\actions-runner\_work\XPCO\XPCO\AllSolutions\..\Common\VideoOS.IdentityServer.Common\VideoOS.IdentityServer.Common.UnitTests\bin\Debug\net6.0-windows\VideoOS.IdentityServer.Common.UnitTests.dll" adapterTypeName="executor://mstestadapter/v2" className="VideoOS.IdentityServer.Common.UnitTests.Utilities.ServerValidation.UriExtenderTests" name="HasValidScheme_UriIsNetPipe_ReturnsTrue" />
    </UnitTest>
    <UnitTest name="RegisterClient_ResponseHasSuccessfulStatusCode_CorrectRequestUriIsPassedAndModelWithSecretIsReturned" storage="d:\actions-runner\_work\xpco\xpco\allsolutions\..\common\videoos.identityserver.common\videoos.identityserver.common.unittests\bin\debug\net6.0-windows\videoos.identityserver.common.unittests.dll" id="d500cfda-0f9f-e179-c72f-1f44e45838d9">
      <Execution id="e7a38f2d-8399-4c8c-adf2-df95f0720947" />
      <TestMethod codeBase="D:\actions-runner\_work\XPCO\XPCO\AllSolutions\..\Common\VideoOS.IdentityServer.Common\VideoOS.IdentityServer.Common.UnitTests\bin\Debug\net6.0-windows\VideoOS.IdentityServer.Common.UnitTests.dll" adapterTypeName="executor://mstestadapter/v2" className="VideoOS.IdentityServer.Common.UnitTests.IdpRegistrationClientTests" name="RegisterClient_ResponseHasSuccessfulStatusCode_CorrectRequestUriIsPassedAndModelWithSecretIsReturned" />
    </UnitTest>
    <UnitTest name="VerifyEndpointSupportsSsl_InvalidParam_RelativeUri_ValidTimeout_Throws_ArgumentException" storage="d:\actions-runner\_work\xpco\xpco\allsolutions\..\common\videoos.identityserver.common\videoos.identityserver.common.unittests\bin\debug\net6.0-windows\videoos.identityserver.common.unittests.dll" id="063fc5d6-7093-4898-586d-f7c91da3d90a">
      <Execution id="83abbb2c-48eb-471c-a320-59b0f4dd2af1" />
      <TestMethod codeBase="D:\actions-runner\_work\XPCO\XPCO\AllSolutions\..\Common\VideoOS.IdentityServer.Common\VideoOS.IdentityServer.Common.UnitTests\bin\Debug\net6.0-windows\VideoOS.IdentityServer.Common.UnitTests.dll" adapterTypeName="executor://mstestadapter/v2" className="VideoOS.IdentityServer.Common.UnitTests.Utilities.SslVerificationTests" name="VerifyEndpointSupportsSsl_InvalidParam_RelativeUri_ValidTimeout_Throws_ArgumentException" />
    </UnitTest>
    <UnitTest name="RefreshToken_IdTokenNotRetrieved_NoError" storage="d:\actions-runner\_work\xpco\xpco\allsolutions\..\common\videoos.identityserver.common\videoos.identityserver.common.unittests\bin\debug\net6.0-windows\videoos.identityserver.common.unittests.dll" id="ee5160b1-3233-41e0-3299-0425a39eeee5">
      <Execution id="d81bb1d0-8586-46a1-9f45-c013ea33908d" />
      <TestMethod codeBase="D:\actions-runner\_work\XPCO\XPCO\AllSolutions\..\Common\VideoOS.IdentityServer.Common\VideoOS.IdentityServer.Common.UnitTests\bin\Debug\net6.0-windows\VideoOS.IdentityServer.Common.UnitTests.dll" adapterTypeName="executor://mstestadapter/v2" className="VideoOS.IdentityServer.Common.UnitTests.Handlers.IdentityServerToken.SimpleTokenCacheTests" name="RefreshToken_IdTokenNotRetrieved_NoError" />
    </UnitTest>
    <UnitTest name="Construct_InvalidParam_ClientId_Null_Throws_ArgumentNullException" storage="d:\actions-runner\_work\xpco\xpco\allsolutions\..\common\videoos.identityserver.common\videoos.identityserver.common.unittests\bin\debug\net6.0-windows\videoos.identityserver.common.unittests.dll" id="d5b3be23-e24d-3907-6e80-ddd593570613">
      <Execution id="56b1fa3d-04e8-4ce9-ba63-54e5e8077bec" />
      <TestMethod codeBase="D:\actions-runner\_work\XPCO\XPCO\AllSolutions\..\Common\VideoOS.IdentityServer.Common\VideoOS.IdentityServer.Common.UnitTests\bin\Debug\net6.0-windows\VideoOS.IdentityServer.Common.UnitTests.dll" adapterTypeName="executor://mstestadapter/v2" className="VideoOS.IdentityServer.Common.UnitTests.Handlers.IdentityServerToken.IdentityServerClientSettingsTests" name="Construct_InvalidParam_ClientId_Null_Throws_ArgumentNullException" />
    </UnitTest>
    <UnitTest name="ValidateToken_MetaDataLoadNotDelayed_MetaDataLoadNotDelayed" storage="d:\actions-runner\_work\xpco\xpco\allsolutions\..\common\videoos.identityserver.common\videoos.identityserver.common.unittests\bin\debug\net6.0-windows\videoos.identityserver.common.unittests.dll" id="a1533602-6410-91ea-863d-c06356133eae">
      <Execution id="10a7a48a-4156-40cd-8a8f-148a5a1ed8bc" />
      <TestMethod codeBase="D:\actions-runner\_work\XPCO\XPCO\AllSolutions\..\Common\VideoOS.IdentityServer.Common\VideoOS.IdentityServer.Common.UnitTests\bin\Debug\net6.0-windows\VideoOS.IdentityServer.Common.UnitTests.dll" adapterTypeName="executor://mstestadapter/v2" className="VideoOS.IdentityServer.Common.UnitTests.JwtSecurityTokenValidatorWithConfigurationManagerTests" name="ValidateToken_MetaDataLoadNotDelayed_MetaDataLoadNotDelayed" />
    </UnitTest>
    <UnitTest name="Construct_WithUri_IsErrorFalse" storage="d:\actions-runner\_work\xpco\xpco\allsolutions\..\common\videoos.identityserver.common\videoos.identityserver.common.unittests\bin\debug\net6.0-windows\videoos.identityserver.common.unittests.dll" id="bc6f6cb5-f7c9-e3db-d707-a236ceb509b9">
      <Execution id="c3eb2079-596a-408d-a6ce-1df6c755a450" />
      <TestMethod codeBase="D:\actions-runner\_work\XPCO\XPCO\AllSolutions\..\Common\VideoOS.IdentityServer.Common\VideoOS.IdentityServer.Common.UnitTests\bin\Debug\net6.0-windows\VideoOS.IdentityServer.Common.UnitTests.dll" adapterTypeName="executor://mstestadapter/v2" className="VideoOS.IdentityServer.Common.UnitTests.DiscoveryResponseTests" name="Construct_WithUri_IsErrorFalse" />
    </UnitTest>
    <UnitTest name="GetTokenResponseAsync_TokenResponseIsOk_TokenResponseIsReturned" storage="d:\actions-runner\_work\xpco\xpco\allsolutions\..\common\videoos.identityserver.common\videoos.identityserver.common.unittests\bin\debug\net6.0-windows\videoos.identityserver.common.unittests.dll" id="22db2a0a-aa8a-2a11-0ea7-22ee10a4b12c">
      <Execution id="c7722ece-99dd-4dfe-bc99-4be10de95943" />
      <TestMethod codeBase="D:\actions-runner\_work\XPCO\XPCO\AllSolutions\..\Common\VideoOS.IdentityServer.Common\VideoOS.IdentityServer.Common.UnitTests\bin\Debug\net6.0-windows\VideoOS.IdentityServer.Common.UnitTests.dll" adapterTypeName="executor://mstestadapter/v2" className="VideoOS.IdentityServer.Common.UnitTests.IdentityServerTokenHandlerTests" name="GetTokenResponseAsync_TokenResponseIsOk_TokenResponseIsReturned" />
    </UnitTest>
    <UnitTest name="RegisterAuthorizationCodeClientWithToken_ResponseHasSuccessfulStatusCode_CorrectRequestUriIsPassedWithoutSecret" storage="d:\actions-runner\_work\xpco\xpco\allsolutions\..\common\videoos.identityserver.common\videoos.identityserver.common.unittests\bin\debug\net6.0-windows\videoos.identityserver.common.unittests.dll" id="cb3d0d63-a156-b025-1c90-4a3dc7841ffd">
      <Execution id="7ab68ff8-cc02-41d4-8ad0-8e777a6bf544" />
      <TestMethod codeBase="D:\actions-runner\_work\XPCO\XPCO\AllSolutions\..\Common\VideoOS.IdentityServer.Common\VideoOS.IdentityServer.Common.UnitTests\bin\Debug\net6.0-windows\VideoOS.IdentityServer.Common.UnitTests.dll" adapterTypeName="executor://mstestadapter/v2" className="VideoOS.IdentityServer.Common.UnitTests.IdpRegistrationClientTests" name="RegisterAuthorizationCodeClientWithToken_ResponseHasSuccessfulStatusCode_CorrectRequestUriIsPassedWithoutSecret" />
    </UnitTest>
    <UnitTest name="CreateException_AnythingElse_Is_DefaultErrorException" storage="d:\actions-runner\_work\xpco\xpco\allsolutions\..\common\videoos.identityserver.common\videoos.identityserver.common.unittests\bin\debug\net6.0-windows\videoos.identityserver.common.unittests.dll" id="437f2012-d0bd-9480-97fb-1b4e5a423d3b">
      <Execution id="49803451-365b-404e-ba75-61015ec772b9" />
      <TestMethod codeBase="D:\actions-runner\_work\XPCO\XPCO\AllSolutions\..\Common\VideoOS.IdentityServer.Common\VideoOS.IdentityServer.Common.UnitTests\bin\Debug\net6.0-windows\VideoOS.IdentityServer.Common.UnitTests.dll" adapterTypeName="executor://mstestadapter/v2" className="VideoOS.IdentityServer.Common.UnitTests.Exceptions.IdpExceptionFactoryTests" name="CreateException_AnythingElse_Is_DefaultErrorException" />
    </UnitTest>
    <UnitTest name="RefreshToken_InvalidToken_AccessTokenException" storage="d:\actions-runner\_work\xpco\xpco\allsolutions\..\common\videoos.identityserver.common\videoos.identityserver.common.unittests\bin\debug\net6.0-windows\videoos.identityserver.common.unittests.dll" id="f5c02efb-b35c-365d-c779-9919be9854f1">
      <Execution id="65e6c021-d915-4785-a1ac-980e2da2deea" />
      <TestMethod codeBase="D:\actions-runner\_work\XPCO\XPCO\AllSolutions\..\Common\VideoOS.IdentityServer.Common\VideoOS.IdentityServer.Common.UnitTests\bin\Debug\net6.0-windows\VideoOS.IdentityServer.Common.UnitTests.dll" adapterTypeName="executor://mstestadapter/v2" className="VideoOS.IdentityServer.Common.UnitTests.Handlers.TokenCacheTests" name="RefreshToken_InvalidToken_AccessTokenException" />
    </UnitTest>
    <UnitTest name="GetClaimValue_IdTokenNotRetrieved_Throws_InvalidOperationException" storage="d:\actions-runner\_work\xpco\xpco\allsolutions\..\common\videoos.identityserver.common\videoos.identityserver.common.unittests\bin\debug\net6.0-windows\videoos.identityserver.common.unittests.dll" id="19645128-e202-44ae-34e1-bebb765d5926">
      <Execution id="d0f72c8c-227c-4e77-b784-2a9a6b68d5f3" />
      <TestMethod codeBase="D:\actions-runner\_work\XPCO\XPCO\AllSolutions\..\Common\VideoOS.IdentityServer.Common\VideoOS.IdentityServer.Common.UnitTests\bin\Debug\net6.0-windows\VideoOS.IdentityServer.Common.UnitTests.dll" adapterTypeName="executor://mstestadapter/v2" className="VideoOS.IdentityServer.Common.UnitTests.Handlers.IdentityServerToken.SimpleTokenCacheTests" name="GetClaimValue_IdTokenNotRetrieved_Throws_InvalidOperationException" />
    </UnitTest>
    <UnitTest name="CreateException_DuplicateUserName_Is_AlreadyExistsException" storage="d:\actions-runner\_work\xpco\xpco\allsolutions\..\common\videoos.identityserver.common\videoos.identityserver.common.unittests\bin\debug\net6.0-windows\videoos.identityserver.common.unittests.dll" id="7f2480da-8572-1058-bed9-d76ee4f460a4">
      <Execution id="6f9ad840-fb76-46e8-a4b0-b28759b566ed" />
      <TestMethod codeBase="D:\actions-runner\_work\XPCO\XPCO\AllSolutions\..\Common\VideoOS.IdentityServer.Common\VideoOS.IdentityServer.Common.UnitTests\bin\Debug\net6.0-windows\VideoOS.IdentityServer.Common.UnitTests.dll" adapterTypeName="executor://mstestadapter/v2" className="VideoOS.IdentityServer.Common.UnitTests.Exceptions.IdpExceptionFactoryTests" name="CreateException_DuplicateUserName_Is_AlreadyExistsException" />
    </UnitTest>
    <UnitTest name="Start_TimeToTokenExpireOver5min_ReturnsCachedToken" storage="d:\actions-runner\_work\xpco\xpco\allsolutions\..\common\videoos.identityserver.common\videoos.identityserver.common.unittests\bin\debug\net6.0-windows\videoos.identityserver.common.unittests.dll" id="0c73a1ad-6206-0874-edea-ce6d1ddf48e7">
      <Execution id="4cfd9a37-80c6-454f-8770-20a7c94d13f6" />
      <TestMethod codeBase="D:\actions-runner\_work\XPCO\XPCO\AllSolutions\..\Common\VideoOS.IdentityServer.Common\VideoOS.IdentityServer.Common.UnitTests\bin\Debug\net6.0-windows\VideoOS.IdentityServer.Common.UnitTests.dll" adapterTypeName="executor://mstestadapter/v2" className="VideoOS.IdentityServer.Common.UnitTests.Handlers.IdentityServerToken.SimpleTokenCacheTests" name="Start_TimeToTokenExpireOver5min_ReturnsCachedToken" />
    </UnitTest>
    <UnitTest name="CreateException_OtherError_Throws_DefaultErrorException" storage="d:\actions-runner\_work\xpco\xpco\allsolutions\..\common\videoos.identityserver.common\videoos.identityserver.common.unittests\bin\debug\net6.0-windows\videoos.identityserver.common.unittests.dll" id="6527d399-3c52-8422-d90f-6c83c08b6874">
      <Execution id="0e200f0a-f005-4b34-9ad7-8daabe31481b" />
      <TestMethod codeBase="D:\actions-runner\_work\XPCO\XPCO\AllSolutions\..\Common\VideoOS.IdentityServer.Common\VideoOS.IdentityServer.Common.UnitTests\bin\Debug\net6.0-windows\VideoOS.IdentityServer.Common.UnitTests.dll" adapterTypeName="executor://mstestadapter/v2" className="VideoOS.IdentityServer.Common.UnitTests.Exceptions.IdpExceptionFactoryTests" name="CreateException_OtherError_Throws_DefaultErrorException" />
    </UnitTest>
    <UnitTest name="HttpGetResult_Constructor_Success" storage="d:\actions-runner\_work\xpco\xpco\allsolutions\..\common\videoos.identityserver.common\videoos.identityserver.common.unittests\bin\debug\net6.0-windows\videoos.identityserver.common.unittests.dll" id="a6c86e7f-3cba-5a70-e72e-8210186f640d">
      <Execution id="6f845bda-0e99-4d77-9f54-9fd2155f3a69" />
      <TestMethod codeBase="D:\actions-runner\_work\XPCO\XPCO\AllSolutions\..\Common\VideoOS.IdentityServer.Common\VideoOS.IdentityServer.Common.UnitTests\bin\Debug\net6.0-windows\VideoOS.IdentityServer.Common.UnitTests.dll" adapterTypeName="executor://mstestadapter/v2" className="VideoOS.IdentityServer.Common.UnitTests.Utilities.ServerValidation.HttpGetResultTests" name="HttpGetResult_Constructor_Success" />
    </UnitTest>
    <UnitTest name="Constructor_NullRequestedScopes_ThrowsArgumentNullException" storage="d:\actions-runner\_work\xpco\xpco\allsolutions\..\common\videoos.identityserver.common\videoos.identityserver.common.unittests\bin\debug\net6.0-windows\videoos.identityserver.common.unittests.dll" id="11e2d426-0f64-e877-4f88-684b98f80094">
      <Execution id="866bd536-5437-48d8-a5c1-fa1b66ab53be" />
      <TestMethod codeBase="D:\actions-runner\_work\XPCO\XPCO\AllSolutions\..\Common\VideoOS.IdentityServer.Common\VideoOS.IdentityServer.Common.UnitTests\bin\Debug\net6.0-windows\VideoOS.IdentityServer.Common.UnitTests.dll" adapterTypeName="executor://mstestadapter/v2" className="VideoOS.IdentityServer.Common.UnitTests.Utilities.Tokens.IdpTokenRetrieverTests" name="Constructor_NullRequestedScopes_ThrowsArgumentNullException" />
    </UnitTest>
    <UnitTest name="Construct_UsesLargeCustomTimeout_Success" storage="d:\actions-runner\_work\xpco\xpco\allsolutions\..\common\videoos.identityserver.common\videoos.identityserver.common.unittests\bin\debug\net6.0-windows\videoos.identityserver.common.unittests.dll" id="0f27abe8-3384-6920-a039-76a637899eb2">
      <Execution id="68519040-36cf-4c38-bafb-9616b0d7d981" />
      <TestMethod codeBase="D:\actions-runner\_work\XPCO\XPCO\AllSolutions\..\Common\VideoOS.IdentityServer.Common\VideoOS.IdentityServer.Common.UnitTests\bin\Debug\net6.0-windows\VideoOS.IdentityServer.Common.UnitTests.dll" adapterTypeName="executor://mstestadapter/v2" className="VideoOS.IdentityServer.Common.UnitTests.Utilities.SslVerificationTests" name="Construct_UsesLargeCustomTimeout_Success" />
    </UnitTest>
    <UnitTest name="CreateException_PasswordRequiresNonAlphanumeric_Is_PasswordNotComplexEnoughException" storage="d:\actions-runner\_work\xpco\xpco\allsolutions\..\common\videoos.identityserver.common\videoos.identityserver.common.unittests\bin\debug\net6.0-windows\videoos.identityserver.common.unittests.dll" id="cb7249c8-dcf7-5d04-d8a1-9ce11225ac6e">
      <Execution id="0e130bfb-a2d1-46a9-9a4c-a590c69b4d08" />
      <TestMethod codeBase="D:\actions-runner\_work\XPCO\XPCO\AllSolutions\..\Common\VideoOS.IdentityServer.Common\VideoOS.IdentityServer.Common.UnitTests\bin\Debug\net6.0-windows\VideoOS.IdentityServer.Common.UnitTests.dll" adapterTypeName="executor://mstestadapter/v2" className="VideoOS.IdentityServer.Common.UnitTests.Exceptions.IdpExceptionFactoryTests" name="CreateException_PasswordRequiresNonAlphanumeric_Is_PasswordNotComplexEnoughException" />
    </UnitTest>
    <UnitTest name="GetTokenResponseAsync_HttpStatusIsNotOk_IdpExceptionIsThrown" storage="d:\actions-runner\_work\xpco\xpco\allsolutions\..\common\videoos.identityserver.common\videoos.identityserver.common.unittests\bin\debug\net6.0-windows\videoos.identityserver.common.unittests.dll" id="355371bd-45fe-c229-5034-898ad04eb1dc">
      <Execution id="1c55d41d-fa8f-455e-9d5a-6db174747116" />
      <TestMethod codeBase="D:\actions-runner\_work\XPCO\XPCO\AllSolutions\..\Common\VideoOS.IdentityServer.Common\VideoOS.IdentityServer.Common.UnitTests\bin\Debug\net6.0-windows\VideoOS.IdentityServer.Common.UnitTests.dll" adapterTypeName="executor://mstestadapter/v2" className="VideoOS.IdentityServer.Common.UnitTests.ExchangeTokenHandlerTests" name="GetTokenResponseAsync_HttpStatusIsNotOk_IdpExceptionIsThrown" />
    </UnitTest>
    <UnitTest name="Constructor_EmptyProvider_ThrowsArgumentNullException" storage="d:\actions-runner\_work\xpco\xpco\allsolutions\..\common\videoos.identityserver.common\videoos.identityserver.common.unittests\bin\debug\net6.0-windows\videoos.identityserver.common.unittests.dll" id="27aea1a6-1e4c-b203-2089-de14d612090c">
      <Execution id="f20bd304-ae97-4e89-9afe-a208c689234c" />
      <TestMethod codeBase="D:\actions-runner\_work\XPCO\XPCO\AllSolutions\..\Common\VideoOS.IdentityServer.Common\VideoOS.IdentityServer.Common.UnitTests\bin\Debug\net6.0-windows\VideoOS.IdentityServer.Common.UnitTests.dll" adapterTypeName="executor://mstestadapter/v2" className="VideoOS.IdentityServer.Common.UnitTests.ExternalTokenHandlerTests" name="Constructor_EmptyProvider_ThrowsArgumentNullException" />
    </UnitTest>
    <UnitTest name="RegisterAuthorizationCodeClient_ResponseHasSuccessfulStatusCode_CorrectRequestUriIsPassedWithoutSecret" storage="d:\actions-runner\_work\xpco\xpco\allsolutions\..\common\videoos.identityserver.common\videoos.identityserver.common.unittests\bin\debug\net6.0-windows\videoos.identityserver.common.unittests.dll" id="dedf70a5-f131-d84f-4234-6a5051d02528">
      <Execution id="8ec22083-32e8-42ac-9703-f9993cf1101d" />
      <TestMethod codeBase="D:\actions-runner\_work\XPCO\XPCO\AllSolutions\..\Common\VideoOS.IdentityServer.Common\VideoOS.IdentityServer.Common.UnitTests\bin\Debug\net6.0-windows\VideoOS.IdentityServer.Common.UnitTests.dll" adapterTypeName="executor://mstestadapter/v2" className="VideoOS.IdentityServer.Common.UnitTests.IdpRegistrationClientTests" name="RegisterAuthorizationCodeClient_ResponseHasSuccessfulStatusCode_CorrectRequestUriIsPassedWithoutSecret" />
    </UnitTest>
    <UnitTest name="UserName_HasNameClaim_ReturnsUserName" storage="d:\actions-runner\_work\xpco\xpco\allsolutions\..\common\videoos.identityserver.common\videoos.identityserver.common.unittests\bin\debug\net6.0-windows\videoos.identityserver.common.unittests.dll" id="2a8032ec-2494-843d-f098-18bbc743b65d">
      <Execution id="d7081ec8-184f-467f-9aba-e87a9bb103bf" />
      <TestMethod codeBase="D:\actions-runner\_work\XPCO\XPCO\AllSolutions\..\Common\VideoOS.IdentityServer.Common\VideoOS.IdentityServer.Common.UnitTests\bin\Debug\net6.0-windows\VideoOS.IdentityServer.Common.UnitTests.dll" adapterTypeName="executor://mstestadapter/v2" className="VideoOS.IdentityServer.Common.UnitTests.Handlers.TokenCacheTests" name="UserName_HasNameClaim_ReturnsUserName" />
    </UnitTest>
    <UnitTest name="CreateException_InvalidRoleName_Is_InvalidNameException" storage="d:\actions-runner\_work\xpco\xpco\allsolutions\..\common\videoos.identityserver.common\videoos.identityserver.common.unittests\bin\debug\net6.0-windows\videoos.identityserver.common.unittests.dll" id="00ff095b-4bc6-db53-f938-6a37bc01f46b">
      <Execution id="1406485b-1129-40bd-809f-45e0df4cb928" />
      <TestMethod codeBase="D:\actions-runner\_work\XPCO\XPCO\AllSolutions\..\Common\VideoOS.IdentityServer.Common\VideoOS.IdentityServer.Common.UnitTests\bin\Debug\net6.0-windows\VideoOS.IdentityServer.Common.UnitTests.dll" adapterTypeName="executor://mstestadapter/v2" className="VideoOS.IdentityServer.Common.UnitTests.Exceptions.IdpExceptionFactoryTests" name="CreateException_InvalidRoleName_Is_InvalidNameException" />
    </UnitTest>
    <UnitTest name="CreateException_401_Is_UnauthorizedException" storage="d:\actions-runner\_work\xpco\xpco\allsolutions\..\common\videoos.identityserver.common\videoos.identityserver.common.unittests\bin\debug\net6.0-windows\videoos.identityserver.common.unittests.dll" id="5fc9fa5a-5fe3-b72e-18ec-1d655d4e8290">
      <Execution id="210f75a2-e164-4f9f-b7f6-ef6b67050065" />
      <TestMethod codeBase="D:\actions-runner\_work\XPCO\XPCO\AllSolutions\..\Common\VideoOS.IdentityServer.Common\VideoOS.IdentityServer.Common.UnitTests\bin\Debug\net6.0-windows\VideoOS.IdentityServer.Common.UnitTests.dll" adapterTypeName="executor://mstestadapter/v2" className="VideoOS.IdentityServer.Common.UnitTests.Exceptions.IdpExceptionFactoryTests" name="CreateException_401_Is_UnauthorizedException" />
    </UnitTest>
    <UnitTest name="RegisterAuthorizationCodeClient_RedirectUrisIsNull_ThrowArgumentException" storage="d:\actions-runner\_work\xpco\xpco\allsolutions\..\common\videoos.identityserver.common\videoos.identityserver.common.unittests\bin\debug\net6.0-windows\videoos.identityserver.common.unittests.dll" id="bf3dc991-3368-6005-a716-c4582669d18a">
      <Execution id="1a5682c7-0974-4272-9d27-8085138e88d0" />
      <TestMethod codeBase="D:\actions-runner\_work\XPCO\XPCO\AllSolutions\..\Common\VideoOS.IdentityServer.Common\VideoOS.IdentityServer.Common.UnitTests\bin\Debug\net6.0-windows\VideoOS.IdentityServer.Common.UnitTests.dll" adapterTypeName="executor://mstestadapter/v2" className="VideoOS.IdentityServer.Common.UnitTests.IdpRegistrationClientTests" name="RegisterAuthorizationCodeClient_RedirectUrisIsNull_ThrowArgumentException" />
    </UnitTest>
    <UnitTest name="ResourceOwnerAuthenticationAsync_StatusCodeOk_TokenResponseWithTokenIsReturned" storage="d:\actions-runner\_work\xpco\xpco\allsolutions\..\common\videoos.identityserver.common\videoos.identityserver.common.unittests\bin\debug\net6.0-windows\videoos.identityserver.common.unittests.dll" id="abd81a1c-e3b4-bebe-d21f-4ca159588c70">
      <Execution id="f0b4811f-5954-40b0-a427-9c769fc4fe4c" />
      <TestMethod codeBase="D:\actions-runner\_work\XPCO\XPCO\AllSolutions\..\Common\VideoOS.IdentityServer.Common\VideoOS.IdentityServer.Common.UnitTests\bin\Debug\net6.0-windows\VideoOS.IdentityServer.Common.UnitTests.dll" adapterTypeName="executor://mstestadapter/v2" className="VideoOS.IdentityServer.Common.UnitTests.IdpTokenClientTests" name="ResourceOwnerAuthenticationAsync_StatusCodeOk_TokenResponseWithTokenIsReturned" />
    </UnitTest>
    <UnitTest name="CreateException_ErrorStrongPassword_Is_PasswordNotComplexEnoughException" storage="d:\actions-runner\_work\xpco\xpco\allsolutions\..\common\videoos.identityserver.common\videoos.identityserver.common.unittests\bin\debug\net6.0-windows\videoos.identityserver.common.unittests.dll" id="79bdc8ed-4f4b-9849-1ddd-b15e09b27525">
      <Execution id="5c87e785-3bfd-42c1-98ee-3bc22576c89e" />
      <TestMethod codeBase="D:\actions-runner\_work\XPCO\XPCO\AllSolutions\..\Common\VideoOS.IdentityServer.Common\VideoOS.IdentityServer.Common.UnitTests\bin\Debug\net6.0-windows\VideoOS.IdentityServer.Common.UnitTests.dll" adapterTypeName="executor://mstestadapter/v2" className="VideoOS.IdentityServer.Common.UnitTests.Exceptions.IdpExceptionFactoryTests" name="CreateException_ErrorStrongPassword_Is_PasswordNotComplexEnoughException" />
    </UnitTest>
    <UnitTest name="ValidateIdpServer_InvalidSslConfiguration_ShouldThrow" storage="d:\actions-runner\_work\xpco\xpco\allsolutions\..\common\videoos.identityserver.common\videoos.identityserver.common.unittests\bin\debug\net6.0-windows\videoos.identityserver.common.unittests.dll" id="fcaeabd6-201c-a809-f13b-51e8e57f8ab1">
      <Execution id="fb7c9161-632e-4ca8-b6d7-7385236381ae" />
      <TestMethod codeBase="D:\actions-runner\_work\XPCO\XPCO\AllSolutions\..\Common\VideoOS.IdentityServer.Common\VideoOS.IdentityServer.Common.UnitTests\bin\Debug\net6.0-windows\VideoOS.IdentityServer.Common.UnitTests.dll" adapterTypeName="executor://mstestadapter/v2" className="VideoOS.IdentityServer.Common.UnitTests.IdpDiscoveryServiceTests" name="ValidateIdpServer_InvalidSslConfiguration_ShouldThrow" />
    </UnitTest>
    <UnitTest name="Construct_WithException_ResponseWithException" storage="d:\actions-runner\_work\xpco\xpco\allsolutions\..\common\videoos.identityserver.common\videoos.identityserver.common.unittests\bin\debug\net6.0-windows\videoos.identityserver.common.unittests.dll" id="e1b36847-cc65-e739-8fc1-4c65074486c5">
      <Execution id="b54b7989-103b-45a4-87b3-9938b1188401" />
      <TestMethod codeBase="D:\actions-runner\_work\XPCO\XPCO\AllSolutions\..\Common\VideoOS.IdentityServer.Common\VideoOS.IdentityServer.Common.UnitTests\bin\Debug\net6.0-windows\VideoOS.IdentityServer.Common.UnitTests.dll" adapterTypeName="executor://mstestadapter/v2" className="VideoOS.IdentityServer.Common.UnitTests.DiscoveryResponseTests" name="Construct_WithException_ResponseWithException" />
    </UnitTest>
    <UnitTest name="TokenCache_Constructor_ClientTokenSettings_ArgumentNullException" storage="d:\actions-runner\_work\xpco\xpco\allsolutions\..\common\videoos.identityserver.common\videoos.identityserver.common.unittests\bin\debug\net6.0-windows\videoos.identityserver.common.unittests.dll" id="9f0c86dc-a496-7741-858c-a11363a3da1a">
      <Execution id="0ef6aa80-eefe-461b-93a5-8b9b79e8d3c2" />
      <TestMethod codeBase="D:\actions-runner\_work\XPCO\XPCO\AllSolutions\..\Common\VideoOS.IdentityServer.Common\VideoOS.IdentityServer.Common.UnitTests\bin\Debug\net6.0-windows\VideoOS.IdentityServer.Common.UnitTests.dll" adapterTypeName="executor://mstestadapter/v2" className="VideoOS.IdentityServer.Common.UnitTests.Handlers.TokenCacheTests" name="TokenCache_Constructor_ClientTokenSettings_ArgumentNullException" />
    </UnitTest>
    <UnitTest name="ValidateToken_MetaDataLoadDelay_MetadataLoadDelayed" storage="d:\actions-runner\_work\xpco\xpco\allsolutions\..\common\videoos.identityserver.common\videoos.identityserver.common.unittests\bin\debug\net6.0-windows\videoos.identityserver.common.unittests.dll" id="2f309615-d38e-60ef-2c2d-0b95ad0a2a62">
      <Execution id="67dc0610-52f8-4c03-bb89-f7fc255c237c" />
      <TestMethod codeBase="D:\actions-runner\_work\XPCO\XPCO\AllSolutions\..\Common\VideoOS.IdentityServer.Common\VideoOS.IdentityServer.Common.UnitTests\bin\Debug\net6.0-windows\VideoOS.IdentityServer.Common.UnitTests.dll" adapterTypeName="executor://mstestadapter/v2" className="VideoOS.IdentityServer.Common.UnitTests.JwtSecurityTokenValidatorWithConfigurationManagerTests" name="ValidateToken_MetaDataLoadDelay_MetadataLoadDelayed" />
    </UnitTest>
    <UnitTest name="ValidateToken_SignatureKeyNotFoundMinimumRefreshIntervalNotReached_RefreshNotRequested" storage="d:\actions-runner\_work\xpco\xpco\allsolutions\..\common\videoos.identityserver.common\videoos.identityserver.common.unittests\bin\debug\net6.0-windows\videoos.identityserver.common.unittests.dll" id="0d4bd5fb-a3e0-f3c1-4f95-139d2488ddad">
      <Execution id="2a3730f2-6bd1-47e5-83f9-d7c1bfeb16d7" />
      <TestMethod codeBase="D:\actions-runner\_work\XPCO\XPCO\AllSolutions\..\Common\VideoOS.IdentityServer.Common\VideoOS.IdentityServer.Common.UnitTests\bin\Debug\net6.0-windows\VideoOS.IdentityServer.Common.UnitTests.dll" adapterTypeName="executor://mstestadapter/v2" className="VideoOS.IdentityServer.Common.UnitTests.JwtSecurityTokenValidatorWithConfigurationManagerTests" name="ValidateToken_SignatureKeyNotFoundMinimumRefreshIntervalNotReached_RefreshNotRequested" />
    </UnitTest>
    <UnitTest name="HandleException_IdentityServerTokenException_ReturnsTrue" storage="d:\actions-runner\_work\xpco\xpco\allsolutions\..\common\videoos.identityserver.common\videoos.identityserver.common.unittests\bin\debug\net6.0-windows\videoos.identityserver.common.unittests.dll" id="78041a23-7bf7-db78-694f-dcf00358b174">
      <Execution id="102c9996-35e5-4317-8455-2eab14cbcb38" />
      <TestMethod codeBase="D:\actions-runner\_work\XPCO\XPCO\AllSolutions\..\Common\VideoOS.IdentityServer.Common\VideoOS.IdentityServer.Common.UnitTests\bin\Debug\net6.0-windows\VideoOS.IdentityServer.Common.UnitTests.dll" adapterTypeName="executor://mstestadapter/v2" className="VideoOS.IdentityServer.Common.UnitTests.Utilities.ServerValidation.IdpExceptionHandlerTests" name="HandleException_IdentityServerTokenException_ReturnsTrue" />
    </UnitTest>
    <UnitTest name="GetAsync_CallCancelled_OperationCanceledException" storage="d:\actions-runner\_work\xpco\xpco\allsolutions\..\common\videoos.identityserver.common\videoos.identityserver.common.unittests\bin\debug\net6.0-windows\videoos.identityserver.common.unittests.dll" id="cac73a53-b4ae-6c1b-3bae-7a153785b4c5">
      <Execution id="cdd61d95-ba15-4209-828b-150314e4c7e4" />
      <TestMethod codeBase="D:\actions-runner\_work\XPCO\XPCO\AllSolutions\..\Common\VideoOS.IdentityServer.Common\VideoOS.IdentityServer.Common.UnitTests\bin\Debug\net6.0-windows\VideoOS.IdentityServer.Common.UnitTests.dll" adapterTypeName="executor://mstestadapter/v2" className="VideoOS.IdentityServer.Common.UnitTests.DiscoveryClientTests" name="GetAsync_CallCancelled_OperationCanceledException" />
    </UnitTest>
    <UnitTest name="GetClaimValue_IdTokenRetrieved_ClaimNotThere_ReturnsNull" storage="d:\actions-runner\_work\xpco\xpco\allsolutions\..\common\videoos.identityserver.common\videoos.identityserver.common.unittests\bin\debug\net6.0-windows\videoos.identityserver.common.unittests.dll" id="7a8926d4-b9a3-8330-c659-fa45110afd0c">
      <Execution id="758914fb-543b-4529-a21b-5b6ce16dfae3" />
      <TestMethod codeBase="D:\actions-runner\_work\XPCO\XPCO\AllSolutions\..\Common\VideoOS.IdentityServer.Common\VideoOS.IdentityServer.Common.UnitTests\bin\Debug\net6.0-windows\VideoOS.IdentityServer.Common.UnitTests.dll" adapterTypeName="executor://mstestadapter/v2" className="VideoOS.IdentityServer.Common.UnitTests.Handlers.TokenCacheTests" name="GetClaimValue_IdTokenRetrieved_ClaimNotThere_ReturnsNull" />
    </UnitTest>
    <UnitTest name="Dispose_IDisposableTokenHandler_Success" storage="d:\actions-runner\_work\xpco\xpco\allsolutions\..\common\videoos.identityserver.common\videoos.identityserver.common.unittests\bin\debug\net6.0-windows\videoos.identityserver.common.unittests.dll" id="edadc8c2-2e6c-d240-0235-8c3d78f18004">
      <Execution id="c1eba5d5-8746-49cd-9a93-f8cb75c8c831" />
      <TestMethod codeBase="D:\actions-runner\_work\XPCO\XPCO\AllSolutions\..\Common\VideoOS.IdentityServer.Common\VideoOS.IdentityServer.Common.UnitTests\bin\Debug\net6.0-windows\VideoOS.IdentityServer.Common.UnitTests.dll" adapterTypeName="executor://mstestadapter/v2" className="VideoOS.IdentityServer.Common.UnitTests.Handlers.IdentityServerToken.SimpleTokenCacheTests" name="Dispose_IDisposableTokenHandler_Success" />
    </UnitTest>
    <UnitTest name="TokenCache_Constructor_Secret_ArgumentNullException" storage="d:\actions-runner\_work\xpco\xpco\allsolutions\..\common\videoos.identityserver.common\videoos.identityserver.common.unittests\bin\debug\net6.0-windows\videoos.identityserver.common.unittests.dll" id="ebe888ba-3631-12b0-9554-250fe8da03f0">
      <Execution id="35cf7109-5198-40db-9eaa-5abcef6007df" />
      <TestMethod codeBase="D:\actions-runner\_work\XPCO\XPCO\AllSolutions\..\Common\VideoOS.IdentityServer.Common\VideoOS.IdentityServer.Common.UnitTests\bin\Debug\net6.0-windows\VideoOS.IdentityServer.Common.UnitTests.dll" adapterTypeName="executor://mstestadapter/v2" className="VideoOS.IdentityServer.Common.UnitTests.Handlers.TokenCacheTests" name="TokenCache_Constructor_Secret_ArgumentNullException" />
    </UnitTest>
    <UnitTest name="GetAsync_MultipleSuccessfulResponses_FirstIsReturned" storage="d:\actions-runner\_work\xpco\xpco\allsolutions\..\common\videoos.identityserver.common\videoos.identityserver.common.unittests\bin\debug\net6.0-windows\videoos.identityserver.common.unittests.dll" id="723220bc-f6bc-2344-fd48-d0edbe583623">
      <Execution id="aa70aaee-9f79-40ef-b71c-f30f7b3495db" />
      <TestMethod codeBase="D:\actions-runner\_work\XPCO\XPCO\AllSolutions\..\Common\VideoOS.IdentityServer.Common\VideoOS.IdentityServer.Common.UnitTests\bin\Debug\net6.0-windows\VideoOS.IdentityServer.Common.UnitTests.dll" adapterTypeName="executor://mstestadapter/v2" className="VideoOS.IdentityServer.Common.UnitTests.DiscoveryClientTests" name="GetAsync_MultipleSuccessfulResponses_FirstIsReturned" />
    </UnitTest>
    <UnitTest name="Constructor_NullHttpClient_ThrowArgumentNullException" storage="d:\actions-runner\_work\xpco\xpco\allsolutions\..\common\videoos.identityserver.common\videoos.identityserver.common.unittests\bin\debug\net6.0-windows\videoos.identityserver.common.unittests.dll" id="f6233300-4bb5-ebc3-fb67-68daee71e649">
      <Execution id="ce782abf-e7d4-43b9-8531-3e6386d66644" />
      <TestMethod codeBase="D:\actions-runner\_work\XPCO\XPCO\AllSolutions\..\Common\VideoOS.IdentityServer.Common\VideoOS.IdentityServer.Common.UnitTests\bin\Debug\net6.0-windows\VideoOS.IdentityServer.Common.UnitTests.dll" adapterTypeName="executor://mstestadapter/v2" className="VideoOS.IdentityServer.Common.UnitTests.ExchangeTokenHandlerTests" name="Constructor_NullHttpClient_ThrowArgumentNullException" />
    </UnitTest>
    <UnitTest name="GetAsync_AllCallsFailed_DiscoveryResponsesForAll" storage="d:\actions-runner\_work\xpco\xpco\allsolutions\..\common\videoos.identityserver.common\videoos.identityserver.common.unittests\bin\debug\net6.0-windows\videoos.identityserver.common.unittests.dll" id="5e0c0b16-1156-1376-f6f0-3908d3a2cb3b">
      <Execution id="b197aea3-93d8-4c52-8bf4-4d2ee0f30be7" />
      <TestMethod codeBase="D:\actions-runner\_work\XPCO\XPCO\AllSolutions\..\Common\VideoOS.IdentityServer.Common\VideoOS.IdentityServer.Common.UnitTests\bin\Debug\net6.0-windows\VideoOS.IdentityServer.Common.UnitTests.dll" adapterTypeName="executor://mstestadapter/v2" className="VideoOS.IdentityServer.Common.UnitTests.DiscoveryClientTests" name="GetAsync_AllCallsFailed_DiscoveryResponsesForAll" />
    </UnitTest>
    <UnitTest name="RegisterAuthorizationCodeClient_RedirectUrisIsEmpty_ThrowArgumentException" storage="d:\actions-runner\_work\xpco\xpco\allsolutions\..\common\videoos.identityserver.common\videoos.identityserver.common.unittests\bin\debug\net6.0-windows\videoos.identityserver.common.unittests.dll" id="aac9aae4-033c-5a4d-bf6f-6c295840a3fd">
      <Execution id="ed2ad933-f5be-40f7-87d5-040d5cc448a1" />
      <TestMethod codeBase="D:\actions-runner\_work\XPCO\XPCO\AllSolutions\..\Common\VideoOS.IdentityServer.Common\VideoOS.IdentityServer.Common.UnitTests\bin\Debug\net6.0-windows\VideoOS.IdentityServer.Common.UnitTests.dll" adapterTypeName="executor://mstestadapter/v2" className="VideoOS.IdentityServer.Common.UnitTests.IdpRegistrationClientTests" name="RegisterAuthorizationCodeClient_RedirectUrisIsEmpty_ThrowArgumentException" />
    </UnitTest>
    <UnitTest name="RegisterClient_ScopesAreNull_ThrowArgumentNullException" storage="d:\actions-runner\_work\xpco\xpco\allsolutions\..\common\videoos.identityserver.common\videoos.identityserver.common.unittests\bin\debug\net6.0-windows\videoos.identityserver.common.unittests.dll" id="2c3c5b9a-85d3-0ea3-3ec1-f527226951f2">
      <Execution id="ae49fd54-cedc-41df-999e-4bffc8756f51" />
      <TestMethod codeBase="D:\actions-runner\_work\XPCO\XPCO\AllSolutions\..\Common\VideoOS.IdentityServer.Common\VideoOS.IdentityServer.Common.UnitTests\bin\Debug\net6.0-windows\VideoOS.IdentityServer.Common.UnitTests.dll" adapterTypeName="executor://mstestadapter/v2" className="VideoOS.IdentityServer.Common.UnitTests.IdpRegistrationClientTests" name="RegisterClient_ScopesAreNull_ThrowArgumentNullException" />
    </UnitTest>
    <UnitTest name="Constructor_SecretIsNull_ThrowArgumentNullException" storage="d:\actions-runner\_work\xpco\xpco\allsolutions\..\common\videoos.identityserver.common\videoos.identityserver.common.unittests\bin\debug\net6.0-windows\videoos.identityserver.common.unittests.dll" id="17a16fc5-4fe6-49ea-a991-631fada3d645">
      <Execution id="135743cd-b97e-4fcc-a387-c4022b295758" />
      <TestMethod codeBase="D:\actions-runner\_work\XPCO\XPCO\AllSolutions\..\Common\VideoOS.IdentityServer.Common\VideoOS.IdentityServer.Common.UnitTests\bin\Debug\net6.0-windows\VideoOS.IdentityServer.Common.UnitTests.dll" adapterTypeName="executor://mstestadapter/v2" className="VideoOS.IdentityServer.Common.UnitTests.IdentityServerTokenHandlerTests" name="Constructor_SecretIsNull_ThrowArgumentNullException" />
    </UnitTest>
    <UnitTest name="CreateException_InvalidCredentials_Is_ChangePasswordException" storage="d:\actions-runner\_work\xpco\xpco\allsolutions\..\common\videoos.identityserver.common\videoos.identityserver.common.unittests\bin\debug\net6.0-windows\videoos.identityserver.common.unittests.dll" id="ee1e7c2b-0cb3-69aa-1c3e-150a4187ed3e">
      <Execution id="4232aa03-7c3b-4b69-a5bb-4b4f83491f8a" />
      <TestMethod codeBase="D:\actions-runner\_work\XPCO\XPCO\AllSolutions\..\Common\VideoOS.IdentityServer.Common\VideoOS.IdentityServer.Common.UnitTests\bin\Debug\net6.0-windows\VideoOS.IdentityServer.Common.UnitTests.dll" adapterTypeName="executor://mstestadapter/v2" className="VideoOS.IdentityServer.Common.UnitTests.Exceptions.IdpExceptionFactoryTests" name="CreateException_InvalidCredentials_Is_ChangePasswordException" />
    </UnitTest>
    <UnitTest name="RegisterAuthorizationCodeClientWithToken_ClientIdIsNull_ThrowArgumentException" storage="d:\actions-runner\_work\xpco\xpco\allsolutions\..\common\videoos.identityserver.common\videoos.identityserver.common.unittests\bin\debug\net6.0-windows\videoos.identityserver.common.unittests.dll" id="5350274c-91fb-610e-856e-3415f7a1fa83">
      <Execution id="9a9a576b-d423-4c55-9107-69d5c6f06cf6" />
      <TestMethod codeBase="D:\actions-runner\_work\XPCO\XPCO\AllSolutions\..\Common\VideoOS.IdentityServer.Common\VideoOS.IdentityServer.Common.UnitTests\bin\Debug\net6.0-windows\VideoOS.IdentityServer.Common.UnitTests.dll" adapterTypeName="executor://mstestadapter/v2" className="VideoOS.IdentityServer.Common.UnitTests.IdpRegistrationClientTests" name="RegisterAuthorizationCodeClientWithToken_ClientIdIsNull_ThrowArgumentException" />
    </UnitTest>
    <UnitTest name="GetTokenResponseAsync_TokenResponseIsReturned" storage="d:\actions-runner\_work\xpco\xpco\allsolutions\..\common\videoos.identityserver.common\videoos.identityserver.common.unittests\bin\debug\net6.0-windows\videoos.identityserver.common.unittests.dll" id="87c632ab-1f7d-93ea-f769-4737e54aa158">
      <Execution id="20b1b659-58af-4f54-93dd-5f62b8ef85fd" />
      <TestMethod codeBase="D:\actions-runner\_work\XPCO\XPCO\AllSolutions\..\Common\VideoOS.IdentityServer.Common\VideoOS.IdentityServer.Common.UnitTests\bin\Debug\net6.0-windows\VideoOS.IdentityServer.Common.UnitTests.dll" adapterTypeName="executor://mstestadapter/v2" className="VideoOS.IdentityServer.Common.UnitTests.ExchangeTokenHandlerTests" name="GetTokenResponseAsync_TokenResponseIsReturned" />
    </UnitTest>
    <UnitTest name="HasValidScheme_UriIsHttp_ReturnsTrue" storage="d:\actions-runner\_work\xpco\xpco\allsolutions\..\common\videoos.identityserver.common\videoos.identityserver.common.unittests\bin\debug\net6.0-windows\videoos.identityserver.common.unittests.dll" id="a844f451-0f87-c9e5-8ca9-902b45b90314">
      <Execution id="50627b83-9795-41cc-b7ca-774f0f67f145" />
      <TestMethod codeBase="D:\actions-runner\_work\XPCO\XPCO\AllSolutions\..\Common\VideoOS.IdentityServer.Common\VideoOS.IdentityServer.Common.UnitTests\bin\Debug\net6.0-windows\VideoOS.IdentityServer.Common.UnitTests.dll" adapterTypeName="executor://mstestadapter/v2" className="VideoOS.IdentityServer.Common.UnitTests.Utilities.ServerValidation.UriExtenderTests" name="HasValidScheme_UriIsHttp_ReturnsTrue" />
    </UnitTest>
    <UnitTest name="CreateException_PasswordRequiresUniqueChars_Is_PasswordNotComplexEnoughException" storage="d:\actions-runner\_work\xpco\xpco\allsolutions\..\common\videoos.identityserver.common\videoos.identityserver.common.unittests\bin\debug\net6.0-windows\videoos.identityserver.common.unittests.dll" id="6aef1b61-0dc3-b6ce-7dbd-e4e62a370ac5">
      <Execution id="471802b9-774a-42b4-9d67-9fb51e000bb4" />
      <TestMethod codeBase="D:\actions-runner\_work\XPCO\XPCO\AllSolutions\..\Common\VideoOS.IdentityServer.Common\VideoOS.IdentityServer.Common.UnitTests\bin\Debug\net6.0-windows\VideoOS.IdentityServer.Common.UnitTests.dll" adapterTypeName="executor://mstestadapter/v2" className="VideoOS.IdentityServer.Common.UnitTests.Exceptions.IdpExceptionFactoryTests" name="CreateException_PasswordRequiresUniqueChars_Is_PasswordNotComplexEnoughException" />
    </UnitTest>
    <UnitTest name="IsTokenExpired_TokenExpiration_ExpiredReturnTrueNotExpiredReturnFalse (-1,True)" storage="d:\actions-runner\_work\xpco\xpco\allsolutions\..\common\videoos.identityserver.common\videoos.identityserver.common.unittests\bin\debug\net6.0-windows\videoos.identityserver.common.unittests.dll" id="eebc5e3a-189f-1094-2ac2-60219fea23b5">
      <Execution id="b4751b15-11eb-4ae6-9081-6c8c49ca0f70" />
      <TestMethod codeBase="D:\actions-runner\_work\XPCO\XPCO\AllSolutions\..\Common\VideoOS.IdentityServer.Common\VideoOS.IdentityServer.Common.UnitTests\bin\Debug\net6.0-windows\VideoOS.IdentityServer.Common.UnitTests.dll" adapterTypeName="executor://mstestadapter/v2" className="VideoOS.IdentityServer.Common.UnitTests.Handlers.IdentityServerToken.SimpleTokenCacheTests" name="IsTokenExpired_TokenExpiration_ExpiredReturnTrueNotExpiredReturnFalse" />
    </UnitTest>
    <UnitTest name="Start_StopTimerCalled_Success" storage="d:\actions-runner\_work\xpco\xpco\allsolutions\..\common\videoos.identityserver.common\videoos.identityserver.common.unittests\bin\debug\net6.0-windows\videoos.identityserver.common.unittests.dll" id="09372ef8-08d3-01fe-20c8-b7c4bfe94b6c">
      <Execution id="102841bc-6541-47b5-a3dd-3c0470be1e3f" />
      <TestMethod codeBase="D:\actions-runner\_work\XPCO\XPCO\AllSolutions\..\Common\VideoOS.IdentityServer.Common\VideoOS.IdentityServer.Common.UnitTests\bin\Debug\net6.0-windows\VideoOS.IdentityServer.Common.UnitTests.dll" adapterTypeName="executor://mstestadapter/v2" className="VideoOS.IdentityServer.Common.UnitTests.Handlers.TokenCacheTests" name="Start_StopTimerCalled_Success" />
    </UnitTest>
    <UnitTest name="HandleException_WebException_Status_ConnectionClosed_ReturnsTrue" storage="d:\actions-runner\_work\xpco\xpco\allsolutions\..\common\videoos.identityserver.common\videoos.identityserver.common.unittests\bin\debug\net6.0-windows\videoos.identityserver.common.unittests.dll" id="160926a9-6be8-e16e-5ee4-6d69f6901085">
      <Execution id="71780164-f33c-4eaa-beff-f7381030c850" />
      <TestMethod codeBase="D:\actions-runner\_work\XPCO\XPCO\AllSolutions\..\Common\VideoOS.IdentityServer.Common\VideoOS.IdentityServer.Common.UnitTests\bin\Debug\net6.0-windows\VideoOS.IdentityServer.Common.UnitTests.dll" adapterTypeName="executor://mstestadapter/v2" className="VideoOS.IdentityServer.Common.UnitTests.Utilities.ServerValidation.IdpExceptionHandlerTests" name="HandleException_WebException_Status_ConnectionClosed_ReturnsTrue" />
    </UnitTest>
    <UnitTest name="CreateException_ArgumentsNotResolved_Is_BadArgumentsException" storage="d:\actions-runner\_work\xpco\xpco\allsolutions\..\common\videoos.identityserver.common\videoos.identityserver.common.unittests\bin\debug\net6.0-windows\videoos.identityserver.common.unittests.dll" id="deca3051-566c-ab49-e061-aefe5abff9fe">
      <Execution id="1fb3c96f-fc44-4f8e-93ea-7b2d6e23ddd5" />
      <TestMethod codeBase="D:\actions-runner\_work\XPCO\XPCO\AllSolutions\..\Common\VideoOS.IdentityServer.Common\VideoOS.IdentityServer.Common.UnitTests\bin\Debug\net6.0-windows\VideoOS.IdentityServer.Common.UnitTests.dll" adapterTypeName="executor://mstestadapter/v2" className="VideoOS.IdentityServer.Common.UnitTests.Exceptions.IdpExceptionFactoryTests" name="CreateException_ArgumentsNotResolved_Is_BadArgumentsException" />
    </UnitTest>
    <UnitTest name="BasicOpenAuthenticationHeaderValue_Constructor_NullPassword" storage="d:\actions-runner\_work\xpco\xpco\allsolutions\..\common\videoos.identityserver.common\videoos.identityserver.common.unittests\bin\debug\net6.0-windows\videoos.identityserver.common.unittests.dll" id="a2c96cce-3d64-0619-9c0f-87d54f8eee1b">
      <Execution id="428fc600-d8c4-4eed-a963-213e6182a917" />
      <TestMethod codeBase="D:\actions-runner\_work\XPCO\XPCO\AllSolutions\..\Common\VideoOS.IdentityServer.Common\VideoOS.IdentityServer.Common.UnitTests\bin\Debug\net6.0-windows\VideoOS.IdentityServer.Common.UnitTests.dll" adapterTypeName="executor://mstestadapter/v2" className="VideoOS.IdentityServer.Common.UnitTests.BasicOpenAuthenticationHeaderValueTests" name="BasicOpenAuthenticationHeaderValue_Constructor_NullPassword" />
    </UnitTest>
    <UnitTest name="WindowsAuthenticationAsync_StatusCodeOk_TokenResponseWithTokenIsReturned" storage="d:\actions-runner\_work\xpco\xpco\allsolutions\..\common\videoos.identityserver.common\videoos.identityserver.common.unittests\bin\debug\net6.0-windows\videoos.identityserver.common.unittests.dll" id="76a3eda6-3598-ebb2-6b10-983e4fde7476">
      <Execution id="858a408a-2f6d-4464-a78b-e611ade3f523" />
      <TestMethod codeBase="D:\actions-runner\_work\XPCO\XPCO\AllSolutions\..\Common\VideoOS.IdentityServer.Common\VideoOS.IdentityServer.Common.UnitTests\bin\Debug\net6.0-windows\VideoOS.IdentityServer.Common.UnitTests.dll" adapterTypeName="executor://mstestadapter/v2" className="VideoOS.IdentityServer.Common.UnitTests.IdpTokenClientTests" name="WindowsAuthenticationAsync_StatusCodeOk_TokenResponseWithTokenIsReturned" />
    </UnitTest>
    <UnitTest name="Start_TimeToTokenExpireUnder5min_TriesToGetNewToken" storage="d:\actions-runner\_work\xpco\xpco\allsolutions\..\common\videoos.identityserver.common\videoos.identityserver.common.unittests\bin\debug\net6.0-windows\videoos.identityserver.common.unittests.dll" id="8a9bf480-5820-5db4-cbbc-995cdda4b03b">
      <Execution id="c05448cf-cfc4-4b26-b7e9-b0bc691484b2" />
      <TestMethod codeBase="D:\actions-runner\_work\XPCO\XPCO\AllSolutions\..\Common\VideoOS.IdentityServer.Common\VideoOS.IdentityServer.Common.UnitTests\bin\Debug\net6.0-windows\VideoOS.IdentityServer.Common.UnitTests.dll" adapterTypeName="executor://mstestadapter/v2" className="VideoOS.IdentityServer.Common.UnitTests.Handlers.IdentityServerToken.SimpleTokenCacheTests" name="Start_TimeToTokenExpireUnder5min_TriesToGetNewToken" />
    </UnitTest>
    <UnitTest name="GetAsync_ErrorTypeAggregateException_ExceptionMessageFromInner" storage="d:\actions-runner\_work\xpco\xpco\allsolutions\..\common\videoos.identityserver.common\videoos.identityserver.common.unittests\bin\debug\net6.0-windows\videoos.identityserver.common.unittests.dll" id="3dc13ed3-005d-7721-2c63-eb85486517c8">
      <Execution id="0798b1e5-cc08-4f02-9076-a6998667874b" />
      <TestMethod codeBase="D:\actions-runner\_work\XPCO\XPCO\AllSolutions\..\Common\VideoOS.IdentityServer.Common\VideoOS.IdentityServer.Common.UnitTests\bin\Debug\net6.0-windows\VideoOS.IdentityServer.Common.UnitTests.dll" adapterTypeName="executor://mstestadapter/v2" className="VideoOS.IdentityServer.Common.UnitTests.DiscoveryClientTests" name="GetAsync_ErrorTypeAggregateException_ExceptionMessageFromInner" />
    </UnitTest>
    <UnitTest name="IdpException_ErrorsProperty_IsAccessible" storage="d:\actions-runner\_work\xpco\xpco\allsolutions\..\common\videoos.identityserver.common\videoos.identityserver.common.unittests\bin\debug\net6.0-windows\videoos.identityserver.common.unittests.dll" id="151a3939-7178-7ca5-04d5-74b2e2ea473d">
      <Execution id="3bc9ec7a-4795-45f9-ade6-97a27616f500" />
      <TestMethod codeBase="D:\actions-runner\_work\XPCO\XPCO\AllSolutions\..\Common\VideoOS.IdentityServer.Common\VideoOS.IdentityServer.Common.UnitTests\bin\Debug\net6.0-windows\VideoOS.IdentityServer.Common.UnitTests.dll" adapterTypeName="executor://mstestadapter/v2" className="VideoOS.IdentityServer.Common.UnitTests.Exceptions.IdpExceptionTests" name="IdpException_ErrorsProperty_IsAccessible" />
    </UnitTest>
    <UnitTest name="HasValidScheme_UriIsHostName_ReturnsFalse" storage="d:\actions-runner\_work\xpco\xpco\allsolutions\..\common\videoos.identityserver.common\videoos.identityserver.common.unittests\bin\debug\net6.0-windows\videoos.identityserver.common.unittests.dll" id="a01ac9ad-250e-dc3d-a656-c7b6a9fad9c5">
      <Execution id="eb678692-43ac-4a2a-ae13-8e790ffd6a74" />
      <TestMethod codeBase="D:\actions-runner\_work\XPCO\XPCO\AllSolutions\..\Common\VideoOS.IdentityServer.Common\VideoOS.IdentityServer.Common.UnitTests\bin\Debug\net6.0-windows\VideoOS.IdentityServer.Common.UnitTests.dll" adapterTypeName="executor://mstestadapter/v2" className="VideoOS.IdentityServer.Common.UnitTests.Utilities.ServerValidation.UriExtenderTests" name="HasValidScheme_UriIsHostName_ReturnsFalse" />
    </UnitTest>
    <UnitTest name="CreateException_InvalidUserName_Is_InvalidNameException" storage="d:\actions-runner\_work\xpco\xpco\allsolutions\..\common\videoos.identityserver.common\videoos.identityserver.common.unittests\bin\debug\net6.0-windows\videoos.identityserver.common.unittests.dll" id="43ee071b-dfe1-26fb-3267-1ba3aa8a0a7a">
      <Execution id="0b079ec0-f377-4d6a-88c1-8708231488d8" />
      <TestMethod codeBase="D:\actions-runner\_work\XPCO\XPCO\AllSolutions\..\Common\VideoOS.IdentityServer.Common\VideoOS.IdentityServer.Common.UnitTests\bin\Debug\net6.0-windows\VideoOS.IdentityServer.Common.UnitTests.dll" adapterTypeName="executor://mstestadapter/v2" className="VideoOS.IdentityServer.Common.UnitTests.Exceptions.IdpExceptionFactoryTests" name="CreateException_InvalidUserName_Is_InvalidNameException" />
    </UnitTest>
    <UnitTest name="GetAsync_ErrorTypeHttp_DiscoveryResponseIsError" storage="d:\actions-runner\_work\xpco\xpco\allsolutions\..\common\videoos.identityserver.common\videoos.identityserver.common.unittests\bin\debug\net6.0-windows\videoos.identityserver.common.unittests.dll" id="f872f45e-56c6-8ff1-732b-a4f3744612ec">
      <Execution id="a56c9131-8a7f-4968-8e22-ab5a82dfb8e7" />
      <TestMethod codeBase="D:\actions-runner\_work\XPCO\XPCO\AllSolutions\..\Common\VideoOS.IdentityServer.Common\VideoOS.IdentityServer.Common.UnitTests\bin\Debug\net6.0-windows\VideoOS.IdentityServer.Common.UnitTests.dll" adapterTypeName="executor://mstestadapter/v2" className="VideoOS.IdentityServer.Common.UnitTests.DiscoveryClientTests" name="GetAsync_ErrorTypeHttp_DiscoveryResponseIsError" />
    </UnitTest>
  </TestDefinitions>
  <TestEntries>
    <TestEntry testId="0cc1a792-32db-3643-8570-b5f3ee785740" executionId="a73c09ad-0a5f-472b-8a88-97a2b4e4e7e3" testListId="8c84fa94-04c1-424b-9868-57a2d4851a1d" />
    <TestEntry testId="0c88b540-cd14-9945-dfea-9607412205d7" executionId="262c340f-5fc5-4607-91e7-d8d14b2c6665" testListId="8c84fa94-04c1-424b-9868-57a2d4851a1d" />
    <TestEntry testId="40fe9f87-53fc-abc6-c420-fc69d725d508" executionId="6d68f24b-7daf-49e6-b0b1-4f889d6655f1" testListId="8c84fa94-04c1-424b-9868-57a2d4851a1d" />
    <TestEntry testId="4b3a00da-f880-578f-c303-7e5e482337d2" executionId="0a8f20fd-fb82-42a9-84e9-1f52932ec77a" testListId="8c84fa94-04c1-424b-9868-57a2d4851a1d" />
    <TestEntry testId="a01ac9ad-250e-dc3d-a656-c7b6a9fad9c5" executionId="eb678692-43ac-4a2a-ae13-8e790ffd6a74" testListId="8c84fa94-04c1-424b-9868-57a2d4851a1d" />
    <TestEntry testId="2b02613f-adc7-9ead-fab9-497ce9230752" executionId="04fd3630-666c-49d6-ad44-3d1f3b2f5097" testListId="8c84fa94-04c1-424b-9868-57a2d4851a1d" />
    <TestEntry testId="c25f8796-8fb8-e9c9-dc4c-16994d769571" executionId="e20bd7b7-5603-4a21-8420-e1b18ebd49e0" testListId="8c84fa94-04c1-424b-9868-57a2d4851a1d" />
    <TestEntry testId="f740022f-70ee-66e1-da38-2c4767f72ea7" executionId="3b9fb6af-fb80-4d6c-9ba5-67e8fcdfe5d0" testListId="8c84fa94-04c1-424b-9868-57a2d4851a1d" />
    <TestEntry testId="bf3ad47a-9250-f8b8-31e2-5fe2764ad9e8" executionId="c83e36cb-21b2-42d1-8464-036fce94dcf3" testListId="8c84fa94-04c1-424b-9868-57a2d4851a1d" />
    <TestEntry testId="19645128-e202-44ae-34e1-bebb765d5926" executionId="d0f72c8c-227c-4e77-b784-2a9a6b68d5f3" testListId="8c84fa94-04c1-424b-9868-57a2d4851a1d" />
    <TestEntry testId="ee5160b1-3233-41e0-3299-0425a39eeee5" executionId="d81bb1d0-8586-46a1-9f45-c013ea33908d" testListId="8c84fa94-04c1-424b-9868-57a2d4851a1d" />
    <TestEntry testId="7cf653ab-c1ac-db4f-c8b6-0088365ff615" executionId="d639cdb4-4fec-48ac-8b0f-e83f8551634e" testListId="8c84fa94-04c1-424b-9868-57a2d4851a1d" />
    <TestEntry testId="dff6bcfa-7c56-915c-d680-949651ff50ba" executionId="db05b2dd-3694-4243-a47a-2023979be66c" testListId="8c84fa94-04c1-424b-9868-57a2d4851a1d" />
    <TestEntry testId="37cca059-17dd-1ce4-7f7a-261dd96b9c03" executionId="9177f9c3-ce1e-4983-96dc-f3f2025b141a" testListId="8c84fa94-04c1-424b-9868-57a2d4851a1d" />
    <TestEntry testId="0257b952-b68e-ce9d-9d12-e1b7f33eb9e6" executionId="2ab647d3-d726-47b5-828c-16f16a3d4698" testListId="8c84fa94-04c1-424b-9868-57a2d4851a1d" />
    <TestEntry testId="dedf70a5-f131-d84f-4234-6a5051d02528" executionId="8ec22083-32e8-42ac-9703-f9993cf1101d" testListId="8c84fa94-04c1-424b-9868-57a2d4851a1d" />
    <TestEntry testId="2c257caa-63e0-0918-bed2-614d73e7951d" executionId="160cfad7-91ed-4ba2-95eb-49f466fbaf38" testListId="8c84fa94-04c1-424b-9868-57a2d4851a1d" />
    <TestEntry testId="957b72e6-223d-945c-7af4-a1f0fe7fb5d3" executionId="322dba04-5792-4e2d-a7e2-b6f6e53a715d" testListId="8c84fa94-04c1-424b-9868-57a2d4851a1d" />
    <TestEntry testId="f6233300-4bb5-ebc3-fb67-68daee71e649" executionId="ce782abf-e7d4-43b9-8531-3e6386d66644" testListId="8c84fa94-04c1-424b-9868-57a2d4851a1d" />
    <TestEntry testId="384c466e-e541-dfd8-e107-db2fc07e11e9" executionId="5590a925-c90f-41b9-ba0a-2949c898128f" testListId="8c84fa94-04c1-424b-9868-57a2d4851a1d" />
    <TestEntry testId="3d28f919-d5cf-6a4a-935f-5362d819b368" executionId="f3b88b3b-b87f-45b7-8420-b6d60f687d09" testListId="8c84fa94-04c1-424b-9868-57a2d4851a1d" />
    <TestEntry testId="2ee7e566-cb75-fc37-6701-6a6ccb41d168" executionId="9e6b1731-afdb-4431-bb9c-24767e319aeb" testListId="8c84fa94-04c1-424b-9868-57a2d4851a1d" />
    <TestEntry testId="25aa6176-148e-f1e7-5c9f-10f279eb31cc" executionId="07d9ebe8-bd48-464f-a786-446c0f635798" testListId="8c84fa94-04c1-424b-9868-57a2d4851a1d" />
    <TestEntry testId="b61d19a2-eeb7-66f5-f12f-c31f348cabd6" executionId="8a438c24-74df-4210-83d0-e525681d41a3" testListId="8c84fa94-04c1-424b-9868-57a2d4851a1d" />
    <TestEntry testId="87c632ab-1f7d-93ea-f769-4737e54aa158" executionId="20b1b659-58af-4f54-93dd-5f62b8ef85fd" testListId="8c84fa94-04c1-424b-9868-57a2d4851a1d" />
    <TestEntry testId="723220bc-f6bc-2344-fd48-d0edbe583623" executionId="aa70aaee-9f79-40ef-b71c-f30f7b3495db" testListId="8c84fa94-04c1-424b-9868-57a2d4851a1d" />
    <TestEntry testId="1084380c-efdf-4335-3855-2ba20ad000dd" executionId="d0481b91-8273-4d60-ab9e-3d4a905e7884" testListId="8c84fa94-04c1-424b-9868-57a2d4851a1d" />
    <TestEntry testId="6ee35bac-519f-b442-48b8-ad90bff16940" executionId="da2d67b6-74aa-465f-9f67-58eea33262e1" testListId="8c84fa94-04c1-424b-9868-57a2d4851a1d" />
    <TestEntry testId="c095042d-e50b-f78e-7e75-2b785c69205f" executionId="b0272223-0cc5-47b3-9464-ecf54ec22b16" testListId="8c84fa94-04c1-424b-9868-57a2d4851a1d" />
    <TestEntry testId="1ad62dd9-f5f4-acc1-288e-32afb8d0c153" executionId="a4cbc040-a65d-4002-b5fb-eefd22149517" testListId="8c84fa94-04c1-424b-9868-57a2d4851a1d" />
    <TestEntry testId="e0eca9f7-d766-7032-cd66-1fda7415dd68" executionId="a011bcb7-ce53-460e-811f-386a4b2a89ef" testListId="8c84fa94-04c1-424b-9868-57a2d4851a1d" />
    <TestEntry testId="abc17b2d-2fdc-8231-f8f9-d08681dce944" executionId="8ab61404-ccb8-4865-a369-66fafeb47f88" testListId="8c84fa94-04c1-424b-9868-57a2d4851a1d" />
    <TestEntry testId="3c174b71-d834-497d-cddf-1a3c06acc75d" executionId="112544b8-0d9c-4546-9b3e-c8a2c2d470e9" testListId="8c84fa94-04c1-424b-9868-57a2d4851a1d" />
    <TestEntry testId="17a16fc5-4fe6-49ea-a991-631fada3d645" executionId="135743cd-b97e-4fcc-a387-c4022b295758" testListId="8c84fa94-04c1-424b-9868-57a2d4851a1d" />
    <TestEntry testId="7102ede2-c297-16f6-bd79-a261e9a0ab55" executionId="b64ab44d-2938-46a5-ab3c-0ef8374fdcd9" testListId="8c84fa94-04c1-424b-9868-57a2d4851a1d" />
    <TestEntry testId="59d00ef5-8a37-2b1f-99b8-740e21e44e72" executionId="c908a6e9-58fd-4ea8-9e2d-d49752fc55eb" testListId="8c84fa94-04c1-424b-9868-57a2d4851a1d" />
    <TestEntry testId="f5c02efb-b35c-365d-c779-9919be9854f1" executionId="65e6c021-d915-4785-a1ac-980e2da2deea" testListId="8c84fa94-04c1-424b-9868-57a2d4851a1d" />
    <TestEntry testId="afabb9a4-988f-5af8-5e0c-adf9e9521a8f" executionId="0b1c61ae-9fd7-4036-9092-05b51efff670" testListId="8c84fa94-04c1-424b-9868-57a2d4851a1d" />
    <TestEntry testId="21823bf0-ff7d-6139-8246-3e6c7fce3add" executionId="f358f271-595c-4a7c-8ca9-4b79e941c779" testListId="8c84fa94-04c1-424b-9868-57a2d4851a1d" />
    <TestEntry testId="f15d1485-b568-93f4-d5a1-108ce37ed532" executionId="27729ceb-7972-4ecf-9810-8502bacc079f" testListId="8c84fa94-04c1-424b-9868-57a2d4851a1d" />
    <TestEntry testId="29687309-d7e0-0838-a577-9dfd8b70cb79" executionId="94d3b740-ee35-44c1-8805-a17be75fba47" testListId="8c84fa94-04c1-424b-9868-57a2d4851a1d" />
    <TestEntry testId="a2c96cce-3d64-0619-9c0f-87d54f8eee1b" executionId="428fc600-d8c4-4eed-a963-213e6182a917" testListId="8c84fa94-04c1-424b-9868-57a2d4851a1d" />
    <TestEntry testId="a20b8cdb-3697-b063-4ea9-47fb6efe0241" executionId="90c443ae-9a10-4805-a023-1b116df79a52" testListId="8c84fa94-04c1-424b-9868-57a2d4851a1d" />
    <TestEntry testId="f37524f4-6178-1300-0d38-772771a42b59" executionId="3296b4c4-1732-4fa4-8f31-abdb120668e6" testListId="8c84fa94-04c1-424b-9868-57a2d4851a1d" />
    <TestEntry testId="ddded40e-1f02-eacb-d4a2-e26ac1095ebf" executionId="167a88e5-dc09-4bd5-9207-1a74360788ff" testListId="8c84fa94-04c1-424b-9868-57a2d4851a1d" />
    <TestEntry testId="ad89ac24-24de-f6bb-8252-5fda23ce2272" executionId="0898cc8a-f59a-4f46-bf09-cd73434f4f0e" testListId="8c84fa94-04c1-424b-9868-57a2d4851a1d" />
    <TestEntry testId="e9fa84ac-633c-62b6-98d7-47b66e6e189e" executionId="dff10ca3-d0a9-4316-a8e9-de96eababca5" testListId="8c84fa94-04c1-424b-9868-57a2d4851a1d" />
    <TestEntry testId="712a4429-a5d0-f9f8-e944-14b3128417df" executionId="f8b37064-47f4-4b90-a1b0-7716e84f24e6" testListId="8c84fa94-04c1-424b-9868-57a2d4851a1d" />
    <TestEntry testId="a912da9b-9910-2e20-bdfd-ebd2e525320e" executionId="da7fbdb6-e346-4af3-8f54-5976d94de142" testListId="8c84fa94-04c1-424b-9868-57a2d4851a1d" />
    <TestEntry testId="65c35641-c7fa-ea47-734f-c81f8095832e" executionId="fa8d5120-32d7-4049-ac61-4391202c08e5" testListId="8c84fa94-04c1-424b-9868-57a2d4851a1d" />
    <TestEntry testId="11a7072a-d21b-7c2a-b062-98fe08e0c6dd" executionId="38c8654e-1491-424a-a46f-299156816662" testListId="8c84fa94-04c1-424b-9868-57a2d4851a1d" />
    <TestEntry testId="d85ce454-c380-2ac2-ff60-059c934c0c87" executionId="ea327f42-ecd5-4fb0-9035-57ac0e945c7f" testListId="8c84fa94-04c1-424b-9868-57a2d4851a1d" />
    <TestEntry testId="5350274c-91fb-610e-856e-3415f7a1fa83" executionId="9a9a576b-d423-4c55-9107-69d5c6f06cf6" testListId="8c84fa94-04c1-424b-9868-57a2d4851a1d" />
    <TestEntry testId="a22a5490-f8cc-bbba-c479-58ecdc58c38a" executionId="2b7e9a12-a528-4f26-a32b-c571d5c9d72f" testListId="8c84fa94-04c1-424b-9868-57a2d4851a1d" />
    <TestEntry testId="46272a5b-6f40-ca49-f0c0-19ef57f507c2" executionId="ffc4d48b-d8bf-4517-86ba-e1da7e398b71" testListId="8c84fa94-04c1-424b-9868-57a2d4851a1d" />
    <TestEntry testId="26714a1a-41f7-451e-82b0-891505fd3754" executionId="40f7afcc-0e69-4e5c-b8f0-f5bdfbe66325" testListId="8c84fa94-04c1-424b-9868-57a2d4851a1d" />
    <TestEntry testId="320b9240-8de4-6e99-ff14-f9386efd026e" executionId="dc0d0aba-88c2-429a-932e-5f7fc0bfdb2b" testListId="8c84fa94-04c1-424b-9868-57a2d4851a1d" />
    <TestEntry testId="2fefd669-00f0-6209-0174-c1ad44273487" executionId="82b467e4-52fb-4bde-82f9-fc66b24ee216" testListId="8c84fa94-04c1-424b-9868-57a2d4851a1d" />
    <TestEntry testId="5ac69b1a-a384-bee2-381f-56a296f2c282" executionId="34f62a66-2edc-413c-af0e-5943649eec5e" testListId="8c84fa94-04c1-424b-9868-57a2d4851a1d" />
    <TestEntry testId="d500cfda-0f9f-e179-c72f-1f44e45838d9" executionId="e7a38f2d-8399-4c8c-adf2-df95f0720947" testListId="8c84fa94-04c1-424b-9868-57a2d4851a1d" />
    <TestEntry testId="a195a1f3-7257-7b57-25f5-d869b6864153" executionId="24680684-a848-4bb4-9a4b-dd3b79fbfe85" testListId="8c84fa94-04c1-424b-9868-57a2d4851a1d" />
    <TestEntry testId="836c4ce4-261b-464f-c6a6-10c2a88fa0d7" executionId="e06d696d-b35c-4429-b550-527c66445bbd" testListId="8c84fa94-04c1-424b-9868-57a2d4851a1d" />
    <TestEntry testId="8960bb52-9b82-13fc-c2b9-b466022a1aa2" executionId="41f53c09-2602-4a5e-ae92-c5ae02d8ecbb" testListId="8c84fa94-04c1-424b-9868-57a2d4851a1d" />
    <TestEntry testId="e1b36847-cc65-e739-8fc1-4c65074486c5" executionId="b54b7989-103b-45a4-87b3-9938b1188401" testListId="8c84fa94-04c1-424b-9868-57a2d4851a1d" />
    <TestEntry testId="08a3c3db-cc01-e5ed-016b-ec03cbb97901" executionId="1410b8ca-fa91-4556-a121-086ce1ae08a3" testListId="8c84fa94-04c1-424b-9868-57a2d4851a1d" />
    <TestEntry testId="c65def95-e459-70a7-408d-154b2321db49" executionId="c899ba66-8ad6-46ce-a963-2b95e425f840" testListId="8c84fa94-04c1-424b-9868-57a2d4851a1d" />
    <TestEntry testId="4d922aac-d29d-5603-d614-ad2e17cb5ae6" executionId="4bdb1c38-5590-4ba9-a7d8-a8be0fb430a6" testListId="8c84fa94-04c1-424b-9868-57a2d4851a1d" />
    <TestEntry testId="d721172e-4856-c743-a2e0-556773d6db34" executionId="4cb2cd68-0b1d-459c-84eb-7e424dd9e2fb" testListId="8c84fa94-04c1-424b-9868-57a2d4851a1d" />
    <TestEntry testId="d8254cb2-99a9-5fa4-0212-2ded41c41bd0" executionId="42f1ae5d-0ee3-4972-8e65-cb2029f06155" testListId="8c84fa94-04c1-424b-9868-57a2d4851a1d" />
    <TestEntry testId="7eafd3b9-debc-1a0c-12c6-11d7098cd775" executionId="c7fe92d9-2fe5-48c2-a970-2e0f8d48d523" testListId="8c84fa94-04c1-424b-9868-57a2d4851a1d" />
    <TestEntry testId="b534d700-8c81-a428-c5af-952f23674e8e" executionId="f7e711bf-9c0a-4240-ab65-9f8fe2db9887" testListId="8c84fa94-04c1-424b-9868-57a2d4851a1d" />
    <TestEntry testId="11e2d426-0f64-e877-4f88-684b98f80094" executionId="866bd536-5437-48d8-a5c1-fa1b66ab53be" testListId="8c84fa94-04c1-424b-9868-57a2d4851a1d" />
    <TestEntry testId="d313dde6-0806-2abf-bd1c-3417608d3183" executionId="2839a5c7-add3-4393-881b-4b818ffdffad" testListId="8c84fa94-04c1-424b-9868-57a2d4851a1d" />
    <TestEntry testId="ab24e2cb-a9e7-696f-52cc-bbef4af32000" executionId="f1193516-9f76-45d5-b75a-7461295dc39f" testListId="8c84fa94-04c1-424b-9868-57a2d4851a1d" />
    <TestEntry testId="edadc8c2-2e6c-d240-0235-8c3d78f18004" executionId="c1eba5d5-8746-49cd-9a93-f8cb75c8c831" testListId="8c84fa94-04c1-424b-9868-57a2d4851a1d" />
    <TestEntry testId="7c241f9b-2b9f-c010-004c-ec717a0175c5" executionId="ec42cd74-3d78-4e1c-bf70-9e1f137aa783" testListId="8c84fa94-04c1-424b-9868-57a2d4851a1d" />
    <TestEntry testId="aac9aae4-033c-5a4d-bf6f-6c295840a3fd" executionId="ed2ad933-f5be-40f7-87d5-040d5cc448a1" testListId="8c84fa94-04c1-424b-9868-57a2d4851a1d" />
    <TestEntry testId="2094e3f3-bb74-95c3-1e50-e6fdef78ea13" executionId="f643e895-6d1c-444b-990e-c1c4fd09f237" testListId="8c84fa94-04c1-424b-9868-57a2d4851a1d" />
    <TestEntry testId="0d4bd5fb-a3e0-f3c1-4f95-139d2488ddad" executionId="2a3730f2-6bd1-47e5-83f9-d7c1bfeb16d7" testListId="8c84fa94-04c1-424b-9868-57a2d4851a1d" />
    <TestEntry testId="851fb875-0294-59e3-54ed-d95f850fb682" executionId="7f201402-ba5a-4e4d-b5d4-51cf925e66ce" testListId="8c84fa94-04c1-424b-9868-57a2d4851a1d" />
    <TestEntry testId="3880dfbe-9655-d700-4c62-0df9ed476ecc" executionId="0343e288-7668-4cd7-8cd8-a1641069bd4a" testListId="8c84fa94-04c1-424b-9868-57a2d4851a1d" />
    <TestEntry testId="437f2012-d0bd-9480-97fb-1b4e5a423d3b" executionId="49803451-365b-404e-ba75-61015ec772b9" testListId="8c84fa94-04c1-424b-9868-57a2d4851a1d" />
    <TestEntry testId="885ad0b6-d00e-5dbd-daaf-61bd8cc19071" executionId="6fcf9280-7d4f-41de-8a2e-e72d6fbd2dc7" testListId="8c84fa94-04c1-424b-9868-57a2d4851a1d" />
    <TestEntry testId="ecb758fe-0180-464c-e553-3e17f3a94b1f" executionId="c2117c66-5e17-4f96-8792-d05883bb1031" testListId="8c84fa94-04c1-424b-9868-57a2d4851a1d" />
    <TestEntry testId="b05795f0-d2f6-22ea-cbc0-12b777940158" executionId="c0968205-f681-4380-9b2d-51dc62c8e46b" testListId="8c84fa94-04c1-424b-9868-57a2d4851a1d" />
    <TestEntry testId="2b6f2d8f-97a8-a49e-9820-0353b7cf269e" executionId="a71b3643-7166-480b-8897-c937a1f56e2b" testListId="8c84fa94-04c1-424b-9868-57a2d4851a1d" />
    <TestEntry testId="6fb4517f-b4e4-4771-fc0a-9b00bebd656e" executionId="27ce4829-6a7d-4ab9-85e8-866ffc832207" testListId="8c84fa94-04c1-424b-9868-57a2d4851a1d" />
    <TestEntry testId="41159a03-c027-b654-a27a-5a7d8d8246d9" executionId="4d035495-d12c-4426-920f-4c9f81496933" testListId="8c84fa94-04c1-424b-9868-57a2d4851a1d" />
    <TestEntry testId="355371bd-45fe-c229-5034-898ad04eb1dc" executionId="1c55d41d-fa8f-455e-9d5a-6db174747116" testListId="8c84fa94-04c1-424b-9868-57a2d4851a1d" />
    <TestEntry testId="b8901242-2f26-bc70-f843-5bf9455c7828" executionId="20ea5a05-59aa-4237-9fe8-971a2540beed" testListId="8c84fa94-04c1-424b-9868-57a2d4851a1d" />
    <TestEntry testId="8a9bf480-5820-5db4-cbbc-995cdda4b03b" executionId="c05448cf-cfc4-4b26-b7e9-b0bc691484b2" testListId="8c84fa94-04c1-424b-9868-57a2d4851a1d" />
    <TestEntry testId="b03e8e27-9937-91b2-5c08-fa8ff907b26f" executionId="c3e92550-e52d-40bd-9f51-e59823ddc944" testListId="8c84fa94-04c1-424b-9868-57a2d4851a1d" />
    <TestEntry testId="00ff095b-4bc6-db53-f938-6a37bc01f46b" executionId="1406485b-1129-40bd-809f-45e0df4cb928" testListId="8c84fa94-04c1-424b-9868-57a2d4851a1d" />
    <TestEntry testId="0d2f4ed5-125c-a2b1-8e5f-5e598ab83d5e" executionId="aabf560a-e31a-431d-a8e1-1d9d60a258cc" testListId="8c84fa94-04c1-424b-9868-57a2d4851a1d" />
    <TestEntry testId="f52b848b-cf3f-47b4-506b-dccb77611ec5" executionId="44cb8d25-dc28-485c-ad4d-9ab54e009fe0" testListId="8c84fa94-04c1-424b-9868-57a2d4851a1d" />
    <TestEntry testId="580860dc-2c0d-6d21-09c2-29eb5cd9d7aa" executionId="a3360f86-676a-42ad-8f86-955161c6f616" testListId="8c84fa94-04c1-424b-9868-57a2d4851a1d" />
    <TestEntry testId="219cb226-0982-5e89-b39e-e3df45859861" executionId="b5c48dce-d3d8-4726-adce-4d3617f2a753" testListId="8c84fa94-04c1-424b-9868-57a2d4851a1d" />
    <TestEntry testId="11f6a1d3-68c5-e38c-c943-6b9363d564f1" executionId="914534d7-6b88-4687-9d55-a4971900c0e4" testListId="8c84fa94-04c1-424b-9868-57a2d4851a1d" />
    <TestEntry testId="5304b9a1-8d75-0736-1781-57659e307ca7" executionId="d9cec780-cc85-458a-89de-b4d720bf791d" testListId="8c84fa94-04c1-424b-9868-57a2d4851a1d" />
    <TestEntry testId="cb270c9a-018c-ca10-c7ca-7967670c892b" executionId="6a7f7ad0-6f6d-4319-bf8f-ae1e1057635c" testListId="8c84fa94-04c1-424b-9868-57a2d4851a1d" />
    <TestEntry testId="7f2480da-8572-1058-bed9-d76ee4f460a4" executionId="6f9ad840-fb76-46e8-a4b0-b28759b566ed" testListId="8c84fa94-04c1-424b-9868-57a2d4851a1d" />
    <TestEntry testId="aee78e02-d706-9f06-c554-ee7aa708e371" executionId="ffb53a82-d8ee-4039-aa4c-8c2967046146" testListId="8c84fa94-04c1-424b-9868-57a2d4851a1d" />
    <TestEntry testId="2a8032ec-2494-843d-f098-18bbc743b65d" executionId="d7081ec8-184f-467f-9aba-e87a9bb103bf" testListId="8c84fa94-04c1-424b-9868-57a2d4851a1d" />
    <TestEntry testId="d56d39a2-1050-3e2a-2b04-2c4d9212b822" executionId="ecef51e7-b37b-4eae-93c1-33b863ea2c78" testListId="8c84fa94-04c1-424b-9868-57a2d4851a1d" />
    <TestEntry testId="3c9fa628-c7d5-d183-10bb-7d387f6779bb" executionId="9fe0fbbf-9615-4582-b15c-2948ab6b5314" testListId="8c84fa94-04c1-424b-9868-57a2d4851a1d" />
    <TestEntry testId="ca7d5be2-14df-0b62-6b71-5f58bc8ff588" executionId="1d169a8a-3400-40c6-8799-63a07b2c985f" testListId="8c84fa94-04c1-424b-9868-57a2d4851a1d" />
    <TestEntry testId="5e0c0b16-1156-1376-f6f0-3908d3a2cb3b" executionId="b197aea3-93d8-4c52-8bf4-4d2ee0f30be7" testListId="8c84fa94-04c1-424b-9868-57a2d4851a1d" />
    <TestEntry testId="ec4cb66a-617d-876b-6006-2ba82ddc24c5" executionId="fee964ee-cfe6-4f03-99a0-648b819760d8" testListId="8c84fa94-04c1-424b-9868-57a2d4851a1d" />
    <TestEntry testId="04ba112f-e345-0314-e5a5-bfdf9ebd97a8" executionId="f9b2c35e-483f-4b6e-be65-6f190637daa9" testListId="8c84fa94-04c1-424b-9868-57a2d4851a1d" />
    <TestEntry testId="4049cd8f-4722-f786-6675-c96c049dafca" executionId="ed612c67-bbbf-4562-9a7a-10bab631bcdc" testListId="8c84fa94-04c1-424b-9868-57a2d4851a1d" />
    <TestEntry testId="4028140e-6ceb-44db-b0b0-5a4385a02e69" executionId="ba666e96-8c51-4042-90cc-5263dc37331e" testListId="8c84fa94-04c1-424b-9868-57a2d4851a1d" />
    <TestEntry testId="2c3c5b9a-85d3-0ea3-3ec1-f527226951f2" executionId="ae49fd54-cedc-41df-999e-4bffc8756f51" testListId="8c84fa94-04c1-424b-9868-57a2d4851a1d" />
    <TestEntry testId="6295024d-cdd4-de28-e7d8-515486f05d12" executionId="9f19b62f-cf31-4373-9e61-62c9a9ffd430" testListId="8c84fa94-04c1-424b-9868-57a2d4851a1d" />
    <TestEntry testId="a8a38b08-43ad-784d-afbc-d0335bfce14c" executionId="d381ec37-36e8-415e-b83c-8ff50e51f2d6" testListId="8c84fa94-04c1-424b-9868-57a2d4851a1d" />
    <TestEntry testId="62ab3ade-1e62-63bc-67fe-f16a91fdcb03" executionId="4bb093d2-4247-45bf-ad49-4aa2fcf5e81f" testListId="8c84fa94-04c1-424b-9868-57a2d4851a1d" />
    <TestEntry testId="2461b8e3-8daf-c6ae-fd7a-04ef2c9029b1" executionId="d23c7303-f1ee-491e-b4ad-164cbe8a2eba" testListId="8c84fa94-04c1-424b-9868-57a2d4851a1d" />
    <TestEntry testId="43ee071b-dfe1-26fb-3267-1ba3aa8a0a7a" executionId="0b079ec0-f377-4d6a-88c1-8708231488d8" testListId="8c84fa94-04c1-424b-9868-57a2d4851a1d" />
    <TestEntry testId="d31208f6-32e8-d301-b39b-41ee13f7023e" executionId="765697b6-7ee4-4684-ac11-00f9d884ea06" testListId="8c84fa94-04c1-424b-9868-57a2d4851a1d" />
    <TestEntry testId="eecfcbb2-c955-43fc-8e5c-cfc66bc5dfcb" executionId="64da2998-43b8-40a1-ba5f-e4075db74093" testListId="8c84fa94-04c1-424b-9868-57a2d4851a1d" />
    <TestEntry testId="7a8926d4-b9a3-8330-c659-fa45110afd0c" executionId="758914fb-543b-4529-a21b-5b6ce16dfae3" testListId="8c84fa94-04c1-424b-9868-57a2d4851a1d" />
    <TestEntry testId="44c7436c-905a-58ad-44f0-0942a51a60c8" executionId="575dfce4-10f5-44f6-9552-beaf59c8ad21" testListId="8c84fa94-04c1-424b-9868-57a2d4851a1d" />
    <TestEntry testId="fb9a0fbc-d523-38e7-fa29-68166d7c4694" executionId="b152903c-c5ef-4080-91d0-6ff061e67fb3" testListId="8c84fa94-04c1-424b-9868-57a2d4851a1d" />
    <TestEntry testId="feb4fa5e-1e90-63a6-9054-269133b16e54" executionId="1c83d30b-b1ff-41b8-8b3c-ec736974dad3" testListId="8c84fa94-04c1-424b-9868-57a2d4851a1d" />
    <TestEntry testId="970cd01e-43a8-573f-d6bb-d3e5d63f1935" executionId="76b1660b-bfce-4c56-b740-73a28966f2cf" testListId="8c84fa94-04c1-424b-9868-57a2d4851a1d" />
    <TestEntry testId="435442ba-9897-362e-beef-40dd9aef0a97" executionId="4ad7d353-823b-41a5-bd98-6f319e5b89f8" testListId="8c84fa94-04c1-424b-9868-57a2d4851a1d" />
    <TestEntry testId="98edab49-64e8-bcaf-beed-559fb53bdf3f" executionId="2d183b93-2e00-4da7-ae20-5b41af5ac9c5" testListId="8c84fa94-04c1-424b-9868-57a2d4851a1d" />
    <TestEntry testId="59315ec5-850b-190c-1c3a-c69be3cf286e" executionId="e15f060a-4e81-4a37-b187-b5918c10a42c" testListId="8c84fa94-04c1-424b-9868-57a2d4851a1d" />
    <TestEntry testId="24757d53-50b6-4207-edb9-4d7b85e83ec0" executionId="989c6c7f-ed0c-49e3-9557-bbf077019dec" testListId="8c84fa94-04c1-424b-9868-57a2d4851a1d" />
    <TestEntry testId="6c035807-52d4-6caf-a566-ec498448b6fa" executionId="a8b874fe-094e-4f2c-a482-e068f01e6942" testListId="8c84fa94-04c1-424b-9868-57a2d4851a1d" />
    <TestEntry testId="99565e95-1a0c-269c-a11f-12a2852883ea" executionId="1e6855c6-e838-4c27-8761-94f3b598ced3" testListId="8c84fa94-04c1-424b-9868-57a2d4851a1d" />
    <TestEntry testId="083062ca-22b3-f842-aa3b-2548ef3b2afa" executionId="111ccfd7-4a98-4a3e-a02c-d596d87fd9d5" testListId="8c84fa94-04c1-424b-9868-57a2d4851a1d" />
    <TestEntry testId="05652edd-928f-dd7d-e6ce-82417f010b21" executionId="ce46b228-a51b-42ab-885b-3ac36677b131" testListId="8c84fa94-04c1-424b-9868-57a2d4851a1d" />
    <TestEntry testId="e603fa45-aab1-620a-c1e6-f47421b47951" executionId="f2591518-da26-44a5-b960-e94398b83db3" testListId="8c84fa94-04c1-424b-9868-57a2d4851a1d" />
    <TestEntry testId="6305c415-2662-3605-7a21-6246fd795db9" executionId="e7ff8cbc-b922-45af-989e-fa36276217d4" testListId="8c84fa94-04c1-424b-9868-57a2d4851a1d" />
    <TestEntry testId="a1533602-6410-91ea-863d-c06356133eae" executionId="10a7a48a-4156-40cd-8a8f-148a5a1ed8bc" testListId="8c84fa94-04c1-424b-9868-57a2d4851a1d" />
    <TestEntry testId="9161f5e4-37b0-b6bc-22e9-91ccc708f977" executionId="c5df1a61-c3da-4419-b096-bc8ccb52ccbd" testListId="8c84fa94-04c1-424b-9868-57a2d4851a1d" />
    <TestEntry testId="8b0bbd88-d4e3-018e-eff8-fdef5f0617d3" executionId="b0eb72d2-d789-4321-85b5-dcabd84a194f" testListId="8c84fa94-04c1-424b-9868-57a2d4851a1d" />
    <TestEntry testId="529c2e35-24ca-56d0-82ae-22b9934a7f05" executionId="10ba873f-3483-4738-8d43-6243d9da81a1" testListId="8c84fa94-04c1-424b-9868-57a2d4851a1d" />
    <TestEntry testId="08a458bc-f70d-a527-f23d-08de1cac7168" executionId="5dd06155-89a8-4d94-8df3-7b83933c8a30" testListId="8c84fa94-04c1-424b-9868-57a2d4851a1d" />
    <TestEntry testId="9f0c86dc-a496-7741-858c-a11363a3da1a" executionId="0ef6aa80-eefe-461b-93a5-8b9b79e8d3c2" testListId="8c84fa94-04c1-424b-9868-57a2d4851a1d" />
    <TestEntry testId="eebc5e3a-189f-1094-2ac2-60219fea23b5" executionId="b4751b15-11eb-4ae6-9081-6c8c49ca0f70" testListId="8c84fa94-04c1-424b-9868-57a2d4851a1d" />
    <TestEntry testId="aceed3fe-4ee0-3f07-6d4b-e9ae24c2527d" executionId="49fc3815-39da-4d81-b9db-5cd4d2a2636f" testListId="8c84fa94-04c1-424b-9868-57a2d4851a1d" />
    <TestEntry testId="6aef1b61-0dc3-b6ce-7dbd-e4e62a370ac5" executionId="471802b9-774a-42b4-9d67-9fb51e000bb4" testListId="8c84fa94-04c1-424b-9868-57a2d4851a1d" />
    <TestEntry testId="67a73538-1027-a501-a8ed-160a0b377dca" executionId="4964242d-b4bf-40b6-8106-3181e7a26729" testListId="8c84fa94-04c1-424b-9868-57a2d4851a1d" />
    <TestEntry testId="2f8b9abc-1c8d-726a-bc19-fbcf045e42b5" executionId="28f43c0d-3e26-47d8-aafd-190a98226e60" testListId="8c84fa94-04c1-424b-9868-57a2d4851a1d" />
    <TestEntry testId="bf546bdc-4b09-7c78-8e68-7999cc725390" executionId="510ce350-44fc-44b2-b3ff-4c84a2d1e14a" testListId="8c84fa94-04c1-424b-9868-57a2d4851a1d" />
    <TestEntry testId="6527d399-3c52-8422-d90f-6c83c08b6874" executionId="0e200f0a-f005-4b34-9ad7-8daabe31481b" testListId="8c84fa94-04c1-424b-9868-57a2d4851a1d" />
    <TestEntry testId="a6c86e7f-3cba-5a70-e72e-8210186f640d" executionId="6f845bda-0e99-4d77-9f54-9fd2155f3a69" testListId="8c84fa94-04c1-424b-9868-57a2d4851a1d" />
    <TestEntry testId="2094e3f3-bb74-95c3-1e50-e6fdef78ea13" executionId="17e90a3b-c393-48e4-886d-2eb1f1a7e338" testListId="8c84fa94-04c1-424b-9868-57a2d4851a1d" />
    <TestEntry testId="90d13d23-6660-c28a-543b-d374b02dcccb" executionId="71aa2a32-7e47-4a10-976c-e80026c3022c" testListId="8c84fa94-04c1-424b-9868-57a2d4851a1d" />
    <TestEntry testId="05f6a519-6922-0d88-29ab-58670334a8c0" executionId="51e7ecbd-88b9-47ea-b0be-9f3f3e16be92" testListId="8c84fa94-04c1-424b-9868-57a2d4851a1d" />
    <TestEntry testId="79bdc8ed-4f4b-9849-1ddd-b15e09b27525" executionId="5c87e785-3bfd-42c1-98ee-3bc22576c89e" testListId="8c84fa94-04c1-424b-9868-57a2d4851a1d" />
    <TestEntry testId="4e64a2d0-91fd-57ef-a8c4-3f9f75705cb7" executionId="b54366b0-6010-4c80-967e-1af9f700d3bf" testListId="8c84fa94-04c1-424b-9868-57a2d4851a1d" />
    <TestEntry testId="b639b5fb-3ef5-2cd9-a90a-017d1638f497" executionId="6b0401bc-c05e-4ad6-8feb-85d7619df389" testListId="8c84fa94-04c1-424b-9868-57a2d4851a1d" />
    <TestEntry testId="7ca488d0-3aca-76f1-6559-f9cc58d50a45" executionId="6eb7c6e2-2ca7-4295-a41e-963d4bed6340" testListId="8c84fa94-04c1-424b-9868-57a2d4851a1d" />
    <TestEntry testId="be2661e6-13a2-efcd-f033-26370e5bd14f" executionId="2cdf1671-4e77-47ba-bc1e-909eae3079d9" testListId="8c84fa94-04c1-424b-9868-57a2d4851a1d" />
    <TestEntry testId="3c121194-5cce-c4ca-1fab-08ec04d15250" executionId="f3097339-b26a-4604-a53e-ad16f3e23550" testListId="8c84fa94-04c1-424b-9868-57a2d4851a1d" />
    <TestEntry testId="90eefc04-1f04-d44e-931c-bf308a05aad7" executionId="160ef57e-4ffa-44d8-9e3b-8184eba996d6" testListId="8c84fa94-04c1-424b-9868-57a2d4851a1d" />
    <TestEntry testId="ae9a110c-c4e6-e312-9fcd-2de5d21f98ff" executionId="9d2e7a4e-459b-4f9d-aa57-7687c8db7560" testListId="8c84fa94-04c1-424b-9868-57a2d4851a1d" />
    <TestEntry testId="f0bc3cf2-7e7b-22f4-8d42-04d99e358cfe" executionId="c3fe5dfe-7860-4964-855a-8491b37d90a4" testListId="8c84fa94-04c1-424b-9868-57a2d4851a1d" />
    <TestEntry testId="a27779ab-d479-2618-c0d6-39c534be7415" executionId="63df9cfa-7987-4465-88e3-793c5ba52207" testListId="8c84fa94-04c1-424b-9868-57a2d4851a1d" />
    <TestEntry testId="0f27abe8-3384-6920-a039-76a637899eb2" executionId="68519040-36cf-4c38-bafb-9616b0d7d981" testListId="8c84fa94-04c1-424b-9868-57a2d4851a1d" />
    <TestEntry testId="bf705ae1-67a7-5fa6-c13f-a22026ecd395" executionId="a3e21927-7fd8-4ea2-953f-ded1aa0e20de" testListId="8c84fa94-04c1-424b-9868-57a2d4851a1d" />
    <TestEntry testId="151a3939-7178-7ca5-04d5-74b2e2ea473d" executionId="3bc9ec7a-4795-45f9-ade6-97a27616f500" testListId="8c84fa94-04c1-424b-9868-57a2d4851a1d" />
    <TestEntry testId="07e017ec-27c0-e3c7-e86f-7418562949bd" executionId="881425e1-3b8b-4152-9277-d70027aa2a0d" testListId="8c84fa94-04c1-424b-9868-57a2d4851a1d" />
    <TestEntry testId="8acb64df-af33-04f7-00cd-764cd60dcd21" executionId="d825e213-af8b-415f-ae1d-8ceb1900d7b2" testListId="8c84fa94-04c1-424b-9868-57a2d4851a1d" />
    <TestEntry testId="76a3eda6-3598-ebb2-6b10-983e4fde7476" executionId="858a408a-2f6d-4464-a78b-e611ade3f523" testListId="8c84fa94-04c1-424b-9868-57a2d4851a1d" />
    <TestEntry testId="3ff67faa-d3a0-075c-0c7a-09774bd03583" executionId="fc061835-85bc-4178-ac56-76dff2cc1fea" testListId="8c84fa94-04c1-424b-9868-57a2d4851a1d" />
    <TestEntry testId="65770ab3-18b0-0e9f-399a-f7a04ea6e0e5" executionId="485fe4a1-208e-4c30-9209-335461716abd" testListId="8c84fa94-04c1-424b-9868-57a2d4851a1d" />
    <TestEntry testId="ebe888ba-3631-12b0-9554-250fe8da03f0" executionId="35cf7109-5198-40db-9eaa-5abcef6007df" testListId="8c84fa94-04c1-424b-9868-57a2d4851a1d" />
    <TestEntry testId="aa47e31d-c2f6-bb7b-d522-2ea72ad09b0c" executionId="9e1e33bd-6649-4698-8f8f-03b73205a3c6" testListId="8c84fa94-04c1-424b-9868-57a2d4851a1d" />
    <TestEntry testId="0e660fb6-01c2-ec2d-f816-fac9e4547e68" executionId="f6ef5cf5-8345-4dad-93cd-5246e9c3060a" testListId="8c84fa94-04c1-424b-9868-57a2d4851a1d" />
    <TestEntry testId="1eb96942-90b7-e230-1cfa-7966bc14fec4" executionId="e7c077df-a122-47ab-9efc-dd5ae2db5b34" testListId="8c84fa94-04c1-424b-9868-57a2d4851a1d" />
    <TestEntry testId="bf3dc991-3368-6005-a716-c4582669d18a" executionId="1a5682c7-0974-4272-9d27-8085138e88d0" testListId="8c84fa94-04c1-424b-9868-57a2d4851a1d" />
    <TestEntry testId="a844f451-0f87-c9e5-8ca9-902b45b90314" executionId="50627b83-9795-41cc-b7ca-774f0f67f145" testListId="8c84fa94-04c1-424b-9868-57a2d4851a1d" />
    <TestEntry testId="09372ef8-08d3-01fe-20c8-b7c4bfe94b6c" executionId="102841bc-6541-47b5-a3dd-3c0470be1e3f" testListId="8c84fa94-04c1-424b-9868-57a2d4851a1d" />
    <TestEntry testId="ee1e7c2b-0cb3-69aa-1c3e-150a4187ed3e" executionId="4232aa03-7c3b-4b69-a5bb-4b4f83491f8a" testListId="8c84fa94-04c1-424b-9868-57a2d4851a1d" />
    <TestEntry testId="0e2095e5-7d8e-1183-e8f6-f216b8006a5b" executionId="2bd65564-1901-4682-a6d5-9ce2bc1e4911" testListId="8c84fa94-04c1-424b-9868-57a2d4851a1d" />
    <TestEntry testId="730bef14-9053-6444-695c-2c9c89ef8f7a" executionId="ffbbee29-0fd1-4bae-bf7a-f2b9d7e882cb" testListId="8c84fa94-04c1-424b-9868-57a2d4851a1d" />
    <TestEntry testId="80b98953-0430-0651-0920-d07f5f37c65f" executionId="f4ba805e-77c4-427f-ae8e-b3019d1bc753" testListId="8c84fa94-04c1-424b-9868-57a2d4851a1d" />
    <TestEntry testId="355371bd-45fe-c229-5034-898ad04eb1dc" executionId="f1867c0c-e503-418b-858b-dae474c18476" testListId="8c84fa94-04c1-424b-9868-57a2d4851a1d" />
    <TestEntry testId="02022d21-40cd-3c83-07fb-845b28c8719d" executionId="b296c653-10dd-417f-a69d-d3c9fd23684c" testListId="8c84fa94-04c1-424b-9868-57a2d4851a1d" />
    <TestEntry testId="e1a7c90b-842f-6747-d414-96d35e63ecce" executionId="c7649fbf-ee0f-4f8f-a6c4-978058c77ad9" testListId="8c84fa94-04c1-424b-9868-57a2d4851a1d" />
    <TestEntry testId="44cd508c-9285-845c-4b2e-fe943114c39c" executionId="47dd3b2d-bbf9-4a9a-8df9-30339c1ed05a" testListId="8c84fa94-04c1-424b-9868-57a2d4851a1d" />
    <TestEntry testId="d5b3be23-e24d-3907-6e80-ddd593570613" executionId="56b1fa3d-04e8-4ce9-ba63-54e5e8077bec" testListId="8c84fa94-04c1-424b-9868-57a2d4851a1d" />
    <TestEntry testId="42983783-3215-fc3e-ee2e-8a8fdf441e84" executionId="f7f7975c-1f46-490c-83a3-566f0a7e8942" testListId="8c84fa94-04c1-424b-9868-57a2d4851a1d" />
    <TestEntry testId="9a74f111-730b-48ac-793d-eafd4afb012a" executionId="2d5f9e1b-f9f6-4792-971e-66a041a8a66b" testListId="8c84fa94-04c1-424b-9868-57a2d4851a1d" />
    <TestEntry testId="0c73a1ad-6206-0874-edea-ce6d1ddf48e7" executionId="4cfd9a37-80c6-454f-8770-20a7c94d13f6" testListId="8c84fa94-04c1-424b-9868-57a2d4851a1d" />
    <TestEntry testId="92550fd5-a5b3-6c37-05cc-685664f25370" executionId="3f0aab95-c564-4a76-a51d-09f3b769bb0b" testListId="8c84fa94-04c1-424b-9868-57a2d4851a1d" />
    <TestEntry testId="78041a23-7bf7-db78-694f-dcf00358b174" executionId="102c9996-35e5-4317-8455-2eab14cbcb38" testListId="8c84fa94-04c1-424b-9868-57a2d4851a1d" />
    <TestEntry testId="2f5d977d-1e91-46c0-f08f-cb953748d3bb" executionId="b8e77034-6ac6-48e0-b41a-5059bae0c5a9" testListId="8c84fa94-04c1-424b-9868-57a2d4851a1d" />
    <TestEntry testId="45e382ab-a2e7-81c4-c83f-6e836a16f442" executionId="3f14907b-ba11-4d0a-a9fd-51c6ac62cc85" testListId="8c84fa94-04c1-424b-9868-57a2d4851a1d" />
    <TestEntry testId="063fc5d6-7093-4898-586d-f7c91da3d90a" executionId="83abbb2c-48eb-471c-a320-59b0f4dd2af1" testListId="8c84fa94-04c1-424b-9868-57a2d4851a1d" />
    <TestEntry testId="9e0b7fff-6087-8103-bf4a-c343b2ddff7d" executionId="6873c303-ef7c-4da3-abf7-0067277227e8" testListId="8c84fa94-04c1-424b-9868-57a2d4851a1d" />
    <TestEntry testId="2f309615-d38e-60ef-2c2d-0b95ad0a2a62" executionId="67dc0610-52f8-4c03-bb89-f7fc255c237c" testListId="8c84fa94-04c1-424b-9868-57a2d4851a1d" />
    <TestEntry testId="27aea1a6-1e4c-b203-2089-de14d612090c" executionId="f20bd304-ae97-4e89-9afe-a208c689234c" testListId="8c84fa94-04c1-424b-9868-57a2d4851a1d" />
    <TestEntry testId="f15d1485-b568-93f4-d5a1-108ce37ed532" executionId="91851dce-2c43-4b46-9d34-4e3991edba93" testListId="8c84fa94-04c1-424b-9868-57a2d4851a1d" />
    <TestEntry testId="3dcddc47-428b-8273-354a-bd306914fecf" executionId="0b569c7a-373b-4ddc-89a2-378262236093" testListId="8c84fa94-04c1-424b-9868-57a2d4851a1d" />
    <TestEntry testId="160926a9-6be8-e16e-5ee4-6d69f6901085" executionId="71780164-f33c-4eaa-beff-f7381030c850" testListId="8c84fa94-04c1-424b-9868-57a2d4851a1d" />
    <TestEntry testId="fcaeabd6-201c-a809-f13b-51e8e57f8ab1" executionId="fb7c9161-632e-4ca8-b6d7-7385236381ae" testListId="8c84fa94-04c1-424b-9868-57a2d4851a1d" />
    <TestEntry testId="94cf9b96-4bb3-ba5f-0704-49b8fc9a4cf0" executionId="e9f62f61-a0cd-43ad-9978-0acf610794cc" testListId="8c84fa94-04c1-424b-9868-57a2d4851a1d" />
    <TestEntry testId="1620f4f3-fa43-753e-a977-2bf07d76d45d" executionId="7fd58ab8-0c64-4122-9b02-2c90ecc21ae2" testListId="8c84fa94-04c1-424b-9868-57a2d4851a1d" />
    <TestEntry testId="cac73a53-b4ae-6c1b-3bae-7a153785b4c5" executionId="cdd61d95-ba15-4209-828b-150314e4c7e4" testListId="8c84fa94-04c1-424b-9868-57a2d4851a1d" />
    <TestEntry testId="deca3051-566c-ab49-e061-aefe5abff9fe" executionId="1fb3c96f-fc44-4f8e-93ea-7b2d6e23ddd5" testListId="8c84fa94-04c1-424b-9868-57a2d4851a1d" />
    <TestEntry testId="4dc452ef-89de-ef92-35ba-5de565a80983" executionId="985adc1b-16a8-4645-9dc1-57e01be6eb75" testListId="8c84fa94-04c1-424b-9868-57a2d4851a1d" />
    <TestEntry testId="5401d072-9045-3f20-e5b8-85e624c8ae31" executionId="2852a6d7-eb02-46fa-82c1-020875eefb51" testListId="8c84fa94-04c1-424b-9868-57a2d4851a1d" />
    <TestEntry testId="cb3d0d63-a156-b025-1c90-4a3dc7841ffd" executionId="7ab68ff8-cc02-41d4-8ad0-8e777a6bf544" testListId="8c84fa94-04c1-424b-9868-57a2d4851a1d" />
    <TestEntry testId="3dc13ed3-005d-7721-2c63-eb85486517c8" executionId="0798b1e5-cc08-4f02-9076-a6998667874b" testListId="8c84fa94-04c1-424b-9868-57a2d4851a1d" />
    <TestEntry testId="abd81a1c-e3b4-bebe-d21f-4ca159588c70" executionId="f0b4811f-5954-40b0-a427-9c769fc4fe4c" testListId="8c84fa94-04c1-424b-9868-57a2d4851a1d" />
    <TestEntry testId="22db2a0a-aa8a-2a11-0ea7-22ee10a4b12c" executionId="c7722ece-99dd-4dfe-bc99-4be10de95943" testListId="8c84fa94-04c1-424b-9868-57a2d4851a1d" />
    <TestEntry testId="df98ebf9-08c0-e892-4032-ff03288ed21d" executionId="d805f8e8-fc9f-4997-8bd4-0086df71e67e" testListId="8c84fa94-04c1-424b-9868-57a2d4851a1d" />
    <TestEntry testId="0ae882bf-7b3d-9ae3-2fd3-8f4782af29c4" executionId="9a4b92ea-374d-4b8d-b610-461d40d10c0e" testListId="8c84fa94-04c1-424b-9868-57a2d4851a1d" />
    <TestEntry testId="6dc7da62-c15b-7e96-f1c6-3eedd5697243" executionId="fb299aea-750a-4c66-af61-8923506b3563" testListId="8c84fa94-04c1-424b-9868-57a2d4851a1d" />
    <TestEntry testId="1b2a48cb-3076-b35a-c216-de57ac818d9a" executionId="337ceb28-80bd-435c-bc8a-308178891389" testListId="8c84fa94-04c1-424b-9868-57a2d4851a1d" />
    <TestEntry testId="9ef64bea-8c17-ab0b-0aa2-a889a448670e" executionId="9cfb28a6-d045-4642-a134-3187527bf7bc" testListId="8c84fa94-04c1-424b-9868-57a2d4851a1d" />
    <TestEntry testId="9c36fd41-e765-81f6-df8e-f462ee2c6552" executionId="cd893ffc-bdb0-4487-abc5-b466b8f7a329" testListId="8c84fa94-04c1-424b-9868-57a2d4851a1d" />
    <TestEntry testId="f872f45e-56c6-8ff1-732b-a4f3744612ec" executionId="a56c9131-8a7f-4968-8e22-ab5a82dfb8e7" testListId="8c84fa94-04c1-424b-9868-57a2d4851a1d" />
    <TestEntry testId="c2c2904c-f56a-3663-d545-f06d0f3baf88" executionId="db5a1073-abd1-4b43-bcae-f20b24b1f72a" testListId="8c84fa94-04c1-424b-9868-57a2d4851a1d" />
    <TestEntry testId="4df62476-7918-8981-230a-1c8bcba97842" executionId="3d8cdbd6-eb78-495a-9675-95d35ab25e18" testListId="8c84fa94-04c1-424b-9868-57a2d4851a1d" />
    <TestEntry testId="bc6f6cb5-f7c9-e3db-d707-a236ceb509b9" executionId="c3eb2079-596a-408d-a6ce-1df6c755a450" testListId="8c84fa94-04c1-424b-9868-57a2d4851a1d" />
    <TestEntry testId="cb7249c8-dcf7-5d04-d8a1-9ce11225ac6e" executionId="0e130bfb-a2d1-46a9-9a4c-a590c69b4d08" testListId="8c84fa94-04c1-424b-9868-57a2d4851a1d" />
    <TestEntry testId="9aba6afc-33b4-b3ea-f2ba-94221cb99165" executionId="e3c219cf-b1c2-412a-8b4a-8fcbc507fc44" testListId="8c84fa94-04c1-424b-9868-57a2d4851a1d" />
    <TestEntry testId="5fc9fa5a-5fe3-b72e-18ec-1d655d4e8290" executionId="210f75a2-e164-4f9f-b7f6-ef6b67050065" testListId="8c84fa94-04c1-424b-9868-57a2d4851a1d" />
  </TestEntries>
  <TestLists>
    <TestList name="Results Not in a List" id="8c84fa94-04c1-424b-9868-57a2d4851a1d" />
    <TestList name="All Loaded Results" id="19431567-8539-422a-85d7-44ee4e166bda" />
  </TestLists>
  <ResultSummary outcome="Completed">
    <Counters total="223" executed="216" passed="216" failed="0" error="0" timeout="0" aborted="0" inconclusive="0" passedButRunAborted="0" notRunnable="0" notExecuted="0" disconnected="0" warning="0" completed="0" inProgress="0" pending="0" />
    <Output>
      <StdOut>Test 'ValidateIdpServer_WorkingHttpAddress_ShouldSuccess' was skipped in the test run.&#xD;
Test 'ValidateIdpServer_InvalidSslConfiguration_ShouldThrow' was skipped in the test run.&#xD;
Test 'ValidateIdpServer_HttpsAddressInvalidPort_ShouldThrow' was skipped in the test run.&#xD;
Test 'ValidateIdpServer_HttpAddressInvalidPort_ShouldThrow' was skipped in the test run.&#xD;
Test 'ValidateIdpServer_CancellationRequest_ShouldThrow' was skipped in the test run.&#xD;
Test 'ValidateFasterIdpServerOnBothSchemas_WorkingHttpAddress_ShouldSuccess' was skipped in the test run.&#xD;
Test 'ValidateFasterIdpServerOnBothSchemas_WorkingHttpAddressAndCancellationRequest_ShouldCancelAndReturnEmptyResult' was skipped in the test run.&#xD;
</StdOut>
    </Output>
  </ResultSummary>
</TestRun>