<?xml version="1.0" encoding="utf-8"?>
<TestRun id="7616a962-76dd-4fc4-a19d-f6eada7955f6" name="DKSR-EFI-06$@DKSR-EFI-06 2024-01-09 15:44:31" runUser="NT AUTHORITY\NETWORK SERVICE" xmlns="http://microsoft.com/schemas/VisualStudio/TeamTest/2010">
  <Times creation="2024-01-09T15:44:31.7793114+01:00" queuing="2024-01-09T15:44:31.7793114+01:00" start="2024-01-09T15:44:24.6230562+01:00" finish="2024-01-09T15:45:03.8575168+01:00" />
  <TestSettings name="default" id="2e97b3c0-b576-46b6-b1c8-dad8e9f21d86">
    <Deployment runDeploymentRoot="DKSR-EFI-06$_DKSR-EFI-06_2024-01-09_15_44_31" />
  </TestSettings>
  <Results>
    <UnitTestResult executionId="a0176cfa-5164-41f5-9844-37d09d1e2a59" testId="49b86599-d0a9-c9b7-3561-9916da0243f3" testName="AddAndGetIceCandidates_AddmDNSCandidate_SessionContainsCandidateIp" computerName="DKSR-EFI-06" duration="00:00:00.6903410" startTime="2024-01-09T15:44:47.1864013+01:00" endTime="2024-01-09T15:44:47.8770006+01:00" testType="13cdc9d9-ddb5-4fa4-a97d-d965ccfc6d4b" outcome="Passed" testListId="8c84fa94-04c1-424b-9868-57a2d4851a1d" relativeResultsDirectory="a0176cfa-5164-41f5-9844-37d09d1e2a59" />
    <UnitTestResult executionId="6fdb64be-fd9e-4b3b-b080-420213bf8d63" testId="07059f32-2b27-f2e6-bc96-22aca7c95669" testName="InitiateSession_CreateNewPlaybackSession" computerName="DKSR-EFI-06" duration="00:00:02.5056298" startTime="2024-01-09T15:44:31.7611754+01:00" endTime="2024-01-09T15:44:34.2672700+01:00" testType="13cdc9d9-ddb5-4fa4-a97d-d965ccfc6d4b" outcome="Passed" testListId="8c84fa94-04c1-424b-9868-57a2d4851a1d" relativeResultsDirectory="6fdb64be-fd9e-4b3b-b080-420213bf8d63" />
    <UnitTestResult executionId="1024e8c2-d2ae-4be7-9a71-94b105421bdb" testId="8e2958b8-7dc4-c264-12be-56d645f34173" testName="UpdateSession_Token_TokenUpdatedSuccessfull" computerName="DKSR-EFI-06" duration="00:00:01.8885392" startTime="2024-01-09T15:44:48.6529157+01:00" endTime="2024-01-09T15:44:50.5417224+01:00" testType="13cdc9d9-ddb5-4fa4-a97d-d965ccfc6d4b" outcome="Passed" testListId="8c84fa94-04c1-424b-9868-57a2d4851a1d" relativeResultsDirectory="1024e8c2-d2ae-4be7-9a71-94b105421bdb" />
    <UnitTestResult executionId="5e2abe52-7297-4a6c-aaca-e9ee133770a4" testId="98cffa52-9199-f0cd-1543-bdd1512c1c41" testName="GetServerCandidates_ReturnCandidates" computerName="DKSR-EFI-06" duration="00:00:01.7022908" startTime="2024-01-09T15:44:42.6120978+01:00" endTime="2024-01-09T15:44:44.3146408+01:00" testType="13cdc9d9-ddb5-4fa4-a97d-d965ccfc6d4b" outcome="Passed" testListId="8c84fa94-04c1-424b-9868-57a2d4851a1d" relativeResultsDirectory="5e2abe52-7297-4a6c-aaca-e9ee133770a4" />
    <UnitTestResult executionId="1dc35d77-0038-4311-bdd4-aa8be329c4d4" testId="ace42f4a-5545-298f-dfd6-e8c10bb93681" testName="VideoSource_Initialize_CameraHasPrivacyProtection" computerName="DKSR-EFI-06" duration="00:00:00.0158549" startTime="2024-01-09T15:45:03.4417582+01:00" endTime="2024-01-09T15:45:03.4577677+01:00" testType="13cdc9d9-ddb5-4fa4-a97d-d965ccfc6d4b" outcome="Passed" testListId="8c84fa94-04c1-424b-9868-57a2d4851a1d" relativeResultsDirectory="1dc35d77-0038-4311-bdd4-aa8be329c4d4" />
    <UnitTestResult executionId="3fed613b-7831-4b88-adc1-91d716174174" testId="f4d22fda-dc46-5f1e-2ab7-c02d276637c2" testName="UpdateSession_AddAnswerSDP_RejectedOffer_VP8" computerName="DKSR-EFI-06" duration="00:00:01.1566635" startTime="2024-01-09T15:44:55.6570772+01:00" endTime="2024-01-09T15:44:56.8167190+01:00" testType="13cdc9d9-ddb5-4fa4-a97d-d965ccfc6d4b" outcome="Passed" testListId="8c84fa94-04c1-424b-9868-57a2d4851a1d" relativeResultsDirectory="3fed613b-7831-4b88-adc1-91d716174174" />
    <UnitTestResult executionId="ba897877-9c38-4af7-8998-7053dbce8bfb" testId="cf4fce0d-acd6-df5d-fbfe-c8689f28f54c" testName="VideoSource_Initialize_ErrorCodeFromCamera (a96d164a-1565-457b-a616-a5e0daef5e6d,Live video stopped)" computerName="DKSR-EFI-06" duration="00:00:00.0045260" startTime="2024-01-09T15:45:03.5373505+01:00" endTime="2024-01-09T15:45:03.5421219+01:00" testType="13cdc9d9-ddb5-4fa4-a97d-d965ccfc6d4b" outcome="Passed" testListId="8c84fa94-04c1-424b-9868-57a2d4851a1d" relativeResultsDirectory="ba897877-9c38-4af7-8998-7053dbce8bfb" />
    <UnitTestResult executionId="25fde0de-cc95-4d52-a338-bebe4a2cdd7c" testId="aa45401d-46be-84e4-c03a-cb3205345531" testName="AddAndGetIceCandidates_AddMultipleIceCandidates_SessionContainsCandidates" computerName="DKSR-EFI-06" duration="00:00:02.8680264" startTime="2024-01-09T15:44:44.3157187+01:00" endTime="2024-01-09T15:44:47.1846294+01:00" testType="13cdc9d9-ddb5-4fa4-a97d-d965ccfc6d4b" outcome="Passed" testListId="8c84fa94-04c1-424b-9868-57a2d4851a1d" relativeResultsDirectory="25fde0de-cc95-4d52-a338-bebe4a2cdd7c" />
    <UnitTestResult executionId="c86c6ef6-4b46-4bae-aa68-f8cdbb0f7e90" testId="851a3e6a-a599-a5c4-1b13-ad59a5969239" testName="VideoSource_Initialize_Success" computerName="DKSR-EFI-06" duration="00:00:00.2777477" startTime="2024-01-09T15:45:03.1432004+01:00" endTime="2024-01-09T15:45:03.4215257+01:00" testType="13cdc9d9-ddb5-4fa4-a97d-d965ccfc6d4b" outcome="Passed" testListId="8c84fa94-04c1-424b-9868-57a2d4851a1d" relativeResultsDirectory="c86c6ef6-4b46-4bae-aa68-f8cdbb0f7e90" />
    <UnitTestResult executionId="c0b6183c-6056-40dd-929b-03d7b23299bb" testId="e0689d94-fcf4-65d6-990a-486648a02a5f" testName="UpdateSession_AddAnswerSDP_RejectedOffer_Inactive" computerName="DKSR-EFI-06" duration="00:00:01.3737075" startTime="2024-01-09T15:44:54.2824853+01:00" endTime="2024-01-09T15:44:55.6564191+01:00" testType="13cdc9d9-ddb5-4fa4-a97d-d965ccfc6d4b" outcome="Passed" testListId="8c84fa94-04c1-424b-9868-57a2d4851a1d" relativeResultsDirectory="c0b6183c-6056-40dd-929b-03d7b23299bb" />
    <UnitTestResult executionId="e55f18af-ae37-41e4-9c1e-8b667addf016" testId="35d630f6-5bf8-6846-67fa-01fcefcc7df7" testName="InitiateSession_CreateNewSession" computerName="DKSR-EFI-06" duration="00:00:02.8881075" startTime="2024-01-09T15:44:28.8124137+01:00" endTime="2024-01-09T15:44:31.7291488+01:00" testType="13cdc9d9-ddb5-4fa4-a97d-d965ccfc6d4b" outcome="Passed" testListId="8c84fa94-04c1-424b-9868-57a2d4851a1d" relativeResultsDirectory="e55f18af-ae37-41e4-9c1e-8b667addf016" />
    <UnitTestResult executionId="8c76010f-4133-4757-957e-cf2e67a04156" testId="91b86173-b76d-dade-696c-b20133b402f1" testName="PlaybackVideoSource_Initialize_CameraHasPrivacyProtection" computerName="DKSR-EFI-06" duration="00:00:00.0009565" startTime="2024-01-09T15:45:03.5742630+01:00" endTime="2024-01-09T15:45:03.5767494+01:00" testType="13cdc9d9-ddb5-4fa4-a97d-d965ccfc6d4b" outcome="Passed" testListId="8c84fa94-04c1-424b-9868-57a2d4851a1d" relativeResultsDirectory="8c76010f-4133-4757-957e-cf2e67a04156" />
    <UnitTestResult executionId="f3cd3223-d5ae-4be7-9abe-36c9102d9141" testId="75ab80a4-dc64-1b14-c5e8-01bc4c083e8e" testName="PlaybackVideoSource_Initialize_CameraNotFound" computerName="DKSR-EFI-06" duration="00:00:00.0026294" startTime="2024-01-09T15:45:03.5568646+01:00" endTime="2024-01-09T15:45:03.5601203+01:00" testType="13cdc9d9-ddb5-4fa4-a97d-d965ccfc6d4b" outcome="Passed" testListId="8c84fa94-04c1-424b-9868-57a2d4851a1d" relativeResultsDirectory="f3cd3223-d5ae-4be7-9abe-36c9102d9141" />
    <UnitTestResult executionId="a82476b2-eabb-43e7-aec3-dff68d68a782" testId="95e75b5b-b69d-f548-acbf-638bd6e95d0d" testName="Initiate_UserContextCannotLogin_throwException" computerName="DKSR-EFI-06" duration="00:00:00.0050039" startTime="2024-01-09T15:44:36.8778665+01:00" endTime="2024-01-09T15:44:36.8830669+01:00" testType="13cdc9d9-ddb5-4fa4-a97d-d965ccfc6d4b" outcome="Passed" testListId="8c84fa94-04c1-424b-9868-57a2d4851a1d" relativeResultsDirectory="a82476b2-eabb-43e7-aec3-dff68d68a782" />
    <UnitTestResult executionId="6b972cb5-d7a8-49b0-8025-3b7310c4e07c" testId="ddcdac74-ac52-cc17-b7f6-90b2e14bef8d" testName="UpdateSession_AddAnswerSDP_RejectedOffer_Port0" computerName="DKSR-EFI-06" duration="00:00:02.1895191" startTime="2024-01-09T15:44:56.8175286+01:00" endTime="2024-01-09T15:44:59.0072715+01:00" testType="13cdc9d9-ddb5-4fa4-a97d-d965ccfc6d4b" outcome="Passed" testListId="8c84fa94-04c1-424b-9868-57a2d4851a1d" relativeResultsDirectory="6b972cb5-d7a8-49b0-8025-3b7310c4e07c" />
    <UnitTestResult executionId="d4d6404f-d5a4-4e3f-bfd4-e2dea4d37ed1" testId="ca0d441d-1747-0147-aaf1-e390427a3aec" testName="GetSession_UseInvalidId_ReturnsNull" computerName="DKSR-EFI-06" duration="00:00:02.3790098" startTime="2024-01-09T15:44:37.7523765+01:00" endTime="2024-01-09T15:44:40.1316218+01:00" testType="13cdc9d9-ddb5-4fa4-a97d-d965ccfc6d4b" outcome="Passed" testListId="8c84fa94-04c1-424b-9868-57a2d4851a1d" relativeResultsDirectory="d4d6404f-d5a4-4e3f-bfd4-e2dea4d37ed1" />
    <UnitTestResult executionId="ce0b3576-848b-420b-9d13-89a6e88bee4a" testId="90fc4c85-b925-316f-b815-b3a5008ea69d" testName="VideoSource_Initialize_InvalidCodec" computerName="DKSR-EFI-06" duration="00:00:00.0068545" startTime="2024-01-09T15:45:03.4583725+01:00" endTime="2024-01-09T15:45:03.4654244+01:00" testType="13cdc9d9-ddb5-4fa4-a97d-d965ccfc6d4b" outcome="Passed" testListId="8c84fa94-04c1-424b-9868-57a2d4851a1d" relativeResultsDirectory="ce0b3576-848b-420b-9d13-89a6e88bee4a" />
    <UnitTestResult executionId="e3dde880-1774-4f4b-963b-969329f3c3b1" testId="027040b1-4be9-21ce-3b5d-360938a19bef" testName="VideoSource_Initialize_ValidStreamId" computerName="DKSR-EFI-06" duration="00:00:00.0121891" startTime="2024-01-09T15:45:03.4274753+01:00" endTime="2024-01-09T15:45:03.4398547+01:00" testType="13cdc9d9-ddb5-4fa4-a97d-d965ccfc6d4b" outcome="Passed" testListId="8c84fa94-04c1-424b-9868-57a2d4851a1d" relativeResultsDirectory="e3dde880-1774-4f4b-963b-969329f3c3b1" />
    <UnitTestResult executionId="69d7547d-92e6-4a3d-ae5e-3c5042434f3c" testId="36316f97-79b8-69f7-0df4-de33536e85b0" testName="VideoSource_Initialize_ErrorCodeFromCamera (9a065be3-e917-4b84-a0d4-1b21b00c8e2c,Connection to database failed)" computerName="DKSR-EFI-06" duration="00:00:00.0094772" startTime="2024-01-09T15:45:03.5427503+01:00" endTime="2024-01-09T15:45:03.5524533+01:00" testType="13cdc9d9-ddb5-4fa4-a97d-d965ccfc6d4b" outcome="Passed" testListId="8c84fa94-04c1-424b-9868-57a2d4851a1d" relativeResultsDirectory="69d7547d-92e6-4a3d-ae5e-3c5042434f3c" />
    <UnitTestResult executionId="bf79c611-fe8f-4990-838f-350ccd760b18" testId="ed094d36-2a72-a141-6059-e2bd6ec5cc4b" testName="GetSession_ReturnSession" computerName="DKSR-EFI-06" duration="00:00:00.8676343" startTime="2024-01-09T15:44:36.8838049+01:00" endTime="2024-01-09T15:44:37.7516766+01:00" testType="13cdc9d9-ddb5-4fa4-a97d-d965ccfc6d4b" outcome="Passed" testListId="8c84fa94-04c1-424b-9868-57a2d4851a1d" relativeResultsDirectory="bf79c611-fe8f-4990-838f-350ccd760b18" />
    <UnitTestResult executionId="04277973-c100-431f-9f0c-eb9927bf3ac2" testId="2543bf3c-f288-322d-89d2-072b0689a12b" testName="VideoSource_Initialize_ErrorCodeFromCamera (c0c18f5c-f79b-4ba1-8012-2489f3a1104b,Connection to camera was lost)" computerName="DKSR-EFI-06" duration="00:00:00.0088468" startTime="2024-01-09T15:45:03.4660185+01:00" endTime="2024-01-09T15:45:03.5366947+01:00" testType="13cdc9d9-ddb5-4fa4-a97d-d965ccfc6d4b" outcome="Passed" testListId="8c84fa94-04c1-424b-9868-57a2d4851a1d" relativeResultsDirectory="04277973-c100-431f-9f0c-eb9927bf3ac2" />
    <UnitTestResult executionId="2070c832-5069-48ec-a95d-981a35da7b0e" testId="fa20cbbb-9c64-f90f-b3ee-75daad0b1254" testName="UpdateSession_AddAnswerSDP_InvalidSessionId" computerName="DKSR-EFI-06" duration="00:00:01.7393500" startTime="2024-01-09T15:44:50.5427075+01:00" endTime="2024-01-09T15:44:52.2822367+01:00" testType="13cdc9d9-ddb5-4fa4-a97d-d965ccfc6d4b" outcome="Passed" testListId="8c84fa94-04c1-424b-9868-57a2d4851a1d" relativeResultsDirectory="2070c832-5069-48ec-a95d-981a35da7b0e" />
    <UnitTestResult executionId="8c720c87-9cef-44d7-b795-2dead4e8390e" testId="d8d5c5d5-b615-7149-b970-5835582817f9" testName="CloseSession_CallLogoutAndRemoveSession" computerName="DKSR-EFI-06" duration="00:00:02.4779953" startTime="2024-01-09T15:44:40.1327126+01:00" endTime="2024-01-09T15:44:42.6109987+01:00" testType="13cdc9d9-ddb5-4fa4-a97d-d965ccfc6d4b" outcome="Passed" testListId="8c84fa94-04c1-424b-9868-57a2d4851a1d" relativeResultsDirectory="8c720c87-9cef-44d7-b795-2dead4e8390e" />
    <UnitTestResult executionId="d1830e4d-c7da-4ea4-b7e8-f6f0f5a1fc54" testId="c804fcd8-a06b-50db-26b4-b2a493f39759" testName="Initiate_MultiUserEnvironmentNotInitialized_throwException" computerName="DKSR-EFI-06" duration="00:00:00.0052848" startTime="2024-01-09T15:44:36.8717190+01:00" endTime="2024-01-09T15:44:36.8772386+01:00" testType="13cdc9d9-ddb5-4fa4-a97d-d965ccfc6d4b" outcome="Passed" testListId="8c84fa94-04c1-424b-9868-57a2d4851a1d" relativeResultsDirectory="d1830e4d-c7da-4ea4-b7e8-f6f0f5a1fc54" />
    <UnitTestResult executionId="39f68471-d104-4b85-9ad8-d239590a865f" testId="389f1216-2cdb-7a24-e07f-84ebe291f822" testName="Initiate_EmptyTokenAndEmptyCameraId_throwException" computerName="DKSR-EFI-06" duration="00:00:02.6008264" startTime="2024-01-09T15:44:34.2694164+01:00" endTime="2024-01-09T15:44:36.8705248+01:00" testType="13cdc9d9-ddb5-4fa4-a97d-d965ccfc6d4b" outcome="Passed" testListId="8c84fa94-04c1-424b-9868-57a2d4851a1d" relativeResultsDirectory="39f68471-d104-4b85-9ad8-d239590a865f" />
    <UnitTestResult executionId="5fd0e874-62d4-42cc-97e1-636101f09aba" testId="b6ca4a74-2f87-94c2-e563-339dc326596c" testName="VideoSource_Initialize_CameraNotFound" computerName="DKSR-EFI-06" duration="00:00:00.0006389" startTime="2024-01-09T15:45:03.4404379+01:00" endTime="2024-01-09T15:45:03.4412313+01:00" testType="13cdc9d9-ddb5-4fa4-a97d-d965ccfc6d4b" outcome="Passed" testListId="8c84fa94-04c1-424b-9868-57a2d4851a1d" relativeResultsDirectory="5fd0e874-62d4-42cc-97e1-636101f09aba" />
    <UnitTestResult executionId="26113ae6-4ab7-4a59-8ca9-717b9eb0c2bb" testId="d80fe127-b820-ef52-2db9-e46ceea2009a" testName="AddIceCandidates_UsingInvalidId_ThrowException" computerName="DKSR-EFI-06" duration="00:00:01.7899381" startTime="2024-01-09T15:44:59.0085399+01:00" endTime="2024-01-09T15:45:00.7986910+01:00" testType="13cdc9d9-ddb5-4fa4-a97d-d965ccfc6d4b" outcome="Passed" testListId="8c84fa94-04c1-424b-9868-57a2d4851a1d" relativeResultsDirectory="26113ae6-4ab7-4a59-8ca9-717b9eb0c2bb" />
    <UnitTestResult executionId="e6486217-e2b6-4d99-b865-3165dc4b6f9d" testId="9981269c-10f6-08e5-f612-069039961405" testName="VideoSource_Initialize_InvalidStreamId" computerName="DKSR-EFI-06" duration="00:00:00.0045410" startTime="2024-01-09T15:45:03.4221917+01:00" endTime="2024-01-09T15:45:03.4269050+01:00" testType="13cdc9d9-ddb5-4fa4-a97d-d965ccfc6d4b" outcome="Passed" testListId="8c84fa94-04c1-424b-9868-57a2d4851a1d" relativeResultsDirectory="e6486217-e2b6-4d99-b865-3165dc4b6f9d" />
    <UnitTestResult executionId="c7ec3d96-0585-455d-abc9-1f2bf61e1adb" testId="d56f22c0-089c-6960-b7e3-5d600ca38379" testName="UpdateSession_AddAnswerSDP_SessionContainAnswerSDP" computerName="DKSR-EFI-06" duration="00:00:00.7744750" startTime="2024-01-09T15:44:47.8776319+01:00" endTime="2024-01-09T15:44:48.6523226+01:00" testType="13cdc9d9-ddb5-4fa4-a97d-d965ccfc6d4b" outcome="Passed" testListId="8c84fa94-04c1-424b-9868-57a2d4851a1d" relativeResultsDirectory="c7ec3d96-0585-455d-abc9-1f2bf61e1adb" />
    <UnitTestResult executionId="f82785fb-9f38-4996-af9a-97b6ab085070" testId="94aa6b8b-68ed-311f-b745-0f672378676e" testName="UpdateSession_AddAnswerSDP_InvalidAnswerSDP" computerName="DKSR-EFI-06" duration="00:00:01.9978188" startTime="2024-01-09T15:44:52.2833641+01:00" endTime="2024-01-09T15:44:54.2813923+01:00" testType="13cdc9d9-ddb5-4fa4-a97d-d965ccfc6d4b" outcome="Passed" testListId="8c84fa94-04c1-424b-9868-57a2d4851a1d" relativeResultsDirectory="f82785fb-9f38-4996-af9a-97b6ab085070" />
    <UnitTestResult executionId="99fb3cbc-9feb-4d1b-bb5f-1b0180019c5a" testId="faec4d39-e8ef-e185-0ada-9899de9b83cf" testName="GetIceCandidates_InvalidId_ThrowException" computerName="DKSR-EFI-06" duration="00:00:02.3420011" startTime="2024-01-09T15:45:00.7996825+01:00" endTime="2024-01-09T15:45:03.1421592+01:00" testType="13cdc9d9-ddb5-4fa4-a97d-d965ccfc6d4b" outcome="Passed" testListId="8c84fa94-04c1-424b-9868-57a2d4851a1d" relativeResultsDirectory="99fb3cbc-9feb-4d1b-bb5f-1b0180019c5a" />
  </Results>
  <TestDefinitions>
    <UnitTest name="VideoSource_Initialize_ErrorCodeFromCamera (9a065be3-e917-4b84-a0d4-1b21b00c8e2c,Connection to database failed)" storage="d:\actions-runner\_work\xpco\xpco\allsolutions\..\mip\streamingprotocols\tst\videoos.webrtc.unittests\bin\x64\debug\net6.0-windows\videoos.webrtc.unittests.dll" id="36316f97-79b8-69f7-0df4-de33536e85b0">
      <Execution id="69d7547d-92e6-4a3d-ae5e-3c5042434f3c" />
      <TestMethod codeBase="D:\actions-runner\_work\XPCO\XPCO\AllSolutions\..\MIP\StreamingProtocols\tst\VideoOS.WebRTC.UnitTests\bin\x64\Debug\net6.0-windows\VideoOS.WebRTC.UnitTests.dll" adapterTypeName="executor://mstestadapter/v2" className="VideoOS.WebRTC.UnitTests.VideoSourceTest" name="VideoSource_Initialize_ErrorCodeFromCamera" />
    </UnitTest>
    <UnitTest name="AddAndGetIceCandidates_AddmDNSCandidate_SessionContainsCandidateIp" storage="d:\actions-runner\_work\xpco\xpco\allsolutions\..\mip\streamingprotocols\tst\videoos.webrtc.unittests\bin\x64\debug\net6.0-windows\videoos.webrtc.unittests.dll" id="49b86599-d0a9-c9b7-3561-9916da0243f3">
      <Execution id="a0176cfa-5164-41f5-9844-37d09d1e2a59" />
      <TestMethod codeBase="D:\actions-runner\_work\XPCO\XPCO\AllSolutions\..\MIP\StreamingProtocols\tst\VideoOS.WebRTC.UnitTests\bin\x64\Debug\net6.0-windows\VideoOS.WebRTC.UnitTests.dll" adapterTypeName="executor://mstestadapter/v2" className="VideoOS.WebRTC.UnitTests.SessionHandlerTest" name="AddAndGetIceCandidates_AddmDNSCandidate_SessionContainsCandidateIp" />
    </UnitTest>
    <UnitTest name="UpdateSession_AddAnswerSDP_SessionContainAnswerSDP" storage="d:\actions-runner\_work\xpco\xpco\allsolutions\..\mip\streamingprotocols\tst\videoos.webrtc.unittests\bin\x64\debug\net6.0-windows\videoos.webrtc.unittests.dll" id="d56f22c0-089c-6960-b7e3-5d600ca38379">
      <Execution id="c7ec3d96-0585-455d-abc9-1f2bf61e1adb" />
      <TestMethod codeBase="D:\actions-runner\_work\XPCO\XPCO\AllSolutions\..\MIP\StreamingProtocols\tst\VideoOS.WebRTC.UnitTests\bin\x64\Debug\net6.0-windows\VideoOS.WebRTC.UnitTests.dll" adapterTypeName="executor://mstestadapter/v2" className="VideoOS.WebRTC.UnitTests.SessionHandlerTest" name="UpdateSession_AddAnswerSDP_SessionContainAnswerSDP" />
    </UnitTest>
    <UnitTest name="Initiate_EmptyTokenAndEmptyCameraId_throwException" storage="d:\actions-runner\_work\xpco\xpco\allsolutions\..\mip\streamingprotocols\tst\videoos.webrtc.unittests\bin\x64\debug\net6.0-windows\videoos.webrtc.unittests.dll" id="389f1216-2cdb-7a24-e07f-84ebe291f822">
      <Execution id="39f68471-d104-4b85-9ad8-d239590a865f" />
      <TestMethod codeBase="D:\actions-runner\_work\XPCO\XPCO\AllSolutions\..\MIP\StreamingProtocols\tst\VideoOS.WebRTC.UnitTests\bin\x64\Debug\net6.0-windows\VideoOS.WebRTC.UnitTests.dll" adapterTypeName="executor://mstestadapter/v2" className="VideoOS.WebRTC.UnitTests.SessionHandlerTest" name="Initiate_EmptyTokenAndEmptyCameraId_throwException" />
    </UnitTest>
    <UnitTest name="UpdateSession_Token_TokenUpdatedSuccessfull" storage="d:\actions-runner\_work\xpco\xpco\allsolutions\..\mip\streamingprotocols\tst\videoos.webrtc.unittests\bin\x64\debug\net6.0-windows\videoos.webrtc.unittests.dll" id="8e2958b8-7dc4-c264-12be-56d645f34173">
      <Execution id="1024e8c2-d2ae-4be7-9a71-94b105421bdb" />
      <TestMethod codeBase="D:\actions-runner\_work\XPCO\XPCO\AllSolutions\..\MIP\StreamingProtocols\tst\VideoOS.WebRTC.UnitTests\bin\x64\Debug\net6.0-windows\VideoOS.WebRTC.UnitTests.dll" adapterTypeName="executor://mstestadapter/v2" className="VideoOS.WebRTC.UnitTests.SessionHandlerTest" name="UpdateSession_Token_TokenUpdatedSuccessfull" />
    </UnitTest>
    <UnitTest name="VideoSource_Initialize_ValidStreamId" storage="d:\actions-runner\_work\xpco\xpco\allsolutions\..\mip\streamingprotocols\tst\videoos.webrtc.unittests\bin\x64\debug\net6.0-windows\videoos.webrtc.unittests.dll" id="027040b1-4be9-21ce-3b5d-360938a19bef">
      <Execution id="e3dde880-1774-4f4b-963b-969329f3c3b1" />
      <TestMethod codeBase="D:\actions-runner\_work\XPCO\XPCO\AllSolutions\..\MIP\StreamingProtocols\tst\VideoOS.WebRTC.UnitTests\bin\x64\Debug\net6.0-windows\VideoOS.WebRTC.UnitTests.dll" adapterTypeName="executor://mstestadapter/v2" className="VideoOS.WebRTC.UnitTests.VideoSourceTest" name="VideoSource_Initialize_ValidStreamId" />
    </UnitTest>
    <UnitTest name="VideoSource_Initialize_ErrorCodeFromCamera (a96d164a-1565-457b-a616-a5e0daef5e6d,Live video stopped)" storage="d:\actions-runner\_work\xpco\xpco\allsolutions\..\mip\streamingprotocols\tst\videoos.webrtc.unittests\bin\x64\debug\net6.0-windows\videoos.webrtc.unittests.dll" id="cf4fce0d-acd6-df5d-fbfe-c8689f28f54c">
      <Execution id="ba897877-9c38-4af7-8998-7053dbce8bfb" />
      <TestMethod codeBase="D:\actions-runner\_work\XPCO\XPCO\AllSolutions\..\MIP\StreamingProtocols\tst\VideoOS.WebRTC.UnitTests\bin\x64\Debug\net6.0-windows\VideoOS.WebRTC.UnitTests.dll" adapterTypeName="executor://mstestadapter/v2" className="VideoOS.WebRTC.UnitTests.VideoSourceTest" name="VideoSource_Initialize_ErrorCodeFromCamera" />
    </UnitTest>
    <UnitTest name="VideoSource_Initialize_InvalidCodec" storage="d:\actions-runner\_work\xpco\xpco\allsolutions\..\mip\streamingprotocols\tst\videoos.webrtc.unittests\bin\x64\debug\net6.0-windows\videoos.webrtc.unittests.dll" id="90fc4c85-b925-316f-b815-b3a5008ea69d">
      <Execution id="ce0b3576-848b-420b-9d13-89a6e88bee4a" />
      <TestMethod codeBase="D:\actions-runner\_work\XPCO\XPCO\AllSolutions\..\MIP\StreamingProtocols\tst\VideoOS.WebRTC.UnitTests\bin\x64\Debug\net6.0-windows\VideoOS.WebRTC.UnitTests.dll" adapterTypeName="executor://mstestadapter/v2" className="VideoOS.WebRTC.UnitTests.VideoSourceTest" name="VideoSource_Initialize_InvalidCodec" />
    </UnitTest>
    <UnitTest name="CloseSession_CallLogoutAndRemoveSession" storage="d:\actions-runner\_work\xpco\xpco\allsolutions\..\mip\streamingprotocols\tst\videoos.webrtc.unittests\bin\x64\debug\net6.0-windows\videoos.webrtc.unittests.dll" id="d8d5c5d5-b615-7149-b970-5835582817f9">
      <Execution id="8c720c87-9cef-44d7-b795-2dead4e8390e" />
      <TestMethod codeBase="D:\actions-runner\_work\XPCO\XPCO\AllSolutions\..\MIP\StreamingProtocols\tst\VideoOS.WebRTC.UnitTests\bin\x64\Debug\net6.0-windows\VideoOS.WebRTC.UnitTests.dll" adapterTypeName="executor://mstestadapter/v2" className="VideoOS.WebRTC.UnitTests.SessionHandlerTest" name="CloseSession_CallLogoutAndRemoveSession" />
    </UnitTest>
    <UnitTest name="GetServerCandidates_ReturnCandidates" storage="d:\actions-runner\_work\xpco\xpco\allsolutions\..\mip\streamingprotocols\tst\videoos.webrtc.unittests\bin\x64\debug\net6.0-windows\videoos.webrtc.unittests.dll" id="98cffa52-9199-f0cd-1543-bdd1512c1c41">
      <Execution id="5e2abe52-7297-4a6c-aaca-e9ee133770a4" />
      <TestMethod codeBase="D:\actions-runner\_work\XPCO\XPCO\AllSolutions\..\MIP\StreamingProtocols\tst\VideoOS.WebRTC.UnitTests\bin\x64\Debug\net6.0-windows\VideoOS.WebRTC.UnitTests.dll" adapterTypeName="executor://mstestadapter/v2" className="VideoOS.WebRTC.UnitTests.SessionHandlerTest" name="GetServerCandidates_ReturnCandidates" />
    </UnitTest>
    <UnitTest name="UpdateSession_AddAnswerSDP_InvalidAnswerSDP" storage="d:\actions-runner\_work\xpco\xpco\allsolutions\..\mip\streamingprotocols\tst\videoos.webrtc.unittests\bin\x64\debug\net6.0-windows\videoos.webrtc.unittests.dll" id="94aa6b8b-68ed-311f-b745-0f672378676e">
      <Execution id="f82785fb-9f38-4996-af9a-97b6ab085070" />
      <TestMethod codeBase="D:\actions-runner\_work\XPCO\XPCO\AllSolutions\..\MIP\StreamingProtocols\tst\VideoOS.WebRTC.UnitTests\bin\x64\Debug\net6.0-windows\VideoOS.WebRTC.UnitTests.dll" adapterTypeName="executor://mstestadapter/v2" className="VideoOS.WebRTC.UnitTests.SessionHandlerTest" name="UpdateSession_AddAnswerSDP_InvalidAnswerSDP" />
    </UnitTest>
    <UnitTest name="InitiateSession_CreateNewPlaybackSession" storage="d:\actions-runner\_work\xpco\xpco\allsolutions\..\mip\streamingprotocols\tst\videoos.webrtc.unittests\bin\x64\debug\net6.0-windows\videoos.webrtc.unittests.dll" id="07059f32-2b27-f2e6-bc96-22aca7c95669">
      <Execution id="6fdb64be-fd9e-4b3b-b080-420213bf8d63" />
      <TestMethod codeBase="D:\actions-runner\_work\XPCO\XPCO\AllSolutions\..\MIP\StreamingProtocols\tst\VideoOS.WebRTC.UnitTests\bin\x64\Debug\net6.0-windows\VideoOS.WebRTC.UnitTests.dll" adapterTypeName="executor://mstestadapter/v2" className="VideoOS.WebRTC.UnitTests.SessionHandlerTest" name="InitiateSession_CreateNewPlaybackSession" />
    </UnitTest>
    <UnitTest name="UpdateSession_AddAnswerSDP_RejectedOffer_Port0" storage="d:\actions-runner\_work\xpco\xpco\allsolutions\..\mip\streamingprotocols\tst\videoos.webrtc.unittests\bin\x64\debug\net6.0-windows\videoos.webrtc.unittests.dll" id="ddcdac74-ac52-cc17-b7f6-90b2e14bef8d">
      <Execution id="6b972cb5-d7a8-49b0-8025-3b7310c4e07c" />
      <TestMethod codeBase="D:\actions-runner\_work\XPCO\XPCO\AllSolutions\..\MIP\StreamingProtocols\tst\VideoOS.WebRTC.UnitTests\bin\x64\Debug\net6.0-windows\VideoOS.WebRTC.UnitTests.dll" adapterTypeName="executor://mstestadapter/v2" className="VideoOS.WebRTC.UnitTests.SessionHandlerTest" name="UpdateSession_AddAnswerSDP_RejectedOffer_Port0" />
    </UnitTest>
    <UnitTest name="GetSession_UseInvalidId_ReturnsNull" storage="d:\actions-runner\_work\xpco\xpco\allsolutions\..\mip\streamingprotocols\tst\videoos.webrtc.unittests\bin\x64\debug\net6.0-windows\videoos.webrtc.unittests.dll" id="ca0d441d-1747-0147-aaf1-e390427a3aec">
      <Execution id="d4d6404f-d5a4-4e3f-bfd4-e2dea4d37ed1" />
      <TestMethod codeBase="D:\actions-runner\_work\XPCO\XPCO\AllSolutions\..\MIP\StreamingProtocols\tst\VideoOS.WebRTC.UnitTests\bin\x64\Debug\net6.0-windows\VideoOS.WebRTC.UnitTests.dll" adapterTypeName="executor://mstestadapter/v2" className="VideoOS.WebRTC.UnitTests.SessionHandlerTest" name="GetSession_UseInvalidId_ReturnsNull" />
    </UnitTest>
    <UnitTest name="InitiateSession_CreateNewSession" storage="d:\actions-runner\_work\xpco\xpco\allsolutions\..\mip\streamingprotocols\tst\videoos.webrtc.unittests\bin\x64\debug\net6.0-windows\videoos.webrtc.unittests.dll" id="35d630f6-5bf8-6846-67fa-01fcefcc7df7">
      <Execution id="e55f18af-ae37-41e4-9c1e-8b667addf016" />
      <TestMethod codeBase="D:\actions-runner\_work\XPCO\XPCO\AllSolutions\..\MIP\StreamingProtocols\tst\VideoOS.WebRTC.UnitTests\bin\x64\Debug\net6.0-windows\VideoOS.WebRTC.UnitTests.dll" adapterTypeName="executor://mstestadapter/v2" className="VideoOS.WebRTC.UnitTests.SessionHandlerTest" name="InitiateSession_CreateNewSession" />
    </UnitTest>
    <UnitTest name="PlaybackVideoSource_Initialize_CameraNotFound" storage="d:\actions-runner\_work\xpco\xpco\allsolutions\..\mip\streamingprotocols\tst\videoos.webrtc.unittests\bin\x64\debug\net6.0-windows\videoos.webrtc.unittests.dll" id="75ab80a4-dc64-1b14-c5e8-01bc4c083e8e">
      <Execution id="f3cd3223-d5ae-4be7-9abe-36c9102d9141" />
      <TestMethod codeBase="D:\actions-runner\_work\XPCO\XPCO\AllSolutions\..\MIP\StreamingProtocols\tst\VideoOS.WebRTC.UnitTests\bin\x64\Debug\net6.0-windows\VideoOS.WebRTC.UnitTests.dll" adapterTypeName="executor://mstestadapter/v2" className="VideoOS.WebRTC.UnitTests.VideoSourceTest" name="PlaybackVideoSource_Initialize_CameraNotFound" />
    </UnitTest>
    <UnitTest name="GetIceCandidates_InvalidId_ThrowException" storage="d:\actions-runner\_work\xpco\xpco\allsolutions\..\mip\streamingprotocols\tst\videoos.webrtc.unittests\bin\x64\debug\net6.0-windows\videoos.webrtc.unittests.dll" id="faec4d39-e8ef-e185-0ada-9899de9b83cf">
      <Execution id="99fb3cbc-9feb-4d1b-bb5f-1b0180019c5a" />
      <TestMethod codeBase="D:\actions-runner\_work\XPCO\XPCO\AllSolutions\..\MIP\StreamingProtocols\tst\VideoOS.WebRTC.UnitTests\bin\x64\Debug\net6.0-windows\VideoOS.WebRTC.UnitTests.dll" adapterTypeName="executor://mstestadapter/v2" className="VideoOS.WebRTC.UnitTests.SessionHandlerTest" name="GetIceCandidates_InvalidId_ThrowException" />
    </UnitTest>
    <UnitTest name="AddAndGetIceCandidates_AddMultipleIceCandidates_SessionContainsCandidates" storage="d:\actions-runner\_work\xpco\xpco\allsolutions\..\mip\streamingprotocols\tst\videoos.webrtc.unittests\bin\x64\debug\net6.0-windows\videoos.webrtc.unittests.dll" id="aa45401d-46be-84e4-c03a-cb3205345531">
      <Execution id="25fde0de-cc95-4d52-a338-bebe4a2cdd7c" />
      <TestMethod codeBase="D:\actions-runner\_work\XPCO\XPCO\AllSolutions\..\MIP\StreamingProtocols\tst\VideoOS.WebRTC.UnitTests\bin\x64\Debug\net6.0-windows\VideoOS.WebRTC.UnitTests.dll" adapterTypeName="executor://mstestadapter/v2" className="VideoOS.WebRTC.UnitTests.SessionHandlerTest" name="AddAndGetIceCandidates_AddMultipleIceCandidates_SessionContainsCandidates" />
    </UnitTest>
    <UnitTest name="VideoSource_Initialize_InvalidStreamId" storage="d:\actions-runner\_work\xpco\xpco\allsolutions\..\mip\streamingprotocols\tst\videoos.webrtc.unittests\bin\x64\debug\net6.0-windows\videoos.webrtc.unittests.dll" id="9981269c-10f6-08e5-f612-069039961405">
      <Execution id="e6486217-e2b6-4d99-b865-3165dc4b6f9d" />
      <TestMethod codeBase="D:\actions-runner\_work\XPCO\XPCO\AllSolutions\..\MIP\StreamingProtocols\tst\VideoOS.WebRTC.UnitTests\bin\x64\Debug\net6.0-windows\VideoOS.WebRTC.UnitTests.dll" adapterTypeName="executor://mstestadapter/v2" className="VideoOS.WebRTC.UnitTests.VideoSourceTest" name="VideoSource_Initialize_InvalidStreamId" />
    </UnitTest>
    <UnitTest name="UpdateSession_AddAnswerSDP_InvalidSessionId" storage="d:\actions-runner\_work\xpco\xpco\allsolutions\..\mip\streamingprotocols\tst\videoos.webrtc.unittests\bin\x64\debug\net6.0-windows\videoos.webrtc.unittests.dll" id="fa20cbbb-9c64-f90f-b3ee-75daad0b1254">
      <Execution id="2070c832-5069-48ec-a95d-981a35da7b0e" />
      <TestMethod codeBase="D:\actions-runner\_work\XPCO\XPCO\AllSolutions\..\MIP\StreamingProtocols\tst\VideoOS.WebRTC.UnitTests\bin\x64\Debug\net6.0-windows\VideoOS.WebRTC.UnitTests.dll" adapterTypeName="executor://mstestadapter/v2" className="VideoOS.WebRTC.UnitTests.SessionHandlerTest" name="UpdateSession_AddAnswerSDP_InvalidSessionId" />
    </UnitTest>
    <UnitTest name="VideoSource_Initialize_CameraHasPrivacyProtection" storage="d:\actions-runner\_work\xpco\xpco\allsolutions\..\mip\streamingprotocols\tst\videoos.webrtc.unittests\bin\x64\debug\net6.0-windows\videoos.webrtc.unittests.dll" id="ace42f4a-5545-298f-dfd6-e8c10bb93681">
      <Execution id="1dc35d77-0038-4311-bdd4-aa8be329c4d4" />
      <TestMethod codeBase="D:\actions-runner\_work\XPCO\XPCO\AllSolutions\..\MIP\StreamingProtocols\tst\VideoOS.WebRTC.UnitTests\bin\x64\Debug\net6.0-windows\VideoOS.WebRTC.UnitTests.dll" adapterTypeName="executor://mstestadapter/v2" className="VideoOS.WebRTC.UnitTests.VideoSourceTest" name="VideoSource_Initialize_CameraHasPrivacyProtection" />
    </UnitTest>
    <UnitTest name="VideoSource_Initialize_ErrorCodeFromCamera (c0c18f5c-f79b-4ba1-8012-2489f3a1104b,Connection to camera was lost)" storage="d:\actions-runner\_work\xpco\xpco\allsolutions\..\mip\streamingprotocols\tst\videoos.webrtc.unittests\bin\x64\debug\net6.0-windows\videoos.webrtc.unittests.dll" id="2543bf3c-f288-322d-89d2-072b0689a12b">
      <Execution id="04277973-c100-431f-9f0c-eb9927bf3ac2" />
      <TestMethod codeBase="D:\actions-runner\_work\XPCO\XPCO\AllSolutions\..\MIP\StreamingProtocols\tst\VideoOS.WebRTC.UnitTests\bin\x64\Debug\net6.0-windows\VideoOS.WebRTC.UnitTests.dll" adapterTypeName="executor://mstestadapter/v2" className="VideoOS.WebRTC.UnitTests.VideoSourceTest" name="VideoSource_Initialize_ErrorCodeFromCamera" />
    </UnitTest>
    <UnitTest name="GetSession_ReturnSession" storage="d:\actions-runner\_work\xpco\xpco\allsolutions\..\mip\streamingprotocols\tst\videoos.webrtc.unittests\bin\x64\debug\net6.0-windows\videoos.webrtc.unittests.dll" id="ed094d36-2a72-a141-6059-e2bd6ec5cc4b">
      <Execution id="bf79c611-fe8f-4990-838f-350ccd760b18" />
      <TestMethod codeBase="D:\actions-runner\_work\XPCO\XPCO\AllSolutions\..\MIP\StreamingProtocols\tst\VideoOS.WebRTC.UnitTests\bin\x64\Debug\net6.0-windows\VideoOS.WebRTC.UnitTests.dll" adapterTypeName="executor://mstestadapter/v2" className="VideoOS.WebRTC.UnitTests.SessionHandlerTest" name="GetSession_ReturnSession" />
    </UnitTest>
    <UnitTest name="VideoSource_Initialize_CameraNotFound" storage="d:\actions-runner\_work\xpco\xpco\allsolutions\..\mip\streamingprotocols\tst\videoos.webrtc.unittests\bin\x64\debug\net6.0-windows\videoos.webrtc.unittests.dll" id="b6ca4a74-2f87-94c2-e563-339dc326596c">
      <Execution id="5fd0e874-62d4-42cc-97e1-636101f09aba" />
      <TestMethod codeBase="D:\actions-runner\_work\XPCO\XPCO\AllSolutions\..\MIP\StreamingProtocols\tst\VideoOS.WebRTC.UnitTests\bin\x64\Debug\net6.0-windows\VideoOS.WebRTC.UnitTests.dll" adapterTypeName="executor://mstestadapter/v2" className="VideoOS.WebRTC.UnitTests.VideoSourceTest" name="VideoSource_Initialize_CameraNotFound" />
    </UnitTest>
    <UnitTest name="VideoSource_Initialize_Success" storage="d:\actions-runner\_work\xpco\xpco\allsolutions\..\mip\streamingprotocols\tst\videoos.webrtc.unittests\bin\x64\debug\net6.0-windows\videoos.webrtc.unittests.dll" id="851a3e6a-a599-a5c4-1b13-ad59a5969239">
      <Execution id="c86c6ef6-4b46-4bae-aa68-f8cdbb0f7e90" />
      <TestMethod codeBase="D:\actions-runner\_work\XPCO\XPCO\AllSolutions\..\MIP\StreamingProtocols\tst\VideoOS.WebRTC.UnitTests\bin\x64\Debug\net6.0-windows\VideoOS.WebRTC.UnitTests.dll" adapterTypeName="executor://mstestadapter/v2" className="VideoOS.WebRTC.UnitTests.VideoSourceTest" name="VideoSource_Initialize_Success" />
    </UnitTest>
    <UnitTest name="PlaybackVideoSource_Initialize_CameraHasPrivacyProtection" storage="d:\actions-runner\_work\xpco\xpco\allsolutions\..\mip\streamingprotocols\tst\videoos.webrtc.unittests\bin\x64\debug\net6.0-windows\videoos.webrtc.unittests.dll" id="91b86173-b76d-dade-696c-b20133b402f1">
      <Execution id="8c76010f-4133-4757-957e-cf2e67a04156" />
      <TestMethod codeBase="D:\actions-runner\_work\XPCO\XPCO\AllSolutions\..\MIP\StreamingProtocols\tst\VideoOS.WebRTC.UnitTests\bin\x64\Debug\net6.0-windows\VideoOS.WebRTC.UnitTests.dll" adapterTypeName="executor://mstestadapter/v2" className="VideoOS.WebRTC.UnitTests.VideoSourceTest" name="PlaybackVideoSource_Initialize_CameraHasPrivacyProtection" />
    </UnitTest>
    <UnitTest name="UpdateSession_AddAnswerSDP_RejectedOffer_VP8" storage="d:\actions-runner\_work\xpco\xpco\allsolutions\..\mip\streamingprotocols\tst\videoos.webrtc.unittests\bin\x64\debug\net6.0-windows\videoos.webrtc.unittests.dll" id="f4d22fda-dc46-5f1e-2ab7-c02d276637c2">
      <Execution id="3fed613b-7831-4b88-adc1-91d716174174" />
      <TestMethod codeBase="D:\actions-runner\_work\XPCO\XPCO\AllSolutions\..\MIP\StreamingProtocols\tst\VideoOS.WebRTC.UnitTests\bin\x64\Debug\net6.0-windows\VideoOS.WebRTC.UnitTests.dll" adapterTypeName="executor://mstestadapter/v2" className="VideoOS.WebRTC.UnitTests.SessionHandlerTest" name="UpdateSession_AddAnswerSDP_RejectedOffer_VP8" />
    </UnitTest>
    <UnitTest name="UpdateSession_AddAnswerSDP_RejectedOffer_Inactive" storage="d:\actions-runner\_work\xpco\xpco\allsolutions\..\mip\streamingprotocols\tst\videoos.webrtc.unittests\bin\x64\debug\net6.0-windows\videoos.webrtc.unittests.dll" id="e0689d94-fcf4-65d6-990a-486648a02a5f">
      <Execution id="c0b6183c-6056-40dd-929b-03d7b23299bb" />
      <TestMethod codeBase="D:\actions-runner\_work\XPCO\XPCO\AllSolutions\..\MIP\StreamingProtocols\tst\VideoOS.WebRTC.UnitTests\bin\x64\Debug\net6.0-windows\VideoOS.WebRTC.UnitTests.dll" adapterTypeName="executor://mstestadapter/v2" className="VideoOS.WebRTC.UnitTests.SessionHandlerTest" name="UpdateSession_AddAnswerSDP_RejectedOffer_Inactive" />
    </UnitTest>
    <UnitTest name="Initiate_UserContextCannotLogin_throwException" storage="d:\actions-runner\_work\xpco\xpco\allsolutions\..\mip\streamingprotocols\tst\videoos.webrtc.unittests\bin\x64\debug\net6.0-windows\videoos.webrtc.unittests.dll" id="95e75b5b-b69d-f548-acbf-638bd6e95d0d">
      <Execution id="a82476b2-eabb-43e7-aec3-dff68d68a782" />
      <TestMethod codeBase="D:\actions-runner\_work\XPCO\XPCO\AllSolutions\..\MIP\StreamingProtocols\tst\VideoOS.WebRTC.UnitTests\bin\x64\Debug\net6.0-windows\VideoOS.WebRTC.UnitTests.dll" adapterTypeName="executor://mstestadapter/v2" className="VideoOS.WebRTC.UnitTests.SessionHandlerTest" name="Initiate_UserContextCannotLogin_throwException" />
    </UnitTest>
    <UnitTest name="AddIceCandidates_UsingInvalidId_ThrowException" storage="d:\actions-runner\_work\xpco\xpco\allsolutions\..\mip\streamingprotocols\tst\videoos.webrtc.unittests\bin\x64\debug\net6.0-windows\videoos.webrtc.unittests.dll" id="d80fe127-b820-ef52-2db9-e46ceea2009a">
      <Execution id="26113ae6-4ab7-4a59-8ca9-717b9eb0c2bb" />
      <TestMethod codeBase="D:\actions-runner\_work\XPCO\XPCO\AllSolutions\..\MIP\StreamingProtocols\tst\VideoOS.WebRTC.UnitTests\bin\x64\Debug\net6.0-windows\VideoOS.WebRTC.UnitTests.dll" adapterTypeName="executor://mstestadapter/v2" className="VideoOS.WebRTC.UnitTests.SessionHandlerTest" name="AddIceCandidates_UsingInvalidId_ThrowException" />
    </UnitTest>
    <UnitTest name="Initiate_MultiUserEnvironmentNotInitialized_throwException" storage="d:\actions-runner\_work\xpco\xpco\allsolutions\..\mip\streamingprotocols\tst\videoos.webrtc.unittests\bin\x64\debug\net6.0-windows\videoos.webrtc.unittests.dll" id="c804fcd8-a06b-50db-26b4-b2a493f39759">
      <Execution id="d1830e4d-c7da-4ea4-b7e8-f6f0f5a1fc54" />
      <TestMethod codeBase="D:\actions-runner\_work\XPCO\XPCO\AllSolutions\..\MIP\StreamingProtocols\tst\VideoOS.WebRTC.UnitTests\bin\x64\Debug\net6.0-windows\VideoOS.WebRTC.UnitTests.dll" adapterTypeName="executor://mstestadapter/v2" className="VideoOS.WebRTC.UnitTests.SessionHandlerTest" name="Initiate_MultiUserEnvironmentNotInitialized_throwException" />
    </UnitTest>
  </TestDefinitions>
  <TestEntries>
    <TestEntry testId="49b86599-d0a9-c9b7-3561-9916da0243f3" executionId="a0176cfa-5164-41f5-9844-37d09d1e2a59" testListId="8c84fa94-04c1-424b-9868-57a2d4851a1d" />
    <TestEntry testId="07059f32-2b27-f2e6-bc96-22aca7c95669" executionId="6fdb64be-fd9e-4b3b-b080-420213bf8d63" testListId="8c84fa94-04c1-424b-9868-57a2d4851a1d" />
    <TestEntry testId="8e2958b8-7dc4-c264-12be-56d645f34173" executionId="1024e8c2-d2ae-4be7-9a71-94b105421bdb" testListId="8c84fa94-04c1-424b-9868-57a2d4851a1d" />
    <TestEntry testId="98cffa52-9199-f0cd-1543-bdd1512c1c41" executionId="5e2abe52-7297-4a6c-aaca-e9ee133770a4" testListId="8c84fa94-04c1-424b-9868-57a2d4851a1d" />
    <TestEntry testId="ace42f4a-5545-298f-dfd6-e8c10bb93681" executionId="1dc35d77-0038-4311-bdd4-aa8be329c4d4" testListId="8c84fa94-04c1-424b-9868-57a2d4851a1d" />
    <TestEntry testId="f4d22fda-dc46-5f1e-2ab7-c02d276637c2" executionId="3fed613b-7831-4b88-adc1-91d716174174" testListId="8c84fa94-04c1-424b-9868-57a2d4851a1d" />
    <TestEntry testId="cf4fce0d-acd6-df5d-fbfe-c8689f28f54c" executionId="ba897877-9c38-4af7-8998-7053dbce8bfb" testListId="8c84fa94-04c1-424b-9868-57a2d4851a1d" />
    <TestEntry testId="aa45401d-46be-84e4-c03a-cb3205345531" executionId="25fde0de-cc95-4d52-a338-bebe4a2cdd7c" testListId="8c84fa94-04c1-424b-9868-57a2d4851a1d" />
    <TestEntry testId="851a3e6a-a599-a5c4-1b13-ad59a5969239" executionId="c86c6ef6-4b46-4bae-aa68-f8cdbb0f7e90" testListId="8c84fa94-04c1-424b-9868-57a2d4851a1d" />
    <TestEntry testId="e0689d94-fcf4-65d6-990a-486648a02a5f" executionId="c0b6183c-6056-40dd-929b-03d7b23299bb" testListId="8c84fa94-04c1-424b-9868-57a2d4851a1d" />
    <TestEntry testId="35d630f6-5bf8-6846-67fa-01fcefcc7df7" executionId="e55f18af-ae37-41e4-9c1e-8b667addf016" testListId="8c84fa94-04c1-424b-9868-57a2d4851a1d" />
    <TestEntry testId="91b86173-b76d-dade-696c-b20133b402f1" executionId="8c76010f-4133-4757-957e-cf2e67a04156" testListId="8c84fa94-04c1-424b-9868-57a2d4851a1d" />
    <TestEntry testId="75ab80a4-dc64-1b14-c5e8-01bc4c083e8e" executionId="f3cd3223-d5ae-4be7-9abe-36c9102d9141" testListId="8c84fa94-04c1-424b-9868-57a2d4851a1d" />
    <TestEntry testId="95e75b5b-b69d-f548-acbf-638bd6e95d0d" executionId="a82476b2-eabb-43e7-aec3-dff68d68a782" testListId="8c84fa94-04c1-424b-9868-57a2d4851a1d" />
    <TestEntry testId="ddcdac74-ac52-cc17-b7f6-90b2e14bef8d" executionId="6b972cb5-d7a8-49b0-8025-3b7310c4e07c" testListId="8c84fa94-04c1-424b-9868-57a2d4851a1d" />
    <TestEntry testId="ca0d441d-1747-0147-aaf1-e390427a3aec" executionId="d4d6404f-d5a4-4e3f-bfd4-e2dea4d37ed1" testListId="8c84fa94-04c1-424b-9868-57a2d4851a1d" />
    <TestEntry testId="90fc4c85-b925-316f-b815-b3a5008ea69d" executionId="ce0b3576-848b-420b-9d13-89a6e88bee4a" testListId="8c84fa94-04c1-424b-9868-57a2d4851a1d" />
    <TestEntry testId="027040b1-4be9-21ce-3b5d-360938a19bef" executionId="e3dde880-1774-4f4b-963b-969329f3c3b1" testListId="8c84fa94-04c1-424b-9868-57a2d4851a1d" />
    <TestEntry testId="36316f97-79b8-69f7-0df4-de33536e85b0" executionId="69d7547d-92e6-4a3d-ae5e-3c5042434f3c" testListId="8c84fa94-04c1-424b-9868-57a2d4851a1d" />
    <TestEntry testId="ed094d36-2a72-a141-6059-e2bd6ec5cc4b" executionId="bf79c611-fe8f-4990-838f-350ccd760b18" testListId="8c84fa94-04c1-424b-9868-57a2d4851a1d" />
    <TestEntry testId="2543bf3c-f288-322d-89d2-072b0689a12b" executionId="04277973-c100-431f-9f0c-eb9927bf3ac2" testListId="8c84fa94-04c1-424b-9868-57a2d4851a1d" />
    <TestEntry testId="fa20cbbb-9c64-f90f-b3ee-75daad0b1254" executionId="2070c832-5069-48ec-a95d-981a35da7b0e" testListId="8c84fa94-04c1-424b-9868-57a2d4851a1d" />
    <TestEntry testId="d8d5c5d5-b615-7149-b970-5835582817f9" executionId="8c720c87-9cef-44d7-b795-2dead4e8390e" testListId="8c84fa94-04c1-424b-9868-57a2d4851a1d" />
    <TestEntry testId="c804fcd8-a06b-50db-26b4-b2a493f39759" executionId="d1830e4d-c7da-4ea4-b7e8-f6f0f5a1fc54" testListId="8c84fa94-04c1-424b-9868-57a2d4851a1d" />
    <TestEntry testId="389f1216-2cdb-7a24-e07f-84ebe291f822" executionId="39f68471-d104-4b85-9ad8-d239590a865f" testListId="8c84fa94-04c1-424b-9868-57a2d4851a1d" />
    <TestEntry testId="b6ca4a74-2f87-94c2-e563-339dc326596c" executionId="5fd0e874-62d4-42cc-97e1-636101f09aba" testListId="8c84fa94-04c1-424b-9868-57a2d4851a1d" />
    <TestEntry testId="d80fe127-b820-ef52-2db9-e46ceea2009a" executionId="26113ae6-4ab7-4a59-8ca9-717b9eb0c2bb" testListId="8c84fa94-04c1-424b-9868-57a2d4851a1d" />
    <TestEntry testId="9981269c-10f6-08e5-f612-069039961405" executionId="e6486217-e2b6-4d99-b865-3165dc4b6f9d" testListId="8c84fa94-04c1-424b-9868-57a2d4851a1d" />
    <TestEntry testId="d56f22c0-089c-6960-b7e3-5d600ca38379" executionId="c7ec3d96-0585-455d-abc9-1f2bf61e1adb" testListId="8c84fa94-04c1-424b-9868-57a2d4851a1d" />
    <TestEntry testId="94aa6b8b-68ed-311f-b745-0f672378676e" executionId="f82785fb-9f38-4996-af9a-97b6ab085070" testListId="8c84fa94-04c1-424b-9868-57a2d4851a1d" />
    <TestEntry testId="faec4d39-e8ef-e185-0ada-9899de9b83cf" executionId="99fb3cbc-9feb-4d1b-bb5f-1b0180019c5a" testListId="8c84fa94-04c1-424b-9868-57a2d4851a1d" />
  </TestEntries>
  <TestLists>
    <TestList name="Results Not in a List" id="8c84fa94-04c1-424b-9868-57a2d4851a1d" />
    <TestList name="All Loaded Results" id="19431567-8539-422a-85d7-44ee4e166bda" />
  </TestLists>
  <ResultSummary outcome="Completed">
    <Counters total="31" executed="31" passed="31" failed="0" error="0" timeout="0" aborted="0" inconclusive="0" passedButRunAborted="0" notRunnable="0" notExecuted="0" disconnected="0" warning="0" completed="0" inProgress="0" pending="0" />
  </ResultSummary>
</TestRun>