<?xml version="1.0" encoding="utf-8"?>
<TestRun id="df579105-07e1-4c4c-9f4d-e2112154b8e7" name="DKSR-EFI-06$@DKSR-EFI-06 2024-01-09 15:40:57" runUser="NT AUTHORITY\NETWORK SERVICE" xmlns="http://microsoft.com/schemas/VisualStudio/TeamTest/2010">
  <Times creation="2024-01-09T15:40:57.5234428+01:00" queuing="2024-01-09T15:40:57.5234428+01:00" start="2024-01-09T15:40:55.4765543+01:00" finish="2024-01-09T15:40:57.5703188+01:00" />
  <TestSettings name="default" id="19bc94ab-80b7-47a4-8225-d22b4c6f05ce">
    <Deployment runDeploymentRoot="DKSR-EFI-06$_DKSR-EFI-06_2024-01-09_15_40_57" />
  </TestSettings>
  <Results>
    <UnitTestResult executionId="405f9ba4-db5e-4bcf-a4d9-2a2d8cffa7f1" testId="9b1dc101-47f3-05ec-e40f-fef1a6fadbbf" testName="ProcessMessageAsync_ShouldReturnErrorResponseWithCallbackIdAndId_WhenDownstreamProcessingThrowsVmsApiGatewayCommunicationException" computerName="DKSR-EFI-06" duration="00:00:00.0039963" startTime="2024-01-09T15:40:57.2984043+01:00" endTime="2024-01-09T15:40:57.3025336+01:00" testType="13cdc9d9-ddb5-4fa4-a97d-d965ccfc6d4b" outcome="Passed" testListId="8c84fa94-04c1-424b-9868-57a2d4851a1d" relativeResultsDirectory="405f9ba4-db5e-4bcf-a4d9-2a2d8cffa7f1" />
    <UnitTestResult executionId="3b2491ba-e7b6-4c88-952f-8697df1e5176" testId="efcb9ee4-e16d-7513-4d6f-95547764aae3" testName="ProcessMessageAsync_ShouldCallMessageProcessorWithTranslatedRequest" computerName="DKSR-EFI-06" duration="00:00:00.4226659" startTime="2024-01-09T15:40:56.7749555+01:00" endTime="2024-01-09T15:40:57.2205721+01:00" testType="13cdc9d9-ddb5-4fa4-a97d-d965ccfc6d4b" outcome="Passed" testListId="8c84fa94-04c1-424b-9868-57a2d4851a1d" relativeResultsDirectory="3b2491ba-e7b6-4c88-952f-8697df1e5176" />
    <UnitTestResult executionId="a06cfc79-1af0-48b7-8e5e-40d2b8420fbc" testId="193bd61e-0aa1-baed-9279-7d178a4d7334" testName="ProcessMessageAsync_ShouldReturnErrorResponseWithCallbackIdAndId_WhenDownstreamProcessingThrowsAddressResolverException" computerName="DKSR-EFI-06" duration="00:00:00.0041751" startTime="2024-01-09T15:40:57.2899416+01:00" endTime="2024-01-09T15:40:57.2942681+01:00" testType="13cdc9d9-ddb5-4fa4-a97d-d965ccfc6d4b" outcome="Passed" testListId="8c84fa94-04c1-424b-9868-57a2d4851a1d" relativeResultsDirectory="a06cfc79-1af0-48b7-8e5e-40d2b8420fbc" />
    <UnitTestResult executionId="d0d4eede-1392-40ff-99d9-2fb39e959c3e" testId="859fd2fa-285d-d803-2d7e-7a527f521f6e" testName="ProcessMessageAsync_ShouldReturnResponseWithCallbackIdAndIdAndResponseFromVms" computerName="DKSR-EFI-06" duration="00:00:00.0134738" startTime="2024-01-09T15:40:57.2295961+01:00" endTime="2024-01-09T15:40:57.2433255+01:00" testType="13cdc9d9-ddb5-4fa4-a97d-d965ccfc6d4b" outcome="Passed" testListId="8c84fa94-04c1-424b-9868-57a2d4851a1d" relativeResultsDirectory="d0d4eede-1392-40ff-99d9-2fb39e959c3e" />
    <UnitTestResult executionId="0b661106-0b2c-43c4-aa9f-9e8406f66115" testId="96d5bd09-3584-1f29-58f7-a9bee2d1154c" testName="ProcessMessageAsync_ShouldThrowMessageProcessingException_WhenCallbackIdIsNotProvided" computerName="DKSR-EFI-06" duration="00:00:00.0018755" startTime="2024-01-09T15:40:57.3099820+01:00" endTime="2024-01-09T15:40:57.3133993+01:00" testType="13cdc9d9-ddb5-4fa4-a97d-d965ccfc6d4b" outcome="Passed" testListId="8c84fa94-04c1-424b-9868-57a2d4851a1d" relativeResultsDirectory="0b661106-0b2c-43c4-aa9f-9e8406f66115" />
    <UnitTestResult executionId="2b74d698-7c33-4b9f-9b40-604f263e2c7a" testId="546dc12d-4cb2-2a5c-4428-1f415905f632" testName="ProcessMessageAsync_ShouldThrowMessageProcessingException_WhenRequestIsInvalid" computerName="DKSR-EFI-06" duration="00:00:00.0071447" startTime="2024-01-09T15:40:57.3025859+01:00" endTime="2024-01-09T15:40:57.3099102+01:00" testType="13cdc9d9-ddb5-4fa4-a97d-d965ccfc6d4b" outcome="Passed" testListId="8c84fa94-04c1-424b-9868-57a2d4851a1d" relativeResultsDirectory="2b74d698-7c33-4b9f-9b40-604f263e2c7a" />
    <UnitTestResult executionId="8700b960-2713-4f0b-8286-6eab78c13e32" testId="bb0b4284-c68f-6c35-3d8a-1255db5ef40d" testName="ProcessMessageAsync_ShouldReturnErrorResponseWithCallbackIdAndId_WhenDownstreamProcessingThrowsVmsMessageAuthenticatorException" computerName="DKSR-EFI-06" duration="00:00:00.0038804" startTime="2024-01-09T15:40:57.2943287+01:00" endTime="2024-01-09T15:40:57.2983524+01:00" testType="13cdc9d9-ddb5-4fa4-a97d-d965ccfc6d4b" outcome="Passed" testListId="8c84fa94-04c1-424b-9868-57a2d4851a1d" relativeResultsDirectory="8700b960-2713-4f0b-8286-6eab78c13e32" />
    <UnitTestResult executionId="cd1cff96-324d-4d59-bd4b-87e46dd0fef7" testId="1c3b3714-fc7e-7b6e-714a-2707a0ed3064" testName="ProcessMessageAsync_ShouldReturnErrorResponseWithCallbackIdAndId_WhenDownstreamProcessingFails" computerName="DKSR-EFI-06" duration="00:00:00.0371474" startTime="2024-01-09T15:40:57.2525684+01:00" endTime="2024-01-09T15:40:57.2898711+01:00" testType="13cdc9d9-ddb5-4fa4-a97d-d965ccfc6d4b" outcome="Passed" testListId="8c84fa94-04c1-424b-9868-57a2d4851a1d" relativeResultsDirectory="cd1cff96-324d-4d59-bd4b-87e46dd0fef7" />
    <UnitTestResult executionId="ac93f730-e5dd-4c12-8679-e462e29e1248" testId="e7f11133-6ceb-ea89-b055-e8bff57287f0" testName="ProcessMessageAsync_ShouldUseCorrectMessageProcessor_WhenMultipleMessageProcessorsAreRegistered" computerName="DKSR-EFI-06" duration="00:00:00.0089073" startTime="2024-01-09T15:40:57.2434267+01:00" endTime="2024-01-09T15:40:57.2524914+01:00" testType="13cdc9d9-ddb5-4fa4-a97d-d965ccfc6d4b" outcome="Passed" testListId="8c84fa94-04c1-424b-9868-57a2d4851a1d" relativeResultsDirectory="ac93f730-e5dd-4c12-8679-e462e29e1248" />
  </Results>
  <TestDefinitions>
    <UnitTest name="ProcessMessageAsync_ShouldReturnErrorResponseWithCallbackIdAndId_WhenDownstreamProcessingThrowsVmsMessageAuthenticatorException" storage="d:\actions-runner\_work\xpco\xpco\allsolutions\..\cloudconnector\binaries\videoos.cloudconnector.messagerouter.unittest\bin\debug\net6.0-windows\videoos.cloudconnector.messagerouter.unittest.dll" id="bb0b4284-c68f-6c35-3d8a-1255db5ef40d">
      <Execution id="8700b960-2713-4f0b-8286-6eab78c13e32" />
      <TestMethod codeBase="D:\actions-runner\_work\XPCO\XPCO\AllSolutions\..\CloudConnector\Binaries\VideoOS.CloudConnector.MessageRouter.UnitTest\bin\Debug\net6.0-windows\VideoOS.CloudConnector.MessageRouter.UnitTest.dll" adapterTypeName="executor://mstestadapter/v2" className="VideoOS.CloudConnector.MessageRouter.UnitTest.MessageRouterTest" name="ProcessMessageAsync_ShouldReturnErrorResponseWithCallbackIdAndId_WhenDownstreamProcessingThrowsVmsMessageAuthenticatorException" />
    </UnitTest>
    <UnitTest name="ProcessMessageAsync_ShouldReturnResponseWithCallbackIdAndIdAndResponseFromVms" storage="d:\actions-runner\_work\xpco\xpco\allsolutions\..\cloudconnector\binaries\videoos.cloudconnector.messagerouter.unittest\bin\debug\net6.0-windows\videoos.cloudconnector.messagerouter.unittest.dll" id="859fd2fa-285d-d803-2d7e-7a527f521f6e">
      <Execution id="d0d4eede-1392-40ff-99d9-2fb39e959c3e" />
      <TestMethod codeBase="D:\actions-runner\_work\XPCO\XPCO\AllSolutions\..\CloudConnector\Binaries\VideoOS.CloudConnector.MessageRouter.UnitTest\bin\Debug\net6.0-windows\VideoOS.CloudConnector.MessageRouter.UnitTest.dll" adapterTypeName="executor://mstestadapter/v2" className="VideoOS.CloudConnector.MessageRouter.UnitTest.MessageRouterTest" name="ProcessMessageAsync_ShouldReturnResponseWithCallbackIdAndIdAndResponseFromVms" />
    </UnitTest>
    <UnitTest name="ProcessMessageAsync_ShouldReturnErrorResponseWithCallbackIdAndId_WhenDownstreamProcessingThrowsAddressResolverException" storage="d:\actions-runner\_work\xpco\xpco\allsolutions\..\cloudconnector\binaries\videoos.cloudconnector.messagerouter.unittest\bin\debug\net6.0-windows\videoos.cloudconnector.messagerouter.unittest.dll" id="193bd61e-0aa1-baed-9279-7d178a4d7334">
      <Execution id="a06cfc79-1af0-48b7-8e5e-40d2b8420fbc" />
      <TestMethod codeBase="D:\actions-runner\_work\XPCO\XPCO\AllSolutions\..\CloudConnector\Binaries\VideoOS.CloudConnector.MessageRouter.UnitTest\bin\Debug\net6.0-windows\VideoOS.CloudConnector.MessageRouter.UnitTest.dll" adapterTypeName="executor://mstestadapter/v2" className="VideoOS.CloudConnector.MessageRouter.UnitTest.MessageRouterTest" name="ProcessMessageAsync_ShouldReturnErrorResponseWithCallbackIdAndId_WhenDownstreamProcessingThrowsAddressResolverException" />
    </UnitTest>
    <UnitTest name="ProcessMessageAsync_ShouldCallMessageProcessorWithTranslatedRequest" storage="d:\actions-runner\_work\xpco\xpco\allsolutions\..\cloudconnector\binaries\videoos.cloudconnector.messagerouter.unittest\bin\debug\net6.0-windows\videoos.cloudconnector.messagerouter.unittest.dll" id="efcb9ee4-e16d-7513-4d6f-95547764aae3">
      <Execution id="3b2491ba-e7b6-4c88-952f-8697df1e5176" />
      <TestMethod codeBase="D:\actions-runner\_work\XPCO\XPCO\AllSolutions\..\CloudConnector\Binaries\VideoOS.CloudConnector.MessageRouter.UnitTest\bin\Debug\net6.0-windows\VideoOS.CloudConnector.MessageRouter.UnitTest.dll" adapterTypeName="executor://mstestadapter/v2" className="VideoOS.CloudConnector.MessageRouter.UnitTest.MessageRouterTest" name="ProcessMessageAsync_ShouldCallMessageProcessorWithTranslatedRequest" />
    </UnitTest>
    <UnitTest name="ProcessMessageAsync_ShouldThrowMessageProcessingException_WhenRequestIsInvalid" storage="d:\actions-runner\_work\xpco\xpco\allsolutions\..\cloudconnector\binaries\videoos.cloudconnector.messagerouter.unittest\bin\debug\net6.0-windows\videoos.cloudconnector.messagerouter.unittest.dll" id="546dc12d-4cb2-2a5c-4428-1f415905f632">
      <Execution id="2b74d698-7c33-4b9f-9b40-604f263e2c7a" />
      <TestMethod codeBase="D:\actions-runner\_work\XPCO\XPCO\AllSolutions\..\CloudConnector\Binaries\VideoOS.CloudConnector.MessageRouter.UnitTest\bin\Debug\net6.0-windows\VideoOS.CloudConnector.MessageRouter.UnitTest.dll" adapterTypeName="executor://mstestadapter/v2" className="VideoOS.CloudConnector.MessageRouter.UnitTest.MessageRouterTest" name="ProcessMessageAsync_ShouldThrowMessageProcessingException_WhenRequestIsInvalid" />
    </UnitTest>
    <UnitTest name="ProcessMessageAsync_ShouldUseCorrectMessageProcessor_WhenMultipleMessageProcessorsAreRegistered" storage="d:\actions-runner\_work\xpco\xpco\allsolutions\..\cloudconnector\binaries\videoos.cloudconnector.messagerouter.unittest\bin\debug\net6.0-windows\videoos.cloudconnector.messagerouter.unittest.dll" id="e7f11133-6ceb-ea89-b055-e8bff57287f0">
      <Execution id="ac93f730-e5dd-4c12-8679-e462e29e1248" />
      <TestMethod codeBase="D:\actions-runner\_work\XPCO\XPCO\AllSolutions\..\CloudConnector\Binaries\VideoOS.CloudConnector.MessageRouter.UnitTest\bin\Debug\net6.0-windows\VideoOS.CloudConnector.MessageRouter.UnitTest.dll" adapterTypeName="executor://mstestadapter/v2" className="VideoOS.CloudConnector.MessageRouter.UnitTest.MessageRouterTest" name="ProcessMessageAsync_ShouldUseCorrectMessageProcessor_WhenMultipleMessageProcessorsAreRegistered" />
    </UnitTest>
    <UnitTest name="ProcessMessageAsync_ShouldReturnErrorResponseWithCallbackIdAndId_WhenDownstreamProcessingThrowsVmsApiGatewayCommunicationException" storage="d:\actions-runner\_work\xpco\xpco\allsolutions\..\cloudconnector\binaries\videoos.cloudconnector.messagerouter.unittest\bin\debug\net6.0-windows\videoos.cloudconnector.messagerouter.unittest.dll" id="9b1dc101-47f3-05ec-e40f-fef1a6fadbbf">
      <Execution id="405f9ba4-db5e-4bcf-a4d9-2a2d8cffa7f1" />
      <TestMethod codeBase="D:\actions-runner\_work\XPCO\XPCO\AllSolutions\..\CloudConnector\Binaries\VideoOS.CloudConnector.MessageRouter.UnitTest\bin\Debug\net6.0-windows\VideoOS.CloudConnector.MessageRouter.UnitTest.dll" adapterTypeName="executor://mstestadapter/v2" className="VideoOS.CloudConnector.MessageRouter.UnitTest.MessageRouterTest" name="ProcessMessageAsync_ShouldReturnErrorResponseWithCallbackIdAndId_WhenDownstreamProcessingThrowsVmsApiGatewayCommunicationException" />
    </UnitTest>
    <UnitTest name="ProcessMessageAsync_ShouldThrowMessageProcessingException_WhenCallbackIdIsNotProvided" storage="d:\actions-runner\_work\xpco\xpco\allsolutions\..\cloudconnector\binaries\videoos.cloudconnector.messagerouter.unittest\bin\debug\net6.0-windows\videoos.cloudconnector.messagerouter.unittest.dll" id="96d5bd09-3584-1f29-58f7-a9bee2d1154c">
      <Execution id="0b661106-0b2c-43c4-aa9f-9e8406f66115" />
      <TestMethod codeBase="D:\actions-runner\_work\XPCO\XPCO\AllSolutions\..\CloudConnector\Binaries\VideoOS.CloudConnector.MessageRouter.UnitTest\bin\Debug\net6.0-windows\VideoOS.CloudConnector.MessageRouter.UnitTest.dll" adapterTypeName="executor://mstestadapter/v2" className="VideoOS.CloudConnector.MessageRouter.UnitTest.MessageRouterTest" name="ProcessMessageAsync_ShouldThrowMessageProcessingException_WhenCallbackIdIsNotProvided" />
    </UnitTest>
    <UnitTest name="ProcessMessageAsync_ShouldReturnErrorResponseWithCallbackIdAndId_WhenDownstreamProcessingFails" storage="d:\actions-runner\_work\xpco\xpco\allsolutions\..\cloudconnector\binaries\videoos.cloudconnector.messagerouter.unittest\bin\debug\net6.0-windows\videoos.cloudconnector.messagerouter.unittest.dll" id="1c3b3714-fc7e-7b6e-714a-2707a0ed3064">
      <Execution id="cd1cff96-324d-4d59-bd4b-87e46dd0fef7" />
      <TestMethod codeBase="D:\actions-runner\_work\XPCO\XPCO\AllSolutions\..\CloudConnector\Binaries\VideoOS.CloudConnector.MessageRouter.UnitTest\bin\Debug\net6.0-windows\VideoOS.CloudConnector.MessageRouter.UnitTest.dll" adapterTypeName="executor://mstestadapter/v2" className="VideoOS.CloudConnector.MessageRouter.UnitTest.MessageRouterTest" name="ProcessMessageAsync_ShouldReturnErrorResponseWithCallbackIdAndId_WhenDownstreamProcessingFails" />
    </UnitTest>
  </TestDefinitions>
  <TestEntries>
    <TestEntry testId="9b1dc101-47f3-05ec-e40f-fef1a6fadbbf" executionId="405f9ba4-db5e-4bcf-a4d9-2a2d8cffa7f1" testListId="8c84fa94-04c1-424b-9868-57a2d4851a1d" />
    <TestEntry testId="efcb9ee4-e16d-7513-4d6f-95547764aae3" executionId="3b2491ba-e7b6-4c88-952f-8697df1e5176" testListId="8c84fa94-04c1-424b-9868-57a2d4851a1d" />
    <TestEntry testId="193bd61e-0aa1-baed-9279-7d178a4d7334" executionId="a06cfc79-1af0-48b7-8e5e-40d2b8420fbc" testListId="8c84fa94-04c1-424b-9868-57a2d4851a1d" />
    <TestEntry testId="859fd2fa-285d-d803-2d7e-7a527f521f6e" executionId="d0d4eede-1392-40ff-99d9-2fb39e959c3e" testListId="8c84fa94-04c1-424b-9868-57a2d4851a1d" />
    <TestEntry testId="96d5bd09-3584-1f29-58f7-a9bee2d1154c" executionId="0b661106-0b2c-43c4-aa9f-9e8406f66115" testListId="8c84fa94-04c1-424b-9868-57a2d4851a1d" />
    <TestEntry testId="546dc12d-4cb2-2a5c-4428-1f415905f632" executionId="2b74d698-7c33-4b9f-9b40-604f263e2c7a" testListId="8c84fa94-04c1-424b-9868-57a2d4851a1d" />
    <TestEntry testId="bb0b4284-c68f-6c35-3d8a-1255db5ef40d" executionId="8700b960-2713-4f0b-8286-6eab78c13e32" testListId="8c84fa94-04c1-424b-9868-57a2d4851a1d" />
    <TestEntry testId="1c3b3714-fc7e-7b6e-714a-2707a0ed3064" executionId="cd1cff96-324d-4d59-bd4b-87e46dd0fef7" testListId="8c84fa94-04c1-424b-9868-57a2d4851a1d" />
    <TestEntry testId="e7f11133-6ceb-ea89-b055-e8bff57287f0" executionId="ac93f730-e5dd-4c12-8679-e462e29e1248" testListId="8c84fa94-04c1-424b-9868-57a2d4851a1d" />
  </TestEntries>
  <TestLists>
    <TestList name="Results Not in a List" id="8c84fa94-04c1-424b-9868-57a2d4851a1d" />
    <TestList name="All Loaded Results" id="19431567-8539-422a-85d7-44ee4e166bda" />
  </TestLists>
  <ResultSummary outcome="Completed">
    <Counters total="9" executed="9" passed="9" failed="0" error="0" timeout="0" aborted="0" inconclusive="0" passedButRunAborted="0" notRunnable="0" notExecuted="0" disconnected="0" warning="0" completed="0" inProgress="0" pending="0" />
  </ResultSummary>
</TestRun>