<?xml version="1.0" encoding="utf-8"?>
<TestRun id="2ac31727-481a-4775-a415-3ae5de7bb81d" name="DKSR-EFI-06$@DKSR-EFI-06 2024-01-09 15:41:01" runUser="NT AUTHORITY\NETWORK SERVICE" xmlns="http://microsoft.com/schemas/VisualStudio/TeamTest/2010">
  <Times creation="2024-01-09T15:41:01.2473730+01:00" queuing="2024-01-09T15:41:01.2473730+01:00" start="2024-01-09T15:40:55.0859270+01:00" finish="2024-01-09T15:41:08.6694029+01:00" />
  <TestSettings name="default" id="74469a43-dc1f-4358-87f7-5272f1d75b35">
    <Deployment runDeploymentRoot="DKSR-EFI-06$_DKSR-EFI-06_2024-01-09_15_41_01" />
  </TestSettings>
  <Results>
    <UnitTestResult executionId="c09e4e8c-8097-4dcc-b420-7776cfff52c4" testId="a38f318c-38a4-d4a2-7cd6-89ce972230c4" testName="When_BatchingControllerRunning_AndGetRecentEventsReturnsEventsmultipleTimes_WeWriteDebugLogForAll" computerName="DKSR-EFI-06" duration="00:00:04.0662847" startTime="2024-01-09T15:41:04.3670386+01:00" endTime="2024-01-09T15:41:08.4338063+01:00" testType="13cdc9d9-ddb5-4fa4-a97d-d965ccfc6d4b" outcome="Passed" testListId="8c84fa94-04c1-424b-9868-57a2d4851a1d" relativeResultsDirectory="c09e4e8c-8097-4dcc-b420-7776cfff52c4" />
    <UnitTestResult executionId="2ea60386-ee41-4b32-96ba-070531db8b2e" testId="252f35f7-299e-7faf-1b71-f5f2d8e88afa" testName="Given_Nothing_When_EventReceiverGetsAConnectionStateChangedToOffline_Then_ItSendsCorrespondingEventToCloud" computerName="DKSR-EFI-06" duration="00:00:00.0030034" startTime="2024-01-09T15:41:08.4713501+01:00" endTime="2024-01-09T15:41:08.4744934+01:00" testType="13cdc9d9-ddb5-4fa4-a97d-d965ccfc6d4b" outcome="Passed" testListId="8c84fa94-04c1-424b-9868-57a2d4851a1d" relativeResultsDirectory="2ea60386-ee41-4b32-96ba-070531db8b2e" />
    <UnitTestResult executionId="2462cfab-89f6-4f7c-b7c6-569f7d699c6b" testId="07fd4fbe-fdea-3c20-171e-9cea3b9a5da4" testName="When_BatchingControllerRunning_AndGetRecentEventsReturnsEventsOnlyOnce_WeOnlyWriteDebugLogOnce" computerName="DKSR-EFI-06" duration="00:00:03.1305913" startTime="2024-01-09T15:41:01.2351016+01:00" endTime="2024-01-09T15:41:04.3660465+01:00" testType="13cdc9d9-ddb5-4fa4-a97d-d965ccfc6d4b" outcome="Passed" testListId="8c84fa94-04c1-424b-9868-57a2d4851a1d" relativeResultsDirectory="2462cfab-89f6-4f7c-b7c6-569f7d699c6b" />
    <UnitTestResult executionId="51da89f0-b046-45b6-a6e8-069122046f82" testId="4e43cfd6-fdc2-79df-0935-adb9c2e804cf" testName="Given_SomeEventsReceived_When_DiscardEvents_Then_NoEventsAreReturned" computerName="DKSR-EFI-06" duration="00:00:00.0013808" startTime="2024-01-09T15:41:08.4635349+01:00" endTime="2024-01-09T15:41:08.4650849+01:00" testType="13cdc9d9-ddb5-4fa4-a97d-d965ccfc6d4b" outcome="Passed" testListId="8c84fa94-04c1-424b-9868-57a2d4851a1d" relativeResultsDirectory="51da89f0-b046-45b6-a6e8-069122046f82" />
    <UnitTestResult executionId="58ed7bae-098c-48f8-9845-9fa06f16a038" testId="43fe8736-af39-3d33-e0ff-0618278728da" testName="Given_Nothing_When_EventReceiverGetsAConnectionStateChangedToDelayed_Then_NoEventIsSentToCloud" computerName="DKSR-EFI-06" duration="00:00:00.0021503" startTime="2024-01-09T15:41:08.4745553+01:00" endTime="2024-01-09T15:41:08.4779225+01:00" testType="13cdc9d9-ddb5-4fa4-a97d-d965ccfc6d4b" outcome="Passed" testListId="8c84fa94-04c1-424b-9868-57a2d4851a1d" relativeResultsDirectory="58ed7bae-098c-48f8-9845-9fa06f16a038" />
    <UnitTestResult executionId="0cab810e-f8d2-4ea7-aa98-a2d20549e1f0" testId="4f396190-d39c-0c63-5aaa-4d98c97bd1d8" testName="When_BatchingControllerRunning_AndNoEventsAreInQueue_WeNeverStartNewTasks" computerName="DKSR-EFI-06" duration="00:00:04.5342085" startTime="2024-01-09T15:40:56.6546134+01:00" endTime="2024-01-09T15:41:01.2147011+01:00" testType="13cdc9d9-ddb5-4fa4-a97d-d965ccfc6d4b" outcome="Passed" testListId="8c84fa94-04c1-424b-9868-57a2d4851a1d" relativeResultsDirectory="0cab810e-f8d2-4ea7-aa98-a2d20549e1f0" />
    <UnitTestResult executionId="19834d4f-486e-4cdb-984d-f6774b604740" testId="ca9a9552-e357-4e01-5f7e-3aa37925b64e" testName="Given_Nothing_When_EventReceiverGetsAConnectionStateChangedToOnline_Then_ItSendsCorrespondingEventToCloud" computerName="DKSR-EFI-06" duration="00:00:00.0058658" startTime="2024-01-09T15:41:08.4651364+01:00" endTime="2024-01-09T15:41:08.4712736+01:00" testType="13cdc9d9-ddb5-4fa4-a97d-d965ccfc6d4b" outcome="Passed" testListId="8c84fa94-04c1-424b-9868-57a2d4851a1d" relativeResultsDirectory="19834d4f-486e-4cdb-984d-f6774b604740" />
    <UnitTestResult executionId="97ce4653-76f2-4bc7-99a2-4ac67beb21b0" testId="201c4ed5-9200-0d77-bf79-5574c7412572" testName="Given_EventsReceived_When_GetRecentEvents_Then_TheReceivedEventsArereturned" computerName="DKSR-EFI-06" duration="00:00:00.0059269" startTime="2024-01-09T15:41:08.4572582+01:00" endTime="2024-01-09T15:41:08.4634634+01:00" testType="13cdc9d9-ddb5-4fa4-a97d-d965ccfc6d4b" outcome="Passed" testListId="8c84fa94-04c1-424b-9868-57a2d4851a1d" relativeResultsDirectory="97ce4653-76f2-4bc7-99a2-4ac67beb21b0" />
    <UnitTestResult executionId="98d7ce28-156b-4e48-8a41-5c2824345058" testId="90a66bee-bb8f-2ac7-1fb3-ba169ecd17de" testName="Given_Events_When_TranslateEvents_Then_ARequestIncludingTheCloudMessageIsReturned" computerName="DKSR-EFI-06" duration="00:00:00.0200009" startTime="2024-01-09T15:41:08.4343938+01:00" endTime="2024-01-09T15:41:08.4547787+01:00" testType="13cdc9d9-ddb5-4fa4-a97d-d965ccfc6d4b" outcome="Passed" testListId="8c84fa94-04c1-424b-9868-57a2d4851a1d" relativeResultsDirectory="98d7ce28-156b-4e48-8a41-5c2824345058" />
    <UnitTestResult executionId="3912bd5b-be92-4b11-abe9-aed4d910f76b" testId="89aeb9c4-3c73-8523-47d8-ff9eae863358" testName="Given_EmptyEventsList_When_TranslateEvents_Then_AnExceptionIsThrown" computerName="DKSR-EFI-06" duration="00:00:00.0020044" startTime="2024-01-09T15:41:08.4548583+01:00" endTime="2024-01-09T15:41:08.4570905+01:00" testType="13cdc9d9-ddb5-4fa4-a97d-d965ccfc6d4b" outcome="Passed" testListId="8c84fa94-04c1-424b-9868-57a2d4851a1d" relativeResultsDirectory="3912bd5b-be92-4b11-abe9-aed4d910f76b" />
  </Results>
  <TestDefinitions>
    <UnitTest name="When_BatchingControllerRunning_AndGetRecentEventsReturnsEventsOnlyOnce_WeOnlyWriteDebugLogOnce" storage="d:\actions-runner\_work\xpco\xpco\allsolutions\..\cloudconnector\binaries\videoos.cloudconnector.eventrouter.unittest\bin\debug\net6.0-windows\videoos.cloudconnector.eventrouter.unittest.dll" id="07fd4fbe-fdea-3c20-171e-9cea3b9a5da4">
      <Execution id="2462cfab-89f6-4f7c-b7c6-569f7d699c6b" />
      <TestMethod codeBase="D:\actions-runner\_work\XPCO\XPCO\AllSolutions\..\CloudConnector\Binaries\VideoOS.CloudConnector.EventRouter.UnitTest\bin\Debug\net6.0-windows\VideoOS.CloudConnector.EventRouter.UnitTest.dll" adapterTypeName="executor://mstestadapter/v2" className="VideoOS.CloudConnector.EventRouter.UnitTest.BatchingControllerTests" name="When_BatchingControllerRunning_AndGetRecentEventsReturnsEventsOnlyOnce_WeOnlyWriteDebugLogOnce" />
    </UnitTest>
    <UnitTest name="Given_EmptyEventsList_When_TranslateEvents_Then_AnExceptionIsThrown" storage="d:\actions-runner\_work\xpco\xpco\allsolutions\..\cloudconnector\binaries\videoos.cloudconnector.eventrouter.unittest\bin\debug\net6.0-windows\videoos.cloudconnector.eventrouter.unittest.dll" id="89aeb9c4-3c73-8523-47d8-ff9eae863358">
      <Execution id="3912bd5b-be92-4b11-abe9-aed4d910f76b" />
      <TestMethod codeBase="D:\actions-runner\_work\XPCO\XPCO\AllSolutions\..\CloudConnector\Binaries\VideoOS.CloudConnector.EventRouter.UnitTest\bin\Debug\net6.0-windows\VideoOS.CloudConnector.EventRouter.UnitTest.dll" adapterTypeName="executor://mstestadapter/v2" className="VideoOS.CloudConnector.EventRouter.UnitTest.CloudEventMessageTranslatorTests" name="Given_EmptyEventsList_When_TranslateEvents_Then_AnExceptionIsThrown" />
    </UnitTest>
    <UnitTest name="When_BatchingControllerRunning_AndGetRecentEventsReturnsEventsmultipleTimes_WeWriteDebugLogForAll" storage="d:\actions-runner\_work\xpco\xpco\allsolutions\..\cloudconnector\binaries\videoos.cloudconnector.eventrouter.unittest\bin\debug\net6.0-windows\videoos.cloudconnector.eventrouter.unittest.dll" id="a38f318c-38a4-d4a2-7cd6-89ce972230c4">
      <Execution id="c09e4e8c-8097-4dcc-b420-7776cfff52c4" />
      <TestMethod codeBase="D:\actions-runner\_work\XPCO\XPCO\AllSolutions\..\CloudConnector\Binaries\VideoOS.CloudConnector.EventRouter.UnitTest\bin\Debug\net6.0-windows\VideoOS.CloudConnector.EventRouter.UnitTest.dll" adapterTypeName="executor://mstestadapter/v2" className="VideoOS.CloudConnector.EventRouter.UnitTest.BatchingControllerTests" name="When_BatchingControllerRunning_AndGetRecentEventsReturnsEventsmultipleTimes_WeWriteDebugLogForAll" />
    </UnitTest>
    <UnitTest name="When_BatchingControllerRunning_AndNoEventsAreInQueue_WeNeverStartNewTasks" storage="d:\actions-runner\_work\xpco\xpco\allsolutions\..\cloudconnector\binaries\videoos.cloudconnector.eventrouter.unittest\bin\debug\net6.0-windows\videoos.cloudconnector.eventrouter.unittest.dll" id="4f396190-d39c-0c63-5aaa-4d98c97bd1d8">
      <Execution id="0cab810e-f8d2-4ea7-aa98-a2d20549e1f0" />
      <TestMethod codeBase="D:\actions-runner\_work\XPCO\XPCO\AllSolutions\..\CloudConnector\Binaries\VideoOS.CloudConnector.EventRouter.UnitTest\bin\Debug\net6.0-windows\VideoOS.CloudConnector.EventRouter.UnitTest.dll" adapterTypeName="executor://mstestadapter/v2" className="VideoOS.CloudConnector.EventRouter.UnitTest.BatchingControllerTests" name="When_BatchingControllerRunning_AndNoEventsAreInQueue_WeNeverStartNewTasks" />
    </UnitTest>
    <UnitTest name="Given_Events_When_TranslateEvents_Then_ARequestIncludingTheCloudMessageIsReturned" storage="d:\actions-runner\_work\xpco\xpco\allsolutions\..\cloudconnector\binaries\videoos.cloudconnector.eventrouter.unittest\bin\debug\net6.0-windows\videoos.cloudconnector.eventrouter.unittest.dll" id="90a66bee-bb8f-2ac7-1fb3-ba169ecd17de">
      <Execution id="98d7ce28-156b-4e48-8a41-5c2824345058" />
      <TestMethod codeBase="D:\actions-runner\_work\XPCO\XPCO\AllSolutions\..\CloudConnector\Binaries\VideoOS.CloudConnector.EventRouter.UnitTest\bin\Debug\net6.0-windows\VideoOS.CloudConnector.EventRouter.UnitTest.dll" adapterTypeName="executor://mstestadapter/v2" className="VideoOS.CloudConnector.EventRouter.UnitTest.CloudEventMessageTranslatorTests" name="Given_Events_When_TranslateEvents_Then_ARequestIncludingTheCloudMessageIsReturned" />
    </UnitTest>
    <UnitTest name="Given_Nothing_When_EventReceiverGetsAConnectionStateChangedToOnline_Then_ItSendsCorrespondingEventToCloud" storage="d:\actions-runner\_work\xpco\xpco\allsolutions\..\cloudconnector\binaries\videoos.cloudconnector.eventrouter.unittest\bin\debug\net6.0-windows\videoos.cloudconnector.eventrouter.unittest.dll" id="ca9a9552-e357-4e01-5f7e-3aa37925b64e">
      <Execution id="19834d4f-486e-4cdb-984d-f6774b604740" />
      <TestMethod codeBase="D:\actions-runner\_work\XPCO\XPCO\AllSolutions\..\CloudConnector\Binaries\VideoOS.CloudConnector.EventRouter.UnitTest\bin\Debug\net6.0-windows\VideoOS.CloudConnector.EventRouter.UnitTest.dll" adapterTypeName="executor://mstestadapter/v2" className="VideoOS.CloudConnector.EventRouter.UnitTest.EventReceiverTest" name="Given_Nothing_When_EventReceiverGetsAConnectionStateChangedToOnline_Then_ItSendsCorrespondingEventToCloud" />
    </UnitTest>
    <UnitTest name="Given_EventsReceived_When_GetRecentEvents_Then_TheReceivedEventsArereturned" storage="d:\actions-runner\_work\xpco\xpco\allsolutions\..\cloudconnector\binaries\videoos.cloudconnector.eventrouter.unittest\bin\debug\net6.0-windows\videoos.cloudconnector.eventrouter.unittest.dll" id="201c4ed5-9200-0d77-bf79-5574c7412572">
      <Execution id="97ce4653-76f2-4bc7-99a2-4ac67beb21b0" />
      <TestMethod codeBase="D:\actions-runner\_work\XPCO\XPCO\AllSolutions\..\CloudConnector\Binaries\VideoOS.CloudConnector.EventRouter.UnitTest\bin\Debug\net6.0-windows\VideoOS.CloudConnector.EventRouter.UnitTest.dll" adapterTypeName="executor://mstestadapter/v2" className="VideoOS.CloudConnector.EventRouter.UnitTest.EventQueueTests" name="Given_EventsReceived_When_GetRecentEvents_Then_TheReceivedEventsArereturned" />
    </UnitTest>
    <UnitTest name="Given_Nothing_When_EventReceiverGetsAConnectionStateChangedToDelayed_Then_NoEventIsSentToCloud" storage="d:\actions-runner\_work\xpco\xpco\allsolutions\..\cloudconnector\binaries\videoos.cloudconnector.eventrouter.unittest\bin\debug\net6.0-windows\videoos.cloudconnector.eventrouter.unittest.dll" id="43fe8736-af39-3d33-e0ff-0618278728da">
      <Execution id="58ed7bae-098c-48f8-9845-9fa06f16a038" />
      <TestMethod codeBase="D:\actions-runner\_work\XPCO\XPCO\AllSolutions\..\CloudConnector\Binaries\VideoOS.CloudConnector.EventRouter.UnitTest\bin\Debug\net6.0-windows\VideoOS.CloudConnector.EventRouter.UnitTest.dll" adapterTypeName="executor://mstestadapter/v2" className="VideoOS.CloudConnector.EventRouter.UnitTest.EventReceiverTest" name="Given_Nothing_When_EventReceiverGetsAConnectionStateChangedToDelayed_Then_NoEventIsSentToCloud" />
    </UnitTest>
    <UnitTest name="Given_Nothing_When_EventReceiverGetsAConnectionStateChangedToOffline_Then_ItSendsCorrespondingEventToCloud" storage="d:\actions-runner\_work\xpco\xpco\allsolutions\..\cloudconnector\binaries\videoos.cloudconnector.eventrouter.unittest\bin\debug\net6.0-windows\videoos.cloudconnector.eventrouter.unittest.dll" id="252f35f7-299e-7faf-1b71-f5f2d8e88afa">
      <Execution id="2ea60386-ee41-4b32-96ba-070531db8b2e" />
      <TestMethod codeBase="D:\actions-runner\_work\XPCO\XPCO\AllSolutions\..\CloudConnector\Binaries\VideoOS.CloudConnector.EventRouter.UnitTest\bin\Debug\net6.0-windows\VideoOS.CloudConnector.EventRouter.UnitTest.dll" adapterTypeName="executor://mstestadapter/v2" className="VideoOS.CloudConnector.EventRouter.UnitTest.EventReceiverTest" name="Given_Nothing_When_EventReceiverGetsAConnectionStateChangedToOffline_Then_ItSendsCorrespondingEventToCloud" />
    </UnitTest>
    <UnitTest name="Given_SomeEventsReceived_When_DiscardEvents_Then_NoEventsAreReturned" storage="d:\actions-runner\_work\xpco\xpco\allsolutions\..\cloudconnector\binaries\videoos.cloudconnector.eventrouter.unittest\bin\debug\net6.0-windows\videoos.cloudconnector.eventrouter.unittest.dll" id="4e43cfd6-fdc2-79df-0935-adb9c2e804cf">
      <Execution id="51da89f0-b046-45b6-a6e8-069122046f82" />
      <TestMethod codeBase="D:\actions-runner\_work\XPCO\XPCO\AllSolutions\..\CloudConnector\Binaries\VideoOS.CloudConnector.EventRouter.UnitTest\bin\Debug\net6.0-windows\VideoOS.CloudConnector.EventRouter.UnitTest.dll" adapterTypeName="executor://mstestadapter/v2" className="VideoOS.CloudConnector.EventRouter.UnitTest.EventQueueTests" name="Given_SomeEventsReceived_When_DiscardEvents_Then_NoEventsAreReturned" />
    </UnitTest>
  </TestDefinitions>
  <TestEntries>
    <TestEntry testId="a38f318c-38a4-d4a2-7cd6-89ce972230c4" executionId="c09e4e8c-8097-4dcc-b420-7776cfff52c4" testListId="8c84fa94-04c1-424b-9868-57a2d4851a1d" />
    <TestEntry testId="252f35f7-299e-7faf-1b71-f5f2d8e88afa" executionId="2ea60386-ee41-4b32-96ba-070531db8b2e" testListId="8c84fa94-04c1-424b-9868-57a2d4851a1d" />
    <TestEntry testId="07fd4fbe-fdea-3c20-171e-9cea3b9a5da4" executionId="2462cfab-89f6-4f7c-b7c6-569f7d699c6b" testListId="8c84fa94-04c1-424b-9868-57a2d4851a1d" />
    <TestEntry testId="4e43cfd6-fdc2-79df-0935-adb9c2e804cf" executionId="51da89f0-b046-45b6-a6e8-069122046f82" testListId="8c84fa94-04c1-424b-9868-57a2d4851a1d" />
    <TestEntry testId="43fe8736-af39-3d33-e0ff-0618278728da" executionId="58ed7bae-098c-48f8-9845-9fa06f16a038" testListId="8c84fa94-04c1-424b-9868-57a2d4851a1d" />
    <TestEntry testId="4f396190-d39c-0c63-5aaa-4d98c97bd1d8" executionId="0cab810e-f8d2-4ea7-aa98-a2d20549e1f0" testListId="8c84fa94-04c1-424b-9868-57a2d4851a1d" />
    <TestEntry testId="ca9a9552-e357-4e01-5f7e-3aa37925b64e" executionId="19834d4f-486e-4cdb-984d-f6774b604740" testListId="8c84fa94-04c1-424b-9868-57a2d4851a1d" />
    <TestEntry testId="201c4ed5-9200-0d77-bf79-5574c7412572" executionId="97ce4653-76f2-4bc7-99a2-4ac67beb21b0" testListId="8c84fa94-04c1-424b-9868-57a2d4851a1d" />
    <TestEntry testId="90a66bee-bb8f-2ac7-1fb3-ba169ecd17de" executionId="98d7ce28-156b-4e48-8a41-5c2824345058" testListId="8c84fa94-04c1-424b-9868-57a2d4851a1d" />
    <TestEntry testId="89aeb9c4-3c73-8523-47d8-ff9eae863358" executionId="3912bd5b-be92-4b11-abe9-aed4d910f76b" testListId="8c84fa94-04c1-424b-9868-57a2d4851a1d" />
  </TestEntries>
  <TestLists>
    <TestList name="Results Not in a List" id="8c84fa94-04c1-424b-9868-57a2d4851a1d" />
    <TestList name="All Loaded Results" id="19431567-8539-422a-85d7-44ee4e166bda" />
  </TestLists>
  <ResultSummary outcome="Completed">
    <Counters total="10" executed="10" passed="10" failed="0" error="0" timeout="0" aborted="0" inconclusive="0" passedButRunAborted="0" notRunnable="0" notExecuted="0" disconnected="0" warning="0" completed="0" inProgress="0" pending="0" />
  </ResultSummary>
</TestRun>