<?xml version="1.0" encoding="utf-8"?>
<TestRun id="01c92d27-2148-4eef-a4e5-931f4c102a6b" name="DKSR-EFI-06$@DKSR-EFI-06 2024-01-09 15:41:21" runUser="NT AUTHORITY\NETWORK SERVICE" xmlns="http://microsoft.com/schemas/VisualStudio/TeamTest/2010">
  <Times creation="2024-01-09T15:41:21.1225439+01:00" queuing="2024-01-09T15:41:21.1225439+01:00" start="2024-01-09T15:41:15.7631646+01:00" finish="2024-01-09T15:41:21.2162926+01:00" />
  <TestSettings name="default" id="e3e2013f-a5e2-4836-8202-4dd0d8162dee">
    <Deployment runDeploymentRoot="DKSR-EFI-06$_DKSR-EFI-06_2024-01-09_15_41_21" />
  </TestSettings>
  <Results>
    <UnitTestResult executionId="6b0e34c4-73b2-483d-81d0-a1529a32ce4a" testId="8049982c-b517-f453-3cd6-a953f602abdd" testName="Given_PeriodSetTo100mSec_When_CountingTicksOver1Sec_Then_ResultIsWithinTolerance" computerName="DKSR-EFI-06" startTime="2024-01-09T15:41:20.6001217+01:00" endTime="2024-01-09T15:41:20.6152244+01:00" testType="13cdc9d9-ddb5-4fa4-a97d-d965ccfc6d4b" outcome="NotExecuted" testListId="8c84fa94-04c1-424b-9868-57a2d4851a1d" relativeResultsDirectory="6b0e34c4-73b2-483d-81d0-a1529a32ce4a">
      <Output></Output>
    </UnitTestResult>
  </Results>
  <TestDefinitions>
    <UnitTest name="Given_PeriodSetTo100mSec_When_CountingTicksOver1Sec_Then_ResultIsWithinTolerance" storage="d:\actions-runner\_work\xpco\xpco\allsolutions\..\common\videoos.common.environmentservices\tst\videoos.common.environmentservices.unittest\bin\debug\net6.0-windows\videoos.common.environmentservices.unittest.dll" id="8049982c-b517-f453-3cd6-a953f602abdd">
      <Execution id="6b0e34c4-73b2-483d-81d0-a1529a32ce4a" />
      <TestMethod codeBase="D:\actions-runner\_work\XPCO\XPCO\AllSolutions\..\Common\VideoOS.Common.EnvironmentServices\tst\VideoOS.Common.EnvironmentServices.UnitTest\bin\Debug\net6.0-windows\VideoOS.Common.EnvironmentServices.UnitTest.dll" adapterTypeName="executor://mstestadapter/v2" className="VideoOS.Common.EnvironmentServices.UnitTest.PeriodicTimerTests" name="Given_PeriodSetTo100mSec_When_CountingTicksOver1Sec_Then_ResultIsWithinTolerance" />
    </UnitTest>
  </TestDefinitions>
  <TestEntries>
    <TestEntry testId="8049982c-b517-f453-3cd6-a953f602abdd" executionId="6b0e34c4-73b2-483d-81d0-a1529a32ce4a" testListId="8c84fa94-04c1-424b-9868-57a2d4851a1d" />
  </TestEntries>
  <TestLists>
    <TestList name="Results Not in a List" id="8c84fa94-04c1-424b-9868-57a2d4851a1d" />
    <TestList name="All Loaded Results" id="19431567-8539-422a-85d7-44ee4e166bda" />
  </TestLists>
  <ResultSummary outcome="Completed">
    <Counters total="1" executed="0" passed="0" failed="0" error="0" timeout="0" aborted="0" inconclusive="0" passedButRunAborted="0" notRunnable="0" notExecuted="0" disconnected="0" warning="0" completed="0" inProgress="0" pending="0" />
    <Output>
      <StdOut>Test 'Given_PeriodSetTo100mSec_When_CountingTicksOver1Sec_Then_ResultIsWithinTolerance' was skipped in the test run.&#xD;
</StdOut>
    </Output>
  </ResultSummary>
</TestRun>