<?xml version="1.0" encoding="utf-8"?>
<TestRun id="712a0082-8eca-4115-8f0b-3206b233fa21" name="DKSR-EFI-06$@DKSR-EFI-06 2024-01-09 15:41:05" runUser="NT AUTHORITY\NETWORK SERVICE" xmlns="http://microsoft.com/schemas/VisualStudio/TeamTest/2010">
  <Times creation="2024-01-09T15:41:05.7475159+01:00" queuing="2024-01-09T15:41:05.7475159+01:00" start="2024-01-09T15:41:03.6537567+01:00" finish="2024-01-09T15:41:05.9662670+01:00" />
  <TestSettings name="default" id="6f32b8dc-c1fb-4b41-bc9a-56c947e9f451">
    <Deployment runDeploymentRoot="DKSR-EFI-06$_DKSR-EFI-06_2024-01-09_15_41_05" />
  </TestSettings>
  <Results>
    <UnitTestResult executionId="e18c2c7d-6ca2-4540-9b9f-b970cd572835" testId="2708b57d-7de0-293b-4425-8b550d8806bc" testName="ReadXmlTestViewWithOneViewItemWithViewLayoutContainedinViewAndAnotherProperty" computerName="DKSR-EFI-06" duration="00:00:00.0006963" startTime="2024-01-09T15:41:05.7239920+01:00" endTime="2024-01-09T15:41:05.7247840+01:00" testType="13cdc9d9-ddb5-4fa4-a97d-d965ccfc6d4b" outcome="Passed" testListId="8c84fa94-04c1-424b-9868-57a2d4851a1d" relativeResultsDirectory="e18c2c7d-6ca2-4540-9b9f-b970cd572835" />
    <UnitTestResult executionId="30b5c4db-ec00-4666-b9cf-1d2fb13a66ca" testId="a37bd4b9-953d-bd2b-d932-7a0838cc96fb" testName="ChangeFieldsView" computerName="DKSR-EFI-06" duration="00:00:00.0036467" startTime="2024-01-09T15:41:05.7457263+01:00" endTime="2024-01-09T15:41:05.7495298+01:00" testType="13cdc9d9-ddb5-4fa4-a97d-d965ccfc6d4b" outcome="Passed" testListId="8c84fa94-04c1-424b-9868-57a2d4851a1d" relativeResultsDirectory="30b5c4db-ec00-4666-b9cf-1d2fb13a66ca" />
    <UnitTestResult executionId="9d780665-0750-4d38-b513-9e629fba94a4" testId="072a0155-2067-4e26-505a-6080b93bbe51" testName="WriteXmlTestCameraViewItemWithShortcut" computerName="DKSR-EFI-06" duration="00:00:00.0003094" startTime="2024-01-09T15:41:05.6811394+01:00" endTime="2024-01-09T15:41:05.6815423+01:00" testType="13cdc9d9-ddb5-4fa4-a97d-d965ccfc6d4b" outcome="Passed" testListId="8c84fa94-04c1-424b-9868-57a2d4851a1d" relativeResultsDirectory="9d780665-0750-4d38-b513-9e629fba94a4" />
    <UnitTestResult executionId="549e2efc-b5f9-4a9c-a79e-c7bc42112498" testId="5bb1cf2c-f20b-1b5a-ce23-f7e9f25d6c92" testName="WriteXmlTestEmpty" computerName="DKSR-EFI-06" duration="00:00:00.0002926" startTime="2024-01-09T15:41:05.6712932+01:00" endTime="2024-01-09T15:41:05.6717437+01:00" testType="13cdc9d9-ddb5-4fa4-a97d-d965ccfc6d4b" outcome="Passed" testListId="8c84fa94-04c1-424b-9868-57a2d4851a1d" relativeResultsDirectory="549e2efc-b5f9-4a9c-a79e-c7bc42112498" />
    <UnitTestResult executionId="2bd24126-5c12-45fe-bf9a-e4df82ce34d6" testId="0a1fbe88-0bd8-43a0-b44e-81bbdcbf3065" testName="ReadXmlTestViewWithTwoViewItem" computerName="DKSR-EFI-06" duration="00:00:00.0170196" startTime="2024-01-09T15:41:05.7285139+01:00" endTime="2024-01-09T15:41:05.7456561+01:00" testType="13cdc9d9-ddb5-4fa4-a97d-d965ccfc6d4b" outcome="Passed" testListId="8c84fa94-04c1-424b-9868-57a2d4851a1d" relativeResultsDirectory="2bd24126-5c12-45fe-bf9a-e4df82ce34d6" />
    <UnitTestResult executionId="d34143ed-7e3f-4b26-b2e1-e2cacd5c0450" testId="268e5f82-c5b3-c5f3-a6aa-2b49b901ccec" testName="WriteXmlTestOneViewAndOneNestedGroupWithOneViewWithOneNestedGroupWithOneView" computerName="DKSR-EFI-06" duration="00:00:00.0091458" startTime="2024-01-09T15:41:05.5907619+01:00" endTime="2024-01-09T15:41:05.6000389+01:00" testType="13cdc9d9-ddb5-4fa4-a97d-d965ccfc6d4b" outcome="Passed" testListId="8c84fa94-04c1-424b-9868-57a2d4851a1d" relativeResultsDirectory="d34143ed-7e3f-4b26-b2e1-e2cacd5c0450" />
    <UnitTestResult executionId="7366a0d0-3ccd-4e04-9a28-a645fde79370" testId="fad81d5e-2adf-c097-4760-3355bbf0ac94" testName="ReadXmlTestCameraViewItem" computerName="DKSR-EFI-06" duration="00:00:00.0003309" startTime="2024-01-09T15:41:05.6806919+01:00" endTime="2024-01-09T15:41:05.6811066+01:00" testType="13cdc9d9-ddb5-4fa4-a97d-d965ccfc6d4b" outcome="Passed" testListId="8c84fa94-04c1-424b-9868-57a2d4851a1d" relativeResultsDirectory="7366a0d0-3ccd-4e04-9a28-a645fde79370" />
    <UnitTestResult executionId="1944016f-22ab-49ed-8065-76b68d027026" testId="b6d71ab1-ac85-052f-e5bf-c13f776c4586" testName="ReadXmlTestMapViewITem" computerName="DKSR-EFI-06" duration="00:00:00.0003299" startTime="2024-01-09T15:41:05.6843498+01:00" endTime="2024-01-09T15:41:05.6847659+01:00" testType="13cdc9d9-ddb5-4fa4-a97d-d965ccfc6d4b" outcome="Passed" testListId="8c84fa94-04c1-424b-9868-57a2d4851a1d" relativeResultsDirectory="1944016f-22ab-49ed-8065-76b68d027026" />
    <UnitTestResult executionId="cc4332b4-a3f5-494c-a7b0-7ba7667adffe" testId="c40e0ee6-6a16-4ff7-a775-de7d92578ca2" testName="IsSameLayoutTest" computerName="DKSR-EFI-06" duration="00:00:00.0009555" startTime="2024-01-09T15:41:05.7106159+01:00" endTime="2024-01-09T15:41:05.7117946+01:00" testType="13cdc9d9-ddb5-4fa4-a97d-d965ccfc6d4b" outcome="Passed" testListId="8c84fa94-04c1-424b-9868-57a2d4851a1d" relativeResultsDirectory="cc4332b4-a3f5-494c-a7b0-7ba7667adffe" />
    <UnitTestResult executionId="c7dcae20-4367-4fa6-926c-3f20fe510ce2" testId="fc69b98d-1432-a585-898a-e551e33ccd0a" testName="ReadXmlTest" computerName="DKSR-EFI-06" duration="00:00:00.0063603" startTime="2024-01-09T15:41:05.6143668+01:00" endTime="2024-01-09T15:41:05.6209528+01:00" testType="13cdc9d9-ddb5-4fa4-a97d-d965ccfc6d4b" outcome="Passed" testListId="8c84fa94-04c1-424b-9868-57a2d4851a1d" relativeResultsDirectory="c7dcae20-4367-4fa6-926c-3f20fe510ce2" />
    <UnitTestResult executionId="d6bd5365-3ca5-4d5c-a63d-2030ba23064f" testId="69ed9260-d33e-73af-f6b9-cc90e0f84e0c" testName="WriteXmlTestTwoViews" computerName="DKSR-EFI-06" duration="00:00:00.0072567" startTime="2024-01-09T15:41:05.5770532+01:00" endTime="2024-01-09T15:41:05.5844668+01:00" testType="13cdc9d9-ddb5-4fa4-a97d-d965ccfc6d4b" outcome="Passed" testListId="8c84fa94-04c1-424b-9868-57a2d4851a1d" relativeResultsDirectory="d6bd5365-3ca5-4d5c-a63d-2030ba23064f" />
    <UnitTestResult executionId="c29f9ec0-8fb8-43fd-8bd4-d8f949b31f0b" testId="3009834f-48c5-93b1-1975-6c9fdd4c9c1e" testName="WriteXmlFragmentTest" computerName="DKSR-EFI-06" duration="00:00:00.0006310" startTime="2024-01-09T15:41:05.6134462+01:00" endTime="2024-01-09T15:41:05.6143309+01:00" testType="13cdc9d9-ddb5-4fa4-a97d-d965ccfc6d4b" outcome="Passed" testListId="8c84fa94-04c1-424b-9868-57a2d4851a1d" relativeResultsDirectory="c29f9ec0-8fb8-43fd-8bd4-d8f949b31f0b" />
    <UnitTestResult executionId="3ba8e3c3-4af3-4425-81ce-3787f076f5ab" testId="16fde1ad-cd75-eb22-7e0e-f572cf191b53" testName="WriteXmlTestOneViewAndOneNestedGroupWithOneView" computerName="DKSR-EFI-06" duration="00:00:00.0060251" startTime="2024-01-09T15:41:05.5845317+01:00" endTime="2024-01-09T15:41:05.5907010+01:00" testType="13cdc9d9-ddb5-4fa4-a97d-d965ccfc6d4b" outcome="Passed" testListId="8c84fa94-04c1-424b-9868-57a2d4851a1d" relativeResultsDirectory="3ba8e3c3-4af3-4425-81ce-3787f076f5ab" />
    <UnitTestResult executionId="41126d35-c0d3-4f03-9175-7576dd6cf6dd" testId="2126a02f-3adf-bded-79eb-a1be5f77bb99" testName="WriteXmlTestWithTwoViewItem" computerName="DKSR-EFI-06" duration="00:00:00.0034999" startTime="2024-01-09T15:41:05.7248713+01:00" endTime="2024-01-09T15:41:05.7284677+01:00" testType="13cdc9d9-ddb5-4fa4-a97d-d965ccfc6d4b" outcome="Passed" testListId="8c84fa94-04c1-424b-9868-57a2d4851a1d" relativeResultsDirectory="41126d35-c0d3-4f03-9175-7576dd6cf6dd" />
    <UnitTestResult executionId="8abd192f-fd0e-4aad-8219-4f46f19eda4a" testId="b334c523-2d5d-ac16-82f9-b0b6ae259d48" testName="WriteXmlTestEmpty" computerName="DKSR-EFI-06" duration="00:00:00.0322408" startTime="2024-01-09T15:41:05.3915064+01:00" endTime="2024-01-09T15:41:05.4622039+01:00" testType="13cdc9d9-ddb5-4fa4-a97d-d965ccfc6d4b" outcome="Passed" testListId="8c84fa94-04c1-424b-9868-57a2d4851a1d" relativeResultsDirectory="8abd192f-fd0e-4aad-8219-4f46f19eda4a" />
    <UnitTestResult executionId="b8ecdc2f-0279-4c73-8420-69729316c0e5" testId="1cf66abb-96fb-35be-8990-de671f5387ef" testName="IsSameLayoutTestDifferentLayoutSameCountOfItems" computerName="DKSR-EFI-06" duration="00:00:00.0003492" startTime="2024-01-09T15:41:05.7124337+01:00" endTime="2024-01-09T15:41:05.7128763+01:00" testType="13cdc9d9-ddb5-4fa4-a97d-d965ccfc6d4b" outcome="Passed" testListId="8c84fa94-04c1-424b-9868-57a2d4851a1d" relativeResultsDirectory="b8ecdc2f-0279-4c73-8420-69729316c0e5" />
    <UnitTestResult executionId="f2e76539-ab44-42e3-99d2-2da3474bca12" testId="ca10539f-71a4-72f7-aa53-9bf064ce6ecc" testName="WriteXmlFragmentTest" computerName="DKSR-EFI-06" duration="00:00:00.0005637" startTime="2024-01-09T15:41:05.7098645+01:00" endTime="2024-01-09T15:41:05.7105687+01:00" testType="13cdc9d9-ddb5-4fa4-a97d-d965ccfc6d4b" outcome="Passed" testListId="8c84fa94-04c1-424b-9868-57a2d4851a1d" relativeResultsDirectory="f2e76539-ab44-42e3-99d2-2da3474bca12" />
    <UnitTestResult executionId="895d383c-916b-4e20-93d3-24729decbb57" testId="83aff7c1-40bd-24c4-b3c9-d698a20cc72f" testName="WriteXmlTestWithOneViewItem" computerName="DKSR-EFI-06" duration="00:00:00.0034926" startTime="2024-01-09T15:41:05.7133828+01:00" endTime="2024-01-09T15:41:05.7170877+01:00" testType="13cdc9d9-ddb5-4fa4-a97d-d965ccfc6d4b" outcome="Passed" testListId="8c84fa94-04c1-424b-9868-57a2d4851a1d" relativeResultsDirectory="895d383c-916b-4e20-93d3-24729decbb57" />
    <UnitTestResult executionId="c3fb5004-0c96-4885-b774-0a345294fa14" testId="c74185ea-3349-d3ea-9b83-50b171af2003" testName="IsSameLayoutTestDifferentLayoutSameCountOfItemsAndSameName" computerName="DKSR-EFI-06" duration="00:00:00.0003453" startTime="2024-01-09T15:41:05.7129158+01:00" endTime="2024-01-09T15:41:05.7133459+01:00" testType="13cdc9d9-ddb5-4fa4-a97d-d965ccfc6d4b" outcome="Passed" testListId="8c84fa94-04c1-424b-9868-57a2d4851a1d" relativeResultsDirectory="c3fb5004-0c96-4885-b774-0a345294fa14" />
    <UnitTestResult executionId="f7aa839e-f596-47c5-af99-1e88743be79f" testId="34643078-7b2a-e2cc-a1a6-dacb454bf4c9" testName="ReadXmlTest" computerName="DKSR-EFI-06" duration="00:00:00.0122938" startTime="2024-01-09T15:41:05.6001017+01:00" endTime="2024-01-09T15:41:05.6125369+01:00" testType="13cdc9d9-ddb5-4fa4-a97d-d965ccfc6d4b" outcome="Passed" testListId="8c84fa94-04c1-424b-9868-57a2d4851a1d" relativeResultsDirectory="f7aa839e-f596-47c5-af99-1e88743be79f" />
    <UnitTestResult executionId="708b48fd-db70-44c6-af96-8e995297d6c8" testId="4b9d9f0c-9b38-1d13-6714-cb28bca714c3" testName="IsSameLayoutTestDifferentLayout" computerName="DKSR-EFI-06" duration="00:00:00.0004652" startTime="2024-01-09T15:41:05.7118325+01:00" endTime="2024-01-09T15:41:05.7124001+01:00" testType="13cdc9d9-ddb5-4fa4-a97d-d965ccfc6d4b" outcome="Passed" testListId="8c84fa94-04c1-424b-9868-57a2d4851a1d" relativeResultsDirectory="708b48fd-db70-44c6-af96-8e995297d6c8" />
    <UnitTestResult executionId="4fd68b53-ab69-4727-82ca-ab265b486ca2" testId="97c3bf20-eaec-0b2a-c667-7fc82e5472b8" testName="WriteXmlTestEmptyViewItem" computerName="DKSR-EFI-06" duration="00:00:00.0003943" startTime="2024-01-09T15:41:05.6790731+01:00" endTime="2024-01-09T15:41:05.6797097+01:00" testType="13cdc9d9-ddb5-4fa4-a97d-d965ccfc6d4b" outcome="Passed" testListId="8c84fa94-04c1-424b-9868-57a2d4851a1d" relativeResultsDirectory="4fd68b53-ab69-4727-82ca-ab265b486ca2" />
    <UnitTestResult executionId="b2f55fdb-8563-4e24-bc90-b1c3aef2c4f8" testId="4ccb33bc-104d-4019-2a41-182f5f4aa6af" testName="WriteXmlTestOneView" computerName="DKSR-EFI-06" duration="00:00:00.1050128" startTime="2024-01-09T15:41:05.4717208+01:00" endTime="2024-01-09T15:41:05.5769539+01:00" testType="13cdc9d9-ddb5-4fa4-a97d-d965ccfc6d4b" outcome="Passed" testListId="8c84fa94-04c1-424b-9868-57a2d4851a1d" relativeResultsDirectory="b2f55fdb-8563-4e24-bc90-b1c3aef2c4f8" />
    <UnitTestResult executionId="123092aa-6b08-4660-b178-1940ad167bd8" testId="fa5a1cc8-9f51-6c04-e70e-f5fc9395a4f9" testName="ReadXmlTestViewWithOneViewItem" computerName="DKSR-EFI-06" duration="00:00:00.0050649" startTime="2024-01-09T15:41:05.7180443+01:00" endTime="2024-01-09T15:41:05.7232235+01:00" testType="13cdc9d9-ddb5-4fa4-a97d-d965ccfc6d4b" outcome="Passed" testListId="8c84fa94-04c1-424b-9868-57a2d4851a1d" relativeResultsDirectory="123092aa-6b08-4660-b178-1940ad167bd8" />
    <UnitTestResult executionId="51aad095-174b-4e26-a16d-41642500197b" testId="3c2f10f1-41c2-34a7-f428-69f8e1f2ef71" testName="WriteXmlFragmentTest" computerName="DKSR-EFI-06" duration="00:00:00.0004832" startTime="2024-01-09T15:41:05.6784321+01:00" endTime="2024-01-09T15:41:05.6790343+01:00" testType="13cdc9d9-ddb5-4fa4-a97d-d965ccfc6d4b" outcome="Passed" testListId="8c84fa94-04c1-424b-9868-57a2d4851a1d" relativeResultsDirectory="51aad095-174b-4e26-a16d-41642500197b" />
    <UnitTestResult executionId="d04bf2cc-5e01-48dc-a89a-7829ce161508" testId="836e1af9-5246-a6cd-ab14-64ff798f6575" testName="WriteXmlFragmentTest" computerName="DKSR-EFI-06" duration="00:00:00.0034802" startTime="2024-01-09T15:41:05.7496008+01:00" endTime="2024-01-09T15:41:05.7542135+01:00" testType="13cdc9d9-ddb5-4fa4-a97d-d965ccfc6d4b" outcome="Passed" testListId="8c84fa94-04c1-424b-9868-57a2d4851a1d" relativeResultsDirectory="d04bf2cc-5e01-48dc-a89a-7829ce161508" />
    <UnitTestResult executionId="d8eaf142-f8bf-4075-a16e-2d0a8f109a7f" testId="ed1a813c-420a-dd3d-bb95-7b96443bfe6d" testName="WriteXmlTestCameraViewItem" computerName="DKSR-EFI-06" duration="00:00:00.0003130" startTime="2024-01-09T15:41:05.6802569+01:00" endTime="2024-01-09T15:41:05.6806587+01:00" testType="13cdc9d9-ddb5-4fa4-a97d-d965ccfc6d4b" outcome="Passed" testListId="8c84fa94-04c1-424b-9868-57a2d4851a1d" relativeResultsDirectory="d8eaf142-f8bf-4075-a16e-2d0a8f109a7f" />
    <UnitTestResult executionId="62f80a2d-2160-475e-8990-720a71b99d02" testId="fc44350a-c6bd-b1dd-a585-1b82a48d88a3" testName="WriteXmlTestMapViewITem" computerName="DKSR-EFI-06" duration="00:00:00.0003091" startTime="2024-01-09T15:41:05.6839015+01:00" endTime="2024-01-09T15:41:05.6843100+01:00" testType="13cdc9d9-ddb5-4fa4-a97d-d965ccfc6d4b" outcome="Passed" testListId="8c84fa94-04c1-424b-9868-57a2d4851a1d" relativeResultsDirectory="62f80a2d-2160-475e-8990-720a71b99d02" />
    <UnitTestResult executionId="980ab87b-99a1-46cb-a272-6f816e2884cb" testId="e386cf20-46f8-cfc9-41f3-6aa32c9d9d3f" testName="ReadXmlTestDifferentViewItemInformationThanUsedTo" computerName="DKSR-EFI-06" duration="00:00:00.0005995" startTime="2024-01-09T15:41:05.6125995+01:00" endTime="2024-01-09T15:41:05.6134038+01:00" testType="13cdc9d9-ddb5-4fa4-a97d-d965ccfc6d4b" outcome="Passed" testListId="8c84fa94-04c1-424b-9868-57a2d4851a1d" relativeResultsDirectory="980ab87b-99a1-46cb-a272-6f816e2884cb" />
    <UnitTestResult executionId="5ff9645f-c7c4-4c3d-8f95-186b6ea5c3e0" testId="c3df5bd9-b673-55a1-143d-75dae05920a2" testName="ChangeFieldsViewItem" computerName="DKSR-EFI-06" duration="00:00:00.0248656" startTime="2024-01-09T15:41:05.6848053+01:00" endTime="2024-01-09T15:41:05.7097857+01:00" testType="13cdc9d9-ddb5-4fa4-a97d-d965ccfc6d4b" outcome="Passed" testListId="8c84fa94-04c1-424b-9868-57a2d4851a1d" relativeResultsDirectory="5ff9645f-c7c4-4c3d-8f95-186b6ea5c3e0" />
    <UnitTestResult executionId="465be3b1-26b7-4696-8ef2-2fbbcdb2d954" testId="444003b6-f4d4-b6de-f730-9221151619de" testName="ReadXmlTestCameraViewItemWithShortcut" computerName="DKSR-EFI-06" duration="00:00:00.0003560" startTime="2024-01-09T15:41:05.6815810+01:00" endTime="2024-01-09T15:41:05.6820210+01:00" testType="13cdc9d9-ddb5-4fa4-a97d-d965ccfc6d4b" outcome="Passed" testListId="8c84fa94-04c1-424b-9868-57a2d4851a1d" relativeResultsDirectory="465be3b1-26b7-4696-8ef2-2fbbcdb2d954" />
    <UnitTestResult executionId="58896857-a396-4da6-8d1e-3bd0bc65c4d5" testId="b34854e0-fe8f-c5d3-14fa-ce5f50885cac" testName="ReadXmlTestViewWithOneViewItemWithViewLayoutContainedinView" computerName="DKSR-EFI-06" duration="00:00:00.0005754" startTime="2024-01-09T15:41:05.7232706+01:00" endTime="2024-01-09T15:41:05.7239533+01:00" testType="13cdc9d9-ddb5-4fa4-a97d-d965ccfc6d4b" outcome="Passed" testListId="8c84fa94-04c1-424b-9868-57a2d4851a1d" relativeResultsDirectory="58896857-a396-4da6-8d1e-3bd0bc65c4d5" />
    <UnitTestResult executionId="67ed646c-b3bc-4a57-bf8c-88b09b88b701" testId="45c9ddbc-d572-204b-1719-58d0ef915a96" testName="WriteXmlTestOneGroupWithTwoViews" computerName="DKSR-EFI-06" duration="00:00:00.0064715" startTime="2024-01-09T15:41:05.6718049+01:00" endTime="2024-01-09T15:41:05.6783782+01:00" testType="13cdc9d9-ddb5-4fa4-a97d-d965ccfc6d4b" outcome="Passed" testListId="8c84fa94-04c1-424b-9868-57a2d4851a1d" relativeResultsDirectory="67ed646c-b3bc-4a57-bf8c-88b09b88b701" />
    <UnitTestResult executionId="a05017ec-b8c9-42c1-b225-2d7ba6b717b7" testId="ac0e059c-7636-36c4-78e0-2ee68dba2aae" testName="ReadXmlTestEmptyViewItem" computerName="DKSR-EFI-06" duration="00:00:00.0003776" startTime="2024-01-09T15:41:05.6797458+01:00" endTime="2024-01-09T15:41:05.6802118+01:00" testType="13cdc9d9-ddb5-4fa4-a97d-d965ccfc6d4b" outcome="Passed" testListId="8c84fa94-04c1-424b-9868-57a2d4851a1d" relativeResultsDirectory="a05017ec-b8c9-42c1-b225-2d7ba6b717b7" />
  </Results>
  <TestDefinitions>
    <UnitTest name="IsSameLayoutTest" storage="d:\actions-runner\_work\xpco\xpco\allsolutions\..\common\sc_sharedcomponent\components\dotnet\videoos.remoteclient.data\unittest\bin\debug\net6.0-windows\videoos.remoteclient.data.unittest.dll" id="c40e0ee6-6a16-4ff7-a775-de7d92578ca2">
      <Execution id="cc4332b4-a3f5-494c-a7b0-7ba7667adffe" />
      <TestMethod codeBase="D:\actions-runner\_work\XPCO\XPCO\AllSolutions\..\Common\SC_SharedComponent\Components\dotNet\VideoOS.RemoteClient.Data\unittest\bin\Debug\net6.0-windows\VideoOS.RemoteClient.Data.UnitTest.dll" adapterTypeName="executor://mstestadapter/v2" className="VideoOS.RemoteClient.Data.UnitTest.ViewLayoutTest" name="IsSameLayoutTest" />
    </UnitTest>
    <UnitTest name="ReadXmlTestMapViewITem" storage="d:\actions-runner\_work\xpco\xpco\allsolutions\..\common\sc_sharedcomponent\components\dotnet\videoos.remoteclient.data\unittest\bin\debug\net6.0-windows\videoos.remoteclient.data.unittest.dll" id="b6d71ab1-ac85-052f-e5bf-c13f776c4586">
      <Execution id="1944016f-22ab-49ed-8065-76b68d027026" />
      <TestMethod codeBase="D:\actions-runner\_work\XPCO\XPCO\AllSolutions\..\Common\SC_SharedComponent\Components\dotNet\VideoOS.RemoteClient.Data\unittest\bin\Debug\net6.0-windows\VideoOS.RemoteClient.Data.UnitTest.dll" adapterTypeName="executor://mstestadapter/v2" className="VideoOS.RemoteClient.Data.UnitTest.ViewItemTest" name="ReadXmlTestMapViewITem" />
    </UnitTest>
    <UnitTest name="WriteXmlTestCameraViewItem" storage="d:\actions-runner\_work\xpco\xpco\allsolutions\..\common\sc_sharedcomponent\components\dotnet\videoos.remoteclient.data\unittest\bin\debug\net6.0-windows\videoos.remoteclient.data.unittest.dll" id="ed1a813c-420a-dd3d-bb95-7b96443bfe6d">
      <Execution id="d8eaf142-f8bf-4075-a16e-2d0a8f109a7f" />
      <TestMethod codeBase="D:\actions-runner\_work\XPCO\XPCO\AllSolutions\..\Common\SC_SharedComponent\Components\dotNet\VideoOS.RemoteClient.Data\unittest\bin\Debug\net6.0-windows\VideoOS.RemoteClient.Data.UnitTest.dll" adapterTypeName="executor://mstestadapter/v2" className="VideoOS.RemoteClient.Data.UnitTest.ViewItemTest" name="WriteXmlTestCameraViewItem" />
    </UnitTest>
    <UnitTest name="ChangeFieldsView" storage="d:\actions-runner\_work\xpco\xpco\allsolutions\..\common\sc_sharedcomponent\components\dotnet\videoos.remoteclient.data\unittest\bin\debug\net6.0-windows\videoos.remoteclient.data.unittest.dll" id="a37bd4b9-953d-bd2b-d932-7a0838cc96fb">
      <Execution id="30b5c4db-ec00-4666-b9cf-1d2fb13a66ca" />
      <TestMethod codeBase="D:\actions-runner\_work\XPCO\XPCO\AllSolutions\..\Common\SC_SharedComponent\Components\dotNet\VideoOS.RemoteClient.Data\unittest\bin\Debug\net6.0-windows\VideoOS.RemoteClient.Data.UnitTest.dll" adapterTypeName="executor://mstestadapter/v2" className="VideoOS.RemoteClient.Data.UnitTest.ViewTest" name="ChangeFieldsView" />
    </UnitTest>
    <UnitTest name="WriteXmlFragmentTest" storage="d:\actions-runner\_work\xpco\xpco\allsolutions\..\common\sc_sharedcomponent\components\dotnet\videoos.remoteclient.data\unittest\bin\debug\net6.0-windows\videoos.remoteclient.data.unittest.dll" id="ca10539f-71a4-72f7-aa53-9bf064ce6ecc">
      <Execution id="f2e76539-ab44-42e3-99d2-2da3474bca12" />
      <TestMethod codeBase="D:\actions-runner\_work\XPCO\XPCO\AllSolutions\..\Common\SC_SharedComponent\Components\dotNet\VideoOS.RemoteClient.Data\unittest\bin\Debug\net6.0-windows\VideoOS.RemoteClient.Data.UnitTest.dll" adapterTypeName="executor://mstestadapter/v2" className="VideoOS.RemoteClient.Data.UnitTest.ViewItemTest" name="WriteXmlFragmentTest" />
    </UnitTest>
    <UnitTest name="WriteXmlTestOneGroupWithTwoViews" storage="d:\actions-runner\_work\xpco\xpco\allsolutions\..\common\sc_sharedcomponent\components\dotnet\videoos.remoteclient.data\unittest\bin\debug\net6.0-windows\videoos.remoteclient.data.unittest.dll" id="45c9ddbc-d572-204b-1719-58d0ef915a96">
      <Execution id="67ed646c-b3bc-4a57-bf8c-88b09b88b701" />
      <TestMethod codeBase="D:\actions-runner\_work\XPCO\XPCO\AllSolutions\..\Common\SC_SharedComponent\Components\dotNet\VideoOS.RemoteClient.Data\unittest\bin\Debug\net6.0-windows\VideoOS.RemoteClient.Data.UnitTest.dll" adapterTypeName="executor://mstestadapter/v2" className="VideoOS.RemoteClient.Data.UnitTest.ViewGroupTest" name="WriteXmlTestOneGroupWithTwoViews" />
    </UnitTest>
    <UnitTest name="WriteXmlFragmentTest" storage="d:\actions-runner\_work\xpco\xpco\allsolutions\..\common\sc_sharedcomponent\components\dotnet\videoos.remoteclient.data\unittest\bin\debug\net6.0-windows\videoos.remoteclient.data.unittest.dll" id="3009834f-48c5-93b1-1975-6c9fdd4c9c1e">
      <Execution id="c29f9ec0-8fb8-43fd-8bd4-d8f949b31f0b" />
      <TestMethod codeBase="D:\actions-runner\_work\XPCO\XPCO\AllSolutions\..\Common\SC_SharedComponent\Components\dotNet\VideoOS.RemoteClient.Data\unittest\bin\Debug\net6.0-windows\VideoOS.RemoteClient.Data.UnitTest.dll" adapterTypeName="executor://mstestadapter/v2" className="VideoOS.RemoteClient.Data.UnitTest.GroupTest" name="WriteXmlFragmentTest" />
    </UnitTest>
    <UnitTest name="ReadXmlTestEmptyViewItem" storage="d:\actions-runner\_work\xpco\xpco\allsolutions\..\common\sc_sharedcomponent\components\dotnet\videoos.remoteclient.data\unittest\bin\debug\net6.0-windows\videoos.remoteclient.data.unittest.dll" id="ac0e059c-7636-36c4-78e0-2ee68dba2aae">
      <Execution id="a05017ec-b8c9-42c1-b225-2d7ba6b717b7" />
      <TestMethod codeBase="D:\actions-runner\_work\XPCO\XPCO\AllSolutions\..\Common\SC_SharedComponent\Components\dotNet\VideoOS.RemoteClient.Data\unittest\bin\Debug\net6.0-windows\VideoOS.RemoteClient.Data.UnitTest.dll" adapterTypeName="executor://mstestadapter/v2" className="VideoOS.RemoteClient.Data.UnitTest.ViewItemTest" name="ReadXmlTestEmptyViewItem" />
    </UnitTest>
    <UnitTest name="WriteXmlTestMapViewITem" storage="d:\actions-runner\_work\xpco\xpco\allsolutions\..\common\sc_sharedcomponent\components\dotnet\videoos.remoteclient.data\unittest\bin\debug\net6.0-windows\videoos.remoteclient.data.unittest.dll" id="fc44350a-c6bd-b1dd-a585-1b82a48d88a3">
      <Execution id="62f80a2d-2160-475e-8990-720a71b99d02" />
      <TestMethod codeBase="D:\actions-runner\_work\XPCO\XPCO\AllSolutions\..\Common\SC_SharedComponent\Components\dotNet\VideoOS.RemoteClient.Data\unittest\bin\Debug\net6.0-windows\VideoOS.RemoteClient.Data.UnitTest.dll" adapterTypeName="executor://mstestadapter/v2" className="VideoOS.RemoteClient.Data.UnitTest.ViewItemTest" name="WriteXmlTestMapViewITem" />
    </UnitTest>
    <UnitTest name="IsSameLayoutTestDifferentLayout" storage="d:\actions-runner\_work\xpco\xpco\allsolutions\..\common\sc_sharedcomponent\components\dotnet\videoos.remoteclient.data\unittest\bin\debug\net6.0-windows\videoos.remoteclient.data.unittest.dll" id="4b9d9f0c-9b38-1d13-6714-cb28bca714c3">
      <Execution id="708b48fd-db70-44c6-af96-8e995297d6c8" />
      <TestMethod codeBase="D:\actions-runner\_work\XPCO\XPCO\AllSolutions\..\Common\SC_SharedComponent\Components\dotNet\VideoOS.RemoteClient.Data\unittest\bin\Debug\net6.0-windows\VideoOS.RemoteClient.Data.UnitTest.dll" adapterTypeName="executor://mstestadapter/v2" className="VideoOS.RemoteClient.Data.UnitTest.ViewLayoutTest" name="IsSameLayoutTestDifferentLayout" />
    </UnitTest>
    <UnitTest name="ReadXmlTest" storage="d:\actions-runner\_work\xpco\xpco\allsolutions\..\common\sc_sharedcomponent\components\dotnet\videoos.remoteclient.data\unittest\bin\debug\net6.0-windows\videoos.remoteclient.data.unittest.dll" id="34643078-7b2a-e2cc-a1a6-dacb454bf4c9">
      <Execution id="f7aa839e-f596-47c5-af99-1e88743be79f" />
      <TestMethod codeBase="D:\actions-runner\_work\XPCO\XPCO\AllSolutions\..\Common\SC_SharedComponent\Components\dotNet\VideoOS.RemoteClient.Data\unittest\bin\Debug\net6.0-windows\VideoOS.RemoteClient.Data.UnitTest.dll" adapterTypeName="executor://mstestadapter/v2" className="VideoOS.RemoteClient.Data.UnitTest.GroupTest" name="ReadXmlTest" />
    </UnitTest>
    <UnitTest name="ReadXmlTest" storage="d:\actions-runner\_work\xpco\xpco\allsolutions\..\common\sc_sharedcomponent\components\dotnet\videoos.remoteclient.data\unittest\bin\debug\net6.0-windows\videoos.remoteclient.data.unittest.dll" id="fc69b98d-1432-a585-898a-e551e33ccd0a">
      <Execution id="c7dcae20-4367-4fa6-926c-3f20fe510ce2" />
      <TestMethod codeBase="D:\actions-runner\_work\XPCO\XPCO\AllSolutions\..\Common\SC_SharedComponent\Components\dotNet\VideoOS.RemoteClient.Data\unittest\bin\Debug\net6.0-windows\VideoOS.RemoteClient.Data.UnitTest.dll" adapterTypeName="executor://mstestadapter/v2" className="VideoOS.RemoteClient.Data.UnitTest.ViewGroupTest" name="ReadXmlTest" />
    </UnitTest>
    <UnitTest name="WriteXmlFragmentTest" storage="d:\actions-runner\_work\xpco\xpco\allsolutions\..\common\sc_sharedcomponent\components\dotnet\videoos.remoteclient.data\unittest\bin\debug\net6.0-windows\videoos.remoteclient.data.unittest.dll" id="836e1af9-5246-a6cd-ab14-64ff798f6575">
      <Execution id="d04bf2cc-5e01-48dc-a89a-7829ce161508" />
      <TestMethod codeBase="D:\actions-runner\_work\XPCO\XPCO\AllSolutions\..\Common\SC_SharedComponent\Components\dotNet\VideoOS.RemoteClient.Data\unittest\bin\Debug\net6.0-windows\VideoOS.RemoteClient.Data.UnitTest.dll" adapterTypeName="executor://mstestadapter/v2" className="VideoOS.RemoteClient.Data.UnitTest.ViewTest" name="WriteXmlFragmentTest" />
    </UnitTest>
    <UnitTest name="ReadXmlTestViewWithOneViewItemWithViewLayoutContainedinViewAndAnotherProperty" storage="d:\actions-runner\_work\xpco\xpco\allsolutions\..\common\sc_sharedcomponent\components\dotnet\videoos.remoteclient.data\unittest\bin\debug\net6.0-windows\videoos.remoteclient.data.unittest.dll" id="2708b57d-7de0-293b-4425-8b550d8806bc">
      <Execution id="e18c2c7d-6ca2-4540-9b9f-b970cd572835" />
      <TestMethod codeBase="D:\actions-runner\_work\XPCO\XPCO\AllSolutions\..\Common\SC_SharedComponent\Components\dotNet\VideoOS.RemoteClient.Data\unittest\bin\Debug\net6.0-windows\VideoOS.RemoteClient.Data.UnitTest.dll" adapterTypeName="executor://mstestadapter/v2" className="VideoOS.RemoteClient.Data.UnitTest.ViewTest" name="ReadXmlTestViewWithOneViewItemWithViewLayoutContainedinViewAndAnotherProperty" />
    </UnitTest>
    <UnitTest name="WriteXmlTestEmpty" storage="d:\actions-runner\_work\xpco\xpco\allsolutions\..\common\sc_sharedcomponent\components\dotnet\videoos.remoteclient.data\unittest\bin\debug\net6.0-windows\videoos.remoteclient.data.unittest.dll" id="b334c523-2d5d-ac16-82f9-b0b6ae259d48">
      <Execution id="8abd192f-fd0e-4aad-8219-4f46f19eda4a" />
      <TestMethod codeBase="D:\actions-runner\_work\XPCO\XPCO\AllSolutions\..\Common\SC_SharedComponent\Components\dotNet\VideoOS.RemoteClient.Data\unittest\bin\Debug\net6.0-windows\VideoOS.RemoteClient.Data.UnitTest.dll" adapterTypeName="executor://mstestadapter/v2" className="VideoOS.RemoteClient.Data.UnitTest.GroupTest" name="WriteXmlTestEmpty" />
    </UnitTest>
    <UnitTest name="IsSameLayoutTestDifferentLayoutSameCountOfItemsAndSameName" storage="d:\actions-runner\_work\xpco\xpco\allsolutions\..\common\sc_sharedcomponent\components\dotnet\videoos.remoteclient.data\unittest\bin\debug\net6.0-windows\videoos.remoteclient.data.unittest.dll" id="c74185ea-3349-d3ea-9b83-50b171af2003">
      <Execution id="c3fb5004-0c96-4885-b774-0a345294fa14" />
      <TestMethod codeBase="D:\actions-runner\_work\XPCO\XPCO\AllSolutions\..\Common\SC_SharedComponent\Components\dotNet\VideoOS.RemoteClient.Data\unittest\bin\Debug\net6.0-windows\VideoOS.RemoteClient.Data.UnitTest.dll" adapterTypeName="executor://mstestadapter/v2" className="VideoOS.RemoteClient.Data.UnitTest.ViewLayoutTest" name="IsSameLayoutTestDifferentLayoutSameCountOfItemsAndSameName" />
    </UnitTest>
    <UnitTest name="WriteXmlTestOneViewAndOneNestedGroupWithOneView" storage="d:\actions-runner\_work\xpco\xpco\allsolutions\..\common\sc_sharedcomponent\components\dotnet\videoos.remoteclient.data\unittest\bin\debug\net6.0-windows\videoos.remoteclient.data.unittest.dll" id="16fde1ad-cd75-eb22-7e0e-f572cf191b53">
      <Execution id="3ba8e3c3-4af3-4425-81ce-3787f076f5ab" />
      <TestMethod codeBase="D:\actions-runner\_work\XPCO\XPCO\AllSolutions\..\Common\SC_SharedComponent\Components\dotNet\VideoOS.RemoteClient.Data\unittest\bin\Debug\net6.0-windows\VideoOS.RemoteClient.Data.UnitTest.dll" adapterTypeName="executor://mstestadapter/v2" className="VideoOS.RemoteClient.Data.UnitTest.GroupTest" name="WriteXmlTestOneViewAndOneNestedGroupWithOneView" />
    </UnitTest>
    <UnitTest name="ChangeFieldsViewItem" storage="d:\actions-runner\_work\xpco\xpco\allsolutions\..\common\sc_sharedcomponent\components\dotnet\videoos.remoteclient.data\unittest\bin\debug\net6.0-windows\videoos.remoteclient.data.unittest.dll" id="c3df5bd9-b673-55a1-143d-75dae05920a2">
      <Execution id="5ff9645f-c7c4-4c3d-8f95-186b6ea5c3e0" />
      <TestMethod codeBase="D:\actions-runner\_work\XPCO\XPCO\AllSolutions\..\Common\SC_SharedComponent\Components\dotNet\VideoOS.RemoteClient.Data\unittest\bin\Debug\net6.0-windows\VideoOS.RemoteClient.Data.UnitTest.dll" adapterTypeName="executor://mstestadapter/v2" className="VideoOS.RemoteClient.Data.UnitTest.ViewItemTest" name="ChangeFieldsViewItem" />
    </UnitTest>
    <UnitTest name="WriteXmlTestWithTwoViewItem" storage="d:\actions-runner\_work\xpco\xpco\allsolutions\..\common\sc_sharedcomponent\components\dotnet\videoos.remoteclient.data\unittest\bin\debug\net6.0-windows\videoos.remoteclient.data.unittest.dll" id="2126a02f-3adf-bded-79eb-a1be5f77bb99">
      <Execution id="41126d35-c0d3-4f03-9175-7576dd6cf6dd" />
      <TestMethod codeBase="D:\actions-runner\_work\XPCO\XPCO\AllSolutions\..\Common\SC_SharedComponent\Components\dotNet\VideoOS.RemoteClient.Data\unittest\bin\Debug\net6.0-windows\VideoOS.RemoteClient.Data.UnitTest.dll" adapterTypeName="executor://mstestadapter/v2" className="VideoOS.RemoteClient.Data.UnitTest.ViewTest" name="WriteXmlTestWithTwoViewItem" />
    </UnitTest>
    <UnitTest name="ReadXmlTestCameraViewItemWithShortcut" storage="d:\actions-runner\_work\xpco\xpco\allsolutions\..\common\sc_sharedcomponent\components\dotnet\videoos.remoteclient.data\unittest\bin\debug\net6.0-windows\videoos.remoteclient.data.unittest.dll" id="444003b6-f4d4-b6de-f730-9221151619de">
      <Execution id="465be3b1-26b7-4696-8ef2-2fbbcdb2d954" />
      <TestMethod codeBase="D:\actions-runner\_work\XPCO\XPCO\AllSolutions\..\Common\SC_SharedComponent\Components\dotNet\VideoOS.RemoteClient.Data\unittest\bin\Debug\net6.0-windows\VideoOS.RemoteClient.Data.UnitTest.dll" adapterTypeName="executor://mstestadapter/v2" className="VideoOS.RemoteClient.Data.UnitTest.ViewItemTest" name="ReadXmlTestCameraViewItemWithShortcut" />
    </UnitTest>
    <UnitTest name="ReadXmlTestDifferentViewItemInformationThanUsedTo" storage="d:\actions-runner\_work\xpco\xpco\allsolutions\..\common\sc_sharedcomponent\components\dotnet\videoos.remoteclient.data\unittest\bin\debug\net6.0-windows\videoos.remoteclient.data.unittest.dll" id="e386cf20-46f8-cfc9-41f3-6aa32c9d9d3f">
      <Execution id="980ab87b-99a1-46cb-a272-6f816e2884cb" />
      <TestMethod codeBase="D:\actions-runner\_work\XPCO\XPCO\AllSolutions\..\Common\SC_SharedComponent\Components\dotNet\VideoOS.RemoteClient.Data\unittest\bin\Debug\net6.0-windows\VideoOS.RemoteClient.Data.UnitTest.dll" adapterTypeName="executor://mstestadapter/v2" className="VideoOS.RemoteClient.Data.UnitTest.GroupTest" name="ReadXmlTestDifferentViewItemInformationThanUsedTo" />
    </UnitTest>
    <UnitTest name="ReadXmlTestViewWithTwoViewItem" storage="d:\actions-runner\_work\xpco\xpco\allsolutions\..\common\sc_sharedcomponent\components\dotnet\videoos.remoteclient.data\unittest\bin\debug\net6.0-windows\videoos.remoteclient.data.unittest.dll" id="0a1fbe88-0bd8-43a0-b44e-81bbdcbf3065">
      <Execution id="2bd24126-5c12-45fe-bf9a-e4df82ce34d6" />
      <TestMethod codeBase="D:\actions-runner\_work\XPCO\XPCO\AllSolutions\..\Common\SC_SharedComponent\Components\dotNet\VideoOS.RemoteClient.Data\unittest\bin\Debug\net6.0-windows\VideoOS.RemoteClient.Data.UnitTest.dll" adapterTypeName="executor://mstestadapter/v2" className="VideoOS.RemoteClient.Data.UnitTest.ViewTest" name="ReadXmlTestViewWithTwoViewItem" />
    </UnitTest>
    <UnitTest name="ReadXmlTestCameraViewItem" storage="d:\actions-runner\_work\xpco\xpco\allsolutions\..\common\sc_sharedcomponent\components\dotnet\videoos.remoteclient.data\unittest\bin\debug\net6.0-windows\videoos.remoteclient.data.unittest.dll" id="fad81d5e-2adf-c097-4760-3355bbf0ac94">
      <Execution id="7366a0d0-3ccd-4e04-9a28-a645fde79370" />
      <TestMethod codeBase="D:\actions-runner\_work\XPCO\XPCO\AllSolutions\..\Common\SC_SharedComponent\Components\dotNet\VideoOS.RemoteClient.Data\unittest\bin\Debug\net6.0-windows\VideoOS.RemoteClient.Data.UnitTest.dll" adapterTypeName="executor://mstestadapter/v2" className="VideoOS.RemoteClient.Data.UnitTest.ViewItemTest" name="ReadXmlTestCameraViewItem" />
    </UnitTest>
    <UnitTest name="WriteXmlTestCameraViewItemWithShortcut" storage="d:\actions-runner\_work\xpco\xpco\allsolutions\..\common\sc_sharedcomponent\components\dotnet\videoos.remoteclient.data\unittest\bin\debug\net6.0-windows\videoos.remoteclient.data.unittest.dll" id="072a0155-2067-4e26-505a-6080b93bbe51">
      <Execution id="9d780665-0750-4d38-b513-9e629fba94a4" />
      <TestMethod codeBase="D:\actions-runner\_work\XPCO\XPCO\AllSolutions\..\Common\SC_SharedComponent\Components\dotNet\VideoOS.RemoteClient.Data\unittest\bin\Debug\net6.0-windows\VideoOS.RemoteClient.Data.UnitTest.dll" adapterTypeName="executor://mstestadapter/v2" className="VideoOS.RemoteClient.Data.UnitTest.ViewItemTest" name="WriteXmlTestCameraViewItemWithShortcut" />
    </UnitTest>
    <UnitTest name="WriteXmlFragmentTest" storage="d:\actions-runner\_work\xpco\xpco\allsolutions\..\common\sc_sharedcomponent\components\dotnet\videoos.remoteclient.data\unittest\bin\debug\net6.0-windows\videoos.remoteclient.data.unittest.dll" id="3c2f10f1-41c2-34a7-f428-69f8e1f2ef71">
      <Execution id="51aad095-174b-4e26-a16d-41642500197b" />
      <TestMethod codeBase="D:\actions-runner\_work\XPCO\XPCO\AllSolutions\..\Common\SC_SharedComponent\Components\dotNet\VideoOS.RemoteClient.Data\unittest\bin\Debug\net6.0-windows\VideoOS.RemoteClient.Data.UnitTest.dll" adapterTypeName="executor://mstestadapter/v2" className="VideoOS.RemoteClient.Data.UnitTest.ViewGroupTest" name="WriteXmlFragmentTest" />
    </UnitTest>
    <UnitTest name="ReadXmlTestViewWithOneViewItem" storage="d:\actions-runner\_work\xpco\xpco\allsolutions\..\common\sc_sharedcomponent\components\dotnet\videoos.remoteclient.data\unittest\bin\debug\net6.0-windows\videoos.remoteclient.data.unittest.dll" id="fa5a1cc8-9f51-6c04-e70e-f5fc9395a4f9">
      <Execution id="123092aa-6b08-4660-b178-1940ad167bd8" />
      <TestMethod codeBase="D:\actions-runner\_work\XPCO\XPCO\AllSolutions\..\Common\SC_SharedComponent\Components\dotNet\VideoOS.RemoteClient.Data\unittest\bin\Debug\net6.0-windows\VideoOS.RemoteClient.Data.UnitTest.dll" adapterTypeName="executor://mstestadapter/v2" className="VideoOS.RemoteClient.Data.UnitTest.ViewTest" name="ReadXmlTestViewWithOneViewItem" />
    </UnitTest>
    <UnitTest name="ReadXmlTestViewWithOneViewItemWithViewLayoutContainedinView" storage="d:\actions-runner\_work\xpco\xpco\allsolutions\..\common\sc_sharedcomponent\components\dotnet\videoos.remoteclient.data\unittest\bin\debug\net6.0-windows\videoos.remoteclient.data.unittest.dll" id="b34854e0-fe8f-c5d3-14fa-ce5f50885cac">
      <Execution id="58896857-a396-4da6-8d1e-3bd0bc65c4d5" />
      <TestMethod codeBase="D:\actions-runner\_work\XPCO\XPCO\AllSolutions\..\Common\SC_SharedComponent\Components\dotNet\VideoOS.RemoteClient.Data\unittest\bin\Debug\net6.0-windows\VideoOS.RemoteClient.Data.UnitTest.dll" adapterTypeName="executor://mstestadapter/v2" className="VideoOS.RemoteClient.Data.UnitTest.ViewTest" name="ReadXmlTestViewWithOneViewItemWithViewLayoutContainedinView" />
    </UnitTest>
    <UnitTest name="WriteXmlTestTwoViews" storage="d:\actions-runner\_work\xpco\xpco\allsolutions\..\common\sc_sharedcomponent\components\dotnet\videoos.remoteclient.data\unittest\bin\debug\net6.0-windows\videoos.remoteclient.data.unittest.dll" id="69ed9260-d33e-73af-f6b9-cc90e0f84e0c">
      <Execution id="d6bd5365-3ca5-4d5c-a63d-2030ba23064f" />
      <TestMethod codeBase="D:\actions-runner\_work\XPCO\XPCO\AllSolutions\..\Common\SC_SharedComponent\Components\dotNet\VideoOS.RemoteClient.Data\unittest\bin\Debug\net6.0-windows\VideoOS.RemoteClient.Data.UnitTest.dll" adapterTypeName="executor://mstestadapter/v2" className="VideoOS.RemoteClient.Data.UnitTest.GroupTest" name="WriteXmlTestTwoViews" />
    </UnitTest>
    <UnitTest name="WriteXmlTestOneView" storage="d:\actions-runner\_work\xpco\xpco\allsolutions\..\common\sc_sharedcomponent\components\dotnet\videoos.remoteclient.data\unittest\bin\debug\net6.0-windows\videoos.remoteclient.data.unittest.dll" id="4ccb33bc-104d-4019-2a41-182f5f4aa6af">
      <Execution id="b2f55fdb-8563-4e24-bc90-b1c3aef2c4f8" />
      <TestMethod codeBase="D:\actions-runner\_work\XPCO\XPCO\AllSolutions\..\Common\SC_SharedComponent\Components\dotNet\VideoOS.RemoteClient.Data\unittest\bin\Debug\net6.0-windows\VideoOS.RemoteClient.Data.UnitTest.dll" adapterTypeName="executor://mstestadapter/v2" className="VideoOS.RemoteClient.Data.UnitTest.GroupTest" name="WriteXmlTestOneView" />
    </UnitTest>
    <UnitTest name="WriteXmlTestEmpty" storage="d:\actions-runner\_work\xpco\xpco\allsolutions\..\common\sc_sharedcomponent\components\dotnet\videoos.remoteclient.data\unittest\bin\debug\net6.0-windows\videoos.remoteclient.data.unittest.dll" id="5bb1cf2c-f20b-1b5a-ce23-f7e9f25d6c92">
      <Execution id="549e2efc-b5f9-4a9c-a79e-c7bc42112498" />
      <TestMethod codeBase="D:\actions-runner\_work\XPCO\XPCO\AllSolutions\..\Common\SC_SharedComponent\Components\dotNet\VideoOS.RemoteClient.Data\unittest\bin\Debug\net6.0-windows\VideoOS.RemoteClient.Data.UnitTest.dll" adapterTypeName="executor://mstestadapter/v2" className="VideoOS.RemoteClient.Data.UnitTest.ViewGroupTest" name="WriteXmlTestEmpty" />
    </UnitTest>
    <UnitTest name="WriteXmlTestEmptyViewItem" storage="d:\actions-runner\_work\xpco\xpco\allsolutions\..\common\sc_sharedcomponent\components\dotnet\videoos.remoteclient.data\unittest\bin\debug\net6.0-windows\videoos.remoteclient.data.unittest.dll" id="97c3bf20-eaec-0b2a-c667-7fc82e5472b8">
      <Execution id="4fd68b53-ab69-4727-82ca-ab265b486ca2" />
      <TestMethod codeBase="D:\actions-runner\_work\XPCO\XPCO\AllSolutions\..\Common\SC_SharedComponent\Components\dotNet\VideoOS.RemoteClient.Data\unittest\bin\Debug\net6.0-windows\VideoOS.RemoteClient.Data.UnitTest.dll" adapterTypeName="executor://mstestadapter/v2" className="VideoOS.RemoteClient.Data.UnitTest.ViewItemTest" name="WriteXmlTestEmptyViewItem" />
    </UnitTest>
    <UnitTest name="WriteXmlTestWithOneViewItem" storage="d:\actions-runner\_work\xpco\xpco\allsolutions\..\common\sc_sharedcomponent\components\dotnet\videoos.remoteclient.data\unittest\bin\debug\net6.0-windows\videoos.remoteclient.data.unittest.dll" id="83aff7c1-40bd-24c4-b3c9-d698a20cc72f">
      <Execution id="895d383c-916b-4e20-93d3-24729decbb57" />
      <TestMethod codeBase="D:\actions-runner\_work\XPCO\XPCO\AllSolutions\..\Common\SC_SharedComponent\Components\dotNet\VideoOS.RemoteClient.Data\unittest\bin\Debug\net6.0-windows\VideoOS.RemoteClient.Data.UnitTest.dll" adapterTypeName="executor://mstestadapter/v2" className="VideoOS.RemoteClient.Data.UnitTest.ViewTest" name="WriteXmlTestWithOneViewItem" />
    </UnitTest>
    <UnitTest name="WriteXmlTestOneViewAndOneNestedGroupWithOneViewWithOneNestedGroupWithOneView" storage="d:\actions-runner\_work\xpco\xpco\allsolutions\..\common\sc_sharedcomponent\components\dotnet\videoos.remoteclient.data\unittest\bin\debug\net6.0-windows\videoos.remoteclient.data.unittest.dll" id="268e5f82-c5b3-c5f3-a6aa-2b49b901ccec">
      <Execution id="d34143ed-7e3f-4b26-b2e1-e2cacd5c0450" />
      <TestMethod codeBase="D:\actions-runner\_work\XPCO\XPCO\AllSolutions\..\Common\SC_SharedComponent\Components\dotNet\VideoOS.RemoteClient.Data\unittest\bin\Debug\net6.0-windows\VideoOS.RemoteClient.Data.UnitTest.dll" adapterTypeName="executor://mstestadapter/v2" className="VideoOS.RemoteClient.Data.UnitTest.GroupTest" name="WriteXmlTestOneViewAndOneNestedGroupWithOneViewWithOneNestedGroupWithOneView" />
    </UnitTest>
    <UnitTest name="IsSameLayoutTestDifferentLayoutSameCountOfItems" storage="d:\actions-runner\_work\xpco\xpco\allsolutions\..\common\sc_sharedcomponent\components\dotnet\videoos.remoteclient.data\unittest\bin\debug\net6.0-windows\videoos.remoteclient.data.unittest.dll" id="1cf66abb-96fb-35be-8990-de671f5387ef">
      <Execution id="b8ecdc2f-0279-4c73-8420-69729316c0e5" />
      <TestMethod codeBase="D:\actions-runner\_work\XPCO\XPCO\AllSolutions\..\Common\SC_SharedComponent\Components\dotNet\VideoOS.RemoteClient.Data\unittest\bin\Debug\net6.0-windows\VideoOS.RemoteClient.Data.UnitTest.dll" adapterTypeName="executor://mstestadapter/v2" className="VideoOS.RemoteClient.Data.UnitTest.ViewLayoutTest" name="IsSameLayoutTestDifferentLayoutSameCountOfItems" />
    </UnitTest>
  </TestDefinitions>
  <TestEntries>
    <TestEntry testId="2708b57d-7de0-293b-4425-8b550d8806bc" executionId="e18c2c7d-6ca2-4540-9b9f-b970cd572835" testListId="8c84fa94-04c1-424b-9868-57a2d4851a1d" />
    <TestEntry testId="a37bd4b9-953d-bd2b-d932-7a0838cc96fb" executionId="30b5c4db-ec00-4666-b9cf-1d2fb13a66ca" testListId="8c84fa94-04c1-424b-9868-57a2d4851a1d" />
    <TestEntry testId="072a0155-2067-4e26-505a-6080b93bbe51" executionId="9d780665-0750-4d38-b513-9e629fba94a4" testListId="8c84fa94-04c1-424b-9868-57a2d4851a1d" />
    <TestEntry testId="5bb1cf2c-f20b-1b5a-ce23-f7e9f25d6c92" executionId="549e2efc-b5f9-4a9c-a79e-c7bc42112498" testListId="8c84fa94-04c1-424b-9868-57a2d4851a1d" />
    <TestEntry testId="0a1fbe88-0bd8-43a0-b44e-81bbdcbf3065" executionId="2bd24126-5c12-45fe-bf9a-e4df82ce34d6" testListId="8c84fa94-04c1-424b-9868-57a2d4851a1d" />
    <TestEntry testId="268e5f82-c5b3-c5f3-a6aa-2b49b901ccec" executionId="d34143ed-7e3f-4b26-b2e1-e2cacd5c0450" testListId="8c84fa94-04c1-424b-9868-57a2d4851a1d" />
    <TestEntry testId="fad81d5e-2adf-c097-4760-3355bbf0ac94" executionId="7366a0d0-3ccd-4e04-9a28-a645fde79370" testListId="8c84fa94-04c1-424b-9868-57a2d4851a1d" />
    <TestEntry testId="b6d71ab1-ac85-052f-e5bf-c13f776c4586" executionId="1944016f-22ab-49ed-8065-76b68d027026" testListId="8c84fa94-04c1-424b-9868-57a2d4851a1d" />
    <TestEntry testId="c40e0ee6-6a16-4ff7-a775-de7d92578ca2" executionId="cc4332b4-a3f5-494c-a7b0-7ba7667adffe" testListId="8c84fa94-04c1-424b-9868-57a2d4851a1d" />
    <TestEntry testId="fc69b98d-1432-a585-898a-e551e33ccd0a" executionId="c7dcae20-4367-4fa6-926c-3f20fe510ce2" testListId="8c84fa94-04c1-424b-9868-57a2d4851a1d" />
    <TestEntry testId="69ed9260-d33e-73af-f6b9-cc90e0f84e0c" executionId="d6bd5365-3ca5-4d5c-a63d-2030ba23064f" testListId="8c84fa94-04c1-424b-9868-57a2d4851a1d" />
    <TestEntry testId="3009834f-48c5-93b1-1975-6c9fdd4c9c1e" executionId="c29f9ec0-8fb8-43fd-8bd4-d8f949b31f0b" testListId="8c84fa94-04c1-424b-9868-57a2d4851a1d" />
    <TestEntry testId="16fde1ad-cd75-eb22-7e0e-f572cf191b53" executionId="3ba8e3c3-4af3-4425-81ce-3787f076f5ab" testListId="8c84fa94-04c1-424b-9868-57a2d4851a1d" />
    <TestEntry testId="2126a02f-3adf-bded-79eb-a1be5f77bb99" executionId="41126d35-c0d3-4f03-9175-7576dd6cf6dd" testListId="8c84fa94-04c1-424b-9868-57a2d4851a1d" />
    <TestEntry testId="b334c523-2d5d-ac16-82f9-b0b6ae259d48" executionId="8abd192f-fd0e-4aad-8219-4f46f19eda4a" testListId="8c84fa94-04c1-424b-9868-57a2d4851a1d" />
    <TestEntry testId="1cf66abb-96fb-35be-8990-de671f5387ef" executionId="b8ecdc2f-0279-4c73-8420-69729316c0e5" testListId="8c84fa94-04c1-424b-9868-57a2d4851a1d" />
    <TestEntry testId="ca10539f-71a4-72f7-aa53-9bf064ce6ecc" executionId="f2e76539-ab44-42e3-99d2-2da3474bca12" testListId="8c84fa94-04c1-424b-9868-57a2d4851a1d" />
    <TestEntry testId="83aff7c1-40bd-24c4-b3c9-d698a20cc72f" executionId="895d383c-916b-4e20-93d3-24729decbb57" testListId="8c84fa94-04c1-424b-9868-57a2d4851a1d" />
    <TestEntry testId="c74185ea-3349-d3ea-9b83-50b171af2003" executionId="c3fb5004-0c96-4885-b774-0a345294fa14" testListId="8c84fa94-04c1-424b-9868-57a2d4851a1d" />
    <TestEntry testId="34643078-7b2a-e2cc-a1a6-dacb454bf4c9" executionId="f7aa839e-f596-47c5-af99-1e88743be79f" testListId="8c84fa94-04c1-424b-9868-57a2d4851a1d" />
    <TestEntry testId="4b9d9f0c-9b38-1d13-6714-cb28bca714c3" executionId="708b48fd-db70-44c6-af96-8e995297d6c8" testListId="8c84fa94-04c1-424b-9868-57a2d4851a1d" />
    <TestEntry testId="97c3bf20-eaec-0b2a-c667-7fc82e5472b8" executionId="4fd68b53-ab69-4727-82ca-ab265b486ca2" testListId="8c84fa94-04c1-424b-9868-57a2d4851a1d" />
    <TestEntry testId="4ccb33bc-104d-4019-2a41-182f5f4aa6af" executionId="b2f55fdb-8563-4e24-bc90-b1c3aef2c4f8" testListId="8c84fa94-04c1-424b-9868-57a2d4851a1d" />
    <TestEntry testId="fa5a1cc8-9f51-6c04-e70e-f5fc9395a4f9" executionId="123092aa-6b08-4660-b178-1940ad167bd8" testListId="8c84fa94-04c1-424b-9868-57a2d4851a1d" />
    <TestEntry testId="3c2f10f1-41c2-34a7-f428-69f8e1f2ef71" executionId="51aad095-174b-4e26-a16d-41642500197b" testListId="8c84fa94-04c1-424b-9868-57a2d4851a1d" />
    <TestEntry testId="836e1af9-5246-a6cd-ab14-64ff798f6575" executionId="d04bf2cc-5e01-48dc-a89a-7829ce161508" testListId="8c84fa94-04c1-424b-9868-57a2d4851a1d" />
    <TestEntry testId="ed1a813c-420a-dd3d-bb95-7b96443bfe6d" executionId="d8eaf142-f8bf-4075-a16e-2d0a8f109a7f" testListId="8c84fa94-04c1-424b-9868-57a2d4851a1d" />
    <TestEntry testId="fc44350a-c6bd-b1dd-a585-1b82a48d88a3" executionId="62f80a2d-2160-475e-8990-720a71b99d02" testListId="8c84fa94-04c1-424b-9868-57a2d4851a1d" />
    <TestEntry testId="e386cf20-46f8-cfc9-41f3-6aa32c9d9d3f" executionId="980ab87b-99a1-46cb-a272-6f816e2884cb" testListId="8c84fa94-04c1-424b-9868-57a2d4851a1d" />
    <TestEntry testId="c3df5bd9-b673-55a1-143d-75dae05920a2" executionId="5ff9645f-c7c4-4c3d-8f95-186b6ea5c3e0" testListId="8c84fa94-04c1-424b-9868-57a2d4851a1d" />
    <TestEntry testId="444003b6-f4d4-b6de-f730-9221151619de" executionId="465be3b1-26b7-4696-8ef2-2fbbcdb2d954" testListId="8c84fa94-04c1-424b-9868-57a2d4851a1d" />
    <TestEntry testId="b34854e0-fe8f-c5d3-14fa-ce5f50885cac" executionId="58896857-a396-4da6-8d1e-3bd0bc65c4d5" testListId="8c84fa94-04c1-424b-9868-57a2d4851a1d" />
    <TestEntry testId="45c9ddbc-d572-204b-1719-58d0ef915a96" executionId="67ed646c-b3bc-4a57-bf8c-88b09b88b701" testListId="8c84fa94-04c1-424b-9868-57a2d4851a1d" />
    <TestEntry testId="ac0e059c-7636-36c4-78e0-2ee68dba2aae" executionId="a05017ec-b8c9-42c1-b225-2d7ba6b717b7" testListId="8c84fa94-04c1-424b-9868-57a2d4851a1d" />
  </TestEntries>
  <TestLists>
    <TestList name="Results Not in a List" id="8c84fa94-04c1-424b-9868-57a2d4851a1d" />
    <TestList name="All Loaded Results" id="19431567-8539-422a-85d7-44ee4e166bda" />
  </TestLists>
  <ResultSummary outcome="Completed">
    <Counters total="34" executed="34" passed="34" failed="0" error="0" timeout="0" aborted="0" inconclusive="0" passedButRunAborted="0" notRunnable="0" notExecuted="0" disconnected="0" warning="0" completed="0" inProgress="0" pending="0" />
  </ResultSummary>
</TestRun>