<?xml version="1.0" encoding="utf-8"?>
<TestRun id="a91cd38e-c402-4a8c-8d25-fb2ee8535a07" name="DKSR-EFI-06$@DKSR-EFI-06 2024-01-09 15:46:02" runUser="NT AUTHORITY\NETWORK SERVICE" xmlns="http://microsoft.com/schemas/VisualStudio/TeamTest/2010">
  <Times creation="2024-01-09T15:46:03.0029279+01:00" queuing="2024-01-09T15:46:03.0029279+01:00" start="2024-01-09T15:45:59.6579810+01:00" finish="2024-01-09T15:46:23.6645744+01:00" />
  <TestSettings name="default" id="c12ce047-438a-4438-b990-9ec620215c3d">
    <Deployment runDeploymentRoot="DKSR-EFI-06$_DKSR-EFI-06_2024-01-09_15_46_02" />
  </TestSettings>
  <Results>
    <UnitTestResult executionId="5baf6ea4-024a-4493-98b1-5d733f37be75" testId="1e673d72-09b3-76fe-7a9c-ca4edce9473e" testName="LogoutByUri_WhenSystemInfoNotNull_AlsoCallsEnvironmentManagerLogout" computerName="DKSR-EFI-06" duration="00:00:00.0200734" startTime="2024-01-09T15:46:02.9875724+01:00" endTime="2024-01-09T15:46:03.0078255+01:00" testType="13cdc9d9-ddb5-4fa4-a97d-d965ccfc6d4b" outcome="Passed" testListId="8c84fa94-04c1-424b-9868-57a2d4851a1d" relativeResultsDirectory="5baf6ea4-024a-4493-98b1-5d733f37be75" />
    <UnitTestResult executionId="ee5c8219-79dd-49f9-aeea-31164464e8ba" testId="1c378be1-6602-2c62-b3de-426ce05f22b8" testName="RemoveServer_WithIdWhenLoginSettingsNotNull_Correct" computerName="DKSR-EFI-06" duration="00:00:00.0057102" startTime="2024-01-09T15:46:03.1456918+01:00" endTime="2024-01-09T15:46:03.1515984+01:00" testType="13cdc9d9-ddb5-4fa4-a97d-d965ccfc6d4b" outcome="Passed" testListId="8c84fa94-04c1-424b-9868-57a2d4851a1d" relativeResultsDirectory="ee5c8219-79dd-49f9-aeea-31164464e8ba" />
    <UnitTestResult executionId="a1750403-59f3-487b-8662-fdbd3c3d51ba" testId="24f8123c-e826-303b-a65a-9364447f6890" testName="XpcoMultiUserLoginSingleServer" computerName="DKSR-EFI-06" duration="00:00:00.7842429" startTime="2024-01-09T15:46:13.0296320+01:00" endTime="2024-01-09T15:46:13.8142560+01:00" testType="13cdc9d9-ddb5-4fa4-a97d-d965ccfc6d4b" outcome="Passed" testListId="8c84fa94-04c1-424b-9868-57a2d4851a1d" relativeResultsDirectory="a1750403-59f3-487b-8662-fdbd3c3d51ba">
      <Output>
        <StdOut>Debug Trace:&#xD;
MIP: Error: License Load (): Exception source:      VideoOS.Platform&#xD;
Exception type:        VideoOS.Platform.MIPException&#xD;
Exception message:     Could not resolve server version. EnvironmentType: Standalone&#xD;
Exception target site: IsServerFipsCompatible&#xD;
   at VideoOS.Platform.License.LicenseManager.IsServerFipsCompatible(LoginServerProductInfo productInfo) in D:\actions-runner\_work\XPCO\XPCO\MIP\PlatformPlugin\VideoOS.Platform\src\License\LicenseManager.Internal.cs:line 583&#xD;
   at VideoOS.Platform.License.LicenseManager.GetCompatibilityHandler() in D:\actions-runner\_work\XPCO\XPCO\MIP\PlatformPlugin\VideoOS.Platform\src\License\LicenseManager.Internal.cs:line 568&#xD;
   at VideoOS.Platform.License.LicenseManager.LoadLicenseInformation() in D:\actions-runner\_work\XPCO\XPCO\MIP\PlatformPlugin\VideoOS.Platform\src\License\LicenseManager.Internal.cs:line 75&#xD;
&#xD;
License LoadLicense Load ()Could not resolve server version. EnvironmentType: Standalone   at VideoOS.Platform.License.LicenseManager.IsServerFipsCompatible(LoginServerProductInfo productInfo) in D:\actions-runner\_work\XPCO\XPCO\MIP\PlatformPlugin\VideoOS.Platform\src\License\LicenseManager.Internal.cs:line 583&#xD;
   at VideoOS.Platform.License.LicenseManager.GetCompatibilityHandler() in D:\actions-runner\_work\XPCO\XPCO\MIP\PlatformPlugin\VideoOS.Platform\src\License\LicenseManager.Internal.cs:line 568&#xD;
   at VideoOS.Platform.License.LicenseManager.LoadLicenseInformation() in D:\actions-runner\_work\XPCO\XPCO\MIP\PlatformPlugin\VideoOS.Platform\src\License\LicenseManager.Internal.cs:line 75&#xD;
MIP: Error: License Load (): Exception source:      VideoOS.Platform&#xD;
Exception type:        VideoOS.Platform.MIPException&#xD;
Exception message:     Could not resolve server version. EnvironmentType: Standalone&#xD;
Exception target site: IsServerFipsCompatible&#xD;
   at VideoOS.Platform.License.LicenseManager.IsServerFipsCompatible(LoginServerProductInfo productInfo) in D:\actions-runner\_work\XPCO\XPCO\MIP\PlatformPlugin\VideoOS.Platform\src\License\LicenseManager.Internal.cs:line 583&#xD;
   at VideoOS.Platform.License.LicenseManager.GetCompatibilityHandler() in D:\actions-runner\_work\XPCO\XPCO\MIP\PlatformPlugin\VideoOS.Platform\src\License\LicenseManager.Internal.cs:line 568&#xD;
   at VideoOS.Platform.License.LicenseManager.LoadLicenseInformation() in D:\actions-runner\_work\XPCO\XPCO\MIP\PlatformPlugin\VideoOS.Platform\src\License\LicenseManager.Internal.cs:line 75&#xD;
&#xD;
License LoadLicense Load ()Could not resolve server version. EnvironmentType: Standalone   at VideoOS.Platform.License.LicenseManager.IsServerFipsCompatible(LoginServerProductInfo productInfo) in D:\actions-runner\_work\XPCO\XPCO\MIP\PlatformPlugin\VideoOS.Platform\src\License\LicenseManager.Internal.cs:line 583&#xD;
   at VideoOS.Platform.License.LicenseManager.GetCompatibilityHandler() in D:\actions-runner\_work\XPCO\XPCO\MIP\PlatformPlugin\VideoOS.Platform\src\License\LicenseManager.Internal.cs:line 568&#xD;
   at VideoOS.Platform.License.LicenseManager.LoadLicenseInformation() in D:\actions-runner\_work\XPCO\XPCO\MIP\PlatformPlugin\VideoOS.Platform\src\License\LicenseManager.Internal.cs:line 75&#xD;
MIP: Error: ConfigurationApiItemWrapper (): ConfigAPI GetItem(): System.NotImplementedException, The method or operation is not implemented.&#xD;
MIP: Error: Factory.IsItemTypeSupported (): Exception source:      VideoOS.Platform.SDK.UnitTests&#xD;
Exception type:        System.NotImplementedException&#xD;
Exception message:     The method or operation is not implemented.&#xD;
Exception target site: GetItem&#xD;
   at VideoOS.Platform.SDKUnittest.EnvironmentTests.TestConfigurationClientService.GetItem(String path) in D:\actions-runner\_work\XPCO\XPCO\MIP\MIPSDK\tst\VideoOS.Platform.SDK.UnitTests\EnvironmentTests\TestsWithCorporateShimsBase.cs:line 227&#xD;
   at VideoOS.Platform.Proxy.ConfigApi.ConfigurationApiItemWrapper..ctor(ServerId serverId, String path) in D:\actions-runner\_work\XPCO\XPCO\MIP\PlatformPlugin\VideoOS.Platform\src\Proxy\ConfigApi\ConfigurationApiItemWrapper.cs:line 104&#xD;
   at VideoOS.Platform.ConfigurationItems.Factory.IsItemTypeSupported(ServerId serverId, String itemType) in D:\actions-runner\_work\XPCO\XPCO\MIP\PlatformPlugin\VideoOS.Platform\src\ConfigurationItems\Factory.cs:line 464&#xD;
&#xD;
Factory.IsItemTypeSupportedFactory.IsItemTypeSupported ()The method or operation is not implemented.   at VideoOS.Platform.SDKUnittest.EnvironmentTests.TestConfigurationClientService.GetItem(String path) in D:\actions-runner\_work\XPCO\XPCO\MIP\MIPSDK\tst\VideoOS.Platform.SDK.UnitTests\EnvironmentTests\TestsWithCorporateShimsBase.cs:line 227&#xD;
   at VideoOS.Platform.Proxy.ConfigApi.ConfigurationApiItemWrapper..ctor(ServerId serverId, String path) in D:\actions-runner\_work\XPCO\XPCO\MIP\PlatformPlugin\VideoOS.Platform\src\Proxy\ConfigApi\ConfigurationApiItemWrapper.cs:line 104&#xD;
   at VideoOS.Platform.ConfigurationItems.Factory.IsItemTypeSupported(ServerId serverId, String itemType) in D:\actions-runner\_work\XPCO\XPCO\MIP\PlatformPlugin\VideoOS.Platform\src\ConfigurationItems\Factory.cs:line 464&#xD;
MIP: Error: ConfigurationApiItemWrapper (): ConfigAPI GetItem(): System.NotImplementedException, The method or operation is not implemented.&#xD;
MIP: Error: Factory.IsItemTypeSupported (): Exception source:      VideoOS.Platform.SDK.UnitTests&#xD;
Exception type:        System.NotImplementedException&#xD;
Exception message:     The method or operation is not implemented.&#xD;
Exception target site: GetItem&#xD;
   at VideoOS.Platform.SDKUnittest.EnvironmentTests.TestConfigurationClientService.GetItem(String path) in D:\actions-runner\_work\XPCO\XPCO\MIP\MIPSDK\tst\VideoOS.Platform.SDK.UnitTests\EnvironmentTests\TestsWithCorporateShimsBase.cs:line 227&#xD;
   at VideoOS.Platform.Proxy.ConfigApi.ConfigurationApiItemWrapper..ctor(ServerId serverId, String path) in D:\actions-runner\_work\XPCO\XPCO\MIP\PlatformPlugin\VideoOS.Platform\src\Proxy\ConfigApi\ConfigurationApiItemWrapper.cs:line 104&#xD;
   at VideoOS.Platform.ConfigurationItems.Factory.IsItemTypeSupported(ServerId serverId, String itemType) in D:\actions-runner\_work\XPCO\XPCO\MIP\PlatformPlugin\VideoOS.Platform\src\ConfigurationItems\Factory.cs:line 464&#xD;
&#xD;
Factory.IsItemTypeSupportedFactory.IsItemTypeSupported ()The method or operation is not implemented.   at VideoOS.Platform.SDKUnittest.EnvironmentTests.TestConfigurationClientService.GetItem(String path) in D:\actions-runner\_work\XPCO\XPCO\MIP\MIPSDK\tst\VideoOS.Platform.SDK.UnitTests\EnvironmentTests\TestsWithCorporateShimsBase.cs:line 227&#xD;
   at VideoOS.Platform.Proxy.ConfigApi.ConfigurationApiItemWrapper..ctor(ServerId serverId, String path) in D:\actions-runner\_work\XPCO\XPCO\MIP\PlatformPlugin\VideoOS.Platform\src\Proxy\ConfigApi\ConfigurationApiItemWrapper.cs:line 104&#xD;
   at VideoOS.Platform.ConfigurationItems.Factory.IsItemTypeSupported(ServerId serverId, String itemType) in D:\actions-runner\_work\XPCO\XPCO\MIP\PlatformPlugin\VideoOS.Platform\src\ConfigurationItems\Factory.cs:line 464&#xD;
MIP: Error: ConfigurationApiItemWrapper (): ConfigAPI GetItem(): System.NotImplementedException, The method or operation is not implemented.&#xD;
MIP: Error: Factory.IsItemTypeSupported (): Exception source:      VideoOS.Platform.SDK.UnitTests&#xD;
Exception type:        System.NotImplementedException&#xD;
Exception message:     The method or operation is not implemented.&#xD;
Exception target site: GetItem&#xD;
   at VideoOS.Platform.SDKUnittest.EnvironmentTests.TestConfigurationClientService.GetItem(String path) in D:\actions-runner\_work\XPCO\XPCO\MIP\MIPSDK\tst\VideoOS.Platform.SDK.UnitTests\EnvironmentTests\TestsWithCorporateShimsBase.cs:line 227&#xD;
   at VideoOS.Platform.Proxy.ConfigApi.ConfigurationApiItemWrapper..ctor(ServerId serverId, String path) in D:\actions-runner\_work\XPCO\XPCO\MIP\PlatformPlugin\VideoOS.Platform\src\Proxy\ConfigApi\ConfigurationApiItemWrapper.cs:line 104&#xD;
   at VideoOS.Platform.ConfigurationItems.Factory.IsItemTypeSupported(ServerId serverId, String itemType) in D:\actions-runner\_work\XPCO\XPCO\MIP\PlatformPlugin\VideoOS.Platform\src\ConfigurationItems\Factory.cs:line 464&#xD;
&#xD;
Factory.IsItemTypeSupportedFactory.IsItemTypeSupported ()The method or operation is not implemented.   at VideoOS.Platform.SDKUnittest.EnvironmentTests.TestConfigurationClientService.GetItem(String path) in D:\actions-runner\_work\XPCO\XPCO\MIP\MIPSDK\tst\VideoOS.Platform.SDK.UnitTests\EnvironmentTests\TestsWithCorporateShimsBase.cs:line 227&#xD;
   at VideoOS.Platform.Proxy.ConfigApi.ConfigurationApiItemWrapper..ctor(ServerId serverId, String path) in D:\actions-runner\_work\XPCO\XPCO\MIP\PlatformPlugin\VideoOS.Platform\src\Proxy\ConfigApi\ConfigurationApiItemWrapper.cs:line 104&#xD;
   at VideoOS.Platform.ConfigurationItems.Factory.IsItemTypeSupported(ServerId serverId, String itemType) in D:\actions-runner\_work\XPCO\XPCO\MIP\PlatformPlugin\VideoOS.Platform\src\ConfigurationItems\Factory.cs:line 464&#xD;
MIP: Error: ConfigurationApiItemWrapper (): ConfigAPI GetItem(): System.NotImplementedException, The method or operation is not implemented.&#xD;
MIP: Error: Factory.IsItemTypeSupported (): Exception source:      VideoOS.Platform.SDK.UnitTests&#xD;
Exception type:        System.NotImplementedException&#xD;
Exception message:     The method or operation is not implemented.&#xD;
Exception target site: GetItem&#xD;
   at VideoOS.Platform.SDKUnittest.EnvironmentTests.TestConfigurationClientService.GetItem(String path) in D:\actions-runner\_work\XPCO\XPCO\MIP\MIPSDK\tst\VideoOS.Platform.SDK.UnitTests\EnvironmentTests\TestsWithCorporateShimsBase.cs:line 227&#xD;
   at VideoOS.Platform.Proxy.ConfigApi.ConfigurationApiItemWrapper..ctor(ServerId serverId, String path) in D:\actions-runner\_work\XPCO\XPCO\MIP\PlatformPlugin\VideoOS.Platform\src\Proxy\ConfigApi\ConfigurationApiItemWrapper.cs:line 104&#xD;
   at VideoOS.Platform.ConfigurationItems.Factory.IsItemTypeSupported(ServerId serverId, String itemType) in D:\actions-runner\_work\XPCO\XPCO\MIP\PlatformPlugin\VideoOS.Platform\src\ConfigurationItems\Factory.cs:line 464&#xD;
&#xD;
Factory.IsItemTypeSupportedFactory.IsItemTypeSupported ()The method or operation is not implemented.   at VideoOS.Platform.SDKUnittest.EnvironmentTests.TestConfigurationClientService.GetItem(String path) in D:\actions-runner\_work\XPCO\XPCO\MIP\MIPSDK\tst\VideoOS.Platform.SDK.UnitTests\EnvironmentTests\TestsWithCorporateShimsBase.cs:line 227&#xD;
   at VideoOS.Platform.Proxy.ConfigApi.ConfigurationApiItemWrapper..ctor(ServerId serverId, String path) in D:\actions-runner\_work\XPCO\XPCO\MIP\PlatformPlugin\VideoOS.Platform\src\Proxy\ConfigApi\ConfigurationApiItemWrapper.cs:line 104&#xD;
   at VideoOS.Platform.ConfigurationItems.Factory.IsItemTypeSupported(ServerId serverId, String itemType) in D:\actions-runner\_work\XPCO\XPCO\MIP\PlatformPlugin\VideoOS.Platform\src\ConfigurationItems\Factory.cs:line 464&#xD;
MIP: Error: ConfigurationApiItemWrapper (): ConfigAPI GetItem(): System.NotImplementedException, The method or operation is not implemented.&#xD;
MIP: Error: Factory.IsItemTypeSupported (): Exception source:      VideoOS.Platform.SDK.UnitTests&#xD;
Exception type:        System.NotImplementedException&#xD;
Exception message:     The method or operation is not implemented.&#xD;
Exception target site: GetItem&#xD;
   at VideoOS.Platform.SDKUnittest.EnvironmentTests.TestConfigurationClientService.GetItem(String path) in D:\actions-runner\_work\XPCO\XPCO\MIP\MIPSDK\tst\VideoOS.Platform.SDK.UnitTests\EnvironmentTests\TestsWithCorporateShimsBase.cs:line 227&#xD;
   at VideoOS.Platform.Proxy.ConfigApi.ConfigurationApiItemWrapper..ctor(ServerId serverId, String path) in D:\actions-runner\_work\XPCO\XPCO\MIP\PlatformPlugin\VideoOS.Platform\src\Proxy\ConfigApi\ConfigurationApiItemWrapper.cs:line 104&#xD;
   at VideoOS.Platform.ConfigurationItems.Factory.IsItemTypeSupported(ServerId serverId, String itemType) in D:\actions-runner\_work\XPCO\XPCO\MIP\PlatformPlugin\VideoOS.Platform\src\ConfigurationItems\Factory.cs:line 464&#xD;
&#xD;
Factory.IsItemTypeSupportedFactory.IsItemTypeSupported ()The method or operation is not implemented.   at VideoOS.Platform.SDKUnittest.EnvironmentTests.TestConfigurationClientService.GetItem(String path) in D:\actions-runner\_work\XPCO\XPCO\MIP\MIPSDK\tst\VideoOS.Platform.SDK.UnitTests\EnvironmentTests\TestsWithCorporateShimsBase.cs:line 227&#xD;
   at VideoOS.Platform.Proxy.ConfigApi.ConfigurationApiItemWrapper..ctor(ServerId serverId, String path) in D:\actions-runner\_work\XPCO\XPCO\MIP\PlatformPlugin\VideoOS.Platform\src\Proxy\ConfigApi\ConfigurationApiItemWrapper.cs:line 104&#xD;
   at VideoOS.Platform.ConfigurationItems.Factory.IsItemTypeSupported(ServerId serverId, String itemType) in D:\actions-runner\_work\XPCO\XPCO\MIP\PlatformPlugin\VideoOS.Platform\src\ConfigurationItems\Factory.cs:line 464</StdOut>
      </Output>
    </UnitTestResult>
    <UnitTestResult executionId="1dfaa6bf-ba56-40fa-bb40-2c17b5628072" testId="56cbaa9d-4f02-3ab9-a0f7-ef1ee9ad216c" testName="XpcoSiteInfoUriWithType" computerName="DKSR-EFI-06" duration="00:00:00.0974638" startTime="2024-01-09T15:46:14.6062293+01:00" endTime="2024-01-09T15:46:14.7039122+01:00" testType="13cdc9d9-ddb5-4fa4-a97d-d965ccfc6d4b" outcome="Passed" testListId="8c84fa94-04c1-424b-9868-57a2d4851a1d" relativeResultsDirectory="1dfaa6bf-ba56-40fa-bb40-2c17b5628072">
      <Output>
        <StdOut>Debug Trace:&#xD;
TopLevelControl returns null. PostMessage may have problems</StdOut>
      </Output>
    </UnitTestResult>
    <UnitTestResult executionId="a3736c9e-3421-40f7-925a-af26bdb0b713" testId="578ff933-7ee9-6ffc-c871-a9d0960055b8" testName="XpcoLoginAndGetConfguration" computerName="DKSR-EFI-06" duration="00:00:01.0207161" startTime="2024-01-09T15:46:14.7761909+01:00" endTime="2024-01-09T15:46:15.7973913+01:00" testType="13cdc9d9-ddb5-4fa4-a97d-d965ccfc6d4b" outcome="Passed" testListId="8c84fa94-04c1-424b-9868-57a2d4851a1d" relativeResultsDirectory="a3736c9e-3421-40f7-925a-af26bdb0b713">
      <Output>
        <StdOut>Debug Trace:&#xD;
TopLevelControl returns null. PostMessage may have problems&#xD;
MIP: Error: ConfigurationApiItemWrapper (): ConfigAPI GetItem(): System.NotImplementedException, The method or operation is not implemented.&#xD;
MIP: Error: Factory.IsItemTypeSupported (): Exception source:      VideoOS.Platform.SDK.UnitTests&#xD;
Exception type:        System.NotImplementedException&#xD;
Exception message:     The method or operation is not implemented.&#xD;
Exception target site: GetItem&#xD;
   at VideoOS.Platform.SDKUnittest.EnvironmentTests.TestConfigurationClientService.GetItem(String path) in D:\actions-runner\_work\XPCO\XPCO\MIP\MIPSDK\tst\VideoOS.Platform.SDK.UnitTests\EnvironmentTests\TestsWithCorporateShimsBase.cs:line 227&#xD;
   at VideoOS.Platform.Proxy.ConfigApi.ConfigurationApiItemWrapper..ctor(ServerId serverId, String path) in D:\actions-runner\_work\XPCO\XPCO\MIP\PlatformPlugin\VideoOS.Platform\src\Proxy\ConfigApi\ConfigurationApiItemWrapper.cs:line 104&#xD;
   at VideoOS.Platform.ConfigurationItems.Factory.IsItemTypeSupported(ServerId serverId, String itemType) in D:\actions-runner\_work\XPCO\XPCO\MIP\PlatformPlugin\VideoOS.Platform\src\ConfigurationItems\Factory.cs:line 464&#xD;
&#xD;
Factory.IsItemTypeSupportedFactory.IsItemTypeSupported ()The method or operation is not implemented.   at VideoOS.Platform.SDKUnittest.EnvironmentTests.TestConfigurationClientService.GetItem(String path) in D:\actions-runner\_work\XPCO\XPCO\MIP\MIPSDK\tst\VideoOS.Platform.SDK.UnitTests\EnvironmentTests\TestsWithCorporateShimsBase.cs:line 227&#xD;
   at VideoOS.Platform.Proxy.ConfigApi.ConfigurationApiItemWrapper..ctor(ServerId serverId, String path) in D:\actions-runner\_work\XPCO\XPCO\MIP\PlatformPlugin\VideoOS.Platform\src\Proxy\ConfigApi\ConfigurationApiItemWrapper.cs:line 104&#xD;
   at VideoOS.Platform.ConfigurationItems.Factory.IsItemTypeSupported(ServerId serverId, String itemType) in D:\actions-runner\_work\XPCO\XPCO\MIP\PlatformPlugin\VideoOS.Platform\src\ConfigurationItems\Factory.cs:line 464&#xD;
MIP: Error: GetConfiguration (): CustomSetting not found for the given platformDefinitionId: e145597a-ecaf-40a1-99e6-14bb9d45a09e&#xD;
MIP: Error: ConfigurationApiItemWrapper (): ConfigAPI GetItem(): System.NotImplementedException, The method or operation is not implemented.&#xD;
MIP: Error: Factory.IsItemTypeSupported (): Exception source:      VideoOS.Platform.SDK.UnitTests&#xD;
Exception type:        System.NotImplementedException&#xD;
Exception message:     The method or operation is not implemented.&#xD;
Exception target site: GetItem&#xD;
   at VideoOS.Platform.SDKUnittest.EnvironmentTests.TestConfigurationClientService.GetItem(String path) in D:\actions-runner\_work\XPCO\XPCO\MIP\MIPSDK\tst\VideoOS.Platform.SDK.UnitTests\EnvironmentTests\TestsWithCorporateShimsBase.cs:line 227&#xD;
   at VideoOS.Platform.Proxy.ConfigApi.ConfigurationApiItemWrapper..ctor(ServerId serverId, String path) in D:\actions-runner\_work\XPCO\XPCO\MIP\PlatformPlugin\VideoOS.Platform\src\Proxy\ConfigApi\ConfigurationApiItemWrapper.cs:line 104&#xD;
   at VideoOS.Platform.ConfigurationItems.Factory.IsItemTypeSupported(ServerId serverId, String itemType) in D:\actions-runner\_work\XPCO\XPCO\MIP\PlatformPlugin\VideoOS.Platform\src\ConfigurationItems\Factory.cs:line 464&#xD;
&#xD;
Factory.IsItemTypeSupportedFactory.IsItemTypeSupported ()The method or operation is not implemented.   at VideoOS.Platform.SDKUnittest.EnvironmentTests.TestConfigurationClientService.GetItem(String path) in D:\actions-runner\_work\XPCO\XPCO\MIP\MIPSDK\tst\VideoOS.Platform.SDK.UnitTests\EnvironmentTests\TestsWithCorporateShimsBase.cs:line 227&#xD;
   at VideoOS.Platform.Proxy.ConfigApi.ConfigurationApiItemWrapper..ctor(ServerId serverId, String path) in D:\actions-runner\_work\XPCO\XPCO\MIP\PlatformPlugin\VideoOS.Platform\src\Proxy\ConfigApi\ConfigurationApiItemWrapper.cs:line 104&#xD;
   at VideoOS.Platform.ConfigurationItems.Factory.IsItemTypeSupported(ServerId serverId, String itemType) in D:\actions-runner\_work\XPCO\XPCO\MIP\PlatformPlugin\VideoOS.Platform\src\ConfigurationItems\Factory.cs:line 464&#xD;
MIP: Error: LoginServerOauth (): https://1.2.3.5:55/ManagementServer/ServerCommandServiceOAuth.svc The method or operation is not implemented.&#xD;
MIP: Error: ConfigurationApiItemWrapper (): ConfigAPI GetItem(): System.NotImplementedException, The method or operation is not implemented.&#xD;
MIP: Error: Factory.IsItemTypeSupported (): Exception source:      VideoOS.Platform.SDK.UnitTests&#xD;
Exception type:        System.NotImplementedException&#xD;
Exception message:     The method or operation is not implemented.&#xD;
Exception target site: GetItem&#xD;
   at VideoOS.Platform.SDKUnittest.EnvironmentTests.TestConfigurationClientService.GetItem(String path) in D:\actions-runner\_work\XPCO\XPCO\MIP\MIPSDK\tst\VideoOS.Platform.SDK.UnitTests\EnvironmentTests\TestsWithCorporateShimsBase.cs:line 227&#xD;
   at VideoOS.Platform.Proxy.ConfigApi.ConfigurationApiItemWrapper..ctor(ServerId serverId, String path) in D:\actions-runner\_work\XPCO\XPCO\MIP\PlatformPlugin\VideoOS.Platform\src\Proxy\ConfigApi\ConfigurationApiItemWrapper.cs:line 104&#xD;
   at VideoOS.Platform.ConfigurationItems.Factory.IsItemTypeSupported(ServerId serverId, String itemType) in D:\actions-runner\_work\XPCO\XPCO\MIP\PlatformPlugin\VideoOS.Platform\src\ConfigurationItems\Factory.cs:line 464&#xD;
&#xD;
Factory.IsItemTypeSupportedFactory.IsItemTypeSupported ()The method or operation is not implemented.   at VideoOS.Platform.SDKUnittest.EnvironmentTests.TestConfigurationClientService.GetItem(String path) in D:\actions-runner\_work\XPCO\XPCO\MIP\MIPSDK\tst\VideoOS.Platform.SDK.UnitTests\EnvironmentTests\TestsWithCorporateShimsBase.cs:line 227&#xD;
   at VideoOS.Platform.Proxy.ConfigApi.ConfigurationApiItemWrapper..ctor(ServerId serverId, String path) in D:\actions-runner\_work\XPCO\XPCO\MIP\PlatformPlugin\VideoOS.Platform\src\Proxy\ConfigApi\ConfigurationApiItemWrapper.cs:line 104&#xD;
   at VideoOS.Platform.ConfigurationItems.Factory.IsItemTypeSupported(ServerId serverId, String itemType) in D:\actions-runner\_work\XPCO\XPCO\MIP\PlatformPlugin\VideoOS.Platform\src\ConfigurationItems\Factory.cs:line 464&#xD;
MIP: Error: GetConfiguration (): CustomSetting not found for the given platformDefinitionId: e145597a-ecaf-40a1-99e6-14bb9d45a09e&#xD;
MIP: Error: ConfigurationApiItemWrapper (): ConfigAPI GetItem(): System.NotImplementedException, The method or operation is not implemented.&#xD;
MIP: Error: Factory.IsItemTypeSupported (): Exception source:      VideoOS.Platform.SDK.UnitTests&#xD;
Exception type:        System.NotImplementedException&#xD;
Exception message:     The method or operation is not implemented.&#xD;
Exception target site: GetItem&#xD;
   at VideoOS.Platform.SDKUnittest.EnvironmentTests.TestConfigurationClientService.GetItem(String path) in D:\actions-runner\_work\XPCO\XPCO\MIP\MIPSDK\tst\VideoOS.Platform.SDK.UnitTests\EnvironmentTests\TestsWithCorporateShimsBase.cs:line 227&#xD;
   at VideoOS.Platform.Proxy.ConfigApi.ConfigurationApiItemWrapper..ctor(ServerId serverId, String path) in D:\actions-runner\_work\XPCO\XPCO\MIP\PlatformPlugin\VideoOS.Platform\src\Proxy\ConfigApi\ConfigurationApiItemWrapper.cs:line 104&#xD;
   at VideoOS.Platform.ConfigurationItems.Factory.IsItemTypeSupported(ServerId serverId, String itemType) in D:\actions-runner\_work\XPCO\XPCO\MIP\PlatformPlugin\VideoOS.Platform\src\ConfigurationItems\Factory.cs:line 464&#xD;
&#xD;
Factory.IsItemTypeSupportedFactory.IsItemTypeSupported ()The method or operation is not implemented.   at VideoOS.Platform.SDKUnittest.EnvironmentTests.TestConfigurationClientService.GetItem(String path) in D:\actions-runner\_work\XPCO\XPCO\MIP\MIPSDK\tst\VideoOS.Platform.SDK.UnitTests\EnvironmentTests\TestsWithCorporateShimsBase.cs:line 227&#xD;
   at VideoOS.Platform.Proxy.ConfigApi.ConfigurationApiItemWrapper..ctor(ServerId serverId, String path) in D:\actions-runner\_work\XPCO\XPCO\MIP\PlatformPlugin\VideoOS.Platform\src\Proxy\ConfigApi\ConfigurationApiItemWrapper.cs:line 104&#xD;
   at VideoOS.Platform.ConfigurationItems.Factory.IsItemTypeSupported(ServerId serverId, String itemType) in D:\actions-runner\_work\XPCO\XPCO\MIP\PlatformPlugin\VideoOS.Platform\src\ConfigurationItems\Factory.cs:line 464&#xD;
MIP: Error: LoginServerOauth (): https://1.2.3.5:55/ManagementServer/ServerCommandServiceOAuth.svc The method or operation is not implemented.&#xD;
MIP: Error: ConfigurationApiItemWrapper (): ConfigAPI GetItem(): System.NotImplementedException, The method or operation is not implemented.&#xD;
MIP: Error: Factory.IsItemTypeSupported (): Exception source:      VideoOS.Platform.SDK.UnitTests&#xD;
Exception type:        System.NotImplementedException&#xD;
Exception message:     The method or operation is not implemented.&#xD;
Exception target site: GetItem&#xD;
   at VideoOS.Platform.SDKUnittest.EnvironmentTests.TestConfigurationClientService.GetItem(String path) in D:\actions-runner\_work\XPCO\XPCO\MIP\MIPSDK\tst\VideoOS.Platform.SDK.UnitTests\EnvironmentTests\TestsWithCorporateShimsBase.cs:line 227&#xD;
   at VideoOS.Platform.Proxy.ConfigApi.ConfigurationApiItemWrapper..ctor(ServerId serverId, String path) in D:\actions-runner\_work\XPCO\XPCO\MIP\PlatformPlugin\VideoOS.Platform\src\Proxy\ConfigApi\ConfigurationApiItemWrapper.cs:line 104&#xD;
   at VideoOS.Platform.ConfigurationItems.Factory.IsItemTypeSupported(ServerId serverId, String itemType) in D:\actions-runner\_work\XPCO\XPCO\MIP\PlatformPlugin\VideoOS.Platform\src\ConfigurationItems\Factory.cs:line 464&#xD;
&#xD;
Factory.IsItemTypeSupportedFactory.IsItemTypeSupported ()The method or operation is not implemented.   at VideoOS.Platform.SDKUnittest.EnvironmentTests.TestConfigurationClientService.GetItem(String path) in D:\actions-runner\_work\XPCO\XPCO\MIP\MIPSDK\tst\VideoOS.Platform.SDK.UnitTests\EnvironmentTests\TestsWithCorporateShimsBase.cs:line 227&#xD;
   at VideoOS.Platform.Proxy.ConfigApi.ConfigurationApiItemWrapper..ctor(ServerId serverId, String path) in D:\actions-runner\_work\XPCO\XPCO\MIP\PlatformPlugin\VideoOS.Platform\src\Proxy\ConfigApi\ConfigurationApiItemWrapper.cs:line 104&#xD;
   at VideoOS.Platform.ConfigurationItems.Factory.IsItemTypeSupported(ServerId serverId, String itemType) in D:\actions-runner\_work\XPCO\XPCO\MIP\PlatformPlugin\VideoOS.Platform\src\ConfigurationItems\Factory.cs:line 464&#xD;
MIP: Error: ConfigurationApiItemWrapper (): ConfigAPI GetItem(): System.NotImplementedException, The method or operation is not implemented.&#xD;
MIP: Error: Factory.IsItemTypeSupported (): Exception source:      VideoOS.Platform.SDK.UnitTests&#xD;
Exception type:        System.NotImplementedException&#xD;
Exception message:     The method or operation is not implemented.&#xD;
Exception target site: GetItem&#xD;
   at VideoOS.Platform.SDKUnittest.EnvironmentTests.TestConfigurationClientService.GetItem(String path) in D:\actions-runner\_work\XPCO\XPCO\MIP\MIPSDK\tst\VideoOS.Platform.SDK.UnitTests\EnvironmentTests\TestsWithCorporateShimsBase.cs:line 227&#xD;
   at VideoOS.Platform.Proxy.ConfigApi.ConfigurationApiItemWrapper..ctor(ServerId serverId, String path) in D:\actions-runner\_work\XPCO\XPCO\MIP\PlatformPlugin\VideoOS.Platform\src\Proxy\ConfigApi\ConfigurationApiItemWrapper.cs:line 104&#xD;
   at VideoOS.Platform.ConfigurationItems.Factory.IsItemTypeSupported(ServerId serverId, String itemType) in D:\actions-runner\_work\XPCO\XPCO\MIP\PlatformPlugin\VideoOS.Platform\src\ConfigurationItems\Factory.cs:line 464&#xD;
&#xD;
Factory.IsItemTypeSupportedFactory.IsItemTypeSupported ()The method or operation is not implemented.   at VideoOS.Platform.SDKUnittest.EnvironmentTests.TestConfigurationClientService.GetItem(String path) in D:\actions-runner\_work\XPCO\XPCO\MIP\MIPSDK\tst\VideoOS.Platform.SDK.UnitTests\EnvironmentTests\TestsWithCorporateShimsBase.cs:line 227&#xD;
   at VideoOS.Platform.Proxy.ConfigApi.ConfigurationApiItemWrapper..ctor(ServerId serverId, String path) in D:\actions-runner\_work\XPCO\XPCO\MIP\PlatformPlugin\VideoOS.Platform\src\Proxy\ConfigApi\ConfigurationApiItemWrapper.cs:line 104&#xD;
   at VideoOS.Platform.ConfigurationItems.Factory.IsItemTypeSupported(ServerId serverId, String itemType) in D:\actions-runner\_work\XPCO\XPCO\MIP\PlatformPlugin\VideoOS.Platform\src\ConfigurationItems\Factory.cs:line 464&#xD;
MIP: Error: LoginServerOauth (): https://1.2.3.5:55/ManagementServer/ServerCommandServiceOAuth.svc The method or operation is not implemented.&#xD;
MIP: Error: ConfigurationApiItemWrapper (): ConfigAPI GetItem(): System.NotImplementedException, The method or operation is not implemented.&#xD;
MIP: Error: Factory.IsItemTypeSupported (): Exception source:      VideoOS.Platform.SDK.UnitTests&#xD;
Exception type:        System.NotImplementedException&#xD;
Exception message:     The method or operation is not implemented.&#xD;
Exception target site: GetItem&#xD;
   at VideoOS.Platform.SDKUnittest.EnvironmentTests.TestConfigurationClientService.GetItem(String path) in D:\actions-runner\_work\XPCO\XPCO\MIP\MIPSDK\tst\VideoOS.Platform.SDK.UnitTests\EnvironmentTests\TestsWithCorporateShimsBase.cs:line 227&#xD;
   at VideoOS.Platform.Proxy.ConfigApi.ConfigurationApiItemWrapper..ctor(ServerId serverId, String path) in D:\actions-runner\_work\XPCO\XPCO\MIP\PlatformPlugin\VideoOS.Platform\src\Proxy\ConfigApi\ConfigurationApiItemWrapper.cs:line 104&#xD;
   at VideoOS.Platform.ConfigurationItems.Factory.IsItemTypeSupported(ServerId serverId, String itemType) in D:\actions-runner\_work\XPCO\XPCO\MIP\PlatformPlugin\VideoOS.Platform\src\ConfigurationItems\Factory.cs:line 464&#xD;
&#xD;
Factory.IsItemTypeSupportedFactory.IsItemTypeSupported ()The method or operation is not implemented.   at VideoOS.Platform.SDKUnittest.EnvironmentTests.TestConfigurationClientService.GetItem(String path) in D:\actions-runner\_work\XPCO\XPCO\MIP\MIPSDK\tst\VideoOS.Platform.SDK.UnitTests\EnvironmentTests\TestsWithCorporateShimsBase.cs:line 227&#xD;
   at VideoOS.Platform.Proxy.ConfigApi.ConfigurationApiItemWrapper..ctor(ServerId serverId, String path) in D:\actions-runner\_work\XPCO\XPCO\MIP\PlatformPlugin\VideoOS.Platform\src\Proxy\ConfigApi\ConfigurationApiItemWrapper.cs:line 104&#xD;
   at VideoOS.Platform.ConfigurationItems.Factory.IsItemTypeSupported(ServerId serverId, String itemType) in D:\actions-runner\_work\XPCO\XPCO\MIP\PlatformPlugin\VideoOS.Platform\src\ConfigurationItems\Factory.cs:line 464&#xD;
MIP: Error: GetConfiguration (): CustomSetting not found for the given platformDefinitionId: e145597a-ecaf-40a1-99e6-14bb9d45a09e&#xD;
MIP: Error: ConfigurationApiItemWrapper (): ConfigAPI GetItem(): System.NotImplementedException, The method or operation is not implemented.&#xD;
MIP: Error: Factory.IsItemTypeSupported (): Exception source:      VideoOS.Platform.SDK.UnitTests&#xD;
Exception type:        System.NotImplementedException&#xD;
Exception message:     The method or operation is not implemented.&#xD;
Exception target site: GetItem&#xD;
   at VideoOS.Platform.SDKUnittest.EnvironmentTests.TestConfigurationClientService.GetItem(String path) in D:\actions-runner\_work\XPCO\XPCO\MIP\MIPSDK\tst\VideoOS.Platform.SDK.UnitTests\EnvironmentTests\TestsWithCorporateShimsBase.cs:line 227&#xD;
   at VideoOS.Platform.Proxy.ConfigApi.ConfigurationApiItemWrapper..ctor(ServerId serverId, String path) in D:\actions-runner\_work\XPCO\XPCO\MIP\PlatformPlugin\VideoOS.Platform\src\Proxy\ConfigApi\ConfigurationApiItemWrapper.cs:line 104&#xD;
   at VideoOS.Platform.ConfigurationItems.Factory.IsItemTypeSupported(ServerId serverId, String itemType) in D:\actions-runner\_work\XPCO\XPCO\MIP\PlatformPlugin\VideoOS.Platform\src\ConfigurationItems\Factory.cs:line 464&#xD;
&#xD;
Factory.IsItemTypeSupportedFactory.IsItemTypeSupported ()The method or operation is not implemented.   at VideoOS.Platform.SDKUnittest.EnvironmentTests.TestConfigurationClientService.GetItem(String path) in D:\actions-runner\_work\XPCO\XPCO\MIP\MIPSDK\tst\VideoOS.Platform.SDK.UnitTests\EnvironmentTests\TestsWithCorporateShimsBase.cs:line 227&#xD;
   at VideoOS.Platform.Proxy.ConfigApi.ConfigurationApiItemWrapper..ctor(ServerId serverId, String path) in D:\actions-runner\_work\XPCO\XPCO\MIP\PlatformPlugin\VideoOS.Platform\src\Proxy\ConfigApi\ConfigurationApiItemWrapper.cs:line 104&#xD;
   at VideoOS.Platform.ConfigurationItems.Factory.IsItemTypeSupported(ServerId serverId, String itemType) in D:\actions-runner\_work\XPCO\XPCO\MIP\PlatformPlugin\VideoOS.Platform\src\ConfigurationItems\Factory.cs:line 464&#xD;
MIP: Error: LoginServerOauth (): https://1.2.3.5:55/ManagementServer/ServerCommandServiceOAuth.svc The method or operation is not implemented.&#xD;
MIP: Error: ConfigurationApiItemWrapper (): ConfigAPI GetItem(): System.NotImplementedException, The method or operation is not implemented.&#xD;
MIP: Error: Factory.IsItemTypeSupported (): Exception source:      VideoOS.Platform.SDK.UnitTests&#xD;
Exception type:        System.NotImplementedException&#xD;
Exception message:     The method or operation is not implemented.&#xD;
Exception target site: GetItem&#xD;
   at VideoOS.Platform.SDKUnittest.EnvironmentTests.TestConfigurationClientService.GetItem(String path) in D:\actions-runner\_work\XPCO\XPCO\MIP\MIPSDK\tst\VideoOS.Platform.SDK.UnitTests\EnvironmentTests\TestsWithCorporateShimsBase.cs:line 227&#xD;
   at VideoOS.Platform.Proxy.ConfigApi.ConfigurationApiItemWrapper..ctor(ServerId serverId, String path) in D:\actions-runner\_work\XPCO\XPCO\MIP\PlatformPlugin\VideoOS.Platform\src\Proxy\ConfigApi\ConfigurationApiItemWrapper.cs:line 104&#xD;
   at VideoOS.Platform.ConfigurationItems.Factory.IsItemTypeSupported(ServerId serverId, String itemType) in D:\actions-runner\_work\XPCO\XPCO\MIP\PlatformPlugin\VideoOS.Platform\src\ConfigurationItems\Factory.cs:line 464&#xD;
&#xD;
Factory.IsItemTypeSupportedFactory.IsItemTypeSupported ()The method or operation is not implemented.   at VideoOS.Platform.SDKUnittest.EnvironmentTests.TestConfigurationClientService.GetItem(String path) in D:\actions-runner\_work\XPCO\XPCO\MIP\MIPSDK\tst\VideoOS.Platform.SDK.UnitTests\EnvironmentTests\TestsWithCorporateShimsBase.cs:line 227&#xD;
   at VideoOS.Platform.Proxy.ConfigApi.ConfigurationApiItemWrapper..ctor(ServerId serverId, String path) in D:\actions-runner\_work\XPCO\XPCO\MIP\PlatformPlugin\VideoOS.Platform\src\Proxy\ConfigApi\ConfigurationApiItemWrapper.cs:line 104&#xD;
   at VideoOS.Platform.ConfigurationItems.Factory.IsItemTypeSupported(ServerId serverId, String itemType) in D:\actions-runner\_work\XPCO\XPCO\MIP\PlatformPlugin\VideoOS.Platform\src\ConfigurationItems\Factory.cs:line 464&#xD;
MIP: Error: ConfigurationApiItemWrapper (): ConfigAPI GetItem(): System.NotImplementedException, The method or operation is not implemented.&#xD;
MIP: Error: Factory.IsItemTypeSupported (): Exception source:      VideoOS.Platform.SDK.UnitTests&#xD;
Exception type:        System.NotImplementedException&#xD;
Exception message:     The method or operation is not implemented.&#xD;
Exception target site: GetItem&#xD;
   at VideoOS.Platform.SDKUnittest.EnvironmentTests.TestConfigurationClientService.GetItem(String path) in D:\actions-runner\_work\XPCO\XPCO\MIP\MIPSDK\tst\VideoOS.Platform.SDK.UnitTests\EnvironmentTests\TestsWithCorporateShimsBase.cs:line 227&#xD;
   at VideoOS.Platform.Proxy.ConfigApi.ConfigurationApiItemWrapper..ctor(ServerId serverId, String path) in D:\actions-runner\_work\XPCO\XPCO\MIP\PlatformPlugin\VideoOS.Platform\src\Proxy\ConfigApi\ConfigurationApiItemWrapper.cs:line 104&#xD;
   at VideoOS.Platform.ConfigurationItems.Factory.IsItemTypeSupported(ServerId serverId, String itemType) in D:\actions-runner\_work\XPCO\XPCO\MIP\PlatformPlugin\VideoOS.Platform\src\ConfigurationItems\Factory.cs:line 464&#xD;
&#xD;
Factory.IsItemTypeSupportedFactory.IsItemTypeSupported ()The method or operation is not implemented.   at VideoOS.Platform.SDKUnittest.EnvironmentTests.TestConfigurationClientService.GetItem(String path) in D:\actions-runner\_work\XPCO\XPCO\MIP\MIPSDK\tst\VideoOS.Platform.SDK.UnitTests\EnvironmentTests\TestsWithCorporateShimsBase.cs:line 227&#xD;
   at VideoOS.Platform.Proxy.ConfigApi.ConfigurationApiItemWrapper..ctor(ServerId serverId, String path) in D:\actions-runner\_work\XPCO\XPCO\MIP\PlatformPlugin\VideoOS.Platform\src\Proxy\ConfigApi\ConfigurationApiItemWrapper.cs:line 104&#xD;
   at VideoOS.Platform.ConfigurationItems.Factory.IsItemTypeSupported(ServerId serverId, String itemType) in D:\actions-runner\_work\XPCO\XPCO\MIP\PlatformPlugin\VideoOS.Platform\src\ConfigurationItems\Factory.cs:line 464&#xD;
MIP: Error: LoginServerOauth (): https://1.2.3.5:55/ManagementServer/ServerCommandServiceOAuth.svc The method or operation is not implemented.&#xD;
MIP: Error: ConfigurationApiItemWrapper (): ConfigAPI GetItem(): System.NotImplementedException, The method or operation is not implemented.&#xD;
MIP: Error: Factory.IsItemTypeSupported (): Exception source:      VideoOS.Platform.SDK.UnitTests&#xD;
Exception type:        System.NotImplementedException&#xD;
Exception message:     The method or operation is not implemented.&#xD;
Exception target site: GetItem&#xD;
   at VideoOS.Platform.SDKUnittest.EnvironmentTests.TestConfigurationClientService.GetItem(String path) in D:\actions-runner\_work\XPCO\XPCO\MIP\MIPSDK\tst\VideoOS.Platform.SDK.UnitTests\EnvironmentTests\TestsWithCorporateShimsBase.cs:line 227&#xD;
   at VideoOS.Platform.Proxy.ConfigApi.ConfigurationApiItemWrapper..ctor(ServerId serverId, String path) in D:\actions-runner\_work\XPCO\XPCO\MIP\PlatformPlugin\VideoOS.Platform\src\Proxy\ConfigApi\ConfigurationApiItemWrapper.cs:line 104&#xD;
   at VideoOS.Platform.ConfigurationItems.Factory.IsItemTypeSupported(ServerId serverId, String itemType) in D:\actions-runner\_work\XPCO\XPCO\MIP\PlatformPlugin\VideoOS.Platform\src\ConfigurationItems\Factory.cs:line 464&#xD;
&#xD;
Factory.IsItemTypeSupportedFactory.IsItemTypeSupported ()The method or operation is not implemented.   at VideoOS.Platform.SDKUnittest.EnvironmentTests.TestConfigurationClientService.GetItem(String path) in D:\actions-runner\_work\XPCO\XPCO\MIP\MIPSDK\tst\VideoOS.Platform.SDK.UnitTests\EnvironmentTests\TestsWithCorporateShimsBase.cs:line 227&#xD;
   at VideoOS.Platform.Proxy.ConfigApi.ConfigurationApiItemWrapper..ctor(ServerId serverId, String path) in D:\actions-runner\_work\XPCO\XPCO\MIP\PlatformPlugin\VideoOS.Platform\src\Proxy\ConfigApi\ConfigurationApiItemWrapper.cs:line 104&#xD;
   at VideoOS.Platform.ConfigurationItems.Factory.IsItemTypeSupported(ServerId serverId, String itemType) in D:\actions-runner\_work\XPCO\XPCO\MIP\PlatformPlugin\VideoOS.Platform\src\ConfigurationItems\Factory.cs:line 464&#xD;
MIP: Error: GetConfiguration (): CustomSetting not found for the given platformDefinitionId: e145597a-ecaf-40a1-99e6-14bb9d45a09e&#xD;
MIP: Error: ConfigurationApiItemWrapper (): ConfigAPI GetItem(): System.NotImplementedException, The method or operation is not implemented.&#xD;
MIP: Error: Factory.IsItemTypeSupported (): Exception source:      VideoOS.Platform.SDK.UnitTests&#xD;
Exception type:        System.NotImplementedException&#xD;
Exception message:     The method or operation is not implemented.&#xD;
Exception target site: GetItem&#xD;
   at VideoOS.Platform.SDKUnittest.EnvironmentTests.TestConfigurationClientService.GetItem(String path) in D:\actions-runner\_work\XPCO\XPCO\MIP\MIPSDK\tst\VideoOS.Platform.SDK.UnitTests\EnvironmentTests\TestsWithCorporateShimsBase.cs:line 227&#xD;
   at VideoOS.Platform.Proxy.ConfigApi.ConfigurationApiItemWrapper..ctor(ServerId serverId, String path) in D:\actions-runner\_work\XPCO\XPCO\MIP\PlatformPlugin\VideoOS.Platform\src\Proxy\ConfigApi\ConfigurationApiItemWrapper.cs:line 104&#xD;
   at VideoOS.Platform.ConfigurationItems.Factory.IsItemTypeSupported(ServerId serverId, String itemType) in D:\actions-runner\_work\XPCO\XPCO\MIP\PlatformPlugin\VideoOS.Platform\src\ConfigurationItems\Factory.cs:line 464&#xD;
&#xD;
Factory.IsItemTypeSupportedFactory.IsItemTypeSupported ()The method or operation is not implemented.   at VideoOS.Platform.SDKUnittest.EnvironmentTests.TestConfigurationClientService.GetItem(String path) in D:\actions-runner\_work\XPCO\XPCO\MIP\MIPSDK\tst\VideoOS.Platform.SDK.UnitTests\EnvironmentTests\TestsWithCorporateShimsBase.cs:line 227&#xD;
   at VideoOS.Platform.Proxy.ConfigApi.ConfigurationApiItemWrapper..ctor(ServerId serverId, String path) in D:\actions-runner\_work\XPCO\XPCO\MIP\PlatformPlugin\VideoOS.Platform\src\Proxy\ConfigApi\ConfigurationApiItemWrapper.cs:line 104&#xD;
   at VideoOS.Platform.ConfigurationItems.Factory.IsItemTypeSupported(ServerId serverId, String itemType) in D:\actions-runner\_work\XPCO\XPCO\MIP\PlatformPlugin\VideoOS.Platform\src\ConfigurationItems\Factory.cs:line 464&#xD;
MIP: Error: LoginServerOauth (): https://1.2.3.5:55/ManagementServer/ServerCommandServiceOAuth.svc The method or operation is not implemented.&#xD;
MIP: Error: ConfigurationApiItemWrapper (): ConfigAPI GetItem(): System.NotImplementedException, The method or operation is not implemented.&#xD;
MIP: Error: Factory.IsItemTypeSupported (): Exception source:      VideoOS.Platform.SDK.UnitTests&#xD;
Exception type:        System.NotImplementedException&#xD;
Exception message:     The method or operation is not implemented.&#xD;
Exception target site: GetItem&#xD;
   at VideoOS.Platform.SDKUnittest.EnvironmentTests.TestConfigurationClientService.GetItem(String path) in D:\actions-runner\_work\XPCO\XPCO\MIP\MIPSDK\tst\VideoOS.Platform.SDK.UnitTests\EnvironmentTests\TestsWithCorporateShimsBase.cs:line 227&#xD;
   at VideoOS.Platform.Proxy.ConfigApi.ConfigurationApiItemWrapper..ctor(ServerId serverId, String path) in D:\actions-runner\_work\XPCO\XPCO\MIP\PlatformPlugin\VideoOS.Platform\src\Proxy\ConfigApi\ConfigurationApiItemWrapper.cs:line 104&#xD;
   at VideoOS.Platform.ConfigurationItems.Factory.IsItemTypeSupported(ServerId serverId, String itemType) in D:\actions-runner\_work\XPCO\XPCO\MIP\PlatformPlugin\VideoOS.Platform\src\ConfigurationItems\Factory.cs:line 464&#xD;
&#xD;
Factory.IsItemTypeSupportedFactory.IsItemTypeSupported ()The method or operation is not implemented.   at VideoOS.Platform.SDKUnittest.EnvironmentTests.TestConfigurationClientService.GetItem(String path) in D:\actions-runner\_work\XPCO\XPCO\MIP\MIPSDK\tst\VideoOS.Platform.SDK.UnitTests\EnvironmentTests\TestsWithCorporateShimsBase.cs:line 227&#xD;
   at VideoOS.Platform.Proxy.ConfigApi.ConfigurationApiItemWrapper..ctor(ServerId serverId, String path) in D:\actions-runner\_work\XPCO\XPCO\MIP\PlatformPlugin\VideoOS.Platform\src\Proxy\ConfigApi\ConfigurationApiItemWrapper.cs:line 104&#xD;
   at VideoOS.Platform.ConfigurationItems.Factory.IsItemTypeSupported(ServerId serverId, String itemType) in D:\actions-runner\_work\XPCO\XPCO\MIP\PlatformPlugin\VideoOS.Platform\src\ConfigurationItems\Factory.cs:line 464&#xD;
MIP: Error: ConfigurationApiItemWrapper (): ConfigAPI GetItem(): System.NotImplementedException, The method or operation is not implemented.&#xD;
MIP: Error: Factory.IsItemTypeSupported (): Exception source:      VideoOS.Platform.SDK.UnitTests&#xD;
Exception type:        System.NotImplementedException&#xD;
Exception message:     The method or operation is not implemented.&#xD;
Exception target site: GetItem&#xD;
   at VideoOS.Platform.SDKUnittest.EnvironmentTests.TestConfigurationClientService.GetItem(String path) in D:\actions-runner\_work\XPCO\XPCO\MIP\MIPSDK\tst\VideoOS.Platform.SDK.UnitTests\EnvironmentTests\TestsWithCorporateShimsBase.cs:line 227&#xD;
   at VideoOS.Platform.Proxy.ConfigApi.ConfigurationApiItemWrapper..ctor(ServerId serverId, String path) in D:\actions-runner\_work\XPCO\XPCO\MIP\PlatformPlugin\VideoOS.Platform\src\Proxy\ConfigApi\ConfigurationApiItemWrapper.cs:line 104&#xD;
   at VideoOS.Platform.ConfigurationItems.Factory.IsItemTypeSupported(ServerId serverId, String itemType) in D:\actions-runner\_work\XPCO\XPCO\MIP\PlatformPlugin\VideoOS.Platform\src\ConfigurationItems\Factory.cs:line 464&#xD;
&#xD;
Factory.IsItemTypeSupportedFactory.IsItemTypeSupported ()The method or operation is not implemented.   at VideoOS.Platform.SDKUnittest.EnvironmentTests.TestConfigurationClientService.GetItem(String path) in D:\actions-runner\_work\XPCO\XPCO\MIP\MIPSDK\tst\VideoOS.Platform.SDK.UnitTests\EnvironmentTests\TestsWithCorporateShimsBase.cs:line 227&#xD;
   at VideoOS.Platform.Proxy.ConfigApi.ConfigurationApiItemWrapper..ctor(ServerId serverId, String path) in D:\actions-runner\_work\XPCO\XPCO\MIP\PlatformPlugin\VideoOS.Platform\src\Proxy\ConfigApi\ConfigurationApiItemWrapper.cs:line 104&#xD;
   at VideoOS.Platform.ConfigurationItems.Factory.IsItemTypeSupported(ServerId serverId, String itemType) in D:\actions-runner\_work\XPCO\XPCO\MIP\PlatformPlugin\VideoOS.Platform\src\ConfigurationItems\Factory.cs:line 464&#xD;
MIP: Error: LoginServerOauth (): https://1.2.3.5:55/ManagementServer/ServerCommandServiceOAuth.svc The method or operation is not implemented.&#xD;
MIP: Error: ConfigurationApiItemWrapper (): ConfigAPI GetItem(): System.NotImplementedException, The method or operation is not implemented.&#xD;
MIP: Error: Factory.IsItemTypeSupported (): Exception source:      VideoOS.Platform.SDK.UnitTests&#xD;
Exception type:        System.NotImplementedException&#xD;
Exception message:     The method or operation is not implemented.&#xD;
Exception target site: GetItem&#xD;
   at VideoOS.Platform.SDKUnittest.EnvironmentTests.TestConfigurationClientService.GetItem(String path) in D:\actions-runner\_work\XPCO\XPCO\MIP\MIPSDK\tst\VideoOS.Platform.SDK.UnitTests\EnvironmentTests\TestsWithCorporateShimsBase.cs:line 227&#xD;
   at VideoOS.Platform.Proxy.ConfigApi.ConfigurationApiItemWrapper..ctor(ServerId serverId, String path) in D:\actions-runner\_work\XPCO\XPCO\MIP\PlatformPlugin\VideoOS.Platform\src\Proxy\ConfigApi\ConfigurationApiItemWrapper.cs:line 104&#xD;
   at VideoOS.Platform.ConfigurationItems.Factory.IsItemTypeSupported(ServerId serverId, String itemType) in D:\actions-runner\_work\XPCO\XPCO\MIP\PlatformPlugin\VideoOS.Platform\src\ConfigurationItems\Factory.cs:line 464&#xD;
&#xD;
Factory.IsItemTypeSupportedFactory.IsItemTypeSupported ()The method or operation is not implemented.   at VideoOS.Platform.SDKUnittest.EnvironmentTests.TestConfigurationClientService.GetItem(String path) in D:\actions-runner\_work\XPCO\XPCO\MIP\MIPSDK\tst\VideoOS.Platform.SDK.UnitTests\EnvironmentTests\TestsWithCorporateShimsBase.cs:line 227&#xD;
   at VideoOS.Platform.Proxy.ConfigApi.ConfigurationApiItemWrapper..ctor(ServerId serverId, String path) in D:\actions-runner\_work\XPCO\XPCO\MIP\PlatformPlugin\VideoOS.Platform\src\Proxy\ConfigApi\ConfigurationApiItemWrapper.cs:line 104&#xD;
   at VideoOS.Platform.ConfigurationItems.Factory.IsItemTypeSupported(ServerId serverId, String itemType) in D:\actions-runner\_work\XPCO\XPCO\MIP\PlatformPlugin\VideoOS.Platform\src\ConfigurationItems\Factory.cs:line 464&#xD;
MIP: Error: GetConfiguration (): CustomSetting not found for the given platformDefinitionId: e145597a-ecaf-40a1-99e6-14bb9d45a09e&#xD;
MIP: Error: ConfigurationApiItemWrapper (): ConfigAPI GetItem(): System.NotImplementedException, The method or operation is not implemented.&#xD;
MIP: Error: Factory.IsItemTypeSupported (): Exception source:      VideoOS.Platform.SDK.UnitTests&#xD;
Exception type:        System.NotImplementedException&#xD;
Exception message:     The method or operation is not implemented.&#xD;
Exception target site: GetItem&#xD;
   at VideoOS.Platform.SDKUnittest.EnvironmentTests.TestConfigurationClientService.GetItem(String path) in D:\actions-runner\_work\XPCO\XPCO\MIP\MIPSDK\tst\VideoOS.Platform.SDK.UnitTests\EnvironmentTests\TestsWithCorporateShimsBase.cs:line 227&#xD;
   at VideoOS.Platform.Proxy.ConfigApi.ConfigurationApiItemWrapper..ctor(ServerId serverId, String path) in D:\actions-runner\_work\XPCO\XPCO\MIP\PlatformPlugin\VideoOS.Platform\src\Proxy\ConfigApi\ConfigurationApiItemWrapper.cs:line 104&#xD;
   at VideoOS.Platform.ConfigurationItems.Factory.IsItemTypeSupported(ServerId serverId, String itemType) in D:\actions-runner\_work\XPCO\XPCO\MIP\PlatformPlugin\VideoOS.Platform\src\ConfigurationItems\Factory.cs:line 464&#xD;
&#xD;
Factory.IsItemTypeSupportedFactory.IsItemTypeSupported ()The method or operation is not implemented.   at VideoOS.Platform.SDKUnittest.EnvironmentTests.TestConfigurationClientService.GetItem(String path) in D:\actions-runner\_work\XPCO\XPCO\MIP\MIPSDK\tst\VideoOS.Platform.SDK.UnitTests\EnvironmentTests\TestsWithCorporateShimsBase.cs:line 227&#xD;
   at VideoOS.Platform.Proxy.ConfigApi.ConfigurationApiItemWrapper..ctor(ServerId serverId, String path) in D:\actions-runner\_work\XPCO\XPCO\MIP\PlatformPlugin\VideoOS.Platform\src\Proxy\ConfigApi\ConfigurationApiItemWrapper.cs:line 104&#xD;
   at VideoOS.Platform.ConfigurationItems.Factory.IsItemTypeSupported(ServerId serverId, String itemType) in D:\actions-runner\_work\XPCO\XPCO\MIP\PlatformPlugin\VideoOS.Platform\src\ConfigurationItems\Factory.cs:line 464&#xD;
MIP: Error: LoginServerOauth (): https://1.2.3.5:55/ManagementServer/ServerCommandServiceOAuth.svc The method or operation is not implemented.&#xD;
MIP: Error: ConfigurationApiItemWrapper (): ConfigAPI GetItem(): System.NotImplementedException, The method or operation is not implemented.&#xD;
MIP: Error: ConfigurationAsync::BuildTopLevelItems LoadPlugin Loop (): Exception source:      VideoOS.Platform.SDK.UnitTests&#xD;
Exception type:        System.NotImplementedException&#xD;
Exception message:     The method or operation is not implemented.&#xD;
Exception target site: GetItem&#xD;
   at VideoOS.Platform.SDKUnittest.EnvironmentTests.TestConfigurationClientService.GetItem(String path) in D:\actions-runner\_work\XPCO\XPCO\MIP\MIPSDK\tst\VideoOS.Platform.SDK.UnitTests\EnvironmentTests\TestsWithCorporateShimsBase.cs:line 227&#xD;
   at VideoOS.Platform.Proxy.ConfigApi.ConfigurationApiItemWrapper..ctor(ServerId serverId, String path) in D:\actions-runner\_work\XPCO\XPCO\MIP\PlatformPlugin\VideoOS.Platform\src\Proxy\ConfigApi\ConfigurationApiItemWrapper.cs:line 104&#xD;
   at VideoOS.Platform.Util.VideoWall.LayoutGroupItemManager.GetItem(FQID fqid) in D:\actions-runner\_work\XPCO\XPCO\MIP\PlatformPlugin\VideoOS.Platform\src\Util\VideoWall\LayoutGroupItemManager.cs:line 57&#xD;
   at VideoOS.Platform.SDK.Platform.ConfigurationAsync.GetItems(Guid kind, ItemHierarchy itemHierarchy) in D:\actions-runner\_work\XPCO\XPCO\MIP\MIPSDK\prod\VideoOS.Platform.SDK\Platform\ConfigurationAsync.cs:line 163&#xD;
&#xD;
ConfigurationAsync::BuildTopLevelItems LoadPlugin LoopConfigurationAsync::BuildTopLevelItems LoadPlugin Loop ()The method or operation is not implemented.   at VideoOS.Platform.SDKUnittest.EnvironmentTests.TestConfigurationClientService.GetItem(String path) in D:\actions-runner\_work\XPCO\XPCO\MIP\MIPSDK\tst\VideoOS.Platform.SDK.UnitTests\EnvironmentTests\TestsWithCorporateShimsBase.cs:line 227&#xD;
   at VideoOS.Platform.Proxy.ConfigApi.ConfigurationApiItemWrapper..ctor(ServerId serverId, String path) in D:\actions-runner\_work\XPCO\XPCO\MIP\PlatformPlugin\VideoOS.Platform\src\Proxy\ConfigApi\ConfigurationApiItemWrapper.cs:line 104&#xD;
   at VideoOS.Platform.Util.VideoWall.LayoutGroupItemManager.GetItem(FQID fqid) in D:\actions-runner\_work\XPCO\XPCO\MIP\PlatformPlugin\VideoOS.Platform\src\Util\VideoWall\LayoutGroupItemManager.cs:line 57&#xD;
   at VideoOS.Platform.SDK.Platform.ConfigurationAsync.GetItems(Guid kind, ItemHierarchy itemHierarchy) in D:\actions-runner\_work\XPCO\XPCO\MIP\MIPSDK\prod\VideoOS.Platform.SDK\Platform\ConfigurationAsync.cs:line 163&#xD;
MIP: Error: ConfigurationApiItemWrapper (): ConfigAPI GetItem(): System.NotImplementedException, The method or operation is not implemented.&#xD;
MIP: Error: ConfigurationAsync::BuildTopLevelItems LoadPlugin Loop (): Exception source:      VideoOS.Platform.SDK.UnitTests&#xD;
Exception type:        System.NotImplementedException&#xD;
Exception message:     The method or operation is not implemented.&#xD;
Exception target site: GetItem&#xD;
   at VideoOS.Platform.SDKUnittest.EnvironmentTests.TestConfigurationClientService.GetItem(String path) in D:\actions-runner\_work\XPCO\XPCO\MIP\MIPSDK\tst\VideoOS.Platform.SDK.UnitTests\EnvironmentTests\TestsWithCorporateShimsBase.cs:line 227&#xD;
   at VideoOS.Platform.Proxy.ConfigApi.ConfigurationApiItemWrapper..ctor(ServerId serverId, String path) in D:\actions-runner\_work\XPCO\XPCO\MIP\PlatformPlugin\VideoOS.Platform\src\Proxy\ConfigApi\ConfigurationApiItemWrapper.cs:line 104&#xD;
   at VideoOS.Platform.Util.VideoWall.LayoutGroupItemManager.GetItem(FQID fqid) in D:\actions-runner\_work\XPCO\XPCO\MIP\PlatformPlugin\VideoOS.Platform\src\Util\VideoWall\LayoutGroupItemManager.cs:line 57&#xD;
   at VideoOS.Platform.SDK.Platform.ConfigurationAsync.GetItems(Guid kind, ItemHierarchy itemHierarchy) in D:\actions-runner\_work\XPCO\XPCO\MIP\MIPSDK\prod\VideoOS.Platform.SDK\Platform\ConfigurationAsync.cs:line 163&#xD;
&#xD;
ConfigurationAsync::BuildTopLevelItems LoadPlugin LoopConfigurationAsync::BuildTopLevelItems LoadPlugin Loop ()The method or operation is not implemented.   at VideoOS.Platform.SDKUnittest.EnvironmentTests.TestConfigurationClientService.GetItem(String path) in D:\actions-runner\_work\XPCO\XPCO\MIP\MIPSDK\tst\VideoOS.Platform.SDK.UnitTests\EnvironmentTests\TestsWithCorporateShimsBase.cs:line 227&#xD;
   at VideoOS.Platform.Proxy.ConfigApi.ConfigurationApiItemWrapper..ctor(ServerId serverId, String path) in D:\actions-runner\_work\XPCO\XPCO\MIP\PlatformPlugin\VideoOS.Platform\src\Proxy\ConfigApi\ConfigurationApiItemWrapper.cs:line 104&#xD;
   at VideoOS.Platform.Util.VideoWall.LayoutGroupItemManager.GetItem(FQID fqid) in D:\actions-runner\_work\XPCO\XPCO\MIP\PlatformPlugin\VideoOS.Platform\src\Util\VideoWall\LayoutGroupItemManager.cs:line 57&#xD;
   at VideoOS.Platform.SDK.Platform.ConfigurationAsync.GetItems(Guid kind, ItemHierarchy itemHierarchy) in D:\actions-runner\_work\XPCO\XPCO\MIP\MIPSDK\prod\VideoOS.Platform.SDK\Platform\ConfigurationAsync.cs:line 163&#xD;
MIP: Error: ConfigurationApiItemWrapper (): ConfigAPI GetItem(): System.NotImplementedException, The method or operation is not implemented.&#xD;
MIP: Error: Factory.IsItemTypeSupported (): Exception source:      VideoOS.Platform.SDK.UnitTests&#xD;
Exception type:        System.NotImplementedException&#xD;
Exception message:     The method or operation is not implemented.&#xD;
Exception target site: GetItem&#xD;
   at VideoOS.Platform.SDKUnittest.EnvironmentTests.TestConfigurationClientService.GetItem(String path) in D:\actions-runner\_work\XPCO\XPCO\MIP\MIPSDK\tst\VideoOS.Platform.SDK.UnitTests\EnvironmentTests\TestsWithCorporateShimsBase.cs:line 227&#xD;
   at VideoOS.Platform.Proxy.ConfigApi.ConfigurationApiItemWrapper..ctor(ServerId serverId, String path) in D:\actions-runner\_work\XPCO\XPCO\MIP\PlatformPlugin\VideoOS.Platform\src\Proxy\ConfigApi\ConfigurationApiItemWrapper.cs:line 104&#xD;
   at VideoOS.Platform.ConfigurationItems.Factory.IsItemTypeSupported(ServerId serverId, String itemType) in D:\actions-runner\_work\XPCO\XPCO\MIP\PlatformPlugin\VideoOS.Platform\src\ConfigurationItems\Factory.cs:line 464&#xD;
&#xD;
Factory.IsItemTypeSupportedFactory.IsItemTypeSupported ()The method or operation is not implemented.   at VideoOS.Platform.SDKUnittest.EnvironmentTests.TestConfigurationClientService.GetItem(String path) in D:\actions-runner\_work\XPCO\XPCO\MIP\MIPSDK\tst\VideoOS.Platform.SDK.UnitTests\EnvironmentTests\TestsWithCorporateShimsBase.cs:line 227&#xD;
   at VideoOS.Platform.Proxy.ConfigApi.ConfigurationApiItemWrapper..ctor(ServerId serverId, String path) in D:\actions-runner\_work\XPCO\XPCO\MIP\PlatformPlugin\VideoOS.Platform\src\Proxy\ConfigApi\ConfigurationApiItemWrapper.cs:line 104&#xD;
   at VideoOS.Platform.ConfigurationItems.Factory.IsItemTypeSupported(ServerId serverId, String itemType) in D:\actions-runner\_work\XPCO\XPCO\MIP\PlatformPlugin\VideoOS.Platform\src\ConfigurationItems\Factory.cs:line 464&#xD;
MIP: Error: ConfigurationApiItemWrapper (): ConfigAPI GetItem(): System.NotImplementedException, The method or operation is not implemented.&#xD;
MIP: Error: Factory.IsItemTypeSupported (): Exception source:      VideoOS.Platform.SDK.UnitTests&#xD;
Exception type:        System.NotImplementedException&#xD;
Exception message:     The method or operation is not implemented.&#xD;
Exception target site: GetItem&#xD;
   at VideoOS.Platform.SDKUnittest.EnvironmentTests.TestConfigurationClientService.GetItem(String path) in D:\actions-runner\_work\XPCO\XPCO\MIP\MIPSDK\tst\VideoOS.Platform.SDK.UnitTests\EnvironmentTests\TestsWithCorporateShimsBase.cs:line 227&#xD;
   at VideoOS.Platform.Proxy.ConfigApi.ConfigurationApiItemWrapper..ctor(ServerId serverId, String path) in D:\actions-runner\_work\XPCO\XPCO\MIP\PlatformPlugin\VideoOS.Platform\src\Proxy\ConfigApi\ConfigurationApiItemWrapper.cs:line 104&#xD;
   at VideoOS.Platform.ConfigurationItems.Factory.IsItemTypeSupported(ServerId serverId, String itemType) in D:\actions-runner\_work\XPCO\XPCO\MIP\PlatformPlugin\VideoOS.Platform\src\ConfigurationItems\Factory.cs:line 464&#xD;
&#xD;
Factory.IsItemTypeSupportedFactory.IsItemTypeSupported ()The method or operation is not implemented.   at VideoOS.Platform.SDKUnittest.EnvironmentTests.TestConfigurationClientService.GetItem(String path) in D:\actions-runner\_work\XPCO\XPCO\MIP\MIPSDK\tst\VideoOS.Platform.SDK.UnitTests\EnvironmentTests\TestsWithCorporateShimsBase.cs:line 227&#xD;
   at VideoOS.Platform.Proxy.ConfigApi.ConfigurationApiItemWrapper..ctor(ServerId serverId, String path) in D:\actions-runner\_work\XPCO\XPCO\MIP\PlatformPlugin\VideoOS.Platform\src\Proxy\ConfigApi\ConfigurationApiItemWrapper.cs:line 104&#xD;
   at VideoOS.Platform.ConfigurationItems.Factory.IsItemTypeSupported(ServerId serverId, String itemType) in D:\actions-runner\_work\XPCO\XPCO\MIP\PlatformPlugin\VideoOS.Platform\src\ConfigurationItems\Factory.cs:line 464&#xD;
MIP: Error: ConfigurationApiItemWrapper (): ConfigAPI GetItem(): System.NotImplementedException, The method or operation is not implemented.&#xD;
MIP: Error: Factory.IsItemTypeSupported (): Exception source:      VideoOS.Platform.SDK.UnitTests&#xD;
Exception type:        System.NotImplementedException&#xD;
Exception message:     The method or operation is not implemented.&#xD;
Exception target site: GetItem&#xD;
   at VideoOS.Platform.SDKUnittest.EnvironmentTests.TestConfigurationClientService.GetItem(String path) in D:\actions-runner\_work\XPCO\XPCO\MIP\MIPSDK\tst\VideoOS.Platform.SDK.UnitTests\EnvironmentTests\TestsWithCorporateShimsBase.cs:line 227&#xD;
   at VideoOS.Platform.Proxy.ConfigApi.ConfigurationApiItemWrapper..ctor(ServerId serverId, String path) in D:\actions-runner\_work\XPCO\XPCO\MIP\PlatformPlugin\VideoOS.Platform\src\Proxy\ConfigApi\ConfigurationApiItemWrapper.cs:line 104&#xD;
   at VideoOS.Platform.ConfigurationItems.Factory.IsItemTypeSupported(ServerId serverId, String itemType) in D:\actions-runner\_work\XPCO\XPCO\MIP\PlatformPlugin\VideoOS.Platform\src\ConfigurationItems\Factory.cs:line 464&#xD;
&#xD;
Factory.IsItemTypeSupportedFactory.IsItemTypeSupported ()The method or operation is not implemented.   at VideoOS.Platform.SDKUnittest.EnvironmentTests.TestConfigurationClientService.GetItem(String path) in D:\actions-runner\_work\XPCO\XPCO\MIP\MIPSDK\tst\VideoOS.Platform.SDK.UnitTests\EnvironmentTests\TestsWithCorporateShimsBase.cs:line 227&#xD;
   at VideoOS.Platform.Proxy.ConfigApi.ConfigurationApiItemWrapper..ctor(ServerId serverId, String path) in D:\actions-runner\_work\XPCO\XPCO\MIP\PlatformPlugin\VideoOS.Platform\src\Proxy\ConfigApi\ConfigurationApiItemWrapper.cs:line 104&#xD;
   at VideoOS.Platform.ConfigurationItems.Factory.IsItemTypeSupported(ServerId serverId, String itemType) in D:\actions-runner\_work\XPCO\XPCO\MIP\PlatformPlugin\VideoOS.Platform\src\ConfigurationItems\Factory.cs:line 464&#xD;
MIP: Error: ConfigurationApiItemWrapper (): ConfigAPI GetItem(): System.NotImplementedException, The method or operation is not implemented.&#xD;
MIP: Error: Factory.IsItemTypeSupported (): Exception source:      VideoOS.Platform.SDK.UnitTests&#xD;
Exception type:        System.NotImplementedException&#xD;
Exception message:     The method or operation is not implemented.&#xD;
Exception target site: GetItem&#xD;
   at VideoOS.Platform.SDKUnittest.EnvironmentTests.TestConfigurationClientService.GetItem(String path) in D:\actions-runner\_work\XPCO\XPCO\MIP\MIPSDK\tst\VideoOS.Platform.SDK.UnitTests\EnvironmentTests\TestsWithCorporateShimsBase.cs:line 227&#xD;
   at VideoOS.Platform.Proxy.ConfigApi.ConfigurationApiItemWrapper..ctor(ServerId serverId, String path) in D:\actions-runner\_work\XPCO\XPCO\MIP\PlatformPlugin\VideoOS.Platform\src\Proxy\ConfigApi\ConfigurationApiItemWrapper.cs:line 104&#xD;
   at VideoOS.Platform.ConfigurationItems.Factory.IsItemTypeSupported(ServerId serverId, String itemType) in D:\actions-runner\_work\XPCO\XPCO\MIP\PlatformPlugin\VideoOS.Platform\src\ConfigurationItems\Factory.cs:line 464&#xD;
&#xD;
Factory.IsItemTypeSupportedFactory.IsItemTypeSupported ()The method or operation is not implemented.   at VideoOS.Platform.SDKUnittest.EnvironmentTests.TestConfigurationClientService.GetItem(String path) in D:\actions-runner\_work\XPCO\XPCO\MIP\MIPSDK\tst\VideoOS.Platform.SDK.UnitTests\EnvironmentTests\TestsWithCorporateShimsBase.cs:line 227&#xD;
   at VideoOS.Platform.Proxy.ConfigApi.ConfigurationApiItemWrapper..ctor(ServerId serverId, String path) in D:\actions-runner\_work\XPCO\XPCO\MIP\PlatformPlugin\VideoOS.Platform\src\Proxy\ConfigApi\ConfigurationApiItemWrapper.cs:line 104&#xD;
   at VideoOS.Platform.ConfigurationItems.Factory.IsItemTypeSupported(ServerId serverId, String itemType) in D:\actions-runner\_work\XPCO\XPCO\MIP\PlatformPlugin\VideoOS.Platform\src\ConfigurationItems\Factory.cs:line 464&#xD;
MIP: Error: ConfigurationApiItemWrapper (): ConfigAPI GetItem(): System.NotImplementedException, The method or operation is not implemented.&#xD;
MIP: Error: Factory.IsItemTypeSupported (): Exception source:      VideoOS.Platform.SDK.UnitTests&#xD;
Exception type:        System.NotImplementedException&#xD;
Exception message:     The method or operation is not implemented.&#xD;
Exception target site: GetItem&#xD;
   at VideoOS.Platform.SDKUnittest.EnvironmentTests.TestConfigurationClientService.GetItem(String path) in D:\actions-runner\_work\XPCO\XPCO\MIP\MIPSDK\tst\VideoOS.Platform.SDK.UnitTests\EnvironmentTests\TestsWithCorporateShimsBase.cs:line 227&#xD;
   at VideoOS.Platform.Proxy.ConfigApi.ConfigurationApiItemWrapper..ctor(ServerId serverId, String path) in D:\actions-runner\_work\XPCO\XPCO\MIP\PlatformPlugin\VideoOS.Platform\src\Proxy\ConfigApi\ConfigurationApiItemWrapper.cs:line 104&#xD;
   at VideoOS.Platform.ConfigurationItems.Factory.IsItemTypeSupported(ServerId serverId, String itemType) in D:\actions-runner\_work\XPCO\XPCO\MIP\PlatformPlugin\VideoOS.Platform\src\ConfigurationItems\Factory.cs:line 464&#xD;
&#xD;
Factory.IsItemTypeSupportedFactory.IsItemTypeSupported ()The method or operation is not implemented.   at VideoOS.Platform.SDKUnittest.EnvironmentTests.TestConfigurationClientService.GetItem(String path) in D:\actions-runner\_work\XPCO\XPCO\MIP\MIPSDK\tst\VideoOS.Platform.SDK.UnitTests\EnvironmentTests\TestsWithCorporateShimsBase.cs:line 227&#xD;
   at VideoOS.Platform.Proxy.ConfigApi.ConfigurationApiItemWrapper..ctor(ServerId serverId, String path) in D:\actions-runner\_work\XPCO\XPCO\MIP\PlatformPlugin\VideoOS.Platform\src\Proxy\ConfigApi\ConfigurationApiItemWrapper.cs:line 104&#xD;
   at VideoOS.Platform.ConfigurationItems.Factory.IsItemTypeSupported(ServerId serverId, String itemType) in D:\actions-runner\_work\XPCO\XPCO\MIP\PlatformPlugin\VideoOS.Platform\src\ConfigurationItems\Factory.cs:line 464&#xD;
MIP: Error: ConfigurationApiItemWrapper (): ConfigAPI GetItem(): System.NotImplementedException, The method or operation is not implemented.&#xD;
MIP: Error: ConfigurationAsync::BuildTopLevelItems LoadPlugin Loop (): Exception source:      VideoOS.Platform.SDK.UnitTests&#xD;
Exception type:        System.NotImplementedException&#xD;
Exception message:     The method or operation is not implemented.&#xD;
Exception target site: GetItem&#xD;
   at VideoOS.Platform.SDKUnittest.EnvironmentTests.TestConfigurationClientService.GetItem(String path) in D:\actions-runner\_work\XPCO\XPCO\MIP\MIPSDK\tst\VideoOS.Platform.SDK.UnitTests\EnvironmentTests\TestsWithCorporateShimsBase.cs:line 227&#xD;
   at VideoOS.Platform.Proxy.ConfigApi.ConfigurationApiItemWrapper..ctor(ServerId serverId, String path) in D:\actions-runner\_work\XPCO\XPCO\MIP\PlatformPlugin\VideoOS.Platform\src\Proxy\ConfigApi\ConfigurationApiItemWrapper.cs:line 104&#xD;
   at VideoOS.Platform.Util.VideoWall.LayoutGroupItemManager.GetItem(FQID fqid) in D:\actions-runner\_work\XPCO\XPCO\MIP\PlatformPlugin\VideoOS.Platform\src\Util\VideoWall\LayoutGroupItemManager.cs:line 57&#xD;
   at VideoOS.Platform.SDK.Platform.ConfigurationAsync.GetItems(Guid kind, ItemHierarchy itemHierarchy) in D:\actions-runner\_work\XPCO\XPCO\MIP\MIPSDK\prod\VideoOS.Platform.SDK\Platform\ConfigurationAsync.cs:line 163&#xD;
&#xD;
ConfigurationAsync::BuildTopLevelItems LoadPlugin LoopConfigurationAsync::BuildTopLevelItems LoadPlugin Loop ()The method or operation is not implemented.   at VideoOS.Platform.SDKUnittest.EnvironmentTests.TestConfigurationClientService.GetItem(String path) in D:\actions-runner\_work\XPCO\XPCO\MIP\MIPSDK\tst\VideoOS.Platform.SDK.UnitTests\EnvironmentTests\TestsWithCorporateShimsBase.cs:line 227&#xD;
   at VideoOS.Platform.Proxy.ConfigApi.ConfigurationApiItemWrapper..ctor(ServerId serverId, String path) in D:\actions-runner\_work\XPCO\XPCO\MIP\PlatformPlugin\VideoOS.Platform\src\Proxy\ConfigApi\ConfigurationApiItemWrapper.cs:line 104&#xD;
   at VideoOS.Platform.Util.VideoWall.LayoutGroupItemManager.GetItem(FQID fqid) in D:\actions-runner\_work\XPCO\XPCO\MIP\PlatformPlugin\VideoOS.Platform\src\Util\VideoWall\LayoutGroupItemManager.cs:line 57&#xD;
   at VideoOS.Platform.SDK.Platform.ConfigurationAsync.GetItems(Guid kind, ItemHierarchy itemHierarchy) in D:\actions-runner\_work\XPCO\XPCO\MIP\MIPSDK\prod\VideoOS.Platform.SDK\Platform\ConfigurationAsync.cs:line 163</StdOut>
      </Output>
    </UnitTestResult>
    <UnitTestResult executionId="ed4651bc-5791-4c49-9144-3b077b15d650" testId="c49e78b9-66ce-7f33-7d97-f70d020ce9e7" testName="XpcoLoginAndGetConfguration" computerName="DKSR-EFI-06" duration="00:00:01.8443821" startTime="2024-01-09T15:46:05.6903986+01:00" endTime="2024-01-09T15:46:07.5356805+01:00" testType="13cdc9d9-ddb5-4fa4-a97d-d965ccfc6d4b" outcome="Passed" testListId="8c84fa94-04c1-424b-9868-57a2d4851a1d" relativeResultsDirectory="ed4651bc-5791-4c49-9144-3b077b15d650">
      <Output>
        <StdOut>Debug Trace:&#xD;
TopLevelControl returns null. PostMessage may have problems&#xD;
MIP: Error: ConfigurationApiItemWrapper (): ConfigAPI GetItem(): System.NotImplementedException, The method or operation is not implemented.&#xD;
MIP: Error: Factory.IsItemTypeSupported (): Exception source:      VideoOS.Platform.SDK.UnitTests&#xD;
Exception type:        System.NotImplementedException&#xD;
Exception message:     The method or operation is not implemented.&#xD;
Exception target site: GetItem&#xD;
   at VideoOS.Platform.SDKUnittest.EnvironmentTests.TestConfigurationClientService.GetItem(String path) in D:\actions-runner\_work\XPCO\XPCO\MIP\MIPSDK\tst\VideoOS.Platform.SDK.UnitTests\EnvironmentTests\TestsWithCorporateShimsBase.cs:line 227&#xD;
   at VideoOS.Platform.Proxy.ConfigApi.ConfigurationApiItemWrapper..ctor(ServerId serverId, String path) in D:\actions-runner\_work\XPCO\XPCO\MIP\PlatformPlugin\VideoOS.Platform\src\Proxy\ConfigApi\ConfigurationApiItemWrapper.cs:line 104&#xD;
   at VideoOS.Platform.ConfigurationItems.Factory.IsItemTypeSupported(ServerId serverId, String itemType) in D:\actions-runner\_work\XPCO\XPCO\MIP\PlatformPlugin\VideoOS.Platform\src\ConfigurationItems\Factory.cs:line 464&#xD;
&#xD;
Factory.IsItemTypeSupportedFactory.IsItemTypeSupported ()The method or operation is not implemented.   at VideoOS.Platform.SDKUnittest.EnvironmentTests.TestConfigurationClientService.GetItem(String path) in D:\actions-runner\_work\XPCO\XPCO\MIP\MIPSDK\tst\VideoOS.Platform.SDK.UnitTests\EnvironmentTests\TestsWithCorporateShimsBase.cs:line 227&#xD;
   at VideoOS.Platform.Proxy.ConfigApi.ConfigurationApiItemWrapper..ctor(ServerId serverId, String path) in D:\actions-runner\_work\XPCO\XPCO\MIP\PlatformPlugin\VideoOS.Platform\src\Proxy\ConfigApi\ConfigurationApiItemWrapper.cs:line 104&#xD;
   at VideoOS.Platform.ConfigurationItems.Factory.IsItemTypeSupported(ServerId serverId, String itemType) in D:\actions-runner\_work\XPCO\XPCO\MIP\PlatformPlugin\VideoOS.Platform\src\ConfigurationItems\Factory.cs:line 464&#xD;
MIP: Error: GetConfiguration (): CustomSetting not found for the given platformDefinitionId: e145597a-ecaf-40a1-99e6-14bb9d45a09e&#xD;
MIP: Error: ConfigurationApiItemWrapper (): ConfigAPI GetItem(): System.NotImplementedException, The method or operation is not implemented.&#xD;
MIP: Error: Factory.IsItemTypeSupported (): Exception source:      VideoOS.Platform.SDK.UnitTests&#xD;
Exception type:        System.NotImplementedException&#xD;
Exception message:     The method or operation is not implemented.&#xD;
Exception target site: GetItem&#xD;
   at VideoOS.Platform.SDKUnittest.EnvironmentTests.TestConfigurationClientService.GetItem(String path) in D:\actions-runner\_work\XPCO\XPCO\MIP\MIPSDK\tst\VideoOS.Platform.SDK.UnitTests\EnvironmentTests\TestsWithCorporateShimsBase.cs:line 227&#xD;
   at VideoOS.Platform.Proxy.ConfigApi.ConfigurationApiItemWrapper..ctor(ServerId serverId, String path) in D:\actions-runner\_work\XPCO\XPCO\MIP\PlatformPlugin\VideoOS.Platform\src\Proxy\ConfigApi\ConfigurationApiItemWrapper.cs:line 104&#xD;
   at VideoOS.Platform.ConfigurationItems.Factory.IsItemTypeSupported(ServerId serverId, String itemType) in D:\actions-runner\_work\XPCO\XPCO\MIP\PlatformPlugin\VideoOS.Platform\src\ConfigurationItems\Factory.cs:line 464&#xD;
&#xD;
Factory.IsItemTypeSupportedFactory.IsItemTypeSupported ()The method or operation is not implemented.   at VideoOS.Platform.SDKUnittest.EnvironmentTests.TestConfigurationClientService.GetItem(String path) in D:\actions-runner\_work\XPCO\XPCO\MIP\MIPSDK\tst\VideoOS.Platform.SDK.UnitTests\EnvironmentTests\TestsWithCorporateShimsBase.cs:line 227&#xD;
   at VideoOS.Platform.Proxy.ConfigApi.ConfigurationApiItemWrapper..ctor(ServerId serverId, String path) in D:\actions-runner\_work\XPCO\XPCO\MIP\PlatformPlugin\VideoOS.Platform\src\Proxy\ConfigApi\ConfigurationApiItemWrapper.cs:line 104&#xD;
   at VideoOS.Platform.ConfigurationItems.Factory.IsItemTypeSupported(ServerId serverId, String itemType) in D:\actions-runner\_work\XPCO\XPCO\MIP\PlatformPlugin\VideoOS.Platform\src\ConfigurationItems\Factory.cs:line 464&#xD;
MIP: Error: LoginServerOauth (): https://1.2.3.5:55/ManagementServer/ServerCommandServiceOAuth.svc The method or operation is not implemented.&#xD;
MIP: Error: ConfigurationApiItemWrapper (): ConfigAPI GetItem(): System.NotImplementedException, The method or operation is not implemented.&#xD;
MIP: Error: Factory.IsItemTypeSupported (): Exception source:      VideoOS.Platform.SDK.UnitTests&#xD;
Exception type:        System.NotImplementedException&#xD;
Exception message:     The method or operation is not implemented.&#xD;
Exception target site: GetItem&#xD;
   at VideoOS.Platform.SDKUnittest.EnvironmentTests.TestConfigurationClientService.GetItem(String path) in D:\actions-runner\_work\XPCO\XPCO\MIP\MIPSDK\tst\VideoOS.Platform.SDK.UnitTests\EnvironmentTests\TestsWithCorporateShimsBase.cs:line 227&#xD;
   at VideoOS.Platform.Proxy.ConfigApi.ConfigurationApiItemWrapper..ctor(ServerId serverId, String path) in D:\actions-runner\_work\XPCO\XPCO\MIP\PlatformPlugin\VideoOS.Platform\src\Proxy\ConfigApi\ConfigurationApiItemWrapper.cs:line 104&#xD;
   at VideoOS.Platform.ConfigurationItems.Factory.IsItemTypeSupported(ServerId serverId, String itemType) in D:\actions-runner\_work\XPCO\XPCO\MIP\PlatformPlugin\VideoOS.Platform\src\ConfigurationItems\Factory.cs:line 464&#xD;
&#xD;
Factory.IsItemTypeSupportedFactory.IsItemTypeSupported ()The method or operation is not implemented.   at VideoOS.Platform.SDKUnittest.EnvironmentTests.TestConfigurationClientService.GetItem(String path) in D:\actions-runner\_work\XPCO\XPCO\MIP\MIPSDK\tst\VideoOS.Platform.SDK.UnitTests\EnvironmentTests\TestsWithCorporateShimsBase.cs:line 227&#xD;
   at VideoOS.Platform.Proxy.ConfigApi.ConfigurationApiItemWrapper..ctor(ServerId serverId, String path) in D:\actions-runner\_work\XPCO\XPCO\MIP\PlatformPlugin\VideoOS.Platform\src\Proxy\ConfigApi\ConfigurationApiItemWrapper.cs:line 104&#xD;
   at VideoOS.Platform.ConfigurationItems.Factory.IsItemTypeSupported(ServerId serverId, String itemType) in D:\actions-runner\_work\XPCO\XPCO\MIP\PlatformPlugin\VideoOS.Platform\src\ConfigurationItems\Factory.cs:line 464&#xD;
MIP: Error: GetConfiguration (): CustomSetting not found for the given platformDefinitionId: e145597a-ecaf-40a1-99e6-14bb9d45a09e&#xD;
MIP: Error: ConfigurationApiItemWrapper (): ConfigAPI GetItem(): System.NotImplementedException, The method or operation is not implemented.&#xD;
MIP: Error: Factory.IsItemTypeSupported (): Exception source:      VideoOS.Platform.SDK.UnitTests&#xD;
Exception type:        System.NotImplementedException&#xD;
Exception message:     The method or operation is not implemented.&#xD;
Exception target site: GetItem&#xD;
   at VideoOS.Platform.SDKUnittest.EnvironmentTests.TestConfigurationClientService.GetItem(String path) in D:\actions-runner\_work\XPCO\XPCO\MIP\MIPSDK\tst\VideoOS.Platform.SDK.UnitTests\EnvironmentTests\TestsWithCorporateShimsBase.cs:line 227&#xD;
   at VideoOS.Platform.Proxy.ConfigApi.ConfigurationApiItemWrapper..ctor(ServerId serverId, String path) in D:\actions-runner\_work\XPCO\XPCO\MIP\PlatformPlugin\VideoOS.Platform\src\Proxy\ConfigApi\ConfigurationApiItemWrapper.cs:line 104&#xD;
   at VideoOS.Platform.ConfigurationItems.Factory.IsItemTypeSupported(ServerId serverId, String itemType) in D:\actions-runner\_work\XPCO\XPCO\MIP\PlatformPlugin\VideoOS.Platform\src\ConfigurationItems\Factory.cs:line 464&#xD;
&#xD;
Factory.IsItemTypeSupportedFactory.IsItemTypeSupported ()The method or operation is not implemented.   at VideoOS.Platform.SDKUnittest.EnvironmentTests.TestConfigurationClientService.GetItem(String path) in D:\actions-runner\_work\XPCO\XPCO\MIP\MIPSDK\tst\VideoOS.Platform.SDK.UnitTests\EnvironmentTests\TestsWithCorporateShimsBase.cs:line 227&#xD;
   at VideoOS.Platform.Proxy.ConfigApi.ConfigurationApiItemWrapper..ctor(ServerId serverId, String path) in D:\actions-runner\_work\XPCO\XPCO\MIP\PlatformPlugin\VideoOS.Platform\src\Proxy\ConfigApi\ConfigurationApiItemWrapper.cs:line 104&#xD;
   at VideoOS.Platform.ConfigurationItems.Factory.IsItemTypeSupported(ServerId serverId, String itemType) in D:\actions-runner\_work\XPCO\XPCO\MIP\PlatformPlugin\VideoOS.Platform\src\ConfigurationItems\Factory.cs:line 464&#xD;
MIP: Error: LoginServerOauth (): https://1.2.3.5:55/ManagementServer/ServerCommandServiceOAuth.svc The method or operation is not implemented.&#xD;
MIP: Error: ConfigurationApiItemWrapper (): ConfigAPI GetItem(): System.NotImplementedException, The method or operation is not implemented.&#xD;
MIP: Error: Factory.IsItemTypeSupported (): Exception source:      VideoOS.Platform.SDK.UnitTests&#xD;
Exception type:        System.NotImplementedException&#xD;
Exception message:     The method or operation is not implemented.&#xD;
Exception target site: GetItem&#xD;
   at VideoOS.Platform.SDKUnittest.EnvironmentTests.TestConfigurationClientService.GetItem(String path) in D:\actions-runner\_work\XPCO\XPCO\MIP\MIPSDK\tst\VideoOS.Platform.SDK.UnitTests\EnvironmentTests\TestsWithCorporateShimsBase.cs:line 227&#xD;
   at VideoOS.Platform.Proxy.ConfigApi.ConfigurationApiItemWrapper..ctor(ServerId serverId, String path) in D:\actions-runner\_work\XPCO\XPCO\MIP\PlatformPlugin\VideoOS.Platform\src\Proxy\ConfigApi\ConfigurationApiItemWrapper.cs:line 104&#xD;
   at VideoOS.Platform.ConfigurationItems.Factory.IsItemTypeSupported(ServerId serverId, String itemType) in D:\actions-runner\_work\XPCO\XPCO\MIP\PlatformPlugin\VideoOS.Platform\src\ConfigurationItems\Factory.cs:line 464&#xD;
&#xD;
Factory.IsItemTypeSupportedFactory.IsItemTypeSupported ()The method or operation is not implemented.   at VideoOS.Platform.SDKUnittest.EnvironmentTests.TestConfigurationClientService.GetItem(String path) in D:\actions-runner\_work\XPCO\XPCO\MIP\MIPSDK\tst\VideoOS.Platform.SDK.UnitTests\EnvironmentTests\TestsWithCorporateShimsBase.cs:line 227&#xD;
   at VideoOS.Platform.Proxy.ConfigApi.ConfigurationApiItemWrapper..ctor(ServerId serverId, String path) in D:\actions-runner\_work\XPCO\XPCO\MIP\PlatformPlugin\VideoOS.Platform\src\Proxy\ConfigApi\ConfigurationApiItemWrapper.cs:line 104&#xD;
   at VideoOS.Platform.ConfigurationItems.Factory.IsItemTypeSupported(ServerId serverId, String itemType) in D:\actions-runner\_work\XPCO\XPCO\MIP\PlatformPlugin\VideoOS.Platform\src\ConfigurationItems\Factory.cs:line 464&#xD;
MIP: Error: ConfigurationApiItemWrapper (): ConfigAPI GetItem(): System.NotImplementedException, The method or operation is not implemented.&#xD;
MIP: Error: Factory.IsItemTypeSupported (): Exception source:      VideoOS.Platform.SDK.UnitTests&#xD;
Exception type:        System.NotImplementedException&#xD;
Exception message:     The method or operation is not implemented.&#xD;
Exception target site: GetItem&#xD;
   at VideoOS.Platform.SDKUnittest.EnvironmentTests.TestConfigurationClientService.GetItem(String path) in D:\actions-runner\_work\XPCO\XPCO\MIP\MIPSDK\tst\VideoOS.Platform.SDK.UnitTests\EnvironmentTests\TestsWithCorporateShimsBase.cs:line 227&#xD;
   at VideoOS.Platform.Proxy.ConfigApi.ConfigurationApiItemWrapper..ctor(ServerId serverId, String path) in D:\actions-runner\_work\XPCO\XPCO\MIP\PlatformPlugin\VideoOS.Platform\src\Proxy\ConfigApi\ConfigurationApiItemWrapper.cs:line 104&#xD;
   at VideoOS.Platform.ConfigurationItems.Factory.IsItemTypeSupported(ServerId serverId, String itemType) in D:\actions-runner\_work\XPCO\XPCO\MIP\PlatformPlugin\VideoOS.Platform\src\ConfigurationItems\Factory.cs:line 464&#xD;
&#xD;
Factory.IsItemTypeSupportedFactory.IsItemTypeSupported ()The method or operation is not implemented.   at VideoOS.Platform.SDKUnittest.EnvironmentTests.TestConfigurationClientService.GetItem(String path) in D:\actions-runner\_work\XPCO\XPCO\MIP\MIPSDK\tst\VideoOS.Platform.SDK.UnitTests\EnvironmentTests\TestsWithCorporateShimsBase.cs:line 227&#xD;
   at VideoOS.Platform.Proxy.ConfigApi.ConfigurationApiItemWrapper..ctor(ServerId serverId, String path) in D:\actions-runner\_work\XPCO\XPCO\MIP\PlatformPlugin\VideoOS.Platform\src\Proxy\ConfigApi\ConfigurationApiItemWrapper.cs:line 104&#xD;
   at VideoOS.Platform.ConfigurationItems.Factory.IsItemTypeSupported(ServerId serverId, String itemType) in D:\actions-runner\_work\XPCO\XPCO\MIP\PlatformPlugin\VideoOS.Platform\src\ConfigurationItems\Factory.cs:line 464&#xD;
MIP: Error: LoginServerOauth (): https://1.2.3.5:55/ManagementServer/ServerCommandServiceOAuth.svc The method or operation is not implemented.&#xD;
MIP: Error: ConfigurationApiItemWrapper (): ConfigAPI GetItem(): System.NotImplementedException, The method or operation is not implemented.&#xD;
MIP: Error: Factory.IsItemTypeSupported (): Exception source:      VideoOS.Platform.SDK.UnitTests&#xD;
Exception type:        System.NotImplementedException&#xD;
Exception message:     The method or operation is not implemented.&#xD;
Exception target site: GetItem&#xD;
   at VideoOS.Platform.SDKUnittest.EnvironmentTests.TestConfigurationClientService.GetItem(String path) in D:\actions-runner\_work\XPCO\XPCO\MIP\MIPSDK\tst\VideoOS.Platform.SDK.UnitTests\EnvironmentTests\TestsWithCorporateShimsBase.cs:line 227&#xD;
   at VideoOS.Platform.Proxy.ConfigApi.ConfigurationApiItemWrapper..ctor(ServerId serverId, String path) in D:\actions-runner\_work\XPCO\XPCO\MIP\PlatformPlugin\VideoOS.Platform\src\Proxy\ConfigApi\ConfigurationApiItemWrapper.cs:line 104&#xD;
   at VideoOS.Platform.ConfigurationItems.Factory.IsItemTypeSupported(ServerId serverId, String itemType) in D:\actions-runner\_work\XPCO\XPCO\MIP\PlatformPlugin\VideoOS.Platform\src\ConfigurationItems\Factory.cs:line 464&#xD;
&#xD;
Factory.IsItemTypeSupportedFactory.IsItemTypeSupported ()The method or operation is not implemented.   at VideoOS.Platform.SDKUnittest.EnvironmentTests.TestConfigurationClientService.GetItem(String path) in D:\actions-runner\_work\XPCO\XPCO\MIP\MIPSDK\tst\VideoOS.Platform.SDK.UnitTests\EnvironmentTests\TestsWithCorporateShimsBase.cs:line 227&#xD;
   at VideoOS.Platform.Proxy.ConfigApi.ConfigurationApiItemWrapper..ctor(ServerId serverId, String path) in D:\actions-runner\_work\XPCO\XPCO\MIP\PlatformPlugin\VideoOS.Platform\src\Proxy\ConfigApi\ConfigurationApiItemWrapper.cs:line 104&#xD;
   at VideoOS.Platform.ConfigurationItems.Factory.IsItemTypeSupported(ServerId serverId, String itemType) in D:\actions-runner\_work\XPCO\XPCO\MIP\PlatformPlugin\VideoOS.Platform\src\ConfigurationItems\Factory.cs:line 464&#xD;
MIP: Error: GetConfiguration (): CustomSetting not found for the given platformDefinitionId: e145597a-ecaf-40a1-99e6-14bb9d45a09e&#xD;
MIP: Error: ConfigurationApiItemWrapper (): ConfigAPI GetItem(): System.NotImplementedException, The method or operation is not implemented.&#xD;
MIP: Error: Factory.IsItemTypeSupported (): Exception source:      VideoOS.Platform.SDK.UnitTests&#xD;
Exception type:        System.NotImplementedException&#xD;
Exception message:     The method or operation is not implemented.&#xD;
Exception target site: GetItem&#xD;
   at VideoOS.Platform.SDKUnittest.EnvironmentTests.TestConfigurationClientService.GetItem(String path) in D:\actions-runner\_work\XPCO\XPCO\MIP\MIPSDK\tst\VideoOS.Platform.SDK.UnitTests\EnvironmentTests\TestsWithCorporateShimsBase.cs:line 227&#xD;
   at VideoOS.Platform.Proxy.ConfigApi.ConfigurationApiItemWrapper..ctor(ServerId serverId, String path) in D:\actions-runner\_work\XPCO\XPCO\MIP\PlatformPlugin\VideoOS.Platform\src\Proxy\ConfigApi\ConfigurationApiItemWrapper.cs:line 104&#xD;
   at VideoOS.Platform.ConfigurationItems.Factory.IsItemTypeSupported(ServerId serverId, String itemType) in D:\actions-runner\_work\XPCO\XPCO\MIP\PlatformPlugin\VideoOS.Platform\src\ConfigurationItems\Factory.cs:line 464&#xD;
&#xD;
Factory.IsItemTypeSupportedFactory.IsItemTypeSupported ()The method or operation is not implemented.   at VideoOS.Platform.SDKUnittest.EnvironmentTests.TestConfigurationClientService.GetItem(String path) in D:\actions-runner\_work\XPCO\XPCO\MIP\MIPSDK\tst\VideoOS.Platform.SDK.UnitTests\EnvironmentTests\TestsWithCorporateShimsBase.cs:line 227&#xD;
   at VideoOS.Platform.Proxy.ConfigApi.ConfigurationApiItemWrapper..ctor(ServerId serverId, String path) in D:\actions-runner\_work\XPCO\XPCO\MIP\PlatformPlugin\VideoOS.Platform\src\Proxy\ConfigApi\ConfigurationApiItemWrapper.cs:line 104&#xD;
   at VideoOS.Platform.ConfigurationItems.Factory.IsItemTypeSupported(ServerId serverId, String itemType) in D:\actions-runner\_work\XPCO\XPCO\MIP\PlatformPlugin\VideoOS.Platform\src\ConfigurationItems\Factory.cs:line 464&#xD;
MIP: Error: LoginServerOauth (): https://1.2.3.5:55/ManagementServer/ServerCommandServiceOAuth.svc The method or operation is not implemented.&#xD;
MIP: Error: ConfigurationApiItemWrapper (): ConfigAPI GetItem(): System.NotImplementedException, The method or operation is not implemented.&#xD;
MIP: Error: Factory.IsItemTypeSupported (): Exception source:      VideoOS.Platform.SDK.UnitTests&#xD;
Exception type:        System.NotImplementedException&#xD;
Exception message:     The method or operation is not implemented.&#xD;
Exception target site: GetItem&#xD;
   at VideoOS.Platform.SDKUnittest.EnvironmentTests.TestConfigurationClientService.GetItem(String path) in D:\actions-runner\_work\XPCO\XPCO\MIP\MIPSDK\tst\VideoOS.Platform.SDK.UnitTests\EnvironmentTests\TestsWithCorporateShimsBase.cs:line 227&#xD;
   at VideoOS.Platform.Proxy.ConfigApi.ConfigurationApiItemWrapper..ctor(ServerId serverId, String path) in D:\actions-runner\_work\XPCO\XPCO\MIP\PlatformPlugin\VideoOS.Platform\src\Proxy\ConfigApi\ConfigurationApiItemWrapper.cs:line 104&#xD;
   at VideoOS.Platform.ConfigurationItems.Factory.IsItemTypeSupported(ServerId serverId, String itemType) in D:\actions-runner\_work\XPCO\XPCO\MIP\PlatformPlugin\VideoOS.Platform\src\ConfigurationItems\Factory.cs:line 464&#xD;
&#xD;
Factory.IsItemTypeSupportedFactory.IsItemTypeSupported ()The method or operation is not implemented.   at VideoOS.Platform.SDKUnittest.EnvironmentTests.TestConfigurationClientService.GetItem(String path) in D:\actions-runner\_work\XPCO\XPCO\MIP\MIPSDK\tst\VideoOS.Platform.SDK.UnitTests\EnvironmentTests\TestsWithCorporateShimsBase.cs:line 227&#xD;
   at VideoOS.Platform.Proxy.ConfigApi.ConfigurationApiItemWrapper..ctor(ServerId serverId, String path) in D:\actions-runner\_work\XPCO\XPCO\MIP\PlatformPlugin\VideoOS.Platform\src\Proxy\ConfigApi\ConfigurationApiItemWrapper.cs:line 104&#xD;
   at VideoOS.Platform.ConfigurationItems.Factory.IsItemTypeSupported(ServerId serverId, String itemType) in D:\actions-runner\_work\XPCO\XPCO\MIP\PlatformPlugin\VideoOS.Platform\src\ConfigurationItems\Factory.cs:line 464&#xD;
MIP: Error: ConfigurationApiItemWrapper (): ConfigAPI GetItem(): System.NotImplementedException, The method or operation is not implemented.&#xD;
MIP: Error: Factory.IsItemTypeSupported (): Exception source:      VideoOS.Platform.SDK.UnitTests&#xD;
Exception type:        System.NotImplementedException&#xD;
Exception message:     The method or operation is not implemented.&#xD;
Exception target site: GetItem&#xD;
   at VideoOS.Platform.SDKUnittest.EnvironmentTests.TestConfigurationClientService.GetItem(String path) in D:\actions-runner\_work\XPCO\XPCO\MIP\MIPSDK\tst\VideoOS.Platform.SDK.UnitTests\EnvironmentTests\TestsWithCorporateShimsBase.cs:line 227&#xD;
   at VideoOS.Platform.Proxy.ConfigApi.ConfigurationApiItemWrapper..ctor(ServerId serverId, String path) in D:\actions-runner\_work\XPCO\XPCO\MIP\PlatformPlugin\VideoOS.Platform\src\Proxy\ConfigApi\ConfigurationApiItemWrapper.cs:line 104&#xD;
   at VideoOS.Platform.ConfigurationItems.Factory.IsItemTypeSupported(ServerId serverId, String itemType) in D:\actions-runner\_work\XPCO\XPCO\MIP\PlatformPlugin\VideoOS.Platform\src\ConfigurationItems\Factory.cs:line 464&#xD;
&#xD;
Factory.IsItemTypeSupportedFactory.IsItemTypeSupported ()The method or operation is not implemented.   at VideoOS.Platform.SDKUnittest.EnvironmentTests.TestConfigurationClientService.GetItem(String path) in D:\actions-runner\_work\XPCO\XPCO\MIP\MIPSDK\tst\VideoOS.Platform.SDK.UnitTests\EnvironmentTests\TestsWithCorporateShimsBase.cs:line 227&#xD;
   at VideoOS.Platform.Proxy.ConfigApi.ConfigurationApiItemWrapper..ctor(ServerId serverId, String path) in D:\actions-runner\_work\XPCO\XPCO\MIP\PlatformPlugin\VideoOS.Platform\src\Proxy\ConfigApi\ConfigurationApiItemWrapper.cs:line 104&#xD;
   at VideoOS.Platform.ConfigurationItems.Factory.IsItemTypeSupported(ServerId serverId, String itemType) in D:\actions-runner\_work\XPCO\XPCO\MIP\PlatformPlugin\VideoOS.Platform\src\ConfigurationItems\Factory.cs:line 464&#xD;
MIP: Error: LoginServerOauth (): https://1.2.3.5:55/ManagementServer/ServerCommandServiceOAuth.svc The method or operation is not implemented.&#xD;
MIP: Error: ConfigurationApiItemWrapper (): ConfigAPI GetItem(): System.NotImplementedException, The method or operation is not implemented.&#xD;
MIP: Error: Factory.IsItemTypeSupported (): Exception source:      VideoOS.Platform.SDK.UnitTests&#xD;
Exception type:        System.NotImplementedException&#xD;
Exception message:     The method or operation is not implemented.&#xD;
Exception target site: GetItem&#xD;
   at VideoOS.Platform.SDKUnittest.EnvironmentTests.TestConfigurationClientService.GetItem(String path) in D:\actions-runner\_work\XPCO\XPCO\MIP\MIPSDK\tst\VideoOS.Platform.SDK.UnitTests\EnvironmentTests\TestsWithCorporateShimsBase.cs:line 227&#xD;
   at VideoOS.Platform.Proxy.ConfigApi.ConfigurationApiItemWrapper..ctor(ServerId serverId, String path) in D:\actions-runner\_work\XPCO\XPCO\MIP\PlatformPlugin\VideoOS.Platform\src\Proxy\ConfigApi\ConfigurationApiItemWrapper.cs:line 104&#xD;
   at VideoOS.Platform.ConfigurationItems.Factory.IsItemTypeSupported(ServerId serverId, String itemType) in D:\actions-runner\_work\XPCO\XPCO\MIP\PlatformPlugin\VideoOS.Platform\src\ConfigurationItems\Factory.cs:line 464&#xD;
&#xD;
Factory.IsItemTypeSupportedFactory.IsItemTypeSupported ()The method or operation is not implemented.   at VideoOS.Platform.SDKUnittest.EnvironmentTests.TestConfigurationClientService.GetItem(String path) in D:\actions-runner\_work\XPCO\XPCO\MIP\MIPSDK\tst\VideoOS.Platform.SDK.UnitTests\EnvironmentTests\TestsWithCorporateShimsBase.cs:line 227&#xD;
   at VideoOS.Platform.Proxy.ConfigApi.ConfigurationApiItemWrapper..ctor(ServerId serverId, String path) in D:\actions-runner\_work\XPCO\XPCO\MIP\PlatformPlugin\VideoOS.Platform\src\Proxy\ConfigApi\ConfigurationApiItemWrapper.cs:line 104&#xD;
   at VideoOS.Platform.ConfigurationItems.Factory.IsItemTypeSupported(ServerId serverId, String itemType) in D:\actions-runner\_work\XPCO\XPCO\MIP\PlatformPlugin\VideoOS.Platform\src\ConfigurationItems\Factory.cs:line 464&#xD;
MIP: Error: GetConfiguration (): CustomSetting not found for the given platformDefinitionId: e145597a-ecaf-40a1-99e6-14bb9d45a09e&#xD;
MIP: Error: ConfigurationApiItemWrapper (): ConfigAPI GetItem(): System.NotImplementedException, The method or operation is not implemented.&#xD;
MIP: Error: Factory.IsItemTypeSupported (): Exception source:      VideoOS.Platform.SDK.UnitTests&#xD;
Exception type:        System.NotImplementedException&#xD;
Exception message:     The method or operation is not implemented.&#xD;
Exception target site: GetItem&#xD;
   at VideoOS.Platform.SDKUnittest.EnvironmentTests.TestConfigurationClientService.GetItem(String path) in D:\actions-runner\_work\XPCO\XPCO\MIP\MIPSDK\tst\VideoOS.Platform.SDK.UnitTests\EnvironmentTests\TestsWithCorporateShimsBase.cs:line 227&#xD;
   at VideoOS.Platform.Proxy.ConfigApi.ConfigurationApiItemWrapper..ctor(ServerId serverId, String path) in D:\actions-runner\_work\XPCO\XPCO\MIP\PlatformPlugin\VideoOS.Platform\src\Proxy\ConfigApi\ConfigurationApiItemWrapper.cs:line 104&#xD;
   at VideoOS.Platform.ConfigurationItems.Factory.IsItemTypeSupported(ServerId serverId, String itemType) in D:\actions-runner\_work\XPCO\XPCO\MIP\PlatformPlugin\VideoOS.Platform\src\ConfigurationItems\Factory.cs:line 464&#xD;
&#xD;
Factory.IsItemTypeSupportedFactory.IsItemTypeSupported ()The method or operation is not implemented.   at VideoOS.Platform.SDKUnittest.EnvironmentTests.TestConfigurationClientService.GetItem(String path) in D:\actions-runner\_work\XPCO\XPCO\MIP\MIPSDK\tst\VideoOS.Platform.SDK.UnitTests\EnvironmentTests\TestsWithCorporateShimsBase.cs:line 227&#xD;
   at VideoOS.Platform.Proxy.ConfigApi.ConfigurationApiItemWrapper..ctor(ServerId serverId, String path) in D:\actions-runner\_work\XPCO\XPCO\MIP\PlatformPlugin\VideoOS.Platform\src\Proxy\ConfigApi\ConfigurationApiItemWrapper.cs:line 104&#xD;
   at VideoOS.Platform.ConfigurationItems.Factory.IsItemTypeSupported(ServerId serverId, String itemType) in D:\actions-runner\_work\XPCO\XPCO\MIP\PlatformPlugin\VideoOS.Platform\src\ConfigurationItems\Factory.cs:line 464&#xD;
MIP: Error: LoginServerOauth (): https://1.2.3.5:55/ManagementServer/ServerCommandServiceOAuth.svc The method or operation is not implemented.&#xD;
MIP: Error: ConfigurationApiItemWrapper (): ConfigAPI GetItem(): System.NotImplementedException, The method or operation is not implemented.&#xD;
MIP: Error: Factory.IsItemTypeSupported (): Exception source:      VideoOS.Platform.SDK.UnitTests&#xD;
Exception type:        System.NotImplementedException&#xD;
Exception message:     The method or operation is not implemented.&#xD;
Exception target site: GetItem&#xD;
   at VideoOS.Platform.SDKUnittest.EnvironmentTests.TestConfigurationClientService.GetItem(String path) in D:\actions-runner\_work\XPCO\XPCO\MIP\MIPSDK\tst\VideoOS.Platform.SDK.UnitTests\EnvironmentTests\TestsWithCorporateShimsBase.cs:line 227&#xD;
   at VideoOS.Platform.Proxy.ConfigApi.ConfigurationApiItemWrapper..ctor(ServerId serverId, String path) in D:\actions-runner\_work\XPCO\XPCO\MIP\PlatformPlugin\VideoOS.Platform\src\Proxy\ConfigApi\ConfigurationApiItemWrapper.cs:line 104&#xD;
   at VideoOS.Platform.ConfigurationItems.Factory.IsItemTypeSupported(ServerId serverId, String itemType) in D:\actions-runner\_work\XPCO\XPCO\MIP\PlatformPlugin\VideoOS.Platform\src\ConfigurationItems\Factory.cs:line 464&#xD;
&#xD;
Factory.IsItemTypeSupportedFactory.IsItemTypeSupported ()The method or operation is not implemented.   at VideoOS.Platform.SDKUnittest.EnvironmentTests.TestConfigurationClientService.GetItem(String path) in D:\actions-runner\_work\XPCO\XPCO\MIP\MIPSDK\tst\VideoOS.Platform.SDK.UnitTests\EnvironmentTests\TestsWithCorporateShimsBase.cs:line 227&#xD;
   at VideoOS.Platform.Proxy.ConfigApi.ConfigurationApiItemWrapper..ctor(ServerId serverId, String path) in D:\actions-runner\_work\XPCO\XPCO\MIP\PlatformPlugin\VideoOS.Platform\src\Proxy\ConfigApi\ConfigurationApiItemWrapper.cs:line 104&#xD;
   at VideoOS.Platform.ConfigurationItems.Factory.IsItemTypeSupported(ServerId serverId, String itemType) in D:\actions-runner\_work\XPCO\XPCO\MIP\PlatformPlugin\VideoOS.Platform\src\ConfigurationItems\Factory.cs:line 464&#xD;
MIP: Error: ConfigurationApiItemWrapper (): ConfigAPI GetItem(): System.NotImplementedException, The method or operation is not implemented.&#xD;
MIP: Error: Factory.IsItemTypeSupported (): Exception source:      VideoOS.Platform.SDK.UnitTests&#xD;
Exception type:        System.NotImplementedException&#xD;
Exception message:     The method or operation is not implemented.&#xD;
Exception target site: GetItem&#xD;
   at VideoOS.Platform.SDKUnittest.EnvironmentTests.TestConfigurationClientService.GetItem(String path) in D:\actions-runner\_work\XPCO\XPCO\MIP\MIPSDK\tst\VideoOS.Platform.SDK.UnitTests\EnvironmentTests\TestsWithCorporateShimsBase.cs:line 227&#xD;
   at VideoOS.Platform.Proxy.ConfigApi.ConfigurationApiItemWrapper..ctor(ServerId serverId, String path) in D:\actions-runner\_work\XPCO\XPCO\MIP\PlatformPlugin\VideoOS.Platform\src\Proxy\ConfigApi\ConfigurationApiItemWrapper.cs:line 104&#xD;
   at VideoOS.Platform.ConfigurationItems.Factory.IsItemTypeSupported(ServerId serverId, String itemType) in D:\actions-runner\_work\XPCO\XPCO\MIP\PlatformPlugin\VideoOS.Platform\src\ConfigurationItems\Factory.cs:line 464&#xD;
&#xD;
Factory.IsItemTypeSupportedFactory.IsItemTypeSupported ()The method or operation is not implemented.   at VideoOS.Platform.SDKUnittest.EnvironmentTests.TestConfigurationClientService.GetItem(String path) in D:\actions-runner\_work\XPCO\XPCO\MIP\MIPSDK\tst\VideoOS.Platform.SDK.UnitTests\EnvironmentTests\TestsWithCorporateShimsBase.cs:line 227&#xD;
   at VideoOS.Platform.Proxy.ConfigApi.ConfigurationApiItemWrapper..ctor(ServerId serverId, String path) in D:\actions-runner\_work\XPCO\XPCO\MIP\PlatformPlugin\VideoOS.Platform\src\Proxy\ConfigApi\ConfigurationApiItemWrapper.cs:line 104&#xD;
   at VideoOS.Platform.ConfigurationItems.Factory.IsItemTypeSupported(ServerId serverId, String itemType) in D:\actions-runner\_work\XPCO\XPCO\MIP\PlatformPlugin\VideoOS.Platform\src\ConfigurationItems\Factory.cs:line 464&#xD;
MIP: Error: LoginServerOauth (): https://1.2.3.5:55/ManagementServer/ServerCommandServiceOAuth.svc The method or operation is not implemented.&#xD;
MIP: Error: ConfigurationApiItemWrapper (): ConfigAPI GetItem(): System.NotImplementedException, The method or operation is not implemented.&#xD;
MIP: Error: Factory.IsItemTypeSupported (): Exception source:      VideoOS.Platform.SDK.UnitTests&#xD;
Exception type:        System.NotImplementedException&#xD;
Exception message:     The method or operation is not implemented.&#xD;
Exception target site: GetItem&#xD;
   at VideoOS.Platform.SDKUnittest.EnvironmentTests.TestConfigurationClientService.GetItem(String path) in D:\actions-runner\_work\XPCO\XPCO\MIP\MIPSDK\tst\VideoOS.Platform.SDK.UnitTests\EnvironmentTests\TestsWithCorporateShimsBase.cs:line 227&#xD;
   at VideoOS.Platform.Proxy.ConfigApi.ConfigurationApiItemWrapper..ctor(ServerId serverId, String path) in D:\actions-runner\_work\XPCO\XPCO\MIP\PlatformPlugin\VideoOS.Platform\src\Proxy\ConfigApi\ConfigurationApiItemWrapper.cs:line 104&#xD;
   at VideoOS.Platform.ConfigurationItems.Factory.IsItemTypeSupported(ServerId serverId, String itemType) in D:\actions-runner\_work\XPCO\XPCO\MIP\PlatformPlugin\VideoOS.Platform\src\ConfigurationItems\Factory.cs:line 464&#xD;
&#xD;
Factory.IsItemTypeSupportedFactory.IsItemTypeSupported ()The method or operation is not implemented.   at VideoOS.Platform.SDKUnittest.EnvironmentTests.TestConfigurationClientService.GetItem(String path) in D:\actions-runner\_work\XPCO\XPCO\MIP\MIPSDK\tst\VideoOS.Platform.SDK.UnitTests\EnvironmentTests\TestsWithCorporateShimsBase.cs:line 227&#xD;
   at VideoOS.Platform.Proxy.ConfigApi.ConfigurationApiItemWrapper..ctor(ServerId serverId, String path) in D:\actions-runner\_work\XPCO\XPCO\MIP\PlatformPlugin\VideoOS.Platform\src\Proxy\ConfigApi\ConfigurationApiItemWrapper.cs:line 104&#xD;
   at VideoOS.Platform.ConfigurationItems.Factory.IsItemTypeSupported(ServerId serverId, String itemType) in D:\actions-runner\_work\XPCO\XPCO\MIP\PlatformPlugin\VideoOS.Platform\src\ConfigurationItems\Factory.cs:line 464&#xD;
MIP: Error: GetConfiguration (): CustomSetting not found for the given platformDefinitionId: e145597a-ecaf-40a1-99e6-14bb9d45a09e&#xD;
MIP: Error: ConfigurationApiItemWrapper (): ConfigAPI GetItem(): System.NotImplementedException, The method or operation is not implemented.&#xD;
MIP: Error: Factory.IsItemTypeSupported (): Exception source:      VideoOS.Platform.SDK.UnitTests&#xD;
Exception type:        System.NotImplementedException&#xD;
Exception message:     The method or operation is not implemented.&#xD;
Exception target site: GetItem&#xD;
   at VideoOS.Platform.SDKUnittest.EnvironmentTests.TestConfigurationClientService.GetItem(String path) in D:\actions-runner\_work\XPCO\XPCO\MIP\MIPSDK\tst\VideoOS.Platform.SDK.UnitTests\EnvironmentTests\TestsWithCorporateShimsBase.cs:line 227&#xD;
   at VideoOS.Platform.Proxy.ConfigApi.ConfigurationApiItemWrapper..ctor(ServerId serverId, String path) in D:\actions-runner\_work\XPCO\XPCO\MIP\PlatformPlugin\VideoOS.Platform\src\Proxy\ConfigApi\ConfigurationApiItemWrapper.cs:line 104&#xD;
   at VideoOS.Platform.ConfigurationItems.Factory.IsItemTypeSupported(ServerId serverId, String itemType) in D:\actions-runner\_work\XPCO\XPCO\MIP\PlatformPlugin\VideoOS.Platform\src\ConfigurationItems\Factory.cs:line 464&#xD;
&#xD;
Factory.IsItemTypeSupportedFactory.IsItemTypeSupported ()The method or operation is not implemented.   at VideoOS.Platform.SDKUnittest.EnvironmentTests.TestConfigurationClientService.GetItem(String path) in D:\actions-runner\_work\XPCO\XPCO\MIP\MIPSDK\tst\VideoOS.Platform.SDK.UnitTests\EnvironmentTests\TestsWithCorporateShimsBase.cs:line 227&#xD;
   at VideoOS.Platform.Proxy.ConfigApi.ConfigurationApiItemWrapper..ctor(ServerId serverId, String path) in D:\actions-runner\_work\XPCO\XPCO\MIP\PlatformPlugin\VideoOS.Platform\src\Proxy\ConfigApi\ConfigurationApiItemWrapper.cs:line 104&#xD;
   at VideoOS.Platform.ConfigurationItems.Factory.IsItemTypeSupported(ServerId serverId, String itemType) in D:\actions-runner\_work\XPCO\XPCO\MIP\PlatformPlugin\VideoOS.Platform\src\ConfigurationItems\Factory.cs:line 464&#xD;
MIP: Error: LoginServerOauth (): https://1.2.3.5:55/ManagementServer/ServerCommandServiceOAuth.svc The method or operation is not implemented.</StdOut>
      </Output>
    </UnitTestResult>
    <UnitTestResult executionId="9eaad490-9238-4d05-a87b-69876284642e" testId="ae1a8ec4-a4d5-6c99-ef64-cbab96674e4c" testName="MergeCredentialCache_WhenNegotiateAuth_Merges" computerName="DKSR-EFI-06" duration="00:00:00.0042060" startTime="2024-01-09T15:46:04.9241715+01:00" endTime="2024-01-09T15:46:04.9286504+01:00" testType="13cdc9d9-ddb5-4fa4-a97d-d965ccfc6d4b" outcome="Passed" testListId="8c84fa94-04c1-424b-9868-57a2d4851a1d" relativeResultsDirectory="9eaad490-9238-4d05-a87b-69876284642e" />
    <UnitTestResult executionId="a8a15501-ff7a-44c8-a099-4557caadfe49" testId="7ab3ecbd-68d0-4cbf-9bde-72fb304bcae6" testName="Remove_WhenCacheHasNoCredential_DoesNothing" computerName="DKSR-EFI-06" duration="00:00:00.0317213" startTime="2024-01-09T15:46:04.9448288+01:00" endTime="2024-01-09T15:46:04.9767434+01:00" testType="13cdc9d9-ddb5-4fa4-a97d-d965ccfc6d4b" outcome="Passed" testListId="8c84fa94-04c1-424b-9868-57a2d4851a1d" relativeResultsDirectory="a8a15501-ff7a-44c8-a099-4557caadfe49" />
    <UnitTestResult executionId="57cccb96-fc87-4191-9b6f-b732cdd85bd7" testId="12830b4f-7828-9fc9-0289-1b8030e1633a" testName="CreateSession_ShouldStartSession_AndDispose_ShouldStopSession" computerName="DKSR-EFI-06" duration="00:00:00.0296539" startTime="2024-01-09T15:46:05.4139026+01:00" endTime="2024-01-09T15:46:05.4438785+01:00" testType="13cdc9d9-ddb5-4fa4-a97d-d965ccfc6d4b" outcome="Passed" testListId="8c84fa94-04c1-424b-9868-57a2d4851a1d" relativeResultsDirectory="57cccb96-fc87-4191-9b6f-b732cdd85bd7" />
    <UnitTestResult executionId="9deb5d71-3ea4-45b4-bf96-5298d9f8a08d" testId="bb377a2c-95c3-9aad-404f-5afa18de69c7" testName="LoginWithRegistration_LoginFail_ThrowDefaultException" computerName="DKSR-EFI-06" duration="00:00:00.0030243" startTime="2024-01-09T15:46:02.9768890+01:00" endTime="2024-01-09T15:46:02.9801197+01:00" testType="13cdc9d9-ddb5-4fa4-a97d-d965ccfc6d4b" outcome="Passed" testListId="8c84fa94-04c1-424b-9868-57a2d4851a1d" relativeResultsDirectory="9deb5d71-3ea4-45b4-bf96-5298d9f8a08d" />
    <UnitTestResult executionId="b5a72938-c63c-439b-bd93-0b7409fe6184" testId="486bf095-ef80-8760-1ed9-25c366babe7b" testName="Given_Connected_When_ResumeSessionUnsuccessful_Then_NoSuccessAndNewSessionIdIsReturned" computerName="DKSR-EFI-06" duration="00:00:00.0021488" startTime="2024-01-09T15:46:05.3694665+01:00" endTime="2024-01-09T15:46:05.3719306+01:00" testType="13cdc9d9-ddb5-4fa4-a97d-d965ccfc6d4b" outcome="Passed" testListId="8c84fa94-04c1-424b-9868-57a2d4851a1d" relativeResultsDirectory="b5a72938-c63c-439b-bd93-0b7409fe6184" />
    <UnitTestResult executionId="cdea15e0-857f-4c9e-8813-7a39a5bb51ad" testId="4592a7b7-193a-d11d-ddb3-2a2e9e4e2370" testName="IgnorePortCompareOk" computerName="DKSR-EFI-06" duration="00:00:00.0008355" startTime="2024-01-09T15:46:05.0835225+01:00" endTime="2024-01-09T15:46:05.0845388+01:00" testType="13cdc9d9-ddb5-4fa4-a97d-d965ccfc6d4b" outcome="Passed" testListId="8c84fa94-04c1-424b-9868-57a2d4851a1d" relativeResultsDirectory="cdea15e0-857f-4c9e-8813-7a39a5bb51ad" />
    <UnitTestResult executionId="fa161b5c-13d3-4249-baa9-cba7c130e4c6" testId="28d03c63-4b7f-6f07-1925-95fd992db754" testName="ReloadConfiguration_CallsRefreshServer" computerName="DKSR-EFI-06" duration="00:00:00.0035657" startTime="2024-01-09T15:46:02.8978239+01:00" endTime="2024-01-09T15:46:02.9015324+01:00" testType="13cdc9d9-ddb5-4fa4-a97d-d965ccfc6d4b" outcome="Passed" testListId="8c84fa94-04c1-424b-9868-57a2d4851a1d" relativeResultsDirectory="fa161b5c-13d3-4249-baa9-cba7c130e4c6" />
    <UnitTestResult executionId="91717749-f882-4561-89ce-c3e95f284788" testId="42bdc251-86a2-3f22-7f1a-f6d4ae2e2647" testName="XpcoLoadSiteItemWithNoServerAdded" computerName="DKSR-EFI-06" duration="00:00:00.0158466" startTime="2024-01-09T15:46:17.4664743+01:00" endTime="2024-01-09T15:46:17.4825064+01:00" testType="13cdc9d9-ddb5-4fa4-a97d-d965ccfc6d4b" outcome="Passed" testListId="8c84fa94-04c1-424b-9868-57a2d4851a1d" relativeResultsDirectory="91717749-f882-4561-89ce-c3e95f284788" />
    <UnitTestResult executionId="cdbbb093-660e-47bd-9bf0-78934cc887e4" testId="f232c283-5c67-bba8-153c-a9bb7624a0ae" testName="XpcoSiteInfoUriNoSuccessActiveDirectory" computerName="DKSR-EFI-06" duration="00:00:00.3231583" startTime="2024-01-09T15:46:08.1031666+01:00" endTime="2024-01-09T15:46:08.4266991+01:00" testType="13cdc9d9-ddb5-4fa4-a97d-d965ccfc6d4b" outcome="Passed" testListId="8c84fa94-04c1-424b-9868-57a2d4851a1d" relativeResultsDirectory="cdbbb093-660e-47bd-9bf0-78934cc887e4">
      <Output>
        <StdOut>Debug Trace:&#xD;
1/9/2024 3:46:08 PMFindBestAddress - Start for: https://4.4.4.4:55/, type=XPCO&#xD;
1/9/2024 3:46:08 PMFindBestAddress - Start for: http://4.4.4.4:55/, type=XPCO&#xD;
ConnectionCheck:https://4.4.4.4:55/  :The method or operation is not implemented.&#xD;
ConnectionCheck:http://4.4.4.4:55/  :The method or operation is not implemented.&#xD;
ConnectionCheck for:https://4.4.4.4:55/, Took:226ms&#xD;
ConnectionCheck for:http://4.4.4.4:55/, Took:220ms&#xD;
1/9/2024 3:46:08 PMFindBestAddress - End for: https://4.4.4.4:55/, type=XPCO&#xD;
1/9/2024 3:46:08 PMFindBestAddress - End for: http://4.4.4.4:55/, type=XPCO&#xD;
MIP: Error: FindBestAddress (): No server found on address: http://4.4.4.4:55/&#xD;
ConstructLoginServer: Unable to identify server type:4.4.4.4</StdOut>
      </Output>
    </UnitTestResult>
    <UnitTestResult executionId="4a7efcae-5123-4db1-9699-92943f0b976d" testId="9a32c8de-c721-c8df-01b2-8fdff9dd18ca" testName="Given_EventHandlerIsCreated_When_ReceivingEventMessage_Then_EventsAreSentToAllReceivers" computerName="DKSR-EFI-06" duration="00:00:00.0242793" startTime="2024-01-09T15:46:05.3073805+01:00" endTime="2024-01-09T15:46:05.3319343+01:00" testType="13cdc9d9-ddb5-4fa4-a97d-d965ccfc6d4b" outcome="Passed" testListId="8c84fa94-04c1-424b-9868-57a2d4851a1d" relativeResultsDirectory="4a7efcae-5123-4db1-9699-92943f0b976d" />
    <UnitTestResult executionId="58f6e717-15bc-4667-b9da-83faa1a9d1a1" testId="58703ce4-1c67-ed97-f1a4-1af1a3003de0" testName="Givent_MessageContainingEventWithData_When_CallingGetDataOfCorrectType_Then_ACompleteObjectIsReturned" computerName="DKSR-EFI-06" duration="00:00:00.0136562" startTime="2024-01-09T15:46:05.6458366+01:00" endTime="2024-01-09T15:46:05.6597998+01:00" testType="13cdc9d9-ddb5-4fa4-a97d-d965ccfc6d4b" outcome="Passed" testListId="8c84fa94-04c1-424b-9868-57a2d4851a1d" relativeResultsDirectory="58f6e717-15bc-4667-b9da-83faa1a9d1a1" />
    <UnitTestResult executionId="e1748bc6-2e20-48b8-96ff-3a6996e49966" testId="6c2774fd-5517-8aea-be70-fd37a3cf85af" testName="Given_Connected_When_GetCurrentStateSuccesful_Then_StatesAreReturned" computerName="DKSR-EFI-06" duration="00:00:00.0097781" startTime="2024-01-09T15:46:05.3904192+01:00" endTime="2024-01-09T15:46:05.4004968+01:00" testType="13cdc9d9-ddb5-4fa4-a97d-d965ccfc6d4b" outcome="Passed" testListId="8c84fa94-04c1-424b-9868-57a2d4851a1d" relativeResultsDirectory="e1748bc6-2e20-48b8-96ff-3a6996e49966" />
    <UnitTestResult executionId="dc137af2-3833-45fc-88d9-64871619b3ee" testId="c99c839d-4d5b-c45c-4faf-632197d463b3" testName="Initialize_ShouldSetInstancesFromContainer" computerName="DKSR-EFI-06" duration="00:00:00.1021702" startTime="2024-01-09T15:46:03.3370779+01:00" endTime="2024-01-09T15:46:03.4394292+01:00" testType="13cdc9d9-ddb5-4fa4-a97d-d965ccfc6d4b" outcome="Passed" testListId="8c84fa94-04c1-424b-9868-57a2d4851a1d" relativeResultsDirectory="dc137af2-3833-45fc-88d9-64871619b3ee" />
    <UnitTestResult executionId="c06bc9e7-f97e-430b-8f93-fc09d80a13a8" testId="4cc2af54-3704-7ced-d419-f08afbf26159" testName="StartRecording_ShouldStartRecording_WhenAudioRecorderIsInitialized" computerName="DKSR-EFI-06" duration="00:00:00.0013852" startTime="2024-01-09T15:46:23.4936395+01:00" endTime="2024-01-09T15:46:23.4951455+01:00" testType="13cdc9d9-ddb5-4fa4-a97d-d965ccfc6d4b" outcome="Passed" testListId="8c84fa94-04c1-424b-9868-57a2d4851a1d" relativeResultsDirectory="c06bc9e7-f97e-430b-8f93-fc09d80a13a8" />
    <UnitTestResult executionId="ed65d520-bd53-4107-9a8f-11788ff0a199" testId="853af3f4-f013-afe1-e51f-9f0386bea5b2" testName="Givent_MessageContainingEventWithData_When_CallingGetDataOfInCorrectTypeThatIsNotSeserializable_Then_MipExceptionIsThrown" computerName="DKSR-EFI-06" duration="00:00:00.0112194" startTime="2024-01-09T15:46:05.6777966+01:00" endTime="2024-01-09T15:46:05.6893717+01:00" testType="13cdc9d9-ddb5-4fa4-a97d-d965ccfc6d4b" outcome="Passed" testListId="8c84fa94-04c1-424b-9868-57a2d4851a1d" relativeResultsDirectory="ed65d520-bd53-4107-9a8f-11788ff0a199" />
    <UnitTestResult executionId="b946b811-c1b2-417e-bb93-205756fc4f69" testId="85afdadd-d6c2-2083-0346-abf07f63d82d" testName="XpcoMultiLoginSuccess" computerName="DKSR-EFI-06" duration="00:00:00.1510000" startTime="2024-01-09T15:46:07.5362787+01:00" endTime="2024-01-09T15:46:07.6877605+01:00" testType="13cdc9d9-ddb5-4fa4-a97d-d965ccfc6d4b" outcome="Passed" testListId="8c84fa94-04c1-424b-9868-57a2d4851a1d" relativeResultsDirectory="b946b811-c1b2-417e-bb93-205756fc4f69">
      <Output>
        <StdOut>Debug Trace:&#xD;
TopLevelControl returns null. PostMessage may have problems</StdOut>
      </Output>
    </UnitTestResult>
    <UnitTestResult executionId="982c097a-c029-41f7-aa8e-c2112a92aa32" testId="d1e2ee3a-5497-84fa-1720-32c96fcd92e7" testName="MergeCredentialCache_WhenAlreadyHasCredential_DoesntMerge" computerName="DKSR-EFI-06" duration="00:00:00.0009233" startTime="2024-01-09T15:46:04.9310881+01:00" endTime="2024-01-09T15:46:04.9321915+01:00" testType="13cdc9d9-ddb5-4fa4-a97d-d965ccfc6d4b" outcome="Passed" testListId="8c84fa94-04c1-424b-9868-57a2d4851a1d" relativeResultsDirectory="982c097a-c029-41f7-aa8e-c2112a92aa32" />
    <UnitTestResult executionId="a71533eb-2799-4bba-ab1f-c3c63b7bf408" testId="ba5b86d5-401c-4e0a-f138-2c19e1e02c7f" testName="Unitialize_ShouldCallServiceReset" computerName="DKSR-EFI-06" duration="00:00:00.0009533" startTime="2024-01-09T15:46:03.4501224+01:00" endTime="2024-01-09T15:46:03.4511801+01:00" testType="13cdc9d9-ddb5-4fa4-a97d-d965ccfc6d4b" outcome="Passed" testListId="8c84fa94-04c1-424b-9868-57a2d4851a1d" relativeResultsDirectory="a71533eb-2799-4bba-ab1f-c3c63b7bf408" />
    <UnitTestResult executionId="37f8b63b-3d1a-42ca-b5a4-b8897aa54bd6" testId="853f6915-20e9-72f8-b144-6b6c2f45bce5" testName="ConnectionTask_ShouldNotResubscribe_WhenConnectionIsBroken_AndResumeSucceeds" computerName="DKSR-EFI-06" duration="00:00:00.0161779" startTime="2024-01-09T15:46:05.4519087+01:00" endTime="2024-01-09T15:46:05.4684368+01:00" testType="13cdc9d9-ddb5-4fa4-a97d-d965ccfc6d4b" outcome="Passed" testListId="8c84fa94-04c1-424b-9868-57a2d4851a1d" relativeResultsDirectory="37f8b63b-3d1a-42ca-b5a4-b8897aa54bd6" />
    <UnitTestResult executionId="dbc72327-1533-402d-9233-40b343c332d9" testId="4c636ed3-7a97-56f4-5f09-90e82a59bb70" testName="XpcoMultiUserLoginTwoServersBasic" computerName="DKSR-EFI-06" duration="00:00:00.4960094" startTime="2024-01-09T15:46:12.5318939+01:00" endTime="2024-01-09T15:46:13.0287277+01:00" testType="13cdc9d9-ddb5-4fa4-a97d-d965ccfc6d4b" outcome="Failed" testListId="8c84fa94-04c1-424b-9868-57a2d4851a1d" relativeResultsDirectory="dbc72327-1533-402d-9233-40b343c332d9">
      <Output>
        <StdOut>Debug Trace:&#xD;
TopLevelControl returns null. PostMessage may have problems&#xD;
MIP: Error: ConfigurationApiItemWrapper (): ConfigAPI GetItem(): System.NotImplementedException, The method or operation is not implemented.&#xD;
MIP: Error: License Load (): Exception source:      VideoOS.Platform.SDK.UnitTests&#xD;
Exception type:        System.NotImplementedException&#xD;
Exception message:     The method or operation is not implemented.&#xD;
Exception target site: GetItem&#xD;
   at VideoOS.Platform.SDKUnittest.EnvironmentTests.TestConfigurationClientService.GetItem(String path) in D:\actions-runner\_work\XPCO\XPCO\MIP\MIPSDK\tst\VideoOS.Platform.SDK.UnitTests\EnvironmentTests\TestsWithCorporateShimsBase.cs:line 227&#xD;
   at VideoOS.Platform.Proxy.ConfigApi.ConfigurationApiItemWrapper..ctor(ServerId serverId, String path) in D:\actions-runner\_work\XPCO\XPCO\MIP\PlatformPlugin\VideoOS.Platform\src\Proxy\ConfigApi\ConfigurationApiItemWrapper.cs:line 104&#xD;
   at VideoOS.Platform.ConfigurationItems.IConfigurationChildItem..ctor(ServerId serverId, String path) in D:\actions-runner\_work\XPCO\XPCO\MIP\PlatformPlugin\VideoOS.Platform\src\ConfigurationItems\IConfigurationChildItem.cs:line 39&#xD;
   at VideoOS.Platform.ConfigurationItems.IConfigurationItem..ctor(ServerId serverId, String path) in D:\actions-runner\_work\XPCO\XPCO\MIP\PlatformPlugin\VideoOS.Platform\src\ConfigurationItems\IConfigurationItem.cs:line 27&#xD;
   at VideoOS.Platform.ConfigurationItems.MIPItemFolder..ctor(ServerId serverId, String path) in D:\actions-runner\_work\XPCO\XPCO\MIP\PlatformPlugin\VideoOS.Platform\src\ConfigurationItems\MIPItemFolder.cs:line 56&#xD;
   at VideoOS.Platform.Configuration.GetItemConfigurationBase(ServerId serverId, Guid itemKind, Guid objectId) in D:\actions-runner\_work\XPCO\XPCO\MIP\PlatformPlugin\VideoOS.Platform\src\Configuration.cs:line 423&#xD;
   at VideoOS.Platform.Configuration.GetItemConfiguration(Guid pluginDefinitionId, Guid itemKind, Guid objectId) in D:\actions-runner\_work\XPCO\XPCO\MIP\PlatformPlugin\VideoOS.Platform\src\Configuration.cs:line 389&#xD;
   at VideoOS.Platform.SDK.Platform.SDKConfiguration.GetItemConfiguration(Guid platformDefinitionId, Guid itemKind, Guid itemId) in D:\actions-runner\_work\XPCO\XPCO\MIP\MIPSDK\prod\VideoOS.Platform.SDK\Platform\SDKConfiguration.cs:line 954&#xD;
   at VideoOS.Platform.License.LicenseManager.LoadLicenseInformation() in D:\actions-runner\_work\XPCO\XPCO\MIP\PlatformPlugin\VideoOS.Platform\src\License\LicenseManager.Internal.cs:line 77&#xD;
&#xD;
License LoadLicense Load ()The method or operation is not implemented.   at VideoOS.Platform.SDKUnittest.EnvironmentTests.TestConfigurationClientService.GetItem(String path) in D:\actions-runner\_work\XPCO\XPCO\MIP\MIPSDK\tst\VideoOS.Platform.SDK.UnitTests\EnvironmentTests\TestsWithCorporateShimsBase.cs:line 227&#xD;
   at VideoOS.Platform.Proxy.ConfigApi.ConfigurationApiItemWrapper..ctor(ServerId serverId, String path) in D:\actions-runner\_work\XPCO\XPCO\MIP\PlatformPlugin\VideoOS.Platform\src\Proxy\ConfigApi\ConfigurationApiItemWrapper.cs:line 104&#xD;
   at VideoOS.Platform.ConfigurationItems.IConfigurationChildItem..ctor(ServerId serverId, String path) in D:\actions-runner\_work\XPCO\XPCO\MIP\PlatformPlugin\VideoOS.Platform\src\ConfigurationItems\IConfigurationChildItem.cs:line 39&#xD;
   at VideoOS.Platform.ConfigurationItems.IConfigurationItem..ctor(ServerId serverId, String path) in D:\actions-runner\_work\XPCO\XPCO\MIP\PlatformPlugin\VideoOS.Platform\src\ConfigurationItems\IConfigurationItem.cs:line 27&#xD;
   at VideoOS.Platform.ConfigurationItems.MIPItemFolder..ctor(ServerId serverId, String path) in D:\actions-runner\_work\XPCO\XPCO\MIP\PlatformPlugin\VideoOS.Platform\src\ConfigurationItems\MIPItemFolder.cs:line 56&#xD;
   at VideoOS.Platform.Configuration.GetItemConfigurationBase(ServerId serverId, Guid itemKind, Guid objectId) in D:\actions-runner\_work\XPCO\XPCO\MIP\PlatformPlugin\VideoOS.Platform\src\Configuration.cs:line 423&#xD;
   at VideoOS.Platform.Configuration.GetItemConfiguration(Guid pluginDefinitionId, Guid itemKind, Guid objectId) in D:\actions-runner\_work\XPCO\XPCO\MIP\PlatformPlugin\VideoOS.Platform\src\Configuration.cs:line 389&#xD;
   at VideoOS.Platform.SDK.Platform.SDKConfiguration.GetItemConfiguration(Guid platformDefinitionId, Guid itemKind, Guid itemId) in D:\actions-runner\_work\XPCO\XPCO\MIP\MIPSDK\prod\VideoOS.Platform.SDK\Platform\SDKConfiguration.cs:line 954&#xD;
   at VideoOS.Platform.License.LicenseManager.LoadLicenseInformation() in D:\actions-runner\_work\XPCO\XPCO\MIP\PlatformPlugin\VideoOS.Platform\src\License\LicenseManager.Internal.cs:line 77</StdOut>
        <ErrorInfo>
          <Message>Expected okResult to be true because VideoOS.Platform.UserContext should be able to login into http://1.2.3.5:55/, but found False.</Message>
          <StackTrace>   at FluentAssertions.Execution.LateBoundTestFramework.Throw(String message)&#xD;
   at FluentAssertions.Execution.TestFrameworkProvider.Throw(String message)&#xD;
   at FluentAssertions.Execution.DefaultAssertionStrategy.HandleFailure(String message)&#xD;
   at FluentAssertions.Execution.AssertionScope.FailWith(Func`1 failReasonFunc)&#xD;
   at FluentAssertions.Execution.AssertionScope.FailWith(Func`1 failReasonFunc)&#xD;
   at FluentAssertions.Execution.AssertionScope.FailWith(String message, Object[] args)&#xD;
   at FluentAssertions.Primitives.BooleanAssertions`1.BeTrue(String because, Object[] becauseArgs)&#xD;
   at VideoOS.Platform.SDKUnittest.EnvironmentTests.MultiUserEnvironmentTests.XpcoMultiUserLoginTwoServersBasic() in D:\actions-runner\_work\XPCO\XPCO\MIP\MIPSDK\tst\VideoOS.Platform.SDK.UnitTests\EnvironmentTests\MultiUserEnvironmentTests.cs:line 179&#xD;
</StackTrace>
        </ErrorInfo>
      </Output>
    </UnitTestResult>
    <UnitTestResult executionId="7963e8ac-bc42-4a80-90d8-c6dc4dac43c2" testId="bc335d91-1297-3bd7-e46e-c0c3ae74878f" testName="LoadSiteItem_WithServerType_Success" computerName="DKSR-EFI-06" duration="00:00:00.0049701" startTime="2024-01-09T15:46:02.8731562+01:00" endTime="2024-01-09T15:46:02.8783029+01:00" testType="13cdc9d9-ddb5-4fa4-a97d-d965ccfc6d4b" outcome="Passed" testListId="8c84fa94-04c1-424b-9868-57a2d4851a1d" relativeResultsDirectory="7963e8ac-bc42-4a80-90d8-c6dc4dac43c2" />
    <UnitTestResult executionId="05e7c6fa-5fcd-4c32-a028-67837ac1284d" testId="a4c6d443-fa01-dcc3-6d3b-7e396f5ee185" testName="Initialize_ShouldSetUserContextConfiguration" computerName="DKSR-EFI-06" duration="00:00:00.0014970" startTime="2024-01-09T15:46:03.4400882+01:00" endTime="2024-01-09T15:46:03.4417270+01:00" testType="13cdc9d9-ddb5-4fa4-a97d-d965ccfc6d4b" outcome="Passed" testListId="8c84fa94-04c1-424b-9868-57a2d4851a1d" relativeResultsDirectory="05e7c6fa-5fcd-4c32-a028-67837ac1284d" />
    <UnitTestResult executionId="9d63e371-8cc5-446c-89fa-c6c059f8356d" testId="15bcd984-07b3-3ad0-b259-4c4f5e06c1bd" testName="IsLoggedIn_Correct" computerName="DKSR-EFI-06" duration="00:00:00.0040947" startTime="2024-01-09T15:46:02.8929299+01:00" endTime="2024-01-09T15:46:02.8971752+01:00" testType="13cdc9d9-ddb5-4fa4-a97d-d965ccfc6d4b" outcome="Passed" testListId="8c84fa94-04c1-424b-9868-57a2d4851a1d" relativeResultsDirectory="9d63e371-8cc5-446c-89fa-c6c059f8356d" />
    <UnitTestResult executionId="2b7dafea-4429-41f5-a96c-5b7feee9d810" testId="f9063bff-e7ba-c028-46f9-189d14a707c0" testName="Logout_Success" computerName="DKSR-EFI-06" duration="00:00:00.0142418" startTime="2024-01-09T15:46:03.0085208+01:00" endTime="2024-01-09T15:46:03.0229462+01:00" testType="13cdc9d9-ddb5-4fa4-a97d-d965ccfc6d4b" outcome="Passed" testListId="8c84fa94-04c1-424b-9868-57a2d4851a1d" relativeResultsDirectory="2b7dafea-4429-41f5-a96c-5b7feee9d810" />
    <UnitTestResult executionId="dd889430-80d0-4d4b-850d-9bf0c3fe9edb" testId="4c36fbe1-f8de-13b2-bcb1-e7ce9596a021" testName="Given_Nothing_When_SendingACommand_Then_CommandReturnsWhenResponseIsReceived" computerName="DKSR-EFI-06" duration="00:00:00.0616223" startTime="2024-01-09T15:46:05.1676183+01:00" endTime="2024-01-09T15:46:05.2295107+01:00" testType="13cdc9d9-ddb5-4fa4-a97d-d965ccfc6d4b" outcome="Passed" testListId="8c84fa94-04c1-424b-9868-57a2d4851a1d" relativeResultsDirectory="dd889430-80d0-4d4b-850d-9bf0c3fe9edb" />
    <UnitTestResult executionId="f157e8f1-5fcf-419a-8127-769befb346ad" testId="e480450b-9f62-5e54-a1f5-cc1228ba5cde" testName="Free_ShouldStopRecording_WhenRecordingIsStarted" computerName="DKSR-EFI-06" duration="00:00:00.0007792" startTime="2024-01-09T15:46:23.5114387+01:00" endTime="2024-01-09T15:46:23.5123367+01:00" testType="13cdc9d9-ddb5-4fa4-a97d-d965ccfc6d4b" outcome="Passed" testListId="8c84fa94-04c1-424b-9868-57a2d4851a1d" relativeResultsDirectory="f157e8f1-5fcf-419a-8127-769befb346ad" />
    <UnitTestResult executionId="3d379e53-624c-45fc-958e-2d43b99129f2" testId="9e96d681-4077-c58a-c79c-4c329c7488ff" testName="Initialize_ShouldReturnFalse_WhenNoRecordingDeviceIsAvailable" computerName="DKSR-EFI-06" duration="00:00:00.0243063" startTime="2024-01-09T15:46:23.4561824+01:00" endTime="2024-01-09T15:46:23.4808828+01:00" testType="13cdc9d9-ddb5-4fa4-a97d-d965ccfc6d4b" outcome="Passed" testListId="8c84fa94-04c1-424b-9868-57a2d4851a1d" relativeResultsDirectory="3d379e53-624c-45fc-958e-2d43b99129f2" />
    <UnitTestResult executionId="7e5e465e-22da-44c1-9109-a3227adb1069" testId="2509f740-7111-f1e6-910d-8d9558b1e027" testName="Given_ReceivedMessageIsBadlyFormedJson_When_Parsing_Then_ErrorDescriptionIsReturned" computerName="DKSR-EFI-06" duration="00:00:00.0021058" startTime="2024-01-09T15:46:05.6083692+01:00" endTime="2024-01-09T15:46:05.6106845+01:00" testType="13cdc9d9-ddb5-4fa4-a97d-d965ccfc6d4b" outcome="Passed" testListId="8c84fa94-04c1-424b-9868-57a2d4851a1d" relativeResultsDirectory="7e5e465e-22da-44c1-9109-a3227adb1069" />
    <UnitTestResult executionId="b984bde2-06fa-4d91-b9dd-7c89e8e62943" testId="77eef133-6232-6ffd-513d-bce5ef28eb6d" testName="GetDisabledDevices_Success" computerName="DKSR-EFI-06" duration="00:00:00.0131188" startTime="2024-01-09T15:46:03.1524828+01:00" endTime="2024-01-09T15:46:03.1660033+01:00" testType="13cdc9d9-ddb5-4fa4-a97d-d965ccfc6d4b" outcome="Passed" testListId="8c84fa94-04c1-424b-9868-57a2d4851a1d" relativeResultsDirectory="b984bde2-06fa-4d91-b9dd-7c89e8e62943" />
    <UnitTestResult executionId="3aef55d2-09c2-41c7-90d7-0f630e823f41" testId="5456b4a7-0c13-564f-de65-ea8a9df057cb" testName="CloseCheckForStandalone_Success" computerName="DKSR-EFI-06" duration="00:00:00.0007713" startTime="2024-01-09T15:46:05.1660993+01:00" endTime="2024-01-09T15:46:05.1671125+01:00" testType="13cdc9d9-ddb5-4fa4-a97d-d965ccfc6d4b" outcome="Passed" testListId="8c84fa94-04c1-424b-9868-57a2d4851a1d" relativeResultsDirectory="3aef55d2-09c2-41c7-90d7-0f630e823f41" />
    <UnitTestResult executionId="6fd2866a-97e5-4e64-99cc-76f27bd9970d" testId="a8963d66-96b1-b26d-9572-0832732d3cea" testName="MergeCredentialCache_WhenBasicAuth_Merges" computerName="DKSR-EFI-06" duration="00:00:00.0009887" startTime="2024-01-09T15:46:04.9292952+01:00" endTime="2024-01-09T15:46:04.9304397+01:00" testType="13cdc9d9-ddb5-4fa4-a97d-d965ccfc6d4b" outcome="Passed" testListId="8c84fa94-04c1-424b-9868-57a2d4851a1d" relativeResultsDirectory="6fd2866a-97e5-4e64-99cc-76f27bd9970d" />
    <UnitTestResult executionId="5c216d5c-56aa-4e3d-89a5-722b56b850b2" testId="ccb2b6db-3973-b90d-56a9-3d38c12b2b8f" testName="Given_Nothing_When_ConnectUnSuccessful_Then_AnExceptionIsThrown" computerName="DKSR-EFI-06" duration="00:00:00.0016408" startTime="2024-01-09T15:46:05.4114077+01:00" endTime="2024-01-09T15:46:05.4133325+01:00" testType="13cdc9d9-ddb5-4fa4-a97d-d965ccfc6d4b" outcome="Passed" testListId="8c84fa94-04c1-424b-9868-57a2d4851a1d" relativeResultsDirectory="5c216d5c-56aa-4e3d-89a5-722b56b850b2" />
    <UnitTestResult executionId="58b56e9c-2507-4261-ac09-15972d76e545" testId="f1181353-771a-42f2-9df1-c384eac48176" testName="OAuthServerIsOffline" computerName="DKSR-EFI-06" duration="00:00:00.0035812" startTime="2024-01-09T15:46:04.5869385+01:00" endTime="2024-01-09T15:46:04.5909546+01:00" testType="13cdc9d9-ddb5-4fa4-a97d-d965ccfc6d4b" outcome="Passed" testListId="8c84fa94-04c1-424b-9868-57a2d4851a1d" relativeResultsDirectory="58b56e9c-2507-4261-ac09-15972d76e545" />
    <UnitTestResult executionId="cf0708e9-ca07-4e3d-a29a-661ad86c4d68" testId="c46fb142-69b0-d140-f581-d0b790df6efa" testName="DomainCompareFail" computerName="DKSR-EFI-06" duration="00:00:00.0008132" startTime="2024-01-09T15:46:05.0885576+01:00" endTime="2024-01-09T15:46:05.0895090+01:00" testType="13cdc9d9-ddb5-4fa4-a97d-d965ccfc6d4b" outcome="Passed" testListId="8c84fa94-04c1-424b-9868-57a2d4851a1d" relativeResultsDirectory="cf0708e9-ca07-4e3d-a29a-661ad86c4d68" />
    <UnitTestResult executionId="b085744e-51ad-4a54-b31f-452869543ab3" testId="638fe5d5-83ae-859e-df2b-f9eef240ca6f" testName="LogoutByUri_WhenSystemInfoNull_CallsOnlyConfigurationLogout" computerName="DKSR-EFI-06" duration="00:00:00.0058883" startTime="2024-01-09T15:46:02.9807986+01:00" endTime="2024-01-09T15:46:02.9868413+01:00" testType="13cdc9d9-ddb5-4fa4-a97d-d965ccfc6d4b" outcome="Passed" testListId="8c84fa94-04c1-424b-9868-57a2d4851a1d" relativeResultsDirectory="b085744e-51ad-4a54-b31f-452869543ab3" />
    <UnitTestResult executionId="2f490be0-0620-43b3-bd5c-f3b7e0f880bd" testId="56497288-6a33-5a75-f21c-09bd940b969b" testName="XpcoSiteInfoUriCorrectServerType" computerName="DKSR-EFI-06" duration="00:00:00.0209065" startTime="2024-01-09T15:46:08.7585813+01:00" endTime="2024-01-09T15:46:08.7797580+01:00" testType="13cdc9d9-ddb5-4fa4-a97d-d965ccfc6d4b" outcome="Passed" testListId="8c84fa94-04c1-424b-9868-57a2d4851a1d" relativeResultsDirectory="2f490be0-0620-43b3-bd5c-f3b7e0f880bd" />
    <UnitTestResult executionId="080b6f97-8220-4fd2-b28c-8a1a01b87353" testId="08174d10-eed4-6921-ad50-4948b695fb55" testName="Givent_MessageContainingEventWithData_When_ConvertingToEvents_Then_NoElementsAreOfNewtonSoftJsonType" computerName="DKSR-EFI-06" duration="00:00:00.0157237" startTime="2024-01-09T15:46:05.6268968+01:00" endTime="2024-01-09T15:46:05.6428622+01:00" testType="13cdc9d9-ddb5-4fa4-a97d-d965ccfc6d4b" outcome="Passed" testListId="8c84fa94-04c1-424b-9868-57a2d4851a1d" relativeResultsDirectory="080b6f97-8220-4fd2-b28c-8a1a01b87353" />
    <UnitTestResult executionId="e6278d81-d581-4d7d-8fa8-2d26bb9f3095" testId="eee97d95-67c8-3d03-776d-c5c6f362f535" testName="ConnectionTask_ShouldNotResumeNewSession_WhenConnectionIsBroken_AndResumeFails_AndResubscribeFails" computerName="DKSR-EFI-06" duration="00:00:00.0124736" startTime="2024-01-09T15:46:05.4807496+01:00" endTime="2024-01-09T15:46:05.4935609+01:00" testType="13cdc9d9-ddb5-4fa4-a97d-d965ccfc6d4b" outcome="Passed" testListId="8c84fa94-04c1-424b-9868-57a2d4851a1d" relativeResultsDirectory="e6278d81-d581-4d7d-8fa8-2d26bb9f3095" />
    <UnitTestResult executionId="f084a086-acc8-4fff-8508-e0cc04130011" testId="ef02471d-d90f-d7cc-ccc2-806bfb1ff8c0" testName="LoadConfiguration_Correct" computerName="DKSR-EFI-06" duration="00:00:00.0044932" startTime="2024-01-09T15:46:02.8876304+01:00" endTime="2024-01-09T15:46:02.8922928+01:00" testType="13cdc9d9-ddb5-4fa4-a97d-d965ccfc6d4b" outcome="Passed" testListId="8c84fa94-04c1-424b-9868-57a2d4851a1d" relativeResultsDirectory="f084a086-acc8-4fff-8508-e0cc04130011" />
    <UnitTestResult executionId="151f77b1-c088-47e7-b973-fac6bf809d03" testId="7c979667-6bd9-aaa8-412d-d36319ef5eef" testName="Initialize_ShouldCallServiceInit" computerName="DKSR-EFI-06" duration="00:00:00.0013641" startTime="2024-01-09T15:46:03.4421078+01:00" endTime="2024-01-09T15:46:03.4435697+01:00" testType="13cdc9d9-ddb5-4fa4-a97d-d965ccfc6d4b" outcome="Passed" testListId="8c84fa94-04c1-424b-9868-57a2d4851a1d" relativeResultsDirectory="151f77b1-c088-47e7-b973-fac6bf809d03" />
    <UnitTestResult executionId="50c3f794-6286-4933-8c74-995a71e0b40e" testId="27438331-c0fe-4d15-65b5-fb3f4b12375a" testName="Given_Nothing_When_SendingTheSessionThroughAllStates_Then_ConnectionStatesAreSendAndPropertyUpdated2" computerName="DKSR-EFI-06" duration="00:00:00.0895391" startTime="2024-01-09T15:46:05.4944306+01:00" endTime="2024-01-09T15:46:05.5842771+01:00" testType="13cdc9d9-ddb5-4fa4-a97d-d965ccfc6d4b" outcome="Passed" testListId="8c84fa94-04c1-424b-9868-57a2d4851a1d" relativeResultsDirectory="50c3f794-6286-4933-8c74-995a71e0b40e" />
    <UnitTestResult executionId="df6d8944-555e-4424-9905-581026024df5" testId="60409c99-de38-bfcd-7919-8dbdd2d23a16" testName="XpcoIdentificationAndLoginSuccess" computerName="DKSR-EFI-06" duration="00:00:00.0709221" startTime="2024-01-09T15:46:14.7044219+01:00" endTime="2024-01-09T15:46:14.7757257+01:00" testType="13cdc9d9-ddb5-4fa4-a97d-d965ccfc6d4b" outcome="Passed" testListId="8c84fa94-04c1-424b-9868-57a2d4851a1d" relativeResultsDirectory="df6d8944-555e-4424-9905-581026024df5">
      <Output>
        <StdOut>Debug Trace:&#xD;
TopLevelControl returns null. PostMessage may have problems</StdOut>
      </Output>
    </UnitTestResult>
    <UnitTestResult executionId="186d6639-0997-4ef3-b0c2-161910ccebc2" testId="517e0e3b-7634-80b0-69a7-bd9c7f21e593" testName="RemoveAllServers_Success" computerName="DKSR-EFI-06" duration="00:00:00.0050307" startTime="2024-01-09T15:46:03.0259789+01:00" endTime="2024-01-09T15:46:03.0312748+01:00" testType="13cdc9d9-ddb5-4fa4-a97d-d965ccfc6d4b" outcome="Passed" testListId="8c84fa94-04c1-424b-9868-57a2d4851a1d" relativeResultsDirectory="186d6639-0997-4ef3-b0c2-161910ccebc2" />
    <UnitTestResult executionId="00c0e422-34a1-4789-a674-e927832c93d8" testId="0793f3e7-1a84-232a-72f7-77f9de3f59e4" testName="StripXmlHeader_WhenNull_ReturnsNull" computerName="DKSR-EFI-06" duration="00:00:00.0001067" startTime="2024-01-09T15:46:03.4601159+01:00" endTime="2024-01-09T15:46:03.4603051+01:00" testType="13cdc9d9-ddb5-4fa4-a97d-d965ccfc6d4b" outcome="Passed" testListId="8c84fa94-04c1-424b-9868-57a2d4851a1d" relativeResultsDirectory="00c0e422-34a1-4789-a674-e927832c93d8" />
    <UnitTestResult executionId="cfbed302-c39d-46a5-8e19-4f27237285eb" testId="15ad8216-9c14-c256-63f8-389788086f93" testName="When_MipTokenCacheIsSet_BearerTokenBehaviourIsAdded" computerName="DKSR-EFI-06" duration="00:00:00.2948506" startTime="2024-01-09T15:46:04.5913559+01:00" endTime="2024-01-09T15:46:04.8866630+01:00" testType="13cdc9d9-ddb5-4fa4-a97d-d965ccfc6d4b" outcome="Passed" testListId="8c84fa94-04c1-424b-9868-57a2d4851a1d" relativeResultsDirectory="cfbed302-c39d-46a5-8e19-4f27237285eb" />
    <UnitTestResult executionId="de23c225-a61d-433e-9f62-8d7fc059c14f" testId="b65005d3-1361-e0b7-9c4d-43d19b2fd72f" testName="Free_ShouldNotChangeRecordingStatus_WhenRecordingIsStopped" computerName="DKSR-EFI-06" duration="00:00:00.0008446" startTime="2024-01-09T15:46:23.5135766+01:00" endTime="2024-01-09T15:46:23.5154471+01:00" testType="13cdc9d9-ddb5-4fa4-a97d-d965ccfc6d4b" outcome="Passed" testListId="8c84fa94-04c1-424b-9868-57a2d4851a1d" relativeResultsDirectory="de23c225-a61d-433e-9f62-8d7fc059c14f" />
    <UnitTestResult executionId="7a1b55c0-70f7-4395-bc6c-f3fdfb964db8" testId="f4f1f3cd-b04f-c623-3d30-8c01b6f83066" testName="AddServer_WithLoginSettings_MasterOnlyTrue_CorrectlyPassed" computerName="DKSR-EFI-06" duration="00:00:00.0022721" startTime="2024-01-09T15:46:03.0461781+01:00" endTime="2024-01-09T15:46:03.0486146+01:00" testType="13cdc9d9-ddb5-4fa4-a97d-d965ccfc6d4b" outcome="Passed" testListId="8c84fa94-04c1-424b-9868-57a2d4851a1d" relativeResultsDirectory="7a1b55c0-70f7-4395-bc6c-f3fdfb964db8" />
    <UnitTestResult executionId="c3345a0d-c0e3-49c8-a85d-f2406d8c8445" testId="ca527ff0-e8d3-ed62-5f44-c8e5eb7d34bb" testName="Free_ShouldDoNothing_WhenAudioRecorderIsNotInitialized" computerName="DKSR-EFI-06" duration="00:00:00.0004177" startTime="2024-01-09T15:46:23.5092435+01:00" endTime="2024-01-09T15:46:23.5097894+01:00" testType="13cdc9d9-ddb5-4fa4-a97d-d965ccfc6d4b" outcome="Passed" testListId="8c84fa94-04c1-424b-9868-57a2d4851a1d" relativeResultsDirectory="c3345a0d-c0e3-49c8-a85d-f2406d8c8445" />
    <UnitTestResult executionId="6ac1696a-f599-45f0-b13d-bc1f850a2f9d" testId="2bc0ce96-c350-d094-ddf7-a0dcbcc01a25" testName="StopRecording_ShouldStopRecording_WhenRecordingIsStarted" computerName="DKSR-EFI-06" duration="00:00:00.0011697" startTime="2024-01-09T15:46:23.5059995+01:00" endTime="2024-01-09T15:46:23.5073718+01:00" testType="13cdc9d9-ddb5-4fa4-a97d-d965ccfc6d4b" outcome="Passed" testListId="8c84fa94-04c1-424b-9868-57a2d4851a1d" relativeResultsDirectory="6ac1696a-f599-45f0-b13d-bc1f850a2f9d" />
    <UnitTestResult executionId="06010d8c-6fec-42d8-89c1-3b96f3ba79ef" testId="92a0043a-eb95-e604-ef36-165e1d731356" testName="AddServer_WithCredentialCache_MasterOnlyTrue_CorrectlyPassed" computerName="DKSR-EFI-06" duration="00:00:00.0013399" startTime="2024-01-09T15:46:03.0895520+01:00" endTime="2024-01-09T15:46:03.0910329+01:00" testType="13cdc9d9-ddb5-4fa4-a97d-d965ccfc6d4b" outcome="Passed" testListId="8c84fa94-04c1-424b-9868-57a2d4851a1d" relativeResultsDirectory="06010d8c-6fec-42d8-89c1-3b96f3ba79ef" />
    <UnitTestResult executionId="9ca1ce30-60e1-4465-9605-a2c4d77ac1ce" testId="fb9222b4-352e-53d2-a6a0-c25767f137de" testName="AddServer_WithLoginSettings_Correct" computerName="DKSR-EFI-06" duration="00:00:00.0133568" startTime="2024-01-09T15:46:03.0319520+01:00" endTime="2024-01-09T15:46:03.0454937+01:00" testType="13cdc9d9-ddb5-4fa4-a97d-d965ccfc6d4b" outcome="Passed" testListId="8c84fa94-04c1-424b-9868-57a2d4851a1d" relativeResultsDirectory="9ca1ce30-60e1-4465-9605-a2c4d77ac1ce" />
    <UnitTestResult executionId="26788965-ae9c-4f47-8cb1-31305a392e9e" testId="d389fe94-fff2-4d0c-61e3-1873fab89725" testName="ReloadConfiguration_WhenServerIdNull_NotCallRefreshServer" computerName="DKSR-EFI-06" duration="00:00:00.0015441" startTime="2024-01-09T15:46:02.9021687+01:00" endTime="2024-01-09T15:46:02.9038477+01:00" testType="13cdc9d9-ddb5-4fa4-a97d-d965ccfc6d4b" outcome="Passed" testListId="8c84fa94-04c1-424b-9868-57a2d4851a1d" relativeResultsDirectory="26788965-ae9c-4f47-8cb1-31305a392e9e" />
    <UnitTestResult executionId="9c32d946-ff31-4bc8-96a8-1434230ccbb6" testId="3ef0c418-2089-c3e6-4e94-e0341e36e810" testName="Contains_Correct" computerName="DKSR-EFI-06" duration="00:00:00.0021081" startTime="2024-01-09T15:46:05.1593726+01:00" endTime="2024-01-09T15:46:05.1616629+01:00" testType="13cdc9d9-ddb5-4fa4-a97d-d965ccfc6d4b" outcome="Passed" testListId="8c84fa94-04c1-424b-9868-57a2d4851a1d" relativeResultsDirectory="9c32d946-ff31-4bc8-96a8-1434230ccbb6" />
    <UnitTestResult executionId="28021174-e9fa-4875-9e27-754817b407ce" testId="ae70990e-978a-6321-3b73-faa00506386d" testName="StartRecording_ShouldThrowException_WhenAudioRecorderIsNotInitialized" computerName="DKSR-EFI-06" duration="00:00:00.0004981" startTime="2024-01-09T15:46:23.4925618+01:00" endTime="2024-01-09T15:46:23.4932355+01:00" testType="13cdc9d9-ddb5-4fa4-a97d-d965ccfc6d4b" outcome="Passed" testListId="8c84fa94-04c1-424b-9868-57a2d4851a1d" relativeResultsDirectory="28021174-e9fa-4875-9e27-754817b407ce" />
    <UnitTestResult executionId="7756cbf5-8f7a-441e-badd-abb3451eea15" testId="da1dce8b-3a10-e5c9-618b-cbfea5058c69" testName="TestSubscription" computerName="DKSR-EFI-06" duration="00:00:00.0125212" startTime="2024-01-09T15:46:05.6115489+01:00" endTime="2024-01-09T15:46:05.6244919+01:00" testType="13cdc9d9-ddb5-4fa4-a97d-d965ccfc6d4b" outcome="Passed" testListId="8c84fa94-04c1-424b-9868-57a2d4851a1d" relativeResultsDirectory="7756cbf5-8f7a-441e-badd-abb3451eea15" />
    <UnitTestResult executionId="e5f9e821-0e6e-45bd-bad7-63d594a3e74d" testId="b2e4eadd-d448-b487-733b-d5563cb70924" testName="XpcoMultiUserLoginCurrentCredentialsSuccess" computerName="DKSR-EFI-06" duration="00:00:01.2867715" startTime="2024-01-09T15:46:10.1006783+01:00" endTime="2024-01-09T15:46:11.3879621+01:00" testType="13cdc9d9-ddb5-4fa4-a97d-d965ccfc6d4b" outcome="Passed" testListId="8c84fa94-04c1-424b-9868-57a2d4851a1d" relativeResultsDirectory="e5f9e821-0e6e-45bd-bad7-63d594a3e74d">
      <Output>
        <StdOut>Debug Trace:&#xD;
TopLevelControl returns null. PostMessage may have problems&#xD;
MIP: Error: ConfigurationApiItemWrapper (): ConfigAPI GetItem(): System.NotImplementedException, The method or operation is not implemented.&#xD;
MIP: Error: Factory.IsItemTypeSupported (): Exception source:      VideoOS.Platform.SDK.UnitTests&#xD;
Exception type:        System.NotImplementedException&#xD;
Exception message:     The method or operation is not implemented.&#xD;
Exception target site: GetItem&#xD;
   at VideoOS.Platform.SDKUnittest.EnvironmentTests.TestConfigurationClientService.GetItem(String path) in D:\actions-runner\_work\XPCO\XPCO\MIP\MIPSDK\tst\VideoOS.Platform.SDK.UnitTests\EnvironmentTests\TestsWithCorporateShimsBase.cs:line 227&#xD;
   at VideoOS.Platform.Proxy.ConfigApi.ConfigurationApiItemWrapper..ctor(ServerId serverId, String path) in D:\actions-runner\_work\XPCO\XPCO\MIP\PlatformPlugin\VideoOS.Platform\src\Proxy\ConfigApi\ConfigurationApiItemWrapper.cs:line 104&#xD;
   at VideoOS.Platform.ConfigurationItems.Factory.IsItemTypeSupported(ServerId serverId, String itemType) in D:\actions-runner\_work\XPCO\XPCO\MIP\PlatformPlugin\VideoOS.Platform\src\ConfigurationItems\Factory.cs:line 464&#xD;
&#xD;
Factory.IsItemTypeSupportedFactory.IsItemTypeSupported ()The method or operation is not implemented.   at VideoOS.Platform.SDKUnittest.EnvironmentTests.TestConfigurationClientService.GetItem(String path) in D:\actions-runner\_work\XPCO\XPCO\MIP\MIPSDK\tst\VideoOS.Platform.SDK.UnitTests\EnvironmentTests\TestsWithCorporateShimsBase.cs:line 227&#xD;
   at VideoOS.Platform.Proxy.ConfigApi.ConfigurationApiItemWrapper..ctor(ServerId serverId, String path) in D:\actions-runner\_work\XPCO\XPCO\MIP\PlatformPlugin\VideoOS.Platform\src\Proxy\ConfigApi\ConfigurationApiItemWrapper.cs:line 104&#xD;
   at VideoOS.Platform.ConfigurationItems.Factory.IsItemTypeSupported(ServerId serverId, String itemType) in D:\actions-runner\_work\XPCO\XPCO\MIP\PlatformPlugin\VideoOS.Platform\src\ConfigurationItems\Factory.cs:line 464&#xD;
MIP: Error: GetConfiguration (): CustomSetting not found for the given platformDefinitionId: e145597a-ecaf-40a1-99e6-14bb9d45a09e&#xD;
MIP: Error: ConfigurationApiItemWrapper (): ConfigAPI GetItem(): System.NotImplementedException, The method or operation is not implemented.&#xD;
MIP: Error: Factory.IsItemTypeSupported (): Exception source:      VideoOS.Platform.SDK.UnitTests&#xD;
Exception type:        System.NotImplementedException&#xD;
Exception message:     The method or operation is not implemented.&#xD;
Exception target site: GetItem&#xD;
   at VideoOS.Platform.SDKUnittest.EnvironmentTests.TestConfigurationClientService.GetItem(String path) in D:\actions-runner\_work\XPCO\XPCO\MIP\MIPSDK\tst\VideoOS.Platform.SDK.UnitTests\EnvironmentTests\TestsWithCorporateShimsBase.cs:line 227&#xD;
   at VideoOS.Platform.Proxy.ConfigApi.ConfigurationApiItemWrapper..ctor(ServerId serverId, String path) in D:\actions-runner\_work\XPCO\XPCO\MIP\PlatformPlugin\VideoOS.Platform\src\Proxy\ConfigApi\ConfigurationApiItemWrapper.cs:line 104&#xD;
   at VideoOS.Platform.ConfigurationItems.Factory.IsItemTypeSupported(ServerId serverId, String itemType) in D:\actions-runner\_work\XPCO\XPCO\MIP\PlatformPlugin\VideoOS.Platform\src\ConfigurationItems\Factory.cs:line 464&#xD;
&#xD;
Factory.IsItemTypeSupportedFactory.IsItemTypeSupported ()The method or operation is not implemented.   at VideoOS.Platform.SDKUnittest.EnvironmentTests.TestConfigurationClientService.GetItem(String path) in D:\actions-runner\_work\XPCO\XPCO\MIP\MIPSDK\tst\VideoOS.Platform.SDK.UnitTests\EnvironmentTests\TestsWithCorporateShimsBase.cs:line 227&#xD;
   at VideoOS.Platform.Proxy.ConfigApi.ConfigurationApiItemWrapper..ctor(ServerId serverId, String path) in D:\actions-runner\_work\XPCO\XPCO\MIP\PlatformPlugin\VideoOS.Platform\src\Proxy\ConfigApi\ConfigurationApiItemWrapper.cs:line 104&#xD;
   at VideoOS.Platform.ConfigurationItems.Factory.IsItemTypeSupported(ServerId serverId, String itemType) in D:\actions-runner\_work\XPCO\XPCO\MIP\PlatformPlugin\VideoOS.Platform\src\ConfigurationItems\Factory.cs:line 464&#xD;
MIP: Error: LoginServerOauth (): https://1.2.3.5:55/ManagementServer/ServerCommandServiceOAuth.svc The method or operation is not implemented.&#xD;
MIP: Error: ConfigurationApiItemWrapper (): ConfigAPI GetItem(): System.NotImplementedException, The method or operation is not implemented.&#xD;
MIP: Error: Factory.IsItemTypeSupported (): Exception source:      VideoOS.Platform.SDK.UnitTests&#xD;
Exception type:        System.NotImplementedException&#xD;
Exception message:     The method or operation is not implemented.&#xD;
Exception target site: GetItem&#xD;
   at VideoOS.Platform.SDKUnittest.EnvironmentTests.TestConfigurationClientService.GetItem(String path) in D:\actions-runner\_work\XPCO\XPCO\MIP\MIPSDK\tst\VideoOS.Platform.SDK.UnitTests\EnvironmentTests\TestsWithCorporateShimsBase.cs:line 227&#xD;
   at VideoOS.Platform.Proxy.ConfigApi.ConfigurationApiItemWrapper..ctor(ServerId serverId, String path) in D:\actions-runner\_work\XPCO\XPCO\MIP\PlatformPlugin\VideoOS.Platform\src\Proxy\ConfigApi\ConfigurationApiItemWrapper.cs:line 104&#xD;
   at VideoOS.Platform.ConfigurationItems.Factory.IsItemTypeSupported(ServerId serverId, String itemType) in D:\actions-runner\_work\XPCO\XPCO\MIP\PlatformPlugin\VideoOS.Platform\src\ConfigurationItems\Factory.cs:line 464&#xD;
&#xD;
Factory.IsItemTypeSupportedFactory.IsItemTypeSupported ()The method or operation is not implemented.   at VideoOS.Platform.SDKUnittest.EnvironmentTests.TestConfigurationClientService.GetItem(String path) in D:\actions-runner\_work\XPCO\XPCO\MIP\MIPSDK\tst\VideoOS.Platform.SDK.UnitTests\EnvironmentTests\TestsWithCorporateShimsBase.cs:line 227&#xD;
   at VideoOS.Platform.Proxy.ConfigApi.ConfigurationApiItemWrapper..ctor(ServerId serverId, String path) in D:\actions-runner\_work\XPCO\XPCO\MIP\PlatformPlugin\VideoOS.Platform\src\Proxy\ConfigApi\ConfigurationApiItemWrapper.cs:line 104&#xD;
   at VideoOS.Platform.ConfigurationItems.Factory.IsItemTypeSupported(ServerId serverId, String itemType) in D:\actions-runner\_work\XPCO\XPCO\MIP\PlatformPlugin\VideoOS.Platform\src\ConfigurationItems\Factory.cs:line 464&#xD;
MIP: Error: GetConfiguration (): CustomSetting not found for the given platformDefinitionId: e145597a-ecaf-40a1-99e6-14bb9d45a09e&#xD;
MIP: Error: ConfigurationApiItemWrapper (): ConfigAPI GetItem(): System.NotImplementedException, The method or operation is not implemented.&#xD;
MIP: Error: Factory.IsItemTypeSupported (): Exception source:      VideoOS.Platform.SDK.UnitTests&#xD;
Exception type:        System.NotImplementedException&#xD;
Exception message:     The method or operation is not implemented.&#xD;
Exception target site: GetItem&#xD;
   at VideoOS.Platform.SDKUnittest.EnvironmentTests.TestConfigurationClientService.GetItem(String path) in D:\actions-runner\_work\XPCO\XPCO\MIP\MIPSDK\tst\VideoOS.Platform.SDK.UnitTests\EnvironmentTests\TestsWithCorporateShimsBase.cs:line 227&#xD;
   at VideoOS.Platform.Proxy.ConfigApi.ConfigurationApiItemWrapper..ctor(ServerId serverId, String path) in D:\actions-runner\_work\XPCO\XPCO\MIP\PlatformPlugin\VideoOS.Platform\src\Proxy\ConfigApi\ConfigurationApiItemWrapper.cs:line 104&#xD;
   at VideoOS.Platform.ConfigurationItems.Factory.IsItemTypeSupported(ServerId serverId, String itemType) in D:\actions-runner\_work\XPCO\XPCO\MIP\PlatformPlugin\VideoOS.Platform\src\ConfigurationItems\Factory.cs:line 464&#xD;
&#xD;
Factory.IsItemTypeSupportedFactory.IsItemTypeSupported ()The method or operation is not implemented.   at VideoOS.Platform.SDKUnittest.EnvironmentTests.TestConfigurationClientService.GetItem(String path) in D:\actions-runner\_work\XPCO\XPCO\MIP\MIPSDK\tst\VideoOS.Platform.SDK.UnitTests\EnvironmentTests\TestsWithCorporateShimsBase.cs:line 227&#xD;
   at VideoOS.Platform.Proxy.ConfigApi.ConfigurationApiItemWrapper..ctor(ServerId serverId, String path) in D:\actions-runner\_work\XPCO\XPCO\MIP\PlatformPlugin\VideoOS.Platform\src\Proxy\ConfigApi\ConfigurationApiItemWrapper.cs:line 104&#xD;
   at VideoOS.Platform.ConfigurationItems.Factory.IsItemTypeSupported(ServerId serverId, String itemType) in D:\actions-runner\_work\XPCO\XPCO\MIP\PlatformPlugin\VideoOS.Platform\src\ConfigurationItems\Factory.cs:line 464&#xD;
MIP: Error: LoginServerOauth (): https://1.2.3.5:55/ManagementServer/ServerCommandServiceOAuth.svc The method or operation is not implemented.&#xD;
MIP: Error: ConfigurationApiItemWrapper (): ConfigAPI GetItem(): System.NotImplementedException, The method or operation is not implemented.&#xD;
MIP: Error: Factory.IsItemTypeSupported (): Exception source:      VideoOS.Platform.SDK.UnitTests&#xD;
Exception type:        System.NotImplementedException&#xD;
Exception message:     The method or operation is not implemented.&#xD;
Exception target site: GetItem&#xD;
   at VideoOS.Platform.SDKUnittest.EnvironmentTests.TestConfigurationClientService.GetItem(String path) in D:\actions-runner\_work\XPCO\XPCO\MIP\MIPSDK\tst\VideoOS.Platform.SDK.UnitTests\EnvironmentTests\TestsWithCorporateShimsBase.cs:line 227&#xD;
   at VideoOS.Platform.Proxy.ConfigApi.ConfigurationApiItemWrapper..ctor(ServerId serverId, String path) in D:\actions-runner\_work\XPCO\XPCO\MIP\PlatformPlugin\VideoOS.Platform\src\Proxy\ConfigApi\ConfigurationApiItemWrapper.cs:line 104&#xD;
   at VideoOS.Platform.ConfigurationItems.Factory.IsItemTypeSupported(ServerId serverId, String itemType) in D:\actions-runner\_work\XPCO\XPCO\MIP\PlatformPlugin\VideoOS.Platform\src\ConfigurationItems\Factory.cs:line 464&#xD;
&#xD;
Factory.IsItemTypeSupportedFactory.IsItemTypeSupported ()The method or operation is not implemented.   at VideoOS.Platform.SDKUnittest.EnvironmentTests.TestConfigurationClientService.GetItem(String path) in D:\actions-runner\_work\XPCO\XPCO\MIP\MIPSDK\tst\VideoOS.Platform.SDK.UnitTests\EnvironmentTests\TestsWithCorporateShimsBase.cs:line 227&#xD;
   at VideoOS.Platform.Proxy.ConfigApi.ConfigurationApiItemWrapper..ctor(ServerId serverId, String path) in D:\actions-runner\_work\XPCO\XPCO\MIP\PlatformPlugin\VideoOS.Platform\src\Proxy\ConfigApi\ConfigurationApiItemWrapper.cs:line 104&#xD;
   at VideoOS.Platform.ConfigurationItems.Factory.IsItemTypeSupported(ServerId serverId, String itemType) in D:\actions-runner\_work\XPCO\XPCO\MIP\PlatformPlugin\VideoOS.Platform\src\ConfigurationItems\Factory.cs:line 464&#xD;
MIP: Error: ConfigurationApiItemWrapper (): ConfigAPI GetItem(): System.NotImplementedException, The method or operation is not implemented.&#xD;
MIP: Error: Factory.IsItemTypeSupported (): Exception source:      VideoOS.Platform.SDK.UnitTests&#xD;
Exception type:        System.NotImplementedException&#xD;
Exception message:     The method or operation is not implemented.&#xD;
Exception target site: GetItem&#xD;
   at VideoOS.Platform.SDKUnittest.EnvironmentTests.TestConfigurationClientService.GetItem(String path) in D:\actions-runner\_work\XPCO\XPCO\MIP\MIPSDK\tst\VideoOS.Platform.SDK.UnitTests\EnvironmentTests\TestsWithCorporateShimsBase.cs:line 227&#xD;
   at VideoOS.Platform.Proxy.ConfigApi.ConfigurationApiItemWrapper..ctor(ServerId serverId, String path) in D:\actions-runner\_work\XPCO\XPCO\MIP\PlatformPlugin\VideoOS.Platform\src\Proxy\ConfigApi\ConfigurationApiItemWrapper.cs:line 104&#xD;
   at VideoOS.Platform.ConfigurationItems.Factory.IsItemTypeSupported(ServerId serverId, String itemType) in D:\actions-runner\_work\XPCO\XPCO\MIP\PlatformPlugin\VideoOS.Platform\src\ConfigurationItems\Factory.cs:line 464&#xD;
&#xD;
Factory.IsItemTypeSupportedFactory.IsItemTypeSupported ()The method or operation is not implemented.   at VideoOS.Platform.SDKUnittest.EnvironmentTests.TestConfigurationClientService.GetItem(String path) in D:\actions-runner\_work\XPCO\XPCO\MIP\MIPSDK\tst\VideoOS.Platform.SDK.UnitTests\EnvironmentTests\TestsWithCorporateShimsBase.cs:line 227&#xD;
   at VideoOS.Platform.Proxy.ConfigApi.ConfigurationApiItemWrapper..ctor(ServerId serverId, String path) in D:\actions-runner\_work\XPCO\XPCO\MIP\PlatformPlugin\VideoOS.Platform\src\Proxy\ConfigApi\ConfigurationApiItemWrapper.cs:line 104&#xD;
   at VideoOS.Platform.ConfigurationItems.Factory.IsItemTypeSupported(ServerId serverId, String itemType) in D:\actions-runner\_work\XPCO\XPCO\MIP\PlatformPlugin\VideoOS.Platform\src\ConfigurationItems\Factory.cs:line 464&#xD;
MIP: Error: LoginServerOauth (): https://1.2.3.5:55/ManagementServer/ServerCommandServiceOAuth.svc The method or operation is not implemented.&#xD;
MIP: Error: ConfigurationApiItemWrapper (): ConfigAPI GetItem(): System.NotImplementedException, The method or operation is not implemented.&#xD;
MIP: Error: Factory.IsItemTypeSupported (): Exception source:      VideoOS.Platform.SDK.UnitTests&#xD;
Exception type:        System.NotImplementedException&#xD;
Exception message:     The method or operation is not implemented.&#xD;
Exception target site: GetItem&#xD;
   at VideoOS.Platform.SDKUnittest.EnvironmentTests.TestConfigurationClientService.GetItem(String path) in D:\actions-runner\_work\XPCO\XPCO\MIP\MIPSDK\tst\VideoOS.Platform.SDK.UnitTests\EnvironmentTests\TestsWithCorporateShimsBase.cs:line 227&#xD;
   at VideoOS.Platform.Proxy.ConfigApi.ConfigurationApiItemWrapper..ctor(ServerId serverId, String path) in D:\actions-runner\_work\XPCO\XPCO\MIP\PlatformPlugin\VideoOS.Platform\src\Proxy\ConfigApi\ConfigurationApiItemWrapper.cs:line 104&#xD;
   at VideoOS.Platform.ConfigurationItems.Factory.IsItemTypeSupported(ServerId serverId, String itemType) in D:\actions-runner\_work\XPCO\XPCO\MIP\PlatformPlugin\VideoOS.Platform\src\ConfigurationItems\Factory.cs:line 464&#xD;
&#xD;
Factory.IsItemTypeSupportedFactory.IsItemTypeSupported ()The method or operation is not implemented.   at VideoOS.Platform.SDKUnittest.EnvironmentTests.TestConfigurationClientService.GetItem(String path) in D:\actions-runner\_work\XPCO\XPCO\MIP\MIPSDK\tst\VideoOS.Platform.SDK.UnitTests\EnvironmentTests\TestsWithCorporateShimsBase.cs:line 227&#xD;
   at VideoOS.Platform.Proxy.ConfigApi.ConfigurationApiItemWrapper..ctor(ServerId serverId, String path) in D:\actions-runner\_work\XPCO\XPCO\MIP\PlatformPlugin\VideoOS.Platform\src\Proxy\ConfigApi\ConfigurationApiItemWrapper.cs:line 104&#xD;
   at VideoOS.Platform.ConfigurationItems.Factory.IsItemTypeSupported(ServerId serverId, String itemType) in D:\actions-runner\_work\XPCO\XPCO\MIP\PlatformPlugin\VideoOS.Platform\src\ConfigurationItems\Factory.cs:line 464&#xD;
MIP: Error: GetConfiguration (): CustomSetting not found for the given platformDefinitionId: e145597a-ecaf-40a1-99e6-14bb9d45a09e&#xD;
MIP: Error: ConfigurationApiItemWrapper (): ConfigAPI GetItem(): System.NotImplementedException, The method or operation is not implemented.&#xD;
MIP: Error: Factory.IsItemTypeSupported (): Exception source:      VideoOS.Platform.SDK.UnitTests&#xD;
Exception type:        System.NotImplementedException&#xD;
Exception message:     The method or operation is not implemented.&#xD;
Exception target site: GetItem&#xD;
   at VideoOS.Platform.SDKUnittest.EnvironmentTests.TestConfigurationClientService.GetItem(String path) in D:\actions-runner\_work\XPCO\XPCO\MIP\MIPSDK\tst\VideoOS.Platform.SDK.UnitTests\EnvironmentTests\TestsWithCorporateShimsBase.cs:line 227&#xD;
   at VideoOS.Platform.Proxy.ConfigApi.ConfigurationApiItemWrapper..ctor(ServerId serverId, String path) in D:\actions-runner\_work\XPCO\XPCO\MIP\PlatformPlugin\VideoOS.Platform\src\Proxy\ConfigApi\ConfigurationApiItemWrapper.cs:line 104&#xD;
   at VideoOS.Platform.ConfigurationItems.Factory.IsItemTypeSupported(ServerId serverId, String itemType) in D:\actions-runner\_work\XPCO\XPCO\MIP\PlatformPlugin\VideoOS.Platform\src\ConfigurationItems\Factory.cs:line 464&#xD;
&#xD;
Factory.IsItemTypeSupportedFactory.IsItemTypeSupported ()The method or operation is not implemented.   at VideoOS.Platform.SDKUnittest.EnvironmentTests.TestConfigurationClientService.GetItem(String path) in D:\actions-runner\_work\XPCO\XPCO\MIP\MIPSDK\tst\VideoOS.Platform.SDK.UnitTests\EnvironmentTests\TestsWithCorporateShimsBase.cs:line 227&#xD;
   at VideoOS.Platform.Proxy.ConfigApi.ConfigurationApiItemWrapper..ctor(ServerId serverId, String path) in D:\actions-runner\_work\XPCO\XPCO\MIP\PlatformPlugin\VideoOS.Platform\src\Proxy\ConfigApi\ConfigurationApiItemWrapper.cs:line 104&#xD;
   at VideoOS.Platform.ConfigurationItems.Factory.IsItemTypeSupported(ServerId serverId, String itemType) in D:\actions-runner\_work\XPCO\XPCO\MIP\PlatformPlugin\VideoOS.Platform\src\ConfigurationItems\Factory.cs:line 464&#xD;
MIP: Error: LoginServerOauth (): https://1.2.3.5:55/ManagementServer/ServerCommandServiceOAuth.svc The method or operation is not implemented.&#xD;
MIP: Error: ConfigurationApiItemWrapper (): ConfigAPI GetItem(): System.NotImplementedException, The method or operation is not implemented.&#xD;
MIP: Error: Factory.IsItemTypeSupported (): Exception source:      VideoOS.Platform.SDK.UnitTests&#xD;
Exception type:        System.NotImplementedException&#xD;
Exception message:     The method or operation is not implemented.&#xD;
Exception target site: GetItem&#xD;
   at VideoOS.Platform.SDKUnittest.EnvironmentTests.TestConfigurationClientService.GetItem(String path) in D:\actions-runner\_work\XPCO\XPCO\MIP\MIPSDK\tst\VideoOS.Platform.SDK.UnitTests\EnvironmentTests\TestsWithCorporateShimsBase.cs:line 227&#xD;
   at VideoOS.Platform.Proxy.ConfigApi.ConfigurationApiItemWrapper..ctor(ServerId serverId, String path) in D:\actions-runner\_work\XPCO\XPCO\MIP\PlatformPlugin\VideoOS.Platform\src\Proxy\ConfigApi\ConfigurationApiItemWrapper.cs:line 104&#xD;
   at VideoOS.Platform.ConfigurationItems.Factory.IsItemTypeSupported(ServerId serverId, String itemType) in D:\actions-runner\_work\XPCO\XPCO\MIP\PlatformPlugin\VideoOS.Platform\src\ConfigurationItems\Factory.cs:line 464&#xD;
&#xD;
Factory.IsItemTypeSupportedFactory.IsItemTypeSupported ()The method or operation is not implemented.   at VideoOS.Platform.SDKUnittest.EnvironmentTests.TestConfigurationClientService.GetItem(String path) in D:\actions-runner\_work\XPCO\XPCO\MIP\MIPSDK\tst\VideoOS.Platform.SDK.UnitTests\EnvironmentTests\TestsWithCorporateShimsBase.cs:line 227&#xD;
   at VideoOS.Platform.Proxy.ConfigApi.ConfigurationApiItemWrapper..ctor(ServerId serverId, String path) in D:\actions-runner\_work\XPCO\XPCO\MIP\PlatformPlugin\VideoOS.Platform\src\Proxy\ConfigApi\ConfigurationApiItemWrapper.cs:line 104&#xD;
   at VideoOS.Platform.ConfigurationItems.Factory.IsItemTypeSupported(ServerId serverId, String itemType) in D:\actions-runner\_work\XPCO\XPCO\MIP\PlatformPlugin\VideoOS.Platform\src\ConfigurationItems\Factory.cs:line 464&#xD;
MIP: Error: GetConfiguration (): CustomSetting not found for the given platformDefinitionId: e145597a-ecaf-40a1-99e6-14bb9d45a09e&#xD;
MIP: Error: ConfigurationApiItemWrapper (): ConfigAPI GetItem(): System.NotImplementedException, The method or operation is not implemented.&#xD;
MIP: Error: Factory.IsItemTypeSupported (): Exception source:      VideoOS.Platform.SDK.UnitTests&#xD;
Exception type:        System.NotImplementedException&#xD;
Exception message:     The method or operation is not implemented.&#xD;
Exception target site: GetItem&#xD;
   at VideoOS.Platform.SDKUnittest.EnvironmentTests.TestConfigurationClientService.GetItem(String path) in D:\actions-runner\_work\XPCO\XPCO\MIP\MIPSDK\tst\VideoOS.Platform.SDK.UnitTests\EnvironmentTests\TestsWithCorporateShimsBase.cs:line 227&#xD;
   at VideoOS.Platform.Proxy.ConfigApi.ConfigurationApiItemWrapper..ctor(ServerId serverId, String path) in D:\actions-runner\_work\XPCO\XPCO\MIP\PlatformPlugin\VideoOS.Platform\src\Proxy\ConfigApi\ConfigurationApiItemWrapper.cs:line 104&#xD;
   at VideoOS.Platform.ConfigurationItems.Factory.IsItemTypeSupported(ServerId serverId, String itemType) in D:\actions-runner\_work\XPCO\XPCO\MIP\PlatformPlugin\VideoOS.Platform\src\ConfigurationItems\Factory.cs:line 464&#xD;
&#xD;
Factory.IsItemTypeSupportedFactory.IsItemTypeSupported ()The method or operation is not implemented.   at VideoOS.Platform.SDKUnittest.EnvironmentTests.TestConfigurationClientService.GetItem(String path) in D:\actions-runner\_work\XPCO\XPCO\MIP\MIPSDK\tst\VideoOS.Platform.SDK.UnitTests\EnvironmentTests\TestsWithCorporateShimsBase.cs:line 227&#xD;
   at VideoOS.Platform.Proxy.ConfigApi.ConfigurationApiItemWrapper..ctor(ServerId serverId, String path) in D:\actions-runner\_work\XPCO\XPCO\MIP\PlatformPlugin\VideoOS.Platform\src\Proxy\ConfigApi\ConfigurationApiItemWrapper.cs:line 104&#xD;
   at VideoOS.Platform.ConfigurationItems.Factory.IsItemTypeSupported(ServerId serverId, String itemType) in D:\actions-runner\_work\XPCO\XPCO\MIP\PlatformPlugin\VideoOS.Platform\src\ConfigurationItems\Factory.cs:line 464&#xD;
MIP: Error: LoginServerOauth (): https://1.2.3.5:55/ManagementServer/ServerCommandServiceOAuth.svc The method or operation is not implemented.&#xD;
MIP: Error: ConfigurationApiItemWrapper (): ConfigAPI GetItem(): System.NotImplementedException, The method or operation is not implemented.&#xD;
MIP: Error: Factory.IsItemTypeSupported (): Exception source:      VideoOS.Platform.SDK.UnitTests&#xD;
Exception type:        System.NotImplementedException&#xD;
Exception message:     The method or operation is not implemented.&#xD;
Exception target site: GetItem&#xD;
   at VideoOS.Platform.SDKUnittest.EnvironmentTests.TestConfigurationClientService.GetItem(String path) in D:\actions-runner\_work\XPCO\XPCO\MIP\MIPSDK\tst\VideoOS.Platform.SDK.UnitTests\EnvironmentTests\TestsWithCorporateShimsBase.cs:line 227&#xD;
   at VideoOS.Platform.Proxy.ConfigApi.ConfigurationApiItemWrapper..ctor(ServerId serverId, String path) in D:\actions-runner\_work\XPCO\XPCO\MIP\PlatformPlugin\VideoOS.Platform\src\Proxy\ConfigApi\ConfigurationApiItemWrapper.cs:line 104&#xD;
   at VideoOS.Platform.ConfigurationItems.Factory.IsItemTypeSupported(ServerId serverId, String itemType) in D:\actions-runner\_work\XPCO\XPCO\MIP\PlatformPlugin\VideoOS.Platform\src\ConfigurationItems\Factory.cs:line 464&#xD;
&#xD;
Factory.IsItemTypeSupportedFactory.IsItemTypeSupported ()The method or operation is not implemented.   at VideoOS.Platform.SDKUnittest.EnvironmentTests.TestConfigurationClientService.GetItem(String path) in D:\actions-runner\_work\XPCO\XPCO\MIP\MIPSDK\tst\VideoOS.Platform.SDK.UnitTests\EnvironmentTests\TestsWithCorporateShimsBase.cs:line 227&#xD;
   at VideoOS.Platform.Proxy.ConfigApi.ConfigurationApiItemWrapper..ctor(ServerId serverId, String path) in D:\actions-runner\_work\XPCO\XPCO\MIP\PlatformPlugin\VideoOS.Platform\src\Proxy\ConfigApi\ConfigurationApiItemWrapper.cs:line 104&#xD;
   at VideoOS.Platform.ConfigurationItems.Factory.IsItemTypeSupported(ServerId serverId, String itemType) in D:\actions-runner\_work\XPCO\XPCO\MIP\PlatformPlugin\VideoOS.Platform\src\ConfigurationItems\Factory.cs:line 464&#xD;
MIP: Error: GetConfiguration (): CustomSetting not found for the given platformDefinitionId: e145597a-ecaf-40a1-99e6-14bb9d45a09e&#xD;
MIP: Error: ConfigurationApiItemWrapper (): ConfigAPI GetItem(): System.NotImplementedException, The method or operation is not implemented.&#xD;
MIP: Error: Factory.IsItemTypeSupported (): Exception source:      VideoOS.Platform.SDK.UnitTests&#xD;
Exception type:        System.NotImplementedException&#xD;
Exception message:     The method or operation is not implemented.&#xD;
Exception target site: GetItem&#xD;
   at VideoOS.Platform.SDKUnittest.EnvironmentTests.TestConfigurationClientService.GetItem(String path) in D:\actions-runner\_work\XPCO\XPCO\MIP\MIPSDK\tst\VideoOS.Platform.SDK.UnitTests\EnvironmentTests\TestsWithCorporateShimsBase.cs:line 227&#xD;
   at VideoOS.Platform.Proxy.ConfigApi.ConfigurationApiItemWrapper..ctor(ServerId serverId, String path) in D:\actions-runner\_work\XPCO\XPCO\MIP\PlatformPlugin\VideoOS.Platform\src\Proxy\ConfigApi\ConfigurationApiItemWrapper.cs:line 104&#xD;
   at VideoOS.Platform.ConfigurationItems.Factory.IsItemTypeSupported(ServerId serverId, String itemType) in D:\actions-runner\_work\XPCO\XPCO\MIP\PlatformPlugin\VideoOS.Platform\src\ConfigurationItems\Factory.cs:line 464&#xD;
&#xD;
Factory.IsItemTypeSupportedFactory.IsItemTypeSupported ()The method or operation is not implemented.   at VideoOS.Platform.SDKUnittest.EnvironmentTests.TestConfigurationClientService.GetItem(String path) in D:\actions-runner\_work\XPCO\XPCO\MIP\MIPSDK\tst\VideoOS.Platform.SDK.UnitTests\EnvironmentTests\TestsWithCorporateShimsBase.cs:line 227&#xD;
   at VideoOS.Platform.Proxy.ConfigApi.ConfigurationApiItemWrapper..ctor(ServerId serverId, String path) in D:\actions-runner\_work\XPCO\XPCO\MIP\PlatformPlugin\VideoOS.Platform\src\Proxy\ConfigApi\ConfigurationApiItemWrapper.cs:line 104&#xD;
   at VideoOS.Platform.ConfigurationItems.Factory.IsItemTypeSupported(ServerId serverId, String itemType) in D:\actions-runner\_work\XPCO\XPCO\MIP\PlatformPlugin\VideoOS.Platform\src\ConfigurationItems\Factory.cs:line 464&#xD;
MIP: Error: LoginServerOauth (): https://1.2.3.5:55/ManagementServer/ServerCommandServiceOAuth.svc The method or operation is not implemented.&#xD;
MIP: Error: ConfigurationApiItemWrapper (): ConfigAPI GetItem(): System.NotImplementedException, The method or operation is not implemented.&#xD;
MIP: Error: Factory.IsItemTypeSupported (): Exception source:      VideoOS.Platform.SDK.UnitTests&#xD;
Exception type:        System.NotImplementedException&#xD;
Exception message:     The method or operation is not implemented.&#xD;
Exception target site: GetItem&#xD;
   at VideoOS.Platform.SDKUnittest.EnvironmentTests.TestConfigurationClientService.GetItem(String path) in D:\actions-runner\_work\XPCO\XPCO\MIP\MIPSDK\tst\VideoOS.Platform.SDK.UnitTests\EnvironmentTests\TestsWithCorporateShimsBase.cs:line 227&#xD;
   at VideoOS.Platform.Proxy.ConfigApi.ConfigurationApiItemWrapper..ctor(ServerId serverId, String path) in D:\actions-runner\_work\XPCO\XPCO\MIP\PlatformPlugin\VideoOS.Platform\src\Proxy\ConfigApi\ConfigurationApiItemWrapper.cs:line 104&#xD;
   at VideoOS.Platform.ConfigurationItems.Factory.IsItemTypeSupported(ServerId serverId, String itemType) in D:\actions-runner\_work\XPCO\XPCO\MIP\PlatformPlugin\VideoOS.Platform\src\ConfigurationItems\Factory.cs:line 464&#xD;
&#xD;
Factory.IsItemTypeSupportedFactory.IsItemTypeSupported ()The method or operation is not implemented.   at VideoOS.Platform.SDKUnittest.EnvironmentTests.TestConfigurationClientService.GetItem(String path) in D:\actions-runner\_work\XPCO\XPCO\MIP\MIPSDK\tst\VideoOS.Platform.SDK.UnitTests\EnvironmentTests\TestsWithCorporateShimsBase.cs:line 227&#xD;
   at VideoOS.Platform.Proxy.ConfigApi.ConfigurationApiItemWrapper..ctor(ServerId serverId, String path) in D:\actions-runner\_work\XPCO\XPCO\MIP\PlatformPlugin\VideoOS.Platform\src\Proxy\ConfigApi\ConfigurationApiItemWrapper.cs:line 104&#xD;
   at VideoOS.Platform.ConfigurationItems.Factory.IsItemTypeSupported(ServerId serverId, String itemType) in D:\actions-runner\_work\XPCO\XPCO\MIP\PlatformPlugin\VideoOS.Platform\src\ConfigurationItems\Factory.cs:line 464&#xD;
MIP: Error: ConfigurationApiItemWrapper (): ConfigAPI GetItem(): System.NotImplementedException, The method or operation is not implemented.&#xD;
MIP: Error: Factory.IsItemTypeSupported (): Exception source:      VideoOS.Platform.SDK.UnitTests&#xD;
Exception type:        System.NotImplementedException&#xD;
Exception message:     The method or operation is not implemented.&#xD;
Exception target site: GetItem&#xD;
   at VideoOS.Platform.SDKUnittest.EnvironmentTests.TestConfigurationClientService.GetItem(String path) in D:\actions-runner\_work\XPCO\XPCO\MIP\MIPSDK\tst\VideoOS.Platform.SDK.UnitTests\EnvironmentTests\TestsWithCorporateShimsBase.cs:line 227&#xD;
   at VideoOS.Platform.Proxy.ConfigApi.ConfigurationApiItemWrapper..ctor(ServerId serverId, String path) in D:\actions-runner\_work\XPCO\XPCO\MIP\PlatformPlugin\VideoOS.Platform\src\Proxy\ConfigApi\ConfigurationApiItemWrapper.cs:line 104&#xD;
   at VideoOS.Platform.ConfigurationItems.Factory.IsItemTypeSupported(ServerId serverId, String itemType) in D:\actions-runner\_work\XPCO\XPCO\MIP\PlatformPlugin\VideoOS.Platform\src\ConfigurationItems\Factory.cs:line 464&#xD;
&#xD;
Factory.IsItemTypeSupportedFactory.IsItemTypeSupported ()The method or operation is not implemented.   at VideoOS.Platform.SDKUnittest.EnvironmentTests.TestConfigurationClientService.GetItem(String path) in D:\actions-runner\_work\XPCO\XPCO\MIP\MIPSDK\tst\VideoOS.Platform.SDK.UnitTests\EnvironmentTests\TestsWithCorporateShimsBase.cs:line 227&#xD;
   at VideoOS.Platform.Proxy.ConfigApi.ConfigurationApiItemWrapper..ctor(ServerId serverId, String path) in D:\actions-runner\_work\XPCO\XPCO\MIP\PlatformPlugin\VideoOS.Platform\src\Proxy\ConfigApi\ConfigurationApiItemWrapper.cs:line 104&#xD;
   at VideoOS.Platform.ConfigurationItems.Factory.IsItemTypeSupported(ServerId serverId, String itemType) in D:\actions-runner\_work\XPCO\XPCO\MIP\PlatformPlugin\VideoOS.Platform\src\ConfigurationItems\Factory.cs:line 464&#xD;
MIP: Error: LoginServerOauth (): https://1.2.3.5:55/ManagementServer/ServerCommandServiceOAuth.svc The method or operation is not implemented.&#xD;
MIP: Error: ConfigurationApiItemWrapper (): ConfigAPI GetItem(): System.NotImplementedException, The method or operation is not implemented.&#xD;
MIP: Error: Factory.IsItemTypeSupported (): Exception source:      VideoOS.Platform.SDK.UnitTests&#xD;
Exception type:        System.NotImplementedException&#xD;
Exception message:     The method or operation is not implemented.&#xD;
Exception target site: GetItem&#xD;
   at VideoOS.Platform.SDKUnittest.EnvironmentTests.TestConfigurationClientService.GetItem(String path) in D:\actions-runner\_work\XPCO\XPCO\MIP\MIPSDK\tst\VideoOS.Platform.SDK.UnitTests\EnvironmentTests\TestsWithCorporateShimsBase.cs:line 227&#xD;
   at VideoOS.Platform.Proxy.ConfigApi.ConfigurationApiItemWrapper..ctor(ServerId serverId, String path) in D:\actions-runner\_work\XPCO\XPCO\MIP\PlatformPlugin\VideoOS.Platform\src\Proxy\ConfigApi\ConfigurationApiItemWrapper.cs:line 104&#xD;
   at VideoOS.Platform.ConfigurationItems.Factory.IsItemTypeSupported(ServerId serverId, String itemType) in D:\actions-runner\_work\XPCO\XPCO\MIP\PlatformPlugin\VideoOS.Platform\src\ConfigurationItems\Factory.cs:line 464&#xD;
&#xD;
Factory.IsItemTypeSupportedFactory.IsItemTypeSupported ()The method or operation is not implemented.   at VideoOS.Platform.SDKUnittest.EnvironmentTests.TestConfigurationClientService.GetItem(String path) in D:\actions-runner\_work\XPCO\XPCO\MIP\MIPSDK\tst\VideoOS.Platform.SDK.UnitTests\EnvironmentTests\TestsWithCorporateShimsBase.cs:line 227&#xD;
   at VideoOS.Platform.Proxy.ConfigApi.ConfigurationApiItemWrapper..ctor(ServerId serverId, String path) in D:\actions-runner\_work\XPCO\XPCO\MIP\PlatformPlugin\VideoOS.Platform\src\Proxy\ConfigApi\ConfigurationApiItemWrapper.cs:line 104&#xD;
   at VideoOS.Platform.ConfigurationItems.Factory.IsItemTypeSupported(ServerId serverId, String itemType) in D:\actions-runner\_work\XPCO\XPCO\MIP\PlatformPlugin\VideoOS.Platform\src\ConfigurationItems\Factory.cs:line 464&#xD;
MIP: Error: GetConfiguration (): CustomSetting not found for the given platformDefinitionId: e145597a-ecaf-40a1-99e6-14bb9d45a09e&#xD;
MIP: Error: ConfigurationApiItemWrapper (): ConfigAPI GetItem(): System.NotImplementedException, The method or operation is not implemented.&#xD;
MIP: Error: Factory.IsItemTypeSupported (): Exception source:      VideoOS.Platform.SDK.UnitTests&#xD;
Exception type:        System.NotImplementedException&#xD;
Exception message:     The method or operation is not implemented.&#xD;
Exception target site: GetItem&#xD;
   at VideoOS.Platform.SDKUnittest.EnvironmentTests.TestConfigurationClientService.GetItem(String path) in D:\actions-runner\_work\XPCO\XPCO\MIP\MIPSDK\tst\VideoOS.Platform.SDK.UnitTests\EnvironmentTests\TestsWithCorporateShimsBase.cs:line 227&#xD;
   at VideoOS.Platform.Proxy.ConfigApi.ConfigurationApiItemWrapper..ctor(ServerId serverId, String path) in D:\actions-runner\_work\XPCO\XPCO\MIP\PlatformPlugin\VideoOS.Platform\src\Proxy\ConfigApi\ConfigurationApiItemWrapper.cs:line 104&#xD;
   at VideoOS.Platform.ConfigurationItems.Factory.IsItemTypeSupported(ServerId serverId, String itemType) in D:\actions-runner\_work\XPCO\XPCO\MIP\PlatformPlugin\VideoOS.Platform\src\ConfigurationItems\Factory.cs:line 464&#xD;
&#xD;
Factory.IsItemTypeSupportedFactory.IsItemTypeSupported ()The method or operation is not implemented.   at VideoOS.Platform.SDKUnittest.EnvironmentTests.TestConfigurationClientService.GetItem(String path) in D:\actions-runner\_work\XPCO\XPCO\MIP\MIPSDK\tst\VideoOS.Platform.SDK.UnitTests\EnvironmentTests\TestsWithCorporateShimsBase.cs:line 227&#xD;
   at VideoOS.Platform.Proxy.ConfigApi.ConfigurationApiItemWrapper..ctor(ServerId serverId, String path) in D:\actions-runner\_work\XPCO\XPCO\MIP\PlatformPlugin\VideoOS.Platform\src\Proxy\ConfigApi\ConfigurationApiItemWrapper.cs:line 104&#xD;
   at VideoOS.Platform.ConfigurationItems.Factory.IsItemTypeSupported(ServerId serverId, String itemType) in D:\actions-runner\_work\XPCO\XPCO\MIP\PlatformPlugin\VideoOS.Platform\src\ConfigurationItems\Factory.cs:line 464&#xD;
MIP: Error: LoginServerOauth (): https://1.2.3.5:55/ManagementServer/ServerCommandServiceOAuth.svc The method or operation is not implemented.&#xD;
MIP: Error: ConfigurationApiItemWrapper (): ConfigAPI GetItem(): System.NotImplementedException, The method or operation is not implemented.&#xD;
MIP: Error: Factory.IsItemTypeSupported (): Exception source:      VideoOS.Platform.SDK.UnitTests&#xD;
Exception type:        System.NotImplementedException&#xD;
Exception message:     The method or operation is not implemented.&#xD;
Exception target site: GetItem&#xD;
   at VideoOS.Platform.SDKUnittest.EnvironmentTests.TestConfigurationClientService.GetItem(String path) in D:\actions-runner\_work\XPCO\XPCO\MIP\MIPSDK\tst\VideoOS.Platform.SDK.UnitTests\EnvironmentTests\TestsWithCorporateShimsBase.cs:line 227&#xD;
   at VideoOS.Platform.Proxy.ConfigApi.ConfigurationApiItemWrapper..ctor(ServerId serverId, String path) in D:\actions-runner\_work\XPCO\XPCO\MIP\PlatformPlugin\VideoOS.Platform\src\Proxy\ConfigApi\ConfigurationApiItemWrapper.cs:line 104&#xD;
   at VideoOS.Platform.ConfigurationItems.Factory.IsItemTypeSupported(ServerId serverId, String itemType) in D:\actions-runner\_work\XPCO\XPCO\MIP\PlatformPlugin\VideoOS.Platform\src\ConfigurationItems\Factory.cs:line 464&#xD;
&#xD;
Factory.IsItemTypeSupportedFactory.IsItemTypeSupported ()The method or operation is not implemented.   at VideoOS.Platform.SDKUnittest.EnvironmentTests.TestConfigurationClientService.GetItem(String path) in D:\actions-runner\_work\XPCO\XPCO\MIP\MIPSDK\tst\VideoOS.Platform.SDK.UnitTests\EnvironmentTests\TestsWithCorporateShimsBase.cs:line 227&#xD;
   at VideoOS.Platform.Proxy.ConfigApi.ConfigurationApiItemWrapper..ctor(ServerId serverId, String path) in D:\actions-runner\_work\XPCO\XPCO\MIP\PlatformPlugin\VideoOS.Platform\src\Proxy\ConfigApi\ConfigurationApiItemWrapper.cs:line 104&#xD;
   at VideoOS.Platform.ConfigurationItems.Factory.IsItemTypeSupported(ServerId serverId, String itemType) in D:\actions-runner\_work\XPCO\XPCO\MIP\PlatformPlugin\VideoOS.Platform\src\ConfigurationItems\Factory.cs:line 464&#xD;
MIP: Error: ConfigurationApiItemWrapper (): ConfigAPI GetItem(): System.NotImplementedException, The method or operation is not implemented.&#xD;
MIP: Error: Factory.IsItemTypeSupported (): Exception source:      VideoOS.Platform.SDK.UnitTests&#xD;
Exception type:        System.NotImplementedException&#xD;
Exception message:     The method or operation is not implemented.&#xD;
Exception target site: GetItem&#xD;
   at VideoOS.Platform.SDKUnittest.EnvironmentTests.TestConfigurationClientService.GetItem(String path) in D:\actions-runner\_work\XPCO\XPCO\MIP\MIPSDK\tst\VideoOS.Platform.SDK.UnitTests\EnvironmentTests\TestsWithCorporateShimsBase.cs:line 227&#xD;
   at VideoOS.Platform.Proxy.ConfigApi.ConfigurationApiItemWrapper..ctor(ServerId serverId, String path) in D:\actions-runner\_work\XPCO\XPCO\MIP\PlatformPlugin\VideoOS.Platform\src\Proxy\ConfigApi\ConfigurationApiItemWrapper.cs:line 104&#xD;
   at VideoOS.Platform.ConfigurationItems.Factory.IsItemTypeSupported(ServerId serverId, String itemType) in D:\actions-runner\_work\XPCO\XPCO\MIP\PlatformPlugin\VideoOS.Platform\src\ConfigurationItems\Factory.cs:line 464&#xD;
&#xD;
Factory.IsItemTypeSupportedFactory.IsItemTypeSupported ()The method or operation is not implemented.   at VideoOS.Platform.SDKUnittest.EnvironmentTests.TestConfigurationClientService.GetItem(String path) in D:\actions-runner\_work\XPCO\XPCO\MIP\MIPSDK\tst\VideoOS.Platform.SDK.UnitTests\EnvironmentTests\TestsWithCorporateShimsBase.cs:line 227&#xD;
   at VideoOS.Platform.Proxy.ConfigApi.ConfigurationApiItemWrapper..ctor(ServerId serverId, String path) in D:\actions-runner\_work\XPCO\XPCO\MIP\PlatformPlugin\VideoOS.Platform\src\Proxy\ConfigApi\ConfigurationApiItemWrapper.cs:line 104&#xD;
   at VideoOS.Platform.ConfigurationItems.Factory.IsItemTypeSupported(ServerId serverId, String itemType) in D:\actions-runner\_work\XPCO\XPCO\MIP\PlatformPlugin\VideoOS.Platform\src\ConfigurationItems\Factory.cs:line 464&#xD;
MIP: Error: ConfigurationApiItemWrapper (): ConfigAPI GetItem(): System.NotImplementedException, The method or operation is not implemented.&#xD;
MIP: Error: Factory.IsItemTypeSupported (): Exception source:      VideoOS.Platform.SDK.UnitTests&#xD;
Exception type:        System.NotImplementedException&#xD;
Exception message:     The method or operation is not implemented.&#xD;
Exception target site: GetItem&#xD;
   at VideoOS.Platform.SDKUnittest.EnvironmentTests.TestConfigurationClientService.GetItem(String path) in D:\actions-runner\_work\XPCO\XPCO\MIP\MIPSDK\tst\VideoOS.Platform.SDK.UnitTests\EnvironmentTests\TestsWithCorporateShimsBase.cs:line 227&#xD;
   at VideoOS.Platform.Proxy.ConfigApi.ConfigurationApiItemWrapper..ctor(ServerId serverId, String path) in D:\actions-runner\_work\XPCO\XPCO\MIP\PlatformPlugin\VideoOS.Platform\src\Proxy\ConfigApi\ConfigurationApiItemWrapper.cs:line 104&#xD;
   at VideoOS.Platform.ConfigurationItems.Factory.IsItemTypeSupported(ServerId serverId, String itemType) in D:\actions-runner\_work\XPCO\XPCO\MIP\PlatformPlugin\VideoOS.Platform\src\ConfigurationItems\Factory.cs:line 464&#xD;
&#xD;
Factory.IsItemTypeSupportedFactory.IsItemTypeSupported ()The method or operation is not implemented.   at VideoOS.Platform.SDKUnittest.EnvironmentTests.TestConfigurationClientService.GetItem(String path) in D:\actions-runner\_work\XPCO\XPCO\MIP\MIPSDK\tst\VideoOS.Platform.SDK.UnitTests\EnvironmentTests\TestsWithCorporateShimsBase.cs:line 227&#xD;
   at VideoOS.Platform.Proxy.ConfigApi.ConfigurationApiItemWrapper..ctor(ServerId serverId, String path) in D:\actions-runner\_work\XPCO\XPCO\MIP\PlatformPlugin\VideoOS.Platform\src\Proxy\ConfigApi\ConfigurationApiItemWrapper.cs:line 104&#xD;
   at VideoOS.Platform.ConfigurationItems.Factory.IsItemTypeSupported(ServerId serverId, String itemType) in D:\actions-runner\_work\XPCO\XPCO\MIP\PlatformPlugin\VideoOS.Platform\src\ConfigurationItems\Factory.cs:line 464&#xD;
MIP: Error: ConfigurationApiItemWrapper (): ConfigAPI GetItem(): System.NotImplementedException, The method or operation is not implemented.&#xD;
MIP: Error: Factory.IsItemTypeSupported (): Exception source:      VideoOS.Platform.SDK.UnitTests&#xD;
Exception type:        System.NotImplementedException&#xD;
Exception message:     The method or operation is not implemented.&#xD;
Exception target site: GetItem&#xD;
   at VideoOS.Platform.SDKUnittest.EnvironmentTests.TestConfigurationClientService.GetItem(String path) in D:\actions-runner\_work\XPCO\XPCO\MIP\MIPSDK\tst\VideoOS.Platform.SDK.UnitTests\EnvironmentTests\TestsWithCorporateShimsBase.cs:line 227&#xD;
   at VideoOS.Platform.Proxy.ConfigApi.ConfigurationApiItemWrapper..ctor(ServerId serverId, String path) in D:\actions-runner\_work\XPCO\XPCO\MIP\PlatformPlugin\VideoOS.Platform\src\Proxy\ConfigApi\ConfigurationApiItemWrapper.cs:line 104&#xD;
   at VideoOS.Platform.ConfigurationItems.Factory.IsItemTypeSupported(ServerId serverId, String itemType) in D:\actions-runner\_work\XPCO\XPCO\MIP\PlatformPlugin\VideoOS.Platform\src\ConfigurationItems\Factory.cs:line 464&#xD;
&#xD;
Factory.IsItemTypeSupportedFactory.IsItemTypeSupported ()The method or operation is not implemented.   at VideoOS.Platform.SDKUnittest.EnvironmentTests.TestConfigurationClientService.GetItem(String path) in D:\actions-runner\_work\XPCO\XPCO\MIP\MIPSDK\tst\VideoOS.Platform.SDK.UnitTests\EnvironmentTests\TestsWithCorporateShimsBase.cs:line 227&#xD;
   at VideoOS.Platform.Proxy.ConfigApi.ConfigurationApiItemWrapper..ctor(ServerId serverId, String path) in D:\actions-runner\_work\XPCO\XPCO\MIP\PlatformPlugin\VideoOS.Platform\src\Proxy\ConfigApi\ConfigurationApiItemWrapper.cs:line 104&#xD;
   at VideoOS.Platform.ConfigurationItems.Factory.IsItemTypeSupported(ServerId serverId, String itemType) in D:\actions-runner\_work\XPCO\XPCO\MIP\PlatformPlugin\VideoOS.Platform\src\ConfigurationItems\Factory.cs:line 464&#xD;
MIP: Error: ConfigurationApiItemWrapper (): ConfigAPI GetItem(): System.NotImplementedException, The method or operation is not implemented.&#xD;
MIP: Error: Factory.IsItemTypeSupported (): Exception source:      VideoOS.Platform.SDK.UnitTests&#xD;
Exception type:        System.NotImplementedException&#xD;
Exception message:     The method or operation is not implemented.&#xD;
Exception target site: GetItem&#xD;
   at VideoOS.Platform.SDKUnittest.EnvironmentTests.TestConfigurationClientService.GetItem(String path) in D:\actions-runner\_work\XPCO\XPCO\MIP\MIPSDK\tst\VideoOS.Platform.SDK.UnitTests\EnvironmentTests\TestsWithCorporateShimsBase.cs:line 227&#xD;
   at VideoOS.Platform.Proxy.ConfigApi.ConfigurationApiItemWrapper..ctor(ServerId serverId, String path) in D:\actions-runner\_work\XPCO\XPCO\MIP\PlatformPlugin\VideoOS.Platform\src\Proxy\ConfigApi\ConfigurationApiItemWrapper.cs:line 104&#xD;
   at VideoOS.Platform.ConfigurationItems.Factory.IsItemTypeSupported(ServerId serverId, String itemType) in D:\actions-runner\_work\XPCO\XPCO\MIP\PlatformPlugin\VideoOS.Platform\src\ConfigurationItems\Factory.cs:line 464&#xD;
&#xD;
Factory.IsItemTypeSupportedFactory.IsItemTypeSupported ()The method or operation is not implemented.   at VideoOS.Platform.SDKUnittest.EnvironmentTests.TestConfigurationClientService.GetItem(String path) in D:\actions-runner\_work\XPCO\XPCO\MIP\MIPSDK\tst\VideoOS.Platform.SDK.UnitTests\EnvironmentTests\TestsWithCorporateShimsBase.cs:line 227&#xD;
   at VideoOS.Platform.Proxy.ConfigApi.ConfigurationApiItemWrapper..ctor(ServerId serverId, String path) in D:\actions-runner\_work\XPCO\XPCO\MIP\PlatformPlugin\VideoOS.Platform\src\Proxy\ConfigApi\ConfigurationApiItemWrapper.cs:line 104&#xD;
   at VideoOS.Platform.ConfigurationItems.Factory.IsItemTypeSupported(ServerId serverId, String itemType) in D:\actions-runner\_work\XPCO\XPCO\MIP\PlatformPlugin\VideoOS.Platform\src\ConfigurationItems\Factory.cs:line 464</StdOut>
      </Output>
    </UnitTestResult>
    <UnitTestResult executionId="b552ad45-9191-4987-9ab0-083ebfb0afea" testId="dd33ce32-62c4-dfb3-4f9b-fce87ba0013c" testName="Given_Connected_When_CreateSessionSuccesful_Then_ASessionIdAndDefaultInactiveTimeoutIsReturned" computerName="DKSR-EFI-06" duration="00:00:00.0204991" startTime="2024-01-09T15:46:05.3385328+01:00" endTime="2024-01-09T15:46:05.3595330+01:00" testType="13cdc9d9-ddb5-4fa4-a97d-d965ccfc6d4b" outcome="Passed" testListId="8c84fa94-04c1-424b-9868-57a2d4851a1d" relativeResultsDirectory="b552ad45-9191-4987-9ab0-083ebfb0afea" />
    <UnitTestResult executionId="5a4331e7-8000-4091-8783-a1cfb68fd6f7" testId="507edd3e-d589-f46c-9a31-6fd66195d4a0" testName="StartRecording_ShouldThrowException_WhenFreeIsCalled" computerName="DKSR-EFI-06" duration="00:00:00.0011379" startTime="2024-01-09T15:46:23.5020945+01:00" endTime="2024-01-09T15:46:23.5033883+01:00" testType="13cdc9d9-ddb5-4fa4-a97d-d965ccfc6d4b" outcome="Passed" testListId="8c84fa94-04c1-424b-9868-57a2d4851a1d" relativeResultsDirectory="5a4331e7-8000-4091-8783-a1cfb68fd6f7" />
    <UnitTestResult executionId="df14627d-aaec-417d-9315-9a8ef6d9599e" testId="6921a09d-04ff-2013-2cd1-d68e7b47c780" testName="LoadSiteItem_Success" computerName="DKSR-EFI-06" duration="00:00:00.0322511" startTime="2024-01-09T15:46:02.8400000+01:00" endTime="2024-01-09T15:46:02.8724395+01:00" testType="13cdc9d9-ddb5-4fa4-a97d-d965ccfc6d4b" outcome="Passed" testListId="8c84fa94-04c1-424b-9868-57a2d4851a1d" relativeResultsDirectory="df14627d-aaec-417d-9315-9a8ef6d9599e" />
    <UnitTestResult executionId="abd5bbd4-5e2a-4140-a779-10a7d42f68d4" testId="00438590-3f13-5776-381f-1df4bd82c07f" testName="StartRecording_ShouldDoNothing_WhenRecordingIsAlreadyStarted" computerName="DKSR-EFI-06" duration="00:00:00.0008648" startTime="2024-01-09T15:46:23.4987212+01:00" endTime="2024-01-09T15:46:23.4997500+01:00" testType="13cdc9d9-ddb5-4fa4-a97d-d965ccfc6d4b" outcome="Passed" testListId="8c84fa94-04c1-424b-9868-57a2d4851a1d" relativeResultsDirectory="abd5bbd4-5e2a-4140-a779-10a7d42f68d4" />
    <UnitTestResult executionId="5cd4bc60-e010-4fa3-bab6-677276998479" testId="52b4d95e-92b1-ab9e-b0b4-d924fa19acdb" testName="TryCreateParentUri_WhenNogotiateAuthHasCredential_ReturnsUrl" computerName="DKSR-EFI-06" duration="00:00:00.0006990" startTime="2024-01-09T15:46:04.9093709+01:00" endTime="2024-01-09T15:46:04.9102467+01:00" testType="13cdc9d9-ddb5-4fa4-a97d-d965ccfc6d4b" outcome="Passed" testListId="8c84fa94-04c1-424b-9868-57a2d4851a1d" relativeResultsDirectory="5cd4bc60-e010-4fa3-bab6-677276998479" />
    <UnitTestResult executionId="df27398f-dd84-41b6-b2ff-a8efe763da6e" testId="2c92124b-c5f5-19a5-8432-332f4bcae799" testName="CheckToDouble" computerName="DKSR-EFI-06" duration="00:00:00.0030308" startTime="2024-01-09T15:46:05.0406430+01:00" endTime="2024-01-09T15:46:05.0438594+01:00" testType="13cdc9d9-ddb5-4fa4-a97d-d965ccfc6d4b" outcome="Passed" testListId="8c84fa94-04c1-424b-9868-57a2d4851a1d" relativeResultsDirectory="df27398f-dd84-41b6-b2ff-a8efe763da6e" />
    <UnitTestResult executionId="62b35f24-0a23-4629-851f-c601a7df8a32" testId="5db9cdb8-0fa4-0c5c-b336-2c08e8318f3a" testName="RemoveServer_WithUriWhenSystemInfoListNotEmpty_NotSettingApploggedStateToFalse" computerName="DKSR-EFI-06" duration="00:00:00.0019488" startTime="2024-01-09T15:46:03.1238200+01:00" endTime="2024-01-09T15:46:03.1259354+01:00" testType="13cdc9d9-ddb5-4fa4-a97d-d965ccfc6d4b" outcome="Passed" testListId="8c84fa94-04c1-424b-9868-57a2d4851a1d" relativeResultsDirectory="62b35f24-0a23-4629-851f-c601a7df8a32" />
    <UnitTestResult executionId="a3bff0e4-c803-47aa-89e9-ebda37c955ac" testId="ffdb0d83-235f-7713-020c-369ea19b66a1" testName="RemoveServer_WithUriWhenLoginSettingsNotNull_Correct" computerName="DKSR-EFI-06" duration="00:00:00.0059606" startTime="2024-01-09T15:46:03.1273344+01:00" endTime="2024-01-09T15:46:03.1334837+01:00" testType="13cdc9d9-ddb5-4fa4-a97d-d965ccfc6d4b" outcome="Passed" testListId="8c84fa94-04c1-424b-9868-57a2d4851a1d" relativeResultsDirectory="a3bff0e4-c803-47aa-89e9-ebda37c955ac" />
    <UnitTestResult executionId="6f9df338-2066-4ce7-bcaa-a21d37eaad61" testId="2f9fe530-9f9a-4708-4a26-7c6564c4fadd" testName="XpcoNotLoggedinDueToInvalidUri" computerName="DKSR-EFI-06" duration="00:00:00.0135495" startTime="2024-01-09T15:46:17.4829482+01:00" endTime="2024-01-09T15:46:17.4966598+01:00" testType="13cdc9d9-ddb5-4fa4-a97d-d965ccfc6d4b" outcome="Passed" testListId="8c84fa94-04c1-424b-9868-57a2d4851a1d" relativeResultsDirectory="6f9df338-2066-4ce7-bcaa-a21d37eaad61">
      <Output>
        <StdOut>Debug Trace:&#xD;
MIP: Error: SDKConfiguration.Login(Uri) (): Unable to login on server URI=http://9.8.7.6:88/</StdOut>
      </Output>
    </UnitTestResult>
    <UnitTestResult executionId="65c2d04b-a6ec-4246-a4c3-a054e610a618" testId="9303c8a3-4457-dd53-a1ee-73373e6854b4" testName="Login_Success" computerName="DKSR-EFI-06" duration="00:00:00.0108413" startTime="2024-01-09T15:46:02.9351349+01:00" endTime="2024-01-09T15:46:02.9461818+01:00" testType="13cdc9d9-ddb5-4fa4-a97d-d965ccfc6d4b" outcome="Passed" testListId="8c84fa94-04c1-424b-9868-57a2d4851a1d" relativeResultsDirectory="65c2d04b-a6ec-4246-a4c3-a054e610a618" />
    <UnitTestResult executionId="c255db4b-4d96-49ad-b4dd-cf244c8ba483" testId="d2f3bae5-4b87-92ba-8e82-de1dd6dbd488" testName="XpcoMultiUserLoginServerList" computerName="DKSR-EFI-06" duration="00:00:01.1425372" startTime="2024-01-09T15:46:11.3884521+01:00" endTime="2024-01-09T15:46:12.5313924+01:00" testType="13cdc9d9-ddb5-4fa4-a97d-d965ccfc6d4b" outcome="Passed" testListId="8c84fa94-04c1-424b-9868-57a2d4851a1d" relativeResultsDirectory="c255db4b-4d96-49ad-b4dd-cf244c8ba483">
      <Output>
        <StdOut>Debug Trace:&#xD;
TopLevelControl returns null. PostMessage may have problems&#xD;
1/9/2024 3:46:11 PMFindBestAddress - Start for: http://4.4.4.4:55/, type=XPCO&#xD;
ConnectionCheck for:http://4.4.4.4:55/, Took:0ms&#xD;
1/9/2024 3:46:11 PMFindBestAddress - End for: http://4.4.4.4:55/, type=XPCO&#xD;
MIP: Error: ConfigurationApiItemWrapper (): ConfigAPI GetItem(): System.NotImplementedException, The method or operation is not implemented.&#xD;
MIP: Error: Factory.IsItemTypeSupported (): Exception source:      VideoOS.Platform.SDK.UnitTests&#xD;
Exception type:        System.NotImplementedException&#xD;
Exception message:     The method or operation is not implemented.&#xD;
Exception target site: GetItem&#xD;
   at VideoOS.Platform.SDKUnittest.EnvironmentTests.TestConfigurationClientService.GetItem(String path) in D:\actions-runner\_work\XPCO\XPCO\MIP\MIPSDK\tst\VideoOS.Platform.SDK.UnitTests\EnvironmentTests\TestsWithCorporateShimsBase.cs:line 227&#xD;
   at VideoOS.Platform.Proxy.ConfigApi.ConfigurationApiItemWrapper..ctor(ServerId serverId, String path) in D:\actions-runner\_work\XPCO\XPCO\MIP\PlatformPlugin\VideoOS.Platform\src\Proxy\ConfigApi\ConfigurationApiItemWrapper.cs:line 104&#xD;
   at VideoOS.Platform.ConfigurationItems.Factory.IsItemTypeSupported(ServerId serverId, String itemType) in D:\actions-runner\_work\XPCO\XPCO\MIP\PlatformPlugin\VideoOS.Platform\src\ConfigurationItems\Factory.cs:line 464&#xD;
&#xD;
Factory.IsItemTypeSupportedFactory.IsItemTypeSupported ()The method or operation is not implemented.   at VideoOS.Platform.SDKUnittest.EnvironmentTests.TestConfigurationClientService.GetItem(String path) in D:\actions-runner\_work\XPCO\XPCO\MIP\MIPSDK\tst\VideoOS.Platform.SDK.UnitTests\EnvironmentTests\TestsWithCorporateShimsBase.cs:line 227&#xD;
   at VideoOS.Platform.Proxy.ConfigApi.ConfigurationApiItemWrapper..ctor(ServerId serverId, String path) in D:\actions-runner\_work\XPCO\XPCO\MIP\PlatformPlugin\VideoOS.Platform\src\Proxy\ConfigApi\ConfigurationApiItemWrapper.cs:line 104&#xD;
   at VideoOS.Platform.ConfigurationItems.Factory.IsItemTypeSupported(ServerId serverId, String itemType) in D:\actions-runner\_work\XPCO\XPCO\MIP\PlatformPlugin\VideoOS.Platform\src\ConfigurationItems\Factory.cs:line 464&#xD;
MIP: Error: GetConfiguration (): CustomSetting not found for the given platformDefinitionId: e145597a-ecaf-40a1-99e6-14bb9d45a09e&#xD;
MIP: Error: ConfigurationApiItemWrapper (): ConfigAPI GetItem(): System.NotImplementedException, The method or operation is not implemented.&#xD;
MIP: Error: Factory.IsItemTypeSupported (): Exception source:      VideoOS.Platform.SDK.UnitTests&#xD;
Exception type:        System.NotImplementedException&#xD;
Exception message:     The method or operation is not implemented.&#xD;
Exception target site: GetItem&#xD;
   at VideoOS.Platform.SDKUnittest.EnvironmentTests.TestConfigurationClientService.GetItem(String path) in D:\actions-runner\_work\XPCO\XPCO\MIP\MIPSDK\tst\VideoOS.Platform.SDK.UnitTests\EnvironmentTests\TestsWithCorporateShimsBase.cs:line 227&#xD;
   at VideoOS.Platform.Proxy.ConfigApi.ConfigurationApiItemWrapper..ctor(ServerId serverId, String path) in D:\actions-runner\_work\XPCO\XPCO\MIP\PlatformPlugin\VideoOS.Platform\src\Proxy\ConfigApi\ConfigurationApiItemWrapper.cs:line 104&#xD;
   at VideoOS.Platform.ConfigurationItems.Factory.IsItemTypeSupported(ServerId serverId, String itemType) in D:\actions-runner\_work\XPCO\XPCO\MIP\PlatformPlugin\VideoOS.Platform\src\ConfigurationItems\Factory.cs:line 464&#xD;
&#xD;
Factory.IsItemTypeSupportedFactory.IsItemTypeSupported ()The method or operation is not implemented.   at VideoOS.Platform.SDKUnittest.EnvironmentTests.TestConfigurationClientService.GetItem(String path) in D:\actions-runner\_work\XPCO\XPCO\MIP\MIPSDK\tst\VideoOS.Platform.SDK.UnitTests\EnvironmentTests\TestsWithCorporateShimsBase.cs:line 227&#xD;
   at VideoOS.Platform.Proxy.ConfigApi.ConfigurationApiItemWrapper..ctor(ServerId serverId, String path) in D:\actions-runner\_work\XPCO\XPCO\MIP\PlatformPlugin\VideoOS.Platform\src\Proxy\ConfigApi\ConfigurationApiItemWrapper.cs:line 104&#xD;
   at VideoOS.Platform.ConfigurationItems.Factory.IsItemTypeSupported(ServerId serverId, String itemType) in D:\actions-runner\_work\XPCO\XPCO\MIP\PlatformPlugin\VideoOS.Platform\src\ConfigurationItems\Factory.cs:line 464&#xD;
MIP: Error: LoginServerOauth (): https://1.2.3.5:55/ManagementServer/ServerCommandServiceOAuth.svc The method or operation is not implemented.&#xD;
MIP: Error: ConfigurationApiItemWrapper (): ConfigAPI GetItem(): System.NotImplementedException, The method or operation is not implemented.&#xD;
MIP: Error: Factory.IsItemTypeSupported (): Exception source:      VideoOS.Platform.SDK.UnitTests&#xD;
Exception type:        System.NotImplementedException&#xD;
Exception message:     The method or operation is not implemented.&#xD;
Exception target site: GetItem&#xD;
   at VideoOS.Platform.SDKUnittest.EnvironmentTests.TestConfigurationClientService.GetItem(String path) in D:\actions-runner\_work\XPCO\XPCO\MIP\MIPSDK\tst\VideoOS.Platform.SDK.UnitTests\EnvironmentTests\TestsWithCorporateShimsBase.cs:line 227&#xD;
   at VideoOS.Platform.Proxy.ConfigApi.ConfigurationApiItemWrapper..ctor(ServerId serverId, String path) in D:\actions-runner\_work\XPCO\XPCO\MIP\PlatformPlugin\VideoOS.Platform\src\Proxy\ConfigApi\ConfigurationApiItemWrapper.cs:line 104&#xD;
   at VideoOS.Platform.ConfigurationItems.Factory.IsItemTypeSupported(ServerId serverId, String itemType) in D:\actions-runner\_work\XPCO\XPCO\MIP\PlatformPlugin\VideoOS.Platform\src\ConfigurationItems\Factory.cs:line 464&#xD;
&#xD;
Factory.IsItemTypeSupportedFactory.IsItemTypeSupported ()The method or operation is not implemented.   at VideoOS.Platform.SDKUnittest.EnvironmentTests.TestConfigurationClientService.GetItem(String path) in D:\actions-runner\_work\XPCO\XPCO\MIP\MIPSDK\tst\VideoOS.Platform.SDK.UnitTests\EnvironmentTests\TestsWithCorporateShimsBase.cs:line 227&#xD;
   at VideoOS.Platform.Proxy.ConfigApi.ConfigurationApiItemWrapper..ctor(ServerId serverId, String path) in D:\actions-runner\_work\XPCO\XPCO\MIP\PlatformPlugin\VideoOS.Platform\src\Proxy\ConfigApi\ConfigurationApiItemWrapper.cs:line 104&#xD;
   at VideoOS.Platform.ConfigurationItems.Factory.IsItemTypeSupported(ServerId serverId, String itemType) in D:\actions-runner\_work\XPCO\XPCO\MIP\PlatformPlugin\VideoOS.Platform\src\ConfigurationItems\Factory.cs:line 464&#xD;
MIP: Error: GetConfiguration (): CustomSetting not found for the given platformDefinitionId: e145597a-ecaf-40a1-99e6-14bb9d45a09e&#xD;
MIP: Error: ConfigurationApiItemWrapper (): ConfigAPI GetItem(): System.NotImplementedException, The method or operation is not implemented.&#xD;
MIP: Error: Factory.IsItemTypeSupported (): Exception source:      VideoOS.Platform.SDK.UnitTests&#xD;
Exception type:        System.NotImplementedException&#xD;
Exception message:     The method or operation is not implemented.&#xD;
Exception target site: GetItem&#xD;
   at VideoOS.Platform.SDKUnittest.EnvironmentTests.TestConfigurationClientService.GetItem(String path) in D:\actions-runner\_work\XPCO\XPCO\MIP\MIPSDK\tst\VideoOS.Platform.SDK.UnitTests\EnvironmentTests\TestsWithCorporateShimsBase.cs:line 227&#xD;
   at VideoOS.Platform.Proxy.ConfigApi.ConfigurationApiItemWrapper..ctor(ServerId serverId, String path) in D:\actions-runner\_work\XPCO\XPCO\MIP\PlatformPlugin\VideoOS.Platform\src\Proxy\ConfigApi\ConfigurationApiItemWrapper.cs:line 104&#xD;
   at VideoOS.Platform.ConfigurationItems.Factory.IsItemTypeSupported(ServerId serverId, String itemType) in D:\actions-runner\_work\XPCO\XPCO\MIP\PlatformPlugin\VideoOS.Platform\src\ConfigurationItems\Factory.cs:line 464&#xD;
&#xD;
Factory.IsItemTypeSupportedFactory.IsItemTypeSupported ()The method or operation is not implemented.   at VideoOS.Platform.SDKUnittest.EnvironmentTests.TestConfigurationClientService.GetItem(String path) in D:\actions-runner\_work\XPCO\XPCO\MIP\MIPSDK\tst\VideoOS.Platform.SDK.UnitTests\EnvironmentTests\TestsWithCorporateShimsBase.cs:line 227&#xD;
   at VideoOS.Platform.Proxy.ConfigApi.ConfigurationApiItemWrapper..ctor(ServerId serverId, String path) in D:\actions-runner\_work\XPCO\XPCO\MIP\PlatformPlugin\VideoOS.Platform\src\Proxy\ConfigApi\ConfigurationApiItemWrapper.cs:line 104&#xD;
   at VideoOS.Platform.ConfigurationItems.Factory.IsItemTypeSupported(ServerId serverId, String itemType) in D:\actions-runner\_work\XPCO\XPCO\MIP\PlatformPlugin\VideoOS.Platform\src\ConfigurationItems\Factory.cs:line 464&#xD;
MIP: Error: LoginServerOauth (): https://1.2.3.5:55/ManagementServer/ServerCommandServiceOAuth.svc The method or operation is not implemented.&#xD;
MIP: Error: ConfigurationApiItemWrapper (): ConfigAPI GetItem(): System.NotImplementedException, The method or operation is not implemented.&#xD;
MIP: Error: Factory.IsItemTypeSupported (): Exception source:      VideoOS.Platform.SDK.UnitTests&#xD;
Exception type:        System.NotImplementedException&#xD;
Exception message:     The method or operation is not implemented.&#xD;
Exception target site: GetItem&#xD;
   at VideoOS.Platform.SDKUnittest.EnvironmentTests.TestConfigurationClientService.GetItem(String path) in D:\actions-runner\_work\XPCO\XPCO\MIP\MIPSDK\tst\VideoOS.Platform.SDK.UnitTests\EnvironmentTests\TestsWithCorporateShimsBase.cs:line 227&#xD;
   at VideoOS.Platform.Proxy.ConfigApi.ConfigurationApiItemWrapper..ctor(ServerId serverId, String path) in D:\actions-runner\_work\XPCO\XPCO\MIP\PlatformPlugin\VideoOS.Platform\src\Proxy\ConfigApi\ConfigurationApiItemWrapper.cs:line 104&#xD;
   at VideoOS.Platform.ConfigurationItems.Factory.IsItemTypeSupported(ServerId serverId, String itemType) in D:\actions-runner\_work\XPCO\XPCO\MIP\PlatformPlugin\VideoOS.Platform\src\ConfigurationItems\Factory.cs:line 464&#xD;
&#xD;
Factory.IsItemTypeSupportedFactory.IsItemTypeSupported ()The method or operation is not implemented.   at VideoOS.Platform.SDKUnittest.EnvironmentTests.TestConfigurationClientService.GetItem(String path) in D:\actions-runner\_work\XPCO\XPCO\MIP\MIPSDK\tst\VideoOS.Platform.SDK.UnitTests\EnvironmentTests\TestsWithCorporateShimsBase.cs:line 227&#xD;
   at VideoOS.Platform.Proxy.ConfigApi.ConfigurationApiItemWrapper..ctor(ServerId serverId, String path) in D:\actions-runner\_work\XPCO\XPCO\MIP\PlatformPlugin\VideoOS.Platform\src\Proxy\ConfigApi\ConfigurationApiItemWrapper.cs:line 104&#xD;
   at VideoOS.Platform.ConfigurationItems.Factory.IsItemTypeSupported(ServerId serverId, String itemType) in D:\actions-runner\_work\XPCO\XPCO\MIP\PlatformPlugin\VideoOS.Platform\src\ConfigurationItems\Factory.cs:line 464&#xD;
MIP: Error: ConfigurationApiItemWrapper (): ConfigAPI GetItem(): System.NotImplementedException, The method or operation is not implemented.&#xD;
MIP: Error: Factory.IsItemTypeSupported (): Exception source:      VideoOS.Platform.SDK.UnitTests&#xD;
Exception type:        System.NotImplementedException&#xD;
Exception message:     The method or operation is not implemented.&#xD;
Exception target site: GetItem&#xD;
   at VideoOS.Platform.SDKUnittest.EnvironmentTests.TestConfigurationClientService.GetItem(String path) in D:\actions-runner\_work\XPCO\XPCO\MIP\MIPSDK\tst\VideoOS.Platform.SDK.UnitTests\EnvironmentTests\TestsWithCorporateShimsBase.cs:line 227&#xD;
   at VideoOS.Platform.Proxy.ConfigApi.ConfigurationApiItemWrapper..ctor(ServerId serverId, String path) in D:\actions-runner\_work\XPCO\XPCO\MIP\PlatformPlugin\VideoOS.Platform\src\Proxy\ConfigApi\ConfigurationApiItemWrapper.cs:line 104&#xD;
   at VideoOS.Platform.ConfigurationItems.Factory.IsItemTypeSupported(ServerId serverId, String itemType) in D:\actions-runner\_work\XPCO\XPCO\MIP\PlatformPlugin\VideoOS.Platform\src\ConfigurationItems\Factory.cs:line 464&#xD;
&#xD;
Factory.IsItemTypeSupportedFactory.IsItemTypeSupported ()The method or operation is not implemented.   at VideoOS.Platform.SDKUnittest.EnvironmentTests.TestConfigurationClientService.GetItem(String path) in D:\actions-runner\_work\XPCO\XPCO\MIP\MIPSDK\tst\VideoOS.Platform.SDK.UnitTests\EnvironmentTests\TestsWithCorporateShimsBase.cs:line 227&#xD;
   at VideoOS.Platform.Proxy.ConfigApi.ConfigurationApiItemWrapper..ctor(ServerId serverId, String path) in D:\actions-runner\_work\XPCO\XPCO\MIP\PlatformPlugin\VideoOS.Platform\src\Proxy\ConfigApi\ConfigurationApiItemWrapper.cs:line 104&#xD;
   at VideoOS.Platform.ConfigurationItems.Factory.IsItemTypeSupported(ServerId serverId, String itemType) in D:\actions-runner\_work\XPCO\XPCO\MIP\PlatformPlugin\VideoOS.Platform\src\ConfigurationItems\Factory.cs:line 464&#xD;
MIP: Error: LoginServerOauth (): https://1.2.3.5:55/ManagementServer/ServerCommandServiceOAuth.svc The method or operation is not implemented.&#xD;
MIP: Error: ConfigurationApiItemWrapper (): ConfigAPI GetItem(): System.NotImplementedException, The method or operation is not implemented.&#xD;
MIP: Error: Factory.IsItemTypeSupported (): Exception source:      VideoOS.Platform.SDK.UnitTests&#xD;
Exception type:        System.NotImplementedException&#xD;
Exception message:     The method or operation is not implemented.&#xD;
Exception target site: GetItem&#xD;
   at VideoOS.Platform.SDKUnittest.EnvironmentTests.TestConfigurationClientService.GetItem(String path) in D:\actions-runner\_work\XPCO\XPCO\MIP\MIPSDK\tst\VideoOS.Platform.SDK.UnitTests\EnvironmentTests\TestsWithCorporateShimsBase.cs:line 227&#xD;
   at VideoOS.Platform.Proxy.ConfigApi.ConfigurationApiItemWrapper..ctor(ServerId serverId, String path) in D:\actions-runner\_work\XPCO\XPCO\MIP\PlatformPlugin\VideoOS.Platform\src\Proxy\ConfigApi\ConfigurationApiItemWrapper.cs:line 104&#xD;
   at VideoOS.Platform.ConfigurationItems.Factory.IsItemTypeSupported(ServerId serverId, String itemType) in D:\actions-runner\_work\XPCO\XPCO\MIP\PlatformPlugin\VideoOS.Platform\src\ConfigurationItems\Factory.cs:line 464&#xD;
&#xD;
Factory.IsItemTypeSupportedFactory.IsItemTypeSupported ()The method or operation is not implemented.   at VideoOS.Platform.SDKUnittest.EnvironmentTests.TestConfigurationClientService.GetItem(String path) in D:\actions-runner\_work\XPCO\XPCO\MIP\MIPSDK\tst\VideoOS.Platform.SDK.UnitTests\EnvironmentTests\TestsWithCorporateShimsBase.cs:line 227&#xD;
   at VideoOS.Platform.Proxy.ConfigApi.ConfigurationApiItemWrapper..ctor(ServerId serverId, String path) in D:\actions-runner\_work\XPCO\XPCO\MIP\PlatformPlugin\VideoOS.Platform\src\Proxy\ConfigApi\ConfigurationApiItemWrapper.cs:line 104&#xD;
   at VideoOS.Platform.ConfigurationItems.Factory.IsItemTypeSupported(ServerId serverId, String itemType) in D:\actions-runner\_work\XPCO\XPCO\MIP\PlatformPlugin\VideoOS.Platform\src\ConfigurationItems\Factory.cs:line 464&#xD;
MIP: Error: GetConfiguration (): CustomSetting not found for the given platformDefinitionId: e145597a-ecaf-40a1-99e6-14bb9d45a09e&#xD;
MIP: Error: ConfigurationApiItemWrapper (): ConfigAPI GetItem(): System.NotImplementedException, The method or operation is not implemented.&#xD;
MIP: Error: Factory.IsItemTypeSupported (): Exception source:      VideoOS.Platform.SDK.UnitTests&#xD;
Exception type:        System.NotImplementedException&#xD;
Exception message:     The method or operation is not implemented.&#xD;
Exception target site: GetItem&#xD;
   at VideoOS.Platform.SDKUnittest.EnvironmentTests.TestConfigurationClientService.GetItem(String path) in D:\actions-runner\_work\XPCO\XPCO\MIP\MIPSDK\tst\VideoOS.Platform.SDK.UnitTests\EnvironmentTests\TestsWithCorporateShimsBase.cs:line 227&#xD;
   at VideoOS.Platform.Proxy.ConfigApi.ConfigurationApiItemWrapper..ctor(ServerId serverId, String path) in D:\actions-runner\_work\XPCO\XPCO\MIP\PlatformPlugin\VideoOS.Platform\src\Proxy\ConfigApi\ConfigurationApiItemWrapper.cs:line 104&#xD;
   at VideoOS.Platform.ConfigurationItems.Factory.IsItemTypeSupported(ServerId serverId, String itemType) in D:\actions-runner\_work\XPCO\XPCO\MIP\PlatformPlugin\VideoOS.Platform\src\ConfigurationItems\Factory.cs:line 464&#xD;
&#xD;
Factory.IsItemTypeSupportedFactory.IsItemTypeSupported ()The method or operation is not implemented.   at VideoOS.Platform.SDKUnittest.EnvironmentTests.TestConfigurationClientService.GetItem(String path) in D:\actions-runner\_work\XPCO\XPCO\MIP\MIPSDK\tst\VideoOS.Platform.SDK.UnitTests\EnvironmentTests\TestsWithCorporateShimsBase.cs:line 227&#xD;
   at VideoOS.Platform.Proxy.ConfigApi.ConfigurationApiItemWrapper..ctor(ServerId serverId, String path) in D:\actions-runner\_work\XPCO\XPCO\MIP\PlatformPlugin\VideoOS.Platform\src\Proxy\ConfigApi\ConfigurationApiItemWrapper.cs:line 104&#xD;
   at VideoOS.Platform.ConfigurationItems.Factory.IsItemTypeSupported(ServerId serverId, String itemType) in D:\actions-runner\_work\XPCO\XPCO\MIP\PlatformPlugin\VideoOS.Platform\src\ConfigurationItems\Factory.cs:line 464&#xD;
MIP: Error: LoginServerOauth (): https://1.2.3.5:55/ManagementServer/ServerCommandServiceOAuth.svc The method or operation is not implemented.&#xD;
MIP: Error: ConfigurationApiItemWrapper (): ConfigAPI GetItem(): System.NotImplementedException, The method or operation is not implemented.&#xD;
MIP: Error: Factory.IsItemTypeSupported (): Exception source:      VideoOS.Platform.SDK.UnitTests&#xD;
Exception type:        System.NotImplementedException&#xD;
Exception message:     The method or operation is not implemented.&#xD;
Exception target site: GetItem&#xD;
   at VideoOS.Platform.SDKUnittest.EnvironmentTests.TestConfigurationClientService.GetItem(String path) in D:\actions-runner\_work\XPCO\XPCO\MIP\MIPSDK\tst\VideoOS.Platform.SDK.UnitTests\EnvironmentTests\TestsWithCorporateShimsBase.cs:line 227&#xD;
   at VideoOS.Platform.Proxy.ConfigApi.ConfigurationApiItemWrapper..ctor(ServerId serverId, String path) in D:\actions-runner\_work\XPCO\XPCO\MIP\PlatformPlugin\VideoOS.Platform\src\Proxy\ConfigApi\ConfigurationApiItemWrapper.cs:line 104&#xD;
   at VideoOS.Platform.ConfigurationItems.Factory.IsItemTypeSupported(ServerId serverId, String itemType) in D:\actions-runner\_work\XPCO\XPCO\MIP\PlatformPlugin\VideoOS.Platform\src\ConfigurationItems\Factory.cs:line 464&#xD;
&#xD;
Factory.IsItemTypeSupportedFactory.IsItemTypeSupported ()The method or operation is not implemented.   at VideoOS.Platform.SDKUnittest.EnvironmentTests.TestConfigurationClientService.GetItem(String path) in D:\actions-runner\_work\XPCO\XPCO\MIP\MIPSDK\tst\VideoOS.Platform.SDK.UnitTests\EnvironmentTests\TestsWithCorporateShimsBase.cs:line 227&#xD;
   at VideoOS.Platform.Proxy.ConfigApi.ConfigurationApiItemWrapper..ctor(ServerId serverId, String path) in D:\actions-runner\_work\XPCO\XPCO\MIP\PlatformPlugin\VideoOS.Platform\src\Proxy\ConfigApi\ConfigurationApiItemWrapper.cs:line 104&#xD;
   at VideoOS.Platform.ConfigurationItems.Factory.IsItemTypeSupported(ServerId serverId, String itemType) in D:\actions-runner\_work\XPCO\XPCO\MIP\PlatformPlugin\VideoOS.Platform\src\ConfigurationItems\Factory.cs:line 464&#xD;
MIP: Error: GetConfiguration (): CustomSetting not found for the given platformDefinitionId: e145597a-ecaf-40a1-99e6-14bb9d45a09e&#xD;
MIP: Error: ConfigurationApiItemWrapper (): ConfigAPI GetItem(): System.NotImplementedException, The method or operation is not implemented.&#xD;
MIP: Error: Factory.IsItemTypeSupported (): Exception source:      VideoOS.Platform.SDK.UnitTests&#xD;
Exception type:        System.NotImplementedException&#xD;
Exception message:     The method or operation is not implemented.&#xD;
Exception target site: GetItem&#xD;
   at VideoOS.Platform.SDKUnittest.EnvironmentTests.TestConfigurationClientService.GetItem(String path) in D:\actions-runner\_work\XPCO\XPCO\MIP\MIPSDK\tst\VideoOS.Platform.SDK.UnitTests\EnvironmentTests\TestsWithCorporateShimsBase.cs:line 227&#xD;
   at VideoOS.Platform.Proxy.ConfigApi.ConfigurationApiItemWrapper..ctor(ServerId serverId, String path) in D:\actions-runner\_work\XPCO\XPCO\MIP\PlatformPlugin\VideoOS.Platform\src\Proxy\ConfigApi\ConfigurationApiItemWrapper.cs:line 104&#xD;
   at VideoOS.Platform.ConfigurationItems.Factory.IsItemTypeSupported(ServerId serverId, String itemType) in D:\actions-runner\_work\XPCO\XPCO\MIP\PlatformPlugin\VideoOS.Platform\src\ConfigurationItems\Factory.cs:line 464&#xD;
&#xD;
Factory.IsItemTypeSupportedFactory.IsItemTypeSupported ()The method or operation is not implemented.   at VideoOS.Platform.SDKUnittest.EnvironmentTests.TestConfigurationClientService.GetItem(String path) in D:\actions-runner\_work\XPCO\XPCO\MIP\MIPSDK\tst\VideoOS.Platform.SDK.UnitTests\EnvironmentTests\TestsWithCorporateShimsBase.cs:line 227&#xD;
   at VideoOS.Platform.Proxy.ConfigApi.ConfigurationApiItemWrapper..ctor(ServerId serverId, String path) in D:\actions-runner\_work\XPCO\XPCO\MIP\PlatformPlugin\VideoOS.Platform\src\Proxy\ConfigApi\ConfigurationApiItemWrapper.cs:line 104&#xD;
   at VideoOS.Platform.ConfigurationItems.Factory.IsItemTypeSupported(ServerId serverId, String itemType) in D:\actions-runner\_work\XPCO\XPCO\MIP\PlatformPlugin\VideoOS.Platform\src\ConfigurationItems\Factory.cs:line 464&#xD;
MIP: Error: LoginServerOauth (): https://1.2.3.5:55/ManagementServer/ServerCommandServiceOAuth.svc The method or operation is not implemented.&#xD;
MIP: Error: ConfigurationApiItemWrapper (): ConfigAPI GetItem(): System.NotImplementedException, The method or operation is not implemented.&#xD;
MIP: Error: Factory.IsItemTypeSupported (): Exception source:      VideoOS.Platform.SDK.UnitTests&#xD;
Exception type:        System.NotImplementedException&#xD;
Exception message:     The method or operation is not implemented.&#xD;
Exception target site: GetItem&#xD;
   at VideoOS.Platform.SDKUnittest.EnvironmentTests.TestConfigurationClientService.GetItem(String path) in D:\actions-runner\_work\XPCO\XPCO\MIP\MIPSDK\tst\VideoOS.Platform.SDK.UnitTests\EnvironmentTests\TestsWithCorporateShimsBase.cs:line 227&#xD;
   at VideoOS.Platform.Proxy.ConfigApi.ConfigurationApiItemWrapper..ctor(ServerId serverId, String path) in D:\actions-runner\_work\XPCO\XPCO\MIP\PlatformPlugin\VideoOS.Platform\src\Proxy\ConfigApi\ConfigurationApiItemWrapper.cs:line 104&#xD;
   at VideoOS.Platform.ConfigurationItems.Factory.IsItemTypeSupported(ServerId serverId, String itemType) in D:\actions-runner\_work\XPCO\XPCO\MIP\PlatformPlugin\VideoOS.Platform\src\ConfigurationItems\Factory.cs:line 464&#xD;
&#xD;
Factory.IsItemTypeSupportedFactory.IsItemTypeSupported ()The method or operation is not implemented.   at VideoOS.Platform.SDKUnittest.EnvironmentTests.TestConfigurationClientService.GetItem(String path) in D:\actions-runner\_work\XPCO\XPCO\MIP\MIPSDK\tst\VideoOS.Platform.SDK.UnitTests\EnvironmentTests\TestsWithCorporateShimsBase.cs:line 227&#xD;
   at VideoOS.Platform.Proxy.ConfigApi.ConfigurationApiItemWrapper..ctor(ServerId serverId, String path) in D:\actions-runner\_work\XPCO\XPCO\MIP\PlatformPlugin\VideoOS.Platform\src\Proxy\ConfigApi\ConfigurationApiItemWrapper.cs:line 104&#xD;
   at VideoOS.Platform.ConfigurationItems.Factory.IsItemTypeSupported(ServerId serverId, String itemType) in D:\actions-runner\_work\XPCO\XPCO\MIP\PlatformPlugin\VideoOS.Platform\src\ConfigurationItems\Factory.cs:line 464&#xD;
MIP: Error: GetConfiguration (): CustomSetting not found for the given platformDefinitionId: e145597a-ecaf-40a1-99e6-14bb9d45a09e&#xD;
MIP: Error: ConfigurationApiItemWrapper (): ConfigAPI GetItem(): System.NotImplementedException, The method or operation is not implemented.&#xD;
MIP: Error: Factory.IsItemTypeSupported (): Exception source:      VideoOS.Platform.SDK.UnitTests&#xD;
Exception type:        System.NotImplementedException&#xD;
Exception message:     The method or operation is not implemented.&#xD;
Exception target site: GetItem&#xD;
   at VideoOS.Platform.SDKUnittest.EnvironmentTests.TestConfigurationClientService.GetItem(String path) in D:\actions-runner\_work\XPCO\XPCO\MIP\MIPSDK\tst\VideoOS.Platform.SDK.UnitTests\EnvironmentTests\TestsWithCorporateShimsBase.cs:line 227&#xD;
   at VideoOS.Platform.Proxy.ConfigApi.ConfigurationApiItemWrapper..ctor(ServerId serverId, String path) in D:\actions-runner\_work\XPCO\XPCO\MIP\PlatformPlugin\VideoOS.Platform\src\Proxy\ConfigApi\ConfigurationApiItemWrapper.cs:line 104&#xD;
   at VideoOS.Platform.ConfigurationItems.Factory.IsItemTypeSupported(ServerId serverId, String itemType) in D:\actions-runner\_work\XPCO\XPCO\MIP\PlatformPlugin\VideoOS.Platform\src\ConfigurationItems\Factory.cs:line 464&#xD;
&#xD;
Factory.IsItemTypeSupportedFactory.IsItemTypeSupported ()The method or operation is not implemented.   at VideoOS.Platform.SDKUnittest.EnvironmentTests.TestConfigurationClientService.GetItem(String path) in D:\actions-runner\_work\XPCO\XPCO\MIP\MIPSDK\tst\VideoOS.Platform.SDK.UnitTests\EnvironmentTests\TestsWithCorporateShimsBase.cs:line 227&#xD;
   at VideoOS.Platform.Proxy.ConfigApi.ConfigurationApiItemWrapper..ctor(ServerId serverId, String path) in D:\actions-runner\_work\XPCO\XPCO\MIP\PlatformPlugin\VideoOS.Platform\src\Proxy\ConfigApi\ConfigurationApiItemWrapper.cs:line 104&#xD;
   at VideoOS.Platform.ConfigurationItems.Factory.IsItemTypeSupported(ServerId serverId, String itemType) in D:\actions-runner\_work\XPCO\XPCO\MIP\PlatformPlugin\VideoOS.Platform\src\ConfigurationItems\Factory.cs:line 464&#xD;
MIP: Error: LoginServerOauth (): https://1.2.3.5:55/ManagementServer/ServerCommandServiceOAuth.svc The method or operation is not implemented.&#xD;
MIP: Error: ConfigurationApiItemWrapper (): ConfigAPI GetItem(): System.NotImplementedException, The method or operation is not implemented.&#xD;
MIP: Error: Factory.IsItemTypeSupported (): Exception source:      VideoOS.Platform.SDK.UnitTests&#xD;
Exception type:        System.NotImplementedException&#xD;
Exception message:     The method or operation is not implemented.&#xD;
Exception target site: GetItem&#xD;
   at VideoOS.Platform.SDKUnittest.EnvironmentTests.TestConfigurationClientService.GetItem(String path) in D:\actions-runner\_work\XPCO\XPCO\MIP\MIPSDK\tst\VideoOS.Platform.SDK.UnitTests\EnvironmentTests\TestsWithCorporateShimsBase.cs:line 227&#xD;
   at VideoOS.Platform.Proxy.ConfigApi.ConfigurationApiItemWrapper..ctor(ServerId serverId, String path) in D:\actions-runner\_work\XPCO\XPCO\MIP\PlatformPlugin\VideoOS.Platform\src\Proxy\ConfigApi\ConfigurationApiItemWrapper.cs:line 104&#xD;
   at VideoOS.Platform.ConfigurationItems.Factory.IsItemTypeSupported(ServerId serverId, String itemType) in D:\actions-runner\_work\XPCO\XPCO\MIP\PlatformPlugin\VideoOS.Platform\src\ConfigurationItems\Factory.cs:line 464&#xD;
&#xD;
Factory.IsItemTypeSupportedFactory.IsItemTypeSupported ()The method or operation is not implemented.   at VideoOS.Platform.SDKUnittest.EnvironmentTests.TestConfigurationClientService.GetItem(String path) in D:\actions-runner\_work\XPCO\XPCO\MIP\MIPSDK\tst\VideoOS.Platform.SDK.UnitTests\EnvironmentTests\TestsWithCorporateShimsBase.cs:line 227&#xD;
   at VideoOS.Platform.Proxy.ConfigApi.ConfigurationApiItemWrapper..ctor(ServerId serverId, String path) in D:\actions-runner\_work\XPCO\XPCO\MIP\PlatformPlugin\VideoOS.Platform\src\Proxy\ConfigApi\ConfigurationApiItemWrapper.cs:line 104&#xD;
   at VideoOS.Platform.ConfigurationItems.Factory.IsItemTypeSupported(ServerId serverId, String itemType) in D:\actions-runner\_work\XPCO\XPCO\MIP\PlatformPlugin\VideoOS.Platform\src\ConfigurationItems\Factory.cs:line 464&#xD;
MIP: Error: ConfigurationApiItemWrapper (): ConfigAPI GetItem(): System.NotImplementedException, The method or operation is not implemented.&#xD;
MIP: Error: Factory.IsItemTypeSupported (): Exception source:      VideoOS.Platform.SDK.UnitTests&#xD;
Exception type:        System.NotImplementedException&#xD;
Exception message:     The method or operation is not implemented.&#xD;
Exception target site: GetItem&#xD;
   at VideoOS.Platform.SDKUnittest.EnvironmentTests.TestConfigurationClientService.GetItem(String path) in D:\actions-runner\_work\XPCO\XPCO\MIP\MIPSDK\tst\VideoOS.Platform.SDK.UnitTests\EnvironmentTests\TestsWithCorporateShimsBase.cs:line 227&#xD;
   at VideoOS.Platform.Proxy.ConfigApi.ConfigurationApiItemWrapper..ctor(ServerId serverId, String path) in D:\actions-runner\_work\XPCO\XPCO\MIP\PlatformPlugin\VideoOS.Platform\src\Proxy\ConfigApi\ConfigurationApiItemWrapper.cs:line 104&#xD;
   at VideoOS.Platform.ConfigurationItems.Factory.IsItemTypeSupported(ServerId serverId, String itemType) in D:\actions-runner\_work\XPCO\XPCO\MIP\PlatformPlugin\VideoOS.Platform\src\ConfigurationItems\Factory.cs:line 464&#xD;
&#xD;
Factory.IsItemTypeSupportedFactory.IsItemTypeSupported ()The method or operation is not implemented.   at VideoOS.Platform.SDKUnittest.EnvironmentTests.TestConfigurationClientService.GetItem(String path) in D:\actions-runner\_work\XPCO\XPCO\MIP\MIPSDK\tst\VideoOS.Platform.SDK.UnitTests\EnvironmentTests\TestsWithCorporateShimsBase.cs:line 227&#xD;
   at VideoOS.Platform.Proxy.ConfigApi.ConfigurationApiItemWrapper..ctor(ServerId serverId, String path) in D:\actions-runner\_work\XPCO\XPCO\MIP\PlatformPlugin\VideoOS.Platform\src\Proxy\ConfigApi\ConfigurationApiItemWrapper.cs:line 104&#xD;
   at VideoOS.Platform.ConfigurationItems.Factory.IsItemTypeSupported(ServerId serverId, String itemType) in D:\actions-runner\_work\XPCO\XPCO\MIP\PlatformPlugin\VideoOS.Platform\src\ConfigurationItems\Factory.cs:line 464&#xD;
MIP: Error: LoginServerOauth (): https://1.2.3.5:55/ManagementServer/ServerCommandServiceOAuth.svc The method or operation is not implemented.&#xD;
MIP: Error: ConfigurationApiItemWrapper (): ConfigAPI GetItem(): System.NotImplementedException, The method or operation is not implemented.&#xD;
MIP: Error: Factory.IsItemTypeSupported (): Exception source:      VideoOS.Platform.SDK.UnitTests&#xD;
Exception type:        System.NotImplementedException&#xD;
Exception message:     The method or operation is not implemented.&#xD;
Exception target site: GetItem&#xD;
   at VideoOS.Platform.SDKUnittest.EnvironmentTests.TestConfigurationClientService.GetItem(String path) in D:\actions-runner\_work\XPCO\XPCO\MIP\MIPSDK\tst\VideoOS.Platform.SDK.UnitTests\EnvironmentTests\TestsWithCorporateShimsBase.cs:line 227&#xD;
   at VideoOS.Platform.Proxy.ConfigApi.ConfigurationApiItemWrapper..ctor(ServerId serverId, String path) in D:\actions-runner\_work\XPCO\XPCO\MIP\PlatformPlugin\VideoOS.Platform\src\Proxy\ConfigApi\ConfigurationApiItemWrapper.cs:line 104&#xD;
   at VideoOS.Platform.ConfigurationItems.Factory.IsItemTypeSupported(ServerId serverId, String itemType) in D:\actions-runner\_work\XPCO\XPCO\MIP\PlatformPlugin\VideoOS.Platform\src\ConfigurationItems\Factory.cs:line 464&#xD;
&#xD;
Factory.IsItemTypeSupportedFactory.IsItemTypeSupported ()The method or operation is not implemented.   at VideoOS.Platform.SDKUnittest.EnvironmentTests.TestConfigurationClientService.GetItem(String path) in D:\actions-runner\_work\XPCO\XPCO\MIP\MIPSDK\tst\VideoOS.Platform.SDK.UnitTests\EnvironmentTests\TestsWithCorporateShimsBase.cs:line 227&#xD;
   at VideoOS.Platform.Proxy.ConfigApi.ConfigurationApiItemWrapper..ctor(ServerId serverId, String path) in D:\actions-runner\_work\XPCO\XPCO\MIP\PlatformPlugin\VideoOS.Platform\src\Proxy\ConfigApi\ConfigurationApiItemWrapper.cs:line 104&#xD;
   at VideoOS.Platform.ConfigurationItems.Factory.IsItemTypeSupported(ServerId serverId, String itemType) in D:\actions-runner\_work\XPCO\XPCO\MIP\PlatformPlugin\VideoOS.Platform\src\ConfigurationItems\Factory.cs:line 464&#xD;
MIP: Error: GetConfiguration (): CustomSetting not found for the given platformDefinitionId: e145597a-ecaf-40a1-99e6-14bb9d45a09e&#xD;
MIP: Error: ConfigurationApiItemWrapper (): ConfigAPI GetItem(): System.NotImplementedException, The method or operation is not implemented.&#xD;
MIP: Error: Factory.IsItemTypeSupported (): Exception source:      VideoOS.Platform.SDK.UnitTests&#xD;
Exception type:        System.NotImplementedException&#xD;
Exception message:     The method or operation is not implemented.&#xD;
Exception target site: GetItem&#xD;
   at VideoOS.Platform.SDKUnittest.EnvironmentTests.TestConfigurationClientService.GetItem(String path) in D:\actions-runner\_work\XPCO\XPCO\MIP\MIPSDK\tst\VideoOS.Platform.SDK.UnitTests\EnvironmentTests\TestsWithCorporateShimsBase.cs:line 227&#xD;
   at VideoOS.Platform.Proxy.ConfigApi.ConfigurationApiItemWrapper..ctor(ServerId serverId, String path) in D:\actions-runner\_work\XPCO\XPCO\MIP\PlatformPlugin\VideoOS.Platform\src\Proxy\ConfigApi\ConfigurationApiItemWrapper.cs:line 104&#xD;
   at VideoOS.Platform.ConfigurationItems.Factory.IsItemTypeSupported(ServerId serverId, String itemType) in D:\actions-runner\_work\XPCO\XPCO\MIP\PlatformPlugin\VideoOS.Platform\src\ConfigurationItems\Factory.cs:line 464&#xD;
&#xD;
Factory.IsItemTypeSupportedFactory.IsItemTypeSupported ()The method or operation is not implemented.   at VideoOS.Platform.SDKUnittest.EnvironmentTests.TestConfigurationClientService.GetItem(String path) in D:\actions-runner\_work\XPCO\XPCO\MIP\MIPSDK\tst\VideoOS.Platform.SDK.UnitTests\EnvironmentTests\TestsWithCorporateShimsBase.cs:line 227&#xD;
   at VideoOS.Platform.Proxy.ConfigApi.ConfigurationApiItemWrapper..ctor(ServerId serverId, String path) in D:\actions-runner\_work\XPCO\XPCO\MIP\PlatformPlugin\VideoOS.Platform\src\Proxy\ConfigApi\ConfigurationApiItemWrapper.cs:line 104&#xD;
   at VideoOS.Platform.ConfigurationItems.Factory.IsItemTypeSupported(ServerId serverId, String itemType) in D:\actions-runner\_work\XPCO\XPCO\MIP\PlatformPlugin\VideoOS.Platform\src\ConfigurationItems\Factory.cs:line 464&#xD;
MIP: Error: LoginServerOauth (): https://1.2.3.5:55/ManagementServer/ServerCommandServiceOAuth.svc The method or operation is not implemented.&#xD;
MIP: Error: ConfigurationApiItemWrapper (): ConfigAPI GetItem(): System.NotImplementedException, The method or operation is not implemented.&#xD;
MIP: Error: Factory.IsItemTypeSupported (): Exception source:      VideoOS.Platform.SDK.UnitTests&#xD;
Exception type:        System.NotImplementedException&#xD;
Exception message:     The method or operation is not implemented.&#xD;
Exception target site: GetItem&#xD;
   at VideoOS.Platform.SDKUnittest.EnvironmentTests.TestConfigurationClientService.GetItem(String path) in D:\actions-runner\_work\XPCO\XPCO\MIP\MIPSDK\tst\VideoOS.Platform.SDK.UnitTests\EnvironmentTests\TestsWithCorporateShimsBase.cs:line 227&#xD;
   at VideoOS.Platform.Proxy.ConfigApi.ConfigurationApiItemWrapper..ctor(ServerId serverId, String path) in D:\actions-runner\_work\XPCO\XPCO\MIP\PlatformPlugin\VideoOS.Platform\src\Proxy\ConfigApi\ConfigurationApiItemWrapper.cs:line 104&#xD;
   at VideoOS.Platform.ConfigurationItems.Factory.IsItemTypeSupported(ServerId serverId, String itemType) in D:\actions-runner\_work\XPCO\XPCO\MIP\PlatformPlugin\VideoOS.Platform\src\ConfigurationItems\Factory.cs:line 464&#xD;
&#xD;
Factory.IsItemTypeSupportedFactory.IsItemTypeSupported ()The method or operation is not implemented.   at VideoOS.Platform.SDKUnittest.EnvironmentTests.TestConfigurationClientService.GetItem(String path) in D:\actions-runner\_work\XPCO\XPCO\MIP\MIPSDK\tst\VideoOS.Platform.SDK.UnitTests\EnvironmentTests\TestsWithCorporateShimsBase.cs:line 227&#xD;
   at VideoOS.Platform.Proxy.ConfigApi.ConfigurationApiItemWrapper..ctor(ServerId serverId, String path) in D:\actions-runner\_work\XPCO\XPCO\MIP\PlatformPlugin\VideoOS.Platform\src\Proxy\ConfigApi\ConfigurationApiItemWrapper.cs:line 104&#xD;
   at VideoOS.Platform.ConfigurationItems.Factory.IsItemTypeSupported(ServerId serverId, String itemType) in D:\actions-runner\_work\XPCO\XPCO\MIP\PlatformPlugin\VideoOS.Platform\src\ConfigurationItems\Factory.cs:line 464&#xD;
MIP: Error: ConfigurationApiItemWrapper (): ConfigAPI GetItem(): System.NotImplementedException, The method or operation is not implemented.&#xD;
MIP: Error: Factory.IsItemTypeSupported (): Exception source:      VideoOS.Platform.SDK.UnitTests&#xD;
Exception type:        System.NotImplementedException&#xD;
Exception message:     The method or operation is not implemented.&#xD;
Exception target site: GetItem&#xD;
   at VideoOS.Platform.SDKUnittest.EnvironmentTests.TestConfigurationClientService.GetItem(String path) in D:\actions-runner\_work\XPCO\XPCO\MIP\MIPSDK\tst\VideoOS.Platform.SDK.UnitTests\EnvironmentTests\TestsWithCorporateShimsBase.cs:line 227&#xD;
   at VideoOS.Platform.Proxy.ConfigApi.ConfigurationApiItemWrapper..ctor(ServerId serverId, String path) in D:\actions-runner\_work\XPCO\XPCO\MIP\PlatformPlugin\VideoOS.Platform\src\Proxy\ConfigApi\ConfigurationApiItemWrapper.cs:line 104&#xD;
   at VideoOS.Platform.ConfigurationItems.Factory.IsItemTypeSupported(ServerId serverId, String itemType) in D:\actions-runner\_work\XPCO\XPCO\MIP\PlatformPlugin\VideoOS.Platform\src\ConfigurationItems\Factory.cs:line 464&#xD;
&#xD;
Factory.IsItemTypeSupportedFactory.IsItemTypeSupported ()The method or operation is not implemented.   at VideoOS.Platform.SDKUnittest.EnvironmentTests.TestConfigurationClientService.GetItem(String path) in D:\actions-runner\_work\XPCO\XPCO\MIP\MIPSDK\tst\VideoOS.Platform.SDK.UnitTests\EnvironmentTests\TestsWithCorporateShimsBase.cs:line 227&#xD;
   at VideoOS.Platform.Proxy.ConfigApi.ConfigurationApiItemWrapper..ctor(ServerId serverId, String path) in D:\actions-runner\_work\XPCO\XPCO\MIP\PlatformPlugin\VideoOS.Platform\src\Proxy\ConfigApi\ConfigurationApiItemWrapper.cs:line 104&#xD;
   at VideoOS.Platform.ConfigurationItems.Factory.IsItemTypeSupported(ServerId serverId, String itemType) in D:\actions-runner\_work\XPCO\XPCO\MIP\PlatformPlugin\VideoOS.Platform\src\ConfigurationItems\Factory.cs:line 464&#xD;
MIP: Error: ConfigurationApiItemWrapper (): ConfigAPI GetItem(): System.NotImplementedException, The method or operation is not implemented.&#xD;
MIP: Error: Factory.IsItemTypeSupported (): Exception source:      VideoOS.Platform.SDK.UnitTests&#xD;
Exception type:        System.NotImplementedException&#xD;
Exception message:     The method or operation is not implemented.&#xD;
Exception target site: GetItem&#xD;
   at VideoOS.Platform.SDKUnittest.EnvironmentTests.TestConfigurationClientService.GetItem(String path) in D:\actions-runner\_work\XPCO\XPCO\MIP\MIPSDK\tst\VideoOS.Platform.SDK.UnitTests\EnvironmentTests\TestsWithCorporateShimsBase.cs:line 227&#xD;
   at VideoOS.Platform.Proxy.ConfigApi.ConfigurationApiItemWrapper..ctor(ServerId serverId, String path) in D:\actions-runner\_work\XPCO\XPCO\MIP\PlatformPlugin\VideoOS.Platform\src\Proxy\ConfigApi\ConfigurationApiItemWrapper.cs:line 104&#xD;
   at VideoOS.Platform.ConfigurationItems.Factory.IsItemTypeSupported(ServerId serverId, String itemType) in D:\actions-runner\_work\XPCO\XPCO\MIP\PlatformPlugin\VideoOS.Platform\src\ConfigurationItems\Factory.cs:line 464&#xD;
&#xD;
Factory.IsItemTypeSupportedFactory.IsItemTypeSupported ()The method or operation is not implemented.   at VideoOS.Platform.SDKUnittest.EnvironmentTests.TestConfigurationClientService.GetItem(String path) in D:\actions-runner\_work\XPCO\XPCO\MIP\MIPSDK\tst\VideoOS.Platform.SDK.UnitTests\EnvironmentTests\TestsWithCorporateShimsBase.cs:line 227&#xD;
   at VideoOS.Platform.Proxy.ConfigApi.ConfigurationApiItemWrapper..ctor(ServerId serverId, String path) in D:\actions-runner\_work\XPCO\XPCO\MIP\PlatformPlugin\VideoOS.Platform\src\Proxy\ConfigApi\ConfigurationApiItemWrapper.cs:line 104&#xD;
   at VideoOS.Platform.ConfigurationItems.Factory.IsItemTypeSupported(ServerId serverId, String itemType) in D:\actions-runner\_work\XPCO\XPCO\MIP\PlatformPlugin\VideoOS.Platform\src\ConfigurationItems\Factory.cs:line 464&#xD;
MIP: Error: ConfigurationApiItemWrapper (): ConfigAPI GetItem(): System.NotImplementedException, The method or operation is not implemented.&#xD;
MIP: Error: Factory.IsItemTypeSupported (): Exception source:      VideoOS.Platform.SDK.UnitTests&#xD;
Exception type:        System.NotImplementedException&#xD;
Exception message:     The method or operation is not implemented.&#xD;
Exception target site: GetItem&#xD;
   at VideoOS.Platform.SDKUnittest.EnvironmentTests.TestConfigurationClientService.GetItem(String path) in D:\actions-runner\_work\XPCO\XPCO\MIP\MIPSDK\tst\VideoOS.Platform.SDK.UnitTests\EnvironmentTests\TestsWithCorporateShimsBase.cs:line 227&#xD;
   at VideoOS.Platform.Proxy.ConfigApi.ConfigurationApiItemWrapper..ctor(ServerId serverId, String path) in D:\actions-runner\_work\XPCO\XPCO\MIP\PlatformPlugin\VideoOS.Platform\src\Proxy\ConfigApi\ConfigurationApiItemWrapper.cs:line 104&#xD;
   at VideoOS.Platform.ConfigurationItems.Factory.IsItemTypeSupported(ServerId serverId, String itemType) in D:\actions-runner\_work\XPCO\XPCO\MIP\PlatformPlugin\VideoOS.Platform\src\ConfigurationItems\Factory.cs:line 464&#xD;
&#xD;
Factory.IsItemTypeSupportedFactory.IsItemTypeSupported ()The method or operation is not implemented.   at VideoOS.Platform.SDKUnittest.EnvironmentTests.TestConfigurationClientService.GetItem(String path) in D:\actions-runner\_work\XPCO\XPCO\MIP\MIPSDK\tst\VideoOS.Platform.SDK.UnitTests\EnvironmentTests\TestsWithCorporateShimsBase.cs:line 227&#xD;
   at VideoOS.Platform.Proxy.ConfigApi.ConfigurationApiItemWrapper..ctor(ServerId serverId, String path) in D:\actions-runner\_work\XPCO\XPCO\MIP\PlatformPlugin\VideoOS.Platform\src\Proxy\ConfigApi\ConfigurationApiItemWrapper.cs:line 104&#xD;
   at VideoOS.Platform.ConfigurationItems.Factory.IsItemTypeSupported(ServerId serverId, String itemType) in D:\actions-runner\_work\XPCO\XPCO\MIP\PlatformPlugin\VideoOS.Platform\src\ConfigurationItems\Factory.cs:line 464&#xD;
MIP: Error: ConfigurationApiItemWrapper (): ConfigAPI GetItem(): System.NotImplementedException, The method or operation is not implemented.&#xD;
MIP: Error: Factory.IsItemTypeSupported (): Exception source:      VideoOS.Platform.SDK.UnitTests&#xD;
Exception type:        System.NotImplementedException&#xD;
Exception message:     The method or operation is not implemented.&#xD;
Exception target site: GetItem&#xD;
   at VideoOS.Platform.SDKUnittest.EnvironmentTests.TestConfigurationClientService.GetItem(String path) in D:\actions-runner\_work\XPCO\XPCO\MIP\MIPSDK\tst\VideoOS.Platform.SDK.UnitTests\EnvironmentTests\TestsWithCorporateShimsBase.cs:line 227&#xD;
   at VideoOS.Platform.Proxy.ConfigApi.ConfigurationApiItemWrapper..ctor(ServerId serverId, String path) in D:\actions-runner\_work\XPCO\XPCO\MIP\PlatformPlugin\VideoOS.Platform\src\Proxy\ConfigApi\ConfigurationApiItemWrapper.cs:line 104&#xD;
   at VideoOS.Platform.ConfigurationItems.Factory.IsItemTypeSupported(ServerId serverId, String itemType) in D:\actions-runner\_work\XPCO\XPCO\MIP\PlatformPlugin\VideoOS.Platform\src\ConfigurationItems\Factory.cs:line 464&#xD;
&#xD;
Factory.IsItemTypeSupportedFactory.IsItemTypeSupported ()The method or operation is not implemented.   at VideoOS.Platform.SDKUnittest.EnvironmentTests.TestConfigurationClientService.GetItem(String path) in D:\actions-runner\_work\XPCO\XPCO\MIP\MIPSDK\tst\VideoOS.Platform.SDK.UnitTests\EnvironmentTests\TestsWithCorporateShimsBase.cs:line 227&#xD;
   at VideoOS.Platform.Proxy.ConfigApi.ConfigurationApiItemWrapper..ctor(ServerId serverId, String path) in D:\actions-runner\_work\XPCO\XPCO\MIP\PlatformPlugin\VideoOS.Platform\src\Proxy\ConfigApi\ConfigurationApiItemWrapper.cs:line 104&#xD;
   at VideoOS.Platform.ConfigurationItems.Factory.IsItemTypeSupported(ServerId serverId, String itemType) in D:\actions-runner\_work\XPCO\XPCO\MIP\PlatformPlugin\VideoOS.Platform\src\ConfigurationItems\Factory.cs:line 464</StdOut>
      </Output>
    </UnitTestResult>
    <UnitTestResult executionId="ff435595-00ef-40e2-a4d0-3fdf3a8398b9" testId="3fc2f323-2eb1-98df-4545-bd5563c5cdc9" testName="When_MipTokenCacheIsNotSet_BearerTokenBehaviourNotAdded" computerName="DKSR-EFI-06" duration="00:00:00.0050200" startTime="2024-01-09T15:46:04.8875258+01:00" endTime="2024-01-09T15:46:04.8927900+01:00" testType="13cdc9d9-ddb5-4fa4-a97d-d965ccfc6d4b" outcome="Passed" testListId="8c84fa94-04c1-424b-9868-57a2d4851a1d" relativeResultsDirectory="ff435595-00ef-40e2-a4d0-3fdf3a8398b9" />
    <UnitTestResult executionId="7e71f3ed-21ed-4162-ae84-b13951459eb0" testId="0762669f-0ef8-d6fa-dd94-0659f0ba0a43" testName="IgnoreDomainCompareOk" computerName="DKSR-EFI-06" duration="00:00:00.0009849" startTime="2024-01-09T15:46:05.0816424+01:00" endTime="2024-01-09T15:46:05.0828083+01:00" testType="13cdc9d9-ddb5-4fa4-a97d-d965ccfc6d4b" outcome="Passed" testListId="8c84fa94-04c1-424b-9868-57a2d4851a1d" relativeResultsDirectory="7e71f3ed-21ed-4162-ae84-b13951459eb0" />
    <UnitTestResult executionId="738a9453-0ea4-40d6-bfc1-a13713461a09" testId="ee90d5bb-7cd0-4c31-23ba-b62d71f38c15" testName="CheckToLong" computerName="DKSR-EFI-06" duration="00:00:00.0022659" startTime="2024-01-09T15:46:05.0443278+01:00" endTime="2024-01-09T15:46:05.0467420+01:00" testType="13cdc9d9-ddb5-4fa4-a97d-d965ccfc6d4b" outcome="Passed" testListId="8c84fa94-04c1-424b-9868-57a2d4851a1d" relativeResultsDirectory="738a9453-0ea4-40d6-bfc1-a13713461a09" />
    <UnitTestResult executionId="b22b34f3-72f5-4928-af49-f0e860e94ac9" testId="2282d201-fae3-68ca-fb9b-da7ba770e221" testName="OAuthServerIsOnline" computerName="DKSR-EFI-06" duration="00:00:01.1125775" startTime="2024-01-09T15:46:03.4705984+01:00" endTime="2024-01-09T15:46:04.5839641+01:00" testType="13cdc9d9-ddb5-4fa4-a97d-d965ccfc6d4b" outcome="Passed" testListId="8c84fa94-04c1-424b-9868-57a2d4851a1d" relativeResultsDirectory="b22b34f3-72f5-4928-af49-f0e860e94ac9" />
    <UnitTestResult executionId="d063e8ec-226a-46a3-9cee-65bf51955a6c" testId="0692d415-cb51-e036-3177-b14298f4c3a2" testName="StopRecording_ShouldDoNothing_WhenRecordingIsAlreadyStopped" computerName="DKSR-EFI-06" duration="00:00:00.0008398" startTime="2024-01-09T15:46:23.5078277+01:00" endTime="2024-01-09T15:46:23.5088198+01:00" testType="13cdc9d9-ddb5-4fa4-a97d-d965ccfc6d4b" outcome="Passed" testListId="8c84fa94-04c1-424b-9868-57a2d4851a1d" relativeResultsDirectory="d063e8ec-226a-46a3-9cee-65bf51955a6c" />
    <UnitTestResult executionId="d1996bbc-2800-45a5-ac7f-061ee89ed3e2" testId="1444c9ca-e73b-a5e6-f01f-53b0839e824f" testName="Given_Eventreceirveradded_When_EventReceiverRemoved_Then_EventsAreSentnoLongerSent" computerName="DKSR-EFI-06" duration="00:00:00.0042117" startTime="2024-01-09T15:46:05.3329930+01:00" endTime="2024-01-09T15:46:05.3375378+01:00" testType="13cdc9d9-ddb5-4fa4-a97d-d965ccfc6d4b" outcome="Passed" testListId="8c84fa94-04c1-424b-9868-57a2d4851a1d" relativeResultsDirectory="d1996bbc-2800-45a5-ac7f-061ee89ed3e2" />
    <UnitTestResult executionId="b042d597-5efe-4792-aa06-fb1dc6b96c35" testId="23cb9265-dcc3-9671-caf3-1996fff5aba1" testName="LoginWithRegistration_Success" computerName="DKSR-EFI-06" duration="00:00:00.0137703" startTime="2024-01-09T15:46:02.9621658+01:00" endTime="2024-01-09T15:46:02.9761146+01:00" testType="13cdc9d9-ddb5-4fa4-a97d-d965ccfc6d4b" outcome="Passed" testListId="8c84fa94-04c1-424b-9868-57a2d4851a1d" relativeResultsDirectory="b042d597-5efe-4792-aa06-fb1dc6b96c35" />
    <UnitTestResult executionId="598fac9b-ac88-423a-879b-25b9e9c89f97" testId="0bbb508b-fd28-af7a-61a4-81cd8ad41d08" testName="Login_WhenNotLoggedIn_NoLastException_ThrowDefaultException" computerName="DKSR-EFI-06" duration="00:00:00.0045807" startTime="2024-01-09T15:46:02.9565161+01:00" endTime="2024-01-09T15:46:02.9614662+01:00" testType="13cdc9d9-ddb5-4fa4-a97d-d965ccfc6d4b" outcome="Passed" testListId="8c84fa94-04c1-424b-9868-57a2d4851a1d" relativeResultsDirectory="598fac9b-ac88-423a-879b-25b9e9c89f97" />
    <UnitTestResult executionId="ad445a49-10d9-4fcc-a707-028a4bc42d4c" testId="48cb99ba-5270-df3c-8533-76671ff09a4c" testName="Free_ShouldNotChangeRecordingStatus_WhenRecordingIsNotStarted" computerName="DKSR-EFI-06" duration="00:00:00.0007097" startTime="2024-01-09T15:46:23.5102025+01:00" endTime="2024-01-09T15:46:23.5110313+01:00" testType="13cdc9d9-ddb5-4fa4-a97d-d965ccfc6d4b" outcome="Passed" testListId="8c84fa94-04c1-424b-9868-57a2d4851a1d" relativeResultsDirectory="ad445a49-10d9-4fcc-a707-028a4bc42d4c" />
    <UnitTestResult executionId="a97fed14-7545-409d-b215-42922480be22" testId="d19447d6-1286-80a0-b9eb-927576af8553" testName="XpcoCameraConfigTests" computerName="DKSR-EFI-06" duration="00:00:01.1198473" startTime="2024-01-09T15:46:21.1750677+01:00" endTime="2024-01-09T15:46:22.2955301+01:00" testType="13cdc9d9-ddb5-4fa4-a97d-d965ccfc6d4b" outcome="Passed" testListId="8c84fa94-04c1-424b-9868-57a2d4851a1d" relativeResultsDirectory="a97fed14-7545-409d-b215-42922480be22">
      <Output>
        <StdOut>Debug Trace:&#xD;
TopLevelControl returns null. PostMessage may have problems&#xD;
MIP: Error: ConfigurationApiItemWrapper (): ConfigAPI GetItem(): System.NotImplementedException, The method or operation is not implemented.&#xD;
MIP: Error: Factory.IsItemTypeSupported (): Exception source:      VideoOS.Platform.SDK.UnitTests&#xD;
Exception type:        System.NotImplementedException&#xD;
Exception message:     The method or operation is not implemented.&#xD;
Exception target site: GetItem&#xD;
   at VideoOS.Platform.SDKUnittest.EnvironmentTests.TestConfigurationClientService.GetItem(String path) in D:\actions-runner\_work\XPCO\XPCO\MIP\MIPSDK\tst\VideoOS.Platform.SDK.UnitTests\EnvironmentTests\TestsWithCorporateShimsBase.cs:line 227&#xD;
   at VideoOS.Platform.Proxy.ConfigApi.ConfigurationApiItemWrapper..ctor(ServerId serverId, String path) in D:\actions-runner\_work\XPCO\XPCO\MIP\PlatformPlugin\VideoOS.Platform\src\Proxy\ConfigApi\ConfigurationApiItemWrapper.cs:line 104&#xD;
   at VideoOS.Platform.ConfigurationItems.Factory.IsItemTypeSupported(ServerId serverId, String itemType) in D:\actions-runner\_work\XPCO\XPCO\MIP\PlatformPlugin\VideoOS.Platform\src\ConfigurationItems\Factory.cs:line 464&#xD;
&#xD;
Factory.IsItemTypeSupportedFactory.IsItemTypeSupported ()The method or operation is not implemented.   at VideoOS.Platform.SDKUnittest.EnvironmentTests.TestConfigurationClientService.GetItem(String path) in D:\actions-runner\_work\XPCO\XPCO\MIP\MIPSDK\tst\VideoOS.Platform.SDK.UnitTests\EnvironmentTests\TestsWithCorporateShimsBase.cs:line 227&#xD;
   at VideoOS.Platform.Proxy.ConfigApi.ConfigurationApiItemWrapper..ctor(ServerId serverId, String path) in D:\actions-runner\_work\XPCO\XPCO\MIP\PlatformPlugin\VideoOS.Platform\src\Proxy\ConfigApi\ConfigurationApiItemWrapper.cs:line 104&#xD;
   at VideoOS.Platform.ConfigurationItems.Factory.IsItemTypeSupported(ServerId serverId, String itemType) in D:\actions-runner\_work\XPCO\XPCO\MIP\PlatformPlugin\VideoOS.Platform\src\ConfigurationItems\Factory.cs:line 464&#xD;
MIP: Error: GetConfiguration (): CustomSetting not found for the given platformDefinitionId: e145597a-ecaf-40a1-99e6-14bb9d45a09e&#xD;
MIP: Error: ConfigurationApiItemWrapper (): ConfigAPI GetItem(): System.NotImplementedException, The method or operation is not implemented.&#xD;
MIP: Error: Factory.IsItemTypeSupported (): Exception source:      VideoOS.Platform.SDK.UnitTests&#xD;
Exception type:        System.NotImplementedException&#xD;
Exception message:     The method or operation is not implemented.&#xD;
Exception target site: GetItem&#xD;
   at VideoOS.Platform.SDKUnittest.EnvironmentTests.TestConfigurationClientService.GetItem(String path) in D:\actions-runner\_work\XPCO\XPCO\MIP\MIPSDK\tst\VideoOS.Platform.SDK.UnitTests\EnvironmentTests\TestsWithCorporateShimsBase.cs:line 227&#xD;
   at VideoOS.Platform.Proxy.ConfigApi.ConfigurationApiItemWrapper..ctor(ServerId serverId, String path) in D:\actions-runner\_work\XPCO\XPCO\MIP\PlatformPlugin\VideoOS.Platform\src\Proxy\ConfigApi\ConfigurationApiItemWrapper.cs:line 104&#xD;
   at VideoOS.Platform.ConfigurationItems.Factory.IsItemTypeSupported(ServerId serverId, String itemType) in D:\actions-runner\_work\XPCO\XPCO\MIP\PlatformPlugin\VideoOS.Platform\src\ConfigurationItems\Factory.cs:line 464&#xD;
&#xD;
Factory.IsItemTypeSupportedFactory.IsItemTypeSupported ()The method or operation is not implemented.   at VideoOS.Platform.SDKUnittest.EnvironmentTests.TestConfigurationClientService.GetItem(String path) in D:\actions-runner\_work\XPCO\XPCO\MIP\MIPSDK\tst\VideoOS.Platform.SDK.UnitTests\EnvironmentTests\TestsWithCorporateShimsBase.cs:line 227&#xD;
   at VideoOS.Platform.Proxy.ConfigApi.ConfigurationApiItemWrapper..ctor(ServerId serverId, String path) in D:\actions-runner\_work\XPCO\XPCO\MIP\PlatformPlugin\VideoOS.Platform\src\Proxy\ConfigApi\ConfigurationApiItemWrapper.cs:line 104&#xD;
   at VideoOS.Platform.ConfigurationItems.Factory.IsItemTypeSupported(ServerId serverId, String itemType) in D:\actions-runner\_work\XPCO\XPCO\MIP\PlatformPlugin\VideoOS.Platform\src\ConfigurationItems\Factory.cs:line 464&#xD;
MIP: Error: LoginServerOauth (): https://1.2.3.5:55/ManagementServer/ServerCommandServiceOAuth.svc The method or operation is not implemented.&#xD;
MIP: Error: ConfigurationApiItemWrapper (): ConfigAPI GetItem(): System.NotImplementedException, The method or operation is not implemented.&#xD;
MIP: Error: Factory.IsItemTypeSupported (): Exception source:      VideoOS.Platform.SDK.UnitTests&#xD;
Exception type:        System.NotImplementedException&#xD;
Exception message:     The method or operation is not implemented.&#xD;
Exception target site: GetItem&#xD;
   at VideoOS.Platform.SDKUnittest.EnvironmentTests.TestConfigurationClientService.GetItem(String path) in D:\actions-runner\_work\XPCO\XPCO\MIP\MIPSDK\tst\VideoOS.Platform.SDK.UnitTests\EnvironmentTests\TestsWithCorporateShimsBase.cs:line 227&#xD;
   at VideoOS.Platform.Proxy.ConfigApi.ConfigurationApiItemWrapper..ctor(ServerId serverId, String path) in D:\actions-runner\_work\XPCO\XPCO\MIP\PlatformPlugin\VideoOS.Platform\src\Proxy\ConfigApi\ConfigurationApiItemWrapper.cs:line 104&#xD;
   at VideoOS.Platform.ConfigurationItems.Factory.IsItemTypeSupported(ServerId serverId, String itemType) in D:\actions-runner\_work\XPCO\XPCO\MIP\PlatformPlugin\VideoOS.Platform\src\ConfigurationItems\Factory.cs:line 464&#xD;
&#xD;
Factory.IsItemTypeSupportedFactory.IsItemTypeSupported ()The method or operation is not implemented.   at VideoOS.Platform.SDKUnittest.EnvironmentTests.TestConfigurationClientService.GetItem(String path) in D:\actions-runner\_work\XPCO\XPCO\MIP\MIPSDK\tst\VideoOS.Platform.SDK.UnitTests\EnvironmentTests\TestsWithCorporateShimsBase.cs:line 227&#xD;
   at VideoOS.Platform.Proxy.ConfigApi.ConfigurationApiItemWrapper..ctor(ServerId serverId, String path) in D:\actions-runner\_work\XPCO\XPCO\MIP\PlatformPlugin\VideoOS.Platform\src\Proxy\ConfigApi\ConfigurationApiItemWrapper.cs:line 104&#xD;
   at VideoOS.Platform.ConfigurationItems.Factory.IsItemTypeSupported(ServerId serverId, String itemType) in D:\actions-runner\_work\XPCO\XPCO\MIP\PlatformPlugin\VideoOS.Platform\src\ConfigurationItems\Factory.cs:line 464&#xD;
MIP: Error: GetConfiguration (): CustomSetting not found for the given platformDefinitionId: e145597a-ecaf-40a1-99e6-14bb9d45a09e&#xD;
MIP: Error: ConfigurationApiItemWrapper (): ConfigAPI GetItem(): System.NotImplementedException, The method or operation is not implemented.&#xD;
MIP: Error: Factory.IsItemTypeSupported (): Exception source:      VideoOS.Platform.SDK.UnitTests&#xD;
Exception type:        System.NotImplementedException&#xD;
Exception message:     The method or operation is not implemented.&#xD;
Exception target site: GetItem&#xD;
   at VideoOS.Platform.SDKUnittest.EnvironmentTests.TestConfigurationClientService.GetItem(String path) in D:\actions-runner\_work\XPCO\XPCO\MIP\MIPSDK\tst\VideoOS.Platform.SDK.UnitTests\EnvironmentTests\TestsWithCorporateShimsBase.cs:line 227&#xD;
   at VideoOS.Platform.Proxy.ConfigApi.ConfigurationApiItemWrapper..ctor(ServerId serverId, String path) in D:\actions-runner\_work\XPCO\XPCO\MIP\PlatformPlugin\VideoOS.Platform\src\Proxy\ConfigApi\ConfigurationApiItemWrapper.cs:line 104&#xD;
   at VideoOS.Platform.ConfigurationItems.Factory.IsItemTypeSupported(ServerId serverId, String itemType) in D:\actions-runner\_work\XPCO\XPCO\MIP\PlatformPlugin\VideoOS.Platform\src\ConfigurationItems\Factory.cs:line 464&#xD;
&#xD;
Factory.IsItemTypeSupportedFactory.IsItemTypeSupported ()The method or operation is not implemented.   at VideoOS.Platform.SDKUnittest.EnvironmentTests.TestConfigurationClientService.GetItem(String path) in D:\actions-runner\_work\XPCO\XPCO\MIP\MIPSDK\tst\VideoOS.Platform.SDK.UnitTests\EnvironmentTests\TestsWithCorporateShimsBase.cs:line 227&#xD;
   at VideoOS.Platform.Proxy.ConfigApi.ConfigurationApiItemWrapper..ctor(ServerId serverId, String path) in D:\actions-runner\_work\XPCO\XPCO\MIP\PlatformPlugin\VideoOS.Platform\src\Proxy\ConfigApi\ConfigurationApiItemWrapper.cs:line 104&#xD;
   at VideoOS.Platform.ConfigurationItems.Factory.IsItemTypeSupported(ServerId serverId, String itemType) in D:\actions-runner\_work\XPCO\XPCO\MIP\PlatformPlugin\VideoOS.Platform\src\ConfigurationItems\Factory.cs:line 464&#xD;
MIP: Error: LoginServerOauth (): https://1.2.3.5:55/ManagementServer/ServerCommandServiceOAuth.svc The method or operation is not implemented.&#xD;
MIP: Error: ConfigurationApiItemWrapper (): ConfigAPI GetItem(): System.NotImplementedException, The method or operation is not implemented.&#xD;
MIP: Error: Factory.IsItemTypeSupported (): Exception source:      VideoOS.Platform.SDK.UnitTests&#xD;
Exception type:        System.NotImplementedException&#xD;
Exception message:     The method or operation is not implemented.&#xD;
Exception target site: GetItem&#xD;
   at VideoOS.Platform.SDKUnittest.EnvironmentTests.TestConfigurationClientService.GetItem(String path) in D:\actions-runner\_work\XPCO\XPCO\MIP\MIPSDK\tst\VideoOS.Platform.SDK.UnitTests\EnvironmentTests\TestsWithCorporateShimsBase.cs:line 227&#xD;
   at VideoOS.Platform.Proxy.ConfigApi.ConfigurationApiItemWrapper..ctor(ServerId serverId, String path) in D:\actions-runner\_work\XPCO\XPCO\MIP\PlatformPlugin\VideoOS.Platform\src\Proxy\ConfigApi\ConfigurationApiItemWrapper.cs:line 104&#xD;
   at VideoOS.Platform.ConfigurationItems.Factory.IsItemTypeSupported(ServerId serverId, String itemType) in D:\actions-runner\_work\XPCO\XPCO\MIP\PlatformPlugin\VideoOS.Platform\src\ConfigurationItems\Factory.cs:line 464&#xD;
&#xD;
Factory.IsItemTypeSupportedFactory.IsItemTypeSupported ()The method or operation is not implemented.   at VideoOS.Platform.SDKUnittest.EnvironmentTests.TestConfigurationClientService.GetItem(String path) in D:\actions-runner\_work\XPCO\XPCO\MIP\MIPSDK\tst\VideoOS.Platform.SDK.UnitTests\EnvironmentTests\TestsWithCorporateShimsBase.cs:line 227&#xD;
   at VideoOS.Platform.Proxy.ConfigApi.ConfigurationApiItemWrapper..ctor(ServerId serverId, String path) in D:\actions-runner\_work\XPCO\XPCO\MIP\PlatformPlugin\VideoOS.Platform\src\Proxy\ConfigApi\ConfigurationApiItemWrapper.cs:line 104&#xD;
   at VideoOS.Platform.ConfigurationItems.Factory.IsItemTypeSupported(ServerId serverId, String itemType) in D:\actions-runner\_work\XPCO\XPCO\MIP\PlatformPlugin\VideoOS.Platform\src\ConfigurationItems\Factory.cs:line 464&#xD;
MIP: Error: ConfigurationApiItemWrapper (): ConfigAPI GetItem(): System.NotImplementedException, The method or operation is not implemented.&#xD;
MIP: Error: Factory.IsItemTypeSupported (): Exception source:      VideoOS.Platform.SDK.UnitTests&#xD;
Exception type:        System.NotImplementedException&#xD;
Exception message:     The method or operation is not implemented.&#xD;
Exception target site: GetItem&#xD;
   at VideoOS.Platform.SDKUnittest.EnvironmentTests.TestConfigurationClientService.GetItem(String path) in D:\actions-runner\_work\XPCO\XPCO\MIP\MIPSDK\tst\VideoOS.Platform.SDK.UnitTests\EnvironmentTests\TestsWithCorporateShimsBase.cs:line 227&#xD;
   at VideoOS.Platform.Proxy.ConfigApi.ConfigurationApiItemWrapper..ctor(ServerId serverId, String path) in D:\actions-runner\_work\XPCO\XPCO\MIP\PlatformPlugin\VideoOS.Platform\src\Proxy\ConfigApi\ConfigurationApiItemWrapper.cs:line 104&#xD;
   at VideoOS.Platform.ConfigurationItems.Factory.IsItemTypeSupported(ServerId serverId, String itemType) in D:\actions-runner\_work\XPCO\XPCO\MIP\PlatformPlugin\VideoOS.Platform\src\ConfigurationItems\Factory.cs:line 464&#xD;
&#xD;
Factory.IsItemTypeSupportedFactory.IsItemTypeSupported ()The method or operation is not implemented.   at VideoOS.Platform.SDKUnittest.EnvironmentTests.TestConfigurationClientService.GetItem(String path) in D:\actions-runner\_work\XPCO\XPCO\MIP\MIPSDK\tst\VideoOS.Platform.SDK.UnitTests\EnvironmentTests\TestsWithCorporateShimsBase.cs:line 227&#xD;
   at VideoOS.Platform.Proxy.ConfigApi.ConfigurationApiItemWrapper..ctor(ServerId serverId, String path) in D:\actions-runner\_work\XPCO\XPCO\MIP\PlatformPlugin\VideoOS.Platform\src\Proxy\ConfigApi\ConfigurationApiItemWrapper.cs:line 104&#xD;
   at VideoOS.Platform.ConfigurationItems.Factory.IsItemTypeSupported(ServerId serverId, String itemType) in D:\actions-runner\_work\XPCO\XPCO\MIP\PlatformPlugin\VideoOS.Platform\src\ConfigurationItems\Factory.cs:line 464&#xD;
MIP: Error: LoginServerOauth (): https://1.2.3.5:55/ManagementServer/ServerCommandServiceOAuth.svc The method or operation is not implemented.&#xD;
MIP: Error: ConfigurationApiItemWrapper (): ConfigAPI GetItem(): System.NotImplementedException, The method or operation is not implemented.&#xD;
MIP: Error: Factory.IsItemTypeSupported (): Exception source:      VideoOS.Platform.SDK.UnitTests&#xD;
Exception type:        System.NotImplementedException&#xD;
Exception message:     The method or operation is not implemented.&#xD;
Exception target site: GetItem&#xD;
   at VideoOS.Platform.SDKUnittest.EnvironmentTests.TestConfigurationClientService.GetItem(String path) in D:\actions-runner\_work\XPCO\XPCO\MIP\MIPSDK\tst\VideoOS.Platform.SDK.UnitTests\EnvironmentTests\TestsWithCorporateShimsBase.cs:line 227&#xD;
   at VideoOS.Platform.Proxy.ConfigApi.ConfigurationApiItemWrapper..ctor(ServerId serverId, String path) in D:\actions-runner\_work\XPCO\XPCO\MIP\PlatformPlugin\VideoOS.Platform\src\Proxy\ConfigApi\ConfigurationApiItemWrapper.cs:line 104&#xD;
   at VideoOS.Platform.ConfigurationItems.Factory.IsItemTypeSupported(ServerId serverId, String itemType) in D:\actions-runner\_work\XPCO\XPCO\MIP\PlatformPlugin\VideoOS.Platform\src\ConfigurationItems\Factory.cs:line 464&#xD;
&#xD;
Factory.IsItemTypeSupportedFactory.IsItemTypeSupported ()The method or operation is not implemented.   at VideoOS.Platform.SDKUnittest.EnvironmentTests.TestConfigurationClientService.GetItem(String path) in D:\actions-runner\_work\XPCO\XPCO\MIP\MIPSDK\tst\VideoOS.Platform.SDK.UnitTests\EnvironmentTests\TestsWithCorporateShimsBase.cs:line 227&#xD;
   at VideoOS.Platform.Proxy.ConfigApi.ConfigurationApiItemWrapper..ctor(ServerId serverId, String path) in D:\actions-runner\_work\XPCO\XPCO\MIP\PlatformPlugin\VideoOS.Platform\src\Proxy\ConfigApi\ConfigurationApiItemWrapper.cs:line 104&#xD;
   at VideoOS.Platform.ConfigurationItems.Factory.IsItemTypeSupported(ServerId serverId, String itemType) in D:\actions-runner\_work\XPCO\XPCO\MIP\PlatformPlugin\VideoOS.Platform\src\ConfigurationItems\Factory.cs:line 464&#xD;
MIP: Error: GetConfiguration (): CustomSetting not found for the given platformDefinitionId: e145597a-ecaf-40a1-99e6-14bb9d45a09e&#xD;
MIP: Error: ConfigurationApiItemWrapper (): ConfigAPI GetItem(): System.NotImplementedException, The method or operation is not implemented.&#xD;
MIP: Error: Factory.IsItemTypeSupported (): Exception source:      VideoOS.Platform.SDK.UnitTests&#xD;
Exception type:        System.NotImplementedException&#xD;
Exception message:     The method or operation is not implemented.&#xD;
Exception target site: GetItem&#xD;
   at VideoOS.Platform.SDKUnittest.EnvironmentTests.TestConfigurationClientService.GetItem(String path) in D:\actions-runner\_work\XPCO\XPCO\MIP\MIPSDK\tst\VideoOS.Platform.SDK.UnitTests\EnvironmentTests\TestsWithCorporateShimsBase.cs:line 227&#xD;
   at VideoOS.Platform.Proxy.ConfigApi.ConfigurationApiItemWrapper..ctor(ServerId serverId, String path) in D:\actions-runner\_work\XPCO\XPCO\MIP\PlatformPlugin\VideoOS.Platform\src\Proxy\ConfigApi\ConfigurationApiItemWrapper.cs:line 104&#xD;
   at VideoOS.Platform.ConfigurationItems.Factory.IsItemTypeSupported(ServerId serverId, String itemType) in D:\actions-runner\_work\XPCO\XPCO\MIP\PlatformPlugin\VideoOS.Platform\src\ConfigurationItems\Factory.cs:line 464&#xD;
&#xD;
Factory.IsItemTypeSupportedFactory.IsItemTypeSupported ()The method or operation is not implemented.   at VideoOS.Platform.SDKUnittest.EnvironmentTests.TestConfigurationClientService.GetItem(String path) in D:\actions-runner\_work\XPCO\XPCO\MIP\MIPSDK\tst\VideoOS.Platform.SDK.UnitTests\EnvironmentTests\TestsWithCorporateShimsBase.cs:line 227&#xD;
   at VideoOS.Platform.Proxy.ConfigApi.ConfigurationApiItemWrapper..ctor(ServerId serverId, String path) in D:\actions-runner\_work\XPCO\XPCO\MIP\PlatformPlugin\VideoOS.Platform\src\Proxy\ConfigApi\ConfigurationApiItemWrapper.cs:line 104&#xD;
   at VideoOS.Platform.ConfigurationItems.Factory.IsItemTypeSupported(ServerId serverId, String itemType) in D:\actions-runner\_work\XPCO\XPCO\MIP\PlatformPlugin\VideoOS.Platform\src\ConfigurationItems\Factory.cs:line 464&#xD;
MIP: Error: LoginServerOauth (): https://1.2.3.5:55/ManagementServer/ServerCommandServiceOAuth.svc The method or operation is not implemented.&#xD;
MIP: Error: ConfigurationApiItemWrapper (): ConfigAPI GetItem(): System.NotImplementedException, The method or operation is not implemented.&#xD;
MIP: Error: Factory.IsItemTypeSupported (): Exception source:      VideoOS.Platform.SDK.UnitTests&#xD;
Exception type:        System.NotImplementedException&#xD;
Exception message:     The method or operation is not implemented.&#xD;
Exception target site: GetItem&#xD;
   at VideoOS.Platform.SDKUnittest.EnvironmentTests.TestConfigurationClientService.GetItem(String path) in D:\actions-runner\_work\XPCO\XPCO\MIP\MIPSDK\tst\VideoOS.Platform.SDK.UnitTests\EnvironmentTests\TestsWithCorporateShimsBase.cs:line 227&#xD;
   at VideoOS.Platform.Proxy.ConfigApi.ConfigurationApiItemWrapper..ctor(ServerId serverId, String path) in D:\actions-runner\_work\XPCO\XPCO\MIP\PlatformPlugin\VideoOS.Platform\src\Proxy\ConfigApi\ConfigurationApiItemWrapper.cs:line 104&#xD;
   at VideoOS.Platform.ConfigurationItems.Factory.IsItemTypeSupported(ServerId serverId, String itemType) in D:\actions-runner\_work\XPCO\XPCO\MIP\PlatformPlugin\VideoOS.Platform\src\ConfigurationItems\Factory.cs:line 464&#xD;
&#xD;
Factory.IsItemTypeSupportedFactory.IsItemTypeSupported ()The method or operation is not implemented.   at VideoOS.Platform.SDKUnittest.EnvironmentTests.TestConfigurationClientService.GetItem(String path) in D:\actions-runner\_work\XPCO\XPCO\MIP\MIPSDK\tst\VideoOS.Platform.SDK.UnitTests\EnvironmentTests\TestsWithCorporateShimsBase.cs:line 227&#xD;
   at VideoOS.Platform.Proxy.ConfigApi.ConfigurationApiItemWrapper..ctor(ServerId serverId, String path) in D:\actions-runner\_work\XPCO\XPCO\MIP\PlatformPlugin\VideoOS.Platform\src\Proxy\ConfigApi\ConfigurationApiItemWrapper.cs:line 104&#xD;
   at VideoOS.Platform.ConfigurationItems.Factory.IsItemTypeSupported(ServerId serverId, String itemType) in D:\actions-runner\_work\XPCO\XPCO\MIP\PlatformPlugin\VideoOS.Platform\src\ConfigurationItems\Factory.cs:line 464&#xD;
MIP: Error: ConfigurationApiItemWrapper (): ConfigAPI GetItem(): System.NotImplementedException, The method or operation is not implemented.&#xD;
MIP: Error: Factory.IsItemTypeSupported (): Exception source:      VideoOS.Platform.SDK.UnitTests&#xD;
Exception type:        System.NotImplementedException&#xD;
Exception message:     The method or operation is not implemented.&#xD;
Exception target site: GetItem&#xD;
   at VideoOS.Platform.SDKUnittest.EnvironmentTests.TestConfigurationClientService.GetItem(String path) in D:\actions-runner\_work\XPCO\XPCO\MIP\MIPSDK\tst\VideoOS.Platform.SDK.UnitTests\EnvironmentTests\TestsWithCorporateShimsBase.cs:line 227&#xD;
   at VideoOS.Platform.Proxy.ConfigApi.ConfigurationApiItemWrapper..ctor(ServerId serverId, String path) in D:\actions-runner\_work\XPCO\XPCO\MIP\PlatformPlugin\VideoOS.Platform\src\Proxy\ConfigApi\ConfigurationApiItemWrapper.cs:line 104&#xD;
   at VideoOS.Platform.ConfigurationItems.Factory.IsItemTypeSupported(ServerId serverId, String itemType) in D:\actions-runner\_work\XPCO\XPCO\MIP\PlatformPlugin\VideoOS.Platform\src\ConfigurationItems\Factory.cs:line 464&#xD;
&#xD;
Factory.IsItemTypeSupportedFactory.IsItemTypeSupported ()The method or operation is not implemented.   at VideoOS.Platform.SDKUnittest.EnvironmentTests.TestConfigurationClientService.GetItem(String path) in D:\actions-runner\_work\XPCO\XPCO\MIP\MIPSDK\tst\VideoOS.Platform.SDK.UnitTests\EnvironmentTests\TestsWithCorporateShimsBase.cs:line 227&#xD;
   at VideoOS.Platform.Proxy.ConfigApi.ConfigurationApiItemWrapper..ctor(ServerId serverId, String path) in D:\actions-runner\_work\XPCO\XPCO\MIP\PlatformPlugin\VideoOS.Platform\src\Proxy\ConfigApi\ConfigurationApiItemWrapper.cs:line 104&#xD;
   at VideoOS.Platform.ConfigurationItems.Factory.IsItemTypeSupported(ServerId serverId, String itemType) in D:\actions-runner\_work\XPCO\XPCO\MIP\PlatformPlugin\VideoOS.Platform\src\ConfigurationItems\Factory.cs:line 464&#xD;
MIP: Error: LoginServerOauth (): https://1.2.3.5:55/ManagementServer/ServerCommandServiceOAuth.svc The method or operation is not implemented.&#xD;
MIP: Error: ConfigurationApiItemWrapper (): ConfigAPI GetItem(): System.NotImplementedException, The method or operation is not implemented.&#xD;
MIP: Error: Factory.IsItemTypeSupported (): Exception source:      VideoOS.Platform.SDK.UnitTests&#xD;
Exception type:        System.NotImplementedException&#xD;
Exception message:     The method or operation is not implemented.&#xD;
Exception target site: GetItem&#xD;
   at VideoOS.Platform.SDKUnittest.EnvironmentTests.TestConfigurationClientService.GetItem(String path) in D:\actions-runner\_work\XPCO\XPCO\MIP\MIPSDK\tst\VideoOS.Platform.SDK.UnitTests\EnvironmentTests\TestsWithCorporateShimsBase.cs:line 227&#xD;
   at VideoOS.Platform.Proxy.ConfigApi.ConfigurationApiItemWrapper..ctor(ServerId serverId, String path) in D:\actions-runner\_work\XPCO\XPCO\MIP\PlatformPlugin\VideoOS.Platform\src\Proxy\ConfigApi\ConfigurationApiItemWrapper.cs:line 104&#xD;
   at VideoOS.Platform.ConfigurationItems.Factory.IsItemTypeSupported(ServerId serverId, String itemType) in D:\actions-runner\_work\XPCO\XPCO\MIP\PlatformPlugin\VideoOS.Platform\src\ConfigurationItems\Factory.cs:line 464&#xD;
&#xD;
Factory.IsItemTypeSupportedFactory.IsItemTypeSupported ()The method or operation is not implemented.   at VideoOS.Platform.SDKUnittest.EnvironmentTests.TestConfigurationClientService.GetItem(String path) in D:\actions-runner\_work\XPCO\XPCO\MIP\MIPSDK\tst\VideoOS.Platform.SDK.UnitTests\EnvironmentTests\TestsWithCorporateShimsBase.cs:line 227&#xD;
   at VideoOS.Platform.Proxy.ConfigApi.ConfigurationApiItemWrapper..ctor(ServerId serverId, String path) in D:\actions-runner\_work\XPCO\XPCO\MIP\PlatformPlugin\VideoOS.Platform\src\Proxy\ConfigApi\ConfigurationApiItemWrapper.cs:line 104&#xD;
   at VideoOS.Platform.ConfigurationItems.Factory.IsItemTypeSupported(ServerId serverId, String itemType) in D:\actions-runner\_work\XPCO\XPCO\MIP\PlatformPlugin\VideoOS.Platform\src\ConfigurationItems\Factory.cs:line 464&#xD;
MIP: Error: GetConfiguration (): CustomSetting not found for the given platformDefinitionId: e145597a-ecaf-40a1-99e6-14bb9d45a09e&#xD;
MIP: Error: ConfigurationApiItemWrapper (): ConfigAPI GetItem(): System.NotImplementedException, The method or operation is not implemented.&#xD;
MIP: Error: Factory.IsItemTypeSupported (): Exception source:      VideoOS.Platform.SDK.UnitTests&#xD;
Exception type:        System.NotImplementedException&#xD;
Exception message:     The method or operation is not implemented.&#xD;
Exception target site: GetItem&#xD;
   at VideoOS.Platform.SDKUnittest.EnvironmentTests.TestConfigurationClientService.GetItem(String path) in D:\actions-runner\_work\XPCO\XPCO\MIP\MIPSDK\tst\VideoOS.Platform.SDK.UnitTests\EnvironmentTests\TestsWithCorporateShimsBase.cs:line 227&#xD;
   at VideoOS.Platform.Proxy.ConfigApi.ConfigurationApiItemWrapper..ctor(ServerId serverId, String path) in D:\actions-runner\_work\XPCO\XPCO\MIP\PlatformPlugin\VideoOS.Platform\src\Proxy\ConfigApi\ConfigurationApiItemWrapper.cs:line 104&#xD;
   at VideoOS.Platform.ConfigurationItems.Factory.IsItemTypeSupported(ServerId serverId, String itemType) in D:\actions-runner\_work\XPCO\XPCO\MIP\PlatformPlugin\VideoOS.Platform\src\ConfigurationItems\Factory.cs:line 464&#xD;
&#xD;
Factory.IsItemTypeSupportedFactory.IsItemTypeSupported ()The method or operation is not implemented.   at VideoOS.Platform.SDKUnittest.EnvironmentTests.TestConfigurationClientService.GetItem(String path) in D:\actions-runner\_work\XPCO\XPCO\MIP\MIPSDK\tst\VideoOS.Platform.SDK.UnitTests\EnvironmentTests\TestsWithCorporateShimsBase.cs:line 227&#xD;
   at VideoOS.Platform.Proxy.ConfigApi.ConfigurationApiItemWrapper..ctor(ServerId serverId, String path) in D:\actions-runner\_work\XPCO\XPCO\MIP\PlatformPlugin\VideoOS.Platform\src\Proxy\ConfigApi\ConfigurationApiItemWrapper.cs:line 104&#xD;
   at VideoOS.Platform.ConfigurationItems.Factory.IsItemTypeSupported(ServerId serverId, String itemType) in D:\actions-runner\_work\XPCO\XPCO\MIP\PlatformPlugin\VideoOS.Platform\src\ConfigurationItems\Factory.cs:line 464&#xD;
MIP: Error: LoginServerOauth (): https://1.2.3.5:55/ManagementServer/ServerCommandServiceOAuth.svc The method or operation is not implemented.&#xD;
MIP: Error: ConfigurationApiItemWrapper (): ConfigAPI GetItem(): System.NotImplementedException, The method or operation is not implemented.&#xD;
MIP: Error: Factory.IsItemTypeSupported (): Exception source:      VideoOS.Platform.SDK.UnitTests&#xD;
Exception type:        System.NotImplementedException&#xD;
Exception message:     The method or operation is not implemented.&#xD;
Exception target site: GetItem&#xD;
   at VideoOS.Platform.SDKUnittest.EnvironmentTests.TestConfigurationClientService.GetItem(String path) in D:\actions-runner\_work\XPCO\XPCO\MIP\MIPSDK\tst\VideoOS.Platform.SDK.UnitTests\EnvironmentTests\TestsWithCorporateShimsBase.cs:line 227&#xD;
   at VideoOS.Platform.Proxy.ConfigApi.ConfigurationApiItemWrapper..ctor(ServerId serverId, String path) in D:\actions-runner\_work\XPCO\XPCO\MIP\PlatformPlugin\VideoOS.Platform\src\Proxy\ConfigApi\ConfigurationApiItemWrapper.cs:line 104&#xD;
   at VideoOS.Platform.ConfigurationItems.Factory.IsItemTypeSupported(ServerId serverId, String itemType) in D:\actions-runner\_work\XPCO\XPCO\MIP\PlatformPlugin\VideoOS.Platform\src\ConfigurationItems\Factory.cs:line 464&#xD;
&#xD;
Factory.IsItemTypeSupportedFactory.IsItemTypeSupported ()The method or operation is not implemented.   at VideoOS.Platform.SDKUnittest.EnvironmentTests.TestConfigurationClientService.GetItem(String path) in D:\actions-runner\_work\XPCO\XPCO\MIP\MIPSDK\tst\VideoOS.Platform.SDK.UnitTests\EnvironmentTests\TestsWithCorporateShimsBase.cs:line 227&#xD;
   at VideoOS.Platform.Proxy.ConfigApi.ConfigurationApiItemWrapper..ctor(ServerId serverId, String path) in D:\actions-runner\_work\XPCO\XPCO\MIP\PlatformPlugin\VideoOS.Platform\src\Proxy\ConfigApi\ConfigurationApiItemWrapper.cs:line 104&#xD;
   at VideoOS.Platform.ConfigurationItems.Factory.IsItemTypeSupported(ServerId serverId, String itemType) in D:\actions-runner\_work\XPCO\XPCO\MIP\PlatformPlugin\VideoOS.Platform\src\ConfigurationItems\Factory.cs:line 464&#xD;
MIP: Error: ConfigurationApiItemWrapper (): ConfigAPI GetItem(): System.NotImplementedException, The method or operation is not implemented.&#xD;
MIP: Error: Factory.IsItemTypeSupported (): Exception source:      VideoOS.Platform.SDK.UnitTests&#xD;
Exception type:        System.NotImplementedException&#xD;
Exception message:     The method or operation is not implemented.&#xD;
Exception target site: GetItem&#xD;
   at VideoOS.Platform.SDKUnittest.EnvironmentTests.TestConfigurationClientService.GetItem(String path) in D:\actions-runner\_work\XPCO\XPCO\MIP\MIPSDK\tst\VideoOS.Platform.SDK.UnitTests\EnvironmentTests\TestsWithCorporateShimsBase.cs:line 227&#xD;
   at VideoOS.Platform.Proxy.ConfigApi.ConfigurationApiItemWrapper..ctor(ServerId serverId, String path) in D:\actions-runner\_work\XPCO\XPCO\MIP\PlatformPlugin\VideoOS.Platform\src\Proxy\ConfigApi\ConfigurationApiItemWrapper.cs:line 104&#xD;
   at VideoOS.Platform.ConfigurationItems.Factory.IsItemTypeSupported(ServerId serverId, String itemType) in D:\actions-runner\_work\XPCO\XPCO\MIP\PlatformPlugin\VideoOS.Platform\src\ConfigurationItems\Factory.cs:line 464&#xD;
&#xD;
Factory.IsItemTypeSupportedFactory.IsItemTypeSupported ()The method or operation is not implemented.   at VideoOS.Platform.SDKUnittest.EnvironmentTests.TestConfigurationClientService.GetItem(String path) in D:\actions-runner\_work\XPCO\XPCO\MIP\MIPSDK\tst\VideoOS.Platform.SDK.UnitTests\EnvironmentTests\TestsWithCorporateShimsBase.cs:line 227&#xD;
   at VideoOS.Platform.Proxy.ConfigApi.ConfigurationApiItemWrapper..ctor(ServerId serverId, String path) in D:\actions-runner\_work\XPCO\XPCO\MIP\PlatformPlugin\VideoOS.Platform\src\Proxy\ConfigApi\ConfigurationApiItemWrapper.cs:line 104&#xD;
   at VideoOS.Platform.ConfigurationItems.Factory.IsItemTypeSupported(ServerId serverId, String itemType) in D:\actions-runner\_work\XPCO\XPCO\MIP\PlatformPlugin\VideoOS.Platform\src\ConfigurationItems\Factory.cs:line 464&#xD;
MIP: Error: LoginServerOauth (): https://1.2.3.5:55/ManagementServer/ServerCommandServiceOAuth.svc The method or operation is not implemented.&#xD;
MIP: Error: ConfigurationApiItemWrapper (): ConfigAPI GetItem(): System.NotImplementedException, The method or operation is not implemented.&#xD;
MIP: Error: Factory.IsItemTypeSupported (): Exception source:      VideoOS.Platform.SDK.UnitTests&#xD;
Exception type:        System.NotImplementedException&#xD;
Exception message:     The method or operation is not implemented.&#xD;
Exception target site: GetItem&#xD;
   at VideoOS.Platform.SDKUnittest.EnvironmentTests.TestConfigurationClientService.GetItem(String path) in D:\actions-runner\_work\XPCO\XPCO\MIP\MIPSDK\tst\VideoOS.Platform.SDK.UnitTests\EnvironmentTests\TestsWithCorporateShimsBase.cs:line 227&#xD;
   at VideoOS.Platform.Proxy.ConfigApi.ConfigurationApiItemWrapper..ctor(ServerId serverId, String path) in D:\actions-runner\_work\XPCO\XPCO\MIP\PlatformPlugin\VideoOS.Platform\src\Proxy\ConfigApi\ConfigurationApiItemWrapper.cs:line 104&#xD;
   at VideoOS.Platform.ConfigurationItems.Factory.IsItemTypeSupported(ServerId serverId, String itemType) in D:\actions-runner\_work\XPCO\XPCO\MIP\PlatformPlugin\VideoOS.Platform\src\ConfigurationItems\Factory.cs:line 464&#xD;
&#xD;
Factory.IsItemTypeSupportedFactory.IsItemTypeSupported ()The method or operation is not implemented.   at VideoOS.Platform.SDKUnittest.EnvironmentTests.TestConfigurationClientService.GetItem(String path) in D:\actions-runner\_work\XPCO\XPCO\MIP\MIPSDK\tst\VideoOS.Platform.SDK.UnitTests\EnvironmentTests\TestsWithCorporateShimsBase.cs:line 227&#xD;
   at VideoOS.Platform.Proxy.ConfigApi.ConfigurationApiItemWrapper..ctor(ServerId serverId, String path) in D:\actions-runner\_work\XPCO\XPCO\MIP\PlatformPlugin\VideoOS.Platform\src\Proxy\ConfigApi\ConfigurationApiItemWrapper.cs:line 104&#xD;
   at VideoOS.Platform.ConfigurationItems.Factory.IsItemTypeSupported(ServerId serverId, String itemType) in D:\actions-runner\_work\XPCO\XPCO\MIP\PlatformPlugin\VideoOS.Platform\src\ConfigurationItems\Factory.cs:line 464&#xD;
MIP: Error: GetConfiguration (): CustomSetting not found for the given platformDefinitionId: e145597a-ecaf-40a1-99e6-14bb9d45a09e&#xD;
MIP: Error: ConfigurationApiItemWrapper (): ConfigAPI GetItem(): System.NotImplementedException, The method or operation is not implemented.&#xD;
MIP: Error: Factory.IsItemTypeSupported (): Exception source:      VideoOS.Platform.SDK.UnitTests&#xD;
Exception type:        System.NotImplementedException&#xD;
Exception message:     The method or operation is not implemented.&#xD;
Exception target site: GetItem&#xD;
   at VideoOS.Platform.SDKUnittest.EnvironmentTests.TestConfigurationClientService.GetItem(String path) in D:\actions-runner\_work\XPCO\XPCO\MIP\MIPSDK\tst\VideoOS.Platform.SDK.UnitTests\EnvironmentTests\TestsWithCorporateShimsBase.cs:line 227&#xD;
   at VideoOS.Platform.Proxy.ConfigApi.ConfigurationApiItemWrapper..ctor(ServerId serverId, String path) in D:\actions-runner\_work\XPCO\XPCO\MIP\PlatformPlugin\VideoOS.Platform\src\Proxy\ConfigApi\ConfigurationApiItemWrapper.cs:line 104&#xD;
   at VideoOS.Platform.ConfigurationItems.Factory.IsItemTypeSupported(ServerId serverId, String itemType) in D:\actions-runner\_work\XPCO\XPCO\MIP\PlatformPlugin\VideoOS.Platform\src\ConfigurationItems\Factory.cs:line 464&#xD;
&#xD;
Factory.IsItemTypeSupportedFactory.IsItemTypeSupported ()The method or operation is not implemented.   at VideoOS.Platform.SDKUnittest.EnvironmentTests.TestConfigurationClientService.GetItem(String path) in D:\actions-runner\_work\XPCO\XPCO\MIP\MIPSDK\tst\VideoOS.Platform.SDK.UnitTests\EnvironmentTests\TestsWithCorporateShimsBase.cs:line 227&#xD;
   at VideoOS.Platform.Proxy.ConfigApi.ConfigurationApiItemWrapper..ctor(ServerId serverId, String path) in D:\actions-runner\_work\XPCO\XPCO\MIP\PlatformPlugin\VideoOS.Platform\src\Proxy\ConfigApi\ConfigurationApiItemWrapper.cs:line 104&#xD;
   at VideoOS.Platform.ConfigurationItems.Factory.IsItemTypeSupported(ServerId serverId, String itemType) in D:\actions-runner\_work\XPCO\XPCO\MIP\PlatformPlugin\VideoOS.Platform\src\ConfigurationItems\Factory.cs:line 464&#xD;
MIP: Error: LoginServerOauth (): https://1.2.3.5:55/ManagementServer/ServerCommandServiceOAuth.svc The method or operation is not implemented.&#xD;
MIP: Error: ConfigurationApiItemWrapper (): ConfigAPI GetItem(): System.NotImplementedException, The method or operation is not implemented.&#xD;
MIP: Error: Factory.IsItemTypeSupported (): Exception source:      VideoOS.Platform.SDK.UnitTests&#xD;
Exception type:        System.NotImplementedException&#xD;
Exception message:     The method or operation is not implemented.&#xD;
Exception target site: GetItem&#xD;
   at VideoOS.Platform.SDKUnittest.EnvironmentTests.TestConfigurationClientService.GetItem(String path) in D:\actions-runner\_work\XPCO\XPCO\MIP\MIPSDK\tst\VideoOS.Platform.SDK.UnitTests\EnvironmentTests\TestsWithCorporateShimsBase.cs:line 227&#xD;
   at VideoOS.Platform.Proxy.ConfigApi.ConfigurationApiItemWrapper..ctor(ServerId serverId, String path) in D:\actions-runner\_work\XPCO\XPCO\MIP\PlatformPlugin\VideoOS.Platform\src\Proxy\ConfigApi\ConfigurationApiItemWrapper.cs:line 104&#xD;
   at VideoOS.Platform.ConfigurationItems.Factory.IsItemTypeSupported(ServerId serverId, String itemType) in D:\actions-runner\_work\XPCO\XPCO\MIP\PlatformPlugin\VideoOS.Platform\src\ConfigurationItems\Factory.cs:line 464&#xD;
&#xD;
Factory.IsItemTypeSupportedFactory.IsItemTypeSupported ()The method or operation is not implemented.   at VideoOS.Platform.SDKUnittest.EnvironmentTests.TestConfigurationClientService.GetItem(String path) in D:\actions-runner\_work\XPCO\XPCO\MIP\MIPSDK\tst\VideoOS.Platform.SDK.UnitTests\EnvironmentTests\TestsWithCorporateShimsBase.cs:line 227&#xD;
   at VideoOS.Platform.Proxy.ConfigApi.ConfigurationApiItemWrapper..ctor(ServerId serverId, String path) in D:\actions-runner\_work\XPCO\XPCO\MIP\PlatformPlugin\VideoOS.Platform\src\Proxy\ConfigApi\ConfigurationApiItemWrapper.cs:line 104&#xD;
   at VideoOS.Platform.ConfigurationItems.Factory.IsItemTypeSupported(ServerId serverId, String itemType) in D:\actions-runner\_work\XPCO\XPCO\MIP\PlatformPlugin\VideoOS.Platform\src\ConfigurationItems\Factory.cs:line 464&#xD;
MIP: Error: ConfigurationApiItemWrapper (): ConfigAPI GetItem(): System.NotImplementedException, The method or operation is not implemented.&#xD;
MIP: Error: Factory.IsItemTypeSupported (): Exception source:      VideoOS.Platform.SDK.UnitTests&#xD;
Exception type:        System.NotImplementedException&#xD;
Exception message:     The method or operation is not implemented.&#xD;
Exception target site: GetItem&#xD;
   at VideoOS.Platform.SDKUnittest.EnvironmentTests.TestConfigurationClientService.GetItem(String path) in D:\actions-runner\_work\XPCO\XPCO\MIP\MIPSDK\tst\VideoOS.Platform.SDK.UnitTests\EnvironmentTests\TestsWithCorporateShimsBase.cs:line 227&#xD;
   at VideoOS.Platform.Proxy.ConfigApi.ConfigurationApiItemWrapper..ctor(ServerId serverId, String path) in D:\actions-runner\_work\XPCO\XPCO\MIP\PlatformPlugin\VideoOS.Platform\src\Proxy\ConfigApi\ConfigurationApiItemWrapper.cs:line 104&#xD;
   at VideoOS.Platform.ConfigurationItems.Factory.IsItemTypeSupported(ServerId serverId, String itemType) in D:\actions-runner\_work\XPCO\XPCO\MIP\PlatformPlugin\VideoOS.Platform\src\ConfigurationItems\Factory.cs:line 464&#xD;
&#xD;
Factory.IsItemTypeSupportedFactory.IsItemTypeSupported ()The method or operation is not implemented.   at VideoOS.Platform.SDKUnittest.EnvironmentTests.TestConfigurationClientService.GetItem(String path) in D:\actions-runner\_work\XPCO\XPCO\MIP\MIPSDK\tst\VideoOS.Platform.SDK.UnitTests\EnvironmentTests\TestsWithCorporateShimsBase.cs:line 227&#xD;
   at VideoOS.Platform.Proxy.ConfigApi.ConfigurationApiItemWrapper..ctor(ServerId serverId, String path) in D:\actions-runner\_work\XPCO\XPCO\MIP\PlatformPlugin\VideoOS.Platform\src\Proxy\ConfigApi\ConfigurationApiItemWrapper.cs:line 104&#xD;
   at VideoOS.Platform.ConfigurationItems.Factory.IsItemTypeSupported(ServerId serverId, String itemType) in D:\actions-runner\_work\XPCO\XPCO\MIP\PlatformPlugin\VideoOS.Platform\src\ConfigurationItems\Factory.cs:line 464&#xD;
MIP: Error: LoginServerOauth (): https://1.2.3.5:55/ManagementServer/ServerCommandServiceOAuth.svc The method or operation is not implemented.&#xD;
MIP: Error: ConfigurationApiItemWrapper (): ConfigAPI GetItem(): System.NotImplementedException, The method or operation is not implemented.&#xD;
MIP: Error: Factory.IsItemTypeSupported (): Exception source:      VideoOS.Platform.SDK.UnitTests&#xD;
Exception type:        System.NotImplementedException&#xD;
Exception message:     The method or operation is not implemented.&#xD;
Exception target site: GetItem&#xD;
   at VideoOS.Platform.SDKUnittest.EnvironmentTests.TestConfigurationClientService.GetItem(String path) in D:\actions-runner\_work\XPCO\XPCO\MIP\MIPSDK\tst\VideoOS.Platform.SDK.UnitTests\EnvironmentTests\TestsWithCorporateShimsBase.cs:line 227&#xD;
   at VideoOS.Platform.Proxy.ConfigApi.ConfigurationApiItemWrapper..ctor(ServerId serverId, String path) in D:\actions-runner\_work\XPCO\XPCO\MIP\PlatformPlugin\VideoOS.Platform\src\Proxy\ConfigApi\ConfigurationApiItemWrapper.cs:line 104&#xD;
   at VideoOS.Platform.ConfigurationItems.Factory.IsItemTypeSupported(ServerId serverId, String itemType) in D:\actions-runner\_work\XPCO\XPCO\MIP\PlatformPlugin\VideoOS.Platform\src\ConfigurationItems\Factory.cs:line 464&#xD;
&#xD;
Factory.IsItemTypeSupportedFactory.IsItemTypeSupported ()The method or operation is not implemented.   at VideoOS.Platform.SDKUnittest.EnvironmentTests.TestConfigurationClientService.GetItem(String path) in D:\actions-runner\_work\XPCO\XPCO\MIP\MIPSDK\tst\VideoOS.Platform.SDK.UnitTests\EnvironmentTests\TestsWithCorporateShimsBase.cs:line 227&#xD;
   at VideoOS.Platform.Proxy.ConfigApi.ConfigurationApiItemWrapper..ctor(ServerId serverId, String path) in D:\actions-runner\_work\XPCO\XPCO\MIP\PlatformPlugin\VideoOS.Platform\src\Proxy\ConfigApi\ConfigurationApiItemWrapper.cs:line 104&#xD;
   at VideoOS.Platform.ConfigurationItems.Factory.IsItemTypeSupported(ServerId serverId, String itemType) in D:\actions-runner\_work\XPCO\XPCO\MIP\PlatformPlugin\VideoOS.Platform\src\ConfigurationItems\Factory.cs:line 464&#xD;
MIP: Error: GetConfiguration (): CustomSetting not found for the given platformDefinitionId: e145597a-ecaf-40a1-99e6-14bb9d45a09e&#xD;
MIP: Error: ConfigurationApiItemWrapper (): ConfigAPI GetItem(): System.NotImplementedException, The method or operation is not implemented.&#xD;
MIP: Error: Factory.IsItemTypeSupported (): Exception source:      VideoOS.Platform.SDK.UnitTests&#xD;
Exception type:        System.NotImplementedException&#xD;
Exception message:     The method or operation is not implemented.&#xD;
Exception target site: GetItem&#xD;
   at VideoOS.Platform.SDKUnittest.EnvironmentTests.TestConfigurationClientService.GetItem(String path) in D:\actions-runner\_work\XPCO\XPCO\MIP\MIPSDK\tst\VideoOS.Platform.SDK.UnitTests\EnvironmentTests\TestsWithCorporateShimsBase.cs:line 227&#xD;
   at VideoOS.Platform.Proxy.ConfigApi.ConfigurationApiItemWrapper..ctor(ServerId serverId, String path) in D:\actions-runner\_work\XPCO\XPCO\MIP\PlatformPlugin\VideoOS.Platform\src\Proxy\ConfigApi\ConfigurationApiItemWrapper.cs:line 104&#xD;
   at VideoOS.Platform.ConfigurationItems.Factory.IsItemTypeSupported(ServerId serverId, String itemType) in D:\actions-runner\_work\XPCO\XPCO\MIP\PlatformPlugin\VideoOS.Platform\src\ConfigurationItems\Factory.cs:line 464&#xD;
&#xD;
Factory.IsItemTypeSupportedFactory.IsItemTypeSupported ()The method or operation is not implemented.   at VideoOS.Platform.SDKUnittest.EnvironmentTests.TestConfigurationClientService.GetItem(String path) in D:\actions-runner\_work\XPCO\XPCO\MIP\MIPSDK\tst\VideoOS.Platform.SDK.UnitTests\EnvironmentTests\TestsWithCorporateShimsBase.cs:line 227&#xD;
   at VideoOS.Platform.Proxy.ConfigApi.ConfigurationApiItemWrapper..ctor(ServerId serverId, String path) in D:\actions-runner\_work\XPCO\XPCO\MIP\PlatformPlugin\VideoOS.Platform\src\Proxy\ConfigApi\ConfigurationApiItemWrapper.cs:line 104&#xD;
   at VideoOS.Platform.ConfigurationItems.Factory.IsItemTypeSupported(ServerId serverId, String itemType) in D:\actions-runner\_work\XPCO\XPCO\MIP\PlatformPlugin\VideoOS.Platform\src\ConfigurationItems\Factory.cs:line 464&#xD;
MIP: Error: LoginServerOauth (): https://1.2.3.5:55/ManagementServer/ServerCommandServiceOAuth.svc The method or operation is not implemented.</StdOut>
      </Output>
    </UnitTestResult>
    <UnitTestResult executionId="f2413b9d-f804-46b8-b85e-f195475b664f" testId="96c1c139-ef84-2793-7b75-ec53f5430e80" testName="CompareFail" computerName="DKSR-EFI-06" duration="00:00:00.0010181" startTime="2024-01-09T15:46:05.0867896+01:00" endTime="2024-01-09T15:46:05.0879449+01:00" testType="13cdc9d9-ddb5-4fa4-a97d-d965ccfc6d4b" outcome="Passed" testListId="8c84fa94-04c1-424b-9868-57a2d4851a1d" relativeResultsDirectory="f2413b9d-f804-46b8-b85e-f195475b664f" />
    <UnitTestResult executionId="e48ff347-42ef-4bcb-bde5-1e7645b29b85" testId="704ef10a-b575-fe4f-2673-b021ecba942f" testName="StripXmlHeader_WhenEmptyString_ReturnsEmpty" computerName="DKSR-EFI-06" duration="00:00:00.0001358" startTime="2024-01-09T15:46:03.4595355+01:00" endTime="2024-01-09T15:46:03.4597686+01:00" testType="13cdc9d9-ddb5-4fa4-a97d-d965ccfc6d4b" outcome="Passed" testListId="8c84fa94-04c1-424b-9868-57a2d4851a1d" relativeResultsDirectory="e48ff347-42ef-4bcb-bde5-1e7645b29b85" />
    <UnitTestResult executionId="02a7f2c3-4376-48c8-a461-0f8a0edba183" testId="0d04ce70-8f8e-5be6-d205-e559df63652c" testName="Given_Connected_When_AddSubscriptionSuccesful_Then_ASubscriptionIdIsReturned" computerName="DKSR-EFI-06" duration="00:00:00.0072491" startTime="2024-01-09T15:46:05.3780862+01:00" endTime="2024-01-09T15:46:05.3856690+01:00" testType="13cdc9d9-ddb5-4fa4-a97d-d965ccfc6d4b" outcome="Passed" testListId="8c84fa94-04c1-424b-9868-57a2d4851a1d" relativeResultsDirectory="02a7f2c3-4376-48c8-a461-0f8a0edba183" />
    <UnitTestResult executionId="41a6e065-d754-40b3-8b72-d1af3ae82a78" testId="f830c93a-4e43-13d6-c3ab-367476959177" testName="Close_WhenNotNull_Success" computerName="DKSR-EFI-06" duration="00:00:00.0612608" startTime="2024-01-09T15:46:05.0901360+01:00" endTime="2024-01-09T15:46:05.1517232+01:00" testType="13cdc9d9-ddb5-4fa4-a97d-d965ccfc6d4b" outcome="Passed" testListId="8c84fa94-04c1-424b-9868-57a2d4851a1d" relativeResultsDirectory="41a6e065-d754-40b3-8b72-d1af3ae82a78" />
    <UnitTestResult executionId="856a8869-fb45-4086-a0a5-5b51e25bac4d" testId="01728557-d0ee-3bd0-5338-38b6c6daa989" testName="Close_WhenNull_NoException" computerName="DKSR-EFI-06" duration="00:00:00.0001876" startTime="2024-01-09T15:46:05.1525865+01:00" endTime="2024-01-09T15:46:05.1529811+01:00" testType="13cdc9d9-ddb5-4fa4-a97d-d965ccfc6d4b" outcome="Passed" testListId="8c84fa94-04c1-424b-9868-57a2d4851a1d" relativeResultsDirectory="856a8869-fb45-4086-a0a5-5b51e25bac4d" />
    <UnitTestResult executionId="ac400c9a-c339-4688-8255-cb930abed2ec" testId="5c75fd4c-e523-4c4d-59cb-37282a3e3596" testName="XpcoServerConnectedSuccess" computerName="DKSR-EFI-06" duration="00:00:00.0963032" startTime="2024-01-09T15:46:17.4974233+01:00" endTime="2024-01-09T15:46:17.5939899+01:00" testType="13cdc9d9-ddb5-4fa4-a97d-d965ccfc6d4b" outcome="Passed" testListId="8c84fa94-04c1-424b-9868-57a2d4851a1d" relativeResultsDirectory="ac400c9a-c339-4688-8255-cb930abed2ec" />
    <UnitTestResult executionId="d68ca000-75a4-4c47-8a94-f41389a37be2" testId="892ffa70-f349-35d4-9ae8-df9e08b6a0a5" testName="MergeCredentialCache_WhenException_Logs" computerName="DKSR-EFI-06" duration="00:00:00.0034812" startTime="2024-01-09T15:46:04.9326887+01:00" endTime="2024-01-09T15:46:04.9363084+01:00" testType="13cdc9d9-ddb5-4fa4-a97d-d965ccfc6d4b" outcome="Passed" testListId="8c84fa94-04c1-424b-9868-57a2d4851a1d" relativeResultsDirectory="d68ca000-75a4-4c47-8a94-f41389a37be2" />
    <UnitTestResult executionId="7eb208a3-fa2c-4efb-8b84-5d3b21793b84" testId="c7a3417f-3205-4b9e-be6a-d435c0a3e965" testName="CheckInvalidFromString" computerName="DKSR-EFI-06" duration="00:00:00.0080382" startTime="2024-01-09T15:46:05.0319176+01:00" endTime="2024-01-09T15:46:05.0401652+01:00" testType="13cdc9d9-ddb5-4fa4-a97d-d965ccfc6d4b" outcome="Passed" testListId="8c84fa94-04c1-424b-9868-57a2d4851a1d" relativeResultsDirectory="7eb208a3-fa2c-4efb-8b84-5d3b21793b84" />
    <UnitTestResult executionId="a41f0a25-c1fa-482d-b271-82c57ca2f101" testId="3d0614d6-566e-2a0b-aa48-d33230f47a0b" testName="AddServer_WhenParentUriNotNull_UseUserCredentialCache" computerName="DKSR-EFI-06" duration="00:00:00.0151188" startTime="2024-01-09T15:46:03.0915492+01:00" endTime="2024-01-09T15:46:03.1068262+01:00" testType="13cdc9d9-ddb5-4fa4-a97d-d965ccfc6d4b" outcome="Passed" testListId="8c84fa94-04c1-424b-9868-57a2d4851a1d" relativeResultsDirectory="a41f0a25-c1fa-482d-b271-82c57ca2f101" />
    <UnitTestResult executionId="dd1e9a0c-fe97-4c4a-90ca-6c558f0fc7a8" testId="1d9f532a-78eb-f4e1-0dd2-c5f03d1be90f" testName="StripXmlHeader_WhenHeaderPresent_StripsItOut" computerName="DKSR-EFI-06" duration="00:00:00.0027153" startTime="2024-01-09T15:46:03.4561482+01:00" endTime="2024-01-09T15:46:03.4591219+01:00" testType="13cdc9d9-ddb5-4fa4-a97d-d965ccfc6d4b" outcome="Passed" testListId="8c84fa94-04c1-424b-9868-57a2d4851a1d" relativeResultsDirectory="dd1e9a0c-fe97-4c4a-90ca-6c558f0fc7a8" />
    <UnitTestResult executionId="511d6dda-ea5f-44ee-8270-0bce3c89c040" testId="ec1b8724-7d12-203f-4036-aea2a965aaa8" testName="OutgoingAudioWaveFormatSamplesPerSecond_ShouldBeSet_WhenValueIsAllowed" computerName="DKSR-EFI-06" duration="00:00:00.0002682" startTime="2024-01-09T15:46:23.4917736+01:00" endTime="2024-01-09T15:46:23.4921597+01:00" testType="13cdc9d9-ddb5-4fa4-a97d-d965ccfc6d4b" outcome="Passed" testListId="8c84fa94-04c1-424b-9868-57a2d4851a1d" relativeResultsDirectory="511d6dda-ea5f-44ee-8270-0bce3c89c040" />
    <UnitTestResult executionId="327f0770-4068-44d1-abe1-f6157e90d035" testId="4df6750c-aff6-44b1-13dd-4de227a8986b" testName="InitializeUnitializeInitialize_ShouldCallServiceInitTwice" computerName="DKSR-EFI-06" duration="00:00:00.0024228" startTime="2024-01-09T15:46:03.4469987+01:00" endTime="2024-01-09T15:46:03.4495487+01:00" testType="13cdc9d9-ddb5-4fa4-a97d-d965ccfc6d4b" outcome="Passed" testListId="8c84fa94-04c1-424b-9868-57a2d4851a1d" relativeResultsDirectory="327f0770-4068-44d1-abe1-f6157e90d035" />
    <UnitTestResult executionId="73859c6e-db85-4851-8bc2-625d19b9b6bd" testId="09ad567a-bf9b-551a-1680-c5ab6247ecc6" testName="SchemeCompareOk" computerName="DKSR-EFI-06" duration="00:00:00.0007901" startTime="2024-01-09T15:46:05.0852086+01:00" endTime="2024-01-09T15:46:05.0861645+01:00" testType="13cdc9d9-ddb5-4fa4-a97d-d965ccfc6d4b" outcome="Passed" testListId="8c84fa94-04c1-424b-9868-57a2d4851a1d" relativeResultsDirectory="73859c6e-db85-4851-8bc2-625d19b9b6bd" />
    <UnitTestResult executionId="af16b119-3b01-402a-98b5-893d43a6f915" testId="f71a8f3c-6ec8-1514-8d34-be3746728018" testName="XpcoCameraChecks" computerName="DKSR-EFI-06" duration="00:00:01.2696214" startTime="2024-01-09T15:46:19.9039154+01:00" endTime="2024-01-09T15:46:21.1741436+01:00" testType="13cdc9d9-ddb5-4fa4-a97d-d965ccfc6d4b" outcome="Passed" testListId="8c84fa94-04c1-424b-9868-57a2d4851a1d" relativeResultsDirectory="af16b119-3b01-402a-98b5-893d43a6f915">
      <Output>
        <StdOut>Debug Trace:&#xD;
TopLevelControl returns null. PostMessage may have problems&#xD;
MIP: Error: ConfigurationApiItemWrapper (): ConfigAPI GetItem(): System.NotImplementedException, The method or operation is not implemented.&#xD;
MIP: Error: Factory.IsItemTypeSupported (): Exception source:      VideoOS.Platform.SDK.UnitTests&#xD;
Exception type:        System.NotImplementedException&#xD;
Exception message:     The method or operation is not implemented.&#xD;
Exception target site: GetItem&#xD;
   at VideoOS.Platform.SDKUnittest.EnvironmentTests.TestConfigurationClientService.GetItem(String path) in D:\actions-runner\_work\XPCO\XPCO\MIP\MIPSDK\tst\VideoOS.Platform.SDK.UnitTests\EnvironmentTests\TestsWithCorporateShimsBase.cs:line 227&#xD;
   at VideoOS.Platform.Proxy.ConfigApi.ConfigurationApiItemWrapper..ctor(ServerId serverId, String path) in D:\actions-runner\_work\XPCO\XPCO\MIP\PlatformPlugin\VideoOS.Platform\src\Proxy\ConfigApi\ConfigurationApiItemWrapper.cs:line 104&#xD;
   at VideoOS.Platform.ConfigurationItems.Factory.IsItemTypeSupported(ServerId serverId, String itemType) in D:\actions-runner\_work\XPCO\XPCO\MIP\PlatformPlugin\VideoOS.Platform\src\ConfigurationItems\Factory.cs:line 464&#xD;
&#xD;
Factory.IsItemTypeSupportedFactory.IsItemTypeSupported ()The method or operation is not implemented.   at VideoOS.Platform.SDKUnittest.EnvironmentTests.TestConfigurationClientService.GetItem(String path) in D:\actions-runner\_work\XPCO\XPCO\MIP\MIPSDK\tst\VideoOS.Platform.SDK.UnitTests\EnvironmentTests\TestsWithCorporateShimsBase.cs:line 227&#xD;
   at VideoOS.Platform.Proxy.ConfigApi.ConfigurationApiItemWrapper..ctor(ServerId serverId, String path) in D:\actions-runner\_work\XPCO\XPCO\MIP\PlatformPlugin\VideoOS.Platform\src\Proxy\ConfigApi\ConfigurationApiItemWrapper.cs:line 104&#xD;
   at VideoOS.Platform.ConfigurationItems.Factory.IsItemTypeSupported(ServerId serverId, String itemType) in D:\actions-runner\_work\XPCO\XPCO\MIP\PlatformPlugin\VideoOS.Platform\src\ConfigurationItems\Factory.cs:line 464&#xD;
MIP: Error: GetConfiguration (): CustomSetting not found for the given platformDefinitionId: e145597a-ecaf-40a1-99e6-14bb9d45a09e&#xD;
MIP: Error: ConfigurationApiItemWrapper (): ConfigAPI GetItem(): System.NotImplementedException, The method or operation is not implemented.&#xD;
MIP: Error: Factory.IsItemTypeSupported (): Exception source:      VideoOS.Platform.SDK.UnitTests&#xD;
Exception type:        System.NotImplementedException&#xD;
Exception message:     The method or operation is not implemented.&#xD;
Exception target site: GetItem&#xD;
   at VideoOS.Platform.SDKUnittest.EnvironmentTests.TestConfigurationClientService.GetItem(String path) in D:\actions-runner\_work\XPCO\XPCO\MIP\MIPSDK\tst\VideoOS.Platform.SDK.UnitTests\EnvironmentTests\TestsWithCorporateShimsBase.cs:line 227&#xD;
   at VideoOS.Platform.Proxy.ConfigApi.ConfigurationApiItemWrapper..ctor(ServerId serverId, String path) in D:\actions-runner\_work\XPCO\XPCO\MIP\PlatformPlugin\VideoOS.Platform\src\Proxy\ConfigApi\ConfigurationApiItemWrapper.cs:line 104&#xD;
   at VideoOS.Platform.ConfigurationItems.Factory.IsItemTypeSupported(ServerId serverId, String itemType) in D:\actions-runner\_work\XPCO\XPCO\MIP\PlatformPlugin\VideoOS.Platform\src\ConfigurationItems\Factory.cs:line 464&#xD;
&#xD;
Factory.IsItemTypeSupportedFactory.IsItemTypeSupported ()The method or operation is not implemented.   at VideoOS.Platform.SDKUnittest.EnvironmentTests.TestConfigurationClientService.GetItem(String path) in D:\actions-runner\_work\XPCO\XPCO\MIP\MIPSDK\tst\VideoOS.Platform.SDK.UnitTests\EnvironmentTests\TestsWithCorporateShimsBase.cs:line 227&#xD;
   at VideoOS.Platform.Proxy.ConfigApi.ConfigurationApiItemWrapper..ctor(ServerId serverId, String path) in D:\actions-runner\_work\XPCO\XPCO\MIP\PlatformPlugin\VideoOS.Platform\src\Proxy\ConfigApi\ConfigurationApiItemWrapper.cs:line 104&#xD;
   at VideoOS.Platform.ConfigurationItems.Factory.IsItemTypeSupported(ServerId serverId, String itemType) in D:\actions-runner\_work\XPCO\XPCO\MIP\PlatformPlugin\VideoOS.Platform\src\ConfigurationItems\Factory.cs:line 464&#xD;
MIP: Error: LoginServerOauth (): https://1.2.3.5:55/ManagementServer/ServerCommandServiceOAuth.svc The method or operation is not implemented.&#xD;
MIP: Error: ConfigurationApiItemWrapper (): ConfigAPI GetItem(): System.NotImplementedException, The method or operation is not implemented.&#xD;
MIP: Error: Factory.IsItemTypeSupported (): Exception source:      VideoOS.Platform.SDK.UnitTests&#xD;
Exception type:        System.NotImplementedException&#xD;
Exception message:     The method or operation is not implemented.&#xD;
Exception target site: GetItem&#xD;
   at VideoOS.Platform.SDKUnittest.EnvironmentTests.TestConfigurationClientService.GetItem(String path) in D:\actions-runner\_work\XPCO\XPCO\MIP\MIPSDK\tst\VideoOS.Platform.SDK.UnitTests\EnvironmentTests\TestsWithCorporateShimsBase.cs:line 227&#xD;
   at VideoOS.Platform.Proxy.ConfigApi.ConfigurationApiItemWrapper..ctor(ServerId serverId, String path) in D:\actions-runner\_work\XPCO\XPCO\MIP\PlatformPlugin\VideoOS.Platform\src\Proxy\ConfigApi\ConfigurationApiItemWrapper.cs:line 104&#xD;
   at VideoOS.Platform.ConfigurationItems.Factory.IsItemTypeSupported(ServerId serverId, String itemType) in D:\actions-runner\_work\XPCO\XPCO\MIP\PlatformPlugin\VideoOS.Platform\src\ConfigurationItems\Factory.cs:line 464&#xD;
&#xD;
Factory.IsItemTypeSupportedFactory.IsItemTypeSupported ()The method or operation is not implemented.   at VideoOS.Platform.SDKUnittest.EnvironmentTests.TestConfigurationClientService.GetItem(String path) in D:\actions-runner\_work\XPCO\XPCO\MIP\MIPSDK\tst\VideoOS.Platform.SDK.UnitTests\EnvironmentTests\TestsWithCorporateShimsBase.cs:line 227&#xD;
   at VideoOS.Platform.Proxy.ConfigApi.ConfigurationApiItemWrapper..ctor(ServerId serverId, String path) in D:\actions-runner\_work\XPCO\XPCO\MIP\PlatformPlugin\VideoOS.Platform\src\Proxy\ConfigApi\ConfigurationApiItemWrapper.cs:line 104&#xD;
   at VideoOS.Platform.ConfigurationItems.Factory.IsItemTypeSupported(ServerId serverId, String itemType) in D:\actions-runner\_work\XPCO\XPCO\MIP\PlatformPlugin\VideoOS.Platform\src\ConfigurationItems\Factory.cs:line 464&#xD;
MIP: Error: GetConfiguration (): CustomSetting not found for the given platformDefinitionId: e145597a-ecaf-40a1-99e6-14bb9d45a09e&#xD;
MIP: Error: ConfigurationApiItemWrapper (): ConfigAPI GetItem(): System.NotImplementedException, The method or operation is not implemented.&#xD;
MIP: Error: Factory.IsItemTypeSupported (): Exception source:      VideoOS.Platform.SDK.UnitTests&#xD;
Exception type:        System.NotImplementedException&#xD;
Exception message:     The method or operation is not implemented.&#xD;
Exception target site: GetItem&#xD;
   at VideoOS.Platform.SDKUnittest.EnvironmentTests.TestConfigurationClientService.GetItem(String path) in D:\actions-runner\_work\XPCO\XPCO\MIP\MIPSDK\tst\VideoOS.Platform.SDK.UnitTests\EnvironmentTests\TestsWithCorporateShimsBase.cs:line 227&#xD;
   at VideoOS.Platform.Proxy.ConfigApi.ConfigurationApiItemWrapper..ctor(ServerId serverId, String path) in D:\actions-runner\_work\XPCO\XPCO\MIP\PlatformPlugin\VideoOS.Platform\src\Proxy\ConfigApi\ConfigurationApiItemWrapper.cs:line 104&#xD;
   at VideoOS.Platform.ConfigurationItems.Factory.IsItemTypeSupported(ServerId serverId, String itemType) in D:\actions-runner\_work\XPCO\XPCO\MIP\PlatformPlugin\VideoOS.Platform\src\ConfigurationItems\Factory.cs:line 464&#xD;
&#xD;
Factory.IsItemTypeSupportedFactory.IsItemTypeSupported ()The method or operation is not implemented.   at VideoOS.Platform.SDKUnittest.EnvironmentTests.TestConfigurationClientService.GetItem(String path) in D:\actions-runner\_work\XPCO\XPCO\MIP\MIPSDK\tst\VideoOS.Platform.SDK.UnitTests\EnvironmentTests\TestsWithCorporateShimsBase.cs:line 227&#xD;
   at VideoOS.Platform.Proxy.ConfigApi.ConfigurationApiItemWrapper..ctor(ServerId serverId, String path) in D:\actions-runner\_work\XPCO\XPCO\MIP\PlatformPlugin\VideoOS.Platform\src\Proxy\ConfigApi\ConfigurationApiItemWrapper.cs:line 104&#xD;
   at VideoOS.Platform.ConfigurationItems.Factory.IsItemTypeSupported(ServerId serverId, String itemType) in D:\actions-runner\_work\XPCO\XPCO\MIP\PlatformPlugin\VideoOS.Platform\src\ConfigurationItems\Factory.cs:line 464&#xD;
MIP: Error: LoginServerOauth (): https://1.2.3.5:55/ManagementServer/ServerCommandServiceOAuth.svc The method or operation is not implemented.&#xD;
MIP: Error: ConfigurationApiItemWrapper (): ConfigAPI GetItem(): System.NotImplementedException, The method or operation is not implemented.&#xD;
MIP: Error: Factory.IsItemTypeSupported (): Exception source:      VideoOS.Platform.SDK.UnitTests&#xD;
Exception type:        System.NotImplementedException&#xD;
Exception message:     The method or operation is not implemented.&#xD;
Exception target site: GetItem&#xD;
   at VideoOS.Platform.SDKUnittest.EnvironmentTests.TestConfigurationClientService.GetItem(String path) in D:\actions-runner\_work\XPCO\XPCO\MIP\MIPSDK\tst\VideoOS.Platform.SDK.UnitTests\EnvironmentTests\TestsWithCorporateShimsBase.cs:line 227&#xD;
   at VideoOS.Platform.Proxy.ConfigApi.ConfigurationApiItemWrapper..ctor(ServerId serverId, String path) in D:\actions-runner\_work\XPCO\XPCO\MIP\PlatformPlugin\VideoOS.Platform\src\Proxy\ConfigApi\ConfigurationApiItemWrapper.cs:line 104&#xD;
   at VideoOS.Platform.ConfigurationItems.Factory.IsItemTypeSupported(ServerId serverId, String itemType) in D:\actions-runner\_work\XPCO\XPCO\MIP\PlatformPlugin\VideoOS.Platform\src\ConfigurationItems\Factory.cs:line 464&#xD;
&#xD;
Factory.IsItemTypeSupportedFactory.IsItemTypeSupported ()The method or operation is not implemented.   at VideoOS.Platform.SDKUnittest.EnvironmentTests.TestConfigurationClientService.GetItem(String path) in D:\actions-runner\_work\XPCO\XPCO\MIP\MIPSDK\tst\VideoOS.Platform.SDK.UnitTests\EnvironmentTests\TestsWithCorporateShimsBase.cs:line 227&#xD;
   at VideoOS.Platform.Proxy.ConfigApi.ConfigurationApiItemWrapper..ctor(ServerId serverId, String path) in D:\actions-runner\_work\XPCO\XPCO\MIP\PlatformPlugin\VideoOS.Platform\src\Proxy\ConfigApi\ConfigurationApiItemWrapper.cs:line 104&#xD;
   at VideoOS.Platform.ConfigurationItems.Factory.IsItemTypeSupported(ServerId serverId, String itemType) in D:\actions-runner\_work\XPCO\XPCO\MIP\PlatformPlugin\VideoOS.Platform\src\ConfigurationItems\Factory.cs:line 464&#xD;
MIP: Error: ConfigurationApiItemWrapper (): ConfigAPI GetItem(): System.NotImplementedException, The method or operation is not implemented.&#xD;
MIP: Error: Factory.IsItemTypeSupported (): Exception source:      VideoOS.Platform.SDK.UnitTests&#xD;
Exception type:        System.NotImplementedException&#xD;
Exception message:     The method or operation is not implemented.&#xD;
Exception target site: GetItem&#xD;
   at VideoOS.Platform.SDKUnittest.EnvironmentTests.TestConfigurationClientService.GetItem(String path) in D:\actions-runner\_work\XPCO\XPCO\MIP\MIPSDK\tst\VideoOS.Platform.SDK.UnitTests\EnvironmentTests\TestsWithCorporateShimsBase.cs:line 227&#xD;
   at VideoOS.Platform.Proxy.ConfigApi.ConfigurationApiItemWrapper..ctor(ServerId serverId, String path) in D:\actions-runner\_work\XPCO\XPCO\MIP\PlatformPlugin\VideoOS.Platform\src\Proxy\ConfigApi\ConfigurationApiItemWrapper.cs:line 104&#xD;
   at VideoOS.Platform.ConfigurationItems.Factory.IsItemTypeSupported(ServerId serverId, String itemType) in D:\actions-runner\_work\XPCO\XPCO\MIP\PlatformPlugin\VideoOS.Platform\src\ConfigurationItems\Factory.cs:line 464&#xD;
&#xD;
Factory.IsItemTypeSupportedFactory.IsItemTypeSupported ()The method or operation is not implemented.   at VideoOS.Platform.SDKUnittest.EnvironmentTests.TestConfigurationClientService.GetItem(String path) in D:\actions-runner\_work\XPCO\XPCO\MIP\MIPSDK\tst\VideoOS.Platform.SDK.UnitTests\EnvironmentTests\TestsWithCorporateShimsBase.cs:line 227&#xD;
   at VideoOS.Platform.Proxy.ConfigApi.ConfigurationApiItemWrapper..ctor(ServerId serverId, String path) in D:\actions-runner\_work\XPCO\XPCO\MIP\PlatformPlugin\VideoOS.Platform\src\Proxy\ConfigApi\ConfigurationApiItemWrapper.cs:line 104&#xD;
   at VideoOS.Platform.ConfigurationItems.Factory.IsItemTypeSupported(ServerId serverId, String itemType) in D:\actions-runner\_work\XPCO\XPCO\MIP\PlatformPlugin\VideoOS.Platform\src\ConfigurationItems\Factory.cs:line 464&#xD;
MIP: Error: LoginServerOauth (): https://1.2.3.5:55/ManagementServer/ServerCommandServiceOAuth.svc The method or operation is not implemented.&#xD;
MIP: Error: ConfigurationApiItemWrapper (): ConfigAPI GetItem(): System.NotImplementedException, The method or operation is not implemented.&#xD;
MIP: Error: Factory.IsItemTypeSupported (): Exception source:      VideoOS.Platform.SDK.UnitTests&#xD;
Exception type:        System.NotImplementedException&#xD;
Exception message:     The method or operation is not implemented.&#xD;
Exception target site: GetItem&#xD;
   at VideoOS.Platform.SDKUnittest.EnvironmentTests.TestConfigurationClientService.GetItem(String path) in D:\actions-runner\_work\XPCO\XPCO\MIP\MIPSDK\tst\VideoOS.Platform.SDK.UnitTests\EnvironmentTests\TestsWithCorporateShimsBase.cs:line 227&#xD;
   at VideoOS.Platform.Proxy.ConfigApi.ConfigurationApiItemWrapper..ctor(ServerId serverId, String path) in D:\actions-runner\_work\XPCO\XPCO\MIP\PlatformPlugin\VideoOS.Platform\src\Proxy\ConfigApi\ConfigurationApiItemWrapper.cs:line 104&#xD;
   at VideoOS.Platform.ConfigurationItems.Factory.IsItemTypeSupported(ServerId serverId, String itemType) in D:\actions-runner\_work\XPCO\XPCO\MIP\PlatformPlugin\VideoOS.Platform\src\ConfigurationItems\Factory.cs:line 464&#xD;
&#xD;
Factory.IsItemTypeSupportedFactory.IsItemTypeSupported ()The method or operation is not implemented.   at VideoOS.Platform.SDKUnittest.EnvironmentTests.TestConfigurationClientService.GetItem(String path) in D:\actions-runner\_work\XPCO\XPCO\MIP\MIPSDK\tst\VideoOS.Platform.SDK.UnitTests\EnvironmentTests\TestsWithCorporateShimsBase.cs:line 227&#xD;
   at VideoOS.Platform.Proxy.ConfigApi.ConfigurationApiItemWrapper..ctor(ServerId serverId, String path) in D:\actions-runner\_work\XPCO\XPCO\MIP\PlatformPlugin\VideoOS.Platform\src\Proxy\ConfigApi\ConfigurationApiItemWrapper.cs:line 104&#xD;
   at VideoOS.Platform.ConfigurationItems.Factory.IsItemTypeSupported(ServerId serverId, String itemType) in D:\actions-runner\_work\XPCO\XPCO\MIP\PlatformPlugin\VideoOS.Platform\src\ConfigurationItems\Factory.cs:line 464&#xD;
MIP: Error: GetConfiguration (): CustomSetting not found for the given platformDefinitionId: e145597a-ecaf-40a1-99e6-14bb9d45a09e&#xD;
MIP: Error: ConfigurationApiItemWrapper (): ConfigAPI GetItem(): System.NotImplementedException, The method or operation is not implemented.&#xD;
MIP: Error: Factory.IsItemTypeSupported (): Exception source:      VideoOS.Platform.SDK.UnitTests&#xD;
Exception type:        System.NotImplementedException&#xD;
Exception message:     The method or operation is not implemented.&#xD;
Exception target site: GetItem&#xD;
   at VideoOS.Platform.SDKUnittest.EnvironmentTests.TestConfigurationClientService.GetItem(String path) in D:\actions-runner\_work\XPCO\XPCO\MIP\MIPSDK\tst\VideoOS.Platform.SDK.UnitTests\EnvironmentTests\TestsWithCorporateShimsBase.cs:line 227&#xD;
   at VideoOS.Platform.Proxy.ConfigApi.ConfigurationApiItemWrapper..ctor(ServerId serverId, String path) in D:\actions-runner\_work\XPCO\XPCO\MIP\PlatformPlugin\VideoOS.Platform\src\Proxy\ConfigApi\ConfigurationApiItemWrapper.cs:line 104&#xD;
   at VideoOS.Platform.ConfigurationItems.Factory.IsItemTypeSupported(ServerId serverId, String itemType) in D:\actions-runner\_work\XPCO\XPCO\MIP\PlatformPlugin\VideoOS.Platform\src\ConfigurationItems\Factory.cs:line 464&#xD;
&#xD;
Factory.IsItemTypeSupportedFactory.IsItemTypeSupported ()The method or operation is not implemented.   at VideoOS.Platform.SDKUnittest.EnvironmentTests.TestConfigurationClientService.GetItem(String path) in D:\actions-runner\_work\XPCO\XPCO\MIP\MIPSDK\tst\VideoOS.Platform.SDK.UnitTests\EnvironmentTests\TestsWithCorporateShimsBase.cs:line 227&#xD;
   at VideoOS.Platform.Proxy.ConfigApi.ConfigurationApiItemWrapper..ctor(ServerId serverId, String path) in D:\actions-runner\_work\XPCO\XPCO\MIP\PlatformPlugin\VideoOS.Platform\src\Proxy\ConfigApi\ConfigurationApiItemWrapper.cs:line 104&#xD;
   at VideoOS.Platform.ConfigurationItems.Factory.IsItemTypeSupported(ServerId serverId, String itemType) in D:\actions-runner\_work\XPCO\XPCO\MIP\PlatformPlugin\VideoOS.Platform\src\ConfigurationItems\Factory.cs:line 464&#xD;
MIP: Error: LoginServerOauth (): https://1.2.3.5:55/ManagementServer/ServerCommandServiceOAuth.svc The method or operation is not implemented.&#xD;
MIP: Error: ConfigurationApiItemWrapper (): ConfigAPI GetItem(): System.NotImplementedException, The method or operation is not implemented.&#xD;
MIP: Error: Factory.IsItemTypeSupported (): Exception source:      VideoOS.Platform.SDK.UnitTests&#xD;
Exception type:        System.NotImplementedException&#xD;
Exception message:     The method or operation is not implemented.&#xD;
Exception target site: GetItem&#xD;
   at VideoOS.Platform.SDKUnittest.EnvironmentTests.TestConfigurationClientService.GetItem(String path) in D:\actions-runner\_work\XPCO\XPCO\MIP\MIPSDK\tst\VideoOS.Platform.SDK.UnitTests\EnvironmentTests\TestsWithCorporateShimsBase.cs:line 227&#xD;
   at VideoOS.Platform.Proxy.ConfigApi.ConfigurationApiItemWrapper..ctor(ServerId serverId, String path) in D:\actions-runner\_work\XPCO\XPCO\MIP\PlatformPlugin\VideoOS.Platform\src\Proxy\ConfigApi\ConfigurationApiItemWrapper.cs:line 104&#xD;
   at VideoOS.Platform.ConfigurationItems.Factory.IsItemTypeSupported(ServerId serverId, String itemType) in D:\actions-runner\_work\XPCO\XPCO\MIP\PlatformPlugin\VideoOS.Platform\src\ConfigurationItems\Factory.cs:line 464&#xD;
&#xD;
Factory.IsItemTypeSupportedFactory.IsItemTypeSupported ()The method or operation is not implemented.   at VideoOS.Platform.SDKUnittest.EnvironmentTests.TestConfigurationClientService.GetItem(String path) in D:\actions-runner\_work\XPCO\XPCO\MIP\MIPSDK\tst\VideoOS.Platform.SDK.UnitTests\EnvironmentTests\TestsWithCorporateShimsBase.cs:line 227&#xD;
   at VideoOS.Platform.Proxy.ConfigApi.ConfigurationApiItemWrapper..ctor(ServerId serverId, String path) in D:\actions-runner\_work\XPCO\XPCO\MIP\PlatformPlugin\VideoOS.Platform\src\Proxy\ConfigApi\ConfigurationApiItemWrapper.cs:line 104&#xD;
   at VideoOS.Platform.ConfigurationItems.Factory.IsItemTypeSupported(ServerId serverId, String itemType) in D:\actions-runner\_work\XPCO\XPCO\MIP\PlatformPlugin\VideoOS.Platform\src\ConfigurationItems\Factory.cs:line 464&#xD;
MIP: Error: ConfigurationApiItemWrapper (): ConfigAPI GetItem(): System.NotImplementedException, The method or operation is not implemented.&#xD;
MIP: Error: Factory.IsItemTypeSupported (): Exception source:      VideoOS.Platform.SDK.UnitTests&#xD;
Exception type:        System.NotImplementedException&#xD;
Exception message:     The method or operation is not implemented.&#xD;
Exception target site: GetItem&#xD;
   at VideoOS.Platform.SDKUnittest.EnvironmentTests.TestConfigurationClientService.GetItem(String path) in D:\actions-runner\_work\XPCO\XPCO\MIP\MIPSDK\tst\VideoOS.Platform.SDK.UnitTests\EnvironmentTests\TestsWithCorporateShimsBase.cs:line 227&#xD;
   at VideoOS.Platform.Proxy.ConfigApi.ConfigurationApiItemWrapper..ctor(ServerId serverId, String path) in D:\actions-runner\_work\XPCO\XPCO\MIP\PlatformPlugin\VideoOS.Platform\src\Proxy\ConfigApi\ConfigurationApiItemWrapper.cs:line 104&#xD;
   at VideoOS.Platform.ConfigurationItems.Factory.IsItemTypeSupported(ServerId serverId, String itemType) in D:\actions-runner\_work\XPCO\XPCO\MIP\PlatformPlugin\VideoOS.Platform\src\ConfigurationItems\Factory.cs:line 464&#xD;
&#xD;
Factory.IsItemTypeSupportedFactory.IsItemTypeSupported ()The method or operation is not implemented.   at VideoOS.Platform.SDKUnittest.EnvironmentTests.TestConfigurationClientService.GetItem(String path) in D:\actions-runner\_work\XPCO\XPCO\MIP\MIPSDK\tst\VideoOS.Platform.SDK.UnitTests\EnvironmentTests\TestsWithCorporateShimsBase.cs:line 227&#xD;
   at VideoOS.Platform.Proxy.ConfigApi.ConfigurationApiItemWrapper..ctor(ServerId serverId, String path) in D:\actions-runner\_work\XPCO\XPCO\MIP\PlatformPlugin\VideoOS.Platform\src\Proxy\ConfigApi\ConfigurationApiItemWrapper.cs:line 104&#xD;
   at VideoOS.Platform.ConfigurationItems.Factory.IsItemTypeSupported(ServerId serverId, String itemType) in D:\actions-runner\_work\XPCO\XPCO\MIP\PlatformPlugin\VideoOS.Platform\src\ConfigurationItems\Factory.cs:line 464&#xD;
MIP: Error: LoginServerOauth (): https://1.2.3.5:55/ManagementServer/ServerCommandServiceOAuth.svc The method or operation is not implemented.&#xD;
MIP: Error: ConfigurationApiItemWrapper (): ConfigAPI GetItem(): System.NotImplementedException, The method or operation is not implemented.&#xD;
MIP: Error: Factory.IsItemTypeSupported (): Exception source:      VideoOS.Platform.SDK.UnitTests&#xD;
Exception type:        System.NotImplementedException&#xD;
Exception message:     The method or operation is not implemented.&#xD;
Exception target site: GetItem&#xD;
   at VideoOS.Platform.SDKUnittest.EnvironmentTests.TestConfigurationClientService.GetItem(String path) in D:\actions-runner\_work\XPCO\XPCO\MIP\MIPSDK\tst\VideoOS.Platform.SDK.UnitTests\EnvironmentTests\TestsWithCorporateShimsBase.cs:line 227&#xD;
   at VideoOS.Platform.Proxy.ConfigApi.ConfigurationApiItemWrapper..ctor(ServerId serverId, String path) in D:\actions-runner\_work\XPCO\XPCO\MIP\PlatformPlugin\VideoOS.Platform\src\Proxy\ConfigApi\ConfigurationApiItemWrapper.cs:line 104&#xD;
   at VideoOS.Platform.ConfigurationItems.Factory.IsItemTypeSupported(ServerId serverId, String itemType) in D:\actions-runner\_work\XPCO\XPCO\MIP\PlatformPlugin\VideoOS.Platform\src\ConfigurationItems\Factory.cs:line 464&#xD;
&#xD;
Factory.IsItemTypeSupportedFactory.IsItemTypeSupported ()The method or operation is not implemented.   at VideoOS.Platform.SDKUnittest.EnvironmentTests.TestConfigurationClientService.GetItem(String path) in D:\actions-runner\_work\XPCO\XPCO\MIP\MIPSDK\tst\VideoOS.Platform.SDK.UnitTests\EnvironmentTests\TestsWithCorporateShimsBase.cs:line 227&#xD;
   at VideoOS.Platform.Proxy.ConfigApi.ConfigurationApiItemWrapper..ctor(ServerId serverId, String path) in D:\actions-runner\_work\XPCO\XPCO\MIP\PlatformPlugin\VideoOS.Platform\src\Proxy\ConfigApi\ConfigurationApiItemWrapper.cs:line 104&#xD;
   at VideoOS.Platform.ConfigurationItems.Factory.IsItemTypeSupported(ServerId serverId, String itemType) in D:\actions-runner\_work\XPCO\XPCO\MIP\PlatformPlugin\VideoOS.Platform\src\ConfigurationItems\Factory.cs:line 464&#xD;
MIP: Error: GetConfiguration (): CustomSetting not found for the given platformDefinitionId: e145597a-ecaf-40a1-99e6-14bb9d45a09e&#xD;
MIP: Error: ConfigurationApiItemWrapper (): ConfigAPI GetItem(): System.NotImplementedException, The method or operation is not implemented.&#xD;
MIP: Error: Factory.IsItemTypeSupported (): Exception source:      VideoOS.Platform.SDK.UnitTests&#xD;
Exception type:        System.NotImplementedException&#xD;
Exception message:     The method or operation is not implemented.&#xD;
Exception target site: GetItem&#xD;
   at VideoOS.Platform.SDKUnittest.EnvironmentTests.TestConfigurationClientService.GetItem(String path) in D:\actions-runner\_work\XPCO\XPCO\MIP\MIPSDK\tst\VideoOS.Platform.SDK.UnitTests\EnvironmentTests\TestsWithCorporateShimsBase.cs:line 227&#xD;
   at VideoOS.Platform.Proxy.ConfigApi.ConfigurationApiItemWrapper..ctor(ServerId serverId, String path) in D:\actions-runner\_work\XPCO\XPCO\MIP\PlatformPlugin\VideoOS.Platform\src\Proxy\ConfigApi\ConfigurationApiItemWrapper.cs:line 104&#xD;
   at VideoOS.Platform.ConfigurationItems.Factory.IsItemTypeSupported(ServerId serverId, String itemType) in D:\actions-runner\_work\XPCO\XPCO\MIP\PlatformPlugin\VideoOS.Platform\src\ConfigurationItems\Factory.cs:line 464&#xD;
&#xD;
Factory.IsItemTypeSupportedFactory.IsItemTypeSupported ()The method or operation is not implemented.   at VideoOS.Platform.SDKUnittest.EnvironmentTests.TestConfigurationClientService.GetItem(String path) in D:\actions-runner\_work\XPCO\XPCO\MIP\MIPSDK\tst\VideoOS.Platform.SDK.UnitTests\EnvironmentTests\TestsWithCorporateShimsBase.cs:line 227&#xD;
   at VideoOS.Platform.Proxy.ConfigApi.ConfigurationApiItemWrapper..ctor(ServerId serverId, String path) in D:\actions-runner\_work\XPCO\XPCO\MIP\PlatformPlugin\VideoOS.Platform\src\Proxy\ConfigApi\ConfigurationApiItemWrapper.cs:line 104&#xD;
   at VideoOS.Platform.ConfigurationItems.Factory.IsItemTypeSupported(ServerId serverId, String itemType) in D:\actions-runner\_work\XPCO\XPCO\MIP\PlatformPlugin\VideoOS.Platform\src\ConfigurationItems\Factory.cs:line 464&#xD;
MIP: Error: LoginServerOauth (): https://1.2.3.5:55/ManagementServer/ServerCommandServiceOAuth.svc The method or operation is not implemented.&#xD;
MIP: Error: ConfigurationApiItemWrapper (): ConfigAPI GetItem(): System.NotImplementedException, The method or operation is not implemented.&#xD;
MIP: Error: Factory.IsItemTypeSupported (): Exception source:      VideoOS.Platform.SDK.UnitTests&#xD;
Exception type:        System.NotImplementedException&#xD;
Exception message:     The method or operation is not implemented.&#xD;
Exception target site: GetItem&#xD;
   at VideoOS.Platform.SDKUnittest.EnvironmentTests.TestConfigurationClientService.GetItem(String path) in D:\actions-runner\_work\XPCO\XPCO\MIP\MIPSDK\tst\VideoOS.Platform.SDK.UnitTests\EnvironmentTests\TestsWithCorporateShimsBase.cs:line 227&#xD;
   at VideoOS.Platform.Proxy.ConfigApi.ConfigurationApiItemWrapper..ctor(ServerId serverId, String path) in D:\actions-runner\_work\XPCO\XPCO\MIP\PlatformPlugin\VideoOS.Platform\src\Proxy\ConfigApi\ConfigurationApiItemWrapper.cs:line 104&#xD;
   at VideoOS.Platform.ConfigurationItems.Factory.IsItemTypeSupported(ServerId serverId, String itemType) in D:\actions-runner\_work\XPCO\XPCO\MIP\PlatformPlugin\VideoOS.Platform\src\ConfigurationItems\Factory.cs:line 464&#xD;
&#xD;
Factory.IsItemTypeSupportedFactory.IsItemTypeSupported ()The method or operation is not implemented.   at VideoOS.Platform.SDKUnittest.EnvironmentTests.TestConfigurationClientService.GetItem(String path) in D:\actions-runner\_work\XPCO\XPCO\MIP\MIPSDK\tst\VideoOS.Platform.SDK.UnitTests\EnvironmentTests\TestsWithCorporateShimsBase.cs:line 227&#xD;
   at VideoOS.Platform.Proxy.ConfigApi.ConfigurationApiItemWrapper..ctor(ServerId serverId, String path) in D:\actions-runner\_work\XPCO\XPCO\MIP\PlatformPlugin\VideoOS.Platform\src\Proxy\ConfigApi\ConfigurationApiItemWrapper.cs:line 104&#xD;
   at VideoOS.Platform.ConfigurationItems.Factory.IsItemTypeSupported(ServerId serverId, String itemType) in D:\actions-runner\_work\XPCO\XPCO\MIP\PlatformPlugin\VideoOS.Platform\src\ConfigurationItems\Factory.cs:line 464&#xD;
MIP: Error: ConfigurationApiItemWrapper (): ConfigAPI GetItem(): System.NotImplementedException, The method or operation is not implemented.&#xD;
MIP: Error: Factory.IsItemTypeSupported (): Exception source:      VideoOS.Platform.SDK.UnitTests&#xD;
Exception type:        System.NotImplementedException&#xD;
Exception message:     The method or operation is not implemented.&#xD;
Exception target site: GetItem&#xD;
   at VideoOS.Platform.SDKUnittest.EnvironmentTests.TestConfigurationClientService.GetItem(String path) in D:\actions-runner\_work\XPCO\XPCO\MIP\MIPSDK\tst\VideoOS.Platform.SDK.UnitTests\EnvironmentTests\TestsWithCorporateShimsBase.cs:line 227&#xD;
   at VideoOS.Platform.Proxy.ConfigApi.ConfigurationApiItemWrapper..ctor(ServerId serverId, String path) in D:\actions-runner\_work\XPCO\XPCO\MIP\PlatformPlugin\VideoOS.Platform\src\Proxy\ConfigApi\ConfigurationApiItemWrapper.cs:line 104&#xD;
   at VideoOS.Platform.ConfigurationItems.Factory.IsItemTypeSupported(ServerId serverId, String itemType) in D:\actions-runner\_work\XPCO\XPCO\MIP\PlatformPlugin\VideoOS.Platform\src\ConfigurationItems\Factory.cs:line 464&#xD;
&#xD;
Factory.IsItemTypeSupportedFactory.IsItemTypeSupported ()The method or operation is not implemented.   at VideoOS.Platform.SDKUnittest.EnvironmentTests.TestConfigurationClientService.GetItem(String path) in D:\actions-runner\_work\XPCO\XPCO\MIP\MIPSDK\tst\VideoOS.Platform.SDK.UnitTests\EnvironmentTests\TestsWithCorporateShimsBase.cs:line 227&#xD;
   at VideoOS.Platform.Proxy.ConfigApi.ConfigurationApiItemWrapper..ctor(ServerId serverId, String path) in D:\actions-runner\_work\XPCO\XPCO\MIP\PlatformPlugin\VideoOS.Platform\src\Proxy\ConfigApi\ConfigurationApiItemWrapper.cs:line 104&#xD;
   at VideoOS.Platform.ConfigurationItems.Factory.IsItemTypeSupported(ServerId serverId, String itemType) in D:\actions-runner\_work\XPCO\XPCO\MIP\PlatformPlugin\VideoOS.Platform\src\ConfigurationItems\Factory.cs:line 464&#xD;
MIP: Error: LoginServerOauth (): https://1.2.3.5:55/ManagementServer/ServerCommandServiceOAuth.svc The method or operation is not implemented.&#xD;
MIP: Error: ConfigurationApiItemWrapper (): ConfigAPI GetItem(): System.NotImplementedException, The method or operation is not implemented.&#xD;
MIP: Error: Factory.IsItemTypeSupported (): Exception source:      VideoOS.Platform.SDK.UnitTests&#xD;
Exception type:        System.NotImplementedException&#xD;
Exception message:     The method or operation is not implemented.&#xD;
Exception target site: GetItem&#xD;
   at VideoOS.Platform.SDKUnittest.EnvironmentTests.TestConfigurationClientService.GetItem(String path) in D:\actions-runner\_work\XPCO\XPCO\MIP\MIPSDK\tst\VideoOS.Platform.SDK.UnitTests\EnvironmentTests\TestsWithCorporateShimsBase.cs:line 227&#xD;
   at VideoOS.Platform.Proxy.ConfigApi.ConfigurationApiItemWrapper..ctor(ServerId serverId, String path) in D:\actions-runner\_work\XPCO\XPCO\MIP\PlatformPlugin\VideoOS.Platform\src\Proxy\ConfigApi\ConfigurationApiItemWrapper.cs:line 104&#xD;
   at VideoOS.Platform.ConfigurationItems.Factory.IsItemTypeSupported(ServerId serverId, String itemType) in D:\actions-runner\_work\XPCO\XPCO\MIP\PlatformPlugin\VideoOS.Platform\src\ConfigurationItems\Factory.cs:line 464&#xD;
&#xD;
Factory.IsItemTypeSupportedFactory.IsItemTypeSupported ()The method or operation is not implemented.   at VideoOS.Platform.SDKUnittest.EnvironmentTests.TestConfigurationClientService.GetItem(String path) in D:\actions-runner\_work\XPCO\XPCO\MIP\MIPSDK\tst\VideoOS.Platform.SDK.UnitTests\EnvironmentTests\TestsWithCorporateShimsBase.cs:line 227&#xD;
   at VideoOS.Platform.Proxy.ConfigApi.ConfigurationApiItemWrapper..ctor(ServerId serverId, String path) in D:\actions-runner\_work\XPCO\XPCO\MIP\PlatformPlugin\VideoOS.Platform\src\Proxy\ConfigApi\ConfigurationApiItemWrapper.cs:line 104&#xD;
   at VideoOS.Platform.ConfigurationItems.Factory.IsItemTypeSupported(ServerId serverId, String itemType) in D:\actions-runner\_work\XPCO\XPCO\MIP\PlatformPlugin\VideoOS.Platform\src\ConfigurationItems\Factory.cs:line 464&#xD;
MIP: Error: GetConfiguration (): CustomSetting not found for the given platformDefinitionId: e145597a-ecaf-40a1-99e6-14bb9d45a09e&#xD;
MIP: Error: ConfigurationApiItemWrapper (): ConfigAPI GetItem(): System.NotImplementedException, The method or operation is not implemented.&#xD;
MIP: Error: Factory.IsItemTypeSupported (): Exception source:      VideoOS.Platform.SDK.UnitTests&#xD;
Exception type:        System.NotImplementedException&#xD;
Exception message:     The method or operation is not implemented.&#xD;
Exception target site: GetItem&#xD;
   at VideoOS.Platform.SDKUnittest.EnvironmentTests.TestConfigurationClientService.GetItem(String path) in D:\actions-runner\_work\XPCO\XPCO\MIP\MIPSDK\tst\VideoOS.Platform.SDK.UnitTests\EnvironmentTests\TestsWithCorporateShimsBase.cs:line 227&#xD;
   at VideoOS.Platform.Proxy.ConfigApi.ConfigurationApiItemWrapper..ctor(ServerId serverId, String path) in D:\actions-runner\_work\XPCO\XPCO\MIP\PlatformPlugin\VideoOS.Platform\src\Proxy\ConfigApi\ConfigurationApiItemWrapper.cs:line 104&#xD;
   at VideoOS.Platform.ConfigurationItems.Factory.IsItemTypeSupported(ServerId serverId, String itemType) in D:\actions-runner\_work\XPCO\XPCO\MIP\PlatformPlugin\VideoOS.Platform\src\ConfigurationItems\Factory.cs:line 464&#xD;
&#xD;
Factory.IsItemTypeSupportedFactory.IsItemTypeSupported ()The method or operation is not implemented.   at VideoOS.Platform.SDKUnittest.EnvironmentTests.TestConfigurationClientService.GetItem(String path) in D:\actions-runner\_work\XPCO\XPCO\MIP\MIPSDK\tst\VideoOS.Platform.SDK.UnitTests\EnvironmentTests\TestsWithCorporateShimsBase.cs:line 227&#xD;
   at VideoOS.Platform.Proxy.ConfigApi.ConfigurationApiItemWrapper..ctor(ServerId serverId, String path) in D:\actions-runner\_work\XPCO\XPCO\MIP\PlatformPlugin\VideoOS.Platform\src\Proxy\ConfigApi\ConfigurationApiItemWrapper.cs:line 104&#xD;
   at VideoOS.Platform.ConfigurationItems.Factory.IsItemTypeSupported(ServerId serverId, String itemType) in D:\actions-runner\_work\XPCO\XPCO\MIP\PlatformPlugin\VideoOS.Platform\src\ConfigurationItems\Factory.cs:line 464&#xD;
MIP: Error: LoginServerOauth (): https://1.2.3.5:55/ManagementServer/ServerCommandServiceOAuth.svc The method or operation is not implemented.&#xD;
MIP: Error: ConfigurationApiItemWrapper (): ConfigAPI GetItem(): System.NotImplementedException, The method or operation is not implemented.&#xD;
MIP: Error: Factory.IsItemTypeSupported (): Exception source:      VideoOS.Platform.SDK.UnitTests&#xD;
Exception type:        System.NotImplementedException&#xD;
Exception message:     The method or operation is not implemented.&#xD;
Exception target site: GetItem&#xD;
   at VideoOS.Platform.SDKUnittest.EnvironmentTests.TestConfigurationClientService.GetItem(String path) in D:\actions-runner\_work\XPCO\XPCO\MIP\MIPSDK\tst\VideoOS.Platform.SDK.UnitTests\EnvironmentTests\TestsWithCorporateShimsBase.cs:line 227&#xD;
   at VideoOS.Platform.Proxy.ConfigApi.ConfigurationApiItemWrapper..ctor(ServerId serverId, String path) in D:\actions-runner\_work\XPCO\XPCO\MIP\PlatformPlugin\VideoOS.Platform\src\Proxy\ConfigApi\ConfigurationApiItemWrapper.cs:line 104&#xD;
   at VideoOS.Platform.ConfigurationItems.Factory.IsItemTypeSupported(ServerId serverId, String itemType) in D:\actions-runner\_work\XPCO\XPCO\MIP\PlatformPlugin\VideoOS.Platform\src\ConfigurationItems\Factory.cs:line 464&#xD;
&#xD;
Factory.IsItemTypeSupportedFactory.IsItemTypeSupported ()The method or operation is not implemented.   at VideoOS.Platform.SDKUnittest.EnvironmentTests.TestConfigurationClientService.GetItem(String path) in D:\actions-runner\_work\XPCO\XPCO\MIP\MIPSDK\tst\VideoOS.Platform.SDK.UnitTests\EnvironmentTests\TestsWithCorporateShimsBase.cs:line 227&#xD;
   at VideoOS.Platform.Proxy.ConfigApi.ConfigurationApiItemWrapper..ctor(ServerId serverId, String path) in D:\actions-runner\_work\XPCO\XPCO\MIP\PlatformPlugin\VideoOS.Platform\src\Proxy\ConfigApi\ConfigurationApiItemWrapper.cs:line 104&#xD;
   at VideoOS.Platform.ConfigurationItems.Factory.IsItemTypeSupported(ServerId serverId, String itemType) in D:\actions-runner\_work\XPCO\XPCO\MIP\PlatformPlugin\VideoOS.Platform\src\ConfigurationItems\Factory.cs:line 464&#xD;
MIP: Error: ConfigurationApiItemWrapper (): ConfigAPI GetItem(): System.NotImplementedException, The method or operation is not implemented.&#xD;
MIP: Error: Factory.IsItemTypeSupported (): Exception source:      VideoOS.Platform.SDK.UnitTests&#xD;
Exception type:        System.NotImplementedException&#xD;
Exception message:     The method or operation is not implemented.&#xD;
Exception target site: GetItem&#xD;
   at VideoOS.Platform.SDKUnittest.EnvironmentTests.TestConfigurationClientService.GetItem(String path) in D:\actions-runner\_work\XPCO\XPCO\MIP\MIPSDK\tst\VideoOS.Platform.SDK.UnitTests\EnvironmentTests\TestsWithCorporateShimsBase.cs:line 227&#xD;
   at VideoOS.Platform.Proxy.ConfigApi.ConfigurationApiItemWrapper..ctor(ServerId serverId, String path) in D:\actions-runner\_work\XPCO\XPCO\MIP\PlatformPlugin\VideoOS.Platform\src\Proxy\ConfigApi\ConfigurationApiItemWrapper.cs:line 104&#xD;
   at VideoOS.Platform.ConfigurationItems.Factory.IsItemTypeSupported(ServerId serverId, String itemType) in D:\actions-runner\_work\XPCO\XPCO\MIP\PlatformPlugin\VideoOS.Platform\src\ConfigurationItems\Factory.cs:line 464&#xD;
&#xD;
Factory.IsItemTypeSupportedFactory.IsItemTypeSupported ()The method or operation is not implemented.   at VideoOS.Platform.SDKUnittest.EnvironmentTests.TestConfigurationClientService.GetItem(String path) in D:\actions-runner\_work\XPCO\XPCO\MIP\MIPSDK\tst\VideoOS.Platform.SDK.UnitTests\EnvironmentTests\TestsWithCorporateShimsBase.cs:line 227&#xD;
   at VideoOS.Platform.Proxy.ConfigApi.ConfigurationApiItemWrapper..ctor(ServerId serverId, String path) in D:\actions-runner\_work\XPCO\XPCO\MIP\PlatformPlugin\VideoOS.Platform\src\Proxy\ConfigApi\ConfigurationApiItemWrapper.cs:line 104&#xD;
   at VideoOS.Platform.ConfigurationItems.Factory.IsItemTypeSupported(ServerId serverId, String itemType) in D:\actions-runner\_work\XPCO\XPCO\MIP\PlatformPlugin\VideoOS.Platform\src\ConfigurationItems\Factory.cs:line 464&#xD;
MIP: Error: LoginServerOauth (): https://1.2.3.5:55/ManagementServer/ServerCommandServiceOAuth.svc The method or operation is not implemented.&#xD;
MIP: Error: ConfigurationApiItemWrapper (): ConfigAPI GetItem(): System.NotImplementedException, The method or operation is not implemented.&#xD;
MIP: Error: Factory.IsItemTypeSupported (): Exception source:      VideoOS.Platform.SDK.UnitTests&#xD;
Exception type:        System.NotImplementedException&#xD;
Exception message:     The method or operation is not implemented.&#xD;
Exception target site: GetItem&#xD;
   at VideoOS.Platform.SDKUnittest.EnvironmentTests.TestConfigurationClientService.GetItem(String path) in D:\actions-runner\_work\XPCO\XPCO\MIP\MIPSDK\tst\VideoOS.Platform.SDK.UnitTests\EnvironmentTests\TestsWithCorporateShimsBase.cs:line 227&#xD;
   at VideoOS.Platform.Proxy.ConfigApi.ConfigurationApiItemWrapper..ctor(ServerId serverId, String path) in D:\actions-runner\_work\XPCO\XPCO\MIP\PlatformPlugin\VideoOS.Platform\src\Proxy\ConfigApi\ConfigurationApiItemWrapper.cs:line 104&#xD;
   at VideoOS.Platform.ConfigurationItems.Factory.IsItemTypeSupported(ServerId serverId, String itemType) in D:\actions-runner\_work\XPCO\XPCO\MIP\PlatformPlugin\VideoOS.Platform\src\ConfigurationItems\Factory.cs:line 464&#xD;
&#xD;
Factory.IsItemTypeSupportedFactory.IsItemTypeSupported ()The method or operation is not implemented.   at VideoOS.Platform.SDKUnittest.EnvironmentTests.TestConfigurationClientService.GetItem(String path) in D:\actions-runner\_work\XPCO\XPCO\MIP\MIPSDK\tst\VideoOS.Platform.SDK.UnitTests\EnvironmentTests\TestsWithCorporateShimsBase.cs:line 227&#xD;
   at VideoOS.Platform.Proxy.ConfigApi.ConfigurationApiItemWrapper..ctor(ServerId serverId, String path) in D:\actions-runner\_work\XPCO\XPCO\MIP\PlatformPlugin\VideoOS.Platform\src\Proxy\ConfigApi\ConfigurationApiItemWrapper.cs:line 104&#xD;
   at VideoOS.Platform.ConfigurationItems.Factory.IsItemTypeSupported(ServerId serverId, String itemType) in D:\actions-runner\_work\XPCO\XPCO\MIP\PlatformPlugin\VideoOS.Platform\src\ConfigurationItems\Factory.cs:line 464&#xD;
MIP: Error: GetConfiguration (): CustomSetting not found for the given platformDefinitionId: e145597a-ecaf-40a1-99e6-14bb9d45a09e&#xD;
MIP: Error: ConfigurationApiItemWrapper (): ConfigAPI GetItem(): System.NotImplementedException, The method or operation is not implemented.&#xD;
MIP: Error: Factory.IsItemTypeSupported (): Exception source:      VideoOS.Platform.SDK.UnitTests&#xD;
Exception type:        System.NotImplementedException&#xD;
Exception message:     The method or operation is not implemented.&#xD;
Exception target site: GetItem&#xD;
   at VideoOS.Platform.SDKUnittest.EnvironmentTests.TestConfigurationClientService.GetItem(String path) in D:\actions-runner\_work\XPCO\XPCO\MIP\MIPSDK\tst\VideoOS.Platform.SDK.UnitTests\EnvironmentTests\TestsWithCorporateShimsBase.cs:line 227&#xD;
   at VideoOS.Platform.Proxy.ConfigApi.ConfigurationApiItemWrapper..ctor(ServerId serverId, String path) in D:\actions-runner\_work\XPCO\XPCO\MIP\PlatformPlugin\VideoOS.Platform\src\Proxy\ConfigApi\ConfigurationApiItemWrapper.cs:line 104&#xD;
   at VideoOS.Platform.ConfigurationItems.Factory.IsItemTypeSupported(ServerId serverId, String itemType) in D:\actions-runner\_work\XPCO\XPCO\MIP\PlatformPlugin\VideoOS.Platform\src\ConfigurationItems\Factory.cs:line 464&#xD;
&#xD;
Factory.IsItemTypeSupportedFactory.IsItemTypeSupported ()The method or operation is not implemented.   at VideoOS.Platform.SDKUnittest.EnvironmentTests.TestConfigurationClientService.GetItem(String path) in D:\actions-runner\_work\XPCO\XPCO\MIP\MIPSDK\tst\VideoOS.Platform.SDK.UnitTests\EnvironmentTests\TestsWithCorporateShimsBase.cs:line 227&#xD;
   at VideoOS.Platform.Proxy.ConfigApi.ConfigurationApiItemWrapper..ctor(ServerId serverId, String path) in D:\actions-runner\_work\XPCO\XPCO\MIP\PlatformPlugin\VideoOS.Platform\src\Proxy\ConfigApi\ConfigurationApiItemWrapper.cs:line 104&#xD;
   at VideoOS.Platform.ConfigurationItems.Factory.IsItemTypeSupported(ServerId serverId, String itemType) in D:\actions-runner\_work\XPCO\XPCO\MIP\PlatformPlugin\VideoOS.Platform\src\ConfigurationItems\Factory.cs:line 464&#xD;
MIP: Error: LoginServerOauth (): https://1.2.3.5:55/ManagementServer/ServerCommandServiceOAuth.svc The method or operation is not implemented.</StdOut>
      </Output>
    </UnitTestResult>
    <UnitTestResult executionId="dc199e16-dc4c-4cb1-9390-fd08728c2264" testId="a3bd6fcc-4145-24ec-1080-3545ed86b8b7" testName="RemoveServer_WithIdWhenLoginSettingsNull_Correct" computerName="DKSR-EFI-06" duration="00:00:00.0103369" startTime="2024-01-09T15:46:03.1342835+01:00" endTime="2024-01-09T15:46:03.1448205+01:00" testType="13cdc9d9-ddb5-4fa4-a97d-d965ccfc6d4b" outcome="Passed" testListId="8c84fa94-04c1-424b-9868-57a2d4851a1d" relativeResultsDirectory="dc199e16-dc4c-4cb1-9390-fd08728c2264" />
    <UnitTestResult executionId="088f43dd-e65c-40fd-a0b2-4a7d1f0254b7" testId="9af294cd-fee0-58b0-3d1f-b496c687f868" testName="Remove_WhenBasicUser_RemovesWithBasicAuth" computerName="DKSR-EFI-06" duration="00:00:00.0050105" startTime="2024-01-09T15:46:04.9369337+01:00" endTime="2024-01-09T15:46:04.9421383+01:00" testType="13cdc9d9-ddb5-4fa4-a97d-d965ccfc6d4b" outcome="Passed" testListId="8c84fa94-04c1-424b-9868-57a2d4851a1d" relativeResultsDirectory="088f43dd-e65c-40fd-a0b2-4a7d1f0254b7" />
    <UnitTestResult executionId="9acc5590-3dae-491c-b9fc-60b4d13c8f30" testId="8dfedf8d-5ced-b051-67b1-f21d8190aa73" testName="VerifyServerFoundThroughOriginalUri_throughLoginSettings" computerName="DKSR-EFI-06" duration="00:00:00.0012325" startTime="2024-01-09T15:46:03.4686546+01:00" endTime="2024-01-09T15:46:03.4700331+01:00" testType="13cdc9d9-ddb5-4fa4-a97d-d965ccfc6d4b" outcome="Passed" testListId="8c84fa94-04c1-424b-9868-57a2d4851a1d" relativeResultsDirectory="9acc5590-3dae-491c-b9fc-60b4d13c8f30" />
    <UnitTestResult executionId="5cae7efb-810a-48c0-b6df-4126420021b6" testId="c3573399-21f3-d171-85a6-ea212493cb14" testName="ConnectionTask_ShouldResubscribe_WhenConnectionIsBroken_AndResumeFails" computerName="DKSR-EFI-06" duration="00:00:00.0089444" startTime="2024-01-09T15:46:05.4695876+01:00" endTime="2024-01-09T15:46:05.4788994+01:00" testType="13cdc9d9-ddb5-4fa4-a97d-d965ccfc6d4b" outcome="Passed" testListId="8c84fa94-04c1-424b-9868-57a2d4851a1d" relativeResultsDirectory="5cae7efb-810a-48c0-b6df-4126420021b6" />
    <UnitTestResult executionId="2718a49e-528a-47cb-a95a-bbfc92fe11d3" testId="8ffc533e-dbe2-a04a-622a-b6eb34e0e1a2" testName="XpcoSiteInfoUri" computerName="DKSR-EFI-06" duration="00:00:00.0405490" startTime="2024-01-09T15:46:08.0616521+01:00" endTime="2024-01-09T15:46:08.1024629+01:00" testType="13cdc9d9-ddb5-4fa4-a97d-d965ccfc6d4b" outcome="Passed" testListId="8c84fa94-04c1-424b-9868-57a2d4851a1d" relativeResultsDirectory="2718a49e-528a-47cb-a95a-bbfc92fe11d3" />
    <UnitTestResult executionId="54ed9cde-e983-463e-b4b5-7604eb436efe" testId="385258c3-bf69-84a9-6b96-32d51034c910" testName="CheckToStringWithTandZ" computerName="DKSR-EFI-06" duration="00:00:00.0017589" startTime="2024-01-09T15:46:05.0557628+01:00" endTime="2024-01-09T15:46:05.0577173+01:00" testType="13cdc9d9-ddb5-4fa4-a97d-d965ccfc6d4b" outcome="Passed" testListId="8c84fa94-04c1-424b-9868-57a2d4851a1d" relativeResultsDirectory="54ed9cde-e983-463e-b4b5-7604eb436efe" />
    <UnitTestResult executionId="f434e228-462e-447b-86ba-4c6e8eb10c5f" testId="4dfbe4c0-1bce-f685-302b-c39ffaaec33c" testName="RemoveServer_WithUriWhenLoginSettingsNull_Correct" computerName="DKSR-EFI-06" duration="00:00:00.0079379" startTime="2024-01-09T15:46:03.1149091+01:00" endTime="2024-01-09T15:46:03.1230160+01:00" testType="13cdc9d9-ddb5-4fa4-a97d-d965ccfc6d4b" outcome="Passed" testListId="8c84fa94-04c1-424b-9868-57a2d4851a1d" relativeResultsDirectory="f434e228-462e-447b-86ba-4c6e8eb10c5f" />
    <UnitTestResult executionId="7e94a417-f6ae-44f4-8db0-58f48db2a86d" testId="5ca6c285-b0f8-2ebf-22ac-22244ebbf44b" testName="Given_AcommandIsSent_When_ReceivingAResponseForAnotherCommandding_Then_TheSentCommandTimesOut" computerName="DKSR-EFI-06" duration="00:00:00.0291917" startTime="2024-01-09T15:46:05.2301955+01:00" endTime="2024-01-09T15:46:05.2596273+01:00" testType="13cdc9d9-ddb5-4fa4-a97d-d965ccfc6d4b" outcome="Passed" testListId="8c84fa94-04c1-424b-9868-57a2d4851a1d" relativeResultsDirectory="7e94a417-f6ae-44f4-8db0-58f48db2a86d" />
    <UnitTestResult executionId="54b9b5dc-7b94-4530-b8a0-a8781e5a418f" testId="4775d5be-0ebd-4836-7626-4829a69cf7bb" testName="Given_Nothing_When_ConnectSuccessful_Then_NoException" computerName="DKSR-EFI-06" duration="00:00:00.0094422" startTime="2024-01-09T15:46:05.4011198+01:00" endTime="2024-01-09T15:46:05.4107913+01:00" testType="13cdc9d9-ddb5-4fa4-a97d-d965ccfc6d4b" outcome="Passed" testListId="8c84fa94-04c1-424b-9868-57a2d4851a1d" relativeResultsDirectory="54b9b5dc-7b94-4530-b8a0-a8781e5a418f" />
    <UnitTestResult executionId="292cd7dd-ab64-4de3-9dce-b2bab5082ec0" testId="3512c4ea-c42c-dc19-86d1-3085820f9234" testName="Given_Nothing_When_EventHandlerIsCreated_Then_ItRegistersItselfToTheMessageDispatcher" computerName="DKSR-EFI-06" duration="00:00:00.0054767" startTime="2024-01-09T15:46:05.3006496+01:00" endTime="2024-01-09T15:46:05.3064956+01:00" testType="13cdc9d9-ddb5-4fa4-a97d-d965ccfc6d4b" outcome="Passed" testListId="8c84fa94-04c1-424b-9868-57a2d4851a1d" relativeResultsDirectory="292cd7dd-ab64-4de3-9dce-b2bab5082ec0" />
    <UnitTestResult executionId="a73e8472-6ae2-4dac-8bd3-10bd4a46cf86" testId="e8d9f86f-c2bc-d844-07f3-5ecc6e65044b" testName="GetLoginSettings_Correct" computerName="DKSR-EFI-06" duration="00:00:00.0026253" startTime="2024-01-09T15:46:05.1557276+01:00" endTime="2024-01-09T15:46:05.1586726+01:00" testType="13cdc9d9-ddb5-4fa4-a97d-d965ccfc6d4b" outcome="Passed" testListId="8c84fa94-04c1-424b-9868-57a2d4851a1d" relativeResultsDirectory="a73e8472-6ae2-4dac-8bd3-10bd4a46cf86" />
    <UnitTestResult executionId="dbb29cd3-cd30-4fbb-95b0-4ae068c0a615" testId="2cd289e6-be4f-74c1-cee0-00532b6125f7" testName="OutgoingAudioWaveFormatSamplesPerSecond_ShouldNotBeSet_WhenValueIsNotAllowed" computerName="DKSR-EFI-06" duration="00:00:00.0005502" startTime="2024-01-09T15:46:23.4906719+01:00" endTime="2024-01-09T15:46:23.4913591+01:00" testType="13cdc9d9-ddb5-4fa4-a97d-d965ccfc6d4b" outcome="Passed" testListId="8c84fa94-04c1-424b-9868-57a2d4851a1d" relativeResultsDirectory="dbb29cd3-cd30-4fbb-95b0-4ae068c0a615" />
    <UnitTestResult executionId="feab6fee-45a5-4a96-a5e3-f617df01b78a" testId="0f702e68-d31d-e48d-5cda-ae2e55caa68e" testName="Login_WhenNotLoggedIn_ThrowConfigurationLastException" computerName="DKSR-EFI-06" duration="00:00:00.0050631" startTime="2024-01-09T15:46:02.9504655+01:00" endTime="2024-01-09T15:46:02.9557185+01:00" testType="13cdc9d9-ddb5-4fa4-a97d-d965ccfc6d4b" outcome="Passed" testListId="8c84fa94-04c1-424b-9868-57a2d4851a1d" relativeResultsDirectory="feab6fee-45a5-4a96-a5e3-f617df01b78a" />
    <UnitTestResult executionId="5e5e6a9c-0256-4b28-8c0d-89365032ccf2" testId="fb5100d5-9a8d-d95c-0716-79d1d251b3ac" testName="Given_Connected_When_AResponseIsUnSuccesful_Then_AnExceptionIsThrown" computerName="DKSR-EFI-06" duration="00:00:00.0142133" startTime="2024-01-09T15:46:05.2851655+01:00" endTime="2024-01-09T15:46:05.2996996+01:00" testType="13cdc9d9-ddb5-4fa4-a97d-d965ccfc6d4b" outcome="Passed" testListId="8c84fa94-04c1-424b-9868-57a2d4851a1d" relativeResultsDirectory="5e5e6a9c-0256-4b28-8c0d-89365032ccf2" />
    <UnitTestResult executionId="08b3d7a4-46e5-4e09-8fc0-c3d1f1b40d71" testId="7f6a3e30-0edb-cef4-24b2-03a61d04ff8b" testName="Givent_MessageContainingEventWithData_When_CallingGetDataOfInCorrectType_Then_NOTE_NOTE_NOTE_ACompleteObjectIsReturned" computerName="DKSR-EFI-06" duration="00:00:00.0071770" startTime="2024-01-09T15:46:05.6608113+01:00" endTime="2024-01-09T15:46:05.6682822+01:00" testType="13cdc9d9-ddb5-4fa4-a97d-d965ccfc6d4b" outcome="Passed" testListId="8c84fa94-04c1-424b-9868-57a2d4851a1d" relativeResultsDirectory="08b3d7a4-46e5-4e09-8fc0-c3d1f1b40d71" />
    <UnitTestResult executionId="17aaf4a2-7574-4bc1-8d29-4a95caa533a3" testId="3795da59-268b-cf4c-19da-1cfedc7c684a" testName="IgnoreCaseCompareOk" computerName="DKSR-EFI-06" duration="00:00:00.0032655" startTime="2024-01-09T15:46:05.0776216+01:00" endTime="2024-01-09T15:46:05.0811986+01:00" testType="13cdc9d9-ddb5-4fa4-a97d-d965ccfc6d4b" outcome="Passed" testListId="8c84fa94-04c1-424b-9868-57a2d4851a1d" relativeResultsDirectory="17aaf4a2-7574-4bc1-8d29-4a95caa533a3" />
    <UnitTestResult executionId="1642e929-7aef-46c0-951b-2bc6be497e26" testId="d9ca8b92-f19f-e9c9-3fff-9ecc10403148" testName="VerifyServerFoundThroughOriginalUri_throughUri" computerName="DKSR-EFI-06" duration="00:00:00.0058797" startTime="2024-01-09T15:46:03.4609223+01:00" endTime="2024-01-09T15:46:03.4670143+01:00" testType="13cdc9d9-ddb5-4fa4-a97d-d965ccfc6d4b" outcome="Passed" testListId="8c84fa94-04c1-424b-9868-57a2d4851a1d" relativeResultsDirectory="1642e929-7aef-46c0-951b-2bc6be497e26" />
    <UnitTestResult executionId="546a092d-a059-4cb6-ba73-8f77e40eea53" testId="7a5a60cf-65df-425a-ef34-31b7542d0324" testName="Given_TwoPendingCommands_When_ReceivingResponsesForBothCommans_Then_ResponsesArePairedWithCorrectCommand" computerName="DKSR-EFI-06" duration="00:00:00.0176194" startTime="2024-01-09T15:46:05.2601885+01:00" endTime="2024-01-09T15:46:05.2780245+01:00" testType="13cdc9d9-ddb5-4fa4-a97d-d965ccfc6d4b" outcome="Passed" testListId="8c84fa94-04c1-424b-9868-57a2d4851a1d" relativeResultsDirectory="546a092d-a059-4cb6-ba73-8f77e40eea53" />
    <UnitTestResult executionId="b9ef5b26-494b-4b20-add8-6471ae50a328" testId="e630de82-fafd-ad10-afe7-e93e9dd1df87" testName="CheckBaseTime1970FromDouble" computerName="DKSR-EFI-06" duration="00:00:00.0437937" startTime="2024-01-09T15:46:04.9787644+01:00" endTime="2024-01-09T15:46:05.0230735+01:00" testType="13cdc9d9-ddb5-4fa4-a97d-d965ccfc6d4b" outcome="Passed" testListId="8c84fa94-04c1-424b-9868-57a2d4851a1d" relativeResultsDirectory="b9ef5b26-494b-4b20-add8-6471ae50a328" />
    <UnitTestResult executionId="364c3a2b-0c33-4955-8df9-2629924be321" testId="17db813c-1206-cc8b-2aec-429272188567" testName="Givent_MessageContainingEventWithData_When_CallingGetDataOfInCorrectType_Then_APartialOrEmptyObjectIsReturned2" computerName="DKSR-EFI-06" duration="00:00:00.0072361" startTime="2024-01-09T15:46:05.6692882+01:00" endTime="2024-01-09T15:46:05.6768306+01:00" testType="13cdc9d9-ddb5-4fa4-a97d-d965ccfc6d4b" outcome="Passed" testListId="8c84fa94-04c1-424b-9868-57a2d4851a1d" relativeResultsDirectory="364c3a2b-0c33-4955-8df9-2629924be321" />
    <UnitTestResult executionId="0c43dd79-63ac-4f59-975d-a2382c4da0d8" testId="1558a173-bd2e-9fca-670c-2c3987fbd631" testName="AddServer_WhenParentUriNull_UseCredentialCache" computerName="DKSR-EFI-06" duration="00:00:00.0063210" startTime="2024-01-09T15:46:03.1076731+01:00" endTime="2024-01-09T15:46:03.1141990+01:00" testType="13cdc9d9-ddb5-4fa4-a97d-d965ccfc6d4b" outcome="Passed" testListId="8c84fa94-04c1-424b-9868-57a2d4851a1d" relativeResultsDirectory="0c43dd79-63ac-4f59-975d-a2382c4da0d8" />
    <UnitTestResult executionId="e5b6851a-7a85-4109-a111-07b77ade548a" testId="d3ce4a46-9062-5855-70fd-ebbcc2b0eafc" testName="TryCreateParentUri_WhenNoAuthHasCredential_ReturnsNull" computerName="DKSR-EFI-06" duration="00:00:00.0007697" startTime="2024-01-09T15:46:04.9137876+01:00" endTime="2024-01-09T15:46:04.9147550+01:00" testType="13cdc9d9-ddb5-4fa4-a97d-d965ccfc6d4b" outcome="Passed" testListId="8c84fa94-04c1-424b-9868-57a2d4851a1d" relativeResultsDirectory="e5b6851a-7a85-4109-a111-07b77ade548a" />
    <UnitTestResult executionId="f36de450-a7f4-4cd9-917c-e9770a1e585a" testId="e02a3aff-4b0e-8be7-4f14-51de7ab4670f" testName="TryCreateParentUri_WhenBasicAuthHasCredential_ReturnsUrl" computerName="DKSR-EFI-06" duration="00:00:00.0007113" startTime="2024-01-09T15:46:04.9122191+01:00" endTime="2024-01-09T15:46:04.9130990+01:00" testType="13cdc9d9-ddb5-4fa4-a97d-d965ccfc6d4b" outcome="Passed" testListId="8c84fa94-04c1-424b-9868-57a2d4851a1d" relativeResultsDirectory="f36de450-a7f4-4cd9-917c-e9770a1e585a" />
    <UnitTestResult executionId="7ef5b832-9328-4701-b8e4-2f5c7d72a787" testId="b42b975b-0563-7dc6-8812-756fcc2bafe7" testName="Given_ReceivedMessageContainsCommandId_When_GetCommandId_ThenCommandIdIsReturned" computerName="DKSR-EFI-06" duration="00:00:00.0020527" startTime="2024-01-09T15:46:05.6009317+01:00" endTime="2024-01-09T15:46:05.6034345+01:00" testType="13cdc9d9-ddb5-4fa4-a97d-d965ccfc6d4b" outcome="Passed" testListId="8c84fa94-04c1-424b-9868-57a2d4851a1d" relativeResultsDirectory="7ef5b832-9328-4701-b8e4-2f5c7d72a787" />
    <UnitTestResult executionId="481a323a-b041-4db4-bc3a-108c3f6ba389" testId="425d7606-d05b-43b7-5f3e-aef51500fc4a" testName="Init_Success" computerName="DKSR-EFI-06" duration="00:00:00.3310426" startTime="2024-01-09T15:46:02.4628285+01:00" endTime="2024-01-09T15:46:02.8176835+01:00" testType="13cdc9d9-ddb5-4fa4-a97d-d965ccfc6d4b" outcome="Passed" testListId="8c84fa94-04c1-424b-9868-57a2d4851a1d" relativeResultsDirectory="481a323a-b041-4db4-bc3a-108c3f6ba389" />
    <UnitTestResult executionId="c1261944-f593-4609-af0c-7ae409637c67" testId="b0b9d0a0-9158-c0ad-cbda-c08da553577d" testName="XpcoMultiUserLoginSuccess" computerName="DKSR-EFI-06" duration="00:00:01.3184103" startTime="2024-01-09T15:46:08.7805943+01:00" endTime="2024-01-09T15:46:10.0997971+01:00" testType="13cdc9d9-ddb5-4fa4-a97d-d965ccfc6d4b" outcome="Passed" testListId="8c84fa94-04c1-424b-9868-57a2d4851a1d" relativeResultsDirectory="c1261944-f593-4609-af0c-7ae409637c67">
      <Output>
        <StdOut>Debug Trace:&#xD;
TopLevelControl returns null. PostMessage may have problems&#xD;
MIP: Error: ConfigurationApiItemWrapper (): ConfigAPI GetItem(): System.NotImplementedException, The method or operation is not implemented.&#xD;
MIP: Error: Factory.IsItemTypeSupported (): Exception source:      VideoOS.Platform.SDK.UnitTests&#xD;
Exception type:        System.NotImplementedException&#xD;
Exception message:     The method or operation is not implemented.&#xD;
Exception target site: GetItem&#xD;
   at VideoOS.Platform.SDKUnittest.EnvironmentTests.TestConfigurationClientService.GetItem(String path) in D:\actions-runner\_work\XPCO\XPCO\MIP\MIPSDK\tst\VideoOS.Platform.SDK.UnitTests\EnvironmentTests\TestsWithCorporateShimsBase.cs:line 227&#xD;
   at VideoOS.Platform.Proxy.ConfigApi.ConfigurationApiItemWrapper..ctor(ServerId serverId, String path) in D:\actions-runner\_work\XPCO\XPCO\MIP\PlatformPlugin\VideoOS.Platform\src\Proxy\ConfigApi\ConfigurationApiItemWrapper.cs:line 104&#xD;
   at VideoOS.Platform.ConfigurationItems.Factory.IsItemTypeSupported(ServerId serverId, String itemType) in D:\actions-runner\_work\XPCO\XPCO\MIP\PlatformPlugin\VideoOS.Platform\src\ConfigurationItems\Factory.cs:line 464&#xD;
&#xD;
Factory.IsItemTypeSupportedFactory.IsItemTypeSupported ()The method or operation is not implemented.   at VideoOS.Platform.SDKUnittest.EnvironmentTests.TestConfigurationClientService.GetItem(String path) in D:\actions-runner\_work\XPCO\XPCO\MIP\MIPSDK\tst\VideoOS.Platform.SDK.UnitTests\EnvironmentTests\TestsWithCorporateShimsBase.cs:line 227&#xD;
   at VideoOS.Platform.Proxy.ConfigApi.ConfigurationApiItemWrapper..ctor(ServerId serverId, String path) in D:\actions-runner\_work\XPCO\XPCO\MIP\PlatformPlugin\VideoOS.Platform\src\Proxy\ConfigApi\ConfigurationApiItemWrapper.cs:line 104&#xD;
   at VideoOS.Platform.ConfigurationItems.Factory.IsItemTypeSupported(ServerId serverId, String itemType) in D:\actions-runner\_work\XPCO\XPCO\MIP\PlatformPlugin\VideoOS.Platform\src\ConfigurationItems\Factory.cs:line 464&#xD;
MIP: Error: GetConfiguration (): CustomSetting not found for the given platformDefinitionId: e145597a-ecaf-40a1-99e6-14bb9d45a09e&#xD;
MIP: Error: ConfigurationApiItemWrapper (): ConfigAPI GetItem(): System.NotImplementedException, The method or operation is not implemented.&#xD;
MIP: Error: Factory.IsItemTypeSupported (): Exception source:      VideoOS.Platform.SDK.UnitTests&#xD;
Exception type:        System.NotImplementedException&#xD;
Exception message:     The method or operation is not implemented.&#xD;
Exception target site: GetItem&#xD;
   at VideoOS.Platform.SDKUnittest.EnvironmentTests.TestConfigurationClientService.GetItem(String path) in D:\actions-runner\_work\XPCO\XPCO\MIP\MIPSDK\tst\VideoOS.Platform.SDK.UnitTests\EnvironmentTests\TestsWithCorporateShimsBase.cs:line 227&#xD;
   at VideoOS.Platform.Proxy.ConfigApi.ConfigurationApiItemWrapper..ctor(ServerId serverId, String path) in D:\actions-runner\_work\XPCO\XPCO\MIP\PlatformPlugin\VideoOS.Platform\src\Proxy\ConfigApi\ConfigurationApiItemWrapper.cs:line 104&#xD;
   at VideoOS.Platform.ConfigurationItems.Factory.IsItemTypeSupported(ServerId serverId, String itemType) in D:\actions-runner\_work\XPCO\XPCO\MIP\PlatformPlugin\VideoOS.Platform\src\ConfigurationItems\Factory.cs:line 464&#xD;
&#xD;
Factory.IsItemTypeSupportedFactory.IsItemTypeSupported ()The method or operation is not implemented.   at VideoOS.Platform.SDKUnittest.EnvironmentTests.TestConfigurationClientService.GetItem(String path) in D:\actions-runner\_work\XPCO\XPCO\MIP\MIPSDK\tst\VideoOS.Platform.SDK.UnitTests\EnvironmentTests\TestsWithCorporateShimsBase.cs:line 227&#xD;
   at VideoOS.Platform.Proxy.ConfigApi.ConfigurationApiItemWrapper..ctor(ServerId serverId, String path) in D:\actions-runner\_work\XPCO\XPCO\MIP\PlatformPlugin\VideoOS.Platform\src\Proxy\ConfigApi\ConfigurationApiItemWrapper.cs:line 104&#xD;
   at VideoOS.Platform.ConfigurationItems.Factory.IsItemTypeSupported(ServerId serverId, String itemType) in D:\actions-runner\_work\XPCO\XPCO\MIP\PlatformPlugin\VideoOS.Platform\src\ConfigurationItems\Factory.cs:line 464&#xD;
MIP: Error: LoginServerOauth (): https://1.2.3.5:55/ManagementServer/ServerCommandServiceOAuth.svc The method or operation is not implemented.&#xD;
MIP: Error: ConfigurationApiItemWrapper (): ConfigAPI GetItem(): System.NotImplementedException, The method or operation is not implemented.&#xD;
MIP: Error: Factory.IsItemTypeSupported (): Exception source:      VideoOS.Platform.SDK.UnitTests&#xD;
Exception type:        System.NotImplementedException&#xD;
Exception message:     The method or operation is not implemented.&#xD;
Exception target site: GetItem&#xD;
   at VideoOS.Platform.SDKUnittest.EnvironmentTests.TestConfigurationClientService.GetItem(String path) in D:\actions-runner\_work\XPCO\XPCO\MIP\MIPSDK\tst\VideoOS.Platform.SDK.UnitTests\EnvironmentTests\TestsWithCorporateShimsBase.cs:line 227&#xD;
   at VideoOS.Platform.Proxy.ConfigApi.ConfigurationApiItemWrapper..ctor(ServerId serverId, String path) in D:\actions-runner\_work\XPCO\XPCO\MIP\PlatformPlugin\VideoOS.Platform\src\Proxy\ConfigApi\ConfigurationApiItemWrapper.cs:line 104&#xD;
   at VideoOS.Platform.ConfigurationItems.Factory.IsItemTypeSupported(ServerId serverId, String itemType) in D:\actions-runner\_work\XPCO\XPCO\MIP\PlatformPlugin\VideoOS.Platform\src\ConfigurationItems\Factory.cs:line 464&#xD;
&#xD;
Factory.IsItemTypeSupportedFactory.IsItemTypeSupported ()The method or operation is not implemented.   at VideoOS.Platform.SDKUnittest.EnvironmentTests.TestConfigurationClientService.GetItem(String path) in D:\actions-runner\_work\XPCO\XPCO\MIP\MIPSDK\tst\VideoOS.Platform.SDK.UnitTests\EnvironmentTests\TestsWithCorporateShimsBase.cs:line 227&#xD;
   at VideoOS.Platform.Proxy.ConfigApi.ConfigurationApiItemWrapper..ctor(ServerId serverId, String path) in D:\actions-runner\_work\XPCO\XPCO\MIP\PlatformPlugin\VideoOS.Platform\src\Proxy\ConfigApi\ConfigurationApiItemWrapper.cs:line 104&#xD;
   at VideoOS.Platform.ConfigurationItems.Factory.IsItemTypeSupported(ServerId serverId, String itemType) in D:\actions-runner\_work\XPCO\XPCO\MIP\PlatformPlugin\VideoOS.Platform\src\ConfigurationItems\Factory.cs:line 464&#xD;
MIP: Error: GetConfiguration (): CustomSetting not found for the given platformDefinitionId: e145597a-ecaf-40a1-99e6-14bb9d45a09e&#xD;
MIP: Error: ConfigurationApiItemWrapper (): ConfigAPI GetItem(): System.NotImplementedException, The method or operation is not implemented.&#xD;
MIP: Error: Factory.IsItemTypeSupported (): Exception source:      VideoOS.Platform.SDK.UnitTests&#xD;
Exception type:        System.NotImplementedException&#xD;
Exception message:     The method or operation is not implemented.&#xD;
Exception target site: GetItem&#xD;
   at VideoOS.Platform.SDKUnittest.EnvironmentTests.TestConfigurationClientService.GetItem(String path) in D:\actions-runner\_work\XPCO\XPCO\MIP\MIPSDK\tst\VideoOS.Platform.SDK.UnitTests\EnvironmentTests\TestsWithCorporateShimsBase.cs:line 227&#xD;
   at VideoOS.Platform.Proxy.ConfigApi.ConfigurationApiItemWrapper..ctor(ServerId serverId, String path) in D:\actions-runner\_work\XPCO\XPCO\MIP\PlatformPlugin\VideoOS.Platform\src\Proxy\ConfigApi\ConfigurationApiItemWrapper.cs:line 104&#xD;
   at VideoOS.Platform.ConfigurationItems.Factory.IsItemTypeSupported(ServerId serverId, String itemType) in D:\actions-runner\_work\XPCO\XPCO\MIP\PlatformPlugin\VideoOS.Platform\src\ConfigurationItems\Factory.cs:line 464&#xD;
&#xD;
Factory.IsItemTypeSupportedFactory.IsItemTypeSupported ()The method or operation is not implemented.   at VideoOS.Platform.SDKUnittest.EnvironmentTests.TestConfigurationClientService.GetItem(String path) in D:\actions-runner\_work\XPCO\XPCO\MIP\MIPSDK\tst\VideoOS.Platform.SDK.UnitTests\EnvironmentTests\TestsWithCorporateShimsBase.cs:line 227&#xD;
   at VideoOS.Platform.Proxy.ConfigApi.ConfigurationApiItemWrapper..ctor(ServerId serverId, String path) in D:\actions-runner\_work\XPCO\XPCO\MIP\PlatformPlugin\VideoOS.Platform\src\Proxy\ConfigApi\ConfigurationApiItemWrapper.cs:line 104&#xD;
   at VideoOS.Platform.ConfigurationItems.Factory.IsItemTypeSupported(ServerId serverId, String itemType) in D:\actions-runner\_work\XPCO\XPCO\MIP\PlatformPlugin\VideoOS.Platform\src\ConfigurationItems\Factory.cs:line 464&#xD;
MIP: Error: LoginServerOauth (): https://1.2.3.5:55/ManagementServer/ServerCommandServiceOAuth.svc The method or operation is not implemented.&#xD;
MIP: Error: ConfigurationApiItemWrapper (): ConfigAPI GetItem(): System.NotImplementedException, The method or operation is not implemented.&#xD;
MIP: Error: Factory.IsItemTypeSupported (): Exception source:      VideoOS.Platform.SDK.UnitTests&#xD;
Exception type:        System.NotImplementedException&#xD;
Exception message:     The method or operation is not implemented.&#xD;
Exception target site: GetItem&#xD;
   at VideoOS.Platform.SDKUnittest.EnvironmentTests.TestConfigurationClientService.GetItem(String path) in D:\actions-runner\_work\XPCO\XPCO\MIP\MIPSDK\tst\VideoOS.Platform.SDK.UnitTests\EnvironmentTests\TestsWithCorporateShimsBase.cs:line 227&#xD;
   at VideoOS.Platform.Proxy.ConfigApi.ConfigurationApiItemWrapper..ctor(ServerId serverId, String path) in D:\actions-runner\_work\XPCO\XPCO\MIP\PlatformPlugin\VideoOS.Platform\src\Proxy\ConfigApi\ConfigurationApiItemWrapper.cs:line 104&#xD;
   at VideoOS.Platform.ConfigurationItems.Factory.IsItemTypeSupported(ServerId serverId, String itemType) in D:\actions-runner\_work\XPCO\XPCO\MIP\PlatformPlugin\VideoOS.Platform\src\ConfigurationItems\Factory.cs:line 464&#xD;
&#xD;
Factory.IsItemTypeSupportedFactory.IsItemTypeSupported ()The method or operation is not implemented.   at VideoOS.Platform.SDKUnittest.EnvironmentTests.TestConfigurationClientService.GetItem(String path) in D:\actions-runner\_work\XPCO\XPCO\MIP\MIPSDK\tst\VideoOS.Platform.SDK.UnitTests\EnvironmentTests\TestsWithCorporateShimsBase.cs:line 227&#xD;
   at VideoOS.Platform.Proxy.ConfigApi.ConfigurationApiItemWrapper..ctor(ServerId serverId, String path) in D:\actions-runner\_work\XPCO\XPCO\MIP\PlatformPlugin\VideoOS.Platform\src\Proxy\ConfigApi\ConfigurationApiItemWrapper.cs:line 104&#xD;
   at VideoOS.Platform.ConfigurationItems.Factory.IsItemTypeSupported(ServerId serverId, String itemType) in D:\actions-runner\_work\XPCO\XPCO\MIP\PlatformPlugin\VideoOS.Platform\src\ConfigurationItems\Factory.cs:line 464&#xD;
MIP: Error: ConfigurationApiItemWrapper (): ConfigAPI GetItem(): System.NotImplementedException, The method or operation is not implemented.&#xD;
MIP: Error: Factory.IsItemTypeSupported (): Exception source:      VideoOS.Platform.SDK.UnitTests&#xD;
Exception type:        System.NotImplementedException&#xD;
Exception message:     The method or operation is not implemented.&#xD;
Exception target site: GetItem&#xD;
   at VideoOS.Platform.SDKUnittest.EnvironmentTests.TestConfigurationClientService.GetItem(String path) in D:\actions-runner\_work\XPCO\XPCO\MIP\MIPSDK\tst\VideoOS.Platform.SDK.UnitTests\EnvironmentTests\TestsWithCorporateShimsBase.cs:line 227&#xD;
   at VideoOS.Platform.Proxy.ConfigApi.ConfigurationApiItemWrapper..ctor(ServerId serverId, String path) in D:\actions-runner\_work\XPCO\XPCO\MIP\PlatformPlugin\VideoOS.Platform\src\Proxy\ConfigApi\ConfigurationApiItemWrapper.cs:line 104&#xD;
   at VideoOS.Platform.ConfigurationItems.Factory.IsItemTypeSupported(ServerId serverId, String itemType) in D:\actions-runner\_work\XPCO\XPCO\MIP\PlatformPlugin\VideoOS.Platform\src\ConfigurationItems\Factory.cs:line 464&#xD;
&#xD;
Factory.IsItemTypeSupportedFactory.IsItemTypeSupported ()The method or operation is not implemented.   at VideoOS.Platform.SDKUnittest.EnvironmentTests.TestConfigurationClientService.GetItem(String path) in D:\actions-runner\_work\XPCO\XPCO\MIP\MIPSDK\tst\VideoOS.Platform.SDK.UnitTests\EnvironmentTests\TestsWithCorporateShimsBase.cs:line 227&#xD;
   at VideoOS.Platform.Proxy.ConfigApi.ConfigurationApiItemWrapper..ctor(ServerId serverId, String path) in D:\actions-runner\_work\XPCO\XPCO\MIP\PlatformPlugin\VideoOS.Platform\src\Proxy\ConfigApi\ConfigurationApiItemWrapper.cs:line 104&#xD;
   at VideoOS.Platform.ConfigurationItems.Factory.IsItemTypeSupported(ServerId serverId, String itemType) in D:\actions-runner\_work\XPCO\XPCO\MIP\PlatformPlugin\VideoOS.Platform\src\ConfigurationItems\Factory.cs:line 464&#xD;
MIP: Error: LoginServerOauth (): https://1.2.3.5:55/ManagementServer/ServerCommandServiceOAuth.svc The method or operation is not implemented.&#xD;
MIP: Error: ConfigurationApiItemWrapper (): ConfigAPI GetItem(): System.NotImplementedException, The method or operation is not implemented.&#xD;
MIP: Error: Factory.IsItemTypeSupported (): Exception source:      VideoOS.Platform.SDK.UnitTests&#xD;
Exception type:        System.NotImplementedException&#xD;
Exception message:     The method or operation is not implemented.&#xD;
Exception target site: GetItem&#xD;
   at VideoOS.Platform.SDKUnittest.EnvironmentTests.TestConfigurationClientService.GetItem(String path) in D:\actions-runner\_work\XPCO\XPCO\MIP\MIPSDK\tst\VideoOS.Platform.SDK.UnitTests\EnvironmentTests\TestsWithCorporateShimsBase.cs:line 227&#xD;
   at VideoOS.Platform.Proxy.ConfigApi.ConfigurationApiItemWrapper..ctor(ServerId serverId, String path) in D:\actions-runner\_work\XPCO\XPCO\MIP\PlatformPlugin\VideoOS.Platform\src\Proxy\ConfigApi\ConfigurationApiItemWrapper.cs:line 104&#xD;
   at VideoOS.Platform.ConfigurationItems.Factory.IsItemTypeSupported(ServerId serverId, String itemType) in D:\actions-runner\_work\XPCO\XPCO\MIP\PlatformPlugin\VideoOS.Platform\src\ConfigurationItems\Factory.cs:line 464&#xD;
&#xD;
Factory.IsItemTypeSupportedFactory.IsItemTypeSupported ()The method or operation is not implemented.   at VideoOS.Platform.SDKUnittest.EnvironmentTests.TestConfigurationClientService.GetItem(String path) in D:\actions-runner\_work\XPCO\XPCO\MIP\MIPSDK\tst\VideoOS.Platform.SDK.UnitTests\EnvironmentTests\TestsWithCorporateShimsBase.cs:line 227&#xD;
   at VideoOS.Platform.Proxy.ConfigApi.ConfigurationApiItemWrapper..ctor(ServerId serverId, String path) in D:\actions-runner\_work\XPCO\XPCO\MIP\PlatformPlugin\VideoOS.Platform\src\Proxy\ConfigApi\ConfigurationApiItemWrapper.cs:line 104&#xD;
   at VideoOS.Platform.ConfigurationItems.Factory.IsItemTypeSupported(ServerId serverId, String itemType) in D:\actions-runner\_work\XPCO\XPCO\MIP\PlatformPlugin\VideoOS.Platform\src\ConfigurationItems\Factory.cs:line 464&#xD;
MIP: Error: GetConfiguration (): CustomSetting not found for the given platformDefinitionId: e145597a-ecaf-40a1-99e6-14bb9d45a09e&#xD;
MIP: Error: ConfigurationApiItemWrapper (): ConfigAPI GetItem(): System.NotImplementedException, The method or operation is not implemented.&#xD;
MIP: Error: Factory.IsItemTypeSupported (): Exception source:      VideoOS.Platform.SDK.UnitTests&#xD;
Exception type:        System.NotImplementedException&#xD;
Exception message:     The method or operation is not implemented.&#xD;
Exception target site: GetItem&#xD;
   at VideoOS.Platform.SDKUnittest.EnvironmentTests.TestConfigurationClientService.GetItem(String path) in D:\actions-runner\_work\XPCO\XPCO\MIP\MIPSDK\tst\VideoOS.Platform.SDK.UnitTests\EnvironmentTests\TestsWithCorporateShimsBase.cs:line 227&#xD;
   at VideoOS.Platform.Proxy.ConfigApi.ConfigurationApiItemWrapper..ctor(ServerId serverId, String path) in D:\actions-runner\_work\XPCO\XPCO\MIP\PlatformPlugin\VideoOS.Platform\src\Proxy\ConfigApi\ConfigurationApiItemWrapper.cs:line 104&#xD;
   at VideoOS.Platform.ConfigurationItems.Factory.IsItemTypeSupported(ServerId serverId, String itemType) in D:\actions-runner\_work\XPCO\XPCO\MIP\PlatformPlugin\VideoOS.Platform\src\ConfigurationItems\Factory.cs:line 464&#xD;
&#xD;
Factory.IsItemTypeSupportedFactory.IsItemTypeSupported ()The method or operation is not implemented.   at VideoOS.Platform.SDKUnittest.EnvironmentTests.TestConfigurationClientService.GetItem(String path) in D:\actions-runner\_work\XPCO\XPCO\MIP\MIPSDK\tst\VideoOS.Platform.SDK.UnitTests\EnvironmentTests\TestsWithCorporateShimsBase.cs:line 227&#xD;
   at VideoOS.Platform.Proxy.ConfigApi.ConfigurationApiItemWrapper..ctor(ServerId serverId, String path) in D:\actions-runner\_work\XPCO\XPCO\MIP\PlatformPlugin\VideoOS.Platform\src\Proxy\ConfigApi\ConfigurationApiItemWrapper.cs:line 104&#xD;
   at VideoOS.Platform.ConfigurationItems.Factory.IsItemTypeSupported(ServerId serverId, String itemType) in D:\actions-runner\_work\XPCO\XPCO\MIP\PlatformPlugin\VideoOS.Platform\src\ConfigurationItems\Factory.cs:line 464&#xD;
MIP: Error: LoginServerOauth (): https://1.2.3.5:55/ManagementServer/ServerCommandServiceOAuth.svc The method or operation is not implemented.&#xD;
MIP: Error: ConfigurationApiItemWrapper (): ConfigAPI GetItem(): System.NotImplementedException, The method or operation is not implemented.&#xD;
MIP: Error: Factory.IsItemTypeSupported (): Exception source:      VideoOS.Platform.SDK.UnitTests&#xD;
Exception type:        System.NotImplementedException&#xD;
Exception message:     The method or operation is not implemented.&#xD;
Exception target site: GetItem&#xD;
   at VideoOS.Platform.SDKUnittest.EnvironmentTests.TestConfigurationClientService.GetItem(String path) in D:\actions-runner\_work\XPCO\XPCO\MIP\MIPSDK\tst\VideoOS.Platform.SDK.UnitTests\EnvironmentTests\TestsWithCorporateShimsBase.cs:line 227&#xD;
   at VideoOS.Platform.Proxy.ConfigApi.ConfigurationApiItemWrapper..ctor(ServerId serverId, String path) in D:\actions-runner\_work\XPCO\XPCO\MIP\PlatformPlugin\VideoOS.Platform\src\Proxy\ConfigApi\ConfigurationApiItemWrapper.cs:line 104&#xD;
   at VideoOS.Platform.ConfigurationItems.Factory.IsItemTypeSupported(ServerId serverId, String itemType) in D:\actions-runner\_work\XPCO\XPCO\MIP\PlatformPlugin\VideoOS.Platform\src\ConfigurationItems\Factory.cs:line 464&#xD;
&#xD;
Factory.IsItemTypeSupportedFactory.IsItemTypeSupported ()The method or operation is not implemented.   at VideoOS.Platform.SDKUnittest.EnvironmentTests.TestConfigurationClientService.GetItem(String path) in D:\actions-runner\_work\XPCO\XPCO\MIP\MIPSDK\tst\VideoOS.Platform.SDK.UnitTests\EnvironmentTests\TestsWithCorporateShimsBase.cs:line 227&#xD;
   at VideoOS.Platform.Proxy.ConfigApi.ConfigurationApiItemWrapper..ctor(ServerId serverId, String path) in D:\actions-runner\_work\XPCO\XPCO\MIP\PlatformPlugin\VideoOS.Platform\src\Proxy\ConfigApi\ConfigurationApiItemWrapper.cs:line 104&#xD;
   at VideoOS.Platform.ConfigurationItems.Factory.IsItemTypeSupported(ServerId serverId, String itemType) in D:\actions-runner\_work\XPCO\XPCO\MIP\PlatformPlugin\VideoOS.Platform\src\ConfigurationItems\Factory.cs:line 464&#xD;
MIP: Error: GetConfiguration (): CustomSetting not found for the given platformDefinitionId: e145597a-ecaf-40a1-99e6-14bb9d45a09e&#xD;
MIP: Error: ConfigurationApiItemWrapper (): ConfigAPI GetItem(): System.NotImplementedException, The method or operation is not implemented.&#xD;
MIP: Error: Factory.IsItemTypeSupported (): Exception source:      VideoOS.Platform.SDK.UnitTests&#xD;
Exception type:        System.NotImplementedException&#xD;
Exception message:     The method or operation is not implemented.&#xD;
Exception target site: GetItem&#xD;
   at VideoOS.Platform.SDKUnittest.EnvironmentTests.TestConfigurationClientService.GetItem(String path) in D:\actions-runner\_work\XPCO\XPCO\MIP\MIPSDK\tst\VideoOS.Platform.SDK.UnitTests\EnvironmentTests\TestsWithCorporateShimsBase.cs:line 227&#xD;
   at VideoOS.Platform.Proxy.ConfigApi.ConfigurationApiItemWrapper..ctor(ServerId serverId, String path) in D:\actions-runner\_work\XPCO\XPCO\MIP\PlatformPlugin\VideoOS.Platform\src\Proxy\ConfigApi\ConfigurationApiItemWrapper.cs:line 104&#xD;
   at VideoOS.Platform.ConfigurationItems.Factory.IsItemTypeSupported(ServerId serverId, String itemType) in D:\actions-runner\_work\XPCO\XPCO\MIP\PlatformPlugin\VideoOS.Platform\src\ConfigurationItems\Factory.cs:line 464&#xD;
&#xD;
Factory.IsItemTypeSupportedFactory.IsItemTypeSupported ()The method or operation is not implemented.   at VideoOS.Platform.SDKUnittest.EnvironmentTests.TestConfigurationClientService.GetItem(String path) in D:\actions-runner\_work\XPCO\XPCO\MIP\MIPSDK\tst\VideoOS.Platform.SDK.UnitTests\EnvironmentTests\TestsWithCorporateShimsBase.cs:line 227&#xD;
   at VideoOS.Platform.Proxy.ConfigApi.ConfigurationApiItemWrapper..ctor(ServerId serverId, String path) in D:\actions-runner\_work\XPCO\XPCO\MIP\PlatformPlugin\VideoOS.Platform\src\Proxy\ConfigApi\ConfigurationApiItemWrapper.cs:line 104&#xD;
   at VideoOS.Platform.ConfigurationItems.Factory.IsItemTypeSupported(ServerId serverId, String itemType) in D:\actions-runner\_work\XPCO\XPCO\MIP\PlatformPlugin\VideoOS.Platform\src\ConfigurationItems\Factory.cs:line 464&#xD;
MIP: Error: LoginServerOauth (): https://1.2.3.5:55/ManagementServer/ServerCommandServiceOAuth.svc The method or operation is not implemented.&#xD;
MIP: Error: ConfigurationApiItemWrapper (): ConfigAPI GetItem(): System.NotImplementedException, The method or operation is not implemented.&#xD;
MIP: Error: Factory.IsItemTypeSupported (): Exception source:      VideoOS.Platform.SDK.UnitTests&#xD;
Exception type:        System.NotImplementedException&#xD;
Exception message:     The method or operation is not implemented.&#xD;
Exception target site: GetItem&#xD;
   at VideoOS.Platform.SDKUnittest.EnvironmentTests.TestConfigurationClientService.GetItem(String path) in D:\actions-runner\_work\XPCO\XPCO\MIP\MIPSDK\tst\VideoOS.Platform.SDK.UnitTests\EnvironmentTests\TestsWithCorporateShimsBase.cs:line 227&#xD;
   at VideoOS.Platform.Proxy.ConfigApi.ConfigurationApiItemWrapper..ctor(ServerId serverId, String path) in D:\actions-runner\_work\XPCO\XPCO\MIP\PlatformPlugin\VideoOS.Platform\src\Proxy\ConfigApi\ConfigurationApiItemWrapper.cs:line 104&#xD;
   at VideoOS.Platform.ConfigurationItems.Factory.IsItemTypeSupported(ServerId serverId, String itemType) in D:\actions-runner\_work\XPCO\XPCO\MIP\PlatformPlugin\VideoOS.Platform\src\ConfigurationItems\Factory.cs:line 464&#xD;
&#xD;
Factory.IsItemTypeSupportedFactory.IsItemTypeSupported ()The method or operation is not implemented.   at VideoOS.Platform.SDKUnittest.EnvironmentTests.TestConfigurationClientService.GetItem(String path) in D:\actions-runner\_work\XPCO\XPCO\MIP\MIPSDK\tst\VideoOS.Platform.SDK.UnitTests\EnvironmentTests\TestsWithCorporateShimsBase.cs:line 227&#xD;
   at VideoOS.Platform.Proxy.ConfigApi.ConfigurationApiItemWrapper..ctor(ServerId serverId, String path) in D:\actions-runner\_work\XPCO\XPCO\MIP\PlatformPlugin\VideoOS.Platform\src\Proxy\ConfigApi\ConfigurationApiItemWrapper.cs:line 104&#xD;
   at VideoOS.Platform.ConfigurationItems.Factory.IsItemTypeSupported(ServerId serverId, String itemType) in D:\actions-runner\_work\XPCO\XPCO\MIP\PlatformPlugin\VideoOS.Platform\src\ConfigurationItems\Factory.cs:line 464&#xD;
MIP: Error: GetConfiguration (): CustomSetting not found for the given platformDefinitionId: e145597a-ecaf-40a1-99e6-14bb9d45a09e&#xD;
MIP: Error: ConfigurationApiItemWrapper (): ConfigAPI GetItem(): System.NotImplementedException, The method or operation is not implemented.&#xD;
MIP: Error: Factory.IsItemTypeSupported (): Exception source:      VideoOS.Platform.SDK.UnitTests&#xD;
Exception type:        System.NotImplementedException&#xD;
Exception message:     The method or operation is not implemented.&#xD;
Exception target site: GetItem&#xD;
   at VideoOS.Platform.SDKUnittest.EnvironmentTests.TestConfigurationClientService.GetItem(String path) in D:\actions-runner\_work\XPCO\XPCO\MIP\MIPSDK\tst\VideoOS.Platform.SDK.UnitTests\EnvironmentTests\TestsWithCorporateShimsBase.cs:line 227&#xD;
   at VideoOS.Platform.Proxy.ConfigApi.ConfigurationApiItemWrapper..ctor(ServerId serverId, String path) in D:\actions-runner\_work\XPCO\XPCO\MIP\PlatformPlugin\VideoOS.Platform\src\Proxy\ConfigApi\ConfigurationApiItemWrapper.cs:line 104&#xD;
   at VideoOS.Platform.ConfigurationItems.Factory.IsItemTypeSupported(ServerId serverId, String itemType) in D:\actions-runner\_work\XPCO\XPCO\MIP\PlatformPlugin\VideoOS.Platform\src\ConfigurationItems\Factory.cs:line 464&#xD;
&#xD;
Factory.IsItemTypeSupportedFactory.IsItemTypeSupported ()The method or operation is not implemented.   at VideoOS.Platform.SDKUnittest.EnvironmentTests.TestConfigurationClientService.GetItem(String path) in D:\actions-runner\_work\XPCO\XPCO\MIP\MIPSDK\tst\VideoOS.Platform.SDK.UnitTests\EnvironmentTests\TestsWithCorporateShimsBase.cs:line 227&#xD;
   at VideoOS.Platform.Proxy.ConfigApi.ConfigurationApiItemWrapper..ctor(ServerId serverId, String path) in D:\actions-runner\_work\XPCO\XPCO\MIP\PlatformPlugin\VideoOS.Platform\src\Proxy\ConfigApi\ConfigurationApiItemWrapper.cs:line 104&#xD;
   at VideoOS.Platform.ConfigurationItems.Factory.IsItemTypeSupported(ServerId serverId, String itemType) in D:\actions-runner\_work\XPCO\XPCO\MIP\PlatformPlugin\VideoOS.Platform\src\ConfigurationItems\Factory.cs:line 464&#xD;
MIP: Error: LoginServerOauth (): https://1.2.3.5:55/ManagementServer/ServerCommandServiceOAuth.svc The method or operation is not implemented.&#xD;
MIP: Error: ConfigurationApiItemWrapper (): ConfigAPI GetItem(): System.NotImplementedException, The method or operation is not implemented.&#xD;
MIP: Error: Factory.IsItemTypeSupported (): Exception source:      VideoOS.Platform.SDK.UnitTests&#xD;
Exception type:        System.NotImplementedException&#xD;
Exception message:     The method or operation is not implemented.&#xD;
Exception target site: GetItem&#xD;
   at VideoOS.Platform.SDKUnittest.EnvironmentTests.TestConfigurationClientService.GetItem(String path) in D:\actions-runner\_work\XPCO\XPCO\MIP\MIPSDK\tst\VideoOS.Platform.SDK.UnitTests\EnvironmentTests\TestsWithCorporateShimsBase.cs:line 227&#xD;
   at VideoOS.Platform.Proxy.ConfigApi.ConfigurationApiItemWrapper..ctor(ServerId serverId, String path) in D:\actions-runner\_work\XPCO\XPCO\MIP\PlatformPlugin\VideoOS.Platform\src\Proxy\ConfigApi\ConfigurationApiItemWrapper.cs:line 104&#xD;
   at VideoOS.Platform.ConfigurationItems.Factory.IsItemTypeSupported(ServerId serverId, String itemType) in D:\actions-runner\_work\XPCO\XPCO\MIP\PlatformPlugin\VideoOS.Platform\src\ConfigurationItems\Factory.cs:line 464&#xD;
&#xD;
Factory.IsItemTypeSupportedFactory.IsItemTypeSupported ()The method or operation is not implemented.   at VideoOS.Platform.SDKUnittest.EnvironmentTests.TestConfigurationClientService.GetItem(String path) in D:\actions-runner\_work\XPCO\XPCO\MIP\MIPSDK\tst\VideoOS.Platform.SDK.UnitTests\EnvironmentTests\TestsWithCorporateShimsBase.cs:line 227&#xD;
   at VideoOS.Platform.Proxy.ConfigApi.ConfigurationApiItemWrapper..ctor(ServerId serverId, String path) in D:\actions-runner\_work\XPCO\XPCO\MIP\PlatformPlugin\VideoOS.Platform\src\Proxy\ConfigApi\ConfigurationApiItemWrapper.cs:line 104&#xD;
   at VideoOS.Platform.ConfigurationItems.Factory.IsItemTypeSupported(ServerId serverId, String itemType) in D:\actions-runner\_work\XPCO\XPCO\MIP\PlatformPlugin\VideoOS.Platform\src\ConfigurationItems\Factory.cs:line 464&#xD;
MIP: Error: ConfigurationApiItemWrapper (): ConfigAPI GetItem(): System.NotImplementedException, The method or operation is not implemented.&#xD;
MIP: Error: Factory.IsItemTypeSupported (): Exception source:      VideoOS.Platform.SDK.UnitTests&#xD;
Exception type:        System.NotImplementedException&#xD;
Exception message:     The method or operation is not implemented.&#xD;
Exception target site: GetItem&#xD;
   at VideoOS.Platform.SDKUnittest.EnvironmentTests.TestConfigurationClientService.GetItem(String path) in D:\actions-runner\_work\XPCO\XPCO\MIP\MIPSDK\tst\VideoOS.Platform.SDK.UnitTests\EnvironmentTests\TestsWithCorporateShimsBase.cs:line 227&#xD;
   at VideoOS.Platform.Proxy.ConfigApi.ConfigurationApiItemWrapper..ctor(ServerId serverId, String path) in D:\actions-runner\_work\XPCO\XPCO\MIP\PlatformPlugin\VideoOS.Platform\src\Proxy\ConfigApi\ConfigurationApiItemWrapper.cs:line 104&#xD;
   at VideoOS.Platform.ConfigurationItems.Factory.IsItemTypeSupported(ServerId serverId, String itemType) in D:\actions-runner\_work\XPCO\XPCO\MIP\PlatformPlugin\VideoOS.Platform\src\ConfigurationItems\Factory.cs:line 464&#xD;
&#xD;
Factory.IsItemTypeSupportedFactory.IsItemTypeSupported ()The method or operation is not implemented.   at VideoOS.Platform.SDKUnittest.EnvironmentTests.TestConfigurationClientService.GetItem(String path) in D:\actions-runner\_work\XPCO\XPCO\MIP\MIPSDK\tst\VideoOS.Platform.SDK.UnitTests\EnvironmentTests\TestsWithCorporateShimsBase.cs:line 227&#xD;
   at VideoOS.Platform.Proxy.ConfigApi.ConfigurationApiItemWrapper..ctor(ServerId serverId, String path) in D:\actions-runner\_work\XPCO\XPCO\MIP\PlatformPlugin\VideoOS.Platform\src\Proxy\ConfigApi\ConfigurationApiItemWrapper.cs:line 104&#xD;
   at VideoOS.Platform.ConfigurationItems.Factory.IsItemTypeSupported(ServerId serverId, String itemType) in D:\actions-runner\_work\XPCO\XPCO\MIP\PlatformPlugin\VideoOS.Platform\src\ConfigurationItems\Factory.cs:line 464&#xD;
MIP: Error: LoginServerOauth (): https://1.2.3.5:55/ManagementServer/ServerCommandServiceOAuth.svc The method or operation is not implemented.&#xD;
MIP: Error: ConfigurationApiItemWrapper (): ConfigAPI GetItem(): System.NotImplementedException, The method or operation is not implemented.&#xD;
MIP: Error: Factory.IsItemTypeSupported (): Exception source:      VideoOS.Platform.SDK.UnitTests&#xD;
Exception type:        System.NotImplementedException&#xD;
Exception message:     The method or operation is not implemented.&#xD;
Exception target site: GetItem&#xD;
   at VideoOS.Platform.SDKUnittest.EnvironmentTests.TestConfigurationClientService.GetItem(String path) in D:\actions-runner\_work\XPCO\XPCO\MIP\MIPSDK\tst\VideoOS.Platform.SDK.UnitTests\EnvironmentTests\TestsWithCorporateShimsBase.cs:line 227&#xD;
   at VideoOS.Platform.Proxy.ConfigApi.ConfigurationApiItemWrapper..ctor(ServerId serverId, String path) in D:\actions-runner\_work\XPCO\XPCO\MIP\PlatformPlugin\VideoOS.Platform\src\Proxy\ConfigApi\ConfigurationApiItemWrapper.cs:line 104&#xD;
   at VideoOS.Platform.ConfigurationItems.Factory.IsItemTypeSupported(ServerId serverId, String itemType) in D:\actions-runner\_work\XPCO\XPCO\MIP\PlatformPlugin\VideoOS.Platform\src\ConfigurationItems\Factory.cs:line 464&#xD;
&#xD;
Factory.IsItemTypeSupportedFactory.IsItemTypeSupported ()The method or operation is not implemented.   at VideoOS.Platform.SDKUnittest.EnvironmentTests.TestConfigurationClientService.GetItem(String path) in D:\actions-runner\_work\XPCO\XPCO\MIP\MIPSDK\tst\VideoOS.Platform.SDK.UnitTests\EnvironmentTests\TestsWithCorporateShimsBase.cs:line 227&#xD;
   at VideoOS.Platform.Proxy.ConfigApi.ConfigurationApiItemWrapper..ctor(ServerId serverId, String path) in D:\actions-runner\_work\XPCO\XPCO\MIP\PlatformPlugin\VideoOS.Platform\src\Proxy\ConfigApi\ConfigurationApiItemWrapper.cs:line 104&#xD;
   at VideoOS.Platform.ConfigurationItems.Factory.IsItemTypeSupported(ServerId serverId, String itemType) in D:\actions-runner\_work\XPCO\XPCO\MIP\PlatformPlugin\VideoOS.Platform\src\ConfigurationItems\Factory.cs:line 464&#xD;
MIP: Error: GetConfiguration (): CustomSetting not found for the given platformDefinitionId: e145597a-ecaf-40a1-99e6-14bb9d45a09e&#xD;
MIP: Error: ConfigurationApiItemWrapper (): ConfigAPI GetItem(): System.NotImplementedException, The method or operation is not implemented.&#xD;
MIP: Error: Factory.IsItemTypeSupported (): Exception source:      VideoOS.Platform.SDK.UnitTests&#xD;
Exception type:        System.NotImplementedException&#xD;
Exception message:     The method or operation is not implemented.&#xD;
Exception target site: GetItem&#xD;
   at VideoOS.Platform.SDKUnittest.EnvironmentTests.TestConfigurationClientService.GetItem(String path) in D:\actions-runner\_work\XPCO\XPCO\MIP\MIPSDK\tst\VideoOS.Platform.SDK.UnitTests\EnvironmentTests\TestsWithCorporateShimsBase.cs:line 227&#xD;
   at VideoOS.Platform.Proxy.ConfigApi.ConfigurationApiItemWrapper..ctor(ServerId serverId, String path) in D:\actions-runner\_work\XPCO\XPCO\MIP\PlatformPlugin\VideoOS.Platform\src\Proxy\ConfigApi\ConfigurationApiItemWrapper.cs:line 104&#xD;
   at VideoOS.Platform.ConfigurationItems.Factory.IsItemTypeSupported(ServerId serverId, String itemType) in D:\actions-runner\_work\XPCO\XPCO\MIP\PlatformPlugin\VideoOS.Platform\src\ConfigurationItems\Factory.cs:line 464&#xD;
&#xD;
Factory.IsItemTypeSupportedFactory.IsItemTypeSupported ()The method or operation is not implemented.   at VideoOS.Platform.SDKUnittest.EnvironmentTests.TestConfigurationClientService.GetItem(String path) in D:\actions-runner\_work\XPCO\XPCO\MIP\MIPSDK\tst\VideoOS.Platform.SDK.UnitTests\EnvironmentTests\TestsWithCorporateShimsBase.cs:line 227&#xD;
   at VideoOS.Platform.Proxy.ConfigApi.ConfigurationApiItemWrapper..ctor(ServerId serverId, String path) in D:\actions-runner\_work\XPCO\XPCO\MIP\PlatformPlugin\VideoOS.Platform\src\Proxy\ConfigApi\ConfigurationApiItemWrapper.cs:line 104&#xD;
   at VideoOS.Platform.ConfigurationItems.Factory.IsItemTypeSupported(ServerId serverId, String itemType) in D:\actions-runner\_work\XPCO\XPCO\MIP\PlatformPlugin\VideoOS.Platform\src\ConfigurationItems\Factory.cs:line 464&#xD;
MIP: Error: LoginServerOauth (): https://1.2.3.5:55/ManagementServer/ServerCommandServiceOAuth.svc The method or operation is not implemented.&#xD;
MIP: Error: ConfigurationApiItemWrapper (): ConfigAPI GetItem(): System.NotImplementedException, The method or operation is not implemented.&#xD;
MIP: Error: Factory.IsItemTypeSupported (): Exception source:      VideoOS.Platform.SDK.UnitTests&#xD;
Exception type:        System.NotImplementedException&#xD;
Exception message:     The method or operation is not implemented.&#xD;
Exception target site: GetItem&#xD;
   at VideoOS.Platform.SDKUnittest.EnvironmentTests.TestConfigurationClientService.GetItem(String path) in D:\actions-runner\_work\XPCO\XPCO\MIP\MIPSDK\tst\VideoOS.Platform.SDK.UnitTests\EnvironmentTests\TestsWithCorporateShimsBase.cs:line 227&#xD;
   at VideoOS.Platform.Proxy.ConfigApi.ConfigurationApiItemWrapper..ctor(ServerId serverId, String path) in D:\actions-runner\_work\XPCO\XPCO\MIP\PlatformPlugin\VideoOS.Platform\src\Proxy\ConfigApi\ConfigurationApiItemWrapper.cs:line 104&#xD;
   at VideoOS.Platform.ConfigurationItems.Factory.IsItemTypeSupported(ServerId serverId, String itemType) in D:\actions-runner\_work\XPCO\XPCO\MIP\PlatformPlugin\VideoOS.Platform\src\ConfigurationItems\Factory.cs:line 464&#xD;
&#xD;
Factory.IsItemTypeSupportedFactory.IsItemTypeSupported ()The method or operation is not implemented.   at VideoOS.Platform.SDKUnittest.EnvironmentTests.TestConfigurationClientService.GetItem(String path) in D:\actions-runner\_work\XPCO\XPCO\MIP\MIPSDK\tst\VideoOS.Platform.SDK.UnitTests\EnvironmentTests\TestsWithCorporateShimsBase.cs:line 227&#xD;
   at VideoOS.Platform.Proxy.ConfigApi.ConfigurationApiItemWrapper..ctor(ServerId serverId, String path) in D:\actions-runner\_work\XPCO\XPCO\MIP\PlatformPlugin\VideoOS.Platform\src\Proxy\ConfigApi\ConfigurationApiItemWrapper.cs:line 104&#xD;
   at VideoOS.Platform.ConfigurationItems.Factory.IsItemTypeSupported(ServerId serverId, String itemType) in D:\actions-runner\_work\XPCO\XPCO\MIP\PlatformPlugin\VideoOS.Platform\src\ConfigurationItems\Factory.cs:line 464&#xD;
MIP: Error: ConfigurationApiItemWrapper (): ConfigAPI GetItem(): System.NotImplementedException, The method or operation is not implemented.&#xD;
MIP: Error: Factory.IsItemTypeSupported (): Exception source:      VideoOS.Platform.SDK.UnitTests&#xD;
Exception type:        System.NotImplementedException&#xD;
Exception message:     The method or operation is not implemented.&#xD;
Exception target site: GetItem&#xD;
   at VideoOS.Platform.SDKUnittest.EnvironmentTests.TestConfigurationClientService.GetItem(String path) in D:\actions-runner\_work\XPCO\XPCO\MIP\MIPSDK\tst\VideoOS.Platform.SDK.UnitTests\EnvironmentTests\TestsWithCorporateShimsBase.cs:line 227&#xD;
   at VideoOS.Platform.Proxy.ConfigApi.ConfigurationApiItemWrapper..ctor(ServerId serverId, String path) in D:\actions-runner\_work\XPCO\XPCO\MIP\PlatformPlugin\VideoOS.Platform\src\Proxy\ConfigApi\ConfigurationApiItemWrapper.cs:line 104&#xD;
   at VideoOS.Platform.ConfigurationItems.Factory.IsItemTypeSupported(ServerId serverId, String itemType) in D:\actions-runner\_work\XPCO\XPCO\MIP\PlatformPlugin\VideoOS.Platform\src\ConfigurationItems\Factory.cs:line 464&#xD;
&#xD;
Factory.IsItemTypeSupportedFactory.IsItemTypeSupported ()The method or operation is not implemented.   at VideoOS.Platform.SDKUnittest.EnvironmentTests.TestConfigurationClientService.GetItem(String path) in D:\actions-runner\_work\XPCO\XPCO\MIP\MIPSDK\tst\VideoOS.Platform.SDK.UnitTests\EnvironmentTests\TestsWithCorporateShimsBase.cs:line 227&#xD;
   at VideoOS.Platform.Proxy.ConfigApi.ConfigurationApiItemWrapper..ctor(ServerId serverId, String path) in D:\actions-runner\_work\XPCO\XPCO\MIP\PlatformPlugin\VideoOS.Platform\src\Proxy\ConfigApi\ConfigurationApiItemWrapper.cs:line 104&#xD;
   at VideoOS.Platform.ConfigurationItems.Factory.IsItemTypeSupported(ServerId serverId, String itemType) in D:\actions-runner\_work\XPCO\XPCO\MIP\PlatformPlugin\VideoOS.Platform\src\ConfigurationItems\Factory.cs:line 464&#xD;
MIP: Error: ConfigurationApiItemWrapper (): ConfigAPI GetItem(): System.NotImplementedException, The method or operation is not implemented.&#xD;
MIP: Error: Factory.IsItemTypeSupported (): Exception source:      VideoOS.Platform.SDK.UnitTests&#xD;
Exception type:        System.NotImplementedException&#xD;
Exception message:     The method or operation is not implemented.&#xD;
Exception target site: GetItem&#xD;
   at VideoOS.Platform.SDKUnittest.EnvironmentTests.TestConfigurationClientService.GetItem(String path) in D:\actions-runner\_work\XPCO\XPCO\MIP\MIPSDK\tst\VideoOS.Platform.SDK.UnitTests\EnvironmentTests\TestsWithCorporateShimsBase.cs:line 227&#xD;
   at VideoOS.Platform.Proxy.ConfigApi.ConfigurationApiItemWrapper..ctor(ServerId serverId, String path) in D:\actions-runner\_work\XPCO\XPCO\MIP\PlatformPlugin\VideoOS.Platform\src\Proxy\ConfigApi\ConfigurationApiItemWrapper.cs:line 104&#xD;
   at VideoOS.Platform.ConfigurationItems.Factory.IsItemTypeSupported(ServerId serverId, String itemType) in D:\actions-runner\_work\XPCO\XPCO\MIP\PlatformPlugin\VideoOS.Platform\src\ConfigurationItems\Factory.cs:line 464&#xD;
&#xD;
Factory.IsItemTypeSupportedFactory.IsItemTypeSupported ()The method or operation is not implemented.   at VideoOS.Platform.SDKUnittest.EnvironmentTests.TestConfigurationClientService.GetItem(String path) in D:\actions-runner\_work\XPCO\XPCO\MIP\MIPSDK\tst\VideoOS.Platform.SDK.UnitTests\EnvironmentTests\TestsWithCorporateShimsBase.cs:line 227&#xD;
   at VideoOS.Platform.Proxy.ConfigApi.ConfigurationApiItemWrapper..ctor(ServerId serverId, String path) in D:\actions-runner\_work\XPCO\XPCO\MIP\PlatformPlugin\VideoOS.Platform\src\Proxy\ConfigApi\ConfigurationApiItemWrapper.cs:line 104&#xD;
   at VideoOS.Platform.ConfigurationItems.Factory.IsItemTypeSupported(ServerId serverId, String itemType) in D:\actions-runner\_work\XPCO\XPCO\MIP\PlatformPlugin\VideoOS.Platform\src\ConfigurationItems\Factory.cs:line 464&#xD;
MIP: Error: ConfigurationApiItemWrapper (): ConfigAPI GetItem(): System.NotImplementedException, The method or operation is not implemented.&#xD;
MIP: Error: Factory.IsItemTypeSupported (): Exception source:      VideoOS.Platform.SDK.UnitTests&#xD;
Exception type:        System.NotImplementedException&#xD;
Exception message:     The method or operation is not implemented.&#xD;
Exception target site: GetItem&#xD;
   at VideoOS.Platform.SDKUnittest.EnvironmentTests.TestConfigurationClientService.GetItem(String path) in D:\actions-runner\_work\XPCO\XPCO\MIP\MIPSDK\tst\VideoOS.Platform.SDK.UnitTests\EnvironmentTests\TestsWithCorporateShimsBase.cs:line 227&#xD;
   at VideoOS.Platform.Proxy.ConfigApi.ConfigurationApiItemWrapper..ctor(ServerId serverId, String path) in D:\actions-runner\_work\XPCO\XPCO\MIP\PlatformPlugin\VideoOS.Platform\src\Proxy\ConfigApi\ConfigurationApiItemWrapper.cs:line 104&#xD;
   at VideoOS.Platform.ConfigurationItems.Factory.IsItemTypeSupported(ServerId serverId, String itemType) in D:\actions-runner\_work\XPCO\XPCO\MIP\PlatformPlugin\VideoOS.Platform\src\ConfigurationItems\Factory.cs:line 464&#xD;
&#xD;
Factory.IsItemTypeSupportedFactory.IsItemTypeSupported ()The method or operation is not implemented.   at VideoOS.Platform.SDKUnittest.EnvironmentTests.TestConfigurationClientService.GetItem(String path) in D:\actions-runner\_work\XPCO\XPCO\MIP\MIPSDK\tst\VideoOS.Platform.SDK.UnitTests\EnvironmentTests\TestsWithCorporateShimsBase.cs:line 227&#xD;
   at VideoOS.Platform.Proxy.ConfigApi.ConfigurationApiItemWrapper..ctor(ServerId serverId, String path) in D:\actions-runner\_work\XPCO\XPCO\MIP\PlatformPlugin\VideoOS.Platform\src\Proxy\ConfigApi\ConfigurationApiItemWrapper.cs:line 104&#xD;
   at VideoOS.Platform.ConfigurationItems.Factory.IsItemTypeSupported(ServerId serverId, String itemType) in D:\actions-runner\_work\XPCO\XPCO\MIP\PlatformPlugin\VideoOS.Platform\src\ConfigurationItems\Factory.cs:line 464&#xD;
MIP: Error: ConfigurationApiItemWrapper (): ConfigAPI GetItem(): System.NotImplementedException, The method or operation is not implemented.&#xD;
MIP: Error: Factory.IsItemTypeSupported (): Exception source:      VideoOS.Platform.SDK.UnitTests&#xD;
Exception type:        System.NotImplementedException&#xD;
Exception message:     The method or operation is not implemented.&#xD;
Exception target site: GetItem&#xD;
   at VideoOS.Platform.SDKUnittest.EnvironmentTests.TestConfigurationClientService.GetItem(String path) in D:\actions-runner\_work\XPCO\XPCO\MIP\MIPSDK\tst\VideoOS.Platform.SDK.UnitTests\EnvironmentTests\TestsWithCorporateShimsBase.cs:line 227&#xD;
   at VideoOS.Platform.Proxy.ConfigApi.ConfigurationApiItemWrapper..ctor(ServerId serverId, String path) in D:\actions-runner\_work\XPCO\XPCO\MIP\PlatformPlugin\VideoOS.Platform\src\Proxy\ConfigApi\ConfigurationApiItemWrapper.cs:line 104&#xD;
   at VideoOS.Platform.ConfigurationItems.Factory.IsItemTypeSupported(ServerId serverId, String itemType) in D:\actions-runner\_work\XPCO\XPCO\MIP\PlatformPlugin\VideoOS.Platform\src\ConfigurationItems\Factory.cs:line 464&#xD;
&#xD;
Factory.IsItemTypeSupportedFactory.IsItemTypeSupported ()The method or operation is not implemented.   at VideoOS.Platform.SDKUnittest.EnvironmentTests.TestConfigurationClientService.GetItem(String path) in D:\actions-runner\_work\XPCO\XPCO\MIP\MIPSDK\tst\VideoOS.Platform.SDK.UnitTests\EnvironmentTests\TestsWithCorporateShimsBase.cs:line 227&#xD;
   at VideoOS.Platform.Proxy.ConfigApi.ConfigurationApiItemWrapper..ctor(ServerId serverId, String path) in D:\actions-runner\_work\XPCO\XPCO\MIP\PlatformPlugin\VideoOS.Platform\src\Proxy\ConfigApi\ConfigurationApiItemWrapper.cs:line 104&#xD;
   at VideoOS.Platform.ConfigurationItems.Factory.IsItemTypeSupported(ServerId serverId, String itemType) in D:\actions-runner\_work\XPCO\XPCO\MIP\PlatformPlugin\VideoOS.Platform\src\ConfigurationItems\Factory.cs:line 464</StdOut>
      </Output>
    </UnitTestResult>
    <UnitTestResult executionId="15a392c6-88c0-4fd9-9771-4b086df69667" testId="e7650ef8-614d-7abe-3813-4e9e0ee43d28" testName="Regression_AfterUnInitialize_InstancesNotSame" computerName="DKSR-EFI-06" duration="00:00:00.0017141" startTime="2024-01-09T15:46:03.4536465+01:00" endTime="2024-01-09T15:46:03.4554997+01:00" testType="13cdc9d9-ddb5-4fa4-a97d-d965ccfc6d4b" outcome="Passed" testListId="8c84fa94-04c1-424b-9868-57a2d4851a1d" relativeResultsDirectory="15a392c6-88c0-4fd9-9771-4b086df69667" />
    <UnitTestResult executionId="70df51d4-6ed4-48be-b104-ac79b7202fc1" testId="e0c41eb4-ca64-4ddf-9983-492652c1f0d6" testName="Given_SubScriptionAdded_When_RemoveSubscriptionSuccesful_Then_MethodSucceeds" computerName="DKSR-EFI-06" duration="00:00:00.0027069" startTime="2024-01-09T15:46:05.3864725+01:00" endTime="2024-01-09T15:46:05.3894766+01:00" testType="13cdc9d9-ddb5-4fa4-a97d-d965ccfc6d4b" outcome="Passed" testListId="8c84fa94-04c1-424b-9868-57a2d4851a1d" relativeResultsDirectory="70df51d4-6ed4-48be-b104-ac79b7202fc1" />
    <UnitTestResult executionId="8bfcb224-f754-402c-b78c-4156e34f39f4" testId="6326290f-8e50-bc28-9f9e-5ff9f9bd3c53" testName="Given_Connected_When_ResumeSessionSuccesful_Then_ASuccessAndSessionIdIsReturned" computerName="DKSR-EFI-06" duration="00:00:00.0043753" startTime="2024-01-09T15:46:05.3637556+01:00" endTime="2024-01-09T15:46:05.3684443+01:00" testType="13cdc9d9-ddb5-4fa4-a97d-d965ccfc6d4b" outcome="Passed" testListId="8c84fa94-04c1-424b-9868-57a2d4851a1d" relativeResultsDirectory="8bfcb224-f754-402c-b78c-4156e34f39f4" />
    <UnitTestResult executionId="30b04b44-b013-47f7-9244-6091b5c78779" testId="23b8a97d-73db-ca9d-ee8d-e27bad17d5d3" testName="Given_Nothing_When_AMessageCannotBeParsed_Then_ItIsLoggedAsWarning" computerName="DKSR-EFI-06" duration="00:00:00.0037306" startTime="2024-01-09T15:46:05.2789042+01:00" endTime="2024-01-09T15:46:05.2829209+01:00" testType="13cdc9d9-ddb5-4fa4-a97d-d965ccfc6d4b" outcome="Passed" testListId="8c84fa94-04c1-424b-9868-57a2d4851a1d" relativeResultsDirectory="30b04b44-b013-47f7-9244-6091b5c78779" />
    <UnitTestResult executionId="230b9c79-8d55-4fa4-bf16-5a4d7af41141" testId="e7459368-bf71-df4a-32b1-79ab60633652" testName="TryCreateParentUri_WhenFirstUrlKeyPresent_ReturnsIt" computerName="DKSR-EFI-06" duration="00:00:00.0115498" startTime="2024-01-09T15:46:04.8935168+01:00" endTime="2024-01-09T15:46:04.9054968+01:00" testType="13cdc9d9-ddb5-4fa4-a97d-d965ccfc6d4b" outcome="Passed" testListId="8c84fa94-04c1-424b-9868-57a2d4851a1d" relativeResultsDirectory="230b9c79-8d55-4fa4-bf16-5a4d7af41141" />
    <UnitTestResult executionId="69a5c04d-64a6-4914-80bb-6cffe6a2ed32" testId="3298a0bb-4507-4949-b804-b0b1ba735235" testName="XpcoLoginAndGetConfgurationBasic" computerName="DKSR-EFI-06" duration="00:00:01.0820439" startTime="2024-01-09T15:46:15.7982153+01:00" endTime="2024-01-09T15:46:16.8809493+01:00" testType="13cdc9d9-ddb5-4fa4-a97d-d965ccfc6d4b" outcome="Passed" testListId="8c84fa94-04c1-424b-9868-57a2d4851a1d" relativeResultsDirectory="69a5c04d-64a6-4914-80bb-6cffe6a2ed32">
      <Output>
        <StdOut>Debug Trace:&#xD;
TopLevelControl returns null. PostMessage may have problems&#xD;
MIP: Error: ConfigurationApiItemWrapper (): ConfigAPI GetItem(): System.NotImplementedException, The method or operation is not implemented.&#xD;
MIP: Error: Factory.IsItemTypeSupported (): Exception source:      VideoOS.Platform.SDK.UnitTests&#xD;
Exception type:        System.NotImplementedException&#xD;
Exception message:     The method or operation is not implemented.&#xD;
Exception target site: GetItem&#xD;
   at VideoOS.Platform.SDKUnittest.EnvironmentTests.TestConfigurationClientService.GetItem(String path) in D:\actions-runner\_work\XPCO\XPCO\MIP\MIPSDK\tst\VideoOS.Platform.SDK.UnitTests\EnvironmentTests\TestsWithCorporateShimsBase.cs:line 227&#xD;
   at VideoOS.Platform.Proxy.ConfigApi.ConfigurationApiItemWrapper..ctor(ServerId serverId, String path) in D:\actions-runner\_work\XPCO\XPCO\MIP\PlatformPlugin\VideoOS.Platform\src\Proxy\ConfigApi\ConfigurationApiItemWrapper.cs:line 104&#xD;
   at VideoOS.Platform.ConfigurationItems.Factory.IsItemTypeSupported(ServerId serverId, String itemType) in D:\actions-runner\_work\XPCO\XPCO\MIP\PlatformPlugin\VideoOS.Platform\src\ConfigurationItems\Factory.cs:line 464&#xD;
&#xD;
Factory.IsItemTypeSupportedFactory.IsItemTypeSupported ()The method or operation is not implemented.   at VideoOS.Platform.SDKUnittest.EnvironmentTests.TestConfigurationClientService.GetItem(String path) in D:\actions-runner\_work\XPCO\XPCO\MIP\MIPSDK\tst\VideoOS.Platform.SDK.UnitTests\EnvironmentTests\TestsWithCorporateShimsBase.cs:line 227&#xD;
   at VideoOS.Platform.Proxy.ConfigApi.ConfigurationApiItemWrapper..ctor(ServerId serverId, String path) in D:\actions-runner\_work\XPCO\XPCO\MIP\PlatformPlugin\VideoOS.Platform\src\Proxy\ConfigApi\ConfigurationApiItemWrapper.cs:line 104&#xD;
   at VideoOS.Platform.ConfigurationItems.Factory.IsItemTypeSupported(ServerId serverId, String itemType) in D:\actions-runner\_work\XPCO\XPCO\MIP\PlatformPlugin\VideoOS.Platform\src\ConfigurationItems\Factory.cs:line 464&#xD;
MIP: Error: GetConfiguration (): CustomSetting not found for the given platformDefinitionId: e145597a-ecaf-40a1-99e6-14bb9d45a09e&#xD;
MIP: Error: ConfigurationApiItemWrapper (): ConfigAPI GetItem(): System.NotImplementedException, The method or operation is not implemented.&#xD;
MIP: Error: Factory.IsItemTypeSupported (): Exception source:      VideoOS.Platform.SDK.UnitTests&#xD;
Exception type:        System.NotImplementedException&#xD;
Exception message:     The method or operation is not implemented.&#xD;
Exception target site: GetItem&#xD;
   at VideoOS.Platform.SDKUnittest.EnvironmentTests.TestConfigurationClientService.GetItem(String path) in D:\actions-runner\_work\XPCO\XPCO\MIP\MIPSDK\tst\VideoOS.Platform.SDK.UnitTests\EnvironmentTests\TestsWithCorporateShimsBase.cs:line 227&#xD;
   at VideoOS.Platform.Proxy.ConfigApi.ConfigurationApiItemWrapper..ctor(ServerId serverId, String path) in D:\actions-runner\_work\XPCO\XPCO\MIP\PlatformPlugin\VideoOS.Platform\src\Proxy\ConfigApi\ConfigurationApiItemWrapper.cs:line 104&#xD;
   at VideoOS.Platform.ConfigurationItems.Factory.IsItemTypeSupported(ServerId serverId, String itemType) in D:\actions-runner\_work\XPCO\XPCO\MIP\PlatformPlugin\VideoOS.Platform\src\ConfigurationItems\Factory.cs:line 464&#xD;
&#xD;
Factory.IsItemTypeSupportedFactory.IsItemTypeSupported ()The method or operation is not implemented.   at VideoOS.Platform.SDKUnittest.EnvironmentTests.TestConfigurationClientService.GetItem(String path) in D:\actions-runner\_work\XPCO\XPCO\MIP\MIPSDK\tst\VideoOS.Platform.SDK.UnitTests\EnvironmentTests\TestsWithCorporateShimsBase.cs:line 227&#xD;
   at VideoOS.Platform.Proxy.ConfigApi.ConfigurationApiItemWrapper..ctor(ServerId serverId, String path) in D:\actions-runner\_work\XPCO\XPCO\MIP\PlatformPlugin\VideoOS.Platform\src\Proxy\ConfigApi\ConfigurationApiItemWrapper.cs:line 104&#xD;
   at VideoOS.Platform.ConfigurationItems.Factory.IsItemTypeSupported(ServerId serverId, String itemType) in D:\actions-runner\_work\XPCO\XPCO\MIP\PlatformPlugin\VideoOS.Platform\src\ConfigurationItems\Factory.cs:line 464&#xD;
MIP: Error: LoginServerOauth (): https://1.2.3.5:55/ManagementServer/ServerCommandServiceOAuth.svc The method or operation is not implemented.&#xD;
MIP: Error: ConfigurationApiItemWrapper (): ConfigAPI GetItem(): System.NotImplementedException, The method or operation is not implemented.&#xD;
MIP: Error: Factory.IsItemTypeSupported (): Exception source:      VideoOS.Platform.SDK.UnitTests&#xD;
Exception type:        System.NotImplementedException&#xD;
Exception message:     The method or operation is not implemented.&#xD;
Exception target site: GetItem&#xD;
   at VideoOS.Platform.SDKUnittest.EnvironmentTests.TestConfigurationClientService.GetItem(String path) in D:\actions-runner\_work\XPCO\XPCO\MIP\MIPSDK\tst\VideoOS.Platform.SDK.UnitTests\EnvironmentTests\TestsWithCorporateShimsBase.cs:line 227&#xD;
   at VideoOS.Platform.Proxy.ConfigApi.ConfigurationApiItemWrapper..ctor(ServerId serverId, String path) in D:\actions-runner\_work\XPCO\XPCO\MIP\PlatformPlugin\VideoOS.Platform\src\Proxy\ConfigApi\ConfigurationApiItemWrapper.cs:line 104&#xD;
   at VideoOS.Platform.ConfigurationItems.Factory.IsItemTypeSupported(ServerId serverId, String itemType) in D:\actions-runner\_work\XPCO\XPCO\MIP\PlatformPlugin\VideoOS.Platform\src\ConfigurationItems\Factory.cs:line 464&#xD;
&#xD;
Factory.IsItemTypeSupportedFactory.IsItemTypeSupported ()The method or operation is not implemented.   at VideoOS.Platform.SDKUnittest.EnvironmentTests.TestConfigurationClientService.GetItem(String path) in D:\actions-runner\_work\XPCO\XPCO\MIP\MIPSDK\tst\VideoOS.Platform.SDK.UnitTests\EnvironmentTests\TestsWithCorporateShimsBase.cs:line 227&#xD;
   at VideoOS.Platform.Proxy.ConfigApi.ConfigurationApiItemWrapper..ctor(ServerId serverId, String path) in D:\actions-runner\_work\XPCO\XPCO\MIP\PlatformPlugin\VideoOS.Platform\src\Proxy\ConfigApi\ConfigurationApiItemWrapper.cs:line 104&#xD;
   at VideoOS.Platform.ConfigurationItems.Factory.IsItemTypeSupported(ServerId serverId, String itemType) in D:\actions-runner\_work\XPCO\XPCO\MIP\PlatformPlugin\VideoOS.Platform\src\ConfigurationItems\Factory.cs:line 464&#xD;
MIP: Error: GetConfiguration (): CustomSetting not found for the given platformDefinitionId: e145597a-ecaf-40a1-99e6-14bb9d45a09e&#xD;
MIP: Error: ConfigurationApiItemWrapper (): ConfigAPI GetItem(): System.NotImplementedException, The method or operation is not implemented.&#xD;
MIP: Error: Factory.IsItemTypeSupported (): Exception source:      VideoOS.Platform.SDK.UnitTests&#xD;
Exception type:        System.NotImplementedException&#xD;
Exception message:     The method or operation is not implemented.&#xD;
Exception target site: GetItem&#xD;
   at VideoOS.Platform.SDKUnittest.EnvironmentTests.TestConfigurationClientService.GetItem(String path) in D:\actions-runner\_work\XPCO\XPCO\MIP\MIPSDK\tst\VideoOS.Platform.SDK.UnitTests\EnvironmentTests\TestsWithCorporateShimsBase.cs:line 227&#xD;
   at VideoOS.Platform.Proxy.ConfigApi.ConfigurationApiItemWrapper..ctor(ServerId serverId, String path) in D:\actions-runner\_work\XPCO\XPCO\MIP\PlatformPlugin\VideoOS.Platform\src\Proxy\ConfigApi\ConfigurationApiItemWrapper.cs:line 104&#xD;
   at VideoOS.Platform.ConfigurationItems.Factory.IsItemTypeSupported(ServerId serverId, String itemType) in D:\actions-runner\_work\XPCO\XPCO\MIP\PlatformPlugin\VideoOS.Platform\src\ConfigurationItems\Factory.cs:line 464&#xD;
&#xD;
Factory.IsItemTypeSupportedFactory.IsItemTypeSupported ()The method or operation is not implemented.   at VideoOS.Platform.SDKUnittest.EnvironmentTests.TestConfigurationClientService.GetItem(String path) in D:\actions-runner\_work\XPCO\XPCO\MIP\MIPSDK\tst\VideoOS.Platform.SDK.UnitTests\EnvironmentTests\TestsWithCorporateShimsBase.cs:line 227&#xD;
   at VideoOS.Platform.Proxy.ConfigApi.ConfigurationApiItemWrapper..ctor(ServerId serverId, String path) in D:\actions-runner\_work\XPCO\XPCO\MIP\PlatformPlugin\VideoOS.Platform\src\Proxy\ConfigApi\ConfigurationApiItemWrapper.cs:line 104&#xD;
   at VideoOS.Platform.ConfigurationItems.Factory.IsItemTypeSupported(ServerId serverId, String itemType) in D:\actions-runner\_work\XPCO\XPCO\MIP\PlatformPlugin\VideoOS.Platform\src\ConfigurationItems\Factory.cs:line 464&#xD;
MIP: Error: LoginServerOauth (): https://1.2.3.5:55/ManagementServer/ServerCommandServiceOAuth.svc The method or operation is not implemented.&#xD;
MIP: Error: ConfigurationApiItemWrapper (): ConfigAPI GetItem(): System.NotImplementedException, The method or operation is not implemented.&#xD;
MIP: Error: Factory.IsItemTypeSupported (): Exception source:      VideoOS.Platform.SDK.UnitTests&#xD;
Exception type:        System.NotImplementedException&#xD;
Exception message:     The method or operation is not implemented.&#xD;
Exception target site: GetItem&#xD;
   at VideoOS.Platform.SDKUnittest.EnvironmentTests.TestConfigurationClientService.GetItem(String path) in D:\actions-runner\_work\XPCO\XPCO\MIP\MIPSDK\tst\VideoOS.Platform.SDK.UnitTests\EnvironmentTests\TestsWithCorporateShimsBase.cs:line 227&#xD;
   at VideoOS.Platform.Proxy.ConfigApi.ConfigurationApiItemWrapper..ctor(ServerId serverId, String path) in D:\actions-runner\_work\XPCO\XPCO\MIP\PlatformPlugin\VideoOS.Platform\src\Proxy\ConfigApi\ConfigurationApiItemWrapper.cs:line 104&#xD;
   at VideoOS.Platform.ConfigurationItems.Factory.IsItemTypeSupported(ServerId serverId, String itemType) in D:\actions-runner\_work\XPCO\XPCO\MIP\PlatformPlugin\VideoOS.Platform\src\ConfigurationItems\Factory.cs:line 464&#xD;
&#xD;
Factory.IsItemTypeSupportedFactory.IsItemTypeSupported ()The method or operation is not implemented.   at VideoOS.Platform.SDKUnittest.EnvironmentTests.TestConfigurationClientService.GetItem(String path) in D:\actions-runner\_work\XPCO\XPCO\MIP\MIPSDK\tst\VideoOS.Platform.SDK.UnitTests\EnvironmentTests\TestsWithCorporateShimsBase.cs:line 227&#xD;
   at VideoOS.Platform.Proxy.ConfigApi.ConfigurationApiItemWrapper..ctor(ServerId serverId, String path) in D:\actions-runner\_work\XPCO\XPCO\MIP\PlatformPlugin\VideoOS.Platform\src\Proxy\ConfigApi\ConfigurationApiItemWrapper.cs:line 104&#xD;
   at VideoOS.Platform.ConfigurationItems.Factory.IsItemTypeSupported(ServerId serverId, String itemType) in D:\actions-runner\_work\XPCO\XPCO\MIP\PlatformPlugin\VideoOS.Platform\src\ConfigurationItems\Factory.cs:line 464&#xD;
MIP: Error: ConfigurationApiItemWrapper (): ConfigAPI GetItem(): System.NotImplementedException, The method or operation is not implemented.&#xD;
MIP: Error: Factory.IsItemTypeSupported (): Exception source:      VideoOS.Platform.SDK.UnitTests&#xD;
Exception type:        System.NotImplementedException&#xD;
Exception message:     The method or operation is not implemented.&#xD;
Exception target site: GetItem&#xD;
   at VideoOS.Platform.SDKUnittest.EnvironmentTests.TestConfigurationClientService.GetItem(String path) in D:\actions-runner\_work\XPCO\XPCO\MIP\MIPSDK\tst\VideoOS.Platform.SDK.UnitTests\EnvironmentTests\TestsWithCorporateShimsBase.cs:line 227&#xD;
   at VideoOS.Platform.Proxy.ConfigApi.ConfigurationApiItemWrapper..ctor(ServerId serverId, String path) in D:\actions-runner\_work\XPCO\XPCO\MIP\PlatformPlugin\VideoOS.Platform\src\Proxy\ConfigApi\ConfigurationApiItemWrapper.cs:line 104&#xD;
   at VideoOS.Platform.ConfigurationItems.Factory.IsItemTypeSupported(ServerId serverId, String itemType) in D:\actions-runner\_work\XPCO\XPCO\MIP\PlatformPlugin\VideoOS.Platform\src\ConfigurationItems\Factory.cs:line 464&#xD;
&#xD;
Factory.IsItemTypeSupportedFactory.IsItemTypeSupported ()The method or operation is not implemented.   at VideoOS.Platform.SDKUnittest.EnvironmentTests.TestConfigurationClientService.GetItem(String path) in D:\actions-runner\_work\XPCO\XPCO\MIP\MIPSDK\tst\VideoOS.Platform.SDK.UnitTests\EnvironmentTests\TestsWithCorporateShimsBase.cs:line 227&#xD;
   at VideoOS.Platform.Proxy.ConfigApi.ConfigurationApiItemWrapper..ctor(ServerId serverId, String path) in D:\actions-runner\_work\XPCO\XPCO\MIP\PlatformPlugin\VideoOS.Platform\src\Proxy\ConfigApi\ConfigurationApiItemWrapper.cs:line 104&#xD;
   at VideoOS.Platform.ConfigurationItems.Factory.IsItemTypeSupported(ServerId serverId, String itemType) in D:\actions-runner\_work\XPCO\XPCO\MIP\PlatformPlugin\VideoOS.Platform\src\ConfigurationItems\Factory.cs:line 464&#xD;
MIP: Error: LoginServerOauth (): https://1.2.3.5:55/ManagementServer/ServerCommandServiceOAuth.svc The method or operation is not implemented.&#xD;
MIP: Error: ConfigurationApiItemWrapper (): ConfigAPI GetItem(): System.NotImplementedException, The method or operation is not implemented.&#xD;
MIP: Error: Factory.IsItemTypeSupported (): Exception source:      VideoOS.Platform.SDK.UnitTests&#xD;
Exception type:        System.NotImplementedException&#xD;
Exception message:     The method or operation is not implemented.&#xD;
Exception target site: GetItem&#xD;
   at VideoOS.Platform.SDKUnittest.EnvironmentTests.TestConfigurationClientService.GetItem(String path) in D:\actions-runner\_work\XPCO\XPCO\MIP\MIPSDK\tst\VideoOS.Platform.SDK.UnitTests\EnvironmentTests\TestsWithCorporateShimsBase.cs:line 227&#xD;
   at VideoOS.Platform.Proxy.ConfigApi.ConfigurationApiItemWrapper..ctor(ServerId serverId, String path) in D:\actions-runner\_work\XPCO\XPCO\MIP\PlatformPlugin\VideoOS.Platform\src\Proxy\ConfigApi\ConfigurationApiItemWrapper.cs:line 104&#xD;
   at VideoOS.Platform.ConfigurationItems.Factory.IsItemTypeSupported(ServerId serverId, String itemType) in D:\actions-runner\_work\XPCO\XPCO\MIP\PlatformPlugin\VideoOS.Platform\src\ConfigurationItems\Factory.cs:line 464&#xD;
&#xD;
Factory.IsItemTypeSupportedFactory.IsItemTypeSupported ()The method or operation is not implemented.   at VideoOS.Platform.SDKUnittest.EnvironmentTests.TestConfigurationClientService.GetItem(String path) in D:\actions-runner\_work\XPCO\XPCO\MIP\MIPSDK\tst\VideoOS.Platform.SDK.UnitTests\EnvironmentTests\TestsWithCorporateShimsBase.cs:line 227&#xD;
   at VideoOS.Platform.Proxy.ConfigApi.ConfigurationApiItemWrapper..ctor(ServerId serverId, String path) in D:\actions-runner\_work\XPCO\XPCO\MIP\PlatformPlugin\VideoOS.Platform\src\Proxy\ConfigApi\ConfigurationApiItemWrapper.cs:line 104&#xD;
   at VideoOS.Platform.ConfigurationItems.Factory.IsItemTypeSupported(ServerId serverId, String itemType) in D:\actions-runner\_work\XPCO\XPCO\MIP\PlatformPlugin\VideoOS.Platform\src\ConfigurationItems\Factory.cs:line 464&#xD;
MIP: Error: GetConfiguration (): CustomSetting not found for the given platformDefinitionId: e145597a-ecaf-40a1-99e6-14bb9d45a09e&#xD;
MIP: Error: ConfigurationApiItemWrapper (): ConfigAPI GetItem(): System.NotImplementedException, The method or operation is not implemented.&#xD;
MIP: Error: Factory.IsItemTypeSupported (): Exception source:      VideoOS.Platform.SDK.UnitTests&#xD;
Exception type:        System.NotImplementedException&#xD;
Exception message:     The method or operation is not implemented.&#xD;
Exception target site: GetItem&#xD;
   at VideoOS.Platform.SDKUnittest.EnvironmentTests.TestConfigurationClientService.GetItem(String path) in D:\actions-runner\_work\XPCO\XPCO\MIP\MIPSDK\tst\VideoOS.Platform.SDK.UnitTests\EnvironmentTests\TestsWithCorporateShimsBase.cs:line 227&#xD;
   at VideoOS.Platform.Proxy.ConfigApi.ConfigurationApiItemWrapper..ctor(ServerId serverId, String path) in D:\actions-runner\_work\XPCO\XPCO\MIP\PlatformPlugin\VideoOS.Platform\src\Proxy\ConfigApi\ConfigurationApiItemWrapper.cs:line 104&#xD;
   at VideoOS.Platform.ConfigurationItems.Factory.IsItemTypeSupported(ServerId serverId, String itemType) in D:\actions-runner\_work\XPCO\XPCO\MIP\PlatformPlugin\VideoOS.Platform\src\ConfigurationItems\Factory.cs:line 464&#xD;
&#xD;
Factory.IsItemTypeSupportedFactory.IsItemTypeSupported ()The method or operation is not implemented.   at VideoOS.Platform.SDKUnittest.EnvironmentTests.TestConfigurationClientService.GetItem(String path) in D:\actions-runner\_work\XPCO\XPCO\MIP\MIPSDK\tst\VideoOS.Platform.SDK.UnitTests\EnvironmentTests\TestsWithCorporateShimsBase.cs:line 227&#xD;
   at VideoOS.Platform.Proxy.ConfigApi.ConfigurationApiItemWrapper..ctor(ServerId serverId, String path) in D:\actions-runner\_work\XPCO\XPCO\MIP\PlatformPlugin\VideoOS.Platform\src\Proxy\ConfigApi\ConfigurationApiItemWrapper.cs:line 104&#xD;
   at VideoOS.Platform.ConfigurationItems.Factory.IsItemTypeSupported(ServerId serverId, String itemType) in D:\actions-runner\_work\XPCO\XPCO\MIP\PlatformPlugin\VideoOS.Platform\src\ConfigurationItems\Factory.cs:line 464&#xD;
MIP: Error: LoginServerOauth (): https://1.2.3.5:55/ManagementServer/ServerCommandServiceOAuth.svc The method or operation is not implemented.&#xD;
MIP: Error: ConfigurationApiItemWrapper (): ConfigAPI GetItem(): System.NotImplementedException, The method or operation is not implemented.&#xD;
MIP: Error: Factory.IsItemTypeSupported (): Exception source:      VideoOS.Platform.SDK.UnitTests&#xD;
Exception type:        System.NotImplementedException&#xD;
Exception message:     The method or operation is not implemented.&#xD;
Exception target site: GetItem&#xD;
   at VideoOS.Platform.SDKUnittest.EnvironmentTests.TestConfigurationClientService.GetItem(String path) in D:\actions-runner\_work\XPCO\XPCO\MIP\MIPSDK\tst\VideoOS.Platform.SDK.UnitTests\EnvironmentTests\TestsWithCorporateShimsBase.cs:line 227&#xD;
   at VideoOS.Platform.Proxy.ConfigApi.ConfigurationApiItemWrapper..ctor(ServerId serverId, String path) in D:\actions-runner\_work\XPCO\XPCO\MIP\PlatformPlugin\VideoOS.Platform\src\Proxy\ConfigApi\ConfigurationApiItemWrapper.cs:line 104&#xD;
   at VideoOS.Platform.ConfigurationItems.Factory.IsItemTypeSupported(ServerId serverId, String itemType) in D:\actions-runner\_work\XPCO\XPCO\MIP\PlatformPlugin\VideoOS.Platform\src\ConfigurationItems\Factory.cs:line 464&#xD;
&#xD;
Factory.IsItemTypeSupportedFactory.IsItemTypeSupported ()The method or operation is not implemented.   at VideoOS.Platform.SDKUnittest.EnvironmentTests.TestConfigurationClientService.GetItem(String path) in D:\actions-runner\_work\XPCO\XPCO\MIP\MIPSDK\tst\VideoOS.Platform.SDK.UnitTests\EnvironmentTests\TestsWithCorporateShimsBase.cs:line 227&#xD;
   at VideoOS.Platform.Proxy.ConfigApi.ConfigurationApiItemWrapper..ctor(ServerId serverId, String path) in D:\actions-runner\_work\XPCO\XPCO\MIP\PlatformPlugin\VideoOS.Platform\src\Proxy\ConfigApi\ConfigurationApiItemWrapper.cs:line 104&#xD;
   at VideoOS.Platform.ConfigurationItems.Factory.IsItemTypeSupported(ServerId serverId, String itemType) in D:\actions-runner\_work\XPCO\XPCO\MIP\PlatformPlugin\VideoOS.Platform\src\ConfigurationItems\Factory.cs:line 464&#xD;
MIP: Error: ConfigurationApiItemWrapper (): ConfigAPI GetItem(): System.NotImplementedException, The method or operation is not implemented.&#xD;
MIP: Error: Factory.IsItemTypeSupported (): Exception source:      VideoOS.Platform.SDK.UnitTests&#xD;
Exception type:        System.NotImplementedException&#xD;
Exception message:     The method or operation is not implemented.&#xD;
Exception target site: GetItem&#xD;
   at VideoOS.Platform.SDKUnittest.EnvironmentTests.TestConfigurationClientService.GetItem(String path) in D:\actions-runner\_work\XPCO\XPCO\MIP\MIPSDK\tst\VideoOS.Platform.SDK.UnitTests\EnvironmentTests\TestsWithCorporateShimsBase.cs:line 227&#xD;
   at VideoOS.Platform.Proxy.ConfigApi.ConfigurationApiItemWrapper..ctor(ServerId serverId, String path) in D:\actions-runner\_work\XPCO\XPCO\MIP\PlatformPlugin\VideoOS.Platform\src\Proxy\ConfigApi\ConfigurationApiItemWrapper.cs:line 104&#xD;
   at VideoOS.Platform.ConfigurationItems.Factory.IsItemTypeSupported(ServerId serverId, String itemType) in D:\actions-runner\_work\XPCO\XPCO\MIP\PlatformPlugin\VideoOS.Platform\src\ConfigurationItems\Factory.cs:line 464&#xD;
&#xD;
Factory.IsItemTypeSupportedFactory.IsItemTypeSupported ()The method or operation is not implemented.   at VideoOS.Platform.SDKUnittest.EnvironmentTests.TestConfigurationClientService.GetItem(String path) in D:\actions-runner\_work\XPCO\XPCO\MIP\MIPSDK\tst\VideoOS.Platform.SDK.UnitTests\EnvironmentTests\TestsWithCorporateShimsBase.cs:line 227&#xD;
   at VideoOS.Platform.Proxy.ConfigApi.ConfigurationApiItemWrapper..ctor(ServerId serverId, String path) in D:\actions-runner\_work\XPCO\XPCO\MIP\PlatformPlugin\VideoOS.Platform\src\Proxy\ConfigApi\ConfigurationApiItemWrapper.cs:line 104&#xD;
   at VideoOS.Platform.ConfigurationItems.Factory.IsItemTypeSupported(ServerId serverId, String itemType) in D:\actions-runner\_work\XPCO\XPCO\MIP\PlatformPlugin\VideoOS.Platform\src\ConfigurationItems\Factory.cs:line 464&#xD;
MIP: Error: LoginServerOauth (): https://1.2.3.5:55/ManagementServer/ServerCommandServiceOAuth.svc The method or operation is not implemented.&#xD;
MIP: Error: ConfigurationApiItemWrapper (): ConfigAPI GetItem(): System.NotImplementedException, The method or operation is not implemented.&#xD;
MIP: Error: Factory.IsItemTypeSupported (): Exception source:      VideoOS.Platform.SDK.UnitTests&#xD;
Exception type:        System.NotImplementedException&#xD;
Exception message:     The method or operation is not implemented.&#xD;
Exception target site: GetItem&#xD;
   at VideoOS.Platform.SDKUnittest.EnvironmentTests.TestConfigurationClientService.GetItem(String path) in D:\actions-runner\_work\XPCO\XPCO\MIP\MIPSDK\tst\VideoOS.Platform.SDK.UnitTests\EnvironmentTests\TestsWithCorporateShimsBase.cs:line 227&#xD;
   at VideoOS.Platform.Proxy.ConfigApi.ConfigurationApiItemWrapper..ctor(ServerId serverId, String path) in D:\actions-runner\_work\XPCO\XPCO\MIP\PlatformPlugin\VideoOS.Platform\src\Proxy\ConfigApi\ConfigurationApiItemWrapper.cs:line 104&#xD;
   at VideoOS.Platform.ConfigurationItems.Factory.IsItemTypeSupported(ServerId serverId, String itemType) in D:\actions-runner\_work\XPCO\XPCO\MIP\PlatformPlugin\VideoOS.Platform\src\ConfigurationItems\Factory.cs:line 464&#xD;
&#xD;
Factory.IsItemTypeSupportedFactory.IsItemTypeSupported ()The method or operation is not implemented.   at VideoOS.Platform.SDKUnittest.EnvironmentTests.TestConfigurationClientService.GetItem(String path) in D:\actions-runner\_work\XPCO\XPCO\MIP\MIPSDK\tst\VideoOS.Platform.SDK.UnitTests\EnvironmentTests\TestsWithCorporateShimsBase.cs:line 227&#xD;
   at VideoOS.Platform.Proxy.ConfigApi.ConfigurationApiItemWrapper..ctor(ServerId serverId, String path) in D:\actions-runner\_work\XPCO\XPCO\MIP\PlatformPlugin\VideoOS.Platform\src\Proxy\ConfigApi\ConfigurationApiItemWrapper.cs:line 104&#xD;
   at VideoOS.Platform.ConfigurationItems.Factory.IsItemTypeSupported(ServerId serverId, String itemType) in D:\actions-runner\_work\XPCO\XPCO\MIP\PlatformPlugin\VideoOS.Platform\src\ConfigurationItems\Factory.cs:line 464&#xD;
MIP: Error: GetConfiguration (): CustomSetting not found for the given platformDefinitionId: e145597a-ecaf-40a1-99e6-14bb9d45a09e&#xD;
MIP: Error: ConfigurationApiItemWrapper (): ConfigAPI GetItem(): System.NotImplementedException, The method or operation is not implemented.&#xD;
MIP: Error: Factory.IsItemTypeSupported (): Exception source:      VideoOS.Platform.SDK.UnitTests&#xD;
Exception type:        System.NotImplementedException&#xD;
Exception message:     The method or operation is not implemented.&#xD;
Exception target site: GetItem&#xD;
   at VideoOS.Platform.SDKUnittest.EnvironmentTests.TestConfigurationClientService.GetItem(String path) in D:\actions-runner\_work\XPCO\XPCO\MIP\MIPSDK\tst\VideoOS.Platform.SDK.UnitTests\EnvironmentTests\TestsWithCorporateShimsBase.cs:line 227&#xD;
   at VideoOS.Platform.Proxy.ConfigApi.ConfigurationApiItemWrapper..ctor(ServerId serverId, String path) in D:\actions-runner\_work\XPCO\XPCO\MIP\PlatformPlugin\VideoOS.Platform\src\Proxy\ConfigApi\ConfigurationApiItemWrapper.cs:line 104&#xD;
   at VideoOS.Platform.ConfigurationItems.Factory.IsItemTypeSupported(ServerId serverId, String itemType) in D:\actions-runner\_work\XPCO\XPCO\MIP\PlatformPlugin\VideoOS.Platform\src\ConfigurationItems\Factory.cs:line 464&#xD;
&#xD;
Factory.IsItemTypeSupportedFactory.IsItemTypeSupported ()The method or operation is not implemented.   at VideoOS.Platform.SDKUnittest.EnvironmentTests.TestConfigurationClientService.GetItem(String path) in D:\actions-runner\_work\XPCO\XPCO\MIP\MIPSDK\tst\VideoOS.Platform.SDK.UnitTests\EnvironmentTests\TestsWithCorporateShimsBase.cs:line 227&#xD;
   at VideoOS.Platform.Proxy.ConfigApi.ConfigurationApiItemWrapper..ctor(ServerId serverId, String path) in D:\actions-runner\_work\XPCO\XPCO\MIP\PlatformPlugin\VideoOS.Platform\src\Proxy\ConfigApi\ConfigurationApiItemWrapper.cs:line 104&#xD;
   at VideoOS.Platform.ConfigurationItems.Factory.IsItemTypeSupported(ServerId serverId, String itemType) in D:\actions-runner\_work\XPCO\XPCO\MIP\PlatformPlugin\VideoOS.Platform\src\ConfigurationItems\Factory.cs:line 464&#xD;
MIP: Error: LoginServerOauth (): https://1.2.3.5:55/ManagementServer/ServerCommandServiceOAuth.svc The method or operation is not implemented.&#xD;
MIP: Error: ConfigurationApiItemWrapper (): ConfigAPI GetItem(): System.NotImplementedException, The method or operation is not implemented.&#xD;
MIP: Error: Factory.IsItemTypeSupported (): Exception source:      VideoOS.Platform.SDK.UnitTests&#xD;
Exception type:        System.NotImplementedException&#xD;
Exception message:     The method or operation is not implemented.&#xD;
Exception target site: GetItem&#xD;
   at VideoOS.Platform.SDKUnittest.EnvironmentTests.TestConfigurationClientService.GetItem(String path) in D:\actions-runner\_work\XPCO\XPCO\MIP\MIPSDK\tst\VideoOS.Platform.SDK.UnitTests\EnvironmentTests\TestsWithCorporateShimsBase.cs:line 227&#xD;
   at VideoOS.Platform.Proxy.ConfigApi.ConfigurationApiItemWrapper..ctor(ServerId serverId, String path) in D:\actions-runner\_work\XPCO\XPCO\MIP\PlatformPlugin\VideoOS.Platform\src\Proxy\ConfigApi\ConfigurationApiItemWrapper.cs:line 104&#xD;
   at VideoOS.Platform.ConfigurationItems.Factory.IsItemTypeSupported(ServerId serverId, String itemType) in D:\actions-runner\_work\XPCO\XPCO\MIP\PlatformPlugin\VideoOS.Platform\src\ConfigurationItems\Factory.cs:line 464&#xD;
&#xD;
Factory.IsItemTypeSupportedFactory.IsItemTypeSupported ()The method or operation is not implemented.   at VideoOS.Platform.SDKUnittest.EnvironmentTests.TestConfigurationClientService.GetItem(String path) in D:\actions-runner\_work\XPCO\XPCO\MIP\MIPSDK\tst\VideoOS.Platform.SDK.UnitTests\EnvironmentTests\TestsWithCorporateShimsBase.cs:line 227&#xD;
   at VideoOS.Platform.Proxy.ConfigApi.ConfigurationApiItemWrapper..ctor(ServerId serverId, String path) in D:\actions-runner\_work\XPCO\XPCO\MIP\PlatformPlugin\VideoOS.Platform\src\Proxy\ConfigApi\ConfigurationApiItemWrapper.cs:line 104&#xD;
   at VideoOS.Platform.ConfigurationItems.Factory.IsItemTypeSupported(ServerId serverId, String itemType) in D:\actions-runner\_work\XPCO\XPCO\MIP\PlatformPlugin\VideoOS.Platform\src\ConfigurationItems\Factory.cs:line 464&#xD;
MIP: Error: ConfigurationApiItemWrapper (): ConfigAPI GetItem(): System.NotImplementedException, The method or operation is not implemented.&#xD;
MIP: Error: Factory.IsItemTypeSupported (): Exception source:      VideoOS.Platform.SDK.UnitTests&#xD;
Exception type:        System.NotImplementedException&#xD;
Exception message:     The method or operation is not implemented.&#xD;
Exception target site: GetItem&#xD;
   at VideoOS.Platform.SDKUnittest.EnvironmentTests.TestConfigurationClientService.GetItem(String path) in D:\actions-runner\_work\XPCO\XPCO\MIP\MIPSDK\tst\VideoOS.Platform.SDK.UnitTests\EnvironmentTests\TestsWithCorporateShimsBase.cs:line 227&#xD;
   at VideoOS.Platform.Proxy.ConfigApi.ConfigurationApiItemWrapper..ctor(ServerId serverId, String path) in D:\actions-runner\_work\XPCO\XPCO\MIP\PlatformPlugin\VideoOS.Platform\src\Proxy\ConfigApi\ConfigurationApiItemWrapper.cs:line 104&#xD;
   at VideoOS.Platform.ConfigurationItems.Factory.IsItemTypeSupported(ServerId serverId, String itemType) in D:\actions-runner\_work\XPCO\XPCO\MIP\PlatformPlugin\VideoOS.Platform\src\ConfigurationItems\Factory.cs:line 464&#xD;
&#xD;
Factory.IsItemTypeSupportedFactory.IsItemTypeSupported ()The method or operation is not implemented.   at VideoOS.Platform.SDKUnittest.EnvironmentTests.TestConfigurationClientService.GetItem(String path) in D:\actions-runner\_work\XPCO\XPCO\MIP\MIPSDK\tst\VideoOS.Platform.SDK.UnitTests\EnvironmentTests\TestsWithCorporateShimsBase.cs:line 227&#xD;
   at VideoOS.Platform.Proxy.ConfigApi.ConfigurationApiItemWrapper..ctor(ServerId serverId, String path) in D:\actions-runner\_work\XPCO\XPCO\MIP\PlatformPlugin\VideoOS.Platform\src\Proxy\ConfigApi\ConfigurationApiItemWrapper.cs:line 104&#xD;
   at VideoOS.Platform.ConfigurationItems.Factory.IsItemTypeSupported(ServerId serverId, String itemType) in D:\actions-runner\_work\XPCO\XPCO\MIP\PlatformPlugin\VideoOS.Platform\src\ConfigurationItems\Factory.cs:line 464&#xD;
MIP: Error: LoginServerOauth (): https://1.2.3.5:55/ManagementServer/ServerCommandServiceOAuth.svc The method or operation is not implemented.&#xD;
MIP: Error: ConfigurationApiItemWrapper (): ConfigAPI GetItem(): System.NotImplementedException, The method or operation is not implemented.&#xD;
MIP: Error: Factory.IsItemTypeSupported (): Exception source:      VideoOS.Platform.SDK.UnitTests&#xD;
Exception type:        System.NotImplementedException&#xD;
Exception message:     The method or operation is not implemented.&#xD;
Exception target site: GetItem&#xD;
   at VideoOS.Platform.SDKUnittest.EnvironmentTests.TestConfigurationClientService.GetItem(String path) in D:\actions-runner\_work\XPCO\XPCO\MIP\MIPSDK\tst\VideoOS.Platform.SDK.UnitTests\EnvironmentTests\TestsWithCorporateShimsBase.cs:line 227&#xD;
   at VideoOS.Platform.Proxy.ConfigApi.ConfigurationApiItemWrapper..ctor(ServerId serverId, String path) in D:\actions-runner\_work\XPCO\XPCO\MIP\PlatformPlugin\VideoOS.Platform\src\Proxy\ConfigApi\ConfigurationApiItemWrapper.cs:line 104&#xD;
   at VideoOS.Platform.ConfigurationItems.Factory.IsItemTypeSupported(ServerId serverId, String itemType) in D:\actions-runner\_work\XPCO\XPCO\MIP\PlatformPlugin\VideoOS.Platform\src\ConfigurationItems\Factory.cs:line 464&#xD;
&#xD;
Factory.IsItemTypeSupportedFactory.IsItemTypeSupported ()The method or operation is not implemented.   at VideoOS.Platform.SDKUnittest.EnvironmentTests.TestConfigurationClientService.GetItem(String path) in D:\actions-runner\_work\XPCO\XPCO\MIP\MIPSDK\tst\VideoOS.Platform.SDK.UnitTests\EnvironmentTests\TestsWithCorporateShimsBase.cs:line 227&#xD;
   at VideoOS.Platform.Proxy.ConfigApi.ConfigurationApiItemWrapper..ctor(ServerId serverId, String path) in D:\actions-runner\_work\XPCO\XPCO\MIP\PlatformPlugin\VideoOS.Platform\src\Proxy\ConfigApi\ConfigurationApiItemWrapper.cs:line 104&#xD;
   at VideoOS.Platform.ConfigurationItems.Factory.IsItemTypeSupported(ServerId serverId, String itemType) in D:\actions-runner\_work\XPCO\XPCO\MIP\PlatformPlugin\VideoOS.Platform\src\ConfigurationItems\Factory.cs:line 464&#xD;
MIP: Error: GetConfiguration (): CustomSetting not found for the given platformDefinitionId: e145597a-ecaf-40a1-99e6-14bb9d45a09e&#xD;
MIP: Error: ConfigurationApiItemWrapper (): ConfigAPI GetItem(): System.NotImplementedException, The method or operation is not implemented.&#xD;
MIP: Error: Factory.IsItemTypeSupported (): Exception source:      VideoOS.Platform.SDK.UnitTests&#xD;
Exception type:        System.NotImplementedException&#xD;
Exception message:     The method or operation is not implemented.&#xD;
Exception target site: GetItem&#xD;
   at VideoOS.Platform.SDKUnittest.EnvironmentTests.TestConfigurationClientService.GetItem(String path) in D:\actions-runner\_work\XPCO\XPCO\MIP\MIPSDK\tst\VideoOS.Platform.SDK.UnitTests\EnvironmentTests\TestsWithCorporateShimsBase.cs:line 227&#xD;
   at VideoOS.Platform.Proxy.ConfigApi.ConfigurationApiItemWrapper..ctor(ServerId serverId, String path) in D:\actions-runner\_work\XPCO\XPCO\MIP\PlatformPlugin\VideoOS.Platform\src\Proxy\ConfigApi\ConfigurationApiItemWrapper.cs:line 104&#xD;
   at VideoOS.Platform.ConfigurationItems.Factory.IsItemTypeSupported(ServerId serverId, String itemType) in D:\actions-runner\_work\XPCO\XPCO\MIP\PlatformPlugin\VideoOS.Platform\src\ConfigurationItems\Factory.cs:line 464&#xD;
&#xD;
Factory.IsItemTypeSupportedFactory.IsItemTypeSupported ()The method or operation is not implemented.   at VideoOS.Platform.SDKUnittest.EnvironmentTests.TestConfigurationClientService.GetItem(String path) in D:\actions-runner\_work\XPCO\XPCO\MIP\MIPSDK\tst\VideoOS.Platform.SDK.UnitTests\EnvironmentTests\TestsWithCorporateShimsBase.cs:line 227&#xD;
   at VideoOS.Platform.Proxy.ConfigApi.ConfigurationApiItemWrapper..ctor(ServerId serverId, String path) in D:\actions-runner\_work\XPCO\XPCO\MIP\PlatformPlugin\VideoOS.Platform\src\Proxy\ConfigApi\ConfigurationApiItemWrapper.cs:line 104&#xD;
   at VideoOS.Platform.ConfigurationItems.Factory.IsItemTypeSupported(ServerId serverId, String itemType) in D:\actions-runner\_work\XPCO\XPCO\MIP\PlatformPlugin\VideoOS.Platform\src\ConfigurationItems\Factory.cs:line 464&#xD;
MIP: Error: LoginServerOauth (): https://1.2.3.5:55/ManagementServer/ServerCommandServiceOAuth.svc The method or operation is not implemented.&#xD;
MIP: Error: ConfigurationApiItemWrapper (): ConfigAPI GetItem(): System.NotImplementedException, The method or operation is not implemented.&#xD;
MIP: Error: ConfigurationAsync::BuildTopLevelItems LoadPlugin Loop (): Exception source:      VideoOS.Platform.SDK.UnitTests&#xD;
Exception type:        System.NotImplementedException&#xD;
Exception message:     The method or operation is not implemented.&#xD;
Exception target site: GetItem&#xD;
   at VideoOS.Platform.SDKUnittest.EnvironmentTests.TestConfigurationClientService.GetItem(String path) in D:\actions-runner\_work\XPCO\XPCO\MIP\MIPSDK\tst\VideoOS.Platform.SDK.UnitTests\EnvironmentTests\TestsWithCorporateShimsBase.cs:line 227&#xD;
   at VideoOS.Platform.Proxy.ConfigApi.ConfigurationApiItemWrapper..ctor(ServerId serverId, String path) in D:\actions-runner\_work\XPCO\XPCO\MIP\PlatformPlugin\VideoOS.Platform\src\Proxy\ConfigApi\ConfigurationApiItemWrapper.cs:line 104&#xD;
   at VideoOS.Platform.Util.VideoWall.LayoutGroupItemManager.GetItem(FQID fqid) in D:\actions-runner\_work\XPCO\XPCO\MIP\PlatformPlugin\VideoOS.Platform\src\Util\VideoWall\LayoutGroupItemManager.cs:line 57&#xD;
   at VideoOS.Platform.SDK.Platform.ConfigurationAsync.GetItems(Guid kind, ItemHierarchy itemHierarchy) in D:\actions-runner\_work\XPCO\XPCO\MIP\MIPSDK\prod\VideoOS.Platform.SDK\Platform\ConfigurationAsync.cs:line 163&#xD;
&#xD;
ConfigurationAsync::BuildTopLevelItems LoadPlugin LoopConfigurationAsync::BuildTopLevelItems LoadPlugin Loop ()The method or operation is not implemented.   at VideoOS.Platform.SDKUnittest.EnvironmentTests.TestConfigurationClientService.GetItem(String path) in D:\actions-runner\_work\XPCO\XPCO\MIP\MIPSDK\tst\VideoOS.Platform.SDK.UnitTests\EnvironmentTests\TestsWithCorporateShimsBase.cs:line 227&#xD;
   at VideoOS.Platform.Proxy.ConfigApi.ConfigurationApiItemWrapper..ctor(ServerId serverId, String path) in D:\actions-runner\_work\XPCO\XPCO\MIP\PlatformPlugin\VideoOS.Platform\src\Proxy\ConfigApi\ConfigurationApiItemWrapper.cs:line 104&#xD;
   at VideoOS.Platform.Util.VideoWall.LayoutGroupItemManager.GetItem(FQID fqid) in D:\actions-runner\_work\XPCO\XPCO\MIP\PlatformPlugin\VideoOS.Platform\src\Util\VideoWall\LayoutGroupItemManager.cs:line 57&#xD;
   at VideoOS.Platform.SDK.Platform.ConfigurationAsync.GetItems(Guid kind, ItemHierarchy itemHierarchy) in D:\actions-runner\_work\XPCO\XPCO\MIP\MIPSDK\prod\VideoOS.Platform.SDK\Platform\ConfigurationAsync.cs:line 163&#xD;
MIP: Error: ConfigurationApiItemWrapper (): ConfigAPI GetItem(): System.NotImplementedException, The method or operation is not implemented.&#xD;
MIP: Error: ConfigurationAsync::BuildTopLevelItems LoadPlugin Loop (): Exception source:      VideoOS.Platform.SDK.UnitTests&#xD;
Exception type:        System.NotImplementedException&#xD;
Exception message:     The method or operation is not implemented.&#xD;
Exception target site: GetItem&#xD;
   at VideoOS.Platform.SDKUnittest.EnvironmentTests.TestConfigurationClientService.GetItem(String path) in D:\actions-runner\_work\XPCO\XPCO\MIP\MIPSDK\tst\VideoOS.Platform.SDK.UnitTests\EnvironmentTests\TestsWithCorporateShimsBase.cs:line 227&#xD;
   at VideoOS.Platform.Proxy.ConfigApi.ConfigurationApiItemWrapper..ctor(ServerId serverId, String path) in D:\actions-runner\_work\XPCO\XPCO\MIP\PlatformPlugin\VideoOS.Platform\src\Proxy\ConfigApi\ConfigurationApiItemWrapper.cs:line 104&#xD;
   at VideoOS.Platform.Util.VideoWall.LayoutGroupItemManager.GetItem(FQID fqid) in D:\actions-runner\_work\XPCO\XPCO\MIP\PlatformPlugin\VideoOS.Platform\src\Util\VideoWall\LayoutGroupItemManager.cs:line 57&#xD;
   at VideoOS.Platform.SDK.Platform.ConfigurationAsync.GetItems(Guid kind, ItemHierarchy itemHierarchy) in D:\actions-runner\_work\XPCO\XPCO\MIP\MIPSDK\prod\VideoOS.Platform.SDK\Platform\ConfigurationAsync.cs:line 163&#xD;
&#xD;
ConfigurationAsync::BuildTopLevelItems LoadPlugin LoopConfigurationAsync::BuildTopLevelItems LoadPlugin Loop ()The method or operation is not implemented.   at VideoOS.Platform.SDKUnittest.EnvironmentTests.TestConfigurationClientService.GetItem(String path) in D:\actions-runner\_work\XPCO\XPCO\MIP\MIPSDK\tst\VideoOS.Platform.SDK.UnitTests\EnvironmentTests\TestsWithCorporateShimsBase.cs:line 227&#xD;
   at VideoOS.Platform.Proxy.ConfigApi.ConfigurationApiItemWrapper..ctor(ServerId serverId, String path) in D:\actions-runner\_work\XPCO\XPCO\MIP\PlatformPlugin\VideoOS.Platform\src\Proxy\ConfigApi\ConfigurationApiItemWrapper.cs:line 104&#xD;
   at VideoOS.Platform.Util.VideoWall.LayoutGroupItemManager.GetItem(FQID fqid) in D:\actions-runner\_work\XPCO\XPCO\MIP\PlatformPlugin\VideoOS.Platform\src\Util\VideoWall\LayoutGroupItemManager.cs:line 57&#xD;
   at VideoOS.Platform.SDK.Platform.ConfigurationAsync.GetItems(Guid kind, ItemHierarchy itemHierarchy) in D:\actions-runner\_work\XPCO\XPCO\MIP\MIPSDK\prod\VideoOS.Platform.SDK\Platform\ConfigurationAsync.cs:line 163&#xD;
MIP: Error: ConfigurationApiItemWrapper (): ConfigAPI GetItem(): System.NotImplementedException, The method or operation is not implemented.&#xD;
MIP: Error: Factory.IsItemTypeSupported (): Exception source:      VideoOS.Platform.SDK.UnitTests&#xD;
Exception type:        System.NotImplementedException&#xD;
Exception message:     The method or operation is not implemented.&#xD;
Exception target site: GetItem&#xD;
   at VideoOS.Platform.SDKUnittest.EnvironmentTests.TestConfigurationClientService.GetItem(String path) in D:\actions-runner\_work\XPCO\XPCO\MIP\MIPSDK\tst\VideoOS.Platform.SDK.UnitTests\EnvironmentTests\TestsWithCorporateShimsBase.cs:line 227&#xD;
   at VideoOS.Platform.Proxy.ConfigApi.ConfigurationApiItemWrapper..ctor(ServerId serverId, String path) in D:\actions-runner\_work\XPCO\XPCO\MIP\PlatformPlugin\VideoOS.Platform\src\Proxy\ConfigApi\ConfigurationApiItemWrapper.cs:line 104&#xD;
   at VideoOS.Platform.ConfigurationItems.Factory.IsItemTypeSupported(ServerId serverId, String itemType) in D:\actions-runner\_work\XPCO\XPCO\MIP\PlatformPlugin\VideoOS.Platform\src\ConfigurationItems\Factory.cs:line 464&#xD;
&#xD;
Factory.IsItemTypeSupportedFactory.IsItemTypeSupported ()The method or operation is not implemented.   at VideoOS.Platform.SDKUnittest.EnvironmentTests.TestConfigurationClientService.GetItem(String path) in D:\actions-runner\_work\XPCO\XPCO\MIP\MIPSDK\tst\VideoOS.Platform.SDK.UnitTests\EnvironmentTests\TestsWithCorporateShimsBase.cs:line 227&#xD;
   at VideoOS.Platform.Proxy.ConfigApi.ConfigurationApiItemWrapper..ctor(ServerId serverId, String path) in D:\actions-runner\_work\XPCO\XPCO\MIP\PlatformPlugin\VideoOS.Platform\src\Proxy\ConfigApi\ConfigurationApiItemWrapper.cs:line 104&#xD;
   at VideoOS.Platform.ConfigurationItems.Factory.IsItemTypeSupported(ServerId serverId, String itemType) in D:\actions-runner\_work\XPCO\XPCO\MIP\PlatformPlugin\VideoOS.Platform\src\ConfigurationItems\Factory.cs:line 464&#xD;
MIP: Error: ConfigurationApiItemWrapper (): ConfigAPI GetItem(): System.NotImplementedException, The method or operation is not implemented.&#xD;
MIP: Error: Factory.IsItemTypeSupported (): Exception source:      VideoOS.Platform.SDK.UnitTests&#xD;
Exception type:        System.NotImplementedException&#xD;
Exception message:     The method or operation is not implemented.&#xD;
Exception target site: GetItem&#xD;
   at VideoOS.Platform.SDKUnittest.EnvironmentTests.TestConfigurationClientService.GetItem(String path) in D:\actions-runner\_work\XPCO\XPCO\MIP\MIPSDK\tst\VideoOS.Platform.SDK.UnitTests\EnvironmentTests\TestsWithCorporateShimsBase.cs:line 227&#xD;
   at VideoOS.Platform.Proxy.ConfigApi.ConfigurationApiItemWrapper..ctor(ServerId serverId, String path) in D:\actions-runner\_work\XPCO\XPCO\MIP\PlatformPlugin\VideoOS.Platform\src\Proxy\ConfigApi\ConfigurationApiItemWrapper.cs:line 104&#xD;
   at VideoOS.Platform.ConfigurationItems.Factory.IsItemTypeSupported(ServerId serverId, String itemType) in D:\actions-runner\_work\XPCO\XPCO\MIP\PlatformPlugin\VideoOS.Platform\src\ConfigurationItems\Factory.cs:line 464&#xD;
&#xD;
Factory.IsItemTypeSupportedFactory.IsItemTypeSupported ()The method or operation is not implemented.   at VideoOS.Platform.SDKUnittest.EnvironmentTests.TestConfigurationClientService.GetItem(String path) in D:\actions-runner\_work\XPCO\XPCO\MIP\MIPSDK\tst\VideoOS.Platform.SDK.UnitTests\EnvironmentTests\TestsWithCorporateShimsBase.cs:line 227&#xD;
   at VideoOS.Platform.Proxy.ConfigApi.ConfigurationApiItemWrapper..ctor(ServerId serverId, String path) in D:\actions-runner\_work\XPCO\XPCO\MIP\PlatformPlugin\VideoOS.Platform\src\Proxy\ConfigApi\ConfigurationApiItemWrapper.cs:line 104&#xD;
   at VideoOS.Platform.ConfigurationItems.Factory.IsItemTypeSupported(ServerId serverId, String itemType) in D:\actions-runner\_work\XPCO\XPCO\MIP\PlatformPlugin\VideoOS.Platform\src\ConfigurationItems\Factory.cs:line 464&#xD;
MIP: Error: ConfigurationApiItemWrapper (): ConfigAPI GetItem(): System.NotImplementedException, The method or operation is not implemented.&#xD;
MIP: Error: Factory.IsItemTypeSupported (): Exception source:      VideoOS.Platform.SDK.UnitTests&#xD;
Exception type:        System.NotImplementedException&#xD;
Exception message:     The method or operation is not implemented.&#xD;
Exception target site: GetItem&#xD;
   at VideoOS.Platform.SDKUnittest.EnvironmentTests.TestConfigurationClientService.GetItem(String path) in D:\actions-runner\_work\XPCO\XPCO\MIP\MIPSDK\tst\VideoOS.Platform.SDK.UnitTests\EnvironmentTests\TestsWithCorporateShimsBase.cs:line 227&#xD;
   at VideoOS.Platform.Proxy.ConfigApi.ConfigurationApiItemWrapper..ctor(ServerId serverId, String path) in D:\actions-runner\_work\XPCO\XPCO\MIP\PlatformPlugin\VideoOS.Platform\src\Proxy\ConfigApi\ConfigurationApiItemWrapper.cs:line 104&#xD;
   at VideoOS.Platform.ConfigurationItems.Factory.IsItemTypeSupported(ServerId serverId, String itemType) in D:\actions-runner\_work\XPCO\XPCO\MIP\PlatformPlugin\VideoOS.Platform\src\ConfigurationItems\Factory.cs:line 464&#xD;
&#xD;
Factory.IsItemTypeSupportedFactory.IsItemTypeSupported ()The method or operation is not implemented.   at VideoOS.Platform.SDKUnittest.EnvironmentTests.TestConfigurationClientService.GetItem(String path) in D:\actions-runner\_work\XPCO\XPCO\MIP\MIPSDK\tst\VideoOS.Platform.SDK.UnitTests\EnvironmentTests\TestsWithCorporateShimsBase.cs:line 227&#xD;
   at VideoOS.Platform.Proxy.ConfigApi.ConfigurationApiItemWrapper..ctor(ServerId serverId, String path) in D:\actions-runner\_work\XPCO\XPCO\MIP\PlatformPlugin\VideoOS.Platform\src\Proxy\ConfigApi\ConfigurationApiItemWrapper.cs:line 104&#xD;
   at VideoOS.Platform.ConfigurationItems.Factory.IsItemTypeSupported(ServerId serverId, String itemType) in D:\actions-runner\_work\XPCO\XPCO\MIP\PlatformPlugin\VideoOS.Platform\src\ConfigurationItems\Factory.cs:line 464&#xD;
MIP: Error: ConfigurationApiItemWrapper (): ConfigAPI GetItem(): System.NotImplementedException, The method or operation is not implemented.&#xD;
MIP: Error: Factory.IsItemTypeSupported (): Exception source:      VideoOS.Platform.SDK.UnitTests&#xD;
Exception type:        System.NotImplementedException&#xD;
Exception message:     The method or operation is not implemented.&#xD;
Exception target site: GetItem&#xD;
   at VideoOS.Platform.SDKUnittest.EnvironmentTests.TestConfigurationClientService.GetItem(String path) in D:\actions-runner\_work\XPCO\XPCO\MIP\MIPSDK\tst\VideoOS.Platform.SDK.UnitTests\EnvironmentTests\TestsWithCorporateShimsBase.cs:line 227&#xD;
   at VideoOS.Platform.Proxy.ConfigApi.ConfigurationApiItemWrapper..ctor(ServerId serverId, String path) in D:\actions-runner\_work\XPCO\XPCO\MIP\PlatformPlugin\VideoOS.Platform\src\Proxy\ConfigApi\ConfigurationApiItemWrapper.cs:line 104&#xD;
   at VideoOS.Platform.ConfigurationItems.Factory.IsItemTypeSupported(ServerId serverId, String itemType) in D:\actions-runner\_work\XPCO\XPCO\MIP\PlatformPlugin\VideoOS.Platform\src\ConfigurationItems\Factory.cs:line 464&#xD;
&#xD;
Factory.IsItemTypeSupportedFactory.IsItemTypeSupported ()The method or operation is not implemented.   at VideoOS.Platform.SDKUnittest.EnvironmentTests.TestConfigurationClientService.GetItem(String path) in D:\actions-runner\_work\XPCO\XPCO\MIP\MIPSDK\tst\VideoOS.Platform.SDK.UnitTests\EnvironmentTests\TestsWithCorporateShimsBase.cs:line 227&#xD;
   at VideoOS.Platform.Proxy.ConfigApi.ConfigurationApiItemWrapper..ctor(ServerId serverId, String path) in D:\actions-runner\_work\XPCO\XPCO\MIP\PlatformPlugin\VideoOS.Platform\src\Proxy\ConfigApi\ConfigurationApiItemWrapper.cs:line 104&#xD;
   at VideoOS.Platform.ConfigurationItems.Factory.IsItemTypeSupported(ServerId serverId, String itemType) in D:\actions-runner\_work\XPCO\XPCO\MIP\PlatformPlugin\VideoOS.Platform\src\ConfigurationItems\Factory.cs:line 464&#xD;
MIP: Error: ConfigurationApiItemWrapper (): ConfigAPI GetItem(): System.NotImplementedException, The method or operation is not implemented.&#xD;
MIP: Error: Factory.IsItemTypeSupported (): Exception source:      VideoOS.Platform.SDK.UnitTests&#xD;
Exception type:        System.NotImplementedException&#xD;
Exception message:     The method or operation is not implemented.&#xD;
Exception target site: GetItem&#xD;
   at VideoOS.Platform.SDKUnittest.EnvironmentTests.TestConfigurationClientService.GetItem(String path) in D:\actions-runner\_work\XPCO\XPCO\MIP\MIPSDK\tst\VideoOS.Platform.SDK.UnitTests\EnvironmentTests\TestsWithCorporateShimsBase.cs:line 227&#xD;
   at VideoOS.Platform.Proxy.ConfigApi.ConfigurationApiItemWrapper..ctor(ServerId serverId, String path) in D:\actions-runner\_work\XPCO\XPCO\MIP\PlatformPlugin\VideoOS.Platform\src\Proxy\ConfigApi\ConfigurationApiItemWrapper.cs:line 104&#xD;
   at VideoOS.Platform.ConfigurationItems.Factory.IsItemTypeSupported(ServerId serverId, String itemType) in D:\actions-runner\_work\XPCO\XPCO\MIP\PlatformPlugin\VideoOS.Platform\src\ConfigurationItems\Factory.cs:line 464&#xD;
&#xD;
Factory.IsItemTypeSupportedFactory.IsItemTypeSupported ()The method or operation is not implemented.   at VideoOS.Platform.SDKUnittest.EnvironmentTests.TestConfigurationClientService.GetItem(String path) in D:\actions-runner\_work\XPCO\XPCO\MIP\MIPSDK\tst\VideoOS.Platform.SDK.UnitTests\EnvironmentTests\TestsWithCorporateShimsBase.cs:line 227&#xD;
   at VideoOS.Platform.Proxy.ConfigApi.ConfigurationApiItemWrapper..ctor(ServerId serverId, String path) in D:\actions-runner\_work\XPCO\XPCO\MIP\PlatformPlugin\VideoOS.Platform\src\Proxy\ConfigApi\ConfigurationApiItemWrapper.cs:line 104&#xD;
   at VideoOS.Platform.ConfigurationItems.Factory.IsItemTypeSupported(ServerId serverId, String itemType) in D:\actions-runner\_work\XPCO\XPCO\MIP\PlatformPlugin\VideoOS.Platform\src\ConfigurationItems\Factory.cs:line 464&#xD;
MIP: Error: ConfigurationApiItemWrapper (): ConfigAPI GetItem(): System.NotImplementedException, The method or operation is not implemented.&#xD;
MIP: Error: ConfigurationAsync::BuildTopLevelItems LoadPlugin Loop (): Exception source:      VideoOS.Platform.SDK.UnitTests&#xD;
Exception type:        System.NotImplementedException&#xD;
Exception message:     The method or operation is not implemented.&#xD;
Exception target site: GetItem&#xD;
   at VideoOS.Platform.SDKUnittest.EnvironmentTests.TestConfigurationClientService.GetItem(String path) in D:\actions-runner\_work\XPCO\XPCO\MIP\MIPSDK\tst\VideoOS.Platform.SDK.UnitTests\EnvironmentTests\TestsWithCorporateShimsBase.cs:line 227&#xD;
   at VideoOS.Platform.Proxy.ConfigApi.ConfigurationApiItemWrapper..ctor(ServerId serverId, String path) in D:\actions-runner\_work\XPCO\XPCO\MIP\PlatformPlugin\VideoOS.Platform\src\Proxy\ConfigApi\ConfigurationApiItemWrapper.cs:line 104&#xD;
   at VideoOS.Platform.Util.VideoWall.LayoutGroupItemManager.GetItem(FQID fqid) in D:\actions-runner\_work\XPCO\XPCO\MIP\PlatformPlugin\VideoOS.Platform\src\Util\VideoWall\LayoutGroupItemManager.cs:line 57&#xD;
   at VideoOS.Platform.SDK.Platform.ConfigurationAsync.GetItems(Guid kind, ItemHierarchy itemHierarchy) in D:\actions-runner\_work\XPCO\XPCO\MIP\MIPSDK\prod\VideoOS.Platform.SDK\Platform\ConfigurationAsync.cs:line 163&#xD;
&#xD;
ConfigurationAsync::BuildTopLevelItems LoadPlugin LoopConfigurationAsync::BuildTopLevelItems LoadPlugin Loop ()The method or operation is not implemented.   at VideoOS.Platform.SDKUnittest.EnvironmentTests.TestConfigurationClientService.GetItem(String path) in D:\actions-runner\_work\XPCO\XPCO\MIP\MIPSDK\tst\VideoOS.Platform.SDK.UnitTests\EnvironmentTests\TestsWithCorporateShimsBase.cs:line 227&#xD;
   at VideoOS.Platform.Proxy.ConfigApi.ConfigurationApiItemWrapper..ctor(ServerId serverId, String path) in D:\actions-runner\_work\XPCO\XPCO\MIP\PlatformPlugin\VideoOS.Platform\src\Proxy\ConfigApi\ConfigurationApiItemWrapper.cs:line 104&#xD;
   at VideoOS.Platform.Util.VideoWall.LayoutGroupItemManager.GetItem(FQID fqid) in D:\actions-runner\_work\XPCO\XPCO\MIP\PlatformPlugin\VideoOS.Platform\src\Util\VideoWall\LayoutGroupItemManager.cs:line 57&#xD;
   at VideoOS.Platform.SDK.Platform.ConfigurationAsync.GetItems(Guid kind, ItemHierarchy itemHierarchy) in D:\actions-runner\_work\XPCO\XPCO\MIP\MIPSDK\prod\VideoOS.Platform.SDK\Platform\ConfigurationAsync.cs:line 163</StdOut>
      </Output>
    </UnitTestResult>
    <UnitTestResult executionId="c6ce05dd-3514-4842-af98-7052fe2939d9" testId="21868baf-ff05-ff85-7303-76deb1e29922" testName="StopRecording_ShouldDoNothing_WhenRecordingIsNotStarted" computerName="DKSR-EFI-06" duration="00:00:00.0012041" startTime="2024-01-09T15:46:23.5038101+01:00" endTime="2024-01-09T15:46:23.5051617+01:00" testType="13cdc9d9-ddb5-4fa4-a97d-d965ccfc6d4b" outcome="Passed" testListId="8c84fa94-04c1-424b-9868-57a2d4851a1d" relativeResultsDirectory="c6ce05dd-3514-4842-af98-7052fe2939d9" />
    <UnitTestResult executionId="2de93a29-bd3f-4b87-b1f0-e408220e04ed" testId="170542a8-dc94-1eae-8e61-7f4921b86749" testName="Remove_Correct" computerName="DKSR-EFI-06" duration="00:00:00.0013936" startTime="2024-01-09T15:46:05.1624115+01:00" endTime="2024-01-09T15:46:05.1639745+01:00" testType="13cdc9d9-ddb5-4fa4-a97d-d965ccfc6d4b" outcome="Passed" testListId="8c84fa94-04c1-424b-9868-57a2d4851a1d" relativeResultsDirectory="2de93a29-bd3f-4b87-b1f0-e408220e04ed" />
    <UnitTestResult executionId="38b32e55-ebce-46e6-acb1-194f1158114b" testId="e0a5e776-29a3-f806-618e-c50f5461dfdb" testName="Given_ReceivedMessageIsProperJson_When_Parsing_Then_JObjectIsReturned" computerName="DKSR-EFI-06" duration="00:00:00.0013421" startTime="2024-01-09T15:46:05.6062939+01:00" endTime="2024-01-09T15:46:05.6078017+01:00" testType="13cdc9d9-ddb5-4fa4-a97d-d965ccfc6d4b" outcome="Passed" testListId="8c84fa94-04c1-424b-9868-57a2d4851a1d" relativeResultsDirectory="38b32e55-ebce-46e6-acb1-194f1158114b" />
    <UnitTestResult executionId="efec4aac-5b2e-41b7-8ec3-91bac6f69c6f" testId="56d2e303-9191-fd62-30a9-ea9298b86cd6" testName="Initialize_ShouldNotSetApplicationStateOn" computerName="DKSR-EFI-06" duration="00:00:00.0017621" startTime="2024-01-09T15:46:03.3345477+01:00" endTime="2024-01-09T15:46:03.3364653+01:00" testType="13cdc9d9-ddb5-4fa4-a97d-d965ccfc6d4b" outcome="Passed" testListId="8c84fa94-04c1-424b-9868-57a2d4851a1d" relativeResultsDirectory="efec4aac-5b2e-41b7-8ec3-91bac6f69c6f" />
    <UnitTestResult executionId="95ed91ab-7a45-4fef-8cdd-8cc51f087427" testId="7fe1ef40-9ce0-1e32-d490-dcfb0a7df207" testName="XpcoMultiLoginLoadConfiguration" computerName="DKSR-EFI-06" duration="00:00:00.3723110" startTime="2024-01-09T15:46:07.6884138+01:00" endTime="2024-01-09T15:46:08.0610121+01:00" testType="13cdc9d9-ddb5-4fa4-a97d-d965ccfc6d4b" outcome="Passed" testListId="8c84fa94-04c1-424b-9868-57a2d4851a1d" relativeResultsDirectory="95ed91ab-7a45-4fef-8cdd-8cc51f087427">
      <Output>
        <StdOut>Debug Trace:&#xD;
TopLevelControl returns null. PostMessage may have problems&#xD;
MIP: Error: LicenseManager (): Login settings not found. EnvironmentType: Standalone&#xD;
MIP: Error: License Load (): Exception source:      VideoOS.Platform&#xD;
Exception type:        VideoOS.Platform.MIPException&#xD;
Exception message:     Login settings not found.&#xD;
Exception target site: GetCompatibilityHandler&#xD;
   at VideoOS.Platform.License.LicenseManager.GetCompatibilityHandler() in D:\actions-runner\_work\XPCO\XPCO\MIP\PlatformPlugin\VideoOS.Platform\src\License\LicenseManager.Internal.cs:line 565&#xD;
   at VideoOS.Platform.License.LicenseManager.LoadLicenseInformation() in D:\actions-runner\_work\XPCO\XPCO\MIP\PlatformPlugin\VideoOS.Platform\src\License\LicenseManager.Internal.cs:line 75&#xD;
&#xD;
License LoadLicense Load ()Login settings not found.   at VideoOS.Platform.License.LicenseManager.GetCompatibilityHandler() in D:\actions-runner\_work\XPCO\XPCO\MIP\PlatformPlugin\VideoOS.Platform\src\License\LicenseManager.Internal.cs:line 565&#xD;
   at VideoOS.Platform.License.LicenseManager.LoadLicenseInformation() in D:\actions-runner\_work\XPCO\XPCO\MIP\PlatformPlugin\VideoOS.Platform\src\License\LicenseManager.Internal.cs:line 75</StdOut>
      </Output>
    </UnitTestResult>
    <UnitTestResult executionId="0eefd8d5-9d17-43f8-a00e-c6e42d40f1fc" testId="40843798-41bf-fb8a-959c-ba732aa831ed" testName="Reset_Success" computerName="DKSR-EFI-06" duration="00:00:00.0038257" startTime="2024-01-09T15:46:02.8347494+01:00" endTime="2024-01-09T15:46:02.8388327+01:00" testType="13cdc9d9-ddb5-4fa4-a97d-d965ccfc6d4b" outcome="Passed" testListId="8c84fa94-04c1-424b-9868-57a2d4851a1d" relativeResultsDirectory="0eefd8d5-9d17-43f8-a00e-c6e42d40f1fc" />
    <UnitTestResult executionId="c8bc7a96-a8c2-4833-ad35-b4b3396b40ef" testId="6e75c7b2-82c6-9596-e538-6098a4826ccc" testName="Initialize_ShouldSetInstances" computerName="DKSR-EFI-06" duration="00:00:00.1668000" startTime="2024-01-09T15:46:03.1666652+01:00" endTime="2024-01-09T15:46:03.3338576+01:00" testType="13cdc9d9-ddb5-4fa4-a97d-d965ccfc6d4b" outcome="Passed" testListId="8c84fa94-04c1-424b-9868-57a2d4851a1d" relativeResultsDirectory="c8bc7a96-a8c2-4833-ad35-b4b3396b40ef" />
    <UnitTestResult executionId="3002130a-0e43-4ba3-9559-62f307287541" testId="00962e3e-83d9-46ce-082c-5ce3071a9a13" testName="StartRecording_ShouldStartRecording_WhenRecordingIsStopped" computerName="DKSR-EFI-06" duration="00:00:00.0013196" startTime="2024-01-09T15:46:23.5002082+01:00" endTime="2024-01-09T15:46:23.5016707+01:00" testType="13cdc9d9-ddb5-4fa4-a97d-d965ccfc6d4b" outcome="Passed" testListId="8c84fa94-04c1-424b-9868-57a2d4851a1d" relativeResultsDirectory="3002130a-0e43-4ba3-9559-62f307287541" />
    <UnitTestResult executionId="600d6f39-6760-4a9f-bf48-16a174f2a787" testId="05f781d9-9be7-1af3-c443-40faaa2345fc" testName="CheckToMilisecString" computerName="DKSR-EFI-06" duration="00:00:00.0018030" startTime="2024-01-09T15:46:05.0530192+01:00" endTime="2024-01-09T15:46:05.0550256+01:00" testType="13cdc9d9-ddb5-4fa4-a97d-d965ccfc6d4b" outcome="Passed" testListId="8c84fa94-04c1-424b-9868-57a2d4851a1d" relativeResultsDirectory="600d6f39-6760-4a9f-bf48-16a174f2a787" />
    <UnitTestResult executionId="9b9f3fe2-414f-4fc4-9de0-54afe2f5a109" testId="dd88292e-70c4-42bd-a16e-4296bf8609a3" testName="CheckBaseTime1970FromString" computerName="DKSR-EFI-06" duration="00:00:00.0039253" startTime="2024-01-09T15:46:05.0270052+01:00" endTime="2024-01-09T15:46:05.0311471+01:00" testType="13cdc9d9-ddb5-4fa4-a97d-d965ccfc6d4b" outcome="Passed" testListId="8c84fa94-04c1-424b-9868-57a2d4851a1d" relativeResultsDirectory="9b9f3fe2-414f-4fc4-9de0-54afe2f5a109" />
    <UnitTestResult executionId="54b7b4dc-dc8b-4a62-8e4a-eab1294abb60" testId="48cf9cec-86cd-b055-9df4-4490d5d29676" testName="XpcoSiteInfoUriNoSuccessBasic" computerName="DKSR-EFI-06" duration="00:00:00.3292877" startTime="2024-01-09T15:46:08.4281272+01:00" endTime="2024-01-09T15:46:08.7577664+01:00" testType="13cdc9d9-ddb5-4fa4-a97d-d965ccfc6d4b" outcome="Passed" testListId="8c84fa94-04c1-424b-9868-57a2d4851a1d" relativeResultsDirectory="54b7b4dc-dc8b-4a62-8e4a-eab1294abb60">
      <Output>
        <StdOut>Debug Trace:&#xD;
1/9/2024 3:46:08 PMFindBestAddress - Start for: https://4.4.4.4:55/, type=XPCO&#xD;
1/9/2024 3:46:08 PMFindBestAddress - Start for: http://4.4.4.4:55/, type=XPCO&#xD;
ConnectionCheck:http://4.4.4.4:55/  :The method or operation is not implemented.&#xD;
ConnectionCheck for:http://4.4.4.4:55/, Took:188ms&#xD;
1/9/2024 3:46:08 PMFindBestAddress - End for: http://4.4.4.4:55/, type=XPCO&#xD;
ConnectionCheck:https://4.4.4.4:55/  :The method or operation is not implemented.&#xD;
ConnectionCheck for:https://4.4.4.4:55/, Took:203ms&#xD;
1/9/2024 3:46:08 PMFindBestAddress - End for: https://4.4.4.4:55/, type=XPCO&#xD;
MIP: Error: FindBestAddress (): No server found on address: http://4.4.4.4:55/&#xD;
ConstructLoginServer: Unable to identify server type:4.4.4.4</StdOut>
      </Output>
    </UnitTestResult>
    <UnitTestResult executionId="d6ddb8b5-54ae-44f7-9f33-e7198d160204" testId="c9e3fbeb-75b1-7c7b-7b60-e4644d8dd577" testName="Given_ReceivedMessageContainsSuccessStatus_When_IsSuccessStatusCode_ThenResultFollowingStatusIsReturned" computerName="DKSR-EFI-06" duration="00:00:00.0010854" startTime="2024-01-09T15:46:05.6044063+01:00" endTime="2024-01-09T15:46:05.6057583+01:00" testType="13cdc9d9-ddb5-4fa4-a97d-d965ccfc6d4b" outcome="Passed" testListId="8c84fa94-04c1-424b-9868-57a2d4851a1d" relativeResultsDirectory="d6ddb8b5-54ae-44f7-9f33-e7198d160204" />
    <UnitTestResult executionId="35dfb93d-ffbc-4252-ac61-6dc8a88f06c5" testId="cb92a75a-3d75-fb02-ff9b-54b25c8156f2" testName="CheckBaseTime1970ToInt" computerName="DKSR-EFI-06" duration="00:00:00.0165493" startTime="2024-01-09T15:46:05.0591535+01:00" endTime="2024-01-09T15:46:05.0759072+01:00" testType="13cdc9d9-ddb5-4fa4-a97d-d965ccfc6d4b" outcome="Passed" testListId="8c84fa94-04c1-424b-9868-57a2d4851a1d" relativeResultsDirectory="35dfb93d-ffbc-4252-ac61-6dc8a88f06c5">
      <Output>
        <StdOut>Debug Trace:&#xD;
MIP: Error: TimeConverter (): ToInt() loosing significant value: Consider to use ToLong()</StdOut>
      </Output>
    </UnitTestResult>
    <UnitTestResult executionId="510d626b-dd37-48e0-9ac6-1655840ea13d" testId="b4cef04e-2d44-bef8-05c3-d2ca96c4a23e" testName="Givent_MessageContainingEventWithData_When_ConvertingToEvents_Then_DataIsOfType_JsonHandling_JSonObject" computerName="DKSR-EFI-06" duration="00:00:00.0007458" startTime="2024-01-09T15:46:05.6438968+01:00" endTime="2024-01-09T15:46:05.6449495+01:00" testType="13cdc9d9-ddb5-4fa4-a97d-d965ccfc6d4b" outcome="Passed" testListId="8c84fa94-04c1-424b-9868-57a2d4851a1d" relativeResultsDirectory="510d626b-dd37-48e0-9ac6-1655840ea13d" />
    <UnitTestResult executionId="6b98cf19-558b-4ad4-81f1-8c7bd0759478" testId="1898017e-0a0a-9fff-c891-5b794811d9ca" testName="IsServerConnected_Correct" computerName="DKSR-EFI-06" duration="00:00:00.0074767" startTime="2024-01-09T15:46:02.8791113+01:00" endTime="2024-01-09T15:46:02.8867623+01:00" testType="13cdc9d9-ddb5-4fa4-a97d-d965ccfc6d4b" outcome="Passed" testListId="8c84fa94-04c1-424b-9868-57a2d4851a1d" relativeResultsDirectory="6b98cf19-558b-4ad4-81f1-8c7bd0759478" />
    <UnitTestResult executionId="123f44f3-1054-40ed-b306-a7e57278c4c1" testId="6afb3563-c986-73d9-429e-d345f8912c2c" testName="XpcoGroupCheck" computerName="DKSR-EFI-06" duration="00:00:01.1586670" startTime="2024-01-09T15:46:22.2964041+01:00" endTime="2024-01-09T15:46:23.4556732+01:00" testType="13cdc9d9-ddb5-4fa4-a97d-d965ccfc6d4b" outcome="Passed" testListId="8c84fa94-04c1-424b-9868-57a2d4851a1d" relativeResultsDirectory="123f44f3-1054-40ed-b306-a7e57278c4c1">
      <Output>
        <StdOut>Debug Trace:&#xD;
TopLevelControl returns null. PostMessage may have problems&#xD;
MIP: Error: ConfigurationApiItemWrapper (): ConfigAPI GetItem(): System.NotImplementedException, The method or operation is not implemented.&#xD;
MIP: Error: Factory.IsItemTypeSupported (): Exception source:      VideoOS.Platform.SDK.UnitTests&#xD;
Exception type:        System.NotImplementedException&#xD;
Exception message:     The method or operation is not implemented.&#xD;
Exception target site: GetItem&#xD;
   at VideoOS.Platform.SDKUnittest.EnvironmentTests.TestConfigurationClientService.GetItem(String path) in D:\actions-runner\_work\XPCO\XPCO\MIP\MIPSDK\tst\VideoOS.Platform.SDK.UnitTests\EnvironmentTests\TestsWithCorporateShimsBase.cs:line 227&#xD;
   at VideoOS.Platform.Proxy.ConfigApi.ConfigurationApiItemWrapper..ctor(ServerId serverId, String path) in D:\actions-runner\_work\XPCO\XPCO\MIP\PlatformPlugin\VideoOS.Platform\src\Proxy\ConfigApi\ConfigurationApiItemWrapper.cs:line 104&#xD;
   at VideoOS.Platform.ConfigurationItems.Factory.IsItemTypeSupported(ServerId serverId, String itemType) in D:\actions-runner\_work\XPCO\XPCO\MIP\PlatformPlugin\VideoOS.Platform\src\ConfigurationItems\Factory.cs:line 464&#xD;
&#xD;
Factory.IsItemTypeSupportedFactory.IsItemTypeSupported ()The method or operation is not implemented.   at VideoOS.Platform.SDKUnittest.EnvironmentTests.TestConfigurationClientService.GetItem(String path) in D:\actions-runner\_work\XPCO\XPCO\MIP\MIPSDK\tst\VideoOS.Platform.SDK.UnitTests\EnvironmentTests\TestsWithCorporateShimsBase.cs:line 227&#xD;
   at VideoOS.Platform.Proxy.ConfigApi.ConfigurationApiItemWrapper..ctor(ServerId serverId, String path) in D:\actions-runner\_work\XPCO\XPCO\MIP\PlatformPlugin\VideoOS.Platform\src\Proxy\ConfigApi\ConfigurationApiItemWrapper.cs:line 104&#xD;
   at VideoOS.Platform.ConfigurationItems.Factory.IsItemTypeSupported(ServerId serverId, String itemType) in D:\actions-runner\_work\XPCO\XPCO\MIP\PlatformPlugin\VideoOS.Platform\src\ConfigurationItems\Factory.cs:line 464&#xD;
MIP: Error: GetConfiguration (): CustomSetting not found for the given platformDefinitionId: e145597a-ecaf-40a1-99e6-14bb9d45a09e&#xD;
MIP: Error: ConfigurationApiItemWrapper (): ConfigAPI GetItem(): System.NotImplementedException, The method or operation is not implemented.&#xD;
MIP: Error: Factory.IsItemTypeSupported (): Exception source:      VideoOS.Platform.SDK.UnitTests&#xD;
Exception type:        System.NotImplementedException&#xD;
Exception message:     The method or operation is not implemented.&#xD;
Exception target site: GetItem&#xD;
   at VideoOS.Platform.SDKUnittest.EnvironmentTests.TestConfigurationClientService.GetItem(String path) in D:\actions-runner\_work\XPCO\XPCO\MIP\MIPSDK\tst\VideoOS.Platform.SDK.UnitTests\EnvironmentTests\TestsWithCorporateShimsBase.cs:line 227&#xD;
   at VideoOS.Platform.Proxy.ConfigApi.ConfigurationApiItemWrapper..ctor(ServerId serverId, String path) in D:\actions-runner\_work\XPCO\XPCO\MIP\PlatformPlugin\VideoOS.Platform\src\Proxy\ConfigApi\ConfigurationApiItemWrapper.cs:line 104&#xD;
   at VideoOS.Platform.ConfigurationItems.Factory.IsItemTypeSupported(ServerId serverId, String itemType) in D:\actions-runner\_work\XPCO\XPCO\MIP\PlatformPlugin\VideoOS.Platform\src\ConfigurationItems\Factory.cs:line 464&#xD;
&#xD;
Factory.IsItemTypeSupportedFactory.IsItemTypeSupported ()The method or operation is not implemented.   at VideoOS.Platform.SDKUnittest.EnvironmentTests.TestConfigurationClientService.GetItem(String path) in D:\actions-runner\_work\XPCO\XPCO\MIP\MIPSDK\tst\VideoOS.Platform.SDK.UnitTests\EnvironmentTests\TestsWithCorporateShimsBase.cs:line 227&#xD;
   at VideoOS.Platform.Proxy.ConfigApi.ConfigurationApiItemWrapper..ctor(ServerId serverId, String path) in D:\actions-runner\_work\XPCO\XPCO\MIP\PlatformPlugin\VideoOS.Platform\src\Proxy\ConfigApi\ConfigurationApiItemWrapper.cs:line 104&#xD;
   at VideoOS.Platform.ConfigurationItems.Factory.IsItemTypeSupported(ServerId serverId, String itemType) in D:\actions-runner\_work\XPCO\XPCO\MIP\PlatformPlugin\VideoOS.Platform\src\ConfigurationItems\Factory.cs:line 464&#xD;
MIP: Error: LoginServerOauth (): https://1.2.3.5:55/ManagementServer/ServerCommandServiceOAuth.svc The method or operation is not implemented.&#xD;
MIP: Error: ConfigurationApiItemWrapper (): ConfigAPI GetItem(): System.NotImplementedException, The method or operation is not implemented.&#xD;
MIP: Error: Factory.IsItemTypeSupported (): Exception source:      VideoOS.Platform.SDK.UnitTests&#xD;
Exception type:        System.NotImplementedException&#xD;
Exception message:     The method or operation is not implemented.&#xD;
Exception target site: GetItem&#xD;
   at VideoOS.Platform.SDKUnittest.EnvironmentTests.TestConfigurationClientService.GetItem(String path) in D:\actions-runner\_work\XPCO\XPCO\MIP\MIPSDK\tst\VideoOS.Platform.SDK.UnitTests\EnvironmentTests\TestsWithCorporateShimsBase.cs:line 227&#xD;
   at VideoOS.Platform.Proxy.ConfigApi.ConfigurationApiItemWrapper..ctor(ServerId serverId, String path) in D:\actions-runner\_work\XPCO\XPCO\MIP\PlatformPlugin\VideoOS.Platform\src\Proxy\ConfigApi\ConfigurationApiItemWrapper.cs:line 104&#xD;
   at VideoOS.Platform.ConfigurationItems.Factory.IsItemTypeSupported(ServerId serverId, String itemType) in D:\actions-runner\_work\XPCO\XPCO\MIP\PlatformPlugin\VideoOS.Platform\src\ConfigurationItems\Factory.cs:line 464&#xD;
&#xD;
Factory.IsItemTypeSupportedFactory.IsItemTypeSupported ()The method or operation is not implemented.   at VideoOS.Platform.SDKUnittest.EnvironmentTests.TestConfigurationClientService.GetItem(String path) in D:\actions-runner\_work\XPCO\XPCO\MIP\MIPSDK\tst\VideoOS.Platform.SDK.UnitTests\EnvironmentTests\TestsWithCorporateShimsBase.cs:line 227&#xD;
   at VideoOS.Platform.Proxy.ConfigApi.ConfigurationApiItemWrapper..ctor(ServerId serverId, String path) in D:\actions-runner\_work\XPCO\XPCO\MIP\PlatformPlugin\VideoOS.Platform\src\Proxy\ConfigApi\ConfigurationApiItemWrapper.cs:line 104&#xD;
   at VideoOS.Platform.ConfigurationItems.Factory.IsItemTypeSupported(ServerId serverId, String itemType) in D:\actions-runner\_work\XPCO\XPCO\MIP\PlatformPlugin\VideoOS.Platform\src\ConfigurationItems\Factory.cs:line 464&#xD;
MIP: Error: GetConfiguration (): CustomSetting not found for the given platformDefinitionId: e145597a-ecaf-40a1-99e6-14bb9d45a09e&#xD;
MIP: Error: ConfigurationApiItemWrapper (): ConfigAPI GetItem(): System.NotImplementedException, The method or operation is not implemented.&#xD;
MIP: Error: Factory.IsItemTypeSupported (): Exception source:      VideoOS.Platform.SDK.UnitTests&#xD;
Exception type:        System.NotImplementedException&#xD;
Exception message:     The method or operation is not implemented.&#xD;
Exception target site: GetItem&#xD;
   at VideoOS.Platform.SDKUnittest.EnvironmentTests.TestConfigurationClientService.GetItem(String path) in D:\actions-runner\_work\XPCO\XPCO\MIP\MIPSDK\tst\VideoOS.Platform.SDK.UnitTests\EnvironmentTests\TestsWithCorporateShimsBase.cs:line 227&#xD;
   at VideoOS.Platform.Proxy.ConfigApi.ConfigurationApiItemWrapper..ctor(ServerId serverId, String path) in D:\actions-runner\_work\XPCO\XPCO\MIP\PlatformPlugin\VideoOS.Platform\src\Proxy\ConfigApi\ConfigurationApiItemWrapper.cs:line 104&#xD;
   at VideoOS.Platform.ConfigurationItems.Factory.IsItemTypeSupported(ServerId serverId, String itemType) in D:\actions-runner\_work\XPCO\XPCO\MIP\PlatformPlugin\VideoOS.Platform\src\ConfigurationItems\Factory.cs:line 464&#xD;
&#xD;
Factory.IsItemTypeSupportedFactory.IsItemTypeSupported ()The method or operation is not implemented.   at VideoOS.Platform.SDKUnittest.EnvironmentTests.TestConfigurationClientService.GetItem(String path) in D:\actions-runner\_work\XPCO\XPCO\MIP\MIPSDK\tst\VideoOS.Platform.SDK.UnitTests\EnvironmentTests\TestsWithCorporateShimsBase.cs:line 227&#xD;
   at VideoOS.Platform.Proxy.ConfigApi.ConfigurationApiItemWrapper..ctor(ServerId serverId, String path) in D:\actions-runner\_work\XPCO\XPCO\MIP\PlatformPlugin\VideoOS.Platform\src\Proxy\ConfigApi\ConfigurationApiItemWrapper.cs:line 104&#xD;
   at VideoOS.Platform.ConfigurationItems.Factory.IsItemTypeSupported(ServerId serverId, String itemType) in D:\actions-runner\_work\XPCO\XPCO\MIP\PlatformPlugin\VideoOS.Platform\src\ConfigurationItems\Factory.cs:line 464&#xD;
MIP: Error: LoginServerOauth (): https://1.2.3.5:55/ManagementServer/ServerCommandServiceOAuth.svc The method or operation is not implemented.&#xD;
MIP: Error: ConfigurationApiItemWrapper (): ConfigAPI GetItem(): System.NotImplementedException, The method or operation is not implemented.&#xD;
MIP: Error: Factory.IsItemTypeSupported (): Exception source:      VideoOS.Platform.SDK.UnitTests&#xD;
Exception type:        System.NotImplementedException&#xD;
Exception message:     The method or operation is not implemented.&#xD;
Exception target site: GetItem&#xD;
   at VideoOS.Platform.SDKUnittest.EnvironmentTests.TestConfigurationClientService.GetItem(String path) in D:\actions-runner\_work\XPCO\XPCO\MIP\MIPSDK\tst\VideoOS.Platform.SDK.UnitTests\EnvironmentTests\TestsWithCorporateShimsBase.cs:line 227&#xD;
   at VideoOS.Platform.Proxy.ConfigApi.ConfigurationApiItemWrapper..ctor(ServerId serverId, String path) in D:\actions-runner\_work\XPCO\XPCO\MIP\PlatformPlugin\VideoOS.Platform\src\Proxy\ConfigApi\ConfigurationApiItemWrapper.cs:line 104&#xD;
   at VideoOS.Platform.ConfigurationItems.Factory.IsItemTypeSupported(ServerId serverId, String itemType) in D:\actions-runner\_work\XPCO\XPCO\MIP\PlatformPlugin\VideoOS.Platform\src\ConfigurationItems\Factory.cs:line 464&#xD;
&#xD;
Factory.IsItemTypeSupportedFactory.IsItemTypeSupported ()The method or operation is not implemented.   at VideoOS.Platform.SDKUnittest.EnvironmentTests.TestConfigurationClientService.GetItem(String path) in D:\actions-runner\_work\XPCO\XPCO\MIP\MIPSDK\tst\VideoOS.Platform.SDK.UnitTests\EnvironmentTests\TestsWithCorporateShimsBase.cs:line 227&#xD;
   at VideoOS.Platform.Proxy.ConfigApi.ConfigurationApiItemWrapper..ctor(ServerId serverId, String path) in D:\actions-runner\_work\XPCO\XPCO\MIP\PlatformPlugin\VideoOS.Platform\src\Proxy\ConfigApi\ConfigurationApiItemWrapper.cs:line 104&#xD;
   at VideoOS.Platform.ConfigurationItems.Factory.IsItemTypeSupported(ServerId serverId, String itemType) in D:\actions-runner\_work\XPCO\XPCO\MIP\PlatformPlugin\VideoOS.Platform\src\ConfigurationItems\Factory.cs:line 464&#xD;
MIP: Error: ConfigurationApiItemWrapper (): ConfigAPI GetItem(): System.NotImplementedException, The method or operation is not implemented.&#xD;
MIP: Error: Factory.IsItemTypeSupported (): Exception source:      VideoOS.Platform.SDK.UnitTests&#xD;
Exception type:        System.NotImplementedException&#xD;
Exception message:     The method or operation is not implemented.&#xD;
Exception target site: GetItem&#xD;
   at VideoOS.Platform.SDKUnittest.EnvironmentTests.TestConfigurationClientService.GetItem(String path) in D:\actions-runner\_work\XPCO\XPCO\MIP\MIPSDK\tst\VideoOS.Platform.SDK.UnitTests\EnvironmentTests\TestsWithCorporateShimsBase.cs:line 227&#xD;
   at VideoOS.Platform.Proxy.ConfigApi.ConfigurationApiItemWrapper..ctor(ServerId serverId, String path) in D:\actions-runner\_work\XPCO\XPCO\MIP\PlatformPlugin\VideoOS.Platform\src\Proxy\ConfigApi\ConfigurationApiItemWrapper.cs:line 104&#xD;
   at VideoOS.Platform.ConfigurationItems.Factory.IsItemTypeSupported(ServerId serverId, String itemType) in D:\actions-runner\_work\XPCO\XPCO\MIP\PlatformPlugin\VideoOS.Platform\src\ConfigurationItems\Factory.cs:line 464&#xD;
&#xD;
Factory.IsItemTypeSupportedFactory.IsItemTypeSupported ()The method or operation is not implemented.   at VideoOS.Platform.SDKUnittest.EnvironmentTests.TestConfigurationClientService.GetItem(String path) in D:\actions-runner\_work\XPCO\XPCO\MIP\MIPSDK\tst\VideoOS.Platform.SDK.UnitTests\EnvironmentTests\TestsWithCorporateShimsBase.cs:line 227&#xD;
   at VideoOS.Platform.Proxy.ConfigApi.ConfigurationApiItemWrapper..ctor(ServerId serverId, String path) in D:\actions-runner\_work\XPCO\XPCO\MIP\PlatformPlugin\VideoOS.Platform\src\Proxy\ConfigApi\ConfigurationApiItemWrapper.cs:line 104&#xD;
   at VideoOS.Platform.ConfigurationItems.Factory.IsItemTypeSupported(ServerId serverId, String itemType) in D:\actions-runner\_work\XPCO\XPCO\MIP\PlatformPlugin\VideoOS.Platform\src\ConfigurationItems\Factory.cs:line 464&#xD;
MIP: Error: LoginServerOauth (): https://1.2.3.5:55/ManagementServer/ServerCommandServiceOAuth.svc The method or operation is not implemented.&#xD;
MIP: Error: ConfigurationApiItemWrapper (): ConfigAPI GetItem(): System.NotImplementedException, The method or operation is not implemented.&#xD;
MIP: Error: Factory.IsItemTypeSupported (): Exception source:      VideoOS.Platform.SDK.UnitTests&#xD;
Exception type:        System.NotImplementedException&#xD;
Exception message:     The method or operation is not implemented.&#xD;
Exception target site: GetItem&#xD;
   at VideoOS.Platform.SDKUnittest.EnvironmentTests.TestConfigurationClientService.GetItem(String path) in D:\actions-runner\_work\XPCO\XPCO\MIP\MIPSDK\tst\VideoOS.Platform.SDK.UnitTests\EnvironmentTests\TestsWithCorporateShimsBase.cs:line 227&#xD;
   at VideoOS.Platform.Proxy.ConfigApi.ConfigurationApiItemWrapper..ctor(ServerId serverId, String path) in D:\actions-runner\_work\XPCO\XPCO\MIP\PlatformPlugin\VideoOS.Platform\src\Proxy\ConfigApi\ConfigurationApiItemWrapper.cs:line 104&#xD;
   at VideoOS.Platform.ConfigurationItems.Factory.IsItemTypeSupported(ServerId serverId, String itemType) in D:\actions-runner\_work\XPCO\XPCO\MIP\PlatformPlugin\VideoOS.Platform\src\ConfigurationItems\Factory.cs:line 464&#xD;
&#xD;
Factory.IsItemTypeSupportedFactory.IsItemTypeSupported ()The method or operation is not implemented.   at VideoOS.Platform.SDKUnittest.EnvironmentTests.TestConfigurationClientService.GetItem(String path) in D:\actions-runner\_work\XPCO\XPCO\MIP\MIPSDK\tst\VideoOS.Platform.SDK.UnitTests\EnvironmentTests\TestsWithCorporateShimsBase.cs:line 227&#xD;
   at VideoOS.Platform.Proxy.ConfigApi.ConfigurationApiItemWrapper..ctor(ServerId serverId, String path) in D:\actions-runner\_work\XPCO\XPCO\MIP\PlatformPlugin\VideoOS.Platform\src\Proxy\ConfigApi\ConfigurationApiItemWrapper.cs:line 104&#xD;
   at VideoOS.Platform.ConfigurationItems.Factory.IsItemTypeSupported(ServerId serverId, String itemType) in D:\actions-runner\_work\XPCO\XPCO\MIP\PlatformPlugin\VideoOS.Platform\src\ConfigurationItems\Factory.cs:line 464&#xD;
MIP: Error: GetConfiguration (): CustomSetting not found for the given platformDefinitionId: e145597a-ecaf-40a1-99e6-14bb9d45a09e&#xD;
MIP: Error: ConfigurationApiItemWrapper (): ConfigAPI GetItem(): System.NotImplementedException, The method or operation is not implemented.&#xD;
MIP: Error: Factory.IsItemTypeSupported (): Exception source:      VideoOS.Platform.SDK.UnitTests&#xD;
Exception type:        System.NotImplementedException&#xD;
Exception message:     The method or operation is not implemented.&#xD;
Exception target site: GetItem&#xD;
   at VideoOS.Platform.SDKUnittest.EnvironmentTests.TestConfigurationClientService.GetItem(String path) in D:\actions-runner\_work\XPCO\XPCO\MIP\MIPSDK\tst\VideoOS.Platform.SDK.UnitTests\EnvironmentTests\TestsWithCorporateShimsBase.cs:line 227&#xD;
   at VideoOS.Platform.Proxy.ConfigApi.ConfigurationApiItemWrapper..ctor(ServerId serverId, String path) in D:\actions-runner\_work\XPCO\XPCO\MIP\PlatformPlugin\VideoOS.Platform\src\Proxy\ConfigApi\ConfigurationApiItemWrapper.cs:line 104&#xD;
   at VideoOS.Platform.ConfigurationItems.Factory.IsItemTypeSupported(ServerId serverId, String itemType) in D:\actions-runner\_work\XPCO\XPCO\MIP\PlatformPlugin\VideoOS.Platform\src\ConfigurationItems\Factory.cs:line 464&#xD;
&#xD;
Factory.IsItemTypeSupportedFactory.IsItemTypeSupported ()The method or operation is not implemented.   at VideoOS.Platform.SDKUnittest.EnvironmentTests.TestConfigurationClientService.GetItem(String path) in D:\actions-runner\_work\XPCO\XPCO\MIP\MIPSDK\tst\VideoOS.Platform.SDK.UnitTests\EnvironmentTests\TestsWithCorporateShimsBase.cs:line 227&#xD;
   at VideoOS.Platform.Proxy.ConfigApi.ConfigurationApiItemWrapper..ctor(ServerId serverId, String path) in D:\actions-runner\_work\XPCO\XPCO\MIP\PlatformPlugin\VideoOS.Platform\src\Proxy\ConfigApi\ConfigurationApiItemWrapper.cs:line 104&#xD;
   at VideoOS.Platform.ConfigurationItems.Factory.IsItemTypeSupported(ServerId serverId, String itemType) in D:\actions-runner\_work\XPCO\XPCO\MIP\PlatformPlugin\VideoOS.Platform\src\ConfigurationItems\Factory.cs:line 464&#xD;
MIP: Error: LoginServerOauth (): https://1.2.3.5:55/ManagementServer/ServerCommandServiceOAuth.svc The method or operation is not implemented.&#xD;
MIP: Error: ConfigurationApiItemWrapper (): ConfigAPI GetItem(): System.NotImplementedException, The method or operation is not implemented.&#xD;
MIP: Error: Factory.IsItemTypeSupported (): Exception source:      VideoOS.Platform.SDK.UnitTests&#xD;
Exception type:        System.NotImplementedException&#xD;
Exception message:     The method or operation is not implemented.&#xD;
Exception target site: GetItem&#xD;
   at VideoOS.Platform.SDKUnittest.EnvironmentTests.TestConfigurationClientService.GetItem(String path) in D:\actions-runner\_work\XPCO\XPCO\MIP\MIPSDK\tst\VideoOS.Platform.SDK.UnitTests\EnvironmentTests\TestsWithCorporateShimsBase.cs:line 227&#xD;
   at VideoOS.Platform.Proxy.ConfigApi.ConfigurationApiItemWrapper..ctor(ServerId serverId, String path) in D:\actions-runner\_work\XPCO\XPCO\MIP\PlatformPlugin\VideoOS.Platform\src\Proxy\ConfigApi\ConfigurationApiItemWrapper.cs:line 104&#xD;
   at VideoOS.Platform.ConfigurationItems.Factory.IsItemTypeSupported(ServerId serverId, String itemType) in D:\actions-runner\_work\XPCO\XPCO\MIP\PlatformPlugin\VideoOS.Platform\src\ConfigurationItems\Factory.cs:line 464&#xD;
&#xD;
Factory.IsItemTypeSupportedFactory.IsItemTypeSupported ()The method or operation is not implemented.   at VideoOS.Platform.SDKUnittest.EnvironmentTests.TestConfigurationClientService.GetItem(String path) in D:\actions-runner\_work\XPCO\XPCO\MIP\MIPSDK\tst\VideoOS.Platform.SDK.UnitTests\EnvironmentTests\TestsWithCorporateShimsBase.cs:line 227&#xD;
   at VideoOS.Platform.Proxy.ConfigApi.ConfigurationApiItemWrapper..ctor(ServerId serverId, String path) in D:\actions-runner\_work\XPCO\XPCO\MIP\PlatformPlugin\VideoOS.Platform\src\Proxy\ConfigApi\ConfigurationApiItemWrapper.cs:line 104&#xD;
   at VideoOS.Platform.ConfigurationItems.Factory.IsItemTypeSupported(ServerId serverId, String itemType) in D:\actions-runner\_work\XPCO\XPCO\MIP\PlatformPlugin\VideoOS.Platform\src\ConfigurationItems\Factory.cs:line 464&#xD;
MIP: Error: ConfigurationApiItemWrapper (): ConfigAPI GetItem(): System.NotImplementedException, The method or operation is not implemented.&#xD;
MIP: Error: Factory.IsItemTypeSupported (): Exception source:      VideoOS.Platform.SDK.UnitTests&#xD;
Exception type:        System.NotImplementedException&#xD;
Exception message:     The method or operation is not implemented.&#xD;
Exception target site: GetItem&#xD;
   at VideoOS.Platform.SDKUnittest.EnvironmentTests.TestConfigurationClientService.GetItem(String path) in D:\actions-runner\_work\XPCO\XPCO\MIP\MIPSDK\tst\VideoOS.Platform.SDK.UnitTests\EnvironmentTests\TestsWithCorporateShimsBase.cs:line 227&#xD;
   at VideoOS.Platform.Proxy.ConfigApi.ConfigurationApiItemWrapper..ctor(ServerId serverId, String path) in D:\actions-runner\_work\XPCO\XPCO\MIP\PlatformPlugin\VideoOS.Platform\src\Proxy\ConfigApi\ConfigurationApiItemWrapper.cs:line 104&#xD;
   at VideoOS.Platform.ConfigurationItems.Factory.IsItemTypeSupported(ServerId serverId, String itemType) in D:\actions-runner\_work\XPCO\XPCO\MIP\PlatformPlugin\VideoOS.Platform\src\ConfigurationItems\Factory.cs:line 464&#xD;
&#xD;
Factory.IsItemTypeSupportedFactory.IsItemTypeSupported ()The method or operation is not implemented.   at VideoOS.Platform.SDKUnittest.EnvironmentTests.TestConfigurationClientService.GetItem(String path) in D:\actions-runner\_work\XPCO\XPCO\MIP\MIPSDK\tst\VideoOS.Platform.SDK.UnitTests\EnvironmentTests\TestsWithCorporateShimsBase.cs:line 227&#xD;
   at VideoOS.Platform.Proxy.ConfigApi.ConfigurationApiItemWrapper..ctor(ServerId serverId, String path) in D:\actions-runner\_work\XPCO\XPCO\MIP\PlatformPlugin\VideoOS.Platform\src\Proxy\ConfigApi\ConfigurationApiItemWrapper.cs:line 104&#xD;
   at VideoOS.Platform.ConfigurationItems.Factory.IsItemTypeSupported(ServerId serverId, String itemType) in D:\actions-runner\_work\XPCO\XPCO\MIP\PlatformPlugin\VideoOS.Platform\src\ConfigurationItems\Factory.cs:line 464&#xD;
MIP: Error: LoginServerOauth (): https://1.2.3.5:55/ManagementServer/ServerCommandServiceOAuth.svc The method or operation is not implemented.&#xD;
MIP: Error: ConfigurationApiItemWrapper (): ConfigAPI GetItem(): System.NotImplementedException, The method or operation is not implemented.&#xD;
MIP: Error: Factory.IsItemTypeSupported (): Exception source:      VideoOS.Platform.SDK.UnitTests&#xD;
Exception type:        System.NotImplementedException&#xD;
Exception message:     The method or operation is not implemented.&#xD;
Exception target site: GetItem&#xD;
   at VideoOS.Platform.SDKUnittest.EnvironmentTests.TestConfigurationClientService.GetItem(String path) in D:\actions-runner\_work\XPCO\XPCO\MIP\MIPSDK\tst\VideoOS.Platform.SDK.UnitTests\EnvironmentTests\TestsWithCorporateShimsBase.cs:line 227&#xD;
   at VideoOS.Platform.Proxy.ConfigApi.ConfigurationApiItemWrapper..ctor(ServerId serverId, String path) in D:\actions-runner\_work\XPCO\XPCO\MIP\PlatformPlugin\VideoOS.Platform\src\Proxy\ConfigApi\ConfigurationApiItemWrapper.cs:line 104&#xD;
   at VideoOS.Platform.ConfigurationItems.Factory.IsItemTypeSupported(ServerId serverId, String itemType) in D:\actions-runner\_work\XPCO\XPCO\MIP\PlatformPlugin\VideoOS.Platform\src\ConfigurationItems\Factory.cs:line 464&#xD;
&#xD;
Factory.IsItemTypeSupportedFactory.IsItemTypeSupported ()The method or operation is not implemented.   at VideoOS.Platform.SDKUnittest.EnvironmentTests.TestConfigurationClientService.GetItem(String path) in D:\actions-runner\_work\XPCO\XPCO\MIP\MIPSDK\tst\VideoOS.Platform.SDK.UnitTests\EnvironmentTests\TestsWithCorporateShimsBase.cs:line 227&#xD;
   at VideoOS.Platform.Proxy.ConfigApi.ConfigurationApiItemWrapper..ctor(ServerId serverId, String path) in D:\actions-runner\_work\XPCO\XPCO\MIP\PlatformPlugin\VideoOS.Platform\src\Proxy\ConfigApi\ConfigurationApiItemWrapper.cs:line 104&#xD;
   at VideoOS.Platform.ConfigurationItems.Factory.IsItemTypeSupported(ServerId serverId, String itemType) in D:\actions-runner\_work\XPCO\XPCO\MIP\PlatformPlugin\VideoOS.Platform\src\ConfigurationItems\Factory.cs:line 464&#xD;
MIP: Error: GetConfiguration (): CustomSetting not found for the given platformDefinitionId: e145597a-ecaf-40a1-99e6-14bb9d45a09e&#xD;
MIP: Error: ConfigurationApiItemWrapper (): ConfigAPI GetItem(): System.NotImplementedException, The method or operation is not implemented.&#xD;
MIP: Error: Factory.IsItemTypeSupported (): Exception source:      VideoOS.Platform.SDK.UnitTests&#xD;
Exception type:        System.NotImplementedException&#xD;
Exception message:     The method or operation is not implemented.&#xD;
Exception target site: GetItem&#xD;
   at VideoOS.Platform.SDKUnittest.EnvironmentTests.TestConfigurationClientService.GetItem(String path) in D:\actions-runner\_work\XPCO\XPCO\MIP\MIPSDK\tst\VideoOS.Platform.SDK.UnitTests\EnvironmentTests\TestsWithCorporateShimsBase.cs:line 227&#xD;
   at VideoOS.Platform.Proxy.ConfigApi.ConfigurationApiItemWrapper..ctor(ServerId serverId, String path) in D:\actions-runner\_work\XPCO\XPCO\MIP\PlatformPlugin\VideoOS.Platform\src\Proxy\ConfigApi\ConfigurationApiItemWrapper.cs:line 104&#xD;
   at VideoOS.Platform.ConfigurationItems.Factory.IsItemTypeSupported(ServerId serverId, String itemType) in D:\actions-runner\_work\XPCO\XPCO\MIP\PlatformPlugin\VideoOS.Platform\src\ConfigurationItems\Factory.cs:line 464&#xD;
&#xD;
Factory.IsItemTypeSupportedFactory.IsItemTypeSupported ()The method or operation is not implemented.   at VideoOS.Platform.SDKUnittest.EnvironmentTests.TestConfigurationClientService.GetItem(String path) in D:\actions-runner\_work\XPCO\XPCO\MIP\MIPSDK\tst\VideoOS.Platform.SDK.UnitTests\EnvironmentTests\TestsWithCorporateShimsBase.cs:line 227&#xD;
   at VideoOS.Platform.Proxy.ConfigApi.ConfigurationApiItemWrapper..ctor(ServerId serverId, String path) in D:\actions-runner\_work\XPCO\XPCO\MIP\PlatformPlugin\VideoOS.Platform\src\Proxy\ConfigApi\ConfigurationApiItemWrapper.cs:line 104&#xD;
   at VideoOS.Platform.ConfigurationItems.Factory.IsItemTypeSupported(ServerId serverId, String itemType) in D:\actions-runner\_work\XPCO\XPCO\MIP\PlatformPlugin\VideoOS.Platform\src\ConfigurationItems\Factory.cs:line 464&#xD;
MIP: Error: LoginServerOauth (): https://1.2.3.5:55/ManagementServer/ServerCommandServiceOAuth.svc The method or operation is not implemented.&#xD;
MIP: Error: ConfigurationApiItemWrapper (): ConfigAPI GetItem(): System.NotImplementedException, The method or operation is not implemented.&#xD;
MIP: Error: Factory.IsItemTypeSupported (): Exception source:      VideoOS.Platform.SDK.UnitTests&#xD;
Exception type:        System.NotImplementedException&#xD;
Exception message:     The method or operation is not implemented.&#xD;
Exception target site: GetItem&#xD;
   at VideoOS.Platform.SDKUnittest.EnvironmentTests.TestConfigurationClientService.GetItem(String path) in D:\actions-runner\_work\XPCO\XPCO\MIP\MIPSDK\tst\VideoOS.Platform.SDK.UnitTests\EnvironmentTests\TestsWithCorporateShimsBase.cs:line 227&#xD;
   at VideoOS.Platform.Proxy.ConfigApi.ConfigurationApiItemWrapper..ctor(ServerId serverId, String path) in D:\actions-runner\_work\XPCO\XPCO\MIP\PlatformPlugin\VideoOS.Platform\src\Proxy\ConfigApi\ConfigurationApiItemWrapper.cs:line 104&#xD;
   at VideoOS.Platform.ConfigurationItems.Factory.IsItemTypeSupported(ServerId serverId, String itemType) in D:\actions-runner\_work\XPCO\XPCO\MIP\PlatformPlugin\VideoOS.Platform\src\ConfigurationItems\Factory.cs:line 464&#xD;
&#xD;
Factory.IsItemTypeSupportedFactory.IsItemTypeSupported ()The method or operation is not implemented.   at VideoOS.Platform.SDKUnittest.EnvironmentTests.TestConfigurationClientService.GetItem(String path) in D:\actions-runner\_work\XPCO\XPCO\MIP\MIPSDK\tst\VideoOS.Platform.SDK.UnitTests\EnvironmentTests\TestsWithCorporateShimsBase.cs:line 227&#xD;
   at VideoOS.Platform.Proxy.ConfigApi.ConfigurationApiItemWrapper..ctor(ServerId serverId, String path) in D:\actions-runner\_work\XPCO\XPCO\MIP\PlatformPlugin\VideoOS.Platform\src\Proxy\ConfigApi\ConfigurationApiItemWrapper.cs:line 104&#xD;
   at VideoOS.Platform.ConfigurationItems.Factory.IsItemTypeSupported(ServerId serverId, String itemType) in D:\actions-runner\_work\XPCO\XPCO\MIP\PlatformPlugin\VideoOS.Platform\src\ConfigurationItems\Factory.cs:line 464&#xD;
MIP: Error: ConfigurationApiItemWrapper (): ConfigAPI GetItem(): System.NotImplementedException, The method or operation is not implemented.&#xD;
MIP: Error: Factory.IsItemTypeSupported (): Exception source:      VideoOS.Platform.SDK.UnitTests&#xD;
Exception type:        System.NotImplementedException&#xD;
Exception message:     The method or operation is not implemented.&#xD;
Exception target site: GetItem&#xD;
   at VideoOS.Platform.SDKUnittest.EnvironmentTests.TestConfigurationClientService.GetItem(String path) in D:\actions-runner\_work\XPCO\XPCO\MIP\MIPSDK\tst\VideoOS.Platform.SDK.UnitTests\EnvironmentTests\TestsWithCorporateShimsBase.cs:line 227&#xD;
   at VideoOS.Platform.Proxy.ConfigApi.ConfigurationApiItemWrapper..ctor(ServerId serverId, String path) in D:\actions-runner\_work\XPCO\XPCO\MIP\PlatformPlugin\VideoOS.Platform\src\Proxy\ConfigApi\ConfigurationApiItemWrapper.cs:line 104&#xD;
   at VideoOS.Platform.ConfigurationItems.Factory.IsItemTypeSupported(ServerId serverId, String itemType) in D:\actions-runner\_work\XPCO\XPCO\MIP\PlatformPlugin\VideoOS.Platform\src\ConfigurationItems\Factory.cs:line 464&#xD;
&#xD;
Factory.IsItemTypeSupportedFactory.IsItemTypeSupported ()The method or operation is not implemented.   at VideoOS.Platform.SDKUnittest.EnvironmentTests.TestConfigurationClientService.GetItem(String path) in D:\actions-runner\_work\XPCO\XPCO\MIP\MIPSDK\tst\VideoOS.Platform.SDK.UnitTests\EnvironmentTests\TestsWithCorporateShimsBase.cs:line 227&#xD;
   at VideoOS.Platform.Proxy.ConfigApi.ConfigurationApiItemWrapper..ctor(ServerId serverId, String path) in D:\actions-runner\_work\XPCO\XPCO\MIP\PlatformPlugin\VideoOS.Platform\src\Proxy\ConfigApi\ConfigurationApiItemWrapper.cs:line 104&#xD;
   at VideoOS.Platform.ConfigurationItems.Factory.IsItemTypeSupported(ServerId serverId, String itemType) in D:\actions-runner\_work\XPCO\XPCO\MIP\PlatformPlugin\VideoOS.Platform\src\ConfigurationItems\Factory.cs:line 464&#xD;
MIP: Error: LoginServerOauth (): https://1.2.3.5:55/ManagementServer/ServerCommandServiceOAuth.svc The method or operation is not implemented.&#xD;
MIP: Error: ConfigurationApiItemWrapper (): ConfigAPI GetItem(): System.NotImplementedException, The method or operation is not implemented.&#xD;
MIP: Error: Factory.IsItemTypeSupported (): Exception source:      VideoOS.Platform.SDK.UnitTests&#xD;
Exception type:        System.NotImplementedException&#xD;
Exception message:     The method or operation is not implemented.&#xD;
Exception target site: GetItem&#xD;
   at VideoOS.Platform.SDKUnittest.EnvironmentTests.TestConfigurationClientService.GetItem(String path) in D:\actions-runner\_work\XPCO\XPCO\MIP\MIPSDK\tst\VideoOS.Platform.SDK.UnitTests\EnvironmentTests\TestsWithCorporateShimsBase.cs:line 227&#xD;
   at VideoOS.Platform.Proxy.ConfigApi.ConfigurationApiItemWrapper..ctor(ServerId serverId, String path) in D:\actions-runner\_work\XPCO\XPCO\MIP\PlatformPlugin\VideoOS.Platform\src\Proxy\ConfigApi\ConfigurationApiItemWrapper.cs:line 104&#xD;
   at VideoOS.Platform.ConfigurationItems.Factory.IsItemTypeSupported(ServerId serverId, String itemType) in D:\actions-runner\_work\XPCO\XPCO\MIP\PlatformPlugin\VideoOS.Platform\src\ConfigurationItems\Factory.cs:line 464&#xD;
&#xD;
Factory.IsItemTypeSupportedFactory.IsItemTypeSupported ()The method or operation is not implemented.   at VideoOS.Platform.SDKUnittest.EnvironmentTests.TestConfigurationClientService.GetItem(String path) in D:\actions-runner\_work\XPCO\XPCO\MIP\MIPSDK\tst\VideoOS.Platform.SDK.UnitTests\EnvironmentTests\TestsWithCorporateShimsBase.cs:line 227&#xD;
   at VideoOS.Platform.Proxy.ConfigApi.ConfigurationApiItemWrapper..ctor(ServerId serverId, String path) in D:\actions-runner\_work\XPCO\XPCO\MIP\PlatformPlugin\VideoOS.Platform\src\Proxy\ConfigApi\ConfigurationApiItemWrapper.cs:line 104&#xD;
   at VideoOS.Platform.ConfigurationItems.Factory.IsItemTypeSupported(ServerId serverId, String itemType) in D:\actions-runner\_work\XPCO\XPCO\MIP\PlatformPlugin\VideoOS.Platform\src\ConfigurationItems\Factory.cs:line 464&#xD;
MIP: Error: GetConfiguration (): CustomSetting not found for the given platformDefinitionId: e145597a-ecaf-40a1-99e6-14bb9d45a09e&#xD;
MIP: Error: ConfigurationApiItemWrapper (): ConfigAPI GetItem(): System.NotImplementedException, The method or operation is not implemented.&#xD;
MIP: Error: Factory.IsItemTypeSupported (): Exception source:      VideoOS.Platform.SDK.UnitTests&#xD;
Exception type:        System.NotImplementedException&#xD;
Exception message:     The method or operation is not implemented.&#xD;
Exception target site: GetItem&#xD;
   at VideoOS.Platform.SDKUnittest.EnvironmentTests.TestConfigurationClientService.GetItem(String path) in D:\actions-runner\_work\XPCO\XPCO\MIP\MIPSDK\tst\VideoOS.Platform.SDK.UnitTests\EnvironmentTests\TestsWithCorporateShimsBase.cs:line 227&#xD;
   at VideoOS.Platform.Proxy.ConfigApi.ConfigurationApiItemWrapper..ctor(ServerId serverId, String path) in D:\actions-runner\_work\XPCO\XPCO\MIP\PlatformPlugin\VideoOS.Platform\src\Proxy\ConfigApi\ConfigurationApiItemWrapper.cs:line 104&#xD;
   at VideoOS.Platform.ConfigurationItems.Factory.IsItemTypeSupported(ServerId serverId, String itemType) in D:\actions-runner\_work\XPCO\XPCO\MIP\PlatformPlugin\VideoOS.Platform\src\ConfigurationItems\Factory.cs:line 464&#xD;
&#xD;
Factory.IsItemTypeSupportedFactory.IsItemTypeSupported ()The method or operation is not implemented.   at VideoOS.Platform.SDKUnittest.EnvironmentTests.TestConfigurationClientService.GetItem(String path) in D:\actions-runner\_work\XPCO\XPCO\MIP\MIPSDK\tst\VideoOS.Platform.SDK.UnitTests\EnvironmentTests\TestsWithCorporateShimsBase.cs:line 227&#xD;
   at VideoOS.Platform.Proxy.ConfigApi.ConfigurationApiItemWrapper..ctor(ServerId serverId, String path) in D:\actions-runner\_work\XPCO\XPCO\MIP\PlatformPlugin\VideoOS.Platform\src\Proxy\ConfigApi\ConfigurationApiItemWrapper.cs:line 104&#xD;
   at VideoOS.Platform.ConfigurationItems.Factory.IsItemTypeSupported(ServerId serverId, String itemType) in D:\actions-runner\_work\XPCO\XPCO\MIP\PlatformPlugin\VideoOS.Platform\src\ConfigurationItems\Factory.cs:line 464&#xD;
MIP: Error: LoginServerOauth (): https://1.2.3.5:55/ManagementServer/ServerCommandServiceOAuth.svc The method or operation is not implemented.&#xD;
MIP: Error: ConfigurationApiItemWrapper (): ConfigAPI GetItem(): System.NotImplementedException, The method or operation is not implemented.&#xD;
MIP: Error: Factory.IsItemTypeSupported (): Exception source:      VideoOS.Platform.SDK.UnitTests&#xD;
Exception type:        System.NotImplementedException&#xD;
Exception message:     The method or operation is not implemented.&#xD;
Exception target site: GetItem&#xD;
   at VideoOS.Platform.SDKUnittest.EnvironmentTests.TestConfigurationClientService.GetItem(String path) in D:\actions-runner\_work\XPCO\XPCO\MIP\MIPSDK\tst\VideoOS.Platform.SDK.UnitTests\EnvironmentTests\TestsWithCorporateShimsBase.cs:line 227&#xD;
   at VideoOS.Platform.Proxy.ConfigApi.ConfigurationApiItemWrapper..ctor(ServerId serverId, String path) in D:\actions-runner\_work\XPCO\XPCO\MIP\PlatformPlugin\VideoOS.Platform\src\Proxy\ConfigApi\ConfigurationApiItemWrapper.cs:line 104&#xD;
   at VideoOS.Platform.ConfigurationItems.Factory.IsItemTypeSupported(ServerId serverId, String itemType) in D:\actions-runner\_work\XPCO\XPCO\MIP\PlatformPlugin\VideoOS.Platform\src\ConfigurationItems\Factory.cs:line 464&#xD;
&#xD;
Factory.IsItemTypeSupportedFactory.IsItemTypeSupported ()The method or operation is not implemented.   at VideoOS.Platform.SDKUnittest.EnvironmentTests.TestConfigurationClientService.GetItem(String path) in D:\actions-runner\_work\XPCO\XPCO\MIP\MIPSDK\tst\VideoOS.Platform.SDK.UnitTests\EnvironmentTests\TestsWithCorporateShimsBase.cs:line 227&#xD;
   at VideoOS.Platform.Proxy.ConfigApi.ConfigurationApiItemWrapper..ctor(ServerId serverId, String path) in D:\actions-runner\_work\XPCO\XPCO\MIP\PlatformPlugin\VideoOS.Platform\src\Proxy\ConfigApi\ConfigurationApiItemWrapper.cs:line 104&#xD;
   at VideoOS.Platform.ConfigurationItems.Factory.IsItemTypeSupported(ServerId serverId, String itemType) in D:\actions-runner\_work\XPCO\XPCO\MIP\PlatformPlugin\VideoOS.Platform\src\ConfigurationItems\Factory.cs:line 464&#xD;
MIP: Error: ConfigurationApiItemWrapper (): ConfigAPI GetItem(): System.NotImplementedException, The method or operation is not implemented.&#xD;
MIP: Error: Factory.IsItemTypeSupported (): Exception source:      VideoOS.Platform.SDK.UnitTests&#xD;
Exception type:        System.NotImplementedException&#xD;
Exception message:     The method or operation is not implemented.&#xD;
Exception target site: GetItem&#xD;
   at VideoOS.Platform.SDKUnittest.EnvironmentTests.TestConfigurationClientService.GetItem(String path) in D:\actions-runner\_work\XPCO\XPCO\MIP\MIPSDK\tst\VideoOS.Platform.SDK.UnitTests\EnvironmentTests\TestsWithCorporateShimsBase.cs:line 227&#xD;
   at VideoOS.Platform.Proxy.ConfigApi.ConfigurationApiItemWrapper..ctor(ServerId serverId, String path) in D:\actions-runner\_work\XPCO\XPCO\MIP\PlatformPlugin\VideoOS.Platform\src\Proxy\ConfigApi\ConfigurationApiItemWrapper.cs:line 104&#xD;
   at VideoOS.Platform.ConfigurationItems.Factory.IsItemTypeSupported(ServerId serverId, String itemType) in D:\actions-runner\_work\XPCO\XPCO\MIP\PlatformPlugin\VideoOS.Platform\src\ConfigurationItems\Factory.cs:line 464&#xD;
&#xD;
Factory.IsItemTypeSupportedFactory.IsItemTypeSupported ()The method or operation is not implemented.   at VideoOS.Platform.SDKUnittest.EnvironmentTests.TestConfigurationClientService.GetItem(String path) in D:\actions-runner\_work\XPCO\XPCO\MIP\MIPSDK\tst\VideoOS.Platform.SDK.UnitTests\EnvironmentTests\TestsWithCorporateShimsBase.cs:line 227&#xD;
   at VideoOS.Platform.Proxy.ConfigApi.ConfigurationApiItemWrapper..ctor(ServerId serverId, String path) in D:\actions-runner\_work\XPCO\XPCO\MIP\PlatformPlugin\VideoOS.Platform\src\Proxy\ConfigApi\ConfigurationApiItemWrapper.cs:line 104&#xD;
   at VideoOS.Platform.ConfigurationItems.Factory.IsItemTypeSupported(ServerId serverId, String itemType) in D:\actions-runner\_work\XPCO\XPCO\MIP\PlatformPlugin\VideoOS.Platform\src\ConfigurationItems\Factory.cs:line 464&#xD;
MIP: Error: LoginServerOauth (): https://1.2.3.5:55/ManagementServer/ServerCommandServiceOAuth.svc The method or operation is not implemented.&#xD;
MIP: Error: ConfigurationApiItemWrapper (): ConfigAPI GetItem(): System.NotImplementedException, The method or operation is not implemented.&#xD;
MIP: Error: Factory.IsItemTypeSupported (): Exception source:      VideoOS.Platform.SDK.UnitTests&#xD;
Exception type:        System.NotImplementedException&#xD;
Exception message:     The method or operation is not implemented.&#xD;
Exception target site: GetItem&#xD;
   at VideoOS.Platform.SDKUnittest.EnvironmentTests.TestConfigurationClientService.GetItem(String path) in D:\actions-runner\_work\XPCO\XPCO\MIP\MIPSDK\tst\VideoOS.Platform.SDK.UnitTests\EnvironmentTests\TestsWithCorporateShimsBase.cs:line 227&#xD;
   at VideoOS.Platform.Proxy.ConfigApi.ConfigurationApiItemWrapper..ctor(ServerId serverId, String path) in D:\actions-runner\_work\XPCO\XPCO\MIP\PlatformPlugin\VideoOS.Platform\src\Proxy\ConfigApi\ConfigurationApiItemWrapper.cs:line 104&#xD;
   at VideoOS.Platform.ConfigurationItems.Factory.IsItemTypeSupported(ServerId serverId, String itemType) in D:\actions-runner\_work\XPCO\XPCO\MIP\PlatformPlugin\VideoOS.Platform\src\ConfigurationItems\Factory.cs:line 464&#xD;
&#xD;
Factory.IsItemTypeSupportedFactory.IsItemTypeSupported ()The method or operation is not implemented.   at VideoOS.Platform.SDKUnittest.EnvironmentTests.TestConfigurationClientService.GetItem(String path) in D:\actions-runner\_work\XPCO\XPCO\MIP\MIPSDK\tst\VideoOS.Platform.SDK.UnitTests\EnvironmentTests\TestsWithCorporateShimsBase.cs:line 227&#xD;
   at VideoOS.Platform.Proxy.ConfigApi.ConfigurationApiItemWrapper..ctor(ServerId serverId, String path) in D:\actions-runner\_work\XPCO\XPCO\MIP\PlatformPlugin\VideoOS.Platform\src\Proxy\ConfigApi\ConfigurationApiItemWrapper.cs:line 104&#xD;
   at VideoOS.Platform.ConfigurationItems.Factory.IsItemTypeSupported(ServerId serverId, String itemType) in D:\actions-runner\_work\XPCO\XPCO\MIP\PlatformPlugin\VideoOS.Platform\src\ConfigurationItems\Factory.cs:line 464&#xD;
MIP: Error: GetConfiguration (): CustomSetting not found for the given platformDefinitionId: e145597a-ecaf-40a1-99e6-14bb9d45a09e&#xD;
MIP: Error: ConfigurationApiItemWrapper (): ConfigAPI GetItem(): System.NotImplementedException, The method or operation is not implemented.&#xD;
MIP: Error: Factory.IsItemTypeSupported (): Exception source:      VideoOS.Platform.SDK.UnitTests&#xD;
Exception type:        System.NotImplementedException&#xD;
Exception message:     The method or operation is not implemented.&#xD;
Exception target site: GetItem&#xD;
   at VideoOS.Platform.SDKUnittest.EnvironmentTests.TestConfigurationClientService.GetItem(String path) in D:\actions-runner\_work\XPCO\XPCO\MIP\MIPSDK\tst\VideoOS.Platform.SDK.UnitTests\EnvironmentTests\TestsWithCorporateShimsBase.cs:line 227&#xD;
   at VideoOS.Platform.Proxy.ConfigApi.ConfigurationApiItemWrapper..ctor(ServerId serverId, String path) in D:\actions-runner\_work\XPCO\XPCO\MIP\PlatformPlugin\VideoOS.Platform\src\Proxy\ConfigApi\ConfigurationApiItemWrapper.cs:line 104&#xD;
   at VideoOS.Platform.ConfigurationItems.Factory.IsItemTypeSupported(ServerId serverId, String itemType) in D:\actions-runner\_work\XPCO\XPCO\MIP\PlatformPlugin\VideoOS.Platform\src\ConfigurationItems\Factory.cs:line 464&#xD;
&#xD;
Factory.IsItemTypeSupportedFactory.IsItemTypeSupported ()The method or operation is not implemented.   at VideoOS.Platform.SDKUnittest.EnvironmentTests.TestConfigurationClientService.GetItem(String path) in D:\actions-runner\_work\XPCO\XPCO\MIP\MIPSDK\tst\VideoOS.Platform.SDK.UnitTests\EnvironmentTests\TestsWithCorporateShimsBase.cs:line 227&#xD;
   at VideoOS.Platform.Proxy.ConfigApi.ConfigurationApiItemWrapper..ctor(ServerId serverId, String path) in D:\actions-runner\_work\XPCO\XPCO\MIP\PlatformPlugin\VideoOS.Platform\src\Proxy\ConfigApi\ConfigurationApiItemWrapper.cs:line 104&#xD;
   at VideoOS.Platform.ConfigurationItems.Factory.IsItemTypeSupported(ServerId serverId, String itemType) in D:\actions-runner\_work\XPCO\XPCO\MIP\PlatformPlugin\VideoOS.Platform\src\ConfigurationItems\Factory.cs:line 464&#xD;
MIP: Error: LoginServerOauth (): https://1.2.3.5:55/ManagementServer/ServerCommandServiceOAuth.svc The method or operation is not implemented.&#xD;
MIP: Error: ConfigurationApiItemWrapper (): ConfigAPI GetItem(): System.NotImplementedException, The method or operation is not implemented.&#xD;
MIP: Error: Factory.IsItemTypeSupported (): Exception source:      VideoOS.Platform.SDK.UnitTests&#xD;
Exception type:        System.NotImplementedException&#xD;
Exception message:     The method or operation is not implemented.&#xD;
Exception target site: GetItem&#xD;
   at VideoOS.Platform.SDKUnittest.EnvironmentTests.TestConfigurationClientService.GetItem(String path) in D:\actions-runner\_work\XPCO\XPCO\MIP\MIPSDK\tst\VideoOS.Platform.SDK.UnitTests\EnvironmentTests\TestsWithCorporateShimsBase.cs:line 227&#xD;
   at VideoOS.Platform.Proxy.ConfigApi.ConfigurationApiItemWrapper..ctor(ServerId serverId, String path) in D:\actions-runner\_work\XPCO\XPCO\MIP\PlatformPlugin\VideoOS.Platform\src\Proxy\ConfigApi\ConfigurationApiItemWrapper.cs:line 104&#xD;
   at VideoOS.Platform.ConfigurationItems.Factory.IsItemTypeSupported(ServerId serverId, String itemType) in D:\actions-runner\_work\XPCO\XPCO\MIP\PlatformPlugin\VideoOS.Platform\src\ConfigurationItems\Factory.cs:line 464&#xD;
&#xD;
Factory.IsItemTypeSupportedFactory.IsItemTypeSupported ()The method or operation is not implemented.   at VideoOS.Platform.SDKUnittest.EnvironmentTests.TestConfigurationClientService.GetItem(String path) in D:\actions-runner\_work\XPCO\XPCO\MIP\MIPSDK\tst\VideoOS.Platform.SDK.UnitTests\EnvironmentTests\TestsWithCorporateShimsBase.cs:line 227&#xD;
   at VideoOS.Platform.Proxy.ConfigApi.ConfigurationApiItemWrapper..ctor(ServerId serverId, String path) in D:\actions-runner\_work\XPCO\XPCO\MIP\PlatformPlugin\VideoOS.Platform\src\Proxy\ConfigApi\ConfigurationApiItemWrapper.cs:line 104&#xD;
   at VideoOS.Platform.ConfigurationItems.Factory.IsItemTypeSupported(ServerId serverId, String itemType) in D:\actions-runner\_work\XPCO\XPCO\MIP\PlatformPlugin\VideoOS.Platform\src\ConfigurationItems\Factory.cs:line 464&#xD;
MIP: Error: ConfigurationApiItemWrapper (): ConfigAPI GetItem(): System.NotImplementedException, The method or operation is not implemented.&#xD;
MIP: Error: Factory.IsItemTypeSupported (): Exception source:      VideoOS.Platform.SDK.UnitTests&#xD;
Exception type:        System.NotImplementedException&#xD;
Exception message:     The method or operation is not implemented.&#xD;
Exception target site: GetItem&#xD;
   at VideoOS.Platform.SDKUnittest.EnvironmentTests.TestConfigurationClientService.GetItem(String path) in D:\actions-runner\_work\XPCO\XPCO\MIP\MIPSDK\tst\VideoOS.Platform.SDK.UnitTests\EnvironmentTests\TestsWithCorporateShimsBase.cs:line 227&#xD;
   at VideoOS.Platform.Proxy.ConfigApi.ConfigurationApiItemWrapper..ctor(ServerId serverId, String path) in D:\actions-runner\_work\XPCO\XPCO\MIP\PlatformPlugin\VideoOS.Platform\src\Proxy\ConfigApi\ConfigurationApiItemWrapper.cs:line 104&#xD;
   at VideoOS.Platform.ConfigurationItems.Factory.IsItemTypeSupported(ServerId serverId, String itemType) in D:\actions-runner\_work\XPCO\XPCO\MIP\PlatformPlugin\VideoOS.Platform\src\ConfigurationItems\Factory.cs:line 464&#xD;
&#xD;
Factory.IsItemTypeSupportedFactory.IsItemTypeSupported ()The method or operation is not implemented.   at VideoOS.Platform.SDKUnittest.EnvironmentTests.TestConfigurationClientService.GetItem(String path) in D:\actions-runner\_work\XPCO\XPCO\MIP\MIPSDK\tst\VideoOS.Platform.SDK.UnitTests\EnvironmentTests\TestsWithCorporateShimsBase.cs:line 227&#xD;
   at VideoOS.Platform.Proxy.ConfigApi.ConfigurationApiItemWrapper..ctor(ServerId serverId, String path) in D:\actions-runner\_work\XPCO\XPCO\MIP\PlatformPlugin\VideoOS.Platform\src\Proxy\ConfigApi\ConfigurationApiItemWrapper.cs:line 104&#xD;
   at VideoOS.Platform.ConfigurationItems.Factory.IsItemTypeSupported(ServerId serverId, String itemType) in D:\actions-runner\_work\XPCO\XPCO\MIP\PlatformPlugin\VideoOS.Platform\src\ConfigurationItems\Factory.cs:line 464&#xD;
MIP: Error: ConfigurationApiItemWrapper (): ConfigAPI GetItem(): System.NotImplementedException, The method or operation is not implemented.&#xD;
MIP: Error: Factory.IsItemTypeSupported (): Exception source:      VideoOS.Platform.SDK.UnitTests&#xD;
Exception type:        System.NotImplementedException&#xD;
Exception message:     The method or operation is not implemented.&#xD;
Exception target site: GetItem&#xD;
   at VideoOS.Platform.SDKUnittest.EnvironmentTests.TestConfigurationClientService.GetItem(String path) in D:\actions-runner\_work\XPCO\XPCO\MIP\MIPSDK\tst\VideoOS.Platform.SDK.UnitTests\EnvironmentTests\TestsWithCorporateShimsBase.cs:line 227&#xD;
   at VideoOS.Platform.Proxy.ConfigApi.ConfigurationApiItemWrapper..ctor(ServerId serverId, String path) in D:\actions-runner\_work\XPCO\XPCO\MIP\PlatformPlugin\VideoOS.Platform\src\Proxy\ConfigApi\ConfigurationApiItemWrapper.cs:line 104&#xD;
   at VideoOS.Platform.ConfigurationItems.Factory.IsItemTypeSupported(ServerId serverId, String itemType) in D:\actions-runner\_work\XPCO\XPCO\MIP\PlatformPlugin\VideoOS.Platform\src\ConfigurationItems\Factory.cs:line 464&#xD;
&#xD;
Factory.IsItemTypeSupportedFactory.IsItemTypeSupported ()The method or operation is not implemented.   at VideoOS.Platform.SDKUnittest.EnvironmentTests.TestConfigurationClientService.GetItem(String path) in D:\actions-runner\_work\XPCO\XPCO\MIP\MIPSDK\tst\VideoOS.Platform.SDK.UnitTests\EnvironmentTests\TestsWithCorporateShimsBase.cs:line 227&#xD;
   at VideoOS.Platform.Proxy.ConfigApi.ConfigurationApiItemWrapper..ctor(ServerId serverId, String path) in D:\actions-runner\_work\XPCO\XPCO\MIP\PlatformPlugin\VideoOS.Platform\src\Proxy\ConfigApi\ConfigurationApiItemWrapper.cs:line 104&#xD;
   at VideoOS.Platform.ConfigurationItems.Factory.IsItemTypeSupported(ServerId serverId, String itemType) in D:\actions-runner\_work\XPCO\XPCO\MIP\PlatformPlugin\VideoOS.Platform\src\ConfigurationItems\Factory.cs:line 464&#xD;
MIP: Error: ConfigurationApiItemWrapper (): ConfigAPI GetItem(): System.NotImplementedException, The method or operation is not implemented.&#xD;
MIP: Error: Factory.IsItemTypeSupported (): Exception source:      VideoOS.Platform.SDK.UnitTests&#xD;
Exception type:        System.NotImplementedException&#xD;
Exception message:     The method or operation is not implemented.&#xD;
Exception target site: GetItem&#xD;
   at VideoOS.Platform.SDKUnittest.EnvironmentTests.TestConfigurationClientService.GetItem(String path) in D:\actions-runner\_work\XPCO\XPCO\MIP\MIPSDK\tst\VideoOS.Platform.SDK.UnitTests\EnvironmentTests\TestsWithCorporateShimsBase.cs:line 227&#xD;
   at VideoOS.Platform.Proxy.ConfigApi.ConfigurationApiItemWrapper..ctor(ServerId serverId, String path) in D:\actions-runner\_work\XPCO\XPCO\MIP\PlatformPlugin\VideoOS.Platform\src\Proxy\ConfigApi\ConfigurationApiItemWrapper.cs:line 104&#xD;
   at VideoOS.Platform.ConfigurationItems.Factory.IsItemTypeSupported(ServerId serverId, String itemType) in D:\actions-runner\_work\XPCO\XPCO\MIP\PlatformPlugin\VideoOS.Platform\src\ConfigurationItems\Factory.cs:line 464&#xD;
&#xD;
Factory.IsItemTypeSupportedFactory.IsItemTypeSupported ()The method or operation is not implemented.   at VideoOS.Platform.SDKUnittest.EnvironmentTests.TestConfigurationClientService.GetItem(String path) in D:\actions-runner\_work\XPCO\XPCO\MIP\MIPSDK\tst\VideoOS.Platform.SDK.UnitTests\EnvironmentTests\TestsWithCorporateShimsBase.cs:line 227&#xD;
   at VideoOS.Platform.Proxy.ConfigApi.ConfigurationApiItemWrapper..ctor(ServerId serverId, String path) in D:\actions-runner\_work\XPCO\XPCO\MIP\PlatformPlugin\VideoOS.Platform\src\Proxy\ConfigApi\ConfigurationApiItemWrapper.cs:line 104&#xD;
   at VideoOS.Platform.ConfigurationItems.Factory.IsItemTypeSupported(ServerId serverId, String itemType) in D:\actions-runner\_work\XPCO\XPCO\MIP\PlatformPlugin\VideoOS.Platform\src\ConfigurationItems\Factory.cs:line 464&#xD;
MIP: Error: ConfigurationApiItemWrapper (): ConfigAPI GetItem(): System.NotImplementedException, The method or operation is not implemented.&#xD;
MIP: Error: Factory.IsItemTypeSupported (): Exception source:      VideoOS.Platform.SDK.UnitTests&#xD;
Exception type:        System.NotImplementedException&#xD;
Exception message:     The method or operation is not implemented.&#xD;
Exception target site: GetItem&#xD;
   at VideoOS.Platform.SDKUnittest.EnvironmentTests.TestConfigurationClientService.GetItem(String path) in D:\actions-runner\_work\XPCO\XPCO\MIP\MIPSDK\tst\VideoOS.Platform.SDK.UnitTests\EnvironmentTests\TestsWithCorporateShimsBase.cs:line 227&#xD;
   at VideoOS.Platform.Proxy.ConfigApi.ConfigurationApiItemWrapper..ctor(ServerId serverId, String path) in D:\actions-runner\_work\XPCO\XPCO\MIP\PlatformPlugin\VideoOS.Platform\src\Proxy\ConfigApi\ConfigurationApiItemWrapper.cs:line 104&#xD;
   at VideoOS.Platform.ConfigurationItems.Factory.IsItemTypeSupported(ServerId serverId, String itemType) in D:\actions-runner\_work\XPCO\XPCO\MIP\PlatformPlugin\VideoOS.Platform\src\ConfigurationItems\Factory.cs:line 464&#xD;
&#xD;
Factory.IsItemTypeSupportedFactory.IsItemTypeSupported ()The method or operation is not implemented.   at VideoOS.Platform.SDKUnittest.EnvironmentTests.TestConfigurationClientService.GetItem(String path) in D:\actions-runner\_work\XPCO\XPCO\MIP\MIPSDK\tst\VideoOS.Platform.SDK.UnitTests\EnvironmentTests\TestsWithCorporateShimsBase.cs:line 227&#xD;
   at VideoOS.Platform.Proxy.ConfigApi.ConfigurationApiItemWrapper..ctor(ServerId serverId, String path) in D:\actions-runner\_work\XPCO\XPCO\MIP\PlatformPlugin\VideoOS.Platform\src\Proxy\ConfigApi\ConfigurationApiItemWrapper.cs:line 104&#xD;
   at VideoOS.Platform.ConfigurationItems.Factory.IsItemTypeSupported(ServerId serverId, String itemType) in D:\actions-runner\_work\XPCO\XPCO\MIP\PlatformPlugin\VideoOS.Platform\src\ConfigurationItems\Factory.cs:line 464&#xD;
MIP: Error: ConfigurationApiItemWrapper (): ConfigAPI GetItem(): System.NotImplementedException, The method or operation is not implemented.&#xD;
MIP: Error: Factory.IsItemTypeSupported (): Exception source:      VideoOS.Platform.SDK.UnitTests&#xD;
Exception type:        System.NotImplementedException&#xD;
Exception message:     The method or operation is not implemented.&#xD;
Exception target site: GetItem&#xD;
   at VideoOS.Platform.SDKUnittest.EnvironmentTests.TestConfigurationClientService.GetItem(String path) in D:\actions-runner\_work\XPCO\XPCO\MIP\MIPSDK\tst\VideoOS.Platform.SDK.UnitTests\EnvironmentTests\TestsWithCorporateShimsBase.cs:line 227&#xD;
   at VideoOS.Platform.Proxy.ConfigApi.ConfigurationApiItemWrapper..ctor(ServerId serverId, String path) in D:\actions-runner\_work\XPCO\XPCO\MIP\PlatformPlugin\VideoOS.Platform\src\Proxy\ConfigApi\ConfigurationApiItemWrapper.cs:line 104&#xD;
   at VideoOS.Platform.ConfigurationItems.Factory.IsItemTypeSupported(ServerId serverId, String itemType) in D:\actions-runner\_work\XPCO\XPCO\MIP\PlatformPlugin\VideoOS.Platform\src\ConfigurationItems\Factory.cs:line 464&#xD;
&#xD;
Factory.IsItemTypeSupportedFactory.IsItemTypeSupported ()The method or operation is not implemented.   at VideoOS.Platform.SDKUnittest.EnvironmentTests.TestConfigurationClientService.GetItem(String path) in D:\actions-runner\_work\XPCO\XPCO\MIP\MIPSDK\tst\VideoOS.Platform.SDK.UnitTests\EnvironmentTests\TestsWithCorporateShimsBase.cs:line 227&#xD;
   at VideoOS.Platform.Proxy.ConfigApi.ConfigurationApiItemWrapper..ctor(ServerId serverId, String path) in D:\actions-runner\_work\XPCO\XPCO\MIP\PlatformPlugin\VideoOS.Platform\src\Proxy\ConfigApi\ConfigurationApiItemWrapper.cs:line 104&#xD;
   at VideoOS.Platform.ConfigurationItems.Factory.IsItemTypeSupported(ServerId serverId, String itemType) in D:\actions-runner\_work\XPCO\XPCO\MIP\PlatformPlugin\VideoOS.Platform\src\ConfigurationItems\Factory.cs:line 464&#xD;
MIP: Error: ConfigurationApiItemWrapper (): ConfigAPI GetItem(): System.NotImplementedException, The method or operation is not implemented.&#xD;
MIP: Error: Factory.IsItemTypeSupported (): Exception source:      VideoOS.Platform.SDK.UnitTests&#xD;
Exception type:        System.NotImplementedException&#xD;
Exception message:     The method or operation is not implemented.&#xD;
Exception target site: GetItem&#xD;
   at VideoOS.Platform.SDKUnittest.EnvironmentTests.TestConfigurationClientService.GetItem(String path) in D:\actions-runner\_work\XPCO\XPCO\MIP\MIPSDK\tst\VideoOS.Platform.SDK.UnitTests\EnvironmentTests\TestsWithCorporateShimsBase.cs:line 227&#xD;
   at VideoOS.Platform.Proxy.ConfigApi.ConfigurationApiItemWrapper..ctor(ServerId serverId, String path) in D:\actions-runner\_work\XPCO\XPCO\MIP\PlatformPlugin\VideoOS.Platform\src\Proxy\ConfigApi\ConfigurationApiItemWrapper.cs:line 104&#xD;
   at VideoOS.Platform.ConfigurationItems.Factory.IsItemTypeSupported(ServerId serverId, String itemType) in D:\actions-runner\_work\XPCO\XPCO\MIP\PlatformPlugin\VideoOS.Platform\src\ConfigurationItems\Factory.cs:line 464&#xD;
&#xD;
Factory.IsItemTypeSupportedFactory.IsItemTypeSupported ()The method or operation is not implemented.   at VideoOS.Platform.SDKUnittest.EnvironmentTests.TestConfigurationClientService.GetItem(String path) in D:\actions-runner\_work\XPCO\XPCO\MIP\MIPSDK\tst\VideoOS.Platform.SDK.UnitTests\EnvironmentTests\TestsWithCorporateShimsBase.cs:line 227&#xD;
   at VideoOS.Platform.Proxy.ConfigApi.ConfigurationApiItemWrapper..ctor(ServerId serverId, String path) in D:\actions-runner\_work\XPCO\XPCO\MIP\PlatformPlugin\VideoOS.Platform\src\Proxy\ConfigApi\ConfigurationApiItemWrapper.cs:line 104&#xD;
   at VideoOS.Platform.ConfigurationItems.Factory.IsItemTypeSupported(ServerId serverId, String itemType) in D:\actions-runner\_work\XPCO\XPCO\MIP\PlatformPlugin\VideoOS.Platform\src\ConfigurationItems\Factory.cs:line 464&#xD;
MIP: Error: ConfigurationApiItemWrapper (): ConfigAPI GetItem(): System.NotImplementedException, The method or operation is not implemented.&#xD;
MIP: Error: Factory.IsItemTypeSupported (): Exception source:      VideoOS.Platform.SDK.UnitTests&#xD;
Exception type:        System.NotImplementedException&#xD;
Exception message:     The method or operation is not implemented.&#xD;
Exception target site: GetItem&#xD;
   at VideoOS.Platform.SDKUnittest.EnvironmentTests.TestConfigurationClientService.GetItem(String path) in D:\actions-runner\_work\XPCO\XPCO\MIP\MIPSDK\tst\VideoOS.Platform.SDK.UnitTests\EnvironmentTests\TestsWithCorporateShimsBase.cs:line 227&#xD;
   at VideoOS.Platform.Proxy.ConfigApi.ConfigurationApiItemWrapper..ctor(ServerId serverId, String path) in D:\actions-runner\_work\XPCO\XPCO\MIP\PlatformPlugin\VideoOS.Platform\src\Proxy\ConfigApi\ConfigurationApiItemWrapper.cs:line 104&#xD;
   at VideoOS.Platform.ConfigurationItems.Factory.IsItemTypeSupported(ServerId serverId, String itemType) in D:\actions-runner\_work\XPCO\XPCO\MIP\PlatformPlugin\VideoOS.Platform\src\ConfigurationItems\Factory.cs:line 464&#xD;
&#xD;
Factory.IsItemTypeSupportedFactory.IsItemTypeSupported ()The method or operation is not implemented.   at VideoOS.Platform.SDKUnittest.EnvironmentTests.TestConfigurationClientService.GetItem(String path) in D:\actions-runner\_work\XPCO\XPCO\MIP\MIPSDK\tst\VideoOS.Platform.SDK.UnitTests\EnvironmentTests\TestsWithCorporateShimsBase.cs:line 227&#xD;
   at VideoOS.Platform.Proxy.ConfigApi.ConfigurationApiItemWrapper..ctor(ServerId serverId, String path) in D:\actions-runner\_work\XPCO\XPCO\MIP\PlatformPlugin\VideoOS.Platform\src\Proxy\ConfigApi\ConfigurationApiItemWrapper.cs:line 104&#xD;
   at VideoOS.Platform.ConfigurationItems.Factory.IsItemTypeSupported(ServerId serverId, String itemType) in D:\actions-runner\_work\XPCO\XPCO\MIP\PlatformPlugin\VideoOS.Platform\src\ConfigurationItems\Factory.cs:line 464</StdOut>
      </Output>
    </UnitTestResult>
    <UnitTestResult executionId="4e730942-d53e-4136-9981-e2d00c249905" testId="cba02d2f-4f19-49c0-1575-9037f596fa95" testName="XpcoServerConnectedFail" computerName="DKSR-EFI-06" duration="00:00:00.0728251" startTime="2024-01-09T15:46:17.5945772+01:00" endTime="2024-01-09T15:46:17.6676020+01:00" testType="13cdc9d9-ddb5-4fa4-a97d-d965ccfc6d4b" outcome="Passed" testListId="8c84fa94-04c1-424b-9868-57a2d4851a1d" relativeResultsDirectory="4e730942-d53e-4136-9981-e2d00c249905" />
    <UnitTestResult executionId="b6251d16-2c8c-4d22-a74d-9093b8f6b3fc" testId="170c026e-6a95-4bb2-d08c-c04ad61f24e2" testName="CheckToMillisecString" computerName="DKSR-EFI-06" duration="00:00:00.0049515" startTime="2024-01-09T15:46:05.0471960+01:00" endTime="2024-01-09T15:46:05.0523073+01:00" testType="13cdc9d9-ddb5-4fa4-a97d-d965ccfc6d4b" outcome="Passed" testListId="8c84fa94-04c1-424b-9868-57a2d4851a1d" relativeResultsDirectory="b6251d16-2c8c-4d22-a74d-9093b8f6b3fc" />
    <UnitTestResult executionId="bde88fd6-e0bc-4a1a-b2b1-9242ed32d6b9" testId="6e531b1c-7ba0-4ec7-9a5b-ff77c5daf1ae" testName="XpcoSiteInfoUri" computerName="DKSR-EFI-06" duration="00:00:00.1058455" startTime="2024-01-09T15:46:14.4993919+01:00" endTime="2024-01-09T15:46:14.6054423+01:00" testType="13cdc9d9-ddb5-4fa4-a97d-d965ccfc6d4b" outcome="Passed" testListId="8c84fa94-04c1-424b-9868-57a2d4851a1d" relativeResultsDirectory="bde88fd6-e0bc-4a1a-b2b1-9242ed32d6b9">
      <Output>
        <StdOut>Debug Trace:&#xD;
TopLevelControl returns null. PostMessage may have problems</StdOut>
      </Output>
    </UnitTestResult>
    <UnitTestResult executionId="a70feff4-192a-45ac-9023-48abd7d56488" testId="4bb35674-bcae-db3f-8d79-6da9552ffd66" testName="CheckBaseTime1970FromInt" computerName="DKSR-EFI-06" duration="00:00:00.0020837" startTime="2024-01-09T15:46:05.0238627+01:00" endTime="2024-01-09T15:46:05.0261634+01:00" testType="13cdc9d9-ddb5-4fa4-a97d-d965ccfc6d4b" outcome="Passed" testListId="8c84fa94-04c1-424b-9868-57a2d4851a1d" relativeResultsDirectory="a70feff4-192a-45ac-9023-48abd7d56488" />
    <UnitTestResult executionId="b4390d71-c551-48c1-80b5-eb7a94e22613" testId="346fbfa0-3649-8251-d8d1-a07b030b1578" testName="Given_Connected_When_CreateSessionTimesOut_Then_AnExceptionIsThrown" computerName="DKSR-EFI-06" duration="00:00:00.0022570" startTime="2024-01-09T15:46:05.3729290+01:00" endTime="2024-01-09T15:46:05.3755044+01:00" testType="13cdc9d9-ddb5-4fa4-a97d-d965ccfc6d4b" outcome="Passed" testListId="8c84fa94-04c1-424b-9868-57a2d4851a1d" relativeResultsDirectory="b4390d71-c551-48c1-80b5-eb7a94e22613" />
    <UnitTestResult executionId="e8b7783b-43cf-490c-a4e8-8f5127873c45" testId="10274018-72a2-7e54-f67f-3e3dab8a3913" testName="Unitialize_ShouldResetInstances" computerName="DKSR-EFI-06" duration="00:00:00.0011160" startTime="2024-01-09T15:46:03.4517945+01:00" endTime="2024-01-09T15:46:03.4530419+01:00" testType="13cdc9d9-ddb5-4fa4-a97d-d965ccfc6d4b" outcome="Passed" testListId="8c84fa94-04c1-424b-9868-57a2d4851a1d" relativeResultsDirectory="e8b7783b-43cf-490c-a4e8-8f5127873c45" />
    <UnitTestResult executionId="1c82d24d-697f-471e-95e2-34023e0abe24" testId="ed60ffe8-498e-b9e0-cb5e-701cf0899e33" testName="AddServer_WithCredentialCache_Correct" computerName="DKSR-EFI-06" duration="00:00:00.0395497" startTime="2024-01-09T15:46:03.0492585+01:00" endTime="2024-01-09T15:46:03.0889749+01:00" testType="13cdc9d9-ddb5-4fa4-a97d-d965ccfc6d4b" outcome="Passed" testListId="8c84fa94-04c1-424b-9868-57a2d4851a1d" relativeResultsDirectory="1c82d24d-697f-471e-95e2-34023e0abe24" />
    <UnitTestResult executionId="6d50b701-9f8d-4a6e-8ddd-0940d1f342b0" testId="6d93dbe9-2cce-d9d5-7c9f-910853d500ab" testName="XpcoLoadSiteItemWithServerAdded" computerName="DKSR-EFI-06" duration="00:00:00.5837922" startTime="2024-01-09T15:46:16.8815517+01:00" endTime="2024-01-09T15:46:17.4657566+01:00" testType="13cdc9d9-ddb5-4fa4-a97d-d965ccfc6d4b" outcome="Passed" testListId="8c84fa94-04c1-424b-9868-57a2d4851a1d" relativeResultsDirectory="6d50b701-9f8d-4a6e-8ddd-0940d1f342b0">
      <Output>
        <StdOut>Debug Trace:&#xD;
TopLevelControl returns null. PostMessage may have problems&#xD;
MIP: Error: ConfigurationApiItemWrapper (): ConfigAPI GetItem(): System.NotImplementedException, The method or operation is not implemented.&#xD;
MIP: Error: Factory.IsItemTypeSupported (): Exception source:      VideoOS.Platform.SDK.UnitTests&#xD;
Exception type:        System.NotImplementedException&#xD;
Exception message:     The method or operation is not implemented.&#xD;
Exception target site: GetItem&#xD;
   at VideoOS.Platform.SDKUnittest.EnvironmentTests.TestConfigurationClientService.GetItem(String path) in D:\actions-runner\_work\XPCO\XPCO\MIP\MIPSDK\tst\VideoOS.Platform.SDK.UnitTests\EnvironmentTests\TestsWithCorporateShimsBase.cs:line 227&#xD;
   at VideoOS.Platform.Proxy.ConfigApi.ConfigurationApiItemWrapper..ctor(ServerId serverId, String path) in D:\actions-runner\_work\XPCO\XPCO\MIP\PlatformPlugin\VideoOS.Platform\src\Proxy\ConfigApi\ConfigurationApiItemWrapper.cs:line 104&#xD;
   at VideoOS.Platform.ConfigurationItems.Factory.IsItemTypeSupported(ServerId serverId, String itemType) in D:\actions-runner\_work\XPCO\XPCO\MIP\PlatformPlugin\VideoOS.Platform\src\ConfigurationItems\Factory.cs:line 464&#xD;
&#xD;
Factory.IsItemTypeSupportedFactory.IsItemTypeSupported ()The method or operation is not implemented.   at VideoOS.Platform.SDKUnittest.EnvironmentTests.TestConfigurationClientService.GetItem(String path) in D:\actions-runner\_work\XPCO\XPCO\MIP\MIPSDK\tst\VideoOS.Platform.SDK.UnitTests\EnvironmentTests\TestsWithCorporateShimsBase.cs:line 227&#xD;
   at VideoOS.Platform.Proxy.ConfigApi.ConfigurationApiItemWrapper..ctor(ServerId serverId, String path) in D:\actions-runner\_work\XPCO\XPCO\MIP\PlatformPlugin\VideoOS.Platform\src\Proxy\ConfigApi\ConfigurationApiItemWrapper.cs:line 104&#xD;
   at VideoOS.Platform.ConfigurationItems.Factory.IsItemTypeSupported(ServerId serverId, String itemType) in D:\actions-runner\_work\XPCO\XPCO\MIP\PlatformPlugin\VideoOS.Platform\src\ConfigurationItems\Factory.cs:line 464&#xD;
MIP: Error: GetConfiguration (): CustomSetting not found for the given platformDefinitionId: e145597a-ecaf-40a1-99e6-14bb9d45a09e&#xD;
MIP: Error: ConfigurationApiItemWrapper (): ConfigAPI GetItem(): System.NotImplementedException, The method or operation is not implemented.&#xD;
MIP: Error: Factory.IsItemTypeSupported (): Exception source:      VideoOS.Platform.SDK.UnitTests&#xD;
Exception type:        System.NotImplementedException&#xD;
Exception message:     The method or operation is not implemented.&#xD;
Exception target site: GetItem&#xD;
   at VideoOS.Platform.SDKUnittest.EnvironmentTests.TestConfigurationClientService.GetItem(String path) in D:\actions-runner\_work\XPCO\XPCO\MIP\MIPSDK\tst\VideoOS.Platform.SDK.UnitTests\EnvironmentTests\TestsWithCorporateShimsBase.cs:line 227&#xD;
   at VideoOS.Platform.Proxy.ConfigApi.ConfigurationApiItemWrapper..ctor(ServerId serverId, String path) in D:\actions-runner\_work\XPCO\XPCO\MIP\PlatformPlugin\VideoOS.Platform\src\Proxy\ConfigApi\ConfigurationApiItemWrapper.cs:line 104&#xD;
   at VideoOS.Platform.ConfigurationItems.Factory.IsItemTypeSupported(ServerId serverId, String itemType) in D:\actions-runner\_work\XPCO\XPCO\MIP\PlatformPlugin\VideoOS.Platform\src\ConfigurationItems\Factory.cs:line 464&#xD;
&#xD;
Factory.IsItemTypeSupportedFactory.IsItemTypeSupported ()The method or operation is not implemented.   at VideoOS.Platform.SDKUnittest.EnvironmentTests.TestConfigurationClientService.GetItem(String path) in D:\actions-runner\_work\XPCO\XPCO\MIP\MIPSDK\tst\VideoOS.Platform.SDK.UnitTests\EnvironmentTests\TestsWithCorporateShimsBase.cs:line 227&#xD;
   at VideoOS.Platform.Proxy.ConfigApi.ConfigurationApiItemWrapper..ctor(ServerId serverId, String path) in D:\actions-runner\_work\XPCO\XPCO\MIP\PlatformPlugin\VideoOS.Platform\src\Proxy\ConfigApi\ConfigurationApiItemWrapper.cs:line 104&#xD;
   at VideoOS.Platform.ConfigurationItems.Factory.IsItemTypeSupported(ServerId serverId, String itemType) in D:\actions-runner\_work\XPCO\XPCO\MIP\PlatformPlugin\VideoOS.Platform\src\ConfigurationItems\Factory.cs:line 464&#xD;
MIP: Error: LoginServerOauth (): https://1.2.3.5:55/ManagementServer/ServerCommandServiceOAuth.svc The method or operation is not implemented.&#xD;
MIP: Error: ConfigurationApiItemWrapper (): ConfigAPI GetItem(): System.NotImplementedException, The method or operation is not implemented.&#xD;
MIP: Error: Factory.IsItemTypeSupported (): Exception source:      VideoOS.Platform.SDK.UnitTests&#xD;
Exception type:        System.NotImplementedException&#xD;
Exception message:     The method or operation is not implemented.&#xD;
Exception target site: GetItem&#xD;
   at VideoOS.Platform.SDKUnittest.EnvironmentTests.TestConfigurationClientService.GetItem(String path) in D:\actions-runner\_work\XPCO\XPCO\MIP\MIPSDK\tst\VideoOS.Platform.SDK.UnitTests\EnvironmentTests\TestsWithCorporateShimsBase.cs:line 227&#xD;
   at VideoOS.Platform.Proxy.ConfigApi.ConfigurationApiItemWrapper..ctor(ServerId serverId, String path) in D:\actions-runner\_work\XPCO\XPCO\MIP\PlatformPlugin\VideoOS.Platform\src\Proxy\ConfigApi\ConfigurationApiItemWrapper.cs:line 104&#xD;
   at VideoOS.Platform.ConfigurationItems.Factory.IsItemTypeSupported(ServerId serverId, String itemType) in D:\actions-runner\_work\XPCO\XPCO\MIP\PlatformPlugin\VideoOS.Platform\src\ConfigurationItems\Factory.cs:line 464&#xD;
&#xD;
Factory.IsItemTypeSupportedFactory.IsItemTypeSupported ()The method or operation is not implemented.   at VideoOS.Platform.SDKUnittest.EnvironmentTests.TestConfigurationClientService.GetItem(String path) in D:\actions-runner\_work\XPCO\XPCO\MIP\MIPSDK\tst\VideoOS.Platform.SDK.UnitTests\EnvironmentTests\TestsWithCorporateShimsBase.cs:line 227&#xD;
   at VideoOS.Platform.Proxy.ConfigApi.ConfigurationApiItemWrapper..ctor(ServerId serverId, String path) in D:\actions-runner\_work\XPCO\XPCO\MIP\PlatformPlugin\VideoOS.Platform\src\Proxy\ConfigApi\ConfigurationApiItemWrapper.cs:line 104&#xD;
   at VideoOS.Platform.ConfigurationItems.Factory.IsItemTypeSupported(ServerId serverId, String itemType) in D:\actions-runner\_work\XPCO\XPCO\MIP\PlatformPlugin\VideoOS.Platform\src\ConfigurationItems\Factory.cs:line 464&#xD;
MIP: Error: GetConfiguration (): CustomSetting not found for the given platformDefinitionId: e145597a-ecaf-40a1-99e6-14bb9d45a09e&#xD;
MIP: Error: ConfigurationApiItemWrapper (): ConfigAPI GetItem(): System.NotImplementedException, The method or operation is not implemented.&#xD;
MIP: Error: Factory.IsItemTypeSupported (): Exception source:      VideoOS.Platform.SDK.UnitTests&#xD;
Exception type:        System.NotImplementedException&#xD;
Exception message:     The method or operation is not implemented.&#xD;
Exception target site: GetItem&#xD;
   at VideoOS.Platform.SDKUnittest.EnvironmentTests.TestConfigurationClientService.GetItem(String path) in D:\actions-runner\_work\XPCO\XPCO\MIP\MIPSDK\tst\VideoOS.Platform.SDK.UnitTests\EnvironmentTests\TestsWithCorporateShimsBase.cs:line 227&#xD;
   at VideoOS.Platform.Proxy.ConfigApi.ConfigurationApiItemWrapper..ctor(ServerId serverId, String path) in D:\actions-runner\_work\XPCO\XPCO\MIP\PlatformPlugin\VideoOS.Platform\src\Proxy\ConfigApi\ConfigurationApiItemWrapper.cs:line 104&#xD;
   at VideoOS.Platform.ConfigurationItems.Factory.IsItemTypeSupported(ServerId serverId, String itemType) in D:\actions-runner\_work\XPCO\XPCO\MIP\PlatformPlugin\VideoOS.Platform\src\ConfigurationItems\Factory.cs:line 464&#xD;
&#xD;
Factory.IsItemTypeSupportedFactory.IsItemTypeSupported ()The method or operation is not implemented.   at VideoOS.Platform.SDKUnittest.EnvironmentTests.TestConfigurationClientService.GetItem(String path) in D:\actions-runner\_work\XPCO\XPCO\MIP\MIPSDK\tst\VideoOS.Platform.SDK.UnitTests\EnvironmentTests\TestsWithCorporateShimsBase.cs:line 227&#xD;
   at VideoOS.Platform.Proxy.ConfigApi.ConfigurationApiItemWrapper..ctor(ServerId serverId, String path) in D:\actions-runner\_work\XPCO\XPCO\MIP\PlatformPlugin\VideoOS.Platform\src\Proxy\ConfigApi\ConfigurationApiItemWrapper.cs:line 104&#xD;
   at VideoOS.Platform.ConfigurationItems.Factory.IsItemTypeSupported(ServerId serverId, String itemType) in D:\actions-runner\_work\XPCO\XPCO\MIP\PlatformPlugin\VideoOS.Platform\src\ConfigurationItems\Factory.cs:line 464&#xD;
MIP: Error: LoginServerOauth (): https://1.2.3.5:55/ManagementServer/ServerCommandServiceOAuth.svc The method or operation is not implemented.&#xD;
MIP: Error: ConfigurationApiItemWrapper (): ConfigAPI GetItem(): System.NotImplementedException, The method or operation is not implemented.&#xD;
MIP: Error: Factory.IsItemTypeSupported (): Exception source:      VideoOS.Platform.SDK.UnitTests&#xD;
Exception type:        System.NotImplementedException&#xD;
Exception message:     The method or operation is not implemented.&#xD;
Exception target site: GetItem&#xD;
   at VideoOS.Platform.SDKUnittest.EnvironmentTests.TestConfigurationClientService.GetItem(String path) in D:\actions-runner\_work\XPCO\XPCO\MIP\MIPSDK\tst\VideoOS.Platform.SDK.UnitTests\EnvironmentTests\TestsWithCorporateShimsBase.cs:line 227&#xD;
   at VideoOS.Platform.Proxy.ConfigApi.ConfigurationApiItemWrapper..ctor(ServerId serverId, String path) in D:\actions-runner\_work\XPCO\XPCO\MIP\PlatformPlugin\VideoOS.Platform\src\Proxy\ConfigApi\ConfigurationApiItemWrapper.cs:line 104&#xD;
   at VideoOS.Platform.ConfigurationItems.Factory.IsItemTypeSupported(ServerId serverId, String itemType) in D:\actions-runner\_work\XPCO\XPCO\MIP\PlatformPlugin\VideoOS.Platform\src\ConfigurationItems\Factory.cs:line 464&#xD;
&#xD;
Factory.IsItemTypeSupportedFactory.IsItemTypeSupported ()The method or operation is not implemented.   at VideoOS.Platform.SDKUnittest.EnvironmentTests.TestConfigurationClientService.GetItem(String path) in D:\actions-runner\_work\XPCO\XPCO\MIP\MIPSDK\tst\VideoOS.Platform.SDK.UnitTests\EnvironmentTests\TestsWithCorporateShimsBase.cs:line 227&#xD;
   at VideoOS.Platform.Proxy.ConfigApi.ConfigurationApiItemWrapper..ctor(ServerId serverId, String path) in D:\actions-runner\_work\XPCO\XPCO\MIP\PlatformPlugin\VideoOS.Platform\src\Proxy\ConfigApi\ConfigurationApiItemWrapper.cs:line 104&#xD;
   at VideoOS.Platform.ConfigurationItems.Factory.IsItemTypeSupported(ServerId serverId, String itemType) in D:\actions-runner\_work\XPCO\XPCO\MIP\PlatformPlugin\VideoOS.Platform\src\ConfigurationItems\Factory.cs:line 464&#xD;
MIP: Error: ConfigurationApiItemWrapper (): ConfigAPI GetItem(): System.NotImplementedException, The method or operation is not implemented.&#xD;
MIP: Error: Factory.IsItemTypeSupported (): Exception source:      VideoOS.Platform.SDK.UnitTests&#xD;
Exception type:        System.NotImplementedException&#xD;
Exception message:     The method or operation is not implemented.&#xD;
Exception target site: GetItem&#xD;
   at VideoOS.Platform.SDKUnittest.EnvironmentTests.TestConfigurationClientService.GetItem(String path) in D:\actions-runner\_work\XPCO\XPCO\MIP\MIPSDK\tst\VideoOS.Platform.SDK.UnitTests\EnvironmentTests\TestsWithCorporateShimsBase.cs:line 227&#xD;
   at VideoOS.Platform.Proxy.ConfigApi.ConfigurationApiItemWrapper..ctor(ServerId serverId, String path) in D:\actions-runner\_work\XPCO\XPCO\MIP\PlatformPlugin\VideoOS.Platform\src\Proxy\ConfigApi\ConfigurationApiItemWrapper.cs:line 104&#xD;
   at VideoOS.Platform.ConfigurationItems.Factory.IsItemTypeSupported(ServerId serverId, String itemType) in D:\actions-runner\_work\XPCO\XPCO\MIP\PlatformPlugin\VideoOS.Platform\src\ConfigurationItems\Factory.cs:line 464&#xD;
&#xD;
Factory.IsItemTypeSupportedFactory.IsItemTypeSupported ()The method or operation is not implemented.   at VideoOS.Platform.SDKUnittest.EnvironmentTests.TestConfigurationClientService.GetItem(String path) in D:\actions-runner\_work\XPCO\XPCO\MIP\MIPSDK\tst\VideoOS.Platform.SDK.UnitTests\EnvironmentTests\TestsWithCorporateShimsBase.cs:line 227&#xD;
   at VideoOS.Platform.Proxy.ConfigApi.ConfigurationApiItemWrapper..ctor(ServerId serverId, String path) in D:\actions-runner\_work\XPCO\XPCO\MIP\PlatformPlugin\VideoOS.Platform\src\Proxy\ConfigApi\ConfigurationApiItemWrapper.cs:line 104&#xD;
   at VideoOS.Platform.ConfigurationItems.Factory.IsItemTypeSupported(ServerId serverId, String itemType) in D:\actions-runner\_work\XPCO\XPCO\MIP\PlatformPlugin\VideoOS.Platform\src\ConfigurationItems\Factory.cs:line 464&#xD;
MIP: Error: LoginServerOauth (): https://1.2.3.5:55/ManagementServer/ServerCommandServiceOAuth.svc The method or operation is not implemented.&#xD;
MIP: Error: ConfigurationApiItemWrapper (): ConfigAPI GetItem(): System.NotImplementedException, The method or operation is not implemented.&#xD;
MIP: Error: Factory.IsItemTypeSupported (): Exception source:      VideoOS.Platform.SDK.UnitTests&#xD;
Exception type:        System.NotImplementedException&#xD;
Exception message:     The method or operation is not implemented.&#xD;
Exception target site: GetItem&#xD;
   at VideoOS.Platform.SDKUnittest.EnvironmentTests.TestConfigurationClientService.GetItem(String path) in D:\actions-runner\_work\XPCO\XPCO\MIP\MIPSDK\tst\VideoOS.Platform.SDK.UnitTests\EnvironmentTests\TestsWithCorporateShimsBase.cs:line 227&#xD;
   at VideoOS.Platform.Proxy.ConfigApi.ConfigurationApiItemWrapper..ctor(ServerId serverId, String path) in D:\actions-runner\_work\XPCO\XPCO\MIP\PlatformPlugin\VideoOS.Platform\src\Proxy\ConfigApi\ConfigurationApiItemWrapper.cs:line 104&#xD;
   at VideoOS.Platform.ConfigurationItems.Factory.IsItemTypeSupported(ServerId serverId, String itemType) in D:\actions-runner\_work\XPCO\XPCO\MIP\PlatformPlugin\VideoOS.Platform\src\ConfigurationItems\Factory.cs:line 464&#xD;
&#xD;
Factory.IsItemTypeSupportedFactory.IsItemTypeSupported ()The method or operation is not implemented.   at VideoOS.Platform.SDKUnittest.EnvironmentTests.TestConfigurationClientService.GetItem(String path) in D:\actions-runner\_work\XPCO\XPCO\MIP\MIPSDK\tst\VideoOS.Platform.SDK.UnitTests\EnvironmentTests\TestsWithCorporateShimsBase.cs:line 227&#xD;
   at VideoOS.Platform.Proxy.ConfigApi.ConfigurationApiItemWrapper..ctor(ServerId serverId, String path) in D:\actions-runner\_work\XPCO\XPCO\MIP\PlatformPlugin\VideoOS.Platform\src\Proxy\ConfigApi\ConfigurationApiItemWrapper.cs:line 104&#xD;
   at VideoOS.Platform.ConfigurationItems.Factory.IsItemTypeSupported(ServerId serverId, String itemType) in D:\actions-runner\_work\XPCO\XPCO\MIP\PlatformPlugin\VideoOS.Platform\src\ConfigurationItems\Factory.cs:line 464&#xD;
MIP: Error: GetConfiguration (): CustomSetting not found for the given platformDefinitionId: e145597a-ecaf-40a1-99e6-14bb9d45a09e&#xD;
MIP: Error: ConfigurationApiItemWrapper (): ConfigAPI GetItem(): System.NotImplementedException, The method or operation is not implemented.&#xD;
MIP: Error: Factory.IsItemTypeSupported (): Exception source:      VideoOS.Platform.SDK.UnitTests&#xD;
Exception type:        System.NotImplementedException&#xD;
Exception message:     The method or operation is not implemented.&#xD;
Exception target site: GetItem&#xD;
   at VideoOS.Platform.SDKUnittest.EnvironmentTests.TestConfigurationClientService.GetItem(String path) in D:\actions-runner\_work\XPCO\XPCO\MIP\MIPSDK\tst\VideoOS.Platform.SDK.UnitTests\EnvironmentTests\TestsWithCorporateShimsBase.cs:line 227&#xD;
   at VideoOS.Platform.Proxy.ConfigApi.ConfigurationApiItemWrapper..ctor(ServerId serverId, String path) in D:\actions-runner\_work\XPCO\XPCO\MIP\PlatformPlugin\VideoOS.Platform\src\Proxy\ConfigApi\ConfigurationApiItemWrapper.cs:line 104&#xD;
   at VideoOS.Platform.ConfigurationItems.Factory.IsItemTypeSupported(ServerId serverId, String itemType) in D:\actions-runner\_work\XPCO\XPCO\MIP\PlatformPlugin\VideoOS.Platform\src\ConfigurationItems\Factory.cs:line 464&#xD;
&#xD;
Factory.IsItemTypeSupportedFactory.IsItemTypeSupported ()The method or operation is not implemented.   at VideoOS.Platform.SDKUnittest.EnvironmentTests.TestConfigurationClientService.GetItem(String path) in D:\actions-runner\_work\XPCO\XPCO\MIP\MIPSDK\tst\VideoOS.Platform.SDK.UnitTests\EnvironmentTests\TestsWithCorporateShimsBase.cs:line 227&#xD;
   at VideoOS.Platform.Proxy.ConfigApi.ConfigurationApiItemWrapper..ctor(ServerId serverId, String path) in D:\actions-runner\_work\XPCO\XPCO\MIP\PlatformPlugin\VideoOS.Platform\src\Proxy\ConfigApi\ConfigurationApiItemWrapper.cs:line 104&#xD;
   at VideoOS.Platform.ConfigurationItems.Factory.IsItemTypeSupported(ServerId serverId, String itemType) in D:\actions-runner\_work\XPCO\XPCO\MIP\PlatformPlugin\VideoOS.Platform\src\ConfigurationItems\Factory.cs:line 464&#xD;
MIP: Error: LoginServerOauth (): https://1.2.3.5:55/ManagementServer/ServerCommandServiceOAuth.svc The method or operation is not implemented.</StdOut>
      </Output>
    </UnitTestResult>
    <UnitTestResult executionId="7bf3bfe1-8631-4631-bb61-5581e441a0f9" testId="c7cfb557-b7c6-e2f2-6240-c10413062e2b" testName="Given_Connected_When_CreateSessionSuccesful_Then_ASessionIdIsReturned" computerName="DKSR-EFI-06" duration="00:00:00.0018553" startTime="2024-01-09T15:46:05.3605758+01:00" endTime="2024-01-09T15:46:05.3627526+01:00" testType="13cdc9d9-ddb5-4fa4-a97d-d965ccfc6d4b" outcome="Passed" testListId="8c84fa94-04c1-424b-9868-57a2d4851a1d" relativeResultsDirectory="7bf3bfe1-8631-4631-bb61-5581e441a0f9" />
    <UnitTestResult executionId="0c04dc9c-7d04-4b50-b497-e8cfe86f52a7" testId="13db86b8-d705-e0c0-8e48-91f126870b66" testName="InitializeTwice_ShouldCallServiceInitOnce" computerName="DKSR-EFI-06" duration="00:00:00.0014181" startTime="2024-01-09T15:46:03.4448085+01:00" endTime="2024-01-09T15:46:03.4463578+01:00" testType="13cdc9d9-ddb5-4fa4-a97d-d965ccfc6d4b" outcome="Passed" testListId="8c84fa94-04c1-424b-9868-57a2d4851a1d" relativeResultsDirectory="0c04dc9c-7d04-4b50-b497-e8cfe86f52a7" />
    <UnitTestResult executionId="873c4ba3-549e-4ff6-a60c-f094efe7ccdc" testId="b4e531fb-82d4-9ed8-d68f-599b17f00f1b" testName="Remove_WhenNotBasicUser_RemovesWithNegotiateAuth" computerName="DKSR-EFI-06" duration="00:00:00.0010914" startTime="2024-01-09T15:46:04.9429750+01:00" endTime="2024-01-09T15:46:04.9442628+01:00" testType="13cdc9d9-ddb5-4fa4-a97d-d965ccfc6d4b" outcome="Passed" testListId="8c84fa94-04c1-424b-9868-57a2d4851a1d" relativeResultsDirectory="873c4ba3-549e-4ff6-a60c-f094efe7ccdc" />
    <UnitTestResult executionId="08ce25d0-da1a-4852-bb7f-574763e89e31" testId="e5fc20b5-92e7-3e56-1ed6-e269e15a74db" testName="Clear_Correct" computerName="DKSR-EFI-06" duration="00:00:00.0006036" startTime="2024-01-09T15:46:05.1647049+01:00" endTime="2024-01-09T15:46:05.1654772+01:00" testType="13cdc9d9-ddb5-4fa4-a97d-d965ccfc6d4b" outcome="Passed" testListId="8c84fa94-04c1-424b-9868-57a2d4851a1d" relativeResultsDirectory="08ce25d0-da1a-4852-bb7f-574763e89e31" />
    <UnitTestResult executionId="a4186403-a471-4723-a359-8775579a0fc8" testId="e2220ea1-70c7-777c-8e0a-b82f127b0354" testName="Initialize_ShouldReturnTrue_WhenMoreThanOneRecordingDeviceIsAvailable" computerName="DKSR-EFI-06" duration="00:00:00.0005892" startTime="2024-01-09T15:46:23.4894854+01:00" endTime="2024-01-09T15:46:23.4902376+01:00" testType="13cdc9d9-ddb5-4fa4-a97d-d965ccfc6d4b" outcome="Passed" testListId="8c84fa94-04c1-424b-9868-57a2d4851a1d" relativeResultsDirectory="a4186403-a471-4723-a359-8775579a0fc8" />
    <UnitTestResult executionId="647a3cfd-ca5c-45b0-b95c-ad9706995879" testId="c0865429-3866-2dd1-bc73-a54af982297e" testName="DisposingBeforeConnectIsDone_ShouldNotThrowException" computerName="DKSR-EFI-06" duration="00:00:00.0054577" startTime="2024-01-09T15:46:05.4449459+01:00" endTime="2024-01-09T15:46:05.4507253+01:00" testType="13cdc9d9-ddb5-4fa4-a97d-d965ccfc6d4b" outcome="Passed" testListId="8c84fa94-04c1-424b-9868-57a2d4851a1d" relativeResultsDirectory="647a3cfd-ca5c-45b0-b95c-ad9706995879" />
    <UnitTestResult executionId="14f8c692-5268-4303-b5f7-7e7ab4f9d683" testId="1731feec-b95b-cd41-dc58-17e0973fdc80" testName="XpcoMultiUserLoginSingleServerIsOnline" computerName="DKSR-EFI-06" duration="00:00:00.6837547" startTime="2024-01-09T15:46:13.8147391+01:00" endTime="2024-01-09T15:46:14.4988586+01:00" testType="13cdc9d9-ddb5-4fa4-a97d-d965ccfc6d4b" outcome="Passed" testListId="8c84fa94-04c1-424b-9868-57a2d4851a1d" relativeResultsDirectory="14f8c692-5268-4303-b5f7-7e7ab4f9d683">
      <Output>
        <StdOut>Debug Trace:&#xD;
TopLevelControl returns null. PostMessage may have problems&#xD;
MIP: Error: ConfigurationApiItemWrapper (): ConfigAPI GetItem(): System.NotImplementedException, The method or operation is not implemented.&#xD;
MIP: Error: Factory.IsItemTypeSupported (): Exception source:      VideoOS.Platform.SDK.UnitTests&#xD;
Exception type:        System.NotImplementedException&#xD;
Exception message:     The method or operation is not implemented.&#xD;
Exception target site: GetItem&#xD;
   at VideoOS.Platform.SDKUnittest.EnvironmentTests.TestConfigurationClientService.GetItem(String path) in D:\actions-runner\_work\XPCO\XPCO\MIP\MIPSDK\tst\VideoOS.Platform.SDK.UnitTests\EnvironmentTests\TestsWithCorporateShimsBase.cs:line 227&#xD;
   at VideoOS.Platform.Proxy.ConfigApi.ConfigurationApiItemWrapper..ctor(ServerId serverId, String path) in D:\actions-runner\_work\XPCO\XPCO\MIP\PlatformPlugin\VideoOS.Platform\src\Proxy\ConfigApi\ConfigurationApiItemWrapper.cs:line 104&#xD;
   at VideoOS.Platform.ConfigurationItems.Factory.IsItemTypeSupported(ServerId serverId, String itemType) in D:\actions-runner\_work\XPCO\XPCO\MIP\PlatformPlugin\VideoOS.Platform\src\ConfigurationItems\Factory.cs:line 464&#xD;
&#xD;
Factory.IsItemTypeSupportedFactory.IsItemTypeSupported ()The method or operation is not implemented.   at VideoOS.Platform.SDKUnittest.EnvironmentTests.TestConfigurationClientService.GetItem(String path) in D:\actions-runner\_work\XPCO\XPCO\MIP\MIPSDK\tst\VideoOS.Platform.SDK.UnitTests\EnvironmentTests\TestsWithCorporateShimsBase.cs:line 227&#xD;
   at VideoOS.Platform.Proxy.ConfigApi.ConfigurationApiItemWrapper..ctor(ServerId serverId, String path) in D:\actions-runner\_work\XPCO\XPCO\MIP\PlatformPlugin\VideoOS.Platform\src\Proxy\ConfigApi\ConfigurationApiItemWrapper.cs:line 104&#xD;
   at VideoOS.Platform.ConfigurationItems.Factory.IsItemTypeSupported(ServerId serverId, String itemType) in D:\actions-runner\_work\XPCO\XPCO\MIP\PlatformPlugin\VideoOS.Platform\src\ConfigurationItems\Factory.cs:line 464&#xD;
MIP: Error: GetConfiguration (): CustomSetting not found for the given platformDefinitionId: e145597a-ecaf-40a1-99e6-14bb9d45a09e&#xD;
MIP: Error: ConfigurationApiItemWrapper (): ConfigAPI GetItem(): System.NotImplementedException, The method or operation is not implemented.&#xD;
MIP: Error: Factory.IsItemTypeSupported (): Exception source:      VideoOS.Platform.SDK.UnitTests&#xD;
Exception type:        System.NotImplementedException&#xD;
Exception message:     The method or operation is not implemented.&#xD;
Exception target site: GetItem&#xD;
   at VideoOS.Platform.SDKUnittest.EnvironmentTests.TestConfigurationClientService.GetItem(String path) in D:\actions-runner\_work\XPCO\XPCO\MIP\MIPSDK\tst\VideoOS.Platform.SDK.UnitTests\EnvironmentTests\TestsWithCorporateShimsBase.cs:line 227&#xD;
   at VideoOS.Platform.Proxy.ConfigApi.ConfigurationApiItemWrapper..ctor(ServerId serverId, String path) in D:\actions-runner\_work\XPCO\XPCO\MIP\PlatformPlugin\VideoOS.Platform\src\Proxy\ConfigApi\ConfigurationApiItemWrapper.cs:line 104&#xD;
   at VideoOS.Platform.ConfigurationItems.Factory.IsItemTypeSupported(ServerId serverId, String itemType) in D:\actions-runner\_work\XPCO\XPCO\MIP\PlatformPlugin\VideoOS.Platform\src\ConfigurationItems\Factory.cs:line 464&#xD;
&#xD;
Factory.IsItemTypeSupportedFactory.IsItemTypeSupported ()The method or operation is not implemented.   at VideoOS.Platform.SDKUnittest.EnvironmentTests.TestConfigurationClientService.GetItem(String path) in D:\actions-runner\_work\XPCO\XPCO\MIP\MIPSDK\tst\VideoOS.Platform.SDK.UnitTests\EnvironmentTests\TestsWithCorporateShimsBase.cs:line 227&#xD;
   at VideoOS.Platform.Proxy.ConfigApi.ConfigurationApiItemWrapper..ctor(ServerId serverId, String path) in D:\actions-runner\_work\XPCO\XPCO\MIP\PlatformPlugin\VideoOS.Platform\src\Proxy\ConfigApi\ConfigurationApiItemWrapper.cs:line 104&#xD;
   at VideoOS.Platform.ConfigurationItems.Factory.IsItemTypeSupported(ServerId serverId, String itemType) in D:\actions-runner\_work\XPCO\XPCO\MIP\PlatformPlugin\VideoOS.Platform\src\ConfigurationItems\Factory.cs:line 464&#xD;
MIP: Error: LoginServerOauth (): https://1.2.3.5:55/ManagementServer/ServerCommandServiceOAuth.svc The method or operation is not implemented.&#xD;
MIP: Error: ConfigurationApiItemWrapper (): ConfigAPI GetItem(): System.NotImplementedException, The method or operation is not implemented.&#xD;
MIP: Error: Factory.IsItemTypeSupported (): Exception source:      VideoOS.Platform.SDK.UnitTests&#xD;
Exception type:        System.NotImplementedException&#xD;
Exception message:     The method or operation is not implemented.&#xD;
Exception target site: GetItem&#xD;
   at VideoOS.Platform.SDKUnittest.EnvironmentTests.TestConfigurationClientService.GetItem(String path) in D:\actions-runner\_work\XPCO\XPCO\MIP\MIPSDK\tst\VideoOS.Platform.SDK.UnitTests\EnvironmentTests\TestsWithCorporateShimsBase.cs:line 227&#xD;
   at VideoOS.Platform.Proxy.ConfigApi.ConfigurationApiItemWrapper..ctor(ServerId serverId, String path) in D:\actions-runner\_work\XPCO\XPCO\MIP\PlatformPlugin\VideoOS.Platform\src\Proxy\ConfigApi\ConfigurationApiItemWrapper.cs:line 104&#xD;
   at VideoOS.Platform.ConfigurationItems.Factory.IsItemTypeSupported(ServerId serverId, String itemType) in D:\actions-runner\_work\XPCO\XPCO\MIP\PlatformPlugin\VideoOS.Platform\src\ConfigurationItems\Factory.cs:line 464&#xD;
&#xD;
Factory.IsItemTypeSupportedFactory.IsItemTypeSupported ()The method or operation is not implemented.   at VideoOS.Platform.SDKUnittest.EnvironmentTests.TestConfigurationClientService.GetItem(String path) in D:\actions-runner\_work\XPCO\XPCO\MIP\MIPSDK\tst\VideoOS.Platform.SDK.UnitTests\EnvironmentTests\TestsWithCorporateShimsBase.cs:line 227&#xD;
   at VideoOS.Platform.Proxy.ConfigApi.ConfigurationApiItemWrapper..ctor(ServerId serverId, String path) in D:\actions-runner\_work\XPCO\XPCO\MIP\PlatformPlugin\VideoOS.Platform\src\Proxy\ConfigApi\ConfigurationApiItemWrapper.cs:line 104&#xD;
   at VideoOS.Platform.ConfigurationItems.Factory.IsItemTypeSupported(ServerId serverId, String itemType) in D:\actions-runner\_work\XPCO\XPCO\MIP\PlatformPlugin\VideoOS.Platform\src\ConfigurationItems\Factory.cs:line 464&#xD;
MIP: Error: GetConfiguration (): CustomSetting not found for the given platformDefinitionId: e145597a-ecaf-40a1-99e6-14bb9d45a09e&#xD;
MIP: Error: ConfigurationApiItemWrapper (): ConfigAPI GetItem(): System.NotImplementedException, The method or operation is not implemented.&#xD;
MIP: Error: Factory.IsItemTypeSupported (): Exception source:      VideoOS.Platform.SDK.UnitTests&#xD;
Exception type:        System.NotImplementedException&#xD;
Exception message:     The method or operation is not implemented.&#xD;
Exception target site: GetItem&#xD;
   at VideoOS.Platform.SDKUnittest.EnvironmentTests.TestConfigurationClientService.GetItem(String path) in D:\actions-runner\_work\XPCO\XPCO\MIP\MIPSDK\tst\VideoOS.Platform.SDK.UnitTests\EnvironmentTests\TestsWithCorporateShimsBase.cs:line 227&#xD;
   at VideoOS.Platform.Proxy.ConfigApi.ConfigurationApiItemWrapper..ctor(ServerId serverId, String path) in D:\actions-runner\_work\XPCO\XPCO\MIP\PlatformPlugin\VideoOS.Platform\src\Proxy\ConfigApi\ConfigurationApiItemWrapper.cs:line 104&#xD;
   at VideoOS.Platform.ConfigurationItems.Factory.IsItemTypeSupported(ServerId serverId, String itemType) in D:\actions-runner\_work\XPCO\XPCO\MIP\PlatformPlugin\VideoOS.Platform\src\ConfigurationItems\Factory.cs:line 464&#xD;
&#xD;
Factory.IsItemTypeSupportedFactory.IsItemTypeSupported ()The method or operation is not implemented.   at VideoOS.Platform.SDKUnittest.EnvironmentTests.TestConfigurationClientService.GetItem(String path) in D:\actions-runner\_work\XPCO\XPCO\MIP\MIPSDK\tst\VideoOS.Platform.SDK.UnitTests\EnvironmentTests\TestsWithCorporateShimsBase.cs:line 227&#xD;
   at VideoOS.Platform.Proxy.ConfigApi.ConfigurationApiItemWrapper..ctor(ServerId serverId, String path) in D:\actions-runner\_work\XPCO\XPCO\MIP\PlatformPlugin\VideoOS.Platform\src\Proxy\ConfigApi\ConfigurationApiItemWrapper.cs:line 104&#xD;
   at VideoOS.Platform.ConfigurationItems.Factory.IsItemTypeSupported(ServerId serverId, String itemType) in D:\actions-runner\_work\XPCO\XPCO\MIP\PlatformPlugin\VideoOS.Platform\src\ConfigurationItems\Factory.cs:line 464&#xD;
MIP: Error: LoginServerOauth (): https://1.2.3.5:55/ManagementServer/ServerCommandServiceOAuth.svc The method or operation is not implemented.&#xD;
MIP: Error: ConfigurationApiItemWrapper (): ConfigAPI GetItem(): System.NotImplementedException, The method or operation is not implemented.&#xD;
MIP: Error: Factory.IsItemTypeSupported (): Exception source:      VideoOS.Platform.SDK.UnitTests&#xD;
Exception type:        System.NotImplementedException&#xD;
Exception message:     The method or operation is not implemented.&#xD;
Exception target site: GetItem&#xD;
   at VideoOS.Platform.SDKUnittest.EnvironmentTests.TestConfigurationClientService.GetItem(String path) in D:\actions-runner\_work\XPCO\XPCO\MIP\MIPSDK\tst\VideoOS.Platform.SDK.UnitTests\EnvironmentTests\TestsWithCorporateShimsBase.cs:line 227&#xD;
   at VideoOS.Platform.Proxy.ConfigApi.ConfigurationApiItemWrapper..ctor(ServerId serverId, String path) in D:\actions-runner\_work\XPCO\XPCO\MIP\PlatformPlugin\VideoOS.Platform\src\Proxy\ConfigApi\ConfigurationApiItemWrapper.cs:line 104&#xD;
   at VideoOS.Platform.ConfigurationItems.Factory.IsItemTypeSupported(ServerId serverId, String itemType) in D:\actions-runner\_work\XPCO\XPCO\MIP\PlatformPlugin\VideoOS.Platform\src\ConfigurationItems\Factory.cs:line 464&#xD;
&#xD;
Factory.IsItemTypeSupportedFactory.IsItemTypeSupported ()The method or operation is not implemented.   at VideoOS.Platform.SDKUnittest.EnvironmentTests.TestConfigurationClientService.GetItem(String path) in D:\actions-runner\_work\XPCO\XPCO\MIP\MIPSDK\tst\VideoOS.Platform.SDK.UnitTests\EnvironmentTests\TestsWithCorporateShimsBase.cs:line 227&#xD;
   at VideoOS.Platform.Proxy.ConfigApi.ConfigurationApiItemWrapper..ctor(ServerId serverId, String path) in D:\actions-runner\_work\XPCO\XPCO\MIP\PlatformPlugin\VideoOS.Platform\src\Proxy\ConfigApi\ConfigurationApiItemWrapper.cs:line 104&#xD;
   at VideoOS.Platform.ConfigurationItems.Factory.IsItemTypeSupported(ServerId serverId, String itemType) in D:\actions-runner\_work\XPCO\XPCO\MIP\PlatformPlugin\VideoOS.Platform\src\ConfigurationItems\Factory.cs:line 464&#xD;
MIP: Error: ConfigurationApiItemWrapper (): ConfigAPI GetItem(): System.NotImplementedException, The method or operation is not implemented.&#xD;
MIP: Error: Factory.IsItemTypeSupported (): Exception source:      VideoOS.Platform.SDK.UnitTests&#xD;
Exception type:        System.NotImplementedException&#xD;
Exception message:     The method or operation is not implemented.&#xD;
Exception target site: GetItem&#xD;
   at VideoOS.Platform.SDKUnittest.EnvironmentTests.TestConfigurationClientService.GetItem(String path) in D:\actions-runner\_work\XPCO\XPCO\MIP\MIPSDK\tst\VideoOS.Platform.SDK.UnitTests\EnvironmentTests\TestsWithCorporateShimsBase.cs:line 227&#xD;
   at VideoOS.Platform.Proxy.ConfigApi.ConfigurationApiItemWrapper..ctor(ServerId serverId, String path) in D:\actions-runner\_work\XPCO\XPCO\MIP\PlatformPlugin\VideoOS.Platform\src\Proxy\ConfigApi\ConfigurationApiItemWrapper.cs:line 104&#xD;
   at VideoOS.Platform.ConfigurationItems.Factory.IsItemTypeSupported(ServerId serverId, String itemType) in D:\actions-runner\_work\XPCO\XPCO\MIP\PlatformPlugin\VideoOS.Platform\src\ConfigurationItems\Factory.cs:line 464&#xD;
&#xD;
Factory.IsItemTypeSupportedFactory.IsItemTypeSupported ()The method or operation is not implemented.   at VideoOS.Platform.SDKUnittest.EnvironmentTests.TestConfigurationClientService.GetItem(String path) in D:\actions-runner\_work\XPCO\XPCO\MIP\MIPSDK\tst\VideoOS.Platform.SDK.UnitTests\EnvironmentTests\TestsWithCorporateShimsBase.cs:line 227&#xD;
   at VideoOS.Platform.Proxy.ConfigApi.ConfigurationApiItemWrapper..ctor(ServerId serverId, String path) in D:\actions-runner\_work\XPCO\XPCO\MIP\PlatformPlugin\VideoOS.Platform\src\Proxy\ConfigApi\ConfigurationApiItemWrapper.cs:line 104&#xD;
   at VideoOS.Platform.ConfigurationItems.Factory.IsItemTypeSupported(ServerId serverId, String itemType) in D:\actions-runner\_work\XPCO\XPCO\MIP\PlatformPlugin\VideoOS.Platform\src\ConfigurationItems\Factory.cs:line 464&#xD;
MIP: Error: LoginServerOauth (): https://1.2.3.5:55/ManagementServer/ServerCommandServiceOAuth.svc The method or operation is not implemented.&#xD;
MIP: Error: ConfigurationApiItemWrapper (): ConfigAPI GetItem(): System.NotImplementedException, The method or operation is not implemented.&#xD;
MIP: Error: Factory.IsItemTypeSupported (): Exception source:      VideoOS.Platform.SDK.UnitTests&#xD;
Exception type:        System.NotImplementedException&#xD;
Exception message:     The method or operation is not implemented.&#xD;
Exception target site: GetItem&#xD;
   at VideoOS.Platform.SDKUnittest.EnvironmentTests.TestConfigurationClientService.GetItem(String path) in D:\actions-runner\_work\XPCO\XPCO\MIP\MIPSDK\tst\VideoOS.Platform.SDK.UnitTests\EnvironmentTests\TestsWithCorporateShimsBase.cs:line 227&#xD;
   at VideoOS.Platform.Proxy.ConfigApi.ConfigurationApiItemWrapper..ctor(ServerId serverId, String path) in D:\actions-runner\_work\XPCO\XPCO\MIP\PlatformPlugin\VideoOS.Platform\src\Proxy\ConfigApi\ConfigurationApiItemWrapper.cs:line 104&#xD;
   at VideoOS.Platform.ConfigurationItems.Factory.IsItemTypeSupported(ServerId serverId, String itemType) in D:\actions-runner\_work\XPCO\XPCO\MIP\PlatformPlugin\VideoOS.Platform\src\ConfigurationItems\Factory.cs:line 464&#xD;
&#xD;
Factory.IsItemTypeSupportedFactory.IsItemTypeSupported ()The method or operation is not implemented.   at VideoOS.Platform.SDKUnittest.EnvironmentTests.TestConfigurationClientService.GetItem(String path) in D:\actions-runner\_work\XPCO\XPCO\MIP\MIPSDK\tst\VideoOS.Platform.SDK.UnitTests\EnvironmentTests\TestsWithCorporateShimsBase.cs:line 227&#xD;
   at VideoOS.Platform.Proxy.ConfigApi.ConfigurationApiItemWrapper..ctor(ServerId serverId, String path) in D:\actions-runner\_work\XPCO\XPCO\MIP\PlatformPlugin\VideoOS.Platform\src\Proxy\ConfigApi\ConfigurationApiItemWrapper.cs:line 104&#xD;
   at VideoOS.Platform.ConfigurationItems.Factory.IsItemTypeSupported(ServerId serverId, String itemType) in D:\actions-runner\_work\XPCO\XPCO\MIP\PlatformPlugin\VideoOS.Platform\src\ConfigurationItems\Factory.cs:line 464&#xD;
MIP: Error: GetConfiguration (): CustomSetting not found for the given platformDefinitionId: e145597a-ecaf-40a1-99e6-14bb9d45a09e&#xD;
MIP: Error: ConfigurationApiItemWrapper (): ConfigAPI GetItem(): System.NotImplementedException, The method or operation is not implemented.&#xD;
MIP: Error: Factory.IsItemTypeSupported (): Exception source:      VideoOS.Platform.SDK.UnitTests&#xD;
Exception type:        System.NotImplementedException&#xD;
Exception message:     The method or operation is not implemented.&#xD;
Exception target site: GetItem&#xD;
   at VideoOS.Platform.SDKUnittest.EnvironmentTests.TestConfigurationClientService.GetItem(String path) in D:\actions-runner\_work\XPCO\XPCO\MIP\MIPSDK\tst\VideoOS.Platform.SDK.UnitTests\EnvironmentTests\TestsWithCorporateShimsBase.cs:line 227&#xD;
   at VideoOS.Platform.Proxy.ConfigApi.ConfigurationApiItemWrapper..ctor(ServerId serverId, String path) in D:\actions-runner\_work\XPCO\XPCO\MIP\PlatformPlugin\VideoOS.Platform\src\Proxy\ConfigApi\ConfigurationApiItemWrapper.cs:line 104&#xD;
   at VideoOS.Platform.ConfigurationItems.Factory.IsItemTypeSupported(ServerId serverId, String itemType) in D:\actions-runner\_work\XPCO\XPCO\MIP\PlatformPlugin\VideoOS.Platform\src\ConfigurationItems\Factory.cs:line 464&#xD;
&#xD;
Factory.IsItemTypeSupportedFactory.IsItemTypeSupported ()The method or operation is not implemented.   at VideoOS.Platform.SDKUnittest.EnvironmentTests.TestConfigurationClientService.GetItem(String path) in D:\actions-runner\_work\XPCO\XPCO\MIP\MIPSDK\tst\VideoOS.Platform.SDK.UnitTests\EnvironmentTests\TestsWithCorporateShimsBase.cs:line 227&#xD;
   at VideoOS.Platform.Proxy.ConfigApi.ConfigurationApiItemWrapper..ctor(ServerId serverId, String path) in D:\actions-runner\_work\XPCO\XPCO\MIP\PlatformPlugin\VideoOS.Platform\src\Proxy\ConfigApi\ConfigurationApiItemWrapper.cs:line 104&#xD;
   at VideoOS.Platform.ConfigurationItems.Factory.IsItemTypeSupported(ServerId serverId, String itemType) in D:\actions-runner\_work\XPCO\XPCO\MIP\PlatformPlugin\VideoOS.Platform\src\ConfigurationItems\Factory.cs:line 464&#xD;
MIP: Error: LoginServerOauth (): https://1.2.3.5:55/ManagementServer/ServerCommandServiceOAuth.svc The method or operation is not implemented.</StdOut>
      </Output>
    </UnitTestResult>
    <UnitTestResult executionId="987cee1f-c88f-4f7c-9ffd-e7f05183ed71" testId="9af23bea-fd93-7994-bffe-1ae6f1f880df" testName="Login_MasterOnly_Passed" computerName="DKSR-EFI-06" duration="00:00:00.0029667" startTime="2024-01-09T15:46:02.9468506+01:00" endTime="2024-01-09T15:46:02.9499741+01:00" testType="13cdc9d9-ddb5-4fa4-a97d-d965ccfc6d4b" outcome="Passed" testListId="8c84fa94-04c1-424b-9868-57a2d4851a1d" relativeResultsDirectory="987cee1f-c88f-4f7c-9ffd-e7f05183ed71" />
    <UnitTestResult executionId="9d4c62c8-7dd6-495d-bb83-ec4571689aa0" testId="6906b320-58cc-fbbb-8560-616a393b863e" testName="Initialize_ShouldReturnTrue_WhenARecordingDeviceIsAvailable" computerName="DKSR-EFI-06" duration="00:00:00.0073403" startTime="2024-01-09T15:46:23.4814626+01:00" endTime="2024-01-09T15:46:23.4890019+01:00" testType="13cdc9d9-ddb5-4fa4-a97d-d965ccfc6d4b" outcome="Passed" testListId="8c84fa94-04c1-424b-9868-57a2d4851a1d" relativeResultsDirectory="9d4c62c8-7dd6-495d-bb83-ec4571689aa0" />
    <UnitTestResult executionId="a28f7b3e-28db-43bc-88da-b3da9db5adcb" testId="8cf85ff1-edc7-caee-ed6c-a1ccfa277329" testName="Given_Nothing_When_ReceivingACommandResponse_Then_ItIsDispatchedToTheCommandHandler" computerName="DKSR-EFI-06" duration="00:00:00.0103606" startTime="2024-01-09T15:46:05.5849243+01:00" endTime="2024-01-09T15:46:05.5955638+01:00" testType="13cdc9d9-ddb5-4fa4-a97d-d965ccfc6d4b" outcome="Passed" testListId="8c84fa94-04c1-424b-9868-57a2d4851a1d" relativeResultsDirectory="a28f7b3e-28db-43bc-88da-b3da9db5adcb" />
    <UnitTestResult executionId="da5910f2-3789-4f8a-b251-1666eba38ea6" testId="c6c8e4f0-4405-665a-2542-a321d8677d46" testName="TryCreateParentUri_WhenSecondUrlKeyPresent_ReturnsIt" computerName="DKSR-EFI-06" duration="00:00:00.0007756" startTime="2024-01-09T15:46:04.9062630+01:00" endTime="2024-01-09T15:46:04.9072345+01:00" testType="13cdc9d9-ddb5-4fa4-a97d-d965ccfc6d4b" outcome="Passed" testListId="8c84fa94-04c1-424b-9868-57a2d4851a1d" relativeResultsDirectory="da5910f2-3789-4f8a-b251-1666eba38ea6" />
    <UnitTestResult executionId="1a4f737c-bda9-4960-b4b2-4d2d4cf6190b" testId="3b3bc144-1799-7620-fe3c-04bad5ec1510" testName="XpcoGroupCheckInvalidParameters" computerName="DKSR-EFI-06" duration="00:00:01.0673036" startTime="2024-01-09T15:46:18.8348627+01:00" endTime="2024-01-09T15:46:19.9027217+01:00" testType="13cdc9d9-ddb5-4fa4-a97d-d965ccfc6d4b" outcome="Passed" testListId="8c84fa94-04c1-424b-9868-57a2d4851a1d" relativeResultsDirectory="1a4f737c-bda9-4960-b4b2-4d2d4cf6190b">
      <Output>
        <StdOut>Debug Trace:&#xD;
TopLevelControl returns null. PostMessage may have problems&#xD;
MIP: Error: ConfigurationApiItemWrapper (): ConfigAPI GetItem(): System.NotImplementedException, The method or operation is not implemented.&#xD;
MIP: Error: Factory.IsItemTypeSupported (): Exception source:      VideoOS.Platform.SDK.UnitTests&#xD;
Exception type:        System.NotImplementedException&#xD;
Exception message:     The method or operation is not implemented.&#xD;
Exception target site: GetItem&#xD;
   at VideoOS.Platform.SDKUnittest.EnvironmentTests.TestConfigurationClientService.GetItem(String path) in D:\actions-runner\_work\XPCO\XPCO\MIP\MIPSDK\tst\VideoOS.Platform.SDK.UnitTests\EnvironmentTests\TestsWithCorporateShimsBase.cs:line 227&#xD;
   at VideoOS.Platform.Proxy.ConfigApi.ConfigurationApiItemWrapper..ctor(ServerId serverId, String path) in D:\actions-runner\_work\XPCO\XPCO\MIP\PlatformPlugin\VideoOS.Platform\src\Proxy\ConfigApi\ConfigurationApiItemWrapper.cs:line 104&#xD;
   at VideoOS.Platform.ConfigurationItems.Factory.IsItemTypeSupported(ServerId serverId, String itemType) in D:\actions-runner\_work\XPCO\XPCO\MIP\PlatformPlugin\VideoOS.Platform\src\ConfigurationItems\Factory.cs:line 464&#xD;
&#xD;
Factory.IsItemTypeSupportedFactory.IsItemTypeSupported ()The method or operation is not implemented.   at VideoOS.Platform.SDKUnittest.EnvironmentTests.TestConfigurationClientService.GetItem(String path) in D:\actions-runner\_work\XPCO\XPCO\MIP\MIPSDK\tst\VideoOS.Platform.SDK.UnitTests\EnvironmentTests\TestsWithCorporateShimsBase.cs:line 227&#xD;
   at VideoOS.Platform.Proxy.ConfigApi.ConfigurationApiItemWrapper..ctor(ServerId serverId, String path) in D:\actions-runner\_work\XPCO\XPCO\MIP\PlatformPlugin\VideoOS.Platform\src\Proxy\ConfigApi\ConfigurationApiItemWrapper.cs:line 104&#xD;
   at VideoOS.Platform.ConfigurationItems.Factory.IsItemTypeSupported(ServerId serverId, String itemType) in D:\actions-runner\_work\XPCO\XPCO\MIP\PlatformPlugin\VideoOS.Platform\src\ConfigurationItems\Factory.cs:line 464&#xD;
MIP: Error: GetConfiguration (): CustomSetting not found for the given platformDefinitionId: e145597a-ecaf-40a1-99e6-14bb9d45a09e&#xD;
MIP: Error: ConfigurationApiItemWrapper (): ConfigAPI GetItem(): System.NotImplementedException, The method or operation is not implemented.&#xD;
MIP: Error: Factory.IsItemTypeSupported (): Exception source:      VideoOS.Platform.SDK.UnitTests&#xD;
Exception type:        System.NotImplementedException&#xD;
Exception message:     The method or operation is not implemented.&#xD;
Exception target site: GetItem&#xD;
   at VideoOS.Platform.SDKUnittest.EnvironmentTests.TestConfigurationClientService.GetItem(String path) in D:\actions-runner\_work\XPCO\XPCO\MIP\MIPSDK\tst\VideoOS.Platform.SDK.UnitTests\EnvironmentTests\TestsWithCorporateShimsBase.cs:line 227&#xD;
   at VideoOS.Platform.Proxy.ConfigApi.ConfigurationApiItemWrapper..ctor(ServerId serverId, String path) in D:\actions-runner\_work\XPCO\XPCO\MIP\PlatformPlugin\VideoOS.Platform\src\Proxy\ConfigApi\ConfigurationApiItemWrapper.cs:line 104&#xD;
   at VideoOS.Platform.ConfigurationItems.Factory.IsItemTypeSupported(ServerId serverId, String itemType) in D:\actions-runner\_work\XPCO\XPCO\MIP\PlatformPlugin\VideoOS.Platform\src\ConfigurationItems\Factory.cs:line 464&#xD;
&#xD;
Factory.IsItemTypeSupportedFactory.IsItemTypeSupported ()The method or operation is not implemented.   at VideoOS.Platform.SDKUnittest.EnvironmentTests.TestConfigurationClientService.GetItem(String path) in D:\actions-runner\_work\XPCO\XPCO\MIP\MIPSDK\tst\VideoOS.Platform.SDK.UnitTests\EnvironmentTests\TestsWithCorporateShimsBase.cs:line 227&#xD;
   at VideoOS.Platform.Proxy.ConfigApi.ConfigurationApiItemWrapper..ctor(ServerId serverId, String path) in D:\actions-runner\_work\XPCO\XPCO\MIP\PlatformPlugin\VideoOS.Platform\src\Proxy\ConfigApi\ConfigurationApiItemWrapper.cs:line 104&#xD;
   at VideoOS.Platform.ConfigurationItems.Factory.IsItemTypeSupported(ServerId serverId, String itemType) in D:\actions-runner\_work\XPCO\XPCO\MIP\PlatformPlugin\VideoOS.Platform\src\ConfigurationItems\Factory.cs:line 464&#xD;
MIP: Error: LoginServerOauth (): https://1.2.3.5:55/ManagementServer/ServerCommandServiceOAuth.svc The method or operation is not implemented.&#xD;
MIP: Error: ConfigurationApiItemWrapper (): ConfigAPI GetItem(): System.NotImplementedException, The method or operation is not implemented.&#xD;
MIP: Error: Factory.IsItemTypeSupported (): Exception source:      VideoOS.Platform.SDK.UnitTests&#xD;
Exception type:        System.NotImplementedException&#xD;
Exception message:     The method or operation is not implemented.&#xD;
Exception target site: GetItem&#xD;
   at VideoOS.Platform.SDKUnittest.EnvironmentTests.TestConfigurationClientService.GetItem(String path) in D:\actions-runner\_work\XPCO\XPCO\MIP\MIPSDK\tst\VideoOS.Platform.SDK.UnitTests\EnvironmentTests\TestsWithCorporateShimsBase.cs:line 227&#xD;
   at VideoOS.Platform.Proxy.ConfigApi.ConfigurationApiItemWrapper..ctor(ServerId serverId, String path) in D:\actions-runner\_work\XPCO\XPCO\MIP\PlatformPlugin\VideoOS.Platform\src\Proxy\ConfigApi\ConfigurationApiItemWrapper.cs:line 104&#xD;
   at VideoOS.Platform.ConfigurationItems.Factory.IsItemTypeSupported(ServerId serverId, String itemType) in D:\actions-runner\_work\XPCO\XPCO\MIP\PlatformPlugin\VideoOS.Platform\src\ConfigurationItems\Factory.cs:line 464&#xD;
&#xD;
Factory.IsItemTypeSupportedFactory.IsItemTypeSupported ()The method or operation is not implemented.   at VideoOS.Platform.SDKUnittest.EnvironmentTests.TestConfigurationClientService.GetItem(String path) in D:\actions-runner\_work\XPCO\XPCO\MIP\MIPSDK\tst\VideoOS.Platform.SDK.UnitTests\EnvironmentTests\TestsWithCorporateShimsBase.cs:line 227&#xD;
   at VideoOS.Platform.Proxy.ConfigApi.ConfigurationApiItemWrapper..ctor(ServerId serverId, String path) in D:\actions-runner\_work\XPCO\XPCO\MIP\PlatformPlugin\VideoOS.Platform\src\Proxy\ConfigApi\ConfigurationApiItemWrapper.cs:line 104&#xD;
   at VideoOS.Platform.ConfigurationItems.Factory.IsItemTypeSupported(ServerId serverId, String itemType) in D:\actions-runner\_work\XPCO\XPCO\MIP\PlatformPlugin\VideoOS.Platform\src\ConfigurationItems\Factory.cs:line 464&#xD;
MIP: Error: GetConfiguration (): CustomSetting not found for the given platformDefinitionId: e145597a-ecaf-40a1-99e6-14bb9d45a09e&#xD;
MIP: Error: ConfigurationApiItemWrapper (): ConfigAPI GetItem(): System.NotImplementedException, The method or operation is not implemented.&#xD;
MIP: Error: Factory.IsItemTypeSupported (): Exception source:      VideoOS.Platform.SDK.UnitTests&#xD;
Exception type:        System.NotImplementedException&#xD;
Exception message:     The method or operation is not implemented.&#xD;
Exception target site: GetItem&#xD;
   at VideoOS.Platform.SDKUnittest.EnvironmentTests.TestConfigurationClientService.GetItem(String path) in D:\actions-runner\_work\XPCO\XPCO\MIP\MIPSDK\tst\VideoOS.Platform.SDK.UnitTests\EnvironmentTests\TestsWithCorporateShimsBase.cs:line 227&#xD;
   at VideoOS.Platform.Proxy.ConfigApi.ConfigurationApiItemWrapper..ctor(ServerId serverId, String path) in D:\actions-runner\_work\XPCO\XPCO\MIP\PlatformPlugin\VideoOS.Platform\src\Proxy\ConfigApi\ConfigurationApiItemWrapper.cs:line 104&#xD;
   at VideoOS.Platform.ConfigurationItems.Factory.IsItemTypeSupported(ServerId serverId, String itemType) in D:\actions-runner\_work\XPCO\XPCO\MIP\PlatformPlugin\VideoOS.Platform\src\ConfigurationItems\Factory.cs:line 464&#xD;
&#xD;
Factory.IsItemTypeSupportedFactory.IsItemTypeSupported ()The method or operation is not implemented.   at VideoOS.Platform.SDKUnittest.EnvironmentTests.TestConfigurationClientService.GetItem(String path) in D:\actions-runner\_work\XPCO\XPCO\MIP\MIPSDK\tst\VideoOS.Platform.SDK.UnitTests\EnvironmentTests\TestsWithCorporateShimsBase.cs:line 227&#xD;
   at VideoOS.Platform.Proxy.ConfigApi.ConfigurationApiItemWrapper..ctor(ServerId serverId, String path) in D:\actions-runner\_work\XPCO\XPCO\MIP\PlatformPlugin\VideoOS.Platform\src\Proxy\ConfigApi\ConfigurationApiItemWrapper.cs:line 104&#xD;
   at VideoOS.Platform.ConfigurationItems.Factory.IsItemTypeSupported(ServerId serverId, String itemType) in D:\actions-runner\_work\XPCO\XPCO\MIP\PlatformPlugin\VideoOS.Platform\src\ConfigurationItems\Factory.cs:line 464&#xD;
MIP: Error: LoginServerOauth (): https://1.2.3.5:55/ManagementServer/ServerCommandServiceOAuth.svc The method or operation is not implemented.&#xD;
MIP: Error: ConfigurationApiItemWrapper (): ConfigAPI GetItem(): System.NotImplementedException, The method or operation is not implemented.&#xD;
MIP: Error: Factory.IsItemTypeSupported (): Exception source:      VideoOS.Platform.SDK.UnitTests&#xD;
Exception type:        System.NotImplementedException&#xD;
Exception message:     The method or operation is not implemented.&#xD;
Exception target site: GetItem&#xD;
   at VideoOS.Platform.SDKUnittest.EnvironmentTests.TestConfigurationClientService.GetItem(String path) in D:\actions-runner\_work\XPCO\XPCO\MIP\MIPSDK\tst\VideoOS.Platform.SDK.UnitTests\EnvironmentTests\TestsWithCorporateShimsBase.cs:line 227&#xD;
   at VideoOS.Platform.Proxy.ConfigApi.ConfigurationApiItemWrapper..ctor(ServerId serverId, String path) in D:\actions-runner\_work\XPCO\XPCO\MIP\PlatformPlugin\VideoOS.Platform\src\Proxy\ConfigApi\ConfigurationApiItemWrapper.cs:line 104&#xD;
   at VideoOS.Platform.ConfigurationItems.Factory.IsItemTypeSupported(ServerId serverId, String itemType) in D:\actions-runner\_work\XPCO\XPCO\MIP\PlatformPlugin\VideoOS.Platform\src\ConfigurationItems\Factory.cs:line 464&#xD;
&#xD;
Factory.IsItemTypeSupportedFactory.IsItemTypeSupported ()The method or operation is not implemented.   at VideoOS.Platform.SDKUnittest.EnvironmentTests.TestConfigurationClientService.GetItem(String path) in D:\actions-runner\_work\XPCO\XPCO\MIP\MIPSDK\tst\VideoOS.Platform.SDK.UnitTests\EnvironmentTests\TestsWithCorporateShimsBase.cs:line 227&#xD;
   at VideoOS.Platform.Proxy.ConfigApi.ConfigurationApiItemWrapper..ctor(ServerId serverId, String path) in D:\actions-runner\_work\XPCO\XPCO\MIP\PlatformPlugin\VideoOS.Platform\src\Proxy\ConfigApi\ConfigurationApiItemWrapper.cs:line 104&#xD;
   at VideoOS.Platform.ConfigurationItems.Factory.IsItemTypeSupported(ServerId serverId, String itemType) in D:\actions-runner\_work\XPCO\XPCO\MIP\PlatformPlugin\VideoOS.Platform\src\ConfigurationItems\Factory.cs:line 464&#xD;
MIP: Error: ConfigurationApiItemWrapper (): ConfigAPI GetItem(): System.NotImplementedException, The method or operation is not implemented.&#xD;
MIP: Error: Factory.IsItemTypeSupported (): Exception source:      VideoOS.Platform.SDK.UnitTests&#xD;
Exception type:        System.NotImplementedException&#xD;
Exception message:     The method or operation is not implemented.&#xD;
Exception target site: GetItem&#xD;
   at VideoOS.Platform.SDKUnittest.EnvironmentTests.TestConfigurationClientService.GetItem(String path) in D:\actions-runner\_work\XPCO\XPCO\MIP\MIPSDK\tst\VideoOS.Platform.SDK.UnitTests\EnvironmentTests\TestsWithCorporateShimsBase.cs:line 227&#xD;
   at VideoOS.Platform.Proxy.ConfigApi.ConfigurationApiItemWrapper..ctor(ServerId serverId, String path) in D:\actions-runner\_work\XPCO\XPCO\MIP\PlatformPlugin\VideoOS.Platform\src\Proxy\ConfigApi\ConfigurationApiItemWrapper.cs:line 104&#xD;
   at VideoOS.Platform.ConfigurationItems.Factory.IsItemTypeSupported(ServerId serverId, String itemType) in D:\actions-runner\_work\XPCO\XPCO\MIP\PlatformPlugin\VideoOS.Platform\src\ConfigurationItems\Factory.cs:line 464&#xD;
&#xD;
Factory.IsItemTypeSupportedFactory.IsItemTypeSupported ()The method or operation is not implemented.   at VideoOS.Platform.SDKUnittest.EnvironmentTests.TestConfigurationClientService.GetItem(String path) in D:\actions-runner\_work\XPCO\XPCO\MIP\MIPSDK\tst\VideoOS.Platform.SDK.UnitTests\EnvironmentTests\TestsWithCorporateShimsBase.cs:line 227&#xD;
   at VideoOS.Platform.Proxy.ConfigApi.ConfigurationApiItemWrapper..ctor(ServerId serverId, String path) in D:\actions-runner\_work\XPCO\XPCO\MIP\PlatformPlugin\VideoOS.Platform\src\Proxy\ConfigApi\ConfigurationApiItemWrapper.cs:line 104&#xD;
   at VideoOS.Platform.ConfigurationItems.Factory.IsItemTypeSupported(ServerId serverId, String itemType) in D:\actions-runner\_work\XPCO\XPCO\MIP\PlatformPlugin\VideoOS.Platform\src\ConfigurationItems\Factory.cs:line 464&#xD;
MIP: Error: LoginServerOauth (): https://1.2.3.5:55/ManagementServer/ServerCommandServiceOAuth.svc The method or operation is not implemented.&#xD;
MIP: Error: ConfigurationApiItemWrapper (): ConfigAPI GetItem(): System.NotImplementedException, The method or operation is not implemented.&#xD;
MIP: Error: Factory.IsItemTypeSupported (): Exception source:      VideoOS.Platform.SDK.UnitTests&#xD;
Exception type:        System.NotImplementedException&#xD;
Exception message:     The method or operation is not implemented.&#xD;
Exception target site: GetItem&#xD;
   at VideoOS.Platform.SDKUnittest.EnvironmentTests.TestConfigurationClientService.GetItem(String path) in D:\actions-runner\_work\XPCO\XPCO\MIP\MIPSDK\tst\VideoOS.Platform.SDK.UnitTests\EnvironmentTests\TestsWithCorporateShimsBase.cs:line 227&#xD;
   at VideoOS.Platform.Proxy.ConfigApi.ConfigurationApiItemWrapper..ctor(ServerId serverId, String path) in D:\actions-runner\_work\XPCO\XPCO\MIP\PlatformPlugin\VideoOS.Platform\src\Proxy\ConfigApi\ConfigurationApiItemWrapper.cs:line 104&#xD;
   at VideoOS.Platform.ConfigurationItems.Factory.IsItemTypeSupported(ServerId serverId, String itemType) in D:\actions-runner\_work\XPCO\XPCO\MIP\PlatformPlugin\VideoOS.Platform\src\ConfigurationItems\Factory.cs:line 464&#xD;
&#xD;
Factory.IsItemTypeSupportedFactory.IsItemTypeSupported ()The method or operation is not implemented.   at VideoOS.Platform.SDKUnittest.EnvironmentTests.TestConfigurationClientService.GetItem(String path) in D:\actions-runner\_work\XPCO\XPCO\MIP\MIPSDK\tst\VideoOS.Platform.SDK.UnitTests\EnvironmentTests\TestsWithCorporateShimsBase.cs:line 227&#xD;
   at VideoOS.Platform.Proxy.ConfigApi.ConfigurationApiItemWrapper..ctor(ServerId serverId, String path) in D:\actions-runner\_work\XPCO\XPCO\MIP\PlatformPlugin\VideoOS.Platform\src\Proxy\ConfigApi\ConfigurationApiItemWrapper.cs:line 104&#xD;
   at VideoOS.Platform.ConfigurationItems.Factory.IsItemTypeSupported(ServerId serverId, String itemType) in D:\actions-runner\_work\XPCO\XPCO\MIP\PlatformPlugin\VideoOS.Platform\src\ConfigurationItems\Factory.cs:line 464&#xD;
MIP: Error: GetConfiguration (): CustomSetting not found for the given platformDefinitionId: e145597a-ecaf-40a1-99e6-14bb9d45a09e&#xD;
MIP: Error: ConfigurationApiItemWrapper (): ConfigAPI GetItem(): System.NotImplementedException, The method or operation is not implemented.&#xD;
MIP: Error: Factory.IsItemTypeSupported (): Exception source:      VideoOS.Platform.SDK.UnitTests&#xD;
Exception type:        System.NotImplementedException&#xD;
Exception message:     The method or operation is not implemented.&#xD;
Exception target site: GetItem&#xD;
   at VideoOS.Platform.SDKUnittest.EnvironmentTests.TestConfigurationClientService.GetItem(String path) in D:\actions-runner\_work\XPCO\XPCO\MIP\MIPSDK\tst\VideoOS.Platform.SDK.UnitTests\EnvironmentTests\TestsWithCorporateShimsBase.cs:line 227&#xD;
   at VideoOS.Platform.Proxy.ConfigApi.ConfigurationApiItemWrapper..ctor(ServerId serverId, String path) in D:\actions-runner\_work\XPCO\XPCO\MIP\PlatformPlugin\VideoOS.Platform\src\Proxy\ConfigApi\ConfigurationApiItemWrapper.cs:line 104&#xD;
   at VideoOS.Platform.ConfigurationItems.Factory.IsItemTypeSupported(ServerId serverId, String itemType) in D:\actions-runner\_work\XPCO\XPCO\MIP\PlatformPlugin\VideoOS.Platform\src\ConfigurationItems\Factory.cs:line 464&#xD;
&#xD;
Factory.IsItemTypeSupportedFactory.IsItemTypeSupported ()The method or operation is not implemented.   at VideoOS.Platform.SDKUnittest.EnvironmentTests.TestConfigurationClientService.GetItem(String path) in D:\actions-runner\_work\XPCO\XPCO\MIP\MIPSDK\tst\VideoOS.Platform.SDK.UnitTests\EnvironmentTests\TestsWithCorporateShimsBase.cs:line 227&#xD;
   at VideoOS.Platform.Proxy.ConfigApi.ConfigurationApiItemWrapper..ctor(ServerId serverId, String path) in D:\actions-runner\_work\XPCO\XPCO\MIP\PlatformPlugin\VideoOS.Platform\src\Proxy\ConfigApi\ConfigurationApiItemWrapper.cs:line 104&#xD;
   at VideoOS.Platform.ConfigurationItems.Factory.IsItemTypeSupported(ServerId serverId, String itemType) in D:\actions-runner\_work\XPCO\XPCO\MIP\PlatformPlugin\VideoOS.Platform\src\ConfigurationItems\Factory.cs:line 464&#xD;
MIP: Error: LoginServerOauth (): https://1.2.3.5:55/ManagementServer/ServerCommandServiceOAuth.svc The method or operation is not implemented.&#xD;
MIP: Error: ConfigurationApiItemWrapper (): ConfigAPI GetItem(): System.NotImplementedException, The method or operation is not implemented.&#xD;
MIP: Error: Factory.IsItemTypeSupported (): Exception source:      VideoOS.Platform.SDK.UnitTests&#xD;
Exception type:        System.NotImplementedException&#xD;
Exception message:     The method or operation is not implemented.&#xD;
Exception target site: GetItem&#xD;
   at VideoOS.Platform.SDKUnittest.EnvironmentTests.TestConfigurationClientService.GetItem(String path) in D:\actions-runner\_work\XPCO\XPCO\MIP\MIPSDK\tst\VideoOS.Platform.SDK.UnitTests\EnvironmentTests\TestsWithCorporateShimsBase.cs:line 227&#xD;
   at VideoOS.Platform.Proxy.ConfigApi.ConfigurationApiItemWrapper..ctor(ServerId serverId, String path) in D:\actions-runner\_work\XPCO\XPCO\MIP\PlatformPlugin\VideoOS.Platform\src\Proxy\ConfigApi\ConfigurationApiItemWrapper.cs:line 104&#xD;
   at VideoOS.Platform.ConfigurationItems.Factory.IsItemTypeSupported(ServerId serverId, String itemType) in D:\actions-runner\_work\XPCO\XPCO\MIP\PlatformPlugin\VideoOS.Platform\src\ConfigurationItems\Factory.cs:line 464&#xD;
&#xD;
Factory.IsItemTypeSupportedFactory.IsItemTypeSupported ()The method or operation is not implemented.   at VideoOS.Platform.SDKUnittest.EnvironmentTests.TestConfigurationClientService.GetItem(String path) in D:\actions-runner\_work\XPCO\XPCO\MIP\MIPSDK\tst\VideoOS.Platform.SDK.UnitTests\EnvironmentTests\TestsWithCorporateShimsBase.cs:line 227&#xD;
   at VideoOS.Platform.Proxy.ConfigApi.ConfigurationApiItemWrapper..ctor(ServerId serverId, String path) in D:\actions-runner\_work\XPCO\XPCO\MIP\PlatformPlugin\VideoOS.Platform\src\Proxy\ConfigApi\ConfigurationApiItemWrapper.cs:line 104&#xD;
   at VideoOS.Platform.ConfigurationItems.Factory.IsItemTypeSupported(ServerId serverId, String itemType) in D:\actions-runner\_work\XPCO\XPCO\MIP\PlatformPlugin\VideoOS.Platform\src\ConfigurationItems\Factory.cs:line 464&#xD;
MIP: Error: ConfigurationApiItemWrapper (): ConfigAPI GetItem(): System.NotImplementedException, The method or operation is not implemented.&#xD;
MIP: Error: Factory.IsItemTypeSupported (): Exception source:      VideoOS.Platform.SDK.UnitTests&#xD;
Exception type:        System.NotImplementedException&#xD;
Exception message:     The method or operation is not implemented.&#xD;
Exception target site: GetItem&#xD;
   at VideoOS.Platform.SDKUnittest.EnvironmentTests.TestConfigurationClientService.GetItem(String path) in D:\actions-runner\_work\XPCO\XPCO\MIP\MIPSDK\tst\VideoOS.Platform.SDK.UnitTests\EnvironmentTests\TestsWithCorporateShimsBase.cs:line 227&#xD;
   at VideoOS.Platform.Proxy.ConfigApi.ConfigurationApiItemWrapper..ctor(ServerId serverId, String path) in D:\actions-runner\_work\XPCO\XPCO\MIP\PlatformPlugin\VideoOS.Platform\src\Proxy\ConfigApi\ConfigurationApiItemWrapper.cs:line 104&#xD;
   at VideoOS.Platform.ConfigurationItems.Factory.IsItemTypeSupported(ServerId serverId, String itemType) in D:\actions-runner\_work\XPCO\XPCO\MIP\PlatformPlugin\VideoOS.Platform\src\ConfigurationItems\Factory.cs:line 464&#xD;
&#xD;
Factory.IsItemTypeSupportedFactory.IsItemTypeSupported ()The method or operation is not implemented.   at VideoOS.Platform.SDKUnittest.EnvironmentTests.TestConfigurationClientService.GetItem(String path) in D:\actions-runner\_work\XPCO\XPCO\MIP\MIPSDK\tst\VideoOS.Platform.SDK.UnitTests\EnvironmentTests\TestsWithCorporateShimsBase.cs:line 227&#xD;
   at VideoOS.Platform.Proxy.ConfigApi.ConfigurationApiItemWrapper..ctor(ServerId serverId, String path) in D:\actions-runner\_work\XPCO\XPCO\MIP\PlatformPlugin\VideoOS.Platform\src\Proxy\ConfigApi\ConfigurationApiItemWrapper.cs:line 104&#xD;
   at VideoOS.Platform.ConfigurationItems.Factory.IsItemTypeSupported(ServerId serverId, String itemType) in D:\actions-runner\_work\XPCO\XPCO\MIP\PlatformPlugin\VideoOS.Platform\src\ConfigurationItems\Factory.cs:line 464&#xD;
MIP: Error: LoginServerOauth (): https://1.2.3.5:55/ManagementServer/ServerCommandServiceOAuth.svc The method or operation is not implemented.&#xD;
MIP: Error: ConfigurationApiItemWrapper (): ConfigAPI GetItem(): System.NotImplementedException, The method or operation is not implemented.&#xD;
MIP: Error: Factory.IsItemTypeSupported (): Exception source:      VideoOS.Platform.SDK.UnitTests&#xD;
Exception type:        System.NotImplementedException&#xD;
Exception message:     The method or operation is not implemented.&#xD;
Exception target site: GetItem&#xD;
   at VideoOS.Platform.SDKUnittest.EnvironmentTests.TestConfigurationClientService.GetItem(String path) in D:\actions-runner\_work\XPCO\XPCO\MIP\MIPSDK\tst\VideoOS.Platform.SDK.UnitTests\EnvironmentTests\TestsWithCorporateShimsBase.cs:line 227&#xD;
   at VideoOS.Platform.Proxy.ConfigApi.ConfigurationApiItemWrapper..ctor(ServerId serverId, String path) in D:\actions-runner\_work\XPCO\XPCO\MIP\PlatformPlugin\VideoOS.Platform\src\Proxy\ConfigApi\ConfigurationApiItemWrapper.cs:line 104&#xD;
   at VideoOS.Platform.ConfigurationItems.Factory.IsItemTypeSupported(ServerId serverId, String itemType) in D:\actions-runner\_work\XPCO\XPCO\MIP\PlatformPlugin\VideoOS.Platform\src\ConfigurationItems\Factory.cs:line 464&#xD;
&#xD;
Factory.IsItemTypeSupportedFactory.IsItemTypeSupported ()The method or operation is not implemented.   at VideoOS.Platform.SDKUnittest.EnvironmentTests.TestConfigurationClientService.GetItem(String path) in D:\actions-runner\_work\XPCO\XPCO\MIP\MIPSDK\tst\VideoOS.Platform.SDK.UnitTests\EnvironmentTests\TestsWithCorporateShimsBase.cs:line 227&#xD;
   at VideoOS.Platform.Proxy.ConfigApi.ConfigurationApiItemWrapper..ctor(ServerId serverId, String path) in D:\actions-runner\_work\XPCO\XPCO\MIP\PlatformPlugin\VideoOS.Platform\src\Proxy\ConfigApi\ConfigurationApiItemWrapper.cs:line 104&#xD;
   at VideoOS.Platform.ConfigurationItems.Factory.IsItemTypeSupported(ServerId serverId, String itemType) in D:\actions-runner\_work\XPCO\XPCO\MIP\PlatformPlugin\VideoOS.Platform\src\ConfigurationItems\Factory.cs:line 464&#xD;
MIP: Error: GetConfiguration (): CustomSetting not found for the given platformDefinitionId: e145597a-ecaf-40a1-99e6-14bb9d45a09e&#xD;
MIP: Error: ConfigurationApiItemWrapper (): ConfigAPI GetItem(): System.NotImplementedException, The method or operation is not implemented.&#xD;
MIP: Error: Factory.IsItemTypeSupported (): Exception source:      VideoOS.Platform.SDK.UnitTests&#xD;
Exception type:        System.NotImplementedException&#xD;
Exception message:     The method or operation is not implemented.&#xD;
Exception target site: GetItem&#xD;
   at VideoOS.Platform.SDKUnittest.EnvironmentTests.TestConfigurationClientService.GetItem(String path) in D:\actions-runner\_work\XPCO\XPCO\MIP\MIPSDK\tst\VideoOS.Platform.SDK.UnitTests\EnvironmentTests\TestsWithCorporateShimsBase.cs:line 227&#xD;
   at VideoOS.Platform.Proxy.ConfigApi.ConfigurationApiItemWrapper..ctor(ServerId serverId, String path) in D:\actions-runner\_work\XPCO\XPCO\MIP\PlatformPlugin\VideoOS.Platform\src\Proxy\ConfigApi\ConfigurationApiItemWrapper.cs:line 104&#xD;
   at VideoOS.Platform.ConfigurationItems.Factory.IsItemTypeSupported(ServerId serverId, String itemType) in D:\actions-runner\_work\XPCO\XPCO\MIP\PlatformPlugin\VideoOS.Platform\src\ConfigurationItems\Factory.cs:line 464&#xD;
&#xD;
Factory.IsItemTypeSupportedFactory.IsItemTypeSupported ()The method or operation is not implemented.   at VideoOS.Platform.SDKUnittest.EnvironmentTests.TestConfigurationClientService.GetItem(String path) in D:\actions-runner\_work\XPCO\XPCO\MIP\MIPSDK\tst\VideoOS.Platform.SDK.UnitTests\EnvironmentTests\TestsWithCorporateShimsBase.cs:line 227&#xD;
   at VideoOS.Platform.Proxy.ConfigApi.ConfigurationApiItemWrapper..ctor(ServerId serverId, String path) in D:\actions-runner\_work\XPCO\XPCO\MIP\PlatformPlugin\VideoOS.Platform\src\Proxy\ConfigApi\ConfigurationApiItemWrapper.cs:line 104&#xD;
   at VideoOS.Platform.ConfigurationItems.Factory.IsItemTypeSupported(ServerId serverId, String itemType) in D:\actions-runner\_work\XPCO\XPCO\MIP\PlatformPlugin\VideoOS.Platform\src\ConfigurationItems\Factory.cs:line 464&#xD;
MIP: Error: LoginServerOauth (): https://1.2.3.5:55/ManagementServer/ServerCommandServiceOAuth.svc The method or operation is not implemented.&#xD;
MIP: Error: ConfigurationApiItemWrapper (): ConfigAPI GetItem(): System.NotImplementedException, The method or operation is not implemented.&#xD;
MIP: Error: Factory.IsItemTypeSupported (): Exception source:      VideoOS.Platform.SDK.UnitTests&#xD;
Exception type:        System.NotImplementedException&#xD;
Exception message:     The method or operation is not implemented.&#xD;
Exception target site: GetItem&#xD;
   at VideoOS.Platform.SDKUnittest.EnvironmentTests.TestConfigurationClientService.GetItem(String path) in D:\actions-runner\_work\XPCO\XPCO\MIP\MIPSDK\tst\VideoOS.Platform.SDK.UnitTests\EnvironmentTests\TestsWithCorporateShimsBase.cs:line 227&#xD;
   at VideoOS.Platform.Proxy.ConfigApi.ConfigurationApiItemWrapper..ctor(ServerId serverId, String path) in D:\actions-runner\_work\XPCO\XPCO\MIP\PlatformPlugin\VideoOS.Platform\src\Proxy\ConfigApi\ConfigurationApiItemWrapper.cs:line 104&#xD;
   at VideoOS.Platform.ConfigurationItems.Factory.IsItemTypeSupported(ServerId serverId, String itemType) in D:\actions-runner\_work\XPCO\XPCO\MIP\PlatformPlugin\VideoOS.Platform\src\ConfigurationItems\Factory.cs:line 464&#xD;
&#xD;
Factory.IsItemTypeSupportedFactory.IsItemTypeSupported ()The method or operation is not implemented.   at VideoOS.Platform.SDKUnittest.EnvironmentTests.TestConfigurationClientService.GetItem(String path) in D:\actions-runner\_work\XPCO\XPCO\MIP\MIPSDK\tst\VideoOS.Platform.SDK.UnitTests\EnvironmentTests\TestsWithCorporateShimsBase.cs:line 227&#xD;
   at VideoOS.Platform.Proxy.ConfigApi.ConfigurationApiItemWrapper..ctor(ServerId serverId, String path) in D:\actions-runner\_work\XPCO\XPCO\MIP\PlatformPlugin\VideoOS.Platform\src\Proxy\ConfigApi\ConfigurationApiItemWrapper.cs:line 104&#xD;
   at VideoOS.Platform.ConfigurationItems.Factory.IsItemTypeSupported(ServerId serverId, String itemType) in D:\actions-runner\_work\XPCO\XPCO\MIP\PlatformPlugin\VideoOS.Platform\src\ConfigurationItems\Factory.cs:line 464&#xD;
MIP: Error: ConfigurationApiItemWrapper (): ConfigAPI GetItem(): System.NotImplementedException, The method or operation is not implemented.&#xD;
MIP: Error: Factory.IsItemTypeSupported (): Exception source:      VideoOS.Platform.SDK.UnitTests&#xD;
Exception type:        System.NotImplementedException&#xD;
Exception message:     The method or operation is not implemented.&#xD;
Exception target site: GetItem&#xD;
   at VideoOS.Platform.SDKUnittest.EnvironmentTests.TestConfigurationClientService.GetItem(String path) in D:\actions-runner\_work\XPCO\XPCO\MIP\MIPSDK\tst\VideoOS.Platform.SDK.UnitTests\EnvironmentTests\TestsWithCorporateShimsBase.cs:line 227&#xD;
   at VideoOS.Platform.Proxy.ConfigApi.ConfigurationApiItemWrapper..ctor(ServerId serverId, String path) in D:\actions-runner\_work\XPCO\XPCO\MIP\PlatformPlugin\VideoOS.Platform\src\Proxy\ConfigApi\ConfigurationApiItemWrapper.cs:line 104&#xD;
   at VideoOS.Platform.ConfigurationItems.Factory.IsItemTypeSupported(ServerId serverId, String itemType) in D:\actions-runner\_work\XPCO\XPCO\MIP\PlatformPlugin\VideoOS.Platform\src\ConfigurationItems\Factory.cs:line 464&#xD;
&#xD;
Factory.IsItemTypeSupportedFactory.IsItemTypeSupported ()The method or operation is not implemented.   at VideoOS.Platform.SDKUnittest.EnvironmentTests.TestConfigurationClientService.GetItem(String path) in D:\actions-runner\_work\XPCO\XPCO\MIP\MIPSDK\tst\VideoOS.Platform.SDK.UnitTests\EnvironmentTests\TestsWithCorporateShimsBase.cs:line 227&#xD;
   at VideoOS.Platform.Proxy.ConfigApi.ConfigurationApiItemWrapper..ctor(ServerId serverId, String path) in D:\actions-runner\_work\XPCO\XPCO\MIP\PlatformPlugin\VideoOS.Platform\src\Proxy\ConfigApi\ConfigurationApiItemWrapper.cs:line 104&#xD;
   at VideoOS.Platform.ConfigurationItems.Factory.IsItemTypeSupported(ServerId serverId, String itemType) in D:\actions-runner\_work\XPCO\XPCO\MIP\PlatformPlugin\VideoOS.Platform\src\ConfigurationItems\Factory.cs:line 464&#xD;
MIP: Error: LoginServerOauth (): https://1.2.3.5:55/ManagementServer/ServerCommandServiceOAuth.svc The method or operation is not implemented.&#xD;
MIP: Error: ConfigurationApiItemWrapper (): ConfigAPI GetItem(): System.NotImplementedException, The method or operation is not implemented.&#xD;
MIP: Error: Factory.IsItemTypeSupported (): Exception source:      VideoOS.Platform.SDK.UnitTests&#xD;
Exception type:        System.NotImplementedException&#xD;
Exception message:     The method or operation is not implemented.&#xD;
Exception target site: GetItem&#xD;
   at VideoOS.Platform.SDKUnittest.EnvironmentTests.TestConfigurationClientService.GetItem(String path) in D:\actions-runner\_work\XPCO\XPCO\MIP\MIPSDK\tst\VideoOS.Platform.SDK.UnitTests\EnvironmentTests\TestsWithCorporateShimsBase.cs:line 227&#xD;
   at VideoOS.Platform.Proxy.ConfigApi.ConfigurationApiItemWrapper..ctor(ServerId serverId, String path) in D:\actions-runner\_work\XPCO\XPCO\MIP\PlatformPlugin\VideoOS.Platform\src\Proxy\ConfigApi\ConfigurationApiItemWrapper.cs:line 104&#xD;
   at VideoOS.Platform.ConfigurationItems.Factory.IsItemTypeSupported(ServerId serverId, String itemType) in D:\actions-runner\_work\XPCO\XPCO\MIP\PlatformPlugin\VideoOS.Platform\src\ConfigurationItems\Factory.cs:line 464&#xD;
&#xD;
Factory.IsItemTypeSupportedFactory.IsItemTypeSupported ()The method or operation is not implemented.   at VideoOS.Platform.SDKUnittest.EnvironmentTests.TestConfigurationClientService.GetItem(String path) in D:\actions-runner\_work\XPCO\XPCO\MIP\MIPSDK\tst\VideoOS.Platform.SDK.UnitTests\EnvironmentTests\TestsWithCorporateShimsBase.cs:line 227&#xD;
   at VideoOS.Platform.Proxy.ConfigApi.ConfigurationApiItemWrapper..ctor(ServerId serverId, String path) in D:\actions-runner\_work\XPCO\XPCO\MIP\PlatformPlugin\VideoOS.Platform\src\Proxy\ConfigApi\ConfigurationApiItemWrapper.cs:line 104&#xD;
   at VideoOS.Platform.ConfigurationItems.Factory.IsItemTypeSupported(ServerId serverId, String itemType) in D:\actions-runner\_work\XPCO\XPCO\MIP\PlatformPlugin\VideoOS.Platform\src\ConfigurationItems\Factory.cs:line 464&#xD;
MIP: Error: GetConfiguration (): CustomSetting not found for the given platformDefinitionId: e145597a-ecaf-40a1-99e6-14bb9d45a09e&#xD;
MIP: Error: ConfigurationApiItemWrapper (): ConfigAPI GetItem(): System.NotImplementedException, The method or operation is not implemented.&#xD;
MIP: Error: Factory.IsItemTypeSupported (): Exception source:      VideoOS.Platform.SDK.UnitTests&#xD;
Exception type:        System.NotImplementedException&#xD;
Exception message:     The method or operation is not implemented.&#xD;
Exception target site: GetItem&#xD;
   at VideoOS.Platform.SDKUnittest.EnvironmentTests.TestConfigurationClientService.GetItem(String path) in D:\actions-runner\_work\XPCO\XPCO\MIP\MIPSDK\tst\VideoOS.Platform.SDK.UnitTests\EnvironmentTests\TestsWithCorporateShimsBase.cs:line 227&#xD;
   at VideoOS.Platform.Proxy.ConfigApi.ConfigurationApiItemWrapper..ctor(ServerId serverId, String path) in D:\actions-runner\_work\XPCO\XPCO\MIP\PlatformPlugin\VideoOS.Platform\src\Proxy\ConfigApi\ConfigurationApiItemWrapper.cs:line 104&#xD;
   at VideoOS.Platform.ConfigurationItems.Factory.IsItemTypeSupported(ServerId serverId, String itemType) in D:\actions-runner\_work\XPCO\XPCO\MIP\PlatformPlugin\VideoOS.Platform\src\ConfigurationItems\Factory.cs:line 464&#xD;
&#xD;
Factory.IsItemTypeSupportedFactory.IsItemTypeSupported ()The method or operation is not implemented.   at VideoOS.Platform.SDKUnittest.EnvironmentTests.TestConfigurationClientService.GetItem(String path) in D:\actions-runner\_work\XPCO\XPCO\MIP\MIPSDK\tst\VideoOS.Platform.SDK.UnitTests\EnvironmentTests\TestsWithCorporateShimsBase.cs:line 227&#xD;
   at VideoOS.Platform.Proxy.ConfigApi.ConfigurationApiItemWrapper..ctor(ServerId serverId, String path) in D:\actions-runner\_work\XPCO\XPCO\MIP\PlatformPlugin\VideoOS.Platform\src\Proxy\ConfigApi\ConfigurationApiItemWrapper.cs:line 104&#xD;
   at VideoOS.Platform.ConfigurationItems.Factory.IsItemTypeSupported(ServerId serverId, String itemType) in D:\actions-runner\_work\XPCO\XPCO\MIP\PlatformPlugin\VideoOS.Platform\src\ConfigurationItems\Factory.cs:line 464&#xD;
MIP: Error: LoginServerOauth (): https://1.2.3.5:55/ManagementServer/ServerCommandServiceOAuth.svc The method or operation is not implemented.&#xD;
MIP: Error: ConfigurationApiItemWrapper (): ConfigAPI GetItem(): System.NotImplementedException, The method or operation is not implemented.&#xD;
MIP: Error: Factory.IsItemTypeSupported (): Exception source:      VideoOS.Platform.SDK.UnitTests&#xD;
Exception type:        System.NotImplementedException&#xD;
Exception message:     The method or operation is not implemented.&#xD;
Exception target site: GetItem&#xD;
   at VideoOS.Platform.SDKUnittest.EnvironmentTests.TestConfigurationClientService.GetItem(String path) in D:\actions-runner\_work\XPCO\XPCO\MIP\MIPSDK\tst\VideoOS.Platform.SDK.UnitTests\EnvironmentTests\TestsWithCorporateShimsBase.cs:line 227&#xD;
   at VideoOS.Platform.Proxy.ConfigApi.ConfigurationApiItemWrapper..ctor(ServerId serverId, String path) in D:\actions-runner\_work\XPCO\XPCO\MIP\PlatformPlugin\VideoOS.Platform\src\Proxy\ConfigApi\ConfigurationApiItemWrapper.cs:line 104&#xD;
   at VideoOS.Platform.ConfigurationItems.Factory.IsItemTypeSupported(ServerId serverId, String itemType) in D:\actions-runner\_work\XPCO\XPCO\MIP\PlatformPlugin\VideoOS.Platform\src\ConfigurationItems\Factory.cs:line 464&#xD;
&#xD;
Factory.IsItemTypeSupportedFactory.IsItemTypeSupported ()The method or operation is not implemented.   at VideoOS.Platform.SDKUnittest.EnvironmentTests.TestConfigurationClientService.GetItem(String path) in D:\actions-runner\_work\XPCO\XPCO\MIP\MIPSDK\tst\VideoOS.Platform.SDK.UnitTests\EnvironmentTests\TestsWithCorporateShimsBase.cs:line 227&#xD;
   at VideoOS.Platform.Proxy.ConfigApi.ConfigurationApiItemWrapper..ctor(ServerId serverId, String path) in D:\actions-runner\_work\XPCO\XPCO\MIP\PlatformPlugin\VideoOS.Platform\src\Proxy\ConfigApi\ConfigurationApiItemWrapper.cs:line 104&#xD;
   at VideoOS.Platform.ConfigurationItems.Factory.IsItemTypeSupported(ServerId serverId, String itemType) in D:\actions-runner\_work\XPCO\XPCO\MIP\PlatformPlugin\VideoOS.Platform\src\ConfigurationItems\Factory.cs:line 464&#xD;
MIP: Error: ConfigurationApiItemWrapper (): ConfigAPI GetItem(): System.NotImplementedException, The method or operation is not implemented.&#xD;
MIP: Error: Factory.IsItemTypeSupported (): Exception source:      VideoOS.Platform.SDK.UnitTests&#xD;
Exception type:        System.NotImplementedException&#xD;
Exception message:     The method or operation is not implemented.&#xD;
Exception target site: GetItem&#xD;
   at VideoOS.Platform.SDKUnittest.EnvironmentTests.TestConfigurationClientService.GetItem(String path) in D:\actions-runner\_work\XPCO\XPCO\MIP\MIPSDK\tst\VideoOS.Platform.SDK.UnitTests\EnvironmentTests\TestsWithCorporateShimsBase.cs:line 227&#xD;
   at VideoOS.Platform.Proxy.ConfigApi.ConfigurationApiItemWrapper..ctor(ServerId serverId, String path) in D:\actions-runner\_work\XPCO\XPCO\MIP\PlatformPlugin\VideoOS.Platform\src\Proxy\ConfigApi\ConfigurationApiItemWrapper.cs:line 104&#xD;
   at VideoOS.Platform.ConfigurationItems.Factory.IsItemTypeSupported(ServerId serverId, String itemType) in D:\actions-runner\_work\XPCO\XPCO\MIP\PlatformPlugin\VideoOS.Platform\src\ConfigurationItems\Factory.cs:line 464&#xD;
&#xD;
Factory.IsItemTypeSupportedFactory.IsItemTypeSupported ()The method or operation is not implemented.   at VideoOS.Platform.SDKUnittest.EnvironmentTests.TestConfigurationClientService.GetItem(String path) in D:\actions-runner\_work\XPCO\XPCO\MIP\MIPSDK\tst\VideoOS.Platform.SDK.UnitTests\EnvironmentTests\TestsWithCorporateShimsBase.cs:line 227&#xD;
   at VideoOS.Platform.Proxy.ConfigApi.ConfigurationApiItemWrapper..ctor(ServerId serverId, String path) in D:\actions-runner\_work\XPCO\XPCO\MIP\PlatformPlugin\VideoOS.Platform\src\Proxy\ConfigApi\ConfigurationApiItemWrapper.cs:line 104&#xD;
   at VideoOS.Platform.ConfigurationItems.Factory.IsItemTypeSupported(ServerId serverId, String itemType) in D:\actions-runner\_work\XPCO\XPCO\MIP\PlatformPlugin\VideoOS.Platform\src\ConfigurationItems\Factory.cs:line 464&#xD;
MIP: Error: LoginServerOauth (): https://1.2.3.5:55/ManagementServer/ServerCommandServiceOAuth.svc The method or operation is not implemented.&#xD;
MIP: Error: ConfigurationApiItemWrapper (): ConfigAPI GetItem(): System.NotImplementedException, The method or operation is not implemented.&#xD;
MIP: Error: Factory.IsItemTypeSupported (): Exception source:      VideoOS.Platform.SDK.UnitTests&#xD;
Exception type:        System.NotImplementedException&#xD;
Exception message:     The method or operation is not implemented.&#xD;
Exception target site: GetItem&#xD;
   at VideoOS.Platform.SDKUnittest.EnvironmentTests.TestConfigurationClientService.GetItem(String path) in D:\actions-runner\_work\XPCO\XPCO\MIP\MIPSDK\tst\VideoOS.Platform.SDK.UnitTests\EnvironmentTests\TestsWithCorporateShimsBase.cs:line 227&#xD;
   at VideoOS.Platform.Proxy.ConfigApi.ConfigurationApiItemWrapper..ctor(ServerId serverId, String path) in D:\actions-runner\_work\XPCO\XPCO\MIP\PlatformPlugin\VideoOS.Platform\src\Proxy\ConfigApi\ConfigurationApiItemWrapper.cs:line 104&#xD;
   at VideoOS.Platform.ConfigurationItems.Factory.IsItemTypeSupported(ServerId serverId, String itemType) in D:\actions-runner\_work\XPCO\XPCO\MIP\PlatformPlugin\VideoOS.Platform\src\ConfigurationItems\Factory.cs:line 464&#xD;
&#xD;
Factory.IsItemTypeSupportedFactory.IsItemTypeSupported ()The method or operation is not implemented.   at VideoOS.Platform.SDKUnittest.EnvironmentTests.TestConfigurationClientService.GetItem(String path) in D:\actions-runner\_work\XPCO\XPCO\MIP\MIPSDK\tst\VideoOS.Platform.SDK.UnitTests\EnvironmentTests\TestsWithCorporateShimsBase.cs:line 227&#xD;
   at VideoOS.Platform.Proxy.ConfigApi.ConfigurationApiItemWrapper..ctor(ServerId serverId, String path) in D:\actions-runner\_work\XPCO\XPCO\MIP\PlatformPlugin\VideoOS.Platform\src\Proxy\ConfigApi\ConfigurationApiItemWrapper.cs:line 104&#xD;
   at VideoOS.Platform.ConfigurationItems.Factory.IsItemTypeSupported(ServerId serverId, String itemType) in D:\actions-runner\_work\XPCO\XPCO\MIP\PlatformPlugin\VideoOS.Platform\src\ConfigurationItems\Factory.cs:line 464&#xD;
MIP: Error: GetConfiguration (): CustomSetting not found for the given platformDefinitionId: e145597a-ecaf-40a1-99e6-14bb9d45a09e&#xD;
MIP: Error: ConfigurationApiItemWrapper (): ConfigAPI GetItem(): System.NotImplementedException, The method or operation is not implemented.&#xD;
MIP: Error: Factory.IsItemTypeSupported (): Exception source:      VideoOS.Platform.SDK.UnitTests&#xD;
Exception type:        System.NotImplementedException&#xD;
Exception message:     The method or operation is not implemented.&#xD;
Exception target site: GetItem&#xD;
   at VideoOS.Platform.SDKUnittest.EnvironmentTests.TestConfigurationClientService.GetItem(String path) in D:\actions-runner\_work\XPCO\XPCO\MIP\MIPSDK\tst\VideoOS.Platform.SDK.UnitTests\EnvironmentTests\TestsWithCorporateShimsBase.cs:line 227&#xD;
   at VideoOS.Platform.Proxy.ConfigApi.ConfigurationApiItemWrapper..ctor(ServerId serverId, String path) in D:\actions-runner\_work\XPCO\XPCO\MIP\PlatformPlugin\VideoOS.Platform\src\Proxy\ConfigApi\ConfigurationApiItemWrapper.cs:line 104&#xD;
   at VideoOS.Platform.ConfigurationItems.Factory.IsItemTypeSupported(ServerId serverId, String itemType) in D:\actions-runner\_work\XPCO\XPCO\MIP\PlatformPlugin\VideoOS.Platform\src\ConfigurationItems\Factory.cs:line 464&#xD;
&#xD;
Factory.IsItemTypeSupportedFactory.IsItemTypeSupported ()The method or operation is not implemented.   at VideoOS.Platform.SDKUnittest.EnvironmentTests.TestConfigurationClientService.GetItem(String path) in D:\actions-runner\_work\XPCO\XPCO\MIP\MIPSDK\tst\VideoOS.Platform.SDK.UnitTests\EnvironmentTests\TestsWithCorporateShimsBase.cs:line 227&#xD;
   at VideoOS.Platform.Proxy.ConfigApi.ConfigurationApiItemWrapper..ctor(ServerId serverId, String path) in D:\actions-runner\_work\XPCO\XPCO\MIP\PlatformPlugin\VideoOS.Platform\src\Proxy\ConfigApi\ConfigurationApiItemWrapper.cs:line 104&#xD;
   at VideoOS.Platform.ConfigurationItems.Factory.IsItemTypeSupported(ServerId serverId, String itemType) in D:\actions-runner\_work\XPCO\XPCO\MIP\PlatformPlugin\VideoOS.Platform\src\ConfigurationItems\Factory.cs:line 464&#xD;
MIP: Error: LoginServerOauth (): https://1.2.3.5:55/ManagementServer/ServerCommandServiceOAuth.svc The method or operation is not implemented.</StdOut>
      </Output>
    </UnitTestResult>
    <UnitTestResult executionId="26c4ac4d-5cb4-4362-a1bf-d4d706abbd52" testId="a48a4aa2-5c0d-5259-9846-1ccc3607484c" testName="Given_Nothing_When_ReceivingAnUnknownMessage_Then_FirstPartOfTheMessgeIsLoggedInAWarning" computerName="DKSR-EFI-06" duration="00:00:00.0034076" startTime="2024-01-09T15:46:05.5962144+01:00" endTime="2024-01-09T15:46:05.5998251+01:00" testType="13cdc9d9-ddb5-4fa4-a97d-d965ccfc6d4b" outcome="Passed" testListId="8c84fa94-04c1-424b-9868-57a2d4851a1d" relativeResultsDirectory="26c4ac4d-5cb4-4362-a1bf-d4d706abbd52" />
    <UnitTestResult executionId="e22d9891-4d0d-417c-a254-ed57d405be86" testId="d0433bb2-5994-e95a-66cb-00cffc215684" testName="TryCreateParentUri_WhenNoUrlKeyPresent_ReturnsNull" computerName="DKSR-EFI-06" duration="00:00:00.0005429" startTime="2024-01-09T15:46:04.9079367+01:00" endTime="2024-01-09T15:46:04.9086577+01:00" testType="13cdc9d9-ddb5-4fa4-a97d-d965ccfc6d4b" outcome="Passed" testListId="8c84fa94-04c1-424b-9868-57a2d4851a1d" relativeResultsDirectory="e22d9891-4d0d-417c-a254-ed57d405be86" />
    <UnitTestResult executionId="d162789a-d9eb-4e39-aa74-d7908d3e9363" testId="a251cec6-75d2-c3ac-bfd1-10289d5753e0" testName="XpcoAddServerViaSiteItem" computerName="DKSR-EFI-06" duration="00:00:01.1656938" startTime="2024-01-09T15:46:17.6680707+01:00" endTime="2024-01-09T15:46:18.8343518+01:00" testType="13cdc9d9-ddb5-4fa4-a97d-d965ccfc6d4b" outcome="Passed" testListId="8c84fa94-04c1-424b-9868-57a2d4851a1d" relativeResultsDirectory="d162789a-d9eb-4e39-aa74-d7908d3e9363">
      <Output>
        <StdOut>Debug Trace:&#xD;
TopLevelControl returns null. PostMessage may have problems&#xD;
MIP: Error: ConfigurationApiItemWrapper (): ConfigAPI GetItem(): System.NotImplementedException, The method or operation is not implemented.&#xD;
MIP: Error: Factory.IsItemTypeSupported (): Exception source:      VideoOS.Platform.SDK.UnitTests&#xD;
Exception type:        System.NotImplementedException&#xD;
Exception message:     The method or operation is not implemented.&#xD;
Exception target site: GetItem&#xD;
   at VideoOS.Platform.SDKUnittest.EnvironmentTests.TestConfigurationClientService.GetItem(String path) in D:\actions-runner\_work\XPCO\XPCO\MIP\MIPSDK\tst\VideoOS.Platform.SDK.UnitTests\EnvironmentTests\TestsWithCorporateShimsBase.cs:line 227&#xD;
   at VideoOS.Platform.Proxy.ConfigApi.ConfigurationApiItemWrapper..ctor(ServerId serverId, String path) in D:\actions-runner\_work\XPCO\XPCO\MIP\PlatformPlugin\VideoOS.Platform\src\Proxy\ConfigApi\ConfigurationApiItemWrapper.cs:line 104&#xD;
   at VideoOS.Platform.ConfigurationItems.Factory.IsItemTypeSupported(ServerId serverId, String itemType) in D:\actions-runner\_work\XPCO\XPCO\MIP\PlatformPlugin\VideoOS.Platform\src\ConfigurationItems\Factory.cs:line 464&#xD;
&#xD;
Factory.IsItemTypeSupportedFactory.IsItemTypeSupported ()The method or operation is not implemented.   at VideoOS.Platform.SDKUnittest.EnvironmentTests.TestConfigurationClientService.GetItem(String path) in D:\actions-runner\_work\XPCO\XPCO\MIP\MIPSDK\tst\VideoOS.Platform.SDK.UnitTests\EnvironmentTests\TestsWithCorporateShimsBase.cs:line 227&#xD;
   at VideoOS.Platform.Proxy.ConfigApi.ConfigurationApiItemWrapper..ctor(ServerId serverId, String path) in D:\actions-runner\_work\XPCO\XPCO\MIP\PlatformPlugin\VideoOS.Platform\src\Proxy\ConfigApi\ConfigurationApiItemWrapper.cs:line 104&#xD;
   at VideoOS.Platform.ConfigurationItems.Factory.IsItemTypeSupported(ServerId serverId, String itemType) in D:\actions-runner\_work\XPCO\XPCO\MIP\PlatformPlugin\VideoOS.Platform\src\ConfigurationItems\Factory.cs:line 464&#xD;
MIP: Error: GetConfiguration (): CustomSetting not found for the given platformDefinitionId: e145597a-ecaf-40a1-99e6-14bb9d45a09e&#xD;
MIP: Error: ConfigurationApiItemWrapper (): ConfigAPI GetItem(): System.NotImplementedException, The method or operation is not implemented.&#xD;
MIP: Error: Factory.IsItemTypeSupported (): Exception source:      VideoOS.Platform.SDK.UnitTests&#xD;
Exception type:        System.NotImplementedException&#xD;
Exception message:     The method or operation is not implemented.&#xD;
Exception target site: GetItem&#xD;
   at VideoOS.Platform.SDKUnittest.EnvironmentTests.TestConfigurationClientService.GetItem(String path) in D:\actions-runner\_work\XPCO\XPCO\MIP\MIPSDK\tst\VideoOS.Platform.SDK.UnitTests\EnvironmentTests\TestsWithCorporateShimsBase.cs:line 227&#xD;
   at VideoOS.Platform.Proxy.ConfigApi.ConfigurationApiItemWrapper..ctor(ServerId serverId, String path) in D:\actions-runner\_work\XPCO\XPCO\MIP\PlatformPlugin\VideoOS.Platform\src\Proxy\ConfigApi\ConfigurationApiItemWrapper.cs:line 104&#xD;
   at VideoOS.Platform.ConfigurationItems.Factory.IsItemTypeSupported(ServerId serverId, String itemType) in D:\actions-runner\_work\XPCO\XPCO\MIP\PlatformPlugin\VideoOS.Platform\src\ConfigurationItems\Factory.cs:line 464&#xD;
&#xD;
Factory.IsItemTypeSupportedFactory.IsItemTypeSupported ()The method or operation is not implemented.   at VideoOS.Platform.SDKUnittest.EnvironmentTests.TestConfigurationClientService.GetItem(String path) in D:\actions-runner\_work\XPCO\XPCO\MIP\MIPSDK\tst\VideoOS.Platform.SDK.UnitTests\EnvironmentTests\TestsWithCorporateShimsBase.cs:line 227&#xD;
   at VideoOS.Platform.Proxy.ConfigApi.ConfigurationApiItemWrapper..ctor(ServerId serverId, String path) in D:\actions-runner\_work\XPCO\XPCO\MIP\PlatformPlugin\VideoOS.Platform\src\Proxy\ConfigApi\ConfigurationApiItemWrapper.cs:line 104&#xD;
   at VideoOS.Platform.ConfigurationItems.Factory.IsItemTypeSupported(ServerId serverId, String itemType) in D:\actions-runner\_work\XPCO\XPCO\MIP\PlatformPlugin\VideoOS.Platform\src\ConfigurationItems\Factory.cs:line 464&#xD;
MIP: Error: LoginServerOauth (): https://1.2.3.5:55/ManagementServer/ServerCommandServiceOAuth.svc The method or operation is not implemented.&#xD;
MIP: Error: ConfigurationApiItemWrapper (): ConfigAPI GetItem(): System.NotImplementedException, The method or operation is not implemented.&#xD;
MIP: Error: Factory.IsItemTypeSupported (): Exception source:      VideoOS.Platform.SDK.UnitTests&#xD;
Exception type:        System.NotImplementedException&#xD;
Exception message:     The method or operation is not implemented.&#xD;
Exception target site: GetItem&#xD;
   at VideoOS.Platform.SDKUnittest.EnvironmentTests.TestConfigurationClientService.GetItem(String path) in D:\actions-runner\_work\XPCO\XPCO\MIP\MIPSDK\tst\VideoOS.Platform.SDK.UnitTests\EnvironmentTests\TestsWithCorporateShimsBase.cs:line 227&#xD;
   at VideoOS.Platform.Proxy.ConfigApi.ConfigurationApiItemWrapper..ctor(ServerId serverId, String path) in D:\actions-runner\_work\XPCO\XPCO\MIP\PlatformPlugin\VideoOS.Platform\src\Proxy\ConfigApi\ConfigurationApiItemWrapper.cs:line 104&#xD;
   at VideoOS.Platform.ConfigurationItems.Factory.IsItemTypeSupported(ServerId serverId, String itemType) in D:\actions-runner\_work\XPCO\XPCO\MIP\PlatformPlugin\VideoOS.Platform\src\ConfigurationItems\Factory.cs:line 464&#xD;
&#xD;
Factory.IsItemTypeSupportedFactory.IsItemTypeSupported ()The method or operation is not implemented.   at VideoOS.Platform.SDKUnittest.EnvironmentTests.TestConfigurationClientService.GetItem(String path) in D:\actions-runner\_work\XPCO\XPCO\MIP\MIPSDK\tst\VideoOS.Platform.SDK.UnitTests\EnvironmentTests\TestsWithCorporateShimsBase.cs:line 227&#xD;
   at VideoOS.Platform.Proxy.ConfigApi.ConfigurationApiItemWrapper..ctor(ServerId serverId, String path) in D:\actions-runner\_work\XPCO\XPCO\MIP\PlatformPlugin\VideoOS.Platform\src\Proxy\ConfigApi\ConfigurationApiItemWrapper.cs:line 104&#xD;
   at VideoOS.Platform.ConfigurationItems.Factory.IsItemTypeSupported(ServerId serverId, String itemType) in D:\actions-runner\_work\XPCO\XPCO\MIP\PlatformPlugin\VideoOS.Platform\src\ConfigurationItems\Factory.cs:line 464&#xD;
MIP: Error: GetConfiguration (): CustomSetting not found for the given platformDefinitionId: e145597a-ecaf-40a1-99e6-14bb9d45a09e&#xD;
MIP: Error: ConfigurationApiItemWrapper (): ConfigAPI GetItem(): System.NotImplementedException, The method or operation is not implemented.&#xD;
MIP: Error: Factory.IsItemTypeSupported (): Exception source:      VideoOS.Platform.SDK.UnitTests&#xD;
Exception type:        System.NotImplementedException&#xD;
Exception message:     The method or operation is not implemented.&#xD;
Exception target site: GetItem&#xD;
   at VideoOS.Platform.SDKUnittest.EnvironmentTests.TestConfigurationClientService.GetItem(String path) in D:\actions-runner\_work\XPCO\XPCO\MIP\MIPSDK\tst\VideoOS.Platform.SDK.UnitTests\EnvironmentTests\TestsWithCorporateShimsBase.cs:line 227&#xD;
   at VideoOS.Platform.Proxy.ConfigApi.ConfigurationApiItemWrapper..ctor(ServerId serverId, String path) in D:\actions-runner\_work\XPCO\XPCO\MIP\PlatformPlugin\VideoOS.Platform\src\Proxy\ConfigApi\ConfigurationApiItemWrapper.cs:line 104&#xD;
   at VideoOS.Platform.ConfigurationItems.Factory.IsItemTypeSupported(ServerId serverId, String itemType) in D:\actions-runner\_work\XPCO\XPCO\MIP\PlatformPlugin\VideoOS.Platform\src\ConfigurationItems\Factory.cs:line 464&#xD;
&#xD;
Factory.IsItemTypeSupportedFactory.IsItemTypeSupported ()The method or operation is not implemented.   at VideoOS.Platform.SDKUnittest.EnvironmentTests.TestConfigurationClientService.GetItem(String path) in D:\actions-runner\_work\XPCO\XPCO\MIP\MIPSDK\tst\VideoOS.Platform.SDK.UnitTests\EnvironmentTests\TestsWithCorporateShimsBase.cs:line 227&#xD;
   at VideoOS.Platform.Proxy.ConfigApi.ConfigurationApiItemWrapper..ctor(ServerId serverId, String path) in D:\actions-runner\_work\XPCO\XPCO\MIP\PlatformPlugin\VideoOS.Platform\src\Proxy\ConfigApi\ConfigurationApiItemWrapper.cs:line 104&#xD;
   at VideoOS.Platform.ConfigurationItems.Factory.IsItemTypeSupported(ServerId serverId, String itemType) in D:\actions-runner\_work\XPCO\XPCO\MIP\PlatformPlugin\VideoOS.Platform\src\ConfigurationItems\Factory.cs:line 464&#xD;
MIP: Error: LoginServerOauth (): https://1.2.3.5:55/ManagementServer/ServerCommandServiceOAuth.svc The method or operation is not implemented.&#xD;
MIP: Error: ConfigurationApiItemWrapper (): ConfigAPI GetItem(): System.NotImplementedException, The method or operation is not implemented.&#xD;
MIP: Error: Factory.IsItemTypeSupported (): Exception source:      VideoOS.Platform.SDK.UnitTests&#xD;
Exception type:        System.NotImplementedException&#xD;
Exception message:     The method or operation is not implemented.&#xD;
Exception target site: GetItem&#xD;
   at VideoOS.Platform.SDKUnittest.EnvironmentTests.TestConfigurationClientService.GetItem(String path) in D:\actions-runner\_work\XPCO\XPCO\MIP\MIPSDK\tst\VideoOS.Platform.SDK.UnitTests\EnvironmentTests\TestsWithCorporateShimsBase.cs:line 227&#xD;
   at VideoOS.Platform.Proxy.ConfigApi.ConfigurationApiItemWrapper..ctor(ServerId serverId, String path) in D:\actions-runner\_work\XPCO\XPCO\MIP\PlatformPlugin\VideoOS.Platform\src\Proxy\ConfigApi\ConfigurationApiItemWrapper.cs:line 104&#xD;
   at VideoOS.Platform.ConfigurationItems.Factory.IsItemTypeSupported(ServerId serverId, String itemType) in D:\actions-runner\_work\XPCO\XPCO\MIP\PlatformPlugin\VideoOS.Platform\src\ConfigurationItems\Factory.cs:line 464&#xD;
&#xD;
Factory.IsItemTypeSupportedFactory.IsItemTypeSupported ()The method or operation is not implemented.   at VideoOS.Platform.SDKUnittest.EnvironmentTests.TestConfigurationClientService.GetItem(String path) in D:\actions-runner\_work\XPCO\XPCO\MIP\MIPSDK\tst\VideoOS.Platform.SDK.UnitTests\EnvironmentTests\TestsWithCorporateShimsBase.cs:line 227&#xD;
   at VideoOS.Platform.Proxy.ConfigApi.ConfigurationApiItemWrapper..ctor(ServerId serverId, String path) in D:\actions-runner\_work\XPCO\XPCO\MIP\PlatformPlugin\VideoOS.Platform\src\Proxy\ConfigApi\ConfigurationApiItemWrapper.cs:line 104&#xD;
   at VideoOS.Platform.ConfigurationItems.Factory.IsItemTypeSupported(ServerId serverId, String itemType) in D:\actions-runner\_work\XPCO\XPCO\MIP\PlatformPlugin\VideoOS.Platform\src\ConfigurationItems\Factory.cs:line 464&#xD;
MIP: Error: ConfigurationApiItemWrapper (): ConfigAPI GetItem(): System.NotImplementedException, The method or operation is not implemented.&#xD;
MIP: Error: Factory.IsItemTypeSupported (): Exception source:      VideoOS.Platform.SDK.UnitTests&#xD;
Exception type:        System.NotImplementedException&#xD;
Exception message:     The method or operation is not implemented.&#xD;
Exception target site: GetItem&#xD;
   at VideoOS.Platform.SDKUnittest.EnvironmentTests.TestConfigurationClientService.GetItem(String path) in D:\actions-runner\_work\XPCO\XPCO\MIP\MIPSDK\tst\VideoOS.Platform.SDK.UnitTests\EnvironmentTests\TestsWithCorporateShimsBase.cs:line 227&#xD;
   at VideoOS.Platform.Proxy.ConfigApi.ConfigurationApiItemWrapper..ctor(ServerId serverId, String path) in D:\actions-runner\_work\XPCO\XPCO\MIP\PlatformPlugin\VideoOS.Platform\src\Proxy\ConfigApi\ConfigurationApiItemWrapper.cs:line 104&#xD;
   at VideoOS.Platform.ConfigurationItems.Factory.IsItemTypeSupported(ServerId serverId, String itemType) in D:\actions-runner\_work\XPCO\XPCO\MIP\PlatformPlugin\VideoOS.Platform\src\ConfigurationItems\Factory.cs:line 464&#xD;
&#xD;
Factory.IsItemTypeSupportedFactory.IsItemTypeSupported ()The method or operation is not implemented.   at VideoOS.Platform.SDKUnittest.EnvironmentTests.TestConfigurationClientService.GetItem(String path) in D:\actions-runner\_work\XPCO\XPCO\MIP\MIPSDK\tst\VideoOS.Platform.SDK.UnitTests\EnvironmentTests\TestsWithCorporateShimsBase.cs:line 227&#xD;
   at VideoOS.Platform.Proxy.ConfigApi.ConfigurationApiItemWrapper..ctor(ServerId serverId, String path) in D:\actions-runner\_work\XPCO\XPCO\MIP\PlatformPlugin\VideoOS.Platform\src\Proxy\ConfigApi\ConfigurationApiItemWrapper.cs:line 104&#xD;
   at VideoOS.Platform.ConfigurationItems.Factory.IsItemTypeSupported(ServerId serverId, String itemType) in D:\actions-runner\_work\XPCO\XPCO\MIP\PlatformPlugin\VideoOS.Platform\src\ConfigurationItems\Factory.cs:line 464&#xD;
MIP: Error: LoginServerOauth (): https://1.2.3.5:55/ManagementServer/ServerCommandServiceOAuth.svc The method or operation is not implemented.&#xD;
MIP: Error: ConfigurationApiItemWrapper (): ConfigAPI GetItem(): System.NotImplementedException, The method or operation is not implemented.&#xD;
MIP: Error: Factory.IsItemTypeSupported (): Exception source:      VideoOS.Platform.SDK.UnitTests&#xD;
Exception type:        System.NotImplementedException&#xD;
Exception message:     The method or operation is not implemented.&#xD;
Exception target site: GetItem&#xD;
   at VideoOS.Platform.SDKUnittest.EnvironmentTests.TestConfigurationClientService.GetItem(String path) in D:\actions-runner\_work\XPCO\XPCO\MIP\MIPSDK\tst\VideoOS.Platform.SDK.UnitTests\EnvironmentTests\TestsWithCorporateShimsBase.cs:line 227&#xD;
   at VideoOS.Platform.Proxy.ConfigApi.ConfigurationApiItemWrapper..ctor(ServerId serverId, String path) in D:\actions-runner\_work\XPCO\XPCO\MIP\PlatformPlugin\VideoOS.Platform\src\Proxy\ConfigApi\ConfigurationApiItemWrapper.cs:line 104&#xD;
   at VideoOS.Platform.ConfigurationItems.Factory.IsItemTypeSupported(ServerId serverId, String itemType) in D:\actions-runner\_work\XPCO\XPCO\MIP\PlatformPlugin\VideoOS.Platform\src\ConfigurationItems\Factory.cs:line 464&#xD;
&#xD;
Factory.IsItemTypeSupportedFactory.IsItemTypeSupported ()The method or operation is not implemented.   at VideoOS.Platform.SDKUnittest.EnvironmentTests.TestConfigurationClientService.GetItem(String path) in D:\actions-runner\_work\XPCO\XPCO\MIP\MIPSDK\tst\VideoOS.Platform.SDK.UnitTests\EnvironmentTests\TestsWithCorporateShimsBase.cs:line 227&#xD;
   at VideoOS.Platform.Proxy.ConfigApi.ConfigurationApiItemWrapper..ctor(ServerId serverId, String path) in D:\actions-runner\_work\XPCO\XPCO\MIP\PlatformPlugin\VideoOS.Platform\src\Proxy\ConfigApi\ConfigurationApiItemWrapper.cs:line 104&#xD;
   at VideoOS.Platform.ConfigurationItems.Factory.IsItemTypeSupported(ServerId serverId, String itemType) in D:\actions-runner\_work\XPCO\XPCO\MIP\PlatformPlugin\VideoOS.Platform\src\ConfigurationItems\Factory.cs:line 464&#xD;
MIP: Error: GetConfiguration (): CustomSetting not found for the given platformDefinitionId: e145597a-ecaf-40a1-99e6-14bb9d45a09e&#xD;
MIP: Error: ConfigurationApiItemWrapper (): ConfigAPI GetItem(): System.NotImplementedException, The method or operation is not implemented.&#xD;
MIP: Error: Factory.IsItemTypeSupported (): Exception source:      VideoOS.Platform.SDK.UnitTests&#xD;
Exception type:        System.NotImplementedException&#xD;
Exception message:     The method or operation is not implemented.&#xD;
Exception target site: GetItem&#xD;
   at VideoOS.Platform.SDKUnittest.EnvironmentTests.TestConfigurationClientService.GetItem(String path) in D:\actions-runner\_work\XPCO\XPCO\MIP\MIPSDK\tst\VideoOS.Platform.SDK.UnitTests\EnvironmentTests\TestsWithCorporateShimsBase.cs:line 227&#xD;
   at VideoOS.Platform.Proxy.ConfigApi.ConfigurationApiItemWrapper..ctor(ServerId serverId, String path) in D:\actions-runner\_work\XPCO\XPCO\MIP\PlatformPlugin\VideoOS.Platform\src\Proxy\ConfigApi\ConfigurationApiItemWrapper.cs:line 104&#xD;
   at VideoOS.Platform.ConfigurationItems.Factory.IsItemTypeSupported(ServerId serverId, String itemType) in D:\actions-runner\_work\XPCO\XPCO\MIP\PlatformPlugin\VideoOS.Platform\src\ConfigurationItems\Factory.cs:line 464&#xD;
&#xD;
Factory.IsItemTypeSupportedFactory.IsItemTypeSupported ()The method or operation is not implemented.   at VideoOS.Platform.SDKUnittest.EnvironmentTests.TestConfigurationClientService.GetItem(String path) in D:\actions-runner\_work\XPCO\XPCO\MIP\MIPSDK\tst\VideoOS.Platform.SDK.UnitTests\EnvironmentTests\TestsWithCorporateShimsBase.cs:line 227&#xD;
   at VideoOS.Platform.Proxy.ConfigApi.ConfigurationApiItemWrapper..ctor(ServerId serverId, String path) in D:\actions-runner\_work\XPCO\XPCO\MIP\PlatformPlugin\VideoOS.Platform\src\Proxy\ConfigApi\ConfigurationApiItemWrapper.cs:line 104&#xD;
   at VideoOS.Platform.ConfigurationItems.Factory.IsItemTypeSupported(ServerId serverId, String itemType) in D:\actions-runner\_work\XPCO\XPCO\MIP\PlatformPlugin\VideoOS.Platform\src\ConfigurationItems\Factory.cs:line 464&#xD;
MIP: Error: LoginServerOauth (): https://1.2.3.5:55/ManagementServer/ServerCommandServiceOAuth.svc The method or operation is not implemented.&#xD;
MIP: Error: ConfigurationApiItemWrapper (): ConfigAPI GetItem(): System.NotImplementedException, The method or operation is not implemented.&#xD;
MIP: Error: Factory.IsItemTypeSupported (): Exception source:      VideoOS.Platform.SDK.UnitTests&#xD;
Exception type:        System.NotImplementedException&#xD;
Exception message:     The method or operation is not implemented.&#xD;
Exception target site: GetItem&#xD;
   at VideoOS.Platform.SDKUnittest.EnvironmentTests.TestConfigurationClientService.GetItem(String path) in D:\actions-runner\_work\XPCO\XPCO\MIP\MIPSDK\tst\VideoOS.Platform.SDK.UnitTests\EnvironmentTests\TestsWithCorporateShimsBase.cs:line 227&#xD;
   at VideoOS.Platform.Proxy.ConfigApi.ConfigurationApiItemWrapper..ctor(ServerId serverId, String path) in D:\actions-runner\_work\XPCO\XPCO\MIP\PlatformPlugin\VideoOS.Platform\src\Proxy\ConfigApi\ConfigurationApiItemWrapper.cs:line 104&#xD;
   at VideoOS.Platform.ConfigurationItems.Factory.IsItemTypeSupported(ServerId serverId, String itemType) in D:\actions-runner\_work\XPCO\XPCO\MIP\PlatformPlugin\VideoOS.Platform\src\ConfigurationItems\Factory.cs:line 464&#xD;
&#xD;
Factory.IsItemTypeSupportedFactory.IsItemTypeSupported ()The method or operation is not implemented.   at VideoOS.Platform.SDKUnittest.EnvironmentTests.TestConfigurationClientService.GetItem(String path) in D:\actions-runner\_work\XPCO\XPCO\MIP\MIPSDK\tst\VideoOS.Platform.SDK.UnitTests\EnvironmentTests\TestsWithCorporateShimsBase.cs:line 227&#xD;
   at VideoOS.Platform.Proxy.ConfigApi.ConfigurationApiItemWrapper..ctor(ServerId serverId, String path) in D:\actions-runner\_work\XPCO\XPCO\MIP\PlatformPlugin\VideoOS.Platform\src\Proxy\ConfigApi\ConfigurationApiItemWrapper.cs:line 104&#xD;
   at VideoOS.Platform.ConfigurationItems.Factory.IsItemTypeSupported(ServerId serverId, String itemType) in D:\actions-runner\_work\XPCO\XPCO\MIP\PlatformPlugin\VideoOS.Platform\src\ConfigurationItems\Factory.cs:line 464&#xD;
MIP: Error: ConfigurationApiItemWrapper (): ConfigAPI GetItem(): System.NotImplementedException, The method or operation is not implemented.&#xD;
MIP: Error: Factory.IsItemTypeSupported (): Exception source:      VideoOS.Platform.SDK.UnitTests&#xD;
Exception type:        System.NotImplementedException&#xD;
Exception message:     The method or operation is not implemented.&#xD;
Exception target site: GetItem&#xD;
   at VideoOS.Platform.SDKUnittest.EnvironmentTests.TestConfigurationClientService.GetItem(String path) in D:\actions-runner\_work\XPCO\XPCO\MIP\MIPSDK\tst\VideoOS.Platform.SDK.UnitTests\EnvironmentTests\TestsWithCorporateShimsBase.cs:line 227&#xD;
   at VideoOS.Platform.Proxy.ConfigApi.ConfigurationApiItemWrapper..ctor(ServerId serverId, String path) in D:\actions-runner\_work\XPCO\XPCO\MIP\PlatformPlugin\VideoOS.Platform\src\Proxy\ConfigApi\ConfigurationApiItemWrapper.cs:line 104&#xD;
   at VideoOS.Platform.ConfigurationItems.Factory.IsItemTypeSupported(ServerId serverId, String itemType) in D:\actions-runner\_work\XPCO\XPCO\MIP\PlatformPlugin\VideoOS.Platform\src\ConfigurationItems\Factory.cs:line 464&#xD;
&#xD;
Factory.IsItemTypeSupportedFactory.IsItemTypeSupported ()The method or operation is not implemented.   at VideoOS.Platform.SDKUnittest.EnvironmentTests.TestConfigurationClientService.GetItem(String path) in D:\actions-runner\_work\XPCO\XPCO\MIP\MIPSDK\tst\VideoOS.Platform.SDK.UnitTests\EnvironmentTests\TestsWithCorporateShimsBase.cs:line 227&#xD;
   at VideoOS.Platform.Proxy.ConfigApi.ConfigurationApiItemWrapper..ctor(ServerId serverId, String path) in D:\actions-runner\_work\XPCO\XPCO\MIP\PlatformPlugin\VideoOS.Platform\src\Proxy\ConfigApi\ConfigurationApiItemWrapper.cs:line 104&#xD;
   at VideoOS.Platform.ConfigurationItems.Factory.IsItemTypeSupported(ServerId serverId, String itemType) in D:\actions-runner\_work\XPCO\XPCO\MIP\PlatformPlugin\VideoOS.Platform\src\ConfigurationItems\Factory.cs:line 464&#xD;
MIP: Error: LoginServerOauth (): https://1.2.3.5:55/ManagementServer/ServerCommandServiceOAuth.svc The method or operation is not implemented.&#xD;
MIP: Error: ConfigurationApiItemWrapper (): ConfigAPI GetItem(): System.NotImplementedException, The method or operation is not implemented.&#xD;
MIP: Error: Factory.IsItemTypeSupported (): Exception source:      VideoOS.Platform.SDK.UnitTests&#xD;
Exception type:        System.NotImplementedException&#xD;
Exception message:     The method or operation is not implemented.&#xD;
Exception target site: GetItem&#xD;
   at VideoOS.Platform.SDKUnittest.EnvironmentTests.TestConfigurationClientService.GetItem(String path) in D:\actions-runner\_work\XPCO\XPCO\MIP\MIPSDK\tst\VideoOS.Platform.SDK.UnitTests\EnvironmentTests\TestsWithCorporateShimsBase.cs:line 227&#xD;
   at VideoOS.Platform.Proxy.ConfigApi.ConfigurationApiItemWrapper..ctor(ServerId serverId, String path) in D:\actions-runner\_work\XPCO\XPCO\MIP\PlatformPlugin\VideoOS.Platform\src\Proxy\ConfigApi\ConfigurationApiItemWrapper.cs:line 104&#xD;
   at VideoOS.Platform.ConfigurationItems.Factory.IsItemTypeSupported(ServerId serverId, String itemType) in D:\actions-runner\_work\XPCO\XPCO\MIP\PlatformPlugin\VideoOS.Platform\src\ConfigurationItems\Factory.cs:line 464&#xD;
&#xD;
Factory.IsItemTypeSupportedFactory.IsItemTypeSupported ()The method or operation is not implemented.   at VideoOS.Platform.SDKUnittest.EnvironmentTests.TestConfigurationClientService.GetItem(String path) in D:\actions-runner\_work\XPCO\XPCO\MIP\MIPSDK\tst\VideoOS.Platform.SDK.UnitTests\EnvironmentTests\TestsWithCorporateShimsBase.cs:line 227&#xD;
   at VideoOS.Platform.Proxy.ConfigApi.ConfigurationApiItemWrapper..ctor(ServerId serverId, String path) in D:\actions-runner\_work\XPCO\XPCO\MIP\PlatformPlugin\VideoOS.Platform\src\Proxy\ConfigApi\ConfigurationApiItemWrapper.cs:line 104&#xD;
   at VideoOS.Platform.ConfigurationItems.Factory.IsItemTypeSupported(ServerId serverId, String itemType) in D:\actions-runner\_work\XPCO\XPCO\MIP\PlatformPlugin\VideoOS.Platform\src\ConfigurationItems\Factory.cs:line 464&#xD;
MIP: Error: GetConfiguration (): CustomSetting not found for the given platformDefinitionId: e145597a-ecaf-40a1-99e6-14bb9d45a09e&#xD;
MIP: Error: ConfigurationApiItemWrapper (): ConfigAPI GetItem(): System.NotImplementedException, The method or operation is not implemented.&#xD;
MIP: Error: Factory.IsItemTypeSupported (): Exception source:      VideoOS.Platform.SDK.UnitTests&#xD;
Exception type:        System.NotImplementedException&#xD;
Exception message:     The method or operation is not implemented.&#xD;
Exception target site: GetItem&#xD;
   at VideoOS.Platform.SDKUnittest.EnvironmentTests.TestConfigurationClientService.GetItem(String path) in D:\actions-runner\_work\XPCO\XPCO\MIP\MIPSDK\tst\VideoOS.Platform.SDK.UnitTests\EnvironmentTests\TestsWithCorporateShimsBase.cs:line 227&#xD;
   at VideoOS.Platform.Proxy.ConfigApi.ConfigurationApiItemWrapper..ctor(ServerId serverId, String path) in D:\actions-runner\_work\XPCO\XPCO\MIP\PlatformPlugin\VideoOS.Platform\src\Proxy\ConfigApi\ConfigurationApiItemWrapper.cs:line 104&#xD;
   at VideoOS.Platform.ConfigurationItems.Factory.IsItemTypeSupported(ServerId serverId, String itemType) in D:\actions-runner\_work\XPCO\XPCO\MIP\PlatformPlugin\VideoOS.Platform\src\ConfigurationItems\Factory.cs:line 464&#xD;
&#xD;
Factory.IsItemTypeSupportedFactory.IsItemTypeSupported ()The method or operation is not implemented.   at VideoOS.Platform.SDKUnittest.EnvironmentTests.TestConfigurationClientService.GetItem(String path) in D:\actions-runner\_work\XPCO\XPCO\MIP\MIPSDK\tst\VideoOS.Platform.SDK.UnitTests\EnvironmentTests\TestsWithCorporateShimsBase.cs:line 227&#xD;
   at VideoOS.Platform.Proxy.ConfigApi.ConfigurationApiItemWrapper..ctor(ServerId serverId, String path) in D:\actions-runner\_work\XPCO\XPCO\MIP\PlatformPlugin\VideoOS.Platform\src\Proxy\ConfigApi\ConfigurationApiItemWrapper.cs:line 104&#xD;
   at VideoOS.Platform.ConfigurationItems.Factory.IsItemTypeSupported(ServerId serverId, String itemType) in D:\actions-runner\_work\XPCO\XPCO\MIP\PlatformPlugin\VideoOS.Platform\src\ConfigurationItems\Factory.cs:line 464&#xD;
MIP: Error: LoginServerOauth (): https://1.2.3.5:55/ManagementServer/ServerCommandServiceOAuth.svc The method or operation is not implemented.&#xD;
MIP: Error: ConfigurationApiItemWrapper (): ConfigAPI GetItem(): System.NotImplementedException, The method or operation is not implemented.&#xD;
MIP: Error: Factory.IsItemTypeSupported (): Exception source:      VideoOS.Platform.SDK.UnitTests&#xD;
Exception type:        System.NotImplementedException&#xD;
Exception message:     The method or operation is not implemented.&#xD;
Exception target site: GetItem&#xD;
   at VideoOS.Platform.SDKUnittest.EnvironmentTests.TestConfigurationClientService.GetItem(String path) in D:\actions-runner\_work\XPCO\XPCO\MIP\MIPSDK\tst\VideoOS.Platform.SDK.UnitTests\EnvironmentTests\TestsWithCorporateShimsBase.cs:line 227&#xD;
   at VideoOS.Platform.Proxy.ConfigApi.ConfigurationApiItemWrapper..ctor(ServerId serverId, String path) in D:\actions-runner\_work\XPCO\XPCO\MIP\PlatformPlugin\VideoOS.Platform\src\Proxy\ConfigApi\ConfigurationApiItemWrapper.cs:line 104&#xD;
   at VideoOS.Platform.ConfigurationItems.Factory.IsItemTypeSupported(ServerId serverId, String itemType) in D:\actions-runner\_work\XPCO\XPCO\MIP\PlatformPlugin\VideoOS.Platform\src\ConfigurationItems\Factory.cs:line 464&#xD;
&#xD;
Factory.IsItemTypeSupportedFactory.IsItemTypeSupported ()The method or operation is not implemented.   at VideoOS.Platform.SDKUnittest.EnvironmentTests.TestConfigurationClientService.GetItem(String path) in D:\actions-runner\_work\XPCO\XPCO\MIP\MIPSDK\tst\VideoOS.Platform.SDK.UnitTests\EnvironmentTests\TestsWithCorporateShimsBase.cs:line 227&#xD;
   at VideoOS.Platform.Proxy.ConfigApi.ConfigurationApiItemWrapper..ctor(ServerId serverId, String path) in D:\actions-runner\_work\XPCO\XPCO\MIP\PlatformPlugin\VideoOS.Platform\src\Proxy\ConfigApi\ConfigurationApiItemWrapper.cs:line 104&#xD;
   at VideoOS.Platform.ConfigurationItems.Factory.IsItemTypeSupported(ServerId serverId, String itemType) in D:\actions-runner\_work\XPCO\XPCO\MIP\PlatformPlugin\VideoOS.Platform\src\ConfigurationItems\Factory.cs:line 464&#xD;
MIP: Error: ConfigurationApiItemWrapper (): ConfigAPI GetItem(): System.NotImplementedException, The method or operation is not implemented.&#xD;
MIP: Error: Factory.IsItemTypeSupported (): Exception source:      VideoOS.Platform.SDK.UnitTests&#xD;
Exception type:        System.NotImplementedException&#xD;
Exception message:     The method or operation is not implemented.&#xD;
Exception target site: GetItem&#xD;
   at VideoOS.Platform.SDKUnittest.EnvironmentTests.TestConfigurationClientService.GetItem(String path) in D:\actions-runner\_work\XPCO\XPCO\MIP\MIPSDK\tst\VideoOS.Platform.SDK.UnitTests\EnvironmentTests\TestsWithCorporateShimsBase.cs:line 227&#xD;
   at VideoOS.Platform.Proxy.ConfigApi.ConfigurationApiItemWrapper..ctor(ServerId serverId, String path) in D:\actions-runner\_work\XPCO\XPCO\MIP\PlatformPlugin\VideoOS.Platform\src\Proxy\ConfigApi\ConfigurationApiItemWrapper.cs:line 104&#xD;
   at VideoOS.Platform.ConfigurationItems.Factory.IsItemTypeSupported(ServerId serverId, String itemType) in D:\actions-runner\_work\XPCO\XPCO\MIP\PlatformPlugin\VideoOS.Platform\src\ConfigurationItems\Factory.cs:line 464&#xD;
&#xD;
Factory.IsItemTypeSupportedFactory.IsItemTypeSupported ()The method or operation is not implemented.   at VideoOS.Platform.SDKUnittest.EnvironmentTests.TestConfigurationClientService.GetItem(String path) in D:\actions-runner\_work\XPCO\XPCO\MIP\MIPSDK\tst\VideoOS.Platform.SDK.UnitTests\EnvironmentTests\TestsWithCorporateShimsBase.cs:line 227&#xD;
   at VideoOS.Platform.Proxy.ConfigApi.ConfigurationApiItemWrapper..ctor(ServerId serverId, String path) in D:\actions-runner\_work\XPCO\XPCO\MIP\PlatformPlugin\VideoOS.Platform\src\Proxy\ConfigApi\ConfigurationApiItemWrapper.cs:line 104&#xD;
   at VideoOS.Platform.ConfigurationItems.Factory.IsItemTypeSupported(ServerId serverId, String itemType) in D:\actions-runner\_work\XPCO\XPCO\MIP\PlatformPlugin\VideoOS.Platform\src\ConfigurationItems\Factory.cs:line 464&#xD;
MIP: Error: LoginServerOauth (): https://1.2.3.5:55/ManagementServer/ServerCommandServiceOAuth.svc The method or operation is not implemented.&#xD;
MIP: Error: ConfigurationApiItemWrapper (): ConfigAPI GetItem(): System.NotImplementedException, The method or operation is not implemented.&#xD;
MIP: Error: Factory.IsItemTypeSupported (): Exception source:      VideoOS.Platform.SDK.UnitTests&#xD;
Exception type:        System.NotImplementedException&#xD;
Exception message:     The method or operation is not implemented.&#xD;
Exception target site: GetItem&#xD;
   at VideoOS.Platform.SDKUnittest.EnvironmentTests.TestConfigurationClientService.GetItem(String path) in D:\actions-runner\_work\XPCO\XPCO\MIP\MIPSDK\tst\VideoOS.Platform.SDK.UnitTests\EnvironmentTests\TestsWithCorporateShimsBase.cs:line 227&#xD;
   at VideoOS.Platform.Proxy.ConfigApi.ConfigurationApiItemWrapper..ctor(ServerId serverId, String path) in D:\actions-runner\_work\XPCO\XPCO\MIP\PlatformPlugin\VideoOS.Platform\src\Proxy\ConfigApi\ConfigurationApiItemWrapper.cs:line 104&#xD;
   at VideoOS.Platform.ConfigurationItems.Factory.IsItemTypeSupported(ServerId serverId, String itemType) in D:\actions-runner\_work\XPCO\XPCO\MIP\PlatformPlugin\VideoOS.Platform\src\ConfigurationItems\Factory.cs:line 464&#xD;
&#xD;
Factory.IsItemTypeSupportedFactory.IsItemTypeSupported ()The method or operation is not implemented.   at VideoOS.Platform.SDKUnittest.EnvironmentTests.TestConfigurationClientService.GetItem(String path) in D:\actions-runner\_work\XPCO\XPCO\MIP\MIPSDK\tst\VideoOS.Platform.SDK.UnitTests\EnvironmentTests\TestsWithCorporateShimsBase.cs:line 227&#xD;
   at VideoOS.Platform.Proxy.ConfigApi.ConfigurationApiItemWrapper..ctor(ServerId serverId, String path) in D:\actions-runner\_work\XPCO\XPCO\MIP\PlatformPlugin\VideoOS.Platform\src\Proxy\ConfigApi\ConfigurationApiItemWrapper.cs:line 104&#xD;
   at VideoOS.Platform.ConfigurationItems.Factory.IsItemTypeSupported(ServerId serverId, String itemType) in D:\actions-runner\_work\XPCO\XPCO\MIP\PlatformPlugin\VideoOS.Platform\src\ConfigurationItems\Factory.cs:line 464&#xD;
MIP: Error: GetConfiguration (): CustomSetting not found for the given platformDefinitionId: e145597a-ecaf-40a1-99e6-14bb9d45a09e&#xD;
MIP: Error: ConfigurationApiItemWrapper (): ConfigAPI GetItem(): System.NotImplementedException, The method or operation is not implemented.&#xD;
MIP: Error: Factory.IsItemTypeSupported (): Exception source:      VideoOS.Platform.SDK.UnitTests&#xD;
Exception type:        System.NotImplementedException&#xD;
Exception message:     The method or operation is not implemented.&#xD;
Exception target site: GetItem&#xD;
   at VideoOS.Platform.SDKUnittest.EnvironmentTests.TestConfigurationClientService.GetItem(String path) in D:\actions-runner\_work\XPCO\XPCO\MIP\MIPSDK\tst\VideoOS.Platform.SDK.UnitTests\EnvironmentTests\TestsWithCorporateShimsBase.cs:line 227&#xD;
   at VideoOS.Platform.Proxy.ConfigApi.ConfigurationApiItemWrapper..ctor(ServerId serverId, String path) in D:\actions-runner\_work\XPCO\XPCO\MIP\PlatformPlugin\VideoOS.Platform\src\Proxy\ConfigApi\ConfigurationApiItemWrapper.cs:line 104&#xD;
   at VideoOS.Platform.ConfigurationItems.Factory.IsItemTypeSupported(ServerId serverId, String itemType) in D:\actions-runner\_work\XPCO\XPCO\MIP\PlatformPlugin\VideoOS.Platform\src\ConfigurationItems\Factory.cs:line 464&#xD;
&#xD;
Factory.IsItemTypeSupportedFactory.IsItemTypeSupported ()The method or operation is not implemented.   at VideoOS.Platform.SDKUnittest.EnvironmentTests.TestConfigurationClientService.GetItem(String path) in D:\actions-runner\_work\XPCO\XPCO\MIP\MIPSDK\tst\VideoOS.Platform.SDK.UnitTests\EnvironmentTests\TestsWithCorporateShimsBase.cs:line 227&#xD;
   at VideoOS.Platform.Proxy.ConfigApi.ConfigurationApiItemWrapper..ctor(ServerId serverId, String path) in D:\actions-runner\_work\XPCO\XPCO\MIP\PlatformPlugin\VideoOS.Platform\src\Proxy\ConfigApi\ConfigurationApiItemWrapper.cs:line 104&#xD;
   at VideoOS.Platform.ConfigurationItems.Factory.IsItemTypeSupported(ServerId serverId, String itemType) in D:\actions-runner\_work\XPCO\XPCO\MIP\PlatformPlugin\VideoOS.Platform\src\ConfigurationItems\Factory.cs:line 464&#xD;
MIP: Error: LoginServerOauth (): https://1.2.3.5:55/ManagementServer/ServerCommandServiceOAuth.svc The method or operation is not implemented.&#xD;
MIP: Error: ConfigurationApiItemWrapper (): ConfigAPI GetItem(): System.NotImplementedException, The method or operation is not implemented.&#xD;
MIP: Error: Factory.IsItemTypeSupported (): Exception source:      VideoOS.Platform.SDK.UnitTests&#xD;
Exception type:        System.NotImplementedException&#xD;
Exception message:     The method or operation is not implemented.&#xD;
Exception target site: GetItem&#xD;
   at VideoOS.Platform.SDKUnittest.EnvironmentTests.TestConfigurationClientService.GetItem(String path) in D:\actions-runner\_work\XPCO\XPCO\MIP\MIPSDK\tst\VideoOS.Platform.SDK.UnitTests\EnvironmentTests\TestsWithCorporateShimsBase.cs:line 227&#xD;
   at VideoOS.Platform.Proxy.ConfigApi.ConfigurationApiItemWrapper..ctor(ServerId serverId, String path) in D:\actions-runner\_work\XPCO\XPCO\MIP\PlatformPlugin\VideoOS.Platform\src\Proxy\ConfigApi\ConfigurationApiItemWrapper.cs:line 104&#xD;
   at VideoOS.Platform.ConfigurationItems.Factory.IsItemTypeSupported(ServerId serverId, String itemType) in D:\actions-runner\_work\XPCO\XPCO\MIP\PlatformPlugin\VideoOS.Platform\src\ConfigurationItems\Factory.cs:line 464&#xD;
&#xD;
Factory.IsItemTypeSupportedFactory.IsItemTypeSupported ()The method or operation is not implemented.   at VideoOS.Platform.SDKUnittest.EnvironmentTests.TestConfigurationClientService.GetItem(String path) in D:\actions-runner\_work\XPCO\XPCO\MIP\MIPSDK\tst\VideoOS.Platform.SDK.UnitTests\EnvironmentTests\TestsWithCorporateShimsBase.cs:line 227&#xD;
   at VideoOS.Platform.Proxy.ConfigApi.ConfigurationApiItemWrapper..ctor(ServerId serverId, String path) in D:\actions-runner\_work\XPCO\XPCO\MIP\PlatformPlugin\VideoOS.Platform\src\Proxy\ConfigApi\ConfigurationApiItemWrapper.cs:line 104&#xD;
   at VideoOS.Platform.ConfigurationItems.Factory.IsItemTypeSupported(ServerId serverId, String itemType) in D:\actions-runner\_work\XPCO\XPCO\MIP\PlatformPlugin\VideoOS.Platform\src\ConfigurationItems\Factory.cs:line 464&#xD;
MIP: Error: ConfigurationApiItemWrapper (): ConfigAPI GetItem(): System.NotImplementedException, The method or operation is not implemented.&#xD;
MIP: Error: Factory.IsItemTypeSupported (): Exception source:      VideoOS.Platform.SDK.UnitTests&#xD;
Exception type:        System.NotImplementedException&#xD;
Exception message:     The method or operation is not implemented.&#xD;
Exception target site: GetItem&#xD;
   at VideoOS.Platform.SDKUnittest.EnvironmentTests.TestConfigurationClientService.GetItem(String path) in D:\actions-runner\_work\XPCO\XPCO\MIP\MIPSDK\tst\VideoOS.Platform.SDK.UnitTests\EnvironmentTests\TestsWithCorporateShimsBase.cs:line 227&#xD;
   at VideoOS.Platform.Proxy.ConfigApi.ConfigurationApiItemWrapper..ctor(ServerId serverId, String path) in D:\actions-runner\_work\XPCO\XPCO\MIP\PlatformPlugin\VideoOS.Platform\src\Proxy\ConfigApi\ConfigurationApiItemWrapper.cs:line 104&#xD;
   at VideoOS.Platform.ConfigurationItems.Factory.IsItemTypeSupported(ServerId serverId, String itemType) in D:\actions-runner\_work\XPCO\XPCO\MIP\PlatformPlugin\VideoOS.Platform\src\ConfigurationItems\Factory.cs:line 464&#xD;
&#xD;
Factory.IsItemTypeSupportedFactory.IsItemTypeSupported ()The method or operation is not implemented.   at VideoOS.Platform.SDKUnittest.EnvironmentTests.TestConfigurationClientService.GetItem(String path) in D:\actions-runner\_work\XPCO\XPCO\MIP\MIPSDK\tst\VideoOS.Platform.SDK.UnitTests\EnvironmentTests\TestsWithCorporateShimsBase.cs:line 227&#xD;
   at VideoOS.Platform.Proxy.ConfigApi.ConfigurationApiItemWrapper..ctor(ServerId serverId, String path) in D:\actions-runner\_work\XPCO\XPCO\MIP\PlatformPlugin\VideoOS.Platform\src\Proxy\ConfigApi\ConfigurationApiItemWrapper.cs:line 104&#xD;
   at VideoOS.Platform.ConfigurationItems.Factory.IsItemTypeSupported(ServerId serverId, String itemType) in D:\actions-runner\_work\XPCO\XPCO\MIP\PlatformPlugin\VideoOS.Platform\src\ConfigurationItems\Factory.cs:line 464&#xD;
MIP: Error: LoginServerOauth (): https://1.2.3.5:55/ManagementServer/ServerCommandServiceOAuth.svc The method or operation is not implemented.&#xD;
MIP: Error: ConfigurationApiItemWrapper (): ConfigAPI GetItem(): System.NotImplementedException, The method or operation is not implemented.&#xD;
MIP: Error: Factory.IsItemTypeSupported (): Exception source:      VideoOS.Platform.SDK.UnitTests&#xD;
Exception type:        System.NotImplementedException&#xD;
Exception message:     The method or operation is not implemented.&#xD;
Exception target site: GetItem&#xD;
   at VideoOS.Platform.SDKUnittest.EnvironmentTests.TestConfigurationClientService.GetItem(String path) in D:\actions-runner\_work\XPCO\XPCO\MIP\MIPSDK\tst\VideoOS.Platform.SDK.UnitTests\EnvironmentTests\TestsWithCorporateShimsBase.cs:line 227&#xD;
   at VideoOS.Platform.Proxy.ConfigApi.ConfigurationApiItemWrapper..ctor(ServerId serverId, String path) in D:\actions-runner\_work\XPCO\XPCO\MIP\PlatformPlugin\VideoOS.Platform\src\Proxy\ConfigApi\ConfigurationApiItemWrapper.cs:line 104&#xD;
   at VideoOS.Platform.ConfigurationItems.Factory.IsItemTypeSupported(ServerId serverId, String itemType) in D:\actions-runner\_work\XPCO\XPCO\MIP\PlatformPlugin\VideoOS.Platform\src\ConfigurationItems\Factory.cs:line 464&#xD;
&#xD;
Factory.IsItemTypeSupportedFactory.IsItemTypeSupported ()The method or operation is not implemented.   at VideoOS.Platform.SDKUnittest.EnvironmentTests.TestConfigurationClientService.GetItem(String path) in D:\actions-runner\_work\XPCO\XPCO\MIP\MIPSDK\tst\VideoOS.Platform.SDK.UnitTests\EnvironmentTests\TestsWithCorporateShimsBase.cs:line 227&#xD;
   at VideoOS.Platform.Proxy.ConfigApi.ConfigurationApiItemWrapper..ctor(ServerId serverId, String path) in D:\actions-runner\_work\XPCO\XPCO\MIP\PlatformPlugin\VideoOS.Platform\src\Proxy\ConfigApi\ConfigurationApiItemWrapper.cs:line 104&#xD;
   at VideoOS.Platform.ConfigurationItems.Factory.IsItemTypeSupported(ServerId serverId, String itemType) in D:\actions-runner\_work\XPCO\XPCO\MIP\PlatformPlugin\VideoOS.Platform\src\ConfigurationItems\Factory.cs:line 464&#xD;
MIP: Error: GetConfiguration (): CustomSetting not found for the given platformDefinitionId: e145597a-ecaf-40a1-99e6-14bb9d45a09e&#xD;
MIP: Error: ConfigurationApiItemWrapper (): ConfigAPI GetItem(): System.NotImplementedException, The method or operation is not implemented.&#xD;
MIP: Error: Factory.IsItemTypeSupported (): Exception source:      VideoOS.Platform.SDK.UnitTests&#xD;
Exception type:        System.NotImplementedException&#xD;
Exception message:     The method or operation is not implemented.&#xD;
Exception target site: GetItem&#xD;
   at VideoOS.Platform.SDKUnittest.EnvironmentTests.TestConfigurationClientService.GetItem(String path) in D:\actions-runner\_work\XPCO\XPCO\MIP\MIPSDK\tst\VideoOS.Platform.SDK.UnitTests\EnvironmentTests\TestsWithCorporateShimsBase.cs:line 227&#xD;
   at VideoOS.Platform.Proxy.ConfigApi.ConfigurationApiItemWrapper..ctor(ServerId serverId, String path) in D:\actions-runner\_work\XPCO\XPCO\MIP\PlatformPlugin\VideoOS.Platform\src\Proxy\ConfigApi\ConfigurationApiItemWrapper.cs:line 104&#xD;
   at VideoOS.Platform.ConfigurationItems.Factory.IsItemTypeSupported(ServerId serverId, String itemType) in D:\actions-runner\_work\XPCO\XPCO\MIP\PlatformPlugin\VideoOS.Platform\src\ConfigurationItems\Factory.cs:line 464&#xD;
&#xD;
Factory.IsItemTypeSupportedFactory.IsItemTypeSupported ()The method or operation is not implemented.   at VideoOS.Platform.SDKUnittest.EnvironmentTests.TestConfigurationClientService.GetItem(String path) in D:\actions-runner\_work\XPCO\XPCO\MIP\MIPSDK\tst\VideoOS.Platform.SDK.UnitTests\EnvironmentTests\TestsWithCorporateShimsBase.cs:line 227&#xD;
   at VideoOS.Platform.Proxy.ConfigApi.ConfigurationApiItemWrapper..ctor(ServerId serverId, String path) in D:\actions-runner\_work\XPCO\XPCO\MIP\PlatformPlugin\VideoOS.Platform\src\Proxy\ConfigApi\ConfigurationApiItemWrapper.cs:line 104&#xD;
   at VideoOS.Platform.ConfigurationItems.Factory.IsItemTypeSupported(ServerId serverId, String itemType) in D:\actions-runner\_work\XPCO\XPCO\MIP\PlatformPlugin\VideoOS.Platform\src\ConfigurationItems\Factory.cs:line 464&#xD;
MIP: Error: LoginServerOauth (): https://1.2.3.5:55/ManagementServer/ServerCommandServiceOAuth.svc The method or operation is not implemented.&#xD;
MIP: Error: ConfigurationApiItemWrapper (): ConfigAPI GetItem(): System.NotImplementedException, The method or operation is not implemented.&#xD;
MIP: Error: ConfigurationAsync::BuildTopLevelItems LoadPlugin Loop (): Exception source:      VideoOS.Platform.SDK.UnitTests&#xD;
Exception type:        System.NotImplementedException&#xD;
Exception message:     The method or operation is not implemented.&#xD;
Exception target site: GetItem&#xD;
   at VideoOS.Platform.SDKUnittest.EnvironmentTests.TestConfigurationClientService.GetItem(String path) in D:\actions-runner\_work\XPCO\XPCO\MIP\MIPSDK\tst\VideoOS.Platform.SDK.UnitTests\EnvironmentTests\TestsWithCorporateShimsBase.cs:line 227&#xD;
   at VideoOS.Platform.Proxy.ConfigApi.ConfigurationApiItemWrapper..ctor(ServerId serverId, String path) in D:\actions-runner\_work\XPCO\XPCO\MIP\PlatformPlugin\VideoOS.Platform\src\Proxy\ConfigApi\ConfigurationApiItemWrapper.cs:line 104&#xD;
   at VideoOS.Platform.Util.VideoWall.LayoutGroupItemManager.GetItem(FQID fqid) in D:\actions-runner\_work\XPCO\XPCO\MIP\PlatformPlugin\VideoOS.Platform\src\Util\VideoWall\LayoutGroupItemManager.cs:line 57&#xD;
   at VideoOS.Platform.SDK.Platform.ConfigurationAsync.GetItems(Guid kind, ItemHierarchy itemHierarchy) in D:\actions-runner\_work\XPCO\XPCO\MIP\MIPSDK\prod\VideoOS.Platform.SDK\Platform\ConfigurationAsync.cs:line 163&#xD;
&#xD;
ConfigurationAsync::BuildTopLevelItems LoadPlugin LoopConfigurationAsync::BuildTopLevelItems LoadPlugin Loop ()The method or operation is not implemented.   at VideoOS.Platform.SDKUnittest.EnvironmentTests.TestConfigurationClientService.GetItem(String path) in D:\actions-runner\_work\XPCO\XPCO\MIP\MIPSDK\tst\VideoOS.Platform.SDK.UnitTests\EnvironmentTests\TestsWithCorporateShimsBase.cs:line 227&#xD;
   at VideoOS.Platform.Proxy.ConfigApi.ConfigurationApiItemWrapper..ctor(ServerId serverId, String path) in D:\actions-runner\_work\XPCO\XPCO\MIP\PlatformPlugin\VideoOS.Platform\src\Proxy\ConfigApi\ConfigurationApiItemWrapper.cs:line 104&#xD;
   at VideoOS.Platform.Util.VideoWall.LayoutGroupItemManager.GetItem(FQID fqid) in D:\actions-runner\_work\XPCO\XPCO\MIP\PlatformPlugin\VideoOS.Platform\src\Util\VideoWall\LayoutGroupItemManager.cs:line 57&#xD;
   at VideoOS.Platform.SDK.Platform.ConfigurationAsync.GetItems(Guid kind, ItemHierarchy itemHierarchy) in D:\actions-runner\_work\XPCO\XPCO\MIP\MIPSDK\prod\VideoOS.Platform.SDK\Platform\ConfigurationAsync.cs:line 163</StdOut>
      </Output>
    </UnitTestResult>
  </Results>
  <TestDefinitions>
    <UnitTest name="MergeCredentialCache_WhenAlreadyHasCredential_DoesntMerge" storage="d:\actions-runner\_work\xpco\xpco\allsolutions\..\mip\mipsdk\tst\videoos.platform.sdk.unittests\bin\x64\debug\net6.0-windows\videoos.platform.sdk.unittests.dll" id="d1e2ee3a-5497-84fa-1720-32c96fcd92e7">
      <Execution id="982c097a-c029-41f7-aa8e-c2112a92aa32" />
      <TestMethod codeBase="D:\actions-runner\_work\XPCO\XPCO\AllSolutions\..\MIP\MIPSDK\tst\VideoOS.Platform.SDK.UnitTests\bin\x64\Debug\net6.0-windows\VideoOS.Platform.SDK.UnitTests.dll" adapterTypeName="executor://mstestadapter/v2" className="VideoOS.Platform.SDKUnittest.PlatformTests.CredentialCacheServiceTest" name="MergeCredentialCache_WhenAlreadyHasCredential_DoesntMerge" />
    </UnitTest>
    <UnitTest name="Close_WhenNull_NoException" storage="d:\actions-runner\_work\xpco\xpco\allsolutions\..\mip\mipsdk\tst\videoos.platform.sdk.unittests\bin\x64\debug\net6.0-windows\videoos.platform.sdk.unittests.dll" id="01728557-d0ee-3bd0-5338-38b6c6daa989">
      <Execution id="856a8869-fb45-4086-a0a5-5b51e25bac4d" />
      <TestMethod codeBase="D:\actions-runner\_work\XPCO\XPCO\AllSolutions\..\MIP\MIPSDK\tst\VideoOS.Platform.SDK.UnitTests\bin\x64\Debug\net6.0-windows\VideoOS.Platform.SDK.UnitTests.dll" adapterTypeName="executor://mstestadapter/v2" className="VideoOS.Platform.SDKUnittest.Facades.ClientControlFacadeTest" name="Close_WhenNull_NoException" />
    </UnitTest>
    <UnitTest name="Givent_MessageContainingEventWithData_When_CallingGetDataOfInCorrectType_Then_NOTE_NOTE_NOTE_ACompleteObjectIsReturned" storage="d:\actions-runner\_work\xpco\xpco\allsolutions\..\mip\mipsdk\tst\videoos.platform.sdk.unittests\bin\x64\debug\net6.0-windows\videoos.platform.sdk.unittests.dll" id="7f6a3e30-0edb-cef4-24b2-03a61d04ff8b">
      <Execution id="08b3d7a4-46e5-4e09-8fc0-c3d1f1b40d71" />
      <TestMethod codeBase="D:\actions-runner\_work\XPCO\XPCO\AllSolutions\..\MIP\MIPSDK\tst\VideoOS.Platform.SDK.UnitTests\bin\x64\Debug\net6.0-windows\VideoOS.Platform.SDK.UnitTests.dll" adapterTypeName="executor://mstestadapter/v2" className="VideoOS.Platform.SDKUnittest.EventsAndState.SerializationTests" name="Givent_MessageContainingEventWithData_When_CallingGetDataOfInCorrectType_Then_NOTE_NOTE_NOTE_ACompleteObjectIsReturned" />
    </UnitTest>
    <UnitTest name="TryCreateParentUri_WhenNoAuthHasCredential_ReturnsNull" storage="d:\actions-runner\_work\xpco\xpco\allsolutions\..\mip\mipsdk\tst\videoos.platform.sdk.unittests\bin\x64\debug\net6.0-windows\videoos.platform.sdk.unittests.dll" id="d3ce4a46-9062-5855-70fd-ebbcc2b0eafc">
      <Execution id="e5b6851a-7a85-4109-a111-07b77ade548a" />
      <TestMethod codeBase="D:\actions-runner\_work\XPCO\XPCO\AllSolutions\..\MIP\MIPSDK\tst\VideoOS.Platform.SDK.UnitTests\bin\x64\Debug\net6.0-windows\VideoOS.Platform.SDK.UnitTests.dll" adapterTypeName="executor://mstestadapter/v2" className="VideoOS.Platform.SDKUnittest.PlatformTests.CredentialCacheServiceTest" name="TryCreateParentUri_WhenNoAuthHasCredential_ReturnsNull" />
    </UnitTest>
    <UnitTest name="Unitialize_ShouldCallServiceReset" storage="d:\actions-runner\_work\xpco\xpco\allsolutions\..\mip\mipsdk\tst\videoos.platform.sdk.unittests\bin\x64\debug\net6.0-windows\videoos.platform.sdk.unittests.dll" id="ba5b86d5-401c-4e0a-f138-2c19e1e02c7f">
      <Execution id="a71533eb-2799-4bba-ab1f-c3c63b7bf408" />
      <TestMethod codeBase="D:\actions-runner\_work\XPCO\XPCO\AllSolutions\..\MIP\MIPSDK\tst\VideoOS.Platform.SDK.UnitTests\bin\x64\Debug\net6.0-windows\VideoOS.Platform.SDK.UnitTests.dll" adapterTypeName="executor://mstestadapter/v2" className="VideoOS.Platform.SDKUnittest.EnvironmentTest" name="Unitialize_ShouldCallServiceReset" />
    </UnitTest>
    <UnitTest name="XpcoGroupCheckInvalidParameters" storage="d:\actions-runner\_work\xpco\xpco\allsolutions\..\mip\mipsdk\tst\videoos.platform.sdk.unittests\bin\x64\debug\net6.0-windows\videoos.platform.sdk.unittests.dll" id="3b3bc144-1799-7620-fe3c-04bad5ec1510">
      <Execution id="1a4f737c-bda9-4960-b4b2-4d2d4cf6190b" />
      <TestMethod codeBase="D:\actions-runner\_work\XPCO\XPCO\AllSolutions\..\MIP\MIPSDK\tst\VideoOS.Platform.SDK.UnitTests\bin\x64\Debug\net6.0-windows\VideoOS.Platform.SDK.UnitTests.dll" adapterTypeName="executor://mstestadapter/v2" className="VideoOS.Platform.SDKUnittest.Configuration.XpcoConfigurationTest" name="XpcoGroupCheckInvalidParameters" />
    </UnitTest>
    <UnitTest name="XpcoCameraConfigTests" storage="d:\actions-runner\_work\xpco\xpco\allsolutions\..\mip\mipsdk\tst\videoos.platform.sdk.unittests\bin\x64\debug\net6.0-windows\videoos.platform.sdk.unittests.dll" id="d19447d6-1286-80a0-b9eb-927576af8553">
      <Execution id="a97fed14-7545-409d-b215-42922480be22" />
      <TestMethod codeBase="D:\actions-runner\_work\XPCO\XPCO\AllSolutions\..\MIP\MIPSDK\tst\VideoOS.Platform.SDK.UnitTests\bin\x64\Debug\net6.0-windows\VideoOS.Platform.SDK.UnitTests.dll" adapterTypeName="executor://mstestadapter/v2" className="VideoOS.Platform.SDKUnittest.Configuration.XpcoConfigurationTest" name="XpcoCameraConfigTests" />
    </UnitTest>
    <UnitTest name="Remove_Correct" storage="d:\actions-runner\_work\xpco\xpco\allsolutions\..\mip\mipsdk\tst\videoos.platform.sdk.unittests\bin\x64\debug\net6.0-windows\videoos.platform.sdk.unittests.dll" id="170542a8-dc94-1eae-8e61-7f4921b86749">
      <Execution id="2de93a29-bd3f-4b87-b1f0-e408220e04ed" />
      <TestMethod codeBase="D:\actions-runner\_work\XPCO\XPCO\AllSolutions\..\MIP\MIPSDK\tst\VideoOS.Platform.SDK.UnitTests\bin\x64\Debug\net6.0-windows\VideoOS.Platform.SDK.UnitTests.dll" adapterTypeName="executor://mstestadapter/v2" className="VideoOS.Platform.SDKUnittest.Facades.LoginSettingsCacheFacadeTest" name="Remove_Correct" />
    </UnitTest>
    <UnitTest name="CheckToLong" storage="d:\actions-runner\_work\xpco\xpco\allsolutions\..\mip\mipsdk\tst\videoos.platform.sdk.unittests\bin\x64\debug\net6.0-windows\videoos.platform.sdk.unittests.dll" id="ee90d5bb-7cd0-4c31-23ba-b62d71f38c15">
      <Execution id="738a9453-0ea4-40d6-bfc1-a13713461a09" />
      <TestMethod codeBase="D:\actions-runner\_work\XPCO\XPCO\AllSolutions\..\MIP\MIPSDK\tst\VideoOS.Platform.SDK.UnitTests\bin\x64\Debug\net6.0-windows\VideoOS.Platform.SDK.UnitTests.dll" adapterTypeName="executor://mstestadapter/v2" className="VideoOS.Platform.SDKUnittest.FeatureTests.TimeConverterTests" name="CheckToLong" />
    </UnitTest>
    <UnitTest name="ConnectionTask_ShouldNotResubscribe_WhenConnectionIsBroken_AndResumeSucceeds" storage="d:\actions-runner\_work\xpco\xpco\allsolutions\..\mip\mipsdk\tst\videoos.platform.sdk.unittests\bin\x64\debug\net6.0-windows\videoos.platform.sdk.unittests.dll" id="853f6915-20e9-72f8-b144-6b6c2f45bce5">
      <Execution id="37f8b63b-3d1a-42ca-b5a4-b8897aa54bd6" />
      <TestMethod codeBase="D:\actions-runner\_work\XPCO\XPCO\AllSolutions\..\MIP\MIPSDK\tst\VideoOS.Platform.SDK.UnitTests\bin\x64\Debug\net6.0-windows\VideoOS.Platform.SDK.UnitTests.dll" adapterTypeName="executor://mstestadapter/v2" className="VideoOS.Platform.SDKUnittest.EventsAndState.EventsAndStateSessionTest" name="ConnectionTask_ShouldNotResubscribe_WhenConnectionIsBroken_AndResumeSucceeds" />
    </UnitTest>
    <UnitTest name="IsLoggedIn_Correct" storage="d:\actions-runner\_work\xpco\xpco\allsolutions\..\mip\mipsdk\tst\videoos.platform.sdk.unittests\bin\x64\debug\net6.0-windows\videoos.platform.sdk.unittests.dll" id="15bcd984-07b3-3ad0-b259-4c4f5e06c1bd">
      <Execution id="9d63e371-8cc5-446c-89fa-c6c059f8356d" />
      <TestMethod codeBase="D:\actions-runner\_work\XPCO\XPCO\AllSolutions\..\MIP\MIPSDK\tst\VideoOS.Platform.SDK.UnitTests\bin\x64\Debug\net6.0-windows\VideoOS.Platform.SDK.UnitTests.dll" adapterTypeName="executor://mstestadapter/v2" className="VideoOS.Platform.SDKUnittest.EnvironmentServiceTest" name="IsLoggedIn_Correct" />
    </UnitTest>
    <UnitTest name="Initialize_ShouldReturnTrue_WhenMoreThanOneRecordingDeviceIsAvailable" storage="d:\actions-runner\_work\xpco\xpco\allsolutions\..\mip\mipsdk\tst\videoos.platform.sdk.unittests\bin\x64\debug\net6.0-windows\videoos.platform.sdk.unittests.dll" id="e2220ea1-70c7-777c-8e0a-b82f127b0354">
      <TestCategory>
        <TestCategoryItem TestCategory="AudioRecorder" />
      </TestCategory>
      <Execution id="a4186403-a471-4723-a359-8775579a0fc8" />
      <TestMethod codeBase="D:\actions-runner\_work\XPCO\XPCO\AllSolutions\..\MIP\MIPSDK\tst\VideoOS.Platform.SDK.UnitTests\bin\x64\Debug\net6.0-windows\VideoOS.Platform.SDK.UnitTests.dll" adapterTypeName="executor://mstestadapter/v2" className="VideoOS.Platform.SDKUnittest.Audio.AudioRecorderTests" name="Initialize_ShouldReturnTrue_WhenMoreThanOneRecordingDeviceIsAvailable" />
    </UnitTest>
    <UnitTest name="Given_Eventreceirveradded_When_EventReceiverRemoved_Then_EventsAreSentnoLongerSent" storage="d:\actions-runner\_work\xpco\xpco\allsolutions\..\mip\mipsdk\tst\videoos.platform.sdk.unittests\bin\x64\debug\net6.0-windows\videoos.platform.sdk.unittests.dll" id="1444c9ca-e73b-a5e6-f01f-53b0839e824f">
      <Execution id="d1996bbc-2800-45a5-ac7f-061ee89ed3e2" />
      <TestMethod codeBase="D:\actions-runner\_work\XPCO\XPCO\AllSolutions\..\MIP\MIPSDK\tst\VideoOS.Platform.SDK.UnitTests\bin\x64\Debug\net6.0-windows\VideoOS.Platform.SDK.UnitTests.dll" adapterTypeName="executor://mstestadapter/v2" className="VideoOS.Platform.SDKUnittest.EventsAndState.EventHandlerTest" name="Given_Eventreceirveradded_When_EventReceiverRemoved_Then_EventsAreSentnoLongerSent" />
    </UnitTest>
    <UnitTest name="Given_ReceivedMessageContainsCommandId_When_GetCommandId_ThenCommandIdIsReturned" storage="d:\actions-runner\_work\xpco\xpco\allsolutions\..\mip\mipsdk\tst\videoos.platform.sdk.unittests\bin\x64\debug\net6.0-windows\videoos.platform.sdk.unittests.dll" id="b42b975b-0563-7dc6-8812-756fcc2bafe7">
      <Execution id="7ef5b832-9328-4701-b8e4-2f5c7d72a787" />
      <TestMethod codeBase="D:\actions-runner\_work\XPCO\XPCO\AllSolutions\..\MIP\MIPSDK\tst\VideoOS.Platform.SDK.UnitTests\bin\x64\Debug\net6.0-windows\VideoOS.Platform.SDK.UnitTests.dll" adapterTypeName="executor://mstestadapter/v2" className="VideoOS.Platform.SDKUnittest.EventsAndState.MessageParserTests" name="Given_ReceivedMessageContainsCommandId_When_GetCommandId_ThenCommandIdIsReturned" />
    </UnitTest>
    <UnitTest name="Given_Nothing_When_EventHandlerIsCreated_Then_ItRegistersItselfToTheMessageDispatcher" storage="d:\actions-runner\_work\xpco\xpco\allsolutions\..\mip\mipsdk\tst\videoos.platform.sdk.unittests\bin\x64\debug\net6.0-windows\videoos.platform.sdk.unittests.dll" id="3512c4ea-c42c-dc19-86d1-3085820f9234">
      <Execution id="292cd7dd-ab64-4de3-9dce-b2bab5082ec0" />
      <TestMethod codeBase="D:\actions-runner\_work\XPCO\XPCO\AllSolutions\..\MIP\MIPSDK\tst\VideoOS.Platform.SDK.UnitTests\bin\x64\Debug\net6.0-windows\VideoOS.Platform.SDK.UnitTests.dll" adapterTypeName="executor://mstestadapter/v2" className="VideoOS.Platform.SDKUnittest.EventsAndState.EventHandlerTest" name="Given_Nothing_When_EventHandlerIsCreated_Then_ItRegistersItselfToTheMessageDispatcher" />
    </UnitTest>
    <UnitTest name="Given_Connected_When_CreateSessionSuccesful_Then_ASessionIdAndDefaultInactiveTimeoutIsReturned" storage="d:\actions-runner\_work\xpco\xpco\allsolutions\..\mip\mipsdk\tst\videoos.platform.sdk.unittests\bin\x64\debug\net6.0-windows\videoos.platform.sdk.unittests.dll" id="dd33ce32-62c4-dfb3-4f9b-fce87ba0013c">
      <Execution id="b552ad45-9191-4987-9ab0-083ebfb0afea" />
      <TestMethod codeBase="D:\actions-runner\_work\XPCO\XPCO\AllSolutions\..\MIP\MIPSDK\tst\VideoOS.Platform.SDK.UnitTests\bin\x64\Debug\net6.0-windows\VideoOS.Platform.SDK.UnitTests.dll" adapterTypeName="executor://mstestadapter/v2" className="VideoOS.Platform.SDKUnittest.EventsAndState.EventsAndStateClientTest" name="Given_Connected_When_CreateSessionSuccesful_Then_ASessionIdAndDefaultInactiveTimeoutIsReturned" />
    </UnitTest>
    <UnitTest name="XpcoMultiUserLoginServerList" storage="d:\actions-runner\_work\xpco\xpco\allsolutions\..\mip\mipsdk\tst\videoos.platform.sdk.unittests\bin\x64\debug\net6.0-windows\videoos.platform.sdk.unittests.dll" id="d2f3bae5-4b87-92ba-8e82-de1dd6dbd488">
      <Execution id="c255db4b-4d96-49ad-b4dd-cf244c8ba483" />
      <TestMethod codeBase="D:\actions-runner\_work\XPCO\XPCO\AllSolutions\..\MIP\MIPSDK\tst\VideoOS.Platform.SDK.UnitTests\bin\x64\Debug\net6.0-windows\VideoOS.Platform.SDK.UnitTests.dll" adapterTypeName="executor://mstestadapter/v2" className="VideoOS.Platform.SDKUnittest.EnvironmentTests.MultiUserEnvironmentTests" name="XpcoMultiUserLoginServerList" />
    </UnitTest>
    <UnitTest name="XpcoLoginAndGetConfgurationBasic" storage="d:\actions-runner\_work\xpco\xpco\allsolutions\..\mip\mipsdk\tst\videoos.platform.sdk.unittests\bin\x64\debug\net6.0-windows\videoos.platform.sdk.unittests.dll" id="3298a0bb-4507-4949-b804-b0b1ba735235">
      <Execution id="69a5c04d-64a6-4914-80bb-6cffe6a2ed32" />
      <TestMethod codeBase="D:\actions-runner\_work\XPCO\XPCO\AllSolutions\..\MIP\MIPSDK\tst\VideoOS.Platform.SDK.UnitTests\bin\x64\Debug\net6.0-windows\VideoOS.Platform.SDK.UnitTests.dll" adapterTypeName="executor://mstestadapter/v2" className="VideoOS.Platform.SDKUnittest.Configuration.XpcoConfigurationTest" name="XpcoLoginAndGetConfgurationBasic" />
    </UnitTest>
    <UnitTest name="Given_Connected_When_ResumeSessionUnsuccessful_Then_NoSuccessAndNewSessionIdIsReturned" storage="d:\actions-runner\_work\xpco\xpco\allsolutions\..\mip\mipsdk\tst\videoos.platform.sdk.unittests\bin\x64\debug\net6.0-windows\videoos.platform.sdk.unittests.dll" id="486bf095-ef80-8760-1ed9-25c366babe7b">
      <Execution id="b5a72938-c63c-439b-bd93-0b7409fe6184" />
      <TestMethod codeBase="D:\actions-runner\_work\XPCO\XPCO\AllSolutions\..\MIP\MIPSDK\tst\VideoOS.Platform.SDK.UnitTests\bin\x64\Debug\net6.0-windows\VideoOS.Platform.SDK.UnitTests.dll" adapterTypeName="executor://mstestadapter/v2" className="VideoOS.Platform.SDKUnittest.EventsAndState.EventsAndStateClientTest" name="Given_Connected_When_ResumeSessionUnsuccessful_Then_NoSuccessAndNewSessionIdIsReturned" />
    </UnitTest>
    <UnitTest name="StripXmlHeader_WhenHeaderPresent_StripsItOut" storage="d:\actions-runner\_work\xpco\xpco\allsolutions\..\mip\mipsdk\tst\videoos.platform.sdk.unittests\bin\x64\debug\net6.0-windows\videoos.platform.sdk.unittests.dll" id="1d9f532a-78eb-f4e1-0dd2-c5f03d1be90f">
      <Execution id="dd1e9a0c-fe97-4c4a-90ca-6c558f0fc7a8" />
      <TestMethod codeBase="D:\actions-runner\_work\XPCO\XPCO\AllSolutions\..\MIP\MIPSDK\tst\VideoOS.Platform.SDK.UnitTests\bin\x64\Debug\net6.0-windows\VideoOS.Platform.SDK.UnitTests.dll" adapterTypeName="executor://mstestadapter/v2" className="VideoOS.Platform.SDKUnittest.Util.ConfigUtilTest" name="StripXmlHeader_WhenHeaderPresent_StripsItOut" />
    </UnitTest>
    <UnitTest name="Initialize_ShouldSetInstances" storage="d:\actions-runner\_work\xpco\xpco\allsolutions\..\mip\mipsdk\tst\videoos.platform.sdk.unittests\bin\x64\debug\net6.0-windows\videoos.platform.sdk.unittests.dll" id="6e75c7b2-82c6-9596-e538-6098a4826ccc">
      <Execution id="c8bc7a96-a8c2-4833-ad35-b4b3396b40ef" />
      <TestMethod codeBase="D:\actions-runner\_work\XPCO\XPCO\AllSolutions\..\MIP\MIPSDK\tst\VideoOS.Platform.SDK.UnitTests\bin\x64\Debug\net6.0-windows\VideoOS.Platform.SDK.UnitTests.dll" adapterTypeName="executor://mstestadapter/v2" className="VideoOS.Platform.SDKUnittest.EnvironmentTest" name="Initialize_ShouldSetInstances" />
    </UnitTest>
    <UnitTest name="CloseCheckForStandalone_Success" storage="d:\actions-runner\_work\xpco\xpco\allsolutions\..\mip\mipsdk\tst\videoos.platform.sdk.unittests\bin\x64\debug\net6.0-windows\videoos.platform.sdk.unittests.dll" id="5456b4a7-0c13-564f-de65-ea8a9df057cb">
      <Execution id="3aef55d2-09c2-41c7-90d7-0f630e823f41" />
      <TestMethod codeBase="D:\actions-runner\_work\XPCO\XPCO\AllSolutions\..\MIP\MIPSDK\tst\VideoOS.Platform.SDK.UnitTests\bin\x64\Debug\net6.0-windows\VideoOS.Platform.SDK.UnitTests.dll" adapterTypeName="executor://mstestadapter/v2" className="VideoOS.Platform.SDKUnittest.Facades.PluginManagerFacadeTest" name="CloseCheckForStandalone_Success" />
    </UnitTest>
    <UnitTest name="LoginWithRegistration_LoginFail_ThrowDefaultException" storage="d:\actions-runner\_work\xpco\xpco\allsolutions\..\mip\mipsdk\tst\videoos.platform.sdk.unittests\bin\x64\debug\net6.0-windows\videoos.platform.sdk.unittests.dll" id="bb377a2c-95c3-9aad-404f-5afa18de69c7">
      <Execution id="9deb5d71-3ea4-45b4-bf96-5298d9f8a08d" />
      <TestMethod codeBase="D:\actions-runner\_work\XPCO\XPCO\AllSolutions\..\MIP\MIPSDK\tst\VideoOS.Platform.SDK.UnitTests\bin\x64\Debug\net6.0-windows\VideoOS.Platform.SDK.UnitTests.dll" adapterTypeName="executor://mstestadapter/v2" className="VideoOS.Platform.SDKUnittest.EnvironmentServiceTest" name="LoginWithRegistration_LoginFail_ThrowDefaultException" />
    </UnitTest>
    <UnitTest name="Givent_MessageContainingEventWithData_When_CallingGetDataOfInCorrectTypeThatIsNotSeserializable_Then_MipExceptionIsThrown" storage="d:\actions-runner\_work\xpco\xpco\allsolutions\..\mip\mipsdk\tst\videoos.platform.sdk.unittests\bin\x64\debug\net6.0-windows\videoos.platform.sdk.unittests.dll" id="853af3f4-f013-afe1-e51f-9f0386bea5b2">
      <Execution id="ed65d520-bd53-4107-9a8f-11788ff0a199" />
      <TestMethod codeBase="D:\actions-runner\_work\XPCO\XPCO\AllSolutions\..\MIP\MIPSDK\tst\VideoOS.Platform.SDK.UnitTests\bin\x64\Debug\net6.0-windows\VideoOS.Platform.SDK.UnitTests.dll" adapterTypeName="executor://mstestadapter/v2" className="VideoOS.Platform.SDKUnittest.EventsAndState.SerializationTests" name="Givent_MessageContainingEventWithData_When_CallingGetDataOfInCorrectTypeThatIsNotSeserializable_Then_MipExceptionIsThrown" />
    </UnitTest>
    <UnitTest name="XpcoMultiLoginLoadConfiguration" storage="d:\actions-runner\_work\xpco\xpco\allsolutions\..\mip\mipsdk\tst\videoos.platform.sdk.unittests\bin\x64\debug\net6.0-windows\videoos.platform.sdk.unittests.dll" id="7fe1ef40-9ce0-1e32-d490-dcfb0a7df207">
      <Execution id="95ed91ab-7a45-4fef-8cdd-8cc51f087427" />
      <TestMethod codeBase="D:\actions-runner\_work\XPCO\XPCO\AllSolutions\..\MIP\MIPSDK\tst\VideoOS.Platform.SDK.UnitTests\bin\x64\Debug\net6.0-windows\VideoOS.Platform.SDK.UnitTests.dll" adapterTypeName="executor://mstestadapter/v2" className="VideoOS.Platform.SDKUnittest.EnvironmentTests.MultiEnvironmentTests" name="XpcoMultiLoginLoadConfiguration" />
    </UnitTest>
    <UnitTest name="MergeCredentialCache_WhenNegotiateAuth_Merges" storage="d:\actions-runner\_work\xpco\xpco\allsolutions\..\mip\mipsdk\tst\videoos.platform.sdk.unittests\bin\x64\debug\net6.0-windows\videoos.platform.sdk.unittests.dll" id="ae1a8ec4-a4d5-6c99-ef64-cbab96674e4c">
      <Execution id="9eaad490-9238-4d05-a87b-69876284642e" />
      <TestMethod codeBase="D:\actions-runner\_work\XPCO\XPCO\AllSolutions\..\MIP\MIPSDK\tst\VideoOS.Platform.SDK.UnitTests\bin\x64\Debug\net6.0-windows\VideoOS.Platform.SDK.UnitTests.dll" adapterTypeName="executor://mstestadapter/v2" className="VideoOS.Platform.SDKUnittest.PlatformTests.CredentialCacheServiceTest" name="MergeCredentialCache_WhenNegotiateAuth_Merges" />
    </UnitTest>
    <UnitTest name="OAuthServerIsOnline" storage="d:\actions-runner\_work\xpco\xpco\allsolutions\..\mip\mipsdk\tst\videoos.platform.sdk.unittests\bin\x64\debug\net6.0-windows\videoos.platform.sdk.unittests.dll" id="2282d201-fae3-68ca-fb9b-da7ba770e221">
      <Execution id="b22b34f3-72f5-4928-af49-f0e860e94ac9" />
      <TestMethod codeBase="D:\actions-runner\_work\XPCO\XPCO\AllSolutions\..\MIP\MIPSDK\tst\VideoOS.Platform.SDK.UnitTests\bin\x64\Debug\net6.0-windows\VideoOS.Platform.SDK.UnitTests.dll" adapterTypeName="executor://mstestadapter/v2" className="VideoOS.Platform.SDKUnittest.Server.ConnectTest" name="OAuthServerIsOnline" />
    </UnitTest>
    <UnitTest name="XpcoMultiUserLoginCurrentCredentialsSuccess" storage="d:\actions-runner\_work\xpco\xpco\allsolutions\..\mip\mipsdk\tst\videoos.platform.sdk.unittests\bin\x64\debug\net6.0-windows\videoos.platform.sdk.unittests.dll" id="b2e4eadd-d448-b487-733b-d5563cb70924">
      <Execution id="e5f9e821-0e6e-45bd-bad7-63d594a3e74d" />
      <TestMethod codeBase="D:\actions-runner\_work\XPCO\XPCO\AllSolutions\..\MIP\MIPSDK\tst\VideoOS.Platform.SDK.UnitTests\bin\x64\Debug\net6.0-windows\VideoOS.Platform.SDK.UnitTests.dll" adapterTypeName="executor://mstestadapter/v2" className="VideoOS.Platform.SDKUnittest.EnvironmentTests.MultiUserEnvironmentTests" name="XpcoMultiUserLoginCurrentCredentialsSuccess" />
    </UnitTest>
    <UnitTest name="AddServer_WhenParentUriNull_UseCredentialCache" storage="d:\actions-runner\_work\xpco\xpco\allsolutions\..\mip\mipsdk\tst\videoos.platform.sdk.unittests\bin\x64\debug\net6.0-windows\videoos.platform.sdk.unittests.dll" id="1558a173-bd2e-9fca-670c-2c3987fbd631">
      <Execution id="0c43dd79-63ac-4f59-975d-a2382c4da0d8" />
      <TestMethod codeBase="D:\actions-runner\_work\XPCO\XPCO\AllSolutions\..\MIP\MIPSDK\tst\VideoOS.Platform.SDK.UnitTests\bin\x64\Debug\net6.0-windows\VideoOS.Platform.SDK.UnitTests.dll" adapterTypeName="executor://mstestadapter/v2" className="VideoOS.Platform.SDKUnittest.EnvironmentServiceTest" name="AddServer_WhenParentUriNull_UseCredentialCache" />
    </UnitTest>
    <UnitTest name="Given_Connected_When_ResumeSessionSuccesful_Then_ASuccessAndSessionIdIsReturned" storage="d:\actions-runner\_work\xpco\xpco\allsolutions\..\mip\mipsdk\tst\videoos.platform.sdk.unittests\bin\x64\debug\net6.0-windows\videoos.platform.sdk.unittests.dll" id="6326290f-8e50-bc28-9f9e-5ff9f9bd3c53">
      <Execution id="8bfcb224-f754-402c-b78c-4156e34f39f4" />
      <TestMethod codeBase="D:\actions-runner\_work\XPCO\XPCO\AllSolutions\..\MIP\MIPSDK\tst\VideoOS.Platform.SDK.UnitTests\bin\x64\Debug\net6.0-windows\VideoOS.Platform.SDK.UnitTests.dll" adapterTypeName="executor://mstestadapter/v2" className="VideoOS.Platform.SDKUnittest.EventsAndState.EventsAndStateClientTest" name="Given_Connected_When_ResumeSessionSuccesful_Then_ASuccessAndSessionIdIsReturned" />
    </UnitTest>
    <UnitTest name="ReloadConfiguration_CallsRefreshServer" storage="d:\actions-runner\_work\xpco\xpco\allsolutions\..\mip\mipsdk\tst\videoos.platform.sdk.unittests\bin\x64\debug\net6.0-windows\videoos.platform.sdk.unittests.dll" id="28d03c63-4b7f-6f07-1925-95fd992db754">
      <Execution id="fa161b5c-13d3-4249-baa9-cba7c130e4c6" />
      <TestMethod codeBase="D:\actions-runner\_work\XPCO\XPCO\AllSolutions\..\MIP\MIPSDK\tst\VideoOS.Platform.SDK.UnitTests\bin\x64\Debug\net6.0-windows\VideoOS.Platform.SDK.UnitTests.dll" adapterTypeName="executor://mstestadapter/v2" className="VideoOS.Platform.SDKUnittest.EnvironmentServiceTest" name="ReloadConfiguration_CallsRefreshServer" />
    </UnitTest>
    <UnitTest name="AddServer_WhenParentUriNotNull_UseUserCredentialCache" storage="d:\actions-runner\_work\xpco\xpco\allsolutions\..\mip\mipsdk\tst\videoos.platform.sdk.unittests\bin\x64\debug\net6.0-windows\videoos.platform.sdk.unittests.dll" id="3d0614d6-566e-2a0b-aa48-d33230f47a0b">
      <Execution id="a41f0a25-c1fa-482d-b271-82c57ca2f101" />
      <TestMethod codeBase="D:\actions-runner\_work\XPCO\XPCO\AllSolutions\..\MIP\MIPSDK\tst\VideoOS.Platform.SDK.UnitTests\bin\x64\Debug\net6.0-windows\VideoOS.Platform.SDK.UnitTests.dll" adapterTypeName="executor://mstestadapter/v2" className="VideoOS.Platform.SDKUnittest.EnvironmentServiceTest" name="AddServer_WhenParentUriNotNull_UseUserCredentialCache" />
    </UnitTest>
    <UnitTest name="DisposingBeforeConnectIsDone_ShouldNotThrowException" storage="d:\actions-runner\_work\xpco\xpco\allsolutions\..\mip\mipsdk\tst\videoos.platform.sdk.unittests\bin\x64\debug\net6.0-windows\videoos.platform.sdk.unittests.dll" id="c0865429-3866-2dd1-bc73-a54af982297e">
      <Execution id="647a3cfd-ca5c-45b0-b95c-ad9706995879" />
      <TestMethod codeBase="D:\actions-runner\_work\XPCO\XPCO\AllSolutions\..\MIP\MIPSDK\tst\VideoOS.Platform.SDK.UnitTests\bin\x64\Debug\net6.0-windows\VideoOS.Platform.SDK.UnitTests.dll" adapterTypeName="executor://mstestadapter/v2" className="VideoOS.Platform.SDKUnittest.EventsAndState.EventsAndStateSessionTest" name="DisposingBeforeConnectIsDone_ShouldNotThrowException" />
    </UnitTest>
    <UnitTest name="IsServerConnected_Correct" storage="d:\actions-runner\_work\xpco\xpco\allsolutions\..\mip\mipsdk\tst\videoos.platform.sdk.unittests\bin\x64\debug\net6.0-windows\videoos.platform.sdk.unittests.dll" id="1898017e-0a0a-9fff-c891-5b794811d9ca">
      <Execution id="6b98cf19-558b-4ad4-81f1-8c7bd0759478" />
      <TestMethod codeBase="D:\actions-runner\_work\XPCO\XPCO\AllSolutions\..\MIP\MIPSDK\tst\VideoOS.Platform.SDK.UnitTests\bin\x64\Debug\net6.0-windows\VideoOS.Platform.SDK.UnitTests.dll" adapterTypeName="executor://mstestadapter/v2" className="VideoOS.Platform.SDKUnittest.EnvironmentServiceTest" name="IsServerConnected_Correct" />
    </UnitTest>
    <UnitTest name="LoadConfiguration_Correct" storage="d:\actions-runner\_work\xpco\xpco\allsolutions\..\mip\mipsdk\tst\videoos.platform.sdk.unittests\bin\x64\debug\net6.0-windows\videoos.platform.sdk.unittests.dll" id="ef02471d-d90f-d7cc-ccc2-806bfb1ff8c0">
      <Execution id="f084a086-acc8-4fff-8508-e0cc04130011" />
      <TestMethod codeBase="D:\actions-runner\_work\XPCO\XPCO\AllSolutions\..\MIP\MIPSDK\tst\VideoOS.Platform.SDK.UnitTests\bin\x64\Debug\net6.0-windows\VideoOS.Platform.SDK.UnitTests.dll" adapterTypeName="executor://mstestadapter/v2" className="VideoOS.Platform.SDKUnittest.EnvironmentServiceTest" name="LoadConfiguration_Correct" />
    </UnitTest>
    <UnitTest name="Given_EventHandlerIsCreated_When_ReceivingEventMessage_Then_EventsAreSentToAllReceivers" storage="d:\actions-runner\_work\xpco\xpco\allsolutions\..\mip\mipsdk\tst\videoos.platform.sdk.unittests\bin\x64\debug\net6.0-windows\videoos.platform.sdk.unittests.dll" id="9a32c8de-c721-c8df-01b2-8fdff9dd18ca">
      <Execution id="4a7efcae-5123-4db1-9699-92943f0b976d" />
      <TestMethod codeBase="D:\actions-runner\_work\XPCO\XPCO\AllSolutions\..\MIP\MIPSDK\tst\VideoOS.Platform.SDK.UnitTests\bin\x64\Debug\net6.0-windows\VideoOS.Platform.SDK.UnitTests.dll" adapterTypeName="executor://mstestadapter/v2" className="VideoOS.Platform.SDKUnittest.EventsAndState.EventHandlerTest" name="Given_EventHandlerIsCreated_When_ReceivingEventMessage_Then_EventsAreSentToAllReceivers" />
    </UnitTest>
    <UnitTest name="AddServer_WithLoginSettings_Correct" storage="d:\actions-runner\_work\xpco\xpco\allsolutions\..\mip\mipsdk\tst\videoos.platform.sdk.unittests\bin\x64\debug\net6.0-windows\videoos.platform.sdk.unittests.dll" id="fb9222b4-352e-53d2-a6a0-c25767f137de">
      <Execution id="9ca1ce30-60e1-4465-9605-a2c4d77ac1ce" />
      <TestMethod codeBase="D:\actions-runner\_work\XPCO\XPCO\AllSolutions\..\MIP\MIPSDK\tst\VideoOS.Platform.SDK.UnitTests\bin\x64\Debug\net6.0-windows\VideoOS.Platform.SDK.UnitTests.dll" adapterTypeName="executor://mstestadapter/v2" className="VideoOS.Platform.SDKUnittest.EnvironmentServiceTest" name="AddServer_WithLoginSettings_Correct" />
    </UnitTest>
    <UnitTest name="Close_WhenNotNull_Success" storage="d:\actions-runner\_work\xpco\xpco\allsolutions\..\mip\mipsdk\tst\videoos.platform.sdk.unittests\bin\x64\debug\net6.0-windows\videoos.platform.sdk.unittests.dll" id="f830c93a-4e43-13d6-c3ab-367476959177">
      <Execution id="41a6e065-d754-40b3-8b72-d1af3ae82a78" />
      <TestMethod codeBase="D:\actions-runner\_work\XPCO\XPCO\AllSolutions\..\MIP\MIPSDK\tst\VideoOS.Platform.SDK.UnitTests\bin\x64\Debug\net6.0-windows\VideoOS.Platform.SDK.UnitTests.dll" adapterTypeName="executor://mstestadapter/v2" className="VideoOS.Platform.SDKUnittest.Facades.ClientControlFacadeTest" name="Close_WhenNotNull_Success" />
    </UnitTest>
    <UnitTest name="Given_Connected_When_CreateSessionSuccesful_Then_ASessionIdIsReturned" storage="d:\actions-runner\_work\xpco\xpco\allsolutions\..\mip\mipsdk\tst\videoos.platform.sdk.unittests\bin\x64\debug\net6.0-windows\videoos.platform.sdk.unittests.dll" id="c7cfb557-b7c6-e2f2-6240-c10413062e2b">
      <Execution id="7bf3bfe1-8631-4631-bb61-5581e441a0f9" />
      <TestMethod codeBase="D:\actions-runner\_work\XPCO\XPCO\AllSolutions\..\MIP\MIPSDK\tst\VideoOS.Platform.SDK.UnitTests\bin\x64\Debug\net6.0-windows\VideoOS.Platform.SDK.UnitTests.dll" adapterTypeName="executor://mstestadapter/v2" className="VideoOS.Platform.SDKUnittest.EventsAndState.EventsAndStateClientTest" name="Given_Connected_When_CreateSessionSuccesful_Then_ASessionIdIsReturned" />
    </UnitTest>
    <UnitTest name="OutgoingAudioWaveFormatSamplesPerSecond_ShouldNotBeSet_WhenValueIsNotAllowed" storage="d:\actions-runner\_work\xpco\xpco\allsolutions\..\mip\mipsdk\tst\videoos.platform.sdk.unittests\bin\x64\debug\net6.0-windows\videoos.platform.sdk.unittests.dll" id="2cd289e6-be4f-74c1-cee0-00532b6125f7">
      <TestCategory>
        <TestCategoryItem TestCategory="AudioRecorder" />
      </TestCategory>
      <Execution id="dbb29cd3-cd30-4fbb-95b0-4ae068c0a615" />
      <TestMethod codeBase="D:\actions-runner\_work\XPCO\XPCO\AllSolutions\..\MIP\MIPSDK\tst\VideoOS.Platform.SDK.UnitTests\bin\x64\Debug\net6.0-windows\VideoOS.Platform.SDK.UnitTests.dll" adapterTypeName="executor://mstestadapter/v2" className="VideoOS.Platform.SDKUnittest.Audio.AudioRecorderTests" name="OutgoingAudioWaveFormatSamplesPerSecond_ShouldNotBeSet_WhenValueIsNotAllowed" />
    </UnitTest>
    <UnitTest name="LogoutByUri_WhenSystemInfoNotNull_AlsoCallsEnvironmentManagerLogout" storage="d:\actions-runner\_work\xpco\xpco\allsolutions\..\mip\mipsdk\tst\videoos.platform.sdk.unittests\bin\x64\debug\net6.0-windows\videoos.platform.sdk.unittests.dll" id="1e673d72-09b3-76fe-7a9c-ca4edce9473e">
      <Execution id="5baf6ea4-024a-4493-98b1-5d733f37be75" />
      <TestMethod codeBase="D:\actions-runner\_work\XPCO\XPCO\AllSolutions\..\MIP\MIPSDK\tst\VideoOS.Platform.SDK.UnitTests\bin\x64\Debug\net6.0-windows\VideoOS.Platform.SDK.UnitTests.dll" adapterTypeName="executor://mstestadapter/v2" className="VideoOS.Platform.SDKUnittest.EnvironmentServiceTest" name="LogoutByUri_WhenSystemInfoNotNull_AlsoCallsEnvironmentManagerLogout" />
    </UnitTest>
    <UnitTest name="Given_AcommandIsSent_When_ReceivingAResponseForAnotherCommandding_Then_TheSentCommandTimesOut" storage="d:\actions-runner\_work\xpco\xpco\allsolutions\..\mip\mipsdk\tst\videoos.platform.sdk.unittests\bin\x64\debug\net6.0-windows\videoos.platform.sdk.unittests.dll" id="5ca6c285-b0f8-2ebf-22ac-22244ebbf44b">
      <Execution id="7e94a417-f6ae-44f4-8db0-58f48db2a86d" />
      <TestMethod codeBase="D:\actions-runner\_work\XPCO\XPCO\AllSolutions\..\MIP\MIPSDK\tst\VideoOS.Platform.SDK.UnitTests\bin\x64\Debug\net6.0-windows\VideoOS.Platform.SDK.UnitTests.dll" adapterTypeName="executor://mstestadapter/v2" className="VideoOS.Platform.SDKUnittest.EventsAndState.CommandHandlerTest" name="Given_AcommandIsSent_When_ReceivingAResponseForAnotherCommandding_Then_TheSentCommandTimesOut" />
    </UnitTest>
    <UnitTest name="StartRecording_ShouldStartRecording_WhenAudioRecorderIsInitialized" storage="d:\actions-runner\_work\xpco\xpco\allsolutions\..\mip\mipsdk\tst\videoos.platform.sdk.unittests\bin\x64\debug\net6.0-windows\videoos.platform.sdk.unittests.dll" id="4cc2af54-3704-7ced-d419-f08afbf26159">
      <TestCategory>
        <TestCategoryItem TestCategory="AudioRecorder" />
      </TestCategory>
      <Execution id="c06bc9e7-f97e-430b-8f93-fc09d80a13a8" />
      <TestMethod codeBase="D:\actions-runner\_work\XPCO\XPCO\AllSolutions\..\MIP\MIPSDK\tst\VideoOS.Platform.SDK.UnitTests\bin\x64\Debug\net6.0-windows\VideoOS.Platform.SDK.UnitTests.dll" adapterTypeName="executor://mstestadapter/v2" className="VideoOS.Platform.SDKUnittest.Audio.AudioRecorderTests" name="StartRecording_ShouldStartRecording_WhenAudioRecorderIsInitialized" />
    </UnitTest>
    <UnitTest name="RemoveServer_WithUriWhenSystemInfoListNotEmpty_NotSettingApploggedStateToFalse" storage="d:\actions-runner\_work\xpco\xpco\allsolutions\..\mip\mipsdk\tst\videoos.platform.sdk.unittests\bin\x64\debug\net6.0-windows\videoos.platform.sdk.unittests.dll" id="5db9cdb8-0fa4-0c5c-b336-2c08e8318f3a">
      <Execution id="62b35f24-0a23-4629-851f-c601a7df8a32" />
      <TestMethod codeBase="D:\actions-runner\_work\XPCO\XPCO\AllSolutions\..\MIP\MIPSDK\tst\VideoOS.Platform.SDK.UnitTests\bin\x64\Debug\net6.0-windows\VideoOS.Platform.SDK.UnitTests.dll" adapterTypeName="executor://mstestadapter/v2" className="VideoOS.Platform.SDKUnittest.EnvironmentServiceTest" name="RemoveServer_WithUriWhenSystemInfoListNotEmpty_NotSettingApploggedStateToFalse" />
    </UnitTest>
    <UnitTest name="Init_Success" storage="d:\actions-runner\_work\xpco\xpco\allsolutions\..\mip\mipsdk\tst\videoos.platform.sdk.unittests\bin\x64\debug\net6.0-windows\videoos.platform.sdk.unittests.dll" id="425d7606-d05b-43b7-5f3e-aef51500fc4a">
      <Execution id="481a323a-b041-4db4-bc3a-108c3f6ba389" />
      <TestMethod codeBase="D:\actions-runner\_work\XPCO\XPCO\AllSolutions\..\MIP\MIPSDK\tst\VideoOS.Platform.SDK.UnitTests\bin\x64\Debug\net6.0-windows\VideoOS.Platform.SDK.UnitTests.dll" adapterTypeName="executor://mstestadapter/v2" className="VideoOS.Platform.SDKUnittest.EnvironmentServiceTest" name="Init_Success" />
    </UnitTest>
    <UnitTest name="CheckBaseTime1970FromString" storage="d:\actions-runner\_work\xpco\xpco\allsolutions\..\mip\mipsdk\tst\videoos.platform.sdk.unittests\bin\x64\debug\net6.0-windows\videoos.platform.sdk.unittests.dll" id="dd88292e-70c4-42bd-a16e-4296bf8609a3">
      <Execution id="9b9f3fe2-414f-4fc4-9de0-54afe2f5a109" />
      <TestMethod codeBase="D:\actions-runner\_work\XPCO\XPCO\AllSolutions\..\MIP\MIPSDK\tst\VideoOS.Platform.SDK.UnitTests\bin\x64\Debug\net6.0-windows\VideoOS.Platform.SDK.UnitTests.dll" adapterTypeName="executor://mstestadapter/v2" className="VideoOS.Platform.SDKUnittest.FeatureTests.TimeConverterTests" name="CheckBaseTime1970FromString" />
    </UnitTest>
    <UnitTest name="Given_Connected_When_AddSubscriptionSuccesful_Then_ASubscriptionIdIsReturned" storage="d:\actions-runner\_work\xpco\xpco\allsolutions\..\mip\mipsdk\tst\videoos.platform.sdk.unittests\bin\x64\debug\net6.0-windows\videoos.platform.sdk.unittests.dll" id="0d04ce70-8f8e-5be6-d205-e559df63652c">
      <Execution id="02a7f2c3-4376-48c8-a461-0f8a0edba183" />
      <TestMethod codeBase="D:\actions-runner\_work\XPCO\XPCO\AllSolutions\..\MIP\MIPSDK\tst\VideoOS.Platform.SDK.UnitTests\bin\x64\Debug\net6.0-windows\VideoOS.Platform.SDK.UnitTests.dll" adapterTypeName="executor://mstestadapter/v2" className="VideoOS.Platform.SDKUnittest.EventsAndState.EventsAndStateClientTest" name="Given_Connected_When_AddSubscriptionSuccesful_Then_ASubscriptionIdIsReturned" />
    </UnitTest>
    <UnitTest name="Given_Connected_When_CreateSessionTimesOut_Then_AnExceptionIsThrown" storage="d:\actions-runner\_work\xpco\xpco\allsolutions\..\mip\mipsdk\tst\videoos.platform.sdk.unittests\bin\x64\debug\net6.0-windows\videoos.platform.sdk.unittests.dll" id="346fbfa0-3649-8251-d8d1-a07b030b1578">
      <Execution id="b4390d71-c551-48c1-80b5-eb7a94e22613" />
      <TestMethod codeBase="D:\actions-runner\_work\XPCO\XPCO\AllSolutions\..\MIP\MIPSDK\tst\VideoOS.Platform.SDK.UnitTests\bin\x64\Debug\net6.0-windows\VideoOS.Platform.SDK.UnitTests.dll" adapterTypeName="executor://mstestadapter/v2" className="VideoOS.Platform.SDKUnittest.EventsAndState.EventsAndStateClientTest" name="Given_Connected_When_CreateSessionTimesOut_Then_AnExceptionIsThrown" />
    </UnitTest>
    <UnitTest name="MergeCredentialCache_WhenBasicAuth_Merges" storage="d:\actions-runner\_work\xpco\xpco\allsolutions\..\mip\mipsdk\tst\videoos.platform.sdk.unittests\bin\x64\debug\net6.0-windows\videoos.platform.sdk.unittests.dll" id="a8963d66-96b1-b26d-9572-0832732d3cea">
      <Execution id="6fd2866a-97e5-4e64-99cc-76f27bd9970d" />
      <TestMethod codeBase="D:\actions-runner\_work\XPCO\XPCO\AllSolutions\..\MIP\MIPSDK\tst\VideoOS.Platform.SDK.UnitTests\bin\x64\Debug\net6.0-windows\VideoOS.Platform.SDK.UnitTests.dll" adapterTypeName="executor://mstestadapter/v2" className="VideoOS.Platform.SDKUnittest.PlatformTests.CredentialCacheServiceTest" name="MergeCredentialCache_WhenBasicAuth_Merges" />
    </UnitTest>
    <UnitTest name="XpcoMultiUserLoginSuccess" storage="d:\actions-runner\_work\xpco\xpco\allsolutions\..\mip\mipsdk\tst\videoos.platform.sdk.unittests\bin\x64\debug\net6.0-windows\videoos.platform.sdk.unittests.dll" id="b0b9d0a0-9158-c0ad-cbda-c08da553577d">
      <Execution id="c1261944-f593-4609-af0c-7ae409637c67" />
      <TestMethod codeBase="D:\actions-runner\_work\XPCO\XPCO\AllSolutions\..\MIP\MIPSDK\tst\VideoOS.Platform.SDK.UnitTests\bin\x64\Debug\net6.0-windows\VideoOS.Platform.SDK.UnitTests.dll" adapterTypeName="executor://mstestadapter/v2" className="VideoOS.Platform.SDKUnittest.EnvironmentTests.MultiUserEnvironmentTests" name="XpcoMultiUserLoginSuccess" />
    </UnitTest>
    <UnitTest name="LoginWithRegistration_Success" storage="d:\actions-runner\_work\xpco\xpco\allsolutions\..\mip\mipsdk\tst\videoos.platform.sdk.unittests\bin\x64\debug\net6.0-windows\videoos.platform.sdk.unittests.dll" id="23cb9265-dcc3-9671-caf3-1996fff5aba1">
      <Execution id="b042d597-5efe-4792-aa06-fb1dc6b96c35" />
      <TestMethod codeBase="D:\actions-runner\_work\XPCO\XPCO\AllSolutions\..\MIP\MIPSDK\tst\VideoOS.Platform.SDK.UnitTests\bin\x64\Debug\net6.0-windows\VideoOS.Platform.SDK.UnitTests.dll" adapterTypeName="executor://mstestadapter/v2" className="VideoOS.Platform.SDKUnittest.EnvironmentServiceTest" name="LoginWithRegistration_Success" />
    </UnitTest>
    <UnitTest name="Given_Nothing_When_ReceivingACommandResponse_Then_ItIsDispatchedToTheCommandHandler" storage="d:\actions-runner\_work\xpco\xpco\allsolutions\..\mip\mipsdk\tst\videoos.platform.sdk.unittests\bin\x64\debug\net6.0-windows\videoos.platform.sdk.unittests.dll" id="8cf85ff1-edc7-caee-ed6c-a1ccfa277329">
      <Execution id="a28f7b3e-28db-43bc-88da-b3da9db5adcb" />
      <TestMethod codeBase="D:\actions-runner\_work\XPCO\XPCO\AllSolutions\..\MIP\MIPSDK\tst\VideoOS.Platform.SDK.UnitTests\bin\x64\Debug\net6.0-windows\VideoOS.Platform.SDK.UnitTests.dll" adapterTypeName="executor://mstestadapter/v2" className="VideoOS.Platform.SDKUnittest.EventsAndState.MessageDispatcherTest" name="Given_Nothing_When_ReceivingACommandResponse_Then_ItIsDispatchedToTheCommandHandler" />
    </UnitTest>
    <UnitTest name="XpcoMultiUserLoginSingleServer" storage="d:\actions-runner\_work\xpco\xpco\allsolutions\..\mip\mipsdk\tst\videoos.platform.sdk.unittests\bin\x64\debug\net6.0-windows\videoos.platform.sdk.unittests.dll" id="24f8123c-e826-303b-a65a-9364447f6890">
      <Execution id="a1750403-59f3-487b-8662-fdbd3c3d51ba" />
      <TestMethod codeBase="D:\actions-runner\_work\XPCO\XPCO\AllSolutions\..\MIP\MIPSDK\tst\VideoOS.Platform.SDK.UnitTests\bin\x64\Debug\net6.0-windows\VideoOS.Platform.SDK.UnitTests.dll" adapterTypeName="executor://mstestadapter/v2" className="VideoOS.Platform.SDKUnittest.EnvironmentTests.MultiUserEnvironmentTests" name="XpcoMultiUserLoginSingleServer" />
    </UnitTest>
    <UnitTest name="Givent_MessageContainingEventWithData_When_CallingGetDataOfInCorrectType_Then_APartialOrEmptyObjectIsReturned2" storage="d:\actions-runner\_work\xpco\xpco\allsolutions\..\mip\mipsdk\tst\videoos.platform.sdk.unittests\bin\x64\debug\net6.0-windows\videoos.platform.sdk.unittests.dll" id="17db813c-1206-cc8b-2aec-429272188567">
      <Execution id="364c3a2b-0c33-4955-8df9-2629924be321" />
      <TestMethod codeBase="D:\actions-runner\_work\XPCO\XPCO\AllSolutions\..\MIP\MIPSDK\tst\VideoOS.Platform.SDK.UnitTests\bin\x64\Debug\net6.0-windows\VideoOS.Platform.SDK.UnitTests.dll" adapterTypeName="executor://mstestadapter/v2" className="VideoOS.Platform.SDKUnittest.EventsAndState.SerializationTests" name="Givent_MessageContainingEventWithData_When_CallingGetDataOfInCorrectType_Then_APartialOrEmptyObjectIsReturned2" />
    </UnitTest>
    <UnitTest name="CreateSession_ShouldStartSession_AndDispose_ShouldStopSession" storage="d:\actions-runner\_work\xpco\xpco\allsolutions\..\mip\mipsdk\tst\videoos.platform.sdk.unittests\bin\x64\debug\net6.0-windows\videoos.platform.sdk.unittests.dll" id="12830b4f-7828-9fc9-0289-1b8030e1633a">
      <Execution id="57cccb96-fc87-4191-9b6f-b732cdd85bd7" />
      <TestMethod codeBase="D:\actions-runner\_work\XPCO\XPCO\AllSolutions\..\MIP\MIPSDK\tst\VideoOS.Platform.SDK.UnitTests\bin\x64\Debug\net6.0-windows\VideoOS.Platform.SDK.UnitTests.dll" adapterTypeName="executor://mstestadapter/v2" className="VideoOS.Platform.SDKUnittest.EventsAndState.EventsAndStateSessionTest" name="CreateSession_ShouldStartSession_AndDispose_ShouldStopSession" />
    </UnitTest>
    <UnitTest name="XpcoMultiUserLoginTwoServersBasic" storage="d:\actions-runner\_work\xpco\xpco\allsolutions\..\mip\mipsdk\tst\videoos.platform.sdk.unittests\bin\x64\debug\net6.0-windows\videoos.platform.sdk.unittests.dll" id="4c636ed3-7a97-56f4-5f09-90e82a59bb70">
      <Execution id="dbc72327-1533-402d-9233-40b343c332d9" />
      <TestMethod codeBase="D:\actions-runner\_work\XPCO\XPCO\AllSolutions\..\MIP\MIPSDK\tst\VideoOS.Platform.SDK.UnitTests\bin\x64\Debug\net6.0-windows\VideoOS.Platform.SDK.UnitTests.dll" adapterTypeName="executor://mstestadapter/v2" className="VideoOS.Platform.SDKUnittest.EnvironmentTests.MultiUserEnvironmentTests" name="XpcoMultiUserLoginTwoServersBasic" />
    </UnitTest>
    <UnitTest name="StopRecording_ShouldDoNothing_WhenRecordingIsAlreadyStopped" storage="d:\actions-runner\_work\xpco\xpco\allsolutions\..\mip\mipsdk\tst\videoos.platform.sdk.unittests\bin\x64\debug\net6.0-windows\videoos.platform.sdk.unittests.dll" id="0692d415-cb51-e036-3177-b14298f4c3a2">
      <TestCategory>
        <TestCategoryItem TestCategory="AudioRecorder" />
      </TestCategory>
      <Execution id="d063e8ec-226a-46a3-9cee-65bf51955a6c" />
      <TestMethod codeBase="D:\actions-runner\_work\XPCO\XPCO\AllSolutions\..\MIP\MIPSDK\tst\VideoOS.Platform.SDK.UnitTests\bin\x64\Debug\net6.0-windows\VideoOS.Platform.SDK.UnitTests.dll" adapterTypeName="executor://mstestadapter/v2" className="VideoOS.Platform.SDKUnittest.Audio.AudioRecorderTests" name="StopRecording_ShouldDoNothing_WhenRecordingIsAlreadyStopped" />
    </UnitTest>
    <UnitTest name="Logout_Success" storage="d:\actions-runner\_work\xpco\xpco\allsolutions\..\mip\mipsdk\tst\videoos.platform.sdk.unittests\bin\x64\debug\net6.0-windows\videoos.platform.sdk.unittests.dll" id="f9063bff-e7ba-c028-46f9-189d14a707c0">
      <Execution id="2b7dafea-4429-41f5-a96c-5b7feee9d810" />
      <TestMethod codeBase="D:\actions-runner\_work\XPCO\XPCO\AllSolutions\..\MIP\MIPSDK\tst\VideoOS.Platform.SDK.UnitTests\bin\x64\Debug\net6.0-windows\VideoOS.Platform.SDK.UnitTests.dll" adapterTypeName="executor://mstestadapter/v2" className="VideoOS.Platform.SDKUnittest.EnvironmentServiceTest" name="Logout_Success" />
    </UnitTest>
    <UnitTest name="MergeCredentialCache_WhenException_Logs" storage="d:\actions-runner\_work\xpco\xpco\allsolutions\..\mip\mipsdk\tst\videoos.platform.sdk.unittests\bin\x64\debug\net6.0-windows\videoos.platform.sdk.unittests.dll" id="892ffa70-f349-35d4-9ae8-df9e08b6a0a5">
      <Execution id="d68ca000-75a4-4c47-8a94-f41389a37be2" />
      <TestMethod codeBase="D:\actions-runner\_work\XPCO\XPCO\AllSolutions\..\MIP\MIPSDK\tst\VideoOS.Platform.SDK.UnitTests\bin\x64\Debug\net6.0-windows\VideoOS.Platform.SDK.UnitTests.dll" adapterTypeName="executor://mstestadapter/v2" className="VideoOS.Platform.SDKUnittest.PlatformTests.CredentialCacheServiceTest" name="MergeCredentialCache_WhenException_Logs" />
    </UnitTest>
    <UnitTest name="Given_Nothing_When_SendingTheSessionThroughAllStates_Then_ConnectionStatesAreSendAndPropertyUpdated2" storage="d:\actions-runner\_work\xpco\xpco\allsolutions\..\mip\mipsdk\tst\videoos.platform.sdk.unittests\bin\x64\debug\net6.0-windows\videoos.platform.sdk.unittests.dll" id="27438331-c0fe-4d15-65b5-fb3f4b12375a">
      <Execution id="50c3f794-6286-4933-8c74-995a71e0b40e" />
      <TestMethod codeBase="D:\actions-runner\_work\XPCO\XPCO\AllSolutions\..\MIP\MIPSDK\tst\VideoOS.Platform.SDK.UnitTests\bin\x64\Debug\net6.0-windows\VideoOS.Platform.SDK.UnitTests.dll" adapterTypeName="executor://mstestadapter/v2" className="VideoOS.Platform.SDKUnittest.EventsAndState.EventsAndStateSessionTest" name="Given_Nothing_When_SendingTheSessionThroughAllStates_Then_ConnectionStatesAreSendAndPropertyUpdated2" />
    </UnitTest>
    <UnitTest name="StopRecording_ShouldStopRecording_WhenRecordingIsStarted" storage="d:\actions-runner\_work\xpco\xpco\allsolutions\..\mip\mipsdk\tst\videoos.platform.sdk.unittests\bin\x64\debug\net6.0-windows\videoos.platform.sdk.unittests.dll" id="2bc0ce96-c350-d094-ddf7-a0dcbcc01a25">
      <TestCategory>
        <TestCategoryItem TestCategory="AudioRecorder" />
      </TestCategory>
      <Execution id="6ac1696a-f599-45f0-b13d-bc1f850a2f9d" />
      <TestMethod codeBase="D:\actions-runner\_work\XPCO\XPCO\AllSolutions\..\MIP\MIPSDK\tst\VideoOS.Platform.SDK.UnitTests\bin\x64\Debug\net6.0-windows\VideoOS.Platform.SDK.UnitTests.dll" adapterTypeName="executor://mstestadapter/v2" className="VideoOS.Platform.SDKUnittest.Audio.AudioRecorderTests" name="StopRecording_ShouldStopRecording_WhenRecordingIsStarted" />
    </UnitTest>
    <UnitTest name="XpcoLoginAndGetConfguration" storage="d:\actions-runner\_work\xpco\xpco\allsolutions\..\mip\mipsdk\tst\videoos.platform.sdk.unittests\bin\x64\debug\net6.0-windows\videoos.platform.sdk.unittests.dll" id="578ff933-7ee9-6ffc-c871-a9d0960055b8">
      <Execution id="a3736c9e-3421-40f7-925a-af26bdb0b713" />
      <TestMethod codeBase="D:\actions-runner\_work\XPCO\XPCO\AllSolutions\..\MIP\MIPSDK\tst\VideoOS.Platform.SDK.UnitTests\bin\x64\Debug\net6.0-windows\VideoOS.Platform.SDK.UnitTests.dll" adapterTypeName="executor://mstestadapter/v2" className="VideoOS.Platform.SDKUnittest.Configuration.XpcoConfigurationTest" name="XpcoLoginAndGetConfguration" />
    </UnitTest>
    <UnitTest name="IgnoreCaseCompareOk" storage="d:\actions-runner\_work\xpco\xpco\allsolutions\..\mip\mipsdk\tst\videoos.platform.sdk.unittests\bin\x64\debug\net6.0-windows\videoos.platform.sdk.unittests.dll" id="3795da59-268b-cf4c-19da-1cfedc7c684a">
      <Execution id="17aaf4a2-7574-4bc1-8d29-4a95caa533a3" />
      <TestMethod codeBase="D:\actions-runner\_work\XPCO\XPCO\AllSolutions\..\MIP\MIPSDK\tst\VideoOS.Platform.SDK.UnitTests\bin\x64\Debug\net6.0-windows\VideoOS.Platform.SDK.UnitTests.dll" adapterTypeName="executor://mstestadapter/v2" className="VideoOS.Platform.SDKUnittest.FeatureTests.UriUtilTest" name="IgnoreCaseCompareOk" />
    </UnitTest>
    <UnitTest name="StripXmlHeader_WhenNull_ReturnsNull" storage="d:\actions-runner\_work\xpco\xpco\allsolutions\..\mip\mipsdk\tst\videoos.platform.sdk.unittests\bin\x64\debug\net6.0-windows\videoos.platform.sdk.unittests.dll" id="0793f3e7-1a84-232a-72f7-77f9de3f59e4">
      <Execution id="00c0e422-34a1-4789-a674-e927832c93d8" />
      <TestMethod codeBase="D:\actions-runner\_work\XPCO\XPCO\AllSolutions\..\MIP\MIPSDK\tst\VideoOS.Platform.SDK.UnitTests\bin\x64\Debug\net6.0-windows\VideoOS.Platform.SDK.UnitTests.dll" adapterTypeName="executor://mstestadapter/v2" className="VideoOS.Platform.SDKUnittest.Util.ConfigUtilTest" name="StripXmlHeader_WhenNull_ReturnsNull" />
    </UnitTest>
    <UnitTest name="StartRecording_ShouldStartRecording_WhenRecordingIsStopped" storage="d:\actions-runner\_work\xpco\xpco\allsolutions\..\mip\mipsdk\tst\videoos.platform.sdk.unittests\bin\x64\debug\net6.0-windows\videoos.platform.sdk.unittests.dll" id="00962e3e-83d9-46ce-082c-5ce3071a9a13">
      <TestCategory>
        <TestCategoryItem TestCategory="AudioRecorder" />
      </TestCategory>
      <Execution id="3002130a-0e43-4ba3-9559-62f307287541" />
      <TestMethod codeBase="D:\actions-runner\_work\XPCO\XPCO\AllSolutions\..\MIP\MIPSDK\tst\VideoOS.Platform.SDK.UnitTests\bin\x64\Debug\net6.0-windows\VideoOS.Platform.SDK.UnitTests.dll" adapterTypeName="executor://mstestadapter/v2" className="VideoOS.Platform.SDKUnittest.Audio.AudioRecorderTests" name="StartRecording_ShouldStartRecording_WhenRecordingIsStopped" />
    </UnitTest>
    <UnitTest name="AddServer_WithLoginSettings_MasterOnlyTrue_CorrectlyPassed" storage="d:\actions-runner\_work\xpco\xpco\allsolutions\..\mip\mipsdk\tst\videoos.platform.sdk.unittests\bin\x64\debug\net6.0-windows\videoos.platform.sdk.unittests.dll" id="f4f1f3cd-b04f-c623-3d30-8c01b6f83066">
      <Execution id="7a1b55c0-70f7-4395-bc6c-f3fdfb964db8" />
      <TestMethod codeBase="D:\actions-runner\_work\XPCO\XPCO\AllSolutions\..\MIP\MIPSDK\tst\VideoOS.Platform.SDK.UnitTests\bin\x64\Debug\net6.0-windows\VideoOS.Platform.SDK.UnitTests.dll" adapterTypeName="executor://mstestadapter/v2" className="VideoOS.Platform.SDKUnittest.EnvironmentServiceTest" name="AddServer_WithLoginSettings_MasterOnlyTrue_CorrectlyPassed" />
    </UnitTest>
    <UnitTest name="Unitialize_ShouldResetInstances" storage="d:\actions-runner\_work\xpco\xpco\allsolutions\..\mip\mipsdk\tst\videoos.platform.sdk.unittests\bin\x64\debug\net6.0-windows\videoos.platform.sdk.unittests.dll" id="10274018-72a2-7e54-f67f-3e3dab8a3913">
      <Execution id="e8b7783b-43cf-490c-a4e8-8f5127873c45" />
      <TestMethod codeBase="D:\actions-runner\_work\XPCO\XPCO\AllSolutions\..\MIP\MIPSDK\tst\VideoOS.Platform.SDK.UnitTests\bin\x64\Debug\net6.0-windows\VideoOS.Platform.SDK.UnitTests.dll" adapterTypeName="executor://mstestadapter/v2" className="VideoOS.Platform.SDKUnittest.EnvironmentTest" name="Unitialize_ShouldResetInstances" />
    </UnitTest>
    <UnitTest name="XpcoSiteInfoUriWithType" storage="d:\actions-runner\_work\xpco\xpco\allsolutions\..\mip\mipsdk\tst\videoos.platform.sdk.unittests\bin\x64\debug\net6.0-windows\videoos.platform.sdk.unittests.dll" id="56cbaa9d-4f02-3ab9-a0f7-ef1ee9ad216c">
      <Execution id="1dfaa6bf-ba56-40fa-bb40-2c17b5628072" />
      <TestMethod codeBase="D:\actions-runner\_work\XPCO\XPCO\AllSolutions\..\MIP\MIPSDK\tst\VideoOS.Platform.SDK.UnitTests\bin\x64\Debug\net6.0-windows\VideoOS.Platform.SDK.UnitTests.dll" adapterTypeName="executor://mstestadapter/v2" className="VideoOS.Platform.SDKUnittest.EnvironmentTests.MultiUserEnvironmentTests" name="XpcoSiteInfoUriWithType" />
    </UnitTest>
    <UnitTest name="Initialize_ShouldSetUserContextConfiguration" storage="d:\actions-runner\_work\xpco\xpco\allsolutions\..\mip\mipsdk\tst\videoos.platform.sdk.unittests\bin\x64\debug\net6.0-windows\videoos.platform.sdk.unittests.dll" id="a4c6d443-fa01-dcc3-6d3b-7e396f5ee185">
      <Execution id="05e7c6fa-5fcd-4c32-a028-67837ac1284d" />
      <TestMethod codeBase="D:\actions-runner\_work\XPCO\XPCO\AllSolutions\..\MIP\MIPSDK\tst\VideoOS.Platform.SDK.UnitTests\bin\x64\Debug\net6.0-windows\VideoOS.Platform.SDK.UnitTests.dll" adapterTypeName="executor://mstestadapter/v2" className="VideoOS.Platform.SDKUnittest.EnvironmentTest" name="Initialize_ShouldSetUserContextConfiguration" />
    </UnitTest>
    <UnitTest name="XpcoGroupCheck" storage="d:\actions-runner\_work\xpco\xpco\allsolutions\..\mip\mipsdk\tst\videoos.platform.sdk.unittests\bin\x64\debug\net6.0-windows\videoos.platform.sdk.unittests.dll" id="6afb3563-c986-73d9-429e-d345f8912c2c">
      <Execution id="123f44f3-1054-40ed-b306-a7e57278c4c1" />
      <TestMethod codeBase="D:\actions-runner\_work\XPCO\XPCO\AllSolutions\..\MIP\MIPSDK\tst\VideoOS.Platform.SDK.UnitTests\bin\x64\Debug\net6.0-windows\VideoOS.Platform.SDK.UnitTests.dll" adapterTypeName="executor://mstestadapter/v2" className="VideoOS.Platform.SDKUnittest.Configuration.XpcoConfigurationTest" name="XpcoGroupCheck" />
    </UnitTest>
    <UnitTest name="Login_Success" storage="d:\actions-runner\_work\xpco\xpco\allsolutions\..\mip\mipsdk\tst\videoos.platform.sdk.unittests\bin\x64\debug\net6.0-windows\videoos.platform.sdk.unittests.dll" id="9303c8a3-4457-dd53-a1ee-73373e6854b4">
      <Execution id="65c2d04b-a6ec-4246-a4c3-a054e610a618" />
      <TestMethod codeBase="D:\actions-runner\_work\XPCO\XPCO\AllSolutions\..\MIP\MIPSDK\tst\VideoOS.Platform.SDK.UnitTests\bin\x64\Debug\net6.0-windows\VideoOS.Platform.SDK.UnitTests.dll" adapterTypeName="executor://mstestadapter/v2" className="VideoOS.Platform.SDKUnittest.EnvironmentServiceTest" name="Login_Success" />
    </UnitTest>
    <UnitTest name="CompareFail" storage="d:\actions-runner\_work\xpco\xpco\allsolutions\..\mip\mipsdk\tst\videoos.platform.sdk.unittests\bin\x64\debug\net6.0-windows\videoos.platform.sdk.unittests.dll" id="96c1c139-ef84-2793-7b75-ec53f5430e80">
      <Execution id="f2413b9d-f804-46b8-b85e-f195475b664f" />
      <TestMethod codeBase="D:\actions-runner\_work\XPCO\XPCO\AllSolutions\..\MIP\MIPSDK\tst\VideoOS.Platform.SDK.UnitTests\bin\x64\Debug\net6.0-windows\VideoOS.Platform.SDK.UnitTests.dll" adapterTypeName="executor://mstestadapter/v2" className="VideoOS.Platform.SDKUnittest.FeatureTests.UriUtilTest" name="CompareFail" />
    </UnitTest>
    <UnitTest name="Contains_Correct" storage="d:\actions-runner\_work\xpco\xpco\allsolutions\..\mip\mipsdk\tst\videoos.platform.sdk.unittests\bin\x64\debug\net6.0-windows\videoos.platform.sdk.unittests.dll" id="3ef0c418-2089-c3e6-4e94-e0341e36e810">
      <Execution id="9c32d946-ff31-4bc8-96a8-1434230ccbb6" />
      <TestMethod codeBase="D:\actions-runner\_work\XPCO\XPCO\AllSolutions\..\MIP\MIPSDK\tst\VideoOS.Platform.SDK.UnitTests\bin\x64\Debug\net6.0-windows\VideoOS.Platform.SDK.UnitTests.dll" adapterTypeName="executor://mstestadapter/v2" className="VideoOS.Platform.SDKUnittest.Facades.LoginSettingsCacheFacadeTest" name="Contains_Correct" />
    </UnitTest>
    <UnitTest name="TestSubscription" storage="d:\actions-runner\_work\xpco\xpco\allsolutions\..\mip\mipsdk\tst\videoos.platform.sdk.unittests\bin\x64\debug\net6.0-windows\videoos.platform.sdk.unittests.dll" id="da1dce8b-3a10-e5c9-618b-cbfea5058c69">
      <Execution id="7756cbf5-8f7a-441e-badd-abb3451eea15" />
      <TestMethod codeBase="D:\actions-runner\_work\XPCO\XPCO\AllSolutions\..\MIP\MIPSDK\tst\VideoOS.Platform.SDK.UnitTests\bin\x64\Debug\net6.0-windows\VideoOS.Platform.SDK.UnitTests.dll" adapterTypeName="executor://mstestadapter/v2" className="VideoOS.Platform.SDKUnittest.EventsAndState.SerializationTests" name="TestSubscription" />
    </UnitTest>
    <UnitTest name="TryCreateParentUri_WhenNoUrlKeyPresent_ReturnsNull" storage="d:\actions-runner\_work\xpco\xpco\allsolutions\..\mip\mipsdk\tst\videoos.platform.sdk.unittests\bin\x64\debug\net6.0-windows\videoos.platform.sdk.unittests.dll" id="d0433bb2-5994-e95a-66cb-00cffc215684">
      <Execution id="e22d9891-4d0d-417c-a254-ed57d405be86" />
      <TestMethod codeBase="D:\actions-runner\_work\XPCO\XPCO\AllSolutions\..\MIP\MIPSDK\tst\VideoOS.Platform.SDK.UnitTests\bin\x64\Debug\net6.0-windows\VideoOS.Platform.SDK.UnitTests.dll" adapterTypeName="executor://mstestadapter/v2" className="VideoOS.Platform.SDKUnittest.PlatformTests.CredentialCacheServiceTest" name="TryCreateParentUri_WhenNoUrlKeyPresent_ReturnsNull" />
    </UnitTest>
    <UnitTest name="StartRecording_ShouldDoNothing_WhenRecordingIsAlreadyStarted" storage="d:\actions-runner\_work\xpco\xpco\allsolutions\..\mip\mipsdk\tst\videoos.platform.sdk.unittests\bin\x64\debug\net6.0-windows\videoos.platform.sdk.unittests.dll" id="00438590-3f13-5776-381f-1df4bd82c07f">
      <TestCategory>
        <TestCategoryItem TestCategory="AudioRecorder" />
      </TestCategory>
      <Execution id="abd5bbd4-5e2a-4140-a779-10a7d42f68d4" />
      <TestMethod codeBase="D:\actions-runner\_work\XPCO\XPCO\AllSolutions\..\MIP\MIPSDK\tst\VideoOS.Platform.SDK.UnitTests\bin\x64\Debug\net6.0-windows\VideoOS.Platform.SDK.UnitTests.dll" adapterTypeName="executor://mstestadapter/v2" className="VideoOS.Platform.SDKUnittest.Audio.AudioRecorderTests" name="StartRecording_ShouldDoNothing_WhenRecordingIsAlreadyStarted" />
    </UnitTest>
    <UnitTest name="XpcoAddServerViaSiteItem" storage="d:\actions-runner\_work\xpco\xpco\allsolutions\..\mip\mipsdk\tst\videoos.platform.sdk.unittests\bin\x64\debug\net6.0-windows\videoos.platform.sdk.unittests.dll" id="a251cec6-75d2-c3ac-bfd1-10289d5753e0">
      <Execution id="d162789a-d9eb-4e39-aa74-d7908d3e9363" />
      <TestMethod codeBase="D:\actions-runner\_work\XPCO\XPCO\AllSolutions\..\MIP\MIPSDK\tst\VideoOS.Platform.SDK.UnitTests\bin\x64\Debug\net6.0-windows\VideoOS.Platform.SDK.UnitTests.dll" adapterTypeName="executor://mstestadapter/v2" className="VideoOS.Platform.SDKUnittest.Configuration.XpcoConfigurationTest" name="XpcoAddServerViaSiteItem" />
    </UnitTest>
    <UnitTest name="XpcoNotLoggedinDueToInvalidUri" storage="d:\actions-runner\_work\xpco\xpco\allsolutions\..\mip\mipsdk\tst\videoos.platform.sdk.unittests\bin\x64\debug\net6.0-windows\videoos.platform.sdk.unittests.dll" id="2f9fe530-9f9a-4708-4a26-7c6564c4fadd">
      <Execution id="6f9df338-2066-4ce7-bcaa-a21d37eaad61" />
      <TestMethod codeBase="D:\actions-runner\_work\XPCO\XPCO\AllSolutions\..\MIP\MIPSDK\tst\VideoOS.Platform.SDK.UnitTests\bin\x64\Debug\net6.0-windows\VideoOS.Platform.SDK.UnitTests.dll" adapterTypeName="executor://mstestadapter/v2" className="VideoOS.Platform.SDKUnittest.Configuration.XpcoConfigurationTest" name="XpcoNotLoggedinDueToInvalidUri" />
    </UnitTest>
    <UnitTest name="TryCreateParentUri_WhenBasicAuthHasCredential_ReturnsUrl" storage="d:\actions-runner\_work\xpco\xpco\allsolutions\..\mip\mipsdk\tst\videoos.platform.sdk.unittests\bin\x64\debug\net6.0-windows\videoos.platform.sdk.unittests.dll" id="e02a3aff-4b0e-8be7-4f14-51de7ab4670f">
      <Execution id="f36de450-a7f4-4cd9-917c-e9770a1e585a" />
      <TestMethod codeBase="D:\actions-runner\_work\XPCO\XPCO\AllSolutions\..\MIP\MIPSDK\tst\VideoOS.Platform.SDK.UnitTests\bin\x64\Debug\net6.0-windows\VideoOS.Platform.SDK.UnitTests.dll" adapterTypeName="executor://mstestadapter/v2" className="VideoOS.Platform.SDKUnittest.PlatformTests.CredentialCacheServiceTest" name="TryCreateParentUri_WhenBasicAuthHasCredential_ReturnsUrl" />
    </UnitTest>
    <UnitTest name="XpcoLoadSiteItemWithServerAdded" storage="d:\actions-runner\_work\xpco\xpco\allsolutions\..\mip\mipsdk\tst\videoos.platform.sdk.unittests\bin\x64\debug\net6.0-windows\videoos.platform.sdk.unittests.dll" id="6d93dbe9-2cce-d9d5-7c9f-910853d500ab">
      <Execution id="6d50b701-9f8d-4a6e-8ddd-0940d1f342b0" />
      <TestMethod codeBase="D:\actions-runner\_work\XPCO\XPCO\AllSolutions\..\MIP\MIPSDK\tst\VideoOS.Platform.SDK.UnitTests\bin\x64\Debug\net6.0-windows\VideoOS.Platform.SDK.UnitTests.dll" adapterTypeName="executor://mstestadapter/v2" className="VideoOS.Platform.SDKUnittest.Configuration.XpcoConfigurationTest" name="XpcoLoadSiteItemWithServerAdded" />
    </UnitTest>
    <UnitTest name="Regression_AfterUnInitialize_InstancesNotSame" storage="d:\actions-runner\_work\xpco\xpco\allsolutions\..\mip\mipsdk\tst\videoos.platform.sdk.unittests\bin\x64\debug\net6.0-windows\videoos.platform.sdk.unittests.dll" id="e7650ef8-614d-7abe-3813-4e9e0ee43d28">
      <Execution id="15a392c6-88c0-4fd9-9771-4b086df69667" />
      <TestMethod codeBase="D:\actions-runner\_work\XPCO\XPCO\AllSolutions\..\MIP\MIPSDK\tst\VideoOS.Platform.SDK.UnitTests\bin\x64\Debug\net6.0-windows\VideoOS.Platform.SDK.UnitTests.dll" adapterTypeName="executor://mstestadapter/v2" className="VideoOS.Platform.SDKUnittest.EnvironmentTest" name="Regression_AfterUnInitialize_InstancesNotSame" />
    </UnitTest>
    <UnitTest name="VerifyServerFoundThroughOriginalUri_throughLoginSettings" storage="d:\actions-runner\_work\xpco\xpco\allsolutions\..\mip\mipsdk\tst\videoos.platform.sdk.unittests\bin\x64\debug\net6.0-windows\videoos.platform.sdk.unittests.dll" id="8dfedf8d-5ced-b051-67b1-f21d8190aa73">
      <Execution id="9acc5590-3dae-491c-b9fc-60b4d13c8f30" />
      <TestMethod codeBase="D:\actions-runner\_work\XPCO\XPCO\AllSolutions\..\MIP\MIPSDK\tst\VideoOS.Platform.SDK.UnitTests\bin\x64\Debug\net6.0-windows\VideoOS.Platform.SDK.UnitTests.dll" adapterTypeName="executor://mstestadapter/v2" className="VideoOS.Platform.SDKUnittest.Util.ServerTypeCacheTest" name="VerifyServerFoundThroughOriginalUri_throughLoginSettings" />
    </UnitTest>
    <UnitTest name="CheckInvalidFromString" storage="d:\actions-runner\_work\xpco\xpco\allsolutions\..\mip\mipsdk\tst\videoos.platform.sdk.unittests\bin\x64\debug\net6.0-windows\videoos.platform.sdk.unittests.dll" id="c7a3417f-3205-4b9e-be6a-d435c0a3e965">
      <Execution id="7eb208a3-fa2c-4efb-8b84-5d3b21793b84" />
      <TestMethod codeBase="D:\actions-runner\_work\XPCO\XPCO\AllSolutions\..\MIP\MIPSDK\tst\VideoOS.Platform.SDK.UnitTests\bin\x64\Debug\net6.0-windows\VideoOS.Platform.SDK.UnitTests.dll" adapterTypeName="executor://mstestadapter/v2" className="VideoOS.Platform.SDKUnittest.FeatureTests.TimeConverterTests" name="CheckInvalidFromString" />
    </UnitTest>
    <UnitTest name="Initialize_ShouldSetInstancesFromContainer" storage="d:\actions-runner\_work\xpco\xpco\allsolutions\..\mip\mipsdk\tst\videoos.platform.sdk.unittests\bin\x64\debug\net6.0-windows\videoos.platform.sdk.unittests.dll" id="c99c839d-4d5b-c45c-4faf-632197d463b3">
      <Execution id="dc137af2-3833-45fc-88d9-64871619b3ee" />
      <TestMethod codeBase="D:\actions-runner\_work\XPCO\XPCO\AllSolutions\..\MIP\MIPSDK\tst\VideoOS.Platform.SDK.UnitTests\bin\x64\Debug\net6.0-windows\VideoOS.Platform.SDK.UnitTests.dll" adapterTypeName="executor://mstestadapter/v2" className="VideoOS.Platform.SDKUnittest.EnvironmentTest" name="Initialize_ShouldSetInstancesFromContainer" />
    </UnitTest>
    <UnitTest name="Initialize_ShouldReturnTrue_WhenARecordingDeviceIsAvailable" storage="d:\actions-runner\_work\xpco\xpco\allsolutions\..\mip\mipsdk\tst\videoos.platform.sdk.unittests\bin\x64\debug\net6.0-windows\videoos.platform.sdk.unittests.dll" id="6906b320-58cc-fbbb-8560-616a393b863e">
      <TestCategory>
        <TestCategoryItem TestCategory="AudioRecorder" />
      </TestCategory>
      <Execution id="9d4c62c8-7dd6-495d-bb83-ec4571689aa0" />
      <TestMethod codeBase="D:\actions-runner\_work\XPCO\XPCO\AllSolutions\..\MIP\MIPSDK\tst\VideoOS.Platform.SDK.UnitTests\bin\x64\Debug\net6.0-windows\VideoOS.Platform.SDK.UnitTests.dll" adapterTypeName="executor://mstestadapter/v2" className="VideoOS.Platform.SDKUnittest.Audio.AudioRecorderTests" name="Initialize_ShouldReturnTrue_WhenARecordingDeviceIsAvailable" />
    </UnitTest>
    <UnitTest name="XpcoLoginAndGetConfguration" storage="d:\actions-runner\_work\xpco\xpco\allsolutions\..\mip\mipsdk\tst\videoos.platform.sdk.unittests\bin\x64\debug\net6.0-windows\videoos.platform.sdk.unittests.dll" id="c49e78b9-66ce-7f33-7d97-f70d020ce9e7">
      <Execution id="ed4651bc-5791-4c49-9144-3b077b15d650" />
      <TestMethod codeBase="D:\actions-runner\_work\XPCO\XPCO\AllSolutions\..\MIP\MIPSDK\tst\VideoOS.Platform.SDK.UnitTests\bin\x64\Debug\net6.0-windows\VideoOS.Platform.SDK.UnitTests.dll" adapterTypeName="executor://mstestadapter/v2" className="VideoOS.Platform.SDKUnittest.EnvironmentTests.MessageTests" name="XpcoLoginAndGetConfguration" />
    </UnitTest>
    <UnitTest name="OAuthServerIsOffline" storage="d:\actions-runner\_work\xpco\xpco\allsolutions\..\mip\mipsdk\tst\videoos.platform.sdk.unittests\bin\x64\debug\net6.0-windows\videoos.platform.sdk.unittests.dll" id="f1181353-771a-42f2-9df1-c384eac48176">
      <Execution id="58b56e9c-2507-4261-ac09-15972d76e545" />
      <TestMethod codeBase="D:\actions-runner\_work\XPCO\XPCO\AllSolutions\..\MIP\MIPSDK\tst\VideoOS.Platform.SDK.UnitTests\bin\x64\Debug\net6.0-windows\VideoOS.Platform.SDK.UnitTests.dll" adapterTypeName="executor://mstestadapter/v2" className="VideoOS.Platform.SDKUnittest.Server.ConnectTest" name="OAuthServerIsOffline" />
    </UnitTest>
    <UnitTest name="TryCreateParentUri_WhenSecondUrlKeyPresent_ReturnsIt" storage="d:\actions-runner\_work\xpco\xpco\allsolutions\..\mip\mipsdk\tst\videoos.platform.sdk.unittests\bin\x64\debug\net6.0-windows\videoos.platform.sdk.unittests.dll" id="c6c8e4f0-4405-665a-2542-a321d8677d46">
      <Execution id="da5910f2-3789-4f8a-b251-1666eba38ea6" />
      <TestMethod codeBase="D:\actions-runner\_work\XPCO\XPCO\AllSolutions\..\MIP\MIPSDK\tst\VideoOS.Platform.SDK.UnitTests\bin\x64\Debug\net6.0-windows\VideoOS.Platform.SDK.UnitTests.dll" adapterTypeName="executor://mstestadapter/v2" className="VideoOS.Platform.SDKUnittest.PlatformTests.CredentialCacheServiceTest" name="TryCreateParentUri_WhenSecondUrlKeyPresent_ReturnsIt" />
    </UnitTest>
    <UnitTest name="Free_ShouldNotChangeRecordingStatus_WhenRecordingIsStopped" storage="d:\actions-runner\_work\xpco\xpco\allsolutions\..\mip\mipsdk\tst\videoos.platform.sdk.unittests\bin\x64\debug\net6.0-windows\videoos.platform.sdk.unittests.dll" id="b65005d3-1361-e0b7-9c4d-43d19b2fd72f">
      <TestCategory>
        <TestCategoryItem TestCategory="AudioRecorder" />
      </TestCategory>
      <Execution id="de23c225-a61d-433e-9f62-8d7fc059c14f" />
      <TestMethod codeBase="D:\actions-runner\_work\XPCO\XPCO\AllSolutions\..\MIP\MIPSDK\tst\VideoOS.Platform.SDK.UnitTests\bin\x64\Debug\net6.0-windows\VideoOS.Platform.SDK.UnitTests.dll" adapterTypeName="executor://mstestadapter/v2" className="VideoOS.Platform.SDKUnittest.Audio.AudioRecorderTests" name="Free_ShouldNotChangeRecordingStatus_WhenRecordingIsStopped" />
    </UnitTest>
    <UnitTest name="OutgoingAudioWaveFormatSamplesPerSecond_ShouldBeSet_WhenValueIsAllowed" storage="d:\actions-runner\_work\xpco\xpco\allsolutions\..\mip\mipsdk\tst\videoos.platform.sdk.unittests\bin\x64\debug\net6.0-windows\videoos.platform.sdk.unittests.dll" id="ec1b8724-7d12-203f-4036-aea2a965aaa8">
      <TestCategory>
        <TestCategoryItem TestCategory="AudioRecorder" />
      </TestCategory>
      <Execution id="511d6dda-ea5f-44ee-8270-0bce3c89c040" />
      <TestMethod codeBase="D:\actions-runner\_work\XPCO\XPCO\AllSolutions\..\MIP\MIPSDK\tst\VideoOS.Platform.SDK.UnitTests\bin\x64\Debug\net6.0-windows\VideoOS.Platform.SDK.UnitTests.dll" adapterTypeName="executor://mstestadapter/v2" className="VideoOS.Platform.SDKUnittest.Audio.AudioRecorderTests" name="OutgoingAudioWaveFormatSamplesPerSecond_ShouldBeSet_WhenValueIsAllowed" />
    </UnitTest>
    <UnitTest name="VerifyServerFoundThroughOriginalUri_throughUri" storage="d:\actions-runner\_work\xpco\xpco\allsolutions\..\mip\mipsdk\tst\videoos.platform.sdk.unittests\bin\x64\debug\net6.0-windows\videoos.platform.sdk.unittests.dll" id="d9ca8b92-f19f-e9c9-3fff-9ecc10403148">
      <Execution id="1642e929-7aef-46c0-951b-2bc6be497e26" />
      <TestMethod codeBase="D:\actions-runner\_work\XPCO\XPCO\AllSolutions\..\MIP\MIPSDK\tst\VideoOS.Platform.SDK.UnitTests\bin\x64\Debug\net6.0-windows\VideoOS.Platform.SDK.UnitTests.dll" adapterTypeName="executor://mstestadapter/v2" className="VideoOS.Platform.SDKUnittest.Util.ServerTypeCacheTest" name="VerifyServerFoundThroughOriginalUri_throughUri" />
    </UnitTest>
    <UnitTest name="GetDisabledDevices_Success" storage="d:\actions-runner\_work\xpco\xpco\allsolutions\..\mip\mipsdk\tst\videoos.platform.sdk.unittests\bin\x64\debug\net6.0-windows\videoos.platform.sdk.unittests.dll" id="77eef133-6232-6ffd-513d-bce5ef28eb6d">
      <Execution id="b984bde2-06fa-4d91-b9dd-7c89e8e62943" />
      <TestMethod codeBase="D:\actions-runner\_work\XPCO\XPCO\AllSolutions\..\MIP\MIPSDK\tst\VideoOS.Platform.SDK.UnitTests\bin\x64\Debug\net6.0-windows\VideoOS.Platform.SDK.UnitTests.dll" adapterTypeName="executor://mstestadapter/v2" className="VideoOS.Platform.SDKUnittest.EnvironmentServiceTest" name="GetDisabledDevices_Success" />
    </UnitTest>
    <UnitTest name="CheckBaseTime1970FromInt" storage="d:\actions-runner\_work\xpco\xpco\allsolutions\..\mip\mipsdk\tst\videoos.platform.sdk.unittests\bin\x64\debug\net6.0-windows\videoos.platform.sdk.unittests.dll" id="4bb35674-bcae-db3f-8d79-6da9552ffd66">
      <Execution id="a70feff4-192a-45ac-9023-48abd7d56488" />
      <TestMethod codeBase="D:\actions-runner\_work\XPCO\XPCO\AllSolutions\..\MIP\MIPSDK\tst\VideoOS.Platform.SDK.UnitTests\bin\x64\Debug\net6.0-windows\VideoOS.Platform.SDK.UnitTests.dll" adapterTypeName="executor://mstestadapter/v2" className="VideoOS.Platform.SDKUnittest.FeatureTests.TimeConverterTests" name="CheckBaseTime1970FromInt" />
    </UnitTest>
    <UnitTest name="XpcoLoadSiteItemWithNoServerAdded" storage="d:\actions-runner\_work\xpco\xpco\allsolutions\..\mip\mipsdk\tst\videoos.platform.sdk.unittests\bin\x64\debug\net6.0-windows\videoos.platform.sdk.unittests.dll" id="42bdc251-86a2-3f22-7f1a-f6d4ae2e2647">
      <Execution id="91717749-f882-4561-89ce-c3e95f284788" />
      <TestMethod codeBase="D:\actions-runner\_work\XPCO\XPCO\AllSolutions\..\MIP\MIPSDK\tst\VideoOS.Platform.SDK.UnitTests\bin\x64\Debug\net6.0-windows\VideoOS.Platform.SDK.UnitTests.dll" adapterTypeName="executor://mstestadapter/v2" className="VideoOS.Platform.SDKUnittest.Configuration.XpcoConfigurationTest" name="XpcoLoadSiteItemWithNoServerAdded" />
    </UnitTest>
    <UnitTest name="IgnoreDomainCompareOk" storage="d:\actions-runner\_work\xpco\xpco\allsolutions\..\mip\mipsdk\tst\videoos.platform.sdk.unittests\bin\x64\debug\net6.0-windows\videoos.platform.sdk.unittests.dll" id="0762669f-0ef8-d6fa-dd94-0659f0ba0a43">
      <Execution id="7e71f3ed-21ed-4162-ae84-b13951459eb0" />
      <TestMethod codeBase="D:\actions-runner\_work\XPCO\XPCO\AllSolutions\..\MIP\MIPSDK\tst\VideoOS.Platform.SDK.UnitTests\bin\x64\Debug\net6.0-windows\VideoOS.Platform.SDK.UnitTests.dll" adapterTypeName="executor://mstestadapter/v2" className="VideoOS.Platform.SDKUnittest.FeatureTests.UriUtilTest" name="IgnoreDomainCompareOk" />
    </UnitTest>
    <UnitTest name="LoadSiteItem_WithServerType_Success" storage="d:\actions-runner\_work\xpco\xpco\allsolutions\..\mip\mipsdk\tst\videoos.platform.sdk.unittests\bin\x64\debug\net6.0-windows\videoos.platform.sdk.unittests.dll" id="bc335d91-1297-3bd7-e46e-c0c3ae74878f">
      <Execution id="7963e8ac-bc42-4a80-90d8-c6dc4dac43c2" />
      <TestMethod codeBase="D:\actions-runner\_work\XPCO\XPCO\AllSolutions\..\MIP\MIPSDK\tst\VideoOS.Platform.SDK.UnitTests\bin\x64\Debug\net6.0-windows\VideoOS.Platform.SDK.UnitTests.dll" adapterTypeName="executor://mstestadapter/v2" className="VideoOS.Platform.SDKUnittest.EnvironmentServiceTest" name="LoadSiteItem_WithServerType_Success" />
    </UnitTest>
    <UnitTest name="XpcoCameraChecks" storage="d:\actions-runner\_work\xpco\xpco\allsolutions\..\mip\mipsdk\tst\videoos.platform.sdk.unittests\bin\x64\debug\net6.0-windows\videoos.platform.sdk.unittests.dll" id="f71a8f3c-6ec8-1514-8d34-be3746728018">
      <Execution id="af16b119-3b01-402a-98b5-893d43a6f915" />
      <TestMethod codeBase="D:\actions-runner\_work\XPCO\XPCO\AllSolutions\..\MIP\MIPSDK\tst\VideoOS.Platform.SDK.UnitTests\bin\x64\Debug\net6.0-windows\VideoOS.Platform.SDK.UnitTests.dll" adapterTypeName="executor://mstestadapter/v2" className="VideoOS.Platform.SDKUnittest.Configuration.XpcoConfigurationTest" name="XpcoCameraChecks" />
    </UnitTest>
    <UnitTest name="Initialize_ShouldReturnFalse_WhenNoRecordingDeviceIsAvailable" storage="d:\actions-runner\_work\xpco\xpco\allsolutions\..\mip\mipsdk\tst\videoos.platform.sdk.unittests\bin\x64\debug\net6.0-windows\videoos.platform.sdk.unittests.dll" id="9e96d681-4077-c58a-c79c-4c329c7488ff">
      <TestCategory>
        <TestCategoryItem TestCategory="AudioRecorder" />
      </TestCategory>
      <Execution id="3d379e53-624c-45fc-958e-2d43b99129f2" />
      <TestMethod codeBase="D:\actions-runner\_work\XPCO\XPCO\AllSolutions\..\MIP\MIPSDK\tst\VideoOS.Platform.SDK.UnitTests\bin\x64\Debug\net6.0-windows\VideoOS.Platform.SDK.UnitTests.dll" adapterTypeName="executor://mstestadapter/v2" className="VideoOS.Platform.SDKUnittest.Audio.AudioRecorderTests" name="Initialize_ShouldReturnFalse_WhenNoRecordingDeviceIsAvailable" />
    </UnitTest>
    <UnitTest name="XpcoServerConnectedFail" storage="d:\actions-runner\_work\xpco\xpco\allsolutions\..\mip\mipsdk\tst\videoos.platform.sdk.unittests\bin\x64\debug\net6.0-windows\videoos.platform.sdk.unittests.dll" id="cba02d2f-4f19-49c0-1575-9037f596fa95">
      <Execution id="4e730942-d53e-4136-9981-e2d00c249905" />
      <TestMethod codeBase="D:\actions-runner\_work\XPCO\XPCO\AllSolutions\..\MIP\MIPSDK\tst\VideoOS.Platform.SDK.UnitTests\bin\x64\Debug\net6.0-windows\VideoOS.Platform.SDK.UnitTests.dll" adapterTypeName="executor://mstestadapter/v2" className="VideoOS.Platform.SDKUnittest.Configuration.XpcoConfigurationTest" name="XpcoServerConnectedFail" />
    </UnitTest>
    <UnitTest name="Given_Nothing_When_AMessageCannotBeParsed_Then_ItIsLoggedAsWarning" storage="d:\actions-runner\_work\xpco\xpco\allsolutions\..\mip\mipsdk\tst\videoos.platform.sdk.unittests\bin\x64\debug\net6.0-windows\videoos.platform.sdk.unittests.dll" id="23b8a97d-73db-ca9d-ee8d-e27bad17d5d3">
      <Execution id="30b04b44-b013-47f7-9244-6091b5c78779" />
      <TestMethod codeBase="D:\actions-runner\_work\XPCO\XPCO\AllSolutions\..\MIP\MIPSDK\tst\VideoOS.Platform.SDK.UnitTests\bin\x64\Debug\net6.0-windows\VideoOS.Platform.SDK.UnitTests.dll" adapterTypeName="executor://mstestadapter/v2" className="VideoOS.Platform.SDKUnittest.EventsAndState.CommandHandlerTest" name="Given_Nothing_When_AMessageCannotBeParsed_Then_ItIsLoggedAsWarning" />
    </UnitTest>
    <UnitTest name="StartRecording_ShouldThrowException_WhenFreeIsCalled" storage="d:\actions-runner\_work\xpco\xpco\allsolutions\..\mip\mipsdk\tst\videoos.platform.sdk.unittests\bin\x64\debug\net6.0-windows\videoos.platform.sdk.unittests.dll" id="507edd3e-d589-f46c-9a31-6fd66195d4a0">
      <TestCategory>
        <TestCategoryItem TestCategory="AudioRecorder" />
      </TestCategory>
      <Execution id="5a4331e7-8000-4091-8783-a1cfb68fd6f7" />
      <TestMethod codeBase="D:\actions-runner\_work\XPCO\XPCO\AllSolutions\..\MIP\MIPSDK\tst\VideoOS.Platform.SDK.UnitTests\bin\x64\Debug\net6.0-windows\VideoOS.Platform.SDK.UnitTests.dll" adapterTypeName="executor://mstestadapter/v2" className="VideoOS.Platform.SDKUnittest.Audio.AudioRecorderTests" name="StartRecording_ShouldThrowException_WhenFreeIsCalled" />
    </UnitTest>
    <UnitTest name="XpcoSiteInfoUriNoSuccessActiveDirectory" storage="d:\actions-runner\_work\xpco\xpco\allsolutions\..\mip\mipsdk\tst\videoos.platform.sdk.unittests\bin\x64\debug\net6.0-windows\videoos.platform.sdk.unittests.dll" id="f232c283-5c67-bba8-153c-a9bb7624a0ae">
      <Execution id="cdbbb093-660e-47bd-9bf0-78934cc887e4" />
      <TestMethod codeBase="D:\actions-runner\_work\XPCO\XPCO\AllSolutions\..\MIP\MIPSDK\tst\VideoOS.Platform.SDK.UnitTests\bin\x64\Debug\net6.0-windows\VideoOS.Platform.SDK.UnitTests.dll" adapterTypeName="executor://mstestadapter/v2" className="VideoOS.Platform.SDKUnittest.EnvironmentTests.MultiEnvironmentTests" name="XpcoSiteInfoUriNoSuccessActiveDirectory" />
    </UnitTest>
    <UnitTest name="RemoveServer_WithIdWhenLoginSettingsNotNull_Correct" storage="d:\actions-runner\_work\xpco\xpco\allsolutions\..\mip\mipsdk\tst\videoos.platform.sdk.unittests\bin\x64\debug\net6.0-windows\videoos.platform.sdk.unittests.dll" id="1c378be1-6602-2c62-b3de-426ce05f22b8">
      <Execution id="ee5c8219-79dd-49f9-aeea-31164464e8ba" />
      <TestMethod codeBase="D:\actions-runner\_work\XPCO\XPCO\AllSolutions\..\MIP\MIPSDK\tst\VideoOS.Platform.SDK.UnitTests\bin\x64\Debug\net6.0-windows\VideoOS.Platform.SDK.UnitTests.dll" adapterTypeName="executor://mstestadapter/v2" className="VideoOS.Platform.SDKUnittest.EnvironmentServiceTest" name="RemoveServer_WithIdWhenLoginSettingsNotNull_Correct" />
    </UnitTest>
    <UnitTest name="InitializeTwice_ShouldCallServiceInitOnce" storage="d:\actions-runner\_work\xpco\xpco\allsolutions\..\mip\mipsdk\tst\videoos.platform.sdk.unittests\bin\x64\debug\net6.0-windows\videoos.platform.sdk.unittests.dll" id="13db86b8-d705-e0c0-8e48-91f126870b66">
      <Execution id="0c04dc9c-7d04-4b50-b497-e8cfe86f52a7" />
      <TestMethod codeBase="D:\actions-runner\_work\XPCO\XPCO\AllSolutions\..\MIP\MIPSDK\tst\VideoOS.Platform.SDK.UnitTests\bin\x64\Debug\net6.0-windows\VideoOS.Platform.SDK.UnitTests.dll" adapterTypeName="executor://mstestadapter/v2" className="VideoOS.Platform.SDKUnittest.EnvironmentTest" name="InitializeTwice_ShouldCallServiceInitOnce" />
    </UnitTest>
    <UnitTest name="RemoveServer_WithUriWhenLoginSettingsNull_Correct" storage="d:\actions-runner\_work\xpco\xpco\allsolutions\..\mip\mipsdk\tst\videoos.platform.sdk.unittests\bin\x64\debug\net6.0-windows\videoos.platform.sdk.unittests.dll" id="4dfbe4c0-1bce-f685-302b-c39ffaaec33c">
      <Execution id="f434e228-462e-447b-86ba-4c6e8eb10c5f" />
      <TestMethod codeBase="D:\actions-runner\_work\XPCO\XPCO\AllSolutions\..\MIP\MIPSDK\tst\VideoOS.Platform.SDK.UnitTests\bin\x64\Debug\net6.0-windows\VideoOS.Platform.SDK.UnitTests.dll" adapterTypeName="executor://mstestadapter/v2" className="VideoOS.Platform.SDKUnittest.EnvironmentServiceTest" name="RemoveServer_WithUriWhenLoginSettingsNull_Correct" />
    </UnitTest>
    <UnitTest name="Given_Connected_When_GetCurrentStateSuccesful_Then_StatesAreReturned" storage="d:\actions-runner\_work\xpco\xpco\allsolutions\..\mip\mipsdk\tst\videoos.platform.sdk.unittests\bin\x64\debug\net6.0-windows\videoos.platform.sdk.unittests.dll" id="6c2774fd-5517-8aea-be70-fd37a3cf85af">
      <Execution id="e1748bc6-2e20-48b8-96ff-3a6996e49966" />
      <TestMethod codeBase="D:\actions-runner\_work\XPCO\XPCO\AllSolutions\..\MIP\MIPSDK\tst\VideoOS.Platform.SDK.UnitTests\bin\x64\Debug\net6.0-windows\VideoOS.Platform.SDK.UnitTests.dll" adapterTypeName="executor://mstestadapter/v2" className="VideoOS.Platform.SDKUnittest.EventsAndState.EventsAndStateClientTest" name="Given_Connected_When_GetCurrentStateSuccesful_Then_StatesAreReturned" />
    </UnitTest>
    <UnitTest name="Given_ReceivedMessageIsProperJson_When_Parsing_Then_JObjectIsReturned" storage="d:\actions-runner\_work\xpco\xpco\allsolutions\..\mip\mipsdk\tst\videoos.platform.sdk.unittests\bin\x64\debug\net6.0-windows\videoos.platform.sdk.unittests.dll" id="e0a5e776-29a3-f806-618e-c50f5461dfdb">
      <Execution id="38b32e55-ebce-46e6-acb1-194f1158114b" />
      <TestMethod codeBase="D:\actions-runner\_work\XPCO\XPCO\AllSolutions\..\MIP\MIPSDK\tst\VideoOS.Platform.SDK.UnitTests\bin\x64\Debug\net6.0-windows\VideoOS.Platform.SDK.UnitTests.dll" adapterTypeName="executor://mstestadapter/v2" className="VideoOS.Platform.SDKUnittest.EventsAndState.MessageParserTests" name="Given_ReceivedMessageIsProperJson_When_Parsing_Then_JObjectIsReturned" />
    </UnitTest>
    <UnitTest name="TryCreateParentUri_WhenNogotiateAuthHasCredential_ReturnsUrl" storage="d:\actions-runner\_work\xpco\xpco\allsolutions\..\mip\mipsdk\tst\videoos.platform.sdk.unittests\bin\x64\debug\net6.0-windows\videoos.platform.sdk.unittests.dll" id="52b4d95e-92b1-ab9e-b0b4-d924fa19acdb">
      <Execution id="5cd4bc60-e010-4fa3-bab6-677276998479" />
      <TestMethod codeBase="D:\actions-runner\_work\XPCO\XPCO\AllSolutions\..\MIP\MIPSDK\tst\VideoOS.Platform.SDK.UnitTests\bin\x64\Debug\net6.0-windows\VideoOS.Platform.SDK.UnitTests.dll" adapterTypeName="executor://mstestadapter/v2" className="VideoOS.Platform.SDKUnittest.PlatformTests.CredentialCacheServiceTest" name="TryCreateParentUri_WhenNogotiateAuthHasCredential_ReturnsUrl" />
    </UnitTest>
    <UnitTest name="RemoveAllServers_Success" storage="d:\actions-runner\_work\xpco\xpco\allsolutions\..\mip\mipsdk\tst\videoos.platform.sdk.unittests\bin\x64\debug\net6.0-windows\videoos.platform.sdk.unittests.dll" id="517e0e3b-7634-80b0-69a7-bd9c7f21e593">
      <Execution id="186d6639-0997-4ef3-b0c2-161910ccebc2" />
      <TestMethod codeBase="D:\actions-runner\_work\XPCO\XPCO\AllSolutions\..\MIP\MIPSDK\tst\VideoOS.Platform.SDK.UnitTests\bin\x64\Debug\net6.0-windows\VideoOS.Platform.SDK.UnitTests.dll" adapterTypeName="executor://mstestadapter/v2" className="VideoOS.Platform.SDKUnittest.EnvironmentServiceTest" name="RemoveAllServers_Success" />
    </UnitTest>
    <UnitTest name="CheckToMilisecString" storage="d:\actions-runner\_work\xpco\xpco\allsolutions\..\mip\mipsdk\tst\videoos.platform.sdk.unittests\bin\x64\debug\net6.0-windows\videoos.platform.sdk.unittests.dll" id="05f781d9-9be7-1af3-c443-40faaa2345fc">
      <Execution id="600d6f39-6760-4a9f-bf48-16a174f2a787" />
      <TestMethod codeBase="D:\actions-runner\_work\XPCO\XPCO\AllSolutions\..\MIP\MIPSDK\tst\VideoOS.Platform.SDK.UnitTests\bin\x64\Debug\net6.0-windows\VideoOS.Platform.SDK.UnitTests.dll" adapterTypeName="executor://mstestadapter/v2" className="VideoOS.Platform.SDKUnittest.FeatureTests.TimeConverterTests" name="CheckToMilisecString" />
    </UnitTest>
    <UnitTest name="Given_TwoPendingCommands_When_ReceivingResponsesForBothCommans_Then_ResponsesArePairedWithCorrectCommand" storage="d:\actions-runner\_work\xpco\xpco\allsolutions\..\mip\mipsdk\tst\videoos.platform.sdk.unittests\bin\x64\debug\net6.0-windows\videoos.platform.sdk.unittests.dll" id="7a5a60cf-65df-425a-ef34-31b7542d0324">
      <Execution id="546a092d-a059-4cb6-ba73-8f77e40eea53" />
      <TestMethod codeBase="D:\actions-runner\_work\XPCO\XPCO\AllSolutions\..\MIP\MIPSDK\tst\VideoOS.Platform.SDK.UnitTests\bin\x64\Debug\net6.0-windows\VideoOS.Platform.SDK.UnitTests.dll" adapterTypeName="executor://mstestadapter/v2" className="VideoOS.Platform.SDKUnittest.EventsAndState.CommandHandlerTest" name="Given_TwoPendingCommands_When_ReceivingResponsesForBothCommans_Then_ResponsesArePairedWithCorrectCommand" />
    </UnitTest>
    <UnitTest name="InitializeUnitializeInitialize_ShouldCallServiceInitTwice" storage="d:\actions-runner\_work\xpco\xpco\allsolutions\..\mip\mipsdk\tst\videoos.platform.sdk.unittests\bin\x64\debug\net6.0-windows\videoos.platform.sdk.unittests.dll" id="4df6750c-aff6-44b1-13dd-4de227a8986b">
      <Execution id="327f0770-4068-44d1-abe1-f6157e90d035" />
      <TestMethod codeBase="D:\actions-runner\_work\XPCO\XPCO\AllSolutions\..\MIP\MIPSDK\tst\VideoOS.Platform.SDK.UnitTests\bin\x64\Debug\net6.0-windows\VideoOS.Platform.SDK.UnitTests.dll" adapterTypeName="executor://mstestadapter/v2" className="VideoOS.Platform.SDKUnittest.EnvironmentTest" name="InitializeUnitializeInitialize_ShouldCallServiceInitTwice" />
    </UnitTest>
    <UnitTest name="Initialize_ShouldNotSetApplicationStateOn" storage="d:\actions-runner\_work\xpco\xpco\allsolutions\..\mip\mipsdk\tst\videoos.platform.sdk.unittests\bin\x64\debug\net6.0-windows\videoos.platform.sdk.unittests.dll" id="56d2e303-9191-fd62-30a9-ea9298b86cd6">
      <Execution id="efec4aac-5b2e-41b7-8ec3-91bac6f69c6f" />
      <TestMethod codeBase="D:\actions-runner\_work\XPCO\XPCO\AllSolutions\..\MIP\MIPSDK\tst\VideoOS.Platform.SDK.UnitTests\bin\x64\Debug\net6.0-windows\VideoOS.Platform.SDK.UnitTests.dll" adapterTypeName="executor://mstestadapter/v2" className="VideoOS.Platform.SDKUnittest.EnvironmentTest" name="Initialize_ShouldNotSetApplicationStateOn" />
    </UnitTest>
    <UnitTest name="StopRecording_ShouldDoNothing_WhenRecordingIsNotStarted" storage="d:\actions-runner\_work\xpco\xpco\allsolutions\..\mip\mipsdk\tst\videoos.platform.sdk.unittests\bin\x64\debug\net6.0-windows\videoos.platform.sdk.unittests.dll" id="21868baf-ff05-ff85-7303-76deb1e29922">
      <TestCategory>
        <TestCategoryItem TestCategory="AudioRecorder" />
      </TestCategory>
      <Execution id="c6ce05dd-3514-4842-af98-7052fe2939d9" />
      <TestMethod codeBase="D:\actions-runner\_work\XPCO\XPCO\AllSolutions\..\MIP\MIPSDK\tst\VideoOS.Platform.SDK.UnitTests\bin\x64\Debug\net6.0-windows\VideoOS.Platform.SDK.UnitTests.dll" adapterTypeName="executor://mstestadapter/v2" className="VideoOS.Platform.SDKUnittest.Audio.AudioRecorderTests" name="StopRecording_ShouldDoNothing_WhenRecordingIsNotStarted" />
    </UnitTest>
    <UnitTest name="Givent_MessageContainingEventWithData_When_ConvertingToEvents_Then_DataIsOfType_JsonHandling_JSonObject" storage="d:\actions-runner\_work\xpco\xpco\allsolutions\..\mip\mipsdk\tst\videoos.platform.sdk.unittests\bin\x64\debug\net6.0-windows\videoos.platform.sdk.unittests.dll" id="b4cef04e-2d44-bef8-05c3-d2ca96c4a23e">
      <Execution id="510d626b-dd37-48e0-9ac6-1655840ea13d" />
      <TestMethod codeBase="D:\actions-runner\_work\XPCO\XPCO\AllSolutions\..\MIP\MIPSDK\tst\VideoOS.Platform.SDK.UnitTests\bin\x64\Debug\net6.0-windows\VideoOS.Platform.SDK.UnitTests.dll" adapterTypeName="executor://mstestadapter/v2" className="VideoOS.Platform.SDKUnittest.EventsAndState.SerializationTests" name="Givent_MessageContainingEventWithData_When_ConvertingToEvents_Then_DataIsOfType_JsonHandling_JSonObject" />
    </UnitTest>
    <UnitTest name="CheckToMillisecString" storage="d:\actions-runner\_work\xpco\xpco\allsolutions\..\mip\mipsdk\tst\videoos.platform.sdk.unittests\bin\x64\debug\net6.0-windows\videoos.platform.sdk.unittests.dll" id="170c026e-6a95-4bb2-d08c-c04ad61f24e2">
      <Execution id="b6251d16-2c8c-4d22-a74d-9093b8f6b3fc" />
      <TestMethod codeBase="D:\actions-runner\_work\XPCO\XPCO\AllSolutions\..\MIP\MIPSDK\tst\VideoOS.Platform.SDK.UnitTests\bin\x64\Debug\net6.0-windows\VideoOS.Platform.SDK.UnitTests.dll" adapterTypeName="executor://mstestadapter/v2" className="VideoOS.Platform.SDKUnittest.FeatureTests.TimeConverterTests" name="CheckToMillisecString" />
    </UnitTest>
    <UnitTest name="Free_ShouldNotChangeRecordingStatus_WhenRecordingIsNotStarted" storage="d:\actions-runner\_work\xpco\xpco\allsolutions\..\mip\mipsdk\tst\videoos.platform.sdk.unittests\bin\x64\debug\net6.0-windows\videoos.platform.sdk.unittests.dll" id="48cb99ba-5270-df3c-8533-76671ff09a4c">
      <TestCategory>
        <TestCategoryItem TestCategory="AudioRecorder" />
      </TestCategory>
      <Execution id="ad445a49-10d9-4fcc-a707-028a4bc42d4c" />
      <TestMethod codeBase="D:\actions-runner\_work\XPCO\XPCO\AllSolutions\..\MIP\MIPSDK\tst\VideoOS.Platform.SDK.UnitTests\bin\x64\Debug\net6.0-windows\VideoOS.Platform.SDK.UnitTests.dll" adapterTypeName="executor://mstestadapter/v2" className="VideoOS.Platform.SDKUnittest.Audio.AudioRecorderTests" name="Free_ShouldNotChangeRecordingStatus_WhenRecordingIsNotStarted" />
    </UnitTest>
    <UnitTest name="Remove_WhenBasicUser_RemovesWithBasicAuth" storage="d:\actions-runner\_work\xpco\xpco\allsolutions\..\mip\mipsdk\tst\videoos.platform.sdk.unittests\bin\x64\debug\net6.0-windows\videoos.platform.sdk.unittests.dll" id="9af294cd-fee0-58b0-3d1f-b496c687f868">
      <Execution id="088f43dd-e65c-40fd-a0b2-4a7d1f0254b7" />
      <TestMethod codeBase="D:\actions-runner\_work\XPCO\XPCO\AllSolutions\..\MIP\MIPSDK\tst\VideoOS.Platform.SDK.UnitTests\bin\x64\Debug\net6.0-windows\VideoOS.Platform.SDK.UnitTests.dll" adapterTypeName="executor://mstestadapter/v2" className="VideoOS.Platform.SDKUnittest.PlatformTests.CredentialCacheServiceTest" name="Remove_WhenBasicUser_RemovesWithBasicAuth" />
    </UnitTest>
    <UnitTest name="XpcoSiteInfoUriNoSuccessBasic" storage="d:\actions-runner\_work\xpco\xpco\allsolutions\..\mip\mipsdk\tst\videoos.platform.sdk.unittests\bin\x64\debug\net6.0-windows\videoos.platform.sdk.unittests.dll" id="48cf9cec-86cd-b055-9df4-4490d5d29676">
      <Execution id="54b7b4dc-dc8b-4a62-8e4a-eab1294abb60" />
      <TestMethod codeBase="D:\actions-runner\_work\XPCO\XPCO\AllSolutions\..\MIP\MIPSDK\tst\VideoOS.Platform.SDK.UnitTests\bin\x64\Debug\net6.0-windows\VideoOS.Platform.SDK.UnitTests.dll" adapterTypeName="executor://mstestadapter/v2" className="VideoOS.Platform.SDKUnittest.EnvironmentTests.MultiEnvironmentTests" name="XpcoSiteInfoUriNoSuccessBasic" />
    </UnitTest>
    <UnitTest name="TryCreateParentUri_WhenFirstUrlKeyPresent_ReturnsIt" storage="d:\actions-runner\_work\xpco\xpco\allsolutions\..\mip\mipsdk\tst\videoos.platform.sdk.unittests\bin\x64\debug\net6.0-windows\videoos.platform.sdk.unittests.dll" id="e7459368-bf71-df4a-32b1-79ab60633652">
      <Execution id="230b9c79-8d55-4fa4-bf16-5a4d7af41141" />
      <TestMethod codeBase="D:\actions-runner\_work\XPCO\XPCO\AllSolutions\..\MIP\MIPSDK\tst\VideoOS.Platform.SDK.UnitTests\bin\x64\Debug\net6.0-windows\VideoOS.Platform.SDK.UnitTests.dll" adapterTypeName="executor://mstestadapter/v2" className="VideoOS.Platform.SDKUnittest.PlatformTests.CredentialCacheServiceTest" name="TryCreateParentUri_WhenFirstUrlKeyPresent_ReturnsIt" />
    </UnitTest>
    <UnitTest name="Free_ShouldStopRecording_WhenRecordingIsStarted" storage="d:\actions-runner\_work\xpco\xpco\allsolutions\..\mip\mipsdk\tst\videoos.platform.sdk.unittests\bin\x64\debug\net6.0-windows\videoos.platform.sdk.unittests.dll" id="e480450b-9f62-5e54-a1f5-cc1228ba5cde">
      <TestCategory>
        <TestCategoryItem TestCategory="AudioRecorder" />
      </TestCategory>
      <Execution id="f157e8f1-5fcf-419a-8127-769befb346ad" />
      <TestMethod codeBase="D:\actions-runner\_work\XPCO\XPCO\AllSolutions\..\MIP\MIPSDK\tst\VideoOS.Platform.SDK.UnitTests\bin\x64\Debug\net6.0-windows\VideoOS.Platform.SDK.UnitTests.dll" adapterTypeName="executor://mstestadapter/v2" className="VideoOS.Platform.SDKUnittest.Audio.AudioRecorderTests" name="Free_ShouldStopRecording_WhenRecordingIsStarted" />
    </UnitTest>
    <UnitTest name="RemoveServer_WithUriWhenLoginSettingsNotNull_Correct" storage="d:\actions-runner\_work\xpco\xpco\allsolutions\..\mip\mipsdk\tst\videoos.platform.sdk.unittests\bin\x64\debug\net6.0-windows\videoos.platform.sdk.unittests.dll" id="ffdb0d83-235f-7713-020c-369ea19b66a1">
      <Execution id="a3bff0e4-c803-47aa-89e9-ebda37c955ac" />
      <TestMethod codeBase="D:\actions-runner\_work\XPCO\XPCO\AllSolutions\..\MIP\MIPSDK\tst\VideoOS.Platform.SDK.UnitTests\bin\x64\Debug\net6.0-windows\VideoOS.Platform.SDK.UnitTests.dll" adapterTypeName="executor://mstestadapter/v2" className="VideoOS.Platform.SDKUnittest.EnvironmentServiceTest" name="RemoveServer_WithUriWhenLoginSettingsNotNull_Correct" />
    </UnitTest>
    <UnitTest name="XpcoIdentificationAndLoginSuccess" storage="d:\actions-runner\_work\xpco\xpco\allsolutions\..\mip\mipsdk\tst\videoos.platform.sdk.unittests\bin\x64\debug\net6.0-windows\videoos.platform.sdk.unittests.dll" id="60409c99-de38-bfcd-7919-8dbdd2d23a16">
      <Execution id="df6d8944-555e-4424-9905-581026024df5" />
      <TestMethod codeBase="D:\actions-runner\_work\XPCO\XPCO\AllSolutions\..\MIP\MIPSDK\tst\VideoOS.Platform.SDK.UnitTests\bin\x64\Debug\net6.0-windows\VideoOS.Platform.SDK.UnitTests.dll" adapterTypeName="executor://mstestadapter/v2" className="VideoOS.Platform.SDKUnittest.Configuration.XpcoConfigurationTest" name="XpcoIdentificationAndLoginSuccess" />
    </UnitTest>
    <UnitTest name="Given_Nothing_When_ConnectSuccessful_Then_NoException" storage="d:\actions-runner\_work\xpco\xpco\allsolutions\..\mip\mipsdk\tst\videoos.platform.sdk.unittests\bin\x64\debug\net6.0-windows\videoos.platform.sdk.unittests.dll" id="4775d5be-0ebd-4836-7626-4829a69cf7bb">
      <Execution id="54b9b5dc-7b94-4530-b8a0-a8781e5a418f" />
      <TestMethod codeBase="D:\actions-runner\_work\XPCO\XPCO\AllSolutions\..\MIP\MIPSDK\tst\VideoOS.Platform.SDK.UnitTests\bin\x64\Debug\net6.0-windows\VideoOS.Platform.SDK.UnitTests.dll" adapterTypeName="executor://mstestadapter/v2" className="VideoOS.Platform.SDKUnittest.EventsAndState.EventsAndStateClientTest" name="Given_Nothing_When_ConnectSuccessful_Then_NoException" />
    </UnitTest>
    <UnitTest name="Given_Nothing_When_SendingACommand_Then_CommandReturnsWhenResponseIsReceived" storage="d:\actions-runner\_work\xpco\xpco\allsolutions\..\mip\mipsdk\tst\videoos.platform.sdk.unittests\bin\x64\debug\net6.0-windows\videoos.platform.sdk.unittests.dll" id="4c36fbe1-f8de-13b2-bcb1-e7ce9596a021">
      <Execution id="dd889430-80d0-4d4b-850d-9bf0c3fe9edb" />
      <TestMethod codeBase="D:\actions-runner\_work\XPCO\XPCO\AllSolutions\..\MIP\MIPSDK\tst\VideoOS.Platform.SDK.UnitTests\bin\x64\Debug\net6.0-windows\VideoOS.Platform.SDK.UnitTests.dll" adapterTypeName="executor://mstestadapter/v2" className="VideoOS.Platform.SDKUnittest.EventsAndState.CommandHandlerTest" name="Given_Nothing_When_SendingACommand_Then_CommandReturnsWhenResponseIsReceived" />
    </UnitTest>
    <UnitTest name="Free_ShouldDoNothing_WhenAudioRecorderIsNotInitialized" storage="d:\actions-runner\_work\xpco\xpco\allsolutions\..\mip\mipsdk\tst\videoos.platform.sdk.unittests\bin\x64\debug\net6.0-windows\videoos.platform.sdk.unittests.dll" id="ca527ff0-e8d3-ed62-5f44-c8e5eb7d34bb">
      <TestCategory>
        <TestCategoryItem TestCategory="AudioRecorder" />
      </TestCategory>
      <Execution id="c3345a0d-c0e3-49c8-a85d-f2406d8c8445" />
      <TestMethod codeBase="D:\actions-runner\_work\XPCO\XPCO\AllSolutions\..\MIP\MIPSDK\tst\VideoOS.Platform.SDK.UnitTests\bin\x64\Debug\net6.0-windows\VideoOS.Platform.SDK.UnitTests.dll" adapterTypeName="executor://mstestadapter/v2" className="VideoOS.Platform.SDKUnittest.Audio.AudioRecorderTests" name="Free_ShouldDoNothing_WhenAudioRecorderIsNotInitialized" />
    </UnitTest>
    <UnitTest name="XpcoSiteInfoUriCorrectServerType" storage="d:\actions-runner\_work\xpco\xpco\allsolutions\..\mip\mipsdk\tst\videoos.platform.sdk.unittests\bin\x64\debug\net6.0-windows\videoos.platform.sdk.unittests.dll" id="56497288-6a33-5a75-f21c-09bd940b969b">
      <Execution id="2f490be0-0620-43b3-bd5c-f3b7e0f880bd" />
      <TestMethod codeBase="D:\actions-runner\_work\XPCO\XPCO\AllSolutions\..\MIP\MIPSDK\tst\VideoOS.Platform.SDK.UnitTests\bin\x64\Debug\net6.0-windows\VideoOS.Platform.SDK.UnitTests.dll" adapterTypeName="executor://mstestadapter/v2" className="VideoOS.Platform.SDKUnittest.EnvironmentTests.MultiEnvironmentTests" name="XpcoSiteInfoUriCorrectServerType" />
    </UnitTest>
    <UnitTest name="GetLoginSettings_Correct" storage="d:\actions-runner\_work\xpco\xpco\allsolutions\..\mip\mipsdk\tst\videoos.platform.sdk.unittests\bin\x64\debug\net6.0-windows\videoos.platform.sdk.unittests.dll" id="e8d9f86f-c2bc-d844-07f3-5ecc6e65044b">
      <Execution id="a73e8472-6ae2-4dac-8bd3-10bd4a46cf86" />
      <TestMethod codeBase="D:\actions-runner\_work\XPCO\XPCO\AllSolutions\..\MIP\MIPSDK\tst\VideoOS.Platform.SDK.UnitTests\bin\x64\Debug\net6.0-windows\VideoOS.Platform.SDK.UnitTests.dll" adapterTypeName="executor://mstestadapter/v2" className="VideoOS.Platform.SDKUnittest.Facades.LoginSettingsCacheFacadeTest" name="GetLoginSettings_Correct" />
    </UnitTest>
    <UnitTest name="XpcoServerConnectedSuccess" storage="d:\actions-runner\_work\xpco\xpco\allsolutions\..\mip\mipsdk\tst\videoos.platform.sdk.unittests\bin\x64\debug\net6.0-windows\videoos.platform.sdk.unittests.dll" id="5c75fd4c-e523-4c4d-59cb-37282a3e3596">
      <Execution id="ac400c9a-c339-4688-8255-cb930abed2ec" />
      <TestMethod codeBase="D:\actions-runner\_work\XPCO\XPCO\AllSolutions\..\MIP\MIPSDK\tst\VideoOS.Platform.SDK.UnitTests\bin\x64\Debug\net6.0-windows\VideoOS.Platform.SDK.UnitTests.dll" adapterTypeName="executor://mstestadapter/v2" className="VideoOS.Platform.SDKUnittest.Configuration.XpcoConfigurationTest" name="XpcoServerConnectedSuccess" />
    </UnitTest>
    <UnitTest name="Given_SubScriptionAdded_When_RemoveSubscriptionSuccesful_Then_MethodSucceeds" storage="d:\actions-runner\_work\xpco\xpco\allsolutions\..\mip\mipsdk\tst\videoos.platform.sdk.unittests\bin\x64\debug\net6.0-windows\videoos.platform.sdk.unittests.dll" id="e0c41eb4-ca64-4ddf-9983-492652c1f0d6">
      <Execution id="70df51d4-6ed4-48be-b104-ac79b7202fc1" />
      <TestMethod codeBase="D:\actions-runner\_work\XPCO\XPCO\AllSolutions\..\MIP\MIPSDK\tst\VideoOS.Platform.SDK.UnitTests\bin\x64\Debug\net6.0-windows\VideoOS.Platform.SDK.UnitTests.dll" adapterTypeName="executor://mstestadapter/v2" className="VideoOS.Platform.SDKUnittest.EventsAndState.EventsAndStateClientTest" name="Given_SubScriptionAdded_When_RemoveSubscriptionSuccesful_Then_MethodSucceeds" />
    </UnitTest>
    <UnitTest name="CheckBaseTime1970ToInt" storage="d:\actions-runner\_work\xpco\xpco\allsolutions\..\mip\mipsdk\tst\videoos.platform.sdk.unittests\bin\x64\debug\net6.0-windows\videoos.platform.sdk.unittests.dll" id="cb92a75a-3d75-fb02-ff9b-54b25c8156f2">
      <Execution id="35dfb93d-ffbc-4252-ac61-6dc8a88f06c5" />
      <TestMethod codeBase="D:\actions-runner\_work\XPCO\XPCO\AllSolutions\..\MIP\MIPSDK\tst\VideoOS.Platform.SDK.UnitTests\bin\x64\Debug\net6.0-windows\VideoOS.Platform.SDK.UnitTests.dll" adapterTypeName="executor://mstestadapter/v2" className="VideoOS.Platform.SDKUnittest.FeatureTests.TimeConverterTests" name="CheckBaseTime1970ToInt" />
    </UnitTest>
    <UnitTest name="Remove_WhenNotBasicUser_RemovesWithNegotiateAuth" storage="d:\actions-runner\_work\xpco\xpco\allsolutions\..\mip\mipsdk\tst\videoos.platform.sdk.unittests\bin\x64\debug\net6.0-windows\videoos.platform.sdk.unittests.dll" id="b4e531fb-82d4-9ed8-d68f-599b17f00f1b">
      <Execution id="873c4ba3-549e-4ff6-a60c-f094efe7ccdc" />
      <TestMethod codeBase="D:\actions-runner\_work\XPCO\XPCO\AllSolutions\..\MIP\MIPSDK\tst\VideoOS.Platform.SDK.UnitTests\bin\x64\Debug\net6.0-windows\VideoOS.Platform.SDK.UnitTests.dll" adapterTypeName="executor://mstestadapter/v2" className="VideoOS.Platform.SDKUnittest.PlatformTests.CredentialCacheServiceTest" name="Remove_WhenNotBasicUser_RemovesWithNegotiateAuth" />
    </UnitTest>
    <UnitTest name="When_MipTokenCacheIsNotSet_BearerTokenBehaviourNotAdded" storage="d:\actions-runner\_work\xpco\xpco\allsolutions\..\mip\mipsdk\tst\videoos.platform.sdk.unittests\bin\x64\debug\net6.0-windows\videoos.platform.sdk.unittests.dll" id="3fc2f323-2eb1-98df-4545-bd5563c5cdc9">
      <Execution id="ff435595-00ef-40e2-a4d0-3fdf3a8398b9" />
      <TestMethod codeBase="D:\actions-runner\_work\XPCO\XPCO\AllSolutions\..\MIP\MIPSDK\tst\VideoOS.Platform.SDK.UnitTests\bin\x64\Debug\net6.0-windows\VideoOS.Platform.SDK.UnitTests.dll" adapterTypeName="executor://mstestadapter/v2" className="VideoOS.Platform.SDKUnittest.Server.ServerClientTest" name="When_MipTokenCacheIsNotSet_BearerTokenBehaviourNotAdded" />
    </UnitTest>
    <UnitTest name="ConnectionTask_ShouldNotResumeNewSession_WhenConnectionIsBroken_AndResumeFails_AndResubscribeFails" storage="d:\actions-runner\_work\xpco\xpco\allsolutions\..\mip\mipsdk\tst\videoos.platform.sdk.unittests\bin\x64\debug\net6.0-windows\videoos.platform.sdk.unittests.dll" id="eee97d95-67c8-3d03-776d-c5c6f362f535">
      <Execution id="e6278d81-d581-4d7d-8fa8-2d26bb9f3095" />
      <TestMethod codeBase="D:\actions-runner\_work\XPCO\XPCO\AllSolutions\..\MIP\MIPSDK\tst\VideoOS.Platform.SDK.UnitTests\bin\x64\Debug\net6.0-windows\VideoOS.Platform.SDK.UnitTests.dll" adapterTypeName="executor://mstestadapter/v2" className="VideoOS.Platform.SDKUnittest.EventsAndState.EventsAndStateSessionTest" name="ConnectionTask_ShouldNotResumeNewSession_WhenConnectionIsBroken_AndResumeFails_AndResubscribeFails" />
    </UnitTest>
    <UnitTest name="ReloadConfiguration_WhenServerIdNull_NotCallRefreshServer" storage="d:\actions-runner\_work\xpco\xpco\allsolutions\..\mip\mipsdk\tst\videoos.platform.sdk.unittests\bin\x64\debug\net6.0-windows\videoos.platform.sdk.unittests.dll" id="d389fe94-fff2-4d0c-61e3-1873fab89725">
      <Execution id="26788965-ae9c-4f47-8cb1-31305a392e9e" />
      <TestMethod codeBase="D:\actions-runner\_work\XPCO\XPCO\AllSolutions\..\MIP\MIPSDK\tst\VideoOS.Platform.SDK.UnitTests\bin\x64\Debug\net6.0-windows\VideoOS.Platform.SDK.UnitTests.dll" adapterTypeName="executor://mstestadapter/v2" className="VideoOS.Platform.SDKUnittest.EnvironmentServiceTest" name="ReloadConfiguration_WhenServerIdNull_NotCallRefreshServer" />
    </UnitTest>
    <UnitTest name="When_MipTokenCacheIsSet_BearerTokenBehaviourIsAdded" storage="d:\actions-runner\_work\xpco\xpco\allsolutions\..\mip\mipsdk\tst\videoos.platform.sdk.unittests\bin\x64\debug\net6.0-windows\videoos.platform.sdk.unittests.dll" id="15ad8216-9c14-c256-63f8-389788086f93">
      <Execution id="cfbed302-c39d-46a5-8e19-4f27237285eb" />
      <TestMethod codeBase="D:\actions-runner\_work\XPCO\XPCO\AllSolutions\..\MIP\MIPSDK\tst\VideoOS.Platform.SDK.UnitTests\bin\x64\Debug\net6.0-windows\VideoOS.Platform.SDK.UnitTests.dll" adapterTypeName="executor://mstestadapter/v2" className="VideoOS.Platform.SDKUnittest.Server.ServerClientTest" name="When_MipTokenCacheIsSet_BearerTokenBehaviourIsAdded" />
    </UnitTest>
    <UnitTest name="ConnectionTask_ShouldResubscribe_WhenConnectionIsBroken_AndResumeFails" storage="d:\actions-runner\_work\xpco\xpco\allsolutions\..\mip\mipsdk\tst\videoos.platform.sdk.unittests\bin\x64\debug\net6.0-windows\videoos.platform.sdk.unittests.dll" id="c3573399-21f3-d171-85a6-ea212493cb14">
      <Execution id="5cae7efb-810a-48c0-b6df-4126420021b6" />
      <TestMethod codeBase="D:\actions-runner\_work\XPCO\XPCO\AllSolutions\..\MIP\MIPSDK\tst\VideoOS.Platform.SDK.UnitTests\bin\x64\Debug\net6.0-windows\VideoOS.Platform.SDK.UnitTests.dll" adapterTypeName="executor://mstestadapter/v2" className="VideoOS.Platform.SDKUnittest.EventsAndState.EventsAndStateSessionTest" name="ConnectionTask_ShouldResubscribe_WhenConnectionIsBroken_AndResumeFails" />
    </UnitTest>
    <UnitTest name="AddServer_WithCredentialCache_Correct" storage="d:\actions-runner\_work\xpco\xpco\allsolutions\..\mip\mipsdk\tst\videoos.platform.sdk.unittests\bin\x64\debug\net6.0-windows\videoos.platform.sdk.unittests.dll" id="ed60ffe8-498e-b9e0-cb5e-701cf0899e33">
      <Execution id="1c82d24d-697f-471e-95e2-34023e0abe24" />
      <TestMethod codeBase="D:\actions-runner\_work\XPCO\XPCO\AllSolutions\..\MIP\MIPSDK\tst\VideoOS.Platform.SDK.UnitTests\bin\x64\Debug\net6.0-windows\VideoOS.Platform.SDK.UnitTests.dll" adapterTypeName="executor://mstestadapter/v2" className="VideoOS.Platform.SDKUnittest.EnvironmentServiceTest" name="AddServer_WithCredentialCache_Correct" />
    </UnitTest>
    <UnitTest name="LogoutByUri_WhenSystemInfoNull_CallsOnlyConfigurationLogout" storage="d:\actions-runner\_work\xpco\xpco\allsolutions\..\mip\mipsdk\tst\videoos.platform.sdk.unittests\bin\x64\debug\net6.0-windows\videoos.platform.sdk.unittests.dll" id="638fe5d5-83ae-859e-df2b-f9eef240ca6f">
      <Execution id="b085744e-51ad-4a54-b31f-452869543ab3" />
      <TestMethod codeBase="D:\actions-runner\_work\XPCO\XPCO\AllSolutions\..\MIP\MIPSDK\tst\VideoOS.Platform.SDK.UnitTests\bin\x64\Debug\net6.0-windows\VideoOS.Platform.SDK.UnitTests.dll" adapterTypeName="executor://mstestadapter/v2" className="VideoOS.Platform.SDKUnittest.EnvironmentServiceTest" name="LogoutByUri_WhenSystemInfoNull_CallsOnlyConfigurationLogout" />
    </UnitTest>
    <UnitTest name="Login_WhenNotLoggedIn_ThrowConfigurationLastException" storage="d:\actions-runner\_work\xpco\xpco\allsolutions\..\mip\mipsdk\tst\videoos.platform.sdk.unittests\bin\x64\debug\net6.0-windows\videoos.platform.sdk.unittests.dll" id="0f702e68-d31d-e48d-5cda-ae2e55caa68e">
      <Execution id="feab6fee-45a5-4a96-a5e3-f617df01b78a" />
      <TestMethod codeBase="D:\actions-runner\_work\XPCO\XPCO\AllSolutions\..\MIP\MIPSDK\tst\VideoOS.Platform.SDK.UnitTests\bin\x64\Debug\net6.0-windows\VideoOS.Platform.SDK.UnitTests.dll" adapterTypeName="executor://mstestadapter/v2" className="VideoOS.Platform.SDKUnittest.EnvironmentServiceTest" name="Login_WhenNotLoggedIn_ThrowConfigurationLastException" />
    </UnitTest>
    <UnitTest name="Given_Nothing_When_ReceivingAnUnknownMessage_Then_FirstPartOfTheMessgeIsLoggedInAWarning" storage="d:\actions-runner\_work\xpco\xpco\allsolutions\..\mip\mipsdk\tst\videoos.platform.sdk.unittests\bin\x64\debug\net6.0-windows\videoos.platform.sdk.unittests.dll" id="a48a4aa2-5c0d-5259-9846-1ccc3607484c">
      <Execution id="26c4ac4d-5cb4-4362-a1bf-d4d706abbd52" />
      <TestMethod codeBase="D:\actions-runner\_work\XPCO\XPCO\AllSolutions\..\MIP\MIPSDK\tst\VideoOS.Platform.SDK.UnitTests\bin\x64\Debug\net6.0-windows\VideoOS.Platform.SDK.UnitTests.dll" adapterTypeName="executor://mstestadapter/v2" className="VideoOS.Platform.SDKUnittest.EventsAndState.MessageDispatcherTest" name="Given_Nothing_When_ReceivingAnUnknownMessage_Then_FirstPartOfTheMessgeIsLoggedInAWarning" />
    </UnitTest>
    <UnitTest name="Given_Nothing_When_ConnectUnSuccessful_Then_AnExceptionIsThrown" storage="d:\actions-runner\_work\xpco\xpco\allsolutions\..\mip\mipsdk\tst\videoos.platform.sdk.unittests\bin\x64\debug\net6.0-windows\videoos.platform.sdk.unittests.dll" id="ccb2b6db-3973-b90d-56a9-3d38c12b2b8f">
      <Execution id="5c216d5c-56aa-4e3d-89a5-722b56b850b2" />
      <TestMethod codeBase="D:\actions-runner\_work\XPCO\XPCO\AllSolutions\..\MIP\MIPSDK\tst\VideoOS.Platform.SDK.UnitTests\bin\x64\Debug\net6.0-windows\VideoOS.Platform.SDK.UnitTests.dll" adapterTypeName="executor://mstestadapter/v2" className="VideoOS.Platform.SDKUnittest.EventsAndState.EventsAndStateClientTest" name="Given_Nothing_When_ConnectUnSuccessful_Then_AnExceptionIsThrown" />
    </UnitTest>
    <UnitTest name="Login_WhenNotLoggedIn_NoLastException_ThrowDefaultException" storage="d:\actions-runner\_work\xpco\xpco\allsolutions\..\mip\mipsdk\tst\videoos.platform.sdk.unittests\bin\x64\debug\net6.0-windows\videoos.platform.sdk.unittests.dll" id="0bbb508b-fd28-af7a-61a4-81cd8ad41d08">
      <Execution id="598fac9b-ac88-423a-879b-25b9e9c89f97" />
      <TestMethod codeBase="D:\actions-runner\_work\XPCO\XPCO\AllSolutions\..\MIP\MIPSDK\tst\VideoOS.Platform.SDK.UnitTests\bin\x64\Debug\net6.0-windows\VideoOS.Platform.SDK.UnitTests.dll" adapterTypeName="executor://mstestadapter/v2" className="VideoOS.Platform.SDKUnittest.EnvironmentServiceTest" name="Login_WhenNotLoggedIn_NoLastException_ThrowDefaultException" />
    </UnitTest>
    <UnitTest name="XpcoMultiUserLoginSingleServerIsOnline" storage="d:\actions-runner\_work\xpco\xpco\allsolutions\..\mip\mipsdk\tst\videoos.platform.sdk.unittests\bin\x64\debug\net6.0-windows\videoos.platform.sdk.unittests.dll" id="1731feec-b95b-cd41-dc58-17e0973fdc80">
      <Execution id="14f8c692-5268-4303-b5f7-7e7ab4f9d683" />
      <TestMethod codeBase="D:\actions-runner\_work\XPCO\XPCO\AllSolutions\..\MIP\MIPSDK\tst\VideoOS.Platform.SDK.UnitTests\bin\x64\Debug\net6.0-windows\VideoOS.Platform.SDK.UnitTests.dll" adapterTypeName="executor://mstestadapter/v2" className="VideoOS.Platform.SDKUnittest.EnvironmentTests.MultiUserEnvironmentTests" name="XpcoMultiUserLoginSingleServerIsOnline" />
    </UnitTest>
    <UnitTest name="Clear_Correct" storage="d:\actions-runner\_work\xpco\xpco\allsolutions\..\mip\mipsdk\tst\videoos.platform.sdk.unittests\bin\x64\debug\net6.0-windows\videoos.platform.sdk.unittests.dll" id="e5fc20b5-92e7-3e56-1ed6-e269e15a74db">
      <Execution id="08ce25d0-da1a-4852-bb7f-574763e89e31" />
      <TestMethod codeBase="D:\actions-runner\_work\XPCO\XPCO\AllSolutions\..\MIP\MIPSDK\tst\VideoOS.Platform.SDK.UnitTests\bin\x64\Debug\net6.0-windows\VideoOS.Platform.SDK.UnitTests.dll" adapterTypeName="executor://mstestadapter/v2" className="VideoOS.Platform.SDKUnittest.Facades.LoginSettingsCacheFacadeTest" name="Clear_Correct" />
    </UnitTest>
    <UnitTest name="RemoveServer_WithIdWhenLoginSettingsNull_Correct" storage="d:\actions-runner\_work\xpco\xpco\allsolutions\..\mip\mipsdk\tst\videoos.platform.sdk.unittests\bin\x64\debug\net6.0-windows\videoos.platform.sdk.unittests.dll" id="a3bd6fcc-4145-24ec-1080-3545ed86b8b7">
      <Execution id="dc199e16-dc4c-4cb1-9390-fd08728c2264" />
      <TestMethod codeBase="D:\actions-runner\_work\XPCO\XPCO\AllSolutions\..\MIP\MIPSDK\tst\VideoOS.Platform.SDK.UnitTests\bin\x64\Debug\net6.0-windows\VideoOS.Platform.SDK.UnitTests.dll" adapterTypeName="executor://mstestadapter/v2" className="VideoOS.Platform.SDKUnittest.EnvironmentServiceTest" name="RemoveServer_WithIdWhenLoginSettingsNull_Correct" />
    </UnitTest>
    <UnitTest name="DomainCompareFail" storage="d:\actions-runner\_work\xpco\xpco\allsolutions\..\mip\mipsdk\tst\videoos.platform.sdk.unittests\bin\x64\debug\net6.0-windows\videoos.platform.sdk.unittests.dll" id="c46fb142-69b0-d140-f581-d0b790df6efa">
      <Execution id="cf0708e9-ca07-4e3d-a29a-661ad86c4d68" />
      <TestMethod codeBase="D:\actions-runner\_work\XPCO\XPCO\AllSolutions\..\MIP\MIPSDK\tst\VideoOS.Platform.SDK.UnitTests\bin\x64\Debug\net6.0-windows\VideoOS.Platform.SDK.UnitTests.dll" adapterTypeName="executor://mstestadapter/v2" className="VideoOS.Platform.SDKUnittest.FeatureTests.UriUtilTest" name="DomainCompareFail" />
    </UnitTest>
    <UnitTest name="Given_ReceivedMessageIsBadlyFormedJson_When_Parsing_Then_ErrorDescriptionIsReturned" storage="d:\actions-runner\_work\xpco\xpco\allsolutions\..\mip\mipsdk\tst\videoos.platform.sdk.unittests\bin\x64\debug\net6.0-windows\videoos.platform.sdk.unittests.dll" id="2509f740-7111-f1e6-910d-8d9558b1e027">
      <Execution id="7e5e465e-22da-44c1-9109-a3227adb1069" />
      <TestMethod codeBase="D:\actions-runner\_work\XPCO\XPCO\AllSolutions\..\MIP\MIPSDK\tst\VideoOS.Platform.SDK.UnitTests\bin\x64\Debug\net6.0-windows\VideoOS.Platform.SDK.UnitTests.dll" adapterTypeName="executor://mstestadapter/v2" className="VideoOS.Platform.SDKUnittest.EventsAndState.MessageParserTests" name="Given_ReceivedMessageIsBadlyFormedJson_When_Parsing_Then_ErrorDescriptionIsReturned" />
    </UnitTest>
    <UnitTest name="SchemeCompareOk" storage="d:\actions-runner\_work\xpco\xpco\allsolutions\..\mip\mipsdk\tst\videoos.platform.sdk.unittests\bin\x64\debug\net6.0-windows\videoos.platform.sdk.unittests.dll" id="09ad567a-bf9b-551a-1680-c5ab6247ecc6">
      <Execution id="73859c6e-db85-4851-8bc2-625d19b9b6bd" />
      <TestMethod codeBase="D:\actions-runner\_work\XPCO\XPCO\AllSolutions\..\MIP\MIPSDK\tst\VideoOS.Platform.SDK.UnitTests\bin\x64\Debug\net6.0-windows\VideoOS.Platform.SDK.UnitTests.dll" adapterTypeName="executor://mstestadapter/v2" className="VideoOS.Platform.SDKUnittest.FeatureTests.UriUtilTest" name="SchemeCompareOk" />
    </UnitTest>
    <UnitTest name="CheckToDouble" storage="d:\actions-runner\_work\xpco\xpco\allsolutions\..\mip\mipsdk\tst\videoos.platform.sdk.unittests\bin\x64\debug\net6.0-windows\videoos.platform.sdk.unittests.dll" id="2c92124b-c5f5-19a5-8432-332f4bcae799">
      <Execution id="df27398f-dd84-41b6-b2ff-a8efe763da6e" />
      <TestMethod codeBase="D:\actions-runner\_work\XPCO\XPCO\AllSolutions\..\MIP\MIPSDK\tst\VideoOS.Platform.SDK.UnitTests\bin\x64\Debug\net6.0-windows\VideoOS.Platform.SDK.UnitTests.dll" adapterTypeName="executor://mstestadapter/v2" className="VideoOS.Platform.SDKUnittest.FeatureTests.TimeConverterTests" name="CheckToDouble" />
    </UnitTest>
    <UnitTest name="Given_ReceivedMessageContainsSuccessStatus_When_IsSuccessStatusCode_ThenResultFollowingStatusIsReturned" storage="d:\actions-runner\_work\xpco\xpco\allsolutions\..\mip\mipsdk\tst\videoos.platform.sdk.unittests\bin\x64\debug\net6.0-windows\videoos.platform.sdk.unittests.dll" id="c9e3fbeb-75b1-7c7b-7b60-e4644d8dd577">
      <Execution id="d6ddb8b5-54ae-44f7-9f33-e7198d160204" />
      <TestMethod codeBase="D:\actions-runner\_work\XPCO\XPCO\AllSolutions\..\MIP\MIPSDK\tst\VideoOS.Platform.SDK.UnitTests\bin\x64\Debug\net6.0-windows\VideoOS.Platform.SDK.UnitTests.dll" adapterTypeName="executor://mstestadapter/v2" className="VideoOS.Platform.SDKUnittest.EventsAndState.MessageParserTests" name="Given_ReceivedMessageContainsSuccessStatus_When_IsSuccessStatusCode_ThenResultFollowingStatusIsReturned" />
    </UnitTest>
    <UnitTest name="AddServer_WithCredentialCache_MasterOnlyTrue_CorrectlyPassed" storage="d:\actions-runner\_work\xpco\xpco\allsolutions\..\mip\mipsdk\tst\videoos.platform.sdk.unittests\bin\x64\debug\net6.0-windows\videoos.platform.sdk.unittests.dll" id="92a0043a-eb95-e604-ef36-165e1d731356">
      <Execution id="06010d8c-6fec-42d8-89c1-3b96f3ba79ef" />
      <TestMethod codeBase="D:\actions-runner\_work\XPCO\XPCO\AllSolutions\..\MIP\MIPSDK\tst\VideoOS.Platform.SDK.UnitTests\bin\x64\Debug\net6.0-windows\VideoOS.Platform.SDK.UnitTests.dll" adapterTypeName="executor://mstestadapter/v2" className="VideoOS.Platform.SDKUnittest.EnvironmentServiceTest" name="AddServer_WithCredentialCache_MasterOnlyTrue_CorrectlyPassed" />
    </UnitTest>
    <UnitTest name="Login_MasterOnly_Passed" storage="d:\actions-runner\_work\xpco\xpco\allsolutions\..\mip\mipsdk\tst\videoos.platform.sdk.unittests\bin\x64\debug\net6.0-windows\videoos.platform.sdk.unittests.dll" id="9af23bea-fd93-7994-bffe-1ae6f1f880df">
      <Execution id="987cee1f-c88f-4f7c-9ffd-e7f05183ed71" />
      <TestMethod codeBase="D:\actions-runner\_work\XPCO\XPCO\AllSolutions\..\MIP\MIPSDK\tst\VideoOS.Platform.SDK.UnitTests\bin\x64\Debug\net6.0-windows\VideoOS.Platform.SDK.UnitTests.dll" adapterTypeName="executor://mstestadapter/v2" className="VideoOS.Platform.SDKUnittest.EnvironmentServiceTest" name="Login_MasterOnly_Passed" />
    </UnitTest>
    <UnitTest name="Reset_Success" storage="d:\actions-runner\_work\xpco\xpco\allsolutions\..\mip\mipsdk\tst\videoos.platform.sdk.unittests\bin\x64\debug\net6.0-windows\videoos.platform.sdk.unittests.dll" id="40843798-41bf-fb8a-959c-ba732aa831ed">
      <Execution id="0eefd8d5-9d17-43f8-a00e-c6e42d40f1fc" />
      <TestMethod codeBase="D:\actions-runner\_work\XPCO\XPCO\AllSolutions\..\MIP\MIPSDK\tst\VideoOS.Platform.SDK.UnitTests\bin\x64\Debug\net6.0-windows\VideoOS.Platform.SDK.UnitTests.dll" adapterTypeName="executor://mstestadapter/v2" className="VideoOS.Platform.SDKUnittest.EnvironmentServiceTest" name="Reset_Success" />
    </UnitTest>
    <UnitTest name="Givent_MessageContainingEventWithData_When_CallingGetDataOfCorrectType_Then_ACompleteObjectIsReturned" storage="d:\actions-runner\_work\xpco\xpco\allsolutions\..\mip\mipsdk\tst\videoos.platform.sdk.unittests\bin\x64\debug\net6.0-windows\videoos.platform.sdk.unittests.dll" id="58703ce4-1c67-ed97-f1a4-1af1a3003de0">
      <Execution id="58f6e717-15bc-4667-b9da-83faa1a9d1a1" />
      <TestMethod codeBase="D:\actions-runner\_work\XPCO\XPCO\AllSolutions\..\MIP\MIPSDK\tst\VideoOS.Platform.SDK.UnitTests\bin\x64\Debug\net6.0-windows\VideoOS.Platform.SDK.UnitTests.dll" adapterTypeName="executor://mstestadapter/v2" className="VideoOS.Platform.SDKUnittest.EventsAndState.SerializationTests" name="Givent_MessageContainingEventWithData_When_CallingGetDataOfCorrectType_Then_ACompleteObjectIsReturned" />
    </UnitTest>
    <UnitTest name="Initialize_ShouldCallServiceInit" storage="d:\actions-runner\_work\xpco\xpco\allsolutions\..\mip\mipsdk\tst\videoos.platform.sdk.unittests\bin\x64\debug\net6.0-windows\videoos.platform.sdk.unittests.dll" id="7c979667-6bd9-aaa8-412d-d36319ef5eef">
      <Execution id="151f77b1-c088-47e7-b973-fac6bf809d03" />
      <TestMethod codeBase="D:\actions-runner\_work\XPCO\XPCO\AllSolutions\..\MIP\MIPSDK\tst\VideoOS.Platform.SDK.UnitTests\bin\x64\Debug\net6.0-windows\VideoOS.Platform.SDK.UnitTests.dll" adapterTypeName="executor://mstestadapter/v2" className="VideoOS.Platform.SDKUnittest.EnvironmentTest" name="Initialize_ShouldCallServiceInit" />
    </UnitTest>
    <UnitTest name="XpcoMultiLoginSuccess" storage="d:\actions-runner\_work\xpco\xpco\allsolutions\..\mip\mipsdk\tst\videoos.platform.sdk.unittests\bin\x64\debug\net6.0-windows\videoos.platform.sdk.unittests.dll" id="85afdadd-d6c2-2083-0346-abf07f63d82d">
      <Execution id="b946b811-c1b2-417e-bb93-205756fc4f69" />
      <TestMethod codeBase="D:\actions-runner\_work\XPCO\XPCO\AllSolutions\..\MIP\MIPSDK\tst\VideoOS.Platform.SDK.UnitTests\bin\x64\Debug\net6.0-windows\VideoOS.Platform.SDK.UnitTests.dll" adapterTypeName="executor://mstestadapter/v2" className="VideoOS.Platform.SDKUnittest.EnvironmentTests.MultiEnvironmentTests" name="XpcoMultiLoginSuccess" />
    </UnitTest>
    <UnitTest name="Givent_MessageContainingEventWithData_When_ConvertingToEvents_Then_NoElementsAreOfNewtonSoftJsonType" storage="d:\actions-runner\_work\xpco\xpco\allsolutions\..\mip\mipsdk\tst\videoos.platform.sdk.unittests\bin\x64\debug\net6.0-windows\videoos.platform.sdk.unittests.dll" id="08174d10-eed4-6921-ad50-4948b695fb55">
      <Execution id="080b6f97-8220-4fd2-b28c-8a1a01b87353" />
      <TestMethod codeBase="D:\actions-runner\_work\XPCO\XPCO\AllSolutions\..\MIP\MIPSDK\tst\VideoOS.Platform.SDK.UnitTests\bin\x64\Debug\net6.0-windows\VideoOS.Platform.SDK.UnitTests.dll" adapterTypeName="executor://mstestadapter/v2" className="VideoOS.Platform.SDKUnittest.EventsAndState.SerializationTests" name="Givent_MessageContainingEventWithData_When_ConvertingToEvents_Then_NoElementsAreOfNewtonSoftJsonType" />
    </UnitTest>
    <UnitTest name="StripXmlHeader_WhenEmptyString_ReturnsEmpty" storage="d:\actions-runner\_work\xpco\xpco\allsolutions\..\mip\mipsdk\tst\videoos.platform.sdk.unittests\bin\x64\debug\net6.0-windows\videoos.platform.sdk.unittests.dll" id="704ef10a-b575-fe4f-2673-b021ecba942f">
      <Execution id="e48ff347-42ef-4bcb-bde5-1e7645b29b85" />
      <TestMethod codeBase="D:\actions-runner\_work\XPCO\XPCO\AllSolutions\..\MIP\MIPSDK\tst\VideoOS.Platform.SDK.UnitTests\bin\x64\Debug\net6.0-windows\VideoOS.Platform.SDK.UnitTests.dll" adapterTypeName="executor://mstestadapter/v2" className="VideoOS.Platform.SDKUnittest.Util.ConfigUtilTest" name="StripXmlHeader_WhenEmptyString_ReturnsEmpty" />
    </UnitTest>
    <UnitTest name="XpcoSiteInfoUri" storage="d:\actions-runner\_work\xpco\xpco\allsolutions\..\mip\mipsdk\tst\videoos.platform.sdk.unittests\bin\x64\debug\net6.0-windows\videoos.platform.sdk.unittests.dll" id="6e531b1c-7ba0-4ec7-9a5b-ff77c5daf1ae">
      <Execution id="bde88fd6-e0bc-4a1a-b2b1-9242ed32d6b9" />
      <TestMethod codeBase="D:\actions-runner\_work\XPCO\XPCO\AllSolutions\..\MIP\MIPSDK\tst\VideoOS.Platform.SDK.UnitTests\bin\x64\Debug\net6.0-windows\VideoOS.Platform.SDK.UnitTests.dll" adapterTypeName="executor://mstestadapter/v2" className="VideoOS.Platform.SDKUnittest.EnvironmentTests.MultiUserEnvironmentTests" name="XpcoSiteInfoUri" />
    </UnitTest>
    <UnitTest name="CheckBaseTime1970FromDouble" storage="d:\actions-runner\_work\xpco\xpco\allsolutions\..\mip\mipsdk\tst\videoos.platform.sdk.unittests\bin\x64\debug\net6.0-windows\videoos.platform.sdk.unittests.dll" id="e630de82-fafd-ad10-afe7-e93e9dd1df87">
      <Execution id="b9ef5b26-494b-4b20-add8-6471ae50a328" />
      <TestMethod codeBase="D:\actions-runner\_work\XPCO\XPCO\AllSolutions\..\MIP\MIPSDK\tst\VideoOS.Platform.SDK.UnitTests\bin\x64\Debug\net6.0-windows\VideoOS.Platform.SDK.UnitTests.dll" adapterTypeName="executor://mstestadapter/v2" className="VideoOS.Platform.SDKUnittest.FeatureTests.TimeConverterTests" name="CheckBaseTime1970FromDouble" />
    </UnitTest>
    <UnitTest name="LoadSiteItem_Success" storage="d:\actions-runner\_work\xpco\xpco\allsolutions\..\mip\mipsdk\tst\videoos.platform.sdk.unittests\bin\x64\debug\net6.0-windows\videoos.platform.sdk.unittests.dll" id="6921a09d-04ff-2013-2cd1-d68e7b47c780">
      <Execution id="df14627d-aaec-417d-9315-9a8ef6d9599e" />
      <TestMethod codeBase="D:\actions-runner\_work\XPCO\XPCO\AllSolutions\..\MIP\MIPSDK\tst\VideoOS.Platform.SDK.UnitTests\bin\x64\Debug\net6.0-windows\VideoOS.Platform.SDK.UnitTests.dll" adapterTypeName="executor://mstestadapter/v2" className="VideoOS.Platform.SDKUnittest.EnvironmentServiceTest" name="LoadSiteItem_Success" />
    </UnitTest>
    <UnitTest name="Given_Connected_When_AResponseIsUnSuccesful_Then_AnExceptionIsThrown" storage="d:\actions-runner\_work\xpco\xpco\allsolutions\..\mip\mipsdk\tst\videoos.platform.sdk.unittests\bin\x64\debug\net6.0-windows\videoos.platform.sdk.unittests.dll" id="fb5100d5-9a8d-d95c-0716-79d1d251b3ac">
      <Execution id="5e5e6a9c-0256-4b28-8c0d-89365032ccf2" />
      <TestMethod codeBase="D:\actions-runner\_work\XPCO\XPCO\AllSolutions\..\MIP\MIPSDK\tst\VideoOS.Platform.SDK.UnitTests\bin\x64\Debug\net6.0-windows\VideoOS.Platform.SDK.UnitTests.dll" adapterTypeName="executor://mstestadapter/v2" className="VideoOS.Platform.SDKUnittest.EventsAndState.CommandHandlerTest" name="Given_Connected_When_AResponseIsUnSuccesful_Then_AnExceptionIsThrown" />
    </UnitTest>
    <UnitTest name="StartRecording_ShouldThrowException_WhenAudioRecorderIsNotInitialized" storage="d:\actions-runner\_work\xpco\xpco\allsolutions\..\mip\mipsdk\tst\videoos.platform.sdk.unittests\bin\x64\debug\net6.0-windows\videoos.platform.sdk.unittests.dll" id="ae70990e-978a-6321-3b73-faa00506386d">
      <TestCategory>
        <TestCategoryItem TestCategory="AudioRecorder" />
      </TestCategory>
      <Execution id="28021174-e9fa-4875-9e27-754817b407ce" />
      <TestMethod codeBase="D:\actions-runner\_work\XPCO\XPCO\AllSolutions\..\MIP\MIPSDK\tst\VideoOS.Platform.SDK.UnitTests\bin\x64\Debug\net6.0-windows\VideoOS.Platform.SDK.UnitTests.dll" adapterTypeName="executor://mstestadapter/v2" className="VideoOS.Platform.SDKUnittest.Audio.AudioRecorderTests" name="StartRecording_ShouldThrowException_WhenAudioRecorderIsNotInitialized" />
    </UnitTest>
    <UnitTest name="IgnorePortCompareOk" storage="d:\actions-runner\_work\xpco\xpco\allsolutions\..\mip\mipsdk\tst\videoos.platform.sdk.unittests\bin\x64\debug\net6.0-windows\videoos.platform.sdk.unittests.dll" id="4592a7b7-193a-d11d-ddb3-2a2e9e4e2370">
      <Execution id="cdea15e0-857f-4c9e-8813-7a39a5bb51ad" />
      <TestMethod codeBase="D:\actions-runner\_work\XPCO\XPCO\AllSolutions\..\MIP\MIPSDK\tst\VideoOS.Platform.SDK.UnitTests\bin\x64\Debug\net6.0-windows\VideoOS.Platform.SDK.UnitTests.dll" adapterTypeName="executor://mstestadapter/v2" className="VideoOS.Platform.SDKUnittest.FeatureTests.UriUtilTest" name="IgnorePortCompareOk" />
    </UnitTest>
    <UnitTest name="Remove_WhenCacheHasNoCredential_DoesNothing" storage="d:\actions-runner\_work\xpco\xpco\allsolutions\..\mip\mipsdk\tst\videoos.platform.sdk.unittests\bin\x64\debug\net6.0-windows\videoos.platform.sdk.unittests.dll" id="7ab3ecbd-68d0-4cbf-9bde-72fb304bcae6">
      <Execution id="a8a15501-ff7a-44c8-a099-4557caadfe49" />
      <TestMethod codeBase="D:\actions-runner\_work\XPCO\XPCO\AllSolutions\..\MIP\MIPSDK\tst\VideoOS.Platform.SDK.UnitTests\bin\x64\Debug\net6.0-windows\VideoOS.Platform.SDK.UnitTests.dll" adapterTypeName="executor://mstestadapter/v2" className="VideoOS.Platform.SDKUnittest.PlatformTests.CredentialCacheServiceTest" name="Remove_WhenCacheHasNoCredential_DoesNothing" />
    </UnitTest>
    <UnitTest name="CheckToStringWithTandZ" storage="d:\actions-runner\_work\xpco\xpco\allsolutions\..\mip\mipsdk\tst\videoos.platform.sdk.unittests\bin\x64\debug\net6.0-windows\videoos.platform.sdk.unittests.dll" id="385258c3-bf69-84a9-6b96-32d51034c910">
      <Execution id="54ed9cde-e983-463e-b4b5-7604eb436efe" />
      <TestMethod codeBase="D:\actions-runner\_work\XPCO\XPCO\AllSolutions\..\MIP\MIPSDK\tst\VideoOS.Platform.SDK.UnitTests\bin\x64\Debug\net6.0-windows\VideoOS.Platform.SDK.UnitTests.dll" adapterTypeName="executor://mstestadapter/v2" className="VideoOS.Platform.SDKUnittest.FeatureTests.TimeConverterTests" name="CheckToStringWithTandZ" />
    </UnitTest>
    <UnitTest name="XpcoSiteInfoUri" storage="d:\actions-runner\_work\xpco\xpco\allsolutions\..\mip\mipsdk\tst\videoos.platform.sdk.unittests\bin\x64\debug\net6.0-windows\videoos.platform.sdk.unittests.dll" id="8ffc533e-dbe2-a04a-622a-b6eb34e0e1a2">
      <Execution id="2718a49e-528a-47cb-a95a-bbfc92fe11d3" />
      <TestMethod codeBase="D:\actions-runner\_work\XPCO\XPCO\AllSolutions\..\MIP\MIPSDK\tst\VideoOS.Platform.SDK.UnitTests\bin\x64\Debug\net6.0-windows\VideoOS.Platform.SDK.UnitTests.dll" adapterTypeName="executor://mstestadapter/v2" className="VideoOS.Platform.SDKUnittest.EnvironmentTests.MultiEnvironmentTests" name="XpcoSiteInfoUri" />
    </UnitTest>
  </TestDefinitions>
  <TestEntries>
    <TestEntry testId="1e673d72-09b3-76fe-7a9c-ca4edce9473e" executionId="5baf6ea4-024a-4493-98b1-5d733f37be75" testListId="8c84fa94-04c1-424b-9868-57a2d4851a1d" />
    <TestEntry testId="1c378be1-6602-2c62-b3de-426ce05f22b8" executionId="ee5c8219-79dd-49f9-aeea-31164464e8ba" testListId="8c84fa94-04c1-424b-9868-57a2d4851a1d" />
    <TestEntry testId="24f8123c-e826-303b-a65a-9364447f6890" executionId="a1750403-59f3-487b-8662-fdbd3c3d51ba" testListId="8c84fa94-04c1-424b-9868-57a2d4851a1d" />
    <TestEntry testId="56cbaa9d-4f02-3ab9-a0f7-ef1ee9ad216c" executionId="1dfaa6bf-ba56-40fa-bb40-2c17b5628072" testListId="8c84fa94-04c1-424b-9868-57a2d4851a1d" />
    <TestEntry testId="578ff933-7ee9-6ffc-c871-a9d0960055b8" executionId="a3736c9e-3421-40f7-925a-af26bdb0b713" testListId="8c84fa94-04c1-424b-9868-57a2d4851a1d" />
    <TestEntry testId="c49e78b9-66ce-7f33-7d97-f70d020ce9e7" executionId="ed4651bc-5791-4c49-9144-3b077b15d650" testListId="8c84fa94-04c1-424b-9868-57a2d4851a1d" />
    <TestEntry testId="ae1a8ec4-a4d5-6c99-ef64-cbab96674e4c" executionId="9eaad490-9238-4d05-a87b-69876284642e" testListId="8c84fa94-04c1-424b-9868-57a2d4851a1d" />
    <TestEntry testId="7ab3ecbd-68d0-4cbf-9bde-72fb304bcae6" executionId="a8a15501-ff7a-44c8-a099-4557caadfe49" testListId="8c84fa94-04c1-424b-9868-57a2d4851a1d" />
    <TestEntry testId="12830b4f-7828-9fc9-0289-1b8030e1633a" executionId="57cccb96-fc87-4191-9b6f-b732cdd85bd7" testListId="8c84fa94-04c1-424b-9868-57a2d4851a1d" />
    <TestEntry testId="bb377a2c-95c3-9aad-404f-5afa18de69c7" executionId="9deb5d71-3ea4-45b4-bf96-5298d9f8a08d" testListId="8c84fa94-04c1-424b-9868-57a2d4851a1d" />
    <TestEntry testId="486bf095-ef80-8760-1ed9-25c366babe7b" executionId="b5a72938-c63c-439b-bd93-0b7409fe6184" testListId="8c84fa94-04c1-424b-9868-57a2d4851a1d" />
    <TestEntry testId="4592a7b7-193a-d11d-ddb3-2a2e9e4e2370" executionId="cdea15e0-857f-4c9e-8813-7a39a5bb51ad" testListId="8c84fa94-04c1-424b-9868-57a2d4851a1d" />
    <TestEntry testId="28d03c63-4b7f-6f07-1925-95fd992db754" executionId="fa161b5c-13d3-4249-baa9-cba7c130e4c6" testListId="8c84fa94-04c1-424b-9868-57a2d4851a1d" />
    <TestEntry testId="42bdc251-86a2-3f22-7f1a-f6d4ae2e2647" executionId="91717749-f882-4561-89ce-c3e95f284788" testListId="8c84fa94-04c1-424b-9868-57a2d4851a1d" />
    <TestEntry testId="f232c283-5c67-bba8-153c-a9bb7624a0ae" executionId="cdbbb093-660e-47bd-9bf0-78934cc887e4" testListId="8c84fa94-04c1-424b-9868-57a2d4851a1d" />
    <TestEntry testId="9a32c8de-c721-c8df-01b2-8fdff9dd18ca" executionId="4a7efcae-5123-4db1-9699-92943f0b976d" testListId="8c84fa94-04c1-424b-9868-57a2d4851a1d" />
    <TestEntry testId="58703ce4-1c67-ed97-f1a4-1af1a3003de0" executionId="58f6e717-15bc-4667-b9da-83faa1a9d1a1" testListId="8c84fa94-04c1-424b-9868-57a2d4851a1d" />
    <TestEntry testId="6c2774fd-5517-8aea-be70-fd37a3cf85af" executionId="e1748bc6-2e20-48b8-96ff-3a6996e49966" testListId="8c84fa94-04c1-424b-9868-57a2d4851a1d" />
    <TestEntry testId="c99c839d-4d5b-c45c-4faf-632197d463b3" executionId="dc137af2-3833-45fc-88d9-64871619b3ee" testListId="8c84fa94-04c1-424b-9868-57a2d4851a1d" />
    <TestEntry testId="4cc2af54-3704-7ced-d419-f08afbf26159" executionId="c06bc9e7-f97e-430b-8f93-fc09d80a13a8" testListId="8c84fa94-04c1-424b-9868-57a2d4851a1d" />
    <TestEntry testId="853af3f4-f013-afe1-e51f-9f0386bea5b2" executionId="ed65d520-bd53-4107-9a8f-11788ff0a199" testListId="8c84fa94-04c1-424b-9868-57a2d4851a1d" />
    <TestEntry testId="85afdadd-d6c2-2083-0346-abf07f63d82d" executionId="b946b811-c1b2-417e-bb93-205756fc4f69" testListId="8c84fa94-04c1-424b-9868-57a2d4851a1d" />
    <TestEntry testId="d1e2ee3a-5497-84fa-1720-32c96fcd92e7" executionId="982c097a-c029-41f7-aa8e-c2112a92aa32" testListId="8c84fa94-04c1-424b-9868-57a2d4851a1d" />
    <TestEntry testId="ba5b86d5-401c-4e0a-f138-2c19e1e02c7f" executionId="a71533eb-2799-4bba-ab1f-c3c63b7bf408" testListId="8c84fa94-04c1-424b-9868-57a2d4851a1d" />
    <TestEntry testId="853f6915-20e9-72f8-b144-6b6c2f45bce5" executionId="37f8b63b-3d1a-42ca-b5a4-b8897aa54bd6" testListId="8c84fa94-04c1-424b-9868-57a2d4851a1d" />
    <TestEntry testId="4c636ed3-7a97-56f4-5f09-90e82a59bb70" executionId="dbc72327-1533-402d-9233-40b343c332d9" testListId="8c84fa94-04c1-424b-9868-57a2d4851a1d" />
    <TestEntry testId="bc335d91-1297-3bd7-e46e-c0c3ae74878f" executionId="7963e8ac-bc42-4a80-90d8-c6dc4dac43c2" testListId="8c84fa94-04c1-424b-9868-57a2d4851a1d" />
    <TestEntry testId="a4c6d443-fa01-dcc3-6d3b-7e396f5ee185" executionId="05e7c6fa-5fcd-4c32-a028-67837ac1284d" testListId="8c84fa94-04c1-424b-9868-57a2d4851a1d" />
    <TestEntry testId="15bcd984-07b3-3ad0-b259-4c4f5e06c1bd" executionId="9d63e371-8cc5-446c-89fa-c6c059f8356d" testListId="8c84fa94-04c1-424b-9868-57a2d4851a1d" />
    <TestEntry testId="f9063bff-e7ba-c028-46f9-189d14a707c0" executionId="2b7dafea-4429-41f5-a96c-5b7feee9d810" testListId="8c84fa94-04c1-424b-9868-57a2d4851a1d" />
    <TestEntry testId="4c36fbe1-f8de-13b2-bcb1-e7ce9596a021" executionId="dd889430-80d0-4d4b-850d-9bf0c3fe9edb" testListId="8c84fa94-04c1-424b-9868-57a2d4851a1d" />
    <TestEntry testId="e480450b-9f62-5e54-a1f5-cc1228ba5cde" executionId="f157e8f1-5fcf-419a-8127-769befb346ad" testListId="8c84fa94-04c1-424b-9868-57a2d4851a1d" />
    <TestEntry testId="9e96d681-4077-c58a-c79c-4c329c7488ff" executionId="3d379e53-624c-45fc-958e-2d43b99129f2" testListId="8c84fa94-04c1-424b-9868-57a2d4851a1d" />
    <TestEntry testId="2509f740-7111-f1e6-910d-8d9558b1e027" executionId="7e5e465e-22da-44c1-9109-a3227adb1069" testListId="8c84fa94-04c1-424b-9868-57a2d4851a1d" />
    <TestEntry testId="77eef133-6232-6ffd-513d-bce5ef28eb6d" executionId="b984bde2-06fa-4d91-b9dd-7c89e8e62943" testListId="8c84fa94-04c1-424b-9868-57a2d4851a1d" />
    <TestEntry testId="5456b4a7-0c13-564f-de65-ea8a9df057cb" executionId="3aef55d2-09c2-41c7-90d7-0f630e823f41" testListId="8c84fa94-04c1-424b-9868-57a2d4851a1d" />
    <TestEntry testId="a8963d66-96b1-b26d-9572-0832732d3cea" executionId="6fd2866a-97e5-4e64-99cc-76f27bd9970d" testListId="8c84fa94-04c1-424b-9868-57a2d4851a1d" />
    <TestEntry testId="ccb2b6db-3973-b90d-56a9-3d38c12b2b8f" executionId="5c216d5c-56aa-4e3d-89a5-722b56b850b2" testListId="8c84fa94-04c1-424b-9868-57a2d4851a1d" />
    <TestEntry testId="f1181353-771a-42f2-9df1-c384eac48176" executionId="58b56e9c-2507-4261-ac09-15972d76e545" testListId="8c84fa94-04c1-424b-9868-57a2d4851a1d" />
    <TestEntry testId="c46fb142-69b0-d140-f581-d0b790df6efa" executionId="cf0708e9-ca07-4e3d-a29a-661ad86c4d68" testListId="8c84fa94-04c1-424b-9868-57a2d4851a1d" />
    <TestEntry testId="638fe5d5-83ae-859e-df2b-f9eef240ca6f" executionId="b085744e-51ad-4a54-b31f-452869543ab3" testListId="8c84fa94-04c1-424b-9868-57a2d4851a1d" />
    <TestEntry testId="56497288-6a33-5a75-f21c-09bd940b969b" executionId="2f490be0-0620-43b3-bd5c-f3b7e0f880bd" testListId="8c84fa94-04c1-424b-9868-57a2d4851a1d" />
    <TestEntry testId="08174d10-eed4-6921-ad50-4948b695fb55" executionId="080b6f97-8220-4fd2-b28c-8a1a01b87353" testListId="8c84fa94-04c1-424b-9868-57a2d4851a1d" />
    <TestEntry testId="eee97d95-67c8-3d03-776d-c5c6f362f535" executionId="e6278d81-d581-4d7d-8fa8-2d26bb9f3095" testListId="8c84fa94-04c1-424b-9868-57a2d4851a1d" />
    <TestEntry testId="ef02471d-d90f-d7cc-ccc2-806bfb1ff8c0" executionId="f084a086-acc8-4fff-8508-e0cc04130011" testListId="8c84fa94-04c1-424b-9868-57a2d4851a1d" />
    <TestEntry testId="7c979667-6bd9-aaa8-412d-d36319ef5eef" executionId="151f77b1-c088-47e7-b973-fac6bf809d03" testListId="8c84fa94-04c1-424b-9868-57a2d4851a1d" />
    <TestEntry testId="27438331-c0fe-4d15-65b5-fb3f4b12375a" executionId="50c3f794-6286-4933-8c74-995a71e0b40e" testListId="8c84fa94-04c1-424b-9868-57a2d4851a1d" />
    <TestEntry testId="60409c99-de38-bfcd-7919-8dbdd2d23a16" executionId="df6d8944-555e-4424-9905-581026024df5" testListId="8c84fa94-04c1-424b-9868-57a2d4851a1d" />
    <TestEntry testId="517e0e3b-7634-80b0-69a7-bd9c7f21e593" executionId="186d6639-0997-4ef3-b0c2-161910ccebc2" testListId="8c84fa94-04c1-424b-9868-57a2d4851a1d" />
    <TestEntry testId="0793f3e7-1a84-232a-72f7-77f9de3f59e4" executionId="00c0e422-34a1-4789-a674-e927832c93d8" testListId="8c84fa94-04c1-424b-9868-57a2d4851a1d" />
    <TestEntry testId="15ad8216-9c14-c256-63f8-389788086f93" executionId="cfbed302-c39d-46a5-8e19-4f27237285eb" testListId="8c84fa94-04c1-424b-9868-57a2d4851a1d" />
    <TestEntry testId="b65005d3-1361-e0b7-9c4d-43d19b2fd72f" executionId="de23c225-a61d-433e-9f62-8d7fc059c14f" testListId="8c84fa94-04c1-424b-9868-57a2d4851a1d" />
    <TestEntry testId="f4f1f3cd-b04f-c623-3d30-8c01b6f83066" executionId="7a1b55c0-70f7-4395-bc6c-f3fdfb964db8" testListId="8c84fa94-04c1-424b-9868-57a2d4851a1d" />
    <TestEntry testId="ca527ff0-e8d3-ed62-5f44-c8e5eb7d34bb" executionId="c3345a0d-c0e3-49c8-a85d-f2406d8c8445" testListId="8c84fa94-04c1-424b-9868-57a2d4851a1d" />
    <TestEntry testId="2bc0ce96-c350-d094-ddf7-a0dcbcc01a25" executionId="6ac1696a-f599-45f0-b13d-bc1f850a2f9d" testListId="8c84fa94-04c1-424b-9868-57a2d4851a1d" />
    <TestEntry testId="92a0043a-eb95-e604-ef36-165e1d731356" executionId="06010d8c-6fec-42d8-89c1-3b96f3ba79ef" testListId="8c84fa94-04c1-424b-9868-57a2d4851a1d" />
    <TestEntry testId="fb9222b4-352e-53d2-a6a0-c25767f137de" executionId="9ca1ce30-60e1-4465-9605-a2c4d77ac1ce" testListId="8c84fa94-04c1-424b-9868-57a2d4851a1d" />
    <TestEntry testId="d389fe94-fff2-4d0c-61e3-1873fab89725" executionId="26788965-ae9c-4f47-8cb1-31305a392e9e" testListId="8c84fa94-04c1-424b-9868-57a2d4851a1d" />
    <TestEntry testId="3ef0c418-2089-c3e6-4e94-e0341e36e810" executionId="9c32d946-ff31-4bc8-96a8-1434230ccbb6" testListId="8c84fa94-04c1-424b-9868-57a2d4851a1d" />
    <TestEntry testId="ae70990e-978a-6321-3b73-faa00506386d" executionId="28021174-e9fa-4875-9e27-754817b407ce" testListId="8c84fa94-04c1-424b-9868-57a2d4851a1d" />
    <TestEntry testId="da1dce8b-3a10-e5c9-618b-cbfea5058c69" executionId="7756cbf5-8f7a-441e-badd-abb3451eea15" testListId="8c84fa94-04c1-424b-9868-57a2d4851a1d" />
    <TestEntry testId="b2e4eadd-d448-b487-733b-d5563cb70924" executionId="e5f9e821-0e6e-45bd-bad7-63d594a3e74d" testListId="8c84fa94-04c1-424b-9868-57a2d4851a1d" />
    <TestEntry testId="dd33ce32-62c4-dfb3-4f9b-fce87ba0013c" executionId="b552ad45-9191-4987-9ab0-083ebfb0afea" testListId="8c84fa94-04c1-424b-9868-57a2d4851a1d" />
    <TestEntry testId="507edd3e-d589-f46c-9a31-6fd66195d4a0" executionId="5a4331e7-8000-4091-8783-a1cfb68fd6f7" testListId="8c84fa94-04c1-424b-9868-57a2d4851a1d" />
    <TestEntry testId="6921a09d-04ff-2013-2cd1-d68e7b47c780" executionId="df14627d-aaec-417d-9315-9a8ef6d9599e" testListId="8c84fa94-04c1-424b-9868-57a2d4851a1d" />
    <TestEntry testId="00438590-3f13-5776-381f-1df4bd82c07f" executionId="abd5bbd4-5e2a-4140-a779-10a7d42f68d4" testListId="8c84fa94-04c1-424b-9868-57a2d4851a1d" />
    <TestEntry testId="52b4d95e-92b1-ab9e-b0b4-d924fa19acdb" executionId="5cd4bc60-e010-4fa3-bab6-677276998479" testListId="8c84fa94-04c1-424b-9868-57a2d4851a1d" />
    <TestEntry testId="2c92124b-c5f5-19a5-8432-332f4bcae799" executionId="df27398f-dd84-41b6-b2ff-a8efe763da6e" testListId="8c84fa94-04c1-424b-9868-57a2d4851a1d" />
    <TestEntry testId="5db9cdb8-0fa4-0c5c-b336-2c08e8318f3a" executionId="62b35f24-0a23-4629-851f-c601a7df8a32" testListId="8c84fa94-04c1-424b-9868-57a2d4851a1d" />
    <TestEntry testId="ffdb0d83-235f-7713-020c-369ea19b66a1" executionId="a3bff0e4-c803-47aa-89e9-ebda37c955ac" testListId="8c84fa94-04c1-424b-9868-57a2d4851a1d" />
    <TestEntry testId="2f9fe530-9f9a-4708-4a26-7c6564c4fadd" executionId="6f9df338-2066-4ce7-bcaa-a21d37eaad61" testListId="8c84fa94-04c1-424b-9868-57a2d4851a1d" />
    <TestEntry testId="9303c8a3-4457-dd53-a1ee-73373e6854b4" executionId="65c2d04b-a6ec-4246-a4c3-a054e610a618" testListId="8c84fa94-04c1-424b-9868-57a2d4851a1d" />
    <TestEntry testId="d2f3bae5-4b87-92ba-8e82-de1dd6dbd488" executionId="c255db4b-4d96-49ad-b4dd-cf244c8ba483" testListId="8c84fa94-04c1-424b-9868-57a2d4851a1d" />
    <TestEntry testId="3fc2f323-2eb1-98df-4545-bd5563c5cdc9" executionId="ff435595-00ef-40e2-a4d0-3fdf3a8398b9" testListId="8c84fa94-04c1-424b-9868-57a2d4851a1d" />
    <TestEntry testId="0762669f-0ef8-d6fa-dd94-0659f0ba0a43" executionId="7e71f3ed-21ed-4162-ae84-b13951459eb0" testListId="8c84fa94-04c1-424b-9868-57a2d4851a1d" />
    <TestEntry testId="ee90d5bb-7cd0-4c31-23ba-b62d71f38c15" executionId="738a9453-0ea4-40d6-bfc1-a13713461a09" testListId="8c84fa94-04c1-424b-9868-57a2d4851a1d" />
    <TestEntry testId="2282d201-fae3-68ca-fb9b-da7ba770e221" executionId="b22b34f3-72f5-4928-af49-f0e860e94ac9" testListId="8c84fa94-04c1-424b-9868-57a2d4851a1d" />
    <TestEntry testId="0692d415-cb51-e036-3177-b14298f4c3a2" executionId="d063e8ec-226a-46a3-9cee-65bf51955a6c" testListId="8c84fa94-04c1-424b-9868-57a2d4851a1d" />
    <TestEntry testId="1444c9ca-e73b-a5e6-f01f-53b0839e824f" executionId="d1996bbc-2800-45a5-ac7f-061ee89ed3e2" testListId="8c84fa94-04c1-424b-9868-57a2d4851a1d" />
    <TestEntry testId="23cb9265-dcc3-9671-caf3-1996fff5aba1" executionId="b042d597-5efe-4792-aa06-fb1dc6b96c35" testListId="8c84fa94-04c1-424b-9868-57a2d4851a1d" />
    <TestEntry testId="0bbb508b-fd28-af7a-61a4-81cd8ad41d08" executionId="598fac9b-ac88-423a-879b-25b9e9c89f97" testListId="8c84fa94-04c1-424b-9868-57a2d4851a1d" />
    <TestEntry testId="48cb99ba-5270-df3c-8533-76671ff09a4c" executionId="ad445a49-10d9-4fcc-a707-028a4bc42d4c" testListId="8c84fa94-04c1-424b-9868-57a2d4851a1d" />
    <TestEntry testId="d19447d6-1286-80a0-b9eb-927576af8553" executionId="a97fed14-7545-409d-b215-42922480be22" testListId="8c84fa94-04c1-424b-9868-57a2d4851a1d" />
    <TestEntry testId="96c1c139-ef84-2793-7b75-ec53f5430e80" executionId="f2413b9d-f804-46b8-b85e-f195475b664f" testListId="8c84fa94-04c1-424b-9868-57a2d4851a1d" />
    <TestEntry testId="704ef10a-b575-fe4f-2673-b021ecba942f" executionId="e48ff347-42ef-4bcb-bde5-1e7645b29b85" testListId="8c84fa94-04c1-424b-9868-57a2d4851a1d" />
    <TestEntry testId="0d04ce70-8f8e-5be6-d205-e559df63652c" executionId="02a7f2c3-4376-48c8-a461-0f8a0edba183" testListId="8c84fa94-04c1-424b-9868-57a2d4851a1d" />
    <TestEntry testId="f830c93a-4e43-13d6-c3ab-367476959177" executionId="41a6e065-d754-40b3-8b72-d1af3ae82a78" testListId="8c84fa94-04c1-424b-9868-57a2d4851a1d" />
    <TestEntry testId="01728557-d0ee-3bd0-5338-38b6c6daa989" executionId="856a8869-fb45-4086-a0a5-5b51e25bac4d" testListId="8c84fa94-04c1-424b-9868-57a2d4851a1d" />
    <TestEntry testId="5c75fd4c-e523-4c4d-59cb-37282a3e3596" executionId="ac400c9a-c339-4688-8255-cb930abed2ec" testListId="8c84fa94-04c1-424b-9868-57a2d4851a1d" />
    <TestEntry testId="892ffa70-f349-35d4-9ae8-df9e08b6a0a5" executionId="d68ca000-75a4-4c47-8a94-f41389a37be2" testListId="8c84fa94-04c1-424b-9868-57a2d4851a1d" />
    <TestEntry testId="c7a3417f-3205-4b9e-be6a-d435c0a3e965" executionId="7eb208a3-fa2c-4efb-8b84-5d3b21793b84" testListId="8c84fa94-04c1-424b-9868-57a2d4851a1d" />
    <TestEntry testId="3d0614d6-566e-2a0b-aa48-d33230f47a0b" executionId="a41f0a25-c1fa-482d-b271-82c57ca2f101" testListId="8c84fa94-04c1-424b-9868-57a2d4851a1d" />
    <TestEntry testId="1d9f532a-78eb-f4e1-0dd2-c5f03d1be90f" executionId="dd1e9a0c-fe97-4c4a-90ca-6c558f0fc7a8" testListId="8c84fa94-04c1-424b-9868-57a2d4851a1d" />
    <TestEntry testId="ec1b8724-7d12-203f-4036-aea2a965aaa8" executionId="511d6dda-ea5f-44ee-8270-0bce3c89c040" testListId="8c84fa94-04c1-424b-9868-57a2d4851a1d" />
    <TestEntry testId="4df6750c-aff6-44b1-13dd-4de227a8986b" executionId="327f0770-4068-44d1-abe1-f6157e90d035" testListId="8c84fa94-04c1-424b-9868-57a2d4851a1d" />
    <TestEntry testId="09ad567a-bf9b-551a-1680-c5ab6247ecc6" executionId="73859c6e-db85-4851-8bc2-625d19b9b6bd" testListId="8c84fa94-04c1-424b-9868-57a2d4851a1d" />
    <TestEntry testId="f71a8f3c-6ec8-1514-8d34-be3746728018" executionId="af16b119-3b01-402a-98b5-893d43a6f915" testListId="8c84fa94-04c1-424b-9868-57a2d4851a1d" />
    <TestEntry testId="a3bd6fcc-4145-24ec-1080-3545ed86b8b7" executionId="dc199e16-dc4c-4cb1-9390-fd08728c2264" testListId="8c84fa94-04c1-424b-9868-57a2d4851a1d" />
    <TestEntry testId="9af294cd-fee0-58b0-3d1f-b496c687f868" executionId="088f43dd-e65c-40fd-a0b2-4a7d1f0254b7" testListId="8c84fa94-04c1-424b-9868-57a2d4851a1d" />
    <TestEntry testId="8dfedf8d-5ced-b051-67b1-f21d8190aa73" executionId="9acc5590-3dae-491c-b9fc-60b4d13c8f30" testListId="8c84fa94-04c1-424b-9868-57a2d4851a1d" />
    <TestEntry testId="c3573399-21f3-d171-85a6-ea212493cb14" executionId="5cae7efb-810a-48c0-b6df-4126420021b6" testListId="8c84fa94-04c1-424b-9868-57a2d4851a1d" />
    <TestEntry testId="8ffc533e-dbe2-a04a-622a-b6eb34e0e1a2" executionId="2718a49e-528a-47cb-a95a-bbfc92fe11d3" testListId="8c84fa94-04c1-424b-9868-57a2d4851a1d" />
    <TestEntry testId="385258c3-bf69-84a9-6b96-32d51034c910" executionId="54ed9cde-e983-463e-b4b5-7604eb436efe" testListId="8c84fa94-04c1-424b-9868-57a2d4851a1d" />
    <TestEntry testId="4dfbe4c0-1bce-f685-302b-c39ffaaec33c" executionId="f434e228-462e-447b-86ba-4c6e8eb10c5f" testListId="8c84fa94-04c1-424b-9868-57a2d4851a1d" />
    <TestEntry testId="5ca6c285-b0f8-2ebf-22ac-22244ebbf44b" executionId="7e94a417-f6ae-44f4-8db0-58f48db2a86d" testListId="8c84fa94-04c1-424b-9868-57a2d4851a1d" />
    <TestEntry testId="4775d5be-0ebd-4836-7626-4829a69cf7bb" executionId="54b9b5dc-7b94-4530-b8a0-a8781e5a418f" testListId="8c84fa94-04c1-424b-9868-57a2d4851a1d" />
    <TestEntry testId="3512c4ea-c42c-dc19-86d1-3085820f9234" executionId="292cd7dd-ab64-4de3-9dce-b2bab5082ec0" testListId="8c84fa94-04c1-424b-9868-57a2d4851a1d" />
    <TestEntry testId="e8d9f86f-c2bc-d844-07f3-5ecc6e65044b" executionId="a73e8472-6ae2-4dac-8bd3-10bd4a46cf86" testListId="8c84fa94-04c1-424b-9868-57a2d4851a1d" />
    <TestEntry testId="2cd289e6-be4f-74c1-cee0-00532b6125f7" executionId="dbb29cd3-cd30-4fbb-95b0-4ae068c0a615" testListId="8c84fa94-04c1-424b-9868-57a2d4851a1d" />
    <TestEntry testId="0f702e68-d31d-e48d-5cda-ae2e55caa68e" executionId="feab6fee-45a5-4a96-a5e3-f617df01b78a" testListId="8c84fa94-04c1-424b-9868-57a2d4851a1d" />
    <TestEntry testId="fb5100d5-9a8d-d95c-0716-79d1d251b3ac" executionId="5e5e6a9c-0256-4b28-8c0d-89365032ccf2" testListId="8c84fa94-04c1-424b-9868-57a2d4851a1d" />
    <TestEntry testId="7f6a3e30-0edb-cef4-24b2-03a61d04ff8b" executionId="08b3d7a4-46e5-4e09-8fc0-c3d1f1b40d71" testListId="8c84fa94-04c1-424b-9868-57a2d4851a1d" />
    <TestEntry testId="3795da59-268b-cf4c-19da-1cfedc7c684a" executionId="17aaf4a2-7574-4bc1-8d29-4a95caa533a3" testListId="8c84fa94-04c1-424b-9868-57a2d4851a1d" />
    <TestEntry testId="d9ca8b92-f19f-e9c9-3fff-9ecc10403148" executionId="1642e929-7aef-46c0-951b-2bc6be497e26" testListId="8c84fa94-04c1-424b-9868-57a2d4851a1d" />
    <TestEntry testId="7a5a60cf-65df-425a-ef34-31b7542d0324" executionId="546a092d-a059-4cb6-ba73-8f77e40eea53" testListId="8c84fa94-04c1-424b-9868-57a2d4851a1d" />
    <TestEntry testId="e630de82-fafd-ad10-afe7-e93e9dd1df87" executionId="b9ef5b26-494b-4b20-add8-6471ae50a328" testListId="8c84fa94-04c1-424b-9868-57a2d4851a1d" />
    <TestEntry testId="17db813c-1206-cc8b-2aec-429272188567" executionId="364c3a2b-0c33-4955-8df9-2629924be321" testListId="8c84fa94-04c1-424b-9868-57a2d4851a1d" />
    <TestEntry testId="1558a173-bd2e-9fca-670c-2c3987fbd631" executionId="0c43dd79-63ac-4f59-975d-a2382c4da0d8" testListId="8c84fa94-04c1-424b-9868-57a2d4851a1d" />
    <TestEntry testId="d3ce4a46-9062-5855-70fd-ebbcc2b0eafc" executionId="e5b6851a-7a85-4109-a111-07b77ade548a" testListId="8c84fa94-04c1-424b-9868-57a2d4851a1d" />
    <TestEntry testId="e02a3aff-4b0e-8be7-4f14-51de7ab4670f" executionId="f36de450-a7f4-4cd9-917c-e9770a1e585a" testListId="8c84fa94-04c1-424b-9868-57a2d4851a1d" />
    <TestEntry testId="b42b975b-0563-7dc6-8812-756fcc2bafe7" executionId="7ef5b832-9328-4701-b8e4-2f5c7d72a787" testListId="8c84fa94-04c1-424b-9868-57a2d4851a1d" />
    <TestEntry testId="425d7606-d05b-43b7-5f3e-aef51500fc4a" executionId="481a323a-b041-4db4-bc3a-108c3f6ba389" testListId="8c84fa94-04c1-424b-9868-57a2d4851a1d" />
    <TestEntry testId="b0b9d0a0-9158-c0ad-cbda-c08da553577d" executionId="c1261944-f593-4609-af0c-7ae409637c67" testListId="8c84fa94-04c1-424b-9868-57a2d4851a1d" />
    <TestEntry testId="e7650ef8-614d-7abe-3813-4e9e0ee43d28" executionId="15a392c6-88c0-4fd9-9771-4b086df69667" testListId="8c84fa94-04c1-424b-9868-57a2d4851a1d" />
    <TestEntry testId="e0c41eb4-ca64-4ddf-9983-492652c1f0d6" executionId="70df51d4-6ed4-48be-b104-ac79b7202fc1" testListId="8c84fa94-04c1-424b-9868-57a2d4851a1d" />
    <TestEntry testId="6326290f-8e50-bc28-9f9e-5ff9f9bd3c53" executionId="8bfcb224-f754-402c-b78c-4156e34f39f4" testListId="8c84fa94-04c1-424b-9868-57a2d4851a1d" />
    <TestEntry testId="23b8a97d-73db-ca9d-ee8d-e27bad17d5d3" executionId="30b04b44-b013-47f7-9244-6091b5c78779" testListId="8c84fa94-04c1-424b-9868-57a2d4851a1d" />
    <TestEntry testId="e7459368-bf71-df4a-32b1-79ab60633652" executionId="230b9c79-8d55-4fa4-bf16-5a4d7af41141" testListId="8c84fa94-04c1-424b-9868-57a2d4851a1d" />
    <TestEntry testId="3298a0bb-4507-4949-b804-b0b1ba735235" executionId="69a5c04d-64a6-4914-80bb-6cffe6a2ed32" testListId="8c84fa94-04c1-424b-9868-57a2d4851a1d" />
    <TestEntry testId="21868baf-ff05-ff85-7303-76deb1e29922" executionId="c6ce05dd-3514-4842-af98-7052fe2939d9" testListId="8c84fa94-04c1-424b-9868-57a2d4851a1d" />
    <TestEntry testId="170542a8-dc94-1eae-8e61-7f4921b86749" executionId="2de93a29-bd3f-4b87-b1f0-e408220e04ed" testListId="8c84fa94-04c1-424b-9868-57a2d4851a1d" />
    <TestEntry testId="e0a5e776-29a3-f806-618e-c50f5461dfdb" executionId="38b32e55-ebce-46e6-acb1-194f1158114b" testListId="8c84fa94-04c1-424b-9868-57a2d4851a1d" />
    <TestEntry testId="56d2e303-9191-fd62-30a9-ea9298b86cd6" executionId="efec4aac-5b2e-41b7-8ec3-91bac6f69c6f" testListId="8c84fa94-04c1-424b-9868-57a2d4851a1d" />
    <TestEntry testId="7fe1ef40-9ce0-1e32-d490-dcfb0a7df207" executionId="95ed91ab-7a45-4fef-8cdd-8cc51f087427" testListId="8c84fa94-04c1-424b-9868-57a2d4851a1d" />
    <TestEntry testId="40843798-41bf-fb8a-959c-ba732aa831ed" executionId="0eefd8d5-9d17-43f8-a00e-c6e42d40f1fc" testListId="8c84fa94-04c1-424b-9868-57a2d4851a1d" />
    <TestEntry testId="6e75c7b2-82c6-9596-e538-6098a4826ccc" executionId="c8bc7a96-a8c2-4833-ad35-b4b3396b40ef" testListId="8c84fa94-04c1-424b-9868-57a2d4851a1d" />
    <TestEntry testId="00962e3e-83d9-46ce-082c-5ce3071a9a13" executionId="3002130a-0e43-4ba3-9559-62f307287541" testListId="8c84fa94-04c1-424b-9868-57a2d4851a1d" />
    <TestEntry testId="05f781d9-9be7-1af3-c443-40faaa2345fc" executionId="600d6f39-6760-4a9f-bf48-16a174f2a787" testListId="8c84fa94-04c1-424b-9868-57a2d4851a1d" />
    <TestEntry testId="dd88292e-70c4-42bd-a16e-4296bf8609a3" executionId="9b9f3fe2-414f-4fc4-9de0-54afe2f5a109" testListId="8c84fa94-04c1-424b-9868-57a2d4851a1d" />
    <TestEntry testId="48cf9cec-86cd-b055-9df4-4490d5d29676" executionId="54b7b4dc-dc8b-4a62-8e4a-eab1294abb60" testListId="8c84fa94-04c1-424b-9868-57a2d4851a1d" />
    <TestEntry testId="c9e3fbeb-75b1-7c7b-7b60-e4644d8dd577" executionId="d6ddb8b5-54ae-44f7-9f33-e7198d160204" testListId="8c84fa94-04c1-424b-9868-57a2d4851a1d" />
    <TestEntry testId="cb92a75a-3d75-fb02-ff9b-54b25c8156f2" executionId="35dfb93d-ffbc-4252-ac61-6dc8a88f06c5" testListId="8c84fa94-04c1-424b-9868-57a2d4851a1d" />
    <TestEntry testId="b4cef04e-2d44-bef8-05c3-d2ca96c4a23e" executionId="510d626b-dd37-48e0-9ac6-1655840ea13d" testListId="8c84fa94-04c1-424b-9868-57a2d4851a1d" />
    <TestEntry testId="1898017e-0a0a-9fff-c891-5b794811d9ca" executionId="6b98cf19-558b-4ad4-81f1-8c7bd0759478" testListId="8c84fa94-04c1-424b-9868-57a2d4851a1d" />
    <TestEntry testId="6afb3563-c986-73d9-429e-d345f8912c2c" executionId="123f44f3-1054-40ed-b306-a7e57278c4c1" testListId="8c84fa94-04c1-424b-9868-57a2d4851a1d" />
    <TestEntry testId="cba02d2f-4f19-49c0-1575-9037f596fa95" executionId="4e730942-d53e-4136-9981-e2d00c249905" testListId="8c84fa94-04c1-424b-9868-57a2d4851a1d" />
    <TestEntry testId="170c026e-6a95-4bb2-d08c-c04ad61f24e2" executionId="b6251d16-2c8c-4d22-a74d-9093b8f6b3fc" testListId="8c84fa94-04c1-424b-9868-57a2d4851a1d" />
    <TestEntry testId="6e531b1c-7ba0-4ec7-9a5b-ff77c5daf1ae" executionId="bde88fd6-e0bc-4a1a-b2b1-9242ed32d6b9" testListId="8c84fa94-04c1-424b-9868-57a2d4851a1d" />
    <TestEntry testId="4bb35674-bcae-db3f-8d79-6da9552ffd66" executionId="a70feff4-192a-45ac-9023-48abd7d56488" testListId="8c84fa94-04c1-424b-9868-57a2d4851a1d" />
    <TestEntry testId="346fbfa0-3649-8251-d8d1-a07b030b1578" executionId="b4390d71-c551-48c1-80b5-eb7a94e22613" testListId="8c84fa94-04c1-424b-9868-57a2d4851a1d" />
    <TestEntry testId="10274018-72a2-7e54-f67f-3e3dab8a3913" executionId="e8b7783b-43cf-490c-a4e8-8f5127873c45" testListId="8c84fa94-04c1-424b-9868-57a2d4851a1d" />
    <TestEntry testId="ed60ffe8-498e-b9e0-cb5e-701cf0899e33" executionId="1c82d24d-697f-471e-95e2-34023e0abe24" testListId="8c84fa94-04c1-424b-9868-57a2d4851a1d" />
    <TestEntry testId="6d93dbe9-2cce-d9d5-7c9f-910853d500ab" executionId="6d50b701-9f8d-4a6e-8ddd-0940d1f342b0" testListId="8c84fa94-04c1-424b-9868-57a2d4851a1d" />
    <TestEntry testId="c7cfb557-b7c6-e2f2-6240-c10413062e2b" executionId="7bf3bfe1-8631-4631-bb61-5581e441a0f9" testListId="8c84fa94-04c1-424b-9868-57a2d4851a1d" />
    <TestEntry testId="13db86b8-d705-e0c0-8e48-91f126870b66" executionId="0c04dc9c-7d04-4b50-b497-e8cfe86f52a7" testListId="8c84fa94-04c1-424b-9868-57a2d4851a1d" />
    <TestEntry testId="b4e531fb-82d4-9ed8-d68f-599b17f00f1b" executionId="873c4ba3-549e-4ff6-a60c-f094efe7ccdc" testListId="8c84fa94-04c1-424b-9868-57a2d4851a1d" />
    <TestEntry testId="e5fc20b5-92e7-3e56-1ed6-e269e15a74db" executionId="08ce25d0-da1a-4852-bb7f-574763e89e31" testListId="8c84fa94-04c1-424b-9868-57a2d4851a1d" />
    <TestEntry testId="e2220ea1-70c7-777c-8e0a-b82f127b0354" executionId="a4186403-a471-4723-a359-8775579a0fc8" testListId="8c84fa94-04c1-424b-9868-57a2d4851a1d" />
    <TestEntry testId="c0865429-3866-2dd1-bc73-a54af982297e" executionId="647a3cfd-ca5c-45b0-b95c-ad9706995879" testListId="8c84fa94-04c1-424b-9868-57a2d4851a1d" />
    <TestEntry testId="1731feec-b95b-cd41-dc58-17e0973fdc80" executionId="14f8c692-5268-4303-b5f7-7e7ab4f9d683" testListId="8c84fa94-04c1-424b-9868-57a2d4851a1d" />
    <TestEntry testId="9af23bea-fd93-7994-bffe-1ae6f1f880df" executionId="987cee1f-c88f-4f7c-9ffd-e7f05183ed71" testListId="8c84fa94-04c1-424b-9868-57a2d4851a1d" />
    <TestEntry testId="6906b320-58cc-fbbb-8560-616a393b863e" executionId="9d4c62c8-7dd6-495d-bb83-ec4571689aa0" testListId="8c84fa94-04c1-424b-9868-57a2d4851a1d" />
    <TestEntry testId="8cf85ff1-edc7-caee-ed6c-a1ccfa277329" executionId="a28f7b3e-28db-43bc-88da-b3da9db5adcb" testListId="8c84fa94-04c1-424b-9868-57a2d4851a1d" />
    <TestEntry testId="c6c8e4f0-4405-665a-2542-a321d8677d46" executionId="da5910f2-3789-4f8a-b251-1666eba38ea6" testListId="8c84fa94-04c1-424b-9868-57a2d4851a1d" />
    <TestEntry testId="3b3bc144-1799-7620-fe3c-04bad5ec1510" executionId="1a4f737c-bda9-4960-b4b2-4d2d4cf6190b" testListId="8c84fa94-04c1-424b-9868-57a2d4851a1d" />
    <TestEntry testId="a48a4aa2-5c0d-5259-9846-1ccc3607484c" executionId="26c4ac4d-5cb4-4362-a1bf-d4d706abbd52" testListId="8c84fa94-04c1-424b-9868-57a2d4851a1d" />
    <TestEntry testId="d0433bb2-5994-e95a-66cb-00cffc215684" executionId="e22d9891-4d0d-417c-a254-ed57d405be86" testListId="8c84fa94-04c1-424b-9868-57a2d4851a1d" />
    <TestEntry testId="a251cec6-75d2-c3ac-bfd1-10289d5753e0" executionId="d162789a-d9eb-4e39-aa74-d7908d3e9363" testListId="8c84fa94-04c1-424b-9868-57a2d4851a1d" />
  </TestEntries>
  <TestLists>
    <TestList name="Results Not in a List" id="8c84fa94-04c1-424b-9868-57a2d4851a1d" />
    <TestList name="All Loaded Results" id="19431567-8539-422a-85d7-44ee4e166bda" />
  </TestLists>
  <ResultSummary outcome="Failed">
    <Counters total="168" executed="168" passed="167" failed="1" error="0" timeout="0" aborted="0" inconclusive="0" passedButRunAborted="0" notRunnable="0" notExecuted="0" disconnected="0" warning="0" completed="0" inProgress="0" pending="0" />
  </ResultSummary>
</TestRun>