<?xml version="1.0" encoding="utf-8"?>
<TestRun id="e3057984-da37-4329-bb0e-d7649ba3fa38" name="DKSR-EFI-06$@DKSR-EFI-06 2024-01-09 15:41:00" runUser="NT AUTHORITY\NETWORK SERVICE" xmlns="http://microsoft.com/schemas/VisualStudio/TeamTest/2010">
  <Times creation="2024-01-09T15:41:00.7109610+01:00" queuing="2024-01-09T15:41:00.7109610+01:00" start="2024-01-09T15:40:58.2578228+01:00" finish="2024-01-09T15:41:05.1537633+01:00" />
  <TestSettings name="default" id="d1383ba2-31e5-46b0-9f99-1c4f363f767f">
    <Deployment runDeploymentRoot="DKSR-EFI-06$_DKSR-EFI-06_2024-01-09_15_41_00" />
  </TestSettings>
  <Results>
    <UnitTestResult executionId="1da39b0d-79e1-44f5-be68-5f52a00b358f" testId="77eb214e-e131-2aba-9b6b-8217504dd48e" testName="RunAsync_ShouldExit_WhenCancellationTokenIsReceived" computerName="DKSR-EFI-06" duration="00:00:00.5995132" startTime="2024-01-09T15:40:59.6205335+01:00" endTime="2024-01-09T15:41:00.2701212+01:00" testType="13cdc9d9-ddb5-4fa4-a97d-d965ccfc6d4b" outcome="Passed" testListId="8c84fa94-04c1-424b-9868-57a2d4851a1d" relativeResultsDirectory="1da39b0d-79e1-44f5-be68-5f52a00b358f" />
    <UnitTestResult executionId="c36f43bd-0fc0-44ae-a32e-84a7c391e700" testId="64141e3a-944e-7e24-9586-a9d7ea36b5e5" testName="RunAsync_ShouldRetryToGetMangmentServerUrisAndLogExceptionTwice_WhenTwoDiffrentExceptionsAreTrown" computerName="DKSR-EFI-06" duration="00:00:01.1302329" startTime="2024-01-09T15:41:03.5434908+01:00" endTime="2024-01-09T15:41:04.6738917+01:00" testType="13cdc9d9-ddb5-4fa4-a97d-d965ccfc6d4b" outcome="Passed" testListId="8c84fa94-04c1-424b-9868-57a2d4851a1d" relativeResultsDirectory="c36f43bd-0fc0-44ae-a32e-84a7c391e700" />
    <UnitTestResult executionId="f733a4d3-6e3c-4e12-b268-99cc87b31a7a" testId="5f9282f2-48bf-e16c-124b-6c8f17f1b1b3" testName="Given_RequestIsSent_When_ResponseMessageReceived_Then_AProperResponseFromVmsAsHttpResponseIsReturned" computerName="DKSR-EFI-06" duration="00:00:00.0136525" startTime="2024-01-09T15:41:01.1626952+01:00" endTime="2024-01-09T15:41:01.1765045+01:00" testType="13cdc9d9-ddb5-4fa4-a97d-d965ccfc6d4b" outcome="Passed" testListId="8c84fa94-04c1-424b-9868-57a2d4851a1d" relativeResultsDirectory="f733a4d3-6e3c-4e12-b268-99cc87b31a7a" />
    <UnitTestResult executionId="992044d9-4d8b-483f-b6cc-fc51b2bd2173" testId="0631a4a6-2e54-b918-a70e-dd4ab1883841" testName="ProcessCommandAsync_ShoudThrowInvalidOperationException_WhenCommandTypeIsWrong" computerName="DKSR-EFI-06" duration="00:00:00.0032459" startTime="2024-01-09T15:41:04.7527220+01:00" endTime="2024-01-09T15:41:04.7562161+01:00" testType="13cdc9d9-ddb5-4fa4-a97d-d965ccfc6d4b" outcome="Passed" testListId="8c84fa94-04c1-424b-9868-57a2d4851a1d" relativeResultsDirectory="992044d9-4d8b-483f-b6cc-fc51b2bd2173" />
    <UnitTestResult executionId="49446a8a-b60b-45d0-bc4d-afb03cf92750" testId="40fdb1ca-7fde-0f51-1804-bce4ea088140" testName="ProcessCommandAsync_ShoudReturnError_WhenCommandTypeIsCorrect_AndClientThrows" computerName="DKSR-EFI-06" duration="00:00:00.0021398" startTime="2024-01-09T15:41:04.7766486+01:00" endTime="2024-01-09T15:41:04.7788794+01:00" testType="13cdc9d9-ddb5-4fa4-a97d-d965ccfc6d4b" outcome="Passed" testListId="8c84fa94-04c1-424b-9868-57a2d4851a1d" relativeResultsDirectory="49446a8a-b60b-45d0-bc4d-afb03cf92750" />
    <UnitTestResult executionId="2a23b69e-9eab-4e53-8890-e64e9a5b2534" testId="e6d7322e-b8f5-bafe-ce50-120a168242d3" testName="Given_RequestIsSent_When_UnavailableResponseIsReceivedInHtmlFormat_Then_AProperResponseFromVmsAsHttpResponseIsReturned" computerName="DKSR-EFI-06" duration="00:00:00.0142905" startTime="2024-01-09T15:41:01.2108146+01:00" endTime="2024-01-09T15:41:01.2252656+01:00" testType="13cdc9d9-ddb5-4fa4-a97d-d965ccfc6d4b" outcome="Passed" testListId="8c84fa94-04c1-424b-9868-57a2d4851a1d" relativeResultsDirectory="2a23b69e-9eab-4e53-8890-e64e9a5b2534" />
    <UnitTestResult executionId="d173af39-e05c-45a4-b328-b32feafe2a19" testId="89dc4c45-407b-97a5-d45a-0c91ed495056" testName="ResolveAddressesAsync_ShouldThrowManagmentServerUriDataException_WhenIdentityProviderIsNull" computerName="DKSR-EFI-06" duration="00:00:00.0365937" startTime="2024-01-09T15:41:00.9179915+01:00" endTime="2024-01-09T15:41:00.9547616+01:00" testType="13cdc9d9-ddb5-4fa4-a97d-d965ccfc6d4b" outcome="Passed" testListId="8c84fa94-04c1-424b-9868-57a2d4851a1d" relativeResultsDirectory="d173af39-e05c-45a4-b328-b32feafe2a19" />
    <UnitTestResult executionId="2ca97b82-04f6-4480-88c0-112f796378b1" testId="1ff7076e-5452-7636-e179-fe3fdb8b1b51" testName="Start_ShouldThrowVmsMessageAuthenticatorException_WhenRefreshTokenFailsWithExpectedExceptions (VideoOS.IdentityServer.Common.Handlers.IdentityServerTokenException)" computerName="DKSR-EFI-06" duration="00:00:00.0231074" startTime="2024-01-09T15:41:00.5231858+01:00" endTime="2024-01-09T15:41:00.5870766+01:00" testType="13cdc9d9-ddb5-4fa4-a97d-d965ccfc6d4b" outcome="Passed" testListId="8c84fa94-04c1-424b-9868-57a2d4851a1d" relativeResultsDirectory="2ca97b82-04f6-4480-88c0-112f796378b1" />
    <UnitTestResult executionId="f4cd3add-5d9a-4b03-ad20-588ca7548f39" testId="cacf39af-464e-fb07-a553-bef596bf60f6" testName="ProcessCommandAsync_ShoudThrowInvalidOperationException_WhenCommandTypeIsWrong" computerName="DKSR-EFI-06" duration="00:00:00.0009278" startTime="2024-01-09T15:41:04.7805195+01:00" endTime="2024-01-09T15:41:04.7815574+01:00" testType="13cdc9d9-ddb5-4fa4-a97d-d965ccfc6d4b" outcome="Passed" testListId="8c84fa94-04c1-424b-9868-57a2d4851a1d" relativeResultsDirectory="f4cd3add-5d9a-4b03-ad20-588ca7548f39" />
    <UnitTestResult executionId="7430d83b-3dea-4b32-8820-962b32582707" testId="ab20a201-1a6b-9773-1d63-8b4f58d61d44" testName="Given_RequestToVmsAsHttpRequest_When_Sent_Then_AnAuthorizationheaderIsAdded" computerName="DKSR-EFI-06" duration="00:00:00.0342544" startTime="2024-01-09T15:41:01.1281496+01:00" endTime="2024-01-09T15:41:01.1626171+01:00" testType="13cdc9d9-ddb5-4fa4-a97d-d965ccfc6d4b" outcome="Passed" testListId="8c84fa94-04c1-424b-9868-57a2d4851a1d" relativeResultsDirectory="7430d83b-3dea-4b32-8820-962b32582707" />
    <UnitTestResult executionId="a456ddd7-575c-4be9-a812-f4e6c4f7f612" testId="b8204e8d-1a3b-2454-7f39-417682ba261f" testName="Deserialize_ShoudReturnAddSubscriptionCommand_WhenGivenAddSubscriptionCommandJson" computerName="DKSR-EFI-06" duration="00:00:00.0206913" startTime="2024-01-09T15:41:04.7987715+01:00" endTime="2024-01-09T15:41:04.8195614+01:00" testType="13cdc9d9-ddb5-4fa4-a97d-d965ccfc6d4b" outcome="Passed" testListId="8c84fa94-04c1-424b-9868-57a2d4851a1d" relativeResultsDirectory="a456ddd7-575c-4be9-a812-f4e6c4f7f612" />
    <UnitTestResult executionId="565fa3f8-25cc-4157-b855-0b055b70baf5" testId="e3ffd559-52db-37ca-aa83-edb63bc08668" testName="ProcessCommandAsync_ShoudReturnSuccessAndSubscriptionId_WhenClientSucceeds" computerName="DKSR-EFI-06" duration="00:00:00.0039730" startTime="2024-01-09T15:41:04.7878284+01:00" endTime="2024-01-09T15:41:04.7919804+01:00" testType="13cdc9d9-ddb5-4fa4-a97d-d965ccfc6d4b" outcome="Passed" testListId="8c84fa94-04c1-424b-9868-57a2d4851a1d" relativeResultsDirectory="565fa3f8-25cc-4157-b855-0b055b70baf5" />
    <UnitTestResult executionId="ea90adb1-b06d-4632-9a8f-da4fdee5777f" testId="9d1fb991-9d85-ad2b-3cb5-dcc74e387aab" testName="Deserialize_ShouldThrowMessageProcessingException_WhenGivenInvalidCommandJson" computerName="DKSR-EFI-06" duration="00:00:00.0012678" startTime="2024-01-09T15:41:04.8223064+01:00" endTime="2024-01-09T15:41:04.8236807+01:00" testType="13cdc9d9-ddb5-4fa4-a97d-d965ccfc6d4b" outcome="Passed" testListId="8c84fa94-04c1-424b-9868-57a2d4851a1d" relativeResultsDirectory="ea90adb1-b06d-4632-9a8f-da4fdee5777f" />
    <UnitTestResult executionId="e902f4fc-4a1e-4006-8a8b-95d71b06d9b3" testId="927b7a17-da95-af02-8b1a-cee97f74089e" testName="ProcessCommandAsync_ShoudReturnSuccessAndSubscriptionId_WhenClientSucceeds" computerName="DKSR-EFI-06" duration="00:00:00.0080663" startTime="2024-01-09T15:41:04.7562608+01:00" endTime="2024-01-09T15:41:04.7644461+01:00" testType="13cdc9d9-ddb5-4fa4-a97d-d965ccfc6d4b" outcome="Passed" testListId="8c84fa94-04c1-424b-9868-57a2d4851a1d" relativeResultsDirectory="e902f4fc-4a1e-4006-8a8b-95d71b06d9b3" />
    <UnitTestResult executionId="4f4b6957-b65c-41d3-b809-b14e3f9ac62e" testId="3f5fceb0-c5ba-929a-ea80-a6a6d30fae81" testName="ResolveAddressesAsync_ShouldThrowManagmentServerUriDataException_WhenApiGatewayIsNull" computerName="DKSR-EFI-06" duration="00:00:00.0248283" startTime="2024-01-09T15:41:00.9548414+01:00" endTime="2024-01-09T15:41:00.9799969+01:00" testType="13cdc9d9-ddb5-4fa4-a97d-d965ccfc6d4b" outcome="Passed" testListId="8c84fa94-04c1-424b-9868-57a2d4851a1d" relativeResultsDirectory="4f4b6957-b65c-41d3-b809-b14e3f9ac62e" />
    <UnitTestResult executionId="5f0044d9-229d-41e9-a9fa-6648ccf194ae" testId="f700b63b-3c47-84dc-50ae-ae8d7c14e5b7" testName="ResolveAddressesAsync_ShouldThrowManagmentServerUriDataException_WhenApiGatewayIsEmpty" computerName="DKSR-EFI-06" duration="00:00:00.0263372" startTime="2024-01-09T15:41:00.9800747+01:00" endTime="2024-01-09T15:41:01.0066363+01:00" testType="13cdc9d9-ddb5-4fa4-a97d-d965ccfc6d4b" outcome="Passed" testListId="8c84fa94-04c1-424b-9868-57a2d4851a1d" relativeResultsDirectory="5f0044d9-229d-41e9-a9fa-6648ccf194ae" />
    <UnitTestResult executionId="8d49aecd-d9b6-4d85-b8f7-41f25fc68d50" testId="91967216-6765-7d59-30b2-6c8450a8ba37" testName="ProcessCommandAsync_ShoudReturnError_WhenClientThrows" computerName="DKSR-EFI-06" duration="00:00:00.0030611" startTime="2024-01-09T15:41:04.7920599+01:00" endTime="2024-01-09T15:41:04.7953044+01:00" testType="13cdc9d9-ddb5-4fa4-a97d-d965ccfc6d4b" outcome="Passed" testListId="8c84fa94-04c1-424b-9868-57a2d4851a1d" relativeResultsDirectory="8d49aecd-d9b6-4d85-b8f7-41f25fc68d50" />
    <UnitTestResult executionId="7c535093-4965-4303-ae99-b2832cc131b1" testId="1ff7076e-5452-7636-e179-fe3fdb8b1b51" testName="Start_ShouldThrowVmsMessageAuthenticatorException_WhenRefreshTokenFailsWithExpectedExceptions (VideoOS.CloudConnector.VmsGatewayCommunicator.UnitTest.TokenHandlerTests+MockIdpException)" computerName="DKSR-EFI-06" duration="00:00:00.0132010" startTime="2024-01-09T15:41:00.5231858+01:00" endTime="2024-01-09T15:41:00.5870766+01:00" testType="13cdc9d9-ddb5-4fa4-a97d-d965ccfc6d4b" outcome="Passed" testListId="8c84fa94-04c1-424b-9868-57a2d4851a1d" relativeResultsDirectory="7c535093-4965-4303-ae99-b2832cc131b1" />
    <UnitTestResult executionId="fa4fc39a-bcca-4ae1-9ee9-e35a65faa67c" testId="ba3dcd4d-ec5e-091e-bd70-2b1edd3434f4" testName="AcceptsCommand_ShoudBeTrue_WhenCommandTypeIsCorrect" computerName="DKSR-EFI-06" duration="00:00:00.0004920" startTime="2024-01-09T15:41:04.7723622+01:00" endTime="2024-01-09T15:41:04.7729325+01:00" testType="13cdc9d9-ddb5-4fa4-a97d-d965ccfc6d4b" outcome="Passed" testListId="8c84fa94-04c1-424b-9868-57a2d4851a1d" relativeResultsDirectory="fa4fc39a-bcca-4ae1-9ee9-e35a65faa67c" />
    <UnitTestResult executionId="43992e92-2b87-471c-9468-c6ecf514b659" testId="eb18e2dd-fced-e1ef-d3c5-380e364403ca" testName="Given_RequestIsSent_When_UnauthorizedResponseIsReceivedInHtmlFormat_Then_AProperResponseFromVmsAsHttpResponseIsReturned (someType/text,Incorrect username or password was specified)" computerName="DKSR-EFI-06" duration="00:00:00.0100516" startTime="2024-01-09T15:41:01.1870233+01:00" endTime="2024-01-09T15:41:01.2004681+01:00" testType="13cdc9d9-ddb5-4fa4-a97d-d965ccfc6d4b" outcome="Passed" testListId="8c84fa94-04c1-424b-9868-57a2d4851a1d" relativeResultsDirectory="43992e92-2b87-471c-9468-c6ecf514b659" />
    <UnitTestResult executionId="3b1284a3-e02a-49d1-b196-4c87959be3e9" testId="13a4ff0f-35a3-c179-40b3-5a5c363cfb21" testName="ProcessCommandAsync_ShoudReturnError_WhenClientThrows" computerName="DKSR-EFI-06" duration="00:00:00.0054609" startTime="2024-01-09T15:41:04.7657612+01:00" endTime="2024-01-09T15:41:04.7713678+01:00" testType="13cdc9d9-ddb5-4fa4-a97d-d965ccfc6d4b" outcome="Passed" testListId="8c84fa94-04c1-424b-9868-57a2d4851a1d" relativeResultsDirectory="3b1284a3-e02a-49d1-b196-4c87959be3e9" />
    <UnitTestResult executionId="8d9e5742-7590-4c60-a49b-ac9c7e5b04dc" testId="f3553615-2f34-58ff-4306-a31fd2ab5e51" testName="Given_RequestIsSent_When_ForbiddenResponseIsReceivedInHtmlFormat_Then_AProperResponseFromVmsAsHttpResponseIsReturned" computerName="DKSR-EFI-06" duration="00:00:00.0102310" startTime="2024-01-09T15:41:01.1765738+01:00" endTime="2024-01-09T15:41:01.1869504+01:00" testType="13cdc9d9-ddb5-4fa4-a97d-d965ccfc6d4b" outcome="Passed" testListId="8c84fa94-04c1-424b-9868-57a2d4851a1d" relativeResultsDirectory="8d9e5742-7590-4c60-a49b-ac9c7e5b04dc" />
    <UnitTestResult executionId="33d67f75-b516-43e2-bf29-084155166b29" testId="c1b872e3-c9f6-af45-1a88-f631374d9dfc" testName="AddSubscriptionAsync_ShouldThrow_WhenSessionIsNotOnline" computerName="DKSR-EFI-06" duration="00:00:00.0084581" startTime="2024-01-09T15:41:00.2795520+01:00" endTime="2024-01-09T15:41:00.2883317+01:00" testType="13cdc9d9-ddb5-4fa4-a97d-d965ccfc6d4b" outcome="Passed" testListId="8c84fa94-04c1-424b-9868-57a2d4851a1d" relativeResultsDirectory="33d67f75-b516-43e2-bf29-084155166b29" />
    <UnitTestResult executionId="6e1c5c52-a7b5-4b61-9d9e-fcd4d7819e20" testId="fd7dce95-5f22-ba36-2e4b-a54cb2de9e1b" testName="AcceptsCommand_ShoudBeTrue_WhenCommandTypeIsCorrect" computerName="DKSR-EFI-06" duration="00:00:00.0006020" startTime="2024-01-09T15:41:04.7798245+01:00" endTime="2024-01-09T15:41:04.7804910+01:00" testType="13cdc9d9-ddb5-4fa4-a97d-d965ccfc6d4b" outcome="Passed" testListId="8c84fa94-04c1-424b-9868-57a2d4851a1d" relativeResultsDirectory="6e1c5c52-a7b5-4b61-9d9e-fcd4d7819e20" />
    <UnitTestResult executionId="9b46ac6c-5ec7-4731-b361-0ed786181a4f" testId="1a7c0fd2-9165-4900-3557-6324c2ac1d58" testName="AcceptsCommand_ShoudBeFalse_WhenCommandTypeIsWrong" computerName="DKSR-EFI-06" duration="00:00:00.0007202" startTime="2024-01-09T15:41:04.7789099+01:00" endTime="2024-01-09T15:41:04.7797961+01:00" testType="13cdc9d9-ddb5-4fa4-a97d-d965ccfc6d4b" outcome="Passed" testListId="8c84fa94-04c1-424b-9868-57a2d4851a1d" relativeResultsDirectory="9b46ac6c-5ec7-4731-b361-0ed786181a4f" />
    <UnitTestResult executionId="fed7e748-76d6-48d1-9703-eaead926e40b" testId="945b1d1a-1d46-ec1b-a72b-1a58345f0665" testName="RunAsync_ShouldRetryToGetMangmentServerUrisAndLogExceptionOnceAndNotCallVmsClientStart_WhenTwoSameExceptionsAreThrown" computerName="DKSR-EFI-06" duration="00:00:01.1440683" startTime="2024-01-09T15:41:01.2407836+01:00" endTime="2024-01-09T15:41:02.3852121+01:00" testType="13cdc9d9-ddb5-4fa4-a97d-d965ccfc6d4b" outcome="Passed" testListId="8c84fa94-04c1-424b-9868-57a2d4851a1d" relativeResultsDirectory="fed7e748-76d6-48d1-9703-eaead926e40b" />
    <UnitTestResult executionId="b115ef8b-0af7-477e-bb86-3cc6e5e9405f" testId="38e85025-2f3c-cf36-0c3b-2b292ba29451" testName="RunAsync_ShouldExit_WhenCancellationTokenIsReceived" computerName="DKSR-EFI-06" duration="00:00:00.0216854" startTime="2024-01-09T15:41:04.6739551+01:00" endTime="2024-01-09T15:41:04.6957901+01:00" testType="13cdc9d9-ddb5-4fa4-a97d-d965ccfc6d4b" outcome="Passed" testListId="8c84fa94-04c1-424b-9868-57a2d4851a1d" relativeResultsDirectory="b115ef8b-0af7-477e-bb86-3cc6e5e9405f" />
    <UnitTestResult executionId="1815bf91-cc50-471c-a68a-06056503a9ea" testId="fe8753b0-b4f9-b4d7-6ceb-e6a61f15a8d8" testName="Start_ShouldLogSucces_WhenTokenCasheIsCreatedSuccessfully" computerName="DKSR-EFI-06" duration="00:00:00.0633087" startTime="2024-01-09T15:41:00.6388219+01:00" endTime="2024-01-09T15:41:00.7023806+01:00" testType="13cdc9d9-ddb5-4fa4-a97d-d965ccfc6d4b" outcome="Passed" testListId="8c84fa94-04c1-424b-9868-57a2d4851a1d" relativeResultsDirectory="1815bf91-cc50-471c-a68a-06056503a9ea" />
    <UnitTestResult executionId="e0c12f6d-8871-4d8f-bcc8-5dcc8284b8a7" testId="fd053fc9-613b-b024-4f90-4055fc170628" testName="AcceptsCommand_ShoudBeFalse_WhenCommandTypeIsWrong" computerName="DKSR-EFI-06" duration="00:00:00.0007174" startTime="2024-01-09T15:41:04.7714175+01:00" endTime="2024-01-09T15:41:04.7723264+01:00" testType="13cdc9d9-ddb5-4fa4-a97d-d965ccfc6d4b" outcome="Passed" testListId="8c84fa94-04c1-424b-9868-57a2d4851a1d" relativeResultsDirectory="e0c12f6d-8871-4d8f-bcc8-5dcc8284b8a7" />
    <UnitTestResult executionId="42fae25b-c6e4-4382-a311-c955136318b0" testId="c6bae9b8-6fe0-f391-4ccf-fda3dc1cccc4" testName="ProcessCommandAsync_ShoudThrowInvalidOperationException_WhenCommandTypeIsWrong" computerName="DKSR-EFI-06" duration="00:00:00.0010293" startTime="2024-01-09T15:41:04.7729614+01:00" endTime="2024-01-09T15:41:04.7741044+01:00" testType="13cdc9d9-ddb5-4fa4-a97d-d965ccfc6d4b" outcome="Passed" testListId="8c84fa94-04c1-424b-9868-57a2d4851a1d" relativeResultsDirectory="42fae25b-c6e4-4382-a311-c955136318b0" />
    <UnitTestResult executionId="eb7c852d-07e5-45eb-b9f6-c0c9262c1559" testId="4a7827b5-8a58-f73b-b305-84108386b301" testName="AcceptsCommand_ShoudBeTrue_WhenCommandTypeIsCorrect" computerName="DKSR-EFI-06" duration="00:00:00.0015682" startTime="2024-01-09T15:41:04.7510326+01:00" endTime="2024-01-09T15:41:04.7526857+01:00" testType="13cdc9d9-ddb5-4fa4-a97d-d965ccfc6d4b" outcome="Passed" testListId="8c84fa94-04c1-424b-9868-57a2d4851a1d" relativeResultsDirectory="eb7c852d-07e5-45eb-b9f6-c0c9262c1559" />
    <UnitTestResult executionId="144265de-6efd-4732-8ee4-59fa7bef4a2d" testId="1e4cb510-e811-129b-df49-fa5bf77912b1" testName="ProcessMessageAsync_ShoudThrowMessageProcessingException_NoCommandProcessorAcceptsMessage" computerName="DKSR-EFI-06" duration="00:00:00.0058661" startTime="2024-01-09T15:41:00.3448041+01:00" endTime="2024-01-09T15:41:00.3509303+01:00" testType="13cdc9d9-ddb5-4fa4-a97d-d965ccfc6d4b" outcome="Passed" testListId="8c84fa94-04c1-424b-9868-57a2d4851a1d" relativeResultsDirectory="144265de-6efd-4732-8ee4-59fa7bef4a2d" />
    <UnitTestResult executionId="1811dcbf-e01d-4b19-9d21-64b85672ceb4" testId="53875170-a418-d541-06da-45c5b6c0049b" testName="Given_RequestToVmsAsHttpRequest_When_Sent_Then_TheContentOfTheHttpRequestMessageIsSent" computerName="DKSR-EFI-06" duration="00:00:00.0379233" startTime="2024-01-09T15:41:01.0870317+01:00" endTime="2024-01-09T15:41:01.1251527+01:00" testType="13cdc9d9-ddb5-4fa4-a97d-d965ccfc6d4b" outcome="Passed" testListId="8c84fa94-04c1-424b-9868-57a2d4851a1d" relativeResultsDirectory="1811dcbf-e01d-4b19-9d21-64b85672ceb4" />
    <UnitTestResult executionId="61c08033-3612-496d-8e86-6ff333881664" testId="146c794a-8a7a-9ac5-4b07-da54993b6d43" testName="Deserialize_ShouldThrowMessageProcessingException_WhenGivenInvalidFormatJson" computerName="DKSR-EFI-06" duration="00:00:00.0104218" startTime="2024-01-09T15:41:04.8237139+01:00" endTime="2024-01-09T15:41:04.8342561+01:00" testType="13cdc9d9-ddb5-4fa4-a97d-d965ccfc6d4b" outcome="Passed" testListId="8c84fa94-04c1-424b-9868-57a2d4851a1d" relativeResultsDirectory="61c08033-3612-496d-8e86-6ff333881664" />
    <UnitTestResult executionId="18709b54-d483-4ca2-a607-9d1254ce41c8" testId="e945ffff-deba-86ac-7d1c-c6bf4c3ef71a" testName="Given_RequestIsSent_When_SomeUnexpectedResponseIsReceived_Then_AProperResponseFromVmsAsHttpResponseIsReturned" computerName="DKSR-EFI-06" duration="00:00:00.0147903" startTime="2024-01-09T15:41:01.2257301+01:00" endTime="2024-01-09T15:41:01.2407105+01:00" testType="13cdc9d9-ddb5-4fa4-a97d-d965ccfc6d4b" outcome="Passed" testListId="8c84fa94-04c1-424b-9868-57a2d4851a1d" relativeResultsDirectory="18709b54-d483-4ca2-a607-9d1254ce41c8" />
    <UnitTestResult executionId="61587689-a172-41ea-9b5d-a4916b970a37" testId="43b8df3d-e410-716e-6168-72e11ef79d8b" testName="RunAsync_ShouldThrowExecption_WhenFatalErrorInEssClientRunAsync" computerName="DKSR-EFI-06" duration="00:00:00.0227262" startTime="2024-01-09T15:41:04.7132137+01:00" endTime="2024-01-09T15:41:04.7361339+01:00" testType="13cdc9d9-ddb5-4fa4-a97d-d965ccfc6d4b" outcome="Passed" testListId="8c84fa94-04c1-424b-9868-57a2d4851a1d" relativeResultsDirectory="61587689-a172-41ea-9b5d-a4916b970a37" />
    <UnitTestResult executionId="4ff6cf55-f988-42f3-ab83-6f81f52598a6" testId="88d46b07-3a7e-fedb-484c-5e8e5cdbf82d" testName="RunAsync_ShouldExit_WhenCancellationTokenIsReceivedDuringTokenHandlerStart" computerName="DKSR-EFI-06" duration="00:00:00.0171726" startTime="2024-01-09T15:41:04.6958528+01:00" endTime="2024-01-09T15:41:04.7131557+01:00" testType="13cdc9d9-ddb5-4fa4-a97d-d965ccfc6d4b" outcome="Passed" testListId="8c84fa94-04c1-424b-9868-57a2d4851a1d" relativeResultsDirectory="4ff6cf55-f988-42f3-ab83-6f81f52598a6" />
    <UnitTestResult executionId="0c72cf5e-8f73-4ff2-a1e0-cf9cc375ef7c" testId="92397220-5af0-7279-3009-d99842456db5" testName="SendAllStatefulEventsAsync_ShouldThrow_WhenSessionIsNotOnline" computerName="DKSR-EFI-06" duration="00:00:00.0057922" startTime="2024-01-09T15:41:00.2953605+01:00" endTime="2024-01-09T15:41:00.3015173+01:00" testType="13cdc9d9-ddb5-4fa4-a97d-d965ccfc6d4b" outcome="Passed" testListId="8c84fa94-04c1-424b-9868-57a2d4851a1d" relativeResultsDirectory="0c72cf5e-8f73-4ff2-a1e0-cf9cc375ef7c" />
    <UnitTestResult executionId="b6449c0b-66a1-402e-af0f-9d9bf20d9ea0" testId="ee23d67e-6c5e-1d6a-45cf-d77f34f08f30" testName="ResolveAddressesAsync_ShouldLogApiGatewayAddressAndIdentityProviderAddress_WhenGetAsyncSucceed" computerName="DKSR-EFI-06" duration="00:00:00.1688018" startTime="2024-01-09T15:41:00.7024626+01:00" endTime="2024-01-09T15:41:00.8716084+01:00" testType="13cdc9d9-ddb5-4fa4-a97d-d965ccfc6d4b" outcome="Passed" testListId="8c84fa94-04c1-424b-9868-57a2d4851a1d" relativeResultsDirectory="b6449c0b-66a1-402e-af0f-9d9bf20d9ea0" />
    <UnitTestResult executionId="82dad432-54bd-4ecf-80fa-3460e20e8456" testId="5e7b9b74-f3c3-c6c3-0680-68e7cd934e4b" testName="AuthorizeRequestAsync_ShouldAddNewHeaderToRequest_WhenRefreshTokenSuccess" computerName="DKSR-EFI-06" duration="00:00:00.0131511" startTime="2024-01-09T15:41:04.7362109+01:00" endTime="2024-01-09T15:41:04.7496533+01:00" testType="13cdc9d9-ddb5-4fa4-a97d-d965ccfc6d4b" outcome="Passed" testListId="8c84fa94-04c1-424b-9868-57a2d4851a1d" relativeResultsDirectory="82dad432-54bd-4ecf-80fa-3460e20e8456" />
    <UnitTestResult executionId="92124171-98fb-4fa2-a21c-19ce71aa6dee" testId="de0660db-2e29-717c-2bf3-5efce23e7793" testName="Deserialize_ShoudReturnRemoveSubscriptionCommand_WhenGivenRemoveSubscriptionCommandJson" computerName="DKSR-EFI-06" duration="00:00:00.0016011" startTime="2024-01-09T15:41:04.8196247+01:00" endTime="2024-01-09T15:41:04.8213385+01:00" testType="13cdc9d9-ddb5-4fa4-a97d-d965ccfc6d4b" outcome="Passed" testListId="8c84fa94-04c1-424b-9868-57a2d4851a1d" relativeResultsDirectory="92124171-98fb-4fa2-a21c-19ce71aa6dee" />
    <UnitTestResult executionId="08551ce2-9d01-41d2-a287-4a7b41f4aafd" testId="48fab191-2c7d-3b26-01d7-c2f887d83449" testName="Given_AdressesAreNotYetResolved_When_GetAddressIsDoneWhileReolveMethodIsRunning_Then_AddressIsResolvedOnlyOnceAndReturned" computerName="DKSR-EFI-06" duration="00:00:00.0237716" startTime="2024-01-09T15:41:00.8939750+01:00" endTime="2024-01-09T15:41:00.9179178+01:00" testType="13cdc9d9-ddb5-4fa4-a97d-d965ccfc6d4b" outcome="Passed" testListId="8c84fa94-04c1-424b-9868-57a2d4851a1d" relativeResultsDirectory="08551ce2-9d01-41d2-a287-4a7b41f4aafd" />
    <UnitTestResult executionId="9471ea6b-2e07-4ed6-9afc-527b2d1ec969" testId="f81e43ba-e663-332b-621c-d17302ab997c" testName="ProcessMessageAsync_ShoudUseCorrectProcessor_WhenMultipleCommandProcessorsAreGiven" computerName="DKSR-EFI-06" duration="00:00:00.0428364" startTime="2024-01-09T15:41:00.3015864+01:00" endTime="2024-01-09T15:41:00.3447196+01:00" testType="13cdc9d9-ddb5-4fa4-a97d-d965ccfc6d4b" outcome="Passed" testListId="8c84fa94-04c1-424b-9868-57a2d4851a1d" relativeResultsDirectory="9471ea6b-2e07-4ed6-9afc-527b2d1ec969" />
    <UnitTestResult executionId="f61bff37-9eb8-4f37-b34c-4ae30866deff" testId="6c8fdd61-11e1-b48a-fbd8-c72461118a3f" testName="RunAsync_ShouldRetryToStartTokenHandlerAndLogExceptionOnce_WhenTwoSameExceptionsAreTrown" computerName="DKSR-EFI-06" duration="00:00:01.1578043" startTime="2024-01-09T15:41:02.3853465+01:00" endTime="2024-01-09T15:41:03.5434222+01:00" testType="13cdc9d9-ddb5-4fa4-a97d-d965ccfc6d4b" outcome="Passed" testListId="8c84fa94-04c1-424b-9868-57a2d4851a1d" relativeResultsDirectory="f61bff37-9eb8-4f37-b34c-4ae30866deff" />
    <UnitTestResult executionId="0d29894c-600b-45b4-8ce3-d80f09afdb3e" testId="cb6ab9d5-c93b-48a6-1e4b-5a2dd1459ff8" testName="Deserialize_ShouldThrowMessageProcessingException_WhenGivenInvalidJson" computerName="DKSR-EFI-06" duration="00:00:00.0009228" startTime="2024-01-09T15:41:04.8343167+01:00" endTime="2024-01-09T15:41:04.8365689+01:00" testType="13cdc9d9-ddb5-4fa4-a97d-d965ccfc6d4b" outcome="Passed" testListId="8c84fa94-04c1-424b-9868-57a2d4851a1d" relativeResultsDirectory="0d29894c-600b-45b4-8ce3-d80f09afdb3e" />
    <UnitTestResult executionId="93b2494a-6972-4ffe-8abe-8ce915b63047" testId="a4d23e1f-9e34-9260-722c-fb7c514636a8" testName="ProcessCommandAsync_ShoudReturnSuccess_WhenClientSucceeds" computerName="DKSR-EFI-06" duration="00:00:00.0023916" startTime="2024-01-09T15:41:04.7741384+01:00" endTime="2024-01-09T15:41:04.7766159+01:00" testType="13cdc9d9-ddb5-4fa4-a97d-d965ccfc6d4b" outcome="Passed" testListId="8c84fa94-04c1-424b-9868-57a2d4851a1d" relativeResultsDirectory="93b2494a-6972-4ffe-8abe-8ce915b63047" />
    <UnitTestResult executionId="1a7db823-3010-4e99-9bef-60276399276f" testId="ea8e992b-dbc2-9ff4-613e-597a07fbd655" testName="AcceptsCommand_ShoudBeFalse_WhenCommandTypeIsWrong" computerName="DKSR-EFI-06" duration="00:00:00.0010632" startTime="2024-01-09T15:41:04.7497144+01:00" endTime="2024-01-09T15:41:04.7509871+01:00" testType="13cdc9d9-ddb5-4fa4-a97d-d965ccfc6d4b" outcome="Passed" testListId="8c84fa94-04c1-424b-9868-57a2d4851a1d" relativeResultsDirectory="1a7db823-3010-4e99-9bef-60276399276f" />
    <UnitTestResult executionId="fdd5491a-c664-45cf-94f5-10c877042a6d" testId="7f0d91d6-cfc6-68cb-2b56-4279824abad8" testName="Given_AdressesAreNotYetResolved_When_GetAddress_Then_AddressIsResolvedAndReturned" computerName="DKSR-EFI-06" duration="00:00:00.0220559" startTime="2024-01-09T15:41:00.8716857+01:00" endTime="2024-01-09T15:41:00.8939013+01:00" testType="13cdc9d9-ddb5-4fa4-a97d-d965ccfc6d4b" outcome="Passed" testListId="8c84fa94-04c1-424b-9868-57a2d4851a1d" relativeResultsDirectory="fdd5491a-c664-45cf-94f5-10c877042a6d" />
    <UnitTestResult executionId="1bc1bf7e-5788-4dec-ba23-56477901ab6f" testId="8585b7dc-7244-3a96-6dc0-194ca07af193" testName="Serialize_ShoudReturnAddSubscriptionResponseJson_WhenGivenAddSubscriptionResponse" computerName="DKSR-EFI-06" duration="00:00:00.0031867" startTime="2024-01-09T15:41:04.7953525+01:00" endTime="2024-01-09T15:41:04.7987335+01:00" testType="13cdc9d9-ddb5-4fa4-a97d-d965ccfc6d4b" outcome="Passed" testListId="8c84fa94-04c1-424b-9868-57a2d4851a1d" relativeResultsDirectory="1bc1bf7e-5788-4dec-ba23-56477901ab6f" />
    <UnitTestResult executionId="77886ca5-8668-45fa-868e-6309cb59fe33" testId="dd04bf9e-385e-bc44-dcd4-3eeb73e0ac2c" testName="Given_RequestToVmsAsHttpRequest_When_Sent_Then_AnHttpRequestMessageIsSent" computerName="DKSR-EFI-06" duration="00:00:00.0798989" startTime="2024-01-09T15:41:01.0067202+01:00" endTime="2024-01-09T15:41:01.0869542+01:00" testType="13cdc9d9-ddb5-4fa4-a97d-d965ccfc6d4b" outcome="Passed" testListId="8c84fa94-04c1-424b-9868-57a2d4851a1d" relativeResultsDirectory="77886ca5-8668-45fa-868e-6309cb59fe33" />
    <UnitTestResult executionId="2ee73827-5bf1-487c-84a6-1046c2386949" testId="58611439-4eed-f271-942d-7637305b9c01" testName="Start_ShouldNotHandleException_WhenCreateTokenchenCasheFails" computerName="DKSR-EFI-06" duration="00:00:00.1717647" startTime="2024-01-09T15:41:00.3510096+01:00" endTime="2024-01-09T15:41:00.5230986+01:00" testType="13cdc9d9-ddb5-4fa4-a97d-d965ccfc6d4b" outcome="Passed" testListId="8c84fa94-04c1-424b-9868-57a2d4851a1d" relativeResultsDirectory="2ee73827-5bf1-487c-84a6-1046c2386949" />
    <UnitTestResult executionId="0f4d6b37-ab20-4159-bc39-808a161a0573" testId="b6b906da-ecb0-3b53-ef37-a76433e33141" testName="Given_RequestIsSent_When_UnauthorizedResponseIsReceivedInHtmlFormat_Then_AProperResponseFromVmsAsHttpResponseIsReturned (application/json,Incorrect username or password was specified)" computerName="DKSR-EFI-06" duration="00:00:00.0099175" startTime="2024-01-09T15:41:01.2006086+01:00" endTime="2024-01-09T15:41:01.2107391+01:00" testType="13cdc9d9-ddb5-4fa4-a97d-d965ccfc6d4b" outcome="Passed" testListId="8c84fa94-04c1-424b-9868-57a2d4851a1d" relativeResultsDirectory="0f4d6b37-ab20-4159-bc39-808a161a0573" />
    <UnitTestResult executionId="193f74b1-4005-4ef9-a355-a21010f2b880" testId="8acc8c92-3f02-e3e8-b05a-d6e57351e9cd" testName="RemoveSubscriptionAsync_ShouldThrow_WhenSessionIsNotOnline" computerName="DKSR-EFI-06" duration="00:00:00.0066146" startTime="2024-01-09T15:41:00.2884477+01:00" endTime="2024-01-09T15:41:00.2952878+01:00" testType="13cdc9d9-ddb5-4fa4-a97d-d965ccfc6d4b" outcome="Passed" testListId="8c84fa94-04c1-424b-9868-57a2d4851a1d" relativeResultsDirectory="193f74b1-4005-4ef9-a355-a21010f2b880" />
    <UnitTestResult executionId="4c2f0e80-ee00-46a0-9057-8f9aa47f475c" testId="1ff7076e-5452-7636-e179-fe3fdb8b1b51" testName="Start_ShouldThrowVmsMessageAuthenticatorException_WhenRefreshTokenFailsWithExpectedExceptions (System.Net.Http.HttpRequestException)" computerName="DKSR-EFI-06" duration="00:00:00.0238538" startTime="2024-01-09T15:41:00.5231858+01:00" endTime="2024-01-09T15:41:00.5870766+01:00" testType="13cdc9d9-ddb5-4fa4-a97d-d965ccfc6d4b" outcome="Passed" testListId="8c84fa94-04c1-424b-9868-57a2d4851a1d" relativeResultsDirectory="4c2f0e80-ee00-46a0-9057-8f9aa47f475c" />
    <UnitTestResult executionId="b476f4f3-f110-4267-b824-89fdb51cc716" testId="68f6dd4e-90b6-56ff-bac4-f2b31b547e31" testName="Deserialize_ShoudReturnGetStateCommand_WhenGivenGetStateCommandJson" computerName="DKSR-EFI-06" duration="00:00:00.0007996" startTime="2024-01-09T15:41:04.8213865+01:00" endTime="2024-01-09T15:41:04.8222717+01:00" testType="13cdc9d9-ddb5-4fa4-a97d-d965ccfc6d4b" outcome="Passed" testListId="8c84fa94-04c1-424b-9868-57a2d4851a1d" relativeResultsDirectory="b476f4f3-f110-4267-b824-89fdb51cc716" />
  </Results>
  <TestDefinitions>
    <UnitTest name="Deserialize_ShoudReturnAddSubscriptionCommand_WhenGivenAddSubscriptionCommandJson" storage="d:\actions-runner\_work\xpco\xpco\allsolutions\..\cloudconnector\binaries\videoos.cloudconnector.vmsgatewaycommunicator.unittest\bin\debug\net6.0-windows\videoos.cloudconnector.vmsgatewaycommunicator.unittest.dll" id="b8204e8d-1a3b-2454-7f39-417682ba261f">
      <Execution id="a456ddd7-575c-4be9-a812-f4e6c4f7f612" />
      <TestMethod codeBase="D:\actions-runner\_work\XPCO\XPCO\AllSolutions\..\CloudConnector\Binaries\VideoOS.CloudConnector.VmsGatewayCommunicator.UnitTest\bin\Debug\net6.0-windows\VideoOS.CloudConnector.VmsGatewayCommunicator.UnitTest.dll" adapterTypeName="executor://mstestadapter/v2" className="VideoOS.CloudConnector.VmsGatewayCommunicator.UnitTest.CommandProcessors.EventCommandSerializerTest" name="Deserialize_ShoudReturnAddSubscriptionCommand_WhenGivenAddSubscriptionCommandJson" />
    </UnitTest>
    <UnitTest name="Given_RequestIsSent_When_ForbiddenResponseIsReceivedInHtmlFormat_Then_AProperResponseFromVmsAsHttpResponseIsReturned" storage="d:\actions-runner\_work\xpco\xpco\allsolutions\..\cloudconnector\binaries\videoos.cloudconnector.vmsgatewaycommunicator.unittest\bin\debug\net6.0-windows\videoos.cloudconnector.vmsgatewaycommunicator.unittest.dll" id="f3553615-2f34-58ff-4306-a31fd2ab5e51">
      <Execution id="8d9e5742-7590-4c60-a49b-ac9c7e5b04dc" />
      <TestMethod codeBase="D:\actions-runner\_work\XPCO\XPCO\AllSolutions\..\CloudConnector\Binaries\VideoOS.CloudConnector.VmsGatewayCommunicator.UnitTest\bin\Debug\net6.0-windows\VideoOS.CloudConnector.VmsGatewayCommunicator.UnitTest.dll" adapterTypeName="executor://mstestadapter/v2" className="VideoOS.CloudConnector.VmsGatewayCommunicator.UnitTest.VmsClientTest" name="Given_RequestIsSent_When_ForbiddenResponseIsReceivedInHtmlFormat_Then_AProperResponseFromVmsAsHttpResponseIsReturned" />
    </UnitTest>
    <UnitTest name="Given_RequestIsSent_When_UnauthorizedResponseIsReceivedInHtmlFormat_Then_AProperResponseFromVmsAsHttpResponseIsReturned (someType/text,Incorrect username or password was specified)" storage="d:\actions-runner\_work\xpco\xpco\allsolutions\..\cloudconnector\binaries\videoos.cloudconnector.vmsgatewaycommunicator.unittest\bin\debug\net6.0-windows\videoos.cloudconnector.vmsgatewaycommunicator.unittest.dll" id="eb18e2dd-fced-e1ef-d3c5-380e364403ca">
      <Execution id="43992e92-2b87-471c-9468-c6ecf514b659" />
      <TestMethod codeBase="D:\actions-runner\_work\XPCO\XPCO\AllSolutions\..\CloudConnector\Binaries\VideoOS.CloudConnector.VmsGatewayCommunicator.UnitTest\bin\Debug\net6.0-windows\VideoOS.CloudConnector.VmsGatewayCommunicator.UnitTest.dll" adapterTypeName="executor://mstestadapter/v2" className="VideoOS.CloudConnector.VmsGatewayCommunicator.UnitTest.VmsClientTest" name="Given_RequestIsSent_When_UnauthorizedResponseIsReceivedInHtmlFormat_Then_AProperResponseFromVmsAsHttpResponseIsReturned" />
    </UnitTest>
    <UnitTest name="Deserialize_ShoudReturnRemoveSubscriptionCommand_WhenGivenRemoveSubscriptionCommandJson" storage="d:\actions-runner\_work\xpco\xpco\allsolutions\..\cloudconnector\binaries\videoos.cloudconnector.vmsgatewaycommunicator.unittest\bin\debug\net6.0-windows\videoos.cloudconnector.vmsgatewaycommunicator.unittest.dll" id="de0660db-2e29-717c-2bf3-5efce23e7793">
      <Execution id="92124171-98fb-4fa2-a21c-19ce71aa6dee" />
      <TestMethod codeBase="D:\actions-runner\_work\XPCO\XPCO\AllSolutions\..\CloudConnector\Binaries\VideoOS.CloudConnector.VmsGatewayCommunicator.UnitTest\bin\Debug\net6.0-windows\VideoOS.CloudConnector.VmsGatewayCommunicator.UnitTest.dll" adapterTypeName="executor://mstestadapter/v2" className="VideoOS.CloudConnector.VmsGatewayCommunicator.UnitTest.CommandProcessors.EventCommandSerializerTest" name="Deserialize_ShoudReturnRemoveSubscriptionCommand_WhenGivenRemoveSubscriptionCommandJson" />
    </UnitTest>
    <UnitTest name="ResolveAddressesAsync_ShouldThrowManagmentServerUriDataException_WhenIdentityProviderIsNull" storage="d:\actions-runner\_work\xpco\xpco\allsolutions\..\cloudconnector\binaries\videoos.cloudconnector.vmsgatewaycommunicator.unittest\bin\debug\net6.0-windows\videoos.cloudconnector.vmsgatewaycommunicator.unittest.dll" id="89dc4c45-407b-97a5-d45a-0c91ed495056">
      <Execution id="d173af39-e05c-45a4-b328-b32feafe2a19" />
      <TestMethod codeBase="D:\actions-runner\_work\XPCO\XPCO\AllSolutions\..\CloudConnector\Binaries\VideoOS.CloudConnector.VmsGatewayCommunicator.UnitTest\bin\Debug\net6.0-windows\VideoOS.CloudConnector.VmsGatewayCommunicator.UnitTest.dll" adapterTypeName="executor://mstestadapter/v2" className="VideoOS.CloudConnector.VmsGatewayCommunicator.UnitTest.VmsAddressResolverTests" name="ResolveAddressesAsync_ShouldThrowManagmentServerUriDataException_WhenIdentityProviderIsNull" />
    </UnitTest>
    <UnitTest name="Start_ShouldThrowVmsMessageAuthenticatorException_WhenRefreshTokenFailsWithExpectedExceptions" storage="d:\actions-runner\_work\xpco\xpco\allsolutions\..\cloudconnector\binaries\videoos.cloudconnector.vmsgatewaycommunicator.unittest\bin\debug\net6.0-windows\videoos.cloudconnector.vmsgatewaycommunicator.unittest.dll" id="1ff7076e-5452-7636-e179-fe3fdb8b1b51">
      <Execution id="4c2f0e80-ee00-46a0-9057-8f9aa47f475c" />
      <TestMethod codeBase="D:\actions-runner\_work\XPCO\XPCO\AllSolutions\..\CloudConnector\Binaries\VideoOS.CloudConnector.VmsGatewayCommunicator.UnitTest\bin\Debug\net6.0-windows\VideoOS.CloudConnector.VmsGatewayCommunicator.UnitTest.dll" adapterTypeName="executor://mstestadapter/v2" className="VideoOS.CloudConnector.VmsGatewayCommunicator.UnitTest.TokenHandlerTests" name="Start_ShouldThrowVmsMessageAuthenticatorException_WhenRefreshTokenFailsWithExpectedExceptions" />
    </UnitTest>
    <UnitTest name="Given_RequestIsSent_When_UnavailableResponseIsReceivedInHtmlFormat_Then_AProperResponseFromVmsAsHttpResponseIsReturned" storage="d:\actions-runner\_work\xpco\xpco\allsolutions\..\cloudconnector\binaries\videoos.cloudconnector.vmsgatewaycommunicator.unittest\bin\debug\net6.0-windows\videoos.cloudconnector.vmsgatewaycommunicator.unittest.dll" id="e6d7322e-b8f5-bafe-ce50-120a168242d3">
      <Execution id="2a23b69e-9eab-4e53-8890-e64e9a5b2534" />
      <TestMethod codeBase="D:\actions-runner\_work\XPCO\XPCO\AllSolutions\..\CloudConnector\Binaries\VideoOS.CloudConnector.VmsGatewayCommunicator.UnitTest\bin\Debug\net6.0-windows\VideoOS.CloudConnector.VmsGatewayCommunicator.UnitTest.dll" adapterTypeName="executor://mstestadapter/v2" className="VideoOS.CloudConnector.VmsGatewayCommunicator.UnitTest.VmsClientTest" name="Given_RequestIsSent_When_UnavailableResponseIsReceivedInHtmlFormat_Then_AProperResponseFromVmsAsHttpResponseIsReturned" />
    </UnitTest>
    <UnitTest name="ProcessCommandAsync_ShoudThrowInvalidOperationException_WhenCommandTypeIsWrong" storage="d:\actions-runner\_work\xpco\xpco\allsolutions\..\cloudconnector\binaries\videoos.cloudconnector.vmsgatewaycommunicator.unittest\bin\debug\net6.0-windows\videoos.cloudconnector.vmsgatewaycommunicator.unittest.dll" id="0631a4a6-2e54-b918-a70e-dd4ab1883841">
      <Execution id="992044d9-4d8b-483f-b6cc-fc51b2bd2173" />
      <TestMethod codeBase="D:\actions-runner\_work\XPCO\XPCO\AllSolutions\..\CloudConnector\Binaries\VideoOS.CloudConnector.VmsGatewayCommunicator.UnitTest\bin\Debug\net6.0-windows\VideoOS.CloudConnector.VmsGatewayCommunicator.UnitTest.dll" adapterTypeName="executor://mstestadapter/v2" className="VideoOS.CloudConnector.VmsGatewayCommunicator.UnitTest.CommandProcessors.AddSubscriptionCommandProcessorTest" name="ProcessCommandAsync_ShoudThrowInvalidOperationException_WhenCommandTypeIsWrong" />
    </UnitTest>
    <UnitTest name="Deserialize_ShouldThrowMessageProcessingException_WhenGivenInvalidCommandJson" storage="d:\actions-runner\_work\xpco\xpco\allsolutions\..\cloudconnector\binaries\videoos.cloudconnector.vmsgatewaycommunicator.unittest\bin\debug\net6.0-windows\videoos.cloudconnector.vmsgatewaycommunicator.unittest.dll" id="9d1fb991-9d85-ad2b-3cb5-dcc74e387aab">
      <Execution id="ea90adb1-b06d-4632-9a8f-da4fdee5777f" />
      <TestMethod codeBase="D:\actions-runner\_work\XPCO\XPCO\AllSolutions\..\CloudConnector\Binaries\VideoOS.CloudConnector.VmsGatewayCommunicator.UnitTest\bin\Debug\net6.0-windows\VideoOS.CloudConnector.VmsGatewayCommunicator.UnitTest.dll" adapterTypeName="executor://mstestadapter/v2" className="VideoOS.CloudConnector.VmsGatewayCommunicator.UnitTest.CommandProcessors.EventCommandSerializerTest" name="Deserialize_ShouldThrowMessageProcessingException_WhenGivenInvalidCommandJson" />
    </UnitTest>
    <UnitTest name="Deserialize_ShoudReturnGetStateCommand_WhenGivenGetStateCommandJson" storage="d:\actions-runner\_work\xpco\xpco\allsolutions\..\cloudconnector\binaries\videoos.cloudconnector.vmsgatewaycommunicator.unittest\bin\debug\net6.0-windows\videoos.cloudconnector.vmsgatewaycommunicator.unittest.dll" id="68f6dd4e-90b6-56ff-bac4-f2b31b547e31">
      <Execution id="b476f4f3-f110-4267-b824-89fdb51cc716" />
      <TestMethod codeBase="D:\actions-runner\_work\XPCO\XPCO\AllSolutions\..\CloudConnector\Binaries\VideoOS.CloudConnector.VmsGatewayCommunicator.UnitTest\bin\Debug\net6.0-windows\VideoOS.CloudConnector.VmsGatewayCommunicator.UnitTest.dll" adapterTypeName="executor://mstestadapter/v2" className="VideoOS.CloudConnector.VmsGatewayCommunicator.UnitTest.CommandProcessors.EventCommandSerializerTest" name="Deserialize_ShoudReturnGetStateCommand_WhenGivenGetStateCommandJson" />
    </UnitTest>
    <UnitTest name="ProcessCommandAsync_ShoudThrowInvalidOperationException_WhenCommandTypeIsWrong" storage="d:\actions-runner\_work\xpco\xpco\allsolutions\..\cloudconnector\binaries\videoos.cloudconnector.vmsgatewaycommunicator.unittest\bin\debug\net6.0-windows\videoos.cloudconnector.vmsgatewaycommunicator.unittest.dll" id="c6bae9b8-6fe0-f391-4ccf-fda3dc1cccc4">
      <Execution id="42fae25b-c6e4-4382-a311-c955136318b0" />
      <TestMethod codeBase="D:\actions-runner\_work\XPCO\XPCO\AllSolutions\..\CloudConnector\Binaries\VideoOS.CloudConnector.VmsGatewayCommunicator.UnitTest\bin\Debug\net6.0-windows\VideoOS.CloudConnector.VmsGatewayCommunicator.UnitTest.dll" adapterTypeName="executor://mstestadapter/v2" className="VideoOS.CloudConnector.VmsGatewayCommunicator.UnitTest.CommandProcessors.GetStateCommandProcessorTest" name="ProcessCommandAsync_ShoudThrowInvalidOperationException_WhenCommandTypeIsWrong" />
    </UnitTest>
    <UnitTest name="AddSubscriptionAsync_ShouldThrow_WhenSessionIsNotOnline" storage="d:\actions-runner\_work\xpco\xpco\allsolutions\..\cloudconnector\binaries\videoos.cloudconnector.vmsgatewaycommunicator.unittest\bin\debug\net6.0-windows\videoos.cloudconnector.vmsgatewaycommunicator.unittest.dll" id="c1b872e3-c9f6-af45-1a88-f631374d9dfc">
      <Execution id="33d67f75-b516-43e2-bf29-084155166b29" />
      <TestMethod codeBase="D:\actions-runner\_work\XPCO\XPCO\AllSolutions\..\CloudConnector\Binaries\VideoOS.CloudConnector.VmsGatewayCommunicator.UnitTest\bin\Debug\net6.0-windows\VideoOS.CloudConnector.VmsGatewayCommunicator.UnitTest.dll" adapterTypeName="executor://mstestadapter/v2" className="VideoOS.CloudConnector.VmsGatewayCommunicator.UnitTest.EssClientTest" name="AddSubscriptionAsync_ShouldThrow_WhenSessionIsNotOnline" />
    </UnitTest>
    <UnitTest name="ResolveAddressesAsync_ShouldThrowManagmentServerUriDataException_WhenApiGatewayIsNull" storage="d:\actions-runner\_work\xpco\xpco\allsolutions\..\cloudconnector\binaries\videoos.cloudconnector.vmsgatewaycommunicator.unittest\bin\debug\net6.0-windows\videoos.cloudconnector.vmsgatewaycommunicator.unittest.dll" id="3f5fceb0-c5ba-929a-ea80-a6a6d30fae81">
      <Execution id="4f4b6957-b65c-41d3-b809-b14e3f9ac62e" />
      <TestMethod codeBase="D:\actions-runner\_work\XPCO\XPCO\AllSolutions\..\CloudConnector\Binaries\VideoOS.CloudConnector.VmsGatewayCommunicator.UnitTest\bin\Debug\net6.0-windows\VideoOS.CloudConnector.VmsGatewayCommunicator.UnitTest.dll" adapterTypeName="executor://mstestadapter/v2" className="VideoOS.CloudConnector.VmsGatewayCommunicator.UnitTest.VmsAddressResolverTests" name="ResolveAddressesAsync_ShouldThrowManagmentServerUriDataException_WhenApiGatewayIsNull" />
    </UnitTest>
    <UnitTest name="Given_AdressesAreNotYetResolved_When_GetAddressIsDoneWhileReolveMethodIsRunning_Then_AddressIsResolvedOnlyOnceAndReturned" storage="d:\actions-runner\_work\xpco\xpco\allsolutions\..\cloudconnector\binaries\videoos.cloudconnector.vmsgatewaycommunicator.unittest\bin\debug\net6.0-windows\videoos.cloudconnector.vmsgatewaycommunicator.unittest.dll" id="48fab191-2c7d-3b26-01d7-c2f887d83449">
      <Execution id="08551ce2-9d01-41d2-a287-4a7b41f4aafd" />
      <TestMethod codeBase="D:\actions-runner\_work\XPCO\XPCO\AllSolutions\..\CloudConnector\Binaries\VideoOS.CloudConnector.VmsGatewayCommunicator.UnitTest\bin\Debug\net6.0-windows\VideoOS.CloudConnector.VmsGatewayCommunicator.UnitTest.dll" adapterTypeName="executor://mstestadapter/v2" className="VideoOS.CloudConnector.VmsGatewayCommunicator.UnitTest.VmsAddressResolverTests" name="Given_AdressesAreNotYetResolved_When_GetAddressIsDoneWhileReolveMethodIsRunning_Then_AddressIsResolvedOnlyOnceAndReturned" />
    </UnitTest>
    <UnitTest name="Given_RequestIsSent_When_SomeUnexpectedResponseIsReceived_Then_AProperResponseFromVmsAsHttpResponseIsReturned" storage="d:\actions-runner\_work\xpco\xpco\allsolutions\..\cloudconnector\binaries\videoos.cloudconnector.vmsgatewaycommunicator.unittest\bin\debug\net6.0-windows\videoos.cloudconnector.vmsgatewaycommunicator.unittest.dll" id="e945ffff-deba-86ac-7d1c-c6bf4c3ef71a">
      <Execution id="18709b54-d483-4ca2-a607-9d1254ce41c8" />
      <TestMethod codeBase="D:\actions-runner\_work\XPCO\XPCO\AllSolutions\..\CloudConnector\Binaries\VideoOS.CloudConnector.VmsGatewayCommunicator.UnitTest\bin\Debug\net6.0-windows\VideoOS.CloudConnector.VmsGatewayCommunicator.UnitTest.dll" adapterTypeName="executor://mstestadapter/v2" className="VideoOS.CloudConnector.VmsGatewayCommunicator.UnitTest.VmsClientTest" name="Given_RequestIsSent_When_SomeUnexpectedResponseIsReceived_Then_AProperResponseFromVmsAsHttpResponseIsReturned" />
    </UnitTest>
    <UnitTest name="RunAsync_ShouldRetryToGetMangmentServerUrisAndLogExceptionTwice_WhenTwoDiffrentExceptionsAreTrown" storage="d:\actions-runner\_work\xpco\xpco\allsolutions\..\cloudconnector\binaries\videoos.cloudconnector.vmsgatewaycommunicator.unittest\bin\debug\net6.0-windows\videoos.cloudconnector.vmsgatewaycommunicator.unittest.dll" id="64141e3a-944e-7e24-9586-a9d7ea36b5e5">
      <Execution id="c36f43bd-0fc0-44ae-a32e-84a7c391e700" />
      <TestMethod codeBase="D:\actions-runner\_work\XPCO\XPCO\AllSolutions\..\CloudConnector\Binaries\VideoOS.CloudConnector.VmsGatewayCommunicator.UnitTest\bin\Debug\net6.0-windows\VideoOS.CloudConnector.VmsGatewayCommunicator.UnitTest.dll" adapterTypeName="executor://mstestadapter/v2" className="VideoOS.CloudConnector.VmsGatewayCommunicator.UnitTest.VmsGatewayCommunicatorTest" name="RunAsync_ShouldRetryToGetMangmentServerUrisAndLogExceptionTwice_WhenTwoDiffrentExceptionsAreTrown" />
    </UnitTest>
    <UnitTest name="SendAllStatefulEventsAsync_ShouldThrow_WhenSessionIsNotOnline" storage="d:\actions-runner\_work\xpco\xpco\allsolutions\..\cloudconnector\binaries\videoos.cloudconnector.vmsgatewaycommunicator.unittest\bin\debug\net6.0-windows\videoos.cloudconnector.vmsgatewaycommunicator.unittest.dll" id="92397220-5af0-7279-3009-d99842456db5">
      <Execution id="0c72cf5e-8f73-4ff2-a1e0-cf9cc375ef7c" />
      <TestMethod codeBase="D:\actions-runner\_work\XPCO\XPCO\AllSolutions\..\CloudConnector\Binaries\VideoOS.CloudConnector.VmsGatewayCommunicator.UnitTest\bin\Debug\net6.0-windows\VideoOS.CloudConnector.VmsGatewayCommunicator.UnitTest.dll" adapterTypeName="executor://mstestadapter/v2" className="VideoOS.CloudConnector.VmsGatewayCommunicator.UnitTest.EssClientTest" name="SendAllStatefulEventsAsync_ShouldThrow_WhenSessionIsNotOnline" />
    </UnitTest>
    <UnitTest name="ResolveAddressesAsync_ShouldThrowManagmentServerUriDataException_WhenApiGatewayIsEmpty" storage="d:\actions-runner\_work\xpco\xpco\allsolutions\..\cloudconnector\binaries\videoos.cloudconnector.vmsgatewaycommunicator.unittest\bin\debug\net6.0-windows\videoos.cloudconnector.vmsgatewaycommunicator.unittest.dll" id="f700b63b-3c47-84dc-50ae-ae8d7c14e5b7">
      <Execution id="5f0044d9-229d-41e9-a9fa-6648ccf194ae" />
      <TestMethod codeBase="D:\actions-runner\_work\XPCO\XPCO\AllSolutions\..\CloudConnector\Binaries\VideoOS.CloudConnector.VmsGatewayCommunicator.UnitTest\bin\Debug\net6.0-windows\VideoOS.CloudConnector.VmsGatewayCommunicator.UnitTest.dll" adapterTypeName="executor://mstestadapter/v2" className="VideoOS.CloudConnector.VmsGatewayCommunicator.UnitTest.VmsAddressResolverTests" name="ResolveAddressesAsync_ShouldThrowManagmentServerUriDataException_WhenApiGatewayIsEmpty" />
    </UnitTest>
    <UnitTest name="AcceptsCommand_ShoudBeTrue_WhenCommandTypeIsCorrect" storage="d:\actions-runner\_work\xpco\xpco\allsolutions\..\cloudconnector\binaries\videoos.cloudconnector.vmsgatewaycommunicator.unittest\bin\debug\net6.0-windows\videoos.cloudconnector.vmsgatewaycommunicator.unittest.dll" id="ba3dcd4d-ec5e-091e-bd70-2b1edd3434f4">
      <Execution id="fa4fc39a-bcca-4ae1-9ee9-e35a65faa67c" />
      <TestMethod codeBase="D:\actions-runner\_work\XPCO\XPCO\AllSolutions\..\CloudConnector\Binaries\VideoOS.CloudConnector.VmsGatewayCommunicator.UnitTest\bin\Debug\net6.0-windows\VideoOS.CloudConnector.VmsGatewayCommunicator.UnitTest.dll" adapterTypeName="executor://mstestadapter/v2" className="VideoOS.CloudConnector.VmsGatewayCommunicator.UnitTest.CommandProcessors.GetStateCommandProcessorTest" name="AcceptsCommand_ShoudBeTrue_WhenCommandTypeIsCorrect" />
    </UnitTest>
    <UnitTest name="Given_RequestToVmsAsHttpRequest_When_Sent_Then_AnHttpRequestMessageIsSent" storage="d:\actions-runner\_work\xpco\xpco\allsolutions\..\cloudconnector\binaries\videoos.cloudconnector.vmsgatewaycommunicator.unittest\bin\debug\net6.0-windows\videoos.cloudconnector.vmsgatewaycommunicator.unittest.dll" id="dd04bf9e-385e-bc44-dcd4-3eeb73e0ac2c">
      <Execution id="77886ca5-8668-45fa-868e-6309cb59fe33" />
      <TestMethod codeBase="D:\actions-runner\_work\XPCO\XPCO\AllSolutions\..\CloudConnector\Binaries\VideoOS.CloudConnector.VmsGatewayCommunicator.UnitTest\bin\Debug\net6.0-windows\VideoOS.CloudConnector.VmsGatewayCommunicator.UnitTest.dll" adapterTypeName="executor://mstestadapter/v2" className="VideoOS.CloudConnector.VmsGatewayCommunicator.UnitTest.VmsClientTest" name="Given_RequestToVmsAsHttpRequest_When_Sent_Then_AnHttpRequestMessageIsSent" />
    </UnitTest>
    <UnitTest name="ProcessCommandAsync_ShoudReturnError_WhenClientThrows" storage="d:\actions-runner\_work\xpco\xpco\allsolutions\..\cloudconnector\binaries\videoos.cloudconnector.vmsgatewaycommunicator.unittest\bin\debug\net6.0-windows\videoos.cloudconnector.vmsgatewaycommunicator.unittest.dll" id="13a4ff0f-35a3-c179-40b3-5a5c363cfb21">
      <Execution id="3b1284a3-e02a-49d1-b196-4c87959be3e9" />
      <TestMethod codeBase="D:\actions-runner\_work\XPCO\XPCO\AllSolutions\..\CloudConnector\Binaries\VideoOS.CloudConnector.VmsGatewayCommunicator.UnitTest\bin\Debug\net6.0-windows\VideoOS.CloudConnector.VmsGatewayCommunicator.UnitTest.dll" adapterTypeName="executor://mstestadapter/v2" className="VideoOS.CloudConnector.VmsGatewayCommunicator.UnitTest.CommandProcessors.AddSubscriptionCommandProcessorTest" name="ProcessCommandAsync_ShoudReturnError_WhenClientThrows" />
    </UnitTest>
    <UnitTest name="Given_RequestToVmsAsHttpRequest_When_Sent_Then_TheContentOfTheHttpRequestMessageIsSent" storage="d:\actions-runner\_work\xpco\xpco\allsolutions\..\cloudconnector\binaries\videoos.cloudconnector.vmsgatewaycommunicator.unittest\bin\debug\net6.0-windows\videoos.cloudconnector.vmsgatewaycommunicator.unittest.dll" id="53875170-a418-d541-06da-45c5b6c0049b">
      <Execution id="1811dcbf-e01d-4b19-9d21-64b85672ceb4" />
      <TestMethod codeBase="D:\actions-runner\_work\XPCO\XPCO\AllSolutions\..\CloudConnector\Binaries\VideoOS.CloudConnector.VmsGatewayCommunicator.UnitTest\bin\Debug\net6.0-windows\VideoOS.CloudConnector.VmsGatewayCommunicator.UnitTest.dll" adapterTypeName="executor://mstestadapter/v2" className="VideoOS.CloudConnector.VmsGatewayCommunicator.UnitTest.VmsClientTest" name="Given_RequestToVmsAsHttpRequest_When_Sent_Then_TheContentOfTheHttpRequestMessageIsSent" />
    </UnitTest>
    <UnitTest name="ProcessCommandAsync_ShoudReturnSuccessAndSubscriptionId_WhenClientSucceeds" storage="d:\actions-runner\_work\xpco\xpco\allsolutions\..\cloudconnector\binaries\videoos.cloudconnector.vmsgatewaycommunicator.unittest\bin\debug\net6.0-windows\videoos.cloudconnector.vmsgatewaycommunicator.unittest.dll" id="927b7a17-da95-af02-8b1a-cee97f74089e">
      <Execution id="e902f4fc-4a1e-4006-8a8b-95d71b06d9b3" />
      <TestMethod codeBase="D:\actions-runner\_work\XPCO\XPCO\AllSolutions\..\CloudConnector\Binaries\VideoOS.CloudConnector.VmsGatewayCommunicator.UnitTest\bin\Debug\net6.0-windows\VideoOS.CloudConnector.VmsGatewayCommunicator.UnitTest.dll" adapterTypeName="executor://mstestadapter/v2" className="VideoOS.CloudConnector.VmsGatewayCommunicator.UnitTest.CommandProcessors.AddSubscriptionCommandProcessorTest" name="ProcessCommandAsync_ShoudReturnSuccessAndSubscriptionId_WhenClientSucceeds" />
    </UnitTest>
    <UnitTest name="AuthorizeRequestAsync_ShouldAddNewHeaderToRequest_WhenRefreshTokenSuccess" storage="d:\actions-runner\_work\xpco\xpco\allsolutions\..\cloudconnector\binaries\videoos.cloudconnector.vmsgatewaycommunicator.unittest\bin\debug\net6.0-windows\videoos.cloudconnector.vmsgatewaycommunicator.unittest.dll" id="5e7b9b74-f3c3-c6c3-0680-68e7cd934e4b">
      <Execution id="82dad432-54bd-4ecf-80fa-3460e20e8456" />
      <TestMethod codeBase="D:\actions-runner\_work\XPCO\XPCO\AllSolutions\..\CloudConnector\Binaries\VideoOS.CloudConnector.VmsGatewayCommunicator.UnitTest\bin\Debug\net6.0-windows\VideoOS.CloudConnector.VmsGatewayCommunicator.UnitTest.dll" adapterTypeName="executor://mstestadapter/v2" className="VideoOS.CloudConnector.VmsGatewayCommunicator.UnitTest.VmsMessageAuthenticatorTests" name="AuthorizeRequestAsync_ShouldAddNewHeaderToRequest_WhenRefreshTokenSuccess" />
    </UnitTest>
    <UnitTest name="Given_RequestIsSent_When_UnauthorizedResponseIsReceivedInHtmlFormat_Then_AProperResponseFromVmsAsHttpResponseIsReturned (application/json,Incorrect username or password was specified)" storage="d:\actions-runner\_work\xpco\xpco\allsolutions\..\cloudconnector\binaries\videoos.cloudconnector.vmsgatewaycommunicator.unittest\bin\debug\net6.0-windows\videoos.cloudconnector.vmsgatewaycommunicator.unittest.dll" id="b6b906da-ecb0-3b53-ef37-a76433e33141">
      <Execution id="0f4d6b37-ab20-4159-bc39-808a161a0573" />
      <TestMethod codeBase="D:\actions-runner\_work\XPCO\XPCO\AllSolutions\..\CloudConnector\Binaries\VideoOS.CloudConnector.VmsGatewayCommunicator.UnitTest\bin\Debug\net6.0-windows\VideoOS.CloudConnector.VmsGatewayCommunicator.UnitTest.dll" adapterTypeName="executor://mstestadapter/v2" className="VideoOS.CloudConnector.VmsGatewayCommunicator.UnitTest.VmsClientTest" name="Given_RequestIsSent_When_UnauthorizedResponseIsReceivedInHtmlFormat_Then_AProperResponseFromVmsAsHttpResponseIsReturned" />
    </UnitTest>
    <UnitTest name="RemoveSubscriptionAsync_ShouldThrow_WhenSessionIsNotOnline" storage="d:\actions-runner\_work\xpco\xpco\allsolutions\..\cloudconnector\binaries\videoos.cloudconnector.vmsgatewaycommunicator.unittest\bin\debug\net6.0-windows\videoos.cloudconnector.vmsgatewaycommunicator.unittest.dll" id="8acc8c92-3f02-e3e8-b05a-d6e57351e9cd">
      <Execution id="193f74b1-4005-4ef9-a355-a21010f2b880" />
      <TestMethod codeBase="D:\actions-runner\_work\XPCO\XPCO\AllSolutions\..\CloudConnector\Binaries\VideoOS.CloudConnector.VmsGatewayCommunicator.UnitTest\bin\Debug\net6.0-windows\VideoOS.CloudConnector.VmsGatewayCommunicator.UnitTest.dll" adapterTypeName="executor://mstestadapter/v2" className="VideoOS.CloudConnector.VmsGatewayCommunicator.UnitTest.EssClientTest" name="RemoveSubscriptionAsync_ShouldThrow_WhenSessionIsNotOnline" />
    </UnitTest>
    <UnitTest name="ProcessMessageAsync_ShoudThrowMessageProcessingException_NoCommandProcessorAcceptsMessage" storage="d:\actions-runner\_work\xpco\xpco\allsolutions\..\cloudconnector\binaries\videoos.cloudconnector.vmsgatewaycommunicator.unittest\bin\debug\net6.0-windows\videoos.cloudconnector.vmsgatewaycommunicator.unittest.dll" id="1e4cb510-e811-129b-df49-fa5bf77912b1">
      <Execution id="144265de-6efd-4732-8ee4-59fa7bef4a2d" />
      <TestMethod codeBase="D:\actions-runner\_work\XPCO\XPCO\AllSolutions\..\CloudConnector\Binaries\VideoOS.CloudConnector.VmsGatewayCommunicator.UnitTest\bin\Debug\net6.0-windows\VideoOS.CloudConnector.VmsGatewayCommunicator.UnitTest.dll" adapterTypeName="executor://mstestadapter/v2" className="VideoOS.CloudConnector.VmsGatewayCommunicator.UnitTest.MessageProccesorTest" name="ProcessMessageAsync_ShoudThrowMessageProcessingException_NoCommandProcessorAcceptsMessage" />
    </UnitTest>
    <UnitTest name="RunAsync_ShouldExit_WhenCancellationTokenIsReceived" storage="d:\actions-runner\_work\xpco\xpco\allsolutions\..\cloudconnector\binaries\videoos.cloudconnector.vmsgatewaycommunicator.unittest\bin\debug\net6.0-windows\videoos.cloudconnector.vmsgatewaycommunicator.unittest.dll" id="77eb214e-e131-2aba-9b6b-8217504dd48e">
      <Execution id="1da39b0d-79e1-44f5-be68-5f52a00b358f" />
      <TestMethod codeBase="D:\actions-runner\_work\XPCO\XPCO\AllSolutions\..\CloudConnector\Binaries\VideoOS.CloudConnector.VmsGatewayCommunicator.UnitTest\bin\Debug\net6.0-windows\VideoOS.CloudConnector.VmsGatewayCommunicator.UnitTest.dll" adapterTypeName="executor://mstestadapter/v2" className="VideoOS.CloudConnector.VmsGatewayCommunicator.UnitTest.EssClientTest" name="RunAsync_ShouldExit_WhenCancellationTokenIsReceived" />
    </UnitTest>
    <UnitTest name="RunAsync_ShouldThrowExecption_WhenFatalErrorInEssClientRunAsync" storage="d:\actions-runner\_work\xpco\xpco\allsolutions\..\cloudconnector\binaries\videoos.cloudconnector.vmsgatewaycommunicator.unittest\bin\debug\net6.0-windows\videoos.cloudconnector.vmsgatewaycommunicator.unittest.dll" id="43b8df3d-e410-716e-6168-72e11ef79d8b">
      <Execution id="61587689-a172-41ea-9b5d-a4916b970a37" />
      <TestMethod codeBase="D:\actions-runner\_work\XPCO\XPCO\AllSolutions\..\CloudConnector\Binaries\VideoOS.CloudConnector.VmsGatewayCommunicator.UnitTest\bin\Debug\net6.0-windows\VideoOS.CloudConnector.VmsGatewayCommunicator.UnitTest.dll" adapterTypeName="executor://mstestadapter/v2" className="VideoOS.CloudConnector.VmsGatewayCommunicator.UnitTest.VmsGatewayCommunicatorTest" name="RunAsync_ShouldThrowExecption_WhenFatalErrorInEssClientRunAsync" />
    </UnitTest>
    <UnitTest name="ProcessMessageAsync_ShoudUseCorrectProcessor_WhenMultipleCommandProcessorsAreGiven" storage="d:\actions-runner\_work\xpco\xpco\allsolutions\..\cloudconnector\binaries\videoos.cloudconnector.vmsgatewaycommunicator.unittest\bin\debug\net6.0-windows\videoos.cloudconnector.vmsgatewaycommunicator.unittest.dll" id="f81e43ba-e663-332b-621c-d17302ab997c">
      <Execution id="9471ea6b-2e07-4ed6-9afc-527b2d1ec969" />
      <TestMethod codeBase="D:\actions-runner\_work\XPCO\XPCO\AllSolutions\..\CloudConnector\Binaries\VideoOS.CloudConnector.VmsGatewayCommunicator.UnitTest\bin\Debug\net6.0-windows\VideoOS.CloudConnector.VmsGatewayCommunicator.UnitTest.dll" adapterTypeName="executor://mstestadapter/v2" className="VideoOS.CloudConnector.VmsGatewayCommunicator.UnitTest.MessageProccesorTest" name="ProcessMessageAsync_ShoudUseCorrectProcessor_WhenMultipleCommandProcessorsAreGiven" />
    </UnitTest>
    <UnitTest name="AcceptsCommand_ShoudBeTrue_WhenCommandTypeIsCorrect" storage="d:\actions-runner\_work\xpco\xpco\allsolutions\..\cloudconnector\binaries\videoos.cloudconnector.vmsgatewaycommunicator.unittest\bin\debug\net6.0-windows\videoos.cloudconnector.vmsgatewaycommunicator.unittest.dll" id="4a7827b5-8a58-f73b-b305-84108386b301">
      <Execution id="eb7c852d-07e5-45eb-b9f6-c0c9262c1559" />
      <TestMethod codeBase="D:\actions-runner\_work\XPCO\XPCO\AllSolutions\..\CloudConnector\Binaries\VideoOS.CloudConnector.VmsGatewayCommunicator.UnitTest\bin\Debug\net6.0-windows\VideoOS.CloudConnector.VmsGatewayCommunicator.UnitTest.dll" adapterTypeName="executor://mstestadapter/v2" className="VideoOS.CloudConnector.VmsGatewayCommunicator.UnitTest.CommandProcessors.AddSubscriptionCommandProcessorTest" name="AcceptsCommand_ShoudBeTrue_WhenCommandTypeIsCorrect" />
    </UnitTest>
    <UnitTest name="ProcessCommandAsync_ShoudReturnError_WhenCommandTypeIsCorrect_AndClientThrows" storage="d:\actions-runner\_work\xpco\xpco\allsolutions\..\cloudconnector\binaries\videoos.cloudconnector.vmsgatewaycommunicator.unittest\bin\debug\net6.0-windows\videoos.cloudconnector.vmsgatewaycommunicator.unittest.dll" id="40fdb1ca-7fde-0f51-1804-bce4ea088140">
      <Execution id="49446a8a-b60b-45d0-bc4d-afb03cf92750" />
      <TestMethod codeBase="D:\actions-runner\_work\XPCO\XPCO\AllSolutions\..\CloudConnector\Binaries\VideoOS.CloudConnector.VmsGatewayCommunicator.UnitTest\bin\Debug\net6.0-windows\VideoOS.CloudConnector.VmsGatewayCommunicator.UnitTest.dll" adapterTypeName="executor://mstestadapter/v2" className="VideoOS.CloudConnector.VmsGatewayCommunicator.UnitTest.CommandProcessors.GetStateCommandProcessorTest" name="ProcessCommandAsync_ShoudReturnError_WhenCommandTypeIsCorrect_AndClientThrows" />
    </UnitTest>
    <UnitTest name="Given_RequestIsSent_When_ResponseMessageReceived_Then_AProperResponseFromVmsAsHttpResponseIsReturned" storage="d:\actions-runner\_work\xpco\xpco\allsolutions\..\cloudconnector\binaries\videoos.cloudconnector.vmsgatewaycommunicator.unittest\bin\debug\net6.0-windows\videoos.cloudconnector.vmsgatewaycommunicator.unittest.dll" id="5f9282f2-48bf-e16c-124b-6c8f17f1b1b3">
      <Execution id="f733a4d3-6e3c-4e12-b268-99cc87b31a7a" />
      <TestMethod codeBase="D:\actions-runner\_work\XPCO\XPCO\AllSolutions\..\CloudConnector\Binaries\VideoOS.CloudConnector.VmsGatewayCommunicator.UnitTest\bin\Debug\net6.0-windows\VideoOS.CloudConnector.VmsGatewayCommunicator.UnitTest.dll" adapterTypeName="executor://mstestadapter/v2" className="VideoOS.CloudConnector.VmsGatewayCommunicator.UnitTest.VmsClientTest" name="Given_RequestIsSent_When_ResponseMessageReceived_Then_AProperResponseFromVmsAsHttpResponseIsReturned" />
    </UnitTest>
    <UnitTest name="AcceptsCommand_ShoudBeFalse_WhenCommandTypeIsWrong" storage="d:\actions-runner\_work\xpco\xpco\allsolutions\..\cloudconnector\binaries\videoos.cloudconnector.vmsgatewaycommunicator.unittest\bin\debug\net6.0-windows\videoos.cloudconnector.vmsgatewaycommunicator.unittest.dll" id="1a7c0fd2-9165-4900-3557-6324c2ac1d58">
      <Execution id="9b46ac6c-5ec7-4731-b361-0ed786181a4f" />
      <TestMethod codeBase="D:\actions-runner\_work\XPCO\XPCO\AllSolutions\..\CloudConnector\Binaries\VideoOS.CloudConnector.VmsGatewayCommunicator.UnitTest\bin\Debug\net6.0-windows\VideoOS.CloudConnector.VmsGatewayCommunicator.UnitTest.dll" adapterTypeName="executor://mstestadapter/v2" className="VideoOS.CloudConnector.VmsGatewayCommunicator.UnitTest.CommandProcessors.RemoveSubscriptionCommandProcessorTest" name="AcceptsCommand_ShoudBeFalse_WhenCommandTypeIsWrong" />
    </UnitTest>
    <UnitTest name="RunAsync_ShouldExit_WhenCancellationTokenIsReceivedDuringTokenHandlerStart" storage="d:\actions-runner\_work\xpco\xpco\allsolutions\..\cloudconnector\binaries\videoos.cloudconnector.vmsgatewaycommunicator.unittest\bin\debug\net6.0-windows\videoos.cloudconnector.vmsgatewaycommunicator.unittest.dll" id="88d46b07-3a7e-fedb-484c-5e8e5cdbf82d">
      <Execution id="4ff6cf55-f988-42f3-ab83-6f81f52598a6" />
      <TestMethod codeBase="D:\actions-runner\_work\XPCO\XPCO\AllSolutions\..\CloudConnector\Binaries\VideoOS.CloudConnector.VmsGatewayCommunicator.UnitTest\bin\Debug\net6.0-windows\VideoOS.CloudConnector.VmsGatewayCommunicator.UnitTest.dll" adapterTypeName="executor://mstestadapter/v2" className="VideoOS.CloudConnector.VmsGatewayCommunicator.UnitTest.VmsGatewayCommunicatorTest" name="RunAsync_ShouldExit_WhenCancellationTokenIsReceivedDuringTokenHandlerStart" />
    </UnitTest>
    <UnitTest name="AcceptsCommand_ShoudBeFalse_WhenCommandTypeIsWrong" storage="d:\actions-runner\_work\xpco\xpco\allsolutions\..\cloudconnector\binaries\videoos.cloudconnector.vmsgatewaycommunicator.unittest\bin\debug\net6.0-windows\videoos.cloudconnector.vmsgatewaycommunicator.unittest.dll" id="ea8e992b-dbc2-9ff4-613e-597a07fbd655">
      <Execution id="1a7db823-3010-4e99-9bef-60276399276f" />
      <TestMethod codeBase="D:\actions-runner\_work\XPCO\XPCO\AllSolutions\..\CloudConnector\Binaries\VideoOS.CloudConnector.VmsGatewayCommunicator.UnitTest\bin\Debug\net6.0-windows\VideoOS.CloudConnector.VmsGatewayCommunicator.UnitTest.dll" adapterTypeName="executor://mstestadapter/v2" className="VideoOS.CloudConnector.VmsGatewayCommunicator.UnitTest.CommandProcessors.AddSubscriptionCommandProcessorTest" name="AcceptsCommand_ShoudBeFalse_WhenCommandTypeIsWrong" />
    </UnitTest>
    <UnitTest name="Start_ShouldNotHandleException_WhenCreateTokenchenCasheFails" storage="d:\actions-runner\_work\xpco\xpco\allsolutions\..\cloudconnector\binaries\videoos.cloudconnector.vmsgatewaycommunicator.unittest\bin\debug\net6.0-windows\videoos.cloudconnector.vmsgatewaycommunicator.unittest.dll" id="58611439-4eed-f271-942d-7637305b9c01">
      <Execution id="2ee73827-5bf1-487c-84a6-1046c2386949" />
      <TestMethod codeBase="D:\actions-runner\_work\XPCO\XPCO\AllSolutions\..\CloudConnector\Binaries\VideoOS.CloudConnector.VmsGatewayCommunicator.UnitTest\bin\Debug\net6.0-windows\VideoOS.CloudConnector.VmsGatewayCommunicator.UnitTest.dll" adapterTypeName="executor://mstestadapter/v2" className="VideoOS.CloudConnector.VmsGatewayCommunicator.UnitTest.TokenHandlerTests" name="Start_ShouldNotHandleException_WhenCreateTokenchenCasheFails" />
    </UnitTest>
    <UnitTest name="Given_RequestToVmsAsHttpRequest_When_Sent_Then_AnAuthorizationheaderIsAdded" storage="d:\actions-runner\_work\xpco\xpco\allsolutions\..\cloudconnector\binaries\videoos.cloudconnector.vmsgatewaycommunicator.unittest\bin\debug\net6.0-windows\videoos.cloudconnector.vmsgatewaycommunicator.unittest.dll" id="ab20a201-1a6b-9773-1d63-8b4f58d61d44">
      <Execution id="7430d83b-3dea-4b32-8820-962b32582707" />
      <TestMethod codeBase="D:\actions-runner\_work\XPCO\XPCO\AllSolutions\..\CloudConnector\Binaries\VideoOS.CloudConnector.VmsGatewayCommunicator.UnitTest\bin\Debug\net6.0-windows\VideoOS.CloudConnector.VmsGatewayCommunicator.UnitTest.dll" adapterTypeName="executor://mstestadapter/v2" className="VideoOS.CloudConnector.VmsGatewayCommunicator.UnitTest.VmsClientTest" name="Given_RequestToVmsAsHttpRequest_When_Sent_Then_AnAuthorizationheaderIsAdded" />
    </UnitTest>
    <UnitTest name="ProcessCommandAsync_ShoudReturnError_WhenClientThrows" storage="d:\actions-runner\_work\xpco\xpco\allsolutions\..\cloudconnector\binaries\videoos.cloudconnector.vmsgatewaycommunicator.unittest\bin\debug\net6.0-windows\videoos.cloudconnector.vmsgatewaycommunicator.unittest.dll" id="91967216-6765-7d59-30b2-6c8450a8ba37">
      <Execution id="8d49aecd-d9b6-4d85-b8f7-41f25fc68d50" />
      <TestMethod codeBase="D:\actions-runner\_work\XPCO\XPCO\AllSolutions\..\CloudConnector\Binaries\VideoOS.CloudConnector.VmsGatewayCommunicator.UnitTest\bin\Debug\net6.0-windows\VideoOS.CloudConnector.VmsGatewayCommunicator.UnitTest.dll" adapterTypeName="executor://mstestadapter/v2" className="VideoOS.CloudConnector.VmsGatewayCommunicator.UnitTest.CommandProcessors.RemoveSubscriptionCommandProcessorTest" name="ProcessCommandAsync_ShoudReturnError_WhenClientThrows" />
    </UnitTest>
    <UnitTest name="AcceptsCommand_ShoudBeTrue_WhenCommandTypeIsCorrect" storage="d:\actions-runner\_work\xpco\xpco\allsolutions\..\cloudconnector\binaries\videoos.cloudconnector.vmsgatewaycommunicator.unittest\bin\debug\net6.0-windows\videoos.cloudconnector.vmsgatewaycommunicator.unittest.dll" id="fd7dce95-5f22-ba36-2e4b-a54cb2de9e1b">
      <Execution id="6e1c5c52-a7b5-4b61-9d9e-fcd4d7819e20" />
      <TestMethod codeBase="D:\actions-runner\_work\XPCO\XPCO\AllSolutions\..\CloudConnector\Binaries\VideoOS.CloudConnector.VmsGatewayCommunicator.UnitTest\bin\Debug\net6.0-windows\VideoOS.CloudConnector.VmsGatewayCommunicator.UnitTest.dll" adapterTypeName="executor://mstestadapter/v2" className="VideoOS.CloudConnector.VmsGatewayCommunicator.UnitTest.CommandProcessors.RemoveSubscriptionCommandProcessorTest" name="AcceptsCommand_ShoudBeTrue_WhenCommandTypeIsCorrect" />
    </UnitTest>
    <UnitTest name="RunAsync_ShouldExit_WhenCancellationTokenIsReceived" storage="d:\actions-runner\_work\xpco\xpco\allsolutions\..\cloudconnector\binaries\videoos.cloudconnector.vmsgatewaycommunicator.unittest\bin\debug\net6.0-windows\videoos.cloudconnector.vmsgatewaycommunicator.unittest.dll" id="38e85025-2f3c-cf36-0c3b-2b292ba29451">
      <Execution id="b115ef8b-0af7-477e-bb86-3cc6e5e9405f" />
      <TestMethod codeBase="D:\actions-runner\_work\XPCO\XPCO\AllSolutions\..\CloudConnector\Binaries\VideoOS.CloudConnector.VmsGatewayCommunicator.UnitTest\bin\Debug\net6.0-windows\VideoOS.CloudConnector.VmsGatewayCommunicator.UnitTest.dll" adapterTypeName="executor://mstestadapter/v2" className="VideoOS.CloudConnector.VmsGatewayCommunicator.UnitTest.VmsGatewayCommunicatorTest" name="RunAsync_ShouldExit_WhenCancellationTokenIsReceived" />
    </UnitTest>
    <UnitTest name="Deserialize_ShouldThrowMessageProcessingException_WhenGivenInvalidJson" storage="d:\actions-runner\_work\xpco\xpco\allsolutions\..\cloudconnector\binaries\videoos.cloudconnector.vmsgatewaycommunicator.unittest\bin\debug\net6.0-windows\videoos.cloudconnector.vmsgatewaycommunicator.unittest.dll" id="cb6ab9d5-c93b-48a6-1e4b-5a2dd1459ff8">
      <Execution id="0d29894c-600b-45b4-8ce3-d80f09afdb3e" />
      <TestMethod codeBase="D:\actions-runner\_work\XPCO\XPCO\AllSolutions\..\CloudConnector\Binaries\VideoOS.CloudConnector.VmsGatewayCommunicator.UnitTest\bin\Debug\net6.0-windows\VideoOS.CloudConnector.VmsGatewayCommunicator.UnitTest.dll" adapterTypeName="executor://mstestadapter/v2" className="VideoOS.CloudConnector.VmsGatewayCommunicator.UnitTest.CommandProcessors.EventCommandSerializerTest" name="Deserialize_ShouldThrowMessageProcessingException_WhenGivenInvalidJson" />
    </UnitTest>
    <UnitTest name="ProcessCommandAsync_ShoudThrowInvalidOperationException_WhenCommandTypeIsWrong" storage="d:\actions-runner\_work\xpco\xpco\allsolutions\..\cloudconnector\binaries\videoos.cloudconnector.vmsgatewaycommunicator.unittest\bin\debug\net6.0-windows\videoos.cloudconnector.vmsgatewaycommunicator.unittest.dll" id="cacf39af-464e-fb07-a553-bef596bf60f6">
      <Execution id="f4cd3add-5d9a-4b03-ad20-588ca7548f39" />
      <TestMethod codeBase="D:\actions-runner\_work\XPCO\XPCO\AllSolutions\..\CloudConnector\Binaries\VideoOS.CloudConnector.VmsGatewayCommunicator.UnitTest\bin\Debug\net6.0-windows\VideoOS.CloudConnector.VmsGatewayCommunicator.UnitTest.dll" adapterTypeName="executor://mstestadapter/v2" className="VideoOS.CloudConnector.VmsGatewayCommunicator.UnitTest.CommandProcessors.RemoveSubscriptionCommandProcessorTest" name="ProcessCommandAsync_ShoudThrowInvalidOperationException_WhenCommandTypeIsWrong" />
    </UnitTest>
    <UnitTest name="ResolveAddressesAsync_ShouldLogApiGatewayAddressAndIdentityProviderAddress_WhenGetAsyncSucceed" storage="d:\actions-runner\_work\xpco\xpco\allsolutions\..\cloudconnector\binaries\videoos.cloudconnector.vmsgatewaycommunicator.unittest\bin\debug\net6.0-windows\videoos.cloudconnector.vmsgatewaycommunicator.unittest.dll" id="ee23d67e-6c5e-1d6a-45cf-d77f34f08f30">
      <Execution id="b6449c0b-66a1-402e-af0f-9d9bf20d9ea0" />
      <TestMethod codeBase="D:\actions-runner\_work\XPCO\XPCO\AllSolutions\..\CloudConnector\Binaries\VideoOS.CloudConnector.VmsGatewayCommunicator.UnitTest\bin\Debug\net6.0-windows\VideoOS.CloudConnector.VmsGatewayCommunicator.UnitTest.dll" adapterTypeName="executor://mstestadapter/v2" className="VideoOS.CloudConnector.VmsGatewayCommunicator.UnitTest.VmsAddressResolverTests" name="ResolveAddressesAsync_ShouldLogApiGatewayAddressAndIdentityProviderAddress_WhenGetAsyncSucceed" />
    </UnitTest>
    <UnitTest name="RunAsync_ShouldRetryToGetMangmentServerUrisAndLogExceptionOnceAndNotCallVmsClientStart_WhenTwoSameExceptionsAreThrown" storage="d:\actions-runner\_work\xpco\xpco\allsolutions\..\cloudconnector\binaries\videoos.cloudconnector.vmsgatewaycommunicator.unittest\bin\debug\net6.0-windows\videoos.cloudconnector.vmsgatewaycommunicator.unittest.dll" id="945b1d1a-1d46-ec1b-a72b-1a58345f0665">
      <Execution id="fed7e748-76d6-48d1-9703-eaead926e40b" />
      <TestMethod codeBase="D:\actions-runner\_work\XPCO\XPCO\AllSolutions\..\CloudConnector\Binaries\VideoOS.CloudConnector.VmsGatewayCommunicator.UnitTest\bin\Debug\net6.0-windows\VideoOS.CloudConnector.VmsGatewayCommunicator.UnitTest.dll" adapterTypeName="executor://mstestadapter/v2" className="VideoOS.CloudConnector.VmsGatewayCommunicator.UnitTest.VmsGatewayCommunicatorTest" name="RunAsync_ShouldRetryToGetMangmentServerUrisAndLogExceptionOnceAndNotCallVmsClientStart_WhenTwoSameExceptionsAreThrown" />
    </UnitTest>
    <UnitTest name="Serialize_ShoudReturnAddSubscriptionResponseJson_WhenGivenAddSubscriptionResponse" storage="d:\actions-runner\_work\xpco\xpco\allsolutions\..\cloudconnector\binaries\videoos.cloudconnector.vmsgatewaycommunicator.unittest\bin\debug\net6.0-windows\videoos.cloudconnector.vmsgatewaycommunicator.unittest.dll" id="8585b7dc-7244-3a96-6dc0-194ca07af193">
      <Execution id="1bc1bf7e-5788-4dec-ba23-56477901ab6f" />
      <TestMethod codeBase="D:\actions-runner\_work\XPCO\XPCO\AllSolutions\..\CloudConnector\Binaries\VideoOS.CloudConnector.VmsGatewayCommunicator.UnitTest\bin\Debug\net6.0-windows\VideoOS.CloudConnector.VmsGatewayCommunicator.UnitTest.dll" adapterTypeName="executor://mstestadapter/v2" className="VideoOS.CloudConnector.VmsGatewayCommunicator.UnitTest.CommandProcessors.EventCommandSerializerTest" name="Serialize_ShoudReturnAddSubscriptionResponseJson_WhenGivenAddSubscriptionResponse" />
    </UnitTest>
    <UnitTest name="RunAsync_ShouldRetryToStartTokenHandlerAndLogExceptionOnce_WhenTwoSameExceptionsAreTrown" storage="d:\actions-runner\_work\xpco\xpco\allsolutions\..\cloudconnector\binaries\videoos.cloudconnector.vmsgatewaycommunicator.unittest\bin\debug\net6.0-windows\videoos.cloudconnector.vmsgatewaycommunicator.unittest.dll" id="6c8fdd61-11e1-b48a-fbd8-c72461118a3f">
      <Execution id="f61bff37-9eb8-4f37-b34c-4ae30866deff" />
      <TestMethod codeBase="D:\actions-runner\_work\XPCO\XPCO\AllSolutions\..\CloudConnector\Binaries\VideoOS.CloudConnector.VmsGatewayCommunicator.UnitTest\bin\Debug\net6.0-windows\VideoOS.CloudConnector.VmsGatewayCommunicator.UnitTest.dll" adapterTypeName="executor://mstestadapter/v2" className="VideoOS.CloudConnector.VmsGatewayCommunicator.UnitTest.VmsGatewayCommunicatorTest" name="RunAsync_ShouldRetryToStartTokenHandlerAndLogExceptionOnce_WhenTwoSameExceptionsAreTrown" />
    </UnitTest>
    <UnitTest name="ProcessCommandAsync_ShoudReturnSuccessAndSubscriptionId_WhenClientSucceeds" storage="d:\actions-runner\_work\xpco\xpco\allsolutions\..\cloudconnector\binaries\videoos.cloudconnector.vmsgatewaycommunicator.unittest\bin\debug\net6.0-windows\videoos.cloudconnector.vmsgatewaycommunicator.unittest.dll" id="e3ffd559-52db-37ca-aa83-edb63bc08668">
      <Execution id="565fa3f8-25cc-4157-b855-0b055b70baf5" />
      <TestMethod codeBase="D:\actions-runner\_work\XPCO\XPCO\AllSolutions\..\CloudConnector\Binaries\VideoOS.CloudConnector.VmsGatewayCommunicator.UnitTest\bin\Debug\net6.0-windows\VideoOS.CloudConnector.VmsGatewayCommunicator.UnitTest.dll" adapterTypeName="executor://mstestadapter/v2" className="VideoOS.CloudConnector.VmsGatewayCommunicator.UnitTest.CommandProcessors.RemoveSubscriptionCommandProcessorTest" name="ProcessCommandAsync_ShoudReturnSuccessAndSubscriptionId_WhenClientSucceeds" />
    </UnitTest>
    <UnitTest name="AcceptsCommand_ShoudBeFalse_WhenCommandTypeIsWrong" storage="d:\actions-runner\_work\xpco\xpco\allsolutions\..\cloudconnector\binaries\videoos.cloudconnector.vmsgatewaycommunicator.unittest\bin\debug\net6.0-windows\videoos.cloudconnector.vmsgatewaycommunicator.unittest.dll" id="fd053fc9-613b-b024-4f90-4055fc170628">
      <Execution id="e0c12f6d-8871-4d8f-bcc8-5dcc8284b8a7" />
      <TestMethod codeBase="D:\actions-runner\_work\XPCO\XPCO\AllSolutions\..\CloudConnector\Binaries\VideoOS.CloudConnector.VmsGatewayCommunicator.UnitTest\bin\Debug\net6.0-windows\VideoOS.CloudConnector.VmsGatewayCommunicator.UnitTest.dll" adapterTypeName="executor://mstestadapter/v2" className="VideoOS.CloudConnector.VmsGatewayCommunicator.UnitTest.CommandProcessors.GetStateCommandProcessorTest" name="AcceptsCommand_ShoudBeFalse_WhenCommandTypeIsWrong" />
    </UnitTest>
    <UnitTest name="ProcessCommandAsync_ShoudReturnSuccess_WhenClientSucceeds" storage="d:\actions-runner\_work\xpco\xpco\allsolutions\..\cloudconnector\binaries\videoos.cloudconnector.vmsgatewaycommunicator.unittest\bin\debug\net6.0-windows\videoos.cloudconnector.vmsgatewaycommunicator.unittest.dll" id="a4d23e1f-9e34-9260-722c-fb7c514636a8">
      <Execution id="93b2494a-6972-4ffe-8abe-8ce915b63047" />
      <TestMethod codeBase="D:\actions-runner\_work\XPCO\XPCO\AllSolutions\..\CloudConnector\Binaries\VideoOS.CloudConnector.VmsGatewayCommunicator.UnitTest\bin\Debug\net6.0-windows\VideoOS.CloudConnector.VmsGatewayCommunicator.UnitTest.dll" adapterTypeName="executor://mstestadapter/v2" className="VideoOS.CloudConnector.VmsGatewayCommunicator.UnitTest.CommandProcessors.GetStateCommandProcessorTest" name="ProcessCommandAsync_ShoudReturnSuccess_WhenClientSucceeds" />
    </UnitTest>
    <UnitTest name="Given_AdressesAreNotYetResolved_When_GetAddress_Then_AddressIsResolvedAndReturned" storage="d:\actions-runner\_work\xpco\xpco\allsolutions\..\cloudconnector\binaries\videoos.cloudconnector.vmsgatewaycommunicator.unittest\bin\debug\net6.0-windows\videoos.cloudconnector.vmsgatewaycommunicator.unittest.dll" id="7f0d91d6-cfc6-68cb-2b56-4279824abad8">
      <Execution id="fdd5491a-c664-45cf-94f5-10c877042a6d" />
      <TestMethod codeBase="D:\actions-runner\_work\XPCO\XPCO\AllSolutions\..\CloudConnector\Binaries\VideoOS.CloudConnector.VmsGatewayCommunicator.UnitTest\bin\Debug\net6.0-windows\VideoOS.CloudConnector.VmsGatewayCommunicator.UnitTest.dll" adapterTypeName="executor://mstestadapter/v2" className="VideoOS.CloudConnector.VmsGatewayCommunicator.UnitTest.VmsAddressResolverTests" name="Given_AdressesAreNotYetResolved_When_GetAddress_Then_AddressIsResolvedAndReturned" />
    </UnitTest>
    <UnitTest name="Deserialize_ShouldThrowMessageProcessingException_WhenGivenInvalidFormatJson" storage="d:\actions-runner\_work\xpco\xpco\allsolutions\..\cloudconnector\binaries\videoos.cloudconnector.vmsgatewaycommunicator.unittest\bin\debug\net6.0-windows\videoos.cloudconnector.vmsgatewaycommunicator.unittest.dll" id="146c794a-8a7a-9ac5-4b07-da54993b6d43">
      <Execution id="61c08033-3612-496d-8e86-6ff333881664" />
      <TestMethod codeBase="D:\actions-runner\_work\XPCO\XPCO\AllSolutions\..\CloudConnector\Binaries\VideoOS.CloudConnector.VmsGatewayCommunicator.UnitTest\bin\Debug\net6.0-windows\VideoOS.CloudConnector.VmsGatewayCommunicator.UnitTest.dll" adapterTypeName="executor://mstestadapter/v2" className="VideoOS.CloudConnector.VmsGatewayCommunicator.UnitTest.CommandProcessors.EventCommandSerializerTest" name="Deserialize_ShouldThrowMessageProcessingException_WhenGivenInvalidFormatJson" />
    </UnitTest>
    <UnitTest name="Start_ShouldLogSucces_WhenTokenCasheIsCreatedSuccessfully" storage="d:\actions-runner\_work\xpco\xpco\allsolutions\..\cloudconnector\binaries\videoos.cloudconnector.vmsgatewaycommunicator.unittest\bin\debug\net6.0-windows\videoos.cloudconnector.vmsgatewaycommunicator.unittest.dll" id="fe8753b0-b4f9-b4d7-6ceb-e6a61f15a8d8">
      <Execution id="1815bf91-cc50-471c-a68a-06056503a9ea" />
      <TestMethod codeBase="D:\actions-runner\_work\XPCO\XPCO\AllSolutions\..\CloudConnector\Binaries\VideoOS.CloudConnector.VmsGatewayCommunicator.UnitTest\bin\Debug\net6.0-windows\VideoOS.CloudConnector.VmsGatewayCommunicator.UnitTest.dll" adapterTypeName="executor://mstestadapter/v2" className="VideoOS.CloudConnector.VmsGatewayCommunicator.UnitTest.TokenHandlerTests" name="Start_ShouldLogSucces_WhenTokenCasheIsCreatedSuccessfully" />
    </UnitTest>
  </TestDefinitions>
  <TestEntries>
    <TestEntry testId="77eb214e-e131-2aba-9b6b-8217504dd48e" executionId="1da39b0d-79e1-44f5-be68-5f52a00b358f" testListId="8c84fa94-04c1-424b-9868-57a2d4851a1d" />
    <TestEntry testId="64141e3a-944e-7e24-9586-a9d7ea36b5e5" executionId="c36f43bd-0fc0-44ae-a32e-84a7c391e700" testListId="8c84fa94-04c1-424b-9868-57a2d4851a1d" />
    <TestEntry testId="5f9282f2-48bf-e16c-124b-6c8f17f1b1b3" executionId="f733a4d3-6e3c-4e12-b268-99cc87b31a7a" testListId="8c84fa94-04c1-424b-9868-57a2d4851a1d" />
    <TestEntry testId="0631a4a6-2e54-b918-a70e-dd4ab1883841" executionId="992044d9-4d8b-483f-b6cc-fc51b2bd2173" testListId="8c84fa94-04c1-424b-9868-57a2d4851a1d" />
    <TestEntry testId="40fdb1ca-7fde-0f51-1804-bce4ea088140" executionId="49446a8a-b60b-45d0-bc4d-afb03cf92750" testListId="8c84fa94-04c1-424b-9868-57a2d4851a1d" />
    <TestEntry testId="e6d7322e-b8f5-bafe-ce50-120a168242d3" executionId="2a23b69e-9eab-4e53-8890-e64e9a5b2534" testListId="8c84fa94-04c1-424b-9868-57a2d4851a1d" />
    <TestEntry testId="89dc4c45-407b-97a5-d45a-0c91ed495056" executionId="d173af39-e05c-45a4-b328-b32feafe2a19" testListId="8c84fa94-04c1-424b-9868-57a2d4851a1d" />
    <TestEntry testId="1ff7076e-5452-7636-e179-fe3fdb8b1b51" executionId="2ca97b82-04f6-4480-88c0-112f796378b1" testListId="8c84fa94-04c1-424b-9868-57a2d4851a1d" />
    <TestEntry testId="cacf39af-464e-fb07-a553-bef596bf60f6" executionId="f4cd3add-5d9a-4b03-ad20-588ca7548f39" testListId="8c84fa94-04c1-424b-9868-57a2d4851a1d" />
    <TestEntry testId="ab20a201-1a6b-9773-1d63-8b4f58d61d44" executionId="7430d83b-3dea-4b32-8820-962b32582707" testListId="8c84fa94-04c1-424b-9868-57a2d4851a1d" />
    <TestEntry testId="b8204e8d-1a3b-2454-7f39-417682ba261f" executionId="a456ddd7-575c-4be9-a812-f4e6c4f7f612" testListId="8c84fa94-04c1-424b-9868-57a2d4851a1d" />
    <TestEntry testId="e3ffd559-52db-37ca-aa83-edb63bc08668" executionId="565fa3f8-25cc-4157-b855-0b055b70baf5" testListId="8c84fa94-04c1-424b-9868-57a2d4851a1d" />
    <TestEntry testId="9d1fb991-9d85-ad2b-3cb5-dcc74e387aab" executionId="ea90adb1-b06d-4632-9a8f-da4fdee5777f" testListId="8c84fa94-04c1-424b-9868-57a2d4851a1d" />
    <TestEntry testId="927b7a17-da95-af02-8b1a-cee97f74089e" executionId="e902f4fc-4a1e-4006-8a8b-95d71b06d9b3" testListId="8c84fa94-04c1-424b-9868-57a2d4851a1d" />
    <TestEntry testId="3f5fceb0-c5ba-929a-ea80-a6a6d30fae81" executionId="4f4b6957-b65c-41d3-b809-b14e3f9ac62e" testListId="8c84fa94-04c1-424b-9868-57a2d4851a1d" />
    <TestEntry testId="f700b63b-3c47-84dc-50ae-ae8d7c14e5b7" executionId="5f0044d9-229d-41e9-a9fa-6648ccf194ae" testListId="8c84fa94-04c1-424b-9868-57a2d4851a1d" />
    <TestEntry testId="91967216-6765-7d59-30b2-6c8450a8ba37" executionId="8d49aecd-d9b6-4d85-b8f7-41f25fc68d50" testListId="8c84fa94-04c1-424b-9868-57a2d4851a1d" />
    <TestEntry testId="1ff7076e-5452-7636-e179-fe3fdb8b1b51" executionId="7c535093-4965-4303-ae99-b2832cc131b1" testListId="8c84fa94-04c1-424b-9868-57a2d4851a1d" />
    <TestEntry testId="ba3dcd4d-ec5e-091e-bd70-2b1edd3434f4" executionId="fa4fc39a-bcca-4ae1-9ee9-e35a65faa67c" testListId="8c84fa94-04c1-424b-9868-57a2d4851a1d" />
    <TestEntry testId="eb18e2dd-fced-e1ef-d3c5-380e364403ca" executionId="43992e92-2b87-471c-9468-c6ecf514b659" testListId="8c84fa94-04c1-424b-9868-57a2d4851a1d" />
    <TestEntry testId="13a4ff0f-35a3-c179-40b3-5a5c363cfb21" executionId="3b1284a3-e02a-49d1-b196-4c87959be3e9" testListId="8c84fa94-04c1-424b-9868-57a2d4851a1d" />
    <TestEntry testId="f3553615-2f34-58ff-4306-a31fd2ab5e51" executionId="8d9e5742-7590-4c60-a49b-ac9c7e5b04dc" testListId="8c84fa94-04c1-424b-9868-57a2d4851a1d" />
    <TestEntry testId="c1b872e3-c9f6-af45-1a88-f631374d9dfc" executionId="33d67f75-b516-43e2-bf29-084155166b29" testListId="8c84fa94-04c1-424b-9868-57a2d4851a1d" />
    <TestEntry testId="fd7dce95-5f22-ba36-2e4b-a54cb2de9e1b" executionId="6e1c5c52-a7b5-4b61-9d9e-fcd4d7819e20" testListId="8c84fa94-04c1-424b-9868-57a2d4851a1d" />
    <TestEntry testId="1a7c0fd2-9165-4900-3557-6324c2ac1d58" executionId="9b46ac6c-5ec7-4731-b361-0ed786181a4f" testListId="8c84fa94-04c1-424b-9868-57a2d4851a1d" />
    <TestEntry testId="945b1d1a-1d46-ec1b-a72b-1a58345f0665" executionId="fed7e748-76d6-48d1-9703-eaead926e40b" testListId="8c84fa94-04c1-424b-9868-57a2d4851a1d" />
    <TestEntry testId="38e85025-2f3c-cf36-0c3b-2b292ba29451" executionId="b115ef8b-0af7-477e-bb86-3cc6e5e9405f" testListId="8c84fa94-04c1-424b-9868-57a2d4851a1d" />
    <TestEntry testId="fe8753b0-b4f9-b4d7-6ceb-e6a61f15a8d8" executionId="1815bf91-cc50-471c-a68a-06056503a9ea" testListId="8c84fa94-04c1-424b-9868-57a2d4851a1d" />
    <TestEntry testId="fd053fc9-613b-b024-4f90-4055fc170628" executionId="e0c12f6d-8871-4d8f-bcc8-5dcc8284b8a7" testListId="8c84fa94-04c1-424b-9868-57a2d4851a1d" />
    <TestEntry testId="c6bae9b8-6fe0-f391-4ccf-fda3dc1cccc4" executionId="42fae25b-c6e4-4382-a311-c955136318b0" testListId="8c84fa94-04c1-424b-9868-57a2d4851a1d" />
    <TestEntry testId="4a7827b5-8a58-f73b-b305-84108386b301" executionId="eb7c852d-07e5-45eb-b9f6-c0c9262c1559" testListId="8c84fa94-04c1-424b-9868-57a2d4851a1d" />
    <TestEntry testId="1e4cb510-e811-129b-df49-fa5bf77912b1" executionId="144265de-6efd-4732-8ee4-59fa7bef4a2d" testListId="8c84fa94-04c1-424b-9868-57a2d4851a1d" />
    <TestEntry testId="53875170-a418-d541-06da-45c5b6c0049b" executionId="1811dcbf-e01d-4b19-9d21-64b85672ceb4" testListId="8c84fa94-04c1-424b-9868-57a2d4851a1d" />
    <TestEntry testId="146c794a-8a7a-9ac5-4b07-da54993b6d43" executionId="61c08033-3612-496d-8e86-6ff333881664" testListId="8c84fa94-04c1-424b-9868-57a2d4851a1d" />
    <TestEntry testId="e945ffff-deba-86ac-7d1c-c6bf4c3ef71a" executionId="18709b54-d483-4ca2-a607-9d1254ce41c8" testListId="8c84fa94-04c1-424b-9868-57a2d4851a1d" />
    <TestEntry testId="43b8df3d-e410-716e-6168-72e11ef79d8b" executionId="61587689-a172-41ea-9b5d-a4916b970a37" testListId="8c84fa94-04c1-424b-9868-57a2d4851a1d" />
    <TestEntry testId="88d46b07-3a7e-fedb-484c-5e8e5cdbf82d" executionId="4ff6cf55-f988-42f3-ab83-6f81f52598a6" testListId="8c84fa94-04c1-424b-9868-57a2d4851a1d" />
    <TestEntry testId="92397220-5af0-7279-3009-d99842456db5" executionId="0c72cf5e-8f73-4ff2-a1e0-cf9cc375ef7c" testListId="8c84fa94-04c1-424b-9868-57a2d4851a1d" />
    <TestEntry testId="ee23d67e-6c5e-1d6a-45cf-d77f34f08f30" executionId="b6449c0b-66a1-402e-af0f-9d9bf20d9ea0" testListId="8c84fa94-04c1-424b-9868-57a2d4851a1d" />
    <TestEntry testId="5e7b9b74-f3c3-c6c3-0680-68e7cd934e4b" executionId="82dad432-54bd-4ecf-80fa-3460e20e8456" testListId="8c84fa94-04c1-424b-9868-57a2d4851a1d" />
    <TestEntry testId="de0660db-2e29-717c-2bf3-5efce23e7793" executionId="92124171-98fb-4fa2-a21c-19ce71aa6dee" testListId="8c84fa94-04c1-424b-9868-57a2d4851a1d" />
    <TestEntry testId="48fab191-2c7d-3b26-01d7-c2f887d83449" executionId="08551ce2-9d01-41d2-a287-4a7b41f4aafd" testListId="8c84fa94-04c1-424b-9868-57a2d4851a1d" />
    <TestEntry testId="f81e43ba-e663-332b-621c-d17302ab997c" executionId="9471ea6b-2e07-4ed6-9afc-527b2d1ec969" testListId="8c84fa94-04c1-424b-9868-57a2d4851a1d" />
    <TestEntry testId="6c8fdd61-11e1-b48a-fbd8-c72461118a3f" executionId="f61bff37-9eb8-4f37-b34c-4ae30866deff" testListId="8c84fa94-04c1-424b-9868-57a2d4851a1d" />
    <TestEntry testId="cb6ab9d5-c93b-48a6-1e4b-5a2dd1459ff8" executionId="0d29894c-600b-45b4-8ce3-d80f09afdb3e" testListId="8c84fa94-04c1-424b-9868-57a2d4851a1d" />
    <TestEntry testId="a4d23e1f-9e34-9260-722c-fb7c514636a8" executionId="93b2494a-6972-4ffe-8abe-8ce915b63047" testListId="8c84fa94-04c1-424b-9868-57a2d4851a1d" />
    <TestEntry testId="ea8e992b-dbc2-9ff4-613e-597a07fbd655" executionId="1a7db823-3010-4e99-9bef-60276399276f" testListId="8c84fa94-04c1-424b-9868-57a2d4851a1d" />
    <TestEntry testId="7f0d91d6-cfc6-68cb-2b56-4279824abad8" executionId="fdd5491a-c664-45cf-94f5-10c877042a6d" testListId="8c84fa94-04c1-424b-9868-57a2d4851a1d" />
    <TestEntry testId="8585b7dc-7244-3a96-6dc0-194ca07af193" executionId="1bc1bf7e-5788-4dec-ba23-56477901ab6f" testListId="8c84fa94-04c1-424b-9868-57a2d4851a1d" />
    <TestEntry testId="dd04bf9e-385e-bc44-dcd4-3eeb73e0ac2c" executionId="77886ca5-8668-45fa-868e-6309cb59fe33" testListId="8c84fa94-04c1-424b-9868-57a2d4851a1d" />
    <TestEntry testId="58611439-4eed-f271-942d-7637305b9c01" executionId="2ee73827-5bf1-487c-84a6-1046c2386949" testListId="8c84fa94-04c1-424b-9868-57a2d4851a1d" />
    <TestEntry testId="b6b906da-ecb0-3b53-ef37-a76433e33141" executionId="0f4d6b37-ab20-4159-bc39-808a161a0573" testListId="8c84fa94-04c1-424b-9868-57a2d4851a1d" />
    <TestEntry testId="8acc8c92-3f02-e3e8-b05a-d6e57351e9cd" executionId="193f74b1-4005-4ef9-a355-a21010f2b880" testListId="8c84fa94-04c1-424b-9868-57a2d4851a1d" />
    <TestEntry testId="1ff7076e-5452-7636-e179-fe3fdb8b1b51" executionId="4c2f0e80-ee00-46a0-9057-8f9aa47f475c" testListId="8c84fa94-04c1-424b-9868-57a2d4851a1d" />
    <TestEntry testId="68f6dd4e-90b6-56ff-bac4-f2b31b547e31" executionId="b476f4f3-f110-4267-b824-89fdb51cc716" testListId="8c84fa94-04c1-424b-9868-57a2d4851a1d" />
  </TestEntries>
  <TestLists>
    <TestList name="Results Not in a List" id="8c84fa94-04c1-424b-9868-57a2d4851a1d" />
    <TestList name="All Loaded Results" id="19431567-8539-422a-85d7-44ee4e166bda" />
  </TestLists>
  <ResultSummary outcome="Completed">
    <Counters total="55" executed="55" passed="55" failed="0" error="0" timeout="0" aborted="0" inconclusive="0" passedButRunAborted="0" notRunnable="0" notExecuted="0" disconnected="0" warning="0" completed="0" inProgress="0" pending="0" />
  </ResultSummary>
</TestRun>