<?xml version="1.0" encoding="utf-8"?>
<TestRun id="7ff77221-f5e6-478d-9913-2b81aecf3e54" name="DKSR-EFI-06$@DKSR-EFI-06 2024-01-09 15:40:56" runUser="NT AUTHORITY\NETWORK SERVICE" xmlns="http://microsoft.com/schemas/VisualStudio/TeamTest/2010">
  <Times creation="2024-01-09T15:40:56.0703080+01:00" queuing="2024-01-09T15:40:56.0703080+01:00" start="2024-01-09T15:40:53.8046742+01:00" finish="2024-01-09T15:41:09.1069036+01:00" />
  <TestSettings name="default" id="e1d85308-ce31-4317-b7e7-15dbc9dc918d">
    <Deployment runDeploymentRoot="DKSR-EFI-06$_DKSR-EFI-06_2024-01-09_15_40_56" />
  </TestSettings>
  <Results>
    <UnitTestResult executionId="1a6f39bc-9aaf-478f-8867-2112c6d3511f" testId="7eca2616-da2e-fb14-4749-07b230416b98" testName="Connect_ShouldConnectToUri" computerName="DKSR-EFI-06" duration="00:00:00.0491594" startTime="2024-01-09T15:40:55.8910819+01:00" endTime="2024-01-09T15:40:55.9403946+01:00" testType="13cdc9d9-ddb5-4fa4-a97d-d965ccfc6d4b" outcome="Passed" testListId="8c84fa94-04c1-424b-9868-57a2d4851a1d" relativeResultsDirectory="1a6f39bc-9aaf-478f-8867-2112c6d3511f" />
    <UnitTestResult executionId="689bace3-8b48-4f3d-acd0-e5f9222ea4f3" testId="fb86576f-228e-ef6f-2063-79c973b902a9" testName="Given_EventSenderTimesOutOccasionally_When_SendingHeartBeats_Then_AHeartBeatAttemptIsMadeWithSpecifiedIntervals" computerName="DKSR-EFI-06" startTime="2024-01-09T15:41:08.9333779+01:00" endTime="2024-01-09T15:41:08.9334206+01:00" testType="13cdc9d9-ddb5-4fa4-a97d-d965ccfc6d4b" outcome="NotExecuted" testListId="8c84fa94-04c1-424b-9868-57a2d4851a1d" relativeResultsDirectory="689bace3-8b48-4f3d-acd0-e5f9222ea4f3">
      <Output></Output>
    </UnitTestResult>
    <UnitTestResult executionId="44f47299-8260-4ad8-b51f-ab50b41ebe05" testId="0b5113b0-5ae8-d40c-a3bd-37bfe6c2125d" testName="Start_ShouldCloudAuthenticatorException_WhenRefreshAwsCredentialsFailsWithExpectedExceptions (Newtonsoft.Json.JsonReaderException)" computerName="DKSR-EFI-06" duration="00:00:00.0067424" startTime="2024-01-09T15:40:55.3074527+01:00" endTime="2024-01-09T15:40:55.7313788+01:00" testType="13cdc9d9-ddb5-4fa4-a97d-d965ccfc6d4b" outcome="Passed" testListId="8c84fa94-04c1-424b-9868-57a2d4851a1d" relativeResultsDirectory="44f47299-8260-4ad8-b51f-ab50b41ebe05" />
    <UnitTestResult executionId="f5112065-c8d8-4e6a-a74d-5de0f806dd76" testId="f08879e5-2d7d-50da-a7d2-8012ce1c6fe9" testName="SendWithRetry_ShouldRetrySendOneResponseUntilSuccess_WhenCalled (TooManyRequests)" computerName="DKSR-EFI-06" duration="00:00:00.0599408" startTime="2024-01-09T15:40:56.2983812+01:00" endTime="2024-01-09T15:40:56.3585865+01:00" testType="13cdc9d9-ddb5-4fa4-a97d-d965ccfc6d4b" outcome="Passed" testListId="8c84fa94-04c1-424b-9868-57a2d4851a1d" relativeResultsDirectory="f5112065-c8d8-4e6a-a74d-5de0f806dd76" />
    <UnitTestResult executionId="47d8a465-0347-450f-b5f7-29614788240c" testId="6b3b171f-6e84-0f66-cf32-53e50e738615" testName="ConnectCloudCommunicator_ShouldSendSystemReadyOnlyOnce_WhenMultipleReconnectsToCloud" computerName="DKSR-EFI-06" duration="00:00:00.0504743" startTime="2024-01-09T15:40:56.8903334+01:00" endTime="2024-01-09T15:40:56.9410309+01:00" testType="13cdc9d9-ddb5-4fa4-a97d-d965ccfc6d4b" outcome="Passed" testListId="8c84fa94-04c1-424b-9868-57a2d4851a1d" relativeResultsDirectory="47d8a465-0347-450f-b5f7-29614788240c" />
    <UnitTestResult executionId="dd5c99b0-3c5e-4eef-8562-a61637c74ac1" testId="21a08dff-5b0e-2d6e-92d7-273057bebdc4" testName="Sign_ShouldNotThrow_WhenSigningWebsocketConnectHeaders" computerName="DKSR-EFI-06" duration="00:00:00.0013439" startTime="2024-01-09T15:40:56.0498942+01:00" endTime="2024-01-09T15:40:56.0514439+01:00" testType="13cdc9d9-ddb5-4fa4-a97d-d965ccfc6d4b" outcome="Passed" testListId="8c84fa94-04c1-424b-9868-57a2d4851a1d" relativeResultsDirectory="dd5c99b0-3c5e-4eef-8562-a61637c74ac1" />
    <UnitTestResult executionId="5577bcb3-ac79-4a34-86c5-ee1b627b0c56" testId="add6ae43-1276-a325-39a0-3beba1ebe186" testName="ConnectApiGateway_ShouldProcessMessageAndSendResponse_WhenMessageIsReceived" computerName="DKSR-EFI-06" duration="00:00:00.1538189" startTime="2024-01-09T15:41:01.4081564+01:00" endTime="2024-01-09T15:41:01.5621487+01:00" testType="13cdc9d9-ddb5-4fa4-a97d-d965ccfc6d4b" outcome="Passed" testListId="8c84fa94-04c1-424b-9868-57a2d4851a1d" relativeResultsDirectory="5577bcb3-ac79-4a34-86c5-ee1b627b0c56" />
    <UnitTestResult executionId="f9788574-7d88-4e4e-bb0c-380334748d79" testId="b672605d-a9fb-41ca-8878-983ad4673dfc" testName="Constructor_ShouldThrowAnArgumentNullException_GivenCloudEnpointIsNull" computerName="DKSR-EFI-06" duration="00:00:00.0173137" startTime="2024-01-09T15:40:56.7963074+01:00" endTime="2024-01-09T15:40:56.8138834+01:00" testType="13cdc9d9-ddb5-4fa4-a97d-d965ccfc6d4b" outcome="Passed" testListId="8c84fa94-04c1-424b-9868-57a2d4851a1d" relativeResultsDirectory="f9788574-7d88-4e4e-bb0c-380334748d79" />
    <UnitTestResult executionId="a7ecebf5-d3de-48f4-83ac-8304341e7ea0" testId="c3886460-3cbb-1428-9f34-bc7b12a0b5fb" testName="ConnectApiGateway_ShoudLog3Errors_When3ConnectionFailsWithDifferentExceptions" computerName="DKSR-EFI-06" duration="00:00:01.5755663" startTime="2024-01-09T15:40:59.7585318+01:00" endTime="2024-01-09T15:41:01.3343769+01:00" testType="13cdc9d9-ddb5-4fa4-a97d-d965ccfc6d4b" outcome="Passed" testListId="8c84fa94-04c1-424b-9868-57a2d4851a1d" relativeResultsDirectory="a7ecebf5-d3de-48f4-83ac-8304341e7ea0" />
    <UnitTestResult executionId="ca945bc7-0df0-4d96-9327-334397ac53a4" testId="e2b14d8d-ab65-b189-79bf-c804eec37058" testName="Given_EventSenderSometimesReturnsErrors_When_SendingHeartbeats_Then_TheChangedErrorStateShouldBeLoggedOnce" computerName="DKSR-EFI-06" duration="00:00:07.0314836" startTime="2024-01-09T15:41:01.9009805+01:00" endTime="2024-01-09T15:41:08.9327211+01:00" testType="13cdc9d9-ddb5-4fa4-a97d-d965ccfc6d4b" outcome="Passed" testListId="8c84fa94-04c1-424b-9868-57a2d4851a1d" relativeResultsDirectory="ca945bc7-0df0-4d96-9327-334397ac53a4" />
    <UnitTestResult executionId="a8fdb58b-b49d-42c7-aa5a-b05c5dccc7b0" testId="aecd3a75-4668-6cb8-2323-e8a701c65680" testName="Constructor_ShouldThrowAnArgumentNullException_GivenCloudClientIsNull" computerName="DKSR-EFI-06" duration="00:00:00.0153741" startTime="2024-01-09T15:40:56.7771931+01:00" endTime="2024-01-09T15:40:56.7929012+01:00" testType="13cdc9d9-ddb5-4fa4-a97d-d965ccfc6d4b" outcome="Passed" testListId="8c84fa94-04c1-424b-9868-57a2d4851a1d" relativeResultsDirectory="a8fdb58b-b49d-42c7-aa5a-b05c5dccc7b0" />
    <UnitTestResult executionId="623016c0-1767-4657-b804-cdc65e344b18" testId="0b5113b0-5ae8-d40c-a3bd-37bfe6c2125d" testName="Start_ShouldCloudAuthenticatorException_WhenRefreshAwsCredentialsFailsWithExpectedExceptions (System.Net.Http.HttpRequestException)" computerName="DKSR-EFI-06" duration="00:00:00.3836499" startTime="2024-01-09T15:40:55.3074527+01:00" endTime="2024-01-09T15:40:55.7313788+01:00" testType="13cdc9d9-ddb5-4fa4-a97d-d965ccfc6d4b" outcome="Passed" testListId="8c84fa94-04c1-424b-9868-57a2d4851a1d" relativeResultsDirectory="623016c0-1767-4657-b804-cdc65e344b18" />
    <UnitTestResult executionId="586534ca-fd1d-4e79-a8da-83fc6ddf819a" testId="4a067bf9-bdb8-038e-a99b-affc1fae0a36" testName="Given_EventSenderTimesOut_When_SendingHeartBeats_Then_AHeartBeatAttemptIsMadeWithSpecifiedIntervals" computerName="DKSR-EFI-06" startTime="2024-01-09T15:41:08.9331775+01:00" endTime="2024-01-09T15:41:08.9333403+01:00" testType="13cdc9d9-ddb5-4fa4-a97d-d965ccfc6d4b" outcome="NotExecuted" testListId="8c84fa94-04c1-424b-9868-57a2d4851a1d" relativeResultsDirectory="586534ca-fd1d-4e79-a8da-83fc6ddf819a">
      <Output></Output>
    </UnitTestResult>
    <UnitTestResult executionId="06ca83ce-b20e-4a57-86e8-a2b99cf7e364" testId="0640d355-86cc-2b5d-c04f-728b3402c30f" testName="Given_Nothing_When_SendEvent_Then_EventMessageIsSentToTheCloud (VideoOS.CloudConnector.Interfaces.CloudConnectorEventType)" computerName="DKSR-EFI-06" duration="00:00:00.0081975" startTime="2024-01-09T15:41:01.8424807+01:00" endTime="2024-01-09T15:41:01.9009135+01:00" testType="13cdc9d9-ddb5-4fa4-a97d-d965ccfc6d4b" outcome="Passed" testListId="8c84fa94-04c1-424b-9868-57a2d4851a1d" relativeResultsDirectory="06ca83ce-b20e-4a57-86e8-a2b99cf7e364" />
    <UnitTestResult executionId="586abf4a-162f-40f8-b0dd-8e114b83e01a" testId="e84bfe3c-8666-91b8-93bb-71e9ea946785" testName="ConnectApiGateway_ShoudReconnect_WhenConnectionFails" computerName="DKSR-EFI-06" duration="00:00:00.5422458" startTime="2024-01-09T15:40:57.6460825+01:00" endTime="2024-01-09T15:40:58.1885946+01:00" testType="13cdc9d9-ddb5-4fa4-a97d-d965ccfc6d4b" outcome="Passed" testListId="8c84fa94-04c1-424b-9868-57a2d4851a1d" relativeResultsDirectory="586abf4a-162f-40f8-b0dd-8e114b83e01a" />
    <UnitTestResult executionId="4d375bad-fcea-4996-b31b-cd09350123cf" testId="b1f3496d-e419-205e-6706-f661dfd3ea2b" testName="SendWithRetry_ShouldDelayRemainingTime_WhenServerErrorIsSentWithDelay" computerName="DKSR-EFI-06" startTime="2024-01-09T15:40:56.6806427+01:00" endTime="2024-01-09T15:40:56.6807616+01:00" testType="13cdc9d9-ddb5-4fa4-a97d-d965ccfc6d4b" outcome="NotExecuted" testListId="8c84fa94-04c1-424b-9868-57a2d4851a1d" relativeResultsDirectory="4d375bad-fcea-4996-b31b-cd09350123cf">
      <Output></Output>
    </UnitTestResult>
    <UnitTestResult executionId="696b52b7-79a2-418c-b306-b36f07fe9171" testId="4c8a4036-8e03-2f26-7b95-ca078f1ba1ba" testName="SendWithRetry_ShouldRetrySendOneResponseUntilSuccess_WhenCalled (GatewayTimeout)" computerName="DKSR-EFI-06" duration="00:00:00.0933379" startTime="2024-01-09T15:40:56.2013874+01:00" endTime="2024-01-09T15:40:56.2983049+01:00" testType="13cdc9d9-ddb5-4fa4-a97d-d965ccfc6d4b" outcome="Passed" testListId="8c84fa94-04c1-424b-9868-57a2d4851a1d" relativeResultsDirectory="696b52b7-79a2-418c-b306-b36f07fe9171" />
    <UnitTestResult executionId="13bb1174-b981-4d95-8ae0-33884859d7b9" testId="6e7c2e76-84cf-8fbc-eb67-1fa21dd46ad9" testName="Constructor_ShouldThrowAnArgumentNullException_GivenConfigurationQueryModelIsNull" computerName="DKSR-EFI-06" duration="00:00:00.0140536" startTime="2024-01-09T15:40:56.7466878+01:00" endTime="2024-01-09T15:40:56.7609537+01:00" testType="13cdc9d9-ddb5-4fa4-a97d-d965ccfc6d4b" outcome="Passed" testListId="8c84fa94-04c1-424b-9868-57a2d4851a1d" relativeResultsDirectory="13bb1174-b981-4d95-8ae0-33884859d7b9" />
    <UnitTestResult executionId="e555ab90-4e5a-4b48-81ee-32fc223adcb8" testId="f8a79dd8-8155-712b-eacd-927a953c0426" testName="ConnectApiGateway_ShouldProcess5MessagesAnd5SendResponses_When5MessagesAreReceived" computerName="DKSR-EFI-06" duration="00:00:00.1481352" startTime="2024-01-09T15:41:01.5622261+01:00" endTime="2024-01-09T15:41:01.7105392+01:00" testType="13cdc9d9-ddb5-4fa4-a97d-d965ccfc6d4b" outcome="Passed" testListId="8c84fa94-04c1-424b-9868-57a2d4851a1d" relativeResultsDirectory="e555ab90-4e5a-4b48-81ee-32fc223adcb8" />
    <UnitTestResult executionId="64ac529d-2cf8-413a-90af-3a890e6d6e84" testId="dfbb60b1-a1df-6969-154a-9c8172ca4419" testName="ConnectToApiGateway_ShouldStopWithoutErrors_GivenTokenIsCancelledDuringConnect" computerName="DKSR-EFI-06" duration="00:00:00.0314975" startTime="2024-01-09T15:40:57.0566697+01:00" endTime="2024-01-09T15:40:57.0883713+01:00" testType="13cdc9d9-ddb5-4fa4-a97d-d965ccfc6d4b" outcome="Passed" testListId="8c84fa94-04c1-424b-9868-57a2d4851a1d" relativeResultsDirectory="64ac529d-2cf8-413a-90af-3a890e6d6e84" />
    <UnitTestResult executionId="c6961ba2-0754-4ba9-aac6-da37ed593158" testId="66ad7266-d8ea-fa6f-1263-33969e927662" testName="Constructor_ShouldThrowAnArgumentNullException_GivenLoggerIsNull" computerName="DKSR-EFI-06" duration="00:00:00.0654441" startTime="2024-01-09T15:40:56.6807985+01:00" endTime="2024-01-09T15:40:56.7466096+01:00" testType="13cdc9d9-ddb5-4fa4-a97d-d965ccfc6d4b" outcome="Passed" testListId="8c84fa94-04c1-424b-9868-57a2d4851a1d" relativeResultsDirectory="c6961ba2-0754-4ba9-aac6-da37ed593158" />
    <UnitTestResult executionId="2978be19-961c-454b-81c3-63db3fa29b92" testId="46123340-bcff-b46f-e262-7695bcc5bcfb" testName="Send_ShouldSendOneResponseIncludingSignedHeaders_WhenCalled" computerName="DKSR-EFI-06" duration="00:00:00.0855473" startTime="2024-01-09T15:40:56.1031878+01:00" endTime="2024-01-09T15:40:56.1888951+01:00" testType="13cdc9d9-ddb5-4fa4-a97d-d965ccfc6d4b" outcome="Passed" testListId="8c84fa94-04c1-424b-9868-57a2d4851a1d" relativeResultsDirectory="2978be19-961c-454b-81c3-63db3fa29b92" />
    <UnitTestResult executionId="4e0a1656-bd5d-4071-acd6-2d8de3bcb672" testId="66a90f76-f49a-9f0e-21c4-45c0abf2dd5b" testName="Constructor_ShouldThrowAnArgumentNullException_GivenHttpClientFactoryIsNull" computerName="DKSR-EFI-06" duration="00:00:00.0028697" startTime="2024-01-09T15:40:56.1000967+01:00" endTime="2024-01-09T15:40:56.1031278+01:00" testType="13cdc9d9-ddb5-4fa4-a97d-d965ccfc6d4b" outcome="Passed" testListId="8c84fa94-04c1-424b-9868-57a2d4851a1d" relativeResultsDirectory="4e0a1656-bd5d-4071-acd6-2d8de3bcb672" />
    <UnitTestResult executionId="d41758a9-edeb-4d1f-a77e-b62807fcb7cb" testId="47daeb57-2014-f1c9-6c5f-e67193f787c4" testName="Sign_ShouldNotThrow_WhenSigningHttpResponseHeaders" computerName="DKSR-EFI-06" duration="00:00:00.0006697" startTime="2024-01-09T15:40:56.0514818+01:00" endTime="2024-01-09T15:40:56.0522419+01:00" testType="13cdc9d9-ddb5-4fa4-a97d-d965ccfc6d4b" outcome="Passed" testListId="8c84fa94-04c1-424b-9868-57a2d4851a1d" relativeResultsDirectory="d41758a9-edeb-4d1f-a77e-b62807fcb7cb" />
    <UnitTestResult executionId="9701bc18-6593-4505-bc97-ce703de91707" testId="df9733d3-3d1b-4ae9-ee93-47dafb9bb990" testName="Given_ConnectASyncWithRenewConnectionIntervel_When_IntervalTimeout_Then_ConnectionIsRenewed" computerName="DKSR-EFI-06" startTime="2024-01-09T15:40:56.0492651+01:00" endTime="2024-01-09T15:40:56.0498508+01:00" testType="13cdc9d9-ddb5-4fa4-a97d-d965ccfc6d4b" outcome="NotExecuted" testListId="8c84fa94-04c1-424b-9868-57a2d4851a1d" relativeResultsDirectory="9701bc18-6593-4505-bc97-ce703de91707">
      <Output>
        <ErrorInfo>
          <Message>Fails occasionally</Message>
        </ErrorInfo>
      </Output>
    </UnitTestResult>
    <UnitTestResult executionId="0f35b7b7-993b-498d-ba08-420fe547285a" testId="67a5c9ea-09d1-0920-5ee2-3928649b0b01" testName="Start_ShouldLogSucces_WhenCredentialsCacheIsCreatedSuccessfully" computerName="DKSR-EFI-06" duration="00:00:00.0281275" startTime="2024-01-09T15:40:55.7411224+01:00" endTime="2024-01-09T15:40:55.7694953+01:00" testType="13cdc9d9-ddb5-4fa4-a97d-d965ccfc6d4b" outcome="Passed" testListId="8c84fa94-04c1-424b-9868-57a2d4851a1d" relativeResultsDirectory="0f35b7b7-993b-498d-ba08-420fe547285a" />
    <UnitTestResult executionId="b131f3e1-5edd-4f04-9bdd-09673dd12c49" testId="fa38a724-05f1-0bb7-abaa-d690000fb28b" testName="Sign_ShouldNotThrow_WhenSigningHttpResponseHeadersFromMultipleThreads" computerName="DKSR-EFI-06" duration="00:00:00.0212368" startTime="2024-01-09T15:40:56.0522750+01:00" endTime="2024-01-09T15:40:56.0736389+01:00" testType="13cdc9d9-ddb5-4fa4-a97d-d965ccfc6d4b" outcome="Passed" testListId="8c84fa94-04c1-424b-9868-57a2d4851a1d" relativeResultsDirectory="b131f3e1-5edd-4f04-9bdd-09673dd12c49" />
    <UnitTestResult executionId="9679ff1b-d664-4ca2-a36b-35c5df39c519" testId="0640d355-86cc-2b5d-c04f-728b3402c30f" testName="Given_Nothing_When_SendEvent_Then_EventMessageIsSentToTheCloud (VideoOS.CloudConnector.Interfaces.CloudConnectorEventType)" computerName="DKSR-EFI-06" duration="00:00:00.0086153" startTime="2024-01-09T15:41:01.8424807+01:00" endTime="2024-01-09T15:41:01.9009135+01:00" testType="13cdc9d9-ddb5-4fa4-a97d-d965ccfc6d4b" outcome="Passed" testListId="8c84fa94-04c1-424b-9868-57a2d4851a1d" relativeResultsDirectory="9679ff1b-d664-4ca2-a36b-35c5df39c519" />
    <UnitTestResult executionId="06d9d2fd-3998-42bc-b625-6a71fb2887e8" testId="75dc9d8f-7bb5-9bbe-753b-cfd87a56349e" testName="Given_ExponentialBackoffRetryPolicy_When_GetTimeOut_Then_CorrectValuesAreReceived (1000,6)" computerName="DKSR-EFI-06" duration="00:00:00.0007897" startTime="2024-01-09T15:41:08.9334385+01:00" endTime="2024-01-09T15:41:08.9344863+01:00" testType="13cdc9d9-ddb5-4fa4-a97d-d965ccfc6d4b" outcome="Passed" testListId="8c84fa94-04c1-424b-9868-57a2d4851a1d" relativeResultsDirectory="06d9d2fd-3998-42bc-b625-6a71fb2887e8" />
    <UnitTestResult executionId="6b18962a-a365-4698-8604-755b05fc1f26" testId="f04a2af6-b28f-9055-96ba-1c7eab524b30" testName="Constructor_ShouldThrowAnArgumentNullException_GivenRequestSignerIsNull" computerName="DKSR-EFI-06" duration="00:00:00.0260016" startTime="2024-01-09T15:40:56.0737093+01:00" endTime="2024-01-09T15:40:56.1000325+01:00" testType="13cdc9d9-ddb5-4fa4-a97d-d965ccfc6d4b" outcome="Passed" testListId="8c84fa94-04c1-424b-9868-57a2d4851a1d" relativeResultsDirectory="6b18962a-a365-4698-8604-755b05fc1f26" />
    <UnitTestResult executionId="0e06c4c1-1bd9-4a20-8aeb-c784b1e03b3c" testId="30b1db7e-1ce8-1806-195b-865cb9ee9b72" testName="Constructor_ShouldThrowAnArgumentNullException_GivenSiteIdIsNull" computerName="DKSR-EFI-06" duration="00:00:00.0070274" startTime="2024-01-09T15:40:55.8800810+01:00" endTime="2024-01-09T15:40:55.8873037+01:00" testType="13cdc9d9-ddb5-4fa4-a97d-d965ccfc6d4b" outcome="Passed" testListId="8c84fa94-04c1-424b-9868-57a2d4851a1d" relativeResultsDirectory="0e06c4c1-1bd9-4a20-8aeb-c784b1e03b3c" />
    <UnitTestResult executionId="9bd2c3d2-d34f-4ba2-8bb6-3111719d6663" testId="1105107b-d2ff-5226-c7ee-632de05291d8" testName="Given_ExponentialBackoffRetryPolicy_When_GetTimeOut_Then_CorrectValuesAreReceived (1000,1)" computerName="DKSR-EFI-06" duration="00:00:00.0000137" startTime="2024-01-09T15:41:08.9345260+01:00" endTime="2024-01-09T15:41:08.9360001+01:00" testType="13cdc9d9-ddb5-4fa4-a97d-d965ccfc6d4b" outcome="Passed" testListId="8c84fa94-04c1-424b-9868-57a2d4851a1d" relativeResultsDirectory="9bd2c3d2-d34f-4ba2-8bb6-3111719d6663" />
    <UnitTestResult executionId="de785bfa-457e-435a-af41-e7a7b278ce82" testId="bc60ff28-650a-a579-c8aa-3e3411b3a0bd" testName="Connect_ShouldThrowAnErrorWhenWebSocketFailsToConnect" computerName="DKSR-EFI-06" duration="00:00:00.0404763" startTime="2024-01-09T15:40:56.0040193+01:00" endTime="2024-01-09T15:40:56.0447440+01:00" testType="13cdc9d9-ddb5-4fa4-a97d-d965ccfc6d4b" outcome="Passed" testListId="8c84fa94-04c1-424b-9868-57a2d4851a1d" relativeResultsDirectory="de785bfa-457e-435a-af41-e7a7b278ce82" />
    <UnitTestResult executionId="07032b68-ae35-47ff-b956-5b0a8618720f" testId="5658ff27-d72f-4a4a-cf6a-3b796b9a39db" testName="Connect_ShouldThrowAnErrorWhenWebSocketReturnsErrorResponse" computerName="DKSR-EFI-06" duration="00:00:00.0077825" startTime="2024-01-09T15:40:55.9404717+01:00" endTime="2024-01-09T15:40:55.9484717+01:00" testType="13cdc9d9-ddb5-4fa4-a97d-d965ccfc6d4b" outcome="Passed" testListId="8c84fa94-04c1-424b-9868-57a2d4851a1d" relativeResultsDirectory="07032b68-ae35-47ff-b956-5b0a8618720f" />
    <UnitTestResult executionId="2298e657-934c-45ad-aa3d-18eca33628f5" testId="e757385c-e078-9438-7933-3720e564503c" testName="Constructor_ShouldThrowAnArgumentNullException_GivenRequestSignerIsNull" computerName="DKSR-EFI-06" duration="00:00:00.0333809" startTime="2024-01-09T15:40:55.8462484+01:00" endTime="2024-01-09T15:40:55.8800015+01:00" testType="13cdc9d9-ddb5-4fa4-a97d-d965ccfc6d4b" outcome="Passed" testListId="8c84fa94-04c1-424b-9868-57a2d4851a1d" relativeResultsDirectory="2298e657-934c-45ad-aa3d-18eca33628f5" />
    <UnitTestResult executionId="f4585a50-1fef-47a0-89de-d9b6d487175b" testId="b1f9f815-f099-6076-230d-ebd778218076" testName="ConnectCloudCommunicator_ShouldBeginSendingHeartbeat_WhenConfiguredAndSystemReady (0,False)" computerName="DKSR-EFI-06" duration="00:00:00.0628942" startTime="2024-01-09T15:40:56.9930811+01:00" endTime="2024-01-09T15:40:57.0565789+01:00" testType="13cdc9d9-ddb5-4fa4-a97d-d965ccfc6d4b" outcome="Passed" testListId="8c84fa94-04c1-424b-9868-57a2d4851a1d" relativeResultsDirectory="f4585a50-1fef-47a0-89de-d9b6d487175b" />
    <UnitTestResult executionId="ee97c71c-c9ef-4c56-921d-1205280ea67d" testId="57e3fd3f-0c96-ccda-f2e5-c58081e2a0f0" testName="Constructor_ShouldThrowAnArgumentNullException_GivenClientWebSocketFactoryIsNull" computerName="DKSR-EFI-06" duration="00:00:00.0034856" startTime="2024-01-09T15:40:55.8873646+01:00" endTime="2024-01-09T15:40:55.8910244+01:00" testType="13cdc9d9-ddb5-4fa4-a97d-d965ccfc6d4b" outcome="Passed" testListId="8c84fa94-04c1-424b-9868-57a2d4851a1d" relativeResultsDirectory="ee97c71c-c9ef-4c56-921d-1205280ea67d" />
    <UnitTestResult executionId="751fcce2-e6f0-4c0a-b3df-23cac093f8b5" testId="0ae7f1de-4151-67cc-af1a-d186a3f52998" testName="Constructor_ShouldThrowAnArgumentNullException_GivenMessageProcessorIsNull" computerName="DKSR-EFI-06" duration="00:00:00.0158813" startTime="2024-01-09T15:40:56.7610297+01:00" endTime="2024-01-09T15:40:56.7771167+01:00" testType="13cdc9d9-ddb5-4fa4-a97d-d965ccfc6d4b" outcome="Passed" testListId="8c84fa94-04c1-424b-9868-57a2d4851a1d" relativeResultsDirectory="751fcce2-e6f0-4c0a-b3df-23cac093f8b5" />
    <UnitTestResult executionId="7f823a3e-6012-411c-baa4-5719dfd7b899" testId="0640d355-86cc-2b5d-c04f-728b3402c30f" testName="Given_Nothing_When_SendEvent_Then_EventMessageIsSentToTheCloud (VideoOS.CloudConnector.Interfaces.CloudConnectorEventType)" computerName="DKSR-EFI-06" duration="00:00:00.0327382" startTime="2024-01-09T15:41:01.8424807+01:00" endTime="2024-01-09T15:41:01.9009135+01:00" testType="13cdc9d9-ddb5-4fa4-a97d-d965ccfc6d4b" outcome="Passed" testListId="8c84fa94-04c1-424b-9868-57a2d4851a1d" relativeResultsDirectory="7f823a3e-6012-411c-baa4-5719dfd7b899" />
    <UnitTestResult executionId="267230be-4a66-48dd-8a3e-4ef617896730" testId="09e09d60-3bb4-79d7-53bf-48816b378b26" testName="ConnectApiGateway_ShoudReconnect_WhenDisconnected" computerName="DKSR-EFI-06" duration="00:00:00.0729863" startTime="2024-01-09T15:41:01.3349172+01:00" endTime="2024-01-09T15:41:01.4080935+01:00" testType="13cdc9d9-ddb5-4fa4-a97d-d965ccfc6d4b" outcome="Passed" testListId="8c84fa94-04c1-424b-9868-57a2d4851a1d" relativeResultsDirectory="267230be-4a66-48dd-8a3e-4ef617896730" />
    <UnitTestResult executionId="cea8d24e-0818-465c-92af-ab3004566a15" testId="9d86bafa-68c1-20ad-fa1a-925f05b66b27" testName="SendWithRetry_ShouldRetryUntillTimeout_WhenCalled" computerName="DKSR-EFI-06" duration="00:00:00.3216685" startTime="2024-01-09T15:40:56.3586542+01:00" endTime="2024-01-09T15:40:56.6805470+01:00" testType="13cdc9d9-ddb5-4fa4-a97d-d965ccfc6d4b" outcome="Passed" testListId="8c84fa94-04c1-424b-9868-57a2d4851a1d" relativeResultsDirectory="cea8d24e-0818-465c-92af-ab3004566a15" />
    <UnitTestResult executionId="2e0bdf49-63da-4a67-9bc9-8fdbfcb053ca" testId="0640d355-86cc-2b5d-c04f-728b3402c30f" testName="Given_Nothing_When_SendEvent_Then_EventMessageIsSentToTheCloud (VideoOS.CloudConnector.Interfaces.CloudConnectorEventType)" computerName="DKSR-EFI-06" duration="00:00:00.0082399" startTime="2024-01-09T15:41:01.8424807+01:00" endTime="2024-01-09T15:41:01.9009135+01:00" testType="13cdc9d9-ddb5-4fa4-a97d-d965ccfc6d4b" outcome="Passed" testListId="8c84fa94-04c1-424b-9868-57a2d4851a1d" relativeResultsDirectory="2e0bdf49-63da-4a67-9bc9-8fdbfcb053ca" />
    <UnitTestResult executionId="0dc229ce-9283-4bac-a05c-b41bb393865f" testId="936dee91-4002-1882-243f-6851010d1b3b" testName="ConnectApiGateway_ShoudLog1Error_When3ConnectionFailsWithSameException" computerName="DKSR-EFI-06" duration="00:00:01.5695116" startTime="2024-01-09T15:40:58.1886966+01:00" endTime="2024-01-09T15:40:59.7584309+01:00" testType="13cdc9d9-ddb5-4fa4-a97d-d965ccfc6d4b" outcome="Passed" testListId="8c84fa94-04c1-424b-9868-57a2d4851a1d" relativeResultsDirectory="0dc229ce-9283-4bac-a05c-b41bb393865f" />
    <UnitTestResult executionId="9599fa0f-1b34-4536-b5f7-18c934f19d11" testId="46d70fee-079c-8ebc-4f76-c762d7deb942" testName="Sign_ShouldReturnSignHeaders_WhenSuccessfully" computerName="DKSR-EFI-06" duration="00:00:00.0760978" startTime="2024-01-09T15:40:55.7695713+01:00" endTime="2024-01-09T15:40:55.8461730+01:00" testType="13cdc9d9-ddb5-4fa4-a97d-d965ccfc6d4b" outcome="Passed" testListId="8c84fa94-04c1-424b-9868-57a2d4851a1d" relativeResultsDirectory="9599fa0f-1b34-4536-b5f7-18c934f19d11" />
    <UnitTestResult executionId="96cc55f6-45ce-4856-8a51-b118aedc3eff" testId="aafcf3f4-3ace-f887-640b-e3eaf93d5e49" testName="ConnectCloudCommunicator_ShouldSendSystemReady_WhenFirstTimeConnectedToCloud" computerName="DKSR-EFI-06" duration="00:00:00.0726272" startTime="2024-01-09T15:40:56.8139530+01:00" endTime="2024-01-09T15:40:56.8902441+01:00" testType="13cdc9d9-ddb5-4fa4-a97d-d965ccfc6d4b" outcome="Passed" testListId="8c84fa94-04c1-424b-9868-57a2d4851a1d" relativeResultsDirectory="96cc55f6-45ce-4856-8a51-b118aedc3eff" />
    <UnitTestResult executionId="78462a46-f6fc-4ac7-800f-44f758523469" testId="46dcd9df-e07e-4557-4be4-67ffc1eac6b4" testName="ConnectCloudCommunicator_ShouldBeginSendingHeartbeat_WhenConfiguredAndSystemReady (1,True)" computerName="DKSR-EFI-06" duration="00:00:00.0513886" startTime="2024-01-09T15:40:56.9411202+01:00" endTime="2024-01-09T15:40:56.9929836+01:00" testType="13cdc9d9-ddb5-4fa4-a97d-d965ccfc6d4b" outcome="Passed" testListId="8c84fa94-04c1-424b-9868-57a2d4851a1d" relativeResultsDirectory="78462a46-f6fc-4ac7-800f-44f758523469" />
    <UnitTestResult executionId="9fe40064-3be8-481f-ad95-1a39a81664d2" testId="c9babceb-800d-3bc6-5dda-a07aae10df28" testName="ConnectApiGateway_ShouldLog1ErrorAndNotSend_WhenProcessingFails" computerName="DKSR-EFI-06" duration="00:00:00.1315813" startTime="2024-01-09T15:41:01.7106130+01:00" endTime="2024-01-09T15:41:01.8424037+01:00" testType="13cdc9d9-ddb5-4fa4-a97d-d965ccfc6d4b" outcome="Passed" testListId="8c84fa94-04c1-424b-9868-57a2d4851a1d" relativeResultsDirectory="9fe40064-3be8-481f-ad95-1a39a81664d2" />
    <UnitTestResult executionId="ebbda857-04b0-4971-89cf-89f0ae92ced3" testId="c1b10c62-43d1-f459-6504-1ca43b782b67" testName="ConnectApiGateway_ShoudReconnect_WhenStartingCloudClientFails" computerName="DKSR-EFI-06" duration="00:00:00.5573295" startTime="2024-01-09T15:40:57.0884494+01:00" endTime="2024-01-09T15:40:57.6459793+01:00" testType="13cdc9d9-ddb5-4fa4-a97d-d965ccfc6d4b" outcome="Passed" testListId="8c84fa94-04c1-424b-9868-57a2d4851a1d" relativeResultsDirectory="ebbda857-04b0-4971-89cf-89f0ae92ced3" />
    <UnitTestResult executionId="ece8b746-ed02-4451-99ae-0ba6f0ae8505" testId="e7da7ce0-10be-e210-b20b-c2931fae9de9" testName="Send_ShouldThrowAnErrorWhenTheResponseWasNotSuccessful" computerName="DKSR-EFI-06" duration="00:00:00.0091897" startTime="2024-01-09T15:40:56.1918688+01:00" endTime="2024-01-09T15:40:56.2012902+01:00" testType="13cdc9d9-ddb5-4fa4-a97d-d965ccfc6d4b" outcome="Passed" testListId="8c84fa94-04c1-424b-9868-57a2d4851a1d" relativeResultsDirectory="ece8b746-ed02-4451-99ae-0ba6f0ae8505" />
    <UnitTestResult executionId="f26e67ab-a205-4ccb-955a-cb0bfeb86ce2" testId="d0294298-a0fc-2965-cdff-b85c13b06cc6" testName="Receive_ShouldThrowAnError_WhenConnectHasNotBeenCalledToEstablishAConnection" computerName="DKSR-EFI-06" duration="00:00:00.0042086" startTime="2024-01-09T15:40:56.0448198+01:00" endTime="2024-01-09T15:40:56.0492053+01:00" testType="13cdc9d9-ddb5-4fa4-a97d-d965ccfc6d4b" outcome="Passed" testListId="8c84fa94-04c1-424b-9868-57a2d4851a1d" relativeResultsDirectory="f26e67ab-a205-4ccb-955a-cb0bfeb86ce2" />
  </Results>
  <TestDefinitions>
    <UnitTest name="Constructor_ShouldThrowAnArgumentNullException_GivenRequestSignerIsNull" storage="d:\actions-runner\_work\xpco\xpco\allsolutions\..\cloudconnector\binaries\videoos.cloudconnector.cloudcommunicator.unittest\bin\debug\net6.0-windows\videoos.cloudconnector.cloudcommunicator.unittest.dll" id="f04a2af6-b28f-9055-96ba-1c7eab524b30">
      <Execution id="6b18962a-a365-4698-8604-755b05fc1f26" />
      <TestMethod codeBase="D:\actions-runner\_work\XPCO\XPCO\AllSolutions\..\CloudConnector\Binaries\VideoOS.CloudConnector.CloudCommunicator.UnitTest\bin\Debug\net6.0-windows\VideoOS.CloudConnector.CloudCommunicator.UnitTest.dll" adapterTypeName="executor://mstestadapter/v2" className="VideoOS.CloudConnector.CloudCommunicator.UnitTest.AWSResponderTest" name="Constructor_ShouldThrowAnArgumentNullException_GivenRequestSignerIsNull" />
    </UnitTest>
    <UnitTest name="Constructor_ShouldThrowAnArgumentNullException_GivenSiteIdIsNull" storage="d:\actions-runner\_work\xpco\xpco\allsolutions\..\cloudconnector\binaries\videoos.cloudconnector.cloudcommunicator.unittest\bin\debug\net6.0-windows\videoos.cloudconnector.cloudcommunicator.unittest.dll" id="30b1db7e-1ce8-1806-195b-865cb9ee9b72">
      <Execution id="0e06c4c1-1bd9-4a20-8aeb-c784b1e03b3c" />
      <TestMethod codeBase="D:\actions-runner\_work\XPCO\XPCO\AllSolutions\..\CloudConnector\Binaries\VideoOS.CloudConnector.CloudCommunicator.UnitTest\bin\Debug\net6.0-windows\VideoOS.CloudConnector.CloudCommunicator.UnitTest.dll" adapterTypeName="executor://mstestadapter/v2" className="VideoOS.CloudConnector.CloudCommunicator.UnitTest.AWSReceiverTest" name="Constructor_ShouldThrowAnArgumentNullException_GivenSiteIdIsNull" />
    </UnitTest>
    <UnitTest name="ConnectApiGateway_ShouldProcessMessageAndSendResponse_WhenMessageIsReceived" storage="d:\actions-runner\_work\xpco\xpco\allsolutions\..\cloudconnector\binaries\videoos.cloudconnector.cloudcommunicator.unittest\bin\debug\net6.0-windows\videoos.cloudconnector.cloudcommunicator.unittest.dll" id="add6ae43-1276-a325-39a0-3beba1ebe186">
      <Execution id="5577bcb3-ac79-4a34-86c5-ee1b627b0c56" />
      <TestMethod codeBase="D:\actions-runner\_work\XPCO\XPCO\AllSolutions\..\CloudConnector\Binaries\VideoOS.CloudConnector.CloudCommunicator.UnitTest\bin\Debug\net6.0-windows\VideoOS.CloudConnector.CloudCommunicator.UnitTest.dll" adapterTypeName="executor://mstestadapter/v2" className="VideoOS.CloudConnector.CloudCommunicator.UnitTest.CloudCommunicatorTest" name="ConnectApiGateway_ShouldProcessMessageAndSendResponse_WhenMessageIsReceived" />
    </UnitTest>
    <UnitTest name="ConnectApiGateway_ShoudReconnect_WhenStartingCloudClientFails" storage="d:\actions-runner\_work\xpco\xpco\allsolutions\..\cloudconnector\binaries\videoos.cloudconnector.cloudcommunicator.unittest\bin\debug\net6.0-windows\videoos.cloudconnector.cloudcommunicator.unittest.dll" id="c1b10c62-43d1-f459-6504-1ca43b782b67">
      <Execution id="ebbda857-04b0-4971-89cf-89f0ae92ced3" />
      <TestMethod codeBase="D:\actions-runner\_work\XPCO\XPCO\AllSolutions\..\CloudConnector\Binaries\VideoOS.CloudConnector.CloudCommunicator.UnitTest\bin\Debug\net6.0-windows\VideoOS.CloudConnector.CloudCommunicator.UnitTest.dll" adapterTypeName="executor://mstestadapter/v2" className="VideoOS.CloudConnector.CloudCommunicator.UnitTest.CloudCommunicatorTest" name="ConnectApiGateway_ShoudReconnect_WhenStartingCloudClientFails" />
    </UnitTest>
    <UnitTest name="ConnectApiGateway_ShoudLog3Errors_When3ConnectionFailsWithDifferentExceptions" storage="d:\actions-runner\_work\xpco\xpco\allsolutions\..\cloudconnector\binaries\videoos.cloudconnector.cloudcommunicator.unittest\bin\debug\net6.0-windows\videoos.cloudconnector.cloudcommunicator.unittest.dll" id="c3886460-3cbb-1428-9f34-bc7b12a0b5fb">
      <Execution id="a7ecebf5-d3de-48f4-83ac-8304341e7ea0" />
      <TestMethod codeBase="D:\actions-runner\_work\XPCO\XPCO\AllSolutions\..\CloudConnector\Binaries\VideoOS.CloudConnector.CloudCommunicator.UnitTest\bin\Debug\net6.0-windows\VideoOS.CloudConnector.CloudCommunicator.UnitTest.dll" adapterTypeName="executor://mstestadapter/v2" className="VideoOS.CloudConnector.CloudCommunicator.UnitTest.CloudCommunicatorTest" name="ConnectApiGateway_ShoudLog3Errors_When3ConnectionFailsWithDifferentExceptions" />
    </UnitTest>
    <UnitTest name="ConnectCloudCommunicator_ShouldBeginSendingHeartbeat_WhenConfiguredAndSystemReady (1,True)" storage="d:\actions-runner\_work\xpco\xpco\allsolutions\..\cloudconnector\binaries\videoos.cloudconnector.cloudcommunicator.unittest\bin\debug\net6.0-windows\videoos.cloudconnector.cloudcommunicator.unittest.dll" id="46dcd9df-e07e-4557-4be4-67ffc1eac6b4">
      <Execution id="78462a46-f6fc-4ac7-800f-44f758523469" />
      <TestMethod codeBase="D:\actions-runner\_work\XPCO\XPCO\AllSolutions\..\CloudConnector\Binaries\VideoOS.CloudConnector.CloudCommunicator.UnitTest\bin\Debug\net6.0-windows\VideoOS.CloudConnector.CloudCommunicator.UnitTest.dll" adapterTypeName="executor://mstestadapter/v2" className="VideoOS.CloudConnector.CloudCommunicator.UnitTest.CloudCommunicatorTest" name="ConnectCloudCommunicator_ShouldBeginSendingHeartbeat_WhenConfiguredAndSystemReady" />
    </UnitTest>
    <UnitTest name="Start_ShouldLogSucces_WhenCredentialsCacheIsCreatedSuccessfully" storage="d:\actions-runner\_work\xpco\xpco\allsolutions\..\cloudconnector\binaries\videoos.cloudconnector.cloudcommunicator.unittest\bin\debug\net6.0-windows\videoos.cloudconnector.cloudcommunicator.unittest.dll" id="67a5c9ea-09d1-0920-5ee2-3928649b0b01">
      <Execution id="0f35b7b7-993b-498d-ba08-420fe547285a" />
      <TestMethod codeBase="D:\actions-runner\_work\XPCO\XPCO\AllSolutions\..\CloudConnector\Binaries\VideoOS.CloudConnector.CloudCommunicator.UnitTest\bin\Debug\net6.0-windows\VideoOS.CloudConnector.CloudCommunicator.UnitTest.dll" adapterTypeName="executor://mstestadapter/v2" className="VideoOS.CloudConnector.CloudCommunicator.UnitTest.AWSAuthenticatorTests" name="Start_ShouldLogSucces_WhenCredentialsCacheIsCreatedSuccessfully" />
    </UnitTest>
    <UnitTest name="SendWithRetry_ShouldRetrySendOneResponseUntilSuccess_WhenCalled (GatewayTimeout)" storage="d:\actions-runner\_work\xpco\xpco\allsolutions\..\cloudconnector\binaries\videoos.cloudconnector.cloudcommunicator.unittest\bin\debug\net6.0-windows\videoos.cloudconnector.cloudcommunicator.unittest.dll" id="4c8a4036-8e03-2f26-7b95-ca078f1ba1ba">
      <Execution id="696b52b7-79a2-418c-b306-b36f07fe9171" />
      <TestMethod codeBase="D:\actions-runner\_work\XPCO\XPCO\AllSolutions\..\CloudConnector\Binaries\VideoOS.CloudConnector.CloudCommunicator.UnitTest\bin\Debug\net6.0-windows\VideoOS.CloudConnector.CloudCommunicator.UnitTest.dll" adapterTypeName="executor://mstestadapter/v2" className="VideoOS.CloudConnector.CloudCommunicator.UnitTest.AWSResponderTest" name="SendWithRetry_ShouldRetrySendOneResponseUntilSuccess_WhenCalled" />
    </UnitTest>
    <UnitTest name="Receive_ShouldThrowAnError_WhenConnectHasNotBeenCalledToEstablishAConnection" storage="d:\actions-runner\_work\xpco\xpco\allsolutions\..\cloudconnector\binaries\videoos.cloudconnector.cloudcommunicator.unittest\bin\debug\net6.0-windows\videoos.cloudconnector.cloudcommunicator.unittest.dll" id="d0294298-a0fc-2965-cdff-b85c13b06cc6">
      <Execution id="f26e67ab-a205-4ccb-955a-cb0bfeb86ce2" />
      <TestMethod codeBase="D:\actions-runner\_work\XPCO\XPCO\AllSolutions\..\CloudConnector\Binaries\VideoOS.CloudConnector.CloudCommunicator.UnitTest\bin\Debug\net6.0-windows\VideoOS.CloudConnector.CloudCommunicator.UnitTest.dll" adapterTypeName="executor://mstestadapter/v2" className="VideoOS.CloudConnector.CloudCommunicator.UnitTest.AWSReceiverTest" name="Receive_ShouldThrowAnError_WhenConnectHasNotBeenCalledToEstablishAConnection" />
    </UnitTest>
    <UnitTest name="Sign_ShouldReturnSignHeaders_WhenSuccessfully" storage="d:\actions-runner\_work\xpco\xpco\allsolutions\..\cloudconnector\binaries\videoos.cloudconnector.cloudcommunicator.unittest\bin\debug\net6.0-windows\videoos.cloudconnector.cloudcommunicator.unittest.dll" id="46d70fee-079c-8ebc-4f76-c762d7deb942">
      <Execution id="9599fa0f-1b34-4536-b5f7-18c934f19d11" />
      <TestMethod codeBase="D:\actions-runner\_work\XPCO\XPCO\AllSolutions\..\CloudConnector\Binaries\VideoOS.CloudConnector.CloudCommunicator.UnitTest\bin\Debug\net6.0-windows\VideoOS.CloudConnector.CloudCommunicator.UnitTest.dll" adapterTypeName="executor://mstestadapter/v2" className="VideoOS.CloudConnector.CloudCommunicator.UnitTest.AWSAuthenticatorTests" name="Sign_ShouldReturnSignHeaders_WhenSuccessfully" />
    </UnitTest>
    <UnitTest name="Sign_ShouldNotThrow_WhenSigningWebsocketConnectHeaders" storage="d:\actions-runner\_work\xpco\xpco\allsolutions\..\cloudconnector\binaries\videoos.cloudconnector.cloudcommunicator.unittest\bin\debug\net6.0-windows\videoos.cloudconnector.cloudcommunicator.unittest.dll" id="21a08dff-5b0e-2d6e-92d7-273057bebdc4">
      <Execution id="dd5c99b0-3c5e-4eef-8562-a61637c74ac1" />
      <TestMethod codeBase="D:\actions-runner\_work\XPCO\XPCO\AllSolutions\..\CloudConnector\Binaries\VideoOS.CloudConnector.CloudCommunicator.UnitTest\bin\Debug\net6.0-windows\VideoOS.CloudConnector.CloudCommunicator.UnitTest.dll" adapterTypeName="executor://mstestadapter/v2" className="VideoOS.CloudConnector.CloudCommunicator.UnitTest.AWSRequestSignerTest" name="Sign_ShouldNotThrow_WhenSigningWebsocketConnectHeaders" />
    </UnitTest>
    <UnitTest name="ConnectApiGateway_ShoudReconnect_WhenConnectionFails" storage="d:\actions-runner\_work\xpco\xpco\allsolutions\..\cloudconnector\binaries\videoos.cloudconnector.cloudcommunicator.unittest\bin\debug\net6.0-windows\videoos.cloudconnector.cloudcommunicator.unittest.dll" id="e84bfe3c-8666-91b8-93bb-71e9ea946785">
      <Execution id="586abf4a-162f-40f8-b0dd-8e114b83e01a" />
      <TestMethod codeBase="D:\actions-runner\_work\XPCO\XPCO\AllSolutions\..\CloudConnector\Binaries\VideoOS.CloudConnector.CloudCommunicator.UnitTest\bin\Debug\net6.0-windows\VideoOS.CloudConnector.CloudCommunicator.UnitTest.dll" adapterTypeName="executor://mstestadapter/v2" className="VideoOS.CloudConnector.CloudCommunicator.UnitTest.CloudCommunicatorTest" name="ConnectApiGateway_ShoudReconnect_WhenConnectionFails" />
    </UnitTest>
    <UnitTest name="ConnectApiGateway_ShoudReconnect_WhenDisconnected" storage="d:\actions-runner\_work\xpco\xpco\allsolutions\..\cloudconnector\binaries\videoos.cloudconnector.cloudcommunicator.unittest\bin\debug\net6.0-windows\videoos.cloudconnector.cloudcommunicator.unittest.dll" id="09e09d60-3bb4-79d7-53bf-48816b378b26">
      <Execution id="267230be-4a66-48dd-8a3e-4ef617896730" />
      <TestMethod codeBase="D:\actions-runner\_work\XPCO\XPCO\AllSolutions\..\CloudConnector\Binaries\VideoOS.CloudConnector.CloudCommunicator.UnitTest\bin\Debug\net6.0-windows\VideoOS.CloudConnector.CloudCommunicator.UnitTest.dll" adapterTypeName="executor://mstestadapter/v2" className="VideoOS.CloudConnector.CloudCommunicator.UnitTest.CloudCommunicatorTest" name="ConnectApiGateway_ShoudReconnect_WhenDisconnected" />
    </UnitTest>
    <UnitTest name="ConnectApiGateway_ShouldLog1ErrorAndNotSend_WhenProcessingFails" storage="d:\actions-runner\_work\xpco\xpco\allsolutions\..\cloudconnector\binaries\videoos.cloudconnector.cloudcommunicator.unittest\bin\debug\net6.0-windows\videoos.cloudconnector.cloudcommunicator.unittest.dll" id="c9babceb-800d-3bc6-5dda-a07aae10df28">
      <Execution id="9fe40064-3be8-481f-ad95-1a39a81664d2" />
      <TestMethod codeBase="D:\actions-runner\_work\XPCO\XPCO\AllSolutions\..\CloudConnector\Binaries\VideoOS.CloudConnector.CloudCommunicator.UnitTest\bin\Debug\net6.0-windows\VideoOS.CloudConnector.CloudCommunicator.UnitTest.dll" adapterTypeName="executor://mstestadapter/v2" className="VideoOS.CloudConnector.CloudCommunicator.UnitTest.CloudCommunicatorTest" name="ConnectApiGateway_ShouldLog1ErrorAndNotSend_WhenProcessingFails" />
    </UnitTest>
    <UnitTest name="ConnectCloudCommunicator_ShouldBeginSendingHeartbeat_WhenConfiguredAndSystemReady (0,False)" storage="d:\actions-runner\_work\xpco\xpco\allsolutions\..\cloudconnector\binaries\videoos.cloudconnector.cloudcommunicator.unittest\bin\debug\net6.0-windows\videoos.cloudconnector.cloudcommunicator.unittest.dll" id="b1f9f815-f099-6076-230d-ebd778218076">
      <Execution id="f4585a50-1fef-47a0-89de-d9b6d487175b" />
      <TestMethod codeBase="D:\actions-runner\_work\XPCO\XPCO\AllSolutions\..\CloudConnector\Binaries\VideoOS.CloudConnector.CloudCommunicator.UnitTest\bin\Debug\net6.0-windows\VideoOS.CloudConnector.CloudCommunicator.UnitTest.dll" adapterTypeName="executor://mstestadapter/v2" className="VideoOS.CloudConnector.CloudCommunicator.UnitTest.CloudCommunicatorTest" name="ConnectCloudCommunicator_ShouldBeginSendingHeartbeat_WhenConfiguredAndSystemReady" />
    </UnitTest>
    <UnitTest name="Given_ExponentialBackoffRetryPolicy_When_GetTimeOut_Then_CorrectValuesAreReceived (1000,1)" storage="d:\actions-runner\_work\xpco\xpco\allsolutions\..\cloudconnector\binaries\videoos.cloudconnector.cloudcommunicator.unittest\bin\debug\net6.0-windows\videoos.cloudconnector.cloudcommunicator.unittest.dll" id="1105107b-d2ff-5226-c7ee-632de05291d8">
      <Execution id="9bd2c3d2-d34f-4ba2-8bb6-3111719d6663" />
      <TestMethod codeBase="D:\actions-runner\_work\XPCO\XPCO\AllSolutions\..\CloudConnector\Binaries\VideoOS.CloudConnector.CloudCommunicator.UnitTest\bin\Debug\net6.0-windows\VideoOS.CloudConnector.CloudCommunicator.UnitTest.dll" adapterTypeName="executor://mstestadapter/v2" className="VideoOS.CloudConnector.CloudCommunicator.UnitTest.RetryPolicyTest" name="Given_ExponentialBackoffRetryPolicy_When_GetTimeOut_Then_CorrectValuesAreReceived" />
    </UnitTest>
    <UnitTest name="Constructor_ShouldThrowAnArgumentNullException_GivenClientWebSocketFactoryIsNull" storage="d:\actions-runner\_work\xpco\xpco\allsolutions\..\cloudconnector\binaries\videoos.cloudconnector.cloudcommunicator.unittest\bin\debug\net6.0-windows\videoos.cloudconnector.cloudcommunicator.unittest.dll" id="57e3fd3f-0c96-ccda-f2e5-c58081e2a0f0">
      <Execution id="ee97c71c-c9ef-4c56-921d-1205280ea67d" />
      <TestMethod codeBase="D:\actions-runner\_work\XPCO\XPCO\AllSolutions\..\CloudConnector\Binaries\VideoOS.CloudConnector.CloudCommunicator.UnitTest\bin\Debug\net6.0-windows\VideoOS.CloudConnector.CloudCommunicator.UnitTest.dll" adapterTypeName="executor://mstestadapter/v2" className="VideoOS.CloudConnector.CloudCommunicator.UnitTest.AWSReceiverTest" name="Constructor_ShouldThrowAnArgumentNullException_GivenClientWebSocketFactoryIsNull" />
    </UnitTest>
    <UnitTest name="Given_EventSenderSometimesReturnsErrors_When_SendingHeartbeats_Then_TheChangedErrorStateShouldBeLoggedOnce" storage="d:\actions-runner\_work\xpco\xpco\allsolutions\..\cloudconnector\binaries\videoos.cloudconnector.cloudcommunicator.unittest\bin\debug\net6.0-windows\videoos.cloudconnector.cloudcommunicator.unittest.dll" id="e2b14d8d-ab65-b189-79bf-c804eec37058">
      <Execution id="ca945bc7-0df0-4d96-9327-334397ac53a4" />
      <TestMethod codeBase="D:\actions-runner\_work\XPCO\XPCO\AllSolutions\..\CloudConnector\Binaries\VideoOS.CloudConnector.CloudCommunicator.UnitTest\bin\Debug\net6.0-windows\VideoOS.CloudConnector.CloudCommunicator.UnitTest.dll" adapterTypeName="executor://mstestadapter/v2" className="VideoOS.CloudConnector.CloudCommunicator.UnitTest.CloudConnectorHeartbeatTest" name="Given_EventSenderSometimesReturnsErrors_When_SendingHeartbeats_Then_TheChangedErrorStateShouldBeLoggedOnce" />
    </UnitTest>
    <UnitTest name="Given_ConnectASyncWithRenewConnectionIntervel_When_IntervalTimeout_Then_ConnectionIsRenewed" storage="d:\actions-runner\_work\xpco\xpco\allsolutions\..\cloudconnector\binaries\videoos.cloudconnector.cloudcommunicator.unittest\bin\debug\net6.0-windows\videoos.cloudconnector.cloudcommunicator.unittest.dll" id="df9733d3-3d1b-4ae9-ee93-47dafb9bb990">
      <Execution id="9701bc18-6593-4505-bc97-ce703de91707" />
      <TestMethod codeBase="D:\actions-runner\_work\XPCO\XPCO\AllSolutions\..\CloudConnector\Binaries\VideoOS.CloudConnector.CloudCommunicator.UnitTest\bin\Debug\net6.0-windows\VideoOS.CloudConnector.CloudCommunicator.UnitTest.dll" adapterTypeName="executor://mstestadapter/v2" className="VideoOS.CloudConnector.CloudCommunicator.UnitTest.AWSReceiverTest" name="Given_ConnectASyncWithRenewConnectionIntervel_When_IntervalTimeout_Then_ConnectionIsRenewed" />
    </UnitTest>
    <UnitTest name="Connect_ShouldConnectToUri" storage="d:\actions-runner\_work\xpco\xpco\allsolutions\..\cloudconnector\binaries\videoos.cloudconnector.cloudcommunicator.unittest\bin\debug\net6.0-windows\videoos.cloudconnector.cloudcommunicator.unittest.dll" id="7eca2616-da2e-fb14-4749-07b230416b98">
      <Execution id="1a6f39bc-9aaf-478f-8867-2112c6d3511f" />
      <TestMethod codeBase="D:\actions-runner\_work\XPCO\XPCO\AllSolutions\..\CloudConnector\Binaries\VideoOS.CloudConnector.CloudCommunicator.UnitTest\bin\Debug\net6.0-windows\VideoOS.CloudConnector.CloudCommunicator.UnitTest.dll" adapterTypeName="executor://mstestadapter/v2" className="VideoOS.CloudConnector.CloudCommunicator.UnitTest.AWSReceiverTest" name="Connect_ShouldConnectToUri" />
    </UnitTest>
    <UnitTest name="ConnectCloudCommunicator_ShouldSendSystemReadyOnlyOnce_WhenMultipleReconnectsToCloud" storage="d:\actions-runner\_work\xpco\xpco\allsolutions\..\cloudconnector\binaries\videoos.cloudconnector.cloudcommunicator.unittest\bin\debug\net6.0-windows\videoos.cloudconnector.cloudcommunicator.unittest.dll" id="6b3b171f-6e84-0f66-cf32-53e50e738615">
      <Execution id="47d8a465-0347-450f-b5f7-29614788240c" />
      <TestMethod codeBase="D:\actions-runner\_work\XPCO\XPCO\AllSolutions\..\CloudConnector\Binaries\VideoOS.CloudConnector.CloudCommunicator.UnitTest\bin\Debug\net6.0-windows\VideoOS.CloudConnector.CloudCommunicator.UnitTest.dll" adapterTypeName="executor://mstestadapter/v2" className="VideoOS.CloudConnector.CloudCommunicator.UnitTest.CloudCommunicatorTest" name="ConnectCloudCommunicator_ShouldSendSystemReadyOnlyOnce_WhenMultipleReconnectsToCloud" />
    </UnitTest>
    <UnitTest name="Constructor_ShouldThrowAnArgumentNullException_GivenHttpClientFactoryIsNull" storage="d:\actions-runner\_work\xpco\xpco\allsolutions\..\cloudconnector\binaries\videoos.cloudconnector.cloudcommunicator.unittest\bin\debug\net6.0-windows\videoos.cloudconnector.cloudcommunicator.unittest.dll" id="66a90f76-f49a-9f0e-21c4-45c0abf2dd5b">
      <Execution id="4e0a1656-bd5d-4071-acd6-2d8de3bcb672" />
      <TestMethod codeBase="D:\actions-runner\_work\XPCO\XPCO\AllSolutions\..\CloudConnector\Binaries\VideoOS.CloudConnector.CloudCommunicator.UnitTest\bin\Debug\net6.0-windows\VideoOS.CloudConnector.CloudCommunicator.UnitTest.dll" adapterTypeName="executor://mstestadapter/v2" className="VideoOS.CloudConnector.CloudCommunicator.UnitTest.AWSResponderTest" name="Constructor_ShouldThrowAnArgumentNullException_GivenHttpClientFactoryIsNull" />
    </UnitTest>
    <UnitTest name="Constructor_ShouldThrowAnArgumentNullException_GivenLoggerIsNull" storage="d:\actions-runner\_work\xpco\xpco\allsolutions\..\cloudconnector\binaries\videoos.cloudconnector.cloudcommunicator.unittest\bin\debug\net6.0-windows\videoos.cloudconnector.cloudcommunicator.unittest.dll" id="66ad7266-d8ea-fa6f-1263-33969e927662">
      <Execution id="c6961ba2-0754-4ba9-aac6-da37ed593158" />
      <TestMethod codeBase="D:\actions-runner\_work\XPCO\XPCO\AllSolutions\..\CloudConnector\Binaries\VideoOS.CloudConnector.CloudCommunicator.UnitTest\bin\Debug\net6.0-windows\VideoOS.CloudConnector.CloudCommunicator.UnitTest.dll" adapterTypeName="executor://mstestadapter/v2" className="VideoOS.CloudConnector.CloudCommunicator.UnitTest.CloudCommunicatorTest" name="Constructor_ShouldThrowAnArgumentNullException_GivenLoggerIsNull" />
    </UnitTest>
    <UnitTest name="Constructor_ShouldThrowAnArgumentNullException_GivenCloudEnpointIsNull" storage="d:\actions-runner\_work\xpco\xpco\allsolutions\..\cloudconnector\binaries\videoos.cloudconnector.cloudcommunicator.unittest\bin\debug\net6.0-windows\videoos.cloudconnector.cloudcommunicator.unittest.dll" id="b672605d-a9fb-41ca-8878-983ad4673dfc">
      <Execution id="f9788574-7d88-4e4e-bb0c-380334748d79" />
      <TestMethod codeBase="D:\actions-runner\_work\XPCO\XPCO\AllSolutions\..\CloudConnector\Binaries\VideoOS.CloudConnector.CloudCommunicator.UnitTest\bin\Debug\net6.0-windows\VideoOS.CloudConnector.CloudCommunicator.UnitTest.dll" adapterTypeName="executor://mstestadapter/v2" className="VideoOS.CloudConnector.CloudCommunicator.UnitTest.CloudCommunicatorTest" name="Constructor_ShouldThrowAnArgumentNullException_GivenCloudEnpointIsNull" />
    </UnitTest>
    <UnitTest name="Send_ShouldSendOneResponseIncludingSignedHeaders_WhenCalled" storage="d:\actions-runner\_work\xpco\xpco\allsolutions\..\cloudconnector\binaries\videoos.cloudconnector.cloudcommunicator.unittest\bin\debug\net6.0-windows\videoos.cloudconnector.cloudcommunicator.unittest.dll" id="46123340-bcff-b46f-e262-7695bcc5bcfb">
      <Execution id="2978be19-961c-454b-81c3-63db3fa29b92" />
      <TestMethod codeBase="D:\actions-runner\_work\XPCO\XPCO\AllSolutions\..\CloudConnector\Binaries\VideoOS.CloudConnector.CloudCommunicator.UnitTest\bin\Debug\net6.0-windows\VideoOS.CloudConnector.CloudCommunicator.UnitTest.dll" adapterTypeName="executor://mstestadapter/v2" className="VideoOS.CloudConnector.CloudCommunicator.UnitTest.AWSResponderTest" name="Send_ShouldSendOneResponseIncludingSignedHeaders_WhenCalled" />
    </UnitTest>
    <UnitTest name="Constructor_ShouldThrowAnArgumentNullException_GivenCloudClientIsNull" storage="d:\actions-runner\_work\xpco\xpco\allsolutions\..\cloudconnector\binaries\videoos.cloudconnector.cloudcommunicator.unittest\bin\debug\net6.0-windows\videoos.cloudconnector.cloudcommunicator.unittest.dll" id="aecd3a75-4668-6cb8-2323-e8a701c65680">
      <Execution id="a8fdb58b-b49d-42c7-aa5a-b05c5dccc7b0" />
      <TestMethod codeBase="D:\actions-runner\_work\XPCO\XPCO\AllSolutions\..\CloudConnector\Binaries\VideoOS.CloudConnector.CloudCommunicator.UnitTest\bin\Debug\net6.0-windows\VideoOS.CloudConnector.CloudCommunicator.UnitTest.dll" adapterTypeName="executor://mstestadapter/v2" className="VideoOS.CloudConnector.CloudCommunicator.UnitTest.CloudCommunicatorTest" name="Constructor_ShouldThrowAnArgumentNullException_GivenCloudClientIsNull" />
    </UnitTest>
    <UnitTest name="Sign_ShouldNotThrow_WhenSigningHttpResponseHeadersFromMultipleThreads" storage="d:\actions-runner\_work\xpco\xpco\allsolutions\..\cloudconnector\binaries\videoos.cloudconnector.cloudcommunicator.unittest\bin\debug\net6.0-windows\videoos.cloudconnector.cloudcommunicator.unittest.dll" id="fa38a724-05f1-0bb7-abaa-d690000fb28b">
      <Execution id="b131f3e1-5edd-4f04-9bdd-09673dd12c49" />
      <TestMethod codeBase="D:\actions-runner\_work\XPCO\XPCO\AllSolutions\..\CloudConnector\Binaries\VideoOS.CloudConnector.CloudCommunicator.UnitTest\bin\Debug\net6.0-windows\VideoOS.CloudConnector.CloudCommunicator.UnitTest.dll" adapterTypeName="executor://mstestadapter/v2" className="VideoOS.CloudConnector.CloudCommunicator.UnitTest.AWSRequestSignerTest" name="Sign_ShouldNotThrow_WhenSigningHttpResponseHeadersFromMultipleThreads" />
    </UnitTest>
    <UnitTest name="SendWithRetry_ShouldRetrySendOneResponseUntilSuccess_WhenCalled (TooManyRequests)" storage="d:\actions-runner\_work\xpco\xpco\allsolutions\..\cloudconnector\binaries\videoos.cloudconnector.cloudcommunicator.unittest\bin\debug\net6.0-windows\videoos.cloudconnector.cloudcommunicator.unittest.dll" id="f08879e5-2d7d-50da-a7d2-8012ce1c6fe9">
      <Execution id="f5112065-c8d8-4e6a-a74d-5de0f806dd76" />
      <TestMethod codeBase="D:\actions-runner\_work\XPCO\XPCO\AllSolutions\..\CloudConnector\Binaries\VideoOS.CloudConnector.CloudCommunicator.UnitTest\bin\Debug\net6.0-windows\VideoOS.CloudConnector.CloudCommunicator.UnitTest.dll" adapterTypeName="executor://mstestadapter/v2" className="VideoOS.CloudConnector.CloudCommunicator.UnitTest.AWSResponderTest" name="SendWithRetry_ShouldRetrySendOneResponseUntilSuccess_WhenCalled" />
    </UnitTest>
    <UnitTest name="Given_Nothing_When_SendEvent_Then_EventMessageIsSentToTheCloud" storage="d:\actions-runner\_work\xpco\xpco\allsolutions\..\cloudconnector\binaries\videoos.cloudconnector.cloudcommunicator.unittest\bin\debug\net6.0-windows\videoos.cloudconnector.cloudcommunicator.unittest.dll" id="0640d355-86cc-2b5d-c04f-728b3402c30f">
      <Execution id="7f823a3e-6012-411c-baa4-5719dfd7b899" />
      <TestMethod codeBase="D:\actions-runner\_work\XPCO\XPCO\AllSolutions\..\CloudConnector\Binaries\VideoOS.CloudConnector.CloudCommunicator.UnitTest\bin\Debug\net6.0-windows\VideoOS.CloudConnector.CloudCommunicator.UnitTest.dll" adapterTypeName="executor://mstestadapter/v2" className="VideoOS.CloudConnector.CloudCommunicator.UnitTest.CloudConnectorCloudEventSenderTest" name="Given_Nothing_When_SendEvent_Then_EventMessageIsSentToTheCloud" />
    </UnitTest>
    <UnitTest name="Constructor_ShouldThrowAnArgumentNullException_GivenConfigurationQueryModelIsNull" storage="d:\actions-runner\_work\xpco\xpco\allsolutions\..\cloudconnector\binaries\videoos.cloudconnector.cloudcommunicator.unittest\bin\debug\net6.0-windows\videoos.cloudconnector.cloudcommunicator.unittest.dll" id="6e7c2e76-84cf-8fbc-eb67-1fa21dd46ad9">
      <Execution id="13bb1174-b981-4d95-8ae0-33884859d7b9" />
      <TestMethod codeBase="D:\actions-runner\_work\XPCO\XPCO\AllSolutions\..\CloudConnector\Binaries\VideoOS.CloudConnector.CloudCommunicator.UnitTest\bin\Debug\net6.0-windows\VideoOS.CloudConnector.CloudCommunicator.UnitTest.dll" adapterTypeName="executor://mstestadapter/v2" className="VideoOS.CloudConnector.CloudCommunicator.UnitTest.CloudCommunicatorTest" name="Constructor_ShouldThrowAnArgumentNullException_GivenConfigurationQueryModelIsNull" />
    </UnitTest>
    <UnitTest name="Send_ShouldThrowAnErrorWhenTheResponseWasNotSuccessful" storage="d:\actions-runner\_work\xpco\xpco\allsolutions\..\cloudconnector\binaries\videoos.cloudconnector.cloudcommunicator.unittest\bin\debug\net6.0-windows\videoos.cloudconnector.cloudcommunicator.unittest.dll" id="e7da7ce0-10be-e210-b20b-c2931fae9de9">
      <Execution id="ece8b746-ed02-4451-99ae-0ba6f0ae8505" />
      <TestMethod codeBase="D:\actions-runner\_work\XPCO\XPCO\AllSolutions\..\CloudConnector\Binaries\VideoOS.CloudConnector.CloudCommunicator.UnitTest\bin\Debug\net6.0-windows\VideoOS.CloudConnector.CloudCommunicator.UnitTest.dll" adapterTypeName="executor://mstestadapter/v2" className="VideoOS.CloudConnector.CloudCommunicator.UnitTest.AWSResponderTest" name="Send_ShouldThrowAnErrorWhenTheResponseWasNotSuccessful" />
    </UnitTest>
    <UnitTest name="ConnectCloudCommunicator_ShouldSendSystemReady_WhenFirstTimeConnectedToCloud" storage="d:\actions-runner\_work\xpco\xpco\allsolutions\..\cloudconnector\binaries\videoos.cloudconnector.cloudcommunicator.unittest\bin\debug\net6.0-windows\videoos.cloudconnector.cloudcommunicator.unittest.dll" id="aafcf3f4-3ace-f887-640b-e3eaf93d5e49">
      <Execution id="96cc55f6-45ce-4856-8a51-b118aedc3eff" />
      <TestMethod codeBase="D:\actions-runner\_work\XPCO\XPCO\AllSolutions\..\CloudConnector\Binaries\VideoOS.CloudConnector.CloudCommunicator.UnitTest\bin\Debug\net6.0-windows\VideoOS.CloudConnector.CloudCommunicator.UnitTest.dll" adapterTypeName="executor://mstestadapter/v2" className="VideoOS.CloudConnector.CloudCommunicator.UnitTest.CloudCommunicatorTest" name="ConnectCloudCommunicator_ShouldSendSystemReady_WhenFirstTimeConnectedToCloud" />
    </UnitTest>
    <UnitTest name="Given_EventSenderTimesOutOccasionally_When_SendingHeartBeats_Then_AHeartBeatAttemptIsMadeWithSpecifiedIntervals" storage="d:\actions-runner\_work\xpco\xpco\allsolutions\..\cloudconnector\binaries\videoos.cloudconnector.cloudcommunicator.unittest\bin\debug\net6.0-windows\videoos.cloudconnector.cloudcommunicator.unittest.dll" id="fb86576f-228e-ef6f-2063-79c973b902a9">
      <Execution id="689bace3-8b48-4f3d-acd0-e5f9222ea4f3" />
      <TestMethod codeBase="D:\actions-runner\_work\XPCO\XPCO\AllSolutions\..\CloudConnector\Binaries\VideoOS.CloudConnector.CloudCommunicator.UnitTest\bin\Debug\net6.0-windows\VideoOS.CloudConnector.CloudCommunicator.UnitTest.dll" adapterTypeName="executor://mstestadapter/v2" className="VideoOS.CloudConnector.CloudCommunicator.UnitTest.CloudConnectorHeartbeatTest" name="Given_EventSenderTimesOutOccasionally_When_SendingHeartBeats_Then_AHeartBeatAttemptIsMadeWithSpecifiedIntervals" />
    </UnitTest>
    <UnitTest name="Given_ExponentialBackoffRetryPolicy_When_GetTimeOut_Then_CorrectValuesAreReceived (1000,6)" storage="d:\actions-runner\_work\xpco\xpco\allsolutions\..\cloudconnector\binaries\videoos.cloudconnector.cloudcommunicator.unittest\bin\debug\net6.0-windows\videoos.cloudconnector.cloudcommunicator.unittest.dll" id="75dc9d8f-7bb5-9bbe-753b-cfd87a56349e">
      <Execution id="06d9d2fd-3998-42bc-b625-6a71fb2887e8" />
      <TestMethod codeBase="D:\actions-runner\_work\XPCO\XPCO\AllSolutions\..\CloudConnector\Binaries\VideoOS.CloudConnector.CloudCommunicator.UnitTest\bin\Debug\net6.0-windows\VideoOS.CloudConnector.CloudCommunicator.UnitTest.dll" adapterTypeName="executor://mstestadapter/v2" className="VideoOS.CloudConnector.CloudCommunicator.UnitTest.RetryPolicyTest" name="Given_ExponentialBackoffRetryPolicy_When_GetTimeOut_Then_CorrectValuesAreReceived" />
    </UnitTest>
    <UnitTest name="SendWithRetry_ShouldDelayRemainingTime_WhenServerErrorIsSentWithDelay" storage="d:\actions-runner\_work\xpco\xpco\allsolutions\..\cloudconnector\binaries\videoos.cloudconnector.cloudcommunicator.unittest\bin\debug\net6.0-windows\videoos.cloudconnector.cloudcommunicator.unittest.dll" id="b1f3496d-e419-205e-6706-f661dfd3ea2b">
      <Execution id="4d375bad-fcea-4996-b31b-cd09350123cf" />
      <TestMethod codeBase="D:\actions-runner\_work\XPCO\XPCO\AllSolutions\..\CloudConnector\Binaries\VideoOS.CloudConnector.CloudCommunicator.UnitTest\bin\Debug\net6.0-windows\VideoOS.CloudConnector.CloudCommunicator.UnitTest.dll" adapterTypeName="executor://mstestadapter/v2" className="VideoOS.CloudConnector.CloudCommunicator.UnitTest.AWSResponderTest" name="SendWithRetry_ShouldDelayRemainingTime_WhenServerErrorIsSentWithDelay" />
    </UnitTest>
    <UnitTest name="Sign_ShouldNotThrow_WhenSigningHttpResponseHeaders" storage="d:\actions-runner\_work\xpco\xpco\allsolutions\..\cloudconnector\binaries\videoos.cloudconnector.cloudcommunicator.unittest\bin\debug\net6.0-windows\videoos.cloudconnector.cloudcommunicator.unittest.dll" id="47daeb57-2014-f1c9-6c5f-e67193f787c4">
      <Execution id="d41758a9-edeb-4d1f-a77e-b62807fcb7cb" />
      <TestMethod codeBase="D:\actions-runner\_work\XPCO\XPCO\AllSolutions\..\CloudConnector\Binaries\VideoOS.CloudConnector.CloudCommunicator.UnitTest\bin\Debug\net6.0-windows\VideoOS.CloudConnector.CloudCommunicator.UnitTest.dll" adapterTypeName="executor://mstestadapter/v2" className="VideoOS.CloudConnector.CloudCommunicator.UnitTest.AWSRequestSignerTest" name="Sign_ShouldNotThrow_WhenSigningHttpResponseHeaders" />
    </UnitTest>
    <UnitTest name="SendWithRetry_ShouldRetryUntillTimeout_WhenCalled" storage="d:\actions-runner\_work\xpco\xpco\allsolutions\..\cloudconnector\binaries\videoos.cloudconnector.cloudcommunicator.unittest\bin\debug\net6.0-windows\videoos.cloudconnector.cloudcommunicator.unittest.dll" id="9d86bafa-68c1-20ad-fa1a-925f05b66b27">
      <Execution id="cea8d24e-0818-465c-92af-ab3004566a15" />
      <TestMethod codeBase="D:\actions-runner\_work\XPCO\XPCO\AllSolutions\..\CloudConnector\Binaries\VideoOS.CloudConnector.CloudCommunicator.UnitTest\bin\Debug\net6.0-windows\VideoOS.CloudConnector.CloudCommunicator.UnitTest.dll" adapterTypeName="executor://mstestadapter/v2" className="VideoOS.CloudConnector.CloudCommunicator.UnitTest.AWSResponderTest" name="SendWithRetry_ShouldRetryUntillTimeout_WhenCalled" />
    </UnitTest>
    <UnitTest name="Constructor_ShouldThrowAnArgumentNullException_GivenRequestSignerIsNull" storage="d:\actions-runner\_work\xpco\xpco\allsolutions\..\cloudconnector\binaries\videoos.cloudconnector.cloudcommunicator.unittest\bin\debug\net6.0-windows\videoos.cloudconnector.cloudcommunicator.unittest.dll" id="e757385c-e078-9438-7933-3720e564503c">
      <Execution id="2298e657-934c-45ad-aa3d-18eca33628f5" />
      <TestMethod codeBase="D:\actions-runner\_work\XPCO\XPCO\AllSolutions\..\CloudConnector\Binaries\VideoOS.CloudConnector.CloudCommunicator.UnitTest\bin\Debug\net6.0-windows\VideoOS.CloudConnector.CloudCommunicator.UnitTest.dll" adapterTypeName="executor://mstestadapter/v2" className="VideoOS.CloudConnector.CloudCommunicator.UnitTest.AWSReceiverTest" name="Constructor_ShouldThrowAnArgumentNullException_GivenRequestSignerIsNull" />
    </UnitTest>
    <UnitTest name="ConnectApiGateway_ShoudLog1Error_When3ConnectionFailsWithSameException" storage="d:\actions-runner\_work\xpco\xpco\allsolutions\..\cloudconnector\binaries\videoos.cloudconnector.cloudcommunicator.unittest\bin\debug\net6.0-windows\videoos.cloudconnector.cloudcommunicator.unittest.dll" id="936dee91-4002-1882-243f-6851010d1b3b">
      <Execution id="0dc229ce-9283-4bac-a05c-b41bb393865f" />
      <TestMethod codeBase="D:\actions-runner\_work\XPCO\XPCO\AllSolutions\..\CloudConnector\Binaries\VideoOS.CloudConnector.CloudCommunicator.UnitTest\bin\Debug\net6.0-windows\VideoOS.CloudConnector.CloudCommunicator.UnitTest.dll" adapterTypeName="executor://mstestadapter/v2" className="VideoOS.CloudConnector.CloudCommunicator.UnitTest.CloudCommunicatorTest" name="ConnectApiGateway_ShoudLog1Error_When3ConnectionFailsWithSameException" />
    </UnitTest>
    <UnitTest name="Constructor_ShouldThrowAnArgumentNullException_GivenMessageProcessorIsNull" storage="d:\actions-runner\_work\xpco\xpco\allsolutions\..\cloudconnector\binaries\videoos.cloudconnector.cloudcommunicator.unittest\bin\debug\net6.0-windows\videoos.cloudconnector.cloudcommunicator.unittest.dll" id="0ae7f1de-4151-67cc-af1a-d186a3f52998">
      <Execution id="751fcce2-e6f0-4c0a-b3df-23cac093f8b5" />
      <TestMethod codeBase="D:\actions-runner\_work\XPCO\XPCO\AllSolutions\..\CloudConnector\Binaries\VideoOS.CloudConnector.CloudCommunicator.UnitTest\bin\Debug\net6.0-windows\VideoOS.CloudConnector.CloudCommunicator.UnitTest.dll" adapterTypeName="executor://mstestadapter/v2" className="VideoOS.CloudConnector.CloudCommunicator.UnitTest.CloudCommunicatorTest" name="Constructor_ShouldThrowAnArgumentNullException_GivenMessageProcessorIsNull" />
    </UnitTest>
    <UnitTest name="ConnectToApiGateway_ShouldStopWithoutErrors_GivenTokenIsCancelledDuringConnect" storage="d:\actions-runner\_work\xpco\xpco\allsolutions\..\cloudconnector\binaries\videoos.cloudconnector.cloudcommunicator.unittest\bin\debug\net6.0-windows\videoos.cloudconnector.cloudcommunicator.unittest.dll" id="dfbb60b1-a1df-6969-154a-9c8172ca4419">
      <Execution id="64ac529d-2cf8-413a-90af-3a890e6d6e84" />
      <TestMethod codeBase="D:\actions-runner\_work\XPCO\XPCO\AllSolutions\..\CloudConnector\Binaries\VideoOS.CloudConnector.CloudCommunicator.UnitTest\bin\Debug\net6.0-windows\VideoOS.CloudConnector.CloudCommunicator.UnitTest.dll" adapterTypeName="executor://mstestadapter/v2" className="VideoOS.CloudConnector.CloudCommunicator.UnitTest.CloudCommunicatorTest" name="ConnectToApiGateway_ShouldStopWithoutErrors_GivenTokenIsCancelledDuringConnect" />
    </UnitTest>
    <UnitTest name="Connect_ShouldThrowAnErrorWhenWebSocketFailsToConnect" storage="d:\actions-runner\_work\xpco\xpco\allsolutions\..\cloudconnector\binaries\videoos.cloudconnector.cloudcommunicator.unittest\bin\debug\net6.0-windows\videoos.cloudconnector.cloudcommunicator.unittest.dll" id="bc60ff28-650a-a579-c8aa-3e3411b3a0bd">
      <Execution id="de785bfa-457e-435a-af41-e7a7b278ce82" />
      <TestMethod codeBase="D:\actions-runner\_work\XPCO\XPCO\AllSolutions\..\CloudConnector\Binaries\VideoOS.CloudConnector.CloudCommunicator.UnitTest\bin\Debug\net6.0-windows\VideoOS.CloudConnector.CloudCommunicator.UnitTest.dll" adapterTypeName="executor://mstestadapter/v2" className="VideoOS.CloudConnector.CloudCommunicator.UnitTest.AWSReceiverTest" name="Connect_ShouldThrowAnErrorWhenWebSocketFailsToConnect" />
    </UnitTest>
    <UnitTest name="Start_ShouldCloudAuthenticatorException_WhenRefreshAwsCredentialsFailsWithExpectedExceptions" storage="d:\actions-runner\_work\xpco\xpco\allsolutions\..\cloudconnector\binaries\videoos.cloudconnector.cloudcommunicator.unittest\bin\debug\net6.0-windows\videoos.cloudconnector.cloudcommunicator.unittest.dll" id="0b5113b0-5ae8-d40c-a3bd-37bfe6c2125d">
      <Execution id="623016c0-1767-4657-b804-cdc65e344b18" />
      <TestMethod codeBase="D:\actions-runner\_work\XPCO\XPCO\AllSolutions\..\CloudConnector\Binaries\VideoOS.CloudConnector.CloudCommunicator.UnitTest\bin\Debug\net6.0-windows\VideoOS.CloudConnector.CloudCommunicator.UnitTest.dll" adapterTypeName="executor://mstestadapter/v2" className="VideoOS.CloudConnector.CloudCommunicator.UnitTest.AWSAuthenticatorTests" name="Start_ShouldCloudAuthenticatorException_WhenRefreshAwsCredentialsFailsWithExpectedExceptions" />
    </UnitTest>
    <UnitTest name="Given_EventSenderTimesOut_When_SendingHeartBeats_Then_AHeartBeatAttemptIsMadeWithSpecifiedIntervals" storage="d:\actions-runner\_work\xpco\xpco\allsolutions\..\cloudconnector\binaries\videoos.cloudconnector.cloudcommunicator.unittest\bin\debug\net6.0-windows\videoos.cloudconnector.cloudcommunicator.unittest.dll" id="4a067bf9-bdb8-038e-a99b-affc1fae0a36">
      <Execution id="586534ca-fd1d-4e79-a8da-83fc6ddf819a" />
      <TestMethod codeBase="D:\actions-runner\_work\XPCO\XPCO\AllSolutions\..\CloudConnector\Binaries\VideoOS.CloudConnector.CloudCommunicator.UnitTest\bin\Debug\net6.0-windows\VideoOS.CloudConnector.CloudCommunicator.UnitTest.dll" adapterTypeName="executor://mstestadapter/v2" className="VideoOS.CloudConnector.CloudCommunicator.UnitTest.CloudConnectorHeartbeatTest" name="Given_EventSenderTimesOut_When_SendingHeartBeats_Then_AHeartBeatAttemptIsMadeWithSpecifiedIntervals" />
    </UnitTest>
    <UnitTest name="ConnectApiGateway_ShouldProcess5MessagesAnd5SendResponses_When5MessagesAreReceived" storage="d:\actions-runner\_work\xpco\xpco\allsolutions\..\cloudconnector\binaries\videoos.cloudconnector.cloudcommunicator.unittest\bin\debug\net6.0-windows\videoos.cloudconnector.cloudcommunicator.unittest.dll" id="f8a79dd8-8155-712b-eacd-927a953c0426">
      <Execution id="e555ab90-4e5a-4b48-81ee-32fc223adcb8" />
      <TestMethod codeBase="D:\actions-runner\_work\XPCO\XPCO\AllSolutions\..\CloudConnector\Binaries\VideoOS.CloudConnector.CloudCommunicator.UnitTest\bin\Debug\net6.0-windows\VideoOS.CloudConnector.CloudCommunicator.UnitTest.dll" adapterTypeName="executor://mstestadapter/v2" className="VideoOS.CloudConnector.CloudCommunicator.UnitTest.CloudCommunicatorTest" name="ConnectApiGateway_ShouldProcess5MessagesAnd5SendResponses_When5MessagesAreReceived" />
    </UnitTest>
    <UnitTest name="Connect_ShouldThrowAnErrorWhenWebSocketReturnsErrorResponse" storage="d:\actions-runner\_work\xpco\xpco\allsolutions\..\cloudconnector\binaries\videoos.cloudconnector.cloudcommunicator.unittest\bin\debug\net6.0-windows\videoos.cloudconnector.cloudcommunicator.unittest.dll" id="5658ff27-d72f-4a4a-cf6a-3b796b9a39db">
      <Execution id="07032b68-ae35-47ff-b956-5b0a8618720f" />
      <TestMethod codeBase="D:\actions-runner\_work\XPCO\XPCO\AllSolutions\..\CloudConnector\Binaries\VideoOS.CloudConnector.CloudCommunicator.UnitTest\bin\Debug\net6.0-windows\VideoOS.CloudConnector.CloudCommunicator.UnitTest.dll" adapterTypeName="executor://mstestadapter/v2" className="VideoOS.CloudConnector.CloudCommunicator.UnitTest.AWSReceiverTest" name="Connect_ShouldThrowAnErrorWhenWebSocketReturnsErrorResponse" />
    </UnitTest>
  </TestDefinitions>
  <TestEntries>
    <TestEntry testId="7eca2616-da2e-fb14-4749-07b230416b98" executionId="1a6f39bc-9aaf-478f-8867-2112c6d3511f" testListId="8c84fa94-04c1-424b-9868-57a2d4851a1d" />
    <TestEntry testId="fb86576f-228e-ef6f-2063-79c973b902a9" executionId="689bace3-8b48-4f3d-acd0-e5f9222ea4f3" testListId="8c84fa94-04c1-424b-9868-57a2d4851a1d" />
    <TestEntry testId="0b5113b0-5ae8-d40c-a3bd-37bfe6c2125d" executionId="44f47299-8260-4ad8-b51f-ab50b41ebe05" testListId="8c84fa94-04c1-424b-9868-57a2d4851a1d" />
    <TestEntry testId="f08879e5-2d7d-50da-a7d2-8012ce1c6fe9" executionId="f5112065-c8d8-4e6a-a74d-5de0f806dd76" testListId="8c84fa94-04c1-424b-9868-57a2d4851a1d" />
    <TestEntry testId="6b3b171f-6e84-0f66-cf32-53e50e738615" executionId="47d8a465-0347-450f-b5f7-29614788240c" testListId="8c84fa94-04c1-424b-9868-57a2d4851a1d" />
    <TestEntry testId="21a08dff-5b0e-2d6e-92d7-273057bebdc4" executionId="dd5c99b0-3c5e-4eef-8562-a61637c74ac1" testListId="8c84fa94-04c1-424b-9868-57a2d4851a1d" />
    <TestEntry testId="add6ae43-1276-a325-39a0-3beba1ebe186" executionId="5577bcb3-ac79-4a34-86c5-ee1b627b0c56" testListId="8c84fa94-04c1-424b-9868-57a2d4851a1d" />
    <TestEntry testId="b672605d-a9fb-41ca-8878-983ad4673dfc" executionId="f9788574-7d88-4e4e-bb0c-380334748d79" testListId="8c84fa94-04c1-424b-9868-57a2d4851a1d" />
    <TestEntry testId="c3886460-3cbb-1428-9f34-bc7b12a0b5fb" executionId="a7ecebf5-d3de-48f4-83ac-8304341e7ea0" testListId="8c84fa94-04c1-424b-9868-57a2d4851a1d" />
    <TestEntry testId="e2b14d8d-ab65-b189-79bf-c804eec37058" executionId="ca945bc7-0df0-4d96-9327-334397ac53a4" testListId="8c84fa94-04c1-424b-9868-57a2d4851a1d" />
    <TestEntry testId="aecd3a75-4668-6cb8-2323-e8a701c65680" executionId="a8fdb58b-b49d-42c7-aa5a-b05c5dccc7b0" testListId="8c84fa94-04c1-424b-9868-57a2d4851a1d" />
    <TestEntry testId="0b5113b0-5ae8-d40c-a3bd-37bfe6c2125d" executionId="623016c0-1767-4657-b804-cdc65e344b18" testListId="8c84fa94-04c1-424b-9868-57a2d4851a1d" />
    <TestEntry testId="4a067bf9-bdb8-038e-a99b-affc1fae0a36" executionId="586534ca-fd1d-4e79-a8da-83fc6ddf819a" testListId="8c84fa94-04c1-424b-9868-57a2d4851a1d" />
    <TestEntry testId="0640d355-86cc-2b5d-c04f-728b3402c30f" executionId="06ca83ce-b20e-4a57-86e8-a2b99cf7e364" testListId="8c84fa94-04c1-424b-9868-57a2d4851a1d" />
    <TestEntry testId="e84bfe3c-8666-91b8-93bb-71e9ea946785" executionId="586abf4a-162f-40f8-b0dd-8e114b83e01a" testListId="8c84fa94-04c1-424b-9868-57a2d4851a1d" />
    <TestEntry testId="b1f3496d-e419-205e-6706-f661dfd3ea2b" executionId="4d375bad-fcea-4996-b31b-cd09350123cf" testListId="8c84fa94-04c1-424b-9868-57a2d4851a1d" />
    <TestEntry testId="4c8a4036-8e03-2f26-7b95-ca078f1ba1ba" executionId="696b52b7-79a2-418c-b306-b36f07fe9171" testListId="8c84fa94-04c1-424b-9868-57a2d4851a1d" />
    <TestEntry testId="6e7c2e76-84cf-8fbc-eb67-1fa21dd46ad9" executionId="13bb1174-b981-4d95-8ae0-33884859d7b9" testListId="8c84fa94-04c1-424b-9868-57a2d4851a1d" />
    <TestEntry testId="f8a79dd8-8155-712b-eacd-927a953c0426" executionId="e555ab90-4e5a-4b48-81ee-32fc223adcb8" testListId="8c84fa94-04c1-424b-9868-57a2d4851a1d" />
    <TestEntry testId="dfbb60b1-a1df-6969-154a-9c8172ca4419" executionId="64ac529d-2cf8-413a-90af-3a890e6d6e84" testListId="8c84fa94-04c1-424b-9868-57a2d4851a1d" />
    <TestEntry testId="66ad7266-d8ea-fa6f-1263-33969e927662" executionId="c6961ba2-0754-4ba9-aac6-da37ed593158" testListId="8c84fa94-04c1-424b-9868-57a2d4851a1d" />
    <TestEntry testId="46123340-bcff-b46f-e262-7695bcc5bcfb" executionId="2978be19-961c-454b-81c3-63db3fa29b92" testListId="8c84fa94-04c1-424b-9868-57a2d4851a1d" />
    <TestEntry testId="66a90f76-f49a-9f0e-21c4-45c0abf2dd5b" executionId="4e0a1656-bd5d-4071-acd6-2d8de3bcb672" testListId="8c84fa94-04c1-424b-9868-57a2d4851a1d" />
    <TestEntry testId="47daeb57-2014-f1c9-6c5f-e67193f787c4" executionId="d41758a9-edeb-4d1f-a77e-b62807fcb7cb" testListId="8c84fa94-04c1-424b-9868-57a2d4851a1d" />
    <TestEntry testId="df9733d3-3d1b-4ae9-ee93-47dafb9bb990" executionId="9701bc18-6593-4505-bc97-ce703de91707" testListId="8c84fa94-04c1-424b-9868-57a2d4851a1d" />
    <TestEntry testId="67a5c9ea-09d1-0920-5ee2-3928649b0b01" executionId="0f35b7b7-993b-498d-ba08-420fe547285a" testListId="8c84fa94-04c1-424b-9868-57a2d4851a1d" />
    <TestEntry testId="fa38a724-05f1-0bb7-abaa-d690000fb28b" executionId="b131f3e1-5edd-4f04-9bdd-09673dd12c49" testListId="8c84fa94-04c1-424b-9868-57a2d4851a1d" />
    <TestEntry testId="0640d355-86cc-2b5d-c04f-728b3402c30f" executionId="9679ff1b-d664-4ca2-a36b-35c5df39c519" testListId="8c84fa94-04c1-424b-9868-57a2d4851a1d" />
    <TestEntry testId="75dc9d8f-7bb5-9bbe-753b-cfd87a56349e" executionId="06d9d2fd-3998-42bc-b625-6a71fb2887e8" testListId="8c84fa94-04c1-424b-9868-57a2d4851a1d" />
    <TestEntry testId="f04a2af6-b28f-9055-96ba-1c7eab524b30" executionId="6b18962a-a365-4698-8604-755b05fc1f26" testListId="8c84fa94-04c1-424b-9868-57a2d4851a1d" />
    <TestEntry testId="30b1db7e-1ce8-1806-195b-865cb9ee9b72" executionId="0e06c4c1-1bd9-4a20-8aeb-c784b1e03b3c" testListId="8c84fa94-04c1-424b-9868-57a2d4851a1d" />
    <TestEntry testId="1105107b-d2ff-5226-c7ee-632de05291d8" executionId="9bd2c3d2-d34f-4ba2-8bb6-3111719d6663" testListId="8c84fa94-04c1-424b-9868-57a2d4851a1d" />
    <TestEntry testId="bc60ff28-650a-a579-c8aa-3e3411b3a0bd" executionId="de785bfa-457e-435a-af41-e7a7b278ce82" testListId="8c84fa94-04c1-424b-9868-57a2d4851a1d" />
    <TestEntry testId="5658ff27-d72f-4a4a-cf6a-3b796b9a39db" executionId="07032b68-ae35-47ff-b956-5b0a8618720f" testListId="8c84fa94-04c1-424b-9868-57a2d4851a1d" />
    <TestEntry testId="e757385c-e078-9438-7933-3720e564503c" executionId="2298e657-934c-45ad-aa3d-18eca33628f5" testListId="8c84fa94-04c1-424b-9868-57a2d4851a1d" />
    <TestEntry testId="b1f9f815-f099-6076-230d-ebd778218076" executionId="f4585a50-1fef-47a0-89de-d9b6d487175b" testListId="8c84fa94-04c1-424b-9868-57a2d4851a1d" />
    <TestEntry testId="57e3fd3f-0c96-ccda-f2e5-c58081e2a0f0" executionId="ee97c71c-c9ef-4c56-921d-1205280ea67d" testListId="8c84fa94-04c1-424b-9868-57a2d4851a1d" />
    <TestEntry testId="0ae7f1de-4151-67cc-af1a-d186a3f52998" executionId="751fcce2-e6f0-4c0a-b3df-23cac093f8b5" testListId="8c84fa94-04c1-424b-9868-57a2d4851a1d" />
    <TestEntry testId="0640d355-86cc-2b5d-c04f-728b3402c30f" executionId="7f823a3e-6012-411c-baa4-5719dfd7b899" testListId="8c84fa94-04c1-424b-9868-57a2d4851a1d" />
    <TestEntry testId="09e09d60-3bb4-79d7-53bf-48816b378b26" executionId="267230be-4a66-48dd-8a3e-4ef617896730" testListId="8c84fa94-04c1-424b-9868-57a2d4851a1d" />
    <TestEntry testId="9d86bafa-68c1-20ad-fa1a-925f05b66b27" executionId="cea8d24e-0818-465c-92af-ab3004566a15" testListId="8c84fa94-04c1-424b-9868-57a2d4851a1d" />
    <TestEntry testId="0640d355-86cc-2b5d-c04f-728b3402c30f" executionId="2e0bdf49-63da-4a67-9bc9-8fdbfcb053ca" testListId="8c84fa94-04c1-424b-9868-57a2d4851a1d" />
    <TestEntry testId="936dee91-4002-1882-243f-6851010d1b3b" executionId="0dc229ce-9283-4bac-a05c-b41bb393865f" testListId="8c84fa94-04c1-424b-9868-57a2d4851a1d" />
    <TestEntry testId="46d70fee-079c-8ebc-4f76-c762d7deb942" executionId="9599fa0f-1b34-4536-b5f7-18c934f19d11" testListId="8c84fa94-04c1-424b-9868-57a2d4851a1d" />
    <TestEntry testId="aafcf3f4-3ace-f887-640b-e3eaf93d5e49" executionId="96cc55f6-45ce-4856-8a51-b118aedc3eff" testListId="8c84fa94-04c1-424b-9868-57a2d4851a1d" />
    <TestEntry testId="46dcd9df-e07e-4557-4be4-67ffc1eac6b4" executionId="78462a46-f6fc-4ac7-800f-44f758523469" testListId="8c84fa94-04c1-424b-9868-57a2d4851a1d" />
    <TestEntry testId="c9babceb-800d-3bc6-5dda-a07aae10df28" executionId="9fe40064-3be8-481f-ad95-1a39a81664d2" testListId="8c84fa94-04c1-424b-9868-57a2d4851a1d" />
    <TestEntry testId="c1b10c62-43d1-f459-6504-1ca43b782b67" executionId="ebbda857-04b0-4971-89cf-89f0ae92ced3" testListId="8c84fa94-04c1-424b-9868-57a2d4851a1d" />
    <TestEntry testId="e7da7ce0-10be-e210-b20b-c2931fae9de9" executionId="ece8b746-ed02-4451-99ae-0ba6f0ae8505" testListId="8c84fa94-04c1-424b-9868-57a2d4851a1d" />
    <TestEntry testId="d0294298-a0fc-2965-cdff-b85c13b06cc6" executionId="f26e67ab-a205-4ccb-955a-cb0bfeb86ce2" testListId="8c84fa94-04c1-424b-9868-57a2d4851a1d" />
  </TestEntries>
  <TestLists>
    <TestList name="Results Not in a List" id="8c84fa94-04c1-424b-9868-57a2d4851a1d" />
    <TestList name="All Loaded Results" id="19431567-8539-422a-85d7-44ee4e166bda" />
  </TestLists>
  <ResultSummary outcome="Completed">
    <Counters total="50" executed="46" passed="46" failed="0" error="0" timeout="0" aborted="0" inconclusive="0" passedButRunAborted="0" notRunnable="0" notExecuted="0" disconnected="0" warning="0" completed="0" inProgress="0" pending="0" />
    <Output>
      <StdOut>Test 'Given_ConnectASyncWithRenewConnectionIntervel_When_IntervalTimeout_Then_ConnectionIsRenewed' was skipped in the test run.&#xD;
Test 'SendWithRetry_ShouldDelayRemainingTime_WhenServerErrorIsSentWithDelay' was skipped in the test run.&#xD;
Test 'Given_EventSenderTimesOut_When_SendingHeartBeats_Then_AHeartBeatAttemptIsMadeWithSpecifiedIntervals' was skipped in the test run.&#xD;
Test 'Given_EventSenderTimesOutOccasionally_When_SendingHeartBeats_Then_AHeartBeatAttemptIsMadeWithSpecifiedIntervals' was skipped in the test run.&#xD;
</StdOut>
    </Output>
  </ResultSummary>
</TestRun>