<?xml version="1.0" encoding="utf-8"?>
<TestRun id="b9a47a6b-1123-48a7-bb9b-612de46f5c7c" name="DKSR-EFI-06$@DKSR-EFI-06 2024-01-09 15:45:18" runUser="NT AUTHORITY\NETWORK SERVICE" xmlns="http://microsoft.com/schemas/VisualStudio/TeamTest/2010">
  <Times creation="2024-01-09T15:45:18.6387802+01:00" queuing="2024-01-09T15:45:18.6387802+01:00" start="2024-01-09T15:45:09.1856327+01:00" finish="2024-01-09T15:45:47.2024661+01:00" />
  <TestSettings name="default" id="e4657ce0-c822-4c78-aff5-94d3ddfbcadb">
    <Deployment runDeploymentRoot="DKSR-EFI-06$_DKSR-EFI-06_2024-01-09_15_45_18" />
  </TestSettings>
  <Results>
    <UnitTestResult executionId="55343272-5da2-4ae6-98bf-9233684bef6e" testId="48b02059-b634-8f5d-f4de-84436d54e786" testName="GetNext_ShouldReturnFirstDataEntityFromToolkitCall_WhenDataIsNotInCache" computerName="DKSR-EFI-06" duration="00:00:00.0023254" startTime="2024-01-09T15:45:46.7122780+01:00" endTime="2024-01-09T15:45:46.7147690+01:00" testType="13cdc9d9-ddb5-4fa4-a97d-d965ccfc6d4b" outcome="Passed" testListId="8c84fa94-04c1-424b-9868-57a2d4851a1d" relativeResultsDirectory="55343272-5da2-4ae6-98bf-9233684bef6e" />
    <UnitTestResult executionId="2465cf1e-0c51-41a0-b5ea-c4c3be9b38d1" testId="cacda86d-f0f9-0934-0ba5-b96987330f36" testName="GenerateDeviceCapabilityParameters_ShouldWriteDefaultValue_WhenAlways" computerName="DKSR-EFI-06" duration="00:00:00.0004403" startTime="2024-01-09T15:45:46.4280942+01:00" endTime="2024-01-09T15:45:46.4287079+01:00" testType="13cdc9d9-ddb5-4fa4-a97d-d965ccfc6d4b" outcome="Passed" testListId="8c84fa94-04c1-424b-9868-57a2d4851a1d" relativeResultsDirectory="2465cf1e-0c51-41a0-b5ea-c4c3be9b38d1" />
    <UnitTestResult executionId="dc7866e8-2b3f-417f-a42c-a4e085d71fde" testId="13638f31-b7e4-af7e-235e-95a40f773cc3" testName="TestStartSearch_SortOrderSpecified_Success" computerName="DKSR-EFI-06" duration="00:00:00.0033207" startTime="2024-01-09T15:45:43.5945696+01:00" endTime="2024-01-09T15:45:43.5981288+01:00" testType="13cdc9d9-ddb5-4fa4-a97d-d965ccfc6d4b" outcome="Passed" testListId="8c84fa94-04c1-424b-9868-57a2d4851a1d" relativeResultsDirectory="dc7866e8-2b3f-417f-a42c-a4e085d71fde" />
    <UnitTestResult executionId="7af75f76-fb63-470b-8208-141d6bd314f8" testId="bf3be38d-fccb-d51d-c680-813aa0d77baa" testName="ParseMetadataXmlWithString_ShouldThrowXmExceptionWithInformationOnError_WhenXmlContainsIncorrectRootElement" computerName="DKSR-EFI-06" duration="00:00:00.0015278" startTime="2024-01-09T15:45:45.1686952+01:00" endTime="2024-01-09T15:45:45.1704328+01:00" testType="13cdc9d9-ddb5-4fa4-a97d-d965ccfc6d4b" outcome="Passed" testListId="8c84fa94-04c1-424b-9868-57a2d4851a1d" relativeResultsDirectory="7af75f76-fb63-470b-8208-141d6bd314f8" />
    <UnitTestResult executionId="ac7d1a5d-c168-4d7e-9add-a4178898dced" testId="96f1c2c4-5dc5-dea5-6196-eb11056b2deb" testName="WriteXml_ShouldWriteValueOnly_WhenAllePropertiesAreNotSet" computerName="DKSR-EFI-06" duration="00:00:00.0023571" startTime="2024-01-09T15:45:45.0455829+01:00" endTime="2024-01-09T15:45:45.0481738+01:00" testType="13cdc9d9-ddb5-4fa4-a97d-d965ccfc6d4b" outcome="Passed" testListId="8c84fa94-04c1-424b-9868-57a2d4851a1d" relativeResultsDirectory="ac7d1a5d-c168-4d7e-9add-a4178898dced" />
    <UnitTestResult executionId="81b495c1-a393-4c02-bffa-99890fa99824" testId="94e5854b-a7a8-bf50-1837-dc2fec1a5970" testName="ToJson_IntElement" computerName="DKSR-EFI-06" duration="00:00:00.0001829" startTime="2024-01-09T15:45:44.5382235+01:00" endTime="2024-01-09T15:45:44.5385912+01:00" testType="13cdc9d9-ddb5-4fa4-a97d-d965ccfc6d4b" outcome="Passed" testListId="8c84fa94-04c1-424b-9868-57a2d4851a1d" relativeResultsDirectory="81b495c1-a393-4c02-bffa-99890fa99824" />
    <UnitTestResult executionId="9cbceff9-a648-4db9-944f-258469ea9c86" testId="add90257-7bfd-08af-414a-c1fd006f1b8f" testName="HostInitialized_ShouldNotInvokeCallback_WhenInitializedWithoutItems" computerName="DKSR-EFI-06" duration="00:00:00.0750686" startTime="2024-01-09T15:45:41.1133076+01:00" endTime="2024-01-09T15:45:41.2018037+01:00" testType="13cdc9d9-ddb5-4fa4-a97d-d965ccfc6d4b" outcome="Passed" testListId="8c84fa94-04c1-424b-9868-57a2d4851a1d" relativeResultsDirectory="9cbceff9-a648-4db9-944f-258469ea9c86" />
    <UnitTestResult executionId="29006411-0aa8-4026-b538-9462c2e3f684" testId="fbabebe5-f475-8769-2079-7693b5c62d8c" testName="AppendItemPicked_MultiSelect_AppendTwoItems_BothSelected" computerName="DKSR-EFI-06" duration="00:00:00.0016856" startTime="2024-01-09T15:45:40.6206097+01:00" endTime="2024-01-09T15:45:40.6224836+01:00" testType="13cdc9d9-ddb5-4fa4-a97d-d965ccfc6d4b" outcome="Passed" testListId="8c84fa94-04c1-424b-9868-57a2d4851a1d" relativeResultsDirectory="29006411-0aa8-4026-b538-9462c2e3f684" />
    <UnitTestResult executionId="52aba06e-b29c-4199-b042-2090ebd92a48" testId="bbfc981b-974c-44e2-e510-b6ce7e78458f" testName="Serialize_TestCases (TestParentTypeMatchGenericThisTypeNotMatched)" computerName="DKSR-EFI-06" duration="00:00:00.0024143" startTime="2024-01-09T15:45:43.0948733+01:00" endTime="2024-01-09T15:45:43.0975991+01:00" testType="13cdc9d9-ddb5-4fa4-a97d-d965ccfc6d4b" outcome="Passed" testListId="8c84fa94-04c1-424b-9868-57a2d4851a1d" relativeResultsDirectory="52aba06e-b29c-4199-b042-2090ebd92a48" />
    <UnitTestResult executionId="ac4a8a03-5892-44e6-b1b6-f9854b95837e" testId="1a23ceed-6bf2-7030-b18a-91b782df52d2" testName="IconOverlay_BuiltIn_VaryingOverlays_Success" computerName="DKSR-EFI-06" duration="00:00:00.2832424" startTime="2024-01-09T15:45:19.6028434+01:00" endTime="2024-01-09T15:45:19.8862941+01:00" testType="13cdc9d9-ddb5-4fa4-a97d-d965ccfc6d4b" outcome="Passed" testListId="8c84fa94-04c1-424b-9868-57a2d4851a1d" relativeResultsDirectory="ac4a8a03-5892-44e6-b1b6-f9854b95837e" />
    <UnitTestResult executionId="faf28b33-359e-4a81-9aab-9f0c8800c011" testId="6ec6fd22-7feb-d279-20aa-2b6bde4591a6" testName="Constructor_ShouldThrowArgumentException_WhenTheStartAndEndTimeKindsAreDifferent" computerName="DKSR-EFI-06" duration="00:00:00.0024424" startTime="2024-01-09T15:45:32.2453629+01:00" endTime="2024-01-09T15:45:32.2482435+01:00" testType="13cdc9d9-ddb5-4fa4-a97d-d965ccfc6d4b" outcome="Passed" testListId="8c84fa94-04c1-424b-9868-57a2d4851a1d" relativeResultsDirectory="faf28b33-359e-4a81-9aab-9f0c8800c011" />
    <UnitTestResult executionId="bbd0bb5e-0969-49f8-ad28-9ec951d7c901" testId="1f3c2444-ad4b-db37-5d0a-de7606033ccd" testName="GenerateDeviceCapabilityParameters_ShouldWriteMaximum_WhenAlways" computerName="DKSR-EFI-06" duration="00:00:00.0004524" startTime="2024-01-09T15:45:46.4210789+01:00" endTime="2024-01-09T15:45:46.4217065+01:00" testType="13cdc9d9-ddb5-4fa4-a97d-d965ccfc6d4b" outcome="Passed" testListId="8c84fa94-04c1-424b-9868-57a2d4851a1d" relativeResultsDirectory="bbd0bb5e-0969-49f8-ad28-9ec951d7c901" />
    <UnitTestResult executionId="66aa98c4-d19d-4e46-995f-6ac36fd34bc0" testId="26609db5-8fe4-7221-64d2-19aa74512834" testName="WriteXml_ShouldWriteShapeElement_WhenShapeIsNotNull" computerName="DKSR-EFI-06" duration="00:00:00.0006538" startTime="2024-01-09T15:45:44.8647133+01:00" endTime="2024-01-09T15:45:44.8655559+01:00" testType="13cdc9d9-ddb5-4fa4-a97d-d965ccfc6d4b" outcome="Passed" testListId="8c84fa94-04c1-424b-9868-57a2d4851a1d" relativeResultsDirectory="66aa98c4-d19d-4e46-995f-6ac36fd34bc0" />
    <UnitTestResult executionId="2ee64684-19c7-43bb-bee2-3495ed5bf362" testId="98f0d9fe-377f-6918-fb53-39e46ecb4f9d" testName="Equals_Fail_OnObjectId" computerName="DKSR-EFI-06" duration="00:00:00.0003798" startTime="2024-01-09T15:45:18.6579426+01:00" endTime="2024-01-09T15:45:18.6584218+01:00" testType="13cdc9d9-ddb5-4fa4-a97d-d965ccfc6d4b" outcome="Passed" testListId="8c84fa94-04c1-424b-9868-57a2d4851a1d" relativeResultsDirectory="2ee64684-19c7-43bb-bee2-3495ed5bf362" />
    <UnitTestResult executionId="b534b32f-9aa7-4d65-8d70-cbf4923383e2" testId="47ea98ad-fc0c-d34c-cfce-7d3c08a15e8d" testName="IsEmptyValue_DoubleRangeFilterValue_HighValueBelowMaximum_ReturnsFalse" computerName="DKSR-EFI-06" duration="00:00:00.0008349" startTime="2024-01-09T15:45:43.4173995+01:00" endTime="2024-01-09T15:45:43.4184713+01:00" testType="13cdc9d9-ddb5-4fa4-a97d-d965ccfc6d4b" outcome="Passed" testListId="8c84fa94-04c1-424b-9868-57a2d4851a1d" relativeResultsDirectory="b534b32f-9aa7-4d65-8d70-cbf4923383e2" />
    <UnitTestResult executionId="fce54648-a6b6-4221-bc08-2dafccbdddfb" testId="1ebb5fbd-ca68-d89b-7ac9-6244b9608733" testName="Serialize_TestCases (TestParentTypeMatchBoolThisTypeNotMatched)" computerName="DKSR-EFI-06" duration="00:00:00.0003151" startTime="2024-01-09T15:45:42.9969106+01:00" endTime="2024-01-09T15:45:42.9975275+01:00" testType="13cdc9d9-ddb5-4fa4-a97d-d965ccfc6d4b" outcome="Passed" testListId="8c84fa94-04c1-424b-9868-57a2d4851a1d" relativeResultsDirectory="fce54648-a6b6-4221-bc08-2dafccbdddfb" />
    <UnitTestResult executionId="9ed1d6df-503e-41ac-b48a-0e036811cc48" testId="893df90f-4ad3-2688-f803-e533f67faf3b" testName="Encrypt_ShouldThrowMIPException_WhenCryptographicServiceProviderIsNotAvailable" computerName="DKSR-EFI-06" duration="00:00:00.0012978" startTime="2024-01-09T15:45:46.2424148+01:00" endTime="2024-01-09T15:45:46.2439619+01:00" testType="13cdc9d9-ddb5-4fa4-a97d-d965ccfc6d4b" outcome="Passed" testListId="8c84fa94-04c1-424b-9868-57a2d4851a1d" relativeResultsDirectory="9ed1d6df-503e-41ac-b48a-0e036811cc48" />
    <UnitTestResult executionId="ffd60032-26fb-450d-bf8a-538d7745154a" testId="f02151f2-7537-c913-0353-0c1cefe4a11e" testName="Append_Element_KeyString" computerName="DKSR-EFI-06" duration="00:00:00.0001753" startTime="2024-01-09T15:45:44.3824263+01:00" endTime="2024-01-09T15:45:44.3828671+01:00" testType="13cdc9d9-ddb5-4fa4-a97d-d965ccfc6d4b" outcome="Passed" testListId="8c84fa94-04c1-424b-9868-57a2d4851a1d" relativeResultsDirectory="ffd60032-26fb-450d-bf8a-538d7745154a" />
    <UnitTestResult executionId="f26d180f-08b5-4d88-b190-1f525ade3a56" testId="e864a85a-61d6-71a9-12f2-7e66ec36a4d7" testName="ReadyToClose_OkCommand_MultiSelect_Thrown" computerName="DKSR-EFI-06" duration="00:00:00.0006333" startTime="2024-01-09T15:45:40.6619608+01:00" endTime="2024-01-09T15:45:40.6627967+01:00" testType="13cdc9d9-ddb5-4fa4-a97d-d965ccfc6d4b" outcome="Passed" testListId="8c84fa94-04c1-424b-9868-57a2d4851a1d" relativeResultsDirectory="f26d180f-08b5-4d88-b190-1f525ade3a56" />
    <UnitTestResult executionId="3446d8c9-3c2c-4f3a-958f-4d41a9305741" testId="7f766a97-6ab7-7b7f-222d-e4bba52b6030" testName="MipItem_ImageSource_Has_Value" computerName="DKSR-EFI-06" duration="00:00:00.1000869" startTime="2024-01-09T15:45:40.6712492+01:00" endTime="2024-01-09T15:45:40.7715659+01:00" testType="13cdc9d9-ddb5-4fa4-a97d-d965ccfc6d4b" outcome="Passed" testListId="8c84fa94-04c1-424b-9868-57a2d4851a1d" relativeResultsDirectory="3446d8c9-3c2c-4f3a-958f-4d41a9305741" />
    <UnitTestResult executionId="40b4d5ee-cf96-4639-86a9-e96a3d7b284f" testId="44454256-30a7-bf45-41dd-badf653c0c55" testName="ReadXml_ShouldReadXAttribute_WhenPresent" computerName="DKSR-EFI-06" duration="00:00:00.0004237" startTime="2024-01-09T15:45:45.0210489+01:00" endTime="2024-01-09T15:45:45.0216940+01:00" testType="13cdc9d9-ddb5-4fa4-a97d-d965ccfc6d4b" outcome="Passed" testListId="8c84fa94-04c1-424b-9868-57a2d4851a1d" relativeResultsDirectory="40b4d5ee-cf96-4639-86a9-e96a3d7b284f" />
    <UnitTestResult executionId="7b353292-288f-4a18-b0d6-b51af33ff479" testId="0bfd2093-cd64-a47e-137d-af6fe3953323" testName="WriteXml_ShouldWriteFrameContents_WhenAFrameIsWritten" computerName="DKSR-EFI-06" duration="00:00:00.0007079" startTime="2024-01-09T15:45:45.6581916+01:00" endTime="2024-01-09T15:45:45.6590148+01:00" testType="13cdc9d9-ddb5-4fa4-a97d-d965ccfc6d4b" outcome="Passed" testListId="8c84fa94-04c1-424b-9868-57a2d4851a1d" relativeResultsDirectory="7b353292-288f-4a18-b0d6-b51af33ff479" />
    <UnitTestResult executionId="3b9e11dd-a238-40ec-a3fd-52ac2e537b91" testId="30eb4594-0190-4b3a-1578-17048e926b12" testName="ReadXml_ShouldIgnoreUnknownAttributes_WhenAlways" computerName="DKSR-EFI-06" duration="00:00:00.0007683" startTime="2024-01-09T15:45:45.4173599+01:00" endTime="2024-01-09T15:45:45.4183183+01:00" testType="13cdc9d9-ddb5-4fa4-a97d-d965ccfc6d4b" outcome="Passed" testListId="8c84fa94-04c1-424b-9868-57a2d4851a1d" relativeResultsDirectory="3b9e11dd-a238-40ec-a3fd-52ac2e537b91" />
    <UnitTestResult executionId="a6464edd-f0d9-4b63-9968-b23f52055799" testId="af9f1e16-b2b8-175e-5d3f-4c08d3fec0d2" testName="TestConstructorOverload_NullAgentList_Throws" computerName="DKSR-EFI-06" duration="00:00:00.0010056" startTime="2024-01-09T15:45:43.4618621+01:00" endTime="2024-01-09T15:45:43.4631730+01:00" testType="13cdc9d9-ddb5-4fa4-a97d-d965ccfc6d4b" outcome="Passed" testListId="8c84fa94-04c1-424b-9868-57a2d4851a1d" relativeResultsDirectory="a6464edd-f0d9-4b63-9968-b23f52055799" />
    <UnitTestResult executionId="494620c8-ebc6-40a4-8294-e5382f2fea9a" testId="f7f40623-1634-9a2a-bf1c-6e414931a9e6" testName="CountByItems_NotActivated_Trial_Missing_GraceExpired" computerName="DKSR-EFI-06" duration="00:00:00.0021071" startTime="2024-01-09T15:45:46.3068388+01:00" endTime="2024-01-09T15:45:46.3091172+01:00" testType="13cdc9d9-ddb5-4fa4-a97d-d965ccfc6d4b" outcome="Passed" testListId="8c84fa94-04c1-424b-9868-57a2d4851a1d" relativeResultsDirectory="494620c8-ebc6-40a4-8294-e5382f2fea9a" />
    <UnitTestResult executionId="3ee2d1e3-2a01-4311-bfed-f3e71327de0a" testId="bd10e1d0-a002-0856-831f-b5cf43dbc863" testName="Contains_CameraFail_Checked" computerName="DKSR-EFI-06" duration="00:00:00.0006599" startTime="2024-01-09T15:45:18.6419793+01:00" endTime="2024-01-09T15:45:18.6427456+01:00" testType="13cdc9d9-ddb5-4fa4-a97d-d965ccfc6d4b" outcome="Passed" testListId="8c84fa94-04c1-424b-9868-57a2d4851a1d" relativeResultsDirectory="3ee2d1e3-2a01-4311-bfed-f3e71327de0a" />
    <UnitTestResult executionId="bdacd94e-18e5-469a-934c-93495cc720b1" testId="e5af325c-5bae-fda3-b423-271b64739afe" testName="Match_Fail_SystemType_WrongType" computerName="DKSR-EFI-06" duration="00:00:00.0002743" startTime="2024-01-09T15:45:45.7067966+01:00" endTime="2024-01-09T15:45:45.7072217+01:00" testType="13cdc9d9-ddb5-4fa4-a97d-d965ccfc6d4b" outcome="Passed" testListId="8c84fa94-04c1-424b-9868-57a2d4851a1d" relativeResultsDirectory="bdacd94e-18e5-469a-934c-93495cc720b1" />
    <UnitTestResult executionId="363e9ed3-170f-42c2-9175-3cd8f88ac818" testId="262c3c73-7b65-0063-be55-7b0feb97027d" testName="GenerateDeviceCapabilityParameters_ShouldWriteTypeName_WhenAlways" computerName="DKSR-EFI-06" duration="00:00:00.0007978" startTime="2024-01-09T15:45:46.5410965+01:00" endTime="2024-01-09T15:45:46.5420678+01:00" testType="13cdc9d9-ddb5-4fa4-a97d-d965ccfc6d4b" outcome="Passed" testListId="8c84fa94-04c1-424b-9868-57a2d4851a1d" relativeResultsDirectory="363e9ed3-170f-42c2-9175-3cd8f88ac818" />
    <UnitTestResult executionId="2bc7e1ee-8915-415d-930b-e6b8e2d72d59" testId="5fd9efe6-8b77-fde9-0593-ba4d5ea832ca" testName="Serialize_TestCases (TestParentTypeMatchCollectionThisTypeMatched)" computerName="DKSR-EFI-06" duration="00:00:00.0004564" startTime="2024-01-09T15:45:43.0626815+01:00" endTime="2024-01-09T15:45:43.0634302+01:00" testType="13cdc9d9-ddb5-4fa4-a97d-d965ccfc6d4b" outcome="Passed" testListId="8c84fa94-04c1-424b-9868-57a2d4851a1d" relativeResultsDirectory="2bc7e1ee-8915-415d-930b-e6b8e2d72d59" />
    <UnitTestResult executionId="6766435f-c8c4-4eac-ba91-944057390aea" testId="63299308-d7dd-b56e-acf5-b1b102f32d4f" testName="ReadXml_ShouldReadYAttribute_WhenPresent" computerName="DKSR-EFI-06" duration="00:00:00.0003310" startTime="2024-01-09T15:45:45.6116612+01:00" endTime="2024-01-09T15:45:45.6121829+01:00" testType="13cdc9d9-ddb5-4fa4-a97d-d965ccfc6d4b" outcome="Passed" testListId="8c84fa94-04c1-424b-9868-57a2d4851a1d" relativeResultsDirectory="6766435f-c8c4-4eac-ba91-944057390aea" />
    <UnitTestResult executionId="5ea70122-d257-449b-a638-94451f5369d9" testId="59e10b82-f701-4ec1-bb24-9886531bdbb4" testName="Ctor_NoStandardFilters_Success" computerName="DKSR-EFI-06" duration="00:00:00.0002150" startTime="2024-01-09T15:45:44.3005337+01:00" endTime="2024-01-09T15:45:44.3009453+01:00" testType="13cdc9d9-ddb5-4fa4-a97d-d965ccfc6d4b" outcome="Passed" testListId="8c84fa94-04c1-424b-9868-57a2d4851a1d" relativeResultsDirectory="5ea70122-d257-449b-a638-94451f5369d9" />
    <UnitTestResult executionId="aec0f399-abf7-4b14-823a-b7b7c5152a93" testId="38fcbf38-2337-9abb-35d5-4b506f10ef38" testName="Serialize_TestCases (Verify root Object (not null) property)" computerName="DKSR-EFI-06" duration="00:00:00.0003205" startTime="2024-01-09T15:45:42.9444430+01:00" endTime="2024-01-09T15:45:42.9450610+01:00" testType="13cdc9d9-ddb5-4fa4-a97d-d965ccfc6d4b" outcome="Passed" testListId="8c84fa94-04c1-424b-9868-57a2d4851a1d" relativeResultsDirectory="aec0f399-abf7-4b14-823a-b7b7c5152a93" />
    <UnitTestResult executionId="6df6593d-4847-4554-8692-d1ff6355e9aa" testId="c1d75516-b54b-45bf-488a-9e0ebd61f8c4" testName="LastModified_ShouldReturnMinValue_WhenUnknownKind" computerName="DKSR-EFI-06" duration="00:00:00.0012941" startTime="2024-01-09T15:45:22.1970197+01:00" endTime="2024-01-09T15:45:22.1985062+01:00" testType="13cdc9d9-ddb5-4fa4-a97d-d965ccfc6d4b" outcome="Passed" testListId="8c84fa94-04c1-424b-9868-57a2d4851a1d" relativeResultsDirectory="6df6593d-4847-4554-8692-d1ff6355e9aa" />
    <UnitTestResult executionId="72423ec4-2ec2-4da9-87f8-c5560a9afc8e" testId="a85a1362-1754-70cf-33fa-4ae7e0463bc7" testName="ReadXml_ShouldIgnoreClassCandidate_WhenClassCandidateIsPresenWithWrongNamespace" computerName="DKSR-EFI-06" duration="00:00:00.0003101" startTime="2024-01-09T15:45:45.3504946+01:00" endTime="2024-01-09T15:45:45.3509912+01:00" testType="13cdc9d9-ddb5-4fa4-a97d-d965ccfc6d4b" outcome="Passed" testListId="8c84fa94-04c1-424b-9868-57a2d4851a1d" relativeResultsDirectory="72423ec4-2ec2-4da9-87f8-c5560a9afc8e" />
    <UnitTestResult executionId="304b5f15-cedb-466f-9f6e-a52f774afa2f" testId="cefaab9b-deca-50a1-cf53-bfd0f84b70d8" testName="Ctor_NullScope_Throws" computerName="DKSR-EFI-06" duration="00:00:00.0010088" startTime="2024-01-09T15:45:43.3750076+01:00" endTime="2024-01-09T15:45:43.3764790+01:00" testType="13cdc9d9-ddb5-4fa4-a97d-d965ccfc6d4b" outcome="Passed" testListId="8c84fa94-04c1-424b-9868-57a2d4851a1d" relativeResultsDirectory="304b5f15-cedb-466f-9f6e-a52f774afa2f" />
    <UnitTestResult executionId="98b4d96d-b4d6-49c7-8559-ff325933f9ff" testId="90432d5a-5fa4-a037-9446-73f5d0f5dd30" testName="FindCacheEntryBefore_ShuldReturnEntryBeforeTimeStamp_WhenThereIsAnEntryBeforeTheTimestamp" computerName="DKSR-EFI-06" duration="00:00:00.0008606" startTime="2024-01-09T15:45:46.4895856+01:00" endTime="2024-01-09T15:45:46.4906471+01:00" testType="13cdc9d9-ddb5-4fa4-a97d-d965ccfc6d4b" outcome="Passed" testListId="8c84fa94-04c1-424b-9868-57a2d4851a1d" relativeResultsDirectory="98b4d96d-b4d6-49c7-8559-ff325933f9ff" />
    <UnitTestResult executionId="2cbdeed6-7c2a-4552-b496-02fbe0a09a7a" testId="cc99ff3e-c755-1963-ff3d-70c3c6994b03" testName="GenerateDeviceCapabilityParameters_ShouldWriteName_WhenAlways" computerName="DKSR-EFI-06" duration="00:00:00.0012712" startTime="2024-01-09T15:45:46.5388081+01:00" endTime="2024-01-09T15:45:46.5403938+01:00" testType="13cdc9d9-ddb5-4fa4-a97d-d965ccfc6d4b" outcome="Passed" testListId="8c84fa94-04c1-424b-9868-57a2d4851a1d" relativeResultsDirectory="2cbdeed6-7c2a-4552-b496-02fbe0a09a7a" />
    <UnitTestResult executionId="77ae9841-fcf1-4a26-9a96-6bd2a929765a" testId="d6cb1369-2679-afac-cddc-39c82a30eafa" testName="Constructor_ShouldThrowArgumentxception_WhenItemIsNotAMetadataDevice" computerName="DKSR-EFI-06" duration="00:00:00.0006877" startTime="2024-01-09T15:45:46.6388377+01:00" endTime="2024-01-09T15:45:46.6397255+01:00" testType="13cdc9d9-ddb5-4fa4-a97d-d965ccfc6d4b" outcome="Passed" testListId="8c84fa94-04c1-424b-9868-57a2d4851a1d" relativeResultsDirectory="77ae9841-fcf1-4a26-9a96-6bd2a929765a" />
    <UnitTestResult executionId="f46abe87-ce88-48ce-bf85-5acbee32a8fe" testId="16b9cd71-246d-5b51-e461-fdc7db24fde9" testName="JoinString_When2Levels_Joins" computerName="DKSR-EFI-06" duration="00:00:00.0033733" startTime="2024-01-09T15:45:32.2234716+01:00" endTime="2024-01-09T15:45:32.2276223+01:00" testType="13cdc9d9-ddb5-4fa4-a97d-d965ccfc6d4b" outcome="Passed" testListId="8c84fa94-04c1-424b-9868-57a2d4851a1d" relativeResultsDirectory="f46abe87-ce88-48ce-bf85-5acbee32a8fe" />
    <UnitTestResult executionId="d72e535a-4fc9-414d-86d9-0cacffa7f770" testId="11b5912e-600c-2c04-2bfe-19c262546aae" testName="SearchResultData_EndTimeWithPaddingMinValue_ShouldReturnEndTime" computerName="DKSR-EFI-06" duration="00:00:00.0001995" startTime="2024-01-09T15:45:43.7743164+01:00" endTime="2024-01-09T15:45:43.7747115+01:00" testType="13cdc9d9-ddb5-4fa4-a97d-d965ccfc6d4b" outcome="Passed" testListId="8c84fa94-04c1-424b-9868-57a2d4851a1d" relativeResultsDirectory="d72e535a-4fc9-414d-86d9-0cacffa7f770" />
    <UnitTestResult executionId="e53dafa4-838b-4986-9b1b-bf4db3e2e9b5" testId="4f7bde70-3b99-d47c-8245-4d79a123baa7" testName="Ctor_NullScope_Throws" computerName="DKSR-EFI-06" duration="00:00:00.0016250" startTime="2024-01-09T15:45:43.2558813+01:00" endTime="2024-01-09T15:45:43.2581299+01:00" testType="13cdc9d9-ddb5-4fa4-a97d-d965ccfc6d4b" outcome="Passed" testListId="8c84fa94-04c1-424b-9868-57a2d4851a1d" relativeResultsDirectory="e53dafa4-838b-4986-9b1b-bf4db3e2e9b5" />
    <UnitTestResult executionId="7b2d4027-76c7-4506-ade0-e356e7cbfebf" testId="984bc27d-a5c7-32fa-f1e8-153a12469bdb" testName="MipItems_Property_Collection_NotEmpty" computerName="DKSR-EFI-06" duration="00:00:00.0006299" startTime="2024-01-09T15:45:40.6650506+01:00" endTime="2024-01-09T15:45:40.6658768+01:00" testType="13cdc9d9-ddb5-4fa4-a97d-d965ccfc6d4b" outcome="Passed" testListId="8c84fa94-04c1-424b-9868-57a2d4851a1d" relativeResultsDirectory="7b2d4027-76c7-4506-ade0-e356e7cbfebf" />
    <UnitTestResult executionId="334b9636-fcea-4ead-9365-b5300d8e5e20" testId="6afb1227-217c-b2e9-db11-52fb1d5fc56a" testName="Add_ShouldUpdateStartCache_WhenOldStartTimeIsLaterThanAdded" computerName="DKSR-EFI-06" duration="00:00:00.0170917" startTime="2024-01-09T15:45:46.8702632+01:00" endTime="2024-01-09T15:45:46.8875833+01:00" testType="13cdc9d9-ddb5-4fa4-a97d-d965ccfc6d4b" outcome="Passed" testListId="8c84fa94-04c1-424b-9868-57a2d4851a1d" relativeResultsDirectory="334b9636-fcea-4ead-9365-b5300d8e5e20" />
    <UnitTestResult executionId="1bf1d0f0-4d42-4e4a-9559-b6f24437137e" testId="a153c326-c8c2-ed0c-505b-c62f56af9d14" testName="IsValid_ShouldReturnFalse_WhenLikelihoodIsMoreThanOne" computerName="DKSR-EFI-06" duration="00:00:00.0002472" startTime="2024-01-09T15:45:44.9284577+01:00" endTime="2024-01-09T15:45:44.9288844+01:00" testType="13cdc9d9-ddb5-4fa4-a97d-d965ccfc6d4b" outcome="Passed" testListId="8c84fa94-04c1-424b-9868-57a2d4851a1d" relativeResultsDirectory="1bf1d0f0-4d42-4e4a-9559-b6f24437137e" />
    <UnitTestResult executionId="6f4d3234-e318-411b-9ecb-654b0d558537" testId="d2eb1662-6b70-63d0-d71c-7f9ecf6fdd7d" testName="SearchResultData_TriggerTime_Success" computerName="DKSR-EFI-06" duration="00:00:00.0002431" startTime="2024-01-09T15:45:43.7631400+01:00" endTime="2024-01-09T15:45:43.7635744+01:00" testType="13cdc9d9-ddb5-4fa4-a97d-d965ccfc6d4b" outcome="Passed" testListId="8c84fa94-04c1-424b-9868-57a2d4851a1d" relativeResultsDirectory="6f4d3234-e318-411b-9ecb-654b0d558537" />
    <UnitTestResult executionId="a5333105-5be3-4b43-a3c0-6b42d7e8028d" testId="a67dddae-fbaa-38ff-493a-4fb494200940" testName="Serialize_Camera_Checked" computerName="DKSR-EFI-06" duration="00:00:00.0004081" startTime="2024-01-09T15:45:18.6341584+01:00" endTime="2024-01-09T15:45:18.6346792+01:00" testType="13cdc9d9-ddb5-4fa4-a97d-d965ccfc6d4b" outcome="Passed" testListId="8c84fa94-04c1-424b-9868-57a2d4851a1d" relativeResultsDirectory="a5333105-5be3-4b43-a3c0-6b42d7e8028d" />
    <UnitTestResult executionId="4b7f552a-7bc7-4b08-bd9c-07299ac1224c" testId="399501bc-ecba-b1ca-b26c-0035e5a7aa53" testName="WriteXml_ShouldWriteDescriptionContents_WhenDescriptionIsNotNull" computerName="DKSR-EFI-06" duration="00:00:00.0010375" startTime="2024-01-09T15:45:44.8766512+01:00" endTime="2024-01-09T15:45:44.8778625+01:00" testType="13cdc9d9-ddb5-4fa4-a97d-d965ccfc6d4b" outcome="Passed" testListId="8c84fa94-04c1-424b-9868-57a2d4851a1d" relativeResultsDirectory="4b7f552a-7bc7-4b08-bd9c-07299ac1224c" />
    <UnitTestResult executionId="e8cd332f-d6d3-4aa1-80a8-eb0b8216ba4f" testId="79018515-d745-dd30-fc15-5ab9418fb22e" testName="TestStartSearch_MultipleSearchDifferentDefinitions_Success" computerName="DKSR-EFI-06" duration="00:00:00.0088338" startTime="2024-01-09T15:45:43.6566503+01:00" endTime="2024-01-09T15:45:43.6657234+01:00" testType="13cdc9d9-ddb5-4fa4-a97d-d965ccfc6d4b" outcome="Passed" testListId="8c84fa94-04c1-424b-9868-57a2d4851a1d" relativeResultsDirectory="e8cd332f-d6d3-4aa1-80a8-eb0b8216ba4f" />
    <UnitTestResult executionId="e9769ec9-d3f8-4398-939a-a9c2f7c0e8cd" testId="665a66ed-febf-dcb1-d6f6-9e5410f5d49d" testName="AllAttributesWerePresent_ShouldReturnFalse_WhenXAttributeIsMissing" computerName="DKSR-EFI-06" duration="00:00:00.0003238" startTime="2024-01-09T15:45:45.6144849+01:00" endTime="2024-01-09T15:45:45.6149901+01:00" testType="13cdc9d9-ddb5-4fa4-a97d-d965ccfc6d4b" outcome="Passed" testListId="8c84fa94-04c1-424b-9868-57a2d4851a1d" relativeResultsDirectory="e9769ec9-d3f8-4398-939a-a9c2f7c0e8cd" />
    <UnitTestResult executionId="f0234aed-4614-4e17-a539-3092c77e3caf" testId="eafa657a-e693-c387-5dc5-3b7f787deb74" testName="GetCompatibilityHandler_ShouldReturnFips_WhenCalledFromEventServer" computerName="DKSR-EFI-06" duration="00:00:00.0010782" startTime="2024-01-09T15:45:46.2036449+01:00" endTime="2024-01-09T15:45:46.2049788+01:00" testType="13cdc9d9-ddb5-4fa4-a97d-d965ccfc6d4b" outcome="Passed" testListId="8c84fa94-04c1-424b-9868-57a2d4851a1d" relativeResultsDirectory="f0234aed-4614-4e17-a539-3092c77e3caf" />
    <UnitTestResult executionId="a56e2d71-99dd-4980-8a94-a0887e358c23" testId="00715417-bfa4-4e4b-edec-0ca28f2d4417" testName="ReadXml_ShouldReadCenterOfGravity_WhenCenterOfGravityIsPresent" computerName="DKSR-EFI-06" duration="00:00:00.0007534" startTime="2024-01-09T15:45:45.4989693+01:00" endTime="2024-01-09T15:45:45.4999152+01:00" testType="13cdc9d9-ddb5-4fa4-a97d-d965ccfc6d4b" outcome="Passed" testListId="8c84fa94-04c1-424b-9868-57a2d4851a1d" relativeResultsDirectory="a56e2d71-99dd-4980-8a94-a0887e358c23" />
    <UnitTestResult executionId="06d3e4a1-65b7-4bd4-b0ce-0fbb32378ccc" testId="5a2f32ed-e56e-8f83-632e-04bbc55d82b2" testName="Serialize_TestCases (TestParentCollectionNotEmptyArrayProperty)" computerName="DKSR-EFI-06" duration="00:00:00.0005154" startTime="2024-01-09T15:45:42.9617598+01:00" endTime="2024-01-09T15:45:42.9626967+01:00" testType="13cdc9d9-ddb5-4fa4-a97d-d965ccfc6d4b" outcome="Passed" testListId="8c84fa94-04c1-424b-9868-57a2d4851a1d" relativeResultsDirectory="06d3e4a1-65b7-4bd4-b0ce-0fbb32378ccc" />
    <UnitTestResult executionId="86f94396-5cfb-4776-b7bf-9522e26b8dc3" testId="31116a68-3b0f-f28f-7f53-0333062fc887" testName="GenerateParameters_ShouldWriteModel_WhenAlways" computerName="DKSR-EFI-06" duration="00:00:00.0002542" startTime="2024-01-09T15:45:46.4534840+01:00" endTime="2024-01-09T15:45:46.4539182+01:00" testType="13cdc9d9-ddb5-4fa4-a97d-d965ccfc6d4b" outcome="Passed" testListId="8c84fa94-04c1-424b-9868-57a2d4851a1d" relativeResultsDirectory="86f94396-5cfb-4776-b7bf-9522e26b8dc3" />
    <UnitTestResult executionId="5c51d4a5-93a9-4052-8696-74eef1b25a31" testId="d7212be9-a773-7051-2296-d1e014528157" testName="WriteXml_ShouldWriteBoundingBoxAppearanceContents_WhenTheyArePresent" computerName="DKSR-EFI-06" duration="00:00:00.0014707" startTime="2024-01-09T15:45:45.5493524+01:00" endTime="2024-01-09T15:45:45.5510157+01:00" testType="13cdc9d9-ddb5-4fa4-a97d-d965ccfc6d4b" outcome="Passed" testListId="8c84fa94-04c1-424b-9868-57a2d4851a1d" relativeResultsDirectory="5c51d4a5-93a9-4052-8696-74eef1b25a31" />
    <UnitTestResult executionId="7c8e2254-8074-4904-9d5c-c6de36e8a2d8" testId="954dcc09-ffa8-ee72-ce2c-24675b9f100a" testName="ObjectId_ShouldReturnZero_WhenNotSetInConstructor" computerName="DKSR-EFI-06" duration="00:00:00.0003078" startTime="2024-01-09T15:45:45.3715699+01:00" endTime="2024-01-09T15:45:45.3722867+01:00" testType="13cdc9d9-ddb5-4fa4-a97d-d965ccfc6d4b" outcome="Passed" testListId="8c84fa94-04c1-424b-9868-57a2d4851a1d" relativeResultsDirectory="7c8e2254-8074-4904-9d5c-c6de36e8a2d8" />
    <UnitTestResult executionId="b5feb0e0-3443-4e3e-995a-a1a571f21df8" testId="29b14ef8-e43d-41e1-d5fc-d7d493be4940" testName="ReadXml_ShouldReadAzimuth_WhenAzimuthIsPresent" computerName="DKSR-EFI-06" duration="00:00:00.0001887" startTime="2024-01-09T15:45:45.3226175+01:00" endTime="2024-01-09T15:45:45.3229194+01:00" testType="13cdc9d9-ddb5-4fa4-a97d-d965ccfc6d4b" outcome="Passed" testListId="8c84fa94-04c1-424b-9868-57a2d4851a1d" relativeResultsDirectory="b5feb0e0-3443-4e3e-995a-a1a571f21df8" />
    <UnitTestResult executionId="bb41f481-9a6f-42c9-8ee6-5b6ce8a81bd9" testId="5a6033d0-8674-1383-5d73-0621497569cb" testName="TryParseArgbString_ShouldReturnFalse_WhenStringIsContainsNotHexChars" computerName="DKSR-EFI-06" duration="00:00:00.0001770" startTime="2024-01-09T15:45:44.9828743+01:00" endTime="2024-01-09T15:45:44.9832459+01:00" testType="13cdc9d9-ddb5-4fa4-a97d-d965ccfc6d4b" outcome="Passed" testListId="8c84fa94-04c1-424b-9868-57a2d4851a1d" relativeResultsDirectory="bb41f481-9a6f-42c9-8ee6-5b6ce8a81bd9" />
    <UnitTestResult executionId="40ea3973-ab7d-49c6-8e54-3808b12ad1b9" testId="58e16725-e739-c95e-f63b-6da9cd475080" testName="Get_Element" computerName="DKSR-EFI-06" duration="00:00:00.0001439" startTime="2024-01-09T15:45:44.5338125+01:00" endTime="2024-01-09T15:45:44.5341141+01:00" testType="13cdc9d9-ddb5-4fa4-a97d-d965ccfc6d4b" outcome="Passed" testListId="8c84fa94-04c1-424b-9868-57a2d4851a1d" relativeResultsDirectory="40ea3973-ab7d-49c6-8e54-3808b12ad1b9" />
    <UnitTestResult executionId="7a3aa6bf-c27e-4afb-a80d-a99318fba50b" testId="01387d97-f9fc-82cf-fc0c-bafa84835078" testName="Dequeue_Success" computerName="DKSR-EFI-06" duration="00:00:00.0010548" startTime="2024-01-09T15:45:32.4415106+01:00" endTime="2024-01-09T15:45:32.4427705+01:00" testType="13cdc9d9-ddb5-4fa4-a97d-d965ccfc6d4b" outcome="Passed" testListId="8c84fa94-04c1-424b-9868-57a2d4851a1d" relativeResultsDirectory="7a3aa6bf-c27e-4afb-a80d-a99318fba50b" />
    <UnitTestResult executionId="fb188a2e-7adc-4797-a9c4-8d20c7ad76a5" testId="bef9c954-3a2d-3d83-b50d-cb24e577f8c7" testName="CreateSearchResultUserControl_NullConfiguration_ReturnsNull" computerName="DKSR-EFI-06" duration="00:00:00.0013481" startTime="2024-01-09T15:45:43.7880210+01:00" endTime="2024-01-09T15:45:43.7926878+01:00" testType="13cdc9d9-ddb5-4fa4-a97d-d965ccfc6d4b" outcome="Passed" testListId="8c84fa94-04c1-424b-9868-57a2d4851a1d" relativeResultsDirectory="fb188a2e-7adc-4797-a9c4-8d20c7ad76a5" />
    <UnitTestResult executionId="ab768419-1224-46dc-8b9a-3dfe03a7dfa4" testId="952d04da-369e-0e5d-fb29-9bfdf4da3a0e" testName="ContentShouldReturnConstructorParameter" computerName="DKSR-EFI-06" duration="00:00:00.0004606" startTime="2024-01-09T15:45:46.1559237+01:00" endTime="2024-01-09T15:45:46.1565621+01:00" testType="13cdc9d9-ddb5-4fa4-a97d-d965ccfc6d4b" outcome="Passed" testListId="8c84fa94-04c1-424b-9868-57a2d4851a1d" relativeResultsDirectory="ab768419-1224-46dc-8b9a-3dfe03a7dfa4" />
    <UnitTestResult executionId="d48b1b51-e708-415c-b2a1-12cbb6441ae1" testId="2983b511-4ca5-aad7-7122-726ddf02d399" testName="GetHashType_ShouldReturnSHA256_WhenInputIsSHA256" computerName="DKSR-EFI-06" duration="00:00:00.0001732" startTime="2024-01-09T15:45:46.8200047+01:00" endTime="2024-01-09T15:45:46.8203340+01:00" testType="13cdc9d9-ddb5-4fa4-a97d-d965ccfc6d4b" outcome="Passed" testListId="8c84fa94-04c1-424b-9868-57a2d4851a1d" relativeResultsDirectory="d48b1b51-e708-415c-b2a1-12cbb6441ae1" />
    <UnitTestResult executionId="fde181ce-39f4-4114-bc04-24aa3a4d8994" testId="256352cb-a01d-67ee-0151-ab9132f46725" testName="ConstructorInt_ShouldReturnCorrectArgbValues_Always" computerName="DKSR-EFI-06" duration="00:00:00.0003625" startTime="2024-01-09T15:45:44.9888843+01:00" endTime="2024-01-09T15:45:44.9894444+01:00" testType="13cdc9d9-ddb5-4fa4-a97d-d965ccfc6d4b" outcome="Passed" testListId="8c84fa94-04c1-424b-9868-57a2d4851a1d" relativeResultsDirectory="fde181ce-39f4-4114-bc04-24aa3a4d8994" />
    <UnitTestResult executionId="9731fbfe-2ea2-4220-8169-3fa5a97e6148" testId="32fbd952-cf12-ae2b-c5d4-e7f80c991d18" testName="BuildOverlayWidthHeightAlarm_ShouldReturnCorrectSizedBitmap_WhenArgumentContainsObjectAndRule" computerName="DKSR-EFI-06" duration="00:00:00.0019571" startTime="2024-01-09T15:45:21.5787939+01:00" endTime="2024-01-09T15:45:21.5809768+01:00" testType="13cdc9d9-ddb5-4fa4-a97d-d965ccfc6d4b" outcome="Passed" testListId="8c84fa94-04c1-424b-9868-57a2d4851a1d" relativeResultsDirectory="9731fbfe-2ea2-4220-8169-3fa5a97e6148" />
    <UnitTestResult executionId="5d377f32-90f9-468d-b976-e9199ba26cea" testId="868cf503-fe08-eed0-d324-72014e5624ab" testName="CountByItems_NotActivated_Expired" computerName="DKSR-EFI-06" duration="00:00:00.0009472" startTime="2024-01-09T15:45:46.3098310+01:00" endTime="2024-01-09T15:45:46.3109481+01:00" testType="13cdc9d9-ddb5-4fa4-a97d-d965ccfc6d4b" outcome="Passed" testListId="8c84fa94-04c1-424b-9868-57a2d4851a1d" relativeResultsDirectory="5d377f32-90f9-468d-b976-e9199ba26cea" />
    <UnitTestResult executionId="532db9be-79dd-4320-a69c-1f5738c1c0d2" testId="f1b429c9-236c-37a4-5790-ad48b8bcac95" testName="GetPreviousDateTime_ShouldReturnLastDataEntityFromSecondToolkitCall_WhenDateIsEqualOrBeforeLastCachedValue" computerName="DKSR-EFI-06" duration="00:00:00.0021833" startTime="2024-01-09T15:45:46.7011406+01:00" endTime="2024-01-09T15:45:46.7035088+01:00" testType="13cdc9d9-ddb5-4fa4-a97d-d965ccfc6d4b" outcome="Passed" testListId="8c84fa94-04c1-424b-9868-57a2d4851a1d" relativeResultsDirectory="532db9be-79dd-4320-a69c-1f5738c1c0d2" />
    <UnitTestResult executionId="6e7cf84b-d7ef-4877-8828-5d7fb6fdfd75" testId="d024cbbc-cd6e-1273-02ea-1e58d1fbe142" testName="Match_Fail_NullType_WrongType_Single" computerName="DKSR-EFI-06" duration="00:00:00.0003102" startTime="2024-01-09T15:45:45.7130966+01:00" endTime="2024-01-09T15:45:45.7135926+01:00" testType="13cdc9d9-ddb5-4fa4-a97d-d965ccfc6d4b" outcome="Passed" testListId="8c84fa94-04c1-424b-9868-57a2d4851a1d" relativeResultsDirectory="6e7cf84b-d7ef-4877-8828-5d7fb6fdfd75" />
    <UnitTestResult executionId="53ad83ec-403d-4763-857d-cbaf5c1f267a" testId="7487e89c-78f3-9567-7976-60fdef3ca987" testName="ReadXml_ShouldLogWarning_WhenBoundingBoxIsMissing" computerName="DKSR-EFI-06" duration="00:00:00.0013669" startTime="2024-01-09T15:45:45.5087724+01:00" endTime="2024-01-09T15:45:45.5103309+01:00" testType="13cdc9d9-ddb5-4fa4-a97d-d965ccfc6d4b" outcome="Passed" testListId="8c84fa94-04c1-424b-9868-57a2d4851a1d" relativeResultsDirectory="53ad83ec-403d-4763-857d-cbaf5c1f267a" />
    <UnitTestResult executionId="9ad153ba-058f-4937-bd2c-72fb19210be2" testId="e3e33591-e2f2-c832-fee1-8688ba9ec456" testName="GenerateParameters_ShouldWriteNotSupportedForFirmware_WhenFirmwareIsNull" computerName="DKSR-EFI-06" duration="00:00:00.0004441" startTime="2024-01-09T15:45:46.4546179+01:00" endTime="2024-01-09T15:45:46.4552366+01:00" testType="13cdc9d9-ddb5-4fa4-a97d-d965ccfc6d4b" outcome="Passed" testListId="8c84fa94-04c1-424b-9868-57a2d4851a1d" relativeResultsDirectory="9ad153ba-058f-4937-bd2c-72fb19210be2" />
    <UnitTestResult executionId="d8605aee-296b-4e6f-a266-02de41aa875e" testId="e0e73f94-8b60-e9f7-5ce6-3100aae7c303" testName="ReadXml_ShouldReadVerticalAccuracy_WhenVerticalAccuracyIsPresent" computerName="DKSR-EFI-06" duration="00:00:00.0002632" startTime="2024-01-09T15:45:45.3246420+01:00" endTime="2024-01-09T15:45:45.3250862+01:00" testType="13cdc9d9-ddb5-4fa4-a97d-d965ccfc6d4b" outcome="Passed" testListId="8c84fa94-04c1-424b-9868-57a2d4851a1d" relativeResultsDirectory="d8605aee-296b-4e6f-a266-02de41aa875e" />
    <UnitTestResult executionId="c52137eb-f4e6-44e7-b852-6103388ec39e" testId="6a90276b-bdbd-5195-546b-d62b355d6d1e" testName="Append_2Element_String" computerName="DKSR-EFI-06" duration="00:00:00.0001530" startTime="2024-01-09T15:45:44.3684035+01:00" endTime="2024-01-09T15:45:44.3687392+01:00" testType="13cdc9d9-ddb5-4fa4-a97d-d965ccfc6d4b" outcome="Passed" testListId="8c84fa94-04c1-424b-9868-57a2d4851a1d" relativeResultsDirectory="c52137eb-f4e6-44e7-b852-6103388ec39e" />
    <UnitTestResult executionId="a4023ab3-1f3f-4364-a2f6-e51f24f3f5a9" testId="2290dc93-26ef-2adf-bfc4-c74fcd6396b2" testName="LoadedEvent_ShouldAddProxyManager_WhenFrameworkElementIsLoadedAtLaterStage" computerName="DKSR-EFI-06" duration="00:00:00.0045129" startTime="2024-01-09T15:45:43.2030615+01:00" endTime="2024-01-09T15:45:43.2153146+01:00" testType="13cdc9d9-ddb5-4fa4-a97d-d965ccfc6d4b" outcome="Passed" testListId="8c84fa94-04c1-424b-9868-57a2d4851a1d" relativeResultsDirectory="a4023ab3-1f3f-4364-a2f6-e51f24f3f5a9" />
    <UnitTestResult executionId="65a18597-d427-4b53-95f2-d01805c25c6c" testId="f54c02f6-10d6-820a-6be3-9cf15ec86940" testName="ClearFilterValues_UnknownFilter_DoesNothing" computerName="DKSR-EFI-06" duration="00:00:00.0008025" startTime="2024-01-09T15:45:43.3334751+01:00" endTime="2024-01-09T15:45:43.3344963+01:00" testType="13cdc9d9-ddb5-4fa4-a97d-d965ccfc6d4b" outcome="Passed" testListId="8c84fa94-04c1-424b-9868-57a2d4851a1d" relativeResultsDirectory="65a18597-d427-4b53-95f2-d01805c25c6c" />
    <UnitTestResult executionId="6233221e-51a6-4277-b15c-dba367426587" testId="80192076-5250-4f88-b991-e73794c3f07f" testName="Serialize_TestCases (TestParentTypeMatchGenericNotThisTypeMatchedProperty)" computerName="DKSR-EFI-06" duration="00:00:00.0026068" startTime="2024-01-09T15:45:43.1145056+01:00" endTime="2024-01-09T15:45:43.1174526+01:00" testType="13cdc9d9-ddb5-4fa4-a97d-d965ccfc6d4b" outcome="Passed" testListId="8c84fa94-04c1-424b-9868-57a2d4851a1d" relativeResultsDirectory="6233221e-51a6-4277-b15c-dba367426587" />
    <UnitTestResult executionId="7e292dab-0b73-4a6b-ae8c-172223771183" testId="dbac47b9-416a-24f2-90d7-b5b09b9dc93c" testName="Equals_ShouldBeDifferent" computerName="DKSR-EFI-06" duration="00:00:00.0003210" startTime="2024-01-09T15:45:18.6472395+01:00" endTime="2024-01-09T15:45:18.6476544+01:00" testType="13cdc9d9-ddb5-4fa4-a97d-d965ccfc6d4b" outcome="Passed" testListId="8c84fa94-04c1-424b-9868-57a2d4851a1d" relativeResultsDirectory="7e292dab-0b73-4a6b-ae8c-172223771183" />
    <UnitTestResult executionId="9478293d-8ccc-4b6e-ae64-530f6b1e6341" testId="3971c5d8-7ad8-4707-9b53-e6a041a0b2f8" testName="ToString_Succcess" computerName="DKSR-EFI-06" duration="00:00:00.0111813" startTime="2024-01-09T15:45:19.9519765+01:00" endTime="2024-01-09T15:45:19.9633754+01:00" testType="13cdc9d9-ddb5-4fa4-a97d-d965ccfc6d4b" outcome="Passed" testListId="8c84fa94-04c1-424b-9868-57a2d4851a1d" relativeResultsDirectory="9478293d-8ccc-4b6e-ae64-530f6b1e6341" />
    <UnitTestResult executionId="25515e3b-6093-4668-b350-8c8340696ef6" testId="e99720dc-b5ca-82eb-619d-d041c4804cad" testName="ReadXml_ShouldIgnoreUnknownChildren_WhenUnknownChildrenArePresent" computerName="DKSR-EFI-06" duration="00:00:00.0006237" startTime="2024-01-09T15:45:45.3750953+01:00" endTime="2024-01-09T15:45:45.3758305+01:00" testType="13cdc9d9-ddb5-4fa4-a97d-d965ccfc6d4b" outcome="Passed" testListId="8c84fa94-04c1-424b-9868-57a2d4851a1d" relativeResultsDirectory="25515e3b-6093-4668-b350-8c8340696ef6" />
    <UnitTestResult executionId="198ebb6f-6c76-49c4-9df1-5cb6d37bec2d" testId="135d62c0-fe81-f46a-ce86-2cfe36dd8cc8" testName="Clear_ShouldRemoveAllDataFromCache_WhenAlways" computerName="DKSR-EFI-06" duration="00:00:00.0006492" startTime="2024-01-09T15:45:46.5372870+01:00" endTime="2024-01-09T15:45:46.5381147+01:00" testType="13cdc9d9-ddb5-4fa4-a97d-d965ccfc6d4b" outcome="Passed" testListId="8c84fa94-04c1-424b-9868-57a2d4851a1d" relativeResultsDirectory="198ebb6f-6c76-49c4-9df1-5cb6d37bec2d" />
    <UnitTestResult executionId="b70ed795-336e-44aa-a16c-c56adff5777f" testId="f4009c20-ddf4-5439-9b3f-52d8d564e525" testName="TestConstructor_Success" computerName="DKSR-EFI-06" duration="00:00:00.0011847" startTime="2024-01-09T15:45:44.3498091+01:00" endTime="2024-01-09T15:45:44.3512587+01:00" testType="13cdc9d9-ddb5-4fa4-a97d-d965ccfc6d4b" outcome="Passed" testListId="8c84fa94-04c1-424b-9868-57a2d4851a1d" relativeResultsDirectory="b70ed795-336e-44aa-a16c-c56adff5777f" />
    <UnitTestResult executionId="2bf4dc52-4829-45b6-903a-dc3cb7250d85" testId="441213bb-d837-6a17-d5bf-0e8158ed876c" testName="GetFilterValues_UnknownFilter_ReturnsEmptyList" computerName="DKSR-EFI-06" duration="00:00:00.0003206" startTime="2024-01-09T15:45:43.3424549+01:00" endTime="2024-01-09T15:45:43.3429832+01:00" testType="13cdc9d9-ddb5-4fa4-a97d-d965ccfc6d4b" outcome="Passed" testListId="8c84fa94-04c1-424b-9868-57a2d4851a1d" relativeResultsDirectory="2bf4dc52-4829-45b6-903a-dc3cb7250d85" />
    <UnitTestResult executionId="cd2a0644-2e0c-446b-85a8-1e4b123cb9dc" testId="87624c9b-97b8-ed79-9d92-4a653ba64699" testName="Add_CacheItemExpires_ItemRemovedFromCacheAfterExpirationAndPostRemovalActionExecuted" computerName="DKSR-EFI-06" duration="00:00:00.5151871" startTime="2024-01-09T15:45:32.5284419+01:00" endTime="2024-01-09T15:45:33.0437822+01:00" testType="13cdc9d9-ddb5-4fa4-a97d-d965ccfc6d4b" outcome="Passed" testListId="8c84fa94-04c1-424b-9868-57a2d4851a1d" relativeResultsDirectory="cd2a0644-2e0c-446b-85a8-1e4b123cb9dc" />
    <UnitTestResult executionId="1cca21fe-ceff-4a00-b01f-4dc7a44f10a6" testId="f020995b-abe3-d649-6f42-54b2532be4d9" testName="ReadXml_ShouldSetAllFieldsToDefaultValues_WhenElementIsEmpty" computerName="DKSR-EFI-06" duration="00:00:00.0021697" startTime="2024-01-09T15:45:45.6318919+01:00" endTime="2024-01-09T15:45:45.6344379+01:00" testType="13cdc9d9-ddb5-4fa4-a97d-d965ccfc6d4b" outcome="Passed" testListId="8c84fa94-04c1-424b-9868-57a2d4851a1d" relativeResultsDirectory="1cca21fe-ceff-4a00-b01f-4dc7a44f10a6" />
    <UnitTestResult executionId="f9fb93cf-aea6-41d1-876c-f3589d485f57" testId="03a83ade-8d54-5619-5fb4-492194211717" testName="TestStartSearch_NullDefinitions_Failure" computerName="DKSR-EFI-06" duration="00:00:00.0020699" startTime="2024-01-09T15:45:43.5507865+01:00" endTime="2024-01-09T15:45:43.5531175+01:00" testType="13cdc9d9-ddb5-4fa4-a97d-d965ccfc6d4b" outcome="Passed" testListId="8c84fa94-04c1-424b-9868-57a2d4851a1d" relativeResultsDirectory="f9fb93cf-aea6-41d1-876c-f3589d485f57" />
    <UnitTestResult executionId="013c040c-bf75-4b03-ac5c-52412b0d05dc" testId="88e95bf1-e2f8-873d-5b44-49c57ad713ac" testName="Ctor_WhitespaceName_Throws" computerName="DKSR-EFI-06" duration="00:00:00.0003545" startTime="2024-01-09T15:45:44.2990599+01:00" endTime="2024-01-09T15:45:44.2996891+01:00" testType="13cdc9d9-ddb5-4fa4-a97d-d965ccfc6d4b" outcome="Passed" testListId="8c84fa94-04c1-424b-9868-57a2d4851a1d" relativeResultsDirectory="013c040c-bf75-4b03-ac5c-52412b0d05dc" />
    <UnitTestResult executionId="825a8f6b-798f-4f98-b650-ac80820d08f9" testId="2575271e-e34f-00c6-8d80-4ebf0bf67d06" testName="ReadXml_ShouldReadAppearance_WhenAppearanceIsPresent" computerName="DKSR-EFI-06" duration="00:00:00.0003315" startTime="2024-01-09T15:45:45.3825935+01:00" endTime="2024-01-09T15:45:45.3831336+01:00" testType="13cdc9d9-ddb5-4fa4-a97d-d965ccfc6d4b" outcome="Passed" testListId="8c84fa94-04c1-424b-9868-57a2d4851a1d" relativeResultsDirectory="825a8f6b-798f-4f98-b650-ac80820d08f9" />
    <UnitTestResult executionId="79ad51e2-7d97-4111-92cf-24df1ff92117" testId="58908065-853e-c4d9-3613-bc3198b1cc08" testName="ReadXml_ShouldReadVideoAnalysticsChildren_WhenMultipleChildrenIsPresent" computerName="DKSR-EFI-06" duration="00:00:00.0002727" startTime="2024-01-09T15:45:45.2451514+01:00" endTime="2024-01-09T15:45:45.2456064+01:00" testType="13cdc9d9-ddb5-4fa4-a97d-d965ccfc6d4b" outcome="Passed" testListId="8c84fa94-04c1-424b-9868-57a2d4851a1d" relativeResultsDirectory="79ad51e2-7d97-4111-92cf-24df1ff92117" />
    <UnitTestResult executionId="664953bf-49f6-4c1c-a6ff-3ed40d3bb12f" testId="09b10f58-104f-c055-d17e-ad9f69c01172" testName="RegionSelectionFilterValue_Serialize_Success" computerName="DKSR-EFI-06" duration="00:00:00.0088420" startTime="2024-01-09T15:45:44.1878898+01:00" endTime="2024-01-09T15:45:44.1969607+01:00" testType="13cdc9d9-ddb5-4fa4-a97d-d965ccfc6d4b" outcome="Passed" testListId="8c84fa94-04c1-424b-9868-57a2d4851a1d" relativeResultsDirectory="664953bf-49f6-4c1c-a6ff-3ed40d3bb12f" />
    <UnitTestResult executionId="55a045bf-8ea6-4308-a20c-31a98441e0c0" testId="a1b04750-d1fe-a25a-b502-6c3d91504173" testName="GetWithDateTime_ShouldReturnEntryAtOrBeforeFromToolkitResponse_WhenDataIsNotInCache" computerName="DKSR-EFI-06" duration="00:00:00.0031746" startTime="2024-01-09T15:45:46.7515149+01:00" endTime="2024-01-09T15:45:46.7548591+01:00" testType="13cdc9d9-ddb5-4fa4-a97d-d965ccfc6d4b" outcome="Passed" testListId="8c84fa94-04c1-424b-9868-57a2d4851a1d" relativeResultsDirectory="55a045bf-8ea6-4308-a20c-31a98441e0c0" />
    <UnitTestResult executionId="6228fd7d-2d17-48c0-9fd1-75440cdc95e4" testId="43af5117-1f9c-6ca5-e2b0-3bd57b512c6f" testName="GetLicensePlateFilterValue_ValidSelection_Success" computerName="DKSR-EFI-06" duration="00:00:00.0017909" startTime="2024-01-09T15:45:44.3273084+01:00" endTime="2024-01-09T15:45:44.3292912+01:00" testType="13cdc9d9-ddb5-4fa4-a97d-d965ccfc6d4b" outcome="Passed" testListId="8c84fa94-04c1-424b-9868-57a2d4851a1d" relativeResultsDirectory="6228fd7d-2d17-48c0-9fd1-75440cdc95e4" />
    <UnitTestResult executionId="80c272f3-b9b6-4ba4-9f08-ff2e82de663f" testId="cf73c26e-47e0-f1da-1e09-63167f3a5e47" testName="InstanceGet_Success" computerName="DKSR-EFI-06" duration="00:00:00.0041721" startTime="2024-01-09T15:45:43.7808003+01:00" endTime="2024-01-09T15:45:43.7872635+01:00" testType="13cdc9d9-ddb5-4fa4-a97d-d965ccfc6d4b" outcome="Passed" testListId="8c84fa94-04c1-424b-9868-57a2d4851a1d" relativeResultsDirectory="80c272f3-b9b6-4ba4-9f08-ff2e82de663f" />
    <UnitTestResult executionId="94e39ba3-2a98-45b1-8d83-4b05ebc20f90" testId="bfe0ceb7-58a0-23f3-be81-2bfb090a4c1b" testName="ReadXml_ShouldIgnoreUnknownChildren_WhenUnknownChildrenArePresent" computerName="DKSR-EFI-06" duration="00:00:00.0023777" startTime="2024-01-09T15:45:45.0764211+01:00" endTime="2024-01-09T15:45:45.0790545+01:00" testType="13cdc9d9-ddb5-4fa4-a97d-d965ccfc6d4b" outcome="Passed" testListId="8c84fa94-04c1-424b-9868-57a2d4851a1d" relativeResultsDirectory="94e39ba3-2a98-45b1-8d83-4b05ebc20f90" />
    <UnitTestResult executionId="bf70a4c0-31d3-41de-906f-e48b5842010c" testId="d4c22c7c-b6a3-cfbe-dc7f-cc4ae42c5d11" testName="Serialize_TestCases (Verify root Generic (null) property get property value)" computerName="DKSR-EFI-06" duration="00:00:00.0002223" startTime="2024-01-09T15:45:42.9762130+01:00" endTime="2024-01-09T15:45:42.9768520+01:00" testType="13cdc9d9-ddb5-4fa4-a97d-d965ccfc6d4b" outcome="Passed" testListId="8c84fa94-04c1-424b-9868-57a2d4851a1d" relativeResultsDirectory="bf70a4c0-31d3-41de-906f-e48b5842010c" />
    <UnitTestResult executionId="55af6be7-8a3c-4d2b-94ac-1146f669e5b5" testId="a9cb9252-3d98-79fe-629f-64e8ef1da14d" testName="GenerateEnumValueParameters_ShouldWriteValue_WhenAlways" computerName="DKSR-EFI-06" duration="00:00:00.0007338" startTime="2024-01-09T15:45:46.4421420+01:00" endTime="2024-01-09T15:45:46.4430530+01:00" testType="13cdc9d9-ddb5-4fa4-a97d-d965ccfc6d4b" outcome="Passed" testListId="8c84fa94-04c1-424b-9868-57a2d4851a1d" relativeResultsDirectory="55af6be7-8a3c-4d2b-94ac-1146f669e5b5" />
    <UnitTestResult executionId="ffb5ef90-0fda-411d-872f-cd2ada49cb88" testId="e997866d-eebf-79e1-ae85-52bd5aa489c9" testName="IsEmptyValue_StringFilterValue_Whitespaces_ReturnsTrue" computerName="DKSR-EFI-06" duration="00:00:00.0001868" startTime="2024-01-09T15:45:43.4067860+01:00" endTime="2024-01-09T15:45:43.4071522+01:00" testType="13cdc9d9-ddb5-4fa4-a97d-d965ccfc6d4b" outcome="Passed" testListId="8c84fa94-04c1-424b-9868-57a2d4851a1d" relativeResultsDirectory="ffb5ef90-0fda-411d-872f-cd2ada49cb88" />
    <UnitTestResult executionId="6d3da971-8694-4144-a571-6e5e949bb7ad" testId="b41e6145-298a-b0e7-b1a2-57aee45877f3" testName="WriteXml_ShouldOmitFrameElement_WhenThereIsNoFramePresent" computerName="DKSR-EFI-06" duration="00:00:00.0004036" startTime="2024-01-09T15:45:45.6546000+01:00" endTime="2024-01-09T15:45:45.6551168+01:00" testType="13cdc9d9-ddb5-4fa4-a97d-d965ccfc6d4b" outcome="Passed" testListId="8c84fa94-04c1-424b-9868-57a2d4851a1d" relativeResultsDirectory="6d3da971-8694-4144-a571-6e5e949bb7ad" />
    <UnitTestResult executionId="e68415ed-d1b1-4574-9e74-71d219310c4d" testId="6c5fbe1f-8152-a821-d533-330bed4f5a98" testName="AllAttributesWerePresent_ShouldReturnFalse_WhenTopAttributeIsMissing" computerName="DKSR-EFI-06" duration="00:00:00.0003047" startTime="2024-01-09T15:45:45.4239863+01:00" endTime="2024-01-09T15:45:45.4244817+01:00" testType="13cdc9d9-ddb5-4fa4-a97d-d965ccfc6d4b" outcome="Passed" testListId="8c84fa94-04c1-424b-9868-57a2d4851a1d" relativeResultsDirectory="e68415ed-d1b1-4574-9e74-71d219310c4d" />
    <UnitTestResult executionId="628e687c-301a-4732-b9e3-93ff551831fa" testId="8d35e87b-236d-d2d1-5276-ca6f3e50fdcb" testName="Serialize_ShouldIncludeOptionDecorations_WhenPropertyIsCollectionOfObjectsAndNoPropertiesRequestedInPath" computerName="DKSR-EFI-06" duration="00:00:00.0017574" startTime="2024-01-09T15:45:42.9116061+01:00" endTime="2024-01-09T15:45:42.9135734+01:00" testType="13cdc9d9-ddb5-4fa4-a97d-d965ccfc6d4b" outcome="Passed" testListId="8c84fa94-04c1-424b-9868-57a2d4851a1d" relativeResultsDirectory="628e687c-301a-4732-b9e3-93ff551831fa" />
    <UnitTestResult executionId="73259720-f63c-4e9e-ac7c-9cdd646a37b9" testId="6ca72b6b-0033-ee05-80aa-21dc1f0119ea" testName="Contains_With_Null_Fails" computerName="DKSR-EFI-06" duration="00:00:00.0002932" startTime="2024-01-09T15:45:18.6462787+01:00" endTime="2024-01-09T15:45:18.6466706+01:00" testType="13cdc9d9-ddb5-4fa4-a97d-d965ccfc6d4b" outcome="Passed" testListId="8c84fa94-04c1-424b-9868-57a2d4851a1d" relativeResultsDirectory="73259720-f63c-4e9e-ac7c-9cdd646a37b9" />
    <UnitTestResult executionId="b548cec3-5cd4-4894-8392-1af6101e87b1" testId="6693e462-e8ba-ed25-48bc-eff1d5392eaa" testName="CountByItems_Activated_Missing2" computerName="DKSR-EFI-06" duration="00:00:00.0008826" startTime="2024-01-09T15:45:46.3184044+01:00" endTime="2024-01-09T15:45:46.3194584+01:00" testType="13cdc9d9-ddb5-4fa4-a97d-d965ccfc6d4b" outcome="Passed" testListId="8c84fa94-04c1-424b-9868-57a2d4851a1d" relativeResultsDirectory="b548cec3-5cd4-4894-8392-1af6101e87b1" />
    <UnitTestResult executionId="1aef9657-f8b1-4a38-92b8-cd93e4e91166" testId="77c15838-368f-705c-d0c8-46e47de3c659" testName="FindCacheEntryBefore_ShuldReturnNull_WhenThereAreNoEntriesbeforeTheTimestamp" computerName="DKSR-EFI-06" duration="00:00:00.0003797" startTime="2024-01-09T15:45:46.4926295+01:00" endTime="2024-01-09T15:45:46.4932500+01:00" testType="13cdc9d9-ddb5-4fa4-a97d-d965ccfc6d4b" outcome="Passed" testListId="8c84fa94-04c1-424b-9868-57a2d4851a1d" relativeResultsDirectory="1aef9657-f8b1-4a38-92b8-cd93e4e91166" />
    <UnitTestResult executionId="47863c66-fe4d-4e8b-a42d-18448ba06999" testId="461181b2-b5d1-1d54-a990-5025bc85a37b" testName="EqualGuids_Fail_OnParentId" computerName="DKSR-EFI-06" duration="00:00:00.0003842" startTime="2024-01-09T15:45:18.6702544+01:00" endTime="2024-01-09T15:45:18.6716249+01:00" testType="13cdc9d9-ddb5-4fa4-a97d-d965ccfc6d4b" outcome="Passed" testListId="8c84fa94-04c1-424b-9868-57a2d4851a1d" relativeResultsDirectory="47863c66-fe4d-4e8b-a42d-18448ba06999" />
    <UnitTestResult executionId="7db64d9c-0335-4690-9e31-66a7786a365f" testId="9bb96261-1701-74be-ae73-ef01ff852954" testName="Decrypt_ShouldThrowMIPException_WhenCryptographicServiceProviderIsNotAvailable" computerName="DKSR-EFI-06" duration="00:00:00.0011938" startTime="2024-01-09T15:45:46.2607856+01:00" endTime="2024-01-09T15:45:46.2621834+01:00" testType="13cdc9d9-ddb5-4fa4-a97d-d965ccfc6d4b" outcome="Passed" testListId="8c84fa94-04c1-424b-9868-57a2d4851a1d" relativeResultsDirectory="7db64d9c-0335-4690-9e31-66a7786a365f" />
    <UnitTestResult executionId="7b73638e-aa61-4ffc-9c5e-382d3f297622" testId="bc934390-fccd-2d5c-15be-99650a75c9f5" testName="SearchResultData_Item_Success" computerName="DKSR-EFI-06" duration="00:00:00.0006619" startTime="2024-01-09T15:45:43.7755103+01:00" endTime="2024-01-09T15:45:43.7763726+01:00" testType="13cdc9d9-ddb5-4fa4-a97d-d965ccfc6d4b" outcome="Passed" testListId="8c84fa94-04c1-424b-9868-57a2d4851a1d" relativeResultsDirectory="7b73638e-aa61-4ffc-9c5e-382d3f297622" />
    <UnitTestResult executionId="22cde00c-dcb8-48a8-8d8c-50f8b871c285" testId="b6c8d5b4-b132-7bf9-41ce-a46ff913fc34" testName="ReadXml_ShouldIgnoreUnknownChildren_WhenUnknownChildrenArePresent" computerName="DKSR-EFI-06" duration="00:00:00.0007718" startTime="2024-01-09T15:45:45.6351485+01:00" endTime="2024-01-09T15:45:45.6360917+01:00" testType="13cdc9d9-ddb5-4fa4-a97d-d965ccfc6d4b" outcome="Passed" testListId="8c84fa94-04c1-424b-9868-57a2d4851a1d" relativeResultsDirectory="22cde00c-dcb8-48a8-8d8c-50f8b871c285" />
    <UnitTestResult executionId="c9efc6ab-c36a-4128-b090-3c92f9be3b14" testId="ff21f539-b1c4-45b1-9430-6096e4a5a3fd" testName="WriteXml_ShouldWriteClassCandidate_WhenThereIsOneClassCandidatePresent" computerName="DKSR-EFI-06" duration="00:00:00.0009662" startTime="2024-01-09T15:45:45.3628171+01:00" endTime="2024-01-09T15:45:45.3639432+01:00" testType="13cdc9d9-ddb5-4fa4-a97d-d965ccfc6d4b" outcome="Passed" testListId="8c84fa94-04c1-424b-9868-57a2d4851a1d" relativeResultsDirectory="c9efc6ab-c36a-4128-b090-3c92f9be3b14" />
    <UnitTestResult executionId="48a13d0a-0fd9-4f31-970a-eb9a5195ea40" testId="44f3c5c5-ae4b-6e15-d7ce-1234ea127a5e" testName="Serialize_TestCases (TestParentTypeMatchInterfaceThisTypeMatchedProperty)" computerName="DKSR-EFI-06" duration="00:00:00.0006220" startTime="2024-01-09T15:45:43.0796448+01:00" endTime="2024-01-09T15:45:43.0805679+01:00" testType="13cdc9d9-ddb5-4fa4-a97d-d965ccfc6d4b" outcome="Passed" testListId="8c84fa94-04c1-424b-9868-57a2d4851a1d" relativeResultsDirectory="48a13d0a-0fd9-4f31-970a-eb9a5195ea40" />
    <UnitTestResult executionId="1ce97804-859b-4efb-822e-c78481055794" testId="78226ef2-fcbe-8c02-29f4-cc48e0495b30" testName="OverlapsWith_ShouldReturnFalse_WhenArgumenEndIsEqualToStart" computerName="DKSR-EFI-06" duration="00:00:00.0002423" startTime="2024-01-09T15:45:32.2556613+01:00" endTime="2024-01-09T15:45:32.2560108+01:00" testType="13cdc9d9-ddb5-4fa4-a97d-d965ccfc6d4b" outcome="Passed" testListId="8c84fa94-04c1-424b-9868-57a2d4851a1d" relativeResultsDirectory="1ce97804-859b-4efb-822e-c78481055794" />
    <UnitTestResult executionId="27de5909-25f7-41c5-90d2-ff35d04f81ba" testId="3e3f253d-53ac-8cf4-0542-5e51ee7168ea" testName="Serialize_TestCases (TestParentTypeMatchObjectNotThisTypeNotMatchedProperty)" computerName="DKSR-EFI-06" duration="00:00:00.0005153" startTime="2024-01-09T15:45:43.0610567+01:00" endTime="2024-01-09T15:45:43.0618812+01:00" testType="13cdc9d9-ddb5-4fa4-a97d-d965ccfc6d4b" outcome="Passed" testListId="8c84fa94-04c1-424b-9868-57a2d4851a1d" relativeResultsDirectory="27de5909-25f7-41c5-90d2-ff35d04f81ba" />
    <UnitTestResult executionId="f4237254-cb15-4956-af5d-e3e6eb35ac0e" testId="1527d9bd-270b-3515-ebaa-bce4928c6e69" testName="Items_NullChildItem_ItemNotShown" computerName="DKSR-EFI-06" duration="00:00:00.0153918" startTime="2024-01-09T15:45:40.7751657+01:00" endTime="2024-01-09T15:45:40.7909071+01:00" testType="13cdc9d9-ddb5-4fa4-a97d-d965ccfc6d4b" outcome="Passed" testListId="8c84fa94-04c1-424b-9868-57a2d4851a1d" relativeResultsDirectory="f4237254-cb15-4956-af5d-e3e6eb35ac0e" />
    <UnitTestResult executionId="14cb44b9-513d-4647-9167-cc97616ab83c" testId="9b0d69da-f0df-c6b0-7696-299b1ca48f22" testName="AllAttributesWerePresent_ShouldReturnTrue_WhenBothXAndYAreFloats" computerName="DKSR-EFI-06" duration="00:00:00.0002443" startTime="2024-01-09T15:45:45.6190944+01:00" endTime="2024-01-09T15:45:45.6195005+01:00" testType="13cdc9d9-ddb5-4fa4-a97d-d965ccfc6d4b" outcome="Passed" testListId="8c84fa94-04c1-424b-9868-57a2d4851a1d" relativeResultsDirectory="14cb44b9-513d-4647-9167-cc97616ab83c" />
    <UnitTestResult executionId="869c8801-b477-447d-ad10-8d06a8155bb5" testId="78b38ad0-3cef-09ee-1bf9-763896c87118" testName="ConstructorShouldThrowArgumentNullExceptionWhenContentIsNull" computerName="DKSR-EFI-06" duration="00:00:00.0017408" startTime="2024-01-09T15:45:46.1430826+01:00" endTime="2024-01-09T15:45:46.1452266+01:00" testType="13cdc9d9-ddb5-4fa4-a97d-d965ccfc6d4b" outcome="Passed" testListId="8c84fa94-04c1-424b-9868-57a2d4851a1d" relativeResultsDirectory="869c8801-b477-447d-ad10-8d06a8155bb5" />
    <UnitTestResult executionId="9840787d-732e-4d2f-acba-7e344f0a6893" testId="baa0e531-65cd-6df8-b464-315d19c68df0" testName="Serialize_TestCases (TestParentTypeMatchIntThisTypeNotMatched)" computerName="DKSR-EFI-06" duration="00:00:00.0003037" startTime="2024-01-09T15:45:43.0044450+01:00" endTime="2024-01-09T15:45:43.0050607+01:00" testType="13cdc9d9-ddb5-4fa4-a97d-d965ccfc6d4b" outcome="Passed" testListId="8c84fa94-04c1-424b-9868-57a2d4851a1d" relativeResultsDirectory="9840787d-732e-4d2f-acba-7e344f0a6893" />
    <UnitTestResult executionId="de13288d-ea69-4f75-aa03-ea4b2a758955" testId="acd28437-0e13-f5d1-fe2d-ceccbcc0b0d8" testName="Construct4_And_Field_Check" computerName="DKSR-EFI-06" duration="00:00:00.0155131" startTime="2024-01-09T15:45:19.1258233+01:00" endTime="2024-01-09T15:45:19.1415517+01:00" testType="13cdc9d9-ddb5-4fa4-a97d-d965ccfc6d4b" outcome="Passed" testListId="8c84fa94-04c1-424b-9868-57a2d4851a1d" relativeResultsDirectory="de13288d-ea69-4f75-aa03-ea4b2a758955" />
    <UnitTestResult executionId="4c81a549-c50b-4317-83b9-f93a82c5ef98" testId="5299c3b1-b147-2926-54b8-048e2c168fc2" testName="Replace_ShouldInvokeCallback_WhenObservable" computerName="DKSR-EFI-06" duration="00:00:00.0019971" startTime="2024-01-09T15:45:41.3221812+01:00" endTime="2024-01-09T15:45:41.3374225+01:00" testType="13cdc9d9-ddb5-4fa4-a97d-d965ccfc6d4b" outcome="Passed" testListId="8c84fa94-04c1-424b-9868-57a2d4851a1d" relativeResultsDirectory="4c81a549-c50b-4317-83b9-f93a82c5ef98" />
    <UnitTestResult executionId="16b5f1b7-39e4-485b-9068-7751ed39602c" testId="c2a92498-f703-1b39-7778-71f05b13e27d" testName="ReadXml_ShouldSetAllPropertiesToZero_WhenElementIsEmpty" computerName="DKSR-EFI-06" duration="00:00:00.0016706" startTime="2024-01-09T15:45:45.4126996+01:00" endTime="2024-01-09T15:45:45.4145717+01:00" testType="13cdc9d9-ddb5-4fa4-a97d-d965ccfc6d4b" outcome="Passed" testListId="8c84fa94-04c1-424b-9868-57a2d4851a1d" relativeResultsDirectory="16b5f1b7-39e4-485b-9068-7751ed39602c" />
    <UnitTestResult executionId="eb82eebc-b7b9-420d-94dd-fd2aeed67948" testId="3372ebee-2694-cd8c-3837-7e4b7c8e7b0c" testName="Serialize_TestCases (TestParentTypeMatchObjectThisTypeNotMatched)" computerName="DKSR-EFI-06" duration="00:00:00.0006838" startTime="2024-01-09T15:45:43.0506011+01:00" endTime="2024-01-09T15:45:43.0516863+01:00" testType="13cdc9d9-ddb5-4fa4-a97d-d965ccfc6d4b" outcome="Passed" testListId="8c84fa94-04c1-424b-9868-57a2d4851a1d" relativeResultsDirectory="eb82eebc-b7b9-420d-94dd-fd2aeed67948" />
    <UnitTestResult executionId="160a735b-80bc-472f-a11d-19141f2a0c84" testId="06c90135-67c9-51a3-9a46-9517155efc3a" testName="Encrypt_PropertyIsSetToNo_ThrowsException" computerName="DKSR-EFI-06" duration="00:00:00.0135680" startTime="2024-01-09T15:45:20.0821665+01:00" endTime="2024-01-09T15:45:20.0960311+01:00" testType="13cdc9d9-ddb5-4fa4-a97d-d965ccfc6d4b" outcome="Passed" testListId="8c84fa94-04c1-424b-9868-57a2d4851a1d" relativeResultsDirectory="160a735b-80bc-472f-a11d-19141f2a0c84" />
    <UnitTestResult executionId="c8b102be-f68c-4209-b0b0-475f23d2bfca" testId="1b4a32c3-9eb5-2168-e50a-80b2df0aa2f3" testName="ReadXml_ShouldReadMultipleFrames_WhenMultipleCorrectFramesArePresent" computerName="DKSR-EFI-06" duration="00:00:00.0003592" startTime="2024-01-09T15:45:45.6380214+01:00" endTime="2024-01-09T15:45:45.6385405+01:00" testType="13cdc9d9-ddb5-4fa4-a97d-d965ccfc6d4b" outcome="Passed" testListId="8c84fa94-04c1-424b-9868-57a2d4851a1d" relativeResultsDirectory="c8b102be-f68c-4209-b0b0-475f23d2bfca" />
    <UnitTestResult executionId="80cc6a12-490a-481f-9c4b-4d85ff79eb4b" testId="a28156aa-3bb5-7287-717c-afe6ec74f152" testName="Add_NotNullValue_Success" computerName="DKSR-EFI-06" duration="00:00:00.0002470" startTime="2024-01-09T15:45:32.5205267+01:00" endTime="2024-01-09T15:45:32.5208932+01:00" testType="13cdc9d9-ddb5-4fa4-a97d-d965ccfc6d4b" outcome="Passed" testListId="8c84fa94-04c1-424b-9868-57a2d4851a1d" relativeResultsDirectory="80cc6a12-490a-481f-9c4b-4d85ff79eb4b" />
    <UnitTestResult executionId="f732c752-341e-4d94-b04a-d57b74ac3c42" testId="23408848-110d-2bfe-6354-e8de8927ac23" testName="GenerateDeviceCapabilityParameters_ShouldWriteTypeDisplayId_WhenAlways" computerName="DKSR-EFI-06" duration="00:00:00.0009033" startTime="2024-01-09T15:45:46.5463496+01:00" endTime="2024-01-09T15:45:46.5474288+01:00" testType="13cdc9d9-ddb5-4fa4-a97d-d965ccfc6d4b" outcome="Passed" testListId="8c84fa94-04c1-424b-9868-57a2d4851a1d" relativeResultsDirectory="f732c752-341e-4d94-b04a-d57b74ac3c42" />
    <UnitTestResult executionId="8132168d-d455-4ff0-849f-3979bb6136a1" testId="49d3e4e4-be09-c24f-6884-4d663f775ecc" testName="Serialize_TestCases (TestParentTypeMatchObjectThisTypeMatchedProperty)" computerName="DKSR-EFI-06" duration="00:00:00.0006717" startTime="2024-01-09T15:45:43.0525739+01:00" endTime="2024-01-09T15:45:43.0535804+01:00" testType="13cdc9d9-ddb5-4fa4-a97d-d965ccfc6d4b" outcome="Passed" testListId="8c84fa94-04c1-424b-9868-57a2d4851a1d" relativeResultsDirectory="8132168d-d455-4ff0-849f-3979bb6136a1" />
    <UnitTestResult executionId="c6b1dbd0-184a-47f8-999f-b65a4cb0b5af" testId="11006eff-dccd-aa32-9666-4dd55bbdd6ef" testName="GenerateEnumValueParameters_ShouldWriteName_WhenAlways" computerName="DKSR-EFI-06" duration="00:00:00.0005812" startTime="2024-01-09T15:45:46.4347207+01:00" endTime="2024-01-09T15:45:46.4355038+01:00" testType="13cdc9d9-ddb5-4fa4-a97d-d965ccfc6d4b" outcome="Passed" testListId="8c84fa94-04c1-424b-9868-57a2d4851a1d" relativeResultsDirectory="c6b1dbd0-184a-47f8-999f-b65a4cb0b5af" />
    <UnitTestResult executionId="74c8ad40-1c85-49fd-a9e9-5e43939f77de" testId="00d2b6ae-d05f-2d34-4eb2-fb5187257361" testName="Equals_ShouldHaveValueSemantics_WhenAlways" computerName="DKSR-EFI-06" duration="00:00:00.0010344" startTime="2024-01-09T15:45:44.9149805+01:00" endTime="2024-01-09T15:45:44.9162087+01:00" testType="13cdc9d9-ddb5-4fa4-a97d-d965ccfc6d4b" outcome="Passed" testListId="8c84fa94-04c1-424b-9868-57a2d4851a1d" relativeResultsDirectory="74c8ad40-1c85-49fd-a9e9-5e43939f77de" />
    <UnitTestResult executionId="83ed13fd-d549-4b0c-9705-6a47d15c1e90" testId="5aae0d5c-c153-7620-5b85-675beef30370" testName="TestConstructor_Success" computerName="DKSR-EFI-06" duration="00:00:00.0004260" startTime="2024-01-09T15:45:44.3519705+01:00" endTime="2024-01-09T15:45:44.3526831+01:00" testType="13cdc9d9-ddb5-4fa4-a97d-d965ccfc6d4b" outcome="Passed" testListId="8c84fa94-04c1-424b-9868-57a2d4851a1d" relativeResultsDirectory="83ed13fd-d549-4b0c-9705-6a47d15c1e90" />
    <UnitTestResult executionId="a0226003-8fe3-4d34-bb39-565785e820c9" testId="014a068d-cf03-ed2b-0a73-be788526e910" testName="Minimize_ShouldReturnOneInterval_WhenListContainsTwoOverlappingIntervalsReversed" computerName="DKSR-EFI-06" duration="00:00:00.0005829" startTime="2024-01-09T15:45:32.2901503+01:00" endTime="2024-01-09T15:45:32.2909268+01:00" testType="13cdc9d9-ddb5-4fa4-a97d-d965ccfc6d4b" outcome="Passed" testListId="8c84fa94-04c1-424b-9868-57a2d4851a1d" relativeResultsDirectory="a0226003-8fe3-4d34-bb39-565785e820c9" />
    <UnitTestResult executionId="4ac02d29-5877-497c-900f-074ae9cf4a90" testId="b79783b6-52a2-ffc5-2a1d-6b3307f25451" testName="IsValid_ShouldReturnFalse_WhenTypeIsWhitespace" computerName="DKSR-EFI-06" duration="00:00:00.0002676" startTime="2024-01-09T15:45:44.9241903+01:00" endTime="2024-01-09T15:45:44.9247015+01:00" testType="13cdc9d9-ddb5-4fa4-a97d-d965ccfc6d4b" outcome="Passed" testListId="8c84fa94-04c1-424b-9868-57a2d4851a1d" relativeResultsDirectory="4ac02d29-5877-497c-900f-074ae9cf4a90" />
    <UnitTestResult executionId="b44fafa9-bc23-44e3-aa13-a6ea40582714" testId="629a124b-d106-9b5f-4810-e231979dd6e9" testName="ProvideValue_ShouldNotApplyContentTemplate_WhenItemContentTemplatePropertyNameIsNotSet" computerName="DKSR-EFI-06" duration="00:00:00.0071396" startTime="2024-01-09T15:45:41.9286632+01:00" endTime="2024-01-09T15:45:41.9689782+01:00" testType="13cdc9d9-ddb5-4fa4-a97d-d965ccfc6d4b" outcome="Passed" testListId="8c84fa94-04c1-424b-9868-57a2d4851a1d" relativeResultsDirectory="b44fafa9-bc23-44e3-aa13-a6ea40582714" />
    <UnitTestResult executionId="83fe2330-a9f0-4b35-81ac-1dd64bf7c355" testId="c484feb4-af2e-2886-69bb-e210e70b626b" testName="Encrypt_PropertyIsSetToTrue_EncryptIsTrue" computerName="DKSR-EFI-06" duration="00:00:00.0188021" startTime="2024-01-09T15:45:20.0617435+01:00" endTime="2024-01-09T15:45:20.0807701+01:00" testType="13cdc9d9-ddb5-4fa4-a97d-d965ccfc6d4b" outcome="Passed" testListId="8c84fa94-04c1-424b-9868-57a2d4851a1d" relativeResultsDirectory="83fe2330-a9f0-4b35-81ac-1dd64bf7c355" />
    <UnitTestResult executionId="6fcff716-4c69-40e2-8ce4-fccf5ebb45c3" testId="d1220843-958c-7092-38af-904c7c323e51" testName="ParseMetadataXmlWithString_ShouldThrowXmExceptionWithInformationOnError_WhenNamespaceIsIncorrect" computerName="DKSR-EFI-06" duration="00:00:00.0024078" startTime="2024-01-09T15:45:45.1652727+01:00" endTime="2024-01-09T15:45:45.1678963+01:00" testType="13cdc9d9-ddb5-4fa4-a97d-d965ccfc6d4b" outcome="Passed" testListId="8c84fa94-04c1-424b-9868-57a2d4851a1d" relativeResultsDirectory="6fcff716-4c69-40e2-8ce4-fccf5ebb45c3" />
    <UnitTestResult executionId="837a9308-1c49-44fd-a91a-32aced37d628" testId="146d8b26-0f20-3176-153a-32e5f137191a" testName="Minimize_ShouldReturnThreeIntervals_WhenListContainsFiveOverLappingAndNonOverlappingIntervalsReversed" computerName="DKSR-EFI-06" duration="00:00:00.0006563" startTime="2024-01-09T15:45:32.3065121+01:00" endTime="2024-01-09T15:45:32.3072766+01:00" testType="13cdc9d9-ddb5-4fa4-a97d-d965ccfc6d4b" outcome="Passed" testListId="8c84fa94-04c1-424b-9868-57a2d4851a1d" relativeResultsDirectory="837a9308-1c49-44fd-a91a-32aced37d628" />
    <UnitTestResult executionId="3bb3acf7-76ae-46f0-ba5c-e7b684cc8e94" testId="878adaec-8c5a-d59b-9da3-9b3871dea119" testName="Serialize_TestCases (TestParentTypeMatchEnumNotThisTypeNotMatched)" computerName="DKSR-EFI-06" duration="00:00:00.0003275" startTime="2024-01-09T15:45:43.0266031+01:00" endTime="2024-01-09T15:45:43.0272276+01:00" testType="13cdc9d9-ddb5-4fa4-a97d-d965ccfc6d4b" outcome="Passed" testListId="8c84fa94-04c1-424b-9868-57a2d4851a1d" relativeResultsDirectory="3bb3acf7-76ae-46f0-ba5c-e7b684cc8e94" />
    <UnitTestResult executionId="eb0cae78-36d6-464b-8b84-9de0bb7eed90" testId="8e460e03-2bfd-8239-d4ce-aaba6f07f2d0" testName="GetExpectedToken_ShouldReturnMD5_WhenInputTokenHashTypeIsMD5" computerName="DKSR-EFI-06" duration="00:00:00.0017661" startTime="2024-01-09T15:45:46.8117168+01:00" endTime="2024-01-09T15:45:46.8136762+01:00" testType="13cdc9d9-ddb5-4fa4-a97d-d965ccfc6d4b" outcome="Passed" testListId="8c84fa94-04c1-424b-9868-57a2d4851a1d" relativeResultsDirectory="eb0cae78-36d6-464b-8b84-9de0bb7eed90" />
    <UnitTestResult executionId="163c5a86-bde5-479e-b4f4-d04a5d7ce4d4" testId="ed293078-f25c-eb2e-8912-33515871c1a2" testName="Serialize_ShouldHandleRecursiveCollection" computerName="DKSR-EFI-06" duration="00:00:00.0079266" startTime="2024-01-09T15:45:42.8201346+01:00" endTime="2024-01-09T15:45:42.8283316+01:00" testType="13cdc9d9-ddb5-4fa4-a97d-d965ccfc6d4b" outcome="Passed" testListId="8c84fa94-04c1-424b-9868-57a2d4851a1d" relativeResultsDirectory="163c5a86-bde5-479e-b4f4-d04a5d7ce4d4" />
    <UnitTestResult executionId="7e40b5fe-da84-412e-814d-f2496217adf1" testId="090bb946-dfcb-8466-9f8e-938126697e92" testName="GenerateParameters_ShouldWriteMacAddress_WhenAlways" computerName="DKSR-EFI-06" duration="00:00:00.0017612" startTime="2024-01-09T15:45:46.4507435+01:00" endTime="2024-01-09T15:45:46.4526829+01:00" testType="13cdc9d9-ddb5-4fa4-a97d-d965ccfc6d4b" outcome="Passed" testListId="8c84fa94-04c1-424b-9868-57a2d4851a1d" relativeResultsDirectory="7e40b5fe-da84-412e-814d-f2496217adf1" />
    <UnitTestResult executionId="0dbb13e6-da4d-4630-a41e-4351fd2bf5f6" testId="e4c24bc9-2414-541c-9971-01e696ad9e3b" testName="Ctor_NoStandardFilters_Success" computerName="DKSR-EFI-06" duration="00:00:00.0005247" startTime="2024-01-09T15:45:44.2543488+01:00" endTime="2024-01-09T15:45:44.2550786+01:00" testType="13cdc9d9-ddb5-4fa4-a97d-d965ccfc6d4b" outcome="Passed" testListId="8c84fa94-04c1-424b-9868-57a2d4851a1d" relativeResultsDirectory="0dbb13e6-da4d-4630-a41e-4351fd2bf5f6" />
    <UnitTestResult executionId="396510be-9c1c-4365-852f-af51ee913aea" testId="a9f5292d-e31f-a581-3eed-5680d989d123" testName="GetItem_ShouldReturnNull_WhenUnknownKind" computerName="DKSR-EFI-06" duration="00:00:00.0003273" startTime="2024-01-09T15:45:22.1366281+01:00" endTime="2024-01-09T15:45:22.1370856+01:00" testType="13cdc9d9-ddb5-4fa4-a97d-d965ccfc6d4b" outcome="Passed" testListId="8c84fa94-04c1-424b-9868-57a2d4851a1d" relativeResultsDirectory="396510be-9c1c-4365-852f-af51ee913aea" />
    <UnitTestResult executionId="9eedeaeb-7022-4987-a1f3-30119f495c0c" testId="c4adad9d-ea20-a13f-97f1-44293498d06e" testName="WriteMetadataXmlWithStream_ShouldWriteRootElement_WhenDataIsPresent" computerName="DKSR-EFI-06" duration="00:00:00.0004602" startTime="2024-01-09T15:45:45.2366716+01:00" endTime="2024-01-09T15:45:45.2372706+01:00" testType="13cdc9d9-ddb5-4fa4-a97d-d965ccfc6d4b" outcome="Passed" testListId="8c84fa94-04c1-424b-9868-57a2d4851a1d" relativeResultsDirectory="9eedeaeb-7022-4987-a1f3-30119f495c0c" />
    <UnitTestResult executionId="eecb2a33-fe4e-4dbe-93c8-7fe656f9a28f" testId="aeeaebaf-8448-f122-1094-fc83a31ad89a" testName="GenerateTypeDefinintionParameters_ShouldWriteNumberOfCapabilities_WhenAlways" computerName="DKSR-EFI-06" duration="00:00:00.0003495" startTime="2024-01-09T15:45:46.7953071+01:00" endTime="2024-01-09T15:45:46.7958376+01:00" testType="13cdc9d9-ddb5-4fa4-a97d-d965ccfc6d4b" outcome="Passed" testListId="8c84fa94-04c1-424b-9868-57a2d4851a1d" relativeResultsDirectory="eecb2a33-fe4e-4dbe-93c8-7fe656f9a28f" />
    <UnitTestResult executionId="31464863-6200-4330-894d-9d883aa25049" testId="01bc0fde-c67c-6987-54c2-b9ed8c5df445" testName="ProvideValue_ShouldUseContentTemplate_WhenSelectedItemIsCustomItem" computerName="DKSR-EFI-06" duration="00:00:00.0032709" startTime="2024-01-09T15:45:42.4074096+01:00" endTime="2024-01-09T15:45:42.4176276+01:00" testType="13cdc9d9-ddb5-4fa4-a97d-d965ccfc6d4b" outcome="Passed" testListId="8c84fa94-04c1-424b-9868-57a2d4851a1d" relativeResultsDirectory="31464863-6200-4330-894d-9d883aa25049" />
    <UnitTestResult executionId="65e39c66-f5dc-421a-8894-6e137bec9532" testId="41e8bbd6-3770-3db6-c9ec-9f2dfc487593" testName="GetPrevious_ShouldReturnSecondLastElement_WhenLastEntryCalledAndThereIsAPreviousEntry" computerName="DKSR-EFI-06" duration="00:00:00.0004116" startTime="2024-01-09T15:45:46.4971306+01:00" endTime="2024-01-09T15:45:46.4977380+01:00" testType="13cdc9d9-ddb5-4fa4-a97d-d965ccfc6d4b" outcome="Passed" testListId="8c84fa94-04c1-424b-9868-57a2d4851a1d" relativeResultsDirectory="65e39c66-f5dc-421a-8894-6e137bec9532" />
    <UnitTestResult executionId="0d8ea5b2-06ab-4160-91b3-13b648fe8139" testId="e20a2443-63de-0ab9-fc1f-4a1cb2289ef1" testName="CountByItems_NotActivated_Empty" computerName="DKSR-EFI-06" duration="00:00:00.0011567" startTime="2024-01-09T15:45:46.2960186+01:00" endTime="2024-01-09T15:45:46.2973003+01:00" testType="13cdc9d9-ddb5-4fa4-a97d-d965ccfc6d4b" outcome="Passed" testListId="8c84fa94-04c1-424b-9868-57a2d4851a1d" relativeResultsDirectory="0d8ea5b2-06ab-4160-91b3-13b648fe8139" />
    <UnitTestResult executionId="9bc8ae3d-937d-4728-835b-d12484c530fb" testId="7f8bbaf1-206b-a0aa-eea7-dbbbfa082a2a" testName="Serialize_TestCases (TestParentTypeMatchStructThisTypeNotMatched)" computerName="DKSR-EFI-06" duration="00:00:00.0004696" startTime="2024-01-09T15:45:43.0312670+01:00" endTime="2024-01-09T15:45:43.0321030+01:00" testType="13cdc9d9-ddb5-4fa4-a97d-d965ccfc6d4b" outcome="Passed" testListId="8c84fa94-04c1-424b-9868-57a2d4851a1d" relativeResultsDirectory="9bc8ae3d-937d-4728-835b-d12484c530fb" />
    <UnitTestResult executionId="e71a86ba-7afc-44c6-85f5-8f1ee2dca632" testId="2da09afd-447a-1927-2e16-59b373bc893e" testName="GenerateDeviceCapabilityParameters_ShouldWriteTypeAsData_WhenAlways" computerName="DKSR-EFI-06" duration="00:00:00.0055369" startTime="2024-01-09T15:45:46.4118429+01:00" endTime="2024-01-09T15:45:46.4176153+01:00" testType="13cdc9d9-ddb5-4fa4-a97d-d965ccfc6d4b" outcome="Passed" testListId="8c84fa94-04c1-424b-9868-57a2d4851a1d" relativeResultsDirectory="e71a86ba-7afc-44c6-85f5-8f1ee2dca632" />
    <UnitTestResult executionId="94948e8a-a2d5-4c22-af92-747162119bef" testId="a17fc58f-03d2-d783-1f61-cc54e1b01c86" testName="LicensesObjectId_ShouldBeTheSameAsReleasedBeforeNonFips" computerName="DKSR-EFI-06" duration="00:00:00.0006110" startTime="2024-01-09T15:45:46.2058759+01:00" endTime="2024-01-09T15:45:46.2067905+01:00" testType="13cdc9d9-ddb5-4fa4-a97d-d965ccfc6d4b" outcome="Passed" testListId="8c84fa94-04c1-424b-9868-57a2d4851a1d" relativeResultsDirectory="94948e8a-a2d5-4c22-af92-747162119bef" />
    <UnitTestResult executionId="60ec0b66-1e39-4a33-87a0-2d42e51cd99d" testId="20458d0b-b85c-491e-b4ab-b9b8494bb490" testName="Construct2_And_Field_Check" computerName="DKSR-EFI-06" duration="00:00:00.1259472" startTime="2024-01-09T15:45:18.9863231+01:00" endTime="2024-01-09T15:45:19.1124933+01:00" testType="13cdc9d9-ddb5-4fa4-a97d-d965ccfc6d4b" outcome="Passed" testListId="8c84fa94-04c1-424b-9868-57a2d4851a1d" relativeResultsDirectory="60ec0b66-1e39-4a33-87a0-2d42e51cd99d" />
    <UnitTestResult executionId="68911cfd-ae39-4775-a150-67f50224b961" testId="b2538acc-438d-df18-2761-19b1ee3522d9" testName="GenerateParameters_ShouldWriteGopRange_WhenGopRangeIsNotNull" computerName="DKSR-EFI-06" duration="00:00:00.0004275" startTime="2024-01-09T15:45:46.4050724+01:00" endTime="2024-01-09T15:45:46.4056830+01:00" testType="13cdc9d9-ddb5-4fa4-a97d-d965ccfc6d4b" outcome="Passed" testListId="8c84fa94-04c1-424b-9868-57a2d4851a1d" relativeResultsDirectory="68911cfd-ae39-4775-a150-67f50224b961" />
    <UnitTestResult executionId="c68aaee8-7bce-4feb-bc5c-e01f6f32a934" testId="0209b421-7614-162d-e45d-48fbd126c964" testName="MatchId_Success_MessageWithAsteriskATEnd" computerName="DKSR-EFI-06" duration="00:00:00.0002562" startTime="2024-01-09T15:45:45.6627079+01:00" endTime="2024-01-09T15:45:45.6631719+01:00" testType="13cdc9d9-ddb5-4fa4-a97d-d965ccfc6d4b" outcome="Passed" testListId="8c84fa94-04c1-424b-9868-57a2d4851a1d" relativeResultsDirectory="c68aaee8-7bce-4feb-bc5c-e01f6f32a934" />
    <UnitTestResult executionId="d2bba547-98f5-48d1-a1a9-53e18cd92fea" testId="39224d7b-adf2-c3bb-b064-ed7483309b12" testName="ReadXml_ShouldLogWarning_WhenRequiredAttributeIsMissing" computerName="DKSR-EFI-06" duration="00:00:00.0009653" startTime="2024-01-09T15:45:45.6201911+01:00" endTime="2024-01-09T15:45:45.6213201+01:00" testType="13cdc9d9-ddb5-4fa4-a97d-d965ccfc6d4b" outcome="Passed" testListId="8c84fa94-04c1-424b-9868-57a2d4851a1d" relativeResultsDirectory="d2bba547-98f5-48d1-a1a9-53e18cd92fea" />
    <UnitTestResult executionId="30bb9335-a8d4-4bb0-ba3a-9c2e0adc3a9e" testId="6b9e5408-4e04-a559-173d-978d8c871a1a" testName="WriteXml_ShouldOmitElements_WhenTheyAreNull" computerName="DKSR-EFI-06" duration="00:00:00.0006308" startTime="2024-01-09T15:45:45.5335983+01:00" endTime="2024-01-09T15:45:45.5344191+01:00" testType="13cdc9d9-ddb5-4fa4-a97d-d965ccfc6d4b" outcome="Passed" testListId="8c84fa94-04c1-424b-9868-57a2d4851a1d" relativeResultsDirectory="30bb9335-a8d4-4bb0-ba3a-9c2e0adc3a9e" />
    <UnitTestResult executionId="18493745-e6b7-46ce-a3bb-6fe39feab213" testId="4599a740-2169-7e32-9656-668b8e9b7b20" testName="CreateSearchFilterEditControl_MultiplePlugins_MilestonePluginsFirst" computerName="DKSR-EFI-06" duration="00:00:00.0022398" startTime="2024-01-09T15:45:44.1707082+01:00" endTime="2024-01-09T15:45:44.1754315+01:00" testType="13cdc9d9-ddb5-4fa4-a97d-d965ccfc6d4b" outcome="Passed" testListId="8c84fa94-04c1-424b-9868-57a2d4851a1d" relativeResultsDirectory="18493745-e6b7-46ce-a3bb-6fe39feab213" />
    <UnitTestResult executionId="e1293d95-7321-47d0-bcca-a3062321345a" testId="c64e7bd8-cb07-f721-64bb-ea14df3c64c6" testName="IsValid_ShouldBeSetToFalse_WhenBoundingBoxIsMissing" computerName="DKSR-EFI-06" duration="00:00:00.0024873" startTime="2024-01-09T15:45:45.4806375+01:00" endTime="2024-01-09T15:45:45.4833298+01:00" testType="13cdc9d9-ddb5-4fa4-a97d-d965ccfc6d4b" outcome="Passed" testListId="8c84fa94-04c1-424b-9868-57a2d4851a1d" relativeResultsDirectory="e1293d95-7321-47d0-bcca-a3062321345a" />
    <UnitTestResult executionId="9bdbac15-4a0e-4ee0-8a3e-17f3d0cbbeda" testId="1d781042-4a4b-edb4-7dfd-5edbb643ac7b" testName="TestMultiLevelQueue_OneLevel_Success" computerName="DKSR-EFI-06" duration="00:00:00.2119951" startTime="2024-01-09T15:45:33.0505996+01:00" endTime="2024-01-09T15:45:33.2629830+01:00" testType="13cdc9d9-ddb5-4fa4-a97d-d965ccfc6d4b" outcome="Passed" testListId="8c84fa94-04c1-424b-9868-57a2d4851a1d" relativeResultsDirectory="9bdbac15-4a0e-4ee0-8a3e-17f3d0cbbeda" />
    <UnitTestResult executionId="e560f1da-8d74-4d6e-b37d-1965248287f0" testId="31c80297-0b11-c824-d2b2-d7f2c10e7839" testName="GetAtOrBefore_ShouldReturnNull_WhenTimestampIsBeforeFirstElement" computerName="DKSR-EFI-06" duration="00:00:00.0004101" startTime="2024-01-09T15:45:46.5310470+01:00" endTime="2024-01-09T15:45:46.5316249+01:00" testType="13cdc9d9-ddb5-4fa4-a97d-d965ccfc6d4b" outcome="Passed" testListId="8c84fa94-04c1-424b-9868-57a2d4851a1d" relativeResultsDirectory="e560f1da-8d74-4d6e-b37d-1965248287f0" />
    <UnitTestResult executionId="2125d0a2-d4df-4868-a1ba-6e0974ce0a59" testId="de4de35b-27a7-9209-5227-b270da191793" testName="Remove_String" computerName="DKSR-EFI-06" duration="00:00:00.0007616" startTime="2024-01-09T15:45:44.5169569+01:00" endTime="2024-01-09T15:45:44.5178806+01:00" testType="13cdc9d9-ddb5-4fa4-a97d-d965ccfc6d4b" outcome="Passed" testListId="8c84fa94-04c1-424b-9868-57a2d4851a1d" relativeResultsDirectory="2125d0a2-d4df-4868-a1ba-6e0974ce0a59" />
    <UnitTestResult executionId="f7c83e5f-c54e-465d-aa94-00f6ba647240" testId="e036dcac-c98f-c247-938a-14a54b7a60ea" testName="Equals_IgnoreFolderType_Fail_OnServerIdId" computerName="DKSR-EFI-06" duration="00:00:00.0003728" startTime="2024-01-09T15:45:18.6508037+01:00" endTime="2024-01-09T15:45:18.6512706+01:00" testType="13cdc9d9-ddb5-4fa4-a97d-d965ccfc6d4b" outcome="Passed" testListId="8c84fa94-04c1-424b-9868-57a2d4851a1d" relativeResultsDirectory="f7c83e5f-c54e-465d-aa94-00f6ba647240" />
    <UnitTestResult executionId="9777953b-2cf4-4ed0-839f-ce2ea607b333" testId="68a34a15-d421-8568-e2a0-5ca548802bb9" testName="Latitude_ShouldThrowArgumentOfRange_WhenValueIsOutsideAcceptedRange" computerName="DKSR-EFI-06" duration="00:00:00.0029666" startTime="2024-01-09T15:45:45.3006405+01:00" endTime="2024-01-09T15:45:45.3038130+01:00" testType="13cdc9d9-ddb5-4fa4-a97d-d965ccfc6d4b" outcome="Passed" testListId="8c84fa94-04c1-424b-9868-57a2d4851a1d" relativeResultsDirectory="9777953b-2cf4-4ed0-839f-ce2ea607b333" />
    <UnitTestResult executionId="7143461b-fa13-4315-820f-aa8b32727b5b" testId="4f82d922-22f6-d968-086c-9b41bf965fdc" testName="ReadXml_ShouldLogWarningTwiceWhenMoreThanOneMinuteBetweenWarnings_WhenIncompleteScaleIsPresent" computerName="DKSR-EFI-06" duration="00:00:00.0020722" startTime="2024-01-09T15:45:45.5884562+01:00" endTime="2024-01-09T15:45:45.5906788+01:00" testType="13cdc9d9-ddb5-4fa4-a97d-d965ccfc6d4b" outcome="Passed" testListId="8c84fa94-04c1-424b-9868-57a2d4851a1d" relativeResultsDirectory="7143461b-fa13-4315-820f-aa8b32727b5b" />
    <UnitTestResult executionId="f30989e4-e1fb-4ba6-8be3-2c950c5c75ec" testId="5c8be7a3-8036-a747-4753-97244e6fc863" testName="SearchResultData_BeginTimeWithPaddingUnset_ShouldReturnBeginTime" computerName="DKSR-EFI-06" duration="00:00:00.0002240" startTime="2024-01-09T15:45:43.7673290+01:00" endTime="2024-01-09T15:45:43.7677532+01:00" testType="13cdc9d9-ddb5-4fa4-a97d-d965ccfc6d4b" outcome="Passed" testListId="8c84fa94-04c1-424b-9868-57a2d4851a1d" relativeResultsDirectory="f30989e4-e1fb-4ba6-8be3-2c950c5c75ec" />
    <UnitTestResult executionId="ac02af82-69a6-474a-9cb7-32b581721874" testId="1ffa1bf6-fb8e-b8ef-fe84-530e8f551d9d" testName="CountByItems_Activated_Empty" computerName="DKSR-EFI-06" duration="00:00:00.0008262" startTime="2024-01-09T15:45:46.3135716+01:00" endTime="2024-01-09T15:45:46.3145666+01:00" testType="13cdc9d9-ddb5-4fa4-a97d-d965ccfc6d4b" outcome="Passed" testListId="8c84fa94-04c1-424b-9868-57a2d4851a1d" relativeResultsDirectory="ac02af82-69a6-474a-9cb7-32b581721874" />
    <UnitTestResult executionId="92058231-da2a-4cfe-bd4c-225bc974a10f" testId="ecc8a678-a940-3ae6-944a-34c722824547" testName="GetChildItems_ShouldReturnNull_WhenAllNotAllAdded" computerName="DKSR-EFI-06" duration="00:00:00.0021000" startTime="2024-01-09T15:45:22.1761193+01:00" endTime="2024-01-09T15:45:22.1783833+01:00" testType="13cdc9d9-ddb5-4fa4-a97d-d965ccfc6d4b" outcome="Passed" testListId="8c84fa94-04c1-424b-9868-57a2d4851a1d" relativeResultsDirectory="92058231-da2a-4cfe-bd4c-225bc974a10f" />
    <UnitTestResult executionId="cb8583fa-f7a8-40a2-aff9-6f2aac408274" testId="a344a1b7-3c88-1dd6-4640-84dd30900694" testName="Remove_ShouldInvokeCallback_WhenObservable" computerName="DKSR-EFI-06" duration="00:00:00.0020587" startTime="2024-01-09T15:45:41.5054349+01:00" endTime="2024-01-09T15:45:41.5190447+01:00" testType="13cdc9d9-ddb5-4fa4-a97d-d965ccfc6d4b" outcome="Passed" testListId="8c84fa94-04c1-424b-9868-57a2d4851a1d" relativeResultsDirectory="cb8583fa-f7a8-40a2-aff9-6f2aac408274" />
    <UnitTestResult executionId="10278da2-7b3b-437d-82dd-3ec4ac6191a6" testId="8b839df5-395a-2e9c-1956-4200a4a4d5cd" testName="TryParseArgbString_ShouldCreateInstanceWithCorrectARGBValues_WhenFormatIsCorrect" computerName="DKSR-EFI-06" duration="00:00:00.0032690" startTime="2024-01-09T15:45:44.9761342+01:00" endTime="2024-01-09T15:45:44.9797054+01:00" testType="13cdc9d9-ddb5-4fa4-a97d-d965ccfc6d4b" outcome="Passed" testListId="8c84fa94-04c1-424b-9868-57a2d4851a1d" relativeResultsDirectory="10278da2-7b3b-437d-82dd-3ec4ac6191a6" />
    <UnitTestResult executionId="0cb98217-e8f3-454a-a636-e1efeb12c8ce" testId="548fd08b-2d94-5257-d985-826bbe47bde9" testName="ReadXml_ShouldSetAllFieldsToNull_WhenElementIsEmpty" computerName="DKSR-EFI-06" duration="00:00:00.0127358" startTime="2024-01-09T15:45:44.7591621+01:00" endTime="2024-01-09T15:45:44.7723865+01:00" testType="13cdc9d9-ddb5-4fa4-a97d-d965ccfc6d4b" outcome="Passed" testListId="8c84fa94-04c1-424b-9868-57a2d4851a1d" relativeResultsDirectory="0cb98217-e8f3-454a-a636-e1efeb12c8ce" />
    <UnitTestResult executionId="4ef80405-82a1-417c-b8c7-edc7cf8f580f" testId="08483f1f-4568-e039-2698-7a75165ec4e4" testName="GetHashType_ShouldReturnNotSupported_WhenInputIsSHA512Hash" computerName="DKSR-EFI-06" duration="00:00:00.0016745" startTime="2024-01-09T15:45:46.8165124+01:00" endTime="2024-01-09T15:45:46.8183531+01:00" testType="13cdc9d9-ddb5-4fa4-a97d-d965ccfc6d4b" outcome="Passed" testListId="8c84fa94-04c1-424b-9868-57a2d4851a1d" relativeResultsDirectory="4ef80405-82a1-417c-b8c7-edc7cf8f580f" />
    <UnitTestResult executionId="886b3775-eb0f-4400-8441-768699523878" testId="fcc01d6e-2b82-f145-070c-31467e83d08e" testName="GetBoundingShapesAsync_ClearCachedData_DelegatedToInternalMethodTwice" computerName="DKSR-EFI-06" duration="00:00:00.0009045" startTime="2024-01-09T15:45:43.7387965+01:00" endTime="2024-01-09T15:45:43.7399234+01:00" testType="13cdc9d9-ddb5-4fa4-a97d-d965ccfc6d4b" outcome="Passed" testListId="8c84fa94-04c1-424b-9868-57a2d4851a1d" relativeResultsDirectory="886b3775-eb0f-4400-8441-768699523878" />
    <UnitTestResult executionId="d9c7f9b1-3dba-4438-b868-5877c17b203b" testId="af06fbb9-e295-bbc5-951e-25addabec280" testName="TestConstructor_NullException_Failure" computerName="DKSR-EFI-06" duration="00:00:00.0003798" startTime="2024-01-09T15:45:44.3600491+01:00" endTime="2024-01-09T15:45:44.3606572+01:00" testType="13cdc9d9-ddb5-4fa4-a97d-d965ccfc6d4b" outcome="Passed" testListId="8c84fa94-04c1-424b-9868-57a2d4851a1d" relativeResultsDirectory="d9c7f9b1-3dba-4438-b868-5877c17b203b" />
    <UnitTestResult executionId="52cd525b-c22f-4198-9096-c76e123cea82" testId="7e9864c3-ffac-3e60-e067-d303ea811382" testName="Parse_String_WithSpecialChars" computerName="DKSR-EFI-06" duration="00:00:00.0003207" startTime="2024-01-09T15:45:44.5146068+01:00" endTime="2024-01-09T15:45:44.5151112+01:00" testType="13cdc9d9-ddb5-4fa4-a97d-d965ccfc6d4b" outcome="Passed" testListId="8c84fa94-04c1-424b-9868-57a2d4851a1d" relativeResultsDirectory="52cd525b-c22f-4198-9096-c76e123cea82" />
    <UnitTestResult executionId="6c0961f8-f038-4ba7-b20b-e4f9f2362c35" testId="679fa446-5363-b4de-5431-4cdafa751f6b" testName="TestConstructor_MessageParametersAsWarning_Success" computerName="DKSR-EFI-06" duration="00:00:00.0002248" startTime="2024-01-09T15:45:44.3455464+01:00" endTime="2024-01-09T15:45:44.3459482+01:00" testType="13cdc9d9-ddb5-4fa4-a97d-d965ccfc6d4b" outcome="Passed" testListId="8c84fa94-04c1-424b-9868-57a2d4851a1d" relativeResultsDirectory="6c0961f8-f038-4ba7-b20b-e4f9f2362c35" />
    <UnitTestResult executionId="f670ebf2-d135-40fe-ae88-e1ae4252df1a" testId="c47cbfb5-8a50-ef76-dc8b-bbbbe83c35f6" testName="ReadXml_ShouldReadBottomAttribute_WhenPresent" computerName="DKSR-EFI-06" duration="00:00:00.0003447" startTime="2024-01-09T15:45:45.4202503+01:00" endTime="2024-01-09T15:45:45.4207707+01:00" testType="13cdc9d9-ddb5-4fa4-a97d-d965ccfc6d4b" outcome="Passed" testListId="8c84fa94-04c1-424b-9868-57a2d4851a1d" relativeResultsDirectory="f670ebf2-d135-40fe-ae88-e1ae4252df1a" />
    <UnitTestResult executionId="5065dd47-6545-4a0e-94a5-30b5e0c22a54" testId="3c6ec36d-3aca-cc8c-f540-f0674fae16f9" testName="ReadXml_ShouldSetAllFieldsToNull_ThatAreNotPresentInXml" computerName="DKSR-EFI-06" duration="00:00:00.0009689" startTime="2024-01-09T15:45:45.2670171+01:00" endTime="2024-01-09T15:45:45.2681337+01:00" testType="13cdc9d9-ddb5-4fa4-a97d-d965ccfc6d4b" outcome="Passed" testListId="8c84fa94-04c1-424b-9868-57a2d4851a1d" relativeResultsDirectory="5065dd47-6545-4a0e-94a5-30b5e0c22a54" />
    <UnitTestResult executionId="aa68e65a-5241-48a4-97be-b7c18f33e40c" testId="8938eaaa-10f4-1d84-a810-d332ab0c7421" testName="Serialize_ShouldHandleCollectionFilter_WhenMatchingCollectionItemsTypeAndItMatchesNone" computerName="DKSR-EFI-06" duration="00:00:00.0005022" startTime="2024-01-09T15:45:43.1442033+01:00" endTime="2024-01-09T15:45:43.1449037+01:00" testType="13cdc9d9-ddb5-4fa4-a97d-d965ccfc6d4b" outcome="Passed" testListId="8c84fa94-04c1-424b-9868-57a2d4851a1d" relativeResultsDirectory="aa68e65a-5241-48a4-97be-b7c18f33e40c" />
    <UnitTestResult executionId="1ea352fe-7946-42c6-9e0d-eacfb60be4f7" testId="7b6494d9-14d1-e703-8dce-eacd52852ebc" testName="GetGenderFilterValues_FilterValueMissing_ReturnsEmptyCollection" computerName="DKSR-EFI-06" duration="00:00:00.0007492" startTime="2024-01-09T15:45:44.2828339+01:00" endTime="2024-01-09T15:45:44.2837949+01:00" testType="13cdc9d9-ddb5-4fa4-a97d-d965ccfc6d4b" outcome="Passed" testListId="8c84fa94-04c1-424b-9868-57a2d4851a1d" relativeResultsDirectory="1ea352fe-7946-42c6-9e0d-eacfb60be4f7" />
    <UnitTestResult executionId="c2666848-a166-4a3e-880c-be9c946c26f1" testId="d3168116-f2b4-8d85-d69a-f47dbb1df0a3" testName="ReadXml_ShouldSetAllFieldsToNull_WhenElementIsEmpty" computerName="DKSR-EFI-06" duration="00:00:00.0003929" startTime="2024-01-09T15:45:45.4863383+01:00" endTime="2024-01-09T15:45:45.4869286+01:00" testType="13cdc9d9-ddb5-4fa4-a97d-d965ccfc6d4b" outcome="Passed" testListId="8c84fa94-04c1-424b-9868-57a2d4851a1d" relativeResultsDirectory="c2666848-a166-4a3e-880c-be9c946c26f1" />
    <UnitTestResult executionId="6b0e7d39-93e3-4097-a7ce-d9afd03b1254" testId="b147c839-1adf-f8ae-0b25-dc9dcffe119b" testName="EqualGuids_Ignore_Fail_OnKind" computerName="DKSR-EFI-06" duration="00:00:00.0003657" startTime="2024-01-09T15:45:18.6724388+01:00" endTime="2024-01-09T15:45:18.6729056+01:00" testType="13cdc9d9-ddb5-4fa4-a97d-d965ccfc6d4b" outcome="Passed" testListId="8c84fa94-04c1-424b-9868-57a2d4851a1d" relativeResultsDirectory="6b0e7d39-93e3-4097-a7ce-d9afd03b1254" />
    <UnitTestResult executionId="80235089-cda8-4c20-8ec9-a4355e94a00f" testId="834e87af-89d1-a13c-6891-c9c741194fd8" testName="Serialize_TestCases (TestParentTypeMatchStringThisTypeNotMatched)" computerName="DKSR-EFI-06" duration="00:00:00.0003670" startTime="2024-01-09T15:45:42.9867227+01:00" endTime="2024-01-09T15:45:42.9874455+01:00" testType="13cdc9d9-ddb5-4fa4-a97d-d965ccfc6d4b" outcome="Passed" testListId="8c84fa94-04c1-424b-9868-57a2d4851a1d" relativeResultsDirectory="80235089-cda8-4c20-8ec9-a4355e94a00f" />
    <UnitTestResult executionId="9a0c3b00-bf33-4da9-a687-acd47218b555" testId="7c3f6d8f-7cfa-87ef-b069-2f2a330ed08a" testName="Serialize_TestCases (TestParentTypeMatchGenericNotThisTypeMatched)" computerName="DKSR-EFI-06" duration="00:00:00.0024754" startTime="2024-01-09T15:45:43.1072039+01:00" endTime="2024-01-09T15:45:43.1100167+01:00" testType="13cdc9d9-ddb5-4fa4-a97d-d965ccfc6d4b" outcome="Passed" testListId="8c84fa94-04c1-424b-9868-57a2d4851a1d" relativeResultsDirectory="9a0c3b00-bf33-4da9-a687-acd47218b555" />
    <UnitTestResult executionId="c906eab2-cdf4-49f0-831c-45e4a7f9b96d" testId="e7a315f9-584b-e4f3-8469-ce4f80c3387c" testName="GenerateParameters_ShouldThrowInvalidOperationException_WhenThereAreMoreThanOneCameraDevice" computerName="DKSR-EFI-06" duration="00:00:00.0037763" startTime="2024-01-09T15:45:46.4655176+01:00" endTime="2024-01-09T15:45:46.4694929+01:00" testType="13cdc9d9-ddb5-4fa4-a97d-d965ccfc6d4b" outcome="Passed" testListId="8c84fa94-04c1-424b-9868-57a2d4851a1d" relativeResultsDirectory="c906eab2-cdf4-49f0-831c-45e4a7f9b96d" />
    <UnitTestResult executionId="ff880037-df4b-4574-9393-1ceca3cd12e4" testId="04126902-9508-0ab4-a88b-c6cc8b546986" testName="WriteMetadataXml_ShouldThrowArgumentNullException_WhenMetadataIsNullWithStringBuilder" computerName="DKSR-EFI-06" duration="00:00:00.0006847" startTime="2024-01-09T15:45:45.2326588+01:00" endTime="2024-01-09T15:45:45.2335223+01:00" testType="13cdc9d9-ddb5-4fa4-a97d-d965ccfc6d4b" outcome="Passed" testListId="8c84fa94-04c1-424b-9868-57a2d4851a1d" relativeResultsDirectory="ff880037-df4b-4574-9393-1ceca3cd12e4" />
    <UnitTestResult executionId="42ad8500-edab-4cf4-83a2-eb15a3d636f4" testId="d30c0506-60c3-3624-baf0-3cabb1483786" testName="ServerId_ShouldNotReturnNull" computerName="DKSR-EFI-06" duration="00:00:00.0006882" startTime="2024-01-09T15:45:22.1287639+01:00" endTime="2024-01-09T15:45:22.1297929+01:00" testType="13cdc9d9-ddb5-4fa4-a97d-d965ccfc6d4b" outcome="Passed" testListId="8c84fa94-04c1-424b-9868-57a2d4851a1d" relativeResultsDirectory="42ad8500-edab-4cf4-83a2-eb15a3d636f4" />
    <UnitTestResult executionId="1a0c305b-5085-4e78-b9e0-ed36eb2efb89" testId="11c28579-30cf-d22c-ee3d-3776ee719321" testName="GetBoundingShapesAsync_MultipleInvocations_DelegatedToInternalMethodOnlyOnce" computerName="DKSR-EFI-06" duration="00:00:00.0016564" startTime="2024-01-09T15:45:43.7339351+01:00" endTime="2024-01-09T15:45:43.7358344+01:00" testType="13cdc9d9-ddb5-4fa4-a97d-d965ccfc6d4b" outcome="Passed" testListId="8c84fa94-04c1-424b-9868-57a2d4851a1d" relativeResultsDirectory="1a0c305b-5085-4e78-b9e0-ed36eb2efb89" />
    <UnitTestResult executionId="116d8829-3ba6-4e7f-8350-ce38afe2707b" testId="b95a0169-81da-1ad7-baaf-9682207c1cd6" testName="Equals_ShouldHaveValueSemantics_WhenAlways" computerName="DKSR-EFI-06" duration="00:00:00.0002649" startTime="2024-01-09T15:45:45.4062578+01:00" endTime="2024-01-09T15:45:45.4067016+01:00" testType="13cdc9d9-ddb5-4fa4-a97d-d965ccfc6d4b" outcome="Passed" testListId="8c84fa94-04c1-424b-9868-57a2d4851a1d" relativeResultsDirectory="116d8829-3ba6-4e7f-8350-ce38afe2707b" />
    <UnitTestResult executionId="e04d3b2f-a01b-492a-af9d-cbb7dd667c1d" testId="7bd350cb-3547-f84c-acf6-0205c1ac84ac" testName="Serialize_TestCases (Verify root Generic (not null) property get property value)" computerName="DKSR-EFI-06" duration="00:00:00.0003012" startTime="2024-01-09T15:45:42.9792495+01:00" endTime="2024-01-09T15:45:42.9803446+01:00" testType="13cdc9d9-ddb5-4fa4-a97d-d965ccfc6d4b" outcome="Passed" testListId="8c84fa94-04c1-424b-9868-57a2d4851a1d" relativeResultsDirectory="e04d3b2f-a01b-492a-af9d-cbb7dd667c1d" />
    <UnitTestResult executionId="6fc43885-ebba-4d86-b18b-482d28113291" testId="82f28324-964a-7ebe-3fa1-b6d48ed97144" testName="Add_CapacityExceeded_LeastRecentlyUsedValueRemoved" computerName="DKSR-EFI-06" duration="00:00:00.0004544" startTime="2024-01-09T15:45:32.5251419+01:00" endTime="2024-01-09T15:45:32.5257798+01:00" testType="13cdc9d9-ddb5-4fa4-a97d-d965ccfc6d4b" outcome="Passed" testListId="8c84fa94-04c1-424b-9868-57a2d4851a1d" relativeResultsDirectory="6fc43885-ebba-4d86-b18b-482d28113291" />
    <UnitTestResult executionId="2cd1c00f-1fbd-49c1-ab4b-583514b7d6bf" testId="3827ef79-3081-082a-a862-859949cd62b9" testName="RemovePredicate_KeyNotPresent_DoesNothing" computerName="DKSR-EFI-06" duration="00:00:00.0004419" startTime="2024-01-09T15:45:33.0494336+01:00" endTime="2024-01-09T15:45:33.0500619+01:00" testType="13cdc9d9-ddb5-4fa4-a97d-d965ccfc6d4b" outcome="Passed" testListId="8c84fa94-04c1-424b-9868-57a2d4851a1d" relativeResultsDirectory="2cd1c00f-1fbd-49c1-ab4b-583514b7d6bf" />
    <UnitTestResult executionId="407e248d-c50d-4a1f-b172-89efa52a299c" testId="da270ab7-6882-db63-f3a0-844c8b4562db" testName="Add_ShouldNotUpdateEndCache_WhenOldEndTimeIsLaterThanAdded" computerName="DKSR-EFI-06" duration="00:00:00.0216263" startTime="2024-01-09T15:45:46.9296110+01:00" endTime="2024-01-09T15:45:46.9515129+01:00" testType="13cdc9d9-ddb5-4fa4-a97d-d965ccfc6d4b" outcome="Passed" testListId="8c84fa94-04c1-424b-9868-57a2d4851a1d" relativeResultsDirectory="407e248d-c50d-4a1f-b172-89efa52a299c" />
    <UnitTestResult executionId="7e7f4e9d-1918-4c5c-b859-2b9defa7e6ab" testId="b2a7a04f-f1f1-7276-152d-8d2269ca96a4" testName="Dequeue_QueueStopping_Success" computerName="DKSR-EFI-06" duration="00:00:00.0003251" startTime="2024-01-09T15:45:32.4434099+01:00" endTime="2024-01-09T15:45:32.4438950+01:00" testType="13cdc9d9-ddb5-4fa4-a97d-d965ccfc6d4b" outcome="Passed" testListId="8c84fa94-04c1-424b-9868-57a2d4851a1d" relativeResultsDirectory="7e7f4e9d-1918-4c5c-b859-2b9defa7e6ab" />
    <UnitTestResult executionId="c8fa29d0-197c-4e69-a747-03e47a5e8f37" testId="9fe19c9a-7103-2abd-228a-09e45881c4bc" testName="GetMetadataObjectsAsync_ClearCachedData_DelegatedToInternalMethodTwice" computerName="DKSR-EFI-06" duration="00:00:00.0008275" startTime="2024-01-09T15:45:43.7553943+01:00" endTime="2024-01-09T15:45:43.7564556+01:00" testType="13cdc9d9-ddb5-4fa4-a97d-d965ccfc6d4b" outcome="Passed" testListId="8c84fa94-04c1-424b-9868-57a2d4851a1d" relativeResultsDirectory="c8fa29d0-197c-4e69-a747-03e47a5e8f37" />
    <UnitTestResult executionId="9f8f624e-a32f-44e3-b62f-b19536fabbfe" testId="c201cfe9-d7ef-1767-28d0-57fcb8de2460" testName="AddFilterValue_ExistingValue_SecondValue_Success" computerName="DKSR-EFI-06" duration="00:00:00.0015219" startTime="2024-01-09T15:45:43.3124134+01:00" endTime="2024-01-09T15:45:43.3141677+01:00" testType="13cdc9d9-ddb5-4fa4-a97d-d965ccfc6d4b" outcome="Passed" testListId="8c84fa94-04c1-424b-9868-57a2d4851a1d" relativeResultsDirectory="9f8f624e-a32f-44e3-b62f-b19536fabbfe" />
    <UnitTestResult executionId="1e92b880-baa5-4fe9-8460-4eaf10f8fd00" testId="b1896dd7-6634-6c9f-92ab-cd4904bba1dc" testName="Clear_ShouldEmptyCollectionAndResetTimeStamps_WhenCalled" computerName="DKSR-EFI-06" duration="00:00:00.0193149" startTime="2024-01-09T15:45:46.9537464+01:00" endTime="2024-01-09T15:45:46.9745363+01:00" testType="13cdc9d9-ddb5-4fa4-a97d-d965ccfc6d4b" outcome="Passed" testListId="8c84fa94-04c1-424b-9868-57a2d4851a1d" relativeResultsDirectory="1e92b880-baa5-4fe9-8460-4eaf10f8fd00" />
    <UnitTestResult executionId="eabe1813-7a68-492a-9476-24c88f5a7fa8" testId="1236ba87-a4f6-ba2a-15ac-ff768f66c54a" testName="Read_and_build_Success" computerName="DKSR-EFI-06" duration="00:00:00.0031823" startTime="2024-01-09T15:45:44.4562967+01:00" endTime="2024-01-09T15:45:44.4596998+01:00" testType="13cdc9d9-ddb5-4fa4-a97d-d965ccfc6d4b" outcome="Passed" testListId="8c84fa94-04c1-424b-9868-57a2d4851a1d" relativeResultsDirectory="eabe1813-7a68-492a-9476-24c88f5a7fa8" />
    <UnitTestResult executionId="d00468ff-ed4a-4d49-b060-2ffa5a94137a" testId="139930e6-1293-1333-f3aa-a935221ee7d5" testName="CollectionReplaced_ShouldInvokeCallback_WhenObservable" computerName="DKSR-EFI-06" duration="00:00:00.0022803" startTime="2024-01-09T15:45:41.4304246+01:00" endTime="2024-01-09T15:45:41.4431080+01:00" testType="13cdc9d9-ddb5-4fa4-a97d-d965ccfc6d4b" outcome="Passed" testListId="8c84fa94-04c1-424b-9868-57a2d4851a1d" relativeResultsDirectory="d00468ff-ed4a-4d49-b060-2ffa5a94137a" />
    <UnitTestResult executionId="2d4e3638-6298-45bd-9314-e446e82b20c2" testId="4eb529fd-da3e-df70-1180-0619ee67e3c6" testName="JsonUtility_Compress_Success" computerName="DKSR-EFI-06" duration="00:00:00.0006668" startTime="2024-01-09T15:45:44.3792613+01:00" endTime="2024-01-09T15:45:44.3801470+01:00" testType="13cdc9d9-ddb5-4fa4-a97d-d965ccfc6d4b" outcome="Passed" testListId="8c84fa94-04c1-424b-9868-57a2d4851a1d" relativeResultsDirectory="2d4e3638-6298-45bd-9314-e446e82b20c2" />
    <UnitTestResult executionId="2a757b53-bf29-48dc-984f-95bb14a97af4" testId="3b964bff-d25f-d812-9955-0682bf213291" testName="AllowGroupSelectionFalse_SingleSelect_NothingSelected" computerName="DKSR-EFI-06" duration="00:00:00.0004164" startTime="2024-01-09T15:45:40.6366046+01:00" endTime="2024-01-09T15:45:40.6372208+01:00" testType="13cdc9d9-ddb5-4fa4-a97d-d965ccfc6d4b" outcome="Passed" testListId="8c84fa94-04c1-424b-9868-57a2d4851a1d" relativeResultsDirectory="2a757b53-bf29-48dc-984f-95bb14a97af4" />
    <UnitTestResult executionId="eb1c1d9d-f9d7-435f-ab88-84301c93d780" testId="060935d9-41c9-9631-b038-7843722743ca" testName="GetGenderFilterValues_NullCriteria_Throws" computerName="DKSR-EFI-06" duration="00:00:00.0009210" startTime="2024-01-09T15:45:44.2792803+01:00" endTime="2024-01-09T15:45:44.2804525+01:00" testType="13cdc9d9-ddb5-4fa4-a97d-d965ccfc6d4b" outcome="Passed" testListId="8c84fa94-04c1-424b-9868-57a2d4851a1d" relativeResultsDirectory="eb1c1d9d-f9d7-435f-ab88-84301c93d780" />
    <UnitTestResult executionId="db18a2b9-7ed1-4d36-8de1-d8f54ea7f863" testId="31051539-7cfa-1db5-4cea-df2287622770" testName="TestConstructor_ExceptionParameters_Success" computerName="DKSR-EFI-06" duration="00:00:00.0009625" startTime="2024-01-09T15:45:44.3466895+01:00" endTime="2024-01-09T15:45:44.3478298+01:00" testType="13cdc9d9-ddb5-4fa4-a97d-d965ccfc6d4b" outcome="Passed" testListId="8c84fa94-04c1-424b-9868-57a2d4851a1d" relativeResultsDirectory="db18a2b9-7ed1-4d36-8de1-d8f54ea7f863" />
    <UnitTestResult executionId="0a9ad4ae-1e86-4577-a115-591b65081fb9" testId="bffd3eb0-f441-4434-c761-838539b2758c" testName="GetBoundingShapesAsync_SingleInvocationPerTime_DelegatedToInternalMethod" computerName="DKSR-EFI-06" duration="00:00:00.0015762" startTime="2024-01-09T15:45:43.7407282+01:00" endTime="2024-01-09T15:45:43.7425193+01:00" testType="13cdc9d9-ddb5-4fa4-a97d-d965ccfc6d4b" outcome="Passed" testListId="8c84fa94-04c1-424b-9868-57a2d4851a1d" relativeResultsDirectory="0a9ad4ae-1e86-4577-a115-591b65081fb9" />
    <UnitTestResult executionId="41f3ce0e-3770-4948-87a0-26ffc42bcf1a" testId="cb7e38b0-12f4-dfad-65ae-f93a1147794e" testName="CollectionReplaced_ShouldInvokeCallback_WhenNotObservable" computerName="DKSR-EFI-06" duration="00:00:00.0058137" startTime="2024-01-09T15:45:41.4135354+01:00" endTime="2024-01-09T15:45:41.4295327+01:00" testType="13cdc9d9-ddb5-4fa4-a97d-d965ccfc6d4b" outcome="Passed" testListId="8c84fa94-04c1-424b-9868-57a2d4851a1d" relativeResultsDirectory="41f3ce0e-3770-4948-87a0-26ffc42bcf1a" />
    <UnitTestResult executionId="485cc1b3-3364-468b-8895-955e9cf9468d" testId="7f1f1baf-8bbb-c3d7-9705-27c7162bbf25" testName="PatchMIPItem_Success" computerName="DKSR-EFI-06" duration="00:00:00.0012859" startTime="2024-01-09T15:45:44.7568568+01:00" endTime="2024-01-09T15:45:44.7583392+01:00" testType="13cdc9d9-ddb5-4fa4-a97d-d965ccfc6d4b" outcome="Passed" testListId="8c84fa94-04c1-424b-9868-57a2d4851a1d" relativeResultsDirectory="485cc1b3-3364-468b-8895-955e9cf9468d" />
    <UnitTestResult executionId="f77c1891-ceec-4f65-80ff-da2cbd258723" testId="f1273a57-f352-81b3-3c22-3b2f4debaba3" testName="Replace_ShouldInvokeCallback_WhenObservable" computerName="DKSR-EFI-06" duration="00:00:00.0019425" startTime="2024-01-09T15:45:41.5276981+01:00" endTime="2024-01-09T15:45:41.5427998+01:00" testType="13cdc9d9-ddb5-4fa4-a97d-d965ccfc6d4b" outcome="Passed" testListId="8c84fa94-04c1-424b-9868-57a2d4851a1d" relativeResultsDirectory="f77c1891-ceec-4f65-80ff-da2cbd258723" />
    <UnitTestResult executionId="7ac3dc61-d5c4-4e26-b88b-2284fae5eb04" testId="53422728-4202-db44-815d-fc4c107ae306" testName="Enabled_Clean_Properties_success" computerName="DKSR-EFI-06" duration="00:00:00.0115731" startTime="2024-01-09T15:45:19.9647446+01:00" endTime="2024-01-09T15:45:19.9765582+01:00" testType="13cdc9d9-ddb5-4fa4-a97d-d965ccfc6d4b" outcome="Passed" testListId="8c84fa94-04c1-424b-9868-57a2d4851a1d" relativeResultsDirectory="7ac3dc61-d5c4-4e26-b88b-2284fae5eb04" />
    <UnitTestResult executionId="d818090e-1251-4bb0-afd0-bda680c9e707" testId="e734e722-c897-0ccb-6f21-a044403c8cd2" testName="TestConstructor_Success" computerName="DKSR-EFI-06" duration="00:00:00.0004907" startTime="2024-01-09T15:45:44.3585956+01:00" endTime="2024-01-09T15:45:44.3593590+01:00" testType="13cdc9d9-ddb5-4fa4-a97d-d965ccfc6d4b" outcome="Passed" testListId="8c84fa94-04c1-424b-9868-57a2d4851a1d" relativeResultsDirectory="d818090e-1251-4bb0-afd0-bda680c9e707" />
    <UnitTestResult executionId="54540978-0032-41c4-94a2-c708459d3653" testId="6ce95987-243b-a23d-9b97-d2e2f2ba466c" testName="ProvideValue_ShouldUseContentTemplateFromTabControl_WhenItemContentTemplateIsCleared" computerName="DKSR-EFI-06" duration="00:00:00.0036398" startTime="2024-01-09T15:45:42.0019306+01:00" endTime="2024-01-09T15:45:42.0309736+01:00" testType="13cdc9d9-ddb5-4fa4-a97d-d965ccfc6d4b" outcome="Passed" testListId="8c84fa94-04c1-424b-9868-57a2d4851a1d" relativeResultsDirectory="54540978-0032-41c4-94a2-c708459d3653" />
    <UnitTestResult executionId="5d6b1318-e05e-4a97-80ed-c1c4ac9512ad" testId="30519e59-52c0-4abe-69e5-75fce80dd98b" testName="RegistrationsObjectId_ShouldNotChange" computerName="DKSR-EFI-06" duration="00:00:00.0004952" startTime="2024-01-09T15:45:46.1598159+01:00" endTime="2024-01-09T15:45:46.1604832+01:00" testType="13cdc9d9-ddb5-4fa4-a97d-d965ccfc6d4b" outcome="Passed" testListId="8c84fa94-04c1-424b-9868-57a2d4851a1d" relativeResultsDirectory="5d6b1318-e05e-4a97-80ed-c1c4ac9512ad" />
    <UnitTestResult executionId="50b4830a-6227-4476-bbe9-03fce95c551a" testId="1ce6e954-84ed-5a50-7c66-ce4fb6384d66" testName="BuildShapeOverlayWidthHeightAlarm_ShouldReturnCorrectNumberOfShapes_WhenArgumentContainsObjectAndRule" computerName="DKSR-EFI-06" duration="00:00:00.0025056" startTime="2024-01-09T15:45:21.5839039+01:00" endTime="2024-01-09T15:45:21.8550755+01:00" testType="13cdc9d9-ddb5-4fa4-a97d-d965ccfc6d4b" outcome="Passed" testListId="8c84fa94-04c1-424b-9868-57a2d4851a1d" relativeResultsDirectory="50b4830a-6227-4476-bbe9-03fce95c551a" />
    <UnitTestResult executionId="5b2d71ae-4d9d-4440-8832-e96e1ef4bc62" testId="9e28d5ce-7362-2b06-9e34-6ce871313f70" testName="ProvideValue_ShouldNotSetTargetProperty_WhenItemIconSourcePropertyNameIsNotSet" computerName="DKSR-EFI-06" duration="00:00:00.0025544" startTime="2024-01-09T15:45:42.6219558+01:00" endTime="2024-01-09T15:45:42.6311134+01:00" testType="13cdc9d9-ddb5-4fa4-a97d-d965ccfc6d4b" outcome="Passed" testListId="8c84fa94-04c1-424b-9868-57a2d4851a1d" relativeResultsDirectory="5b2d71ae-4d9d-4440-8832-e96e1ef4bc62" />
    <UnitTestResult executionId="3a513f92-536f-455b-a8ff-812a98e5a785" testId="621f06a6-b00f-95ed-fccd-336bd41780d8" testName="DoubleFilterValue_Deserialize_Success" computerName="DKSR-EFI-06" duration="00:00:00.0012478" startTime="2024-01-09T15:45:44.1810362+01:00" endTime="2024-01-09T15:45:44.1825059+01:00" testType="13cdc9d9-ddb5-4fa4-a97d-d965ccfc6d4b" outcome="Passed" testListId="8c84fa94-04c1-424b-9868-57a2d4851a1d" relativeResultsDirectory="3a513f92-536f-455b-a8ff-812a98e5a785" />
    <UnitTestResult executionId="01b50a3f-b17e-4ca5-b3df-00f588a6c458" testId="ef9bc618-0b6a-337d-f408-8cefa3f67ba7" testName="TestConstructor_Success" computerName="DKSR-EFI-06" duration="00:00:00.0347971" startTime="2024-01-09T15:45:43.4254851+01:00" endTime="2024-01-09T15:45:43.4609634+01:00" testType="13cdc9d9-ddb5-4fa4-a97d-d965ccfc6d4b" outcome="Passed" testListId="8c84fa94-04c1-424b-9868-57a2d4851a1d" relativeResultsDirectory="01b50a3f-b17e-4ca5-b3df-00f588a6c458" />
    <UnitTestResult executionId="e189f8f4-bb88-4c1d-8ebd-3fbf7fcd713e" testId="fc1fc2c4-ffdf-b544-ce27-92bf115fe30b" testName="Items_EmptyList_TreeviewEmpty" computerName="DKSR-EFI-06" duration="00:00:00.0046873" startTime="2024-01-09T15:45:40.5951764+01:00" endTime="2024-01-09T15:45:40.6000885+01:00" testType="13cdc9d9-ddb5-4fa4-a97d-d965ccfc6d4b" outcome="Passed" testListId="8c84fa94-04c1-424b-9868-57a2d4851a1d" relativeResultsDirectory="e189f8f4-bb88-4c1d-8ebd-3fbf7fcd713e" />
    <UnitTestResult executionId="06b1c0cc-2858-41a5-bbaa-839f521930e6" testId="308f63bb-ffab-d024-ffbf-d3fa54a43504" testName="Equals_ShouldReturnTrue_WhenHostIsDottedDecimalLocalhostAndOtherHostIsDottedDecimalThisNetwork" computerName="DKSR-EFI-06" duration="00:00:00.0004109" startTime="2024-01-09T15:45:20.5105754+01:00" endTime="2024-01-09T15:45:20.5111357+01:00" testType="13cdc9d9-ddb5-4fa4-a97d-d965ccfc6d4b" outcome="Passed" testListId="8c84fa94-04c1-424b-9868-57a2d4851a1d" relativeResultsDirectory="06b1c0cc-2858-41a5-bbaa-839f521930e6" />
    <UnitTestResult executionId="689dadf3-8872-4466-b1d6-4a7cf828c19d" testId="fcaf83e0-32f7-634e-130d-abc796d2af06" testName="WriteAppearanceExtenstionXml_ShouldWriteAllExtensions_WhenAllArePresent" computerName="DKSR-EFI-06" duration="00:00:00.0003284" startTime="2024-01-09T15:45:45.4643089+01:00" endTime="2024-01-09T15:45:45.4647981+01:00" testType="13cdc9d9-ddb5-4fa4-a97d-d965ccfc6d4b" outcome="Passed" testListId="8c84fa94-04c1-424b-9868-57a2d4851a1d" relativeResultsDirectory="689dadf3-8872-4466-b1d6-4a7cf828c19d" />
    <UnitTestResult executionId="25d04c33-cd64-4459-bb9a-79fb18ef4ff9" testId="0138d714-b11a-1112-3975-544e9807700f" testName="EndTimeShouldReturnConstructorParameter" computerName="DKSR-EFI-06" duration="00:00:00.0004329" startTime="2024-01-09T15:45:46.1545869+01:00" endTime="2024-01-09T15:45:46.1552011+01:00" testType="13cdc9d9-ddb5-4fa4-a97d-d965ccfc6d4b" outcome="Passed" testListId="8c84fa94-04c1-424b-9868-57a2d4851a1d" relativeResultsDirectory="25d04c33-cd64-4459-bb9a-79fb18ef4ff9" />
    <UnitTestResult executionId="d42ce5fb-db45-445a-baca-45d4c2d58191" testId="64de42c5-cf32-f94a-2ab2-81439a18d091" testName="GetColorFilterValues_NullCriteria_Throws" computerName="DKSR-EFI-06" duration="00:00:00.0009143" startTime="2024-01-09T15:45:44.3300420+01:00" endTime="2024-01-09T15:45:44.3311820+01:00" testType="13cdc9d9-ddb5-4fa4-a97d-d965ccfc6d4b" outcome="Passed" testListId="8c84fa94-04c1-424b-9868-57a2d4851a1d" relativeResultsDirectory="d42ce5fb-db45-445a-baca-45d4c2d58191" />
    <UnitTestResult executionId="2cc831d9-55e6-432b-b8f1-32afdcd355d2" testId="682b3a18-5ce2-e09c-06c2-b3ebd5eb55df" testName="ReadXml_ShouldIgnoreFrame_WhenFrameDidNotReadUtcTime" computerName="DKSR-EFI-06" duration="00:00:00.0017663" startTime="2024-01-09T15:45:45.6434410+01:00" endTime="2024-01-09T15:45:45.6453732+01:00" testType="13cdc9d9-ddb5-4fa4-a97d-d965ccfc6d4b" outcome="Passed" testListId="8c84fa94-04c1-424b-9868-57a2d4851a1d" relativeResultsDirectory="2cc831d9-55e6-432b-b8f1-32afdcd355d2" />
    <UnitTestResult executionId="9ab8ce15-b9a7-476d-b3a9-1e9e5b432e09" testId="211e44a5-7069-3390-6f71-9a0cc710f40e" testName="GetItem_ShouldReturnItem_WhenFound" computerName="DKSR-EFI-06" duration="00:00:00.0227659" startTime="2024-01-09T15:45:22.1376228+01:00" endTime="2024-01-09T15:45:22.1605318+01:00" testType="13cdc9d9-ddb5-4fa4-a97d-d965ccfc6d4b" outcome="Passed" testListId="8c84fa94-04c1-424b-9868-57a2d4851a1d" relativeResultsDirectory="9ab8ce15-b9a7-476d-b3a9-1e9e5b432e09" />
    <UnitTestResult executionId="9707625a-dee3-4a0a-aa78-b758e39bba76" testId="22017572-0e55-4eb6-a8f5-ed8333ee82e7" testName="GetAllFrames_ShouldReturnFramesFromAllVideoAnalytcs_WhenThereAreSeveralVideoAnalytics" computerName="DKSR-EFI-06" duration="00:00:00.0083330" startTime="2024-01-09T15:45:45.2860824+01:00" endTime="2024-01-09T15:45:45.2946536+01:00" testType="13cdc9d9-ddb5-4fa4-a97d-d965ccfc6d4b" outcome="Passed" testListId="8c84fa94-04c1-424b-9868-57a2d4851a1d" relativeResultsDirectory="9707625a-dee3-4a0a-aa78-b758e39bba76" />
    <UnitTestResult executionId="e92f00b8-aef9-4c1f-a20b-e0c2dcfad1a4" testId="f0a224b1-cb9d-a091-6819-7ca2cd4d3f6d" testName="Serialize_TestCases (Verify root Generic (not null) property)" computerName="DKSR-EFI-06" duration="00:00:00.0004789" startTime="2024-01-09T15:45:42.9776631+01:00" endTime="2024-01-09T15:45:42.9784647+01:00" testType="13cdc9d9-ddb5-4fa4-a97d-d965ccfc6d4b" outcome="Passed" testListId="8c84fa94-04c1-424b-9868-57a2d4851a1d" relativeResultsDirectory="e92f00b8-aef9-4c1f-a20b-e0c2dcfad1a4" />
    <UnitTestResult executionId="53ab98a3-9d3c-40bd-b6f4-7c691e406d71" testId="668a7b7c-485c-e1be-eac6-0f37f9c5a345" testName="ProvideValue_ShouldUpdateTargetProperty_WhenDataContextDPValueChanges" computerName="DKSR-EFI-06" duration="00:00:00.0029178" startTime="2024-01-09T15:45:42.1187460+01:00" endTime="2024-01-09T15:45:42.1254934+01:00" testType="13cdc9d9-ddb5-4fa4-a97d-d965ccfc6d4b" outcome="Passed" testListId="8c84fa94-04c1-424b-9868-57a2d4851a1d" relativeResultsDirectory="53ab98a3-9d3c-40bd-b6f4-7c691e406d71" />
    <UnitTestResult executionId="1179d1df-9a8f-472b-b5f5-0436170fc8fc" testId="e59e8f87-a17d-8e41-f45f-4db193e4b8dd" testName="Serialize_ShouldThrowException_WhenPropertyIsSimpleTypeButPathContainsChildren (DoubleProperty)" computerName="DKSR-EFI-06" duration="00:00:00.0005666" startTime="2024-01-09T15:45:42.8823780+01:00" endTime="2024-01-09T15:45:42.8831763+01:00" testType="13cdc9d9-ddb5-4fa4-a97d-d965ccfc6d4b" outcome="Passed" testListId="8c84fa94-04c1-424b-9868-57a2d4851a1d" relativeResultsDirectory="1179d1df-9a8f-472b-b5f5-0436170fc8fc" />
    <UnitTestResult executionId="77dba8ba-f5a9-4651-b37b-855d073188b0" testId="67a0e7c3-fd99-228f-3717-941a8f61eb9d" testName="GetNext_ShouldReturnEntryAfterLastReturnedEntry_WhenFindCacheEntryAfterWasCalledAndThereIsANextEntry" computerName="DKSR-EFI-06" duration="00:00:00.0003896" startTime="2024-01-09T15:45:46.5106129+01:00" endTime="2024-01-09T15:45:46.5111733+01:00" testType="13cdc9d9-ddb5-4fa4-a97d-d965ccfc6d4b" outcome="Passed" testListId="8c84fa94-04c1-424b-9868-57a2d4851a1d" relativeResultsDirectory="77dba8ba-f5a9-4651-b37b-855d073188b0" />
    <UnitTestResult executionId="4afa1e04-8d96-4300-a552-7c249dc23c26" testId="6d92f3d7-a73a-0631-d650-f99bb5acd16d" testName="ToArgb_ShouldReturnIntegerWithArgbValues_Always" computerName="DKSR-EFI-06" duration="00:00:00.0004706" startTime="2024-01-09T15:45:44.9962278+01:00" endTime="2024-01-09T15:45:44.9968907+01:00" testType="13cdc9d9-ddb5-4fa4-a97d-d965ccfc6d4b" outcome="Passed" testListId="8c84fa94-04c1-424b-9868-57a2d4851a1d" relativeResultsDirectory="4afa1e04-8d96-4300-a552-7c249dc23c26" />
    <UnitTestResult executionId="7327d44a-2efb-4e6f-811f-7079d4d69aa8" testId="ad0265a0-96ba-5103-cd9d-a51d12bc6389" testName="ReadXml_ShouldLogWarningOnlyOnceWithinOneMinute_WhenBoundingBoxIsIncomplete" computerName="DKSR-EFI-06" duration="00:00:00.0014841" startTime="2024-01-09T15:45:45.5258709+01:00" endTime="2024-01-09T15:45:45.5275214+01:00" testType="13cdc9d9-ddb5-4fa4-a97d-d965ccfc6d4b" outcome="Passed" testListId="8c84fa94-04c1-424b-9868-57a2d4851a1d" relativeResultsDirectory="7327d44a-2efb-4e6f-811f-7079d4d69aa8" />
    <UnitTestResult executionId="209788d5-104f-46c5-8a45-ea60868bfa09" testId="31917703-2acf-fc86-64fa-04fcf338cdb6" testName="OverlapsWith_ShouldThrowArgumentException_WhenTheStartAndEndTimeKindsAreDifferent" computerName="DKSR-EFI-06" duration="00:00:00.0008684" startTime="2024-01-09T15:45:32.2574704+01:00" endTime="2024-01-09T15:45:32.2584609+01:00" testType="13cdc9d9-ddb5-4fa4-a97d-d965ccfc6d4b" outcome="Passed" testListId="8c84fa94-04c1-424b-9868-57a2d4851a1d" relativeResultsDirectory="209788d5-104f-46c5-8a45-ea60868bfa09" />
    <UnitTestResult executionId="5e83a50b-2afa-4c43-9119-f71f035be501" testId="3881d3ff-e33d-04a6-6ad4-69b98dedc6b4" testName="GetParent_Fail" computerName="DKSR-EFI-06" duration="00:00:00.0003973" startTime="2024-01-09T15:45:18.8896654+01:00" endTime="2024-01-09T15:45:18.8905414+01:00" testType="13cdc9d9-ddb5-4fa4-a97d-d965ccfc6d4b" outcome="Passed" testListId="8c84fa94-04c1-424b-9868-57a2d4851a1d" relativeResultsDirectory="5e83a50b-2afa-4c43-9119-f71f035be501" />
    <UnitTestResult executionId="f13bf7f3-765a-4e58-82df-819200cec39b" testId="12eef7c4-a391-5bc7-ef04-b727ebe57366" testName="Version_ShouldHaveDefaultValueOf10_WhenNotSetExplicitly" computerName="DKSR-EFI-06" duration="00:00:00.0010620" startTime="2024-01-09T15:45:45.2983769+01:00" endTime="2024-01-09T15:45:45.2999067+01:00" testType="13cdc9d9-ddb5-4fa4-a97d-d965ccfc6d4b" outcome="Passed" testListId="8c84fa94-04c1-424b-9868-57a2d4851a1d" relativeResultsDirectory="f13bf7f3-765a-4e58-82df-819200cec39b" />
    <UnitTestResult executionId="eae261bf-c10e-4f1a-a4c2-ebfa84a0c473" testId="9f8782f5-d91c-4490-2d75-75cddc0ef1b1" testName="Equals_IgnoreFolderType_Fail_OnOtherNull" computerName="DKSR-EFI-06" duration="00:00:00.0002791" startTime="2024-01-09T15:45:18.6559559+01:00" endTime="2024-01-09T15:45:18.6563335+01:00" testType="13cdc9d9-ddb5-4fa4-a97d-d965ccfc6d4b" outcome="Passed" testListId="8c84fa94-04c1-424b-9868-57a2d4851a1d" relativeResultsDirectory="eae261bf-c10e-4f1a-a4c2-ebfa84a0c473" />
    <UnitTestResult executionId="ea1e0663-9ab8-4685-ab81-f3c5696484b0" testId="bc878ccd-98a1-51a4-2cfc-16b619dea6f0" testName="GetChildItems_ShouldReturnNull_WhenUnknownKind" computerName="DKSR-EFI-06" duration="00:00:00.0003656" startTime="2024-01-09T15:45:22.1823996+01:00" endTime="2024-01-09T15:45:22.1828907+01:00" testType="13cdc9d9-ddb5-4fa4-a97d-d965ccfc6d4b" outcome="Passed" testListId="8c84fa94-04c1-424b-9868-57a2d4851a1d" relativeResultsDirectory="ea1e0663-9ab8-4685-ab81-f3c5696484b0" />
    <UnitTestResult executionId="67a1effc-5ecd-4330-bc52-ad2e4aea68f2" testId="a7839cf0-508a-0ad4-6fc1-0553406f8071" testName="GetNext_ShouldReturnNull_WhenLastEntryWasCalled" computerName="DKSR-EFI-06" duration="00:00:00.0003459" startTime="2024-01-09T15:45:46.5093917+01:00" endTime="2024-01-09T15:45:46.5099163+01:00" testType="13cdc9d9-ddb5-4fa4-a97d-d965ccfc6d4b" outcome="Passed" testListId="8c84fa94-04c1-424b-9868-57a2d4851a1d" relativeResultsDirectory="67a1effc-5ecd-4330-bc52-ad2e4aea68f2" />
    <UnitTestResult executionId="44cd8f02-2bb7-44e7-9101-973fb558a1de" testId="3a4d61c6-1dc3-0bdf-c7d5-0384c8954cbd" testName="TestCreateSearchDefinition_WithFilterCategoryNotFound_Failure" computerName="DKSR-EFI-06" duration="00:00:00.0017418" startTime="2024-01-09T15:45:43.5478241+01:00" endTime="2024-01-09T15:45:43.5499302+01:00" testType="13cdc9d9-ddb5-4fa4-a97d-d965ccfc6d4b" outcome="Passed" testListId="8c84fa94-04c1-424b-9868-57a2d4851a1d" relativeResultsDirectory="44cd8f02-2bb7-44e7-9101-973fb558a1de" />
    <UnitTestResult executionId="07271b97-5562-450a-842d-8db12a3491cc" testId="d322c036-f127-a7c3-54cb-2755a84ecb70" testName="TestMultiLevelQueue_TwoLevels_ParallelResourceProcessors_Success" computerName="DKSR-EFI-06" duration="00:00:00.5484806" startTime="2024-01-09T15:45:34.5024817+01:00" endTime="2024-01-09T15:45:35.0513410+01:00" testType="13cdc9d9-ddb5-4fa4-a97d-d965ccfc6d4b" outcome="Passed" testListId="8c84fa94-04c1-424b-9868-57a2d4851a1d" relativeResultsDirectory="07271b97-5562-450a-842d-8db12a3491cc" />
    <UnitTestResult executionId="bf8fdeb2-2174-435f-87a5-378176eee5a8" testId="e5961fd2-e26a-dc01-53b6-9e6df31d3e56" testName="WriteMetadataXmlWithStrings_ShouldWriteDocumentHeading_WhenDataIsPresent" computerName="DKSR-EFI-06" duration="00:00:00.0002030" startTime="2024-01-09T15:45:45.2392460+01:00" endTime="2024-01-09T15:45:45.2396186+01:00" testType="13cdc9d9-ddb5-4fa4-a97d-d965ccfc6d4b" outcome="Passed" testListId="8c84fa94-04c1-424b-9868-57a2d4851a1d" relativeResultsDirectory="bf8fdeb2-2174-435f-87a5-378176eee5a8" />
    <UnitTestResult executionId="bbb0f3ca-35e4-4cd8-8696-4af0d04be09c" testId="ea4cc4d0-6ac5-366c-ac2d-a5c2c9cb07e6" testName="HasExtensionDataPresent_ShouldReturnTrue_WhenLineDisplayPixelThicknessIsSet" computerName="DKSR-EFI-06" duration="00:00:00.0001897" startTime="2024-01-09T15:45:45.4095451+01:00" endTime="2024-01-09T15:45:45.4098538+01:00" testType="13cdc9d9-ddb5-4fa4-a97d-d965ccfc6d4b" outcome="Passed" testListId="8c84fa94-04c1-424b-9868-57a2d4851a1d" relativeResultsDirectory="bbb0f3ca-35e4-4cd8-8696-4af0d04be09c" />
    <UnitTestResult executionId="a5073bef-57de-4e39-a2c2-1109c893dfb9" testId="47a53b29-7b9e-c9bf-9646-9c0d3127b256" testName="TestMultiLevelQueue_ParallelResourceProcessors_Success" computerName="DKSR-EFI-06" duration="00:00:00.6704654" startTime="2024-01-09T15:45:33.8304890+01:00" endTime="2024-01-09T15:45:34.5013397+01:00" testType="13cdc9d9-ddb5-4fa4-a97d-d965ccfc6d4b" outcome="Passed" testListId="8c84fa94-04c1-424b-9868-57a2d4851a1d" relativeResultsDirectory="a5073bef-57de-4e39-a2c2-1109c893dfb9" />
    <UnitTestResult executionId="da9114b1-2cb9-4d9c-86f9-51dabc1d32fa" testId="394ee23f-1fe5-59c6-6460-7cc48bf68705" testName="WriteAppearanceExtenstionXml_ShouldWriteLineColor_WhenLineColorIsPresent" computerName="DKSR-EFI-06" duration="00:00:00.0002906" startTime="2024-01-09T15:45:45.4621062+01:00" endTime="2024-01-09T15:45:45.4625611+01:00" testType="13cdc9d9-ddb5-4fa4-a97d-d965ccfc6d4b" outcome="Passed" testListId="8c84fa94-04c1-424b-9868-57a2d4851a1d" relativeResultsDirectory="da9114b1-2cb9-4d9c-86f9-51dabc1d32fa" />
    <UnitTestResult executionId="732b6918-990b-450d-ae00-282a9ae0bf7c" testId="a41a1003-2242-10b8-735d-2b3636a491be" testName="IsValid_ShouldBeSetToTrue_WhenCenterOfGravityIsMissing" computerName="DKSR-EFI-06" duration="00:00:00.0030165" startTime="2024-01-09T15:45:45.4763661+01:00" endTime="2024-01-09T15:45:45.4798774+01:00" testType="13cdc9d9-ddb5-4fa4-a97d-d965ccfc6d4b" outcome="Passed" testListId="8c84fa94-04c1-424b-9868-57a2d4851a1d" relativeResultsDirectory="732b6918-990b-450d-ae00-282a9ae0bf7c" />
    <UnitTestResult executionId="e1f71204-67d8-4f43-919a-8d83cf84ab5a" testId="f556377a-234c-b3cb-a4d6-e29f7a9225e4" testName="Serialize_ShouldThrowException_WhenPropertyCollectionTypeButPathDoesNotIndicateCollection (CollectionEmptyListProperty)" computerName="DKSR-EFI-06" duration="00:00:00.0014234" startTime="2024-01-09T15:45:42.9051039+01:00" endTime="2024-01-09T15:45:42.9068379+01:00" testType="13cdc9d9-ddb5-4fa4-a97d-d965ccfc6d4b" outcome="Passed" testListId="8c84fa94-04c1-424b-9868-57a2d4851a1d" relativeResultsDirectory="e1f71204-67d8-4f43-919a-8d83cf84ab5a" />
    <UnitTestResult executionId="7581f1e4-1ce5-4d42-859f-e977887f97f4" testId="88b3639f-ec99-90c4-a195-d859d4e9c60c" testName="Equals_ShouldReturnTrue_WhenHostDifferOnlyByPortInHost" computerName="DKSR-EFI-06" duration="00:00:00.0005243" startTime="2024-01-09T15:45:20.4861322+01:00" endTime="2024-01-09T15:45:20.5054003+01:00" testType="13cdc9d9-ddb5-4fa4-a97d-d965ccfc6d4b" outcome="Passed" testListId="8c84fa94-04c1-424b-9868-57a2d4851a1d" relativeResultsDirectory="7581f1e4-1ce5-4d42-859f-e977887f97f4" />
    <UnitTestResult executionId="1a167f67-1823-4011-8b51-240d274a4bab" testId="dd6afc15-10c5-b303-c76e-273eabfa3bb0" testName="GenerateParameters_ShouldWriteFpsRange_WhenFpsRangeIsNotNull" computerName="DKSR-EFI-06" duration="00:00:00.0005520" startTime="2024-01-09T15:45:46.3961613+01:00" endTime="2024-01-09T15:45:46.3968942+01:00" testType="13cdc9d9-ddb5-4fa4-a97d-d965ccfc6d4b" outcome="Passed" testListId="8c84fa94-04c1-424b-9868-57a2d4851a1d" relativeResultsDirectory="1a167f67-1823-4011-8b51-240d274a4bab" />
    <UnitTestResult executionId="7b0565de-594e-44d0-9369-0ca776da4d4f" testId="01158b98-2cd4-e826-aa9e-d2d4c60de322" testName="PatchItem_Camera_Fails" computerName="DKSR-EFI-06" duration="00:00:00.0022506" startTime="2024-01-09T15:45:44.7308648+01:00" endTime="2024-01-09T15:45:44.7332995+01:00" testType="13cdc9d9-ddb5-4fa4-a97d-d965ccfc6d4b" outcome="Passed" testListId="8c84fa94-04c1-424b-9868-57a2d4851a1d" relativeResultsDirectory="7b0565de-594e-44d0-9369-0ca776da4d4f" />
    <UnitTestResult executionId="8128c1c9-dde4-4f5e-92a1-173497d1099e" testId="dfc15ed8-7724-9a59-ed0c-37d1b022994b" testName="GetAgeFilterValue_NullCriteria_Throws" computerName="DKSR-EFI-06" duration="00:00:00.0009515" startTime="2024-01-09T15:45:44.2705386+01:00" endTime="2024-01-09T15:45:44.2717468+01:00" testType="13cdc9d9-ddb5-4fa4-a97d-d965ccfc6d4b" outcome="Passed" testListId="8c84fa94-04c1-424b-9868-57a2d4851a1d" relativeResultsDirectory="8128c1c9-dde4-4f5e-92a1-173497d1099e" />
    <UnitTestResult executionId="2582230e-b5d5-4c3c-8c1d-718ee71e4202" testId="9fe60fa0-7d32-eb9d-1e44-3be02241d2db" testName="WriteXml_ShouldOmitBehaviourElement_WhenBehaviourIsNotNullAndWithoutBehaviour" computerName="DKSR-EFI-06" duration="00:00:00.0006931" startTime="2024-01-09T15:45:45.4023595+01:00" endTime="2024-01-09T15:45:45.4032417+01:00" testType="13cdc9d9-ddb5-4fa4-a97d-d965ccfc6d4b" outcome="Passed" testListId="8c84fa94-04c1-424b-9868-57a2d4851a1d" relativeResultsDirectory="2582230e-b5d5-4c3c-8c1d-718ee71e4202" />
    <UnitTestResult executionId="52ba1a69-6659-4aab-88a1-2621808f23ab" testId="42d4745e-d9b8-f2e9-3bf0-8b9851599c44" testName="HttpScheme_ShouldFollowHttpPort" computerName="DKSR-EFI-06" duration="00:00:00.0002796" startTime="2024-01-09T15:45:20.5119343+01:00" endTime="2024-01-09T15:45:20.5123866+01:00" testType="13cdc9d9-ddb5-4fa4-a97d-d965ccfc6d4b" outcome="Passed" testListId="8c84fa94-04c1-424b-9868-57a2d4851a1d" relativeResultsDirectory="52ba1a69-6659-4aab-88a1-2621808f23ab" />
    <UnitTestResult executionId="d1ae9155-26a4-4800-925c-cb8c08fb2c76" testId="e9dfb445-64b1-c8bd-bc01-6330550b105e" testName="GenerateDeviceParameters_ShouldOmitGop_WhenGopIsZero" computerName="DKSR-EFI-06" duration="00:00:00.0007430" startTime="2024-01-09T15:45:46.3976559+01:00" endTime="2024-01-09T15:45:46.3985947+01:00" testType="13cdc9d9-ddb5-4fa4-a97d-d965ccfc6d4b" outcome="Passed" testListId="8c84fa94-04c1-424b-9868-57a2d4851a1d" relativeResultsDirectory="d1ae9155-26a4-4800-925c-cb8c08fb2c76" />
    <UnitTestResult executionId="484bb814-8e76-4acc-8454-9a596043ea32" testId="55b79441-e564-906e-4208-d72830fa4d2c" testName="GetBegin_ShouldReturnNull_WhenToolkitReturnsNull" computerName="DKSR-EFI-06" duration="00:00:00.0019701" startTime="2024-01-09T15:45:46.6563289+01:00" endTime="2024-01-09T15:45:46.6585063+01:00" testType="13cdc9d9-ddb5-4fa4-a97d-d965ccfc6d4b" outcome="Passed" testListId="8c84fa94-04c1-424b-9868-57a2d4851a1d" relativeResultsDirectory="484bb814-8e76-4acc-8454-9a596043ea32" />
    <UnitTestResult executionId="0e72e5f8-084c-42be-8dce-efafc00ba527" testId="bbf27319-0f4b-5f15-78c4-45a2e840ee02" testName="WriteXml_ShouldWriteNavigationalData_WhenNavigationalDataIsNotNull" computerName="DKSR-EFI-06" duration="00:00:00.0002355" startTime="2024-01-09T15:45:45.2693588+01:00" endTime="2024-01-09T15:45:45.2697056+01:00" testType="13cdc9d9-ddb5-4fa4-a97d-d965ccfc6d4b" outcome="Passed" testListId="8c84fa94-04c1-424b-9868-57a2d4851a1d" relativeResultsDirectory="0e72e5f8-084c-42be-8dce-efafc00ba527" />
    <UnitTestResult executionId="490aec6d-73cc-44f4-ae86-cef946eefeb3" testId="0b0ff5aa-c291-79fb-1d8b-d1660f2ebad3" testName="ReadXml_ShouldReadOriginalData_WhenOrigiginalDataIsPresent" computerName="DKSR-EFI-06" duration="00:00:00.0022945" startTime="2024-01-09T15:45:45.2463331+01:00" endTime="2024-01-09T15:45:45.2488230+01:00" testType="13cdc9d9-ddb5-4fa4-a97d-d965ccfc6d4b" outcome="Passed" testListId="8c84fa94-04c1-424b-9868-57a2d4851a1d" relativeResultsDirectory="490aec6d-73cc-44f4-ae86-cef946eefeb3" />
    <UnitTestResult executionId="7869c5b1-e6cb-4230-916e-f7eca3442f1d" testId="46ae3a22-8d3d-7e4f-8a5b-87f63b36d2e9" testName="GetPropertiesAsync_MultipleInvocations_DelegatedToInternalMethodOnlyOnce" computerName="DKSR-EFI-06" duration="00:00:00.0009702" startTime="2024-01-09T15:45:43.7151556+01:00" endTime="2024-01-09T15:45:43.7164221+01:00" testType="13cdc9d9-ddb5-4fa4-a97d-d965ccfc6d4b" outcome="Passed" testListId="8c84fa94-04c1-424b-9868-57a2d4851a1d" relativeResultsDirectory="7869c5b1-e6cb-4230-916e-f7eca3442f1d" />
    <UnitTestResult executionId="67794b01-9212-4fcd-8a8b-9283284ca738" testId="31d165a4-0514-1831-5c27-9754c33030c7" testName="CountByItems_Activated_Grace" computerName="DKSR-EFI-06" duration="00:00:00.0015802" startTime="2024-01-09T15:45:46.3215324+01:00" endTime="2024-01-09T15:45:46.3232899+01:00" testType="13cdc9d9-ddb5-4fa4-a97d-d965ccfc6d4b" outcome="Passed" testListId="8c84fa94-04c1-424b-9868-57a2d4851a1d" relativeResultsDirectory="67794b01-9212-4fcd-8a8b-9283284ca738" />
    <UnitTestResult executionId="9e2434a5-c02d-466b-a99f-624f718f3e3c" testId="805392f0-f3e7-2021-caac-8cfa4d85f84a" testName="ReadXml_ShouldReadItalicAttribute_WhenPresent" computerName="DKSR-EFI-06" duration="00:00:00.0002405" startTime="2024-01-09T15:45:45.0249392+01:00" endTime="2024-01-09T15:45:45.0253809+01:00" testType="13cdc9d9-ddb5-4fa4-a97d-d965ccfc6d4b" outcome="Passed" testListId="8c84fa94-04c1-424b-9868-57a2d4851a1d" relativeResultsDirectory="9e2434a5-c02d-466b-a99f-624f718f3e3c" />
    <UnitTestResult executionId="a7bf0678-94b4-45a2-bca5-b52bc990028c" testId="c3649c2b-316d-d26a-c549-526c58a35cfe" testName="Serialize_ShouldThrowException_WhenPropertyIsSimpleTypeButPathContainsChildren (DecimalProperty)" computerName="DKSR-EFI-06" duration="00:00:00.0005850" startTime="2024-01-09T15:45:42.8875223+01:00" endTime="2024-01-09T15:45:42.8883346+01:00" testType="13cdc9d9-ddb5-4fa4-a97d-d965ccfc6d4b" outcome="Passed" testListId="8c84fa94-04c1-424b-9868-57a2d4851a1d" relativeResultsDirectory="a7bf0678-94b4-45a2-bca5-b52bc990028c" />
    <UnitTestResult executionId="2636e437-411b-4fa0-bbc5-da8fa7c09cf0" testId="c199ff76-2997-edbd-0462-ba7539f412d3" testName="GetNearest_ShouldReturnNull_WhenTimestampIsBeforeFirstElement" computerName="DKSR-EFI-06" duration="00:00:00.0008638" startTime="2024-01-09T15:45:46.5199195+01:00" endTime="2024-01-09T15:45:46.5209584+01:00" testType="13cdc9d9-ddb5-4fa4-a97d-d965ccfc6d4b" outcome="Passed" testListId="8c84fa94-04c1-424b-9868-57a2d4851a1d" relativeResultsDirectory="2636e437-411b-4fa0-bbc5-da8fa7c09cf0" />
    <UnitTestResult executionId="d4b2e6d5-fa8f-4698-8dfb-a4f8bd867c87" testId="daf5f08d-c32f-df8c-b33e-1ba8ee1cff44" testName="GetNextSequence_ShouldReturnFirstEntryFromToolkitResult_WhenDataWasReturned" computerName="DKSR-EFI-06" duration="00:00:00.0022422" startTime="2024-01-09T15:45:46.7629204+01:00" endTime="2024-01-09T15:45:46.7653637+01:00" testType="13cdc9d9-ddb5-4fa4-a97d-d965ccfc6d4b" outcome="Passed" testListId="8c84fa94-04c1-424b-9868-57a2d4851a1d" relativeResultsDirectory="d4b2e6d5-fa8f-4698-8dfb-a4f8bd867c87" />
    <UnitTestResult executionId="373a06a0-936b-4d3d-926e-d62e7f49094c" testId="98ff53fb-3b47-c43e-4b86-adf2da2fb797" testName="LoadedEvent_ShouldAddProxyManager_WhenFrameworkContentElementIsLoadedAtLaterStage" computerName="DKSR-EFI-06" duration="00:00:00.0029178" startTime="2024-01-09T15:45:43.2162064+01:00" endTime="2024-01-09T15:45:43.2207130+01:00" testType="13cdc9d9-ddb5-4fa4-a97d-d965ccfc6d4b" outcome="Passed" testListId="8c84fa94-04c1-424b-9868-57a2d4851a1d" relativeResultsDirectory="373a06a0-936b-4d3d-926e-d62e7f49094c" />
    <UnitTestResult executionId="a20605b8-3ebd-495b-9bb4-720293bffc98" testId="6c9b14c3-fb11-6b6c-874f-cb384de0275b" testName="Serialize_TestCases (TestParentTypeMatchStructNotThisTypeNotMatchedProperty)" computerName="DKSR-EFI-06" duration="00:00:00.0004701" startTime="2024-01-09T15:45:43.0413684+01:00" endTime="2024-01-09T15:45:43.0421433+01:00" testType="13cdc9d9-ddb5-4fa4-a97d-d965ccfc6d4b" outcome="Passed" testListId="8c84fa94-04c1-424b-9868-57a2d4851a1d" relativeResultsDirectory="a20605b8-3ebd-495b-9bb4-720293bffc98" />
    <UnitTestResult executionId="d25315ab-a320-41d3-8c96-5d95ba470998" testId="125f47fd-bfa6-8077-4564-e798b6c885b3" testName="CountByItems_Activated_CountByCounter_Missing" computerName="DKSR-EFI-06" duration="00:00:00.0019984" startTime="2024-01-09T15:45:46.3344229+01:00" endTime="2024-01-09T15:45:46.3366125+01:00" testType="13cdc9d9-ddb5-4fa4-a97d-d965ccfc6d4b" outcome="Passed" testListId="8c84fa94-04c1-424b-9868-57a2d4851a1d" relativeResultsDirectory="d25315ab-a320-41d3-8c96-5d95ba470998" />
    <UnitTestResult executionId="c41ca51c-fdca-4cf6-b8ec-bea21e085dfc" testId="7fb5739f-7a0e-9d63-4cc0-4564c77d7249" testName="Add_NullValue_Success" computerName="DKSR-EFI-06" duration="00:00:00.0003083" startTime="2024-01-09T15:45:32.5195128+01:00" endTime="2024-01-09T15:45:32.5199485+01:00" testType="13cdc9d9-ddb5-4fa4-a97d-d965ccfc6d4b" outcome="Passed" testListId="8c84fa94-04c1-424b-9868-57a2d4851a1d" relativeResultsDirectory="c41ca51c-fdca-4cf6-b8ec-bea21e085dfc" />
    <UnitTestResult executionId="0423bbd9-ccbe-4627-b47d-525b86d301c3" testId="8ff1a4be-4c7a-03eb-1e8d-280cdf27a49d" testName="HasExtensionDataPresent_ShouldReturnTrue_WhenFillColorIsSet" computerName="DKSR-EFI-06" duration="00:00:00.0001683" startTime="2024-01-09T15:45:45.4103459+01:00" endTime="2024-01-09T15:45:45.4106309+01:00" testType="13cdc9d9-ddb5-4fa4-a97d-d965ccfc6d4b" outcome="Passed" testListId="8c84fa94-04c1-424b-9868-57a2d4851a1d" relativeResultsDirectory="0423bbd9-ccbe-4627-b47d-525b86d301c3" />
    <UnitTestResult executionId="1ebd50cb-6c37-4331-9640-ed405f009d59" testId="49bc91b3-0e58-95cf-9899-940758bf9038" testName="GetChildren_And_Check" computerName="DKSR-EFI-06" duration="00:00:00.0134639" startTime="2024-01-09T15:45:19.2724437+01:00" endTime="2024-01-09T15:45:19.2868229+01:00" testType="13cdc9d9-ddb5-4fa4-a97d-d965ccfc6d4b" outcome="Passed" testListId="8c84fa94-04c1-424b-9868-57a2d4851a1d" relativeResultsDirectory="1ebd50cb-6c37-4331-9640-ed405f009d59" />
    <UnitTestResult executionId="83b9e150-2187-4b55-8cb3-2f022c62144c" testId="8685a0cc-8f6c-e530-6b25-43918c6d87aa" testName="GenerateEnumValueParameters_ShouldWriteDisplayId_WhenAlways" computerName="DKSR-EFI-06" duration="00:00:00.0008043" startTime="2024-01-09T15:45:46.4404579+01:00" endTime="2024-01-09T15:45:46.4414388+01:00" testType="13cdc9d9-ddb5-4fa4-a97d-d965ccfc6d4b" outcome="Passed" testListId="8c84fa94-04c1-424b-9868-57a2d4851a1d" relativeResultsDirectory="83b9e150-2187-4b55-8cb3-2f022c62144c" />
    <UnitTestResult executionId="4ce319f4-ceb4-43b2-ae84-dc06b53573cd" testId="054d841b-8cd4-42a2-f59c-fc413fd8883f" testName="ReadXml_ShouldIgnoreChildren_WhenAlways" computerName="DKSR-EFI-06" duration="00:00:00.0010450" startTime="2024-01-09T15:45:45.4153667+01:00" endTime="2024-01-09T15:45:45.4166083+01:00" testType="13cdc9d9-ddb5-4fa4-a97d-d965ccfc6d4b" outcome="Passed" testListId="8c84fa94-04c1-424b-9868-57a2d4851a1d" relativeResultsDirectory="4ce319f4-ceb4-43b2-ae84-dc06b53573cd" />
    <UnitTestResult executionId="ea4876a6-0946-46e3-a887-efa7edba2491" testId="db7e14ac-31b0-63ea-57a6-f0098c612aa0" testName="ReadXml_ShouldIgnoreScale_WhenScaleIsPresentWithWrongNamespace" computerName="DKSR-EFI-06" duration="00:00:00.0005717" startTime="2024-01-09T15:45:45.5635084+01:00" endTime="2024-01-09T15:45:45.5642851+01:00" testType="13cdc9d9-ddb5-4fa4-a97d-d965ccfc6d4b" outcome="Passed" testListId="8c84fa94-04c1-424b-9868-57a2d4851a1d" relativeResultsDirectory="ea4876a6-0946-46e3-a887-efa7edba2491" />
    <UnitTestResult executionId="d5c5592f-dc83-4b4b-8e79-149488f70ea3" testId="13808eac-f72b-2563-39d5-58056dcce54a" testName="Clear_KeysPresent_ClearsCacheAndGetReturnsNull" computerName="DKSR-EFI-06" duration="00:00:00.0027225" startTime="2024-01-09T15:45:33.0444881+01:00" endTime="2024-01-09T15:45:33.0474170+01:00" testType="13cdc9d9-ddb5-4fa4-a97d-d965ccfc6d4b" outcome="Passed" testListId="8c84fa94-04c1-424b-9868-57a2d4851a1d" relativeResultsDirectory="d5c5592f-dc83-4b4b-8e79-149488f70ea3" />
    <UnitTestResult executionId="fbef149e-ee65-4c74-b36a-e07ab4459933" testId="be3b82dd-8df9-5360-ff99-6eca540698eb" testName="TestCreateSearchDefinition_Success" computerName="DKSR-EFI-06" duration="00:00:00.0110269" startTime="2024-01-09T15:45:43.5357515+01:00" endTime="2024-01-09T15:45:43.5470160+01:00" testType="13cdc9d9-ddb5-4fa4-a97d-d965ccfc6d4b" outcome="Passed" testListId="8c84fa94-04c1-424b-9868-57a2d4851a1d" relativeResultsDirectory="fbef149e-ee65-4c74-b36a-e07ab4459933" />
    <UnitTestResult executionId="8573dd2a-4133-4121-ac14-1853777296af" testId="0154a190-bfe2-3ee0-16ea-a097656a45bf" testName="Serialize_TestCases (Verify root Object (null) property)" computerName="DKSR-EFI-06" duration="00:00:00.0003321" startTime="2024-01-09T15:45:42.9396239+01:00" endTime="2024-01-09T15:45:42.9403016+01:00" testType="13cdc9d9-ddb5-4fa4-a97d-d965ccfc6d4b" outcome="Passed" testListId="8c84fa94-04c1-424b-9868-57a2d4851a1d" relativeResultsDirectory="8573dd2a-4133-4121-ac14-1853777296af" />
    <UnitTestResult executionId="9c401996-68ca-4a06-a598-55b9da7d2582" testId="fcfc02eb-9475-084e-96ae-652cb742a35f" testName="ToJson_ListElement" computerName="DKSR-EFI-06" duration="00:00:00.0005231" startTime="2024-01-09T15:45:44.5393271+01:00" endTime="2024-01-09T15:45:44.5400398+01:00" testType="13cdc9d9-ddb5-4fa4-a97d-d965ccfc6d4b" outcome="Passed" testListId="8c84fa94-04c1-424b-9868-57a2d4851a1d" relativeResultsDirectory="9c401996-68ca-4a06-a598-55b9da7d2582" />
    <UnitTestResult executionId="024da5e7-8f7d-48ac-9a8e-55aaf1166515" testId="5f47c21d-eb6b-8972-42b3-349701e80bfd" testName="ReadXml_ShouldLogWarning_WhenShapeIsInvalid" computerName="DKSR-EFI-06" duration="00:00:00.0031777" startTime="2024-01-09T15:45:44.8339962+01:00" endTime="2024-01-09T15:45:44.8373661+01:00" testType="13cdc9d9-ddb5-4fa4-a97d-d965ccfc6d4b" outcome="Passed" testListId="8c84fa94-04c1-424b-9868-57a2d4851a1d" relativeResultsDirectory="024da5e7-8f7d-48ac-9a8e-55aaf1166515" />
    <UnitTestResult executionId="6ca6ab55-d14c-49ff-ae1c-bde89406e5ac" testId="e0974674-ac77-e53b-c938-66c6d56fd05c" testName="Equals_ShouldReturnTrue_WhenOnePortNumberIsZeroAndTheOtherIsEighty" computerName="DKSR-EFI-06" duration="00:00:00.0003475" startTime="2024-01-09T15:45:20.4783498+01:00" endTime="2024-01-09T15:45:20.4788593+01:00" testType="13cdc9d9-ddb5-4fa4-a97d-d965ccfc6d4b" outcome="Passed" testListId="8c84fa94-04c1-424b-9868-57a2d4851a1d" relativeResultsDirectory="6ca6ab55-d14c-49ff-ae1c-bde89406e5ac" />
    <UnitTestResult executionId="241d1cbd-53f2-4a06-b46f-94f876c42a41" testId="dae5127c-eff7-8376-4da7-ec9462c457e1" testName="GetNearest_ShouldReturnFirstElement_WhenTimestampIsSamesAsFirstElement" computerName="DKSR-EFI-06" duration="00:00:00.0003671" startTime="2024-01-09T15:45:46.5244060+01:00" endTime="2024-01-09T15:45:46.5249474+01:00" testType="13cdc9d9-ddb5-4fa4-a97d-d965ccfc6d4b" outcome="Passed" testListId="8c84fa94-04c1-424b-9868-57a2d4851a1d" relativeResultsDirectory="241d1cbd-53f2-4a06-b46f-94f876c42a41" />
    <UnitTestResult executionId="5b135430-ef63-4ff4-9f33-1cc2e7cd87da" testId="43549381-b46a-2b58-13a9-b35484e42c71" testName="Match_Success_SystemTypeAnyMessage" computerName="DKSR-EFI-06" duration="00:00:00.0002874" startTime="2024-01-09T15:45:45.7033003+01:00" endTime="2024-01-09T15:45:45.7037579+01:00" testType="13cdc9d9-ddb5-4fa4-a97d-d965ccfc6d4b" outcome="Passed" testListId="8c84fa94-04c1-424b-9868-57a2d4851a1d" relativeResultsDirectory="5b135430-ef63-4ff4-9f33-1cc2e7cd87da" />
    <UnitTestResult executionId="3f8206e3-b9b5-4a4f-93be-9080a483a78e" testId="8b5da03f-9577-2062-8111-d2b15e5a740d" testName="GetAtOrBefore_ShouldReturnNull_WhenToolkitReturnsResponseWithNullDataList" computerName="DKSR-EFI-06" duration="00:00:00.0017867" startTime="2024-01-09T15:45:46.7489043+01:00" endTime="2024-01-09T15:45:46.7508560+01:00" testType="13cdc9d9-ddb5-4fa4-a97d-d965ccfc6d4b" outcome="Passed" testListId="8c84fa94-04c1-424b-9868-57a2d4851a1d" relativeResultsDirectory="3f8206e3-b9b5-4a4f-93be-9080a483a78e" />
    <UnitTestResult executionId="5ddf2690-5f4d-43bf-a0c3-a7d588aa67e9" testId="27817c8c-6c0d-bb4b-da4e-d6836f9c5d12" testName="IsEmptyValue_DoubleRangeFilterValue_ValuesAtMinimumAndMaximum_ReturnsTrue" computerName="DKSR-EFI-06" duration="00:00:00.0004303" startTime="2024-01-09T15:45:43.4193596+01:00" endTime="2024-01-09T15:45:43.4200483+01:00" testType="13cdc9d9-ddb5-4fa4-a97d-d965ccfc6d4b" outcome="Passed" testListId="8c84fa94-04c1-424b-9868-57a2d4851a1d" relativeResultsDirectory="5ddf2690-5f4d-43bf-a0c3-a7d588aa67e9" />
    <UnitTestResult executionId="8f9a4e99-264a-4d8e-8e8b-b77e4965154f" testId="2d11d0f1-64a8-482c-f6c9-1576aff1fea5" testName="MipItem_IconSource_Has_Value" computerName="DKSR-EFI-06" duration="00:00:00.0022462" startTime="2024-01-09T15:45:40.6665911+01:00" endTime="2024-01-09T15:45:40.6690177+01:00" testType="13cdc9d9-ddb5-4fa4-a97d-d965ccfc6d4b" outcome="Passed" testListId="8c84fa94-04c1-424b-9868-57a2d4851a1d" relativeResultsDirectory="8f9a4e99-264a-4d8e-8e8b-b77e4965154f" />
    <UnitTestResult executionId="4f34a905-bdf3-4e34-b0b2-f0963ed71ab9" testId="a67e2ec6-c284-283e-f6bb-5df24e13d453" testName="GetAgeFilterValue_FilterValueMissing_ReturnsEmptyCollection" computerName="DKSR-EFI-06" duration="00:00:00.0011102" startTime="2024-01-09T15:45:44.2724997+01:00" endTime="2024-01-09T15:45:44.2738164+01:00" testType="13cdc9d9-ddb5-4fa4-a97d-d965ccfc6d4b" outcome="Passed" testListId="8c84fa94-04c1-424b-9868-57a2d4851a1d" relativeResultsDirectory="4f34a905-bdf3-4e34-b0b2-f0963ed71ab9" />
    <UnitTestResult executionId="eb8e7b11-80d6-4a6a-9476-996d19810075" testId="7f0dc770-de51-01fc-0418-ecabb4649b1e" testName="Serialize_TestCases (TestParentTypeMatchInterfaceNotThisTypeMatched)" computerName="DKSR-EFI-06" duration="00:00:00.0005574" startTime="2024-01-09T15:45:43.0847037+01:00" endTime="2024-01-09T15:45:43.0855383+01:00" testType="13cdc9d9-ddb5-4fa4-a97d-d965ccfc6d4b" outcome="Passed" testListId="8c84fa94-04c1-424b-9868-57a2d4851a1d" relativeResultsDirectory="eb8e7b11-80d6-4a6a-9476-996d19810075" />
    <UnitTestResult executionId="577b273d-4cac-4825-8b7e-6b5963e0b73e" testId="a83a69b8-4523-62af-550e-9c72857a22cc" testName="Clear_ShouldInvokeCallback_WhenObservable" computerName="DKSR-EFI-06" duration="00:00:00.0020292" startTime="2024-01-09T15:45:41.5459816+01:00" endTime="2024-01-09T15:45:41.5594570+01:00" testType="13cdc9d9-ddb5-4fa4-a97d-d965ccfc6d4b" outcome="Passed" testListId="8c84fa94-04c1-424b-9868-57a2d4851a1d" relativeResultsDirectory="577b273d-4cac-4825-8b7e-6b5963e0b73e" />
    <UnitTestResult executionId="e5369301-4bde-41f7-9c2e-5550f0f9bb9d" testId="3f059c6a-7cda-fa81-0b37-29c0a5c4596b" testName="AllAttributesWerePresent_ShouldReturnFalse_WhenRightAttributeIsNotAFloat" computerName="DKSR-EFI-06" duration="00:00:00.0003037" startTime="2024-01-09T15:45:45.4340386+01:00" endTime="2024-01-09T15:45:45.4345305+01:00" testType="13cdc9d9-ddb5-4fa4-a97d-d965ccfc6d4b" outcome="Passed" testListId="8c84fa94-04c1-424b-9868-57a2d4851a1d" relativeResultsDirectory="e5369301-4bde-41f7-9c2e-5550f0f9bb9d" />
    <UnitTestResult executionId="55948827-d8f3-481c-be4b-0e81184ca0d6" testId="dcc9cf01-7d0d-4dc6-9027-2fa692f04ff1" testName="WriteXml_ShouldWriteIsRemovedElement_WhenIsRemovedIsTrue" computerName="DKSR-EFI-06" duration="00:00:00.0003239" startTime="2024-01-09T15:45:44.9098554+01:00" endTime="2024-01-09T15:45:44.9103641+01:00" testType="13cdc9d9-ddb5-4fa4-a97d-d965ccfc6d4b" outcome="Passed" testListId="8c84fa94-04c1-424b-9868-57a2d4851a1d" relativeResultsDirectory="55948827-d8f3-481c-be4b-0e81184ca0d6" />
    <UnitTestResult executionId="7197c070-41dd-4961-b8fa-6ad64e001e4d" testId="fd660d88-e617-79d3-f7ee-c5b3a97b4585" testName="GetMetadataObjectIdsAsync_FirstInvocationCancelled_DelegatedToInternalMethodOnce" computerName="DKSR-EFI-06" duration="00:00:00.0010434" startTime="2024-01-09T15:45:43.7516114+01:00" endTime="2024-01-09T15:45:43.7529545+01:00" testType="13cdc9d9-ddb5-4fa4-a97d-d965ccfc6d4b" outcome="Passed" testListId="8c84fa94-04c1-424b-9868-57a2d4851a1d" relativeResultsDirectory="7197c070-41dd-4961-b8fa-6ad64e001e4d" />
    <UnitTestResult executionId="ec379c51-9cf9-4b4b-8ebe-f40ded4fd8b0" testId="76e6ff63-d7eb-f665-d9fe-8f8739285ff9" testName="SearializePlusDeserialize_NestedArrayObject_ShouldResultInSameString" computerName="DKSR-EFI-06" duration="00:00:00.0002246" startTime="2024-01-09T15:45:44.4823085+01:00" endTime="2024-01-09T15:45:44.4827725+01:00" testType="13cdc9d9-ddb5-4fa4-a97d-d965ccfc6d4b" outcome="Passed" testListId="8c84fa94-04c1-424b-9868-57a2d4851a1d" relativeResultsDirectory="ec379c51-9cf9-4b4b-8ebe-f40ded4fd8b0" />
    <UnitTestResult executionId="d88e9c2b-e0b5-45f3-ba4a-781665d16296" testId="85a3df1f-74e3-6aca-1e0c-cfef94af0047" testName="Parse_IntArray" computerName="DKSR-EFI-06" duration="00:00:00.0003308" startTime="2024-01-09T15:45:44.5302854+01:00" endTime="2024-01-09T15:45:44.5307740+01:00" testType="13cdc9d9-ddb5-4fa4-a97d-d965ccfc6d4b" outcome="Passed" testListId="8c84fa94-04c1-424b-9868-57a2d4851a1d" relativeResultsDirectory="d88e9c2b-e0b5-45f3-ba4a-781665d16296" />
    <UnitTestResult executionId="0e66d4ec-4c96-49ca-90f4-e5ad444dc09c" testId="b7c2c022-5605-11c2-db09-3429d396f98d" testName="Parse_Double_Invalid" computerName="DKSR-EFI-06" duration="00:00:00.0003175" startTime="2024-01-09T15:45:44.5038488+01:00" endTime="2024-01-09T15:45:44.5043645+01:00" testType="13cdc9d9-ddb5-4fa4-a97d-d965ccfc6d4b" outcome="Passed" testListId="8c84fa94-04c1-424b-9868-57a2d4851a1d" relativeResultsDirectory="0e66d4ec-4c96-49ca-90f4-e5ad444dc09c" />
    <UnitTestResult executionId="7e27cc21-0add-4e70-be96-72327c5edb60" testId="cc3f336d-6569-1e3c-5ccf-be760a4417ce" testName="Serialize_TestCases (TestParentTypeMatchEnumNotThisTypeMatched)" computerName="DKSR-EFI-06" duration="00:00:00.0002875" startTime="2024-01-09T15:45:43.0251999+01:00" endTime="2024-01-09T15:45:43.0257819+01:00" testType="13cdc9d9-ddb5-4fa4-a97d-d965ccfc6d4b" outcome="Passed" testListId="8c84fa94-04c1-424b-9868-57a2d4851a1d" relativeResultsDirectory="7e27cc21-0add-4e70-be96-72327c5edb60" />
    <UnitTestResult executionId="53480560-8b83-4abd-b534-ef8f6809d4cb" testId="94e89fbd-ee0e-4e65-a79e-fa57a63dcb34" testName="ReadyToCloseEvent_OkCommand_MultiSelect_Not_Thrown" computerName="DKSR-EFI-06" duration="00:00:00.0003306" startTime="2024-01-09T15:45:40.6588239+01:00" endTime="2024-01-09T15:45:40.6593576+01:00" testType="13cdc9d9-ddb5-4fa4-a97d-d965ccfc6d4b" outcome="Passed" testListId="8c84fa94-04c1-424b-9868-57a2d4851a1d" relativeResultsDirectory="53480560-8b83-4abd-b534-ef8f6809d4cb" />
    <UnitTestResult executionId="6ba52913-44ae-411b-9eb1-2fd18f5b4ca8" testId="f3ca05e5-dc9b-e250-df0d-7261ad9afb62" testName="ProvideValue_ShouldUpdateTarget_WhenItemDataValueChanges" computerName="DKSR-EFI-06" duration="00:00:00.0027346" startTime="2024-01-09T15:45:42.5724293+01:00" endTime="2024-01-09T15:45:42.5840517+01:00" testType="13cdc9d9-ddb5-4fa4-a97d-d965ccfc6d4b" outcome="Passed" testListId="8c84fa94-04c1-424b-9868-57a2d4851a1d" relativeResultsDirectory="6ba52913-44ae-411b-9eb1-2fd18f5b4ca8" />
    <UnitTestResult executionId="39a37b8b-18f4-4f3b-8d2c-4256ebb04c26" testId="b11280c6-b927-424b-97d9-4a8daa017667" testName="ReadXml_ShouldReadLatitude_WhenLatitudeIsPresent" computerName="DKSR-EFI-06" duration="00:00:00.0007536" startTime="2024-01-09T15:45:45.3188530+01:00" endTime="2024-01-09T15:45:45.3198054+01:00" testType="13cdc9d9-ddb5-4fa4-a97d-d965ccfc6d4b" outcome="Passed" testListId="8c84fa94-04c1-424b-9868-57a2d4851a1d" relativeResultsDirectory="39a37b8b-18f4-4f3b-8d2c-4256ebb04c26" />
    <UnitTestResult executionId="af7dc308-e451-459b-943e-83a0ca567d93" testId="fa6e843e-faa4-966b-f711-d61b61e7366c" testName="ReadXml_ShouldIgnoreClassCandidate_WhenClassCandidateIsNotValid" computerName="DKSR-EFI-06" duration="00:00:00.0011336" startTime="2024-01-09T15:45:45.3516890+01:00" endTime="2024-01-09T15:45:45.3529986+01:00" testType="13cdc9d9-ddb5-4fa4-a97d-d965ccfc6d4b" outcome="Passed" testListId="8c84fa94-04c1-424b-9868-57a2d4851a1d" relativeResultsDirectory="af7dc308-e451-459b-943e-83a0ca567d93" />
    <UnitTestResult executionId="4c1e666c-2a85-4284-a2f1-e1b94824887b" testId="58117c79-f111-10a9-cd35-e84774ffbcda" testName="GetAtOrBefore_ShouldReturnEntryBeforeFromCache_WhenDataIsInCache" computerName="DKSR-EFI-06" duration="00:00:00.0019123" startTime="2024-01-09T15:45:46.7437185+01:00" endTime="2024-01-09T15:45:46.7458057+01:00" testType="13cdc9d9-ddb5-4fa4-a97d-d965ccfc6d4b" outcome="Passed" testListId="8c84fa94-04c1-424b-9868-57a2d4851a1d" relativeResultsDirectory="4c1e666c-2a85-4284-a2f1-e1b94824887b" />
    <UnitTestResult executionId="959e694b-98cf-4d1d-9d90-6349a7e39fff" testId="22940ce1-f9a1-0a34-055d-4f72c4c54fbb" testName="SelectionFilterValue_Deserialize_Success" computerName="DKSR-EFI-06" duration="00:00:00.0036129" startTime="2024-01-09T15:45:44.1832858+01:00" endTime="2024-01-09T15:45:44.1871031+01:00" testType="13cdc9d9-ddb5-4fa4-a97d-d965ccfc6d4b" outcome="Passed" testListId="8c84fa94-04c1-424b-9868-57a2d4851a1d" relativeResultsDirectory="959e694b-98cf-4d1d-9d90-6349a7e39fff" />
    <UnitTestResult executionId="4bb1887e-f16b-444e-8ce9-7fbbf19c3c6d" testId="82a5b9a3-0552-89d0-c528-c8a8c76f5d9f" testName="IsEmptyValue_SelectionFilterValue_NoSelections_ReturnsTrue" computerName="DKSR-EFI-06" duration="00:00:00.0009888" startTime="2024-01-09T15:45:43.4219928+01:00" endTime="2024-01-09T15:45:43.4231834+01:00" testType="13cdc9d9-ddb5-4fa4-a97d-d965ccfc6d4b" outcome="Passed" testListId="8c84fa94-04c1-424b-9868-57a2d4851a1d" relativeResultsDirectory="4bb1887e-f16b-444e-8ce9-7fbbf19c3c6d" />
    <UnitTestResult executionId="f6eaa8fa-9f50-45a3-a023-167f34ec6fa4" testId="1231dbfb-8caf-95d4-fa10-3201d28cc912" testName="ReadXml_ShouldIgnoreAppearance_WhenAppearanceIsPresenWithWrongNamespace" computerName="DKSR-EFI-06" duration="00:00:00.0002297" startTime="2024-01-09T15:45:45.3866067+01:00" endTime="2024-01-09T15:45:45.3870182+01:00" testType="13cdc9d9-ddb5-4fa4-a97d-d965ccfc6d4b" outcome="Passed" testListId="8c84fa94-04c1-424b-9868-57a2d4851a1d" relativeResultsDirectory="f6eaa8fa-9f50-45a3-a023-167f34ec6fa4" />
    <UnitTestResult executionId="36cbd82c-4d6b-4b07-bcb4-eb73b56f6615" testId="a68e6a6e-4209-2d96-e42e-fdfc6deeba69" testName="WriteXml_ShouldWriteColorAttribute_WhenPresent" computerName="DKSR-EFI-06" duration="00:00:00.0003766" startTime="2024-01-09T15:45:45.0594682+01:00" endTime="2024-01-09T15:45:45.0600555+01:00" testType="13cdc9d9-ddb5-4fa4-a97d-d965ccfc6d4b" outcome="Passed" testListId="8c84fa94-04c1-424b-9868-57a2d4851a1d" relativeResultsDirectory="36cbd82c-4d6b-4b07-bcb4-eb73b56f6615" />
    <UnitTestResult executionId="8689dcd1-bdf3-405c-bca7-ad94e085aabc" testId="f33839d1-0a95-c027-0a9d-468e94c3e8f8" testName="EqualGuids_Fail_OnServerIdNull" computerName="DKSR-EFI-06" duration="00:00:00.0003374" startTime="2024-01-09T15:45:18.6734702+01:00" endTime="2024-01-09T15:45:18.6738973+01:00" testType="13cdc9d9-ddb5-4fa4-a97d-d965ccfc6d4b" outcome="Passed" testListId="8c84fa94-04c1-424b-9868-57a2d4851a1d" relativeResultsDirectory="8689dcd1-bdf3-405c-bca7-ad94e085aabc" />
    <UnitTestResult executionId="9ba5d675-f338-43b4-a7b0-e324d48d07b9" testId="4bb55630-8b3a-5b1a-80b5-da8fceb36d41" testName="Apply_ShouldMultiplScaleYCoordinatesToTopAndBottomAndScaleXCoordinatesToLeftAndRight_WhenScaleIsNotNull" computerName="DKSR-EFI-06" duration="00:00:00.0004545" startTime="2024-01-09T15:45:45.4510512+01:00" endTime="2024-01-09T15:45:45.4517002+01:00" testType="13cdc9d9-ddb5-4fa4-a97d-d965ccfc6d4b" outcome="Passed" testListId="8c84fa94-04c1-424b-9868-57a2d4851a1d" relativeResultsDirectory="9ba5d675-f338-43b4-a7b0-e324d48d07b9" />
    <UnitTestResult executionId="cc001176-8854-46ec-b365-081c5bdf3bc9" testId="cb3227bb-d1a5-0c0d-9089-9f393e7c3688" testName="Constructor_ShouldThrowArgumentException_WhenModelIsWhiteSpaceOrEmpty" computerName="DKSR-EFI-06" duration="00:00:00.0004747" startTime="2024-01-09T15:45:46.4493920+01:00" endTime="2024-01-09T15:45:46.4500417+01:00" testType="13cdc9d9-ddb5-4fa4-a97d-d965ccfc6d4b" outcome="Passed" testListId="8c84fa94-04c1-424b-9868-57a2d4851a1d" relativeResultsDirectory="cc001176-8854-46ec-b365-081c5bdf3bc9" />
    <UnitTestResult executionId="507af42a-794d-47ab-83f4-d2891a3c751e" testId="c475df53-8f1e-79fe-20e9-fd298525b9b9" testName="WriteXml_ShouldWriteOnvifClassContents_WhenClassIsNotNull" computerName="DKSR-EFI-06" duration="00:00:00.0009729" startTime="2024-01-09T15:45:44.8714208+01:00" endTime="2024-01-09T15:45:44.8725676+01:00" testType="13cdc9d9-ddb5-4fa4-a97d-d965ccfc6d4b" outcome="Passed" testListId="8c84fa94-04c1-424b-9868-57a2d4851a1d" relativeResultsDirectory="507af42a-794d-47ab-83f4-d2891a3c751e" />
    <UnitTestResult executionId="d7615e23-063a-4e7b-8f0d-aa96694d8a24" testId="80eb5992-c82a-ed44-e16c-bbd14f90a9d1" testName="Serialize_TestCases (TestParentTypeMatchBoolNotThisTypeMatched)" computerName="DKSR-EFI-06" duration="00:00:00.0003358" startTime="2024-01-09T15:45:43.0000354+01:00" endTime="2024-01-09T15:45:43.0006941+01:00" testType="13cdc9d9-ddb5-4fa4-a97d-d965ccfc6d4b" outcome="Passed" testListId="8c84fa94-04c1-424b-9868-57a2d4851a1d" relativeResultsDirectory="d7615e23-063a-4e7b-8f0d-aa96694d8a24" />
    <UnitTestResult executionId="37b8038d-bf89-4f1f-be1b-3f16c3451e98" testId="cd80718c-caec-d1ab-47af-f5822f5e7c58" testName="ReadXml_ShouldSetObjectIdToZero_WhenObjectIdAttributeIsPresentButNotAnInteger" computerName="DKSR-EFI-06" duration="00:00:00.0001643" startTime="2024-01-09T15:45:45.3769508+01:00" endTime="2024-01-09T15:45:45.3772213+01:00" testType="13cdc9d9-ddb5-4fa4-a97d-d965ccfc6d4b" outcome="Passed" testListId="8c84fa94-04c1-424b-9868-57a2d4851a1d" relativeResultsDirectory="37b8038d-bf89-4f1f-be1b-3f16c3451e98" />
    <UnitTestResult executionId="f5b8394b-0988-4489-a865-56d0386f39a3" testId="1d908a6b-ebcd-4952-2785-5d24733c709c" testName="Apply_ShouldApplyTranslateAndScale_WhenTranslateAndScaleIsNotNull" computerName="DKSR-EFI-06" duration="00:00:00.0004461" startTime="2024-01-09T15:45:45.4524816+01:00" endTime="2024-01-09T15:45:45.4531275+01:00" testType="13cdc9d9-ddb5-4fa4-a97d-d965ccfc6d4b" outcome="Passed" testListId="8c84fa94-04c1-424b-9868-57a2d4851a1d" relativeResultsDirectory="f5b8394b-0988-4489-a865-56d0386f39a3" />
    <UnitTestResult executionId="fc6e4675-0303-41dc-ae49-4114882025b8" testId="f42b2340-e96d-0e55-ec7c-6d27b290f74e" testName="UtcTime_ShouldReturnMinimumDateTime_WhenNotSet" computerName="DKSR-EFI-06" duration="00:00:00.0008396" startTime="2024-01-09T15:45:45.0662813+01:00" endTime="2024-01-09T15:45:45.0673411+01:00" testType="13cdc9d9-ddb5-4fa4-a97d-d965ccfc6d4b" outcome="Passed" testListId="8c84fa94-04c1-424b-9868-57a2d4851a1d" relativeResultsDirectory="fc6e4675-0303-41dc-ae49-4114882025b8" />
    <UnitTestResult executionId="2b672684-7b98-4243-be1c-feaddc9a114c" testId="b017e7d9-0b01-2855-1b02-e7d76489a091" testName="Serialize_TestCases (Verify root Struct property get property value)" computerName="DKSR-EFI-06" duration="00:00:00.0003898" startTime="2024-01-09T15:45:42.9380153+01:00" endTime="2024-01-09T15:45:42.9387494+01:00" testType="13cdc9d9-ddb5-4fa4-a97d-d965ccfc6d4b" outcome="Passed" testListId="8c84fa94-04c1-424b-9868-57a2d4851a1d" relativeResultsDirectory="2b672684-7b98-4243-be1c-feaddc9a114c" />
    <UnitTestResult executionId="05007e0e-6611-4691-997c-f9f57a7afb46" testId="97f2dd08-7fc8-05d2-39e7-d6eb768666a9" testName="ReadXml_ShouldSetIsIdleAndIsRemovedToFalse_WhenElementIsEmpty" computerName="DKSR-EFI-06" duration="00:00:00.0002772" startTime="2024-01-09T15:45:44.9045227+01:00" endTime="2024-01-09T15:45:44.9049794+01:00" testType="13cdc9d9-ddb5-4fa4-a97d-d965ccfc6d4b" outcome="Passed" testListId="8c84fa94-04c1-424b-9868-57a2d4851a1d" relativeResultsDirectory="05007e0e-6611-4691-997c-f9f57a7afb46" />
    <UnitTestResult executionId="65a9a231-8f5f-4336-bbed-29c9c8b790cb" testId="67c0ea39-eacf-68a7-bc2c-66d2ee840cfb" testName="ToJson_ListElement_Array_Exception" computerName="DKSR-EFI-06" duration="00:00:00.0003128" startTime="2024-01-09T15:45:44.5460789+01:00" endTime="2024-01-09T15:45:44.5466123+01:00" testType="13cdc9d9-ddb5-4fa4-a97d-d965ccfc6d4b" outcome="Passed" testListId="8c84fa94-04c1-424b-9868-57a2d4851a1d" relativeResultsDirectory="65a9a231-8f5f-4336-bbed-29c9c8b790cb" />
    <UnitTestResult executionId="7c4e9afe-9c37-41e9-983e-5d72a6020998" testId="19b10478-a96f-f7e7-c2b8-f210ce21c3d4" testName="CountByItems_NotActivated_Trial" computerName="DKSR-EFI-06" duration="00:00:00.0009297" startTime="2024-01-09T15:45:46.3031769+01:00" endTime="2024-01-09T15:45:46.3042976+01:00" testType="13cdc9d9-ddb5-4fa4-a97d-d965ccfc6d4b" outcome="Passed" testListId="8c84fa94-04c1-424b-9868-57a2d4851a1d" relativeResultsDirectory="7c4e9afe-9c37-41e9-983e-5d72a6020998" />
    <UnitTestResult executionId="665dfbb2-5ba6-4341-b142-14023ca004f6" testId="ebd03c2f-6c76-bcbc-d996-078d887dfa19" testName="GenerateDeviceParameters_ShouldCallGenerateTypeDefinintionParametersWithCorrectPrefix_WhenThereAreTypeDefinitions" computerName="DKSR-EFI-06" duration="00:00:00.0016067" startTime="2024-01-09T15:45:46.5553534+01:00" endTime="2024-01-09T15:45:46.5572072+01:00" testType="13cdc9d9-ddb5-4fa4-a97d-d965ccfc6d4b" outcome="Passed" testListId="8c84fa94-04c1-424b-9868-57a2d4851a1d" relativeResultsDirectory="665dfbb2-5ba6-4341-b142-14023ca004f6" />
    <UnitTestResult executionId="a97060f5-0ee3-42b5-8655-b50dd74a4ae2" testId="6ff15af4-6fd8-2401-35d9-7aaad2262d48" testName="GenerateDeviceParameters_ShouldOmitResolution_WhenResolutionIsNull" computerName="DKSR-EFI-06" duration="00:00:00.0008158" startTime="2024-01-09T15:45:46.3848296+01:00" endTime="2024-01-09T15:45:46.3858408+01:00" testType="13cdc9d9-ddb5-4fa4-a97d-d965ccfc6d4b" outcome="Passed" testListId="8c84fa94-04c1-424b-9868-57a2d4851a1d" relativeResultsDirectory="a97060f5-0ee3-42b5-8655-b50dd74a4ae2" />
    <UnitTestResult executionId="dc6abb14-06e3-47ab-a7c2-0b535264e57b" testId="a831aa49-5e6b-6ed4-4885-992999205a90" testName="GetParent_Success" computerName="DKSR-EFI-06" duration="00:00:00.2085935" startTime="2024-01-09T15:45:18.6800856+01:00" endTime="2024-01-09T15:45:18.8888602+01:00" testType="13cdc9d9-ddb5-4fa4-a97d-d965ccfc6d4b" outcome="Passed" testListId="8c84fa94-04c1-424b-9868-57a2d4851a1d" relativeResultsDirectory="dc6abb14-06e3-47ab-a7c2-0b535264e57b" />
    <UnitTestResult executionId="3069993b-6587-4df5-9257-91aeb0539b78" testId="de470450-f311-009d-203e-62ec8452adf9" testName="ReadXml_ShouldLogWarning_WhenRequiredAttributeIsMissing" computerName="DKSR-EFI-06" duration="00:00:00.0011211" startTime="2024-01-09T15:45:45.4680352+01:00" endTime="2024-01-09T15:45:45.4693554+01:00" testType="13cdc9d9-ddb5-4fa4-a97d-d965ccfc6d4b" outcome="Passed" testListId="8c84fa94-04c1-424b-9868-57a2d4851a1d" relativeResultsDirectory="3069993b-6587-4df5-9257-91aeb0539b78" />
    <UnitTestResult executionId="41a281db-28d7-4ee3-a005-16ce5e2c8335" testId="3d8a3078-3353-0dd0-9ba2-c2de88eb7008" testName="Parse_String_Simple" computerName="DKSR-EFI-06" duration="00:00:00.0002746" startTime="2024-01-09T15:45:44.4919392+01:00" endTime="2024-01-09T15:45:44.4924130+01:00" testType="13cdc9d9-ddb5-4fa4-a97d-d965ccfc6d4b" outcome="Passed" testListId="8c84fa94-04c1-424b-9868-57a2d4851a1d" relativeResultsDirectory="41a281db-28d7-4ee3-a005-16ce5e2c8335" />
    <UnitTestResult executionId="e100caf3-8408-4693-aae7-d4af84112bcc" testId="3164fb82-de29-8026-529f-6acf36741c8b" testName="Apply_ShouldDoNothing_WhenArgumentIsNull" computerName="DKSR-EFI-06" duration="00:00:00.0014183" startTime="2024-01-09T15:45:45.4472680+01:00" endTime="2024-01-09T15:45:45.4488717+01:00" testType="13cdc9d9-ddb5-4fa4-a97d-d965ccfc6d4b" outcome="Passed" testListId="8c84fa94-04c1-424b-9868-57a2d4851a1d" relativeResultsDirectory="e100caf3-8408-4693-aae7-d4af84112bcc" />
    <UnitTestResult executionId="2a61e00f-0af2-4d4b-927e-405aa0ffd4db" testId="549a1786-aafc-b11d-904d-59c7dd4fc0a3" testName="WriteXml_ShouldWriteXAttribute_WhenAlays" computerName="DKSR-EFI-06" duration="00:00:00.0006205" startTime="2024-01-09T15:45:45.6263498+01:00" endTime="2024-01-09T15:45:45.6271354+01:00" testType="13cdc9d9-ddb5-4fa4-a97d-d965ccfc6d4b" outcome="Passed" testListId="8c84fa94-04c1-424b-9868-57a2d4851a1d" relativeResultsDirectory="2a61e00f-0af2-4d4b-927e-405aa0ffd4db" />
    <UnitTestResult executionId="af083588-b64f-4244-8f29-ba7a40a4b984" testId="be95620e-7d9c-a81d-b372-a97d28330950" testName="ReadXml_ShouldReadGeodeticSystem_WhenGeodeticSystemIsPresent" computerName="DKSR-EFI-06" duration="00:00:00.0002863" startTime="2024-01-09T15:45:45.3270250+01:00" endTime="2024-01-09T15:45:45.3275056+01:00" testType="13cdc9d9-ddb5-4fa4-a97d-d965ccfc6d4b" outcome="Passed" testListId="8c84fa94-04c1-424b-9868-57a2d4851a1d" relativeResultsDirectory="af083588-b64f-4244-8f29-ba7a40a4b984" />
    <UnitTestResult executionId="38a7ac54-4509-4ea3-9ddf-7787d3762430" testId="d44d55cb-b29b-7590-3980-4d0ce2902600" testName="GetNearest_ShouldReturnLastElement_WhenTimestampIsSamesAsLastElement" computerName="DKSR-EFI-06" duration="00:00:00.0003364" startTime="2024-01-09T15:45:46.5256407+01:00" endTime="2024-01-09T15:45:46.5261436+01:00" testType="13cdc9d9-ddb5-4fa4-a97d-d965ccfc6d4b" outcome="Passed" testListId="8c84fa94-04c1-424b-9868-57a2d4851a1d" relativeResultsDirectory="38a7ac54-4509-4ea3-9ddf-7787d3762430" />
    <UnitTestResult executionId="a2bf7f7a-8dae-4b6a-b7e7-a91f659b5128" testId="33464c95-c39e-2270-caf4-672c551a54f2" testName="HostInitialized_ShouldInvokeCallback_WhenInitializedWithItems" computerName="DKSR-EFI-06" duration="00:00:00.0094344" startTime="2024-01-09T15:45:41.2029270+01:00" endTime="2024-01-09T15:45:41.2285482+01:00" testType="13cdc9d9-ddb5-4fa4-a97d-d965ccfc6d4b" outcome="Passed" testListId="8c84fa94-04c1-424b-9868-57a2d4851a1d" relativeResultsDirectory="a2bf7f7a-8dae-4b6a-b7e7-a91f659b5128" />
    <UnitTestResult executionId="8db96ccd-2876-4d11-a63c-2a21cc8d0d98" testId="37465b96-5d9d-91f9-7bbc-1b2bd9de14df" testName="GetPreviousSequence_ShouldReturnFirstEntryFromToolkitResult_WhenDataWasReturned" computerName="DKSR-EFI-06" duration="00:00:00.0022487" startTime="2024-01-09T15:45:46.7693931+01:00" endTime="2024-01-09T15:45:46.7718226+01:00" testType="13cdc9d9-ddb5-4fa4-a97d-d965ccfc6d4b" outcome="Passed" testListId="8c84fa94-04c1-424b-9868-57a2d4851a1d" relativeResultsDirectory="8db96ccd-2876-4d11-a63c-2a21cc8d0d98" />
    <UnitTestResult executionId="7446710a-7c01-42a9-bf29-1532216dbfdf" testId="786f976f-79dc-fb5a-d9d5-d8983ae14820" testName="Match_Fail_NullTypeAnyMessage_Single" computerName="DKSR-EFI-06" duration="00:00:00.0003119" startTime="2024-01-09T15:45:45.7118337+01:00" endTime="2024-01-09T15:45:45.7123315+01:00" testType="13cdc9d9-ddb5-4fa4-a97d-d965ccfc6d4b" outcome="Passed" testListId="8c84fa94-04c1-424b-9868-57a2d4851a1d" relativeResultsDirectory="7446710a-7c01-42a9-bf29-1532216dbfdf" />
    <UnitTestResult executionId="659efefe-d0cb-42a1-9b52-df541480ff54" testId="fc700c0a-f7f2-a9aa-c628-23e607736cb2" testName="IsEmptyValue_StringFilterValue_WithCharacters_ReturnsFalse" computerName="DKSR-EFI-06" duration="00:00:00.0001350" startTime="2024-01-09T15:45:43.4078778+01:00" endTime="2024-01-09T15:45:43.4081882+01:00" testType="13cdc9d9-ddb5-4fa4-a97d-d965ccfc6d4b" outcome="Passed" testListId="8c84fa94-04c1-424b-9868-57a2d4851a1d" relativeResultsDirectory="659efefe-d0cb-42a1-9b52-df541480ff54" />
    <UnitTestResult executionId="20e30b84-a275-4679-a6c3-3247702cf348" testId="d0ba50f6-c050-7856-3856-4bb2c3dada0c" testName="ReadXml_ShouldLogWarning_WhenTypeIsNotPresent" computerName="DKSR-EFI-06" duration="00:00:00.0012874" startTime="2024-01-09T15:45:44.9546757+01:00" endTime="2024-01-09T15:45:44.9561714+01:00" testType="13cdc9d9-ddb5-4fa4-a97d-d965ccfc6d4b" outcome="Passed" testListId="8c84fa94-04c1-424b-9868-57a2d4851a1d" relativeResultsDirectory="20e30b84-a275-4679-a6c3-3247702cf348" />
    <UnitTestResult executionId="75c40f4b-e7d5-4a48-b1db-3f05d250724f" testId="d1e0da8d-6305-778c-2487-62302266275e" testName="Append_PropertyKey_Value_Parted" computerName="DKSR-EFI-06" duration="00:00:00.0003025" startTime="2024-01-09T15:45:44.3916458+01:00" endTime="2024-01-09T15:45:44.3921528+01:00" testType="13cdc9d9-ddb5-4fa4-a97d-d965ccfc6d4b" outcome="Passed" testListId="8c84fa94-04c1-424b-9868-57a2d4851a1d" relativeResultsDirectory="75c40f4b-e7d5-4a48-b1db-3f05d250724f" />
    <UnitTestResult executionId="91964398-63c1-44f8-b56e-790a57cfbdf8" testId="1461c781-13a0-05a7-16f7-5b6b1341577b" testName="JoinString_When1Level_Success" computerName="DKSR-EFI-06" duration="00:00:00.0003904" startTime="2024-01-09T15:45:32.2340404+01:00" endTime="2024-01-09T15:45:32.2345801+01:00" testType="13cdc9d9-ddb5-4fa4-a97d-d965ccfc6d4b" outcome="Passed" testListId="8c84fa94-04c1-424b-9868-57a2d4851a1d" relativeResultsDirectory="91964398-63c1-44f8-b56e-790a57cfbdf8" />
    <UnitTestResult executionId="8a5de63a-2abe-406c-8487-df90121e99bb" testId="d9b69abf-addf-dcc7-c2fd-b2ff5d4f6705" testName="SplitString_When1Level_CountsLastSeparator" computerName="DKSR-EFI-06" duration="00:00:00.0002374" startTime="2024-01-09T15:45:32.2360293+01:00" endTime="2024-01-09T15:45:32.2363795+01:00" testType="13cdc9d9-ddb5-4fa4-a97d-d965ccfc6d4b" outcome="Passed" testListId="8c84fa94-04c1-424b-9868-57a2d4851a1d" relativeResultsDirectory="8a5de63a-2abe-406c-8487-df90121e99bb" />
    <UnitTestResult executionId="ab44a9c9-8e82-4483-8fac-39156f43605a" testId="d1e36374-9329-5797-656e-7f2208258af5" testName="Move_ShouldInvokeCallback_WhenObservable" computerName="DKSR-EFI-06" duration="00:00:00.0019534" startTime="2024-01-09T15:45:41.5199885+01:00" endTime="2024-01-09T15:45:41.5267960+01:00" testType="13cdc9d9-ddb5-4fa4-a97d-d965ccfc6d4b" outcome="Passed" testListId="8c84fa94-04c1-424b-9868-57a2d4851a1d" relativeResultsDirectory="ab44a9c9-8e82-4483-8fac-39156f43605a" />
    <UnitTestResult executionId="d7f735b6-f4b5-4d63-b40c-1bb29f58a17d" testId="c05a4d86-1b95-1726-01bd-7b1791261baa" testName="CountByCounter_Activated_Trial_Missing" computerName="DKSR-EFI-06" duration="00:00:00.0009007" startTime="2024-01-09T15:45:46.2903860+01:00" endTime="2024-01-09T15:45:46.2914826+01:00" testType="13cdc9d9-ddb5-4fa4-a97d-d965ccfc6d4b" outcome="Passed" testListId="8c84fa94-04c1-424b-9868-57a2d4851a1d" relativeResultsDirectory="d7f735b6-f4b5-4d63-b40c-1bb29f58a17d" />
    <UnitTestResult executionId="5656e41c-1260-4f68-97f9-66e44d27be72" testId="4937d7ac-b3aa-c23d-f312-18cd0c6ed990" testName="WriteXml_ShouldWriteCenterOfGravityElement_WhenCenterOfGravityIsNotNull" computerName="DKSR-EFI-06" duration="00:00:00.0010962" startTime="2024-01-09T15:45:45.5409588+01:00" endTime="2024-01-09T15:45:45.5422471+01:00" testType="13cdc9d9-ddb5-4fa4-a97d-d965ccfc6d4b" outcome="Passed" testListId="8c84fa94-04c1-424b-9868-57a2d4851a1d" relativeResultsDirectory="5656e41c-1260-4f68-97f9-66e44d27be72" />
    <UnitTestResult executionId="1948adc5-d097-4b8e-91f7-f0d7437279f1" testId="a7db9ed1-0e9f-4bd0-ac0b-3b36ddafd16e" testName="GetAtOrBefore_ShouldReturnCorrectElementInCache_WhenTimestampIsInMiddleOfCache" computerName="DKSR-EFI-06" duration="00:00:00.0003687" startTime="2024-01-09T15:45:46.5346756+01:00" endTime="2024-01-09T15:45:46.5352098+01:00" testType="13cdc9d9-ddb5-4fa4-a97d-d965ccfc6d4b" outcome="Passed" testListId="8c84fa94-04c1-424b-9868-57a2d4851a1d" relativeResultsDirectory="1948adc5-d097-4b8e-91f7-f0d7437279f1" />
    <UnitTestResult executionId="9f950368-c7a1-45e1-a18b-418afdf179a8" testId="d15cb015-1a80-6a1c-c85a-3f61077a2db7" testName="GetPreviousDateTime_ShouldReturnLastDataEntityFromSecondToolkitCall_WhenDateIsAfterFirstCachedValue" computerName="DKSR-EFI-06" duration="00:00:00.0017946" startTime="2024-01-09T15:45:46.7041666+01:00" endTime="2024-01-09T15:45:46.7061289+01:00" testType="13cdc9d9-ddb5-4fa4-a97d-d965ccfc6d4b" outcome="Passed" testListId="8c84fa94-04c1-424b-9868-57a2d4851a1d" relativeResultsDirectory="9f950368-c7a1-45e1-a18b-418afdf179a8" />
    <UnitTestResult executionId="9b0a31e2-e750-4289-b7f8-a0a169111398" testId="b6767da0-b71f-abbd-7405-75d592f9abf3" testName="RemoveFilterValue_OtherValuesPresent_Success" computerName="DKSR-EFI-06" duration="00:00:00.0020946" startTime="2024-01-09T15:45:43.3276670+01:00" endTime="2024-01-09T15:45:43.3300152+01:00" testType="13cdc9d9-ddb5-4fa4-a97d-d965ccfc6d4b" outcome="Passed" testListId="8c84fa94-04c1-424b-9868-57a2d4851a1d" relativeResultsDirectory="9b0a31e2-e750-4289-b7f8-a0a169111398" />
    <UnitTestResult executionId="92d34e5d-1734-423e-a0ef-298cb098017e" testId="310968d1-fc55-32d1-9bf4-640cd6ac6c2c" testName="CountByCounter_Activated_Expired" computerName="DKSR-EFI-06" duration="00:00:00.0008576" startTime="2024-01-09T15:45:46.2922506+01:00" endTime="2024-01-09T15:45:46.2933027+01:00" testType="13cdc9d9-ddb5-4fa4-a97d-d965ccfc6d4b" outcome="Passed" testListId="8c84fa94-04c1-424b-9868-57a2d4851a1d" relativeResultsDirectory="92d34e5d-1734-423e-a0ef-298cb098017e" />
    <UnitTestResult executionId="654b123b-479a-451b-bb7c-7eb21243c944" testId="cc93f70b-f9b0-21f7-faba-e1868435194b" testName="Stop_EmptyQueue_IsStoppedSet" computerName="DKSR-EFI-06" duration="00:00:00.0002881" startTime="2024-01-09T15:45:32.4829718+01:00" endTime="2024-01-09T15:45:32.4834379+01:00" testType="13cdc9d9-ddb5-4fa4-a97d-d965ccfc6d4b" outcome="Passed" testListId="8c84fa94-04c1-424b-9868-57a2d4851a1d" relativeResultsDirectory="654b123b-479a-451b-bb7c-7eb21243c944" />
    <UnitTestResult executionId="21d58420-3114-4914-8968-1b4377f7d135" testId="4e41d746-7d06-c195-c083-479d6448ab5b" testName="GenerateParameters_ShouldWriteFirmware_WhenFirmwareIsNotNull" computerName="DKSR-EFI-06" duration="00:00:00.0002371" startTime="2024-01-09T15:45:46.4573420+01:00" endTime="2024-01-09T15:45:46.4577636+01:00" testType="13cdc9d9-ddb5-4fa4-a97d-d965ccfc6d4b" outcome="Passed" testListId="8c84fa94-04c1-424b-9868-57a2d4851a1d" relativeResultsDirectory="21d58420-3114-4914-8968-1b4377f7d135" />
    <UnitTestResult executionId="c936f9ab-62cc-42f6-bbc7-21c1ed03f704" testId="0a3a807f-9f6a-c6f8-8c9e-dc79768e8cd7" testName="Stop_InitializeThrowsException_ProcessorSurvives" computerName="DKSR-EFI-06" duration="00:00:00.0038159" startTime="2024-01-09T15:45:40.3301047+01:00" endTime="2024-01-09T15:45:40.3341749+01:00" testType="13cdc9d9-ddb5-4fa4-a97d-d965ccfc6d4b" outcome="Passed" testListId="8c84fa94-04c1-424b-9868-57a2d4851a1d" relativeResultsDirectory="c936f9ab-62cc-42f6-bbc7-21c1ed03f704" />
    <UnitTestResult executionId="5050fb4d-e5f6-47c0-ab66-cf1852f21cd6" testId="f16d6dc4-d4f4-8a18-c5c4-395abb886b21" testName="Serialize_TestCases (TestParentTypeMatchCollectionNotThisTypeMatchedProperty)" computerName="DKSR-EFI-06" duration="00:00:00.0003196" startTime="2024-01-09T15:45:43.0732836+01:00" endTime="2024-01-09T15:45:43.0739010+01:00" testType="13cdc9d9-ddb5-4fa4-a97d-d965ccfc6d4b" outcome="Passed" testListId="8c84fa94-04c1-424b-9868-57a2d4851a1d" relativeResultsDirectory="5050fb4d-e5f6-47c0-ab66-cf1852f21cd6" />
    <UnitTestResult executionId="1cd45a3b-0bd7-4d7b-b5df-3509b7bf69ca" testId="1efc39b0-1d4c-64ee-c593-37f0c14e8022" testName="TestStartSearch_WithoutSortOrder_Success" computerName="DKSR-EFI-06" duration="00:00:00.0038688" startTime="2024-01-09T15:45:43.5896143+01:00" endTime="2024-01-09T15:45:43.5937571+01:00" testType="13cdc9d9-ddb5-4fa4-a97d-d965ccfc6d4b" outcome="Passed" testListId="8c84fa94-04c1-424b-9868-57a2d4851a1d" relativeResultsDirectory="1cd45a3b-0bd7-4d7b-b5df-3509b7bf69ca" />
    <UnitTestResult executionId="e43ffc1a-4a08-4a2e-81e9-68cb1909ed03" testId="dc8473a2-1a56-3e30-355f-f99d732efb88" testName="Serialize_TestCases (TestParentTypeMatchDoubleNotThisTypeNotMatched)" computerName="DKSR-EFI-06" duration="00:00:00.0003588" startTime="2024-01-09T15:45:43.0147490+01:00" endTime="2024-01-09T15:45:43.0154170+01:00" testType="13cdc9d9-ddb5-4fa4-a97d-d965ccfc6d4b" outcome="Passed" testListId="8c84fa94-04c1-424b-9868-57a2d4851a1d" relativeResultsDirectory="e43ffc1a-4a08-4a2e-81e9-68cb1909ed03" />
    <UnitTestResult executionId="0a863609-b5bf-466c-8a4d-334eb8481dd7" testId="ee341f6d-4feb-cbd8-824e-87dfe9d62513" testName="ReadXml_ShouldIgnoreUnknownChildren_WhenUnknownChildrenArePresent" computerName="DKSR-EFI-06" duration="00:00:00.0007493" startTime="2024-01-09T15:45:45.2619887+01:00" endTime="2024-01-09T15:45:45.2629171+01:00" testType="13cdc9d9-ddb5-4fa4-a97d-d965ccfc6d4b" outcome="Passed" testListId="8c84fa94-04c1-424b-9868-57a2d4851a1d" relativeResultsDirectory="0a863609-b5bf-466c-8a4d-334eb8481dd7" />
    <UnitTestResult executionId="4e882cfd-ed59-4178-b0ec-8ab91c1469fb" testId="43f214ef-30cf-ba92-5a64-f56ecf6591a8" testName="Convert_SingleArgumentConverter_ShouldAllowNullValue_WhenArgumentIsReferenceType" computerName="DKSR-EFI-06" duration="00:00:00.0005547" startTime="2024-01-09T15:45:41.0949377+01:00" endTime="2024-01-09T15:45:41.0957519+01:00" testType="13cdc9d9-ddb5-4fa4-a97d-d965ccfc6d4b" outcome="Passed" testListId="8c84fa94-04c1-424b-9868-57a2d4851a1d" relativeResultsDirectory="4e882cfd-ed59-4178-b0ec-8ab91c1469fb" />
    <UnitTestResult executionId="29e851c7-c950-46de-baef-c74de8e3d564" testId="db8b110d-6977-3962-2ffa-71fc401aacf0" testName="Serialize_TestCases (TestParentTypeMatchGenericThisTypeMatchedProperty)" computerName="DKSR-EFI-06" duration="00:00:00.0024634" startTime="2024-01-09T15:45:43.0984104+01:00" endTime="2024-01-09T15:45:43.1011943+01:00" testType="13cdc9d9-ddb5-4fa4-a97d-d965ccfc6d4b" outcome="Passed" testListId="8c84fa94-04c1-424b-9868-57a2d4851a1d" relativeResultsDirectory="29e851c7-c950-46de-baef-c74de8e3d564" />
    <UnitTestResult executionId="7e30206d-b108-4bf3-8e28-24e413211283" testId="107e0daf-d21c-596c-9a4b-7e99c0ba5816" testName="Equals_Ignore_Fail_OnKind" computerName="DKSR-EFI-06" duration="00:00:00.0003798" startTime="2024-01-09T15:45:18.6612347+01:00" endTime="2024-01-09T15:45:18.6617124+01:00" testType="13cdc9d9-ddb5-4fa4-a97d-d965ccfc6d4b" outcome="Passed" testListId="8c84fa94-04c1-424b-9868-57a2d4851a1d" relativeResultsDirectory="7e30206d-b108-4bf3-8e28-24e413211283" />
    <UnitTestResult executionId="9bc9c1a4-8d48-4b57-a243-188db24a3dc7" testId="e07ed0b5-2e0a-976d-3f75-19c16e3edd02" testName="SHA256Hex64_ShouldThrowArgumentNullException_WhenInputIsNull" computerName="DKSR-EFI-06" duration="00:00:00.0005585" startTime="2024-01-09T15:45:46.8080046+01:00" endTime="2024-01-09T15:45:46.8087245+01:00" testType="13cdc9d9-ddb5-4fa4-a97d-d965ccfc6d4b" outcome="Passed" testListId="8c84fa94-04c1-424b-9868-57a2d4851a1d" relativeResultsDirectory="9bc9c1a4-8d48-4b57-a243-188db24a3dc7" />
    <UnitTestResult executionId="94f2e6d5-f107-4729-9a04-7b3533aab89c" testId="2c838da2-a06b-ca63-745f-8e2c255d876f" testName="GetFilterValues_NullFilter_Throws" computerName="DKSR-EFI-06" duration="00:00:00.0011148" startTime="2024-01-09T15:45:43.3402724+01:00" endTime="2024-01-09T15:45:43.3416481+01:00" testType="13cdc9d9-ddb5-4fa4-a97d-d965ccfc6d4b" outcome="Passed" testListId="8c84fa94-04c1-424b-9868-57a2d4851a1d" relativeResultsDirectory="94f2e6d5-f107-4729-9a04-7b3533aab89c" />
    <UnitTestResult executionId="41c7fb78-0ef1-4a25-972a-20f0dbe415b6" testId="65a78e97-54ce-8026-0240-7af1b5e1a5a5" testName="GetEnd_ShouldReturnNull_WhenToolkitReturnsResponseWithNullDataList" computerName="DKSR-EFI-06" duration="00:00:00.0015633" startTime="2024-01-09T15:45:46.6750471+01:00" endTime="2024-01-09T15:45:46.6767835+01:00" testType="13cdc9d9-ddb5-4fa4-a97d-d965ccfc6d4b" outcome="Passed" testListId="8c84fa94-04c1-424b-9868-57a2d4851a1d" relativeResultsDirectory="41c7fb78-0ef1-4a25-972a-20f0dbe415b6" />
    <UnitTestResult executionId="f05768ad-f0cc-4848-9011-daffcd421d39" testId="fcd4df18-362b-5413-023a-c55cb23032da" testName="Serialize_ShouldHandleCollectionFilter_WhenMatchingCollectionItemsTypeAndItMatchesOnlySubset" computerName="DKSR-EFI-06" duration="00:00:00.0005575" startTime="2024-01-09T15:45:43.1456573+01:00" endTime="2024-01-09T15:45:43.1464095+01:00" testType="13cdc9d9-ddb5-4fa4-a97d-d965ccfc6d4b" outcome="Passed" testListId="8c84fa94-04c1-424b-9868-57a2d4851a1d" relativeResultsDirectory="f05768ad-f0cc-4848-9011-daffcd421d39" />
    <UnitTestResult executionId="42475ee1-b439-4439-89c3-56d1edb324fe" testId="2850ab82-187d-c41c-6c55-5faf4323eb97" testName="TestMultiLevelQueue_DisposeQueueRightAfterProcessingItem_QueueDoesNotHang" computerName="DKSR-EFI-06" duration="00:00:02.0761066" startTime="2024-01-09T15:45:38.0983225+01:00" endTime="2024-01-09T15:45:40.1747602+01:00" testType="13cdc9d9-ddb5-4fa4-a97d-d965ccfc6d4b" outcome="Passed" testListId="8c84fa94-04c1-424b-9868-57a2d4851a1d" relativeResultsDirectory="42475ee1-b439-4439-89c3-56d1edb324fe" />
    <UnitTestResult executionId="bd3b82ff-9e37-4083-b45c-487bc2f77e9d" testId="2c659c9c-4cb8-0017-5374-282461cba931" testName="Set_String_Invalid" computerName="DKSR-EFI-06" duration="00:00:00.0003854" startTime="2024-01-09T15:45:44.5213414+01:00" endTime="2024-01-09T15:45:44.5219298+01:00" testType="13cdc9d9-ddb5-4fa4-a97d-d965ccfc6d4b" outcome="Passed" testListId="8c84fa94-04c1-424b-9868-57a2d4851a1d" relativeResultsDirectory="bd3b82ff-9e37-4083-b45c-487bc2f77e9d" />
    <UnitTestResult executionId="0b44eb36-1f76-4272-8362-a33571cae39e" testId="bb812b16-0590-e601-98e0-332d7569575a" testName="Enabled_Properties_With_Disable_True_success" computerName="DKSR-EFI-06" duration="00:00:00.0134308" startTime="2024-01-09T15:45:20.0472635+01:00" endTime="2024-01-09T15:45:20.0609351+01:00" testType="13cdc9d9-ddb5-4fa4-a97d-d965ccfc6d4b" outcome="Passed" testListId="8c84fa94-04c1-424b-9868-57a2d4851a1d" relativeResultsDirectory="0b44eb36-1f76-4272-8362-a33571cae39e" />
    <UnitTestResult executionId="2d99db5f-2fce-4888-b4bb-11415211bb64" testId="16dd1f98-130f-f1f5-491b-90125b059034" testName="AppendItemPicked_MultiSelect_TryAddSameItems_ItemsNotAdded" computerName="DKSR-EFI-06" duration="00:00:00.0014990" startTime="2024-01-09T15:45:40.6232275+01:00" endTime="2024-01-09T15:45:40.6249198+01:00" testType="13cdc9d9-ddb5-4fa4-a97d-d965ccfc6d4b" outcome="Passed" testListId="8c84fa94-04c1-424b-9868-57a2d4851a1d" relativeResultsDirectory="2d99db5f-2fce-4888-b4bb-11415211bb64" />
    <UnitTestResult executionId="1431b67d-5ada-43c2-8b75-dd69be36f4bb" testId="9a2c2caa-e4e4-6aa8-3062-315f42f6a4ed" testName="SetCacheContents_ShuldInvalidateLastReturnedElementIndexSoGetNextAnd_WhenAlways" computerName="DKSR-EFI-06" duration="00:00:00.0004858" startTime="2024-01-09T15:45:46.4832883+01:00" endTime="2024-01-09T15:45:46.4839867+01:00" testType="13cdc9d9-ddb5-4fa4-a97d-d965ccfc6d4b" outcome="Passed" testListId="8c84fa94-04c1-424b-9868-57a2d4851a1d" relativeResultsDirectory="1431b67d-5ada-43c2-8b75-dd69be36f4bb" />
    <UnitTestResult executionId="a2499a9a-aa17-4afa-8064-5aa9e78b3055" testId="4c86b04f-d23f-a2c9-e114-14c57820d810" testName="Serialize_ShouldThrowException_WhenPropertyCollectionTypeButPathDoesNotIndicateCollection (CollectionNotEmptyListProperty)" computerName="DKSR-EFI-06" duration="00:00:00.0008400" startTime="2024-01-09T15:45:42.9078087+01:00" endTime="2024-01-09T15:45:42.9089238+01:00" testType="13cdc9d9-ddb5-4fa4-a97d-d965ccfc6d4b" outcome="Passed" testListId="8c84fa94-04c1-424b-9868-57a2d4851a1d" relativeResultsDirectory="a2499a9a-aa17-4afa-8064-5aa9e78b3055" />
    <UnitTestResult executionId="700f8f5b-3075-4c40-8d7f-5a33ebf510f0" testId="125978d4-3525-643c-7140-287b2e679bf8" testName="TestStartSearch_Success" computerName="DKSR-EFI-06" duration="00:00:00.0330303" startTime="2024-01-09T15:45:43.5538717+01:00" endTime="2024-01-09T15:45:43.5871491+01:00" testType="13cdc9d9-ddb5-4fa4-a97d-d965ccfc6d4b" outcome="Passed" testListId="8c84fa94-04c1-424b-9868-57a2d4851a1d" relativeResultsDirectory="700f8f5b-3075-4c40-8d7f-5a33ebf510f0" />
    <UnitTestResult executionId="89e5af25-6c81-46bc-b32b-a593989ee57d" testId="4bd213a5-298f-25c6-c1c0-a6bf89fe9c65" testName="ParameterConstruct1_FieldValues_Checked" computerName="DKSR-EFI-06" duration="00:00:00.0048943" startTime="2024-01-09T15:45:18.5944257+01:00" endTime="2024-01-09T15:45:18.5995165+01:00" testType="13cdc9d9-ddb5-4fa4-a97d-d965ccfc6d4b" outcome="Passed" testListId="8c84fa94-04c1-424b-9868-57a2d4851a1d" relativeResultsDirectory="89e5af25-6c81-46bc-b32b-a593989ee57d" />
    <UnitTestResult executionId="78934fc5-366b-4c99-b8e0-824a12fa8ae5" testId="86824227-709e-d695-09b7-8d9000453067" testName="Codec_ShouldThrowArgumentOutOfRangeException_WhenCodecIsNotVideoCodec" computerName="DKSR-EFI-06" duration="00:00:00.0084541" startTime="2024-01-09T15:45:46.3521918+01:00" endTime="2024-01-09T15:45:46.3610666+01:00" testType="13cdc9d9-ddb5-4fa4-a97d-d965ccfc6d4b" outcome="Passed" testListId="8c84fa94-04c1-424b-9868-57a2d4851a1d" relativeResultsDirectory="78934fc5-366b-4c99-b8e0-824a12fa8ae5" />
    <UnitTestResult executionId="b75cd807-f8d5-4d41-b483-c4c284fbaf69" testId="44436d34-8c47-a19f-150a-24d114c511ac" testName="RegistrationsObjectId_ShouldBeTheSameAsReleasedBeforeNonFips" computerName="DKSR-EFI-06" duration="00:00:00.0003079" startTime="2024-01-09T15:45:46.2075961+01:00" endTime="2024-01-09T15:45:46.2081250+01:00" testType="13cdc9d9-ddb5-4fa4-a97d-d965ccfc6d4b" outcome="Passed" testListId="8c84fa94-04c1-424b-9868-57a2d4851a1d" relativeResultsDirectory="b75cd807-f8d5-4d41-b483-c4c284fbaf69" />
    <UnitTestResult executionId="81f39793-83ec-45f4-b3a8-ad0445b50c5b" testId="b3801728-52f7-7053-510c-0b3ffd814256" testName="CreateSearchFilterEditControl_NullConfiguration_ReturnsNull" computerName="DKSR-EFI-06" duration="00:00:00.0026256" startTime="2024-01-09T15:45:43.7950427+01:00" endTime="2024-01-09T15:45:43.8030156+01:00" testType="13cdc9d9-ddb5-4fa4-a97d-d965ccfc6d4b" outcome="Passed" testListId="8c84fa94-04c1-424b-9868-57a2d4851a1d" relativeResultsDirectory="81f39793-83ec-45f4-b3a8-ad0445b50c5b" />
    <UnitTestResult executionId="5cc8f809-5299-4a91-a4e0-f940f0633e84" testId="0668f627-8706-4ec9-03ec-e3e79b2c140f" testName="GenerateParameters_ShouldWriteResolutionList_WhenResolutionSetIsNotEmpty" computerName="DKSR-EFI-06" duration="00:00:00.0011276" startTime="2024-01-09T15:45:46.3888729+01:00" endTime="2024-01-09T15:45:46.3901704+01:00" testType="13cdc9d9-ddb5-4fa4-a97d-d965ccfc6d4b" outcome="Passed" testListId="8c84fa94-04c1-424b-9868-57a2d4851a1d" relativeResultsDirectory="5cc8f809-5299-4a91-a4e0-f940f0633e84" />
    <UnitTestResult executionId="a54782a7-a87b-49ab-99ec-c8afc50fbb33" testId="45b7952c-6a01-5b93-8359-f60ab9325440" testName="Serialize_TestCases (TestParentTypeMatchInterfaceThisTypeMatched)" computerName="DKSR-EFI-06" duration="00:00:00.0006571" startTime="2024-01-09T15:45:43.0760167+01:00" endTime="2024-01-09T15:45:43.0769704+01:00" testType="13cdc9d9-ddb5-4fa4-a97d-d965ccfc6d4b" outcome="Passed" testListId="8c84fa94-04c1-424b-9868-57a2d4851a1d" relativeResultsDirectory="a54782a7-a87b-49ab-99ec-c8afc50fbb33" />
    <UnitTestResult executionId="5091bc8e-1bb9-42fe-8520-37c20cbbd096" testId="0fd657fb-3854-1b2f-0c0f-8cf8e1efee07" testName="SearchResultData_BeginTimeWithPadding_Success" computerName="DKSR-EFI-06" duration="00:00:00.0007569" startTime="2024-01-09T15:45:43.7655685+01:00" endTime="2024-01-09T15:45:43.7665270+01:00" testType="13cdc9d9-ddb5-4fa4-a97d-d965ccfc6d4b" outcome="Passed" testListId="8c84fa94-04c1-424b-9868-57a2d4851a1d" relativeResultsDirectory="5091bc8e-1bb9-42fe-8520-37c20cbbd096" />
    <UnitTestResult executionId="234fa866-4a0e-41bc-ad48-b58c09f69c96" testId="1ad3591a-ac8c-9e26-3467-6ee13c8cfd41" testName="EqualGuids_Fail_OnOtherNull" computerName="DKSR-EFI-06" duration="00:00:00.0002735" startTime="2024-01-09T15:45:18.6744595+01:00" endTime="2024-01-09T15:45:18.6748226+01:00" testType="13cdc9d9-ddb5-4fa4-a97d-d965ccfc6d4b" outcome="Passed" testListId="8c84fa94-04c1-424b-9868-57a2d4851a1d" relativeResultsDirectory="234fa866-4a0e-41bc-ad48-b58c09f69c96" />
    <UnitTestResult executionId="9eed7e7d-de53-4b08-8d46-3f3eb3e3b731" testId="23ab757f-fe97-afaf-d8cf-cc47b5d58278" testName="GetIdFromPath_ShouldReturnId_FromFullPath" computerName="DKSR-EFI-06" duration="00:00:00.0010497" startTime="2024-01-09T15:45:46.8209684+01:00" endTime="2024-01-09T15:45:46.8222886+01:00" testType="13cdc9d9-ddb5-4fa4-a97d-d965ccfc6d4b" outcome="Passed" testListId="8c84fa94-04c1-424b-9868-57a2d4851a1d" relativeResultsDirectory="9eed7e7d-de53-4b08-8d46-3f3eb3e3b731" />
    <UnitTestResult executionId="8841c795-93a1-4e53-8801-c60699aa4bfa" testId="b39f81fe-858b-c57c-9083-cb47ce15de87" testName="WriteMetadataXml_ShouldThrowArgumentNullException_WhenStreamOutputIsNull" computerName="DKSR-EFI-06" duration="00:00:00.0010849" startTime="2024-01-09T15:45:45.2305195+01:00" endTime="2024-01-09T15:45:45.2319501+01:00" testType="13cdc9d9-ddb5-4fa4-a97d-d965ccfc6d4b" outcome="Passed" testListId="8c84fa94-04c1-424b-9868-57a2d4851a1d" relativeResultsDirectory="8841c795-93a1-4e53-8801-c60699aa4bfa" />
    <UnitTestResult executionId="a1d26e56-f8d1-4001-bcd4-fe81eae3e9e8" testId="eccd7b47-7a8f-ac65-26ef-40b4723d9415" testName="KindsFilter_Presets_ShowsCamerasAndPresets" computerName="DKSR-EFI-06" duration="00:00:00.0290695" startTime="2024-01-09T15:45:40.9632798+01:00" endTime="2024-01-09T15:45:40.9926140+01:00" testType="13cdc9d9-ddb5-4fa4-a97d-d965ccfc6d4b" outcome="Passed" testListId="8c84fa94-04c1-424b-9868-57a2d4851a1d" relativeResultsDirectory="a1d26e56-f8d1-4001-bcd4-fe81eae3e9e8" />
    <UnitTestResult executionId="f461ace4-8939-498e-af13-dd1875d7c0e1" testId="a298570a-a341-d8e8-abe3-7f25184c2524" testName="ParameterConstruct4_FieldValues_Checked" computerName="DKSR-EFI-06" duration="00:00:00.0025590" startTime="2024-01-09T15:45:18.6041035+01:00" endTime="2024-01-09T15:45:18.6067825+01:00" testType="13cdc9d9-ddb5-4fa4-a97d-d965ccfc6d4b" outcome="Passed" testListId="8c84fa94-04c1-424b-9868-57a2d4851a1d" relativeResultsDirectory="f461ace4-8939-498e-af13-dd1875d7c0e1" />
    <UnitTestResult executionId="7d720eb5-839a-4537-bcbe-effe74febd68" testId="7e72f854-d326-decd-1986-82fb5fe24c7b" testName="GenerateEnumValueParameters_ShouldWriteDisplayName_WhenAlways" computerName="DKSR-EFI-06" duration="00:00:00.0007632" startTime="2024-01-09T15:45:46.4388012+01:00" endTime="2024-01-09T15:45:46.4397508+01:00" testType="13cdc9d9-ddb5-4fa4-a97d-d965ccfc6d4b" outcome="Passed" testListId="8c84fa94-04c1-424b-9868-57a2d4851a1d" relativeResultsDirectory="7d720eb5-839a-4537-bcbe-effe74febd68" />
    <UnitTestResult executionId="88588f1d-ccbe-4760-ad38-a14570b0fefc" testId="bc0974a0-deaf-8644-39a5-1ed48142447f" testName="GenerateDeviceCapabilityParameters_ShouldAddSubclassParameters_WhenAlways" computerName="DKSR-EFI-06" duration="00:00:00.0002742" startTime="2024-01-09T15:45:46.5481978+01:00" endTime="2024-01-09T15:45:46.5486487+01:00" testType="13cdc9d9-ddb5-4fa4-a97d-d965ccfc6d4b" outcome="Passed" testListId="8c84fa94-04c1-424b-9868-57a2d4851a1d" relativeResultsDirectory="88588f1d-ccbe-4760-ad38-a14570b0fefc" />
    <UnitTestResult executionId="28598ff2-d1dc-4272-bc09-5c7faa51e774" testId="9a98835c-961c-47c7-7156-330b8e2ed1fa" testName="Parse_Double_Complex" computerName="DKSR-EFI-06" duration="00:00:00.0002484" startTime="2024-01-09T15:45:44.5027212+01:00" endTime="2024-01-09T15:45:44.5031432+01:00" testType="13cdc9d9-ddb5-4fa4-a97d-d965ccfc6d4b" outcome="Passed" testListId="8c84fa94-04c1-424b-9868-57a2d4851a1d" relativeResultsDirectory="28598ff2-d1dc-4272-bc09-5c7faa51e774" />
    <UnitTestResult executionId="cc0bfc48-9006-4be1-aa1d-2f344d92657c" testId="7a0dc36a-c1cd-21c8-9ba3-75ff2dea0cf7" testName="Ctor_TwoStandardFiltersAndTwoCustomFilters_Success" computerName="DKSR-EFI-06" duration="00:00:00.0004189" startTime="2024-01-09T15:45:44.3219523+01:00" endTime="2024-01-09T15:45:44.3225813+01:00" testType="13cdc9d9-ddb5-4fa4-a97d-d965ccfc6d4b" outcome="Passed" testListId="8c84fa94-04c1-424b-9868-57a2d4851a1d" relativeResultsDirectory="cc0bfc48-9006-4be1-aa1d-2f344d92657c" />
    <UnitTestResult executionId="aa1b3a1c-f185-4788-9fb6-9505f86f311c" testId="3b72e631-6670-fe62-856b-ccd543a59971" testName="GetPrevious_ShouldReturnNull_WhenCallToFindCacheEntryAfterReturnedNull" computerName="DKSR-EFI-06" duration="00:00:00.0003559" startTime="2024-01-09T15:45:46.5021818+01:00" endTime="2024-01-09T15:45:46.5027067+01:00" testType="13cdc9d9-ddb5-4fa4-a97d-d965ccfc6d4b" outcome="Passed" testListId="8c84fa94-04c1-424b-9868-57a2d4851a1d" relativeResultsDirectory="aa1b3a1c-f185-4788-9fb6-9505f86f311c" />
    <UnitTestResult executionId="5fbca76b-747a-4654-b8b5-9207f93589e8" testId="e5428f59-f644-25e4-cf44-58ef5b64f2ad" testName="Append_Property_Int" computerName="DKSR-EFI-06" duration="00:00:00.0005663" startTime="2024-01-09T15:45:44.3967074+01:00" endTime="2024-01-09T15:45:44.3974704+01:00" testType="13cdc9d9-ddb5-4fa4-a97d-d965ccfc6d4b" outcome="Passed" testListId="8c84fa94-04c1-424b-9868-57a2d4851a1d" relativeResultsDirectory="5fbca76b-747a-4654-b8b5-9207f93589e8" />
    <UnitTestResult executionId="9852973c-138e-44b3-9fd3-0ab6d295fc13" testId="a3ca636d-2e93-d6ba-5db9-ec0b0b5cb970" testName="ReadXml_ShouldIgnoreUnknownChildren_WhenUnknownChildrenArePresent" computerName="DKSR-EFI-06" duration="00:00:00.0027072" startTime="2024-01-09T15:45:44.7728725+01:00" endTime="2024-01-09T15:45:44.7757249+01:00" testType="13cdc9d9-ddb5-4fa4-a97d-d965ccfc6d4b" outcome="Passed" testListId="8c84fa94-04c1-424b-9868-57a2d4851a1d" relativeResultsDirectory="9852973c-138e-44b3-9fd3-0ab6d295fc13" />
    <UnitTestResult executionId="74d19cf9-ff25-4df1-813a-93af12d2c3f8" testId="673d5a8a-8f58-a8c0-2572-e1a8f9618e54" testName="Ctor_TwoCustomFilters_Success" computerName="DKSR-EFI-06" duration="00:00:00.0007676" startTime="2024-01-09T15:45:44.3144168+01:00" endTime="2024-01-09T15:45:44.3211138+01:00" testType="13cdc9d9-ddb5-4fa4-a97d-d965ccfc6d4b" outcome="Passed" testListId="8c84fa94-04c1-424b-9868-57a2d4851a1d" relativeResultsDirectory="74d19cf9-ff25-4df1-813a-93af12d2c3f8" />
    <UnitTestResult executionId="3bfee8db-60e7-4a67-aa51-b7ed70f5c83c" testId="405a6411-84b6-3693-5b46-0b5983feca5e" testName="ProvideValue_ShouldSetTargetProperty_WhenItemIconSourcePropertyNameIsSet" computerName="DKSR-EFI-06" duration="00:00:00.0034430" startTime="2024-01-09T15:45:42.6320176+01:00" endTime="2024-01-09T15:45:42.6423406+01:00" testType="13cdc9d9-ddb5-4fa4-a97d-d965ccfc6d4b" outcome="Passed" testListId="8c84fa94-04c1-424b-9868-57a2d4851a1d" relativeResultsDirectory="3bfee8db-60e7-4a67-aa51-b7ed70f5c83c" />
    <UnitTestResult executionId="2121ccdb-40a6-431d-96ce-0e3813dac4df" testId="06fb238e-15e5-388c-77b1-ee96bcd9fd48" testName="Serialize_TestCases (TestParentTypeMatchEnumThisTypeNotMatched)" computerName="DKSR-EFI-06" duration="00:00:00.0002930" startTime="2024-01-09T15:45:43.0237988+01:00" endTime="2024-01-09T15:45:43.0243869+01:00" testType="13cdc9d9-ddb5-4fa4-a97d-d965ccfc6d4b" outcome="Passed" testListId="8c84fa94-04c1-424b-9868-57a2d4851a1d" relativeResultsDirectory="2121ccdb-40a6-431d-96ce-0e3813dac4df" />
    <UnitTestResult executionId="2941e3d9-2fe1-4e2e-83e1-1651d5325005" testId="ce7e30df-0543-6938-fae8-53fc40762640" testName="GetPopulatedItems_HasChildren_ChildrenAdded" computerName="DKSR-EFI-06" duration="00:00:00.0306379" startTime="2024-01-09T15:45:40.8561077+01:00" endTime="2024-01-09T15:45:40.8870239+01:00" testType="13cdc9d9-ddb5-4fa4-a97d-d965ccfc6d4b" outcome="Passed" testListId="8c84fa94-04c1-424b-9868-57a2d4851a1d" relativeResultsDirectory="2941e3d9-2fe1-4e2e-83e1-1651d5325005" />
    <UnitTestResult executionId="67df4631-6559-4f1c-8b9b-6857e632c63e" testId="5ce9e10d-7d63-e829-dad3-2b21af48d9a3" testName="Equals_IgnoreFolderType_Fail_OnServerIdNull" computerName="DKSR-EFI-06" duration="00:00:00.0003156" startTime="2024-01-09T15:45:18.6538967+01:00" endTime="2024-01-09T15:45:18.6543025+01:00" testType="13cdc9d9-ddb5-4fa4-a97d-d965ccfc6d4b" outcome="Passed" testListId="8c84fa94-04c1-424b-9868-57a2d4851a1d" relativeResultsDirectory="67df4631-6559-4f1c-8b9b-6857e632c63e" />
    <UnitTestResult executionId="02a3caae-c20a-4100-ada5-a4ded1129fae" testId="e7a87b1a-469f-3c38-ddd6-29b9b9cbec00" testName="WriteXml_ShouldWriteBehaviourElement_WhenBehaviourIsNotNullAndHasBehaviour" computerName="DKSR-EFI-06" duration="00:00:00.0016655" startTime="2024-01-09T15:45:45.3998111+01:00" endTime="2024-01-09T15:45:45.4016548+01:00" testType="13cdc9d9-ddb5-4fa4-a97d-d965ccfc6d4b" outcome="Passed" testListId="8c84fa94-04c1-424b-9868-57a2d4851a1d" relativeResultsDirectory="02a3caae-c20a-4100-ada5-a4ded1129fae" />
    <UnitTestResult executionId="d245a462-f484-4b84-a63d-77dfde9712a0" testId="3c09d4cb-f13e-d121-455f-42d4e3bd3224" testName="WriteXml_ShouldWriteIsIdleElement_WhenIsIdleIsTrue" computerName="DKSR-EFI-06" duration="00:00:00.0015630" startTime="2024-01-09T15:45:44.9057157+01:00" endTime="2024-01-09T15:45:44.9074664+01:00" testType="13cdc9d9-ddb5-4fa4-a97d-d965ccfc6d4b" outcome="Passed" testListId="8c84fa94-04c1-424b-9868-57a2d4851a1d" relativeResultsDirectory="d245a462-f484-4b84-a63d-77dfde9712a0" />
    <UnitTestResult executionId="f2d7a172-eaa3-4fe3-a489-2252825b0cf8" testId="0e72e474-7df2-3dd5-7160-b0a32b2afdd9" testName="Equals_Fail_OnParentId" computerName="DKSR-EFI-06" duration="00:00:00.0003652" startTime="2024-01-09T15:45:18.6599930+01:00" endTime="2024-01-09T15:45:18.6604489+01:00" testType="13cdc9d9-ddb5-4fa4-a97d-d965ccfc6d4b" outcome="Passed" testListId="8c84fa94-04c1-424b-9868-57a2d4851a1d" relativeResultsDirectory="f2d7a172-eaa3-4fe3-a489-2252825b0cf8" />
    <UnitTestResult executionId="efd0d509-c469-4aa6-9332-463d0a448552" testId="7e481df7-029e-9d77-33ba-d4462cdb83bc" testName="Peek_EmptyQueue_ReturnsNull" computerName="DKSR-EFI-06" duration="00:00:00.0136285" startTime="2024-01-09T15:45:32.4849592+01:00" endTime="2024-01-09T15:45:32.4987840+01:00" testType="13cdc9d9-ddb5-4fa4-a97d-d965ccfc6d4b" outcome="Passed" testListId="8c84fa94-04c1-424b-9868-57a2d4851a1d" relativeResultsDirectory="efd0d509-c469-4aa6-9332-463d0a448552" />
    <UnitTestResult executionId="72965c7d-ed75-4ec4-86e6-4829903481af" testId="6e4090e6-94bd-7c50-aeb3-2559b9307fcd" testName="Construct3_And_Field_Check" computerName="DKSR-EFI-06" duration="00:00:00.0116200" startTime="2024-01-09T15:45:19.1132447+01:00" endTime="2024-01-09T15:45:19.1250805+01:00" testType="13cdc9d9-ddb5-4fa4-a97d-d965ccfc6d4b" outcome="Passed" testListId="8c84fa94-04c1-424b-9868-57a2d4851a1d" relativeResultsDirectory="72965c7d-ed75-4ec4-86e6-4829903481af" />
    <UnitTestResult executionId="4c577006-aa9a-43fd-8434-a4d278d7e432" testId="25843545-ef80-11aa-4565-6026ffae4df6" testName="WriteXml_ShouldWriteAllFrames_WhenThereAreMultipleFramesPresent" computerName="DKSR-EFI-06" duration="00:00:00.0006490" startTime="2024-01-09T15:45:45.6570109+01:00" endTime="2024-01-09T15:45:45.6577713+01:00" testType="13cdc9d9-ddb5-4fa4-a97d-d965ccfc6d4b" outcome="Passed" testListId="8c84fa94-04c1-424b-9868-57a2d4851a1d" relativeResultsDirectory="4c577006-aa9a-43fd-8434-a4d278d7e432" />
    <UnitTestResult executionId="b4b8264a-3ee9-4e9e-90d2-66eb1783fe20" testId="2dbbefa2-cb1d-4d1e-312c-2268ae3ae8a4" testName="Remove_KeyNotPresent_ReturnsFalse" computerName="DKSR-EFI-06" duration="00:00:00.0002024" startTime="2024-01-09T15:45:32.5234624+01:00" endTime="2024-01-09T15:45:32.5237779+01:00" testType="13cdc9d9-ddb5-4fa4-a97d-d965ccfc6d4b" outcome="Passed" testListId="8c84fa94-04c1-424b-9868-57a2d4851a1d" relativeResultsDirectory="b4b8264a-3ee9-4e9e-90d2-66eb1783fe20" />
    <UnitTestResult executionId="5d1b4398-ebfd-4250-a175-36acb9870cf1" testId="b50b60f1-2826-2d78-41c6-658eac6ae9ac" testName="Serialize_TestCases (Verify root Interface (null) property)" computerName="DKSR-EFI-06" duration="00:00:00.0004164" startTime="2024-01-09T15:45:42.9648330+01:00" endTime="2024-01-09T15:45:42.9655556+01:00" testType="13cdc9d9-ddb5-4fa4-a97d-d965ccfc6d4b" outcome="Passed" testListId="8c84fa94-04c1-424b-9868-57a2d4851a1d" relativeResultsDirectory="5d1b4398-ebfd-4250-a175-36acb9870cf1" />
    <UnitTestResult executionId="3deaf0f8-5d65-49de-8a4d-0137f35db9bc" testId="bd4bf395-8f98-04c2-c5f8-cab1c6647ef1" testName="ParsingAndSerializing_ShouldPreserveDataIntegrety" computerName="DKSR-EFI-06" duration="00:00:00.0442881" startTime="2024-01-09T15:45:45.1851985+01:00" endTime="2024-01-09T15:45:45.2297588+01:00" testType="13cdc9d9-ddb5-4fa4-a97d-d965ccfc6d4b" outcome="Passed" testListId="8c84fa94-04c1-424b-9868-57a2d4851a1d" relativeResultsDirectory="3deaf0f8-5d65-49de-8a4d-0137f35db9bc" />
    <UnitTestResult executionId="1d99867e-c2a9-4f0b-9213-68a90944c2f8" testId="efff1d09-1e9a-daae-f4fe-c57e4a154964" testName="GenerateGpsDevice_ShouldReturnDeviceWithCorrectTypes_WhenAlways" computerName="DKSR-EFI-06" duration="00:00:00.0054694" startTime="2024-01-09T15:45:46.5594410+01:00" endTime="2024-01-09T15:45:46.5651304+01:00" testType="13cdc9d9-ddb5-4fa4-a97d-d965ccfc6d4b" outcome="Passed" testListId="8c84fa94-04c1-424b-9868-57a2d4851a1d" relativeResultsDirectory="1d99867e-c2a9-4f0b-9213-68a90944c2f8" />
    <UnitTestResult executionId="383d87ed-f6bf-41d5-9d2a-69543a564e93" testId="d430b74b-fb63-d6ac-57a1-5a6c439392cf" testName="Ctor_OneCustomFilter_Success" computerName="DKSR-EFI-06" duration="00:00:00.0003382" startTime="2024-01-09T15:45:44.3129007+01:00" endTime="2024-01-09T15:45:44.3135136+01:00" testType="13cdc9d9-ddb5-4fa4-a97d-d965ccfc6d4b" outcome="Passed" testListId="8c84fa94-04c1-424b-9868-57a2d4851a1d" relativeResultsDirectory="383d87ed-f6bf-41d5-9d2a-69543a564e93" />
    <UnitTestResult executionId="cbb4ec74-5594-4652-941d-4abfbb893b7e" testId="57774d4f-0e88-d290-a792-720e504514ba" testName="IsEmptyValue_SelectionFilterValue_DefaultValue_ReturnsTrue" computerName="DKSR-EFI-06" duration="00:00:00.0001898" startTime="2024-01-09T15:45:43.4208490+01:00" endTime="2024-01-09T15:45:43.4212352+01:00" testType="13cdc9d9-ddb5-4fa4-a97d-d965ccfc6d4b" outcome="Passed" testListId="8c84fa94-04c1-424b-9868-57a2d4851a1d" relativeResultsDirectory="cbb4ec74-5594-4652-941d-4abfbb893b7e" />
    <UnitTestResult executionId="1436f94f-d50d-4188-8eeb-5bfa35446765" testId="7e0a73d2-6a35-69c0-258f-1a39ba55eac2" testName="Append_Ignored_For_Empty_Values" computerName="DKSR-EFI-06" duration="00:00:00.0018407" startTime="2024-01-09T15:45:44.3646352+01:00" endTime="2024-01-09T15:45:44.3666501+01:00" testType="13cdc9d9-ddb5-4fa4-a97d-d965ccfc6d4b" outcome="Passed" testListId="8c84fa94-04c1-424b-9868-57a2d4851a1d" relativeResultsDirectory="1436f94f-d50d-4188-8eeb-5bfa35446765" />
    <UnitTestResult executionId="a633b6b3-85e4-4c19-bded-8365ee8b55c0" testId="60e95dc2-1384-1da5-37c2-e879ef01c39a" testName="RegionSelectionFilterValue_DeserializeWithMissingItem_Fails" computerName="DKSR-EFI-06" duration="00:00:00.0017976" startTime="2024-01-09T15:45:44.2460366+01:00" endTime="2024-01-09T15:45:44.2480830+01:00" testType="13cdc9d9-ddb5-4fa4-a97d-d965ccfc6d4b" outcome="Passed" testListId="8c84fa94-04c1-424b-9868-57a2d4851a1d" relativeResultsDirectory="a633b6b3-85e4-4c19-bded-8365ee8b55c0" />
    <UnitTestResult executionId="c0236a4d-91cb-4ec1-b3ed-2a2f445c76f4" testId="5d8dd47c-bb32-a5ba-6e88-b185a7bd9c07" testName="GenerateTypeDefinintionParameters_ShouldWriteDisplayName_WhenAlways" computerName="DKSR-EFI-06" duration="00:00:00.0002749" startTime="2024-01-09T15:45:46.7927570+01:00" endTime="2024-01-09T15:45:46.7932252+01:00" testType="13cdc9d9-ddb5-4fa4-a97d-d965ccfc6d4b" outcome="Passed" testListId="8c84fa94-04c1-424b-9868-57a2d4851a1d" relativeResultsDirectory="c0236a4d-91cb-4ec1-b3ed-2a2f445c76f4" />
    <UnitTestResult executionId="b9168ccc-3d13-4f71-b1b1-902888648034" testId="ad2a533e-345f-feb2-e7cb-50434e04ad99" testName="GetNearest_ShouldReturnClosestElement_WhenTimestampIsInLargerCache" computerName="DKSR-EFI-06" duration="00:00:00.0004590" startTime="2024-01-09T15:45:46.5281549+01:00" endTime="2024-01-09T15:45:46.5287831+01:00" testType="13cdc9d9-ddb5-4fa4-a97d-d965ccfc6d4b" outcome="Passed" testListId="8c84fa94-04c1-424b-9868-57a2d4851a1d" relativeResultsDirectory="b9168ccc-3d13-4f71-b1b1-902888648034" />
    <UnitTestResult executionId="8e2f19bc-03b9-4550-a6b9-69c695e745af" testId="0f32b524-4844-b3fb-566a-4f1c520479bb" testName="WriteXml_ShouldWriteShapeContents_WhenShapeIsNotNull" computerName="DKSR-EFI-06" duration="00:00:00.0008449" startTime="2024-01-09T15:45:44.8663025+01:00" endTime="2024-01-09T15:45:44.8673434+01:00" testType="13cdc9d9-ddb5-4fa4-a97d-d965ccfc6d4b" outcome="Passed" testListId="8c84fa94-04c1-424b-9868-57a2d4851a1d" relativeResultsDirectory="8e2f19bc-03b9-4550-a6b9-69c695e745af" />
    <UnitTestResult executionId="34a2fd7d-e38f-4b92-b6a3-e1733276aaf6" testId="33719bf3-5409-92ab-16c7-8a271f81b2e6" testName="Ctor_EmptyName_Throws" computerName="DKSR-EFI-06" duration="00:00:00.0003650" startTime="2024-01-09T15:45:44.2515256+01:00" endTime="2024-01-09T15:45:44.2521358+01:00" testType="13cdc9d9-ddb5-4fa4-a97d-d965ccfc6d4b" outcome="Passed" testListId="8c84fa94-04c1-424b-9868-57a2d4851a1d" relativeResultsDirectory="34a2fd7d-e38f-4b92-b6a3-e1733276aaf6" />
    <UnitTestResult executionId="68188cff-45fa-4c08-90bf-b0107fcca399" testId="9f4b8baa-3d93-c3b8-cb10-c40ec85c9336" testName="IconOverlay_VaryingOverlays_Success" computerName="DKSR-EFI-06" duration="00:00:00.0110652" startTime="2024-01-09T15:45:19.5908657+01:00" endTime="2024-01-09T15:45:19.6021479+01:00" testType="13cdc9d9-ddb5-4fa4-a97d-d965ccfc6d4b" outcome="Passed" testListId="8c84fa94-04c1-424b-9868-57a2d4851a1d" relativeResultsDirectory="68188cff-45fa-4c08-90bf-b0107fcca399" />
    <UnitTestResult executionId="3d201a15-8725-43e8-bb65-19969fcfca21" testId="3b221ad2-25e8-a21d-c511-ab3b1a01fb56" testName="ReadXml_ShouldIgnoreCenterOfGravity_WhenCenterOfGravityIsPresenWithWrongNamespace" computerName="DKSR-EFI-06" duration="00:00:00.0002963" startTime="2024-01-09T15:45:45.5047892+01:00" endTime="2024-01-09T15:45:45.5052698+01:00" testType="13cdc9d9-ddb5-4fa4-a97d-d965ccfc6d4b" outcome="Passed" testListId="8c84fa94-04c1-424b-9868-57a2d4851a1d" relativeResultsDirectory="3d201a15-8725-43e8-bb65-19969fcfca21" />
    <UnitTestResult executionId="a26521a4-9d3d-4562-8595-6eaaee5e5472" testId="07de42b9-1d07-0430-7138-cc678292c007" testName="WriteXml_ShouldWriteBase64EncodedOriginalData_WhenOriginalDataIsPresent" computerName="DKSR-EFI-06" duration="00:00:00.0002380" startTime="2024-01-09T15:45:45.2685814+01:00" endTime="2024-01-09T15:45:45.2689389+01:00" testType="13cdc9d9-ddb5-4fa4-a97d-d965ccfc6d4b" outcome="Passed" testListId="8c84fa94-04c1-424b-9868-57a2d4851a1d" relativeResultsDirectory="a26521a4-9d3d-4562-8595-6eaaee5e5472" />
    <UnitTestResult executionId="ea19a2f6-c316-4755-a1c6-324dc9a3bd78" testId="22aaf792-b28c-0483-2284-13d7b20de4b8" testName="SearchResultData_WarningText_Success" computerName="DKSR-EFI-06" duration="00:00:00.0006785" startTime="2024-01-09T15:45:43.7599080+01:00" endTime="2024-01-09T15:45:43.7607853+01:00" testType="13cdc9d9-ddb5-4fa4-a97d-d965ccfc6d4b" outcome="Passed" testListId="8c84fa94-04c1-424b-9868-57a2d4851a1d" relativeResultsDirectory="ea19a2f6-c316-4755-a1c6-324dc9a3bd78" />
    <UnitTestResult executionId="e2ad70ba-8cf8-40c7-839c-dda494335e87" testId="eede4713-56bb-3d3c-3e2e-6a26dd039e2e" testName="Deserialize_Server_FieldValues_checked" computerName="DKSR-EFI-06" duration="00:00:00.0223202" startTime="2024-01-09T15:45:18.3926992+01:00" endTime="2024-01-09T15:45:18.4927751+01:00" testType="13cdc9d9-ddb5-4fa4-a97d-d965ccfc6d4b" outcome="Passed" testListId="8c84fa94-04c1-424b-9868-57a2d4851a1d" relativeResultsDirectory="e2ad70ba-8cf8-40c7-839c-dda494335e87" />
    <UnitTestResult executionId="93470cdd-df61-493d-bf44-92c215a7ff3b" testId="af66790e-7a17-2a52-f594-1232b3cd885e" testName="Parse_String_WithDot" computerName="DKSR-EFI-06" duration="00:00:00.0002299" startTime="2024-01-09T15:45:44.4932212+01:00" endTime="2024-01-09T15:45:44.4936332+01:00" testType="13cdc9d9-ddb5-4fa4-a97d-d965ccfc6d4b" outcome="Passed" testListId="8c84fa94-04c1-424b-9868-57a2d4851a1d" relativeResultsDirectory="93470cdd-df61-493d-bf44-92c215a7ff3b" />
    <UnitTestResult executionId="13aa531e-1e5d-4259-bf15-db3eb08c498e" testId="1b0c1c74-735e-804d-2d38-1a48ef66c47a" testName="TestMultiLevelQueue_TwoLevels_Success" computerName="DKSR-EFI-06" duration="00:00:00.2610521" startTime="2024-01-09T15:45:33.2638279+01:00" endTime="2024-01-09T15:45:33.5251717+01:00" testType="13cdc9d9-ddb5-4fa4-a97d-d965ccfc6d4b" outcome="Passed" testListId="8c84fa94-04c1-424b-9868-57a2d4851a1d" relativeResultsDirectory="13aa531e-1e5d-4259-bf15-db3eb08c498e" />
    <UnitTestResult executionId="68461d1e-cde3-4f6d-bf69-420479661b8e" testId="2a445259-81b4-7d21-8522-cb29686e8b5b" testName="CreateSearchResultUserControl_SinglePlugin_Success" computerName="DKSR-EFI-06" duration="00:00:00.1087623" startTime="2024-01-09T15:45:43.8624411+01:00" endTime="2024-01-09T15:45:43.9782516+01:00" testType="13cdc9d9-ddb5-4fa4-a97d-d965ccfc6d4b" outcome="Passed" testListId="8c84fa94-04c1-424b-9868-57a2d4851a1d" relativeResultsDirectory="68461d1e-cde3-4f6d-bf69-420479661b8e" />
    <UnitTestResult executionId="bf8b560e-ea07-420e-9f17-065899659bb3" testId="79bbf345-4c1f-d3ec-6206-5d160bd2b4aa" testName="WriteXml_ShouldWriteCenterOfGravityContents_WhenCenterOfGravityIsNotNull" computerName="DKSR-EFI-06" duration="00:00:00.0010309" startTime="2024-01-09T15:45:45.5429817+01:00" endTime="2024-01-09T15:45:45.5442075+01:00" testType="13cdc9d9-ddb5-4fa4-a97d-d965ccfc6d4b" outcome="Passed" testListId="8c84fa94-04c1-424b-9868-57a2d4851a1d" relativeResultsDirectory="bf8b560e-ea07-420e-9f17-065899659bb3" />
    <UnitTestResult executionId="2d62bb58-4ac3-4c77-8254-a2e47ff1b4cc" testId="9fd340a4-bdf1-80dc-4aa5-677b8c727a2b" testName="Equals_Fail_OnServerIdNull" computerName="DKSR-EFI-06" duration="00:00:00.0003210" startTime="2024-01-09T15:45:18.6622732+01:00" endTime="2024-01-09T15:45:18.6626837+01:00" testType="13cdc9d9-ddb5-4fa4-a97d-d965ccfc6d4b" outcome="Passed" testListId="8c84fa94-04c1-424b-9868-57a2d4851a1d" relativeResultsDirectory="2d62bb58-4ac3-4c77-8254-a2e47ff1b4cc" />
    <UnitTestResult executionId="40551f8e-0434-4f4e-a9ae-98b27b36aa23" testId="d63fece0-6979-6a7f-ca42-f76bdbd7d24d" testName="RemoveItem_AnalyticsEvent_Success" computerName="DKSR-EFI-06" duration="00:00:00.0071884" startTime="2024-01-09T15:45:44.7337951+01:00" endTime="2024-01-09T15:45:44.7411462+01:00" testType="13cdc9d9-ddb5-4fa4-a97d-d965ccfc6d4b" outcome="Passed" testListId="8c84fa94-04c1-424b-9868-57a2d4851a1d" relativeResultsDirectory="40551f8e-0434-4f4e-a9ae-98b27b36aa23" />
    <UnitTestResult executionId="a3c2032c-9e51-4955-a09c-c144b2840233" testId="f5d12e44-e40c-727a-8c4d-b5134fb3b55a" testName="ProvideValue_ShouldNotSetTargetProperty_WhenCustomDisplayValueIsSet" computerName="DKSR-EFI-06" duration="00:00:00.0028955" startTime="2024-01-09T15:45:42.6435220+01:00" endTime="2024-01-09T15:45:42.6582919+01:00" testType="13cdc9d9-ddb5-4fa4-a97d-d965ccfc6d4b" outcome="Passed" testListId="8c84fa94-04c1-424b-9868-57a2d4851a1d" relativeResultsDirectory="a3c2032c-9e51-4955-a09c-c144b2840233" />
    <UnitTestResult executionId="b2275605-24e9-4da4-8fca-a88dcca566d8" testId="c2905a1d-1252-686a-78d7-5b30c85db72f" testName="Serialize_TestCases (TestParentTypeMatchStructThisTypeMatchedProperty)" computerName="DKSR-EFI-06" duration="00:00:00.0006188" startTime="2024-01-09T15:45:43.0334104+01:00" endTime="2024-01-09T15:45:43.0343474+01:00" testType="13cdc9d9-ddb5-4fa4-a97d-d965ccfc6d4b" outcome="Passed" testListId="8c84fa94-04c1-424b-9868-57a2d4851a1d" relativeResultsDirectory="b2275605-24e9-4da4-8fca-a88dcca566d8" />
    <UnitTestResult executionId="ce75a234-4b05-45f1-97e7-2fcf298e7487" testId="12cac62c-5b3e-c0ef-167d-41a5a640f7f1" testName="Constructor_ShouldThrowArgumentNullException_WhenModelIsNull" computerName="DKSR-EFI-06" duration="00:00:00.0005337" startTime="2024-01-09T15:45:46.4479741+01:00" endTime="2024-01-09T15:45:46.4486862+01:00" testType="13cdc9d9-ddb5-4fa4-a97d-d965ccfc6d4b" outcome="Passed" testListId="8c84fa94-04c1-424b-9868-57a2d4851a1d" relativeResultsDirectory="ce75a234-4b05-45f1-97e7-2fcf298e7487" />
    <UnitTestResult executionId="b58e79ee-45d6-4a06-a63b-14d18effad03" testId="0fbf3694-a7c3-3fef-5348-e45949735e92" testName="IsVisibleCallback_OnlyAllowedItemsVisible" computerName="DKSR-EFI-06" duration="00:00:00.0388066" startTime="2024-01-09T15:45:40.8036476+01:00" endTime="2024-01-09T15:45:40.8426871+01:00" testType="13cdc9d9-ddb5-4fa4-a97d-d965ccfc6d4b" outcome="Passed" testListId="8c84fa94-04c1-424b-9868-57a2d4851a1d" relativeResultsDirectory="b58e79ee-45d6-4a06-a63b-14d18effad03" />
    <UnitTestResult executionId="daa26169-0e2e-4085-9824-ba9a0fe069d8" testId="0fd399d2-70b7-1bf0-1292-5d37ff538834" testName="ReadXml_ShouldLogWarningTwiceWhenMoreThanOneMinuteBetweenWarnings_WhenRequiredAttributeIsMissing" computerName="DKSR-EFI-06" duration="00:00:00.0016046" startTime="2024-01-09T15:45:45.6238602+01:00" endTime="2024-01-09T15:45:45.6256461+01:00" testType="13cdc9d9-ddb5-4fa4-a97d-d965ccfc6d4b" outcome="Passed" testListId="8c84fa94-04c1-424b-9868-57a2d4851a1d" relativeResultsDirectory="daa26169-0e2e-4085-9824-ba9a0fe069d8" />
    <UnitTestResult executionId="1c73bcd3-4b9d-43e1-8fc3-9df29d2a893a" testId="868fab3c-659e-4c15-a10e-0b6912bfed13" testName="GetAtOrBefore_ShouldReturnEntryFromCache_WhenDataIsInCacheWithExactSameTime" computerName="DKSR-EFI-06" duration="00:00:00.0022417" startTime="2024-01-09T15:45:46.7405941+01:00" endTime="2024-01-09T15:45:46.7430068+01:00" testType="13cdc9d9-ddb5-4fa4-a97d-d965ccfc6d4b" outcome="Passed" testListId="8c84fa94-04c1-424b-9868-57a2d4851a1d" relativeResultsDirectory="1c73bcd3-4b9d-43e1-8fc3-9df29d2a893a" />
    <UnitTestResult executionId="d9a890c4-f354-4941-b45b-e301fef45c2e" testId="e52da296-c08b-e9c0-0216-381a1c8bbd9e" testName="ToJson_ListElement_Exception" computerName="DKSR-EFI-06" duration="00:00:00.0003656" startTime="2024-01-09T15:45:44.5447326+01:00" endTime="2024-01-09T15:45:44.5453151+01:00" testType="13cdc9d9-ddb5-4fa4-a97d-d965ccfc6d4b" outcome="Passed" testListId="8c84fa94-04c1-424b-9868-57a2d4851a1d" relativeResultsDirectory="d9a890c4-f354-4941-b45b-e301fef45c2e" />
    <UnitTestResult executionId="0a868e5a-bdd4-47d0-9ff7-3fca6d8a07d0" testId="84f70a73-53d8-9f06-6236-95fde40b65ac" testName="ReadXml_ShouldLogWarningTwiceWhenMoreThanOneMinuteBetweenWarnings_WhenIncompleteTranslateIsPresent" computerName="DKSR-EFI-06" duration="00:00:00.0021883" startTime="2024-01-09T15:45:45.5805636+01:00" endTime="2024-01-09T15:45:45.5829428+01:00" testType="13cdc9d9-ddb5-4fa4-a97d-d965ccfc6d4b" outcome="Passed" testListId="8c84fa94-04c1-424b-9868-57a2d4851a1d" relativeResultsDirectory="0a868e5a-bdd4-47d0-9ff7-3fca6d8a07d0" />
    <UnitTestResult executionId="89367b0e-c55f-47f1-9440-b85c0a885561" testId="bbdf2549-aad3-7a58-579e-b0fce02debdf" testName="TestConstructor_NullExceptionParameters_Failure" computerName="DKSR-EFI-06" duration="00:00:00.0003575" startTime="2024-01-09T15:45:44.3485348+01:00" endTime="2024-01-09T15:45:44.3491085+01:00" testType="13cdc9d9-ddb5-4fa4-a97d-d965ccfc6d4b" outcome="Passed" testListId="8c84fa94-04c1-424b-9868-57a2d4851a1d" relativeResultsDirectory="89367b0e-c55f-47f1-9440-b85c0a885561" />
    <UnitTestResult executionId="3d01c500-8217-4c1e-abe2-30305028bd4a" testId="3c77e52b-5dd8-dbae-4bf5-a2756b09e775" testName="MD5Hex32_ShouldReturnMD5Hash_WhenInputIsEmpty" computerName="DKSR-EFI-06" duration="00:00:00.0002361" startTime="2024-01-09T15:45:46.8055045+01:00" endTime="2024-01-09T15:45:46.8059030+01:00" testType="13cdc9d9-ddb5-4fa4-a97d-d965ccfc6d4b" outcome="Passed" testListId="8c84fa94-04c1-424b-9868-57a2d4851a1d" relativeResultsDirectory="3d01c500-8217-4c1e-abe2-30305028bd4a" />
    <UnitTestResult executionId="29e024a0-6644-4ebf-aef6-ece089181a44" testId="040dd571-8bf0-b0e3-da88-082cc2b787fd" testName="AllAttributesWerePresent_ShouldReturnFalse_WhenLeftAttributeIsMissing" computerName="DKSR-EFI-06" duration="00:00:00.0002653" startTime="2024-01-09T15:45:45.4303003+01:00" endTime="2024-01-09T15:45:45.4307466+01:00" testType="13cdc9d9-ddb5-4fa4-a97d-d965ccfc6d4b" outcome="Passed" testListId="8c84fa94-04c1-424b-9868-57a2d4851a1d" relativeResultsDirectory="29e024a0-6644-4ebf-aef6-ece089181a44" />
    <UnitTestResult executionId="60072f7b-1695-458d-ac1c-de80b43135e1" testId="b391819c-9b61-5619-1c97-a7d68c4b7e89" testName="ReadXml_ShouldSetAllFieldsToDefaultValues_WhenElementIsEmpty" computerName="DKSR-EFI-06" duration="00:00:00.0018012" startTime="2024-01-09T15:45:45.3382644+01:00" endTime="2024-01-09T15:45:45.3404655+01:00" testType="13cdc9d9-ddb5-4fa4-a97d-d965ccfc6d4b" outcome="Passed" testListId="8c84fa94-04c1-424b-9868-57a2d4851a1d" relativeResultsDirectory="60072f7b-1695-458d-ac1c-de80b43135e1" />
    <UnitTestResult executionId="64e36d67-99e0-4c23-9f5f-6ee0e9a840f3" testId="bf5918ba-1ac5-ba5f-cde7-7b7063949a78" testName="Enqueue_QueueStopped_Fails" computerName="DKSR-EFI-06" duration="00:00:00.0013609" startTime="2024-01-09T15:45:32.3108087+01:00" endTime="2024-01-09T15:45:32.3123088+01:00" testType="13cdc9d9-ddb5-4fa4-a97d-d965ccfc6d4b" outcome="Passed" testListId="8c84fa94-04c1-424b-9868-57a2d4851a1d" relativeResultsDirectory="64e36d67-99e0-4c23-9f5f-6ee0e9a840f3" />
    <UnitTestResult executionId="c1d17902-f302-4383-b82a-a5c066e18f3a" testId="01be5dc2-8974-a781-e346-9997ff0168c6" testName="GenerateParameters_ShouldCallGenerateDeviceParametersForCamera_WhenThereAreCameraDevices" computerName="DKSR-EFI-06" duration="00:00:00.0011807" startTime="2024-01-09T15:45:46.4732864+01:00" endTime="2024-01-09T15:45:46.4746624+01:00" testType="13cdc9d9-ddb5-4fa4-a97d-d965ccfc6d4b" outcome="Passed" testListId="8c84fa94-04c1-424b-9868-57a2d4851a1d" relativeResultsDirectory="c1d17902-f302-4383-b82a-a5c066e18f3a" />
    <UnitTestResult executionId="002b2a8f-aabc-49ac-8566-5f551b77b7d4" testId="07804473-e40a-283c-1bf0-1e8f6fcff5c4" testName="Ctor_WhitespaceName_Throws" computerName="DKSR-EFI-06" duration="00:00:00.0003399" startTime="2024-01-09T15:45:44.2529648+01:00" endTime="2024-01-09T15:45:44.2535461+01:00" testType="13cdc9d9-ddb5-4fa4-a97d-d965ccfc6d4b" outcome="Passed" testListId="8c84fa94-04c1-424b-9868-57a2d4851a1d" relativeResultsDirectory="002b2a8f-aabc-49ac-8566-5f551b77b7d4" />
    <UnitTestResult executionId="56bbd5d6-8c84-4486-a566-751375eb640c" testId="54151fed-fc55-77df-b7af-e1e01590fd93" testName="CountByItems_Activated_CountByCounter_Trial2" computerName="DKSR-EFI-06" duration="00:00:00.0015524" startTime="2024-01-09T15:45:46.3446510+01:00" endTime="2024-01-09T15:45:46.3463991+01:00" testType="13cdc9d9-ddb5-4fa4-a97d-d965ccfc6d4b" outcome="Passed" testListId="8c84fa94-04c1-424b-9868-57a2d4851a1d" relativeResultsDirectory="56bbd5d6-8c84-4486-a566-751375eb640c" />
    <UnitTestResult executionId="0c1640bb-8b16-4993-8a13-a243e0e51339" testId="88aa33f2-80ef-ffeb-281e-b6e341b95ce9" testName="Serialize_Deserialize_WithSpecialChars" computerName="DKSR-EFI-06" duration="00:00:00.0169521" startTime="2024-01-09T15:45:19.9189346+01:00" endTime="2024-01-09T15:45:19.9360993+01:00" testType="13cdc9d9-ddb5-4fa4-a97d-d965ccfc6d4b" outcome="Passed" testListId="8c84fa94-04c1-424b-9868-57a2d4851a1d" relativeResultsDirectory="0c1640bb-8b16-4993-8a13-a243e0e51339" />
    <UnitTestResult executionId="864ad0e7-be7b-4dfa-8a00-11b77b9eba60" testId="80c46a70-b8c2-5ddc-7925-b3f4ce3a7330" testName="Serialize_TestCases (Verify root Interface (not null) property)" computerName="DKSR-EFI-06" duration="00:00:00.0004756" startTime="2024-01-09T15:45:42.9677704+01:00" endTime="2024-01-09T15:45:42.9685649+01:00" testType="13cdc9d9-ddb5-4fa4-a97d-d965ccfc6d4b" outcome="Passed" testListId="8c84fa94-04c1-424b-9868-57a2d4851a1d" relativeResultsDirectory="864ad0e7-be7b-4dfa-8a00-11b77b9eba60" />
    <UnitTestResult executionId="c3d55e19-9556-4318-bd7f-f873c4b03850" testId="cd5d5b03-5245-1a1a-d06b-cf567b1e8b7a" testName="Serialize_TestCases (TestParentAllPrimitiveTypeMatchDoubleThisTypeMatched)" computerName="DKSR-EFI-06" duration="00:00:00.0003531" startTime="2024-01-09T15:45:43.1235506+01:00" endTime="2024-01-09T15:45:43.1242194+01:00" testType="13cdc9d9-ddb5-4fa4-a97d-d965ccfc6d4b" outcome="Passed" testListId="8c84fa94-04c1-424b-9868-57a2d4851a1d" relativeResultsDirectory="c3d55e19-9556-4318-bd7f-f873c4b03850" />
    <UnitTestResult executionId="8dcfa53b-6a7c-4c0a-ac13-54525dcd85d1" testId="6dff7af6-6d16-8dba-ea01-3eb9769c2e7a" testName="ReadXml_ShouldLogWarningTwiceWhenMoreThanOneMinuteBetweenWarnings_WhenFrameDidNotReadUtcTime" computerName="DKSR-EFI-06" duration="00:00:00.0020294" startTime="2024-01-09T15:45:45.3586306+01:00" endTime="2024-01-09T15:45:45.3608303+01:00" testType="13cdc9d9-ddb5-4fa4-a97d-d965ccfc6d4b" outcome="Passed" testListId="8c84fa94-04c1-424b-9868-57a2d4851a1d" relativeResultsDirectory="8dcfa53b-6a7c-4c0a-ac13-54525dcd85d1" />
    <UnitTestResult executionId="77921d5f-2af2-4726-a66e-4ee0e190eb7c" testId="ba5d0a4c-06cb-f46b-47c1-8da0bac9ec51" testName="WriteXml_ShouldWriteElementsInCorrectOrder_WhenThereAreElements" computerName="DKSR-EFI-06" duration="00:00:00.0051010" startTime="2024-01-09T15:45:44.8548748+01:00" endTime="2024-01-09T15:45:44.8601873+01:00" testType="13cdc9d9-ddb5-4fa4-a97d-d965ccfc6d4b" outcome="Passed" testListId="8c84fa94-04c1-424b-9868-57a2d4851a1d" relativeResultsDirectory="77921d5f-2af2-4726-a66e-4ee0e190eb7c" />
    <UnitTestResult executionId="14ed6f09-8483-4d6c-8c85-b1f1d2e55c3d" testId="cc8e9b7e-62a1-d82e-3e31-af5cf935c88a" testName="GenerateParameters_ShouldWriteNumberOfCameraDevicesAsNumVideoCh_WhenAlways" computerName="DKSR-EFI-06" duration="00:00:00.0005362" startTime="2024-01-09T15:45:46.4640035+01:00" endTime="2024-01-09T15:45:46.4647411+01:00" testType="13cdc9d9-ddb5-4fa4-a97d-d965ccfc6d4b" outcome="Passed" testListId="8c84fa94-04c1-424b-9868-57a2d4851a1d" relativeResultsDirectory="14ed6f09-8483-4d6c-8c85-b1f1d2e55c3d" />
    <UnitTestResult executionId="327280e6-6889-44c8-8d42-4e008ae792a6" testId="6b8d7eb7-6306-1854-531e-9df54451cb92" testName="WriteXml_ShouldWriteAllObjects_WhenThereAreMultipleObjectsPresent" computerName="DKSR-EFI-06" duration="00:00:00.0010495" startTime="2024-01-09T15:45:45.1262906+01:00" endTime="2024-01-09T15:45:45.1275318+01:00" testType="13cdc9d9-ddb5-4fa4-a97d-d965ccfc6d4b" outcome="Passed" testListId="8c84fa94-04c1-424b-9868-57a2d4851a1d" relativeResultsDirectory="327280e6-6889-44c8-8d42-4e008ae792a6" />
    <UnitTestResult executionId="66b52285-7b1e-4fc7-8bf2-cb4e437366ad" testId="c15be519-b8fe-48e7-7703-7b1ac1a61e7f" testName="Unauthorized_Success" computerName="DKSR-EFI-06" duration="00:00:00.0015105" startTime="2024-01-09T15:45:44.7517638+01:00" endTime="2024-01-09T15:45:44.7534701+01:00" testType="13cdc9d9-ddb5-4fa4-a97d-d965ccfc6d4b" outcome="Passed" testListId="8c84fa94-04c1-424b-9868-57a2d4851a1d" relativeResultsDirectory="66b52285-7b1e-4fc7-8bf2-cb4e437366ad" />
    <UnitTestResult executionId="1a2bf821-68cf-4faa-99d0-bb1d7141dd5d" testId="01799474-13c9-ef07-91a0-a707eadf879a" testName="Decrypt_ShouldDecryptEncryptedInput" computerName="DKSR-EFI-06" duration="00:00:00.0058502" startTime="2024-01-09T15:45:46.2495953+01:00" endTime="2024-01-09T15:45:46.2557686+01:00" testType="13cdc9d9-ddb5-4fa4-a97d-d965ccfc6d4b" outcome="Passed" testListId="8c84fa94-04c1-424b-9868-57a2d4851a1d" relativeResultsDirectory="1a2bf821-68cf-4faa-99d0-bb1d7141dd5d" />
    <UnitTestResult executionId="5f9c5343-1ec4-4795-97f8-1e27cc449786" testId="4ea99d78-cb91-34d0-2b2f-1a553700bba9" testName="WriteXml_ShouldNotWriteAnElement_WhenTheValueIsNull" computerName="DKSR-EFI-06" duration="00:00:00.0005281" startTime="2024-01-09T15:45:45.3324040+01:00" endTime="2024-01-09T15:45:45.3331183+01:00" testType="13cdc9d9-ddb5-4fa4-a97d-d965ccfc6d4b" outcome="Passed" testListId="8c84fa94-04c1-424b-9868-57a2d4851a1d" relativeResultsDirectory="5f9c5343-1ec4-4795-97f8-1e27cc449786" />
    <UnitTestResult executionId="025b7451-a28f-4184-9bd5-bc7b3c1e30d0" testId="aea21075-21e1-c265-1a63-420c5c66b0a8" testName="CacheFlushMechanism_ShouldRemoveItems_WhenNotUsed" computerName="DKSR-EFI-06" duration="00:00:10.0200227" startTime="2024-01-09T15:45:22.1992887+01:00" endTime="2024-01-09T15:45:32.2197362+01:00" testType="13cdc9d9-ddb5-4fa4-a97d-d965ccfc6d4b" outcome="Passed" testListId="8c84fa94-04c1-424b-9868-57a2d4851a1d" relativeResultsDirectory="025b7451-a28f-4184-9bd5-bc7b3c1e30d0" />
    <UnitTestResult executionId="b1492eef-33a4-4c37-ac7a-33a0eefc3d2f" testId="322a76e2-9465-203a-fa3f-db73d4f489c4" testName="Ctor_OneStandardFilter_Success" computerName="DKSR-EFI-06" duration="00:00:00.0025217" startTime="2024-01-09T15:45:44.2574630+01:00" endTime="2024-01-09T15:45:44.2601940+01:00" testType="13cdc9d9-ddb5-4fa4-a97d-d965ccfc6d4b" outcome="Passed" testListId="8c84fa94-04c1-424b-9868-57a2d4851a1d" relativeResultsDirectory="b1492eef-33a4-4c37-ac7a-33a0eefc3d2f" />
    <UnitTestResult executionId="d6b8832b-3469-46f8-98d8-aa3acd95b4d2" testId="3d82fc6e-5f69-e808-ca5d-cd01f3ee4891" testName="GenerateTypeDefinintionParameters_ShouldCallGenerateDeviceCapabilityParametersWithCorrectPrefix_WhenThereAreCapabilities" computerName="DKSR-EFI-06" duration="00:00:00.0017108" startTime="2024-01-09T15:45:46.7965144+01:00" endTime="2024-01-09T15:45:46.7983977+01:00" testType="13cdc9d9-ddb5-4fa4-a97d-d965ccfc6d4b" outcome="Passed" testListId="8c84fa94-04c1-424b-9868-57a2d4851a1d" relativeResultsDirectory="d6b8832b-3469-46f8-98d8-aa3acd95b4d2" />
    <UnitTestResult executionId="3b71eb7b-7cbb-4183-93e7-90558009c765" testId="461331e3-222f-9745-91e1-804c09883ed3" testName="ToString_WithoutType" computerName="DKSR-EFI-06" duration="00:00:00.0007455" startTime="2024-01-09T15:45:45.7218571+01:00" endTime="2024-01-09T15:45:45.7227843+01:00" testType="13cdc9d9-ddb5-4fa4-a97d-d965ccfc6d4b" outcome="Passed" testListId="8c84fa94-04c1-424b-9868-57a2d4851a1d" relativeResultsDirectory="3b71eb7b-7cbb-4183-93e7-90558009c765" />
    <UnitTestResult executionId="5e70e83d-8d69-4c2c-8a84-7d7d91543f09" testId="5676d068-f210-9f05-bcb4-4154c077d90e" testName="Minimize_ShouldReturnOneInterval_WhenListContainsThreeOverlappingIntervalsContainingEachOther" computerName="DKSR-EFI-06" duration="00:00:00.0005488" startTime="2024-01-09T15:45:32.3028964+01:00" endTime="2024-01-09T15:45:32.3035622+01:00" testType="13cdc9d9-ddb5-4fa4-a97d-d965ccfc6d4b" outcome="Passed" testListId="8c84fa94-04c1-424b-9868-57a2d4851a1d" relativeResultsDirectory="5e70e83d-8d69-4c2c-8a84-7d7d91543f09" />
    <UnitTestResult executionId="d99e2432-baa1-4b15-96ee-db9910fa939c" testId="924f17cc-bb86-5a75-ef59-5704a9efc7cf" testName="Serialize_TestCases (TestParentTypeMatchDoubleThisTypeMatched)" computerName="DKSR-EFI-06" duration="00:00:00.0004025" startTime="2024-01-09T15:45:43.0087576+01:00" endTime="2024-01-09T15:45:43.0094548+01:00" testType="13cdc9d9-ddb5-4fa4-a97d-d965ccfc6d4b" outcome="Passed" testListId="8c84fa94-04c1-424b-9868-57a2d4851a1d" relativeResultsDirectory="d99e2432-baa1-4b15-96ee-db9910fa939c" />
    <UnitTestResult executionId="6d7a3b52-5321-41cc-bc2d-cdfe8323b1b2" testId="a5abba6c-a7f2-f6e8-f007-920746cf3d43" testName="ReadXml_ShouldLogWarningTwiceWhenMoreThanOneMinuteBetweenWarnings_WhenFrameDidNotReadUtcTime" computerName="DKSR-EFI-06" duration="00:00:00.0016046" startTime="2024-01-09T15:45:45.6524480+01:00" endTime="2024-01-09T15:45:45.6541710+01:00" testType="13cdc9d9-ddb5-4fa4-a97d-d965ccfc6d4b" outcome="Passed" testListId="8c84fa94-04c1-424b-9868-57a2d4851a1d" relativeResultsDirectory="6d7a3b52-5321-41cc-bc2d-cdfe8323b1b2" />
    <UnitTestResult executionId="8a1f8141-132c-48a8-96b1-c4f6a78e50b4" testId="b2a17b73-a63e-3be2-eee7-c00c2b4d0e01" testName="WriteXml_ShouldWriteYAttribute_WhenPresent" computerName="DKSR-EFI-06" duration="00:00:00.0005357" startTime="2024-01-09T15:45:45.0509966+01:00" endTime="2024-01-09T15:45:45.0517480+01:00" testType="13cdc9d9-ddb5-4fa4-a97d-d965ccfc6d4b" outcome="Passed" testListId="8c84fa94-04c1-424b-9868-57a2d4851a1d" relativeResultsDirectory="8a1f8141-132c-48a8-96b1-c4f6a78e50b4" />
    <UnitTestResult executionId="a40afc9f-674f-42f6-af4d-dc5521101bb5" testId="f9dae8a6-1410-fa92-4089-639221dba286" testName="MatchId_Fail_MessageWithAsteriskAtBegin" computerName="DKSR-EFI-06" duration="00:00:00.0001380" startTime="2024-01-09T15:45:45.6679092+01:00" endTime="2024-01-09T15:45:45.6681944+01:00" testType="13cdc9d9-ddb5-4fa4-a97d-d965ccfc6d4b" outcome="Passed" testListId="8c84fa94-04c1-424b-9868-57a2d4851a1d" relativeResultsDirectory="a40afc9f-674f-42f6-af4d-dc5521101bb5" />
    <UnitTestResult executionId="1856eeba-1268-4139-a957-92afab115480" testId="f23e3e92-54c2-2411-b215-631166fbf856" testName="SearchAsync_DoSearchAsyncCalled_Success" computerName="DKSR-EFI-06" duration="00:00:00.0027956" startTime="2024-01-09T15:45:43.3772866+01:00" endTime="2024-01-09T15:45:43.3803242+01:00" testType="13cdc9d9-ddb5-4fa4-a97d-d965ccfc6d4b" outcome="Passed" testListId="8c84fa94-04c1-424b-9868-57a2d4851a1d" relativeResultsDirectory="1856eeba-1268-4139-a957-92afab115480" />
    <UnitTestResult executionId="7b02f32d-4948-4038-9d8b-02a710313f47" testId="a7dc6179-c1b7-aef9-5686-edbcfe9b120d" testName="Equals_IgnoreFolderType_Fail_OnParentId" computerName="DKSR-EFI-06" duration="00:00:00.0003792" startTime="2024-01-09T15:45:18.6518398+01:00" endTime="2024-01-09T15:45:18.6523113+01:00" testType="13cdc9d9-ddb5-4fa4-a97d-d965ccfc6d4b" outcome="Passed" testListId="8c84fa94-04c1-424b-9868-57a2d4851a1d" relativeResultsDirectory="7b02f32d-4948-4038-9d8b-02a710313f47" />
    <UnitTestResult executionId="82c1c671-9b56-452b-8da1-b21f5252bdfc" testId="500146c2-0fce-a8b0-1f53-7fbec0f9bacd" testName="Serialize_ShouldHandleSelfReferencing" computerName="DKSR-EFI-06" duration="00:00:00.0026119" startTime="2024-01-09T15:45:42.8342683+01:00" endTime="2024-01-09T15:45:42.8372464+01:00" testType="13cdc9d9-ddb5-4fa4-a97d-d965ccfc6d4b" outcome="Passed" testListId="8c84fa94-04c1-424b-9868-57a2d4851a1d" relativeResultsDirectory="82c1c671-9b56-452b-8da1-b21f5252bdfc" />
    <UnitTestResult executionId="9fd4edb5-e7e6-449a-bbc2-568a20f44073" testId="a64907b4-47a9-4e3a-b6b0-be37e2d164ea" testName="ReadXml_ShouldReadSizeAttribute_WhenPresent" computerName="DKSR-EFI-06" duration="00:00:00.0002837" startTime="2024-01-09T15:45:45.0275051+01:00" endTime="2024-01-09T15:45:45.0279838+01:00" testType="13cdc9d9-ddb5-4fa4-a97d-d965ccfc6d4b" outcome="Passed" testListId="8c84fa94-04c1-424b-9868-57a2d4851a1d" relativeResultsDirectory="9fd4edb5-e7e6-449a-bbc2-568a20f44073" />
    <UnitTestResult executionId="ab4ca86f-e3e0-4cf2-b4f4-d624d86e857d" testId="ae12437f-7020-f7d7-46c0-7bcbf7d4412c" testName="ReadXml_ShouldReadCenterOfGravityContents_WhenCenterOfGravityIsPresent" computerName="DKSR-EFI-06" duration="00:00:00.0013349" startTime="2024-01-09T15:45:45.5025516+01:00" endTime="2024-01-09T15:45:45.5040592+01:00" testType="13cdc9d9-ddb5-4fa4-a97d-d965ccfc6d4b" outcome="Passed" testListId="8c84fa94-04c1-424b-9868-57a2d4851a1d" relativeResultsDirectory="ab4ca86f-e3e0-4cf2-b4f4-d624d86e857d" />
    <UnitTestResult executionId="73419736-44e8-4c6d-ada2-a93af2a0616a" testId="b9255dfa-9628-1fda-ee6f-f5fa66f81e57" testName="GetPrevious_ShouldReturnLastDataEntityFromToolkitCall_WhenDataIsNotInCache" computerName="DKSR-EFI-06" duration="00:00:00.0021867" startTime="2024-01-09T15:45:46.7067745+01:00" endTime="2024-01-09T15:45:46.7091283+01:00" testType="13cdc9d9-ddb5-4fa4-a97d-d965ccfc6d4b" outcome="Passed" testListId="8c84fa94-04c1-424b-9868-57a2d4851a1d" relativeResultsDirectory="73419736-44e8-4c6d-ada2-a93af2a0616a" />
    <UnitTestResult executionId="0a622b9c-d92b-4c1b-a9e3-6bd1e2f5b2f6" testId="5737235c-4c26-da22-d231-8a538d9299e8" testName="GenerateDeviceParameters_ShouldWriteCorrectFps_WhenFpsIsInRange" computerName="DKSR-EFI-06" duration="00:00:00.0002887" startTime="2024-01-09T15:45:46.3931696+01:00" endTime="2024-01-09T15:45:46.3936572+01:00" testType="13cdc9d9-ddb5-4fa4-a97d-d965ccfc6d4b" outcome="Passed" testListId="8c84fa94-04c1-424b-9868-57a2d4851a1d" relativeResultsDirectory="0a622b9c-d92b-4c1b-a9e3-6bd1e2f5b2f6" />
    <UnitTestResult executionId="c1e53b17-69e6-44af-bba4-e82ca5100d2e" testId="5779081c-72b8-3e22-5954-bdf5dfba82f5" testName="Dequeue_NoItems_FailsAfterTimeout" computerName="DKSR-EFI-06" duration="00:00:00.0215183" startTime="2024-01-09T15:45:32.4452409+01:00" endTime="2024-01-09T15:45:32.4669980+01:00" testType="13cdc9d9-ddb5-4fa4-a97d-d965ccfc6d4b" outcome="Passed" testListId="8c84fa94-04c1-424b-9868-57a2d4851a1d" relativeResultsDirectory="c1e53b17-69e6-44af-bba4-e82ca5100d2e" />
    <UnitTestResult executionId="cdb72be4-b5b7-432f-8cb9-9b1dabddfb83" testId="6213102e-95e6-1487-5c12-13f6c21c6497" testName="Serialize_TestCases (Verify root String (null) property)" computerName="DKSR-EFI-06" duration="00:00:00.0020126" startTime="2024-01-09T15:45:42.9194675+01:00" endTime="2024-01-09T15:45:42.9218398+01:00" testType="13cdc9d9-ddb5-4fa4-a97d-d965ccfc6d4b" outcome="Passed" testListId="8c84fa94-04c1-424b-9868-57a2d4851a1d" relativeResultsDirectory="cdb72be4-b5b7-432f-8cb9-9b1dabddfb83" />
    <UnitTestResult executionId="908128e4-7c63-47f5-9ca7-2656346574bb" testId="d7fd79fb-6017-05e3-7fad-2f657bb1971e" testName="TestMultiLevelQueue_OneLevel_IdleResourceProcessorReused_Success" computerName="DKSR-EFI-06" duration="00:00:00.4916834" startTime="2024-01-09T15:45:36.1134046+01:00" endTime="2024-01-09T15:45:36.6053715+01:00" testType="13cdc9d9-ddb5-4fa4-a97d-d965ccfc6d4b" outcome="Passed" testListId="8c84fa94-04c1-424b-9868-57a2d4851a1d" relativeResultsDirectory="908128e4-7c63-47f5-9ca7-2656346574bb" />
    <UnitTestResult executionId="26fa20fa-81da-47a8-acce-b8f10956e417" testId="6133b6d9-a9f1-1617-1674-43e83f8cc1f4" testName="CreateSearchResultUserControl_MultiplePluginsSameResultType_LastPluginWins" computerName="DKSR-EFI-06" duration="00:00:00.0037540" startTime="2024-01-09T15:45:44.1284758+01:00" endTime="2024-01-09T15:45:44.1365521+01:00" testType="13cdc9d9-ddb5-4fa4-a97d-d965ccfc6d4b" outcome="Passed" testListId="8c84fa94-04c1-424b-9868-57a2d4851a1d" relativeResultsDirectory="26fa20fa-81da-47a8-acce-b8f10956e417" />
    <UnitTestResult executionId="b3a8d146-1f1b-46d6-b62e-3c2c004f5d05" testId="f9efcab8-a490-8c63-2e77-81876b9a47ee" testName="Equals_IgnoreFolderType_Fail_OnObjectId" computerName="DKSR-EFI-06" duration="00:00:00.0003821" startTime="2024-01-09T15:45:18.6497562+01:00" endTime="2024-01-09T15:45:18.6502393+01:00" testType="13cdc9d9-ddb5-4fa4-a97d-d965ccfc6d4b" outcome="Passed" testListId="8c84fa94-04c1-424b-9868-57a2d4851a1d" relativeResultsDirectory="b3a8d146-1f1b-46d6-b62e-3c2c004f5d05" />
    <UnitTestResult executionId="ed186c46-aa5c-4e60-a427-ea78a21deb75" testId="1670e18f-0ede-c50f-6f9a-2ae6207f30db" testName="Given_Exception_When_When_NotMarkedWithSerializableAttribute_Then_Fail" computerName="DKSR-EFI-06" duration="00:00:00.0030425" startTime="2024-01-09T15:45:20.2948616+01:00" endTime="2024-01-09T15:45:20.2981005+01:00" testType="13cdc9d9-ddb5-4fa4-a97d-d965ccfc6d4b" outcome="Passed" testListId="8c84fa94-04c1-424b-9868-57a2d4851a1d" relativeResultsDirectory="ed186c46-aa5c-4e60-a427-ea78a21deb75" />
    <UnitTestResult executionId="86cc8df3-80f0-4c36-a4ab-45755bb5f5c8" testId="e56c4b03-9d5d-a70b-1573-44a88bf4c200" testName="GetItems_ShouldReturnNull_WhenNotAllAdded" computerName="DKSR-EFI-06" duration="00:00:00.0017598" startTime="2024-01-09T15:45:22.1698320+01:00" endTime="2024-01-09T15:45:22.1718256+01:00" testType="13cdc9d9-ddb5-4fa4-a97d-d965ccfc6d4b" outcome="Passed" testListId="8c84fa94-04c1-424b-9868-57a2d4851a1d" relativeResultsDirectory="86cc8df3-80f0-4c36-a4ab-45755bb5f5c8" />
    <UnitTestResult executionId="86fdcef7-5b32-4dc8-b1e4-55a10abb625d" testId="31f28e4c-6fb6-b0cc-cd29-bcccd2779f6e" testName="Serialize_TestCases (TestParentTypeMatchCollectionThisTypeNotMatchedProperty)" computerName="DKSR-EFI-06" duration="00:00:00.0001934" startTime="2024-01-09T15:45:43.0693279+01:00" endTime="2024-01-09T15:45:43.0698368+01:00" testType="13cdc9d9-ddb5-4fa4-a97d-d965ccfc6d4b" outcome="Passed" testListId="8c84fa94-04c1-424b-9868-57a2d4851a1d" relativeResultsDirectory="86fdcef7-5b32-4dc8-b1e4-55a10abb625d" />
    <UnitTestResult executionId="8a9702cd-885e-4807-95b3-8c7f42a75a3b" testId="8f08ea31-2511-c2ee-1c5b-8c8ed224c8f7" testName="ReadXml_ShouldLogWarningOnlyOnceWithinOneMinute_WhenIncompleteTranslateIsPresent" computerName="DKSR-EFI-06" duration="00:00:00.0017976" startTime="2024-01-09T15:45:45.5778339+01:00" endTime="2024-01-09T15:45:45.5798276+01:00" testType="13cdc9d9-ddb5-4fa4-a97d-d965ccfc6d4b" outcome="Passed" testListId="8c84fa94-04c1-424b-9868-57a2d4851a1d" relativeResultsDirectory="8a9702cd-885e-4807-95b3-8c7f42a75a3b" />
    <UnitTestResult executionId="cce48238-80c7-427f-b9c0-13ff76433385" testId="6abc30a4-9771-c1aa-9f1c-ff3c0e9f8896" testName="Convert_MultiArgumentConverter_ShouldThrowArgumentException_WhenArgumentTypeMismatch" computerName="DKSR-EFI-06" duration="00:00:00.0008966" startTime="2024-01-09T15:45:41.1114009+01:00" endTime="2024-01-09T15:45:41.1125091+01:00" testType="13cdc9d9-ddb5-4fa4-a97d-d965ccfc6d4b" outcome="Passed" testListId="8c84fa94-04c1-424b-9868-57a2d4851a1d" relativeResultsDirectory="cce48238-80c7-427f-b9c0-13ff76433385" />
    <UnitTestResult executionId="db7854b6-5ec6-4f3f-b657-da28237f3dce" testId="be18d4c4-d343-ec1d-bb22-8e6779b47149" testName="TestStartSearch_NullSearchDefinitions_Failure" computerName="DKSR-EFI-06" duration="00:00:00.0011910" startTime="2024-01-09T15:45:43.6665417+01:00" endTime="2024-01-09T15:45:43.6680171+01:00" testType="13cdc9d9-ddb5-4fa4-a97d-d965ccfc6d4b" outcome="Passed" testListId="8c84fa94-04c1-424b-9868-57a2d4851a1d" relativeResultsDirectory="db7854b6-5ec6-4f3f-b657-da28237f3dce" />
    <UnitTestResult executionId="83623fca-b0ec-43d9-a602-045130de28a0" testId="1f1cc29a-ffbb-09ec-fd2b-edba3215943f" testName="CountByItems_Activated_WithTrialsInActivation" computerName="DKSR-EFI-06" duration="00:00:00.0022044" startTime="2024-01-09T15:45:46.3313609+01:00" endTime="2024-01-09T15:45:46.3337674+01:00" testType="13cdc9d9-ddb5-4fa4-a97d-d965ccfc6d4b" outcome="Passed" testListId="8c84fa94-04c1-424b-9868-57a2d4851a1d" relativeResultsDirectory="83623fca-b0ec-43d9-a602-045130de28a0" />
    <UnitTestResult executionId="093b4197-065f-42ae-85cd-02732df6235b" testId="d78ddc2b-307f-bc26-2b15-e79e8f94ce76" testName="ReadXml_ShouldIgnoreRemovedChildren_WhenAlways" computerName="DKSR-EFI-06" duration="00:00:00.0003029" startTime="2024-01-09T15:45:44.9032958+01:00" endTime="2024-01-09T15:45:44.9037898+01:00" testType="13cdc9d9-ddb5-4fa4-a97d-d965ccfc6d4b" outcome="Passed" testListId="8c84fa94-04c1-424b-9868-57a2d4851a1d" relativeResultsDirectory="093b4197-065f-42ae-85cd-02732df6235b" />
    <UnitTestResult executionId="cca0177e-6ff1-44a1-a45f-8a184322c977" testId="d4c38e91-653a-61a8-9381-1f7444c31b36" testName="ConstructorArgb_ShouldReturnCorrectArgbValues_Always" computerName="DKSR-EFI-06" duration="00:00:00.0006293" startTime="2024-01-09T15:45:44.9919290+01:00" endTime="2024-01-09T15:45:44.9927694+01:00" testType="13cdc9d9-ddb5-4fa4-a97d-d965ccfc6d4b" outcome="Passed" testListId="8c84fa94-04c1-424b-9868-57a2d4851a1d" relativeResultsDirectory="cca0177e-6ff1-44a1-a45f-8a184322c977" />
    <UnitTestResult executionId="a3d3f35e-1dff-4a08-b5e2-d84ab06181aa" testId="87294391-1825-1ce5-7f19-56b62f49e8c1" testName="Equals_ShouldHaveValueSemantics_WhenAlways" computerName="DKSR-EFI-06" duration="00:00:00.0079036" startTime="2024-01-09T15:45:44.8785711+01:00" endTime="2024-01-09T15:45:44.8866710+01:00" testType="13cdc9d9-ddb5-4fa4-a97d-d965ccfc6d4b" outcome="Passed" testListId="8c84fa94-04c1-424b-9868-57a2d4851a1d" relativeResultsDirectory="a3d3f35e-1dff-4a08-b5e2-d84ab06181aa" />
    <UnitTestResult executionId="483528c9-de69-4bf5-99eb-47adb968b6b1" testId="0daed256-eb5b-ff97-e9ff-02ba280c96b0" testName="ReadXml_ShouldReadBoundingBoxAppearanceExtension_WhenBoundingBoxAppearanceExtensionIsPresent" computerName="DKSR-EFI-06" duration="00:00:00.0018419" startTime="2024-01-09T15:45:45.5059911+01:00" endTime="2024-01-09T15:45:45.5080300+01:00" testType="13cdc9d9-ddb5-4fa4-a97d-d965ccfc6d4b" outcome="Passed" testListId="8c84fa94-04c1-424b-9868-57a2d4851a1d" relativeResultsDirectory="483528c9-de69-4bf5-99eb-47adb968b6b1" />
    <UnitTestResult executionId="7d479298-61d5-4dfa-bc58-98015e83e3b3" testId="038e82e7-0736-b906-6069-bf165dcdf81d" testName="ReadXml_ShouldReadXAttribute_WhenPresent" computerName="DKSR-EFI-06" duration="00:00:00.0003664" startTime="2024-01-09T15:45:45.6103469+01:00" endTime="2024-01-09T15:45:45.6108979+01:00" testType="13cdc9d9-ddb5-4fa4-a97d-d965ccfc6d4b" outcome="Passed" testListId="8c84fa94-04c1-424b-9868-57a2d4851a1d" relativeResultsDirectory="7d479298-61d5-4dfa-bc58-98015e83e3b3" />
    <UnitTestResult executionId="c2351848-4e48-48d9-8bf5-f97a3df722ae" testId="e081911d-8f68-16dc-95b9-ce6ca0099b36" testName="Parse_UnclosedBracket" computerName="DKSR-EFI-06" duration="00:00:00.0003674" startTime="2024-01-09T15:45:44.4875860+01:00" endTime="2024-01-09T15:45:44.4881615+01:00" testType="13cdc9d9-ddb5-4fa4-a97d-d965ccfc6d4b" outcome="Passed" testListId="8c84fa94-04c1-424b-9868-57a2d4851a1d" relativeResultsDirectory="c2351848-4e48-48d9-8bf5-f97a3df722ae" />
    <UnitTestResult executionId="387ffde9-ad02-4445-b31d-0a42607f3b7f" testId="4331be32-8242-7bcf-516a-a7263d816796" testName="ParseMetadataXmlWithBytes_ShouldReturnCorrectObjects_WhenBinaryDataContainsCorrectXml" computerName="DKSR-EFI-06" duration="00:00:00.0124430" startTime="2024-01-09T15:45:45.1715710+01:00" endTime="2024-01-09T15:45:45.1842557+01:00" testType="13cdc9d9-ddb5-4fa4-a97d-d965ccfc6d4b" outcome="Passed" testListId="8c84fa94-04c1-424b-9868-57a2d4851a1d" relativeResultsDirectory="387ffde9-ad02-4445-b31d-0a42607f3b7f" />
    <UnitTestResult executionId="428c9771-bd8a-4bc5-a64a-ea760209b272" testId="e5e5bf4a-3b6a-9b6c-ebe0-9c044c226109" testName="GetFilterValues_EmptyValueAdded_IncludeEmptyValues_ReturnsValue" computerName="DKSR-EFI-06" duration="00:00:00.0019190" startTime="2024-01-09T15:45:43.3719342+01:00" endTime="2024-01-09T15:45:43.3741277+01:00" testType="13cdc9d9-ddb5-4fa4-a97d-d965ccfc6d4b" outcome="Passed" testListId="8c84fa94-04c1-424b-9868-57a2d4851a1d" relativeResultsDirectory="428c9771-bd8a-4bc5-a64a-ea760209b272" />
    <UnitTestResult executionId="f4e2d779-7ede-483c-a44d-27e4a446bbbe" testId="2813fb62-7764-a6ad-5950-42865213a523" testName="ReadXml_ShouldLogWarningTwiceWhenMoreThanOneMinuteBetweenWarnings_WhenBoundingBoxIsIncomplete" computerName="DKSR-EFI-06" duration="00:00:00.0021958" startTime="2024-01-09T15:45:45.5304735+01:00" endTime="2024-01-09T15:45:45.5328691+01:00" testType="13cdc9d9-ddb5-4fa4-a97d-d965ccfc6d4b" outcome="Passed" testListId="8c84fa94-04c1-424b-9868-57a2d4851a1d" relativeResultsDirectory="f4e2d779-7ede-483c-a44d-27e4a446bbbe" />
    <UnitTestResult executionId="daf636e8-53c9-40be-a2bc-afde81826c68" testId="aa00ee56-82a4-f12d-65e7-778cc997807f" testName="OverlapsWith_ShouldReturnTrue_WhenArgumenStartTimeIsAfterStartTimeAndBeforeEndTime" computerName="DKSR-EFI-06" duration="00:00:00.0002418" startTime="2024-01-09T15:45:32.2534523+01:00" endTime="2024-01-09T15:45:32.2537999+01:00" testType="13cdc9d9-ddb5-4fa4-a97d-d965ccfc6d4b" outcome="Passed" testListId="8c84fa94-04c1-424b-9868-57a2d4851a1d" relativeResultsDirectory="daf636e8-53c9-40be-a2bc-afde81826c68" />
    <UnitTestResult executionId="f1f4876f-abad-4020-85e0-17f9d2af7b44" testId="d70deda9-d414-d7bd-403c-5fb9de797fb3" testName="Enqueue_TwoProducers_Success" computerName="DKSR-EFI-06" duration="00:00:00.1266594" startTime="2024-01-09T15:45:32.3130708+01:00" endTime="2024-01-09T15:45:32.4399370+01:00" testType="13cdc9d9-ddb5-4fa4-a97d-d965ccfc6d4b" outcome="Passed" testListId="8c84fa94-04c1-424b-9868-57a2d4851a1d" relativeResultsDirectory="f1f4876f-abad-4020-85e0-17f9d2af7b44" />
    <UnitTestResult executionId="7669bb39-8cb5-4c7f-bd56-8500fb98f00b" testId="3350d2b0-3312-d687-fc6c-5745c7811365" testName="Ctor_TwoStandardFilters_Success" computerName="DKSR-EFI-06" duration="00:00:00.0037365" startTime="2024-01-09T15:45:44.2611750+01:00" endTime="2024-01-09T15:45:44.2651294+01:00" testType="13cdc9d9-ddb5-4fa4-a97d-d965ccfc6d4b" outcome="Passed" testListId="8c84fa94-04c1-424b-9868-57a2d4851a1d" relativeResultsDirectory="7669bb39-8cb5-4c7f-bd56-8500fb98f00b" />
    <UnitTestResult executionId="32ba3653-5927-4f66-b8d7-d4e1b5469636" testId="11d54d6f-5da0-f133-d7de-6f5044962e90" testName="Append_Property_PathList" computerName="DKSR-EFI-06" duration="00:00:00.0016689" startTime="2024-01-09T15:45:44.4389104+01:00" endTime="2024-01-09T15:45:44.4408282+01:00" testType="13cdc9d9-ddb5-4fa4-a97d-d965ccfc6d4b" outcome="Passed" testListId="8c84fa94-04c1-424b-9868-57a2d4851a1d" relativeResultsDirectory="32ba3653-5927-4f66-b8d7-d4e1b5469636" />
    <UnitTestResult executionId="995cbedd-51b8-43cb-bfad-2066cf045794" testId="5bac1777-a319-8667-ff3f-004d4997fdfd" testName="Serialize_TestCases (TestParentTypeMatchStructNotThisTypeMatchedProperty)" computerName="DKSR-EFI-06" duration="00:00:00.0004845" startTime="2024-01-09T15:45:43.0398081+01:00" endTime="2024-01-09T15:45:43.0405795+01:00" testType="13cdc9d9-ddb5-4fa4-a97d-d965ccfc6d4b" outcome="Passed" testListId="8c84fa94-04c1-424b-9868-57a2d4851a1d" relativeResultsDirectory="995cbedd-51b8-43cb-bfad-2066cf045794" />
    <UnitTestResult executionId="f8205e1e-76fa-4d43-a400-bd1292d43cfc" testId="0a40eef3-f831-ffd2-4845-4121490071ff" testName="ModifyCollection_ShouldNotInvokeCallback_WhenNotObservable" computerName="DKSR-EFI-06" duration="00:00:00.0014414" startTime="2024-01-09T15:45:41.4675388+01:00" endTime="2024-01-09T15:45:41.4810714+01:00" testType="13cdc9d9-ddb5-4fa4-a97d-d965ccfc6d4b" outcome="Passed" testListId="8c84fa94-04c1-424b-9868-57a2d4851a1d" relativeResultsDirectory="f8205e1e-76fa-4d43-a400-bd1292d43cfc" />
    <UnitTestResult executionId="2459185f-6700-4d7c-9291-559be5a574bd" testId="04ee5816-5ebb-9be1-9e51-4c60c7a88570" testName="Serialize_TestCases (TestParentCollectionEmptyArrayPropertyProperty)" computerName="DKSR-EFI-06" duration="00:00:00.0001960" startTime="2024-01-09T15:45:42.9604467+01:00" endTime="2024-01-09T15:45:42.9609561+01:00" testType="13cdc9d9-ddb5-4fa4-a97d-d965ccfc6d4b" outcome="Passed" testListId="8c84fa94-04c1-424b-9868-57a2d4851a1d" relativeResultsDirectory="2459185f-6700-4d7c-9291-559be5a574bd" />
    <UnitTestResult executionId="e20a06b2-252b-48fc-beb2-153af597b388" testId="ff808f59-9b62-0858-3fa7-188c69f886d5" testName="Serialize_TestCases (Verify root Double property)" computerName="DKSR-EFI-06" duration="00:00:00.0005036" startTime="2024-01-09T15:45:42.9305594+01:00" endTime="2024-01-09T15:45:42.9313892+01:00" testType="13cdc9d9-ddb5-4fa4-a97d-d965ccfc6d4b" outcome="Passed" testListId="8c84fa94-04c1-424b-9868-57a2d4851a1d" relativeResultsDirectory="e20a06b2-252b-48fc-beb2-153af597b388" />
    <UnitTestResult executionId="8ea6fde5-83d0-4879-9cdf-e466ddb4f0de" testId="a7d84506-07b5-7ff8-9127-f0b1cfa053da" testName="InitializeThemingSystem_ShouldNotThrowException" computerName="DKSR-EFI-06" duration="00:00:00.2452203" startTime="2024-01-09T15:45:40.3350744+01:00" endTime="2024-01-09T15:45:40.5808915+01:00" testType="13cdc9d9-ddb5-4fa4-a97d-d965ccfc6d4b" outcome="Passed" testListId="8c84fa94-04c1-424b-9868-57a2d4851a1d" relativeResultsDirectory="8ea6fde5-83d0-4879-9cdf-e466ddb4f0de" />
    <UnitTestResult executionId="fc3626db-9707-425b-a644-d7fd312de8d5" testId="c82ad357-66af-6f7d-49fa-5184f10411f5" testName="ReadXml_ShouldReadSpeed_WhenSpeedIsPresent" computerName="DKSR-EFI-06" duration="00:00:00.0002858" startTime="2024-01-09T15:45:45.3258065+01:00" endTime="2024-01-09T15:45:45.3262718+01:00" testType="13cdc9d9-ddb5-4fa4-a97d-d965ccfc6d4b" outcome="Passed" testListId="8c84fa94-04c1-424b-9868-57a2d4851a1d" relativeResultsDirectory="fc3626db-9707-425b-a644-d7fd312de8d5" />
    <UnitTestResult executionId="6e3967ff-e14e-4d84-8aaf-aa25a111006e" testId="712e2140-9dcc-9696-ddc4-73aad2a14137" testName="CountByItems_Activated_Grace_Unordered" computerName="DKSR-EFI-06" duration="00:00:00.0014883" startTime="2024-01-09T15:45:46.3239953+01:00" endTime="2024-01-09T15:45:46.3256543+01:00" testType="13cdc9d9-ddb5-4fa4-a97d-d965ccfc6d4b" outcome="Passed" testListId="8c84fa94-04c1-424b-9868-57a2d4851a1d" relativeResultsDirectory="6e3967ff-e14e-4d84-8aaf-aa25a111006e" />
    <UnitTestResult executionId="087f67c4-faea-428c-be29-1565fea215d7" testId="ae1fcdcb-f991-e67c-d221-5879496f84bd" testName="ReadXml_ShouldReadClassCandidateContents_WhenClassCandidateIsPresent" computerName="DKSR-EFI-06" duration="00:00:00.0013777" startTime="2024-01-09T15:45:45.3482082+01:00" endTime="2024-01-09T15:45:45.3497709+01:00" testType="13cdc9d9-ddb5-4fa4-a97d-d965ccfc6d4b" outcome="Passed" testListId="8c84fa94-04c1-424b-9868-57a2d4851a1d" relativeResultsDirectory="087f67c4-faea-428c-be29-1565fea215d7" />
    <UnitTestResult executionId="0f99cd7c-b40f-4db7-ac79-fe24884490ae" testId="88c1b25e-ba16-57cd-c6d8-d1d74e524e76" testName="ReadXml_ShouldIgnoreUnknownChildren_WhenUnknownChildrenArePresent" computerName="DKSR-EFI-06" duration="00:00:00.0009839" startTime="2024-01-09T15:45:45.4878111+01:00" endTime="2024-01-09T15:45:45.4889969+01:00" testType="13cdc9d9-ddb5-4fa4-a97d-d965ccfc6d4b" outcome="Passed" testListId="8c84fa94-04c1-424b-9868-57a2d4851a1d" relativeResultsDirectory="0f99cd7c-b40f-4db7-ac79-fe24884490ae" />
    <UnitTestResult executionId="2e90974f-42dd-48a5-89d8-f4949d4fa030" testId="7ae2592b-1209-056c-b02b-a7b7c4496165" testName="GenerateDeviceParameters_ShouldWriteCorrectResolution_WhenResolutionIsNotNull" computerName="DKSR-EFI-06" duration="00:00:00.0002552" startTime="2024-01-09T15:45:46.3865577+01:00" endTime="2024-01-09T15:45:46.3870909+01:00" testType="13cdc9d9-ddb5-4fa4-a97d-d965ccfc6d4b" outcome="Passed" testListId="8c84fa94-04c1-424b-9868-57a2d4851a1d" relativeResultsDirectory="2e90974f-42dd-48a5-89d8-f4949d4fa030" />
    <UnitTestResult executionId="6b20f8a4-d691-4f7b-8403-b5f71a25f9d2" testId="30e80c89-c117-83fc-53e9-5be5181f841c" testName="WriteXml_ShouldOmitElements_WhenTheyAreNull" computerName="DKSR-EFI-06" duration="00:00:00.0006664" startTime="2024-01-09T15:45:45.5914635+01:00" endTime="2024-01-09T15:45:45.5923264+01:00" testType="13cdc9d9-ddb5-4fa4-a97d-d965ccfc6d4b" outcome="Passed" testListId="8c84fa94-04c1-424b-9868-57a2d4851a1d" relativeResultsDirectory="6b20f8a4-d691-4f7b-8403-b5f71a25f9d2" />
    <UnitTestResult executionId="c4a85b88-744f-4b73-be10-277549d61add" testId="68a6ea98-ca7c-4d82-e5af-14d114a1f9a4" testName="WriteXml_ShouldOmitClassCandidateElement_WhenThereIsNoClassCandidatesPresent" computerName="DKSR-EFI-06" duration="00:00:00.0005072" startTime="2024-01-09T15:45:45.3614949+01:00" endTime="2024-01-09T15:45:45.3621629+01:00" testType="13cdc9d9-ddb5-4fa4-a97d-d965ccfc6d4b" outcome="Passed" testListId="8c84fa94-04c1-424b-9868-57a2d4851a1d" relativeResultsDirectory="c4a85b88-744f-4b73-be10-277549d61add" />
    <UnitTestResult executionId="3cd6b28b-35a7-4d9e-b218-0afc15e188f4" testId="c64fce4a-0ee6-9d1f-f96c-3f0744a2a23b" testName="SplitString_When2Levels_Trims" computerName="DKSR-EFI-06" duration="00:00:00.0005790" startTime="2024-01-09T15:45:32.2324032+01:00" endTime="2024-01-09T15:45:32.2334221+01:00" testType="13cdc9d9-ddb5-4fa4-a97d-d965ccfc6d4b" outcome="Passed" testListId="8c84fa94-04c1-424b-9868-57a2d4851a1d" relativeResultsDirectory="3cd6b28b-35a7-4d9e-b218-0afc15e188f4" />
    <UnitTestResult executionId="b1af7d39-81b0-4727-9a6b-8b9a49bd509a" testId="c3a53dbd-9899-8fac-d500-c2b7239c74d4" testName="WriteXml_ShouldWriteItalicAttribute_WhenSet" computerName="DKSR-EFI-06" duration="00:00:00.0003684" startTime="2024-01-09T15:45:45.0538733+01:00" endTime="2024-01-09T15:45:45.0544360+01:00" testType="13cdc9d9-ddb5-4fa4-a97d-d965ccfc6d4b" outcome="Passed" testListId="8c84fa94-04c1-424b-9868-57a2d4851a1d" relativeResultsDirectory="b1af7d39-81b0-4727-9a6b-8b9a49bd509a" />
    <UnitTestResult executionId="a12e61fc-06f0-47be-a1c0-912158800aaf" testId="8a0529d6-a867-bdfa-4c0f-fc7fea5b6129" testName="Serialize_ToString" computerName="DKSR-EFI-06" duration="00:00:00.0176258" startTime="2024-01-09T15:45:19.8869997+01:00" endTime="2024-01-09T15:45:19.9048244+01:00" testType="13cdc9d9-ddb5-4fa4-a97d-d965ccfc6d4b" outcome="Passed" testListId="8c84fa94-04c1-424b-9868-57a2d4851a1d" relativeResultsDirectory="a12e61fc-06f0-47be-a1c0-912158800aaf" />
    <UnitTestResult executionId="b40683c0-33a0-461f-97fc-1cf51c501b6d" testId="3f6286d5-3f69-a507-072d-04f3b3c184c5" testName="Equals_ShouldReturnTrue_WhenHostIsTextualLocalhostAndOtherHostIsDottedDecimalLocalHost" computerName="DKSR-EFI-06" duration="00:00:00.0005084" startTime="2024-01-09T15:45:20.5077723+01:00" endTime="2024-01-09T15:45:20.5085173+01:00" testType="13cdc9d9-ddb5-4fa4-a97d-d965ccfc6d4b" outcome="Passed" testListId="8c84fa94-04c1-424b-9868-57a2d4851a1d" relativeResultsDirectory="b40683c0-33a0-461f-97fc-1cf51c501b6d" />
    <UnitTestResult executionId="2deab4a3-fc30-410d-a20f-b07dd1281b25" testId="3a3b003d-e9ff-947e-0664-bd777109fe74" testName="WriteMetadataXmlWithString_ShouldWriteRootElement_WhenDataIsPresent" computerName="DKSR-EFI-06" duration="00:00:00.0001974" startTime="2024-01-09T15:45:45.2402679+01:00" endTime="2024-01-09T15:45:45.2406190+01:00" testType="13cdc9d9-ddb5-4fa4-a97d-d965ccfc6d4b" outcome="Passed" testListId="8c84fa94-04c1-424b-9868-57a2d4851a1d" relativeResultsDirectory="2deab4a3-fc30-410d-a20f-b07dd1281b25" />
    <UnitTestResult executionId="93c0e5c4-7905-43b0-ba7d-35f192391fd0" testId="87215dbe-be98-eae0-f888-50bc76faae33" testName="GetPreviousDateTime_ShouldReturnDataEntityFromCacheWithoutCallingToolkit_WhenDataIsPresentInCache" computerName="DKSR-EFI-06" duration="00:00:00.0024762" startTime="2024-01-09T15:45:46.6976949+01:00" endTime="2024-01-09T15:45:46.7003723+01:00" testType="13cdc9d9-ddb5-4fa4-a97d-d965ccfc6d4b" outcome="Passed" testListId="8c84fa94-04c1-424b-9868-57a2d4851a1d" relativeResultsDirectory="93c0e5c4-7905-43b0-ba7d-35f192391fd0" />
    <UnitTestResult executionId="41f62cd6-6a6e-4d35-8ad1-a50343ec00d6" testId="d4fbe30b-c3a5-9110-1c8a-b21accc6c6ad" testName="GetMIPItem_Success" computerName="DKSR-EFI-06" duration="00:00:00.0018199" startTime="2024-01-09T15:45:44.6445720+01:00" endTime="2024-01-09T15:45:44.6466841+01:00" testType="13cdc9d9-ddb5-4fa4-a97d-d965ccfc6d4b" outcome="Passed" testListId="8c84fa94-04c1-424b-9868-57a2d4851a1d" relativeResultsDirectory="41f62cd6-6a6e-4d35-8ad1-a50343ec00d6" />
    <UnitTestResult executionId="1d74064b-8563-4941-9d8b-a323356f7c48" testId="c4e34f90-d96f-cb6b-4d8d-827e8345bbf0" testName="HostInitialized_ShouldNotInvokeCallback_WhenInitializedWithoutItems" computerName="DKSR-EFI-06" duration="00:00:00.0029501" startTime="2024-01-09T15:45:41.4439851+01:00" endTime="2024-01-09T15:45:41.4599337+01:00" testType="13cdc9d9-ddb5-4fa4-a97d-d965ccfc6d4b" outcome="Passed" testListId="8c84fa94-04c1-424b-9868-57a2d4851a1d" relativeResultsDirectory="1d74064b-8563-4941-9d8b-a323356f7c48" />
    <UnitTestResult executionId="725cccd3-f4fd-4530-83a2-2e18775b4e56" testId="d09566d1-6438-9687-6d98-ba12ffff4915" testName="ReadXml_ShouldReadBoldAttribute_WhenPresent" computerName="DKSR-EFI-06" duration="00:00:00.0002782" startTime="2024-01-09T15:45:45.0236549+01:00" endTime="2024-01-09T15:45:45.0241262+01:00" testType="13cdc9d9-ddb5-4fa4-a97d-d965ccfc6d4b" outcome="Passed" testListId="8c84fa94-04c1-424b-9868-57a2d4851a1d" relativeResultsDirectory="725cccd3-f4fd-4530-83a2-2e18775b4e56" />
    <UnitTestResult executionId="d0632abd-67d3-4066-9385-80c1b3812018" testId="c0bd25d5-74fa-a92b-42e1-7e499486e888" testName="SetChildren_Set_And_Check" computerName="DKSR-EFI-06" duration="00:00:00.0132987" startTime="2024-01-09T15:45:19.1811398+01:00" endTime="2024-01-09T15:45:19.1946687+01:00" testType="13cdc9d9-ddb5-4fa4-a97d-d965ccfc6d4b" outcome="Passed" testListId="8c84fa94-04c1-424b-9868-57a2d4851a1d" relativeResultsDirectory="d0632abd-67d3-4066-9385-80c1b3812018" />
    <UnitTestResult executionId="0db1e7eb-6f05-4b35-9994-4fe84f368c6a" testId="8601fe89-72a2-9ba5-8e62-8c183b00fe8c" testName="MatchId_Success_MessageWithAsteriskAtBegin_NoBegin" computerName="DKSR-EFI-06" duration="00:00:00.0001457" startTime="2024-01-09T15:45:45.6669885+01:00" endTime="2024-01-09T15:45:45.6672824+01:00" testType="13cdc9d9-ddb5-4fa4-a97d-d965ccfc6d4b" outcome="Passed" testListId="8c84fa94-04c1-424b-9868-57a2d4851a1d" relativeResultsDirectory="0db1e7eb-6f05-4b35-9994-4fe84f368c6a" />
    <UnitTestResult executionId="8342e3fc-35a3-4387-a49d-6afabdc499c0" testId="3d785457-9ab7-7088-1cc3-dd4fad28665b" testName="Parse_Int_Invalid_end" computerName="DKSR-EFI-06" duration="00:00:00.0003130" startTime="2024-01-09T15:45:44.4970111+01:00" endTime="2024-01-09T15:45:44.4975456+01:00" testType="13cdc9d9-ddb5-4fa4-a97d-d965ccfc6d4b" outcome="Passed" testListId="8c84fa94-04c1-424b-9868-57a2d4851a1d" relativeResultsDirectory="8342e3fc-35a3-4387-a49d-6afabdc499c0" />
    <UnitTestResult executionId="94a24f03-586f-492d-873b-45d98bc4a1f3" testId="dccf2726-dfd0-7d43-4aa6-126f8354b46b" testName="ReadXml_ShouldLogWarning_WhenLikelihoodIsNotANumber" computerName="DKSR-EFI-06" duration="00:00:00.0010594" startTime="2024-01-09T15:45:44.9590359+01:00" endTime="2024-01-09T15:45:44.9602942+01:00" testType="13cdc9d9-ddb5-4fa4-a97d-d965ccfc6d4b" outcome="Passed" testListId="8c84fa94-04c1-424b-9868-57a2d4851a1d" relativeResultsDirectory="94a24f03-586f-492d-873b-45d98bc4a1f3" />
    <UnitTestResult executionId="9ff0c4a7-92aa-4095-a043-5715b366235a" testId="7aa7a744-f3f3-dbab-b444-2d9793ae0544" testName="Constructor_ShouldThrowArgumentNullException_WhenServerIdIsNull" computerName="DKSR-EFI-06" duration="00:00:00.0145713" startTime="2024-01-09T15:45:22.1128863+01:00" endTime="2024-01-09T15:45:22.1279490+01:00" testType="13cdc9d9-ddb5-4fa4-a97d-d965ccfc6d4b" outcome="Passed" testListId="8c84fa94-04c1-424b-9868-57a2d4851a1d" relativeResultsDirectory="9ff0c4a7-92aa-4095-a043-5715b366235a" />
    <UnitTestResult executionId="98b56751-9266-4323-bee0-43d2ddf4a451" testId="cc29216e-1cfd-6792-7ea1-15bf1c735835" testName="Add_ShouldUpdateEndCache_WhenOldEndTimeIsEarlierThanAdded" computerName="DKSR-EFI-06" duration="00:00:00.0199194" startTime="2024-01-09T15:45:46.9085548+01:00" endTime="2024-01-09T15:45:46.9287313+01:00" testType="13cdc9d9-ddb5-4fa4-a97d-d965ccfc6d4b" outcome="Passed" testListId="8c84fa94-04c1-424b-9868-57a2d4851a1d" relativeResultsDirectory="98b56751-9266-4323-bee0-43d2ddf4a451" />
    <UnitTestResult executionId="43b31d5e-9094-4b78-92ca-6ca54dc9202e" testId="7d577a3c-0602-a0a6-e9b5-1f43ff437a96" testName="GetAtOrBefore_ShouldReturnLastElement_WhenTimestampIsSameAsLastElement" computerName="DKSR-EFI-06" duration="00:00:00.0003231" startTime="2024-01-09T15:45:46.5335057+01:00" endTime="2024-01-09T15:45:46.5339914+01:00" testType="13cdc9d9-ddb5-4fa4-a97d-d965ccfc6d4b" outcome="Passed" testListId="8c84fa94-04c1-424b-9868-57a2d4851a1d" relativeResultsDirectory="43b31d5e-9094-4b78-92ca-6ca54dc9202e" />
    <UnitTestResult executionId="97c54b26-5165-46f5-bde3-d248311b9681" testId="3d26d7d8-7d79-9931-2127-8e5f6d15122c" testName="Construct5_And_Field_Check" computerName="DKSR-EFI-06" duration="00:00:00.0110197" startTime="2024-01-09T15:45:19.1422926+01:00" endTime="2024-01-09T15:45:19.1535208+01:00" testType="13cdc9d9-ddb5-4fa4-a97d-d965ccfc6d4b" outcome="Passed" testListId="8c84fa94-04c1-424b-9868-57a2d4851a1d" relativeResultsDirectory="97c54b26-5165-46f5-bde3-d248311b9681" />
    <UnitTestResult executionId="02ee8eed-5126-4ff1-a09a-531c7e470977" testId="c080456c-72d0-3eb2-77e1-542abd80b216" testName="GetAtOrBefore_ShouldReturnLastElementFromToolkitResponse_WhenDataIsNotInCache" computerName="DKSR-EFI-06" duration="00:00:00.0027273" startTime="2024-01-09T15:45:46.7370125+01:00" endTime="2024-01-09T15:45:46.7399226+01:00" testType="13cdc9d9-ddb5-4fa4-a97d-d965ccfc6d4b" outcome="Passed" testListId="8c84fa94-04c1-424b-9868-57a2d4851a1d" relativeResultsDirectory="02ee8eed-5126-4ff1-a09a-531c7e470977" />
    <UnitTestResult executionId="c773c210-7bda-4061-97c7-473248d24ef8" testId="5f559e43-4e08-7018-bc21-dc71856c4701" testName="WriteXml_ShouldOmitElements_WhenTheyAreNull" computerName="DKSR-EFI-06" duration="00:00:00.0036786" startTime="2024-01-09T15:45:44.8501984+01:00" endTime="2024-01-09T15:45:44.8540343+01:00" testType="13cdc9d9-ddb5-4fa4-a97d-d965ccfc6d4b" outcome="Passed" testListId="8c84fa94-04c1-424b-9868-57a2d4851a1d" relativeResultsDirectory="c773c210-7bda-4061-97c7-473248d24ef8" />
    <UnitTestResult executionId="2f322643-8003-4a73-a00b-5d2b1d3d5d35" testId="caf15171-15c0-e44f-4ded-3471eafc2c21" testName="Properties_DefaultValues" computerName="DKSR-EFI-06" duration="00:00:00.0080027" startTime="2024-01-09T15:45:40.5817480+01:00" endTime="2024-01-09T15:45:40.5902320+01:00" testType="13cdc9d9-ddb5-4fa4-a97d-d965ccfc6d4b" outcome="Passed" testListId="8c84fa94-04c1-424b-9868-57a2d4851a1d" relativeResultsDirectory="2f322643-8003-4a73-a00b-5d2b1d3d5d35" />
    <UnitTestResult executionId="a63f310f-d975-4c48-a38c-31f5ec524ae8" testId="1f241370-4898-8010-2b1d-0961333a2be9" testName="Match_Success_SystemTypeAnyMessage_Single" computerName="DKSR-EFI-06" duration="00:00:00.0004257" startTime="2024-01-09T15:45:45.7078672+01:00" endTime="2024-01-09T15:45:45.7084461+01:00" testType="13cdc9d9-ddb5-4fa4-a97d-d965ccfc6d4b" outcome="Passed" testListId="8c84fa94-04c1-424b-9868-57a2d4851a1d" relativeResultsDirectory="a63f310f-d975-4c48-a38c-31f5ec524ae8" />
    <UnitTestResult executionId="f761c21e-d364-4673-ae68-2e9bd38475b9" testId="64b0134b-ebd0-fae9-7bd6-e6237d9640de" testName="StartAndCloseAll_StartsAllClientsStarted_WhenLoggedOutAndClosesThem" computerName="DKSR-EFI-06" duration="00:00:00.3708919" startTime="2024-01-09T15:45:45.7709402+01:00" endTime="2024-01-09T15:45:46.1422071+01:00" testType="13cdc9d9-ddb5-4fa4-a97d-d965ccfc6d4b" outcome="Passed" testListId="8c84fa94-04c1-424b-9868-57a2d4851a1d" relativeResultsDirectory="f761c21e-d364-4673-ae68-2e9bd38475b9" />
    <UnitTestResult executionId="6710c573-0f0b-40fb-98bd-dee6a0718be0" testId="480bc1d4-3034-9948-bf19-a924b6ce5c64" testName="ProvideValue_ShouldNotSetTargetProperty_WhenSelectedItemIsNotSet" computerName="DKSR-EFI-06" duration="00:00:00.0113706" startTime="2024-01-09T15:45:42.6043549+01:00" endTime="2024-01-09T15:45:42.6210532+01:00" testType="13cdc9d9-ddb5-4fa4-a97d-d965ccfc6d4b" outcome="Passed" testListId="8c84fa94-04c1-424b-9868-57a2d4851a1d" relativeResultsDirectory="6710c573-0f0b-40fb-98bd-dee6a0718be0" />
    <UnitTestResult executionId="f73d5c98-4864-4eb6-a9da-17df719ed254" testId="c2c45a93-efa1-bb0e-351a-c58499dc22c7" testName="ReadXml_ShouldReadTopAttribute_WhenPresent" computerName="DKSR-EFI-06" duration="00:00:00.0003409" startTime="2024-01-09T15:45:45.4190079+01:00" endTime="2024-01-09T15:45:45.4195305+01:00" testType="13cdc9d9-ddb5-4fa4-a97d-d965ccfc6d4b" outcome="Passed" testListId="8c84fa94-04c1-424b-9868-57a2d4851a1d" relativeResultsDirectory="f73d5c98-4864-4eb6-a9da-17df719ed254" />
    <UnitTestResult executionId="c445a7da-967f-415e-b3f5-02b616b12b01" testId="5e776647-f32b-7555-92cc-51ddf06fbbb5" testName="OnSearchResultsReady_NoEventHandler_DoesNotCrash" computerName="DKSR-EFI-06" duration="00:00:00.0042097" startTime="2024-01-09T15:45:43.3811399+01:00" endTime="2024-01-09T15:45:43.3856045+01:00" testType="13cdc9d9-ddb5-4fa4-a97d-d965ccfc6d4b" outcome="Passed" testListId="8c84fa94-04c1-424b-9868-57a2d4851a1d" relativeResultsDirectory="c445a7da-967f-415e-b3f5-02b616b12b01" />
    <UnitTestResult executionId="f2f701bc-494c-4500-9371-66416cc4f998" testId="9c47fe03-c56a-043e-ff88-e2633670fc9e" testName="ProvideValue_ShouldUseContentTemplate_WhenSelectedItemIsVideoOSDropDownItem" computerName="DKSR-EFI-06" duration="00:00:00.0043200" startTime="2024-01-09T15:45:42.4005973+01:00" endTime="2024-01-09T15:45:42.4064580+01:00" testType="13cdc9d9-ddb5-4fa4-a97d-d965ccfc6d4b" outcome="Passed" testListId="8c84fa94-04c1-424b-9868-57a2d4851a1d" relativeResultsDirectory="f2f701bc-494c-4500-9371-66416cc4f998" />
    <UnitTestResult executionId="bb4db534-91ec-4048-97a0-0919054a829b" testId="04c35346-28ec-f782-fc3a-52a05938a62a" testName="TestCancelSearch_NoSearchToCancel_Success" computerName="DKSR-EFI-06" duration="00:00:00.0010715" startTime="2024-01-09T15:45:43.6704285+01:00" endTime="2024-01-09T15:45:43.6717265+01:00" testType="13cdc9d9-ddb5-4fa4-a97d-d965ccfc6d4b" outcome="Passed" testListId="8c84fa94-04c1-424b-9868-57a2d4851a1d" relativeResultsDirectory="bb4db534-91ec-4048-97a0-0919054a829b" />
    <UnitTestResult executionId="ad90ec8b-c631-4f14-ac3e-acff55b27a1e" testId="1567771f-c566-3ead-d24b-280817524d69" testName="ResolveIconSource_EnumValueShouldBeUnique_ForAllDefinedIcons" computerName="DKSR-EFI-06" duration="00:00:00.0096414" startTime="2024-01-09T15:45:42.1264357+01:00" endTime="2024-01-09T15:45:42.1639509+01:00" testType="13cdc9d9-ddb5-4fa4-a97d-d965ccfc6d4b" outcome="Passed" testListId="8c84fa94-04c1-424b-9868-57a2d4851a1d" relativeResultsDirectory="ad90ec8b-c631-4f14-ac3e-acff55b27a1e" />
    <UnitTestResult executionId="c9f3d650-2711-44cd-b8dc-740bb8d0dba4" testId="b6cf4406-22c8-107a-cae8-fc1d204c4130" testName="SetChildren_Set_NoChildren_And_Check" computerName="DKSR-EFI-06" duration="00:00:00.0112188" startTime="2024-01-09T15:45:19.1955507+01:00" endTime="2024-01-09T15:45:19.2070062+01:00" testType="13cdc9d9-ddb5-4fa4-a97d-d965ccfc6d4b" outcome="Passed" testListId="8c84fa94-04c1-424b-9868-57a2d4851a1d" relativeResultsDirectory="c9f3d650-2711-44cd-b8dc-740bb8d0dba4" />
    <UnitTestResult executionId="214d1e56-807c-4097-8357-3e7460bc945c" testId="a0d63d6f-5ec2-61b7-886c-e03436ed1131" testName="Serialize_TestCases (TestParentCollectionNotEmptyArrayPropertyProperty)" computerName="DKSR-EFI-06" duration="00:00:00.0002977" startTime="2024-01-09T15:45:42.9634499+01:00" endTime="2024-01-09T15:45:42.9640655+01:00" testType="13cdc9d9-ddb5-4fa4-a97d-d965ccfc6d4b" outcome="Passed" testListId="8c84fa94-04c1-424b-9868-57a2d4851a1d" relativeResultsDirectory="214d1e56-807c-4097-8357-3e7460bc945c" />
    <UnitTestResult executionId="4de56378-62d9-4535-a170-5327e0a54076" testId="9fc73790-9fce-7434-a93e-864e387eae18" testName="UtcTimeAttributeWasPresent_ShouldReturnTrue_WhenUtcTimeAttributeIsParsed" computerName="DKSR-EFI-06" duration="00:00:00.0003192" startTime="2024-01-09T15:45:45.0989479+01:00" endTime="2024-01-09T15:45:45.0994664+01:00" testType="13cdc9d9-ddb5-4fa4-a97d-d965ccfc6d4b" outcome="Passed" testListId="8c84fa94-04c1-424b-9868-57a2d4851a1d" relativeResultsDirectory="4de56378-62d9-4535-a170-5327e0a54076" />
    <UnitTestResult executionId="e353e635-ffbd-40a3-81ed-6c4343f45a48" testId="468a7b03-b2a7-446e-1f1f-8f32f73da7b5" testName="Set_Int" computerName="DKSR-EFI-06" duration="00:00:00.0006485" startTime="2024-01-09T15:45:44.5225666+01:00" endTime="2024-01-09T15:45:44.5233765+01:00" testType="13cdc9d9-ddb5-4fa4-a97d-d965ccfc6d4b" outcome="Passed" testListId="8c84fa94-04c1-424b-9868-57a2d4851a1d" relativeResultsDirectory="e353e635-ffbd-40a3-81ed-6c4343f45a48" />
    <UnitTestResult executionId="741b520f-fbe9-4f1c-a087-43906d37e922" testId="ad39a2a8-a877-88dd-b965-d88ff03cb3d9" testName="CountByItems_Activated_Missing1" computerName="DKSR-EFI-06" duration="00:00:00.0021050" startTime="2024-01-09T15:45:46.3154028+01:00" endTime="2024-01-09T15:45:46.3176872+01:00" testType="13cdc9d9-ddb5-4fa4-a97d-d965ccfc6d4b" outcome="Passed" testListId="8c84fa94-04c1-424b-9868-57a2d4851a1d" relativeResultsDirectory="741b520f-fbe9-4f1c-a087-43906d37e922" />
    <UnitTestResult executionId="aacee20c-1332-43b3-a759-55cbd4cd6f9b" testId="4a3d3b31-f5bb-f6f0-8775-76cae220f01b" testName="IsEmptyValue_StringFilterValue_DefaultValue_ReturnsTrue" computerName="DKSR-EFI-06" duration="00:00:00.0015367" startTime="2024-01-09T15:45:43.4027214+01:00" endTime="2024-01-09T15:45:43.4046312+01:00" testType="13cdc9d9-ddb5-4fa4-a97d-d965ccfc6d4b" outcome="Passed" testListId="8c84fa94-04c1-424b-9868-57a2d4851a1d" relativeResultsDirectory="aacee20c-1332-43b3-a759-55cbd4cd6f9b" />
    <UnitTestResult executionId="2bb752b5-684a-41be-a48e-1e814e3c9d9f" testId="a6c85b3a-5f84-4859-aef3-09060d5afd98" testName="Contains_Success" computerName="DKSR-EFI-06" duration="00:00:00.0114264" startTime="2024-01-09T15:45:19.4040064+01:00" endTime="2024-01-09T15:45:19.4156469+01:00" testType="13cdc9d9-ddb5-4fa4-a97d-d965ccfc6d4b" outcome="Passed" testListId="8c84fa94-04c1-424b-9868-57a2d4851a1d" relativeResultsDirectory="2bb752b5-684a-41be-a48e-1e814e3c9d9f" />
    <UnitTestResult executionId="38299503-90f7-465f-a951-73df12af7063" testId="a44eceec-75ff-6298-f73e-523db73cd6d3" testName="ReadXml_ShouldBase64DecodeOriginalData_WhenOrigiginalDataIsPresent" computerName="DKSR-EFI-06" duration="00:00:00.0070287" startTime="2024-01-09T15:45:45.2495293+01:00" endTime="2024-01-09T15:45:45.2567708+01:00" testType="13cdc9d9-ddb5-4fa4-a97d-d965ccfc6d4b" outcome="Passed" testListId="8c84fa94-04c1-424b-9868-57a2d4851a1d" relativeResultsDirectory="38299503-90f7-465f-a951-73df12af7063" />
    <UnitTestResult executionId="3831f421-f2bc-4706-87e5-fcb9791bd325" testId="6efe46f6-24e8-324a-c841-828d4ce3c2fb" testName="WriteXml_ShouldWriteChildrenInCorrectOrder_WhenChildrenAreNotNull" computerName="DKSR-EFI-06" duration="00:00:00.0008152" startTime="2024-01-09T15:45:45.5449258+01:00" endTime="2024-01-09T15:45:45.5459253+01:00" testType="13cdc9d9-ddb5-4fa4-a97d-d965ccfc6d4b" outcome="Passed" testListId="8c84fa94-04c1-424b-9868-57a2d4851a1d" relativeResultsDirectory="3831f421-f2bc-4706-87e5-fcb9791bd325" />
    <UnitTestResult executionId="f764ca6d-1a0e-4f54-a13b-3c776caec3ad" testId="1d1959e4-073b-7c9d-77de-ed348a6f7141" testName="BuildOverlayWidthHeightAnalyticsObjectListRuleList_ShouldReturnCorrectSizedBitmap" computerName="DKSR-EFI-06" duration="00:00:00.0014369" startTime="2024-01-09T15:45:22.0071677+01:00" endTime="2024-01-09T15:45:22.0087874+01:00" testType="13cdc9d9-ddb5-4fa4-a97d-d965ccfc6d4b" outcome="Passed" testListId="8c84fa94-04c1-424b-9868-57a2d4851a1d" relativeResultsDirectory="f764ca6d-1a0e-4f54-a13b-3c776caec3ad" />
    <UnitTestResult executionId="ee61874a-da66-442d-a4e2-ebafaaaa1eab" testId="5b5b0b17-b74c-6ecb-201e-61f7e7362b6f" testName="GetFrame_ShouldReturnNull_WhenThereAreNoFrames" computerName="DKSR-EFI-06" duration="00:00:00.0001421" startTime="2024-01-09T15:45:45.2852299+01:00" endTime="2024-01-09T15:45:45.2854914+01:00" testType="13cdc9d9-ddb5-4fa4-a97d-d965ccfc6d4b" outcome="Passed" testListId="8c84fa94-04c1-424b-9868-57a2d4851a1d" relativeResultsDirectory="ee61874a-da66-442d-a4e2-ebafaaaa1eab" />
    <UnitTestResult executionId="a18669a8-8314-4265-af14-47dcd2605bbe" testId="8323b4f2-e9f8-2e2a-6f22-cc6a18906d5b" testName="SHA256Hex64_ShouldReturnSHAHash_WhenInputIsEmpty" computerName="DKSR-EFI-06" duration="00:00:00.0001819" startTime="2024-01-09T15:45:46.8106992+01:00" endTime="2024-01-09T15:45:46.8110449+01:00" testType="13cdc9d9-ddb5-4fa4-a97d-d965ccfc6d4b" outcome="Passed" testListId="8c84fa94-04c1-424b-9868-57a2d4851a1d" relativeResultsDirectory="a18669a8-8314-4265-af14-47dcd2605bbe" />
    <UnitTestResult executionId="db767fff-df31-4dae-b497-56bafa74b3c4" testId="f429442b-db90-b095-7991-b9ca4c955f13" testName="GetNearest_ShouldReturnClosestElement_WhenTimestampIsInSmallCache" computerName="DKSR-EFI-06" duration="00:00:00.0004194" startTime="2024-01-09T15:45:46.5268290+01:00" endTime="2024-01-09T15:45:46.5274154+01:00" testType="13cdc9d9-ddb5-4fa4-a97d-d965ccfc6d4b" outcome="Passed" testListId="8c84fa94-04c1-424b-9868-57a2d4851a1d" relativeResultsDirectory="db767fff-df31-4dae-b497-56bafa74b3c4" />
    <UnitTestResult executionId="05819c3a-e203-4c64-b697-a0a204cc5abb" testId="c1dba330-ca0d-dce5-8eda-7974894f22ca" testName="GetCompatibilityHandler_ShouldThrownMIPException_WhenServerVersionCannotBeResolved" computerName="DKSR-EFI-06" duration="00:00:00.0029940" startTime="2024-01-09T15:45:46.1760685+01:00" endTime="2024-01-09T15:45:46.1792954+01:00" testType="13cdc9d9-ddb5-4fa4-a97d-d965ccfc6d4b" outcome="Passed" testListId="8c84fa94-04c1-424b-9868-57a2d4851a1d" relativeResultsDirectory="05819c3a-e203-4c64-b697-a0a204cc5abb" />
    <UnitTestResult executionId="3d9d2aac-c130-4306-9b50-ba03aa7aae83" testId="4b43a64c-589e-4267-f17d-15d04a909013" testName="Clone_Camera_Fails_Checked" computerName="DKSR-EFI-06" duration="00:00:00.0008047" startTime="2024-01-09T15:45:18.6370242+01:00" endTime="2024-01-09T15:45:18.6379348+01:00" testType="13cdc9d9-ddb5-4fa4-a97d-d965ccfc6d4b" outcome="Passed" testListId="8c84fa94-04c1-424b-9868-57a2d4851a1d" relativeResultsDirectory="3d9d2aac-c130-4306-9b50-ba03aa7aae83" />
    <UnitTestResult executionId="abcd0f33-0fb5-4820-a6ad-4d6f6457c598" testId="cb13d9c3-56f2-276b-f315-14e9213934da" testName="GetIdFromPath_ShouldReturnId_FromShortPath" computerName="DKSR-EFI-06" duration="00:00:00.0001960" startTime="2024-01-09T15:45:46.8229952+01:00" endTime="2024-01-09T15:45:46.8233547+01:00" testType="13cdc9d9-ddb5-4fa4-a97d-d965ccfc6d4b" outcome="Passed" testListId="8c84fa94-04c1-424b-9868-57a2d4851a1d" relativeResultsDirectory="abcd0f33-0fb5-4820-a6ad-4d6f6457c598" />
    <UnitTestResult executionId="fc15cd80-65d5-44de-becb-f97301c19163" testId="1bdc0970-713b-d043-8222-8dccac91ab64" testName="CountByCounter_NotActivated_Missing" computerName="DKSR-EFI-06" duration="00:00:00.0010543" startTime="2024-01-09T15:45:46.2759501+01:00" endTime="2024-01-09T15:45:46.2772215+01:00" testType="13cdc9d9-ddb5-4fa4-a97d-d965ccfc6d4b" outcome="Passed" testListId="8c84fa94-04c1-424b-9868-57a2d4851a1d" relativeResultsDirectory="fc15cd80-65d5-44de-becb-f97301c19163" />
    <UnitTestResult executionId="7e841dfb-b1f7-4341-bca6-e4eec8c33fe1" testId="f408475e-6fb9-6a1c-14aa-10ca58ac105c" testName="Parse_Strings" computerName="DKSR-EFI-06" duration="00:00:00.0004009" startTime="2024-01-09T15:45:44.5157647+01:00" endTime="2024-01-09T15:45:44.5163265+01:00" testType="13cdc9d9-ddb5-4fa4-a97d-d965ccfc6d4b" outcome="Passed" testListId="8c84fa94-04c1-424b-9868-57a2d4851a1d" relativeResultsDirectory="7e841dfb-b1f7-4341-bca6-e4eec8c33fe1" />
    <UnitTestResult executionId="b434b453-b876-42a8-b7f4-969f84ded4e2" testId="8deb741b-167d-6a1a-855a-646fe46075da" testName="SetEvents_ShouldNotAddProxyManager_WhenFrameworkContentElementIsNotLoaded" computerName="DKSR-EFI-06" duration="00:00:00.0126948" startTime="2024-01-09T15:45:43.1720327+01:00" endTime="2024-01-09T15:45:43.1850821+01:00" testType="13cdc9d9-ddb5-4fa4-a97d-d965ccfc6d4b" outcome="Passed" testListId="8c84fa94-04c1-424b-9868-57a2d4851a1d" relativeResultsDirectory="b434b453-b876-42a8-b7f4-969f84ded4e2" />
    <UnitTestResult executionId="65723e9c-69d0-4a59-898b-4227e3924792" testId="07d6b577-3d60-1f8f-d4b8-5715e136ec3a" testName="ReadXml_ShouldDiscardBoundingBox_WhenIncompleteBoundingBoxIsPresent" computerName="DKSR-EFI-06" duration="00:00:00.0012616" startTime="2024-01-09T15:45:45.4969986+01:00" endTime="2024-01-09T15:45:45.4984498+01:00" testType="13cdc9d9-ddb5-4fa4-a97d-d965ccfc6d4b" outcome="Passed" testListId="8c84fa94-04c1-424b-9868-57a2d4851a1d" relativeResultsDirectory="65723e9c-69d0-4a59-898b-4227e3924792" />
    <UnitTestResult executionId="a55e794a-4096-4177-b078-5f3769fad2d3" testId="ba355757-a36a-54bb-5c59-d6e115aeace8" testName="Encrypt_ShouldThrowMIPException_WhenCalledOnFIPSEnabledMachine" computerName="DKSR-EFI-06" duration="00:00:00.0020954" startTime="2024-01-09T15:45:46.2390821+01:00" endTime="2024-01-09T15:45:46.2414579+01:00" testType="13cdc9d9-ddb5-4fa4-a97d-d965ccfc6d4b" outcome="Passed" testListId="8c84fa94-04c1-424b-9868-57a2d4851a1d" relativeResultsDirectory="a55e794a-4096-4177-b078-5f3769fad2d3" />
    <UnitTestResult executionId="46fa553c-c2df-428d-b2aa-f4955d03a5de" testId="f6984f1a-4523-b1ef-118a-5c1d7f7ca1aa" testName="GetIdFromPath_ShouldReturnEmptyString_WhenPathContainsEmptyId" computerName="DKSR-EFI-06" duration="00:00:00.0001969" startTime="2024-01-09T15:45:46.8254239+01:00" endTime="2024-01-09T15:45:46.8257894+01:00" testType="13cdc9d9-ddb5-4fa4-a97d-d965ccfc6d4b" outcome="Passed" testListId="8c84fa94-04c1-424b-9868-57a2d4851a1d" relativeResultsDirectory="46fa553c-c2df-428d-b2aa-f4955d03a5de" />
    <UnitTestResult executionId="89087d35-27d2-48db-851f-77d0f106799b" testId="7686eb08-d24a-c580-7754-5f201e5cc693" testName="GenerateTypeDefinintionParameters_ShouldWriteDisplayId_WhenAlways" computerName="DKSR-EFI-06" duration="00:00:00.0003442" startTime="2024-01-09T15:45:46.7939889+01:00" endTime="2024-01-09T15:45:46.7945224+01:00" testType="13cdc9d9-ddb5-4fa4-a97d-d965ccfc6d4b" outcome="Passed" testListId="8c84fa94-04c1-424b-9868-57a2d4851a1d" relativeResultsDirectory="89087d35-27d2-48db-851f-77d0f106799b" />
    <UnitTestResult executionId="37ccc01f-98c8-40fc-8048-f5032d9786d3" testId="2106ce31-ab6d-dc05-4702-f8a1d8cb40da" testName="GenerateDeviceParameters_ShouldWriteCorrectQuality_WhenQualityIsInRange" computerName="DKSR-EFI-06" duration="00:00:00.0002408" startTime="2024-01-09T15:45:46.4081651+01:00" endTime="2024-01-09T15:45:46.4085806+01:00" testType="13cdc9d9-ddb5-4fa4-a97d-d965ccfc6d4b" outcome="Passed" testListId="8c84fa94-04c1-424b-9868-57a2d4851a1d" relativeResultsDirectory="37ccc01f-98c8-40fc-8048-f5032d9786d3" />
    <UnitTestResult executionId="a2804d06-75be-48e9-a47c-cb9f1ed2f7bb" testId="f5abc6e6-30fb-64d6-b653-e8776326ca87" testName="ReadXml_ShouldIgnoreUnknownExtensionChildren_WhenUnknownExtensionChildrenArePresent" computerName="DKSR-EFI-06" duration="00:00:00.0007603" startTime="2024-01-09T15:45:45.2635780+01:00" endTime="2024-01-09T15:45:45.2645144+01:00" testType="13cdc9d9-ddb5-4fa4-a97d-d965ccfc6d4b" outcome="Passed" testListId="8c84fa94-04c1-424b-9868-57a2d4851a1d" relativeResultsDirectory="a2804d06-75be-48e9-a47c-cb9f1ed2f7bb" />
    <UnitTestResult executionId="036efbb8-a49b-4025-b2d6-dc92137370d7" testId="15aede0d-e3f2-2cb3-b9cb-5b079f95b7e7" testName="ParameterConstruct3_FieldValues_Checked" computerName="DKSR-EFI-06" duration="00:00:00.0007532" startTime="2024-01-09T15:45:18.6024499+01:00" endTime="2024-01-09T15:45:18.6034949+01:00" testType="13cdc9d9-ddb5-4fa4-a97d-d965ccfc6d4b" outcome="Passed" testListId="8c84fa94-04c1-424b-9868-57a2d4851a1d" relativeResultsDirectory="036efbb8-a49b-4025-b2d6-dc92137370d7" />
    <UnitTestResult executionId="2ed8c2db-501d-490a-b70e-a05081e87d75" testId="b543895e-b652-81f1-d5a2-ebd384954ea0" testName="Ctor_NullName_Throws" computerName="DKSR-EFI-06" duration="00:00:00.0012682" startTime="2024-01-09T15:45:44.2949180+01:00" endTime="2024-01-09T15:45:44.2967038+01:00" testType="13cdc9d9-ddb5-4fa4-a97d-d965ccfc6d4b" outcome="Passed" testListId="8c84fa94-04c1-424b-9868-57a2d4851a1d" relativeResultsDirectory="2ed8c2db-501d-490a-b70e-a05081e87d75" />
    <UnitTestResult executionId="e356ae76-d3a1-46e7-8a74-3b6c23420a37" testId="f10e91e5-2148-35b8-c1cd-83b0c57e538b" testName="Minimize_ShouldReturnThreeIntervals_WhenListContainsFiveOverLappingAndNonOverlappingIntervals" computerName="DKSR-EFI-06" duration="00:00:00.0006964" startTime="2024-01-09T15:45:32.3052202+01:00" endTime="2024-01-09T15:45:32.3060249+01:00" testType="13cdc9d9-ddb5-4fa4-a97d-d965ccfc6d4b" outcome="Passed" testListId="8c84fa94-04c1-424b-9868-57a2d4851a1d" relativeResultsDirectory="e356ae76-d3a1-46e7-8a74-3b6c23420a37" />
    <UnitTestResult executionId="94042500-245f-41eb-ab3c-28da4edbaa7d" testId="57917bfd-ab9b-4422-cadc-1c44ad6d5244" testName="ReadXml_ShouldReadRightAttribute_WhenPresent" computerName="DKSR-EFI-06" duration="00:00:00.0003174" startTime="2024-01-09T15:45:45.4214969+01:00" endTime="2024-01-09T15:45:45.4220035+01:00" testType="13cdc9d9-ddb5-4fa4-a97d-d965ccfc6d4b" outcome="Passed" testListId="8c84fa94-04c1-424b-9868-57a2d4851a1d" relativeResultsDirectory="94042500-245f-41eb-ab3c-28da4edbaa7d" />
    <UnitTestResult executionId="b6137c70-4e03-4e82-a887-c06fcd614747" testId="b00ecc30-ada6-8010-f3a3-4abf75838207" testName="AddItem_AnalyticsEvent_Success" computerName="DKSR-EFI-06" duration="00:00:00.0031979" startTime="2024-01-09T15:45:44.7475678+01:00" endTime="2024-01-09T15:45:44.7509809+01:00" testType="13cdc9d9-ddb5-4fa4-a97d-d965ccfc6d4b" outcome="Passed" testListId="8c84fa94-04c1-424b-9868-57a2d4851a1d" relativeResultsDirectory="b6137c70-4e03-4e82-a887-c06fcd614747" />
    <UnitTestResult executionId="3bc48de0-0753-448e-b41f-7eafde7b71e8" testId="d662e348-a1af-bb08-7043-ef8f0887058c" testName="SearchResultData_BeginTimeWithPaddingMinValue_ShouldReturnBeginTime" computerName="DKSR-EFI-06" duration="00:00:00.0002151" startTime="2024-01-09T15:45:43.7701138+01:00" endTime="2024-01-09T15:45:43.7705313+01:00" testType="13cdc9d9-ddb5-4fa4-a97d-d965ccfc6d4b" outcome="Passed" testListId="8c84fa94-04c1-424b-9868-57a2d4851a1d" relativeResultsDirectory="3bc48de0-0753-448e-b41f-7eafde7b71e8" />
    <UnitTestResult executionId="d4b1d7da-d9d7-40cb-89c5-8cc6207cb468" testId="8e518cf6-5cc7-9578-86bd-3ad3afaceaf7" testName="Equals_ShouldReturnFalse_WhenOnlyIdsAreDifferent" computerName="DKSR-EFI-06" duration="00:00:00.0003406" startTime="2024-01-09T15:45:20.4836294+01:00" endTime="2024-01-09T15:45:20.4841471+01:00" testType="13cdc9d9-ddb5-4fa4-a97d-d965ccfc6d4b" outcome="Passed" testListId="8c84fa94-04c1-424b-9868-57a2d4851a1d" relativeResultsDirectory="d4b1d7da-d9d7-40cb-89c5-8cc6207cb468" />
    <UnitTestResult executionId="5b9d54d6-97cc-4fd2-98f5-98f6249bf90a" testId="da9bdaf7-bb7b-c4ed-24c1-5ff24e912e57" testName="ReadXml_ShouldSetUtcTimeToMinimumDateTime_WhenUtcTimeAttributeIsPresentButNotParsable" computerName="DKSR-EFI-06" duration="00:00:00.0004259" startTime="2024-01-09T15:45:45.0832333+01:00" endTime="2024-01-09T15:45:45.0838776+01:00" testType="13cdc9d9-ddb5-4fa4-a97d-d965ccfc6d4b" outcome="Passed" testListId="8c84fa94-04c1-424b-9868-57a2d4851a1d" relativeResultsDirectory="5b9d54d6-97cc-4fd2-98f5-98f6249bf90a" />
    <UnitTestResult executionId="2b24de1a-7185-4aaf-94e7-4038d0b02c76" testId="479ac9a4-db24-66b5-ae47-500a4c5f414e" testName="UtcTimeAttributeWasPresent_ShouldReturnFalse_WhenUtcTimeAttributeIsPresentButNotParsable" computerName="DKSR-EFI-06" duration="00:00:00.0004197" startTime="2024-01-09T15:45:45.0974067+01:00" endTime="2024-01-09T15:45:45.0981576+01:00" testType="13cdc9d9-ddb5-4fa4-a97d-d965ccfc6d4b" outcome="Passed" testListId="8c84fa94-04c1-424b-9868-57a2d4851a1d" relativeResultsDirectory="2b24de1a-7185-4aaf-94e7-4038d0b02c76" />
    <UnitTestResult executionId="8d44a791-6426-4309-970f-05203856cdbc" testId="0c0836ab-4cd8-bcb2-8664-28d80763d09f" testName="OnSearchResultsReady_ShouldNotSetSearchDefinitionOnResults_WhenAlreadySet" computerName="DKSR-EFI-06" duration="00:00:00.0009960" startTime="2024-01-09T15:45:43.3962740+01:00" endTime="2024-01-09T15:45:43.3974871+01:00" testType="13cdc9d9-ddb5-4fa4-a97d-d965ccfc6d4b" outcome="Passed" testListId="8c84fa94-04c1-424b-9868-57a2d4851a1d" relativeResultsDirectory="8d44a791-6426-4309-970f-05203856cdbc" />
    <UnitTestResult executionId="8dfb41de-cd75-40df-9e63-b5c649eeb6d6" testId="5367f539-e3b0-cebf-09dd-956f309e7c6e" testName="ReadXml_ShouldIgnoreIdleChildren_WhenAlways" computerName="DKSR-EFI-06" duration="00:00:00.0002304" startTime="2024-01-09T15:45:44.8997368+01:00" endTime="2024-01-09T15:45:44.9001512+01:00" testType="13cdc9d9-ddb5-4fa4-a97d-d965ccfc6d4b" outcome="Passed" testListId="8c84fa94-04c1-424b-9868-57a2d4851a1d" relativeResultsDirectory="8dfb41de-cd75-40df-9e63-b5c649eeb6d6" />
    <UnitTestResult executionId="264c167b-1777-4704-93e8-83f096f5bd32" testId="0ef6c2b0-c03c-b1c8-fd6f-4840c4db7605" testName="GetChildItems_ShouldReturnItems_WhenAllForParentAreAdded" computerName="DKSR-EFI-06" duration="00:00:00.0004649" startTime="2024-01-09T15:45:22.1812535+01:00" endTime="2024-01-09T15:45:22.1818615+01:00" testType="13cdc9d9-ddb5-4fa4-a97d-d965ccfc6d4b" outcome="Passed" testListId="8c84fa94-04c1-424b-9868-57a2d4851a1d" relativeResultsDirectory="264c167b-1777-4704-93e8-83f096f5bd32" />
    <UnitTestResult executionId="1a30e17c-3abd-4f9b-9c4e-513b4d706924" testId="b05d6f18-6593-4fdf-8277-2d819867e350" testName="GenerateDeviceCapabilityParameters_ShouldWriteTypeDisplayName_WhenAlways" computerName="DKSR-EFI-06" duration="00:00:00.0008286" startTime="2024-01-09T15:45:46.5445833+01:00" endTime="2024-01-09T15:45:46.5455819+01:00" testType="13cdc9d9-ddb5-4fa4-a97d-d965ccfc6d4b" outcome="Passed" testListId="8c84fa94-04c1-424b-9868-57a2d4851a1d" relativeResultsDirectory="1a30e17c-3abd-4f9b-9c4e-513b4d706924" />
    <UnitTestResult executionId="0b7819d8-6ce1-4fc9-a25d-8af51db25ec0" testId="e3aed149-0356-8224-e951-0cb2d3727ba3" testName="DoubleRangeFilterValue_Deserialize_Success" computerName="DKSR-EFI-06" duration="00:00:00.0019756" startTime="2024-01-09T15:45:44.1762885+01:00" endTime="2024-01-09T15:45:44.1786576+01:00" testType="13cdc9d9-ddb5-4fa4-a97d-d965ccfc6d4b" outcome="Passed" testListId="8c84fa94-04c1-424b-9868-57a2d4851a1d" relativeResultsDirectory="0b7819d8-6ce1-4fc9-a25d-8af51db25ec0" />
    <UnitTestResult executionId="5d0c594b-ccdf-4e32-9517-540ab2174e36" testId="a68618ea-e0dc-05b4-e76f-a11a2f3f297e" testName="WriteXml_ShouldWriteTypeAndLikelihoodElements_WhenAlways" computerName="DKSR-EFI-06" duration="00:00:00.0014299" startTime="2024-01-09T15:45:44.9658872+01:00" endTime="2024-01-09T15:45:44.9675213+01:00" testType="13cdc9d9-ddb5-4fa4-a97d-d965ccfc6d4b" outcome="Passed" testListId="8c84fa94-04c1-424b-9868-57a2d4851a1d" relativeResultsDirectory="5d0c594b-ccdf-4e32-9517-540ab2174e36" />
    <UnitTestResult executionId="47d10c94-3ada-4a7f-8e90-eabd4dba493b" testId="d398ef55-2762-6fec-9ad2-1f14cb2a9d60" testName="ReadXml_ShouldSetAllPropertiesToZero_WhenElementIsEmpty" computerName="DKSR-EFI-06" duration="00:00:00.0128869" startTime="2024-01-09T15:45:45.0007402+01:00" endTime="2024-01-09T15:45:45.0141320+01:00" testType="13cdc9d9-ddb5-4fa4-a97d-d965ccfc6d4b" outcome="Passed" testListId="8c84fa94-04c1-424b-9868-57a2d4851a1d" relativeResultsDirectory="47d10c94-3ada-4a7f-8e90-eabd4dba493b" />
    <UnitTestResult executionId="6332f162-1e5e-4235-8692-adb8d215f2a6" testId="474f4123-c4f0-ed71-e9ae-2089a5b45084" testName="Convert_MultiArgumentConverter_ShouldAllowNullValue_WhenArgumentIsReferenceType" computerName="DKSR-EFI-06" duration="00:00:00.0005432" startTime="2024-01-09T15:45:41.1078797+01:00" endTime="2024-01-09T15:45:41.1086477+01:00" testType="13cdc9d9-ddb5-4fa4-a97d-d965ccfc6d4b" outcome="Passed" testListId="8c84fa94-04c1-424b-9868-57a2d4851a1d" relativeResultsDirectory="6332f162-1e5e-4235-8692-adb8d215f2a6" />
    <UnitTestResult executionId="83c75ac9-90df-4ec6-8307-e5bd2467453a" testId="465a4fec-092f-f97b-aa21-b583e1fb2d95" testName="Serialize_TestCases (Verify root Collection (not empty) property get property value)" computerName="DKSR-EFI-06" duration="00:00:00.0006863" startTime="2024-01-09T15:45:42.9555039+01:00" endTime="2024-01-09T15:45:42.9565066+01:00" testType="13cdc9d9-ddb5-4fa4-a97d-d965ccfc6d4b" outcome="Passed" testListId="8c84fa94-04c1-424b-9868-57a2d4851a1d" relativeResultsDirectory="83c75ac9-90df-4ec6-8307-e5bd2467453a" />
    <UnitTestResult executionId="fdd70848-28a5-409e-817d-2ed5c37c2c98" testId="f2325bdc-388f-3bfc-d37a-f2048ec03dc5" testName="GetEnd_ShouldReturnLastMetadataContent_WhenThereIsData" computerName="DKSR-EFI-06" duration="00:00:00.0023597" startTime="2024-01-09T15:45:46.6662486+01:00" endTime="2024-01-09T15:45:46.6687897+01:00" testType="13cdc9d9-ddb5-4fa4-a97d-d965ccfc6d4b" outcome="Passed" testListId="8c84fa94-04c1-424b-9868-57a2d4851a1d" relativeResultsDirectory="fdd70848-28a5-409e-817d-2ed5c37c2c98" />
    <UnitTestResult executionId="f5a86e22-c00c-4ae5-92e7-e4f09727e8ce" testId="b393858d-872b-e354-eb53-3b8e5bbfc7bb" testName="Parse_String_WithBlankChars" computerName="DKSR-EFI-06" duration="00:00:00.0002850" startTime="2024-01-09T15:45:44.5089311+01:00" endTime="2024-01-09T15:45:44.5094662+01:00" testType="13cdc9d9-ddb5-4fa4-a97d-d965ccfc6d4b" outcome="Passed" testListId="8c84fa94-04c1-424b-9868-57a2d4851a1d" relativeResultsDirectory="f5a86e22-c00c-4ae5-92e7-e4f09727e8ce" />
    <UnitTestResult executionId="855480cc-aaf9-48d4-b3a3-9ac4e0a7ee3b" testId="72c3e934-5f4f-f3fc-d049-02010e141373" testName="ReadXml_ShouldIgnoreUnknownAttributes_WhenAlways" computerName="DKSR-EFI-06" duration="00:00:00.0008246" startTime="2024-01-09T15:45:45.0175851+01:00" endTime="2024-01-09T15:45:45.0186310+01:00" testType="13cdc9d9-ddb5-4fa4-a97d-d965ccfc6d4b" outcome="Passed" testListId="8c84fa94-04c1-424b-9868-57a2d4851a1d" relativeResultsDirectory="855480cc-aaf9-48d4-b3a3-9ac4e0a7ee3b" />
    <UnitTestResult executionId="b3389466-43c6-4ff0-9a49-9e44d4b67f30" testId="5ce0e781-04f1-5244-6eeb-240f14509129" testName="GetEnd_ShouldReturnNull_WhenToolkitReturnsNull" computerName="DKSR-EFI-06" duration="00:00:00.0015888" startTime="2024-01-09T15:45:46.6726287+01:00" endTime="2024-01-09T15:45:46.6743937+01:00" testType="13cdc9d9-ddb5-4fa4-a97d-d965ccfc6d4b" outcome="Passed" testListId="8c84fa94-04c1-424b-9868-57a2d4851a1d" relativeResultsDirectory="b3389466-43c6-4ff0-9a49-9e44d4b67f30" />
    <UnitTestResult executionId="ac923089-48be-40db-830d-f799f822f65f" testId="be949d2a-ee6c-7b88-443c-f49c565f328f" testName="ReadXml_ShouldIgnoreOnvifClass_WhenClassIsPresenWithWrongNamespace" computerName="DKSR-EFI-06" duration="00:00:00.0002467" startTime="2024-01-09T15:45:44.8329118+01:00" endTime="2024-01-09T15:45:44.8332922+01:00" testType="13cdc9d9-ddb5-4fa4-a97d-d965ccfc6d4b" outcome="Passed" testListId="8c84fa94-04c1-424b-9868-57a2d4851a1d" relativeResultsDirectory="ac923089-48be-40db-830d-f799f822f65f" />
    <UnitTestResult executionId="e68878f2-52e4-4d0c-aab6-584e5d3b3438" testId="d1645eb5-871e-4ef4-8f57-61d470c8d63a" testName="Serialize_ShouldHandleCollectionFilter_WhenMatchingCollectionItemsTypeAndItMatchesAll" computerName="DKSR-EFI-06" duration="00:00:00.0012744" startTime="2024-01-09T15:45:43.1419675+01:00" endTime="2024-01-09T15:45:43.1434464+01:00" testType="13cdc9d9-ddb5-4fa4-a97d-d965ccfc6d4b" outcome="Passed" testListId="8c84fa94-04c1-424b-9868-57a2d4851a1d" relativeResultsDirectory="e68878f2-52e4-4d0c-aab6-584e5d3b3438" />
    <UnitTestResult executionId="a72595cf-8cb0-4604-a33d-56c09cef17e9" testId="21aacc52-5297-f44e-aad6-4de7a3bc1c17" testName="WriteXml_ShouldWriteScaleElement_WhenScaleIsNotNull" computerName="DKSR-EFI-06" duration="00:00:00.0009052" startTime="2024-01-09T15:45:45.5931209+01:00" endTime="2024-01-09T15:45:45.5954269+01:00" testType="13cdc9d9-ddb5-4fa4-a97d-d965ccfc6d4b" outcome="Passed" testListId="8c84fa94-04c1-424b-9868-57a2d4851a1d" relativeResultsDirectory="a72595cf-8cb0-4604-a33d-56c09cef17e9" />
    <UnitTestResult executionId="bcfa9bda-88ca-4764-8344-a4f563c90103" testId="3b434787-ec68-61e4-18d4-15e26b84b874" testName="BuildShapeOverlayWidthHeightAnalyticsObjectListRuleList_ShouldReturnCorrectNumberOfShapes" computerName="DKSR-EFI-06" duration="00:00:00.0020666" startTime="2024-01-09T15:45:22.0093862+01:00" endTime="2024-01-09T15:45:22.1110162+01:00" testType="13cdc9d9-ddb5-4fa4-a97d-d965ccfc6d4b" outcome="Passed" testListId="8c84fa94-04c1-424b-9868-57a2d4851a1d" relativeResultsDirectory="bcfa9bda-88ca-4764-8344-a4f563c90103" />
    <UnitTestResult executionId="2e656e30-f4ec-46ee-ba55-44bc5502bf63" testId="ea812c4e-499f-c48f-48ec-0c8b2f821c14" testName="Append_Element_Null" computerName="DKSR-EFI-06" duration="00:00:00.0063475" startTime="2024-01-09T15:45:44.3704653+01:00" endTime="2024-01-09T15:45:44.3770071+01:00" testType="13cdc9d9-ddb5-4fa4-a97d-d965ccfc6d4b" outcome="Passed" testListId="8c84fa94-04c1-424b-9868-57a2d4851a1d" relativeResultsDirectory="2e656e30-f4ec-46ee-ba55-44bc5502bf63" />
    <UnitTestResult executionId="6447a5c8-3a2d-46ec-a6c8-a85c25948040" testId="ef0bef56-bcca-a24d-f399-eed9eabea4db" testName="Equals_ShouldReturnFalse_WhenOnlyPortNumbersAreDifferent" computerName="DKSR-EFI-06" duration="00:00:00.0031096" startTime="2024-01-09T15:45:20.4795120+01:00" endTime="2024-01-09T15:45:20.4827996+01:00" testType="13cdc9d9-ddb5-4fa4-a97d-d965ccfc6d4b" outcome="Passed" testListId="8c84fa94-04c1-424b-9868-57a2d4851a1d" relativeResultsDirectory="6447a5c8-3a2d-46ec-a6c8-a85c25948040" />
    <UnitTestResult executionId="d06edfee-ba3b-405f-91bd-3492a7e9c2b8" testId="64d46e5a-18bf-c3a7-d947-63730f82a01e" testName="GenerateParameters_ShouldWriteQualityRange_WhenQualityRangeIsNotNull" computerName="DKSR-EFI-06" duration="00:00:00.0002588" startTime="2024-01-09T15:45:46.4108347+01:00" endTime="2024-01-09T15:45:46.4112777+01:00" testType="13cdc9d9-ddb5-4fa4-a97d-d965ccfc6d4b" outcome="Passed" testListId="8c84fa94-04c1-424b-9868-57a2d4851a1d" relativeResultsDirectory="d06edfee-ba3b-405f-91bd-3492a7e9c2b8" />
    <UnitTestResult executionId="263e123d-f18f-420e-8dd9-27433f868cbc" testId="d7001884-5531-566e-871c-306c552a41f9" testName="GetNearest_ShouldReturnDataFromCacheWithoutCallingToolkit_WhenDataIsPresentInCache" computerName="DKSR-EFI-06" duration="00:00:00.0036531" startTime="2024-01-09T15:45:46.7214292+01:00" endTime="2024-01-09T15:45:46.7253466+01:00" testType="13cdc9d9-ddb5-4fa4-a97d-d965ccfc6d4b" outcome="Passed" testListId="8c84fa94-04c1-424b-9868-57a2d4851a1d" relativeResultsDirectory="263e123d-f18f-420e-8dd9-27433f868cbc" />
    <UnitTestResult executionId="c2e90352-0bb8-43bd-af67-1fe590050f84" testId="582a166b-52fa-3ee8-5316-b4af9ef88ed9" testName="OnSearchResultsReady_EmptyArgument_SearchResultReadyEventNotFired" computerName="DKSR-EFI-06" duration="00:00:00.0007018" startTime="2024-01-09T15:45:43.3909235+01:00" endTime="2024-01-09T15:45:43.3919354+01:00" testType="13cdc9d9-ddb5-4fa4-a97d-d965ccfc6d4b" outcome="Passed" testListId="8c84fa94-04c1-424b-9868-57a2d4851a1d" relativeResultsDirectory="c2e90352-0bb8-43bd-af67-1fe590050f84" />
    <UnitTestResult executionId="f89ec5e8-5ace-4f3d-84e6-1aee5d61d143" testId="9ce5ec79-7982-a66c-2246-3a2379522763" testName="Serialize_TestCases (TestParentTypeMatchDecimalThisTypeNotMatched)" computerName="DKSR-EFI-06" duration="00:00:00.0003097" startTime="2024-01-09T15:45:43.0179426+01:00" endTime="2024-01-09T15:45:43.0185506+01:00" testType="13cdc9d9-ddb5-4fa4-a97d-d965ccfc6d4b" outcome="Passed" testListId="8c84fa94-04c1-424b-9868-57a2d4851a1d" relativeResultsDirectory="f89ec5e8-5ace-4f3d-84e6-1aee5d61d143" />
    <UnitTestResult executionId="cb218dc7-d7d2-404d-bad6-c39cce77e8d4" testId="2b2cdfa0-61df-f232-7682-12c2c86c587b" testName="Equals_ShouldHaveValueSemantics_WhenAlways" computerName="DKSR-EFI-06" duration="00:00:00.0003267" startTime="2024-01-09T15:45:45.6305824+01:00" endTime="2024-01-09T15:45:45.6311233+01:00" testType="13cdc9d9-ddb5-4fa4-a97d-d965ccfc6d4b" outcome="Passed" testListId="8c84fa94-04c1-424b-9868-57a2d4851a1d" relativeResultsDirectory="cb218dc7-d7d2-404d-bad6-c39cce77e8d4" />
    <UnitTestResult executionId="8586b372-493d-4953-8b9c-f8d9a3c92168" testId="cc8be762-b7fa-6acb-868c-b6f8dd397e9b" testName="LastModified_ShouldReturnValue" computerName="DKSR-EFI-06" duration="00:00:00.0078458" startTime="2024-01-09T15:45:22.1873673+01:00" endTime="2024-01-09T15:45:22.1953594+01:00" testType="13cdc9d9-ddb5-4fa4-a97d-d965ccfc6d4b" outcome="Passed" testListId="8c84fa94-04c1-424b-9868-57a2d4851a1d" relativeResultsDirectory="8586b372-493d-4953-8b9c-f8d9a3c92168" />
    <UnitTestResult executionId="2eb23fb7-41fb-4c67-bd13-9ec6a165d4cf" testId="a4399397-799d-6dfc-9b5f-ebad40d25858" testName="MatchId_Success_SingleMessage" computerName="DKSR-EFI-06" duration="00:00:00.0008717" startTime="2024-01-09T15:45:45.6594383+01:00" endTime="2024-01-09T15:45:45.6605868+01:00" testType="13cdc9d9-ddb5-4fa4-a97d-d965ccfc6d4b" outcome="Passed" testListId="8c84fa94-04c1-424b-9868-57a2d4851a1d" relativeResultsDirectory="2eb23fb7-41fb-4c67-bd13-9ec6a165d4cf" />
    <UnitTestResult executionId="fdc0a5da-a4a6-4a13-88c9-78e8a5aa176b" testId="0bd5a705-f6f8-0f3a-8c3d-f1c97380c236" testName="WriteXml_ShouldWriteTranslateElement_WhenTranslateIsNotNull" computerName="DKSR-EFI-06" duration="00:00:00.0007470" startTime="2024-01-09T15:45:45.5991564+01:00" endTime="2024-01-09T15:45:45.6000920+01:00" testType="13cdc9d9-ddb5-4fa4-a97d-d965ccfc6d4b" outcome="Passed" testListId="8c84fa94-04c1-424b-9868-57a2d4851a1d" relativeResultsDirectory="fdc0a5da-a4a6-4a13-88c9-78e8a5aa176b" />
    <UnitTestResult executionId="0922e574-bd15-4dba-8f30-2563da76cf19" testId="44388fe8-f4d9-9727-56d6-63d8a6beeb9b" testName="Set_Int_On_String" computerName="DKSR-EFI-06" duration="00:00:00.0001443" startTime="2024-01-09T15:45:44.5265175+01:00" endTime="2024-01-09T15:45:44.5268196+01:00" testType="13cdc9d9-ddb5-4fa4-a97d-d965ccfc6d4b" outcome="Passed" testListId="8c84fa94-04c1-424b-9868-57a2d4851a1d" relativeResultsDirectory="0922e574-bd15-4dba-8f30-2563da76cf19" />
    <UnitTestResult executionId="e144ffdf-8e58-4a10-be7d-6205939db028" testId="fcb2e7e1-0793-e6c2-facd-27bc28ca1cfb" testName="ReadXml_ShouldLogWarningTwiceWhenMoreThanOneMinuteBetweenWarnings_WhenShapeIsInvalid" computerName="DKSR-EFI-06" duration="00:00:00.0031786" startTime="2024-01-09T15:45:44.8420718+01:00" endTime="2024-01-09T15:45:44.8454330+01:00" testType="13cdc9d9-ddb5-4fa4-a97d-d965ccfc6d4b" outcome="Passed" testListId="8c84fa94-04c1-424b-9868-57a2d4851a1d" relativeResultsDirectory="e144ffdf-8e58-4a10-be7d-6205939db028" />
    <UnitTestResult executionId="fe88313e-9ed5-44d8-9a5e-e459a9fb99cb" testId="ad2e8dc8-017a-fd28-8587-9788ac26c9e0" testName="Remove_KeyPresent_ReturnsTrueAndGetReturnsNull" computerName="DKSR-EFI-06" duration="00:00:00.0002733" startTime="2024-01-09T15:45:32.5242682+01:00" endTime="2024-01-09T15:45:32.5246553+01:00" testType="13cdc9d9-ddb5-4fa4-a97d-d965ccfc6d4b" outcome="Passed" testListId="8c84fa94-04c1-424b-9868-57a2d4851a1d" relativeResultsDirectory="fe88313e-9ed5-44d8-9a5e-e459a9fb99cb" />
    <UnitTestResult executionId="c6e54f81-f55d-40e6-9b23-56868c585633" testId="3e139534-4575-a050-7dfe-191f8507593f" testName="CreateSearchFilterEditControl_SinglePluginMultipleSearchResultTypes_Success" computerName="DKSR-EFI-06" duration="00:00:00.0020995" startTime="2024-01-09T15:45:44.1491471+01:00" endTime="2024-01-09T15:45:44.1520720+01:00" testType="13cdc9d9-ddb5-4fa4-a97d-d965ccfc6d4b" outcome="Passed" testListId="8c84fa94-04c1-424b-9868-57a2d4851a1d" relativeResultsDirectory="c6e54f81-f55d-40e6-9b23-56868c585633" />
    <UnitTestResult executionId="e0eaaef1-6eaa-4a34-a3e4-031a197fbdba" testId="f078252f-e622-661e-c5dc-189c04c6d312" testName="Init_ShouldDisconnectImageExporter_OnSecondInit" computerName="DKSR-EFI-06" duration="00:00:00.0074956" startTime="2024-01-09T15:45:46.7799223+01:00" endTime="2024-01-09T15:45:46.7876075+01:00" testType="13cdc9d9-ddb5-4fa4-a97d-d965ccfc6d4b" outcome="Passed" testListId="8c84fa94-04c1-424b-9868-57a2d4851a1d" relativeResultsDirectory="e0eaaef1-6eaa-4a34-a3e4-031a197fbdba" />
    <UnitTestResult executionId="24c7854f-b449-4b18-960e-e05cf6184117" testId="03478619-c09b-a567-26eb-276c25d533f6" testName="ReadXml_ShouldLogWarningOnlyOnceWithinOneMinute_WhenRequiredAttributeIsMissing" computerName="DKSR-EFI-06" duration="00:00:00.0008380" startTime="2024-01-09T15:45:45.6221174+01:00" endTime="2024-01-09T15:45:45.6231316+01:00" testType="13cdc9d9-ddb5-4fa4-a97d-d965ccfc6d4b" outcome="Passed" testListId="8c84fa94-04c1-424b-9868-57a2d4851a1d" relativeResultsDirectory="24c7854f-b449-4b18-960e-e05cf6184117" />
    <UnitTestResult executionId="3a921918-57f3-40d6-b6c9-3e0c271b926a" testId="2e209cdd-d799-eebb-86ee-eb1ff73e496f" testName="ReadXml_ShouldReadXmlAndCreateEquivalentObject_WhenXmlIsWrittenByWriteXml" computerName="DKSR-EFI-06" duration="00:00:00.0009432" startTime="2024-01-09T15:45:45.2652308+01:00" endTime="2024-01-09T15:45:45.2663546+01:00" testType="13cdc9d9-ddb5-4fa4-a97d-d965ccfc6d4b" outcome="Passed" testListId="8c84fa94-04c1-424b-9868-57a2d4851a1d" relativeResultsDirectory="3a921918-57f3-40d6-b6c9-3e0c271b926a" />
    <UnitTestResult executionId="4da1969e-1627-4fd0-823e-cadd992560fd" testId="ce34eb52-9bf0-0190-75b5-426ffc55227b" testName="Clear_NonEmptyQueue_QueueCleared" computerName="DKSR-EFI-06" duration="00:00:00.0005406" startTime="2024-01-09T15:45:32.5070757+01:00" endTime="2024-01-09T15:45:32.5077366+01:00" testType="13cdc9d9-ddb5-4fa4-a97d-d965ccfc6d4b" outcome="Passed" testListId="8c84fa94-04c1-424b-9868-57a2d4851a1d" relativeResultsDirectory="4da1969e-1627-4fd0-823e-cadd992560fd" />
    <UnitTestResult executionId="28988be1-b8be-4348-8de4-351b2a727882" testId="f0783c93-05f5-3c2a-1813-26adff12a929" testName="Parse_StringArray" computerName="DKSR-EFI-06" duration="00:00:00.0007336" startTime="2024-01-09T15:45:44.5287262+01:00" endTime="2024-01-09T15:45:44.5296263+01:00" testType="13cdc9d9-ddb5-4fa4-a97d-d965ccfc6d4b" outcome="Passed" testListId="8c84fa94-04c1-424b-9868-57a2d4851a1d" relativeResultsDirectory="28988be1-b8be-4348-8de4-351b2a727882" />
    <UnitTestResult executionId="ca5c771f-78db-444b-ae39-311994369158" testId="ebbe7258-4b65-15e9-219f-9eb6e860514c" testName="Append_Property_Path" computerName="DKSR-EFI-06" duration="00:00:00.0333773" startTime="2024-01-09T15:45:44.4039108+01:00" endTime="2024-01-09T15:45:44.4377124+01:00" testType="13cdc9d9-ddb5-4fa4-a97d-d965ccfc6d4b" outcome="Passed" testListId="8c84fa94-04c1-424b-9868-57a2d4851a1d" relativeResultsDirectory="ca5c771f-78db-444b-ae39-311994369158" />
    <UnitTestResult executionId="5b2cb43a-7f78-49ab-9c76-07c890e28204" testId="060819f6-d016-be0e-b7e9-55d7faa9ba45" testName="RemoveFilterValue_NullFilter_Throws" computerName="DKSR-EFI-06" duration="00:00:00.0016736" startTime="2024-01-09T15:45:43.3168977+01:00" endTime="2024-01-09T15:45:43.3188810+01:00" testType="13cdc9d9-ddb5-4fa4-a97d-d965ccfc6d4b" outcome="Passed" testListId="8c84fa94-04c1-424b-9868-57a2d4851a1d" relativeResultsDirectory="5b2cb43a-7f78-49ab-9c76-07c890e28204" />
    <UnitTestResult executionId="6bb3a391-b4f4-488b-9273-0c3df038bebf" testId="654a7cf9-90b9-03f9-bc66-64198ac9caf1" testName="Parse_MixedArray" computerName="DKSR-EFI-06" duration="00:00:00.0003771" startTime="2024-01-09T15:45:44.5325639+01:00" endTime="2024-01-09T15:45:44.5330971+01:00" testType="13cdc9d9-ddb5-4fa4-a97d-d965ccfc6d4b" outcome="Passed" testListId="8c84fa94-04c1-424b-9868-57a2d4851a1d" relativeResultsDirectory="6bb3a391-b4f4-488b-9273-0c3df038bebf" />
    <UnitTestResult executionId="49a7e188-b078-4e2e-9da2-5447f9043733" testId="78982d6b-5a61-907d-6e51-74d4614c2331" testName="WriteMetadataXmlWithStream_ShouldWriteDocumentHeading_WhenDataIsPresent" computerName="DKSR-EFI-06" duration="00:00:00.0004209" startTime="2024-01-09T15:45:45.2356074+01:00" endTime="2024-01-09T15:45:45.2362171+01:00" testType="13cdc9d9-ddb5-4fa4-a97d-d965ccfc6d4b" outcome="Passed" testListId="8c84fa94-04c1-424b-9868-57a2d4851a1d" relativeResultsDirectory="49a7e188-b078-4e2e-9da2-5447f9043733" />
    <UnitTestResult executionId="406cec14-c22c-43c6-992c-791b8d48b403" testId="341aa1b2-3b64-c4e7-896b-2d80cfc15011" testName="ProvideValue_ShouldChangeContent_WhenItemDataPropertyNameChangesFromOneValueToAnother" computerName="DKSR-EFI-06" duration="00:00:00.0089892" startTime="2024-01-09T15:45:41.8681646+01:00" endTime="2024-01-09T15:45:41.9014739+01:00" testType="13cdc9d9-ddb5-4fa4-a97d-d965ccfc6d4b" outcome="Passed" testListId="8c84fa94-04c1-424b-9868-57a2d4851a1d" relativeResultsDirectory="406cec14-c22c-43c6-992c-791b8d48b403" />
    <UnitTestResult executionId="bbb2f60b-ed21-4bb7-b991-337ba7f7dd62" testId="6fccae5a-7804-fab5-2f9c-d8ea289560be" testName="ReadXml_ShouldIgnoreType_WhenTypeIsPresenWithWrongNamespace" computerName="DKSR-EFI-06" duration="00:00:00.0002847" startTime="2024-01-09T15:45:44.9501850+01:00" endTime="2024-01-09T15:45:44.9505934+01:00" testType="13cdc9d9-ddb5-4fa4-a97d-d965ccfc6d4b" outcome="Passed" testListId="8c84fa94-04c1-424b-9868-57a2d4851a1d" relativeResultsDirectory="bbb2f60b-ed21-4bb7-b991-337ba7f7dd62" />
    <UnitTestResult executionId="38f35c96-3a56-4122-a3c7-cf67b112918a" testId="a30a662f-2ee5-0db0-93be-e23b78960c82" testName="TestSearchFilterCategories_WithOneAgentIsNull_Success" computerName="DKSR-EFI-06" duration="00:00:00.0010737" startTime="2024-01-09T15:45:43.5337169+01:00" endTime="2024-01-09T15:45:43.5350074+01:00" testType="13cdc9d9-ddb5-4fa4-a97d-d965ccfc6d4b" outcome="Passed" testListId="8c84fa94-04c1-424b-9868-57a2d4851a1d" relativeResultsDirectory="38f35c96-3a56-4122-a3c7-cf67b112918a" />
    <UnitTestResult executionId="bc609b9d-81ca-4307-b3f1-90cea7060420" testId="66e61549-2664-849a-b0d5-68906d176e33" testName="Construct_Server_ServerIdOnly_checked" computerName="DKSR-EFI-06" duration="00:00:00.0147409" startTime="2024-01-09T15:45:18.5102067+01:00" endTime="2024-01-09T15:45:18.5251985+01:00" testType="13cdc9d9-ddb5-4fa4-a97d-d965ccfc6d4b" outcome="Passed" testListId="8c84fa94-04c1-424b-9868-57a2d4851a1d" relativeResultsDirectory="bc609b9d-81ca-4307-b3f1-90cea7060420" />
    <UnitTestResult executionId="f51725b6-a651-48b9-af21-a6372b4815ff" testId="708c93d9-3b87-f482-2b59-76adaefd6f67" testName="GetPrevious_ShouldReturnNull_WhenThereIsNoPrevoiusEntryAfterCallToFindCacheEntryBefore" computerName="DKSR-EFI-06" duration="00:00:00.0003459" startTime="2024-01-09T15:45:46.5034097+01:00" endTime="2024-01-09T15:45:46.5039268+01:00" testType="13cdc9d9-ddb5-4fa4-a97d-d965ccfc6d4b" outcome="Passed" testListId="8c84fa94-04c1-424b-9868-57a2d4851a1d" relativeResultsDirectory="f51725b6-a651-48b9-af21-a6372b4815ff" />
    <UnitTestResult executionId="ac084be1-0862-418f-b3b3-2dd2a4952013" testId="57bee112-0556-7c83-93f2-7bbc9c5cba59" testName="IsValid_ShouldReturnFalse_WhenTypeIsNull" computerName="DKSR-EFI-06" duration="00:00:00.0046524" startTime="2024-01-09T15:45:44.9169987+01:00" endTime="2024-01-09T15:45:44.9221393+01:00" testType="13cdc9d9-ddb5-4fa4-a97d-d965ccfc6d4b" outcome="Passed" testListId="8c84fa94-04c1-424b-9868-57a2d4851a1d" relativeResultsDirectory="ac084be1-0862-418f-b3b3-2dd2a4952013" />
    <UnitTestResult executionId="d2c2133f-b4bc-489f-8fc7-bf2b3ce8e187" testId="b9c508f0-a796-6104-1910-9ed8e83d2d6a" testName="ReadXml_ShouldIgnoreFrame_WhenFrameIsPresenWithWrongNamespace" computerName="DKSR-EFI-06" duration="00:00:00.0002975" startTime="2024-01-09T15:45:45.6422164+01:00" endTime="2024-01-09T15:45:45.6427452+01:00" testType="13cdc9d9-ddb5-4fa4-a97d-d965ccfc6d4b" outcome="Passed" testListId="8c84fa94-04c1-424b-9868-57a2d4851a1d" relativeResultsDirectory="d2c2133f-b4bc-489f-8fc7-bf2b3ce8e187" />
    <UnitTestResult executionId="c270e73b-55bd-46fe-8b55-11e2727445b9" testId="5be5e628-43fb-71a1-e880-34735fe5e2ed" testName="ReadXml_ShouldReadBehaviour_WhenBehaviourIsPresent" computerName="DKSR-EFI-06" duration="00:00:00.0002661" startTime="2024-01-09T15:45:45.3877575+01:00" endTime="2024-01-09T15:45:45.3882063+01:00" testType="13cdc9d9-ddb5-4fa4-a97d-d965ccfc6d4b" outcome="Passed" testListId="8c84fa94-04c1-424b-9868-57a2d4851a1d" relativeResultsDirectory="c270e73b-55bd-46fe-8b55-11e2727445b9" />
    <UnitTestResult executionId="3e69ecdc-e906-4717-85c0-88f3f6224b57" testId="115cf00c-004b-6d3a-9de0-103eb4fece2f" testName="OverlapsWith_ShouldReturnTrue_WhenArgumenEndTimeIsBeforeEndTimeAndAfterStartTime" computerName="DKSR-EFI-06" duration="00:00:00.0002564" startTime="2024-01-09T15:45:32.2525769+01:00" endTime="2024-01-09T15:45:32.2529555+01:00" testType="13cdc9d9-ddb5-4fa4-a97d-d965ccfc6d4b" outcome="Passed" testListId="8c84fa94-04c1-424b-9868-57a2d4851a1d" relativeResultsDirectory="3e69ecdc-e906-4717-85c0-88f3f6224b57" />
    <UnitTestResult executionId="671290a3-f503-48ae-8cb8-30c9114f8c42" testId="4686721b-2da0-2073-d103-e6130d171947" testName="Convert_SingleArgumentConverter_ShouldNotAllowNullValue_WhenArgumentIsValueType" computerName="DKSR-EFI-06" duration="00:00:00.0028072" startTime="2024-01-09T15:45:41.0965006+01:00" endTime="2024-01-09T15:45:41.0995296+01:00" testType="13cdc9d9-ddb5-4fa4-a97d-d965ccfc6d4b" outcome="Passed" testListId="8c84fa94-04c1-424b-9868-57a2d4851a1d" relativeResultsDirectory="671290a3-f503-48ae-8cb8-30c9114f8c42" />
    <UnitTestResult executionId="33929743-9b39-46ce-ba2b-e8ac693c468a" testId="6a6ed04d-7bec-096f-c4cc-c8e9813f02b3" testName="Initialize_Default_Values" computerName="DKSR-EFI-06" duration="00:00:00.0031547" startTime="2024-01-09T15:45:40.6405667+01:00" endTime="2024-01-09T15:45:40.6441153+01:00" testType="13cdc9d9-ddb5-4fa4-a97d-d965ccfc6d4b" outcome="Passed" testListId="8c84fa94-04c1-424b-9868-57a2d4851a1d" relativeResultsDirectory="33929743-9b39-46ce-ba2b-e8ac693c468a" />
    <UnitTestResult executionId="94784679-f874-49a1-81f4-99f8fd15845b" testId="16f93673-833f-5604-541b-fd1cb5d08ba8" testName="Match_Success_SystemType" computerName="DKSR-EFI-06" duration="00:00:00.0321093" startTime="2024-01-09T15:45:45.6688127+01:00" endTime="2024-01-09T15:45:45.7011159+01:00" testType="13cdc9d9-ddb5-4fa4-a97d-d965ccfc6d4b" outcome="Passed" testListId="8c84fa94-04c1-424b-9868-57a2d4851a1d" relativeResultsDirectory="94784679-f874-49a1-81f4-99f8fd15845b" />
    <UnitTestResult executionId="ae9126c5-01a1-4c71-a6e1-f15912129fc8" testId="1ac2e93a-b365-1e96-2efb-b968ca2d75c7" testName="TestRestartSearch_DefinitionNotRespectingCancellation_Success" computerName="DKSR-EFI-06" duration="00:00:00.0055929" startTime="2024-01-09T15:45:43.6849470+01:00" endTime="2024-01-09T15:45:43.6907847+01:00" testType="13cdc9d9-ddb5-4fa4-a97d-d965ccfc6d4b" outcome="Passed" testListId="8c84fa94-04c1-424b-9868-57a2d4851a1d" relativeResultsDirectory="ae9126c5-01a1-4c71-a6e1-f15912129fc8" />
    <UnitTestResult executionId="0122f31b-9f9d-4538-94f9-59325779205e" testId="b8b5d1da-4dc1-76f1-a2bd-31503c4d0668" testName="EqualGuids_Fail_OnServerIdId" computerName="DKSR-EFI-06" duration="00:00:00.0003752" startTime="2024-01-09T15:45:18.6692005+01:00" endTime="2024-01-09T15:45:18.6696689+01:00" testType="13cdc9d9-ddb5-4fa4-a97d-d965ccfc6d4b" outcome="Passed" testListId="8c84fa94-04c1-424b-9868-57a2d4851a1d" relativeResultsDirectory="0122f31b-9f9d-4538-94f9-59325779205e" />
    <UnitTestResult executionId="17e484c4-a0cb-43ca-bff7-d66fe2ceafc4" testId="ee0b5b54-d791-b6a4-b0fb-2c250f632e6e" testName="GetNext_ShouldReturnEntryAfterFirstReturnedEntry_WhenFindCacheEntryBeforeWasCalledAndThereIsANextEntry" computerName="DKSR-EFI-06" duration="00:00:00.0003403" startTime="2024-01-09T15:45:46.5118679+01:00" endTime="2024-01-09T15:45:46.5123769+01:00" testType="13cdc9d9-ddb5-4fa4-a97d-d965ccfc6d4b" outcome="Passed" testListId="8c84fa94-04c1-424b-9868-57a2d4851a1d" relativeResultsDirectory="17e484c4-a0cb-43ca-bff7-d66fe2ceafc4" />
    <UnitTestResult executionId="f21e6404-03f1-4f09-887f-98261f02ac74" testId="c3df773c-1590-2c82-5cd8-cf0a4f3a6afc" testName="GetLicensePlateFilterValue_FilterValueMissing_ReturnsEmptyCollection" computerName="DKSR-EFI-06" duration="00:00:00.0010507" startTime="2024-01-09T15:45:44.3253179+01:00" endTime="2024-01-09T15:45:44.3265627+01:00" testType="13cdc9d9-ddb5-4fa4-a97d-d965ccfc6d4b" outcome="Passed" testListId="8c84fa94-04c1-424b-9868-57a2d4851a1d" relativeResultsDirectory="f21e6404-03f1-4f09-887f-98261f02ac74" />
    <UnitTestResult executionId="57501bf9-2507-4333-9f1e-418709083a17" testId="0604c1ff-5540-6793-d2f8-19a426df7742" testName="GetChildItems_ShouldReturnItems_WhenAllAreAdded" computerName="DKSR-EFI-06" duration="00:00:00.0014456" startTime="2024-01-09T15:45:22.1790522+01:00" endTime="2024-01-09T15:45:22.1806656+01:00" testType="13cdc9d9-ddb5-4fa4-a97d-d965ccfc6d4b" outcome="Passed" testListId="8c84fa94-04c1-424b-9868-57a2d4851a1d" relativeResultsDirectory="57501bf9-2507-4333-9f1e-418709083a17" />
    <UnitTestResult executionId="02e2a902-b247-4698-b8a6-06eed87c9c20" testId="bc12b5e8-0d7d-7dd1-0756-b375b65700f8" testName="CountByItems_NotActivated_Expired_Missing" computerName="DKSR-EFI-06" duration="00:00:00.0010319" startTime="2024-01-09T15:45:46.3116558+01:00" endTime="2024-01-09T15:45:46.3128654+01:00" testType="13cdc9d9-ddb5-4fa4-a97d-d965ccfc6d4b" outcome="Passed" testListId="8c84fa94-04c1-424b-9868-57a2d4851a1d" relativeResultsDirectory="02e2a902-b247-4698-b8a6-06eed87c9c20" />
    <UnitTestResult executionId="c2ec5d24-0e92-40c6-833e-3caa9b3ec0b7" testId="beb002c5-eb95-8910-8bc5-4aa180fe028d" testName="IsValid_ShouldReturnFalse_WhenLikelihoodIsZero" computerName="DKSR-EFI-06" duration="00:00:00.0008011" startTime="2024-01-09T15:45:44.9254233+01:00" endTime="2024-01-09T15:45:44.9264122+01:00" testType="13cdc9d9-ddb5-4fa4-a97d-d965ccfc6d4b" outcome="Passed" testListId="8c84fa94-04c1-424b-9868-57a2d4851a1d" relativeResultsDirectory="c2ec5d24-0e92-40c6-833e-3caa9b3ec0b7" />
    <UnitTestResult executionId="ec1fe8e7-f45c-4479-9072-09bf9b190540" testId="16f60887-7ce9-1170-b4ee-a149304874ee" testName="UnloadedEvent_ShouldRemoveProxyManager_WhenRaisedOnFrameworkElement" computerName="DKSR-EFI-06" duration="00:00:00.0053723" startTime="2024-01-09T15:45:43.2217001+01:00" endTime="2024-01-09T15:45:43.2332515+01:00" testType="13cdc9d9-ddb5-4fa4-a97d-d965ccfc6d4b" outcome="Passed" testListId="8c84fa94-04c1-424b-9868-57a2d4851a1d" relativeResultsDirectory="ec1fe8e7-f45c-4479-9072-09bf9b190540" />
    <UnitTestResult executionId="efd4b79e-9880-4b72-8a91-c5d300671534" testId="ad10243a-5005-2c62-ef03-970547f7bc68" testName="GenerateTypeDefinintionParameters_ShouldWriteId_WhenAlways" computerName="DKSR-EFI-06" duration="00:00:00.0003509" startTime="2024-01-09T15:45:46.7902135+01:00" endTime="2024-01-09T15:45:46.7907448+01:00" testType="13cdc9d9-ddb5-4fa4-a97d-d965ccfc6d4b" outcome="Passed" testListId="8c84fa94-04c1-424b-9868-57a2d4851a1d" relativeResultsDirectory="efd4b79e-9880-4b72-8a91-c5d300671534" />
    <UnitTestResult executionId="5cceb982-d29d-4db0-b33f-51427cd89b07" testId="6683524a-bfa3-259f-b1e9-51fd36596515" testName="GetBegin_ShouldThrowImplementationMipException_WhenSessionIsNotStarted" computerName="DKSR-EFI-06" duration="00:00:00.0013665" startTime="2024-01-09T15:45:46.6404756+01:00" endTime="2024-01-09T15:45:46.6420289+01:00" testType="13cdc9d9-ddb5-4fa4-a97d-d965ccfc6d4b" outcome="Passed" testListId="8c84fa94-04c1-424b-9868-57a2d4851a1d" relativeResultsDirectory="5cceb982-d29d-4db0-b33f-51427cd89b07" />
    <UnitTestResult executionId="137cf558-24c5-4bce-981a-40f955b8aab8" testId="cbd53ab9-3037-bcc9-1b3c-c2cf3018f4d2" testName="GetItems_ShouldReturnNull_WhenUnknownKind" computerName="DKSR-EFI-06" duration="00:00:00.0003925" startTime="2024-01-09T15:45:22.1725042+01:00" endTime="2024-01-09T15:45:22.1730538+01:00" testType="13cdc9d9-ddb5-4fa4-a97d-d965ccfc6d4b" outcome="Passed" testListId="8c84fa94-04c1-424b-9868-57a2d4851a1d" relativeResultsDirectory="137cf558-24c5-4bce-981a-40f955b8aab8" />
    <UnitTestResult executionId="b3c11775-0779-466c-b436-9e9573e1a03a" testId="049489f2-1a42-cae5-971b-5636d7488caa" testName="ReadAppearanceExtensionXml_ShouldNotSetBoundingBoxLineThickness_WhenBoundingBoxLineThicknessIsNotPresent" computerName="DKSR-EFI-06" duration="00:00:00.0002993" startTime="2024-01-09T15:45:45.4421637+01:00" endTime="2024-01-09T15:45:45.4426548+01:00" testType="13cdc9d9-ddb5-4fa4-a97d-d965ccfc6d4b" outcome="Passed" testListId="8c84fa94-04c1-424b-9868-57a2d4851a1d" relativeResultsDirectory="b3c11775-0779-466c-b436-9e9573e1a03a" />
    <UnitTestResult executionId="7d518960-36ed-43c0-9158-09a96b3159e3" testId="6b9c0e82-f9ec-9ff8-f609-e65978a74cf5" testName="ReadXml_ShouldIgnoreBehaviour_WhenBehaviourIsPresenWithWrongNamespace" computerName="DKSR-EFI-06" duration="00:00:00.0002272" startTime="2024-01-09T15:45:45.3915765+01:00" endTime="2024-01-09T15:45:45.3919767+01:00" testType="13cdc9d9-ddb5-4fa4-a97d-d965ccfc6d4b" outcome="Passed" testListId="8c84fa94-04c1-424b-9868-57a2d4851a1d" relativeResultsDirectory="7d518960-36ed-43c0-9158-09a96b3159e3" />
    <UnitTestResult executionId="141ca030-b20f-4284-b037-6199034b84bb" testId="3d1a6672-4657-c0b5-09b7-40d121d78ad6" testName="TestSearchFilterCategories_WithOneAgentThrowingException_Success" computerName="DKSR-EFI-06" duration="00:00:00.0139341" startTime="2024-01-09T15:45:43.5158429+01:00" endTime="2024-01-09T15:45:43.5300479+01:00" testType="13cdc9d9-ddb5-4fa4-a97d-d965ccfc6d4b" outcome="Passed" testListId="8c84fa94-04c1-424b-9868-57a2d4851a1d" relativeResultsDirectory="141ca030-b20f-4284-b037-6199034b84bb" />
    <UnitTestResult executionId="cea69aff-dd6d-4323-a64d-2f018469c32d" testId="fe6933ba-92e5-ddd8-81b2-ddec0ef429cb" testName="Serialize_TestCases (TestParentTypeMatchGenericThisTypeMatched)" computerName="DKSR-EFI-06" duration="00:00:00.0024212" startTime="2024-01-09T15:45:43.0912507+01:00" endTime="2024-01-09T15:45:43.0939702+01:00" testType="13cdc9d9-ddb5-4fa4-a97d-d965ccfc6d4b" outcome="Passed" testListId="8c84fa94-04c1-424b-9868-57a2d4851a1d" relativeResultsDirectory="cea69aff-dd6d-4323-a64d-2f018469c32d" />
    <UnitTestResult executionId="695b6522-152f-4251-bdc0-b68cdc272d2e" testId="1c326e5c-4c62-8c00-ee40-aad1ae557760" testName="WriteXml_ShouldWriteTypeAndLikelihoodElementContents_WhenTheyAreSet" computerName="DKSR-EFI-06" duration="00:00:00.0003513" startTime="2024-01-09T15:45:44.9682942+01:00" endTime="2024-01-09T15:45:44.9688450+01:00" testType="13cdc9d9-ddb5-4fa4-a97d-d965ccfc6d4b" outcome="Passed" testListId="8c84fa94-04c1-424b-9868-57a2d4851a1d" relativeResultsDirectory="695b6522-152f-4251-bdc0-b68cdc272d2e" />
    <UnitTestResult executionId="a25cdbd5-6319-4e61-ac07-9e0b297a1cdb" testId="ee569e33-e92a-4e12-13b7-cfb199db4a03" testName="SetEvents_ShouldAddProxyManager_WhenFrameworkContentElementIsLoaded" computerName="DKSR-EFI-06" duration="00:00:00.0010472" startTime="2024-01-09T15:45:43.1994977+01:00" endTime="2024-01-09T15:45:43.2022348+01:00" testType="13cdc9d9-ddb5-4fa4-a97d-d965ccfc6d4b" outcome="Passed" testListId="8c84fa94-04c1-424b-9868-57a2d4851a1d" relativeResultsDirectory="a25cdbd5-6319-4e61-ac07-9e0b297a1cdb" />
    <UnitTestResult executionId="ce2e430e-b0ec-4fd4-8d51-1cb74e27ce53" testId="63370cbe-9101-bc97-61d6-4291bf11faab" testName="Serialize_ShouldThrowException_WhenPropertyIsSimpleTypeButPathContainsChildren (StringNotNullProperty)" computerName="DKSR-EFI-06" duration="00:00:00.0185757" startTime="2024-01-09T15:45:42.8545550+01:00" endTime="2024-01-09T15:45:42.8796321+01:00" testType="13cdc9d9-ddb5-4fa4-a97d-d965ccfc6d4b" outcome="Passed" testListId="8c84fa94-04c1-424b-9868-57a2d4851a1d" relativeResultsDirectory="ce2e430e-b0ec-4fd4-8d51-1cb74e27ce53" />
    <UnitTestResult executionId="3e3b0551-0f48-4570-8872-b1a22bb5a09a" testId="01189ec3-4c33-3643-ad1a-50e739d11dfb" testName="TestStartSearch_MultipleSearchesOnSameDefinition_Success" computerName="DKSR-EFI-06" duration="00:00:00.0122534" startTime="2024-01-09T15:45:43.6330133+01:00" endTime="2024-01-09T15:45:43.6455186+01:00" testType="13cdc9d9-ddb5-4fa4-a97d-d965ccfc6d4b" outcome="Passed" testListId="8c84fa94-04c1-424b-9868-57a2d4851a1d" relativeResultsDirectory="3e3b0551-0f48-4570-8872-b1a22bb5a09a" />
    <UnitTestResult executionId="47dd284d-f62d-4120-b20d-a4908e78b77a" testId="a6df64d2-0698-ce92-fd77-5adbbae94068" testName="OnSearchResultsReady_NullArgument_SearchResultReadyEventNotFired" computerName="DKSR-EFI-06" duration="00:00:00.0007909" startTime="2024-01-09T15:45:43.3865117+01:00" endTime="2024-01-09T15:45:43.3875500+01:00" testType="13cdc9d9-ddb5-4fa4-a97d-d965ccfc6d4b" outcome="Passed" testListId="8c84fa94-04c1-424b-9868-57a2d4851a1d" relativeResultsDirectory="47dd284d-f62d-4120-b20d-a4908e78b77a" />
    <UnitTestResult executionId="88c2f74c-094d-4dd6-bdfc-0b514819324c" testId="ab8bb7fc-41b6-aa97-b7c5-389099b08870" testName="ReadXml_ShouldLogWarningOnlyOnceWithinOneMinute_WhenRequiredAttributeIsMissing" computerName="DKSR-EFI-06" duration="00:00:00.0016370" startTime="2024-01-09T15:45:45.4700356+01:00" endTime="2024-01-09T15:45:45.4718541+01:00" testType="13cdc9d9-ddb5-4fa4-a97d-d965ccfc6d4b" outcome="Passed" testListId="8c84fa94-04c1-424b-9868-57a2d4851a1d" relativeResultsDirectory="88c2f74c-094d-4dd6-bdfc-0b514819324c" />
    <UnitTestResult executionId="9c1bf487-64a0-4fef-b83d-01b603bb6e21" testId="6c0d7995-8533-0e6b-e22a-6af26babe546" testName="Equals_IgnoreFolderType_Check" computerName="DKSR-EFI-06" duration="00:00:00.0008118" startTime="2024-01-09T15:45:18.6482154+01:00" endTime="2024-01-09T15:45:18.6491259+01:00" testType="13cdc9d9-ddb5-4fa4-a97d-d965ccfc6d4b" outcome="Passed" testListId="8c84fa94-04c1-424b-9868-57a2d4851a1d" relativeResultsDirectory="9c1bf487-64a0-4fef-b83d-01b603bb6e21" />
    <UnitTestResult executionId="78ad7ba1-8f46-4a6f-8e96-2ad838090ba9" testId="619f6d51-fe63-6aad-4d71-b62b6294bc5d" testName="ProvideValue_ShouldUseItemDataValue_WhenItemIsVideoOSDropDownItem" computerName="DKSR-EFI-06" duration="00:00:00.0084866" startTime="2024-01-09T15:45:42.5313711+01:00" endTime="2024-01-09T15:45:42.5494809+01:00" testType="13cdc9d9-ddb5-4fa4-a97d-d965ccfc6d4b" outcome="Passed" testListId="8c84fa94-04c1-424b-9868-57a2d4851a1d" relativeResultsDirectory="78ad7ba1-8f46-4a6f-8e96-2ad838090ba9" />
    <UnitTestResult executionId="560dbea1-c203-4a0a-a84f-585e733e5409" testId="6892fbdf-0dab-889b-326a-7904d2b9e728" testName="CreateSearchFilterEditControl_MultiplePluginsSameResultType_LastPluginWins" computerName="DKSR-EFI-06" duration="00:00:00.0025333" startTime="2024-01-09T15:45:44.1373975+01:00" endTime="2024-01-09T15:45:44.1408788+01:00" testType="13cdc9d9-ddb5-4fa4-a97d-d965ccfc6d4b" outcome="Passed" testListId="8c84fa94-04c1-424b-9868-57a2d4851a1d" relativeResultsDirectory="560dbea1-c203-4a0a-a84f-585e733e5409" />
    <UnitTestResult executionId="612d73cc-f74b-4d90-8eee-5047c43b92dc" testId="778619f0-485d-357c-9339-4267244fb799" testName="Get_NoElements_ReturnsNull" computerName="DKSR-EFI-06" duration="00:00:00.0002745" startTime="2024-01-09T15:45:32.5125054+01:00" endTime="2024-01-09T15:45:32.5129471+01:00" testType="13cdc9d9-ddb5-4fa4-a97d-d965ccfc6d4b" outcome="Passed" testListId="8c84fa94-04c1-424b-9868-57a2d4851a1d" relativeResultsDirectory="612d73cc-f74b-4d90-8eee-5047c43b92dc" />
    <UnitTestResult executionId="e8a563fe-888e-4c85-b21d-f58573561f22" testId="fa0ba56c-3e83-3f1e-d41c-70bf0d206613" testName="RemoveItem_AnalyticsEvent_Fail_Blank" computerName="DKSR-EFI-06" duration="00:00:00.0008877" startTime="2024-01-09T15:45:44.7456977+01:00" endTime="2024-01-09T15:45:44.7468012+01:00" testType="13cdc9d9-ddb5-4fa4-a97d-d965ccfc6d4b" outcome="Passed" testListId="8c84fa94-04c1-424b-9868-57a2d4851a1d" relativeResultsDirectory="e8a563fe-888e-4c85-b21d-f58573561f22" />
    <UnitTestResult executionId="0637f727-66c7-48f7-87dc-1352d4624d21" testId="8c4ac38a-c3bf-bb60-df07-e7bd10fd1112" testName="ConstructWithString_Camera_FieldValues_checked" computerName="DKSR-EFI-06" duration="00:00:00.0657990" startTime="2024-01-09T15:45:18.5277395+01:00" endTime="2024-01-09T15:45:18.5937096+01:00" testType="13cdc9d9-ddb5-4fa4-a97d-d965ccfc6d4b" outcome="Passed" testListId="8c84fa94-04c1-424b-9868-57a2d4851a1d" relativeResultsDirectory="0637f727-66c7-48f7-87dc-1352d4624d21" />
    <UnitTestResult executionId="086f9d41-9dc7-4ea8-b29c-c6689c38db3e" testId="af1b57b7-d4d3-cc7c-77e2-0a953337a6f4" testName="OriginalData_ShouldReturnEmptyList_WhenOriginalHasNotBeenSet" computerName="DKSR-EFI-06" duration="00:00:00.0002065" startTime="2024-01-09T15:45:45.2795409+01:00" endTime="2024-01-09T15:45:45.2799230+01:00" testType="13cdc9d9-ddb5-4fa4-a97d-d965ccfc6d4b" outcome="Passed" testListId="8c84fa94-04c1-424b-9868-57a2d4851a1d" relativeResultsDirectory="086f9d41-9dc7-4ea8-b29c-c6689c38db3e" />
    <UnitTestResult executionId="1659a280-d9cb-47e3-ac6d-2073a63faf9a" testId="48aed434-d191-a79c-5c15-17d6032c9edd" testName="Remove_String_Invalid" computerName="DKSR-EFI-06" duration="00:00:00.0004422" startTime="2024-01-09T15:45:44.5185532+01:00" endTime="2024-01-09T15:45:44.5192014+01:00" testType="13cdc9d9-ddb5-4fa4-a97d-d965ccfc6d4b" outcome="Passed" testListId="8c84fa94-04c1-424b-9868-57a2d4851a1d" relativeResultsDirectory="1659a280-d9cb-47e3-ac6d-2073a63faf9a" />
    <UnitTestResult executionId="55210990-31a7-409b-ada5-0f388391a315" testId="33ade990-1ccf-b0cf-8ab5-e10e49ad4630" testName="GenerateDeviceCapabilityParameters_ShouldCallGenerateEnumParametersWithCorrectPrefix_WhenThereAreEnumValues" computerName="DKSR-EFI-06" duration="00:00:00.0015854" startTime="2024-01-09T15:45:46.4325665+01:00" endTime="2024-01-09T15:45:46.4342788+01:00" testType="13cdc9d9-ddb5-4fa4-a97d-d965ccfc6d4b" outcome="Passed" testListId="8c84fa94-04c1-424b-9868-57a2d4851a1d" relativeResultsDirectory="55210990-31a7-409b-ada5-0f388391a315" />
    <UnitTestResult executionId="d11a27d4-c53f-448a-a27b-f9b024ccf203" testId="b5bea1ce-3302-3d5c-c970-5439c8ce2d20" testName="Minimize_ShouldReturnOneInterval_WhenListContainsTwoOverlappingIntervalsAndOneIncludesTheOtherReversed" computerName="DKSR-EFI-06" duration="00:00:00.0005556" startTime="2024-01-09T15:45:32.2925588+01:00" endTime="2024-01-09T15:45:32.2932250+01:00" testType="13cdc9d9-ddb5-4fa4-a97d-d965ccfc6d4b" outcome="Passed" testListId="8c84fa94-04c1-424b-9868-57a2d4851a1d" relativeResultsDirectory="d11a27d4-c53f-448a-a27b-f9b024ccf203" />
    <UnitTestResult executionId="a04d1a5d-f010-4cd4-9abb-4ff277c155cf" testId="0b0cafcd-36ec-b9e7-a6b1-cc34c82fd875" testName="ReadXml_ShouldReadVideoAnalysticsChild_WhenOneChildIsPresent" computerName="DKSR-EFI-06" duration="00:00:00.0006143" startTime="2024-01-09T15:45:45.2433151+01:00" endTime="2024-01-09T15:45:45.2443864+01:00" testType="13cdc9d9-ddb5-4fa4-a97d-d965ccfc6d4b" outcome="Passed" testListId="8c84fa94-04c1-424b-9868-57a2d4851a1d" relativeResultsDirectory="a04d1a5d-f010-4cd4-9abb-4ff277c155cf" />
    <UnitTestResult executionId="b6a1c7e5-49cf-4c83-9c1f-4f0abed39aa6" testId="2bfbf382-2acb-7849-d6f4-575f5e2be481" testName="Serialize_TestCases (TestParentAllPrimitiveTypeMatchDoubleNotThisTypeMatched)" computerName="DKSR-EFI-06" duration="00:00:00.0004143" startTime="2024-01-09T15:45:43.1250008+01:00" endTime="2024-01-09T15:45:43.1257188+01:00" testType="13cdc9d9-ddb5-4fa4-a97d-d965ccfc6d4b" outcome="Passed" testListId="8c84fa94-04c1-424b-9868-57a2d4851a1d" relativeResultsDirectory="b6a1c7e5-49cf-4c83-9c1f-4f0abed39aa6" />
    <UnitTestResult executionId="6a107d3e-48eb-4445-9a4c-58b4829d81d2" testId="b44cc6a8-6a9a-fd12-3fec-c22280c5d52b" testName="CreateSearchFilterEditControl_SinglePlugin_Success" computerName="DKSR-EFI-06" duration="00:00:00.1304341" startTime="2024-01-09T15:45:43.9790737+01:00" endTime="2024-01-09T15:45:44.1105627+01:00" testType="13cdc9d9-ddb5-4fa4-a97d-d965ccfc6d4b" outcome="Passed" testListId="8c84fa94-04c1-424b-9868-57a2d4851a1d" relativeResultsDirectory="6a107d3e-48eb-4445-9a4c-58b4829d81d2" />
    <UnitTestResult executionId="8769bb12-9273-49ea-9c8b-ba404f1b9465" testId="5eeda859-d31c-69f8-fe90-55abee0d8512" testName="Encrypt_ShouldReturnInputAsIs" computerName="DKSR-EFI-06" duration="00:00:00.0004378" startTime="2024-01-09T15:45:46.1611886+01:00" endTime="2024-01-09T15:45:46.1617926+01:00" testType="13cdc9d9-ddb5-4fa4-a97d-d965ccfc6d4b" outcome="Passed" testListId="8c84fa94-04c1-424b-9868-57a2d4851a1d" relativeResultsDirectory="8769bb12-9273-49ea-9c8b-ba404f1b9465" />
    <UnitTestResult executionId="dadf92cf-2733-4a21-bd0f-c47d40488b44" testId="8bd9e66b-afe5-6a6c-4e29-a0b4f0e39174" testName="ReadXml_ShouldReadBoundingBoxContents_WhenBoundingBoxIsPresent" computerName="DKSR-EFI-06" duration="00:00:00.0016446" startTime="2024-01-09T15:45:45.4930946+01:00" endTime="2024-01-09T15:45:45.4949552+01:00" testType="13cdc9d9-ddb5-4fa4-a97d-d965ccfc6d4b" outcome="Passed" testListId="8c84fa94-04c1-424b-9868-57a2d4851a1d" relativeResultsDirectory="dadf92cf-2733-4a21-bd0f-c47d40488b44" />
    <UnitTestResult executionId="80df8660-d6c1-4f99-ab6f-8c296ffdabab" testId="0a9c2a64-10d3-ab1b-bf1d-557005ecb79f" testName="GetCompatibilityHandler_ShouldThrownMIPException_WhenLoginSettingsCannotBeRetrieved" computerName="DKSR-EFI-06" duration="00:00:00.0096960" startTime="2024-01-09T15:45:46.1637748+01:00" endTime="2024-01-09T15:45:46.1738152+01:00" testType="13cdc9d9-ddb5-4fa4-a97d-d965ccfc6d4b" outcome="Passed" testListId="8c84fa94-04c1-424b-9868-57a2d4851a1d" relativeResultsDirectory="80df8660-d6c1-4f99-ab6f-8c296ffdabab" />
    <UnitTestResult executionId="544f5896-9f4f-4cad-b3e5-9ece3edf7f2b" testId="d6caf9a4-3f9a-074e-1dad-d39d3f06a0e6" testName="GetNext_ShouldReturnNextDataInCache_WhenDataIsCached" computerName="DKSR-EFI-06" duration="00:00:00.0016369" startTime="2024-01-09T15:45:46.7154294+01:00" endTime="2024-01-09T15:45:46.7172301+01:00" testType="13cdc9d9-ddb5-4fa4-a97d-d965ccfc6d4b" outcome="Passed" testListId="8c84fa94-04c1-424b-9868-57a2d4851a1d" relativeResultsDirectory="544f5896-9f4f-4cad-b3e5-9ece3edf7f2b" />
    <UnitTestResult executionId="00922a20-c4a8-45bb-864b-8e3fc2a6548a" testId="af830802-23e2-0c4d-f3f5-18aa300eb661" testName="GetPreviousSequence_ShouldStoreToolkitResultInCache_WhenAlways" computerName="DKSR-EFI-06" duration="00:00:00.0023263" startTime="2024-01-09T15:45:46.7725484+01:00" endTime="2024-01-09T15:45:46.7750557+01:00" testType="13cdc9d9-ddb5-4fa4-a97d-d965ccfc6d4b" outcome="Passed" testListId="8c84fa94-04c1-424b-9868-57a2d4851a1d" relativeResultsDirectory="00922a20-c4a8-45bb-864b-8e3fc2a6548a" />
    <UnitTestResult executionId="d1e10f1f-3799-4b61-8706-302e858f07d3" testId="16af9e4d-1460-4181-5a4a-fd51a2b844f5" testName="Serialize_ShouldHandleRecursiveProperty" computerName="DKSR-EFI-06" duration="00:00:00.1286069" startTime="2024-01-09T15:45:42.6901372+01:00" endTime="2024-01-09T15:45:42.8191655+01:00" testType="13cdc9d9-ddb5-4fa4-a97d-d965ccfc6d4b" outcome="Passed" testListId="8c84fa94-04c1-424b-9868-57a2d4851a1d" relativeResultsDirectory="d1e10f1f-3799-4b61-8706-302e858f07d3" />
    <UnitTestResult executionId="9d4a6564-a407-4eff-87e8-3be4801ec5b6" testId="ae4a8750-d669-3823-272f-96fc0e4fc346" testName="GenerateDeviceParameters_ShouldOmitFps_WhenFpsIsZero" computerName="DKSR-EFI-06" duration="00:00:00.0013085" startTime="2024-01-09T15:45:46.3909272+01:00" endTime="2024-01-09T15:45:46.3924178+01:00" testType="13cdc9d9-ddb5-4fa4-a97d-d965ccfc6d4b" outcome="Passed" testListId="8c84fa94-04c1-424b-9868-57a2d4851a1d" relativeResultsDirectory="9d4a6564-a407-4eff-87e8-3be4801ec5b6" />
    <UnitTestResult executionId="1d224323-8d50-476f-8240-8ef8c937b1ee" testId="52df54ef-d786-de4c-66ba-453529b99c4f" testName="Construction_List" computerName="DKSR-EFI-06" duration="00:00:00.0001504" startTime="2024-01-09T15:45:44.3636039+01:00" endTime="2024-01-09T15:45:44.3639369+01:00" testType="13cdc9d9-ddb5-4fa4-a97d-d965ccfc6d4b" outcome="Passed" testListId="8c84fa94-04c1-424b-9868-57a2d4851a1d" relativeResultsDirectory="1d224323-8d50-476f-8240-8ef8c937b1ee" />
    <UnitTestResult executionId="661a0f7f-5543-4968-92fa-1482b7f97fb5" testId="8afaf187-3d3c-e78b-824e-e769deeec2c9" testName="Constructor_ShouldThrowArgumentNullException_WhenDataIsNull" computerName="DKSR-EFI-06" duration="00:00:00.0016437" startTime="2024-01-09T15:45:45.1368114+01:00" endTime="2024-01-09T15:45:45.1387994+01:00" testType="13cdc9d9-ddb5-4fa4-a97d-d965ccfc6d4b" outcome="Passed" testListId="8c84fa94-04c1-424b-9868-57a2d4851a1d" relativeResultsDirectory="661a0f7f-5543-4968-92fa-1482b7f97fb5" />
    <UnitTestResult executionId="77275362-60e4-405d-8dc7-c4d884b5338f" testId="ed1af3f1-e228-caa9-58c0-803083486581" testName="CreateSearchResultUserControl_MissingPlugin_ReturnsNull" computerName="DKSR-EFI-06" duration="00:00:00.0011580" startTime="2024-01-09T15:45:43.8038503+01:00" endTime="2024-01-09T15:45:43.8221834+01:00" testType="13cdc9d9-ddb5-4fa4-a97d-d965ccfc6d4b" outcome="Passed" testListId="8c84fa94-04c1-424b-9868-57a2d4851a1d" relativeResultsDirectory="77275362-60e4-405d-8dc7-c4d884b5338f" />
    <UnitTestResult executionId="476bfe98-9d11-49d9-9463-8e25555ffce4" testId="3d56290e-3e3f-353b-dfc8-249444061e6c" testName="ReadXml_ShouldReadTransformationContents_WhenTransformationIsPresent" computerName="DKSR-EFI-06" duration="00:00:00.0016976" startTime="2024-01-09T15:45:45.1015177+01:00" endTime="2024-01-09T15:45:45.1034115+01:00" testType="13cdc9d9-ddb5-4fa4-a97d-d965ccfc6d4b" outcome="Passed" testListId="8c84fa94-04c1-424b-9868-57a2d4851a1d" relativeResultsDirectory="476bfe98-9d11-49d9-9463-8e25555ffce4" />
    <UnitTestResult executionId="adc736fb-df25-4f7b-8701-7966a7f55b2f" testId="585441ab-f7bf-ef9a-ea65-e7624bf9208f" testName="WriteXml_ShouldWriteBottomAttribute_WhenAlays" computerName="DKSR-EFI-06" duration="00:00:00.0007011" startTime="2024-01-09T15:45:45.4555117+01:00" endTime="2024-01-09T15:45:45.4563997+01:00" testType="13cdc9d9-ddb5-4fa4-a97d-d965ccfc6d4b" outcome="Passed" testListId="8c84fa94-04c1-424b-9868-57a2d4851a1d" relativeResultsDirectory="adc736fb-df25-4f7b-8701-7966a7f55b2f" />
    <UnitTestResult executionId="31de6be8-bf9d-40fe-962b-df4cc21eef3d" testId="1f0a0407-7982-ddd0-173d-1b88aac6222d" testName="ServerIdWithHttps_Construct_Success" computerName="DKSR-EFI-06" duration="00:00:00.0008346" startTime="2024-01-09T15:45:18.6074626+01:00" endTime="2024-01-09T15:45:18.6084529+01:00" testType="13cdc9d9-ddb5-4fa4-a97d-d965ccfc6d4b" outcome="Passed" testListId="8c84fa94-04c1-424b-9868-57a2d4851a1d" relativeResultsDirectory="31de6be8-bf9d-40fe-962b-df4cc21eef3d" />
    <UnitTestResult executionId="c58fa403-0355-4cfd-8ad3-fbe25bec7d22" testId="62771907-5daf-58e6-a184-e6742aca31e8" testName="CountByItems_Activated_CountByCounter_Trial1" computerName="DKSR-EFI-06" duration="00:00:00.0013283" startTime="2024-01-09T15:45:46.3416611+01:00" endTime="2024-01-09T15:45:46.3431858+01:00" testType="13cdc9d9-ddb5-4fa4-a97d-d965ccfc6d4b" outcome="Passed" testListId="8c84fa94-04c1-424b-9868-57a2d4851a1d" relativeResultsDirectory="c58fa403-0355-4cfd-8ad3-fbe25bec7d22" />
    <UnitTestResult executionId="c7eda50b-b48c-4b72-a023-6791ee5ad8e3" testId="3b98c405-59b2-7eb5-3579-4fa697a97bb2" testName="SearchResultData_IgnoredSearchFilters_Success" computerName="DKSR-EFI-06" duration="00:00:00.0008087" startTime="2024-01-09T15:45:43.7789598+01:00" endTime="2024-01-09T15:45:43.7799774+01:00" testType="13cdc9d9-ddb5-4fa4-a97d-d965ccfc6d4b" outcome="Passed" testListId="8c84fa94-04c1-424b-9868-57a2d4851a1d" relativeResultsDirectory="c7eda50b-b48c-4b72-a023-6791ee5ad8e3" />
    <UnitTestResult executionId="5fc1a75a-675b-4bdb-aae3-d032476b9418" testId="2d7b55ce-f568-7dde-659b-5f6dd5c4e10b" testName="ClearFilterValues_NullFilter_Throws" computerName="DKSR-EFI-06" duration="00:00:00.0015491" startTime="2024-01-09T15:45:43.3308659+01:00" endTime="2024-01-09T15:45:43.3327045+01:00" testType="13cdc9d9-ddb5-4fa4-a97d-d965ccfc6d4b" outcome="Passed" testListId="8c84fa94-04c1-424b-9868-57a2d4851a1d" relativeResultsDirectory="5fc1a75a-675b-4bdb-aae3-d032476b9418" />
    <UnitTestResult executionId="93bd6a55-4738-48af-983c-b1c6277bf7ba" testId="47c1b6ab-8c0a-fc63-f12d-64e40883c80a" testName="GetAgeFilterValue_ValidSelection_Success" computerName="DKSR-EFI-06" duration="00:00:00.0036289" startTime="2024-01-09T15:45:44.2746347+01:00" endTime="2024-01-09T15:45:44.2784845+01:00" testType="13cdc9d9-ddb5-4fa4-a97d-d965ccfc6d4b" outcome="Passed" testListId="8c84fa94-04c1-424b-9868-57a2d4851a1d" relativeResultsDirectory="93bd6a55-4738-48af-983c-b1c6277bf7ba" />
    <UnitTestResult executionId="8419d123-9f83-433b-805c-66504d7a7655" testId="0fbb0657-5fcb-c22d-ba1e-66fc2f5570e3" testName="Minimize_ShouldReturnOneInterval_WhenListContainsThreeOverlappingIntervalsContainingEachOtherReversed" computerName="DKSR-EFI-06" duration="00:00:00.0005191" startTime="2024-01-09T15:45:32.3040476+01:00" endTime="2024-01-09T15:45:32.3046700+01:00" testType="13cdc9d9-ddb5-4fa4-a97d-d965ccfc6d4b" outcome="Passed" testListId="8c84fa94-04c1-424b-9868-57a2d4851a1d" relativeResultsDirectory="8419d123-9f83-433b-805c-66504d7a7655" />
    <UnitTestResult executionId="5e87c282-470e-4db9-9773-4acd3839dc84" testId="757dcbcf-6cb2-e01d-02fc-019e4a1d9936" testName="Serialize_TestCases (TestParentTypeMatchCollectionThisTypeMatchedProperty)" computerName="DKSR-EFI-06" duration="00:00:00.0004594" startTime="2024-01-09T15:45:43.0671225+01:00" endTime="2024-01-09T15:45:43.0684760+01:00" testType="13cdc9d9-ddb5-4fa4-a97d-d965ccfc6d4b" outcome="Passed" testListId="8c84fa94-04c1-424b-9868-57a2d4851a1d" relativeResultsDirectory="5e87c282-470e-4db9-9773-4acd3839dc84" />
    <UnitTestResult executionId="5a59bbd8-a867-4df7-9bc7-3df79529c303" testId="a7d99e35-c064-6ecd-9e86-ff4a258d4620" testName="WriteXml_ShouldWriteBoundingBoxContents_WhenBoundingBoxIsNotNull" computerName="DKSR-EFI-06" duration="00:00:00.0013749" startTime="2024-01-09T15:45:45.5386518+01:00" endTime="2024-01-09T15:45:45.5402302+01:00" testType="13cdc9d9-ddb5-4fa4-a97d-d965ccfc6d4b" outcome="Passed" testListId="8c84fa94-04c1-424b-9868-57a2d4851a1d" relativeResultsDirectory="5a59bbd8-a867-4df7-9bc7-3df79529c303" />
    <UnitTestResult executionId="7cc8f745-5e42-45d3-96f3-4fcf33bfe956" testId="f9a09191-b933-2d00-0d6e-2a80901374f0" testName="VideoAnalytics_ShouldReturnEmptyList_WhenVideoAnalyticsHasNotBeenSet" computerName="DKSR-EFI-06" duration="00:00:00.0002247" startTime="2024-01-09T15:45:45.2807235+01:00" endTime="2024-01-09T15:45:45.2811349+01:00" testType="13cdc9d9-ddb5-4fa4-a97d-d965ccfc6d4b" outcome="Passed" testListId="8c84fa94-04c1-424b-9868-57a2d4851a1d" relativeResultsDirectory="7cc8f745-5e42-45d3-96f3-4fcf33bfe956" />
    <UnitTestResult executionId="43a050a0-91a7-4278-a43d-b6c009779a6e" testId="a8ff7a29-8845-1919-c693-2698cf30e949" testName="GetPopulatedItems_NoChildren_NoChildrenAdded" computerName="DKSR-EFI-06" duration="00:00:00.0113799" startTime="2024-01-09T15:45:40.8436036+01:00" endTime="2024-01-09T15:45:40.8552515+01:00" testType="13cdc9d9-ddb5-4fa4-a97d-d965ccfc6d4b" outcome="Passed" testListId="8c84fa94-04c1-424b-9868-57a2d4851a1d" relativeResultsDirectory="43a050a0-91a7-4278-a43d-b6c009779a6e" />
    <UnitTestResult executionId="8d627401-e511-49b7-a0db-c4f4119de0e9" testId="159cae7e-f986-2bd9-0bdf-d56bffd649d4" testName="ReadyToCloseEvent_CancelCommand_MultiSelect_Thrown" computerName="DKSR-EFI-06" duration="00:00:00.0004293" startTime="2024-01-09T15:45:40.6549616+01:00" endTime="2024-01-09T15:45:40.6556061+01:00" testType="13cdc9d9-ddb5-4fa4-a97d-d965ccfc6d4b" outcome="Passed" testListId="8c84fa94-04c1-424b-9868-57a2d4851a1d" relativeResultsDirectory="8d627401-e511-49b7-a0db-c4f4119de0e9" />
    <UnitTestResult executionId="f72f590f-c3cb-4c6b-914a-674065a772d1" testId="53b81941-356a-16a1-a951-ad2b635230e2" testName="Enqueue_Success" computerName="DKSR-EFI-06" duration="00:00:00.0020968" startTime="2024-01-09T15:45:32.3077677+01:00" endTime="2024-01-09T15:45:32.3102147+01:00" testType="13cdc9d9-ddb5-4fa4-a97d-d965ccfc6d4b" outcome="Passed" testListId="8c84fa94-04c1-424b-9868-57a2d4851a1d" relativeResultsDirectory="f72f590f-c3cb-4c6b-914a-674065a772d1" />
    <UnitTestResult executionId="20ab69c7-8722-496c-af50-21c1eeaac782" testId="d218b1ec-f943-b4b5-4c70-d50ae6005d5d" testName="SearializePlusDeserialize_NestedElement_ShouldResultInSameString" computerName="DKSR-EFI-06" duration="00:00:00.0001885" startTime="2024-01-09T15:45:44.4836306+01:00" endTime="2024-01-09T15:45:44.4840420+01:00" testType="13cdc9d9-ddb5-4fa4-a97d-d965ccfc6d4b" outcome="Passed" testListId="8c84fa94-04c1-424b-9868-57a2d4851a1d" relativeResultsDirectory="20ab69c7-8722-496c-af50-21c1eeaac782" />
    <UnitTestResult executionId="81422b01-6f0d-470e-9385-747b8e58af7f" testId="b92c2d23-e9a0-a785-771e-708c304e0f26" testName="TestStartSearch_NoResultsOrErrorOccurredFromCanceledSearchDefinitions_Success" computerName="DKSR-EFI-06" duration="00:00:00.0093505" startTime="2024-01-09T15:45:43.6916201+01:00" endTime="2024-01-09T15:45:43.7012222+01:00" testType="13cdc9d9-ddb5-4fa4-a97d-d965ccfc6d4b" outcome="Passed" testListId="8c84fa94-04c1-424b-9868-57a2d4851a1d" relativeResultsDirectory="81422b01-6f0d-470e-9385-747b8e58af7f" />
    <UnitTestResult executionId="f877a9e1-f532-4d73-84ac-6a94a5ef25ed" testId="7b6146d5-494f-1a0e-d576-98303b0c58b5" testName="Serialize_TestCases (TestParentTypeMatchStructThisTypeMatched)" computerName="DKSR-EFI-06" duration="00:00:00.0006186" startTime="2024-01-09T15:45:43.0295024+01:00" endTime="2024-01-09T15:45:43.0304233+01:00" testType="13cdc9d9-ddb5-4fa4-a97d-d965ccfc6d4b" outcome="Passed" testListId="8c84fa94-04c1-424b-9868-57a2d4851a1d" relativeResultsDirectory="f877a9e1-f532-4d73-84ac-6a94a5ef25ed" />
    <UnitTestResult executionId="332923c0-8b08-4384-9f5c-d140c3174f87" testId="7a7fdf06-c490-deb2-82e6-65e1294c3173" testName="AllAttributesWerePresent_ShouldReturnFalse_WhenYAttributeIsNotAFloat" computerName="DKSR-EFI-06" duration="00:00:00.0003105" startTime="2024-01-09T15:45:45.6179266+01:00" endTime="2024-01-09T15:45:45.6183974+01:00" testType="13cdc9d9-ddb5-4fa4-a97d-d965ccfc6d4b" outcome="Passed" testListId="8c84fa94-04c1-424b-9868-57a2d4851a1d" relativeResultsDirectory="332923c0-8b08-4384-9f5c-d140c3174f87" />
    <UnitTestResult executionId="e490818c-5833-4cd5-9044-8e8c822632bc" testId="4d8c83aa-a156-12a2-4c8a-ba95a8a26318" testName="HostInitialized_ShouldInvokeCallback_WhenInitializedWithItems" computerName="DKSR-EFI-06" duration="00:00:00.0032696" startTime="2024-01-09T15:45:41.4608400+01:00" endTime="2024-01-09T15:45:41.4666829+01:00" testType="13cdc9d9-ddb5-4fa4-a97d-d965ccfc6d4b" outcome="Passed" testListId="8c84fa94-04c1-424b-9868-57a2d4851a1d" relativeResultsDirectory="e490818c-5833-4cd5-9044-8e8c822632bc" />
    <UnitTestResult executionId="5ca03a50-f1d6-4f7c-b159-73e9d94488f5" testId="79d8cb70-402c-e7be-4d53-f2c05fb52d5e" testName="WriteXml_ShouldWriteYAttribute_WhenAlays" computerName="DKSR-EFI-06" duration="00:00:00.0003847" startTime="2024-01-09T15:45:45.6293306+01:00" endTime="2024-01-09T15:45:45.6298883+01:00" testType="13cdc9d9-ddb5-4fa4-a97d-d965ccfc6d4b" outcome="Passed" testListId="8c84fa94-04c1-424b-9868-57a2d4851a1d" relativeResultsDirectory="5ca03a50-f1d6-4f7c-b159-73e9d94488f5" />
    <UnitTestResult executionId="f8823627-75c1-485a-a653-483f091b776e" testId="2516f5ca-d06b-43f0-8619-b53bdf03ad3b" testName="GetParent_IsNull" computerName="DKSR-EFI-06" duration="00:00:00.0012345" startTime="2024-01-09T15:45:18.6768874+01:00" endTime="2024-01-09T15:45:18.6782334+01:00" testType="13cdc9d9-ddb5-4fa4-a97d-d965ccfc6d4b" outcome="Passed" testListId="8c84fa94-04c1-424b-9868-57a2d4851a1d" relativeResultsDirectory="f8823627-75c1-485a-a653-483f091b776e" />
    <UnitTestResult executionId="b5a9896a-7a10-46fe-a9ff-ef4dd446310b" testId="e251df90-29be-3bce-586f-107c221e43b7" testName="Add_ShouldNotUpdateStartCache_WhenOldStartTimeIsEarlierThanAdded" computerName="DKSR-EFI-06" duration="00:00:00.0192283" startTime="2024-01-09T15:45:46.8883059+01:00" endTime="2024-01-09T15:45:46.9077695+01:00" testType="13cdc9d9-ddb5-4fa4-a97d-d965ccfc6d4b" outcome="Passed" testListId="8c84fa94-04c1-424b-9868-57a2d4851a1d" relativeResultsDirectory="b5a9896a-7a10-46fe-a9ff-ef4dd446310b" />
    <UnitTestResult executionId="d4dc229a-8048-49ec-b95b-c170563a36cb" testId="781c6c8a-3177-25ba-5828-fb732829d7b1" testName="Decrypt_ShouldThrowMIPException_WhenCalledOnFIPSEnabledMachine" computerName="DKSR-EFI-06" duration="00:00:00.0014202" startTime="2024-01-09T15:45:46.2583636+01:00" endTime="2024-01-09T15:45:46.2599919+01:00" testType="13cdc9d9-ddb5-4fa4-a97d-d965ccfc6d4b" outcome="Passed" testListId="8c84fa94-04c1-424b-9868-57a2d4851a1d" relativeResultsDirectory="d4dc229a-8048-49ec-b95b-c170563a36cb" />
    <UnitTestResult executionId="db925dba-dfff-4036-a9ff-9da2aa7ce93d" testId="ba7694f7-ee6f-6343-b447-699651d9d6f9" testName="FindCacheEntryAfter_ShuldReturnEntryAfterTimeStamp_WhenThereIsAnEntryAfterTheTimestamp" computerName="DKSR-EFI-06" duration="00:00:00.0012725" startTime="2024-01-09T15:45:46.4847773+01:00" endTime="2024-01-09T15:45:46.4862641+01:00" testType="13cdc9d9-ddb5-4fa4-a97d-d965ccfc6d4b" outcome="Passed" testListId="8c84fa94-04c1-424b-9868-57a2d4851a1d" relativeResultsDirectory="db925dba-dfff-4036-a9ff-9da2aa7ce93d" />
    <UnitTestResult executionId="9aaa97a0-0b65-4730-9d0c-8cbb0a34c712" testId="7e3dbd79-3540-0180-3ab0-0107f747a8a4" testName="SearchResultData_BeginTime_Success" computerName="DKSR-EFI-06" duration="00:00:00.0006902" startTime="2024-01-09T15:45:43.7615093+01:00" endTime="2024-01-09T15:45:43.7623941+01:00" testType="13cdc9d9-ddb5-4fa4-a97d-d965ccfc6d4b" outcome="Passed" testListId="8c84fa94-04c1-424b-9868-57a2d4851a1d" relativeResultsDirectory="9aaa97a0-0b65-4730-9d0c-8cbb0a34c712" />
    <UnitTestResult executionId="345d533e-8350-4f4a-a2ec-2bb8ea6bc04b" testId="392352ae-d647-e68a-124a-33d5232e7f11" testName="SearchResultData_EndTime_Success" computerName="DKSR-EFI-06" duration="00:00:00.0002279" startTime="2024-01-09T15:45:43.7643449+01:00" endTime="2024-01-09T15:45:43.7647757+01:00" testType="13cdc9d9-ddb5-4fa4-a97d-d965ccfc6d4b" outcome="Passed" testListId="8c84fa94-04c1-424b-9868-57a2d4851a1d" relativeResultsDirectory="345d533e-8350-4f4a-a2ec-2bb8ea6bc04b" />
    <UnitTestResult executionId="668d7223-c6db-437a-bff7-5322b0f6c617" testId="03519c29-5d68-745a-351e-45c267ad13e8" testName="CollectionReplaced_ShouldInvokeCallback_WhenNotObservable" computerName="DKSR-EFI-06" duration="00:00:00.0021472" startTime="2024-01-09T15:45:41.5606697+01:00" endTime="2024-01-09T15:45:41.5766901+01:00" testType="13cdc9d9-ddb5-4fa4-a97d-d965ccfc6d4b" outcome="Passed" testListId="8c84fa94-04c1-424b-9868-57a2d4851a1d" relativeResultsDirectory="668d7223-c6db-437a-bff7-5322b0f6c617" />
    <UnitTestResult executionId="c6c2bf3a-fe40-4089-8e95-013402dadacc" testId="fcbb076d-21c9-d2c8-8141-56d340d67c02" testName="ReadXml_ShouldReadTransformation_WhenTransformationIsPresent" computerName="DKSR-EFI-06" duration="00:00:00.0003322" startTime="2024-01-09T15:45:45.1002361+01:00" endTime="2024-01-09T15:45:45.1007554+01:00" testType="13cdc9d9-ddb5-4fa4-a97d-d965ccfc6d4b" outcome="Passed" testListId="8c84fa94-04c1-424b-9868-57a2d4851a1d" relativeResultsDirectory="c6c2bf3a-fe40-4089-8e95-013402dadacc" />
    <UnitTestResult executionId="a7ace9b2-06f5-44c4-8f6d-75189a75fc5b" testId="9e5ec3f3-397a-9268-e64a-1a2655cbcab4" testName="Apply_ShouldDoNothing_WhenArgumentIsNull" computerName="DKSR-EFI-06" duration="00:00:00.0026031" startTime="2024-01-09T15:45:45.0327804+01:00" endTime="2024-01-09T15:45:45.0355813+01:00" testType="13cdc9d9-ddb5-4fa4-a97d-d965ccfc6d4b" outcome="Passed" testListId="8c84fa94-04c1-424b-9868-57a2d4851a1d" relativeResultsDirectory="a7ace9b2-06f5-44c4-8f6d-75189a75fc5b" />
    <UnitTestResult executionId="629d44fd-8d10-4e64-aca6-5c482d7fe73a" testId="0f6413c0-cc42-e14e-f2e9-6c1a7fb644a7" testName="Get_NullKey_Throws" computerName="DKSR-EFI-06" duration="00:00:00.0029396" startTime="2024-01-09T15:45:32.5082946+01:00" endTime="2024-01-09T15:45:32.5116630+01:00" testType="13cdc9d9-ddb5-4fa4-a97d-d965ccfc6d4b" outcome="Passed" testListId="8c84fa94-04c1-424b-9868-57a2d4851a1d" relativeResultsDirectory="629d44fd-8d10-4e64-aca6-5c482d7fe73a" />
    <UnitTestResult executionId="fa17c0f2-fef4-4875-bc25-8ffb61a92244" testId="9e0f7694-4c12-cabb-5030-0f3a25dfbb2b" testName="WriteXml_ShouldWriteSizeAttribute_WhenPresent" computerName="DKSR-EFI-06" duration="00:00:00.0004532" startTime="2024-01-09T15:45:45.0579922+01:00" endTime="2024-01-09T15:45:45.0586676+01:00" testType="13cdc9d9-ddb5-4fa4-a97d-d965ccfc6d4b" outcome="Passed" testListId="8c84fa94-04c1-424b-9868-57a2d4851a1d" relativeResultsDirectory="fa17c0f2-fef4-4875-bc25-8ffb61a92244" />
    <UnitTestResult executionId="8cbd49ea-ad36-414d-ae34-fdda5c454146" testId="447829a4-f86b-01dd-760a-c4052e1b005d" testName="OverlapsWith_ShouldReturnFalse_WhenArgumenStartIsEqualToEnd" computerName="DKSR-EFI-06" duration="00:00:00.0007404" startTime="2024-01-09T15:45:32.2543026+01:00" endTime="2024-01-09T15:45:32.2551604+01:00" testType="13cdc9d9-ddb5-4fa4-a97d-d965ccfc6d4b" outcome="Passed" testListId="8c84fa94-04c1-424b-9868-57a2d4851a1d" relativeResultsDirectory="8cbd49ea-ad36-414d-ae34-fdda5c454146" />
    <UnitTestResult executionId="715fdc75-a045-42af-ab11-a0b7fc10cf08" testId="1eda914f-da94-406c-7d55-9addceb31e52" testName="Contains_Camera_ServerIDNull_Checked_Failed" computerName="DKSR-EFI-06" duration="00:00:00.0002776" startTime="2024-01-09T15:45:18.6453070+01:00" endTime="2024-01-09T15:45:18.6456950+01:00" testType="13cdc9d9-ddb5-4fa4-a97d-d965ccfc6d4b" outcome="Passed" testListId="8c84fa94-04c1-424b-9868-57a2d4851a1d" relativeResultsDirectory="715fdc75-a045-42af-ab11-a0b7fc10cf08" />
    <UnitTestResult executionId="520e2735-0234-40a8-834a-7ba91df11cb5" testId="c2b0fa30-6a46-612d-08bf-8da951ad3d1e" testName="ReadXml_ShouldLogWarningOnlyOnceWithinOneMinute_WhenBoundingBoxIsMissing" computerName="DKSR-EFI-06" duration="00:00:00.0016449" startTime="2024-01-09T15:45:45.5124901+01:00" endTime="2024-01-09T15:45:45.5143363+01:00" testType="13cdc9d9-ddb5-4fa4-a97d-d965ccfc6d4b" outcome="Passed" testListId="8c84fa94-04c1-424b-9868-57a2d4851a1d" relativeResultsDirectory="520e2735-0234-40a8-834a-7ba91df11cb5" />
    <UnitTestResult executionId="73f5f4ef-5c77-4e09-b3a0-1d17c6e0cf7d" testId="12501656-668f-6d63-7f1a-8f8eefa16abe" testName="AddFilterValue_ExistingValue_NullValue_Throws" computerName="DKSR-EFI-06" duration="00:00:00.0005157" startTime="2024-01-09T15:45:43.3084549+01:00" endTime="2024-01-09T15:45:43.3092459+01:00" testType="13cdc9d9-ddb5-4fa4-a97d-d965ccfc6d4b" outcome="Passed" testListId="8c84fa94-04c1-424b-9868-57a2d4851a1d" relativeResultsDirectory="73f5f4ef-5c77-4e09-b3a0-1d17c6e0cf7d" />
    <UnitTestResult executionId="1a55b807-26a0-4b5a-a0e5-abcf8fa9d20c" testId="60908717-d1cb-9971-94f7-facca727b89c" testName="GetFilterValues_SingleValueAdded_ReturnsValue" computerName="DKSR-EFI-06" duration="00:00:00.0040721" startTime="2024-01-09T15:45:43.3498180+01:00" endTime="2024-01-09T15:45:43.3547332+01:00" testType="13cdc9d9-ddb5-4fa4-a97d-d965ccfc6d4b" outcome="Passed" testListId="8c84fa94-04c1-424b-9868-57a2d4851a1d" relativeResultsDirectory="1a55b807-26a0-4b5a-a0e5-abcf8fa9d20c" />
    <UnitTestResult executionId="28420a7c-7ce3-4b6d-9378-e114639acbeb" testId="301bb053-2669-b626-aada-e5ec26552701" testName="ReadXml_ShouldLogWarningTwiceWhenMoreThanOneMinuteBetweenWarnings_WhenRequiredAttributeIsMissing" computerName="DKSR-EFI-06" duration="00:00:00.0019760" startTime="2024-01-09T15:45:45.4734457+01:00" endTime="2024-01-09T15:45:45.4756233+01:00" testType="13cdc9d9-ddb5-4fa4-a97d-d965ccfc6d4b" outcome="Passed" testListId="8c84fa94-04c1-424b-9868-57a2d4851a1d" relativeResultsDirectory="28420a7c-7ce3-4b6d-9378-e114639acbeb" />
    <UnitTestResult executionId="f347f006-76f5-4437-ab66-9299fccb75da" testId="4fd7ef13-73a5-f651-dedc-2514dfae7f93" testName="FindCacheEntryBefore_ShuldReturnNull_WhenTheCacheIsEmpty" computerName="DKSR-EFI-06" duration="00:00:00.0002547" startTime="2024-01-09T15:45:46.4914179+01:00" endTime="2024-01-09T15:45:46.4918687+01:00" testType="13cdc9d9-ddb5-4fa4-a97d-d965ccfc6d4b" outcome="Passed" testListId="8c84fa94-04c1-424b-9868-57a2d4851a1d" relativeResultsDirectory="f347f006-76f5-4437-ab66-9299fccb75da" />
    <UnitTestResult executionId="f8f4c3c3-a01a-4206-b2ed-deb08b0405c6" testId="59316a3f-9716-d88f-df45-82d266fba22e" testName="Parse_blank" computerName="DKSR-EFI-06" duration="00:00:00.0002264" startTime="2024-01-09T15:45:44.4864801+01:00" endTime="2024-01-09T15:45:44.4868781+01:00" testType="13cdc9d9-ddb5-4fa4-a97d-d965ccfc6d4b" outcome="Passed" testListId="8c84fa94-04c1-424b-9868-57a2d4851a1d" relativeResultsDirectory="f8f4c3c3-a01a-4206-b2ed-deb08b0405c6" />
    <UnitTestResult executionId="9c71c488-2529-449a-802b-e0767025f6e5" testId="a161a748-55e5-1a5b-e899-d06d498d802c" testName="ConstructorRgb_ShouldReturnCorrectRgbValues_Always" computerName="DKSR-EFI-06" duration="00:00:00.0005324" startTime="2024-01-09T15:45:44.9935897+01:00" endTime="2024-01-09T15:45:44.9943262+01:00" testType="13cdc9d9-ddb5-4fa4-a97d-d965ccfc6d4b" outcome="Passed" testListId="8c84fa94-04c1-424b-9868-57a2d4851a1d" relativeResultsDirectory="9c71c488-2529-449a-802b-e0767025f6e5" />
    <UnitTestResult executionId="9011cc1a-7be1-4079-accf-3fe35ca36914" testId="5a6e28a5-0456-0238-773c-6170fb1e4f85" testName="SetCacheContents_HandleEmptyList" computerName="DKSR-EFI-06" duration="00:00:00.0026421" startTime="2024-01-09T15:45:46.4754400+01:00" endTime="2024-01-09T15:45:46.4786394+01:00" testType="13cdc9d9-ddb5-4fa4-a97d-d965ccfc6d4b" outcome="Passed" testListId="8c84fa94-04c1-424b-9868-57a2d4851a1d" relativeResultsDirectory="9011cc1a-7be1-4079-accf-3fe35ca36914" />
    <UnitTestResult executionId="2ebfc34d-4436-4ba9-8677-1e0b60495c06" testId="7727673d-f909-602e-c023-298e3154bee0" testName="GetNearest_ShouldReturnFirstElementFromToolkitResponse_WhenTimestampIsBeforeFirstElementInResponse" computerName="DKSR-EFI-06" duration="00:00:00.0020096" startTime="2024-01-09T15:45:46.7304258+01:00" endTime="2024-01-09T15:45:46.7326700+01:00" testType="13cdc9d9-ddb5-4fa4-a97d-d965ccfc6d4b" outcome="Passed" testListId="8c84fa94-04c1-424b-9868-57a2d4851a1d" relativeResultsDirectory="2ebfc34d-4436-4ba9-8677-1e0b60495c06" />
    <UnitTestResult executionId="51f06690-24f7-43f3-857c-6b660205d43e" testId="47b928b9-6c48-7599-b49a-10b524a65d0b" testName="GetBegin_ShouldReturnNull_WhenThereIsNoData" computerName="DKSR-EFI-06" duration="00:00:00.0018907" startTime="2024-01-09T15:45:46.6619869+01:00" endTime="2024-01-09T15:45:46.6640604+01:00" testType="13cdc9d9-ddb5-4fa4-a97d-d965ccfc6d4b" outcome="Passed" testListId="8c84fa94-04c1-424b-9868-57a2d4851a1d" relativeResultsDirectory="51f06690-24f7-43f3-857c-6b660205d43e" />
    <UnitTestResult executionId="7acc204c-f910-44a9-82a0-0a48268eb2b1" testId="73ec9274-5d95-cb62-60ca-c2f3ce2346e6" testName="WriteXml_ShouldWriteRightAttribute_WhenAlays" computerName="DKSR-EFI-06" duration="00:00:00.0003379" startTime="2024-01-09T15:45:45.4596756+01:00" endTime="2024-01-09T15:45:45.4601847+01:00" testType="13cdc9d9-ddb5-4fa4-a97d-d965ccfc6d4b" outcome="Passed" testListId="8c84fa94-04c1-424b-9868-57a2d4851a1d" relativeResultsDirectory="7acc204c-f910-44a9-82a0-0a48268eb2b1" />
    <UnitTestResult executionId="edbb44f8-db53-4cda-a7b2-7e232cb17333" testId="ba44ddc9-34e5-6996-f0e1-93c6786eed78" testName="RegionSelectionFilterValue_Deserialize_Success" computerName="DKSR-EFI-06" duration="00:00:00.0470582" startTime="2024-01-09T15:45:44.1977979+01:00" endTime="2024-01-09T15:45:44.2451293+01:00" testType="13cdc9d9-ddb5-4fa4-a97d-d965ccfc6d4b" outcome="Passed" testListId="8c84fa94-04c1-424b-9868-57a2d4851a1d" relativeResultsDirectory="edbb44f8-db53-4cda-a7b2-7e232cb17333" />
    <UnitTestResult executionId="58dbab4b-4f54-480e-a5d6-80e15c431ca3" testId="2339c643-1a37-d25a-2a23-49039f375c2c" testName="NavigationalData_ShouldReturnNull_WhenXmlDidNotContainNavigationalData" computerName="DKSR-EFI-06" duration="00:00:00.0002197" startTime="2024-01-09T15:45:45.2596360+01:00" endTime="2024-01-09T15:45:45.2600308+01:00" testType="13cdc9d9-ddb5-4fa4-a97d-d965ccfc6d4b" outcome="Passed" testListId="8c84fa94-04c1-424b-9868-57a2d4851a1d" relativeResultsDirectory="58dbab4b-4f54-480e-a5d6-80e15c431ca3" />
    <UnitTestResult executionId="7403f606-5946-45dc-8afe-a6bb472915d1" testId="edfa9ac1-af92-8fad-09f0-213c59a511c9" testName="GetPrevious_ShouldReturnPreviousDataInCache_WhenDataIsCached" computerName="DKSR-EFI-06" duration="00:00:00.0016877" startTime="2024-01-09T15:45:46.7097768+01:00" endTime="2024-01-09T15:45:46.7116274+01:00" testType="13cdc9d9-ddb5-4fa4-a97d-d965ccfc6d4b" outcome="Passed" testListId="8c84fa94-04c1-424b-9868-57a2d4851a1d" relativeResultsDirectory="7403f606-5946-45dc-8afe-a6bb472915d1" />
    <UnitTestResult executionId="c08f3c9a-f01a-4e80-b860-4cbbf2aec0a9" testId="13d7aebd-6cec-2e73-3e91-8e5121f9f1bc" testName="ReadXml_ShouldReadObjectIdAttribute_WhenPresent" computerName="DKSR-EFI-06" duration="00:00:00.0001763" startTime="2024-01-09T15:45:45.3762542+01:00" endTime="2024-01-09T15:45:45.3765385+01:00" testType="13cdc9d9-ddb5-4fa4-a97d-d965ccfc6d4b" outcome="Passed" testListId="8c84fa94-04c1-424b-9868-57a2d4851a1d" relativeResultsDirectory="c08f3c9a-f01a-4e80-b860-4cbbf2aec0a9" />
    <UnitTestResult executionId="85ddf181-f53c-4316-91f9-9337831fcc17" testId="bef51588-d886-f6e3-fdda-95da2278aacb" testName="ToArgbString_ShouldReturnStringWithLeadingHashAndHexString_Always" computerName="DKSR-EFI-06" duration="00:00:00.0006165" startTime="2024-01-09T15:45:44.9975862+01:00" endTime="2024-01-09T15:45:44.9983963+01:00" testType="13cdc9d9-ddb5-4fa4-a97d-d965ccfc6d4b" outcome="Passed" testListId="8c84fa94-04c1-424b-9868-57a2d4851a1d" relativeResultsDirectory="85ddf181-f53c-4316-91f9-9337831fcc17" />
    <UnitTestResult executionId="2e467f53-70d2-4dd6-9d58-666aa1a6f01d" testId="e6ba39e7-b277-ade5-953f-680493847818" testName="MatchId_Success_MessageWithAsteriskAtEnd_NoEnding" computerName="DKSR-EFI-06" duration="00:00:00.0001898" startTime="2024-01-09T15:45:45.6639791+01:00" endTime="2024-01-09T15:45:45.6643324+01:00" testType="13cdc9d9-ddb5-4fa4-a97d-d965ccfc6d4b" outcome="Passed" testListId="8c84fa94-04c1-424b-9868-57a2d4851a1d" relativeResultsDirectory="2e467f53-70d2-4dd6-9d58-666aa1a6f01d" />
    <UnitTestResult executionId="d3131bf4-7b9d-45f7-8171-7a529a6412f9" testId="40cc8bf3-9b9a-c620-7f65-c9598a6e4a28" testName="GetMetadataObjectIdsAsync_MultipleInvocations_DelegatedToInternalMethodOnlyOnce" computerName="DKSR-EFI-06" duration="00:00:00.0008659" startTime="2024-01-09T15:45:43.7497294+01:00" endTime="2024-01-09T15:45:43.7508104+01:00" testType="13cdc9d9-ddb5-4fa4-a97d-d965ccfc6d4b" outcome="Passed" testListId="8c84fa94-04c1-424b-9868-57a2d4851a1d" relativeResultsDirectory="d3131bf4-7b9d-45f7-8171-7a529a6412f9" />
    <UnitTestResult executionId="8dc8d2e8-1fb0-4ce9-b1cc-ca7d1df2c49d" testId="bbda7a11-e3ea-a6b5-3718-87f84d327031" testName="Serialize_TestCases (TestParentTypeMatchInterfaceThisTypeNotMatched)" computerName="DKSR-EFI-06" duration="00:00:00.0005404" startTime="2024-01-09T15:45:43.0777836+01:00" endTime="2024-01-09T15:45:43.0786266+01:00" testType="13cdc9d9-ddb5-4fa4-a97d-d965ccfc6d4b" outcome="Passed" testListId="8c84fa94-04c1-424b-9868-57a2d4851a1d" relativeResultsDirectory="8dc8d2e8-1fb0-4ce9-b1cc-ca7d1df2c49d" />
    <UnitTestResult executionId="5c0f34b9-7fc3-4817-9232-736b838667c1" testId="e8ad2706-3327-0bd0-6928-db3b3e6344dc" testName="AllAttributesWerePresent_ShouldReturnFalse_WhenBottomAttributeIsNotAFloat" computerName="DKSR-EFI-06" duration="00:00:00.0002815" startTime="2024-01-09T15:45:45.4291099+01:00" endTime="2024-01-09T15:45:45.4295719+01:00" testType="13cdc9d9-ddb5-4fa4-a97d-d965ccfc6d4b" outcome="Passed" testListId="8c84fa94-04c1-424b-9868-57a2d4851a1d" relativeResultsDirectory="5c0f34b9-7fc3-4817-9232-736b838667c1" />
    <UnitTestResult executionId="eaeafc32-4bdd-476d-be63-49acebdd2834" testId="803ac96c-ceaf-813a-623a-bb8007ba13fb" testName="GetNearest_ShouldReturnNull_WhenTimestampIsAfterLastElement" computerName="DKSR-EFI-06" duration="00:00:00.0004295" startTime="2024-01-09T15:45:46.5217103+01:00" endTime="2024-01-09T15:45:46.5223189+01:00" testType="13cdc9d9-ddb5-4fa4-a97d-d965ccfc6d4b" outcome="Passed" testListId="8c84fa94-04c1-424b-9868-57a2d4851a1d" relativeResultsDirectory="eaeafc32-4bdd-476d-be63-49acebdd2834" />
    <UnitTestResult executionId="f69f158e-414a-42cd-960b-7b43fdda65bb" testId="aa5a6ee6-251d-45e9-7756-92ac3de9f3a4" testName="ReadyToCloseEvent_OkCommand_SingleSelect_Not_Thrown" computerName="DKSR-EFI-06" duration="00:00:00.0011504" startTime="2024-01-09T15:45:40.6566953+01:00" endTime="2024-01-09T15:45:40.6580556+01:00" testType="13cdc9d9-ddb5-4fa4-a97d-d965ccfc6d4b" outcome="Passed" testListId="8c84fa94-04c1-424b-9868-57a2d4851a1d" relativeResultsDirectory="f69f158e-414a-42cd-960b-7b43fdda65bb" />
    <UnitTestResult executionId="c970696c-9bf2-4382-8ef3-af0d7a6e7959" testId="333f18ad-13f9-9950-7477-8cd437bf4957" testName="Serialize_TestCases (TestParentCollectionNotEmptyListMatchedProperty)" computerName="DKSR-EFI-06" duration="00:00:00.0004753" startTime="2024-01-09T15:45:43.1319642+01:00" endTime="2024-01-09T15:45:43.1327537+01:00" testType="13cdc9d9-ddb5-4fa4-a97d-d965ccfc6d4b" outcome="Passed" testListId="8c84fa94-04c1-424b-9868-57a2d4851a1d" relativeResultsDirectory="c970696c-9bf2-4382-8ef3-af0d7a6e7959" />
    <UnitTestResult executionId="6326cbfa-1340-47eb-8cc1-0c922d60a548" testId="79db46c4-1a13-12a0-1950-586398a93668" testName="GetWithDateTimeTimeSpanAndInt_ShouldClearCache_WhenAlways" computerName="DKSR-EFI-06" duration="00:00:00.0033084" startTime="2024-01-09T15:45:46.7757715+01:00" endTime="2024-01-09T15:45:46.7792676+01:00" testType="13cdc9d9-ddb5-4fa4-a97d-d965ccfc6d4b" outcome="Passed" testListId="8c84fa94-04c1-424b-9868-57a2d4851a1d" relativeResultsDirectory="6326cbfa-1340-47eb-8cc1-0c922d60a548" />
    <UnitTestResult executionId="793cda79-921c-48a1-bb17-ce75dd99f2a5" testId="e69a267a-e07a-22bf-4915-eae5a252f8b8" testName="CountByItems_Activated_Expired" computerName="DKSR-EFI-06" duration="00:00:00.0016455" startTime="2024-01-09T15:45:46.3288027+01:00" endTime="2024-01-09T15:45:46.3306284+01:00" testType="13cdc9d9-ddb5-4fa4-a97d-d965ccfc6d4b" outcome="Passed" testListId="8c84fa94-04c1-424b-9868-57a2d4851a1d" relativeResultsDirectory="793cda79-921c-48a1-bb17-ce75dd99f2a5" />
    <UnitTestResult executionId="9bd19e1f-c8e2-4dec-b80f-ddb574274767" testId="52804f86-16d4-c4e7-0a3e-5434b8ef0f30" testName="WriteXml_ShouldWriteElements_WhenTheyHaveValues" computerName="DKSR-EFI-06" duration="00:00:00.0004346" startTime="2024-01-09T15:45:45.3338558+01:00" endTime="2024-01-09T15:45:45.3344711+01:00" testType="13cdc9d9-ddb5-4fa4-a97d-d965ccfc6d4b" outcome="Passed" testListId="8c84fa94-04c1-424b-9868-57a2d4851a1d" relativeResultsDirectory="9bd19e1f-c8e2-4dec-b80f-ddb574274767" />
    <UnitTestResult executionId="f2cd3c8b-1370-43ef-89c9-1670b6668093" testId="4cab5b13-e57d-d862-8721-f8c86a15bdbf" testName="GenerateDeviceCapabilityParameters_ShouldWriteResolution_WhenAlways" computerName="DKSR-EFI-06" duration="00:00:00.0004381" startTime="2024-01-09T15:45:46.4224065+01:00" endTime="2024-01-09T15:45:46.4230109+01:00" testType="13cdc9d9-ddb5-4fa4-a97d-d965ccfc6d4b" outcome="Passed" testListId="8c84fa94-04c1-424b-9868-57a2d4851a1d" relativeResultsDirectory="f2cd3c8b-1370-43ef-89c9-1670b6668093" />
    <UnitTestResult executionId="5a882e34-65f6-4630-b6e2-0a8159ba5e54" testId="503e5a86-709d-4f75-061c-3b116d3ee8e7" testName="Append_Element_KeyWithDotString" computerName="DKSR-EFI-06" duration="00:00:00.0001748" startTime="2024-01-09T15:45:44.3837706+01:00" endTime="2024-01-09T15:45:44.3841336+01:00" testType="13cdc9d9-ddb5-4fa4-a97d-d965ccfc6d4b" outcome="Passed" testListId="8c84fa94-04c1-424b-9868-57a2d4851a1d" relativeResultsDirectory="5a882e34-65f6-4630-b6e2-0a8159ba5e54" />
    <UnitTestResult executionId="3113cb5a-a7be-47a8-899d-f3d47a3ee446" testId="36835451-4db1-a03e-109f-0d92dfb22aba" testName="Append_OptionKeyString_Escaped" computerName="DKSR-EFI-06" duration="00:00:00.0008326" startTime="2024-01-09T15:45:44.3859148+01:00" endTime="2024-01-09T15:45:44.3872632+01:00" testType="13cdc9d9-ddb5-4fa4-a97d-d965ccfc6d4b" outcome="Passed" testListId="8c84fa94-04c1-424b-9868-57a2d4851a1d" relativeResultsDirectory="3113cb5a-a7be-47a8-899d-f3d47a3ee446" />
    <UnitTestResult executionId="52a71724-105a-4227-a12d-fb0975fc12b0" testId="372ecc8a-19e9-247e-0d4c-31a691ba7b09" testName="ReadXml_ShouldReadUtcTimeAttribute_WhenPresent" computerName="DKSR-EFI-06" duration="00:00:00.0022550" startTime="2024-01-09T15:45:45.0799464+01:00" endTime="2024-01-09T15:45:45.0824653+01:00" testType="13cdc9d9-ddb5-4fa4-a97d-d965ccfc6d4b" outcome="Passed" testListId="8c84fa94-04c1-424b-9868-57a2d4851a1d" relativeResultsDirectory="52a71724-105a-4227-a12d-fb0975fc12b0" />
    <UnitTestResult executionId="5c83ab79-c748-4543-b066-45c003630ffe" testId="5d3b9f28-5b7f-774a-d114-babb2f2f6cd2" testName="WriteXml_ShouldWriteFontFamiliyAttribute_WhenPresent" computerName="DKSR-EFI-06" duration="00:00:00.0003674" startTime="2024-01-09T15:45:45.0552140+01:00" endTime="2024-01-09T15:45:45.0557724+01:00" testType="13cdc9d9-ddb5-4fa4-a97d-d965ccfc6d4b" outcome="Passed" testListId="8c84fa94-04c1-424b-9868-57a2d4851a1d" relativeResultsDirectory="5c83ab79-c748-4543-b066-45c003630ffe" />
    <UnitTestResult executionId="d880b56e-c0cc-4166-8577-d6a61eb78410" testId="1e4e191e-63c7-1f37-201c-8fde2757768d" testName="Serialize_ShouldNotIncludeOptionDecorations_WhenPropertyIsCollectionOfSimpleTypesAndNoPropertiesRequestedInPath" computerName="DKSR-EFI-06" duration="00:00:00.0040623" startTime="2024-01-09T15:45:42.9143752+01:00" endTime="2024-01-09T15:45:42.9186492+01:00" testType="13cdc9d9-ddb5-4fa4-a97d-d965ccfc6d4b" outcome="Passed" testListId="8c84fa94-04c1-424b-9868-57a2d4851a1d" relativeResultsDirectory="d880b56e-c0cc-4166-8577-d6a61eb78410" />
    <UnitTestResult executionId="3393d0d5-ab4e-4ff7-a623-81685f54ac6f" testId="77b4115c-9698-8872-1259-5ceebb1db073" testName="IconOverlay_Success" computerName="DKSR-EFI-06" duration="00:00:00.0139772" startTime="2024-01-09T15:45:19.4795975+01:00" endTime="2024-01-09T15:45:19.4937907+01:00" testType="13cdc9d9-ddb5-4fa4-a97d-d965ccfc6d4b" outcome="Passed" testListId="8c84fa94-04c1-424b-9868-57a2d4851a1d" relativeResultsDirectory="3393d0d5-ab4e-4ff7-a623-81685f54ac6f" />
    <UnitTestResult executionId="28e63816-ed8e-4abe-90fa-ffc93483f4da" testId="4b5c9b24-d906-a00f-3905-ed5f0c9f240a" testName="ReadXml_ShouldIgnoreTransformation_WhenTransformationIsPresenWithWrongNamespace" computerName="DKSR-EFI-06" duration="00:00:00.0003944" startTime="2024-01-09T15:45:44.8257781+01:00" endTime="2024-01-09T15:45:44.8263829+01:00" testType="13cdc9d9-ddb5-4fa4-a97d-d965ccfc6d4b" outcome="Passed" testListId="8c84fa94-04c1-424b-9868-57a2d4851a1d" relativeResultsDirectory="28e63816-ed8e-4abe-90fa-ffc93483f4da" />
    <UnitTestResult executionId="934bd076-354e-4dde-8720-992b1bdc7d58" testId="4d993a4f-76c0-7cf9-2048-40644000ecc0" testName="Construction_Array" computerName="DKSR-EFI-06" duration="00:00:00.0010269" startTime="2024-01-09T15:45:44.3613370+01:00" endTime="2024-01-09T15:45:44.3629049+01:00" testType="13cdc9d9-ddb5-4fa4-a97d-d965ccfc6d4b" outcome="Passed" testListId="8c84fa94-04c1-424b-9868-57a2d4851a1d" relativeResultsDirectory="934bd076-354e-4dde-8720-992b1bdc7d58" />
    <UnitTestResult executionId="8be05a6c-e8a1-445f-9249-7a401b20067e" testId="788d8b0c-681e-eeab-fb16-541a413b2444" testName="GetNextDateTime_ShouldReturnDataEntityFromCacheWithoutCallingToolkit_WhenDataIsPresentInCache" computerName="DKSR-EFI-06" duration="00:00:00.0026331" startTime="2024-01-09T15:45:46.6822475+01:00" endTime="2024-01-09T15:45:46.6850609+01:00" testType="13cdc9d9-ddb5-4fa4-a97d-d965ccfc6d4b" outcome="Passed" testListId="8c84fa94-04c1-424b-9868-57a2d4851a1d" relativeResultsDirectory="8be05a6c-e8a1-445f-9249-7a401b20067e" />
    <UnitTestResult executionId="bc7c9896-1450-42e8-83bb-3c74c584b58a" testId="29ac2707-c2cb-35e2-eedb-a90688f5df17" testName="ReadXml_ShouldIgnoreObject_WhenObjectIsPresenWithWrongNamespace" computerName="DKSR-EFI-06" duration="00:00:00.0003611" startTime="2024-01-09T15:45:45.1159530+01:00" endTime="2024-01-09T15:45:45.1165057+01:00" testType="13cdc9d9-ddb5-4fa4-a97d-d965ccfc6d4b" outcome="Passed" testListId="8c84fa94-04c1-424b-9868-57a2d4851a1d" relativeResultsDirectory="bc7c9896-1450-42e8-83bb-3c74c584b58a" />
    <UnitTestResult executionId="7fdc98c2-f045-4bbd-b455-b0adc97055f0" testId="bfd791d4-3818-9f2c-b28d-53bbc42d1573" testName="AddFilterValue_NonExistingValue_NullFilter_Throws" computerName="DKSR-EFI-06" duration="00:00:00.0105072" startTime="2024-01-09T15:45:43.2656889+01:00" endTime="2024-01-09T15:45:43.2764837+01:00" testType="13cdc9d9-ddb5-4fa4-a97d-d965ccfc6d4b" outcome="Passed" testListId="8c84fa94-04c1-424b-9868-57a2d4851a1d" relativeResultsDirectory="7fdc98c2-f045-4bbd-b455-b0adc97055f0" />
    <UnitTestResult executionId="ef380b80-e5eb-43ce-a0d5-db7dddf63cdb" testId="c412921c-a830-d00a-e2a6-2eda860b9055" testName="AddFilterValue_ExistingValue_FirstValue_Success" computerName="DKSR-EFI-06" duration="00:00:00.0013643" startTime="2024-01-09T15:45:43.3100412+01:00" endTime="2024-01-09T15:45:43.3116306+01:00" testType="13cdc9d9-ddb5-4fa4-a97d-d965ccfc6d4b" outcome="Passed" testListId="8c84fa94-04c1-424b-9868-57a2d4851a1d" relativeResultsDirectory="ef380b80-e5eb-43ce-a0d5-db7dddf63cdb" />
    <UnitTestResult executionId="9fa8541d-13b7-488a-8508-52b89718df76" testId="ab1a8e45-8e17-ad94-af47-713e91eff11b" testName="Equals_Fail_OnOtherNull" computerName="DKSR-EFI-06" duration="00:00:00.0002708" startTime="2024-01-09T15:45:18.6632395+01:00" endTime="2024-01-09T15:45:18.6635975+01:00" testType="13cdc9d9-ddb5-4fa4-a97d-d965ccfc6d4b" outcome="Passed" testListId="8c84fa94-04c1-424b-9868-57a2d4851a1d" relativeResultsDirectory="9fa8541d-13b7-488a-8508-52b89718df76" />
    <UnitTestResult executionId="ce029884-1ca1-4565-877a-ad9738af355b" testId="c3bd77bb-39a3-4c51-ccee-0dc4af1425a6" testName="Add_ShouldReplaceLastElement_WhenStartTimeOfLastIsSameAsAdded" computerName="DKSR-EFI-06" duration="00:00:00.0227704" startTime="2024-01-09T15:45:46.8285719+01:00" endTime="2024-01-09T15:45:46.8516745+01:00" testType="13cdc9d9-ddb5-4fa4-a97d-d965ccfc6d4b" outcome="Passed" testListId="8c84fa94-04c1-424b-9868-57a2d4851a1d" relativeResultsDirectory="ce029884-1ca1-4565-877a-ad9738af355b" />
    <UnitTestResult executionId="cb82ee78-f75b-4fb1-aecd-6d5818579d25" testId="0479c184-1f1e-07e0-e9bf-b787331a6833" testName="WriteMetadataXml_ShouldThrowArgumentNullException_WhenMetadataIsNullWithStream" computerName="DKSR-EFI-06" duration="00:00:00.0005754" startTime="2024-01-09T15:45:45.2341984+01:00" endTime="2024-01-09T15:45:45.2349389+01:00" testType="13cdc9d9-ddb5-4fa4-a97d-d965ccfc6d4b" outcome="Passed" testListId="8c84fa94-04c1-424b-9868-57a2d4851a1d" relativeResultsDirectory="cb82ee78-f75b-4fb1-aecd-6d5818579d25" />
    <UnitTestResult executionId="e2921475-d165-4732-aa76-eb2c7b1a0103" testId="eefc51b9-5382-2aee-c4ce-08acd9cc49de" testName="GetMetadataStream_ShouldReturnMetadataStream_WhenByteArrayContainsValidXml" computerName="DKSR-EFI-06" duration="00:00:00.0056989" startTime="2024-01-09T15:45:45.1412960+01:00" endTime="2024-01-09T15:45:45.1472217+01:00" testType="13cdc9d9-ddb5-4fa4-a97d-d965ccfc6d4b" outcome="Passed" testListId="8c84fa94-04c1-424b-9868-57a2d4851a1d" relativeResultsDirectory="e2921475-d165-4732-aa76-eb2c7b1a0103" />
    <UnitTestResult executionId="fa7fa943-00f3-463b-bc03-50c7d8c0190e" testId="273b976a-4136-12a0-93d4-d31e724b1d9b" testName="SHA256Hex64_ShouldReturnSHAHash_WhenInputIsNotNull" computerName="DKSR-EFI-06" duration="00:00:00.0006548" startTime="2024-01-09T15:45:46.8065394+01:00" endTime="2024-01-09T15:45:46.8073549+01:00" testType="13cdc9d9-ddb5-4fa4-a97d-d965ccfc6d4b" outcome="Passed" testListId="8c84fa94-04c1-424b-9868-57a2d4851a1d" relativeResultsDirectory="fa7fa943-00f3-463b-bc03-50c7d8c0190e" />
    <UnitTestResult executionId="f5868541-5cbd-42e7-bd29-d5c53afe3fcd" testId="20ff39df-6b6f-8d20-2277-72d3fc9ee983" testName="Convert_MultiArgumentConverter_ShouldNotAllowNullValue_WhenArgumentIsValueType" computerName="DKSR-EFI-06" duration="00:00:00.0008905" startTime="2024-01-09T15:45:41.1095091+01:00" endTime="2024-01-09T15:45:41.1106185+01:00" testType="13cdc9d9-ddb5-4fa4-a97d-d965ccfc6d4b" outcome="Passed" testListId="8c84fa94-04c1-424b-9868-57a2d4851a1d" relativeResultsDirectory="f5868541-5cbd-42e7-bd29-d5c53afe3fcd" />
    <UnitTestResult executionId="cd8f3537-9768-49b6-b58b-ba86f21cf563" testId="bf1206bb-c315-791a-6716-b4026aff80ac" testName="TestConstructor_Success" computerName="DKSR-EFI-06" duration="00:00:00.0008267" startTime="2024-01-09T15:45:44.3554287+01:00" endTime="2024-01-09T15:45:44.3565295+01:00" testType="13cdc9d9-ddb5-4fa4-a97d-d965ccfc6d4b" outcome="Passed" testListId="8c84fa94-04c1-424b-9868-57a2d4851a1d" relativeResultsDirectory="cd8f3537-9768-49b6-b58b-ba86f21cf563" />
    <UnitTestResult executionId="2fbd0624-df5d-4a6c-92ad-1bb2b81bfcdd" testId="66008b6f-5831-0af0-c7ea-7bf08df5fe34" testName="Minimize_ShouldReturnOneInterval_WhenListContainsTwoOverlappingIntervals" computerName="DKSR-EFI-06" duration="00:00:00.0020621" startTime="2024-01-09T15:45:32.2873570+01:00" endTime="2024-01-09T15:45:32.2895776+01:00" testType="13cdc9d9-ddb5-4fa4-a97d-d965ccfc6d4b" outcome="Passed" testListId="8c84fa94-04c1-424b-9868-57a2d4851a1d" relativeResultsDirectory="2fbd0624-df5d-4a6c-92ad-1bb2b81bfcdd" />
    <UnitTestResult executionId="32508e86-6898-49a9-b18e-9174c0ad6a71" testId="ac145d13-4c02-a67c-cc07-a100e99d94e8" testName="ReadAppearanceExtensionXml_ShouldReadBoundingBoxLineColor_WhenBoundingBoxLineColorIsPresent" computerName="DKSR-EFI-06" duration="00:00:00.0003238" startTime="2024-01-09T15:45:45.4366950+01:00" endTime="2024-01-09T15:45:45.4372182+01:00" testType="13cdc9d9-ddb5-4fa4-a97d-d965ccfc6d4b" outcome="Passed" testListId="8c84fa94-04c1-424b-9868-57a2d4851a1d" relativeResultsDirectory="32508e86-6898-49a9-b18e-9174c0ad6a71" />
    <UnitTestResult executionId="dcf155bf-d598-4f2e-8ad9-b585b97f0f5c" testId="c2b3a374-d9ca-fe1a-d2bb-dddc9de79775" testName="GetItem_ShouldNotReturnItem_WhenOtherAddedFound" computerName="DKSR-EFI-06" duration="00:00:00.0004069" startTime="2024-01-09T15:45:22.1612318+01:00" endTime="2024-01-09T15:45:22.1617833+01:00" testType="13cdc9d9-ddb5-4fa4-a97d-d965ccfc6d4b" outcome="Passed" testListId="8c84fa94-04c1-424b-9868-57a2d4851a1d" relativeResultsDirectory="dcf155bf-d598-4f2e-8ad9-b585b97f0f5c" />
    <UnitTestResult executionId="86a73140-49c5-41b2-b2f0-6d96a4d778c7" testId="ee790526-59c0-ec03-5ce2-11fd14081a1a" testName="Serialize_TestCases (TestParentTypeMatchDecimalThisTypeMatched)" computerName="DKSR-EFI-06" duration="00:00:00.0004128" startTime="2024-01-09T15:45:43.0162422+01:00" endTime="2024-01-09T15:45:43.0171161+01:00" testType="13cdc9d9-ddb5-4fa4-a97d-d965ccfc6d4b" outcome="Passed" testListId="8c84fa94-04c1-424b-9868-57a2d4851a1d" relativeResultsDirectory="86a73140-49c5-41b2-b2f0-6d96a4d778c7" />
    <UnitTestResult executionId="9209a4bf-398f-494d-980f-31d3cf1a31bf" testId="7b38c175-8f37-0ff7-77b0-702939d7a735" testName="GetLicensePlateFilterValue_NullCriteria_Throws" computerName="DKSR-EFI-06" duration="00:00:00.0010285" startTime="2024-01-09T15:45:44.3233131+01:00" endTime="2024-01-09T15:45:44.3245706+01:00" testType="13cdc9d9-ddb5-4fa4-a97d-d965ccfc6d4b" outcome="Passed" testListId="8c84fa94-04c1-424b-9868-57a2d4851a1d" relativeResultsDirectory="9209a4bf-398f-494d-980f-31d3cf1a31bf" />
    <UnitTestResult executionId="a1038c68-8ed5-4038-9e81-ade9a66d1129" testId="be126d46-0548-695a-7287-bae8146e110d" testName="Longitude_ShouldThrowArgumentOfRange_WhenValueIsOutsideAcceptedRange" computerName="DKSR-EFI-06" duration="00:00:00.0011174" startTime="2024-01-09T15:45:45.3044863+01:00" endTime="2024-01-09T15:45:45.3057401+01:00" testType="13cdc9d9-ddb5-4fa4-a97d-d965ccfc6d4b" outcome="Passed" testListId="8c84fa94-04c1-424b-9868-57a2d4851a1d" relativeResultsDirectory="a1038c68-8ed5-4038-9e81-ade9a66d1129" />
    <UnitTestResult executionId="95e247c8-2135-48f1-aaf5-a3599b90ea41" testId="cd7f7ed7-88a6-0fa2-919b-8f85deed3b1c" testName="SearchResultData_EndTimeWithPaddingUnset_ShouldReturnEndTime" computerName="DKSR-EFI-06" duration="00:00:00.0001926" startTime="2024-01-09T15:45:43.7731178+01:00" endTime="2024-01-09T15:45:43.7735122+01:00" testType="13cdc9d9-ddb5-4fa4-a97d-d965ccfc6d4b" outcome="Passed" testListId="8c84fa94-04c1-424b-9868-57a2d4851a1d" relativeResultsDirectory="95e247c8-2135-48f1-aaf5-a3599b90ea41" />
    <UnitTestResult executionId="525b4693-f3a5-4754-a831-e7f1e83e6348" testId="b7df116d-9320-09bb-de54-2fccf2279e48" testName="Icon_Set" computerName="DKSR-EFI-06" duration="00:00:00.0149151" startTime="2024-01-09T15:45:19.4637250+01:00" endTime="2024-01-09T15:45:19.4788429+01:00" testType="13cdc9d9-ddb5-4fa4-a97d-d965ccfc6d4b" outcome="Passed" testListId="8c84fa94-04c1-424b-9868-57a2d4851a1d" relativeResultsDirectory="525b4693-f3a5-4754-a831-e7f1e83e6348" />
    <UnitTestResult executionId="7d73011b-a85d-4812-a6ce-d909485b4efa" testId="d53b731a-f1cc-f58f-ac8f-3fdcdc3a367b" testName="WriteXml_ShouldWriteScaleContents_WhenScaleIsNotNull" computerName="DKSR-EFI-06" duration="00:00:00.0008975" startTime="2024-01-09T15:45:45.5973221+01:00" endTime="2024-01-09T15:45:45.5984175+01:00" testType="13cdc9d9-ddb5-4fa4-a97d-d965ccfc6d4b" outcome="Passed" testListId="8c84fa94-04c1-424b-9868-57a2d4851a1d" relativeResultsDirectory="7d73011b-a85d-4812-a6ce-d909485b4efa" />
    <UnitTestResult executionId="33d10b62-df9d-4974-9c89-a786b1465933" testId="d2434559-e3a7-5692-c403-1d47d873a133" testName="ProvideValue_ShouldUseNull_WhenSelectedItemIsNotSet" computerName="DKSR-EFI-06" duration="00:00:00.0239367" startTime="2024-01-09T15:45:42.3428498+01:00" endTime="2024-01-09T15:45:42.3693048+01:00" testType="13cdc9d9-ddb5-4fa4-a97d-d965ccfc6d4b" outcome="Passed" testListId="8c84fa94-04c1-424b-9868-57a2d4851a1d" relativeResultsDirectory="33d10b62-df9d-4974-9c89-a786b1465933" />
    <UnitTestResult executionId="40e6041a-5eda-41c5-93ac-17b2921b788d" testId="93f61c3c-6b1e-d1b6-89d6-3a1bfa5e90ba" testName="HasExtensionDataPresent_ShouldReturnFalse_WhenExtensionDataIsNotPresent" computerName="DKSR-EFI-06" duration="00:00:00.0001441" startTime="2024-01-09T15:45:45.4110473+01:00" endTime="2024-01-09T15:45:45.4113014+01:00" testType="13cdc9d9-ddb5-4fa4-a97d-d965ccfc6d4b" outcome="Passed" testListId="8c84fa94-04c1-424b-9868-57a2d4851a1d" relativeResultsDirectory="40e6041a-5eda-41c5-93ac-17b2921b788d" />
    <UnitTestResult executionId="85e36999-4934-40cb-9cd8-db6b01188eea" testId="fd3d93a9-265d-ee70-503b-7e4448400893" testName="AllowGroupSelection_MultiSelect_GroupSelected" computerName="DKSR-EFI-06" duration="00:00:00.0011488" startTime="2024-01-09T15:45:40.6305123+01:00" endTime="2024-01-09T15:45:40.6318495+01:00" testType="13cdc9d9-ddb5-4fa4-a97d-d965ccfc6d4b" outcome="Passed" testListId="8c84fa94-04c1-424b-9868-57a2d4851a1d" relativeResultsDirectory="85e36999-4934-40cb-9cd8-db6b01188eea" />
    <UnitTestResult executionId="94b0b2c7-3b24-491e-8e0c-4017dec4226a" testId="f2c9789b-ec5f-6518-f2c0-b2ab50a92288" testName="Enabled_Properties_With_Enable_Yes_success" computerName="DKSR-EFI-06" duration="00:00:00.0135537" startTime="2024-01-09T15:45:19.9773662+01:00" endTime="2024-01-09T15:45:19.9912162+01:00" testType="13cdc9d9-ddb5-4fa4-a97d-d965ccfc6d4b" outcome="Passed" testListId="8c84fa94-04c1-424b-9868-57a2d4851a1d" relativeResultsDirectory="94b0b2c7-3b24-491e-8e0c-4017dec4226a" />
    <UnitTestResult executionId="dc03611b-52b5-4c14-ad53-2aebe2b03272" testId="555e4b79-92bf-9342-267d-e971e8e557fa" testName="BuildOverlayWidthHeightBaseEvent_ShouldReturnCorrectSizedBitmap_WhenArgumentIsAnalyticsEvent" computerName="DKSR-EFI-06" duration="00:00:00.0149430" startTime="2024-01-09T15:45:20.8094920+01:00" endTime="2024-01-09T15:45:20.8248255+01:00" testType="13cdc9d9-ddb5-4fa4-a97d-d965ccfc6d4b" outcome="Passed" testListId="8c84fa94-04c1-424b-9868-57a2d4851a1d" relativeResultsDirectory="dc03611b-52b5-4c14-ad53-2aebe2b03272" />
    <UnitTestResult executionId="30b4bff7-fa24-4d1e-a8f5-84acd54b4b06" testId="d09f13a4-f856-1992-47ba-5179fa45274e" testName="Serialize_TestCases (TestParentRecursiveOneRecursiveElement)" computerName="DKSR-EFI-06" duration="00:00:00.0007119" startTime="2024-01-09T15:45:43.1266320+01:00" endTime="2024-01-09T15:45:43.1276503+01:00" testType="13cdc9d9-ddb5-4fa4-a97d-d965ccfc6d4b" outcome="Passed" testListId="8c84fa94-04c1-424b-9868-57a2d4851a1d" relativeResultsDirectory="30b4bff7-fa24-4d1e-a8f5-84acd54b4b06" />
    <UnitTestResult executionId="aa92e1c1-6131-46da-ad3d-7d2643104301" testId="6e2943e4-1567-7531-b5b0-13aaeb4e80e3" testName="Add_NullKey_Throws" computerName="DKSR-EFI-06" duration="00:00:00.0004831" startTime="2024-01-09T15:45:32.5182716+01:00" endTime="2024-01-09T15:45:32.5189312+01:00" testType="13cdc9d9-ddb5-4fa4-a97d-d965ccfc6d4b" outcome="Passed" testListId="8c84fa94-04c1-424b-9868-57a2d4851a1d" relativeResultsDirectory="aa92e1c1-6131-46da-ad3d-7d2643104301" />
    <UnitTestResult executionId="330302d0-641f-42b0-b27b-a07b05448aef" testId="7e3c3908-f70c-8d41-e8fe-866ddfe5a4bc" testName="CreateSearchFilterEditControl_MultiplePlugins_Success" computerName="DKSR-EFI-06" duration="00:00:00.0031934" startTime="2024-01-09T15:45:44.1171851+01:00" endTime="2024-01-09T15:45:44.1259504+01:00" testType="13cdc9d9-ddb5-4fa4-a97d-d965ccfc6d4b" outcome="Passed" testListId="8c84fa94-04c1-424b-9868-57a2d4851a1d" relativeResultsDirectory="330302d0-641f-42b0-b27b-a07b05448aef" />
    <UnitTestResult executionId="4fd1ca0d-913e-45f1-9a6e-d338c0719eb8" testId="618c093b-a0b6-05a6-fc06-deebeffd4e3d" testName="GetClientAsync_NotStartsClient_WhenLoggedOut" computerName="DKSR-EFI-06" duration="00:00:00.0041586" startTime="2024-01-09T15:45:45.7657226+01:00" endTime="2024-01-09T15:45:45.7701314+01:00" testType="13cdc9d9-ddb5-4fa4-a97d-d965ccfc6d4b" outcome="Passed" testListId="8c84fa94-04c1-424b-9868-57a2d4851a1d" relativeResultsDirectory="4fd1ca0d-913e-45f1-9a6e-d338c0719eb8" />
    <UnitTestResult executionId="1b36233b-e6b0-40fe-bc7d-59fed8628b35" testId="9ef77c95-5283-32cc-e077-a32bcc727b45" testName="Minimize_ShouldReturnTwoIntervals_WhenListContainsTwoNonOverlappingIntervalsReversed" computerName="DKSR-EFI-06" duration="00:00:00.0007725" startTime="2024-01-09T15:45:32.2978978+01:00" endTime="2024-01-09T15:45:32.2988570+01:00" testType="13cdc9d9-ddb5-4fa4-a97d-d965ccfc6d4b" outcome="Passed" testListId="8c84fa94-04c1-424b-9868-57a2d4851a1d" relativeResultsDirectory="1b36233b-e6b0-40fe-bc7d-59fed8628b35" />
    <UnitTestResult executionId="73058649-b0e8-46ca-b924-c6a9ade7c987" testId="0f5489b1-8ac4-9204-17f4-b55749ac6490" testName="Enabled_Properties_With_Enable_True_success" computerName="DKSR-EFI-06" duration="00:00:00.0144718" startTime="2024-01-09T15:45:19.9996268+01:00" endTime="2024-01-09T15:45:20.0143923+01:00" testType="13cdc9d9-ddb5-4fa4-a97d-d965ccfc6d4b" outcome="Passed" testListId="8c84fa94-04c1-424b-9868-57a2d4851a1d" relativeResultsDirectory="73058649-b0e8-46ca-b924-c6a9ade7c987" />
    <UnitTestResult executionId="15bfc6a2-240c-4d68-aa00-f3faa59ad8cf" testId="f3d705dd-7bc5-3c67-615c-4a5792f645ee" testName="Serialize_ShouldHandleSelfReferencingWithCollection" computerName="DKSR-EFI-06" duration="00:00:00.0024209" startTime="2024-01-09T15:45:42.8381076+01:00" endTime="2024-01-09T15:45:42.8407686+01:00" testType="13cdc9d9-ddb5-4fa4-a97d-d965ccfc6d4b" outcome="Passed" testListId="8c84fa94-04c1-424b-9868-57a2d4851a1d" relativeResultsDirectory="15bfc6a2-240c-4d68-aa00-f3faa59ad8cf" />
    <UnitTestResult executionId="cfd35b8c-0a95-4858-9bdf-f73d0b773ec1" testId="48e1001e-d788-4f1f-114b-b2f616ae9b17" testName="FindCacheEntryAfter_ShuldReturnNull_WhenThereAreNoEntriesAfterTheTimestamp" computerName="DKSR-EFI-06" duration="00:00:00.0003882" startTime="2024-01-09T15:45:46.4882338+01:00" endTime="2024-01-09T15:45:46.4888174+01:00" testType="13cdc9d9-ddb5-4fa4-a97d-d965ccfc6d4b" outcome="Passed" testListId="8c84fa94-04c1-424b-9868-57a2d4851a1d" relativeResultsDirectory="cfd35b8c-0a95-4858-9bdf-f73d0b773ec1" />
    <UnitTestResult executionId="ebca56cc-8327-4063-805a-085b8a1bc8b3" testId="61995c8a-35dd-f2df-f559-b60cb8f54a82" testName="Append_Element_String" computerName="DKSR-EFI-06" duration="00:00:00.0001565" startTime="2024-01-09T15:45:44.3673525+01:00" endTime="2024-01-09T15:45:44.3676950+01:00" testType="13cdc9d9-ddb5-4fa4-a97d-d965ccfc6d4b" outcome="Passed" testListId="8c84fa94-04c1-424b-9868-57a2d4851a1d" relativeResultsDirectory="ebca56cc-8327-4063-805a-085b8a1bc8b3" />
    <UnitTestResult executionId="4520636d-248a-42d8-bfb9-b59901e0f870" testId="fb65aff9-84a8-5b2a-92bd-f76bc29d120f" testName="ReadXml_ShouldReadXmlAndCreateSameValues_WhenItIsWrittenByWriteXml" computerName="DKSR-EFI-06" duration="00:00:00.0005152" startTime="2024-01-09T15:45:45.3352108+01:00" endTime="2024-01-09T15:45:45.3358992+01:00" testType="13cdc9d9-ddb5-4fa4-a97d-d965ccfc6d4b" outcome="Passed" testListId="8c84fa94-04c1-424b-9868-57a2d4851a1d" relativeResultsDirectory="4520636d-248a-42d8-bfb9-b59901e0f870" />
    <UnitTestResult executionId="08e8037e-b58d-4619-af95-976c722229a6" testId="9f7143c5-f21b-a4cb-b62f-d856a6e8e1f7" testName="GetBoundingShapesAsync_MultipleInvocationsPerTime_DelegatedToInternalMethodOnlyOncePerTime" computerName="DKSR-EFI-06" duration="00:00:00.0012807" startTime="2024-01-09T15:45:43.7433737+01:00" endTime="2024-01-09T15:45:43.7448793+01:00" testType="13cdc9d9-ddb5-4fa4-a97d-d965ccfc6d4b" outcome="Passed" testListId="8c84fa94-04c1-424b-9868-57a2d4851a1d" relativeResultsDirectory="08e8037e-b58d-4619-af95-976c722229a6" />
    <UnitTestResult executionId="f72abe88-3df3-41e1-ad17-accd50ff7530" testId="86d87531-58b0-c805-e0a3-bb2bb5312580" testName="ProvideValue_ShouldUseSharedContentTemplate_WhenContentTemplateIsSetOnDropDown" computerName="DKSR-EFI-06" duration="00:00:00.0028177" startTime="2024-01-09T15:45:42.4569162+01:00" endTime="2024-01-09T15:45:42.4843035+01:00" testType="13cdc9d9-ddb5-4fa4-a97d-d965ccfc6d4b" outcome="Passed" testListId="8c84fa94-04c1-424b-9868-57a2d4851a1d" relativeResultsDirectory="f72abe88-3df3-41e1-ad17-accd50ff7530" />
    <UnitTestResult executionId="be0d6290-cf1a-4818-b5fe-9e6b322f77f6" testId="06f72c6d-178e-1776-b54f-f3db73a3e144" testName="UtcTime_ShouldReturnConstructorValue_WhenSet" computerName="DKSR-EFI-06" duration="00:00:00.0036553" startTime="2024-01-09T15:45:45.0610278+01:00" endTime="2024-01-09T15:45:45.0655102+01:00" testType="13cdc9d9-ddb5-4fa4-a97d-d965ccfc6d4b" outcome="Passed" testListId="8c84fa94-04c1-424b-9868-57a2d4851a1d" relativeResultsDirectory="be0d6290-cf1a-4818-b5fe-9e6b322f77f6" />
    <UnitTestResult executionId="5d2d025f-c5b0-4b13-9227-f9086c0c3a6a" testId="7ff37c2f-1947-5bfd-5301-306c5eae35b9" testName="TestMultiLevelQueue_LevelIdentifierThrowsException_QueueSurvives" computerName="DKSR-EFI-06" duration="00:00:00.0606004" startTime="2024-01-09T15:45:38.0362569+01:00" endTime="2024-01-09T15:45:38.0971681+01:00" testType="13cdc9d9-ddb5-4fa4-a97d-d965ccfc6d4b" outcome="Passed" testListId="8c84fa94-04c1-424b-9868-57a2d4851a1d" relativeResultsDirectory="5d2d025f-c5b0-4b13-9227-f9086c0c3a6a" />
    <UnitTestResult executionId="b8a305b9-8c84-4ee3-9a87-90784dd47d7d" testId="d716207e-88e3-d258-c9c3-93a6eb313656" testName="GetAtOrBefore_ShouldReturnNull_WhenCacheIsEmpty" computerName="DKSR-EFI-06" duration="00:00:00.0006912" startTime="2024-01-09T15:45:46.5294801+01:00" endTime="2024-01-09T15:45:46.5303444+01:00" testType="13cdc9d9-ddb5-4fa4-a97d-d965ccfc6d4b" outcome="Passed" testListId="8c84fa94-04c1-424b-9868-57a2d4851a1d" relativeResultsDirectory="b8a305b9-8c84-4ee3-9a87-90784dd47d7d" />
    <UnitTestResult executionId="c8d848f5-40a7-43fc-ae64-f1eb10374f7c" testId="61ac148b-77c6-a946-fca0-45c9e49f9516" testName="ProvideValue_ShouldNotApplyText_WhenItemTextPropertyNameIsNotSet" computerName="DKSR-EFI-06" duration="00:00:00.0293360" startTime="2024-01-09T15:45:42.0318909+01:00" endTime="2024-01-09T15:45:42.0809181+01:00" testType="13cdc9d9-ddb5-4fa4-a97d-d965ccfc6d4b" outcome="Passed" testListId="8c84fa94-04c1-424b-9868-57a2d4851a1d" relativeResultsDirectory="c8d848f5-40a7-43fc-ae64-f1eb10374f7c" />
    <UnitTestResult executionId="5e12e761-2336-4588-8b2b-31be3eb4d1ad" testId="a26aca48-0992-fb7f-2394-abc4cff3b453" testName="Unescape_Success" computerName="DKSR-EFI-06" duration="00:00:00.0006431" startTime="2024-01-09T15:45:32.2440930+01:00" endTime="2024-01-09T15:45:32.2448673+01:00" testType="13cdc9d9-ddb5-4fa4-a97d-d965ccfc6d4b" outcome="Passed" testListId="8c84fa94-04c1-424b-9868-57a2d4851a1d" relativeResultsDirectory="5e12e761-2336-4588-8b2b-31be3eb4d1ad" />
    <UnitTestResult executionId="1b242822-da2c-42a9-96c2-bf203ce7004a" testId="6e5da37d-17c2-c99b-bec0-ba093cc6461d" testName="Remove_Success" computerName="DKSR-EFI-06" duration="00:00:00.0007446" startTime="2024-01-09T15:45:32.5032133+01:00" endTime="2024-01-09T15:45:32.5041223+01:00" testType="13cdc9d9-ddb5-4fa4-a97d-d965ccfc6d4b" outcome="Passed" testListId="8c84fa94-04c1-424b-9868-57a2d4851a1d" relativeResultsDirectory="1b242822-da2c-42a9-96c2-bf203ce7004a" />
    <UnitTestResult executionId="6d46e93b-5c0d-43c5-8c96-a8eec924593f" testId="26e0371b-a9ac-efb2-5c04-9498517c8a6b" testName="CountByItems_NotActivated_Trial_Missing" computerName="DKSR-EFI-06" duration="00:00:00.0009584" startTime="2024-01-09T15:45:46.3050072+01:00" endTime="2024-01-09T15:45:46.3061377+01:00" testType="13cdc9d9-ddb5-4fa4-a97d-d965ccfc6d4b" outcome="Passed" testListId="8c84fa94-04c1-424b-9868-57a2d4851a1d" relativeResultsDirectory="6d46e93b-5c0d-43c5-8c96-a8eec924593f" />
    <UnitTestResult executionId="be21264d-9892-424f-8c16-7819f6d8574f" testId="fdd1c789-d9b7-74e5-3e60-0cdd8a844a3b" testName="ReadXml_ShouldLogMessage_WhenObjectIdAttributeIsPresentButNotAnInteger" computerName="DKSR-EFI-06" duration="00:00:00.0011979" startTime="2024-01-09T15:45:45.3776294+01:00" endTime="2024-01-09T15:45:45.3789461+01:00" testType="13cdc9d9-ddb5-4fa4-a97d-d965ccfc6d4b" outcome="Passed" testListId="8c84fa94-04c1-424b-9868-57a2d4851a1d" relativeResultsDirectory="be21264d-9892-424f-8c16-7819f6d8574f" />
    <UnitTestResult executionId="e5693c73-2251-4d48-b03d-b9f87d16c9ac" testId="d67f39a6-38da-54cf-bd51-1084e48c6e60" testName="ReadXml_ShouldSetAllFieldsToNull_ThatAreNotPresentInXml" computerName="DKSR-EFI-06" duration="00:00:00.0021964" startTime="2024-01-09T15:45:45.3130651+01:00" endTime="2024-01-09T15:45:45.3154549+01:00" testType="13cdc9d9-ddb5-4fa4-a97d-d965ccfc6d4b" outcome="Passed" testListId="8c84fa94-04c1-424b-9868-57a2d4851a1d" relativeResultsDirectory="e5693c73-2251-4d48-b03d-b9f87d16c9ac" />
    <UnitTestResult executionId="05ca9aed-585e-466d-845b-51b54d13713b" testId="225e2319-c278-70af-0c9e-1f0e59bd70af" testName="ReadXml_ShouldDiscardScale_WhenIncompleteScaleIsPresent" computerName="DKSR-EFI-06" duration="00:00:00.0012102" startTime="2024-01-09T15:45:45.5650434+01:00" endTime="2024-01-09T15:45:45.5664501+01:00" testType="13cdc9d9-ddb5-4fa4-a97d-d965ccfc6d4b" outcome="Passed" testListId="8c84fa94-04c1-424b-9868-57a2d4851a1d" relativeResultsDirectory="05ca9aed-585e-466d-845b-51b54d13713b" />
    <UnitTestResult executionId="15b21796-7d43-40a6-a6e8-7e950a4f9d27" testId="d3aac1dd-0f5d-4d1a-ac7a-ab3b6af2bff9" testName="SplitString_When2Levels_CountsLastSeparator" computerName="DKSR-EFI-06" duration="00:00:00.0004104" startTime="2024-01-09T15:45:32.2368765+01:00" endTime="2024-01-09T15:45:32.2373976+01:00" testType="13cdc9d9-ddb5-4fa4-a97d-d965ccfc6d4b" outcome="Passed" testListId="8c84fa94-04c1-424b-9868-57a2d4851a1d" relativeResultsDirectory="15b21796-7d43-40a6-a6e8-7e950a4f9d27" />
    <UnitTestResult executionId="fcccadff-791c-48db-9564-ecc4c91d7b95" testId="97bf175b-3437-3a0c-6b6e-4f876d982b3c" testName="TestMultiLevelQueue_TwoLevels_IdleLevelQueueDisposed_Success" computerName="DKSR-EFI-06" duration="00:00:00.5261634" startTime="2024-01-09T15:45:35.5861593+01:00" endTime="2024-01-09T15:45:36.1125816+01:00" testType="13cdc9d9-ddb5-4fa4-a97d-d965ccfc6d4b" outcome="Passed" testListId="8c84fa94-04c1-424b-9868-57a2d4851a1d" relativeResultsDirectory="fcccadff-791c-48db-9564-ecc4c91d7b95" />
    <UnitTestResult executionId="3ddfb824-6c2f-46d5-bd07-15b711ea25a6" testId="af3c7f95-5484-075f-8f9e-acca11c99bc5" testName="GetNearest_ShouldReturnNearestData_WhenTimestampIsInMiddleOfDataReturnedFromToolkit" computerName="DKSR-EFI-06" duration="00:00:00.0021772" startTime="2024-01-09T15:45:46.7260423+01:00" endTime="2024-01-09T15:45:46.7284013+01:00" testType="13cdc9d9-ddb5-4fa4-a97d-d965ccfc6d4b" outcome="Passed" testListId="8c84fa94-04c1-424b-9868-57a2d4851a1d" relativeResultsDirectory="3ddfb824-6c2f-46d5-bd07-15b711ea25a6" />
    <UnitTestResult executionId="bc86c16b-f83a-46ab-91b3-d127cf6c9b24" testId="0a158be2-3d0e-91be-dc79-b834318d6106" testName="Populate_SearchTextSet_ItemsFound_False" computerName="DKSR-EFI-06" duration="00:00:00.0294782" startTime="2024-01-09T15:45:41.0263989+01:00" endTime="2024-01-09T15:45:41.0561812+01:00" testType="13cdc9d9-ddb5-4fa4-a97d-d965ccfc6d4b" outcome="Passed" testListId="8c84fa94-04c1-424b-9868-57a2d4851a1d" relativeResultsDirectory="bc86c16b-f83a-46ab-91b3-d127cf6c9b24" />
    <UnitTestResult executionId="249fd9d7-1532-4539-a54c-4a0a179d893b" testId="144c69ed-fb6c-34fd-956a-d442174acbf9" testName="ReadXml_ShouldReadTranslate_WhenTranslateIsPresent" computerName="DKSR-EFI-06" duration="00:00:00.0007634" startTime="2024-01-09T15:45:45.5672152+01:00" endTime="2024-01-09T15:45:45.5681723+01:00" testType="13cdc9d9-ddb5-4fa4-a97d-d965ccfc6d4b" outcome="Passed" testListId="8c84fa94-04c1-424b-9868-57a2d4851a1d" relativeResultsDirectory="249fd9d7-1532-4539-a54c-4a0a179d893b" />
    <UnitTestResult executionId="b247e62c-118e-4051-a1a4-646e41ff170e" testId="9c3bf906-36ef-3f5d-6689-5fb9e3aa8d47" testName="Match_Fail_SystemType_WrongType_Single" computerName="DKSR-EFI-06" duration="00:00:00.0003217" startTime="2024-01-09T15:45:45.7105682+01:00" endTime="2024-01-09T15:45:45.7110781+01:00" testType="13cdc9d9-ddb5-4fa4-a97d-d965ccfc6d4b" outcome="Passed" testListId="8c84fa94-04c1-424b-9868-57a2d4851a1d" relativeResultsDirectory="b247e62c-118e-4051-a1a4-646e41ff170e" />
    <UnitTestResult executionId="6de68c53-1d73-4aa3-90b4-a1ed0802df53" testId="f7581027-c1a4-443d-888a-b124436b90b1" testName="ReadXml_ShouldIgnoreTransformation_WhenTransformationIsPresenWithWrongNamespace" computerName="DKSR-EFI-06" duration="00:00:00.0003001" startTime="2024-01-09T15:45:45.1042235+01:00" endTime="2024-01-09T15:45:45.1047145+01:00" testType="13cdc9d9-ddb5-4fa4-a97d-d965ccfc6d4b" outcome="Passed" testListId="8c84fa94-04c1-424b-9868-57a2d4851a1d" relativeResultsDirectory="6de68c53-1d73-4aa3-90b4-a1ed0802df53" />
    <UnitTestResult executionId="d6faada2-8da9-429e-9341-a25a0fb6e612" testId="1f165af9-b6e7-bd17-1c06-1628746543b3" testName="GetNearest_ShouldReturnLastElementFromToolkitResponse_WhenTimestampIsAfterLastElementInResponse" computerName="DKSR-EFI-06" duration="00:00:00.0026337" startTime="2024-01-09T15:45:46.7334071+01:00" endTime="2024-01-09T15:45:46.7362758+01:00" testType="13cdc9d9-ddb5-4fa4-a97d-d965ccfc6d4b" outcome="Passed" testListId="8c84fa94-04c1-424b-9868-57a2d4851a1d" relativeResultsDirectory="d6faada2-8da9-429e-9341-a25a0fb6e612" />
    <UnitTestResult executionId="14b8be50-7a8d-4538-b194-f1911e8df996" testId="cb973932-552d-edc5-fa30-c27e003b5121" testName="UtcTimeAttributeWasPresent_ShouldReturnFalse_WhenUtcTimeAttributeIsMissing" computerName="DKSR-EFI-06" duration="00:00:00.0003685" startTime="2024-01-09T15:45:45.0960288+01:00" endTime="2024-01-09T15:45:45.0966086+01:00" testType="13cdc9d9-ddb5-4fa4-a97d-d965ccfc6d4b" outcome="Passed" testListId="8c84fa94-04c1-424b-9868-57a2d4851a1d" relativeResultsDirectory="14b8be50-7a8d-4538-b194-f1911e8df996" />
    <UnitTestResult executionId="082b867b-6e3b-4178-aac4-eedc55cbb8fb" testId="ba884d95-61a4-037b-ab6f-8704dd43240a" testName="WriteXml_ShouldWriteBehaviourContents_WhenBehaviourIsNotNullAndHasBehaviour" computerName="DKSR-EFI-06" duration="00:00:00.0013639" startTime="2024-01-09T15:45:45.4040024+01:00" endTime="2024-01-09T15:45:45.4055605+01:00" testType="13cdc9d9-ddb5-4fa4-a97d-d965ccfc6d4b" outcome="Passed" testListId="8c84fa94-04c1-424b-9868-57a2d4851a1d" relativeResultsDirectory="082b867b-6e3b-4178-aac4-eedc55cbb8fb" />
    <UnitTestResult executionId="be2a1c28-ee02-4424-a244-398d8153202e" testId="4d02d00b-2996-2f9f-95bd-26fe5f7ed1e8" testName="WriteXml_ShouldWriteObject_WhenThereIsOneObjectPresent" computerName="DKSR-EFI-06" duration="00:00:00.0022891" startTime="2024-01-09T15:45:45.1230201+01:00" endTime="2024-01-09T15:45:45.1255070+01:00" testType="13cdc9d9-ddb5-4fa4-a97d-d965ccfc6d4b" outcome="Passed" testListId="8c84fa94-04c1-424b-9868-57a2d4851a1d" relativeResultsDirectory="be2a1c28-ee02-4424-a244-398d8153202e" />
    <UnitTestResult executionId="af338fc6-e4a9-423f-ae94-206ec4bae029" testId="5c39cc43-bcee-6b6c-03f0-db3e0a8029f7" testName="Serialize_TestCases (TestParentTypeMatchBoolNotThisTypeNotMatched)" computerName="DKSR-EFI-06" duration="00:00:00.0003510" startTime="2024-01-09T15:45:43.0014959+01:00" endTime="2024-01-09T15:45:43.0021621+01:00" testType="13cdc9d9-ddb5-4fa4-a97d-d965ccfc6d4b" outcome="Passed" testListId="8c84fa94-04c1-424b-9868-57a2d4851a1d" relativeResultsDirectory="af338fc6-e4a9-423f-ae94-206ec4bae029" />
    <UnitTestResult executionId="8210eec9-097c-4e5e-aaa6-be65bc1b60b8" testId="d8308a27-6fbc-21d5-664d-c54e34f438da" testName="WriteXml_ShouldWriteframe_WhenThereIsOneFramePresent" computerName="DKSR-EFI-06" duration="00:00:00.0008590" startTime="2024-01-09T15:45:45.6556029+01:00" endTime="2024-01-09T15:45:45.6565812+01:00" testType="13cdc9d9-ddb5-4fa4-a97d-d965ccfc6d4b" outcome="Passed" testListId="8c84fa94-04c1-424b-9868-57a2d4851a1d" relativeResultsDirectory="8210eec9-097c-4e5e-aaa6-be65bc1b60b8" />
    <UnitTestResult executionId="d44a45be-6c70-4abf-a4e3-c903c798e972" testId="687e7059-e7b1-dddd-6cf1-c4b5cd5cad05" testName="GetMetadataStream_ShouldThrowXmlException_WhenByteArrayContainsInvalidXml" computerName="DKSR-EFI-06" duration="00:00:00.0039011" startTime="2024-01-09T15:45:45.1481367+01:00" endTime="2024-01-09T15:45:45.1522740+01:00" testType="13cdc9d9-ddb5-4fa4-a97d-d965ccfc6d4b" outcome="Passed" testListId="8c84fa94-04c1-424b-9868-57a2d4851a1d" relativeResultsDirectory="d44a45be-6c70-4abf-a4e3-c903c798e972" />
    <UnitTestResult executionId="f5230489-e83e-4730-9c54-f1c9e40a6932" testId="520094b8-4b75-11e8-c310-4fbb0ad15d04" testName="ReadXml_ShouldReadHorizontalAccuracy_WhenHorizontalAccuracyIsPresent" computerName="DKSR-EFI-06" duration="00:00:00.0002459" startTime="2024-01-09T15:45:45.3235040+01:00" endTime="2024-01-09T15:45:45.3239336+01:00" testType="13cdc9d9-ddb5-4fa4-a97d-d965ccfc6d4b" outcome="Passed" testListId="8c84fa94-04c1-424b-9868-57a2d4851a1d" relativeResultsDirectory="f5230489-e83e-4730-9c54-f1c9e40a6932" />
    <UnitTestResult executionId="3ebb59d0-bc25-4d4d-a0a8-79a6488a1e61" testId="10c9843d-cde7-1676-7217-072b639d2cdf" testName="Serialize_TestCases (TestParentTypeMatchBoolThisTypeMatched)" computerName="DKSR-EFI-06" duration="00:00:00.0003985" startTime="2024-01-09T15:45:42.9953747+01:00" endTime="2024-01-09T15:45:42.9960871+01:00" testType="13cdc9d9-ddb5-4fa4-a97d-d965ccfc6d4b" outcome="Passed" testListId="8c84fa94-04c1-424b-9868-57a2d4851a1d" relativeResultsDirectory="3ebb59d0-bc25-4d4d-a0a8-79a6488a1e61" />
    <UnitTestResult executionId="8cb97adb-c659-4c5e-8544-1d0a41f5844e" testId="4ebf288a-b726-10f1-5f92-94533ac346f1" testName="SetCacheContents_ShuldSortEntriesAccordingToData_WhenAlways" computerName="DKSR-EFI-06" duration="00:00:00.0013941" startTime="2024-01-09T15:45:46.4809051+01:00" endTime="2024-01-09T15:45:46.4825104+01:00" testType="13cdc9d9-ddb5-4fa4-a97d-d965ccfc6d4b" outcome="Passed" testListId="8c84fa94-04c1-424b-9868-57a2d4851a1d" relativeResultsDirectory="8cb97adb-c659-4c5e-8544-1d0a41f5844e" />
    <UnitTestResult executionId="dff99fcc-53ee-49ae-8c32-419f5af8cad9" testId="3a86bace-7c8b-cb31-de17-695019225dec" testName="ProvideValue_ShouldUpdateTargetProperty_WhenDataContextINPCValueChanges" computerName="DKSR-EFI-06" duration="00:00:00.0061410" startTime="2024-01-09T15:45:42.1049113+01:00" endTime="2024-01-09T15:45:42.1177663+01:00" testType="13cdc9d9-ddb5-4fa4-a97d-d965ccfc6d4b" outcome="Passed" testListId="8c84fa94-04c1-424b-9868-57a2d4851a1d" relativeResultsDirectory="dff99fcc-53ee-49ae-8c32-419f5af8cad9" />
    <UnitTestResult executionId="cdf5a720-f86a-4a2a-ae1d-51dda8416699" testId="0378ed59-f976-b4fc-9f2f-d68f313306f2" testName="Serialize_ShouldHandleCollectionFilter_WhenMatchingCollectionTypeAndItDoesNotMatch" computerName="DKSR-EFI-06" duration="00:00:00.0005620" startTime="2024-01-09T15:45:43.1401379+01:00" endTime="2024-01-09T15:45:43.1409008+01:00" testType="13cdc9d9-ddb5-4fa4-a97d-d965ccfc6d4b" outcome="Passed" testListId="8c84fa94-04c1-424b-9868-57a2d4851a1d" relativeResultsDirectory="cdf5a720-f86a-4a2a-ae1d-51dda8416699" />
    <UnitTestResult executionId="b7ab3370-2d4f-4529-ad91-9eea3ecd3831" testId="e4b13263-b1bd-68bb-3baa-222b8414af3b" testName="TryParseArgbString_ShouldReturnFalse_WhenStringDoesNotContain8HexChars" computerName="DKSR-EFI-06" duration="00:00:00.0001705" startTime="2024-01-09T15:45:44.9839927+01:00" endTime="2024-01-09T15:45:44.9843530+01:00" testType="13cdc9d9-ddb5-4fa4-a97d-d965ccfc6d4b" outcome="Passed" testListId="8c84fa94-04c1-424b-9868-57a2d4851a1d" relativeResultsDirectory="b7ab3370-2d4f-4529-ad91-9eea3ecd3831" />
    <UnitTestResult executionId="69f91939-4422-4199-9f4c-e7e6ca64e2ee" testId="cc815387-ccd0-3c89-25da-05420b40ed9e" testName="Serialize_TestCases (TestParentTypeMatchStringNotThisTypeNotMatched)" computerName="DKSR-EFI-06" duration="00:00:00.0004077" startTime="2024-01-09T15:45:42.9937763+01:00" endTime="2024-01-09T15:45:42.9945222+01:00" testType="13cdc9d9-ddb5-4fa4-a97d-d965ccfc6d4b" outcome="Passed" testListId="8c84fa94-04c1-424b-9868-57a2d4851a1d" relativeResultsDirectory="69f91939-4422-4199-9f4c-e7e6ca64e2ee" />
    <UnitTestResult executionId="4bc1a29d-89ad-449d-895e-4c601c0ce793" testId="c0fdb5a9-d6d3-7bbe-3d81-a946d84b5551" testName="ReadXml_ShouldReadTranslateContents_WhenTranslateIsPresent" computerName="DKSR-EFI-06" duration="00:00:00.0010109" startTime="2024-01-09T15:45:45.5689244+01:00" endTime="2024-01-09T15:45:45.5701278+01:00" testType="13cdc9d9-ddb5-4fa4-a97d-d965ccfc6d4b" outcome="Passed" testListId="8c84fa94-04c1-424b-9868-57a2d4851a1d" relativeResultsDirectory="4bc1a29d-89ad-449d-895e-4c601c0ce793" />
    <UnitTestResult executionId="d50dc93f-83b3-4d89-b8a5-e874f16d6615" testId="276c0e6d-3f7a-82fd-4800-9c53564baba3" testName="Equals_Fail_OnServerIdId" computerName="DKSR-EFI-06" duration="00:00:00.0003502" startTime="2024-01-09T15:45:18.6589894+01:00" endTime="2024-01-09T15:45:18.6594321+01:00" testType="13cdc9d9-ddb5-4fa4-a97d-d965ccfc6d4b" outcome="Passed" testListId="8c84fa94-04c1-424b-9868-57a2d4851a1d" relativeResultsDirectory="d50dc93f-83b3-4d89-b8a5-e874f16d6615" />
    <UnitTestResult executionId="e3f544b9-c3d8-43fc-84af-cb836054d1d3" testId="f8feb370-a546-7995-c8e5-2c5a9509dee9" testName="Minimize_ShouldReturnTwoIntervals_WhenListContainsTwoNonOverlappingIntervals" computerName="DKSR-EFI-06" duration="00:00:00.0005086" startTime="2024-01-09T15:45:32.2937017+01:00" endTime="2024-01-09T15:45:32.2943141+01:00" testType="13cdc9d9-ddb5-4fa4-a97d-d965ccfc6d4b" outcome="Passed" testListId="8c84fa94-04c1-424b-9868-57a2d4851a1d" relativeResultsDirectory="e3f544b9-c3d8-43fc-84af-cb836054d1d3" />
    <UnitTestResult executionId="63511a68-f657-41b8-b62b-8831a9176028" testId="e6e395b4-3b84-d36a-a38c-e5e638fee7fb" testName="CreateSearchResultUserControl_MultiplePlugins_MilestonePluginsFirst" computerName="DKSR-EFI-06" duration="00:00:00.0041116" startTime="2024-01-09T15:45:44.1646431+01:00" endTime="2024-01-09T15:45:44.1698189+01:00" testType="13cdc9d9-ddb5-4fa4-a97d-d965ccfc6d4b" outcome="Passed" testListId="8c84fa94-04c1-424b-9868-57a2d4851a1d" relativeResultsDirectory="63511a68-f657-41b8-b62b-8831a9176028" />
    <UnitTestResult executionId="7780f495-9ab7-4007-9c49-1cd46c11b30a" testId="78d59ed4-95ad-480d-6b34-b1db04166f61" testName="Azimuth_ShouldThrowArgumentOfRange_WhenValueIsOutsideAcceptedRange" computerName="DKSR-EFI-06" duration="00:00:00.0017396" startTime="2024-01-09T15:45:45.3103913+01:00" endTime="2024-01-09T15:45:45.3123051+01:00" testType="13cdc9d9-ddb5-4fa4-a97d-d965ccfc6d4b" outcome="Passed" testListId="8c84fa94-04c1-424b-9868-57a2d4851a1d" relativeResultsDirectory="7780f495-9ab7-4007-9c49-1cd46c11b30a" />
    <UnitTestResult executionId="8168179f-cc35-4d76-a41a-57091f13316f" testId="c3c83a0c-a46d-bf4c-a733-65c34582027c" testName="ReadXml_ShouldLogWarning_WhenLikelihoodIsNotPresent" computerName="DKSR-EFI-06" duration="00:00:00.0011232" startTime="2024-01-09T15:45:44.9569502+01:00" endTime="2024-01-09T15:45:44.9582732+01:00" testType="13cdc9d9-ddb5-4fa4-a97d-d965ccfc6d4b" outcome="Passed" testListId="8c84fa94-04c1-424b-9868-57a2d4851a1d" relativeResultsDirectory="8168179f-cc35-4d76-a41a-57091f13316f" />
    <UnitTestResult executionId="1e5437d2-0518-4f0c-9974-c7214bae4cbd" testId="bc715522-4e2d-31ab-3b59-559f11d2404a" testName="IsCriteriaAccepted_WithKindsFilter_ValidInput_True" computerName="DKSR-EFI-06" duration="00:00:00.0003223" startTime="2024-01-09T15:45:40.6132397+01:00" endTime="2024-01-09T15:45:40.6137424+01:00" testType="13cdc9d9-ddb5-4fa4-a97d-d965ccfc6d4b" outcome="Passed" testListId="8c84fa94-04c1-424b-9868-57a2d4851a1d" relativeResultsDirectory="1e5437d2-0518-4f0c-9974-c7214bae4cbd" />
    <UnitTestResult executionId="39fbca60-7c93-40e0-a8b3-3242409da27f" testId="66b56aea-40c3-2481-4b5e-49255676d9f1" testName="ReadXml_ShouldSetAllFieldsToDefaultValues_WhenElementIsEmpty" computerName="DKSR-EFI-06" duration="00:00:00.0004448" startTime="2024-01-09T15:45:45.3740652+01:00" endTime="2024-01-09T15:45:45.3746762+01:00" testType="13cdc9d9-ddb5-4fa4-a97d-d965ccfc6d4b" outcome="Passed" testListId="8c84fa94-04c1-424b-9868-57a2d4851a1d" relativeResultsDirectory="39fbca60-7c93-40e0-a8b3-3242409da27f" />
    <UnitTestResult executionId="1f711ac7-4eb1-4313-84b7-457e32f3fe76" testId="a513f6d4-cac8-7139-d5eb-18e28868b5e3" testName="ReadXml_ShouldLogWarningTwiceWhenMoreThanOneMinuteBetweenWarnings_WhenRequiredAttributeIsMissing" computerName="DKSR-EFI-06" duration="00:00:00.0020023" startTime="2024-01-09T15:45:45.0929261+01:00" endTime="2024-01-09T15:45:45.0952009+01:00" testType="13cdc9d9-ddb5-4fa4-a97d-d965ccfc6d4b" outcome="Passed" testListId="8c84fa94-04c1-424b-9868-57a2d4851a1d" relativeResultsDirectory="1f711ac7-4eb1-4313-84b7-457e32f3fe76" />
    <UnitTestResult executionId="d10bd501-56d4-4ceb-b159-40777eaa4fbb" testId="92fdd030-3856-bf25-d99c-4aebc9a73c44" testName="GetPrevious_ShouldReturnEntryBeforeLastReturnedEntry_WhenFindCacheEntryAfterWasCalledAndThereIsAPreviousEntry" computerName="DKSR-EFI-06" duration="00:00:00.0003551" startTime="2024-01-09T15:45:46.5009587+01:00" endTime="2024-01-09T15:45:46.5014869+01:00" testType="13cdc9d9-ddb5-4fa4-a97d-d965ccfc6d4b" outcome="Passed" testListId="8c84fa94-04c1-424b-9868-57a2d4851a1d" relativeResultsDirectory="d10bd501-56d4-4ceb-b159-40777eaa4fbb" />
    <UnitTestResult executionId="278695aa-ee02-444c-8c03-abd3479a86da" testId="1b66a21c-10a6-0908-6fbd-7ece73d7fb3e" testName="GenerateDeviceCapabilityParameters_ShouldWriteMinimum_WhenAlways" computerName="DKSR-EFI-06" duration="00:00:00.0005066" startTime="2024-01-09T15:45:46.4183335+01:00" endTime="2024-01-09T15:45:46.4190282+01:00" testType="13cdc9d9-ddb5-4fa4-a97d-d965ccfc6d4b" outcome="Passed" testListId="8c84fa94-04c1-424b-9868-57a2d4851a1d" relativeResultsDirectory="278695aa-ee02-444c-8c03-abd3479a86da" />
    <UnitTestResult executionId="93ebf992-7feb-4ebc-b324-f79f574a54d6" testId="0698a694-c3e3-daa4-3795-9bea8316565b" testName="ReadXml_ShouldLogWarning_WhenCenterOfGravityIsIncomplete" computerName="DKSR-EFI-06" duration="00:00:00.0013439" startTime="2024-01-09T15:45:45.5189882+01:00" endTime="2024-01-09T15:45:45.5205339+01:00" testType="13cdc9d9-ddb5-4fa4-a97d-d965ccfc6d4b" outcome="Passed" testListId="8c84fa94-04c1-424b-9868-57a2d4851a1d" relativeResultsDirectory="93ebf992-7feb-4ebc-b324-f79f574a54d6" />
    <UnitTestResult executionId="5077be60-b32b-4219-a397-b8199008a4dd" testId="529dab04-2278-118b-6ef7-08fc1ab4d8b0" testName="GetCompatibilityHandler_ShouldReturnFips_WhenCallingFipsCompliantSystem_20_3" computerName="DKSR-EFI-06" duration="00:00:00.0010459" startTime="2024-01-09T15:45:46.1828150+01:00" endTime="2024-01-09T15:45:46.1840511+01:00" testType="13cdc9d9-ddb5-4fa4-a97d-d965ccfc6d4b" outcome="Passed" testListId="8c84fa94-04c1-424b-9868-57a2d4851a1d" relativeResultsDirectory="5077be60-b32b-4219-a397-b8199008a4dd" />
    <UnitTestResult executionId="0c0c1e85-ac39-4e14-80ef-41d28f590c3f" testId="1e592ef1-e1bf-3981-b2eb-87e514325b77" testName="GetAtOrBefore_ShouldReturnNull_WhenTimestampIsAfterLastElement" computerName="DKSR-EFI-06" duration="00:00:00.0003385" startTime="2024-01-09T15:45:46.5323159+01:00" endTime="2024-01-09T15:45:46.5328207+01:00" testType="13cdc9d9-ddb5-4fa4-a97d-d965ccfc6d4b" outcome="Passed" testListId="8c84fa94-04c1-424b-9868-57a2d4851a1d" relativeResultsDirectory="0c0c1e85-ac39-4e14-80ef-41d28f590c3f" />
    <UnitTestResult executionId="38dec6b2-a111-467e-9715-3218110c010e" testId="477f61b0-5c9c-b3c6-17b8-c096885b5954" testName="ReadXml_ShouldSetAllFieldsToDefaultValues_WhenElementIsEmpty" computerName="DKSR-EFI-06" duration="00:00:00.0035203" startTime="2024-01-09T15:45:44.9322264+01:00" endTime="2024-01-09T15:45:44.9359368+01:00" testType="13cdc9d9-ddb5-4fa4-a97d-d965ccfc6d4b" outcome="Passed" testListId="8c84fa94-04c1-424b-9868-57a2d4851a1d" relativeResultsDirectory="38dec6b2-a111-467e-9715-3218110c010e" />
    <UnitTestResult executionId="2207a984-0cb2-40dd-a857-e3f2bfe7408b" testId="8ecfeea7-0c3c-71f4-0099-cc3f5ecbeb8d" testName="IconOverlay_Disabled_Success" computerName="DKSR-EFI-06" duration="00:00:00.0953181" startTime="2024-01-09T15:45:19.4945993+01:00" endTime="2024-01-09T15:45:19.5901380+01:00" testType="13cdc9d9-ddb5-4fa4-a97d-d965ccfc6d4b" outcome="Passed" testListId="8c84fa94-04c1-424b-9868-57a2d4851a1d" relativeResultsDirectory="2207a984-0cb2-40dd-a857-e3f2bfe7408b" />
    <UnitTestResult executionId="c7174357-af06-4e6a-9616-16afc9cfeae2" testId="c9bdf071-dd03-b2a0-4e56-4edadb6f7ef7" testName="Serialize_TestCases (TestParentTypeMatchObjectThisTypeMatched)" computerName="DKSR-EFI-06" duration="00:00:00.0006087" startTime="2024-01-09T15:45:43.0429595+01:00" endTime="2024-01-09T15:45:43.0438685+01:00" testType="13cdc9d9-ddb5-4fa4-a97d-d965ccfc6d4b" outcome="Passed" testListId="8c84fa94-04c1-424b-9868-57a2d4851a1d" relativeResultsDirectory="c7174357-af06-4e6a-9616-16afc9cfeae2" />
    <UnitTestResult executionId="5b94a845-5cc1-4eae-b75b-9064caa1a1b9" testId="7b2725af-6cca-aaf7-125b-307ed988b6a3" testName="BuildShapeOverlayWidthHeightBaseEvent_ShouldReturnCorrectNumberOfShapes_WhenArgumentIsAnalyticsEvent" computerName="DKSR-EFI-06" duration="00:00:00.1430069" startTime="2024-01-09T15:45:20.8449288+01:00" endTime="2024-01-09T15:45:21.2556666+01:00" testType="13cdc9d9-ddb5-4fa4-a97d-d965ccfc6d4b" outcome="Passed" testListId="8c84fa94-04c1-424b-9868-57a2d4851a1d" relativeResultsDirectory="5b94a845-5cc1-4eae-b75b-9064caa1a1b9" />
    <UnitTestResult executionId="33d7b1f9-7f90-4ed7-b064-e9b5074a9cc7" testId="7c55a314-e50c-cf7f-eb2f-1d2ce3940e80" testName="GetPrevious_ShouldReturnNull_WhenFirstEntryWasCalled" computerName="DKSR-EFI-06" duration="00:00:00.0003390" startTime="2024-01-09T15:45:46.4984400+01:00" endTime="2024-01-09T15:45:46.4989499+01:00" testType="13cdc9d9-ddb5-4fa4-a97d-d965ccfc6d4b" outcome="Passed" testListId="8c84fa94-04c1-424b-9868-57a2d4851a1d" relativeResultsDirectory="33d7b1f9-7f90-4ed7-b064-e9b5074a9cc7" />
    <UnitTestResult executionId="93d25e9c-5fb6-4b41-b0a9-3e7d78afad52" testId="3a8ca70f-603d-9529-0058-2e57757ce284" testName="WriteXml_ShouldWriteVideoAnalyticsContents_WhenVideoAnalyticsItemIsWritten" computerName="DKSR-EFI-06" duration="00:00:00.0014486" startTime="2024-01-09T15:45:45.2759178+01:00" endTime="2024-01-09T15:45:45.2776041+01:00" testType="13cdc9d9-ddb5-4fa4-a97d-d965ccfc6d4b" outcome="Passed" testListId="8c84fa94-04c1-424b-9868-57a2d4851a1d" relativeResultsDirectory="93d25e9c-5fb6-4b41-b0a9-3e7d78afad52" />
    <UnitTestResult executionId="e3dbe1c1-bf89-4f6e-ae4f-a7c407279ce6" testId="dadc7e5e-3e0c-da11-a65f-57361b774307" testName="CountByItems_NotActivatedButWithCounter_Missing" computerName="DKSR-EFI-06" duration="00:00:00.0008158" startTime="2024-01-09T15:45:46.3013794+01:00" endTime="2024-01-09T15:45:46.3023928+01:00" testType="13cdc9d9-ddb5-4fa4-a97d-d965ccfc6d4b" outcome="Passed" testListId="8c84fa94-04c1-424b-9868-57a2d4851a1d" relativeResultsDirectory="e3dbe1c1-bf89-4f6e-ae4f-a7c407279ce6" />
    <UnitTestResult executionId="e92737ae-ca09-4b83-a707-b9a821e9bbda" testId="bc7fb037-bc9e-3315-d38f-1aeba783be34" testName="GetFilterValues_MultipleValuesAdded_ReturnsValues" computerName="DKSR-EFI-06" duration="00:00:00.0010415" startTime="2024-01-09T15:45:43.3556295+01:00" endTime="2024-01-09T15:45:43.3569047+01:00" testType="13cdc9d9-ddb5-4fa4-a97d-d965ccfc6d4b" outcome="Passed" testListId="8c84fa94-04c1-424b-9868-57a2d4851a1d" relativeResultsDirectory="e92737ae-ca09-4b83-a707-b9a821e9bbda" />
    <UnitTestResult executionId="ae0004da-34f8-4b82-a9fd-3d685536a207" testId="570963dc-5e77-73b9-225e-688120d0deeb" testName="GetBoundingShapesAsync_FirstInvocationCancelled_DelegatedToInternalMethodOnce" computerName="DKSR-EFI-06" duration="00:00:00.0010915" startTime="2024-01-09T15:45:43.7366666+01:00" endTime="2024-01-09T15:45:43.7380014+01:00" testType="13cdc9d9-ddb5-4fa4-a97d-d965ccfc6d4b" outcome="Passed" testListId="8c84fa94-04c1-424b-9868-57a2d4851a1d" relativeResultsDirectory="ae0004da-34f8-4b82-a9fd-3d685536a207" />
    <UnitTestResult executionId="319b6258-2394-4861-a230-fe30e92ddbe8" testId="a42de255-353b-3499-e7ec-b18bd5c29a5c" testName="ReadXml_ShouldDiscardTranslate_WhenIncompleteTranslateIsPresent" computerName="DKSR-EFI-06" duration="00:00:00.0007968" startTime="2024-01-09T15:45:45.5736222+01:00" endTime="2024-01-09T15:45:45.5746102+01:00" testType="13cdc9d9-ddb5-4fa4-a97d-d965ccfc6d4b" outcome="Passed" testListId="8c84fa94-04c1-424b-9868-57a2d4851a1d" relativeResultsDirectory="319b6258-2394-4861-a230-fe30e92ddbe8" />
    <UnitTestResult executionId="0eea2019-9b21-49b7-9a07-10799fe8696b" testId="7ebb6f6a-7f5e-646a-c7ce-f4daa5d5c8da" testName="WriteXml_ShouldOmitIsIdleElement_WhenIsIdleIsFalse" computerName="DKSR-EFI-06" duration="00:00:00.0007467" startTime="2024-01-09T15:45:44.9081829+01:00" endTime="2024-01-09T15:45:44.9091203+01:00" testType="13cdc9d9-ddb5-4fa4-a97d-d965ccfc6d4b" outcome="Passed" testListId="8c84fa94-04c1-424b-9868-57a2d4851a1d" relativeResultsDirectory="0eea2019-9b21-49b7-9a07-10799fe8696b" />
    <UnitTestResult executionId="a971b704-79a2-48d1-996e-9879f4ccd954" testId="c975fa8d-6f04-08d0-8773-8610e8c13dbc" testName="ReadXml_ShouldReadAltitude_WhenAltitudeIsPresent" computerName="DKSR-EFI-06" duration="00:00:00.0002720" startTime="2024-01-09T15:45:45.3216054+01:00" endTime="2024-01-09T15:45:45.3220611+01:00" testType="13cdc9d9-ddb5-4fa4-a97d-d965ccfc6d4b" outcome="Passed" testListId="8c84fa94-04c1-424b-9868-57a2d4851a1d" relativeResultsDirectory="a971b704-79a2-48d1-996e-9879f4ccd954" />
    <UnitTestResult executionId="1ff08e6c-81cc-44fd-ae13-0438d9a324c3" testId="9e63be9d-2216-71c5-83e2-51bd84dc8a93" testName="CountByCounter_NotActivated_Expired" computerName="DKSR-EFI-06" duration="00:00:00.0008996" startTime="2024-01-09T15:45:46.2819661+01:00" endTime="2024-01-09T15:45:46.2830769+01:00" testType="13cdc9d9-ddb5-4fa4-a97d-d965ccfc6d4b" outcome="Passed" testListId="8c84fa94-04c1-424b-9868-57a2d4851a1d" relativeResultsDirectory="1ff08e6c-81cc-44fd-ae13-0438d9a324c3" />
    <UnitTestResult executionId="0545c186-798b-4bd9-9700-254a27711f9a" testId="ec6e182c-c60a-0650-a430-7ebc2fa1ec79" testName="ReadXml_ShouldLogWarningTwiceWhenMoreThanOneMinuteBetweenWarnings_WhenCenterOfGravityIsIncomplete" computerName="DKSR-EFI-06" duration="00:00:00.0015469" startTime="2024-01-09T15:45:45.5280702+01:00" endTime="2024-01-09T15:45:45.5297460+01:00" testType="13cdc9d9-ddb5-4fa4-a97d-d965ccfc6d4b" outcome="Passed" testListId="8c84fa94-04c1-424b-9868-57a2d4851a1d" relativeResultsDirectory="0545c186-798b-4bd9-9700-254a27711f9a" />
    <UnitTestResult executionId="a76a72f9-f718-40bd-ab8d-578988a11d66" testId="dc1fd292-e174-668d-7833-c1854255d61a" testName="Append_Property_Path_WithoutValue" computerName="DKSR-EFI-06" duration="00:00:00.0004583" startTime="2024-01-09T15:45:44.4548131+01:00" endTime="2024-01-09T15:45:44.4555073+01:00" testType="13cdc9d9-ddb5-4fa4-a97d-d965ccfc6d4b" outcome="Passed" testListId="8c84fa94-04c1-424b-9868-57a2d4851a1d" relativeResultsDirectory="a76a72f9-f718-40bd-ab8d-578988a11d66" />
    <UnitTestResult executionId="ca6fc42e-cda2-41b5-b109-1411dc844006" testId="10efcc98-720a-6a51-bddb-12631de34c03" testName="Minimize_ShouldReturnOneInterval_WhenListContainsOneInterval" computerName="DKSR-EFI-06" duration="00:00:00.0087722" startTime="2024-01-09T15:45:32.2778174+01:00" endTime="2024-01-09T15:45:32.2867689+01:00" testType="13cdc9d9-ddb5-4fa4-a97d-d965ccfc6d4b" outcome="Passed" testListId="8c84fa94-04c1-424b-9868-57a2d4851a1d" relativeResultsDirectory="ca6fc42e-cda2-41b5-b109-1411dc844006" />
    <UnitTestResult executionId="77af77c8-391c-48f6-9629-7b6702c62fd7" testId="3db6f0d8-c771-c240-10ba-4a04ab54fde2" testName="Serialize_TestCases (Verify root Collection (empty) property get property value)" computerName="DKSR-EFI-06" duration="00:00:00.0001796" startTime="2024-01-09T15:45:42.9523358+01:00" endTime="2024-01-09T15:45:42.9528122+01:00" testType="13cdc9d9-ddb5-4fa4-a97d-d965ccfc6d4b" outcome="Passed" testListId="8c84fa94-04c1-424b-9868-57a2d4851a1d" relativeResultsDirectory="77af77c8-391c-48f6-9629-7b6702c62fd7" />
    <UnitTestResult executionId="99074859-bce2-491e-86e8-be34695940f4" testId="dbc25ad9-20cc-4d18-73ef-8500a4d4137f" testName="MarkupExtension_ShouldClearContentTemplate_WhenContentTemplateOnSelectedItemChangesToNull" computerName="DKSR-EFI-06" duration="00:00:00.0027970" startTime="2024-01-09T15:45:42.4472975+01:00" endTime="2024-01-09T15:45:42.4560359+01:00" testType="13cdc9d9-ddb5-4fa4-a97d-d965ccfc6d4b" outcome="Passed" testListId="8c84fa94-04c1-424b-9868-57a2d4851a1d" relativeResultsDirectory="99074859-bce2-491e-86e8-be34695940f4" />
    <UnitTestResult executionId="bdd76df6-ed06-42e9-9b94-05e74c2717ef" testId="0f40bc61-c58f-06fd-9a7b-e081d001f46f" testName="WriteXml_ShouldWriteObjectsContents_WhenObjectsAreWritten" computerName="DKSR-EFI-06" duration="00:00:00.0016032" startTime="2024-01-09T15:45:45.1283086+01:00" endTime="2024-01-09T15:45:45.1301117+01:00" testType="13cdc9d9-ddb5-4fa4-a97d-d965ccfc6d4b" outcome="Passed" testListId="8c84fa94-04c1-424b-9868-57a2d4851a1d" relativeResultsDirectory="bdd76df6-ed06-42e9-9b94-05e74c2717ef" />
    <UnitTestResult executionId="caf81097-d2a9-40be-b013-bc3e97da4a45" testId="68839c3f-a774-538d-b591-9a44c343225f" testName="BuildOverlayWidthHeightBaseEvent_ShouldReturnCorrectSizedBitmap_WhenArgumentIsAnalyticsEventWithNoObjectPolygon" computerName="DKSR-EFI-06" duration="00:00:00.0032880" startTime="2024-01-09T15:45:20.8255385+01:00" endTime="2024-01-09T15:45:20.8290231+01:00" testType="13cdc9d9-ddb5-4fa4-a97d-d965ccfc6d4b" outcome="Passed" testListId="8c84fa94-04c1-424b-9868-57a2d4851a1d" relativeResultsDirectory="caf81097-d2a9-40be-b013-bc3e97da4a45" />
    <UnitTestResult executionId="06159f4c-167c-432d-b9e3-44156f4ddc70" testId="7c94d89e-414e-9b49-035f-2b0ee891b6a0" testName="Serialize_TestCases (TestParentTypeMatchInterfaceNotThisTypeNotMatched)" computerName="DKSR-EFI-06" duration="00:00:00.0005254" startTime="2024-01-09T15:45:43.0863342+01:00" endTime="2024-01-09T15:45:43.0871394+01:00" testType="13cdc9d9-ddb5-4fa4-a97d-d965ccfc6d4b" outcome="Passed" testListId="8c84fa94-04c1-424b-9868-57a2d4851a1d" relativeResultsDirectory="06159f4c-167c-432d-b9e3-44156f4ddc70" />
    <UnitTestResult executionId="8d2169fd-9588-4826-8c18-e0d4f89451cc" testId="5d3ae8cd-0741-cea7-50c0-7e2ff7ad47a7" testName="WriteXml_ShouldWriteTranslateContents_WhenTranslateIsNotNull" computerName="DKSR-EFI-06" duration="00:00:00.0007941" startTime="2024-01-09T15:45:45.6009966+01:00" endTime="2024-01-09T15:45:45.6019313+01:00" testType="13cdc9d9-ddb5-4fa4-a97d-d965ccfc6d4b" outcome="Passed" testListId="8c84fa94-04c1-424b-9868-57a2d4851a1d" relativeResultsDirectory="8d2169fd-9588-4826-8c18-e0d4f89451cc" />
    <UnitTestResult executionId="c3c33537-76d6-4224-acf7-9c37f1aae514" testId="96d51fc2-2cbe-e312-cc7e-6899f3431cc7" testName="ReadXml_ShouldLogWarningOnlyOnceWithinOneMinute_WhenRequiredAttributeIsMissing" computerName="DKSR-EFI-06" duration="00:00:00.0010002" startTime="2024-01-09T15:45:45.0880635+01:00" endTime="2024-01-09T15:45:45.0892709+01:00" testType="13cdc9d9-ddb5-4fa4-a97d-d965ccfc6d4b" outcome="Passed" testListId="8c84fa94-04c1-424b-9868-57a2d4851a1d" relativeResultsDirectory="c3c33537-76d6-4224-acf7-9c37f1aae514" />
    <UnitTestResult executionId="e3a4607a-9fe0-419d-bb80-7fc788d01637" testId="43fa12a9-d1b1-aa83-498c-58e3064824e3" testName="ReadXml_ShouldReadFontFamilyAttribute_WhenPresent" computerName="DKSR-EFI-06" duration="00:00:00.0003062" startTime="2024-01-09T15:45:45.0261968+01:00" endTime="2024-01-09T15:45:45.0267003+01:00" testType="13cdc9d9-ddb5-4fa4-a97d-d965ccfc6d4b" outcome="Passed" testListId="8c84fa94-04c1-424b-9868-57a2d4851a1d" relativeResultsDirectory="e3a4607a-9fe0-419d-bb80-7fc788d01637" />
    <UnitTestResult executionId="7f207dee-20a0-4c83-b79e-2153992927b9" testId="9aaf4622-5926-683b-8683-a0f59ca6a06c" testName="GetPropertiesAsync_FirstInvocationCancelled_DelegatedToInternalMethodOnce" computerName="DKSR-EFI-06" duration="00:00:00.0036378" startTime="2024-01-09T15:45:43.7172884+01:00" endTime="2024-01-09T15:45:43.7211784+01:00" testType="13cdc9d9-ddb5-4fa4-a97d-d965ccfc6d4b" outcome="Passed" testListId="8c84fa94-04c1-424b-9868-57a2d4851a1d" relativeResultsDirectory="7f207dee-20a0-4c83-b79e-2153992927b9" />
    <UnitTestResult executionId="69ed95c8-1d70-4f14-95e2-5a8f96963dd6" testId="b9119b3f-c5c3-480d-71eb-f7bd5475dbde" testName="ReadXml_ShouldNotSetIsIdle_WhenIdleElementIsPresentWithWrongNamespace" computerName="DKSR-EFI-06" duration="00:00:00.0002264" startTime="2024-01-09T15:45:44.8986382+01:00" endTime="2024-01-09T15:45:44.8990393+01:00" testType="13cdc9d9-ddb5-4fa4-a97d-d965ccfc6d4b" outcome="Passed" testListId="8c84fa94-04c1-424b-9868-57a2d4851a1d" relativeResultsDirectory="69ed95c8-1d70-4f14-95e2-5a8f96963dd6" />
    <UnitTestResult executionId="33189c00-f59e-4063-a159-e4c4adaf73f8" testId="18b9af22-bb6c-f1cc-eab9-198fe04c78c2" testName="ResolveIconSource_ResourceIconsAndDefinedIcons_ShouldBeIdentical" computerName="DKSR-EFI-06" duration="00:00:00.0117223" startTime="2024-01-09T15:45:42.1679949+01:00" endTime="2024-01-09T15:45:42.2137205+01:00" testType="13cdc9d9-ddb5-4fa4-a97d-d965ccfc6d4b" outcome="Passed" testListId="8c84fa94-04c1-424b-9868-57a2d4851a1d" relativeResultsDirectory="33189c00-f59e-4063-a159-e4c4adaf73f8">
      <Output>
        <StdOut>ui/resources/builtinicons/search.svg&#xD;
ui/resources/builtinicons/view_layout_1_16.svg&#xD;
ui/resources/builtinicons/server_state_base.svg&#xD;
ui/resources/builtinicons/view_layout_1_11.svg&#xD;
ui/resources/builtinicons/settings.svg&#xD;
ui/resources/builtinicons/comment_add.svg&#xD;
ui/resources/builtinicons/view_change.svg&#xD;
ui/resources/builtinicons/card_reader.svg&#xD;
ui/resources/builtinicons/access_control_view_item.svg&#xD;
ui/controls/tabcontrols/internal/primary/headeritemcontrol.baml&#xD;
ui/resources/builtinicons/search_temperature.svg&#xD;
ui/resources/builtinicons/application.svg&#xD;
ui/controls/buttons/videoosbuttonhyperlinksmall.baml&#xD;
ui/resources/builtinicons/status_connected.svg&#xD;
ui/resources/builtinicons/comment.svg&#xD;
ui/resources/builtinicons/keyword.svg&#xD;
ui/resources/builtinicons/go_to_selection_start_from_left_12px.svg&#xD;
ui/resources/builtinicons/layout_group.svg&#xD;
ui/resources/builtinicons/go_to_selection_start_from_right_12px.svg&#xD;
client/sidepanelusercontrolwpfwrapper.baml&#xD;
ui/resources/builtinicons/export_add_to_list.svg&#xD;
ui/resources/builtinicons/plus.svg&#xD;
ui/itempicker/view/itempickerwpfusercontrol.baml&#xD;
ui/resources/builtinicons/search_private.svg&#xD;
ui/resources/builtinicons/restore.svg&#xD;
ui/resources/builtinicons/chevron_double_left.svg&#xD;
ui/resources/builtinicons/folder_locked.svg&#xD;
ui/resources/builtinicons/blur_video.svg&#xD;
ui/resources/builtinicons/chevron_right.svg&#xD;
ui/resources/builtinicons/image_missing.svg&#xD;
ui/resources/builtinicons/smart_map_view_item.svg&#xD;
ui/resources/builtinicons/play_forward.svg&#xD;
ui/resources/builtinicons/view_duplicate.svg&#xD;
ui/resources/builtinicons/checkmark_12px.svg&#xD;
ui/resources/builtinicons/text_bold.svg&#xD;
ui/resources/builtinicons/colorpicker.svg&#xD;
ui/resources/builtinicons/speaker.svg&#xD;
ui/resources/builtinicons/view_layout_1_4_p.svg&#xD;
ui/controls/buttons/videoosbuttontransparentlarge.baml&#xD;
ui/resources/builtinicons/plugin.svg&#xD;
ui/controls/buttons/videoosbuttonsecondarysmall.baml&#xD;
ui/resources/builtinicons/chevron_up.svg&#xD;
client/images/icn16x16_light_lastsequence_default.png&#xD;
themes/designsystemcolors.baml&#xD;
ui/resources/builtinicons/filter.svg&#xD;
ui/resources/builtinicons/zoom_out_slider.svg&#xD;
ui/resources/builtinicons/toast_message.svg&#xD;
ui/resources/builtinicons/mobile_next_frame.svg&#xD;
ui/controls/textblocks/videoostextblockinteractivesmall.baml&#xD;
ui/resources/builtinicons/window.svg&#xD;
ui/controls/dropdowns/videoosdropdownborderlesssmall.baml&#xD;
ui/resources/builtinicons/arrow_right.svg&#xD;
ui/resources/builtinicons/selection_bookmark_start_12px.svg&#xD;
ui/resources/builtinicons/view_layout_2x6_p.svg&#xD;
ui/resources/builtinicons/text.svg&#xD;
ui/controls/togglebuttons/videoostogglebuttoniconsmall.baml&#xD;
ui/resources/builtinicons/location_off.svg&#xD;
ui/resources/builtinicons/view_options.svg&#xD;
ui/resources/builtinicons/overlay_buttons.svg&#xD;
ui/resources/builtinicons/frame_previous.svg&#xD;
ui/controls/buttons/videoosbuttontransparentmedium.baml&#xD;
ui/resources/builtinicons/matchlist_add.svg&#xD;
ui/controls/menubuttons/videoosmenubuttonprimarysmall.baml&#xD;
ui/controls/inputcontrols/videoosinputcontrolsmall.baml&#xD;
ui/resources/builtinicons/close_12px.svg&#xD;
ui/resources/builtinicons/view_layout_6x6.svg&#xD;
ui/resources/builtinicons/view_layout_6x3.svg&#xD;
ui/controls/menubuttons/videoosmenubuttonaccentlarge.baml&#xD;
ui/resources/builtinicons/status_disc_small.svg&#xD;
ui/resources/builtinicons/output_off.svg&#xD;
ui/resources/builtinicons/sequence_split.svg&#xD;
ui/resources/builtinicons/server_service.svg&#xD;
ui/controls/passwordboxes/videoospasswordboxbase.baml&#xD;
ui/resources/builtinicons/maximize.svg&#xD;
ui/resources/builtinicons/bookmark_timeline_12px.svg&#xD;
ui/resources/builtinicons/bookmark.svg&#xD;
ui/controls/textblocks/videoostextblockinteractiveextrasmall.baml&#xD;
ui/controls/buttons/videoosbuttonprimarylarge.baml&#xD;
ui/resources/builtinicons/image.svg&#xD;
ui/controls/textblocks/videoostextblockbodyextrasmall.baml&#xD;
ui/resources/builtinicons/html_view_item.svg&#xD;
ui/resources/builtinicons/arrow_down.svg&#xD;
ui/controls/actionlists/internal/actiongroupcontrolholder.baml&#xD;
ui/controls/menubuttons/videoosmenubuttontextmedium.baml&#xD;
ui/resources/builtinicons/view_reload.svg&#xD;
ui/resources/builtinicons/cd_drive.svg&#xD;
ui/controls/actionlists/internal/actionholdcontrolholder.baml&#xD;
ui/resources/builtinicons/unknown.svg&#xD;
ui/resources/builtinicons/arrow_up.svg&#xD;
ui/controls/menubuttons/videoosmenubuttontransparentsmall.baml&#xD;
ui/controls/textboxes/videoostextboxsmall.baml&#xD;
ui/resources/builtinicons/view_layout_1_2x_p.svg&#xD;
ui/resources/builtinicons/lock_off.svg&#xD;
ui/controls/tabcontrols/internal/primary/headeritemoverflowmenu.baml&#xD;
ui/resources/builtinicons/devices_add.svg&#xD;
ui/resources/builtinicons/recording_search.svg&#xD;
ui/resources/builtinicons/layers_add.svg&#xD;
ui/controls/actionlists/videoosactionlisthorizontalmedium.baml&#xD;
ui/resources/builtinicons/preset.svg&#xD;
ui/controls/textblocks/videoostextblockemptystate.baml&#xD;
ui/resources/builtinicons/view_layout_2_1_2.svg&#xD;
ui/resources/builtinicons/view_layout_3x2.svg&#xD;
ui/resources/builtinicons/view_layout_3x3.svg&#xD;
client/images/icn16x16_light_stepbackward_default.png&#xD;
ui/resources/builtinicons/set_selection_end_12px.svg&#xD;
ui/resources/builtinicons/microphone_add.svg&#xD;
ui/resources/builtinicons/output_active.svg&#xD;
ui/controls/dropdowns/videoosdropdownbase.baml&#xD;
ui/resources/builtinicons/go_to_start.svg&#xD;
ui/resources/builtinicons/mask_show.svg&#xD;
ui/resources/builtinicons/retrieve_from_storage.svg&#xD;
ui/resources/builtinicons/drag_grippers.svg&#xD;
ui/controls/inlinemessages/videoosinlinemessagesmall.baml&#xD;
ui/resources/builtinicons/map_recenter.svg&#xD;
ui/resources/builtinicons/layers.svg&#xD;
ui/resources/builtinicons/chevron_down_12px.svg&#xD;
ui/resources/builtinicons/time_selection_mode_date_time.svg&#xD;
ui/controls/actionlists/internal/actionselectcontrolholder.baml&#xD;
ui/resources/builtinicons/smartwall_preset.svg&#xD;
ui/controls/buttons/videoosbuttonprimarysmall.baml&#xD;
ui/controls/tables/internal/columntemplates/celltext.baml&#xD;
ui/controls/checkboxes/videooscheckboxmedium.baml&#xD;
ui/resources/builtinicons/evidence_lock_add.svg&#xD;
ui/resources/builtinicons/view_add.svg&#xD;
ui/resources/builtinicons/speaker_add.svg&#xD;
ui/controls/contextmenus/videooscontextmenularge.baml&#xD;
ui/resources/builtinicons/ptz_control.svg&#xD;
ui/controls/tables/internal/columntemplates/celltimestamp.baml&#xD;
ui/resources/builtinicons/start_recording.svg&#xD;
ui/itempicker/itempickerwpfwindow.baml&#xD;
ui/resources/builtinicons/interconnected_hardware.svg&#xD;
ui/resources/builtinicons/alarm_list_view.svg&#xD;
ui/resources/builtinicons/paste.svg&#xD;
ui/controls/textblocks/videoostextblockbodymedium.baml&#xD;
ui/resources/builtinicons/clipboard.svg&#xD;
ui/resources/builtinicons/commands.svg&#xD;
ui/resources/builtinicons/hotspot_view_item.svg&#xD;
ui/resources/builtinicons/plugin_add.svg&#xD;
ui/resources/builtinicons/output.svg&#xD;
ui/controls/icons/videoosicon.baml&#xD;
themes/dark/theme.baml&#xD;
ui/resources/builtinicons/zoom_out.svg&#xD;
ui/resources/builtinicons/help.svg&#xD;
ui/resources/builtinicons/text_color.svg&#xD;
ui/controls/passwordboxes/videoospasswordboxmedium.baml&#xD;
ui/resources/builtinicons/text_size.svg&#xD;
ui/resources/builtinicons/arrow_short_right.svg&#xD;
client/images/icn16x16_light_stepforward_default.png&#xD;
ui/controls/menubuttons/videoosmenubuttonsecondarysmall.baml&#xD;
ui/resources/builtinicons/checkmark.svg&#xD;
ui/resources/builtinicons/drag_handle.svg&#xD;
ui/resources/builtinicons/project_add.svg&#xD;
ui/resources/builtinicons/go_to_video_tutorials.svg&#xD;
ui/resources/builtinicons/network_drive.svg&#xD;
ui/controls/textblocks/videoostextblocklabel.baml&#xD;
ui/resources/builtinicons/view_layout_10x10.svg&#xD;
ui/controls/menubuttons/videoosmenubuttontransparentmedium.baml&#xD;
ui/resources/builtinicons/output_add.svg&#xD;
ui/resources/builtinicons/alarm.svg&#xD;
ui/controls/tables/internal/columntemplates/cellmark.baml&#xD;
ui/controls/dropdowns/videoosdropdownborderlessmedium.baml&#xD;
ui/resources/builtinicons/receipt.svg&#xD;
ui/resources/builtinicons/database_end.svg&#xD;
ui/controls/buttons/videoosbuttonaccentextrasmall.baml&#xD;
ui/resources/builtinicons/user_state_base.svg&#xD;
ui/controls/radiobuttons/videoosradiobuttonsmall.baml&#xD;
ui/resources/builtinicons/pin.svg&#xD;
ui/controls/textblocks/videoostextblockinteractivemedium.baml&#xD;
ui/resources/builtinicons/send_to_window.svg&#xD;
ui/resources/builtinicons/text_size_large.svg&#xD;
ui/controls/tabcontrols/videoostabcontrolprimaryhorizontallarge.baml&#xD;
ui/resources/builtinicons/selection_add.svg&#xD;
ui/controls/sliders/videoossliderbase.baml&#xD;
ui/resources/builtinicons/status_confirmation_check_mark.svg&#xD;
ui/resources/builtinicons/playback_speed.svg&#xD;
ui/controls/videoosbase.baml&#xD;
ui/controls/progress/videoosprogressbar.baml&#xD;
ui/resources/builtinicons/bookmark_timeline.svg&#xD;
ui/controls/textblocks/videoostextblockh1.baml&#xD;
ui/controls/popups/popovercontent.baml&#xD;
client/images/icn16x16_light_nextsequence_default.png&#xD;
ui/resources/builtinicons/arrow_short_left.svg&#xD;
ui/resources/builtinicons/microphone_muted.svg&#xD;
ui/resources/builtinicons/text_italic.svg&#xD;
ui/resources/builtinicons/chevron_double_up.svg&#xD;
ui/resources/builtinicons/hardware_acceleration_tag.svg&#xD;
ui/controls/textblocks/videoostextblockh3.baml&#xD;
ui/resources/builtinicons/smartwall_monitor.svg&#xD;
ui/controls/actionlists/videoosactionlistbase.baml&#xD;
ui/resources/builtinicons/link_add.svg&#xD;
ui/controls/textblocks/videoostextblockh2.baml&#xD;
ui/resources/builtinicons/face_recognition.svg&#xD;
ui/resources/builtinicons/chevron_double_right.svg&#xD;
ui/resources/builtinicons/door_open.svg&#xD;
ui/resources/builtinicons/location.svg&#xD;
ui/resources/builtinicons/refresh.svg&#xD;
ui/resources/builtinicons/keycard.svg&#xD;
ui/resources/builtinicons/time_selection_mode.svg&#xD;
ui/resources/builtinicons/status_information_mark_color.svg&#xD;
ui/resources/builtinicons/view_layout_12x6.svg&#xD;
ui/controls/textblocks/videoostextblocktitle.baml&#xD;
ui/resources/builtinicons/save.svg&#xD;
ui/controls/buttons/videoosbuttonprimarymedium.baml&#xD;
ui/resources/builtinicons/folder_add.svg&#xD;
ui/controls/treeview/videoostreeview.baml&#xD;
ui/resources/builtinicons/key.svg&#xD;
ui/resources/builtinicons/zoom_in_slider.svg&#xD;
ui/resources/builtinicons/selected.svg&#xD;
ui/resources/builtinicons/unit.svg&#xD;
ui/resources/builtinicons/transact_view_item.svg&#xD;
ui/resources/builtinicons/actions.svg&#xD;
ui/controls/menubuttons/videoosmenubuttontextsmall.baml&#xD;
ui/resources/builtinicons/view_layout_7x7.svg&#xD;
ui/resources/builtinicons/independent_playback.svg&#xD;
ui/resources/builtinicons/sources.svg&#xD;
ui/resources/builtinicons/object_cube.svg&#xD;
ui/resources/builtinicons/search_motion.svg&#xD;
ui/resources/builtinicons/selection_hand.svg&#xD;
ui/controls/buttons/videoosbuttonaccentmedium.baml&#xD;
ui/resources/builtinicons/microphone.svg&#xD;
ui/controls/containers/videoosscrollviewer.baml&#xD;
ui/controls/menubuttons/videoosmenubuttontransparentextrasmall.baml&#xD;
client/imageviewerwpfcontrol.baml&#xD;
ui/controls/menubuttons/videoosmenubuttontertiarymedium.baml&#xD;
ui/resources/builtinicons/chevron_down.svg&#xD;
ui/resources/builtinicons/view_layout_1x2.svg&#xD;
ui/resources/builtinicons/view_layout_1x1.svg&#xD;
ui/resources/builtinicons/view_layout_1x3.svg&#xD;
ui/resources/builtinicons/ellipsis.svg&#xD;
ui/controls/calendars/videooscalendar.baml&#xD;
ui/resources/builtinicons/fullscreen_exit.svg&#xD;
ui/resources/builtinicons/location_add.svg&#xD;
ui/resources/builtinicons/next.svg&#xD;
ui/resources/builtinicons/replay.svg&#xD;
ui/resources/builtinicons/recording_server.svg&#xD;
ui/controls/buttons/videoosbuttonsecondarymedium.baml&#xD;
ui/resources/builtinicons/music_note.svg&#xD;
ui/resources/builtinicons/selection_cursor.svg&#xD;
ui/controls/buttons/videoosbuttontertiarymedium.baml&#xD;
ui/resources/builtinicons/text_view_item.svg&#xD;
ui/resources/builtinicons/status_warning_exclamation_mark.svg&#xD;
ui/resources/builtinicons/text_align_center.svg&#xD;
ui/resources/builtinicons/link.svg&#xD;
ui/resources/builtinicons/search_sequence.svg&#xD;
ui/controls/buttons/videoosbuttontertiarylarge.baml&#xD;
ui/resources/builtinicons/set_selection_start_12px.svg&#xD;
ui/resources/builtinicons/copy.svg&#xD;
ui/controls/tables/internal/columntemplates/cellactions.baml&#xD;
themes/staticresources.baml&#xD;
ui/resources/builtinicons/search_clear_field_12px.svg&#xD;
ui/resources/builtinicons/arrow_short_up.svg&#xD;
ui/resources/builtinicons/filter_selection.svg&#xD;
ui/resources/builtinicons/adaptive_view.svg&#xD;
themes/generic.baml&#xD;
ui/resources/builtinicons/database.svg&#xD;
ui/controls/styles/videoosstylescrollbar.baml&#xD;
ui/resources/builtinicons/camera_ptz.svg&#xD;
ui/resources/builtinicons/language.svg&#xD;
ui/resources/builtinicons/playback_controller.svg&#xD;
ui/resources/builtinicons/access_control_system.svg&#xD;
ui/controls/inlinemessages/videoosinlinemessagemedium.baml&#xD;
ui/resources/builtinicons/comment_edit.svg&#xD;
ui/resources/builtinicons/home.svg&#xD;
ui/resources/builtinicons/event.svg&#xD;
ui/controls/actionlists/videoosactionlisthorizontalsmall.baml&#xD;
ui/resources/builtinicons/chevron_left_12px.svg&#xD;
ui/resources/builtinicons/suppress.svg&#xD;
ui/resources/builtinicons/screen.svg&#xD;
ui/resources/builtinicons/pause.svg&#xD;
ui/controls/checkboxes/videooscheckboxsmall.baml&#xD;
ui/controls/menubuttons/videoosmenubuttontransparentlarge.baml&#xD;
ui/resources/builtinicons/database_add.svg&#xD;
ui/resources/builtinicons/speaker_muted.svg&#xD;
ui/resources/builtinicons/alarm_tooltip_map.svg&#xD;
ui/resources/builtinicons/status_confirmation_check_mark_color.svg&#xD;
ui/controls/buttons/videoosbuttontertiarysmall.baml&#xD;
ui/controls/menubuttons/videoosmenubuttonaccentmedium.baml&#xD;
ui/resources/builtinicons/view_in_bookmarks_tab.svg&#xD;
ui/resources/builtinicons/camera_marquee.svg&#xD;
ui/resources/builtinicons/camera.svg&#xD;
ui/resources/builtinicons/status_triangle_warning.svg&#xD;
ui/resources/builtinicons/star.svg&#xD;
ui/resources/builtinicons/questionmark.svg&#xD;
ui/controls/tabcontrols/internal/primary/headercontrol.baml&#xD;
ui/controls/textboxes/videoostextboxlarge.baml&#xD;
ui/resources/builtinicons/text_size_small.svg&#xD;
ui/resources/builtinicons/matrix_view_item.svg&#xD;
ui/controls/actionlists/videoosactionlisthorizontalextrasmall.baml&#xD;
ui/resources/builtinicons/building.svg&#xD;
ui/resources/builtinicons/arrow_short_down.svg&#xD;
ui/controls/messageboxes/contenttemplates.baml&#xD;
ui/controls/badges/videoosbadgeextrasmall.baml&#xD;
ui/resources/builtinicons/view_layout_transact2.svg&#xD;
ui/controls/textboxes/videoostextboxmedium.baml&#xD;
ui/resources/builtinicons/status_warning_exclamation_mark_color.svg&#xD;
ui/resources/builtinicons/alarm_related_tooltip_map.svg&#xD;
ui/resources/builtinicons/map_settings.svg&#xD;
ui/controls/textblocks/videoostextblockbase.baml&#xD;
ui/resources/builtinicons/drag_out.svg&#xD;
ui/controls/passwordboxes/videoospasswordboxsmall.baml&#xD;
ui/resources/builtinicons/go_to_selection_end_from_left_12px.svg&#xD;
ui/resources/builtinicons/device.svg&#xD;
ui/controls/buttons/videoosbuttontextmedium.baml&#xD;
ui/resources/builtinicons/video_lock.svg&#xD;
ui/resources/builtinicons/bookmark_delete.svg&#xD;
ui/resources/builtinicons/chevron_double_down_base.svg&#xD;
ui/resources/builtinicons/mask_hide.svg&#xD;
ui/resources/builtinicons/status_information_mark.svg&#xD;
ui/resources/builtinicons/carousel_view_item.svg&#xD;
ui/controls/containers/videoospanel.baml&#xD;
ui/controls/buttons/videoosbuttonaccentsmall.baml&#xD;
client/images/icn16x16_light_firstsequence_default.png&#xD;
ui/resources/builtinicons/sequence_next.svg&#xD;
ui/resources/builtinicons/speaker_active.svg&#xD;
ui/resources/builtinicons/project.svg&#xD;
ui/resources/builtinicons/view_layout_2_8.svg&#xD;
ui/controls/dropdowns/videoosdropdownsmall.baml&#xD;
ui/resources/builtinicons/view_layout_2_4.svg&#xD;
ui/controls/actionlists/internal/actionspresenter.baml&#xD;
ui/resources/builtinicons/view_layout_5x5.svg&#xD;
client/playbackwpfusercontrolmini.baml&#xD;
ui/resources/builtinicons/zoom_in.svg&#xD;
ui/controls/menubuttons/videoosmenubuttontertiarysmall.baml&#xD;
ui/resources/builtinicons/text_size_medium.svg&#xD;
ui/controls/dialogs/dialogactiontemplates.baml&#xD;
ui/controls/menubuttons/videoosmenubuttonprimarylarge.baml&#xD;
ui/resources/builtinicons/previous.svg&#xD;
ui/resources/builtinicons/map_view_item.svg&#xD;
ui/controls/progress/videoosprogressspinner.baml&#xD;
ui/resources/builtinicons/chevron_left.svg&#xD;
ui/resources/builtinicons/edit.svg&#xD;
ui/resources/builtinicons/zone.svg&#xD;
ui/resources/builtinicons/image_snapshot.svg&#xD;
ui/resources/builtinicons/caps_lock.svg&#xD;
ui/controls/menubuttons/videoosmenubuttonprimarymedium.baml&#xD;
ui/resources/builtinicons/sync_to_playback.svg&#xD;
ui/controls/contextmenus/videooscontextmenubase.baml&#xD;
ui/resources/builtinicons/sequence_previous.svg&#xD;
ui/resources/builtinicons/rename.svg&#xD;
ui/resources/builtinicons/view_layout_4x4.svg&#xD;
ui/resources/builtinicons/view_layout_4x1.svg&#xD;
ui/resources/builtinicons/view_layout_4x6.svg&#xD;
ui/resources/builtinicons/view_layout_4x3.svg&#xD;
ui/resources/builtinicons/controller_device.svg&#xD;
client/propertiesusercontrolwpfwrapper.baml&#xD;
ui/resources/builtinicons/text_underline.svg&#xD;
ui/resources/builtinicons/server_add.svg&#xD;
ui/resources/builtinicons/delete.svg&#xD;
ui/controls/togglebuttons/videoostogglebuttoniconmedium.baml&#xD;
ui/controls/tables/internal/columntemplates/headermark.baml&#xD;
ui/controls/buttons/videoosbuttontransparentextrasmall.baml&#xD;
ui/resources/builtinicons/camera_wall_mounted.svg&#xD;
ui/controls/buttons/videoosbuttonhyperlinkmedium.baml&#xD;
ui/resources/builtinicons/ellipsis_large.svg&#xD;
ui/resources/builtinicons/mobile_previous_frame.svg&#xD;
ui/resources/builtinicons/go_to_selection_end_from_right_12px.svg&#xD;
ui/controls/togglebuttons/videoostogglebuttoniconextrasmall.baml&#xD;
ui/controls/menubuttons/videoosmenubuttonsecondarymedium.baml&#xD;
client/images/icn16x16_light_playpausebackward_default.png&#xD;
ui/resources/builtinicons/sequence_first.svg&#xD;
ui/controls/actionlists/internal/actionactivatecontrolholder.baml&#xD;
ui/controls/tables/internal/columntemplates/celltemplate.baml&#xD;
client/images/icn16x16_light_previoussequence_default.png&#xD;
ui/resources/builtinicons/play_backward.svg&#xD;
ui/resources/builtinicons/microphone_unmuted.svg&#xD;
ui/controls/buttons/videoosbuttonaccentlarge.baml&#xD;
ui/controls/buttons/videoosbuttonsecondarylarge.baml&#xD;
ui/resources/builtinicons/input_add.svg&#xD;
ui/resources/builtinicons/close.svg&#xD;
ui/controls/passwordboxes/videoospasswordboxlarge.baml&#xD;
ui/controls/radiobuttons/videoosradiobuttonmedium.baml&#xD;
ui/resources/builtinicons/workspace.svg&#xD;
ui/resources/builtinicons/selection_bookmark_start.svg&#xD;
client/images/icn16x16_light_pause_default.png&#xD;
ui/resources/builtinicons/view_layout_8x8.svg&#xD;
ui/resources/builtinicons/view_layout_1_1_2.svg&#xD;
ui/resources/builtinicons/matchlist_remove.svg&#xD;
ui/resources/builtinicons/view_layout_1_1_4.svg&#xD;
ui/resources/builtinicons/view_layout_1_1_6.svg&#xD;
ui/controls/menubuttons/videoosmenubuttonaccentextrasmall.baml&#xD;
ui/resources/builtinicons/view.svg&#xD;
ui/resources/builtinicons/door_closed.svg&#xD;
ui/controls/tables/videoostable.baml&#xD;
ui/resources/builtinicons/fullscreen_enter.svg&#xD;
ui/resources/builtinicons/text_align_right.svg&#xD;
ui/controls/textboxes/videoostextboxbase.baml&#xD;
ui/resources/builtinicons/music_note_muted.svg&#xD;
ui/resources/builtinicons/keypad.svg&#xD;
ui/controls/buttons/videoosbuttontextsmall.baml&#xD;
ui/resources/builtinicons/view_layout_1_7.svg&#xD;
ui/resources/builtinicons/view_layout_1_8.svg&#xD;
ui/resources/builtinicons/view_layout_1_5.svg&#xD;
ui/resources/builtinicons/text_size_larger.svg&#xD;
ui/resources/builtinicons/view_layout_1_3.svg&#xD;
ui/resources/builtinicons/view_layout_1_1.svg&#xD;
ui/resources/builtinicons/view_layout_1_2.svg&#xD;
ui/resources/builtinicons/level_up.svg&#xD;
ui/resources/builtinicons/search_location.svg&#xD;
ui/resources/builtinicons/system_overview.svg&#xD;
ui/controls/styles/videoosstylefocusvisualstyle.baml&#xD;
ui/resources/builtinicons/status_disconnected.svg&#xD;
ui/controls/dialogs/videoosdialog.baml&#xD;
client/images/icn16x16_light_play_default.png&#xD;
ui/resources/builtinicons/notification.svg&#xD;
ui/resources/builtinicons/server.svg&#xD;
ui/resources/builtinicons/input_device.svg&#xD;
ui/resources/builtinicons/status_error_exclamation_mark.svg&#xD;
ui/controls/dropdowns/videoosdropdownlarge.baml&#xD;
ui/controls/togglebuttons/videoostogglebuttonswitchmedium.baml&#xD;
ui/resources/builtinicons/view_layout_2x4_p.svg&#xD;
ui/resources/builtinicons/view_layout.svg&#xD;
ui/resources/builtinicons/selection_remove.svg&#xD;
ui/controls/contextmenus/videooscontextmenusmall.baml&#xD;
ui/resources/builtinicons/open_in_search.svg&#xD;
ui/resources/builtinicons/theme.svg&#xD;
ui/resources/builtinicons/frame_next.svg&#xD;
ui/controls/buttons/videoosbuttontransparentsmall.baml&#xD;
ui/resources/builtinicons/note.svg&#xD;
ui/resources/builtinicons/status_round_disc.svg&#xD;
ui/resources/builtinicons/folder.svg&#xD;
ui/controls/togglebuttons/videoostogglebuttonswitchsmall.baml&#xD;
ui/resources/builtinicons/state_indicator.svg&#xD;
ui/resources/builtinicons/state_indicator_top_right.svg&#xD;
ui/controls/inputcontrols/videoosinputcontrolmedium.baml&#xD;
ui/controls/tables/internal/columntemplates/cellicon.baml&#xD;
ui/resources/builtinicons/folder_private.svg&#xD;
ui/resources/builtinicons/share.svg&#xD;
ui/resources/builtinicons/server_jobs.svg&#xD;
ui/resources/builtinicons/sequence_last.svg&#xD;
ui/resources/builtinicons/bookmark_edit.svg&#xD;
ui/controls/actionlists/internal/actionseparatorcontrolholder.baml&#xD;
ui/resources/builtinicons/server_site.svg&#xD;
ui/resources/builtinicons/selection_bookmark_end.svg&#xD;
ui/resources/builtinicons/arrow_left.svg&#xD;
ui/resources/builtinicons/calendar.svg&#xD;
ui/resources/builtinicons/camera_add.svg&#xD;
ui/resources/builtinicons/clock.svg&#xD;
ui/resources/builtinicons/alarm_list_view_item.svg&#xD;
ui/resources/builtinicons/chevron_right_12px.svg&#xD;
ui/resources/builtinicons/smartwall_view_item.svg&#xD;
ui/controls/messagebars/videoosmessagebarlarge.baml&#xD;
client/playbackwpfusercontrol.baml&#xD;
ui/resources/builtinicons/unpin.svg&#xD;
ui/resources/builtinicons/time_date_select.svg&#xD;
ui/resources/builtinicons/chevron_double_down.svg&#xD;
ui/resources/builtinicons/lpr_view_item.svg&#xD;
ui/resources/builtinicons/text_size_smaller.svg&#xD;
ui/controls/sliders/videoossliderhorizontal.baml&#xD;
ui/resources/builtinicons/go_to_end.svg&#xD;
ui/controls/menubuttons/videoosmenubuttonsecondarylarge.baml&#xD;
ui/resources/builtinicons/alarm_definition.svg&#xD;
ui/resources/builtinicons/search_clear_field.svg&#xD;
ui/resources/builtinicons/image_copy.svg&#xD;
ui/controls/dropdowns/videoosdropdownmedium.baml&#xD;
ui/resources/builtinicons/print.svg&#xD;
ui/resources/builtinicons/create_floating_window.svg&#xD;
ui/resources/builtinicons/pdf_create.svg&#xD;
ui/resources/builtinicons/view_layout_2x3.svg&#xD;
ui/controls/checkboxes/videooscheckboxlarge.baml&#xD;
ui/resources/builtinicons/view_layout_2x2.svg&#xD;
ui/resources/builtinicons/zones.svg&#xD;
ui/controls/inlinemessages/videoosinlinemessagebase.baml&#xD;
ui/resources/builtinicons/logout.svg&#xD;
ui/resources/builtinicons/role.svg&#xD;
ui/resources/builtinicons/metadata.svg&#xD;
ui/resources/builtinicons/color_fill.svg&#xD;
ui/resources/builtinicons/status_error_exclamation_mark_color.svg&#xD;
ui/resources/builtinicons/selection_bookmark_end_12px.svg&#xD;
ui/controls/textblocks/videoostextblockbodysmall.baml&#xD;
client/images/icn16x16_light_playpause_default.png&#xD;
ui/controls/menubuttons/videoosmenubuttontertiarylarge.baml&#xD;
ui/resources/builtinicons/search_people.svg&#xD;
ui/resources/builtinicons/chevron_up_12px.svg&#xD;
ui/resources/builtinicons/text_align_left.svg&#xD;
ui/controls/menubuttons/videoosmenubuttonaccentsmall.baml&#xD;
ui/resources/builtinicons/lock_overlay.svg&#xD;
client/dummyimageviewerwpfcontrolinternal.baml&#xD;
ui/resources/builtinicons/save_as.svg&#xD;
ui/resources/builtinicons/building_add.svg&#xD;
ui/resources/builtinicons/minus.svg&#xD;
ui/resources/builtinicons/user.svg&#xD;
ui/controls/messagebars/videoosmessagebarmedium.baml&#xD;
themes/light/theme.baml&#xD;
ui/resources/builtinicons/globe.svg&#xD;
ui/resources/builtinicons/alarm_disabled.svg&#xD;
ui/resources/builtinicons/export.svg&#xD;
ui/resources/builtinicons/camera_multiple.svg&#xD;
ui/resources/builtinicons/view_layout_1_1x.svg&#xD;
ui/resources/builtinicons/folder_read_only.svg&#xD;
ui/resources/builtinicons/view_layout_1_2x.svg&#xD;
ui/resources/builtinicons/minimize.svg&#xD;
ui/controls/styles/videoosstyletooltip.baml&#xD;
ui/resources/builtinicons/view_layout_1_2p.svg&#xD;
ui/controls/messagebars/videoosmessagebarsmall.baml&#xD;
ui/resources/builtinicons/search_vehicle.svg</StdOut>
      </Output>
    </UnitTestResult>
    <UnitTestResult executionId="da1c0490-6c13-48de-86d2-82e9eda46ba6" testId="68414986-0a7e-03e0-b752-7222fdf120b2" testName="ReadXml_ShouldIgnoreUnknownAttributes_WhenAlways" computerName="DKSR-EFI-06" duration="00:00:00.0008090" startTime="2024-01-09T15:45:45.6086063+01:00" endTime="2024-01-09T15:45:45.6096013+01:00" testType="13cdc9d9-ddb5-4fa4-a97d-d965ccfc6d4b" outcome="Passed" testListId="8c84fa94-04c1-424b-9868-57a2d4851a1d" relativeResultsDirectory="da1c0490-6c13-48de-86d2-82e9eda46ba6" />
    <UnitTestResult executionId="048c6907-a9fd-4170-afed-6e1d22c073cd" testId="0bb9d93a-5004-9ba8-d379-d792df82598b" testName="CreateSearchResultUserControl_MultiplePlugins_Success" computerName="DKSR-EFI-06" duration="00:00:00.0039034" startTime="2024-01-09T15:45:44.1113650+01:00" endTime="2024-01-09T15:45:44.1162707+01:00" testType="13cdc9d9-ddb5-4fa4-a97d-d965ccfc6d4b" outcome="Passed" testListId="8c84fa94-04c1-424b-9868-57a2d4851a1d" relativeResultsDirectory="048c6907-a9fd-4170-afed-6e1d22c073cd" />
    <UnitTestResult executionId="3c09d206-033a-46e4-ae88-7ce85785cb3c" testId="c1d45865-15fa-0d84-a5d0-67059817b5ff" testName="AllowGroupSelection_AutoCloseOnSelect_GroupSelected" computerName="DKSR-EFI-06" duration="00:00:00.0003881" startTime="2024-01-09T15:45:40.6378222+01:00" endTime="2024-01-09T15:45:40.6383561+01:00" testType="13cdc9d9-ddb5-4fa4-a97d-d965ccfc6d4b" outcome="Passed" testListId="8c84fa94-04c1-424b-9868-57a2d4851a1d" relativeResultsDirectory="3c09d206-033a-46e4-ae88-7ce85785cb3c" />
    <UnitTestResult executionId="700dc392-82d1-4745-b4b4-6f701ccc50fd" testId="a1e9cff9-0f40-6b4c-39ab-33d20cd8c823" testName="FindCacheEntryAfter_ShuldReturnNull_WhenTheCacheIsEmpty" computerName="DKSR-EFI-06" duration="00:00:00.0002605" startTime="2024-01-09T15:45:46.4870325+01:00" endTime="2024-01-09T15:45:46.4874880+01:00" testType="13cdc9d9-ddb5-4fa4-a97d-d965ccfc6d4b" outcome="Passed" testListId="8c84fa94-04c1-424b-9868-57a2d4851a1d" relativeResultsDirectory="700dc392-82d1-4745-b4b4-6f701ccc50fd" />
    <UnitTestResult executionId="8c434695-9066-4a15-8013-92b7bc8fe33f" testId="6b68b022-949d-c4fe-8f3f-d5c254031f0f" testName="GetPrevious_ShouldReturnNull_WhenCacheHasJustBenLoadedWithNewData" computerName="DKSR-EFI-06" duration="00:00:00.0003298" startTime="2024-01-09T15:45:46.5046164+01:00" endTime="2024-01-09T15:45:46.5051191+01:00" testType="13cdc9d9-ddb5-4fa4-a97d-d965ccfc6d4b" outcome="Passed" testListId="8c84fa94-04c1-424b-9868-57a2d4851a1d" relativeResultsDirectory="8c434695-9066-4a15-8013-92b7bc8fe33f" />
    <UnitTestResult executionId="f8a42b3b-486a-45c5-8fe1-571cd3183e49" testId="a3089784-5b87-5aa6-6c29-ce468fd5b9ef" testName="GenerateParameters_ShouldOmitQualityRange_WhenQualityRangeIsNull" computerName="DKSR-EFI-06" duration="00:00:00.0007491" startTime="2024-01-09T15:45:46.4092380+01:00" endTime="2024-01-09T15:45:46.4101538+01:00" testType="13cdc9d9-ddb5-4fa4-a97d-d965ccfc6d4b" outcome="Passed" testListId="8c84fa94-04c1-424b-9868-57a2d4851a1d" relativeResultsDirectory="f8a42b3b-486a-45c5-8fe1-571cd3183e49" />
    <UnitTestResult executionId="1bb3a77b-1e8f-4fb7-8154-b8ae35d33e4a" testId="62e0da8f-3c56-f977-affd-e0b646a454d7" testName="Append_Element_KeyValueInt" computerName="DKSR-EFI-06" duration="00:00:00.0001637" startTime="2024-01-09T15:45:44.3694322+01:00" endTime="2024-01-09T15:45:44.3697755+01:00" testType="13cdc9d9-ddb5-4fa4-a97d-d965ccfc6d4b" outcome="Passed" testListId="8c84fa94-04c1-424b-9868-57a2d4851a1d" relativeResultsDirectory="1bb3a77b-1e8f-4fb7-8154-b8ae35d33e4a" />
    <UnitTestResult executionId="697938d7-1aee-4adf-9c48-62bfa6322f18" testId="659d4a24-265a-327f-9e9b-0c30ee6ed7bd" testName="Serialize_TestCases (Verify root Int property)" computerName="DKSR-EFI-06" duration="00:00:00.0001914" startTime="2024-01-09T15:45:42.9291981+01:00" endTime="2024-01-09T15:45:42.9297253+01:00" testType="13cdc9d9-ddb5-4fa4-a97d-d965ccfc6d4b" outcome="Passed" testListId="8c84fa94-04c1-424b-9868-57a2d4851a1d" relativeResultsDirectory="697938d7-1aee-4adf-9c48-62bfa6322f18" />
    <UnitTestResult executionId="a5643b61-f63f-4273-85b5-1aa43b6be2cf" testId="62bbe3ee-7e4f-b582-4e14-d8ceb77d972c" testName="Constructor_ShouldThrowArgumentNullException_WhenItemIsNull" computerName="DKSR-EFI-06" duration="00:00:00.0688310" startTime="2024-01-09T15:45:46.5686931+01:00" endTime="2024-01-09T15:45:46.6380948+01:00" testType="13cdc9d9-ddb5-4fa4-a97d-d965ccfc6d4b" outcome="Passed" testListId="8c84fa94-04c1-424b-9868-57a2d4851a1d" relativeResultsDirectory="a5643b61-f63f-4273-85b5-1aa43b6be2cf" />
    <UnitTestResult executionId="1193aae7-87a4-4811-9c54-027cc02afdc0" testId="8875b738-a9e1-7286-389a-f8981f6da4cd" testName="IsValidSelectionCallback_ReturnsFalse_ItemNotSelected" computerName="DKSR-EFI-06" duration="00:00:00.0006479" startTime="2024-01-09T15:45:40.6274868+01:00" endTime="2024-01-09T15:45:40.6283205+01:00" testType="13cdc9d9-ddb5-4fa4-a97d-d965ccfc6d4b" outcome="Passed" testListId="8c84fa94-04c1-424b-9868-57a2d4851a1d" relativeResultsDirectory="1193aae7-87a4-4811-9c54-027cc02afdc0" />
    <UnitTestResult executionId="524fc7f2-2397-4731-b5ac-41af994a126f" testId="dc972d0b-90fa-0c97-701a-24ab8f8aec17" testName="IsCriteriaAccepted_FolderSelected_False" computerName="DKSR-EFI-06" duration="00:00:00.0060285" startTime="2024-01-09T15:45:40.6009007+01:00" endTime="2024-01-09T15:45:40.6071468+01:00" testType="13cdc9d9-ddb5-4fa4-a97d-d965ccfc6d4b" outcome="Passed" testListId="8c84fa94-04c1-424b-9868-57a2d4851a1d" relativeResultsDirectory="524fc7f2-2397-4731-b5ac-41af994a126f" />
    <UnitTestResult executionId="2f069ed6-a0a6-4200-883d-e142feb30fff" testId="8a69bbb6-4d99-f1ab-2fdd-1eed357c20f0" testName="Serialize_TestCases (Verify root Enum property)" computerName="DKSR-EFI-06" duration="00:00:00.0004085" startTime="2024-01-09T15:45:42.9349452+01:00" endTime="2024-01-09T15:45:42.9357136+01:00" testType="13cdc9d9-ddb5-4fa4-a97d-d965ccfc6d4b" outcome="Passed" testListId="8c84fa94-04c1-424b-9868-57a2d4851a1d" relativeResultsDirectory="2f069ed6-a0a6-4200-883d-e142feb30fff" />
    <UnitTestResult executionId="445c0bdd-30c7-4143-96ed-b1c5712dc196" testId="397c15b6-197a-94bc-9677-ba909165fd0f" testName="OverlapsWith_ShouldReturnFalse_WhenArgumentEndTimeIsBeforeStartTime" computerName="DKSR-EFI-06" duration="00:00:00.0021393" startTime="2024-01-09T15:45:32.2487900+01:00" endTime="2024-01-09T15:45:32.2510739+01:00" testType="13cdc9d9-ddb5-4fa4-a97d-d965ccfc6d4b" outcome="Passed" testListId="8c84fa94-04c1-424b-9868-57a2d4851a1d" relativeResultsDirectory="445c0bdd-30c7-4143-96ed-b1c5712dc196" />
    <UnitTestResult executionId="6785a232-f65a-4ba1-813a-5104803333bf" testId="0c1e1d3a-ed1f-c93a-037d-77d586b8b565" testName="AppendItemPicked_SingleSelect" computerName="DKSR-EFI-06" duration="00:00:00.0006491" startTime="2024-01-09T15:45:40.6190429+01:00" endTime="2024-01-09T15:45:40.6198742+01:00" testType="13cdc9d9-ddb5-4fa4-a97d-d965ccfc6d4b" outcome="Passed" testListId="8c84fa94-04c1-424b-9868-57a2d4851a1d" relativeResultsDirectory="6785a232-f65a-4ba1-813a-5104803333bf" />
    <UnitTestResult executionId="4adb5fb3-d0e1-4250-b255-35f2e33ea115" testId="e350673f-85c2-2b80-5566-6b75cc1a2d4b" testName="Serialize_TestCases (TestParentTypeMatchStringThisTypeMatched)" computerName="DKSR-EFI-06" duration="00:00:00.0044384" startTime="2024-01-09T15:45:42.9810994+01:00" endTime="2024-01-09T15:45:42.9858673+01:00" testType="13cdc9d9-ddb5-4fa4-a97d-d965ccfc6d4b" outcome="Passed" testListId="8c84fa94-04c1-424b-9868-57a2d4851a1d" relativeResultsDirectory="4adb5fb3-d0e1-4250-b255-35f2e33ea115" />
    <UnitTestResult executionId="7664c1b1-cc33-4f11-a5bd-d8620bae2022" testId="d289ff8a-f589-cd43-96ee-801082b894b3" testName="Remove_NullKey_Throws" computerName="DKSR-EFI-06" duration="00:00:00.0004747" startTime="2024-01-09T15:45:32.5222958+01:00" endTime="2024-01-09T15:45:32.5229330+01:00" testType="13cdc9d9-ddb5-4fa4-a97d-d965ccfc6d4b" outcome="Passed" testListId="8c84fa94-04c1-424b-9868-57a2d4851a1d" relativeResultsDirectory="7664c1b1-cc33-4f11-a5bd-d8620bae2022" />
    <UnitTestResult executionId="a3477822-b4d6-4eac-ae4e-c4eae29abcc0" testId="293f208d-a107-c0fc-0068-8de4f4577501" testName="CreateSearchResultUserControl_SinglePluginMultipleUserControlsPlugins_Success" computerName="DKSR-EFI-06" duration="00:00:00.0053105" startTime="2024-01-09T15:45:44.1528545+01:00" endTime="2024-01-09T15:45:44.1589735+01:00" testType="13cdc9d9-ddb5-4fa4-a97d-d965ccfc6d4b" outcome="Passed" testListId="8c84fa94-04c1-424b-9868-57a2d4851a1d" relativeResultsDirectory="a3477822-b4d6-4eac-ae4e-c4eae29abcc0" />
    <UnitTestResult executionId="099b32f4-56bd-4228-8417-bdafcfb8e6fc" testId="0881e79b-b33f-db23-4717-e6bc85ee2141" testName="SelectionMode_ChangesIsMultiSelection" computerName="DKSR-EFI-06" duration="00:00:00.0001976" startTime="2024-01-09T15:45:40.5936745+01:00" endTime="2024-01-09T15:45:40.5940997+01:00" testType="13cdc9d9-ddb5-4fa4-a97d-d965ccfc6d4b" outcome="Passed" testListId="8c84fa94-04c1-424b-9868-57a2d4851a1d" relativeResultsDirectory="099b32f4-56bd-4228-8417-bdafcfb8e6fc" />
    <UnitTestResult executionId="2fee5c74-decd-4f78-954c-af8a3560d25b" testId="0be364f3-65a8-13b6-624b-a54197fbf75c" testName="ToString_MipItemSet_Has_Value" computerName="DKSR-EFI-06" duration="00:00:00.0002227" startTime="2024-01-09T15:45:40.7741614+01:00" endTime="2024-01-09T15:45:40.7745658+01:00" testType="13cdc9d9-ddb5-4fa4-a97d-d965ccfc6d4b" outcome="Passed" testListId="8c84fa94-04c1-424b-9868-57a2d4851a1d" relativeResultsDirectory="2fee5c74-decd-4f78-954c-af8a3560d25b" />
    <UnitTestResult executionId="2b8624ee-f252-42e3-a1db-5ed320606359" testId="06174076-ef01-8d0d-830c-682ae858b24d" testName="Append_Element_KeyValueString" computerName="DKSR-EFI-06" duration="00:00:00.0001717" startTime="2024-01-09T15:45:44.3809043+01:00" endTime="2024-01-09T15:45:44.3812701+01:00" testType="13cdc9d9-ddb5-4fa4-a97d-d965ccfc6d4b" outcome="Passed" testListId="8c84fa94-04c1-424b-9868-57a2d4851a1d" relativeResultsDirectory="2b8624ee-f252-42e3-a1db-5ed320606359" />
    <UnitTestResult executionId="b8261a4a-3b35-4050-bf48-419bd2267cf2" testId="c0b96a1c-b0d5-ece3-3b78-6c5f48ca51fc" testName="ReadAppearanceExtensionXml_ShouldNotSetBoundingBoxFillColor_WhenBoundingBoxFillColorIsNotPresent" computerName="DKSR-EFI-06" duration="00:00:00.0003683" startTime="2024-01-09T15:45:45.4446130+01:00" endTime="2024-01-09T15:45:45.4451736+01:00" testType="13cdc9d9-ddb5-4fa4-a97d-d965ccfc6d4b" outcome="Passed" testListId="8c84fa94-04c1-424b-9868-57a2d4851a1d" relativeResultsDirectory="b8261a4a-3b35-4050-bf48-419bd2267cf2" />
    <UnitTestResult executionId="4cdf54cc-5d22-4066-8fe2-14050882198d" testId="3a583449-4deb-358f-f880-2478ec9ff18a" testName="GetColorFilterValues_MultiSelection_Success" computerName="DKSR-EFI-06" duration="00:00:00.0005921" startTime="2024-01-09T15:45:44.3411003+01:00" endTime="2024-01-09T15:45:44.3418882+01:00" testType="13cdc9d9-ddb5-4fa4-a97d-d965ccfc6d4b" outcome="Passed" testListId="8c84fa94-04c1-424b-9868-57a2d4851a1d" relativeResultsDirectory="4cdf54cc-5d22-4066-8fe2-14050882198d" />
    <UnitTestResult executionId="4379b653-126c-4780-8f07-8153830db5c0" testId="a0064dcf-0da1-ba4b-2406-1e7e76d7ad3a" testName="ReadXml_ShouldIgnoreUnknownLikelihoodChildren_WhenUnknownLikelihoodChildrenArePresent" computerName="DKSR-EFI-06" duration="00:00:00.0015226" startTime="2024-01-09T15:45:44.9440468+01:00" endTime="2024-01-09T15:45:44.9457643+01:00" testType="13cdc9d9-ddb5-4fa4-a97d-d965ccfc6d4b" outcome="Passed" testListId="8c84fa94-04c1-424b-9868-57a2d4851a1d" relativeResultsDirectory="4379b653-126c-4780-8f07-8153830db5c0" />
    <UnitTestResult executionId="af963471-5014-4411-9d91-52b1ce6cf153" testId="ad962b0e-987d-63ea-d90a-c4db7582df00" testName="GenerateDeviceParameters_ShouldWriteNumberOfTypeDefintions_WhenAlways" computerName="DKSR-EFI-06" duration="00:00:00.0049537" startTime="2024-01-09T15:45:46.5493432+01:00" endTime="2024-01-09T15:45:46.5545958+01:00" testType="13cdc9d9-ddb5-4fa4-a97d-d965ccfc6d4b" outcome="Passed" testListId="8c84fa94-04c1-424b-9868-57a2d4851a1d" relativeResultsDirectory="af963471-5014-4411-9d91-52b1ce6cf153" />
    <UnitTestResult executionId="b17ef27b-8445-490e-899f-376cad8a0440" testId="463ed80f-116f-24dc-3550-f13e45fe4889" testName="ToString_MipItemNotSet_Is_Empty" computerName="DKSR-EFI-06" duration="00:00:00.0006600" startTime="2024-01-09T15:45:40.7725167+01:00" endTime="2024-01-09T15:45:40.7733983+01:00" testType="13cdc9d9-ddb5-4fa4-a97d-d965ccfc6d4b" outcome="Passed" testListId="8c84fa94-04c1-424b-9868-57a2d4851a1d" relativeResultsDirectory="b17ef27b-8445-490e-899f-376cad8a0440" />
    <UnitTestResult executionId="41c2ab84-f497-4dd6-b028-5bfc0ff42ba6" testId="e22757cf-80d8-f279-1c8a-feb5a05eb919" testName="ReadXml_ShouldReadBehaviourContents_WhenBehaviourIsPresent" computerName="DKSR-EFI-06" duration="00:00:00.0017795" startTime="2024-01-09T15:45:45.3889183+01:00" endTime="2024-01-09T15:45:45.3908886+01:00" testType="13cdc9d9-ddb5-4fa4-a97d-d965ccfc6d4b" outcome="Passed" testListId="8c84fa94-04c1-424b-9868-57a2d4851a1d" relativeResultsDirectory="41c2ab84-f497-4dd6-b028-5bfc0ff42ba6" />
    <UnitTestResult executionId="daaa25a6-18d7-4e7d-82aa-ef7c0a0a6c75" testId="8a8663da-3c48-e3de-3195-bc33f43c17d1" testName="Equals_ShouldHaveValueSemantics_Always" computerName="DKSR-EFI-06" duration="00:00:00.0007145" startTime="2024-01-09T15:45:45.3366208+01:00" endTime="2024-01-09T15:45:45.3375358+01:00" testType="13cdc9d9-ddb5-4fa4-a97d-d965ccfc6d4b" outcome="Passed" testListId="8c84fa94-04c1-424b-9868-57a2d4851a1d" relativeResultsDirectory="daaa25a6-18d7-4e7d-82aa-ef7c0a0a6c75" />
    <UnitTestResult executionId="29049d52-c16d-4a58-a25f-b0355a2911e6" testId="ad28a529-3946-ad0b-47a4-a29f47a70b12" testName="ResolveIconSource_ShouldResolveIcon_ForAllDefinedIcons" computerName="DKSR-EFI-06" duration="00:00:00.1153627" startTime="2024-01-09T15:45:42.2149281+01:00" endTime="2024-01-09T15:45:42.3419777+01:00" testType="13cdc9d9-ddb5-4fa4-a97d-d965ccfc6d4b" outcome="Passed" testListId="8c84fa94-04c1-424b-9868-57a2d4851a1d" relativeResultsDirectory="29049d52-c16d-4a58-a25f-b0355a2911e6" />
    <UnitTestResult executionId="63a3561b-bfe5-4818-a40a-afa5f4a3bcac" testId="044b544f-c581-0c62-7f52-eaa9bd1b769a" testName="ReadXml_ShouldReadColorAttribute_WhenPresent" computerName="DKSR-EFI-06" duration="00:00:00.0017903" startTime="2024-01-09T15:45:45.0287485+01:00" endTime="2024-01-09T15:45:45.0307665+01:00" testType="13cdc9d9-ddb5-4fa4-a97d-d965ccfc6d4b" outcome="Passed" testListId="8c84fa94-04c1-424b-9868-57a2d4851a1d" relativeResultsDirectory="63a3561b-bfe5-4818-a40a-afa5f4a3bcac" />
    <UnitTestResult executionId="6263d382-b197-48f9-9f97-a9f28663ebab" testId="6df640a9-0a50-74d8-fe7f-d3add40b9424" testName="ReadXml_ShouldLogWarningOnlyOnceWithinOneMinute_WhenIncompleteScaleIsPresent" computerName="DKSR-EFI-06" duration="00:00:00.0015586" startTime="2024-01-09T15:45:45.5861653+01:00" endTime="2024-01-09T15:45:45.5879124+01:00" testType="13cdc9d9-ddb5-4fa4-a97d-d965ccfc6d4b" outcome="Passed" testListId="8c84fa94-04c1-424b-9868-57a2d4851a1d" relativeResultsDirectory="6263d382-b197-48f9-9f97-a9f28663ebab" />
    <UnitTestResult executionId="e8ec1ce2-48e3-465e-b2ad-f8450780f678" testId="15a5142a-4ca9-8496-a1cc-4a1caca4c970" testName="GetColorFilterValues_SingleSelection_Success" computerName="DKSR-EFI-06" duration="00:00:00.0055283" startTime="2024-01-09T15:45:44.3331653+01:00" endTime="2024-01-09T15:45:44.3388842+01:00" testType="13cdc9d9-ddb5-4fa4-a97d-d965ccfc6d4b" outcome="Passed" testListId="8c84fa94-04c1-424b-9868-57a2d4851a1d" relativeResultsDirectory="e8ec1ce2-48e3-465e-b2ad-f8450780f678" />
    <UnitTestResult executionId="166b944b-40ee-46f1-b984-68c1ebc6210c" testId="fa078946-dda0-6ffb-816c-44fe3d4e229d" testName="Contains_Not_Found" computerName="DKSR-EFI-06" duration="00:00:00.0313214" startTime="2024-01-09T15:45:19.4164299+01:00" endTime="2024-01-09T15:45:19.4479759+01:00" testType="13cdc9d9-ddb5-4fa4-a97d-d965ccfc6d4b" outcome="Passed" testListId="8c84fa94-04c1-424b-9868-57a2d4851a1d" relativeResultsDirectory="166b944b-40ee-46f1-b984-68c1ebc6210c" />
    <UnitTestResult executionId="bfdedba2-b913-4b19-9aee-2aed9b404aa2" testId="cd1d2fd6-a556-1869-618e-8799c1c10a94" testName="GetColorFilterValues_FilterValueMissing_ReturnsEmptyCollection" computerName="DKSR-EFI-06" duration="00:00:00.0003462" startTime="2024-01-09T15:45:44.3319158+01:00" endTime="2024-01-09T15:45:44.3324435+01:00" testType="13cdc9d9-ddb5-4fa4-a97d-d965ccfc6d4b" outcome="Passed" testListId="8c84fa94-04c1-424b-9868-57a2d4851a1d" relativeResultsDirectory="bfdedba2-b913-4b19-9aee-2aed9b404aa2" />
    <UnitTestResult executionId="5802331a-aaa5-431a-ada9-168d971cef69" testId="b6380494-d08e-3475-91a8-7a07dd918969" testName="HasExtensionDataPresent_ShouldReturnTrue_WhenLineColorIsSet" computerName="DKSR-EFI-06" duration="00:00:00.0013064" startTime="2024-01-09T15:45:45.4072421+01:00" endTime="2024-01-09T15:45:45.4091171+01:00" testType="13cdc9d9-ddb5-4fa4-a97d-d965ccfc6d4b" outcome="Passed" testListId="8c84fa94-04c1-424b-9868-57a2d4851a1d" relativeResultsDirectory="5802331a-aaa5-431a-ada9-168d971cef69" />
    <UnitTestResult executionId="039f8345-8ba8-40cd-b636-47a7a0361a25" testId="7788e309-ff81-f500-79ac-b11223af1ac3" testName="Serialize_ShouldThrowException_WhenPropertyIsSimpleTypeButPathContainsChildren (IntProperty)" computerName="DKSR-EFI-06" duration="00:00:00.0006569" startTime="2024-01-09T15:45:42.8806110+01:00" endTime="2024-01-09T15:45:42.8815797+01:00" testType="13cdc9d9-ddb5-4fa4-a97d-d965ccfc6d4b" outcome="Passed" testListId="8c84fa94-04c1-424b-9868-57a2d4851a1d" relativeResultsDirectory="039f8345-8ba8-40cd-b636-47a7a0361a25" />
    <UnitTestResult executionId="19ee6a62-e6ea-451a-992a-7fd6c43ef899" testId="e4e5e009-82b4-9816-23f6-1a07109fff0d" testName="Serialize_TestCases (TestParentTypeMatchObjectNotThisTypeMatched)" computerName="DKSR-EFI-06" duration="00:00:00.0005806" startTime="2024-01-09T15:45:43.0560527+01:00" endTime="2024-01-09T15:45:43.0569210+01:00" testType="13cdc9d9-ddb5-4fa4-a97d-d965ccfc6d4b" outcome="Passed" testListId="8c84fa94-04c1-424b-9868-57a2d4851a1d" relativeResultsDirectory="19ee6a62-e6ea-451a-992a-7fd6c43ef899" />
    <UnitTestResult executionId="09e428c2-48be-49e4-9429-60ae293f2c95" testId="68f5557d-4bd5-ebae-3a22-537c1702d781" testName="Equals_IgnoreFolderType_Fail_OnObjectString" computerName="DKSR-EFI-06" duration="00:00:00.0003262" startTime="2024-01-09T15:45:18.6568912+01:00" endTime="2024-01-09T15:45:18.6573048+01:00" testType="13cdc9d9-ddb5-4fa4-a97d-d965ccfc6d4b" outcome="Passed" testListId="8c84fa94-04c1-424b-9868-57a2d4851a1d" relativeResultsDirectory="09e428c2-48be-49e4-9429-60ae293f2c95" />
    <UnitTestResult executionId="fa6deb3b-a597-45df-91c1-e575cd0943d7" testId="67b41555-668e-a38b-443d-e1d215565a3e" testName="LicensesObjectId_ShouldNotChange" computerName="DKSR-EFI-06" duration="00:00:00.0015332" startTime="2024-01-09T15:45:46.1572682+01:00" endTime="2024-01-09T15:45:46.1590959+01:00" testType="13cdc9d9-ddb5-4fa4-a97d-d965ccfc6d4b" outcome="Passed" testListId="8c84fa94-04c1-424b-9868-57a2d4851a1d" relativeResultsDirectory="fa6deb3b-a597-45df-91c1-e575cd0943d7" />
    <UnitTestResult executionId="adf7e654-502d-49f5-adf0-aaf3cae6d207" testId="da6b7e5c-6d35-dc61-721a-7a973091e15b" testName="ReadXml_ShouldReadFrameContents_WhenFrameIsPresent" computerName="DKSR-EFI-06" duration="00:00:00.0021079" startTime="2024-01-09T15:45:45.6392326+01:00" endTime="2024-01-09T15:45:45.6415080+01:00" testType="13cdc9d9-ddb5-4fa4-a97d-d965ccfc6d4b" outcome="Passed" testListId="8c84fa94-04c1-424b-9868-57a2d4851a1d" relativeResultsDirectory="adf7e654-502d-49f5-adf0-aaf3cae6d207" />
    <UnitTestResult executionId="c27b0b56-fd1a-4961-8c55-2a0658f3be70" testId="0b769e09-4f15-c038-2979-f712635df491" testName="GetNextDateTime_ShouldReturnFirstDataEntityFromSecondToolkitCall_WhenDateIsEqualOrAfterLastCachedValue" computerName="DKSR-EFI-06" duration="00:00:00.0034084" startTime="2024-01-09T15:45:46.6857195+01:00" endTime="2024-01-09T15:45:46.6893124+01:00" testType="13cdc9d9-ddb5-4fa4-a97d-d965ccfc6d4b" outcome="Passed" testListId="8c84fa94-04c1-424b-9868-57a2d4851a1d" relativeResultsDirectory="c27b0b56-fd1a-4961-8c55-2a0658f3be70" />
    <UnitTestResult executionId="b72feb39-74c3-4ad7-a12f-5dac6486c000" testId="8cae6a56-454e-1e61-1b8f-eb89b356be64" testName="GetFrame_ShouldReturnFirstFrame_WhenThereAreMultipleFrames" computerName="DKSR-EFI-06" duration="00:00:00.0002116" startTime="2024-01-09T15:45:45.2842941+01:00" endTime="2024-01-09T15:45:45.2846353+01:00" testType="13cdc9d9-ddb5-4fa4-a97d-d965ccfc6d4b" outcome="Passed" testListId="8c84fa94-04c1-424b-9868-57a2d4851a1d" relativeResultsDirectory="b72feb39-74c3-4ad7-a12f-5dac6486c000" />
    <UnitTestResult executionId="59398f9f-eb04-4260-acbf-64a8e0d79994" testId="976b8c92-7e7b-e3a1-3453-2a2b85e725d2" testName="Serialize_TestCases (Verify root Object (null) property get property value)" computerName="DKSR-EFI-06" duration="00:00:00.0001925" startTime="2024-01-09T15:45:42.9427363+01:00" endTime="2024-01-09T15:45:42.9432390+01:00" testType="13cdc9d9-ddb5-4fa4-a97d-d965ccfc6d4b" outcome="Passed" testListId="8c84fa94-04c1-424b-9868-57a2d4851a1d" relativeResultsDirectory="59398f9f-eb04-4260-acbf-64a8e0d79994" />
    <UnitTestResult executionId="f2e6712e-5521-40a3-88f8-18aa0866b335" testId="42175a1a-5ae8-6563-c4c4-676e585caed0" testName="WriteXml_ShouldWriteVideoAnalytics_WhenThereIsOneVideoAnalyticsItemPresent" computerName="DKSR-EFI-06" duration="00:00:00.0002143" startTime="2024-01-09T15:45:45.2708035+01:00" endTime="2024-01-09T15:45:45.2711346+01:00" testType="13cdc9d9-ddb5-4fa4-a97d-d965ccfc6d4b" outcome="Passed" testListId="8c84fa94-04c1-424b-9868-57a2d4851a1d" relativeResultsDirectory="f2e6712e-5521-40a3-88f8-18aa0866b335" />
    <UnitTestResult executionId="8817996a-3e9b-4c1a-b12b-ffbe4c1b97d1" testId="31a03b18-193d-f844-e92f-19d317699a01" testName="GenerateParameters_ShouldThrowInvalidOperationException_WhenCodecListContainsNonVideoCodec" computerName="DKSR-EFI-06" duration="00:00:00.0031657" startTime="2024-01-09T15:45:46.3753219+01:00" endTime="2024-01-09T15:45:46.3787142+01:00" testType="13cdc9d9-ddb5-4fa4-a97d-d965ccfc6d4b" outcome="Passed" testListId="8c84fa94-04c1-424b-9868-57a2d4851a1d" relativeResultsDirectory="8817996a-3e9b-4c1a-b12b-ffbe4c1b97d1" />
    <UnitTestResult executionId="c797f25a-3f00-4c45-9547-2edcf8cfc4cc" testId="7fa99fc8-4dae-9088-0c08-813290a88ab6" testName="WriteXml_ShouldWriteTopAttribute_WhenAlays" computerName="DKSR-EFI-06" duration="00:00:00.0003270" startTime="2024-01-09T15:45:45.4570975+01:00" endTime="2024-01-09T15:45:45.4575984+01:00" testType="13cdc9d9-ddb5-4fa4-a97d-d965ccfc6d4b" outcome="Passed" testListId="8c84fa94-04c1-424b-9868-57a2d4851a1d" relativeResultsDirectory="c797f25a-3f00-4c45-9547-2edcf8cfc4cc" />
    <UnitTestResult executionId="cd3b4b00-8d34-4e7f-a209-cb136ae9160a" testId="cd0e928a-8fb2-a8c8-3e57-58d7e6ebe361" testName="ReadXml_ShouldReadYAttribute_WhenPresent" computerName="DKSR-EFI-06" duration="00:00:00.0002998" startTime="2024-01-09T15:45:45.0224792+01:00" endTime="2024-01-09T15:45:45.0229649+01:00" testType="13cdc9d9-ddb5-4fa4-a97d-d965ccfc6d4b" outcome="Passed" testListId="8c84fa94-04c1-424b-9868-57a2d4851a1d" relativeResultsDirectory="cd3b4b00-8d34-4e7f-a209-cb136ae9160a" />
    <UnitTestResult executionId="db3aa5bb-369f-41c5-99aa-e6050a00e4d2" testId="3d5f10ab-1224-9509-ef72-ffed425cc301" testName="PropertiesShouldReturnConstructorParameter" computerName="DKSR-EFI-06" duration="00:00:00.0045856" startTime="2024-01-09T15:45:46.1475356+01:00" endTime="2024-01-09T15:45:46.1523549+01:00" testType="13cdc9d9-ddb5-4fa4-a97d-d965ccfc6d4b" outcome="Passed" testListId="8c84fa94-04c1-424b-9868-57a2d4851a1d" relativeResultsDirectory="db3aa5bb-369f-41c5-99aa-e6050a00e4d2" />
    <UnitTestResult executionId="c68c0bf3-0eea-4554-9014-9bbed64797d8" testId="61262ea9-2fff-4876-558f-09adf2a65523" testName="ProvideValue_ShouldUseNull_WhenMultipleItemsSelected" computerName="DKSR-EFI-06" duration="00:00:00.0054914" startTime="2024-01-09T15:45:42.3721132+01:00" endTime="2024-01-09T15:45:42.3996705+01:00" testType="13cdc9d9-ddb5-4fa4-a97d-d965ccfc6d4b" outcome="Passed" testListId="8c84fa94-04c1-424b-9868-57a2d4851a1d" relativeResultsDirectory="c68c0bf3-0eea-4554-9014-9bbed64797d8" />
    <UnitTestResult executionId="05b9812b-a407-4a9d-a522-ff4c05247d2e" testId="935f282f-5819-0cbb-3d88-60d0430c3f25" testName="WriteXml_ShouldWriteBoundingBoxElement_WhenBoundingBoxIsNotNull" computerName="DKSR-EFI-06" duration="00:00:00.0015642" startTime="2024-01-09T15:45:45.5362754+01:00" endTime="2024-01-09T15:45:45.5380304+01:00" testType="13cdc9d9-ddb5-4fa4-a97d-d965ccfc6d4b" outcome="Passed" testListId="8c84fa94-04c1-424b-9868-57a2d4851a1d" relativeResultsDirectory="05b9812b-a407-4a9d-a522-ff4c05247d2e" />
    <UnitTestResult executionId="bf9826e4-b5b4-474d-9a77-c97495e7daf7" testId="6a35aa0d-9441-e9e5-f921-b7f637c9a652" testName="ReadXml_ShouldReadAllKnownElements_WhenMultipleElementsArePresent" computerName="DKSR-EFI-06" duration="00:00:00.0004690" startTime="2024-01-09T15:45:45.3283278+01:00" endTime="2024-01-09T15:45:45.3289976+01:00" testType="13cdc9d9-ddb5-4fa4-a97d-d965ccfc6d4b" outcome="Passed" testListId="8c84fa94-04c1-424b-9868-57a2d4851a1d" relativeResultsDirectory="bf9826e4-b5b4-474d-9a77-c97495e7daf7" />
    <UnitTestResult executionId="1e3d4105-11eb-4d25-9231-268cb969639d" testId="7b925fbb-7ac1-1fe4-4372-38c14ecc5242" testName="ReadXml_ShouldDiscardShape_WhenInvalidShapeIsPresent" computerName="DKSR-EFI-06" duration="00:00:00.0027792" startTime="2024-01-09T15:45:44.8154914+01:00" endTime="2024-01-09T15:45:44.8184870+01:00" testType="13cdc9d9-ddb5-4fa4-a97d-d965ccfc6d4b" outcome="Passed" testListId="8c84fa94-04c1-424b-9868-57a2d4851a1d" relativeResultsDirectory="1e3d4105-11eb-4d25-9231-268cb969639d" />
    <UnitTestResult executionId="8898ad0b-18f4-429a-a3ed-2d8365f6e31d" testId="5d87446d-b17e-e82f-a4a3-ee27c1dfacd1" testName="TestMultiLevelQueue_TwoLevels_DifferentLevelIdentifiers_Success" computerName="DKSR-EFI-06" duration="00:00:00.5323855" startTime="2024-01-09T15:45:35.0526102+01:00" endTime="2024-01-09T15:45:35.5853069+01:00" testType="13cdc9d9-ddb5-4fa4-a97d-d965ccfc6d4b" outcome="Passed" testListId="8c84fa94-04c1-424b-9868-57a2d4851a1d" relativeResultsDirectory="8898ad0b-18f4-429a-a3ed-2d8365f6e31d" />
    <UnitTestResult executionId="4f1e8086-9286-4b1b-a80f-707a56894665" testId="97fbdc51-18ba-7aa5-3b45-4fad3a6c36f9" testName="ConstructorRgb_ShouldReturnAlphaValueFullyOpaque_Always" computerName="DKSR-EFI-06" duration="00:00:00.0001781" startTime="2024-01-09T15:45:44.9951013+01:00" endTime="2024-01-09T15:45:44.9954725+01:00" testType="13cdc9d9-ddb5-4fa4-a97d-d965ccfc6d4b" outcome="Passed" testListId="8c84fa94-04c1-424b-9868-57a2d4851a1d" relativeResultsDirectory="4f1e8086-9286-4b1b-a80f-707a56894665" />
    <UnitTestResult executionId="442225b0-20a5-4b93-a929-53f3e52e10ae" testId="67088a0d-c95d-ee41-8d3c-5924cd7e11e1" testName="ReadXml_ShouldIgnoreUnknownChildren_WhenUnknownChildrenArePresent" computerName="DKSR-EFI-06" duration="00:00:00.0009039" startTime="2024-01-09T15:45:45.5575322+01:00" endTime="2024-01-09T15:45:45.5586445+01:00" testType="13cdc9d9-ddb5-4fa4-a97d-d965ccfc6d4b" outcome="Passed" testListId="8c84fa94-04c1-424b-9868-57a2d4851a1d" relativeResultsDirectory="442225b0-20a5-4b93-a929-53f3e52e10ae" />
    <UnitTestResult executionId="7924dac1-363d-4c49-8895-40d917f3eb9e" testId="a8162811-15bd-d3de-ec39-97d82066ae3d" testName="WriteXml_ShouldWriteBoldAttribute_WhenSet" computerName="DKSR-EFI-06" duration="00:00:00.0003915" startTime="2024-01-09T15:45:45.0524669+01:00" endTime="2024-01-09T15:45:45.0530940+01:00" testType="13cdc9d9-ddb5-4fa4-a97d-d965ccfc6d4b" outcome="Passed" testListId="8c84fa94-04c1-424b-9868-57a2d4851a1d" relativeResultsDirectory="7924dac1-363d-4c49-8895-40d917f3eb9e" />
    <UnitTestResult executionId="365124f9-c252-4078-acf0-514a890d41e7" testId="52280e61-dcba-6f9b-6016-eff366e7d098" testName="Match_Success_SystemTypeStartMatch" computerName="DKSR-EFI-06" duration="00:00:00.0002759" startTime="2024-01-09T15:45:45.7057150+01:00" endTime="2024-01-09T15:45:45.7061563+01:00" testType="13cdc9d9-ddb5-4fa4-a97d-d965ccfc6d4b" outcome="Passed" testListId="8c84fa94-04c1-424b-9868-57a2d4851a1d" relativeResultsDirectory="365124f9-c252-4078-acf0-514a890d41e7" />
    <UnitTestResult executionId="392d2621-4736-4269-a445-a3a7d0480c16" testId="d6559df8-87d0-bb20-8032-f0a4e10719d7" testName="Add_ShouldInvokeCallback_WhenObservable" computerName="DKSR-EFI-06" duration="00:00:00.0028655" startTime="2024-01-09T15:45:41.4822261+01:00" endTime="2024-01-09T15:45:41.5027889+01:00" testType="13cdc9d9-ddb5-4fa4-a97d-d965ccfc6d4b" outcome="Passed" testListId="8c84fa94-04c1-424b-9868-57a2d4851a1d" relativeResultsDirectory="392d2621-4736-4269-a445-a3a7d0480c16" />
    <UnitTestResult executionId="e8e87c31-afc2-4906-ae80-3aa40ef25262" testId="fde698c6-a194-d6bc-8c31-bc5b72af8298" testName="ReadXml_ShouldIgnoreShape_WhenShapeIsPresenWithWrongNamespace" computerName="DKSR-EFI-06" duration="00:00:00.0003577" startTime="2024-01-09T15:45:44.8140344+01:00" endTime="2024-01-09T15:45:44.8146455+01:00" testType="13cdc9d9-ddb5-4fa4-a97d-d965ccfc6d4b" outcome="Passed" testListId="8c84fa94-04c1-424b-9868-57a2d4851a1d" relativeResultsDirectory="e8e87c31-afc2-4906-ae80-3aa40ef25262" />
    <UnitTestResult executionId="321b99e8-0af1-4b73-ab6c-ed53340ef65c" testId="f095befb-1220-164b-8d93-573101abd22c" testName="IsEmptyValue_DoubleRangeFilterValue_NonDefaultConfiguration_ReturnsFalse" computerName="DKSR-EFI-06" duration="00:00:00.0010973" startTime="2024-01-09T15:45:43.4089181+01:00" endTime="2024-01-09T15:45:43.4102013+01:00" testType="13cdc9d9-ddb5-4fa4-a97d-d965ccfc6d4b" outcome="Passed" testListId="8c84fa94-04c1-424b-9868-57a2d4851a1d" relativeResultsDirectory="321b99e8-0af1-4b73-ab6c-ed53340ef65c" />
    <UnitTestResult executionId="a9c87255-d59f-43d7-b252-d17f9f4b1b8a" testId="aa7cd316-bd03-8913-f5ff-bd80befd5e8b" testName="WriteXml_ShouldWriteTransformationElement_WhenTransformationIsNotNull" computerName="DKSR-EFI-06" duration="00:00:00.0009350" startTime="2024-01-09T15:45:45.1308842+01:00" endTime="2024-01-09T15:45:45.1320088+01:00" testType="13cdc9d9-ddb5-4fa4-a97d-d965ccfc6d4b" outcome="Passed" testListId="8c84fa94-04c1-424b-9868-57a2d4851a1d" relativeResultsDirectory="a9c87255-d59f-43d7-b252-d17f9f4b1b8a" />
    <UnitTestResult executionId="823f643b-bee7-4e48-a127-5cf7f68b0b1a" testId="6a5b7ab3-aa94-4efe-2c3f-1fc918bed002" testName="ReadXml_ShouldReadTransformationContents_WhenTransformationIsPresent" computerName="DKSR-EFI-06" duration="00:00:00.0022970" startTime="2024-01-09T15:45:44.8225093+01:00" endTime="2024-01-09T15:45:44.8250352+01:00" testType="13cdc9d9-ddb5-4fa4-a97d-d965ccfc6d4b" outcome="Passed" testListId="8c84fa94-04c1-424b-9868-57a2d4851a1d" relativeResultsDirectory="823f643b-bee7-4e48-a127-5cf7f68b0b1a" />
    <UnitTestResult executionId="181f8fcd-4df0-4c09-b23b-1e3a3ffd5c44" testId="b837ebc0-f7ad-c47b-17b8-8695813cd0ae" testName="Parse_Double_Simple" computerName="DKSR-EFI-06" duration="00:00:00.0002816" startTime="2024-01-09T15:45:44.5013773+01:00" endTime="2024-01-09T15:45:44.5018623+01:00" testType="13cdc9d9-ddb5-4fa4-a97d-d965ccfc6d4b" outcome="Passed" testListId="8c84fa94-04c1-424b-9868-57a2d4851a1d" relativeResultsDirectory="181f8fcd-4df0-4c09-b23b-1e3a3ffd5c44" />
    <UnitTestResult executionId="5ab5a463-347b-47bc-a98b-848175a2e725" testId="a9799ecd-0497-10f5-66d2-b0667b4dc9d2" testName="Serialize_TestCases (Verify root String (not null) property)" computerName="DKSR-EFI-06" duration="00:00:00.0001998" startTime="2024-01-09T15:45:42.9257254+01:00" endTime="2024-01-09T15:45:42.9262600+01:00" testType="13cdc9d9-ddb5-4fa4-a97d-d965ccfc6d4b" outcome="Passed" testListId="8c84fa94-04c1-424b-9868-57a2d4851a1d" relativeResultsDirectory="5ab5a463-347b-47bc-a98b-848175a2e725" />
    <UnitTestResult executionId="38d90cc9-aa7e-41f1-b61d-e67523a65ad5" testId="8f38f84f-ef7b-c71d-fc5d-8932529a4a0f" testName="BuildOverlayWidthHeightBaseEvent_ShouldReturnCorrectSizedBitmap_WhenArgumentIsEventData" computerName="DKSR-EFI-06" duration="00:00:00.0130893" startTime="2024-01-09T15:45:20.8308525+01:00" endTime="2024-01-09T15:45:20.8441695+01:00" testType="13cdc9d9-ddb5-4fa4-a97d-d965ccfc6d4b" outcome="Passed" testListId="8c84fa94-04c1-424b-9868-57a2d4851a1d" relativeResultsDirectory="38d90cc9-aa7e-41f1-b61d-e67523a65ad5" />
    <UnitTestResult executionId="0041380f-920a-499c-9c52-e87eb522a1b1" testId="440fa337-372a-ba98-a915-98a687b17d8a" testName="GenerateDeviceCapabilityParameters_ShouldWriteTypeId_WhenAlways" computerName="DKSR-EFI-06" duration="00:00:00.0008617" startTime="2024-01-09T15:45:46.5428402+01:00" endTime="2024-01-09T15:45:46.5438781+01:00" testType="13cdc9d9-ddb5-4fa4-a97d-d965ccfc6d4b" outcome="Passed" testListId="8c84fa94-04c1-424b-9868-57a2d4851a1d" relativeResultsDirectory="0041380f-920a-499c-9c52-e87eb522a1b1" />
    <UnitTestResult executionId="6facc6c5-1c5d-4cfd-8260-766e49ea44df" testId="e10db072-c885-f638-cbd6-f0cb1d9146d0" testName="CountByItems_Activated_CountByCounter_Trial3" computerName="DKSR-EFI-06" duration="00:00:00.0017505" startTime="2024-01-09T15:45:46.3470989+01:00" endTime="2024-01-09T15:45:46.3490313+01:00" testType="13cdc9d9-ddb5-4fa4-a97d-d965ccfc6d4b" outcome="Passed" testListId="8c84fa94-04c1-424b-9868-57a2d4851a1d" relativeResultsDirectory="6facc6c5-1c5d-4cfd-8260-766e49ea44df" />
    <UnitTestResult executionId="c65f07c4-da0f-40b9-81ad-7cfc9794da26" testId="aa967bfa-3977-123e-a321-b0953779e966" testName="Stop_ShouldReinitializeThrowsException_ProcessorSurvives" computerName="DKSR-EFI-06" duration="00:00:00.0075531" startTime="2024-01-09T15:45:40.3214093+01:00" endTime="2024-01-09T15:45:40.3292338+01:00" testType="13cdc9d9-ddb5-4fa4-a97d-d965ccfc6d4b" outcome="Passed" testListId="8c84fa94-04c1-424b-9868-57a2d4851a1d" relativeResultsDirectory="c65f07c4-da0f-40b9-81ad-7cfc9794da26" />
    <UnitTestResult executionId="9b33763f-cd07-4270-b35d-9b12cddc29aa" testId="84ea0ecf-7538-7ba3-3591-e86fa59176ef" testName="Serialize_TestCases (TestParentTypeMatchGenericThisTypeNotMatchedProperty)" computerName="DKSR-EFI-06" duration="00:00:00.0024406" startTime="2024-01-09T15:45:43.1020165+01:00" endTime="2024-01-09T15:45:43.1047798+01:00" testType="13cdc9d9-ddb5-4fa4-a97d-d965ccfc6d4b" outcome="Passed" testListId="8c84fa94-04c1-424b-9868-57a2d4851a1d" relativeResultsDirectory="9b33763f-cd07-4270-b35d-9b12cddc29aa" />
    <UnitTestResult executionId="f60c8778-867d-4bdf-aee0-d921cb5cf922" testId="a75415d5-8f48-5b6a-949c-d1ac83acad3d" testName="ServerIdWithHttps_CheckSerialization_Success" computerName="DKSR-EFI-06" duration="00:00:00.0022049" startTime="2024-01-09T15:45:18.6311622+01:00" endTime="2024-01-09T15:45:18.6334828+01:00" testType="13cdc9d9-ddb5-4fa4-a97d-d965ccfc6d4b" outcome="Passed" testListId="8c84fa94-04c1-424b-9868-57a2d4851a1d" relativeResultsDirectory="f60c8778-867d-4bdf-aee0-d921cb5cf922" />
    <UnitTestResult executionId="d26e71e0-2f6d-4e7f-9ee1-6e5916365795" testId="6e083e3d-bf62-ee30-d2f0-b17d35c633ea" testName="AllAttributesWerePresent_ShouldReturnTrue_WhenBothXAndYAreFloats" computerName="DKSR-EFI-06" duration="00:00:00.0002814" startTime="2024-01-09T15:45:45.4352440+01:00" endTime="2024-01-09T15:45:45.4357097+01:00" testType="13cdc9d9-ddb5-4fa4-a97d-d965ccfc6d4b" outcome="Passed" testListId="8c84fa94-04c1-424b-9868-57a2d4851a1d" relativeResultsDirectory="d26e71e0-2f6d-4e7f-9ee1-6e5916365795" />
    <UnitTestResult executionId="e52fdf0d-0325-4b42-8f29-6cafde1e65c9" testId="3893bc09-628b-2605-fa37-7cfb280ed351" testName="IsValid_ShouldReturnFalse_WhenLikelihoodIsLessThanZero" computerName="DKSR-EFI-06" duration="00:00:00.0002615" startTime="2024-01-09T15:45:44.9272251+01:00" endTime="2024-01-09T15:45:44.9276738+01:00" testType="13cdc9d9-ddb5-4fa4-a97d-d965ccfc6d4b" outcome="Passed" testListId="8c84fa94-04c1-424b-9868-57a2d4851a1d" relativeResultsDirectory="e52fdf0d-0325-4b42-8f29-6cafde1e65c9" />
    <UnitTestResult executionId="58a30e2e-e48d-4c4d-9e39-18bdb1acddc9" testId="c17413ea-faf7-b84c-6a91-46a90eb83f24" testName="FallbackDisplayValue_NotSet_ReturnsNull" computerName="DKSR-EFI-06" duration="00:00:00.0022670" startTime="2024-01-09T15:45:43.2425003+01:00" endTime="2024-01-09T15:45:43.2451433+01:00" testType="13cdc9d9-ddb5-4fa4-a97d-d965ccfc6d4b" outcome="Passed" testListId="8c84fa94-04c1-424b-9868-57a2d4851a1d" relativeResultsDirectory="58a30e2e-e48d-4c4d-9e39-18bdb1acddc9" />
    <UnitTestResult executionId="e444c3bf-8671-4a7d-83ac-3f8fe96da93f" testId="5cdbd0d9-c8bd-a61c-82a8-354b3f579fbb" testName="Append_Property_MIPItem_UpperCase" computerName="DKSR-EFI-06" duration="00:00:00.0017637" startTime="2024-01-09T15:45:44.4000369+01:00" endTime="2024-01-09T15:45:44.4020508+01:00" testType="13cdc9d9-ddb5-4fa4-a97d-d965ccfc6d4b" outcome="Passed" testListId="8c84fa94-04c1-424b-9868-57a2d4851a1d" relativeResultsDirectory="e444c3bf-8671-4a7d-83ac-3f8fe96da93f" />
    <UnitTestResult executionId="3e6d9283-4646-46b8-b37d-1942904c863f" testId="c2275de9-9fb7-2d15-4e82-ae68930b46f3" testName="Serialize_ToXmlWriter" computerName="DKSR-EFI-06" duration="00:00:00.0123186" startTime="2024-01-09T15:45:19.9056865+01:00" endTime="2024-01-09T15:45:19.9182285+01:00" testType="13cdc9d9-ddb5-4fa4-a97d-d965ccfc6d4b" outcome="Passed" testListId="8c84fa94-04c1-424b-9868-57a2d4851a1d" relativeResultsDirectory="3e6d9283-4646-46b8-b37d-1942904c863f" />
    <UnitTestResult executionId="644b6297-3283-422c-8819-4cf33fe00fc5" testId="b2b2d43b-9d87-4971-7001-e6990369b6c8" testName="FallbackDisplayValue_SingleValueSet_ReturnsSingleValue" computerName="DKSR-EFI-06" duration="00:00:00.0055388" startTime="2024-01-09T15:45:43.2460017+01:00" endTime="2024-01-09T15:45:43.2518106+01:00" testType="13cdc9d9-ddb5-4fa4-a97d-d965ccfc6d4b" outcome="Passed" testListId="8c84fa94-04c1-424b-9868-57a2d4851a1d" relativeResultsDirectory="644b6297-3283-422c-8819-4cf33fe00fc5" />
    <UnitTestResult executionId="27b65629-f6b2-4526-98ea-35a0670e4d4e" testId="e58ef73c-b84c-961f-61e3-72952cd8cb8c" testName="CreateAlarmFromEvent_ShouldReturnProperAlarm_WhenArgumentIsAnalyticsEvent" computerName="DKSR-EFI-06" duration="00:00:00.0196296" startTime="2024-01-09T15:45:20.7889425+01:00" endTime="2024-01-09T15:45:20.8087821+01:00" testType="13cdc9d9-ddb5-4fa4-a97d-d965ccfc6d4b" outcome="Passed" testListId="8c84fa94-04c1-424b-9868-57a2d4851a1d" relativeResultsDirectory="27b65629-f6b2-4526-98ea-35a0670e4d4e" />
    <UnitTestResult executionId="ef4056c2-4c98-4fea-9c71-d385092e7064" testId="d2780117-34b2-66e8-9cc3-23cf0c600a02" testName="WriteXml_ShouldWriteTransformationElement_WhenTransformationIsNotNull" computerName="DKSR-EFI-06" duration="00:00:00.0007130" startTime="2024-01-09T15:45:44.8609529+01:00" endTime="2024-01-09T15:45:44.8618697+01:00" testType="13cdc9d9-ddb5-4fa4-a97d-d965ccfc6d4b" outcome="Passed" testListId="8c84fa94-04c1-424b-9868-57a2d4851a1d" relativeResultsDirectory="ef4056c2-4c98-4fea-9c71-d385092e7064" />
    <UnitTestResult executionId="771b8c32-2f0e-4bb9-b7e6-317a2a1dddb7" testId="c47b0ccb-123e-8cec-2750-cacbc255e2ef" testName="ToJson_ListElement_Array" computerName="DKSR-EFI-06" duration="00:00:00.0002411" startTime="2024-01-09T15:45:44.5408722+01:00" endTime="2024-01-09T15:45:44.5413138+01:00" testType="13cdc9d9-ddb5-4fa4-a97d-d965ccfc6d4b" outcome="Passed" testListId="8c84fa94-04c1-424b-9868-57a2d4851a1d" relativeResultsDirectory="771b8c32-2f0e-4bb9-b7e6-317a2a1dddb7" />
    <UnitTestResult executionId="25850aa7-d5e6-4432-ac20-a4574815b65e" testId="b789a227-1d2f-c14a-41cf-d52a7a553222" testName="CreateSearchResultUserControl_PluginReturnsNull_ReturnsNull" computerName="DKSR-EFI-06" duration="00:00:00.0191434" startTime="2024-01-09T15:45:43.8277363+01:00" endTime="2024-01-09T15:45:43.8545128+01:00" testType="13cdc9d9-ddb5-4fa4-a97d-d965ccfc6d4b" outcome="Passed" testListId="8c84fa94-04c1-424b-9868-57a2d4851a1d" relativeResultsDirectory="25850aa7-d5e6-4432-ac20-a4574815b65e" />
    <UnitTestResult executionId="864abac7-e2bc-4634-b568-ac628621d136" testId="15cecd1c-3b58-a036-2736-cf341db03f0a" testName="ReadAppearanceExtensionXml_ShouldReadBoundingBoxLineThickness_WhenBoundingBoxLineThicknessIsPresent" computerName="DKSR-EFI-06" duration="00:00:00.0010414" startTime="2024-01-09T15:45:45.4400966+01:00" endTime="2024-01-09T15:45:45.4413390+01:00" testType="13cdc9d9-ddb5-4fa4-a97d-d965ccfc6d4b" outcome="Passed" testListId="8c84fa94-04c1-424b-9868-57a2d4851a1d" relativeResultsDirectory="864abac7-e2bc-4634-b568-ac628621d136" />
    <UnitTestResult executionId="a3ef1a2b-df27-4083-90c2-1a194ec9d208" testId="40c0286b-652b-f4d2-04b7-183bee4a715e" testName="GetNext_ShouldReturnNull_WhenThereIsNoNextEntryAfterCallToFindCacheEntryAfter" computerName="DKSR-EFI-06" duration="00:00:00.0003615" startTime="2024-01-09T15:45:46.5144345+01:00" endTime="2024-01-09T15:45:46.5149807+01:00" testType="13cdc9d9-ddb5-4fa4-a97d-d965ccfc6d4b" outcome="Passed" testListId="8c84fa94-04c1-424b-9868-57a2d4851a1d" relativeResultsDirectory="a3ef1a2b-df27-4083-90c2-1a194ec9d208" />
    <UnitTestResult executionId="def6f466-c26f-4d06-baa3-c2d14019559f" testId="cd7a6560-e302-692e-ccee-28a759be3533" testName="Serialize_TestCases (Verify root Collection (null) property get property value)" computerName="DKSR-EFI-06" duration="00:00:00.0001731" startTime="2024-01-09T15:45:42.9498939+01:00" endTime="2024-01-09T15:45:42.9503621+01:00" testType="13cdc9d9-ddb5-4fa4-a97d-d965ccfc6d4b" outcome="Passed" testListId="8c84fa94-04c1-424b-9868-57a2d4851a1d" relativeResultsDirectory="def6f466-c26f-4d06-baa3-c2d14019559f" />
    <UnitTestResult executionId="1491451b-3705-4234-a8dc-f496c168fe81" testId="35a57cb6-17e3-2864-373a-0a8f0a5d8876" testName="Equals_Success" computerName="DKSR-EFI-06" duration="00:00:00.0008372" startTime="2024-01-09T15:45:45.7143534+01:00" endTime="2024-01-09T15:45:45.7153816+01:00" testType="13cdc9d9-ddb5-4fa4-a97d-d965ccfc6d4b" outcome="Passed" testListId="8c84fa94-04c1-424b-9868-57a2d4851a1d" relativeResultsDirectory="1491451b-3705-4234-a8dc-f496c168fe81" />
    <UnitTestResult executionId="b3cb094f-f48b-4704-8c4c-0ee2112f14eb" testId="545d08a7-8d4d-0e52-621a-4acb7e985873" testName="ReadAppearanceExtensionXml_ShouldReadBoundingBoxFillColor_WhenBoundingBoxFillColorIsPresent" computerName="DKSR-EFI-06" duration="00:00:00.0003275" startTime="2024-01-09T15:45:45.4433854+01:00" endTime="2024-01-09T15:45:45.4439033+01:00" testType="13cdc9d9-ddb5-4fa4-a97d-d965ccfc6d4b" outcome="Passed" testListId="8c84fa94-04c1-424b-9868-57a2d4851a1d" relativeResultsDirectory="b3cb094f-f48b-4704-8c4c-0ee2112f14eb" />
    <UnitTestResult executionId="c8ceb887-4a6b-47d9-a9d8-b16e60dee398" testId="3fce05ef-b530-f8da-eaa9-a5674fdfcd79" testName="ReadXml_ShouldReadClassCandidate_WhenCorrectClassCandidateIsPresent" computerName="DKSR-EFI-06" duration="00:00:00.0013431" startTime="2024-01-09T15:45:45.3428389+01:00" endTime="2024-01-09T15:45:45.3443034+01:00" testType="13cdc9d9-ddb5-4fa4-a97d-d965ccfc6d4b" outcome="Passed" testListId="8c84fa94-04c1-424b-9868-57a2d4851a1d" relativeResultsDirectory="c8ceb887-4a6b-47d9-a9d8-b16e60dee398" />
    <UnitTestResult executionId="b1ac5cc3-0ded-4f33-987b-69389f090183" testId="2e6d5115-26cc-6226-264b-6222e4689761" testName="Contains_CameraServerName_Checked" computerName="DKSR-EFI-06" duration="00:00:00.0005433" startTime="2024-01-09T15:45:18.6407705+01:00" endTime="2024-01-09T15:45:18.6414093+01:00" testType="13cdc9d9-ddb5-4fa4-a97d-d965ccfc6d4b" outcome="Passed" testListId="8c84fa94-04c1-424b-9868-57a2d4851a1d" relativeResultsDirectory="b1ac5cc3-0ded-4f33-987b-69389f090183" />
    <UnitTestResult executionId="5d0fabfe-4d71-451d-8db5-66ebaf38de00" testId="426fd024-0e4c-9e4a-2e43-44c5266f80d0" testName="Contains_CameraKind_Checked" computerName="DKSR-EFI-06" duration="00:00:00.0006355" startTime="2024-01-09T15:45:18.6385181+01:00" endTime="2024-01-09T15:45:18.6392632+01:00" testType="13cdc9d9-ddb5-4fa4-a97d-d965ccfc6d4b" outcome="Passed" testListId="8c84fa94-04c1-424b-9868-57a2d4851a1d" relativeResultsDirectory="5d0fabfe-4d71-451d-8db5-66ebaf38de00" />
    <UnitTestResult executionId="a3b8c25f-ef3e-4569-bf84-070f203a3ab2" testId="18ccdaf8-d982-0e82-d316-63446f746fd7" testName="ReadXml_ShouldLogWarning_WhenIncompleteWhenIncompleteScaleIsPresent" computerName="DKSR-EFI-06" duration="00:00:00.0012394" startTime="2024-01-09T15:45:45.5839688+01:00" endTime="2024-01-09T15:45:45.5854062+01:00" testType="13cdc9d9-ddb5-4fa4-a97d-d965ccfc6d4b" outcome="Passed" testListId="8c84fa94-04c1-424b-9868-57a2d4851a1d" relativeResultsDirectory="a3b8c25f-ef3e-4569-bf84-070f203a3ab2" />
    <UnitTestResult executionId="0f161194-185c-4537-b3c9-f1fafeab5a4e" testId="080800ed-e6da-eef9-42ef-0179d68c4004" testName="SearchResultData_SameTitle_Success" computerName="DKSR-EFI-06" duration="00:00:00.0001883" startTime="2024-01-09T15:45:43.7587458+01:00" endTime="2024-01-09T15:45:43.7591261+01:00" testType="13cdc9d9-ddb5-4fa4-a97d-d965ccfc6d4b" outcome="Passed" testListId="8c84fa94-04c1-424b-9868-57a2d4851a1d" relativeResultsDirectory="0f161194-185c-4537-b3c9-f1fafeab5a4e" />
    <UnitTestResult executionId="d5465670-5801-4ae0-95dd-4971a340b653" testId="541af543-8f89-e2a2-51fc-7ea5fad4d84e" testName="GetItem_ShouldReturnNull_WhenNotFound" computerName="DKSR-EFI-06" duration="00:00:00.0052702" startTime="2024-01-09T15:45:22.1305301+01:00" endTime="2024-01-09T15:45:22.1359469+01:00" testType="13cdc9d9-ddb5-4fa4-a97d-d965ccfc6d4b" outcome="Passed" testListId="8c84fa94-04c1-424b-9868-57a2d4851a1d" relativeResultsDirectory="d5465670-5801-4ae0-95dd-4971a340b653" />
    <UnitTestResult executionId="c070f696-dfab-49ab-ae2b-f8d2e208141d" testId="fd9e0efb-edb7-82bd-15c3-0c32bed5a7f0" testName="AllAttributesWerePresent_ShouldReturnFalse_WhenTopAttributeIsNotAFloat" computerName="DKSR-EFI-06" duration="00:00:00.0002906" startTime="2024-01-09T15:45:45.4252253+01:00" endTime="2024-01-09T15:45:45.4257036+01:00" testType="13cdc9d9-ddb5-4fa4-a97d-d965ccfc6d4b" outcome="Passed" testListId="8c84fa94-04c1-424b-9868-57a2d4851a1d" relativeResultsDirectory="c070f696-dfab-49ab-ae2b-f8d2e208141d" />
    <UnitTestResult executionId="b0eb4853-057d-4627-9659-1e06ea7dc99c" testId="64bf4ca0-c568-7784-9fd7-9241aca3c483" testName="GenerateParameters_ShouldOmitGopRange_WhenGopRangeIsNull" computerName="DKSR-EFI-06" duration="00:00:00.0007975" startTime="2024-01-09T15:45:46.4031927+01:00" endTime="2024-01-09T15:45:46.4041905+01:00" testType="13cdc9d9-ddb5-4fa4-a97d-d965ccfc6d4b" outcome="Passed" testListId="8c84fa94-04c1-424b-9868-57a2d4851a1d" relativeResultsDirectory="b0eb4853-057d-4627-9659-1e06ea7dc99c" />
    <UnitTestResult executionId="fe44a60b-ec8f-4a4f-9453-21b8573bf149" testId="0a92ab9e-a0ef-5666-6bfc-bca43af1a11e" testName="GetClientAsync_NotStartsClient_AfterFirstCall" computerName="DKSR-EFI-06" duration="00:00:00.0062079" startTime="2024-01-09T15:45:45.7583655+01:00" endTime="2024-01-09T15:45:45.7648463+01:00" testType="13cdc9d9-ddb5-4fa4-a97d-d965ccfc6d4b" outcome="Passed" testListId="8c84fa94-04c1-424b-9868-57a2d4851a1d" relativeResultsDirectory="fe44a60b-ec8f-4a4f-9453-21b8573bf149" />
    <UnitTestResult executionId="2467fa85-9f4a-4510-943e-7823edb5aeb4" testId="052237df-54d9-31a7-0ab1-08aaf1d51da7" testName="ReadAppearanceExtensionXml_ShouldNotSetBoundingBoxLineColor_WhenBoundingBoxLineColorIsNotPresent" computerName="DKSR-EFI-06" duration="00:00:00.0002115" startTime="2024-01-09T15:45:45.4379489+01:00" endTime="2024-01-09T15:45:45.4382896+01:00" testType="13cdc9d9-ddb5-4fa4-a97d-d965ccfc6d4b" outcome="Passed" testListId="8c84fa94-04c1-424b-9868-57a2d4851a1d" relativeResultsDirectory="2467fa85-9f4a-4510-943e-7823edb5aeb4" />
    <UnitTestResult executionId="17602c62-bd97-4107-8c4e-22bbd4899d3e" testId="bfea60ac-0b86-e379-4adc-c41a2063908a" testName="ParseMetadataXmlWithString_ShouldThrowArgumentNullException_WhenXmlIsNull" computerName="DKSR-EFI-06" duration="00:00:00.0013612" startTime="2024-01-09T15:45:45.1531088+01:00" endTime="2024-01-09T15:45:45.1548488+01:00" testType="13cdc9d9-ddb5-4fa4-a97d-d965ccfc6d4b" outcome="Passed" testListId="8c84fa94-04c1-424b-9868-57a2d4851a1d" relativeResultsDirectory="17602c62-bd97-4107-8c4e-22bbd4899d3e" />
    <UnitTestResult executionId="3745399c-6001-4e61-ad30-e727e62e4bc2" testId="330836c9-cc9b-a4b7-a20d-ba9093f6b879" testName="GetItem_AlarmDefinition_Success" computerName="DKSR-EFI-06" duration="00:00:00.0052838" startTime="2024-01-09T15:45:44.6256585+01:00" endTime="2024-01-09T15:45:44.6311820+01:00" testType="13cdc9d9-ddb5-4fa4-a97d-d965ccfc6d4b" outcome="Passed" testListId="8c84fa94-04c1-424b-9868-57a2d4851a1d" relativeResultsDirectory="3745399c-6001-4e61-ad30-e727e62e4bc2" />
    <UnitTestResult executionId="9c68a3f7-13b5-4d63-99c6-58fea415e0b7" testId="14b61d2f-5443-8ef0-349e-b30883ba9c22" testName="CountByCounter_NotActivated_Trial" computerName="DKSR-EFI-06" duration="00:00:00.0014147" startTime="2024-01-09T15:45:46.2779615+01:00" endTime="2024-01-09T15:45:46.2795805+01:00" testType="13cdc9d9-ddb5-4fa4-a97d-d965ccfc6d4b" outcome="Passed" testListId="8c84fa94-04c1-424b-9868-57a2d4851a1d" relativeResultsDirectory="9c68a3f7-13b5-4d63-99c6-58fea415e0b7" />
    <UnitTestResult executionId="af895f1d-d1e2-4ffb-bf9f-b8ef6e139f96" testId="0b5213c6-1e29-5592-48df-383ab2a80365" testName="GetFilterValues_EmptyValueAdded_ReturnsEmptyCollection" computerName="DKSR-EFI-06" duration="00:00:00.0092632" startTime="2024-01-09T15:45:43.3614050+01:00" endTime="2024-01-09T15:45:43.3709285+01:00" testType="13cdc9d9-ddb5-4fa4-a97d-d965ccfc6d4b" outcome="Passed" testListId="8c84fa94-04c1-424b-9868-57a2d4851a1d" relativeResultsDirectory="af895f1d-d1e2-4ffb-bf9f-b8ef6e139f96" />
    <UnitTestResult executionId="d5740bcc-8abf-46a0-8096-4d15ca018f45" testId="7f634cbe-20c0-73ce-7a57-e27b44400638" testName="Ctor_NullName_Throws" computerName="DKSR-EFI-06" duration="00:00:00.0012983" startTime="2024-01-09T15:45:44.2489243+01:00" endTime="2024-01-09T15:45:44.2506954+01:00" testType="13cdc9d9-ddb5-4fa4-a97d-d965ccfc6d4b" outcome="Passed" testListId="8c84fa94-04c1-424b-9868-57a2d4851a1d" relativeResultsDirectory="d5740bcc-8abf-46a0-8096-4d15ca018f45" />
    <UnitTestResult executionId="876d6148-390e-459e-9659-10adea83681c" testId="ac1eb344-84dd-8e2f-e7fa-8afd6aaf6222" testName="GetNextSequence_ShouldStoreToolkitResultInCache_WhenAlways" computerName="DKSR-EFI-06" duration="00:00:00.0023628" startTime="2024-01-09T15:45:46.7661325+01:00" endTime="2024-01-09T15:45:46.7686781+01:00" testType="13cdc9d9-ddb5-4fa4-a97d-d965ccfc6d4b" outcome="Passed" testListId="8c84fa94-04c1-424b-9868-57a2d4851a1d" relativeResultsDirectory="876d6148-390e-459e-9659-10adea83681c" />
    <UnitTestResult executionId="bf06f06d-d93a-4d56-8182-abdbffdab092" testId="21fa9385-bfaf-d1fb-f620-6ac18f449c60" testName="ReadXml_ShouldLogWarningOnlyOnceWithinOneMinute_WhenClassCandidateIsNotValid" computerName="DKSR-EFI-06" duration="00:00:00.0015007" startTime="2024-01-09T15:45:45.3561960+01:00" endTime="2024-01-09T15:45:45.3578676+01:00" testType="13cdc9d9-ddb5-4fa4-a97d-d965ccfc6d4b" outcome="Passed" testListId="8c84fa94-04c1-424b-9868-57a2d4851a1d" relativeResultsDirectory="bf06f06d-d93a-4d56-8182-abdbffdab092" />
    <UnitTestResult executionId="f5497591-63cf-46dc-b852-50b88c390921" testId="b0ea56fc-56fe-34ff-f18f-05cf3640650e" testName="RemoveFilterValue_UnknownFilter_DoesNothing" computerName="DKSR-EFI-06" duration="00:00:00.0008909" startTime="2024-01-09T15:45:43.3197786+01:00" endTime="2024-01-09T15:45:43.3209246+01:00" testType="13cdc9d9-ddb5-4fa4-a97d-d965ccfc6d4b" outcome="Passed" testListId="8c84fa94-04c1-424b-9868-57a2d4851a1d" relativeResultsDirectory="f5497591-63cf-46dc-b852-50b88c390921" />
    <UnitTestResult executionId="f3711881-0569-428b-b751-e8264f92f4ff" testId="7b3048fa-a67c-dc66-afa0-4a605a32dbf4" testName="GetBoundingShapesAsync_SingleInvocation_DelegatedToInternalMethod" computerName="DKSR-EFI-06" duration="00:00:00.0067115" startTime="2024-01-09T15:45:43.7261649+01:00" endTime="2024-01-09T15:45:43.7331798+01:00" testType="13cdc9d9-ddb5-4fa4-a97d-d965ccfc6d4b" outcome="Passed" testListId="8c84fa94-04c1-424b-9868-57a2d4851a1d" relativeResultsDirectory="f3711881-0569-428b-b751-e8264f92f4ff" />
    <UnitTestResult executionId="c7fbec4b-ec69-4774-9979-c36dab0e1391" testId="737a55e3-02b4-11ec-a502-8f24217ffca3" testName="Encrypt_ShouldReturnValueDifferentThanInput" computerName="DKSR-EFI-06" duration="00:00:00.0271906" startTime="2024-01-09T15:45:46.2087123+01:00" endTime="2024-01-09T15:45:46.2361174+01:00" testType="13cdc9d9-ddb5-4fa4-a97d-d965ccfc6d4b" outcome="Passed" testListId="8c84fa94-04c1-424b-9868-57a2d4851a1d" relativeResultsDirectory="c7fbec4b-ec69-4774-9979-c36dab0e1391" />
    <UnitTestResult executionId="4f93d131-2e5c-44eb-9ad0-9d301de19da4" testId="cf5973cd-80eb-589d-6a2e-dee3a1384b97" testName="ReadXml_ShouldIgnoreUnknownElements_WhenUnknownElementsArePresent" computerName="DKSR-EFI-06" duration="00:00:00.0003712" startTime="2024-01-09T15:45:45.3311275+01:00" endTime="2024-01-09T15:45:45.3316855+01:00" testType="13cdc9d9-ddb5-4fa4-a97d-d965ccfc6d4b" outcome="Passed" testListId="8c84fa94-04c1-424b-9868-57a2d4851a1d" relativeResultsDirectory="4f93d131-2e5c-44eb-9ad0-9d301de19da4" />
    <UnitTestResult executionId="96446b6c-dd59-47c1-acf2-0c2310875072" testId="9be33bba-634e-2cc5-910a-418012d1f19f" testName="SearializePlusDeserialize_ComplexObject_ShouldResultInSameString" computerName="DKSR-EFI-06" duration="00:00:00.0021390" startTime="2024-01-09T15:45:44.4792310+01:00" endTime="2024-01-09T15:45:44.4815803+01:00" testType="13cdc9d9-ddb5-4fa4-a97d-d965ccfc6d4b" outcome="Passed" testListId="8c84fa94-04c1-424b-9868-57a2d4851a1d" relativeResultsDirectory="96446b6c-dd59-47c1-acf2-0c2310875072" />
    <UnitTestResult executionId="9ec66a3f-4040-48e1-bb1c-203fe5efbb31" testId="cf0c75b1-044e-c5b0-ba75-3be411bef17a" testName="OverlapsWith_ShouldReturnFalse_WhenArgumenStartTimeIsAfterEndTime" computerName="DKSR-EFI-06" duration="00:00:00.0002969" startTime="2024-01-09T15:45:32.2516280+01:00" endTime="2024-01-09T15:45:32.2520583+01:00" testType="13cdc9d9-ddb5-4fa4-a97d-d965ccfc6d4b" outcome="Passed" testListId="8c84fa94-04c1-424b-9868-57a2d4851a1d" relativeResultsDirectory="9ec66a3f-4040-48e1-bb1c-203fe5efbb31" />
    <UnitTestResult executionId="be03961c-7352-4db0-a124-975b8b5a3d09" testId="f54a29ea-af6b-e415-7699-17daf9b39664" testName="Serialize_TestCases (TestParentRecursiveTwoRecursiveElements)" computerName="DKSR-EFI-06" duration="00:00:00.0007814" startTime="2024-01-09T15:45:43.1284314+01:00" endTime="2024-01-09T15:45:43.1295093+01:00" testType="13cdc9d9-ddb5-4fa4-a97d-d965ccfc6d4b" outcome="Passed" testListId="8c84fa94-04c1-424b-9868-57a2d4851a1d" relativeResultsDirectory="be03961c-7352-4db0-a124-975b8b5a3d09" />
    <UnitTestResult executionId="ed8028ec-37fd-4553-8647-bff79d124995" testId="5f1d3042-4664-b398-297d-153c346ec0d1" testName="Equals_ShouldHaveValueSemantics_WhenAlways" computerName="DKSR-EFI-06" duration="00:00:00.0011642" startTime="2024-01-09T15:45:44.9696023+01:00" endTime="2024-01-09T15:45:44.9709667+01:00" testType="13cdc9d9-ddb5-4fa4-a97d-d965ccfc6d4b" outcome="Passed" testListId="8c84fa94-04c1-424b-9868-57a2d4851a1d" relativeResultsDirectory="ed8028ec-37fd-4553-8647-bff79d124995" />
    <UnitTestResult executionId="2687a522-bd74-4415-a7ad-333a2baeac0a" testId="24a8c25f-b1c2-eba6-82b4-72c1adc9ee27" testName="BuildOverlayWidthHeightAlarm_ShouldReturnCorrectSizedBitmap_WhenArgumentContainsNoObjectAndRule" computerName="DKSR-EFI-06" duration="00:00:00.0013604" startTime="2024-01-09T15:45:21.5816563+01:00" endTime="2024-01-09T15:45:21.5832163+01:00" testType="13cdc9d9-ddb5-4fa4-a97d-d965ccfc6d4b" outcome="Passed" testListId="8c84fa94-04c1-424b-9868-57a2d4851a1d" relativeResultsDirectory="2687a522-bd74-4415-a7ad-333a2baeac0a" />
    <UnitTestResult executionId="aab0c6d2-f010-42fe-9ddc-fcc6fe91010a" testId="eb2478e2-607b-274e-dc5e-7e8aa422b888" testName="Get_KeyNotPresent_ReturnsNull" computerName="DKSR-EFI-06" duration="00:00:00.0019491" startTime="2024-01-09T15:45:32.5134713+01:00" endTime="2024-01-09T15:45:32.5155585+01:00" testType="13cdc9d9-ddb5-4fa4-a97d-d965ccfc6d4b" outcome="Passed" testListId="8c84fa94-04c1-424b-9868-57a2d4851a1d" relativeResultsDirectory="aab0c6d2-f010-42fe-9ddc-fcc6fe91010a" />
    <UnitTestResult executionId="5a661d53-97fc-4199-bb66-d9048c6bf40e" testId="0bab0433-8652-888f-3edd-7e1d722c4c52" testName="Serialize_TestCases (TestParentTypeMatchInterfaceThisTypeNotMatchedProperty)" computerName="DKSR-EFI-06" duration="00:00:00.0005426" startTime="2024-01-09T15:45:43.0830875+01:00" endTime="2024-01-09T15:45:43.0839230+01:00" testType="13cdc9d9-ddb5-4fa4-a97d-d965ccfc6d4b" outcome="Passed" testListId="8c84fa94-04c1-424b-9868-57a2d4851a1d" relativeResultsDirectory="5a661d53-97fc-4199-bb66-d9048c6bf40e" />
    <UnitTestResult executionId="b90393f3-4d8b-494b-950f-c840cbccaa00" testId="7703e29a-ecc3-f42a-a3d8-2092764eb3f2" testName="ToJson_StringElement" computerName="DKSR-EFI-06" duration="00:00:00.0001948" startTime="2024-01-09T15:45:44.5370889+01:00" endTime="2024-01-09T15:45:44.5374739+01:00" testType="13cdc9d9-ddb5-4fa4-a97d-d965ccfc6d4b" outcome="Passed" testListId="8c84fa94-04c1-424b-9868-57a2d4851a1d" relativeResultsDirectory="b90393f3-4d8b-494b-950f-c840cbccaa00" />
    <UnitTestResult executionId="1c043256-d33d-4b6a-95da-e71723da9bb9" testId="fc5a0192-1741-4be7-8945-f2b66fb65285" testName="Serialize_TestCases (TestParentTypeMatchInterfaceNotThisTypeNotMatchedProperty)" computerName="DKSR-EFI-06" duration="00:00:00.0005633" startTime="2024-01-09T15:45:43.0895803+01:00" endTime="2024-01-09T15:45:43.0904559+01:00" testType="13cdc9d9-ddb5-4fa4-a97d-d965ccfc6d4b" outcome="Passed" testListId="8c84fa94-04c1-424b-9868-57a2d4851a1d" relativeResultsDirectory="1c043256-d33d-4b6a-95da-e71723da9bb9" />
    <UnitTestResult executionId="24bc7e22-2ab6-4245-883b-07a9c119c135" testId="27c1e810-7452-20e9-bd4a-23699743a6c7" testName="GetCompatibilityHandler_ShouldReturnFips_WhenCalledFromManagementClient" computerName="DKSR-EFI-06" duration="00:00:00.0156312" startTime="2024-01-09T15:45:46.1867956+01:00" endTime="2024-01-09T15:45:46.2026425+01:00" testType="13cdc9d9-ddb5-4fa4-a97d-d965ccfc6d4b" outcome="Passed" testListId="8c84fa94-04c1-424b-9868-57a2d4851a1d" relativeResultsDirectory="24bc7e22-2ab6-4245-883b-07a9c119c135" />
    <UnitTestResult executionId="3f0834ce-568a-4966-b774-3946dc541fc5" testId="70b9353b-f69e-de3b-fa95-c1f1c59d67f8" testName="Serialize_TestCases (TestParentTypeMatchCollectionNotThisTypeNotMatchedProperty)" computerName="DKSR-EFI-06" duration="00:00:00.0001877" startTime="2024-01-09T15:45:43.0747185+01:00" endTime="2024-01-09T15:45:43.0752028+01:00" testType="13cdc9d9-ddb5-4fa4-a97d-d965ccfc6d4b" outcome="Passed" testListId="8c84fa94-04c1-424b-9868-57a2d4851a1d" relativeResultsDirectory="3f0834ce-568a-4966-b774-3946dc541fc5" />
    <UnitTestResult executionId="d986b0d8-b112-4c8e-a6c5-8fd85481f0b4" testId="acaeb9e2-224e-f43f-7505-888da6b80f9b" testName="ReadXml_ShouldLogWarningTwiceWhenMoreThanOneMinuteBetweenWarnings_WhenElementErrorsAreDetected" computerName="DKSR-EFI-06" duration="00:00:00.0018103" startTime="2024-01-09T15:45:44.9631060+01:00" endTime="2024-01-09T15:45:44.9651183+01:00" testType="13cdc9d9-ddb5-4fa4-a97d-d965ccfc6d4b" outcome="Passed" testListId="8c84fa94-04c1-424b-9868-57a2d4851a1d" relativeResultsDirectory="d986b0d8-b112-4c8e-a6c5-8fd85481f0b4" />
    <UnitTestResult executionId="6f104aab-e5c5-44a0-8d63-7def98fd38e1" testId="cc5dfcab-4777-b980-4145-e6c140db897c" testName="ReadXml_ShouldIgnoreUnknownChildren_WhenAlways" computerName="DKSR-EFI-06" duration="00:00:00.0015376" startTime="2024-01-09T15:45:44.8937291+01:00" endTime="2024-01-09T15:45:44.8954559+01:00" testType="13cdc9d9-ddb5-4fa4-a97d-d965ccfc6d4b" outcome="Passed" testListId="8c84fa94-04c1-424b-9868-57a2d4851a1d" relativeResultsDirectory="6f104aab-e5c5-44a0-8d63-7def98fd38e1" />
    <UnitTestResult executionId="f0fc9f96-0f36-4879-896c-59e8e014a35d" testId="62294b79-fd57-1a57-9fa1-16dc542d0a4d" testName="GetFrame_ShouldReturnFrame_WhenThereIsOneFrame" computerName="DKSR-EFI-06" duration="00:00:00.0016395" startTime="2024-01-09T15:45:45.2818503+01:00" endTime="2024-01-09T15:45:45.2836765+01:00" testType="13cdc9d9-ddb5-4fa4-a97d-d965ccfc6d4b" outcome="Passed" testListId="8c84fa94-04c1-424b-9868-57a2d4851a1d" relativeResultsDirectory="f0fc9f96-0f36-4879-896c-59e8e014a35d" />
    <UnitTestResult executionId="984f7c48-83d5-4b3a-b193-527b8091bff5" testId="eb183710-44b3-ddea-c66c-e6cc35890656" testName="Append_PropertyKey_String_Parted" computerName="DKSR-EFI-06" duration="00:00:00.0009911" startTime="2024-01-09T15:45:44.3929482+01:00" endTime="2024-01-09T15:45:44.3941426+01:00" testType="13cdc9d9-ddb5-4fa4-a97d-d965ccfc6d4b" outcome="Passed" testListId="8c84fa94-04c1-424b-9868-57a2d4851a1d" relativeResultsDirectory="984f7c48-83d5-4b3a-b193-527b8091bff5" />
    <UnitTestResult executionId="51c18284-5177-4901-8c94-7a4b925ac9e3" testId="39259e78-217a-ffb2-6d1b-008e44172920" testName="TestSearchFilterCategories_WithOneAgentReturnsNull_Success" computerName="DKSR-EFI-06" duration="00:00:00.0017611" startTime="2024-01-09T15:45:43.5308761+01:00" endTime="2024-01-09T15:45:43.5328801+01:00" testType="13cdc9d9-ddb5-4fa4-a97d-d965ccfc6d4b" outcome="Passed" testListId="8c84fa94-04c1-424b-9868-57a2d4851a1d" relativeResultsDirectory="51c18284-5177-4901-8c94-7a4b925ac9e3" />
    <UnitTestResult executionId="12cc6d09-271a-4454-b5d3-2685d6c2a067" testId="6bf15edc-a1d0-adf1-a3aa-fde4bdad9f83" testName="OnErrorOccurred_EventHandler_NotifiedWithCorrectParameters" computerName="DKSR-EFI-06" duration="00:00:00.0034783" startTime="2024-01-09T15:45:43.3982587+01:00" endTime="2024-01-09T15:45:43.4019571+01:00" testType="13cdc9d9-ddb5-4fa4-a97d-d965ccfc6d4b" outcome="Passed" testListId="8c84fa94-04c1-424b-9868-57a2d4851a1d" relativeResultsDirectory="12cc6d09-271a-4454-b5d3-2685d6c2a067" />
    <UnitTestResult executionId="82eca16f-a920-4feb-b5c2-94c0c90474c2" testId="c3507766-2bd3-10ca-b445-c0f89ddb4b4f" testName="Serialize_TestCases (Verify root String (null) property get property value)" computerName="DKSR-EFI-06" duration="00:00:00.0001926" startTime="2024-01-09T15:45:42.9227228+01:00" endTime="2024-01-09T15:45:42.9232537+01:00" testType="13cdc9d9-ddb5-4fa4-a97d-d965ccfc6d4b" outcome="Passed" testListId="8c84fa94-04c1-424b-9868-57a2d4851a1d" relativeResultsDirectory="82eca16f-a920-4feb-b5c2-94c0c90474c2" />
    <UnitTestResult executionId="75ff73a4-b7c9-42e0-a214-0c6f9aeeb276" testId="07fa49d4-c8b1-adf8-33e0-cc2b0fe4e432" testName="Parse_Int_Simple" computerName="DKSR-EFI-06" duration="00:00:00.0002221" startTime="2024-01-09T15:45:44.4944229+01:00" endTime="2024-01-09T15:45:44.4948273+01:00" testType="13cdc9d9-ddb5-4fa4-a97d-d965ccfc6d4b" outcome="Passed" testListId="8c84fa94-04c1-424b-9868-57a2d4851a1d" relativeResultsDirectory="75ff73a4-b7c9-42e0-a214-0c6f9aeeb276" />
    <UnitTestResult executionId="37defcf9-622e-4316-99ce-c78e761684af" testId="dd9bb228-d729-118d-1416-75302d26e796" testName="GetNextDateTime_ShouldReturnFirstDataEntityFromSecondToolkitCall_WhenDateIsBeforeFirstCachedValue" computerName="DKSR-EFI-06" duration="00:00:00.0019899" startTime="2024-01-09T15:45:46.6899809+01:00" endTime="2024-01-09T15:45:46.6921505+01:00" testType="13cdc9d9-ddb5-4fa4-a97d-d965ccfc6d4b" outcome="Passed" testListId="8c84fa94-04c1-424b-9868-57a2d4851a1d" relativeResultsDirectory="37defcf9-622e-4316-99ce-c78e761684af" />
    <UnitTestResult executionId="1e5570fb-8f3d-4061-aabe-942338865ce8" testId="33580008-2ed0-6825-609a-d1d90403b659" testName="CreateAlarmFromEvent_ShouldReturnNull_WhenArgumentIsNull" computerName="DKSR-EFI-06" duration="00:00:00.0029451" startTime="2024-01-09T15:45:20.5132421+01:00" endTime="2024-01-09T15:45:20.5164906+01:00" testType="13cdc9d9-ddb5-4fa4-a97d-d965ccfc6d4b" outcome="Passed" testListId="8c84fa94-04c1-424b-9868-57a2d4851a1d" relativeResultsDirectory="1e5570fb-8f3d-4061-aabe-942338865ce8" />
    <UnitTestResult executionId="962c552d-1371-45d4-831e-b076b1f3466e" testId="32e1fb9e-8eb8-101c-f28a-073547e7fa1e" testName="WriteXml_ShouldWriteUtcTimeAttribute_WhenAlways" computerName="DKSR-EFI-06" duration="00:00:00.0010681" startTime="2024-01-09T15:45:45.1209805+01:00" endTime="2024-01-09T15:45:45.1222422+01:00" testType="13cdc9d9-ddb5-4fa4-a97d-d965ccfc6d4b" outcome="Passed" testListId="8c84fa94-04c1-424b-9868-57a2d4851a1d" relativeResultsDirectory="962c552d-1371-45d4-831e-b076b1f3466e" />
    <UnitTestResult executionId="df69495f-d7bd-49e5-a5cc-896d97c3c285" testId="53dd47fd-4d1a-33e1-81d6-8e71ee72d54a" testName="Serialize_TestCases (TestParentTypeMatchDoubleThisTypeNotMatched)" computerName="DKSR-EFI-06" duration="00:00:00.0003014" startTime="2024-01-09T15:45:43.0102659+01:00" endTime="2024-01-09T15:45:43.0108610+01:00" testType="13cdc9d9-ddb5-4fa4-a97d-d965ccfc6d4b" outcome="Passed" testListId="8c84fa94-04c1-424b-9868-57a2d4851a1d" relativeResultsDirectory="df69495f-d7bd-49e5-a5cc-896d97c3c285" />
    <UnitTestResult executionId="221302a2-42f5-4458-9b27-643d893ca76a" testId="40f611b9-74bd-86c9-77cc-098126b9a943" testName="Convert_SingleArgumentConverter_ShouldReturnConvertedValue_WhenArgumentMatches" computerName="DKSR-EFI-06" duration="00:00:00.0046003" startTime="2024-01-09T15:45:41.0889772+01:00" endTime="2024-01-09T15:45:41.0940372+01:00" testType="13cdc9d9-ddb5-4fa4-a97d-d965ccfc6d4b" outcome="Passed" testListId="8c84fa94-04c1-424b-9868-57a2d4851a1d" relativeResultsDirectory="221302a2-42f5-4458-9b27-643d893ca76a" />
    <UnitTestResult executionId="51244eee-27a1-49d4-acda-5a3ab82f20d9" testId="9229072f-c39c-5db3-f28b-10c8f4ae4c45" testName="ModifyCollection_ShouldNotInvokeCallback_WhenNotObservable" computerName="DKSR-EFI-06" duration="00:00:00.0014248" startTime="2024-01-09T15:45:41.2294884+01:00" endTime="2024-01-09T15:45:41.2493460+01:00" testType="13cdc9d9-ddb5-4fa4-a97d-d965ccfc6d4b" outcome="Passed" testListId="8c84fa94-04c1-424b-9868-57a2d4851a1d" relativeResultsDirectory="51244eee-27a1-49d4-acda-5a3ab82f20d9" />
    <UnitTestResult executionId="26305bd5-d658-4e1e-95f5-93ddd9b71265" testId="c2f6ebcb-6563-8bdd-b77e-91b902f7eb14" testName="PatchItem_Camera_Success" computerName="DKSR-EFI-06" duration="00:00:00.0829461" startTime="2024-01-09T15:45:44.6471950+01:00" endTime="2024-01-09T15:45:44.7303269+01:00" testType="13cdc9d9-ddb5-4fa4-a97d-d965ccfc6d4b" outcome="Passed" testListId="8c84fa94-04c1-424b-9868-57a2d4851a1d" relativeResultsDirectory="26305bd5-d658-4e1e-95f5-93ddd9b71265" />
    <UnitTestResult executionId="4279f8d6-ce80-4d5b-adc1-027106135c89" testId="305837e1-d44c-5663-004e-044ac561be36" testName="TestSearchFilterCategories_WithANullAgent_Success" computerName="DKSR-EFI-06" duration="00:00:00.0017968" startTime="2024-01-09T15:45:43.5129852+01:00" endTime="2024-01-09T15:45:43.5150322+01:00" testType="13cdc9d9-ddb5-4fa4-a97d-d965ccfc6d4b" outcome="Passed" testListId="8c84fa94-04c1-424b-9868-57a2d4851a1d" relativeResultsDirectory="4279f8d6-ce80-4d5b-adc1-027106135c89" />
    <UnitTestResult executionId="34166cf5-1978-41fc-852f-fa5bd0fe034e" testId="5c447ad0-5dd2-2fa2-d091-548bf019cae3" testName="IsValid_ShouldBeSetToTrue_WhenValidBoundingBoxAndCenterOfGravityIsMissing" computerName="DKSR-EFI-06" duration="00:00:00.0012801" startTime="2024-01-09T15:45:45.4840960+01:00" endTime="2024-01-09T15:45:45.4855839+01:00" testType="13cdc9d9-ddb5-4fa4-a97d-d965ccfc6d4b" outcome="Passed" testListId="8c84fa94-04c1-424b-9868-57a2d4851a1d" relativeResultsDirectory="34166cf5-1978-41fc-852f-fa5bd0fe034e" />
    <UnitTestResult executionId="3e23a18b-414d-4467-9b72-0820c08256b9" testId="34c289c0-6cda-cf85-24b7-8d07bcc44948" testName="Close_ScopeChangedEventHandlerSet_EventHandlerRemoved" computerName="DKSR-EFI-06" duration="00:00:00.0055359" startTime="2024-01-09T15:45:43.2589376+01:00" endTime="2024-01-09T15:45:43.2648571+01:00" testType="13cdc9d9-ddb5-4fa4-a97d-d965ccfc6d4b" outcome="Passed" testListId="8c84fa94-04c1-424b-9868-57a2d4851a1d" relativeResultsDirectory="3e23a18b-414d-4467-9b72-0820c08256b9" />
    <UnitTestResult executionId="14e15da3-7a1f-4ba2-be76-670001a56aba" testId="3ccfced6-2d87-0092-817f-624478d6bd44" testName="GetNext_ShouldReturnNull_WhenCacheIsEmpty" computerName="DKSR-EFI-06" duration="00:00:00.0001449" startTime="2024-01-09T15:45:46.5058079+01:00" endTime="2024-01-09T15:45:46.5061189+01:00" testType="13cdc9d9-ddb5-4fa4-a97d-d965ccfc6d4b" outcome="Passed" testListId="8c84fa94-04c1-424b-9868-57a2d4851a1d" relativeResultsDirectory="14e15da3-7a1f-4ba2-be76-670001a56aba" />
    <UnitTestResult executionId="eb8e1722-bcf3-454e-819e-a3bde3db4021" testId="32528e28-da07-7f33-5050-a43afc1898ef" testName="ReadXml_ShouldReadVersion_WhenVersionIsPresent" computerName="DKSR-EFI-06" duration="00:00:00.0002913" startTime="2024-01-09T15:45:45.3162057+01:00" endTime="2024-01-09T15:45:45.3166793+01:00" testType="13cdc9d9-ddb5-4fa4-a97d-d965ccfc6d4b" outcome="Passed" testListId="8c84fa94-04c1-424b-9868-57a2d4851a1d" relativeResultsDirectory="eb8e1722-bcf3-454e-819e-a3bde3db4021" />
    <UnitTestResult executionId="47967b1e-f7e3-4c31-836f-e1f4f7009159" testId="c4ce90f1-597d-a003-4d5c-b418943cb443" testName="Minimize_ShouldReturnEmptyList_WhenListIsEmpty" computerName="DKSR-EFI-06" duration="00:00:00.0180290" startTime="2024-01-09T15:45:32.2590398+01:00" endTime="2024-01-09T15:45:32.2772292+01:00" testType="13cdc9d9-ddb5-4fa4-a97d-d965ccfc6d4b" outcome="Passed" testListId="8c84fa94-04c1-424b-9868-57a2d4851a1d" relativeResultsDirectory="47967b1e-f7e3-4c31-836f-e1f4f7009159" />
    <UnitTestResult executionId="2d2263c1-f83b-4856-965c-5893e1e8a810" testId="dacce14d-9756-2798-fd98-fb15b8b3c6f4" testName="Construct1_And_Field_Check" computerName="DKSR-EFI-06" duration="00:00:00.0936529" startTime="2024-01-09T15:45:18.8911681+01:00" endTime="2024-01-09T15:45:18.9855609+01:00" testType="13cdc9d9-ddb5-4fa4-a97d-d965ccfc6d4b" outcome="Passed" testListId="8c84fa94-04c1-424b-9868-57a2d4851a1d" relativeResultsDirectory="2d2263c1-f83b-4856-965c-5893e1e8a810" />
    <UnitTestResult executionId="1cbdd0cb-65aa-4e65-ad88-30051d768559" testId="f2ff9b13-7b8e-c847-8a5c-fd82e1ab203f" testName="Serialize_TestCases (Verify root Interface (not null) property get property value)" computerName="DKSR-EFI-06" duration="00:00:00.0004243" startTime="2024-01-09T15:45:42.9694229+01:00" endTime="2024-01-09T15:45:42.9723119+01:00" testType="13cdc9d9-ddb5-4fa4-a97d-d965ccfc6d4b" outcome="Passed" testListId="8c84fa94-04c1-424b-9868-57a2d4851a1d" relativeResultsDirectory="1cbdd0cb-65aa-4e65-ad88-30051d768559" />
    <UnitTestResult executionId="969916a4-1cb2-463f-a3d5-9b345fa8f599" testId="66035837-2c9f-2396-ee34-7f395303e812" testName="WriteXml_ShouldOmitIsRemovedElement_WhenIsRemovedFalse" computerName="DKSR-EFI-06" duration="00:00:00.0002599" startTime="2024-01-09T15:45:44.9126204+01:00" endTime="2024-01-09T15:45:44.9130733+01:00" testType="13cdc9d9-ddb5-4fa4-a97d-d965ccfc6d4b" outcome="Passed" testListId="8c84fa94-04c1-424b-9868-57a2d4851a1d" relativeResultsDirectory="969916a4-1cb2-463f-a3d5-9b345fa8f599" />
    <UnitTestResult executionId="8aa2d039-5305-42e5-9bb0-0a1758235270" testId="58acdb8f-084b-2e15-dc3a-9f779a1645ce" testName="ParseMetadataXmlWithString_ShouldReturnRootElement_WhenXmlContainsCorrectRootElement" computerName="DKSR-EFI-06" duration="00:00:00.0016691" startTime="2024-01-09T15:45:45.1609879+01:00" endTime="2024-01-09T15:45:45.1628601+01:00" testType="13cdc9d9-ddb5-4fa4-a97d-d965ccfc6d4b" outcome="Passed" testListId="8c84fa94-04c1-424b-9868-57a2d4851a1d" relativeResultsDirectory="8aa2d039-5305-42e5-9bb0-0a1758235270" />
    <UnitTestResult executionId="037cb85a-0aff-4be1-8c3c-b61c9a969e54" testId="81e8c1a0-4900-8a66-1f87-0c131327f5b5" testName="Ctor_TwoCustomFilters_Success" computerName="DKSR-EFI-06" duration="00:00:00.0007599" startTime="2024-01-09T15:45:44.2673258+01:00" endTime="2024-01-09T15:45:44.2682977+01:00" testType="13cdc9d9-ddb5-4fa4-a97d-d965ccfc6d4b" outcome="Passed" testListId="8c84fa94-04c1-424b-9868-57a2d4851a1d" relativeResultsDirectory="037cb85a-0aff-4be1-8c3c-b61c9a969e54" />
    <UnitTestResult executionId="cf1b8c81-3467-4d42-b42b-233cc0e71973" testId="5c99a102-e3d2-3ea7-d358-687ae3a56806" testName="Hash_Check" computerName="DKSR-EFI-06" duration="00:00:00.0006064" startTime="2024-01-09T15:45:45.7202974+01:00" endTime="2024-01-09T15:45:45.7211237+01:00" testType="13cdc9d9-ddb5-4fa4-a97d-d965ccfc6d4b" outcome="Passed" testListId="8c84fa94-04c1-424b-9868-57a2d4851a1d" relativeResultsDirectory="cf1b8c81-3467-4d42-b42b-233cc0e71973" />
    <UnitTestResult executionId="eb49a76c-23e6-4809-a2a3-c40343127016" testId="146594a1-db48-d7ad-577b-cf76cd9c279b" testName="CreateSearchResultUserControl_SinglePluginMultipleSearchResultTypes_Success" computerName="DKSR-EFI-06" duration="00:00:00.0054456" startTime="2024-01-09T15:45:44.1417028+01:00" endTime="2024-01-09T15:45:44.1480105+01:00" testType="13cdc9d9-ddb5-4fa4-a97d-d965ccfc6d4b" outcome="Passed" testListId="8c84fa94-04c1-424b-9868-57a2d4851a1d" relativeResultsDirectory="eb49a76c-23e6-4809-a2a3-c40343127016" />
    <UnitTestResult executionId="53feaee0-f05f-4a23-bb98-2269cd2eda4c" testId="fb0f855b-006e-c67f-b9b6-ef310c289ea8" testName="ProvideValue_ShouldUseItemDataValue_WhenItemDataPropertyNameIsSet" computerName="DKSR-EFI-06" duration="00:00:00.0032870" startTime="2024-01-09T15:45:42.5503874+01:00" endTime="2024-01-09T15:45:42.5715200+01:00" testType="13cdc9d9-ddb5-4fa4-a97d-d965ccfc6d4b" outcome="Passed" testListId="8c84fa94-04c1-424b-9868-57a2d4851a1d" relativeResultsDirectory="53feaee0-f05f-4a23-bb98-2269cd2eda4c" />
    <UnitTestResult executionId="d356c11d-05fd-4e6b-95bd-9cbfda8bafa1" testId="1bf83f76-33b3-45e4-acc8-af80bf4d763b" testName="ReadXml_ShouldSetAllFieldsToDefaultValues_WhenElementIsEmpty" computerName="DKSR-EFI-06" duration="00:00:00.0072773" startTime="2024-01-09T15:45:45.0680927+01:00" endTime="2024-01-09T15:45:45.0756011+01:00" testType="13cdc9d9-ddb5-4fa4-a97d-d965ccfc6d4b" outcome="Passed" testListId="8c84fa94-04c1-424b-9868-57a2d4851a1d" relativeResultsDirectory="d356c11d-05fd-4e6b-95bd-9cbfda8bafa1" />
    <UnitTestResult executionId="b7675bd4-91d7-4943-906a-a2a85b4bf7df" testId="140c6661-e4ad-8b7b-ad2a-b9df65337e63" testName="ReadXml_ShouldSetIsRemoved_WhenRemovedElementIsPresentWithCorrectNamespace" computerName="DKSR-EFI-06" duration="00:00:00.0002276" startTime="2024-01-09T15:45:44.9008605+01:00" endTime="2024-01-09T15:45:44.9012652+01:00" testType="13cdc9d9-ddb5-4fa4-a97d-d965ccfc6d4b" outcome="Passed" testListId="8c84fa94-04c1-424b-9868-57a2d4851a1d" relativeResultsDirectory="b7675bd4-91d7-4943-906a-a2a85b4bf7df" />
    <UnitTestResult executionId="8052bb60-1ff2-4ed5-9a21-5aa180149fdb" testId="ec920726-a9ee-dd71-1f12-1fd1c5e256bd" testName="SetEvents_ShouldAddProxyManager_WhenFrameworkElementIsLoaded" computerName="DKSR-EFI-06" duration="00:00:00.0042920" startTime="2024-01-09T15:45:43.1876962+01:00" endTime="2024-01-09T15:45:43.1986432+01:00" testType="13cdc9d9-ddb5-4fa4-a97d-d965ccfc6d4b" outcome="Passed" testListId="8c84fa94-04c1-424b-9868-57a2d4851a1d" relativeResultsDirectory="8052bb60-1ff2-4ed5-9a21-5aa180149fdb" />
    <UnitTestResult executionId="9a2fb472-4041-4765-a73e-9f38e80262cb" testId="d1627721-b0c9-88e8-e34c-f6f72d59002d" testName="TestConstructor_MessageParameters_Success" computerName="DKSR-EFI-06" duration="00:00:00.0018639" startTime="2024-01-09T15:45:44.3426306+01:00" endTime="2024-01-09T15:45:44.3448287+01:00" testType="13cdc9d9-ddb5-4fa4-a97d-d965ccfc6d4b" outcome="Passed" testListId="8c84fa94-04c1-424b-9868-57a2d4851a1d" relativeResultsDirectory="9a2fb472-4041-4765-a73e-9f38e80262cb" />
    <UnitTestResult executionId="ff203f34-9638-4b65-87fa-44c948849dfc" testId="760478cf-2b2b-5f64-b097-3de30749bcb1" testName="Initialize_Changed_Values" computerName="DKSR-EFI-06" duration="00:00:00.0011101" startTime="2024-01-09T15:45:40.6449103+01:00" endTime="2024-01-09T15:45:40.6462394+01:00" testType="13cdc9d9-ddb5-4fa4-a97d-d965ccfc6d4b" outcome="Passed" testListId="8c84fa94-04c1-424b-9868-57a2d4851a1d" relativeResultsDirectory="ff203f34-9638-4b65-87fa-44c948849dfc" />
    <UnitTestResult executionId="da7197a6-11f2-4403-9a2c-590e9485e231" testId="dfccf221-5403-2188-5503-aa835e99c003" testName="AllAttributesWerePresent_ShouldReturnFalse_WhenYAttributeIsMissing" computerName="DKSR-EFI-06" duration="00:00:00.0002568" startTime="2024-01-09T15:45:45.6168194+01:00" endTime="2024-01-09T15:45:45.6172375+01:00" testType="13cdc9d9-ddb5-4fa4-a97d-d965ccfc6d4b" outcome="Passed" testListId="8c84fa94-04c1-424b-9868-57a2d4851a1d" relativeResultsDirectory="da7197a6-11f2-4403-9a2c-590e9485e231" />
    <UnitTestResult executionId="2ccc7577-dafe-47dd-bd93-c899c72bba11" testId="5c70b94c-c2ae-ec2f-8c4d-56b452bbdede" testName="ReadXml_ShouldLogWarning_WhenIncompleteTranslateIsPresent" computerName="DKSR-EFI-06" duration="00:00:00.0015662" startTime="2024-01-09T15:45:45.5753268+01:00" endTime="2024-01-09T15:45:45.5770958+01:00" testType="13cdc9d9-ddb5-4fa4-a97d-d965ccfc6d4b" outcome="Passed" testListId="8c84fa94-04c1-424b-9868-57a2d4851a1d" relativeResultsDirectory="2ccc7577-dafe-47dd-bd93-c899c72bba11" />
    <UnitTestResult executionId="06c2cf4c-138d-4a36-a8fd-026ff6a7632d" testId="38b98b35-19bc-eb4b-75ab-937f6e63a097" testName="SplitString_WhenEmptyOrSpaces2Levels_EmptyArray" computerName="DKSR-EFI-06" duration="00:00:00.0004081" startTime="2024-01-09T15:45:32.2402122+01:00" endTime="2024-01-09T15:45:32.2407469+01:00" testType="13cdc9d9-ddb5-4fa4-a97d-d965ccfc6d4b" outcome="Passed" testListId="8c84fa94-04c1-424b-9868-57a2d4851a1d" relativeResultsDirectory="06c2cf4c-138d-4a36-a8fd-026ff6a7632d" />
    <UnitTestResult executionId="675dfde3-603d-4d0b-be5b-0040fc1f6286" testId="897d70f0-e357-0848-3b55-d93cbcae3720" testName="Equals_Fail_OnObjectString" computerName="DKSR-EFI-06" duration="00:00:00.0003243" startTime="2024-01-09T15:45:18.6641531+01:00" endTime="2024-01-09T15:45:18.6645634+01:00" testType="13cdc9d9-ddb5-4fa4-a97d-d965ccfc6d4b" outcome="Passed" testListId="8c84fa94-04c1-424b-9868-57a2d4851a1d" relativeResultsDirectory="675dfde3-603d-4d0b-be5b-0040fc1f6286" />
    <UnitTestResult executionId="efa6326e-dde7-41af-8265-34b2fa80560d" testId="4fc7265c-8aa9-4dcf-df19-f51dedafe8a7" testName="WriteXml_ShouldOmitBoundingBoxAppearanceElements_WhenTheyAreNotPresent" computerName="DKSR-EFI-06" duration="00:00:00.0008433" startTime="2024-01-09T15:45:45.5463557+01:00" endTime="2024-01-09T15:45:45.5473172+01:00" testType="13cdc9d9-ddb5-4fa4-a97d-d965ccfc6d4b" outcome="Passed" testListId="8c84fa94-04c1-424b-9868-57a2d4851a1d" relativeResultsDirectory="efa6326e-dde7-41af-8265-34b2fa80560d" />
    <UnitTestResult executionId="64c4ea98-55d3-46b6-ad15-a75653ae3143" testId="bdfc35c1-636f-aaf9-5506-e97d44bad92c" testName="Ctor_TwoStandardFiltersAndTwoCustomFilters_Success" computerName="DKSR-EFI-06" duration="00:00:00.0004755" startTime="2024-01-09T15:45:44.2690776+01:00" endTime="2024-01-09T15:45:44.2697575+01:00" testType="13cdc9d9-ddb5-4fa4-a97d-d965ccfc6d4b" outcome="Passed" testListId="8c84fa94-04c1-424b-9868-57a2d4851a1d" relativeResultsDirectory="64c4ea98-55d3-46b6-ad15-a75653ae3143" />
    <UnitTestResult executionId="35e7b6ec-68cb-4719-be41-c216f6638955" testId="08cc126a-cc1a-5bd0-28c8-0e116736d384" testName="ToString_WithTypeAndNull" computerName="DKSR-EFI-06" duration="00:00:00.0002080" startTime="2024-01-09T15:45:45.7247084+01:00" endTime="2024-01-09T15:45:45.7251014+01:00" testType="13cdc9d9-ddb5-4fa4-a97d-d965ccfc6d4b" outcome="Passed" testListId="8c84fa94-04c1-424b-9868-57a2d4851a1d" relativeResultsDirectory="35e7b6ec-68cb-4719-be41-c216f6638955" />
    <UnitTestResult executionId="ce8a9a01-4cce-42f3-8b8d-42c35791d4e7" testId="b43543d5-d01e-b4aa-3f27-43446c7c519e" testName="SearchResultData_EndTimeWithPadding_Success" computerName="DKSR-EFI-06" duration="00:00:00.0007744" startTime="2024-01-09T15:45:43.7713291+01:00" endTime="2024-01-09T15:45:43.7723123+01:00" testType="13cdc9d9-ddb5-4fa4-a97d-d965ccfc6d4b" outcome="Passed" testListId="8c84fa94-04c1-424b-9868-57a2d4851a1d" relativeResultsDirectory="ce8a9a01-4cce-42f3-8b8d-42c35791d4e7" />
    <UnitTestResult executionId="2c73300b-aba7-4fa7-8d6d-124d2f77502d" testId="a2a93cec-e7b9-3a98-e5c4-9eb836279da9" testName="Ctor_OneCustomFilter_Success" computerName="DKSR-EFI-06" duration="00:00:00.0003454" startTime="2024-01-09T15:45:44.2659400+01:00" endTime="2024-01-09T15:45:44.2664965+01:00" testType="13cdc9d9-ddb5-4fa4-a97d-d965ccfc6d4b" outcome="Passed" testListId="8c84fa94-04c1-424b-9868-57a2d4851a1d" relativeResultsDirectory="2c73300b-aba7-4fa7-8d6d-124d2f77502d" />
    <UnitTestResult executionId="8d439887-4ded-4e4d-aa6d-f2ee54491da3" testId="0f05d604-6e61-b82e-404f-e9831974b180" testName="UnloadedEvent_ShouldRemoveProxyManager_WhenRaisedOnFrameworkContentElement" computerName="DKSR-EFI-06" duration="00:00:00.0028574" startTime="2024-01-09T15:45:43.2342080+01:00" endTime="2024-01-09T15:45:43.2416042+01:00" testType="13cdc9d9-ddb5-4fa4-a97d-d965ccfc6d4b" outcome="Passed" testListId="8c84fa94-04c1-424b-9868-57a2d4851a1d" relativeResultsDirectory="8d439887-4ded-4e4d-aa6d-f2ee54491da3" />
    <UnitTestResult executionId="9d03b2a2-e4ef-4676-ba9e-a1b5f9192e59" testId="10e89e15-b12c-9a1c-de4d-304fe06f5a55" testName="Serialize_TestCases (TestParentTypeMatchObjectNotThisTypeNotMatched)" computerName="DKSR-EFI-06" duration="00:00:00.0004748" startTime="2024-01-09T15:45:43.0576616+01:00" endTime="2024-01-09T15:45:43.0584452+01:00" testType="13cdc9d9-ddb5-4fa4-a97d-d965ccfc6d4b" outcome="Passed" testListId="8c84fa94-04c1-424b-9868-57a2d4851a1d" relativeResultsDirectory="9d03b2a2-e4ef-4676-ba9e-a1b5f9192e59" />
    <UnitTestResult executionId="ed872b1c-5d22-4cce-8de8-b82411d1e410" testId="19d3a582-cf55-1f18-55fd-1cbf218e3c1b" testName="Parse_UnstartedBracket" computerName="DKSR-EFI-06" duration="00:00:00.0005531" startTime="2024-01-09T15:45:44.4888608+01:00" endTime="2024-01-09T15:45:44.4896269+01:00" testType="13cdc9d9-ddb5-4fa4-a97d-d965ccfc6d4b" outcome="Passed" testListId="8c84fa94-04c1-424b-9868-57a2d4851a1d" relativeResultsDirectory="ed872b1c-5d22-4cce-8de8-b82411d1e410" />
    <UnitTestResult executionId="fe046deb-9224-4c79-8323-278903d6e8a3" testId="720ee8ed-0afb-0470-9fbb-161042f20ddf" testName="Encrypt_PropertyIsNotSet_EncryptIsFalse" computerName="DKSR-EFI-06" duration="00:00:00.0110186" startTime="2024-01-09T15:45:20.0979927+01:00" endTime="2024-01-09T15:45:20.1092516+01:00" testType="13cdc9d9-ddb5-4fa4-a97d-d965ccfc6d4b" outcome="Passed" testListId="8c84fa94-04c1-424b-9868-57a2d4851a1d" relativeResultsDirectory="fe046deb-9224-4c79-8323-278903d6e8a3" />
    <UnitTestResult executionId="809efc55-47fc-47e1-a7d5-bbdbebfe0a36" testId="3ff8a29f-4ec9-3263-91de-91e09cf1f36e" testName="Serialize_TestCases (Verify root Interface (null) property get property value)" computerName="DKSR-EFI-06" duration="00:00:00.0002321" startTime="2024-01-09T15:45:42.9663685+01:00" endTime="2024-01-09T15:45:42.9669411+01:00" testType="13cdc9d9-ddb5-4fa4-a97d-d965ccfc6d4b" outcome="Passed" testListId="8c84fa94-04c1-424b-9868-57a2d4851a1d" relativeResultsDirectory="809efc55-47fc-47e1-a7d5-bbdbebfe0a36" />
    <UnitTestResult executionId="aa6dba6a-03f7-4c3c-b818-204d6d8425a3" testId="32d6ffa9-650f-d191-f967-674b238db8fa" testName="Serialize_TestCases (TestParentCollectionNotEmptyListNotMatchedProperty)" computerName="DKSR-EFI-06" duration="00:00:00.0014223" startTime="2024-01-09T15:45:43.1335635+01:00" endTime="2024-01-09T15:45:43.1352949+01:00" testType="13cdc9d9-ddb5-4fa4-a97d-d965ccfc6d4b" outcome="Passed" testListId="8c84fa94-04c1-424b-9868-57a2d4851a1d" relativeResultsDirectory="aa6dba6a-03f7-4c3c-b818-204d6d8425a3" />
    <UnitTestResult executionId="f08d045a-c945-4487-a2b5-874c7d1f3693" testId="9cbeee60-77f5-68fc-bc08-e8da5217124f" testName="Equals_ShouldHaveValueSemantics_WhenAlways" computerName="DKSR-EFI-06" duration="00:00:00.0004759" startTime="2024-01-09T15:45:45.6026769+01:00" endTime="2024-01-09T15:45:45.6033510+01:00" testType="13cdc9d9-ddb5-4fa4-a97d-d965ccfc6d4b" outcome="Passed" testListId="8c84fa94-04c1-424b-9868-57a2d4851a1d" relativeResultsDirectory="f08d045a-c945-4487-a2b5-874c7d1f3693" />
    <UnitTestResult executionId="1731cd16-07c1-4eee-9710-bbd35a50de1a" testId="f06647ee-695a-1441-d113-3b9b8eb3748f" testName="BuildShapeOverlayWidthHeightBaseEvent_ShouldReturnCorrectNumberOfShapes_WhenArgumentIsEventData" computerName="DKSR-EFI-06" duration="00:00:00.1161353" startTime="2024-01-09T15:45:21.2566744+01:00" endTime="2024-01-09T15:45:21.5779815+01:00" testType="13cdc9d9-ddb5-4fa4-a97d-d965ccfc6d4b" outcome="Passed" testListId="8c84fa94-04c1-424b-9868-57a2d4851a1d" relativeResultsDirectory="1731cd16-07c1-4eee-9710-bbd35a50de1a" />
    <UnitTestResult executionId="e79a0183-e786-4354-a582-50d9e4bf7649" testId="c3ec86b5-5bf1-4537-a0ad-cbb701960818" testName="Serialize_TestCases (TestParentTypeMatchIntNotThisTypeMatched)" computerName="DKSR-EFI-06" duration="00:00:00.0003011" startTime="2024-01-09T15:45:43.0058862+01:00" endTime="2024-01-09T15:45:43.0064918+01:00" testType="13cdc9d9-ddb5-4fa4-a97d-d965ccfc6d4b" outcome="Passed" testListId="8c84fa94-04c1-424b-9868-57a2d4851a1d" relativeResultsDirectory="e79a0183-e786-4354-a582-50d9e4bf7649" />
    <UnitTestResult executionId="b0172f43-a9bc-4779-b579-8e51c8e644d3" testId="42e108f3-1735-015e-fab8-d9a77a62ea31" testName="GetIdFromPath_ShouldReturnNull_FromNullPath" computerName="DKSR-EFI-06" duration="00:00:00.0001443" startTime="2024-01-09T15:45:46.8275303+01:00" endTime="2024-01-09T15:45:46.8278364+01:00" testType="13cdc9d9-ddb5-4fa4-a97d-d965ccfc6d4b" outcome="Passed" testListId="8c84fa94-04c1-424b-9868-57a2d4851a1d" relativeResultsDirectory="b0172f43-a9bc-4779-b579-8e51c8e644d3" />
    <UnitTestResult executionId="b38c7e5e-73dd-454c-b319-f0d9b7b377f5" testId="6fe02979-6afc-53d3-587b-e4a584169c47" testName="SplitString_When2Levels_Splits" computerName="DKSR-EFI-06" duration="00:00:00.0033346" startTime="2024-01-09T15:45:32.2282496+01:00" endTime="2024-01-09T15:45:32.2317742+01:00" testType="13cdc9d9-ddb5-4fa4-a97d-d965ccfc6d4b" outcome="Passed" testListId="8c84fa94-04c1-424b-9868-57a2d4851a1d" relativeResultsDirectory="b38c7e5e-73dd-454c-b319-f0d9b7b377f5" />
    <UnitTestResult executionId="39651430-2351-4e0e-b357-2537965f0d42" testId="fb06ac1d-f4a6-d9b4-8722-be97dde4c78f" testName="Match_Success_SystemTypeStartMatch_Single" computerName="DKSR-EFI-06" duration="00:00:00.0003301" startTime="2024-01-09T15:45:45.7093113+01:00" endTime="2024-01-09T15:45:45.7098310+01:00" testType="13cdc9d9-ddb5-4fa4-a97d-d965ccfc6d4b" outcome="Passed" testListId="8c84fa94-04c1-424b-9868-57a2d4851a1d" relativeResultsDirectory="39651430-2351-4e0e-b357-2537965f0d42" />
    <UnitTestResult executionId="d6d4bdec-9836-4e5b-b640-b91a3deee576" testId="005c4048-bbfa-5fd2-6e76-51731c50383b" testName="GetWithDateTime_ShouldEnsureThatFolowingCallToGetNextWorks_WhenDataIsNotInCache" computerName="DKSR-EFI-06" duration="00:00:00.0021592" startTime="2024-01-09T15:45:46.7597098+01:00" endTime="2024-01-09T15:45:46.7620993+01:00" testType="13cdc9d9-ddb5-4fa4-a97d-d965ccfc6d4b" outcome="Passed" testListId="8c84fa94-04c1-424b-9868-57a2d4851a1d" relativeResultsDirectory="d6d4bdec-9836-4e5b-b640-b91a3deee576" />
    <UnitTestResult executionId="521e3a57-68bc-4e2a-b4e8-697415cc0e55" testId="65da1668-3a91-f115-848c-a9bc5ab5e95f" testName="Serialize_TestCases (TestParentTypeMatchEnumThisTypeMatched)" computerName="DKSR-EFI-06" duration="00:00:00.0003985" startTime="2024-01-09T15:45:43.0222965+01:00" endTime="2024-01-09T15:45:43.0229893+01:00" testType="13cdc9d9-ddb5-4fa4-a97d-d965ccfc6d4b" outcome="Passed" testListId="8c84fa94-04c1-424b-9868-57a2d4851a1d" relativeResultsDirectory="521e3a57-68bc-4e2a-b4e8-697415cc0e55" />
    <UnitTestResult executionId="f480f487-0c2b-4afc-ab81-9c2589019120" testId="1740de10-354e-b6a5-4be9-5a10b5a730b3" testName="Serialize_TestCases (TestParentTypeMatchIntThisTypeMatched)" computerName="DKSR-EFI-06" duration="00:00:00.0003813" startTime="2024-01-09T15:45:43.0029136+01:00" endTime="2024-01-09T15:45:43.0036108+01:00" testType="13cdc9d9-ddb5-4fa4-a97d-d965ccfc6d4b" outcome="Passed" testListId="8c84fa94-04c1-424b-9868-57a2d4851a1d" relativeResultsDirectory="f480f487-0c2b-4afc-ab81-9c2589019120" />
    <UnitTestResult executionId="e31f7f3b-3172-45ea-a8e8-ebc1f73e635e" testId="9603f266-e6e4-b592-6c00-2621c8820864" testName="ReadXml_ShouldReadLeftAttribute_WhenPresent" computerName="DKSR-EFI-06" duration="00:00:00.0003177" startTime="2024-01-09T15:45:45.4227428+01:00" endTime="2024-01-09T15:45:45.4232490+01:00" testType="13cdc9d9-ddb5-4fa4-a97d-d965ccfc6d4b" outcome="Passed" testListId="8c84fa94-04c1-424b-9868-57a2d4851a1d" relativeResultsDirectory="e31f7f3b-3172-45ea-a8e8-ebc1f73e635e" />
    <UnitTestResult executionId="fb62e91b-3506-49fc-b7d5-3e4c94d582bb" testId="9201c682-a830-2984-3517-d5fbfb383f4a" testName="GetGenderFilterValues_MultiSelection_Success" computerName="DKSR-EFI-06" duration="00:00:00.0006715" startTime="2024-01-09T15:45:44.2931067+01:00" endTime="2024-01-09T15:45:44.2940219+01:00" testType="13cdc9d9-ddb5-4fa4-a97d-d965ccfc6d4b" outcome="Passed" testListId="8c84fa94-04c1-424b-9868-57a2d4851a1d" relativeResultsDirectory="fb62e91b-3506-49fc-b7d5-3e4c94d582bb" />
    <UnitTestResult executionId="5cf7724d-0a2a-4b52-8845-0ff38aa7cf77" testId="55879e88-00c8-60e5-e0db-26c24e4c9b0f" testName="Dequeue_QueueStopped_Success" computerName="DKSR-EFI-06" duration="00:00:00.0001919" startTime="2024-01-09T15:45:32.4444255+01:00" endTime="2024-01-09T15:45:32.4447351+01:00" testType="13cdc9d9-ddb5-4fa4-a97d-d965ccfc6d4b" outcome="Passed" testListId="8c84fa94-04c1-424b-9868-57a2d4851a1d" relativeResultsDirectory="5cf7724d-0a2a-4b52-8845-0ff38aa7cf77" />
    <UnitTestResult executionId="24401980-a186-4538-b62c-aee069f75593" testId="be7d7f3c-32c0-1ba5-667f-eebdbcb535c4" testName="ReadyToClose_OkCommand_SingleSelect_Thrown" computerName="DKSR-EFI-06" duration="00:00:00.0008860" startTime="2024-01-09T15:45:40.6601197+01:00" endTime="2024-01-09T15:45:40.6612019+01:00" testType="13cdc9d9-ddb5-4fa4-a97d-d965ccfc6d4b" outcome="Passed" testListId="8c84fa94-04c1-424b-9868-57a2d4851a1d" relativeResultsDirectory="24401980-a186-4538-b62c-aee069f75593" />
    <UnitTestResult executionId="4442f3d8-c61f-42a7-a500-831e192406c9" testId="f278ce31-b96d-473d-9186-28e37d813604" testName="ReadXml_ShouldIgnoreTranslate_WhenTranslateIsPresentWithWrongNamespace" computerName="DKSR-EFI-06" duration="00:00:00.0004904" startTime="2024-01-09T15:45:45.5708361+01:00" endTime="2024-01-09T15:45:45.5715015+01:00" testType="13cdc9d9-ddb5-4fa4-a97d-d965ccfc6d4b" outcome="Passed" testListId="8c84fa94-04c1-424b-9868-57a2d4851a1d" relativeResultsDirectory="4442f3d8-c61f-42a7-a500-831e192406c9" />
    <UnitTestResult executionId="25051a45-6bed-4a65-91c1-ff96183d5391" testId="64385f08-1561-0f65-f649-9eea3016a34f" testName="CreateSearchFilterEditControl_SinglePluginMultipleUserControlsPlugins_Success" computerName="DKSR-EFI-06" duration="00:00:00.0031906" startTime="2024-01-09T15:45:44.1597302+01:00" endTime="2024-01-09T15:45:44.1637492+01:00" testType="13cdc9d9-ddb5-4fa4-a97d-d965ccfc6d4b" outcome="Passed" testListId="8c84fa94-04c1-424b-9868-57a2d4851a1d" relativeResultsDirectory="25051a45-6bed-4a65-91c1-ff96183d5391" />
    <UnitTestResult executionId="0f9fc40a-14d5-4039-a4b3-91cd2ba7253e" testId="76c66eeb-a2f8-48cc-26cc-ff5958f96fde" testName="GetNearest_ShouldReturnNull_WhenCacheIsEmpty" computerName="DKSR-EFI-06" duration="00:00:00.0008427" startTime="2024-01-09T15:45:46.5181657+01:00" endTime="2024-01-09T15:45:46.5192125+01:00" testType="13cdc9d9-ddb5-4fa4-a97d-d965ccfc6d4b" outcome="Passed" testListId="8c84fa94-04c1-424b-9868-57a2d4851a1d" relativeResultsDirectory="0f9fc40a-14d5-4039-a4b3-91cd2ba7253e" />
    <UnitTestResult executionId="1ea45ea8-93e8-4193-8b08-97fb6636eb33" testId="af0f43ee-ce4a-d402-680c-1c0e37479db8" testName="CountByCounter_Activated_Trial_OK" computerName="DKSR-EFI-06" duration="00:00:00.0008958" startTime="2024-01-09T15:45:46.2884631+01:00" endTime="2024-01-09T15:45:46.2895513+01:00" testType="13cdc9d9-ddb5-4fa4-a97d-d965ccfc6d4b" outcome="Passed" testListId="8c84fa94-04c1-424b-9868-57a2d4851a1d" relativeResultsDirectory="1ea45ea8-93e8-4193-8b08-97fb6636eb33" />
    <UnitTestResult executionId="1f59ea7e-7366-40f8-a160-b6dcd4062f2e" testId="4bcbb7d4-08c1-9252-8fa2-fa28745614be" testName="WriteXml_ShouldWriteAllClassCandidates_WhenThereAreMultipleClassCandidatesPresent" computerName="DKSR-EFI-06" duration="00:00:00.0008769" startTime="2024-01-09T15:45:45.3646030+01:00" endTime="2024-01-09T15:45:45.3656397+01:00" testType="13cdc9d9-ddb5-4fa4-a97d-d965ccfc6d4b" outcome="Passed" testListId="8c84fa94-04c1-424b-9868-57a2d4851a1d" relativeResultsDirectory="1f59ea7e-7366-40f8-a160-b6dcd4062f2e" />
    <UnitTestResult executionId="2c62d828-4b99-48ad-a57f-8ff5c147c476" testId="d05873bf-41ef-0bcf-a99f-bd7e3fdc9082" testName="ReadXml_ShouldLogWarningOnlyOnceWithinOneMinute_WhenShapeIsInvalid" computerName="DKSR-EFI-06" duration="00:00:00.0023937" startTime="2024-01-09T15:45:44.8387960+01:00" endTime="2024-01-09T15:45:44.8413903+01:00" testType="13cdc9d9-ddb5-4fa4-a97d-d965ccfc6d4b" outcome="Passed" testListId="8c84fa94-04c1-424b-9868-57a2d4851a1d" relativeResultsDirectory="2c62d828-4b99-48ad-a57f-8ff5c147c476" />
    <UnitTestResult executionId="f57e76a6-0304-4e8d-a566-f95c223ab4d5" testId="c59043ee-e462-ae6f-68e0-aa6381ac3c86" testName="Remove_NullItem_DoesNotCrash" computerName="DKSR-EFI-06" duration="00:00:00.0001356" startTime="2024-01-09T15:45:32.5055205+01:00" endTime="2024-01-09T15:45:32.5057707+01:00" testType="13cdc9d9-ddb5-4fa4-a97d-d965ccfc6d4b" outcome="Passed" testListId="8c84fa94-04c1-424b-9868-57a2d4851a1d" relativeResultsDirectory="f57e76a6-0304-4e8d-a566-f95c223ab4d5" />
    <UnitTestResult executionId="9258eb73-af4d-4578-9b08-cfe1de10e2f5" testId="1102b248-ebc3-17f0-ceef-32b216ce1ff2" testName="IsMultiSelection_ChangesSelectionMode" computerName="DKSR-EFI-06" duration="00:00:00.0013280" startTime="2024-01-09T15:45:40.5911086+01:00" endTime="2024-01-09T15:45:40.5926764+01:00" testType="13cdc9d9-ddb5-4fa4-a97d-d965ccfc6d4b" outcome="Passed" testListId="8c84fa94-04c1-424b-9868-57a2d4851a1d" relativeResultsDirectory="9258eb73-af4d-4578-9b08-cfe1de10e2f5" />
    <UnitTestResult executionId="003d433f-538d-4a85-a4ff-f04639fa5985" testId="a9cc89a4-8213-a4b1-7484-4879815a89dd" testName="Decrypt_ShouldDecryptNonFipsLicenseEncryption" computerName="DKSR-EFI-06" duration="00:00:00.0005878" startTime="2024-01-09T15:45:46.2567492+01:00" endTime="2024-01-09T15:45:46.2575646+01:00" testType="13cdc9d9-ddb5-4fa4-a97d-d965ccfc6d4b" outcome="Passed" testListId="8c84fa94-04c1-424b-9868-57a2d4851a1d" relativeResultsDirectory="003d433f-538d-4a85-a4ff-f04639fa5985" />
    <UnitTestResult executionId="9106ca38-e705-413a-93a3-36e3fef180f2" testId="7ce3bd1f-17a2-67ea-14e3-54128c33634a" testName="Speed_ShouldThrowArgumentOfRange_WhenValueIsOutsideAcceptedRange" computerName="DKSR-EFI-06" duration="00:00:00.0008975" startTime="2024-01-09T15:45:45.3088994+01:00" endTime="2024-01-09T15:45:45.3099445+01:00" testType="13cdc9d9-ddb5-4fa4-a97d-d965ccfc6d4b" outcome="Passed" testListId="8c84fa94-04c1-424b-9868-57a2d4851a1d" relativeResultsDirectory="9106ca38-e705-413a-93a3-36e3fef180f2" />
    <UnitTestResult executionId="33b88150-c2c0-4fae-bd96-cb871c2481f9" testId="f03417c3-eb2e-18cd-8003-c8d213c40e6f" testName="IsCriteriaAccepted_WithKindsFilter_WhenItemKindIsNotValid_False" computerName="DKSR-EFI-06" duration="00:00:00.0015143" startTime="2024-01-09T15:45:40.6091084+01:00" endTime="2024-01-09T15:45:40.6108109+01:00" testType="13cdc9d9-ddb5-4fa4-a97d-d965ccfc6d4b" outcome="Passed" testListId="8c84fa94-04c1-424b-9868-57a2d4851a1d" relativeResultsDirectory="33b88150-c2c0-4fae-bd96-cb871c2481f9" />
    <UnitTestResult executionId="6b1de6f5-62ab-40d3-bd60-909b58054e03" testId="4d5586b3-8531-2268-4fb4-39aa8e9235b0" testName="CountByItems_Activated_CountByCounter_Grace2" computerName="DKSR-EFI-06" duration="00:00:00.0011887" startTime="2024-01-09T15:45:46.3395940+01:00" endTime="2024-01-09T15:45:46.3409598+01:00" testType="13cdc9d9-ddb5-4fa4-a97d-d965ccfc6d4b" outcome="Passed" testListId="8c84fa94-04c1-424b-9868-57a2d4851a1d" relativeResultsDirectory="6b1de6f5-62ab-40d3-bd60-909b58054e03" />
    <UnitTestResult executionId="3f043c96-f573-46b8-922c-7165136a9175" testId="54ffe172-8cbc-abe9-397c-f61d23185047" testName="Serialize_TestCases (TestParentTypeMatchDecimalNotThisTypeMatched)" computerName="DKSR-EFI-06" duration="00:00:00.0003048" startTime="2024-01-09T15:45:43.0193631+01:00" endTime="2024-01-09T15:45:43.0199636+01:00" testType="13cdc9d9-ddb5-4fa4-a97d-d965ccfc6d4b" outcome="Passed" testListId="8c84fa94-04c1-424b-9868-57a2d4851a1d" relativeResultsDirectory="3f043c96-f573-46b8-922c-7165136a9175" />
    <UnitTestResult executionId="e7772f42-39b9-4374-a9bb-4335421cae59" testId="e5f2cf6d-a0ae-d38c-0dc9-b08cf977bee2" testName="ReadXml_ShouldIgnoreChildren_WhenAlways" computerName="DKSR-EFI-06" duration="00:00:00.0008893" startTime="2024-01-09T15:45:45.6066523+01:00" endTime="2024-01-09T15:45:45.6077188+01:00" testType="13cdc9d9-ddb5-4fa4-a97d-d965ccfc6d4b" outcome="Passed" testListId="8c84fa94-04c1-424b-9868-57a2d4851a1d" relativeResultsDirectory="e7772f42-39b9-4374-a9bb-4335421cae59" />
    <UnitTestResult executionId="fee62a71-0c2e-4ad5-a1b1-eeed70198002" testId="9a98e390-44f3-131c-5fc0-966dedface8e" testName="ParseArgbString_ShouldThrowFormatException_WhenFormatIsIncorrect" computerName="DKSR-EFI-06" duration="00:00:00.0011959" startTime="2024-01-09T15:45:44.9866752+01:00" endTime="2024-01-09T15:45:44.9881039+01:00" testType="13cdc9d9-ddb5-4fa4-a97d-d965ccfc6d4b" outcome="Passed" testListId="8c84fa94-04c1-424b-9868-57a2d4851a1d" relativeResultsDirectory="fee62a71-0c2e-4ad5-a1b1-eeed70198002" />
    <UnitTestResult executionId="c2bff025-9766-4bbb-ac7a-ea6f9d4cc40d" testId="5a26cd62-bdfd-afb4-b17e-eb94ffbff81b" testName="Get_Element_Invalid" computerName="DKSR-EFI-06" duration="00:00:00.0001443" startTime="2024-01-09T15:45:44.5347534+01:00" endTime="2024-01-09T15:45:44.5350519+01:00" testType="13cdc9d9-ddb5-4fa4-a97d-d965ccfc6d4b" outcome="Passed" testListId="8c84fa94-04c1-424b-9868-57a2d4851a1d" relativeResultsDirectory="c2bff025-9766-4bbb-ac7a-ea6f9d4cc40d" />
    <UnitTestResult executionId="f1636284-af66-414f-b605-1bd908f6ebb7" testId="774975d0-338f-cf44-fe77-bf25f6734c5b" testName="TryParseArgbString_ShouldReturnTrue_WithCorrectARGBValuesWhenFormatIsCorrect" computerName="DKSR-EFI-06" duration="00:00:00.0013545" startTime="2024-01-09T15:45:44.9734023+01:00" endTime="2024-01-09T15:45:44.9751741+01:00" testType="13cdc9d9-ddb5-4fa4-a97d-d965ccfc6d4b" outcome="Passed" testListId="8c84fa94-04c1-424b-9868-57a2d4851a1d" relativeResultsDirectory="f1636284-af66-414f-b605-1bd908f6ebb7" />
    <UnitTestResult executionId="fed6b85b-dec3-4bb7-ba3a-c9662dbefe5a" testId="48eac079-0542-ec87-ddd8-945c77d287cd" testName="Set_String" computerName="DKSR-EFI-06" duration="00:00:00.0006985" startTime="2024-01-09T15:45:44.5198350+01:00" endTime="2024-01-09T15:45:44.5207003+01:00" testType="13cdc9d9-ddb5-4fa4-a97d-d965ccfc6d4b" outcome="Passed" testListId="8c84fa94-04c1-424b-9868-57a2d4851a1d" relativeResultsDirectory="fed6b85b-dec3-4bb7-ba3a-c9662dbefe5a" />
    <UnitTestResult executionId="e3588ef0-e5a6-415d-a77a-bf528527edde" testId="1cd3273e-4fe1-8213-74a3-0afca1364b2a" testName="GetPrevious_ShouldReturnEntryBeforeLastReturnedEntry_WhenFindCacheEntryBeforeWasCalledAndThereIsAPreviousEntry" computerName="DKSR-EFI-06" duration="00:00:00.0003932" startTime="2024-01-09T15:45:46.4996570+01:00" endTime="2024-01-09T15:45:46.5002563+01:00" testType="13cdc9d9-ddb5-4fa4-a97d-d965ccfc6d4b" outcome="Passed" testListId="8c84fa94-04c1-424b-9868-57a2d4851a1d" relativeResultsDirectory="e3588ef0-e5a6-415d-a77a-bf528527edde" />
    <UnitTestResult executionId="134d05c4-d32a-41b4-b36e-04f2a4bd1b85" testId="c89277b5-bdbb-4718-3fdc-952f1cd089bd" testName="GetCompatibilityHandler_ShouldReturnFips_WhenCallingFipsCompliantSystem_21_1" computerName="DKSR-EFI-06" duration="00:00:00.0009857" startTime="2024-01-09T15:45:46.1848639+01:00" endTime="2024-01-09T15:45:46.1860433+01:00" testType="13cdc9d9-ddb5-4fa4-a97d-d965ccfc6d4b" outcome="Passed" testListId="8c84fa94-04c1-424b-9868-57a2d4851a1d" relativeResultsDirectory="134d05c4-d32a-41b4-b36e-04f2a4bd1b85" />
    <UnitTestResult executionId="ec2274cd-bf6b-4053-b490-a64fa3cae9e9" testId="1bbd120c-214c-3ef2-991f-c7ebd3d57ae2" testName="AppendItemPicked_AutoSelect_ItemSelected_EventRaised" computerName="DKSR-EFI-06" duration="00:00:00.0036196" startTime="2024-01-09T15:45:40.6144644+01:00" endTime="2024-01-09T15:45:40.6182747+01:00" testType="13cdc9d9-ddb5-4fa4-a97d-d965ccfc6d4b" outcome="Passed" testListId="8c84fa94-04c1-424b-9868-57a2d4851a1d" relativeResultsDirectory="ec2274cd-bf6b-4053-b490-a64fa3cae9e9" />
    <UnitTestResult executionId="3d59cd19-1578-4e95-ad65-301bc2e1a500" testId="e0743512-14b2-153f-50d2-6849d822eb82" testName="ProvideValue_ShouldUseContentTemplateFromItem_WhenItemContentTemplateIsSet" computerName="DKSR-EFI-06" duration="00:00:00.0032842" startTime="2024-01-09T15:45:41.9840771+01:00" endTime="2024-01-09T15:45:42.0009879+01:00" testType="13cdc9d9-ddb5-4fa4-a97d-d965ccfc6d4b" outcome="Passed" testListId="8c84fa94-04c1-424b-9868-57a2d4851a1d" relativeResultsDirectory="3d59cd19-1578-4e95-ad65-301bc2e1a500" />
    <UnitTestResult executionId="9d459b7d-6b05-4491-b46d-3b1529096f5e" testId="179839b6-b471-f653-0f2c-79b9d0414c3f" testName="ReadXml_ShouldReadScale_WhenScaleIsPresent" computerName="DKSR-EFI-06" duration="00:00:00.0010882" startTime="2024-01-09T15:45:45.5594042+01:00" endTime="2024-01-09T15:45:45.5606861+01:00" testType="13cdc9d9-ddb5-4fa4-a97d-d965ccfc6d4b" outcome="Passed" testListId="8c84fa94-04c1-424b-9868-57a2d4851a1d" relativeResultsDirectory="9d459b7d-6b05-4491-b46d-3b1529096f5e" />
    <UnitTestResult executionId="48d6da30-1a4a-4877-a93a-aa86020af1f9" testId="3b7c8552-7a62-bee2-027f-19ba6bd6ceca" testName="Given_Exception_WhenSerializingAndDeserialing_Then_AllContentIsPreserved" computerName="DKSR-EFI-06" duration="00:00:00.1836760" startTime="2024-01-09T15:45:20.1099973+01:00" endTime="2024-01-09T15:45:20.2940977+01:00" testType="13cdc9d9-ddb5-4fa4-a97d-d965ccfc6d4b" outcome="Passed" testListId="8c84fa94-04c1-424b-9868-57a2d4851a1d" relativeResultsDirectory="48d6da30-1a4a-4877-a93a-aa86020af1f9" />
    <UnitTestResult executionId="5d1a8710-1918-4378-9dce-de5fd1b20bc9" testId="7290edfd-63e4-ce1e-5e90-49404c4483db" testName="Serialize_TestCases (Verify root Generic (null) property)" computerName="DKSR-EFI-06" duration="00:00:00.0004251" startTime="2024-01-09T15:45:42.9730923+01:00" endTime="2024-01-09T15:45:42.9738474+01:00" testType="13cdc9d9-ddb5-4fa4-a97d-d965ccfc6d4b" outcome="Passed" testListId="8c84fa94-04c1-424b-9868-57a2d4851a1d" relativeResultsDirectory="5d1a8710-1918-4378-9dce-de5fd1b20bc9" />
    <UnitTestResult executionId="6929a693-b225-453c-8b7c-d54999658efb" testId="1785bf0a-686c-ffbf-697b-cc5c423923de" testName="TestSearchFilterCategories_Success" computerName="DKSR-EFI-06" duration="00:00:00.0298312" startTime="2024-01-09T15:45:43.4820212+01:00" endTime="2024-01-09T15:45:43.5121255+01:00" testType="13cdc9d9-ddb5-4fa4-a97d-d965ccfc6d4b" outcome="Passed" testListId="8c84fa94-04c1-424b-9868-57a2d4851a1d" relativeResultsDirectory="6929a693-b225-453c-8b7c-d54999658efb" />
    <UnitTestResult executionId="abc5d902-d62e-48f0-8c82-3672bc99a254" testId="21dd4ab4-8f48-2c5a-854c-4eb0b036ad99" testName="Apply_ShouldMultiplScaleYCoordinatesToToCenterYAndScaleXCoordinatesToCenterX_WhenScaleIsNotNull" computerName="DKSR-EFI-06" duration="00:00:00.0003944" startTime="2024-01-09T15:45:45.0422232+01:00" endTime="2024-01-09T15:45:45.0428498+01:00" testType="13cdc9d9-ddb5-4fa4-a97d-d965ccfc6d4b" outcome="Passed" testListId="8c84fa94-04c1-424b-9868-57a2d4851a1d" relativeResultsDirectory="abc5d902-d62e-48f0-8c82-3672bc99a254" />
    <UnitTestResult executionId="94ebc771-be90-4d81-9ed4-11c3d14099a6" testId="ad47bd46-9837-73d0-5609-780aff02d505" testName="GetItem_Camera_Success" computerName="DKSR-EFI-06" duration="00:00:00.0669205" startTime="2024-01-09T15:45:44.5499175+01:00" endTime="2024-01-09T15:45:44.6173068+01:00" testType="13cdc9d9-ddb5-4fa4-a97d-d965ccfc6d4b" outcome="Passed" testListId="8c84fa94-04c1-424b-9868-57a2d4851a1d" relativeResultsDirectory="94ebc771-be90-4d81-9ed4-11c3d14099a6" />
    <UnitTestResult executionId="0edda7e1-12d8-45c0-addb-7fef8998be0c" testId="90a2670f-70e3-342d-ffb1-12b2148b7041" testName="Append_Element_KeyBackSlashString" computerName="DKSR-EFI-06" duration="00:00:00.0001638" startTime="2024-01-09T15:45:44.3848411+01:00" endTime="2024-01-09T15:45:44.3851924+01:00" testType="13cdc9d9-ddb5-4fa4-a97d-d965ccfc6d4b" outcome="Passed" testListId="8c84fa94-04c1-424b-9868-57a2d4851a1d" relativeResultsDirectory="0edda7e1-12d8-45c0-addb-7fef8998be0c" />
    <UnitTestResult executionId="170278f0-9275-4898-bff6-7368902fdc4c" testId="4eb0c9c9-741e-7fa6-9c80-5eed459fb9fe" testName="GenerateParameters_ShouldOmitResolutionList_WhenResolutionSetIsEmpty" computerName="DKSR-EFI-06" duration="00:00:00.0002042" startTime="2024-01-09T15:45:46.3878021+01:00" endTime="2024-01-09T15:45:46.3881731+01:00" testType="13cdc9d9-ddb5-4fa4-a97d-d965ccfc6d4b" outcome="Passed" testListId="8c84fa94-04c1-424b-9868-57a2d4851a1d" relativeResultsDirectory="170278f0-9275-4898-bff6-7368902fdc4c" />
    <UnitTestResult executionId="db45d057-13fd-4c74-8b7f-4d0447a2f149" testId="3fc54712-5186-4bec-f033-21016fea98fa" testName="TestMultiLevelQueue_ThreeLevels_Success" computerName="DKSR-EFI-06" duration="00:00:00.3032000" startTime="2024-01-09T15:45:33.5260889+01:00" endTime="2024-01-09T15:45:33.8296937+01:00" testType="13cdc9d9-ddb5-4fa4-a97d-d965ccfc6d4b" outcome="Passed" testListId="8c84fa94-04c1-424b-9868-57a2d4851a1d" relativeResultsDirectory="db45d057-13fd-4c74-8b7f-4d0447a2f149" />
    <UnitTestResult executionId="2cb48c90-6b46-48d2-a20c-54da048c43c0" testId="90272f82-6dbb-9ffb-b9a3-664aee5c00a3" testName="WriteXml_ShouldWriteDescriptionElement_WhenDescriptionIsNotNull" computerName="DKSR-EFI-06" duration="00:00:00.0024723" startTime="2024-01-09T15:45:44.8732813+01:00" endTime="2024-01-09T15:45:44.8759316+01:00" testType="13cdc9d9-ddb5-4fa4-a97d-d965ccfc6d4b" outcome="Passed" testListId="8c84fa94-04c1-424b-9868-57a2d4851a1d" relativeResultsDirectory="2cb48c90-6b46-48d2-a20c-54da048c43c0" />
    <UnitTestResult executionId="d155f9d6-7de6-4543-a459-1a551cf3a75d" testId="61e3c009-6d40-f26a-bfa1-a7b30d7f5bbd" testName="CreateSearchFilterEditControl_MissingPlugin_ReturnsNull" computerName="DKSR-EFI-06" duration="00:00:00.0010439" startTime="2024-01-09T15:45:43.8230051+01:00" endTime="2024-01-09T15:45:43.8268681+01:00" testType="13cdc9d9-ddb5-4fa4-a97d-d965ccfc6d4b" outcome="Passed" testListId="8c84fa94-04c1-424b-9868-57a2d4851a1d" relativeResultsDirectory="d155f9d6-7de6-4543-a459-1a551cf3a75d" />
    <UnitTestResult executionId="6bd0f773-cc07-4326-b1bf-c47117702524" testId="b3df3f39-3ac5-afed-24ec-7a145316d997" testName="Set_String_In_Array" computerName="DKSR-EFI-06" duration="00:00:00.0003094" startTime="2024-01-09T15:45:44.5274635+01:00" endTime="2024-01-09T15:45:44.5279268+01:00" testType="13cdc9d9-ddb5-4fa4-a97d-d965ccfc6d4b" outcome="Passed" testListId="8c84fa94-04c1-424b-9868-57a2d4851a1d" relativeResultsDirectory="6bd0f773-cc07-4326-b1bf-c47117702524" />
    <UnitTestResult executionId="c950be81-82ea-41c2-a894-38992968a290" testId="c1f74549-0e3d-e32b-3c71-cedfb9c5eef0" testName="TestStartSearch_ReturningResults_Success" computerName="DKSR-EFI-06" duration="00:00:00.0116065" startTime="2024-01-09T15:45:43.5989321+01:00" endTime="2024-01-09T15:45:43.6107839+01:00" testType="13cdc9d9-ddb5-4fa4-a97d-d965ccfc6d4b" outcome="Passed" testListId="8c84fa94-04c1-424b-9868-57a2d4851a1d" relativeResultsDirectory="c950be81-82ea-41c2-a894-38992968a290" />
    <UnitTestResult executionId="025d5f37-7084-43c1-9fc0-549f92b08b02" testId="1e01348f-4956-9c30-5322-aed75f85144b" testName="GetGenderFilterValues_SingleSelection_Success" computerName="DKSR-EFI-06" duration="00:00:00.0073105" startTime="2024-01-09T15:45:44.2846029+01:00" endTime="2024-01-09T15:45:44.2921447+01:00" testType="13cdc9d9-ddb5-4fa4-a97d-d965ccfc6d4b" outcome="Passed" testListId="8c84fa94-04c1-424b-9868-57a2d4851a1d" relativeResultsDirectory="025d5f37-7084-43c1-9fc0-549f92b08b02" />
    <UnitTestResult executionId="56bd7855-c758-4af3-a994-5770c770fc7c" testId="d63150eb-a494-247f-04af-e8e69519f739" testName="IsEmptyValue_SelectionFilterValue_OneSelection_ReturnsFalse" computerName="DKSR-EFI-06" duration="00:00:00.0004653" startTime="2024-01-09T15:45:43.4239407+01:00" endTime="2024-01-09T15:45:43.4246154+01:00" testType="13cdc9d9-ddb5-4fa4-a97d-d965ccfc6d4b" outcome="Passed" testListId="8c84fa94-04c1-424b-9868-57a2d4851a1d" relativeResultsDirectory="56bd7855-c758-4af3-a994-5770c770fc7c" />
    <UnitTestResult executionId="7d670f8a-96ae-48d2-a689-6b1e155da1b5" testId="1b922494-8fe6-7989-fdba-e8485055ed6f" testName="ServerIdWithHttpAsDefault_Construct_Success" computerName="DKSR-EFI-06" duration="00:00:00.0003796" startTime="2024-01-09T15:45:18.6299672+01:00" endTime="2024-01-09T15:45:18.6305491+01:00" testType="13cdc9d9-ddb5-4fa4-a97d-d965ccfc6d4b" outcome="Passed" testListId="8c84fa94-04c1-424b-9868-57a2d4851a1d" relativeResultsDirectory="7d670f8a-96ae-48d2-a689-6b1e155da1b5" />
    <UnitTestResult executionId="b77028f0-0efc-490b-9d9d-dc3d728aacb3" testId="b09c7353-a02d-ff9f-8437-0ec01da8590a" testName="AllowGroupSelectionFalse_MultiSelect_ElementsInGroupSelected" computerName="DKSR-EFI-06" duration="00:00:00.0020497" startTime="2024-01-09T15:45:40.6325609+01:00" endTime="2024-01-09T15:45:40.6347858+01:00" testType="13cdc9d9-ddb5-4fa4-a97d-d965ccfc6d4b" outcome="Passed" testListId="8c84fa94-04c1-424b-9868-57a2d4851a1d" relativeResultsDirectory="b77028f0-0efc-490b-9d9d-dc3d728aacb3" />
    <UnitTestResult executionId="6df4213c-1703-4982-b7d4-c816264f4edd" testId="251b347e-5118-6923-54c2-687fcb9f9027" testName="HasBehaviours_ShouldReturnTrue_WhenEitherIdleOrRemovedIsTrue" computerName="DKSR-EFI-06" duration="00:00:00.0030996" startTime="2024-01-09T15:45:44.8874270+01:00" endTime="2024-01-09T15:45:44.8909340+01:00" testType="13cdc9d9-ddb5-4fa4-a97d-d965ccfc6d4b" outcome="Passed" testListId="8c84fa94-04c1-424b-9868-57a2d4851a1d" relativeResultsDirectory="6df4213c-1703-4982-b7d4-c816264f4edd" />
    <UnitTestResult executionId="e1780766-c442-431c-a863-c561c04aba56" testId="a7bf999b-c611-25a7-2ff7-438675e1866f" testName="TestConstructorOverload_MultipleAgents_Success" computerName="DKSR-EFI-06" duration="00:00:00.0153401" startTime="2024-01-09T15:45:43.4640617+01:00" endTime="2024-01-09T15:45:43.4796665+01:00" testType="13cdc9d9-ddb5-4fa4-a97d-d965ccfc6d4b" outcome="Passed" testListId="8c84fa94-04c1-424b-9868-57a2d4851a1d" relativeResultsDirectory="e1780766-c442-431c-a863-c561c04aba56" />
    <UnitTestResult executionId="e40c88ac-725b-4dd5-ba3c-823148367266" testId="c3f2a1aa-ab89-7f2c-6103-bf1d2150d50b" testName="Equals_ShouldHaveValueSemantics_Always" computerName="DKSR-EFI-06" duration="00:00:00.0002640" startTime="2024-01-09T15:45:45.2783555+01:00" endTime="2024-01-09T15:45:45.2788015+01:00" testType="13cdc9d9-ddb5-4fa4-a97d-d965ccfc6d4b" outcome="Passed" testListId="8c84fa94-04c1-424b-9868-57a2d4851a1d" relativeResultsDirectory="e40c88ac-725b-4dd5-ba3c-823148367266" />
    <UnitTestResult executionId="ce609a83-8204-427b-acd0-2f68fc8a8cdc" testId="6c89edff-e640-ffef-eff3-e38e5c9bbb28" testName="Remove_ItemNotInQueue_NoChange" computerName="DKSR-EFI-06" duration="00:00:00.0001971" startTime="2024-01-09T15:45:32.5062669+01:00" endTime="2024-01-09T15:45:32.5065752+01:00" testType="13cdc9d9-ddb5-4fa4-a97d-d965ccfc6d4b" outcome="Passed" testListId="8c84fa94-04c1-424b-9868-57a2d4851a1d" relativeResultsDirectory="ce609a83-8204-427b-acd0-2f68fc8a8cdc" />
    <UnitTestResult executionId="089b3ef0-d654-43ae-915b-abe93bc95950" testId="a986cdd1-f3b8-291d-b1aa-90291a659d05" testName="Escape_Success" computerName="DKSR-EFI-06" duration="00:00:00.0011016" startTime="2024-01-09T15:45:32.2423113+01:00" endTime="2024-01-09T15:45:32.2435661+01:00" testType="13cdc9d9-ddb5-4fa4-a97d-d965ccfc6d4b" outcome="Passed" testListId="8c84fa94-04c1-424b-9868-57a2d4851a1d" relativeResultsDirectory="089b3ef0-d654-43ae-915b-abe93bc95950" />
    <UnitTestResult executionId="84d58abf-31eb-4bc7-a975-284e094c5c38" testId="0e7ca7c3-2900-8d7a-24b0-844e128831dd" testName="WriteXml_ShouldWriteClassCandidateContents_WhenAClassCandidateIsWritten" computerName="DKSR-EFI-06" duration="00:00:00.0009466" startTime="2024-01-09T15:45:45.3675880+01:00" endTime="2024-01-09T15:45:45.3687076+01:00" testType="13cdc9d9-ddb5-4fa4-a97d-d965ccfc6d4b" outcome="Passed" testListId="8c84fa94-04c1-424b-9868-57a2d4851a1d" relativeResultsDirectory="84d58abf-31eb-4bc7-a975-284e094c5c38" />
    <UnitTestResult executionId="744009c5-513d-4eed-835a-1f982d7e1a28" testId="1eb53537-afef-d5dd-debc-6b9152b2f955" testName="ReadXml_ShouldIgnoreLikelihood_WhenLikelihoodIsNotANumber" computerName="DKSR-EFI-06" duration="00:00:00.0003316" startTime="2024-01-09T15:45:44.9490646+01:00" endTime="2024-01-09T15:45:44.9495845+01:00" testType="13cdc9d9-ddb5-4fa4-a97d-d965ccfc6d4b" outcome="Passed" testListId="8c84fa94-04c1-424b-9868-57a2d4851a1d" relativeResultsDirectory="744009c5-513d-4eed-835a-1f982d7e1a28" />
    <UnitTestResult executionId="382241e9-569e-4593-9ac1-dd8eb6393e8b" testId="9cded436-df00-a929-7b4b-3c1f500b64fe" testName="Ctor_TwoStandardFilters_Success" computerName="DKSR-EFI-06" duration="00:00:00.0018773" startTime="2024-01-09T15:45:44.3080888+01:00" endTime="2024-01-09T15:45:44.3101742+01:00" testType="13cdc9d9-ddb5-4fa4-a97d-d965ccfc6d4b" outcome="Passed" testListId="8c84fa94-04c1-424b-9868-57a2d4851a1d" relativeResultsDirectory="382241e9-569e-4593-9ac1-dd8eb6393e8b" />
    <UnitTestResult executionId="e9cc869a-c955-4e61-8e6a-c2b94da094d1" testId="c78e11d7-0167-713c-2051-cb0d25992222" testName="Serialize_TestCases (TestParentCollectionEmptyArrayProperty)" computerName="DKSR-EFI-06" duration="00:00:00.0004042" startTime="2024-01-09T15:45:42.9589044+01:00" endTime="2024-01-09T15:45:42.9596502+01:00" testType="13cdc9d9-ddb5-4fa4-a97d-d965ccfc6d4b" outcome="Passed" testListId="8c84fa94-04c1-424b-9868-57a2d4851a1d" relativeResultsDirectory="e9cc869a-c955-4e61-8e6a-c2b94da094d1" />
    <UnitTestResult executionId="3b0c8382-b3ee-4606-b20b-c5fa16223b0c" testId="b6b829e1-8625-e08b-65bd-cadec1f50563" testName="Serialize_TestCases (TestParentTypeMatchCollectionThisTypeNotMatched)" computerName="DKSR-EFI-06" duration="00:00:00.0001778" startTime="2024-01-09T15:45:43.0642344+01:00" endTime="2024-01-09T15:45:43.0647133+01:00" testType="13cdc9d9-ddb5-4fa4-a97d-d965ccfc6d4b" outcome="Passed" testListId="8c84fa94-04c1-424b-9868-57a2d4851a1d" relativeResultsDirectory="3b0c8382-b3ee-4606-b20b-c5fa16223b0c" />
    <UnitTestResult executionId="fcda2d11-1495-4302-a680-d1ecdeadc575" testId="9292478f-daf1-afe9-9c29-f4faf9350c76" testName="Peek_StoppedQueue_ReturnsNull" computerName="DKSR-EFI-06" duration="00:00:00.0002916" startTime="2024-01-09T15:45:32.4996345+01:00" endTime="2024-01-09T15:45:32.5001025+01:00" testType="13cdc9d9-ddb5-4fa4-a97d-d965ccfc6d4b" outcome="Passed" testListId="8c84fa94-04c1-424b-9868-57a2d4851a1d" relativeResultsDirectory="fcda2d11-1495-4302-a680-d1ecdeadc575" />
    <UnitTestResult executionId="f30b0214-087c-4672-8b61-9a46ab92e1cf" testId="e5d77a31-6b9f-c926-244b-f6a80ab8552d" testName="GetAllFrames_ShouldReturnFramesForSingleVideoAnalytics_WhenThereIsOneVideoAnalytics" computerName="DKSR-EFI-06" duration="00:00:00.0004168" startTime="2024-01-09T15:45:45.2954669+01:00" endTime="2024-01-09T15:45:45.2961654+01:00" testType="13cdc9d9-ddb5-4fa4-a97d-d965ccfc6d4b" outcome="Passed" testListId="8c84fa94-04c1-424b-9868-57a2d4851a1d" relativeResultsDirectory="f30b0214-087c-4672-8b61-9a46ab92e1cf" />
    <UnitTestResult executionId="1525b3f2-e5cb-47b9-9c9b-fd5df4b0d548" testId="c639d279-f201-87fa-87e4-d4046a905790" testName="Contains_CameraObjectId_Checked" computerName="DKSR-EFI-06" duration="00:00:00.0002538" startTime="2024-01-09T15:45:18.6398567+01:00" endTime="2024-01-09T15:45:18.6402074+01:00" testType="13cdc9d9-ddb5-4fa4-a97d-d965ccfc6d4b" outcome="Passed" testListId="8c84fa94-04c1-424b-9868-57a2d4851a1d" relativeResultsDirectory="1525b3f2-e5cb-47b9-9c9b-fd5df4b0d548" />
    <UnitTestResult executionId="06b16167-3332-451c-9d10-5d7b3060fedb" testId="0d6a360b-80b2-0c9f-819e-6ddc1b403d2d" testName="ReadXml_ShouldReadOnvifClassContents_WhenClassIsPresent" computerName="DKSR-EFI-06" duration="00:00:00.0020398" startTime="2024-01-09T15:45:44.8298454+01:00" endTime="2024-01-09T15:45:44.8320903+01:00" testType="13cdc9d9-ddb5-4fa4-a97d-d965ccfc6d4b" outcome="Passed" testListId="8c84fa94-04c1-424b-9868-57a2d4851a1d" relativeResultsDirectory="06b16167-3332-451c-9d10-5d7b3060fedb" />
    <UnitTestResult executionId="c8bf44fc-b4fd-4d97-8e84-8903054423c0" testId="cfc09053-dd65-09af-3398-2d1e903d515a" testName="Stop_EmptyQueue_IsStoppingSetButIsStoppedNotSet" computerName="DKSR-EFI-06" duration="00:00:00.0002391" startTime="2024-01-09T15:45:32.4840134+01:00" endTime="2024-01-09T15:45:32.4843823+01:00" testType="13cdc9d9-ddb5-4fa4-a97d-d965ccfc6d4b" outcome="Passed" testListId="8c84fa94-04c1-424b-9868-57a2d4851a1d" relativeResultsDirectory="c8bf44fc-b4fd-4d97-8e84-8903054423c0" />
    <UnitTestResult executionId="43dd82c2-bd54-48ad-a305-1041a7a94eec" testId="e56c92d2-c559-22db-a2e2-d0987b0def17" testName="GetClientAsync_StartsClient_WhenFirst" computerName="DKSR-EFI-06" duration="00:00:00.0312748" startTime="2024-01-09T15:45:45.7258451+01:00" endTime="2024-01-09T15:45:45.7575315+01:00" testType="13cdc9d9-ddb5-4fa4-a97d-d965ccfc6d4b" outcome="Passed" testListId="8c84fa94-04c1-424b-9868-57a2d4851a1d" relativeResultsDirectory="43dd82c2-bd54-48ad-a305-1041a7a94eec" />
    <UnitTestResult executionId="74035bc8-2023-4520-926e-7d918e50b30e" testId="1bb65b8b-a8a2-1654-89b4-e0a9b34ce5a7" testName="GenerateEnumValueParameters_ShouldWriteId_WhenAlways" computerName="DKSR-EFI-06" duration="00:00:00.0005726" startTime="2024-01-09T15:45:46.4359288+01:00" endTime="2024-01-09T15:45:46.4366178+01:00" testType="13cdc9d9-ddb5-4fa4-a97d-d965ccfc6d4b" outcome="Passed" testListId="8c84fa94-04c1-424b-9868-57a2d4851a1d" relativeResultsDirectory="74035bc8-2023-4520-926e-7d918e50b30e" />
    <UnitTestResult executionId="b92eba9c-0a7c-46e8-a328-5a991f48e57d" testId="df8b49a4-30ab-6656-067f-36c17b41346a" testName="Serialize_TestCases (TestParentTypeMatchStringNotThisTypeMatched)" computerName="DKSR-EFI-06" duration="00:00:00.0004178" startTime="2024-01-09T15:45:42.9882521+01:00" endTime="2024-01-09T15:45:42.9928729+01:00" testType="13cdc9d9-ddb5-4fa4-a97d-d965ccfc6d4b" outcome="Passed" testListId="8c84fa94-04c1-424b-9868-57a2d4851a1d" relativeResultsDirectory="b92eba9c-0a7c-46e8-a328-5a991f48e57d" />
    <UnitTestResult executionId="3543bc19-4c88-479b-966a-b96f10c61af6" testId="1d3f650d-9d95-7992-7547-1b0a5cf1f2ec" testName="AllowGroupSelection_SingleSelect_GroupSelected" computerName="DKSR-EFI-06" duration="00:00:00.0004006" startTime="2024-01-09T15:45:40.6353939+01:00" endTime="2024-01-09T15:45:40.6359438+01:00" testType="13cdc9d9-ddb5-4fa4-a97d-d965ccfc6d4b" outcome="Passed" testListId="8c84fa94-04c1-424b-9868-57a2d4851a1d" relativeResultsDirectory="3543bc19-4c88-479b-966a-b96f10c61af6" />
    <UnitTestResult executionId="e7dfd1d2-49a6-45c5-9d41-be56e6c7f279" testId="890cd7d3-d5de-1eb5-735a-80921ce3d8c1" testName="HorizontalAccuracy_ShouldThrowArgumentOfRange_WhenValueIsOutsideAcceptedRange" computerName="DKSR-EFI-06" duration="00:00:00.0007756" startTime="2024-01-09T15:45:45.3062386+01:00" endTime="2024-01-09T15:45:45.3071399+01:00" testType="13cdc9d9-ddb5-4fa4-a97d-d965ccfc6d4b" outcome="Passed" testListId="8c84fa94-04c1-424b-9868-57a2d4851a1d" relativeResultsDirectory="e7dfd1d2-49a6-45c5-9d41-be56e6c7f279" />
    <UnitTestResult executionId="43313eba-0ad3-4e96-8c19-3f4c6fd7e72c" testId="b8276ba3-7850-cbef-143f-fbd86d2ed190" testName="CountByCounter_Activated_OK" computerName="DKSR-EFI-06" duration="00:00:00.0017682" startTime="2024-01-09T15:45:46.2839065+01:00" endTime="2024-01-09T15:45:46.2858771+01:00" testType="13cdc9d9-ddb5-4fa4-a97d-d965ccfc6d4b" outcome="Passed" testListId="8c84fa94-04c1-424b-9868-57a2d4851a1d" relativeResultsDirectory="43313eba-0ad3-4e96-8c19-3f4c6fd7e72c" />
    <UnitTestResult executionId="f494eb23-99a3-4ea1-be06-6ef64edf3ca6" testId="cad83f52-1e7f-4b34-02e2-b7d439893234" testName="Parse_Double_Invalid_end" computerName="DKSR-EFI-06" duration="00:00:00.0003288" startTime="2024-01-09T15:45:44.5064803+01:00" endTime="2024-01-09T15:45:44.5070495+01:00" testType="13cdc9d9-ddb5-4fa4-a97d-d965ccfc6d4b" outcome="Passed" testListId="8c84fa94-04c1-424b-9868-57a2d4851a1d" relativeResultsDirectory="f494eb23-99a3-4ea1-be06-6ef64edf3ca6" />
    <UnitTestResult executionId="2e4bffd5-07b2-4769-90a3-09f958e7a281" testId="b033676b-8032-936f-8e94-1ff7304e27d8" testName="Construction_ParamNullCheck" computerName="DKSR-EFI-06" duration="00:00:00.0004596" startTime="2024-01-09T15:45:44.4847597+01:00" endTime="2024-01-09T15:45:44.4857803+01:00" testType="13cdc9d9-ddb5-4fa4-a97d-d965ccfc6d4b" outcome="Passed" testListId="8c84fa94-04c1-424b-9868-57a2d4851a1d" relativeResultsDirectory="2e4bffd5-07b2-4769-90a3-09f958e7a281" />
    <UnitTestResult executionId="e67a7976-5a69-4c1b-8027-6244b1c30fec" testId="dbc5d189-251d-e27f-7817-a46019f321c1" testName="GenerateParameters_ShouldOmitFpsRange_WhenFpsRangeIsNull" computerName="DKSR-EFI-06" duration="00:00:00.0007629" startTime="2024-01-09T15:45:46.3944640+01:00" endTime="2024-01-09T15:45:46.3954089+01:00" testType="13cdc9d9-ddb5-4fa4-a97d-d965ccfc6d4b" outcome="Passed" testListId="8c84fa94-04c1-424b-9868-57a2d4851a1d" relativeResultsDirectory="e67a7976-5a69-4c1b-8027-6244b1c30fec" />
    <UnitTestResult executionId="6293d6dc-5819-411e-ac83-91633c87521f" testId="2de77298-4b39-f702-f7c5-8b8c0ceb02ec" testName="SetChildren_UnKnown_Check" computerName="DKSR-EFI-06" duration="00:00:00.0122728" startTime="2024-01-09T15:45:19.1665671+01:00" endTime="2024-01-09T15:45:19.1790645+01:00" testType="13cdc9d9-ddb5-4fa4-a97d-d965ccfc6d4b" outcome="Passed" testListId="8c84fa94-04c1-424b-9868-57a2d4851a1d" relativeResultsDirectory="6293d6dc-5819-411e-ac83-91633c87521f" />
    <UnitTestResult executionId="0a8ca36c-a193-4620-aeb7-bed076fc0f83" testId="7d1d1f41-0e54-d040-359b-6620ce0f7c85" testName="Serialize_TestCases (Verify root Bool property)" computerName="DKSR-EFI-06" duration="00:00:00.0006754" startTime="2024-01-09T15:45:42.9273146+01:00" endTime="2024-01-09T15:45:42.9283214+01:00" testType="13cdc9d9-ddb5-4fa4-a97d-d965ccfc6d4b" outcome="Passed" testListId="8c84fa94-04c1-424b-9868-57a2d4851a1d" relativeResultsDirectory="0a8ca36c-a193-4620-aeb7-bed076fc0f83" />
    <UnitTestResult executionId="8a2697fa-a20d-463b-a945-5deff30b0cdf" testId="f880bae4-ac7b-09b5-228d-aaaa54c0b1c6" testName="TestCancelSearch_DefinitionNotRespectingCancellation_Success" computerName="DKSR-EFI-06" duration="00:00:00.0050936" startTime="2024-01-09T15:45:43.6788059+01:00" endTime="2024-01-09T15:45:43.6841227+01:00" testType="13cdc9d9-ddb5-4fa4-a97d-d965ccfc6d4b" outcome="Passed" testListId="8c84fa94-04c1-424b-9868-57a2d4851a1d" relativeResultsDirectory="8a2697fa-a20d-463b-a945-5deff30b0cdf" />
    <UnitTestResult executionId="563ac64b-d25f-4b38-9a5d-7506c8e2a5af" testId="e752e0ff-bfc6-c186-6be7-f4690c294e87" testName="VerticalAccuracy_ShouldThrowArgumentOfRange_WhenValueIsOutsideAcceptedRange" computerName="DKSR-EFI-06" duration="00:00:00.0007258" startTime="2024-01-09T15:45:45.3075643+01:00" endTime="2024-01-09T15:45:45.3084083+01:00" testType="13cdc9d9-ddb5-4fa4-a97d-d965ccfc6d4b" outcome="Passed" testListId="8c84fa94-04c1-424b-9868-57a2d4851a1d" relativeResultsDirectory="563ac64b-d25f-4b38-9a5d-7506c8e2a5af" />
    <UnitTestResult executionId="2490ead9-4bdb-4a35-a2a8-a21e2e84176a" testId="20233fe2-b748-308d-725e-1b3b65fd4fc4" testName="Minimize_ShouldReturnOneInterval_WhenListContainsThreeOverlappingIntervals" computerName="DKSR-EFI-06" duration="00:00:00.0007134" startTime="2024-01-09T15:45:32.3003530+01:00" endTime="2024-01-09T15:45:32.3011985+01:00" testType="13cdc9d9-ddb5-4fa4-a97d-d965ccfc6d4b" outcome="Passed" testListId="8c84fa94-04c1-424b-9868-57a2d4851a1d" relativeResultsDirectory="2490ead9-4bdb-4a35-a2a8-a21e2e84176a" />
    <UnitTestResult executionId="0896e3a1-b343-452a-81eb-42910bbe2d0d" testId="3bd4e091-3cac-addc-1c5e-6f943e11b33f" testName="WriteXml_ShouldOmitElements_WhenDataIsNotPresent" computerName="DKSR-EFI-06" duration="00:00:00.0027164" startTime="2024-01-09T15:45:45.1172776+01:00" endTime="2024-01-09T15:45:45.1201913+01:00" testType="13cdc9d9-ddb5-4fa4-a97d-d965ccfc6d4b" outcome="Passed" testListId="8c84fa94-04c1-424b-9868-57a2d4851a1d" relativeResultsDirectory="0896e3a1-b343-452a-81eb-42910bbe2d0d" />
    <UnitTestResult executionId="430a8d75-a74d-47b1-856b-bec3bbf77d0f" testId="c26d542a-727f-65ee-bb48-832c01f872f6" testName="WriteXml_ShouldWriteTransformationContents_WhenTransformIsNotNull" computerName="DKSR-EFI-06" duration="00:00:00.0016520" startTime="2024-01-09T15:45:45.1341600+01:00" endTime="2024-01-09T15:45:45.1360232+01:00" testType="13cdc9d9-ddb5-4fa4-a97d-d965ccfc6d4b" outcome="Passed" testListId="8c84fa94-04c1-424b-9868-57a2d4851a1d" relativeResultsDirectory="430a8d75-a74d-47b1-856b-bec3bbf77d0f" />
    <UnitTestResult executionId="8108e1b9-fdf1-44b6-ba85-3ad72212dc4a" testId="9cad257c-1706-051d-28c1-76f19f896117" testName="Serialize_TestCases (Verify root Struct property)" computerName="DKSR-EFI-06" duration="00:00:00.0004036" startTime="2024-01-09T15:45:42.9365015+01:00" endTime="2024-01-09T15:45:42.9372166+01:00" testType="13cdc9d9-ddb5-4fa4-a97d-d965ccfc6d4b" outcome="Passed" testListId="8c84fa94-04c1-424b-9868-57a2d4851a1d" relativeResultsDirectory="8108e1b9-fdf1-44b6-ba85-3ad72212dc4a" />
    <UnitTestResult executionId="774b698d-f14d-440d-83b8-17408a760f00" testId="a029b495-55fb-1eb3-c134-9a8d61753adb" testName="OnSearchResultsReady_EventHandler_NotifiedWithCorrectParameters" computerName="DKSR-EFI-06" duration="00:00:00.0024221" startTime="2024-01-09T15:45:43.3928354+01:00" endTime="2024-01-09T15:45:43.3954954+01:00" testType="13cdc9d9-ddb5-4fa4-a97d-d965ccfc6d4b" outcome="Passed" testListId="8c84fa94-04c1-424b-9868-57a2d4851a1d" relativeResultsDirectory="774b698d-f14d-440d-83b8-17408a760f00" />
    <UnitTestResult executionId="a76b33db-88cf-48b7-8dcd-11171f0c834a" testId="85b75f82-e414-01aa-d88b-66e9836d44fd" testName="Parse_DoubleArray" computerName="DKSR-EFI-06" duration="00:00:00.0003329" startTime="2024-01-09T15:45:44.5314252+01:00" endTime="2024-01-09T15:45:44.5319168+01:00" testType="13cdc9d9-ddb5-4fa4-a97d-d965ccfc6d4b" outcome="Passed" testListId="8c84fa94-04c1-424b-9868-57a2d4851a1d" relativeResultsDirectory="a76b33db-88cf-48b7-8dcd-11171f0c834a" />
    <UnitTestResult executionId="364d981a-42f1-4dca-b950-4ec2141e7609" testId="1482937b-f549-7dda-39ff-c1d0353b5bf2" testName="MD5Hex32_ShouldThrowArgumentNullException_WhenInputIsNull" computerName="DKSR-EFI-06" duration="00:00:00.0007967" startTime="2024-01-09T15:45:46.8038644+01:00" endTime="2024-01-09T15:45:46.8048507+01:00" testType="13cdc9d9-ddb5-4fa4-a97d-d965ccfc6d4b" outcome="Passed" testListId="8c84fa94-04c1-424b-9868-57a2d4851a1d" relativeResultsDirectory="364d981a-42f1-4dca-b950-4ec2141e7609" />
    <UnitTestResult executionId="2172fab4-c833-4e84-bf7e-9eb82e843c92" testId="d2e27528-7e9c-f741-028a-9dd7eea4c92c" testName="Add_ShouldInvokeCallback_WhenObservable" computerName="DKSR-EFI-06" duration="00:00:00.0049408" startTime="2024-01-09T15:45:41.2505565+01:00" endTime="2024-01-09T15:45:41.3014548+01:00" testType="13cdc9d9-ddb5-4fa4-a97d-d965ccfc6d4b" outcome="Passed" testListId="8c84fa94-04c1-424b-9868-57a2d4851a1d" relativeResultsDirectory="2172fab4-c833-4e84-bf7e-9eb82e843c92" />
    <UnitTestResult executionId="9a4e3b0f-69a2-434e-b7a8-a5b7b5de40dc" testId="6f2af74d-bdba-e05e-77aa-b08f726c1ddf" testName="ToJson_StringElement_Exception" computerName="DKSR-EFI-06" duration="00:00:00.0003963" startTime="2024-01-09T15:45:44.5420683+01:00" endTime="2024-01-09T15:45:44.5427057+01:00" testType="13cdc9d9-ddb5-4fa4-a97d-d965ccfc6d4b" outcome="Passed" testListId="8c84fa94-04c1-424b-9868-57a2d4851a1d" relativeResultsDirectory="9a4e3b0f-69a2-434e-b7a8-a5b7b5de40dc" />
    <UnitTestResult executionId="051c11b4-3de5-4f89-a21a-ed35a4314dae" testId="5af855bd-1073-0abf-ad45-fc121c142707" testName="Convert_MultiArgumentConverter_ShouldReturnConvertedValue_WhenArgumentsMatch" computerName="DKSR-EFI-06" duration="00:00:00.0030230" startTime="2024-01-09T15:45:41.1037714+01:00" endTime="2024-01-09T15:45:41.1070467+01:00" testType="13cdc9d9-ddb5-4fa4-a97d-d965ccfc6d4b" outcome="Passed" testListId="8c84fa94-04c1-424b-9868-57a2d4851a1d" relativeResultsDirectory="051c11b4-3de5-4f89-a21a-ed35a4314dae" />
    <UnitTestResult executionId="796ca923-c315-4958-a5fa-0faa8691c1f6" testId="27f0a424-dd24-08ba-788b-f15f39b1c327" testName="ReadXml_ShouldDiscardCenterOfGravity_WhenIncompleteCenterOfGravityIsPresent" computerName="DKSR-EFI-06" duration="00:00:00.0010689" startTime="2024-01-09T15:45:45.5006165+01:00" endTime="2024-01-09T15:45:45.5018620+01:00" testType="13cdc9d9-ddb5-4fa4-a97d-d965ccfc6d4b" outcome="Passed" testListId="8c84fa94-04c1-424b-9868-57a2d4851a1d" relativeResultsDirectory="796ca923-c315-4958-a5fa-0faa8691c1f6" />
    <UnitTestResult executionId="efd0f85f-743d-4516-874d-443d161c2066" testId="212d269e-e227-2ffb-7701-8181bcaf4ecf" testName="Serialize_TestCases (Verify root Collection (null) property)" computerName="DKSR-EFI-06" duration="00:00:00.0003537" startTime="2024-01-09T15:45:42.9484964+01:00" endTime="2024-01-09T15:45:42.9491613+01:00" testType="13cdc9d9-ddb5-4fa4-a97d-d965ccfc6d4b" outcome="Passed" testListId="8c84fa94-04c1-424b-9868-57a2d4851a1d" relativeResultsDirectory="efd0f85f-743d-4516-874d-443d161c2066" />
    <UnitTestResult executionId="360c153f-49dc-4dcf-9a29-3992946861f4" testId="69b55b39-a9d9-76d0-7e5a-7249ce9b54b6" testName="Append_Property_Array" computerName="DKSR-EFI-06" duration="00:00:00.0118167" startTime="2024-01-09T15:45:44.4416751+01:00" endTime="2024-01-09T15:45:44.4539442+01:00" testType="13cdc9d9-ddb5-4fa4-a97d-d965ccfc6d4b" outcome="Passed" testListId="8c84fa94-04c1-424b-9868-57a2d4851a1d" relativeResultsDirectory="360c153f-49dc-4dcf-9a29-3992946861f4" />
    <UnitTestResult executionId="ffe50e18-71f3-4392-95e5-8aff1c98a399" testId="c1ccc07e-0232-8793-44eb-68dba00ee95d" testName="GenerateTypeDefinintionParameters_ShouldWriteName_WhenAlways" computerName="DKSR-EFI-06" duration="00:00:00.0008481" startTime="2024-01-09T15:45:46.7883152+01:00" endTime="2024-01-09T15:45:46.7894735+01:00" testType="13cdc9d9-ddb5-4fa4-a97d-d965ccfc6d4b" outcome="Passed" testListId="8c84fa94-04c1-424b-9868-57a2d4851a1d" relativeResultsDirectory="ffe50e18-71f3-4392-95e5-8aff1c98a399" />
    <UnitTestResult executionId="80158590-bce7-46a2-a7eb-955134c5b833" testId="21e526f6-3a3a-f300-e830-472a0f6e7a82" testName="GenerateDeviceParameters_ShouldWriteCorrectCodec_WhenCodecIsNotZero" computerName="DKSR-EFI-06" duration="00:00:00.0097684" startTime="2024-01-09T15:45:46.3617857+01:00" endTime="2024-01-09T15:45:46.3717611+01:00" testType="13cdc9d9-ddb5-4fa4-a97d-d965ccfc6d4b" outcome="Passed" testListId="8c84fa94-04c1-424b-9868-57a2d4851a1d" relativeResultsDirectory="80158590-bce7-46a2-a7eb-955134c5b833" />
    <UnitTestResult executionId="d31b22ee-e0fc-40a9-a937-2ce81e2d2390" testId="736d2983-eeff-1045-0cd2-2e53a996df06" testName="Ctor_OneStandardFilter_Success" computerName="DKSR-EFI-06" duration="00:00:00.0051316" startTime="2024-01-09T15:45:44.3018548+01:00" endTime="2024-01-09T15:45:44.3072129+01:00" testType="13cdc9d9-ddb5-4fa4-a97d-d965ccfc6d4b" outcome="Passed" testListId="8c84fa94-04c1-424b-9868-57a2d4851a1d" relativeResultsDirectory="d31b22ee-e0fc-40a9-a937-2ce81e2d2390" />
    <UnitTestResult executionId="7b4da8ff-4cf5-4497-a5ba-cbe13a340733" testId="0f85e31c-250d-2fd6-59ef-88556968bdb6" testName="GenerateDeviceParameters_ShouldWriteCorrectGop_WhenGopIsInRange" computerName="DKSR-EFI-06" duration="00:00:00.0002517" startTime="2024-01-09T15:45:46.4009478+01:00" endTime="2024-01-09T15:45:46.4014026+01:00" testType="13cdc9d9-ddb5-4fa4-a97d-d965ccfc6d4b" outcome="Passed" testListId="8c84fa94-04c1-424b-9868-57a2d4851a1d" relativeResultsDirectory="7b4da8ff-4cf5-4497-a5ba-cbe13a340733" />
    <UnitTestResult executionId="1fa520d0-f303-4925-9a2e-e7af23bfe5c5" testId="222dc4eb-8a5f-bb70-a6c0-96da1bd8a35a" testName="ReadXml_ShouldIgnoreUnknownChildren_WhenUnknownChildrenArePresent" computerName="DKSR-EFI-06" duration="00:00:00.0008959" startTime="2024-01-09T15:45:45.3411961+01:00" endTime="2024-01-09T15:45:45.3422604+01:00" testType="13cdc9d9-ddb5-4fa4-a97d-d965ccfc6d4b" outcome="Passed" testListId="8c84fa94-04c1-424b-9868-57a2d4851a1d" relativeResultsDirectory="1fa520d0-f303-4925-9a2e-e7af23bfe5c5" />
    <UnitTestResult executionId="fcf3dcc3-52ca-4db4-b7da-a353037dcc7f" testId="55e8e49d-3677-ba1c-fee3-b06a721808bd" testName="ReadXml_ShouldLogWarning_WhenBoundingBoxIsIncomplete" computerName="DKSR-EFI-06" duration="00:00:00.0013933" startTime="2024-01-09T15:45:45.5212935+01:00" endTime="2024-01-09T15:45:45.5228874+01:00" testType="13cdc9d9-ddb5-4fa4-a97d-d965ccfc6d4b" outcome="Passed" testListId="8c84fa94-04c1-424b-9868-57a2d4851a1d" relativeResultsDirectory="fcf3dcc3-52ca-4db4-b7da-a353037dcc7f" />
    <UnitTestResult executionId="c70f3319-3f6f-40e1-af38-de831fa3c18c" testId="b48b0061-7548-695a-aa72-eca672007f65" testName="ProvideValue_ShouldChangeContent_WhenItemDataPropertyNameChangesFromNullToValue" computerName="DKSR-EFI-06" duration="00:00:00.0035022" startTime="2024-01-09T15:45:41.9025584+01:00" endTime="2024-01-09T15:45:41.9092402+01:00" testType="13cdc9d9-ddb5-4fa4-a97d-d965ccfc6d4b" outcome="Passed" testListId="8c84fa94-04c1-424b-9868-57a2d4851a1d" relativeResultsDirectory="c70f3319-3f6f-40e1-af38-de831fa3c18c" />
    <UnitTestResult executionId="904b03a6-3bb8-42f0-9978-77eb08ff73dd" testId="2b383535-8d75-6079-a3dc-080857154651" testName="TestStartSearch_SearchFireErrorOccured_Success" computerName="DKSR-EFI-06" duration="00:00:00.0119712" startTime="2024-01-09T15:45:43.6116667+01:00" endTime="2024-01-09T15:45:43.6238996+01:00" testType="13cdc9d9-ddb5-4fa4-a97d-d965ccfc6d4b" outcome="Passed" testListId="8c84fa94-04c1-424b-9868-57a2d4851a1d" relativeResultsDirectory="904b03a6-3bb8-42f0-9978-77eb08ff73dd" />
    <UnitTestResult executionId="f1aea853-e62e-4243-970e-8089657c607a" testId="fd290f76-7b88-41f1-16eb-aef97d9a9bcf" testName="Serialize_ShouldThrowException_WhenPropertyIsSimpleTypeButPathContainsChildren (BoolProperty)" computerName="DKSR-EFI-06" duration="00:00:00.0006624" startTime="2024-01-09T15:45:42.8855928+01:00" endTime="2024-01-09T15:45:42.8865544+01:00" testType="13cdc9d9-ddb5-4fa4-a97d-d965ccfc6d4b" outcome="Passed" testListId="8c84fa94-04c1-424b-9868-57a2d4851a1d" relativeResultsDirectory="f1aea853-e62e-4243-970e-8089657c607a" />
    <UnitTestResult executionId="d1ba41cd-5cf6-4099-944a-3301b66df5ff" testId="a768137e-5549-c79d-d4cb-ddd67ba25589" testName="Items_NullRootItem_ItemNotShown" computerName="DKSR-EFI-06" duration="00:00:00.0109233" startTime="2024-01-09T15:45:40.7917545+01:00" endTime="2024-01-09T15:45:40.8029265+01:00" testType="13cdc9d9-ddb5-4fa4-a97d-d965ccfc6d4b" outcome="Passed" testListId="8c84fa94-04c1-424b-9868-57a2d4851a1d" relativeResultsDirectory="d1ba41cd-5cf6-4099-944a-3301b66df5ff" />
    <UnitTestResult executionId="3d2c67b5-2449-43fb-9ac1-50766c08d1cd" testId="50a956ce-9348-bb74-74bb-95ec2b1592c0" testName="WriteAppearanceExtenstionXml_ShouldWriteFillColor_WhenFillColorIsPresent" computerName="DKSR-EFI-06" duration="00:00:00.0004404" startTime="2024-01-09T15:45:45.4608448+01:00" endTime="2024-01-09T15:45:45.4614506+01:00" testType="13cdc9d9-ddb5-4fa4-a97d-d965ccfc6d4b" outcome="Passed" testListId="8c84fa94-04c1-424b-9868-57a2d4851a1d" relativeResultsDirectory="3d2c67b5-2449-43fb-9ac1-50766c08d1cd" />
    <UnitTestResult executionId="8c6e8f0c-6bb3-49e2-b7f4-062e7ac0b2ec" testId="793b121d-bd99-21ec-f905-c7a3bfbc43cf" testName="ReadXml_ShouldReadTransformation_WhenTransformationIsPresent" computerName="DKSR-EFI-06" duration="00:00:00.0021798" startTime="2024-01-09T15:45:44.8192439+01:00" endTime="2024-01-09T15:45:44.8216418+01:00" testType="13cdc9d9-ddb5-4fa4-a97d-d965ccfc6d4b" outcome="Passed" testListId="8c84fa94-04c1-424b-9868-57a2d4851a1d" relativeResultsDirectory="8c6e8f0c-6bb3-49e2-b7f4-062e7ac0b2ec" />
    <UnitTestResult executionId="29cb1232-28d3-4c55-bf8e-00c5c8923383" testId="a64f7a70-ec8c-8ab6-7e45-ca9fa7e2c2a4" testName="ReadXml_ShouldIgnoreUnknownTypeChildren_WhenUnknownTypeChildrenArePresent" computerName="DKSR-EFI-06" duration="00:00:00.0020622" startTime="2024-01-09T15:45:44.9410195+01:00" endTime="2024-01-09T15:45:44.9432775+01:00" testType="13cdc9d9-ddb5-4fa4-a97d-d965ccfc6d4b" outcome="Passed" testListId="8c84fa94-04c1-424b-9868-57a2d4851a1d" relativeResultsDirectory="29cb1232-28d3-4c55-bf8e-00c5c8923383" />
    <UnitTestResult executionId="4cc897e2-5086-4f27-9ef0-5bb9555200f3" testId="5e058ca8-2071-8aca-94cf-089b17b5ab0d" testName="CountByItems_Activated_Trial_Grace_Missing" computerName="DKSR-EFI-06" duration="00:00:00.0015666" startTime="2024-01-09T15:45:46.3263558+01:00" endTime="2024-01-09T15:45:46.3280856+01:00" testType="13cdc9d9-ddb5-4fa4-a97d-d965ccfc6d4b" outcome="Passed" testListId="8c84fa94-04c1-424b-9868-57a2d4851a1d" relativeResultsDirectory="4cc897e2-5086-4f27-9ef0-5bb9555200f3" />
    <UnitTestResult executionId="704a05be-fbc4-46e3-90ed-3ce44c02a7f7" testId="d1c5438f-f6a6-ca91-e27b-7a97a7b2a283" testName="Serialize_TestCases (Verify root Collection (not empty) property)" computerName="DKSR-EFI-06" duration="00:00:00.0002271" startTime="2024-01-09T15:45:42.9538906+01:00" endTime="2024-01-09T15:45:42.9546668+01:00" testType="13cdc9d9-ddb5-4fa4-a97d-d965ccfc6d4b" outcome="Passed" testListId="8c84fa94-04c1-424b-9868-57a2d4851a1d" relativeResultsDirectory="704a05be-fbc4-46e3-90ed-3ce44c02a7f7" />
    <UnitTestResult executionId="066fae13-6825-4ee3-be82-d3d7500f16ca" testId="96ff7aa1-841c-ccfd-6ea5-bb02ee21f492" testName="GetAtOrBefore_ShouldReturnNull_WhenToolkitReturnsNull" computerName="DKSR-EFI-06" duration="00:00:00.0016268" startTime="2024-01-09T15:45:46.7464647+01:00" endTime="2024-01-09T15:45:46.7482538+01:00" testType="13cdc9d9-ddb5-4fa4-a97d-d965ccfc6d4b" outcome="Passed" testListId="8c84fa94-04c1-424b-9868-57a2d4851a1d" relativeResultsDirectory="066fae13-6825-4ee3-be82-d3d7500f16ca" />
    <UnitTestResult executionId="1eb9ebda-87ae-426b-b7e9-8a390dc20a56" testId="f5086738-fff1-9285-cf60-e3b17196cf32" testName="ReadXml_ShouldReadNavigationalData_WhenNavigationalDataIsPresent" computerName="DKSR-EFI-06" duration="00:00:00.0012163" startTime="2024-01-09T15:45:45.2575166+01:00" endTime="2024-01-09T15:45:45.2589387+01:00" testType="13cdc9d9-ddb5-4fa4-a97d-d965ccfc6d4b" outcome="Passed" testListId="8c84fa94-04c1-424b-9868-57a2d4851a1d" relativeResultsDirectory="1eb9ebda-87ae-426b-b7e9-8a390dc20a56" />
    <UnitTestResult executionId="ca3d1a54-6db6-42cd-9ccd-142c19e47de7" testId="0051d3fc-603f-a4f9-2245-785a8218fbf1" testName="Serialize_TestCases (TestParentTypeMatchStructNotThisTypeMatched)" computerName="DKSR-EFI-06" duration="00:00:00.0004909" startTime="2024-01-09T15:45:43.0366958+01:00" endTime="2024-01-09T15:45:43.0374994+01:00" testType="13cdc9d9-ddb5-4fa4-a97d-d965ccfc6d4b" outcome="Passed" testListId="8c84fa94-04c1-424b-9868-57a2d4851a1d" relativeResultsDirectory="ca3d1a54-6db6-42cd-9ccd-142c19e47de7" />
    <UnitTestResult executionId="c814dbce-d899-439f-945d-8b60e5b34b83" testId="1677c45e-088d-ae58-08dc-ccdb32d9ca65" testName="ReadXml_ShouldIgnoreBoundingBox_WhenBoundingBoxIsPresenWithWrongNamespace" computerName="DKSR-EFI-06" duration="00:00:00.0003558" startTime="2024-01-09T15:45:45.4957502+01:00" endTime="2024-01-09T15:45:45.4962464+01:00" testType="13cdc9d9-ddb5-4fa4-a97d-d965ccfc6d4b" outcome="Passed" testListId="8c84fa94-04c1-424b-9868-57a2d4851a1d" relativeResultsDirectory="c814dbce-d899-439f-945d-8b60e5b34b83" />
    <UnitTestResult executionId="a15934fe-de99-4215-b38b-146b2d6e0ad1" testId="1ebf1719-320f-c38b-2f84-2a795fe44eb1" testName="Flush_ShouldClearCache" computerName="DKSR-EFI-06" duration="00:00:00.0008085" startTime="2024-01-09T15:45:22.1849124+01:00" endTime="2024-01-09T15:45:22.1858375+01:00" testType="13cdc9d9-ddb5-4fa4-a97d-d965ccfc6d4b" outcome="Passed" testListId="8c84fa94-04c1-424b-9868-57a2d4851a1d" relativeResultsDirectory="a15934fe-de99-4215-b38b-146b2d6e0ad1" />
    <UnitTestResult executionId="88f1a7ab-3ae5-4c7a-8242-b20ef7e82995" testId="6063544f-f430-cb16-6dfb-368d6711c379" testName="GetNextDateTime_ShouldReturnFirstDataEntityFromToolkit_WhenDataIsNotCached" computerName="DKSR-EFI-06" duration="00:00:00.0039581" startTime="2024-01-09T15:45:46.6774360+01:00" endTime="2024-01-09T15:45:46.6815713+01:00" testType="13cdc9d9-ddb5-4fa4-a97d-d965ccfc6d4b" outcome="Passed" testListId="8c84fa94-04c1-424b-9868-57a2d4851a1d" relativeResultsDirectory="88f1a7ab-3ae5-4c7a-8242-b20ef7e82995" />
    <UnitTestResult executionId="23f16ecf-e23d-40a6-bb48-d667e27e240f" testId="1287d8b9-a242-3700-9223-1e45506d7926" testName="GenerateParameters_ShouldWriteNotSupportedForSerialNr_WhenSerialNrIsNull" computerName="DKSR-EFI-06" duration="00:00:00.0004326" startTime="2024-01-09T15:45:46.4584654+01:00" endTime="2024-01-09T15:45:46.4590741+01:00" testType="13cdc9d9-ddb5-4fa4-a97d-d965ccfc6d4b" outcome="Passed" testListId="8c84fa94-04c1-424b-9868-57a2d4851a1d" relativeResultsDirectory="23f16ecf-e23d-40a6-bb48-d667e27e240f" />
    <UnitTestResult executionId="243e6f66-6298-4bdd-925c-dabf4f9e5778" testId="879090c1-add8-48b2-d609-da3bc5d3a246" testName="SplitString_When1Level_Success" computerName="DKSR-EFI-06" duration="00:00:00.0002850" startTime="2024-01-09T15:45:32.2351161+01:00" endTime="2024-01-09T15:45:32.2355274+01:00" testType="13cdc9d9-ddb5-4fa4-a97d-d965ccfc6d4b" outcome="Passed" testListId="8c84fa94-04c1-424b-9868-57a2d4851a1d" relativeResultsDirectory="243e6f66-6298-4bdd-925c-dabf4f9e5778" />
    <UnitTestResult executionId="4b4a1658-d4f3-4884-9bef-01af8c7b5178" testId="66298706-cc94-6c9f-0a35-7ab07950020d" testName="GetBegin_ShouldReturnNull_WhenToolkitReturnsResponseWithNullDataList" computerName="DKSR-EFI-06" duration="00:00:00.0016109" startTime="2024-01-09T15:45:46.6593770+01:00" endTime="2024-01-09T15:45:46.6611909+01:00" testType="13cdc9d9-ddb5-4fa4-a97d-d965ccfc6d4b" outcome="Passed" testListId="8c84fa94-04c1-424b-9868-57a2d4851a1d" relativeResultsDirectory="4b4a1658-d4f3-4884-9bef-01af8c7b5178" />
    <UnitTestResult executionId="9a57eb1b-ef07-4319-a524-950159af3eeb" testId="257c0922-44f0-686e-e1ab-2ecaa57524ac" testName="MD5Hex32_ShouldReturnMD5Hash_WhenInputIsNotNull" computerName="DKSR-EFI-06" duration="00:00:00.0037631" startTime="2024-01-09T15:45:46.7990576+01:00" endTime="2024-01-09T15:45:46.8031523+01:00" testType="13cdc9d9-ddb5-4fa4-a97d-d965ccfc6d4b" outcome="Passed" testListId="8c84fa94-04c1-424b-9868-57a2d4851a1d" relativeResultsDirectory="9a57eb1b-ef07-4319-a524-950159af3eeb" />
    <UnitTestResult executionId="649cc63b-39db-4946-9d0b-d8b16521dccf" testId="137cce7b-4534-866e-a202-717289695719" testName="ToString_WithTypeAndMessage" computerName="DKSR-EFI-06" duration="00:00:00.0002351" startTime="2024-01-09T15:45:45.7235316+01:00" endTime="2024-01-09T15:45:45.7239569+01:00" testType="13cdc9d9-ddb5-4fa4-a97d-d965ccfc6d4b" outcome="Passed" testListId="8c84fa94-04c1-424b-9868-57a2d4851a1d" relativeResultsDirectory="649cc63b-39db-4946-9d0b-d8b16521dccf" />
    <UnitTestResult executionId="b798d472-5c8b-4fe7-92d3-4fdb83395fed" testId="b82f6040-62f7-3594-e125-274383902f8c" testName="GetChildrenSorted_And_Check" computerName="DKSR-EFI-06" duration="00:00:00.1154023" startTime="2024-01-09T15:45:19.2876334+01:00" endTime="2024-01-09T15:45:19.4032797+01:00" testType="13cdc9d9-ddb5-4fa4-a97d-d965ccfc6d4b" outcome="Passed" testListId="8c84fa94-04c1-424b-9868-57a2d4851a1d" relativeResultsDirectory="b798d472-5c8b-4fe7-92d3-4fdb83395fed" />
    <UnitTestResult executionId="0357d744-06e5-4d3e-b0de-b15a1558f2d2" testId="e9e566d8-8c2f-a5c9-6e03-2549ae458328" testName="Serialize_ShouldIncludeOptionDecorations_WhenPropertyIsObjectAndNoPropertiesRequestedInPath" computerName="DKSR-EFI-06" duration="00:00:00.0007878" startTime="2024-01-09T15:45:42.9097580+01:00" endTime="2024-01-09T15:45:42.9108332+01:00" testType="13cdc9d9-ddb5-4fa4-a97d-d965ccfc6d4b" outcome="Passed" testListId="8c84fa94-04c1-424b-9868-57a2d4851a1d" relativeResultsDirectory="0357d744-06e5-4d3e-b0de-b15a1558f2d2" />
    <UnitTestResult executionId="ccfa53d6-28a8-4b5c-be60-2529a29c99f6" testId="8f92c43f-5727-bf2b-415e-cb82964ac302" testName="ParseArgbString_ShouldCreateInstanceWithCorrectARGBValues_WhenFormatIsCorrect" computerName="DKSR-EFI-06" duration="00:00:00.0006099" startTime="2024-01-09T15:45:44.9851029+01:00" endTime="2024-01-09T15:45:44.9859127+01:00" testType="13cdc9d9-ddb5-4fa4-a97d-d965ccfc6d4b" outcome="Passed" testListId="8c84fa94-04c1-424b-9868-57a2d4851a1d" relativeResultsDirectory="ccfa53d6-28a8-4b5c-be60-2529a29c99f6" />
    <UnitTestResult executionId="65687cbf-f8c3-4dfb-990d-893e2ced19ad" testId="8084e41d-d0c2-8e1f-49b3-a67abb097eef" testName="ReadXml_ShouldSetAllPropertiesToZero_WhenElementIsEmpty" computerName="DKSR-EFI-06" duration="00:00:00.0014031" startTime="2024-01-09T15:45:45.6041099+01:00" endTime="2024-01-09T15:45:45.6059246+01:00" testType="13cdc9d9-ddb5-4fa4-a97d-d965ccfc6d4b" outcome="Passed" testListId="8c84fa94-04c1-424b-9868-57a2d4851a1d" relativeResultsDirectory="65687cbf-f8c3-4dfb-990d-893e2ced19ad" />
    <UnitTestResult executionId="a6a43e58-a104-4304-8050-b0a6171400a5" testId="6494ab94-5c0c-369b-99ff-59bfdd03b59b" testName="GenerateDeviceParameters_ShouldOmitQuality_WhenQualityIsZero" computerName="DKSR-EFI-06" duration="00:00:00.0007616" startTime="2024-01-09T15:45:46.4063735+01:00" endTime="2024-01-09T15:45:46.4073512+01:00" testType="13cdc9d9-ddb5-4fa4-a97d-d965ccfc6d4b" outcome="Passed" testListId="8c84fa94-04c1-424b-9868-57a2d4851a1d" relativeResultsDirectory="a6a43e58-a104-4304-8050-b0a6171400a5" />
    <UnitTestResult executionId="4f156283-0609-4b86-9493-a97fbfeeee76" testId="e5b93c93-857a-cdf9-0341-1a0dd042c5e9" testName="ReadXml_ShouldReadShapeContents_WhenShapeIsPresent" computerName="DKSR-EFI-06" duration="00:00:00.0027185" startTime="2024-01-09T15:45:44.8088878+01:00" endTime="2024-01-09T15:45:44.8118565+01:00" testType="13cdc9d9-ddb5-4fa4-a97d-d965ccfc6d4b" outcome="Passed" testListId="8c84fa94-04c1-424b-9868-57a2d4851a1d" relativeResultsDirectory="4f156283-0609-4b86-9493-a97fbfeeee76" />
    <UnitTestResult executionId="825fe8bf-066a-431c-a454-e6568f84e888" testId="a13f15c8-7c1b-75e6-115a-2f9c84e9fa5f" testName="GetCompatibilityHandler_ShouldReturnNonFips_WhenCallingPreFipsSystem" computerName="DKSR-EFI-06" duration="00:00:00.0017807" startTime="2024-01-09T15:45:46.1800748+01:00" endTime="2024-01-09T15:45:46.1820603+01:00" testType="13cdc9d9-ddb5-4fa4-a97d-d965ccfc6d4b" outcome="Passed" testListId="8c84fa94-04c1-424b-9868-57a2d4851a1d" relativeResultsDirectory="825fe8bf-066a-431c-a454-e6568f84e888" />
    <UnitTestResult executionId="677704c9-9ac8-4ed1-90b8-77610d125673" testId="7b7abe39-6582-946d-a290-7c10dfc90b2f" testName="Serialize_TestCases (TestParentTypeMatchIntNotThisTypeNotMatched)" computerName="DKSR-EFI-06" duration="00:00:00.0003383" startTime="2024-01-09T15:45:43.0073095+01:00" endTime="2024-01-09T15:45:43.0079458+01:00" testType="13cdc9d9-ddb5-4fa4-a97d-d965ccfc6d4b" outcome="Passed" testListId="8c84fa94-04c1-424b-9868-57a2d4851a1d" relativeResultsDirectory="677704c9-9ac8-4ed1-90b8-77610d125673" />
    <UnitTestResult executionId="e357d16c-a822-422b-9f65-7e5486d2d6f8" testId="c812ed1c-00bd-8faa-1362-480338c7edf0" testName="Apply_ShouldAddTranslateYCoordinatesToTopAndBottomAndTranslateXCoordinatesToLeftAndRight_WhenTranslateIsNotNull" computerName="DKSR-EFI-06" duration="00:00:00.0004882" startTime="2024-01-09T15:45:45.4496387+01:00" endTime="2024-01-09T15:45:45.4503248+01:00" testType="13cdc9d9-ddb5-4fa4-a97d-d965ccfc6d4b" outcome="Passed" testListId="8c84fa94-04c1-424b-9868-57a2d4851a1d" relativeResultsDirectory="e357d16c-a822-422b-9f65-7e5486d2d6f8" />
    <UnitTestResult executionId="263a0977-dff8-4911-bc32-9ef2a731cf91" testId="a17307f7-bfca-392d-97bb-4da7ab99cc40" testName="SearchResultData_RelatedItems_Success" computerName="DKSR-EFI-06" duration="00:00:00.0008221" startTime="2024-01-09T15:45:43.7771407+01:00" endTime="2024-01-09T15:45:43.7781681+01:00" testType="13cdc9d9-ddb5-4fa4-a97d-d965ccfc6d4b" outcome="Passed" testListId="8c84fa94-04c1-424b-9868-57a2d4851a1d" relativeResultsDirectory="263a0977-dff8-4911-bc32-9ef2a731cf91" />
    <UnitTestResult executionId="409ce7ef-7c55-40b3-ad0c-ab2ab243d28c" testId="687e8953-7e5d-f508-b1c0-23de14611310" testName="ReadXml_ShouldLogWarning_WhenClassCandidateIsNotValid" computerName="DKSR-EFI-06" duration="00:00:00.0015675" startTime="2024-01-09T15:45:45.3537335+01:00" endTime="2024-01-09T15:45:45.3555029+01:00" testType="13cdc9d9-ddb5-4fa4-a97d-d965ccfc6d4b" outcome="Passed" testListId="8c84fa94-04c1-424b-9868-57a2d4851a1d" relativeResultsDirectory="409ce7ef-7c55-40b3-ad0c-ab2ab243d28c" />
    <UnitTestResult executionId="9e0498cf-19b6-4f7c-b6aa-136cc4cdbde2" testId="97e7d06a-68e4-1586-9e4c-e6b41260549f" testName="AllAttributesWerePresent_ShouldReturnFalse_WhenRightAttributeIsMissing" computerName="DKSR-EFI-06" duration="00:00:00.0002752" startTime="2024-01-09T15:45:45.4328401+01:00" endTime="2024-01-09T15:45:45.4332888+01:00" testType="13cdc9d9-ddb5-4fa4-a97d-d965ccfc6d4b" outcome="Passed" testListId="8c84fa94-04c1-424b-9868-57a2d4851a1d" relativeResultsDirectory="9e0498cf-19b6-4f7c-b6aa-136cc4cdbde2" />
    <UnitTestResult executionId="1116211f-04ff-4937-9420-fdcf268e06cd" testId="bb7fb76c-e069-4fd0-bdf8-cc43e62b4ee4" testName="IsValidSelectionCallback_ReturnsTrue_ItemSelected" computerName="DKSR-EFI-06" duration="00:00:00.0009271" startTime="2024-01-09T15:45:40.6256520+01:00" endTime="2024-01-09T15:45:40.6267659+01:00" testType="13cdc9d9-ddb5-4fa4-a97d-d965ccfc6d4b" outcome="Passed" testListId="8c84fa94-04c1-424b-9868-57a2d4851a1d" relativeResultsDirectory="1116211f-04ff-4937-9420-fdcf268e06cd" />
    <UnitTestResult executionId="bdafb461-8a7f-4341-80bb-87d82250f276" testId="f08cfdea-d0f9-0ea6-0706-b620f15a9fb4" testName="AllAttributesWerePresent_ShouldReturnFalse_WhenLeftAttributeIsNotAFloat" computerName="DKSR-EFI-06" duration="00:00:00.0003005" startTime="2024-01-09T15:45:45.4316324+01:00" endTime="2024-01-09T15:45:45.4321164+01:00" testType="13cdc9d9-ddb5-4fa4-a97d-d965ccfc6d4b" outcome="Passed" testListId="8c84fa94-04c1-424b-9868-57a2d4851a1d" relativeResultsDirectory="bdafb461-8a7f-4341-80bb-87d82250f276" />
    <UnitTestResult executionId="d8376763-88b7-41dd-917e-bac9d669d4fb" testId="9f48d199-bab5-a916-f5d8-2312d1097b95" testName="Move_ShouldInvokeCallback_WhenObservable" computerName="DKSR-EFI-06" duration="00:00:00.0019548" startTime="2024-01-09T15:45:41.3143298+01:00" endTime="2024-01-09T15:45:41.3212830+01:00" testType="13cdc9d9-ddb5-4fa4-a97d-d965ccfc6d4b" outcome="Passed" testListId="8c84fa94-04c1-424b-9868-57a2d4851a1d" relativeResultsDirectory="d8376763-88b7-41dd-917e-bac9d669d4fb" />
    <UnitTestResult executionId="770a1f9b-18ee-4fae-a5e7-090ba11ff586" testId="4c802ea5-aa1d-d28e-7473-4c1c59889246" testName="GenerateParameters_ShouldOmitCodecList_WhenCodecSetIsEmpty" computerName="DKSR-EFI-06" duration="00:00:00.0002457" startTime="2024-01-09T15:45:46.3741070+01:00" endTime="2024-01-09T15:45:46.3745440+01:00" testType="13cdc9d9-ddb5-4fa4-a97d-d965ccfc6d4b" outcome="Passed" testListId="8c84fa94-04c1-424b-9868-57a2d4851a1d" relativeResultsDirectory="770a1f9b-18ee-4fae-a5e7-090ba11ff586" />
    <UnitTestResult executionId="e7b94093-be99-490c-bfac-1c926b8cd572" testId="f85011e7-aedc-f16d-4ec9-583569d1a8dd" testName="Enabled_Properties_With_Enable_False_success" computerName="DKSR-EFI-06" duration="00:00:00.0122425" startTime="2024-01-09T15:45:20.0152317+01:00" endTime="2024-01-09T15:45:20.0276890+01:00" testType="13cdc9d9-ddb5-4fa4-a97d-d965ccfc6d4b" outcome="Passed" testListId="8c84fa94-04c1-424b-9868-57a2d4851a1d" relativeResultsDirectory="e7b94093-be99-490c-bfac-1c926b8cd572" />
    <UnitTestResult executionId="bd25fb2c-7760-4f27-a826-d04595935cf5" testId="6fd6583b-6e84-0268-1f57-5ed2e7f07344" testName="Equals_ShouldHaveValueSemantics_WhenAlways" computerName="DKSR-EFI-06" duration="00:00:00.0012110" startTime="2024-01-09T15:45:45.3694668+01:00" endTime="2024-01-09T15:45:45.3708701+01:00" testType="13cdc9d9-ddb5-4fa4-a97d-d965ccfc6d4b" outcome="Passed" testListId="8c84fa94-04c1-424b-9868-57a2d4851a1d" relativeResultsDirectory="bd25fb2c-7760-4f27-a826-d04595935cf5" />
    <UnitTestResult executionId="b9e53abe-7d72-4c80-a7cb-161d8eb41f1a" testId="ab352261-f7fb-4de5-d0ab-b3696dc3f865" testName="WriteXml_ShouldWriteRemovedElementBeforeIdleElement_WhenBothAreSet" computerName="DKSR-EFI-06" duration="00:00:00.0003165" startTime="2024-01-09T15:45:44.9137971+01:00" endTime="2024-01-09T15:45:44.9142959+01:00" testType="13cdc9d9-ddb5-4fa4-a97d-d965ccfc6d4b" outcome="Passed" testListId="8c84fa94-04c1-424b-9868-57a2d4851a1d" relativeResultsDirectory="b9e53abe-7d72-4c80-a7cb-161d8eb41f1a" />
    <UnitTestResult executionId="d12c068e-76e5-4f92-8085-26cc9e995b93" testId="0928c4fd-5774-fb06-0445-b9d9e3756a8d" testName="WriteXml_ShouldWriteObjectIdAttribute_Always" computerName="DKSR-EFI-06" duration="00:00:00.0005068" startTime="2024-01-09T15:45:45.3926287+01:00" endTime="2024-01-09T15:45:45.3932967+01:00" testType="13cdc9d9-ddb5-4fa4-a97d-d965ccfc6d4b" outcome="Passed" testListId="8c84fa94-04c1-424b-9868-57a2d4851a1d" relativeResultsDirectory="d12c068e-76e5-4f92-8085-26cc9e995b93" />
    <UnitTestResult executionId="a02e05dd-8231-477e-bf0c-64dcafa39cbb" testId="187a3c1b-b8b9-e08a-2f65-c787e6bb630a" testName="AddFilterValue_NonExistingValue_FirstValue_Success" computerName="DKSR-EFI-06" duration="00:00:00.0225044" startTime="2024-01-09T15:45:43.2774859+01:00" endTime="2024-01-09T15:45:43.3003134+01:00" testType="13cdc9d9-ddb5-4fa4-a97d-d965ccfc6d4b" outcome="Passed" testListId="8c84fa94-04c1-424b-9868-57a2d4851a1d" relativeResultsDirectory="a02e05dd-8231-477e-bf0c-64dcafa39cbb" />
    <UnitTestResult executionId="842a39b0-ce2d-464d-8833-0f17b2253edb" testId="e4430911-be68-d9a0-a78d-87695990dd2b" testName="GetItem_Rule_Success" computerName="DKSR-EFI-06" duration="00:00:00.0064800" startTime="2024-01-09T15:45:44.6181140+01:00" endTime="2024-01-09T15:45:44.6248353+01:00" testType="13cdc9d9-ddb5-4fa4-a97d-d965ccfc6d4b" outcome="Passed" testListId="8c84fa94-04c1-424b-9868-57a2d4851a1d" relativeResultsDirectory="842a39b0-ce2d-464d-8833-0f17b2253edb" />
    <UnitTestResult executionId="36ff8c81-567c-43d1-8ce8-1c2e93998482" testId="e4e07f2b-adba-7b75-6902-9e3a9d332cfe" testName="CreateSearchFilterEditControl_PluginReturnsNull_ReturnsNull" computerName="DKSR-EFI-06" duration="00:00:00.0027717" startTime="2024-01-09T15:45:43.8553636+01:00" endTime="2024-01-09T15:45:43.8610230+01:00" testType="13cdc9d9-ddb5-4fa4-a97d-d965ccfc6d4b" outcome="Passed" testListId="8c84fa94-04c1-424b-9868-57a2d4851a1d" relativeResultsDirectory="36ff8c81-567c-43d1-8ce8-1c2e93998482" />
    <UnitTestResult executionId="1130802a-b872-49ee-a208-1462ad1534ae" testId="4a238ba0-fcc0-32ec-05c8-4cb7401b273a" testName="GetFilterValuesT_SingleValueAdded_ReturnsValue" computerName="DKSR-EFI-06" duration="00:00:00.0024903" startTime="2024-01-09T15:45:43.3577635+01:00" endTime="2024-01-09T15:45:43.3605837+01:00" testType="13cdc9d9-ddb5-4fa4-a97d-d965ccfc6d4b" outcome="Passed" testListId="8c84fa94-04c1-424b-9868-57a2d4851a1d" relativeResultsDirectory="1130802a-b872-49ee-a208-1462ad1534ae" />
    <UnitTestResult executionId="7a84c973-3c92-4386-b3ed-b43afacadfc9" testId="fbbc45ef-78b8-acb6-dc04-1e7a7f11e95a" testName="GetRelated_Success" computerName="DKSR-EFI-06" duration="00:00:00.0128676" startTime="2024-01-09T15:45:19.4498756+01:00" endTime="2024-01-09T15:45:19.4629620+01:00" testType="13cdc9d9-ddb5-4fa4-a97d-d965ccfc6d4b" outcome="Passed" testListId="8c84fa94-04c1-424b-9868-57a2d4851a1d" relativeResultsDirectory="7a84c973-3c92-4386-b3ed-b43afacadfc9" />
    <UnitTestResult executionId="926c6c87-a0ba-42cf-b17b-fcd21eeb75fe" testId="3487929c-15fb-a7da-5bec-346afcbec7da" testName="ReadXml_ShouldLogWarningTwiceWhenMoreThanOneMinuteBetweenWarnings_WhenBoundingBoxIsMissing" computerName="DKSR-EFI-06" duration="00:00:00.0027732" startTime="2024-01-09T15:45:45.5152938+01:00" endTime="2024-01-09T15:45:45.5182711+01:00" testType="13cdc9d9-ddb5-4fa4-a97d-d965ccfc6d4b" outcome="Passed" testListId="8c84fa94-04c1-424b-9868-57a2d4851a1d" relativeResultsDirectory="926c6c87-a0ba-42cf-b17b-fcd21eeb75fe" />
    <UnitTestResult executionId="e1be947d-4654-49fc-aa5a-d2e5ab8fa834" testId="93692a07-3a10-4489-765e-ef79d18cf4d4" testName="Equals_ShouldReturnTrue_WhenOnlyServerTypeIsDifferent" computerName="DKSR-EFI-06" duration="00:00:00.1784309" startTime="2024-01-09T15:45:20.2988104+01:00" endTime="2024-01-09T15:45:20.4776258+01:00" testType="13cdc9d9-ddb5-4fa4-a97d-d965ccfc6d4b" outcome="Passed" testListId="8c84fa94-04c1-424b-9868-57a2d4851a1d" relativeResultsDirectory="e1be947d-4654-49fc-aa5a-d2e5ab8fa834" />
    <UnitTestResult executionId="4cc36fe1-8d78-4825-8890-d13bbd257be0" testId="d7839ae1-9662-254a-edc4-21e217d972c9" testName="Peek_NonEmptyQueue_ReturnsItemButKeepsItInQueue" computerName="DKSR-EFI-06" duration="00:00:00.0003855" startTime="2024-01-09T15:45:32.5020422+01:00" endTime="2024-01-09T15:45:32.5026567+01:00" testType="13cdc9d9-ddb5-4fa4-a97d-d965ccfc6d4b" outcome="Passed" testListId="8c84fa94-04c1-424b-9868-57a2d4851a1d" relativeResultsDirectory="4cc36fe1-8d78-4825-8890-d13bbd257be0" />
    <UnitTestResult executionId="56e336b2-0592-466f-837f-98c4d4c9ca63" testId="e060b440-f3f0-8ff1-976f-fddc5cc26f62" testName="Decrypt_ShouldReturnInputAsIs" computerName="DKSR-EFI-06" duration="00:00:00.0004137" startTime="2024-01-09T15:45:46.1624941+01:00" endTime="2024-01-09T15:45:46.1630754+01:00" testType="13cdc9d9-ddb5-4fa4-a97d-d965ccfc6d4b" outcome="Passed" testListId="8c84fa94-04c1-424b-9868-57a2d4851a1d" relativeResultsDirectory="56e336b2-0592-466f-837f-98c4d4c9ca63" />
    <UnitTestResult executionId="b3d10d1b-2279-4e77-9743-343bc1d3939a" testId="8f17e532-4f0a-9dfe-05e8-c96d494622ac" testName="WriteXml_ShouldWriteXAttribute_WhenPresent" computerName="DKSR-EFI-06" duration="00:00:00.0006604" startTime="2024-01-09T15:45:45.0492352+01:00" endTime="2024-01-09T15:45:45.0501304+01:00" testType="13cdc9d9-ddb5-4fa4-a97d-d965ccfc6d4b" outcome="Passed" testListId="8c84fa94-04c1-424b-9868-57a2d4851a1d" relativeResultsDirectory="b3d10d1b-2279-4e77-9743-343bc1d3939a" />
    <UnitTestResult executionId="def17588-8107-4c22-a0e4-8bbf13eb6340" testId="9c4c3d7f-1c8d-9061-b840-609563af8ef3" testName="Populate_SearchTextSet_ItemsFound_True" computerName="DKSR-EFI-06" duration="00:00:00.0318152" startTime="2024-01-09T15:45:40.9934559+01:00" endTime="2024-01-09T15:45:41.0255214+01:00" testType="13cdc9d9-ddb5-4fa4-a97d-d965ccfc6d4b" outcome="Passed" testListId="8c84fa94-04c1-424b-9868-57a2d4851a1d" relativeResultsDirectory="def17588-8107-4c22-a0e4-8bbf13eb6340" />
    <UnitTestResult executionId="e2e56429-01d6-4388-9a15-b6189574c461" testId="21519acc-d56e-4959-c4c3-f48c7006fe27" testName="ReadXml_ShouldReadShape_WhenShapeIsPresent" computerName="DKSR-EFI-06" duration="00:00:00.0312516" startTime="2024-01-09T15:45:44.7765260+01:00" endTime="2024-01-09T15:45:44.8080097+01:00" testType="13cdc9d9-ddb5-4fa4-a97d-d965ccfc6d4b" outcome="Passed" testListId="8c84fa94-04c1-424b-9868-57a2d4851a1d" relativeResultsDirectory="e2e56429-01d6-4388-9a15-b6189574c461" />
    <UnitTestResult executionId="77dbe143-d87d-4706-9876-8526f0dd5650" testId="37b49210-15f4-b4b5-dcb1-b6b4bc4cb5a0" testName="Serialize_TestCases (Verify root Decimal property)" computerName="DKSR-EFI-06" duration="00:00:00.0017017" startTime="2024-01-09T15:45:42.9321173+01:00" endTime="2024-01-09T15:45:42.9341296+01:00" testType="13cdc9d9-ddb5-4fa4-a97d-d965ccfc6d4b" outcome="Passed" testListId="8c84fa94-04c1-424b-9868-57a2d4851a1d" relativeResultsDirectory="77dbe143-d87d-4706-9876-8526f0dd5650" />
    <UnitTestResult executionId="c02bd0c3-9d0b-4b8d-9c64-e7453a38846f" testId="e8468c0c-a545-5d16-c11f-86ec8e232404" testName="IsValid_ShouldReturnFalse_WhenTypeIsEmpty" computerName="DKSR-EFI-06" duration="00:00:00.0002775" startTime="2024-01-09T15:45:44.9229945+01:00" endTime="2024-01-09T15:45:44.9234605+01:00" testType="13cdc9d9-ddb5-4fa4-a97d-d965ccfc6d4b" outcome="Passed" testListId="8c84fa94-04c1-424b-9868-57a2d4851a1d" relativeResultsDirectory="c02bd0c3-9d0b-4b8d-9c64-e7453a38846f" />
    <UnitTestResult executionId="9a45a66c-95cb-4d05-a6e8-677aebcc76b2" testId="88c7ce2e-851c-95ac-24f9-c8ee7cf94eac" testName="TestMultiLevelQueue_ShuttingDownResourceProcessorEdgeCase_Success" computerName="DKSR-EFI-06" duration="00:00:01.4286911" startTime="2024-01-09T15:45:36.6062696+01:00" endTime="2024-01-09T15:45:38.0352995+01:00" testType="13cdc9d9-ddb5-4fa4-a97d-d965ccfc6d4b" outcome="Passed" testListId="8c84fa94-04c1-424b-9868-57a2d4851a1d" relativeResultsDirectory="9a45a66c-95cb-4d05-a6e8-677aebcc76b2" />
    <UnitTestResult executionId="90c204ec-5510-43c6-89a7-69c5f9517dff" testId="03f9a419-da0b-13cb-434c-e5eb4d3017d6" testName="GenerateParameters_ShouldWriteNumberOfMetadataDevicesAsMDStream_WhenAlways" computerName="DKSR-EFI-06" duration="00:00:00.0021465" startTime="2024-01-09T15:45:46.4608552+01:00" endTime="2024-01-09T15:45:46.4632018+01:00" testType="13cdc9d9-ddb5-4fa4-a97d-d965ccfc6d4b" outcome="Passed" testListId="8c84fa94-04c1-424b-9868-57a2d4851a1d" relativeResultsDirectory="90c204ec-5510-43c6-89a7-69c5f9517dff" />
    <UnitTestResult executionId="95059e9d-6fed-4524-a43f-b59e5315d60f" testId="11a66fc8-e44f-e614-4b59-2054ed6010ca" testName="ReadXml_ShouldReadType_WhenCorrectTypeIsPresent" computerName="DKSR-EFI-06" duration="00:00:00.0003273" startTime="2024-01-09T15:45:44.9465288+01:00" endTime="2024-01-09T15:45:44.9470480+01:00" testType="13cdc9d9-ddb5-4fa4-a97d-d965ccfc6d4b" outcome="Passed" testListId="8c84fa94-04c1-424b-9868-57a2d4851a1d" relativeResultsDirectory="95059e9d-6fed-4524-a43f-b59e5315d60f" />
    <UnitTestResult executionId="4d9cf6d4-71bd-4702-9d4c-9539c7bcc0b7" testId="25a2ab59-4e6b-8585-ad34-1909dafc5c3e" testName="CountByItems_Activated_CountByCounter_TrialExpired" computerName="DKSR-EFI-06" duration="00:00:00.0015607" startTime="2024-01-09T15:45:46.3497809+01:00" endTime="2024-01-09T15:45:46.3514854+01:00" testType="13cdc9d9-ddb5-4fa4-a97d-d965ccfc6d4b" outcome="Passed" testListId="8c84fa94-04c1-424b-9868-57a2d4851a1d" relativeResultsDirectory="4d9cf6d4-71bd-4702-9d4c-9539c7bcc0b7" />
    <UnitTestResult executionId="1db5eb42-b66c-40b0-a570-9337083eea13" testId="ea293987-3f38-3bb5-dd17-e36fb9072559" testName="Serialize_TestCases (TestParentTypeMatchObjectThisTypeNotMatchedProperty)" computerName="DKSR-EFI-06" duration="00:00:00.0005183" startTime="2024-01-09T15:45:43.0544150+01:00" endTime="2024-01-09T15:45:43.0552446+01:00" testType="13cdc9d9-ddb5-4fa4-a97d-d965ccfc6d4b" outcome="Passed" testListId="8c84fa94-04c1-424b-9868-57a2d4851a1d" relativeResultsDirectory="1db5eb42-b66c-40b0-a570-9337083eea13" />
    <UnitTestResult executionId="cad8dcdc-86ab-42af-946e-86819dd8b39f" testId="6633116a-6784-0109-c694-61b2317583e7" testName="GenerateDeviceCapabilityParameters_ShouldWriteValueCount_WhenAlways" computerName="DKSR-EFI-06" duration="00:00:00.0028683" startTime="2024-01-09T15:45:46.4291416+01:00" endTime="2024-01-09T15:45:46.4321330+01:00" testType="13cdc9d9-ddb5-4fa4-a97d-d965ccfc6d4b" outcome="Passed" testListId="8c84fa94-04c1-424b-9868-57a2d4851a1d" relativeResultsDirectory="cad8dcdc-86ab-42af-946e-86819dd8b39f" />
    <UnitTestResult executionId="4783d571-34cc-4bb3-8fbd-273969e58ba7" testId="feff974b-15e7-7bde-2e9a-7282257d799e" testName="GenerateDeviceCapabilityParameters_ShouldWriteDefault_WhenAlways" computerName="DKSR-EFI-06" duration="00:00:00.0008681" startTime="2024-01-09T15:45:46.4236608+01:00" endTime="2024-01-09T15:45:46.4247071+01:00" testType="13cdc9d9-ddb5-4fa4-a97d-d965ccfc6d4b" outcome="Passed" testListId="8c84fa94-04c1-424b-9868-57a2d4851a1d" relativeResultsDirectory="4783d571-34cc-4bb3-8fbd-273969e58ba7" />
    <UnitTestResult executionId="a5599365-75e5-49b3-8534-4624c848ddde" testId="275ba7bf-a42d-bd91-1c80-5f751e891033" testName="BuildShapeOverlayWidthHeightAlarm_ShouldReturnCorrectNumberOfShapes_WhenArgumentContainsNoObjectAndRule" computerName="DKSR-EFI-06" duration="00:00:00.0088878" startTime="2024-01-09T15:45:21.8558039+01:00" endTime="2024-01-09T15:45:22.0065139+01:00" testType="13cdc9d9-ddb5-4fa4-a97d-d965ccfc6d4b" outcome="Passed" testListId="8c84fa94-04c1-424b-9868-57a2d4851a1d" relativeResultsDirectory="a5599365-75e5-49b3-8534-4624c848ddde" />
    <UnitTestResult executionId="f37c400a-4062-4c89-b80f-c99face5e964" testId="6782d7fb-c6f1-9d5e-e21b-8e8665ae821d" testName="Get_KeyPresent_ReturnsExpectedValue" computerName="DKSR-EFI-06" duration="00:00:00.0003829" startTime="2024-01-09T15:45:32.5171976+01:00" endTime="2024-01-09T15:45:32.5177417+01:00" testType="13cdc9d9-ddb5-4fa4-a97d-d965ccfc6d4b" outcome="Passed" testListId="8c84fa94-04c1-424b-9868-57a2d4851a1d" relativeResultsDirectory="f37c400a-4062-4c89-b80f-c99face5e964" />
    <UnitTestResult executionId="68a73834-fc5e-42a4-bb27-faeb2af7e92e" testId="e36409e3-019e-24ac-3359-9d7af3a2aada" testName="MatchId_Fail_SingleMessage" computerName="DKSR-EFI-06" duration="00:00:00.0001665" startTime="2024-01-09T15:45:45.6610167+01:00" endTime="2024-01-09T15:45:45.6613072+01:00" testType="13cdc9d9-ddb5-4fa4-a97d-d965ccfc6d4b" outcome="Passed" testListId="8c84fa94-04c1-424b-9868-57a2d4851a1d" relativeResultsDirectory="68a73834-fc5e-42a4-bb27-faeb2af7e92e" />
    <UnitTestResult executionId="f06ec89f-fa9a-4bcd-939f-d9e7d797dda4" testId="a32877bc-9b7f-e906-c5f0-bd91b67c99a7" testName="WriteXml_ShouldWriteAllVideoAnalytics_WhenThereAreMultipleVideoAnalyticsItemsPresent" computerName="DKSR-EFI-06" duration="00:00:00.0003169" startTime="2024-01-09T15:45:45.2719574+01:00" endTime="2024-01-09T15:45:45.2724731+01:00" testType="13cdc9d9-ddb5-4fa4-a97d-d965ccfc6d4b" outcome="Passed" testListId="8c84fa94-04c1-424b-9868-57a2d4851a1d" relativeResultsDirectory="f06ec89f-fa9a-4bcd-939f-d9e7d797dda4" />
    <UnitTestResult executionId="fe066736-2803-4b41-a9e2-fbc5c3a16bdb" testId="e8ac92b2-fcd9-2dc0-f713-3c2cf3bb77c1" testName="GetPreviousDateTime_ShouldReturnLastDataEntityFromToolkit_WhenDataIsNotCached" computerName="DKSR-EFI-06" duration="00:00:00.0025636" startTime="2024-01-09T15:45:46.6928370+01:00" endTime="2024-01-09T15:45:46.6955777+01:00" testType="13cdc9d9-ddb5-4fa4-a97d-d965ccfc6d4b" outcome="Passed" testListId="8c84fa94-04c1-424b-9868-57a2d4851a1d" relativeResultsDirectory="fe066736-2803-4b41-a9e2-fbc5c3a16bdb" />
    <UnitTestResult executionId="d1a9bc2a-a65c-4cf9-85c6-e586eca35c15" testId="ebfe7877-f55a-fab7-3a7d-8cf9c4a15098" testName="TryParseArgbString_ShouldReturnFalse_WhenStringIsMissingStartHash" computerName="DKSR-EFI-06" duration="00:00:00.0001673" startTime="2024-01-09T15:45:44.9817721+01:00" endTime="2024-01-09T15:45:44.9821325+01:00" testType="13cdc9d9-ddb5-4fa4-a97d-d965ccfc6d4b" outcome="Passed" testListId="8c84fa94-04c1-424b-9868-57a2d4851a1d" relativeResultsDirectory="d1a9bc2a-a65c-4cf9-85c6-e586eca35c15" />
    <UnitTestResult executionId="601570c0-fa07-425d-addd-832a5d684f9d" testId="9b0e5cb1-f4f9-6c49-68ba-942303d83183" testName="ReadXml_ShouldReadFrame_WhenCorrectFrameIsPresent" computerName="DKSR-EFI-06" duration="00:00:00.0003693" startTime="2024-01-09T15:45:45.6367935+01:00" endTime="2024-01-09T15:45:45.6373268+01:00" testType="13cdc9d9-ddb5-4fa4-a97d-d965ccfc6d4b" outcome="Passed" testListId="8c84fa94-04c1-424b-9868-57a2d4851a1d" relativeResultsDirectory="601570c0-fa07-425d-addd-832a5d684f9d" />
    <UnitTestResult executionId="8e4072ca-7b23-4240-86ad-fd13df7d8705" testId="844dbd09-3e1b-ba6e-1295-725984dabbdb" testName="WriteXml_ShouldWriteAppearanceContents_WhenAppearanceIsNotNull" computerName="DKSR-EFI-06" duration="00:00:00.0008971" startTime="2024-01-09T15:45:45.3980783+01:00" endTime="2024-01-09T15:45:45.3991465+01:00" testType="13cdc9d9-ddb5-4fa4-a97d-d965ccfc6d4b" outcome="Passed" testListId="8c84fa94-04c1-424b-9868-57a2d4851a1d" relativeResultsDirectory="8e4072ca-7b23-4240-86ad-fd13df7d8705" />
    <UnitTestResult executionId="c214935d-22d1-4aaa-b443-a2baa551f997" testId="1e86b1ae-4010-c39e-71f3-3cc7adcf6881" testName="ObjectId_ShouldReturnConstructorValue_WhenSetInConstructor" computerName="DKSR-EFI-06" duration="00:00:00.0002120" startTime="2024-01-09T15:45:45.3729594+01:00" endTime="2024-01-09T15:45:45.3733535+01:00" testType="13cdc9d9-ddb5-4fa4-a97d-d965ccfc6d4b" outcome="Passed" testListId="8c84fa94-04c1-424b-9868-57a2d4851a1d" relativeResultsDirectory="c214935d-22d1-4aaa-b443-a2baa551f997" />
    <UnitTestResult executionId="9676527a-407a-43aa-ac5c-b2bc4d45137f" testId="023f7f43-765e-9b8d-a4fb-66ae949e5c24" testName="Clear_ShouldInvokeCallback_WhenObservable" computerName="DKSR-EFI-06" duration="00:00:00.0019499" startTime="2024-01-09T15:45:41.3390753+01:00" endTime="2024-01-09T15:45:41.4126329+01:00" testType="13cdc9d9-ddb5-4fa4-a97d-d965ccfc6d4b" outcome="Passed" testListId="8c84fa94-04c1-424b-9868-57a2d4851a1d" relativeResultsDirectory="9676527a-407a-43aa-ac5c-b2bc4d45137f" />
    <UnitTestResult executionId="8de28285-40ad-401f-9842-70f84dd989bb" testId="42fa9d5a-68c0-df47-5ee1-d61bde48031d" testName="ReadXml_ShouldReadLongitude_WhenLongitudeIsPresent" computerName="DKSR-EFI-06" duration="00:00:00.0002542" startTime="2024-01-09T15:45:45.3205212+01:00" endTime="2024-01-09T15:45:45.3209483+01:00" testType="13cdc9d9-ddb5-4fa4-a97d-d965ccfc6d4b" outcome="Passed" testListId="8c84fa94-04c1-424b-9868-57a2d4851a1d" relativeResultsDirectory="8de28285-40ad-401f-9842-70f84dd989bb" />
    <UnitTestResult executionId="a920af96-e4f8-4015-8101-d9fe03ac50fe" testId="767615e3-cdb1-aa5f-9362-efecd9d93490" testName="Serialize_TestCases (Verify root Collection (empty) property)" computerName="DKSR-EFI-06" duration="00:00:00.0001692" startTime="2024-01-09T15:45:42.9511531+01:00" endTime="2024-01-09T15:45:42.9516148+01:00" testType="13cdc9d9-ddb5-4fa4-a97d-d965ccfc6d4b" outcome="Passed" testListId="8c84fa94-04c1-424b-9868-57a2d4851a1d" relativeResultsDirectory="a920af96-e4f8-4015-8101-d9fe03ac50fe" />
    <UnitTestResult executionId="57b77fcd-c15d-4694-b8c5-8e36ef8c0fd9" testId="4869fcc0-9c89-53f1-f0e6-6ac4c4ca00cc" testName="GetItems_ShouldReturnList_WhenAllAdded" computerName="DKSR-EFI-06" duration="00:00:00.0005593" startTime="2024-01-09T15:45:22.1748132+01:00" endTime="2024-01-09T15:45:22.1755378+01:00" testType="13cdc9d9-ddb5-4fa4-a97d-d965ccfc6d4b" outcome="Passed" testListId="8c84fa94-04c1-424b-9868-57a2d4851a1d" relativeResultsDirectory="57b77fcd-c15d-4694-b8c5-8e36ef8c0fd9" />
    <UnitTestResult executionId="11adc859-3abf-4947-a92c-b9c82e225eb8" testId="a0b09ab1-22b3-e8a0-7021-5f5ed2380424" testName="Equals_ShouldHaveValueSemantics_WhenAlways" computerName="DKSR-EFI-06" duration="00:00:00.0003456" startTime="2024-01-09T15:45:45.4654456+01:00" endTime="2024-01-09T15:45:45.4659537+01:00" testType="13cdc9d9-ddb5-4fa4-a97d-d965ccfc6d4b" outcome="Passed" testListId="8c84fa94-04c1-424b-9868-57a2d4851a1d" relativeResultsDirectory="11adc859-3abf-4947-a92c-b9c82e225eb8" />
    <UnitTestResult executionId="92212a07-91bf-41cd-8217-6b97a268a0e2" testId="dc042fe4-506a-6277-bf5c-9f1d13854fc7" testName="ReadXml_ShouldIgnoreUnknownChildren_WhenUnknownChildrenArePresent" computerName="DKSR-EFI-06" duration="00:00:00.0035050" startTime="2024-01-09T15:45:44.9365486+01:00" endTime="2024-01-09T15:45:44.9402522+01:00" testType="13cdc9d9-ddb5-4fa4-a97d-d965ccfc6d4b" outcome="Passed" testListId="8c84fa94-04c1-424b-9868-57a2d4851a1d" relativeResultsDirectory="92212a07-91bf-41cd-8217-6b97a268a0e2" />
    <UnitTestResult executionId="b4866b08-d119-4108-bf4a-7de7fd851409" testId="231eb201-5943-be12-8406-5e91b55ea0f9" testName="SetEvents_ShouldNotAddProxyManager_WhenFrameworkElementIsNotLoaded" computerName="DKSR-EFI-06" duration="00:00:00.0074113" startTime="2024-01-09T15:45:43.1471829+01:00" endTime="2024-01-09T15:45:43.1710703+01:00" testType="13cdc9d9-ddb5-4fa4-a97d-d965ccfc6d4b" outcome="Passed" testListId="8c84fa94-04c1-424b-9868-57a2d4851a1d" relativeResultsDirectory="b4866b08-d119-4108-bf4a-7de7fd851409" />
    <UnitTestResult executionId="1ffcc1b2-7bc1-43bc-9f6a-f52e6c755fc2" testId="0e3b0f34-8ab7-ccb2-ed1a-7de6e3e165c5" testName="ClearFilterValues_MultipleValuesPresent_Success" computerName="DKSR-EFI-06" duration="00:00:00.0039646" startTime="2024-01-09T15:45:43.3352787+01:00" endTime="2024-01-09T15:45:43.3394822+01:00" testType="13cdc9d9-ddb5-4fa4-a97d-d965ccfc6d4b" outcome="Passed" testListId="8c84fa94-04c1-424b-9868-57a2d4851a1d" relativeResultsDirectory="1ffcc1b2-7bc1-43bc-9f6a-f52e6c755fc2" />
    <UnitTestResult executionId="2ee055ce-9ae7-4030-a56a-cf7fff927dc0" testId="7c25e9d9-71c3-90cd-d0cc-85e1e58efd6b" testName="GetPropertiesAsync_SingleInvocation_DelegatedToInternalMethod" computerName="DKSR-EFI-06" duration="00:00:00.0063607" startTime="2024-01-09T15:45:43.7022884+01:00" endTime="2024-01-09T15:45:43.7092503+01:00" testType="13cdc9d9-ddb5-4fa4-a97d-d965ccfc6d4b" outcome="Passed" testListId="8c84fa94-04c1-424b-9868-57a2d4851a1d" relativeResultsDirectory="2ee055ce-9ae7-4030-a56a-cf7fff927dc0" />
    <UnitTestResult executionId="db40d4d7-5fcd-449c-be0c-afd405ad3dff" testId="c9591e10-6b0d-3789-a42b-e1f4d40f2de0" testName="Convert_SingleArgumentConverter_ShouldThrowArgumentException_WhenArgumentTypeMismatch" computerName="DKSR-EFI-06" duration="00:00:00.0008325" startTime="2024-01-09T15:45:41.1003869+01:00" endTime="2024-01-09T15:45:41.1014500+01:00" testType="13cdc9d9-ddb5-4fa4-a97d-d965ccfc6d4b" outcome="Passed" testListId="8c84fa94-04c1-424b-9868-57a2d4851a1d" relativeResultsDirectory="db40d4d7-5fcd-449c-be0c-afd405ad3dff" />
    <UnitTestResult executionId="331ca36d-a175-4cd5-9d47-46d0663d9d04" testId="21a0d29c-e94f-b292-af3e-a395eaa62ce5" testName="GetParent_OfPreset_Check" computerName="DKSR-EFI-06" duration="00:00:00.0265282" startTime="2024-01-09T15:45:19.2449287+01:00" endTime="2024-01-09T15:45:19.2716909+01:00" testType="13cdc9d9-ddb5-4fa4-a97d-d965ccfc6d4b" outcome="Passed" testListId="8c84fa94-04c1-424b-9868-57a2d4851a1d" relativeResultsDirectory="331ca36d-a175-4cd5-9d47-46d0663d9d04" />
    <UnitTestResult executionId="4c0d1511-87fc-4a1b-bc3d-709d387975b2" testId="c5df7b24-5576-61ff-2c2f-8ef0272c7cb0" testName="GetPrevious_ShouldReturnNull_WhenCacheIsEmpty" computerName="DKSR-EFI-06" duration="00:00:00.0006032" startTime="2024-01-09T15:45:46.4940133+01:00" endTime="2024-01-09T15:45:46.4948200+01:00" testType="13cdc9d9-ddb5-4fa4-a97d-d965ccfc6d4b" outcome="Passed" testListId="8c84fa94-04c1-424b-9868-57a2d4851a1d" relativeResultsDirectory="4c0d1511-87fc-4a1b-bc3d-709d387975b2" />
    <UnitTestResult executionId="32226745-99fa-4fe5-b384-66f7b29bad00" testId="e752bd23-b6f4-f8a1-41d2-4686827d5d3c" testName="ReadXml_ShouldReadLikeliHood_WhenCorrectLikelihoodIsPresent" computerName="DKSR-EFI-06" duration="00:00:00.0003296" startTime="2024-01-09T15:45:44.9477983+01:00" endTime="2024-01-09T15:45:44.9483142+01:00" testType="13cdc9d9-ddb5-4fa4-a97d-d965ccfc6d4b" outcome="Passed" testListId="8c84fa94-04c1-424b-9868-57a2d4851a1d" relativeResultsDirectory="32226745-99fa-4fe5-b384-66f7b29bad00" />
    <UnitTestResult executionId="a47a827b-47da-4827-80cb-0f20c33f8ece" testId="3f36873b-eeee-f47e-801c-1028988ff18d" testName="Parse_Int_ValidEnd_NoWhiteSpace" computerName="DKSR-EFI-06" duration="00:00:00.0002818" startTime="2024-01-09T15:45:44.4983568+01:00" endTime="2024-01-09T15:45:44.4988194+01:00" testType="13cdc9d9-ddb5-4fa4-a97d-d965ccfc6d4b" outcome="Passed" testListId="8c84fa94-04c1-424b-9868-57a2d4851a1d" relativeResultsDirectory="a47a827b-47da-4827-80cb-0f20c33f8ece" />
    <UnitTestResult executionId="d1255074-fb64-4ed4-b7b2-64fb16b87378" testId="5d644acb-4f60-31db-754d-a101236e8d7f" testName="WriteXml_ShouldOmitElements_WhenDataIsNotPresent" computerName="DKSR-EFI-06" duration="00:00:00.0002365" startTime="2024-01-09T15:45:45.3939509+01:00" endTime="2024-01-09T15:45:45.3943444+01:00" testType="13cdc9d9-ddb5-4fa4-a97d-d965ccfc6d4b" outcome="Passed" testListId="8c84fa94-04c1-424b-9868-57a2d4851a1d" relativeResultsDirectory="d1255074-fb64-4ed4-b7b2-64fb16b87378" />
    <UnitTestResult executionId="22a3ea86-a61e-4ca0-b06d-25bd1a3232bd" testId="a3d1fe6d-f6a5-f28a-ba65-630894318089" testName="CountByItems_Activated_CountByCounter_Grace1" computerName="DKSR-EFI-06" duration="00:00:00.0014192" startTime="2024-01-09T15:45:46.3373101+01:00" endTime="2024-01-09T15:45:46.3389041+01:00" testType="13cdc9d9-ddb5-4fa4-a97d-d965ccfc6d4b" outcome="Passed" testListId="8c84fa94-04c1-424b-9868-57a2d4851a1d" relativeResultsDirectory="22a3ea86-a61e-4ca0-b06d-25bd1a3232bd" />
    <UnitTestResult executionId="871aea09-65ca-4437-b4e2-cfd19f81ad56" testId="b10c5cfd-13d5-732d-40b9-1c8a8f0d6512" testName="ReadXml_ShouldSetAllPropertiesToFalse_WhenElementIsEmpty" computerName="DKSR-EFI-06" duration="00:00:00.0010419" startTime="2024-01-09T15:45:44.8916664+01:00" endTime="2024-01-09T15:45:44.8928922+01:00" testType="13cdc9d9-ddb5-4fa4-a97d-d965ccfc6d4b" outcome="Passed" testListId="8c84fa94-04c1-424b-9868-57a2d4851a1d" relativeResultsDirectory="871aea09-65ca-4437-b4e2-cfd19f81ad56" />
    <UnitTestResult executionId="606c6caf-12f0-40bf-9f26-5992cbdaa7a6" testId="d03b0ad6-ed13-8489-09d1-2543f3053eff" testName="GetPropertiesAsync_ClearCachedData_DelegatedToInternalMethodTwice" computerName="DKSR-EFI-06" duration="00:00:00.0014840" startTime="2024-01-09T15:45:43.7220310+01:00" endTime="2024-01-09T15:45:43.7237629+01:00" testType="13cdc9d9-ddb5-4fa4-a97d-d965ccfc6d4b" outcome="Passed" testListId="8c84fa94-04c1-424b-9868-57a2d4851a1d" relativeResultsDirectory="606c6caf-12f0-40bf-9f26-5992cbdaa7a6" />
    <UnitTestResult executionId="59a3fb08-57a0-465d-bb58-eabc50015df5" testId="cb701829-9c23-dcf0-e438-8208a51f3dd4" testName="GenerateParameters_ShouldWriteCodecListWithAllGivenCodecs_WhenCodecSetHasEntries" computerName="DKSR-EFI-06" duration="00:00:00.0030173" startTime="2024-01-09T15:45:46.3794604+01:00" endTime="2024-01-09T15:45:46.3826722+01:00" testType="13cdc9d9-ddb5-4fa4-a97d-d965ccfc6d4b" outcome="Passed" testListId="8c84fa94-04c1-424b-9868-57a2d4851a1d" relativeResultsDirectory="59a3fb08-57a0-465d-bb58-eabc50015df5" />
    <UnitTestResult executionId="16c71b55-60cd-45e6-afaf-5856c33138ae" testId="4f18dfe5-cbdb-3f59-ec1a-7c24c2cc1db1" testName="RemoveFilterValue_OnlyValue_Success" computerName="DKSR-EFI-06" duration="00:00:00.0048315" startTime="2024-01-09T15:45:43.3217021+01:00" endTime="2024-01-09T15:45:43.3267943+01:00" testType="13cdc9d9-ddb5-4fa4-a97d-d965ccfc6d4b" outcome="Passed" testListId="8c84fa94-04c1-424b-9868-57a2d4851a1d" relativeResultsDirectory="16c71b55-60cd-45e6-afaf-5856c33138ae" />
    <UnitTestResult executionId="ef495972-b0eb-460e-b3f2-ab0f0d43d8f7" testId="773f1d7a-65a5-fa09-a454-1d73dbdebf1c" testName="GenerateParameters_ShouldCallGenerateDeviceParametersWithCorrectPrefix_WhenThereAreMetadataDevices" computerName="DKSR-EFI-06" duration="00:00:00.0020765" startTime="2024-01-09T15:45:46.4702826+01:00" endTime="2024-01-09T15:45:46.4725640+01:00" testType="13cdc9d9-ddb5-4fa4-a97d-d965ccfc6d4b" outcome="Passed" testListId="8c84fa94-04c1-424b-9868-57a2d4851a1d" relativeResultsDirectory="ef495972-b0eb-460e-b3f2-ab0f0d43d8f7" />
    <UnitTestResult executionId="b74485a5-b0b3-4642-9b60-92601cbdd3b9" testId="fa8bb00a-1c98-6705-265a-18f2594a72d7" testName="Serialize_TestCases (TestParentTypeMatchInterfaceNotThisTypeMatchedProperty)" computerName="DKSR-EFI-06" duration="00:00:00.0006163" startTime="2024-01-09T15:45:43.0879264+01:00" endTime="2024-01-09T15:45:43.0888240+01:00" testType="13cdc9d9-ddb5-4fa4-a97d-d965ccfc6d4b" outcome="Passed" testListId="8c84fa94-04c1-424b-9868-57a2d4851a1d" relativeResultsDirectory="b74485a5-b0b3-4642-9b60-92601cbdd3b9" />
    <UnitTestResult executionId="10b6e45f-ff2c-464b-8992-64a5c44a69e8" testId="f66cd845-32f8-8293-9ecc-cb3301f62262" testName="ReadXml_ShouldSetIsIdle_WhenIdleElementIsPresentWithCorrectNamespace" computerName="DKSR-EFI-06" duration="00:00:00.0002126" startTime="2024-01-09T15:45:44.8961637+01:00" endTime="2024-01-09T15:45:44.8965468+01:00" testType="13cdc9d9-ddb5-4fa4-a97d-d965ccfc6d4b" outcome="Passed" testListId="8c84fa94-04c1-424b-9868-57a2d4851a1d" relativeResultsDirectory="10b6e45f-ff2c-464b-8992-64a5c44a69e8" />
    <UnitTestResult executionId="2e765483-f349-4f86-99fc-631d1ee9f115" testId="39e900e7-994b-131a-bce2-a45a9207a809" testName="ProvideValue_ShouldUseCompleteDataContextAsContent_WhenItemDataPropertyNameIsNotSet" computerName="DKSR-EFI-06" duration="00:00:00.2118550" startTime="2024-01-09T15:45:41.6035532+01:00" endTime="2024-01-09T15:45:41.8671968+01:00" testType="13cdc9d9-ddb5-4fa4-a97d-d965ccfc6d4b" outcome="Passed" testListId="8c84fa94-04c1-424b-9868-57a2d4851a1d" relativeResultsDirectory="2e765483-f349-4f86-99fc-631d1ee9f115" />
    <UnitTestResult executionId="53a3d1be-f64f-4a58-a193-6300105b8f02" testId="3dddadb3-73e5-0530-cc2f-efb35c37fd4b" testName="AllAttributesWerePresent_ShouldReturnFalse_WhenXAttributeIsNotAFloat" computerName="DKSR-EFI-06" duration="00:00:00.0002775" startTime="2024-01-09T15:45:45.6156881+01:00" endTime="2024-01-09T15:45:45.6161256+01:00" testType="13cdc9d9-ddb5-4fa4-a97d-d965ccfc6d4b" outcome="Passed" testListId="8c84fa94-04c1-424b-9868-57a2d4851a1d" relativeResultsDirectory="53a3d1be-f64f-4a58-a193-6300105b8f02" />
    <UnitTestResult executionId="b1beed3c-6d55-462e-8d01-d7dd8b5961bd" testId="f7a1083e-5a21-1e01-c13b-18623a6702d9" testName="ReadXml_ShouldReadDescription_WhenDescriptionIsPresent" computerName="DKSR-EFI-06" duration="00:00:00.0028701" startTime="2024-01-09T15:45:44.8463378+01:00" endTime="2024-01-09T15:45:44.8494142+01:00" testType="13cdc9d9-ddb5-4fa4-a97d-d965ccfc6d4b" outcome="Passed" testListId="8c84fa94-04c1-424b-9868-57a2d4851a1d" relativeResultsDirectory="b1beed3c-6d55-462e-8d01-d7dd8b5961bd" />
    <UnitTestResult executionId="4d7e54f6-a9b0-4653-b6da-4677d5919843" testId="09fa2387-002a-88c8-0b1c-134e9e315493" testName="GetIdFromPath_ShouldReturnNull_FromIncorrectPath" computerName="DKSR-EFI-06" duration="00:00:00.0001702" startTime="2024-01-09T15:45:46.8264788+01:00" endTime="2024-01-09T15:45:46.8268066+01:00" testType="13cdc9d9-ddb5-4fa4-a97d-d965ccfc6d4b" outcome="Passed" testListId="8c84fa94-04c1-424b-9868-57a2d4851a1d" relativeResultsDirectory="4d7e54f6-a9b0-4653-b6da-4677d5919843" />
    <UnitTestResult executionId="0d55cc23-5c0c-46a1-9aef-43140f9d3ca7" testId="42e8385e-9428-8ed0-dceb-a1eac93d91de" testName="Equals_ShouldReturnTrue_WhenHostIsTextualLocalhostAndOtherHostIsDottedDecimalThisNetwork" computerName="DKSR-EFI-06" duration="00:00:00.0003580" startTime="2024-01-09T15:45:20.5093348+01:00" endTime="2024-01-09T15:45:20.5098949+01:00" testType="13cdc9d9-ddb5-4fa4-a97d-d965ccfc6d4b" outcome="Passed" testListId="8c84fa94-04c1-424b-9868-57a2d4851a1d" relativeResultsDirectory="0d55cc23-5c0c-46a1-9aef-43140f9d3ca7" />
    <UnitTestResult executionId="94c8534f-7247-448c-ac49-3e8b61bc9848" testId="bd62b9df-9183-e39d-353c-d0a2ca44c2da" testName="Equals_IgnoreFolderType_Fail_OnKind" computerName="DKSR-EFI-06" duration="00:00:00.0003635" startTime="2024-01-09T15:45:18.6528786+01:00" endTime="2024-01-09T15:45:18.6533351+01:00" testType="13cdc9d9-ddb5-4fa4-a97d-d965ccfc6d4b" outcome="Passed" testListId="8c84fa94-04c1-424b-9868-57a2d4851a1d" relativeResultsDirectory="94c8534f-7247-448c-ac49-3e8b61bc9848" />
    <UnitTestResult executionId="5801e7d3-0573-4174-9a1e-2b1bab329c43" testId="65d8beb9-d4b1-7128-2631-5520f6c0ed58" testName="TestCancelSearch_Success" computerName="DKSR-EFI-06" duration="00:00:00.0053219" startTime="2024-01-09T15:45:43.6725058+01:00" endTime="2024-01-09T15:45:43.6780418+01:00" testType="13cdc9d9-ddb5-4fa4-a97d-d965ccfc6d4b" outcome="Passed" testListId="8c84fa94-04c1-424b-9868-57a2d4851a1d" relativeResultsDirectory="5801e7d3-0573-4174-9a1e-2b1bab329c43" />
    <UnitTestResult executionId="6ce45d10-0458-4689-a683-4f59848841f2" testId="ab22d2fd-ea64-f65a-96ca-e707567c9b67" testName="Construct6_And_Field_Check" computerName="DKSR-EFI-06" duration="00:00:00.0112440" startTime="2024-01-09T15:45:19.1542653+01:00" endTime="2024-01-09T15:45:19.1657211+01:00" testType="13cdc9d9-ddb5-4fa4-a97d-d965ccfc6d4b" outcome="Passed" testListId="8c84fa94-04c1-424b-9868-57a2d4851a1d" relativeResultsDirectory="6ce45d10-0458-4689-a683-4f59848841f2" />
    <UnitTestResult executionId="37bdaf78-164a-4ca2-a2b4-b384aa5f5bc8" testId="d131d3ee-68f2-b781-805c-3d38a16bf8a5" testName="BeginTimeShouldReturnConstructorParameter" computerName="DKSR-EFI-06" duration="00:00:00.0005309" startTime="2024-01-09T15:45:46.1531302+01:00" endTime="2024-01-09T15:45:46.1538604+01:00" testType="13cdc9d9-ddb5-4fa4-a97d-d965ccfc6d4b" outcome="Passed" testListId="8c84fa94-04c1-424b-9868-57a2d4851a1d" relativeResultsDirectory="37bdaf78-164a-4ca2-a2b4-b384aa5f5bc8" />
    <UnitTestResult executionId="e9a0d93a-2517-45f0-9faf-24bfd2140fe4" testId="8f3b8a17-8863-f4c3-5425-91ed08db45b8" testName="IsCriteriaAccepted_ValidItem_True" computerName="DKSR-EFI-06" duration="00:00:00.0009143" startTime="2024-01-09T15:45:40.6114239+01:00" endTime="2024-01-09T15:45:40.6125108+01:00" testType="13cdc9d9-ddb5-4fa4-a97d-d965ccfc6d4b" outcome="Passed" testListId="8c84fa94-04c1-424b-9868-57a2d4851a1d" relativeResultsDirectory="e9a0d93a-2517-45f0-9faf-24bfd2140fe4" />
    <UnitTestResult executionId="686785bc-5422-48b4-931f-8cb0287b54c4" testId="4659fd71-0ee0-a506-0553-a81ccc9c9c0b" testName="AllAttributesWerePresent_ShouldReturnFalse_WhenBottomAttributeIsMissing" computerName="DKSR-EFI-06" duration="00:00:00.0003174" startTime="2024-01-09T15:45:45.4278701+01:00" endTime="2024-01-09T15:45:45.4283780+01:00" testType="13cdc9d9-ddb5-4fa4-a97d-d965ccfc6d4b" outcome="Passed" testListId="8c84fa94-04c1-424b-9868-57a2d4851a1d" relativeResultsDirectory="686785bc-5422-48b4-931f-8cb0287b54c4" />
    <UnitTestResult executionId="21d6cbab-bf6b-4ccb-b553-75d74036745d" testId="804c2963-7737-e632-84f9-347e567fabca" testName="AddFilterValue_NonExistingValue_SecondValue_Success" computerName="DKSR-EFI-06" duration="00:00:00.0042167" startTime="2024-01-09T15:45:43.3012021+01:00" endTime="2024-01-09T15:45:43.3056823+01:00" testType="13cdc9d9-ddb5-4fa4-a97d-d965ccfc6d4b" outcome="Passed" testListId="8c84fa94-04c1-424b-9868-57a2d4851a1d" relativeResultsDirectory="21d6cbab-bf6b-4ccb-b553-75d74036745d" />
    <UnitTestResult executionId="95425851-ca61-4ff1-8ff2-0f19dfdb7925" testId="40d07a9e-35f0-7d7b-e40e-ceb656623def" testName="Remove_KeyPresent_ReturnsTrueAndGetReturnsNullAndPostRemovalActionExecuted" computerName="DKSR-EFI-06" duration="00:00:00.0005366" startTime="2024-01-09T15:45:32.5272887+01:00" endTime="2024-01-09T15:45:32.5279571+01:00" testType="13cdc9d9-ddb5-4fa4-a97d-d965ccfc6d4b" outcome="Passed" testListId="8c84fa94-04c1-424b-9868-57a2d4851a1d" relativeResultsDirectory="95425851-ca61-4ff1-8ff2-0f19dfdb7925" />
    <UnitTestResult executionId="74660ba9-1c1e-479b-9677-43346b44bfd9" testId="6faa7eef-7d9f-75d0-2df6-09e7531ab536" testName="CreateAlarmFromEvent_ShouldReturnProperAlarm_WhenArgumentIsEventData" computerName="DKSR-EFI-06" duration="00:00:00.2707402" startTime="2024-01-09T15:45:20.5172675+01:00" endTime="2024-01-09T15:45:20.7882190+01:00" testType="13cdc9d9-ddb5-4fa4-a97d-d965ccfc6d4b" outcome="Passed" testListId="8c84fa94-04c1-424b-9868-57a2d4851a1d" relativeResultsDirectory="74660ba9-1c1e-479b-9677-43346b44bfd9" />
    <UnitTestResult executionId="87c8dd8c-1b21-4aee-b6c9-b71b6c03b82a" testId="ddb2b30a-7c8f-3eac-d6a3-efc6f41e2e1f" testName="Remove_QueueStopping_Success" computerName="DKSR-EFI-06" duration="00:00:00.0002487" startTime="2024-01-09T15:45:32.5046438+01:00" endTime="2024-01-09T15:45:32.5050223+01:00" testType="13cdc9d9-ddb5-4fa4-a97d-d965ccfc6d4b" outcome="Passed" testListId="8c84fa94-04c1-424b-9868-57a2d4851a1d" relativeResultsDirectory="87c8dd8c-1b21-4aee-b6c9-b71b6c03b82a" />
    <UnitTestResult executionId="1cc44fae-06bb-47b0-8395-ce5098075d34" testId="b5ae8819-8b54-7370-da1b-0cdd20d995d0" testName="WriteXml_ShouldWriteAppearanceElement_WhenAppearanceIsNotNull" computerName="DKSR-EFI-06" duration="00:00:00.0009670" startTime="2024-01-09T15:45:45.3949949+01:00" endTime="2024-01-09T15:45:45.3961207+01:00" testType="13cdc9d9-ddb5-4fa4-a97d-d965ccfc6d4b" outcome="Passed" testListId="8c84fa94-04c1-424b-9868-57a2d4851a1d" relativeResultsDirectory="1cc44fae-06bb-47b0-8395-ce5098075d34" />
    <UnitTestResult executionId="f331488d-e12c-4e8e-bc6b-78374efc09c4" testId="b2084567-8ae7-460a-7a14-d46cd175ecb8" testName="Serialize_TestCases (TestParentTypeMatchDoubleNotThisTypeMatched)" computerName="DKSR-EFI-06" duration="00:00:00.0003021" startTime="2024-01-09T15:45:43.0116698+01:00" endTime="2024-01-09T15:45:43.0122655+01:00" testType="13cdc9d9-ddb5-4fa4-a97d-d965ccfc6d4b" outcome="Passed" testListId="8c84fa94-04c1-424b-9868-57a2d4851a1d" relativeResultsDirectory="f331488d-e12c-4e8e-bc6b-78374efc09c4" />
    <UnitTestResult executionId="55325386-a1f4-4483-8184-b74095ec47ee" testId="007025e6-ced6-33f5-d735-a3864e2b7add" testName="GetMetadataString_ShouldReturnConstructorByteArrayParameter_AsUtf8DecodedString" computerName="DKSR-EFI-06" duration="00:00:00.0005527" startTime="2024-01-09T15:45:45.1397368+01:00" endTime="2024-01-09T15:45:45.1405089+01:00" testType="13cdc9d9-ddb5-4fa4-a97d-d965ccfc6d4b" outcome="Passed" testListId="8c84fa94-04c1-424b-9868-57a2d4851a1d" relativeResultsDirectory="55325386-a1f4-4483-8184-b74095ec47ee" />
    <UnitTestResult executionId="33aab319-1abd-45b6-a11c-38d22498e546" testId="1fc86256-4383-79f5-2623-3a4a27ec4fd7" testName="FlushAll_ShouldClearCache" computerName="DKSR-EFI-06" duration="00:00:00.0007918" startTime="2024-01-09T15:45:22.1834646+01:00" endTime="2024-01-09T15:45:22.1843751+01:00" testType="13cdc9d9-ddb5-4fa4-a97d-d965ccfc6d4b" outcome="Passed" testListId="8c84fa94-04c1-424b-9868-57a2d4851a1d" relativeResultsDirectory="33aab319-1abd-45b6-a11c-38d22498e546" />
    <UnitTestResult executionId="d78759c0-31e0-47ca-99c8-1974a555bcb8" testId="ddb5c0d8-d96d-641b-981f-700b89499855" testName="GetParent_NoParent_Check" computerName="DKSR-EFI-06" duration="00:00:00.0221565" startTime="2024-01-09T15:45:19.2217695+01:00" endTime="2024-01-09T15:45:19.2441610+01:00" testType="13cdc9d9-ddb5-4fa4-a97d-d965ccfc6d4b" outcome="Passed" testListId="8c84fa94-04c1-424b-9868-57a2d4851a1d" relativeResultsDirectory="d78759c0-31e0-47ca-99c8-1974a555bcb8" />
    <UnitTestResult executionId="3e1a4be8-2a2d-4650-82f8-bbf8136eb16d" testId="c4d26256-1744-c2d0-2a14-fe21640d4fe1" testName="GetNext_ShouldReturnNull_WhenCacheHasJustBenLoadedWithNewData" computerName="DKSR-EFI-06" duration="00:00:00.0004917" startTime="2024-01-09T15:45:46.5156924+01:00" endTime="2024-01-09T15:45:46.5164413+01:00" testType="13cdc9d9-ddb5-4fa4-a97d-d965ccfc6d4b" outcome="Passed" testListId="8c84fa94-04c1-424b-9868-57a2d4851a1d" relativeResultsDirectory="3e1a4be8-2a2d-4650-82f8-bbf8136eb16d" />
    <UnitTestResult executionId="a7f3b811-4fdf-4087-b3c1-3b2c59ab49df" testId="702f283c-acf3-b66b-da58-6b428c67206f" testName="ReadXml_ShouldLogWarning_WhenFrameDidNotReadUtcTime" computerName="DKSR-EFI-06" duration="00:00:00.0014356" startTime="2024-01-09T15:45:45.6476873+01:00" endTime="2024-01-09T15:45:45.6493002+01:00" testType="13cdc9d9-ddb5-4fa4-a97d-d965ccfc6d4b" outcome="Passed" testListId="8c84fa94-04c1-424b-9868-57a2d4851a1d" relativeResultsDirectory="a7f3b811-4fdf-4087-b3c1-3b2c59ab49df" />
    <UnitTestResult executionId="b3a954ba-b25b-499b-a200-518b2f047467" testId="94b07cae-507e-90e4-fe2c-918d2724a7bc" testName="SplitString_WhenEmptyOrSpaces1Level_EmptyArray" computerName="DKSR-EFI-06" duration="00:00:00.0004159" startTime="2024-01-09T15:45:32.2380140+01:00" endTime="2024-01-09T15:45:32.2385850+01:00" testType="13cdc9d9-ddb5-4fa4-a97d-d965ccfc6d4b" outcome="Passed" testListId="8c84fa94-04c1-424b-9868-57a2d4851a1d" relativeResultsDirectory="b3a954ba-b25b-499b-a200-518b2f047467" />
    <UnitTestResult executionId="f8eeb691-839c-4544-8d3f-5eb2ea8878f8" testId="b9540196-20ef-0b94-a46f-e6138983b660" testName="ParseMetadataXmlWithString_ShouldThrowXmlException_WhenXmlIsEmpty" computerName="DKSR-EFI-06" duration="00:00:00.0007570" startTime="2024-01-09T15:45:45.1557997+01:00" endTime="2024-01-09T15:45:45.1567532+01:00" testType="13cdc9d9-ddb5-4fa4-a97d-d965ccfc6d4b" outcome="Passed" testListId="8c84fa94-04c1-424b-9868-57a2d4851a1d" relativeResultsDirectory="f8eeb691-839c-4544-8d3f-5eb2ea8878f8" />
    <UnitTestResult executionId="771490b6-4670-401e-8a5e-3d4dd28791ab" testId="c23f9653-e5cb-0826-ce5a-723493994ef0" testName="GenerateDeviceCapabilityParameters_ShouldWriteTypeAsEnum_WhenAlways" computerName="DKSR-EFI-06" duration="00:00:00.0015370" startTime="2024-01-09T15:45:46.4254859+01:00" endTime="2024-01-09T15:45:46.4273224+01:00" testType="13cdc9d9-ddb5-4fa4-a97d-d965ccfc6d4b" outcome="Passed" testListId="8c84fa94-04c1-424b-9868-57a2d4851a1d" relativeResultsDirectory="771490b6-4670-401e-8a5e-3d4dd28791ab" />
    <UnitTestResult executionId="f33bfbdc-4fbb-4da1-b7e4-0aa273c71f61" testId="36329e9d-989b-9474-5a40-51eec07faa7c" testName="ProvideValue_ShouldNotSetTargetProperty_WhenMultipleItemsSelected" computerName="DKSR-EFI-06" duration="00:00:00.0024508" startTime="2024-01-09T15:45:42.6610973+01:00" endTime="2024-01-09T15:45:42.6892346+01:00" testType="13cdc9d9-ddb5-4fa4-a97d-d965ccfc6d4b" outcome="Passed" testListId="8c84fa94-04c1-424b-9868-57a2d4851a1d" relativeResultsDirectory="f33bfbdc-4fbb-4da1-b7e4-0aa273c71f61" />
    <UnitTestResult executionId="3ed04881-d1c4-4362-875a-068f3c5e4177" testId="9bf19834-4f90-5f56-a3eb-6c1d93ea3aa5" testName="Apply_ShouldApplyTranslateAndScale_WhenTranslateAndScaleIsNotNull" computerName="DKSR-EFI-06" duration="00:00:00.0004327" startTime="2024-01-09T15:45:45.0436334+01:00" endTime="2024-01-09T15:45:45.0442812+01:00" testType="13cdc9d9-ddb5-4fa4-a97d-d965ccfc6d4b" outcome="Passed" testListId="8c84fa94-04c1-424b-9868-57a2d4851a1d" relativeResultsDirectory="3ed04881-d1c4-4362-875a-068f3c5e4177" />
    <UnitTestResult executionId="13d67e38-4209-4a65-9e04-91d6d7e1cf54" testId="3c6ad7f5-47ac-d2a1-3c86-5077b25134ea" testName="Deserialize_Camera_FieldValues_checked" computerName="DKSR-EFI-06" duration="00:00:00.0005579" startTime="2024-01-09T15:45:18.5264043+01:00" endTime="2024-01-09T15:45:18.5271228+01:00" testType="13cdc9d9-ddb5-4fa4-a97d-d965ccfc6d4b" outcome="Passed" testListId="8c84fa94-04c1-424b-9868-57a2d4851a1d" relativeResultsDirectory="13d67e38-4209-4a65-9e04-91d6d7e1cf54" />
    <UnitTestResult executionId="50accb8b-ec12-4c18-b271-5a205e51976b" testId="372ab51f-8789-4af1-a4f9-77f4920b1bde" testName="WriteMetadataXmlWithStream_ShouldNotIncludeByteOrderMarker_WhenAlways" computerName="DKSR-EFI-06" duration="00:00:00.0013491" startTime="2024-01-09T15:45:45.2410663+01:00" endTime="2024-01-09T15:45:45.2425501+01:00" testType="13cdc9d9-ddb5-4fa4-a97d-d965ccfc6d4b" outcome="Passed" testListId="8c84fa94-04c1-424b-9868-57a2d4851a1d" relativeResultsDirectory="50accb8b-ec12-4c18-b271-5a205e51976b" />
    <UnitTestResult executionId="07578dee-d1dd-4de2-b465-79917b88b32a" testId="871f6ec2-6973-6f3c-2bf4-5a51a50a4cf2" testName="GetParent_NoServerId_Check" computerName="DKSR-EFI-06" duration="00:00:00.0128187" startTime="2024-01-09T15:45:19.2078983+01:00" endTime="2024-01-09T15:45:19.2209333+01:00" testType="13cdc9d9-ddb5-4fa4-a97d-d965ccfc6d4b" outcome="Passed" testListId="8c84fa94-04c1-424b-9868-57a2d4851a1d" relativeResultsDirectory="07578dee-d1dd-4de2-b465-79917b88b32a" />
    <UnitTestResult executionId="e1b80666-bea5-4b74-a5be-4bc00bc43969" testId="f7df628a-2d6d-0169-1e36-e1aabcaaa3c0" testName="KindsFilter_TwoKinds_OnlyAllowedKindsShown" computerName="DKSR-EFI-06" duration="00:00:00.0403245" startTime="2024-01-09T15:45:40.9217926+01:00" endTime="2024-01-09T15:45:40.9624120+01:00" testType="13cdc9d9-ddb5-4fa4-a97d-d965ccfc6d4b" outcome="Passed" testListId="8c84fa94-04c1-424b-9868-57a2d4851a1d" relativeResultsDirectory="e1b80666-bea5-4b74-a5be-4bc00bc43969" />
    <UnitTestResult executionId="c5dc82b4-c882-40ec-ad30-bcec5a686ae2" testId="ad88d97c-caee-1d9c-2151-7b83477290c3" testName="GetExpectedToken_ShouldReturnSHA256_WhenInputTokenHashTypeIsSHA256" computerName="DKSR-EFI-06" duration="00:00:00.0003450" startTime="2024-01-09T15:45:46.8144191+01:00" endTime="2024-01-09T15:45:46.8149302+01:00" testType="13cdc9d9-ddb5-4fa4-a97d-d965ccfc6d4b" outcome="Passed" testListId="8c84fa94-04c1-424b-9868-57a2d4851a1d" relativeResultsDirectory="c5dc82b4-c882-40ec-ad30-bcec5a686ae2" />
    <UnitTestResult executionId="ec59081f-c369-4267-b75d-a146f09d8076" testId="f433ef44-22f0-31c9-303b-7dece7f9527e" testName="ParseMetadataXmlWithString_ShouldThrowXmlException_WhenXmlIsUnregonized" computerName="DKSR-EFI-06" duration="00:00:00.0024669" startTime="2024-01-09T15:45:45.1575416+01:00" endTime="2024-01-09T15:45:45.1602105+01:00" testType="13cdc9d9-ddb5-4fa4-a97d-d965ccfc6d4b" outcome="Passed" testListId="8c84fa94-04c1-424b-9868-57a2d4851a1d" relativeResultsDirectory="ec59081f-c369-4267-b75d-a146f09d8076" />
    <UnitTestResult executionId="9d8bac04-d381-4717-b3e8-01355f4e54c4" testId="e2323074-11c2-8296-7476-af3cef44bb34" testName="ReadXml_ShouldLogWarningOnlyOnceWithinOneMinute_WhenElementErrorsAreDetected" computerName="DKSR-EFI-06" duration="00:00:00.0010579" startTime="2024-01-09T15:45:44.9610724+01:00" endTime="2024-01-09T15:45:44.9623308+01:00" testType="13cdc9d9-ddb5-4fa4-a97d-d965ccfc6d4b" outcome="Passed" testListId="8c84fa94-04c1-424b-9868-57a2d4851a1d" relativeResultsDirectory="9d8bac04-d381-4717-b3e8-01355f4e54c4" />
    <UnitTestResult executionId="d725ea1a-2fa4-4788-9318-6962bbe8aee1" testId="f851da50-448f-2d4e-828e-d2ff64fc9049" testName="WriteXml_ShouldWriteClassElement_WhenClassIsNotNull" computerName="DKSR-EFI-06" duration="00:00:00.0006764" startTime="2024-01-09T15:45:44.8698414+01:00" endTime="2024-01-09T15:45:44.8707098+01:00" testType="13cdc9d9-ddb5-4fa4-a97d-d965ccfc6d4b" outcome="Passed" testListId="8c84fa94-04c1-424b-9868-57a2d4851a1d" relativeResultsDirectory="d725ea1a-2fa4-4788-9318-6962bbe8aee1" />
    <UnitTestResult executionId="7b745617-b7ba-4d6e-909b-1d21212d09f7" testId="87dedebf-9e1e-bd2e-7ee4-397e89dac510" testName="Clone_Camera_Checked" computerName="DKSR-EFI-06" duration="00:00:00.0010645" startTime="2024-01-09T15:45:18.6352640+01:00" endTime="2024-01-09T15:45:18.6364336+01:00" testType="13cdc9d9-ddb5-4fa4-a97d-d965ccfc6d4b" outcome="Passed" testListId="8c84fa94-04c1-424b-9868-57a2d4851a1d" relativeResultsDirectory="7b745617-b7ba-4d6e-909b-1d21212d09f7" />
    <UnitTestResult executionId="1216ab00-5041-4c70-b4ff-ab4c5fa7e53d" testId="b88c7a93-5167-689b-3a6b-7ed6795729e1" testName="WriteXml_ShouldOmitElements_WhenDataIsNotPresent" computerName="DKSR-EFI-06" duration="00:00:00.0001578" startTime="2024-01-09T15:45:45.2701246+01:00" endTime="2024-01-09T15:45:45.2703891+01:00" testType="13cdc9d9-ddb5-4fa4-a97d-d965ccfc6d4b" outcome="Passed" testListId="8c84fa94-04c1-424b-9868-57a2d4851a1d" relativeResultsDirectory="1216ab00-5041-4c70-b4ff-ab4c5fa7e53d" />
    <UnitTestResult executionId="094b8228-091d-4dce-b172-8a722a340bc0" testId="b357ddf5-0643-7e7d-12aa-101fa59704c1" testName="IsEmptyValue_StringFilterValue_EmptyString_ReturnsTrue" computerName="DKSR-EFI-06" duration="00:00:00.0004404" startTime="2024-01-09T15:45:43.4053777+01:00" endTime="2024-01-09T15:45:43.4060345+01:00" testType="13cdc9d9-ddb5-4fa4-a97d-d965ccfc6d4b" outcome="Passed" testListId="8c84fa94-04c1-424b-9868-57a2d4851a1d" relativeResultsDirectory="094b8228-091d-4dce-b172-8a722a340bc0" />
    <UnitTestResult executionId="43c0dca4-6cd3-4245-918a-da391f3a8d74" testId="eff4462f-0b3b-bad0-f3bc-88c9334e4c4b" testName="IsEmptyValue_DoubleRangeFilterValue_MinValueAboveMinimum_ReturnsFalse" computerName="DKSR-EFI-06" duration="00:00:00.0020109" startTime="2024-01-09T15:45:43.4143801+01:00" endTime="2024-01-09T15:45:43.4166272+01:00" testType="13cdc9d9-ddb5-4fa4-a97d-d965ccfc6d4b" outcome="Passed" testListId="8c84fa94-04c1-424b-9868-57a2d4851a1d" relativeResultsDirectory="43c0dca4-6cd3-4245-918a-da391f3a8d74" />
    <UnitTestResult executionId="9538ddec-3d9e-4fcb-abbf-1f73f8a6b324" testId="4f197c17-4790-58f8-b53d-dcb8083dcd6a" testName="ReadXml_ShouldIgnoreLikelihood_WheLikelihoodIsPresenWithWrongNamespace" computerName="DKSR-EFI-06" duration="00:00:00.0003984" startTime="2024-01-09T15:45:44.9533892+01:00" endTime="2024-01-09T15:45:44.9540039+01:00" testType="13cdc9d9-ddb5-4fa4-a97d-d965ccfc6d4b" outcome="Passed" testListId="8c84fa94-04c1-424b-9868-57a2d4851a1d" relativeResultsDirectory="9538ddec-3d9e-4fcb-abbf-1f73f8a6b324" />
    <UnitTestResult executionId="0026446a-3017-40bb-b61a-f839af9a4613" testId="f761c35c-23da-0635-088d-82edc227a6c9" testName="GetHashType_ShouldReturnMD5_WhenInputIsMD5Hash" computerName="DKSR-EFI-06" duration="00:00:00.0001931" startTime="2024-01-09T15:45:46.8190143+01:00" endTime="2024-01-09T15:45:46.8193673+01:00" testType="13cdc9d9-ddb5-4fa4-a97d-d965ccfc6d4b" outcome="Passed" testListId="8c84fa94-04c1-424b-9868-57a2d4851a1d" relativeResultsDirectory="0026446a-3017-40bb-b61a-f839af9a4613" />
    <UnitTestResult executionId="26eb6903-a5d2-462d-9431-b9ddf5690e04" testId="cc181f70-75e6-81da-b99e-3e2374e3ba03" testName="WriteXml_ShouldWriteLeftAttribute_WhenAlays" computerName="DKSR-EFI-06" duration="00:00:00.0005202" startTime="2024-01-09T15:45:45.4582837+01:00" endTime="2024-01-09T15:45:45.4589803+01:00" testType="13cdc9d9-ddb5-4fa4-a97d-d965ccfc6d4b" outcome="Passed" testListId="8c84fa94-04c1-424b-9868-57a2d4851a1d" relativeResultsDirectory="26eb6903-a5d2-462d-9431-b9ddf5690e04" />
    <UnitTestResult executionId="ef07009a-625d-4630-9af7-e84d895aef3f" testId="8a93c35e-4228-1fba-033f-24c13305aa44" testName="Serialize_ShouldHandleCollectionFilter_WhenMatchingCollectionTypeAndItMatches" computerName="DKSR-EFI-06" duration="00:00:00.0029214" startTime="2024-01-09T15:45:43.1361073+01:00" endTime="2024-01-09T15:45:43.1393747+01:00" testType="13cdc9d9-ddb5-4fa4-a97d-d965ccfc6d4b" outcome="Passed" testListId="8c84fa94-04c1-424b-9868-57a2d4851a1d" relativeResultsDirectory="ef07009a-625d-4630-9af7-e84d895aef3f" />
    <UnitTestResult executionId="5082680f-ab2b-449d-bc3d-ca57581e70a9" testId="65d04660-c78c-f9e9-ce4c-0226775bf0c4" testName="Dequeue_TwoConsumers_Success" computerName="DKSR-EFI-06" duration="00:00:00.0141755" startTime="2024-01-09T15:45:32.4677135+01:00" endTime="2024-01-09T15:45:32.4822321+01:00" testType="13cdc9d9-ddb5-4fa4-a97d-d965ccfc6d4b" outcome="Passed" testListId="8c84fa94-04c1-424b-9868-57a2d4851a1d" relativeResultsDirectory="5082680f-ab2b-449d-bc3d-ca57581e70a9" />
    <UnitTestResult executionId="f4cd184c-9a71-4c83-8d96-2d34a0edc628" testId="d14f3865-eb3a-a806-eb3f-e6d1d870885d" testName="Append_Property_MIPItem_LowerCase" computerName="DKSR-EFI-06" duration="00:00:00.0001813" startTime="2024-01-09T15:45:44.4028064+01:00" endTime="2024-01-09T15:45:44.4031720+01:00" testType="13cdc9d9-ddb5-4fa4-a97d-d965ccfc6d4b" outcome="Passed" testListId="8c84fa94-04c1-424b-9868-57a2d4851a1d" relativeResultsDirectory="f4cd184c-9a71-4c83-8d96-2d34a0edc628" />
    <UnitTestResult executionId="ff2cee16-5b5f-422f-9c0a-03a51ac2c0c7" testId="943fddae-0057-44db-535a-5540de1410f4" testName="ReadyToCloseEvent_AutoSelect_Thrown" computerName="DKSR-EFI-06" duration="00:00:00.0027696" startTime="2024-01-09T15:45:40.6469971+01:00" endTime="2024-01-09T15:45:40.6499802+01:00" testType="13cdc9d9-ddb5-4fa4-a97d-d965ccfc6d4b" outcome="Passed" testListId="8c84fa94-04c1-424b-9868-57a2d4851a1d" relativeResultsDirectory="ff2cee16-5b5f-422f-9c0a-03a51ac2c0c7" />
    <UnitTestResult executionId="9889f7af-8c38-4c76-8cd0-4a35454f76c9" testId="9fd29388-e6f2-2ce9-7173-3d8e1efacf79" testName="KindsFilter_OneKind_OnlyAllowedKindShown" computerName="DKSR-EFI-06" duration="00:00:00.0310313" startTime="2024-01-09T15:45:40.8878769+01:00" endTime="2024-01-09T15:45:40.9191629+01:00" testType="13cdc9d9-ddb5-4fa4-a97d-d965ccfc6d4b" outcome="Passed" testListId="8c84fa94-04c1-424b-9868-57a2d4851a1d" relativeResultsDirectory="9889f7af-8c38-4c76-8cd0-4a35454f76c9" />
    <UnitTestResult executionId="a4fcd270-28e6-4a8d-bfc9-fc5215a3da89" testId="b739f5d0-5237-1a79-e681-644aeb76938a" testName="ReadXml_ShouldReadAppearanceContents_WhenAppearanceIsPresent" computerName="DKSR-EFI-06" duration="00:00:00.0017882" startTime="2024-01-09T15:45:45.3838791+01:00" endTime="2024-01-09T15:45:45.3858605+01:00" testType="13cdc9d9-ddb5-4fa4-a97d-d965ccfc6d4b" outcome="Passed" testListId="8c84fa94-04c1-424b-9868-57a2d4851a1d" relativeResultsDirectory="a4fcd270-28e6-4a8d-bfc9-fc5215a3da89" />
    <UnitTestResult executionId="ef178000-7cb3-4379-ac1b-3bb2c0323bb0" testId="1eb1dc9e-0313-f642-c091-1fcc25a2d80c" testName="WriteXml_ShouldWriteTransformationContents_WhenTransformationIsNotNull" computerName="DKSR-EFI-06" duration="00:00:00.0011556" startTime="2024-01-09T15:45:44.8626220+01:00" endTime="2024-01-09T15:45:44.8639654+01:00" testType="13cdc9d9-ddb5-4fa4-a97d-d965ccfc6d4b" outcome="Passed" testListId="8c84fa94-04c1-424b-9868-57a2d4851a1d" relativeResultsDirectory="ef178000-7cb3-4379-ac1b-3bb2c0323bb0" />
    <UnitTestResult executionId="4237240a-2ea5-48b0-9a43-18c2e3796ef9" testId="8f3ff765-82e8-66d7-0b26-5b7e252a53b8" testName="Ctor_EmptyName_Throws" computerName="DKSR-EFI-06" duration="00:00:00.0003695" startTime="2024-01-09T15:45:44.2975968+01:00" endTime="2024-01-09T15:45:44.2982092+01:00" testType="13cdc9d9-ddb5-4fa4-a97d-d965ccfc6d4b" outcome="Passed" testListId="8c84fa94-04c1-424b-9868-57a2d4851a1d" relativeResultsDirectory="4237240a-2ea5-48b0-9a43-18c2e3796ef9" />
    <UnitTestResult executionId="17e38293-762c-4a50-aa91-2be474c5a008" testId="c8844d95-6b3e-d2a5-0238-e17eb53985e3" testName="Add_ShouldNotReplaceLastElement_WhenStartTimeOfLastIsDifferentFromAdded" computerName="DKSR-EFI-06" duration="00:00:00.0168816" startTime="2024-01-09T15:45:46.8524231+01:00" endTime="2024-01-09T15:45:46.8695400+01:00" testType="13cdc9d9-ddb5-4fa4-a97d-d965ccfc6d4b" outcome="Passed" testListId="8c84fa94-04c1-424b-9868-57a2d4851a1d" relativeResultsDirectory="17e38293-762c-4a50-aa91-2be474c5a008" />
    <UnitTestResult executionId="51f6746b-5cb1-4563-92da-d0a89169a9c3" testId="1ed595f1-e0b3-cd61-13ef-3cbf3778f159" testName="GetItem_LoginProvider_Success" computerName="DKSR-EFI-06" duration="00:00:00.0021455" startTime="2024-01-09T15:45:44.6319328+01:00" endTime="2024-01-09T15:45:44.6342965+01:00" testType="13cdc9d9-ddb5-4fa4-a97d-d965ccfc6d4b" outcome="Passed" testListId="8c84fa94-04c1-424b-9868-57a2d4851a1d" relativeResultsDirectory="51f6746b-5cb1-4563-92da-d0a89169a9c3" />
    <UnitTestResult executionId="912159fd-60de-49c5-a5a4-5da5567d2cc7" testId="af16c081-1118-4157-5e5a-823452565ccb" testName="ReadXml_ShouldReadMultipleObjects_WhenMultipleObjectsArePresent" computerName="DKSR-EFI-06" duration="00:00:00.0005053" startTime="2024-01-09T15:45:45.1114647+01:00" endTime="2024-01-09T15:45:45.1121894+01:00" testType="13cdc9d9-ddb5-4fa4-a97d-d965ccfc6d4b" outcome="Passed" testListId="8c84fa94-04c1-424b-9868-57a2d4851a1d" relativeResultsDirectory="912159fd-60de-49c5-a5a4-5da5567d2cc7" />
    <UnitTestResult executionId="bd1d880e-4c8a-4200-b388-c691066ee263" testId="22286b2d-2c9e-a580-fd4a-2436919b8555" testName="GetItem_ShouldReturnItem_WhenAllAdded" computerName="DKSR-EFI-06" duration="00:00:00.0020106" startTime="2024-01-09T15:45:22.1624030+01:00" endTime="2024-01-09T15:45:22.1645344+01:00" testType="13cdc9d9-ddb5-4fa4-a97d-d965ccfc6d4b" outcome="Passed" testListId="8c84fa94-04c1-424b-9868-57a2d4851a1d" relativeResultsDirectory="bd1d880e-4c8a-4200-b388-c691066ee263" />
    <UnitTestResult executionId="7154560d-ca0d-4cc9-b4d8-f8f54d2b620d" testId="75ddd398-1cad-151d-e563-84e2015359ae" testName="TestStartSearch_SearchThrowsException_Success" computerName="DKSR-EFI-06" duration="00:00:00.0070120" startTime="2024-01-09T15:45:43.6248564+01:00" endTime="2024-01-09T15:45:43.6321214+01:00" testType="13cdc9d9-ddb5-4fa4-a97d-d965ccfc6d4b" outcome="Passed" testListId="8c84fa94-04c1-424b-9868-57a2d4851a1d" relativeResultsDirectory="7154560d-ca0d-4cc9-b4d8-f8f54d2b620d" />
    <UnitTestResult executionId="bf7049ad-6fbf-402f-b64e-cc24d8b5fa78" testId="b0739811-0769-0d6d-10df-bbc2b4389739" testName="JsonObjectFromFileTest" computerName="DKSR-EFI-06" duration="00:00:00.0117207" startTime="2024-01-09T15:45:44.4665086+01:00" endTime="2024-01-09T15:45:44.4784528+01:00" testType="13cdc9d9-ddb5-4fa4-a97d-d965ccfc6d4b" outcome="Passed" testListId="8c84fa94-04c1-424b-9868-57a2d4851a1d" relativeResultsDirectory="bf7049ad-6fbf-402f-b64e-cc24d8b5fa78" />
    <UnitTestResult executionId="58beced2-9798-486a-9174-49f70d75d75c" testId="dac52339-d9a8-d082-49c1-4cb11ce915ee" testName="Flush_OtherKIndShouldNotImpack" computerName="DKSR-EFI-06" duration="00:00:00.0003776" startTime="2024-01-09T15:45:22.1863672+01:00" endTime="2024-01-09T15:45:22.1868549+01:00" testType="13cdc9d9-ddb5-4fa4-a97d-d965ccfc6d4b" outcome="Passed" testListId="8c84fa94-04c1-424b-9868-57a2d4851a1d" relativeResultsDirectory="58beced2-9798-486a-9174-49f70d75d75c" />
    <UnitTestResult executionId="18208cf5-7d87-4d65-81cb-b18b7355e0be" testId="a78e107f-188e-49af-b7fb-8b9962cefe26" testName="ReadXml_ShouldSetAllFieldsToNull_WhenElementIsEmpty" computerName="DKSR-EFI-06" duration="00:00:00.0019469" startTime="2024-01-09T15:45:45.5542575+01:00" endTime="2024-01-09T15:45:45.5565523+01:00" testType="13cdc9d9-ddb5-4fa4-a97d-d965ccfc6d4b" outcome="Passed" testListId="8c84fa94-04c1-424b-9868-57a2d4851a1d" relativeResultsDirectory="18208cf5-7d87-4d65-81cb-b18b7355e0be" />
    <UnitTestResult executionId="39eb16c7-880b-4e54-8702-bdcdc8688396" testId="434b37e3-6652-e454-29de-d80f3b84f997" testName="ParameterConstruct2_FieldValues_Checked" computerName="DKSR-EFI-06" duration="00:00:00.0014547" startTime="2024-01-09T15:45:18.6002177+01:00" endTime="2024-01-09T15:45:18.6018398+01:00" testType="13cdc9d9-ddb5-4fa4-a97d-d965ccfc6d4b" outcome="Passed" testListId="8c84fa94-04c1-424b-9868-57a2d4851a1d" relativeResultsDirectory="39eb16c7-880b-4e54-8702-bdcdc8688396" />
    <UnitTestResult executionId="e9161d6b-8f33-4455-b2d3-fcd397fc79f9" testId="e93f2b21-5e31-59e0-249b-2d22eb67c653" testName="Serialize_Deserialize_WithSpecialChars2" computerName="DKSR-EFI-06" duration="00:00:00.0129175" startTime="2024-01-09T15:45:19.9380589+01:00" endTime="2024-01-09T15:45:19.9512001+01:00" testType="13cdc9d9-ddb5-4fa4-a97d-d965ccfc6d4b" outcome="Passed" testListId="8c84fa94-04c1-424b-9868-57a2d4851a1d" relativeResultsDirectory="e9161d6b-8f33-4455-b2d3-fcd397fc79f9" />
    <UnitTestResult executionId="1b3abf38-0c6c-4593-aa79-3ead8c28ebc3" testId="ef239907-8146-d171-397a-2e18ca0a7d07" testName="Apply_ShouldAddTranslateYCoordinatesToCenterYAndTranslateXCoordinatesToCenterX_WhenTranslateIsNotNull" computerName="DKSR-EFI-06" duration="00:00:00.0031495" startTime="2024-01-09T15:45:45.0379952+01:00" endTime="2024-01-09T15:45:45.0413839+01:00" testType="13cdc9d9-ddb5-4fa4-a97d-d965ccfc6d4b" outcome="Passed" testListId="8c84fa94-04c1-424b-9868-57a2d4851a1d" relativeResultsDirectory="1b3abf38-0c6c-4593-aa79-3ead8c28ebc3" />
    <UnitTestResult executionId="e8a89918-9c6b-46d6-9979-f7c8aa907ede" testId="9d5ada2d-839e-c544-1fa6-276837fd72f2" testName="ReadXml_ShouldReadOnvifClass_WhenClassIsPresent" computerName="DKSR-EFI-06" duration="00:00:00.0016837" startTime="2024-01-09T15:45:44.8272108+01:00" endTime="2024-01-09T15:45:44.8290960+01:00" testType="13cdc9d9-ddb5-4fa4-a97d-d965ccfc6d4b" outcome="Passed" testListId="8c84fa94-04c1-424b-9868-57a2d4851a1d" relativeResultsDirectory="e8a89918-9c6b-46d6-9979-f7c8aa907ede" />
    <UnitTestResult executionId="2911f1ce-62d3-4ee0-bcd1-b14f92b51c8b" testId="7cd2c95d-3a22-0d5c-c07f-69fa30ef94a1" testName="GetTranslations_Success" computerName="DKSR-EFI-06" duration="00:00:00.0016499" startTime="2024-01-09T15:45:44.7542263+01:00" endTime="2024-01-09T15:45:44.7560762+01:00" testType="13cdc9d9-ddb5-4fa4-a97d-d965ccfc6d4b" outcome="Passed" testListId="8c84fa94-04c1-424b-9868-57a2d4851a1d" relativeResultsDirectory="2911f1ce-62d3-4ee0-bcd1-b14f92b51c8b" />
    <UnitTestResult executionId="655dc691-e3bb-493d-bbf3-93aede72610b" testId="9a7acb70-fa7b-f3be-6201-91fb0aecd07b" testName="Serialize_TestCases (TestParentTypeMatchCollectionNotThisTypeNotMatched)" computerName="DKSR-EFI-06" duration="00:00:00.0001807" startTime="2024-01-09T15:45:43.0720268+01:00" endTime="2024-01-09T15:45:43.0725036+01:00" testType="13cdc9d9-ddb5-4fa4-a97d-d965ccfc6d4b" outcome="Passed" testListId="8c84fa94-04c1-424b-9868-57a2d4851a1d" relativeResultsDirectory="655dc691-e3bb-493d-bbf3-93aede72610b" />
    <UnitTestResult executionId="1ffd4c88-28e1-4aeb-bbad-583cecaf5b08" testId="eefcc86b-2e92-5256-d34c-9049a6da9154" testName="ReadXml_ShouldNotSetIsRemoved_WhenRemovedElementIsPresentWithWrongNamespace" computerName="DKSR-EFI-06" duration="00:00:00.0002386" startTime="2024-01-09T15:45:44.9021364+01:00" endTime="2024-01-09T15:45:44.9025628+01:00" testType="13cdc9d9-ddb5-4fa4-a97d-d965ccfc6d4b" outcome="Passed" testListId="8c84fa94-04c1-424b-9868-57a2d4851a1d" relativeResultsDirectory="1ffd4c88-28e1-4aeb-bbad-583cecaf5b08" />
    <UnitTestResult executionId="ea558956-43d7-4b15-ac3d-072c813cb831" testId="12453e35-9e6c-1895-86bb-d53b925cb8c9" testName="Equals_ShouldReturnTrue_WhenHostDifferOnlyByProtocol" computerName="DKSR-EFI-06" duration="00:00:00.0003277" startTime="2024-01-09T15:45:20.4849181+01:00" endTime="2024-01-09T15:45:20.4853915+01:00" testType="13cdc9d9-ddb5-4fa4-a97d-d965ccfc6d4b" outcome="Passed" testListId="8c84fa94-04c1-424b-9868-57a2d4851a1d" relativeResultsDirectory="ea558956-43d7-4b15-ac3d-072c813cb831" />
    <UnitTestResult executionId="7b74c636-3771-4fe1-9f55-c69dcb0134a4" testId="134110e6-fb08-89b6-f21b-257fe054fa49" testName="GetNext_ShouldReturnNull_WhenCallToFindCacheEntryBeforeReturnedNull" computerName="DKSR-EFI-06" duration="00:00:00.0003453" startTime="2024-01-09T15:45:46.5130695+01:00" endTime="2024-01-09T15:45:46.5135818+01:00" testType="13cdc9d9-ddb5-4fa4-a97d-d965ccfc6d4b" outcome="Passed" testListId="8c84fa94-04c1-424b-9868-57a2d4851a1d" relativeResultsDirectory="7b74c636-3771-4fe1-9f55-c69dcb0134a4" />
    <UnitTestResult executionId="e17308fb-0761-46f2-a35b-a491d89e508f" testId="3434e15a-2768-efbc-7e19-fea38f3ae373" testName="MipItems_Property_Collection_Empty" computerName="DKSR-EFI-06" duration="00:00:00.0004030" startTime="2024-01-09T15:45:40.6635438+01:00" endTime="2024-01-09T15:45:40.6643028+01:00" testType="13cdc9d9-ddb5-4fa4-a97d-d965ccfc6d4b" outcome="Passed" testListId="8c84fa94-04c1-424b-9868-57a2d4851a1d" relativeResultsDirectory="e17308fb-0761-46f2-a35b-a491d89e508f" />
    <UnitTestResult executionId="5504c419-645f-4437-b793-c50782f4ea5c" testId="d4b18369-f511-b320-afac-a383c554d179" testName="CountByCounter_Activated_Missing" computerName="DKSR-EFI-06" duration="00:00:00.0007793" startTime="2024-01-09T15:45:46.2866605+01:00" endTime="2024-01-09T15:45:46.2876947+01:00" testType="13cdc9d9-ddb5-4fa4-a97d-d965ccfc6d4b" outcome="Passed" testListId="8c84fa94-04c1-424b-9868-57a2d4851a1d" relativeResultsDirectory="5504c419-645f-4437-b793-c50782f4ea5c" />
    <UnitTestResult executionId="57b69605-b9c6-4ce7-9588-860917e6cceb" testId="bc614819-04cb-60f8-8b25-b74350480ed8" testName="ReadXml_ShouldReadBoundingBox_WhenBoundingBoxIsPresent" computerName="DKSR-EFI-06" duration="00:00:00.0009792" startTime="2024-01-09T15:45:45.4896431+01:00" endTime="2024-01-09T15:45:45.4908935+01:00" testType="13cdc9d9-ddb5-4fa4-a97d-d965ccfc6d4b" outcome="Passed" testListId="8c84fa94-04c1-424b-9868-57a2d4851a1d" relativeResultsDirectory="57b69605-b9c6-4ce7-9588-860917e6cceb" />
    <UnitTestResult executionId="9305bb01-5483-4ece-ac96-81a5cbc7c462" testId="ee6b4773-1394-989c-cdb7-f8b064821acb" testName="Minimize_ShouldReturnOneInterval_WhenListContainsThreeOverlappingIntervalsReversed" computerName="DKSR-EFI-06" duration="00:00:00.0005853" startTime="2024-01-09T15:45:32.3017141+01:00" endTime="2024-01-09T15:45:32.3024161+01:00" testType="13cdc9d9-ddb5-4fa4-a97d-d965ccfc6d4b" outcome="Passed" testListId="8c84fa94-04c1-424b-9868-57a2d4851a1d" relativeResultsDirectory="9305bb01-5483-4ece-ac96-81a5cbc7c462" />
    <UnitTestResult executionId="32e7c304-4ee2-4726-95fb-a803ab7bc50e" testId="9504291e-b74b-48e8-7789-94b6a1151b40" testName="Append_PropertyKey_Value" computerName="DKSR-EFI-06" duration="00:00:00.0027077" startTime="2024-01-09T15:45:44.3879496+01:00" endTime="2024-01-09T15:45:44.3908283+01:00" testType="13cdc9d9-ddb5-4fa4-a97d-d965ccfc6d4b" outcome="Passed" testListId="8c84fa94-04c1-424b-9868-57a2d4851a1d" relativeResultsDirectory="32e7c304-4ee2-4726-95fb-a803ab7bc50e" />
    <UnitTestResult executionId="42bfd9e0-cfd9-4ec7-ae05-59dbf6b046fc" testId="20d9288d-2ec6-4b24-6a84-22a61e3296f1" testName="CountByCounter_Activated_Expired_Missing" computerName="DKSR-EFI-06" duration="00:00:00.0008697" startTime="2024-01-09T15:45:46.2941924+01:00" endTime="2024-01-09T15:45:46.2952562+01:00" testType="13cdc9d9-ddb5-4fa4-a97d-d965ccfc6d4b" outcome="Passed" testListId="8c84fa94-04c1-424b-9868-57a2d4851a1d" relativeResultsDirectory="42bfd9e0-cfd9-4ec7-ae05-59dbf6b046fc" />
    <UnitTestResult executionId="419058c2-0f88-4ae5-a2f0-2f3eced2e9e3" testId="583ac39a-cd2a-cc9b-7143-e3a644d6c3bd" testName="RemovePredicate_KeyPresent_RemovedFromCacheAndGetReturnsNull" computerName="DKSR-EFI-06" duration="00:00:00.0006575" startTime="2024-01-09T15:45:33.0480374+01:00" endTime="2024-01-09T15:45:33.0488659+01:00" testType="13cdc9d9-ddb5-4fa4-a97d-d965ccfc6d4b" outcome="Passed" testListId="8c84fa94-04c1-424b-9868-57a2d4851a1d" relativeResultsDirectory="419058c2-0f88-4ae5-a2f0-2f3eced2e9e3" />
    <UnitTestResult executionId="1189c411-e41a-47a0-bca8-e85c9a214a2b" testId="ecf74651-4fc2-6bc3-0181-d2278e0bfbfa" testName="GetMetadataObjectIdsAsync_SingleInvocation_DelegatedToInternalMethod" computerName="DKSR-EFI-06" duration="00:00:00.0030181" startTime="2024-01-09T15:45:43.7456870+01:00" endTime="2024-01-09T15:45:43.7489254+01:00" testType="13cdc9d9-ddb5-4fa4-a97d-d965ccfc6d4b" outcome="Passed" testListId="8c84fa94-04c1-424b-9868-57a2d4851a1d" relativeResultsDirectory="1189c411-e41a-47a0-bca8-e85c9a214a2b" />
    <UnitTestResult executionId="370a89fe-b702-41ff-bc69-8b9478b93bc1" testId="8b195963-a10c-3838-31ba-4f1e91ab5dfb" testName="ReadAppearanceExtensionXml_ShouldReadAllExtensions_WhenAllArePresent" computerName="DKSR-EFI-06" duration="00:00:00.0004409" startTime="2024-01-09T15:45:45.4458914+01:00" endTime="2024-01-09T15:45:45.4465238+01:00" testType="13cdc9d9-ddb5-4fa4-a97d-d965ccfc6d4b" outcome="Passed" testListId="8c84fa94-04c1-424b-9868-57a2d4851a1d" relativeResultsDirectory="370a89fe-b702-41ff-bc69-8b9478b93bc1" />
    <UnitTestResult executionId="229c12f3-daa4-4c7e-9144-0228c9b84036" testId="25d2ce81-b800-30ed-a9ff-8db2b7fca025" testName="GenerateParameters_ShouldWriteSerialNr_WhenSerialNrIsNotNull" computerName="DKSR-EFI-06" duration="00:00:00.0002024" startTime="2024-01-09T15:45:46.4597814+01:00" endTime="2024-01-09T15:45:46.4601572+01:00" testType="13cdc9d9-ddb5-4fa4-a97d-d965ccfc6d4b" outcome="Passed" testListId="8c84fa94-04c1-424b-9868-57a2d4851a1d" relativeResultsDirectory="229c12f3-daa4-4c7e-9144-0228c9b84036" />
    <UnitTestResult executionId="03231ae9-8650-4be3-9d45-b6e795d6b995" testId="e683acf1-8f1f-37ca-c494-91edf8586d46" testName="JsonReader_ErrorResponse_Success" computerName="DKSR-EFI-06" duration="00:00:00.0001537" startTime="2024-01-09T15:45:44.5473493+01:00" endTime="2024-01-09T15:45:44.5476838+01:00" testType="13cdc9d9-ddb5-4fa4-a97d-d965ccfc6d4b" outcome="Passed" testListId="8c84fa94-04c1-424b-9868-57a2d4851a1d" relativeResultsDirectory="03231ae9-8650-4be3-9d45-b6e795d6b995" />
    <UnitTestResult executionId="bf4604d4-8a00-4351-9f81-f2232e9d584b" testId="1c54ef9e-0fd3-3065-2074-36e139afc976" testName="Stop_ProcessItemThrowsException_ProcessorSurvives" computerName="DKSR-EFI-06" duration="00:00:00.1419985" startTime="2024-01-09T15:45:40.1774566+01:00" endTime="2024-01-09T15:45:40.3199485+01:00" testType="13cdc9d9-ddb5-4fa4-a97d-d965ccfc6d4b" outcome="Passed" testListId="8c84fa94-04c1-424b-9868-57a2d4851a1d" relativeResultsDirectory="bf4604d4-8a00-4351-9f81-f2232e9d584b" />
    <UnitTestResult executionId="4a6db7e2-8fbc-4a04-aa0d-9238a22a8839" testId="3319ab63-2def-0c9c-879d-16907c7c07ea" testName="ProvideValue_ShouldUpdateTarget_WhenItemDataPropertyNameChanges" computerName="DKSR-EFI-06" duration="00:00:00.0027757" startTime="2024-01-09T15:45:42.5849526+01:00" endTime="2024-01-09T15:45:42.6032965+01:00" testType="13cdc9d9-ddb5-4fa4-a97d-d965ccfc6d4b" outcome="Passed" testListId="8c84fa94-04c1-424b-9868-57a2d4851a1d" relativeResultsDirectory="4a6db7e2-8fbc-4a04-aa0d-9238a22a8839" />
    <UnitTestResult executionId="adce0062-1848-4cc6-b806-b95c1d592728" testId="81f1f710-d694-68bf-2cd3-35ddc8a4ca3e" testName="CountByItems_NotActivated_Missing" computerName="DKSR-EFI-06" duration="00:00:00.0020740" startTime="2024-01-09T15:45:46.2977490+01:00" endTime="2024-01-09T15:45:46.2999696+01:00" testType="13cdc9d9-ddb5-4fa4-a97d-d965ccfc6d4b" outcome="Passed" testListId="8c84fa94-04c1-424b-9868-57a2d4851a1d" relativeResultsDirectory="adce0062-1848-4cc6-b806-b95c1d592728" />
    <UnitTestResult executionId="7e444bad-353a-4e53-a6ab-43c5779ed388" testId="7c4b74fb-67e0-6834-21f2-2c0f78a66963" testName="CountByCounter_NotActivated_Empty" computerName="DKSR-EFI-06" duration="00:00:00.0115616" startTime="2024-01-09T15:45:46.2629691+01:00" endTime="2024-01-09T15:45:46.2751023+01:00" testType="13cdc9d9-ddb5-4fa4-a97d-d965ccfc6d4b" outcome="Passed" testListId="8c84fa94-04c1-424b-9868-57a2d4851a1d" relativeResultsDirectory="7e444bad-353a-4e53-a6ab-43c5779ed388" />
    <UnitTestResult executionId="ca62ffdd-f0bd-4d68-93cb-b6484b18acaa" testId="79ed88f2-f433-a4e4-a0f7-7ec8b906db54" testName="ToJson_IntElement_Exception" computerName="DKSR-EFI-06" duration="00:00:00.0003327" startTime="2024-01-09T15:45:44.5434462+01:00" endTime="2024-01-09T15:45:44.5440019+01:00" testType="13cdc9d9-ddb5-4fa4-a97d-d965ccfc6d4b" outcome="Passed" testListId="8c84fa94-04c1-424b-9868-57a2d4851a1d" relativeResultsDirectory="ca62ffdd-f0bd-4d68-93cb-b6484b18acaa" />
    <UnitTestResult executionId="5ec7e1c6-28ad-4675-bb1a-4a04bd45ccd6" testId="d68b3075-4627-ba2b-18db-33c4279233ca" testName="WriteAppearanceExtenstionXml_ShouldWriteDisplayedThicknessInPixels_WhenLineDisplayPixelThicknessIsPresent" computerName="DKSR-EFI-06" duration="00:00:00.0002945" startTime="2024-01-09T15:45:45.4632079+01:00" endTime="2024-01-09T15:45:45.4636641+01:00" testType="13cdc9d9-ddb5-4fa4-a97d-d965ccfc6d4b" outcome="Passed" testListId="8c84fa94-04c1-424b-9868-57a2d4851a1d" relativeResultsDirectory="5ec7e1c6-28ad-4675-bb1a-4a04bd45ccd6" />
    <UnitTestResult executionId="935d3682-01a4-4d90-934c-d5c07004c2c6" testId="88133fd3-9167-6134-2a3f-9488dba78659" testName="Add_SameKeyTwice_PreviousValueOverwritten" computerName="DKSR-EFI-06" duration="00:00:00.0002847" startTime="2024-01-09T15:45:32.5213943+01:00" endTime="2024-01-09T15:45:32.5218007+01:00" testType="13cdc9d9-ddb5-4fa4-a97d-d965ccfc6d4b" outcome="Passed" testListId="8c84fa94-04c1-424b-9868-57a2d4851a1d" relativeResultsDirectory="935d3682-01a4-4d90-934c-d5c07004c2c6" />
    <UnitTestResult executionId="1253a8bd-2956-401b-a49d-e38bfc426a7a" testId="a8ce85fe-814a-271d-72cd-32e52ea1acce" testName="GetEnd_ShouldReturnNull_WhenThereIsNoData" computerName="DKSR-EFI-06" duration="00:00:00.0019895" startTime="2024-01-09T15:45:46.6695503+01:00" endTime="2024-01-09T15:45:46.6717431+01:00" testType="13cdc9d9-ddb5-4fa4-a97d-d965ccfc6d4b" outcome="Passed" testListId="8c84fa94-04c1-424b-9868-57a2d4851a1d" relativeResultsDirectory="1253a8bd-2956-401b-a49d-e38bfc426a7a" />
    <UnitTestResult executionId="a72d55db-f58f-4ef2-aff5-7362a86a2a4d" testId="f11fb068-5020-6fdd-64d4-9eae97e7b7c3" testName="GetBegin_ShouldReturnFirstMetadataContent_WhenThereIsData" computerName="DKSR-EFI-06" duration="00:00:00.0127060" startTime="2024-01-09T15:45:46.6426932+01:00" endTime="2024-01-09T15:45:46.6555958+01:00" testType="13cdc9d9-ddb5-4fa4-a97d-d965ccfc6d4b" outcome="Passed" testListId="8c84fa94-04c1-424b-9868-57a2d4851a1d" relativeResultsDirectory="a72d55db-f58f-4ef2-aff5-7362a86a2a4d" />
    <UnitTestResult executionId="e5a02b6e-a486-4aef-be78-daf4fa468db4" testId="8f3e0927-dc62-09dc-c947-424695b8bc40" testName="WriteXml_ShouldWriteBoundingBoxAppearanceElements_WhenTheyArePresent" computerName="DKSR-EFI-06" duration="00:00:00.0007730" startTime="2024-01-09T15:45:45.5477697+01:00" endTime="2024-01-09T15:45:45.5486604+01:00" testType="13cdc9d9-ddb5-4fa4-a97d-d965ccfc6d4b" outcome="Passed" testListId="8c84fa94-04c1-424b-9868-57a2d4851a1d" relativeResultsDirectory="e5a02b6e-a486-4aef-be78-daf4fa468db4" />
    <UnitTestResult executionId="7bdefb0e-8517-4bc4-b696-609271eb29b5" testId="1612f291-790a-313d-a0d3-c41060967beb" testName="ToString_Check" computerName="DKSR-EFI-06" duration="00:00:00.0007901" startTime="2024-01-09T15:45:18.6753811+01:00" endTime="2024-01-09T15:45:18.6762665+01:00" testType="13cdc9d9-ddb5-4fa4-a97d-d965ccfc6d4b" outcome="Passed" testListId="8c84fa94-04c1-424b-9868-57a2d4851a1d" relativeResultsDirectory="7bdefb0e-8517-4bc4-b696-609271eb29b5" />
    <UnitTestResult executionId="2c309b42-8333-41d1-822c-38ff0cdd51f5" testId="7362e8b4-4f55-1d2e-3400-f910faa86461" testName="Serialize_TestCases (TestParentAllPrimitiveProperties)" computerName="DKSR-EFI-06" duration="00:00:00.0005160" startTime="2024-01-09T15:45:43.1218825+01:00" endTime="2024-01-09T15:45:43.1227274+01:00" testType="13cdc9d9-ddb5-4fa4-a97d-d965ccfc6d4b" outcome="Passed" testListId="8c84fa94-04c1-424b-9868-57a2d4851a1d" relativeResultsDirectory="2c309b42-8333-41d1-822c-38ff0cdd51f5" />
    <UnitTestResult executionId="af8426c4-1163-45d5-8c2a-7875030cfc91" testId="8cb20cd0-1e7e-f4a1-66cd-e7e59b7d8aab" testName="Parse_Int_Invalid" computerName="DKSR-EFI-06" duration="00:00:00.0003567" startTime="2024-01-09T15:45:44.4956255+01:00" endTime="2024-01-09T15:45:44.4962083+01:00" testType="13cdc9d9-ddb5-4fa4-a97d-d965ccfc6d4b" outcome="Passed" testListId="8c84fa94-04c1-424b-9868-57a2d4851a1d" relativeResultsDirectory="af8426c4-1163-45d5-8c2a-7875030cfc91" />
    <UnitTestResult executionId="cdd4d23d-1007-4d73-bdb3-a85d60af9c8e" testId="2308f95d-e716-8457-e2f9-557865d40f5f" testName="Equals_Fail1" computerName="DKSR-EFI-06" duration="00:00:00.0002127" startTime="2024-01-09T15:45:45.7161080+01:00" endTime="2024-01-09T15:45:45.7165080+01:00" testType="13cdc9d9-ddb5-4fa4-a97d-d965ccfc6d4b" outcome="Passed" testListId="8c84fa94-04c1-424b-9868-57a2d4851a1d" relativeResultsDirectory="cdd4d23d-1007-4d73-bdb3-a85d60af9c8e" />
    <UnitTestResult executionId="89f92d0c-d358-42d9-bfed-2826371918f2" testId="666142b8-78c0-45b9-dbb6-d91affaa8f8f" testName="Serialize_TestCases (TestParentTypeMatchGenericNotThisTypeNotMatchedProperty)" computerName="DKSR-EFI-06" duration="00:00:00.0024724" startTime="2024-01-09T15:45:43.1182538+01:00" endTime="2024-01-09T15:45:43.1210584+01:00" testType="13cdc9d9-ddb5-4fa4-a97d-d965ccfc6d4b" outcome="Passed" testListId="8c84fa94-04c1-424b-9868-57a2d4851a1d" relativeResultsDirectory="89f92d0c-d358-42d9-bfed-2826371918f2" />
    <UnitTestResult executionId="789f30b4-fde3-4a0a-aaad-a3036f1d1a12" testId="b0d0079b-65d6-c082-7bc9-a129a13a3c18" testName="Append_Property_Int_Invalid" computerName="DKSR-EFI-06" duration="00:00:00.0002817" startTime="2024-01-09T15:45:44.3981747+01:00" endTime="2024-01-09T15:45:44.3987256+01:00" testType="13cdc9d9-ddb5-4fa4-a97d-d965ccfc6d4b" outcome="Passed" testListId="8c84fa94-04c1-424b-9868-57a2d4851a1d" relativeResultsDirectory="789f30b4-fde3-4a0a-aaad-a3036f1d1a12" />
    <UnitTestResult executionId="648996c7-48b1-4b4f-9011-e3071e484b67" testId="6ca73ebd-56b4-1756-58f8-e75d82906bc5" testName="TestConstructor_Success" computerName="DKSR-EFI-06" duration="00:00:00.0009332" startTime="2024-01-09T15:45:44.3534479+01:00" endTime="2024-01-09T15:45:44.3546601+01:00" testType="13cdc9d9-ddb5-4fa4-a97d-d965ccfc6d4b" outcome="Passed" testListId="8c84fa94-04c1-424b-9868-57a2d4851a1d" relativeResultsDirectory="648996c7-48b1-4b4f-9011-e3071e484b67" />
    <UnitTestResult executionId="b15efc0e-c7f0-498c-8d04-ccacf93420ea" testId="0272379c-7daf-7bd0-3571-0deb6243dd64" testName="ReadXml_ShouldLogWarningOnlyOnceWithinOneMinute_WhenFrameDidNotReadUtcTime" computerName="DKSR-EFI-06" duration="00:00:00.0018300" startTime="2024-01-09T15:45:45.6500025+01:00" endTime="2024-01-09T15:45:45.6520043+01:00" testType="13cdc9d9-ddb5-4fa4-a97d-d965ccfc6d4b" outcome="Passed" testListId="8c84fa94-04c1-424b-9868-57a2d4851a1d" relativeResultsDirectory="b15efc0e-c7f0-498c-8d04-ccacf93420ea" />
    <UnitTestResult executionId="c4cb95c5-db52-4cad-855b-ae4282d4587b" testId="e843bfee-0457-6dab-bf5f-4166d9265b34" testName="ReadXml_ShouldReadTextValue_WhenPresent" computerName="DKSR-EFI-06" duration="00:00:00.0002643" startTime="2024-01-09T15:45:45.0315482+01:00" endTime="2024-01-09T15:45:45.0320091+01:00" testType="13cdc9d9-ddb5-4fa4-a97d-d965ccfc6d4b" outcome="Passed" testListId="8c84fa94-04c1-424b-9868-57a2d4851a1d" relativeResultsDirectory="c4cb95c5-db52-4cad-855b-ae4282d4587b" />
    <UnitTestResult executionId="cf2e0c37-e725-4381-9ff9-230d2fd80039" testId="2278707c-4cb1-7a76-66a2-6338bd3a574d" testName="Equals_ShouldHaveValueSemantics_Always" computerName="DKSR-EFI-06" duration="00:00:00.0005729" startTime="2024-01-09T15:45:44.9991858+01:00" endTime="2024-01-09T15:45:44.9999661+01:00" testType="13cdc9d9-ddb5-4fa4-a97d-d965ccfc6d4b" outcome="Passed" testListId="8c84fa94-04c1-424b-9868-57a2d4851a1d" relativeResultsDirectory="cf2e0c37-e725-4381-9ff9-230d2fd80039" />
    <UnitTestResult executionId="8ca12431-8ba1-47a8-bf28-4548adb4b4b3" testId="527481b0-1273-3dea-68f1-756a76377e7f" testName="ReadXml_ShouldReadMultipleClassCandidates_WhenMultipleCorrectClassCandidatesArePresent" computerName="DKSR-EFI-06" duration="00:00:00.0011036" startTime="2024-01-09T15:45:45.3447663+01:00" endTime="2024-01-09T15:45:45.3460025+01:00" testType="13cdc9d9-ddb5-4fa4-a97d-d965ccfc6d4b" outcome="Passed" testListId="8c84fa94-04c1-424b-9868-57a2d4851a1d" relativeResultsDirectory="8ca12431-8ba1-47a8-bf28-4548adb4b4b3" />
    <UnitTestResult executionId="9758183e-7a12-4866-aa14-853913fe4fe7" testId="e37104f1-0b9f-8085-a237-c134f8aaa64f" testName="Serialize_TestCases (TestParentTypeMatchObjectNotThisTypeMatchedProperty)" computerName="DKSR-EFI-06" duration="00:00:00.0006178" startTime="2024-01-09T15:45:43.0592665+01:00" endTime="2024-01-09T15:45:43.0601906+01:00" testType="13cdc9d9-ddb5-4fa4-a97d-d965ccfc6d4b" outcome="Passed" testListId="8c84fa94-04c1-424b-9868-57a2d4851a1d" relativeResultsDirectory="9758183e-7a12-4866-aa14-853913fe4fe7" />
    <UnitTestResult executionId="961dd2c8-c8c3-4cb1-840d-193744179a95" testId="87ac7461-0d28-cf5d-7698-d8b535ebe6b4" testName="ProvideValue_ShouldChangeText_WhenItemHeaderPropertyNameIsSet" computerName="DKSR-EFI-06" duration="00:00:00.0055619" startTime="2024-01-09T15:45:42.0901073+01:00" endTime="2024-01-09T15:45:42.1037490+01:00" testType="13cdc9d9-ddb5-4fa4-a97d-d965ccfc6d4b" outcome="Passed" testListId="8c84fa94-04c1-424b-9868-57a2d4851a1d" relativeResultsDirectory="961dd2c8-c8c3-4cb1-840d-193744179a95" />
    <UnitTestResult executionId="4f20caae-3b4a-4d86-af5b-fbab18ddc13c" testId="1cfe0934-bee5-966a-0fdd-441157183564" testName="Minimize_ShouldReturnOneInterval_WhenListContainsTwoOverlappingIntervalsAndOneIncludesTheOther" computerName="DKSR-EFI-06" duration="00:00:00.0004981" startTime="2024-01-09T15:45:32.2914445+01:00" endTime="2024-01-09T15:45:32.2920633+01:00" testType="13cdc9d9-ddb5-4fa4-a97d-d965ccfc6d4b" outcome="Passed" testListId="8c84fa94-04c1-424b-9868-57a2d4851a1d" relativeResultsDirectory="4f20caae-3b4a-4d86-af5b-fbab18ddc13c" />
    <UnitTestResult executionId="29384a11-5363-464d-935c-f1e6d19c6569" testId="09fedadb-5b36-4c66-a01b-eb732d278266" testName="GetExpectedToken_ShouldReturnNull_WhenInputTokenHashTypeIsNotSupported" computerName="DKSR-EFI-06" duration="00:00:00.0001572" startTime="2024-01-09T15:45:46.8155664+01:00" endTime="2024-01-09T15:45:46.8158801+01:00" testType="13cdc9d9-ddb5-4fa4-a97d-d965ccfc6d4b" outcome="Passed" testListId="8c84fa94-04c1-424b-9868-57a2d4851a1d" relativeResultsDirectory="29384a11-5363-464d-935c-f1e6d19c6569" />
    <UnitTestResult executionId="cd6abed2-eadb-4701-806d-87de32036162" testId="45a1237f-8398-1e96-4a23-b6a235238101" testName="ReadXml_ShouldReadObject_WhenObjectIsPresent" computerName="DKSR-EFI-06" duration="00:00:00.0033983" startTime="2024-01-09T15:45:45.1054837+01:00" endTime="2024-01-09T15:45:45.1091372+01:00" testType="13cdc9d9-ddb5-4fa4-a97d-d965ccfc6d4b" outcome="Passed" testListId="8c84fa94-04c1-424b-9868-57a2d4851a1d" relativeResultsDirectory="cd6abed2-eadb-4701-806d-87de32036162" />
    <UnitTestResult executionId="0e2b4aaa-1856-407c-836f-ee121de489f5" testId="0465a107-5afa-65eb-a10c-77e89846ff26" testName="GenerateBoundingBoxDevice_ShouldReturnDeviceWithCorrectTypes_WhenAlways" computerName="DKSR-EFI-06" duration="00:00:00.0018547" startTime="2024-01-09T15:45:46.5659324+01:00" endTime="2024-01-09T15:45:46.5680053+01:00" testType="13cdc9d9-ddb5-4fa4-a97d-d965ccfc6d4b" outcome="Passed" testListId="8c84fa94-04c1-424b-9868-57a2d4851a1d" relativeResultsDirectory="0e2b4aaa-1856-407c-836f-ee121de489f5" />
    <UnitTestResult executionId="c948e833-3167-47c0-bd23-f8f7fa9b40d5" testId="f500837b-0f36-671a-c44b-b00267ce6d42" testName="ReadXml_ShouldIgnoreChildren_WhenAlways" computerName="DKSR-EFI-06" duration="00:00:00.0014873" startTime="2024-01-09T15:45:45.0150200+01:00" endTime="2024-01-09T15:45:45.0167654+01:00" testType="13cdc9d9-ddb5-4fa4-a97d-d965ccfc6d4b" outcome="Passed" testListId="8c84fa94-04c1-424b-9868-57a2d4851a1d" relativeResultsDirectory="c948e833-3167-47c0-bd23-f8f7fa9b40d5" />
    <UnitTestResult executionId="f42e256a-0552-48d3-870b-f370ab97a3b0" testId="3c9f7f25-03ba-a9ac-886d-ab6e7acb2b5d" testName="TryParseArgbString_ShouldCreateInstanceWithCorrectARGBValues_WhenFormatIsCorrectButWithWhiteSpaceBeforeOrAfter" computerName="DKSR-EFI-06" duration="00:00:00.0003231" startTime="2024-01-09T15:45:44.9804844+01:00" endTime="2024-01-09T15:45:44.9810136+01:00" testType="13cdc9d9-ddb5-4fa4-a97d-d965ccfc6d4b" outcome="Passed" testListId="8c84fa94-04c1-424b-9868-57a2d4851a1d" relativeResultsDirectory="f42e256a-0552-48d3-870b-f370ab97a3b0" />
    <UnitTestResult executionId="47ab7834-3cd0-401d-bf5a-4c2edc2717fa" testId="c4a13715-7cee-fc42-2f4e-b27563ec4062" testName="Serialize_TestCases (TestParentTypeMatchDecimalNotThisTypeNotMatched)" computerName="DKSR-EFI-06" duration="00:00:00.0004014" startTime="2024-01-09T15:45:43.0207787+01:00" endTime="2024-01-09T15:45:43.0214787+01:00" testType="13cdc9d9-ddb5-4fa4-a97d-d965ccfc6d4b" outcome="Passed" testListId="8c84fa94-04c1-424b-9868-57a2d4851a1d" relativeResultsDirectory="47ab7834-3cd0-401d-bf5a-4c2edc2717fa" />
    <UnitTestResult executionId="438588a5-2bc0-4ebd-a6ce-a0a133466608" testId="ca034712-fc2a-7f2e-fe84-ae45e3bb76cf" testName="GetWithDateTime_ShouldReturnEntryAtOrBefore_WhenDataIsInCache" computerName="DKSR-EFI-06" duration="00:00:00.0018943" startTime="2024-01-09T15:45:46.7556465+01:00" endTime="2024-01-09T15:45:46.7577187+01:00" testType="13cdc9d9-ddb5-4fa4-a97d-d965ccfc6d4b" outcome="Passed" testListId="8c84fa94-04c1-424b-9868-57a2d4851a1d" relativeResultsDirectory="438588a5-2bc0-4ebd-a6ce-a0a133466608" />
    <UnitTestResult executionId="5bfb1327-da2e-479b-a5d4-977c965d6e80" testId="9220b9d9-3c12-4648-b920-916dd862394f" testName="Serialize_TestCases (TestParentTypeMatchCollectionNotThisTypeMatched)" computerName="DKSR-EFI-06" duration="00:00:00.0002444" startTime="2024-01-09T15:45:43.0706581+01:00" endTime="2024-01-09T15:45:43.0712047+01:00" testType="13cdc9d9-ddb5-4fa4-a97d-d965ccfc6d4b" outcome="Passed" testListId="8c84fa94-04c1-424b-9868-57a2d4851a1d" relativeResultsDirectory="5bfb1327-da2e-479b-a5d4-977c965d6e80" />
    <UnitTestResult executionId="2b2a929b-b872-4349-83ec-3b61439f59a9" testId="4f7d823c-5866-aa3b-4a40-ca5bc159ad3e" testName="TestStartSearch_MultipleSearchesOnSameDefinition_WhereLastSearchThrowsException_Success" computerName="DKSR-EFI-06" duration="00:00:00.0092126" startTime="2024-01-09T15:45:43.6463447+01:00" endTime="2024-01-09T15:45:43.6558191+01:00" testType="13cdc9d9-ddb5-4fa4-a97d-d965ccfc6d4b" outcome="Passed" testListId="8c84fa94-04c1-424b-9868-57a2d4851a1d" relativeResultsDirectory="2b2a929b-b872-4349-83ec-3b61439f59a9" />
    <UnitTestResult executionId="63f86820-9116-4162-8320-48c3f6fc95b7" testId="d39f235d-2e7d-3e96-21e3-c8d6d50c5857" testName="Constructor_ShouldThrowArgumentNullException_WhenMacAddressIsNull" computerName="DKSR-EFI-06" duration="00:00:00.0031278" startTime="2024-01-09T15:45:46.4437570+01:00" endTime="2024-01-09T15:45:46.4472526+01:00" testType="13cdc9d9-ddb5-4fa4-a97d-d965ccfc6d4b" outcome="Passed" testListId="8c84fa94-04c1-424b-9868-57a2d4851a1d" relativeResultsDirectory="63f86820-9116-4162-8320-48c3f6fc95b7" />
    <UnitTestResult executionId="768a5a26-39e5-47e7-8e24-3e409b62602d" testId="b8c61cc7-6c99-86e0-a646-53691f4fc54c" testName="FallbackDisplayValue_MultipleValuesSet_ReturnsValueList" computerName="DKSR-EFI-06" duration="00:00:00.0003283" startTime="2024-01-09T15:45:43.2528051+01:00" endTime="2024-01-09T15:45:43.2534241+01:00" testType="13cdc9d9-ddb5-4fa4-a97d-d965ccfc6d4b" outcome="Passed" testListId="8c84fa94-04c1-424b-9868-57a2d4851a1d" relativeResultsDirectory="768a5a26-39e5-47e7-8e24-3e409b62602d" />
    <UnitTestResult executionId="47f9db07-7c76-4e10-a571-2fbd8569c0af" testId="c05fec08-28d3-c263-f7df-c8727f4f0b97" testName="Match_Fail_SystemType_WrongMessage" computerName="DKSR-EFI-06" duration="00:00:00.0004204" startTime="2024-01-09T15:45:45.7019350+01:00" endTime="2024-01-09T15:45:45.7025792+01:00" testType="13cdc9d9-ddb5-4fa4-a97d-d965ccfc6d4b" outcome="Passed" testListId="8c84fa94-04c1-424b-9868-57a2d4851a1d" relativeResultsDirectory="47f9db07-7c76-4e10-a571-2fbd8569c0af" />
    <UnitTestResult executionId="f78c9929-9184-4787-b13d-481f09842ff5" testId="d2a69b62-2638-ec8f-cc97-92c357c5901e" testName="GetNext_ShouldReturnSecondElement_WhenFirstEntryWasCalledAndThereIsAPreviousNext" computerName="DKSR-EFI-06" duration="00:00:00.0003448" startTime="2024-01-09T15:45:46.5068072+01:00" endTime="2024-01-09T15:45:46.5073180+01:00" testType="13cdc9d9-ddb5-4fa4-a97d-d965ccfc6d4b" outcome="Passed" testListId="8c84fa94-04c1-424b-9868-57a2d4851a1d" relativeResultsDirectory="f78c9929-9184-4787-b13d-481f09842ff5" />
    <UnitTestResult executionId="61dafdfc-a53e-4cc1-a373-b96a5b45f718" testId="4488607e-daf9-d699-495a-d1b43687da23" testName="Serialize_TestCases (Verify root Object (not null) property get property value)" computerName="DKSR-EFI-06" duration="00:00:00.0015710" startTime="2024-01-09T15:45:42.9458341+01:00" endTime="2024-01-09T15:45:42.9477073+01:00" testType="13cdc9d9-ddb5-4fa4-a97d-d965ccfc6d4b" outcome="Passed" testListId="8c84fa94-04c1-424b-9868-57a2d4851a1d" relativeResultsDirectory="61dafdfc-a53e-4cc1-a373-b96a5b45f718" />
    <UnitTestResult executionId="7134741e-d56d-4ee3-9a66-1cc394b37c5c" testId="04b4598a-a90c-25b4-3fbf-2283122ff323" testName="GenerateParameters_ShouldOmitCodec_WhenCodecHasNotBeenSet" computerName="DKSR-EFI-06" duration="00:00:00.0008545" startTime="2024-01-09T15:45:46.3724972+01:00" endTime="2024-01-09T15:45:46.3735493+01:00" testType="13cdc9d9-ddb5-4fa4-a97d-d965ccfc6d4b" outcome="Passed" testListId="8c84fa94-04c1-424b-9868-57a2d4851a1d" relativeResultsDirectory="7134741e-d56d-4ee3-9a66-1cc394b37c5c" />
    <UnitTestResult executionId="8ec2c3ad-9325-463a-88b6-d80344a428ef" testId="24f4c2d7-2c1a-d96f-02e1-f48f7d97bc91" testName="JsonObjectTest" computerName="DKSR-EFI-06" duration="00:00:00.0034209" startTime="2024-01-09T15:45:44.4619580+01:00" endTime="2024-01-09T15:45:44.4657676+01:00" testType="13cdc9d9-ddb5-4fa4-a97d-d965ccfc6d4b" outcome="Passed" testListId="8c84fa94-04c1-424b-9868-57a2d4851a1d" relativeResultsDirectory="8ec2c3ad-9325-463a-88b6-d80344a428ef" />
    <UnitTestResult executionId="8d5981c5-67c9-4401-93fb-037003c64006" testId="f8ca46c0-8edb-350c-aedc-71898e183163" testName="RemoveItem_AnalyticsEvent_Fail" computerName="DKSR-EFI-06" duration="00:00:00.0012168" startTime="2024-01-09T15:45:44.7419475+01:00" endTime="2024-01-09T15:45:44.7433702+01:00" testType="13cdc9d9-ddb5-4fa4-a97d-d965ccfc6d4b" outcome="Passed" testListId="8c84fa94-04c1-424b-9868-57a2d4851a1d" relativeResultsDirectory="8d5981c5-67c9-4401-93fb-037003c64006" />
    <UnitTestResult executionId="4497b5cf-c523-46e6-93a2-69a6a1899e17" testId="8a8c7432-7378-2ff6-b3a1-a3b7254f4458" testName="ReadXml_ShouldLogWarningOnlyOnceWithinOneMinute_WhenCenterOfGravityIsIncomplete" computerName="DKSR-EFI-06" duration="00:00:00.0014871" startTime="2024-01-09T15:45:45.5235480+01:00" endTime="2024-01-09T15:45:45.5252113+01:00" testType="13cdc9d9-ddb5-4fa4-a97d-d965ccfc6d4b" outcome="Passed" testListId="8c84fa94-04c1-424b-9868-57a2d4851a1d" relativeResultsDirectory="4497b5cf-c523-46e6-93a2-69a6a1899e17" />
    <UnitTestResult executionId="11a24af9-d88a-4d2a-856a-0420c4840332" testId="61459c18-d69a-002e-99fd-4c0194ecc49d" testName="Equals_For_GuidsOnly" computerName="DKSR-EFI-06" duration="00:00:00.0011202" startTime="2024-01-09T15:45:18.6662879+01:00" endTime="2024-01-09T15:45:18.6675579+01:00" testType="13cdc9d9-ddb5-4fa4-a97d-d965ccfc6d4b" outcome="Passed" testListId="8c84fa94-04c1-424b-9868-57a2d4851a1d" relativeResultsDirectory="11a24af9-d88a-4d2a-856a-0420c4840332" />
    <UnitTestResult executionId="6a650022-886b-48b0-a6d0-10fb0c621f07" testId="d8aec2c2-feb6-0e42-e54d-284965f5dea7" testName="MatchId_Fail_MessageWithAsteriskAtEnd" computerName="DKSR-EFI-06" duration="00:00:00.0001745" startTime="2024-01-09T15:45:45.6649609+01:00" endTime="2024-01-09T15:45:45.6652965+01:00" testType="13cdc9d9-ddb5-4fa4-a97d-d965ccfc6d4b" outcome="Passed" testListId="8c84fa94-04c1-424b-9868-57a2d4851a1d" relativeResultsDirectory="6a650022-886b-48b0-a6d0-10fb0c621f07" />
    <UnitTestResult executionId="ef6d1fdd-5462-42e1-94c6-5b66b6242684" testId="f24b56c9-993c-959d-f90c-97f221d04ce7" testName="Serialize_TestCases (TestParentTypeMatchStructThisTypeNotMatchedProperty)" computerName="DKSR-EFI-06" duration="00:00:00.0004289" startTime="2024-01-09T15:45:43.0351698+01:00" endTime="2024-01-09T15:45:43.0359066+01:00" testType="13cdc9d9-ddb5-4fa4-a97d-d965ccfc6d4b" outcome="Passed" testListId="8c84fa94-04c1-424b-9868-57a2d4851a1d" relativeResultsDirectory="ef6d1fdd-5462-42e1-94c6-5b66b6242684" />
    <UnitTestResult executionId="d98d0635-650d-4379-a843-7a8d46e8261b" testId="6d35c2c3-73b0-8587-396e-ba4ccb5d6691" testName="ProvideValue_ShouldChangeContentTemplate_WhenItemContentTemplatePropertyNameIsSet" computerName="DKSR-EFI-06" duration="00:00:00.0052498" startTime="2024-01-09T15:45:41.9699786+01:00" endTime="2024-01-09T15:45:41.9831164+01:00" testType="13cdc9d9-ddb5-4fa4-a97d-d965ccfc6d4b" outcome="Passed" testListId="8c84fa94-04c1-424b-9868-57a2d4851a1d" relativeResultsDirectory="d98d0635-650d-4379-a843-7a8d46e8261b" />
    <UnitTestResult executionId="ebe567d3-a90a-42ba-9d68-7a88a5107853" testId="a357cf6c-ef79-7a61-f86c-3c3cf29677ef" testName="Remove_ShouldInvokeCallback_WhenObservable" computerName="DKSR-EFI-06" duration="00:00:00.0020700" startTime="2024-01-09T15:45:41.3027574+01:00" endTime="2024-01-09T15:45:41.3119021+01:00" testType="13cdc9d9-ddb5-4fa4-a97d-d965ccfc6d4b" outcome="Passed" testListId="8c84fa94-04c1-424b-9868-57a2d4851a1d" relativeResultsDirectory="ebe567d3-a90a-42ba-9d68-7a88a5107853" />
    <UnitTestResult executionId="125f08a7-18c0-4025-b667-48be85f42e85" testId="b28c88a2-048a-f43d-3028-a27e0105d7d5" testName="MatchId_Success_MessageWithAsteriskAtBegin" computerName="DKSR-EFI-06" duration="00:00:00.0001680" startTime="2024-01-09T15:45:45.6660284+01:00" endTime="2024-01-09T15:45:45.6663583+01:00" testType="13cdc9d9-ddb5-4fa4-a97d-d965ccfc6d4b" outcome="Passed" testListId="8c84fa94-04c1-424b-9868-57a2d4851a1d" relativeResultsDirectory="125f08a7-18c0-4025-b667-48be85f42e85" />
    <UnitTestResult executionId="84ffc645-1f57-4342-8389-0bb651719f15" testId="a9e125d3-70c7-168e-1c81-0d36cf4ad5a1" testName="CollectionReplaced_ShouldInvokeCallback_WhenObservable" computerName="DKSR-EFI-06" duration="00:00:00.0020599" startTime="2024-01-09T15:45:41.5792090+01:00" endTime="2024-01-09T15:45:41.6026392+01:00" testType="13cdc9d9-ddb5-4fa4-a97d-d965ccfc6d4b" outcome="Passed" testListId="8c84fa94-04c1-424b-9868-57a2d4851a1d" relativeResultsDirectory="84ffc645-1f57-4342-8389-0bb651719f15" />
    <UnitTestResult executionId="88e874a9-e214-4304-9648-a5c0d8ee9efe" testId="14a48fdf-998f-a4a7-ad0a-dfa3e87104de" testName="ProvideValue_ShouldUseItemContentTemplate_WhenContentTemplateIsSetOnDropDownAndOnItem" computerName="DKSR-EFI-06" duration="00:00:00.0027686" startTime="2024-01-09T15:45:42.4889403+01:00" endTime="2024-01-09T15:45:42.5304719+01:00" testType="13cdc9d9-ddb5-4fa4-a97d-d965ccfc6d4b" outcome="Passed" testListId="8c84fa94-04c1-424b-9868-57a2d4851a1d" relativeResultsDirectory="88e874a9-e214-4304-9648-a5c0d8ee9efe" />
    <UnitTestResult executionId="10d3d017-2107-4278-8be9-2ddc9512a361" testId="0cd51abe-1287-52a5-9d2e-d556a1306fcb" testName="Set_Int_Invalid" computerName="DKSR-EFI-06" duration="00:00:00.0003718" startTime="2024-01-09T15:45:44.5252969+01:00" endTime="2024-01-09T15:45:44.5258705+01:00" testType="13cdc9d9-ddb5-4fa4-a97d-d965ccfc6d4b" outcome="Passed" testListId="8c84fa94-04c1-424b-9868-57a2d4851a1d" relativeResultsDirectory="10d3d017-2107-4278-8be9-2ddc9512a361" />
    <UnitTestResult executionId="a2ca7c6f-4b65-43c0-8e42-8997ccff1e47" testId="91cfec7e-ef42-5972-8313-05af41252d8d" testName="EqualGuids_Fail_OnObjectId" computerName="DKSR-EFI-06" duration="00:00:00.0003828" startTime="2024-01-09T15:45:18.6681501+01:00" endTime="2024-01-09T15:45:18.6686334+01:00" testType="13cdc9d9-ddb5-4fa4-a97d-d965ccfc6d4b" outcome="Passed" testListId="8c84fa94-04c1-424b-9868-57a2d4851a1d" relativeResultsDirectory="a2ca7c6f-4b65-43c0-8e42-8997ccff1e47" />
    <UnitTestResult executionId="ff705e26-ea9f-4486-854d-c379d5a2ed41" testId="d298d9c7-7d7d-ad15-03cc-8ab9e391d377" testName="ReadXml_ShouldReadScaleContents_WhenScaleIsPresent" computerName="DKSR-EFI-06" duration="00:00:00.0012449" startTime="2024-01-09T15:45:45.5612870+01:00" endTime="2024-01-09T15:45:45.5627394+01:00" testType="13cdc9d9-ddb5-4fa4-a97d-d965ccfc6d4b" outcome="Passed" testListId="8c84fa94-04c1-424b-9868-57a2d4851a1d" relativeResultsDirectory="ff705e26-ea9f-4486-854d-c379d5a2ed41" />
    <UnitTestResult executionId="e41186cf-abce-4a83-9314-3d0c95dc5771" testId="5efa66e3-2c27-3f3b-d94f-51396a42e8dd" testName="Equals_ShouldHaveValueSemantics_WhenAlways" computerName="DKSR-EFI-06" duration="00:00:00.0004462" startTime="2024-01-09T15:45:45.5514486+01:00" endTime="2024-01-09T15:45:45.5520244+01:00" testType="13cdc9d9-ddb5-4fa4-a97d-d965ccfc6d4b" outcome="Passed" testListId="8c84fa94-04c1-424b-9868-57a2d4851a1d" relativeResultsDirectory="e41186cf-abce-4a83-9314-3d0c95dc5771" />
    <UnitTestResult executionId="daea74d6-1fa8-4435-b229-e512e96f2ce6" testId="a53b6d0c-a89a-620c-77ca-f9530854f6a0" testName="ReadXml_ShouldLogWarning_WhenRequiredAttributeIsMissing" computerName="DKSR-EFI-06" duration="00:00:00.0010240" startTime="2024-01-09T15:45:45.0846070+01:00" endTime="2024-01-09T15:45:45.0858364+01:00" testType="13cdc9d9-ddb5-4fa4-a97d-d965ccfc6d4b" outcome="Passed" testListId="8c84fa94-04c1-424b-9868-57a2d4851a1d" relativeResultsDirectory="daea74d6-1fa8-4435-b229-e512e96f2ce6" />
    <UnitTestResult executionId="bc195d4e-b8b8-41ed-8652-948a17f0774a" testId="d16b66ae-362f-7903-ceb9-287ac5bef50c" testName="AllowGroupSelectionFalse_AutoCloseOnSelect_NothingSelected" computerName="DKSR-EFI-06" duration="00:00:00.0004424" startTime="2024-01-09T15:45:40.6389828+01:00" endTime="2024-01-09T15:45:40.6397101+01:00" testType="13cdc9d9-ddb5-4fa4-a97d-d965ccfc6d4b" outcome="Passed" testListId="8c84fa94-04c1-424b-9868-57a2d4851a1d" relativeResultsDirectory="bc195d4e-b8b8-41ed-8652-948a17f0774a" />
    <UnitTestResult executionId="78ae290a-30f9-47c0-ab8e-eb6cbb091a5a" testId="72564ee7-6904-9d2d-9a11-6e408d6771a9" testName="MarkupExtension_ShouldChangeContentTemplate_WhenContentTemplateOnSelectedItemChanges" computerName="DKSR-EFI-06" duration="00:00:00.0048011" startTime="2024-01-09T15:45:42.4217191+01:00" endTime="2024-01-09T15:45:42.4464192+01:00" testType="13cdc9d9-ddb5-4fa4-a97d-d965ccfc6d4b" outcome="Passed" testListId="8c84fa94-04c1-424b-9868-57a2d4851a1d" relativeResultsDirectory="78ae290a-30f9-47c0-ab8e-eb6cbb091a5a" />
    <UnitTestResult executionId="fa0dab41-81ce-4e53-a90d-53d663dd17b0" testId="9cb1dd9b-9567-7d27-369e-add42bb14fb4" testName="AddFilterValue_ExistingValue_NullFilter_Throws" computerName="DKSR-EFI-06" duration="00:00:00.0008258" startTime="2024-01-09T15:45:43.3065290+01:00" endTime="2024-01-09T15:45:43.3076340+01:00" testType="13cdc9d9-ddb5-4fa4-a97d-d965ccfc6d4b" outcome="Passed" testListId="8c84fa94-04c1-424b-9868-57a2d4851a1d" relativeResultsDirectory="fa0dab41-81ce-4e53-a90d-53d663dd17b0" />
    <UnitTestResult executionId="f5fafef4-6a46-4ee2-beb3-08e4ea9cdc6a" testId="7697c577-4d5f-2be5-faec-cf049908ed7a" testName="Serialize_TestCases (TestParentTypeMatchGenericNotThisTypeNotMatched)" computerName="DKSR-EFI-06" duration="00:00:00.0024919" startTime="2024-01-09T15:45:43.1108486+01:00" endTime="2024-01-09T15:45:43.1136750+01:00" testType="13cdc9d9-ddb5-4fa4-a97d-d965ccfc6d4b" outcome="Passed" testListId="8c84fa94-04c1-424b-9868-57a2d4851a1d" relativeResultsDirectory="f5fafef4-6a46-4ee2-beb3-08e4ea9cdc6a" />
    <UnitTestResult executionId="407a4ab8-869c-40eb-9e41-fcb67219fd3f" testId="6936f6b7-d541-8d1e-5703-e65b31721380" testName="Serialize_TestCases (TestParentTypeMatchStructNotThisTypeNotMatched)" computerName="DKSR-EFI-06" duration="00:00:00.0004852" startTime="2024-01-09T15:45:43.0382758+01:00" endTime="2024-01-09T15:45:43.0390614+01:00" testType="13cdc9d9-ddb5-4fa4-a97d-d965ccfc6d4b" outcome="Passed" testListId="8c84fa94-04c1-424b-9868-57a2d4851a1d" relativeResultsDirectory="407a4ab8-869c-40eb-9e41-fcb67219fd3f" />
    <UnitTestResult executionId="3a086bbd-3b99-4d63-9606-7818d6d67191" testId="9551a8f2-f5be-a617-500a-980790ba8737" testName="IsValid_ShouldReturnTrue_WhenTypeHasValueAndLikelihoodIsBetweenZeroAndOne" computerName="DKSR-EFI-06" duration="00:00:00.0002585" startTime="2024-01-09T15:45:44.9310247+01:00" endTime="2024-01-09T15:45:44.9314949+01:00" testType="13cdc9d9-ddb5-4fa4-a97d-d965ccfc6d4b" outcome="Passed" testListId="8c84fa94-04c1-424b-9868-57a2d4851a1d" relativeResultsDirectory="3a086bbd-3b99-4d63-9606-7818d6d67191" />
    <UnitTestResult executionId="6ffbb69b-59fb-4154-ad3c-94dc80c23ea4" testId="ea0e0dc8-9c54-bf6a-2be9-fcc231898886" testName="ReadyToCloseEvent_CancelCommand_SingleSelect_Thrown" computerName="DKSR-EFI-06" duration="00:00:00.0015485" startTime="2024-01-09T15:45:40.6523633+01:00" endTime="2024-01-09T15:45:40.6541459+01:00" testType="13cdc9d9-ddb5-4fa4-a97d-d965ccfc6d4b" outcome="Passed" testListId="8c84fa94-04c1-424b-9868-57a2d4851a1d" relativeResultsDirectory="6ffbb69b-59fb-4154-ad3c-94dc80c23ea4" />
    <UnitTestResult executionId="66814406-84b4-4b07-811b-c9b7d8cebe49" testId="420e5a34-3d7f-4641-51ff-8be4f28538e4" testName="Serialize_ShouldHandleRecursiveCollectionWithCustomRootObject" computerName="DKSR-EFI-06" duration="00:00:00.0035882" startTime="2024-01-09T15:45:42.8293675+01:00" endTime="2024-01-09T15:45:42.8332042+01:00" testType="13cdc9d9-ddb5-4fa4-a97d-d965ccfc6d4b" outcome="Passed" testListId="8c84fa94-04c1-424b-9868-57a2d4851a1d" relativeResultsDirectory="66814406-84b4-4b07-811b-c9b7d8cebe49" />
    <UnitTestResult executionId="e973a468-668a-4732-bd7c-f23c1af56e97" testId="5a81ef7d-e348-ad91-56ea-2f873a9d2e52" testName="ReadXml_ShouldReadObjectContents_WhenObjectIsPresent" computerName="DKSR-EFI-06" duration="00:00:00.0020001" startTime="2024-01-09T15:45:45.1129648+01:00" endTime="2024-01-09T15:45:45.1151658+01:00" testType="13cdc9d9-ddb5-4fa4-a97d-d965ccfc6d4b" outcome="Passed" testListId="8c84fa94-04c1-424b-9868-57a2d4851a1d" relativeResultsDirectory="e973a468-668a-4732-bd7c-f23c1af56e97" />
    <UnitTestResult executionId="52c482d2-603e-4885-9900-0381156b7045" testId="60143918-8d3e-3cea-ec1f-f42a487ede4c" testName="SearchResultData_Title_Success" computerName="DKSR-EFI-06" duration="00:00:00.0004922" startTime="2024-01-09T15:45:43.7572326+01:00" endTime="2024-01-09T15:45:43.7579413+01:00" testType="13cdc9d9-ddb5-4fa4-a97d-d965ccfc6d4b" outcome="Passed" testListId="8c84fa94-04c1-424b-9868-57a2d4851a1d" relativeResultsDirectory="52c482d2-603e-4885-9900-0381156b7045" />
    <UnitTestResult executionId="caaa11f4-727a-4d79-a2c6-d018ba29cdb3" testId="d2d1d21b-c98b-721d-a336-85243335bc1f" testName="Populate_SearchTextSet_SearchFilter_False" computerName="DKSR-EFI-06" duration="00:00:00.0307605" startTime="2024-01-09T15:45:41.0570778+01:00" endTime="2024-01-09T15:45:41.0881077+01:00" testType="13cdc9d9-ddb5-4fa4-a97d-d965ccfc6d4b" outcome="Passed" testListId="8c84fa94-04c1-424b-9868-57a2d4851a1d" relativeResultsDirectory="caaa11f4-727a-4d79-a2c6-d018ba29cdb3" />
  </Results>
  <TestDefinitions>
    <UnitTest name="WriteMetadataXml_ShouldThrowArgumentNullException_WhenMetadataIsNullWithStream" storage="d:\actions-runner\_work\xpco\xpco\allsolutions\..\mip\platformplugin\videoos.platform\unittest\bin\debug\net6.0-windows\videoos.platform.tests.dll" id="0479c184-1f1e-07e0-e9bf-b787331a6833">
      <Execution id="cb82ee78-f75b-4fb1-aecd-6d5818579d25" />
      <TestMethod codeBase="D:\actions-runner\_work\XPCO\XPCO\AllSolutions\..\MIP\PlatformPlugin\VideoOS.Platform\unittest\bin\Debug\net6.0-windows\VideoOS.Platform.Tests.dll" adapterTypeName="executor://mstestadapter/v2" className="VideoOS.Platform.Tests.Metadata.MetadataSerializerTests" name="WriteMetadataXml_ShouldThrowArgumentNullException_WhenMetadataIsNullWithStream" />
    </UnitTest>
    <UnitTest name="Convert_MultiArgumentConverter_ShouldThrowArgumentException_WhenArgumentTypeMismatch" storage="d:\actions-runner\_work\xpco\xpco\allsolutions\..\mip\platformplugin\videoos.platform\unittest\bin\debug\net6.0-windows\videoos.platform.tests.dll" id="6abc30a4-9771-c1aa-9f1c-ff3c0e9f8896">
      <Execution id="cce48238-80c7-427f-b9c0-13ff76433385" />
      <TestMethod codeBase="D:\actions-runner\_work\XPCO\XPCO\AllSolutions\..\MIP\PlatformPlugin\VideoOS.Platform\unittest\bin\Debug\net6.0-windows\VideoOS.Platform.Tests.dll" adapterTypeName="executor://mstestadapter/v2" className="VideoOS.Platform.Tests.UI.Converters.LambdaConverterTest" name="Convert_MultiArgumentConverter_ShouldThrowArgumentException_WhenArgumentTypeMismatch" />
    </UnitTest>
    <UnitTest name="Equals_ShouldReturnFalse_WhenOnlyIdsAreDifferent" storage="d:\actions-runner\_work\xpco\xpco\allsolutions\..\mip\platformplugin\videoos.platform\unittest\bin\debug\net6.0-windows\videoos.platform.tests.dll" id="8e518cf6-5cc7-9578-86bd-3ad3afaceaf7">
      <Execution id="d4b1d7da-d9d7-40cb-89c5-8cc6207cb468" />
      <TestMethod codeBase="D:\actions-runner\_work\XPCO\XPCO\AllSolutions\..\MIP\PlatformPlugin\VideoOS.Platform\unittest\bin\Debug\net6.0-windows\VideoOS.Platform.Tests.dll" adapterTypeName="executor://mstestadapter/v2" className="VideoOS.Platform.Tests.ServerIdTests" name="Equals_ShouldReturnFalse_WhenOnlyIdsAreDifferent" />
    </UnitTest>
    <UnitTest name="IsValidSelectionCallback_ReturnsTrue_ItemSelected" storage="d:\actions-runner\_work\xpco\xpco\allsolutions\..\mip\platformplugin\videoos.platform\unittest\bin\debug\net6.0-windows\videoos.platform.tests.dll" id="bb7fb76c-e069-4fd0-bdf8-cc43e62b4ee4">
      <Execution id="1116211f-04ff-4937-9420-fdcf268e06cd" />
      <TestMethod codeBase="D:\actions-runner\_work\XPCO\XPCO\AllSolutions\..\MIP\PlatformPlugin\VideoOS.Platform\unittest\bin\Debug\net6.0-windows\VideoOS.Platform.Tests.dll" adapterTypeName="executor://mstestadapter/v2" className="VideoOS.Platform.Tests.UI.ItemPicker.ItemPickerViewModelTest" name="IsValidSelectionCallback_ReturnsTrue_ItemSelected" />
    </UnitTest>
    <UnitTest name="ReadXml_ShouldReadShape_WhenShapeIsPresent" storage="d:\actions-runner\_work\xpco\xpco\allsolutions\..\mip\platformplugin\videoos.platform\unittest\bin\debug\net6.0-windows\videoos.platform.tests.dll" id="21519acc-d56e-4959-c4c3-f48c7006fe27">
      <Execution id="e2e56429-01d6-4388-9a15-b6189574c461" />
      <TestMethod codeBase="D:\actions-runner\_work\XPCO\XPCO\AllSolutions\..\MIP\PlatformPlugin\VideoOS.Platform\unittest\bin\Debug\net6.0-windows\VideoOS.Platform.Tests.dll" adapterTypeName="executor://mstestadapter/v2" className="VideoOS.Platform.Tests.Metadata.AppearanceTests" name="ReadXml_ShouldReadShape_WhenShapeIsPresent" />
    </UnitTest>
    <UnitTest name="GetPreviousDateTime_ShouldReturnLastDataEntityFromSecondToolkitCall_WhenDateIsEqualOrBeforeLastCachedValue" storage="d:\actions-runner\_work\xpco\xpco\allsolutions\..\mip\platformplugin\videoos.platform\unittest\bin\debug\net6.0-windows\videoos.platform.tests.dll" id="f1b429c9-236c-37a4-5790-ad48b8bcac95">
      <Execution id="532db9be-79dd-4320-a69c-1f5738c1c0d2" />
      <TestMethod codeBase="D:\actions-runner\_work\XPCO\XPCO\AllSolutions\..\MIP\PlatformPlugin\VideoOS.Platform\unittest\bin\Debug\net6.0-windows\VideoOS.Platform.Tests.dll" adapterTypeName="executor://mstestadapter/v2" className="VideoOS.Platform.Tests.Data.MetadataPlaybackSourceTests" name="GetPreviousDateTime_ShouldReturnLastDataEntityFromSecondToolkitCall_WhenDateIsEqualOrBeforeLastCachedValue" />
    </UnitTest>
    <UnitTest name="Serialize_TestCases (TestParentTypeMatchObjectThisTypeNotMatchedProperty)" storage="d:\actions-runner\_work\xpco\xpco\allsolutions\..\mip\platformplugin\videoos.platform\unittest\bin\debug\net6.0-windows\videoos.platform.tests.dll" id="ea293987-3f38-3bb5-dd17-e36fb9072559">
      <Execution id="1db5eb42-b66c-40b0-a570-9337083eea13" />
      <TestMethod codeBase="D:\actions-runner\_work\XPCO\XPCO\AllSolutions\..\MIP\PlatformPlugin\VideoOS.Platform\unittest\bin\Debug\net6.0-windows\VideoOS.Platform.Tests.dll" adapterTypeName="executor://mstestadapter/v2" className="VideoOS.Platform.Tests.UI.Controls.Automation.Serialization.AutomationObjectSerializerTest" name="Serialize_TestCases" />
    </UnitTest>
    <UnitTest name="Serialize_TestCases (Verify root Collection (null) property)" storage="d:\actions-runner\_work\xpco\xpco\allsolutions\..\mip\platformplugin\videoos.platform\unittest\bin\debug\net6.0-windows\videoos.platform.tests.dll" id="212d269e-e227-2ffb-7701-8181bcaf4ecf">
      <Execution id="efd0f85f-743d-4516-874d-443d161c2066" />
      <TestMethod codeBase="D:\actions-runner\_work\XPCO\XPCO\AllSolutions\..\MIP\PlatformPlugin\VideoOS.Platform\unittest\bin\Debug\net6.0-windows\VideoOS.Platform.Tests.dll" adapterTypeName="executor://mstestadapter/v2" className="VideoOS.Platform.Tests.UI.Controls.Automation.Serialization.AutomationObjectSerializerTest" name="Serialize_TestCases" />
    </UnitTest>
    <UnitTest name="ReadXml_ShouldLogWarningOnlyOnceWithinOneMinute_WhenRequiredAttributeIsMissing" storage="d:\actions-runner\_work\xpco\xpco\allsolutions\..\mip\platformplugin\videoos.platform\unittest\bin\debug\net6.0-windows\videoos.platform.tests.dll" id="96d51fc2-2cbe-e312-cc7e-6899f3431cc7">
      <Execution id="c3c33537-76d6-4224-acf7-9c37f1aae514" />
      <TestMethod codeBase="D:\actions-runner\_work\XPCO\XPCO\AllSolutions\..\MIP\PlatformPlugin\VideoOS.Platform\unittest\bin\Debug\net6.0-windows\VideoOS.Platform.Tests.dll" adapterTypeName="executor://mstestadapter/v2" className="VideoOS.Platform.Tests.Metadata.FrameTests" name="ReadXml_ShouldLogWarningOnlyOnceWithinOneMinute_WhenRequiredAttributeIsMissing" />
    </UnitTest>
    <UnitTest name="ProvideValue_ShouldUseContentTemplateFromItem_WhenItemContentTemplateIsSet" storage="d:\actions-runner\_work\xpco\xpco\allsolutions\..\mip\platformplugin\videoos.platform\unittest\bin\debug\net6.0-windows\videoos.platform.tests.dll" id="e0743512-14b2-153f-50d2-6849d822eb82">
      <TestCategory>
        <TestCategoryItem TestCategory="TabControls" />
      </TestCategory>
      <Execution id="3d59cd19-1578-4e95-ad65-301bc2e1a500" />
      <TestMethod codeBase="D:\actions-runner\_work\XPCO\XPCO\AllSolutions\..\MIP\PlatformPlugin\VideoOS.Platform\unittest\bin\Debug\net6.0-windows\VideoOS.Platform.Tests.dll" adapterTypeName="executor://mstestadapter/v2" className="VideoOS.Platform.Tests.UI.Controls.TabControls.Internal.Primary.ItemContentTemplateExtensionTest" name="ProvideValue_ShouldUseContentTemplateFromItem_WhenItemContentTemplateIsSet" />
    </UnitTest>
    <UnitTest name="Parse_UnstartedBracket" storage="d:\actions-runner\_work\xpco\xpco\allsolutions\..\mip\platformplugin\videoos.platform\unittest\bin\debug\net6.0-windows\videoos.platform.tests.dll" id="19d3a582-cf55-1f18-55fd-1cbf218e3c1b">
      <Execution id="ed872b1c-5d22-4cce-8de8-b82411d1e410" />
      <TestMethod codeBase="D:\actions-runner\_work\XPCO\XPCO\AllSolutions\..\MIP\PlatformPlugin\VideoOS.Platform\unittest\bin\Debug\net6.0-windows\VideoOS.Platform.Tests.dll" adapterTypeName="executor://mstestadapter/v2" className="VideoOS.Platform.Tests.Proxy.RestApi.JsonReaderTests" name="Parse_UnstartedBracket" />
    </UnitTest>
    <UnitTest name="Contains_CameraKind_Checked" storage="d:\actions-runner\_work\xpco\xpco\allsolutions\..\mip\platformplugin\videoos.platform\unittest\bin\debug\net6.0-windows\videoos.platform.tests.dll" id="426fd024-0e4c-9e4a-2e43-44c5266f80d0">
      <Execution id="5d0fabfe-4d71-451d-8db5-66ebaf38de00" />
      <TestMethod codeBase="D:\actions-runner\_work\XPCO\XPCO\AllSolutions\..\MIP\PlatformPlugin\VideoOS.Platform\unittest\bin\Debug\net6.0-windows\VideoOS.Platform.Tests.dll" adapterTypeName="executor://mstestadapter/v2" className="VideoOS.Platform.Tests.FQIDtests" name="Contains_CameraKind_Checked" />
    </UnitTest>
    <UnitTest name="ReadXml_ShouldDiscardCenterOfGravity_WhenIncompleteCenterOfGravityIsPresent" storage="d:\actions-runner\_work\xpco\xpco\allsolutions\..\mip\platformplugin\videoos.platform\unittest\bin\debug\net6.0-windows\videoos.platform.tests.dll" id="27f0a424-dd24-08ba-788b-f15f39b1c327">
      <Execution id="796ca923-c315-4958-a5fa-0faa8691c1f6" />
      <TestMethod codeBase="D:\actions-runner\_work\XPCO\XPCO\AllSolutions\..\MIP\PlatformPlugin\VideoOS.Platform\unittest\bin\Debug\net6.0-windows\VideoOS.Platform.Tests.dll" adapterTypeName="executor://mstestadapter/v2" className="VideoOS.Platform.Tests.Metadata.ShapeTests" name="ReadXml_ShouldDiscardCenterOfGravity_WhenIncompleteCenterOfGravityIsPresent" />
    </UnitTest>
    <UnitTest name="Contains_With_Null_Fails" storage="d:\actions-runner\_work\xpco\xpco\allsolutions\..\mip\platformplugin\videoos.platform\unittest\bin\debug\net6.0-windows\videoos.platform.tests.dll" id="6ca72b6b-0033-ee05-80aa-21dc1f0119ea">
      <Execution id="73259720-f63c-4e9e-ac7c-9cdd646a37b9" />
      <TestMethod codeBase="D:\actions-runner\_work\XPCO\XPCO\AllSolutions\..\MIP\PlatformPlugin\VideoOS.Platform\unittest\bin\Debug\net6.0-windows\VideoOS.Platform.Tests.dll" adapterTypeName="executor://mstestadapter/v2" className="VideoOS.Platform.Tests.FQIDtests" name="Contains_With_Null_Fails" />
    </UnitTest>
    <UnitTest name="ReadXml_ShouldIgnoreUnknownChildren_WhenUnknownChildrenArePresent" storage="d:\actions-runner\_work\xpco\xpco\allsolutions\..\mip\platformplugin\videoos.platform\unittest\bin\debug\net6.0-windows\videoos.platform.tests.dll" id="88c1b25e-ba16-57cd-c6d8-d1d74e524e76">
      <Execution id="0f99cd7c-b40f-4db7-ac79-fe24884490ae" />
      <TestMethod codeBase="D:\actions-runner\_work\XPCO\XPCO\AllSolutions\..\MIP\PlatformPlugin\VideoOS.Platform\unittest\bin\Debug\net6.0-windows\VideoOS.Platform.Tests.dll" adapterTypeName="executor://mstestadapter/v2" className="VideoOS.Platform.Tests.Metadata.ShapeTests" name="ReadXml_ShouldIgnoreUnknownChildren_WhenUnknownChildrenArePresent" />
    </UnitTest>
    <UnitTest name="Equals_IgnoreFolderType_Fail_OnObjectString" storage="d:\actions-runner\_work\xpco\xpco\allsolutions\..\mip\platformplugin\videoos.platform\unittest\bin\debug\net6.0-windows\videoos.platform.tests.dll" id="68f5557d-4bd5-ebae-3a22-537c1702d781">
      <Execution id="09e428c2-48be-49e4-9429-60ae293f2c95" />
      <TestMethod codeBase="D:\actions-runner\_work\XPCO\XPCO\AllSolutions\..\MIP\PlatformPlugin\VideoOS.Platform\unittest\bin\Debug\net6.0-windows\VideoOS.Platform.Tests.dll" adapterTypeName="executor://mstestadapter/v2" className="VideoOS.Platform.Tests.FQIDtests" name="Equals_IgnoreFolderType_Fail_OnObjectString" />
    </UnitTest>
    <UnitTest name="CollectionReplaced_ShouldInvokeCallback_WhenNotObservable" storage="d:\actions-runner\_work\xpco\xpco\allsolutions\..\mip\platformplugin\videoos.platform\unittest\bin\debug\net6.0-windows\videoos.platform.tests.dll" id="cb7e38b0-12f4-dfad-65ae-f93a1147794e">
      <Execution id="41f3ce0e-3770-4948-87a0-26ffc42bcf1a" />
      <TestMethod codeBase="D:\actions-runner\_work\XPCO\XPCO\AllSolutions\..\MIP\PlatformPlugin\VideoOS.Platform\unittest\bin\Debug\net6.0-windows\VideoOS.Platform.Tests.dll" adapterTypeName="executor://mstestadapter/v2" className="VideoOS.Platform.Tests.UI.Controls.CollectionHelperGenericTest" name="CollectionReplaced_ShouldInvokeCallback_WhenNotObservable" />
    </UnitTest>
    <UnitTest name="ReadXml_ShouldLogWarning_WhenRequiredAttributeIsMissing" storage="d:\actions-runner\_work\xpco\xpco\allsolutions\..\mip\platformplugin\videoos.platform\unittest\bin\debug\net6.0-windows\videoos.platform.tests.dll" id="de470450-f311-009d-203e-62ec8452adf9">
      <Execution id="3069993b-6587-4df5-9257-91aeb0539b78" />
      <TestMethod codeBase="D:\actions-runner\_work\XPCO\XPCO\AllSolutions\..\MIP\PlatformPlugin\VideoOS.Platform\unittest\bin\Debug\net6.0-windows\VideoOS.Platform.Tests.dll" adapterTypeName="executor://mstestadapter/v2" className="VideoOS.Platform.Tests.Metadata.RectangleTests" name="ReadXml_ShouldLogWarning_WhenRequiredAttributeIsMissing" />
    </UnitTest>
    <UnitTest name="GenerateEnumValueParameters_ShouldWriteDisplayId_WhenAlways" storage="d:\actions-runner\_work\xpco\xpco\allsolutions\..\mip\platformplugin\videoos.platform\unittest\bin\debug\net6.0-windows\videoos.platform.tests.dll" id="8685a0cc-8f6c-e530-6b25-43918c6d87aa">
      <Execution id="83b9e150-2187-4b55-8cb3-2f022c62144c" />
      <TestMethod codeBase="D:\actions-runner\_work\XPCO\XPCO\AllSolutions\..\MIP\PlatformPlugin\VideoOS.Platform\unittest\bin\Debug\net6.0-windows\VideoOS.Platform.Tests.dll" adapterTypeName="executor://mstestadapter/v2" className="VideoOS.Platform.Tests.Data.EnumCapabilityValueTests" name="GenerateEnumValueParameters_ShouldWriteDisplayId_WhenAlways" />
    </UnitTest>
    <UnitTest name="Ctor_OneStandardFilter_Success" storage="d:\actions-runner\_work\xpco\xpco\allsolutions\..\mip\platformplugin\videoos.platform\unittest\bin\debug\net6.0-windows\videoos.platform.tests.dll" id="322a76e2-9465-203a-fa3f-db73d4f489c4">
      <TestCategory>
        <TestCategoryItem TestCategory="Search" />
      </TestCategory>
      <Execution id="b1492eef-33a4-4c37-ac7a-33a0eefc3d2f" />
      <TestMethod codeBase="D:\actions-runner\_work\XPCO\XPCO\AllSolutions\..\MIP\PlatformPlugin\VideoOS.Platform\unittest\bin\Debug\net6.0-windows\VideoOS.Platform.Tests.dll" adapterTypeName="executor://mstestadapter/v2" className="VideoOS.Platform.Tests.Search.FilterCategories.PersonSearchFilterCategoryTest" name="Ctor_OneStandardFilter_Success" />
    </UnitTest>
    <UnitTest name="WriteXml_ShouldWriteTypeAndLikelihoodElements_WhenAlways" storage="d:\actions-runner\_work\xpco\xpco\allsolutions\..\mip\platformplugin\videoos.platform\unittest\bin\debug\net6.0-windows\videoos.platform.tests.dll" id="a68618ea-e0dc-05b4-e76f-a11a2f3f297e">
      <Execution id="5d0c594b-ccdf-4e32-9517-540ab2174e36" />
      <TestMethod codeBase="D:\actions-runner\_work\XPCO\XPCO\AllSolutions\..\MIP\PlatformPlugin\VideoOS.Platform\unittest\bin\Debug\net6.0-windows\VideoOS.Platform.Tests.dll" adapterTypeName="executor://mstestadapter/v2" className="VideoOS.Platform.Tests.Metadata.ClassCandidateTests" name="WriteXml_ShouldWriteTypeAndLikelihoodElements_WhenAlways" />
    </UnitTest>
    <UnitTest name="Add_NullKey_Throws" storage="d:\actions-runner\_work\xpco\xpco\allsolutions\..\mip\platformplugin\videoos.platform\unittest\bin\debug\net6.0-windows\videoos.platform.tests.dll" id="6e2943e4-1567-7531-b5b0-13aaeb4e80e3">
      <Execution id="aa92e1c1-6131-46da-ad3d-7d2643104301" />
      <TestMethod codeBase="D:\actions-runner\_work\XPCO\XPCO\AllSolutions\..\MIP\PlatformPlugin\VideoOS.Platform\unittest\bin\Debug\net6.0-windows\VideoOS.Platform.Tests.dll" adapterTypeName="executor://mstestadapter/v2" className="VideoOS.Platform.Tests.Util.Queue.LRUCacheTests" name="Add_NullKey_Throws" />
    </UnitTest>
    <UnitTest name="IsValidSelectionCallback_ReturnsFalse_ItemNotSelected" storage="d:\actions-runner\_work\xpco\xpco\allsolutions\..\mip\platformplugin\videoos.platform\unittest\bin\debug\net6.0-windows\videoos.platform.tests.dll" id="8875b738-a9e1-7286-389a-f8981f6da4cd">
      <Execution id="1193aae7-87a4-4811-9c54-027cc02afdc0" />
      <TestMethod codeBase="D:\actions-runner\_work\XPCO\XPCO\AllSolutions\..\MIP\PlatformPlugin\VideoOS.Platform\unittest\bin\Debug\net6.0-windows\VideoOS.Platform.Tests.dll" adapterTypeName="executor://mstestadapter/v2" className="VideoOS.Platform.Tests.UI.ItemPicker.ItemPickerViewModelTest" name="IsValidSelectionCallback_ReturnsFalse_ItemNotSelected" />
    </UnitTest>
    <UnitTest name="Append_PropertyKey_String_Parted" storage="d:\actions-runner\_work\xpco\xpco\allsolutions\..\mip\platformplugin\videoos.platform\unittest\bin\debug\net6.0-windows\videoos.platform.tests.dll" id="eb183710-44b3-ddea-c66c-e6cc35890656">
      <Execution id="984f7c48-83d5-4b3a-b193-527b8091bff5" />
      <TestMethod codeBase="D:\actions-runner\_work\XPCO\XPCO\AllSolutions\..\MIP\PlatformPlugin\VideoOS.Platform\unittest\bin\Debug\net6.0-windows\VideoOS.Platform.Tests.dll" adapterTypeName="executor://mstestadapter/v2" className="VideoOS.Platform.Tests.Proxy.RestApi.JsonBuilderTests" name="Append_PropertyKey_String_Parted" />
    </UnitTest>
    <UnitTest name="GetCompatibilityHandler_ShouldThrownMIPException_WhenServerVersionCannotBeResolved" storage="d:\actions-runner\_work\xpco\xpco\allsolutions\..\mip\platformplugin\videoos.platform\unittest\bin\debug\net6.0-windows\videoos.platform.tests.dll" id="c1dba330-ca0d-dce5-8eda-7974894f22ca">
      <Execution id="05819c3a-e203-4c64-b697-a0a204cc5abb" />
      <TestMethod codeBase="D:\actions-runner\_work\XPCO\XPCO\AllSolutions\..\MIP\PlatformPlugin\VideoOS.Platform\unittest\bin\Debug\net6.0-windows\VideoOS.Platform.Tests.dll" adapterTypeName="executor://mstestadapter/v2" className="VideoOS.Platform.Tests.License.LicenseManagerTests" name="GetCompatibilityHandler_ShouldThrownMIPException_WhenServerVersionCannotBeResolved" />
    </UnitTest>
    <UnitTest name="ParsingAndSerializing_ShouldPreserveDataIntegrety" storage="d:\actions-runner\_work\xpco\xpco\allsolutions\..\mip\platformplugin\videoos.platform\unittest\bin\debug\net6.0-windows\videoos.platform.tests.dll" id="bd4bf395-8f98-04c2-c5f8-cab1c6647ef1">
      <Execution id="3deaf0f8-5d65-49de-8a4d-0137f35db9bc" />
      <TestMethod codeBase="D:\actions-runner\_work\XPCO\XPCO\AllSolutions\..\MIP\PlatformPlugin\VideoOS.Platform\unittest\bin\Debug\net6.0-windows\VideoOS.Platform.Tests.dll" adapterTypeName="executor://mstestadapter/v2" className="VideoOS.Platform.Tests.Metadata.MetadataDeserializerTests" name="ParsingAndSerializing_ShouldPreserveDataIntegrety" />
    </UnitTest>
    <UnitTest name="Serialize_TestCases (TestParentTypeMatchIntNotThisTypeNotMatched)" storage="d:\actions-runner\_work\xpco\xpco\allsolutions\..\mip\platformplugin\videoos.platform\unittest\bin\debug\net6.0-windows\videoos.platform.tests.dll" id="7b7abe39-6582-946d-a290-7c10dfc90b2f">
      <Execution id="677704c9-9ac8-4ed1-90b8-77610d125673" />
      <TestMethod codeBase="D:\actions-runner\_work\XPCO\XPCO\AllSolutions\..\MIP\PlatformPlugin\VideoOS.Platform\unittest\bin\Debug\net6.0-windows\VideoOS.Platform.Tests.dll" adapterTypeName="executor://mstestadapter/v2" className="VideoOS.Platform.Tests.UI.Controls.Automation.Serialization.AutomationObjectSerializerTest" name="Serialize_TestCases" />
    </UnitTest>
    <UnitTest name="Clone_Camera_Fails_Checked" storage="d:\actions-runner\_work\xpco\xpco\allsolutions\..\mip\platformplugin\videoos.platform\unittest\bin\debug\net6.0-windows\videoos.platform.tests.dll" id="4b43a64c-589e-4267-f17d-15d04a909013">
      <Execution id="3d9d2aac-c130-4306-9b50-ba03aa7aae83" />
      <TestMethod codeBase="D:\actions-runner\_work\XPCO\XPCO\AllSolutions\..\MIP\PlatformPlugin\VideoOS.Platform\unittest\bin\Debug\net6.0-windows\VideoOS.Platform.Tests.dll" adapterTypeName="executor://mstestadapter/v2" className="VideoOS.Platform.Tests.FQIDtests" name="Clone_Camera_Fails_Checked" />
    </UnitTest>
    <UnitTest name="Serialize_ShouldHandleCollectionFilter_WhenMatchingCollectionItemsTypeAndItMatchesOnlySubset" storage="d:\actions-runner\_work\xpco\xpco\allsolutions\..\mip\platformplugin\videoos.platform\unittest\bin\debug\net6.0-windows\videoos.platform.tests.dll" id="fcd4df18-362b-5413-023a-c55cb23032da">
      <Execution id="f05768ad-f0cc-4848-9011-daffcd421d39" />
      <TestMethod codeBase="D:\actions-runner\_work\XPCO\XPCO\AllSolutions\..\MIP\PlatformPlugin\VideoOS.Platform\unittest\bin\Debug\net6.0-windows\VideoOS.Platform.Tests.dll" adapterTypeName="executor://mstestadapter/v2" className="VideoOS.Platform.Tests.UI.Controls.Automation.Serialization.AutomationObjectSerializerTypeFilterTests" name="Serialize_ShouldHandleCollectionFilter_WhenMatchingCollectionItemsTypeAndItMatchesOnlySubset" />
    </UnitTest>
    <UnitTest name="Serialize_TestCases (TestParentTypeMatchDoubleNotThisTypeNotMatched)" storage="d:\actions-runner\_work\xpco\xpco\allsolutions\..\mip\platformplugin\videoos.platform\unittest\bin\debug\net6.0-windows\videoos.platform.tests.dll" id="dc8473a2-1a56-3e30-355f-f99d732efb88">
      <Execution id="e43ffc1a-4a08-4a2e-81e9-68cb1909ed03" />
      <TestMethod codeBase="D:\actions-runner\_work\XPCO\XPCO\AllSolutions\..\MIP\PlatformPlugin\VideoOS.Platform\unittest\bin\Debug\net6.0-windows\VideoOS.Platform.Tests.dll" adapterTypeName="executor://mstestadapter/v2" className="VideoOS.Platform.Tests.UI.Controls.Automation.Serialization.AutomationObjectSerializerTest" name="Serialize_TestCases" />
    </UnitTest>
    <UnitTest name="ReadXml_ShouldReadTransformation_WhenTransformationIsPresent" storage="d:\actions-runner\_work\xpco\xpco\allsolutions\..\mip\platformplugin\videoos.platform\unittest\bin\debug\net6.0-windows\videoos.platform.tests.dll" id="793b121d-bd99-21ec-f905-c7a3bfbc43cf">
      <Execution id="8c6e8f0c-6bb3-49e2-b7f4-062e7ac0b2ec" />
      <TestMethod codeBase="D:\actions-runner\_work\XPCO\XPCO\AllSolutions\..\MIP\PlatformPlugin\VideoOS.Platform\unittest\bin\Debug\net6.0-windows\VideoOS.Platform.Tests.dll" adapterTypeName="executor://mstestadapter/v2" className="VideoOS.Platform.Tests.Metadata.AppearanceTests" name="ReadXml_ShouldReadTransformation_WhenTransformationIsPresent" />
    </UnitTest>
    <UnitTest name="SearchResultData_BeginTimeWithPaddingUnset_ShouldReturnBeginTime" storage="d:\actions-runner\_work\xpco\xpco\allsolutions\..\mip\platformplugin\videoos.platform\unittest\bin\debug\net6.0-windows\videoos.platform.tests.dll" id="5c8be7a3-8036-a747-4753-97244e6fc863">
      <TestCategory>
        <TestCategoryItem TestCategory="Search" />
      </TestCategory>
      <Execution id="f30989e4-e1fb-4ba6-8be3-2c950c5c75ec" />
      <TestMethod codeBase="D:\actions-runner\_work\XPCO\XPCO\AllSolutions\..\MIP\PlatformPlugin\VideoOS.Platform\unittest\bin\Debug\net6.0-windows\VideoOS.Platform.Tests.dll" adapterTypeName="executor://mstestadapter/v2" className="VideoOS.Platform.Tests.Search.SearchResultDataTest" name="SearchResultData_BeginTimeWithPaddingUnset_ShouldReturnBeginTime" />
    </UnitTest>
    <UnitTest name="GetFilterValues_SingleValueAdded_ReturnsValue" storage="d:\actions-runner\_work\xpco\xpco\allsolutions\..\mip\platformplugin\videoos.platform\unittest\bin\debug\net6.0-windows\videoos.platform.tests.dll" id="60908717-d1cb-9971-94f7-facca727b89c">
      <TestCategory>
        <TestCategoryItem TestCategory="Search" />
      </TestCategory>
      <Execution id="1a55b807-26a0-4b5a-a0e5-abcf8fa9d20c" />
      <TestMethod codeBase="D:\actions-runner\_work\XPCO\XPCO\AllSolutions\..\MIP\PlatformPlugin\VideoOS.Platform\unittest\bin\Debug\net6.0-windows\VideoOS.Platform.Tests.dll" adapterTypeName="executor://mstestadapter/v2" className="VideoOS.Platform.Tests.Search.SearchCriteriaTest" name="GetFilterValues_SingleValueAdded_ReturnsValue" />
    </UnitTest>
    <UnitTest name="HorizontalAccuracy_ShouldThrowArgumentOfRange_WhenValueIsOutsideAcceptedRange" storage="d:\actions-runner\_work\xpco\xpco\allsolutions\..\mip\platformplugin\videoos.platform\unittest\bin\debug\net6.0-windows\videoos.platform.tests.dll" id="890cd7d3-d5de-1eb5-735a-80921ce3d8c1">
      <Execution id="e7dfd1d2-49a6-45c5-9d41-be56e6c7f279" />
      <TestMethod codeBase="D:\actions-runner\_work\XPCO\XPCO\AllSolutions\..\MIP\PlatformPlugin\VideoOS.Platform\unittest\bin\Debug\net6.0-windows\VideoOS.Platform.Tests.dll" adapterTypeName="executor://mstestadapter/v2" className="VideoOS.Platform.Tests.Metadata.NavigationalDataTests" name="HorizontalAccuracy_ShouldThrowArgumentOfRange_WhenValueIsOutsideAcceptedRange" />
    </UnitTest>
    <UnitTest name="SetCacheContents_ShuldInvalidateLastReturnedElementIndexSoGetNextAnd_WhenAlways" storage="d:\actions-runner\_work\xpco\xpco\allsolutions\..\mip\platformplugin\videoos.platform\unittest\bin\debug\net6.0-windows\videoos.platform.tests.dll" id="9a2c2caa-e4e4-6aa8-3062-315f42f6a4ed">
      <Execution id="1431b67d-5ada-43c2-8b75-dd69be36f4bb" />
      <TestMethod codeBase="D:\actions-runner\_work\XPCO\XPCO\AllSolutions\..\MIP\PlatformPlugin\VideoOS.Platform\unittest\bin\Debug\net6.0-windows\VideoOS.Platform.Tests.dll" adapterTypeName="executor://mstestadapter/v2" className="VideoOS.Platform.Tests.Data.MetadataCacheTests" name="SetCacheContents_ShuldInvalidateLastReturnedElementIndexSoGetNextAnd_WhenAlways" />
    </UnitTest>
    <UnitTest name="TestConstructor_Success" storage="d:\actions-runner\_work\xpco\xpco\allsolutions\..\mip\platformplugin\videoos.platform\unittest\bin\debug\net6.0-windows\videoos.platform.tests.dll" id="6ca73ebd-56b4-1756-58f8-e75d82906bc5">
      <Execution id="648996c7-48b1-4b4f-9011-e3071e484b67" />
      <TestMethod codeBase="D:\actions-runner\_work\XPCO\XPCO\AllSolutions\..\MIP\PlatformPlugin\VideoOS.Platform\unittest\bin\Debug\net6.0-windows\VideoOS.Platform.Tests.dll" adapterTypeName="executor://mstestadapter/v2" className="VideoOS.Platform.Tests.Search.Error.ServerNotAvailableSearchErrorTest" name="TestConstructor_Success" />
    </UnitTest>
    <UnitTest name="Serialize_TestCases (TestParentTypeMatchObjectThisTypeMatchedProperty)" storage="d:\actions-runner\_work\xpco\xpco\allsolutions\..\mip\platformplugin\videoos.platform\unittest\bin\debug\net6.0-windows\videoos.platform.tests.dll" id="49d3e4e4-be09-c24f-6884-4d663f775ecc">
      <Execution id="8132168d-d455-4ff0-849f-3979bb6136a1" />
      <TestMethod codeBase="D:\actions-runner\_work\XPCO\XPCO\AllSolutions\..\MIP\PlatformPlugin\VideoOS.Platform\unittest\bin\Debug\net6.0-windows\VideoOS.Platform.Tests.dll" adapterTypeName="executor://mstestadapter/v2" className="VideoOS.Platform.Tests.UI.Controls.Automation.Serialization.AutomationObjectSerializerTest" name="Serialize_TestCases" />
    </UnitTest>
    <UnitTest name="Remove_ItemNotInQueue_NoChange" storage="d:\actions-runner\_work\xpco\xpco\allsolutions\..\mip\platformplugin\videoos.platform\unittest\bin\debug\net6.0-windows\videoos.platform.tests.dll" id="6c89edff-e640-ffef-eff3-e38e5c9bbb28">
      <Execution id="ce609a83-8204-427b-acd0-2f68fc8a8cdc" />
      <TestMethod codeBase="D:\actions-runner\_work\XPCO\XPCO\AllSolutions\..\MIP\PlatformPlugin\VideoOS.Platform\unittest\bin\Debug\net6.0-windows\VideoOS.Platform.Tests.dll" adapterTypeName="executor://mstestadapter/v2" className="VideoOS.Platform.Tests.Util.Queue.ConcurrentQueueSlimTests" name="Remove_ItemNotInQueue_NoChange" />
    </UnitTest>
    <UnitTest name="WriteXml_ShouldWriteAllClassCandidates_WhenThereAreMultipleClassCandidatesPresent" storage="d:\actions-runner\_work\xpco\xpco\allsolutions\..\mip\platformplugin\videoos.platform\unittest\bin\debug\net6.0-windows\videoos.platform.tests.dll" id="4bcbb7d4-08c1-9252-8fa2-fa28745614be">
      <Execution id="1f59ea7e-7366-40f8-a160-b6dcd4062f2e" />
      <TestMethod codeBase="D:\actions-runner\_work\XPCO\XPCO\AllSolutions\..\MIP\PlatformPlugin\VideoOS.Platform\unittest\bin\Debug\net6.0-windows\VideoOS.Platform.Tests.dll" adapterTypeName="executor://mstestadapter/v2" className="VideoOS.Platform.Tests.Metadata.OnvifClassTests" name="WriteXml_ShouldWriteAllClassCandidates_WhenThereAreMultipleClassCandidatesPresent" />
    </UnitTest>
    <UnitTest name="GetEnd_ShouldReturnNull_WhenToolkitReturnsNull" storage="d:\actions-runner\_work\xpco\xpco\allsolutions\..\mip\platformplugin\videoos.platform\unittest\bin\debug\net6.0-windows\videoos.platform.tests.dll" id="5ce0e781-04f1-5244-6eeb-240f14509129">
      <Execution id="b3389466-43c6-4ff0-9a49-9e44d4b67f30" />
      <TestMethod codeBase="D:\actions-runner\_work\XPCO\XPCO\AllSolutions\..\MIP\PlatformPlugin\VideoOS.Platform\unittest\bin\Debug\net6.0-windows\VideoOS.Platform.Tests.dll" adapterTypeName="executor://mstestadapter/v2" className="VideoOS.Platform.Tests.Data.MetadataPlaybackSourceTests" name="GetEnd_ShouldReturnNull_WhenToolkitReturnsNull" />
    </UnitTest>
    <UnitTest name="ReadXml_ShouldSetUtcTimeToMinimumDateTime_WhenUtcTimeAttributeIsPresentButNotParsable" storage="d:\actions-runner\_work\xpco\xpco\allsolutions\..\mip\platformplugin\videoos.platform\unittest\bin\debug\net6.0-windows\videoos.platform.tests.dll" id="da9bdaf7-bb7b-c4ed-24c1-5ff24e912e57">
      <Execution id="5b9d54d6-97cc-4fd2-98f5-98f6249bf90a" />
      <TestMethod codeBase="D:\actions-runner\_work\XPCO\XPCO\AllSolutions\..\MIP\PlatformPlugin\VideoOS.Platform\unittest\bin\Debug\net6.0-windows\VideoOS.Platform.Tests.dll" adapterTypeName="executor://mstestadapter/v2" className="VideoOS.Platform.Tests.Metadata.FrameTests" name="ReadXml_ShouldSetUtcTimeToMinimumDateTime_WhenUtcTimeAttributeIsPresentButNotParsable" />
    </UnitTest>
    <UnitTest name="GenerateDeviceParameters_ShouldWriteCorrectQuality_WhenQualityIsInRange" storage="d:\actions-runner\_work\xpco\xpco\allsolutions\..\mip\platformplugin\videoos.platform\unittest\bin\debug\net6.0-windows\videoos.platform.tests.dll" id="2106ce31-ab6d-dc05-4702-f8a1d8cb40da">
      <Execution id="37ccc01f-98c8-40fc-8048-f5032d9786d3" />
      <TestMethod codeBase="D:\actions-runner\_work\XPCO\XPCO\AllSolutions\..\MIP\PlatformPlugin\VideoOS.Platform\unittest\bin\Debug\net6.0-windows\VideoOS.Platform.Tests.dll" adapterTypeName="executor://mstestadapter/v2" className="VideoOS.Platform.Tests.Data.CameraDeviceDefinitionTests" name="GenerateDeviceParameters_ShouldWriteCorrectQuality_WhenQualityIsInRange" />
    </UnitTest>
    <UnitTest name="GenerateDeviceParameters_ShouldWriteNumberOfTypeDefintions_WhenAlways" storage="d:\actions-runner\_work\xpco\xpco\allsolutions\..\mip\platformplugin\videoos.platform\unittest\bin\debug\net6.0-windows\videoos.platform.tests.dll" id="ad962b0e-987d-63ea-d90a-c4db7582df00">
      <Execution id="af963471-5014-4411-9d91-52b1ce6cf153" />
      <TestMethod codeBase="D:\actions-runner\_work\XPCO\XPCO\AllSolutions\..\MIP\PlatformPlugin\VideoOS.Platform\unittest\bin\Debug\net6.0-windows\VideoOS.Platform.Tests.dll" adapterTypeName="executor://mstestadapter/v2" className="VideoOS.Platform.Tests.Data.MetadataDeviceDefintionTests" name="GenerateDeviceParameters_ShouldWriteNumberOfTypeDefintions_WhenAlways" />
    </UnitTest>
    <UnitTest name="Serialize_TestCases (TestParentTypeMatchStructThisTypeNotMatched)" storage="d:\actions-runner\_work\xpco\xpco\allsolutions\..\mip\platformplugin\videoos.platform\unittest\bin\debug\net6.0-windows\videoos.platform.tests.dll" id="7f8bbaf1-206b-a0aa-eea7-dbbbfa082a2a">
      <Execution id="9bc8ae3d-937d-4728-835b-d12484c530fb" />
      <TestMethod codeBase="D:\actions-runner\_work\XPCO\XPCO\AllSolutions\..\MIP\PlatformPlugin\VideoOS.Platform\unittest\bin\Debug\net6.0-windows\VideoOS.Platform.Tests.dll" adapterTypeName="executor://mstestadapter/v2" className="VideoOS.Platform.Tests.UI.Controls.Automation.Serialization.AutomationObjectSerializerTest" name="Serialize_TestCases" />
    </UnitTest>
    <UnitTest name="Minimize_ShouldReturnOneInterval_WhenListContainsTwoOverlappingIntervals" storage="d:\actions-runner\_work\xpco\xpco\allsolutions\..\mip\platformplugin\videoos.platform\unittest\bin\debug\net6.0-windows\videoos.platform.tests.dll" id="66008b6f-5831-0af0-c7ea-7bf08df5fe34">
      <Execution id="2fbd0624-df5d-4a6c-92ad-1bb2b81bfcdd" />
      <TestMethod codeBase="D:\actions-runner\_work\XPCO\XPCO\AllSolutions\..\MIP\PlatformPlugin\VideoOS.Platform\unittest\bin\Debug\net6.0-windows\VideoOS.Platform.Tests.dll" adapterTypeName="executor://mstestadapter/v2" className="VideoOS.Platform.Tests.Util.TimeIntervalTests" name="Minimize_ShouldReturnOneInterval_WhenListContainsTwoOverlappingIntervals" />
    </UnitTest>
    <UnitTest name="GetAllFrames_ShouldReturnFramesForSingleVideoAnalytics_WhenThereIsOneVideoAnalytics" storage="d:\actions-runner\_work\xpco\xpco\allsolutions\..\mip\platformplugin\videoos.platform\unittest\bin\debug\net6.0-windows\videoos.platform.tests.dll" id="e5d77a31-6b9f-c926-244b-f6a80ab8552d">
      <Execution id="f30b0214-087c-4672-8b61-9a46ab92e1cf" />
      <TestMethod codeBase="D:\actions-runner\_work\XPCO\XPCO\AllSolutions\..\MIP\PlatformPlugin\VideoOS.Platform\unittest\bin\Debug\net6.0-windows\VideoOS.Platform.Tests.dll" adapterTypeName="executor://mstestadapter/v2" className="VideoOS.Platform.Tests.Metadata.MetadataStreamTests" name="GetAllFrames_ShouldReturnFramesForSingleVideoAnalytics_WhenThereIsOneVideoAnalytics" />
    </UnitTest>
    <UnitTest name="Serialize_TestCases (Verify root Decimal property)" storage="d:\actions-runner\_work\xpco\xpco\allsolutions\..\mip\platformplugin\videoos.platform\unittest\bin\debug\net6.0-windows\videoos.platform.tests.dll" id="37b49210-15f4-b4b5-dcb1-b6b4bc4cb5a0">
      <Execution id="77dbe143-d87d-4706-9876-8526f0dd5650" />
      <TestMethod codeBase="D:\actions-runner\_work\XPCO\XPCO\AllSolutions\..\MIP\PlatformPlugin\VideoOS.Platform\unittest\bin\Debug\net6.0-windows\VideoOS.Platform.Tests.dll" adapterTypeName="executor://mstestadapter/v2" className="VideoOS.Platform.Tests.UI.Controls.Automation.Serialization.AutomationObjectSerializerTest" name="Serialize_TestCases" />
    </UnitTest>
    <UnitTest name="Add_ShouldNotReplaceLastElement_WhenStartTimeOfLastIsDifferentFromAdded" storage="d:\actions-runner\_work\xpco\xpco\allsolutions\..\mip\platformplugin\videoos.platform\unittest\bin\debug\net6.0-windows\videoos.platform.tests.dll" id="c8844d95-6b3e-d2a5-0238-e17eb53985e3">
      <Execution id="17e38293-762c-4a50-aa91-2be474c5a008" />
      <TestMethod codeBase="D:\actions-runner\_work\XPCO\XPCO\AllSolutions\..\MIP\PlatformPlugin\VideoOS.Platform\unittest\bin\Debug\net6.0-windows\VideoOS.Platform.Tests.dll" adapterTypeName="executor://mstestadapter/v2" className="VideoOS.Platform.Tests.Client.SequenceCacheTests" name="Add_ShouldNotReplaceLastElement_WhenStartTimeOfLastIsDifferentFromAdded" />
    </UnitTest>
    <UnitTest name="GetNearest_ShouldReturnNearestData_WhenTimestampIsInMiddleOfDataReturnedFromToolkit" storage="d:\actions-runner\_work\xpco\xpco\allsolutions\..\mip\platformplugin\videoos.platform\unittest\bin\debug\net6.0-windows\videoos.platform.tests.dll" id="af3c7f95-5484-075f-8f9e-acca11c99bc5">
      <Execution id="3ddfb824-6c2f-46d5-bd07-15b711ea25a6" />
      <TestMethod codeBase="D:\actions-runner\_work\XPCO\XPCO\AllSolutions\..\MIP\PlatformPlugin\VideoOS.Platform\unittest\bin\Debug\net6.0-windows\VideoOS.Platform.Tests.dll" adapterTypeName="executor://mstestadapter/v2" className="VideoOS.Platform.Tests.Data.MetadataPlaybackSourceTests" name="GetNearest_ShouldReturnNearestData_WhenTimestampIsInMiddleOfDataReturnedFromToolkit" />
    </UnitTest>
    <UnitTest name="ResolveIconSource_ResourceIconsAndDefinedIcons_ShouldBeIdentical" storage="d:\actions-runner\_work\xpco\xpco\allsolutions\..\mip\platformplugin\videoos.platform\unittest\bin\debug\net6.0-windows\videoos.platform.tests.dll" id="18b9af22-bb6c-f1cc-eab9-198fe04c78c2">
      <TestCategory>
        <TestCategoryItem TestCategory="Icons" />
      </TestCategory>
      <Execution id="33189c00-f59e-4063-a159-e4c4adaf73f8" />
      <TestMethod codeBase="D:\actions-runner\_work\XPCO\XPCO\AllSolutions\..\MIP\PlatformPlugin\VideoOS.Platform\unittest\bin\Debug\net6.0-windows\VideoOS.Platform.Tests.dll" adapterTypeName="executor://mstestadapter/v2" className="VideoOS.Platform.Tests.UI.Controls.Icons.VideoOSIconBuiltInSourceTest" name="ResolveIconSource_ResourceIconsAndDefinedIcons_ShouldBeIdentical" />
    </UnitTest>
    <UnitTest name="Peek_StoppedQueue_ReturnsNull" storage="d:\actions-runner\_work\xpco\xpco\allsolutions\..\mip\platformplugin\videoos.platform\unittest\bin\debug\net6.0-windows\videoos.platform.tests.dll" id="9292478f-daf1-afe9-9c29-f4faf9350c76">
      <Execution id="fcda2d11-1495-4302-a680-d1ecdeadc575" />
      <TestMethod codeBase="D:\actions-runner\_work\XPCO\XPCO\AllSolutions\..\MIP\PlatformPlugin\VideoOS.Platform\unittest\bin\Debug\net6.0-windows\VideoOS.Platform.Tests.dll" adapterTypeName="executor://mstestadapter/v2" className="VideoOS.Platform.Tests.Util.Queue.ConcurrentQueueSlimTests" name="Peek_StoppedQueue_ReturnsNull" />
    </UnitTest>
    <UnitTest name="TestMultiLevelQueue_TwoLevels_Success" storage="d:\actions-runner\_work\xpco\xpco\allsolutions\..\mip\platformplugin\videoos.platform\unittest\bin\debug\net6.0-windows\videoos.platform.tests.dll" id="1b0c1c74-735e-804d-2d38-1a48ef66c47a">
      <Execution id="13aa531e-1e5d-4259-bf15-db3eb08c498e" />
      <TestMethod codeBase="D:\actions-runner\_work\XPCO\XPCO\AllSolutions\..\MIP\PlatformPlugin\VideoOS.Platform\unittest\bin\Debug\net6.0-windows\VideoOS.Platform.Tests.dll" adapterTypeName="executor://mstestadapter/v2" className="VideoOS.Platform.Tests.Util.Queue.MultiLevelResourceQueueTests" name="TestMultiLevelQueue_TwoLevels_Success" />
    </UnitTest>
    <UnitTest name="Equals_Fail_OnObjectString" storage="d:\actions-runner\_work\xpco\xpco\allsolutions\..\mip\platformplugin\videoos.platform\unittest\bin\debug\net6.0-windows\videoos.platform.tests.dll" id="897d70f0-e357-0848-3b55-d93cbcae3720">
      <Execution id="675dfde3-603d-4d0b-be5b-0040fc1f6286" />
      <TestMethod codeBase="D:\actions-runner\_work\XPCO\XPCO\AllSolutions\..\MIP\PlatformPlugin\VideoOS.Platform\unittest\bin\Debug\net6.0-windows\VideoOS.Platform.Tests.dll" adapterTypeName="executor://mstestadapter/v2" className="VideoOS.Platform.Tests.FQIDtests" name="Equals_Fail_OnObjectString" />
    </UnitTest>
    <UnitTest name="GetGenderFilterValues_FilterValueMissing_ReturnsEmptyCollection" storage="d:\actions-runner\_work\xpco\xpco\allsolutions\..\mip\platformplugin\videoos.platform\unittest\bin\debug\net6.0-windows\videoos.platform.tests.dll" id="7b6494d9-14d1-e703-8dce-eacd52852ebc">
      <TestCategory>
        <TestCategoryItem TestCategory="Search" />
      </TestCategory>
      <Execution id="1ea352fe-7946-42c6-9e0d-eacfb60be4f7" />
      <TestMethod codeBase="D:\actions-runner\_work\XPCO\XPCO\AllSolutions\..\MIP\PlatformPlugin\VideoOS.Platform\unittest\bin\Debug\net6.0-windows\VideoOS.Platform.Tests.dll" adapterTypeName="executor://mstestadapter/v2" className="VideoOS.Platform.Tests.Search.FilterCategories.PersonSearchFilterCategoryTest" name="GetGenderFilterValues_FilterValueMissing_ReturnsEmptyCollection" />
    </UnitTest>
    <UnitTest name="ObjectId_ShouldReturnConstructorValue_WhenSetInConstructor" storage="d:\actions-runner\_work\xpco\xpco\allsolutions\..\mip\platformplugin\videoos.platform\unittest\bin\debug\net6.0-windows\videoos.platform.tests.dll" id="1e86b1ae-4010-c39e-71f3-3cc7adcf6881">
      <Execution id="c214935d-22d1-4aaa-b443-a2baa551f997" />
      <TestMethod codeBase="D:\actions-runner\_work\XPCO\XPCO\AllSolutions\..\MIP\PlatformPlugin\VideoOS.Platform\unittest\bin\Debug\net6.0-windows\VideoOS.Platform.Tests.dll" adapterTypeName="executor://mstestadapter/v2" className="VideoOS.Platform.Tests.Metadata.OnvifObjectTests" name="ObjectId_ShouldReturnConstructorValue_WhenSetInConstructor" />
    </UnitTest>
    <UnitTest name="DoubleRangeFilterValue_Deserialize_Success" storage="d:\actions-runner\_work\xpco\xpco\allsolutions\..\mip\platformplugin\videoos.platform\unittest\bin\debug\net6.0-windows\videoos.platform.tests.dll" id="e3aed149-0356-8224-e951-0cb2d3727ba3">
      <TestCategory>
        <TestCategoryItem TestCategory="Search" />
      </TestCategory>
      <Execution id="0b7819d8-6ce1-4fc9-a25d-8af51db25ec0" />
      <TestMethod codeBase="D:\actions-runner\_work\XPCO\XPCO\AllSolutions\..\MIP\PlatformPlugin\VideoOS.Platform\unittest\bin\Debug\net6.0-windows\VideoOS.Platform.Tests.dll" adapterTypeName="executor://mstestadapter/v2" className="VideoOS.Platform.Tests.Search.FilterValues.FilterValueTests" name="DoubleRangeFilterValue_Deserialize_Success" />
    </UnitTest>
    <UnitTest name="Enabled_Properties_With_Enable_Yes_success" storage="d:\actions-runner\_work\xpco\xpco\allsolutions\..\mip\platformplugin\videoos.platform\unittest\bin\debug\net6.0-windows\videoos.platform.tests.dll" id="f2c9789b-ec5f-6518-f2c0-b2ab50a92288">
      <Execution id="94b0b2c7-3b24-491e-8e0c-4017dec4226a" />
      <TestMethod codeBase="D:\actions-runner\_work\XPCO\XPCO\AllSolutions\..\MIP\PlatformPlugin\VideoOS.Platform\unittest\bin\Debug\net6.0-windows\VideoOS.Platform.Tests.dll" adapterTypeName="executor://mstestadapter/v2" className="VideoOS.Platform.Tests.ItemTests" name="Enabled_Properties_With_Enable_Yes_success" />
    </UnitTest>
    <UnitTest name="ReadXml_ShouldLogWarning_WhenBoundingBoxIsIncomplete" storage="d:\actions-runner\_work\xpco\xpco\allsolutions\..\mip\platformplugin\videoos.platform\unittest\bin\debug\net6.0-windows\videoos.platform.tests.dll" id="55e8e49d-3677-ba1c-fee3-b06a721808bd">
      <Execution id="fcf3dcc3-52ca-4db4-b7da-a353037dcc7f" />
      <TestMethod codeBase="D:\actions-runner\_work\XPCO\XPCO\AllSolutions\..\MIP\PlatformPlugin\VideoOS.Platform\unittest\bin\Debug\net6.0-windows\VideoOS.Platform.Tests.dll" adapterTypeName="executor://mstestadapter/v2" className="VideoOS.Platform.Tests.Metadata.ShapeTests" name="ReadXml_ShouldLogWarning_WhenBoundingBoxIsIncomplete" />
    </UnitTest>
    <UnitTest name="CountByItems_Activated_Empty" storage="d:\actions-runner\_work\xpco\xpco\allsolutions\..\mip\platformplugin\videoos.platform\unittest\bin\debug\net6.0-windows\videoos.platform.tests.dll" id="1ffa1bf6-fb8e-b8ef-fe84-530e8f551d9d">
      <Execution id="ac02af82-69a6-474a-9cb7-32b581721874" />
      <TestMethod codeBase="D:\actions-runner\_work\XPCO\XPCO\AllSolutions\..\MIP\PlatformPlugin\VideoOS.Platform\unittest\bin\Debug\net6.0-windows\VideoOS.Platform.Tests.dll" adapterTypeName="executor://mstestadapter/v2" className="VideoOS.Platform.Tests.License.ResolvedLicenseCountTest" name="CountByItems_Activated_Empty" />
    </UnitTest>
    <UnitTest name="Set_String_In_Array" storage="d:\actions-runner\_work\xpco\xpco\allsolutions\..\mip\platformplugin\videoos.platform\unittest\bin\debug\net6.0-windows\videoos.platform.tests.dll" id="b3df3f39-3ac5-afed-24ec-7a145316d997">
      <Execution id="6bd0f773-cc07-4326-b1bf-c47117702524" />
      <TestMethod codeBase="D:\actions-runner\_work\XPCO\XPCO\AllSolutions\..\MIP\PlatformPlugin\VideoOS.Platform\unittest\bin\Debug\net6.0-windows\VideoOS.Platform.Tests.dll" adapterTypeName="executor://mstestadapter/v2" className="VideoOS.Platform.Tests.Proxy.RestApi.JsonReaderTests" name="Set_String_In_Array" />
    </UnitTest>
    <UnitTest name="GenerateDeviceCapabilityParameters_ShouldWriteTypeName_WhenAlways" storage="d:\actions-runner\_work\xpco\xpco\allsolutions\..\mip\platformplugin\videoos.platform\unittest\bin\debug\net6.0-windows\videoos.platform.tests.dll" id="262c3c73-7b65-0063-be55-7b0feb97027d">
      <Execution id="363e9ed3-170f-42c2-9175-3cd8f88ac818" />
      <TestMethod codeBase="D:\actions-runner\_work\XPCO\XPCO\AllSolutions\..\MIP\PlatformPlugin\VideoOS.Platform\unittest\bin\Debug\net6.0-windows\VideoOS.Platform.Tests.dll" adapterTypeName="executor://mstestadapter/v2" className="VideoOS.Platform.Tests.Data.MetadataDeviceCapabilityTests" name="GenerateDeviceCapabilityParameters_ShouldWriteTypeName_WhenAlways" />
    </UnitTest>
    <UnitTest name="OnErrorOccurred_EventHandler_NotifiedWithCorrectParameters" storage="d:\actions-runner\_work\xpco\xpco\allsolutions\..\mip\platformplugin\videoos.platform\unittest\bin\debug\net6.0-windows\videoos.platform.tests.dll" id="6bf15edc-a1d0-adf1-a3aa-fde4bdad9f83">
      <TestCategory>
        <TestCategoryItem TestCategory="Search" />
      </TestCategory>
      <Execution id="12cc6d09-271a-4454-b5d3-2685d6c2a067" />
      <TestMethod codeBase="D:\actions-runner\_work\XPCO\XPCO\AllSolutions\..\MIP\PlatformPlugin\VideoOS.Platform\unittest\bin\Debug\net6.0-windows\VideoOS.Platform.Tests.dll" adapterTypeName="executor://mstestadapter/v2" className="VideoOS.Platform.Tests.Search.SearchDefinitionTest" name="OnErrorOccurred_EventHandler_NotifiedWithCorrectParameters" />
    </UnitTest>
    <UnitTest name="Serialize_ShouldHandleRecursiveCollection" storage="d:\actions-runner\_work\xpco\xpco\allsolutions\..\mip\platformplugin\videoos.platform\unittest\bin\debug\net6.0-windows\videoos.platform.tests.dll" id="ed293078-f25c-eb2e-8912-33515871c1a2">
      <Execution id="163c5a86-bde5-479e-b4f4-d04a5d7ce4d4" />
      <TestMethod codeBase="D:\actions-runner\_work\XPCO\XPCO\AllSolutions\..\MIP\PlatformPlugin\VideoOS.Platform\unittest\bin\Debug\net6.0-windows\VideoOS.Platform.Tests.dll" adapterTypeName="executor://mstestadapter/v2" className="VideoOS.Platform.Tests.UI.Controls.Automation.Serialization.AutomationObjectSerializerRecursionTests" name="Serialize_ShouldHandleRecursiveCollection" />
    </UnitTest>
    <UnitTest name="Equals_ShouldHaveValueSemantics_Always" storage="d:\actions-runner\_work\xpco\xpco\allsolutions\..\mip\platformplugin\videoos.platform\unittest\bin\debug\net6.0-windows\videoos.platform.tests.dll" id="2278707c-4cb1-7a76-66a2-6338bd3a574d">
      <Execution id="cf2e0c37-e725-4381-9ff9-230d2fd80039" />
      <TestMethod codeBase="D:\actions-runner\_work\XPCO\XPCO\AllSolutions\..\MIP\PlatformPlugin\VideoOS.Platform\unittest\bin\Debug\net6.0-windows\VideoOS.Platform.Tests.dll" adapterTypeName="executor://mstestadapter/v2" className="VideoOS.Platform.Tests.Metadata.DisplayColorTests" name="Equals_ShouldHaveValueSemantics_Always" />
    </UnitTest>
    <UnitTest name="Equals_ShouldHaveValueSemantics_WhenAlways" storage="d:\actions-runner\_work\xpco\xpco\allsolutions\..\mip\platformplugin\videoos.platform\unittest\bin\debug\net6.0-windows\videoos.platform.tests.dll" id="a0b09ab1-22b3-e8a0-7021-5f5ed2380424">
      <Execution id="11adc859-3abf-4947-a92c-b9c82e225eb8" />
      <TestMethod codeBase="D:\actions-runner\_work\XPCO\XPCO\AllSolutions\..\MIP\PlatformPlugin\VideoOS.Platform\unittest\bin\Debug\net6.0-windows\VideoOS.Platform.Tests.dll" adapterTypeName="executor://mstestadapter/v2" className="VideoOS.Platform.Tests.Metadata.RectangleTests" name="Equals_ShouldHaveValueSemantics_WhenAlways" />
    </UnitTest>
    <UnitTest name="ReadXml_ShouldReadSizeAttribute_WhenPresent" storage="d:\actions-runner\_work\xpco\xpco\allsolutions\..\mip\platformplugin\videoos.platform\unittest\bin\debug\net6.0-windows\videoos.platform.tests.dll" id="a64907b4-47a9-4e3a-b6b0-be37e2d164ea">
      <Execution id="9fd4edb5-e7e6-449a-bbc2-568a20f44073" />
      <TestMethod codeBase="D:\actions-runner\_work\XPCO\XPCO\AllSolutions\..\MIP\PlatformPlugin\VideoOS.Platform\unittest\bin\Debug\net6.0-windows\VideoOS.Platform.Tests.dll" adapterTypeName="executor://mstestadapter/v2" className="VideoOS.Platform.Tests.Metadata.DisplayTextTests" name="ReadXml_ShouldReadSizeAttribute_WhenPresent" />
    </UnitTest>
    <UnitTest name="Equals_ShouldReturnTrue_WhenHostIsTextualLocalhostAndOtherHostIsDottedDecimalThisNetwork" storage="d:\actions-runner\_work\xpco\xpco\allsolutions\..\mip\platformplugin\videoos.platform\unittest\bin\debug\net6.0-windows\videoos.platform.tests.dll" id="42e8385e-9428-8ed0-dceb-a1eac93d91de">
      <Execution id="0d55cc23-5c0c-46a1-9aef-43140f9d3ca7" />
      <TestMethod codeBase="D:\actions-runner\_work\XPCO\XPCO\AllSolutions\..\MIP\PlatformPlugin\VideoOS.Platform\unittest\bin\Debug\net6.0-windows\VideoOS.Platform.Tests.dll" adapterTypeName="executor://mstestadapter/v2" className="VideoOS.Platform.Tests.ServerIdTests" name="Equals_ShouldReturnTrue_WhenHostIsTextualLocalhostAndOtherHostIsDottedDecimalThisNetwork" />
    </UnitTest>
    <UnitTest name="GetMetadataObjectIdsAsync_FirstInvocationCancelled_DelegatedToInternalMethodOnce" storage="d:\actions-runner\_work\xpco\xpco\allsolutions\..\mip\platformplugin\videoos.platform\unittest\bin\debug\net6.0-windows\videoos.platform.tests.dll" id="fd660d88-e617-79d3-f7ee-c5b3a97b4585">
      <TestCategory>
        <TestCategoryItem TestCategory="Search" />
      </TestCategory>
      <Execution id="7197c070-41dd-4961-b8fa-6ad64e001e4d" />
      <TestMethod codeBase="D:\actions-runner\_work\XPCO\XPCO\AllSolutions\..\MIP\PlatformPlugin\VideoOS.Platform\unittest\bin\Debug\net6.0-windows\VideoOS.Platform.Tests.dll" adapterTypeName="executor://mstestadapter/v2" className="VideoOS.Platform.Tests.Search.SearchResultDataTest" name="GetMetadataObjectIdsAsync_FirstInvocationCancelled_DelegatedToInternalMethodOnce" />
    </UnitTest>
    <UnitTest name="GetPrevious_ShouldReturnEntryBeforeLastReturnedEntry_WhenFindCacheEntryBeforeWasCalledAndThereIsAPreviousEntry" storage="d:\actions-runner\_work\xpco\xpco\allsolutions\..\mip\platformplugin\videoos.platform\unittest\bin\debug\net6.0-windows\videoos.platform.tests.dll" id="1cd3273e-4fe1-8213-74a3-0afca1364b2a">
      <Execution id="e3588ef0-e5a6-415d-a77a-bf528527edde" />
      <TestMethod codeBase="D:\actions-runner\_work\XPCO\XPCO\AllSolutions\..\MIP\PlatformPlugin\VideoOS.Platform\unittest\bin\Debug\net6.0-windows\VideoOS.Platform.Tests.dll" adapterTypeName="executor://mstestadapter/v2" className="VideoOS.Platform.Tests.Data.MetadataCacheTests" name="GetPrevious_ShouldReturnEntryBeforeLastReturnedEntry_WhenFindCacheEntryBeforeWasCalledAndThereIsAPreviousEntry" />
    </UnitTest>
    <UnitTest name="Parse_MixedArray" storage="d:\actions-runner\_work\xpco\xpco\allsolutions\..\mip\platformplugin\videoos.platform\unittest\bin\debug\net6.0-windows\videoos.platform.tests.dll" id="654a7cf9-90b9-03f9-bc66-64198ac9caf1">
      <Execution id="6bb3a391-b4f4-488b-9273-0c3df038bebf" />
      <TestMethod codeBase="D:\actions-runner\_work\XPCO\XPCO\AllSolutions\..\MIP\PlatformPlugin\VideoOS.Platform\unittest\bin\Debug\net6.0-windows\VideoOS.Platform.Tests.dll" adapterTypeName="executor://mstestadapter/v2" className="VideoOS.Platform.Tests.Proxy.RestApi.JsonReaderTests" name="Parse_MixedArray" />
    </UnitTest>
    <UnitTest name="GenerateParameters_ShouldWriteCodecListWithAllGivenCodecs_WhenCodecSetHasEntries" storage="d:\actions-runner\_work\xpco\xpco\allsolutions\..\mip\platformplugin\videoos.platform\unittest\bin\debug\net6.0-windows\videoos.platform.tests.dll" id="cb701829-9c23-dcf0-e438-8208a51f3dd4">
      <Execution id="59a3fb08-57a0-465d-bb58-eabc50015df5" />
      <TestMethod codeBase="D:\actions-runner\_work\XPCO\XPCO\AllSolutions\..\MIP\PlatformPlugin\VideoOS.Platform\unittest\bin\Debug\net6.0-windows\VideoOS.Platform.Tests.dll" adapterTypeName="executor://mstestadapter/v2" className="VideoOS.Platform.Tests.Data.CameraDeviceDefinitionTests" name="GenerateParameters_ShouldWriteCodecListWithAllGivenCodecs_WhenCodecSetHasEntries" />
    </UnitTest>
    <UnitTest name="TestCreateSearchDefinition_WithFilterCategoryNotFound_Failure" storage="d:\actions-runner\_work\xpco\xpco\allsolutions\..\mip\platformplugin\videoos.platform\unittest\bin\debug\net6.0-windows\videoos.platform.tests.dll" id="3a4d61c6-1dc3-0bdf-c7d5-0384c8954cbd">
      <TestCategory>
        <TestCategoryItem TestCategory="Search" />
      </TestCategory>
      <Execution id="44cd8f02-2bb7-44e7-9101-973fb558a1de" />
      <TestMethod codeBase="D:\actions-runner\_work\XPCO\XPCO\AllSolutions\..\MIP\PlatformPlugin\VideoOS.Platform\unittest\bin\Debug\net6.0-windows\VideoOS.Platform.Tests.dll" adapterTypeName="executor://mstestadapter/v2" className="VideoOS.Platform.Tests.Search.SearchManagerTest" name="TestCreateSearchDefinition_WithFilterCategoryNotFound_Failure" />
    </UnitTest>
    <UnitTest name="CountByCounter_NotActivated_Missing" storage="d:\actions-runner\_work\xpco\xpco\allsolutions\..\mip\platformplugin\videoos.platform\unittest\bin\debug\net6.0-windows\videoos.platform.tests.dll" id="1bdc0970-713b-d043-8222-8dccac91ab64">
      <Execution id="fc15cd80-65d5-44de-becb-f97301c19163" />
      <TestMethod codeBase="D:\actions-runner\_work\XPCO\XPCO\AllSolutions\..\MIP\PlatformPlugin\VideoOS.Platform\unittest\bin\Debug\net6.0-windows\VideoOS.Platform.Tests.dll" adapterTypeName="executor://mstestadapter/v2" className="VideoOS.Platform.Tests.License.ResolvedLicenseCountTest" name="CountByCounter_NotActivated_Missing" />
    </UnitTest>
    <UnitTest name="AddFilterValue_NonExistingValue_NullFilter_Throws" storage="d:\actions-runner\_work\xpco\xpco\allsolutions\..\mip\platformplugin\videoos.platform\unittest\bin\debug\net6.0-windows\videoos.platform.tests.dll" id="bfd791d4-3818-9f2c-b28d-53bbc42d1573">
      <TestCategory>
        <TestCategoryItem TestCategory="Search" />
      </TestCategory>
      <Execution id="7fdc98c2-f045-4bbd-b455-b0adc97055f0" />
      <TestMethod codeBase="D:\actions-runner\_work\XPCO\XPCO\AllSolutions\..\MIP\PlatformPlugin\VideoOS.Platform\unittest\bin\Debug\net6.0-windows\VideoOS.Platform.Tests.dll" adapterTypeName="executor://mstestadapter/v2" className="VideoOS.Platform.Tests.Search.SearchCriteriaTest" name="AddFilterValue_NonExistingValue_NullFilter_Throws" />
    </UnitTest>
    <UnitTest name="ReadXml_ShouldReadMultipleClassCandidates_WhenMultipleCorrectClassCandidatesArePresent" storage="d:\actions-runner\_work\xpco\xpco\allsolutions\..\mip\platformplugin\videoos.platform\unittest\bin\debug\net6.0-windows\videoos.platform.tests.dll" id="527481b0-1273-3dea-68f1-756a76377e7f">
      <Execution id="8ca12431-8ba1-47a8-bf28-4548adb4b4b3" />
      <TestMethod codeBase="D:\actions-runner\_work\XPCO\XPCO\AllSolutions\..\MIP\PlatformPlugin\VideoOS.Platform\unittest\bin\Debug\net6.0-windows\VideoOS.Platform.Tests.dll" adapterTypeName="executor://mstestadapter/v2" className="VideoOS.Platform.Tests.Metadata.OnvifClassTests" name="ReadXml_ShouldReadMultipleClassCandidates_WhenMultipleCorrectClassCandidatesArePresent" />
    </UnitTest>
    <UnitTest name="ReadXml_ShouldIgnoreUnknownElements_WhenUnknownElementsArePresent" storage="d:\actions-runner\_work\xpco\xpco\allsolutions\..\mip\platformplugin\videoos.platform\unittest\bin\debug\net6.0-windows\videoos.platform.tests.dll" id="cf5973cd-80eb-589d-6a2e-dee3a1384b97">
      <Execution id="4f93d131-2e5c-44eb-9ad0-9d301de19da4" />
      <TestMethod codeBase="D:\actions-runner\_work\XPCO\XPCO\AllSolutions\..\MIP\PlatformPlugin\VideoOS.Platform\unittest\bin\Debug\net6.0-windows\VideoOS.Platform.Tests.dll" adapterTypeName="executor://mstestadapter/v2" className="VideoOS.Platform.Tests.Metadata.NavigationalDataTests" name="ReadXml_ShouldIgnoreUnknownElements_WhenUnknownElementsArePresent" />
    </UnitTest>
    <UnitTest name="Serialize_TestCases (TestParentTypeMatchInterfaceThisTypeMatched)" storage="d:\actions-runner\_work\xpco\xpco\allsolutions\..\mip\platformplugin\videoos.platform\unittest\bin\debug\net6.0-windows\videoos.platform.tests.dll" id="45b7952c-6a01-5b93-8359-f60ab9325440">
      <Execution id="a54782a7-a87b-49ab-99ec-c8afc50fbb33" />
      <TestMethod codeBase="D:\actions-runner\_work\XPCO\XPCO\AllSolutions\..\MIP\PlatformPlugin\VideoOS.Platform\unittest\bin\Debug\net6.0-windows\VideoOS.Platform.Tests.dll" adapterTypeName="executor://mstestadapter/v2" className="VideoOS.Platform.Tests.UI.Controls.Automation.Serialization.AutomationObjectSerializerTest" name="Serialize_TestCases" />
    </UnitTest>
    <UnitTest name="CountByItems_NotActivated_Expired_Missing" storage="d:\actions-runner\_work\xpco\xpco\allsolutions\..\mip\platformplugin\videoos.platform\unittest\bin\debug\net6.0-windows\videoos.platform.tests.dll" id="bc12b5e8-0d7d-7dd1-0756-b375b65700f8">
      <Execution id="02e2a902-b247-4698-b8a6-06eed87c9c20" />
      <TestMethod codeBase="D:\actions-runner\_work\XPCO\XPCO\AllSolutions\..\MIP\PlatformPlugin\VideoOS.Platform\unittest\bin\Debug\net6.0-windows\VideoOS.Platform.Tests.dll" adapterTypeName="executor://mstestadapter/v2" className="VideoOS.Platform.Tests.License.ResolvedLicenseCountTest" name="CountByItems_NotActivated_Expired_Missing" />
    </UnitTest>
    <UnitTest name="InstanceGet_Success" storage="d:\actions-runner\_work\xpco\xpco\allsolutions\..\mip\platformplugin\videoos.platform\unittest\bin\debug\net6.0-windows\videoos.platform.tests.dll" id="cf73c26e-47e0-f1da-1e09-63167f3a5e47">
      <TestCategory>
        <TestCategoryItem TestCategory="Search" />
      </TestCategory>
      <Execution id="80c272f3-b9b6-4ba4-9f08-ff2e82de663f" />
      <TestMethod codeBase="D:\actions-runner\_work\XPCO\XPCO\AllSolutions\..\MIP\PlatformPlugin\VideoOS.Platform\unittest\bin\Debug\net6.0-windows\VideoOS.Platform.Tests.dll" adapterTypeName="executor://mstestadapter/v2" className="VideoOS.Platform.Tests.Search.SearchUserControlResolverTest" name="InstanceGet_Success" />
    </UnitTest>
    <UnitTest name="ReadXml_ShouldLogWarningOnlyOnceWithinOneMinute_WhenRequiredAttributeIsMissing" storage="d:\actions-runner\_work\xpco\xpco\allsolutions\..\mip\platformplugin\videoos.platform\unittest\bin\debug\net6.0-windows\videoos.platform.tests.dll" id="ab8bb7fc-41b6-aa97-b7c5-389099b08870">
      <Execution id="88c2f74c-094d-4dd6-bdfc-0b514819324c" />
      <TestMethod codeBase="D:\actions-runner\_work\XPCO\XPCO\AllSolutions\..\MIP\PlatformPlugin\VideoOS.Platform\unittest\bin\Debug\net6.0-windows\VideoOS.Platform.Tests.dll" adapterTypeName="executor://mstestadapter/v2" className="VideoOS.Platform.Tests.Metadata.RectangleTests" name="ReadXml_ShouldLogWarningOnlyOnceWithinOneMinute_WhenRequiredAttributeIsMissing" />
    </UnitTest>
    <UnitTest name="Add_NotNullValue_Success" storage="d:\actions-runner\_work\xpco\xpco\allsolutions\..\mip\platformplugin\videoos.platform\unittest\bin\debug\net6.0-windows\videoos.platform.tests.dll" id="a28156aa-3bb5-7287-717c-afe6ec74f152">
      <Execution id="80cc6a12-490a-481f-9c4b-4d85ff79eb4b" />
      <TestMethod codeBase="D:\actions-runner\_work\XPCO\XPCO\AllSolutions\..\MIP\PlatformPlugin\VideoOS.Platform\unittest\bin\Debug\net6.0-windows\VideoOS.Platform.Tests.dll" adapterTypeName="executor://mstestadapter/v2" className="VideoOS.Platform.Tests.Util.Queue.LRUCacheTests" name="Add_NotNullValue_Success" />
    </UnitTest>
    <UnitTest name="GetPropertiesAsync_FirstInvocationCancelled_DelegatedToInternalMethodOnce" storage="d:\actions-runner\_work\xpco\xpco\allsolutions\..\mip\platformplugin\videoos.platform\unittest\bin\debug\net6.0-windows\videoos.platform.tests.dll" id="9aaf4622-5926-683b-8683-a0f59ca6a06c">
      <TestCategory>
        <TestCategoryItem TestCategory="Search" />
      </TestCategory>
      <Execution id="7f207dee-20a0-4c83-b79e-2153992927b9" />
      <TestMethod codeBase="D:\actions-runner\_work\XPCO\XPCO\AllSolutions\..\MIP\PlatformPlugin\VideoOS.Platform\unittest\bin\Debug\net6.0-windows\VideoOS.Platform.Tests.dll" adapterTypeName="executor://mstestadapter/v2" className="VideoOS.Platform.Tests.Search.SearchResultDataTest" name="GetPropertiesAsync_FirstInvocationCancelled_DelegatedToInternalMethodOnce" />
    </UnitTest>
    <UnitTest name="Remove_Success" storage="d:\actions-runner\_work\xpco\xpco\allsolutions\..\mip\platformplugin\videoos.platform\unittest\bin\debug\net6.0-windows\videoos.platform.tests.dll" id="6e5da37d-17c2-c99b-bec0-ba093cc6461d">
      <Execution id="1b242822-da2c-42a9-96c2-bf203ce7004a" />
      <TestMethod codeBase="D:\actions-runner\_work\XPCO\XPCO\AllSolutions\..\MIP\PlatformPlugin\VideoOS.Platform\unittest\bin\Debug\net6.0-windows\VideoOS.Platform.Tests.dll" adapterTypeName="executor://mstestadapter/v2" className="VideoOS.Platform.Tests.Util.Queue.ConcurrentQueueSlimTests" name="Remove_Success" />
    </UnitTest>
    <UnitTest name="ReadXml_ShouldReadTransformationContents_WhenTransformationIsPresent" storage="d:\actions-runner\_work\xpco\xpco\allsolutions\..\mip\platformplugin\videoos.platform\unittest\bin\debug\net6.0-windows\videoos.platform.tests.dll" id="6a5b7ab3-aa94-4efe-2c3f-1fc918bed002">
      <Execution id="823f643b-bee7-4e48-a127-5cf7f68b0b1a" />
      <TestMethod codeBase="D:\actions-runner\_work\XPCO\XPCO\AllSolutions\..\MIP\PlatformPlugin\VideoOS.Platform\unittest\bin\Debug\net6.0-windows\VideoOS.Platform.Tests.dll" adapterTypeName="executor://mstestadapter/v2" className="VideoOS.Platform.Tests.Metadata.AppearanceTests" name="ReadXml_ShouldReadTransformationContents_WhenTransformationIsPresent" />
    </UnitTest>
    <UnitTest name="WriteXml_ShouldWriteTranslateElement_WhenTranslateIsNotNull" storage="d:\actions-runner\_work\xpco\xpco\allsolutions\..\mip\platformplugin\videoos.platform\unittest\bin\debug\net6.0-windows\videoos.platform.tests.dll" id="0bd5a705-f6f8-0f3a-8c3d-f1c97380c236">
      <Execution id="fdc0a5da-a4a6-4a13-88c9-78e8a5aa176b" />
      <TestMethod codeBase="D:\actions-runner\_work\XPCO\XPCO\AllSolutions\..\MIP\PlatformPlugin\VideoOS.Platform\unittest\bin\Debug\net6.0-windows\VideoOS.Platform.Tests.dll" adapterTypeName="executor://mstestadapter/v2" className="VideoOS.Platform.Tests.Metadata.TransformationTests" name="WriteXml_ShouldWriteTranslateElement_WhenTranslateIsNotNull" />
    </UnitTest>
    <UnitTest name="ReadXml_ShouldIgnoreUnknownAttributes_WhenAlways" storage="d:\actions-runner\_work\xpco\xpco\allsolutions\..\mip\platformplugin\videoos.platform\unittest\bin\debug\net6.0-windows\videoos.platform.tests.dll" id="72c3e934-5f4f-f3fc-d049-02010e141373">
      <Execution id="855480cc-aaf9-48d4-b3a3-9ac4e0a7ee3b" />
      <TestMethod codeBase="D:\actions-runner\_work\XPCO\XPCO\AllSolutions\..\MIP\PlatformPlugin\VideoOS.Platform\unittest\bin\Debug\net6.0-windows\VideoOS.Platform.Tests.dll" adapterTypeName="executor://mstestadapter/v2" className="VideoOS.Platform.Tests.Metadata.DisplayTextTests" name="ReadXml_ShouldIgnoreUnknownAttributes_WhenAlways" />
    </UnitTest>
    <UnitTest name="GetNext_ShouldReturnSecondElement_WhenFirstEntryWasCalledAndThereIsAPreviousNext" storage="d:\actions-runner\_work\xpco\xpco\allsolutions\..\mip\platformplugin\videoos.platform\unittest\bin\debug\net6.0-windows\videoos.platform.tests.dll" id="d2a69b62-2638-ec8f-cc97-92c357c5901e">
      <Execution id="f78c9929-9184-4787-b13d-481f09842ff5" />
      <TestMethod codeBase="D:\actions-runner\_work\XPCO\XPCO\AllSolutions\..\MIP\PlatformPlugin\VideoOS.Platform\unittest\bin\Debug\net6.0-windows\VideoOS.Platform.Tests.dll" adapterTypeName="executor://mstestadapter/v2" className="VideoOS.Platform.Tests.Data.MetadataCacheTests" name="GetNext_ShouldReturnSecondElement_WhenFirstEntryWasCalledAndThereIsAPreviousNext" />
    </UnitTest>
    <UnitTest name="ToString_MipItemNotSet_Is_Empty" storage="d:\actions-runner\_work\xpco\xpco\allsolutions\..\mip\platformplugin\videoos.platform\unittest\bin\debug\net6.0-windows\videoos.platform.tests.dll" id="463ed80f-116f-24dc-3550-f13e45fe4889">
      <Execution id="b17ef27b-8445-490e-899f-376cad8a0440" />
      <TestMethod codeBase="D:\actions-runner\_work\XPCO\XPCO\AllSolutions\..\MIP\PlatformPlugin\VideoOS.Platform\unittest\bin\Debug\net6.0-windows\VideoOS.Platform.Tests.dll" adapterTypeName="executor://mstestadapter/v2" className="VideoOS.Platform.Tests.UI.ItemPicker.ItemViewModelTest" name="ToString_MipItemNotSet_Is_Empty" />
    </UnitTest>
    <UnitTest name="Move_ShouldInvokeCallback_WhenObservable" storage="d:\actions-runner\_work\xpco\xpco\allsolutions\..\mip\platformplugin\videoos.platform\unittest\bin\debug\net6.0-windows\videoos.platform.tests.dll" id="9f48d199-bab5-a916-f5d8-2312d1097b95">
      <Execution id="d8376763-88b7-41dd-917e-bac9d669d4fb" />
      <TestMethod codeBase="D:\actions-runner\_work\XPCO\XPCO\AllSolutions\..\MIP\PlatformPlugin\VideoOS.Platform\unittest\bin\Debug\net6.0-windows\VideoOS.Platform.Tests.dll" adapterTypeName="executor://mstestadapter/v2" className="VideoOS.Platform.Tests.UI.Controls.CollectionHelperGenericTest" name="Move_ShouldInvokeCallback_WhenObservable" />
    </UnitTest>
    <UnitTest name="Serialize_TestCases (TestParentTypeMatchGenericNotThisTypeMatched)" storage="d:\actions-runner\_work\xpco\xpco\allsolutions\..\mip\platformplugin\videoos.platform\unittest\bin\debug\net6.0-windows\videoos.platform.tests.dll" id="7c3f6d8f-7cfa-87ef-b069-2f2a330ed08a">
      <Execution id="9a0c3b00-bf33-4da9-a687-acd47218b555" />
      <TestMethod codeBase="D:\actions-runner\_work\XPCO\XPCO\AllSolutions\..\MIP\PlatformPlugin\VideoOS.Platform\unittest\bin\Debug\net6.0-windows\VideoOS.Platform.Tests.dll" adapterTypeName="executor://mstestadapter/v2" className="VideoOS.Platform.Tests.UI.Controls.Automation.Serialization.AutomationObjectSerializerTest" name="Serialize_TestCases" />
    </UnitTest>
    <UnitTest name="IconOverlay_VaryingOverlays_Success" storage="d:\actions-runner\_work\xpco\xpco\allsolutions\..\mip\platformplugin\videoos.platform\unittest\bin\debug\net6.0-windows\videoos.platform.tests.dll" id="9f4b8baa-3d93-c3b8-cb10-c40ec85c9336">
      <Execution id="68188cff-45fa-4c08-90bf-b0107fcca399" />
      <TestMethod codeBase="D:\actions-runner\_work\XPCO\XPCO\AllSolutions\..\MIP\PlatformPlugin\VideoOS.Platform\unittest\bin\Debug\net6.0-windows\VideoOS.Platform.Tests.dll" adapterTypeName="executor://mstestadapter/v2" className="VideoOS.Platform.Tests.ItemTests" name="IconOverlay_VaryingOverlays_Success" />
    </UnitTest>
    <UnitTest name="Equals_IgnoreFolderType_Fail_OnOtherNull" storage="d:\actions-runner\_work\xpco\xpco\allsolutions\..\mip\platformplugin\videoos.platform\unittest\bin\debug\net6.0-windows\videoos.platform.tests.dll" id="9f8782f5-d91c-4490-2d75-75cddc0ef1b1">
      <Execution id="eae261bf-c10e-4f1a-a4c2-ebfa84a0c473" />
      <TestMethod codeBase="D:\actions-runner\_work\XPCO\XPCO\AllSolutions\..\MIP\PlatformPlugin\VideoOS.Platform\unittest\bin\Debug\net6.0-windows\VideoOS.Platform.Tests.dll" adapterTypeName="executor://mstestadapter/v2" className="VideoOS.Platform.Tests.FQIDtests" name="Equals_IgnoreFolderType_Fail_OnOtherNull" />
    </UnitTest>
    <UnitTest name="ReadXml_ShouldReadRightAttribute_WhenPresent" storage="d:\actions-runner\_work\xpco\xpco\allsolutions\..\mip\platformplugin\videoos.platform\unittest\bin\debug\net6.0-windows\videoos.platform.tests.dll" id="57917bfd-ab9b-4422-cadc-1c44ad6d5244">
      <Execution id="94042500-245f-41eb-ab3c-28da4edbaa7d" />
      <TestMethod codeBase="D:\actions-runner\_work\XPCO\XPCO\AllSolutions\..\MIP\PlatformPlugin\VideoOS.Platform\unittest\bin\Debug\net6.0-windows\VideoOS.Platform.Tests.dll" adapterTypeName="executor://mstestadapter/v2" className="VideoOS.Platform.Tests.Metadata.RectangleTests" name="ReadXml_ShouldReadRightAttribute_WhenPresent" />
    </UnitTest>
    <UnitTest name="ProvideValue_ShouldChangeText_WhenItemHeaderPropertyNameIsSet" storage="d:\actions-runner\_work\xpco\xpco\allsolutions\..\mip\platformplugin\videoos.platform\unittest\bin\debug\net6.0-windows\videoos.platform.tests.dll" id="87ac7461-0d28-cf5d-7698-d8b535ebe6b4">
      <TestCategory>
        <TestCategoryItem TestCategory="TabControls" />
      </TestCategory>
      <Execution id="961dd2c8-c8c3-4cb1-840d-193744179a95" />
      <TestMethod codeBase="D:\actions-runner\_work\XPCO\XPCO\AllSolutions\..\MIP\PlatformPlugin\VideoOS.Platform\unittest\bin\Debug\net6.0-windows\VideoOS.Platform.Tests.dll" adapterTypeName="executor://mstestadapter/v2" className="VideoOS.Platform.Tests.UI.Controls.TabControls.Internal.Primary.ItemHeaderExtensionTest" name="ProvideValue_ShouldChangeText_WhenItemHeaderPropertyNameIsSet" />
    </UnitTest>
    <UnitTest name="GenerateTypeDefinintionParameters_ShouldWriteDisplayName_WhenAlways" storage="d:\actions-runner\_work\xpco\xpco\allsolutions\..\mip\platformplugin\videoos.platform\unittest\bin\debug\net6.0-windows\videoos.platform.tests.dll" id="5d8dd47c-bb32-a5ba-6e88-b185a7bd9c07">
      <Execution id="c0236a4d-91cb-4ec1-b3ed-2a2f445c76f4" />
      <TestMethod codeBase="D:\actions-runner\_work\XPCO\XPCO\AllSolutions\..\MIP\PlatformPlugin\VideoOS.Platform\unittest\bin\Debug\net6.0-windows\VideoOS.Platform.Tests.dll" adapterTypeName="executor://mstestadapter/v2" className="VideoOS.Platform.Tests.Data.MetadataTypeDefinitionTests" name="GenerateTypeDefinintionParameters_ShouldWriteDisplayName_WhenAlways" />
    </UnitTest>
    <UnitTest name="Serialize_TestCases (TestParentTypeMatchCollectionNotThisTypeNotMatchedProperty)" storage="d:\actions-runner\_work\xpco\xpco\allsolutions\..\mip\platformplugin\videoos.platform\unittest\bin\debug\net6.0-windows\videoos.platform.tests.dll" id="70b9353b-f69e-de3b-fa95-c1f1c59d67f8">
      <Execution id="3f0834ce-568a-4966-b774-3946dc541fc5" />
      <TestMethod codeBase="D:\actions-runner\_work\XPCO\XPCO\AllSolutions\..\MIP\PlatformPlugin\VideoOS.Platform\unittest\bin\Debug\net6.0-windows\VideoOS.Platform.Tests.dll" adapterTypeName="executor://mstestadapter/v2" className="VideoOS.Platform.Tests.UI.Controls.Automation.Serialization.AutomationObjectSerializerTest" name="Serialize_TestCases" />
    </UnitTest>
    <UnitTest name="Equals_ShouldHaveValueSemantics_WhenAlways" storage="d:\actions-runner\_work\xpco\xpco\allsolutions\..\mip\platformplugin\videoos.platform\unittest\bin\debug\net6.0-windows\videoos.platform.tests.dll" id="5f1d3042-4664-b398-297d-153c346ec0d1">
      <Execution id="ed8028ec-37fd-4553-8647-bff79d124995" />
      <TestMethod codeBase="D:\actions-runner\_work\XPCO\XPCO\AllSolutions\..\MIP\PlatformPlugin\VideoOS.Platform\unittest\bin\Debug\net6.0-windows\VideoOS.Platform.Tests.dll" adapterTypeName="executor://mstestadapter/v2" className="VideoOS.Platform.Tests.Metadata.ClassCandidateTests" name="Equals_ShouldHaveValueSemantics_WhenAlways" />
    </UnitTest>
    <UnitTest name="Equals_Fail_OnServerIdNull" storage="d:\actions-runner\_work\xpco\xpco\allsolutions\..\mip\platformplugin\videoos.platform\unittest\bin\debug\net6.0-windows\videoos.platform.tests.dll" id="9fd340a4-bdf1-80dc-4aa5-677b8c727a2b">
      <Execution id="2d62bb58-4ac3-4c77-8254-a2e47ff1b4cc" />
      <TestMethod codeBase="D:\actions-runner\_work\XPCO\XPCO\AllSolutions\..\MIP\PlatformPlugin\VideoOS.Platform\unittest\bin\Debug\net6.0-windows\VideoOS.Platform.Tests.dll" adapterTypeName="executor://mstestadapter/v2" className="VideoOS.Platform.Tests.FQIDtests" name="Equals_Fail_OnServerIdNull" />
    </UnitTest>
    <UnitTest name="GenerateGpsDevice_ShouldReturnDeviceWithCorrectTypes_WhenAlways" storage="d:\actions-runner\_work\xpco\xpco\allsolutions\..\mip\platformplugin\videoos.platform\unittest\bin\debug\net6.0-windows\videoos.platform.tests.dll" id="efff1d09-1e9a-daae-f4fe-c57e4a154964">
      <Execution id="1d99867e-c2a9-4f0b-9213-68a90944c2f8" />
      <TestMethod codeBase="D:\actions-runner\_work\XPCO\XPCO\AllSolutions\..\MIP\PlatformPlugin\VideoOS.Platform\unittest\bin\Debug\net6.0-windows\VideoOS.Platform.Tests.dll" adapterTypeName="executor://mstestadapter/v2" className="VideoOS.Platform.Tests.Data.MetadataDeviceDefintionTests" name="GenerateGpsDevice_ShouldReturnDeviceWithCorrectTypes_WhenAlways" />
    </UnitTest>
    <UnitTest name="Append_Property_Int" storage="d:\actions-runner\_work\xpco\xpco\allsolutions\..\mip\platformplugin\videoos.platform\unittest\bin\debug\net6.0-windows\videoos.platform.tests.dll" id="e5428f59-f644-25e4-cf44-58ef5b64f2ad">
      <Execution id="5fbca76b-747a-4654-b8b5-9207f93589e8" />
      <TestMethod codeBase="D:\actions-runner\_work\XPCO\XPCO\AllSolutions\..\MIP\PlatformPlugin\VideoOS.Platform\unittest\bin\Debug\net6.0-windows\VideoOS.Platform.Tests.dll" adapterTypeName="executor://mstestadapter/v2" className="VideoOS.Platform.Tests.Proxy.RestApi.JsonBuilderTests" name="Append_Property_Int" />
    </UnitTest>
    <UnitTest name="ReadXml_ShouldReadOriginalData_WhenOrigiginalDataIsPresent" storage="d:\actions-runner\_work\xpco\xpco\allsolutions\..\mip\platformplugin\videoos.platform\unittest\bin\debug\net6.0-windows\videoos.platform.tests.dll" id="0b0ff5aa-c291-79fb-1d8b-d1660f2ebad3">
      <Execution id="490aec6d-73cc-44f4-ae86-cef946eefeb3" />
      <TestMethod codeBase="D:\actions-runner\_work\XPCO\XPCO\AllSolutions\..\MIP\PlatformPlugin\VideoOS.Platform\unittest\bin\Debug\net6.0-windows\VideoOS.Platform.Tests.dll" adapterTypeName="executor://mstestadapter/v2" className="VideoOS.Platform.Tests.Metadata.MetadataStreamTests" name="ReadXml_ShouldReadOriginalData_WhenOrigiginalDataIsPresent" />
    </UnitTest>
    <UnitTest name="Encrypt_PropertyIsSetToNo_ThrowsException" storage="d:\actions-runner\_work\xpco\xpco\allsolutions\..\mip\platformplugin\videoos.platform\unittest\bin\debug\net6.0-windows\videoos.platform.tests.dll" id="06c90135-67c9-51a3-9a46-9517155efc3a">
      <Execution id="160a735b-80bc-472f-a11d-19141f2a0c84" />
      <TestMethod codeBase="D:\actions-runner\_work\XPCO\XPCO\AllSolutions\..\MIP\PlatformPlugin\VideoOS.Platform\unittest\bin\Debug\net6.0-windows\VideoOS.Platform.Tests.dll" adapterTypeName="executor://mstestadapter/v2" className="VideoOS.Platform.Tests.ItemTests" name="Encrypt_PropertyIsSetToNo_ThrowsException" />
    </UnitTest>
    <UnitTest name="Contains_Success" storage="d:\actions-runner\_work\xpco\xpco\allsolutions\..\mip\platformplugin\videoos.platform\unittest\bin\debug\net6.0-windows\videoos.platform.tests.dll" id="a6c85b3a-5f84-4859-aef3-09060d5afd98">
      <Execution id="2bb752b5-684a-41be-a48e-1e814e3c9d9f" />
      <TestMethod codeBase="D:\actions-runner\_work\XPCO\XPCO\AllSolutions\..\MIP\PlatformPlugin\VideoOS.Platform\unittest\bin\Debug\net6.0-windows\VideoOS.Platform.Tests.dll" adapterTypeName="executor://mstestadapter/v2" className="VideoOS.Platform.Tests.ItemTests" name="Contains_Success" />
    </UnitTest>
    <UnitTest name="GetChildItems_ShouldReturnNull_WhenAllNotAllAdded" storage="d:\actions-runner\_work\xpco\xpco\allsolutions\..\mip\platformplugin\videoos.platform\unittest\bin\debug\net6.0-windows\videoos.platform.tests.dll" id="ecc8a678-a940-3ae6-944a-34c722824547">
      <Execution id="92058231-da2a-4cfe-bd4c-225bc974a10f" />
      <TestMethod codeBase="D:\actions-runner\_work\XPCO\XPCO\AllSolutions\..\MIP\PlatformPlugin\VideoOS.Platform\unittest\bin\Debug\net6.0-windows\VideoOS.Platform.Tests.dll" adapterTypeName="executor://mstestadapter/v2" className="VideoOS.Platform.Tests.Util.ConfigurationCacheTests" name="GetChildItems_ShouldReturnNull_WhenAllNotAllAdded" />
    </UnitTest>
    <UnitTest name="GetNearest_ShouldReturnFirstElementFromToolkitResponse_WhenTimestampIsBeforeFirstElementInResponse" storage="d:\actions-runner\_work\xpco\xpco\allsolutions\..\mip\platformplugin\videoos.platform\unittest\bin\debug\net6.0-windows\videoos.platform.tests.dll" id="7727673d-f909-602e-c023-298e3154bee0">
      <Execution id="2ebfc34d-4436-4ba9-8677-1e0b60495c06" />
      <TestMethod codeBase="D:\actions-runner\_work\XPCO\XPCO\AllSolutions\..\MIP\PlatformPlugin\VideoOS.Platform\unittest\bin\Debug\net6.0-windows\VideoOS.Platform.Tests.dll" adapterTypeName="executor://mstestadapter/v2" className="VideoOS.Platform.Tests.Data.MetadataPlaybackSourceTests" name="GetNearest_ShouldReturnFirstElementFromToolkitResponse_WhenTimestampIsBeforeFirstElementInResponse" />
    </UnitTest>
    <UnitTest name="Serialize_ShouldHandleSelfReferencing" storage="d:\actions-runner\_work\xpco\xpco\allsolutions\..\mip\platformplugin\videoos.platform\unittest\bin\debug\net6.0-windows\videoos.platform.tests.dll" id="500146c2-0fce-a8b0-1f53-7fbec0f9bacd">
      <Execution id="82c1c671-9b56-452b-8da1-b21f5252bdfc" />
      <TestMethod codeBase="D:\actions-runner\_work\XPCO\XPCO\AllSolutions\..\MIP\PlatformPlugin\VideoOS.Platform\unittest\bin\Debug\net6.0-windows\VideoOS.Platform.Tests.dll" adapterTypeName="executor://mstestadapter/v2" className="VideoOS.Platform.Tests.UI.Controls.Automation.Serialization.AutomationObjectSerializerSelfReferencingTests" name="Serialize_ShouldHandleSelfReferencing" />
    </UnitTest>
    <UnitTest name="WriteXml_ShouldWriteDescriptionContents_WhenDescriptionIsNotNull" storage="d:\actions-runner\_work\xpco\xpco\allsolutions\..\mip\platformplugin\videoos.platform\unittest\bin\debug\net6.0-windows\videoos.platform.tests.dll" id="399501bc-ecba-b1ca-b26c-0035e5a7aa53">
      <Execution id="4b7f552a-7bc7-4b08-bd9c-07299ac1224c" />
      <TestMethod codeBase="D:\actions-runner\_work\XPCO\XPCO\AllSolutions\..\MIP\PlatformPlugin\VideoOS.Platform\unittest\bin\Debug\net6.0-windows\VideoOS.Platform.Tests.dll" adapterTypeName="executor://mstestadapter/v2" className="VideoOS.Platform.Tests.Metadata.AppearanceTests" name="WriteXml_ShouldWriteDescriptionContents_WhenDescriptionIsNotNull" />
    </UnitTest>
    <UnitTest name="AllAttributesWerePresent_ShouldReturnTrue_WhenBothXAndYAreFloats" storage="d:\actions-runner\_work\xpco\xpco\allsolutions\..\mip\platformplugin\videoos.platform\unittest\bin\debug\net6.0-windows\videoos.platform.tests.dll" id="9b0d69da-f0df-c6b0-7696-299b1ca48f22">
      <Execution id="14cb44b9-513d-4647-9167-cc97616ab83c" />
      <TestMethod codeBase="D:\actions-runner\_work\XPCO\XPCO\AllSolutions\..\MIP\PlatformPlugin\VideoOS.Platform\unittest\bin\Debug\net6.0-windows\VideoOS.Platform.Tests.dll" adapterTypeName="executor://mstestadapter/v2" className="VideoOS.Platform.Tests.Metadata.VectorTests" name="AllAttributesWerePresent_ShouldReturnTrue_WhenBothXAndYAreFloats" />
    </UnitTest>
    <UnitTest name="WriteXml_ShouldWriteTypeAndLikelihoodElementContents_WhenTheyAreSet" storage="d:\actions-runner\_work\xpco\xpco\allsolutions\..\mip\platformplugin\videoos.platform\unittest\bin\debug\net6.0-windows\videoos.platform.tests.dll" id="1c326e5c-4c62-8c00-ee40-aad1ae557760">
      <Execution id="695b6522-152f-4251-bdc0-b68cdc272d2e" />
      <TestMethod codeBase="D:\actions-runner\_work\XPCO\XPCO\AllSolutions\..\MIP\PlatformPlugin\VideoOS.Platform\unittest\bin\Debug\net6.0-windows\VideoOS.Platform.Tests.dll" adapterTypeName="executor://mstestadapter/v2" className="VideoOS.Platform.Tests.Metadata.ClassCandidateTests" name="WriteXml_ShouldWriteTypeAndLikelihoodElementContents_WhenTheyAreSet" />
    </UnitTest>
    <UnitTest name="Minimize_ShouldReturnOneInterval_WhenListContainsThreeOverlappingIntervalsContainingEachOther" storage="d:\actions-runner\_work\xpco\xpco\allsolutions\..\mip\platformplugin\videoos.platform\unittest\bin\debug\net6.0-windows\videoos.platform.tests.dll" id="5676d068-f210-9f05-bcb4-4154c077d90e">
      <Execution id="5e70e83d-8d69-4c2c-8a84-7d7d91543f09" />
      <TestMethod codeBase="D:\actions-runner\_work\XPCO\XPCO\AllSolutions\..\MIP\PlatformPlugin\VideoOS.Platform\unittest\bin\Debug\net6.0-windows\VideoOS.Platform.Tests.dll" adapterTypeName="executor://mstestadapter/v2" className="VideoOS.Platform.Tests.Util.TimeIntervalTests" name="Minimize_ShouldReturnOneInterval_WhenListContainsThreeOverlappingIntervalsContainingEachOther" />
    </UnitTest>
    <UnitTest name="Serialize_TestCases (Verify root Generic (not null) property get property value)" storage="d:\actions-runner\_work\xpco\xpco\allsolutions\..\mip\platformplugin\videoos.platform\unittest\bin\debug\net6.0-windows\videoos.platform.tests.dll" id="7bd350cb-3547-f84c-acf6-0205c1ac84ac">
      <Execution id="e04d3b2f-a01b-492a-af9d-cbb7dd667c1d" />
      <TestMethod codeBase="D:\actions-runner\_work\XPCO\XPCO\AllSolutions\..\MIP\PlatformPlugin\VideoOS.Platform\unittest\bin\Debug\net6.0-windows\VideoOS.Platform.Tests.dll" adapterTypeName="executor://mstestadapter/v2" className="VideoOS.Platform.Tests.UI.Controls.Automation.Serialization.AutomationObjectSerializerTest" name="Serialize_TestCases" />
    </UnitTest>
    <UnitTest name="ReadXml_ShouldReadBottomAttribute_WhenPresent" storage="d:\actions-runner\_work\xpco\xpco\allsolutions\..\mip\platformplugin\videoos.platform\unittest\bin\debug\net6.0-windows\videoos.platform.tests.dll" id="c47cbfb5-8a50-ef76-dc8b-bbbbe83c35f6">
      <Execution id="f670ebf2-d135-40fe-ae88-e1ae4252df1a" />
      <TestMethod codeBase="D:\actions-runner\_work\XPCO\XPCO\AllSolutions\..\MIP\PlatformPlugin\VideoOS.Platform\unittest\bin\Debug\net6.0-windows\VideoOS.Platform.Tests.dll" adapterTypeName="executor://mstestadapter/v2" className="VideoOS.Platform.Tests.Metadata.RectangleTests" name="ReadXml_ShouldReadBottomAttribute_WhenPresent" />
    </UnitTest>
    <UnitTest name="GenerateParameters_ShouldOmitCodec_WhenCodecHasNotBeenSet" storage="d:\actions-runner\_work\xpco\xpco\allsolutions\..\mip\platformplugin\videoos.platform\unittest\bin\debug\net6.0-windows\videoos.platform.tests.dll" id="04b4598a-a90c-25b4-3fbf-2283122ff323">
      <Execution id="7134741e-d56d-4ee3-9a66-1cc394b37c5c" />
      <TestMethod codeBase="D:\actions-runner\_work\XPCO\XPCO\AllSolutions\..\MIP\PlatformPlugin\VideoOS.Platform\unittest\bin\Debug\net6.0-windows\VideoOS.Platform.Tests.dll" adapterTypeName="executor://mstestadapter/v2" className="VideoOS.Platform.Tests.Data.CameraDeviceDefinitionTests" name="GenerateParameters_ShouldOmitCodec_WhenCodecHasNotBeenSet" />
    </UnitTest>
    <UnitTest name="ReadXml_ShouldLogWarningTwiceWhenMoreThanOneMinuteBetweenWarnings_WhenFrameDidNotReadUtcTime" storage="d:\actions-runner\_work\xpco\xpco\allsolutions\..\mip\platformplugin\videoos.platform\unittest\bin\debug\net6.0-windows\videoos.platform.tests.dll" id="6dff7af6-6d16-8dba-ea01-3eb9769c2e7a">
      <Execution id="8dcfa53b-6a7c-4c0a-ac13-54525dcd85d1" />
      <TestMethod codeBase="D:\actions-runner\_work\XPCO\XPCO\AllSolutions\..\MIP\PlatformPlugin\VideoOS.Platform\unittest\bin\Debug\net6.0-windows\VideoOS.Platform.Tests.dll" adapterTypeName="executor://mstestadapter/v2" className="VideoOS.Platform.Tests.Metadata.OnvifClassTests" name="ReadXml_ShouldLogWarningTwiceWhenMoreThanOneMinuteBetweenWarnings_WhenFrameDidNotReadUtcTime" />
    </UnitTest>
    <UnitTest name="ObjectId_ShouldReturnZero_WhenNotSetInConstructor" storage="d:\actions-runner\_work\xpco\xpco\allsolutions\..\mip\platformplugin\videoos.platform\unittest\bin\debug\net6.0-windows\videoos.platform.tests.dll" id="954dcc09-ffa8-ee72-ce2c-24675b9f100a">
      <Execution id="7c8e2254-8074-4904-9d5c-c6de36e8a2d8" />
      <TestMethod codeBase="D:\actions-runner\_work\XPCO\XPCO\AllSolutions\..\MIP\PlatformPlugin\VideoOS.Platform\unittest\bin\Debug\net6.0-windows\VideoOS.Platform.Tests.dll" adapterTypeName="executor://mstestadapter/v2" className="VideoOS.Platform.Tests.Metadata.OnvifObjectTests" name="ObjectId_ShouldReturnZero_WhenNotSetInConstructor" />
    </UnitTest>
    <UnitTest name="CreateSearchFilterEditControl_SinglePluginMultipleSearchResultTypes_Success" storage="d:\actions-runner\_work\xpco\xpco\allsolutions\..\mip\platformplugin\videoos.platform\unittest\bin\debug\net6.0-windows\videoos.platform.tests.dll" id="3e139534-4575-a050-7dfe-191f8507593f">
      <TestCategory>
        <TestCategoryItem TestCategory="Search" />
      </TestCategory>
      <Execution id="c6e54f81-f55d-40e6-9b23-56868c585633" />
      <TestMethod codeBase="D:\actions-runner\_work\XPCO\XPCO\AllSolutions\..\MIP\PlatformPlugin\VideoOS.Platform\unittest\bin\Debug\net6.0-windows\VideoOS.Platform.Tests.dll" adapterTypeName="executor://mstestadapter/v2" className="VideoOS.Platform.Tests.Search.SearchUserControlResolverTest" name="CreateSearchFilterEditControl_SinglePluginMultipleSearchResultTypes_Success" />
    </UnitTest>
    <UnitTest name="FallbackDisplayValue_MultipleValuesSet_ReturnsValueList" storage="d:\actions-runner\_work\xpco\xpco\allsolutions\..\mip\platformplugin\videoos.platform\unittest\bin\debug\net6.0-windows\videoos.platform.tests.dll" id="b8c61cc7-6c99-86e0-a646-53691f4fc54c">
      <TestCategory>
        <TestCategoryItem TestCategory="Search" />
      </TestCategory>
      <Execution id="768a5a26-39e5-47e7-8e24-3e409b62602d" />
      <TestMethod codeBase="D:\actions-runner\_work\XPCO\XPCO\AllSolutions\..\MIP\PlatformPlugin\VideoOS.Platform\unittest\bin\Debug\net6.0-windows\VideoOS.Platform.Tests.dll" adapterTypeName="executor://mstestadapter/v2" className="VideoOS.Platform.Tests.Search.MultipleSelectionFilterValueTest" name="FallbackDisplayValue_MultipleValuesSet_ReturnsValueList" />
    </UnitTest>
    <UnitTest name="WriteXml_ShouldOmitElements_WhenDataIsNotPresent" storage="d:\actions-runner\_work\xpco\xpco\allsolutions\..\mip\platformplugin\videoos.platform\unittest\bin\debug\net6.0-windows\videoos.platform.tests.dll" id="5d644acb-4f60-31db-754d-a101236e8d7f">
      <Execution id="d1255074-fb64-4ed4-b7b2-64fb16b87378" />
      <TestMethod codeBase="D:\actions-runner\_work\XPCO\XPCO\AllSolutions\..\MIP\PlatformPlugin\VideoOS.Platform\unittest\bin\Debug\net6.0-windows\VideoOS.Platform.Tests.dll" adapterTypeName="executor://mstestadapter/v2" className="VideoOS.Platform.Tests.Metadata.OnvifObjectTests" name="WriteXml_ShouldOmitElements_WhenDataIsNotPresent" />
    </UnitTest>
    <UnitTest name="RemoveItem_AnalyticsEvent_Success" storage="d:\actions-runner\_work\xpco\xpco\allsolutions\..\mip\platformplugin\videoos.platform\unittest\bin\debug\net6.0-windows\videoos.platform.tests.dll" id="d63fece0-6979-6a7f-ca42-f76bdbd7d24d">
      <Execution id="40551f8e-0434-4f4e-a9ae-98b27b36aa23" />
      <TestMethod codeBase="D:\actions-runner\_work\XPCO\XPCO\AllSolutions\..\MIP\PlatformPlugin\VideoOS.Platform\unittest\bin\Debug\net6.0-windows\VideoOS.Platform.Tests.dll" adapterTypeName="executor://mstestadapter/v2" className="VideoOS.Platform.Tests.Proxy.RestApi.RestApiClientDecoratorTests" name="RemoveItem_AnalyticsEvent_Success" />
    </UnitTest>
    <UnitTest name="Initialize_Changed_Values" storage="d:\actions-runner\_work\xpco\xpco\allsolutions\..\mip\platformplugin\videoos.platform\unittest\bin\debug\net6.0-windows\videoos.platform.tests.dll" id="760478cf-2b2b-5f64-b097-3de30749bcb1">
      <Execution id="ff203f34-9638-4b65-87fa-44c948849dfc" />
      <TestMethod codeBase="D:\actions-runner\_work\XPCO\XPCO\AllSolutions\..\MIP\PlatformPlugin\VideoOS.Platform\unittest\bin\Debug\net6.0-windows\VideoOS.Platform.Tests.dll" adapterTypeName="executor://mstestadapter/v2" className="VideoOS.Platform.Tests.UI.ItemPicker.ItemPickerWindowViewModelTest" name="Initialize_Changed_Values" />
    </UnitTest>
    <UnitTest name="ReadXml_ShouldLogWarning_WhenShapeIsInvalid" storage="d:\actions-runner\_work\xpco\xpco\allsolutions\..\mip\platformplugin\videoos.platform\unittest\bin\debug\net6.0-windows\videoos.platform.tests.dll" id="5f47c21d-eb6b-8972-42b3-349701e80bfd">
      <Execution id="024da5e7-8f7d-48ac-9a8e-55aaf1166515" />
      <TestMethod codeBase="D:\actions-runner\_work\XPCO\XPCO\AllSolutions\..\MIP\PlatformPlugin\VideoOS.Platform\unittest\bin\Debug\net6.0-windows\VideoOS.Platform.Tests.dll" adapterTypeName="executor://mstestadapter/v2" className="VideoOS.Platform.Tests.Metadata.AppearanceTests" name="ReadXml_ShouldLogWarning_WhenShapeIsInvalid" />
    </UnitTest>
    <UnitTest name="AppendItemPicked_MultiSelect_TryAddSameItems_ItemsNotAdded" storage="d:\actions-runner\_work\xpco\xpco\allsolutions\..\mip\platformplugin\videoos.platform\unittest\bin\debug\net6.0-windows\videoos.platform.tests.dll" id="16dd1f98-130f-f1f5-491b-90125b059034">
      <Execution id="2d99db5f-2fce-4888-b4bb-11415211bb64" />
      <TestMethod codeBase="D:\actions-runner\_work\XPCO\XPCO\AllSolutions\..\MIP\PlatformPlugin\VideoOS.Platform\unittest\bin\Debug\net6.0-windows\VideoOS.Platform.Tests.dll" adapterTypeName="executor://mstestadapter/v2" className="VideoOS.Platform.Tests.UI.ItemPicker.ItemPickerViewModelTest" name="AppendItemPicked_MultiSelect_TryAddSameItems_ItemsNotAdded" />
    </UnitTest>
    <UnitTest name="WriteXml_ShouldOmitFrameElement_WhenThereIsNoFramePresent" storage="d:\actions-runner\_work\xpco\xpco\allsolutions\..\mip\platformplugin\videoos.platform\unittest\bin\debug\net6.0-windows\videoos.platform.tests.dll" id="b41e6145-298a-b0e7-b1a2-57aee45877f3">
      <Execution id="6d3da971-8694-4144-a571-6e5e949bb7ad" />
      <TestMethod codeBase="D:\actions-runner\_work\XPCO\XPCO\AllSolutions\..\MIP\PlatformPlugin\VideoOS.Platform\unittest\bin\Debug\net6.0-windows\VideoOS.Platform.Tests.dll" adapterTypeName="executor://mstestadapter/v2" className="VideoOS.Platform.Tests.Metadata.VideoAnalyticsTests" name="WriteXml_ShouldOmitFrameElement_WhenThereIsNoFramePresent" />
    </UnitTest>
    <UnitTest name="SetEvents_ShouldNotAddProxyManager_WhenFrameworkContentElementIsNotLoaded" storage="d:\actions-runner\_work\xpco\xpco\allsolutions\..\mip\platformplugin\videoos.platform\unittest\bin\debug\net6.0-windows\videoos.platform.tests.dll" id="8deb741b-167d-6a1a-855a-646fe46075da">
      <TestCategory>
        <TestCategoryItem TestCategory="EventsToCommandMappings" />
      </TestCategory>
      <Execution id="b434b453-b876-42a8-b7f4-969f84ded4e2" />
      <TestMethod codeBase="D:\actions-runner\_work\XPCO\XPCO\AllSolutions\..\MIP\PlatformPlugin\VideoOS.Platform\unittest\bin\Debug\net6.0-windows\VideoOS.Platform.Tests.dll" adapterTypeName="executor://mstestadapter/v2" className="VideoOS.Platform.Tests.UI.Commands.EventsToCommandMappingTest" name="SetEvents_ShouldNotAddProxyManager_WhenFrameworkContentElementIsNotLoaded" />
    </UnitTest>
    <UnitTest name="Append_Element_KeyString" storage="d:\actions-runner\_work\xpco\xpco\allsolutions\..\mip\platformplugin\videoos.platform\unittest\bin\debug\net6.0-windows\videoos.platform.tests.dll" id="f02151f2-7537-c913-0353-0c1cefe4a11e">
      <Execution id="ffd60032-26fb-450d-bf8a-538d7745154a" />
      <TestMethod codeBase="D:\actions-runner\_work\XPCO\XPCO\AllSolutions\..\MIP\PlatformPlugin\VideoOS.Platform\unittest\bin\Debug\net6.0-windows\VideoOS.Platform.Tests.dll" adapterTypeName="executor://mstestadapter/v2" className="VideoOS.Platform.Tests.Proxy.RestApi.JsonBuilderTests" name="Append_Element_KeyString" />
    </UnitTest>
    <UnitTest name="Clear_ShouldEmptyCollectionAndResetTimeStamps_WhenCalled" storage="d:\actions-runner\_work\xpco\xpco\allsolutions\..\mip\platformplugin\videoos.platform\unittest\bin\debug\net6.0-windows\videoos.platform.tests.dll" id="b1896dd7-6634-6c9f-92ab-cd4904bba1dc">
      <Execution id="1e92b880-baa5-4fe9-8460-4eaf10f8fd00" />
      <TestMethod codeBase="D:\actions-runner\_work\XPCO\XPCO\AllSolutions\..\MIP\PlatformPlugin\VideoOS.Platform\unittest\bin\Debug\net6.0-windows\VideoOS.Platform.Tests.dll" adapterTypeName="executor://mstestadapter/v2" className="VideoOS.Platform.Tests.Client.SequenceCacheTests" name="Clear_ShouldEmptyCollectionAndResetTimeStamps_WhenCalled" />
    </UnitTest>
    <UnitTest name="AllowGroupSelectionFalse_AutoCloseOnSelect_NothingSelected" storage="d:\actions-runner\_work\xpco\xpco\allsolutions\..\mip\platformplugin\videoos.platform\unittest\bin\debug\net6.0-windows\videoos.platform.tests.dll" id="d16b66ae-362f-7903-ceb9-287ac5bef50c">
      <Execution id="bc195d4e-b8b8-41ed-8652-948a17f0774a" />
      <TestMethod codeBase="D:\actions-runner\_work\XPCO\XPCO\AllSolutions\..\MIP\PlatformPlugin\VideoOS.Platform\unittest\bin\Debug\net6.0-windows\VideoOS.Platform.Tests.dll" adapterTypeName="executor://mstestadapter/v2" className="VideoOS.Platform.Tests.UI.ItemPicker.ItemPickerViewModelTest" name="AllowGroupSelectionFalse_AutoCloseOnSelect_NothingSelected" />
    </UnitTest>
    <UnitTest name="GetItem_ShouldReturnItem_WhenAllAdded" storage="d:\actions-runner\_work\xpco\xpco\allsolutions\..\mip\platformplugin\videoos.platform\unittest\bin\debug\net6.0-windows\videoos.platform.tests.dll" id="22286b2d-2c9e-a580-fd4a-2436919b8555">
      <Execution id="bd1d880e-4c8a-4200-b388-c691066ee263" />
      <TestMethod codeBase="D:\actions-runner\_work\XPCO\XPCO\AllSolutions\..\MIP\PlatformPlugin\VideoOS.Platform\unittest\bin\Debug\net6.0-windows\VideoOS.Platform.Tests.dll" adapterTypeName="executor://mstestadapter/v2" className="VideoOS.Platform.Tests.Util.ConfigurationCacheTests" name="GetItem_ShouldReturnItem_WhenAllAdded" />
    </UnitTest>
    <UnitTest name="WriteXml_ShouldWriteTranslateContents_WhenTranslateIsNotNull" storage="d:\actions-runner\_work\xpco\xpco\allsolutions\..\mip\platformplugin\videoos.platform\unittest\bin\debug\net6.0-windows\videoos.platform.tests.dll" id="5d3ae8cd-0741-cea7-50c0-7e2ff7ad47a7">
      <Execution id="8d2169fd-9588-4826-8c18-e0d4f89451cc" />
      <TestMethod codeBase="D:\actions-runner\_work\XPCO\XPCO\AllSolutions\..\MIP\PlatformPlugin\VideoOS.Platform\unittest\bin\Debug\net6.0-windows\VideoOS.Platform.Tests.dll" adapterTypeName="executor://mstestadapter/v2" className="VideoOS.Platform.Tests.Metadata.TransformationTests" name="WriteXml_ShouldWriteTranslateContents_WhenTranslateIsNotNull" />
    </UnitTest>
    <UnitTest name="GenerateParameters_ShouldOmitGopRange_WhenGopRangeIsNull" storage="d:\actions-runner\_work\xpco\xpco\allsolutions\..\mip\platformplugin\videoos.platform\unittest\bin\debug\net6.0-windows\videoos.platform.tests.dll" id="64bf4ca0-c568-7784-9fd7-9241aca3c483">
      <Execution id="b0eb4853-057d-4627-9659-1e06ea7dc99c" />
      <TestMethod codeBase="D:\actions-runner\_work\XPCO\XPCO\AllSolutions\..\MIP\PlatformPlugin\VideoOS.Platform\unittest\bin\Debug\net6.0-windows\VideoOS.Platform.Tests.dll" adapterTypeName="executor://mstestadapter/v2" className="VideoOS.Platform.Tests.Data.CameraDeviceDefinitionTests" name="GenerateParameters_ShouldOmitGopRange_WhenGopRangeIsNull" />
    </UnitTest>
    <UnitTest name="ConstructorShouldThrowArgumentNullExceptionWhenContentIsNull" storage="d:\actions-runner\_work\xpco\xpco\allsolutions\..\mip\platformplugin\videoos.platform\unittest\bin\debug\net6.0-windows\videoos.platform.tests.dll" id="78b38ad0-3cef-09ee-1bf9-763896c87118">
      <Execution id="869c8801-b477-447d-ad10-8d06a8155bb5" />
      <TestMethod codeBase="D:\actions-runner\_work\XPCO\XPCO\AllSolutions\..\MIP\PlatformPlugin\VideoOS.Platform\unittest\bin\Debug\net6.0-windows\VideoOS.Platform.Tests.dll" adapterTypeName="executor://mstestadapter/v2" className="VideoOS.Platform.Tests.Live.MetadataLiveContentTests" name="ConstructorShouldThrowArgumentNullExceptionWhenContentIsNull" />
    </UnitTest>
    <UnitTest name="Serialize_TestCases (TestParentTypeMatchStringThisTypeNotMatched)" storage="d:\actions-runner\_work\xpco\xpco\allsolutions\..\mip\platformplugin\videoos.platform\unittest\bin\debug\net6.0-windows\videoos.platform.tests.dll" id="834e87af-89d1-a13c-6891-c9c741194fd8">
      <Execution id="80235089-cda8-4c20-8ec9-a4355e94a00f" />
      <TestMethod codeBase="D:\actions-runner\_work\XPCO\XPCO\AllSolutions\..\MIP\PlatformPlugin\VideoOS.Platform\unittest\bin\Debug\net6.0-windows\VideoOS.Platform.Tests.dll" adapterTypeName="executor://mstestadapter/v2" className="VideoOS.Platform.Tests.UI.Controls.Automation.Serialization.AutomationObjectSerializerTest" name="Serialize_TestCases" />
    </UnitTest>
    <UnitTest name="GetBoundingShapesAsync_SingleInvocationPerTime_DelegatedToInternalMethod" storage="d:\actions-runner\_work\xpco\xpco\allsolutions\..\mip\platformplugin\videoos.platform\unittest\bin\debug\net6.0-windows\videoos.platform.tests.dll" id="bffd3eb0-f441-4434-c761-838539b2758c">
      <TestCategory>
        <TestCategoryItem TestCategory="Search" />
      </TestCategory>
      <Execution id="0a9ad4ae-1e86-4577-a115-591b65081fb9" />
      <TestMethod codeBase="D:\actions-runner\_work\XPCO\XPCO\AllSolutions\..\MIP\PlatformPlugin\VideoOS.Platform\unittest\bin\Debug\net6.0-windows\VideoOS.Platform.Tests.dll" adapterTypeName="executor://mstestadapter/v2" className="VideoOS.Platform.Tests.Search.SearchResultDataTest" name="GetBoundingShapesAsync_SingleInvocationPerTime_DelegatedToInternalMethod" />
    </UnitTest>
    <UnitTest name="TestConstructor_Success" storage="d:\actions-runner\_work\xpco\xpco\allsolutions\..\mip\platformplugin\videoos.platform\unittest\bin\debug\net6.0-windows\videoos.platform.tests.dll" id="5aae0d5c-c153-7620-5b85-675beef30370">
      <Execution id="83ed13fd-d549-4b0c-9705-6a47d15c1e90" />
      <TestMethod codeBase="D:\actions-runner\_work\XPCO\XPCO\AllSolutions\..\MIP\PlatformPlugin\VideoOS.Platform\unittest\bin\Debug\net6.0-windows\VideoOS.Platform.Tests.dll" adapterTypeName="executor://mstestadapter/v2" className="VideoOS.Platform.Tests.Search.Error.NoItemsSupportedSearchErrorTest" name="TestConstructor_Success" />
    </UnitTest>
    <UnitTest name="GenerateDeviceCapabilityParameters_ShouldWriteMaximum_WhenAlways" storage="d:\actions-runner\_work\xpco\xpco\allsolutions\..\mip\platformplugin\videoos.platform\unittest\bin\debug\net6.0-windows\videoos.platform.tests.dll" id="1f3c2444-ad4b-db37-5d0a-de7606033ccd">
      <Execution id="bbd0bb5e-0969-49f8-ad28-9ec951d7c901" />
      <TestMethod codeBase="D:\actions-runner\_work\XPCO\XPCO\AllSolutions\..\MIP\PlatformPlugin\VideoOS.Platform\unittest\bin\Debug\net6.0-windows\VideoOS.Platform.Tests.dll" adapterTypeName="executor://mstestadapter/v2" className="VideoOS.Platform.Tests.Data.DataCapabilityTests" name="GenerateDeviceCapabilityParameters_ShouldWriteMaximum_WhenAlways" />
    </UnitTest>
    <UnitTest name="ReadXml_ShouldLogWarning_WhenClassCandidateIsNotValid" storage="d:\actions-runner\_work\xpco\xpco\allsolutions\..\mip\platformplugin\videoos.platform\unittest\bin\debug\net6.0-windows\videoos.platform.tests.dll" id="687e8953-7e5d-f508-b1c0-23de14611310">
      <Execution id="409ce7ef-7c55-40b3-ad0c-ab2ab243d28c" />
      <TestMethod codeBase="D:\actions-runner\_work\XPCO\XPCO\AllSolutions\..\MIP\PlatformPlugin\VideoOS.Platform\unittest\bin\Debug\net6.0-windows\VideoOS.Platform.Tests.dll" adapterTypeName="executor://mstestadapter/v2" className="VideoOS.Platform.Tests.Metadata.OnvifClassTests" name="ReadXml_ShouldLogWarning_WhenClassCandidateIsNotValid" />
    </UnitTest>
    <UnitTest name="AllowGroupSelection_MultiSelect_GroupSelected" storage="d:\actions-runner\_work\xpco\xpco\allsolutions\..\mip\platformplugin\videoos.platform\unittest\bin\debug\net6.0-windows\videoos.platform.tests.dll" id="fd3d93a9-265d-ee70-503b-7e4448400893">
      <Execution id="85e36999-4934-40cb-9cd8-db6b01188eea" />
      <TestMethod codeBase="D:\actions-runner\_work\XPCO\XPCO\AllSolutions\..\MIP\PlatformPlugin\VideoOS.Platform\unittest\bin\Debug\net6.0-windows\VideoOS.Platform.Tests.dll" adapterTypeName="executor://mstestadapter/v2" className="VideoOS.Platform.Tests.UI.ItemPicker.ItemPickerViewModelTest" name="AllowGroupSelection_MultiSelect_GroupSelected" />
    </UnitTest>
    <UnitTest name="WriteXml_ShouldWriteFrameContents_WhenAFrameIsWritten" storage="d:\actions-runner\_work\xpco\xpco\allsolutions\..\mip\platformplugin\videoos.platform\unittest\bin\debug\net6.0-windows\videoos.platform.tests.dll" id="0bfd2093-cd64-a47e-137d-af6fe3953323">
      <Execution id="7b353292-288f-4a18-b0d6-b51af33ff479" />
      <TestMethod codeBase="D:\actions-runner\_work\XPCO\XPCO\AllSolutions\..\MIP\PlatformPlugin\VideoOS.Platform\unittest\bin\Debug\net6.0-windows\VideoOS.Platform.Tests.dll" adapterTypeName="executor://mstestadapter/v2" className="VideoOS.Platform.Tests.Metadata.VideoAnalyticsTests" name="WriteXml_ShouldWriteFrameContents_WhenAFrameIsWritten" />
    </UnitTest>
    <UnitTest name="Constructor_ShouldThrowArgumentNullException_WhenDataIsNull" storage="d:\actions-runner\_work\xpco\xpco\allsolutions\..\mip\platformplugin\videoos.platform\unittest\bin\debug\net6.0-windows\videoos.platform.tests.dll" id="8afaf187-3d3c-e78b-824e-e769deeec2c9">
      <Execution id="661a0f7f-5543-4968-92fa-1482b7f97fb5" />
      <TestMethod codeBase="D:\actions-runner\_work\XPCO\XPCO\AllSolutions\..\MIP\PlatformPlugin\VideoOS.Platform\unittest\bin\Debug\net6.0-windows\VideoOS.Platform.Tests.dll" adapterTypeName="executor://mstestadapter/v2" className="VideoOS.Platform.Tests.Metadata.MetadataContentTests" name="Constructor_ShouldThrowArgumentNullException_WhenDataIsNull" />
    </UnitTest>
    <UnitTest name="TestSearchFilterCategories_WithOneAgentThrowingException_Success" storage="d:\actions-runner\_work\xpco\xpco\allsolutions\..\mip\platformplugin\videoos.platform\unittest\bin\debug\net6.0-windows\videoos.platform.tests.dll" id="3d1a6672-4657-c0b5-09b7-40d121d78ad6">
      <TestCategory>
        <TestCategoryItem TestCategory="Search" />
      </TestCategory>
      <Execution id="141ca030-b20f-4284-b037-6199034b84bb" />
      <TestMethod codeBase="D:\actions-runner\_work\XPCO\XPCO\AllSolutions\..\MIP\PlatformPlugin\VideoOS.Platform\unittest\bin\Debug\net6.0-windows\VideoOS.Platform.Tests.dll" adapterTypeName="executor://mstestadapter/v2" className="VideoOS.Platform.Tests.Search.SearchManagerTest" name="TestSearchFilterCategories_WithOneAgentThrowingException_Success" />
    </UnitTest>
    <UnitTest name="GetNext_ShouldReturnFirstDataEntityFromToolkitCall_WhenDataIsNotInCache" storage="d:\actions-runner\_work\xpco\xpco\allsolutions\..\mip\platformplugin\videoos.platform\unittest\bin\debug\net6.0-windows\videoos.platform.tests.dll" id="48b02059-b634-8f5d-f4de-84436d54e786">
      <Execution id="55343272-5da2-4ae6-98bf-9233684bef6e" />
      <TestMethod codeBase="D:\actions-runner\_work\XPCO\XPCO\AllSolutions\..\MIP\PlatformPlugin\VideoOS.Platform\unittest\bin\Debug\net6.0-windows\VideoOS.Platform.Tests.dll" adapterTypeName="executor://mstestadapter/v2" className="VideoOS.Platform.Tests.Data.MetadataPlaybackSourceTests" name="GetNext_ShouldReturnFirstDataEntityFromToolkitCall_WhenDataIsNotInCache" />
    </UnitTest>
    <UnitTest name="IconOverlay_Disabled_Success" storage="d:\actions-runner\_work\xpco\xpco\allsolutions\..\mip\platformplugin\videoos.platform\unittest\bin\debug\net6.0-windows\videoos.platform.tests.dll" id="8ecfeea7-0c3c-71f4-0099-cc3f5ecbeb8d">
      <Execution id="2207a984-0cb2-40dd-a857-e3f2bfe7408b" />
      <TestMethod codeBase="D:\actions-runner\_work\XPCO\XPCO\AllSolutions\..\MIP\PlatformPlugin\VideoOS.Platform\unittest\bin\Debug\net6.0-windows\VideoOS.Platform.Tests.dll" adapterTypeName="executor://mstestadapter/v2" className="VideoOS.Platform.Tests.ItemTests" name="IconOverlay_Disabled_Success" />
    </UnitTest>
    <UnitTest name="Serialize_TestCases (Verify root Generic (null) property get property value)" storage="d:\actions-runner\_work\xpco\xpco\allsolutions\..\mip\platformplugin\videoos.platform\unittest\bin\debug\net6.0-windows\videoos.platform.tests.dll" id="d4c22c7c-b6a3-cfbe-dc7f-cc4ae42c5d11">
      <Execution id="bf70a4c0-31d3-41de-906f-e48b5842010c" />
      <TestMethod codeBase="D:\actions-runner\_work\XPCO\XPCO\AllSolutions\..\MIP\PlatformPlugin\VideoOS.Platform\unittest\bin\Debug\net6.0-windows\VideoOS.Platform.Tests.dll" adapterTypeName="executor://mstestadapter/v2" className="VideoOS.Platform.Tests.UI.Controls.Automation.Serialization.AutomationObjectSerializerTest" name="Serialize_TestCases" />
    </UnitTest>
    <UnitTest name="ToString_WithTypeAndNull" storage="d:\actions-runner\_work\xpco\xpco\allsolutions\..\mip\platformplugin\videoos.platform\unittest\bin\debug\net6.0-windows\videoos.platform.tests.dll" id="08cc126a-cc1a-5bd0-28c8-0e116736d384">
      <Execution id="35e7b6ec-68cb-4719-be41-c216f6638955" />
      <TestMethod codeBase="D:\actions-runner\_work\XPCO\XPCO\AllSolutions\..\MIP\PlatformPlugin\VideoOS.Platform\unittest\bin\Debug\net6.0-windows\VideoOS.Platform.Tests.dll" adapterTypeName="executor://mstestadapter/v2" className="VideoOS.Platform.Tests.Messaging.CommunicationIdFilterTests" name="ToString_WithTypeAndNull" />
    </UnitTest>
    <UnitTest name="ReadXml_ShouldReadVideoAnalysticsChild_WhenOneChildIsPresent" storage="d:\actions-runner\_work\xpco\xpco\allsolutions\..\mip\platformplugin\videoos.platform\unittest\bin\debug\net6.0-windows\videoos.platform.tests.dll" id="0b0cafcd-36ec-b9e7-a6b1-cc34c82fd875">
      <Execution id="a04d1a5d-f010-4cd4-9abb-4ff277c155cf" />
      <TestMethod codeBase="D:\actions-runner\_work\XPCO\XPCO\AllSolutions\..\MIP\PlatformPlugin\VideoOS.Platform\unittest\bin\Debug\net6.0-windows\VideoOS.Platform.Tests.dll" adapterTypeName="executor://mstestadapter/v2" className="VideoOS.Platform.Tests.Metadata.MetadataStreamTests" name="ReadXml_ShouldReadVideoAnalysticsChild_WhenOneChildIsPresent" />
    </UnitTest>
    <UnitTest name="Serialize_TestCases (TestParentCollectionNotEmptyListNotMatchedProperty)" storage="d:\actions-runner\_work\xpco\xpco\allsolutions\..\mip\platformplugin\videoos.platform\unittest\bin\debug\net6.0-windows\videoos.platform.tests.dll" id="32d6ffa9-650f-d191-f967-674b238db8fa">
      <Execution id="aa6dba6a-03f7-4c3c-b818-204d6d8425a3" />
      <TestMethod codeBase="D:\actions-runner\_work\XPCO\XPCO\AllSolutions\..\MIP\PlatformPlugin\VideoOS.Platform\unittest\bin\Debug\net6.0-windows\VideoOS.Platform.Tests.dll" adapterTypeName="executor://mstestadapter/v2" className="VideoOS.Platform.Tests.UI.Controls.Automation.Serialization.AutomationObjectSerializerTest" name="Serialize_TestCases" />
    </UnitTest>
    <UnitTest name="ReadXml_ShouldReadCenterOfGravityContents_WhenCenterOfGravityIsPresent" storage="d:\actions-runner\_work\xpco\xpco\allsolutions\..\mip\platformplugin\videoos.platform\unittest\bin\debug\net6.0-windows\videoos.platform.tests.dll" id="ae12437f-7020-f7d7-46c0-7bcbf7d4412c">
      <Execution id="ab4ca86f-e3e0-4cf2-b4f4-d624d86e857d" />
      <TestMethod codeBase="D:\actions-runner\_work\XPCO\XPCO\AllSolutions\..\MIP\PlatformPlugin\VideoOS.Platform\unittest\bin\Debug\net6.0-windows\VideoOS.Platform.Tests.dll" adapterTypeName="executor://mstestadapter/v2" className="VideoOS.Platform.Tests.Metadata.ShapeTests" name="ReadXml_ShouldReadCenterOfGravityContents_WhenCenterOfGravityIsPresent" />
    </UnitTest>
    <UnitTest name="ReadXml_ShouldIgnoreUnknownChildren_WhenUnknownChildrenArePresent" storage="d:\actions-runner\_work\xpco\xpco\allsolutions\..\mip\platformplugin\videoos.platform\unittest\bin\debug\net6.0-windows\videoos.platform.tests.dll" id="e99720dc-b5ca-82eb-619d-d041c4804cad">
      <Execution id="25515e3b-6093-4668-b350-8c8340696ef6" />
      <TestMethod codeBase="D:\actions-runner\_work\XPCO\XPCO\AllSolutions\..\MIP\PlatformPlugin\VideoOS.Platform\unittest\bin\Debug\net6.0-windows\VideoOS.Platform.Tests.dll" adapterTypeName="executor://mstestadapter/v2" className="VideoOS.Platform.Tests.Metadata.OnvifObjectTests" name="ReadXml_ShouldIgnoreUnknownChildren_WhenUnknownChildrenArePresent" />
    </UnitTest>
    <UnitTest name="ReadXml_ShouldDiscardScale_WhenIncompleteScaleIsPresent" storage="d:\actions-runner\_work\xpco\xpco\allsolutions\..\mip\platformplugin\videoos.platform\unittest\bin\debug\net6.0-windows\videoos.platform.tests.dll" id="225e2319-c278-70af-0c9e-1f0e59bd70af">
      <Execution id="05ca9aed-585e-466d-845b-51b54d13713b" />
      <TestMethod codeBase="D:\actions-runner\_work\XPCO\XPCO\AllSolutions\..\MIP\PlatformPlugin\VideoOS.Platform\unittest\bin\Debug\net6.0-windows\VideoOS.Platform.Tests.dll" adapterTypeName="executor://mstestadapter/v2" className="VideoOS.Platform.Tests.Metadata.TransformationTests" name="ReadXml_ShouldDiscardScale_WhenIncompleteScaleIsPresent" />
    </UnitTest>
    <UnitTest name="JoinString_When2Levels_Joins" storage="d:\actions-runner\_work\xpco\xpco\allsolutions\..\mip\platformplugin\videoos.platform\unittest\bin\debug\net6.0-windows\videoos.platform.tests.dll" id="16b9cd71-246d-5b51-e461-fdc7db24fde9">
      <Execution id="f46abe87-ce88-48ce-bf85-5acbee32a8fe" />
      <TestMethod codeBase="D:\actions-runner\_work\XPCO\XPCO\AllSolutions\..\MIP\PlatformPlugin\VideoOS.Platform\unittest\bin\Debug\net6.0-windows\VideoOS.Platform.Tests.dll" adapterTypeName="executor://mstestadapter/v2" className="VideoOS.Platform.Tests.Util.StringSplitterTests" name="JoinString_When2Levels_Joins" />
    </UnitTest>
    <UnitTest name="TestSearchFilterCategories_WithOneAgentIsNull_Success" storage="d:\actions-runner\_work\xpco\xpco\allsolutions\..\mip\platformplugin\videoos.platform\unittest\bin\debug\net6.0-windows\videoos.platform.tests.dll" id="a30a662f-2ee5-0db0-93be-e23b78960c82">
      <TestCategory>
        <TestCategoryItem TestCategory="Search" />
      </TestCategory>
      <Execution id="38f35c96-3a56-4122-a3c7-cf67b112918a" />
      <TestMethod codeBase="D:\actions-runner\_work\XPCO\XPCO\AllSolutions\..\MIP\PlatformPlugin\VideoOS.Platform\unittest\bin\Debug\net6.0-windows\VideoOS.Platform.Tests.dll" adapterTypeName="executor://mstestadapter/v2" className="VideoOS.Platform.Tests.Search.SearchManagerTest" name="TestSearchFilterCategories_WithOneAgentIsNull_Success" />
    </UnitTest>
    <UnitTest name="ReadXml_ShouldReadHorizontalAccuracy_WhenHorizontalAccuracyIsPresent" storage="d:\actions-runner\_work\xpco\xpco\allsolutions\..\mip\platformplugin\videoos.platform\unittest\bin\debug\net6.0-windows\videoos.platform.tests.dll" id="520094b8-4b75-11e8-c310-4fbb0ad15d04">
      <Execution id="f5230489-e83e-4730-9c54-f1c9e40a6932" />
      <TestMethod codeBase="D:\actions-runner\_work\XPCO\XPCO\AllSolutions\..\MIP\PlatformPlugin\VideoOS.Platform\unittest\bin\Debug\net6.0-windows\VideoOS.Platform.Tests.dll" adapterTypeName="executor://mstestadapter/v2" className="VideoOS.Platform.Tests.Metadata.NavigationalDataTests" name="ReadXml_ShouldReadHorizontalAccuracy_WhenHorizontalAccuracyIsPresent" />
    </UnitTest>
    <UnitTest name="SetEvents_ShouldAddProxyManager_WhenFrameworkElementIsLoaded" storage="d:\actions-runner\_work\xpco\xpco\allsolutions\..\mip\platformplugin\videoos.platform\unittest\bin\debug\net6.0-windows\videoos.platform.tests.dll" id="ec920726-a9ee-dd71-1f12-1fd1c5e256bd">
      <TestCategory>
        <TestCategoryItem TestCategory="EventsToCommandMappings" />
      </TestCategory>
      <Execution id="8052bb60-1ff2-4ed5-9a21-5aa180149fdb" />
      <TestMethod codeBase="D:\actions-runner\_work\XPCO\XPCO\AllSolutions\..\MIP\PlatformPlugin\VideoOS.Platform\unittest\bin\Debug\net6.0-windows\VideoOS.Platform.Tests.dll" adapterTypeName="executor://mstestadapter/v2" className="VideoOS.Platform.Tests.UI.Commands.EventsToCommandMappingTest" name="SetEvents_ShouldAddProxyManager_WhenFrameworkElementIsLoaded" />
    </UnitTest>
    <UnitTest name="Append_Element_Null" storage="d:\actions-runner\_work\xpco\xpco\allsolutions\..\mip\platformplugin\videoos.platform\unittest\bin\debug\net6.0-windows\videoos.platform.tests.dll" id="ea812c4e-499f-c48f-48ec-0c8b2f821c14">
      <Execution id="2e656e30-f4ec-46ee-ba55-44bc5502bf63" />
      <TestMethod codeBase="D:\actions-runner\_work\XPCO\XPCO\AllSolutions\..\MIP\PlatformPlugin\VideoOS.Platform\unittest\bin\Debug\net6.0-windows\VideoOS.Platform.Tests.dll" adapterTypeName="executor://mstestadapter/v2" className="VideoOS.Platform.Tests.Proxy.RestApi.JsonBuilderTests" name="Append_Element_Null" />
    </UnitTest>
    <UnitTest name="Serialize_TestCases (Verify root Object (not null) property)" storage="d:\actions-runner\_work\xpco\xpco\allsolutions\..\mip\platformplugin\videoos.platform\unittest\bin\debug\net6.0-windows\videoos.platform.tests.dll" id="38fcbf38-2337-9abb-35d5-4b506f10ef38">
      <Execution id="aec0f399-abf7-4b14-823a-b7b7c5152a93" />
      <TestMethod codeBase="D:\actions-runner\_work\XPCO\XPCO\AllSolutions\..\MIP\PlatformPlugin\VideoOS.Platform\unittest\bin\Debug\net6.0-windows\VideoOS.Platform.Tests.dll" adapterTypeName="executor://mstestadapter/v2" className="VideoOS.Platform.Tests.UI.Controls.Automation.Serialization.AutomationObjectSerializerTest" name="Serialize_TestCases" />
    </UnitTest>
    <UnitTest name="IsEmptyValue_StringFilterValue_EmptyString_ReturnsTrue" storage="d:\actions-runner\_work\xpco\xpco\allsolutions\..\mip\platformplugin\videoos.platform\unittest\bin\debug\net6.0-windows\videoos.platform.tests.dll" id="b357ddf5-0643-7e7d-12aa-101fa59704c1">
      <TestCategory>
        <TestCategoryItem TestCategory="Search" />
      </TestCategory>
      <Execution id="094b8228-091d-4dce-b172-8a722a340bc0" />
      <TestMethod codeBase="D:\actions-runner\_work\XPCO\XPCO\AllSolutions\..\MIP\PlatformPlugin\VideoOS.Platform\unittest\bin\Debug\net6.0-windows\VideoOS.Platform.Tests.dll" adapterTypeName="executor://mstestadapter/v2" className="VideoOS.Platform.Tests.Search.SearchFilterTest" name="IsEmptyValue_StringFilterValue_EmptyString_ReturnsTrue" />
    </UnitTest>
    <UnitTest name="IsValid_ShouldBeSetToTrue_WhenValidBoundingBoxAndCenterOfGravityIsMissing" storage="d:\actions-runner\_work\xpco\xpco\allsolutions\..\mip\platformplugin\videoos.platform\unittest\bin\debug\net6.0-windows\videoos.platform.tests.dll" id="5c447ad0-5dd2-2fa2-d091-548bf019cae3">
      <Execution id="34166cf5-1978-41fc-852f-fa5bd0fe034e" />
      <TestMethod codeBase="D:\actions-runner\_work\XPCO\XPCO\AllSolutions\..\MIP\PlatformPlugin\VideoOS.Platform\unittest\bin\Debug\net6.0-windows\VideoOS.Platform.Tests.dll" adapterTypeName="executor://mstestadapter/v2" className="VideoOS.Platform.Tests.Metadata.ShapeTests" name="IsValid_ShouldBeSetToTrue_WhenValidBoundingBoxAndCenterOfGravityIsMissing" />
    </UnitTest>
    <UnitTest name="ReadXml_ShouldIgnoreUnknownChildren_WhenUnknownChildrenArePresent" storage="d:\actions-runner\_work\xpco\xpco\allsolutions\..\mip\platformplugin\videoos.platform\unittest\bin\debug\net6.0-windows\videoos.platform.tests.dll" id="b6c8d5b4-b132-7bf9-41ce-a46ff913fc34">
      <Execution id="22cde00c-dcb8-48a8-8d8c-50f8b871c285" />
      <TestMethod codeBase="D:\actions-runner\_work\XPCO\XPCO\AllSolutions\..\MIP\PlatformPlugin\VideoOS.Platform\unittest\bin\Debug\net6.0-windows\VideoOS.Platform.Tests.dll" adapterTypeName="executor://mstestadapter/v2" className="VideoOS.Platform.Tests.Metadata.VideoAnalyticsTests" name="ReadXml_ShouldIgnoreUnknownChildren_WhenUnknownChildrenArePresent" />
    </UnitTest>
    <UnitTest name="WriteAppearanceExtenstionXml_ShouldWriteLineColor_WhenLineColorIsPresent" storage="d:\actions-runner\_work\xpco\xpco\allsolutions\..\mip\platformplugin\videoos.platform\unittest\bin\debug\net6.0-windows\videoos.platform.tests.dll" id="394ee23f-1fe5-59c6-6460-7cc48bf68705">
      <Execution id="da9114b1-2cb9-4d9c-86f9-51dabc1d32fa" />
      <TestMethod codeBase="D:\actions-runner\_work\XPCO\XPCO\AllSolutions\..\MIP\PlatformPlugin\VideoOS.Platform\unittest\bin\Debug\net6.0-windows\VideoOS.Platform.Tests.dll" adapterTypeName="executor://mstestadapter/v2" className="VideoOS.Platform.Tests.Metadata.RectangleTests" name="WriteAppearanceExtenstionXml_ShouldWriteLineColor_WhenLineColorIsPresent" />
    </UnitTest>
    <UnitTest name="ProvideValue_ShouldUpdateTarget_WhenItemDataValueChanges" storage="d:\actions-runner\_work\xpco\xpco\allsolutions\..\mip\platformplugin\videoos.platform\unittest\bin\debug\net6.0-windows\videoos.platform.tests.dll" id="f3ca05e5-dc9b-e250-df0d-7261ad9afb62">
      <TestCategory>
        <TestCategoryItem TestCategory="DropDowns" />
      </TestCategory>
      <Execution id="6ba52913-44ae-411b-9eb1-2fd18f5b4ca8" />
      <TestMethod codeBase="D:\actions-runner\_work\XPCO\XPCO\AllSolutions\..\MIP\PlatformPlugin\VideoOS.Platform\unittest\bin\Debug\net6.0-windows\VideoOS.Platform.Tests.dll" adapterTypeName="executor://mstestadapter/v2" className="VideoOS.Platform.Tests.UI.Controls.DropDowns.Internal.SelectedItemCustomContentDataExtensionTest" name="ProvideValue_ShouldUpdateTarget_WhenItemDataValueChanges" />
    </UnitTest>
    <UnitTest name="Serialize_TestCases (TestParentTypeMatchStructNotThisTypeNotMatchedProperty)" storage="d:\actions-runner\_work\xpco\xpco\allsolutions\..\mip\platformplugin\videoos.platform\unittest\bin\debug\net6.0-windows\videoos.platform.tests.dll" id="6c9b14c3-fb11-6b6c-874f-cb384de0275b">
      <Execution id="a20605b8-3ebd-495b-9bb4-720293bffc98" />
      <TestMethod codeBase="D:\actions-runner\_work\XPCO\XPCO\AllSolutions\..\MIP\PlatformPlugin\VideoOS.Platform\unittest\bin\Debug\net6.0-windows\VideoOS.Platform.Tests.dll" adapterTypeName="executor://mstestadapter/v2" className="VideoOS.Platform.Tests.UI.Controls.Automation.Serialization.AutomationObjectSerializerTest" name="Serialize_TestCases" />
    </UnitTest>
    <UnitTest name="CreateSearchResultUserControl_PluginReturnsNull_ReturnsNull" storage="d:\actions-runner\_work\xpco\xpco\allsolutions\..\mip\platformplugin\videoos.platform\unittest\bin\debug\net6.0-windows\videoos.platform.tests.dll" id="b789a227-1d2f-c14a-41cf-d52a7a553222">
      <TestCategory>
        <TestCategoryItem TestCategory="Search" />
      </TestCategory>
      <Execution id="25850aa7-d5e6-4432-ac20-a4574815b65e" />
      <TestMethod codeBase="D:\actions-runner\_work\XPCO\XPCO\AllSolutions\..\MIP\PlatformPlugin\VideoOS.Platform\unittest\bin\Debug\net6.0-windows\VideoOS.Platform.Tests.dll" adapterTypeName="executor://mstestadapter/v2" className="VideoOS.Platform.Tests.Search.SearchUserControlResolverTest" name="CreateSearchResultUserControl_PluginReturnsNull_ReturnsNull" />
    </UnitTest>
    <UnitTest name="Clear_KeysPresent_ClearsCacheAndGetReturnsNull" storage="d:\actions-runner\_work\xpco\xpco\allsolutions\..\mip\platformplugin\videoos.platform\unittest\bin\debug\net6.0-windows\videoos.platform.tests.dll" id="13808eac-f72b-2563-39d5-58056dcce54a">
      <Execution id="d5c5592f-dc83-4b4b-8e79-149488f70ea3" />
      <TestMethod codeBase="D:\actions-runner\_work\XPCO\XPCO\AllSolutions\..\MIP\PlatformPlugin\VideoOS.Platform\unittest\bin\Debug\net6.0-windows\VideoOS.Platform.Tests.dll" adapterTypeName="executor://mstestadapter/v2" className="VideoOS.Platform.Tests.Util.Queue.LRUCacheTests" name="Clear_KeysPresent_ClearsCacheAndGetReturnsNull" />
    </UnitTest>
    <UnitTest name="GenerateParameters_ShouldWriteNotSupportedForSerialNr_WhenSerialNrIsNull" storage="d:\actions-runner\_work\xpco\xpco\allsolutions\..\mip\platformplugin\videoos.platform\unittest\bin\debug\net6.0-windows\videoos.platform.tests.dll" id="1287d8b9-a242-3700-9223-1e45506d7926">
      <Execution id="23f16ecf-e23d-40a6-bb48-d667e27e240f" />
      <TestMethod codeBase="D:\actions-runner\_work\XPCO\XPCO\AllSolutions\..\MIP\PlatformPlugin\VideoOS.Platform\unittest\bin\Debug\net6.0-windows\VideoOS.Platform.Tests.dll" adapterTypeName="executor://mstestadapter/v2" className="VideoOS.Platform.Tests.Data.HardwareDefinitionTests" name="GenerateParameters_ShouldWriteNotSupportedForSerialNr_WhenSerialNrIsNull" />
    </UnitTest>
    <UnitTest name="ClearFilterValues_MultipleValuesPresent_Success" storage="d:\actions-runner\_work\xpco\xpco\allsolutions\..\mip\platformplugin\videoos.platform\unittest\bin\debug\net6.0-windows\videoos.platform.tests.dll" id="0e3b0f34-8ab7-ccb2-ed1a-7de6e3e165c5">
      <TestCategory>
        <TestCategoryItem TestCategory="Search" />
      </TestCategory>
      <Execution id="1ffcc1b2-7bc1-43bc-9f6a-f52e6c755fc2" />
      <TestMethod codeBase="D:\actions-runner\_work\XPCO\XPCO\AllSolutions\..\MIP\PlatformPlugin\VideoOS.Platform\unittest\bin\Debug\net6.0-windows\VideoOS.Platform.Tests.dll" adapterTypeName="executor://mstestadapter/v2" className="VideoOS.Platform.Tests.Search.SearchCriteriaTest" name="ClearFilterValues_MultipleValuesPresent_Success" />
    </UnitTest>
    <UnitTest name="TestConstructor_Success" storage="d:\actions-runner\_work\xpco\xpco\allsolutions\..\mip\platformplugin\videoos.platform\unittest\bin\debug\net6.0-windows\videoos.platform.tests.dll" id="ef9bc618-0b6a-337d-f408-8cefa3f67ba7">
      <TestCategory>
        <TestCategoryItem TestCategory="Search" />
      </TestCategory>
      <Execution id="01b50a3f-b17e-4ca5-b3df-00f588a6c458" />
      <TestMethod codeBase="D:\actions-runner\_work\XPCO\XPCO\AllSolutions\..\MIP\PlatformPlugin\VideoOS.Platform\unittest\bin\Debug\net6.0-windows\VideoOS.Platform.Tests.dll" adapterTypeName="executor://mstestadapter/v2" className="VideoOS.Platform.Tests.Search.SearchManagerTest" name="TestConstructor_Success" />
    </UnitTest>
    <UnitTest name="GenerateTypeDefinintionParameters_ShouldWriteName_WhenAlways" storage="d:\actions-runner\_work\xpco\xpco\allsolutions\..\mip\platformplugin\videoos.platform\unittest\bin\debug\net6.0-windows\videoos.platform.tests.dll" id="c1ccc07e-0232-8793-44eb-68dba00ee95d">
      <Execution id="ffe50e18-71f3-4392-95e5-8aff1c98a399" />
      <TestMethod codeBase="D:\actions-runner\_work\XPCO\XPCO\AllSolutions\..\MIP\PlatformPlugin\VideoOS.Platform\unittest\bin\Debug\net6.0-windows\VideoOS.Platform.Tests.dll" adapterTypeName="executor://mstestadapter/v2" className="VideoOS.Platform.Tests.Data.MetadataTypeDefinitionTests" name="GenerateTypeDefinintionParameters_ShouldWriteName_WhenAlways" />
    </UnitTest>
    <UnitTest name="PatchMIPItem_Success" storage="d:\actions-runner\_work\xpco\xpco\allsolutions\..\mip\platformplugin\videoos.platform\unittest\bin\debug\net6.0-windows\videoos.platform.tests.dll" id="7f1f1baf-8bbb-c3d7-9705-27c7162bbf25">
      <Execution id="485cc1b3-3364-468b-8895-955e9cf9468d" />
      <TestMethod codeBase="D:\actions-runner\_work\XPCO\XPCO\AllSolutions\..\MIP\PlatformPlugin\VideoOS.Platform\unittest\bin\Debug\net6.0-windows\VideoOS.Platform.Tests.dll" adapterTypeName="executor://mstestadapter/v2" className="VideoOS.Platform.Tests.Proxy.RestApi.RestApiClientDecoratorTests" name="PatchMIPItem_Success" />
    </UnitTest>
    <UnitTest name="ReadXml_ShouldLogWarningOnlyOnceWithinOneMinute_WhenRequiredAttributeIsMissing" storage="d:\actions-runner\_work\xpco\xpco\allsolutions\..\mip\platformplugin\videoos.platform\unittest\bin\debug\net6.0-windows\videoos.platform.tests.dll" id="03478619-c09b-a567-26eb-276c25d533f6">
      <Execution id="24c7854f-b449-4b18-960e-e05cf6184117" />
      <TestMethod codeBase="D:\actions-runner\_work\XPCO\XPCO\AllSolutions\..\MIP\PlatformPlugin\VideoOS.Platform\unittest\bin\Debug\net6.0-windows\VideoOS.Platform.Tests.dll" adapterTypeName="executor://mstestadapter/v2" className="VideoOS.Platform.Tests.Metadata.VectorTests" name="ReadXml_ShouldLogWarningOnlyOnceWithinOneMinute_WhenRequiredAttributeIsMissing" />
    </UnitTest>
    <UnitTest name="GetHashType_ShouldReturnMD5_WhenInputIsMD5Hash" storage="d:\actions-runner\_work\xpco\xpco\allsolutions\..\mip\platformplugin\videoos.platform\unittest\bin\debug\net6.0-windows\videoos.platform.tests.dll" id="f761c35c-23da-0635-088d-82edc227a6c9">
      <Execution id="0026446a-3017-40bb-b61a-f839af9a4613" />
      <TestMethod codeBase="D:\actions-runner\_work\XPCO\XPCO\AllSolutions\..\MIP\PlatformPlugin\VideoOS.Platform\unittest\bin\Debug\net6.0-windows\VideoOS.Platform.Tests.dll" adapterTypeName="executor://mstestadapter/v2" className="VideoOS.Platform.Tests.Data.MediaProviderInternal.UtilityTests" name="GetHashType_ShouldReturnMD5_WhenInputIsMD5Hash" />
    </UnitTest>
    <UnitTest name="WriteXml_ShouldWriteBehaviourElement_WhenBehaviourIsNotNullAndHasBehaviour" storage="d:\actions-runner\_work\xpco\xpco\allsolutions\..\mip\platformplugin\videoos.platform\unittest\bin\debug\net6.0-windows\videoos.platform.tests.dll" id="e7a87b1a-469f-3c38-ddd6-29b9b9cbec00">
      <Execution id="02a3caae-c20a-4100-ada5-a4ded1129fae" />
      <TestMethod codeBase="D:\actions-runner\_work\XPCO\XPCO\AllSolutions\..\MIP\PlatformPlugin\VideoOS.Platform\unittest\bin\Debug\net6.0-windows\VideoOS.Platform.Tests.dll" adapterTypeName="executor://mstestadapter/v2" className="VideoOS.Platform.Tests.Metadata.OnvifObjectTests" name="WriteXml_ShouldWriteBehaviourElement_WhenBehaviourIsNotNullAndHasBehaviour" />
    </UnitTest>
    <UnitTest name="ReadXml_ShouldLogWarningOnlyOnceWithinOneMinute_WhenShapeIsInvalid" storage="d:\actions-runner\_work\xpco\xpco\allsolutions\..\mip\platformplugin\videoos.platform\unittest\bin\debug\net6.0-windows\videoos.platform.tests.dll" id="d05873bf-41ef-0bcf-a99f-bd7e3fdc9082">
      <Execution id="2c62d828-4b99-48ad-a57f-8ff5c147c476" />
      <TestMethod codeBase="D:\actions-runner\_work\XPCO\XPCO\AllSolutions\..\MIP\PlatformPlugin\VideoOS.Platform\unittest\bin\Debug\net6.0-windows\VideoOS.Platform.Tests.dll" adapterTypeName="executor://mstestadapter/v2" className="VideoOS.Platform.Tests.Metadata.AppearanceTests" name="ReadXml_ShouldLogWarningOnlyOnceWithinOneMinute_WhenShapeIsInvalid" />
    </UnitTest>
    <UnitTest name="FindCacheEntryAfter_ShuldReturnEntryAfterTimeStamp_WhenThereIsAnEntryAfterTheTimestamp" storage="d:\actions-runner\_work\xpco\xpco\allsolutions\..\mip\platformplugin\videoos.platform\unittest\bin\debug\net6.0-windows\videoos.platform.tests.dll" id="ba7694f7-ee6f-6343-b447-699651d9d6f9">
      <Execution id="db925dba-dfff-4036-a9ff-9da2aa7ce93d" />
      <TestMethod codeBase="D:\actions-runner\_work\XPCO\XPCO\AllSolutions\..\MIP\PlatformPlugin\VideoOS.Platform\unittest\bin\Debug\net6.0-windows\VideoOS.Platform.Tests.dll" adapterTypeName="executor://mstestadapter/v2" className="VideoOS.Platform.Tests.Data.MetadataCacheTests" name="FindCacheEntryAfter_ShuldReturnEntryAfterTimeStamp_WhenThereIsAnEntryAfterTheTimestamp" />
    </UnitTest>
    <UnitTest name="SHA256Hex64_ShouldThrowArgumentNullException_WhenInputIsNull" storage="d:\actions-runner\_work\xpco\xpco\allsolutions\..\mip\platformplugin\videoos.platform\unittest\bin\debug\net6.0-windows\videoos.platform.tests.dll" id="e07ed0b5-2e0a-976d-3f75-19c16e3edd02">
      <Execution id="9bc9c1a4-8d48-4b57-a243-188db24a3dc7" />
      <TestMethod codeBase="D:\actions-runner\_work\XPCO\XPCO\AllSolutions\..\MIP\PlatformPlugin\VideoOS.Platform\unittest\bin\Debug\net6.0-windows\VideoOS.Platform.Tests.dll" adapterTypeName="executor://mstestadapter/v2" className="VideoOS.Platform.Tests.Data.MediaProviderInternal.UtilityTests" name="SHA256Hex64_ShouldThrowArgumentNullException_WhenInputIsNull" />
    </UnitTest>
    <UnitTest name="Serialize_TestCases (TestParentCollectionNotEmptyListMatchedProperty)" storage="d:\actions-runner\_work\xpco\xpco\allsolutions\..\mip\platformplugin\videoos.platform\unittest\bin\debug\net6.0-windows\videoos.platform.tests.dll" id="333f18ad-13f9-9950-7477-8cd437bf4957">
      <Execution id="c970696c-9bf2-4382-8ef3-af0d7a6e7959" />
      <TestMethod codeBase="D:\actions-runner\_work\XPCO\XPCO\AllSolutions\..\MIP\PlatformPlugin\VideoOS.Platform\unittest\bin\Debug\net6.0-windows\VideoOS.Platform.Tests.dll" adapterTypeName="executor://mstestadapter/v2" className="VideoOS.Platform.Tests.UI.Controls.Automation.Serialization.AutomationObjectSerializerTest" name="Serialize_TestCases" />
    </UnitTest>
    <UnitTest name="Serialize_TestCases (Verify root Collection (not empty) property)" storage="d:\actions-runner\_work\xpco\xpco\allsolutions\..\mip\platformplugin\videoos.platform\unittest\bin\debug\net6.0-windows\videoos.platform.tests.dll" id="d1c5438f-f6a6-ca91-e27b-7a97a7b2a283">
      <Execution id="704a05be-fbc4-46e3-90ed-3ce44c02a7f7" />
      <TestMethod codeBase="D:\actions-runner\_work\XPCO\XPCO\AllSolutions\..\MIP\PlatformPlugin\VideoOS.Platform\unittest\bin\Debug\net6.0-windows\VideoOS.Platform.Tests.dll" adapterTypeName="executor://mstestadapter/v2" className="VideoOS.Platform.Tests.UI.Controls.Automation.Serialization.AutomationObjectSerializerTest" name="Serialize_TestCases" />
    </UnitTest>
    <UnitTest name="ParseMetadataXmlWithString_ShouldThrowXmExceptionWithInformationOnError_WhenXmlContainsIncorrectRootElement" storage="d:\actions-runner\_work\xpco\xpco\allsolutions\..\mip\platformplugin\videoos.platform\unittest\bin\debug\net6.0-windows\videoos.platform.tests.dll" id="bf3be38d-fccb-d51d-c680-813aa0d77baa">
      <Execution id="7af75f76-fb63-470b-8208-141d6bd314f8" />
      <TestMethod codeBase="D:\actions-runner\_work\XPCO\XPCO\AllSolutions\..\MIP\PlatformPlugin\VideoOS.Platform\unittest\bin\Debug\net6.0-windows\VideoOS.Platform.Tests.dll" adapterTypeName="executor://mstestadapter/v2" className="VideoOS.Platform.Tests.Metadata.MetadataDeserializerTests" name="ParseMetadataXmlWithString_ShouldThrowXmExceptionWithInformationOnError_WhenXmlContainsIncorrectRootElement" />
    </UnitTest>
    <UnitTest name="IsEmptyValue_StringFilterValue_Whitespaces_ReturnsTrue" storage="d:\actions-runner\_work\xpco\xpco\allsolutions\..\mip\platformplugin\videoos.platform\unittest\bin\debug\net6.0-windows\videoos.platform.tests.dll" id="e997866d-eebf-79e1-ae85-52bd5aa489c9">
      <TestCategory>
        <TestCategoryItem TestCategory="Search" />
      </TestCategory>
      <Execution id="ffb5ef90-0fda-411d-872f-cd2ada49cb88" />
      <TestMethod codeBase="D:\actions-runner\_work\XPCO\XPCO\AllSolutions\..\MIP\PlatformPlugin\VideoOS.Platform\unittest\bin\Debug\net6.0-windows\VideoOS.Platform.Tests.dll" adapterTypeName="executor://mstestadapter/v2" className="VideoOS.Platform.Tests.Search.SearchFilterTest" name="IsEmptyValue_StringFilterValue_Whitespaces_ReturnsTrue" />
    </UnitTest>
    <UnitTest name="AppendItemPicked_AutoSelect_ItemSelected_EventRaised" storage="d:\actions-runner\_work\xpco\xpco\allsolutions\..\mip\platformplugin\videoos.platform\unittest\bin\debug\net6.0-windows\videoos.platform.tests.dll" id="1bbd120c-214c-3ef2-991f-c7ebd3d57ae2">
      <Execution id="ec2274cd-bf6b-4053-b490-a64fa3cae9e9" />
      <TestMethod codeBase="D:\actions-runner\_work\XPCO\XPCO\AllSolutions\..\MIP\PlatformPlugin\VideoOS.Platform\unittest\bin\Debug\net6.0-windows\VideoOS.Platform.Tests.dll" adapterTypeName="executor://mstestadapter/v2" className="VideoOS.Platform.Tests.UI.ItemPicker.ItemPickerViewModelTest" name="AppendItemPicked_AutoSelect_ItemSelected_EventRaised" />
    </UnitTest>
    <UnitTest name="GenerateParameters_ShouldWriteSerialNr_WhenSerialNrIsNotNull" storage="d:\actions-runner\_work\xpco\xpco\allsolutions\..\mip\platformplugin\videoos.platform\unittest\bin\debug\net6.0-windows\videoos.platform.tests.dll" id="25d2ce81-b800-30ed-a9ff-8db2b7fca025">
      <Execution id="229c12f3-daa4-4c7e-9144-0228c9b84036" />
      <TestMethod codeBase="D:\actions-runner\_work\XPCO\XPCO\AllSolutions\..\MIP\PlatformPlugin\VideoOS.Platform\unittest\bin\Debug\net6.0-windows\VideoOS.Platform.Tests.dll" adapterTypeName="executor://mstestadapter/v2" className="VideoOS.Platform.Tests.Data.HardwareDefinitionTests" name="GenerateParameters_ShouldWriteSerialNr_WhenSerialNrIsNotNull" />
    </UnitTest>
    <UnitTest name="GetNearest_ShouldReturnNull_WhenTimestampIsAfterLastElement" storage="d:\actions-runner\_work\xpco\xpco\allsolutions\..\mip\platformplugin\videoos.platform\unittest\bin\debug\net6.0-windows\videoos.platform.tests.dll" id="803ac96c-ceaf-813a-623a-bb8007ba13fb">
      <Execution id="eaeafc32-4bdd-476d-be63-49acebdd2834" />
      <TestMethod codeBase="D:\actions-runner\_work\XPCO\XPCO\AllSolutions\..\MIP\PlatformPlugin\VideoOS.Platform\unittest\bin\Debug\net6.0-windows\VideoOS.Platform.Tests.dll" adapterTypeName="executor://mstestadapter/v2" className="VideoOS.Platform.Tests.Data.MetadataCacheTests" name="GetNearest_ShouldReturnNull_WhenTimestampIsAfterLastElement" />
    </UnitTest>
    <UnitTest name="Constructor_ShouldThrowArgumentNullException_WhenModelIsNull" storage="d:\actions-runner\_work\xpco\xpco\allsolutions\..\mip\platformplugin\videoos.platform\unittest\bin\debug\net6.0-windows\videoos.platform.tests.dll" id="12cac62c-5b3e-c0ef-167d-41a5a640f7f1">
      <Execution id="ce75a234-4b05-45f1-97e7-2fcf298e7487" />
      <TestMethod codeBase="D:\actions-runner\_work\XPCO\XPCO\AllSolutions\..\MIP\PlatformPlugin\VideoOS.Platform\unittest\bin\Debug\net6.0-windows\VideoOS.Platform.Tests.dll" adapterTypeName="executor://mstestadapter/v2" className="VideoOS.Platform.Tests.Data.HardwareDefinitionTests" name="Constructor_ShouldThrowArgumentNullException_WhenModelIsNull" />
    </UnitTest>
    <UnitTest name="ReadXml_ShouldIgnoreBoundingBox_WhenBoundingBoxIsPresenWithWrongNamespace" storage="d:\actions-runner\_work\xpco\xpco\allsolutions\..\mip\platformplugin\videoos.platform\unittest\bin\debug\net6.0-windows\videoos.platform.tests.dll" id="1677c45e-088d-ae58-08dc-ccdb32d9ca65">
      <Execution id="c814dbce-d899-439f-945d-8b60e5b34b83" />
      <TestMethod codeBase="D:\actions-runner\_work\XPCO\XPCO\AllSolutions\..\MIP\PlatformPlugin\VideoOS.Platform\unittest\bin\Debug\net6.0-windows\VideoOS.Platform.Tests.dll" adapterTypeName="executor://mstestadapter/v2" className="VideoOS.Platform.Tests.Metadata.ShapeTests" name="ReadXml_ShouldIgnoreBoundingBox_WhenBoundingBoxIsPresenWithWrongNamespace" />
    </UnitTest>
    <UnitTest name="FlushAll_ShouldClearCache" storage="d:\actions-runner\_work\xpco\xpco\allsolutions\..\mip\platformplugin\videoos.platform\unittest\bin\debug\net6.0-windows\videoos.platform.tests.dll" id="1fc86256-4383-79f5-2623-3a4a27ec4fd7">
      <Execution id="33aab319-1abd-45b6-a11c-38d22498e546" />
      <TestMethod codeBase="D:\actions-runner\_work\XPCO\XPCO\AllSolutions\..\MIP\PlatformPlugin\VideoOS.Platform\unittest\bin\Debug\net6.0-windows\VideoOS.Platform.Tests.dll" adapterTypeName="executor://mstestadapter/v2" className="VideoOS.Platform.Tests.Util.ConfigurationCacheTests" name="FlushAll_ShouldClearCache" />
    </UnitTest>
    <UnitTest name="ReadXml_ShouldIgnoreClassCandidate_WhenClassCandidateIsPresenWithWrongNamespace" storage="d:\actions-runner\_work\xpco\xpco\allsolutions\..\mip\platformplugin\videoos.platform\unittest\bin\debug\net6.0-windows\videoos.platform.tests.dll" id="a85a1362-1754-70cf-33fa-4ae7e0463bc7">
      <Execution id="72423ec4-2ec2-4da9-87f8-c5560a9afc8e" />
      <TestMethod codeBase="D:\actions-runner\_work\XPCO\XPCO\AllSolutions\..\MIP\PlatformPlugin\VideoOS.Platform\unittest\bin\Debug\net6.0-windows\VideoOS.Platform.Tests.dll" adapterTypeName="executor://mstestadapter/v2" className="VideoOS.Platform.Tests.Metadata.OnvifClassTests" name="ReadXml_ShouldIgnoreClassCandidate_WhenClassCandidateIsPresenWithWrongNamespace" />
    </UnitTest>
    <UnitTest name="Flush_OtherKIndShouldNotImpack" storage="d:\actions-runner\_work\xpco\xpco\allsolutions\..\mip\platformplugin\videoos.platform\unittest\bin\debug\net6.0-windows\videoos.platform.tests.dll" id="dac52339-d9a8-d082-49c1-4cb11ce915ee">
      <Execution id="58beced2-9798-486a-9174-49f70d75d75c" />
      <TestMethod codeBase="D:\actions-runner\_work\XPCO\XPCO\AllSolutions\..\MIP\PlatformPlugin\VideoOS.Platform\unittest\bin\Debug\net6.0-windows\VideoOS.Platform.Tests.dll" adapterTypeName="executor://mstestadapter/v2" className="VideoOS.Platform.Tests.Util.ConfigurationCacheTests" name="Flush_OtherKIndShouldNotImpack" />
    </UnitTest>
    <UnitTest name="MatchId_Success_MessageWithAsteriskAtBegin" storage="d:\actions-runner\_work\xpco\xpco\allsolutions\..\mip\platformplugin\videoos.platform\unittest\bin\debug\net6.0-windows\videoos.platform.tests.dll" id="b28c88a2-048a-f43d-3028-a27e0105d7d5">
      <Execution id="125f08a7-18c0-4025-b667-48be85f42e85" />
      <TestMethod codeBase="D:\actions-runner\_work\XPCO\XPCO\AllSolutions\..\MIP\PlatformPlugin\VideoOS.Platform\unittest\bin\Debug\net6.0-windows\VideoOS.Platform.Tests.dll" adapterTypeName="executor://mstestadapter/v2" className="VideoOS.Platform.Tests.Messaging.CommunicationIdFilterTests" name="MatchId_Success_MessageWithAsteriskAtBegin" />
    </UnitTest>
    <UnitTest name="GetFrame_ShouldReturnFirstFrame_WhenThereAreMultipleFrames" storage="d:\actions-runner\_work\xpco\xpco\allsolutions\..\mip\platformplugin\videoos.platform\unittest\bin\debug\net6.0-windows\videoos.platform.tests.dll" id="8cae6a56-454e-1e61-1b8f-eb89b356be64">
      <Execution id="b72feb39-74c3-4ad7-a12f-5dac6486c000" />
      <TestMethod codeBase="D:\actions-runner\_work\XPCO\XPCO\AllSolutions\..\MIP\PlatformPlugin\VideoOS.Platform\unittest\bin\Debug\net6.0-windows\VideoOS.Platform.Tests.dll" adapterTypeName="executor://mstestadapter/v2" className="VideoOS.Platform.Tests.Metadata.MetadataStreamTests" name="GetFrame_ShouldReturnFirstFrame_WhenThereAreMultipleFrames" />
    </UnitTest>
    <UnitTest name="ReadXml_ShouldReadColorAttribute_WhenPresent" storage="d:\actions-runner\_work\xpco\xpco\allsolutions\..\mip\platformplugin\videoos.platform\unittest\bin\debug\net6.0-windows\videoos.platform.tests.dll" id="044b544f-c581-0c62-7f52-eaa9bd1b769a">
      <Execution id="63a3561b-bfe5-4818-a40a-afa5f4a3bcac" />
      <TestMethod codeBase="D:\actions-runner\_work\XPCO\XPCO\AllSolutions\..\MIP\PlatformPlugin\VideoOS.Platform\unittest\bin\Debug\net6.0-windows\VideoOS.Platform.Tests.dll" adapterTypeName="executor://mstestadapter/v2" className="VideoOS.Platform.Tests.Metadata.DisplayTextTests" name="ReadXml_ShouldReadColorAttribute_WhenPresent" />
    </UnitTest>
    <UnitTest name="ReadXml_ShouldReadTransformation_WhenTransformationIsPresent" storage="d:\actions-runner\_work\xpco\xpco\allsolutions\..\mip\platformplugin\videoos.platform\unittest\bin\debug\net6.0-windows\videoos.platform.tests.dll" id="fcbb076d-21c9-d2c8-8141-56d340d67c02">
      <Execution id="c6c2bf3a-fe40-4089-8e95-013402dadacc" />
      <TestMethod codeBase="D:\actions-runner\_work\XPCO\XPCO\AllSolutions\..\MIP\PlatformPlugin\VideoOS.Platform\unittest\bin\Debug\net6.0-windows\VideoOS.Platform.Tests.dll" adapterTypeName="executor://mstestadapter/v2" className="VideoOS.Platform.Tests.Metadata.FrameTests" name="ReadXml_ShouldReadTransformation_WhenTransformationIsPresent" />
    </UnitTest>
    <UnitTest name="ReadXml_ShouldReadTextValue_WhenPresent" storage="d:\actions-runner\_work\xpco\xpco\allsolutions\..\mip\platformplugin\videoos.platform\unittest\bin\debug\net6.0-windows\videoos.platform.tests.dll" id="e843bfee-0457-6dab-bf5f-4166d9265b34">
      <Execution id="c4cb95c5-db52-4cad-855b-ae4282d4587b" />
      <TestMethod codeBase="D:\actions-runner\_work\XPCO\XPCO\AllSolutions\..\MIP\PlatformPlugin\VideoOS.Platform\unittest\bin\Debug\net6.0-windows\VideoOS.Platform.Tests.dll" adapterTypeName="executor://mstestadapter/v2" className="VideoOS.Platform.Tests.Metadata.DisplayTextTests" name="ReadXml_ShouldReadTextValue_WhenPresent" />
    </UnitTest>
    <UnitTest name="Serialize_TestCases (Verify root Int property)" storage="d:\actions-runner\_work\xpco\xpco\allsolutions\..\mip\platformplugin\videoos.platform\unittest\bin\debug\net6.0-windows\videoos.platform.tests.dll" id="659d4a24-265a-327f-9e9b-0c30ee6ed7bd">
      <Execution id="697938d7-1aee-4adf-9c48-62bfa6322f18" />
      <TestMethod codeBase="D:\actions-runner\_work\XPCO\XPCO\AllSolutions\..\MIP\PlatformPlugin\VideoOS.Platform\unittest\bin\Debug\net6.0-windows\VideoOS.Platform.Tests.dll" adapterTypeName="executor://mstestadapter/v2" className="VideoOS.Platform.Tests.UI.Controls.Automation.Serialization.AutomationObjectSerializerTest" name="Serialize_TestCases" />
    </UnitTest>
    <UnitTest name="AddFilterValue_ExistingValue_SecondValue_Success" storage="d:\actions-runner\_work\xpco\xpco\allsolutions\..\mip\platformplugin\videoos.platform\unittest\bin\debug\net6.0-windows\videoos.platform.tests.dll" id="c201cfe9-d7ef-1767-28d0-57fcb8de2460">
      <TestCategory>
        <TestCategoryItem TestCategory="Search" />
      </TestCategory>
      <Execution id="9f8f624e-a32f-44e3-b62f-b19536fabbfe" />
      <TestMethod codeBase="D:\actions-runner\_work\XPCO\XPCO\AllSolutions\..\MIP\PlatformPlugin\VideoOS.Platform\unittest\bin\Debug\net6.0-windows\VideoOS.Platform.Tests.dll" adapterTypeName="executor://mstestadapter/v2" className="VideoOS.Platform.Tests.Search.SearchCriteriaTest" name="AddFilterValue_ExistingValue_SecondValue_Success" />
    </UnitTest>
    <UnitTest name="Parse_String_WithDot" storage="d:\actions-runner\_work\xpco\xpco\allsolutions\..\mip\platformplugin\videoos.platform\unittest\bin\debug\net6.0-windows\videoos.platform.tests.dll" id="af66790e-7a17-2a52-f594-1232b3cd885e">
      <Execution id="93470cdd-df61-493d-bf44-92c215a7ff3b" />
      <TestMethod codeBase="D:\actions-runner\_work\XPCO\XPCO\AllSolutions\..\MIP\PlatformPlugin\VideoOS.Platform\unittest\bin\Debug\net6.0-windows\VideoOS.Platform.Tests.dll" adapterTypeName="executor://mstestadapter/v2" className="VideoOS.Platform.Tests.Proxy.RestApi.JsonReaderTests" name="Parse_String_WithDot" />
    </UnitTest>
    <UnitTest name="WriteXml_ShouldWriteScaleElement_WhenScaleIsNotNull" storage="d:\actions-runner\_work\xpco\xpco\allsolutions\..\mip\platformplugin\videoos.platform\unittest\bin\debug\net6.0-windows\videoos.platform.tests.dll" id="21aacc52-5297-f44e-aad6-4de7a3bc1c17">
      <Execution id="a72595cf-8cb0-4604-a33d-56c09cef17e9" />
      <TestMethod codeBase="D:\actions-runner\_work\XPCO\XPCO\AllSolutions\..\MIP\PlatformPlugin\VideoOS.Platform\unittest\bin\Debug\net6.0-windows\VideoOS.Platform.Tests.dll" adapterTypeName="executor://mstestadapter/v2" className="VideoOS.Platform.Tests.Metadata.TransformationTests" name="WriteXml_ShouldWriteScaleElement_WhenScaleIsNotNull" />
    </UnitTest>
    <UnitTest name="Equals_ShouldReturnTrue_WhenOnePortNumberIsZeroAndTheOtherIsEighty" storage="d:\actions-runner\_work\xpco\xpco\allsolutions\..\mip\platformplugin\videoos.platform\unittest\bin\debug\net6.0-windows\videoos.platform.tests.dll" id="e0974674-ac77-e53b-c938-66c6d56fd05c">
      <Execution id="6ca6ab55-d14c-49ff-ae1c-bde89406e5ac" />
      <TestMethod codeBase="D:\actions-runner\_work\XPCO\XPCO\AllSolutions\..\MIP\PlatformPlugin\VideoOS.Platform\unittest\bin\Debug\net6.0-windows\VideoOS.Platform.Tests.dll" adapterTypeName="executor://mstestadapter/v2" className="VideoOS.Platform.Tests.ServerIdTests" name="Equals_ShouldReturnTrue_WhenOnePortNumberIsZeroAndTheOtherIsEighty" />
    </UnitTest>
    <UnitTest name="Speed_ShouldThrowArgumentOfRange_WhenValueIsOutsideAcceptedRange" storage="d:\actions-runner\_work\xpco\xpco\allsolutions\..\mip\platformplugin\videoos.platform\unittest\bin\debug\net6.0-windows\videoos.platform.tests.dll" id="7ce3bd1f-17a2-67ea-14e3-54128c33634a">
      <Execution id="9106ca38-e705-413a-93a3-36e3fef180f2" />
      <TestMethod codeBase="D:\actions-runner\_work\XPCO\XPCO\AllSolutions\..\MIP\PlatformPlugin\VideoOS.Platform\unittest\bin\Debug\net6.0-windows\VideoOS.Platform.Tests.dll" adapterTypeName="executor://mstestadapter/v2" className="VideoOS.Platform.Tests.Metadata.NavigationalDataTests" name="Speed_ShouldThrowArgumentOfRange_WhenValueIsOutsideAcceptedRange" />
    </UnitTest>
    <UnitTest name="Serialize_TestCases (Verify root String (null) property)" storage="d:\actions-runner\_work\xpco\xpco\allsolutions\..\mip\platformplugin\videoos.platform\unittest\bin\debug\net6.0-windows\videoos.platform.tests.dll" id="6213102e-95e6-1487-5c12-13f6c21c6497">
      <Execution id="cdb72be4-b5b7-432f-8cb9-9b1dabddfb83" />
      <TestMethod codeBase="D:\actions-runner\_work\XPCO\XPCO\AllSolutions\..\MIP\PlatformPlugin\VideoOS.Platform\unittest\bin\Debug\net6.0-windows\VideoOS.Platform.Tests.dll" adapterTypeName="executor://mstestadapter/v2" className="VideoOS.Platform.Tests.UI.Controls.Automation.Serialization.AutomationObjectSerializerTest" name="Serialize_TestCases" />
    </UnitTest>
    <UnitTest name="ToString_WithTypeAndMessage" storage="d:\actions-runner\_work\xpco\xpco\allsolutions\..\mip\platformplugin\videoos.platform\unittest\bin\debug\net6.0-windows\videoos.platform.tests.dll" id="137cce7b-4534-866e-a202-717289695719">
      <Execution id="649cc63b-39db-4946-9d0b-d8b16521dccf" />
      <TestMethod codeBase="D:\actions-runner\_work\XPCO\XPCO\AllSolutions\..\MIP\PlatformPlugin\VideoOS.Platform\unittest\bin\Debug\net6.0-windows\VideoOS.Platform.Tests.dll" adapterTypeName="executor://mstestadapter/v2" className="VideoOS.Platform.Tests.Messaging.CommunicationIdFilterTests" name="ToString_WithTypeAndMessage" />
    </UnitTest>
    <UnitTest name="OnSearchResultsReady_NoEventHandler_DoesNotCrash" storage="d:\actions-runner\_work\xpco\xpco\allsolutions\..\mip\platformplugin\videoos.platform\unittest\bin\debug\net6.0-windows\videoos.platform.tests.dll" id="5e776647-f32b-7555-92cc-51ddf06fbbb5">
      <TestCategory>
        <TestCategoryItem TestCategory="Search" />
      </TestCategory>
      <Execution id="c445a7da-967f-415e-b3f5-02b616b12b01" />
      <TestMethod codeBase="D:\actions-runner\_work\XPCO\XPCO\AllSolutions\..\MIP\PlatformPlugin\VideoOS.Platform\unittest\bin\Debug\net6.0-windows\VideoOS.Platform.Tests.dll" adapterTypeName="executor://mstestadapter/v2" className="VideoOS.Platform.Tests.Search.SearchDefinitionTest" name="OnSearchResultsReady_NoEventHandler_DoesNotCrash" />
    </UnitTest>
    <UnitTest name="Apply_ShouldApplyTranslateAndScale_WhenTranslateAndScaleIsNotNull" storage="d:\actions-runner\_work\xpco\xpco\allsolutions\..\mip\platformplugin\videoos.platform\unittest\bin\debug\net6.0-windows\videoos.platform.tests.dll" id="9bf19834-4f90-5f56-a3eb-6c1d93ea3aa5">
      <Execution id="3ed04881-d1c4-4362-875a-068f3c5e4177" />
      <TestMethod codeBase="D:\actions-runner\_work\XPCO\XPCO\AllSolutions\..\MIP\PlatformPlugin\VideoOS.Platform\unittest\bin\Debug\net6.0-windows\VideoOS.Platform.Tests.dll" adapterTypeName="executor://mstestadapter/v2" className="VideoOS.Platform.Tests.Metadata.DisplayTextTests" name="Apply_ShouldApplyTranslateAndScale_WhenTranslateAndScaleIsNotNull" />
    </UnitTest>
    <UnitTest name="GetAtOrBefore_ShouldReturnCorrectElementInCache_WhenTimestampIsInMiddleOfCache" storage="d:\actions-runner\_work\xpco\xpco\allsolutions\..\mip\platformplugin\videoos.platform\unittest\bin\debug\net6.0-windows\videoos.platform.tests.dll" id="a7db9ed1-0e9f-4bd0-ac0b-3b36ddafd16e">
      <Execution id="1948adc5-d097-4b8e-91f7-f0d7437279f1" />
      <TestMethod codeBase="D:\actions-runner\_work\XPCO\XPCO\AllSolutions\..\MIP\PlatformPlugin\VideoOS.Platform\unittest\bin\Debug\net6.0-windows\VideoOS.Platform.Tests.dll" adapterTypeName="executor://mstestadapter/v2" className="VideoOS.Platform.Tests.Data.MetadataCacheTests" name="GetAtOrBefore_ShouldReturnCorrectElementInCache_WhenTimestampIsInMiddleOfCache" />
    </UnitTest>
    <UnitTest name="Match_Success_SystemTypeStartMatch_Single" storage="d:\actions-runner\_work\xpco\xpco\allsolutions\..\mip\platformplugin\videoos.platform\unittest\bin\debug\net6.0-windows\videoos.platform.tests.dll" id="fb06ac1d-f4a6-d9b4-8722-be97dde4c78f">
      <Execution id="39651430-2351-4e0e-b357-2537965f0d42" />
      <TestMethod codeBase="D:\actions-runner\_work\XPCO\XPCO\AllSolutions\..\MIP\PlatformPlugin\VideoOS.Platform\unittest\bin\Debug\net6.0-windows\VideoOS.Platform.Tests.dll" adapterTypeName="executor://mstestadapter/v2" className="VideoOS.Platform.Tests.Messaging.CommunicationIdFilterTests" name="Match_Success_SystemTypeStartMatch_Single" />
    </UnitTest>
    <UnitTest name="GetNearest_ShouldReturnClosestElement_WhenTimestampIsInLargerCache" storage="d:\actions-runner\_work\xpco\xpco\allsolutions\..\mip\platformplugin\videoos.platform\unittest\bin\debug\net6.0-windows\videoos.platform.tests.dll" id="ad2a533e-345f-feb2-e7cb-50434e04ad99">
      <Execution id="b9168ccc-3d13-4f71-b1b1-902888648034" />
      <TestMethod codeBase="D:\actions-runner\_work\XPCO\XPCO\AllSolutions\..\MIP\PlatformPlugin\VideoOS.Platform\unittest\bin\Debug\net6.0-windows\VideoOS.Platform.Tests.dll" adapterTypeName="executor://mstestadapter/v2" className="VideoOS.Platform.Tests.Data.MetadataCacheTests" name="GetNearest_ShouldReturnClosestElement_WhenTimestampIsInLargerCache" />
    </UnitTest>
    <UnitTest name="TestMultiLevelQueue_OneLevel_Success" storage="d:\actions-runner\_work\xpco\xpco\allsolutions\..\mip\platformplugin\videoos.platform\unittest\bin\debug\net6.0-windows\videoos.platform.tests.dll" id="1d781042-4a4b-edb4-7dfd-5edbb643ac7b">
      <Execution id="9bdbac15-4a0e-4ee0-8a3e-17f3d0cbbeda" />
      <TestMethod codeBase="D:\actions-runner\_work\XPCO\XPCO\AllSolutions\..\MIP\PlatformPlugin\VideoOS.Platform\unittest\bin\Debug\net6.0-windows\VideoOS.Platform.Tests.dll" adapterTypeName="executor://mstestadapter/v2" className="VideoOS.Platform.Tests.Util.Queue.MultiLevelResourceQueueTests" name="TestMultiLevelQueue_OneLevel_Success" />
    </UnitTest>
    <UnitTest name="Get_NoElements_ReturnsNull" storage="d:\actions-runner\_work\xpco\xpco\allsolutions\..\mip\platformplugin\videoos.platform\unittest\bin\debug\net6.0-windows\videoos.platform.tests.dll" id="778619f0-485d-357c-9339-4267244fb799">
      <Execution id="612d73cc-f74b-4d90-8eee-5047c43b92dc" />
      <TestMethod codeBase="D:\actions-runner\_work\XPCO\XPCO\AllSolutions\..\MIP\PlatformPlugin\VideoOS.Platform\unittest\bin\Debug\net6.0-windows\VideoOS.Platform.Tests.dll" adapterTypeName="executor://mstestadapter/v2" className="VideoOS.Platform.Tests.Util.Queue.LRUCacheTests" name="Get_NoElements_ReturnsNull" />
    </UnitTest>
    <UnitTest name="ReadXml_ShouldLogWarning_WhenRequiredAttributeIsMissing" storage="d:\actions-runner\_work\xpco\xpco\allsolutions\..\mip\platformplugin\videoos.platform\unittest\bin\debug\net6.0-windows\videoos.platform.tests.dll" id="39224d7b-adf2-c3bb-b064-ed7483309b12">
      <Execution id="d2bba547-98f5-48d1-a1a9-53e18cd92fea" />
      <TestMethod codeBase="D:\actions-runner\_work\XPCO\XPCO\AllSolutions\..\MIP\PlatformPlugin\VideoOS.Platform\unittest\bin\Debug\net6.0-windows\VideoOS.Platform.Tests.dll" adapterTypeName="executor://mstestadapter/v2" className="VideoOS.Platform.Tests.Metadata.VectorTests" name="ReadXml_ShouldLogWarning_WhenRequiredAttributeIsMissing" />
    </UnitTest>
    <UnitTest name="Serialize_Camera_Checked" storage="d:\actions-runner\_work\xpco\xpco\allsolutions\..\mip\platformplugin\videoos.platform\unittest\bin\debug\net6.0-windows\videoos.platform.tests.dll" id="a67dddae-fbaa-38ff-493a-4fb494200940">
      <Execution id="a5333105-5be3-4b43-a3c0-6b42d7e8028d" />
      <TestMethod codeBase="D:\actions-runner\_work\XPCO\XPCO\AllSolutions\..\MIP\PlatformPlugin\VideoOS.Platform\unittest\bin\Debug\net6.0-windows\VideoOS.Platform.Tests.dll" adapterTypeName="executor://mstestadapter/v2" className="VideoOS.Platform.Tests.FQIDtests" name="Serialize_Camera_Checked" />
    </UnitTest>
    <UnitTest name="Serialize_TestCases (TestParentRecursiveOneRecursiveElement)" storage="d:\actions-runner\_work\xpco\xpco\allsolutions\..\mip\platformplugin\videoos.platform\unittest\bin\debug\net6.0-windows\videoos.platform.tests.dll" id="d09f13a4-f856-1992-47ba-5179fa45274e">
      <Execution id="30b4bff7-fa24-4d1e-a8f5-84acd54b4b06" />
      <TestMethod codeBase="D:\actions-runner\_work\XPCO\XPCO\AllSolutions\..\MIP\PlatformPlugin\VideoOS.Platform\unittest\bin\Debug\net6.0-windows\VideoOS.Platform.Tests.dll" adapterTypeName="executor://mstestadapter/v2" className="VideoOS.Platform.Tests.UI.Controls.Automation.Serialization.AutomationObjectSerializerTest" name="Serialize_TestCases" />
    </UnitTest>
    <UnitTest name="ReadXml_ShouldIgnoreOnvifClass_WhenClassIsPresenWithWrongNamespace" storage="d:\actions-runner\_work\xpco\xpco\allsolutions\..\mip\platformplugin\videoos.platform\unittest\bin\debug\net6.0-windows\videoos.platform.tests.dll" id="be949d2a-ee6c-7b88-443c-f49c565f328f">
      <Execution id="ac923089-48be-40db-830d-f799f822f65f" />
      <TestMethod codeBase="D:\actions-runner\_work\XPCO\XPCO\AllSolutions\..\MIP\PlatformPlugin\VideoOS.Platform\unittest\bin\Debug\net6.0-windows\VideoOS.Platform.Tests.dll" adapterTypeName="executor://mstestadapter/v2" className="VideoOS.Platform.Tests.Metadata.AppearanceTests" name="ReadXml_ShouldIgnoreOnvifClass_WhenClassIsPresenWithWrongNamespace" />
    </UnitTest>
    <UnitTest name="MipItem_ImageSource_Has_Value" storage="d:\actions-runner\_work\xpco\xpco\allsolutions\..\mip\platformplugin\videoos.platform\unittest\bin\debug\net6.0-windows\videoos.platform.tests.dll" id="7f766a97-6ab7-7b7f-222d-e4bba52b6030">
      <Execution id="3446d8c9-3c2c-4f3a-958f-4d41a9305741" />
      <TestMethod codeBase="D:\actions-runner\_work\XPCO\XPCO\AllSolutions\..\MIP\PlatformPlugin\VideoOS.Platform\unittest\bin\Debug\net6.0-windows\VideoOS.Platform.Tests.dll" adapterTypeName="executor://mstestadapter/v2" className="VideoOS.Platform.Tests.UI.ItemPicker.ItemViewModelTest" name="MipItem_ImageSource_Has_Value" />
    </UnitTest>
    <UnitTest name="Serialize_TestCases (Verify root Generic (null) property)" storage="d:\actions-runner\_work\xpco\xpco\allsolutions\..\mip\platformplugin\videoos.platform\unittest\bin\debug\net6.0-windows\videoos.platform.tests.dll" id="7290edfd-63e4-ce1e-5e90-49404c4483db">
      <Execution id="5d1a8710-1918-4378-9dce-de5fd1b20bc9" />
      <TestMethod codeBase="D:\actions-runner\_work\XPCO\XPCO\AllSolutions\..\MIP\PlatformPlugin\VideoOS.Platform\unittest\bin\Debug\net6.0-windows\VideoOS.Platform.Tests.dll" adapterTypeName="executor://mstestadapter/v2" className="VideoOS.Platform.Tests.UI.Controls.Automation.Serialization.AutomationObjectSerializerTest" name="Serialize_TestCases" />
    </UnitTest>
    <UnitTest name="GetHashType_ShouldReturnNotSupported_WhenInputIsSHA512Hash" storage="d:\actions-runner\_work\xpco\xpco\allsolutions\..\mip\platformplugin\videoos.platform\unittest\bin\debug\net6.0-windows\videoos.platform.tests.dll" id="08483f1f-4568-e039-2698-7a75165ec4e4">
      <Execution id="4ef80405-82a1-417c-b8c7-edc7cf8f580f" />
      <TestMethod codeBase="D:\actions-runner\_work\XPCO\XPCO\AllSolutions\..\MIP\PlatformPlugin\VideoOS.Platform\unittest\bin\Debug\net6.0-windows\VideoOS.Platform.Tests.dll" adapterTypeName="executor://mstestadapter/v2" className="VideoOS.Platform.Tests.Data.MediaProviderInternal.UtilityTests" name="GetHashType_ShouldReturnNotSupported_WhenInputIsSHA512Hash" />
    </UnitTest>
    <UnitTest name="Minimize_ShouldReturnThreeIntervals_WhenListContainsFiveOverLappingAndNonOverlappingIntervalsReversed" storage="d:\actions-runner\_work\xpco\xpco\allsolutions\..\mip\platformplugin\videoos.platform\unittest\bin\debug\net6.0-windows\videoos.platform.tests.dll" id="146d8b26-0f20-3176-153a-32e5f137191a">
      <Execution id="837a9308-1c49-44fd-a91a-32aced37d628" />
      <TestMethod codeBase="D:\actions-runner\_work\XPCO\XPCO\AllSolutions\..\MIP\PlatformPlugin\VideoOS.Platform\unittest\bin\Debug\net6.0-windows\VideoOS.Platform.Tests.dll" adapterTypeName="executor://mstestadapter/v2" className="VideoOS.Platform.Tests.Util.TimeIntervalTests" name="Minimize_ShouldReturnThreeIntervals_WhenListContainsFiveOverLappingAndNonOverlappingIntervalsReversed" />
    </UnitTest>
    <UnitTest name="GetMIPItem_Success" storage="d:\actions-runner\_work\xpco\xpco\allsolutions\..\mip\platformplugin\videoos.platform\unittest\bin\debug\net6.0-windows\videoos.platform.tests.dll" id="d4fbe30b-c3a5-9110-1c8a-b21accc6c6ad">
      <Execution id="41f62cd6-6a6e-4d35-8ad1-a50343ec00d6" />
      <TestMethod codeBase="D:\actions-runner\_work\XPCO\XPCO\AllSolutions\..\MIP\PlatformPlugin\VideoOS.Platform\unittest\bin\Debug\net6.0-windows\VideoOS.Platform.Tests.dll" adapterTypeName="executor://mstestadapter/v2" className="VideoOS.Platform.Tests.Proxy.RestApi.RestApiClientDecoratorTests" name="GetMIPItem_Success" />
    </UnitTest>
    <UnitTest name="GenerateDeviceCapabilityParameters_ShouldCallGenerateEnumParametersWithCorrectPrefix_WhenThereAreEnumValues" storage="d:\actions-runner\_work\xpco\xpco\allsolutions\..\mip\platformplugin\videoos.platform\unittest\bin\debug\net6.0-windows\videoos.platform.tests.dll" id="33ade990-1ccf-b0cf-8ab5-e10e49ad4630">
      <Execution id="55210990-31a7-409b-ada5-0f388391a315" />
      <TestMethod codeBase="D:\actions-runner\_work\XPCO\XPCO\AllSolutions\..\MIP\PlatformPlugin\VideoOS.Platform\unittest\bin\Debug\net6.0-windows\VideoOS.Platform.Tests.dll" adapterTypeName="executor://mstestadapter/v2" className="VideoOS.Platform.Tests.Data.EnumCapabilityTests" name="GenerateDeviceCapabilityParameters_ShouldCallGenerateEnumParametersWithCorrectPrefix_WhenThereAreEnumValues" />
    </UnitTest>
    <UnitTest name="SplitString_When1Level_CountsLastSeparator" storage="d:\actions-runner\_work\xpco\xpco\allsolutions\..\mip\platformplugin\videoos.platform\unittest\bin\debug\net6.0-windows\videoos.platform.tests.dll" id="d9b69abf-addf-dcc7-c2fd-b2ff5d4f6705">
      <Execution id="8a5de63a-2abe-406c-8487-df90121e99bb" />
      <TestMethod codeBase="D:\actions-runner\_work\XPCO\XPCO\AllSolutions\..\MIP\PlatformPlugin\VideoOS.Platform\unittest\bin\Debug\net6.0-windows\VideoOS.Platform.Tests.dll" adapterTypeName="executor://mstestadapter/v2" className="VideoOS.Platform.Tests.Util.StringSplitterTests" name="SplitString_When1Level_CountsLastSeparator" />
    </UnitTest>
    <UnitTest name="CountByCounter_Activated_Expired" storage="d:\actions-runner\_work\xpco\xpco\allsolutions\..\mip\platformplugin\videoos.platform\unittest\bin\debug\net6.0-windows\videoos.platform.tests.dll" id="310968d1-fc55-32d1-9bf4-640cd6ac6c2c">
      <Execution id="92d34e5d-1734-423e-a0ef-298cb098017e" />
      <TestMethod codeBase="D:\actions-runner\_work\XPCO\XPCO\AllSolutions\..\MIP\PlatformPlugin\VideoOS.Platform\unittest\bin\Debug\net6.0-windows\VideoOS.Platform.Tests.dll" adapterTypeName="executor://mstestadapter/v2" className="VideoOS.Platform.Tests.License.ResolvedLicenseCountTest" name="CountByCounter_Activated_Expired" />
    </UnitTest>
    <UnitTest name="Ctor_NoStandardFilters_Success" storage="d:\actions-runner\_work\xpco\xpco\allsolutions\..\mip\platformplugin\videoos.platform\unittest\bin\debug\net6.0-windows\videoos.platform.tests.dll" id="e4c24bc9-2414-541c-9971-01e696ad9e3b">
      <TestCategory>
        <TestCategoryItem TestCategory="Search" />
      </TestCategory>
      <Execution id="0dbb13e6-da4d-4630-a41e-4351fd2bf5f6" />
      <TestMethod codeBase="D:\actions-runner\_work\XPCO\XPCO\AllSolutions\..\MIP\PlatformPlugin\VideoOS.Platform\unittest\bin\Debug\net6.0-windows\VideoOS.Platform.Tests.dll" adapterTypeName="executor://mstestadapter/v2" className="VideoOS.Platform.Tests.Search.FilterCategories.PersonSearchFilterCategoryTest" name="Ctor_NoStandardFilters_Success" />
    </UnitTest>
    <UnitTest name="ReadXml_ShouldSetAllPropertiesToZero_WhenElementIsEmpty" storage="d:\actions-runner\_work\xpco\xpco\allsolutions\..\mip\platformplugin\videoos.platform\unittest\bin\debug\net6.0-windows\videoos.platform.tests.dll" id="8084e41d-d0c2-8e1f-49b3-a67abb097eef">
      <Execution id="65687cbf-f8c3-4dfb-990d-893e2ced19ad" />
      <TestMethod codeBase="D:\actions-runner\_work\XPCO\XPCO\AllSolutions\..\MIP\PlatformPlugin\VideoOS.Platform\unittest\bin\Debug\net6.0-windows\VideoOS.Platform.Tests.dll" adapterTypeName="executor://mstestadapter/v2" className="VideoOS.Platform.Tests.Metadata.VectorTests" name="ReadXml_ShouldSetAllPropertiesToZero_WhenElementIsEmpty" />
    </UnitTest>
    <UnitTest name="RemoveFilterValue_OtherValuesPresent_Success" storage="d:\actions-runner\_work\xpco\xpco\allsolutions\..\mip\platformplugin\videoos.platform\unittest\bin\debug\net6.0-windows\videoos.platform.tests.dll" id="b6767da0-b71f-abbd-7405-75d592f9abf3">
      <TestCategory>
        <TestCategoryItem TestCategory="Search" />
      </TestCategory>
      <Execution id="9b0a31e2-e750-4289-b7f8-a0a169111398" />
      <TestMethod codeBase="D:\actions-runner\_work\XPCO\XPCO\AllSolutions\..\MIP\PlatformPlugin\VideoOS.Platform\unittest\bin\Debug\net6.0-windows\VideoOS.Platform.Tests.dll" adapterTypeName="executor://mstestadapter/v2" className="VideoOS.Platform.Tests.Search.SearchCriteriaTest" name="RemoveFilterValue_OtherValuesPresent_Success" />
    </UnitTest>
    <UnitTest name="GetAgeFilterValue_FilterValueMissing_ReturnsEmptyCollection" storage="d:\actions-runner\_work\xpco\xpco\allsolutions\..\mip\platformplugin\videoos.platform\unittest\bin\debug\net6.0-windows\videoos.platform.tests.dll" id="a67e2ec6-c284-283e-f6bb-5df24e13d453">
      <TestCategory>
        <TestCategoryItem TestCategory="Search" />
      </TestCategory>
      <Execution id="4f34a905-bdf3-4e34-b0b2-f0963ed71ab9" />
      <TestMethod codeBase="D:\actions-runner\_work\XPCO\XPCO\AllSolutions\..\MIP\PlatformPlugin\VideoOS.Platform\unittest\bin\Debug\net6.0-windows\VideoOS.Platform.Tests.dll" adapterTypeName="executor://mstestadapter/v2" className="VideoOS.Platform.Tests.Search.FilterCategories.PersonSearchFilterCategoryTest" name="GetAgeFilterValue_FilterValueMissing_ReturnsEmptyCollection" />
    </UnitTest>
    <UnitTest name="WriteXml_ShouldNotWriteAnElement_WhenTheValueIsNull" storage="d:\actions-runner\_work\xpco\xpco\allsolutions\..\mip\platformplugin\videoos.platform\unittest\bin\debug\net6.0-windows\videoos.platform.tests.dll" id="4ea99d78-cb91-34d0-2b2f-1a553700bba9">
      <Execution id="5f9c5343-1ec4-4795-97f8-1e27cc449786" />
      <TestMethod codeBase="D:\actions-runner\_work\XPCO\XPCO\AllSolutions\..\MIP\PlatformPlugin\VideoOS.Platform\unittest\bin\Debug\net6.0-windows\VideoOS.Platform.Tests.dll" adapterTypeName="executor://mstestadapter/v2" className="VideoOS.Platform.Tests.Metadata.NavigationalDataTests" name="WriteXml_ShouldNotWriteAnElement_WhenTheValueIsNull" />
    </UnitTest>
    <UnitTest name="CountByItems_Activated_Expired" storage="d:\actions-runner\_work\xpco\xpco\allsolutions\..\mip\platformplugin\videoos.platform\unittest\bin\debug\net6.0-windows\videoos.platform.tests.dll" id="e69a267a-e07a-22bf-4915-eae5a252f8b8">
      <Execution id="793cda79-921c-48a1-bb17-ce75dd99f2a5" />
      <TestMethod codeBase="D:\actions-runner\_work\XPCO\XPCO\AllSolutions\..\MIP\PlatformPlugin\VideoOS.Platform\unittest\bin\Debug\net6.0-windows\VideoOS.Platform.Tests.dll" adapterTypeName="executor://mstestadapter/v2" className="VideoOS.Platform.Tests.License.ResolvedLicenseCountTest" name="CountByItems_Activated_Expired" />
    </UnitTest>
    <UnitTest name="ReadyToCloseEvent_OkCommand_SingleSelect_Not_Thrown" storage="d:\actions-runner\_work\xpco\xpco\allsolutions\..\mip\platformplugin\videoos.platform\unittest\bin\debug\net6.0-windows\videoos.platform.tests.dll" id="aa5a6ee6-251d-45e9-7756-92ac3de9f3a4">
      <Execution id="f69f158e-414a-42cd-960b-7b43fdda65bb" />
      <TestMethod codeBase="D:\actions-runner\_work\XPCO\XPCO\AllSolutions\..\MIP\PlatformPlugin\VideoOS.Platform\unittest\bin\Debug\net6.0-windows\VideoOS.Platform.Tests.dll" adapterTypeName="executor://mstestadapter/v2" className="VideoOS.Platform.Tests.UI.ItemPicker.ItemPickerWindowViewModelTest" name="ReadyToCloseEvent_OkCommand_SingleSelect_Not_Thrown" />
    </UnitTest>
    <UnitTest name="Parse_Double_Invalid" storage="d:\actions-runner\_work\xpco\xpco\allsolutions\..\mip\platformplugin\videoos.platform\unittest\bin\debug\net6.0-windows\videoos.platform.tests.dll" id="b7c2c022-5605-11c2-db09-3429d396f98d">
      <Execution id="0e66d4ec-4c96-49ca-90f4-e5ad444dc09c" />
      <TestMethod codeBase="D:\actions-runner\_work\XPCO\XPCO\AllSolutions\..\MIP\PlatformPlugin\VideoOS.Platform\unittest\bin\Debug\net6.0-windows\VideoOS.Platform.Tests.dll" adapterTypeName="executor://mstestadapter/v2" className="VideoOS.Platform.Tests.Proxy.RestApi.JsonReaderTests" name="Parse_Double_Invalid" />
    </UnitTest>
    <UnitTest name="ReadXml_ShouldReadMultipleObjects_WhenMultipleObjectsArePresent" storage="d:\actions-runner\_work\xpco\xpco\allsolutions\..\mip\platformplugin\videoos.platform\unittest\bin\debug\net6.0-windows\videoos.platform.tests.dll" id="af16c081-1118-4157-5e5a-823452565ccb">
      <Execution id="912159fd-60de-49c5-a5a4-5da5567d2cc7" />
      <TestMethod codeBase="D:\actions-runner\_work\XPCO\XPCO\AllSolutions\..\MIP\PlatformPlugin\VideoOS.Platform\unittest\bin\Debug\net6.0-windows\VideoOS.Platform.Tests.dll" adapterTypeName="executor://mstestadapter/v2" className="VideoOS.Platform.Tests.Metadata.FrameTests" name="ReadXml_ShouldReadMultipleObjects_WhenMultipleObjectsArePresent" />
    </UnitTest>
    <UnitTest name="ProvideValue_ShouldNotApplyContentTemplate_WhenItemContentTemplatePropertyNameIsNotSet" storage="d:\actions-runner\_work\xpco\xpco\allsolutions\..\mip\platformplugin\videoos.platform\unittest\bin\debug\net6.0-windows\videoos.platform.tests.dll" id="629a124b-d106-9b5f-4810-e231979dd6e9">
      <TestCategory>
        <TestCategoryItem TestCategory="TabControls" />
      </TestCategory>
      <Execution id="b44fafa9-bc23-44e3-aa13-a6ea40582714" />
      <TestMethod codeBase="D:\actions-runner\_work\XPCO\XPCO\AllSolutions\..\MIP\PlatformPlugin\VideoOS.Platform\unittest\bin\Debug\net6.0-windows\VideoOS.Platform.Tests.dll" adapterTypeName="executor://mstestadapter/v2" className="VideoOS.Platform.Tests.UI.Controls.TabControls.Internal.Primary.ItemContentTemplateExtensionTest" name="ProvideValue_ShouldNotApplyContentTemplate_WhenItemContentTemplatePropertyNameIsNotSet" />
    </UnitTest>
    <UnitTest name="TestConstructor_NullException_Failure" storage="d:\actions-runner\_work\xpco\xpco\allsolutions\..\mip\platformplugin\videoos.platform\unittest\bin\debug\net6.0-windows\videoos.platform.tests.dll" id="af06fbb9-e295-bbc5-951e-25addabec280">
      <Execution id="d9c7f9b1-3dba-4438-b868-5877c17b203b" />
      <TestMethod codeBase="D:\actions-runner\_work\XPCO\XPCO\AllSolutions\..\MIP\PlatformPlugin\VideoOS.Platform\unittest\bin\Debug\net6.0-windows\VideoOS.Platform.Tests.dll" adapterTypeName="executor://mstestadapter/v2" className="VideoOS.Platform.Tests.Search.Error.UnknownSearchErrorTest" name="TestConstructor_NullException_Failure" />
    </UnitTest>
    <UnitTest name="ReadXml_ShouldReadAppearance_WhenAppearanceIsPresent" storage="d:\actions-runner\_work\xpco\xpco\allsolutions\..\mip\platformplugin\videoos.platform\unittest\bin\debug\net6.0-windows\videoos.platform.tests.dll" id="2575271e-e34f-00c6-8d80-4ebf0bf67d06">
      <Execution id="825a8f6b-798f-4f98-b650-ac80820d08f9" />
      <TestMethod codeBase="D:\actions-runner\_work\XPCO\XPCO\AllSolutions\..\MIP\PlatformPlugin\VideoOS.Platform\unittest\bin\Debug\net6.0-windows\VideoOS.Platform.Tests.dll" adapterTypeName="executor://mstestadapter/v2" className="VideoOS.Platform.Tests.Metadata.OnvifObjectTests" name="ReadXml_ShouldReadAppearance_WhenAppearanceIsPresent" />
    </UnitTest>
    <UnitTest name="CountByCounter_NotActivated_Expired" storage="d:\actions-runner\_work\xpco\xpco\allsolutions\..\mip\platformplugin\videoos.platform\unittest\bin\debug\net6.0-windows\videoos.platform.tests.dll" id="9e63be9d-2216-71c5-83e2-51bd84dc8a93">
      <Execution id="1ff08e6c-81cc-44fd-ae13-0438d9a324c3" />
      <TestMethod codeBase="D:\actions-runner\_work\XPCO\XPCO\AllSolutions\..\MIP\PlatformPlugin\VideoOS.Platform\unittest\bin\Debug\net6.0-windows\VideoOS.Platform.Tests.dll" adapterTypeName="executor://mstestadapter/v2" className="VideoOS.Platform.Tests.License.ResolvedLicenseCountTest" name="CountByCounter_NotActivated_Expired" />
    </UnitTest>
    <UnitTest name="CreateSearchResultUserControl_SinglePluginMultipleSearchResultTypes_Success" storage="d:\actions-runner\_work\xpco\xpco\allsolutions\..\mip\platformplugin\videoos.platform\unittest\bin\debug\net6.0-windows\videoos.platform.tests.dll" id="146594a1-db48-d7ad-577b-cf76cd9c279b">
      <TestCategory>
        <TestCategoryItem TestCategory="Search" />
      </TestCategory>
      <Execution id="eb49a76c-23e6-4809-a2a3-c40343127016" />
      <TestMethod codeBase="D:\actions-runner\_work\XPCO\XPCO\AllSolutions\..\MIP\PlatformPlugin\VideoOS.Platform\unittest\bin\Debug\net6.0-windows\VideoOS.Platform.Tests.dll" adapterTypeName="executor://mstestadapter/v2" className="VideoOS.Platform.Tests.Search.SearchUserControlResolverTest" name="CreateSearchResultUserControl_SinglePluginMultipleSearchResultTypes_Success" />
    </UnitTest>
    <UnitTest name="SplitString_WhenEmptyOrSpaces1Level_EmptyArray" storage="d:\actions-runner\_work\xpco\xpco\allsolutions\..\mip\platformplugin\videoos.platform\unittest\bin\debug\net6.0-windows\videoos.platform.tests.dll" id="94b07cae-507e-90e4-fe2c-918d2724a7bc">
      <Execution id="b3a954ba-b25b-499b-a200-518b2f047467" />
      <TestMethod codeBase="D:\actions-runner\_work\XPCO\XPCO\AllSolutions\..\MIP\PlatformPlugin\VideoOS.Platform\unittest\bin\Debug\net6.0-windows\VideoOS.Platform.Tests.dll" adapterTypeName="executor://mstestadapter/v2" className="VideoOS.Platform.Tests.Util.StringSplitterTests" name="SplitString_WhenEmptyOrSpaces1Level_EmptyArray" />
    </UnitTest>
    <UnitTest name="ReadXml_ShouldReadOnvifClassContents_WhenClassIsPresent" storage="d:\actions-runner\_work\xpco\xpco\allsolutions\..\mip\platformplugin\videoos.platform\unittest\bin\debug\net6.0-windows\videoos.platform.tests.dll" id="0d6a360b-80b2-0c9f-819e-6ddc1b403d2d">
      <Execution id="06b16167-3332-451c-9d10-5d7b3060fedb" />
      <TestMethod codeBase="D:\actions-runner\_work\XPCO\XPCO\AllSolutions\..\MIP\PlatformPlugin\VideoOS.Platform\unittest\bin\Debug\net6.0-windows\VideoOS.Platform.Tests.dll" adapterTypeName="executor://mstestadapter/v2" className="VideoOS.Platform.Tests.Metadata.AppearanceTests" name="ReadXml_ShouldReadOnvifClassContents_WhenClassIsPresent" />
    </UnitTest>
    <UnitTest name="KindsFilter_TwoKinds_OnlyAllowedKindsShown" storage="d:\actions-runner\_work\xpco\xpco\allsolutions\..\mip\platformplugin\videoos.platform\unittest\bin\debug\net6.0-windows\videoos.platform.tests.dll" id="f7df628a-2d6d-0169-1e36-e1aabcaaa3c0">
      <Execution id="e1b80666-bea5-4b74-a5be-4bc00bc43969" />
      <TestMethod codeBase="D:\actions-runner\_work\XPCO\XPCO\AllSolutions\..\MIP\PlatformPlugin\VideoOS.Platform\unittest\bin\Debug\net6.0-windows\VideoOS.Platform.Tests.dll" adapterTypeName="executor://mstestadapter/v2" className="VideoOS.Platform.Tests.UI.ItemPicker.PopulateThreadTest" name="KindsFilter_TwoKinds_OnlyAllowedKindsShown" />
    </UnitTest>
    <UnitTest name="TryParseArgbString_ShouldReturnFalse_WhenStringIsMissingStartHash" storage="d:\actions-runner\_work\xpco\xpco\allsolutions\..\mip\platformplugin\videoos.platform\unittest\bin\debug\net6.0-windows\videoos.platform.tests.dll" id="ebfe7877-f55a-fab7-3a7d-8cf9c4a15098">
      <Execution id="d1a9bc2a-a65c-4cf9-85c6-e586eca35c15" />
      <TestMethod codeBase="D:\actions-runner\_work\XPCO\XPCO\AllSolutions\..\MIP\PlatformPlugin\VideoOS.Platform\unittest\bin\Debug\net6.0-windows\VideoOS.Platform.Tests.dll" adapterTypeName="executor://mstestadapter/v2" className="VideoOS.Platform.Tests.Metadata.DisplayColorTests" name="TryParseArgbString_ShouldReturnFalse_WhenStringIsMissingStartHash" />
    </UnitTest>
    <UnitTest name="ToJson_ListElement_Exception" storage="d:\actions-runner\_work\xpco\xpco\allsolutions\..\mip\platformplugin\videoos.platform\unittest\bin\debug\net6.0-windows\videoos.platform.tests.dll" id="e52da296-c08b-e9c0-0216-381a1c8bbd9e">
      <Execution id="d9a890c4-f354-4941-b45b-e301fef45c2e" />
      <TestMethod codeBase="D:\actions-runner\_work\XPCO\XPCO\AllSolutions\..\MIP\PlatformPlugin\VideoOS.Platform\unittest\bin\Debug\net6.0-windows\VideoOS.Platform.Tests.dll" adapterTypeName="executor://mstestadapter/v2" className="VideoOS.Platform.Tests.Proxy.RestApi.JsonReaderTests" name="ToJson_ListElement_Exception" />
    </UnitTest>
    <UnitTest name="GetParent_IsNull" storage="d:\actions-runner\_work\xpco\xpco\allsolutions\..\mip\platformplugin\videoos.platform\unittest\bin\debug\net6.0-windows\videoos.platform.tests.dll" id="2516f5ca-d06b-43f0-8619-b53bdf03ad3b">
      <Execution id="f8823627-75c1-485a-a653-483f091b776e" />
      <TestMethod codeBase="D:\actions-runner\_work\XPCO\XPCO\AllSolutions\..\MIP\PlatformPlugin\VideoOS.Platform\unittest\bin\Debug\net6.0-windows\VideoOS.Platform.Tests.dll" adapterTypeName="executor://mstestadapter/v2" className="VideoOS.Platform.Tests.FQIDtests" name="GetParent_IsNull" />
    </UnitTest>
    <UnitTest name="WriteXml_ShouldWriteOnvifClassContents_WhenClassIsNotNull" storage="d:\actions-runner\_work\xpco\xpco\allsolutions\..\mip\platformplugin\videoos.platform\unittest\bin\debug\net6.0-windows\videoos.platform.tests.dll" id="c475df53-8f1e-79fe-20e9-fd298525b9b9">
      <Execution id="507af42a-794d-47ab-83f4-d2891a3c751e" />
      <TestMethod codeBase="D:\actions-runner\_work\XPCO\XPCO\AllSolutions\..\MIP\PlatformPlugin\VideoOS.Platform\unittest\bin\Debug\net6.0-windows\VideoOS.Platform.Tests.dll" adapterTypeName="executor://mstestadapter/v2" className="VideoOS.Platform.Tests.Metadata.AppearanceTests" name="WriteXml_ShouldWriteOnvifClassContents_WhenClassIsNotNull" />
    </UnitTest>
    <UnitTest name="ToString_WithoutType" storage="d:\actions-runner\_work\xpco\xpco\allsolutions\..\mip\platformplugin\videoos.platform\unittest\bin\debug\net6.0-windows\videoos.platform.tests.dll" id="461331e3-222f-9745-91e1-804c09883ed3">
      <Execution id="3b71eb7b-7cbb-4183-93e7-90558009c765" />
      <TestMethod codeBase="D:\actions-runner\_work\XPCO\XPCO\AllSolutions\..\MIP\PlatformPlugin\VideoOS.Platform\unittest\bin\Debug\net6.0-windows\VideoOS.Platform.Tests.dll" adapterTypeName="executor://mstestadapter/v2" className="VideoOS.Platform.Tests.Messaging.CommunicationIdFilterTests" name="ToString_WithoutType" />
    </UnitTest>
    <UnitTest name="Equals_Fail_OnObjectId" storage="d:\actions-runner\_work\xpco\xpco\allsolutions\..\mip\platformplugin\videoos.platform\unittest\bin\debug\net6.0-windows\videoos.platform.tests.dll" id="98f0d9fe-377f-6918-fb53-39e46ecb4f9d">
      <Execution id="2ee64684-19c7-43bb-bee2-3495ed5bf362" />
      <TestMethod codeBase="D:\actions-runner\_work\XPCO\XPCO\AllSolutions\..\MIP\PlatformPlugin\VideoOS.Platform\unittest\bin\Debug\net6.0-windows\VideoOS.Platform.Tests.dll" adapterTypeName="executor://mstestadapter/v2" className="VideoOS.Platform.Tests.FQIDtests" name="Equals_Fail_OnObjectId" />
    </UnitTest>
    <UnitTest name="MatchId_Fail_SingleMessage" storage="d:\actions-runner\_work\xpco\xpco\allsolutions\..\mip\platformplugin\videoos.platform\unittest\bin\debug\net6.0-windows\videoos.platform.tests.dll" id="e36409e3-019e-24ac-3359-9d7af3a2aada">
      <Execution id="68a73834-fc5e-42a4-bb27-faeb2af7e92e" />
      <TestMethod codeBase="D:\actions-runner\_work\XPCO\XPCO\AllSolutions\..\MIP\PlatformPlugin\VideoOS.Platform\unittest\bin\Debug\net6.0-windows\VideoOS.Platform.Tests.dll" adapterTypeName="executor://mstestadapter/v2" className="VideoOS.Platform.Tests.Messaging.CommunicationIdFilterTests" name="MatchId_Fail_SingleMessage" />
    </UnitTest>
    <UnitTest name="Serialize_ShouldNotIncludeOptionDecorations_WhenPropertyIsCollectionOfSimpleTypesAndNoPropertiesRequestedInPath" storage="d:\actions-runner\_work\xpco\xpco\allsolutions\..\mip\platformplugin\videoos.platform\unittest\bin\debug\net6.0-windows\videoos.platform.tests.dll" id="1e4e191e-63c7-1f37-201c-8fde2757768d">
      <Execution id="d880b56e-c0cc-4166-8577-d6a61eb78410" />
      <TestMethod codeBase="D:\actions-runner\_work\XPCO\XPCO\AllSolutions\..\MIP\PlatformPlugin\VideoOS.Platform\unittest\bin\Debug\net6.0-windows\VideoOS.Platform.Tests.dll" adapterTypeName="executor://mstestadapter/v2" className="VideoOS.Platform.Tests.UI.Controls.Automation.Serialization.AutomationObjectSerializerTest" name="Serialize_ShouldNotIncludeOptionDecorations_WhenPropertyIsCollectionOfSimpleTypesAndNoPropertiesRequestedInPath" />
    </UnitTest>
    <UnitTest name="WriteXml_ShouldOmitBehaviourElement_WhenBehaviourIsNotNullAndWithoutBehaviour" storage="d:\actions-runner\_work\xpco\xpco\allsolutions\..\mip\platformplugin\videoos.platform\unittest\bin\debug\net6.0-windows\videoos.platform.tests.dll" id="9fe60fa0-7d32-eb9d-1e44-3be02241d2db">
      <Execution id="2582230e-b5d5-4c3c-8c1d-718ee71e4202" />
      <TestMethod codeBase="D:\actions-runner\_work\XPCO\XPCO\AllSolutions\..\MIP\PlatformPlugin\VideoOS.Platform\unittest\bin\Debug\net6.0-windows\VideoOS.Platform.Tests.dll" adapterTypeName="executor://mstestadapter/v2" className="VideoOS.Platform.Tests.Metadata.OnvifObjectTests" name="WriteXml_ShouldOmitBehaviourElement_WhenBehaviourIsNotNullAndWithoutBehaviour" />
    </UnitTest>
    <UnitTest name="Ctor_OneStandardFilter_Success" storage="d:\actions-runner\_work\xpco\xpco\allsolutions\..\mip\platformplugin\videoos.platform\unittest\bin\debug\net6.0-windows\videoos.platform.tests.dll" id="736d2983-eeff-1045-0cd2-2e53a996df06">
      <TestCategory>
        <TestCategoryItem TestCategory="Search" />
      </TestCategory>
      <Execution id="d31b22ee-e0fc-40a9-a937-2ce81e2d2390" />
      <TestMethod codeBase="D:\actions-runner\_work\XPCO\XPCO\AllSolutions\..\MIP\PlatformPlugin\VideoOS.Platform\unittest\bin\Debug\net6.0-windows\VideoOS.Platform.Tests.dll" adapterTypeName="executor://mstestadapter/v2" className="VideoOS.Platform.Tests.Search.FilterCategories.VehicleSearchFilterCategoryTest" name="Ctor_OneStandardFilter_Success" />
    </UnitTest>
    <UnitTest name="Populate_SearchTextSet_ItemsFound_True" storage="d:\actions-runner\_work\xpco\xpco\allsolutions\..\mip\platformplugin\videoos.platform\unittest\bin\debug\net6.0-windows\videoos.platform.tests.dll" id="9c4c3d7f-1c8d-9061-b840-609563af8ef3">
      <Execution id="def17588-8107-4c22-a0e4-8bbf13eb6340" />
      <TestMethod codeBase="D:\actions-runner\_work\XPCO\XPCO\AllSolutions\..\MIP\PlatformPlugin\VideoOS.Platform\unittest\bin\Debug\net6.0-windows\VideoOS.Platform.Tests.dll" adapterTypeName="executor://mstestadapter/v2" className="VideoOS.Platform.Tests.UI.ItemPicker.PopulateThreadTest" name="Populate_SearchTextSet_ItemsFound_True" />
    </UnitTest>
    <UnitTest name="Serialize_ToString" storage="d:\actions-runner\_work\xpco\xpco\allsolutions\..\mip\platformplugin\videoos.platform\unittest\bin\debug\net6.0-windows\videoos.platform.tests.dll" id="8a0529d6-a867-bdfa-4c0f-fc7fea5b6129">
      <Execution id="a12e61fc-06f0-47be-a1c0-912158800aaf" />
      <TestMethod codeBase="D:\actions-runner\_work\XPCO\XPCO\AllSolutions\..\MIP\PlatformPlugin\VideoOS.Platform\unittest\bin\Debug\net6.0-windows\VideoOS.Platform.Tests.dll" adapterTypeName="executor://mstestadapter/v2" className="VideoOS.Platform.Tests.ItemTests" name="Serialize_ToString" />
    </UnitTest>
    <UnitTest name="Serialize_ShouldThrowException_WhenPropertyIsSimpleTypeButPathContainsChildren (StringNotNullProperty)" storage="d:\actions-runner\_work\xpco\xpco\allsolutions\..\mip\platformplugin\videoos.platform\unittest\bin\debug\net6.0-windows\videoos.platform.tests.dll" id="63370cbe-9101-bc97-61d6-4291bf11faab">
      <Execution id="ce2e430e-b0ec-4fd4-8d51-1cb74e27ce53" />
      <TestMethod codeBase="D:\actions-runner\_work\XPCO\XPCO\AllSolutions\..\MIP\PlatformPlugin\VideoOS.Platform\unittest\bin\Debug\net6.0-windows\VideoOS.Platform.Tests.dll" adapterTypeName="executor://mstestadapter/v2" className="VideoOS.Platform.Tests.UI.Controls.Automation.Serialization.AutomationObjectSerializerTest" name="Serialize_ShouldThrowException_WhenPropertyIsSimpleTypeButPathContainsChildren" />
    </UnitTest>
    <UnitTest name="Serialize_TestCases (TestParentTypeMatchGenericNotThisTypeNotMatchedProperty)" storage="d:\actions-runner\_work\xpco\xpco\allsolutions\..\mip\platformplugin\videoos.platform\unittest\bin\debug\net6.0-windows\videoos.platform.tests.dll" id="666142b8-78c0-45b9-dbb6-d91affaa8f8f">
      <Execution id="89f92d0c-d358-42d9-bfed-2826371918f2" />
      <TestMethod codeBase="D:\actions-runner\_work\XPCO\XPCO\AllSolutions\..\MIP\PlatformPlugin\VideoOS.Platform\unittest\bin\Debug\net6.0-windows\VideoOS.Platform.Tests.dll" adapterTypeName="executor://mstestadapter/v2" className="VideoOS.Platform.Tests.UI.Controls.Automation.Serialization.AutomationObjectSerializerTest" name="Serialize_TestCases" />
    </UnitTest>
    <UnitTest name="ReadXml_ShouldReadTopAttribute_WhenPresent" storage="d:\actions-runner\_work\xpco\xpco\allsolutions\..\mip\platformplugin\videoos.platform\unittest\bin\debug\net6.0-windows\videoos.platform.tests.dll" id="c2c45a93-efa1-bb0e-351a-c58499dc22c7">
      <Execution id="f73d5c98-4864-4eb6-a9da-17df719ed254" />
      <TestMethod codeBase="D:\actions-runner\_work\XPCO\XPCO\AllSolutions\..\MIP\PlatformPlugin\VideoOS.Platform\unittest\bin\Debug\net6.0-windows\VideoOS.Platform.Tests.dll" adapterTypeName="executor://mstestadapter/v2" className="VideoOS.Platform.Tests.Metadata.RectangleTests" name="ReadXml_ShouldReadTopAttribute_WhenPresent" />
    </UnitTest>
    <UnitTest name="ReadAppearanceExtensionXml_ShouldNotSetBoundingBoxLineColor_WhenBoundingBoxLineColorIsNotPresent" storage="d:\actions-runner\_work\xpco\xpco\allsolutions\..\mip\platformplugin\videoos.platform\unittest\bin\debug\net6.0-windows\videoos.platform.tests.dll" id="052237df-54d9-31a7-0ab1-08aaf1d51da7">
      <Execution id="2467fa85-9f4a-4510-943e-7823edb5aeb4" />
      <TestMethod codeBase="D:\actions-runner\_work\XPCO\XPCO\AllSolutions\..\MIP\PlatformPlugin\VideoOS.Platform\unittest\bin\Debug\net6.0-windows\VideoOS.Platform.Tests.dll" adapterTypeName="executor://mstestadapter/v2" className="VideoOS.Platform.Tests.Metadata.RectangleTests" name="ReadAppearanceExtensionXml_ShouldNotSetBoundingBoxLineColor_WhenBoundingBoxLineColorIsNotPresent" />
    </UnitTest>
    <UnitTest name="CreateAlarmFromEvent_ShouldReturnProperAlarm_WhenArgumentIsAnalyticsEvent" storage="d:\actions-runner\_work\xpco\xpco\allsolutions\..\mip\platformplugin\videoos.platform\unittest\bin\debug\net6.0-windows\videoos.platform.tests.dll" id="e58ef73c-b84c-961f-61e3-72952cd8cb8c">
      <Execution id="27b65629-f6b2-4526-98ea-35a0670e4d4e" />
      <TestMethod codeBase="D:\actions-runner\_work\XPCO\XPCO\AllSolutions\..\MIP\PlatformPlugin\VideoOS.Platform\unittest\bin\Debug\net6.0-windows\VideoOS.Platform.Tests.dll" adapterTypeName="executor://mstestadapter/v2" className="VideoOS.Platform.Tests.Util.AlarmBuilderTests" name="CreateAlarmFromEvent_ShouldReturnProperAlarm_WhenArgumentIsAnalyticsEvent" />
    </UnitTest>
    <UnitTest name="Get_Element_Invalid" storage="d:\actions-runner\_work\xpco\xpco\allsolutions\..\mip\platformplugin\videoos.platform\unittest\bin\debug\net6.0-windows\videoos.platform.tests.dll" id="5a26cd62-bdfd-afb4-b17e-eb94ffbff81b">
      <Execution id="c2bff025-9766-4bbb-ac7a-ea6f9d4cc40d" />
      <TestMethod codeBase="D:\actions-runner\_work\XPCO\XPCO\AllSolutions\..\MIP\PlatformPlugin\VideoOS.Platform\unittest\bin\Debug\net6.0-windows\VideoOS.Platform.Tests.dll" adapterTypeName="executor://mstestadapter/v2" className="VideoOS.Platform.Tests.Proxy.RestApi.JsonReaderTests" name="Get_Element_Invalid" />
    </UnitTest>
    <UnitTest name="RegistrationsObjectId_ShouldBeTheSameAsReleasedBeforeNonFips" storage="d:\actions-runner\_work\xpco\xpco\allsolutions\..\mip\platformplugin\videoos.platform\unittest\bin\debug\net6.0-windows\videoos.platform.tests.dll" id="44436d34-8c47-a19f-150a-24d114c511ac">
      <Execution id="b75cd807-f8d5-4d41-b483-c4c284fbaf69" />
      <TestMethod codeBase="D:\actions-runner\_work\XPCO\XPCO\AllSolutions\..\MIP\PlatformPlugin\VideoOS.Platform\unittest\bin\Debug\net6.0-windows\VideoOS.Platform.Tests.dll" adapterTypeName="executor://mstestadapter/v2" className="VideoOS.Platform.Tests.License.NonFipsLicenseCompatibilityHandlerTests" name="RegistrationsObjectId_ShouldBeTheSameAsReleasedBeforeNonFips" />
    </UnitTest>
    <UnitTest name="Equals_ShouldHaveValueSemantics_WhenAlways" storage="d:\actions-runner\_work\xpco\xpco\allsolutions\..\mip\platformplugin\videoos.platform\unittest\bin\debug\net6.0-windows\videoos.platform.tests.dll" id="b95a0169-81da-1ad7-baaf-9682207c1cd6">
      <Execution id="116d8829-3ba6-4e7f-8350-ce38afe2707b" />
      <TestMethod codeBase="D:\actions-runner\_work\XPCO\XPCO\AllSolutions\..\MIP\PlatformPlugin\VideoOS.Platform\unittest\bin\Debug\net6.0-windows\VideoOS.Platform.Tests.dll" adapterTypeName="executor://mstestadapter/v2" className="VideoOS.Platform.Tests.Metadata.OnvifObjectTests" name="Equals_ShouldHaveValueSemantics_WhenAlways" />
    </UnitTest>
    <UnitTest name="Match_Success_SystemTypeStartMatch" storage="d:\actions-runner\_work\xpco\xpco\allsolutions\..\mip\platformplugin\videoos.platform\unittest\bin\debug\net6.0-windows\videoos.platform.tests.dll" id="52280e61-dcba-6f9b-6016-eff366e7d098">
      <Execution id="365124f9-c252-4078-acf0-514a890d41e7" />
      <TestMethod codeBase="D:\actions-runner\_work\XPCO\XPCO\AllSolutions\..\MIP\PlatformPlugin\VideoOS.Platform\unittest\bin\Debug\net6.0-windows\VideoOS.Platform.Tests.dll" adapterTypeName="executor://mstestadapter/v2" className="VideoOS.Platform.Tests.Messaging.CommunicationIdFilterTests" name="Match_Success_SystemTypeStartMatch" />
    </UnitTest>
    <UnitTest name="Parse_Int_ValidEnd_NoWhiteSpace" storage="d:\actions-runner\_work\xpco\xpco\allsolutions\..\mip\platformplugin\videoos.platform\unittest\bin\debug\net6.0-windows\videoos.platform.tests.dll" id="3f36873b-eeee-f47e-801c-1028988ff18d">
      <Execution id="a47a827b-47da-4827-80cb-0f20c33f8ece" />
      <TestMethod codeBase="D:\actions-runner\_work\XPCO\XPCO\AllSolutions\..\MIP\PlatformPlugin\VideoOS.Platform\unittest\bin\Debug\net6.0-windows\VideoOS.Platform.Tests.dll" adapterTypeName="executor://mstestadapter/v2" className="VideoOS.Platform.Tests.Proxy.RestApi.JsonReaderTests" name="Parse_Int_ValidEnd_NoWhiteSpace" />
    </UnitTest>
    <UnitTest name="Constructor_ShouldThrowArgumentNullException_WhenServerIdIsNull" storage="d:\actions-runner\_work\xpco\xpco\allsolutions\..\mip\platformplugin\videoos.platform\unittest\bin\debug\net6.0-windows\videoos.platform.tests.dll" id="7aa7a744-f3f3-dbab-b444-2d9793ae0544">
      <Execution id="9ff0c4a7-92aa-4095-a043-5715b366235a" />
      <TestMethod codeBase="D:\actions-runner\_work\XPCO\XPCO\AllSolutions\..\MIP\PlatformPlugin\VideoOS.Platform\unittest\bin\Debug\net6.0-windows\VideoOS.Platform.Tests.dll" adapterTypeName="executor://mstestadapter/v2" className="VideoOS.Platform.Tests.Util.ConfigurationCacheTests" name="Constructor_ShouldThrowArgumentNullException_WhenServerIdIsNull" />
    </UnitTest>
    <UnitTest name="GetFilterValues_MultipleValuesAdded_ReturnsValues" storage="d:\actions-runner\_work\xpco\xpco\allsolutions\..\mip\platformplugin\videoos.platform\unittest\bin\debug\net6.0-windows\videoos.platform.tests.dll" id="bc7fb037-bc9e-3315-d38f-1aeba783be34">
      <TestCategory>
        <TestCategoryItem TestCategory="Search" />
      </TestCategory>
      <Execution id="e92737ae-ca09-4b83-a707-b9a821e9bbda" />
      <TestMethod codeBase="D:\actions-runner\_work\XPCO\XPCO\AllSolutions\..\MIP\PlatformPlugin\VideoOS.Platform\unittest\bin\Debug\net6.0-windows\VideoOS.Platform.Tests.dll" adapterTypeName="executor://mstestadapter/v2" className="VideoOS.Platform.Tests.Search.SearchCriteriaTest" name="GetFilterValues_MultipleValuesAdded_ReturnsValues" />
    </UnitTest>
    <UnitTest name="GetNextDateTime_ShouldReturnDataEntityFromCacheWithoutCallingToolkit_WhenDataIsPresentInCache" storage="d:\actions-runner\_work\xpco\xpco\allsolutions\..\mip\platformplugin\videoos.platform\unittest\bin\debug\net6.0-windows\videoos.platform.tests.dll" id="788d8b0c-681e-eeab-fb16-541a413b2444">
      <Execution id="8be05a6c-e8a1-445f-9249-7a401b20067e" />
      <TestMethod codeBase="D:\actions-runner\_work\XPCO\XPCO\AllSolutions\..\MIP\PlatformPlugin\VideoOS.Platform\unittest\bin\Debug\net6.0-windows\VideoOS.Platform.Tests.dll" adapterTypeName="executor://mstestadapter/v2" className="VideoOS.Platform.Tests.Data.MetadataPlaybackSourceTests" name="GetNextDateTime_ShouldReturnDataEntityFromCacheWithoutCallingToolkit_WhenDataIsPresentInCache" />
    </UnitTest>
    <UnitTest name="GetItems_ShouldReturnList_WhenAllAdded" storage="d:\actions-runner\_work\xpco\xpco\allsolutions\..\mip\platformplugin\videoos.platform\unittest\bin\debug\net6.0-windows\videoos.platform.tests.dll" id="4869fcc0-9c89-53f1-f0e6-6ac4c4ca00cc">
      <Execution id="57b77fcd-c15d-4694-b8c5-8e36ef8c0fd9" />
      <TestMethod codeBase="D:\actions-runner\_work\XPCO\XPCO\AllSolutions\..\MIP\PlatformPlugin\VideoOS.Platform\unittest\bin\Debug\net6.0-windows\VideoOS.Platform.Tests.dll" adapterTypeName="executor://mstestadapter/v2" className="VideoOS.Platform.Tests.Util.ConfigurationCacheTests" name="GetItems_ShouldReturnList_WhenAllAdded" />
    </UnitTest>
    <UnitTest name="Latitude_ShouldThrowArgumentOfRange_WhenValueIsOutsideAcceptedRange" storage="d:\actions-runner\_work\xpco\xpco\allsolutions\..\mip\platformplugin\videoos.platform\unittest\bin\debug\net6.0-windows\videoos.platform.tests.dll" id="68a34a15-d421-8568-e2a0-5ca548802bb9">
      <Execution id="9777953b-2cf4-4ed0-839f-ce2ea607b333" />
      <TestMethod codeBase="D:\actions-runner\_work\XPCO\XPCO\AllSolutions\..\MIP\PlatformPlugin\VideoOS.Platform\unittest\bin\Debug\net6.0-windows\VideoOS.Platform.Tests.dll" adapterTypeName="executor://mstestadapter/v2" className="VideoOS.Platform.Tests.Metadata.NavigationalDataTests" name="Latitude_ShouldThrowArgumentOfRange_WhenValueIsOutsideAcceptedRange" />
    </UnitTest>
    <UnitTest name="Decrypt_ShouldThrowMIPException_WhenCalledOnFIPSEnabledMachine" storage="d:\actions-runner\_work\xpco\xpco\allsolutions\..\mip\platformplugin\videoos.platform\unittest\bin\debug\net6.0-windows\videoos.platform.tests.dll" id="781c6c8a-3177-25ba-5828-fb732829d7b1">
      <Execution id="d4dc229a-8048-49ec-b95b-c170563a36cb" />
      <TestMethod codeBase="D:\actions-runner\_work\XPCO\XPCO\AllSolutions\..\MIP\PlatformPlugin\VideoOS.Platform\unittest\bin\Debug\net6.0-windows\VideoOS.Platform.Tests.dll" adapterTypeName="executor://mstestadapter/v2" className="VideoOS.Platform.Tests.License.NonFipsLicenseCompatibilityHandlerTests" name="Decrypt_ShouldThrowMIPException_WhenCalledOnFIPSEnabledMachine" />
    </UnitTest>
    <UnitTest name="Remove_ShouldInvokeCallback_WhenObservable" storage="d:\actions-runner\_work\xpco\xpco\allsolutions\..\mip\platformplugin\videoos.platform\unittest\bin\debug\net6.0-windows\videoos.platform.tests.dll" id="a357cf6c-ef79-7a61-f86c-3c3cf29677ef">
      <Execution id="ebe567d3-a90a-42ba-9d68-7a88a5107853" />
      <TestMethod codeBase="D:\actions-runner\_work\XPCO\XPCO\AllSolutions\..\MIP\PlatformPlugin\VideoOS.Platform\unittest\bin\Debug\net6.0-windows\VideoOS.Platform.Tests.dll" adapterTypeName="executor://mstestadapter/v2" className="VideoOS.Platform.Tests.UI.Controls.CollectionHelperGenericTest" name="Remove_ShouldInvokeCallback_WhenObservable" />
    </UnitTest>
    <UnitTest name="EqualGuids_Fail_OnOtherNull" storage="d:\actions-runner\_work\xpco\xpco\allsolutions\..\mip\platformplugin\videoos.platform\unittest\bin\debug\net6.0-windows\videoos.platform.tests.dll" id="1ad3591a-ac8c-9e26-3467-6ee13c8cfd41">
      <Execution id="234fa866-4a0e-41bc-ad48-b58c09f69c96" />
      <TestMethod codeBase="D:\actions-runner\_work\XPCO\XPCO\AllSolutions\..\MIP\PlatformPlugin\VideoOS.Platform\unittest\bin\Debug\net6.0-windows\VideoOS.Platform.Tests.dll" adapterTypeName="executor://mstestadapter/v2" className="VideoOS.Platform.Tests.FQIDtests" name="EqualGuids_Fail_OnOtherNull" />
    </UnitTest>
    <UnitTest name="IsValid_ShouldReturnFalse_WhenLikelihoodIsMoreThanOne" storage="d:\actions-runner\_work\xpco\xpco\allsolutions\..\mip\platformplugin\videoos.platform\unittest\bin\debug\net6.0-windows\videoos.platform.tests.dll" id="a153c326-c8c2-ed0c-505b-c62f56af9d14">
      <Execution id="1bf1d0f0-4d42-4e4a-9559-b6f24437137e" />
      <TestMethod codeBase="D:\actions-runner\_work\XPCO\XPCO\AllSolutions\..\MIP\PlatformPlugin\VideoOS.Platform\unittest\bin\Debug\net6.0-windows\VideoOS.Platform.Tests.dll" adapterTypeName="executor://mstestadapter/v2" className="VideoOS.Platform.Tests.Metadata.ClassCandidateTests" name="IsValid_ShouldReturnFalse_WhenLikelihoodIsMoreThanOne" />
    </UnitTest>
    <UnitTest name="SearchResultData_EndTimeWithPaddingUnset_ShouldReturnEndTime" storage="d:\actions-runner\_work\xpco\xpco\allsolutions\..\mip\platformplugin\videoos.platform\unittest\bin\debug\net6.0-windows\videoos.platform.tests.dll" id="cd7f7ed7-88a6-0fa2-919b-8f85deed3b1c">
      <TestCategory>
        <TestCategoryItem TestCategory="Search" />
      </TestCategory>
      <Execution id="95e247c8-2135-48f1-aaf5-a3599b90ea41" />
      <TestMethod codeBase="D:\actions-runner\_work\XPCO\XPCO\AllSolutions\..\MIP\PlatformPlugin\VideoOS.Platform\unittest\bin\Debug\net6.0-windows\VideoOS.Platform.Tests.dll" adapterTypeName="executor://mstestadapter/v2" className="VideoOS.Platform.Tests.Search.SearchResultDataTest" name="SearchResultData_EndTimeWithPaddingUnset_ShouldReturnEndTime" />
    </UnitTest>
    <UnitTest name="SearchResultData_BeginTime_Success" storage="d:\actions-runner\_work\xpco\xpco\allsolutions\..\mip\platformplugin\videoos.platform\unittest\bin\debug\net6.0-windows\videoos.platform.tests.dll" id="7e3dbd79-3540-0180-3ab0-0107f747a8a4">
      <TestCategory>
        <TestCategoryItem TestCategory="Search" />
      </TestCategory>
      <Execution id="9aaa97a0-0b65-4730-9d0c-8cbb0a34c712" />
      <TestMethod codeBase="D:\actions-runner\_work\XPCO\XPCO\AllSolutions\..\MIP\PlatformPlugin\VideoOS.Platform\unittest\bin\Debug\net6.0-windows\VideoOS.Platform.Tests.dll" adapterTypeName="executor://mstestadapter/v2" className="VideoOS.Platform.Tests.Search.SearchResultDataTest" name="SearchResultData_BeginTime_Success" />
    </UnitTest>
    <UnitTest name="ProvideValue_ShouldChangeContentTemplate_WhenItemContentTemplatePropertyNameIsSet" storage="d:\actions-runner\_work\xpco\xpco\allsolutions\..\mip\platformplugin\videoos.platform\unittest\bin\debug\net6.0-windows\videoos.platform.tests.dll" id="6d35c2c3-73b0-8587-396e-ba4ccb5d6691">
      <TestCategory>
        <TestCategoryItem TestCategory="TabControls" />
      </TestCategory>
      <Execution id="d98d0635-650d-4379-a843-7a8d46e8261b" />
      <TestMethod codeBase="D:\actions-runner\_work\XPCO\XPCO\AllSolutions\..\MIP\PlatformPlugin\VideoOS.Platform\unittest\bin\Debug\net6.0-windows\VideoOS.Platform.Tests.dll" adapterTypeName="executor://mstestadapter/v2" className="VideoOS.Platform.Tests.UI.Controls.TabControls.Internal.Primary.ItemContentTemplateExtensionTest" name="ProvideValue_ShouldChangeContentTemplate_WhenItemContentTemplatePropertyNameIsSet" />
    </UnitTest>
    <UnitTest name="Serialize_TestCases (TestParentAllPrimitiveTypeMatchDoubleThisTypeMatched)" storage="d:\actions-runner\_work\xpco\xpco\allsolutions\..\mip\platformplugin\videoos.platform\unittest\bin\debug\net6.0-windows\videoos.platform.tests.dll" id="cd5d5b03-5245-1a1a-d06b-cf567b1e8b7a">
      <Execution id="c3d55e19-9556-4318-bd7f-f873c4b03850" />
      <TestMethod codeBase="D:\actions-runner\_work\XPCO\XPCO\AllSolutions\..\MIP\PlatformPlugin\VideoOS.Platform\unittest\bin\Debug\net6.0-windows\VideoOS.Platform.Tests.dll" adapterTypeName="executor://mstestadapter/v2" className="VideoOS.Platform.Tests.UI.Controls.Automation.Serialization.AutomationObjectSerializerTest" name="Serialize_TestCases" />
    </UnitTest>
    <UnitTest name="Apply_ShouldMultiplScaleYCoordinatesToToCenterYAndScaleXCoordinatesToCenterX_WhenScaleIsNotNull" storage="d:\actions-runner\_work\xpco\xpco\allsolutions\..\mip\platformplugin\videoos.platform\unittest\bin\debug\net6.0-windows\videoos.platform.tests.dll" id="21dd4ab4-8f48-2c5a-854c-4eb0b036ad99">
      <Execution id="abc5d902-d62e-48f0-8c82-3672bc99a254" />
      <TestMethod codeBase="D:\actions-runner\_work\XPCO\XPCO\AllSolutions\..\MIP\PlatformPlugin\VideoOS.Platform\unittest\bin\Debug\net6.0-windows\VideoOS.Platform.Tests.dll" adapterTypeName="executor://mstestadapter/v2" className="VideoOS.Platform.Tests.Metadata.DisplayTextTests" name="Apply_ShouldMultiplScaleYCoordinatesToToCenterYAndScaleXCoordinatesToCenterX_WhenScaleIsNotNull" />
    </UnitTest>
    <UnitTest name="EqualGuids_Fail_OnObjectId" storage="d:\actions-runner\_work\xpco\xpco\allsolutions\..\mip\platformplugin\videoos.platform\unittest\bin\debug\net6.0-windows\videoos.platform.tests.dll" id="91cfec7e-ef42-5972-8313-05af41252d8d">
      <Execution id="a2ca7c6f-4b65-43c0-8e42-8997ccff1e47" />
      <TestMethod codeBase="D:\actions-runner\_work\XPCO\XPCO\AllSolutions\..\MIP\PlatformPlugin\VideoOS.Platform\unittest\bin\Debug\net6.0-windows\VideoOS.Platform.Tests.dll" adapterTypeName="executor://mstestadapter/v2" className="VideoOS.Platform.Tests.FQIDtests" name="EqualGuids_Fail_OnObjectId" />
    </UnitTest>
    <UnitTest name="Replace_ShouldInvokeCallback_WhenObservable" storage="d:\actions-runner\_work\xpco\xpco\allsolutions\..\mip\platformplugin\videoos.platform\unittest\bin\debug\net6.0-windows\videoos.platform.tests.dll" id="f1273a57-f352-81b3-3c22-3b2f4debaba3">
      <Execution id="f77c1891-ceec-4f65-80ff-da2cbd258723" />
      <TestMethod codeBase="D:\actions-runner\_work\XPCO\XPCO\AllSolutions\..\MIP\PlatformPlugin\VideoOS.Platform\unittest\bin\Debug\net6.0-windows\VideoOS.Platform.Tests.dll" adapterTypeName="executor://mstestadapter/v2" className="VideoOS.Platform.Tests.UI.Controls.CollectionHelperTest" name="Replace_ShouldInvokeCallback_WhenObservable" />
    </UnitTest>
    <UnitTest name="IsValid_ShouldReturnFalse_WhenLikelihoodIsLessThanZero" storage="d:\actions-runner\_work\xpco\xpco\allsolutions\..\mip\platformplugin\videoos.platform\unittest\bin\debug\net6.0-windows\videoos.platform.tests.dll" id="3893bc09-628b-2605-fa37-7cfb280ed351">
      <Execution id="e52fdf0d-0325-4b42-8f29-6cafde1e65c9" />
      <TestMethod codeBase="D:\actions-runner\_work\XPCO\XPCO\AllSolutions\..\MIP\PlatformPlugin\VideoOS.Platform\unittest\bin\Debug\net6.0-windows\VideoOS.Platform.Tests.dll" adapterTypeName="executor://mstestadapter/v2" className="VideoOS.Platform.Tests.Metadata.ClassCandidateTests" name="IsValid_ShouldReturnFalse_WhenLikelihoodIsLessThanZero" />
    </UnitTest>
    <UnitTest name="AllAttributesWerePresent_ShouldReturnFalse_WhenBottomAttributeIsMissing" storage="d:\actions-runner\_work\xpco\xpco\allsolutions\..\mip\platformplugin\videoos.platform\unittest\bin\debug\net6.0-windows\videoos.platform.tests.dll" id="4659fd71-0ee0-a506-0553-a81ccc9c9c0b">
      <Execution id="686785bc-5422-48b4-931f-8cb0287b54c4" />
      <TestMethod codeBase="D:\actions-runner\_work\XPCO\XPCO\AllSolutions\..\MIP\PlatformPlugin\VideoOS.Platform\unittest\bin\Debug\net6.0-windows\VideoOS.Platform.Tests.dll" adapterTypeName="executor://mstestadapter/v2" className="VideoOS.Platform.Tests.Metadata.RectangleTests" name="AllAttributesWerePresent_ShouldReturnFalse_WhenBottomAttributeIsMissing" />
    </UnitTest>
    <UnitTest name="Convert_SingleArgumentConverter_ShouldReturnConvertedValue_WhenArgumentMatches" storage="d:\actions-runner\_work\xpco\xpco\allsolutions\..\mip\platformplugin\videoos.platform\unittest\bin\debug\net6.0-windows\videoos.platform.tests.dll" id="40f611b9-74bd-86c9-77cc-098126b9a943">
      <Execution id="221302a2-42f5-4458-9b27-643d893ca76a" />
      <TestMethod codeBase="D:\actions-runner\_work\XPCO\XPCO\AllSolutions\..\MIP\PlatformPlugin\VideoOS.Platform\unittest\bin\Debug\net6.0-windows\VideoOS.Platform.Tests.dll" adapterTypeName="executor://mstestadapter/v2" className="VideoOS.Platform.Tests.UI.Converters.LambdaConverterTest" name="Convert_SingleArgumentConverter_ShouldReturnConvertedValue_WhenArgumentMatches" />
    </UnitTest>
    <UnitTest name="ProvideValue_ShouldUseCompleteDataContextAsContent_WhenItemDataPropertyNameIsNotSet" storage="d:\actions-runner\_work\xpco\xpco\allsolutions\..\mip\platformplugin\videoos.platform\unittest\bin\debug\net6.0-windows\videoos.platform.tests.dll" id="39e900e7-994b-131a-bce2-a45a9207a809">
      <TestCategory>
        <TestCategoryItem TestCategory="TabControls" />
      </TestCategory>
      <Execution id="2e765483-f349-4f86-99fc-631d1ee9f115" />
      <TestMethod codeBase="D:\actions-runner\_work\XPCO\XPCO\AllSolutions\..\MIP\PlatformPlugin\VideoOS.Platform\unittest\bin\Debug\net6.0-windows\VideoOS.Platform.Tests.dll" adapterTypeName="executor://mstestadapter/v2" className="VideoOS.Platform.Tests.UI.Controls.TabControls.Internal.Primary.ItemContentExtensionTest" name="ProvideValue_ShouldUseCompleteDataContextAsContent_WhenItemDataPropertyNameIsNotSet" />
    </UnitTest>
    <UnitTest name="ReadXml_ShouldLogWarning_WhenRequiredAttributeIsMissing" storage="d:\actions-runner\_work\xpco\xpco\allsolutions\..\mip\platformplugin\videoos.platform\unittest\bin\debug\net6.0-windows\videoos.platform.tests.dll" id="a53b6d0c-a89a-620c-77ca-f9530854f6a0">
      <Execution id="daea74d6-1fa8-4435-b229-e512e96f2ce6" />
      <TestMethod codeBase="D:\actions-runner\_work\XPCO\XPCO\AllSolutions\..\MIP\PlatformPlugin\VideoOS.Platform\unittest\bin\Debug\net6.0-windows\VideoOS.Platform.Tests.dll" adapterTypeName="executor://mstestadapter/v2" className="VideoOS.Platform.Tests.Metadata.FrameTests" name="ReadXml_ShouldLogWarning_WhenRequiredAttributeIsMissing" />
    </UnitTest>
    <UnitTest name="TestSearchFilterCategories_WithANullAgent_Success" storage="d:\actions-runner\_work\xpco\xpco\allsolutions\..\mip\platformplugin\videoos.platform\unittest\bin\debug\net6.0-windows\videoos.platform.tests.dll" id="305837e1-d44c-5663-004e-044ac561be36">
      <TestCategory>
        <TestCategoryItem TestCategory="Search" />
      </TestCategory>
      <Execution id="4279f8d6-ce80-4d5b-adc1-027106135c89" />
      <TestMethod codeBase="D:\actions-runner\_work\XPCO\XPCO\AllSolutions\..\MIP\PlatformPlugin\VideoOS.Platform\unittest\bin\Debug\net6.0-windows\VideoOS.Platform.Tests.dll" adapterTypeName="executor://mstestadapter/v2" className="VideoOS.Platform.Tests.Search.SearchManagerTest" name="TestSearchFilterCategories_WithANullAgent_Success" />
    </UnitTest>
    <UnitTest name="WriteXml_ShouldWriteItalicAttribute_WhenSet" storage="d:\actions-runner\_work\xpco\xpco\allsolutions\..\mip\platformplugin\videoos.platform\unittest\bin\debug\net6.0-windows\videoos.platform.tests.dll" id="c3a53dbd-9899-8fac-d500-c2b7239c74d4">
      <Execution id="b1af7d39-81b0-4727-9a6b-8b9a49bd509a" />
      <TestMethod codeBase="D:\actions-runner\_work\XPCO\XPCO\AllSolutions\..\MIP\PlatformPlugin\VideoOS.Platform\unittest\bin\Debug\net6.0-windows\VideoOS.Platform.Tests.dll" adapterTypeName="executor://mstestadapter/v2" className="VideoOS.Platform.Tests.Metadata.DisplayTextTests" name="WriteXml_ShouldWriteItalicAttribute_WhenSet" />
    </UnitTest>
    <UnitTest name="Equals_Fail_OnOtherNull" storage="d:\actions-runner\_work\xpco\xpco\allsolutions\..\mip\platformplugin\videoos.platform\unittest\bin\debug\net6.0-windows\videoos.platform.tests.dll" id="ab1a8e45-8e17-ad94-af47-713e91eff11b">
      <Execution id="9fa8541d-13b7-488a-8508-52b89718df76" />
      <TestMethod codeBase="D:\actions-runner\_work\XPCO\XPCO\AllSolutions\..\MIP\PlatformPlugin\VideoOS.Platform\unittest\bin\Debug\net6.0-windows\VideoOS.Platform.Tests.dll" adapterTypeName="executor://mstestadapter/v2" className="VideoOS.Platform.Tests.FQIDtests" name="Equals_Fail_OnOtherNull" />
    </UnitTest>
    <UnitTest name="TestCancelSearch_NoSearchToCancel_Success" storage="d:\actions-runner\_work\xpco\xpco\allsolutions\..\mip\platformplugin\videoos.platform\unittest\bin\debug\net6.0-windows\videoos.platform.tests.dll" id="04c35346-28ec-f782-fc3a-52a05938a62a">
      <TestCategory>
        <TestCategoryItem TestCategory="Search" />
      </TestCategory>
      <Execution id="bb4db534-91ec-4048-97a0-0919054a829b" />
      <TestMethod codeBase="D:\actions-runner\_work\XPCO\XPCO\AllSolutions\..\MIP\PlatformPlugin\VideoOS.Platform\unittest\bin\Debug\net6.0-windows\VideoOS.Platform.Tests.dll" adapterTypeName="executor://mstestadapter/v2" className="VideoOS.Platform.Tests.Search.SearchManagerTest" name="TestCancelSearch_NoSearchToCancel_Success" />
    </UnitTest>
    <UnitTest name="MatchId_Success_MessageWithAsteriskAtEnd_NoEnding" storage="d:\actions-runner\_work\xpco\xpco\allsolutions\..\mip\platformplugin\videoos.platform\unittest\bin\debug\net6.0-windows\videoos.platform.tests.dll" id="e6ba39e7-b277-ade5-953f-680493847818">
      <Execution id="2e467f53-70d2-4dd6-9d58-666aa1a6f01d" />
      <TestMethod codeBase="D:\actions-runner\_work\XPCO\XPCO\AllSolutions\..\MIP\PlatformPlugin\VideoOS.Platform\unittest\bin\Debug\net6.0-windows\VideoOS.Platform.Tests.dll" adapterTypeName="executor://mstestadapter/v2" className="VideoOS.Platform.Tests.Messaging.CommunicationIdFilterTests" name="MatchId_Success_MessageWithAsteriskAtEnd_NoEnding" />
    </UnitTest>
    <UnitTest name="CountByCounter_Activated_Missing" storage="d:\actions-runner\_work\xpco\xpco\allsolutions\..\mip\platformplugin\videoos.platform\unittest\bin\debug\net6.0-windows\videoos.platform.tests.dll" id="d4b18369-f511-b320-afac-a383c554d179">
      <Execution id="5504c419-645f-4437-b793-c50782f4ea5c" />
      <TestMethod codeBase="D:\actions-runner\_work\XPCO\XPCO\AllSolutions\..\MIP\PlatformPlugin\VideoOS.Platform\unittest\bin\Debug\net6.0-windows\VideoOS.Platform.Tests.dll" adapterTypeName="executor://mstestadapter/v2" className="VideoOS.Platform.Tests.License.ResolvedLicenseCountTest" name="CountByCounter_Activated_Missing" />
    </UnitTest>
    <UnitTest name="TestMultiLevelQueue_ThreeLevels_Success" storage="d:\actions-runner\_work\xpco\xpco\allsolutions\..\mip\platformplugin\videoos.platform\unittest\bin\debug\net6.0-windows\videoos.platform.tests.dll" id="3fc54712-5186-4bec-f033-21016fea98fa">
      <Execution id="db45d057-13fd-4c74-8b7f-4d0447a2f149" />
      <TestMethod codeBase="D:\actions-runner\_work\XPCO\XPCO\AllSolutions\..\MIP\PlatformPlugin\VideoOS.Platform\unittest\bin\Debug\net6.0-windows\VideoOS.Platform.Tests.dll" adapterTypeName="executor://mstestadapter/v2" className="VideoOS.Platform.Tests.Util.Queue.MultiLevelResourceQueueTests" name="TestMultiLevelQueue_ThreeLevels_Success" />
    </UnitTest>
    <UnitTest name="EqualGuids_Fail_OnServerIdNull" storage="d:\actions-runner\_work\xpco\xpco\allsolutions\..\mip\platformplugin\videoos.platform\unittest\bin\debug\net6.0-windows\videoos.platform.tests.dll" id="f33839d1-0a95-c027-0a9d-468e94c3e8f8">
      <Execution id="8689dcd1-bdf3-405c-bca7-ad94e085aabc" />
      <TestMethod codeBase="D:\actions-runner\_work\XPCO\XPCO\AllSolutions\..\MIP\PlatformPlugin\VideoOS.Platform\unittest\bin\Debug\net6.0-windows\VideoOS.Platform.Tests.dll" adapterTypeName="executor://mstestadapter/v2" className="VideoOS.Platform.Tests.FQIDtests" name="EqualGuids_Fail_OnServerIdNull" />
    </UnitTest>
    <UnitTest name="AddFilterValue_ExistingValue_FirstValue_Success" storage="d:\actions-runner\_work\xpco\xpco\allsolutions\..\mip\platformplugin\videoos.platform\unittest\bin\debug\net6.0-windows\videoos.platform.tests.dll" id="c412921c-a830-d00a-e2a6-2eda860b9055">
      <TestCategory>
        <TestCategoryItem TestCategory="Search" />
      </TestCategory>
      <Execution id="ef380b80-e5eb-43ce-a0d5-db7dddf63cdb" />
      <TestMethod codeBase="D:\actions-runner\_work\XPCO\XPCO\AllSolutions\..\MIP\PlatformPlugin\VideoOS.Platform\unittest\bin\Debug\net6.0-windows\VideoOS.Platform.Tests.dll" adapterTypeName="executor://mstestadapter/v2" className="VideoOS.Platform.Tests.Search.SearchCriteriaTest" name="AddFilterValue_ExistingValue_FirstValue_Success" />
    </UnitTest>
    <UnitTest name="Add_ShouldReplaceLastElement_WhenStartTimeOfLastIsSameAsAdded" storage="d:\actions-runner\_work\xpco\xpco\allsolutions\..\mip\platformplugin\videoos.platform\unittest\bin\debug\net6.0-windows\videoos.platform.tests.dll" id="c3bd77bb-39a3-4c51-ccee-0dc4af1425a6">
      <Execution id="ce029884-1ca1-4565-877a-ad9738af355b" />
      <TestMethod codeBase="D:\actions-runner\_work\XPCO\XPCO\AllSolutions\..\MIP\PlatformPlugin\VideoOS.Platform\unittest\bin\Debug\net6.0-windows\VideoOS.Platform.Tests.dll" adapterTypeName="executor://mstestadapter/v2" className="VideoOS.Platform.Tests.Client.SequenceCacheTests" name="Add_ShouldReplaceLastElement_WhenStartTimeOfLastIsSameAsAdded" />
    </UnitTest>
    <UnitTest name="ReadXml_ShouldReadSpeed_WhenSpeedIsPresent" storage="d:\actions-runner\_work\xpco\xpco\allsolutions\..\mip\platformplugin\videoos.platform\unittest\bin\debug\net6.0-windows\videoos.platform.tests.dll" id="c82ad357-66af-6f7d-49fa-5184f10411f5">
      <Execution id="fc3626db-9707-425b-a644-d7fd312de8d5" />
      <TestMethod codeBase="D:\actions-runner\_work\XPCO\XPCO\AllSolutions\..\MIP\PlatformPlugin\VideoOS.Platform\unittest\bin\Debug\net6.0-windows\VideoOS.Platform.Tests.dll" adapterTypeName="executor://mstestadapter/v2" className="VideoOS.Platform.Tests.Metadata.NavigationalDataTests" name="ReadXml_ShouldReadSpeed_WhenSpeedIsPresent" />
    </UnitTest>
    <UnitTest name="Append_PropertyKey_Value_Parted" storage="d:\actions-runner\_work\xpco\xpco\allsolutions\..\mip\platformplugin\videoos.platform\unittest\bin\debug\net6.0-windows\videoos.platform.tests.dll" id="d1e0da8d-6305-778c-2487-62302266275e">
      <Execution id="75c40f4b-e7d5-4a48-b1db-3f05d250724f" />
      <TestMethod codeBase="D:\actions-runner\_work\XPCO\XPCO\AllSolutions\..\MIP\PlatformPlugin\VideoOS.Platform\unittest\bin\Debug\net6.0-windows\VideoOS.Platform.Tests.dll" adapterTypeName="executor://mstestadapter/v2" className="VideoOS.Platform.Tests.Proxy.RestApi.JsonBuilderTests" name="Append_PropertyKey_Value_Parted" />
    </UnitTest>
    <UnitTest name="ParseMetadataXmlWithString_ShouldThrowXmlException_WhenXmlIsEmpty" storage="d:\actions-runner\_work\xpco\xpco\allsolutions\..\mip\platformplugin\videoos.platform\unittest\bin\debug\net6.0-windows\videoos.platform.tests.dll" id="b9540196-20ef-0b94-a46f-e6138983b660">
      <Execution id="f8eeb691-839c-4544-8d3f-5eb2ea8878f8" />
      <TestMethod codeBase="D:\actions-runner\_work\XPCO\XPCO\AllSolutions\..\MIP\PlatformPlugin\VideoOS.Platform\unittest\bin\Debug\net6.0-windows\VideoOS.Platform.Tests.dll" adapterTypeName="executor://mstestadapter/v2" className="VideoOS.Platform.Tests.Metadata.MetadataDeserializerTests" name="ParseMetadataXmlWithString_ShouldThrowXmlException_WhenXmlIsEmpty" />
    </UnitTest>
    <UnitTest name="WriteXml_ShouldWriteShapeContents_WhenShapeIsNotNull" storage="d:\actions-runner\_work\xpco\xpco\allsolutions\..\mip\platformplugin\videoos.platform\unittest\bin\debug\net6.0-windows\videoos.platform.tests.dll" id="0f32b524-4844-b3fb-566a-4f1c520479bb">
      <Execution id="8e2f19bc-03b9-4550-a6b9-69c695e745af" />
      <TestMethod codeBase="D:\actions-runner\_work\XPCO\XPCO\AllSolutions\..\MIP\PlatformPlugin\VideoOS.Platform\unittest\bin\Debug\net6.0-windows\VideoOS.Platform.Tests.dll" adapterTypeName="executor://mstestadapter/v2" className="VideoOS.Platform.Tests.Metadata.AppearanceTests" name="WriteXml_ShouldWriteShapeContents_WhenShapeIsNotNull" />
    </UnitTest>
    <UnitTest name="GetBegin_ShouldThrowImplementationMipException_WhenSessionIsNotStarted" storage="d:\actions-runner\_work\xpco\xpco\allsolutions\..\mip\platformplugin\videoos.platform\unittest\bin\debug\net6.0-windows\videoos.platform.tests.dll" id="6683524a-bfa3-259f-b1e9-51fd36596515">
      <Execution id="5cceb982-d29d-4db0-b33f-51427cd89b07" />
      <TestMethod codeBase="D:\actions-runner\_work\XPCO\XPCO\AllSolutions\..\MIP\PlatformPlugin\VideoOS.Platform\unittest\bin\Debug\net6.0-windows\VideoOS.Platform.Tests.dll" adapterTypeName="executor://mstestadapter/v2" className="VideoOS.Platform.Tests.Data.MetadataPlaybackSourceTests" name="GetBegin_ShouldThrowImplementationMipException_WhenSessionIsNotStarted" />
    </UnitTest>
    <UnitTest name="GenerateParameters_ShouldWriteNotSupportedForFirmware_WhenFirmwareIsNull" storage="d:\actions-runner\_work\xpco\xpco\allsolutions\..\mip\platformplugin\videoos.platform\unittest\bin\debug\net6.0-windows\videoos.platform.tests.dll" id="e3e33591-e2f2-c832-fee1-8688ba9ec456">
      <Execution id="9ad153ba-058f-4937-bd2c-72fb19210be2" />
      <TestMethod codeBase="D:\actions-runner\_work\XPCO\XPCO\AllSolutions\..\MIP\PlatformPlugin\VideoOS.Platform\unittest\bin\Debug\net6.0-windows\VideoOS.Platform.Tests.dll" adapterTypeName="executor://mstestadapter/v2" className="VideoOS.Platform.Tests.Data.HardwareDefinitionTests" name="GenerateParameters_ShouldWriteNotSupportedForFirmware_WhenFirmwareIsNull" />
    </UnitTest>
    <UnitTest name="Stop_ShouldReinitializeThrowsException_ProcessorSurvives" storage="d:\actions-runner\_work\xpco\xpco\allsolutions\..\mip\platformplugin\videoos.platform\unittest\bin\debug\net6.0-windows\videoos.platform.tests.dll" id="aa967bfa-3977-123e-a321-b0953779e966">
      <Execution id="c65f07c4-da0f-40b9-81ad-7cfc9794da26" />
      <TestMethod codeBase="D:\actions-runner\_work\XPCO\XPCO\AllSolutions\..\MIP\PlatformPlugin\VideoOS.Platform\unittest\bin\Debug\net6.0-windows\VideoOS.Platform.Tests.dll" adapterTypeName="executor://mstestadapter/v2" className="VideoOS.Platform.Tests.Util.Queue.ResourceProcessorTests" name="Stop_ShouldReinitializeThrowsException_ProcessorSurvives" />
    </UnitTest>
    <UnitTest name="GetItems_ShouldReturnNull_WhenUnknownKind" storage="d:\actions-runner\_work\xpco\xpco\allsolutions\..\mip\platformplugin\videoos.platform\unittest\bin\debug\net6.0-windows\videoos.platform.tests.dll" id="cbd53ab9-3037-bcc9-1b3c-c2cf3018f4d2">
      <Execution id="137cf558-24c5-4bce-981a-40f955b8aab8" />
      <TestMethod codeBase="D:\actions-runner\_work\XPCO\XPCO\AllSolutions\..\MIP\PlatformPlugin\VideoOS.Platform\unittest\bin\Debug\net6.0-windows\VideoOS.Platform.Tests.dll" adapterTypeName="executor://mstestadapter/v2" className="VideoOS.Platform.Tests.Util.ConfigurationCacheTests" name="GetItems_ShouldReturnNull_WhenUnknownKind" />
    </UnitTest>
    <UnitTest name="AllowGroupSelectionFalse_SingleSelect_NothingSelected" storage="d:\actions-runner\_work\xpco\xpco\allsolutions\..\mip\platformplugin\videoos.platform\unittest\bin\debug\net6.0-windows\videoos.platform.tests.dll" id="3b964bff-d25f-d812-9955-0682bf213291">
      <Execution id="2a757b53-bf29-48dc-984f-95bb14a97af4" />
      <TestMethod codeBase="D:\actions-runner\_work\XPCO\XPCO\AllSolutions\..\MIP\PlatformPlugin\VideoOS.Platform\unittest\bin\Debug\net6.0-windows\VideoOS.Platform.Tests.dll" adapterTypeName="executor://mstestadapter/v2" className="VideoOS.Platform.Tests.UI.ItemPicker.ItemPickerViewModelTest" name="AllowGroupSelectionFalse_SingleSelect_NothingSelected" />
    </UnitTest>
    <UnitTest name="Apply_ShouldAddTranslateYCoordinatesToTopAndBottomAndTranslateXCoordinatesToLeftAndRight_WhenTranslateIsNotNull" storage="d:\actions-runner\_work\xpco\xpco\allsolutions\..\mip\platformplugin\videoos.platform\unittest\bin\debug\net6.0-windows\videoos.platform.tests.dll" id="c812ed1c-00bd-8faa-1362-480338c7edf0">
      <Execution id="e357d16c-a822-422b-9f65-7e5486d2d6f8" />
      <TestMethod codeBase="D:\actions-runner\_work\XPCO\XPCO\AllSolutions\..\MIP\PlatformPlugin\VideoOS.Platform\unittest\bin\Debug\net6.0-windows\VideoOS.Platform.Tests.dll" adapterTypeName="executor://mstestadapter/v2" className="VideoOS.Platform.Tests.Metadata.RectangleTests" name="Apply_ShouldAddTranslateYCoordinatesToTopAndBottomAndTranslateXCoordinatesToLeftAndRight_WhenTranslateIsNotNull" />
    </UnitTest>
    <UnitTest name="ReadXml_ShouldLogWarning_WhenLikelihoodIsNotPresent" storage="d:\actions-runner\_work\xpco\xpco\allsolutions\..\mip\platformplugin\videoos.platform\unittest\bin\debug\net6.0-windows\videoos.platform.tests.dll" id="c3c83a0c-a46d-bf4c-a733-65c34582027c">
      <Execution id="8168179f-cc35-4d76-a41a-57091f13316f" />
      <TestMethod codeBase="D:\actions-runner\_work\XPCO\XPCO\AllSolutions\..\MIP\PlatformPlugin\VideoOS.Platform\unittest\bin\Debug\net6.0-windows\VideoOS.Platform.Tests.dll" adapterTypeName="executor://mstestadapter/v2" className="VideoOS.Platform.Tests.Metadata.ClassCandidateTests" name="ReadXml_ShouldLogWarning_WhenLikelihoodIsNotPresent" />
    </UnitTest>
    <UnitTest name="Serialize_TestCases (TestParentTypeMatchGenericThisTypeNotMatched)" storage="d:\actions-runner\_work\xpco\xpco\allsolutions\..\mip\platformplugin\videoos.platform\unittest\bin\debug\net6.0-windows\videoos.platform.tests.dll" id="bbfc981b-974c-44e2-e510-b6ce7e78458f">
      <Execution id="52aba06e-b29c-4199-b042-2090ebd92a48" />
      <TestMethod codeBase="D:\actions-runner\_work\XPCO\XPCO\AllSolutions\..\MIP\PlatformPlugin\VideoOS.Platform\unittest\bin\Debug\net6.0-windows\VideoOS.Platform.Tests.dll" adapterTypeName="executor://mstestadapter/v2" className="VideoOS.Platform.Tests.UI.Controls.Automation.Serialization.AutomationObjectSerializerTest" name="Serialize_TestCases" />
    </UnitTest>
    <UnitTest name="Serialize_TestCases (TestParentTypeMatchDecimalNotThisTypeMatched)" storage="d:\actions-runner\_work\xpco\xpco\allsolutions\..\mip\platformplugin\videoos.platform\unittest\bin\debug\net6.0-windows\videoos.platform.tests.dll" id="54ffe172-8cbc-abe9-397c-f61d23185047">
      <Execution id="3f043c96-f573-46b8-922c-7165136a9175" />
      <TestMethod codeBase="D:\actions-runner\_work\XPCO\XPCO\AllSolutions\..\MIP\PlatformPlugin\VideoOS.Platform\unittest\bin\Debug\net6.0-windows\VideoOS.Platform.Tests.dll" adapterTypeName="executor://mstestadapter/v2" className="VideoOS.Platform.Tests.UI.Controls.Automation.Serialization.AutomationObjectSerializerTest" name="Serialize_TestCases" />
    </UnitTest>
    <UnitTest name="IsValid_ShouldReturnTrue_WhenTypeHasValueAndLikelihoodIsBetweenZeroAndOne" storage="d:\actions-runner\_work\xpco\xpco\allsolutions\..\mip\platformplugin\videoos.platform\unittest\bin\debug\net6.0-windows\videoos.platform.tests.dll" id="9551a8f2-f5be-a617-500a-980790ba8737">
      <Execution id="3a086bbd-3b99-4d63-9606-7818d6d67191" />
      <TestMethod codeBase="D:\actions-runner\_work\XPCO\XPCO\AllSolutions\..\MIP\PlatformPlugin\VideoOS.Platform\unittest\bin\Debug\net6.0-windows\VideoOS.Platform.Tests.dll" adapterTypeName="executor://mstestadapter/v2" className="VideoOS.Platform.Tests.Metadata.ClassCandidateTests" name="IsValid_ShouldReturnTrue_WhenTypeHasValueAndLikelihoodIsBetweenZeroAndOne" />
    </UnitTest>
    <UnitTest name="EqualGuids_Fail_OnParentId" storage="d:\actions-runner\_work\xpco\xpco\allsolutions\..\mip\platformplugin\videoos.platform\unittest\bin\debug\net6.0-windows\videoos.platform.tests.dll" id="461181b2-b5d1-1d54-a990-5025bc85a37b">
      <Execution id="47863c66-fe4d-4e8b-a42d-18448ba06999" />
      <TestMethod codeBase="D:\actions-runner\_work\XPCO\XPCO\AllSolutions\..\MIP\PlatformPlugin\VideoOS.Platform\unittest\bin\Debug\net6.0-windows\VideoOS.Platform.Tests.dll" adapterTypeName="executor://mstestadapter/v2" className="VideoOS.Platform.Tests.FQIDtests" name="EqualGuids_Fail_OnParentId" />
    </UnitTest>
    <UnitTest name="AppendItemPicked_SingleSelect" storage="d:\actions-runner\_work\xpco\xpco\allsolutions\..\mip\platformplugin\videoos.platform\unittest\bin\debug\net6.0-windows\videoos.platform.tests.dll" id="0c1e1d3a-ed1f-c93a-037d-77d586b8b565">
      <Execution id="6785a232-f65a-4ba1-813a-5104803333bf" />
      <TestMethod codeBase="D:\actions-runner\_work\XPCO\XPCO\AllSolutions\..\MIP\PlatformPlugin\VideoOS.Platform\unittest\bin\Debug\net6.0-windows\VideoOS.Platform.Tests.dll" adapterTypeName="executor://mstestadapter/v2" className="VideoOS.Platform.Tests.UI.ItemPicker.ItemPickerViewModelTest" name="AppendItemPicked_SingleSelect" />
    </UnitTest>
    <UnitTest name="Serialize_TestCases (TestParentTypeMatchBoolThisTypeNotMatched)" storage="d:\actions-runner\_work\xpco\xpco\allsolutions\..\mip\platformplugin\videoos.platform\unittest\bin\debug\net6.0-windows\videoos.platform.tests.dll" id="1ebb5fbd-ca68-d89b-7ac9-6244b9608733">
      <Execution id="fce54648-a6b6-4221-bc08-2dafccbdddfb" />
      <TestMethod codeBase="D:\actions-runner\_work\XPCO\XPCO\AllSolutions\..\MIP\PlatformPlugin\VideoOS.Platform\unittest\bin\Debug\net6.0-windows\VideoOS.Platform.Tests.dll" adapterTypeName="executor://mstestadapter/v2" className="VideoOS.Platform.Tests.UI.Controls.Automation.Serialization.AutomationObjectSerializerTest" name="Serialize_TestCases" />
    </UnitTest>
    <UnitTest name="ReadXml_ShouldReadVersion_WhenVersionIsPresent" storage="d:\actions-runner\_work\xpco\xpco\allsolutions\..\mip\platformplugin\videoos.platform\unittest\bin\debug\net6.0-windows\videoos.platform.tests.dll" id="32528e28-da07-7f33-5050-a43afc1898ef">
      <Execution id="eb8e1722-bcf3-454e-819e-a3bde3db4021" />
      <TestMethod codeBase="D:\actions-runner\_work\XPCO\XPCO\AllSolutions\..\MIP\PlatformPlugin\VideoOS.Platform\unittest\bin\Debug\net6.0-windows\VideoOS.Platform.Tests.dll" adapterTypeName="executor://mstestadapter/v2" className="VideoOS.Platform.Tests.Metadata.NavigationalDataTests" name="ReadXml_ShouldReadVersion_WhenVersionIsPresent" />
    </UnitTest>
    <UnitTest name="BuildShapeOverlayWidthHeightBaseEvent_ShouldReturnCorrectNumberOfShapes_WhenArgumentIsEventData" storage="d:\actions-runner\_work\xpco\xpco\allsolutions\..\mip\platformplugin\videoos.platform\unittest\bin\debug\net6.0-windows\videoos.platform.tests.dll" id="f06647ee-695a-1441-d113-3b9b8eb3748f">
      <Execution id="1731cd16-07c1-4eee-9710-bbd35a50de1a" />
      <TestMethod codeBase="D:\actions-runner\_work\XPCO\XPCO\AllSolutions\..\MIP\PlatformPlugin\VideoOS.Platform\unittest\bin\Debug\net6.0-windows\VideoOS.Platform.Tests.dll" adapterTypeName="executor://mstestadapter/v2" className="VideoOS.Platform.Tests.Util.AnalyticsOverlayBuilderTests" name="BuildShapeOverlayWidthHeightBaseEvent_ShouldReturnCorrectNumberOfShapes_WhenArgumentIsEventData" />
    </UnitTest>
    <UnitTest name="WriteXml_ShouldWriteFontFamiliyAttribute_WhenPresent" storage="d:\actions-runner\_work\xpco\xpco\allsolutions\..\mip\platformplugin\videoos.platform\unittest\bin\debug\net6.0-windows\videoos.platform.tests.dll" id="5d3b9f28-5b7f-774a-d114-babb2f2f6cd2">
      <Execution id="5c83ab79-c748-4543-b066-45c003630ffe" />
      <TestMethod codeBase="D:\actions-runner\_work\XPCO\XPCO\AllSolutions\..\MIP\PlatformPlugin\VideoOS.Platform\unittest\bin\Debug\net6.0-windows\VideoOS.Platform.Tests.dll" adapterTypeName="executor://mstestadapter/v2" className="VideoOS.Platform.Tests.Metadata.DisplayTextTests" name="WriteXml_ShouldWriteFontFamiliyAttribute_WhenPresent" />
    </UnitTest>
    <UnitTest name="Match_Success_SystemType" storage="d:\actions-runner\_work\xpco\xpco\allsolutions\..\mip\platformplugin\videoos.platform\unittest\bin\debug\net6.0-windows\videoos.platform.tests.dll" id="16f93673-833f-5604-541b-fd1cb5d08ba8">
      <Execution id="94784679-f874-49a1-81f4-99f8fd15845b" />
      <TestMethod codeBase="D:\actions-runner\_work\XPCO\XPCO\AllSolutions\..\MIP\PlatformPlugin\VideoOS.Platform\unittest\bin\Debug\net6.0-windows\VideoOS.Platform.Tests.dll" adapterTypeName="executor://mstestadapter/v2" className="VideoOS.Platform.Tests.Messaging.CommunicationIdFilterTests" name="Match_Success_SystemType" />
    </UnitTest>
    <UnitTest name="IsValid_ShouldReturnFalse_WhenTypeIsEmpty" storage="d:\actions-runner\_work\xpco\xpco\allsolutions\..\mip\platformplugin\videoos.platform\unittest\bin\debug\net6.0-windows\videoos.platform.tests.dll" id="e8468c0c-a545-5d16-c11f-86ec8e232404">
      <Execution id="c02bd0c3-9d0b-4b8d-9c64-e7453a38846f" />
      <TestMethod codeBase="D:\actions-runner\_work\XPCO\XPCO\AllSolutions\..\MIP\PlatformPlugin\VideoOS.Platform\unittest\bin\Debug\net6.0-windows\VideoOS.Platform.Tests.dll" adapterTypeName="executor://mstestadapter/v2" className="VideoOS.Platform.Tests.Metadata.ClassCandidateTests" name="IsValid_ShouldReturnFalse_WhenTypeIsEmpty" />
    </UnitTest>
    <UnitTest name="IsCriteriaAccepted_FolderSelected_False" storage="d:\actions-runner\_work\xpco\xpco\allsolutions\..\mip\platformplugin\videoos.platform\unittest\bin\debug\net6.0-windows\videoos.platform.tests.dll" id="dc972d0b-90fa-0c97-701a-24ab8f8aec17">
      <Execution id="524fc7f2-2397-4731-b5ac-41af994a126f" />
      <TestMethod codeBase="D:\actions-runner\_work\XPCO\XPCO\AllSolutions\..\MIP\PlatformPlugin\VideoOS.Platform\unittest\bin\Debug\net6.0-windows\VideoOS.Platform.Tests.dll" adapterTypeName="executor://mstestadapter/v2" className="VideoOS.Platform.Tests.UI.ItemPicker.ItemPickerViewModelTest" name="IsCriteriaAccepted_FolderSelected_False" />
    </UnitTest>
    <UnitTest name="ReadXml_ShouldBase64DecodeOriginalData_WhenOrigiginalDataIsPresent" storage="d:\actions-runner\_work\xpco\xpco\allsolutions\..\mip\platformplugin\videoos.platform\unittest\bin\debug\net6.0-windows\videoos.platform.tests.dll" id="a44eceec-75ff-6298-f73e-523db73cd6d3">
      <Execution id="38299503-90f7-465f-a951-73df12af7063" />
      <TestMethod codeBase="D:\actions-runner\_work\XPCO\XPCO\AllSolutions\..\MIP\PlatformPlugin\VideoOS.Platform\unittest\bin\Debug\net6.0-windows\VideoOS.Platform.Tests.dll" adapterTypeName="executor://mstestadapter/v2" className="VideoOS.Platform.Tests.Metadata.MetadataStreamTests" name="ReadXml_ShouldBase64DecodeOriginalData_WhenOrigiginalDataIsPresent" />
    </UnitTest>
    <UnitTest name="Add_CacheItemExpires_ItemRemovedFromCacheAfterExpirationAndPostRemovalActionExecuted" storage="d:\actions-runner\_work\xpco\xpco\allsolutions\..\mip\platformplugin\videoos.platform\unittest\bin\debug\net6.0-windows\videoos.platform.tests.dll" id="87624c9b-97b8-ed79-9d92-4a653ba64699">
      <Execution id="cd2a0644-2e0c-446b-85a8-1e4b123cb9dc" />
      <TestMethod codeBase="D:\actions-runner\_work\XPCO\XPCO\AllSolutions\..\MIP\PlatformPlugin\VideoOS.Platform\unittest\bin\Debug\net6.0-windows\VideoOS.Platform.Tests.dll" adapterTypeName="executor://mstestadapter/v2" className="VideoOS.Platform.Tests.Util.Queue.LRUCacheTests" name="Add_CacheItemExpires_ItemRemovedFromCacheAfterExpirationAndPostRemovalActionExecuted" />
    </UnitTest>
    <UnitTest name="SetCacheContents_HandleEmptyList" storage="d:\actions-runner\_work\xpco\xpco\allsolutions\..\mip\platformplugin\videoos.platform\unittest\bin\debug\net6.0-windows\videoos.platform.tests.dll" id="5a6e28a5-0456-0238-773c-6170fb1e4f85">
      <Execution id="9011cc1a-7be1-4079-accf-3fe35ca36914" />
      <TestMethod codeBase="D:\actions-runner\_work\XPCO\XPCO\AllSolutions\..\MIP\PlatformPlugin\VideoOS.Platform\unittest\bin\Debug\net6.0-windows\VideoOS.Platform.Tests.dll" adapterTypeName="executor://mstestadapter/v2" className="VideoOS.Platform.Tests.Data.MetadataCacheTests" name="SetCacheContents_HandleEmptyList" />
    </UnitTest>
    <UnitTest name="GenerateDeviceParameters_ShouldCallGenerateTypeDefinintionParametersWithCorrectPrefix_WhenThereAreTypeDefinitions" storage="d:\actions-runner\_work\xpco\xpco\allsolutions\..\mip\platformplugin\videoos.platform\unittest\bin\debug\net6.0-windows\videoos.platform.tests.dll" id="ebd03c2f-6c76-bcbc-d996-078d887dfa19">
      <Execution id="665dfbb2-5ba6-4341-b142-14023ca004f6" />
      <TestMethod codeBase="D:\actions-runner\_work\XPCO\XPCO\AllSolutions\..\MIP\PlatformPlugin\VideoOS.Platform\unittest\bin\Debug\net6.0-windows\VideoOS.Platform.Tests.dll" adapterTypeName="executor://mstestadapter/v2" className="VideoOS.Platform.Tests.Data.MetadataDeviceDefintionTests" name="GenerateDeviceParameters_ShouldCallGenerateTypeDefinintionParametersWithCorrectPrefix_WhenThereAreTypeDefinitions" />
    </UnitTest>
    <UnitTest name="ReadXml_ShouldReadVideoAnalysticsChildren_WhenMultipleChildrenIsPresent" storage="d:\actions-runner\_work\xpco\xpco\allsolutions\..\mip\platformplugin\videoos.platform\unittest\bin\debug\net6.0-windows\videoos.platform.tests.dll" id="58908065-853e-c4d9-3613-bc3198b1cc08">
      <Execution id="79ad51e2-7d97-4111-92cf-24df1ff92117" />
      <TestMethod codeBase="D:\actions-runner\_work\XPCO\XPCO\AllSolutions\..\MIP\PlatformPlugin\VideoOS.Platform\unittest\bin\Debug\net6.0-windows\VideoOS.Platform.Tests.dll" adapterTypeName="executor://mstestadapter/v2" className="VideoOS.Platform.Tests.Metadata.MetadataStreamTests" name="ReadXml_ShouldReadVideoAnalysticsChildren_WhenMultipleChildrenIsPresent" />
    </UnitTest>
    <UnitTest name="GetBoundingShapesAsync_SingleInvocation_DelegatedToInternalMethod" storage="d:\actions-runner\_work\xpco\xpco\allsolutions\..\mip\platformplugin\videoos.platform\unittest\bin\debug\net6.0-windows\videoos.platform.tests.dll" id="7b3048fa-a67c-dc66-afa0-4a605a32dbf4">
      <TestCategory>
        <TestCategoryItem TestCategory="Search" />
      </TestCategory>
      <Execution id="f3711881-0569-428b-b751-e8264f92f4ff" />
      <TestMethod codeBase="D:\actions-runner\_work\XPCO\XPCO\AllSolutions\..\MIP\PlatformPlugin\VideoOS.Platform\unittest\bin\Debug\net6.0-windows\VideoOS.Platform.Tests.dll" adapterTypeName="executor://mstestadapter/v2" className="VideoOS.Platform.Tests.Search.SearchResultDataTest" name="GetBoundingShapesAsync_SingleInvocation_DelegatedToInternalMethod" />
    </UnitTest>
    <UnitTest name="ConstructorRgb_ShouldReturnCorrectRgbValues_Always" storage="d:\actions-runner\_work\xpco\xpco\allsolutions\..\mip\platformplugin\videoos.platform\unittest\bin\debug\net6.0-windows\videoos.platform.tests.dll" id="a161a748-55e5-1a5b-e899-d06d498d802c">
      <Execution id="9c71c488-2529-449a-802b-e0767025f6e5" />
      <TestMethod codeBase="D:\actions-runner\_work\XPCO\XPCO\AllSolutions\..\MIP\PlatformPlugin\VideoOS.Platform\unittest\bin\Debug\net6.0-windows\VideoOS.Platform.Tests.dll" adapterTypeName="executor://mstestadapter/v2" className="VideoOS.Platform.Tests.Metadata.DisplayColorTests" name="ConstructorRgb_ShouldReturnCorrectRgbValues_Always" />
    </UnitTest>
    <UnitTest name="SearchResultData_WarningText_Success" storage="d:\actions-runner\_work\xpco\xpco\allsolutions\..\mip\platformplugin\videoos.platform\unittest\bin\debug\net6.0-windows\videoos.platform.tests.dll" id="22aaf792-b28c-0483-2284-13d7b20de4b8">
      <TestCategory>
        <TestCategoryItem TestCategory="Search" />
      </TestCategory>
      <Execution id="ea19a2f6-c316-4755-a1c6-324dc9a3bd78" />
      <TestMethod codeBase="D:\actions-runner\_work\XPCO\XPCO\AllSolutions\..\MIP\PlatformPlugin\VideoOS.Platform\unittest\bin\Debug\net6.0-windows\VideoOS.Platform.Tests.dll" adapterTypeName="executor://mstestadapter/v2" className="VideoOS.Platform.Tests.Search.SearchResultDataTest" name="SearchResultData_WarningText_Success" />
    </UnitTest>
    <UnitTest name="EqualGuids_Fail_OnServerIdId" storage="d:\actions-runner\_work\xpco\xpco\allsolutions\..\mip\platformplugin\videoos.platform\unittest\bin\debug\net6.0-windows\videoos.platform.tests.dll" id="b8b5d1da-4dc1-76f1-a2bd-31503c4d0668">
      <Execution id="0122f31b-9f9d-4538-94f9-59325779205e" />
      <TestMethod codeBase="D:\actions-runner\_work\XPCO\XPCO\AllSolutions\..\MIP\PlatformPlugin\VideoOS.Platform\unittest\bin\Debug\net6.0-windows\VideoOS.Platform.Tests.dll" adapterTypeName="executor://mstestadapter/v2" className="VideoOS.Platform.Tests.FQIDtests" name="EqualGuids_Fail_OnServerIdId" />
    </UnitTest>
    <UnitTest name="TestCancelSearch_DefinitionNotRespectingCancellation_Success" storage="d:\actions-runner\_work\xpco\xpco\allsolutions\..\mip\platformplugin\videoos.platform\unittest\bin\debug\net6.0-windows\videoos.platform.tests.dll" id="f880bae4-ac7b-09b5-228d-aaaa54c0b1c6">
      <TestCategory>
        <TestCategoryItem TestCategory="Search" />
      </TestCategory>
      <Execution id="8a2697fa-a20d-463b-a945-5deff30b0cdf" />
      <TestMethod codeBase="D:\actions-runner\_work\XPCO\XPCO\AllSolutions\..\MIP\PlatformPlugin\VideoOS.Platform\unittest\bin\Debug\net6.0-windows\VideoOS.Platform.Tests.dll" adapterTypeName="executor://mstestadapter/v2" className="VideoOS.Platform.Tests.Search.SearchManagerTest" name="TestCancelSearch_DefinitionNotRespectingCancellation_Success" />
    </UnitTest>
    <UnitTest name="ReadXml_ShouldLogWarningTwiceWhenMoreThanOneMinuteBetweenWarnings_WhenRequiredAttributeIsMissing" storage="d:\actions-runner\_work\xpco\xpco\allsolutions\..\mip\platformplugin\videoos.platform\unittest\bin\debug\net6.0-windows\videoos.platform.tests.dll" id="a513f6d4-cac8-7139-d5eb-18e28868b5e3">
      <Execution id="1f711ac7-4eb1-4313-84b7-457e32f3fe76" />
      <TestMethod codeBase="D:\actions-runner\_work\XPCO\XPCO\AllSolutions\..\MIP\PlatformPlugin\VideoOS.Platform\unittest\bin\Debug\net6.0-windows\VideoOS.Platform.Tests.dll" adapterTypeName="executor://mstestadapter/v2" className="VideoOS.Platform.Tests.Metadata.FrameTests" name="ReadXml_ShouldLogWarningTwiceWhenMoreThanOneMinuteBetweenWarnings_WhenRequiredAttributeIsMissing" />
    </UnitTest>
    <UnitTest name="GetNearest_ShouldReturnLastElementFromToolkitResponse_WhenTimestampIsAfterLastElementInResponse" storage="d:\actions-runner\_work\xpco\xpco\allsolutions\..\mip\platformplugin\videoos.platform\unittest\bin\debug\net6.0-windows\videoos.platform.tests.dll" id="1f165af9-b6e7-bd17-1c06-1628746543b3">
      <Execution id="d6faada2-8da9-429e-9341-a25a0fb6e612" />
      <TestMethod codeBase="D:\actions-runner\_work\XPCO\XPCO\AllSolutions\..\MIP\PlatformPlugin\VideoOS.Platform\unittest\bin\Debug\net6.0-windows\VideoOS.Platform.Tests.dll" adapterTypeName="executor://mstestadapter/v2" className="VideoOS.Platform.Tests.Data.MetadataPlaybackSourceTests" name="GetNearest_ShouldReturnLastElementFromToolkitResponse_WhenTimestampIsAfterLastElementInResponse" />
    </UnitTest>
    <UnitTest name="ReadXml_ShouldLogWarningTwiceWhenMoreThanOneMinuteBetweenWarnings_WhenRequiredAttributeIsMissing" storage="d:\actions-runner\_work\xpco\xpco\allsolutions\..\mip\platformplugin\videoos.platform\unittest\bin\debug\net6.0-windows\videoos.platform.tests.dll" id="0fd399d2-70b7-1bf0-1292-5d37ff538834">
      <Execution id="daa26169-0e2e-4085-9824-ba9a0fe069d8" />
      <TestMethod codeBase="D:\actions-runner\_work\XPCO\XPCO\AllSolutions\..\MIP\PlatformPlugin\VideoOS.Platform\unittest\bin\Debug\net6.0-windows\VideoOS.Platform.Tests.dll" adapterTypeName="executor://mstestadapter/v2" className="VideoOS.Platform.Tests.Metadata.VectorTests" name="ReadXml_ShouldLogWarningTwiceWhenMoreThanOneMinuteBetweenWarnings_WhenRequiredAttributeIsMissing" />
    </UnitTest>
    <UnitTest name="ReadXml_ShouldReadBoundingBox_WhenBoundingBoxIsPresent" storage="d:\actions-runner\_work\xpco\xpco\allsolutions\..\mip\platformplugin\videoos.platform\unittest\bin\debug\net6.0-windows\videoos.platform.tests.dll" id="bc614819-04cb-60f8-8b25-b74350480ed8">
      <Execution id="57b69605-b9c6-4ce7-9588-860917e6cceb" />
      <TestMethod codeBase="D:\actions-runner\_work\XPCO\XPCO\AllSolutions\..\MIP\PlatformPlugin\VideoOS.Platform\unittest\bin\Debug\net6.0-windows\VideoOS.Platform.Tests.dll" adapterTypeName="executor://mstestadapter/v2" className="VideoOS.Platform.Tests.Metadata.ShapeTests" name="ReadXml_ShouldReadBoundingBox_WhenBoundingBoxIsPresent" />
    </UnitTest>
    <UnitTest name="ReadXml_ShouldLogWarningTwiceWhenMoreThanOneMinuteBetweenWarnings_WhenShapeIsInvalid" storage="d:\actions-runner\_work\xpco\xpco\allsolutions\..\mip\platformplugin\videoos.platform\unittest\bin\debug\net6.0-windows\videoos.platform.tests.dll" id="fcb2e7e1-0793-e6c2-facd-27bc28ca1cfb">
      <Execution id="e144ffdf-8e58-4a10-be7d-6205939db028" />
      <TestMethod codeBase="D:\actions-runner\_work\XPCO\XPCO\AllSolutions\..\MIP\PlatformPlugin\VideoOS.Platform\unittest\bin\Debug\net6.0-windows\VideoOS.Platform.Tests.dll" adapterTypeName="executor://mstestadapter/v2" className="VideoOS.Platform.Tests.Metadata.AppearanceTests" name="ReadXml_ShouldLogWarningTwiceWhenMoreThanOneMinuteBetweenWarnings_WhenShapeIsInvalid" />
    </UnitTest>
    <UnitTest name="OnSearchResultsReady_EmptyArgument_SearchResultReadyEventNotFired" storage="d:\actions-runner\_work\xpco\xpco\allsolutions\..\mip\platformplugin\videoos.platform\unittest\bin\debug\net6.0-windows\videoos.platform.tests.dll" id="582a166b-52fa-3ee8-5316-b4af9ef88ed9">
      <TestCategory>
        <TestCategoryItem TestCategory="Search" />
      </TestCategory>
      <Execution id="c2e90352-0bb8-43bd-af67-1fe590050f84" />
      <TestMethod codeBase="D:\actions-runner\_work\XPCO\XPCO\AllSolutions\..\MIP\PlatformPlugin\VideoOS.Platform\unittest\bin\Debug\net6.0-windows\VideoOS.Platform.Tests.dll" adapterTypeName="executor://mstestadapter/v2" className="VideoOS.Platform.Tests.Search.SearchDefinitionTest" name="OnSearchResultsReady_EmptyArgument_SearchResultReadyEventNotFired" />
    </UnitTest>
    <UnitTest name="Contains_CameraObjectId_Checked" storage="d:\actions-runner\_work\xpco\xpco\allsolutions\..\mip\platformplugin\videoos.platform\unittest\bin\debug\net6.0-windows\videoos.platform.tests.dll" id="c639d279-f201-87fa-87e4-d4046a905790">
      <Execution id="1525b3f2-e5cb-47b9-9c9b-fd5df4b0d548" />
      <TestMethod codeBase="D:\actions-runner\_work\XPCO\XPCO\AllSolutions\..\MIP\PlatformPlugin\VideoOS.Platform\unittest\bin\Debug\net6.0-windows\VideoOS.Platform.Tests.dll" adapterTypeName="executor://mstestadapter/v2" className="VideoOS.Platform.Tests.FQIDtests" name="Contains_CameraObjectId_Checked" />
    </UnitTest>
    <UnitTest name="GetClientAsync_StartsClient_WhenFirst" storage="d:\actions-runner\_work\xpco\xpco\allsolutions\..\mip\platformplugin\videoos.platform\unittest\bin\debug\net6.0-windows\videoos.platform.tests.dll" id="e56c92d2-c559-22db-a2e2-d0987b0def17">
      <Execution id="43dd82c2-bd54-48ad-a305-1041a7a94eec" />
      <TestMethod codeBase="D:\actions-runner\_work\XPCO\XPCO\AllSolutions\..\MIP\PlatformPlugin\VideoOS.Platform\unittest\bin\Debug\net6.0-windows\VideoOS.Platform.Tests.dll" adapterTypeName="executor://mstestadapter/v2" className="VideoOS.Platform.Tests.Messaging.MessageClientManagerTests" name="GetClientAsync_StartsClient_WhenFirst" />
    </UnitTest>
    <UnitTest name="GetPopulatedItems_NoChildren_NoChildrenAdded" storage="d:\actions-runner\_work\xpco\xpco\allsolutions\..\mip\platformplugin\videoos.platform\unittest\bin\debug\net6.0-windows\videoos.platform.tests.dll" id="a8ff7a29-8845-1919-c693-2698cf30e949">
      <Execution id="43a050a0-91a7-4278-a43d-b6c009779a6e" />
      <TestMethod codeBase="D:\actions-runner\_work\XPCO\XPCO\AllSolutions\..\MIP\PlatformPlugin\VideoOS.Platform\unittest\bin\Debug\net6.0-windows\VideoOS.Platform.Tests.dll" adapterTypeName="executor://mstestadapter/v2" className="VideoOS.Platform.Tests.UI.ItemPicker.PopulateThreadTest" name="GetPopulatedItems_NoChildren_NoChildrenAdded" />
    </UnitTest>
    <UnitTest name="CountByCounter_Activated_OK" storage="d:\actions-runner\_work\xpco\xpco\allsolutions\..\mip\platformplugin\videoos.platform\unittest\bin\debug\net6.0-windows\videoos.platform.tests.dll" id="b8276ba3-7850-cbef-143f-fbd86d2ed190">
      <Execution id="43313eba-0ad3-4e96-8c19-3f4c6fd7e72c" />
      <TestMethod codeBase="D:\actions-runner\_work\XPCO\XPCO\AllSolutions\..\MIP\PlatformPlugin\VideoOS.Platform\unittest\bin\Debug\net6.0-windows\VideoOS.Platform.Tests.dll" adapterTypeName="executor://mstestadapter/v2" className="VideoOS.Platform.Tests.License.ResolvedLicenseCountTest" name="CountByCounter_Activated_OK" />
    </UnitTest>
    <UnitTest name="FindCacheEntryBefore_ShuldReturnEntryBeforeTimeStamp_WhenThereIsAnEntryBeforeTheTimestamp" storage="d:\actions-runner\_work\xpco\xpco\allsolutions\..\mip\platformplugin\videoos.platform\unittest\bin\debug\net6.0-windows\videoos.platform.tests.dll" id="90432d5a-5fa4-a037-9446-73f5d0f5dd30">
      <Execution id="98b4d96d-b4d6-49c7-8559-ff325933f9ff" />
      <TestMethod codeBase="D:\actions-runner\_work\XPCO\XPCO\AllSolutions\..\MIP\PlatformPlugin\VideoOS.Platform\unittest\bin\Debug\net6.0-windows\VideoOS.Platform.Tests.dll" adapterTypeName="executor://mstestadapter/v2" className="VideoOS.Platform.Tests.Data.MetadataCacheTests" name="FindCacheEntryBefore_ShuldReturnEntryBeforeTimeStamp_WhenThereIsAnEntryBeforeTheTimestamp" />
    </UnitTest>
    <UnitTest name="ReadXml_ShouldReadObject_WhenObjectIsPresent" storage="d:\actions-runner\_work\xpco\xpco\allsolutions\..\mip\platformplugin\videoos.platform\unittest\bin\debug\net6.0-windows\videoos.platform.tests.dll" id="45a1237f-8398-1e96-4a23-b6a235238101">
      <Execution id="cd6abed2-eadb-4701-806d-87de32036162" />
      <TestMethod codeBase="D:\actions-runner\_work\XPCO\XPCO\AllSolutions\..\MIP\PlatformPlugin\VideoOS.Platform\unittest\bin\Debug\net6.0-windows\VideoOS.Platform.Tests.dll" adapterTypeName="executor://mstestadapter/v2" className="VideoOS.Platform.Tests.Metadata.FrameTests" name="ReadXml_ShouldReadObject_WhenObjectIsPresent" />
    </UnitTest>
    <UnitTest name="SetCacheContents_ShuldSortEntriesAccordingToData_WhenAlways" storage="d:\actions-runner\_work\xpco\xpco\allsolutions\..\mip\platformplugin\videoos.platform\unittest\bin\debug\net6.0-windows\videoos.platform.tests.dll" id="4ebf288a-b726-10f1-5f92-94533ac346f1">
      <Execution id="8cb97adb-c659-4c5e-8544-1d0a41f5844e" />
      <TestMethod codeBase="D:\actions-runner\_work\XPCO\XPCO\AllSolutions\..\MIP\PlatformPlugin\VideoOS.Platform\unittest\bin\Debug\net6.0-windows\VideoOS.Platform.Tests.dll" adapterTypeName="executor://mstestadapter/v2" className="VideoOS.Platform.Tests.Data.MetadataCacheTests" name="SetCacheContents_ShuldSortEntriesAccordingToData_WhenAlways" />
    </UnitTest>
    <UnitTest name="IsEmptyValue_StringFilterValue_WithCharacters_ReturnsFalse" storage="d:\actions-runner\_work\xpco\xpco\allsolutions\..\mip\platformplugin\videoos.platform\unittest\bin\debug\net6.0-windows\videoos.platform.tests.dll" id="fc700c0a-f7f2-a9aa-c628-23e607736cb2">
      <TestCategory>
        <TestCategoryItem TestCategory="Search" />
      </TestCategory>
      <Execution id="659efefe-d0cb-42a1-9b52-df541480ff54" />
      <TestMethod codeBase="D:\actions-runner\_work\XPCO\XPCO\AllSolutions\..\MIP\PlatformPlugin\VideoOS.Platform\unittest\bin\Debug\net6.0-windows\VideoOS.Platform.Tests.dll" adapterTypeName="executor://mstestadapter/v2" className="VideoOS.Platform.Tests.Search.SearchFilterTest" name="IsEmptyValue_StringFilterValue_WithCharacters_ReturnsFalse" />
    </UnitTest>
    <UnitTest name="Enqueue_Success" storage="d:\actions-runner\_work\xpco\xpco\allsolutions\..\mip\platformplugin\videoos.platform\unittest\bin\debug\net6.0-windows\videoos.platform.tests.dll" id="53b81941-356a-16a1-a951-ad2b635230e2">
      <Execution id="f72f590f-c3cb-4c6b-914a-674065a772d1" />
      <TestMethod codeBase="D:\actions-runner\_work\XPCO\XPCO\AllSolutions\..\MIP\PlatformPlugin\VideoOS.Platform\unittest\bin\Debug\net6.0-windows\VideoOS.Platform.Tests.dll" adapterTypeName="executor://mstestadapter/v2" className="VideoOS.Platform.Tests.Util.Queue.ConcurrentQueueSlimTests" name="Enqueue_Success" />
    </UnitTest>
    <UnitTest name="Serialize_TestCases (TestParentTypeMatchStringNotThisTypeNotMatched)" storage="d:\actions-runner\_work\xpco\xpco\allsolutions\..\mip\platformplugin\videoos.platform\unittest\bin\debug\net6.0-windows\videoos.platform.tests.dll" id="cc815387-ccd0-3c89-25da-05420b40ed9e">
      <Execution id="69f91939-4422-4199-9f4c-e7e6ca64e2ee" />
      <TestMethod codeBase="D:\actions-runner\_work\XPCO\XPCO\AllSolutions\..\MIP\PlatformPlugin\VideoOS.Platform\unittest\bin\Debug\net6.0-windows\VideoOS.Platform.Tests.dll" adapterTypeName="executor://mstestadapter/v2" className="VideoOS.Platform.Tests.UI.Controls.Automation.Serialization.AutomationObjectSerializerTest" name="Serialize_TestCases" />
    </UnitTest>
    <UnitTest name="GetBoundingShapesAsync_ClearCachedData_DelegatedToInternalMethodTwice" storage="d:\actions-runner\_work\xpco\xpco\allsolutions\..\mip\platformplugin\videoos.platform\unittest\bin\debug\net6.0-windows\videoos.platform.tests.dll" id="fcc01d6e-2b82-f145-070c-31467e83d08e">
      <TestCategory>
        <TestCategoryItem TestCategory="Search" />
      </TestCategory>
      <Execution id="886b3775-eb0f-4400-8441-768699523878" />
      <TestMethod codeBase="D:\actions-runner\_work\XPCO\XPCO\AllSolutions\..\MIP\PlatformPlugin\VideoOS.Platform\unittest\bin\Debug\net6.0-windows\VideoOS.Platform.Tests.dll" adapterTypeName="executor://mstestadapter/v2" className="VideoOS.Platform.Tests.Search.SearchResultDataTest" name="GetBoundingShapesAsync_ClearCachedData_DelegatedToInternalMethodTwice" />
    </UnitTest>
    <UnitTest name="Serialize_TestCases (TestParentAllPrimitiveProperties)" storage="d:\actions-runner\_work\xpco\xpco\allsolutions\..\mip\platformplugin\videoos.platform\unittest\bin\debug\net6.0-windows\videoos.platform.tests.dll" id="7362e8b4-4f55-1d2e-3400-f910faa86461">
      <Execution id="2c309b42-8333-41d1-822c-38ff0cdd51f5" />
      <TestMethod codeBase="D:\actions-runner\_work\XPCO\XPCO\AllSolutions\..\MIP\PlatformPlugin\VideoOS.Platform\unittest\bin\Debug\net6.0-windows\VideoOS.Platform.Tests.dll" adapterTypeName="executor://mstestadapter/v2" className="VideoOS.Platform.Tests.UI.Controls.Automation.Serialization.AutomationObjectSerializerTest" name="Serialize_TestCases" />
    </UnitTest>
    <UnitTest name="Stop_ProcessItemThrowsException_ProcessorSurvives" storage="d:\actions-runner\_work\xpco\xpco\allsolutions\..\mip\platformplugin\videoos.platform\unittest\bin\debug\net6.0-windows\videoos.platform.tests.dll" id="1c54ef9e-0fd3-3065-2074-36e139afc976">
      <Execution id="bf4604d4-8a00-4351-9f81-f2232e9d584b" />
      <TestMethod codeBase="D:\actions-runner\_work\XPCO\XPCO\AllSolutions\..\MIP\PlatformPlugin\VideoOS.Platform\unittest\bin\Debug\net6.0-windows\VideoOS.Platform.Tests.dll" adapterTypeName="executor://mstestadapter/v2" className="VideoOS.Platform.Tests.Util.Queue.ResourceProcessorTests" name="Stop_ProcessItemThrowsException_ProcessorSurvives" />
    </UnitTest>
    <UnitTest name="Decrypt_ShouldThrowMIPException_WhenCryptographicServiceProviderIsNotAvailable" storage="d:\actions-runner\_work\xpco\xpco\allsolutions\..\mip\platformplugin\videoos.platform\unittest\bin\debug\net6.0-windows\videoos.platform.tests.dll" id="9bb96261-1701-74be-ae73-ef01ff852954">
      <Execution id="7db64d9c-0335-4690-9e31-66a7786a365f" />
      <TestMethod codeBase="D:\actions-runner\_work\XPCO\XPCO\AllSolutions\..\MIP\PlatformPlugin\VideoOS.Platform\unittest\bin\Debug\net6.0-windows\VideoOS.Platform.Tests.dll" adapterTypeName="executor://mstestadapter/v2" className="VideoOS.Platform.Tests.License.NonFipsLicenseCompatibilityHandlerTests" name="Decrypt_ShouldThrowMIPException_WhenCryptographicServiceProviderIsNotAvailable" />
    </UnitTest>
    <UnitTest name="TestCreateSearchDefinition_Success" storage="d:\actions-runner\_work\xpco\xpco\allsolutions\..\mip\platformplugin\videoos.platform\unittest\bin\debug\net6.0-windows\videoos.platform.tests.dll" id="be3b82dd-8df9-5360-ff99-6eca540698eb">
      <TestCategory>
        <TestCategoryItem TestCategory="Search" />
      </TestCategory>
      <Execution id="fbef149e-ee65-4c74-b36a-e07ab4459933" />
      <TestMethod codeBase="D:\actions-runner\_work\XPCO\XPCO\AllSolutions\..\MIP\PlatformPlugin\VideoOS.Platform\unittest\bin\Debug\net6.0-windows\VideoOS.Platform.Tests.dll" adapterTypeName="executor://mstestadapter/v2" className="VideoOS.Platform.Tests.Search.SearchManagerTest" name="TestCreateSearchDefinition_Success" />
    </UnitTest>
    <UnitTest name="ReadXml_ShouldLogWarningOnlyOnceWithinOneMinute_WhenIncompleteTranslateIsPresent" storage="d:\actions-runner\_work\xpco\xpco\allsolutions\..\mip\platformplugin\videoos.platform\unittest\bin\debug\net6.0-windows\videoos.platform.tests.dll" id="8f08ea31-2511-c2ee-1c5b-8c8ed224c8f7">
      <Execution id="8a9702cd-885e-4807-95b3-8c7f42a75a3b" />
      <TestMethod codeBase="D:\actions-runner\_work\XPCO\XPCO\AllSolutions\..\MIP\PlatformPlugin\VideoOS.Platform\unittest\bin\Debug\net6.0-windows\VideoOS.Platform.Tests.dll" adapterTypeName="executor://mstestadapter/v2" className="VideoOS.Platform.Tests.Metadata.TransformationTests" name="ReadXml_ShouldLogWarningOnlyOnceWithinOneMinute_WhenIncompleteTranslateIsPresent" />
    </UnitTest>
    <UnitTest name="BuildShapeOverlayWidthHeightAnalyticsObjectListRuleList_ShouldReturnCorrectNumberOfShapes" storage="d:\actions-runner\_work\xpco\xpco\allsolutions\..\mip\platformplugin\videoos.platform\unittest\bin\debug\net6.0-windows\videoos.platform.tests.dll" id="3b434787-ec68-61e4-18d4-15e26b84b874">
      <Execution id="bcfa9bda-88ca-4764-8344-a4f563c90103" />
      <TestMethod codeBase="D:\actions-runner\_work\XPCO\XPCO\AllSolutions\..\MIP\PlatformPlugin\VideoOS.Platform\unittest\bin\Debug\net6.0-windows\VideoOS.Platform.Tests.dll" adapterTypeName="executor://mstestadapter/v2" className="VideoOS.Platform.Tests.Util.AnalyticsOverlayBuilderTests" name="BuildShapeOverlayWidthHeightAnalyticsObjectListRuleList_ShouldReturnCorrectNumberOfShapes" />
    </UnitTest>
    <UnitTest name="SplitString_When2Levels_CountsLastSeparator" storage="d:\actions-runner\_work\xpco\xpco\allsolutions\..\mip\platformplugin\videoos.platform\unittest\bin\debug\net6.0-windows\videoos.platform.tests.dll" id="d3aac1dd-0f5d-4d1a-ac7a-ab3b6af2bff9">
      <Execution id="15b21796-7d43-40a6-a6e8-7e950a4f9d27" />
      <TestMethod codeBase="D:\actions-runner\_work\XPCO\XPCO\AllSolutions\..\MIP\PlatformPlugin\VideoOS.Platform\unittest\bin\Debug\net6.0-windows\VideoOS.Platform.Tests.dll" adapterTypeName="executor://mstestadapter/v2" className="VideoOS.Platform.Tests.Util.StringSplitterTests" name="SplitString_When2Levels_CountsLastSeparator" />
    </UnitTest>
    <UnitTest name="GetExpectedToken_ShouldReturnSHA256_WhenInputTokenHashTypeIsSHA256" storage="d:\actions-runner\_work\xpco\xpco\allsolutions\..\mip\platformplugin\videoos.platform\unittest\bin\debug\net6.0-windows\videoos.platform.tests.dll" id="ad88d97c-caee-1d9c-2151-7b83477290c3">
      <Execution id="c5dc82b4-c882-40ec-ad30-bcec5a686ae2" />
      <TestMethod codeBase="D:\actions-runner\_work\XPCO\XPCO\AllSolutions\..\MIP\PlatformPlugin\VideoOS.Platform\unittest\bin\Debug\net6.0-windows\VideoOS.Platform.Tests.dll" adapterTypeName="executor://mstestadapter/v2" className="VideoOS.Platform.Tests.Data.MediaProviderInternal.UtilityTests" name="GetExpectedToken_ShouldReturnSHA256_WhenInputTokenHashTypeIsSHA256" />
    </UnitTest>
    <UnitTest name="ToJson_IntElement_Exception" storage="d:\actions-runner\_work\xpco\xpco\allsolutions\..\mip\platformplugin\videoos.platform\unittest\bin\debug\net6.0-windows\videoos.platform.tests.dll" id="79ed88f2-f433-a4e4-a0f7-7ec8b906db54">
      <Execution id="ca62ffdd-f0bd-4d68-93cb-b6484b18acaa" />
      <TestMethod codeBase="D:\actions-runner\_work\XPCO\XPCO\AllSolutions\..\MIP\PlatformPlugin\VideoOS.Platform\unittest\bin\Debug\net6.0-windows\VideoOS.Platform.Tests.dll" adapterTypeName="executor://mstestadapter/v2" className="VideoOS.Platform.Tests.Proxy.RestApi.JsonReaderTests" name="ToJson_IntElement_Exception" />
    </UnitTest>
    <UnitTest name="ReadXml_ShouldReadFontFamilyAttribute_WhenPresent" storage="d:\actions-runner\_work\xpco\xpco\allsolutions\..\mip\platformplugin\videoos.platform\unittest\bin\debug\net6.0-windows\videoos.platform.tests.dll" id="43fa12a9-d1b1-aa83-498c-58e3064824e3">
      <Execution id="e3a4607a-9fe0-419d-bb80-7fc788d01637" />
      <TestMethod codeBase="D:\actions-runner\_work\XPCO\XPCO\AllSolutions\..\MIP\PlatformPlugin\VideoOS.Platform\unittest\bin\Debug\net6.0-windows\VideoOS.Platform.Tests.dll" adapterTypeName="executor://mstestadapter/v2" className="VideoOS.Platform.Tests.Metadata.DisplayTextTests" name="ReadXml_ShouldReadFontFamilyAttribute_WhenPresent" />
    </UnitTest>
    <UnitTest name="ReadXml_ShouldIgnoreUnknownLikelihoodChildren_WhenUnknownLikelihoodChildrenArePresent" storage="d:\actions-runner\_work\xpco\xpco\allsolutions\..\mip\platformplugin\videoos.platform\unittest\bin\debug\net6.0-windows\videoos.platform.tests.dll" id="a0064dcf-0da1-ba4b-2406-1e7e76d7ad3a">
      <Execution id="4379b653-126c-4780-8f07-8153830db5c0" />
      <TestMethod codeBase="D:\actions-runner\_work\XPCO\XPCO\AllSolutions\..\MIP\PlatformPlugin\VideoOS.Platform\unittest\bin\Debug\net6.0-windows\VideoOS.Platform.Tests.dll" adapterTypeName="executor://mstestadapter/v2" className="VideoOS.Platform.Tests.Metadata.ClassCandidateTests" name="ReadXml_ShouldIgnoreUnknownLikelihoodChildren_WhenUnknownLikelihoodChildrenArePresent" />
    </UnitTest>
    <UnitTest name="Parse_Double_Simple" storage="d:\actions-runner\_work\xpco\xpco\allsolutions\..\mip\platformplugin\videoos.platform\unittest\bin\debug\net6.0-windows\videoos.platform.tests.dll" id="b837ebc0-f7ad-c47b-17b8-8695813cd0ae">
      <Execution id="181f8fcd-4df0-4c09-b23b-1e3a3ffd5c44" />
      <TestMethod codeBase="D:\actions-runner\_work\XPCO\XPCO\AllSolutions\..\MIP\PlatformPlugin\VideoOS.Platform\unittest\bin\Debug\net6.0-windows\VideoOS.Platform.Tests.dll" adapterTypeName="executor://mstestadapter/v2" className="VideoOS.Platform.Tests.Proxy.RestApi.JsonReaderTests" name="Parse_Double_Simple" />
    </UnitTest>
    <UnitTest name="Construction_ParamNullCheck" storage="d:\actions-runner\_work\xpco\xpco\allsolutions\..\mip\platformplugin\videoos.platform\unittest\bin\debug\net6.0-windows\videoos.platform.tests.dll" id="b033676b-8032-936f-8e94-1ff7304e27d8">
      <Execution id="2e4bffd5-07b2-4769-90a3-09f958e7a281" />
      <TestMethod codeBase="D:\actions-runner\_work\XPCO\XPCO\AllSolutions\..\MIP\PlatformPlugin\VideoOS.Platform\unittest\bin\Debug\net6.0-windows\VideoOS.Platform.Tests.dll" adapterTypeName="executor://mstestadapter/v2" className="VideoOS.Platform.Tests.Proxy.RestApi.JsonReaderTests" name="Construction_ParamNullCheck" />
    </UnitTest>
    <UnitTest name="Parse_Strings" storage="d:\actions-runner\_work\xpco\xpco\allsolutions\..\mip\platformplugin\videoos.platform\unittest\bin\debug\net6.0-windows\videoos.platform.tests.dll" id="f408475e-6fb9-6a1c-14aa-10ca58ac105c">
      <Execution id="7e841dfb-b1f7-4341-bca6-e4eec8c33fe1" />
      <TestMethod codeBase="D:\actions-runner\_work\XPCO\XPCO\AllSolutions\..\MIP\PlatformPlugin\VideoOS.Platform\unittest\bin\Debug\net6.0-windows\VideoOS.Platform.Tests.dll" adapterTypeName="executor://mstestadapter/v2" className="VideoOS.Platform.Tests.Proxy.RestApi.JsonReaderTests" name="Parse_Strings" />
    </UnitTest>
    <UnitTest name="OverlapsWith_ShouldReturnFalse_WhenArgumenStartIsEqualToEnd" storage="d:\actions-runner\_work\xpco\xpco\allsolutions\..\mip\platformplugin\videoos.platform\unittest\bin\debug\net6.0-windows\videoos.platform.tests.dll" id="447829a4-f86b-01dd-760a-c4052e1b005d">
      <Execution id="8cbd49ea-ad36-414d-ae34-fdda5c454146" />
      <TestMethod codeBase="D:\actions-runner\_work\XPCO\XPCO\AllSolutions\..\MIP\PlatformPlugin\VideoOS.Platform\unittest\bin\Debug\net6.0-windows\VideoOS.Platform.Tests.dll" adapterTypeName="executor://mstestadapter/v2" className="VideoOS.Platform.Tests.Util.TimeIntervalTests" name="OverlapsWith_ShouldReturnFalse_WhenArgumenStartIsEqualToEnd" />
    </UnitTest>
    <UnitTest name="SearializePlusDeserialize_NestedArrayObject_ShouldResultInSameString" storage="d:\actions-runner\_work\xpco\xpco\allsolutions\..\mip\platformplugin\videoos.platform\unittest\bin\debug\net6.0-windows\videoos.platform.tests.dll" id="76e6ff63-d7eb-f665-d9fe-8f8739285ff9">
      <Execution id="ec379c51-9cf9-4b4b-8ebe-f40ded4fd8b0" />
      <TestMethod codeBase="D:\actions-runner\_work\XPCO\XPCO\AllSolutions\..\MIP\PlatformPlugin\VideoOS.Platform\unittest\bin\Debug\net6.0-windows\VideoOS.Platform.Tests.dll" adapterTypeName="executor://mstestadapter/v2" className="VideoOS.Platform.Tests.Proxy.RestApi.JsonObjectTests" name="SearializePlusDeserialize_NestedArrayObject_ShouldResultInSameString" />
    </UnitTest>
    <UnitTest name="RemoveItem_AnalyticsEvent_Fail" storage="d:\actions-runner\_work\xpco\xpco\allsolutions\..\mip\platformplugin\videoos.platform\unittest\bin\debug\net6.0-windows\videoos.platform.tests.dll" id="f8ca46c0-8edb-350c-aedc-71898e183163">
      <Execution id="8d5981c5-67c9-4401-93fb-037003c64006" />
      <TestMethod codeBase="D:\actions-runner\_work\XPCO\XPCO\AllSolutions\..\MIP\PlatformPlugin\VideoOS.Platform\unittest\bin\Debug\net6.0-windows\VideoOS.Platform.Tests.dll" adapterTypeName="executor://mstestadapter/v2" className="VideoOS.Platform.Tests.Proxy.RestApi.RestApiClientDecoratorTests" name="RemoveItem_AnalyticsEvent_Fail" />
    </UnitTest>
    <UnitTest name="RemoveFilterValue_OnlyValue_Success" storage="d:\actions-runner\_work\xpco\xpco\allsolutions\..\mip\platformplugin\videoos.platform\unittest\bin\debug\net6.0-windows\videoos.platform.tests.dll" id="4f18dfe5-cbdb-3f59-ec1a-7c24c2cc1db1">
      <TestCategory>
        <TestCategoryItem TestCategory="Search" />
      </TestCategory>
      <Execution id="16c71b55-60cd-45e6-afaf-5856c33138ae" />
      <TestMethod codeBase="D:\actions-runner\_work\XPCO\XPCO\AllSolutions\..\MIP\PlatformPlugin\VideoOS.Platform\unittest\bin\Debug\net6.0-windows\VideoOS.Platform.Tests.dll" adapterTypeName="executor://mstestadapter/v2" className="VideoOS.Platform.Tests.Search.SearchCriteriaTest" name="RemoveFilterValue_OnlyValue_Success" />
    </UnitTest>
    <UnitTest name="SearializePlusDeserialize_ComplexObject_ShouldResultInSameString" storage="d:\actions-runner\_work\xpco\xpco\allsolutions\..\mip\platformplugin\videoos.platform\unittest\bin\debug\net6.0-windows\videoos.platform.tests.dll" id="9be33bba-634e-2cc5-910a-418012d1f19f">
      <Execution id="96446b6c-dd59-47c1-acf2-0c2310875072" />
      <TestMethod codeBase="D:\actions-runner\_work\XPCO\XPCO\AllSolutions\..\MIP\PlatformPlugin\VideoOS.Platform\unittest\bin\Debug\net6.0-windows\VideoOS.Platform.Tests.dll" adapterTypeName="executor://mstestadapter/v2" className="VideoOS.Platform.Tests.Proxy.RestApi.JsonObjectTests" name="SearializePlusDeserialize_ComplexObject_ShouldResultInSameString" />
    </UnitTest>
    <UnitTest name="UtcTime_ShouldReturnConstructorValue_WhenSet" storage="d:\actions-runner\_work\xpco\xpco\allsolutions\..\mip\platformplugin\videoos.platform\unittest\bin\debug\net6.0-windows\videoos.platform.tests.dll" id="06f72c6d-178e-1776-b54f-f3db73a3e144">
      <Execution id="be0d6290-cf1a-4818-b5fe-9e6b322f77f6" />
      <TestMethod codeBase="D:\actions-runner\_work\XPCO\XPCO\AllSolutions\..\MIP\PlatformPlugin\VideoOS.Platform\unittest\bin\Debug\net6.0-windows\VideoOS.Platform.Tests.dll" adapterTypeName="executor://mstestadapter/v2" className="VideoOS.Platform.Tests.Metadata.FrameTests" name="UtcTime_ShouldReturnConstructorValue_WhenSet" />
    </UnitTest>
    <UnitTest name="Decrypt_ShouldDecryptNonFipsLicenseEncryption" storage="d:\actions-runner\_work\xpco\xpco\allsolutions\..\mip\platformplugin\videoos.platform\unittest\bin\debug\net6.0-windows\videoos.platform.tests.dll" id="a9cc89a4-8213-a4b1-7484-4879815a89dd">
      <Execution id="003d433f-538d-4a85-a4ff-f04639fa5985" />
      <TestMethod codeBase="D:\actions-runner\_work\XPCO\XPCO\AllSolutions\..\MIP\PlatformPlugin\VideoOS.Platform\unittest\bin\Debug\net6.0-windows\VideoOS.Platform.Tests.dll" adapterTypeName="executor://mstestadapter/v2" className="VideoOS.Platform.Tests.License.NonFipsLicenseCompatibilityHandlerTests" name="Decrypt_ShouldDecryptNonFipsLicenseEncryption" />
    </UnitTest>
    <UnitTest name="WriteXml_ShouldWriteYAttribute_WhenPresent" storage="d:\actions-runner\_work\xpco\xpco\allsolutions\..\mip\platformplugin\videoos.platform\unittest\bin\debug\net6.0-windows\videoos.platform.tests.dll" id="b2a17b73-a63e-3be2-eee7-c00c2b4d0e01">
      <Execution id="8a1f8141-132c-48a8-96b1-c4f6a78e50b4" />
      <TestMethod codeBase="D:\actions-runner\_work\XPCO\XPCO\AllSolutions\..\MIP\PlatformPlugin\VideoOS.Platform\unittest\bin\Debug\net6.0-windows\VideoOS.Platform.Tests.dll" adapterTypeName="executor://mstestadapter/v2" className="VideoOS.Platform.Tests.Metadata.DisplayTextTests" name="WriteXml_ShouldWriteYAttribute_WhenPresent" />
    </UnitTest>
    <UnitTest name="Match_Fail_NullTypeAnyMessage_Single" storage="d:\actions-runner\_work\xpco\xpco\allsolutions\..\mip\platformplugin\videoos.platform\unittest\bin\debug\net6.0-windows\videoos.platform.tests.dll" id="786f976f-79dc-fb5a-d9d5-d8983ae14820">
      <Execution id="7446710a-7c01-42a9-bf29-1532216dbfdf" />
      <TestMethod codeBase="D:\actions-runner\_work\XPCO\XPCO\AllSolutions\..\MIP\PlatformPlugin\VideoOS.Platform\unittest\bin\Debug\net6.0-windows\VideoOS.Platform.Tests.dll" adapterTypeName="executor://mstestadapter/v2" className="VideoOS.Platform.Tests.Messaging.CommunicationIdFilterTests" name="Match_Fail_NullTypeAnyMessage_Single" />
    </UnitTest>
    <UnitTest name="Encrypt_ShouldReturnInputAsIs" storage="d:\actions-runner\_work\xpco\xpco\allsolutions\..\mip\platformplugin\videoos.platform\unittest\bin\debug\net6.0-windows\videoos.platform.tests.dll" id="5eeda859-d31c-69f8-fe90-55abee0d8512">
      <Execution id="8769bb12-9273-49ea-9c8b-ba404f1b9465" />
      <TestMethod codeBase="D:\actions-runner\_work\XPCO\XPCO\AllSolutions\..\MIP\PlatformPlugin\VideoOS.Platform\unittest\bin\Debug\net6.0-windows\VideoOS.Platform.Tests.dll" adapterTypeName="executor://mstestadapter/v2" className="VideoOS.Platform.Tests.License.LicenseCompatibilityHandlerTests" name="Encrypt_ShouldReturnInputAsIs" />
    </UnitTest>
    <UnitTest name="WriteXml_ShouldWriteVideoAnalyticsContents_WhenVideoAnalyticsItemIsWritten" storage="d:\actions-runner\_work\xpco\xpco\allsolutions\..\mip\platformplugin\videoos.platform\unittest\bin\debug\net6.0-windows\videoos.platform.tests.dll" id="3a8ca70f-603d-9529-0058-2e57757ce284">
      <Execution id="93d25e9c-5fb6-4b41-b0a9-3e7d78afad52" />
      <TestMethod codeBase="D:\actions-runner\_work\XPCO\XPCO\AllSolutions\..\MIP\PlatformPlugin\VideoOS.Platform\unittest\bin\Debug\net6.0-windows\VideoOS.Platform.Tests.dll" adapterTypeName="executor://mstestadapter/v2" className="VideoOS.Platform.Tests.Metadata.MetadataStreamTests" name="WriteXml_ShouldWriteVideoAnalyticsContents_WhenVideoAnalyticsItemIsWritten" />
    </UnitTest>
    <UnitTest name="GetFrame_ShouldReturnNull_WhenThereAreNoFrames" storage="d:\actions-runner\_work\xpco\xpco\allsolutions\..\mip\platformplugin\videoos.platform\unittest\bin\debug\net6.0-windows\videoos.platform.tests.dll" id="5b5b0b17-b74c-6ecb-201e-61f7e7362b6f">
      <Execution id="ee61874a-da66-442d-a4e2-ebafaaaa1eab" />
      <TestMethod codeBase="D:\actions-runner\_work\XPCO\XPCO\AllSolutions\..\MIP\PlatformPlugin\VideoOS.Platform\unittest\bin\Debug\net6.0-windows\VideoOS.Platform.Tests.dll" adapterTypeName="executor://mstestadapter/v2" className="VideoOS.Platform.Tests.Metadata.MetadataStreamTests" name="GetFrame_ShouldReturnNull_WhenThereAreNoFrames" />
    </UnitTest>
    <UnitTest name="Remove_ShouldInvokeCallback_WhenObservable" storage="d:\actions-runner\_work\xpco\xpco\allsolutions\..\mip\platformplugin\videoos.platform\unittest\bin\debug\net6.0-windows\videoos.platform.tests.dll" id="a344a1b7-3c88-1dd6-4640-84dd30900694">
      <Execution id="cb8583fa-f7a8-40a2-aff9-6f2aac408274" />
      <TestMethod codeBase="D:\actions-runner\_work\XPCO\XPCO\AllSolutions\..\MIP\PlatformPlugin\VideoOS.Platform\unittest\bin\Debug\net6.0-windows\VideoOS.Platform.Tests.dll" adapterTypeName="executor://mstestadapter/v2" className="VideoOS.Platform.Tests.UI.Controls.CollectionHelperTest" name="Remove_ShouldInvokeCallback_WhenObservable" />
    </UnitTest>
    <UnitTest name="IsEmptyValue_SelectionFilterValue_NoSelections_ReturnsTrue" storage="d:\actions-runner\_work\xpco\xpco\allsolutions\..\mip\platformplugin\videoos.platform\unittest\bin\debug\net6.0-windows\videoos.platform.tests.dll" id="82a5b9a3-0552-89d0-c528-c8a8c76f5d9f">
      <TestCategory>
        <TestCategoryItem TestCategory="Search" />
      </TestCategory>
      <Execution id="4bb1887e-f16b-444e-8ce9-7fbbf19c3c6d" />
      <TestMethod codeBase="D:\actions-runner\_work\XPCO\XPCO\AllSolutions\..\MIP\PlatformPlugin\VideoOS.Platform\unittest\bin\Debug\net6.0-windows\VideoOS.Platform.Tests.dll" adapterTypeName="executor://mstestadapter/v2" className="VideoOS.Platform.Tests.Search.SearchFilterTest" name="IsEmptyValue_SelectionFilterValue_NoSelections_ReturnsTrue" />
    </UnitTest>
    <UnitTest name="WriteXml_ShouldWriteVideoAnalytics_WhenThereIsOneVideoAnalyticsItemPresent" storage="d:\actions-runner\_work\xpco\xpco\allsolutions\..\mip\platformplugin\videoos.platform\unittest\bin\debug\net6.0-windows\videoos.platform.tests.dll" id="42175a1a-5ae8-6563-c4c4-676e585caed0">
      <Execution id="f2e6712e-5521-40a3-88f8-18aa0866b335" />
      <TestMethod codeBase="D:\actions-runner\_work\XPCO\XPCO\AllSolutions\..\MIP\PlatformPlugin\VideoOS.Platform\unittest\bin\Debug\net6.0-windows\VideoOS.Platform.Tests.dll" adapterTypeName="executor://mstestadapter/v2" className="VideoOS.Platform.Tests.Metadata.MetadataStreamTests" name="WriteXml_ShouldWriteVideoAnalytics_WhenThereIsOneVideoAnalyticsItemPresent" />
    </UnitTest>
    <UnitTest name="Serialize_TestCases (TestParentTypeMatchStructNotThisTypeMatched)" storage="d:\actions-runner\_work\xpco\xpco\allsolutions\..\mip\platformplugin\videoos.platform\unittest\bin\debug\net6.0-windows\videoos.platform.tests.dll" id="0051d3fc-603f-a4f9-2245-785a8218fbf1">
      <Execution id="ca3d1a54-6db6-42cd-9ccd-142c19e47de7" />
      <TestMethod codeBase="D:\actions-runner\_work\XPCO\XPCO\AllSolutions\..\MIP\PlatformPlugin\VideoOS.Platform\unittest\bin\Debug\net6.0-windows\VideoOS.Platform.Tests.dll" adapterTypeName="executor://mstestadapter/v2" className="VideoOS.Platform.Tests.UI.Controls.Automation.Serialization.AutomationObjectSerializerTest" name="Serialize_TestCases" />
    </UnitTest>
    <UnitTest name="UtcTimeAttributeWasPresent_ShouldReturnTrue_WhenUtcTimeAttributeIsParsed" storage="d:\actions-runner\_work\xpco\xpco\allsolutions\..\mip\platformplugin\videoos.platform\unittest\bin\debug\net6.0-windows\videoos.platform.tests.dll" id="9fc73790-9fce-7434-a93e-864e387eae18">
      <Execution id="4de56378-62d9-4535-a170-5327e0a54076" />
      <TestMethod codeBase="D:\actions-runner\_work\XPCO\XPCO\AllSolutions\..\MIP\PlatformPlugin\VideoOS.Platform\unittest\bin\Debug\net6.0-windows\VideoOS.Platform.Tests.dll" adapterTypeName="executor://mstestadapter/v2" className="VideoOS.Platform.Tests.Metadata.FrameTests" name="UtcTimeAttributeWasPresent_ShouldReturnTrue_WhenUtcTimeAttributeIsParsed" />
    </UnitTest>
    <UnitTest name="SetEvents_ShouldAddProxyManager_WhenFrameworkContentElementIsLoaded" storage="d:\actions-runner\_work\xpco\xpco\allsolutions\..\mip\platformplugin\videoos.platform\unittest\bin\debug\net6.0-windows\videoos.platform.tests.dll" id="ee569e33-e92a-4e12-13b7-cfb199db4a03">
      <TestCategory>
        <TestCategoryItem TestCategory="EventsToCommandMappings" />
      </TestCategory>
      <Execution id="a25cdbd5-6319-4e61-ac07-9e0b297a1cdb" />
      <TestMethod codeBase="D:\actions-runner\_work\XPCO\XPCO\AllSolutions\..\MIP\PlatformPlugin\VideoOS.Platform\unittest\bin\Debug\net6.0-windows\VideoOS.Platform.Tests.dll" adapterTypeName="executor://mstestadapter/v2" className="VideoOS.Platform.Tests.UI.Commands.EventsToCommandMappingTest" name="SetEvents_ShouldAddProxyManager_WhenFrameworkContentElementIsLoaded" />
    </UnitTest>
    <UnitTest name="Convert_MultiArgumentConverter_ShouldReturnConvertedValue_WhenArgumentsMatch" storage="d:\actions-runner\_work\xpco\xpco\allsolutions\..\mip\platformplugin\videoos.platform\unittest\bin\debug\net6.0-windows\videoos.platform.tests.dll" id="5af855bd-1073-0abf-ad45-fc121c142707">
      <Execution id="051c11b4-3de5-4f89-a21a-ed35a4314dae" />
      <TestMethod codeBase="D:\actions-runner\_work\XPCO\XPCO\AllSolutions\..\MIP\PlatformPlugin\VideoOS.Platform\unittest\bin\Debug\net6.0-windows\VideoOS.Platform.Tests.dll" adapterTypeName="executor://mstestadapter/v2" className="VideoOS.Platform.Tests.UI.Converters.LambdaConverterTest" name="Convert_MultiArgumentConverter_ShouldReturnConvertedValue_WhenArgumentsMatch" />
    </UnitTest>
    <UnitTest name="GenerateDeviceCapabilityParameters_ShouldWriteTypeDisplayName_WhenAlways" storage="d:\actions-runner\_work\xpco\xpco\allsolutions\..\mip\platformplugin\videoos.platform\unittest\bin\debug\net6.0-windows\videoos.platform.tests.dll" id="b05d6f18-6593-4fdf-8277-2d819867e350">
      <Execution id="1a30e17c-3abd-4f9b-9c4e-513b4d706924" />
      <TestMethod codeBase="D:\actions-runner\_work\XPCO\XPCO\AllSolutions\..\MIP\PlatformPlugin\VideoOS.Platform\unittest\bin\Debug\net6.0-windows\VideoOS.Platform.Tests.dll" adapterTypeName="executor://mstestadapter/v2" className="VideoOS.Platform.Tests.Data.MetadataDeviceCapabilityTests" name="GenerateDeviceCapabilityParameters_ShouldWriteTypeDisplayName_WhenAlways" />
    </UnitTest>
    <UnitTest name="Serialize_TestCases (TestParentTypeMatchGenericThisTypeMatched)" storage="d:\actions-runner\_work\xpco\xpco\allsolutions\..\mip\platformplugin\videoos.platform\unittest\bin\debug\net6.0-windows\videoos.platform.tests.dll" id="fe6933ba-92e5-ddd8-81b2-ddec0ef429cb">
      <Execution id="cea69aff-dd6d-4323-a64d-2f018469c32d" />
      <TestMethod codeBase="D:\actions-runner\_work\XPCO\XPCO\AllSolutions\..\MIP\PlatformPlugin\VideoOS.Platform\unittest\bin\Debug\net6.0-windows\VideoOS.Platform.Tests.dll" adapterTypeName="executor://mstestadapter/v2" className="VideoOS.Platform.Tests.UI.Controls.Automation.Serialization.AutomationObjectSerializerTest" name="Serialize_TestCases" />
    </UnitTest>
    <UnitTest name="GetIdFromPath_ShouldReturnId_FromShortPath" storage="d:\actions-runner\_work\xpco\xpco\allsolutions\..\mip\platformplugin\videoos.platform\unittest\bin\debug\net6.0-windows\videoos.platform.tests.dll" id="cb13d9c3-56f2-276b-f315-14e9213934da">
      <Execution id="abcd0f33-0fb5-4820-a6ad-4d6f6457c598" />
      <TestMethod codeBase="D:\actions-runner\_work\XPCO\XPCO\AllSolutions\..\MIP\PlatformPlugin\VideoOS.Platform\unittest\bin\Debug\net6.0-windows\VideoOS.Platform.Tests.dll" adapterTypeName="executor://mstestadapter/v2" className="VideoOS.Platform.Tests.ConfigurationItems.FactoryTests" name="GetIdFromPath_ShouldReturnId_FromShortPath" />
    </UnitTest>
    <UnitTest name="Serialize_TestCases (TestParentTypeMatchInterfaceThisTypeMatchedProperty)" storage="d:\actions-runner\_work\xpco\xpco\allsolutions\..\mip\platformplugin\videoos.platform\unittest\bin\debug\net6.0-windows\videoos.platform.tests.dll" id="44f3c5c5-ae4b-6e15-d7ce-1234ea127a5e">
      <Execution id="48a13d0a-0fd9-4f31-970a-eb9a5195ea40" />
      <TestMethod codeBase="D:\actions-runner\_work\XPCO\XPCO\AllSolutions\..\MIP\PlatformPlugin\VideoOS.Platform\unittest\bin\Debug\net6.0-windows\VideoOS.Platform.Tests.dll" adapterTypeName="executor://mstestadapter/v2" className="VideoOS.Platform.Tests.UI.Controls.Automation.Serialization.AutomationObjectSerializerTest" name="Serialize_TestCases" />
    </UnitTest>
    <UnitTest name="ReadXml_ShouldLogWarningOnlyOnceWithinOneMinute_WhenBoundingBoxIsIncomplete" storage="d:\actions-runner\_work\xpco\xpco\allsolutions\..\mip\platformplugin\videoos.platform\unittest\bin\debug\net6.0-windows\videoos.platform.tests.dll" id="ad0265a0-96ba-5103-cd9d-a51d12bc6389">
      <Execution id="7327d44a-2efb-4e6f-811f-7079d4d69aa8" />
      <TestMethod codeBase="D:\actions-runner\_work\XPCO\XPCO\AllSolutions\..\MIP\PlatformPlugin\VideoOS.Platform\unittest\bin\Debug\net6.0-windows\VideoOS.Platform.Tests.dll" adapterTypeName="executor://mstestadapter/v2" className="VideoOS.Platform.Tests.Metadata.ShapeTests" name="ReadXml_ShouldLogWarningOnlyOnceWithinOneMinute_WhenBoundingBoxIsIncomplete" />
    </UnitTest>
    <UnitTest name="Minimize_ShouldReturnOneInterval_WhenListContainsTwoOverlappingIntervalsReversed" storage="d:\actions-runner\_work\xpco\xpco\allsolutions\..\mip\platformplugin\videoos.platform\unittest\bin\debug\net6.0-windows\videoos.platform.tests.dll" id="014a068d-cf03-ed2b-0a73-be788526e910">
      <Execution id="a0226003-8fe3-4d34-bb39-565785e820c9" />
      <TestMethod codeBase="D:\actions-runner\_work\XPCO\XPCO\AllSolutions\..\MIP\PlatformPlugin\VideoOS.Platform\unittest\bin\Debug\net6.0-windows\VideoOS.Platform.Tests.dll" adapterTypeName="executor://mstestadapter/v2" className="VideoOS.Platform.Tests.Util.TimeIntervalTests" name="Minimize_ShouldReturnOneInterval_WhenListContainsTwoOverlappingIntervalsReversed" />
    </UnitTest>
    <UnitTest name="GenerateTypeDefinintionParameters_ShouldWriteDisplayId_WhenAlways" storage="d:\actions-runner\_work\xpco\xpco\allsolutions\..\mip\platformplugin\videoos.platform\unittest\bin\debug\net6.0-windows\videoos.platform.tests.dll" id="7686eb08-d24a-c580-7754-5f201e5cc693">
      <Execution id="89087d35-27d2-48db-851f-77d0f106799b" />
      <TestMethod codeBase="D:\actions-runner\_work\XPCO\XPCO\AllSolutions\..\MIP\PlatformPlugin\VideoOS.Platform\unittest\bin\Debug\net6.0-windows\VideoOS.Platform.Tests.dll" adapterTypeName="executor://mstestadapter/v2" className="VideoOS.Platform.Tests.Data.MetadataTypeDefinitionTests" name="GenerateTypeDefinintionParameters_ShouldWriteDisplayId_WhenAlways" />
    </UnitTest>
    <UnitTest name="ConstructorInt_ShouldReturnCorrectArgbValues_Always" storage="d:\actions-runner\_work\xpco\xpco\allsolutions\..\mip\platformplugin\videoos.platform\unittest\bin\debug\net6.0-windows\videoos.platform.tests.dll" id="256352cb-a01d-67ee-0151-ab9132f46725">
      <Execution id="fde181ce-39f4-4114-bc04-24aa3a4d8994" />
      <TestMethod codeBase="D:\actions-runner\_work\XPCO\XPCO\AllSolutions\..\MIP\PlatformPlugin\VideoOS.Platform\unittest\bin\Debug\net6.0-windows\VideoOS.Platform.Tests.dll" adapterTypeName="executor://mstestadapter/v2" className="VideoOS.Platform.Tests.Metadata.DisplayColorTests" name="ConstructorInt_ShouldReturnCorrectArgbValues_Always" />
    </UnitTest>
    <UnitTest name="AllowGroupSelection_AutoCloseOnSelect_GroupSelected" storage="d:\actions-runner\_work\xpco\xpco\allsolutions\..\mip\platformplugin\videoos.platform\unittest\bin\debug\net6.0-windows\videoos.platform.tests.dll" id="c1d45865-15fa-0d84-a5d0-67059817b5ff">
      <Execution id="3c09d206-033a-46e4-ae88-7ce85785cb3c" />
      <TestMethod codeBase="D:\actions-runner\_work\XPCO\XPCO\AllSolutions\..\MIP\PlatformPlugin\VideoOS.Platform\unittest\bin\Debug\net6.0-windows\VideoOS.Platform.Tests.dll" adapterTypeName="executor://mstestadapter/v2" className="VideoOS.Platform.Tests.UI.ItemPicker.ItemPickerViewModelTest" name="AllowGroupSelection_AutoCloseOnSelect_GroupSelected" />
    </UnitTest>
    <UnitTest name="WriteAppearanceExtenstionXml_ShouldWriteFillColor_WhenFillColorIsPresent" storage="d:\actions-runner\_work\xpco\xpco\allsolutions\..\mip\platformplugin\videoos.platform\unittest\bin\debug\net6.0-windows\videoos.platform.tests.dll" id="50a956ce-9348-bb74-74bb-95ec2b1592c0">
      <Execution id="3d2c67b5-2449-43fb-9ac1-50766c08d1cd" />
      <TestMethod codeBase="D:\actions-runner\_work\XPCO\XPCO\AllSolutions\..\MIP\PlatformPlugin\VideoOS.Platform\unittest\bin\Debug\net6.0-windows\VideoOS.Platform.Tests.dll" adapterTypeName="executor://mstestadapter/v2" className="VideoOS.Platform.Tests.Metadata.RectangleTests" name="WriteAppearanceExtenstionXml_ShouldWriteFillColor_WhenFillColorIsPresent" />
    </UnitTest>
    <UnitTest name="RemovePredicate_KeyNotPresent_DoesNothing" storage="d:\actions-runner\_work\xpco\xpco\allsolutions\..\mip\platformplugin\videoos.platform\unittest\bin\debug\net6.0-windows\videoos.platform.tests.dll" id="3827ef79-3081-082a-a862-859949cd62b9">
      <Execution id="2cd1c00f-1fbd-49c1-ab4b-583514b7d6bf" />
      <TestMethod codeBase="D:\actions-runner\_work\XPCO\XPCO\AllSolutions\..\MIP\PlatformPlugin\VideoOS.Platform\unittest\bin\Debug\net6.0-windows\VideoOS.Platform.Tests.dll" adapterTypeName="executor://mstestadapter/v2" className="VideoOS.Platform.Tests.Util.Queue.LRUCacheTests" name="RemovePredicate_KeyNotPresent_DoesNothing" />
    </UnitTest>
    <UnitTest name="ReadXml_ShouldReadUtcTimeAttribute_WhenPresent" storage="d:\actions-runner\_work\xpco\xpco\allsolutions\..\mip\platformplugin\videoos.platform\unittest\bin\debug\net6.0-windows\videoos.platform.tests.dll" id="372ecc8a-19e9-247e-0d4c-31a691ba7b09">
      <Execution id="52a71724-105a-4227-a12d-fb0975fc12b0" />
      <TestMethod codeBase="D:\actions-runner\_work\XPCO\XPCO\AllSolutions\..\MIP\PlatformPlugin\VideoOS.Platform\unittest\bin\Debug\net6.0-windows\VideoOS.Platform.Tests.dll" adapterTypeName="executor://mstestadapter/v2" className="VideoOS.Platform.Tests.Metadata.FrameTests" name="ReadXml_ShouldReadUtcTimeAttribute_WhenPresent" />
    </UnitTest>
    <UnitTest name="Stop_EmptyQueue_IsStoppedSet" storage="d:\actions-runner\_work\xpco\xpco\allsolutions\..\mip\platformplugin\videoos.platform\unittest\bin\debug\net6.0-windows\videoos.platform.tests.dll" id="cc93f70b-f9b0-21f7-faba-e1868435194b">
      <Execution id="654b123b-479a-451b-bb7c-7eb21243c944" />
      <TestMethod codeBase="D:\actions-runner\_work\XPCO\XPCO\AllSolutions\..\MIP\PlatformPlugin\VideoOS.Platform\unittest\bin\Debug\net6.0-windows\VideoOS.Platform.Tests.dll" adapterTypeName="executor://mstestadapter/v2" className="VideoOS.Platform.Tests.Util.Queue.ConcurrentQueueSlimTests" name="Stop_EmptyQueue_IsStoppedSet" />
    </UnitTest>
    <UnitTest name="ServerId_ShouldNotReturnNull" storage="d:\actions-runner\_work\xpco\xpco\allsolutions\..\mip\platformplugin\videoos.platform\unittest\bin\debug\net6.0-windows\videoos.platform.tests.dll" id="d30c0506-60c3-3624-baf0-3cabb1483786">
      <Execution id="42ad8500-edab-4cf4-83a2-eb15a3d636f4" />
      <TestMethod codeBase="D:\actions-runner\_work\XPCO\XPCO\AllSolutions\..\MIP\PlatformPlugin\VideoOS.Platform\unittest\bin\Debug\net6.0-windows\VideoOS.Platform.Tests.dll" adapterTypeName="executor://mstestadapter/v2" className="VideoOS.Platform.Tests.Util.ConfigurationCacheTests" name="ServerId_ShouldNotReturnNull" />
    </UnitTest>
    <UnitTest name="Dequeue_TwoConsumers_Success" storage="d:\actions-runner\_work\xpco\xpco\allsolutions\..\mip\platformplugin\videoos.platform\unittest\bin\debug\net6.0-windows\videoos.platform.tests.dll" id="65d04660-c78c-f9e9-ce4c-0226775bf0c4">
      <Execution id="5082680f-ab2b-449d-bc3d-ca57581e70a9" />
      <TestMethod codeBase="D:\actions-runner\_work\XPCO\XPCO\AllSolutions\..\MIP\PlatformPlugin\VideoOS.Platform\unittest\bin\Debug\net6.0-windows\VideoOS.Platform.Tests.dll" adapterTypeName="executor://mstestadapter/v2" className="VideoOS.Platform.Tests.Util.Queue.ConcurrentQueueSlimTests" name="Dequeue_TwoConsumers_Success" />
    </UnitTest>
    <UnitTest name="KindsFilter_Presets_ShowsCamerasAndPresets" storage="d:\actions-runner\_work\xpco\xpco\allsolutions\..\mip\platformplugin\videoos.platform\unittest\bin\debug\net6.0-windows\videoos.platform.tests.dll" id="eccd7b47-7a8f-ac65-26ef-40b4723d9415">
      <Execution id="a1d26e56-f8d1-4001-bcd4-fe81eae3e9e8" />
      <TestMethod codeBase="D:\actions-runner\_work\XPCO\XPCO\AllSolutions\..\MIP\PlatformPlugin\VideoOS.Platform\unittest\bin\Debug\net6.0-windows\VideoOS.Platform.Tests.dll" adapterTypeName="executor://mstestadapter/v2" className="VideoOS.Platform.Tests.UI.ItemPicker.PopulateThreadTest" name="KindsFilter_Presets_ShowsCamerasAndPresets" />
    </UnitTest>
    <UnitTest name="Serialize_TestCases (TestParentTypeMatchInterfaceNotThisTypeMatched)" storage="d:\actions-runner\_work\xpco\xpco\allsolutions\..\mip\platformplugin\videoos.platform\unittest\bin\debug\net6.0-windows\videoos.platform.tests.dll" id="7f0dc770-de51-01fc-0418-ecabb4649b1e">
      <Execution id="eb8e7b11-80d6-4a6a-9476-996d19810075" />
      <TestMethod codeBase="D:\actions-runner\_work\XPCO\XPCO\AllSolutions\..\MIP\PlatformPlugin\VideoOS.Platform\unittest\bin\Debug\net6.0-windows\VideoOS.Platform.Tests.dll" adapterTypeName="executor://mstestadapter/v2" className="VideoOS.Platform.Tests.UI.Controls.Automation.Serialization.AutomationObjectSerializerTest" name="Serialize_TestCases" />
    </UnitTest>
    <UnitTest name="GenerateTypeDefinintionParameters_ShouldWriteNumberOfCapabilities_WhenAlways" storage="d:\actions-runner\_work\xpco\xpco\allsolutions\..\mip\platformplugin\videoos.platform\unittest\bin\debug\net6.0-windows\videoos.platform.tests.dll" id="aeeaebaf-8448-f122-1094-fc83a31ad89a">
      <Execution id="eecb2a33-fe4e-4dbe-93c8-7fe656f9a28f" />
      <TestMethod codeBase="D:\actions-runner\_work\XPCO\XPCO\AllSolutions\..\MIP\PlatformPlugin\VideoOS.Platform\unittest\bin\Debug\net6.0-windows\VideoOS.Platform.Tests.dll" adapterTypeName="executor://mstestadapter/v2" className="VideoOS.Platform.Tests.Data.MetadataTypeDefinitionTests" name="GenerateTypeDefinintionParameters_ShouldWriteNumberOfCapabilities_WhenAlways" />
    </UnitTest>
    <UnitTest name="TryParseArgbString_ShouldCreateInstanceWithCorrectARGBValues_WhenFormatIsCorrect" storage="d:\actions-runner\_work\xpco\xpco\allsolutions\..\mip\platformplugin\videoos.platform\unittest\bin\debug\net6.0-windows\videoos.platform.tests.dll" id="8b839df5-395a-2e9c-1956-4200a4a4d5cd">
      <Execution id="10278da2-7b3b-437d-82dd-3ec4ac6191a6" />
      <TestMethod codeBase="D:\actions-runner\_work\XPCO\XPCO\AllSolutions\..\MIP\PlatformPlugin\VideoOS.Platform\unittest\bin\Debug\net6.0-windows\VideoOS.Platform.Tests.dll" adapterTypeName="executor://mstestadapter/v2" className="VideoOS.Platform.Tests.Metadata.DisplayColorTests" name="TryParseArgbString_ShouldCreateInstanceWithCorrectARGBValues_WhenFormatIsCorrect" />
    </UnitTest>
    <UnitTest name="Serialize_ShouldThrowException_WhenPropertyIsSimpleTypeButPathContainsChildren (IntProperty)" storage="d:\actions-runner\_work\xpco\xpco\allsolutions\..\mip\platformplugin\videoos.platform\unittest\bin\debug\net6.0-windows\videoos.platform.tests.dll" id="7788e309-ff81-f500-79ac-b11223af1ac3">
      <Execution id="039f8345-8ba8-40cd-b636-47a7a0361a25" />
      <TestMethod codeBase="D:\actions-runner\_work\XPCO\XPCO\AllSolutions\..\MIP\PlatformPlugin\VideoOS.Platform\unittest\bin\Debug\net6.0-windows\VideoOS.Platform.Tests.dll" adapterTypeName="executor://mstestadapter/v2" className="VideoOS.Platform.Tests.UI.Controls.Automation.Serialization.AutomationObjectSerializerTest" name="Serialize_ShouldThrowException_WhenPropertyIsSimpleTypeButPathContainsChildren" />
    </UnitTest>
    <UnitTest name="Equals_IgnoreFolderType_Fail_OnKind" storage="d:\actions-runner\_work\xpco\xpco\allsolutions\..\mip\platformplugin\videoos.platform\unittest\bin\debug\net6.0-windows\videoos.platform.tests.dll" id="bd62b9df-9183-e39d-353c-d0a2ca44c2da">
      <Execution id="94c8534f-7247-448c-ac49-3e8b61bc9848" />
      <TestMethod codeBase="D:\actions-runner\_work\XPCO\XPCO\AllSolutions\..\MIP\PlatformPlugin\VideoOS.Platform\unittest\bin\Debug\net6.0-windows\VideoOS.Platform.Tests.dll" adapterTypeName="executor://mstestadapter/v2" className="VideoOS.Platform.Tests.FQIDtests" name="Equals_IgnoreFolderType_Fail_OnKind" />
    </UnitTest>
    <UnitTest name="IsCriteriaAccepted_WithKindsFilter_ValidInput_True" storage="d:\actions-runner\_work\xpco\xpco\allsolutions\..\mip\platformplugin\videoos.platform\unittest\bin\debug\net6.0-windows\videoos.platform.tests.dll" id="bc715522-4e2d-31ab-3b59-559f11d2404a">
      <Execution id="1e5437d2-0518-4f0c-9974-c7214bae4cbd" />
      <TestMethod codeBase="D:\actions-runner\_work\XPCO\XPCO\AllSolutions\..\MIP\PlatformPlugin\VideoOS.Platform\unittest\bin\Debug\net6.0-windows\VideoOS.Platform.Tests.dll" adapterTypeName="executor://mstestadapter/v2" className="VideoOS.Platform.Tests.UI.ItemPicker.ItemPickerViewModelTest" name="IsCriteriaAccepted_WithKindsFilter_ValidInput_True" />
    </UnitTest>
    <UnitTest name="Serialize_TestCases (TestParentTypeMatchEnumThisTypeMatched)" storage="d:\actions-runner\_work\xpco\xpco\allsolutions\..\mip\platformplugin\videoos.platform\unittest\bin\debug\net6.0-windows\videoos.platform.tests.dll" id="65da1668-3a91-f115-848c-a9bc5ab5e95f">
      <Execution id="521e3a57-68bc-4e2a-b4e8-697415cc0e55" />
      <TestMethod codeBase="D:\actions-runner\_work\XPCO\XPCO\AllSolutions\..\MIP\PlatformPlugin\VideoOS.Platform\unittest\bin\Debug\net6.0-windows\VideoOS.Platform.Tests.dll" adapterTypeName="executor://mstestadapter/v2" className="VideoOS.Platform.Tests.UI.Controls.Automation.Serialization.AutomationObjectSerializerTest" name="Serialize_TestCases" />
    </UnitTest>
    <UnitTest name="ReadXml_ShouldIgnoreFrame_WhenFrameIsPresenWithWrongNamespace" storage="d:\actions-runner\_work\xpco\xpco\allsolutions\..\mip\platformplugin\videoos.platform\unittest\bin\debug\net6.0-windows\videoos.platform.tests.dll" id="b9c508f0-a796-6104-1910-9ed8e83d2d6a">
      <Execution id="d2c2133f-b4bc-489f-8fc7-bf2b3ce8e187" />
      <TestMethod codeBase="D:\actions-runner\_work\XPCO\XPCO\AllSolutions\..\MIP\PlatformPlugin\VideoOS.Platform\unittest\bin\Debug\net6.0-windows\VideoOS.Platform.Tests.dll" adapterTypeName="executor://mstestadapter/v2" className="VideoOS.Platform.Tests.Metadata.VideoAnalyticsTests" name="ReadXml_ShouldIgnoreFrame_WhenFrameIsPresenWithWrongNamespace" />
    </UnitTest>
    <UnitTest name="ReadXml_ShouldSetAllFieldsToDefaultValues_WhenElementIsEmpty" storage="d:\actions-runner\_work\xpco\xpco\allsolutions\..\mip\platformplugin\videoos.platform\unittest\bin\debug\net6.0-windows\videoos.platform.tests.dll" id="f020995b-abe3-d649-6f42-54b2532be4d9">
      <Execution id="1cca21fe-ceff-4a00-b01f-4dc7a44f10a6" />
      <TestMethod codeBase="D:\actions-runner\_work\XPCO\XPCO\AllSolutions\..\MIP\PlatformPlugin\VideoOS.Platform\unittest\bin\Debug\net6.0-windows\VideoOS.Platform.Tests.dll" adapterTypeName="executor://mstestadapter/v2" className="VideoOS.Platform.Tests.Metadata.VideoAnalyticsTests" name="ReadXml_ShouldSetAllFieldsToDefaultValues_WhenElementIsEmpty" />
    </UnitTest>
    <UnitTest name="OriginalData_ShouldReturnEmptyList_WhenOriginalHasNotBeenSet" storage="d:\actions-runner\_work\xpco\xpco\allsolutions\..\mip\platformplugin\videoos.platform\unittest\bin\debug\net6.0-windows\videoos.platform.tests.dll" id="af1b57b7-d4d3-cc7c-77e2-0a953337a6f4">
      <Execution id="086f9d41-9dc7-4ea8-b29c-c6689c38db3e" />
      <TestMethod codeBase="D:\actions-runner\_work\XPCO\XPCO\AllSolutions\..\MIP\PlatformPlugin\VideoOS.Platform\unittest\bin\Debug\net6.0-windows\VideoOS.Platform.Tests.dll" adapterTypeName="executor://mstestadapter/v2" className="VideoOS.Platform.Tests.Metadata.MetadataStreamTests" name="OriginalData_ShouldReturnEmptyList_WhenOriginalHasNotBeenSet" />
    </UnitTest>
    <UnitTest name="Remove_KeyPresent_ReturnsTrueAndGetReturnsNullAndPostRemovalActionExecuted" storage="d:\actions-runner\_work\xpco\xpco\allsolutions\..\mip\platformplugin\videoos.platform\unittest\bin\debug\net6.0-windows\videoos.platform.tests.dll" id="40d07a9e-35f0-7d7b-e40e-ceb656623def">
      <Execution id="95425851-ca61-4ff1-8ff2-0f19dfdb7925" />
      <TestMethod codeBase="D:\actions-runner\_work\XPCO\XPCO\AllSolutions\..\MIP\PlatformPlugin\VideoOS.Platform\unittest\bin\Debug\net6.0-windows\VideoOS.Platform.Tests.dll" adapterTypeName="executor://mstestadapter/v2" className="VideoOS.Platform.Tests.Util.Queue.LRUCacheTests" name="Remove_KeyPresent_ReturnsTrueAndGetReturnsNullAndPostRemovalActionExecuted" />
    </UnitTest>
    <UnitTest name="FindCacheEntryAfter_ShuldReturnNull_WhenThereAreNoEntriesAfterTheTimestamp" storage="d:\actions-runner\_work\xpco\xpco\allsolutions\..\mip\platformplugin\videoos.platform\unittest\bin\debug\net6.0-windows\videoos.platform.tests.dll" id="48e1001e-d788-4f1f-114b-b2f616ae9b17">
      <Execution id="cfd35b8c-0a95-4858-9bdf-f73d0b773ec1" />
      <TestMethod codeBase="D:\actions-runner\_work\XPCO\XPCO\AllSolutions\..\MIP\PlatformPlugin\VideoOS.Platform\unittest\bin\Debug\net6.0-windows\VideoOS.Platform.Tests.dll" adapterTypeName="executor://mstestadapter/v2" className="VideoOS.Platform.Tests.Data.MetadataCacheTests" name="FindCacheEntryAfter_ShuldReturnNull_WhenThereAreNoEntriesAfterTheTimestamp" />
    </UnitTest>
    <UnitTest name="ProvideValue_ShouldUpdateTargetProperty_WhenDataContextINPCValueChanges" storage="d:\actions-runner\_work\xpco\xpco\allsolutions\..\mip\platformplugin\videoos.platform\unittest\bin\debug\net6.0-windows\videoos.platform.tests.dll" id="3a86bace-7c8b-cb31-de17-695019225dec">
      <TestCategory>
        <TestCategoryItem TestCategory="TabControls" />
      </TestCategory>
      <Execution id="dff99fcc-53ee-49ae-8c32-419f5af8cad9" />
      <TestMethod codeBase="D:\actions-runner\_work\XPCO\XPCO\AllSolutions\..\MIP\PlatformPlugin\VideoOS.Platform\unittest\bin\Debug\net6.0-windows\VideoOS.Platform.Tests.dll" adapterTypeName="executor://mstestadapter/v2" className="VideoOS.Platform.Tests.UI.Controls.TabControls.Internal.Primary.ItemHeaderExtensionTest" name="ProvideValue_ShouldUpdateTargetProperty_WhenDataContextINPCValueChanges" />
    </UnitTest>
    <UnitTest name="ServerIdWithHttps_CheckSerialization_Success" storage="d:\actions-runner\_work\xpco\xpco\allsolutions\..\mip\platformplugin\videoos.platform\unittest\bin\debug\net6.0-windows\videoos.platform.tests.dll" id="a75415d5-8f48-5b6a-949c-d1ac83acad3d">
      <Execution id="f60c8778-867d-4bdf-aee0-d921cb5cf922" />
      <TestMethod codeBase="D:\actions-runner\_work\XPCO\XPCO\AllSolutions\..\MIP\PlatformPlugin\VideoOS.Platform\unittest\bin\Debug\net6.0-windows\VideoOS.Platform.Tests.dll" adapterTypeName="executor://mstestadapter/v2" className="VideoOS.Platform.Tests.FQIDtests" name="ServerIdWithHttps_CheckSerialization_Success" />
    </UnitTest>
    <UnitTest name="Equals_IgnoreFolderType_Check" storage="d:\actions-runner\_work\xpco\xpco\allsolutions\..\mip\platformplugin\videoos.platform\unittest\bin\debug\net6.0-windows\videoos.platform.tests.dll" id="6c0d7995-8533-0e6b-e22a-6af26babe546">
      <Execution id="9c1bf487-64a0-4fef-b83d-01b603bb6e21" />
      <TestMethod codeBase="D:\actions-runner\_work\XPCO\XPCO\AllSolutions\..\MIP\PlatformPlugin\VideoOS.Platform\unittest\bin\Debug\net6.0-windows\VideoOS.Platform.Tests.dll" adapterTypeName="executor://mstestadapter/v2" className="VideoOS.Platform.Tests.FQIDtests" name="Equals_IgnoreFolderType_Check" />
    </UnitTest>
    <UnitTest name="Equals_Fail_OnServerIdId" storage="d:\actions-runner\_work\xpco\xpco\allsolutions\..\mip\platformplugin\videoos.platform\unittest\bin\debug\net6.0-windows\videoos.platform.tests.dll" id="276c0e6d-3f7a-82fd-4800-9c53564baba3">
      <Execution id="d50dc93f-83b3-4d89-b8a5-e874f16d6615" />
      <TestMethod codeBase="D:\actions-runner\_work\XPCO\XPCO\AllSolutions\..\MIP\PlatformPlugin\VideoOS.Platform\unittest\bin\Debug\net6.0-windows\VideoOS.Platform.Tests.dll" adapterTypeName="executor://mstestadapter/v2" className="VideoOS.Platform.Tests.FQIDtests" name="Equals_Fail_OnServerIdId" />
    </UnitTest>
    <UnitTest name="Flush_ShouldClearCache" storage="d:\actions-runner\_work\xpco\xpco\allsolutions\..\mip\platformplugin\videoos.platform\unittest\bin\debug\net6.0-windows\videoos.platform.tests.dll" id="1ebf1719-320f-c38b-2f84-2a795fe44eb1">
      <Execution id="a15934fe-de99-4215-b38b-146b2d6e0ad1" />
      <TestMethod codeBase="D:\actions-runner\_work\XPCO\XPCO\AllSolutions\..\MIP\PlatformPlugin\VideoOS.Platform\unittest\bin\Debug\net6.0-windows\VideoOS.Platform.Tests.dll" adapterTypeName="executor://mstestadapter/v2" className="VideoOS.Platform.Tests.Util.ConfigurationCacheTests" name="Flush_ShouldClearCache" />
    </UnitTest>
    <UnitTest name="IsValid_ShouldReturnFalse_WhenLikelihoodIsZero" storage="d:\actions-runner\_work\xpco\xpco\allsolutions\..\mip\platformplugin\videoos.platform\unittest\bin\debug\net6.0-windows\videoos.platform.tests.dll" id="beb002c5-eb95-8910-8bc5-4aa180fe028d">
      <Execution id="c2ec5d24-0e92-40c6-833e-3caa9b3ec0b7" />
      <TestMethod codeBase="D:\actions-runner\_work\XPCO\XPCO\AllSolutions\..\MIP\PlatformPlugin\VideoOS.Platform\unittest\bin\Debug\net6.0-windows\VideoOS.Platform.Tests.dll" adapterTypeName="executor://mstestadapter/v2" className="VideoOS.Platform.Tests.Metadata.ClassCandidateTests" name="IsValid_ShouldReturnFalse_WhenLikelihoodIsZero" />
    </UnitTest>
    <UnitTest name="TestRestartSearch_DefinitionNotRespectingCancellation_Success" storage="d:\actions-runner\_work\xpco\xpco\allsolutions\..\mip\platformplugin\videoos.platform\unittest\bin\debug\net6.0-windows\videoos.platform.tests.dll" id="1ac2e93a-b365-1e96-2efb-b968ca2d75c7">
      <TestCategory>
        <TestCategoryItem TestCategory="Search" />
      </TestCategory>
      <Execution id="ae9126c5-01a1-4c71-a6e1-f15912129fc8" />
      <TestMethod codeBase="D:\actions-runner\_work\XPCO\XPCO\AllSolutions\..\MIP\PlatformPlugin\VideoOS.Platform\unittest\bin\Debug\net6.0-windows\VideoOS.Platform.Tests.dll" adapterTypeName="executor://mstestadapter/v2" className="VideoOS.Platform.Tests.Search.SearchManagerTest" name="TestRestartSearch_DefinitionNotRespectingCancellation_Success" />
    </UnitTest>
    <UnitTest name="Equals_ShouldReturnTrue_WhenHostDifferOnlyByPortInHost" storage="d:\actions-runner\_work\xpco\xpco\allsolutions\..\mip\platformplugin\videoos.platform\unittest\bin\debug\net6.0-windows\videoos.platform.tests.dll" id="88b3639f-ec99-90c4-a195-d859d4e9c60c">
      <Execution id="7581f1e4-1ce5-4d42-859f-e977887f97f4" />
      <TestMethod codeBase="D:\actions-runner\_work\XPCO\XPCO\AllSolutions\..\MIP\PlatformPlugin\VideoOS.Platform\unittest\bin\Debug\net6.0-windows\VideoOS.Platform.Tests.dll" adapterTypeName="executor://mstestadapter/v2" className="VideoOS.Platform.Tests.ServerIdTests" name="Equals_ShouldReturnTrue_WhenHostDifferOnlyByPortInHost" />
    </UnitTest>
    <UnitTest name="Construct2_And_Field_Check" storage="d:\actions-runner\_work\xpco\xpco\allsolutions\..\mip\platformplugin\videoos.platform\unittest\bin\debug\net6.0-windows\videoos.platform.tests.dll" id="20458d0b-b85c-491e-b4ab-b9b8494bb490">
      <Execution id="60ec0b66-1e39-4a33-87a0-2d42e51cd99d" />
      <TestMethod codeBase="D:\actions-runner\_work\XPCO\XPCO\AllSolutions\..\MIP\PlatformPlugin\VideoOS.Platform\unittest\bin\Debug\net6.0-windows\VideoOS.Platform.Tests.dll" adapterTypeName="executor://mstestadapter/v2" className="VideoOS.Platform.Tests.ItemTests" name="Construct2_And_Field_Check" />
    </UnitTest>
    <UnitTest name="LastModified_ShouldReturnValue" storage="d:\actions-runner\_work\xpco\xpco\allsolutions\..\mip\platformplugin\videoos.platform\unittest\bin\debug\net6.0-windows\videoos.platform.tests.dll" id="cc8be762-b7fa-6acb-868c-b6f8dd397e9b">
      <Execution id="8586b372-493d-4953-8b9c-f8d9a3c92168" />
      <TestMethod codeBase="D:\actions-runner\_work\XPCO\XPCO\AllSolutions\..\MIP\PlatformPlugin\VideoOS.Platform\unittest\bin\Debug\net6.0-windows\VideoOS.Platform.Tests.dll" adapterTypeName="executor://mstestadapter/v2" className="VideoOS.Platform.Tests.Util.ConfigurationCacheTests" name="LastModified_ShouldReturnValue" />
    </UnitTest>
    <UnitTest name="SetChildren_UnKnown_Check" storage="d:\actions-runner\_work\xpco\xpco\allsolutions\..\mip\platformplugin\videoos.platform\unittest\bin\debug\net6.0-windows\videoos.platform.tests.dll" id="2de77298-4b39-f702-f7c5-8b8c0ceb02ec">
      <Execution id="6293d6dc-5819-411e-ac83-91633c87521f" />
      <TestMethod codeBase="D:\actions-runner\_work\XPCO\XPCO\AllSolutions\..\MIP\PlatformPlugin\VideoOS.Platform\unittest\bin\Debug\net6.0-windows\VideoOS.Platform.Tests.dll" adapterTypeName="executor://mstestadapter/v2" className="VideoOS.Platform.Tests.ItemTests" name="SetChildren_UnKnown_Check" />
    </UnitTest>
    <UnitTest name="TestConstructor_NullExceptionParameters_Failure" storage="d:\actions-runner\_work\xpco\xpco\allsolutions\..\mip\platformplugin\videoos.platform\unittest\bin\debug\net6.0-windows\videoos.platform.tests.dll" id="bbdf2549-aad3-7a58-579e-b0fce02debdf">
      <Execution id="89367b0e-c55f-47f1-9440-b85c0a885561" />
      <TestMethod codeBase="D:\actions-runner\_work\XPCO\XPCO\AllSolutions\..\MIP\PlatformPlugin\VideoOS.Platform\unittest\bin\Debug\net6.0-windows\VideoOS.Platform.Tests.dll" adapterTypeName="executor://mstestadapter/v2" className="VideoOS.Platform.Tests.Search.Error.CustomSearchErrorTest" name="TestConstructor_NullExceptionParameters_Failure" />
    </UnitTest>
    <UnitTest name="ReadXml_ShouldSetAllFieldsToNull_ThatAreNotPresentInXml" storage="d:\actions-runner\_work\xpco\xpco\allsolutions\..\mip\platformplugin\videoos.platform\unittest\bin\debug\net6.0-windows\videoos.platform.tests.dll" id="3c6ec36d-3aca-cc8c-f540-f0674fae16f9">
      <Execution id="5065dd47-6545-4a0e-94a5-30b5e0c22a54" />
      <TestMethod codeBase="D:\actions-runner\_work\XPCO\XPCO\AllSolutions\..\MIP\PlatformPlugin\VideoOS.Platform\unittest\bin\Debug\net6.0-windows\VideoOS.Platform.Tests.dll" adapterTypeName="executor://mstestadapter/v2" className="VideoOS.Platform.Tests.Metadata.MetadataStreamTests" name="ReadXml_ShouldSetAllFieldsToNull_ThatAreNotPresentInXml" />
    </UnitTest>
    <UnitTest name="ReadXml_ShouldSetAllPropertiesToFalse_WhenElementIsEmpty" storage="d:\actions-runner\_work\xpco\xpco\allsolutions\..\mip\platformplugin\videoos.platform\unittest\bin\debug\net6.0-windows\videoos.platform.tests.dll" id="b10c5cfd-13d5-732d-40b9-1c8a8f0d6512">
      <Execution id="871aea09-65ca-4437-b4e2-cfd19f81ad56" />
      <TestMethod codeBase="D:\actions-runner\_work\XPCO\XPCO\AllSolutions\..\MIP\PlatformPlugin\VideoOS.Platform\unittest\bin\Debug\net6.0-windows\VideoOS.Platform.Tests.dll" adapterTypeName="executor://mstestadapter/v2" className="VideoOS.Platform.Tests.Metadata.BehaviourTests" name="ReadXml_ShouldSetAllPropertiesToFalse_WhenElementIsEmpty" />
    </UnitTest>
    <UnitTest name="TestMultiLevelQueue_ParallelResourceProcessors_Success" storage="d:\actions-runner\_work\xpco\xpco\allsolutions\..\mip\platformplugin\videoos.platform\unittest\bin\debug\net6.0-windows\videoos.platform.tests.dll" id="47a53b29-7b9e-c9bf-9646-9c0d3127b256">
      <Execution id="a5073bef-57de-4e39-a2c2-1109c893dfb9" />
      <TestMethod codeBase="D:\actions-runner\_work\XPCO\XPCO\AllSolutions\..\MIP\PlatformPlugin\VideoOS.Platform\unittest\bin\Debug\net6.0-windows\VideoOS.Platform.Tests.dll" adapterTypeName="executor://mstestadapter/v2" className="VideoOS.Platform.Tests.Util.Queue.MultiLevelResourceQueueTests" name="TestMultiLevelQueue_ParallelResourceProcessors_Success" />
    </UnitTest>
    <UnitTest name="GetItems_ShouldReturnNull_WhenNotAllAdded" storage="d:\actions-runner\_work\xpco\xpco\allsolutions\..\mip\platformplugin\videoos.platform\unittest\bin\debug\net6.0-windows\videoos.platform.tests.dll" id="e56c4b03-9d5d-a70b-1573-44a88bf4c200">
      <Execution id="86cc8df3-80f0-4c36-a4ab-45755bb5f5c8" />
      <TestMethod codeBase="D:\actions-runner\_work\XPCO\XPCO\AllSolutions\..\MIP\PlatformPlugin\VideoOS.Platform\unittest\bin\Debug\net6.0-windows\VideoOS.Platform.Tests.dll" adapterTypeName="executor://mstestadapter/v2" className="VideoOS.Platform.Tests.Util.ConfigurationCacheTests" name="GetItems_ShouldReturnNull_WhenNotAllAdded" />
    </UnitTest>
    <UnitTest name="ProvideValue_ShouldNotSetTargetProperty_WhenSelectedItemIsNotSet" storage="d:\actions-runner\_work\xpco\xpco\allsolutions\..\mip\platformplugin\videoos.platform\unittest\bin\debug\net6.0-windows\videoos.platform.tests.dll" id="480bc1d4-3034-9948-bf19-a924b6ce5c64">
      <TestCategory>
        <TestCategoryItem TestCategory="DropDowns" />
      </TestCategory>
      <Execution id="6710c573-0f0b-40fb-98bd-dee6a0718be0" />
      <TestMethod codeBase="D:\actions-runner\_work\XPCO\XPCO\AllSolutions\..\MIP\PlatformPlugin\VideoOS.Platform\unittest\bin\Debug\net6.0-windows\VideoOS.Platform.Tests.dll" adapterTypeName="executor://mstestadapter/v2" className="VideoOS.Platform.Tests.UI.Controls.DropDowns.Internal.SelectedItemIconSourceExtensionTest" name="ProvideValue_ShouldNotSetTargetProperty_WhenSelectedItemIsNotSet" />
    </UnitTest>
    <UnitTest name="TestStartSearch_SearchThrowsException_Success" storage="d:\actions-runner\_work\xpco\xpco\allsolutions\..\mip\platformplugin\videoos.platform\unittest\bin\debug\net6.0-windows\videoos.platform.tests.dll" id="75ddd398-1cad-151d-e563-84e2015359ae">
      <TestCategory>
        <TestCategoryItem TestCategory="Search" />
      </TestCategory>
      <Execution id="7154560d-ca0d-4cc9-b4d8-f8f54d2b620d" />
      <TestMethod codeBase="D:\actions-runner\_work\XPCO\XPCO\AllSolutions\..\MIP\PlatformPlugin\VideoOS.Platform\unittest\bin\Debug\net6.0-windows\VideoOS.Platform.Tests.dll" adapterTypeName="executor://mstestadapter/v2" className="VideoOS.Platform.Tests.Search.SearchManagerTest" name="TestStartSearch_SearchThrowsException_Success" />
    </UnitTest>
    <UnitTest name="ReadXml_ShouldReadScale_WhenScaleIsPresent" storage="d:\actions-runner\_work\xpco\xpco\allsolutions\..\mip\platformplugin\videoos.platform\unittest\bin\debug\net6.0-windows\videoos.platform.tests.dll" id="179839b6-b471-f653-0f2c-79b9d0414c3f">
      <Execution id="9d459b7d-6b05-4491-b46d-3b1529096f5e" />
      <TestMethod codeBase="D:\actions-runner\_work\XPCO\XPCO\AllSolutions\..\MIP\PlatformPlugin\VideoOS.Platform\unittest\bin\Debug\net6.0-windows\VideoOS.Platform.Tests.dll" adapterTypeName="executor://mstestadapter/v2" className="VideoOS.Platform.Tests.Metadata.TransformationTests" name="ReadXml_ShouldReadScale_WhenScaleIsPresent" />
    </UnitTest>
    <UnitTest name="Get_Element" storage="d:\actions-runner\_work\xpco\xpco\allsolutions\..\mip\platformplugin\videoos.platform\unittest\bin\debug\net6.0-windows\videoos.platform.tests.dll" id="58e16725-e739-c95e-f63b-6da9cd475080">
      <Execution id="40ea3973-ab7d-49c6-8e54-3808b12ad1b9" />
      <TestMethod codeBase="D:\actions-runner\_work\XPCO\XPCO\AllSolutions\..\MIP\PlatformPlugin\VideoOS.Platform\unittest\bin\Debug\net6.0-windows\VideoOS.Platform.Tests.dll" adapterTypeName="executor://mstestadapter/v2" className="VideoOS.Platform.Tests.Proxy.RestApi.JsonReaderTests" name="Get_Element" />
    </UnitTest>
    <UnitTest name="ReadXml_ShouldReadBoundingBoxAppearanceExtension_WhenBoundingBoxAppearanceExtensionIsPresent" storage="d:\actions-runner\_work\xpco\xpco\allsolutions\..\mip\platformplugin\videoos.platform\unittest\bin\debug\net6.0-windows\videoos.platform.tests.dll" id="0daed256-eb5b-ff97-e9ff-02ba280c96b0">
      <Execution id="483528c9-de69-4bf5-99eb-47adb968b6b1" />
      <TestMethod codeBase="D:\actions-runner\_work\XPCO\XPCO\AllSolutions\..\MIP\PlatformPlugin\VideoOS.Platform\unittest\bin\Debug\net6.0-windows\VideoOS.Platform.Tests.dll" adapterTypeName="executor://mstestadapter/v2" className="VideoOS.Platform.Tests.Metadata.ShapeTests" name="ReadXml_ShouldReadBoundingBoxAppearanceExtension_WhenBoundingBoxAppearanceExtensionIsPresent" />
    </UnitTest>
    <UnitTest name="KindsFilter_OneKind_OnlyAllowedKindShown" storage="d:\actions-runner\_work\xpco\xpco\allsolutions\..\mip\platformplugin\videoos.platform\unittest\bin\debug\net6.0-windows\videoos.platform.tests.dll" id="9fd29388-e6f2-2ce9-7173-3d8e1efacf79">
      <Execution id="9889f7af-8c38-4c76-8cd0-4a35454f76c9" />
      <TestMethod codeBase="D:\actions-runner\_work\XPCO\XPCO\AllSolutions\..\MIP\PlatformPlugin\VideoOS.Platform\unittest\bin\Debug\net6.0-windows\VideoOS.Platform.Tests.dll" adapterTypeName="executor://mstestadapter/v2" className="VideoOS.Platform.Tests.UI.ItemPicker.PopulateThreadTest" name="KindsFilter_OneKind_OnlyAllowedKindShown" />
    </UnitTest>
    <UnitTest name="Minimize_ShouldReturnTwoIntervals_WhenListContainsTwoNonOverlappingIntervalsReversed" storage="d:\actions-runner\_work\xpco\xpco\allsolutions\..\mip\platformplugin\videoos.platform\unittest\bin\debug\net6.0-windows\videoos.platform.tests.dll" id="9ef77c95-5283-32cc-e077-a32bcc727b45">
      <Execution id="1b36233b-e6b0-40fe-bc7d-59fed8628b35" />
      <TestMethod codeBase="D:\actions-runner\_work\XPCO\XPCO\AllSolutions\..\MIP\PlatformPlugin\VideoOS.Platform\unittest\bin\Debug\net6.0-windows\VideoOS.Platform.Tests.dll" adapterTypeName="executor://mstestadapter/v2" className="VideoOS.Platform.Tests.Util.TimeIntervalTests" name="Minimize_ShouldReturnTwoIntervals_WhenListContainsTwoNonOverlappingIntervalsReversed" />
    </UnitTest>
    <UnitTest name="GetNearest_ShouldReturnLastElement_WhenTimestampIsSamesAsLastElement" storage="d:\actions-runner\_work\xpco\xpco\allsolutions\..\mip\platformplugin\videoos.platform\unittest\bin\debug\net6.0-windows\videoos.platform.tests.dll" id="d44d55cb-b29b-7590-3980-4d0ce2902600">
      <Execution id="38a7ac54-4509-4ea3-9ddf-7787d3762430" />
      <TestMethod codeBase="D:\actions-runner\_work\XPCO\XPCO\AllSolutions\..\MIP\PlatformPlugin\VideoOS.Platform\unittest\bin\Debug\net6.0-windows\VideoOS.Platform.Tests.dll" adapterTypeName="executor://mstestadapter/v2" className="VideoOS.Platform.Tests.Data.MetadataCacheTests" name="GetNearest_ShouldReturnLastElement_WhenTimestampIsSamesAsLastElement" />
    </UnitTest>
    <UnitTest name="Apply_ShouldDoNothing_WhenArgumentIsNull" storage="d:\actions-runner\_work\xpco\xpco\allsolutions\..\mip\platformplugin\videoos.platform\unittest\bin\debug\net6.0-windows\videoos.platform.tests.dll" id="3164fb82-de29-8026-529f-6acf36741c8b">
      <Execution id="e100caf3-8408-4693-aae7-d4af84112bcc" />
      <TestMethod codeBase="D:\actions-runner\_work\XPCO\XPCO\AllSolutions\..\MIP\PlatformPlugin\VideoOS.Platform\unittest\bin\Debug\net6.0-windows\VideoOS.Platform.Tests.dll" adapterTypeName="executor://mstestadapter/v2" className="VideoOS.Platform.Tests.Metadata.RectangleTests" name="Apply_ShouldDoNothing_WhenArgumentIsNull" />
    </UnitTest>
    <UnitTest name="GetChildren_And_Check" storage="d:\actions-runner\_work\xpco\xpco\allsolutions\..\mip\platformplugin\videoos.platform\unittest\bin\debug\net6.0-windows\videoos.platform.tests.dll" id="49bc91b3-0e58-95cf-9899-940758bf9038">
      <Execution id="1ebd50cb-6c37-4331-9640-ed405f009d59" />
      <TestMethod codeBase="D:\actions-runner\_work\XPCO\XPCO\AllSolutions\..\MIP\PlatformPlugin\VideoOS.Platform\unittest\bin\Debug\net6.0-windows\VideoOS.Platform.Tests.dll" adapterTypeName="executor://mstestadapter/v2" className="VideoOS.Platform.Tests.ItemTests" name="GetChildren_And_Check" />
    </UnitTest>
    <UnitTest name="GenerateDeviceCapabilityParameters_ShouldWriteDefaultValue_WhenAlways" storage="d:\actions-runner\_work\xpco\xpco\allsolutions\..\mip\platformplugin\videoos.platform\unittest\bin\debug\net6.0-windows\videoos.platform.tests.dll" id="cacda86d-f0f9-0934-0ba5-b96987330f36">
      <Execution id="2465cf1e-0c51-41a0-b5ea-c4c3be9b38d1" />
      <TestMethod codeBase="D:\actions-runner\_work\XPCO\XPCO\AllSolutions\..\MIP\PlatformPlugin\VideoOS.Platform\unittest\bin\Debug\net6.0-windows\VideoOS.Platform.Tests.dll" adapterTypeName="executor://mstestadapter/v2" className="VideoOS.Platform.Tests.Data.EnumCapabilityTests" name="GenerateDeviceCapabilityParameters_ShouldWriteDefaultValue_WhenAlways" />
    </UnitTest>
    <UnitTest name="BuildOverlayWidthHeightBaseEvent_ShouldReturnCorrectSizedBitmap_WhenArgumentIsAnalyticsEvent" storage="d:\actions-runner\_work\xpco\xpco\allsolutions\..\mip\platformplugin\videoos.platform\unittest\bin\debug\net6.0-windows\videoos.platform.tests.dll" id="555e4b79-92bf-9342-267d-e971e8e557fa">
      <Execution id="dc03611b-52b5-4c14-ad53-2aebe2b03272" />
      <TestMethod codeBase="D:\actions-runner\_work\XPCO\XPCO\AllSolutions\..\MIP\PlatformPlugin\VideoOS.Platform\unittest\bin\Debug\net6.0-windows\VideoOS.Platform.Tests.dll" adapterTypeName="executor://mstestadapter/v2" className="VideoOS.Platform.Tests.Util.AnalyticsOverlayBuilderTests" name="BuildOverlayWidthHeightBaseEvent_ShouldReturnCorrectSizedBitmap_WhenArgumentIsAnalyticsEvent" />
    </UnitTest>
    <UnitTest name="GetNext_ShouldReturnEntryAfterFirstReturnedEntry_WhenFindCacheEntryBeforeWasCalledAndThereIsANextEntry" storage="d:\actions-runner\_work\xpco\xpco\allsolutions\..\mip\platformplugin\videoos.platform\unittest\bin\debug\net6.0-windows\videoos.platform.tests.dll" id="ee0b5b54-d791-b6a4-b0fb-2c250f632e6e">
      <Execution id="17e484c4-a0cb-43ca-bff7-d66fe2ceafc4" />
      <TestMethod codeBase="D:\actions-runner\_work\XPCO\XPCO\AllSolutions\..\MIP\PlatformPlugin\VideoOS.Platform\unittest\bin\Debug\net6.0-windows\VideoOS.Platform.Tests.dll" adapterTypeName="executor://mstestadapter/v2" className="VideoOS.Platform.Tests.Data.MetadataCacheTests" name="GetNext_ShouldReturnEntryAfterFirstReturnedEntry_WhenFindCacheEntryBeforeWasCalledAndThereIsANextEntry" />
    </UnitTest>
    <UnitTest name="GetBegin_ShouldReturnNull_WhenToolkitReturnsResponseWithNullDataList" storage="d:\actions-runner\_work\xpco\xpco\allsolutions\..\mip\platformplugin\videoos.platform\unittest\bin\debug\net6.0-windows\videoos.platform.tests.dll" id="66298706-cc94-6c9f-0a35-7ab07950020d">
      <Execution id="4b4a1658-d4f3-4884-9bef-01af8c7b5178" />
      <TestMethod codeBase="D:\actions-runner\_work\XPCO\XPCO\AllSolutions\..\MIP\PlatformPlugin\VideoOS.Platform\unittest\bin\Debug\net6.0-windows\VideoOS.Platform.Tests.dll" adapterTypeName="executor://mstestadapter/v2" className="VideoOS.Platform.Tests.Data.MetadataPlaybackSourceTests" name="GetBegin_ShouldReturnNull_WhenToolkitReturnsResponseWithNullDataList" />
    </UnitTest>
    <UnitTest name="ProvideValue_ShouldUseItemDataValue_WhenItemDataPropertyNameIsSet" storage="d:\actions-runner\_work\xpco\xpco\allsolutions\..\mip\platformplugin\videoos.platform\unittest\bin\debug\net6.0-windows\videoos.platform.tests.dll" id="fb0f855b-006e-c67f-b9b6-ef310c289ea8">
      <TestCategory>
        <TestCategoryItem TestCategory="DropDowns" />
      </TestCategory>
      <Execution id="53feaee0-f05f-4a23-bb98-2269cd2eda4c" />
      <TestMethod codeBase="D:\actions-runner\_work\XPCO\XPCO\AllSolutions\..\MIP\PlatformPlugin\VideoOS.Platform\unittest\bin\Debug\net6.0-windows\VideoOS.Platform.Tests.dll" adapterTypeName="executor://mstestadapter/v2" className="VideoOS.Platform.Tests.UI.Controls.DropDowns.Internal.SelectedItemCustomContentDataExtensionTest" name="ProvideValue_ShouldUseItemDataValue_WhenItemDataPropertyNameIsSet" />
    </UnitTest>
    <UnitTest name="IsCriteriaAccepted_ValidItem_True" storage="d:\actions-runner\_work\xpco\xpco\allsolutions\..\mip\platformplugin\videoos.platform\unittest\bin\debug\net6.0-windows\videoos.platform.tests.dll" id="8f3b8a17-8863-f4c3-5425-91ed08db45b8">
      <Execution id="e9a0d93a-2517-45f0-9faf-24bfd2140fe4" />
      <TestMethod codeBase="D:\actions-runner\_work\XPCO\XPCO\AllSolutions\..\MIP\PlatformPlugin\VideoOS.Platform\unittest\bin\Debug\net6.0-windows\VideoOS.Platform.Tests.dll" adapterTypeName="executor://mstestadapter/v2" className="VideoOS.Platform.Tests.UI.ItemPicker.ItemPickerViewModelTest" name="IsCriteriaAccepted_ValidItem_True" />
    </UnitTest>
    <UnitTest name="Match_Fail_SystemType_WrongType" storage="d:\actions-runner\_work\xpco\xpco\allsolutions\..\mip\platformplugin\videoos.platform\unittest\bin\debug\net6.0-windows\videoos.platform.tests.dll" id="e5af325c-5bae-fda3-b423-271b64739afe">
      <Execution id="bdacd94e-18e5-469a-934c-93495cc720b1" />
      <TestMethod codeBase="D:\actions-runner\_work\XPCO\XPCO\AllSolutions\..\MIP\PlatformPlugin\VideoOS.Platform\unittest\bin\Debug\net6.0-windows\VideoOS.Platform.Tests.dll" adapterTypeName="executor://mstestadapter/v2" className="VideoOS.Platform.Tests.Messaging.CommunicationIdFilterTests" name="Match_Fail_SystemType_WrongType" />
    </UnitTest>
    <UnitTest name="BuildOverlayWidthHeightBaseEvent_ShouldReturnCorrectSizedBitmap_WhenArgumentIsAnalyticsEventWithNoObjectPolygon" storage="d:\actions-runner\_work\xpco\xpco\allsolutions\..\mip\platformplugin\videoos.platform\unittest\bin\debug\net6.0-windows\videoos.platform.tests.dll" id="68839c3f-a774-538d-b591-9a44c343225f">
      <Execution id="caf81097-d2a9-40be-b013-bc3e97da4a45" />
      <TestMethod codeBase="D:\actions-runner\_work\XPCO\XPCO\AllSolutions\..\MIP\PlatformPlugin\VideoOS.Platform\unittest\bin\Debug\net6.0-windows\VideoOS.Platform.Tests.dll" adapterTypeName="executor://mstestadapter/v2" className="VideoOS.Platform.Tests.Util.AnalyticsOverlayBuilderTests" name="BuildOverlayWidthHeightBaseEvent_ShouldReturnCorrectSizedBitmap_WhenArgumentIsAnalyticsEventWithNoObjectPolygon" />
    </UnitTest>
    <UnitTest name="TestStartSearch_Success" storage="d:\actions-runner\_work\xpco\xpco\allsolutions\..\mip\platformplugin\videoos.platform\unittest\bin\debug\net6.0-windows\videoos.platform.tests.dll" id="125978d4-3525-643c-7140-287b2e679bf8">
      <TestCategory>
        <TestCategoryItem TestCategory="Search" />
      </TestCategory>
      <Execution id="700f8f5b-3075-4c40-8d7f-5a33ebf510f0" />
      <TestMethod codeBase="D:\actions-runner\_work\XPCO\XPCO\AllSolutions\..\MIP\PlatformPlugin\VideoOS.Platform\unittest\bin\Debug\net6.0-windows\VideoOS.Platform.Tests.dll" adapterTypeName="executor://mstestadapter/v2" className="VideoOS.Platform.Tests.Search.SearchManagerTest" name="TestStartSearch_Success" />
    </UnitTest>
    <UnitTest name="AllAttributesWerePresent_ShouldReturnFalse_WhenXAttributeIsNotAFloat" storage="d:\actions-runner\_work\xpco\xpco\allsolutions\..\mip\platformplugin\videoos.platform\unittest\bin\debug\net6.0-windows\videoos.platform.tests.dll" id="3dddadb3-73e5-0530-cc2f-efb35c37fd4b">
      <Execution id="53a3d1be-f64f-4a58-a193-6300105b8f02" />
      <TestMethod codeBase="D:\actions-runner\_work\XPCO\XPCO\AllSolutions\..\MIP\PlatformPlugin\VideoOS.Platform\unittest\bin\Debug\net6.0-windows\VideoOS.Platform.Tests.dll" adapterTypeName="executor://mstestadapter/v2" className="VideoOS.Platform.Tests.Metadata.VectorTests" name="AllAttributesWerePresent_ShouldReturnFalse_WhenXAttributeIsNotAFloat" />
    </UnitTest>
    <UnitTest name="GetClientAsync_NotStartsClient_WhenLoggedOut" storage="d:\actions-runner\_work\xpco\xpco\allsolutions\..\mip\platformplugin\videoos.platform\unittest\bin\debug\net6.0-windows\videoos.platform.tests.dll" id="618c093b-a0b6-05a6-fc06-deebeffd4e3d">
      <Execution id="4fd1ca0d-913e-45f1-9a6e-d338c0719eb8" />
      <TestMethod codeBase="D:\actions-runner\_work\XPCO\XPCO\AllSolutions\..\MIP\PlatformPlugin\VideoOS.Platform\unittest\bin\Debug\net6.0-windows\VideoOS.Platform.Tests.dll" adapterTypeName="executor://mstestadapter/v2" className="VideoOS.Platform.Tests.Messaging.MessageClientManagerTests" name="GetClientAsync_NotStartsClient_WhenLoggedOut" />
    </UnitTest>
    <UnitTest name="SearchResultData_BeginTimeWithPadding_Success" storage="d:\actions-runner\_work\xpco\xpco\allsolutions\..\mip\platformplugin\videoos.platform\unittest\bin\debug\net6.0-windows\videoos.platform.tests.dll" id="0fd657fb-3854-1b2f-0c0f-8cf8e1efee07">
      <TestCategory>
        <TestCategoryItem TestCategory="Search" />
      </TestCategory>
      <Execution id="5091bc8e-1bb9-42fe-8520-37c20cbbd096" />
      <TestMethod codeBase="D:\actions-runner\_work\XPCO\XPCO\AllSolutions\..\MIP\PlatformPlugin\VideoOS.Platform\unittest\bin\Debug\net6.0-windows\VideoOS.Platform.Tests.dll" adapterTypeName="executor://mstestadapter/v2" className="VideoOS.Platform.Tests.Search.SearchResultDataTest" name="SearchResultData_BeginTimeWithPadding_Success" />
    </UnitTest>
    <UnitTest name="WriteXml_ShouldWriteXAttribute_WhenAlays" storage="d:\actions-runner\_work\xpco\xpco\allsolutions\..\mip\platformplugin\videoos.platform\unittest\bin\debug\net6.0-windows\videoos.platform.tests.dll" id="549a1786-aafc-b11d-904d-59c7dd4fc0a3">
      <Execution id="2a61e00f-0af2-4d4b-927e-405aa0ffd4db" />
      <TestMethod codeBase="D:\actions-runner\_work\XPCO\XPCO\AllSolutions\..\MIP\PlatformPlugin\VideoOS.Platform\unittest\bin\Debug\net6.0-windows\VideoOS.Platform.Tests.dll" adapterTypeName="executor://mstestadapter/v2" className="VideoOS.Platform.Tests.Metadata.VectorTests" name="WriteXml_ShouldWriteXAttribute_WhenAlays" />
    </UnitTest>
    <UnitTest name="Serialize_TestCases (TestParentTypeMatchBoolThisTypeMatched)" storage="d:\actions-runner\_work\xpco\xpco\allsolutions\..\mip\platformplugin\videoos.platform\unittest\bin\debug\net6.0-windows\videoos.platform.tests.dll" id="10c9843d-cde7-1676-7217-072b639d2cdf">
      <Execution id="3ebb59d0-bc25-4d4d-a0a8-79a6488a1e61" />
      <TestMethod codeBase="D:\actions-runner\_work\XPCO\XPCO\AllSolutions\..\MIP\PlatformPlugin\VideoOS.Platform\unittest\bin\Debug\net6.0-windows\VideoOS.Platform.Tests.dll" adapterTypeName="executor://mstestadapter/v2" className="VideoOS.Platform.Tests.UI.Controls.Automation.Serialization.AutomationObjectSerializerTest" name="Serialize_TestCases" />
    </UnitTest>
    <UnitTest name="Enabled_Properties_With_Disable_True_success" storage="d:\actions-runner\_work\xpco\xpco\allsolutions\..\mip\platformplugin\videoos.platform\unittest\bin\debug\net6.0-windows\videoos.platform.tests.dll" id="bb812b16-0590-e601-98e0-332d7569575a">
      <Execution id="0b44eb36-1f76-4272-8362-a33571cae39e" />
      <TestMethod codeBase="D:\actions-runner\_work\XPCO\XPCO\AllSolutions\..\MIP\PlatformPlugin\VideoOS.Platform\unittest\bin\Debug\net6.0-windows\VideoOS.Platform.Tests.dll" adapterTypeName="executor://mstestadapter/v2" className="VideoOS.Platform.Tests.ItemTests" name="Enabled_Properties_With_Disable_True_success" />
    </UnitTest>
    <UnitTest name="Ctor_WhitespaceName_Throws" storage="d:\actions-runner\_work\xpco\xpco\allsolutions\..\mip\platformplugin\videoos.platform\unittest\bin\debug\net6.0-windows\videoos.platform.tests.dll" id="07804473-e40a-283c-1bf0-1e8f6fcff5c4">
      <TestCategory>
        <TestCategoryItem TestCategory="Search" />
      </TestCategory>
      <Execution id="002b2a8f-aabc-49ac-8566-5f551b77b7d4" />
      <TestMethod codeBase="D:\actions-runner\_work\XPCO\XPCO\AllSolutions\..\MIP\PlatformPlugin\VideoOS.Platform\unittest\bin\Debug\net6.0-windows\VideoOS.Platform.Tests.dll" adapterTypeName="executor://mstestadapter/v2" className="VideoOS.Platform.Tests.Search.FilterCategories.PersonSearchFilterCategoryTest" name="Ctor_WhitespaceName_Throws" />
    </UnitTest>
    <UnitTest name="CreateSearchResultUserControl_MultiplePlugins_MilestonePluginsFirst" storage="d:\actions-runner\_work\xpco\xpco\allsolutions\..\mip\platformplugin\videoos.platform\unittest\bin\debug\net6.0-windows\videoos.platform.tests.dll" id="e6e395b4-3b84-d36a-a38c-e5e638fee7fb">
      <TestCategory>
        <TestCategoryItem TestCategory="Search" />
      </TestCategory>
      <Execution id="63511a68-f657-41b8-b62b-8831a9176028" />
      <TestMethod codeBase="D:\actions-runner\_work\XPCO\XPCO\AllSolutions\..\MIP\PlatformPlugin\VideoOS.Platform\unittest\bin\Debug\net6.0-windows\VideoOS.Platform.Tests.dll" adapterTypeName="executor://mstestadapter/v2" className="VideoOS.Platform.Tests.Search.SearchUserControlResolverTest" name="CreateSearchResultUserControl_MultiplePlugins_MilestonePluginsFirst" />
    </UnitTest>
    <UnitTest name="Enqueue_TwoProducers_Success" storage="d:\actions-runner\_work\xpco\xpco\allsolutions\..\mip\platformplugin\videoos.platform\unittest\bin\debug\net6.0-windows\videoos.platform.tests.dll" id="d70deda9-d414-d7bd-403c-5fb9de797fb3">
      <Execution id="f1f4876f-abad-4020-85e0-17f9d2af7b44" />
      <TestMethod codeBase="D:\actions-runner\_work\XPCO\XPCO\AllSolutions\..\MIP\PlatformPlugin\VideoOS.Platform\unittest\bin\Debug\net6.0-windows\VideoOS.Platform.Tests.dll" adapterTypeName="executor://mstestadapter/v2" className="VideoOS.Platform.Tests.Util.Queue.ConcurrentQueueSlimTests" name="Enqueue_TwoProducers_Success" />
    </UnitTest>
    <UnitTest name="Minimize_ShouldReturnOneInterval_WhenListContainsThreeOverlappingIntervals" storage="d:\actions-runner\_work\xpco\xpco\allsolutions\..\mip\platformplugin\videoos.platform\unittest\bin\debug\net6.0-windows\videoos.platform.tests.dll" id="20233fe2-b748-308d-725e-1b3b65fd4fc4">
      <Execution id="2490ead9-4bdb-4a35-a2a8-a21e2e84176a" />
      <TestMethod codeBase="D:\actions-runner\_work\XPCO\XPCO\AllSolutions\..\MIP\PlatformPlugin\VideoOS.Platform\unittest\bin\Debug\net6.0-windows\VideoOS.Platform.Tests.dll" adapterTypeName="executor://mstestadapter/v2" className="VideoOS.Platform.Tests.Util.TimeIntervalTests" name="Minimize_ShouldReturnOneInterval_WhenListContainsThreeOverlappingIntervals" />
    </UnitTest>
    <UnitTest name="Remove_NullItem_DoesNotCrash" storage="d:\actions-runner\_work\xpco\xpco\allsolutions\..\mip\platformplugin\videoos.platform\unittest\bin\debug\net6.0-windows\videoos.platform.tests.dll" id="c59043ee-e462-ae6f-68e0-aa6381ac3c86">
      <Execution id="f57e76a6-0304-4e8d-a566-f95c223ab4d5" />
      <TestMethod codeBase="D:\actions-runner\_work\XPCO\XPCO\AllSolutions\..\MIP\PlatformPlugin\VideoOS.Platform\unittest\bin\Debug\net6.0-windows\VideoOS.Platform.Tests.dll" adapterTypeName="executor://mstestadapter/v2" className="VideoOS.Platform.Tests.Util.Queue.ConcurrentQueueSlimTests" name="Remove_NullItem_DoesNotCrash" />
    </UnitTest>
    <UnitTest name="ProvideValue_ShouldUseContentTemplate_WhenSelectedItemIsCustomItem" storage="d:\actions-runner\_work\xpco\xpco\allsolutions\..\mip\platformplugin\videoos.platform\unittest\bin\debug\net6.0-windows\videoos.platform.tests.dll" id="01bc0fde-c67c-6987-54c2-b9ed8c5df445">
      <TestCategory>
        <TestCategoryItem TestCategory="DropDowns" />
      </TestCategory>
      <Execution id="31464863-6200-4330-894d-9d883aa25049" />
      <TestMethod codeBase="D:\actions-runner\_work\XPCO\XPCO\AllSolutions\..\MIP\PlatformPlugin\VideoOS.Platform\unittest\bin\Debug\net6.0-windows\VideoOS.Platform.Tests.dll" adapterTypeName="executor://mstestadapter/v2" className="VideoOS.Platform.Tests.UI.Controls.DropDowns.Internal.SelectedItemContentTemplateExtensionTest" name="ProvideValue_ShouldUseContentTemplate_WhenSelectedItemIsCustomItem" />
    </UnitTest>
    <UnitTest name="GetEnd_ShouldReturnLastMetadataContent_WhenThereIsData" storage="d:\actions-runner\_work\xpco\xpco\allsolutions\..\mip\platformplugin\videoos.platform\unittest\bin\debug\net6.0-windows\videoos.platform.tests.dll" id="f2325bdc-388f-3bfc-d37a-f2048ec03dc5">
      <Execution id="fdd70848-28a5-409e-817d-2ed5c37c2c98" />
      <TestMethod codeBase="D:\actions-runner\_work\XPCO\XPCO\AllSolutions\..\MIP\PlatformPlugin\VideoOS.Platform\unittest\bin\Debug\net6.0-windows\VideoOS.Platform.Tests.dll" adapterTypeName="executor://mstestadapter/v2" className="VideoOS.Platform.Tests.Data.MetadataPlaybackSourceTests" name="GetEnd_ShouldReturnLastMetadataContent_WhenThereIsData" />
    </UnitTest>
    <UnitTest name="ReadXml_ShouldReadAppearanceContents_WhenAppearanceIsPresent" storage="d:\actions-runner\_work\xpco\xpco\allsolutions\..\mip\platformplugin\videoos.platform\unittest\bin\debug\net6.0-windows\videoos.platform.tests.dll" id="b739f5d0-5237-1a79-e681-644aeb76938a">
      <Execution id="a4fcd270-28e6-4a8d-bfc9-fc5215a3da89" />
      <TestMethod codeBase="D:\actions-runner\_work\XPCO\XPCO\AllSolutions\..\MIP\PlatformPlugin\VideoOS.Platform\unittest\bin\Debug\net6.0-windows\VideoOS.Platform.Tests.dll" adapterTypeName="executor://mstestadapter/v2" className="VideoOS.Platform.Tests.Metadata.OnvifObjectTests" name="ReadXml_ShouldReadAppearanceContents_WhenAppearanceIsPresent" />
    </UnitTest>
    <UnitTest name="WriteXml_ShouldWriteTransformationElement_WhenTransformationIsNotNull" storage="d:\actions-runner\_work\xpco\xpco\allsolutions\..\mip\platformplugin\videoos.platform\unittest\bin\debug\net6.0-windows\videoos.platform.tests.dll" id="aa7cd316-bd03-8913-f5ff-bd80befd5e8b">
      <Execution id="a9c87255-d59f-43d7-b252-d17f9f4b1b8a" />
      <TestMethod codeBase="D:\actions-runner\_work\XPCO\XPCO\AllSolutions\..\MIP\PlatformPlugin\VideoOS.Platform\unittest\bin\Debug\net6.0-windows\VideoOS.Platform.Tests.dll" adapterTypeName="executor://mstestadapter/v2" className="VideoOS.Platform.Tests.Metadata.FrameTests" name="WriteXml_ShouldWriteTransformationElement_WhenTransformationIsNotNull" />
    </UnitTest>
    <UnitTest name="Clone_Camera_Checked" storage="d:\actions-runner\_work\xpco\xpco\allsolutions\..\mip\platformplugin\videoos.platform\unittest\bin\debug\net6.0-windows\videoos.platform.tests.dll" id="87dedebf-9e1e-bd2e-7ee4-397e89dac510">
      <Execution id="7b745617-b7ba-4d6e-909b-1d21212d09f7" />
      <TestMethod codeBase="D:\actions-runner\_work\XPCO\XPCO\AllSolutions\..\MIP\PlatformPlugin\VideoOS.Platform\unittest\bin\Debug\net6.0-windows\VideoOS.Platform.Tests.dll" adapterTypeName="executor://mstestadapter/v2" className="VideoOS.Platform.Tests.FQIDtests" name="Clone_Camera_Checked" />
    </UnitTest>
    <UnitTest name="ReadXml_ShouldReadTransformationContents_WhenTransformationIsPresent" storage="d:\actions-runner\_work\xpco\xpco\allsolutions\..\mip\platformplugin\videoos.platform\unittest\bin\debug\net6.0-windows\videoos.platform.tests.dll" id="3d56290e-3e3f-353b-dfc8-249444061e6c">
      <Execution id="476bfe98-9d11-49d9-9463-8e25555ffce4" />
      <TestMethod codeBase="D:\actions-runner\_work\XPCO\XPCO\AllSolutions\..\MIP\PlatformPlugin\VideoOS.Platform\unittest\bin\Debug\net6.0-windows\VideoOS.Platform.Tests.dll" adapterTypeName="executor://mstestadapter/v2" className="VideoOS.Platform.Tests.Metadata.FrameTests" name="ReadXml_ShouldReadTransformationContents_WhenTransformationIsPresent" />
    </UnitTest>
    <UnitTest name="ReadXml_ShouldReadBoundingBoxContents_WhenBoundingBoxIsPresent" storage="d:\actions-runner\_work\xpco\xpco\allsolutions\..\mip\platformplugin\videoos.platform\unittest\bin\debug\net6.0-windows\videoos.platform.tests.dll" id="8bd9e66b-afe5-6a6c-4e29-a0b4f0e39174">
      <Execution id="dadf92cf-2733-4a21-bd0f-c47d40488b44" />
      <TestMethod codeBase="D:\actions-runner\_work\XPCO\XPCO\AllSolutions\..\MIP\PlatformPlugin\VideoOS.Platform\unittest\bin\Debug\net6.0-windows\VideoOS.Platform.Tests.dll" adapterTypeName="executor://mstestadapter/v2" className="VideoOS.Platform.Tests.Metadata.ShapeTests" name="ReadXml_ShouldReadBoundingBoxContents_WhenBoundingBoxIsPresent" />
    </UnitTest>
    <UnitTest name="GetItem_ShouldReturnNull_WhenNotFound" storage="d:\actions-runner\_work\xpco\xpco\allsolutions\..\mip\platformplugin\videoos.platform\unittest\bin\debug\net6.0-windows\videoos.platform.tests.dll" id="541af543-8f89-e2a2-51fc-7ea5fad4d84e">
      <Execution id="d5465670-5801-4ae0-95dd-4971a340b653" />
      <TestMethod codeBase="D:\actions-runner\_work\XPCO\XPCO\AllSolutions\..\MIP\PlatformPlugin\VideoOS.Platform\unittest\bin\Debug\net6.0-windows\VideoOS.Platform.Tests.dll" adapterTypeName="executor://mstestadapter/v2" className="VideoOS.Platform.Tests.Util.ConfigurationCacheTests" name="GetItem_ShouldReturnNull_WhenNotFound" />
    </UnitTest>
    <UnitTest name="GetNextDateTime_ShouldReturnFirstDataEntityFromSecondToolkitCall_WhenDateIsEqualOrAfterLastCachedValue" storage="d:\actions-runner\_work\xpco\xpco\allsolutions\..\mip\platformplugin\videoos.platform\unittest\bin\debug\net6.0-windows\videoos.platform.tests.dll" id="0b769e09-4f15-c038-2979-f712635df491">
      <Execution id="c27b0b56-fd1a-4961-8c55-2a0658f3be70" />
      <TestMethod codeBase="D:\actions-runner\_work\XPCO\XPCO\AllSolutions\..\MIP\PlatformPlugin\VideoOS.Platform\unittest\bin\Debug\net6.0-windows\VideoOS.Platform.Tests.dll" adapterTypeName="executor://mstestadapter/v2" className="VideoOS.Platform.Tests.Data.MetadataPlaybackSourceTests" name="GetNextDateTime_ShouldReturnFirstDataEntityFromSecondToolkitCall_WhenDateIsEqualOrAfterLastCachedValue" />
    </UnitTest>
    <UnitTest name="TestConstructorOverload_MultipleAgents_Success" storage="d:\actions-runner\_work\xpco\xpco\allsolutions\..\mip\platformplugin\videoos.platform\unittest\bin\debug\net6.0-windows\videoos.platform.tests.dll" id="a7bf999b-c611-25a7-2ff7-438675e1866f">
      <TestCategory>
        <TestCategoryItem TestCategory="Search" />
      </TestCategory>
      <Execution id="e1780766-c442-431c-a863-c561c04aba56" />
      <TestMethod codeBase="D:\actions-runner\_work\XPCO\XPCO\AllSolutions\..\MIP\PlatformPlugin\VideoOS.Platform\unittest\bin\Debug\net6.0-windows\VideoOS.Platform.Tests.dll" adapterTypeName="executor://mstestadapter/v2" className="VideoOS.Platform.Tests.Search.SearchManagerTest" name="TestConstructorOverload_MultipleAgents_Success" />
    </UnitTest>
    <UnitTest name="WriteXml_ShouldWriteChildrenInCorrectOrder_WhenChildrenAreNotNull" storage="d:\actions-runner\_work\xpco\xpco\allsolutions\..\mip\platformplugin\videoos.platform\unittest\bin\debug\net6.0-windows\videoos.platform.tests.dll" id="6efe46f6-24e8-324a-c841-828d4ce3c2fb">
      <Execution id="3831f421-f2bc-4706-87e5-fcb9791bd325" />
      <TestMethod codeBase="D:\actions-runner\_work\XPCO\XPCO\AllSolutions\..\MIP\PlatformPlugin\VideoOS.Platform\unittest\bin\Debug\net6.0-windows\VideoOS.Platform.Tests.dll" adapterTypeName="executor://mstestadapter/v2" className="VideoOS.Platform.Tests.Metadata.ShapeTests" name="WriteXml_ShouldWriteChildrenInCorrectOrder_WhenChildrenAreNotNull" />
    </UnitTest>
    <UnitTest name="Ctor_TwoStandardFilters_Success" storage="d:\actions-runner\_work\xpco\xpco\allsolutions\..\mip\platformplugin\videoos.platform\unittest\bin\debug\net6.0-windows\videoos.platform.tests.dll" id="3350d2b0-3312-d687-fc6c-5745c7811365">
      <TestCategory>
        <TestCategoryItem TestCategory="Search" />
      </TestCategory>
      <Execution id="7669bb39-8cb5-4c7f-bd56-8500fb98f00b" />
      <TestMethod codeBase="D:\actions-runner\_work\XPCO\XPCO\AllSolutions\..\MIP\PlatformPlugin\VideoOS.Platform\unittest\bin\Debug\net6.0-windows\VideoOS.Platform.Tests.dll" adapterTypeName="executor://mstestadapter/v2" className="VideoOS.Platform.Tests.Search.FilterCategories.PersonSearchFilterCategoryTest" name="Ctor_TwoStandardFilters_Success" />
    </UnitTest>
    <UnitTest name="SearchResultData_TriggerTime_Success" storage="d:\actions-runner\_work\xpco\xpco\allsolutions\..\mip\platformplugin\videoos.platform\unittest\bin\debug\net6.0-windows\videoos.platform.tests.dll" id="d2eb1662-6b70-63d0-d71c-7f9ecf6fdd7d">
      <TestCategory>
        <TestCategoryItem TestCategory="Search" />
      </TestCategory>
      <Execution id="6f4d3234-e318-411b-9ecb-654b0d558537" />
      <TestMethod codeBase="D:\actions-runner\_work\XPCO\XPCO\AllSolutions\..\MIP\PlatformPlugin\VideoOS.Platform\unittest\bin\Debug\net6.0-windows\VideoOS.Platform.Tests.dll" adapterTypeName="executor://mstestadapter/v2" className="VideoOS.Platform.Tests.Search.SearchResultDataTest" name="SearchResultData_TriggerTime_Success" />
    </UnitTest>
    <UnitTest name="Ctor_NullScope_Throws" storage="d:\actions-runner\_work\xpco\xpco\allsolutions\..\mip\platformplugin\videoos.platform\unittest\bin\debug\net6.0-windows\videoos.platform.tests.dll" id="cefaab9b-deca-50a1-cf53-bfd0f84b70d8">
      <TestCategory>
        <TestCategoryItem TestCategory="Search" />
      </TestCategory>
      <Execution id="304b5f15-cedb-466f-9f6e-a52f774afa2f" />
      <TestMethod codeBase="D:\actions-runner\_work\XPCO\XPCO\AllSolutions\..\MIP\PlatformPlugin\VideoOS.Platform\unittest\bin\Debug\net6.0-windows\VideoOS.Platform.Tests.dll" adapterTypeName="executor://mstestadapter/v2" className="VideoOS.Platform.Tests.Search.SearchDefinitionTest" name="Ctor_NullScope_Throws" />
    </UnitTest>
    <UnitTest name="OverlapsWith_ShouldThrowArgumentException_WhenTheStartAndEndTimeKindsAreDifferent" storage="d:\actions-runner\_work\xpco\xpco\allsolutions\..\mip\platformplugin\videoos.platform\unittest\bin\debug\net6.0-windows\videoos.platform.tests.dll" id="31917703-2acf-fc86-64fa-04fcf338cdb6">
      <Execution id="209788d5-104f-46c5-8a45-ea60868bfa09" />
      <TestMethod codeBase="D:\actions-runner\_work\XPCO\XPCO\AllSolutions\..\MIP\PlatformPlugin\VideoOS.Platform\unittest\bin\Debug\net6.0-windows\VideoOS.Platform.Tests.dll" adapterTypeName="executor://mstestadapter/v2" className="VideoOS.Platform.Tests.Util.TimeIntervalTests" name="OverlapsWith_ShouldThrowArgumentException_WhenTheStartAndEndTimeKindsAreDifferent" />
    </UnitTest>
    <UnitTest name="Serialize_TestCases (TestParentCollectionEmptyArrayPropertyProperty)" storage="d:\actions-runner\_work\xpco\xpco\allsolutions\..\mip\platformplugin\videoos.platform\unittest\bin\debug\net6.0-windows\videoos.platform.tests.dll" id="04ee5816-5ebb-9be1-9e51-4c60c7a88570">
      <Execution id="2459185f-6700-4d7c-9291-559be5a574bd" />
      <TestMethod codeBase="D:\actions-runner\_work\XPCO\XPCO\AllSolutions\..\MIP\PlatformPlugin\VideoOS.Platform\unittest\bin\Debug\net6.0-windows\VideoOS.Platform.Tests.dll" adapterTypeName="executor://mstestadapter/v2" className="VideoOS.Platform.Tests.UI.Controls.Automation.Serialization.AutomationObjectSerializerTest" name="Serialize_TestCases" />
    </UnitTest>
    <UnitTest name="Given_Exception_When_When_NotMarkedWithSerializableAttribute_Then_Fail" storage="d:\actions-runner\_work\xpco\xpco\allsolutions\..\mip\platformplugin\videoos.platform\unittest\bin\debug\net6.0-windows\videoos.platform.tests.dll" id="1670e18f-0ede-c50f-6f9a-2ae6207f30db">
      <Execution id="ed186c46-aa5c-4e60-a427-ea78a21deb75" />
      <TestMethod codeBase="D:\actions-runner\_work\XPCO\XPCO\AllSolutions\..\MIP\PlatformPlugin\VideoOS.Platform\unittest\bin\Debug\net6.0-windows\VideoOS.Platform.Tests.dll" adapterTypeName="executor://mstestadapter/v2" className="VideoOS.Platform.Tests.MIPExceptionsTest" name="Given_Exception_When_When_NotMarkedWithSerializableAttribute_Then_Fail" />
    </UnitTest>
    <UnitTest name="WriteXml_ShouldWriteScaleContents_WhenScaleIsNotNull" storage="d:\actions-runner\_work\xpco\xpco\allsolutions\..\mip\platformplugin\videoos.platform\unittest\bin\debug\net6.0-windows\videoos.platform.tests.dll" id="d53b731a-f1cc-f58f-ac8f-3fdcdc3a367b">
      <Execution id="7d73011b-a85d-4812-a6ce-d909485b4efa" />
      <TestMethod codeBase="D:\actions-runner\_work\XPCO\XPCO\AllSolutions\..\MIP\PlatformPlugin\VideoOS.Platform\unittest\bin\Debug\net6.0-windows\VideoOS.Platform.Tests.dll" adapterTypeName="executor://mstestadapter/v2" className="VideoOS.Platform.Tests.Metadata.TransformationTests" name="WriteXml_ShouldWriteScaleContents_WhenScaleIsNotNull" />
    </UnitTest>
    <UnitTest name="Append_Property_Int_Invalid" storage="d:\actions-runner\_work\xpco\xpco\allsolutions\..\mip\platformplugin\videoos.platform\unittest\bin\debug\net6.0-windows\videoos.platform.tests.dll" id="b0d0079b-65d6-c082-7bc9-a129a13a3c18">
      <Execution id="789f30b4-fde3-4a0a-aaad-a3036f1d1a12" />
      <TestMethod codeBase="D:\actions-runner\_work\XPCO\XPCO\AllSolutions\..\MIP\PlatformPlugin\VideoOS.Platform\unittest\bin\Debug\net6.0-windows\VideoOS.Platform.Tests.dll" adapterTypeName="executor://mstestadapter/v2" className="VideoOS.Platform.Tests.Proxy.RestApi.JsonBuilderTests" name="Append_Property_Int_Invalid" />
    </UnitTest>
    <UnitTest name="Append_PropertyKey_Value" storage="d:\actions-runner\_work\xpco\xpco\allsolutions\..\mip\platformplugin\videoos.platform\unittest\bin\debug\net6.0-windows\videoos.platform.tests.dll" id="9504291e-b74b-48e8-7789-94b6a1151b40">
      <Execution id="32e7c304-4ee2-4726-95fb-a803ab7bc50e" />
      <TestMethod codeBase="D:\actions-runner\_work\XPCO\XPCO\AllSolutions\..\MIP\PlatformPlugin\VideoOS.Platform\unittest\bin\Debug\net6.0-windows\VideoOS.Platform.Tests.dll" adapterTypeName="executor://mstestadapter/v2" className="VideoOS.Platform.Tests.Proxy.RestApi.JsonBuilderTests" name="Append_PropertyKey_Value" />
    </UnitTest>
    <UnitTest name="ProvideValue_ShouldUpdateTarget_WhenItemDataPropertyNameChanges" storage="d:\actions-runner\_work\xpco\xpco\allsolutions\..\mip\platformplugin\videoos.platform\unittest\bin\debug\net6.0-windows\videoos.platform.tests.dll" id="3319ab63-2def-0c9c-879d-16907c7c07ea">
      <TestCategory>
        <TestCategoryItem TestCategory="DropDowns" />
      </TestCategory>
      <Execution id="4a6db7e2-8fbc-4a04-aa0d-9238a22a8839" />
      <TestMethod codeBase="D:\actions-runner\_work\XPCO\XPCO\AllSolutions\..\MIP\PlatformPlugin\VideoOS.Platform\unittest\bin\Debug\net6.0-windows\VideoOS.Platform.Tests.dll" adapterTypeName="executor://mstestadapter/v2" className="VideoOS.Platform.Tests.UI.Controls.DropDowns.Internal.SelectedItemCustomContentDataExtensionTest" name="ProvideValue_ShouldUpdateTarget_WhenItemDataPropertyNameChanges" />
    </UnitTest>
    <UnitTest name="CountByCounter_Activated_Expired_Missing" storage="d:\actions-runner\_work\xpco\xpco\allsolutions\..\mip\platformplugin\videoos.platform\unittest\bin\debug\net6.0-windows\videoos.platform.tests.dll" id="20d9288d-2ec6-4b24-6a84-22a61e3296f1">
      <Execution id="42bfd9e0-cfd9-4ec7-ae05-59dbf6b046fc" />
      <TestMethod codeBase="D:\actions-runner\_work\XPCO\XPCO\AllSolutions\..\MIP\PlatformPlugin\VideoOS.Platform\unittest\bin\Debug\net6.0-windows\VideoOS.Platform.Tests.dll" adapterTypeName="executor://mstestadapter/v2" className="VideoOS.Platform.Tests.License.ResolvedLicenseCountTest" name="CountByCounter_Activated_Expired_Missing" />
    </UnitTest>
    <UnitTest name="ToString_Succcess" storage="d:\actions-runner\_work\xpco\xpco\allsolutions\..\mip\platformplugin\videoos.platform\unittest\bin\debug\net6.0-windows\videoos.platform.tests.dll" id="3971c5d8-7ad8-4707-9b53-e6a041a0b2f8">
      <Execution id="9478293d-8ccc-4b6e-ae64-530f6b1e6341" />
      <TestMethod codeBase="D:\actions-runner\_work\XPCO\XPCO\AllSolutions\..\MIP\PlatformPlugin\VideoOS.Platform\unittest\bin\Debug\net6.0-windows\VideoOS.Platform.Tests.dll" adapterTypeName="executor://mstestadapter/v2" className="VideoOS.Platform.Tests.ItemTests" name="ToString_Succcess" />
    </UnitTest>
    <UnitTest name="AllAttributesWerePresent_ShouldReturnFalse_WhenTopAttributeIsNotAFloat" storage="d:\actions-runner\_work\xpco\xpco\allsolutions\..\mip\platformplugin\videoos.platform\unittest\bin\debug\net6.0-windows\videoos.platform.tests.dll" id="fd9e0efb-edb7-82bd-15c3-0c32bed5a7f0">
      <Execution id="c070f696-dfab-49ab-ae2b-f8d2e208141d" />
      <TestMethod codeBase="D:\actions-runner\_work\XPCO\XPCO\AllSolutions\..\MIP\PlatformPlugin\VideoOS.Platform\unittest\bin\Debug\net6.0-windows\VideoOS.Platform.Tests.dll" adapterTypeName="executor://mstestadapter/v2" className="VideoOS.Platform.Tests.Metadata.RectangleTests" name="AllAttributesWerePresent_ShouldReturnFalse_WhenTopAttributeIsNotAFloat" />
    </UnitTest>
    <UnitTest name="Ctor_TwoCustomFilters_Success" storage="d:\actions-runner\_work\xpco\xpco\allsolutions\..\mip\platformplugin\videoos.platform\unittest\bin\debug\net6.0-windows\videoos.platform.tests.dll" id="81e8c1a0-4900-8a66-1f87-0c131327f5b5">
      <TestCategory>
        <TestCategoryItem TestCategory="Search" />
      </TestCategory>
      <Execution id="037cb85a-0aff-4be1-8c3c-b61c9a969e54" />
      <TestMethod codeBase="D:\actions-runner\_work\XPCO\XPCO\AllSolutions\..\MIP\PlatformPlugin\VideoOS.Platform\unittest\bin\Debug\net6.0-windows\VideoOS.Platform.Tests.dll" adapterTypeName="executor://mstestadapter/v2" className="VideoOS.Platform.Tests.Search.FilterCategories.PersonSearchFilterCategoryTest" name="Ctor_TwoCustomFilters_Success" />
    </UnitTest>
    <UnitTest name="GetRelated_Success" storage="d:\actions-runner\_work\xpco\xpco\allsolutions\..\mip\platformplugin\videoos.platform\unittest\bin\debug\net6.0-windows\videoos.platform.tests.dll" id="fbbc45ef-78b8-acb6-dc04-1e7a7f11e95a">
      <Execution id="7a84c973-3c92-4386-b3ed-b43afacadfc9" />
      <TestMethod codeBase="D:\actions-runner\_work\XPCO\XPCO\AllSolutions\..\MIP\PlatformPlugin\VideoOS.Platform\unittest\bin\Debug\net6.0-windows\VideoOS.Platform.Tests.dll" adapterTypeName="executor://mstestadapter/v2" className="VideoOS.Platform.Tests.ItemTests" name="GetRelated_Success" />
    </UnitTest>
    <UnitTest name="ReadXml_ShouldReadXmlAndCreateEquivalentObject_WhenXmlIsWrittenByWriteXml" storage="d:\actions-runner\_work\xpco\xpco\allsolutions\..\mip\platformplugin\videoos.platform\unittest\bin\debug\net6.0-windows\videoos.platform.tests.dll" id="2e209cdd-d799-eebb-86ee-eb1ff73e496f">
      <Execution id="3a921918-57f3-40d6-b6c9-3e0c271b926a" />
      <TestMethod codeBase="D:\actions-runner\_work\XPCO\XPCO\AllSolutions\..\MIP\PlatformPlugin\VideoOS.Platform\unittest\bin\Debug\net6.0-windows\VideoOS.Platform.Tests.dll" adapterTypeName="executor://mstestadapter/v2" className="VideoOS.Platform.Tests.Metadata.MetadataStreamTests" name="ReadXml_ShouldReadXmlAndCreateEquivalentObject_WhenXmlIsWrittenByWriteXml" />
    </UnitTest>
    <UnitTest name="GetNearest_ShouldReturnFirstElement_WhenTimestampIsSamesAsFirstElement" storage="d:\actions-runner\_work\xpco\xpco\allsolutions\..\mip\platformplugin\videoos.platform\unittest\bin\debug\net6.0-windows\videoos.platform.tests.dll" id="dae5127c-eff7-8376-4da7-ec9462c457e1">
      <Execution id="241d1cbd-53f2-4a06-b46f-94f876c42a41" />
      <TestMethod codeBase="D:\actions-runner\_work\XPCO\XPCO\AllSolutions\..\MIP\PlatformPlugin\VideoOS.Platform\unittest\bin\Debug\net6.0-windows\VideoOS.Platform.Tests.dll" adapterTypeName="executor://mstestadapter/v2" className="VideoOS.Platform.Tests.Data.MetadataCacheTests" name="GetNearest_ShouldReturnFirstElement_WhenTimestampIsSamesAsFirstElement" />
    </UnitTest>
    <UnitTest name="TestConstructor_Success" storage="d:\actions-runner\_work\xpco\xpco\allsolutions\..\mip\platformplugin\videoos.platform\unittest\bin\debug\net6.0-windows\videoos.platform.tests.dll" id="f4009c20-ddf4-5439-9b3f-52d8d564e525">
      <Execution id="b70ed795-336e-44aa-a16c-c56adff5777f" />
      <TestMethod codeBase="D:\actions-runner\_work\XPCO\XPCO\AllSolutions\..\MIP\PlatformPlugin\VideoOS.Platform\unittest\bin\Debug\net6.0-windows\VideoOS.Platform.Tests.dll" adapterTypeName="executor://mstestadapter/v2" className="VideoOS.Platform.Tests.Search.Error.InvalidFilterSearchErrorTest" name="TestConstructor_Success" />
    </UnitTest>
    <UnitTest name="Set_Int_Invalid" storage="d:\actions-runner\_work\xpco\xpco\allsolutions\..\mip\platformplugin\videoos.platform\unittest\bin\debug\net6.0-windows\videoos.platform.tests.dll" id="0cd51abe-1287-52a5-9d2e-d556a1306fcb">
      <Execution id="10d3d017-2107-4278-8be9-2ddc9512a361" />
      <TestMethod codeBase="D:\actions-runner\_work\XPCO\XPCO\AllSolutions\..\MIP\PlatformPlugin\VideoOS.Platform\unittest\bin\Debug\net6.0-windows\VideoOS.Platform.Tests.dll" adapterTypeName="executor://mstestadapter/v2" className="VideoOS.Platform.Tests.Proxy.RestApi.JsonReaderTests" name="Set_Int_Invalid" />
    </UnitTest>
    <UnitTest name="AllAttributesWerePresent_ShouldReturnFalse_WhenXAttributeIsMissing" storage="d:\actions-runner\_work\xpco\xpco\allsolutions\..\mip\platformplugin\videoos.platform\unittest\bin\debug\net6.0-windows\videoos.platform.tests.dll" id="665a66ed-febf-dcb1-d6f6-9e5410f5d49d">
      <Execution id="e9769ec9-d3f8-4398-939a-a9c2f7c0e8cd" />
      <TestMethod codeBase="D:\actions-runner\_work\XPCO\XPCO\AllSolutions\..\MIP\PlatformPlugin\VideoOS.Platform\unittest\bin\Debug\net6.0-windows\VideoOS.Platform.Tests.dll" adapterTypeName="executor://mstestadapter/v2" className="VideoOS.Platform.Tests.Metadata.VectorTests" name="AllAttributesWerePresent_ShouldReturnFalse_WhenXAttributeIsMissing" />
    </UnitTest>
    <UnitTest name="GetNearest_ShouldReturnNull_WhenCacheIsEmpty" storage="d:\actions-runner\_work\xpco\xpco\allsolutions\..\mip\platformplugin\videoos.platform\unittest\bin\debug\net6.0-windows\videoos.platform.tests.dll" id="76c66eeb-a2f8-48cc-26cc-ff5958f96fde">
      <Execution id="0f9fc40a-14d5-4039-a4b3-91cd2ba7253e" />
      <TestMethod codeBase="D:\actions-runner\_work\XPCO\XPCO\AllSolutions\..\MIP\PlatformPlugin\VideoOS.Platform\unittest\bin\Debug\net6.0-windows\VideoOS.Platform.Tests.dll" adapterTypeName="executor://mstestadapter/v2" className="VideoOS.Platform.Tests.Data.MetadataCacheTests" name="GetNearest_ShouldReturnNull_WhenCacheIsEmpty" />
    </UnitTest>
    <UnitTest name="GenerateDeviceCapabilityParameters_ShouldWriteResolution_WhenAlways" storage="d:\actions-runner\_work\xpco\xpco\allsolutions\..\mip\platformplugin\videoos.platform\unittest\bin\debug\net6.0-windows\videoos.platform.tests.dll" id="4cab5b13-e57d-d862-8721-f8c86a15bdbf">
      <Execution id="f2cd3c8b-1370-43ef-89c9-1670b6668093" />
      <TestMethod codeBase="D:\actions-runner\_work\XPCO\XPCO\AllSolutions\..\MIP\PlatformPlugin\VideoOS.Platform\unittest\bin\Debug\net6.0-windows\VideoOS.Platform.Tests.dll" adapterTypeName="executor://mstestadapter/v2" className="VideoOS.Platform.Tests.Data.DataCapabilityTests" name="GenerateDeviceCapabilityParameters_ShouldWriteResolution_WhenAlways" />
    </UnitTest>
    <UnitTest name="GetAtOrBefore_ShouldReturnNull_WhenToolkitReturnsResponseWithNullDataList" storage="d:\actions-runner\_work\xpco\xpco\allsolutions\..\mip\platformplugin\videoos.platform\unittest\bin\debug\net6.0-windows\videoos.platform.tests.dll" id="8b5da03f-9577-2062-8111-d2b15e5a740d">
      <Execution id="3f8206e3-b9b5-4a4f-93be-9080a483a78e" />
      <TestMethod codeBase="D:\actions-runner\_work\XPCO\XPCO\AllSolutions\..\MIP\PlatformPlugin\VideoOS.Platform\unittest\bin\Debug\net6.0-windows\VideoOS.Platform.Tests.dll" adapterTypeName="executor://mstestadapter/v2" className="VideoOS.Platform.Tests.Data.MetadataPlaybackSourceTests" name="GetAtOrBefore_ShouldReturnNull_WhenToolkitReturnsResponseWithNullDataList" />
    </UnitTest>
    <UnitTest name="CreateAlarmFromEvent_ShouldReturnProperAlarm_WhenArgumentIsEventData" storage="d:\actions-runner\_work\xpco\xpco\allsolutions\..\mip\platformplugin\videoos.platform\unittest\bin\debug\net6.0-windows\videoos.platform.tests.dll" id="6faa7eef-7d9f-75d0-2df6-09e7531ab536">
      <Execution id="74660ba9-1c1e-479b-9677-43346b44bfd9" />
      <TestMethod codeBase="D:\actions-runner\_work\XPCO\XPCO\AllSolutions\..\MIP\PlatformPlugin\VideoOS.Platform\unittest\bin\Debug\net6.0-windows\VideoOS.Platform.Tests.dll" adapterTypeName="executor://mstestadapter/v2" className="VideoOS.Platform.Tests.Util.AlarmBuilderTests" name="CreateAlarmFromEvent_ShouldReturnProperAlarm_WhenArgumentIsEventData" />
    </UnitTest>
    <UnitTest name="Equals_ShouldReturnTrue_WhenOnlyServerTypeIsDifferent" storage="d:\actions-runner\_work\xpco\xpco\allsolutions\..\mip\platformplugin\videoos.platform\unittest\bin\debug\net6.0-windows\videoos.platform.tests.dll" id="93692a07-3a10-4489-765e-ef79d18cf4d4">
      <Execution id="e1be947d-4654-49fc-aa5a-d2e5ab8fa834" />
      <TestMethod codeBase="D:\actions-runner\_work\XPCO\XPCO\AllSolutions\..\MIP\PlatformPlugin\VideoOS.Platform\unittest\bin\Debug\net6.0-windows\VideoOS.Platform.Tests.dll" adapterTypeName="executor://mstestadapter/v2" className="VideoOS.Platform.Tests.ServerIdTests" name="Equals_ShouldReturnTrue_WhenOnlyServerTypeIsDifferent" />
    </UnitTest>
    <UnitTest name="WriteXml_ShouldWriteNavigationalData_WhenNavigationalDataIsNotNull" storage="d:\actions-runner\_work\xpco\xpco\allsolutions\..\mip\platformplugin\videoos.platform\unittest\bin\debug\net6.0-windows\videoos.platform.tests.dll" id="bbf27319-0f4b-5f15-78c4-45a2e840ee02">
      <Execution id="0e72e5f8-084c-42be-8dce-efafc00ba527" />
      <TestMethod codeBase="D:\actions-runner\_work\XPCO\XPCO\AllSolutions\..\MIP\PlatformPlugin\VideoOS.Platform\unittest\bin\Debug\net6.0-windows\VideoOS.Platform.Tests.dll" adapterTypeName="executor://mstestadapter/v2" className="VideoOS.Platform.Tests.Metadata.MetadataStreamTests" name="WriteXml_ShouldWriteNavigationalData_WhenNavigationalDataIsNotNull" />
    </UnitTest>
    <UnitTest name="GetNextSequence_ShouldStoreToolkitResultInCache_WhenAlways" storage="d:\actions-runner\_work\xpco\xpco\allsolutions\..\mip\platformplugin\videoos.platform\unittest\bin\debug\net6.0-windows\videoos.platform.tests.dll" id="ac1eb344-84dd-8e2f-e7fa-8afd6aaf6222">
      <Execution id="876d6148-390e-459e-9659-10adea83681c" />
      <TestMethod codeBase="D:\actions-runner\_work\XPCO\XPCO\AllSolutions\..\MIP\PlatformPlugin\VideoOS.Platform\unittest\bin\Debug\net6.0-windows\VideoOS.Platform.Tests.dll" adapterTypeName="executor://mstestadapter/v2" className="VideoOS.Platform.Tests.Data.MetadataPlaybackSourceTests" name="GetNextSequence_ShouldStoreToolkitResultInCache_WhenAlways" />
    </UnitTest>
    <UnitTest name="Ctor_NullName_Throws" storage="d:\actions-runner\_work\xpco\xpco\allsolutions\..\mip\platformplugin\videoos.platform\unittest\bin\debug\net6.0-windows\videoos.platform.tests.dll" id="b543895e-b652-81f1-d5a2-ebd384954ea0">
      <TestCategory>
        <TestCategoryItem TestCategory="Search" />
      </TestCategory>
      <Execution id="2ed8c2db-501d-490a-b70e-a05081e87d75" />
      <TestMethod codeBase="D:\actions-runner\_work\XPCO\XPCO\AllSolutions\..\MIP\PlatformPlugin\VideoOS.Platform\unittest\bin\Debug\net6.0-windows\VideoOS.Platform.Tests.dll" adapterTypeName="executor://mstestadapter/v2" className="VideoOS.Platform.Tests.Search.FilterCategories.VehicleSearchFilterCategoryTest" name="Ctor_NullName_Throws" />
    </UnitTest>
    <UnitTest name="SearchResultData_RelatedItems_Success" storage="d:\actions-runner\_work\xpco\xpco\allsolutions\..\mip\platformplugin\videoos.platform\unittest\bin\debug\net6.0-windows\videoos.platform.tests.dll" id="a17307f7-bfca-392d-97bb-4da7ab99cc40">
      <TestCategory>
        <TestCategoryItem TestCategory="Search" />
      </TestCategory>
      <Execution id="263a0977-dff8-4911-bc32-9ef2a731cf91" />
      <TestMethod codeBase="D:\actions-runner\_work\XPCO\XPCO\AllSolutions\..\MIP\PlatformPlugin\VideoOS.Platform\unittest\bin\Debug\net6.0-windows\VideoOS.Platform.Tests.dll" adapterTypeName="executor://mstestadapter/v2" className="VideoOS.Platform.Tests.Search.SearchResultDataTest" name="SearchResultData_RelatedItems_Success" />
    </UnitTest>
    <UnitTest name="WriteXml_ShouldWriteBoundingBoxAppearanceContents_WhenTheyArePresent" storage="d:\actions-runner\_work\xpco\xpco\allsolutions\..\mip\platformplugin\videoos.platform\unittest\bin\debug\net6.0-windows\videoos.platform.tests.dll" id="d7212be9-a773-7051-2296-d1e014528157">
      <Execution id="5c51d4a5-93a9-4052-8696-74eef1b25a31" />
      <TestMethod codeBase="D:\actions-runner\_work\XPCO\XPCO\AllSolutions\..\MIP\PlatformPlugin\VideoOS.Platform\unittest\bin\Debug\net6.0-windows\VideoOS.Platform.Tests.dll" adapterTypeName="executor://mstestadapter/v2" className="VideoOS.Platform.Tests.Metadata.ShapeTests" name="WriteXml_ShouldWriteBoundingBoxAppearanceContents_WhenTheyArePresent" />
    </UnitTest>
    <UnitTest name="Match_Fail_SystemType_WrongMessage" storage="d:\actions-runner\_work\xpco\xpco\allsolutions\..\mip\platformplugin\videoos.platform\unittest\bin\debug\net6.0-windows\videoos.platform.tests.dll" id="c05fec08-28d3-c263-f7df-c8727f4f0b97">
      <Execution id="47f9db07-7c76-4e10-a571-2fbd8569c0af" />
      <TestMethod codeBase="D:\actions-runner\_work\XPCO\XPCO\AllSolutions\..\MIP\PlatformPlugin\VideoOS.Platform\unittest\bin\Debug\net6.0-windows\VideoOS.Platform.Tests.dll" adapterTypeName="executor://mstestadapter/v2" className="VideoOS.Platform.Tests.Messaging.CommunicationIdFilterTests" name="Match_Fail_SystemType_WrongMessage" />
    </UnitTest>
    <UnitTest name="WriteXml_ShouldWriteXAttribute_WhenPresent" storage="d:\actions-runner\_work\xpco\xpco\allsolutions\..\mip\platformplugin\videoos.platform\unittest\bin\debug\net6.0-windows\videoos.platform.tests.dll" id="8f17e532-4f0a-9dfe-05e8-c96d494622ac">
      <Execution id="b3d10d1b-2279-4e77-9743-343bc1d3939a" />
      <TestMethod codeBase="D:\actions-runner\_work\XPCO\XPCO\AllSolutions\..\MIP\PlatformPlugin\VideoOS.Platform\unittest\bin\Debug\net6.0-windows\VideoOS.Platform.Tests.dll" adapterTypeName="executor://mstestadapter/v2" className="VideoOS.Platform.Tests.Metadata.DisplayTextTests" name="WriteXml_ShouldWriteXAttribute_WhenPresent" />
    </UnitTest>
    <UnitTest name="Serialize_ShouldHandleRecursiveCollectionWithCustomRootObject" storage="d:\actions-runner\_work\xpco\xpco\allsolutions\..\mip\platformplugin\videoos.platform\unittest\bin\debug\net6.0-windows\videoos.platform.tests.dll" id="420e5a34-3d7f-4641-51ff-8be4f28538e4">
      <Execution id="66814406-84b4-4b07-811b-c9b7d8cebe49" />
      <TestMethod codeBase="D:\actions-runner\_work\XPCO\XPCO\AllSolutions\..\MIP\PlatformPlugin\VideoOS.Platform\unittest\bin\Debug\net6.0-windows\VideoOS.Platform.Tests.dll" adapterTypeName="executor://mstestadapter/v2" className="VideoOS.Platform.Tests.UI.Controls.Automation.Serialization.AutomationObjectSerializerRecursionTests" name="Serialize_ShouldHandleRecursiveCollectionWithCustomRootObject" />
    </UnitTest>
    <UnitTest name="GenerateParameters_ShouldWriteResolutionList_WhenResolutionSetIsNotEmpty" storage="d:\actions-runner\_work\xpco\xpco\allsolutions\..\mip\platformplugin\videoos.platform\unittest\bin\debug\net6.0-windows\videoos.platform.tests.dll" id="0668f627-8706-4ec9-03ec-e3e79b2c140f">
      <Execution id="5cc8f809-5299-4a91-a4e0-f940f0633e84" />
      <TestMethod codeBase="D:\actions-runner\_work\XPCO\XPCO\AllSolutions\..\MIP\PlatformPlugin\VideoOS.Platform\unittest\bin\Debug\net6.0-windows\VideoOS.Platform.Tests.dll" adapterTypeName="executor://mstestadapter/v2" className="VideoOS.Platform.Tests.Data.CameraDeviceDefinitionTests" name="GenerateParameters_ShouldWriteResolutionList_WhenResolutionSetIsNotEmpty" />
    </UnitTest>
    <UnitTest name="GetNext_ShouldReturnNull_WhenCacheIsEmpty" storage="d:\actions-runner\_work\xpco\xpco\allsolutions\..\mip\platformplugin\videoos.platform\unittest\bin\debug\net6.0-windows\videoos.platform.tests.dll" id="3ccfced6-2d87-0092-817f-624478d6bd44">
      <Execution id="14e15da3-7a1f-4ba2-be76-670001a56aba" />
      <TestMethod codeBase="D:\actions-runner\_work\XPCO\XPCO\AllSolutions\..\MIP\PlatformPlugin\VideoOS.Platform\unittest\bin\Debug\net6.0-windows\VideoOS.Platform.Tests.dll" adapterTypeName="executor://mstestadapter/v2" className="VideoOS.Platform.Tests.Data.MetadataCacheTests" name="GetNext_ShouldReturnNull_WhenCacheIsEmpty" />
    </UnitTest>
    <UnitTest name="Convert_MultiArgumentConverter_ShouldAllowNullValue_WhenArgumentIsReferenceType" storage="d:\actions-runner\_work\xpco\xpco\allsolutions\..\mip\platformplugin\videoos.platform\unittest\bin\debug\net6.0-windows\videoos.platform.tests.dll" id="474f4123-c4f0-ed71-e9ae-2089a5b45084">
      <Execution id="6332f162-1e5e-4235-8692-adb8d215f2a6" />
      <TestMethod codeBase="D:\actions-runner\_work\XPCO\XPCO\AllSolutions\..\MIP\PlatformPlugin\VideoOS.Platform\unittest\bin\Debug\net6.0-windows\VideoOS.Platform.Tests.dll" adapterTypeName="executor://mstestadapter/v2" className="VideoOS.Platform.Tests.UI.Converters.LambdaConverterTest" name="Convert_MultiArgumentConverter_ShouldAllowNullValue_WhenArgumentIsReferenceType" />
    </UnitTest>
    <UnitTest name="TestMultiLevelQueue_LevelIdentifierThrowsException_QueueSurvives" storage="d:\actions-runner\_work\xpco\xpco\allsolutions\..\mip\platformplugin\videoos.platform\unittest\bin\debug\net6.0-windows\videoos.platform.tests.dll" id="7ff37c2f-1947-5bfd-5301-306c5eae35b9">
      <Execution id="5d2d025f-c5b0-4b13-9227-f9086c0c3a6a" />
      <TestMethod codeBase="D:\actions-runner\_work\XPCO\XPCO\AllSolutions\..\MIP\PlatformPlugin\VideoOS.Platform\unittest\bin\Debug\net6.0-windows\VideoOS.Platform.Tests.dll" adapterTypeName="executor://mstestadapter/v2" className="VideoOS.Platform.Tests.Util.Queue.MultiLevelResourceQueueTests" name="TestMultiLevelQueue_LevelIdentifierThrowsException_QueueSurvives" />
    </UnitTest>
    <UnitTest name="Unauthorized_Success" storage="d:\actions-runner\_work\xpco\xpco\allsolutions\..\mip\platformplugin\videoos.platform\unittest\bin\debug\net6.0-windows\videoos.platform.tests.dll" id="c15be519-b8fe-48e7-7703-7b1ac1a61e7f">
      <Execution id="66b52285-7b1e-4fc7-8bf2-cb4e437366ad" />
      <TestMethod codeBase="D:\actions-runner\_work\XPCO\XPCO\AllSolutions\..\MIP\PlatformPlugin\VideoOS.Platform\unittest\bin\Debug\net6.0-windows\VideoOS.Platform.Tests.dll" adapterTypeName="executor://mstestadapter/v2" className="VideoOS.Platform.Tests.Proxy.RestApi.RestApiClientDecoratorTests" name="Unauthorized_Success" />
    </UnitTest>
    <UnitTest name="OverlapsWith_ShouldReturnFalse_WhenArgumenStartTimeIsAfterEndTime" storage="d:\actions-runner\_work\xpco\xpco\allsolutions\..\mip\platformplugin\videoos.platform\unittest\bin\debug\net6.0-windows\videoos.platform.tests.dll" id="cf0c75b1-044e-c5b0-ba75-3be411bef17a">
      <Execution id="9ec66a3f-4040-48e1-bb1c-203fe5efbb31" />
      <TestMethod codeBase="D:\actions-runner\_work\XPCO\XPCO\AllSolutions\..\MIP\PlatformPlugin\VideoOS.Platform\unittest\bin\Debug\net6.0-windows\VideoOS.Platform.Tests.dll" adapterTypeName="executor://mstestadapter/v2" className="VideoOS.Platform.Tests.Util.TimeIntervalTests" name="OverlapsWith_ShouldReturnFalse_WhenArgumenStartTimeIsAfterEndTime" />
    </UnitTest>
    <UnitTest name="Deserialize_Server_FieldValues_checked" storage="d:\actions-runner\_work\xpco\xpco\allsolutions\..\mip\platformplugin\videoos.platform\unittest\bin\debug\net6.0-windows\videoos.platform.tests.dll" id="eede4713-56bb-3d3c-3e2e-6a26dd039e2e">
      <Execution id="e2ad70ba-8cf8-40c7-839c-dda494335e87" />
      <TestMethod codeBase="D:\actions-runner\_work\XPCO\XPCO\AllSolutions\..\MIP\PlatformPlugin\VideoOS.Platform\unittest\bin\Debug\net6.0-windows\VideoOS.Platform.Tests.dll" adapterTypeName="executor://mstestadapter/v2" className="VideoOS.Platform.Tests.FQIDtests" name="Deserialize_Server_FieldValues_checked" />
    </UnitTest>
    <UnitTest name="WriteAppearanceExtenstionXml_ShouldWriteDisplayedThicknessInPixels_WhenLineDisplayPixelThicknessIsPresent" storage="d:\actions-runner\_work\xpco\xpco\allsolutions\..\mip\platformplugin\videoos.platform\unittest\bin\debug\net6.0-windows\videoos.platform.tests.dll" id="d68b3075-4627-ba2b-18db-33c4279233ca">
      <Execution id="5ec7e1c6-28ad-4675-bb1a-4a04bd45ccd6" />
      <TestMethod codeBase="D:\actions-runner\_work\XPCO\XPCO\AllSolutions\..\MIP\PlatformPlugin\VideoOS.Platform\unittest\bin\Debug\net6.0-windows\VideoOS.Platform.Tests.dll" adapterTypeName="executor://mstestadapter/v2" className="VideoOS.Platform.Tests.Metadata.RectangleTests" name="WriteAppearanceExtenstionXml_ShouldWriteDisplayedThicknessInPixels_WhenLineDisplayPixelThicknessIsPresent" />
    </UnitTest>
    <UnitTest name="ProvideValue_ShouldUseContentTemplate_WhenSelectedItemIsVideoOSDropDownItem" storage="d:\actions-runner\_work\xpco\xpco\allsolutions\..\mip\platformplugin\videoos.platform\unittest\bin\debug\net6.0-windows\videoos.platform.tests.dll" id="9c47fe03-c56a-043e-ff88-e2633670fc9e">
      <TestCategory>
        <TestCategoryItem TestCategory="DropDowns" />
      </TestCategory>
      <Execution id="f2f701bc-494c-4500-9371-66416cc4f998" />
      <TestMethod codeBase="D:\actions-runner\_work\XPCO\XPCO\AllSolutions\..\MIP\PlatformPlugin\VideoOS.Platform\unittest\bin\Debug\net6.0-windows\VideoOS.Platform.Tests.dll" adapterTypeName="executor://mstestadapter/v2" className="VideoOS.Platform.Tests.UI.Controls.DropDowns.Internal.SelectedItemContentTemplateExtensionTest" name="ProvideValue_ShouldUseContentTemplate_WhenSelectedItemIsVideoOSDropDownItem" />
    </UnitTest>
    <UnitTest name="AddFilterValue_ExistingValue_NullFilter_Throws" storage="d:\actions-runner\_work\xpco\xpco\allsolutions\..\mip\platformplugin\videoos.platform\unittest\bin\debug\net6.0-windows\videoos.platform.tests.dll" id="9cb1dd9b-9567-7d27-369e-add42bb14fb4">
      <TestCategory>
        <TestCategoryItem TestCategory="Search" />
      </TestCategory>
      <Execution id="fa0dab41-81ce-4e53-a90d-53d663dd17b0" />
      <TestMethod codeBase="D:\actions-runner\_work\XPCO\XPCO\AllSolutions\..\MIP\PlatformPlugin\VideoOS.Platform\unittest\bin\Debug\net6.0-windows\VideoOS.Platform.Tests.dll" adapterTypeName="executor://mstestadapter/v2" className="VideoOS.Platform.Tests.Search.SearchCriteriaTest" name="AddFilterValue_ExistingValue_NullFilter_Throws" />
    </UnitTest>
    <UnitTest name="GetChildrenSorted_And_Check" storage="d:\actions-runner\_work\xpco\xpco\allsolutions\..\mip\platformplugin\videoos.platform\unittest\bin\debug\net6.0-windows\videoos.platform.tests.dll" id="b82f6040-62f7-3594-e125-274383902f8c">
      <Execution id="b798d472-5c8b-4fe7-92d3-4fdb83395fed" />
      <TestMethod codeBase="D:\actions-runner\_work\XPCO\XPCO\AllSolutions\..\MIP\PlatformPlugin\VideoOS.Platform\unittest\bin\Debug\net6.0-windows\VideoOS.Platform.Tests.dll" adapterTypeName="executor://mstestadapter/v2" className="VideoOS.Platform.Tests.ItemTests" name="GetChildrenSorted_And_Check" />
    </UnitTest>
    <UnitTest name="GenerateParameters_ShouldWriteMacAddress_WhenAlways" storage="d:\actions-runner\_work\xpco\xpco\allsolutions\..\mip\platformplugin\videoos.platform\unittest\bin\debug\net6.0-windows\videoos.platform.tests.dll" id="090bb946-dfcb-8466-9f8e-938126697e92">
      <Execution id="7e40b5fe-da84-412e-814d-f2496217adf1" />
      <TestMethod codeBase="D:\actions-runner\_work\XPCO\XPCO\AllSolutions\..\MIP\PlatformPlugin\VideoOS.Platform\unittest\bin\Debug\net6.0-windows\VideoOS.Platform.Tests.dll" adapterTypeName="executor://mstestadapter/v2" className="VideoOS.Platform.Tests.Data.HardwareDefinitionTests" name="GenerateParameters_ShouldWriteMacAddress_WhenAlways" />
    </UnitTest>
    <UnitTest name="SetChildren_Set_NoChildren_And_Check" storage="d:\actions-runner\_work\xpco\xpco\allsolutions\..\mip\platformplugin\videoos.platform\unittest\bin\debug\net6.0-windows\videoos.platform.tests.dll" id="b6cf4406-22c8-107a-cae8-fc1d204c4130">
      <Execution id="c9f3d650-2711-44cd-b8dc-740bb8d0dba4" />
      <TestMethod codeBase="D:\actions-runner\_work\XPCO\XPCO\AllSolutions\..\MIP\PlatformPlugin\VideoOS.Platform\unittest\bin\Debug\net6.0-windows\VideoOS.Platform.Tests.dll" adapterTypeName="executor://mstestadapter/v2" className="VideoOS.Platform.Tests.ItemTests" name="SetChildren_Set_NoChildren_And_Check" />
    </UnitTest>
    <UnitTest name="HasExtensionDataPresent_ShouldReturnTrue_WhenLineColorIsSet" storage="d:\actions-runner\_work\xpco\xpco\allsolutions\..\mip\platformplugin\videoos.platform\unittest\bin\debug\net6.0-windows\videoos.platform.tests.dll" id="b6380494-d08e-3475-91a8-7a07dd918969">
      <Execution id="5802331a-aaa5-431a-ada9-168d971cef69" />
      <TestMethod codeBase="D:\actions-runner\_work\XPCO\XPCO\AllSolutions\..\MIP\PlatformPlugin\VideoOS.Platform\unittest\bin\Debug\net6.0-windows\VideoOS.Platform.Tests.dll" adapterTypeName="executor://mstestadapter/v2" className="VideoOS.Platform.Tests.Metadata.RectangleTests" name="HasExtensionDataPresent_ShouldReturnTrue_WhenLineColorIsSet" />
    </UnitTest>
    <UnitTest name="GetCompatibilityHandler_ShouldThrownMIPException_WhenLoginSettingsCannotBeRetrieved" storage="d:\actions-runner\_work\xpco\xpco\allsolutions\..\mip\platformplugin\videoos.platform\unittest\bin\debug\net6.0-windows\videoos.platform.tests.dll" id="0a9c2a64-10d3-ab1b-bf1d-557005ecb79f">
      <Execution id="80df8660-d6c1-4f99-ab6f-8c296ffdabab" />
      <TestMethod codeBase="D:\actions-runner\_work\XPCO\XPCO\AllSolutions\..\MIP\PlatformPlugin\VideoOS.Platform\unittest\bin\Debug\net6.0-windows\VideoOS.Platform.Tests.dll" adapterTypeName="executor://mstestadapter/v2" className="VideoOS.Platform.Tests.License.LicenseManagerTests" name="GetCompatibilityHandler_ShouldThrownMIPException_WhenLoginSettingsCannotBeRetrieved" />
    </UnitTest>
    <UnitTest name="WriteXml_ShouldOmitClassCandidateElement_WhenThereIsNoClassCandidatesPresent" storage="d:\actions-runner\_work\xpco\xpco\allsolutions\..\mip\platformplugin\videoos.platform\unittest\bin\debug\net6.0-windows\videoos.platform.tests.dll" id="68a6ea98-ca7c-4d82-e5af-14d114a1f9a4">
      <Execution id="c4a85b88-744f-4b73-be10-277549d61add" />
      <TestMethod codeBase="D:\actions-runner\_work\XPCO\XPCO\AllSolutions\..\MIP\PlatformPlugin\VideoOS.Platform\unittest\bin\Debug\net6.0-windows\VideoOS.Platform.Tests.dll" adapterTypeName="executor://mstestadapter/v2" className="VideoOS.Platform.Tests.Metadata.OnvifClassTests" name="WriteXml_ShouldOmitClassCandidateElement_WhenThereIsNoClassCandidatesPresent" />
    </UnitTest>
    <UnitTest name="SHA256Hex64_ShouldReturnSHAHash_WhenInputIsNotNull" storage="d:\actions-runner\_work\xpco\xpco\allsolutions\..\mip\platformplugin\videoos.platform\unittest\bin\debug\net6.0-windows\videoos.platform.tests.dll" id="273b976a-4136-12a0-93d4-d31e724b1d9b">
      <Execution id="fa7fa943-00f3-463b-bc03-50c7d8c0190e" />
      <TestMethod codeBase="D:\actions-runner\_work\XPCO\XPCO\AllSolutions\..\MIP\PlatformPlugin\VideoOS.Platform\unittest\bin\Debug\net6.0-windows\VideoOS.Platform.Tests.dll" adapterTypeName="executor://mstestadapter/v2" className="VideoOS.Platform.Tests.Data.MediaProviderInternal.UtilityTests" name="SHA256Hex64_ShouldReturnSHAHash_WhenInputIsNotNull" />
    </UnitTest>
    <UnitTest name="AllAttributesWerePresent_ShouldReturnFalse_WhenYAttributeIsMissing" storage="d:\actions-runner\_work\xpco\xpco\allsolutions\..\mip\platformplugin\videoos.platform\unittest\bin\debug\net6.0-windows\videoos.platform.tests.dll" id="dfccf221-5403-2188-5503-aa835e99c003">
      <Execution id="da7197a6-11f2-4403-9a2c-590e9485e231" />
      <TestMethod codeBase="D:\actions-runner\_work\XPCO\XPCO\AllSolutions\..\MIP\PlatformPlugin\VideoOS.Platform\unittest\bin\Debug\net6.0-windows\VideoOS.Platform.Tests.dll" adapterTypeName="executor://mstestadapter/v2" className="VideoOS.Platform.Tests.Metadata.VectorTests" name="AllAttributesWerePresent_ShouldReturnFalse_WhenYAttributeIsMissing" />
    </UnitTest>
    <UnitTest name="GetAgeFilterValue_ValidSelection_Success" storage="d:\actions-runner\_work\xpco\xpco\allsolutions\..\mip\platformplugin\videoos.platform\unittest\bin\debug\net6.0-windows\videoos.platform.tests.dll" id="47c1b6ab-8c0a-fc63-f12d-64e40883c80a">
      <TestCategory>
        <TestCategoryItem TestCategory="Search" />
      </TestCategory>
      <Execution id="93bd6a55-4738-48af-983c-b1c6277bf7ba" />
      <TestMethod codeBase="D:\actions-runner\_work\XPCO\XPCO\AllSolutions\..\MIP\PlatformPlugin\VideoOS.Platform\unittest\bin\Debug\net6.0-windows\VideoOS.Platform.Tests.dll" adapterTypeName="executor://mstestadapter/v2" className="VideoOS.Platform.Tests.Search.FilterCategories.PersonSearchFilterCategoryTest" name="GetAgeFilterValue_ValidSelection_Success" />
    </UnitTest>
    <UnitTest name="ReadXml_ShouldReadXAttribute_WhenPresent" storage="d:\actions-runner\_work\xpco\xpco\allsolutions\..\mip\platformplugin\videoos.platform\unittest\bin\debug\net6.0-windows\videoos.platform.tests.dll" id="44454256-30a7-bf45-41dd-badf653c0c55">
      <Execution id="40b4d5ee-cf96-4639-86a9-e96a3d7b284f" />
      <TestMethod codeBase="D:\actions-runner\_work\XPCO\XPCO\AllSolutions\..\MIP\PlatformPlugin\VideoOS.Platform\unittest\bin\Debug\net6.0-windows\VideoOS.Platform.Tests.dll" adapterTypeName="executor://mstestadapter/v2" className="VideoOS.Platform.Tests.Metadata.DisplayTextTests" name="ReadXml_ShouldReadXAttribute_WhenPresent" />
    </UnitTest>
    <UnitTest name="Contains_CameraServerName_Checked" storage="d:\actions-runner\_work\xpco\xpco\allsolutions\..\mip\platformplugin\videoos.platform\unittest\bin\debug\net6.0-windows\videoos.platform.tests.dll" id="2e6d5115-26cc-6226-264b-6222e4689761">
      <Execution id="b1ac5cc3-0ded-4f33-987b-69389f090183" />
      <TestMethod codeBase="D:\actions-runner\_work\XPCO\XPCO\AllSolutions\..\MIP\PlatformPlugin\VideoOS.Platform\unittest\bin\Debug\net6.0-windows\VideoOS.Platform.Tests.dll" adapterTypeName="executor://mstestadapter/v2" className="VideoOS.Platform.Tests.FQIDtests" name="Contains_CameraServerName_Checked" />
    </UnitTest>
    <UnitTest name="CreateSearchFilterEditControl_MultiplePlugins_MilestonePluginsFirst" storage="d:\actions-runner\_work\xpco\xpco\allsolutions\..\mip\platformplugin\videoos.platform\unittest\bin\debug\net6.0-windows\videoos.platform.tests.dll" id="4599a740-2169-7e32-9656-668b8e9b7b20">
      <TestCategory>
        <TestCategoryItem TestCategory="Search" />
      </TestCategory>
      <Execution id="18493745-e6b7-46ce-a3bb-6fe39feab213" />
      <TestMethod codeBase="D:\actions-runner\_work\XPCO\XPCO\AllSolutions\..\MIP\PlatformPlugin\VideoOS.Platform\unittest\bin\Debug\net6.0-windows\VideoOS.Platform.Tests.dll" adapterTypeName="executor://mstestadapter/v2" className="VideoOS.Platform.Tests.Search.SearchUserControlResolverTest" name="CreateSearchFilterEditControl_MultiplePlugins_MilestonePluginsFirst" />
    </UnitTest>
    <UnitTest name="ReadAppearanceExtensionXml_ShouldNotSetBoundingBoxFillColor_WhenBoundingBoxFillColorIsNotPresent" storage="d:\actions-runner\_work\xpco\xpco\allsolutions\..\mip\platformplugin\videoos.platform\unittest\bin\debug\net6.0-windows\videoos.platform.tests.dll" id="c0b96a1c-b0d5-ece3-3b78-6c5f48ca51fc">
      <Execution id="b8261a4a-3b35-4050-bf48-419bd2267cf2" />
      <TestMethod codeBase="D:\actions-runner\_work\XPCO\XPCO\AllSolutions\..\MIP\PlatformPlugin\VideoOS.Platform\unittest\bin\Debug\net6.0-windows\VideoOS.Platform.Tests.dll" adapterTypeName="executor://mstestadapter/v2" className="VideoOS.Platform.Tests.Metadata.RectangleTests" name="ReadAppearanceExtensionXml_ShouldNotSetBoundingBoxFillColor_WhenBoundingBoxFillColorIsNotPresent" />
    </UnitTest>
    <UnitTest name="WriteXml_ShouldWriteSizeAttribute_WhenPresent" storage="d:\actions-runner\_work\xpco\xpco\allsolutions\..\mip\platformplugin\videoos.platform\unittest\bin\debug\net6.0-windows\videoos.platform.tests.dll" id="9e0f7694-4c12-cabb-5030-0f3a25dfbb2b">
      <Execution id="fa17c0f2-fef4-4875-bc25-8ffb61a92244" />
      <TestMethod codeBase="D:\actions-runner\_work\XPCO\XPCO\AllSolutions\..\MIP\PlatformPlugin\VideoOS.Platform\unittest\bin\Debug\net6.0-windows\VideoOS.Platform.Tests.dll" adapterTypeName="executor://mstestadapter/v2" className="VideoOS.Platform.Tests.Metadata.DisplayTextTests" name="WriteXml_ShouldWriteSizeAttribute_WhenPresent" />
    </UnitTest>
    <UnitTest name="Icon_Set" storage="d:\actions-runner\_work\xpco\xpco\allsolutions\..\mip\platformplugin\videoos.platform\unittest\bin\debug\net6.0-windows\videoos.platform.tests.dll" id="b7df116d-9320-09bb-de54-2fccf2279e48">
      <Execution id="525b4693-f3a5-4754-a831-e7f1e83e6348" />
      <TestMethod codeBase="D:\actions-runner\_work\XPCO\XPCO\AllSolutions\..\MIP\PlatformPlugin\VideoOS.Platform\unittest\bin\Debug\net6.0-windows\VideoOS.Platform.Tests.dll" adapterTypeName="executor://mstestadapter/v2" className="VideoOS.Platform.Tests.ItemTests" name="Icon_Set" />
    </UnitTest>
    <UnitTest name="ReadXml_ShouldReadYAttribute_WhenPresent" storage="d:\actions-runner\_work\xpco\xpco\allsolutions\..\mip\platformplugin\videoos.platform\unittest\bin\debug\net6.0-windows\videoos.platform.tests.dll" id="cd0e928a-8fb2-a8c8-3e57-58d7e6ebe361">
      <Execution id="cd3b4b00-8d34-4e7f-a209-cb136ae9160a" />
      <TestMethod codeBase="D:\actions-runner\_work\XPCO\XPCO\AllSolutions\..\MIP\PlatformPlugin\VideoOS.Platform\unittest\bin\Debug\net6.0-windows\VideoOS.Platform.Tests.dll" adapterTypeName="executor://mstestadapter/v2" className="VideoOS.Platform.Tests.Metadata.DisplayTextTests" name="ReadXml_ShouldReadYAttribute_WhenPresent" />
    </UnitTest>
    <UnitTest name="SearchAsync_DoSearchAsyncCalled_Success" storage="d:\actions-runner\_work\xpco\xpco\allsolutions\..\mip\platformplugin\videoos.platform\unittest\bin\debug\net6.0-windows\videoos.platform.tests.dll" id="f23e3e92-54c2-2411-b215-631166fbf856">
      <TestCategory>
        <TestCategoryItem TestCategory="Search" />
      </TestCategory>
      <Execution id="1856eeba-1268-4139-a957-92afab115480" />
      <TestMethod codeBase="D:\actions-runner\_work\XPCO\XPCO\AllSolutions\..\MIP\PlatformPlugin\VideoOS.Platform\unittest\bin\Debug\net6.0-windows\VideoOS.Platform.Tests.dll" adapterTypeName="executor://mstestadapter/v2" className="VideoOS.Platform.Tests.Search.SearchDefinitionTest" name="SearchAsync_DoSearchAsyncCalled_Success" />
    </UnitTest>
    <UnitTest name="Serialize_ShouldThrowException_WhenPropertyCollectionTypeButPathDoesNotIndicateCollection (CollectionEmptyListProperty)" storage="d:\actions-runner\_work\xpco\xpco\allsolutions\..\mip\platformplugin\videoos.platform\unittest\bin\debug\net6.0-windows\videoos.platform.tests.dll" id="f556377a-234c-b3cb-a4d6-e29f7a9225e4">
      <Execution id="e1f71204-67d8-4f43-919a-8d83cf84ab5a" />
      <TestMethod codeBase="D:\actions-runner\_work\XPCO\XPCO\AllSolutions\..\MIP\PlatformPlugin\VideoOS.Platform\unittest\bin\Debug\net6.0-windows\VideoOS.Platform.Tests.dll" adapterTypeName="executor://mstestadapter/v2" className="VideoOS.Platform.Tests.UI.Controls.Automation.Serialization.AutomationObjectSerializerTest" name="Serialize_ShouldThrowException_WhenPropertyCollectionTypeButPathDoesNotIndicateCollection" />
    </UnitTest>
    <UnitTest name="Add_CapacityExceeded_LeastRecentlyUsedValueRemoved" storage="d:\actions-runner\_work\xpco\xpco\allsolutions\..\mip\platformplugin\videoos.platform\unittest\bin\debug\net6.0-windows\videoos.platform.tests.dll" id="82f28324-964a-7ebe-3fa1-b6d48ed97144">
      <Execution id="6fc43885-ebba-4d86-b18b-482d28113291" />
      <TestMethod codeBase="D:\actions-runner\_work\XPCO\XPCO\AllSolutions\..\MIP\PlatformPlugin\VideoOS.Platform\unittest\bin\Debug\net6.0-windows\VideoOS.Platform.Tests.dll" adapterTypeName="executor://mstestadapter/v2" className="VideoOS.Platform.Tests.Util.Queue.LRUCacheTests" name="Add_CapacityExceeded_LeastRecentlyUsedValueRemoved" />
    </UnitTest>
    <UnitTest name="ReadXml_ShouldSetAllPropertiesToZero_WhenElementIsEmpty" storage="d:\actions-runner\_work\xpco\xpco\allsolutions\..\mip\platformplugin\videoos.platform\unittest\bin\debug\net6.0-windows\videoos.platform.tests.dll" id="c2a92498-f703-1b39-7778-71f05b13e27d">
      <Execution id="16b5f1b7-39e4-485b-9068-7751ed39602c" />
      <TestMethod codeBase="D:\actions-runner\_work\XPCO\XPCO\AllSolutions\..\MIP\PlatformPlugin\VideoOS.Platform\unittest\bin\Debug\net6.0-windows\VideoOS.Platform.Tests.dll" adapterTypeName="executor://mstestadapter/v2" className="VideoOS.Platform.Tests.Metadata.RectangleTests" name="ReadXml_ShouldSetAllPropertiesToZero_WhenElementIsEmpty" />
    </UnitTest>
    <UnitTest name="ParseMetadataXmlWithString_ShouldThrowArgumentNullException_WhenXmlIsNull" storage="d:\actions-runner\_work\xpco\xpco\allsolutions\..\mip\platformplugin\videoos.platform\unittest\bin\debug\net6.0-windows\videoos.platform.tests.dll" id="bfea60ac-0b86-e379-4adc-c41a2063908a">
      <Execution id="17602c62-bd97-4107-8c4e-22bbd4899d3e" />
      <TestMethod codeBase="D:\actions-runner\_work\XPCO\XPCO\AllSolutions\..\MIP\PlatformPlugin\VideoOS.Platform\unittest\bin\Debug\net6.0-windows\VideoOS.Platform.Tests.dll" adapterTypeName="executor://mstestadapter/v2" className="VideoOS.Platform.Tests.Metadata.MetadataDeserializerTests" name="ParseMetadataXmlWithString_ShouldThrowArgumentNullException_WhenXmlIsNull" />
    </UnitTest>
    <UnitTest name="BuildOverlayWidthHeightAlarm_ShouldReturnCorrectSizedBitmap_WhenArgumentContainsObjectAndRule" storage="d:\actions-runner\_work\xpco\xpco\allsolutions\..\mip\platformplugin\videoos.platform\unittest\bin\debug\net6.0-windows\videoos.platform.tests.dll" id="32fbd952-cf12-ae2b-c5d4-e7f80c991d18">
      <Execution id="9731fbfe-2ea2-4220-8169-3fa5a97e6148" />
      <TestMethod codeBase="D:\actions-runner\_work\XPCO\XPCO\AllSolutions\..\MIP\PlatformPlugin\VideoOS.Platform\unittest\bin\Debug\net6.0-windows\VideoOS.Platform.Tests.dll" adapterTypeName="executor://mstestadapter/v2" className="VideoOS.Platform.Tests.Util.AnalyticsOverlayBuilderTests" name="BuildOverlayWidthHeightAlarm_ShouldReturnCorrectSizedBitmap_WhenArgumentContainsObjectAndRule" />
    </UnitTest>
    <UnitTest name="WriteMetadataXml_ShouldThrowArgumentNullException_WhenMetadataIsNullWithStringBuilder" storage="d:\actions-runner\_work\xpco\xpco\allsolutions\..\mip\platformplugin\videoos.platform\unittest\bin\debug\net6.0-windows\videoos.platform.tests.dll" id="04126902-9508-0ab4-a88b-c6cc8b546986">
      <Execution id="ff880037-df4b-4574-9393-1ceca3cd12e4" />
      <TestMethod codeBase="D:\actions-runner\_work\XPCO\XPCO\AllSolutions\..\MIP\PlatformPlugin\VideoOS.Platform\unittest\bin\Debug\net6.0-windows\VideoOS.Platform.Tests.dll" adapterTypeName="executor://mstestadapter/v2" className="VideoOS.Platform.Tests.Metadata.MetadataSerializerTests" name="WriteMetadataXml_ShouldThrowArgumentNullException_WhenMetadataIsNullWithStringBuilder" />
    </UnitTest>
    <UnitTest name="ReadXml_ShouldSetObjectIdToZero_WhenObjectIdAttributeIsPresentButNotAnInteger" storage="d:\actions-runner\_work\xpco\xpco\allsolutions\..\mip\platformplugin\videoos.platform\unittest\bin\debug\net6.0-windows\videoos.platform.tests.dll" id="cd80718c-caec-d1ab-47af-f5822f5e7c58">
      <Execution id="37b8038d-bf89-4f1f-be1b-3f16c3451e98" />
      <TestMethod codeBase="D:\actions-runner\_work\XPCO\XPCO\AllSolutions\..\MIP\PlatformPlugin\VideoOS.Platform\unittest\bin\Debug\net6.0-windows\VideoOS.Platform.Tests.dll" adapterTypeName="executor://mstestadapter/v2" className="VideoOS.Platform.Tests.Metadata.OnvifObjectTests" name="ReadXml_ShouldSetObjectIdToZero_WhenObjectIdAttributeIsPresentButNotAnInteger" />
    </UnitTest>
    <UnitTest name="Append_Property_PathList" storage="d:\actions-runner\_work\xpco\xpco\allsolutions\..\mip\platformplugin\videoos.platform\unittest\bin\debug\net6.0-windows\videoos.platform.tests.dll" id="11d54d6f-5da0-f133-d7de-6f5044962e90">
      <Execution id="32ba3653-5927-4f66-b8d7-d4e1b5469636" />
      <TestMethod codeBase="D:\actions-runner\_work\XPCO\XPCO\AllSolutions\..\MIP\PlatformPlugin\VideoOS.Platform\unittest\bin\Debug\net6.0-windows\VideoOS.Platform.Tests.dll" adapterTypeName="executor://mstestadapter/v2" className="VideoOS.Platform.Tests.Proxy.RestApi.JsonBuilderTests" name="Append_Property_PathList" />
    </UnitTest>
    <UnitTest name="ModifyCollection_ShouldNotInvokeCallback_WhenNotObservable" storage="d:\actions-runner\_work\xpco\xpco\allsolutions\..\mip\platformplugin\videoos.platform\unittest\bin\debug\net6.0-windows\videoos.platform.tests.dll" id="9229072f-c39c-5db3-f28b-10c8f4ae4c45">
      <Execution id="51244eee-27a1-49d4-acda-5a3ab82f20d9" />
      <TestMethod codeBase="D:\actions-runner\_work\XPCO\XPCO\AllSolutions\..\MIP\PlatformPlugin\VideoOS.Platform\unittest\bin\Debug\net6.0-windows\VideoOS.Platform.Tests.dll" adapterTypeName="executor://mstestadapter/v2" className="VideoOS.Platform.Tests.UI.Controls.CollectionHelperGenericTest" name="ModifyCollection_ShouldNotInvokeCallback_WhenNotObservable" />
    </UnitTest>
    <UnitTest name="Equals_Fail_OnParentId" storage="d:\actions-runner\_work\xpco\xpco\allsolutions\..\mip\platformplugin\videoos.platform\unittest\bin\debug\net6.0-windows\videoos.platform.tests.dll" id="0e72e474-7df2-3dd5-7160-b0a32b2afdd9">
      <Execution id="f2d7a172-eaa3-4fe3-a489-2252825b0cf8" />
      <TestMethod codeBase="D:\actions-runner\_work\XPCO\XPCO\AllSolutions\..\MIP\PlatformPlugin\VideoOS.Platform\unittest\bin\Debug\net6.0-windows\VideoOS.Platform.Tests.dll" adapterTypeName="executor://mstestadapter/v2" className="VideoOS.Platform.Tests.FQIDtests" name="Equals_Fail_OnParentId" />
    </UnitTest>
    <UnitTest name="WriteXml_ShouldWriteTransformationContents_WhenTransformIsNotNull" storage="d:\actions-runner\_work\xpco\xpco\allsolutions\..\mip\platformplugin\videoos.platform\unittest\bin\debug\net6.0-windows\videoos.platform.tests.dll" id="c26d542a-727f-65ee-bb48-832c01f872f6">
      <Execution id="430a8d75-a74d-47b1-856b-bec3bbf77d0f" />
      <TestMethod codeBase="D:\actions-runner\_work\XPCO\XPCO\AllSolutions\..\MIP\PlatformPlugin\VideoOS.Platform\unittest\bin\Debug\net6.0-windows\VideoOS.Platform.Tests.dll" adapterTypeName="executor://mstestadapter/v2" className="VideoOS.Platform.Tests.Metadata.FrameTests" name="WriteXml_ShouldWriteTransformationContents_WhenTransformIsNotNull" />
    </UnitTest>
    <UnitTest name="WriteXml_ShouldOmitElements_WhenTheyAreNull" storage="d:\actions-runner\_work\xpco\xpco\allsolutions\..\mip\platformplugin\videoos.platform\unittest\bin\debug\net6.0-windows\videoos.platform.tests.dll" id="30e80c89-c117-83fc-53e9-5be5181f841c">
      <Execution id="6b20f8a4-d691-4f7b-8403-b5f71a25f9d2" />
      <TestMethod codeBase="D:\actions-runner\_work\XPCO\XPCO\AllSolutions\..\MIP\PlatformPlugin\VideoOS.Platform\unittest\bin\Debug\net6.0-windows\VideoOS.Platform.Tests.dll" adapterTypeName="executor://mstestadapter/v2" className="VideoOS.Platform.Tests.Metadata.TransformationTests" name="WriteXml_ShouldOmitElements_WhenTheyAreNull" />
    </UnitTest>
    <UnitTest name="ReadXml_ShouldIgnoreRemovedChildren_WhenAlways" storage="d:\actions-runner\_work\xpco\xpco\allsolutions\..\mip\platformplugin\videoos.platform\unittest\bin\debug\net6.0-windows\videoos.platform.tests.dll" id="d78ddc2b-307f-bc26-2b15-e79e8f94ce76">
      <Execution id="093b4197-065f-42ae-85cd-02732df6235b" />
      <TestMethod codeBase="D:\actions-runner\_work\XPCO\XPCO\AllSolutions\..\MIP\PlatformPlugin\VideoOS.Platform\unittest\bin\Debug\net6.0-windows\VideoOS.Platform.Tests.dll" adapterTypeName="executor://mstestadapter/v2" className="VideoOS.Platform.Tests.Metadata.BehaviourTests" name="ReadXml_ShouldIgnoreRemovedChildren_WhenAlways" />
    </UnitTest>
    <UnitTest name="GetItem_LoginProvider_Success" storage="d:\actions-runner\_work\xpco\xpco\allsolutions\..\mip\platformplugin\videoos.platform\unittest\bin\debug\net6.0-windows\videoos.platform.tests.dll" id="1ed595f1-e0b3-cd61-13ef-3cbf3778f159">
      <Execution id="51f6746b-5cb1-4563-92da-d0a89169a9c3" />
      <TestMethod codeBase="D:\actions-runner\_work\XPCO\XPCO\AllSolutions\..\MIP\PlatformPlugin\VideoOS.Platform\unittest\bin\Debug\net6.0-windows\VideoOS.Platform.Tests.dll" adapterTypeName="executor://mstestadapter/v2" className="VideoOS.Platform.Tests.Proxy.RestApi.RestApiClientDecoratorTests" name="GetItem_LoginProvider_Success" />
    </UnitTest>
    <UnitTest name="SearchResultData_IgnoredSearchFilters_Success" storage="d:\actions-runner\_work\xpco\xpco\allsolutions\..\mip\platformplugin\videoos.platform\unittest\bin\debug\net6.0-windows\videoos.platform.tests.dll" id="3b98c405-59b2-7eb5-3579-4fa697a97bb2">
      <TestCategory>
        <TestCategoryItem TestCategory="Search" />
      </TestCategory>
      <Execution id="c7eda50b-b48c-4b72-a023-6791ee5ad8e3" />
      <TestMethod codeBase="D:\actions-runner\_work\XPCO\XPCO\AllSolutions\..\MIP\PlatformPlugin\VideoOS.Platform\unittest\bin\Debug\net6.0-windows\VideoOS.Platform.Tests.dll" adapterTypeName="executor://mstestadapter/v2" className="VideoOS.Platform.Tests.Search.SearchResultDataTest" name="SearchResultData_IgnoredSearchFilters_Success" />
    </UnitTest>
    <UnitTest name="ReadXml_ShouldIgnoreBehaviour_WhenBehaviourIsPresenWithWrongNamespace" storage="d:\actions-runner\_work\xpco\xpco\allsolutions\..\mip\platformplugin\videoos.platform\unittest\bin\debug\net6.0-windows\videoos.platform.tests.dll" id="6b9c0e82-f9ec-9ff8-f609-e65978a74cf5">
      <Execution id="7d518960-36ed-43c0-9158-09a96b3159e3" />
      <TestMethod codeBase="D:\actions-runner\_work\XPCO\XPCO\AllSolutions\..\MIP\PlatformPlugin\VideoOS.Platform\unittest\bin\Debug\net6.0-windows\VideoOS.Platform.Tests.dll" adapterTypeName="executor://mstestadapter/v2" className="VideoOS.Platform.Tests.Metadata.OnvifObjectTests" name="ReadXml_ShouldIgnoreBehaviour_WhenBehaviourIsPresenWithWrongNamespace" />
    </UnitTest>
    <UnitTest name="HttpScheme_ShouldFollowHttpPort" storage="d:\actions-runner\_work\xpco\xpco\allsolutions\..\mip\platformplugin\videoos.platform\unittest\bin\debug\net6.0-windows\videoos.platform.tests.dll" id="42d4745e-d9b8-f2e9-3bf0-8b9851599c44">
      <Execution id="52ba1a69-6659-4aab-88a1-2621808f23ab" />
      <TestMethod codeBase="D:\actions-runner\_work\XPCO\XPCO\AllSolutions\..\MIP\PlatformPlugin\VideoOS.Platform\unittest\bin\Debug\net6.0-windows\VideoOS.Platform.Tests.dll" adapterTypeName="executor://mstestadapter/v2" className="VideoOS.Platform.Tests.ServerIdTests" name="HttpScheme_ShouldFollowHttpPort" />
    </UnitTest>
    <UnitTest name="WriteXml_ShouldOmitIsRemovedElement_WhenIsRemovedFalse" storage="d:\actions-runner\_work\xpco\xpco\allsolutions\..\mip\platformplugin\videoos.platform\unittest\bin\debug\net6.0-windows\videoos.platform.tests.dll" id="66035837-2c9f-2396-ee34-7f395303e812">
      <Execution id="969916a4-1cb2-463f-a3d5-9b345fa8f599" />
      <TestMethod codeBase="D:\actions-runner\_work\XPCO\XPCO\AllSolutions\..\MIP\PlatformPlugin\VideoOS.Platform\unittest\bin\Debug\net6.0-windows\VideoOS.Platform.Tests.dll" adapterTypeName="executor://mstestadapter/v2" className="VideoOS.Platform.Tests.Metadata.BehaviourTests" name="WriteXml_ShouldOmitIsRemovedElement_WhenIsRemovedFalse" />
    </UnitTest>
    <UnitTest name="TestConstructor_MessageParameters_Success" storage="d:\actions-runner\_work\xpco\xpco\allsolutions\..\mip\platformplugin\videoos.platform\unittest\bin\debug\net6.0-windows\videoos.platform.tests.dll" id="d1627721-b0c9-88e8-e34c-f6f72d59002d">
      <Execution id="9a2fb472-4041-4765-a73e-9f38e80262cb" />
      <TestMethod codeBase="D:\actions-runner\_work\XPCO\XPCO\AllSolutions\..\MIP\PlatformPlugin\VideoOS.Platform\unittest\bin\Debug\net6.0-windows\VideoOS.Platform.Tests.dll" adapterTypeName="executor://mstestadapter/v2" className="VideoOS.Platform.Tests.Search.Error.CustomSearchErrorTest" name="TestConstructor_MessageParameters_Success" />
    </UnitTest>
    <UnitTest name="Escape_Success" storage="d:\actions-runner\_work\xpco\xpco\allsolutions\..\mip\platformplugin\videoos.platform\unittest\bin\debug\net6.0-windows\videoos.platform.tests.dll" id="a986cdd1-f3b8-291d-b1aa-90291a659d05">
      <Execution id="089b3ef0-d654-43ae-915b-abe93bc95950" />
      <TestMethod codeBase="D:\actions-runner\_work\XPCO\XPCO\AllSolutions\..\MIP\PlatformPlugin\VideoOS.Platform\unittest\bin\Debug\net6.0-windows\VideoOS.Platform.Tests.dll" adapterTypeName="executor://mstestadapter/v2" className="VideoOS.Platform.Tests.Util.StringSplitterTests" name="Escape_Success" />
    </UnitTest>
    <UnitTest name="ToJson_IntElement" storage="d:\actions-runner\_work\xpco\xpco\allsolutions\..\mip\platformplugin\videoos.platform\unittest\bin\debug\net6.0-windows\videoos.platform.tests.dll" id="94e5854b-a7a8-bf50-1837-dc2fec1a5970">
      <Execution id="81b495c1-a393-4c02-bffa-99890fa99824" />
      <TestMethod codeBase="D:\actions-runner\_work\XPCO\XPCO\AllSolutions\..\MIP\PlatformPlugin\VideoOS.Platform\unittest\bin\Debug\net6.0-windows\VideoOS.Platform.Tests.dll" adapterTypeName="executor://mstestadapter/v2" className="VideoOS.Platform.Tests.Proxy.RestApi.JsonReaderTests" name="ToJson_IntElement" />
    </UnitTest>
    <UnitTest name="CountByItems_Activated_CountByCounter_Trial2" storage="d:\actions-runner\_work\xpco\xpco\allsolutions\..\mip\platformplugin\videoos.platform\unittest\bin\debug\net6.0-windows\videoos.platform.tests.dll" id="54151fed-fc55-77df-b7af-e1e01590fd93">
      <Execution id="56bbd5d6-8c84-4486-a566-751375eb640c" />
      <TestMethod codeBase="D:\actions-runner\_work\XPCO\XPCO\AllSolutions\..\MIP\PlatformPlugin\VideoOS.Platform\unittest\bin\Debug\net6.0-windows\VideoOS.Platform.Tests.dll" adapterTypeName="executor://mstestadapter/v2" className="VideoOS.Platform.Tests.License.ResolvedLicenseCountTest" name="CountByItems_Activated_CountByCounter_Trial2" />
    </UnitTest>
    <UnitTest name="ReadXml_ShouldIgnoreType_WhenTypeIsPresenWithWrongNamespace" storage="d:\actions-runner\_work\xpco\xpco\allsolutions\..\mip\platformplugin\videoos.platform\unittest\bin\debug\net6.0-windows\videoos.platform.tests.dll" id="6fccae5a-7804-fab5-2f9c-d8ea289560be">
      <Execution id="bbb2f60b-ed21-4bb7-b991-337ba7f7dd62" />
      <TestMethod codeBase="D:\actions-runner\_work\XPCO\XPCO\AllSolutions\..\MIP\PlatformPlugin\VideoOS.Platform\unittest\bin\Debug\net6.0-windows\VideoOS.Platform.Tests.dll" adapterTypeName="executor://mstestadapter/v2" className="VideoOS.Platform.Tests.Metadata.ClassCandidateTests" name="ReadXml_ShouldIgnoreType_WhenTypeIsPresenWithWrongNamespace" />
    </UnitTest>
    <UnitTest name="TestConstructor_MessageParametersAsWarning_Success" storage="d:\actions-runner\_work\xpco\xpco\allsolutions\..\mip\platformplugin\videoos.platform\unittest\bin\debug\net6.0-windows\videoos.platform.tests.dll" id="679fa446-5363-b4de-5431-4cdafa751f6b">
      <Execution id="6c0961f8-f038-4ba7-b20b-e4f9f2362c35" />
      <TestMethod codeBase="D:\actions-runner\_work\XPCO\XPCO\AllSolutions\..\MIP\PlatformPlugin\VideoOS.Platform\unittest\bin\Debug\net6.0-windows\VideoOS.Platform.Tests.dll" adapterTypeName="executor://mstestadapter/v2" className="VideoOS.Platform.Tests.Search.Error.CustomSearchErrorTest" name="TestConstructor_MessageParametersAsWarning_Success" />
    </UnitTest>
    <UnitTest name="GetWithDateTime_ShouldEnsureThatFolowingCallToGetNextWorks_WhenDataIsNotInCache" storage="d:\actions-runner\_work\xpco\xpco\allsolutions\..\mip\platformplugin\videoos.platform\unittest\bin\debug\net6.0-windows\videoos.platform.tests.dll" id="005c4048-bbfa-5fd2-6e76-51731c50383b">
      <Execution id="d6d4bdec-9836-4e5b-b640-b91a3deee576" />
      <TestMethod codeBase="D:\actions-runner\_work\XPCO\XPCO\AllSolutions\..\MIP\PlatformPlugin\VideoOS.Platform\unittest\bin\Debug\net6.0-windows\VideoOS.Platform.Tests.dll" adapterTypeName="executor://mstestadapter/v2" className="VideoOS.Platform.Tests.Data.MetadataPlaybackSourceTests" name="GetWithDateTime_ShouldEnsureThatFolowingCallToGetNextWorks_WhenDataIsNotInCache" />
    </UnitTest>
    <UnitTest name="Serialize_TestCases (Verify root Interface (not null) property)" storage="d:\actions-runner\_work\xpco\xpco\allsolutions\..\mip\platformplugin\videoos.platform\unittest\bin\debug\net6.0-windows\videoos.platform.tests.dll" id="80c46a70-b8c2-5ddc-7925-b3f4ce3a7330">
      <Execution id="864ad0e7-be7b-4dfa-8a00-11b77b9eba60" />
      <TestMethod codeBase="D:\actions-runner\_work\XPCO\XPCO\AllSolutions\..\MIP\PlatformPlugin\VideoOS.Platform\unittest\bin\Debug\net6.0-windows\VideoOS.Platform.Tests.dll" adapterTypeName="executor://mstestadapter/v2" className="VideoOS.Platform.Tests.UI.Controls.Automation.Serialization.AutomationObjectSerializerTest" name="Serialize_TestCases" />
    </UnitTest>
    <UnitTest name="GetMetadataString_ShouldReturnConstructorByteArrayParameter_AsUtf8DecodedString" storage="d:\actions-runner\_work\xpco\xpco\allsolutions\..\mip\platformplugin\videoos.platform\unittest\bin\debug\net6.0-windows\videoos.platform.tests.dll" id="007025e6-ced6-33f5-d735-a3864e2b7add">
      <Execution id="55325386-a1f4-4483-8184-b74095ec47ee" />
      <TestMethod codeBase="D:\actions-runner\_work\XPCO\XPCO\AllSolutions\..\MIP\PlatformPlugin\VideoOS.Platform\unittest\bin\Debug\net6.0-windows\VideoOS.Platform.Tests.dll" adapterTypeName="executor://mstestadapter/v2" className="VideoOS.Platform.Tests.Metadata.MetadataContentTests" name="GetMetadataString_ShouldReturnConstructorByteArrayParameter_AsUtf8DecodedString" />
    </UnitTest>
    <UnitTest name="TryParseArgbString_ShouldReturnTrue_WithCorrectARGBValuesWhenFormatIsCorrect" storage="d:\actions-runner\_work\xpco\xpco\allsolutions\..\mip\platformplugin\videoos.platform\unittest\bin\debug\net6.0-windows\videoos.platform.tests.dll" id="774975d0-338f-cf44-fe77-bf25f6734c5b">
      <Execution id="f1636284-af66-414f-b605-1bd908f6ebb7" />
      <TestMethod codeBase="D:\actions-runner\_work\XPCO\XPCO\AllSolutions\..\MIP\PlatformPlugin\VideoOS.Platform\unittest\bin\Debug\net6.0-windows\VideoOS.Platform.Tests.dll" adapterTypeName="executor://mstestadapter/v2" className="VideoOS.Platform.Tests.Metadata.DisplayColorTests" name="TryParseArgbString_ShouldReturnTrue_WithCorrectARGBValuesWhenFormatIsCorrect" />
    </UnitTest>
    <UnitTest name="GetItem_Rule_Success" storage="d:\actions-runner\_work\xpco\xpco\allsolutions\..\mip\platformplugin\videoos.platform\unittest\bin\debug\net6.0-windows\videoos.platform.tests.dll" id="e4430911-be68-d9a0-a78d-87695990dd2b">
      <Execution id="842a39b0-ce2d-464d-8833-0f17b2253edb" />
      <TestMethod codeBase="D:\actions-runner\_work\XPCO\XPCO\AllSolutions\..\MIP\PlatformPlugin\VideoOS.Platform\unittest\bin\Debug\net6.0-windows\VideoOS.Platform.Tests.dll" adapterTypeName="executor://mstestadapter/v2" className="VideoOS.Platform.Tests.Proxy.RestApi.RestApiClientDecoratorTests" name="GetItem_Rule_Success" />
    </UnitTest>
    <UnitTest name="GetItem_ShouldReturnItem_WhenFound" storage="d:\actions-runner\_work\xpco\xpco\allsolutions\..\mip\platformplugin\videoos.platform\unittest\bin\debug\net6.0-windows\videoos.platform.tests.dll" id="211e44a5-7069-3390-6f71-9a0cc710f40e">
      <Execution id="9ab8ce15-b9a7-476d-b3a9-1e9e5b432e09" />
      <TestMethod codeBase="D:\actions-runner\_work\XPCO\XPCO\AllSolutions\..\MIP\PlatformPlugin\VideoOS.Platform\unittest\bin\Debug\net6.0-windows\VideoOS.Platform.Tests.dll" adapterTypeName="executor://mstestadapter/v2" className="VideoOS.Platform.Tests.Util.ConfigurationCacheTests" name="GetItem_ShouldReturnItem_WhenFound" />
    </UnitTest>
    <UnitTest name="AllAttributesWerePresent_ShouldReturnFalse_WhenYAttributeIsNotAFloat" storage="d:\actions-runner\_work\xpco\xpco\allsolutions\..\mip\platformplugin\videoos.platform\unittest\bin\debug\net6.0-windows\videoos.platform.tests.dll" id="7a7fdf06-c490-deb2-82e6-65e1294c3173">
      <Execution id="332923c0-8b08-4384-9f5c-d140c3174f87" />
      <TestMethod codeBase="D:\actions-runner\_work\XPCO\XPCO\AllSolutions\..\MIP\PlatformPlugin\VideoOS.Platform\unittest\bin\Debug\net6.0-windows\VideoOS.Platform.Tests.dll" adapterTypeName="executor://mstestadapter/v2" className="VideoOS.Platform.Tests.Metadata.VectorTests" name="AllAttributesWerePresent_ShouldReturnFalse_WhenYAttributeIsNotAFloat" />
    </UnitTest>
    <UnitTest name="ToJson_StringElement" storage="d:\actions-runner\_work\xpco\xpco\allsolutions\..\mip\platformplugin\videoos.platform\unittest\bin\debug\net6.0-windows\videoos.platform.tests.dll" id="7703e29a-ecc3-f42a-a3d8-2092764eb3f2">
      <Execution id="b90393f3-4d8b-494b-950f-c840cbccaa00" />
      <TestMethod codeBase="D:\actions-runner\_work\XPCO\XPCO\AllSolutions\..\MIP\PlatformPlugin\VideoOS.Platform\unittest\bin\Debug\net6.0-windows\VideoOS.Platform.Tests.dll" adapterTypeName="executor://mstestadapter/v2" className="VideoOS.Platform.Tests.Proxy.RestApi.JsonReaderTests" name="ToJson_StringElement" />
    </UnitTest>
    <UnitTest name="Construct6_And_Field_Check" storage="d:\actions-runner\_work\xpco\xpco\allsolutions\..\mip\platformplugin\videoos.platform\unittest\bin\debug\net6.0-windows\videoos.platform.tests.dll" id="ab22d2fd-ea64-f65a-96ca-e707567c9b67">
      <Execution id="6ce45d10-0458-4689-a683-4f59848841f2" />
      <TestMethod codeBase="D:\actions-runner\_work\XPCO\XPCO\AllSolutions\..\MIP\PlatformPlugin\VideoOS.Platform\unittest\bin\Debug\net6.0-windows\VideoOS.Platform.Tests.dll" adapterTypeName="executor://mstestadapter/v2" className="VideoOS.Platform.Tests.ItemTests" name="Construct6_And_Field_Check" />
    </UnitTest>
    <UnitTest name="SplitString_When1Level_Success" storage="d:\actions-runner\_work\xpco\xpco\allsolutions\..\mip\platformplugin\videoos.platform\unittest\bin\debug\net6.0-windows\videoos.platform.tests.dll" id="879090c1-add8-48b2-d609-da3bc5d3a246">
      <Execution id="243e6f66-6298-4bdd-925c-dabf4f9e5778" />
      <TestMethod codeBase="D:\actions-runner\_work\XPCO\XPCO\AllSolutions\..\MIP\PlatformPlugin\VideoOS.Platform\unittest\bin\Debug\net6.0-windows\VideoOS.Platform.Tests.dll" adapterTypeName="executor://mstestadapter/v2" className="VideoOS.Platform.Tests.Util.StringSplitterTests" name="SplitString_When1Level_Success" />
    </UnitTest>
    <UnitTest name="SearchResultData_Item_Success" storage="d:\actions-runner\_work\xpco\xpco\allsolutions\..\mip\platformplugin\videoos.platform\unittest\bin\debug\net6.0-windows\videoos.platform.tests.dll" id="bc934390-fccd-2d5c-15be-99650a75c9f5">
      <TestCategory>
        <TestCategoryItem TestCategory="Search" />
      </TestCategory>
      <Execution id="7b73638e-aa61-4ffc-9c5e-382d3f297622" />
      <TestMethod codeBase="D:\actions-runner\_work\XPCO\XPCO\AllSolutions\..\MIP\PlatformPlugin\VideoOS.Platform\unittest\bin\Debug\net6.0-windows\VideoOS.Platform.Tests.dll" adapterTypeName="executor://mstestadapter/v2" className="VideoOS.Platform.Tests.Search.SearchResultDataTest" name="SearchResultData_Item_Success" />
    </UnitTest>
    <UnitTest name="ReadXml_ShouldReadObjectContents_WhenObjectIsPresent" storage="d:\actions-runner\_work\xpco\xpco\allsolutions\..\mip\platformplugin\videoos.platform\unittest\bin\debug\net6.0-windows\videoos.platform.tests.dll" id="5a81ef7d-e348-ad91-56ea-2f873a9d2e52">
      <Execution id="e973a468-668a-4732-bd7c-f23c1af56e97" />
      <TestMethod codeBase="D:\actions-runner\_work\XPCO\XPCO\AllSolutions\..\MIP\PlatformPlugin\VideoOS.Platform\unittest\bin\Debug\net6.0-windows\VideoOS.Platform.Tests.dll" adapterTypeName="executor://mstestadapter/v2" className="VideoOS.Platform.Tests.Metadata.FrameTests" name="ReadXml_ShouldReadObjectContents_WhenObjectIsPresent" />
    </UnitTest>
    <UnitTest name="ReadXml_ShouldSetAllFieldsToDefaultValues_WhenElementIsEmpty" storage="d:\actions-runner\_work\xpco\xpco\allsolutions\..\mip\platformplugin\videoos.platform\unittest\bin\debug\net6.0-windows\videoos.platform.tests.dll" id="b391819c-9b61-5619-1c97-a7d68c4b7e89">
      <Execution id="60072f7b-1695-458d-ac1c-de80b43135e1" />
      <TestMethod codeBase="D:\actions-runner\_work\XPCO\XPCO\AllSolutions\..\MIP\PlatformPlugin\VideoOS.Platform\unittest\bin\Debug\net6.0-windows\VideoOS.Platform.Tests.dll" adapterTypeName="executor://mstestadapter/v2" className="VideoOS.Platform.Tests.Metadata.OnvifClassTests" name="ReadXml_ShouldSetAllFieldsToDefaultValues_WhenElementIsEmpty" />
    </UnitTest>
    <UnitTest name="TryParseArgbString_ShouldReturnFalse_WhenStringDoesNotContain8HexChars" storage="d:\actions-runner\_work\xpco\xpco\allsolutions\..\mip\platformplugin\videoos.platform\unittest\bin\debug\net6.0-windows\videoos.platform.tests.dll" id="e4b13263-b1bd-68bb-3baa-222b8414af3b">
      <Execution id="b7ab3370-2d4f-4529-ad91-9eea3ecd3831" />
      <TestMethod codeBase="D:\actions-runner\_work\XPCO\XPCO\AllSolutions\..\MIP\PlatformPlugin\VideoOS.Platform\unittest\bin\Debug\net6.0-windows\VideoOS.Platform.Tests.dll" adapterTypeName="executor://mstestadapter/v2" className="VideoOS.Platform.Tests.Metadata.DisplayColorTests" name="TryParseArgbString_ShouldReturnFalse_WhenStringDoesNotContain8HexChars" />
    </UnitTest>
    <UnitTest name="ConstructWithString_Camera_FieldValues_checked" storage="d:\actions-runner\_work\xpco\xpco\allsolutions\..\mip\platformplugin\videoos.platform\unittest\bin\debug\net6.0-windows\videoos.platform.tests.dll" id="8c4ac38a-c3bf-bb60-df07-e7bd10fd1112">
      <Execution id="0637f727-66c7-48f7-87dc-1352d4624d21" />
      <TestMethod codeBase="D:\actions-runner\_work\XPCO\XPCO\AllSolutions\..\MIP\PlatformPlugin\VideoOS.Platform\unittest\bin\Debug\net6.0-windows\VideoOS.Platform.Tests.dll" adapterTypeName="executor://mstestadapter/v2" className="VideoOS.Platform.Tests.FQIDtests" name="ConstructWithString_Camera_FieldValues_checked" />
    </UnitTest>
    <UnitTest name="ReadXml_ShouldReadAltitude_WhenAltitudeIsPresent" storage="d:\actions-runner\_work\xpco\xpco\allsolutions\..\mip\platformplugin\videoos.platform\unittest\bin\debug\net6.0-windows\videoos.platform.tests.dll" id="c975fa8d-6f04-08d0-8773-8610e8c13dbc">
      <Execution id="a971b704-79a2-48d1-996e-9879f4ccd954" />
      <TestMethod codeBase="D:\actions-runner\_work\XPCO\XPCO\AllSolutions\..\MIP\PlatformPlugin\VideoOS.Platform\unittest\bin\Debug\net6.0-windows\VideoOS.Platform.Tests.dll" adapterTypeName="executor://mstestadapter/v2" className="VideoOS.Platform.Tests.Metadata.NavigationalDataTests" name="ReadXml_ShouldReadAltitude_WhenAltitudeIsPresent" />
    </UnitTest>
    <UnitTest name="ReadXml_ShouldLogWarning_WhenBoundingBoxIsMissing" storage="d:\actions-runner\_work\xpco\xpco\allsolutions\..\mip\platformplugin\videoos.platform\unittest\bin\debug\net6.0-windows\videoos.platform.tests.dll" id="7487e89c-78f3-9567-7976-60fdef3ca987">
      <Execution id="53ad83ec-403d-4763-857d-cbaf5c1f267a" />
      <TestMethod codeBase="D:\actions-runner\_work\XPCO\XPCO\AllSolutions\..\MIP\PlatformPlugin\VideoOS.Platform\unittest\bin\Debug\net6.0-windows\VideoOS.Platform.Tests.dll" adapterTypeName="executor://mstestadapter/v2" className="VideoOS.Platform.Tests.Metadata.ShapeTests" name="ReadXml_ShouldLogWarning_WhenBoundingBoxIsMissing" />
    </UnitTest>
    <UnitTest name="Enabled_Properties_With_Enable_True_success" storage="d:\actions-runner\_work\xpco\xpco\allsolutions\..\mip\platformplugin\videoos.platform\unittest\bin\debug\net6.0-windows\videoos.platform.tests.dll" id="0f5489b1-8ac4-9204-17f4-b55749ac6490">
      <Execution id="73058649-b0e8-46ca-b924-c6a9ade7c987" />
      <TestMethod codeBase="D:\actions-runner\_work\XPCO\XPCO\AllSolutions\..\MIP\PlatformPlugin\VideoOS.Platform\unittest\bin\Debug\net6.0-windows\VideoOS.Platform.Tests.dll" adapterTypeName="executor://mstestadapter/v2" className="VideoOS.Platform.Tests.ItemTests" name="Enabled_Properties_With_Enable_True_success" />
    </UnitTest>
    <UnitTest name="Serialize_TestCases (TestParentAllPrimitiveTypeMatchDoubleNotThisTypeMatched)" storage="d:\actions-runner\_work\xpco\xpco\allsolutions\..\mip\platformplugin\videoos.platform\unittest\bin\debug\net6.0-windows\videoos.platform.tests.dll" id="2bfbf382-2acb-7849-d6f4-575f5e2be481">
      <Execution id="b6a1c7e5-49cf-4c83-9c1f-4f0abed39aa6" />
      <TestMethod codeBase="D:\actions-runner\_work\XPCO\XPCO\AllSolutions\..\MIP\PlatformPlugin\VideoOS.Platform\unittest\bin\Debug\net6.0-windows\VideoOS.Platform.Tests.dll" adapterTypeName="executor://mstestadapter/v2" className="VideoOS.Platform.Tests.UI.Controls.Automation.Serialization.AutomationObjectSerializerTest" name="Serialize_TestCases" />
    </UnitTest>
    <UnitTest name="GetIdFromPath_ShouldReturnNull_FromNullPath" storage="d:\actions-runner\_work\xpco\xpco\allsolutions\..\mip\platformplugin\videoos.platform\unittest\bin\debug\net6.0-windows\videoos.platform.tests.dll" id="42e108f3-1735-015e-fab8-d9a77a62ea31">
      <Execution id="b0172f43-a9bc-4779-b579-8e51c8e644d3" />
      <TestMethod codeBase="D:\actions-runner\_work\XPCO\XPCO\AllSolutions\..\MIP\PlatformPlugin\VideoOS.Platform\unittest\bin\Debug\net6.0-windows\VideoOS.Platform.Tests.dll" adapterTypeName="executor://mstestadapter/v2" className="VideoOS.Platform.Tests.ConfigurationItems.FactoryTests" name="GetIdFromPath_ShouldReturnNull_FromNullPath" />
    </UnitTest>
    <UnitTest name="Remove_String_Invalid" storage="d:\actions-runner\_work\xpco\xpco\allsolutions\..\mip\platformplugin\videoos.platform\unittest\bin\debug\net6.0-windows\videoos.platform.tests.dll" id="48aed434-d191-a79c-5c15-17d6032c9edd">
      <Execution id="1659a280-d9cb-47e3-ac6d-2073a63faf9a" />
      <TestMethod codeBase="D:\actions-runner\_work\XPCO\XPCO\AllSolutions\..\MIP\PlatformPlugin\VideoOS.Platform\unittest\bin\Debug\net6.0-windows\VideoOS.Platform.Tests.dll" adapterTypeName="executor://mstestadapter/v2" className="VideoOS.Platform.Tests.Proxy.RestApi.JsonReaderTests" name="Remove_String_Invalid" />
    </UnitTest>
    <UnitTest name="GetPrevious_ShouldReturnEntryBeforeLastReturnedEntry_WhenFindCacheEntryAfterWasCalledAndThereIsAPreviousEntry" storage="d:\actions-runner\_work\xpco\xpco\allsolutions\..\mip\platformplugin\videoos.platform\unittest\bin\debug\net6.0-windows\videoos.platform.tests.dll" id="92fdd030-3856-bf25-d99c-4aebc9a73c44">
      <Execution id="d10bd501-56d4-4ceb-b159-40777eaa4fbb" />
      <TestMethod codeBase="D:\actions-runner\_work\XPCO\XPCO\AllSolutions\..\MIP\PlatformPlugin\VideoOS.Platform\unittest\bin\Debug\net6.0-windows\VideoOS.Platform.Tests.dll" adapterTypeName="executor://mstestadapter/v2" className="VideoOS.Platform.Tests.Data.MetadataCacheTests" name="GetPrevious_ShouldReturnEntryBeforeLastReturnedEntry_WhenFindCacheEntryAfterWasCalledAndThereIsAPreviousEntry" />
    </UnitTest>
    <UnitTest name="WriteXml_ShouldWriteClassCandidateContents_WhenAClassCandidateIsWritten" storage="d:\actions-runner\_work\xpco\xpco\allsolutions\..\mip\platformplugin\videoos.platform\unittest\bin\debug\net6.0-windows\videoos.platform.tests.dll" id="0e7ca7c3-2900-8d7a-24b0-844e128831dd">
      <Execution id="84d58abf-31eb-4bc7-a975-284e094c5c38" />
      <TestMethod codeBase="D:\actions-runner\_work\XPCO\XPCO\AllSolutions\..\MIP\PlatformPlugin\VideoOS.Platform\unittest\bin\Debug\net6.0-windows\VideoOS.Platform.Tests.dll" adapterTypeName="executor://mstestadapter/v2" className="VideoOS.Platform.Tests.Metadata.OnvifClassTests" name="WriteXml_ShouldWriteClassCandidateContents_WhenAClassCandidateIsWritten" />
    </UnitTest>
    <UnitTest name="CountByItems_NotActivated_Expired" storage="d:\actions-runner\_work\xpco\xpco\allsolutions\..\mip\platformplugin\videoos.platform\unittest\bin\debug\net6.0-windows\videoos.platform.tests.dll" id="868cf503-fe08-eed0-d324-72014e5624ab">
      <Execution id="5d377f32-90f9-468d-b976-e9199ba26cea" />
      <TestMethod codeBase="D:\actions-runner\_work\XPCO\XPCO\AllSolutions\..\MIP\PlatformPlugin\VideoOS.Platform\unittest\bin\Debug\net6.0-windows\VideoOS.Platform.Tests.dll" adapterTypeName="executor://mstestadapter/v2" className="VideoOS.Platform.Tests.License.ResolvedLicenseCountTest" name="CountByItems_NotActivated_Expired" />
    </UnitTest>
    <UnitTest name="ReadXml_ShouldLogWarning_WhenCenterOfGravityIsIncomplete" storage="d:\actions-runner\_work\xpco\xpco\allsolutions\..\mip\platformplugin\videoos.platform\unittest\bin\debug\net6.0-windows\videoos.platform.tests.dll" id="0698a694-c3e3-daa4-3795-9bea8316565b">
      <Execution id="93ebf992-7feb-4ebc-b324-f79f574a54d6" />
      <TestMethod codeBase="D:\actions-runner\_work\XPCO\XPCO\AllSolutions\..\MIP\PlatformPlugin\VideoOS.Platform\unittest\bin\Debug\net6.0-windows\VideoOS.Platform.Tests.dll" adapterTypeName="executor://mstestadapter/v2" className="VideoOS.Platform.Tests.Metadata.ShapeTests" name="ReadXml_ShouldLogWarning_WhenCenterOfGravityIsIncomplete" />
    </UnitTest>
    <UnitTest name="HasExtensionDataPresent_ShouldReturnTrue_WhenLineDisplayPixelThicknessIsSet" storage="d:\actions-runner\_work\xpco\xpco\allsolutions\..\mip\platformplugin\videoos.platform\unittest\bin\debug\net6.0-windows\videoos.platform.tests.dll" id="ea4cc4d0-6ac5-366c-ac2d-a5c2c9cb07e6">
      <Execution id="bbb0f3ca-35e4-4cd8-8696-4af0d04be09c" />
      <TestMethod codeBase="D:\actions-runner\_work\XPCO\XPCO\AllSolutions\..\MIP\PlatformPlugin\VideoOS.Platform\unittest\bin\Debug\net6.0-windows\VideoOS.Platform.Tests.dll" adapterTypeName="executor://mstestadapter/v2" className="VideoOS.Platform.Tests.Metadata.RectangleTests" name="HasExtensionDataPresent_ShouldReturnTrue_WhenLineDisplayPixelThicknessIsSet" />
    </UnitTest>
    <UnitTest name="Convert_SingleArgumentConverter_ShouldThrowArgumentException_WhenArgumentTypeMismatch" storage="d:\actions-runner\_work\xpco\xpco\allsolutions\..\mip\platformplugin\videoos.platform\unittest\bin\debug\net6.0-windows\videoos.platform.tests.dll" id="c9591e10-6b0d-3789-a42b-e1f4d40f2de0">
      <Execution id="db40d4d7-5fcd-449c-be0c-afd405ad3dff" />
      <TestMethod codeBase="D:\actions-runner\_work\XPCO\XPCO\AllSolutions\..\MIP\PlatformPlugin\VideoOS.Platform\unittest\bin\Debug\net6.0-windows\VideoOS.Platform.Tests.dll" adapterTypeName="executor://mstestadapter/v2" className="VideoOS.Platform.Tests.UI.Converters.LambdaConverterTest" name="Convert_SingleArgumentConverter_ShouldThrowArgumentException_WhenArgumentTypeMismatch" />
    </UnitTest>
    <UnitTest name="JoinString_When1Level_Success" storage="d:\actions-runner\_work\xpco\xpco\allsolutions\..\mip\platformplugin\videoos.platform\unittest\bin\debug\net6.0-windows\videoos.platform.tests.dll" id="1461c781-13a0-05a7-16f7-5b6b1341577b">
      <Execution id="91964398-63c1-44f8-b56e-790a57cfbdf8" />
      <TestMethod codeBase="D:\actions-runner\_work\XPCO\XPCO\AllSolutions\..\MIP\PlatformPlugin\VideoOS.Platform\unittest\bin\Debug\net6.0-windows\VideoOS.Platform.Tests.dll" adapterTypeName="executor://mstestadapter/v2" className="VideoOS.Platform.Tests.Util.StringSplitterTests" name="JoinString_When1Level_Success" />
    </UnitTest>
    <UnitTest name="ReadyToCloseEvent_CancelCommand_SingleSelect_Thrown" storage="d:\actions-runner\_work\xpco\xpco\allsolutions\..\mip\platformplugin\videoos.platform\unittest\bin\debug\net6.0-windows\videoos.platform.tests.dll" id="ea0e0dc8-9c54-bf6a-2be9-fcc231898886">
      <Execution id="6ffbb69b-59fb-4154-ad3c-94dc80c23ea4" />
      <TestMethod codeBase="D:\actions-runner\_work\XPCO\XPCO\AllSolutions\..\MIP\PlatformPlugin\VideoOS.Platform\unittest\bin\Debug\net6.0-windows\VideoOS.Platform.Tests.dll" adapterTypeName="executor://mstestadapter/v2" className="VideoOS.Platform.Tests.UI.ItemPicker.ItemPickerWindowViewModelTest" name="ReadyToCloseEvent_CancelCommand_SingleSelect_Thrown" />
    </UnitTest>
    <UnitTest name="GenerateBoundingBoxDevice_ShouldReturnDeviceWithCorrectTypes_WhenAlways" storage="d:\actions-runner\_work\xpco\xpco\allsolutions\..\mip\platformplugin\videoos.platform\unittest\bin\debug\net6.0-windows\videoos.platform.tests.dll" id="0465a107-5afa-65eb-a10c-77e89846ff26">
      <Execution id="0e2b4aaa-1856-407c-836f-ee121de489f5" />
      <TestMethod codeBase="D:\actions-runner\_work\XPCO\XPCO\AllSolutions\..\MIP\PlatformPlugin\VideoOS.Platform\unittest\bin\Debug\net6.0-windows\VideoOS.Platform.Tests.dll" adapterTypeName="executor://mstestadapter/v2" className="VideoOS.Platform.Tests.Data.MetadataDeviceDefintionTests" name="GenerateBoundingBoxDevice_ShouldReturnDeviceWithCorrectTypes_WhenAlways" />
    </UnitTest>
    <UnitTest name="GenerateParameters_ShouldThrowInvalidOperationException_WhenCodecListContainsNonVideoCodec" storage="d:\actions-runner\_work\xpco\xpco\allsolutions\..\mip\platformplugin\videoos.platform\unittest\bin\debug\net6.0-windows\videoos.platform.tests.dll" id="31a03b18-193d-f844-e92f-19d317699a01">
      <Execution id="8817996a-3e9b-4c1a-b12b-ffbe4c1b97d1" />
      <TestMethod codeBase="D:\actions-runner\_work\XPCO\XPCO\AllSolutions\..\MIP\PlatformPlugin\VideoOS.Platform\unittest\bin\Debug\net6.0-windows\VideoOS.Platform.Tests.dll" adapterTypeName="executor://mstestadapter/v2" className="VideoOS.Platform.Tests.Data.CameraDeviceDefinitionTests" name="GenerateParameters_ShouldThrowInvalidOperationException_WhenCodecListContainsNonVideoCodec" />
    </UnitTest>
    <UnitTest name="ReadXml_ShouldIgnoreUnknownAttributes_WhenAlways" storage="d:\actions-runner\_work\xpco\xpco\allsolutions\..\mip\platformplugin\videoos.platform\unittest\bin\debug\net6.0-windows\videoos.platform.tests.dll" id="68414986-0a7e-03e0-b752-7222fdf120b2">
      <Execution id="da1c0490-6c13-48de-86d2-82e9eda46ba6" />
      <TestMethod codeBase="D:\actions-runner\_work\XPCO\XPCO\AllSolutions\..\MIP\PlatformPlugin\VideoOS.Platform\unittest\bin\Debug\net6.0-windows\VideoOS.Platform.Tests.dll" adapterTypeName="executor://mstestadapter/v2" className="VideoOS.Platform.Tests.Metadata.VectorTests" name="ReadXml_ShouldIgnoreUnknownAttributes_WhenAlways" />
    </UnitTest>
    <UnitTest name="FallbackDisplayValue_SingleValueSet_ReturnsSingleValue" storage="d:\actions-runner\_work\xpco\xpco\allsolutions\..\mip\platformplugin\videoos.platform\unittest\bin\debug\net6.0-windows\videoos.platform.tests.dll" id="b2b2d43b-9d87-4971-7001-e6990369b6c8">
      <TestCategory>
        <TestCategoryItem TestCategory="Search" />
      </TestCategory>
      <Execution id="644b6297-3283-422c-8819-4cf33fe00fc5" />
      <TestMethod codeBase="D:\actions-runner\_work\XPCO\XPCO\AllSolutions\..\MIP\PlatformPlugin\VideoOS.Platform\unittest\bin\Debug\net6.0-windows\VideoOS.Platform.Tests.dll" adapterTypeName="executor://mstestadapter/v2" className="VideoOS.Platform.Tests.Search.MultipleSelectionFilterValueTest" name="FallbackDisplayValue_SingleValueSet_ReturnsSingleValue" />
    </UnitTest>
    <UnitTest name="HostInitialized_ShouldInvokeCallback_WhenInitializedWithItems" storage="d:\actions-runner\_work\xpco\xpco\allsolutions\..\mip\platformplugin\videoos.platform\unittest\bin\debug\net6.0-windows\videoos.platform.tests.dll" id="4d8c83aa-a156-12a2-4c8a-ba95a8a26318">
      <Execution id="e490818c-5833-4cd5-9044-8e8c822632bc" />
      <TestMethod codeBase="D:\actions-runner\_work\XPCO\XPCO\AllSolutions\..\MIP\PlatformPlugin\VideoOS.Platform\unittest\bin\Debug\net6.0-windows\VideoOS.Platform.Tests.dll" adapterTypeName="executor://mstestadapter/v2" className="VideoOS.Platform.Tests.UI.Controls.CollectionHelperTest" name="HostInitialized_ShouldInvokeCallback_WhenInitializedWithItems" />
    </UnitTest>
    <UnitTest name="GetNearest_ShouldReturnClosestElement_WhenTimestampIsInSmallCache" storage="d:\actions-runner\_work\xpco\xpco\allsolutions\..\mip\platformplugin\videoos.platform\unittest\bin\debug\net6.0-windows\videoos.platform.tests.dll" id="f429442b-db90-b095-7991-b9ca4c955f13">
      <Execution id="db767fff-df31-4dae-b497-56bafa74b3c4" />
      <TestMethod codeBase="D:\actions-runner\_work\XPCO\XPCO\AllSolutions\..\MIP\PlatformPlugin\VideoOS.Platform\unittest\bin\Debug\net6.0-windows\VideoOS.Platform.Tests.dll" adapterTypeName="executor://mstestadapter/v2" className="VideoOS.Platform.Tests.Data.MetadataCacheTests" name="GetNearest_ShouldReturnClosestElement_WhenTimestampIsInSmallCache" />
    </UnitTest>
    <UnitTest name="FindCacheEntryBefore_ShuldReturnNull_WhenThereAreNoEntriesbeforeTheTimestamp" storage="d:\actions-runner\_work\xpco\xpco\allsolutions\..\mip\platformplugin\videoos.platform\unittest\bin\debug\net6.0-windows\videoos.platform.tests.dll" id="77c15838-368f-705c-d0c8-46e47de3c659">
      <Execution id="1aef9657-f8b1-4a38-92b8-cd93e4e91166" />
      <TestMethod codeBase="D:\actions-runner\_work\XPCO\XPCO\AllSolutions\..\MIP\PlatformPlugin\VideoOS.Platform\unittest\bin\Debug\net6.0-windows\VideoOS.Platform.Tests.dll" adapterTypeName="executor://mstestadapter/v2" className="VideoOS.Platform.Tests.Data.MetadataCacheTests" name="FindCacheEntryBefore_ShuldReturnNull_WhenThereAreNoEntriesbeforeTheTimestamp" />
    </UnitTest>
    <UnitTest name="Set_Int" storage="d:\actions-runner\_work\xpco\xpco\allsolutions\..\mip\platformplugin\videoos.platform\unittest\bin\debug\net6.0-windows\videoos.platform.tests.dll" id="468a7b03-b2a7-446e-1f1f-8f32f73da7b5">
      <Execution id="e353e635-ffbd-40a3-81ed-6c4343f45a48" />
      <TestMethod codeBase="D:\actions-runner\_work\XPCO\XPCO\AllSolutions\..\MIP\PlatformPlugin\VideoOS.Platform\unittest\bin\Debug\net6.0-windows\VideoOS.Platform.Tests.dll" adapterTypeName="executor://mstestadapter/v2" className="VideoOS.Platform.Tests.Proxy.RestApi.JsonReaderTests" name="Set_Int" />
    </UnitTest>
    <UnitTest name="CountByItems_Activated_Missing2" storage="d:\actions-runner\_work\xpco\xpco\allsolutions\..\mip\platformplugin\videoos.platform\unittest\bin\debug\net6.0-windows\videoos.platform.tests.dll" id="6693e462-e8ba-ed25-48bc-eff1d5392eaa">
      <Execution id="b548cec3-5cd4-4894-8392-1af6101e87b1" />
      <TestMethod codeBase="D:\actions-runner\_work\XPCO\XPCO\AllSolutions\..\MIP\PlatformPlugin\VideoOS.Platform\unittest\bin\Debug\net6.0-windows\VideoOS.Platform.Tests.dll" adapterTypeName="executor://mstestadapter/v2" className="VideoOS.Platform.Tests.License.ResolvedLicenseCountTest" name="CountByItems_Activated_Missing2" />
    </UnitTest>
    <UnitTest name="Add_NullValue_Success" storage="d:\actions-runner\_work\xpco\xpco\allsolutions\..\mip\platformplugin\videoos.platform\unittest\bin\debug\net6.0-windows\videoos.platform.tests.dll" id="7fb5739f-7a0e-9d63-4cc0-4564c77d7249">
      <Execution id="c41ca51c-fdca-4cf6-b8ec-bea21e085dfc" />
      <TestMethod codeBase="D:\actions-runner\_work\XPCO\XPCO\AllSolutions\..\MIP\PlatformPlugin\VideoOS.Platform\unittest\bin\Debug\net6.0-windows\VideoOS.Platform.Tests.dll" adapterTypeName="executor://mstestadapter/v2" className="VideoOS.Platform.Tests.Util.Queue.LRUCacheTests" name="Add_NullValue_Success" />
    </UnitTest>
    <UnitTest name="WriteXml_ShouldWriteObjectsContents_WhenObjectsAreWritten" storage="d:\actions-runner\_work\xpco\xpco\allsolutions\..\mip\platformplugin\videoos.platform\unittest\bin\debug\net6.0-windows\videoos.platform.tests.dll" id="0f40bc61-c58f-06fd-9a7b-e081d001f46f">
      <Execution id="bdd76df6-ed06-42e9-9b94-05e74c2717ef" />
      <TestMethod codeBase="D:\actions-runner\_work\XPCO\XPCO\AllSolutions\..\MIP\PlatformPlugin\VideoOS.Platform\unittest\bin\Debug\net6.0-windows\VideoOS.Platform.Tests.dll" adapterTypeName="executor://mstestadapter/v2" className="VideoOS.Platform.Tests.Metadata.FrameTests" name="WriteXml_ShouldWriteObjectsContents_WhenObjectsAreWritten" />
    </UnitTest>
    <UnitTest name="IsValid_ShouldReturnFalse_WhenTypeIsNull" storage="d:\actions-runner\_work\xpco\xpco\allsolutions\..\mip\platformplugin\videoos.platform\unittest\bin\debug\net6.0-windows\videoos.platform.tests.dll" id="57bee112-0556-7c83-93f2-7bbc9c5cba59">
      <Execution id="ac084be1-0862-418f-b3b3-2dd2a4952013" />
      <TestMethod codeBase="D:\actions-runner\_work\XPCO\XPCO\AllSolutions\..\MIP\PlatformPlugin\VideoOS.Platform\unittest\bin\Debug\net6.0-windows\VideoOS.Platform.Tests.dll" adapterTypeName="executor://mstestadapter/v2" className="VideoOS.Platform.Tests.Metadata.ClassCandidateTests" name="IsValid_ShouldReturnFalse_WhenTypeIsNull" />
    </UnitTest>
    <UnitTest name="ParseArgbString_ShouldCreateInstanceWithCorrectARGBValues_WhenFormatIsCorrect" storage="d:\actions-runner\_work\xpco\xpco\allsolutions\..\mip\platformplugin\videoos.platform\unittest\bin\debug\net6.0-windows\videoos.platform.tests.dll" id="8f92c43f-5727-bf2b-415e-cb82964ac302">
      <Execution id="ccfa53d6-28a8-4b5c-be60-2529a29c99f6" />
      <TestMethod codeBase="D:\actions-runner\_work\XPCO\XPCO\AllSolutions\..\MIP\PlatformPlugin\VideoOS.Platform\unittest\bin\Debug\net6.0-windows\VideoOS.Platform.Tests.dll" adapterTypeName="executor://mstestadapter/v2" className="VideoOS.Platform.Tests.Metadata.DisplayColorTests" name="ParseArgbString_ShouldCreateInstanceWithCorrectARGBValues_WhenFormatIsCorrect" />
    </UnitTest>
    <UnitTest name="CountByItems_Activated_Grace_Unordered" storage="d:\actions-runner\_work\xpco\xpco\allsolutions\..\mip\platformplugin\videoos.platform\unittest\bin\debug\net6.0-windows\videoos.platform.tests.dll" id="712e2140-9dcc-9696-ddc4-73aad2a14137">
      <Execution id="6e3967ff-e14e-4d84-8aaf-aa25a111006e" />
      <TestMethod codeBase="D:\actions-runner\_work\XPCO\XPCO\AllSolutions\..\MIP\PlatformPlugin\VideoOS.Platform\unittest\bin\Debug\net6.0-windows\VideoOS.Platform.Tests.dll" adapterTypeName="executor://mstestadapter/v2" className="VideoOS.Platform.Tests.License.ResolvedLicenseCountTest" name="CountByItems_Activated_Grace_Unordered" />
    </UnitTest>
    <UnitTest name="Serialize_TestCases (TestParentTypeMatchCollectionNotThisTypeMatchedProperty)" storage="d:\actions-runner\_work\xpco\xpco\allsolutions\..\mip\platformplugin\videoos.platform\unittest\bin\debug\net6.0-windows\videoos.platform.tests.dll" id="f16d6dc4-d4f4-8a18-c5c4-395abb886b21">
      <Execution id="5050fb4d-e5f6-47c0-ab66-cf1852f21cd6" />
      <TestMethod codeBase="D:\actions-runner\_work\XPCO\XPCO\AllSolutions\..\MIP\PlatformPlugin\VideoOS.Platform\unittest\bin\Debug\net6.0-windows\VideoOS.Platform.Tests.dll" adapterTypeName="executor://mstestadapter/v2" className="VideoOS.Platform.Tests.UI.Controls.Automation.Serialization.AutomationObjectSerializerTest" name="Serialize_TestCases" />
    </UnitTest>
    <UnitTest name="GetCompatibilityHandler_ShouldReturnFips_WhenCallingFipsCompliantSystem_21_1" storage="d:\actions-runner\_work\xpco\xpco\allsolutions\..\mip\platformplugin\videoos.platform\unittest\bin\debug\net6.0-windows\videoos.platform.tests.dll" id="c89277b5-bdbb-4718-3fdc-952f1cd089bd">
      <Execution id="134d05c4-d32a-41b4-b36e-04f2a4bd1b85" />
      <TestMethod codeBase="D:\actions-runner\_work\XPCO\XPCO\AllSolutions\..\MIP\PlatformPlugin\VideoOS.Platform\unittest\bin\Debug\net6.0-windows\VideoOS.Platform.Tests.dll" adapterTypeName="executor://mstestadapter/v2" className="VideoOS.Platform.Tests.License.LicenseManagerTests" name="GetCompatibilityHandler_ShouldReturnFips_WhenCallingFipsCompliantSystem_21_1" />
    </UnitTest>
    <UnitTest name="NavigationalData_ShouldReturnNull_WhenXmlDidNotContainNavigationalData" storage="d:\actions-runner\_work\xpco\xpco\allsolutions\..\mip\platformplugin\videoos.platform\unittest\bin\debug\net6.0-windows\videoos.platform.tests.dll" id="2339c643-1a37-d25a-2a23-49039f375c2c">
      <Execution id="58dbab4b-4f54-480e-a5d6-80e15c431ca3" />
      <TestMethod codeBase="D:\actions-runner\_work\XPCO\XPCO\AllSolutions\..\MIP\PlatformPlugin\VideoOS.Platform\unittest\bin\Debug\net6.0-windows\VideoOS.Platform.Tests.dll" adapterTypeName="executor://mstestadapter/v2" className="VideoOS.Platform.Tests.Metadata.MetadataStreamTests" name="NavigationalData_ShouldReturnNull_WhenXmlDidNotContainNavigationalData" />
    </UnitTest>
    <UnitTest name="BuildOverlayWidthHeightAlarm_ShouldReturnCorrectSizedBitmap_WhenArgumentContainsNoObjectAndRule" storage="d:\actions-runner\_work\xpco\xpco\allsolutions\..\mip\platformplugin\videoos.platform\unittest\bin\debug\net6.0-windows\videoos.platform.tests.dll" id="24a8c25f-b1c2-eba6-82b4-72c1adc9ee27">
      <Execution id="2687a522-bd74-4415-a7ad-333a2baeac0a" />
      <TestMethod codeBase="D:\actions-runner\_work\XPCO\XPCO\AllSolutions\..\MIP\PlatformPlugin\VideoOS.Platform\unittest\bin\Debug\net6.0-windows\VideoOS.Platform.Tests.dll" adapterTypeName="executor://mstestadapter/v2" className="VideoOS.Platform.Tests.Util.AnalyticsOverlayBuilderTests" name="BuildOverlayWidthHeightAlarm_ShouldReturnCorrectSizedBitmap_WhenArgumentContainsNoObjectAndRule" />
    </UnitTest>
    <UnitTest name="WriteXml_ShouldWriteClassCandidate_WhenThereIsOneClassCandidatePresent" storage="d:\actions-runner\_work\xpco\xpco\allsolutions\..\mip\platformplugin\videoos.platform\unittest\bin\debug\net6.0-windows\videoos.platform.tests.dll" id="ff21f539-b1c4-45b1-9430-6096e4a5a3fd">
      <Execution id="c9efc6ab-c36a-4128-b090-3c92f9be3b14" />
      <TestMethod codeBase="D:\actions-runner\_work\XPCO\XPCO\AllSolutions\..\MIP\PlatformPlugin\VideoOS.Platform\unittest\bin\Debug\net6.0-windows\VideoOS.Platform.Tests.dll" adapterTypeName="executor://mstestadapter/v2" className="VideoOS.Platform.Tests.Metadata.OnvifClassTests" name="WriteXml_ShouldWriteClassCandidate_WhenThereIsOneClassCandidatePresent" />
    </UnitTest>
    <UnitTest name="ReadXml_ShouldIgnoreShape_WhenShapeIsPresenWithWrongNamespace" storage="d:\actions-runner\_work\xpco\xpco\allsolutions\..\mip\platformplugin\videoos.platform\unittest\bin\debug\net6.0-windows\videoos.platform.tests.dll" id="fde698c6-a194-d6bc-8c31-bc5b72af8298">
      <Execution id="e8e87c31-afc2-4906-ae80-3aa40ef25262" />
      <TestMethod codeBase="D:\actions-runner\_work\XPCO\XPCO\AllSolutions\..\MIP\PlatformPlugin\VideoOS.Platform\unittest\bin\Debug\net6.0-windows\VideoOS.Platform.Tests.dll" adapterTypeName="executor://mstestadapter/v2" className="VideoOS.Platform.Tests.Metadata.AppearanceTests" name="ReadXml_ShouldIgnoreShape_WhenShapeIsPresenWithWrongNamespace" />
    </UnitTest>
    <UnitTest name="TestConstructorOverload_NullAgentList_Throws" storage="d:\actions-runner\_work\xpco\xpco\allsolutions\..\mip\platformplugin\videoos.platform\unittest\bin\debug\net6.0-windows\videoos.platform.tests.dll" id="af9f1e16-b2b8-175e-5d3f-4c08d3fec0d2">
      <TestCategory>
        <TestCategoryItem TestCategory="Search" />
      </TestCategory>
      <Execution id="a6464edd-f0d9-4b63-9968-b23f52055799" />
      <TestMethod codeBase="D:\actions-runner\_work\XPCO\XPCO\AllSolutions\..\MIP\PlatformPlugin\VideoOS.Platform\unittest\bin\Debug\net6.0-windows\VideoOS.Platform.Tests.dll" adapterTypeName="executor://mstestadapter/v2" className="VideoOS.Platform.Tests.Search.SearchManagerTest" name="TestConstructorOverload_NullAgentList_Throws" />
    </UnitTest>
    <UnitTest name="GenerateDeviceCapabilityParameters_ShouldWriteDefault_WhenAlways" storage="d:\actions-runner\_work\xpco\xpco\allsolutions\..\mip\platformplugin\videoos.platform\unittest\bin\debug\net6.0-windows\videoos.platform.tests.dll" id="feff974b-15e7-7bde-2e9a-7282257d799e">
      <Execution id="4783d571-34cc-4bb3-8fbd-273969e58ba7" />
      <TestMethod codeBase="D:\actions-runner\_work\XPCO\XPCO\AllSolutions\..\MIP\PlatformPlugin\VideoOS.Platform\unittest\bin\Debug\net6.0-windows\VideoOS.Platform.Tests.dll" adapterTypeName="executor://mstestadapter/v2" className="VideoOS.Platform.Tests.Data.DataCapabilityTests" name="GenerateDeviceCapabilityParameters_ShouldWriteDefault_WhenAlways" />
    </UnitTest>
    <UnitTest name="Apply_ShouldAddTranslateYCoordinatesToCenterYAndTranslateXCoordinatesToCenterX_WhenTranslateIsNotNull" storage="d:\actions-runner\_work\xpco\xpco\allsolutions\..\mip\platformplugin\videoos.platform\unittest\bin\debug\net6.0-windows\videoos.platform.tests.dll" id="ef239907-8146-d171-397a-2e18ca0a7d07">
      <Execution id="1b3abf38-0c6c-4593-aa79-3ead8c28ebc3" />
      <TestMethod codeBase="D:\actions-runner\_work\XPCO\XPCO\AllSolutions\..\MIP\PlatformPlugin\VideoOS.Platform\unittest\bin\Debug\net6.0-windows\VideoOS.Platform.Tests.dll" adapterTypeName="executor://mstestadapter/v2" className="VideoOS.Platform.Tests.Metadata.DisplayTextTests" name="Apply_ShouldAddTranslateYCoordinatesToCenterYAndTranslateXCoordinatesToCenterX_WhenTranslateIsNotNull" />
    </UnitTest>
    <UnitTest name="CreateSearchResultUserControl_SinglePlugin_Success" storage="d:\actions-runner\_work\xpco\xpco\allsolutions\..\mip\platformplugin\videoos.platform\unittest\bin\debug\net6.0-windows\videoos.platform.tests.dll" id="2a445259-81b4-7d21-8522-cb29686e8b5b">
      <TestCategory>
        <TestCategoryItem TestCategory="Search" />
      </TestCategory>
      <Execution id="68461d1e-cde3-4f6d-bf69-420479661b8e" />
      <TestMethod codeBase="D:\actions-runner\_work\XPCO\XPCO\AllSolutions\..\MIP\PlatformPlugin\VideoOS.Platform\unittest\bin\Debug\net6.0-windows\VideoOS.Platform.Tests.dll" adapterTypeName="executor://mstestadapter/v2" className="VideoOS.Platform.Tests.Search.SearchUserControlResolverTest" name="CreateSearchResultUserControl_SinglePlugin_Success" />
    </UnitTest>
    <UnitTest name="ReadXml_ShouldLogWarningOnlyOnceWithinOneMinute_WhenIncompleteScaleIsPresent" storage="d:\actions-runner\_work\xpco\xpco\allsolutions\..\mip\platformplugin\videoos.platform\unittest\bin\debug\net6.0-windows\videoos.platform.tests.dll" id="6df640a9-0a50-74d8-fe7f-d3add40b9424">
      <Execution id="6263d382-b197-48f9-9f97-a9f28663ebab" />
      <TestMethod codeBase="D:\actions-runner\_work\XPCO\XPCO\AllSolutions\..\MIP\PlatformPlugin\VideoOS.Platform\unittest\bin\Debug\net6.0-windows\VideoOS.Platform.Tests.dll" adapterTypeName="executor://mstestadapter/v2" className="VideoOS.Platform.Tests.Metadata.TransformationTests" name="ReadXml_ShouldLogWarningOnlyOnceWithinOneMinute_WhenIncompleteScaleIsPresent" />
    </UnitTest>
    <UnitTest name="GenerateDeviceCapabilityParameters_ShouldWriteTypeId_WhenAlways" storage="d:\actions-runner\_work\xpco\xpco\allsolutions\..\mip\platformplugin\videoos.platform\unittest\bin\debug\net6.0-windows\videoos.platform.tests.dll" id="440fa337-372a-ba98-a915-98a687b17d8a">
      <Execution id="0041380f-920a-499c-9c52-e87eb522a1b1" />
      <TestMethod codeBase="D:\actions-runner\_work\XPCO\XPCO\AllSolutions\..\MIP\PlatformPlugin\VideoOS.Platform\unittest\bin\Debug\net6.0-windows\VideoOS.Platform.Tests.dll" adapterTypeName="executor://mstestadapter/v2" className="VideoOS.Platform.Tests.Data.MetadataDeviceCapabilityTests" name="GenerateDeviceCapabilityParameters_ShouldWriteTypeId_WhenAlways" />
    </UnitTest>
    <UnitTest name="Add_ShouldUpdateStartCache_WhenOldStartTimeIsLaterThanAdded" storage="d:\actions-runner\_work\xpco\xpco\allsolutions\..\mip\platformplugin\videoos.platform\unittest\bin\debug\net6.0-windows\videoos.platform.tests.dll" id="6afb1227-217c-b2e9-db11-52fb1d5fc56a">
      <Execution id="334b9636-fcea-4ead-9365-b5300d8e5e20" />
      <TestMethod codeBase="D:\actions-runner\_work\XPCO\XPCO\AllSolutions\..\MIP\PlatformPlugin\VideoOS.Platform\unittest\bin\Debug\net6.0-windows\VideoOS.Platform.Tests.dll" adapterTypeName="executor://mstestadapter/v2" className="VideoOS.Platform.Tests.Client.SequenceCacheTests" name="Add_ShouldUpdateStartCache_WhenOldStartTimeIsLaterThanAdded" />
    </UnitTest>
    <UnitTest name="Clear_ShouldRemoveAllDataFromCache_WhenAlways" storage="d:\actions-runner\_work\xpco\xpco\allsolutions\..\mip\platformplugin\videoos.platform\unittest\bin\debug\net6.0-windows\videoos.platform.tests.dll" id="135d62c0-fe81-f46a-ce86-2cfe36dd8cc8">
      <Execution id="198ebb6f-6c76-49c4-9df1-5cb6d37bec2d" />
      <TestMethod codeBase="D:\actions-runner\_work\XPCO\XPCO\AllSolutions\..\MIP\PlatformPlugin\VideoOS.Platform\unittest\bin\Debug\net6.0-windows\VideoOS.Platform.Tests.dll" adapterTypeName="executor://mstestadapter/v2" className="VideoOS.Platform.Tests.Data.MetadataCacheTests" name="Clear_ShouldRemoveAllDataFromCache_WhenAlways" />
    </UnitTest>
    <UnitTest name="Serialize_TestCases (TestParentTypeMatchCollectionNotThisTypeMatched)" storage="d:\actions-runner\_work\xpco\xpco\allsolutions\..\mip\platformplugin\videoos.platform\unittest\bin\debug\net6.0-windows\videoos.platform.tests.dll" id="9220b9d9-3c12-4648-b920-916dd862394f">
      <Execution id="5bfb1327-da2e-479b-a5d4-977c965d6e80" />
      <TestMethod codeBase="D:\actions-runner\_work\XPCO\XPCO\AllSolutions\..\MIP\PlatformPlugin\VideoOS.Platform\unittest\bin\Debug\net6.0-windows\VideoOS.Platform.Tests.dll" adapterTypeName="executor://mstestadapter/v2" className="VideoOS.Platform.Tests.UI.Controls.Automation.Serialization.AutomationObjectSerializerTest" name="Serialize_TestCases" />
    </UnitTest>
    <UnitTest name="ReadXml_ShouldReadLeftAttribute_WhenPresent" storage="d:\actions-runner\_work\xpco\xpco\allsolutions\..\mip\platformplugin\videoos.platform\unittest\bin\debug\net6.0-windows\videoos.platform.tests.dll" id="9603f266-e6e4-b592-6c00-2621c8820864">
      <Execution id="e31f7f3b-3172-45ea-a8e8-ebc1f73e635e" />
      <TestMethod codeBase="D:\actions-runner\_work\XPCO\XPCO\AllSolutions\..\MIP\PlatformPlugin\VideoOS.Platform\unittest\bin\Debug\net6.0-windows\VideoOS.Platform.Tests.dll" adapterTypeName="executor://mstestadapter/v2" className="VideoOS.Platform.Tests.Metadata.RectangleTests" name="ReadXml_ShouldReadLeftAttribute_WhenPresent" />
    </UnitTest>
    <UnitTest name="IconOverlay_Success" storage="d:\actions-runner\_work\xpco\xpco\allsolutions\..\mip\platformplugin\videoos.platform\unittest\bin\debug\net6.0-windows\videoos.platform.tests.dll" id="77b4115c-9698-8872-1259-5ceebb1db073">
      <Execution id="3393d0d5-ab4e-4ff7-a623-81685f54ac6f" />
      <TestMethod codeBase="D:\actions-runner\_work\XPCO\XPCO\AllSolutions\..\MIP\PlatformPlugin\VideoOS.Platform\unittest\bin\Debug\net6.0-windows\VideoOS.Platform.Tests.dll" adapterTypeName="executor://mstestadapter/v2" className="VideoOS.Platform.Tests.ItemTests" name="IconOverlay_Success" />
    </UnitTest>
    <UnitTest name="ReadXml_ShouldIgnoreUnknownChildren_WhenUnknownChildrenArePresent" storage="d:\actions-runner\_work\xpco\xpco\allsolutions\..\mip\platformplugin\videoos.platform\unittest\bin\debug\net6.0-windows\videoos.platform.tests.dll" id="bfe0ceb7-58a0-23f3-be81-2bfb090a4c1b">
      <Execution id="94e39ba3-2a98-45b1-8d83-4b05ebc20f90" />
      <TestMethod codeBase="D:\actions-runner\_work\XPCO\XPCO\AllSolutions\..\MIP\PlatformPlugin\VideoOS.Platform\unittest\bin\Debug\net6.0-windows\VideoOS.Platform.Tests.dll" adapterTypeName="executor://mstestadapter/v2" className="VideoOS.Platform.Tests.Metadata.FrameTests" name="ReadXml_ShouldIgnoreUnknownChildren_WhenUnknownChildrenArePresent" />
    </UnitTest>
    <UnitTest name="ParameterConstruct4_FieldValues_Checked" storage="d:\actions-runner\_work\xpco\xpco\allsolutions\..\mip\platformplugin\videoos.platform\unittest\bin\debug\net6.0-windows\videoos.platform.tests.dll" id="a298570a-a341-d8e8-abe3-7f25184c2524">
      <Execution id="f461ace4-8939-498e-af13-dd1875d7c0e1" />
      <TestMethod codeBase="D:\actions-runner\_work\XPCO\XPCO\AllSolutions\..\MIP\PlatformPlugin\VideoOS.Platform\unittest\bin\Debug\net6.0-windows\VideoOS.Platform.Tests.dll" adapterTypeName="executor://mstestadapter/v2" className="VideoOS.Platform.Tests.FQIDtests" name="ParameterConstruct4_FieldValues_Checked" />
    </UnitTest>
    <UnitTest name="DoubleFilterValue_Deserialize_Success" storage="d:\actions-runner\_work\xpco\xpco\allsolutions\..\mip\platformplugin\videoos.platform\unittest\bin\debug\net6.0-windows\videoos.platform.tests.dll" id="621f06a6-b00f-95ed-fccd-336bd41780d8">
      <TestCategory>
        <TestCategoryItem TestCategory="Search" />
      </TestCategory>
      <Execution id="3a513f92-536f-455b-a8ff-812a98e5a785" />
      <TestMethod codeBase="D:\actions-runner\_work\XPCO\XPCO\AllSolutions\..\MIP\PlatformPlugin\VideoOS.Platform\unittest\bin\Debug\net6.0-windows\VideoOS.Platform.Tests.dll" adapterTypeName="executor://mstestadapter/v2" className="VideoOS.Platform.Tests.Search.FilterValues.FilterValueTests" name="DoubleFilterValue_Deserialize_Success" />
    </UnitTest>
    <UnitTest name="Serialize_TestCases (TestParentTypeMatchCollectionNotThisTypeNotMatched)" storage="d:\actions-runner\_work\xpco\xpco\allsolutions\..\mip\platformplugin\videoos.platform\unittest\bin\debug\net6.0-windows\videoos.platform.tests.dll" id="9a7acb70-fa7b-f3be-6201-91fb0aecd07b">
      <Execution id="655dc691-e3bb-493d-bbf3-93aede72610b" />
      <TestMethod codeBase="D:\actions-runner\_work\XPCO\XPCO\AllSolutions\..\MIP\PlatformPlugin\VideoOS.Platform\unittest\bin\Debug\net6.0-windows\VideoOS.Platform.Tests.dll" adapterTypeName="executor://mstestadapter/v2" className="VideoOS.Platform.Tests.UI.Controls.Automation.Serialization.AutomationObjectSerializerTest" name="Serialize_TestCases" />
    </UnitTest>
    <UnitTest name="GetExpectedToken_ShouldReturnNull_WhenInputTokenHashTypeIsNotSupported" storage="d:\actions-runner\_work\xpco\xpco\allsolutions\..\mip\platformplugin\videoos.platform\unittest\bin\debug\net6.0-windows\videoos.platform.tests.dll" id="09fedadb-5b36-4c66-a01b-eb732d278266">
      <Execution id="29384a11-5363-464d-935c-f1e6d19c6569" />
      <TestMethod codeBase="D:\actions-runner\_work\XPCO\XPCO\AllSolutions\..\MIP\PlatformPlugin\VideoOS.Platform\unittest\bin\Debug\net6.0-windows\VideoOS.Platform.Tests.dll" adapterTypeName="executor://mstestadapter/v2" className="VideoOS.Platform.Tests.Data.MediaProviderInternal.UtilityTests" name="GetExpectedToken_ShouldReturnNull_WhenInputTokenHashTypeIsNotSupported" />
    </UnitTest>
    <UnitTest name="RemovePredicate_KeyPresent_RemovedFromCacheAndGetReturnsNull" storage="d:\actions-runner\_work\xpco\xpco\allsolutions\..\mip\platformplugin\videoos.platform\unittest\bin\debug\net6.0-windows\videoos.platform.tests.dll" id="583ac39a-cd2a-cc9b-7143-e3a644d6c3bd">
      <Execution id="419058c2-0f88-4ae5-a2f0-2f3eced2e9e3" />
      <TestMethod codeBase="D:\actions-runner\_work\XPCO\XPCO\AllSolutions\..\MIP\PlatformPlugin\VideoOS.Platform\unittest\bin\Debug\net6.0-windows\VideoOS.Platform.Tests.dll" adapterTypeName="executor://mstestadapter/v2" className="VideoOS.Platform.Tests.Util.Queue.LRUCacheTests" name="RemovePredicate_KeyPresent_RemovedFromCacheAndGetReturnsNull" />
    </UnitTest>
    <UnitTest name="GenerateParameters_ShouldOmitFpsRange_WhenFpsRangeIsNull" storage="d:\actions-runner\_work\xpco\xpco\allsolutions\..\mip\platformplugin\videoos.platform\unittest\bin\debug\net6.0-windows\videoos.platform.tests.dll" id="dbc5d189-251d-e27f-7817-a46019f321c1">
      <Execution id="e67a7976-5a69-4c1b-8027-6244b1c30fec" />
      <TestMethod codeBase="D:\actions-runner\_work\XPCO\XPCO\AllSolutions\..\MIP\PlatformPlugin\VideoOS.Platform\unittest\bin\Debug\net6.0-windows\VideoOS.Platform.Tests.dll" adapterTypeName="executor://mstestadapter/v2" className="VideoOS.Platform.Tests.Data.CameraDeviceDefinitionTests" name="GenerateParameters_ShouldOmitFpsRange_WhenFpsRangeIsNull" />
    </UnitTest>
    <UnitTest name="Serialize_TestCases (TestParentTypeMatchDecimalThisTypeMatched)" storage="d:\actions-runner\_work\xpco\xpco\allsolutions\..\mip\platformplugin\videoos.platform\unittest\bin\debug\net6.0-windows\videoos.platform.tests.dll" id="ee790526-59c0-ec03-5ce2-11fd14081a1a">
      <Execution id="86a73140-49c5-41b2-b2f0-6d96a4d778c7" />
      <TestMethod codeBase="D:\actions-runner\_work\XPCO\XPCO\AllSolutions\..\MIP\PlatformPlugin\VideoOS.Platform\unittest\bin\Debug\net6.0-windows\VideoOS.Platform.Tests.dll" adapterTypeName="executor://mstestadapter/v2" className="VideoOS.Platform.Tests.UI.Controls.Automation.Serialization.AutomationObjectSerializerTest" name="Serialize_TestCases" />
    </UnitTest>
    <UnitTest name="GetParent_Success" storage="d:\actions-runner\_work\xpco\xpco\allsolutions\..\mip\platformplugin\videoos.platform\unittest\bin\debug\net6.0-windows\videoos.platform.tests.dll" id="a831aa49-5e6b-6ed4-4885-992999205a90">
      <Execution id="dc6abb14-06e3-47ab-a7c2-0b535264e57b" />
      <TestMethod codeBase="D:\actions-runner\_work\XPCO\XPCO\AllSolutions\..\MIP\PlatformPlugin\VideoOS.Platform\unittest\bin\Debug\net6.0-windows\VideoOS.Platform.Tests.dll" adapterTypeName="executor://mstestadapter/v2" className="VideoOS.Platform.Tests.FQIDtests" name="GetParent_Success" />
    </UnitTest>
    <UnitTest name="ReadXml_ShouldLogWarningOnlyOnceWithinOneMinute_WhenBoundingBoxIsMissing" storage="d:\actions-runner\_work\xpco\xpco\allsolutions\..\mip\platformplugin\videoos.platform\unittest\bin\debug\net6.0-windows\videoos.platform.tests.dll" id="c2b0fa30-6a46-612d-08bf-8da951ad3d1e">
      <Execution id="520e2735-0234-40a8-834a-7ba91df11cb5" />
      <TestMethod codeBase="D:\actions-runner\_work\XPCO\XPCO\AllSolutions\..\MIP\PlatformPlugin\VideoOS.Platform\unittest\bin\Debug\net6.0-windows\VideoOS.Platform.Tests.dll" adapterTypeName="executor://mstestadapter/v2" className="VideoOS.Platform.Tests.Metadata.ShapeTests" name="ReadXml_ShouldLogWarningOnlyOnceWithinOneMinute_WhenBoundingBoxIsMissing" />
    </UnitTest>
    <UnitTest name="Parse_UnclosedBracket" storage="d:\actions-runner\_work\xpco\xpco\allsolutions\..\mip\platformplugin\videoos.platform\unittest\bin\debug\net6.0-windows\videoos.platform.tests.dll" id="e081911d-8f68-16dc-95b9-ce6ca0099b36">
      <Execution id="c2351848-4e48-48d9-8bf5-f97a3df722ae" />
      <TestMethod codeBase="D:\actions-runner\_work\XPCO\XPCO\AllSolutions\..\MIP\PlatformPlugin\VideoOS.Platform\unittest\bin\Debug\net6.0-windows\VideoOS.Platform.Tests.dll" adapterTypeName="executor://mstestadapter/v2" className="VideoOS.Platform.Tests.Proxy.RestApi.JsonReaderTests" name="Parse_UnclosedBracket" />
    </UnitTest>
    <UnitTest name="CreateAlarmFromEvent_ShouldReturnNull_WhenArgumentIsNull" storage="d:\actions-runner\_work\xpco\xpco\allsolutions\..\mip\platformplugin\videoos.platform\unittest\bin\debug\net6.0-windows\videoos.platform.tests.dll" id="33580008-2ed0-6825-609a-d1d90403b659">
      <Execution id="1e5570fb-8f3d-4061-aabe-942338865ce8" />
      <TestMethod codeBase="D:\actions-runner\_work\XPCO\XPCO\AllSolutions\..\MIP\PlatformPlugin\VideoOS.Platform\unittest\bin\Debug\net6.0-windows\VideoOS.Platform.Tests.dll" adapterTypeName="executor://mstestadapter/v2" className="VideoOS.Platform.Tests.Util.AlarmBuilderTests" name="CreateAlarmFromEvent_ShouldReturnNull_WhenArgumentIsNull" />
    </UnitTest>
    <UnitTest name="BuildShapeOverlayWidthHeightBaseEvent_ShouldReturnCorrectNumberOfShapes_WhenArgumentIsAnalyticsEvent" storage="d:\actions-runner\_work\xpco\xpco\allsolutions\..\mip\platformplugin\videoos.platform\unittest\bin\debug\net6.0-windows\videoos.platform.tests.dll" id="7b2725af-6cca-aaf7-125b-307ed988b6a3">
      <Execution id="5b94a845-5cc1-4eae-b75b-9064caa1a1b9" />
      <TestMethod codeBase="D:\actions-runner\_work\XPCO\XPCO\AllSolutions\..\MIP\PlatformPlugin\VideoOS.Platform\unittest\bin\Debug\net6.0-windows\VideoOS.Platform.Tests.dll" adapterTypeName="executor://mstestadapter/v2" className="VideoOS.Platform.Tests.Util.AnalyticsOverlayBuilderTests" name="BuildShapeOverlayWidthHeightBaseEvent_ShouldReturnCorrectNumberOfShapes_WhenArgumentIsAnalyticsEvent" />
    </UnitTest>
    <UnitTest name="Parse_String_WithBlankChars" storage="d:\actions-runner\_work\xpco\xpco\allsolutions\..\mip\platformplugin\videoos.platform\unittest\bin\debug\net6.0-windows\videoos.platform.tests.dll" id="b393858d-872b-e354-eb53-3b8e5bbfc7bb">
      <Execution id="f5a86e22-c00c-4ae5-92e7-e4f09727e8ce" />
      <TestMethod codeBase="D:\actions-runner\_work\XPCO\XPCO\AllSolutions\..\MIP\PlatformPlugin\VideoOS.Platform\unittest\bin\Debug\net6.0-windows\VideoOS.Platform.Tests.dll" adapterTypeName="executor://mstestadapter/v2" className="VideoOS.Platform.Tests.Proxy.RestApi.JsonReaderTests" name="Parse_String_WithBlankChars" />
    </UnitTest>
    <UnitTest name="Construct4_And_Field_Check" storage="d:\actions-runner\_work\xpco\xpco\allsolutions\..\mip\platformplugin\videoos.platform\unittest\bin\debug\net6.0-windows\videoos.platform.tests.dll" id="acd28437-0e13-f5d1-fe2d-ceccbcc0b0d8">
      <Execution id="de13288d-ea69-4f75-aa03-ea4b2a758955" />
      <TestMethod codeBase="D:\actions-runner\_work\XPCO\XPCO\AllSolutions\..\MIP\PlatformPlugin\VideoOS.Platform\unittest\bin\Debug\net6.0-windows\VideoOS.Platform.Tests.dll" adapterTypeName="executor://mstestadapter/v2" className="VideoOS.Platform.Tests.ItemTests" name="Construct4_And_Field_Check" />
    </UnitTest>
    <UnitTest name="ReadXml_ShouldReadClassCandidateContents_WhenClassCandidateIsPresent" storage="d:\actions-runner\_work\xpco\xpco\allsolutions\..\mip\platformplugin\videoos.platform\unittest\bin\debug\net6.0-windows\videoos.platform.tests.dll" id="ae1fcdcb-f991-e67c-d221-5879496f84bd">
      <Execution id="087f67c4-faea-428c-be29-1565fea215d7" />
      <TestMethod codeBase="D:\actions-runner\_work\XPCO\XPCO\AllSolutions\..\MIP\PlatformPlugin\VideoOS.Platform\unittest\bin\Debug\net6.0-windows\VideoOS.Platform.Tests.dll" adapterTypeName="executor://mstestadapter/v2" className="VideoOS.Platform.Tests.Metadata.OnvifClassTests" name="ReadXml_ShouldReadClassCandidateContents_WhenClassCandidateIsPresent" />
    </UnitTest>
    <UnitTest name="GenerateEnumValueParameters_ShouldWriteValue_WhenAlways" storage="d:\actions-runner\_work\xpco\xpco\allsolutions\..\mip\platformplugin\videoos.platform\unittest\bin\debug\net6.0-windows\videoos.platform.tests.dll" id="a9cb9252-3d98-79fe-629f-64e8ef1da14d">
      <Execution id="55af6be7-8a3c-4d2b-94ac-1146f669e5b5" />
      <TestMethod codeBase="D:\actions-runner\_work\XPCO\XPCO\AllSolutions\..\MIP\PlatformPlugin\VideoOS.Platform\unittest\bin\Debug\net6.0-windows\VideoOS.Platform.Tests.dll" adapterTypeName="executor://mstestadapter/v2" className="VideoOS.Platform.Tests.Data.EnumCapabilityValueTests" name="GenerateEnumValueParameters_ShouldWriteValue_WhenAlways" />
    </UnitTest>
    <UnitTest name="GetBoundingShapesAsync_MultipleInvocations_DelegatedToInternalMethodOnlyOnce" storage="d:\actions-runner\_work\xpco\xpco\allsolutions\..\mip\platformplugin\videoos.platform\unittest\bin\debug\net6.0-windows\videoos.platform.tests.dll" id="11c28579-30cf-d22c-ee3d-3776ee719321">
      <TestCategory>
        <TestCategoryItem TestCategory="Search" />
      </TestCategory>
      <Execution id="1a0c305b-5085-4e78-b9e0-ed36eb2efb89" />
      <TestMethod codeBase="D:\actions-runner\_work\XPCO\XPCO\AllSolutions\..\MIP\PlatformPlugin\VideoOS.Platform\unittest\bin\Debug\net6.0-windows\VideoOS.Platform.Tests.dll" adapterTypeName="executor://mstestadapter/v2" className="VideoOS.Platform.Tests.Search.SearchResultDataTest" name="GetBoundingShapesAsync_MultipleInvocations_DelegatedToInternalMethodOnlyOnce" />
    </UnitTest>
    <UnitTest name="ReadXml_ShouldIgnoreUnknownChildren_WhenAlways" storage="d:\actions-runner\_work\xpco\xpco\allsolutions\..\mip\platformplugin\videoos.platform\unittest\bin\debug\net6.0-windows\videoos.platform.tests.dll" id="cc5dfcab-4777-b980-4145-e6c140db897c">
      <Execution id="6f104aab-e5c5-44a0-8d63-7def98fd38e1" />
      <TestMethod codeBase="D:\actions-runner\_work\XPCO\XPCO\AllSolutions\..\MIP\PlatformPlugin\VideoOS.Platform\unittest\bin\Debug\net6.0-windows\VideoOS.Platform.Tests.dll" adapterTypeName="executor://mstestadapter/v2" className="VideoOS.Platform.Tests.Metadata.BehaviourTests" name="ReadXml_ShouldIgnoreUnknownChildren_WhenAlways" />
    </UnitTest>
    <UnitTest name="ReadXml_ShouldReadVerticalAccuracy_WhenVerticalAccuracyIsPresent" storage="d:\actions-runner\_work\xpco\xpco\allsolutions\..\mip\platformplugin\videoos.platform\unittest\bin\debug\net6.0-windows\videoos.platform.tests.dll" id="e0e73f94-8b60-e9f7-5ce6-3100aae7c303">
      <Execution id="d8605aee-296b-4e6f-a266-02de41aa875e" />
      <TestMethod codeBase="D:\actions-runner\_work\XPCO\XPCO\AllSolutions\..\MIP\PlatformPlugin\VideoOS.Platform\unittest\bin\Debug\net6.0-windows\VideoOS.Platform.Tests.dll" adapterTypeName="executor://mstestadapter/v2" className="VideoOS.Platform.Tests.Metadata.NavigationalDataTests" name="ReadXml_ShouldReadVerticalAccuracy_WhenVerticalAccuracyIsPresent" />
    </UnitTest>
    <UnitTest name="GenerateParameters_ShouldWriteQualityRange_WhenQualityRangeIsNotNull" storage="d:\actions-runner\_work\xpco\xpco\allsolutions\..\mip\platformplugin\videoos.platform\unittest\bin\debug\net6.0-windows\videoos.platform.tests.dll" id="64d46e5a-18bf-c3a7-d947-63730f82a01e">
      <Execution id="d06edfee-ba3b-405f-91bd-3492a7e9c2b8" />
      <TestMethod codeBase="D:\actions-runner\_work\XPCO\XPCO\AllSolutions\..\MIP\PlatformPlugin\VideoOS.Platform\unittest\bin\Debug\net6.0-windows\VideoOS.Platform.Tests.dll" adapterTypeName="executor://mstestadapter/v2" className="VideoOS.Platform.Tests.Data.CameraDeviceDefinitionTests" name="GenerateParameters_ShouldWriteQualityRange_WhenQualityRangeIsNotNull" />
    </UnitTest>
    <UnitTest name="GetAtOrBefore_ShouldReturnLastElementFromToolkitResponse_WhenDataIsNotInCache" storage="d:\actions-runner\_work\xpco\xpco\allsolutions\..\mip\platformplugin\videoos.platform\unittest\bin\debug\net6.0-windows\videoos.platform.tests.dll" id="c080456c-72d0-3eb2-77e1-542abd80b216">
      <Execution id="02ee8eed-5126-4ff1-a09a-531c7e470977" />
      <TestMethod codeBase="D:\actions-runner\_work\XPCO\XPCO\AllSolutions\..\MIP\PlatformPlugin\VideoOS.Platform\unittest\bin\Debug\net6.0-windows\VideoOS.Platform.Tests.dll" adapterTypeName="executor://mstestadapter/v2" className="VideoOS.Platform.Tests.Data.MetadataPlaybackSourceTests" name="GetAtOrBefore_ShouldReturnLastElementFromToolkitResponse_WhenDataIsNotInCache" />
    </UnitTest>
    <UnitTest name="Ctor_EmptyName_Throws" storage="d:\actions-runner\_work\xpco\xpco\allsolutions\..\mip\platformplugin\videoos.platform\unittest\bin\debug\net6.0-windows\videoos.platform.tests.dll" id="33719bf3-5409-92ab-16c7-8a271f81b2e6">
      <TestCategory>
        <TestCategoryItem TestCategory="Search" />
      </TestCategory>
      <Execution id="34a2fd7d-e38f-4b92-b6a3-e1733276aaf6" />
      <TestMethod codeBase="D:\actions-runner\_work\XPCO\XPCO\AllSolutions\..\MIP\PlatformPlugin\VideoOS.Platform\unittest\bin\Debug\net6.0-windows\VideoOS.Platform.Tests.dll" adapterTypeName="executor://mstestadapter/v2" className="VideoOS.Platform.Tests.Search.FilterCategories.PersonSearchFilterCategoryTest" name="Ctor_EmptyName_Throws" />
    </UnitTest>
    <UnitTest name="Append_Property_MIPItem_UpperCase" storage="d:\actions-runner\_work\xpco\xpco\allsolutions\..\mip\platformplugin\videoos.platform\unittest\bin\debug\net6.0-windows\videoos.platform.tests.dll" id="5cdbd0d9-c8bd-a61c-82a8-354b3f579fbb">
      <Execution id="e444c3bf-8671-4a7d-83ac-3f8fe96da93f" />
      <TestMethod codeBase="D:\actions-runner\_work\XPCO\XPCO\AllSolutions\..\MIP\PlatformPlugin\VideoOS.Platform\unittest\bin\Debug\net6.0-windows\VideoOS.Platform.Tests.dll" adapterTypeName="executor://mstestadapter/v2" className="VideoOS.Platform.Tests.Proxy.RestApi.JsonBuilderTests" name="Append_Property_MIPItem_UpperCase" />
    </UnitTest>
    <UnitTest name="Equals_For_GuidsOnly" storage="d:\actions-runner\_work\xpco\xpco\allsolutions\..\mip\platformplugin\videoos.platform\unittest\bin\debug\net6.0-windows\videoos.platform.tests.dll" id="61459c18-d69a-002e-99fd-4c0194ecc49d">
      <Execution id="11a24af9-d88a-4d2a-856a-0420c4840332" />
      <TestMethod codeBase="D:\actions-runner\_work\XPCO\XPCO\AllSolutions\..\MIP\PlatformPlugin\VideoOS.Platform\unittest\bin\Debug\net6.0-windows\VideoOS.Platform.Tests.dll" adapterTypeName="executor://mstestadapter/v2" className="VideoOS.Platform.Tests.FQIDtests" name="Equals_For_GuidsOnly" />
    </UnitTest>
    <UnitTest name="TestMultiLevelQueue_TwoLevels_IdleLevelQueueDisposed_Success" storage="d:\actions-runner\_work\xpco\xpco\allsolutions\..\mip\platformplugin\videoos.platform\unittest\bin\debug\net6.0-windows\videoos.platform.tests.dll" id="97bf175b-3437-3a0c-6b6e-4f876d982b3c">
      <Execution id="fcccadff-791c-48db-9564-ecc4c91d7b95" />
      <TestMethod codeBase="D:\actions-runner\_work\XPCO\XPCO\AllSolutions\..\MIP\PlatformPlugin\VideoOS.Platform\unittest\bin\Debug\net6.0-windows\VideoOS.Platform.Tests.dll" adapterTypeName="executor://mstestadapter/v2" className="VideoOS.Platform.Tests.Util.Queue.MultiLevelResourceQueueTests" name="TestMultiLevelQueue_TwoLevels_IdleLevelQueueDisposed_Success" />
    </UnitTest>
    <UnitTest name="IsEmptyValue_StringFilterValue_DefaultValue_ReturnsTrue" storage="d:\actions-runner\_work\xpco\xpco\allsolutions\..\mip\platformplugin\videoos.platform\unittest\bin\debug\net6.0-windows\videoos.platform.tests.dll" id="4a3d3b31-f5bb-f6f0-8775-76cae220f01b">
      <TestCategory>
        <TestCategoryItem TestCategory="Search" />
      </TestCategory>
      <Execution id="aacee20c-1332-43b3-a759-55cbd4cd6f9b" />
      <TestMethod codeBase="D:\actions-runner\_work\XPCO\XPCO\AllSolutions\..\MIP\PlatformPlugin\VideoOS.Platform\unittest\bin\Debug\net6.0-windows\VideoOS.Platform.Tests.dll" adapterTypeName="executor://mstestadapter/v2" className="VideoOS.Platform.Tests.Search.SearchFilterTest" name="IsEmptyValue_StringFilterValue_DefaultValue_ReturnsTrue" />
    </UnitTest>
    <UnitTest name="GetPrevious_ShouldReturnNull_WhenCacheHasJustBenLoadedWithNewData" storage="d:\actions-runner\_work\xpco\xpco\allsolutions\..\mip\platformplugin\videoos.platform\unittest\bin\debug\net6.0-windows\videoos.platform.tests.dll" id="6b68b022-949d-c4fe-8f3f-d5c254031f0f">
      <Execution id="8c434695-9066-4a15-8013-92b7bc8fe33f" />
      <TestMethod codeBase="D:\actions-runner\_work\XPCO\XPCO\AllSolutions\..\MIP\PlatformPlugin\VideoOS.Platform\unittest\bin\Debug\net6.0-windows\VideoOS.Platform.Tests.dll" adapterTypeName="executor://mstestadapter/v2" className="VideoOS.Platform.Tests.Data.MetadataCacheTests" name="GetPrevious_ShouldReturnNull_WhenCacheHasJustBenLoadedWithNewData" />
    </UnitTest>
    <UnitTest name="Constructor_ShouldThrowArgumentNullException_WhenItemIsNull" storage="d:\actions-runner\_work\xpco\xpco\allsolutions\..\mip\platformplugin\videoos.platform\unittest\bin\debug\net6.0-windows\videoos.platform.tests.dll" id="62bbe3ee-7e4f-b582-4e14-d8ceb77d972c">
      <Execution id="a5643b61-f63f-4273-85b5-1aa43b6be2cf" />
      <TestMethod codeBase="D:\actions-runner\_work\XPCO\XPCO\AllSolutions\..\MIP\PlatformPlugin\VideoOS.Platform\unittest\bin\Debug\net6.0-windows\VideoOS.Platform.Tests.dll" adapterTypeName="executor://mstestadapter/v2" className="VideoOS.Platform.Tests.Data.MetadataPlaybackSourceTests" name="Constructor_ShouldThrowArgumentNullException_WhenItemIsNull" />
    </UnitTest>
    <UnitTest name="Convert_SingleArgumentConverter_ShouldNotAllowNullValue_WhenArgumentIsValueType" storage="d:\actions-runner\_work\xpco\xpco\allsolutions\..\mip\platformplugin\videoos.platform\unittest\bin\debug\net6.0-windows\videoos.platform.tests.dll" id="4686721b-2da0-2073-d103-e6130d171947">
      <Execution id="671290a3-f503-48ae-8cb8-30c9114f8c42" />
      <TestMethod codeBase="D:\actions-runner\_work\XPCO\XPCO\AllSolutions\..\MIP\PlatformPlugin\VideoOS.Platform\unittest\bin\Debug\net6.0-windows\VideoOS.Platform.Tests.dll" adapterTypeName="executor://mstestadapter/v2" className="VideoOS.Platform.Tests.UI.Converters.LambdaConverterTest" name="Convert_SingleArgumentConverter_ShouldNotAllowNullValue_WhenArgumentIsValueType" />
    </UnitTest>
    <UnitTest name="ToString_MipItemSet_Has_Value" storage="d:\actions-runner\_work\xpco\xpco\allsolutions\..\mip\platformplugin\videoos.platform\unittest\bin\debug\net6.0-windows\videoos.platform.tests.dll" id="0be364f3-65a8-13b6-624b-a54197fbf75c">
      <Execution id="2fee5c74-decd-4f78-954c-af8a3560d25b" />
      <TestMethod codeBase="D:\actions-runner\_work\XPCO\XPCO\AllSolutions\..\MIP\PlatformPlugin\VideoOS.Platform\unittest\bin\Debug\net6.0-windows\VideoOS.Platform.Tests.dll" adapterTypeName="executor://mstestadapter/v2" className="VideoOS.Platform.Tests.UI.ItemPicker.ItemViewModelTest" name="ToString_MipItemSet_Has_Value" />
    </UnitTest>
    <UnitTest name="Serialize_TestCases (TestParentTypeMatchEnumNotThisTypeMatched)" storage="d:\actions-runner\_work\xpco\xpco\allsolutions\..\mip\platformplugin\videoos.platform\unittest\bin\debug\net6.0-windows\videoos.platform.tests.dll" id="cc3f336d-6569-1e3c-5ccf-be760a4417ce">
      <Execution id="7e27cc21-0add-4e70-be96-72327c5edb60" />
      <TestMethod codeBase="D:\actions-runner\_work\XPCO\XPCO\AllSolutions\..\MIP\PlatformPlugin\VideoOS.Platform\unittest\bin\Debug\net6.0-windows\VideoOS.Platform.Tests.dll" adapterTypeName="executor://mstestadapter/v2" className="VideoOS.Platform.Tests.UI.Controls.Automation.Serialization.AutomationObjectSerializerTest" name="Serialize_TestCases" />
    </UnitTest>
    <UnitTest name="RemoveFilterValue_UnknownFilter_DoesNothing" storage="d:\actions-runner\_work\xpco\xpco\allsolutions\..\mip\platformplugin\videoos.platform\unittest\bin\debug\net6.0-windows\videoos.platform.tests.dll" id="b0ea56fc-56fe-34ff-f18f-05cf3640650e">
      <TestCategory>
        <TestCategoryItem TestCategory="Search" />
      </TestCategory>
      <Execution id="f5497591-63cf-46dc-b852-50b88c390921" />
      <TestMethod codeBase="D:\actions-runner\_work\XPCO\XPCO\AllSolutions\..\MIP\PlatformPlugin\VideoOS.Platform\unittest\bin\Debug\net6.0-windows\VideoOS.Platform.Tests.dll" adapterTypeName="executor://mstestadapter/v2" className="VideoOS.Platform.Tests.Search.SearchCriteriaTest" name="RemoveFilterValue_UnknownFilter_DoesNothing" />
    </UnitTest>
    <UnitTest name="GenerateParameters_ShouldOmitCodecList_WhenCodecSetIsEmpty" storage="d:\actions-runner\_work\xpco\xpco\allsolutions\..\mip\platformplugin\videoos.platform\unittest\bin\debug\net6.0-windows\videoos.platform.tests.dll" id="4c802ea5-aa1d-d28e-7473-4c1c59889246">
      <Execution id="770a1f9b-18ee-4fae-a5e7-090ba11ff586" />
      <TestMethod codeBase="D:\actions-runner\_work\XPCO\XPCO\AllSolutions\..\MIP\PlatformPlugin\VideoOS.Platform\unittest\bin\Debug\net6.0-windows\VideoOS.Platform.Tests.dll" adapterTypeName="executor://mstestadapter/v2" className="VideoOS.Platform.Tests.Data.CameraDeviceDefinitionTests" name="GenerateParameters_ShouldOmitCodecList_WhenCodecSetIsEmpty" />
    </UnitTest>
    <UnitTest name="GetFilterValuesT_SingleValueAdded_ReturnsValue" storage="d:\actions-runner\_work\xpco\xpco\allsolutions\..\mip\platformplugin\videoos.platform\unittest\bin\debug\net6.0-windows\videoos.platform.tests.dll" id="4a238ba0-fcc0-32ec-05c8-4cb7401b273a">
      <TestCategory>
        <TestCategoryItem TestCategory="Search" />
      </TestCategory>
      <Execution id="1130802a-b872-49ee-a208-1462ad1534ae" />
      <TestMethod codeBase="D:\actions-runner\_work\XPCO\XPCO\AllSolutions\..\MIP\PlatformPlugin\VideoOS.Platform\unittest\bin\Debug\net6.0-windows\VideoOS.Platform.Tests.dll" adapterTypeName="executor://mstestadapter/v2" className="VideoOS.Platform.Tests.Search.SearchCriteriaTest" name="GetFilterValuesT_SingleValueAdded_ReturnsValue" />
    </UnitTest>
    <UnitTest name="GetMetadataObjectsAsync_ClearCachedData_DelegatedToInternalMethodTwice" storage="d:\actions-runner\_work\xpco\xpco\allsolutions\..\mip\platformplugin\videoos.platform\unittest\bin\debug\net6.0-windows\videoos.platform.tests.dll" id="9fe19c9a-7103-2abd-228a-09e45881c4bc">
      <TestCategory>
        <TestCategoryItem TestCategory="Search" />
      </TestCategory>
      <Execution id="c8fa29d0-197c-4e69-a747-03e47a5e8f37" />
      <TestMethod codeBase="D:\actions-runner\_work\XPCO\XPCO\AllSolutions\..\MIP\PlatformPlugin\VideoOS.Platform\unittest\bin\Debug\net6.0-windows\VideoOS.Platform.Tests.dll" adapterTypeName="executor://mstestadapter/v2" className="VideoOS.Platform.Tests.Search.SearchResultDataTest" name="GetMetadataObjectsAsync_ClearCachedData_DelegatedToInternalMethodTwice" />
    </UnitTest>
    <UnitTest name="Constructor_ShouldThrowArgumentException_WhenModelIsWhiteSpaceOrEmpty" storage="d:\actions-runner\_work\xpco\xpco\allsolutions\..\mip\platformplugin\videoos.platform\unittest\bin\debug\net6.0-windows\videoos.platform.tests.dll" id="cb3227bb-d1a5-0c0d-9089-9f393e7c3688">
      <Execution id="cc001176-8854-46ec-b365-081c5bdf3bc9" />
      <TestMethod codeBase="D:\actions-runner\_work\XPCO\XPCO\AllSolutions\..\MIP\PlatformPlugin\VideoOS.Platform\unittest\bin\Debug\net6.0-windows\VideoOS.Platform.Tests.dll" adapterTypeName="executor://mstestadapter/v2" className="VideoOS.Platform.Tests.Data.HardwareDefinitionTests" name="Constructor_ShouldThrowArgumentException_WhenModelIsWhiteSpaceOrEmpty" />
    </UnitTest>
    <UnitTest name="Items_NullRootItem_ItemNotShown" storage="d:\actions-runner\_work\xpco\xpco\allsolutions\..\mip\platformplugin\videoos.platform\unittest\bin\debug\net6.0-windows\videoos.platform.tests.dll" id="a768137e-5549-c79d-d4cb-ddd67ba25589">
      <Execution id="d1ba41cd-5cf6-4099-944a-3301b66df5ff" />
      <TestMethod codeBase="D:\actions-runner\_work\XPCO\XPCO\AllSolutions\..\MIP\PlatformPlugin\VideoOS.Platform\unittest\bin\Debug\net6.0-windows\VideoOS.Platform.Tests.dll" adapterTypeName="executor://mstestadapter/v2" className="VideoOS.Platform.Tests.UI.ItemPicker.PopulateThreadTest" name="Items_NullRootItem_ItemNotShown" />
    </UnitTest>
    <UnitTest name="GenerateDeviceParameters_ShouldWriteCorrectCodec_WhenCodecIsNotZero" storage="d:\actions-runner\_work\xpco\xpco\allsolutions\..\mip\platformplugin\videoos.platform\unittest\bin\debug\net6.0-windows\videoos.platform.tests.dll" id="21e526f6-3a3a-f300-e830-472a0f6e7a82">
      <Execution id="80158590-bce7-46a2-a7eb-955134c5b833" />
      <TestMethod codeBase="D:\actions-runner\_work\XPCO\XPCO\AllSolutions\..\MIP\PlatformPlugin\VideoOS.Platform\unittest\bin\Debug\net6.0-windows\VideoOS.Platform.Tests.dll" adapterTypeName="executor://mstestadapter/v2" className="VideoOS.Platform.Tests.Data.CameraDeviceDefinitionTests" name="GenerateDeviceParameters_ShouldWriteCorrectCodec_WhenCodecIsNotZero" />
    </UnitTest>
    <UnitTest name="Append_Property_Path_WithoutValue" storage="d:\actions-runner\_work\xpco\xpco\allsolutions\..\mip\platformplugin\videoos.platform\unittest\bin\debug\net6.0-windows\videoos.platform.tests.dll" id="dc1fd292-e174-668d-7833-c1854255d61a">
      <Execution id="a76a72f9-f718-40bd-ab8d-578988a11d66" />
      <TestMethod codeBase="D:\actions-runner\_work\XPCO\XPCO\AllSolutions\..\MIP\PlatformPlugin\VideoOS.Platform\unittest\bin\Debug\net6.0-windows\VideoOS.Platform.Tests.dll" adapterTypeName="executor://mstestadapter/v2" className="VideoOS.Platform.Tests.Proxy.RestApi.JsonBuilderTests" name="Append_Property_Path_WithoutValue" />
    </UnitTest>
    <UnitTest name="ReadXml_ShouldLogWarningOnlyOnceWithinOneMinute_WhenCenterOfGravityIsIncomplete" storage="d:\actions-runner\_work\xpco\xpco\allsolutions\..\mip\platformplugin\videoos.platform\unittest\bin\debug\net6.0-windows\videoos.platform.tests.dll" id="8a8c7432-7378-2ff6-b3a1-a3b7254f4458">
      <Execution id="4497b5cf-c523-46e6-93a2-69a6a1899e17" />
      <TestMethod codeBase="D:\actions-runner\_work\XPCO\XPCO\AllSolutions\..\MIP\PlatformPlugin\VideoOS.Platform\unittest\bin\Debug\net6.0-windows\VideoOS.Platform.Tests.dll" adapterTypeName="executor://mstestadapter/v2" className="VideoOS.Platform.Tests.Metadata.ShapeTests" name="ReadXml_ShouldLogWarningOnlyOnceWithinOneMinute_WhenCenterOfGravityIsIncomplete" />
    </UnitTest>
    <UnitTest name="GetNext_ShouldReturnNextDataInCache_WhenDataIsCached" storage="d:\actions-runner\_work\xpco\xpco\allsolutions\..\mip\platformplugin\videoos.platform\unittest\bin\debug\net6.0-windows\videoos.platform.tests.dll" id="d6caf9a4-3f9a-074e-1dad-d39d3f06a0e6">
      <Execution id="544f5896-9f4f-4cad-b3e5-9ece3edf7f2b" />
      <TestMethod codeBase="D:\actions-runner\_work\XPCO\XPCO\AllSolutions\..\MIP\PlatformPlugin\VideoOS.Platform\unittest\bin\Debug\net6.0-windows\VideoOS.Platform.Tests.dll" adapterTypeName="executor://mstestadapter/v2" className="VideoOS.Platform.Tests.Data.MetadataPlaybackSourceTests" name="GetNext_ShouldReturnNextDataInCache_WhenDataIsCached" />
    </UnitTest>
    <UnitTest name="ParameterConstruct2_FieldValues_Checked" storage="d:\actions-runner\_work\xpco\xpco\allsolutions\..\mip\platformplugin\videoos.platform\unittest\bin\debug\net6.0-windows\videoos.platform.tests.dll" id="434b37e3-6652-e454-29de-d80f3b84f997">
      <Execution id="39eb16c7-880b-4e54-8702-bdcdc8688396" />
      <TestMethod codeBase="D:\actions-runner\_work\XPCO\XPCO\AllSolutions\..\MIP\PlatformPlugin\VideoOS.Platform\unittest\bin\Debug\net6.0-windows\VideoOS.Platform.Tests.dll" adapterTypeName="executor://mstestadapter/v2" className="VideoOS.Platform.Tests.FQIDtests" name="ParameterConstruct2_FieldValues_Checked" />
    </UnitTest>
    <UnitTest name="GetParent_OfPreset_Check" storage="d:\actions-runner\_work\xpco\xpco\allsolutions\..\mip\platformplugin\videoos.platform\unittest\bin\debug\net6.0-windows\videoos.platform.tests.dll" id="21a0d29c-e94f-b292-af3e-a395eaa62ce5">
      <Execution id="331ca36d-a175-4cd5-9d47-46d0663d9d04" />
      <TestMethod codeBase="D:\actions-runner\_work\XPCO\XPCO\AllSolutions\..\MIP\PlatformPlugin\VideoOS.Platform\unittest\bin\Debug\net6.0-windows\VideoOS.Platform.Tests.dll" adapterTypeName="executor://mstestadapter/v2" className="VideoOS.Platform.Tests.ItemTests" name="GetParent_OfPreset_Check" />
    </UnitTest>
    <UnitTest name="PatchItem_Camera_Success" storage="d:\actions-runner\_work\xpco\xpco\allsolutions\..\mip\platformplugin\videoos.platform\unittest\bin\debug\net6.0-windows\videoos.platform.tests.dll" id="c2f6ebcb-6563-8bdd-b77e-91b902f7eb14">
      <Execution id="26305bd5-d658-4e1e-95f5-93ddd9b71265" />
      <TestMethod codeBase="D:\actions-runner\_work\XPCO\XPCO\AllSolutions\..\MIP\PlatformPlugin\VideoOS.Platform\unittest\bin\Debug\net6.0-windows\VideoOS.Platform.Tests.dll" adapterTypeName="executor://mstestadapter/v2" className="VideoOS.Platform.Tests.Proxy.RestApi.RestApiClientDecoratorTests" name="PatchItem_Camera_Success" />
    </UnitTest>
    <UnitTest name="Codec_ShouldThrowArgumentOutOfRangeException_WhenCodecIsNotVideoCodec" storage="d:\actions-runner\_work\xpco\xpco\allsolutions\..\mip\platformplugin\videoos.platform\unittest\bin\debug\net6.0-windows\videoos.platform.tests.dll" id="86824227-709e-d695-09b7-8d9000453067">
      <Execution id="78934fc5-366b-4c99-b8e0-824a12fa8ae5" />
      <TestMethod codeBase="D:\actions-runner\_work\XPCO\XPCO\AllSolutions\..\MIP\PlatformPlugin\VideoOS.Platform\unittest\bin\Debug\net6.0-windows\VideoOS.Platform.Tests.dll" adapterTypeName="executor://mstestadapter/v2" className="VideoOS.Platform.Tests.Data.CameraDeviceDefinitionTests" name="Codec_ShouldThrowArgumentOutOfRangeException_WhenCodecIsNotVideoCodec" />
    </UnitTest>
    <UnitTest name="ProvideValue_ShouldUseItemDataValue_WhenItemIsVideoOSDropDownItem" storage="d:\actions-runner\_work\xpco\xpco\allsolutions\..\mip\platformplugin\videoos.platform\unittest\bin\debug\net6.0-windows\videoos.platform.tests.dll" id="619f6d51-fe63-6aad-4d71-b62b6294bc5d">
      <TestCategory>
        <TestCategoryItem TestCategory="DropDowns" />
      </TestCategory>
      <Execution id="78ad7ba1-8f46-4a6f-8e96-2ad838090ba9" />
      <TestMethod codeBase="D:\actions-runner\_work\XPCO\XPCO\AllSolutions\..\MIP\PlatformPlugin\VideoOS.Platform\unittest\bin\Debug\net6.0-windows\VideoOS.Platform.Tests.dll" adapterTypeName="executor://mstestadapter/v2" className="VideoOS.Platform.Tests.UI.Controls.DropDowns.Internal.SelectedItemCustomContentDataExtensionTest" name="ProvideValue_ShouldUseItemDataValue_WhenItemIsVideoOSDropDownItem" />
    </UnitTest>
    <UnitTest name="SearchResultData_BeginTimeWithPaddingMinValue_ShouldReturnBeginTime" storage="d:\actions-runner\_work\xpco\xpco\allsolutions\..\mip\platformplugin\videoos.platform\unittest\bin\debug\net6.0-windows\videoos.platform.tests.dll" id="d662e348-a1af-bb08-7043-ef8f0887058c">
      <TestCategory>
        <TestCategoryItem TestCategory="Search" />
      </TestCategory>
      <Execution id="3bc48de0-0753-448e-b41f-7eafde7b71e8" />
      <TestMethod codeBase="D:\actions-runner\_work\XPCO\XPCO\AllSolutions\..\MIP\PlatformPlugin\VideoOS.Platform\unittest\bin\Debug\net6.0-windows\VideoOS.Platform.Tests.dll" adapterTypeName="executor://mstestadapter/v2" className="VideoOS.Platform.Tests.Search.SearchResultDataTest" name="SearchResultData_BeginTimeWithPaddingMinValue_ShouldReturnBeginTime" />
    </UnitTest>
    <UnitTest name="Ctor_EmptyName_Throws" storage="d:\actions-runner\_work\xpco\xpco\allsolutions\..\mip\platformplugin\videoos.platform\unittest\bin\debug\net6.0-windows\videoos.platform.tests.dll" id="8f3ff765-82e8-66d7-0b26-5b7e252a53b8">
      <TestCategory>
        <TestCategoryItem TestCategory="Search" />
      </TestCategory>
      <Execution id="4237240a-2ea5-48b0-9a43-18c2e3796ef9" />
      <TestMethod codeBase="D:\actions-runner\_work\XPCO\XPCO\AllSolutions\..\MIP\PlatformPlugin\VideoOS.Platform\unittest\bin\Debug\net6.0-windows\VideoOS.Platform.Tests.dll" adapterTypeName="executor://mstestadapter/v2" className="VideoOS.Platform.Tests.Search.FilterCategories.VehicleSearchFilterCategoryTest" name="Ctor_EmptyName_Throws" />
    </UnitTest>
    <UnitTest name="Equals_ShouldHaveValueSemantics_WhenAlways" storage="d:\actions-runner\_work\xpco\xpco\allsolutions\..\mip\platformplugin\videoos.platform\unittest\bin\debug\net6.0-windows\videoos.platform.tests.dll" id="5efa66e3-2c27-3f3b-d94f-51396a42e8dd">
      <Execution id="e41186cf-abce-4a83-9314-3d0c95dc5771" />
      <TestMethod codeBase="D:\actions-runner\_work\XPCO\XPCO\AllSolutions\..\MIP\PlatformPlugin\VideoOS.Platform\unittest\bin\Debug\net6.0-windows\VideoOS.Platform.Tests.dll" adapterTypeName="executor://mstestadapter/v2" className="VideoOS.Platform.Tests.Metadata.ShapeTests" name="Equals_ShouldHaveValueSemantics_WhenAlways" />
    </UnitTest>
    <UnitTest name="GetItem_ShouldReturnNull_WhenUnknownKind" storage="d:\actions-runner\_work\xpco\xpco\allsolutions\..\mip\platformplugin\videoos.platform\unittest\bin\debug\net6.0-windows\videoos.platform.tests.dll" id="a9f5292d-e31f-a581-3eed-5680d989d123">
      <Execution id="396510be-9c1c-4365-852f-af51ee913aea" />
      <TestMethod codeBase="D:\actions-runner\_work\XPCO\XPCO\AllSolutions\..\MIP\PlatformPlugin\VideoOS.Platform\unittest\bin\Debug\net6.0-windows\VideoOS.Platform.Tests.dll" adapterTypeName="executor://mstestadapter/v2" className="VideoOS.Platform.Tests.Util.ConfigurationCacheTests" name="GetItem_ShouldReturnNull_WhenUnknownKind" />
    </UnitTest>
    <UnitTest name="Equals_ShouldReturnFalse_WhenOnlyPortNumbersAreDifferent" storage="d:\actions-runner\_work\xpco\xpco\allsolutions\..\mip\platformplugin\videoos.platform\unittest\bin\debug\net6.0-windows\videoos.platform.tests.dll" id="ef0bef56-bcca-a24d-f399-eed9eabea4db">
      <Execution id="6447a5c8-3a2d-46ec-a6c8-a85c25948040" />
      <TestMethod codeBase="D:\actions-runner\_work\XPCO\XPCO\AllSolutions\..\MIP\PlatformPlugin\VideoOS.Platform\unittest\bin\Debug\net6.0-windows\VideoOS.Platform.Tests.dll" adapterTypeName="executor://mstestadapter/v2" className="VideoOS.Platform.Tests.ServerIdTests" name="Equals_ShouldReturnFalse_WhenOnlyPortNumbersAreDifferent" />
    </UnitTest>
    <UnitTest name="ReadXml_ShouldIgnoreFrame_WhenFrameDidNotReadUtcTime" storage="d:\actions-runner\_work\xpco\xpco\allsolutions\..\mip\platformplugin\videoos.platform\unittest\bin\debug\net6.0-windows\videoos.platform.tests.dll" id="682b3a18-5ce2-e09c-06c2-b3ebd5eb55df">
      <Execution id="2cc831d9-55e6-432b-b8f1-32afdcd355d2" />
      <TestMethod codeBase="D:\actions-runner\_work\XPCO\XPCO\AllSolutions\..\MIP\PlatformPlugin\VideoOS.Platform\unittest\bin\Debug\net6.0-windows\VideoOS.Platform.Tests.dll" adapterTypeName="executor://mstestadapter/v2" className="VideoOS.Platform.Tests.Metadata.VideoAnalyticsTests" name="ReadXml_ShouldIgnoreFrame_WhenFrameDidNotReadUtcTime" />
    </UnitTest>
    <UnitTest name="ProvideValue_ShouldUseNull_WhenSelectedItemIsNotSet" storage="d:\actions-runner\_work\xpco\xpco\allsolutions\..\mip\platformplugin\videoos.platform\unittest\bin\debug\net6.0-windows\videoos.platform.tests.dll" id="d2434559-e3a7-5692-c403-1d47d873a133">
      <TestCategory>
        <TestCategoryItem TestCategory="DropDowns" />
      </TestCategory>
      <Execution id="33d10b62-df9d-4974-9c89-a786b1465933" />
      <TestMethod codeBase="D:\actions-runner\_work\XPCO\XPCO\AllSolutions\..\MIP\PlatformPlugin\VideoOS.Platform\unittest\bin\Debug\net6.0-windows\VideoOS.Platform.Tests.dll" adapterTypeName="executor://mstestadapter/v2" className="VideoOS.Platform.Tests.UI.Controls.DropDowns.Internal.SelectedItemContentTemplateExtensionTest" name="ProvideValue_ShouldUseNull_WhenSelectedItemIsNotSet" />
    </UnitTest>
    <UnitTest name="WriteXml_ShouldWriteBottomAttribute_WhenAlays" storage="d:\actions-runner\_work\xpco\xpco\allsolutions\..\mip\platformplugin\videoos.platform\unittest\bin\debug\net6.0-windows\videoos.platform.tests.dll" id="585441ab-f7bf-ef9a-ea65-e7624bf9208f">
      <Execution id="adc736fb-df25-4f7b-8701-7966a7f55b2f" />
      <TestMethod codeBase="D:\actions-runner\_work\XPCO\XPCO\AllSolutions\..\MIP\PlatformPlugin\VideoOS.Platform\unittest\bin\Debug\net6.0-windows\VideoOS.Platform.Tests.dll" adapterTypeName="executor://mstestadapter/v2" className="VideoOS.Platform.Tests.Metadata.RectangleTests" name="WriteXml_ShouldWriteBottomAttribute_WhenAlays" />
    </UnitTest>
    <UnitTest name="WriteXml_ShouldWriteAllVideoAnalytics_WhenThereAreMultipleVideoAnalyticsItemsPresent" storage="d:\actions-runner\_work\xpco\xpco\allsolutions\..\mip\platformplugin\videoos.platform\unittest\bin\debug\net6.0-windows\videoos.platform.tests.dll" id="a32877bc-9b7f-e906-c5f0-bd91b67c99a7">
      <Execution id="f06ec89f-fa9a-4bcd-939f-d9e7d797dda4" />
      <TestMethod codeBase="D:\actions-runner\_work\XPCO\XPCO\AllSolutions\..\MIP\PlatformPlugin\VideoOS.Platform\unittest\bin\Debug\net6.0-windows\VideoOS.Platform.Tests.dll" adapterTypeName="executor://mstestadapter/v2" className="VideoOS.Platform.Tests.Metadata.MetadataStreamTests" name="WriteXml_ShouldWriteAllVideoAnalytics_WhenThereAreMultipleVideoAnalyticsItemsPresent" />
    </UnitTest>
    <UnitTest name="AllAttributesWerePresent_ShouldReturnFalse_WhenRightAttributeIsNotAFloat" storage="d:\actions-runner\_work\xpco\xpco\allsolutions\..\mip\platformplugin\videoos.platform\unittest\bin\debug\net6.0-windows\videoos.platform.tests.dll" id="3f059c6a-7cda-fa81-0b37-29c0a5c4596b">
      <Execution id="e5369301-4bde-41f7-9c2e-5550f0f9bb9d" />
      <TestMethod codeBase="D:\actions-runner\_work\XPCO\XPCO\AllSolutions\..\MIP\PlatformPlugin\VideoOS.Platform\unittest\bin\Debug\net6.0-windows\VideoOS.Platform.Tests.dll" adapterTypeName="executor://mstestadapter/v2" className="VideoOS.Platform.Tests.Metadata.RectangleTests" name="AllAttributesWerePresent_ShouldReturnFalse_WhenRightAttributeIsNotAFloat" />
    </UnitTest>
    <UnitTest name="ToJson_ListElement_Array_Exception" storage="d:\actions-runner\_work\xpco\xpco\allsolutions\..\mip\platformplugin\videoos.platform\unittest\bin\debug\net6.0-windows\videoos.platform.tests.dll" id="67c0ea39-eacf-68a7-bc2c-66d2ee840cfb">
      <Execution id="65a9a231-8f5f-4336-bbed-29c9c8b790cb" />
      <TestMethod codeBase="D:\actions-runner\_work\XPCO\XPCO\AllSolutions\..\MIP\PlatformPlugin\VideoOS.Platform\unittest\bin\Debug\net6.0-windows\VideoOS.Platform.Tests.dll" adapterTypeName="executor://mstestadapter/v2" className="VideoOS.Platform.Tests.Proxy.RestApi.JsonReaderTests" name="ToJson_ListElement_Array_Exception" />
    </UnitTest>
    <UnitTest name="Serialize_TestCases (TestParentTypeMatchDoubleThisTypeMatched)" storage="d:\actions-runner\_work\xpco\xpco\allsolutions\..\mip\platformplugin\videoos.platform\unittest\bin\debug\net6.0-windows\videoos.platform.tests.dll" id="924f17cc-bb86-5a75-ef59-5704a9efc7cf">
      <Execution id="d99e2432-baa1-4b15-96ee-db9910fa939c" />
      <TestMethod codeBase="D:\actions-runner\_work\XPCO\XPCO\AllSolutions\..\MIP\PlatformPlugin\VideoOS.Platform\unittest\bin\Debug\net6.0-windows\VideoOS.Platform.Tests.dll" adapterTypeName="executor://mstestadapter/v2" className="VideoOS.Platform.Tests.UI.Controls.Automation.Serialization.AutomationObjectSerializerTest" name="Serialize_TestCases" />
    </UnitTest>
    <UnitTest name="ReadXml_ShouldNotSetIsIdle_WhenIdleElementIsPresentWithWrongNamespace" storage="d:\actions-runner\_work\xpco\xpco\allsolutions\..\mip\platformplugin\videoos.platform\unittest\bin\debug\net6.0-windows\videoos.platform.tests.dll" id="b9119b3f-c5c3-480d-71eb-f7bd5475dbde">
      <Execution id="69ed95c8-1d70-4f14-95e2-5a8f96963dd6" />
      <TestMethod codeBase="D:\actions-runner\_work\XPCO\XPCO\AllSolutions\..\MIP\PlatformPlugin\VideoOS.Platform\unittest\bin\Debug\net6.0-windows\VideoOS.Platform.Tests.dll" adapterTypeName="executor://mstestadapter/v2" className="VideoOS.Platform.Tests.Metadata.BehaviourTests" name="ReadXml_ShouldNotSetIsIdle_WhenIdleElementIsPresentWithWrongNamespace" />
    </UnitTest>
    <UnitTest name="IsEmptyValue_DoubleRangeFilterValue_ValuesAtMinimumAndMaximum_ReturnsTrue" storage="d:\actions-runner\_work\xpco\xpco\allsolutions\..\mip\platformplugin\videoos.platform\unittest\bin\debug\net6.0-windows\videoos.platform.tests.dll" id="27817c8c-6c0d-bb4b-da4e-d6836f9c5d12">
      <TestCategory>
        <TestCategoryItem TestCategory="Search" />
      </TestCategory>
      <Execution id="5ddf2690-5f4d-43bf-a0c3-a7d588aa67e9" />
      <TestMethod codeBase="D:\actions-runner\_work\XPCO\XPCO\AllSolutions\..\MIP\PlatformPlugin\VideoOS.Platform\unittest\bin\Debug\net6.0-windows\VideoOS.Platform.Tests.dll" adapterTypeName="executor://mstestadapter/v2" className="VideoOS.Platform.Tests.Search.SearchFilterTest" name="IsEmptyValue_DoubleRangeFilterValue_ValuesAtMinimumAndMaximum_ReturnsTrue" />
    </UnitTest>
    <UnitTest name="HostInitialized_ShouldInvokeCallback_WhenInitializedWithItems" storage="d:\actions-runner\_work\xpco\xpco\allsolutions\..\mip\platformplugin\videoos.platform\unittest\bin\debug\net6.0-windows\videoos.platform.tests.dll" id="33464c95-c39e-2270-caf4-672c551a54f2">
      <Execution id="a2bf7f7a-8dae-4b6a-b7e7-a91f659b5128" />
      <TestMethod codeBase="D:\actions-runner\_work\XPCO\XPCO\AllSolutions\..\MIP\PlatformPlugin\VideoOS.Platform\unittest\bin\Debug\net6.0-windows\VideoOS.Platform.Tests.dll" adapterTypeName="executor://mstestadapter/v2" className="VideoOS.Platform.Tests.UI.Controls.CollectionHelperGenericTest" name="HostInitialized_ShouldInvokeCallback_WhenInitializedWithItems" />
    </UnitTest>
    <UnitTest name="Ctor_NoStandardFilters_Success" storage="d:\actions-runner\_work\xpco\xpco\allsolutions\..\mip\platformplugin\videoos.platform\unittest\bin\debug\net6.0-windows\videoos.platform.tests.dll" id="59e10b82-f701-4ec1-bb24-9886531bdbb4">
      <TestCategory>
        <TestCategoryItem TestCategory="Search" />
      </TestCategory>
      <Execution id="5ea70122-d257-449b-a638-94451f5369d9" />
      <TestMethod codeBase="D:\actions-runner\_work\XPCO\XPCO\AllSolutions\..\MIP\PlatformPlugin\VideoOS.Platform\unittest\bin\Debug\net6.0-windows\VideoOS.Platform.Tests.dll" adapterTypeName="executor://mstestadapter/v2" className="VideoOS.Platform.Tests.Search.FilterCategories.VehicleSearchFilterCategoryTest" name="Ctor_NoStandardFilters_Success" />
    </UnitTest>
    <UnitTest name="Stop_InitializeThrowsException_ProcessorSurvives" storage="d:\actions-runner\_work\xpco\xpco\allsolutions\..\mip\platformplugin\videoos.platform\unittest\bin\debug\net6.0-windows\videoos.platform.tests.dll" id="0a3a807f-9f6a-c6f8-8c9e-dc79768e8cd7">
      <Execution id="c936f9ab-62cc-42f6-bbc7-21c1ed03f704" />
      <TestMethod codeBase="D:\actions-runner\_work\XPCO\XPCO\AllSolutions\..\MIP\PlatformPlugin\VideoOS.Platform\unittest\bin\Debug\net6.0-windows\VideoOS.Platform.Tests.dll" adapterTypeName="executor://mstestadapter/v2" className="VideoOS.Platform.Tests.Util.Queue.ResourceProcessorTests" name="Stop_InitializeThrowsException_ProcessorSurvives" />
    </UnitTest>
    <UnitTest name="Deserialize_Camera_FieldValues_checked" storage="d:\actions-runner\_work\xpco\xpco\allsolutions\..\mip\platformplugin\videoos.platform\unittest\bin\debug\net6.0-windows\videoos.platform.tests.dll" id="3c6ad7f5-47ac-d2a1-3c86-5077b25134ea">
      <Execution id="13d67e38-4209-4a65-9e04-91d6d7e1cf54" />
      <TestMethod codeBase="D:\actions-runner\_work\XPCO\XPCO\AllSolutions\..\MIP\PlatformPlugin\VideoOS.Platform\unittest\bin\Debug\net6.0-windows\VideoOS.Platform.Tests.dll" adapterTypeName="executor://mstestadapter/v2" className="VideoOS.Platform.Tests.FQIDtests" name="Deserialize_Camera_FieldValues_checked" />
    </UnitTest>
    <UnitTest name="Append_Element_KeyWithDotString" storage="d:\actions-runner\_work\xpco\xpco\allsolutions\..\mip\platformplugin\videoos.platform\unittest\bin\debug\net6.0-windows\videoos.platform.tests.dll" id="503e5a86-709d-4f75-061c-3b116d3ee8e7">
      <Execution id="5a882e34-65f6-4630-b6e2-0a8159ba5e54" />
      <TestMethod codeBase="D:\actions-runner\_work\XPCO\XPCO\AllSolutions\..\MIP\PlatformPlugin\VideoOS.Platform\unittest\bin\Debug\net6.0-windows\VideoOS.Platform.Tests.dll" adapterTypeName="executor://mstestadapter/v2" className="VideoOS.Platform.Tests.Proxy.RestApi.JsonBuilderTests" name="Append_Element_KeyWithDotString" />
    </UnitTest>
    <UnitTest name="Serialize_ToXmlWriter" storage="d:\actions-runner\_work\xpco\xpco\allsolutions\..\mip\platformplugin\videoos.platform\unittest\bin\debug\net6.0-windows\videoos.platform.tests.dll" id="c2275de9-9fb7-2d15-4e82-ae68930b46f3">
      <Execution id="3e6d9283-4646-46b8-b37d-1942904c863f" />
      <TestMethod codeBase="D:\actions-runner\_work\XPCO\XPCO\AllSolutions\..\MIP\PlatformPlugin\VideoOS.Platform\unittest\bin\Debug\net6.0-windows\VideoOS.Platform.Tests.dll" adapterTypeName="executor://mstestadapter/v2" className="VideoOS.Platform.Tests.ItemTests" name="Serialize_ToXmlWriter" />
    </UnitTest>
    <UnitTest name="ReadXml_ShouldReadLikeliHood_WhenCorrectLikelihoodIsPresent" storage="d:\actions-runner\_work\xpco\xpco\allsolutions\..\mip\platformplugin\videoos.platform\unittest\bin\debug\net6.0-windows\videoos.platform.tests.dll" id="e752bd23-b6f4-f8a1-41d2-4686827d5d3c">
      <Execution id="32226745-99fa-4fe5-b384-66f7b29bad00" />
      <TestMethod codeBase="D:\actions-runner\_work\XPCO\XPCO\AllSolutions\..\MIP\PlatformPlugin\VideoOS.Platform\unittest\bin\Debug\net6.0-windows\VideoOS.Platform.Tests.dll" adapterTypeName="executor://mstestadapter/v2" className="VideoOS.Platform.Tests.Metadata.ClassCandidateTests" name="ReadXml_ShouldReadLikeliHood_WhenCorrectLikelihoodIsPresent" />
    </UnitTest>
    <UnitTest name="UnloadedEvent_ShouldRemoveProxyManager_WhenRaisedOnFrameworkContentElement" storage="d:\actions-runner\_work\xpco\xpco\allsolutions\..\mip\platformplugin\videoos.platform\unittest\bin\debug\net6.0-windows\videoos.platform.tests.dll" id="0f05d604-6e61-b82e-404f-e9831974b180">
      <TestCategory>
        <TestCategoryItem TestCategory="EventsToCommandMappings" />
      </TestCategory>
      <Execution id="8d439887-4ded-4e4d-aa6d-f2ee54491da3" />
      <TestMethod codeBase="D:\actions-runner\_work\XPCO\XPCO\AllSolutions\..\MIP\PlatformPlugin\VideoOS.Platform\unittest\bin\Debug\net6.0-windows\VideoOS.Platform.Tests.dll" adapterTypeName="executor://mstestadapter/v2" className="VideoOS.Platform.Tests.UI.Commands.EventsToCommandMappingTest" name="UnloadedEvent_ShouldRemoveProxyManager_WhenRaisedOnFrameworkContentElement" />
    </UnitTest>
    <UnitTest name="GenerateParameters_ShouldWriteGopRange_WhenGopRangeIsNotNull" storage="d:\actions-runner\_work\xpco\xpco\allsolutions\..\mip\platformplugin\videoos.platform\unittest\bin\debug\net6.0-windows\videoos.platform.tests.dll" id="b2538acc-438d-df18-2761-19b1ee3522d9">
      <Execution id="68911cfd-ae39-4775-a150-67f50224b961" />
      <TestMethod codeBase="D:\actions-runner\_work\XPCO\XPCO\AllSolutions\..\MIP\PlatformPlugin\VideoOS.Platform\unittest\bin\Debug\net6.0-windows\VideoOS.Platform.Tests.dll" adapterTypeName="executor://mstestadapter/v2" className="VideoOS.Platform.Tests.Data.CameraDeviceDefinitionTests" name="GenerateParameters_ShouldWriteGopRange_WhenGopRangeIsNotNull" />
    </UnitTest>
    <UnitTest name="WriteMetadataXmlWithStrings_ShouldWriteDocumentHeading_WhenDataIsPresent" storage="d:\actions-runner\_work\xpco\xpco\allsolutions\..\mip\platformplugin\videoos.platform\unittest\bin\debug\net6.0-windows\videoos.platform.tests.dll" id="e5961fd2-e26a-dc01-53b6-9e6df31d3e56">
      <Execution id="bf8fdeb2-2174-435f-87a5-378176eee5a8" />
      <TestMethod codeBase="D:\actions-runner\_work\XPCO\XPCO\AllSolutions\..\MIP\PlatformPlugin\VideoOS.Platform\unittest\bin\Debug\net6.0-windows\VideoOS.Platform.Tests.dll" adapterTypeName="executor://mstestadapter/v2" className="VideoOS.Platform.Tests.Metadata.MetadataSerializerTests" name="WriteMetadataXmlWithStrings_ShouldWriteDocumentHeading_WhenDataIsPresent" />
    </UnitTest>
    <UnitTest name="JsonObjectFromFileTest" storage="d:\actions-runner\_work\xpco\xpco\allsolutions\..\mip\platformplugin\videoos.platform\unittest\bin\debug\net6.0-windows\videoos.platform.tests.dll" id="b0739811-0769-0d6d-10df-bbc2b4389739">
      <Execution id="bf7049ad-6fbf-402f-b64e-cc24d8b5fa78" />
      <TestMethod codeBase="D:\actions-runner\_work\XPCO\XPCO\AllSolutions\..\MIP\PlatformPlugin\VideoOS.Platform\unittest\bin\Debug\net6.0-windows\VideoOS.Platform.Tests.dll" adapterTypeName="executor://mstestadapter/v2" className="VideoOS.Platform.Tests.Proxy.RestApi.JsonObjectTests" name="JsonObjectFromFileTest" />
    </UnitTest>
    <UnitTest name="Constructor_ShouldThrowArgumentException_WhenTheStartAndEndTimeKindsAreDifferent" storage="d:\actions-runner\_work\xpco\xpco\allsolutions\..\mip\platformplugin\videoos.platform\unittest\bin\debug\net6.0-windows\videoos.platform.tests.dll" id="6ec6fd22-7feb-d279-20aa-2b6bde4591a6">
      <Execution id="faf28b33-359e-4a81-9aab-9f0c8800c011" />
      <TestMethod codeBase="D:\actions-runner\_work\XPCO\XPCO\AllSolutions\..\MIP\PlatformPlugin\VideoOS.Platform\unittest\bin\Debug\net6.0-windows\VideoOS.Platform.Tests.dll" adapterTypeName="executor://mstestadapter/v2" className="VideoOS.Platform.Tests.Util.TimeIntervalTests" name="Constructor_ShouldThrowArgumentException_WhenTheStartAndEndTimeKindsAreDifferent" />
    </UnitTest>
    <UnitTest name="IsValid_ShouldReturnFalse_WhenTypeIsWhitespace" storage="d:\actions-runner\_work\xpco\xpco\allsolutions\..\mip\platformplugin\videoos.platform\unittest\bin\debug\net6.0-windows\videoos.platform.tests.dll" id="b79783b6-52a2-ffc5-2a1d-6b3307f25451">
      <Execution id="4ac02d29-5877-497c-900f-074ae9cf4a90" />
      <TestMethod codeBase="D:\actions-runner\_work\XPCO\XPCO\AllSolutions\..\MIP\PlatformPlugin\VideoOS.Platform\unittest\bin\Debug\net6.0-windows\VideoOS.Platform.Tests.dll" adapterTypeName="executor://mstestadapter/v2" className="VideoOS.Platform.Tests.Metadata.ClassCandidateTests" name="IsValid_ShouldReturnFalse_WhenTypeIsWhitespace" />
    </UnitTest>
    <UnitTest name="ReadXml_ShouldReadCenterOfGravity_WhenCenterOfGravityIsPresent" storage="d:\actions-runner\_work\xpco\xpco\allsolutions\..\mip\platformplugin\videoos.platform\unittest\bin\debug\net6.0-windows\videoos.platform.tests.dll" id="00715417-bfa4-4e4b-edec-0ca28f2d4417">
      <Execution id="a56e2d71-99dd-4980-8a94-a0887e358c23" />
      <TestMethod codeBase="D:\actions-runner\_work\XPCO\XPCO\AllSolutions\..\MIP\PlatformPlugin\VideoOS.Platform\unittest\bin\Debug\net6.0-windows\VideoOS.Platform.Tests.dll" adapterTypeName="executor://mstestadapter/v2" className="VideoOS.Platform.Tests.Metadata.ShapeTests" name="ReadXml_ShouldReadCenterOfGravity_WhenCenterOfGravityIsPresent" />
    </UnitTest>
    <UnitTest name="Serialize_TestCases (TestParentTypeMatchInterfaceThisTypeNotMatched)" storage="d:\actions-runner\_work\xpco\xpco\allsolutions\..\mip\platformplugin\videoos.platform\unittest\bin\debug\net6.0-windows\videoos.platform.tests.dll" id="bbda7a11-e3ea-a6b5-3718-87f84d327031">
      <Execution id="8dc8d2e8-1fb0-4ce9-b1cc-ca7d1df2c49d" />
      <TestMethod codeBase="D:\actions-runner\_work\XPCO\XPCO\AllSolutions\..\MIP\PlatformPlugin\VideoOS.Platform\unittest\bin\Debug\net6.0-windows\VideoOS.Platform.Tests.dll" adapterTypeName="executor://mstestadapter/v2" className="VideoOS.Platform.Tests.UI.Controls.Automation.Serialization.AutomationObjectSerializerTest" name="Serialize_TestCases" />
    </UnitTest>
    <UnitTest name="ReadXml_ShouldIgnoreLikelihood_WhenLikelihoodIsNotANumber" storage="d:\actions-runner\_work\xpco\xpco\allsolutions\..\mip\platformplugin\videoos.platform\unittest\bin\debug\net6.0-windows\videoos.platform.tests.dll" id="1eb53537-afef-d5dd-debc-6b9152b2f955">
      <Execution id="744009c5-513d-4eed-835a-1f982d7e1a28" />
      <TestMethod codeBase="D:\actions-runner\_work\XPCO\XPCO\AllSolutions\..\MIP\PlatformPlugin\VideoOS.Platform\unittest\bin\Debug\net6.0-windows\VideoOS.Platform.Tests.dll" adapterTypeName="executor://mstestadapter/v2" className="VideoOS.Platform.Tests.Metadata.ClassCandidateTests" name="ReadXml_ShouldIgnoreLikelihood_WhenLikelihoodIsNotANumber" />
    </UnitTest>
    <UnitTest name="ReadXml_ShouldIgnoreLikelihood_WheLikelihoodIsPresenWithWrongNamespace" storage="d:\actions-runner\_work\xpco\xpco\allsolutions\..\mip\platformplugin\videoos.platform\unittest\bin\debug\net6.0-windows\videoos.platform.tests.dll" id="4f197c17-4790-58f8-b53d-dcb8083dcd6a">
      <Execution id="9538ddec-3d9e-4fcb-abbf-1f73f8a6b324" />
      <TestMethod codeBase="D:\actions-runner\_work\XPCO\XPCO\AllSolutions\..\MIP\PlatformPlugin\VideoOS.Platform\unittest\bin\Debug\net6.0-windows\VideoOS.Platform.Tests.dll" adapterTypeName="executor://mstestadapter/v2" className="VideoOS.Platform.Tests.Metadata.ClassCandidateTests" name="ReadXml_ShouldIgnoreLikelihood_WheLikelihoodIsPresenWithWrongNamespace" />
    </UnitTest>
    <UnitTest name="Equals_Fail1" storage="d:\actions-runner\_work\xpco\xpco\allsolutions\..\mip\platformplugin\videoos.platform\unittest\bin\debug\net6.0-windows\videoos.platform.tests.dll" id="2308f95d-e716-8457-e2f9-557865d40f5f">
      <Execution id="cdd4d23d-1007-4d73-bdb3-a85d60af9c8e" />
      <TestMethod codeBase="D:\actions-runner\_work\XPCO\XPCO\AllSolutions\..\MIP\PlatformPlugin\VideoOS.Platform\unittest\bin\Debug\net6.0-windows\VideoOS.Platform.Tests.dll" adapterTypeName="executor://mstestadapter/v2" className="VideoOS.Platform.Tests.Messaging.CommunicationIdFilterTests" name="Equals_Fail1" />
    </UnitTest>
    <UnitTest name="Equals_ShouldBeDifferent" storage="d:\actions-runner\_work\xpco\xpco\allsolutions\..\mip\platformplugin\videoos.platform\unittest\bin\debug\net6.0-windows\videoos.platform.tests.dll" id="dbac47b9-416a-24f2-90d7-b5b09b9dc93c">
      <Execution id="7e292dab-0b73-4a6b-ae8c-172223771183" />
      <TestMethod codeBase="D:\actions-runner\_work\XPCO\XPCO\AllSolutions\..\MIP\PlatformPlugin\VideoOS.Platform\unittest\bin\Debug\net6.0-windows\VideoOS.Platform.Tests.dll" adapterTypeName="executor://mstestadapter/v2" className="VideoOS.Platform.Tests.FQIDtests" name="Equals_ShouldBeDifferent" />
    </UnitTest>
    <UnitTest name="Serialize_TestCases (TestParentCollectionNotEmptyArrayPropertyProperty)" storage="d:\actions-runner\_work\xpco\xpco\allsolutions\..\mip\platformplugin\videoos.platform\unittest\bin\debug\net6.0-windows\videoos.platform.tests.dll" id="a0d63d6f-5ec2-61b7-886c-e03436ed1131">
      <Execution id="214d1e56-807c-4097-8357-3e7460bc945c" />
      <TestMethod codeBase="D:\actions-runner\_work\XPCO\XPCO\AllSolutions\..\MIP\PlatformPlugin\VideoOS.Platform\unittest\bin\Debug\net6.0-windows\VideoOS.Platform.Tests.dll" adapterTypeName="executor://mstestadapter/v2" className="VideoOS.Platform.Tests.UI.Controls.Automation.Serialization.AutomationObjectSerializerTest" name="Serialize_TestCases" />
    </UnitTest>
    <UnitTest name="Serialize_TestCases (Verify root Collection (empty) property get property value)" storage="d:\actions-runner\_work\xpco\xpco\allsolutions\..\mip\platformplugin\videoos.platform\unittest\bin\debug\net6.0-windows\videoos.platform.tests.dll" id="3db6f0d8-c771-c240-10ba-4a04ab54fde2">
      <Execution id="77af77c8-391c-48f6-9629-7b6702c62fd7" />
      <TestMethod codeBase="D:\actions-runner\_work\XPCO\XPCO\AllSolutions\..\MIP\PlatformPlugin\VideoOS.Platform\unittest\bin\Debug\net6.0-windows\VideoOS.Platform.Tests.dll" adapterTypeName="executor://mstestadapter/v2" className="VideoOS.Platform.Tests.UI.Controls.Automation.Serialization.AutomationObjectSerializerTest" name="Serialize_TestCases" />
    </UnitTest>
    <UnitTest name="PropertiesShouldReturnConstructorParameter" storage="d:\actions-runner\_work\xpco\xpco\allsolutions\..\mip\platformplugin\videoos.platform\unittest\bin\debug\net6.0-windows\videoos.platform.tests.dll" id="3d5f10ab-1224-9509-ef72-ffed425cc301">
      <Execution id="db3aa5bb-369f-41c5-99aa-e6050a00e4d2" />
      <TestMethod codeBase="D:\actions-runner\_work\XPCO\XPCO\AllSolutions\..\MIP\PlatformPlugin\VideoOS.Platform\unittest\bin\Debug\net6.0-windows\VideoOS.Platform.Tests.dll" adapterTypeName="executor://mstestadapter/v2" className="VideoOS.Platform.Tests.Live.MetadataLiveContentTests" name="PropertiesShouldReturnConstructorParameter" />
    </UnitTest>
    <UnitTest name="GetExpectedToken_ShouldReturnMD5_WhenInputTokenHashTypeIsMD5" storage="d:\actions-runner\_work\xpco\xpco\allsolutions\..\mip\platformplugin\videoos.platform\unittest\bin\debug\net6.0-windows\videoos.platform.tests.dll" id="8e460e03-2bfd-8239-d4ce-aaba6f07f2d0">
      <Execution id="eb0cae78-36d6-464b-8b84-9de0bb7eed90" />
      <TestMethod codeBase="D:\actions-runner\_work\XPCO\XPCO\AllSolutions\..\MIP\PlatformPlugin\VideoOS.Platform\unittest\bin\Debug\net6.0-windows\VideoOS.Platform.Tests.dll" adapterTypeName="executor://mstestadapter/v2" className="VideoOS.Platform.Tests.Data.MediaProviderInternal.UtilityTests" name="GetExpectedToken_ShouldReturnMD5_WhenInputTokenHashTypeIsMD5" />
    </UnitTest>
    <UnitTest name="Get_KeyPresent_ReturnsExpectedValue" storage="d:\actions-runner\_work\xpco\xpco\allsolutions\..\mip\platformplugin\videoos.platform\unittest\bin\debug\net6.0-windows\videoos.platform.tests.dll" id="6782d7fb-c6f1-9d5e-e21b-8e8665ae821d">
      <Execution id="f37c400a-4062-4c89-b80f-c99face5e964" />
      <TestMethod codeBase="D:\actions-runner\_work\XPCO\XPCO\AllSolutions\..\MIP\PlatformPlugin\VideoOS.Platform\unittest\bin\Debug\net6.0-windows\VideoOS.Platform.Tests.dll" adapterTypeName="executor://mstestadapter/v2" className="VideoOS.Platform.Tests.Util.Queue.LRUCacheTests" name="Get_KeyPresent_ReturnsExpectedValue" />
    </UnitTest>
    <UnitTest name="Equals_Ignore_Fail_OnKind" storage="d:\actions-runner\_work\xpco\xpco\allsolutions\..\mip\platformplugin\videoos.platform\unittest\bin\debug\net6.0-windows\videoos.platform.tests.dll" id="107e0daf-d21c-596c-9a4b-7e99c0ba5816">
      <Execution id="7e30206d-b108-4bf3-8e28-24e413211283" />
      <TestMethod codeBase="D:\actions-runner\_work\XPCO\XPCO\AllSolutions\..\MIP\PlatformPlugin\VideoOS.Platform\unittest\bin\Debug\net6.0-windows\VideoOS.Platform.Tests.dll" adapterTypeName="executor://mstestadapter/v2" className="VideoOS.Platform.Tests.FQIDtests" name="Equals_Ignore_Fail_OnKind" />
    </UnitTest>
    <UnitTest name="Serialize_TestCases (TestParentTypeMatchIntThisTypeMatched)" storage="d:\actions-runner\_work\xpco\xpco\allsolutions\..\mip\platformplugin\videoos.platform\unittest\bin\debug\net6.0-windows\videoos.platform.tests.dll" id="1740de10-354e-b6a5-4be9-5a10b5a730b3">
      <Execution id="f480f487-0c2b-4afc-ab81-9c2589019120" />
      <TestMethod codeBase="D:\actions-runner\_work\XPCO\XPCO\AllSolutions\..\MIP\PlatformPlugin\VideoOS.Platform\unittest\bin\Debug\net6.0-windows\VideoOS.Platform.Tests.dll" adapterTypeName="executor://mstestadapter/v2" className="VideoOS.Platform.Tests.UI.Controls.Automation.Serialization.AutomationObjectSerializerTest" name="Serialize_TestCases" />
    </UnitTest>
    <UnitTest name="WriteMetadataXmlWithStream_ShouldWriteDocumentHeading_WhenDataIsPresent" storage="d:\actions-runner\_work\xpco\xpco\allsolutions\..\mip\platformplugin\videoos.platform\unittest\bin\debug\net6.0-windows\videoos.platform.tests.dll" id="78982d6b-5a61-907d-6e51-74d4614c2331">
      <Execution id="49a7e188-b078-4e2e-9da2-5447f9043733" />
      <TestMethod codeBase="D:\actions-runner\_work\XPCO\XPCO\AllSolutions\..\MIP\PlatformPlugin\VideoOS.Platform\unittest\bin\Debug\net6.0-windows\VideoOS.Platform.Tests.dll" adapterTypeName="executor://mstestadapter/v2" className="VideoOS.Platform.Tests.Metadata.MetadataSerializerTests" name="WriteMetadataXmlWithStream_ShouldWriteDocumentHeading_WhenDataIsPresent" />
    </UnitTest>
    <UnitTest name="CountByCounter_NotActivated_Trial" storage="d:\actions-runner\_work\xpco\xpco\allsolutions\..\mip\platformplugin\videoos.platform\unittest\bin\debug\net6.0-windows\videoos.platform.tests.dll" id="14b61d2f-5443-8ef0-349e-b30883ba9c22">
      <Execution id="9c68a3f7-13b5-4d63-99c6-58fea415e0b7" />
      <TestMethod codeBase="D:\actions-runner\_work\XPCO\XPCO\AllSolutions\..\MIP\PlatformPlugin\VideoOS.Platform\unittest\bin\Debug\net6.0-windows\VideoOS.Platform.Tests.dll" adapterTypeName="executor://mstestadapter/v2" className="VideoOS.Platform.Tests.License.ResolvedLicenseCountTest" name="CountByCounter_NotActivated_Trial" />
    </UnitTest>
    <UnitTest name="GetChildItems_ShouldReturnItems_WhenAllAreAdded" storage="d:\actions-runner\_work\xpco\xpco\allsolutions\..\mip\platformplugin\videoos.platform\unittest\bin\debug\net6.0-windows\videoos.platform.tests.dll" id="0604c1ff-5540-6793-d2f8-19a426df7742">
      <Execution id="57501bf9-2507-4333-9f1e-418709083a17" />
      <TestMethod codeBase="D:\actions-runner\_work\XPCO\XPCO\AllSolutions\..\MIP\PlatformPlugin\VideoOS.Platform\unittest\bin\Debug\net6.0-windows\VideoOS.Platform.Tests.dll" adapterTypeName="executor://mstestadapter/v2" className="VideoOS.Platform.Tests.Util.ConfigurationCacheTests" name="GetChildItems_ShouldReturnItems_WhenAllAreAdded" />
    </UnitTest>
    <UnitTest name="GenerateDeviceCapabilityParameters_ShouldWriteValueCount_WhenAlways" storage="d:\actions-runner\_work\xpco\xpco\allsolutions\..\mip\platformplugin\videoos.platform\unittest\bin\debug\net6.0-windows\videoos.platform.tests.dll" id="6633116a-6784-0109-c694-61b2317583e7">
      <Execution id="cad8dcdc-86ab-42af-946e-86819dd8b39f" />
      <TestMethod codeBase="D:\actions-runner\_work\XPCO\XPCO\AllSolutions\..\MIP\PlatformPlugin\VideoOS.Platform\unittest\bin\Debug\net6.0-windows\VideoOS.Platform.Tests.dll" adapterTypeName="executor://mstestadapter/v2" className="VideoOS.Platform.Tests.Data.EnumCapabilityTests" name="GenerateDeviceCapabilityParameters_ShouldWriteValueCount_WhenAlways" />
    </UnitTest>
    <UnitTest name="Parse_Int_Simple" storage="d:\actions-runner\_work\xpco\xpco\allsolutions\..\mip\platformplugin\videoos.platform\unittest\bin\debug\net6.0-windows\videoos.platform.tests.dll" id="07fa49d4-c8b1-adf8-33e0-cc2b0fe4e432">
      <Execution id="75ff73a4-b7c9-42e0-a214-0c6f9aeeb276" />
      <TestMethod codeBase="D:\actions-runner\_work\XPCO\XPCO\AllSolutions\..\MIP\PlatformPlugin\VideoOS.Platform\unittest\bin\Debug\net6.0-windows\VideoOS.Platform.Tests.dll" adapterTypeName="executor://mstestadapter/v2" className="VideoOS.Platform.Tests.Proxy.RestApi.JsonReaderTests" name="Parse_Int_Simple" />
    </UnitTest>
    <UnitTest name="ToArgb_ShouldReturnIntegerWithArgbValues_Always" storage="d:\actions-runner\_work\xpco\xpco\allsolutions\..\mip\platformplugin\videoos.platform\unittest\bin\debug\net6.0-windows\videoos.platform.tests.dll" id="6d92f3d7-a73a-0631-d650-f99bb5acd16d">
      <Execution id="4afa1e04-8d96-4300-a552-7c249dc23c26" />
      <TestMethod codeBase="D:\actions-runner\_work\XPCO\XPCO\AllSolutions\..\MIP\PlatformPlugin\VideoOS.Platform\unittest\bin\Debug\net6.0-windows\VideoOS.Platform.Tests.dll" adapterTypeName="executor://mstestadapter/v2" className="VideoOS.Platform.Tests.Metadata.DisplayColorTests" name="ToArgb_ShouldReturnIntegerWithArgbValues_Always" />
    </UnitTest>
    <UnitTest name="GetPreviousSequence_ShouldStoreToolkitResultInCache_WhenAlways" storage="d:\actions-runner\_work\xpco\xpco\allsolutions\..\mip\platformplugin\videoos.platform\unittest\bin\debug\net6.0-windows\videoos.platform.tests.dll" id="af830802-23e2-0c4d-f3f5-18aa300eb661">
      <Execution id="00922a20-c4a8-45bb-864b-8e3fc2a6548a" />
      <TestMethod codeBase="D:\actions-runner\_work\XPCO\XPCO\AllSolutions\..\MIP\PlatformPlugin\VideoOS.Platform\unittest\bin\Debug\net6.0-windows\VideoOS.Platform.Tests.dll" adapterTypeName="executor://mstestadapter/v2" className="VideoOS.Platform.Tests.Data.MetadataPlaybackSourceTests" name="GetPreviousSequence_ShouldStoreToolkitResultInCache_WhenAlways" />
    </UnitTest>
    <UnitTest name="WriteXml_ShouldWriteAppearanceContents_WhenAppearanceIsNotNull" storage="d:\actions-runner\_work\xpco\xpco\allsolutions\..\mip\platformplugin\videoos.platform\unittest\bin\debug\net6.0-windows\videoos.platform.tests.dll" id="844dbd09-3e1b-ba6e-1295-725984dabbdb">
      <Execution id="8e4072ca-7b23-4240-86ad-fd13df7d8705" />
      <TestMethod codeBase="D:\actions-runner\_work\XPCO\XPCO\AllSolutions\..\MIP\PlatformPlugin\VideoOS.Platform\unittest\bin\Debug\net6.0-windows\VideoOS.Platform.Tests.dll" adapterTypeName="executor://mstestadapter/v2" className="VideoOS.Platform.Tests.Metadata.OnvifObjectTests" name="WriteXml_ShouldWriteAppearanceContents_WhenAppearanceIsNotNull" />
    </UnitTest>
    <UnitTest name="AddFilterValue_ExistingValue_NullValue_Throws" storage="d:\actions-runner\_work\xpco\xpco\allsolutions\..\mip\platformplugin\videoos.platform\unittest\bin\debug\net6.0-windows\videoos.platform.tests.dll" id="12501656-668f-6d63-7f1a-8f8eefa16abe">
      <TestCategory>
        <TestCategoryItem TestCategory="Search" />
      </TestCategory>
      <Execution id="73f5f4ef-5c77-4e09-b3a0-1d17c6e0cf7d" />
      <TestMethod codeBase="D:\actions-runner\_work\XPCO\XPCO\AllSolutions\..\MIP\PlatformPlugin\VideoOS.Platform\unittest\bin\Debug\net6.0-windows\VideoOS.Platform.Tests.dll" adapterTypeName="executor://mstestadapter/v2" className="VideoOS.Platform.Tests.Search.SearchCriteriaTest" name="AddFilterValue_ExistingValue_NullValue_Throws" />
    </UnitTest>
    <UnitTest name="ProvideValue_ShouldNotSetTargetProperty_WhenMultipleItemsSelected" storage="d:\actions-runner\_work\xpco\xpco\allsolutions\..\mip\platformplugin\videoos.platform\unittest\bin\debug\net6.0-windows\videoos.platform.tests.dll" id="36329e9d-989b-9474-5a40-51eec07faa7c">
      <TestCategory>
        <TestCategoryItem TestCategory="DropDowns" />
      </TestCategory>
      <Execution id="f33bfbdc-4fbb-4da1-b7e4-0aa273c71f61" />
      <TestMethod codeBase="D:\actions-runner\_work\XPCO\XPCO\AllSolutions\..\MIP\PlatformPlugin\VideoOS.Platform\unittest\bin\Debug\net6.0-windows\VideoOS.Platform.Tests.dll" adapterTypeName="executor://mstestadapter/v2" className="VideoOS.Platform.Tests.UI.Controls.DropDowns.Internal.SelectedItemIconSourceExtensionTest" name="ProvideValue_ShouldNotSetTargetProperty_WhenMultipleItemsSelected" />
    </UnitTest>
    <UnitTest name="GenerateEnumValueParameters_ShouldWriteName_WhenAlways" storage="d:\actions-runner\_work\xpco\xpco\allsolutions\..\mip\platformplugin\videoos.platform\unittest\bin\debug\net6.0-windows\videoos.platform.tests.dll" id="11006eff-dccd-aa32-9666-4dd55bbdd6ef">
      <Execution id="c6b1dbd0-184a-47f8-999f-b65a4cb0b5af" />
      <TestMethod codeBase="D:\actions-runner\_work\XPCO\XPCO\AllSolutions\..\MIP\PlatformPlugin\VideoOS.Platform\unittest\bin\Debug\net6.0-windows\VideoOS.Platform.Tests.dll" adapterTypeName="executor://mstestadapter/v2" className="VideoOS.Platform.Tests.Data.EnumCapabilityValueTests" name="GenerateEnumValueParameters_ShouldWriteName_WhenAlways" />
    </UnitTest>
    <UnitTest name="ReadXml_ShouldReadBehaviour_WhenBehaviourIsPresent" storage="d:\actions-runner\_work\xpco\xpco\allsolutions\..\mip\platformplugin\videoos.platform\unittest\bin\debug\net6.0-windows\videoos.platform.tests.dll" id="5be5e628-43fb-71a1-e880-34735fe5e2ed">
      <Execution id="c270e73b-55bd-46fe-8b55-11e2727445b9" />
      <TestMethod codeBase="D:\actions-runner\_work\XPCO\XPCO\AllSolutions\..\MIP\PlatformPlugin\VideoOS.Platform\unittest\bin\Debug\net6.0-windows\VideoOS.Platform.Tests.dll" adapterTypeName="executor://mstestadapter/v2" className="VideoOS.Platform.Tests.Metadata.OnvifObjectTests" name="ReadXml_ShouldReadBehaviour_WhenBehaviourIsPresent" />
    </UnitTest>
    <UnitTest name="Serialize_TestCases (TestParentTypeMatchStringThisTypeMatched)" storage="d:\actions-runner\_work\xpco\xpco\allsolutions\..\mip\platformplugin\videoos.platform\unittest\bin\debug\net6.0-windows\videoos.platform.tests.dll" id="e350673f-85c2-2b80-5566-6b75cc1a2d4b">
      <Execution id="4adb5fb3-d0e1-4250-b255-35f2e33ea115" />
      <TestMethod codeBase="D:\actions-runner\_work\XPCO\XPCO\AllSolutions\..\MIP\PlatformPlugin\VideoOS.Platform\unittest\bin\Debug\net6.0-windows\VideoOS.Platform.Tests.dll" adapterTypeName="executor://mstestadapter/v2" className="VideoOS.Platform.Tests.UI.Controls.Automation.Serialization.AutomationObjectSerializerTest" name="Serialize_TestCases" />
    </UnitTest>
    <UnitTest name="CollectionReplaced_ShouldInvokeCallback_WhenObservable" storage="d:\actions-runner\_work\xpco\xpco\allsolutions\..\mip\platformplugin\videoos.platform\unittest\bin\debug\net6.0-windows\videoos.platform.tests.dll" id="139930e6-1293-1333-f3aa-a935221ee7d5">
      <Execution id="d00468ff-ed4a-4d49-b060-2ffa5a94137a" />
      <TestMethod codeBase="D:\actions-runner\_work\XPCO\XPCO\AllSolutions\..\MIP\PlatformPlugin\VideoOS.Platform\unittest\bin\Debug\net6.0-windows\VideoOS.Platform.Tests.dll" adapterTypeName="executor://mstestadapter/v2" className="VideoOS.Platform.Tests.UI.Controls.CollectionHelperGenericTest" name="CollectionReplaced_ShouldInvokeCallback_WhenObservable" />
    </UnitTest>
    <UnitTest name="Serialize_TestCases (TestParentTypeMatchObjectNotThisTypeMatched)" storage="d:\actions-runner\_work\xpco\xpco\allsolutions\..\mip\platformplugin\videoos.platform\unittest\bin\debug\net6.0-windows\videoos.platform.tests.dll" id="e4e5e009-82b4-9816-23f6-1a07109fff0d">
      <Execution id="19ee6a62-e6ea-451a-992a-7fd6c43ef899" />
      <TestMethod codeBase="D:\actions-runner\_work\XPCO\XPCO\AllSolutions\..\MIP\PlatformPlugin\VideoOS.Platform\unittest\bin\Debug\net6.0-windows\VideoOS.Platform.Tests.dll" adapterTypeName="executor://mstestadapter/v2" className="VideoOS.Platform.Tests.UI.Controls.Automation.Serialization.AutomationObjectSerializerTest" name="Serialize_TestCases" />
    </UnitTest>
    <UnitTest name="AddFilterValue_NonExistingValue_SecondValue_Success" storage="d:\actions-runner\_work\xpco\xpco\allsolutions\..\mip\platformplugin\videoos.platform\unittest\bin\debug\net6.0-windows\videoos.platform.tests.dll" id="804c2963-7737-e632-84f9-347e567fabca">
      <TestCategory>
        <TestCategoryItem TestCategory="Search" />
      </TestCategory>
      <Execution id="21d6cbab-bf6b-4ccb-b553-75d74036745d" />
      <TestMethod codeBase="D:\actions-runner\_work\XPCO\XPCO\AllSolutions\..\MIP\PlatformPlugin\VideoOS.Platform\unittest\bin\Debug\net6.0-windows\VideoOS.Platform.Tests.dll" adapterTypeName="executor://mstestadapter/v2" className="VideoOS.Platform.Tests.Search.SearchCriteriaTest" name="AddFilterValue_NonExistingValue_SecondValue_Success" />
    </UnitTest>
    <UnitTest name="TestStartSearch_MultipleSearchesOnSameDefinition_WhereLastSearchThrowsException_Success" storage="d:\actions-runner\_work\xpco\xpco\allsolutions\..\mip\platformplugin\videoos.platform\unittest\bin\debug\net6.0-windows\videoos.platform.tests.dll" id="4f7d823c-5866-aa3b-4a40-ca5bc159ad3e">
      <TestCategory>
        <TestCategoryItem TestCategory="Search" />
      </TestCategory>
      <Execution id="2b2a929b-b872-4349-83ec-3b61439f59a9" />
      <TestMethod codeBase="D:\actions-runner\_work\XPCO\XPCO\AllSolutions\..\MIP\PlatformPlugin\VideoOS.Platform\unittest\bin\Debug\net6.0-windows\VideoOS.Platform.Tests.dll" adapterTypeName="executor://mstestadapter/v2" className="VideoOS.Platform.Tests.Search.SearchManagerTest" name="TestStartSearch_MultipleSearchesOnSameDefinition_WhereLastSearchThrowsException_Success" />
    </UnitTest>
    <UnitTest name="GetColorFilterValues_SingleSelection_Success" storage="d:\actions-runner\_work\xpco\xpco\allsolutions\..\mip\platformplugin\videoos.platform\unittest\bin\debug\net6.0-windows\videoos.platform.tests.dll" id="15a5142a-4ca9-8496-a1cc-4a1caca4c970">
      <TestCategory>
        <TestCategoryItem TestCategory="Search" />
      </TestCategory>
      <Execution id="e8ec1ce2-48e3-465e-b2ad-f8450780f678" />
      <TestMethod codeBase="D:\actions-runner\_work\XPCO\XPCO\AllSolutions\..\MIP\PlatformPlugin\VideoOS.Platform\unittest\bin\Debug\net6.0-windows\VideoOS.Platform.Tests.dll" adapterTypeName="executor://mstestadapter/v2" className="VideoOS.Platform.Tests.Search.FilterCategories.VehicleSearchFilterCategoryTest" name="GetColorFilterValues_SingleSelection_Success" />
    </UnitTest>
    <UnitTest name="TestConstructor_ExceptionParameters_Success" storage="d:\actions-runner\_work\xpco\xpco\allsolutions\..\mip\platformplugin\videoos.platform\unittest\bin\debug\net6.0-windows\videoos.platform.tests.dll" id="31051539-7cfa-1db5-4cea-df2287622770">
      <Execution id="db18a2b9-7ed1-4d36-8de1-d8f54ea7f863" />
      <TestMethod codeBase="D:\actions-runner\_work\XPCO\XPCO\AllSolutions\..\MIP\PlatformPlugin\VideoOS.Platform\unittest\bin\Debug\net6.0-windows\VideoOS.Platform.Tests.dll" adapterTypeName="executor://mstestadapter/v2" className="VideoOS.Platform.Tests.Search.Error.CustomSearchErrorTest" name="TestConstructor_ExceptionParameters_Success" />
    </UnitTest>
    <UnitTest name="ResolveIconSource_EnumValueShouldBeUnique_ForAllDefinedIcons" storage="d:\actions-runner\_work\xpco\xpco\allsolutions\..\mip\platformplugin\videoos.platform\unittest\bin\debug\net6.0-windows\videoos.platform.tests.dll" id="1567771f-c566-3ead-d24b-280817524d69">
      <TestCategory>
        <TestCategoryItem TestCategory="Icons" />
      </TestCategory>
      <Execution id="ad90ec8b-c631-4f14-ac3e-acff55b27a1e" />
      <TestMethod codeBase="D:\actions-runner\_work\XPCO\XPCO\AllSolutions\..\MIP\PlatformPlugin\VideoOS.Platform\unittest\bin\Debug\net6.0-windows\VideoOS.Platform.Tests.dll" adapterTypeName="executor://mstestadapter/v2" className="VideoOS.Platform.Tests.UI.Controls.Icons.VideoOSIconBuiltInSourceTest" name="ResolveIconSource_EnumValueShouldBeUnique_ForAllDefinedIcons" />
    </UnitTest>
    <UnitTest name="CountByItems_NotActivated_Trial_Missing" storage="d:\actions-runner\_work\xpco\xpco\allsolutions\..\mip\platformplugin\videoos.platform\unittest\bin\debug\net6.0-windows\videoos.platform.tests.dll" id="26e0371b-a9ac-efb2-5c04-9498517c8a6b">
      <Execution id="6d46e93b-5c0d-43c5-8c96-a8eec924593f" />
      <TestMethod codeBase="D:\actions-runner\_work\XPCO\XPCO\AllSolutions\..\MIP\PlatformPlugin\VideoOS.Platform\unittest\bin\Debug\net6.0-windows\VideoOS.Platform.Tests.dll" adapterTypeName="executor://mstestadapter/v2" className="VideoOS.Platform.Tests.License.ResolvedLicenseCountTest" name="CountByItems_NotActivated_Trial_Missing" />
    </UnitTest>
    <UnitTest name="Minimize_ShouldReturnEmptyList_WhenListIsEmpty" storage="d:\actions-runner\_work\xpco\xpco\allsolutions\..\mip\platformplugin\videoos.platform\unittest\bin\debug\net6.0-windows\videoos.platform.tests.dll" id="c4ce90f1-597d-a003-4d5c-b418943cb443">
      <Execution id="47967b1e-f7e3-4c31-836f-e1f4f7009159" />
      <TestMethod codeBase="D:\actions-runner\_work\XPCO\XPCO\AllSolutions\..\MIP\PlatformPlugin\VideoOS.Platform\unittest\bin\Debug\net6.0-windows\VideoOS.Platform.Tests.dll" adapterTypeName="executor://mstestadapter/v2" className="VideoOS.Platform.Tests.Util.TimeIntervalTests" name="Minimize_ShouldReturnEmptyList_WhenListIsEmpty" />
    </UnitTest>
    <UnitTest name="Serialize_TestCases (Verify root Collection (not empty) property get property value)" storage="d:\actions-runner\_work\xpco\xpco\allsolutions\..\mip\platformplugin\videoos.platform\unittest\bin\debug\net6.0-windows\videoos.platform.tests.dll" id="465a4fec-092f-f97b-aa21-b583e1fb2d95">
      <Execution id="83c75ac9-90df-4ec6-8307-e5bd2467453a" />
      <TestMethod codeBase="D:\actions-runner\_work\XPCO\XPCO\AllSolutions\..\MIP\PlatformPlugin\VideoOS.Platform\unittest\bin\Debug\net6.0-windows\VideoOS.Platform.Tests.dll" adapterTypeName="executor://mstestadapter/v2" className="VideoOS.Platform.Tests.UI.Controls.Automation.Serialization.AutomationObjectSerializerTest" name="Serialize_TestCases" />
    </UnitTest>
    <UnitTest name="Add_SameKeyTwice_PreviousValueOverwritten" storage="d:\actions-runner\_work\xpco\xpco\allsolutions\..\mip\platformplugin\videoos.platform\unittest\bin\debug\net6.0-windows\videoos.platform.tests.dll" id="88133fd3-9167-6134-2a3f-9488dba78659">
      <Execution id="935d3682-01a4-4d90-934c-d5c07004c2c6" />
      <TestMethod codeBase="D:\actions-runner\_work\XPCO\XPCO\AllSolutions\..\MIP\PlatformPlugin\VideoOS.Platform\unittest\bin\Debug\net6.0-windows\VideoOS.Platform.Tests.dll" adapterTypeName="executor://mstestadapter/v2" className="VideoOS.Platform.Tests.Util.Queue.LRUCacheTests" name="Add_SameKeyTwice_PreviousValueOverwritten" />
    </UnitTest>
    <UnitTest name="TryParseArgbString_ShouldCreateInstanceWithCorrectARGBValues_WhenFormatIsCorrectButWithWhiteSpaceBeforeOrAfter" storage="d:\actions-runner\_work\xpco\xpco\allsolutions\..\mip\platformplugin\videoos.platform\unittest\bin\debug\net6.0-windows\videoos.platform.tests.dll" id="3c9f7f25-03ba-a9ac-886d-ab6e7acb2b5d">
      <Execution id="f42e256a-0552-48d3-870b-f370ab97a3b0" />
      <TestMethod codeBase="D:\actions-runner\_work\XPCO\XPCO\AllSolutions\..\MIP\PlatformPlugin\VideoOS.Platform\unittest\bin\Debug\net6.0-windows\VideoOS.Platform.Tests.dll" adapterTypeName="executor://mstestadapter/v2" className="VideoOS.Platform.Tests.Metadata.DisplayColorTests" name="TryParseArgbString_ShouldCreateInstanceWithCorrectARGBValues_WhenFormatIsCorrectButWithWhiteSpaceBeforeOrAfter" />
    </UnitTest>
    <UnitTest name="GenerateEnumValueParameters_ShouldWriteId_WhenAlways" storage="d:\actions-runner\_work\xpco\xpco\allsolutions\..\mip\platformplugin\videoos.platform\unittest\bin\debug\net6.0-windows\videoos.platform.tests.dll" id="1bb65b8b-a8a2-1654-89b4-e0a9b34ce5a7">
      <Execution id="74035bc8-2023-4520-926e-7d918e50b30e" />
      <TestMethod codeBase="D:\actions-runner\_work\XPCO\XPCO\AllSolutions\..\MIP\PlatformPlugin\VideoOS.Platform\unittest\bin\Debug\net6.0-windows\VideoOS.Platform.Tests.dll" adapterTypeName="executor://mstestadapter/v2" className="VideoOS.Platform.Tests.Data.EnumCapabilityValueTests" name="GenerateEnumValueParameters_ShouldWriteId_WhenAlways" />
    </UnitTest>
    <UnitTest name="Set_String_Invalid" storage="d:\actions-runner\_work\xpco\xpco\allsolutions\..\mip\platformplugin\videoos.platform\unittest\bin\debug\net6.0-windows\videoos.platform.tests.dll" id="2c659c9c-4cb8-0017-5374-282461cba931">
      <Execution id="bd3b82ff-9e37-4083-b45c-487bc2f77e9d" />
      <TestMethod codeBase="D:\actions-runner\_work\XPCO\XPCO\AllSolutions\..\MIP\PlatformPlugin\VideoOS.Platform\unittest\bin\Debug\net6.0-windows\VideoOS.Platform.Tests.dll" adapterTypeName="executor://mstestadapter/v2" className="VideoOS.Platform.Tests.Proxy.RestApi.JsonReaderTests" name="Set_String_Invalid" />
    </UnitTest>
    <UnitTest name="EqualGuids_Ignore_Fail_OnKind" storage="d:\actions-runner\_work\xpco\xpco\allsolutions\..\mip\platformplugin\videoos.platform\unittest\bin\debug\net6.0-windows\videoos.platform.tests.dll" id="b147c839-1adf-f8ae-0b25-dc9dcffe119b">
      <Execution id="6b0e7d39-93e3-4097-a7ce-d9afd03b1254" />
      <TestMethod codeBase="D:\actions-runner\_work\XPCO\XPCO\AllSolutions\..\MIP\PlatformPlugin\VideoOS.Platform\unittest\bin\Debug\net6.0-windows\VideoOS.Platform.Tests.dll" adapterTypeName="executor://mstestadapter/v2" className="VideoOS.Platform.Tests.FQIDtests" name="EqualGuids_Ignore_Fail_OnKind" />
    </UnitTest>
    <UnitTest name="RemoveFilterValue_NullFilter_Throws" storage="d:\actions-runner\_work\xpco\xpco\allsolutions\..\mip\platformplugin\videoos.platform\unittest\bin\debug\net6.0-windows\videoos.platform.tests.dll" id="060819f6-d016-be0e-b7e9-55d7faa9ba45">
      <TestCategory>
        <TestCategoryItem TestCategory="Search" />
      </TestCategory>
      <Execution id="5b2cb43a-7f78-49ab-9c76-07c890e28204" />
      <TestMethod codeBase="D:\actions-runner\_work\XPCO\XPCO\AllSolutions\..\MIP\PlatformPlugin\VideoOS.Platform\unittest\bin\Debug\net6.0-windows\VideoOS.Platform.Tests.dll" adapterTypeName="executor://mstestadapter/v2" className="VideoOS.Platform.Tests.Search.SearchCriteriaTest" name="RemoveFilterValue_NullFilter_Throws" />
    </UnitTest>
    <UnitTest name="GetItem_AlarmDefinition_Success" storage="d:\actions-runner\_work\xpco\xpco\allsolutions\..\mip\platformplugin\videoos.platform\unittest\bin\debug\net6.0-windows\videoos.platform.tests.dll" id="330836c9-cc9b-a4b7-a20d-ba9093f6b879">
      <Execution id="3745399c-6001-4e61-ad30-e727e62e4bc2" />
      <TestMethod codeBase="D:\actions-runner\_work\XPCO\XPCO\AllSolutions\..\MIP\PlatformPlugin\VideoOS.Platform\unittest\bin\Debug\net6.0-windows\VideoOS.Platform.Tests.dll" adapterTypeName="executor://mstestadapter/v2" className="VideoOS.Platform.Tests.Proxy.RestApi.RestApiClientDecoratorTests" name="GetItem_AlarmDefinition_Success" />
    </UnitTest>
    <UnitTest name="ToJson_StringElement_Exception" storage="d:\actions-runner\_work\xpco\xpco\allsolutions\..\mip\platformplugin\videoos.platform\unittest\bin\debug\net6.0-windows\videoos.platform.tests.dll" id="6f2af74d-bdba-e05e-77aa-b08f726c1ddf">
      <Execution id="9a4e3b0f-69a2-434e-b7a8-a5b7b5de40dc" />
      <TestMethod codeBase="D:\actions-runner\_work\XPCO\XPCO\AllSolutions\..\MIP\PlatformPlugin\VideoOS.Platform\unittest\bin\Debug\net6.0-windows\VideoOS.Platform.Tests.dll" adapterTypeName="executor://mstestadapter/v2" className="VideoOS.Platform.Tests.Proxy.RestApi.JsonReaderTests" name="ToJson_StringElement_Exception" />
    </UnitTest>
    <UnitTest name="Construction_List" storage="d:\actions-runner\_work\xpco\xpco\allsolutions\..\mip\platformplugin\videoos.platform\unittest\bin\debug\net6.0-windows\videoos.platform.tests.dll" id="52df54ef-d786-de4c-66ba-453529b99c4f">
      <Execution id="1d224323-8d50-476f-8240-8ef8c937b1ee" />
      <TestMethod codeBase="D:\actions-runner\_work\XPCO\XPCO\AllSolutions\..\MIP\PlatformPlugin\VideoOS.Platform\unittest\bin\Debug\net6.0-windows\VideoOS.Platform.Tests.dll" adapterTypeName="executor://mstestadapter/v2" className="VideoOS.Platform.Tests.Proxy.RestApi.JsonBuilderTests" name="Construction_List" />
    </UnitTest>
    <UnitTest name="Equals_ShouldHaveValueSemantics_WhenAlways" storage="d:\actions-runner\_work\xpco\xpco\allsolutions\..\mip\platformplugin\videoos.platform\unittest\bin\debug\net6.0-windows\videoos.platform.tests.dll" id="6fd6583b-6e84-0268-1f57-5ed2e7f07344">
      <Execution id="bd25fb2c-7760-4f27-a826-d04595935cf5" />
      <TestMethod codeBase="D:\actions-runner\_work\XPCO\XPCO\AllSolutions\..\MIP\PlatformPlugin\VideoOS.Platform\unittest\bin\Debug\net6.0-windows\VideoOS.Platform.Tests.dll" adapterTypeName="executor://mstestadapter/v2" className="VideoOS.Platform.Tests.Metadata.OnvifClassTests" name="Equals_ShouldHaveValueSemantics_WhenAlways" />
    </UnitTest>
    <UnitTest name="VerticalAccuracy_ShouldThrowArgumentOfRange_WhenValueIsOutsideAcceptedRange" storage="d:\actions-runner\_work\xpco\xpco\allsolutions\..\mip\platformplugin\videoos.platform\unittest\bin\debug\net6.0-windows\videoos.platform.tests.dll" id="e752e0ff-bfc6-c186-6be7-f4690c294e87">
      <Execution id="563ac64b-d25f-4b38-9a5d-7506c8e2a5af" />
      <TestMethod codeBase="D:\actions-runner\_work\XPCO\XPCO\AllSolutions\..\MIP\PlatformPlugin\VideoOS.Platform\unittest\bin\Debug\net6.0-windows\VideoOS.Platform.Tests.dll" adapterTypeName="executor://mstestadapter/v2" className="VideoOS.Platform.Tests.Metadata.NavigationalDataTests" name="VerticalAccuracy_ShouldThrowArgumentOfRange_WhenValueIsOutsideAcceptedRange" />
    </UnitTest>
    <UnitTest name="ReadXml_ShouldIgnoreUnknownChildren_WhenUnknownChildrenArePresent" storage="d:\actions-runner\_work\xpco\xpco\allsolutions\..\mip\platformplugin\videoos.platform\unittest\bin\debug\net6.0-windows\videoos.platform.tests.dll" id="a3ca636d-2e93-d6ba-5db9-ec0b0b5cb970">
      <Execution id="9852973c-138e-44b3-9fd3-0ab6d295fc13" />
      <TestMethod codeBase="D:\actions-runner\_work\XPCO\XPCO\AllSolutions\..\MIP\PlatformPlugin\VideoOS.Platform\unittest\bin\Debug\net6.0-windows\VideoOS.Platform.Tests.dll" adapterTypeName="executor://mstestadapter/v2" className="VideoOS.Platform.Tests.Metadata.AppearanceTests" name="ReadXml_ShouldIgnoreUnknownChildren_WhenUnknownChildrenArePresent" />
    </UnitTest>
    <UnitTest name="GetBoundingShapesAsync_FirstInvocationCancelled_DelegatedToInternalMethodOnce" storage="d:\actions-runner\_work\xpco\xpco\allsolutions\..\mip\platformplugin\videoos.platform\unittest\bin\debug\net6.0-windows\videoos.platform.tests.dll" id="570963dc-5e77-73b9-225e-688120d0deeb">
      <TestCategory>
        <TestCategoryItem TestCategory="Search" />
      </TestCategory>
      <Execution id="ae0004da-34f8-4b82-a9fd-3d685536a207" />
      <TestMethod codeBase="D:\actions-runner\_work\XPCO\XPCO\AllSolutions\..\MIP\PlatformPlugin\VideoOS.Platform\unittest\bin\Debug\net6.0-windows\VideoOS.Platform.Tests.dll" adapterTypeName="executor://mstestadapter/v2" className="VideoOS.Platform.Tests.Search.SearchResultDataTest" name="GetBoundingShapesAsync_FirstInvocationCancelled_DelegatedToInternalMethodOnce" />
    </UnitTest>
    <UnitTest name="SplitString_When2Levels_Splits" storage="d:\actions-runner\_work\xpco\xpco\allsolutions\..\mip\platformplugin\videoos.platform\unittest\bin\debug\net6.0-windows\videoos.platform.tests.dll" id="6fe02979-6afc-53d3-587b-e4a584169c47">
      <Execution id="b38c7e5e-73dd-454c-b319-f0d9b7b377f5" />
      <TestMethod codeBase="D:\actions-runner\_work\XPCO\XPCO\AllSolutions\..\MIP\PlatformPlugin\VideoOS.Platform\unittest\bin\Debug\net6.0-windows\VideoOS.Platform.Tests.dll" adapterTypeName="executor://mstestadapter/v2" className="VideoOS.Platform.Tests.Util.StringSplitterTests" name="SplitString_When2Levels_Splits" />
    </UnitTest>
    <UnitTest name="CountByItems_NotActivated_Trial_Missing_GraceExpired" storage="d:\actions-runner\_work\xpco\xpco\allsolutions\..\mip\platformplugin\videoos.platform\unittest\bin\debug\net6.0-windows\videoos.platform.tests.dll" id="f7f40623-1634-9a2a-bf1c-6e414931a9e6">
      <Execution id="494620c8-ebc6-40a4-8294-e5382f2fea9a" />
      <TestMethod codeBase="D:\actions-runner\_work\XPCO\XPCO\AllSolutions\..\MIP\PlatformPlugin\VideoOS.Platform\unittest\bin\Debug\net6.0-windows\VideoOS.Platform.Tests.dll" adapterTypeName="executor://mstestadapter/v2" className="VideoOS.Platform.Tests.License.ResolvedLicenseCountTest" name="CountByItems_NotActivated_Trial_Missing_GraceExpired" />
    </UnitTest>
    <UnitTest name="Append_Property_Path" storage="d:\actions-runner\_work\xpco\xpco\allsolutions\..\mip\platformplugin\videoos.platform\unittest\bin\debug\net6.0-windows\videoos.platform.tests.dll" id="ebbe7258-4b65-15e9-219f-9eb6e860514c">
      <Execution id="ca5c771f-78db-444b-ae39-311994369158" />
      <TestMethod codeBase="D:\actions-runner\_work\XPCO\XPCO\AllSolutions\..\MIP\PlatformPlugin\VideoOS.Platform\unittest\bin\Debug\net6.0-windows\VideoOS.Platform.Tests.dll" adapterTypeName="executor://mstestadapter/v2" className="VideoOS.Platform.Tests.Proxy.RestApi.JsonBuilderTests" name="Append_Property_Path" />
    </UnitTest>
    <UnitTest name="Parse_Double_Invalid_end" storage="d:\actions-runner\_work\xpco\xpco\allsolutions\..\mip\platformplugin\videoos.platform\unittest\bin\debug\net6.0-windows\videoos.platform.tests.dll" id="cad83f52-1e7f-4b34-02e2-b7d439893234">
      <Execution id="f494eb23-99a3-4ea1-be06-6ef64edf3ca6" />
      <TestMethod codeBase="D:\actions-runner\_work\XPCO\XPCO\AllSolutions\..\MIP\PlatformPlugin\VideoOS.Platform\unittest\bin\Debug\net6.0-windows\VideoOS.Platform.Tests.dll" adapterTypeName="executor://mstestadapter/v2" className="VideoOS.Platform.Tests.Proxy.RestApi.JsonReaderTests" name="Parse_Double_Invalid_end" />
    </UnitTest>
    <UnitTest name="GenerateDeviceCapabilityParameters_ShouldWriteName_WhenAlways" storage="d:\actions-runner\_work\xpco\xpco\allsolutions\..\mip\platformplugin\videoos.platform\unittest\bin\debug\net6.0-windows\videoos.platform.tests.dll" id="cc99ff3e-c755-1963-ff3d-70c3c6994b03">
      <Execution id="2cbdeed6-7c2a-4552-b496-02fbe0a09a7a" />
      <TestMethod codeBase="D:\actions-runner\_work\XPCO\XPCO\AllSolutions\..\MIP\PlatformPlugin\VideoOS.Platform\unittest\bin\Debug\net6.0-windows\VideoOS.Platform.Tests.dll" adapterTypeName="executor://mstestadapter/v2" className="VideoOS.Platform.Tests.Data.MetadataDeviceCapabilityTests" name="GenerateDeviceCapabilityParameters_ShouldWriteName_WhenAlways" />
    </UnitTest>
    <UnitTest name="ReadXml_ShouldReadGeodeticSystem_WhenGeodeticSystemIsPresent" storage="d:\actions-runner\_work\xpco\xpco\allsolutions\..\mip\platformplugin\videoos.platform\unittest\bin\debug\net6.0-windows\videoos.platform.tests.dll" id="be95620e-7d9c-a81d-b372-a97d28330950">
      <Execution id="af083588-b64f-4244-8f29-ba7a40a4b984" />
      <TestMethod codeBase="D:\actions-runner\_work\XPCO\XPCO\AllSolutions\..\MIP\PlatformPlugin\VideoOS.Platform\unittest\bin\Debug\net6.0-windows\VideoOS.Platform.Tests.dll" adapterTypeName="executor://mstestadapter/v2" className="VideoOS.Platform.Tests.Metadata.NavigationalDataTests" name="ReadXml_ShouldReadGeodeticSystem_WhenGeodeticSystemIsPresent" />
    </UnitTest>
    <UnitTest name="Minimize_ShouldReturnOneInterval_WhenListContainsThreeOverlappingIntervalsReversed" storage="d:\actions-runner\_work\xpco\xpco\allsolutions\..\mip\platformplugin\videoos.platform\unittest\bin\debug\net6.0-windows\videoos.platform.tests.dll" id="ee6b4773-1394-989c-cdb7-f8b064821acb">
      <Execution id="9305bb01-5483-4ece-ac96-81a5cbc7c462" />
      <TestMethod codeBase="D:\actions-runner\_work\XPCO\XPCO\AllSolutions\..\MIP\PlatformPlugin\VideoOS.Platform\unittest\bin\Debug\net6.0-windows\VideoOS.Platform.Tests.dll" adapterTypeName="executor://mstestadapter/v2" className="VideoOS.Platform.Tests.Util.TimeIntervalTests" name="Minimize_ShouldReturnOneInterval_WhenListContainsThreeOverlappingIntervalsReversed" />
    </UnitTest>
    <UnitTest name="GetAtOrBefore_ShouldReturnEntryBeforeFromCache_WhenDataIsInCache" storage="d:\actions-runner\_work\xpco\xpco\allsolutions\..\mip\platformplugin\videoos.platform\unittest\bin\debug\net6.0-windows\videoos.platform.tests.dll" id="58117c79-f111-10a9-cd35-e84774ffbcda">
      <Execution id="4c1e666c-2a85-4284-a2f1-e1b94824887b" />
      <TestMethod codeBase="D:\actions-runner\_work\XPCO\XPCO\AllSolutions\..\MIP\PlatformPlugin\VideoOS.Platform\unittest\bin\Debug\net6.0-windows\VideoOS.Platform.Tests.dll" adapterTypeName="executor://mstestadapter/v2" className="VideoOS.Platform.Tests.Data.MetadataPlaybackSourceTests" name="GetAtOrBefore_ShouldReturnEntryBeforeFromCache_WhenDataIsInCache" />
    </UnitTest>
    <UnitTest name="GenerateDeviceCapabilityParameters_ShouldWriteMinimum_WhenAlways" storage="d:\actions-runner\_work\xpco\xpco\allsolutions\..\mip\platformplugin\videoos.platform\unittest\bin\debug\net6.0-windows\videoos.platform.tests.dll" id="1b66a21c-10a6-0908-6fbd-7ece73d7fb3e">
      <Execution id="278695aa-ee02-444c-8c03-abd3479a86da" />
      <TestMethod codeBase="D:\actions-runner\_work\XPCO\XPCO\AllSolutions\..\MIP\PlatformPlugin\VideoOS.Platform\unittest\bin\Debug\net6.0-windows\VideoOS.Platform.Tests.dll" adapterTypeName="executor://mstestadapter/v2" className="VideoOS.Platform.Tests.Data.DataCapabilityTests" name="GenerateDeviceCapabilityParameters_ShouldWriteMinimum_WhenAlways" />
    </UnitTest>
    <UnitTest name="GetNextSequence_ShouldReturnFirstEntryFromToolkitResult_WhenDataWasReturned" storage="d:\actions-runner\_work\xpco\xpco\allsolutions\..\mip\platformplugin\videoos.platform\unittest\bin\debug\net6.0-windows\videoos.platform.tests.dll" id="daf5f08d-c32f-df8c-b33e-1ba8ee1cff44">
      <Execution id="d4b2e6d5-fa8f-4698-8dfb-a4f8bd867c87" />
      <TestMethod codeBase="D:\actions-runner\_work\XPCO\XPCO\AllSolutions\..\MIP\PlatformPlugin\VideoOS.Platform\unittest\bin\Debug\net6.0-windows\VideoOS.Platform.Tests.dll" adapterTypeName="executor://mstestadapter/v2" className="VideoOS.Platform.Tests.Data.MetadataPlaybackSourceTests" name="GetNextSequence_ShouldReturnFirstEntryFromToolkitResult_WhenDataWasReturned" />
    </UnitTest>
    <UnitTest name="SplitString_WhenEmptyOrSpaces2Levels_EmptyArray" storage="d:\actions-runner\_work\xpco\xpco\allsolutions\..\mip\platformplugin\videoos.platform\unittest\bin\debug\net6.0-windows\videoos.platform.tests.dll" id="38b98b35-19bc-eb4b-75ab-937f6e63a097">
      <Execution id="06c2cf4c-138d-4a36-a8fd-026ff6a7632d" />
      <TestMethod codeBase="D:\actions-runner\_work\XPCO\XPCO\AllSolutions\..\MIP\PlatformPlugin\VideoOS.Platform\unittest\bin\Debug\net6.0-windows\VideoOS.Platform.Tests.dll" adapterTypeName="executor://mstestadapter/v2" className="VideoOS.Platform.Tests.Util.StringSplitterTests" name="SplitString_WhenEmptyOrSpaces2Levels_EmptyArray" />
    </UnitTest>
    <UnitTest name="ProvideValue_ShouldChangeContent_WhenItemDataPropertyNameChangesFromNullToValue" storage="d:\actions-runner\_work\xpco\xpco\allsolutions\..\mip\platformplugin\videoos.platform\unittest\bin\debug\net6.0-windows\videoos.platform.tests.dll" id="b48b0061-7548-695a-aa72-eca672007f65">
      <TestCategory>
        <TestCategoryItem TestCategory="TabControls" />
      </TestCategory>
      <Execution id="c70f3319-3f6f-40e1-af38-de831fa3c18c" />
      <TestMethod codeBase="D:\actions-runner\_work\XPCO\XPCO\AllSolutions\..\MIP\PlatformPlugin\VideoOS.Platform\unittest\bin\Debug\net6.0-windows\VideoOS.Platform.Tests.dll" adapterTypeName="executor://mstestadapter/v2" className="VideoOS.Platform.Tests.UI.Controls.TabControls.Internal.Primary.ItemContentExtensionTest" name="ProvideValue_ShouldChangeContent_WhenItemDataPropertyNameChangesFromNullToValue" />
    </UnitTest>
    <UnitTest name="Populate_SearchTextSet_ItemsFound_False" storage="d:\actions-runner\_work\xpco\xpco\allsolutions\..\mip\platformplugin\videoos.platform\unittest\bin\debug\net6.0-windows\videoos.platform.tests.dll" id="0a158be2-3d0e-91be-dc79-b834318d6106">
      <Execution id="bc86c16b-f83a-46ab-91b3-d127cf6c9b24" />
      <TestMethod codeBase="D:\actions-runner\_work\XPCO\XPCO\AllSolutions\..\MIP\PlatformPlugin\VideoOS.Platform\unittest\bin\Debug\net6.0-windows\VideoOS.Platform.Tests.dll" adapterTypeName="executor://mstestadapter/v2" className="VideoOS.Platform.Tests.UI.ItemPicker.PopulateThreadTest" name="Populate_SearchTextSet_ItemsFound_False" />
    </UnitTest>
    <UnitTest name="Construction_Array" storage="d:\actions-runner\_work\xpco\xpco\allsolutions\..\mip\platformplugin\videoos.platform\unittest\bin\debug\net6.0-windows\videoos.platform.tests.dll" id="4d993a4f-76c0-7cf9-2048-40644000ecc0">
      <Execution id="934bd076-354e-4dde-8720-992b1bdc7d58" />
      <TestMethod codeBase="D:\actions-runner\_work\XPCO\XPCO\AllSolutions\..\MIP\PlatformPlugin\VideoOS.Platform\unittest\bin\Debug\net6.0-windows\VideoOS.Platform.Tests.dll" adapterTypeName="executor://mstestadapter/v2" className="VideoOS.Platform.Tests.Proxy.RestApi.JsonBuilderTests" name="Construction_Array" />
    </UnitTest>
    <UnitTest name="Serialize_TestCases (Verify root Interface (null) property)" storage="d:\actions-runner\_work\xpco\xpco\allsolutions\..\mip\platformplugin\videoos.platform\unittest\bin\debug\net6.0-windows\videoos.platform.tests.dll" id="b50b60f1-2826-2d78-41c6-658eac6ae9ac">
      <Execution id="5d1b4398-ebfd-4250-a175-36acb9870cf1" />
      <TestMethod codeBase="D:\actions-runner\_work\XPCO\XPCO\AllSolutions\..\MIP\PlatformPlugin\VideoOS.Platform\unittest\bin\Debug\net6.0-windows\VideoOS.Platform.Tests.dll" adapterTypeName="executor://mstestadapter/v2" className="VideoOS.Platform.Tests.UI.Controls.Automation.Serialization.AutomationObjectSerializerTest" name="Serialize_TestCases" />
    </UnitTest>
    <UnitTest name="Convert_MultiArgumentConverter_ShouldNotAllowNullValue_WhenArgumentIsValueType" storage="d:\actions-runner\_work\xpco\xpco\allsolutions\..\mip\platformplugin\videoos.platform\unittest\bin\debug\net6.0-windows\videoos.platform.tests.dll" id="20ff39df-6b6f-8d20-2277-72d3fc9ee983">
      <Execution id="f5868541-5cbd-42e7-bd29-d5c53afe3fcd" />
      <TestMethod codeBase="D:\actions-runner\_work\XPCO\XPCO\AllSolutions\..\MIP\PlatformPlugin\VideoOS.Platform\unittest\bin\Debug\net6.0-windows\VideoOS.Platform.Tests.dll" adapterTypeName="executor://mstestadapter/v2" className="VideoOS.Platform.Tests.UI.Converters.LambdaConverterTest" name="Convert_MultiArgumentConverter_ShouldNotAllowNullValue_WhenArgumentIsValueType" />
    </UnitTest>
    <UnitTest name="CreateSearchResultUserControl_SinglePluginMultipleUserControlsPlugins_Success" storage="d:\actions-runner\_work\xpco\xpco\allsolutions\..\mip\platformplugin\videoos.platform\unittest\bin\debug\net6.0-windows\videoos.platform.tests.dll" id="293f208d-a107-c0fc-0068-8de4f4577501">
      <TestCategory>
        <TestCategoryItem TestCategory="Search" />
      </TestCategory>
      <Execution id="a3477822-b4d6-4eac-ae4e-c4eae29abcc0" />
      <TestMethod codeBase="D:\actions-runner\_work\XPCO\XPCO\AllSolutions\..\MIP\PlatformPlugin\VideoOS.Platform\unittest\bin\Debug\net6.0-windows\VideoOS.Platform.Tests.dll" adapterTypeName="executor://mstestadapter/v2" className="VideoOS.Platform.Tests.Search.SearchUserControlResolverTest" name="CreateSearchResultUserControl_SinglePluginMultipleUserControlsPlugins_Success" />
    </UnitTest>
    <UnitTest name="GenerateParameters_ShouldCallGenerateDeviceParametersForCamera_WhenThereAreCameraDevices" storage="d:\actions-runner\_work\xpco\xpco\allsolutions\..\mip\platformplugin\videoos.platform\unittest\bin\debug\net6.0-windows\videoos.platform.tests.dll" id="01be5dc2-8974-a781-e346-9997ff0168c6">
      <Execution id="c1d17902-f302-4383-b82a-a5c066e18f3a" />
      <TestMethod codeBase="D:\actions-runner\_work\XPCO\XPCO\AllSolutions\..\MIP\PlatformPlugin\VideoOS.Platform\unittest\bin\Debug\net6.0-windows\VideoOS.Platform.Tests.dll" adapterTypeName="executor://mstestadapter/v2" className="VideoOS.Platform.Tests.Data.HardwareDefinitionTests" name="GenerateParameters_ShouldCallGenerateDeviceParametersForCamera_WhenThereAreCameraDevices" />
    </UnitTest>
    <UnitTest name="SearchResultData_Title_Success" storage="d:\actions-runner\_work\xpco\xpco\allsolutions\..\mip\platformplugin\videoos.platform\unittest\bin\debug\net6.0-windows\videoos.platform.tests.dll" id="60143918-8d3e-3cea-ec1f-f42a487ede4c">
      <TestCategory>
        <TestCategoryItem TestCategory="Search" />
      </TestCategory>
      <Execution id="52c482d2-603e-4885-9900-0381156b7045" />
      <TestMethod codeBase="D:\actions-runner\_work\XPCO\XPCO\AllSolutions\..\MIP\PlatformPlugin\VideoOS.Platform\unittest\bin\Debug\net6.0-windows\VideoOS.Platform.Tests.dll" adapterTypeName="executor://mstestadapter/v2" className="VideoOS.Platform.Tests.Search.SearchResultDataTest" name="SearchResultData_Title_Success" />
    </UnitTest>
    <UnitTest name="Serialize_TestCases (Verify root Collection (empty) property)" storage="d:\actions-runner\_work\xpco\xpco\allsolutions\..\mip\platformplugin\videoos.platform\unittest\bin\debug\net6.0-windows\videoos.platform.tests.dll" id="767615e3-cdb1-aa5f-9362-efecd9d93490">
      <Execution id="a920af96-e4f8-4015-8101-d9fe03ac50fe" />
      <TestMethod codeBase="D:\actions-runner\_work\XPCO\XPCO\AllSolutions\..\MIP\PlatformPlugin\VideoOS.Platform\unittest\bin\Debug\net6.0-windows\VideoOS.Platform.Tests.dll" adapterTypeName="executor://mstestadapter/v2" className="VideoOS.Platform.Tests.UI.Controls.Automation.Serialization.AutomationObjectSerializerTest" name="Serialize_TestCases" />
    </UnitTest>
    <UnitTest name="CreateSearchFilterEditControl_NullConfiguration_ReturnsNull" storage="d:\actions-runner\_work\xpco\xpco\allsolutions\..\mip\platformplugin\videoos.platform\unittest\bin\debug\net6.0-windows\videoos.platform.tests.dll" id="b3801728-52f7-7053-510c-0b3ffd814256">
      <TestCategory>
        <TestCategoryItem TestCategory="Search" />
      </TestCategory>
      <Execution id="81f39793-83ec-45f4-b3a8-ad0445b50c5b" />
      <TestMethod codeBase="D:\actions-runner\_work\XPCO\XPCO\AllSolutions\..\MIP\PlatformPlugin\VideoOS.Platform\unittest\bin\Debug\net6.0-windows\VideoOS.Platform.Tests.dll" adapterTypeName="executor://mstestadapter/v2" className="VideoOS.Platform.Tests.Search.SearchUserControlResolverTest" name="CreateSearchFilterEditControl_NullConfiguration_ReturnsNull" />
    </UnitTest>
    <UnitTest name="ReadXml_ShouldSetAllFieldsToDefaultValues_WhenElementIsEmpty" storage="d:\actions-runner\_work\xpco\xpco\allsolutions\..\mip\platformplugin\videoos.platform\unittest\bin\debug\net6.0-windows\videoos.platform.tests.dll" id="477f61b0-5c9c-b3c6-17b8-c096885b5954">
      <Execution id="38dec6b2-a111-467e-9715-3218110c010e" />
      <TestMethod codeBase="D:\actions-runner\_work\XPCO\XPCO\AllSolutions\..\MIP\PlatformPlugin\VideoOS.Platform\unittest\bin\Debug\net6.0-windows\VideoOS.Platform.Tests.dll" adapterTypeName="executor://mstestadapter/v2" className="VideoOS.Platform.Tests.Metadata.ClassCandidateTests" name="ReadXml_ShouldSetAllFieldsToDefaultValues_WhenElementIsEmpty" />
    </UnitTest>
    <UnitTest name="WriteXml_ShouldWriteLeftAttribute_WhenAlays" storage="d:\actions-runner\_work\xpco\xpco\allsolutions\..\mip\platformplugin\videoos.platform\unittest\bin\debug\net6.0-windows\videoos.platform.tests.dll" id="cc181f70-75e6-81da-b99e-3e2374e3ba03">
      <Execution id="26eb6903-a5d2-462d-9431-b9ddf5690e04" />
      <TestMethod codeBase="D:\actions-runner\_work\XPCO\XPCO\AllSolutions\..\MIP\PlatformPlugin\VideoOS.Platform\unittest\bin\Debug\net6.0-windows\VideoOS.Platform.Tests.dll" adapterTypeName="executor://mstestadapter/v2" className="VideoOS.Platform.Tests.Metadata.RectangleTests" name="WriteXml_ShouldWriteLeftAttribute_WhenAlays" />
    </UnitTest>
    <UnitTest name="GetPrevious_ShouldReturnNull_WhenThereIsNoPrevoiusEntryAfterCallToFindCacheEntryBefore" storage="d:\actions-runner\_work\xpco\xpco\allsolutions\..\mip\platformplugin\videoos.platform\unittest\bin\debug\net6.0-windows\videoos.platform.tests.dll" id="708c93d9-3b87-f482-2b59-76adaefd6f67">
      <Execution id="f51725b6-a651-48b9-af21-a6372b4815ff" />
      <TestMethod codeBase="D:\actions-runner\_work\XPCO\XPCO\AllSolutions\..\MIP\PlatformPlugin\VideoOS.Platform\unittest\bin\Debug\net6.0-windows\VideoOS.Platform.Tests.dll" adapterTypeName="executor://mstestadapter/v2" className="VideoOS.Platform.Tests.Data.MetadataCacheTests" name="GetPrevious_ShouldReturnNull_WhenThereIsNoPrevoiusEntryAfterCallToFindCacheEntryBefore" />
    </UnitTest>
    <UnitTest name="ConstructorArgb_ShouldReturnCorrectArgbValues_Always" storage="d:\actions-runner\_work\xpco\xpco\allsolutions\..\mip\platformplugin\videoos.platform\unittest\bin\debug\net6.0-windows\videoos.platform.tests.dll" id="d4c38e91-653a-61a8-9381-1f7444c31b36">
      <Execution id="cca0177e-6ff1-44a1-a45f-8a184322c977" />
      <TestMethod codeBase="D:\actions-runner\_work\XPCO\XPCO\AllSolutions\..\MIP\PlatformPlugin\VideoOS.Platform\unittest\bin\Debug\net6.0-windows\VideoOS.Platform.Tests.dll" adapterTypeName="executor://mstestadapter/v2" className="VideoOS.Platform.Tests.Metadata.DisplayColorTests" name="ConstructorArgb_ShouldReturnCorrectArgbValues_Always" />
    </UnitTest>
    <UnitTest name="ReadXml_ShouldLogWarningTwiceWhenMoreThanOneMinuteBetweenWarnings_WhenBoundingBoxIsMissing" storage="d:\actions-runner\_work\xpco\xpco\allsolutions\..\mip\platformplugin\videoos.platform\unittest\bin\debug\net6.0-windows\videoos.platform.tests.dll" id="3487929c-15fb-a7da-5bec-346afcbec7da">
      <Execution id="926c6c87-a0ba-42cf-b17b-fcd21eeb75fe" />
      <TestMethod codeBase="D:\actions-runner\_work\XPCO\XPCO\AllSolutions\..\MIP\PlatformPlugin\VideoOS.Platform\unittest\bin\Debug\net6.0-windows\VideoOS.Platform.Tests.dll" adapterTypeName="executor://mstestadapter/v2" className="VideoOS.Platform.Tests.Metadata.ShapeTests" name="ReadXml_ShouldLogWarningTwiceWhenMoreThanOneMinuteBetweenWarnings_WhenBoundingBoxIsMissing" />
    </UnitTest>
    <UnitTest name="Ctor_NullName_Throws" storage="d:\actions-runner\_work\xpco\xpco\allsolutions\..\mip\platformplugin\videoos.platform\unittest\bin\debug\net6.0-windows\videoos.platform.tests.dll" id="7f634cbe-20c0-73ce-7a57-e27b44400638">
      <TestCategory>
        <TestCategoryItem TestCategory="Search" />
      </TestCategory>
      <Execution id="d5740bcc-8abf-46a0-8096-4d15ca018f45" />
      <TestMethod codeBase="D:\actions-runner\_work\XPCO\XPCO\AllSolutions\..\MIP\PlatformPlugin\VideoOS.Platform\unittest\bin\Debug\net6.0-windows\VideoOS.Platform.Tests.dll" adapterTypeName="executor://mstestadapter/v2" className="VideoOS.Platform.Tests.Search.FilterCategories.PersonSearchFilterCategoryTest" name="Ctor_NullName_Throws" />
    </UnitTest>
    <UnitTest name="SearchResultData_EndTime_Success" storage="d:\actions-runner\_work\xpco\xpco\allsolutions\..\mip\platformplugin\videoos.platform\unittest\bin\debug\net6.0-windows\videoos.platform.tests.dll" id="392352ae-d647-e68a-124a-33d5232e7f11">
      <TestCategory>
        <TestCategoryItem TestCategory="Search" />
      </TestCategory>
      <Execution id="345d533e-8350-4f4a-a2ec-2bb8ea6bc04b" />
      <TestMethod codeBase="D:\actions-runner\_work\XPCO\XPCO\AllSolutions\..\MIP\PlatformPlugin\VideoOS.Platform\unittest\bin\Debug\net6.0-windows\VideoOS.Platform.Tests.dll" adapterTypeName="executor://mstestadapter/v2" className="VideoOS.Platform.Tests.Search.SearchResultDataTest" name="SearchResultData_EndTime_Success" />
    </UnitTest>
    <UnitTest name="Minimize_ShouldReturnTwoIntervals_WhenListContainsTwoNonOverlappingIntervals" storage="d:\actions-runner\_work\xpco\xpco\allsolutions\..\mip\platformplugin\videoos.platform\unittest\bin\debug\net6.0-windows\videoos.platform.tests.dll" id="f8feb370-a546-7995-c8e5-2c5a9509dee9">
      <Execution id="e3f544b9-c3d8-43fc-84af-cb836054d1d3" />
      <TestMethod codeBase="D:\actions-runner\_work\XPCO\XPCO\AllSolutions\..\MIP\PlatformPlugin\VideoOS.Platform\unittest\bin\Debug\net6.0-windows\VideoOS.Platform.Tests.dll" adapterTypeName="executor://mstestadapter/v2" className="VideoOS.Platform.Tests.Util.TimeIntervalTests" name="Minimize_ShouldReturnTwoIntervals_WhenListContainsTwoNonOverlappingIntervals" />
    </UnitTest>
    <UnitTest name="GetAtOrBefore_ShouldReturnNull_WhenToolkitReturnsNull" storage="d:\actions-runner\_work\xpco\xpco\allsolutions\..\mip\platformplugin\videoos.platform\unittest\bin\debug\net6.0-windows\videoos.platform.tests.dll" id="96ff7aa1-841c-ccfd-6ea5-bb02ee21f492">
      <Execution id="066fae13-6825-4ee3-be82-d3d7500f16ca" />
      <TestMethod codeBase="D:\actions-runner\_work\XPCO\XPCO\AllSolutions\..\MIP\PlatformPlugin\VideoOS.Platform\unittest\bin\Debug\net6.0-windows\VideoOS.Platform.Tests.dll" adapterTypeName="executor://mstestadapter/v2" className="VideoOS.Platform.Tests.Data.MetadataPlaybackSourceTests" name="GetAtOrBefore_ShouldReturnNull_WhenToolkitReturnsNull" />
    </UnitTest>
    <UnitTest name="Append_Element_KeyBackSlashString" storage="d:\actions-runner\_work\xpco\xpco\allsolutions\..\mip\platformplugin\videoos.platform\unittest\bin\debug\net6.0-windows\videoos.platform.tests.dll" id="90a2670f-70e3-342d-ffb1-12b2148b7041">
      <Execution id="0edda7e1-12d8-45c0-addb-7fef8998be0c" />
      <TestMethod codeBase="D:\actions-runner\_work\XPCO\XPCO\AllSolutions\..\MIP\PlatformPlugin\VideoOS.Platform\unittest\bin\Debug\net6.0-windows\VideoOS.Platform.Tests.dll" adapterTypeName="executor://mstestadapter/v2" className="VideoOS.Platform.Tests.Proxy.RestApi.JsonBuilderTests" name="Append_Element_KeyBackSlashString" />
    </UnitTest>
    <UnitTest name="ReadXml_ShouldIgnoreUnknownAttributes_WhenAlways" storage="d:\actions-runner\_work\xpco\xpco\allsolutions\..\mip\platformplugin\videoos.platform\unittest\bin\debug\net6.0-windows\videoos.platform.tests.dll" id="30eb4594-0190-4b3a-1578-17048e926b12">
      <Execution id="3b9e11dd-a238-40ec-a3fd-52ac2e537b91" />
      <TestMethod codeBase="D:\actions-runner\_work\XPCO\XPCO\AllSolutions\..\MIP\PlatformPlugin\VideoOS.Platform\unittest\bin\Debug\net6.0-windows\VideoOS.Platform.Tests.dll" adapterTypeName="executor://mstestadapter/v2" className="VideoOS.Platform.Tests.Metadata.RectangleTests" name="ReadXml_ShouldIgnoreUnknownAttributes_WhenAlways" />
    </UnitTest>
    <UnitTest name="JsonUtility_Compress_Success" storage="d:\actions-runner\_work\xpco\xpco\allsolutions\..\mip\platformplugin\videoos.platform\unittest\bin\debug\net6.0-windows\videoos.platform.tests.dll" id="4eb529fd-da3e-df70-1180-0619ee67e3c6">
      <Execution id="2d4e3638-6298-45bd-9314-e446e82b20c2" />
      <TestMethod codeBase="D:\actions-runner\_work\XPCO\XPCO\AllSolutions\..\MIP\PlatformPlugin\VideoOS.Platform\unittest\bin\Debug\net6.0-windows\VideoOS.Platform.Tests.dll" adapterTypeName="executor://mstestadapter/v2" className="VideoOS.Platform.Tests.Proxy.RestApi.JsonBuilderTests" name="JsonUtility_Compress_Success" />
    </UnitTest>
    <UnitTest name="GetAtOrBefore_ShouldReturnLastElement_WhenTimestampIsSameAsLastElement" storage="d:\actions-runner\_work\xpco\xpco\allsolutions\..\mip\platformplugin\videoos.platform\unittest\bin\debug\net6.0-windows\videoos.platform.tests.dll" id="7d577a3c-0602-a0a6-e9b5-1f43ff437a96">
      <Execution id="43b31d5e-9094-4b78-92ca-6ca54dc9202e" />
      <TestMethod codeBase="D:\actions-runner\_work\XPCO\XPCO\AllSolutions\..\MIP\PlatformPlugin\VideoOS.Platform\unittest\bin\Debug\net6.0-windows\VideoOS.Platform.Tests.dll" adapterTypeName="executor://mstestadapter/v2" className="VideoOS.Platform.Tests.Data.MetadataCacheTests" name="GetAtOrBefore_ShouldReturnLastElement_WhenTimestampIsSameAsLastElement" />
    </UnitTest>
    <UnitTest name="GetChildItems_ShouldReturnNull_WhenUnknownKind" storage="d:\actions-runner\_work\xpco\xpco\allsolutions\..\mip\platformplugin\videoos.platform\unittest\bin\debug\net6.0-windows\videoos.platform.tests.dll" id="bc878ccd-98a1-51a4-2cfc-16b619dea6f0">
      <Execution id="ea1e0663-9ab8-4685-ab81-f3c5696484b0" />
      <TestMethod codeBase="D:\actions-runner\_work\XPCO\XPCO\AllSolutions\..\MIP\PlatformPlugin\VideoOS.Platform\unittest\bin\Debug\net6.0-windows\VideoOS.Platform.Tests.dll" adapterTypeName="executor://mstestadapter/v2" className="VideoOS.Platform.Tests.Util.ConfigurationCacheTests" name="GetChildItems_ShouldReturnNull_WhenUnknownKind" />
    </UnitTest>
    <UnitTest name="GetGenderFilterValues_SingleSelection_Success" storage="d:\actions-runner\_work\xpco\xpco\allsolutions\..\mip\platformplugin\videoos.platform\unittest\bin\debug\net6.0-windows\videoos.platform.tests.dll" id="1e01348f-4956-9c30-5322-aed75f85144b">
      <TestCategory>
        <TestCategoryItem TestCategory="Search" />
      </TestCategory>
      <Execution id="025d5f37-7084-43c1-9fc0-549f92b08b02" />
      <TestMethod codeBase="D:\actions-runner\_work\XPCO\XPCO\AllSolutions\..\MIP\PlatformPlugin\VideoOS.Platform\unittest\bin\Debug\net6.0-windows\VideoOS.Platform.Tests.dll" adapterTypeName="executor://mstestadapter/v2" className="VideoOS.Platform.Tests.Search.FilterCategories.PersonSearchFilterCategoryTest" name="GetGenderFilterValues_SingleSelection_Success" />
    </UnitTest>
    <UnitTest name="MipItems_Property_Collection_NotEmpty" storage="d:\actions-runner\_work\xpco\xpco\allsolutions\..\mip\platformplugin\videoos.platform\unittest\bin\debug\net6.0-windows\videoos.platform.tests.dll" id="984bc27d-a5c7-32fa-f1e8-153a12469bdb">
      <Execution id="7b2d4027-76c7-4506-ade0-e356e7cbfebf" />
      <TestMethod codeBase="D:\actions-runner\_work\XPCO\XPCO\AllSolutions\..\MIP\PlatformPlugin\VideoOS.Platform\unittest\bin\Debug\net6.0-windows\VideoOS.Platform.Tests.dll" adapterTypeName="executor://mstestadapter/v2" className="VideoOS.Platform.Tests.UI.ItemPicker.ItemViewModelTest" name="MipItems_Property_Collection_NotEmpty" />
    </UnitTest>
    <UnitTest name="Equals_ShouldReturnTrue_WhenHostDifferOnlyByProtocol" storage="d:\actions-runner\_work\xpco\xpco\allsolutions\..\mip\platformplugin\videoos.platform\unittest\bin\debug\net6.0-windows\videoos.platform.tests.dll" id="12453e35-9e6c-1895-86bb-d53b925cb8c9">
      <Execution id="ea558956-43d7-4b15-ac3d-072c813cb831" />
      <TestMethod codeBase="D:\actions-runner\_work\XPCO\XPCO\AllSolutions\..\MIP\PlatformPlugin\VideoOS.Platform\unittest\bin\Debug\net6.0-windows\VideoOS.Platform.Tests.dll" adapterTypeName="executor://mstestadapter/v2" className="VideoOS.Platform.Tests.ServerIdTests" name="Equals_ShouldReturnTrue_WhenHostDifferOnlyByProtocol" />
    </UnitTest>
    <UnitTest name="SearializePlusDeserialize_NestedElement_ShouldResultInSameString" storage="d:\actions-runner\_work\xpco\xpco\allsolutions\..\mip\platformplugin\videoos.platform\unittest\bin\debug\net6.0-windows\videoos.platform.tests.dll" id="d218b1ec-f943-b4b5-4c70-d50ae6005d5d">
      <Execution id="20ab69c7-8722-496c-af50-21c1eeaac782" />
      <TestMethod codeBase="D:\actions-runner\_work\XPCO\XPCO\AllSolutions\..\MIP\PlatformPlugin\VideoOS.Platform\unittest\bin\Debug\net6.0-windows\VideoOS.Platform.Tests.dll" adapterTypeName="executor://mstestadapter/v2" className="VideoOS.Platform.Tests.Proxy.RestApi.JsonObjectTests" name="SearializePlusDeserialize_NestedElement_ShouldResultInSameString" />
    </UnitTest>
    <UnitTest name="RegionSelectionFilterValue_Deserialize_Success" storage="d:\actions-runner\_work\xpco\xpco\allsolutions\..\mip\platformplugin\videoos.platform\unittest\bin\debug\net6.0-windows\videoos.platform.tests.dll" id="ba44ddc9-34e5-6996-f0e1-93c6786eed78">
      <TestCategory>
        <TestCategoryItem TestCategory="Search" />
      </TestCategory>
      <Execution id="edbb44f8-db53-4cda-a7b2-7e232cb17333" />
      <TestMethod codeBase="D:\actions-runner\_work\XPCO\XPCO\AllSolutions\..\MIP\PlatformPlugin\VideoOS.Platform\unittest\bin\Debug\net6.0-windows\VideoOS.Platform.Tests.dll" adapterTypeName="executor://mstestadapter/v2" className="VideoOS.Platform.Tests.Search.FilterValues.FilterValueTests" name="RegionSelectionFilterValue_Deserialize_Success" />
    </UnitTest>
    <UnitTest name="WriteXml_ShouldWriteCenterOfGravityElement_WhenCenterOfGravityIsNotNull" storage="d:\actions-runner\_work\xpco\xpco\allsolutions\..\mip\platformplugin\videoos.platform\unittest\bin\debug\net6.0-windows\videoos.platform.tests.dll" id="4937d7ac-b3aa-c23d-f312-18cd0c6ed990">
      <Execution id="5656e41c-1260-4f68-97f9-66e44d27be72" />
      <TestMethod codeBase="D:\actions-runner\_work\XPCO\XPCO\AllSolutions\..\MIP\PlatformPlugin\VideoOS.Platform\unittest\bin\Debug\net6.0-windows\VideoOS.Platform.Tests.dll" adapterTypeName="executor://mstestadapter/v2" className="VideoOS.Platform.Tests.Metadata.ShapeTests" name="WriteXml_ShouldWriteCenterOfGravityElement_WhenCenterOfGravityIsNotNull" />
    </UnitTest>
    <UnitTest name="WriteMetadataXmlWithString_ShouldWriteRootElement_WhenDataIsPresent" storage="d:\actions-runner\_work\xpco\xpco\allsolutions\..\mip\platformplugin\videoos.platform\unittest\bin\debug\net6.0-windows\videoos.platform.tests.dll" id="3a3b003d-e9ff-947e-0664-bd777109fe74">
      <Execution id="2deab4a3-fc30-410d-a20f-b07dd1281b25" />
      <TestMethod codeBase="D:\actions-runner\_work\XPCO\XPCO\AllSolutions\..\MIP\PlatformPlugin\VideoOS.Platform\unittest\bin\Debug\net6.0-windows\VideoOS.Platform.Tests.dll" adapterTypeName="executor://mstestadapter/v2" className="VideoOS.Platform.Tests.Metadata.MetadataSerializerTests" name="WriteMetadataXmlWithString_ShouldWriteRootElement_WhenDataIsPresent" />
    </UnitTest>
    <UnitTest name="Serialize_TestCases (TestParentTypeMatchInterfaceThisTypeNotMatchedProperty)" storage="d:\actions-runner\_work\xpco\xpco\allsolutions\..\mip\platformplugin\videoos.platform\unittest\bin\debug\net6.0-windows\videoos.platform.tests.dll" id="0bab0433-8652-888f-3edd-7e1d722c4c52">
      <Execution id="5a661d53-97fc-4199-bb66-d9048c6bf40e" />
      <TestMethod codeBase="D:\actions-runner\_work\XPCO\XPCO\AllSolutions\..\MIP\PlatformPlugin\VideoOS.Platform\unittest\bin\Debug\net6.0-windows\VideoOS.Platform.Tests.dll" adapterTypeName="executor://mstestadapter/v2" className="VideoOS.Platform.Tests.UI.Controls.Automation.Serialization.AutomationObjectSerializerTest" name="Serialize_TestCases" />
    </UnitTest>
    <UnitTest name="Parse_Int_Invalid" storage="d:\actions-runner\_work\xpco\xpco\allsolutions\..\mip\platformplugin\videoos.platform\unittest\bin\debug\net6.0-windows\videoos.platform.tests.dll" id="8cb20cd0-1e7e-f4a1-66cd-e7e59b7d8aab">
      <Execution id="af8426c4-1163-45d5-8c2a-7875030cfc91" />
      <TestMethod codeBase="D:\actions-runner\_work\XPCO\XPCO\AllSolutions\..\MIP\PlatformPlugin\VideoOS.Platform\unittest\bin\Debug\net6.0-windows\VideoOS.Platform.Tests.dll" adapterTypeName="executor://mstestadapter/v2" className="VideoOS.Platform.Tests.Proxy.RestApi.JsonReaderTests" name="Parse_Int_Invalid" />
    </UnitTest>
    <UnitTest name="ReadXml_ShouldLogWarningOnlyOnceWithinOneMinute_WhenClassCandidateIsNotValid" storage="d:\actions-runner\_work\xpco\xpco\allsolutions\..\mip\platformplugin\videoos.platform\unittest\bin\debug\net6.0-windows\videoos.platform.tests.dll" id="21fa9385-bfaf-d1fb-f620-6ac18f449c60">
      <Execution id="bf06f06d-d93a-4d56-8182-abdbffdab092" />
      <TestMethod codeBase="D:\actions-runner\_work\XPCO\XPCO\AllSolutions\..\MIP\PlatformPlugin\VideoOS.Platform\unittest\bin\Debug\net6.0-windows\VideoOS.Platform.Tests.dll" adapterTypeName="executor://mstestadapter/v2" className="VideoOS.Platform.Tests.Metadata.OnvifClassTests" name="ReadXml_ShouldLogWarningOnlyOnceWithinOneMinute_WhenClassCandidateIsNotValid" />
    </UnitTest>
    <UnitTest name="Decrypt_ShouldReturnInputAsIs" storage="d:\actions-runner\_work\xpco\xpco\allsolutions\..\mip\platformplugin\videoos.platform\unittest\bin\debug\net6.0-windows\videoos.platform.tests.dll" id="e060b440-f3f0-8ff1-976f-fddc5cc26f62">
      <Execution id="56e336b2-0592-466f-837f-98c4d4c9ca63" />
      <TestMethod codeBase="D:\actions-runner\_work\XPCO\XPCO\AllSolutions\..\MIP\PlatformPlugin\VideoOS.Platform\unittest\bin\Debug\net6.0-windows\VideoOS.Platform.Tests.dll" adapterTypeName="executor://mstestadapter/v2" className="VideoOS.Platform.Tests.License.LicenseCompatibilityHandlerTests" name="Decrypt_ShouldReturnInputAsIs" />
    </UnitTest>
    <UnitTest name="WriteXml_ShouldWriteAppearanceElement_WhenAppearanceIsNotNull" storage="d:\actions-runner\_work\xpco\xpco\allsolutions\..\mip\platformplugin\videoos.platform\unittest\bin\debug\net6.0-windows\videoos.platform.tests.dll" id="b5ae8819-8b54-7370-da1b-0cdd20d995d0">
      <Execution id="1cc44fae-06bb-47b0-8395-ce5098075d34" />
      <TestMethod codeBase="D:\actions-runner\_work\XPCO\XPCO\AllSolutions\..\MIP\PlatformPlugin\VideoOS.Platform\unittest\bin\Debug\net6.0-windows\VideoOS.Platform.Tests.dll" adapterTypeName="executor://mstestadapter/v2" className="VideoOS.Platform.Tests.Metadata.OnvifObjectTests" name="WriteXml_ShouldWriteAppearanceElement_WhenAppearanceIsNotNull" />
    </UnitTest>
    <UnitTest name="WriteXml_ShouldWriteBoundingBoxAppearanceElements_WhenTheyArePresent" storage="d:\actions-runner\_work\xpco\xpco\allsolutions\..\mip\platformplugin\videoos.platform\unittest\bin\debug\net6.0-windows\videoos.platform.tests.dll" id="8f3e0927-dc62-09dc-c947-424695b8bc40">
      <Execution id="e5a02b6e-a486-4aef-be78-daf4fa468db4" />
      <TestMethod codeBase="D:\actions-runner\_work\XPCO\XPCO\AllSolutions\..\MIP\PlatformPlugin\VideoOS.Platform\unittest\bin\Debug\net6.0-windows\VideoOS.Platform.Tests.dll" adapterTypeName="executor://mstestadapter/v2" className="VideoOS.Platform.Tests.Metadata.ShapeTests" name="WriteXml_ShouldWriteBoundingBoxAppearanceElements_WhenTheyArePresent" />
    </UnitTest>
    <UnitTest name="Equals_IgnoreFolderType_Fail_OnServerIdId" storage="d:\actions-runner\_work\xpco\xpco\allsolutions\..\mip\platformplugin\videoos.platform\unittest\bin\debug\net6.0-windows\videoos.platform.tests.dll" id="e036dcac-c98f-c247-938a-14a54b7a60ea">
      <Execution id="f7c83e5f-c54e-465d-aa94-00f6ba647240" />
      <TestMethod codeBase="D:\actions-runner\_work\XPCO\XPCO\AllSolutions\..\MIP\PlatformPlugin\VideoOS.Platform\unittest\bin\Debug\net6.0-windows\VideoOS.Platform.Tests.dll" adapterTypeName="executor://mstestadapter/v2" className="VideoOS.Platform.Tests.FQIDtests" name="Equals_IgnoreFolderType_Fail_OnServerIdId" />
    </UnitTest>
    <UnitTest name="CountByItems_Activated_CountByCounter_Trial3" storage="d:\actions-runner\_work\xpco\xpco\allsolutions\..\mip\platformplugin\videoos.platform\unittest\bin\debug\net6.0-windows\videoos.platform.tests.dll" id="e10db072-c885-f638-cbd6-f0cb1d9146d0">
      <Execution id="6facc6c5-1c5d-4cfd-8260-766e49ea44df" />
      <TestMethod codeBase="D:\actions-runner\_work\XPCO\XPCO\AllSolutions\..\MIP\PlatformPlugin\VideoOS.Platform\unittest\bin\Debug\net6.0-windows\VideoOS.Platform.Tests.dll" adapterTypeName="executor://mstestadapter/v2" className="VideoOS.Platform.Tests.License.ResolvedLicenseCountTest" name="CountByItems_Activated_CountByCounter_Trial3" />
    </UnitTest>
    <UnitTest name="Serialize_TestCases (TestParentTypeMatchCollectionThisTypeNotMatchedProperty)" storage="d:\actions-runner\_work\xpco\xpco\allsolutions\..\mip\platformplugin\videoos.platform\unittest\bin\debug\net6.0-windows\videoos.platform.tests.dll" id="31f28e4c-6fb6-b0cc-cd29-bcccd2779f6e">
      <Execution id="86fdcef7-5b32-4dc8-b1e4-55a10abb625d" />
      <TestMethod codeBase="D:\actions-runner\_work\XPCO\XPCO\AllSolutions\..\MIP\PlatformPlugin\VideoOS.Platform\unittest\bin\Debug\net6.0-windows\VideoOS.Platform.Tests.dll" adapterTypeName="executor://mstestadapter/v2" className="VideoOS.Platform.Tests.UI.Controls.Automation.Serialization.AutomationObjectSerializerTest" name="Serialize_TestCases" />
    </UnitTest>
    <UnitTest name="LicensesObjectId_ShouldBeTheSameAsReleasedBeforeNonFips" storage="d:\actions-runner\_work\xpco\xpco\allsolutions\..\mip\platformplugin\videoos.platform\unittest\bin\debug\net6.0-windows\videoos.platform.tests.dll" id="a17fc58f-03d2-d783-1f61-cc54e1b01c86">
      <Execution id="94948e8a-a2d5-4c22-af92-747162119bef" />
      <TestMethod codeBase="D:\actions-runner\_work\XPCO\XPCO\AllSolutions\..\MIP\PlatformPlugin\VideoOS.Platform\unittest\bin\Debug\net6.0-windows\VideoOS.Platform.Tests.dll" adapterTypeName="executor://mstestadapter/v2" className="VideoOS.Platform.Tests.License.NonFipsLicenseCompatibilityHandlerTests" name="LicensesObjectId_ShouldBeTheSameAsReleasedBeforeNonFips" />
    </UnitTest>
    <UnitTest name="GetTranslations_Success" storage="d:\actions-runner\_work\xpco\xpco\allsolutions\..\mip\platformplugin\videoos.platform\unittest\bin\debug\net6.0-windows\videoos.platform.tests.dll" id="7cd2c95d-3a22-0d5c-c07f-69fa30ef94a1">
      <Execution id="2911f1ce-62d3-4ee0-bcd1-b14f92b51c8b" />
      <TestMethod codeBase="D:\actions-runner\_work\XPCO\XPCO\AllSolutions\..\MIP\PlatformPlugin\VideoOS.Platform\unittest\bin\Debug\net6.0-windows\VideoOS.Platform.Tests.dll" adapterTypeName="executor://mstestadapter/v2" className="VideoOS.Platform.Tests.Proxy.RestApi.RestApiClientDecoratorTests" name="GetTranslations_Success" />
    </UnitTest>
    <UnitTest name="UtcTimeAttributeWasPresent_ShouldReturnFalse_WhenUtcTimeAttributeIsPresentButNotParsable" storage="d:\actions-runner\_work\xpco\xpco\allsolutions\..\mip\platformplugin\videoos.platform\unittest\bin\debug\net6.0-windows\videoos.platform.tests.dll" id="479ac9a4-db24-66b5-ae47-500a4c5f414e">
      <Execution id="2b24de1a-7185-4aaf-94e7-4038d0b02c76" />
      <TestMethod codeBase="D:\actions-runner\_work\XPCO\XPCO\AllSolutions\..\MIP\PlatformPlugin\VideoOS.Platform\unittest\bin\Debug\net6.0-windows\VideoOS.Platform.Tests.dll" adapterTypeName="executor://mstestadapter/v2" className="VideoOS.Platform.Tests.Metadata.FrameTests" name="UtcTimeAttributeWasPresent_ShouldReturnFalse_WhenUtcTimeAttributeIsPresentButNotParsable" />
    </UnitTest>
    <UnitTest name="ModifyCollection_ShouldNotInvokeCallback_WhenNotObservable" storage="d:\actions-runner\_work\xpco\xpco\allsolutions\..\mip\platformplugin\videoos.platform\unittest\bin\debug\net6.0-windows\videoos.platform.tests.dll" id="0a40eef3-f831-ffd2-4845-4121490071ff">
      <Execution id="f8205e1e-76fa-4d43-a400-bd1292d43cfc" />
      <TestMethod codeBase="D:\actions-runner\_work\XPCO\XPCO\AllSolutions\..\MIP\PlatformPlugin\VideoOS.Platform\unittest\bin\Debug\net6.0-windows\VideoOS.Platform.Tests.dll" adapterTypeName="executor://mstestadapter/v2" className="VideoOS.Platform.Tests.UI.Controls.CollectionHelperTest" name="ModifyCollection_ShouldNotInvokeCallback_WhenNotObservable" />
    </UnitTest>
    <UnitTest name="AppendItemPicked_MultiSelect_AppendTwoItems_BothSelected" storage="d:\actions-runner\_work\xpco\xpco\allsolutions\..\mip\platformplugin\videoos.platform\unittest\bin\debug\net6.0-windows\videoos.platform.tests.dll" id="fbabebe5-f475-8769-2079-7693b5c62d8c">
      <Execution id="29006411-0aa8-4026-b538-9462c2e3f684" />
      <TestMethod codeBase="D:\actions-runner\_work\XPCO\XPCO\AllSolutions\..\MIP\PlatformPlugin\VideoOS.Platform\unittest\bin\Debug\net6.0-windows\VideoOS.Platform.Tests.dll" adapterTypeName="executor://mstestadapter/v2" className="VideoOS.Platform.Tests.UI.ItemPicker.ItemPickerViewModelTest" name="AppendItemPicked_MultiSelect_AppendTwoItems_BothSelected" />
    </UnitTest>
    <UnitTest name="CollectionReplaced_ShouldInvokeCallback_WhenObservable" storage="d:\actions-runner\_work\xpco\xpco\allsolutions\..\mip\platformplugin\videoos.platform\unittest\bin\debug\net6.0-windows\videoos.platform.tests.dll" id="a9e125d3-70c7-168e-1c81-0d36cf4ad5a1">
      <Execution id="84ffc645-1f57-4342-8389-0bb651719f15" />
      <TestMethod codeBase="D:\actions-runner\_work\XPCO\XPCO\AllSolutions\..\MIP\PlatformPlugin\VideoOS.Platform\unittest\bin\Debug\net6.0-windows\VideoOS.Platform.Tests.dll" adapterTypeName="executor://mstestadapter/v2" className="VideoOS.Platform.Tests.UI.Controls.CollectionHelperTest" name="CollectionReplaced_ShouldInvokeCallback_WhenObservable" />
    </UnitTest>
    <UnitTest name="ReadXml_ShouldReadXmlAndCreateSameValues_WhenItIsWrittenByWriteXml" storage="d:\actions-runner\_work\xpco\xpco\allsolutions\..\mip\platformplugin\videoos.platform\unittest\bin\debug\net6.0-windows\videoos.platform.tests.dll" id="fb65aff9-84a8-5b2a-92bd-f76bc29d120f">
      <Execution id="4520636d-248a-42d8-bfb9-b59901e0f870" />
      <TestMethod codeBase="D:\actions-runner\_work\XPCO\XPCO\AllSolutions\..\MIP\PlatformPlugin\VideoOS.Platform\unittest\bin\Debug\net6.0-windows\VideoOS.Platform.Tests.dll" adapterTypeName="executor://mstestadapter/v2" className="VideoOS.Platform.Tests.Metadata.NavigationalDataTests" name="ReadXml_ShouldReadXmlAndCreateSameValues_WhenItIsWrittenByWriteXml" />
    </UnitTest>
    <UnitTest name="GetPrevious_ShouldReturnLastDataEntityFromToolkitCall_WhenDataIsNotInCache" storage="d:\actions-runner\_work\xpco\xpco\allsolutions\..\mip\platformplugin\videoos.platform\unittest\bin\debug\net6.0-windows\videoos.platform.tests.dll" id="b9255dfa-9628-1fda-ee6f-f5fa66f81e57">
      <Execution id="73419736-44e8-4c6d-ada2-a93af2a0616a" />
      <TestMethod codeBase="D:\actions-runner\_work\XPCO\XPCO\AllSolutions\..\MIP\PlatformPlugin\VideoOS.Platform\unittest\bin\Debug\net6.0-windows\VideoOS.Platform.Tests.dll" adapterTypeName="executor://mstestadapter/v2" className="VideoOS.Platform.Tests.Data.MetadataPlaybackSourceTests" name="GetPrevious_ShouldReturnLastDataEntityFromToolkitCall_WhenDataIsNotInCache" />
    </UnitTest>
    <UnitTest name="Serialize_ShouldThrowException_WhenPropertyIsSimpleTypeButPathContainsChildren (BoolProperty)" storage="d:\actions-runner\_work\xpco\xpco\allsolutions\..\mip\platformplugin\videoos.platform\unittest\bin\debug\net6.0-windows\videoos.platform.tests.dll" id="fd290f76-7b88-41f1-16eb-aef97d9a9bcf">
      <Execution id="f1aea853-e62e-4243-970e-8089657c607a" />
      <TestMethod codeBase="D:\actions-runner\_work\XPCO\XPCO\AllSolutions\..\MIP\PlatformPlugin\VideoOS.Platform\unittest\bin\Debug\net6.0-windows\VideoOS.Platform.Tests.dll" adapterTypeName="executor://mstestadapter/v2" className="VideoOS.Platform.Tests.UI.Controls.Automation.Serialization.AutomationObjectSerializerTest" name="Serialize_ShouldThrowException_WhenPropertyIsSimpleTypeButPathContainsChildren" />
    </UnitTest>
    <UnitTest name="GetLicensePlateFilterValue_ValidSelection_Success" storage="d:\actions-runner\_work\xpco\xpco\allsolutions\..\mip\platformplugin\videoos.platform\unittest\bin\debug\net6.0-windows\videoos.platform.tests.dll" id="43af5117-1f9c-6ca5-e2b0-3bd57b512c6f">
      <TestCategory>
        <TestCategoryItem TestCategory="Search" />
      </TestCategory>
      <Execution id="6228fd7d-2d17-48c0-9fd1-75440cdc95e4" />
      <TestMethod codeBase="D:\actions-runner\_work\XPCO\XPCO\AllSolutions\..\MIP\PlatformPlugin\VideoOS.Platform\unittest\bin\Debug\net6.0-windows\VideoOS.Platform.Tests.dll" adapterTypeName="executor://mstestadapter/v2" className="VideoOS.Platform.Tests.Search.FilterCategories.VehicleSearchFilterCategoryTest" name="GetLicensePlateFilterValue_ValidSelection_Success" />
    </UnitTest>
    <UnitTest name="Init_ShouldDisconnectImageExporter_OnSecondInit" storage="d:\actions-runner\_work\xpco\xpco\allsolutions\..\mip\platformplugin\videoos.platform\unittest\bin\debug\net6.0-windows\videoos.platform.tests.dll" id="f078252f-e622-661e-c5dc-189c04c6d312">
      <Execution id="e0eaaef1-6eaa-4a34-a3e4-031a197fbdba" />
      <TestMethod codeBase="D:\actions-runner\_work\XPCO\XPCO\AllSolutions\..\MIP\PlatformPlugin\VideoOS.Platform\unittest\bin\Debug\net6.0-windows\VideoOS.Platform.Tests.dll" adapterTypeName="executor://mstestadapter/v2" className="VideoOS.Platform.Tests.Data.MetadataPlaybackSourceTests" name="Init_ShouldDisconnectImageExporter_OnSecondInit" />
    </UnitTest>
    <UnitTest name="OnSearchResultsReady_ShouldNotSetSearchDefinitionOnResults_WhenAlreadySet" storage="d:\actions-runner\_work\xpco\xpco\allsolutions\..\mip\platformplugin\videoos.platform\unittest\bin\debug\net6.0-windows\videoos.platform.tests.dll" id="0c0836ab-4cd8-bcb2-8664-28d80763d09f">
      <TestCategory>
        <TestCategoryItem TestCategory="Search" />
      </TestCategory>
      <Execution id="8d44a791-6426-4309-970f-05203856cdbc" />
      <TestMethod codeBase="D:\actions-runner\_work\XPCO\XPCO\AllSolutions\..\MIP\PlatformPlugin\VideoOS.Platform\unittest\bin\Debug\net6.0-windows\VideoOS.Platform.Tests.dll" adapterTypeName="executor://mstestadapter/v2" className="VideoOS.Platform.Tests.Search.SearchDefinitionTest" name="OnSearchResultsReady_ShouldNotSetSearchDefinitionOnResults_WhenAlreadySet" />
    </UnitTest>
    <UnitTest name="GetMetadataObjectIdsAsync_SingleInvocation_DelegatedToInternalMethod" storage="d:\actions-runner\_work\xpco\xpco\allsolutions\..\mip\platformplugin\videoos.platform\unittest\bin\debug\net6.0-windows\videoos.platform.tests.dll" id="ecf74651-4fc2-6bc3-0181-d2278e0bfbfa">
      <TestCategory>
        <TestCategoryItem TestCategory="Search" />
      </TestCategory>
      <Execution id="1189c411-e41a-47a0-bca8-e85c9a214a2b" />
      <TestMethod codeBase="D:\actions-runner\_work\XPCO\XPCO\AllSolutions\..\MIP\PlatformPlugin\VideoOS.Platform\unittest\bin\Debug\net6.0-windows\VideoOS.Platform.Tests.dll" adapterTypeName="executor://mstestadapter/v2" className="VideoOS.Platform.Tests.Search.SearchResultDataTest" name="GetMetadataObjectIdsAsync_SingleInvocation_DelegatedToInternalMethod" />
    </UnitTest>
    <UnitTest name="Populate_SearchTextSet_SearchFilter_False" storage="d:\actions-runner\_work\xpco\xpco\allsolutions\..\mip\platformplugin\videoos.platform\unittest\bin\debug\net6.0-windows\videoos.platform.tests.dll" id="d2d1d21b-c98b-721d-a336-85243335bc1f">
      <Execution id="caaa11f4-727a-4d79-a2c6-d018ba29cdb3" />
      <TestMethod codeBase="D:\actions-runner\_work\XPCO\XPCO\AllSolutions\..\MIP\PlatformPlugin\VideoOS.Platform\unittest\bin\Debug\net6.0-windows\VideoOS.Platform.Tests.dll" adapterTypeName="executor://mstestadapter/v2" className="VideoOS.Platform.Tests.UI.ItemPicker.PopulateThreadTest" name="Populate_SearchTextSet_SearchFilter_False" />
    </UnitTest>
    <UnitTest name="Move_ShouldInvokeCallback_WhenObservable" storage="d:\actions-runner\_work\xpco\xpco\allsolutions\..\mip\platformplugin\videoos.platform\unittest\bin\debug\net6.0-windows\videoos.platform.tests.dll" id="d1e36374-9329-5797-656e-7f2208258af5">
      <Execution id="ab44a9c9-8e82-4483-8fac-39156f43605a" />
      <TestMethod codeBase="D:\actions-runner\_work\XPCO\XPCO\AllSolutions\..\MIP\PlatformPlugin\VideoOS.Platform\unittest\bin\Debug\net6.0-windows\VideoOS.Platform.Tests.dll" adapterTypeName="executor://mstestadapter/v2" className="VideoOS.Platform.Tests.UI.Controls.CollectionHelperTest" name="Move_ShouldInvokeCallback_WhenObservable" />
    </UnitTest>
    <UnitTest name="JsonObjectTest" storage="d:\actions-runner\_work\xpco\xpco\allsolutions\..\mip\platformplugin\videoos.platform\unittest\bin\debug\net6.0-windows\videoos.platform.tests.dll" id="24f4c2d7-2c1a-d96f-02e1-f48f7d97bc91">
      <Execution id="8ec2c3ad-9325-463a-88b6-d80344a428ef" />
      <TestMethod codeBase="D:\actions-runner\_work\XPCO\XPCO\AllSolutions\..\MIP\PlatformPlugin\VideoOS.Platform\unittest\bin\Debug\net6.0-windows\VideoOS.Platform.Tests.dll" adapterTypeName="executor://mstestadapter/v2" className="VideoOS.Platform.Tests.Proxy.RestApi.JsonObjectTests" name="JsonObjectTest" />
    </UnitTest>
    <UnitTest name="ReadXml_ShouldLogWarningTwiceWhenMoreThanOneMinuteBetweenWarnings_WhenCenterOfGravityIsIncomplete" storage="d:\actions-runner\_work\xpco\xpco\allsolutions\..\mip\platformplugin\videoos.platform\unittest\bin\debug\net6.0-windows\videoos.platform.tests.dll" id="ec6e182c-c60a-0650-a430-7ebc2fa1ec79">
      <Execution id="0545c186-798b-4bd9-9700-254a27711f9a" />
      <TestMethod codeBase="D:\actions-runner\_work\XPCO\XPCO\AllSolutions\..\MIP\PlatformPlugin\VideoOS.Platform\unittest\bin\Debug\net6.0-windows\VideoOS.Platform.Tests.dll" adapterTypeName="executor://mstestadapter/v2" className="VideoOS.Platform.Tests.Metadata.ShapeTests" name="ReadXml_ShouldLogWarningTwiceWhenMoreThanOneMinuteBetweenWarnings_WhenCenterOfGravityIsIncomplete" />
    </UnitTest>
    <UnitTest name="CountByItems_Activated_CountByCounter_TrialExpired" storage="d:\actions-runner\_work\xpco\xpco\allsolutions\..\mip\platformplugin\videoos.platform\unittest\bin\debug\net6.0-windows\videoos.platform.tests.dll" id="25a2ab59-4e6b-8585-ad34-1909dafc5c3e">
      <Execution id="4d9cf6d4-71bd-4702-9d4c-9539c7bcc0b7" />
      <TestMethod codeBase="D:\actions-runner\_work\XPCO\XPCO\AllSolutions\..\MIP\PlatformPlugin\VideoOS.Platform\unittest\bin\Debug\net6.0-windows\VideoOS.Platform.Tests.dll" adapterTypeName="executor://mstestadapter/v2" className="VideoOS.Platform.Tests.License.ResolvedLicenseCountTest" name="CountByItems_Activated_CountByCounter_TrialExpired" />
    </UnitTest>
    <UnitTest name="AllowGroupSelectionFalse_MultiSelect_ElementsInGroupSelected" storage="d:\actions-runner\_work\xpco\xpco\allsolutions\..\mip\platformplugin\videoos.platform\unittest\bin\debug\net6.0-windows\videoos.platform.tests.dll" id="b09c7353-a02d-ff9f-8437-0ec01da8590a">
      <Execution id="b77028f0-0efc-490b-9d9d-dc3d728aacb3" />
      <TestMethod codeBase="D:\actions-runner\_work\XPCO\XPCO\AllSolutions\..\MIP\PlatformPlugin\VideoOS.Platform\unittest\bin\Debug\net6.0-windows\VideoOS.Platform.Tests.dll" adapterTypeName="executor://mstestadapter/v2" className="VideoOS.Platform.Tests.UI.ItemPicker.ItemPickerViewModelTest" name="AllowGroupSelectionFalse_MultiSelect_ElementsInGroupSelected" />
    </UnitTest>
    <UnitTest name="Serialize_TestCases (TestParentTypeMatchStructNotThisTypeMatchedProperty)" storage="d:\actions-runner\_work\xpco\xpco\allsolutions\..\mip\platformplugin\videoos.platform\unittest\bin\debug\net6.0-windows\videoos.platform.tests.dll" id="5bac1777-a319-8667-ff3f-004d4997fdfd">
      <Execution id="995cbedd-51b8-43cb-bfad-2066cf045794" />
      <TestMethod codeBase="D:\actions-runner\_work\XPCO\XPCO\AllSolutions\..\MIP\PlatformPlugin\VideoOS.Platform\unittest\bin\Debug\net6.0-windows\VideoOS.Platform.Tests.dll" adapterTypeName="executor://mstestadapter/v2" className="VideoOS.Platform.Tests.UI.Controls.Automation.Serialization.AutomationObjectSerializerTest" name="Serialize_TestCases" />
    </UnitTest>
    <UnitTest name="Contains_Camera_ServerIDNull_Checked_Failed" storage="d:\actions-runner\_work\xpco\xpco\allsolutions\..\mip\platformplugin\videoos.platform\unittest\bin\debug\net6.0-windows\videoos.platform.tests.dll" id="1eda914f-da94-406c-7d55-9addceb31e52">
      <Execution id="715fdc75-a045-42af-ab11-a0b7fc10cf08" />
      <TestMethod codeBase="D:\actions-runner\_work\XPCO\XPCO\AllSolutions\..\MIP\PlatformPlugin\VideoOS.Platform\unittest\bin\Debug\net6.0-windows\VideoOS.Platform.Tests.dll" adapterTypeName="executor://mstestadapter/v2" className="VideoOS.Platform.Tests.FQIDtests" name="Contains_Camera_ServerIDNull_Checked_Failed" />
    </UnitTest>
    <UnitTest name="TestConstructor_Success" storage="d:\actions-runner\_work\xpco\xpco\allsolutions\..\mip\platformplugin\videoos.platform\unittest\bin\debug\net6.0-windows\videoos.platform.tests.dll" id="e734e722-c897-0ccb-6f21-a044403c8cd2">
      <Execution id="d818090e-1251-4bb0-afd0-bda680c9e707" />
      <TestMethod codeBase="D:\actions-runner\_work\XPCO\XPCO\AllSolutions\..\MIP\PlatformPlugin\VideoOS.Platform\unittest\bin\Debug\net6.0-windows\VideoOS.Platform.Tests.dll" adapterTypeName="executor://mstestadapter/v2" className="VideoOS.Platform.Tests.Search.Error.UnknownSearchErrorTest" name="TestConstructor_Success" />
    </UnitTest>
    <UnitTest name="IsEmptyValue_DoubleRangeFilterValue_NonDefaultConfiguration_ReturnsFalse" storage="d:\actions-runner\_work\xpco\xpco\allsolutions\..\mip\platformplugin\videoos.platform\unittest\bin\debug\net6.0-windows\videoos.platform.tests.dll" id="f095befb-1220-164b-8d93-573101abd22c">
      <TestCategory>
        <TestCategoryItem TestCategory="Search" />
      </TestCategory>
      <Execution id="321b99e8-0af1-4b73-ab6c-ed53340ef65c" />
      <TestMethod codeBase="D:\actions-runner\_work\XPCO\XPCO\AllSolutions\..\MIP\PlatformPlugin\VideoOS.Platform\unittest\bin\Debug\net6.0-windows\VideoOS.Platform.Tests.dll" adapterTypeName="executor://mstestadapter/v2" className="VideoOS.Platform.Tests.Search.SearchFilterTest" name="IsEmptyValue_DoubleRangeFilterValue_NonDefaultConfiguration_ReturnsFalse" />
    </UnitTest>
    <UnitTest name="GenerateParameters_ShouldWriteModel_WhenAlways" storage="d:\actions-runner\_work\xpco\xpco\allsolutions\..\mip\platformplugin\videoos.platform\unittest\bin\debug\net6.0-windows\videoos.platform.tests.dll" id="31116a68-3b0f-f28f-7f53-0333062fc887">
      <Execution id="86f94396-5cfb-4776-b7bf-9522e26b8dc3" />
      <TestMethod codeBase="D:\actions-runner\_work\XPCO\XPCO\AllSolutions\..\MIP\PlatformPlugin\VideoOS.Platform\unittest\bin\Debug\net6.0-windows\VideoOS.Platform.Tests.dll" adapterTypeName="executor://mstestadapter/v2" className="VideoOS.Platform.Tests.Data.HardwareDefinitionTests" name="GenerateParameters_ShouldWriteModel_WhenAlways" />
    </UnitTest>
    <UnitTest name="ReadyToClose_OkCommand_MultiSelect_Thrown" storage="d:\actions-runner\_work\xpco\xpco\allsolutions\..\mip\platformplugin\videoos.platform\unittest\bin\debug\net6.0-windows\videoos.platform.tests.dll" id="e864a85a-61d6-71a9-12f2-7e66ec36a4d7">
      <Execution id="f26d180f-08b5-4d88-b190-1f525ade3a56" />
      <TestMethod codeBase="D:\actions-runner\_work\XPCO\XPCO\AllSolutions\..\MIP\PlatformPlugin\VideoOS.Platform\unittest\bin\Debug\net6.0-windows\VideoOS.Platform.Tests.dll" adapterTypeName="executor://mstestadapter/v2" className="VideoOS.Platform.Tests.UI.ItemPicker.ItemPickerWindowViewModelTest" name="ReadyToClose_OkCommand_MultiSelect_Thrown" />
    </UnitTest>
    <UnitTest name="MatchId_Fail_MessageWithAsteriskAtEnd" storage="d:\actions-runner\_work\xpco\xpco\allsolutions\..\mip\platformplugin\videoos.platform\unittest\bin\debug\net6.0-windows\videoos.platform.tests.dll" id="d8aec2c2-feb6-0e42-e54d-284965f5dea7">
      <Execution id="6a650022-886b-48b0-a6d0-10fb0c621f07" />
      <TestMethod codeBase="D:\actions-runner\_work\XPCO\XPCO\AllSolutions\..\MIP\PlatformPlugin\VideoOS.Platform\unittest\bin\Debug\net6.0-windows\VideoOS.Platform.Tests.dll" adapterTypeName="executor://mstestadapter/v2" className="VideoOS.Platform.Tests.Messaging.CommunicationIdFilterTests" name="MatchId_Fail_MessageWithAsteriskAtEnd" />
    </UnitTest>
    <UnitTest name="CountByCounter_NotActivated_Empty" storage="d:\actions-runner\_work\xpco\xpco\allsolutions\..\mip\platformplugin\videoos.platform\unittest\bin\debug\net6.0-windows\videoos.platform.tests.dll" id="7c4b74fb-67e0-6834-21f2-2c0f78a66963">
      <Execution id="7e444bad-353a-4e53-a6ab-43c5779ed388" />
      <TestMethod codeBase="D:\actions-runner\_work\XPCO\XPCO\AllSolutions\..\MIP\PlatformPlugin\VideoOS.Platform\unittest\bin\Debug\net6.0-windows\VideoOS.Platform.Tests.dll" adapterTypeName="executor://mstestadapter/v2" className="VideoOS.Platform.Tests.License.ResolvedLicenseCountTest" name="CountByCounter_NotActivated_Empty" />
    </UnitTest>
    <UnitTest name="Ctor_TwoStandardFilters_Success" storage="d:\actions-runner\_work\xpco\xpco\allsolutions\..\mip\platformplugin\videoos.platform\unittest\bin\debug\net6.0-windows\videoos.platform.tests.dll" id="9cded436-df00-a929-7b4b-3c1f500b64fe">
      <TestCategory>
        <TestCategoryItem TestCategory="Search" />
      </TestCategory>
      <Execution id="382241e9-569e-4593-9ac1-dd8eb6393e8b" />
      <TestMethod codeBase="D:\actions-runner\_work\XPCO\XPCO\AllSolutions\..\MIP\PlatformPlugin\VideoOS.Platform\unittest\bin\Debug\net6.0-windows\VideoOS.Platform.Tests.dll" adapterTypeName="executor://mstestadapter/v2" className="VideoOS.Platform.Tests.Search.FilterCategories.VehicleSearchFilterCategoryTest" name="Ctor_TwoStandardFilters_Success" />
    </UnitTest>
    <UnitTest name="Serialize_TestCases (TestParentTypeMatchObjectNotThisTypeMatchedProperty)" storage="d:\actions-runner\_work\xpco\xpco\allsolutions\..\mip\platformplugin\videoos.platform\unittest\bin\debug\net6.0-windows\videoos.platform.tests.dll" id="e37104f1-0b9f-8085-a237-c134f8aaa64f">
      <Execution id="9758183e-7a12-4866-aa14-853913fe4fe7" />
      <TestMethod codeBase="D:\actions-runner\_work\XPCO\XPCO\AllSolutions\..\MIP\PlatformPlugin\VideoOS.Platform\unittest\bin\Debug\net6.0-windows\VideoOS.Platform.Tests.dll" adapterTypeName="executor://mstestadapter/v2" className="VideoOS.Platform.Tests.UI.Controls.Automation.Serialization.AutomationObjectSerializerTest" name="Serialize_TestCases" />
    </UnitTest>
    <UnitTest name="Given_Exception_WhenSerializingAndDeserialing_Then_AllContentIsPreserved" storage="d:\actions-runner\_work\xpco\xpco\allsolutions\..\mip\platformplugin\videoos.platform\unittest\bin\debug\net6.0-windows\videoos.platform.tests.dll" id="3b7c8552-7a62-bee2-027f-19ba6bd6ceca">
      <Execution id="48d6da30-1a4a-4877-a93a-aa86020af1f9" />
      <TestMethod codeBase="D:\actions-runner\_work\XPCO\XPCO\AllSolutions\..\MIP\PlatformPlugin\VideoOS.Platform\unittest\bin\Debug\net6.0-windows\VideoOS.Platform.Tests.dll" adapterTypeName="executor://mstestadapter/v2" className="VideoOS.Platform.Tests.MIPExceptionsTest" name="Given_Exception_WhenSerializingAndDeserialing_Then_AllContentIsPreserved" />
    </UnitTest>
    <UnitTest name="GetParent_NoServerId_Check" storage="d:\actions-runner\_work\xpco\xpco\allsolutions\..\mip\platformplugin\videoos.platform\unittest\bin\debug\net6.0-windows\videoos.platform.tests.dll" id="871f6ec2-6973-6f3c-2bf4-5a51a50a4cf2">
      <Execution id="07578dee-d1dd-4de2-b465-79917b88b32a" />
      <TestMethod codeBase="D:\actions-runner\_work\XPCO\XPCO\AllSolutions\..\MIP\PlatformPlugin\VideoOS.Platform\unittest\bin\Debug\net6.0-windows\VideoOS.Platform.Tests.dll" adapterTypeName="executor://mstestadapter/v2" className="VideoOS.Platform.Tests.ItemTests" name="GetParent_NoServerId_Check" />
    </UnitTest>
    <UnitTest name="GetAtOrBefore_ShouldReturnNull_WhenTimestampIsAfterLastElement" storage="d:\actions-runner\_work\xpco\xpco\allsolutions\..\mip\platformplugin\videoos.platform\unittest\bin\debug\net6.0-windows\videoos.platform.tests.dll" id="1e592ef1-e1bf-3981-b2eb-87e514325b77">
      <Execution id="0c0c1e85-ac39-4e14-80ef-41d28f590c3f" />
      <TestMethod codeBase="D:\actions-runner\_work\XPCO\XPCO\AllSolutions\..\MIP\PlatformPlugin\VideoOS.Platform\unittest\bin\Debug\net6.0-windows\VideoOS.Platform.Tests.dll" adapterTypeName="executor://mstestadapter/v2" className="VideoOS.Platform.Tests.Data.MetadataCacheTests" name="GetAtOrBefore_ShouldReturnNull_WhenTimestampIsAfterLastElement" />
    </UnitTest>
    <UnitTest name="AllAttributesWerePresent_ShouldReturnFalse_WhenLeftAttributeIsMissing" storage="d:\actions-runner\_work\xpco\xpco\allsolutions\..\mip\platformplugin\videoos.platform\unittest\bin\debug\net6.0-windows\videoos.platform.tests.dll" id="040dd571-8bf0-b0e3-da88-082cc2b787fd">
      <Execution id="29e024a0-6644-4ebf-aef6-ece089181a44" />
      <TestMethod codeBase="D:\actions-runner\_work\XPCO\XPCO\AllSolutions\..\MIP\PlatformPlugin\VideoOS.Platform\unittest\bin\Debug\net6.0-windows\VideoOS.Platform.Tests.dll" adapterTypeName="executor://mstestadapter/v2" className="VideoOS.Platform.Tests.Metadata.RectangleTests" name="AllAttributesWerePresent_ShouldReturnFalse_WhenLeftAttributeIsMissing" />
    </UnitTest>
    <UnitTest name="ToArgbString_ShouldReturnStringWithLeadingHashAndHexString_Always" storage="d:\actions-runner\_work\xpco\xpco\allsolutions\..\mip\platformplugin\videoos.platform\unittest\bin\debug\net6.0-windows\videoos.platform.tests.dll" id="bef51588-d886-f6e3-fdda-95da2278aacb">
      <Execution id="85ddf181-f53c-4316-91f9-9337831fcc17" />
      <TestMethod codeBase="D:\actions-runner\_work\XPCO\XPCO\AllSolutions\..\MIP\PlatformPlugin\VideoOS.Platform\unittest\bin\Debug\net6.0-windows\VideoOS.Platform.Tests.dll" adapterTypeName="executor://mstestadapter/v2" className="VideoOS.Platform.Tests.Metadata.DisplayColorTests" name="ToArgbString_ShouldReturnStringWithLeadingHashAndHexString_Always" />
    </UnitTest>
    <UnitTest name="GetWithDateTime_ShouldReturnEntryAtOrBeforeFromToolkitResponse_WhenDataIsNotInCache" storage="d:\actions-runner\_work\xpco\xpco\allsolutions\..\mip\platformplugin\videoos.platform\unittest\bin\debug\net6.0-windows\videoos.platform.tests.dll" id="a1b04750-d1fe-a25a-b502-6c3d91504173">
      <Execution id="55a045bf-8ea6-4308-a20c-31a98441e0c0" />
      <TestMethod codeBase="D:\actions-runner\_work\XPCO\XPCO\AllSolutions\..\MIP\PlatformPlugin\VideoOS.Platform\unittest\bin\Debug\net6.0-windows\VideoOS.Platform.Tests.dll" adapterTypeName="executor://mstestadapter/v2" className="VideoOS.Platform.Tests.Data.MetadataPlaybackSourceTests" name="GetWithDateTime_ShouldReturnEntryAtOrBeforeFromToolkitResponse_WhenDataIsNotInCache" />
    </UnitTest>
    <UnitTest name="Encrypt_PropertyIsNotSet_EncryptIsFalse" storage="d:\actions-runner\_work\xpco\xpco\allsolutions\..\mip\platformplugin\videoos.platform\unittest\bin\debug\net6.0-windows\videoos.platform.tests.dll" id="720ee8ed-0afb-0470-9fbb-161042f20ddf">
      <Execution id="fe046deb-9224-4c79-8323-278903d6e8a3" />
      <TestMethod codeBase="D:\actions-runner\_work\XPCO\XPCO\AllSolutions\..\MIP\PlatformPlugin\VideoOS.Platform\unittest\bin\Debug\net6.0-windows\VideoOS.Platform.Tests.dll" adapterTypeName="executor://mstestadapter/v2" className="VideoOS.Platform.Tests.ItemTests" name="Encrypt_PropertyIsNotSet_EncryptIsFalse" />
    </UnitTest>
    <UnitTest name="TestCancelSearch_Success" storage="d:\actions-runner\_work\xpco\xpco\allsolutions\..\mip\platformplugin\videoos.platform\unittest\bin\debug\net6.0-windows\videoos.platform.tests.dll" id="65d8beb9-d4b1-7128-2631-5520f6c0ed58">
      <TestCategory>
        <TestCategoryItem TestCategory="Search" />
      </TestCategory>
      <Execution id="5801e7d3-0573-4174-9a1e-2b1bab329c43" />
      <TestMethod codeBase="D:\actions-runner\_work\XPCO\XPCO\AllSolutions\..\MIP\PlatformPlugin\VideoOS.Platform\unittest\bin\Debug\net6.0-windows\VideoOS.Platform.Tests.dll" adapterTypeName="executor://mstestadapter/v2" className="VideoOS.Platform.Tests.Search.SearchManagerTest" name="TestCancelSearch_Success" />
    </UnitTest>
    <UnitTest name="WriteXml_ShouldWriteCenterOfGravityContents_WhenCenterOfGravityIsNotNull" storage="d:\actions-runner\_work\xpco\xpco\allsolutions\..\mip\platformplugin\videoos.platform\unittest\bin\debug\net6.0-windows\videoos.platform.tests.dll" id="79bbf345-4c1f-d3ec-6206-5d160bd2b4aa">
      <Execution id="bf8b560e-ea07-420e-9f17-065899659bb3" />
      <TestMethod codeBase="D:\actions-runner\_work\XPCO\XPCO\AllSolutions\..\MIP\PlatformPlugin\VideoOS.Platform\unittest\bin\Debug\net6.0-windows\VideoOS.Platform.Tests.dll" adapterTypeName="executor://mstestadapter/v2" className="VideoOS.Platform.Tests.Metadata.ShapeTests" name="WriteXml_ShouldWriteCenterOfGravityContents_WhenCenterOfGravityIsNotNull" />
    </UnitTest>
    <UnitTest name="Serialize_TestCases (TestParentTypeMatchGenericThisTypeMatchedProperty)" storage="d:\actions-runner\_work\xpco\xpco\allsolutions\..\mip\platformplugin\videoos.platform\unittest\bin\debug\net6.0-windows\videoos.platform.tests.dll" id="db8b110d-6977-3962-2ffa-71fc401aacf0">
      <Execution id="29e851c7-c950-46de-baef-c74de8e3d564" />
      <TestMethod codeBase="D:\actions-runner\_work\XPCO\XPCO\AllSolutions\..\MIP\PlatformPlugin\VideoOS.Platform\unittest\bin\Debug\net6.0-windows\VideoOS.Platform.Tests.dll" adapterTypeName="executor://mstestadapter/v2" className="VideoOS.Platform.Tests.UI.Controls.Automation.Serialization.AutomationObjectSerializerTest" name="Serialize_TestCases" />
    </UnitTest>
    <UnitTest name="Serialize_TestCases (Verify root Struct property)" storage="d:\actions-runner\_work\xpco\xpco\allsolutions\..\mip\platformplugin\videoos.platform\unittest\bin\debug\net6.0-windows\videoos.platform.tests.dll" id="9cad257c-1706-051d-28c1-76f19f896117">
      <Execution id="8108e1b9-fdf1-44b6-ba85-3ad72212dc4a" />
      <TestMethod codeBase="D:\actions-runner\_work\XPCO\XPCO\AllSolutions\..\MIP\PlatformPlugin\VideoOS.Platform\unittest\bin\Debug\net6.0-windows\VideoOS.Platform.Tests.dll" adapterTypeName="executor://mstestadapter/v2" className="VideoOS.Platform.Tests.UI.Controls.Automation.Serialization.AutomationObjectSerializerTest" name="Serialize_TestCases" />
    </UnitTest>
    <UnitTest name="ResolveIconSource_ShouldResolveIcon_ForAllDefinedIcons" storage="d:\actions-runner\_work\xpco\xpco\allsolutions\..\mip\platformplugin\videoos.platform\unittest\bin\debug\net6.0-windows\videoos.platform.tests.dll" id="ad28a529-3946-ad0b-47a4-a29f47a70b12">
      <TestCategory>
        <TestCategoryItem TestCategory="Icons" />
      </TestCategory>
      <Execution id="29049d52-c16d-4a58-a25f-b0355a2911e6" />
      <TestMethod codeBase="D:\actions-runner\_work\XPCO\XPCO\AllSolutions\..\MIP\PlatformPlugin\VideoOS.Platform\unittest\bin\Debug\net6.0-windows\VideoOS.Platform.Tests.dll" adapterTypeName="executor://mstestadapter/v2" className="VideoOS.Platform.Tests.UI.Controls.Icons.VideoOSIconBuiltInSourceTest" name="ResolveIconSource_ShouldResolveIcon_ForAllDefinedIcons" />
    </UnitTest>
    <UnitTest name="GetBegin_ShouldReturnNull_WhenToolkitReturnsNull" storage="d:\actions-runner\_work\xpco\xpco\allsolutions\..\mip\platformplugin\videoos.platform\unittest\bin\debug\net6.0-windows\videoos.platform.tests.dll" id="55b79441-e564-906e-4208-d72830fa4d2c">
      <Execution id="484bb814-8e76-4acc-8454-9a596043ea32" />
      <TestMethod codeBase="D:\actions-runner\_work\XPCO\XPCO\AllSolutions\..\MIP\PlatformPlugin\VideoOS.Platform\unittest\bin\Debug\net6.0-windows\VideoOS.Platform.Tests.dll" adapterTypeName="executor://mstestadapter/v2" className="VideoOS.Platform.Tests.Data.MetadataPlaybackSourceTests" name="GetBegin_ShouldReturnNull_WhenToolkitReturnsNull" />
    </UnitTest>
    <UnitTest name="Ctor_WhitespaceName_Throws" storage="d:\actions-runner\_work\xpco\xpco\allsolutions\..\mip\platformplugin\videoos.platform\unittest\bin\debug\net6.0-windows\videoos.platform.tests.dll" id="88e95bf1-e2f8-873d-5b44-49c57ad713ac">
      <TestCategory>
        <TestCategoryItem TestCategory="Search" />
      </TestCategory>
      <Execution id="013c040c-bf75-4b03-ac5c-52412b0d05dc" />
      <TestMethod codeBase="D:\actions-runner\_work\XPCO\XPCO\AllSolutions\..\MIP\PlatformPlugin\VideoOS.Platform\unittest\bin\Debug\net6.0-windows\VideoOS.Platform.Tests.dll" adapterTypeName="executor://mstestadapter/v2" className="VideoOS.Platform.Tests.Search.FilterCategories.VehicleSearchFilterCategoryTest" name="Ctor_WhitespaceName_Throws" />
    </UnitTest>
    <UnitTest name="ReadXml_ShouldIgnoreUnknownTypeChildren_WhenUnknownTypeChildrenArePresent" storage="d:\actions-runner\_work\xpco\xpco\allsolutions\..\mip\platformplugin\videoos.platform\unittest\bin\debug\net6.0-windows\videoos.platform.tests.dll" id="a64f7a70-ec8c-8ab6-7e45-ca9fa7e2c2a4">
      <Execution id="29cb1232-28d3-4c55-bf8e-00c5c8923383" />
      <TestMethod codeBase="D:\actions-runner\_work\XPCO\XPCO\AllSolutions\..\MIP\PlatformPlugin\VideoOS.Platform\unittest\bin\Debug\net6.0-windows\VideoOS.Platform.Tests.dll" adapterTypeName="executor://mstestadapter/v2" className="VideoOS.Platform.Tests.Metadata.ClassCandidateTests" name="ReadXml_ShouldIgnoreUnknownTypeChildren_WhenUnknownTypeChildrenArePresent" />
    </UnitTest>
    <UnitTest name="OnSearchResultsReady_NullArgument_SearchResultReadyEventNotFired" storage="d:\actions-runner\_work\xpco\xpco\allsolutions\..\mip\platformplugin\videoos.platform\unittest\bin\debug\net6.0-windows\videoos.platform.tests.dll" id="a6df64d2-0698-ce92-fd77-5adbbae94068">
      <TestCategory>
        <TestCategoryItem TestCategory="Search" />
      </TestCategory>
      <Execution id="47dd284d-f62d-4120-b20d-a4908e78b77a" />
      <TestMethod codeBase="D:\actions-runner\_work\XPCO\XPCO\AllSolutions\..\MIP\PlatformPlugin\VideoOS.Platform\unittest\bin\Debug\net6.0-windows\VideoOS.Platform.Tests.dll" adapterTypeName="executor://mstestadapter/v2" className="VideoOS.Platform.Tests.Search.SearchDefinitionTest" name="OnSearchResultsReady_NullArgument_SearchResultReadyEventNotFired" />
    </UnitTest>
    <UnitTest name="WriteXml_ShouldWriteObjectIdAttribute_Always" storage="d:\actions-runner\_work\xpco\xpco\allsolutions\..\mip\platformplugin\videoos.platform\unittest\bin\debug\net6.0-windows\videoos.platform.tests.dll" id="0928c4fd-5774-fb06-0445-b9d9e3756a8d">
      <Execution id="d12c068e-76e5-4f92-8085-26cc9e995b93" />
      <TestMethod codeBase="D:\actions-runner\_work\XPCO\XPCO\AllSolutions\..\MIP\PlatformPlugin\VideoOS.Platform\unittest\bin\Debug\net6.0-windows\VideoOS.Platform.Tests.dll" adapterTypeName="executor://mstestadapter/v2" className="VideoOS.Platform.Tests.Metadata.OnvifObjectTests" name="WriteXml_ShouldWriteObjectIdAttribute_Always" />
    </UnitTest>
    <UnitTest name="ReadAppearanceExtensionXml_ShouldReadBoundingBoxLineColor_WhenBoundingBoxLineColorIsPresent" storage="d:\actions-runner\_work\xpco\xpco\allsolutions\..\mip\platformplugin\videoos.platform\unittest\bin\debug\net6.0-windows\videoos.platform.tests.dll" id="ac145d13-4c02-a67c-cc07-a100e99d94e8">
      <Execution id="32508e86-6898-49a9-b18e-9174c0ad6a71" />
      <TestMethod codeBase="D:\actions-runner\_work\XPCO\XPCO\AllSolutions\..\MIP\PlatformPlugin\VideoOS.Platform\unittest\bin\Debug\net6.0-windows\VideoOS.Platform.Tests.dll" adapterTypeName="executor://mstestadapter/v2" className="VideoOS.Platform.Tests.Metadata.RectangleTests" name="ReadAppearanceExtensionXml_ShouldReadBoundingBoxLineColor_WhenBoundingBoxLineColorIsPresent" />
    </UnitTest>
    <UnitTest name="ParseMetadataXmlWithString_ShouldThrowXmExceptionWithInformationOnError_WhenNamespaceIsIncorrect" storage="d:\actions-runner\_work\xpco\xpco\allsolutions\..\mip\platformplugin\videoos.platform\unittest\bin\debug\net6.0-windows\videoos.platform.tests.dll" id="d1220843-958c-7092-38af-904c7c323e51">
      <Execution id="6fcff716-4c69-40e2-8ce4-fccf5ebb45c3" />
      <TestMethod codeBase="D:\actions-runner\_work\XPCO\XPCO\AllSolutions\..\MIP\PlatformPlugin\VideoOS.Platform\unittest\bin\Debug\net6.0-windows\VideoOS.Platform.Tests.dll" adapterTypeName="executor://mstestadapter/v2" className="VideoOS.Platform.Tests.Metadata.MetadataDeserializerTests" name="ParseMetadataXmlWithString_ShouldThrowXmExceptionWithInformationOnError_WhenNamespaceIsIncorrect" />
    </UnitTest>
    <UnitTest name="AllAttributesWerePresent_ShouldReturnTrue_WhenBothXAndYAreFloats" storage="d:\actions-runner\_work\xpco\xpco\allsolutions\..\mip\platformplugin\videoos.platform\unittest\bin\debug\net6.0-windows\videoos.platform.tests.dll" id="6e083e3d-bf62-ee30-d2f0-b17d35c633ea">
      <Execution id="d26e71e0-2f6d-4e7f-9ee1-6e5916365795" />
      <TestMethod codeBase="D:\actions-runner\_work\XPCO\XPCO\AllSolutions\..\MIP\PlatformPlugin\VideoOS.Platform\unittest\bin\Debug\net6.0-windows\VideoOS.Platform.Tests.dll" adapterTypeName="executor://mstestadapter/v2" className="VideoOS.Platform.Tests.Metadata.RectangleTests" name="AllAttributesWerePresent_ShouldReturnTrue_WhenBothXAndYAreFloats" />
    </UnitTest>
    <UnitTest name="GetWithDateTime_ShouldReturnEntryAtOrBefore_WhenDataIsInCache" storage="d:\actions-runner\_work\xpco\xpco\allsolutions\..\mip\platformplugin\videoos.platform\unittest\bin\debug\net6.0-windows\videoos.platform.tests.dll" id="ca034712-fc2a-7f2e-fe84-ae45e3bb76cf">
      <Execution id="438588a5-2bc0-4ebd-a6ce-a0a133466608" />
      <TestMethod codeBase="D:\actions-runner\_work\XPCO\XPCO\AllSolutions\..\MIP\PlatformPlugin\VideoOS.Platform\unittest\bin\Debug\net6.0-windows\VideoOS.Platform.Tests.dll" adapterTypeName="executor://mstestadapter/v2" className="VideoOS.Platform.Tests.Data.MetadataPlaybackSourceTests" name="GetWithDateTime_ShouldReturnEntryAtOrBefore_WhenDataIsInCache" />
    </UnitTest>
    <UnitTest name="Serialize_TestCases (TestParentTypeMatchObjectNotThisTypeNotMatched)" storage="d:\actions-runner\_work\xpco\xpco\allsolutions\..\mip\platformplugin\videoos.platform\unittest\bin\debug\net6.0-windows\videoos.platform.tests.dll" id="10e89e15-b12c-9a1c-de4d-304fe06f5a55">
      <Execution id="9d03b2a2-e4ef-4676-ba9e-a1b5f9192e59" />
      <TestMethod codeBase="D:\actions-runner\_work\XPCO\XPCO\AllSolutions\..\MIP\PlatformPlugin\VideoOS.Platform\unittest\bin\Debug\net6.0-windows\VideoOS.Platform.Tests.dll" adapterTypeName="executor://mstestadapter/v2" className="VideoOS.Platform.Tests.UI.Controls.Automation.Serialization.AutomationObjectSerializerTest" name="Serialize_TestCases" />
    </UnitTest>
    <UnitTest name="GetColorFilterValues_NullCriteria_Throws" storage="d:\actions-runner\_work\xpco\xpco\allsolutions\..\mip\platformplugin\videoos.platform\unittest\bin\debug\net6.0-windows\videoos.platform.tests.dll" id="64de42c5-cf32-f94a-2ab2-81439a18d091">
      <TestCategory>
        <TestCategoryItem TestCategory="Search" />
      </TestCategory>
      <Execution id="d42ce5fb-db45-445a-baca-45d4c2d58191" />
      <TestMethod codeBase="D:\actions-runner\_work\XPCO\XPCO\AllSolutions\..\MIP\PlatformPlugin\VideoOS.Platform\unittest\bin\Debug\net6.0-windows\VideoOS.Platform.Tests.dll" adapterTypeName="executor://mstestadapter/v2" className="VideoOS.Platform.Tests.Search.FilterCategories.VehicleSearchFilterCategoryTest" name="GetColorFilterValues_NullCriteria_Throws" />
    </UnitTest>
    <UnitTest name="Serialize_ShouldHandleCollectionFilter_WhenMatchingCollectionTypeAndItMatches" storage="d:\actions-runner\_work\xpco\xpco\allsolutions\..\mip\platformplugin\videoos.platform\unittest\bin\debug\net6.0-windows\videoos.platform.tests.dll" id="8a93c35e-4228-1fba-033f-24c13305aa44">
      <Execution id="ef07009a-625d-4630-9af7-e84d895aef3f" />
      <TestMethod codeBase="D:\actions-runner\_work\XPCO\XPCO\AllSolutions\..\MIP\PlatformPlugin\VideoOS.Platform\unittest\bin\Debug\net6.0-windows\VideoOS.Platform.Tests.dll" adapterTypeName="executor://mstestadapter/v2" className="VideoOS.Platform.Tests.UI.Controls.Automation.Serialization.AutomationObjectSerializerTypeFilterTests" name="Serialize_ShouldHandleCollectionFilter_WhenMatchingCollectionTypeAndItMatches" />
    </UnitTest>
    <UnitTest name="GetPrevious_ShouldReturnNull_WhenFirstEntryWasCalled" storage="d:\actions-runner\_work\xpco\xpco\allsolutions\..\mip\platformplugin\videoos.platform\unittest\bin\debug\net6.0-windows\videoos.platform.tests.dll" id="7c55a314-e50c-cf7f-eb2f-1d2ce3940e80">
      <Execution id="33d7b1f9-7f90-4ed7-b064-e9b5074a9cc7" />
      <TestMethod codeBase="D:\actions-runner\_work\XPCO\XPCO\AllSolutions\..\MIP\PlatformPlugin\VideoOS.Platform\unittest\bin\Debug\net6.0-windows\VideoOS.Platform.Tests.dll" adapterTypeName="executor://mstestadapter/v2" className="VideoOS.Platform.Tests.Data.MetadataCacheTests" name="GetPrevious_ShouldReturnNull_WhenFirstEntryWasCalled" />
    </UnitTest>
    <UnitTest name="CreateSearchFilterEditControl_MultiplePlugins_Success" storage="d:\actions-runner\_work\xpco\xpco\allsolutions\..\mip\platformplugin\videoos.platform\unittest\bin\debug\net6.0-windows\videoos.platform.tests.dll" id="7e3c3908-f70c-8d41-e8fe-866ddfe5a4bc">
      <TestCategory>
        <TestCategoryItem TestCategory="Search" />
      </TestCategory>
      <Execution id="330302d0-641f-42b0-b27b-a07b05448aef" />
      <TestMethod codeBase="D:\actions-runner\_work\XPCO\XPCO\AllSolutions\..\MIP\PlatformPlugin\VideoOS.Platform\unittest\bin\Debug\net6.0-windows\VideoOS.Platform.Tests.dll" adapterTypeName="executor://mstestadapter/v2" className="VideoOS.Platform.Tests.Search.SearchUserControlResolverTest" name="CreateSearchFilterEditControl_MultiplePlugins_Success" />
    </UnitTest>
    <UnitTest name="GenerateParameters_ShouldWriteFpsRange_WhenFpsRangeIsNotNull" storage="d:\actions-runner\_work\xpco\xpco\allsolutions\..\mip\platformplugin\videoos.platform\unittest\bin\debug\net6.0-windows\videoos.platform.tests.dll" id="dd6afc15-10c5-b303-c76e-273eabfa3bb0">
      <Execution id="1a167f67-1823-4011-8b51-240d274a4bab" />
      <TestMethod codeBase="D:\actions-runner\_work\XPCO\XPCO\AllSolutions\..\MIP\PlatformPlugin\VideoOS.Platform\unittest\bin\Debug\net6.0-windows\VideoOS.Platform.Tests.dll" adapterTypeName="executor://mstestadapter/v2" className="VideoOS.Platform.Tests.Data.CameraDeviceDefinitionTests" name="GenerateParameters_ShouldWriteFpsRange_WhenFpsRangeIsNotNull" />
    </UnitTest>
    <UnitTest name="HostInitialized_ShouldNotInvokeCallback_WhenInitializedWithoutItems" storage="d:\actions-runner\_work\xpco\xpco\allsolutions\..\mip\platformplugin\videoos.platform\unittest\bin\debug\net6.0-windows\videoos.platform.tests.dll" id="add90257-7bfd-08af-414a-c1fd006f1b8f">
      <Execution id="9cbceff9-a648-4db9-944f-258469ea9c86" />
      <TestMethod codeBase="D:\actions-runner\_work\XPCO\XPCO\AllSolutions\..\MIP\PlatformPlugin\VideoOS.Platform\unittest\bin\Debug\net6.0-windows\VideoOS.Platform.Tests.dll" adapterTypeName="executor://mstestadapter/v2" className="VideoOS.Platform.Tests.UI.Controls.CollectionHelperGenericTest" name="HostInitialized_ShouldNotInvokeCallback_WhenInitializedWithoutItems" />
    </UnitTest>
    <UnitTest name="ReadXml_ShouldSetAllFieldsToNull_WhenElementIsEmpty" storage="d:\actions-runner\_work\xpco\xpco\allsolutions\..\mip\platformplugin\videoos.platform\unittest\bin\debug\net6.0-windows\videoos.platform.tests.dll" id="548fd08b-2d94-5257-d985-826bbe47bde9">
      <Execution id="0cb98217-e8f3-454a-a636-e1efeb12c8ce" />
      <TestMethod codeBase="D:\actions-runner\_work\XPCO\XPCO\AllSolutions\..\MIP\PlatformPlugin\VideoOS.Platform\unittest\bin\Debug\net6.0-windows\VideoOS.Platform.Tests.dll" adapterTypeName="executor://mstestadapter/v2" className="VideoOS.Platform.Tests.Metadata.AppearanceTests" name="ReadXml_ShouldSetAllFieldsToNull_WhenElementIsEmpty" />
    </UnitTest>
    <UnitTest name="Serialize_TestCases (Verify root Struct property get property value)" storage="d:\actions-runner\_work\xpco\xpco\allsolutions\..\mip\platformplugin\videoos.platform\unittest\bin\debug\net6.0-windows\videoos.platform.tests.dll" id="b017e7d9-0b01-2855-1b02-e7d76489a091">
      <Execution id="2b672684-7b98-4243-be1c-feaddc9a114c" />
      <TestMethod codeBase="D:\actions-runner\_work\XPCO\XPCO\AllSolutions\..\MIP\PlatformPlugin\VideoOS.Platform\unittest\bin\Debug\net6.0-windows\VideoOS.Platform.Tests.dll" adapterTypeName="executor://mstestadapter/v2" className="VideoOS.Platform.Tests.UI.Controls.Automation.Serialization.AutomationObjectSerializerTest" name="Serialize_TestCases" />
    </UnitTest>
    <UnitTest name="Minimize_ShouldReturnOneInterval_WhenListContainsThreeOverlappingIntervalsContainingEachOtherReversed" storage="d:\actions-runner\_work\xpco\xpco\allsolutions\..\mip\platformplugin\videoos.platform\unittest\bin\debug\net6.0-windows\videoos.platform.tests.dll" id="0fbb0657-5fcb-c22d-ba1e-66fc2f5570e3">
      <Execution id="8419d123-9f83-433b-805c-66504d7a7655" />
      <TestMethod codeBase="D:\actions-runner\_work\XPCO\XPCO\AllSolutions\..\MIP\PlatformPlugin\VideoOS.Platform\unittest\bin\Debug\net6.0-windows\VideoOS.Platform.Tests.dll" adapterTypeName="executor://mstestadapter/v2" className="VideoOS.Platform.Tests.Util.TimeIntervalTests" name="Minimize_ShouldReturnOneInterval_WhenListContainsThreeOverlappingIntervalsContainingEachOtherReversed" />
    </UnitTest>
    <UnitTest name="Match_Success_SystemTypeAnyMessage" storage="d:\actions-runner\_work\xpco\xpco\allsolutions\..\mip\platformplugin\videoos.platform\unittest\bin\debug\net6.0-windows\videoos.platform.tests.dll" id="43549381-b46a-2b58-13a9-b35484e42c71">
      <Execution id="5b135430-ef63-4ff4-9f33-1cc2e7cd87da" />
      <TestMethod codeBase="D:\actions-runner\_work\XPCO\XPCO\AllSolutions\..\MIP\PlatformPlugin\VideoOS.Platform\unittest\bin\Debug\net6.0-windows\VideoOS.Platform.Tests.dll" adapterTypeName="executor://mstestadapter/v2" className="VideoOS.Platform.Tests.Messaging.CommunicationIdFilterTests" name="Match_Success_SystemTypeAnyMessage" />
    </UnitTest>
    <UnitTest name="MatchId_Success_MessageWithAsteriskAtBegin_NoBegin" storage="d:\actions-runner\_work\xpco\xpco\allsolutions\..\mip\platformplugin\videoos.platform\unittest\bin\debug\net6.0-windows\videoos.platform.tests.dll" id="8601fe89-72a2-9ba5-8e62-8c183b00fe8c">
      <Execution id="0db1e7eb-6f05-4b35-9994-4fe84f368c6a" />
      <TestMethod codeBase="D:\actions-runner\_work\XPCO\XPCO\AllSolutions\..\MIP\PlatformPlugin\VideoOS.Platform\unittest\bin\Debug\net6.0-windows\VideoOS.Platform.Tests.dll" adapterTypeName="executor://mstestadapter/v2" className="VideoOS.Platform.Tests.Messaging.CommunicationIdFilterTests" name="MatchId_Success_MessageWithAsteriskAtBegin_NoBegin" />
    </UnitTest>
    <UnitTest name="CountByItems_Activated_CountByCounter_Grace1" storage="d:\actions-runner\_work\xpco\xpco\allsolutions\..\mip\platformplugin\videoos.platform\unittest\bin\debug\net6.0-windows\videoos.platform.tests.dll" id="a3d1fe6d-f6a5-f28a-ba65-630894318089">
      <Execution id="22a3ea86-a61e-4ca0-b06d-25bd1a3232bd" />
      <TestMethod codeBase="D:\actions-runner\_work\XPCO\XPCO\AllSolutions\..\MIP\PlatformPlugin\VideoOS.Platform\unittest\bin\Debug\net6.0-windows\VideoOS.Platform.Tests.dll" adapterTypeName="executor://mstestadapter/v2" className="VideoOS.Platform.Tests.License.ResolvedLicenseCountTest" name="CountByItems_Activated_CountByCounter_Grace1" />
    </UnitTest>
    <UnitTest name="Serialize_ShouldHandleRecursiveProperty" storage="d:\actions-runner\_work\xpco\xpco\allsolutions\..\mip\platformplugin\videoos.platform\unittest\bin\debug\net6.0-windows\videoos.platform.tests.dll" id="16af9e4d-1460-4181-5a4a-fd51a2b844f5">
      <Execution id="d1e10f1f-3799-4b61-8706-302e858f07d3" />
      <TestMethod codeBase="D:\actions-runner\_work\XPCO\XPCO\AllSolutions\..\MIP\PlatformPlugin\VideoOS.Platform\unittest\bin\Debug\net6.0-windows\VideoOS.Platform.Tests.dll" adapterTypeName="executor://mstestadapter/v2" className="VideoOS.Platform.Tests.UI.Controls.Automation.Serialization.AutomationObjectSerializerRecursionTests" name="Serialize_ShouldHandleRecursiveProperty" />
    </UnitTest>
    <UnitTest name="ReadXml_ShouldLogWarning_WhenIncompleteWhenIncompleteScaleIsPresent" storage="d:\actions-runner\_work\xpco\xpco\allsolutions\..\mip\platformplugin\videoos.platform\unittest\bin\debug\net6.0-windows\videoos.platform.tests.dll" id="18ccdaf8-d982-0e82-d316-63446f746fd7">
      <Execution id="a3b8c25f-ef3e-4569-bf84-070f203a3ab2" />
      <TestMethod codeBase="D:\actions-runner\_work\XPCO\XPCO\AllSolutions\..\MIP\PlatformPlugin\VideoOS.Platform\unittest\bin\Debug\net6.0-windows\VideoOS.Platform.Tests.dll" adapterTypeName="executor://mstestadapter/v2" className="VideoOS.Platform.Tests.Metadata.TransformationTests" name="ReadXml_ShouldLogWarning_WhenIncompleteWhenIncompleteScaleIsPresent" />
    </UnitTest>
    <UnitTest name="GenerateDeviceCapabilityParameters_ShouldWriteTypeDisplayId_WhenAlways" storage="d:\actions-runner\_work\xpco\xpco\allsolutions\..\mip\platformplugin\videoos.platform\unittest\bin\debug\net6.0-windows\videoos.platform.tests.dll" id="23408848-110d-2bfe-6354-e8de8927ac23">
      <Execution id="f732c752-341e-4d94-b04a-d57b74ac3c42" />
      <TestMethod codeBase="D:\actions-runner\_work\XPCO\XPCO\AllSolutions\..\MIP\PlatformPlugin\VideoOS.Platform\unittest\bin\Debug\net6.0-windows\VideoOS.Platform.Tests.dll" adapterTypeName="executor://mstestadapter/v2" className="VideoOS.Platform.Tests.Data.MetadataDeviceCapabilityTests" name="GenerateDeviceCapabilityParameters_ShouldWriteTypeDisplayId_WhenAlways" />
    </UnitTest>
    <UnitTest name="Hash_Check" storage="d:\actions-runner\_work\xpco\xpco\allsolutions\..\mip\platformplugin\videoos.platform\unittest\bin\debug\net6.0-windows\videoos.platform.tests.dll" id="5c99a102-e3d2-3ea7-d358-687ae3a56806">
      <Execution id="cf1b8c81-3467-4d42-b42b-233cc0e71973" />
      <TestMethod codeBase="D:\actions-runner\_work\XPCO\XPCO\AllSolutions\..\MIP\PlatformPlugin\VideoOS.Platform\unittest\bin\Debug\net6.0-windows\VideoOS.Platform.Tests.dll" adapterTypeName="executor://mstestadapter/v2" className="VideoOS.Platform.Tests.Messaging.CommunicationIdFilterTests" name="Hash_Check" />
    </UnitTest>
    <UnitTest name="GetBegin_ShouldReturnFirstMetadataContent_WhenThereIsData" storage="d:\actions-runner\_work\xpco\xpco\allsolutions\..\mip\platformplugin\videoos.platform\unittest\bin\debug\net6.0-windows\videoos.platform.tests.dll" id="f11fb068-5020-6fdd-64d4-9eae97e7b7c3">
      <Execution id="a72d55db-f58f-4ef2-aff5-7362a86a2a4d" />
      <TestMethod codeBase="D:\actions-runner\_work\XPCO\XPCO\AllSolutions\..\MIP\PlatformPlugin\VideoOS.Platform\unittest\bin\Debug\net6.0-windows\VideoOS.Platform.Tests.dll" adapterTypeName="executor://mstestadapter/v2" className="VideoOS.Platform.Tests.Data.MetadataPlaybackSourceTests" name="GetBegin_ShouldReturnFirstMetadataContent_WhenThereIsData" />
    </UnitTest>
    <UnitTest name="ReadXml_ShouldReadClassCandidate_WhenCorrectClassCandidateIsPresent" storage="d:\actions-runner\_work\xpco\xpco\allsolutions\..\mip\platformplugin\videoos.platform\unittest\bin\debug\net6.0-windows\videoos.platform.tests.dll" id="3fce05ef-b530-f8da-eaa9-a5674fdfcd79">
      <Execution id="c8ceb887-4a6b-47d9-a9d8-b16e60dee398" />
      <TestMethod codeBase="D:\actions-runner\_work\XPCO\XPCO\AllSolutions\..\MIP\PlatformPlugin\VideoOS.Platform\unittest\bin\Debug\net6.0-windows\VideoOS.Platform.Tests.dll" adapterTypeName="executor://mstestadapter/v2" className="VideoOS.Platform.Tests.Metadata.OnvifClassTests" name="ReadXml_ShouldReadClassCandidate_WhenCorrectClassCandidateIsPresent" />
    </UnitTest>
    <UnitTest name="ReadXml_ShouldIgnoreUnknownChildren_WhenUnknownChildrenArePresent" storage="d:\actions-runner\_work\xpco\xpco\allsolutions\..\mip\platformplugin\videoos.platform\unittest\bin\debug\net6.0-windows\videoos.platform.tests.dll" id="dc042fe4-506a-6277-bf5c-9f1d13854fc7">
      <Execution id="92212a07-91bf-41cd-8217-6b97a268a0e2" />
      <TestMethod codeBase="D:\actions-runner\_work\XPCO\XPCO\AllSolutions\..\MIP\PlatformPlugin\VideoOS.Platform\unittest\bin\Debug\net6.0-windows\VideoOS.Platform.Tests.dll" adapterTypeName="executor://mstestadapter/v2" className="VideoOS.Platform.Tests.Metadata.ClassCandidateTests" name="ReadXml_ShouldIgnoreUnknownChildren_WhenUnknownChildrenArePresent" />
    </UnitTest>
    <UnitTest name="Equals_ShouldHaveValueSemantics_Always" storage="d:\actions-runner\_work\xpco\xpco\allsolutions\..\mip\platformplugin\videoos.platform\unittest\bin\debug\net6.0-windows\videoos.platform.tests.dll" id="c3f2a1aa-ab89-7f2c-6103-bf1d2150d50b">
      <Execution id="e40c88ac-725b-4dd5-ba3c-823148367266" />
      <TestMethod codeBase="D:\actions-runner\_work\XPCO\XPCO\AllSolutions\..\MIP\PlatformPlugin\VideoOS.Platform\unittest\bin\Debug\net6.0-windows\VideoOS.Platform.Tests.dll" adapterTypeName="executor://mstestadapter/v2" className="VideoOS.Platform.Tests.Metadata.MetadataStreamTests" name="Equals_ShouldHaveValueSemantics_Always" />
    </UnitTest>
    <UnitTest name="GetCompatibilityHandler_ShouldReturnFips_WhenCalledFromEventServer" storage="d:\actions-runner\_work\xpco\xpco\allsolutions\..\mip\platformplugin\videoos.platform\unittest\bin\debug\net6.0-windows\videoos.platform.tests.dll" id="eafa657a-e693-c387-5dc5-3b7f787deb74">
      <Execution id="f0234aed-4614-4e17-a539-3092c77e3caf" />
      <TestMethod codeBase="D:\actions-runner\_work\XPCO\XPCO\AllSolutions\..\MIP\PlatformPlugin\VideoOS.Platform\unittest\bin\Debug\net6.0-windows\VideoOS.Platform.Tests.dll" adapterTypeName="executor://mstestadapter/v2" className="VideoOS.Platform.Tests.License.LicenseManagerTests" name="GetCompatibilityHandler_ShouldReturnFips_WhenCalledFromEventServer" />
    </UnitTest>
    <UnitTest name="ClearFilterValues_UnknownFilter_DoesNothing" storage="d:\actions-runner\_work\xpco\xpco\allsolutions\..\mip\platformplugin\videoos.platform\unittest\bin\debug\net6.0-windows\videoos.platform.tests.dll" id="f54c02f6-10d6-820a-6be3-9cf15ec86940">
      <TestCategory>
        <TestCategoryItem TestCategory="Search" />
      </TestCategory>
      <Execution id="65a18597-d427-4b53-95f2-d01805c25c6c" />
      <TestMethod codeBase="D:\actions-runner\_work\XPCO\XPCO\AllSolutions\..\MIP\PlatformPlugin\VideoOS.Platform\unittest\bin\Debug\net6.0-windows\VideoOS.Platform.Tests.dll" adapterTypeName="executor://mstestadapter/v2" className="VideoOS.Platform.Tests.Search.SearchCriteriaTest" name="ClearFilterValues_UnknownFilter_DoesNothing" />
    </UnitTest>
    <UnitTest name="GenerateParameters_ShouldCallGenerateDeviceParametersWithCorrectPrefix_WhenThereAreMetadataDevices" storage="d:\actions-runner\_work\xpco\xpco\allsolutions\..\mip\platformplugin\videoos.platform\unittest\bin\debug\net6.0-windows\videoos.platform.tests.dll" id="773f1d7a-65a5-fa09-a454-1d73dbdebf1c">
      <Execution id="ef495972-b0eb-460e-b3f2-ab0f0d43d8f7" />
      <TestMethod codeBase="D:\actions-runner\_work\XPCO\XPCO\AllSolutions\..\MIP\PlatformPlugin\VideoOS.Platform\unittest\bin\Debug\net6.0-windows\VideoOS.Platform.Tests.dll" adapterTypeName="executor://mstestadapter/v2" className="VideoOS.Platform.Tests.Data.HardwareDefinitionTests" name="GenerateParameters_ShouldCallGenerateDeviceParametersWithCorrectPrefix_WhenThereAreMetadataDevices" />
    </UnitTest>
    <UnitTest name="SelectionFilterValue_Deserialize_Success" storage="d:\actions-runner\_work\xpco\xpco\allsolutions\..\mip\platformplugin\videoos.platform\unittest\bin\debug\net6.0-windows\videoos.platform.tests.dll" id="22940ce1-f9a1-0a34-055d-4f72c4c54fbb">
      <TestCategory>
        <TestCategoryItem TestCategory="Search" />
      </TestCategory>
      <Execution id="959e694b-98cf-4d1d-9d90-6349a7e39fff" />
      <TestMethod codeBase="D:\actions-runner\_work\XPCO\XPCO\AllSolutions\..\MIP\PlatformPlugin\VideoOS.Platform\unittest\bin\Debug\net6.0-windows\VideoOS.Platform.Tests.dll" adapterTypeName="executor://mstestadapter/v2" className="VideoOS.Platform.Tests.Search.FilterValues.FilterValueTests" name="SelectionFilterValue_Deserialize_Success" />
    </UnitTest>
    <UnitTest name="WriteXml_ShouldWriteClassElement_WhenClassIsNotNull" storage="d:\actions-runner\_work\xpco\xpco\allsolutions\..\mip\platformplugin\videoos.platform\unittest\bin\debug\net6.0-windows\videoos.platform.tests.dll" id="f851da50-448f-2d4e-828e-d2ff64fc9049">
      <Execution id="d725ea1a-2fa4-4788-9318-6962bbe8aee1" />
      <TestMethod codeBase="D:\actions-runner\_work\XPCO\XPCO\AllSolutions\..\MIP\PlatformPlugin\VideoOS.Platform\unittest\bin\Debug\net6.0-windows\VideoOS.Platform.Tests.dll" adapterTypeName="executor://mstestadapter/v2" className="VideoOS.Platform.Tests.Metadata.AppearanceTests" name="WriteXml_ShouldWriteClassElement_WhenClassIsNotNull" />
    </UnitTest>
    <UnitTest name="Serialize_TestCases (TestParentTypeMatchObjectThisTypeMatched)" storage="d:\actions-runner\_work\xpco\xpco\allsolutions\..\mip\platformplugin\videoos.platform\unittest\bin\debug\net6.0-windows\videoos.platform.tests.dll" id="c9bdf071-dd03-b2a0-4e56-4edadb6f7ef7">
      <Execution id="c7174357-af06-4e6a-9616-16afc9cfeae2" />
      <TestMethod codeBase="D:\actions-runner\_work\XPCO\XPCO\AllSolutions\..\MIP\PlatformPlugin\VideoOS.Platform\unittest\bin\Debug\net6.0-windows\VideoOS.Platform.Tests.dll" adapterTypeName="executor://mstestadapter/v2" className="VideoOS.Platform.Tests.UI.Controls.Automation.Serialization.AutomationObjectSerializerTest" name="Serialize_TestCases" />
    </UnitTest>
    <UnitTest name="RegionSelectionFilterValue_DeserializeWithMissingItem_Fails" storage="d:\actions-runner\_work\xpco\xpco\allsolutions\..\mip\platformplugin\videoos.platform\unittest\bin\debug\net6.0-windows\videoos.platform.tests.dll" id="60e95dc2-1384-1da5-37c2-e879ef01c39a">
      <TestCategory>
        <TestCategoryItem TestCategory="Search" />
      </TestCategory>
      <Execution id="a633b6b3-85e4-4c19-bded-8365ee8b55c0" />
      <TestMethod codeBase="D:\actions-runner\_work\XPCO\XPCO\AllSolutions\..\MIP\PlatformPlugin\VideoOS.Platform\unittest\bin\Debug\net6.0-windows\VideoOS.Platform.Tests.dll" adapterTypeName="executor://mstestadapter/v2" className="VideoOS.Platform.Tests.Search.FilterValues.FilterValueTests" name="RegionSelectionFilterValue_DeserializeWithMissingItem_Fails" />
    </UnitTest>
    <UnitTest name="Version_ShouldHaveDefaultValueOf10_WhenNotSetExplicitly" storage="d:\actions-runner\_work\xpco\xpco\allsolutions\..\mip\platformplugin\videoos.platform\unittest\bin\debug\net6.0-windows\videoos.platform.tests.dll" id="12eef7c4-a391-5bc7-ef04-b727ebe57366">
      <Execution id="f13bf7f3-765a-4e58-82df-819200cec39b" />
      <TestMethod codeBase="D:\actions-runner\_work\XPCO\XPCO\AllSolutions\..\MIP\PlatformPlugin\VideoOS.Platform\unittest\bin\Debug\net6.0-windows\VideoOS.Platform.Tests.dll" adapterTypeName="executor://mstestadapter/v2" className="VideoOS.Platform.Tests.Metadata.NavigationalDataTests" name="Version_ShouldHaveDefaultValueOf10_WhenNotSetExplicitly" />
    </UnitTest>
    <UnitTest name="ProvideValue_ShouldUseNull_WhenMultipleItemsSelected" storage="d:\actions-runner\_work\xpco\xpco\allsolutions\..\mip\platformplugin\videoos.platform\unittest\bin\debug\net6.0-windows\videoos.platform.tests.dll" id="61262ea9-2fff-4876-558f-09adf2a65523">
      <TestCategory>
        <TestCategoryItem TestCategory="DropDowns" />
      </TestCategory>
      <Execution id="c68c0bf3-0eea-4554-9014-9bbed64797d8" />
      <TestMethod codeBase="D:\actions-runner\_work\XPCO\XPCO\AllSolutions\..\MIP\PlatformPlugin\VideoOS.Platform\unittest\bin\Debug\net6.0-windows\VideoOS.Platform.Tests.dll" adapterTypeName="executor://mstestadapter/v2" className="VideoOS.Platform.Tests.UI.Controls.DropDowns.Internal.SelectedItemContentTemplateExtensionTest" name="ProvideValue_ShouldUseNull_WhenMultipleItemsSelected" />
    </UnitTest>
    <UnitTest name="Serialize_TestCases (Verify root Enum property)" storage="d:\actions-runner\_work\xpco\xpco\allsolutions\..\mip\platformplugin\videoos.platform\unittest\bin\debug\net6.0-windows\videoos.platform.tests.dll" id="8a69bbb6-4d99-f1ab-2fdd-1eed357c20f0">
      <Execution id="2f069ed6-a0a6-4200-883d-e142feb30fff" />
      <TestMethod codeBase="D:\actions-runner\_work\XPCO\XPCO\AllSolutions\..\MIP\PlatformPlugin\VideoOS.Platform\unittest\bin\Debug\net6.0-windows\VideoOS.Platform.Tests.dll" adapterTypeName="executor://mstestadapter/v2" className="VideoOS.Platform.Tests.UI.Controls.Automation.Serialization.AutomationObjectSerializerTest" name="Serialize_TestCases" />
    </UnitTest>
    <UnitTest name="Serialize_TestCases (TestParentCollectionEmptyArrayProperty)" storage="d:\actions-runner\_work\xpco\xpco\allsolutions\..\mip\platformplugin\videoos.platform\unittest\bin\debug\net6.0-windows\videoos.platform.tests.dll" id="c78e11d7-0167-713c-2051-cb0d25992222">
      <Execution id="e9cc869a-c955-4e61-8e6a-c2b94da094d1" />
      <TestMethod codeBase="D:\actions-runner\_work\XPCO\XPCO\AllSolutions\..\MIP\PlatformPlugin\VideoOS.Platform\unittest\bin\Debug\net6.0-windows\VideoOS.Platform.Tests.dll" adapterTypeName="executor://mstestadapter/v2" className="VideoOS.Platform.Tests.UI.Controls.Automation.Serialization.AutomationObjectSerializerTest" name="Serialize_TestCases" />
    </UnitTest>
    <UnitTest name="Items_EmptyList_TreeviewEmpty" storage="d:\actions-runner\_work\xpco\xpco\allsolutions\..\mip\platformplugin\videoos.platform\unittest\bin\debug\net6.0-windows\videoos.platform.tests.dll" id="fc1fc2c4-ffdf-b544-ce27-92bf115fe30b">
      <Execution id="e189f8f4-bb88-4c1d-8ebd-3fbf7fcd713e" />
      <TestMethod codeBase="D:\actions-runner\_work\XPCO\XPCO\AllSolutions\..\MIP\PlatformPlugin\VideoOS.Platform\unittest\bin\Debug\net6.0-windows\VideoOS.Platform.Tests.dll" adapterTypeName="executor://mstestadapter/v2" className="VideoOS.Platform.Tests.UI.ItemPicker.ItemPickerViewModelTest" name="Items_EmptyList_TreeviewEmpty" />
    </UnitTest>
    <UnitTest name="ReadXml_ShouldLogWarningTwiceWhenMoreThanOneMinuteBetweenWarnings_WhenElementErrorsAreDetected" storage="d:\actions-runner\_work\xpco\xpco\allsolutions\..\mip\platformplugin\videoos.platform\unittest\bin\debug\net6.0-windows\videoos.platform.tests.dll" id="acaeb9e2-224e-f43f-7505-888da6b80f9b">
      <Execution id="d986b0d8-b112-4c8e-a6c5-8fd85481f0b4" />
      <TestMethod codeBase="D:\actions-runner\_work\XPCO\XPCO\AllSolutions\..\MIP\PlatformPlugin\VideoOS.Platform\unittest\bin\Debug\net6.0-windows\VideoOS.Platform.Tests.dll" adapterTypeName="executor://mstestadapter/v2" className="VideoOS.Platform.Tests.Metadata.ClassCandidateTests" name="ReadXml_ShouldLogWarningTwiceWhenMoreThanOneMinuteBetweenWarnings_WhenElementErrorsAreDetected" />
    </UnitTest>
    <UnitTest name="ReadXml_ShouldReadDescription_WhenDescriptionIsPresent" storage="d:\actions-runner\_work\xpco\xpco\allsolutions\..\mip\platformplugin\videoos.platform\unittest\bin\debug\net6.0-windows\videoos.platform.tests.dll" id="f7a1083e-5a21-1e01-c13b-18623a6702d9">
      <Execution id="b1beed3c-6d55-462e-8d01-d7dd8b5961bd" />
      <TestMethod codeBase="D:\actions-runner\_work\XPCO\XPCO\AllSolutions\..\MIP\PlatformPlugin\VideoOS.Platform\unittest\bin\Debug\net6.0-windows\VideoOS.Platform.Tests.dll" adapterTypeName="executor://mstestadapter/v2" className="VideoOS.Platform.Tests.Metadata.AppearanceTests" name="ReadXml_ShouldReadDescription_WhenDescriptionIsPresent" />
    </UnitTest>
    <UnitTest name="ParseMetadataXmlWithBytes_ShouldReturnCorrectObjects_WhenBinaryDataContainsCorrectXml" storage="d:\actions-runner\_work\xpco\xpco\allsolutions\..\mip\platformplugin\videoos.platform\unittest\bin\debug\net6.0-windows\videoos.platform.tests.dll" id="4331be32-8242-7bcf-516a-a7263d816796">
      <Execution id="387ffde9-ad02-4445-b31d-0a42607f3b7f" />
      <TestMethod codeBase="D:\actions-runner\_work\XPCO\XPCO\AllSolutions\..\MIP\PlatformPlugin\VideoOS.Platform\unittest\bin\Debug\net6.0-windows\VideoOS.Platform.Tests.dll" adapterTypeName="executor://mstestadapter/v2" className="VideoOS.Platform.Tests.Metadata.MetadataDeserializerTests" name="ParseMetadataXmlWithBytes_ShouldReturnCorrectObjects_WhenBinaryDataContainsCorrectXml" />
    </UnitTest>
    <UnitTest name="IsValid_ShouldBeSetToTrue_WhenCenterOfGravityIsMissing" storage="d:\actions-runner\_work\xpco\xpco\allsolutions\..\mip\platformplugin\videoos.platform\unittest\bin\debug\net6.0-windows\videoos.platform.tests.dll" id="a41a1003-2242-10b8-735d-2b3636a491be">
      <Execution id="732b6918-990b-450d-ae00-282a9ae0bf7c" />
      <TestMethod codeBase="D:\actions-runner\_work\XPCO\XPCO\AllSolutions\..\MIP\PlatformPlugin\VideoOS.Platform\unittest\bin\Debug\net6.0-windows\VideoOS.Platform.Tests.dll" adapterTypeName="executor://mstestadapter/v2" className="VideoOS.Platform.Tests.Metadata.ShapeTests" name="IsValid_ShouldBeSetToTrue_WhenCenterOfGravityIsMissing" />
    </UnitTest>
    <UnitTest name="ProvideValue_ShouldChangeContent_WhenItemDataPropertyNameChangesFromOneValueToAnother" storage="d:\actions-runner\_work\xpco\xpco\allsolutions\..\mip\platformplugin\videoos.platform\unittest\bin\debug\net6.0-windows\videoos.platform.tests.dll" id="341aa1b2-3b64-c4e7-896b-2d80cfc15011">
      <TestCategory>
        <TestCategoryItem TestCategory="TabControls" />
      </TestCategory>
      <Execution id="406cec14-c22c-43c6-992c-791b8d48b403" />
      <TestMethod codeBase="D:\actions-runner\_work\XPCO\XPCO\AllSolutions\..\MIP\PlatformPlugin\VideoOS.Platform\unittest\bin\Debug\net6.0-windows\VideoOS.Platform.Tests.dll" adapterTypeName="executor://mstestadapter/v2" className="VideoOS.Platform.Tests.UI.Controls.TabControls.Internal.Primary.ItemContentExtensionTest" name="ProvideValue_ShouldChangeContent_WhenItemDataPropertyNameChangesFromOneValueToAnother" />
    </UnitTest>
    <UnitTest name="Ctor_TwoCustomFilters_Success" storage="d:\actions-runner\_work\xpco\xpco\allsolutions\..\mip\platformplugin\videoos.platform\unittest\bin\debug\net6.0-windows\videoos.platform.tests.dll" id="673d5a8a-8f58-a8c0-2572-e1a8f9618e54">
      <TestCategory>
        <TestCategoryItem TestCategory="Search" />
      </TestCategory>
      <Execution id="74d19cf9-ff25-4df1-813a-93af12d2c3f8" />
      <TestMethod codeBase="D:\actions-runner\_work\XPCO\XPCO\AllSolutions\..\MIP\PlatformPlugin\VideoOS.Platform\unittest\bin\Debug\net6.0-windows\VideoOS.Platform.Tests.dll" adapterTypeName="executor://mstestadapter/v2" className="VideoOS.Platform.Tests.Search.FilterCategories.VehicleSearchFilterCategoryTest" name="Ctor_TwoCustomFilters_Success" />
    </UnitTest>
    <UnitTest name="Serialize_TestCases (TestParentTypeMatchEnumNotThisTypeNotMatched)" storage="d:\actions-runner\_work\xpco\xpco\allsolutions\..\mip\platformplugin\videoos.platform\unittest\bin\debug\net6.0-windows\videoos.platform.tests.dll" id="878adaec-8c5a-d59b-9da3-9b3871dea119">
      <Execution id="3bb3acf7-76ae-46f0-ba5c-e7b684cc8e94" />
      <TestMethod codeBase="D:\actions-runner\_work\XPCO\XPCO\AllSolutions\..\MIP\PlatformPlugin\VideoOS.Platform\unittest\bin\Debug\net6.0-windows\VideoOS.Platform.Tests.dll" adapterTypeName="executor://mstestadapter/v2" className="VideoOS.Platform.Tests.UI.Controls.Automation.Serialization.AutomationObjectSerializerTest" name="Serialize_TestCases" />
    </UnitTest>
    <UnitTest name="IsCriteriaAccepted_WithKindsFilter_WhenItemKindIsNotValid_False" storage="d:\actions-runner\_work\xpco\xpco\allsolutions\..\mip\platformplugin\videoos.platform\unittest\bin\debug\net6.0-windows\videoos.platform.tests.dll" id="f03417c3-eb2e-18cd-8003-c8d213c40e6f">
      <Execution id="33b88150-c2c0-4fae-bd96-cb871c2481f9" />
      <TestMethod codeBase="D:\actions-runner\_work\XPCO\XPCO\AllSolutions\..\MIP\PlatformPlugin\VideoOS.Platform\unittest\bin\Debug\net6.0-windows\VideoOS.Platform.Tests.dll" adapterTypeName="executor://mstestadapter/v2" className="VideoOS.Platform.Tests.UI.ItemPicker.ItemPickerViewModelTest" name="IsCriteriaAccepted_WithKindsFilter_WhenItemKindIsNotValid_False" />
    </UnitTest>
    <UnitTest name="Get_KeyNotPresent_ReturnsNull" storage="d:\actions-runner\_work\xpco\xpco\allsolutions\..\mip\platformplugin\videoos.platform\unittest\bin\debug\net6.0-windows\videoos.platform.tests.dll" id="eb2478e2-607b-274e-dc5e-7e8aa422b888">
      <Execution id="aab0c6d2-f010-42fe-9ddc-fcc6fe91010a" />
      <TestMethod codeBase="D:\actions-runner\_work\XPCO\XPCO\AllSolutions\..\MIP\PlatformPlugin\VideoOS.Platform\unittest\bin\Debug\net6.0-windows\VideoOS.Platform.Tests.dll" adapterTypeName="executor://mstestadapter/v2" className="VideoOS.Platform.Tests.Util.Queue.LRUCacheTests" name="Get_KeyNotPresent_ReturnsNull" />
    </UnitTest>
    <UnitTest name="GetBoundingShapesAsync_MultipleInvocationsPerTime_DelegatedToInternalMethodOnlyOncePerTime" storage="d:\actions-runner\_work\xpco\xpco\allsolutions\..\mip\platformplugin\videoos.platform\unittest\bin\debug\net6.0-windows\videoos.platform.tests.dll" id="9f7143c5-f21b-a4cb-b62f-d856a6e8e1f7">
      <TestCategory>
        <TestCategoryItem TestCategory="Search" />
      </TestCategory>
      <Execution id="08e8037e-b58d-4619-af95-976c722229a6" />
      <TestMethod codeBase="D:\actions-runner\_work\XPCO\XPCO\AllSolutions\..\MIP\PlatformPlugin\VideoOS.Platform\unittest\bin\Debug\net6.0-windows\VideoOS.Platform.Tests.dll" adapterTypeName="executor://mstestadapter/v2" className="VideoOS.Platform.Tests.Search.SearchResultDataTest" name="GetBoundingShapesAsync_MultipleInvocationsPerTime_DelegatedToInternalMethodOnlyOncePerTime" />
    </UnitTest>
    <UnitTest name="Parse_StringArray" storage="d:\actions-runner\_work\xpco\xpco\allsolutions\..\mip\platformplugin\videoos.platform\unittest\bin\debug\net6.0-windows\videoos.platform.tests.dll" id="f0783c93-05f5-3c2a-1813-26adff12a929">
      <Execution id="28988be1-b8be-4348-8de4-351b2a727882" />
      <TestMethod codeBase="D:\actions-runner\_work\XPCO\XPCO\AllSolutions\..\MIP\PlatformPlugin\VideoOS.Platform\unittest\bin\Debug\net6.0-windows\VideoOS.Platform.Tests.dll" adapterTypeName="executor://mstestadapter/v2" className="VideoOS.Platform.Tests.Proxy.RestApi.JsonReaderTests" name="Parse_StringArray" />
    </UnitTest>
    <UnitTest name="Match_Fail_SystemType_WrongType_Single" storage="d:\actions-runner\_work\xpco\xpco\allsolutions\..\mip\platformplugin\videoos.platform\unittest\bin\debug\net6.0-windows\videoos.platform.tests.dll" id="9c3bf906-36ef-3f5d-6689-5fb9e3aa8d47">
      <Execution id="b247e62c-118e-4051-a1a4-646e41ff170e" />
      <TestMethod codeBase="D:\actions-runner\_work\XPCO\XPCO\AllSolutions\..\MIP\PlatformPlugin\VideoOS.Platform\unittest\bin\Debug\net6.0-windows\VideoOS.Platform.Tests.dll" adapterTypeName="executor://mstestadapter/v2" className="VideoOS.Platform.Tests.Messaging.CommunicationIdFilterTests" name="Match_Fail_SystemType_WrongType_Single" />
    </UnitTest>
    <UnitTest name="Apply_ShouldApplyTranslateAndScale_WhenTranslateAndScaleIsNotNull" storage="d:\actions-runner\_work\xpco\xpco\allsolutions\..\mip\platformplugin\videoos.platform\unittest\bin\debug\net6.0-windows\videoos.platform.tests.dll" id="1d908a6b-ebcd-4952-2785-5d24733c709c">
      <Execution id="f5b8394b-0988-4489-a865-56d0386f39a3" />
      <TestMethod codeBase="D:\actions-runner\_work\XPCO\XPCO\AllSolutions\..\MIP\PlatformPlugin\VideoOS.Platform\unittest\bin\Debug\net6.0-windows\VideoOS.Platform.Tests.dll" adapterTypeName="executor://mstestadapter/v2" className="VideoOS.Platform.Tests.Metadata.RectangleTests" name="Apply_ShouldApplyTranslateAndScale_WhenTranslateAndScaleIsNotNull" />
    </UnitTest>
    <UnitTest name="Serialize_TestCases (TestParentTypeMatchDecimalNotThisTypeNotMatched)" storage="d:\actions-runner\_work\xpco\xpco\allsolutions\..\mip\platformplugin\videoos.platform\unittest\bin\debug\net6.0-windows\videoos.platform.tests.dll" id="c4a13715-7cee-fc42-2f4e-b27563ec4062">
      <Execution id="47ab7834-3cd0-401d-bf5a-4c2edc2717fa" />
      <TestMethod codeBase="D:\actions-runner\_work\XPCO\XPCO\AllSolutions\..\MIP\PlatformPlugin\VideoOS.Platform\unittest\bin\Debug\net6.0-windows\VideoOS.Platform.Tests.dll" adapterTypeName="executor://mstestadapter/v2" className="VideoOS.Platform.Tests.UI.Controls.Automation.Serialization.AutomationObjectSerializerTest" name="Serialize_TestCases" />
    </UnitTest>
    <UnitTest name="Enabled_Clean_Properties_success" storage="d:\actions-runner\_work\xpco\xpco\allsolutions\..\mip\platformplugin\videoos.platform\unittest\bin\debug\net6.0-windows\videoos.platform.tests.dll" id="53422728-4202-db44-815d-fc4c107ae306">
      <Execution id="7ac3dc61-d5c4-4e26-b88b-2284fae5eb04" />
      <TestMethod codeBase="D:\actions-runner\_work\XPCO\XPCO\AllSolutions\..\MIP\PlatformPlugin\VideoOS.Platform\unittest\bin\Debug\net6.0-windows\VideoOS.Platform.Tests.dll" adapterTypeName="executor://mstestadapter/v2" className="VideoOS.Platform.Tests.ItemTests" name="Enabled_Clean_Properties_success" />
    </UnitTest>
    <UnitTest name="ProvideValue_ShouldNotSetTargetProperty_WhenCustomDisplayValueIsSet" storage="d:\actions-runner\_work\xpco\xpco\allsolutions\..\mip\platformplugin\videoos.platform\unittest\bin\debug\net6.0-windows\videoos.platform.tests.dll" id="f5d12e44-e40c-727a-8c4d-b5134fb3b55a">
      <TestCategory>
        <TestCategoryItem TestCategory="DropDowns" />
      </TestCategory>
      <Execution id="a3c2032c-9e51-4955-a09c-c144b2840233" />
      <TestMethod codeBase="D:\actions-runner\_work\XPCO\XPCO\AllSolutions\..\MIP\PlatformPlugin\VideoOS.Platform\unittest\bin\Debug\net6.0-windows\VideoOS.Platform.Tests.dll" adapterTypeName="executor://mstestadapter/v2" className="VideoOS.Platform.Tests.UI.Controls.DropDowns.Internal.SelectedItemIconSourceExtensionTest" name="ProvideValue_ShouldNotSetTargetProperty_WhenCustomDisplayValueIsSet" />
    </UnitTest>
    <UnitTest name="Serialize_TestCases (Verify root Object (not null) property get property value)" storage="d:\actions-runner\_work\xpco\xpco\allsolutions\..\mip\platformplugin\videoos.platform\unittest\bin\debug\net6.0-windows\videoos.platform.tests.dll" id="4488607e-daf9-d699-495a-d1b43687da23">
      <Execution id="61dafdfc-a53e-4cc1-a373-b96a5b45f718" />
      <TestMethod codeBase="D:\actions-runner\_work\XPCO\XPCO\AllSolutions\..\MIP\PlatformPlugin\VideoOS.Platform\unittest\bin\Debug\net6.0-windows\VideoOS.Platform.Tests.dll" adapterTypeName="executor://mstestadapter/v2" className="VideoOS.Platform.Tests.UI.Controls.Automation.Serialization.AutomationObjectSerializerTest" name="Serialize_TestCases" />
    </UnitTest>
    <UnitTest name="SearchResultData_SameTitle_Success" storage="d:\actions-runner\_work\xpco\xpco\allsolutions\..\mip\platformplugin\videoos.platform\unittest\bin\debug\net6.0-windows\videoos.platform.tests.dll" id="080800ed-e6da-eef9-42ef-0179d68c4004">
      <TestCategory>
        <TestCategoryItem TestCategory="Search" />
      </TestCategory>
      <Execution id="0f161194-185c-4537-b3c9-f1fafeab5a4e" />
      <TestMethod codeBase="D:\actions-runner\_work\XPCO\XPCO\AllSolutions\..\MIP\PlatformPlugin\VideoOS.Platform\unittest\bin\Debug\net6.0-windows\VideoOS.Platform.Tests.dll" adapterTypeName="executor://mstestadapter/v2" className="VideoOS.Platform.Tests.Search.SearchResultDataTest" name="SearchResultData_SameTitle_Success" />
    </UnitTest>
    <UnitTest name="GenerateDeviceParameters_ShouldOmitGop_WhenGopIsZero" storage="d:\actions-runner\_work\xpco\xpco\allsolutions\..\mip\platformplugin\videoos.platform\unittest\bin\debug\net6.0-windows\videoos.platform.tests.dll" id="e9dfb445-64b1-c8bd-bc01-6330550b105e">
      <Execution id="d1ae9155-26a4-4800-925c-cb8c08fb2c76" />
      <TestMethod codeBase="D:\actions-runner\_work\XPCO\XPCO\AllSolutions\..\MIP\PlatformPlugin\VideoOS.Platform\unittest\bin\Debug\net6.0-windows\VideoOS.Platform.Tests.dll" adapterTypeName="executor://mstestadapter/v2" className="VideoOS.Platform.Tests.Data.CameraDeviceDefinitionTests" name="GenerateDeviceParameters_ShouldOmitGop_WhenGopIsZero" />
    </UnitTest>
    <UnitTest name="FindCacheEntryAfter_ShuldReturnNull_WhenTheCacheIsEmpty" storage="d:\actions-runner\_work\xpco\xpco\allsolutions\..\mip\platformplugin\videoos.platform\unittest\bin\debug\net6.0-windows\videoos.platform.tests.dll" id="a1e9cff9-0f40-6b4c-39ab-33d20cd8c823">
      <Execution id="700dc392-82d1-4745-b4b4-6f701ccc50fd" />
      <TestMethod codeBase="D:\actions-runner\_work\XPCO\XPCO\AllSolutions\..\MIP\PlatformPlugin\VideoOS.Platform\unittest\bin\Debug\net6.0-windows\VideoOS.Platform.Tests.dll" adapterTypeName="executor://mstestadapter/v2" className="VideoOS.Platform.Tests.Data.MetadataCacheTests" name="FindCacheEntryAfter_ShuldReturnNull_WhenTheCacheIsEmpty" />
    </UnitTest>
    <UnitTest name="GenerateEnumValueParameters_ShouldWriteDisplayName_WhenAlways" storage="d:\actions-runner\_work\xpco\xpco\allsolutions\..\mip\platformplugin\videoos.platform\unittest\bin\debug\net6.0-windows\videoos.platform.tests.dll" id="7e72f854-d326-decd-1986-82fb5fe24c7b">
      <Execution id="7d720eb5-839a-4537-bcbe-effe74febd68" />
      <TestMethod codeBase="D:\actions-runner\_work\XPCO\XPCO\AllSolutions\..\MIP\PlatformPlugin\VideoOS.Platform\unittest\bin\Debug\net6.0-windows\VideoOS.Platform.Tests.dll" adapterTypeName="executor://mstestadapter/v2" className="VideoOS.Platform.Tests.Data.EnumCapabilityValueTests" name="GenerateEnumValueParameters_ShouldWriteDisplayName_WhenAlways" />
    </UnitTest>
    <UnitTest name="PatchItem_Camera_Fails" storage="d:\actions-runner\_work\xpco\xpco\allsolutions\..\mip\platformplugin\videoos.platform\unittest\bin\debug\net6.0-windows\videoos.platform.tests.dll" id="01158b98-2cd4-e826-aa9e-d2d4c60de322">
      <Execution id="7b0565de-594e-44d0-9369-0ca776da4d4f" />
      <TestMethod codeBase="D:\actions-runner\_work\XPCO\XPCO\AllSolutions\..\MIP\PlatformPlugin\VideoOS.Platform\unittest\bin\Debug\net6.0-windows\VideoOS.Platform.Tests.dll" adapterTypeName="executor://mstestadapter/v2" className="VideoOS.Platform.Tests.Proxy.RestApi.RestApiClientDecoratorTests" name="PatchItem_Camera_Fails" />
    </UnitTest>
    <UnitTest name="GetPreviousSequence_ShouldReturnFirstEntryFromToolkitResult_WhenDataWasReturned" storage="d:\actions-runner\_work\xpco\xpco\allsolutions\..\mip\platformplugin\videoos.platform\unittest\bin\debug\net6.0-windows\videoos.platform.tests.dll" id="37465b96-5d9d-91f9-7bbc-1b2bd9de14df">
      <Execution id="8db96ccd-2876-4d11-a63c-2a21cc8d0d98" />
      <TestMethod codeBase="D:\actions-runner\_work\XPCO\XPCO\AllSolutions\..\MIP\PlatformPlugin\VideoOS.Platform\unittest\bin\Debug\net6.0-windows\VideoOS.Platform.Tests.dll" adapterTypeName="executor://mstestadapter/v2" className="VideoOS.Platform.Tests.Data.MetadataPlaybackSourceTests" name="GetPreviousSequence_ShouldReturnFirstEntryFromToolkitResult_WhenDataWasReturned" />
    </UnitTest>
    <UnitTest name="TestMultiLevelQueue_OneLevel_IdleResourceProcessorReused_Success" storage="d:\actions-runner\_work\xpco\xpco\allsolutions\..\mip\platformplugin\videoos.platform\unittest\bin\debug\net6.0-windows\videoos.platform.tests.dll" id="d7fd79fb-6017-05e3-7fad-2f657bb1971e">
      <Execution id="908128e4-7c63-47f5-9ca7-2656346574bb" />
      <TestMethod codeBase="D:\actions-runner\_work\XPCO\XPCO\AllSolutions\..\MIP\PlatformPlugin\VideoOS.Platform\unittest\bin\Debug\net6.0-windows\VideoOS.Platform.Tests.dll" adapterTypeName="executor://mstestadapter/v2" className="VideoOS.Platform.Tests.Util.Queue.MultiLevelResourceQueueTests" name="TestMultiLevelQueue_OneLevel_IdleResourceProcessorReused_Success" />
    </UnitTest>
    <UnitTest name="Match_Success_SystemTypeAnyMessage_Single" storage="d:\actions-runner\_work\xpco\xpco\allsolutions\..\mip\platformplugin\videoos.platform\unittest\bin\debug\net6.0-windows\videoos.platform.tests.dll" id="1f241370-4898-8010-2b1d-0961333a2be9">
      <Execution id="a63f310f-d975-4c48-a38c-31f5ec524ae8" />
      <TestMethod codeBase="D:\actions-runner\_work\XPCO\XPCO\AllSolutions\..\MIP\PlatformPlugin\VideoOS.Platform\unittest\bin\Debug\net6.0-windows\VideoOS.Platform.Tests.dll" adapterTypeName="executor://mstestadapter/v2" className="VideoOS.Platform.Tests.Messaging.CommunicationIdFilterTests" name="Match_Success_SystemTypeAnyMessage_Single" />
    </UnitTest>
    <UnitTest name="GetIdFromPath_ShouldReturnId_FromFullPath" storage="d:\actions-runner\_work\xpco\xpco\allsolutions\..\mip\platformplugin\videoos.platform\unittest\bin\debug\net6.0-windows\videoos.platform.tests.dll" id="23ab757f-fe97-afaf-d8cf-cc47b5d58278">
      <Execution id="9eed7e7d-de53-4b08-8d46-3f3eb3e3b731" />
      <TestMethod codeBase="D:\actions-runner\_work\XPCO\XPCO\AllSolutions\..\MIP\PlatformPlugin\VideoOS.Platform\unittest\bin\Debug\net6.0-windows\VideoOS.Platform.Tests.dll" adapterTypeName="executor://mstestadapter/v2" className="VideoOS.Platform.Tests.ConfigurationItems.FactoryTests" name="GetIdFromPath_ShouldReturnId_FromFullPath" />
    </UnitTest>
    <UnitTest name="Parse_IntArray" storage="d:\actions-runner\_work\xpco\xpco\allsolutions\..\mip\platformplugin\videoos.platform\unittest\bin\debug\net6.0-windows\videoos.platform.tests.dll" id="85a3df1f-74e3-6aca-1e0c-cfef94af0047">
      <Execution id="d88e9c2b-e0b5-45f3-ba4a-781665d16296" />
      <TestMethod codeBase="D:\actions-runner\_work\XPCO\XPCO\AllSolutions\..\MIP\PlatformPlugin\VideoOS.Platform\unittest\bin\Debug\net6.0-windows\VideoOS.Platform.Tests.dll" adapterTypeName="executor://mstestadapter/v2" className="VideoOS.Platform.Tests.Proxy.RestApi.JsonReaderTests" name="Parse_IntArray" />
    </UnitTest>
    <UnitTest name="AllAttributesWerePresent_ShouldReturnFalse_WhenTopAttributeIsMissing" storage="d:\actions-runner\_work\xpco\xpco\allsolutions\..\mip\platformplugin\videoos.platform\unittest\bin\debug\net6.0-windows\videoos.platform.tests.dll" id="6c5fbe1f-8152-a821-d533-330bed4f5a98">
      <Execution id="e68415ed-d1b1-4574-9e74-71d219310c4d" />
      <TestMethod codeBase="D:\actions-runner\_work\XPCO\XPCO\AllSolutions\..\MIP\PlatformPlugin\VideoOS.Platform\unittest\bin\Debug\net6.0-windows\VideoOS.Platform.Tests.dll" adapterTypeName="executor://mstestadapter/v2" className="VideoOS.Platform.Tests.Metadata.RectangleTests" name="AllAttributesWerePresent_ShouldReturnFalse_WhenTopAttributeIsMissing" />
    </UnitTest>
    <UnitTest name="GetColorFilterValues_FilterValueMissing_ReturnsEmptyCollection" storage="d:\actions-runner\_work\xpco\xpco\allsolutions\..\mip\platformplugin\videoos.platform\unittest\bin\debug\net6.0-windows\videoos.platform.tests.dll" id="cd1d2fd6-a556-1869-618e-8799c1c10a94">
      <TestCategory>
        <TestCategoryItem TestCategory="Search" />
      </TestCategory>
      <Execution id="bfdedba2-b913-4b19-9aee-2aed9b404aa2" />
      <TestMethod codeBase="D:\actions-runner\_work\XPCO\XPCO\AllSolutions\..\MIP\PlatformPlugin\VideoOS.Platform\unittest\bin\Debug\net6.0-windows\VideoOS.Platform.Tests.dll" adapterTypeName="executor://mstestadapter/v2" className="VideoOS.Platform.Tests.Search.FilterCategories.VehicleSearchFilterCategoryTest" name="GetColorFilterValues_FilterValueMissing_ReturnsEmptyCollection" />
    </UnitTest>
    <UnitTest name="Serialize_ShouldThrowException_WhenPropertyIsSimpleTypeButPathContainsChildren (DoubleProperty)" storage="d:\actions-runner\_work\xpco\xpco\allsolutions\..\mip\platformplugin\videoos.platform\unittest\bin\debug\net6.0-windows\videoos.platform.tests.dll" id="e59e8f87-a17d-8e41-f45f-4db193e4b8dd">
      <Execution id="1179d1df-9a8f-472b-b5f5-0436170fc8fc" />
      <TestMethod codeBase="D:\actions-runner\_work\XPCO\XPCO\AllSolutions\..\MIP\PlatformPlugin\VideoOS.Platform\unittest\bin\Debug\net6.0-windows\VideoOS.Platform.Tests.dll" adapterTypeName="executor://mstestadapter/v2" className="VideoOS.Platform.Tests.UI.Controls.Automation.Serialization.AutomationObjectSerializerTest" name="Serialize_ShouldThrowException_WhenPropertyIsSimpleTypeButPathContainsChildren" />
    </UnitTest>
    <UnitTest name="Remove_String" storage="d:\actions-runner\_work\xpco\xpco\allsolutions\..\mip\platformplugin\videoos.platform\unittest\bin\debug\net6.0-windows\videoos.platform.tests.dll" id="de4de35b-27a7-9209-5227-b270da191793">
      <Execution id="2125d0a2-d4df-4868-a1ba-6e0974ce0a59" />
      <TestMethod codeBase="D:\actions-runner\_work\XPCO\XPCO\AllSolutions\..\MIP\PlatformPlugin\VideoOS.Platform\unittest\bin\Debug\net6.0-windows\VideoOS.Platform.Tests.dll" adapterTypeName="executor://mstestadapter/v2" className="VideoOS.Platform.Tests.Proxy.RestApi.JsonReaderTests" name="Remove_String" />
    </UnitTest>
    <UnitTest name="GetPreviousDateTime_ShouldReturnDataEntityFromCacheWithoutCallingToolkit_WhenDataIsPresentInCache" storage="d:\actions-runner\_work\xpco\xpco\allsolutions\..\mip\platformplugin\videoos.platform\unittest\bin\debug\net6.0-windows\videoos.platform.tests.dll" id="87215dbe-be98-eae0-f888-50bc76faae33">
      <Execution id="93c0e5c4-7905-43b0-ba7d-35f192391fd0" />
      <TestMethod codeBase="D:\actions-runner\_work\XPCO\XPCO\AllSolutions\..\MIP\PlatformPlugin\VideoOS.Platform\unittest\bin\Debug\net6.0-windows\VideoOS.Platform.Tests.dll" adapterTypeName="executor://mstestadapter/v2" className="VideoOS.Platform.Tests.Data.MetadataPlaybackSourceTests" name="GetPreviousDateTime_ShouldReturnDataEntityFromCacheWithoutCallingToolkit_WhenDataIsPresentInCache" />
    </UnitTest>
    <UnitTest name="LicensesObjectId_ShouldNotChange" storage="d:\actions-runner\_work\xpco\xpco\allsolutions\..\mip\platformplugin\videoos.platform\unittest\bin\debug\net6.0-windows\videoos.platform.tests.dll" id="67b41555-668e-a38b-443d-e1d215565a3e">
      <Execution id="fa6deb3b-a597-45df-91c1-e575cd0943d7" />
      <TestMethod codeBase="D:\actions-runner\_work\XPCO\XPCO\AllSolutions\..\MIP\PlatformPlugin\VideoOS.Platform\unittest\bin\Debug\net6.0-windows\VideoOS.Platform.Tests.dll" adapterTypeName="executor://mstestadapter/v2" className="VideoOS.Platform.Tests.License.LicenseCompatibilityHandlerTests" name="LicensesObjectId_ShouldNotChange" />
    </UnitTest>
    <UnitTest name="Equals_ShouldHaveValueSemantics_WhenAlways" storage="d:\actions-runner\_work\xpco\xpco\allsolutions\..\mip\platformplugin\videoos.platform\unittest\bin\debug\net6.0-windows\videoos.platform.tests.dll" id="87294391-1825-1ce5-7f19-56b62f49e8c1">
      <Execution id="a3d3f35e-1dff-4a08-b5e2-d84ab06181aa" />
      <TestMethod codeBase="D:\actions-runner\_work\XPCO\XPCO\AllSolutions\..\MIP\PlatformPlugin\VideoOS.Platform\unittest\bin\Debug\net6.0-windows\VideoOS.Platform.Tests.dll" adapterTypeName="executor://mstestadapter/v2" className="VideoOS.Platform.Tests.Metadata.AppearanceTests" name="Equals_ShouldHaveValueSemantics_WhenAlways" />
    </UnitTest>
    <UnitTest name="Serialize_TestCases (TestParentTypeMatchIntThisTypeNotMatched)" storage="d:\actions-runner\_work\xpco\xpco\allsolutions\..\mip\platformplugin\videoos.platform\unittest\bin\debug\net6.0-windows\videoos.platform.tests.dll" id="baa0e531-65cd-6df8-b464-315d19c68df0">
      <Execution id="9840787d-732e-4d2f-acba-7e344f0a6893" />
      <TestMethod codeBase="D:\actions-runner\_work\XPCO\XPCO\AllSolutions\..\MIP\PlatformPlugin\VideoOS.Platform\unittest\bin\Debug\net6.0-windows\VideoOS.Platform.Tests.dll" adapterTypeName="executor://mstestadapter/v2" className="VideoOS.Platform.Tests.UI.Controls.Automation.Serialization.AutomationObjectSerializerTest" name="Serialize_TestCases" />
    </UnitTest>
    <UnitTest name="Ctor_NullScope_Throws" storage="d:\actions-runner\_work\xpco\xpco\allsolutions\..\mip\platformplugin\videoos.platform\unittest\bin\debug\net6.0-windows\videoos.platform.tests.dll" id="4f7bde70-3b99-d47c-8245-4d79a123baa7">
      <TestCategory>
        <TestCategoryItem TestCategory="Search" />
      </TestCategory>
      <Execution id="e53dafa4-838b-4986-9b1b-bf4db3e2e9b5" />
      <TestMethod codeBase="D:\actions-runner\_work\XPCO\XPCO\AllSolutions\..\MIP\PlatformPlugin\VideoOS.Platform\unittest\bin\Debug\net6.0-windows\VideoOS.Platform.Tests.dll" adapterTypeName="executor://mstestadapter/v2" className="VideoOS.Platform.Tests.Search.SearchCriteriaTest" name="Ctor_NullScope_Throws" />
    </UnitTest>
    <UnitTest name="Serialize_TestCases (TestParentTypeMatchObjectNotThisTypeNotMatchedProperty)" storage="d:\actions-runner\_work\xpco\xpco\allsolutions\..\mip\platformplugin\videoos.platform\unittest\bin\debug\net6.0-windows\videoos.platform.tests.dll" id="3e3f253d-53ac-8cf4-0542-5e51ee7168ea">
      <Execution id="27de5909-25f7-41c5-90d2-ff35d04f81ba" />
      <TestMethod codeBase="D:\actions-runner\_work\XPCO\XPCO\AllSolutions\..\MIP\PlatformPlugin\VideoOS.Platform\unittest\bin\Debug\net6.0-windows\VideoOS.Platform.Tests.dll" adapterTypeName="executor://mstestadapter/v2" className="VideoOS.Platform.Tests.UI.Controls.Automation.Serialization.AutomationObjectSerializerTest" name="Serialize_TestCases" />
    </UnitTest>
    <UnitTest name="Replace_ShouldInvokeCallback_WhenObservable" storage="d:\actions-runner\_work\xpco\xpco\allsolutions\..\mip\platformplugin\videoos.platform\unittest\bin\debug\net6.0-windows\videoos.platform.tests.dll" id="5299c3b1-b147-2926-54b8-048e2c168fc2">
      <Execution id="4c81a549-c50b-4317-83b9-f93a82c5ef98" />
      <TestMethod codeBase="D:\actions-runner\_work\XPCO\XPCO\AllSolutions\..\MIP\PlatformPlugin\VideoOS.Platform\unittest\bin\Debug\net6.0-windows\VideoOS.Platform.Tests.dll" adapterTypeName="executor://mstestadapter/v2" className="VideoOS.Platform.Tests.UI.Controls.CollectionHelperGenericTest" name="Replace_ShouldInvokeCallback_WhenObservable" />
    </UnitTest>
    <UnitTest name="MatchId_Fail_MessageWithAsteriskAtBegin" storage="d:\actions-runner\_work\xpco\xpco\allsolutions\..\mip\platformplugin\videoos.platform\unittest\bin\debug\net6.0-windows\videoos.platform.tests.dll" id="f9dae8a6-1410-fa92-4089-639221dba286">
      <Execution id="a40afc9f-674f-42f6-af4d-dc5521101bb5" />
      <TestMethod codeBase="D:\actions-runner\_work\XPCO\XPCO\AllSolutions\..\MIP\PlatformPlugin\VideoOS.Platform\unittest\bin\Debug\net6.0-windows\VideoOS.Platform.Tests.dll" adapterTypeName="executor://mstestadapter/v2" className="VideoOS.Platform.Tests.Messaging.CommunicationIdFilterTests" name="MatchId_Fail_MessageWithAsteriskAtBegin" />
    </UnitTest>
    <UnitTest name="Serialize_ShouldHandleCollectionFilter_WhenMatchingCollectionTypeAndItDoesNotMatch" storage="d:\actions-runner\_work\xpco\xpco\allsolutions\..\mip\platformplugin\videoos.platform\unittest\bin\debug\net6.0-windows\videoos.platform.tests.dll" id="0378ed59-f976-b4fc-9f2f-d68f313306f2">
      <Execution id="cdf5a720-f86a-4a2a-ae1d-51dda8416699" />
      <TestMethod codeBase="D:\actions-runner\_work\XPCO\XPCO\AllSolutions\..\MIP\PlatformPlugin\VideoOS.Platform\unittest\bin\Debug\net6.0-windows\VideoOS.Platform.Tests.dll" adapterTypeName="executor://mstestadapter/v2" className="VideoOS.Platform.Tests.UI.Controls.Automation.Serialization.AutomationObjectSerializerTypeFilterTests" name="Serialize_ShouldHandleCollectionFilter_WhenMatchingCollectionTypeAndItDoesNotMatch" />
    </UnitTest>
    <UnitTest name="Equals_ShouldHaveValueSemantics_WhenAlways" storage="d:\actions-runner\_work\xpco\xpco\allsolutions\..\mip\platformplugin\videoos.platform\unittest\bin\debug\net6.0-windows\videoos.platform.tests.dll" id="2b2cdfa0-61df-f232-7682-12c2c86c587b">
      <Execution id="cb218dc7-d7d2-404d-bad6-c39cce77e8d4" />
      <TestMethod codeBase="D:\actions-runner\_work\XPCO\XPCO\AllSolutions\..\MIP\PlatformPlugin\VideoOS.Platform\unittest\bin\Debug\net6.0-windows\VideoOS.Platform.Tests.dll" adapterTypeName="executor://mstestadapter/v2" className="VideoOS.Platform.Tests.Metadata.VectorTests" name="Equals_ShouldHaveValueSemantics_WhenAlways" />
    </UnitTest>
    <UnitTest name="TestStartSearch_SearchFireErrorOccured_Success" storage="d:\actions-runner\_work\xpco\xpco\allsolutions\..\mip\platformplugin\videoos.platform\unittest\bin\debug\net6.0-windows\videoos.platform.tests.dll" id="2b383535-8d75-6079-a3dc-080857154651">
      <TestCategory>
        <TestCategoryItem TestCategory="Search" />
      </TestCategory>
      <Execution id="904b03a6-3bb8-42f0-9978-77eb08ff73dd" />
      <TestMethod codeBase="D:\actions-runner\_work\XPCO\XPCO\AllSolutions\..\MIP\PlatformPlugin\VideoOS.Platform\unittest\bin\Debug\net6.0-windows\VideoOS.Platform.Tests.dll" adapterTypeName="executor://mstestadapter/v2" className="VideoOS.Platform.Tests.Search.SearchManagerTest" name="TestStartSearch_SearchFireErrorOccured_Success" />
    </UnitTest>
    <UnitTest name="GetFilterValues_NullFilter_Throws" storage="d:\actions-runner\_work\xpco\xpco\allsolutions\..\mip\platformplugin\videoos.platform\unittest\bin\debug\net6.0-windows\videoos.platform.tests.dll" id="2c838da2-a06b-ca63-745f-8e2c255d876f">
      <TestCategory>
        <TestCategoryItem TestCategory="Search" />
      </TestCategory>
      <Execution id="94f2e6d5-f107-4729-9a04-7b3533aab89c" />
      <TestMethod codeBase="D:\actions-runner\_work\XPCO\XPCO\AllSolutions\..\MIP\PlatformPlugin\VideoOS.Platform\unittest\bin\Debug\net6.0-windows\VideoOS.Platform.Tests.dll" adapterTypeName="executor://mstestadapter/v2" className="VideoOS.Platform.Tests.Search.SearchCriteriaTest" name="GetFilterValues_NullFilter_Throws" />
    </UnitTest>
    <UnitTest name="Minimize_ShouldReturnOneInterval_WhenListContainsTwoOverlappingIntervalsAndOneIncludesTheOther" storage="d:\actions-runner\_work\xpco\xpco\allsolutions\..\mip\platformplugin\videoos.platform\unittest\bin\debug\net6.0-windows\videoos.platform.tests.dll" id="1cfe0934-bee5-966a-0fdd-441157183564">
      <Execution id="4f20caae-3b4a-4d86-af5b-fbab18ddc13c" />
      <TestMethod codeBase="D:\actions-runner\_work\XPCO\XPCO\AllSolutions\..\MIP\PlatformPlugin\VideoOS.Platform\unittest\bin\Debug\net6.0-windows\VideoOS.Platform.Tests.dll" adapterTypeName="executor://mstestadapter/v2" className="VideoOS.Platform.Tests.Util.TimeIntervalTests" name="Minimize_ShouldReturnOneInterval_WhenListContainsTwoOverlappingIntervalsAndOneIncludesTheOther" />
    </UnitTest>
    <UnitTest name="AllAttributesWerePresent_ShouldReturnFalse_WhenRightAttributeIsMissing" storage="d:\actions-runner\_work\xpco\xpco\allsolutions\..\mip\platformplugin\videoos.platform\unittest\bin\debug\net6.0-windows\videoos.platform.tests.dll" id="97e7d06a-68e4-1586-9e4c-e6b41260549f">
      <Execution id="9e0498cf-19b6-4f7c-b6aa-136cc4cdbde2" />
      <TestMethod codeBase="D:\actions-runner\_work\XPCO\XPCO\AllSolutions\..\MIP\PlatformPlugin\VideoOS.Platform\unittest\bin\Debug\net6.0-windows\VideoOS.Platform.Tests.dll" adapterTypeName="executor://mstestadapter/v2" className="VideoOS.Platform.Tests.Metadata.RectangleTests" name="AllAttributesWerePresent_ShouldReturnFalse_WhenRightAttributeIsMissing" />
    </UnitTest>
    <UnitTest name="GetNextDateTime_ShouldReturnFirstDataEntityFromToolkit_WhenDataIsNotCached" storage="d:\actions-runner\_work\xpco\xpco\allsolutions\..\mip\platformplugin\videoos.platform\unittest\bin\debug\net6.0-windows\videoos.platform.tests.dll" id="6063544f-f430-cb16-6dfb-368d6711c379">
      <Execution id="88f1a7ab-3ae5-4c7a-8242-b20ef7e82995" />
      <TestMethod codeBase="D:\actions-runner\_work\XPCO\XPCO\AllSolutions\..\MIP\PlatformPlugin\VideoOS.Platform\unittest\bin\Debug\net6.0-windows\VideoOS.Platform.Tests.dll" adapterTypeName="executor://mstestadapter/v2" className="VideoOS.Platform.Tests.Data.MetadataPlaybackSourceTests" name="GetNextDateTime_ShouldReturnFirstDataEntityFromToolkit_WhenDataIsNotCached" />
    </UnitTest>
    <UnitTest name="GetClientAsync_NotStartsClient_AfterFirstCall" storage="d:\actions-runner\_work\xpco\xpco\allsolutions\..\mip\platformplugin\videoos.platform\unittest\bin\debug\net6.0-windows\videoos.platform.tests.dll" id="0a92ab9e-a0ef-5666-6bfc-bca43af1a11e">
      <Execution id="fe44a60b-ec8f-4a4f-9453-21b8573bf149" />
      <TestMethod codeBase="D:\actions-runner\_work\XPCO\XPCO\AllSolutions\..\MIP\PlatformPlugin\VideoOS.Platform\unittest\bin\Debug\net6.0-windows\VideoOS.Platform.Tests.dll" adapterTypeName="executor://mstestadapter/v2" className="VideoOS.Platform.Tests.Messaging.MessageClientManagerTests" name="GetClientAsync_NotStartsClient_AfterFirstCall" />
    </UnitTest>
    <UnitTest name="WriteXml_ShouldWriteTransformationContents_WhenTransformationIsNotNull" storage="d:\actions-runner\_work\xpco\xpco\allsolutions\..\mip\platformplugin\videoos.platform\unittest\bin\debug\net6.0-windows\videoos.platform.tests.dll" id="1eb1dc9e-0313-f642-c091-1fcc25a2d80c">
      <Execution id="ef178000-7cb3-4379-ac1b-3bb2c0323bb0" />
      <TestMethod codeBase="D:\actions-runner\_work\XPCO\XPCO\AllSolutions\..\MIP\PlatformPlugin\VideoOS.Platform\unittest\bin\Debug\net6.0-windows\VideoOS.Platform.Tests.dll" adapterTypeName="executor://mstestadapter/v2" className="VideoOS.Platform.Tests.Metadata.AppearanceTests" name="WriteXml_ShouldWriteTransformationContents_WhenTransformationIsNotNull" />
    </UnitTest>
    <UnitTest name="WriteXml_ShouldWriteShapeElement_WhenShapeIsNotNull" storage="d:\actions-runner\_work\xpco\xpco\allsolutions\..\mip\platformplugin\videoos.platform\unittest\bin\debug\net6.0-windows\videoos.platform.tests.dll" id="26609db5-8fe4-7221-64d2-19aa74512834">
      <Execution id="66aa98c4-d19d-4e46-995f-6ac36fd34bc0" />
      <TestMethod codeBase="D:\actions-runner\_work\XPCO\XPCO\AllSolutions\..\MIP\PlatformPlugin\VideoOS.Platform\unittest\bin\Debug\net6.0-windows\VideoOS.Platform.Tests.dll" adapterTypeName="executor://mstestadapter/v2" className="VideoOS.Platform.Tests.Metadata.AppearanceTests" name="WriteXml_ShouldWriteShapeElement_WhenShapeIsNotNull" />
    </UnitTest>
    <UnitTest name="Serialize_TestCases (TestParentTypeMatchDoubleThisTypeNotMatched)" storage="d:\actions-runner\_work\xpco\xpco\allsolutions\..\mip\platformplugin\videoos.platform\unittest\bin\debug\net6.0-windows\videoos.platform.tests.dll" id="53dd47fd-4d1a-33e1-81d6-8e71ee72d54a">
      <Execution id="df69495f-d7bd-49e5-a5cc-896d97c3c285" />
      <TestMethod codeBase="D:\actions-runner\_work\XPCO\XPCO\AllSolutions\..\MIP\PlatformPlugin\VideoOS.Platform\unittest\bin\Debug\net6.0-windows\VideoOS.Platform.Tests.dll" adapterTypeName="executor://mstestadapter/v2" className="VideoOS.Platform.Tests.UI.Controls.Automation.Serialization.AutomationObjectSerializerTest" name="Serialize_TestCases" />
    </UnitTest>
    <UnitTest name="ReadXml_ShouldLogWarningTwiceWhenMoreThanOneMinuteBetweenWarnings_WhenIncompleteScaleIsPresent" storage="d:\actions-runner\_work\xpco\xpco\allsolutions\..\mip\platformplugin\videoos.platform\unittest\bin\debug\net6.0-windows\videoos.platform.tests.dll" id="4f82d922-22f6-d968-086c-9b41bf965fdc">
      <Execution id="7143461b-fa13-4315-820f-aa8b32727b5b" />
      <TestMethod codeBase="D:\actions-runner\_work\XPCO\XPCO\AllSolutions\..\MIP\PlatformPlugin\VideoOS.Platform\unittest\bin\Debug\net6.0-windows\VideoOS.Platform.Tests.dll" adapterTypeName="executor://mstestadapter/v2" className="VideoOS.Platform.Tests.Metadata.TransformationTests" name="ReadXml_ShouldLogWarningTwiceWhenMoreThanOneMinuteBetweenWarnings_WhenIncompleteScaleIsPresent" />
    </UnitTest>
    <UnitTest name="CreateSearchFilterEditControl_MissingPlugin_ReturnsNull" storage="d:\actions-runner\_work\xpco\xpco\allsolutions\..\mip\platformplugin\videoos.platform\unittest\bin\debug\net6.0-windows\videoos.platform.tests.dll" id="61e3c009-6d40-f26a-bfa1-a7b30d7f5bbd">
      <TestCategory>
        <TestCategoryItem TestCategory="Search" />
      </TestCategory>
      <Execution id="d155f9d6-7de6-4543-a459-1a551cf3a75d" />
      <TestMethod codeBase="D:\actions-runner\_work\XPCO\XPCO\AllSolutions\..\MIP\PlatformPlugin\VideoOS.Platform\unittest\bin\Debug\net6.0-windows\VideoOS.Platform.Tests.dll" adapterTypeName="executor://mstestadapter/v2" className="VideoOS.Platform.Tests.Search.SearchUserControlResolverTest" name="CreateSearchFilterEditControl_MissingPlugin_ReturnsNull" />
    </UnitTest>
    <UnitTest name="Longitude_ShouldThrowArgumentOfRange_WhenValueIsOutsideAcceptedRange" storage="d:\actions-runner\_work\xpco\xpco\allsolutions\..\mip\platformplugin\videoos.platform\unittest\bin\debug\net6.0-windows\videoos.platform.tests.dll" id="be126d46-0548-695a-7287-bae8146e110d">
      <Execution id="a1038c68-8ed5-4038-9e81-ade9a66d1129" />
      <TestMethod codeBase="D:\actions-runner\_work\XPCO\XPCO\AllSolutions\..\MIP\PlatformPlugin\VideoOS.Platform\unittest\bin\Debug\net6.0-windows\VideoOS.Platform.Tests.dll" adapterTypeName="executor://mstestadapter/v2" className="VideoOS.Platform.Tests.Metadata.NavigationalDataTests" name="Longitude_ShouldThrowArgumentOfRange_WhenValueIsOutsideAcceptedRange" />
    </UnitTest>
    <UnitTest name="GetAtOrBefore_ShouldReturnNull_WhenTimestampIsBeforeFirstElement" storage="d:\actions-runner\_work\xpco\xpco\allsolutions\..\mip\platformplugin\videoos.platform\unittest\bin\debug\net6.0-windows\videoos.platform.tests.dll" id="31c80297-0b11-c824-d2b2-d7f2c10e7839">
      <Execution id="e560f1da-8d74-4d6e-b37d-1965248287f0" />
      <TestMethod codeBase="D:\actions-runner\_work\XPCO\XPCO\AllSolutions\..\MIP\PlatformPlugin\VideoOS.Platform\unittest\bin\Debug\net6.0-windows\VideoOS.Platform.Tests.dll" adapterTypeName="executor://mstestadapter/v2" className="VideoOS.Platform.Tests.Data.MetadataCacheTests" name="GetAtOrBefore_ShouldReturnNull_WhenTimestampIsBeforeFirstElement" />
    </UnitTest>
    <UnitTest name="MipItem_IconSource_Has_Value" storage="d:\actions-runner\_work\xpco\xpco\allsolutions\..\mip\platformplugin\videoos.platform\unittest\bin\debug\net6.0-windows\videoos.platform.tests.dll" id="2d11d0f1-64a8-482c-f6c9-1576aff1fea5">
      <Execution id="8f9a4e99-264a-4d8e-8e8b-b77e4965154f" />
      <TestMethod codeBase="D:\actions-runner\_work\XPCO\XPCO\AllSolutions\..\MIP\PlatformPlugin\VideoOS.Platform\unittest\bin\Debug\net6.0-windows\VideoOS.Platform.Tests.dll" adapterTypeName="executor://mstestadapter/v2" className="VideoOS.Platform.Tests.UI.ItemPicker.ItemViewModelTest" name="MipItem_IconSource_Has_Value" />
    </UnitTest>
    <UnitTest name="ReadXml_ShouldReadLongitude_WhenLongitudeIsPresent" storage="d:\actions-runner\_work\xpco\xpco\allsolutions\..\mip\platformplugin\videoos.platform\unittest\bin\debug\net6.0-windows\videoos.platform.tests.dll" id="42fa9d5a-68c0-df47-5ee1-d61bde48031d">
      <Execution id="8de28285-40ad-401f-9842-70f84dd989bb" />
      <TestMethod codeBase="D:\actions-runner\_work\XPCO\XPCO\AllSolutions\..\MIP\PlatformPlugin\VideoOS.Platform\unittest\bin\Debug\net6.0-windows\VideoOS.Platform.Tests.dll" adapterTypeName="executor://mstestadapter/v2" className="VideoOS.Platform.Tests.Metadata.NavigationalDataTests" name="ReadXml_ShouldReadLongitude_WhenLongitudeIsPresent" />
    </UnitTest>
    <UnitTest name="GetPreviousDateTime_ShouldReturnLastDataEntityFromSecondToolkitCall_WhenDateIsAfterFirstCachedValue" storage="d:\actions-runner\_work\xpco\xpco\allsolutions\..\mip\platformplugin\videoos.platform\unittest\bin\debug\net6.0-windows\videoos.platform.tests.dll" id="d15cb015-1a80-6a1c-c85a-3f61077a2db7">
      <Execution id="9f950368-c7a1-45e1-a18b-418afdf179a8" />
      <TestMethod codeBase="D:\actions-runner\_work\XPCO\XPCO\AllSolutions\..\MIP\PlatformPlugin\VideoOS.Platform\unittest\bin\Debug\net6.0-windows\VideoOS.Platform.Tests.dll" adapterTypeName="executor://mstestadapter/v2" className="VideoOS.Platform.Tests.Data.MetadataPlaybackSourceTests" name="GetPreviousDateTime_ShouldReturnLastDataEntityFromSecondToolkitCall_WhenDateIsAfterFirstCachedValue" />
    </UnitTest>
    <UnitTest name="CreateSearchFilterEditControl_MultiplePluginsSameResultType_LastPluginWins" storage="d:\actions-runner\_work\xpco\xpco\allsolutions\..\mip\platformplugin\videoos.platform\unittest\bin\debug\net6.0-windows\videoos.platform.tests.dll" id="6892fbdf-0dab-889b-326a-7904d2b9e728">
      <TestCategory>
        <TestCategoryItem TestCategory="Search" />
      </TestCategory>
      <Execution id="560dbea1-c203-4a0a-a84f-585e733e5409" />
      <TestMethod codeBase="D:\actions-runner\_work\XPCO\XPCO\AllSolutions\..\MIP\PlatformPlugin\VideoOS.Platform\unittest\bin\Debug\net6.0-windows\VideoOS.Platform.Tests.dll" adapterTypeName="executor://mstestadapter/v2" className="VideoOS.Platform.Tests.Search.SearchUserControlResolverTest" name="CreateSearchFilterEditControl_MultiplePluginsSameResultType_LastPluginWins" />
    </UnitTest>
    <UnitTest name="ReadXml_ShouldDiscardBoundingBox_WhenIncompleteBoundingBoxIsPresent" storage="d:\actions-runner\_work\xpco\xpco\allsolutions\..\mip\platformplugin\videoos.platform\unittest\bin\debug\net6.0-windows\videoos.platform.tests.dll" id="07d6b577-3d60-1f8f-d4b8-5715e136ec3a">
      <Execution id="65723e9c-69d0-4a59-898b-4227e3924792" />
      <TestMethod codeBase="D:\actions-runner\_work\XPCO\XPCO\AllSolutions\..\MIP\PlatformPlugin\VideoOS.Platform\unittest\bin\Debug\net6.0-windows\VideoOS.Platform.Tests.dll" adapterTypeName="executor://mstestadapter/v2" className="VideoOS.Platform.Tests.Metadata.ShapeTests" name="ReadXml_ShouldDiscardBoundingBox_WhenIncompleteBoundingBoxIsPresent" />
    </UnitTest>
    <UnitTest name="GetGenderFilterValues_MultiSelection_Success" storage="d:\actions-runner\_work\xpco\xpco\allsolutions\..\mip\platformplugin\videoos.platform\unittest\bin\debug\net6.0-windows\videoos.platform.tests.dll" id="9201c682-a830-2984-3517-d5fbfb383f4a">
      <TestCategory>
        <TestCategoryItem TestCategory="Search" />
      </TestCategory>
      <Execution id="fb62e91b-3506-49fc-b7d5-3e4c94d582bb" />
      <TestMethod codeBase="D:\actions-runner\_work\XPCO\XPCO\AllSolutions\..\MIP\PlatformPlugin\VideoOS.Platform\unittest\bin\Debug\net6.0-windows\VideoOS.Platform.Tests.dll" adapterTypeName="executor://mstestadapter/v2" className="VideoOS.Platform.Tests.Search.FilterCategories.PersonSearchFilterCategoryTest" name="GetGenderFilterValues_MultiSelection_Success" />
    </UnitTest>
    <UnitTest name="Properties_DefaultValues" storage="d:\actions-runner\_work\xpco\xpco\allsolutions\..\mip\platformplugin\videoos.platform\unittest\bin\debug\net6.0-windows\videoos.platform.tests.dll" id="caf15171-15c0-e44f-4ded-3471eafc2c21">
      <Execution id="2f322643-8003-4a73-a00b-5d2b1d3d5d35" />
      <TestMethod codeBase="D:\actions-runner\_work\XPCO\XPCO\AllSolutions\..\MIP\PlatformPlugin\VideoOS.Platform\unittest\bin\Debug\net6.0-windows\VideoOS.Platform.Tests.dll" adapterTypeName="executor://mstestadapter/v2" className="VideoOS.Platform.Tests.UI.ItemPicker.ItemPickerViewModelTest" name="Properties_DefaultValues" />
    </UnitTest>
    <UnitTest name="GetFilterValues_UnknownFilter_ReturnsEmptyList" storage="d:\actions-runner\_work\xpco\xpco\allsolutions\..\mip\platformplugin\videoos.platform\unittest\bin\debug\net6.0-windows\videoos.platform.tests.dll" id="441213bb-d837-6a17-d5bf-0e8158ed876c">
      <TestCategory>
        <TestCategoryItem TestCategory="Search" />
      </TestCategory>
      <Execution id="2bf4dc52-4829-45b6-903a-dc3cb7250d85" />
      <TestMethod codeBase="D:\actions-runner\_work\XPCO\XPCO\AllSolutions\..\MIP\PlatformPlugin\VideoOS.Platform\unittest\bin\Debug\net6.0-windows\VideoOS.Platform.Tests.dll" adapterTypeName="executor://mstestadapter/v2" className="VideoOS.Platform.Tests.Search.SearchCriteriaTest" name="GetFilterValues_UnknownFilter_ReturnsEmptyList" />
    </UnitTest>
    <UnitTest name="CountByCounter_Activated_Trial_OK" storage="d:\actions-runner\_work\xpco\xpco\allsolutions\..\mip\platformplugin\videoos.platform\unittest\bin\debug\net6.0-windows\videoos.platform.tests.dll" id="af0f43ee-ce4a-d402-680c-1c0e37479db8">
      <Execution id="1ea45ea8-93e8-4193-8b08-97fb6636eb33" />
      <TestMethod codeBase="D:\actions-runner\_work\XPCO\XPCO\AllSolutions\..\MIP\PlatformPlugin\VideoOS.Platform\unittest\bin\Debug\net6.0-windows\VideoOS.Platform.Tests.dll" adapterTypeName="executor://mstestadapter/v2" className="VideoOS.Platform.Tests.License.ResolvedLicenseCountTest" name="CountByCounter_Activated_Trial_OK" />
    </UnitTest>
    <UnitTest name="Construct_Server_ServerIdOnly_checked" storage="d:\actions-runner\_work\xpco\xpco\allsolutions\..\mip\platformplugin\videoos.platform\unittest\bin\debug\net6.0-windows\videoos.platform.tests.dll" id="66e61549-2664-849a-b0d5-68906d176e33">
      <Execution id="bc609b9d-81ca-4307-b3f1-90cea7060420" />
      <TestMethod codeBase="D:\actions-runner\_work\XPCO\XPCO\AllSolutions\..\MIP\PlatformPlugin\VideoOS.Platform\unittest\bin\Debug\net6.0-windows\VideoOS.Platform.Tests.dll" adapterTypeName="executor://mstestadapter/v2" className="VideoOS.Platform.Tests.FQIDtests" name="Construct_Server_ServerIdOnly_checked" />
    </UnitTest>
    <UnitTest name="ContentShouldReturnConstructorParameter" storage="d:\actions-runner\_work\xpco\xpco\allsolutions\..\mip\platformplugin\videoos.platform\unittest\bin\debug\net6.0-windows\videoos.platform.tests.dll" id="952d04da-369e-0e5d-fb29-9bfdf4da3a0e">
      <Execution id="ab768419-1224-46dc-8b9a-3dfe03a7dfa4" />
      <TestMethod codeBase="D:\actions-runner\_work\XPCO\XPCO\AllSolutions\..\MIP\PlatformPlugin\VideoOS.Platform\unittest\bin\Debug\net6.0-windows\VideoOS.Platform.Tests.dll" adapterTypeName="executor://mstestadapter/v2" className="VideoOS.Platform.Tests.Live.MetadataLiveContentTests" name="ContentShouldReturnConstructorParameter" />
    </UnitTest>
    <UnitTest name="Append_Property_Array" storage="d:\actions-runner\_work\xpco\xpco\allsolutions\..\mip\platformplugin\videoos.platform\unittest\bin\debug\net6.0-windows\videoos.platform.tests.dll" id="69b55b39-a9d9-76d0-7e5a-7249ce9b54b6">
      <Execution id="360c153f-49dc-4dcf-9a29-3992946861f4" />
      <TestMethod codeBase="D:\actions-runner\_work\XPCO\XPCO\AllSolutions\..\MIP\PlatformPlugin\VideoOS.Platform\unittest\bin\Debug\net6.0-windows\VideoOS.Platform.Tests.dll" adapterTypeName="executor://mstestadapter/v2" className="VideoOS.Platform.Tests.Proxy.RestApi.JsonBuilderTests" name="Append_Property_Array" />
    </UnitTest>
    <UnitTest name="Dequeue_NoItems_FailsAfterTimeout" storage="d:\actions-runner\_work\xpco\xpco\allsolutions\..\mip\platformplugin\videoos.platform\unittest\bin\debug\net6.0-windows\videoos.platform.tests.dll" id="5779081c-72b8-3e22-5954-bdf5dfba82f5">
      <Execution id="c1e53b17-69e6-44af-bba4-e82ca5100d2e" />
      <TestMethod codeBase="D:\actions-runner\_work\XPCO\XPCO\AllSolutions\..\MIP\PlatformPlugin\VideoOS.Platform\unittest\bin\Debug\net6.0-windows\VideoOS.Platform.Tests.dll" adapterTypeName="executor://mstestadapter/v2" className="VideoOS.Platform.Tests.Util.Queue.ConcurrentQueueSlimTests" name="Dequeue_NoItems_FailsAfterTimeout" />
    </UnitTest>
    <UnitTest name="GetEnd_ShouldReturnNull_WhenThereIsNoData" storage="d:\actions-runner\_work\xpco\xpco\allsolutions\..\mip\platformplugin\videoos.platform\unittest\bin\debug\net6.0-windows\videoos.platform.tests.dll" id="a8ce85fe-814a-271d-72cd-32e52ea1acce">
      <Execution id="1253a8bd-2956-401b-a49d-e38bfc426a7a" />
      <TestMethod codeBase="D:\actions-runner\_work\XPCO\XPCO\AllSolutions\..\MIP\PlatformPlugin\VideoOS.Platform\unittest\bin\Debug\net6.0-windows\VideoOS.Platform.Tests.dll" adapterTypeName="executor://mstestadapter/v2" className="VideoOS.Platform.Tests.Data.MetadataPlaybackSourceTests" name="GetEnd_ShouldReturnNull_WhenThereIsNoData" />
    </UnitTest>
    <UnitTest name="Serialize_TestCases (Verify root Generic (not null) property)" storage="d:\actions-runner\_work\xpco\xpco\allsolutions\..\mip\platformplugin\videoos.platform\unittest\bin\debug\net6.0-windows\videoos.platform.tests.dll" id="f0a224b1-cb9d-a091-6819-7ca2cd4d3f6d">
      <Execution id="e92f00b8-aef9-4c1f-a20b-e0c2dcfad1a4" />
      <TestMethod codeBase="D:\actions-runner\_work\XPCO\XPCO\AllSolutions\..\MIP\PlatformPlugin\VideoOS.Platform\unittest\bin\Debug\net6.0-windows\VideoOS.Platform.Tests.dll" adapterTypeName="executor://mstestadapter/v2" className="VideoOS.Platform.Tests.UI.Controls.Automation.Serialization.AutomationObjectSerializerTest" name="Serialize_TestCases" />
    </UnitTest>
    <UnitTest name="AddItem_AnalyticsEvent_Success" storage="d:\actions-runner\_work\xpco\xpco\allsolutions\..\mip\platformplugin\videoos.platform\unittest\bin\debug\net6.0-windows\videoos.platform.tests.dll" id="b00ecc30-ada6-8010-f3a3-4abf75838207">
      <Execution id="b6137c70-4e03-4e82-a887-c06fcd614747" />
      <TestMethod codeBase="D:\actions-runner\_work\XPCO\XPCO\AllSolutions\..\MIP\PlatformPlugin\VideoOS.Platform\unittest\bin\Debug\net6.0-windows\VideoOS.Platform.Tests.dll" adapterTypeName="executor://mstestadapter/v2" className="VideoOS.Platform.Tests.Proxy.RestApi.RestApiClientDecoratorTests" name="AddItem_AnalyticsEvent_Success" />
    </UnitTest>
    <UnitTest name="IconOverlay_BuiltIn_VaryingOverlays_Success" storage="d:\actions-runner\_work\xpco\xpco\allsolutions\..\mip\platformplugin\videoos.platform\unittest\bin\debug\net6.0-windows\videoos.platform.tests.dll" id="1a23ceed-6bf2-7030-b18a-91b782df52d2">
      <Execution id="ac4a8a03-5892-44e6-b1b6-f9854b95837e" />
      <TestMethod codeBase="D:\actions-runner\_work\XPCO\XPCO\AllSolutions\..\MIP\PlatformPlugin\VideoOS.Platform\unittest\bin\Debug\net6.0-windows\VideoOS.Platform.Tests.dll" adapterTypeName="executor://mstestadapter/v2" className="VideoOS.Platform.Tests.ItemTests" name="IconOverlay_BuiltIn_VaryingOverlays_Success" />
    </UnitTest>
    <UnitTest name="GetWithDateTimeTimeSpanAndInt_ShouldClearCache_WhenAlways" storage="d:\actions-runner\_work\xpco\xpco\allsolutions\..\mip\platformplugin\videoos.platform\unittest\bin\debug\net6.0-windows\videoos.platform.tests.dll" id="79db46c4-1a13-12a0-1950-586398a93668">
      <Execution id="6326cbfa-1340-47eb-8cc1-0c922d60a548" />
      <TestMethod codeBase="D:\actions-runner\_work\XPCO\XPCO\AllSolutions\..\MIP\PlatformPlugin\VideoOS.Platform\unittest\bin\Debug\net6.0-windows\VideoOS.Platform.Tests.dll" adapterTypeName="executor://mstestadapter/v2" className="VideoOS.Platform.Tests.Data.MetadataPlaybackSourceTests" name="GetWithDateTimeTimeSpanAndInt_ShouldClearCache_WhenAlways" />
    </UnitTest>
    <UnitTest name="GetCompatibilityHandler_ShouldReturnFips_WhenCalledFromManagementClient" storage="d:\actions-runner\_work\xpco\xpco\allsolutions\..\mip\platformplugin\videoos.platform\unittest\bin\debug\net6.0-windows\videoos.platform.tests.dll" id="27c1e810-7452-20e9-bd4a-23699743a6c7">
      <Execution id="24bc7e22-2ab6-4245-883b-07a9c119c135" />
      <TestMethod codeBase="D:\actions-runner\_work\XPCO\XPCO\AllSolutions\..\MIP\PlatformPlugin\VideoOS.Platform\unittest\bin\Debug\net6.0-windows\VideoOS.Platform.Tests.dll" adapterTypeName="executor://mstestadapter/v2" className="VideoOS.Platform.Tests.License.LicenseManagerTests" name="GetCompatibilityHandler_ShouldReturnFips_WhenCalledFromManagementClient" />
    </UnitTest>
    <UnitTest name="ReadXml_ShouldIgnoreCenterOfGravity_WhenCenterOfGravityIsPresenWithWrongNamespace" storage="d:\actions-runner\_work\xpco\xpco\allsolutions\..\mip\platformplugin\videoos.platform\unittest\bin\debug\net6.0-windows\videoos.platform.tests.dll" id="3b221ad2-25e8-a21d-c511-ab3b1a01fb56">
      <Execution id="3d201a15-8725-43e8-bb65-19969fcfca21" />
      <TestMethod codeBase="D:\actions-runner\_work\XPCO\XPCO\AllSolutions\..\MIP\PlatformPlugin\VideoOS.Platform\unittest\bin\Debug\net6.0-windows\VideoOS.Platform.Tests.dll" adapterTypeName="executor://mstestadapter/v2" className="VideoOS.Platform.Tests.Metadata.ShapeTests" name="ReadXml_ShouldIgnoreCenterOfGravity_WhenCenterOfGravityIsPresenWithWrongNamespace" />
    </UnitTest>
    <UnitTest name="WriteXml_ShouldWriteAllObjects_WhenThereAreMultipleObjectsPresent" storage="d:\actions-runner\_work\xpco\xpco\allsolutions\..\mip\platformplugin\videoos.platform\unittest\bin\debug\net6.0-windows\videoos.platform.tests.dll" id="6b8d7eb7-6306-1854-531e-9df54451cb92">
      <Execution id="327280e6-6889-44c8-8d42-4e008ae792a6" />
      <TestMethod codeBase="D:\actions-runner\_work\XPCO\XPCO\AllSolutions\..\MIP\PlatformPlugin\VideoOS.Platform\unittest\bin\Debug\net6.0-windows\VideoOS.Platform.Tests.dll" adapterTypeName="executor://mstestadapter/v2" className="VideoOS.Platform.Tests.Metadata.FrameTests" name="WriteXml_ShouldWriteAllObjects_WhenThereAreMultipleObjectsPresent" />
    </UnitTest>
    <UnitTest name="GenerateDeviceParameters_ShouldWriteCorrectResolution_WhenResolutionIsNotNull" storage="d:\actions-runner\_work\xpco\xpco\allsolutions\..\mip\platformplugin\videoos.platform\unittest\bin\debug\net6.0-windows\videoos.platform.tests.dll" id="7ae2592b-1209-056c-b02b-a7b7c4496165">
      <Execution id="2e90974f-42dd-48a5-89d8-f4949d4fa030" />
      <TestMethod codeBase="D:\actions-runner\_work\XPCO\XPCO\AllSolutions\..\MIP\PlatformPlugin\VideoOS.Platform\unittest\bin\Debug\net6.0-windows\VideoOS.Platform.Tests.dll" adapterTypeName="executor://mstestadapter/v2" className="VideoOS.Platform.Tests.Data.CameraDeviceDefinitionTests" name="GenerateDeviceParameters_ShouldWriteCorrectResolution_WhenResolutionIsNotNull" />
    </UnitTest>
    <UnitTest name="GenerateParameters_ShouldOmitQualityRange_WhenQualityRangeIsNull" storage="d:\actions-runner\_work\xpco\xpco\allsolutions\..\mip\platformplugin\videoos.platform\unittest\bin\debug\net6.0-windows\videoos.platform.tests.dll" id="a3089784-5b87-5aa6-6c29-ce468fd5b9ef">
      <Execution id="f8a42b3b-486a-45c5-8fe1-571cd3183e49" />
      <TestMethod codeBase="D:\actions-runner\_work\XPCO\XPCO\AllSolutions\..\MIP\PlatformPlugin\VideoOS.Platform\unittest\bin\Debug\net6.0-windows\VideoOS.Platform.Tests.dll" adapterTypeName="executor://mstestadapter/v2" className="VideoOS.Platform.Tests.Data.CameraDeviceDefinitionTests" name="GenerateParameters_ShouldOmitQualityRange_WhenQualityRangeIsNull" />
    </UnitTest>
    <UnitTest name="Clear_NonEmptyQueue_QueueCleared" storage="d:\actions-runner\_work\xpco\xpco\allsolutions\..\mip\platformplugin\videoos.platform\unittest\bin\debug\net6.0-windows\videoos.platform.tests.dll" id="ce34eb52-9bf0-0190-75b5-426ffc55227b">
      <Execution id="4da1969e-1627-4fd0-823e-cadd992560fd" />
      <TestMethod codeBase="D:\actions-runner\_work\XPCO\XPCO\AllSolutions\..\MIP\PlatformPlugin\VideoOS.Platform\unittest\bin\Debug\net6.0-windows\VideoOS.Platform.Tests.dll" adapterTypeName="executor://mstestadapter/v2" className="VideoOS.Platform.Tests.Util.Queue.ConcurrentQueueSlimTests" name="Clear_NonEmptyQueue_QueueCleared" />
    </UnitTest>
    <UnitTest name="ConstructorRgb_ShouldReturnAlphaValueFullyOpaque_Always" storage="d:\actions-runner\_work\xpco\xpco\allsolutions\..\mip\platformplugin\videoos.platform\unittest\bin\debug\net6.0-windows\videoos.platform.tests.dll" id="97fbdc51-18ba-7aa5-3b45-4fad3a6c36f9">
      <Execution id="4f1e8086-9286-4b1b-a80f-707a56894665" />
      <TestMethod codeBase="D:\actions-runner\_work\XPCO\XPCO\AllSolutions\..\MIP\PlatformPlugin\VideoOS.Platform\unittest\bin\Debug\net6.0-windows\VideoOS.Platform.Tests.dll" adapterTypeName="executor://mstestadapter/v2" className="VideoOS.Platform.Tests.Metadata.DisplayColorTests" name="ConstructorRgb_ShouldReturnAlphaValueFullyOpaque_Always" />
    </UnitTest>
    <UnitTest name="ReadXml_ShouldIgnoreObject_WhenObjectIsPresenWithWrongNamespace" storage="d:\actions-runner\_work\xpco\xpco\allsolutions\..\mip\platformplugin\videoos.platform\unittest\bin\debug\net6.0-windows\videoos.platform.tests.dll" id="29ac2707-c2cb-35e2-eedb-a90688f5df17">
      <Execution id="bc7c9896-1450-42e8-83bb-3c74c584b58a" />
      <TestMethod codeBase="D:\actions-runner\_work\XPCO\XPCO\AllSolutions\..\MIP\PlatformPlugin\VideoOS.Platform\unittest\bin\Debug\net6.0-windows\VideoOS.Platform.Tests.dll" adapterTypeName="executor://mstestadapter/v2" className="VideoOS.Platform.Tests.Metadata.FrameTests" name="ReadXml_ShouldIgnoreObject_WhenObjectIsPresenWithWrongNamespace" />
    </UnitTest>
    <UnitTest name="GetColorFilterValues_MultiSelection_Success" storage="d:\actions-runner\_work\xpco\xpco\allsolutions\..\mip\platformplugin\videoos.platform\unittest\bin\debug\net6.0-windows\videoos.platform.tests.dll" id="3a583449-4deb-358f-f880-2478ec9ff18a">
      <TestCategory>
        <TestCategoryItem TestCategory="Search" />
      </TestCategory>
      <Execution id="4cdf54cc-5d22-4066-8fe2-14050882198d" />
      <TestMethod codeBase="D:\actions-runner\_work\XPCO\XPCO\AllSolutions\..\MIP\PlatformPlugin\VideoOS.Platform\unittest\bin\Debug\net6.0-windows\VideoOS.Platform.Tests.dll" adapterTypeName="executor://mstestadapter/v2" className="VideoOS.Platform.Tests.Search.FilterCategories.VehicleSearchFilterCategoryTest" name="GetColorFilterValues_MultiSelection_Success" />
    </UnitTest>
    <UnitTest name="Encrypt_PropertyIsSetToTrue_EncryptIsTrue" storage="d:\actions-runner\_work\xpco\xpco\allsolutions\..\mip\platformplugin\videoos.platform\unittest\bin\debug\net6.0-windows\videoos.platform.tests.dll" id="c484feb4-af2e-2886-69bb-e210e70b626b">
      <Execution id="83fe2330-a9f0-4b35-81ac-1dd64bf7c355" />
      <TestMethod codeBase="D:\actions-runner\_work\XPCO\XPCO\AllSolutions\..\MIP\PlatformPlugin\VideoOS.Platform\unittest\bin\Debug\net6.0-windows\VideoOS.Platform.Tests.dll" adapterTypeName="executor://mstestadapter/v2" className="VideoOS.Platform.Tests.ItemTests" name="Encrypt_PropertyIsSetToTrue_EncryptIsTrue" />
    </UnitTest>
    <UnitTest name="HostInitialized_ShouldNotInvokeCallback_WhenInitializedWithoutItems" storage="d:\actions-runner\_work\xpco\xpco\allsolutions\..\mip\platformplugin\videoos.platform\unittest\bin\debug\net6.0-windows\videoos.platform.tests.dll" id="c4e34f90-d96f-cb6b-4d8d-827e8345bbf0">
      <Execution id="1d74064b-8563-4941-9d8b-a323356f7c48" />
      <TestMethod codeBase="D:\actions-runner\_work\XPCO\XPCO\AllSolutions\..\MIP\PlatformPlugin\VideoOS.Platform\unittest\bin\Debug\net6.0-windows\VideoOS.Platform.Tests.dll" adapterTypeName="executor://mstestadapter/v2" className="VideoOS.Platform.Tests.UI.Controls.CollectionHelperTest" name="HostInitialized_ShouldNotInvokeCallback_WhenInitializedWithoutItems" />
    </UnitTest>
    <UnitTest name="Remove_NullKey_Throws" storage="d:\actions-runner\_work\xpco\xpco\allsolutions\..\mip\platformplugin\videoos.platform\unittest\bin\debug\net6.0-windows\videoos.platform.tests.dll" id="d289ff8a-f589-cd43-96ee-801082b894b3">
      <Execution id="7664c1b1-cc33-4f11-a5bd-d8620bae2022" />
      <TestMethod codeBase="D:\actions-runner\_work\XPCO\XPCO\AllSolutions\..\MIP\PlatformPlugin\VideoOS.Platform\unittest\bin\Debug\net6.0-windows\VideoOS.Platform.Tests.dll" adapterTypeName="executor://mstestadapter/v2" className="VideoOS.Platform.Tests.Util.Queue.LRUCacheTests" name="Remove_NullKey_Throws" />
    </UnitTest>
    <UnitTest name="Parse_Double_Complex" storage="d:\actions-runner\_work\xpco\xpco\allsolutions\..\mip\platformplugin\videoos.platform\unittest\bin\debug\net6.0-windows\videoos.platform.tests.dll" id="9a98835c-961c-47c7-7156-330b8e2ed1fa">
      <Execution id="28598ff2-d1dc-4272-bc09-5c7faa51e774" />
      <TestMethod codeBase="D:\actions-runner\_work\XPCO\XPCO\AllSolutions\..\MIP\PlatformPlugin\VideoOS.Platform\unittest\bin\Debug\net6.0-windows\VideoOS.Platform.Tests.dll" adapterTypeName="executor://mstestadapter/v2" className="VideoOS.Platform.Tests.Proxy.RestApi.JsonReaderTests" name="Parse_Double_Complex" />
    </UnitTest>
    <UnitTest name="ParameterConstruct1_FieldValues_Checked" storage="d:\actions-runner\_work\xpco\xpco\allsolutions\..\mip\platformplugin\videoos.platform\unittest\bin\debug\net6.0-windows\videoos.platform.tests.dll" id="4bd213a5-298f-25c6-c1c0-a6bf89fe9c65">
      <Execution id="89e5af25-6c81-46bc-b32b-a593989ee57d" />
      <TestMethod codeBase="D:\actions-runner\_work\XPCO\XPCO\AllSolutions\..\MIP\PlatformPlugin\VideoOS.Platform\unittest\bin\Debug\net6.0-windows\VideoOS.Platform.Tests.dll" adapterTypeName="executor://mstestadapter/v2" className="VideoOS.Platform.Tests.FQIDtests" name="ParameterConstruct1_FieldValues_Checked" />
    </UnitTest>
    <UnitTest name="ReadXml_ShouldLogWarningTwiceWhenMoreThanOneMinuteBetweenWarnings_WhenFrameDidNotReadUtcTime" storage="d:\actions-runner\_work\xpco\xpco\allsolutions\..\mip\platformplugin\videoos.platform\unittest\bin\debug\net6.0-windows\videoos.platform.tests.dll" id="a5abba6c-a7f2-f6e8-f007-920746cf3d43">
      <Execution id="6d7a3b52-5321-41cc-bc2d-cdfe8323b1b2" />
      <TestMethod codeBase="D:\actions-runner\_work\XPCO\XPCO\AllSolutions\..\MIP\PlatformPlugin\VideoOS.Platform\unittest\bin\Debug\net6.0-windows\VideoOS.Platform.Tests.dll" adapterTypeName="executor://mstestadapter/v2" className="VideoOS.Platform.Tests.Metadata.VideoAnalyticsTests" name="ReadXml_ShouldLogWarningTwiceWhenMoreThanOneMinuteBetweenWarnings_WhenFrameDidNotReadUtcTime" />
    </UnitTest>
    <UnitTest name="ReadXml_ShouldLogWarningTwiceWhenMoreThanOneMinuteBetweenWarnings_WhenIncompleteTranslateIsPresent" storage="d:\actions-runner\_work\xpco\xpco\allsolutions\..\mip\platformplugin\videoos.platform\unittest\bin\debug\net6.0-windows\videoos.platform.tests.dll" id="84f70a73-53d8-9f06-6236-95fde40b65ac">
      <Execution id="0a868e5a-bdd4-47d0-9ff7-3fca6d8a07d0" />
      <TestMethod codeBase="D:\actions-runner\_work\XPCO\XPCO\AllSolutions\..\MIP\PlatformPlugin\VideoOS.Platform\unittest\bin\Debug\net6.0-windows\VideoOS.Platform.Tests.dll" adapterTypeName="executor://mstestadapter/v2" className="VideoOS.Platform.Tests.Metadata.TransformationTests" name="ReadXml_ShouldLogWarningTwiceWhenMoreThanOneMinuteBetweenWarnings_WhenIncompleteTranslateIsPresent" />
    </UnitTest>
    <UnitTest name="WriteXml_ShouldOmitIsIdleElement_WhenIsIdleIsFalse" storage="d:\actions-runner\_work\xpco\xpco\allsolutions\..\mip\platformplugin\videoos.platform\unittest\bin\debug\net6.0-windows\videoos.platform.tests.dll" id="7ebb6f6a-7f5e-646a-c7ce-f4daa5d5c8da">
      <Execution id="0eea2019-9b21-49b7-9a07-10799fe8696b" />
      <TestMethod codeBase="D:\actions-runner\_work\XPCO\XPCO\AllSolutions\..\MIP\PlatformPlugin\VideoOS.Platform\unittest\bin\Debug\net6.0-windows\VideoOS.Platform.Tests.dll" adapterTypeName="executor://mstestadapter/v2" className="VideoOS.Platform.Tests.Metadata.BehaviourTests" name="WriteXml_ShouldOmitIsIdleElement_WhenIsIdleIsFalse" />
    </UnitTest>
    <UnitTest name="MarkupExtension_ShouldClearContentTemplate_WhenContentTemplateOnSelectedItemChangesToNull" storage="d:\actions-runner\_work\xpco\xpco\allsolutions\..\mip\platformplugin\videoos.platform\unittest\bin\debug\net6.0-windows\videoos.platform.tests.dll" id="dbc25ad9-20cc-4d18-73ef-8500a4d4137f">
      <TestCategory>
        <TestCategoryItem TestCategory="DropDowns" />
      </TestCategory>
      <Execution id="99074859-bce2-491e-86e8-be34695940f4" />
      <TestMethod codeBase="D:\actions-runner\_work\XPCO\XPCO\AllSolutions\..\MIP\PlatformPlugin\VideoOS.Platform\unittest\bin\Debug\net6.0-windows\VideoOS.Platform.Tests.dll" adapterTypeName="executor://mstestadapter/v2" className="VideoOS.Platform.Tests.UI.Controls.DropDowns.Internal.SelectedItemContentTemplateExtensionTest" name="MarkupExtension_ShouldClearContentTemplate_WhenContentTemplateOnSelectedItemChangesToNull" />
    </UnitTest>
    <UnitTest name="ReadXml_ShouldSetIsIdle_WhenIdleElementIsPresentWithCorrectNamespace" storage="d:\actions-runner\_work\xpco\xpco\allsolutions\..\mip\platformplugin\videoos.platform\unittest\bin\debug\net6.0-windows\videoos.platform.tests.dll" id="f66cd845-32f8-8293-9ecc-cb3301f62262">
      <Execution id="10b6e45f-ff2c-464b-8992-64a5c44a69e8" />
      <TestMethod codeBase="D:\actions-runner\_work\XPCO\XPCO\AllSolutions\..\MIP\PlatformPlugin\VideoOS.Platform\unittest\bin\Debug\net6.0-windows\VideoOS.Platform.Tests.dll" adapterTypeName="executor://mstestadapter/v2" className="VideoOS.Platform.Tests.Metadata.BehaviourTests" name="ReadXml_ShouldSetIsIdle_WhenIdleElementIsPresentWithCorrectNamespace" />
    </UnitTest>
    <UnitTest name="CacheFlushMechanism_ShouldRemoveItems_WhenNotUsed" storage="d:\actions-runner\_work\xpco\xpco\allsolutions\..\mip\platformplugin\videoos.platform\unittest\bin\debug\net6.0-windows\videoos.platform.tests.dll" id="aea21075-21e1-c265-1a63-420c5c66b0a8">
      <Execution id="025b7451-a28f-4184-9bd5-bc7b3c1e30d0" />
      <TestMethod codeBase="D:\actions-runner\_work\XPCO\XPCO\AllSolutions\..\MIP\PlatformPlugin\VideoOS.Platform\unittest\bin\Debug\net6.0-windows\VideoOS.Platform.Tests.dll" adapterTypeName="executor://mstestadapter/v2" className="VideoOS.Platform.Tests.Util.ConfigurationCacheTests" name="CacheFlushMechanism_ShouldRemoveItems_WhenNotUsed" />
    </UnitTest>
    <UnitTest name="Append_2Element_String" storage="d:\actions-runner\_work\xpco\xpco\allsolutions\..\mip\platformplugin\videoos.platform\unittest\bin\debug\net6.0-windows\videoos.platform.tests.dll" id="6a90276b-bdbd-5195-546b-d62b355d6d1e">
      <Execution id="c52137eb-f4e6-44e7-b852-6103388ec39e" />
      <TestMethod codeBase="D:\actions-runner\_work\XPCO\XPCO\AllSolutions\..\MIP\PlatformPlugin\VideoOS.Platform\unittest\bin\Debug\net6.0-windows\VideoOS.Platform.Tests.dll" adapterTypeName="executor://mstestadapter/v2" className="VideoOS.Platform.Tests.Proxy.RestApi.JsonBuilderTests" name="Append_2Element_String" />
    </UnitTest>
    <UnitTest name="ReadXml_ShouldReadNavigationalData_WhenNavigationalDataIsPresent" storage="d:\actions-runner\_work\xpco\xpco\allsolutions\..\mip\platformplugin\videoos.platform\unittest\bin\debug\net6.0-windows\videoos.platform.tests.dll" id="f5086738-fff1-9285-cf60-e3b17196cf32">
      <Execution id="1eb9ebda-87ae-426b-b7e9-8a390dc20a56" />
      <TestMethod codeBase="D:\actions-runner\_work\XPCO\XPCO\AllSolutions\..\MIP\PlatformPlugin\VideoOS.Platform\unittest\bin\Debug\net6.0-windows\VideoOS.Platform.Tests.dll" adapterTypeName="executor://mstestadapter/v2" className="VideoOS.Platform.Tests.Metadata.MetadataStreamTests" name="ReadXml_ShouldReadNavigationalData_WhenNavigationalDataIsPresent" />
    </UnitTest>
    <UnitTest name="Serialize_TestCases (TestParentTypeMatchStructThisTypeNotMatchedProperty)" storage="d:\actions-runner\_work\xpco\xpco\allsolutions\..\mip\platformplugin\videoos.platform\unittest\bin\debug\net6.0-windows\videoos.platform.tests.dll" id="f24b56c9-993c-959d-f90c-97f221d04ce7">
      <Execution id="ef6d1fdd-5462-42e1-94c6-5b66b6242684" />
      <TestMethod codeBase="D:\actions-runner\_work\XPCO\XPCO\AllSolutions\..\MIP\PlatformPlugin\VideoOS.Platform\unittest\bin\Debug\net6.0-windows\VideoOS.Platform.Tests.dll" adapterTypeName="executor://mstestadapter/v2" className="VideoOS.Platform.Tests.UI.Controls.Automation.Serialization.AutomationObjectSerializerTest" name="Serialize_TestCases" />
    </UnitTest>
    <UnitTest name="GetLicensePlateFilterValue_FilterValueMissing_ReturnsEmptyCollection" storage="d:\actions-runner\_work\xpco\xpco\allsolutions\..\mip\platformplugin\videoos.platform\unittest\bin\debug\net6.0-windows\videoos.platform.tests.dll" id="c3df773c-1590-2c82-5cd8-cf0a4f3a6afc">
      <TestCategory>
        <TestCategoryItem TestCategory="Search" />
      </TestCategory>
      <Execution id="f21e6404-03f1-4f09-887f-98261f02ac74" />
      <TestMethod codeBase="D:\actions-runner\_work\XPCO\XPCO\AllSolutions\..\MIP\PlatformPlugin\VideoOS.Platform\unittest\bin\Debug\net6.0-windows\VideoOS.Platform.Tests.dll" adapterTypeName="executor://mstestadapter/v2" className="VideoOS.Platform.Tests.Search.FilterCategories.VehicleSearchFilterCategoryTest" name="GetLicensePlateFilterValue_FilterValueMissing_ReturnsEmptyCollection" />
    </UnitTest>
    <UnitTest name="Minimize_ShouldReturnOneInterval_WhenListContainsOneInterval" storage="d:\actions-runner\_work\xpco\xpco\allsolutions\..\mip\platformplugin\videoos.platform\unittest\bin\debug\net6.0-windows\videoos.platform.tests.dll" id="10efcc98-720a-6a51-bddb-12631de34c03">
      <Execution id="ca6fc42e-cda2-41b5-b109-1411dc844006" />
      <TestMethod codeBase="D:\actions-runner\_work\XPCO\XPCO\AllSolutions\..\MIP\PlatformPlugin\VideoOS.Platform\unittest\bin\Debug\net6.0-windows\VideoOS.Platform.Tests.dll" adapterTypeName="executor://mstestadapter/v2" className="VideoOS.Platform.Tests.Util.TimeIntervalTests" name="Minimize_ShouldReturnOneInterval_WhenListContainsOneInterval" />
    </UnitTest>
    <UnitTest name="SetChildren_Set_And_Check" storage="d:\actions-runner\_work\xpco\xpco\allsolutions\..\mip\platformplugin\videoos.platform\unittest\bin\debug\net6.0-windows\videoos.platform.tests.dll" id="c0bd25d5-74fa-a92b-42e1-7e499486e888">
      <Execution id="d0632abd-67d3-4066-9385-80c1b3812018" />
      <TestMethod codeBase="D:\actions-runner\_work\XPCO\XPCO\AllSolutions\..\MIP\PlatformPlugin\VideoOS.Platform\unittest\bin\Debug\net6.0-windows\VideoOS.Platform.Tests.dll" adapterTypeName="executor://mstestadapter/v2" className="VideoOS.Platform.Tests.ItemTests" name="SetChildren_Set_And_Check" />
    </UnitTest>
    <UnitTest name="WriteXml_ShouldWriteDescriptionElement_WhenDescriptionIsNotNull" storage="d:\actions-runner\_work\xpco\xpco\allsolutions\..\mip\platformplugin\videoos.platform\unittest\bin\debug\net6.0-windows\videoos.platform.tests.dll" id="90272f82-6dbb-9ffb-b9a3-664aee5c00a3">
      <Execution id="2cb48c90-6b46-48d2-a20c-54da048c43c0" />
      <TestMethod codeBase="D:\actions-runner\_work\XPCO\XPCO\AllSolutions\..\MIP\PlatformPlugin\VideoOS.Platform\unittest\bin\Debug\net6.0-windows\VideoOS.Platform.Tests.dll" adapterTypeName="executor://mstestadapter/v2" className="VideoOS.Platform.Tests.Metadata.AppearanceTests" name="WriteXml_ShouldWriteDescriptionElement_WhenDescriptionIsNotNull" />
    </UnitTest>
    <UnitTest name="ReadXml_ShouldReadMultipleFrames_WhenMultipleCorrectFramesArePresent" storage="d:\actions-runner\_work\xpco\xpco\allsolutions\..\mip\platformplugin\videoos.platform\unittest\bin\debug\net6.0-windows\videoos.platform.tests.dll" id="1b4a32c3-9eb5-2168-e50a-80b2df0aa2f3">
      <Execution id="c8b102be-f68c-4209-b0b0-475f23d2bfca" />
      <TestMethod codeBase="D:\actions-runner\_work\XPCO\XPCO\AllSolutions\..\MIP\PlatformPlugin\VideoOS.Platform\unittest\bin\Debug\net6.0-windows\VideoOS.Platform.Tests.dll" adapterTypeName="executor://mstestadapter/v2" className="VideoOS.Platform.Tests.Metadata.VideoAnalyticsTests" name="ReadXml_ShouldReadMultipleFrames_WhenMultipleCorrectFramesArePresent" />
    </UnitTest>
    <UnitTest name="WriteXml_ShouldWriteObject_WhenThereIsOneObjectPresent" storage="d:\actions-runner\_work\xpco\xpco\allsolutions\..\mip\platformplugin\videoos.platform\unittest\bin\debug\net6.0-windows\videoos.platform.tests.dll" id="4d02d00b-2996-2f9f-95bd-26fe5f7ed1e8">
      <Execution id="be2a1c28-ee02-4424-a244-398d8153202e" />
      <TestMethod codeBase="D:\actions-runner\_work\XPCO\XPCO\AllSolutions\..\MIP\PlatformPlugin\VideoOS.Platform\unittest\bin\Debug\net6.0-windows\VideoOS.Platform.Tests.dll" adapterTypeName="executor://mstestadapter/v2" className="VideoOS.Platform.Tests.Metadata.FrameTests" name="WriteXml_ShouldWriteObject_WhenThereIsOneObjectPresent" />
    </UnitTest>
    <UnitTest name="Serialize_TestCases (Verify root Object (null) property)" storage="d:\actions-runner\_work\xpco\xpco\allsolutions\..\mip\platformplugin\videoos.platform\unittest\bin\debug\net6.0-windows\videoos.platform.tests.dll" id="0154a190-bfe2-3ee0-16ea-a097656a45bf">
      <Execution id="8573dd2a-4133-4121-ac14-1853777296af" />
      <TestMethod codeBase="D:\actions-runner\_work\XPCO\XPCO\AllSolutions\..\MIP\PlatformPlugin\VideoOS.Platform\unittest\bin\Debug\net6.0-windows\VideoOS.Platform.Tests.dll" adapterTypeName="executor://mstestadapter/v2" className="VideoOS.Platform.Tests.UI.Controls.Automation.Serialization.AutomationObjectSerializerTest" name="Serialize_TestCases" />
    </UnitTest>
    <UnitTest name="Equals_ShouldHaveValueSemantics_WhenAlways" storage="d:\actions-runner\_work\xpco\xpco\allsolutions\..\mip\platformplugin\videoos.platform\unittest\bin\debug\net6.0-windows\videoos.platform.tests.dll" id="00d2b6ae-d05f-2d34-4eb2-fb5187257361">
      <Execution id="74c8ad40-1c85-49fd-a9e9-5e43939f77de" />
      <TestMethod codeBase="D:\actions-runner\_work\XPCO\XPCO\AllSolutions\..\MIP\PlatformPlugin\VideoOS.Platform\unittest\bin\Debug\net6.0-windows\VideoOS.Platform.Tests.dll" adapterTypeName="executor://mstestadapter/v2" className="VideoOS.Platform.Tests.Metadata.BehaviourTests" name="Equals_ShouldHaveValueSemantics_WhenAlways" />
    </UnitTest>
    <UnitTest name="Ctor_TwoStandardFiltersAndTwoCustomFilters_Success" storage="d:\actions-runner\_work\xpco\xpco\allsolutions\..\mip\platformplugin\videoos.platform\unittest\bin\debug\net6.0-windows\videoos.platform.tests.dll" id="bdfc35c1-636f-aaf9-5506-e97d44bad92c">
      <TestCategory>
        <TestCategoryItem TestCategory="Search" />
      </TestCategory>
      <Execution id="64c4ea98-55d3-46b6-ad15-a75653ae3143" />
      <TestMethod codeBase="D:\actions-runner\_work\XPCO\XPCO\AllSolutions\..\MIP\PlatformPlugin\VideoOS.Platform\unittest\bin\Debug\net6.0-windows\VideoOS.Platform.Tests.dll" adapterTypeName="executor://mstestadapter/v2" className="VideoOS.Platform.Tests.Search.FilterCategories.PersonSearchFilterCategoryTest" name="Ctor_TwoStandardFiltersAndTwoCustomFilters_Success" />
    </UnitTest>
    <UnitTest name="Serialize_TestCases (Verify root Interface (null) property get property value)" storage="d:\actions-runner\_work\xpco\xpco\allsolutions\..\mip\platformplugin\videoos.platform\unittest\bin\debug\net6.0-windows\videoos.platform.tests.dll" id="3ff8a29f-4ec9-3263-91de-91e09cf1f36e">
      <Execution id="809efc55-47fc-47e1-a7d5-bbdbebfe0a36" />
      <TestMethod codeBase="D:\actions-runner\_work\XPCO\XPCO\AllSolutions\..\MIP\PlatformPlugin\VideoOS.Platform\unittest\bin\Debug\net6.0-windows\VideoOS.Platform.Tests.dll" adapterTypeName="executor://mstestadapter/v2" className="VideoOS.Platform.Tests.UI.Controls.Automation.Serialization.AutomationObjectSerializerTest" name="Serialize_TestCases" />
    </UnitTest>
    <UnitTest name="MipItems_Property_Collection_Empty" storage="d:\actions-runner\_work\xpco\xpco\allsolutions\..\mip\platformplugin\videoos.platform\unittest\bin\debug\net6.0-windows\videoos.platform.tests.dll" id="3434e15a-2768-efbc-7e19-fea38f3ae373">
      <Execution id="e17308fb-0761-46f2-a35b-a491d89e508f" />
      <TestMethod codeBase="D:\actions-runner\_work\XPCO\XPCO\AllSolutions\..\MIP\PlatformPlugin\VideoOS.Platform\unittest\bin\Debug\net6.0-windows\VideoOS.Platform.Tests.dll" adapterTypeName="executor://mstestadapter/v2" className="VideoOS.Platform.Tests.UI.ItemPicker.ItemViewModelTest" name="MipItems_Property_Collection_Empty" />
    </UnitTest>
    <UnitTest name="GetNextDateTime_ShouldReturnFirstDataEntityFromSecondToolkitCall_WhenDateIsBeforeFirstCachedValue" storage="d:\actions-runner\_work\xpco\xpco\allsolutions\..\mip\platformplugin\videoos.platform\unittest\bin\debug\net6.0-windows\videoos.platform.tests.dll" id="dd9bb228-d729-118d-1416-75302d26e796">
      <Execution id="37defcf9-622e-4316-99ce-c78e761684af" />
      <TestMethod codeBase="D:\actions-runner\_work\XPCO\XPCO\AllSolutions\..\MIP\PlatformPlugin\VideoOS.Platform\unittest\bin\Debug\net6.0-windows\VideoOS.Platform.Tests.dll" adapterTypeName="executor://mstestadapter/v2" className="VideoOS.Platform.Tests.Data.MetadataPlaybackSourceTests" name="GetNextDateTime_ShouldReturnFirstDataEntityFromSecondToolkitCall_WhenDateIsBeforeFirstCachedValue" />
    </UnitTest>
    <UnitTest name="Serialize_ShouldHandleCollectionFilter_WhenMatchingCollectionItemsTypeAndItMatchesAll" storage="d:\actions-runner\_work\xpco\xpco\allsolutions\..\mip\platformplugin\videoos.platform\unittest\bin\debug\net6.0-windows\videoos.platform.tests.dll" id="d1645eb5-871e-4ef4-8f57-61d470c8d63a">
      <Execution id="e68878f2-52e4-4d0c-aab6-584e5d3b3438" />
      <TestMethod codeBase="D:\actions-runner\_work\XPCO\XPCO\AllSolutions\..\MIP\PlatformPlugin\VideoOS.Platform\unittest\bin\Debug\net6.0-windows\VideoOS.Platform.Tests.dll" adapterTypeName="executor://mstestadapter/v2" className="VideoOS.Platform.Tests.UI.Controls.Automation.Serialization.AutomationObjectSerializerTypeFilterTests" name="Serialize_ShouldHandleCollectionFilter_WhenMatchingCollectionItemsTypeAndItMatchesAll" />
    </UnitTest>
    <UnitTest name="Equals_IgnoreFolderType_Fail_OnParentId" storage="d:\actions-runner\_work\xpco\xpco\allsolutions\..\mip\platformplugin\videoos.platform\unittest\bin\debug\net6.0-windows\videoos.platform.tests.dll" id="a7dc6179-c1b7-aef9-5686-edbcfe9b120d">
      <Execution id="7b02f32d-4948-4038-9d8b-02a710313f47" />
      <TestMethod codeBase="D:\actions-runner\_work\XPCO\XPCO\AllSolutions\..\MIP\PlatformPlugin\VideoOS.Platform\unittest\bin\Debug\net6.0-windows\VideoOS.Platform.Tests.dll" adapterTypeName="executor://mstestadapter/v2" className="VideoOS.Platform.Tests.FQIDtests" name="Equals_IgnoreFolderType_Fail_OnParentId" />
    </UnitTest>
    <UnitTest name="ReadXml_ShouldIgnoreClassCandidate_WhenClassCandidateIsNotValid" storage="d:\actions-runner\_work\xpco\xpco\allsolutions\..\mip\platformplugin\videoos.platform\unittest\bin\debug\net6.0-windows\videoos.platform.tests.dll" id="fa6e843e-faa4-966b-f711-d61b61e7366c">
      <Execution id="af7dc308-e451-459b-943e-83a0ca567d93" />
      <TestMethod codeBase="D:\actions-runner\_work\XPCO\XPCO\AllSolutions\..\MIP\PlatformPlugin\VideoOS.Platform\unittest\bin\Debug\net6.0-windows\VideoOS.Platform.Tests.dll" adapterTypeName="executor://mstestadapter/v2" className="VideoOS.Platform.Tests.Metadata.OnvifClassTests" name="ReadXml_ShouldIgnoreClassCandidate_WhenClassCandidateIsNotValid" />
    </UnitTest>
    <UnitTest name="AddFilterValue_NonExistingValue_FirstValue_Success" storage="d:\actions-runner\_work\xpco\xpco\allsolutions\..\mip\platformplugin\videoos.platform\unittest\bin\debug\net6.0-windows\videoos.platform.tests.dll" id="187a3c1b-b8b9-e08a-2f65-c787e6bb630a">
      <TestCategory>
        <TestCategoryItem TestCategory="Search" />
      </TestCategory>
      <Execution id="a02e05dd-8231-477e-bf0c-64dcafa39cbb" />
      <TestMethod codeBase="D:\actions-runner\_work\XPCO\XPCO\AllSolutions\..\MIP\PlatformPlugin\VideoOS.Platform\unittest\bin\Debug\net6.0-windows\VideoOS.Platform.Tests.dll" adapterTypeName="executor://mstestadapter/v2" className="VideoOS.Platform.Tests.Search.SearchCriteriaTest" name="AddFilterValue_NonExistingValue_FirstValue_Success" />
    </UnitTest>
    <UnitTest name="UtcTimeAttributeWasPresent_ShouldReturnFalse_WhenUtcTimeAttributeIsMissing" storage="d:\actions-runner\_work\xpco\xpco\allsolutions\..\mip\platformplugin\videoos.platform\unittest\bin\debug\net6.0-windows\videoos.platform.tests.dll" id="cb973932-552d-edc5-fa30-c27e003b5121">
      <Execution id="14b8be50-7a8d-4538-b194-f1911e8df996" />
      <TestMethod codeBase="D:\actions-runner\_work\XPCO\XPCO\AllSolutions\..\MIP\PlatformPlugin\VideoOS.Platform\unittest\bin\Debug\net6.0-windows\VideoOS.Platform.Tests.dll" adapterTypeName="executor://mstestadapter/v2" className="VideoOS.Platform.Tests.Metadata.FrameTests" name="UtcTimeAttributeWasPresent_ShouldReturnFalse_WhenUtcTimeAttributeIsMissing" />
    </UnitTest>
    <UnitTest name="Serialize_TestCases (TestParentTypeMatchStructThisTypeMatched)" storage="d:\actions-runner\_work\xpco\xpco\allsolutions\..\mip\platformplugin\videoos.platform\unittest\bin\debug\net6.0-windows\videoos.platform.tests.dll" id="7b6146d5-494f-1a0e-d576-98303b0c58b5">
      <Execution id="f877a9e1-f532-4d73-84ac-6a94a5ef25ed" />
      <TestMethod codeBase="D:\actions-runner\_work\XPCO\XPCO\AllSolutions\..\MIP\PlatformPlugin\VideoOS.Platform\unittest\bin\Debug\net6.0-windows\VideoOS.Platform.Tests.dll" adapterTypeName="executor://mstestadapter/v2" className="VideoOS.Platform.Tests.UI.Controls.Automation.Serialization.AutomationObjectSerializerTest" name="Serialize_TestCases" />
    </UnitTest>
    <UnitTest name="ClearFilterValues_NullFilter_Throws" storage="d:\actions-runner\_work\xpco\xpco\allsolutions\..\mip\platformplugin\videoos.platform\unittest\bin\debug\net6.0-windows\videoos.platform.tests.dll" id="2d7b55ce-f568-7dde-659b-5f6dd5c4e10b">
      <TestCategory>
        <TestCategoryItem TestCategory="Search" />
      </TestCategory>
      <Execution id="5fc1a75a-675b-4bdb-aae3-d032476b9418" />
      <TestMethod codeBase="D:\actions-runner\_work\XPCO\XPCO\AllSolutions\..\MIP\PlatformPlugin\VideoOS.Platform\unittest\bin\Debug\net6.0-windows\VideoOS.Platform.Tests.dll" adapterTypeName="executor://mstestadapter/v2" className="VideoOS.Platform.Tests.Search.SearchCriteriaTest" name="ClearFilterValues_NullFilter_Throws" />
    </UnitTest>
    <UnitTest name="Decrypt_ShouldDecryptEncryptedInput" storage="d:\actions-runner\_work\xpco\xpco\allsolutions\..\mip\platformplugin\videoos.platform\unittest\bin\debug\net6.0-windows\videoos.platform.tests.dll" id="01799474-13c9-ef07-91a0-a707eadf879a">
      <Execution id="1a2bf821-68cf-4faa-99d0-bb1d7141dd5d" />
      <TestMethod codeBase="D:\actions-runner\_work\XPCO\XPCO\AllSolutions\..\MIP\PlatformPlugin\VideoOS.Platform\unittest\bin\Debug\net6.0-windows\VideoOS.Platform.Tests.dll" adapterTypeName="executor://mstestadapter/v2" className="VideoOS.Platform.Tests.License.NonFipsLicenseCompatibilityHandlerTests" name="Decrypt_ShouldDecryptEncryptedInput" />
    </UnitTest>
    <UnitTest name="CreateSearchResultUserControl_MissingPlugin_ReturnsNull" storage="d:\actions-runner\_work\xpco\xpco\allsolutions\..\mip\platformplugin\videoos.platform\unittest\bin\debug\net6.0-windows\videoos.platform.tests.dll" id="ed1af3f1-e228-caa9-58c0-803083486581">
      <TestCategory>
        <TestCategoryItem TestCategory="Search" />
      </TestCategory>
      <Execution id="77275362-60e4-405d-8dc7-c4d884b5338f" />
      <TestMethod codeBase="D:\actions-runner\_work\XPCO\XPCO\AllSolutions\..\MIP\PlatformPlugin\VideoOS.Platform\unittest\bin\Debug\net6.0-windows\VideoOS.Platform.Tests.dll" adapterTypeName="executor://mstestadapter/v2" className="VideoOS.Platform.Tests.Search.SearchUserControlResolverTest" name="CreateSearchResultUserControl_MissingPlugin_ReturnsNull" />
    </UnitTest>
    <UnitTest name="GetPrevious_ShouldReturnNull_WhenCallToFindCacheEntryAfterReturnedNull" storage="d:\actions-runner\_work\xpco\xpco\allsolutions\..\mip\platformplugin\videoos.platform\unittest\bin\debug\net6.0-windows\videoos.platform.tests.dll" id="3b72e631-6670-fe62-856b-ccd543a59971">
      <Execution id="aa1b3a1c-f185-4788-9fb6-9505f86f311c" />
      <TestMethod codeBase="D:\actions-runner\_work\XPCO\XPCO\AllSolutions\..\MIP\PlatformPlugin\VideoOS.Platform\unittest\bin\Debug\net6.0-windows\VideoOS.Platform.Tests.dll" adapterTypeName="executor://mstestadapter/v2" className="VideoOS.Platform.Tests.Data.MetadataCacheTests" name="GetPrevious_ShouldReturnNull_WhenCallToFindCacheEntryAfterReturnedNull" />
    </UnitTest>
    <UnitTest name="GetNext_ShouldReturnNull_WhenLastEntryWasCalled" storage="d:\actions-runner\_work\xpco\xpco\allsolutions\..\mip\platformplugin\videoos.platform\unittest\bin\debug\net6.0-windows\videoos.platform.tests.dll" id="a7839cf0-508a-0ad4-6fc1-0553406f8071">
      <Execution id="67a1effc-5ecd-4330-bc52-ad2e4aea68f2" />
      <TestMethod codeBase="D:\actions-runner\_work\XPCO\XPCO\AllSolutions\..\MIP\PlatformPlugin\VideoOS.Platform\unittest\bin\Debug\net6.0-windows\VideoOS.Platform.Tests.dll" adapterTypeName="executor://mstestadapter/v2" className="VideoOS.Platform.Tests.Data.MetadataCacheTests" name="GetNext_ShouldReturnNull_WhenLastEntryWasCalled" />
    </UnitTest>
    <UnitTest name="Serialize_TestCases (TestParentTypeMatchCollectionThisTypeNotMatched)" storage="d:\actions-runner\_work\xpco\xpco\allsolutions\..\mip\platformplugin\videoos.platform\unittest\bin\debug\net6.0-windows\videoos.platform.tests.dll" id="b6b829e1-8625-e08b-65bd-cadec1f50563">
      <Execution id="3b0c8382-b3ee-4606-b20b-c5fa16223b0c" />
      <TestMethod codeBase="D:\actions-runner\_work\XPCO\XPCO\AllSolutions\..\MIP\PlatformPlugin\VideoOS.Platform\unittest\bin\Debug\net6.0-windows\VideoOS.Platform.Tests.dll" adapterTypeName="executor://mstestadapter/v2" className="VideoOS.Platform.Tests.UI.Controls.Automation.Serialization.AutomationObjectSerializerTest" name="Serialize_TestCases" />
    </UnitTest>
    <UnitTest name="GetFilterValues_EmptyValueAdded_ReturnsEmptyCollection" storage="d:\actions-runner\_work\xpco\xpco\allsolutions\..\mip\platformplugin\videoos.platform\unittest\bin\debug\net6.0-windows\videoos.platform.tests.dll" id="0b5213c6-1e29-5592-48df-383ab2a80365">
      <TestCategory>
        <TestCategoryItem TestCategory="Search" />
      </TestCategory>
      <Execution id="af895f1d-d1e2-4ffb-bf9f-b8ef6e139f96" />
      <TestMethod codeBase="D:\actions-runner\_work\XPCO\XPCO\AllSolutions\..\MIP\PlatformPlugin\VideoOS.Platform\unittest\bin\Debug\net6.0-windows\VideoOS.Platform.Tests.dll" adapterTypeName="executor://mstestadapter/v2" className="VideoOS.Platform.Tests.Search.SearchCriteriaTest" name="GetFilterValues_EmptyValueAdded_ReturnsEmptyCollection" />
    </UnitTest>
    <UnitTest name="OnSearchResultsReady_EventHandler_NotifiedWithCorrectParameters" storage="d:\actions-runner\_work\xpco\xpco\allsolutions\..\mip\platformplugin\videoos.platform\unittest\bin\debug\net6.0-windows\videoos.platform.tests.dll" id="a029b495-55fb-1eb3-c134-9a8d61753adb">
      <TestCategory>
        <TestCategoryItem TestCategory="Search" />
      </TestCategory>
      <Execution id="774b698d-f14d-440d-83b8-17408a760f00" />
      <TestMethod codeBase="D:\actions-runner\_work\XPCO\XPCO\AllSolutions\..\MIP\PlatformPlugin\VideoOS.Platform\unittest\bin\Debug\net6.0-windows\VideoOS.Platform.Tests.dll" adapterTypeName="executor://mstestadapter/v2" className="VideoOS.Platform.Tests.Search.SearchDefinitionTest" name="OnSearchResultsReady_EventHandler_NotifiedWithCorrectParameters" />
    </UnitTest>
    <UnitTest name="Contains_CameraFail_Checked" storage="d:\actions-runner\_work\xpco\xpco\allsolutions\..\mip\platformplugin\videoos.platform\unittest\bin\debug\net6.0-windows\videoos.platform.tests.dll" id="bd10e1d0-a002-0856-831f-b5cf43dbc863">
      <Execution id="3ee2d1e3-2a01-4311-bfed-f3e71327de0a" />
      <TestMethod codeBase="D:\actions-runner\_work\XPCO\XPCO\AllSolutions\..\MIP\PlatformPlugin\VideoOS.Platform\unittest\bin\Debug\net6.0-windows\VideoOS.Platform.Tests.dll" adapterTypeName="executor://mstestadapter/v2" className="VideoOS.Platform.Tests.FQIDtests" name="Contains_CameraFail_Checked" />
    </UnitTest>
    <UnitTest name="GenerateParameters_ShouldOmitResolutionList_WhenResolutionSetIsEmpty" storage="d:\actions-runner\_work\xpco\xpco\allsolutions\..\mip\platformplugin\videoos.platform\unittest\bin\debug\net6.0-windows\videoos.platform.tests.dll" id="4eb0c9c9-741e-7fa6-9c80-5eed459fb9fe">
      <Execution id="170278f0-9275-4898-bff6-7368902fdc4c" />
      <TestMethod codeBase="D:\actions-runner\_work\XPCO\XPCO\AllSolutions\..\MIP\PlatformPlugin\VideoOS.Platform\unittest\bin\Debug\net6.0-windows\VideoOS.Platform.Tests.dll" adapterTypeName="executor://mstestadapter/v2" className="VideoOS.Platform.Tests.Data.CameraDeviceDefinitionTests" name="GenerateParameters_ShouldOmitResolutionList_WhenResolutionSetIsEmpty" />
    </UnitTest>
    <UnitTest name="WriteXml_ShouldOmitElements_WhenTheyAreNull" storage="d:\actions-runner\_work\xpco\xpco\allsolutions\..\mip\platformplugin\videoos.platform\unittest\bin\debug\net6.0-windows\videoos.platform.tests.dll" id="5f559e43-4e08-7018-bc21-dc71856c4701">
      <Execution id="c773c210-7bda-4061-97c7-473248d24ef8" />
      <TestMethod codeBase="D:\actions-runner\_work\XPCO\XPCO\AllSolutions\..\MIP\PlatformPlugin\VideoOS.Platform\unittest\bin\Debug\net6.0-windows\VideoOS.Platform.Tests.dll" adapterTypeName="executor://mstestadapter/v2" className="VideoOS.Platform.Tests.Metadata.AppearanceTests" name="WriteXml_ShouldOmitElements_WhenTheyAreNull" />
    </UnitTest>
    <UnitTest name="GetAtOrBefore_ShouldReturnEntryFromCache_WhenDataIsInCacheWithExactSameTime" storage="d:\actions-runner\_work\xpco\xpco\allsolutions\..\mip\platformplugin\videoos.platform\unittest\bin\debug\net6.0-windows\videoos.platform.tests.dll" id="868fab3c-659e-4c15-a10e-0b6912bfed13">
      <Execution id="1c73bcd3-4b9d-43e1-8fc3-9df29d2a893a" />
      <TestMethod codeBase="D:\actions-runner\_work\XPCO\XPCO\AllSolutions\..\MIP\PlatformPlugin\VideoOS.Platform\unittest\bin\Debug\net6.0-windows\VideoOS.Platform.Tests.dll" adapterTypeName="executor://mstestadapter/v2" className="VideoOS.Platform.Tests.Data.MetadataPlaybackSourceTests" name="GetAtOrBefore_ShouldReturnEntryFromCache_WhenDataIsInCacheWithExactSameTime" />
    </UnitTest>
    <UnitTest name="Serialize_TestCases (TestParentTypeMatchDecimalThisTypeNotMatched)" storage="d:\actions-runner\_work\xpco\xpco\allsolutions\..\mip\platformplugin\videoos.platform\unittest\bin\debug\net6.0-windows\videoos.platform.tests.dll" id="9ce5ec79-7982-a66c-2246-3a2379522763">
      <Execution id="f89ec5e8-5ace-4f3d-84e6-1aee5d61d143" />
      <TestMethod codeBase="D:\actions-runner\_work\XPCO\XPCO\AllSolutions\..\MIP\PlatformPlugin\VideoOS.Platform\unittest\bin\Debug\net6.0-windows\VideoOS.Platform.Tests.dll" adapterTypeName="executor://mstestadapter/v2" className="VideoOS.Platform.Tests.UI.Controls.Automation.Serialization.AutomationObjectSerializerTest" name="Serialize_TestCases" />
    </UnitTest>
    <UnitTest name="ParseMetadataXmlWithString_ShouldThrowXmlException_WhenXmlIsUnregonized" storage="d:\actions-runner\_work\xpco\xpco\allsolutions\..\mip\platformplugin\videoos.platform\unittest\bin\debug\net6.0-windows\videoos.platform.tests.dll" id="f433ef44-22f0-31c9-303b-7dece7f9527e">
      <Execution id="ec59081f-c369-4267-b75d-a146f09d8076" />
      <TestMethod codeBase="D:\actions-runner\_work\XPCO\XPCO\AllSolutions\..\MIP\PlatformPlugin\VideoOS.Platform\unittest\bin\Debug\net6.0-windows\VideoOS.Platform.Tests.dll" adapterTypeName="executor://mstestadapter/v2" className="VideoOS.Platform.Tests.Metadata.MetadataDeserializerTests" name="ParseMetadataXmlWithString_ShouldThrowXmlException_WhenXmlIsUnregonized" />
    </UnitTest>
    <UnitTest name="SelectionMode_ChangesIsMultiSelection" storage="d:\actions-runner\_work\xpco\xpco\allsolutions\..\mip\platformplugin\videoos.platform\unittest\bin\debug\net6.0-windows\videoos.platform.tests.dll" id="0881e79b-b33f-db23-4717-e6bc85ee2141">
      <Execution id="099b32f4-56bd-4228-8417-bdafcfb8e6fc" />
      <TestMethod codeBase="D:\actions-runner\_work\XPCO\XPCO\AllSolutions\..\MIP\PlatformPlugin\VideoOS.Platform\unittest\bin\Debug\net6.0-windows\VideoOS.Platform.Tests.dll" adapterTypeName="executor://mstestadapter/v2" className="VideoOS.Platform.Tests.UI.ItemPicker.ItemPickerViewModelTest" name="SelectionMode_ChangesIsMultiSelection" />
    </UnitTest>
    <UnitTest name="MatchId_Success_SingleMessage" storage="d:\actions-runner\_work\xpco\xpco\allsolutions\..\mip\platformplugin\videoos.platform\unittest\bin\debug\net6.0-windows\videoos.platform.tests.dll" id="a4399397-799d-6dfc-9b5f-ebad40d25858">
      <Execution id="2eb23fb7-41fb-4c67-bd13-9ec6a165d4cf" />
      <TestMethod codeBase="D:\actions-runner\_work\XPCO\XPCO\AllSolutions\..\MIP\PlatformPlugin\VideoOS.Platform\unittest\bin\Debug\net6.0-windows\VideoOS.Platform.Tests.dll" adapterTypeName="executor://mstestadapter/v2" className="VideoOS.Platform.Tests.Messaging.CommunicationIdFilterTests" name="MatchId_Success_SingleMessage" />
    </UnitTest>
    <UnitTest name="Add_ShouldInvokeCallback_WhenObservable" storage="d:\actions-runner\_work\xpco\xpco\allsolutions\..\mip\platformplugin\videoos.platform\unittest\bin\debug\net6.0-windows\videoos.platform.tests.dll" id="d2e27528-7e9c-f741-028a-9dd7eea4c92c">
      <Execution id="2172fab4-c833-4e84-bf7e-9eb82e843c92" />
      <TestMethod codeBase="D:\actions-runner\_work\XPCO\XPCO\AllSolutions\..\MIP\PlatformPlugin\VideoOS.Platform\unittest\bin\Debug\net6.0-windows\VideoOS.Platform.Tests.dll" adapterTypeName="executor://mstestadapter/v2" className="VideoOS.Platform.Tests.UI.Controls.CollectionHelperGenericTest" name="Add_ShouldInvokeCallback_WhenObservable" />
    </UnitTest>
    <UnitTest name="CreateSearchResultUserControl_MultiplePlugins_Success" storage="d:\actions-runner\_work\xpco\xpco\allsolutions\..\mip\platformplugin\videoos.platform\unittest\bin\debug\net6.0-windows\videoos.platform.tests.dll" id="0bb9d93a-5004-9ba8-d379-d792df82598b">
      <TestCategory>
        <TestCategoryItem TestCategory="Search" />
      </TestCategory>
      <Execution id="048c6907-a9fd-4170-afed-6e1d22c073cd" />
      <TestMethod codeBase="D:\actions-runner\_work\XPCO\XPCO\AllSolutions\..\MIP\PlatformPlugin\VideoOS.Platform\unittest\bin\Debug\net6.0-windows\VideoOS.Platform.Tests.dll" adapterTypeName="executor://mstestadapter/v2" className="VideoOS.Platform.Tests.Search.SearchUserControlResolverTest" name="CreateSearchResultUserControl_MultiplePlugins_Success" />
    </UnitTest>
    <UnitTest name="CountByItems_Activated_Missing1" storage="d:\actions-runner\_work\xpco\xpco\allsolutions\..\mip\platformplugin\videoos.platform\unittest\bin\debug\net6.0-windows\videoos.platform.tests.dll" id="ad39a2a8-a877-88dd-b965-d88ff03cb3d9">
      <Execution id="741b520f-fbe9-4f1c-a087-43906d37e922" />
      <TestMethod codeBase="D:\actions-runner\_work\XPCO\XPCO\AllSolutions\..\MIP\PlatformPlugin\VideoOS.Platform\unittest\bin\Debug\net6.0-windows\VideoOS.Platform.Tests.dll" adapterTypeName="executor://mstestadapter/v2" className="VideoOS.Platform.Tests.License.ResolvedLicenseCountTest" name="CountByItems_Activated_Missing1" />
    </UnitTest>
    <UnitTest name="RegionSelectionFilterValue_Serialize_Success" storage="d:\actions-runner\_work\xpco\xpco\allsolutions\..\mip\platformplugin\videoos.platform\unittest\bin\debug\net6.0-windows\videoos.platform.tests.dll" id="09b10f58-104f-c055-d17e-ad9f69c01172">
      <TestCategory>
        <TestCategoryItem TestCategory="Search" />
      </TestCategory>
      <Execution id="664953bf-49f6-4c1c-a6ff-3ed40d3bb12f" />
      <TestMethod codeBase="D:\actions-runner\_work\XPCO\XPCO\AllSolutions\..\MIP\PlatformPlugin\VideoOS.Platform\unittest\bin\Debug\net6.0-windows\VideoOS.Platform.Tests.dll" adapterTypeName="executor://mstestadapter/v2" className="VideoOS.Platform.Tests.Search.FilterValues.FilterValueTests" name="RegionSelectionFilterValue_Serialize_Success" />
    </UnitTest>
    <UnitTest name="GetCompatibilityHandler_ShouldReturnNonFips_WhenCallingPreFipsSystem" storage="d:\actions-runner\_work\xpco\xpco\allsolutions\..\mip\platformplugin\videoos.platform\unittest\bin\debug\net6.0-windows\videoos.platform.tests.dll" id="a13f15c8-7c1b-75e6-115a-2f9c84e9fa5f">
      <Execution id="825fe8bf-066a-431c-a454-e6568f84e888" />
      <TestMethod codeBase="D:\actions-runner\_work\XPCO\XPCO\AllSolutions\..\MIP\PlatformPlugin\VideoOS.Platform\unittest\bin\Debug\net6.0-windows\VideoOS.Platform.Tests.dll" adapterTypeName="executor://mstestadapter/v2" className="VideoOS.Platform.Tests.License.LicenseManagerTests" name="GetCompatibilityHandler_ShouldReturnNonFips_WhenCallingPreFipsSystem" />
    </UnitTest>
    <UnitTest name="Close_ScopeChangedEventHandlerSet_EventHandlerRemoved" storage="d:\actions-runner\_work\xpco\xpco\allsolutions\..\mip\platformplugin\videoos.platform\unittest\bin\debug\net6.0-windows\videoos.platform.tests.dll" id="34c289c0-6cda-cf85-24b7-8d07bcc44948">
      <TestCategory>
        <TestCategoryItem TestCategory="Search" />
      </TestCategory>
      <Execution id="3e23a18b-414d-4467-9b72-0820c08256b9" />
      <TestMethod codeBase="D:\actions-runner\_work\XPCO\XPCO\AllSolutions\..\MIP\PlatformPlugin\VideoOS.Platform\unittest\bin\Debug\net6.0-windows\VideoOS.Platform.Tests.dll" adapterTypeName="executor://mstestadapter/v2" className="VideoOS.Platform.Tests.Search.SearchCriteriaTest" name="Close_ScopeChangedEventHandlerSet_EventHandlerRemoved" />
    </UnitTest>
    <UnitTest name="GetPropertiesAsync_ClearCachedData_DelegatedToInternalMethodTwice" storage="d:\actions-runner\_work\xpco\xpco\allsolutions\..\mip\platformplugin\videoos.platform\unittest\bin\debug\net6.0-windows\videoos.platform.tests.dll" id="d03b0ad6-ed13-8489-09d1-2543f3053eff">
      <TestCategory>
        <TestCategoryItem TestCategory="Search" />
      </TestCategory>
      <Execution id="606c6caf-12f0-40bf-9f26-5992cbdaa7a6" />
      <TestMethod codeBase="D:\actions-runner\_work\XPCO\XPCO\AllSolutions\..\MIP\PlatformPlugin\VideoOS.Platform\unittest\bin\Debug\net6.0-windows\VideoOS.Platform.Tests.dll" adapterTypeName="executor://mstestadapter/v2" className="VideoOS.Platform.Tests.Search.SearchResultDataTest" name="GetPropertiesAsync_ClearCachedData_DelegatedToInternalMethodTwice" />
    </UnitTest>
    <UnitTest name="WriteXml_ShouldWriteTransformationElement_WhenTransformationIsNotNull" storage="d:\actions-runner\_work\xpco\xpco\allsolutions\..\mip\platformplugin\videoos.platform\unittest\bin\debug\net6.0-windows\videoos.platform.tests.dll" id="d2780117-34b2-66e8-9cc3-23cf0c600a02">
      <Execution id="ef4056c2-4c98-4fea-9c71-d385092e7064" />
      <TestMethod codeBase="D:\actions-runner\_work\XPCO\XPCO\AllSolutions\..\MIP\PlatformPlugin\VideoOS.Platform\unittest\bin\Debug\net6.0-windows\VideoOS.Platform.Tests.dll" adapterTypeName="executor://mstestadapter/v2" className="VideoOS.Platform.Tests.Metadata.AppearanceTests" name="WriteXml_ShouldWriteTransformationElement_WhenTransformationIsNotNull" />
    </UnitTest>
    <UnitTest name="WriteXml_ShouldWriteBoundingBoxContents_WhenBoundingBoxIsNotNull" storage="d:\actions-runner\_work\xpco\xpco\allsolutions\..\mip\platformplugin\videoos.platform\unittest\bin\debug\net6.0-windows\videoos.platform.tests.dll" id="a7d99e35-c064-6ecd-9e86-ff4a258d4620">
      <Execution id="5a59bbd8-a867-4df7-9bc7-3df79529c303" />
      <TestMethod codeBase="D:\actions-runner\_work\XPCO\XPCO\AllSolutions\..\MIP\PlatformPlugin\VideoOS.Platform\unittest\bin\Debug\net6.0-windows\VideoOS.Platform.Tests.dll" adapterTypeName="executor://mstestadapter/v2" className="VideoOS.Platform.Tests.Metadata.ShapeTests" name="WriteXml_ShouldWriteBoundingBoxContents_WhenBoundingBoxIsNotNull" />
    </UnitTest>
    <UnitTest name="GetAgeFilterValue_NullCriteria_Throws" storage="d:\actions-runner\_work\xpco\xpco\allsolutions\..\mip\platformplugin\videoos.platform\unittest\bin\debug\net6.0-windows\videoos.platform.tests.dll" id="dfc15ed8-7724-9a59-ed0c-37d1b022994b">
      <TestCategory>
        <TestCategoryItem TestCategory="Search" />
      </TestCategory>
      <Execution id="8128c1c9-dde4-4f5e-92a1-173497d1099e" />
      <TestMethod codeBase="D:\actions-runner\_work\XPCO\XPCO\AllSolutions\..\MIP\PlatformPlugin\VideoOS.Platform\unittest\bin\Debug\net6.0-windows\VideoOS.Platform.Tests.dll" adapterTypeName="executor://mstestadapter/v2" className="VideoOS.Platform.Tests.Search.FilterCategories.PersonSearchFilterCategoryTest" name="GetAgeFilterValue_NullCriteria_Throws" />
    </UnitTest>
    <UnitTest name="Serialize_TestCases (TestParentTypeMatchIntNotThisTypeMatched)" storage="d:\actions-runner\_work\xpco\xpco\allsolutions\..\mip\platformplugin\videoos.platform\unittest\bin\debug\net6.0-windows\videoos.platform.tests.dll" id="c3ec86b5-5bf1-4537-a0ad-cbb701960818">
      <Execution id="e79a0183-e786-4354-a582-50d9e4bf7649" />
      <TestMethod codeBase="D:\actions-runner\_work\XPCO\XPCO\AllSolutions\..\MIP\PlatformPlugin\VideoOS.Platform\unittest\bin\Debug\net6.0-windows\VideoOS.Platform.Tests.dll" adapterTypeName="executor://mstestadapter/v2" className="VideoOS.Platform.Tests.UI.Controls.Automation.Serialization.AutomationObjectSerializerTest" name="Serialize_TestCases" />
    </UnitTest>
    <UnitTest name="Equals_ShouldHaveValueSemantics_Always" storage="d:\actions-runner\_work\xpco\xpco\allsolutions\..\mip\platformplugin\videoos.platform\unittest\bin\debug\net6.0-windows\videoos.platform.tests.dll" id="8a8663da-3c48-e3de-3195-bc33f43c17d1">
      <Execution id="daaa25a6-18d7-4e7d-82aa-ef7c0a0a6c75" />
      <TestMethod codeBase="D:\actions-runner\_work\XPCO\XPCO\AllSolutions\..\MIP\PlatformPlugin\VideoOS.Platform\unittest\bin\Debug\net6.0-windows\VideoOS.Platform.Tests.dll" adapterTypeName="executor://mstestadapter/v2" className="VideoOS.Platform.Tests.Metadata.NavigationalDataTests" name="Equals_ShouldHaveValueSemantics_Always" />
    </UnitTest>
    <UnitTest name="GetAllFrames_ShouldReturnFramesFromAllVideoAnalytcs_WhenThereAreSeveralVideoAnalytics" storage="d:\actions-runner\_work\xpco\xpco\allsolutions\..\mip\platformplugin\videoos.platform\unittest\bin\debug\net6.0-windows\videoos.platform.tests.dll" id="22017572-0e55-4eb6-a8f5-ed8333ee82e7">
      <Execution id="9707625a-dee3-4a0a-aa78-b758e39bba76" />
      <TestMethod codeBase="D:\actions-runner\_work\XPCO\XPCO\AllSolutions\..\MIP\PlatformPlugin\VideoOS.Platform\unittest\bin\Debug\net6.0-windows\VideoOS.Platform.Tests.dll" adapterTypeName="executor://mstestadapter/v2" className="VideoOS.Platform.Tests.Metadata.MetadataStreamTests" name="GetAllFrames_ShouldReturnFramesFromAllVideoAnalytcs_WhenThereAreSeveralVideoAnalytics" />
    </UnitTest>
    <UnitTest name="CountByItems_Activated_CountByCounter_Trial1" storage="d:\actions-runner\_work\xpco\xpco\allsolutions\..\mip\platformplugin\videoos.platform\unittest\bin\debug\net6.0-windows\videoos.platform.tests.dll" id="62771907-5daf-58e6-a184-e6742aca31e8">
      <Execution id="c58fa403-0355-4cfd-8ad3-fbe25bec7d22" />
      <TestMethod codeBase="D:\actions-runner\_work\XPCO\XPCO\AllSolutions\..\MIP\PlatformPlugin\VideoOS.Platform\unittest\bin\Debug\net6.0-windows\VideoOS.Platform.Tests.dll" adapterTypeName="executor://mstestadapter/v2" className="VideoOS.Platform.Tests.License.ResolvedLicenseCountTest" name="CountByItems_Activated_CountByCounter_Trial1" />
    </UnitTest>
    <UnitTest name="ReadXml_ShouldReadTranslateContents_WhenTranslateIsPresent" storage="d:\actions-runner\_work\xpco\xpco\allsolutions\..\mip\platformplugin\videoos.platform\unittest\bin\debug\net6.0-windows\videoos.platform.tests.dll" id="c0fdb5a9-d6d3-7bbe-3d81-a946d84b5551">
      <Execution id="4bc1a29d-89ad-449d-895e-4c601c0ce793" />
      <TestMethod codeBase="D:\actions-runner\_work\XPCO\XPCO\AllSolutions\..\MIP\PlatformPlugin\VideoOS.Platform\unittest\bin\Debug\net6.0-windows\VideoOS.Platform.Tests.dll" adapterTypeName="executor://mstestadapter/v2" className="VideoOS.Platform.Tests.Metadata.TransformationTests" name="ReadXml_ShouldReadTranslateContents_WhenTranslateIsPresent" />
    </UnitTest>
    <UnitTest name="Serialize_TestCases (TestParentTypeMatchGenericNotThisTypeMatchedProperty)" storage="d:\actions-runner\_work\xpco\xpco\allsolutions\..\mip\platformplugin\videoos.platform\unittest\bin\debug\net6.0-windows\videoos.platform.tests.dll" id="80192076-5250-4f88-b991-e73794c3f07f">
      <Execution id="6233221e-51a6-4277-b15c-dba367426587" />
      <TestMethod codeBase="D:\actions-runner\_work\XPCO\XPCO\AllSolutions\..\MIP\PlatformPlugin\VideoOS.Platform\unittest\bin\Debug\net6.0-windows\VideoOS.Platform.Tests.dll" adapterTypeName="executor://mstestadapter/v2" className="VideoOS.Platform.Tests.UI.Controls.Automation.Serialization.AutomationObjectSerializerTest" name="Serialize_TestCases" />
    </UnitTest>
    <UnitTest name="ProvideValue_ShouldSetTargetProperty_WhenItemIconSourcePropertyNameIsSet" storage="d:\actions-runner\_work\xpco\xpco\allsolutions\..\mip\platformplugin\videoos.platform\unittest\bin\debug\net6.0-windows\videoos.platform.tests.dll" id="405a6411-84b6-3693-5b46-0b5983feca5e">
      <TestCategory>
        <TestCategoryItem TestCategory="DropDowns" />
      </TestCategory>
      <Execution id="3bfee8db-60e7-4a67-aa51-b7ed70f5c83c" />
      <TestMethod codeBase="D:\actions-runner\_work\XPCO\XPCO\AllSolutions\..\MIP\PlatformPlugin\VideoOS.Platform\unittest\bin\Debug\net6.0-windows\VideoOS.Platform.Tests.dll" adapterTypeName="executor://mstestadapter/v2" className="VideoOS.Platform.Tests.UI.Controls.DropDowns.Internal.SelectedItemIconSourceExtensionTest" name="ProvideValue_ShouldSetTargetProperty_WhenItemIconSourcePropertyNameIsSet" />
    </UnitTest>
    <UnitTest name="SearchResultData_EndTimeWithPaddingMinValue_ShouldReturnEndTime" storage="d:\actions-runner\_work\xpco\xpco\allsolutions\..\mip\platformplugin\videoos.platform\unittest\bin\debug\net6.0-windows\videoos.platform.tests.dll" id="11b5912e-600c-2c04-2bfe-19c262546aae">
      <TestCategory>
        <TestCategoryItem TestCategory="Search" />
      </TestCategory>
      <Execution id="d72e535a-4fc9-414d-86d9-0cacffa7f770" />
      <TestMethod codeBase="D:\actions-runner\_work\XPCO\XPCO\AllSolutions\..\MIP\PlatformPlugin\VideoOS.Platform\unittest\bin\Debug\net6.0-windows\VideoOS.Platform.Tests.dll" adapterTypeName="executor://mstestadapter/v2" className="VideoOS.Platform.Tests.Search.SearchResultDataTest" name="SearchResultData_EndTimeWithPaddingMinValue_ShouldReturnEndTime" />
    </UnitTest>
    <UnitTest name="ProvideValue_ShouldUseItemContentTemplate_WhenContentTemplateIsSetOnDropDownAndOnItem" storage="d:\actions-runner\_work\xpco\xpco\allsolutions\..\mip\platformplugin\videoos.platform\unittest\bin\debug\net6.0-windows\videoos.platform.tests.dll" id="14a48fdf-998f-a4a7-ad0a-dfa3e87104de">
      <TestCategory>
        <TestCategoryItem TestCategory="DropDowns" />
      </TestCategory>
      <Execution id="88e874a9-e214-4304-9648-a5c0d8ee9efe" />
      <TestMethod codeBase="D:\actions-runner\_work\XPCO\XPCO\AllSolutions\..\MIP\PlatformPlugin\VideoOS.Platform\unittest\bin\Debug\net6.0-windows\VideoOS.Platform.Tests.dll" adapterTypeName="executor://mstestadapter/v2" className="VideoOS.Platform.Tests.UI.Controls.DropDowns.Internal.SelectedItemContentTemplateExtensionTest" name="ProvideValue_ShouldUseItemContentTemplate_WhenContentTemplateIsSetOnDropDownAndOnItem" />
    </UnitTest>
    <UnitTest name="OverlapsWith_ShouldReturnFalse_WhenArgumentEndTimeIsBeforeStartTime" storage="d:\actions-runner\_work\xpco\xpco\allsolutions\..\mip\platformplugin\videoos.platform\unittest\bin\debug\net6.0-windows\videoos.platform.tests.dll" id="397c15b6-197a-94bc-9677-ba909165fd0f">
      <Execution id="445c0bdd-30c7-4143-96ed-b1c5712dc196" />
      <TestMethod codeBase="D:\actions-runner\_work\XPCO\XPCO\AllSolutions\..\MIP\PlatformPlugin\VideoOS.Platform\unittest\bin\Debug\net6.0-windows\VideoOS.Platform.Tests.dll" adapterTypeName="executor://mstestadapter/v2" className="VideoOS.Platform.Tests.Util.TimeIntervalTests" name="OverlapsWith_ShouldReturnFalse_WhenArgumentEndTimeIsBeforeStartTime" />
    </UnitTest>
    <UnitTest name="Remove_KeyPresent_ReturnsTrueAndGetReturnsNull" storage="d:\actions-runner\_work\xpco\xpco\allsolutions\..\mip\platformplugin\videoos.platform\unittest\bin\debug\net6.0-windows\videoos.platform.tests.dll" id="ad2e8dc8-017a-fd28-8587-9788ac26c9e0">
      <Execution id="fe88313e-9ed5-44d8-9a5e-e459a9fb99cb" />
      <TestMethod codeBase="D:\actions-runner\_work\XPCO\XPCO\AllSolutions\..\MIP\PlatformPlugin\VideoOS.Platform\unittest\bin\Debug\net6.0-windows\VideoOS.Platform.Tests.dll" adapterTypeName="executor://mstestadapter/v2" className="VideoOS.Platform.Tests.Util.Queue.LRUCacheTests" name="Remove_KeyPresent_ReturnsTrueAndGetReturnsNull" />
    </UnitTest>
    <UnitTest name="Append_OptionKeyString_Escaped" storage="d:\actions-runner\_work\xpco\xpco\allsolutions\..\mip\platformplugin\videoos.platform\unittest\bin\debug\net6.0-windows\videoos.platform.tests.dll" id="36835451-4db1-a03e-109f-0d92dfb22aba">
      <Execution id="3113cb5a-a7be-47a8-899d-f3d47a3ee446" />
      <TestMethod codeBase="D:\actions-runner\_work\XPCO\XPCO\AllSolutions\..\MIP\PlatformPlugin\VideoOS.Platform\unittest\bin\Debug\net6.0-windows\VideoOS.Platform.Tests.dll" adapterTypeName="executor://mstestadapter/v2" className="VideoOS.Platform.Tests.Proxy.RestApi.JsonBuilderTests" name="Append_OptionKeyString_Escaped" />
    </UnitTest>
    <UnitTest name="Clear_ShouldInvokeCallback_WhenObservable" storage="d:\actions-runner\_work\xpco\xpco\allsolutions\..\mip\platformplugin\videoos.platform\unittest\bin\debug\net6.0-windows\videoos.platform.tests.dll" id="a83a69b8-4523-62af-550e-9c72857a22cc">
      <Execution id="577b273d-4cac-4825-8b7e-6b5963e0b73e" />
      <TestMethod codeBase="D:\actions-runner\_work\XPCO\XPCO\AllSolutions\..\MIP\PlatformPlugin\VideoOS.Platform\unittest\bin\Debug\net6.0-windows\VideoOS.Platform.Tests.dll" adapterTypeName="executor://mstestadapter/v2" className="VideoOS.Platform.Tests.UI.Controls.CollectionHelperTest" name="Clear_ShouldInvokeCallback_WhenObservable" />
    </UnitTest>
    <UnitTest name="CreateSearchResultUserControl_NullConfiguration_ReturnsNull" storage="d:\actions-runner\_work\xpco\xpco\allsolutions\..\mip\platformplugin\videoos.platform\unittest\bin\debug\net6.0-windows\videoos.platform.tests.dll" id="bef9c954-3a2d-3d83-b50d-cb24e577f8c7">
      <TestCategory>
        <TestCategoryItem TestCategory="Search" />
      </TestCategory>
      <Execution id="fb188a2e-7adc-4797-a9c4-8d20c7ad76a5" />
      <TestMethod codeBase="D:\actions-runner\_work\XPCO\XPCO\AllSolutions\..\MIP\PlatformPlugin\VideoOS.Platform\unittest\bin\Debug\net6.0-windows\VideoOS.Platform.Tests.dll" adapterTypeName="executor://mstestadapter/v2" className="VideoOS.Platform.Tests.Search.SearchUserControlResolverTest" name="CreateSearchResultUserControl_NullConfiguration_ReturnsNull" />
    </UnitTest>
    <UnitTest name="ReadXml_ShouldIgnoreUnknownExtensionChildren_WhenUnknownExtensionChildrenArePresent" storage="d:\actions-runner\_work\xpco\xpco\allsolutions\..\mip\platformplugin\videoos.platform\unittest\bin\debug\net6.0-windows\videoos.platform.tests.dll" id="f5abc6e6-30fb-64d6-b653-e8776326ca87">
      <Execution id="a2804d06-75be-48e9-a47c-cb9f1ed2f7bb" />
      <TestMethod codeBase="D:\actions-runner\_work\XPCO\XPCO\AllSolutions\..\MIP\PlatformPlugin\VideoOS.Platform\unittest\bin\Debug\net6.0-windows\VideoOS.Platform.Tests.dll" adapterTypeName="executor://mstestadapter/v2" className="VideoOS.Platform.Tests.Metadata.MetadataStreamTests" name="ReadXml_ShouldIgnoreUnknownExtensionChildren_WhenUnknownExtensionChildrenArePresent" />
    </UnitTest>
    <UnitTest name="TestMultiLevelQueue_DisposeQueueRightAfterProcessingItem_QueueDoesNotHang" storage="d:\actions-runner\_work\xpco\xpco\allsolutions\..\mip\platformplugin\videoos.platform\unittest\bin\debug\net6.0-windows\videoos.platform.tests.dll" id="2850ab82-187d-c41c-6c55-5faf4323eb97">
      <Execution id="42475ee1-b439-4439-89c3-56d1edb324fe" />
      <TestMethod codeBase="D:\actions-runner\_work\XPCO\XPCO\AllSolutions\..\MIP\PlatformPlugin\VideoOS.Platform\unittest\bin\Debug\net6.0-windows\VideoOS.Platform.Tests.dll" adapterTypeName="executor://mstestadapter/v2" className="VideoOS.Platform.Tests.Util.Queue.MultiLevelResourceQueueTests" name="TestMultiLevelQueue_DisposeQueueRightAfterProcessingItem_QueueDoesNotHang" />
    </UnitTest>
    <UnitTest name="ReadXml_ShouldSetIsIdleAndIsRemovedToFalse_WhenElementIsEmpty" storage="d:\actions-runner\_work\xpco\xpco\allsolutions\..\mip\platformplugin\videoos.platform\unittest\bin\debug\net6.0-windows\videoos.platform.tests.dll" id="97f2dd08-7fc8-05d2-39e7-d6eb768666a9">
      <Execution id="05007e0e-6611-4691-997c-f9f57a7afb46" />
      <TestMethod codeBase="D:\actions-runner\_work\XPCO\XPCO\AllSolutions\..\MIP\PlatformPlugin\VideoOS.Platform\unittest\bin\Debug\net6.0-windows\VideoOS.Platform.Tests.dll" adapterTypeName="executor://mstestadapter/v2" className="VideoOS.Platform.Tests.Metadata.BehaviourTests" name="ReadXml_ShouldSetIsIdleAndIsRemovedToFalse_WhenElementIsEmpty" />
    </UnitTest>
    <UnitTest name="Clear_ShouldInvokeCallback_WhenObservable" storage="d:\actions-runner\_work\xpco\xpco\allsolutions\..\mip\platformplugin\videoos.platform\unittest\bin\debug\net6.0-windows\videoos.platform.tests.dll" id="023f7f43-765e-9b8d-a4fb-66ae949e5c24">
      <Execution id="9676527a-407a-43aa-ac5c-b2bc4d45137f" />
      <TestMethod codeBase="D:\actions-runner\_work\XPCO\XPCO\AllSolutions\..\MIP\PlatformPlugin\VideoOS.Platform\unittest\bin\Debug\net6.0-windows\VideoOS.Platform.Tests.dll" adapterTypeName="executor://mstestadapter/v2" className="VideoOS.Platform.Tests.UI.Controls.CollectionHelperGenericTest" name="Clear_ShouldInvokeCallback_WhenObservable" />
    </UnitTest>
    <UnitTest name="LoadedEvent_ShouldAddProxyManager_WhenFrameworkContentElementIsLoadedAtLaterStage" storage="d:\actions-runner\_work\xpco\xpco\allsolutions\..\mip\platformplugin\videoos.platform\unittest\bin\debug\net6.0-windows\videoos.platform.tests.dll" id="98ff53fb-3b47-c43e-4b86-adf2da2fb797">
      <TestCategory>
        <TestCategoryItem TestCategory="EventsToCommandMappings" />
      </TestCategory>
      <Execution id="373a06a0-936b-4d3d-926e-d62e7f49094c" />
      <TestMethod codeBase="D:\actions-runner\_work\XPCO\XPCO\AllSolutions\..\MIP\PlatformPlugin\VideoOS.Platform\unittest\bin\Debug\net6.0-windows\VideoOS.Platform.Tests.dll" adapterTypeName="executor://mstestadapter/v2" className="VideoOS.Platform.Tests.UI.Commands.EventsToCommandMappingTest" name="LoadedEvent_ShouldAddProxyManager_WhenFrameworkContentElementIsLoadedAtLaterStage" />
    </UnitTest>
    <UnitTest name="ReadXml_ShouldLogWarningOnlyOnceWithinOneMinute_WhenFrameDidNotReadUtcTime" storage="d:\actions-runner\_work\xpco\xpco\allsolutions\..\mip\platformplugin\videoos.platform\unittest\bin\debug\net6.0-windows\videoos.platform.tests.dll" id="0272379c-7daf-7bd0-3571-0deb6243dd64">
      <Execution id="b15efc0e-c7f0-498c-8d04-ccacf93420ea" />
      <TestMethod codeBase="D:\actions-runner\_work\XPCO\XPCO\AllSolutions\..\MIP\PlatformPlugin\VideoOS.Platform\unittest\bin\Debug\net6.0-windows\VideoOS.Platform.Tests.dll" adapterTypeName="executor://mstestadapter/v2" className="VideoOS.Platform.Tests.Metadata.VideoAnalyticsTests" name="ReadXml_ShouldLogWarningOnlyOnceWithinOneMinute_WhenFrameDidNotReadUtcTime" />
    </UnitTest>
    <UnitTest name="TestStartSearch_NullSearchDefinitions_Failure" storage="d:\actions-runner\_work\xpco\xpco\allsolutions\..\mip\platformplugin\videoos.platform\unittest\bin\debug\net6.0-windows\videoos.platform.tests.dll" id="be18d4c4-d343-ec1d-bb22-8e6779b47149">
      <TestCategory>
        <TestCategoryItem TestCategory="Search" />
      </TestCategory>
      <Execution id="db7854b6-5ec6-4f3f-b657-da28237f3dce" />
      <TestMethod codeBase="D:\actions-runner\_work\XPCO\XPCO\AllSolutions\..\MIP\PlatformPlugin\VideoOS.Platform\unittest\bin\Debug\net6.0-windows\VideoOS.Platform.Tests.dll" adapterTypeName="executor://mstestadapter/v2" className="VideoOS.Platform.Tests.Search.SearchManagerTest" name="TestStartSearch_NullSearchDefinitions_Failure" />
    </UnitTest>
    <UnitTest name="CountByItems_NotActivated_Empty" storage="d:\actions-runner\_work\xpco\xpco\allsolutions\..\mip\platformplugin\videoos.platform\unittest\bin\debug\net6.0-windows\videoos.platform.tests.dll" id="e20a2443-63de-0ab9-fc1f-4a1cb2289ef1">
      <Execution id="0d8ea5b2-06ab-4160-91b3-13b648fe8139" />
      <TestMethod codeBase="D:\actions-runner\_work\XPCO\XPCO\AllSolutions\..\MIP\PlatformPlugin\VideoOS.Platform\unittest\bin\Debug\net6.0-windows\VideoOS.Platform.Tests.dll" adapterTypeName="executor://mstestadapter/v2" className="VideoOS.Platform.Tests.License.ResolvedLicenseCountTest" name="CountByItems_NotActivated_Empty" />
    </UnitTest>
    <UnitTest name="GetGenderFilterValues_NullCriteria_Throws" storage="d:\actions-runner\_work\xpco\xpco\allsolutions\..\mip\platformplugin\videoos.platform\unittest\bin\debug\net6.0-windows\videoos.platform.tests.dll" id="060935d9-41c9-9631-b038-7843722743ca">
      <TestCategory>
        <TestCategoryItem TestCategory="Search" />
      </TestCategory>
      <Execution id="eb1c1d9d-f9d7-435f-ab88-84301c93d780" />
      <TestMethod codeBase="D:\actions-runner\_work\XPCO\XPCO\AllSolutions\..\MIP\PlatformPlugin\VideoOS.Platform\unittest\bin\Debug\net6.0-windows\VideoOS.Platform.Tests.dll" adapterTypeName="executor://mstestadapter/v2" className="VideoOS.Platform.Tests.Search.FilterCategories.PersonSearchFilterCategoryTest" name="GetGenderFilterValues_NullCriteria_Throws" />
    </UnitTest>
    <UnitTest name="GenerateDeviceParameters_ShouldWriteCorrectGop_WhenGopIsInRange" storage="d:\actions-runner\_work\xpco\xpco\allsolutions\..\mip\platformplugin\videoos.platform\unittest\bin\debug\net6.0-windows\videoos.platform.tests.dll" id="0f85e31c-250d-2fd6-59ef-88556968bdb6">
      <Execution id="7b4da8ff-4cf5-4497-a5ba-cbe13a340733" />
      <TestMethod codeBase="D:\actions-runner\_work\XPCO\XPCO\AllSolutions\..\MIP\PlatformPlugin\VideoOS.Platform\unittest\bin\Debug\net6.0-windows\VideoOS.Platform.Tests.dll" adapterTypeName="executor://mstestadapter/v2" className="VideoOS.Platform.Tests.Data.CameraDeviceDefinitionTests" name="GenerateDeviceParameters_ShouldWriteCorrectGop_WhenGopIsInRange" />
    </UnitTest>
    <UnitTest name="ReadAppearanceExtensionXml_ShouldNotSetBoundingBoxLineThickness_WhenBoundingBoxLineThicknessIsNotPresent" storage="d:\actions-runner\_work\xpco\xpco\allsolutions\..\mip\platformplugin\videoos.platform\unittest\bin\debug\net6.0-windows\videoos.platform.tests.dll" id="049489f2-1a42-cae5-971b-5636d7488caa">
      <Execution id="b3c11775-0779-466c-b436-9e9573e1a03a" />
      <TestMethod codeBase="D:\actions-runner\_work\XPCO\XPCO\AllSolutions\..\MIP\PlatformPlugin\VideoOS.Platform\unittest\bin\Debug\net6.0-windows\VideoOS.Platform.Tests.dll" adapterTypeName="executor://mstestadapter/v2" className="VideoOS.Platform.Tests.Metadata.RectangleTests" name="ReadAppearanceExtensionXml_ShouldNotSetBoundingBoxLineThickness_WhenBoundingBoxLineThicknessIsNotPresent" />
    </UnitTest>
    <UnitTest name="GetChildItems_ShouldReturnItems_WhenAllForParentAreAdded" storage="d:\actions-runner\_work\xpco\xpco\allsolutions\..\mip\platformplugin\videoos.platform\unittest\bin\debug\net6.0-windows\videoos.platform.tests.dll" id="0ef6c2b0-c03c-b1c8-fd6f-4840c4db7605">
      <Execution id="264c167b-1777-4704-93e8-83f096f5bd32" />
      <TestMethod codeBase="D:\actions-runner\_work\XPCO\XPCO\AllSolutions\..\MIP\PlatformPlugin\VideoOS.Platform\unittest\bin\Debug\net6.0-windows\VideoOS.Platform.Tests.dll" adapterTypeName="executor://mstestadapter/v2" className="VideoOS.Platform.Tests.Util.ConfigurationCacheTests" name="GetChildItems_ShouldReturnItems_WhenAllForParentAreAdded" />
    </UnitTest>
    <UnitTest name="TestMultiLevelQueue_ShuttingDownResourceProcessorEdgeCase_Success" storage="d:\actions-runner\_work\xpco\xpco\allsolutions\..\mip\platformplugin\videoos.platform\unittest\bin\debug\net6.0-windows\videoos.platform.tests.dll" id="88c7ce2e-851c-95ac-24f9-c8ee7cf94eac">
      <Execution id="9a45a66c-95cb-4d05-a6e8-677aebcc76b2" />
      <TestMethod codeBase="D:\actions-runner\_work\XPCO\XPCO\AllSolutions\..\MIP\PlatformPlugin\VideoOS.Platform\unittest\bin\Debug\net6.0-windows\VideoOS.Platform.Tests.dll" adapterTypeName="executor://mstestadapter/v2" className="VideoOS.Platform.Tests.Util.Queue.MultiLevelResourceQueueTests" name="TestMultiLevelQueue_ShuttingDownResourceProcessorEdgeCase_Success" />
    </UnitTest>
    <UnitTest name="IsEmptyValue_SelectionFilterValue_OneSelection_ReturnsFalse" storage="d:\actions-runner\_work\xpco\xpco\allsolutions\..\mip\platformplugin\videoos.platform\unittest\bin\debug\net6.0-windows\videoos.platform.tests.dll" id="d63150eb-a494-247f-04af-e8e69519f739">
      <TestCategory>
        <TestCategoryItem TestCategory="Search" />
      </TestCategory>
      <Execution id="56bd7855-c758-4af3-a994-5770c770fc7c" />
      <TestMethod codeBase="D:\actions-runner\_work\XPCO\XPCO\AllSolutions\..\MIP\PlatformPlugin\VideoOS.Platform\unittest\bin\Debug\net6.0-windows\VideoOS.Platform.Tests.dll" adapterTypeName="executor://mstestadapter/v2" className="VideoOS.Platform.Tests.Search.SearchFilterTest" name="IsEmptyValue_SelectionFilterValue_OneSelection_ReturnsFalse" />
    </UnitTest>
    <UnitTest name="ReadXml_ShouldReadOnvifClass_WhenClassIsPresent" storage="d:\actions-runner\_work\xpco\xpco\allsolutions\..\mip\platformplugin\videoos.platform\unittest\bin\debug\net6.0-windows\videoos.platform.tests.dll" id="9d5ada2d-839e-c544-1fa6-276837fd72f2">
      <Execution id="e8a89918-9c6b-46d6-9979-f7c8aa907ede" />
      <TestMethod codeBase="D:\actions-runner\_work\XPCO\XPCO\AllSolutions\..\MIP\PlatformPlugin\VideoOS.Platform\unittest\bin\Debug\net6.0-windows\VideoOS.Platform.Tests.dll" adapterTypeName="executor://mstestadapter/v2" className="VideoOS.Platform.Tests.Metadata.AppearanceTests" name="ReadXml_ShouldReadOnvifClass_WhenClassIsPresent" />
    </UnitTest>
    <UnitTest name="Add_ShouldNotUpdateEndCache_WhenOldEndTimeIsLaterThanAdded" storage="d:\actions-runner\_work\xpco\xpco\allsolutions\..\mip\platformplugin\videoos.platform\unittest\bin\debug\net6.0-windows\videoos.platform.tests.dll" id="da270ab7-6882-db63-f3a0-844c8b4562db">
      <Execution id="407e248d-c50d-4a1f-b172-89efa52a299c" />
      <TestMethod codeBase="D:\actions-runner\_work\XPCO\XPCO\AllSolutions\..\MIP\PlatformPlugin\VideoOS.Platform\unittest\bin\Debug\net6.0-windows\VideoOS.Platform.Tests.dll" adapterTypeName="executor://mstestadapter/v2" className="VideoOS.Platform.Tests.Client.SequenceCacheTests" name="Add_ShouldNotUpdateEndCache_WhenOldEndTimeIsLaterThanAdded" />
    </UnitTest>
    <UnitTest name="ReadXml_ShouldReadTranslate_WhenTranslateIsPresent" storage="d:\actions-runner\_work\xpco\xpco\allsolutions\..\mip\platformplugin\videoos.platform\unittest\bin\debug\net6.0-windows\videoos.platform.tests.dll" id="144c69ed-fb6c-34fd-956a-d442174acbf9">
      <Execution id="249fd9d7-1532-4539-a54c-4a0a179d893b" />
      <TestMethod codeBase="D:\actions-runner\_work\XPCO\XPCO\AllSolutions\..\MIP\PlatformPlugin\VideoOS.Platform\unittest\bin\Debug\net6.0-windows\VideoOS.Platform.Tests.dll" adapterTypeName="executor://mstestadapter/v2" className="VideoOS.Platform.Tests.Metadata.TransformationTests" name="ReadXml_ShouldReadTranslate_WhenTranslateIsPresent" />
    </UnitTest>
    <UnitTest name="ReadXml_ShouldReadYAttribute_WhenPresent" storage="d:\actions-runner\_work\xpco\xpco\allsolutions\..\mip\platformplugin\videoos.platform\unittest\bin\debug\net6.0-windows\videoos.platform.tests.dll" id="63299308-d7dd-b56e-acf5-b1b102f32d4f">
      <Execution id="6766435f-c8c4-4eac-ba91-944057390aea" />
      <TestMethod codeBase="D:\actions-runner\_work\XPCO\XPCO\AllSolutions\..\MIP\PlatformPlugin\VideoOS.Platform\unittest\bin\Debug\net6.0-windows\VideoOS.Platform.Tests.dll" adapterTypeName="executor://mstestadapter/v2" className="VideoOS.Platform.Tests.Metadata.VectorTests" name="ReadXml_ShouldReadYAttribute_WhenPresent" />
    </UnitTest>
    <UnitTest name="Append_Element_String" storage="d:\actions-runner\_work\xpco\xpco\allsolutions\..\mip\platformplugin\videoos.platform\unittest\bin\debug\net6.0-windows\videoos.platform.tests.dll" id="61995c8a-35dd-f2df-f559-b60cb8f54a82">
      <Execution id="ebca56cc-8327-4063-805a-085b8a1bc8b3" />
      <TestMethod codeBase="D:\actions-runner\_work\XPCO\XPCO\AllSolutions\..\MIP\PlatformPlugin\VideoOS.Platform\unittest\bin\Debug\net6.0-windows\VideoOS.Platform.Tests.dll" adapterTypeName="executor://mstestadapter/v2" className="VideoOS.Platform.Tests.Proxy.RestApi.JsonBuilderTests" name="Append_Element_String" />
    </UnitTest>
    <UnitTest name="Serialize_TestCases (TestParentTypeMatchStructNotThisTypeNotMatched)" storage="d:\actions-runner\_work\xpco\xpco\allsolutions\..\mip\platformplugin\videoos.platform\unittest\bin\debug\net6.0-windows\videoos.platform.tests.dll" id="6936f6b7-d541-8d1e-5703-e65b31721380">
      <Execution id="407a4ab8-869c-40eb-9e41-fcb67219fd3f" />
      <TestMethod codeBase="D:\actions-runner\_work\XPCO\XPCO\AllSolutions\..\MIP\PlatformPlugin\VideoOS.Platform\unittest\bin\Debug\net6.0-windows\VideoOS.Platform.Tests.dll" adapterTypeName="executor://mstestadapter/v2" className="VideoOS.Platform.Tests.UI.Controls.Automation.Serialization.AutomationObjectSerializerTest" name="Serialize_TestCases" />
    </UnitTest>
    <UnitTest name="ReadXml_ShouldDiscardTranslate_WhenIncompleteTranslateIsPresent" storage="d:\actions-runner\_work\xpco\xpco\allsolutions\..\mip\platformplugin\videoos.platform\unittest\bin\debug\net6.0-windows\videoos.platform.tests.dll" id="a42de255-353b-3499-e7ec-b18bd5c29a5c">
      <Execution id="319b6258-2394-4861-a230-fe30e92ddbe8" />
      <TestMethod codeBase="D:\actions-runner\_work\XPCO\XPCO\AllSolutions\..\MIP\PlatformPlugin\VideoOS.Platform\unittest\bin\Debug\net6.0-windows\VideoOS.Platform.Tests.dll" adapterTypeName="executor://mstestadapter/v2" className="VideoOS.Platform.Tests.Metadata.TransformationTests" name="ReadXml_ShouldDiscardTranslate_WhenIncompleteTranslateIsPresent" />
    </UnitTest>
    <UnitTest name="Serialize_ShouldThrowException_WhenPropertyIsSimpleTypeButPathContainsChildren (DecimalProperty)" storage="d:\actions-runner\_work\xpco\xpco\allsolutions\..\mip\platformplugin\videoos.platform\unittest\bin\debug\net6.0-windows\videoos.platform.tests.dll" id="c3649c2b-316d-d26a-c549-526c58a35cfe">
      <Execution id="a7bf0678-94b4-45a2-bca5-b52bc990028c" />
      <TestMethod codeBase="D:\actions-runner\_work\XPCO\XPCO\AllSolutions\..\MIP\PlatformPlugin\VideoOS.Platform\unittest\bin\Debug\net6.0-windows\VideoOS.Platform.Tests.dll" adapterTypeName="executor://mstestadapter/v2" className="VideoOS.Platform.Tests.UI.Controls.Automation.Serialization.AutomationObjectSerializerTest" name="Serialize_ShouldThrowException_WhenPropertyIsSimpleTypeButPathContainsChildren" />
    </UnitTest>
    <UnitTest name="CountByItems_Activated_CountByCounter_Missing" storage="d:\actions-runner\_work\xpco\xpco\allsolutions\..\mip\platformplugin\videoos.platform\unittest\bin\debug\net6.0-windows\videoos.platform.tests.dll" id="125f47fd-bfa6-8077-4564-e798b6c885b3">
      <Execution id="d25315ab-a320-41d3-8c96-5d95ba470998" />
      <TestMethod codeBase="D:\actions-runner\_work\XPCO\XPCO\AllSolutions\..\MIP\PlatformPlugin\VideoOS.Platform\unittest\bin\Debug\net6.0-windows\VideoOS.Platform.Tests.dll" adapterTypeName="executor://mstestadapter/v2" className="VideoOS.Platform.Tests.License.ResolvedLicenseCountTest" name="CountByItems_Activated_CountByCounter_Missing" />
    </UnitTest>
    <UnitTest name="MD5Hex32_ShouldReturnMD5Hash_WhenInputIsNotNull" storage="d:\actions-runner\_work\xpco\xpco\allsolutions\..\mip\platformplugin\videoos.platform\unittest\bin\debug\net6.0-windows\videoos.platform.tests.dll" id="257c0922-44f0-686e-e1ab-2ecaa57524ac">
      <Execution id="9a57eb1b-ef07-4319-a524-950159af3eeb" />
      <TestMethod codeBase="D:\actions-runner\_work\XPCO\XPCO\AllSolutions\..\MIP\PlatformPlugin\VideoOS.Platform\unittest\bin\Debug\net6.0-windows\VideoOS.Platform.Tests.dll" adapterTypeName="executor://mstestadapter/v2" className="VideoOS.Platform.Tests.Data.MediaProviderInternal.UtilityTests" name="MD5Hex32_ShouldReturnMD5Hash_WhenInputIsNotNull" />
    </UnitTest>
    <UnitTest name="TestStartSearch_WithoutSortOrder_Success" storage="d:\actions-runner\_work\xpco\xpco\allsolutions\..\mip\platformplugin\videoos.platform\unittest\bin\debug\net6.0-windows\videoos.platform.tests.dll" id="1efc39b0-1d4c-64ee-c593-37f0c14e8022">
      <TestCategory>
        <TestCategoryItem TestCategory="Search" />
      </TestCategory>
      <Execution id="1cd45a3b-0bd7-4d7b-b5df-3509b7bf69ca" />
      <TestMethod codeBase="D:\actions-runner\_work\XPCO\XPCO\AllSolutions\..\MIP\PlatformPlugin\VideoOS.Platform\unittest\bin\Debug\net6.0-windows\VideoOS.Platform.Tests.dll" adapterTypeName="executor://mstestadapter/v2" className="VideoOS.Platform.Tests.Search.SearchManagerTest" name="TestStartSearch_WithoutSortOrder_Success" />
    </UnitTest>
    <UnitTest name="CountByItems_Activated_WithTrialsInActivation" storage="d:\actions-runner\_work\xpco\xpco\allsolutions\..\mip\platformplugin\videoos.platform\unittest\bin\debug\net6.0-windows\videoos.platform.tests.dll" id="1f1cc29a-ffbb-09ec-fd2b-edba3215943f">
      <Execution id="83623fca-b0ec-43d9-a602-045130de28a0" />
      <TestMethod codeBase="D:\actions-runner\_work\XPCO\XPCO\AllSolutions\..\MIP\PlatformPlugin\VideoOS.Platform\unittest\bin\Debug\net6.0-windows\VideoOS.Platform.Tests.dll" adapterTypeName="executor://mstestadapter/v2" className="VideoOS.Platform.Tests.License.ResolvedLicenseCountTest" name="CountByItems_Activated_WithTrialsInActivation" />
    </UnitTest>
    <UnitTest name="Serialize_TestCases (TestParentTypeMatchInterfaceNotThisTypeNotMatchedProperty)" storage="d:\actions-runner\_work\xpco\xpco\allsolutions\..\mip\platformplugin\videoos.platform\unittest\bin\debug\net6.0-windows\videoos.platform.tests.dll" id="fc5a0192-1741-4be7-8945-f2b66fb65285">
      <Execution id="1c043256-d33d-4b6a-95da-e71723da9bb9" />
      <TestMethod codeBase="D:\actions-runner\_work\XPCO\XPCO\AllSolutions\..\MIP\PlatformPlugin\VideoOS.Platform\unittest\bin\Debug\net6.0-windows\VideoOS.Platform.Tests.dll" adapterTypeName="executor://mstestadapter/v2" className="VideoOS.Platform.Tests.UI.Controls.Automation.Serialization.AutomationObjectSerializerTest" name="Serialize_TestCases" />
    </UnitTest>
    <UnitTest name="WriteXml_ShouldWriteRemovedElementBeforeIdleElement_WhenBothAreSet" storage="d:\actions-runner\_work\xpco\xpco\allsolutions\..\mip\platformplugin\videoos.platform\unittest\bin\debug\net6.0-windows\videoos.platform.tests.dll" id="ab352261-f7fb-4de5-d0ab-b3696dc3f865">
      <Execution id="b9e53abe-7d72-4c80-a7cb-161d8eb41f1a" />
      <TestMethod codeBase="D:\actions-runner\_work\XPCO\XPCO\AllSolutions\..\MIP\PlatformPlugin\VideoOS.Platform\unittest\bin\Debug\net6.0-windows\VideoOS.Platform.Tests.dll" adapterTypeName="executor://mstestadapter/v2" className="VideoOS.Platform.Tests.Metadata.BehaviourTests" name="WriteXml_ShouldWriteRemovedElementBeforeIdleElement_WhenBothAreSet" />
    </UnitTest>
    <UnitTest name="ToJson_ListElement" storage="d:\actions-runner\_work\xpco\xpco\allsolutions\..\mip\platformplugin\videoos.platform\unittest\bin\debug\net6.0-windows\videoos.platform.tests.dll" id="fcfc02eb-9475-084e-96ae-652cb742a35f">
      <Execution id="9c401996-68ca-4a06-a598-55b9da7d2582" />
      <TestMethod codeBase="D:\actions-runner\_work\XPCO\XPCO\AllSolutions\..\MIP\PlatformPlugin\VideoOS.Platform\unittest\bin\Debug\net6.0-windows\VideoOS.Platform.Tests.dll" adapterTypeName="executor://mstestadapter/v2" className="VideoOS.Platform.Tests.Proxy.RestApi.JsonReaderTests" name="ToJson_ListElement" />
    </UnitTest>
    <UnitTest name="ReadXml_ShouldIgnoreChildren_WhenAlways" storage="d:\actions-runner\_work\xpco\xpco\allsolutions\..\mip\platformplugin\videoos.platform\unittest\bin\debug\net6.0-windows\videoos.platform.tests.dll" id="e5f2cf6d-a0ae-d38c-0dc9-b08cf977bee2">
      <Execution id="e7772f42-39b9-4374-a9bb-4335421cae59" />
      <TestMethod codeBase="D:\actions-runner\_work\XPCO\XPCO\AllSolutions\..\MIP\PlatformPlugin\VideoOS.Platform\unittest\bin\Debug\net6.0-windows\VideoOS.Platform.Tests.dll" adapterTypeName="executor://mstestadapter/v2" className="VideoOS.Platform.Tests.Metadata.VectorTests" name="ReadXml_ShouldIgnoreChildren_WhenAlways" />
    </UnitTest>
    <UnitTest name="ProvideValue_ShouldNotSetTargetProperty_WhenItemIconSourcePropertyNameIsNotSet" storage="d:\actions-runner\_work\xpco\xpco\allsolutions\..\mip\platformplugin\videoos.platform\unittest\bin\debug\net6.0-windows\videoos.platform.tests.dll" id="9e28d5ce-7362-2b06-9e34-6ce871313f70">
      <TestCategory>
        <TestCategoryItem TestCategory="DropDowns" />
      </TestCategory>
      <Execution id="5b2d71ae-4d9d-4440-8832-e96e1ef4bc62" />
      <TestMethod codeBase="D:\actions-runner\_work\XPCO\XPCO\AllSolutions\..\MIP\PlatformPlugin\VideoOS.Platform\unittest\bin\Debug\net6.0-windows\VideoOS.Platform.Tests.dll" adapterTypeName="executor://mstestadapter/v2" className="VideoOS.Platform.Tests.UI.Controls.DropDowns.Internal.SelectedItemIconSourceExtensionTest" name="ProvideValue_ShouldNotSetTargetProperty_WhenItemIconSourcePropertyNameIsNotSet" />
    </UnitTest>
    <UnitTest name="ReadXml_ShouldLogMessage_WhenObjectIdAttributeIsPresentButNotAnInteger" storage="d:\actions-runner\_work\xpco\xpco\allsolutions\..\mip\platformplugin\videoos.platform\unittest\bin\debug\net6.0-windows\videoos.platform.tests.dll" id="fdd1c789-d9b7-74e5-3e60-0cdd8a844a3b">
      <Execution id="be21264d-9892-424f-8c16-7819f6d8574f" />
      <TestMethod codeBase="D:\actions-runner\_work\XPCO\XPCO\AllSolutions\..\MIP\PlatformPlugin\VideoOS.Platform\unittest\bin\Debug\net6.0-windows\VideoOS.Platform.Tests.dll" adapterTypeName="executor://mstestadapter/v2" className="VideoOS.Platform.Tests.Metadata.OnvifObjectTests" name="ReadXml_ShouldLogMessage_WhenObjectIdAttributeIsPresentButNotAnInteger" />
    </UnitTest>
    <UnitTest name="ReadAppearanceExtensionXml_ShouldReadBoundingBoxLineThickness_WhenBoundingBoxLineThicknessIsPresent" storage="d:\actions-runner\_work\xpco\xpco\allsolutions\..\mip\platformplugin\videoos.platform\unittest\bin\debug\net6.0-windows\videoos.platform.tests.dll" id="15cecd1c-3b58-a036-2736-cf341db03f0a">
      <Execution id="864abac7-e2bc-4634-b568-ac628621d136" />
      <TestMethod codeBase="D:\actions-runner\_work\XPCO\XPCO\AllSolutions\..\MIP\PlatformPlugin\VideoOS.Platform\unittest\bin\Debug\net6.0-windows\VideoOS.Platform.Tests.dll" adapterTypeName="executor://mstestadapter/v2" className="VideoOS.Platform.Tests.Metadata.RectangleTests" name="ReadAppearanceExtensionXml_ShouldReadBoundingBoxLineThickness_WhenBoundingBoxLineThicknessIsPresent" />
    </UnitTest>
    <UnitTest name="MD5Hex32_ShouldThrowArgumentNullException_WhenInputIsNull" storage="d:\actions-runner\_work\xpco\xpco\allsolutions\..\mip\platformplugin\videoos.platform\unittest\bin\debug\net6.0-windows\videoos.platform.tests.dll" id="1482937b-f549-7dda-39ff-c1d0353b5bf2">
      <Execution id="364d981a-42f1-4dca-b950-4ec2141e7609" />
      <TestMethod codeBase="D:\actions-runner\_work\XPCO\XPCO\AllSolutions\..\MIP\PlatformPlugin\VideoOS.Platform\unittest\bin\Debug\net6.0-windows\VideoOS.Platform.Tests.dll" adapterTypeName="executor://mstestadapter/v2" className="VideoOS.Platform.Tests.Data.MediaProviderInternal.UtilityTests" name="MD5Hex32_ShouldThrowArgumentNullException_WhenInputIsNull" />
    </UnitTest>
    <UnitTest name="ReadyToCloseEvent_AutoSelect_Thrown" storage="d:\actions-runner\_work\xpco\xpco\allsolutions\..\mip\platformplugin\videoos.platform\unittest\bin\debug\net6.0-windows\videoos.platform.tests.dll" id="943fddae-0057-44db-535a-5540de1410f4">
      <Execution id="ff2cee16-5b5f-422f-9c0a-03a51ac2c0c7" />
      <TestMethod codeBase="D:\actions-runner\_work\XPCO\XPCO\AllSolutions\..\MIP\PlatformPlugin\VideoOS.Platform\unittest\bin\Debug\net6.0-windows\VideoOS.Platform.Tests.dll" adapterTypeName="executor://mstestadapter/v2" className="VideoOS.Platform.Tests.UI.ItemPicker.ItemPickerWindowViewModelTest" name="ReadyToCloseEvent_AutoSelect_Thrown" />
    </UnitTest>
    <UnitTest name="WriteAppearanceExtenstionXml_ShouldWriteAllExtensions_WhenAllArePresent" storage="d:\actions-runner\_work\xpco\xpco\allsolutions\..\mip\platformplugin\videoos.platform\unittest\bin\debug\net6.0-windows\videoos.platform.tests.dll" id="fcaf83e0-32f7-634e-130d-abc796d2af06">
      <Execution id="689dadf3-8872-4466-b1d6-4a7cf828c19d" />
      <TestMethod codeBase="D:\actions-runner\_work\XPCO\XPCO\AllSolutions\..\MIP\PlatformPlugin\VideoOS.Platform\unittest\bin\Debug\net6.0-windows\VideoOS.Platform.Tests.dll" adapterTypeName="executor://mstestadapter/v2" className="VideoOS.Platform.Tests.Metadata.RectangleTests" name="WriteAppearanceExtenstionXml_ShouldWriteAllExtensions_WhenAllArePresent" />
    </UnitTest>
    <UnitTest name="ToString_Check" storage="d:\actions-runner\_work\xpco\xpco\allsolutions\..\mip\platformplugin\videoos.platform\unittest\bin\debug\net6.0-windows\videoos.platform.tests.dll" id="1612f291-790a-313d-a0d3-c41060967beb">
      <Execution id="7bdefb0e-8517-4bc4-b696-609271eb29b5" />
      <TestMethod codeBase="D:\actions-runner\_work\XPCO\XPCO\AllSolutions\..\MIP\PlatformPlugin\VideoOS.Platform\unittest\bin\Debug\net6.0-windows\VideoOS.Platform.Tests.dll" adapterTypeName="executor://mstestadapter/v2" className="VideoOS.Platform.Tests.FQIDtests" name="ToString_Check" />
    </UnitTest>
    <UnitTest name="Serialize_TestCases (TestParentTypeMatchInterfaceNotThisTypeMatchedProperty)" storage="d:\actions-runner\_work\xpco\xpco\allsolutions\..\mip\platformplugin\videoos.platform\unittest\bin\debug\net6.0-windows\videoos.platform.tests.dll" id="fa8bb00a-1c98-6705-265a-18f2594a72d7">
      <Execution id="b74485a5-b0b3-4642-9b60-92601cbdd3b9" />
      <TestMethod codeBase="D:\actions-runner\_work\XPCO\XPCO\AllSolutions\..\MIP\PlatformPlugin\VideoOS.Platform\unittest\bin\Debug\net6.0-windows\VideoOS.Platform.Tests.dll" adapterTypeName="executor://mstestadapter/v2" className="VideoOS.Platform.Tests.UI.Controls.Automation.Serialization.AutomationObjectSerializerTest" name="Serialize_TestCases" />
    </UnitTest>
    <UnitTest name="CountByItems_NotActivated_Missing" storage="d:\actions-runner\_work\xpco\xpco\allsolutions\..\mip\platformplugin\videoos.platform\unittest\bin\debug\net6.0-windows\videoos.platform.tests.dll" id="81f1f710-d694-68bf-2cd3-35ddc8a4ca3e">
      <Execution id="adce0062-1848-4cc6-b806-b95c1d592728" />
      <TestMethod codeBase="D:\actions-runner\_work\XPCO\XPCO\AllSolutions\..\MIP\PlatformPlugin\VideoOS.Platform\unittest\bin\Debug\net6.0-windows\VideoOS.Platform.Tests.dll" adapterTypeName="executor://mstestadapter/v2" className="VideoOS.Platform.Tests.License.ResolvedLicenseCountTest" name="CountByItems_NotActivated_Missing" />
    </UnitTest>
    <UnitTest name="IsValid_ShouldBeSetToFalse_WhenBoundingBoxIsMissing" storage="d:\actions-runner\_work\xpco\xpco\allsolutions\..\mip\platformplugin\videoos.platform\unittest\bin\debug\net6.0-windows\videoos.platform.tests.dll" id="c64e7bd8-cb07-f721-64bb-ea14df3c64c6">
      <Execution id="e1293d95-7321-47d0-bcca-a3062321345a" />
      <TestMethod codeBase="D:\actions-runner\_work\XPCO\XPCO\AllSolutions\..\MIP\PlatformPlugin\VideoOS.Platform\unittest\bin\Debug\net6.0-windows\VideoOS.Platform.Tests.dll" adapterTypeName="executor://mstestadapter/v2" className="VideoOS.Platform.Tests.Metadata.ShapeTests" name="IsValid_ShouldBeSetToFalse_WhenBoundingBoxIsMissing" />
    </UnitTest>
    <UnitTest name="GetPrevious_ShouldReturnNull_WhenCacheIsEmpty" storage="d:\actions-runner\_work\xpco\xpco\allsolutions\..\mip\platformplugin\videoos.platform\unittest\bin\debug\net6.0-windows\videoos.platform.tests.dll" id="c5df7b24-5576-61ff-2c2f-8ef0272c7cb0">
      <Execution id="4c0d1511-87fc-4a1b-bc3d-709d387975b2" />
      <TestMethod codeBase="D:\actions-runner\_work\XPCO\XPCO\AllSolutions\..\MIP\PlatformPlugin\VideoOS.Platform\unittest\bin\Debug\net6.0-windows\VideoOS.Platform.Tests.dll" adapterTypeName="executor://mstestadapter/v2" className="VideoOS.Platform.Tests.Data.MetadataCacheTests" name="GetPrevious_ShouldReturnNull_WhenCacheIsEmpty" />
    </UnitTest>
    <UnitTest name="Serialize_TestCases (TestParentTypeMatchStructThisTypeMatchedProperty)" storage="d:\actions-runner\_work\xpco\xpco\allsolutions\..\mip\platformplugin\videoos.platform\unittest\bin\debug\net6.0-windows\videoos.platform.tests.dll" id="c2905a1d-1252-686a-78d7-5b30c85db72f">
      <Execution id="b2275605-24e9-4da4-8fca-a88dcca566d8" />
      <TestMethod codeBase="D:\actions-runner\_work\XPCO\XPCO\AllSolutions\..\MIP\PlatformPlugin\VideoOS.Platform\unittest\bin\Debug\net6.0-windows\VideoOS.Platform.Tests.dll" adapterTypeName="executor://mstestadapter/v2" className="VideoOS.Platform.Tests.UI.Controls.Automation.Serialization.AutomationObjectSerializerTest" name="Serialize_TestCases" />
    </UnitTest>
    <UnitTest name="LastModified_ShouldReturnMinValue_WhenUnknownKind" storage="d:\actions-runner\_work\xpco\xpco\allsolutions\..\mip\platformplugin\videoos.platform\unittest\bin\debug\net6.0-windows\videoos.platform.tests.dll" id="c1d75516-b54b-45bf-488a-9e0ebd61f8c4">
      <Execution id="6df6593d-4847-4554-8692-d1ff6355e9aa" />
      <TestMethod codeBase="D:\actions-runner\_work\XPCO\XPCO\AllSolutions\..\MIP\PlatformPlugin\VideoOS.Platform\unittest\bin\Debug\net6.0-windows\VideoOS.Platform.Tests.dll" adapterTypeName="executor://mstestadapter/v2" className="VideoOS.Platform.Tests.Util.ConfigurationCacheTests" name="LastModified_ShouldReturnMinValue_WhenUnknownKind" />
    </UnitTest>
    <UnitTest name="WriteMetadataXml_ShouldThrowArgumentNullException_WhenStreamOutputIsNull" storage="d:\actions-runner\_work\xpco\xpco\allsolutions\..\mip\platformplugin\videoos.platform\unittest\bin\debug\net6.0-windows\videoos.platform.tests.dll" id="b39f81fe-858b-c57c-9083-cb47ce15de87">
      <Execution id="8841c795-93a1-4e53-8801-c60699aa4bfa" />
      <TestMethod codeBase="D:\actions-runner\_work\XPCO\XPCO\AllSolutions\..\MIP\PlatformPlugin\VideoOS.Platform\unittest\bin\Debug\net6.0-windows\VideoOS.Platform.Tests.dll" adapterTypeName="executor://mstestadapter/v2" className="VideoOS.Platform.Tests.Metadata.MetadataSerializerTests" name="WriteMetadataXml_ShouldThrowArgumentNullException_WhenStreamOutputIsNull" />
    </UnitTest>
    <UnitTest name="Contains_Not_Found" storage="d:\actions-runner\_work\xpco\xpco\allsolutions\..\mip\platformplugin\videoos.platform\unittest\bin\debug\net6.0-windows\videoos.platform.tests.dll" id="fa078946-dda0-6ffb-816c-44fe3d4e229d">
      <Execution id="166b944b-40ee-46f1-b984-68c1ebc6210c" />
      <TestMethod codeBase="D:\actions-runner\_work\XPCO\XPCO\AllSolutions\..\MIP\PlatformPlugin\VideoOS.Platform\unittest\bin\Debug\net6.0-windows\VideoOS.Platform.Tests.dll" adapterTypeName="executor://mstestadapter/v2" className="VideoOS.Platform.Tests.ItemTests" name="Contains_Not_Found" />
    </UnitTest>
    <UnitTest name="Peek_EmptyQueue_ReturnsNull" storage="d:\actions-runner\_work\xpco\xpco\allsolutions\..\mip\platformplugin\videoos.platform\unittest\bin\debug\net6.0-windows\videoos.platform.tests.dll" id="7e481df7-029e-9d77-33ba-d4462cdb83bc">
      <Execution id="efd0d509-c469-4aa6-9332-463d0a448552" />
      <TestMethod codeBase="D:\actions-runner\_work\XPCO\XPCO\AllSolutions\..\MIP\PlatformPlugin\VideoOS.Platform\unittest\bin\Debug\net6.0-windows\VideoOS.Platform.Tests.dll" adapterTypeName="executor://mstestadapter/v2" className="VideoOS.Platform.Tests.Util.Queue.ConcurrentQueueSlimTests" name="Peek_EmptyQueue_ReturnsNull" />
    </UnitTest>
    <UnitTest name="Serialize_TestCases (TestParentTypeMatchEnumThisTypeNotMatched)" storage="d:\actions-runner\_work\xpco\xpco\allsolutions\..\mip\platformplugin\videoos.platform\unittest\bin\debug\net6.0-windows\videoos.platform.tests.dll" id="06fb238e-15e5-388c-77b1-ee96bcd9fd48">
      <Execution id="2121ccdb-40a6-431d-96ce-0e3813dac4df" />
      <TestMethod codeBase="D:\actions-runner\_work\XPCO\XPCO\AllSolutions\..\MIP\PlatformPlugin\VideoOS.Platform\unittest\bin\Debug\net6.0-windows\VideoOS.Platform.Tests.dll" adapterTypeName="executor://mstestadapter/v2" className="VideoOS.Platform.Tests.UI.Controls.Automation.Serialization.AutomationObjectSerializerTest" name="Serialize_TestCases" />
    </UnitTest>
    <UnitTest name="Serialize_TestCases (TestParentRecursiveTwoRecursiveElements)" storage="d:\actions-runner\_work\xpco\xpco\allsolutions\..\mip\platformplugin\videoos.platform\unittest\bin\debug\net6.0-windows\videoos.platform.tests.dll" id="f54a29ea-af6b-e415-7699-17daf9b39664">
      <Execution id="be03961c-7352-4db0-a124-975b8b5a3d09" />
      <TestMethod codeBase="D:\actions-runner\_work\XPCO\XPCO\AllSolutions\..\MIP\PlatformPlugin\VideoOS.Platform\unittest\bin\Debug\net6.0-windows\VideoOS.Platform.Tests.dll" adapterTypeName="executor://mstestadapter/v2" className="VideoOS.Platform.Tests.UI.Controls.Automation.Serialization.AutomationObjectSerializerTest" name="Serialize_TestCases" />
    </UnitTest>
    <UnitTest name="ParseArgbString_ShouldThrowFormatException_WhenFormatIsIncorrect" storage="d:\actions-runner\_work\xpco\xpco\allsolutions\..\mip\platformplugin\videoos.platform\unittest\bin\debug\net6.0-windows\videoos.platform.tests.dll" id="9a98e390-44f3-131c-5fc0-966dedface8e">
      <Execution id="fee62a71-0c2e-4ad5-a1b1-eeed70198002" />
      <TestMethod codeBase="D:\actions-runner\_work\XPCO\XPCO\AllSolutions\..\MIP\PlatformPlugin\VideoOS.Platform\unittest\bin\Debug\net6.0-windows\VideoOS.Platform.Tests.dll" adapterTypeName="executor://mstestadapter/v2" className="VideoOS.Platform.Tests.Metadata.DisplayColorTests" name="ParseArgbString_ShouldThrowFormatException_WhenFormatIsIncorrect" />
    </UnitTest>
    <UnitTest name="TestStartSearch_SortOrderSpecified_Success" storage="d:\actions-runner\_work\xpco\xpco\allsolutions\..\mip\platformplugin\videoos.platform\unittest\bin\debug\net6.0-windows\videoos.platform.tests.dll" id="13638f31-b7e4-af7e-235e-95a40f773cc3">
      <TestCategory>
        <TestCategoryItem TestCategory="Search" />
      </TestCategory>
      <Execution id="dc7866e8-2b3f-417f-a42c-a4e085d71fde" />
      <TestMethod codeBase="D:\actions-runner\_work\XPCO\XPCO\AllSolutions\..\MIP\PlatformPlugin\VideoOS.Platform\unittest\bin\Debug\net6.0-windows\VideoOS.Platform.Tests.dll" adapterTypeName="executor://mstestadapter/v2" className="VideoOS.Platform.Tests.Search.SearchManagerTest" name="TestStartSearch_SortOrderSpecified_Success" />
    </UnitTest>
    <UnitTest name="GenerateTypeDefinintionParameters_ShouldWriteId_WhenAlways" storage="d:\actions-runner\_work\xpco\xpco\allsolutions\..\mip\platformplugin\videoos.platform\unittest\bin\debug\net6.0-windows\videoos.platform.tests.dll" id="ad10243a-5005-2c62-ef03-970547f7bc68">
      <Execution id="efd4b79e-9880-4b72-8a91-c5d300671534" />
      <TestMethod codeBase="D:\actions-runner\_work\XPCO\XPCO\AllSolutions\..\MIP\PlatformPlugin\VideoOS.Platform\unittest\bin\Debug\net6.0-windows\VideoOS.Platform.Tests.dll" adapterTypeName="executor://mstestadapter/v2" className="VideoOS.Platform.Tests.Data.MetadataTypeDefinitionTests" name="GenerateTypeDefinintionParameters_ShouldWriteId_WhenAlways" />
    </UnitTest>
    <UnitTest name="ReadXml_ShouldLogWarningTwiceWhenMoreThanOneMinuteBetweenWarnings_WhenBoundingBoxIsIncomplete" storage="d:\actions-runner\_work\xpco\xpco\allsolutions\..\mip\platformplugin\videoos.platform\unittest\bin\debug\net6.0-windows\videoos.platform.tests.dll" id="2813fb62-7764-a6ad-5950-42865213a523">
      <Execution id="f4e2d779-7ede-483c-a44d-27e4a446bbbe" />
      <TestMethod codeBase="D:\actions-runner\_work\XPCO\XPCO\AllSolutions\..\MIP\PlatformPlugin\VideoOS.Platform\unittest\bin\Debug\net6.0-windows\VideoOS.Platform.Tests.dll" adapterTypeName="executor://mstestadapter/v2" className="VideoOS.Platform.Tests.Metadata.ShapeTests" name="ReadXml_ShouldLogWarningTwiceWhenMoreThanOneMinuteBetweenWarnings_WhenBoundingBoxIsIncomplete" />
    </UnitTest>
    <UnitTest name="ReadXml_ShouldReadItalicAttribute_WhenPresent" storage="d:\actions-runner\_work\xpco\xpco\allsolutions\..\mip\platformplugin\videoos.platform\unittest\bin\debug\net6.0-windows\videoos.platform.tests.dll" id="805392f0-f3e7-2021-caac-8cfa4d85f84a">
      <Execution id="9e2434a5-c02d-466b-a99f-624f718f3e3c" />
      <TestMethod codeBase="D:\actions-runner\_work\XPCO\XPCO\AllSolutions\..\MIP\PlatformPlugin\VideoOS.Platform\unittest\bin\Debug\net6.0-windows\VideoOS.Platform.Tests.dll" adapterTypeName="executor://mstestadapter/v2" className="VideoOS.Platform.Tests.Metadata.DisplayTextTests" name="ReadXml_ShouldReadItalicAttribute_WhenPresent" />
    </UnitTest>
    <UnitTest name="GenerateDeviceParameters_ShouldOmitFps_WhenFpsIsZero" storage="d:\actions-runner\_work\xpco\xpco\allsolutions\..\mip\platformplugin\videoos.platform\unittest\bin\debug\net6.0-windows\videoos.platform.tests.dll" id="ae4a8750-d669-3823-272f-96fc0e4fc346">
      <Execution id="9d4a6564-a407-4eff-87e8-3be4801ec5b6" />
      <TestMethod codeBase="D:\actions-runner\_work\XPCO\XPCO\AllSolutions\..\MIP\PlatformPlugin\VideoOS.Platform\unittest\bin\Debug\net6.0-windows\VideoOS.Platform.Tests.dll" adapterTypeName="executor://mstestadapter/v2" className="VideoOS.Platform.Tests.Data.CameraDeviceDefinitionTests" name="GenerateDeviceParameters_ShouldOmitFps_WhenFpsIsZero" />
    </UnitTest>
    <UnitTest name="Serialize_TestCases (Verify root Bool property)" storage="d:\actions-runner\_work\xpco\xpco\allsolutions\..\mip\platformplugin\videoos.platform\unittest\bin\debug\net6.0-windows\videoos.platform.tests.dll" id="7d1d1f41-0e54-d040-359b-6620ce0f7c85">
      <Execution id="0a8ca36c-a193-4620-aeb7-bed076fc0f83" />
      <TestMethod codeBase="D:\actions-runner\_work\XPCO\XPCO\AllSolutions\..\MIP\PlatformPlugin\VideoOS.Platform\unittest\bin\Debug\net6.0-windows\VideoOS.Platform.Tests.dll" adapterTypeName="executor://mstestadapter/v2" className="VideoOS.Platform.Tests.UI.Controls.Automation.Serialization.AutomationObjectSerializerTest" name="Serialize_TestCases" />
    </UnitTest>
    <UnitTest name="Convert_SingleArgumentConverter_ShouldAllowNullValue_WhenArgumentIsReferenceType" storage="d:\actions-runner\_work\xpco\xpco\allsolutions\..\mip\platformplugin\videoos.platform\unittest\bin\debug\net6.0-windows\videoos.platform.tests.dll" id="43f214ef-30cf-ba92-5a64-f56ecf6591a8">
      <Execution id="4e882cfd-ed59-4178-b0ec-8ab91c1469fb" />
      <TestMethod codeBase="D:\actions-runner\_work\XPCO\XPCO\AllSolutions\..\MIP\PlatformPlugin\VideoOS.Platform\unittest\bin\Debug\net6.0-windows\VideoOS.Platform.Tests.dll" adapterTypeName="executor://mstestadapter/v2" className="VideoOS.Platform.Tests.UI.Converters.LambdaConverterTest" name="Convert_SingleArgumentConverter_ShouldAllowNullValue_WhenArgumentIsReferenceType" />
    </UnitTest>
    <UnitTest name="GenerateDeviceParameters_ShouldOmitQuality_WhenQualityIsZero" storage="d:\actions-runner\_work\xpco\xpco\allsolutions\..\mip\platformplugin\videoos.platform\unittest\bin\debug\net6.0-windows\videoos.platform.tests.dll" id="6494ab94-5c0c-369b-99ff-59bfdd03b59b">
      <Execution id="a6a43e58-a104-4304-8050-b0a6171400a5" />
      <TestMethod codeBase="D:\actions-runner\_work\XPCO\XPCO\AllSolutions\..\MIP\PlatformPlugin\VideoOS.Platform\unittest\bin\Debug\net6.0-windows\VideoOS.Platform.Tests.dll" adapterTypeName="executor://mstestadapter/v2" className="VideoOS.Platform.Tests.Data.CameraDeviceDefinitionTests" name="GenerateDeviceParameters_ShouldOmitQuality_WhenQualityIsZero" />
    </UnitTest>
    <UnitTest name="Equals_ShouldReturnTrue_WhenHostIsTextualLocalhostAndOtherHostIsDottedDecimalLocalHost" storage="d:\actions-runner\_work\xpco\xpco\allsolutions\..\mip\platformplugin\videoos.platform\unittest\bin\debug\net6.0-windows\videoos.platform.tests.dll" id="3f6286d5-3f69-a507-072d-04f3b3c184c5">
      <Execution id="b40683c0-33a0-461f-97fc-1cf51c501b6d" />
      <TestMethod codeBase="D:\actions-runner\_work\XPCO\XPCO\AllSolutions\..\MIP\PlatformPlugin\VideoOS.Platform\unittest\bin\Debug\net6.0-windows\VideoOS.Platform.Tests.dll" adapterTypeName="executor://mstestadapter/v2" className="VideoOS.Platform.Tests.ServerIdTests" name="Equals_ShouldReturnTrue_WhenHostIsTextualLocalhostAndOtherHostIsDottedDecimalLocalHost" />
    </UnitTest>
    <UnitTest name="ReadXml_ShouldSetAllFieldsToNull_WhenElementIsEmpty" storage="d:\actions-runner\_work\xpco\xpco\allsolutions\..\mip\platformplugin\videoos.platform\unittest\bin\debug\net6.0-windows\videoos.platform.tests.dll" id="d3168116-f2b4-8d85-d69a-f47dbb1df0a3">
      <Execution id="c2666848-a166-4a3e-880c-be9c946c26f1" />
      <TestMethod codeBase="D:\actions-runner\_work\XPCO\XPCO\AllSolutions\..\MIP\PlatformPlugin\VideoOS.Platform\unittest\bin\Debug\net6.0-windows\VideoOS.Platform.Tests.dll" adapterTypeName="executor://mstestadapter/v2" className="VideoOS.Platform.Tests.Metadata.ShapeTests" name="ReadXml_ShouldSetAllFieldsToNull_WhenElementIsEmpty" />
    </UnitTest>
    <UnitTest name="Equals_IgnoreFolderType_Fail_OnServerIdNull" storage="d:\actions-runner\_work\xpco\xpco\allsolutions\..\mip\platformplugin\videoos.platform\unittest\bin\debug\net6.0-windows\videoos.platform.tests.dll" id="5ce9e10d-7d63-e829-dad3-2b21af48d9a3">
      <Execution id="67df4631-6559-4f1c-8b9b-6857e632c63e" />
      <TestMethod codeBase="D:\actions-runner\_work\XPCO\XPCO\AllSolutions\..\MIP\PlatformPlugin\VideoOS.Platform\unittest\bin\Debug\net6.0-windows\VideoOS.Platform.Tests.dll" adapterTypeName="executor://mstestadapter/v2" className="VideoOS.Platform.Tests.FQIDtests" name="Equals_IgnoreFolderType_Fail_OnServerIdNull" />
    </UnitTest>
    <UnitTest name="TestStartSearch_ReturningResults_Success" storage="d:\actions-runner\_work\xpco\xpco\allsolutions\..\mip\platformplugin\videoos.platform\unittest\bin\debug\net6.0-windows\videoos.platform.tests.dll" id="c1f74549-0e3d-e32b-3c71-cedfb9c5eef0">
      <TestCategory>
        <TestCategoryItem TestCategory="Search" />
      </TestCategory>
      <Execution id="c950be81-82ea-41c2-a894-38992968a290" />
      <TestMethod codeBase="D:\actions-runner\_work\XPCO\XPCO\AllSolutions\..\MIP\PlatformPlugin\VideoOS.Platform\unittest\bin\Debug\net6.0-windows\VideoOS.Platform.Tests.dll" adapterTypeName="executor://mstestadapter/v2" className="VideoOS.Platform.Tests.Search.SearchManagerTest" name="TestStartSearch_ReturningResults_Success" />
    </UnitTest>
    <UnitTest name="ReadXml_ShouldLogWarning_WhenLikelihoodIsNotANumber" storage="d:\actions-runner\_work\xpco\xpco\allsolutions\..\mip\platformplugin\videoos.platform\unittest\bin\debug\net6.0-windows\videoos.platform.tests.dll" id="dccf2726-dfd0-7d43-4aa6-126f8354b46b">
      <Execution id="94a24f03-586f-492d-873b-45d98bc4a1f3" />
      <TestMethod codeBase="D:\actions-runner\_work\XPCO\XPCO\AllSolutions\..\MIP\PlatformPlugin\VideoOS.Platform\unittest\bin\Debug\net6.0-windows\VideoOS.Platform.Tests.dll" adapterTypeName="executor://mstestadapter/v2" className="VideoOS.Platform.Tests.Metadata.ClassCandidateTests" name="ReadXml_ShouldLogWarning_WhenLikelihoodIsNotANumber" />
    </UnitTest>
    <UnitTest name="ReadXml_ShouldIgnoreTransformation_WhenTransformationIsPresenWithWrongNamespace" storage="d:\actions-runner\_work\xpco\xpco\allsolutions\..\mip\platformplugin\videoos.platform\unittest\bin\debug\net6.0-windows\videoos.platform.tests.dll" id="f7581027-c1a4-443d-888a-b124436b90b1">
      <Execution id="6de68c53-1d73-4aa3-90b4-a1ed0802df53" />
      <TestMethod codeBase="D:\actions-runner\_work\XPCO\XPCO\AllSolutions\..\MIP\PlatformPlugin\VideoOS.Platform\unittest\bin\Debug\net6.0-windows\VideoOS.Platform.Tests.dll" adapterTypeName="executor://mstestadapter/v2" className="VideoOS.Platform.Tests.Metadata.FrameTests" name="ReadXml_ShouldIgnoreTransformation_WhenTransformationIsPresenWithWrongNamespace" />
    </UnitTest>
    <UnitTest name="Peek_NonEmptyQueue_ReturnsItemButKeepsItInQueue" storage="d:\actions-runner\_work\xpco\xpco\allsolutions\..\mip\platformplugin\videoos.platform\unittest\bin\debug\net6.0-windows\videoos.platform.tests.dll" id="d7839ae1-9662-254a-edc4-21e217d972c9">
      <Execution id="4cc36fe1-8d78-4825-8890-d13bbd257be0" />
      <TestMethod codeBase="D:\actions-runner\_work\XPCO\XPCO\AllSolutions\..\MIP\PlatformPlugin\VideoOS.Platform\unittest\bin\Debug\net6.0-windows\VideoOS.Platform.Tests.dll" adapterTypeName="executor://mstestadapter/v2" className="VideoOS.Platform.Tests.Util.Queue.ConcurrentQueueSlimTests" name="Peek_NonEmptyQueue_ReturnsItemButKeepsItInQueue" />
    </UnitTest>
    <UnitTest name="ReadXml_ShouldReadAllKnownElements_WhenMultipleElementsArePresent" storage="d:\actions-runner\_work\xpco\xpco\allsolutions\..\mip\platformplugin\videoos.platform\unittest\bin\debug\net6.0-windows\videoos.platform.tests.dll" id="6a35aa0d-9441-e9e5-f921-b7f637c9a652">
      <Execution id="bf9826e4-b5b4-474d-9a77-c97495e7daf7" />
      <TestMethod codeBase="D:\actions-runner\_work\XPCO\XPCO\AllSolutions\..\MIP\PlatformPlugin\VideoOS.Platform\unittest\bin\Debug\net6.0-windows\VideoOS.Platform.Tests.dll" adapterTypeName="executor://mstestadapter/v2" className="VideoOS.Platform.Tests.Metadata.NavigationalDataTests" name="ReadXml_ShouldReadAllKnownElements_WhenMultipleElementsArePresent" />
    </UnitTest>
    <UnitTest name="ReadXml_ShouldIgnoreUnknownChildren_WhenUnknownChildrenArePresent" storage="d:\actions-runner\_work\xpco\xpco\allsolutions\..\mip\platformplugin\videoos.platform\unittest\bin\debug\net6.0-windows\videoos.platform.tests.dll" id="67088a0d-c95d-ee41-8d3c-5924cd7e11e1">
      <Execution id="442225b0-20a5-4b93-a929-53f3e52e10ae" />
      <TestMethod codeBase="D:\actions-runner\_work\XPCO\XPCO\AllSolutions\..\MIP\PlatformPlugin\VideoOS.Platform\unittest\bin\Debug\net6.0-windows\VideoOS.Platform.Tests.dll" adapterTypeName="executor://mstestadapter/v2" className="VideoOS.Platform.Tests.Metadata.TransformationTests" name="ReadXml_ShouldIgnoreUnknownChildren_WhenUnknownChildrenArePresent" />
    </UnitTest>
    <UnitTest name="Encrypt_ShouldReturnValueDifferentThanInput" storage="d:\actions-runner\_work\xpco\xpco\allsolutions\..\mip\platformplugin\videoos.platform\unittest\bin\debug\net6.0-windows\videoos.platform.tests.dll" id="737a55e3-02b4-11ec-a502-8f24217ffca3">
      <Execution id="c7fbec4b-ec69-4774-9979-c36dab0e1391" />
      <TestMethod codeBase="D:\actions-runner\_work\XPCO\XPCO\AllSolutions\..\MIP\PlatformPlugin\VideoOS.Platform\unittest\bin\Debug\net6.0-windows\VideoOS.Platform.Tests.dll" adapterTypeName="executor://mstestadapter/v2" className="VideoOS.Platform.Tests.License.NonFipsLicenseCompatibilityHandlerTests" name="Encrypt_ShouldReturnValueDifferentThanInput" />
    </UnitTest>
    <UnitTest name="Serialize_TestCases (TestParentTypeMatchInterfaceNotThisTypeNotMatched)" storage="d:\actions-runner\_work\xpco\xpco\allsolutions\..\mip\platformplugin\videoos.platform\unittest\bin\debug\net6.0-windows\videoos.platform.tests.dll" id="7c94d89e-414e-9b49-035f-2b0ee891b6a0">
      <Execution id="06159f4c-167c-432d-b9e3-44156f4ddc70" />
      <TestMethod codeBase="D:\actions-runner\_work\XPCO\XPCO\AllSolutions\..\MIP\PlatformPlugin\VideoOS.Platform\unittest\bin\Debug\net6.0-windows\VideoOS.Platform.Tests.dll" adapterTypeName="executor://mstestadapter/v2" className="VideoOS.Platform.Tests.UI.Controls.Automation.Serialization.AutomationObjectSerializerTest" name="Serialize_TestCases" />
    </UnitTest>
    <UnitTest name="CountByItems_NotActivated_Trial" storage="d:\actions-runner\_work\xpco\xpco\allsolutions\..\mip\platformplugin\videoos.platform\unittest\bin\debug\net6.0-windows\videoos.platform.tests.dll" id="19b10478-a96f-f7e7-c2b8-f210ce21c3d4">
      <Execution id="7c4e9afe-9c37-41e9-983e-5d72a6020998" />
      <TestMethod codeBase="D:\actions-runner\_work\XPCO\XPCO\AllSolutions\..\MIP\PlatformPlugin\VideoOS.Platform\unittest\bin\Debug\net6.0-windows\VideoOS.Platform.Tests.dll" adapterTypeName="executor://mstestadapter/v2" className="VideoOS.Platform.Tests.License.ResolvedLicenseCountTest" name="CountByItems_NotActivated_Trial" />
    </UnitTest>
    <UnitTest name="TestStartSearch_MultipleSearchDifferentDefinitions_Success" storage="d:\actions-runner\_work\xpco\xpco\allsolutions\..\mip\platformplugin\videoos.platform\unittest\bin\debug\net6.0-windows\videoos.platform.tests.dll" id="79018515-d745-dd30-fc15-5ab9418fb22e">
      <TestCategory>
        <TestCategoryItem TestCategory="Search" />
      </TestCategory>
      <Execution id="e8cd332f-d6d3-4aa1-80a8-eb0b8216ba4f" />
      <TestMethod codeBase="D:\actions-runner\_work\XPCO\XPCO\AllSolutions\..\MIP\PlatformPlugin\VideoOS.Platform\unittest\bin\Debug\net6.0-windows\VideoOS.Platform.Tests.dll" adapterTypeName="executor://mstestadapter/v2" className="VideoOS.Platform.Tests.Search.SearchManagerTest" name="TestStartSearch_MultipleSearchDifferentDefinitions_Success" />
    </UnitTest>
    <UnitTest name="Serialize_TestCases (Verify root String (null) property get property value)" storage="d:\actions-runner\_work\xpco\xpco\allsolutions\..\mip\platformplugin\videoos.platform\unittest\bin\debug\net6.0-windows\videoos.platform.tests.dll" id="c3507766-2bd3-10ca-b445-c0f89ddb4b4f">
      <Execution id="82eca16f-a920-4feb-b5c2-94c0c90474c2" />
      <TestMethod codeBase="D:\actions-runner\_work\XPCO\XPCO\AllSolutions\..\MIP\PlatformPlugin\VideoOS.Platform\unittest\bin\Debug\net6.0-windows\VideoOS.Platform.Tests.dll" adapterTypeName="executor://mstestadapter/v2" className="VideoOS.Platform.Tests.UI.Controls.Automation.Serialization.AutomationObjectSerializerTest" name="Serialize_TestCases" />
    </UnitTest>
    <UnitTest name="Dequeue_QueueStopping_Success" storage="d:\actions-runner\_work\xpco\xpco\allsolutions\..\mip\platformplugin\videoos.platform\unittest\bin\debug\net6.0-windows\videoos.platform.tests.dll" id="b2a7a04f-f1f1-7276-152d-8d2269ca96a4">
      <Execution id="7e7f4e9d-1918-4c5c-b859-2b9defa7e6ab" />
      <TestMethod codeBase="D:\actions-runner\_work\XPCO\XPCO\AllSolutions\..\MIP\PlatformPlugin\VideoOS.Platform\unittest\bin\Debug\net6.0-windows\VideoOS.Platform.Tests.dll" adapterTypeName="executor://mstestadapter/v2" className="VideoOS.Platform.Tests.Util.Queue.ConcurrentQueueSlimTests" name="Dequeue_QueueStopping_Success" />
    </UnitTest>
    <UnitTest name="ReadXml_ShouldLogWarning_WhenIncompleteTranslateIsPresent" storage="d:\actions-runner\_work\xpco\xpco\allsolutions\..\mip\platformplugin\videoos.platform\unittest\bin\debug\net6.0-windows\videoos.platform.tests.dll" id="5c70b94c-c2ae-ec2f-8c4d-56b452bbdede">
      <Execution id="2ccc7577-dafe-47dd-bd93-c899c72bba11" />
      <TestMethod codeBase="D:\actions-runner\_work\XPCO\XPCO\AllSolutions\..\MIP\PlatformPlugin\VideoOS.Platform\unittest\bin\Debug\net6.0-windows\VideoOS.Platform.Tests.dll" adapterTypeName="executor://mstestadapter/v2" className="VideoOS.Platform.Tests.Metadata.TransformationTests" name="ReadXml_ShouldLogWarning_WhenIncompleteTranslateIsPresent" />
    </UnitTest>
    <UnitTest name="CountByCounter_Activated_Trial_Missing" storage="d:\actions-runner\_work\xpco\xpco\allsolutions\..\mip\platformplugin\videoos.platform\unittest\bin\debug\net6.0-windows\videoos.platform.tests.dll" id="c05a4d86-1b95-1726-01bd-7b1791261baa">
      <Execution id="d7f735b6-f4b5-4d63-b40c-1bb29f58a17d" />
      <TestMethod codeBase="D:\actions-runner\_work\XPCO\XPCO\AllSolutions\..\MIP\PlatformPlugin\VideoOS.Platform\unittest\bin\Debug\net6.0-windows\VideoOS.Platform.Tests.dll" adapterTypeName="executor://mstestadapter/v2" className="VideoOS.Platform.Tests.License.ResolvedLicenseCountTest" name="CountByCounter_Activated_Trial_Missing" />
    </UnitTest>
    <UnitTest name="Encrypt_ShouldThrowMIPException_WhenCalledOnFIPSEnabledMachine" storage="d:\actions-runner\_work\xpco\xpco\allsolutions\..\mip\platformplugin\videoos.platform\unittest\bin\debug\net6.0-windows\videoos.platform.tests.dll" id="ba355757-a36a-54bb-5c59-d6e115aeace8">
      <Execution id="a55e794a-4096-4177-b078-5f3769fad2d3" />
      <TestMethod codeBase="D:\actions-runner\_work\XPCO\XPCO\AllSolutions\..\MIP\PlatformPlugin\VideoOS.Platform\unittest\bin\Debug\net6.0-windows\VideoOS.Platform.Tests.dll" adapterTypeName="executor://mstestadapter/v2" className="VideoOS.Platform.Tests.License.NonFipsLicenseCompatibilityHandlerTests" name="Encrypt_ShouldThrowMIPException_WhenCalledOnFIPSEnabledMachine" />
    </UnitTest>
    <UnitTest name="CreateSearchFilterEditControl_SinglePluginMultipleUserControlsPlugins_Success" storage="d:\actions-runner\_work\xpco\xpco\allsolutions\..\mip\platformplugin\videoos.platform\unittest\bin\debug\net6.0-windows\videoos.platform.tests.dll" id="64385f08-1561-0f65-f649-9eea3016a34f">
      <TestCategory>
        <TestCategoryItem TestCategory="Search" />
      </TestCategory>
      <Execution id="25051a45-6bed-4a65-91c1-ff96183d5391" />
      <TestMethod codeBase="D:\actions-runner\_work\XPCO\XPCO\AllSolutions\..\MIP\PlatformPlugin\VideoOS.Platform\unittest\bin\Debug\net6.0-windows\VideoOS.Platform.Tests.dll" adapterTypeName="executor://mstestadapter/v2" className="VideoOS.Platform.Tests.Search.SearchUserControlResolverTest" name="CreateSearchFilterEditControl_SinglePluginMultipleUserControlsPlugins_Success" />
    </UnitTest>
    <UnitTest name="ParseMetadataXmlWithString_ShouldReturnRootElement_WhenXmlContainsCorrectRootElement" storage="d:\actions-runner\_work\xpco\xpco\allsolutions\..\mip\platformplugin\videoos.platform\unittest\bin\debug\net6.0-windows\videoos.platform.tests.dll" id="58acdb8f-084b-2e15-dc3a-9f779a1645ce">
      <Execution id="8aa2d039-5305-42e5-9bb0-0a1758235270" />
      <TestMethod codeBase="D:\actions-runner\_work\XPCO\XPCO\AllSolutions\..\MIP\PlatformPlugin\VideoOS.Platform\unittest\bin\Debug\net6.0-windows\VideoOS.Platform.Tests.dll" adapterTypeName="executor://mstestadapter/v2" className="VideoOS.Platform.Tests.Metadata.MetadataDeserializerTests" name="ParseMetadataXmlWithString_ShouldReturnRootElement_WhenXmlContainsCorrectRootElement" />
    </UnitTest>
    <UnitTest name="OverlapsWith_ShouldReturnTrue_WhenArgumenStartTimeIsAfterStartTimeAndBeforeEndTime" storage="d:\actions-runner\_work\xpco\xpco\allsolutions\..\mip\platformplugin\videoos.platform\unittest\bin\debug\net6.0-windows\videoos.platform.tests.dll" id="aa00ee56-82a4-f12d-65e7-778cc997807f">
      <Execution id="daf636e8-53c9-40be-a2bc-afde81826c68" />
      <TestMethod codeBase="D:\actions-runner\_work\XPCO\XPCO\AllSolutions\..\MIP\PlatformPlugin\VideoOS.Platform\unittest\bin\Debug\net6.0-windows\VideoOS.Platform.Tests.dll" adapterTypeName="executor://mstestadapter/v2" className="VideoOS.Platform.Tests.Util.TimeIntervalTests" name="OverlapsWith_ShouldReturnTrue_WhenArgumenStartTimeIsAfterStartTimeAndBeforeEndTime" />
    </UnitTest>
    <UnitTest name="WriteXml_ShouldWriteAllFrames_WhenThereAreMultipleFramesPresent" storage="d:\actions-runner\_work\xpco\xpco\allsolutions\..\mip\platformplugin\videoos.platform\unittest\bin\debug\net6.0-windows\videoos.platform.tests.dll" id="25843545-ef80-11aa-4565-6026ffae4df6">
      <Execution id="4c577006-aa9a-43fd-8434-a4d278d7e432" />
      <TestMethod codeBase="D:\actions-runner\_work\XPCO\XPCO\AllSolutions\..\MIP\PlatformPlugin\VideoOS.Platform\unittest\bin\Debug\net6.0-windows\VideoOS.Platform.Tests.dll" adapterTypeName="executor://mstestadapter/v2" className="VideoOS.Platform.Tests.Metadata.VideoAnalyticsTests" name="WriteXml_ShouldWriteAllFrames_WhenThereAreMultipleFramesPresent" />
    </UnitTest>
    <UnitTest name="ReadXml_ShouldLogWarning_WhenFrameDidNotReadUtcTime" storage="d:\actions-runner\_work\xpco\xpco\allsolutions\..\mip\platformplugin\videoos.platform\unittest\bin\debug\net6.0-windows\videoos.platform.tests.dll" id="702f283c-acf3-b66b-da58-6b428c67206f">
      <Execution id="a7f3b811-4fdf-4087-b3c1-3b2c59ab49df" />
      <TestMethod codeBase="D:\actions-runner\_work\XPCO\XPCO\AllSolutions\..\MIP\PlatformPlugin\VideoOS.Platform\unittest\bin\Debug\net6.0-windows\VideoOS.Platform.Tests.dll" adapterTypeName="executor://mstestadapter/v2" className="VideoOS.Platform.Tests.Metadata.VideoAnalyticsTests" name="ReadXml_ShouldLogWarning_WhenFrameDidNotReadUtcTime" />
    </UnitTest>
    <UnitTest name="HasExtensionDataPresent_ShouldReturnTrue_WhenFillColorIsSet" storage="d:\actions-runner\_work\xpco\xpco\allsolutions\..\mip\platformplugin\videoos.platform\unittest\bin\debug\net6.0-windows\videoos.platform.tests.dll" id="8ff1a4be-4c7a-03eb-1e8d-280cdf27a49d">
      <Execution id="0423bbd9-ccbe-4627-b47d-525b86d301c3" />
      <TestMethod codeBase="D:\actions-runner\_work\XPCO\XPCO\AllSolutions\..\MIP\PlatformPlugin\VideoOS.Platform\unittest\bin\Debug\net6.0-windows\VideoOS.Platform.Tests.dll" adapterTypeName="executor://mstestadapter/v2" className="VideoOS.Platform.Tests.Metadata.RectangleTests" name="HasExtensionDataPresent_ShouldReturnTrue_WhenFillColorIsSet" />
    </UnitTest>
    <UnitTest name="Serialize_TestCases (TestParentTypeMatchCollectionThisTypeMatchedProperty)" storage="d:\actions-runner\_work\xpco\xpco\allsolutions\..\mip\platformplugin\videoos.platform\unittest\bin\debug\net6.0-windows\videoos.platform.tests.dll" id="757dcbcf-6cb2-e01d-02fc-019e4a1d9936">
      <Execution id="5e87c282-470e-4db9-9773-4acd3839dc84" />
      <TestMethod codeBase="D:\actions-runner\_work\XPCO\XPCO\AllSolutions\..\MIP\PlatformPlugin\VideoOS.Platform\unittest\bin\Debug\net6.0-windows\VideoOS.Platform.Tests.dll" adapterTypeName="executor://mstestadapter/v2" className="VideoOS.Platform.Tests.UI.Controls.Automation.Serialization.AutomationObjectSerializerTest" name="Serialize_TestCases" />
    </UnitTest>
    <UnitTest name="ReadXml_ShouldReadBoldAttribute_WhenPresent" storage="d:\actions-runner\_work\xpco\xpco\allsolutions\..\mip\platformplugin\videoos.platform\unittest\bin\debug\net6.0-windows\videoos.platform.tests.dll" id="d09566d1-6438-9687-6d98-ba12ffff4915">
      <Execution id="725cccd3-f4fd-4530-83a2-2e18775b4e56" />
      <TestMethod codeBase="D:\actions-runner\_work\XPCO\XPCO\AllSolutions\..\MIP\PlatformPlugin\VideoOS.Platform\unittest\bin\Debug\net6.0-windows\VideoOS.Platform.Tests.dll" adapterTypeName="executor://mstestadapter/v2" className="VideoOS.Platform.Tests.Metadata.DisplayTextTests" name="ReadXml_ShouldReadBoldAttribute_WhenPresent" />
    </UnitTest>
    <UnitTest name="ServerIdWithHttps_Construct_Success" storage="d:\actions-runner\_work\xpco\xpco\allsolutions\..\mip\platformplugin\videoos.platform\unittest\bin\debug\net6.0-windows\videoos.platform.tests.dll" id="1f0a0407-7982-ddd0-173d-1b88aac6222d">
      <Execution id="31de6be8-bf9d-40fe-962b-df4cc21eef3d" />
      <TestMethod codeBase="D:\actions-runner\_work\XPCO\XPCO\AllSolutions\..\MIP\PlatformPlugin\VideoOS.Platform\unittest\bin\Debug\net6.0-windows\VideoOS.Platform.Tests.dll" adapterTypeName="executor://mstestadapter/v2" className="VideoOS.Platform.Tests.FQIDtests" name="ServerIdWithHttps_Construct_Success" />
    </UnitTest>
    <UnitTest name="CreateSearchFilterEditControl_SinglePlugin_Success" storage="d:\actions-runner\_work\xpco\xpco\allsolutions\..\mip\platformplugin\videoos.platform\unittest\bin\debug\net6.0-windows\videoos.platform.tests.dll" id="b44cc6a8-6a9a-fd12-3fec-c22280c5d52b">
      <TestCategory>
        <TestCategoryItem TestCategory="Search" />
      </TestCategory>
      <Execution id="6a107d3e-48eb-4445-9a4c-58b4829d81d2" />
      <TestMethod codeBase="D:\actions-runner\_work\XPCO\XPCO\AllSolutions\..\MIP\PlatformPlugin\VideoOS.Platform\unittest\bin\Debug\net6.0-windows\VideoOS.Platform.Tests.dll" adapterTypeName="executor://mstestadapter/v2" className="VideoOS.Platform.Tests.Search.SearchUserControlResolverTest" name="CreateSearchFilterEditControl_SinglePlugin_Success" />
    </UnitTest>
    <UnitTest name="WriteXml_ShouldWriteframe_WhenThereIsOneFramePresent" storage="d:\actions-runner\_work\xpco\xpco\allsolutions\..\mip\platformplugin\videoos.platform\unittest\bin\debug\net6.0-windows\videoos.platform.tests.dll" id="d8308a27-6fbc-21d5-664d-c54e34f438da">
      <Execution id="8210eec9-097c-4e5e-aaa6-be65bc1b60b8" />
      <TestMethod codeBase="D:\actions-runner\_work\XPCO\XPCO\AllSolutions\..\MIP\PlatformPlugin\VideoOS.Platform\unittest\bin\Debug\net6.0-windows\VideoOS.Platform.Tests.dll" adapterTypeName="executor://mstestadapter/v2" className="VideoOS.Platform.Tests.Metadata.VideoAnalyticsTests" name="WriteXml_ShouldWriteframe_WhenThereIsOneFramePresent" />
    </UnitTest>
    <UnitTest name="WriteXml_ShouldWriteBoundingBoxElement_WhenBoundingBoxIsNotNull" storage="d:\actions-runner\_work\xpco\xpco\allsolutions\..\mip\platformplugin\videoos.platform\unittest\bin\debug\net6.0-windows\videoos.platform.tests.dll" id="935f282f-5819-0cbb-3d88-60d0430c3f25">
      <Execution id="05b9812b-a407-4a9d-a522-ff4c05247d2e" />
      <TestMethod codeBase="D:\actions-runner\_work\XPCO\XPCO\AllSolutions\..\MIP\PlatformPlugin\VideoOS.Platform\unittest\bin\Debug\net6.0-windows\VideoOS.Platform.Tests.dll" adapterTypeName="executor://mstestadapter/v2" className="VideoOS.Platform.Tests.Metadata.ShapeTests" name="WriteXml_ShouldWriteBoundingBoxElement_WhenBoundingBoxIsNotNull" />
    </UnitTest>
    <UnitTest name="GetMetadataStream_ShouldThrowXmlException_WhenByteArrayContainsInvalidXml" storage="d:\actions-runner\_work\xpco\xpco\allsolutions\..\mip\platformplugin\videoos.platform\unittest\bin\debug\net6.0-windows\videoos.platform.tests.dll" id="687e7059-e7b1-dddd-6cf1-c4b5cd5cad05">
      <Execution id="d44a45be-6c70-4abf-a4e3-c903c798e972" />
      <TestMethod codeBase="D:\actions-runner\_work\XPCO\XPCO\AllSolutions\..\MIP\PlatformPlugin\VideoOS.Platform\unittest\bin\Debug\net6.0-windows\VideoOS.Platform.Tests.dll" adapterTypeName="executor://mstestadapter/v2" className="VideoOS.Platform.Tests.Metadata.MetadataContentTests" name="GetMetadataStream_ShouldThrowXmlException_WhenByteArrayContainsInvalidXml" />
    </UnitTest>
    <UnitTest name="ReadyToCloseEvent_OkCommand_MultiSelect_Not_Thrown" storage="d:\actions-runner\_work\xpco\xpco\allsolutions\..\mip\platformplugin\videoos.platform\unittest\bin\debug\net6.0-windows\videoos.platform.tests.dll" id="94e89fbd-ee0e-4e65-a79e-fa57a63dcb34">
      <Execution id="53480560-8b83-4abd-b534-ef8f6809d4cb" />
      <TestMethod codeBase="D:\actions-runner\_work\XPCO\XPCO\AllSolutions\..\MIP\PlatformPlugin\VideoOS.Platform\unittest\bin\Debug\net6.0-windows\VideoOS.Platform.Tests.dll" adapterTypeName="executor://mstestadapter/v2" className="VideoOS.Platform.Tests.UI.ItemPicker.ItemPickerWindowViewModelTest" name="ReadyToCloseEvent_OkCommand_MultiSelect_Not_Thrown" />
    </UnitTest>
    <UnitTest name="WriteXml_ShouldWriteIsIdleElement_WhenIsIdleIsTrue" storage="d:\actions-runner\_work\xpco\xpco\allsolutions\..\mip\platformplugin\videoos.platform\unittest\bin\debug\net6.0-windows\videoos.platform.tests.dll" id="3c09d4cb-f13e-d121-455f-42d4e3bd3224">
      <Execution id="d245a462-f484-4b84-a63d-77dfde9712a0" />
      <TestMethod codeBase="D:\actions-runner\_work\XPCO\XPCO\AllSolutions\..\MIP\PlatformPlugin\VideoOS.Platform\unittest\bin\Debug\net6.0-windows\VideoOS.Platform.Tests.dll" adapterTypeName="executor://mstestadapter/v2" className="VideoOS.Platform.Tests.Metadata.BehaviourTests" name="WriteXml_ShouldWriteIsIdleElement_WhenIsIdleIsTrue" />
    </UnitTest>
    <UnitTest name="ReadXml_ShouldSetAllFieldsToDefaultValues_WhenElementIsEmpty" storage="d:\actions-runner\_work\xpco\xpco\allsolutions\..\mip\platformplugin\videoos.platform\unittest\bin\debug\net6.0-windows\videoos.platform.tests.dll" id="1bf83f76-33b3-45e4-acc8-af80bf4d763b">
      <Execution id="d356c11d-05fd-4e6b-95bd-9cbfda8bafa1" />
      <TestMethod codeBase="D:\actions-runner\_work\XPCO\XPCO\AllSolutions\..\MIP\PlatformPlugin\VideoOS.Platform\unittest\bin\Debug\net6.0-windows\VideoOS.Platform.Tests.dll" adapterTypeName="executor://mstestadapter/v2" className="VideoOS.Platform.Tests.Metadata.FrameTests" name="ReadXml_ShouldSetAllFieldsToDefaultValues_WhenElementIsEmpty" />
    </UnitTest>
    <UnitTest name="GetPrevious_ShouldReturnSecondLastElement_WhenLastEntryCalledAndThereIsAPreviousEntry" storage="d:\actions-runner\_work\xpco\xpco\allsolutions\..\mip\platformplugin\videoos.platform\unittest\bin\debug\net6.0-windows\videoos.platform.tests.dll" id="41e8bbd6-3770-3db6-c9ec-9f2dfc487593">
      <Execution id="65e39c66-f5dc-421a-8894-6e137bec9532" />
      <TestMethod codeBase="D:\actions-runner\_work\XPCO\XPCO\AllSolutions\..\MIP\PlatformPlugin\VideoOS.Platform\unittest\bin\Debug\net6.0-windows\VideoOS.Platform.Tests.dll" adapterTypeName="executor://mstestadapter/v2" className="VideoOS.Platform.Tests.Data.MetadataCacheTests" name="GetPrevious_ShouldReturnSecondLastElement_WhenLastEntryCalledAndThereIsAPreviousEntry" />
    </UnitTest>
    <UnitTest name="TryParseArgbString_ShouldReturnFalse_WhenStringIsContainsNotHexChars" storage="d:\actions-runner\_work\xpco\xpco\allsolutions\..\mip\platformplugin\videoos.platform\unittest\bin\debug\net6.0-windows\videoos.platform.tests.dll" id="5a6033d0-8674-1383-5d73-0621497569cb">
      <Execution id="bb41f481-9a6f-42c9-8ee6-5b6ce8a81bd9" />
      <TestMethod codeBase="D:\actions-runner\_work\XPCO\XPCO\AllSolutions\..\MIP\PlatformPlugin\VideoOS.Platform\unittest\bin\Debug\net6.0-windows\VideoOS.Platform.Tests.dll" adapterTypeName="executor://mstestadapter/v2" className="VideoOS.Platform.Tests.Metadata.DisplayColorTests" name="TryParseArgbString_ShouldReturnFalse_WhenStringIsContainsNotHexChars" />
    </UnitTest>
    <UnitTest name="ReadyToCloseEvent_CancelCommand_MultiSelect_Thrown" storage="d:\actions-runner\_work\xpco\xpco\allsolutions\..\mip\platformplugin\videoos.platform\unittest\bin\debug\net6.0-windows\videoos.platform.tests.dll" id="159cae7e-f986-2bd9-0bdf-d56bffd649d4">
      <Execution id="8d627401-e511-49b7-a0db-c4f4119de0e9" />
      <TestMethod codeBase="D:\actions-runner\_work\XPCO\XPCO\AllSolutions\..\MIP\PlatformPlugin\VideoOS.Platform\unittest\bin\Debug\net6.0-windows\VideoOS.Platform.Tests.dll" adapterTypeName="executor://mstestadapter/v2" className="VideoOS.Platform.Tests.UI.ItemPicker.ItemPickerWindowViewModelTest" name="ReadyToCloseEvent_CancelCommand_MultiSelect_Thrown" />
    </UnitTest>
    <UnitTest name="ReadAppearanceExtensionXml_ShouldReadBoundingBoxFillColor_WhenBoundingBoxFillColorIsPresent" storage="d:\actions-runner\_work\xpco\xpco\allsolutions\..\mip\platformplugin\videoos.platform\unittest\bin\debug\net6.0-windows\videoos.platform.tests.dll" id="545d08a7-8d4d-0e52-621a-4acb7e985873">
      <Execution id="b3cb094f-f48b-4704-8c4c-0ee2112f14eb" />
      <TestMethod codeBase="D:\actions-runner\_work\XPCO\XPCO\AllSolutions\..\MIP\PlatformPlugin\VideoOS.Platform\unittest\bin\Debug\net6.0-windows\VideoOS.Platform.Tests.dll" adapterTypeName="executor://mstestadapter/v2" className="VideoOS.Platform.Tests.Metadata.RectangleTests" name="ReadAppearanceExtensionXml_ShouldReadBoundingBoxFillColor_WhenBoundingBoxFillColorIsPresent" />
    </UnitTest>
    <UnitTest name="GetIdFromPath_ShouldReturnEmptyString_WhenPathContainsEmptyId" storage="d:\actions-runner\_work\xpco\xpco\allsolutions\..\mip\platformplugin\videoos.platform\unittest\bin\debug\net6.0-windows\videoos.platform.tests.dll" id="f6984f1a-4523-b1ef-118a-5c1d7f7ca1aa">
      <Execution id="46fa553c-c2df-428d-b2aa-f4955d03a5de" />
      <TestMethod codeBase="D:\actions-runner\_work\XPCO\XPCO\AllSolutions\..\MIP\PlatformPlugin\VideoOS.Platform\unittest\bin\Debug\net6.0-windows\VideoOS.Platform.Tests.dll" adapterTypeName="executor://mstestadapter/v2" className="VideoOS.Platform.Tests.ConfigurationItems.FactoryTests" name="GetIdFromPath_ShouldReturnEmptyString_WhenPathContainsEmptyId" />
    </UnitTest>
    <UnitTest name="Ctor_TwoStandardFiltersAndTwoCustomFilters_Success" storage="d:\actions-runner\_work\xpco\xpco\allsolutions\..\mip\platformplugin\videoos.platform\unittest\bin\debug\net6.0-windows\videoos.platform.tests.dll" id="7a0dc36a-c1cd-21c8-9ba3-75ff2dea0cf7">
      <TestCategory>
        <TestCategoryItem TestCategory="Search" />
      </TestCategory>
      <Execution id="cc0bfc48-9006-4be1-aa1d-2f344d92657c" />
      <TestMethod codeBase="D:\actions-runner\_work\XPCO\XPCO\AllSolutions\..\MIP\PlatformPlugin\VideoOS.Platform\unittest\bin\Debug\net6.0-windows\VideoOS.Platform.Tests.dll" adapterTypeName="executor://mstestadapter/v2" className="VideoOS.Platform.Tests.Search.FilterCategories.VehicleSearchFilterCategoryTest" name="Ctor_TwoStandardFiltersAndTwoCustomFilters_Success" />
    </UnitTest>
    <UnitTest name="UnloadedEvent_ShouldRemoveProxyManager_WhenRaisedOnFrameworkElement" storage="d:\actions-runner\_work\xpco\xpco\allsolutions\..\mip\platformplugin\videoos.platform\unittest\bin\debug\net6.0-windows\videoos.platform.tests.dll" id="16f60887-7ce9-1170-b4ee-a149304874ee">
      <TestCategory>
        <TestCategoryItem TestCategory="EventsToCommandMappings" />
      </TestCategory>
      <Execution id="ec1fe8e7-f45c-4479-9072-09bf9b190540" />
      <TestMethod codeBase="D:\actions-runner\_work\XPCO\XPCO\AllSolutions\..\MIP\PlatformPlugin\VideoOS.Platform\unittest\bin\Debug\net6.0-windows\VideoOS.Platform.Tests.dll" adapterTypeName="executor://mstestadapter/v2" className="VideoOS.Platform.Tests.UI.Commands.EventsToCommandMappingTest" name="UnloadedEvent_ShouldRemoveProxyManager_WhenRaisedOnFrameworkElement" />
    </UnitTest>
    <UnitTest name="EndTimeShouldReturnConstructorParameter" storage="d:\actions-runner\_work\xpco\xpco\allsolutions\..\mip\platformplugin\videoos.platform\unittest\bin\debug\net6.0-windows\videoos.platform.tests.dll" id="0138d714-b11a-1112-3975-544e9807700f">
      <Execution id="25d04c33-cd64-4459-bb9a-79fb18ef4ff9" />
      <TestMethod codeBase="D:\actions-runner\_work\XPCO\XPCO\AllSolutions\..\MIP\PlatformPlugin\VideoOS.Platform\unittest\bin\Debug\net6.0-windows\VideoOS.Platform.Tests.dll" adapterTypeName="executor://mstestadapter/v2" className="VideoOS.Platform.Tests.Live.MetadataLiveContentTests" name="EndTimeShouldReturnConstructorParameter" />
    </UnitTest>
    <UnitTest name="OverlapsWith_ShouldReturnTrue_WhenArgumenEndTimeIsBeforeEndTimeAndAfterStartTime" storage="d:\actions-runner\_work\xpco\xpco\allsolutions\..\mip\platformplugin\videoos.platform\unittest\bin\debug\net6.0-windows\videoos.platform.tests.dll" id="115cf00c-004b-6d3a-9de0-103eb4fece2f">
      <Execution id="3e69ecdc-e906-4717-85c0-88f3f6224b57" />
      <TestMethod codeBase="D:\actions-runner\_work\XPCO\XPCO\AllSolutions\..\MIP\PlatformPlugin\VideoOS.Platform\unittest\bin\Debug\net6.0-windows\VideoOS.Platform.Tests.dll" adapterTypeName="executor://mstestadapter/v2" className="VideoOS.Platform.Tests.Util.TimeIntervalTests" name="OverlapsWith_ShouldReturnTrue_WhenArgumenEndTimeIsBeforeEndTimeAndAfterStartTime" />
    </UnitTest>
    <UnitTest name="ParameterConstruct3_FieldValues_Checked" storage="d:\actions-runner\_work\xpco\xpco\allsolutions\..\mip\platformplugin\videoos.platform\unittest\bin\debug\net6.0-windows\videoos.platform.tests.dll" id="15aede0d-e3f2-2cb3-b9cb-5b079f95b7e7">
      <Execution id="036efbb8-a49b-4025-b2d6-dc92137370d7" />
      <TestMethod codeBase="D:\actions-runner\_work\XPCO\XPCO\AllSolutions\..\MIP\PlatformPlugin\VideoOS.Platform\unittest\bin\Debug\net6.0-windows\VideoOS.Platform.Tests.dll" adapterTypeName="executor://mstestadapter/v2" className="VideoOS.Platform.Tests.FQIDtests" name="ParameterConstruct3_FieldValues_Checked" />
    </UnitTest>
    <UnitTest name="SetEvents_ShouldNotAddProxyManager_WhenFrameworkElementIsNotLoaded" storage="d:\actions-runner\_work\xpco\xpco\allsolutions\..\mip\platformplugin\videoos.platform\unittest\bin\debug\net6.0-windows\videoos.platform.tests.dll" id="231eb201-5943-be12-8406-5e91b55ea0f9">
      <TestCategory>
        <TestCategoryItem TestCategory="EventsToCommandMappings" />
      </TestCategory>
      <Execution id="b4866b08-d119-4108-bf4a-7de7fd851409" />
      <TestMethod codeBase="D:\actions-runner\_work\XPCO\XPCO\AllSolutions\..\MIP\PlatformPlugin\VideoOS.Platform\unittest\bin\Debug\net6.0-windows\VideoOS.Platform.Tests.dll" adapterTypeName="executor://mstestadapter/v2" className="VideoOS.Platform.Tests.UI.Commands.EventsToCommandMappingTest" name="SetEvents_ShouldNotAddProxyManager_WhenFrameworkElementIsNotLoaded" />
    </UnitTest>
    <UnitTest name="BuildShapeOverlayWidthHeightAlarm_ShouldReturnCorrectNumberOfShapes_WhenArgumentContainsObjectAndRule" storage="d:\actions-runner\_work\xpco\xpco\allsolutions\..\mip\platformplugin\videoos.platform\unittest\bin\debug\net6.0-windows\videoos.platform.tests.dll" id="1ce6e954-84ed-5a50-7c66-ce4fb6384d66">
      <Execution id="50b4830a-6227-4476-bbe9-03fce95c551a" />
      <TestMethod codeBase="D:\actions-runner\_work\XPCO\XPCO\AllSolutions\..\MIP\PlatformPlugin\VideoOS.Platform\unittest\bin\Debug\net6.0-windows\VideoOS.Platform.Tests.dll" adapterTypeName="executor://mstestadapter/v2" className="VideoOS.Platform.Tests.Util.AnalyticsOverlayBuilderTests" name="BuildShapeOverlayWidthHeightAlarm_ShouldReturnCorrectNumberOfShapes_WhenArgumentContainsObjectAndRule" />
    </UnitTest>
    <UnitTest name="Equals_ShouldHaveValueSemantics_WhenAlways" storage="d:\actions-runner\_work\xpco\xpco\allsolutions\..\mip\platformplugin\videoos.platform\unittest\bin\debug\net6.0-windows\videoos.platform.tests.dll" id="9cbeee60-77f5-68fc-bc08-e8da5217124f">
      <Execution id="f08d045a-c945-4487-a2b5-874c7d1f3693" />
      <TestMethod codeBase="D:\actions-runner\_work\XPCO\XPCO\AllSolutions\..\MIP\PlatformPlugin\VideoOS.Platform\unittest\bin\Debug\net6.0-windows\VideoOS.Platform.Tests.dll" adapterTypeName="executor://mstestadapter/v2" className="VideoOS.Platform.Tests.Metadata.TransformationTests" name="Equals_ShouldHaveValueSemantics_WhenAlways" />
    </UnitTest>
    <UnitTest name="ReadXml_ShouldIgnoreChildren_WhenAlways" storage="d:\actions-runner\_work\xpco\xpco\allsolutions\..\mip\platformplugin\videoos.platform\unittest\bin\debug\net6.0-windows\videoos.platform.tests.dll" id="f500837b-0f36-671a-c44b-b00267ce6d42">
      <Execution id="c948e833-3167-47c0-bd23-f8f7fa9b40d5" />
      <TestMethod codeBase="D:\actions-runner\_work\XPCO\XPCO\AllSolutions\..\MIP\PlatformPlugin\VideoOS.Platform\unittest\bin\Debug\net6.0-windows\VideoOS.Platform.Tests.dll" adapterTypeName="executor://mstestadapter/v2" className="VideoOS.Platform.Tests.Metadata.DisplayTextTests" name="ReadXml_ShouldIgnoreChildren_WhenAlways" />
    </UnitTest>
    <UnitTest name="ReadXml_ShouldReadBehaviourContents_WhenBehaviourIsPresent" storage="d:\actions-runner\_work\xpco\xpco\allsolutions\..\mip\platformplugin\videoos.platform\unittest\bin\debug\net6.0-windows\videoos.platform.tests.dll" id="e22757cf-80d8-f279-1c8a-feb5a05eb919">
      <Execution id="41c2ab84-f497-4dd6-b028-5bfc0ff42ba6" />
      <TestMethod codeBase="D:\actions-runner\_work\XPCO\XPCO\AllSolutions\..\MIP\PlatformPlugin\VideoOS.Platform\unittest\bin\Debug\net6.0-windows\VideoOS.Platform.Tests.dll" adapterTypeName="executor://mstestadapter/v2" className="VideoOS.Platform.Tests.Metadata.OnvifObjectTests" name="ReadXml_ShouldReadBehaviourContents_WhenBehaviourIsPresent" />
    </UnitTest>
    <UnitTest name="GetNearest_ShouldReturnNull_WhenTimestampIsBeforeFirstElement" storage="d:\actions-runner\_work\xpco\xpco\allsolutions\..\mip\platformplugin\videoos.platform\unittest\bin\debug\net6.0-windows\videoos.platform.tests.dll" id="c199ff76-2997-edbd-0462-ba7539f412d3">
      <Execution id="2636e437-411b-4fa0-bbc5-da8fa7c09cf0" />
      <TestMethod codeBase="D:\actions-runner\_work\XPCO\XPCO\AllSolutions\..\MIP\PlatformPlugin\VideoOS.Platform\unittest\bin\Debug\net6.0-windows\VideoOS.Platform.Tests.dll" adapterTypeName="executor://mstestadapter/v2" className="VideoOS.Platform.Tests.Data.MetadataCacheTests" name="GetNearest_ShouldReturnNull_WhenTimestampIsBeforeFirstElement" />
    </UnitTest>
    <UnitTest name="BuildOverlayWidthHeightAnalyticsObjectListRuleList_ShouldReturnCorrectSizedBitmap" storage="d:\actions-runner\_work\xpco\xpco\allsolutions\..\mip\platformplugin\videoos.platform\unittest\bin\debug\net6.0-windows\videoos.platform.tests.dll" id="1d1959e4-073b-7c9d-77de-ed348a6f7141">
      <Execution id="f764ca6d-1a0e-4f54-a13b-3c776caec3ad" />
      <TestMethod codeBase="D:\actions-runner\_work\XPCO\XPCO\AllSolutions\..\MIP\PlatformPlugin\VideoOS.Platform\unittest\bin\Debug\net6.0-windows\VideoOS.Platform.Tests.dll" adapterTypeName="executor://mstestadapter/v2" className="VideoOS.Platform.Tests.Util.AnalyticsOverlayBuilderTests" name="BuildOverlayWidthHeightAnalyticsObjectListRuleList_ShouldReturnCorrectSizedBitmap" />
    </UnitTest>
    <UnitTest name="Parse_blank" storage="d:\actions-runner\_work\xpco\xpco\allsolutions\..\mip\platformplugin\videoos.platform\unittest\bin\debug\net6.0-windows\videoos.platform.tests.dll" id="59316a3f-9716-d88f-df45-82d266fba22e">
      <Execution id="f8f4c3c3-a01a-4206-b2ed-deb08b0405c6" />
      <TestMethod codeBase="D:\actions-runner\_work\XPCO\XPCO\AllSolutions\..\MIP\PlatformPlugin\VideoOS.Platform\unittest\bin\Debug\net6.0-windows\VideoOS.Platform.Tests.dll" adapterTypeName="executor://mstestadapter/v2" className="VideoOS.Platform.Tests.Proxy.RestApi.JsonReaderTests" name="Parse_blank" />
    </UnitTest>
    <UnitTest name="GenerateDeviceCapabilityParameters_ShouldWriteTypeAsData_WhenAlways" storage="d:\actions-runner\_work\xpco\xpco\allsolutions\..\mip\platformplugin\videoos.platform\unittest\bin\debug\net6.0-windows\videoos.platform.tests.dll" id="2da09afd-447a-1927-2e16-59b373bc893e">
      <Execution id="e71a86ba-7afc-44c6-85f5-8f1ee2dca632" />
      <TestMethod codeBase="D:\actions-runner\_work\XPCO\XPCO\AllSolutions\..\MIP\PlatformPlugin\VideoOS.Platform\unittest\bin\Debug\net6.0-windows\VideoOS.Platform.Tests.dll" adapterTypeName="executor://mstestadapter/v2" className="VideoOS.Platform.Tests.Data.DataCapabilityTests" name="GenerateDeviceCapabilityParameters_ShouldWriteTypeAsData_WhenAlways" />
    </UnitTest>
    <UnitTest name="ServerIdWithHttpAsDefault_Construct_Success" storage="d:\actions-runner\_work\xpco\xpco\allsolutions\..\mip\platformplugin\videoos.platform\unittest\bin\debug\net6.0-windows\videoos.platform.tests.dll" id="1b922494-8fe6-7989-fdba-e8485055ed6f">
      <Execution id="7d670f8a-96ae-48d2-a689-6b1e155da1b5" />
      <TestMethod codeBase="D:\actions-runner\_work\XPCO\XPCO\AllSolutions\..\MIP\PlatformPlugin\VideoOS.Platform\unittest\bin\Debug\net6.0-windows\VideoOS.Platform.Tests.dll" adapterTypeName="executor://mstestadapter/v2" className="VideoOS.Platform.Tests.FQIDtests" name="ServerIdWithHttpAsDefault_Construct_Success" />
    </UnitTest>
    <UnitTest name="Apply_ShouldDoNothing_WhenArgumentIsNull" storage="d:\actions-runner\_work\xpco\xpco\allsolutions\..\mip\platformplugin\videoos.platform\unittest\bin\debug\net6.0-windows\videoos.platform.tests.dll" id="9e5ec3f3-397a-9268-e64a-1a2655cbcab4">
      <Execution id="a7ace9b2-06f5-44c4-8f6d-75189a75fc5b" />
      <TestMethod codeBase="D:\actions-runner\_work\XPCO\XPCO\AllSolutions\..\MIP\PlatformPlugin\VideoOS.Platform\unittest\bin\Debug\net6.0-windows\VideoOS.Platform.Tests.dll" adapterTypeName="executor://mstestadapter/v2" className="VideoOS.Platform.Tests.Metadata.DisplayTextTests" name="Apply_ShouldDoNothing_WhenArgumentIsNull" />
    </UnitTest>
    <UnitTest name="ReadXml_ShouldIgnoreScale_WhenScaleIsPresentWithWrongNamespace" storage="d:\actions-runner\_work\xpco\xpco\allsolutions\..\mip\platformplugin\videoos.platform\unittest\bin\debug\net6.0-windows\videoos.platform.tests.dll" id="db7e14ac-31b0-63ea-57a6-f0098c612aa0">
      <Execution id="ea4876a6-0946-46e3-a887-efa7edba2491" />
      <TestMethod codeBase="D:\actions-runner\_work\XPCO\XPCO\AllSolutions\..\MIP\PlatformPlugin\VideoOS.Platform\unittest\bin\Debug\net6.0-windows\VideoOS.Platform.Tests.dll" adapterTypeName="executor://mstestadapter/v2" className="VideoOS.Platform.Tests.Metadata.TransformationTests" name="ReadXml_ShouldIgnoreScale_WhenScaleIsPresentWithWrongNamespace" />
    </UnitTest>
    <UnitTest name="Apply_ShouldMultiplScaleYCoordinatesToTopAndBottomAndScaleXCoordinatesToLeftAndRight_WhenScaleIsNotNull" storage="d:\actions-runner\_work\xpco\xpco\allsolutions\..\mip\platformplugin\videoos.platform\unittest\bin\debug\net6.0-windows\videoos.platform.tests.dll" id="4bb55630-8b3a-5b1a-80b5-da8fceb36d41">
      <Execution id="9ba5d675-f338-43b4-a7b0-e324d48d07b9" />
      <TestMethod codeBase="D:\actions-runner\_work\XPCO\XPCO\AllSolutions\..\MIP\PlatformPlugin\VideoOS.Platform\unittest\bin\Debug\net6.0-windows\VideoOS.Platform.Tests.dll" adapterTypeName="executor://mstestadapter/v2" className="VideoOS.Platform.Tests.Metadata.RectangleTests" name="Apply_ShouldMultiplScaleYCoordinatesToTopAndBottomAndScaleXCoordinatesToLeftAndRight_WhenScaleIsNotNull" />
    </UnitTest>
    <UnitTest name="Serialize_TestCases (TestParentTypeMatchBoolNotThisTypeNotMatched)" storage="d:\actions-runner\_work\xpco\xpco\allsolutions\..\mip\platformplugin\videoos.platform\unittest\bin\debug\net6.0-windows\videoos.platform.tests.dll" id="5c39cc43-bcee-6b6c-03f0-db3e0a8029f7">
      <Execution id="af338fc6-e4a9-423f-ae94-206ec4bae029" />
      <TestMethod codeBase="D:\actions-runner\_work\XPCO\XPCO\AllSolutions\..\MIP\PlatformPlugin\VideoOS.Platform\unittest\bin\Debug\net6.0-windows\VideoOS.Platform.Tests.dll" adapterTypeName="executor://mstestadapter/v2" className="VideoOS.Platform.Tests.UI.Controls.Automation.Serialization.AutomationObjectSerializerTest" name="Serialize_TestCases" />
    </UnitTest>
    <UnitTest name="GetItem_Camera_Success" storage="d:\actions-runner\_work\xpco\xpco\allsolutions\..\mip\platformplugin\videoos.platform\unittest\bin\debug\net6.0-windows\videoos.platform.tests.dll" id="ad47bd46-9837-73d0-5609-780aff02d505">
      <Execution id="94ebc771-be90-4d81-9ed4-11c3d14099a6" />
      <TestMethod codeBase="D:\actions-runner\_work\XPCO\XPCO\AllSolutions\..\MIP\PlatformPlugin\VideoOS.Platform\unittest\bin\Debug\net6.0-windows\VideoOS.Platform.Tests.dll" adapterTypeName="executor://mstestadapter/v2" className="VideoOS.Platform.Tests.Proxy.RestApi.RestApiClientDecoratorTests" name="GetItem_Camera_Success" />
    </UnitTest>
    <UnitTest name="Serialize_TestCases (Verify root Collection (null) property get property value)" storage="d:\actions-runner\_work\xpco\xpco\allsolutions\..\mip\platformplugin\videoos.platform\unittest\bin\debug\net6.0-windows\videoos.platform.tests.dll" id="cd7a6560-e302-692e-ccee-28a759be3533">
      <Execution id="def6f466-c26f-4d06-baa3-c2d14019559f" />
      <TestMethod codeBase="D:\actions-runner\_work\XPCO\XPCO\AllSolutions\..\MIP\PlatformPlugin\VideoOS.Platform\unittest\bin\Debug\net6.0-windows\VideoOS.Platform.Tests.dll" adapterTypeName="executor://mstestadapter/v2" className="VideoOS.Platform.Tests.UI.Controls.Automation.Serialization.AutomationObjectSerializerTest" name="Serialize_TestCases" />
    </UnitTest>
    <UnitTest name="GetHashType_ShouldReturnSHA256_WhenInputIsSHA256" storage="d:\actions-runner\_work\xpco\xpco\allsolutions\..\mip\platformplugin\videoos.platform\unittest\bin\debug\net6.0-windows\videoos.platform.tests.dll" id="2983b511-4ca5-aad7-7122-726ddf02d399">
      <Execution id="d48b1b51-e708-415c-b2a1-12cbb6441ae1" />
      <TestMethod codeBase="D:\actions-runner\_work\XPCO\XPCO\AllSolutions\..\MIP\PlatformPlugin\VideoOS.Platform\unittest\bin\Debug\net6.0-windows\VideoOS.Platform.Tests.dll" adapterTypeName="executor://mstestadapter/v2" className="VideoOS.Platform.Tests.Data.MediaProviderInternal.UtilityTests" name="GetHashType_ShouldReturnSHA256_WhenInputIsSHA256" />
    </UnitTest>
    <UnitTest name="RemoveItem_AnalyticsEvent_Fail_Blank" storage="d:\actions-runner\_work\xpco\xpco\allsolutions\..\mip\platformplugin\videoos.platform\unittest\bin\debug\net6.0-windows\videoos.platform.tests.dll" id="fa0ba56c-3e83-3f1e-d41c-70bf0d206613">
      <Execution id="e8a563fe-888e-4c85-b21d-f58573561f22" />
      <TestMethod codeBase="D:\actions-runner\_work\XPCO\XPCO\AllSolutions\..\MIP\PlatformPlugin\VideoOS.Platform\unittest\bin\Debug\net6.0-windows\VideoOS.Platform.Tests.dll" adapterTypeName="executor://mstestadapter/v2" className="VideoOS.Platform.Tests.Proxy.RestApi.RestApiClientDecoratorTests" name="RemoveItem_AnalyticsEvent_Fail_Blank" />
    </UnitTest>
    <UnitTest name="CountByItems_Activated_Trial_Grace_Missing" storage="d:\actions-runner\_work\xpco\xpco\allsolutions\..\mip\platformplugin\videoos.platform\unittest\bin\debug\net6.0-windows\videoos.platform.tests.dll" id="5e058ca8-2071-8aca-94cf-089b17b5ab0d">
      <Execution id="4cc897e2-5086-4f27-9ef0-5bb9555200f3" />
      <TestMethod codeBase="D:\actions-runner\_work\XPCO\XPCO\AllSolutions\..\MIP\PlatformPlugin\VideoOS.Platform\unittest\bin\Debug\net6.0-windows\VideoOS.Platform.Tests.dll" adapterTypeName="executor://mstestadapter/v2" className="VideoOS.Platform.Tests.License.ResolvedLicenseCountTest" name="CountByItems_Activated_Trial_Grace_Missing" />
    </UnitTest>
    <UnitTest name="MD5Hex32_ShouldReturnMD5Hash_WhenInputIsEmpty" storage="d:\actions-runner\_work\xpco\xpco\allsolutions\..\mip\platformplugin\videoos.platform\unittest\bin\debug\net6.0-windows\videoos.platform.tests.dll" id="3c77e52b-5dd8-dbae-4bf5-a2756b09e775">
      <Execution id="3d01c500-8217-4c1e-abe2-30305028bd4a" />
      <TestMethod codeBase="D:\actions-runner\_work\XPCO\XPCO\AllSolutions\..\MIP\PlatformPlugin\VideoOS.Platform\unittest\bin\Debug\net6.0-windows\VideoOS.Platform.Tests.dll" adapterTypeName="executor://mstestadapter/v2" className="VideoOS.Platform.Tests.Data.MediaProviderInternal.UtilityTests" name="MD5Hex32_ShouldReturnMD5Hash_WhenInputIsEmpty" />
    </UnitTest>
    <UnitTest name="CountByItems_NotActivatedButWithCounter_Missing" storage="d:\actions-runner\_work\xpco\xpco\allsolutions\..\mip\platformplugin\videoos.platform\unittest\bin\debug\net6.0-windows\videoos.platform.tests.dll" id="dadc7e5e-3e0c-da11-a65f-57361b774307">
      <Execution id="e3dbe1c1-bf89-4f6e-ae4f-a7c407279ce6" />
      <TestMethod codeBase="D:\actions-runner\_work\XPCO\XPCO\AllSolutions\..\MIP\PlatformPlugin\VideoOS.Platform\unittest\bin\Debug\net6.0-windows\VideoOS.Platform.Tests.dll" adapterTypeName="executor://mstestadapter/v2" className="VideoOS.Platform.Tests.License.ResolvedLicenseCountTest" name="CountByItems_NotActivatedButWithCounter_Missing" />
    </UnitTest>
    <UnitTest name="ProvideValue_ShouldUseSharedContentTemplate_WhenContentTemplateIsSetOnDropDown" storage="d:\actions-runner\_work\xpco\xpco\allsolutions\..\mip\platformplugin\videoos.platform\unittest\bin\debug\net6.0-windows\videoos.platform.tests.dll" id="86d87531-58b0-c805-e0a3-bb2bb5312580">
      <TestCategory>
        <TestCategoryItem TestCategory="DropDowns" />
      </TestCategory>
      <Execution id="f72abe88-3df3-41e1-ad17-accd50ff7530" />
      <TestMethod codeBase="D:\actions-runner\_work\XPCO\XPCO\AllSolutions\..\MIP\PlatformPlugin\VideoOS.Platform\unittest\bin\Debug\net6.0-windows\VideoOS.Platform.Tests.dll" adapterTypeName="executor://mstestadapter/v2" className="VideoOS.Platform.Tests.UI.Controls.DropDowns.Internal.SelectedItemContentTemplateExtensionTest" name="ProvideValue_ShouldUseSharedContentTemplate_WhenContentTemplateIsSetOnDropDown" />
    </UnitTest>
    <UnitTest name="BuildShapeOverlayWidthHeightAlarm_ShouldReturnCorrectNumberOfShapes_WhenArgumentContainsNoObjectAndRule" storage="d:\actions-runner\_work\xpco\xpco\allsolutions\..\mip\platformplugin\videoos.platform\unittest\bin\debug\net6.0-windows\videoos.platform.tests.dll" id="275ba7bf-a42d-bd91-1c80-5f751e891033">
      <Execution id="a5599365-75e5-49b3-8534-4624c848ddde" />
      <TestMethod codeBase="D:\actions-runner\_work\XPCO\XPCO\AllSolutions\..\MIP\PlatformPlugin\VideoOS.Platform\unittest\bin\Debug\net6.0-windows\VideoOS.Platform.Tests.dll" adapterTypeName="executor://mstestadapter/v2" className="VideoOS.Platform.Tests.Util.AnalyticsOverlayBuilderTests" name="BuildShapeOverlayWidthHeightAlarm_ShouldReturnCorrectNumberOfShapes_WhenArgumentContainsNoObjectAndRule" />
    </UnitTest>
    <UnitTest name="MarkupExtension_ShouldChangeContentTemplate_WhenContentTemplateOnSelectedItemChanges" storage="d:\actions-runner\_work\xpco\xpco\allsolutions\..\mip\platformplugin\videoos.platform\unittest\bin\debug\net6.0-windows\videoos.platform.tests.dll" id="72564ee7-6904-9d2d-9a11-6e408d6771a9">
      <TestCategory>
        <TestCategoryItem TestCategory="DropDowns" />
      </TestCategory>
      <Execution id="78ae290a-30f9-47c0-ab8e-eb6cbb091a5a" />
      <TestMethod codeBase="D:\actions-runner\_work\XPCO\XPCO\AllSolutions\..\MIP\PlatformPlugin\VideoOS.Platform\unittest\bin\Debug\net6.0-windows\VideoOS.Platform.Tests.dll" adapterTypeName="executor://mstestadapter/v2" className="VideoOS.Platform.Tests.UI.Controls.DropDowns.Internal.SelectedItemContentTemplateExtensionTest" name="MarkupExtension_ShouldChangeContentTemplate_WhenContentTemplateOnSelectedItemChanges" />
    </UnitTest>
    <UnitTest name="Append_Element_KeyValueInt" storage="d:\actions-runner\_work\xpco\xpco\allsolutions\..\mip\platformplugin\videoos.platform\unittest\bin\debug\net6.0-windows\videoos.platform.tests.dll" id="62e0da8f-3c56-f977-affd-e0b646a454d7">
      <Execution id="1bb3a77b-1e8f-4fb7-8154-b8ae35d33e4a" />
      <TestMethod codeBase="D:\actions-runner\_work\XPCO\XPCO\AllSolutions\..\MIP\PlatformPlugin\VideoOS.Platform\unittest\bin\Debug\net6.0-windows\VideoOS.Platform.Tests.dll" adapterTypeName="executor://mstestadapter/v2" className="VideoOS.Platform.Tests.Proxy.RestApi.JsonBuilderTests" name="Append_Element_KeyValueInt" />
    </UnitTest>
    <UnitTest name="Minimize_ShouldReturnThreeIntervals_WhenListContainsFiveOverLappingAndNonOverlappingIntervals" storage="d:\actions-runner\_work\xpco\xpco\allsolutions\..\mip\platformplugin\videoos.platform\unittest\bin\debug\net6.0-windows\videoos.platform.tests.dll" id="f10e91e5-2148-35b8-c1cd-83b0c57e538b">
      <Execution id="e356ae76-d3a1-46e7-8a74-3b6c23420a37" />
      <TestMethod codeBase="D:\actions-runner\_work\XPCO\XPCO\AllSolutions\..\MIP\PlatformPlugin\VideoOS.Platform\unittest\bin\Debug\net6.0-windows\VideoOS.Platform.Tests.dll" adapterTypeName="executor://mstestadapter/v2" className="VideoOS.Platform.Tests.Util.TimeIntervalTests" name="Minimize_ShouldReturnThreeIntervals_WhenListContainsFiveOverLappingAndNonOverlappingIntervals" />
    </UnitTest>
    <UnitTest name="WriteXml_ShouldWriteYAttribute_WhenAlays" storage="d:\actions-runner\_work\xpco\xpco\allsolutions\..\mip\platformplugin\videoos.platform\unittest\bin\debug\net6.0-windows\videoos.platform.tests.dll" id="79d8cb70-402c-e7be-4d53-f2c05fb52d5e">
      <Execution id="5ca03a50-f1d6-4f7c-b159-73e9d94488f5" />
      <TestMethod codeBase="D:\actions-runner\_work\XPCO\XPCO\AllSolutions\..\MIP\PlatformPlugin\VideoOS.Platform\unittest\bin\Debug\net6.0-windows\VideoOS.Platform.Tests.dll" adapterTypeName="executor://mstestadapter/v2" className="VideoOS.Platform.Tests.Metadata.VectorTests" name="WriteXml_ShouldWriteYAttribute_WhenAlays" />
    </UnitTest>
    <UnitTest name="VideoAnalytics_ShouldReturnEmptyList_WhenVideoAnalyticsHasNotBeenSet" storage="d:\actions-runner\_work\xpco\xpco\allsolutions\..\mip\platformplugin\videoos.platform\unittest\bin\debug\net6.0-windows\videoos.platform.tests.dll" id="f9a09191-b933-2d00-0d6e-2a80901374f0">
      <Execution id="7cc8f745-5e42-45d3-96f3-4fcf33bfe956" />
      <TestMethod codeBase="D:\actions-runner\_work\XPCO\XPCO\AllSolutions\..\MIP\PlatformPlugin\VideoOS.Platform\unittest\bin\Debug\net6.0-windows\VideoOS.Platform.Tests.dll" adapterTypeName="executor://mstestadapter/v2" className="VideoOS.Platform.Tests.Metadata.MetadataStreamTests" name="VideoAnalytics_ShouldReturnEmptyList_WhenVideoAnalyticsHasNotBeenSet" />
    </UnitTest>
    <UnitTest name="TestStartSearch_MultipleSearchesOnSameDefinition_Success" storage="d:\actions-runner\_work\xpco\xpco\allsolutions\..\mip\platformplugin\videoos.platform\unittest\bin\debug\net6.0-windows\videoos.platform.tests.dll" id="01189ec3-4c33-3643-ad1a-50e739d11dfb">
      <TestCategory>
        <TestCategoryItem TestCategory="Search" />
      </TestCategory>
      <Execution id="3e3b0551-0f48-4570-8872-b1a22bb5a09a" />
      <TestMethod codeBase="D:\actions-runner\_work\XPCO\XPCO\AllSolutions\..\MIP\PlatformPlugin\VideoOS.Platform\unittest\bin\Debug\net6.0-windows\VideoOS.Platform.Tests.dll" adapterTypeName="executor://mstestadapter/v2" className="VideoOS.Platform.Tests.Search.SearchManagerTest" name="TestStartSearch_MultipleSearchesOnSameDefinition_Success" />
    </UnitTest>
    <UnitTest name="ReadXml_ShouldReadType_WhenCorrectTypeIsPresent" storage="d:\actions-runner\_work\xpco\xpco\allsolutions\..\mip\platformplugin\videoos.platform\unittest\bin\debug\net6.0-windows\videoos.platform.tests.dll" id="11a66fc8-e44f-e614-4b59-2054ed6010ca">
      <Execution id="95059e9d-6fed-4524-a43f-b59e5315d60f" />
      <TestMethod codeBase="D:\actions-runner\_work\XPCO\XPCO\AllSolutions\..\MIP\PlatformPlugin\VideoOS.Platform\unittest\bin\Debug\net6.0-windows\VideoOS.Platform.Tests.dll" adapterTypeName="executor://mstestadapter/v2" className="VideoOS.Platform.Tests.Metadata.ClassCandidateTests" name="ReadXml_ShouldReadType_WhenCorrectTypeIsPresent" />
    </UnitTest>
    <UnitTest name="ReadXml_ShouldLogWarningOnlyOnceWithinOneMinute_WhenElementErrorsAreDetected" storage="d:\actions-runner\_work\xpco\xpco\allsolutions\..\mip\platformplugin\videoos.platform\unittest\bin\debug\net6.0-windows\videoos.platform.tests.dll" id="e2323074-11c2-8296-7476-af3cef44bb34">
      <Execution id="9d8bac04-d381-4717-b3e8-01355f4e54c4" />
      <TestMethod codeBase="D:\actions-runner\_work\XPCO\XPCO\AllSolutions\..\MIP\PlatformPlugin\VideoOS.Platform\unittest\bin\Debug\net6.0-windows\VideoOS.Platform.Tests.dll" adapterTypeName="executor://mstestadapter/v2" className="VideoOS.Platform.Tests.Metadata.ClassCandidateTests" name="ReadXml_ShouldLogWarningOnlyOnceWithinOneMinute_WhenElementErrorsAreDetected" />
    </UnitTest>
    <UnitTest name="BuildOverlayWidthHeightBaseEvent_ShouldReturnCorrectSizedBitmap_WhenArgumentIsEventData" storage="d:\actions-runner\_work\xpco\xpco\allsolutions\..\mip\platformplugin\videoos.platform\unittest\bin\debug\net6.0-windows\videoos.platform.tests.dll" id="8f38f84f-ef7b-c71d-fc5d-8932529a4a0f">
      <Execution id="38d90cc9-aa7e-41f1-b61d-e67523a65ad5" />
      <TestMethod codeBase="D:\actions-runner\_work\XPCO\XPCO\AllSolutions\..\MIP\PlatformPlugin\VideoOS.Platform\unittest\bin\Debug\net6.0-windows\VideoOS.Platform.Tests.dll" adapterTypeName="executor://mstestadapter/v2" className="VideoOS.Platform.Tests.Util.AnalyticsOverlayBuilderTests" name="BuildOverlayWidthHeightBaseEvent_ShouldReturnCorrectSizedBitmap_WhenArgumentIsEventData" />
    </UnitTest>
    <UnitTest name="Items_NullChildItem_ItemNotShown" storage="d:\actions-runner\_work\xpco\xpco\allsolutions\..\mip\platformplugin\videoos.platform\unittest\bin\debug\net6.0-windows\videoos.platform.tests.dll" id="1527d9bd-270b-3515-ebaa-bce4928c6e69">
      <Execution id="f4237254-cb15-4956-af5d-e3e6eb35ac0e" />
      <TestMethod codeBase="D:\actions-runner\_work\XPCO\XPCO\AllSolutions\..\MIP\PlatformPlugin\VideoOS.Platform\unittest\bin\Debug\net6.0-windows\VideoOS.Platform.Tests.dll" adapterTypeName="executor://mstestadapter/v2" className="VideoOS.Platform.Tests.UI.ItemPicker.PopulateThreadTest" name="Items_NullChildItem_ItemNotShown" />
    </UnitTest>
    <UnitTest name="ReadXml_ShouldReadObjectIdAttribute_WhenPresent" storage="d:\actions-runner\_work\xpco\xpco\allsolutions\..\mip\platformplugin\videoos.platform\unittest\bin\debug\net6.0-windows\videoos.platform.tests.dll" id="13d7aebd-6cec-2e73-3e91-8e5121f9f1bc">
      <Execution id="c08f3c9a-f01a-4e80-b860-4cbbf2aec0a9" />
      <TestMethod codeBase="D:\actions-runner\_work\XPCO\XPCO\AllSolutions\..\MIP\PlatformPlugin\VideoOS.Platform\unittest\bin\Debug\net6.0-windows\VideoOS.Platform.Tests.dll" adapterTypeName="executor://mstestadapter/v2" className="VideoOS.Platform.Tests.Metadata.OnvifObjectTests" name="ReadXml_ShouldReadObjectIdAttribute_WhenPresent" />
    </UnitTest>
    <UnitTest name="MatchId_Success_MessageWithAsteriskATEnd" storage="d:\actions-runner\_work\xpco\xpco\allsolutions\..\mip\platformplugin\videoos.platform\unittest\bin\debug\net6.0-windows\videoos.platform.tests.dll" id="0209b421-7614-162d-e45d-48fbd126c964">
      <Execution id="c68aaee8-7bce-4feb-bc5c-e01f6f32a934" />
      <TestMethod codeBase="D:\actions-runner\_work\XPCO\XPCO\AllSolutions\..\MIP\PlatformPlugin\VideoOS.Platform\unittest\bin\Debug\net6.0-windows\VideoOS.Platform.Tests.dll" adapterTypeName="executor://mstestadapter/v2" className="VideoOS.Platform.Tests.Messaging.CommunicationIdFilterTests" name="MatchId_Success_MessageWithAsteriskATEnd" />
    </UnitTest>
    <UnitTest name="AllAttributesWerePresent_ShouldReturnFalse_WhenLeftAttributeIsNotAFloat" storage="d:\actions-runner\_work\xpco\xpco\allsolutions\..\mip\platformplugin\videoos.platform\unittest\bin\debug\net6.0-windows\videoos.platform.tests.dll" id="f08cfdea-d0f9-0ea6-0706-b620f15a9fb4">
      <Execution id="bdafb461-8a7f-4341-80bb-87d82250f276" />
      <TestMethod codeBase="D:\actions-runner\_work\XPCO\XPCO\AllSolutions\..\MIP\PlatformPlugin\VideoOS.Platform\unittest\bin\Debug\net6.0-windows\VideoOS.Platform.Tests.dll" adapterTypeName="executor://mstestadapter/v2" className="VideoOS.Platform.Tests.Metadata.RectangleTests" name="AllAttributesWerePresent_ShouldReturnFalse_WhenLeftAttributeIsNotAFloat" />
    </UnitTest>
    <UnitTest name="ReadXml_ShouldSetAllPropertiesToZero_WhenElementIsEmpty" storage="d:\actions-runner\_work\xpco\xpco\allsolutions\..\mip\platformplugin\videoos.platform\unittest\bin\debug\net6.0-windows\videoos.platform.tests.dll" id="d398ef55-2762-6fec-9ad2-1f14cb2a9d60">
      <Execution id="47d10c94-3ada-4a7f-8e90-eabd4dba493b" />
      <TestMethod codeBase="D:\actions-runner\_work\XPCO\XPCO\AllSolutions\..\MIP\PlatformPlugin\VideoOS.Platform\unittest\bin\Debug\net6.0-windows\VideoOS.Platform.Tests.dll" adapterTypeName="executor://mstestadapter/v2" className="VideoOS.Platform.Tests.Metadata.DisplayTextTests" name="ReadXml_ShouldSetAllPropertiesToZero_WhenElementIsEmpty" />
    </UnitTest>
    <UnitTest name="GetItem_ShouldNotReturnItem_WhenOtherAddedFound" storage="d:\actions-runner\_work\xpco\xpco\allsolutions\..\mip\platformplugin\videoos.platform\unittest\bin\debug\net6.0-windows\videoos.platform.tests.dll" id="c2b3a374-d9ca-fe1a-d2bb-dddc9de79775">
      <Execution id="dcf155bf-d598-4f2e-8ad9-b585b97f0f5c" />
      <TestMethod codeBase="D:\actions-runner\_work\XPCO\XPCO\AllSolutions\..\MIP\PlatformPlugin\VideoOS.Platform\unittest\bin\Debug\net6.0-windows\VideoOS.Platform.Tests.dll" adapterTypeName="executor://mstestadapter/v2" className="VideoOS.Platform.Tests.Util.ConfigurationCacheTests" name="GetItem_ShouldNotReturnItem_WhenOtherAddedFound" />
    </UnitTest>
    <UnitTest name="GetNext_ShouldReturnEntryAfterLastReturnedEntry_WhenFindCacheEntryAfterWasCalledAndThereIsANextEntry" storage="d:\actions-runner\_work\xpco\xpco\allsolutions\..\mip\platformplugin\videoos.platform\unittest\bin\debug\net6.0-windows\videoos.platform.tests.dll" id="67a0e7c3-fd99-228f-3717-941a8f61eb9d">
      <Execution id="77dba8ba-f5a9-4651-b37b-855d073188b0" />
      <TestMethod codeBase="D:\actions-runner\_work\XPCO\XPCO\AllSolutions\..\MIP\PlatformPlugin\VideoOS.Platform\unittest\bin\Debug\net6.0-windows\VideoOS.Platform.Tests.dll" adapterTypeName="executor://mstestadapter/v2" className="VideoOS.Platform.Tests.Data.MetadataCacheTests" name="GetNext_ShouldReturnEntryAfterLastReturnedEntry_WhenFindCacheEntryAfterWasCalledAndThereIsANextEntry" />
    </UnitTest>
    <UnitTest name="GetNext_ShouldReturnNull_WhenCacheHasJustBenLoadedWithNewData" storage="d:\actions-runner\_work\xpco\xpco\allsolutions\..\mip\platformplugin\videoos.platform\unittest\bin\debug\net6.0-windows\videoos.platform.tests.dll" id="c4d26256-1744-c2d0-2a14-fe21640d4fe1">
      <Execution id="3e1a4be8-2a2d-4650-82f8-bbf8136eb16d" />
      <TestMethod codeBase="D:\actions-runner\_work\XPCO\XPCO\AllSolutions\..\MIP\PlatformPlugin\VideoOS.Platform\unittest\bin\Debug\net6.0-windows\VideoOS.Platform.Tests.dll" adapterTypeName="executor://mstestadapter/v2" className="VideoOS.Platform.Tests.Data.MetadataCacheTests" name="GetNext_ShouldReturnNull_WhenCacheHasJustBenLoadedWithNewData" />
    </UnitTest>
    <UnitTest name="GetNext_ShouldReturnNull_WhenThereIsNoNextEntryAfterCallToFindCacheEntryAfter" storage="d:\actions-runner\_work\xpco\xpco\allsolutions\..\mip\platformplugin\videoos.platform\unittest\bin\debug\net6.0-windows\videoos.platform.tests.dll" id="40c0286b-652b-f4d2-04b7-183bee4a715e">
      <Execution id="a3ef1a2b-df27-4083-90c2-1a194ec9d208" />
      <TestMethod codeBase="D:\actions-runner\_work\XPCO\XPCO\AllSolutions\..\MIP\PlatformPlugin\VideoOS.Platform\unittest\bin\Debug\net6.0-windows\VideoOS.Platform.Tests.dll" adapterTypeName="executor://mstestadapter/v2" className="VideoOS.Platform.Tests.Data.MetadataCacheTests" name="GetNext_ShouldReturnNull_WhenThereIsNoNextEntryAfterCallToFindCacheEntryAfter" />
    </UnitTest>
    <UnitTest name="WriteXml_ShouldOmitElements_WhenTheyAreNull" storage="d:\actions-runner\_work\xpco\xpco\allsolutions\..\mip\platformplugin\videoos.platform\unittest\bin\debug\net6.0-windows\videoos.platform.tests.dll" id="6b9e5408-4e04-a559-173d-978d8c871a1a">
      <Execution id="30bb9335-a8d4-4bb0-ba3a-9c2e0adc3a9e" />
      <TestMethod codeBase="D:\actions-runner\_work\XPCO\XPCO\AllSolutions\..\MIP\PlatformPlugin\VideoOS.Platform\unittest\bin\Debug\net6.0-windows\VideoOS.Platform.Tests.dll" adapterTypeName="executor://mstestadapter/v2" className="VideoOS.Platform.Tests.Metadata.ShapeTests" name="WriteXml_ShouldOmitElements_WhenTheyAreNull" />
    </UnitTest>
    <UnitTest name="IsEmptyValue_DoubleRangeFilterValue_MinValueAboveMinimum_ReturnsFalse" storage="d:\actions-runner\_work\xpco\xpco\allsolutions\..\mip\platformplugin\videoos.platform\unittest\bin\debug\net6.0-windows\videoos.platform.tests.dll" id="eff4462f-0b3b-bad0-f3bc-88c9334e4c4b">
      <TestCategory>
        <TestCategoryItem TestCategory="Search" />
      </TestCategory>
      <Execution id="43c0dca4-6cd3-4245-918a-da391f3a8d74" />
      <TestMethod codeBase="D:\actions-runner\_work\XPCO\XPCO\AllSolutions\..\MIP\PlatformPlugin\VideoOS.Platform\unittest\bin\Debug\net6.0-windows\VideoOS.Platform.Tests.dll" adapterTypeName="executor://mstestadapter/v2" className="VideoOS.Platform.Tests.Search.SearchFilterTest" name="IsEmptyValue_DoubleRangeFilterValue_MinValueAboveMinimum_ReturnsFalse" />
    </UnitTest>
    <UnitTest name="GetFilterValues_EmptyValueAdded_IncludeEmptyValues_ReturnsValue" storage="d:\actions-runner\_work\xpco\xpco\allsolutions\..\mip\platformplugin\videoos.platform\unittest\bin\debug\net6.0-windows\videoos.platform.tests.dll" id="e5e5bf4a-3b6a-9b6c-ebe0-9c044c226109">
      <TestCategory>
        <TestCategoryItem TestCategory="Search" />
      </TestCategory>
      <Execution id="428c9771-bd8a-4bc5-a64a-ea760209b272" />
      <TestMethod codeBase="D:\actions-runner\_work\XPCO\XPCO\AllSolutions\..\MIP\PlatformPlugin\VideoOS.Platform\unittest\bin\Debug\net6.0-windows\VideoOS.Platform.Tests.dll" adapterTypeName="executor://mstestadapter/v2" className="VideoOS.Platform.Tests.Search.SearchCriteriaTest" name="GetFilterValues_EmptyValueAdded_IncludeEmptyValues_ReturnsValue" />
    </UnitTest>
    <UnitTest name="Parse_Int_Invalid_end" storage="d:\actions-runner\_work\xpco\xpco\allsolutions\..\mip\platformplugin\videoos.platform\unittest\bin\debug\net6.0-windows\videoos.platform.tests.dll" id="3d785457-9ab7-7088-1cc3-dd4fad28665b">
      <Execution id="8342e3fc-35a3-4387-a49d-6afabdc499c0" />
      <TestMethod codeBase="D:\actions-runner\_work\XPCO\XPCO\AllSolutions\..\MIP\PlatformPlugin\VideoOS.Platform\unittest\bin\Debug\net6.0-windows\VideoOS.Platform.Tests.dll" adapterTypeName="executor://mstestadapter/v2" className="VideoOS.Platform.Tests.Proxy.RestApi.JsonReaderTests" name="Parse_Int_Invalid_end" />
    </UnitTest>
    <UnitTest name="GenerateDeviceParameters_ShouldOmitResolution_WhenResolutionIsNull" storage="d:\actions-runner\_work\xpco\xpco\allsolutions\..\mip\platformplugin\videoos.platform\unittest\bin\debug\net6.0-windows\videoos.platform.tests.dll" id="6ff15af4-6fd8-2401-35d9-7aaad2262d48">
      <Execution id="a97060f5-0ee3-42b5-8655-b50dd74a4ae2" />
      <TestMethod codeBase="D:\actions-runner\_work\XPCO\XPCO\AllSolutions\..\MIP\PlatformPlugin\VideoOS.Platform\unittest\bin\Debug\net6.0-windows\VideoOS.Platform.Tests.dll" adapterTypeName="executor://mstestadapter/v2" className="VideoOS.Platform.Tests.Data.CameraDeviceDefinitionTests" name="GenerateDeviceParameters_ShouldOmitResolution_WhenResolutionIsNull" />
    </UnitTest>
    <UnitTest name="ToJson_ListElement_Array" storage="d:\actions-runner\_work\xpco\xpco\allsolutions\..\mip\platformplugin\videoos.platform\unittest\bin\debug\net6.0-windows\videoos.platform.tests.dll" id="c47b0ccb-123e-8cec-2750-cacbc255e2ef">
      <Execution id="771b8c32-2f0e-4bb9-b7e6-317a2a1dddb7" />
      <TestMethod codeBase="D:\actions-runner\_work\XPCO\XPCO\AllSolutions\..\MIP\PlatformPlugin\VideoOS.Platform\unittest\bin\Debug\net6.0-windows\VideoOS.Platform.Tests.dll" adapterTypeName="executor://mstestadapter/v2" className="VideoOS.Platform.Tests.Proxy.RestApi.JsonReaderTests" name="ToJson_ListElement_Array" />
    </UnitTest>
    <UnitTest name="Initialize_Default_Values" storage="d:\actions-runner\_work\xpco\xpco\allsolutions\..\mip\platformplugin\videoos.platform\unittest\bin\debug\net6.0-windows\videoos.platform.tests.dll" id="6a6ed04d-7bec-096f-c4cc-c8e9813f02b3">
      <Execution id="33929743-9b39-46ce-ba2b-e8ac693c468a" />
      <TestMethod codeBase="D:\actions-runner\_work\XPCO\XPCO\AllSolutions\..\MIP\PlatformPlugin\VideoOS.Platform\unittest\bin\Debug\net6.0-windows\VideoOS.Platform.Tests.dll" adapterTypeName="executor://mstestadapter/v2" className="VideoOS.Platform.Tests.UI.ItemPicker.ItemPickerWindowViewModelTest" name="Initialize_Default_Values" />
    </UnitTest>
    <UnitTest name="Constructor_ShouldThrowArgumentNullException_WhenMacAddressIsNull" storage="d:\actions-runner\_work\xpco\xpco\allsolutions\..\mip\platformplugin\videoos.platform\unittest\bin\debug\net6.0-windows\videoos.platform.tests.dll" id="d39f235d-2e7d-3e96-21e3-c8d6d50c5857">
      <Execution id="63f86820-9116-4162-8320-48c3f6fc95b7" />
      <TestMethod codeBase="D:\actions-runner\_work\XPCO\XPCO\AllSolutions\..\MIP\PlatformPlugin\VideoOS.Platform\unittest\bin\Debug\net6.0-windows\VideoOS.Platform.Tests.dll" adapterTypeName="executor://mstestadapter/v2" className="VideoOS.Platform.Tests.Data.HardwareDefinitionTests" name="Constructor_ShouldThrowArgumentNullException_WhenMacAddressIsNull" />
    </UnitTest>
    <UnitTest name="Equals_ShouldReturnTrue_WhenHostIsDottedDecimalLocalhostAndOtherHostIsDottedDecimalThisNetwork" storage="d:\actions-runner\_work\xpco\xpco\allsolutions\..\mip\platformplugin\videoos.platform\unittest\bin\debug\net6.0-windows\videoos.platform.tests.dll" id="308f63bb-ffab-d024-ffbf-d3fa54a43504">
      <Execution id="06b1c0cc-2858-41a5-bbaa-839f521930e6" />
      <TestMethod codeBase="D:\actions-runner\_work\XPCO\XPCO\AllSolutions\..\MIP\PlatformPlugin\VideoOS.Platform\unittest\bin\Debug\net6.0-windows\VideoOS.Platform.Tests.dll" adapterTypeName="executor://mstestadapter/v2" className="VideoOS.Platform.Tests.ServerIdTests" name="Equals_ShouldReturnTrue_WhenHostIsDottedDecimalLocalhostAndOtherHostIsDottedDecimalThisNetwork" />
    </UnitTest>
    <UnitTest name="WriteXml_ShouldWriteUtcTimeAttribute_WhenAlways" storage="d:\actions-runner\_work\xpco\xpco\allsolutions\..\mip\platformplugin\videoos.platform\unittest\bin\debug\net6.0-windows\videoos.platform.tests.dll" id="32e1fb9e-8eb8-101c-f28a-073547e7fa1e">
      <Execution id="962c552d-1371-45d4-831e-b076b1f3466e" />
      <TestMethod codeBase="D:\actions-runner\_work\XPCO\XPCO\AllSolutions\..\MIP\PlatformPlugin\VideoOS.Platform\unittest\bin\Debug\net6.0-windows\VideoOS.Platform.Tests.dll" adapterTypeName="executor://mstestadapter/v2" className="VideoOS.Platform.Tests.Metadata.FrameTests" name="WriteXml_ShouldWriteUtcTimeAttribute_WhenAlways" />
    </UnitTest>
    <UnitTest name="GetParent_NoParent_Check" storage="d:\actions-runner\_work\xpco\xpco\allsolutions\..\mip\platformplugin\videoos.platform\unittest\bin\debug\net6.0-windows\videoos.platform.tests.dll" id="ddb5c0d8-d96d-641b-981f-700b89499855">
      <Execution id="d78759c0-31e0-47ca-99c8-1974a555bcb8" />
      <TestMethod codeBase="D:\actions-runner\_work\XPCO\XPCO\AllSolutions\..\MIP\PlatformPlugin\VideoOS.Platform\unittest\bin\Debug\net6.0-windows\VideoOS.Platform.Tests.dll" adapterTypeName="executor://mstestadapter/v2" className="VideoOS.Platform.Tests.ItemTests" name="GetParent_NoParent_Check" />
    </UnitTest>
    <UnitTest name="CountByItems_Activated_CountByCounter_Grace2" storage="d:\actions-runner\_work\xpco\xpco\allsolutions\..\mip\platformplugin\videoos.platform\unittest\bin\debug\net6.0-windows\videoos.platform.tests.dll" id="4d5586b3-8531-2268-4fb4-39aa8e9235b0">
      <Execution id="6b1de6f5-62ab-40d3-bd60-909b58054e03" />
      <TestMethod codeBase="D:\actions-runner\_work\XPCO\XPCO\AllSolutions\..\MIP\PlatformPlugin\VideoOS.Platform\unittest\bin\Debug\net6.0-windows\VideoOS.Platform.Tests.dll" adapterTypeName="executor://mstestadapter/v2" className="VideoOS.Platform.Tests.License.ResolvedLicenseCountTest" name="CountByItems_Activated_CountByCounter_Grace2" />
    </UnitTest>
    <UnitTest name="Parse_String_Simple" storage="d:\actions-runner\_work\xpco\xpco\allsolutions\..\mip\platformplugin\videoos.platform\unittest\bin\debug\net6.0-windows\videoos.platform.tests.dll" id="3d8a3078-3353-0dd0-9ba2-c2de88eb7008">
      <Execution id="41a281db-28d7-4ee3-a005-16ce5e2c8335" />
      <TestMethod codeBase="D:\actions-runner\_work\XPCO\XPCO\AllSolutions\..\MIP\PlatformPlugin\VideoOS.Platform\unittest\bin\Debug\net6.0-windows\VideoOS.Platform.Tests.dll" adapterTypeName="executor://mstestadapter/v2" className="VideoOS.Platform.Tests.Proxy.RestApi.JsonReaderTests" name="Parse_String_Simple" />
    </UnitTest>
    <UnitTest name="Azimuth_ShouldThrowArgumentOfRange_WhenValueIsOutsideAcceptedRange" storage="d:\actions-runner\_work\xpco\xpco\allsolutions\..\mip\platformplugin\videoos.platform\unittest\bin\debug\net6.0-windows\videoos.platform.tests.dll" id="78d59ed4-95ad-480d-6b34-b1db04166f61">
      <Execution id="7780f495-9ab7-4007-9c49-1cd46c11b30a" />
      <TestMethod codeBase="D:\actions-runner\_work\XPCO\XPCO\AllSolutions\..\MIP\PlatformPlugin\VideoOS.Platform\unittest\bin\Debug\net6.0-windows\VideoOS.Platform.Tests.dll" adapterTypeName="executor://mstestadapter/v2" className="VideoOS.Platform.Tests.Metadata.NavigationalDataTests" name="Azimuth_ShouldThrowArgumentOfRange_WhenValueIsOutsideAcceptedRange" />
    </UnitTest>
    <UnitTest name="Serialize_Deserialize_WithSpecialChars2" storage="d:\actions-runner\_work\xpco\xpco\allsolutions\..\mip\platformplugin\videoos.platform\unittest\bin\debug\net6.0-windows\videoos.platform.tests.dll" id="e93f2b21-5e31-59e0-249b-2d22eb67c653">
      <Execution id="e9161d6b-8f33-4455-b2d3-fcd397fc79f9" />
      <TestMethod codeBase="D:\actions-runner\_work\XPCO\XPCO\AllSolutions\..\MIP\PlatformPlugin\VideoOS.Platform\unittest\bin\Debug\net6.0-windows\VideoOS.Platform.Tests.dll" adapterTypeName="executor://mstestadapter/v2" className="VideoOS.Platform.Tests.ItemTests" name="Serialize_Deserialize_WithSpecialChars2" />
    </UnitTest>
    <UnitTest name="Construct3_And_Field_Check" storage="d:\actions-runner\_work\xpco\xpco\allsolutions\..\mip\platformplugin\videoos.platform\unittest\bin\debug\net6.0-windows\videoos.platform.tests.dll" id="6e4090e6-94bd-7c50-aeb3-2559b9307fcd">
      <Execution id="72965c7d-ed75-4ec4-86e6-4829903481af" />
      <TestMethod codeBase="D:\actions-runner\_work\XPCO\XPCO\AllSolutions\..\MIP\PlatformPlugin\VideoOS.Platform\unittest\bin\Debug\net6.0-windows\VideoOS.Platform.Tests.dll" adapterTypeName="executor://mstestadapter/v2" className="VideoOS.Platform.Tests.ItemTests" name="Construct3_And_Field_Check" />
    </UnitTest>
    <UnitTest name="Append_Ignored_For_Empty_Values" storage="d:\actions-runner\_work\xpco\xpco\allsolutions\..\mip\platformplugin\videoos.platform\unittest\bin\debug\net6.0-windows\videoos.platform.tests.dll" id="7e0a73d2-6a35-69c0-258f-1a39ba55eac2">
      <Execution id="1436f94f-d50d-4188-8eeb-5bfa35446765" />
      <TestMethod codeBase="D:\actions-runner\_work\XPCO\XPCO\AllSolutions\..\MIP\PlatformPlugin\VideoOS.Platform\unittest\bin\Debug\net6.0-windows\VideoOS.Platform.Tests.dll" adapterTypeName="executor://mstestadapter/v2" className="VideoOS.Platform.Tests.Proxy.RestApi.JsonBuilderTests" name="Append_Ignored_For_Empty_Values" />
    </UnitTest>
    <UnitTest name="ReadXml_ShouldIgnoreTransformation_WhenTransformationIsPresenWithWrongNamespace" storage="d:\actions-runner\_work\xpco\xpco\allsolutions\..\mip\platformplugin\videoos.platform\unittest\bin\debug\net6.0-windows\videoos.platform.tests.dll" id="4b5c9b24-d906-a00f-3905-ed5f0c9f240a">
      <Execution id="28e63816-ed8e-4abe-90fa-ffc93483f4da" />
      <TestMethod codeBase="D:\actions-runner\_work\XPCO\XPCO\AllSolutions\..\MIP\PlatformPlugin\VideoOS.Platform\unittest\bin\Debug\net6.0-windows\VideoOS.Platform.Tests.dll" adapterTypeName="executor://mstestadapter/v2" className="VideoOS.Platform.Tests.Metadata.AppearanceTests" name="ReadXml_ShouldIgnoreTransformation_WhenTransformationIsPresenWithWrongNamespace" />
    </UnitTest>
    <UnitTest name="WriteXml_ShouldWriteBoldAttribute_WhenSet" storage="d:\actions-runner\_work\xpco\xpco\allsolutions\..\mip\platformplugin\videoos.platform\unittest\bin\debug\net6.0-windows\videoos.platform.tests.dll" id="a8162811-15bd-d3de-ec39-97d82066ae3d">
      <Execution id="7924dac1-363d-4c49-8895-40d917f3eb9e" />
      <TestMethod codeBase="D:\actions-runner\_work\XPCO\XPCO\AllSolutions\..\MIP\PlatformPlugin\VideoOS.Platform\unittest\bin\Debug\net6.0-windows\VideoOS.Platform.Tests.dll" adapterTypeName="executor://mstestadapter/v2" className="VideoOS.Platform.Tests.Metadata.DisplayTextTests" name="WriteXml_ShouldWriteBoldAttribute_WhenSet" />
    </UnitTest>
    <UnitTest name="Serialize_ShouldHandleSelfReferencingWithCollection" storage="d:\actions-runner\_work\xpco\xpco\allsolutions\..\mip\platformplugin\videoos.platform\unittest\bin\debug\net6.0-windows\videoos.platform.tests.dll" id="f3d705dd-7bc5-3c67-615c-4a5792f645ee">
      <Execution id="15bfc6a2-240c-4d68-aa00-f3faa59ad8cf" />
      <TestMethod codeBase="D:\actions-runner\_work\XPCO\XPCO\AllSolutions\..\MIP\PlatformPlugin\VideoOS.Platform\unittest\bin\Debug\net6.0-windows\VideoOS.Platform.Tests.dll" adapterTypeName="executor://mstestadapter/v2" className="VideoOS.Platform.Tests.UI.Controls.Automation.Serialization.AutomationObjectSerializerSelfReferencingTests" name="Serialize_ShouldHandleSelfReferencingWithCollection" />
    </UnitTest>
    <UnitTest name="ProvideValue_ShouldUseContentTemplateFromTabControl_WhenItemContentTemplateIsCleared" storage="d:\actions-runner\_work\xpco\xpco\allsolutions\..\mip\platformplugin\videoos.platform\unittest\bin\debug\net6.0-windows\videoos.platform.tests.dll" id="6ce95987-243b-a23d-9b97-d2e2f2ba466c">
      <TestCategory>
        <TestCategoryItem TestCategory="TabControls" />
      </TestCategory>
      <Execution id="54540978-0032-41c4-94a2-c708459d3653" />
      <TestMethod codeBase="D:\actions-runner\_work\XPCO\XPCO\AllSolutions\..\MIP\PlatformPlugin\VideoOS.Platform\unittest\bin\Debug\net6.0-windows\VideoOS.Platform.Tests.dll" adapterTypeName="executor://mstestadapter/v2" className="VideoOS.Platform.Tests.UI.Controls.TabControls.Internal.Primary.ItemContentTemplateExtensionTest" name="ProvideValue_ShouldUseContentTemplateFromTabControl_WhenItemContentTemplateIsCleared" />
    </UnitTest>
    <UnitTest name="GetPrevious_ShouldReturnPreviousDataInCache_WhenDataIsCached" storage="d:\actions-runner\_work\xpco\xpco\allsolutions\..\mip\platformplugin\videoos.platform\unittest\bin\debug\net6.0-windows\videoos.platform.tests.dll" id="edfa9ac1-af92-8fad-09f0-213c59a511c9">
      <Execution id="7403f606-5946-45dc-8afe-a6bb472915d1" />
      <TestMethod codeBase="D:\actions-runner\_work\XPCO\XPCO\AllSolutions\..\MIP\PlatformPlugin\VideoOS.Platform\unittest\bin\Debug\net6.0-windows\VideoOS.Platform.Tests.dll" adapterTypeName="executor://mstestadapter/v2" className="VideoOS.Platform.Tests.Data.MetadataPlaybackSourceTests" name="GetPrevious_ShouldReturnPreviousDataInCache_WhenDataIsCached" />
    </UnitTest>
    <UnitTest name="ReadXml_ShouldReadFrameContents_WhenFrameIsPresent" storage="d:\actions-runner\_work\xpco\xpco\allsolutions\..\mip\platformplugin\videoos.platform\unittest\bin\debug\net6.0-windows\videoos.platform.tests.dll" id="da6b7e5c-6d35-dc61-721a-7a973091e15b">
      <Execution id="adf7e654-502d-49f5-adf0-aaf3cae6d207" />
      <TestMethod codeBase="D:\actions-runner\_work\XPCO\XPCO\AllSolutions\..\MIP\PlatformPlugin\VideoOS.Platform\unittest\bin\Debug\net6.0-windows\VideoOS.Platform.Tests.dll" adapterTypeName="executor://mstestadapter/v2" className="VideoOS.Platform.Tests.Metadata.VideoAnalyticsTests" name="ReadXml_ShouldReadFrameContents_WhenFrameIsPresent" />
    </UnitTest>
    <UnitTest name="IsEmptyValue_DoubleRangeFilterValue_HighValueBelowMaximum_ReturnsFalse" storage="d:\actions-runner\_work\xpco\xpco\allsolutions\..\mip\platformplugin\videoos.platform\unittest\bin\debug\net6.0-windows\videoos.platform.tests.dll" id="47ea98ad-fc0c-d34c-cfce-7d3c08a15e8d">
      <TestCategory>
        <TestCategoryItem TestCategory="Search" />
      </TestCategory>
      <Execution id="b534b32f-9aa7-4d65-8d70-cbf4923383e2" />
      <TestMethod codeBase="D:\actions-runner\_work\XPCO\XPCO\AllSolutions\..\MIP\PlatformPlugin\VideoOS.Platform\unittest\bin\Debug\net6.0-windows\VideoOS.Platform.Tests.dll" adapterTypeName="executor://mstestadapter/v2" className="VideoOS.Platform.Tests.Search.SearchFilterTest" name="IsEmptyValue_DoubleRangeFilterValue_HighValueBelowMaximum_ReturnsFalse" />
    </UnitTest>
    <UnitTest name="WriteMetadataXmlWithStream_ShouldNotIncludeByteOrderMarker_WhenAlways" storage="d:\actions-runner\_work\xpco\xpco\allsolutions\..\mip\platformplugin\videoos.platform\unittest\bin\debug\net6.0-windows\videoos.platform.tests.dll" id="372ab51f-8789-4af1-a4f9-77f4920b1bde">
      <Execution id="50accb8b-ec12-4c18-b271-5a205e51976b" />
      <TestMethod codeBase="D:\actions-runner\_work\XPCO\XPCO\AllSolutions\..\MIP\PlatformPlugin\VideoOS.Platform\unittest\bin\Debug\net6.0-windows\VideoOS.Platform.Tests.dll" adapterTypeName="executor://mstestadapter/v2" className="VideoOS.Platform.Tests.Metadata.MetadataSerializerTests" name="WriteMetadataXmlWithStream_ShouldNotIncludeByteOrderMarker_WhenAlways" />
    </UnitTest>
    <UnitTest name="GetPopulatedItems_HasChildren_ChildrenAdded" storage="d:\actions-runner\_work\xpco\xpco\allsolutions\..\mip\platformplugin\videoos.platform\unittest\bin\debug\net6.0-windows\videoos.platform.tests.dll" id="ce7e30df-0543-6938-fae8-53fc40762640">
      <Execution id="2941e3d9-2fe1-4e2e-83e1-1651d5325005" />
      <TestMethod codeBase="D:\actions-runner\_work\XPCO\XPCO\AllSolutions\..\MIP\PlatformPlugin\VideoOS.Platform\unittest\bin\Debug\net6.0-windows\VideoOS.Platform.Tests.dll" adapterTypeName="executor://mstestadapter/v2" className="VideoOS.Platform.Tests.UI.ItemPicker.PopulateThreadTest" name="GetPopulatedItems_HasChildren_ChildrenAdded" />
    </UnitTest>
    <UnitTest name="GetMetadataStream_ShouldReturnMetadataStream_WhenByteArrayContainsValidXml" storage="d:\actions-runner\_work\xpco\xpco\allsolutions\..\mip\platformplugin\videoos.platform\unittest\bin\debug\net6.0-windows\videoos.platform.tests.dll" id="eefc51b9-5382-2aee-c4ce-08acd9cc49de">
      <Execution id="e2921475-d165-4732-aa76-eb2c7b1a0103" />
      <TestMethod codeBase="D:\actions-runner\_work\XPCO\XPCO\AllSolutions\..\MIP\PlatformPlugin\VideoOS.Platform\unittest\bin\Debug\net6.0-windows\VideoOS.Platform.Tests.dll" adapterTypeName="executor://mstestadapter/v2" className="VideoOS.Platform.Tests.Metadata.MetadataContentTests" name="GetMetadataStream_ShouldReturnMetadataStream_WhenByteArrayContainsValidXml" />
    </UnitTest>
    <UnitTest name="UtcTime_ShouldReturnMinimumDateTime_WhenNotSet" storage="d:\actions-runner\_work\xpco\xpco\allsolutions\..\mip\platformplugin\videoos.platform\unittest\bin\debug\net6.0-windows\videoos.platform.tests.dll" id="f42b2340-e96d-0e55-ec7c-6d27b290f74e">
      <Execution id="fc6e4675-0303-41dc-ae49-4114882025b8" />
      <TestMethod codeBase="D:\actions-runner\_work\XPCO\XPCO\AllSolutions\..\MIP\PlatformPlugin\VideoOS.Platform\unittest\bin\Debug\net6.0-windows\VideoOS.Platform.Tests.dll" adapterTypeName="executor://mstestadapter/v2" className="VideoOS.Platform.Tests.Metadata.FrameTests" name="UtcTime_ShouldReturnMinimumDateTime_WhenNotSet" />
    </UnitTest>
    <UnitTest name="GetPreviousDateTime_ShouldReturnLastDataEntityFromToolkit_WhenDataIsNotCached" storage="d:\actions-runner\_work\xpco\xpco\allsolutions\..\mip\platformplugin\videoos.platform\unittest\bin\debug\net6.0-windows\videoos.platform.tests.dll" id="e8ac92b2-fcd9-2dc0-f713-3c2cf3bb77c1">
      <Execution id="fe066736-2803-4b41-a9e2-fbc5c3a16bdb" />
      <TestMethod codeBase="D:\actions-runner\_work\XPCO\XPCO\AllSolutions\..\MIP\PlatformPlugin\VideoOS.Platform\unittest\bin\Debug\net6.0-windows\VideoOS.Platform.Tests.dll" adapterTypeName="executor://mstestadapter/v2" className="VideoOS.Platform.Tests.Data.MetadataPlaybackSourceTests" name="GetPreviousDateTime_ShouldReturnLastDataEntityFromToolkit_WhenDataIsNotCached" />
    </UnitTest>
    <UnitTest name="GenerateParameters_ShouldThrowInvalidOperationException_WhenThereAreMoreThanOneCameraDevice" storage="d:\actions-runner\_work\xpco\xpco\allsolutions\..\mip\platformplugin\videoos.platform\unittest\bin\debug\net6.0-windows\videoos.platform.tests.dll" id="e7a315f9-584b-e4f3-8469-ce4f80c3387c">
      <Execution id="c906eab2-cdf4-49f0-831c-45e4a7f9b96d" />
      <TestMethod codeBase="D:\actions-runner\_work\XPCO\XPCO\AllSolutions\..\MIP\PlatformPlugin\VideoOS.Platform\unittest\bin\Debug\net6.0-windows\VideoOS.Platform.Tests.dll" adapterTypeName="executor://mstestadapter/v2" className="VideoOS.Platform.Tests.Data.HardwareDefinitionTests" name="GenerateParameters_ShouldThrowInvalidOperationException_WhenThereAreMoreThanOneCameraDevice" />
    </UnitTest>
    <UnitTest name="Match_Fail_NullType_WrongType_Single" storage="d:\actions-runner\_work\xpco\xpco\allsolutions\..\mip\platformplugin\videoos.platform\unittest\bin\debug\net6.0-windows\videoos.platform.tests.dll" id="d024cbbc-cd6e-1273-02ea-1e58d1fbe142">
      <Execution id="6e7cf84b-d7ef-4877-8828-5d7fb6fdfd75" />
      <TestMethod codeBase="D:\actions-runner\_work\XPCO\XPCO\AllSolutions\..\MIP\PlatformPlugin\VideoOS.Platform\unittest\bin\Debug\net6.0-windows\VideoOS.Platform.Tests.dll" adapterTypeName="executor://mstestadapter/v2" className="VideoOS.Platform.Tests.Messaging.CommunicationIdFilterTests" name="Match_Fail_NullType_WrongType_Single" />
    </UnitTest>
    <UnitTest name="GenerateParameters_ShouldWriteFirmware_WhenFirmwareIsNotNull" storage="d:\actions-runner\_work\xpco\xpco\allsolutions\..\mip\platformplugin\videoos.platform\unittest\bin\debug\net6.0-windows\videoos.platform.tests.dll" id="4e41d746-7d06-c195-c083-479d6448ab5b">
      <Execution id="21d58420-3114-4914-8968-1b4377f7d135" />
      <TestMethod codeBase="D:\actions-runner\_work\XPCO\XPCO\AllSolutions\..\MIP\PlatformPlugin\VideoOS.Platform\unittest\bin\Debug\net6.0-windows\VideoOS.Platform.Tests.dll" adapterTypeName="executor://mstestadapter/v2" className="VideoOS.Platform.Tests.Data.HardwareDefinitionTests" name="GenerateParameters_ShouldWriteFirmware_WhenFirmwareIsNotNull" />
    </UnitTest>
    <UnitTest name="GenerateParameters_ShouldWriteNumberOfCameraDevicesAsNumVideoCh_WhenAlways" storage="d:\actions-runner\_work\xpco\xpco\allsolutions\..\mip\platformplugin\videoos.platform\unittest\bin\debug\net6.0-windows\videoos.platform.tests.dll" id="cc8e9b7e-62a1-d82e-3e31-af5cf935c88a">
      <Execution id="14ed6f09-8483-4d6c-8c85-b1f1d2e55c3d" />
      <TestMethod codeBase="D:\actions-runner\_work\XPCO\XPCO\AllSolutions\..\MIP\PlatformPlugin\VideoOS.Platform\unittest\bin\Debug\net6.0-windows\VideoOS.Platform.Tests.dll" adapterTypeName="executor://mstestadapter/v2" className="VideoOS.Platform.Tests.Data.HardwareDefinitionTests" name="GenerateParameters_ShouldWriteNumberOfCameraDevicesAsNumVideoCh_WhenAlways" />
    </UnitTest>
    <UnitTest name="HasExtensionDataPresent_ShouldReturnFalse_WhenExtensionDataIsNotPresent" storage="d:\actions-runner\_work\xpco\xpco\allsolutions\..\mip\platformplugin\videoos.platform\unittest\bin\debug\net6.0-windows\videoos.platform.tests.dll" id="93f61c3c-6b1e-d1b6-89d6-3a1bfa5e90ba">
      <Execution id="40e6041a-5eda-41c5-93ac-17b2921b788d" />
      <TestMethod codeBase="D:\actions-runner\_work\XPCO\XPCO\AllSolutions\..\MIP\PlatformPlugin\VideoOS.Platform\unittest\bin\Debug\net6.0-windows\VideoOS.Platform.Tests.dll" adapterTypeName="executor://mstestadapter/v2" className="VideoOS.Platform.Tests.Metadata.RectangleTests" name="HasExtensionDataPresent_ShouldReturnFalse_WhenExtensionDataIsNotPresent" />
    </UnitTest>
    <UnitTest name="TestSearchFilterCategories_WithOneAgentReturnsNull_Success" storage="d:\actions-runner\_work\xpco\xpco\allsolutions\..\mip\platformplugin\videoos.platform\unittest\bin\debug\net6.0-windows\videoos.platform.tests.dll" id="39259e78-217a-ffb2-6d1b-008e44172920">
      <TestCategory>
        <TestCategoryItem TestCategory="Search" />
      </TestCategory>
      <Execution id="51c18284-5177-4901-8c94-7a4b925ac9e3" />
      <TestMethod codeBase="D:\actions-runner\_work\XPCO\XPCO\AllSolutions\..\MIP\PlatformPlugin\VideoOS.Platform\unittest\bin\Debug\net6.0-windows\VideoOS.Platform.Tests.dll" adapterTypeName="executor://mstestadapter/v2" className="VideoOS.Platform.Tests.Search.SearchManagerTest" name="TestSearchFilterCategories_WithOneAgentReturnsNull_Success" />
    </UnitTest>
    <UnitTest name="WriteXml_ShouldWriteColorAttribute_WhenPresent" storage="d:\actions-runner\_work\xpco\xpco\allsolutions\..\mip\platformplugin\videoos.platform\unittest\bin\debug\net6.0-windows\videoos.platform.tests.dll" id="a68e6a6e-4209-2d96-e42e-fdfc6deeba69">
      <Execution id="36cbd82c-4d6b-4b07-bcb4-eb73b56f6615" />
      <TestMethod codeBase="D:\actions-runner\_work\XPCO\XPCO\AllSolutions\..\MIP\PlatformPlugin\VideoOS.Platform\unittest\bin\Debug\net6.0-windows\VideoOS.Platform.Tests.dll" adapterTypeName="executor://mstestadapter/v2" className="VideoOS.Platform.Tests.Metadata.DisplayTextTests" name="WriteXml_ShouldWriteColorAttribute_WhenPresent" />
    </UnitTest>
    <UnitTest name="WriteXml_ShouldOmitElements_WhenDataIsNotPresent" storage="d:\actions-runner\_work\xpco\xpco\allsolutions\..\mip\platformplugin\videoos.platform\unittest\bin\debug\net6.0-windows\videoos.platform.tests.dll" id="b88c7a93-5167-689b-3a6b-7ed6795729e1">
      <Execution id="1216ab00-5041-4c70-b4ff-ab4c5fa7e53d" />
      <TestMethod codeBase="D:\actions-runner\_work\XPCO\XPCO\AllSolutions\..\MIP\PlatformPlugin\VideoOS.Platform\unittest\bin\Debug\net6.0-windows\VideoOS.Platform.Tests.dll" adapterTypeName="executor://mstestadapter/v2" className="VideoOS.Platform.Tests.Metadata.MetadataStreamTests" name="WriteXml_ShouldOmitElements_WhenDataIsNotPresent" />
    </UnitTest>
    <UnitTest name="TestStartSearch_NullDefinitions_Failure" storage="d:\actions-runner\_work\xpco\xpco\allsolutions\..\mip\platformplugin\videoos.platform\unittest\bin\debug\net6.0-windows\videoos.platform.tests.dll" id="03a83ade-8d54-5619-5fb4-492194211717">
      <TestCategory>
        <TestCategoryItem TestCategory="Search" />
      </TestCategory>
      <Execution id="f9fb93cf-aea6-41d1-876c-f3589d485f57" />
      <TestMethod codeBase="D:\actions-runner\_work\XPCO\XPCO\AllSolutions\..\MIP\PlatformPlugin\VideoOS.Platform\unittest\bin\Debug\net6.0-windows\VideoOS.Platform.Tests.dll" adapterTypeName="executor://mstestadapter/v2" className="VideoOS.Platform.Tests.Search.SearchManagerTest" name="TestStartSearch_NullDefinitions_Failure" />
    </UnitTest>
    <UnitTest name="Serialize_TestCases (Verify root String (not null) property)" storage="d:\actions-runner\_work\xpco\xpco\allsolutions\..\mip\platformplugin\videoos.platform\unittest\bin\debug\net6.0-windows\videoos.platform.tests.dll" id="a9799ecd-0497-10f5-66d2-b0667b4dc9d2">
      <Execution id="5ab5a463-347b-47bc-a98b-848175a2e725" />
      <TestMethod codeBase="D:\actions-runner\_work\XPCO\XPCO\AllSolutions\..\MIP\PlatformPlugin\VideoOS.Platform\unittest\bin\Debug\net6.0-windows\VideoOS.Platform.Tests.dll" adapterTypeName="executor://mstestadapter/v2" className="VideoOS.Platform.Tests.UI.Controls.Automation.Serialization.AutomationObjectSerializerTest" name="Serialize_TestCases" />
    </UnitTest>
    <UnitTest name="Constructor_ShouldThrowArgumentxception_WhenItemIsNotAMetadataDevice" storage="d:\actions-runner\_work\xpco\xpco\allsolutions\..\mip\platformplugin\videoos.platform\unittest\bin\debug\net6.0-windows\videoos.platform.tests.dll" id="d6cb1369-2679-afac-cddc-39c82a30eafa">
      <Execution id="77ae9841-fcf1-4a26-9a96-6bd2a929765a" />
      <TestMethod codeBase="D:\actions-runner\_work\XPCO\XPCO\AllSolutions\..\MIP\PlatformPlugin\VideoOS.Platform\unittest\bin\Debug\net6.0-windows\VideoOS.Platform.Tests.dll" adapterTypeName="executor://mstestadapter/v2" className="VideoOS.Platform.Tests.Data.MetadataPlaybackSourceTests" name="Constructor_ShouldThrowArgumentxception_WhenItemIsNotAMetadataDevice" />
    </UnitTest>
    <UnitTest name="Add_ShouldNotUpdateStartCache_WhenOldStartTimeIsEarlierThanAdded" storage="d:\actions-runner\_work\xpco\xpco\allsolutions\..\mip\platformplugin\videoos.platform\unittest\bin\debug\net6.0-windows\videoos.platform.tests.dll" id="e251df90-29be-3bce-586f-107c221e43b7">
      <Execution id="b5a9896a-7a10-46fe-a9ff-ef4dd446310b" />
      <TestMethod codeBase="D:\actions-runner\_work\XPCO\XPCO\AllSolutions\..\MIP\PlatformPlugin\VideoOS.Platform\unittest\bin\Debug\net6.0-windows\VideoOS.Platform.Tests.dll" adapterTypeName="executor://mstestadapter/v2" className="VideoOS.Platform.Tests.Client.SequenceCacheTests" name="Add_ShouldNotUpdateStartCache_WhenOldStartTimeIsEarlierThanAdded" />
    </UnitTest>
    <UnitTest name="Serialize_ShouldHandleCollectionFilter_WhenMatchingCollectionItemsTypeAndItMatchesNone" storage="d:\actions-runner\_work\xpco\xpco\allsolutions\..\mip\platformplugin\videoos.platform\unittest\bin\debug\net6.0-windows\videoos.platform.tests.dll" id="8938eaaa-10f4-1d84-a810-d332ab0c7421">
      <Execution id="aa68e65a-5241-48a4-97be-b7c18f33e40c" />
      <TestMethod codeBase="D:\actions-runner\_work\XPCO\XPCO\AllSolutions\..\MIP\PlatformPlugin\VideoOS.Platform\unittest\bin\Debug\net6.0-windows\VideoOS.Platform.Tests.dll" adapterTypeName="executor://mstestadapter/v2" className="VideoOS.Platform.Tests.UI.Controls.Automation.Serialization.AutomationObjectSerializerTypeFilterTests" name="Serialize_ShouldHandleCollectionFilter_WhenMatchingCollectionItemsTypeAndItMatchesNone" />
    </UnitTest>
    <UnitTest name="ReadXml_ShouldIgnoreUnknownChildren_WhenUnknownChildrenArePresent" storage="d:\actions-runner\_work\xpco\xpco\allsolutions\..\mip\platformplugin\videoos.platform\unittest\bin\debug\net6.0-windows\videoos.platform.tests.dll" id="ee341f6d-4feb-cbd8-824e-87dfe9d62513">
      <Execution id="0a863609-b5bf-466c-8a4d-334eb8481dd7" />
      <TestMethod codeBase="D:\actions-runner\_work\XPCO\XPCO\AllSolutions\..\MIP\PlatformPlugin\VideoOS.Platform\unittest\bin\Debug\net6.0-windows\VideoOS.Platform.Tests.dll" adapterTypeName="executor://mstestadapter/v2" className="VideoOS.Platform.Tests.Metadata.MetadataStreamTests" name="ReadXml_ShouldIgnoreUnknownChildren_WhenUnknownChildrenArePresent" />
    </UnitTest>
    <UnitTest name="Serialize_TestCases (TestParentTypeMatchDoubleNotThisTypeMatched)" storage="d:\actions-runner\_work\xpco\xpco\allsolutions\..\mip\platformplugin\videoos.platform\unittest\bin\debug\net6.0-windows\videoos.platform.tests.dll" id="b2084567-8ae7-460a-7a14-d46cd175ecb8">
      <Execution id="f331488d-e12c-4e8e-bc6b-78374efc09c4" />
      <TestMethod codeBase="D:\actions-runner\_work\XPCO\XPCO\AllSolutions\..\MIP\PlatformPlugin\VideoOS.Platform\unittest\bin\Debug\net6.0-windows\VideoOS.Platform.Tests.dll" adapterTypeName="executor://mstestadapter/v2" className="VideoOS.Platform.Tests.UI.Controls.Automation.Serialization.AutomationObjectSerializerTest" name="Serialize_TestCases" />
    </UnitTest>
    <UnitTest name="ReadXml_ShouldIgnoreTranslate_WhenTranslateIsPresentWithWrongNamespace" storage="d:\actions-runner\_work\xpco\xpco\allsolutions\..\mip\platformplugin\videoos.platform\unittest\bin\debug\net6.0-windows\videoos.platform.tests.dll" id="f278ce31-b96d-473d-9186-28e37d813604">
      <Execution id="4442f3d8-c61f-42a7-a500-831e192406c9" />
      <TestMethod codeBase="D:\actions-runner\_work\XPCO\XPCO\AllSolutions\..\MIP\PlatformPlugin\VideoOS.Platform\unittest\bin\Debug\net6.0-windows\VideoOS.Platform.Tests.dll" adapterTypeName="executor://mstestadapter/v2" className="VideoOS.Platform.Tests.Metadata.TransformationTests" name="ReadXml_ShouldIgnoreTranslate_WhenTranslateIsPresentWithWrongNamespace" />
    </UnitTest>
    <UnitTest name="Serialize_TestCases (Verify root Object (null) property get property value)" storage="d:\actions-runner\_work\xpco\xpco\allsolutions\..\mip\platformplugin\videoos.platform\unittest\bin\debug\net6.0-windows\videoos.platform.tests.dll" id="976b8c92-7e7b-e3a1-3453-2a2b85e725d2">
      <Execution id="59398f9f-eb04-4260-acbf-64a8e0d79994" />
      <TestMethod codeBase="D:\actions-runner\_work\XPCO\XPCO\AllSolutions\..\MIP\PlatformPlugin\VideoOS.Platform\unittest\bin\Debug\net6.0-windows\VideoOS.Platform.Tests.dll" adapterTypeName="executor://mstestadapter/v2" className="VideoOS.Platform.Tests.UI.Controls.Automation.Serialization.AutomationObjectSerializerTest" name="Serialize_TestCases" />
    </UnitTest>
    <UnitTest name="WriteXml_ShouldWriteElementsInCorrectOrder_WhenThereAreElements" storage="d:\actions-runner\_work\xpco\xpco\allsolutions\..\mip\platformplugin\videoos.platform\unittest\bin\debug\net6.0-windows\videoos.platform.tests.dll" id="ba5d0a4c-06cb-f46b-47c1-8da0bac9ec51">
      <Execution id="77921d5f-2af2-4726-a66e-4ee0e190eb7c" />
      <TestMethod codeBase="D:\actions-runner\_work\XPCO\XPCO\AllSolutions\..\MIP\PlatformPlugin\VideoOS.Platform\unittest\bin\Debug\net6.0-windows\VideoOS.Platform.Tests.dll" adapterTypeName="executor://mstestadapter/v2" className="VideoOS.Platform.Tests.Metadata.AppearanceTests" name="WriteXml_ShouldWriteElementsInCorrectOrder_WhenThereAreElements" />
    </UnitTest>
    <UnitTest name="Construct5_And_Field_Check" storage="d:\actions-runner\_work\xpco\xpco\allsolutions\..\mip\platformplugin\videoos.platform\unittest\bin\debug\net6.0-windows\videoos.platform.tests.dll" id="3d26d7d8-7d79-9931-2127-8e5f6d15122c">
      <Execution id="97c54b26-5165-46f5-bde3-d248311b9681" />
      <TestMethod codeBase="D:\actions-runner\_work\XPCO\XPCO\AllSolutions\..\MIP\PlatformPlugin\VideoOS.Platform\unittest\bin\Debug\net6.0-windows\VideoOS.Platform.Tests.dll" adapterTypeName="executor://mstestadapter/v2" className="VideoOS.Platform.Tests.ItemTests" name="Construct5_And_Field_Check" />
    </UnitTest>
    <UnitTest name="Serialize_TestCases (Verify root Double property)" storage="d:\actions-runner\_work\xpco\xpco\allsolutions\..\mip\platformplugin\videoos.platform\unittest\bin\debug\net6.0-windows\videoos.platform.tests.dll" id="ff808f59-9b62-0858-3fa7-188c69f886d5">
      <Execution id="e20a06b2-252b-48fc-beb2-153af597b388" />
      <TestMethod codeBase="D:\actions-runner\_work\XPCO\XPCO\AllSolutions\..\MIP\PlatformPlugin\VideoOS.Platform\unittest\bin\Debug\net6.0-windows\VideoOS.Platform.Tests.dll" adapterTypeName="executor://mstestadapter/v2" className="VideoOS.Platform.Tests.UI.Controls.Automation.Serialization.AutomationObjectSerializerTest" name="Serialize_TestCases" />
    </UnitTest>
    <UnitTest name="TestConstructor_Success" storage="d:\actions-runner\_work\xpco\xpco\allsolutions\..\mip\platformplugin\videoos.platform\unittest\bin\debug\net6.0-windows\videoos.platform.tests.dll" id="bf1206bb-c315-791a-6716-b4026aff80ac">
      <Execution id="cd8f3537-9768-49b6-b58b-ba86f21cf563" />
      <TestMethod codeBase="D:\actions-runner\_work\XPCO\XPCO\AllSolutions\..\MIP\PlatformPlugin\VideoOS.Platform\unittest\bin\Debug\net6.0-windows\VideoOS.Platform.Tests.dll" adapterTypeName="executor://mstestadapter/v2" className="VideoOS.Platform.Tests.Search.Error.UnauthorizedDeviceAccessSearchErrorTest" name="TestConstructor_Success" />
    </UnitTest>
    <UnitTest name="Append_Element_KeyValueString" storage="d:\actions-runner\_work\xpco\xpco\allsolutions\..\mip\platformplugin\videoos.platform\unittest\bin\debug\net6.0-windows\videoos.platform.tests.dll" id="06174076-ef01-8d0d-830c-682ae858b24d">
      <Execution id="2b8624ee-f252-42e3-a1db-5ed320606359" />
      <TestMethod codeBase="D:\actions-runner\_work\XPCO\XPCO\AllSolutions\..\MIP\PlatformPlugin\VideoOS.Platform\unittest\bin\Debug\net6.0-windows\VideoOS.Platform.Tests.dll" adapterTypeName="executor://mstestadapter/v2" className="VideoOS.Platform.Tests.Proxy.RestApi.JsonBuilderTests" name="Append_Element_KeyValueString" />
    </UnitTest>
    <UnitTest name="Get_NullKey_Throws" storage="d:\actions-runner\_work\xpco\xpco\allsolutions\..\mip\platformplugin\videoos.platform\unittest\bin\debug\net6.0-windows\videoos.platform.tests.dll" id="0f6413c0-cc42-e14e-f2e9-6c1a7fb644a7">
      <Execution id="629d44fd-8d10-4e64-aca6-5c482d7fe73a" />
      <TestMethod codeBase="D:\actions-runner\_work\XPCO\XPCO\AllSolutions\..\MIP\PlatformPlugin\VideoOS.Platform\unittest\bin\Debug\net6.0-windows\VideoOS.Platform.Tests.dll" adapterTypeName="executor://mstestadapter/v2" className="VideoOS.Platform.Tests.Util.Queue.LRUCacheTests" name="Get_NullKey_Throws" />
    </UnitTest>
    <UnitTest name="Serialize_TestCases (TestParentTypeMatchCollectionThisTypeMatched)" storage="d:\actions-runner\_work\xpco\xpco\allsolutions\..\mip\platformplugin\videoos.platform\unittest\bin\debug\net6.0-windows\videoos.platform.tests.dll" id="5fd9efe6-8b77-fde9-0593-ba4d5ea832ca">
      <Execution id="2bc7e1ee-8915-415d-930b-e6b8e2d72d59" />
      <TestMethod codeBase="D:\actions-runner\_work\XPCO\XPCO\AllSolutions\..\MIP\PlatformPlugin\VideoOS.Platform\unittest\bin\Debug\net6.0-windows\VideoOS.Platform.Tests.dll" adapterTypeName="executor://mstestadapter/v2" className="VideoOS.Platform.Tests.UI.Controls.Automation.Serialization.AutomationObjectSerializerTest" name="Serialize_TestCases" />
    </UnitTest>
    <UnitTest name="ReadXml_ShouldReadLatitude_WhenLatitudeIsPresent" storage="d:\actions-runner\_work\xpco\xpco\allsolutions\..\mip\platformplugin\videoos.platform\unittest\bin\debug\net6.0-windows\videoos.platform.tests.dll" id="b11280c6-b927-424b-97d9-4a8daa017667">
      <Execution id="39a37b8b-18f4-4f3b-8d2c-4256ebb04c26" />
      <TestMethod codeBase="D:\actions-runner\_work\XPCO\XPCO\AllSolutions\..\MIP\PlatformPlugin\VideoOS.Platform\unittest\bin\Debug\net6.0-windows\VideoOS.Platform.Tests.dll" adapterTypeName="executor://mstestadapter/v2" className="VideoOS.Platform.Tests.Metadata.NavigationalDataTests" name="ReadXml_ShouldReadLatitude_WhenLatitudeIsPresent" />
    </UnitTest>
    <UnitTest name="IsMultiSelection_ChangesSelectionMode" storage="d:\actions-runner\_work\xpco\xpco\allsolutions\..\mip\platformplugin\videoos.platform\unittest\bin\debug\net6.0-windows\videoos.platform.tests.dll" id="1102b248-ebc3-17f0-ceef-32b216ce1ff2">
      <Execution id="9258eb73-af4d-4578-9b08-cfe1de10e2f5" />
      <TestMethod codeBase="D:\actions-runner\_work\XPCO\XPCO\AllSolutions\..\MIP\PlatformPlugin\VideoOS.Platform\unittest\bin\Debug\net6.0-windows\VideoOS.Platform.Tests.dll" adapterTypeName="executor://mstestadapter/v2" className="VideoOS.Platform.Tests.UI.ItemPicker.ItemPickerViewModelTest" name="IsMultiSelection_ChangesSelectionMode" />
    </UnitTest>
    <UnitTest name="GetPropertiesAsync_MultipleInvocations_DelegatedToInternalMethodOnlyOnce" storage="d:\actions-runner\_work\xpco\xpco\allsolutions\..\mip\platformplugin\videoos.platform\unittest\bin\debug\net6.0-windows\videoos.platform.tests.dll" id="46ae3a22-8d3d-7e4f-8a5b-87f63b36d2e9">
      <TestCategory>
        <TestCategoryItem TestCategory="Search" />
      </TestCategory>
      <Execution id="7869c5b1-e6cb-4230-916e-f7eca3442f1d" />
      <TestMethod codeBase="D:\actions-runner\_work\XPCO\XPCO\AllSolutions\..\MIP\PlatformPlugin\VideoOS.Platform\unittest\bin\Debug\net6.0-windows\VideoOS.Platform.Tests.dll" adapterTypeName="executor://mstestadapter/v2" className="VideoOS.Platform.Tests.Search.SearchResultDataTest" name="GetPropertiesAsync_MultipleInvocations_DelegatedToInternalMethodOnlyOnce" />
    </UnitTest>
    <UnitTest name="ReadXml_ShouldDiscardShape_WhenInvalidShapeIsPresent" storage="d:\actions-runner\_work\xpco\xpco\allsolutions\..\mip\platformplugin\videoos.platform\unittest\bin\debug\net6.0-windows\videoos.platform.tests.dll" id="7b925fbb-7ac1-1fe4-4372-38c14ecc5242">
      <Execution id="1e3d4105-11eb-4d25-9231-268cb969639d" />
      <TestMethod codeBase="D:\actions-runner\_work\XPCO\XPCO\AllSolutions\..\MIP\PlatformPlugin\VideoOS.Platform\unittest\bin\Debug\net6.0-windows\VideoOS.Platform.Tests.dll" adapterTypeName="executor://mstestadapter/v2" className="VideoOS.Platform.Tests.Metadata.AppearanceTests" name="ReadXml_ShouldDiscardShape_WhenInvalidShapeIsPresent" />
    </UnitTest>
    <UnitTest name="Ctor_OneCustomFilter_Success" storage="d:\actions-runner\_work\xpco\xpco\allsolutions\..\mip\platformplugin\videoos.platform\unittest\bin\debug\net6.0-windows\videoos.platform.tests.dll" id="d430b74b-fb63-d6ac-57a1-5a6c439392cf">
      <TestCategory>
        <TestCategoryItem TestCategory="Search" />
      </TestCategory>
      <Execution id="383d87ed-f6bf-41d5-9d2a-69543a564e93" />
      <TestMethod codeBase="D:\actions-runner\_work\XPCO\XPCO\AllSolutions\..\MIP\PlatformPlugin\VideoOS.Platform\unittest\bin\Debug\net6.0-windows\VideoOS.Platform.Tests.dll" adapterTypeName="executor://mstestadapter/v2" className="VideoOS.Platform.Tests.Search.FilterCategories.VehicleSearchFilterCategoryTest" name="Ctor_OneCustomFilter_Success" />
    </UnitTest>
    <UnitTest name="Parse_DoubleArray" storage="d:\actions-runner\_work\xpco\xpco\allsolutions\..\mip\platformplugin\videoos.platform\unittest\bin\debug\net6.0-windows\videoos.platform.tests.dll" id="85b75f82-e414-01aa-d88b-66e9836d44fd">
      <Execution id="a76b33db-88cf-48b7-8dcd-11171f0c834a" />
      <TestMethod codeBase="D:\actions-runner\_work\XPCO\XPCO\AllSolutions\..\MIP\PlatformPlugin\VideoOS.Platform\unittest\bin\Debug\net6.0-windows\VideoOS.Platform.Tests.dll" adapterTypeName="executor://mstestadapter/v2" className="VideoOS.Platform.Tests.Proxy.RestApi.JsonReaderTests" name="Parse_DoubleArray" />
    </UnitTest>
    <UnitTest name="CountByItems_Activated_Grace" storage="d:\actions-runner\_work\xpco\xpco\allsolutions\..\mip\platformplugin\videoos.platform\unittest\bin\debug\net6.0-windows\videoos.platform.tests.dll" id="31d165a4-0514-1831-5c27-9754c33030c7">
      <Execution id="67794b01-9212-4fcd-8a8b-9283284ca738" />
      <TestMethod codeBase="D:\actions-runner\_work\XPCO\XPCO\AllSolutions\..\MIP\PlatformPlugin\VideoOS.Platform\unittest\bin\Debug\net6.0-windows\VideoOS.Platform.Tests.dll" adapterTypeName="executor://mstestadapter/v2" className="VideoOS.Platform.Tests.License.ResolvedLicenseCountTest" name="CountByItems_Activated_Grace" />
    </UnitTest>
    <UnitTest name="ReadXml_ShouldIgnoreIdleChildren_WhenAlways" storage="d:\actions-runner\_work\xpco\xpco\allsolutions\..\mip\platformplugin\videoos.platform\unittest\bin\debug\net6.0-windows\videoos.platform.tests.dll" id="5367f539-e3b0-cebf-09dd-956f309e7c6e">
      <Execution id="8dfb41de-cd75-40df-9e63-b5c649eeb6d6" />
      <TestMethod codeBase="D:\actions-runner\_work\XPCO\XPCO\AllSolutions\..\MIP\PlatformPlugin\VideoOS.Platform\unittest\bin\Debug\net6.0-windows\VideoOS.Platform.Tests.dll" adapterTypeName="executor://mstestadapter/v2" className="VideoOS.Platform.Tests.Metadata.BehaviourTests" name="ReadXml_ShouldIgnoreIdleChildren_WhenAlways" />
    </UnitTest>
    <UnitTest name="InitializeThemingSystem_ShouldNotThrowException" storage="d:\actions-runner\_work\xpco\xpco\allsolutions\..\mip\platformplugin\videoos.platform\unittest\bin\debug\net6.0-windows\videoos.platform.tests.dll" id="a7d84506-07b5-7ff8-9127-f0b1cfa053da">
      <TestCategory>
        <TestCategoryItem TestCategory="ThemeManager" />
      </TestCategory>
      <Execution id="8ea6fde5-83d0-4879-9cdf-e466ddb4f0de" />
      <TestMethod codeBase="D:\actions-runner\_work\XPCO\XPCO\AllSolutions\..\MIP\PlatformPlugin\VideoOS.Platform\unittest\bin\Debug\net6.0-windows\VideoOS.Platform.Tests.dll" adapterTypeName="executor://mstestadapter/v2" className="VideoOS.Platform.Tests.UI.ThemeManagerTest" name="InitializeThemingSystem_ShouldNotThrowException" />
    </UnitTest>
    <UnitTest name="StartAndCloseAll_StartsAllClientsStarted_WhenLoggedOutAndClosesThem" storage="d:\actions-runner\_work\xpco\xpco\allsolutions\..\mip\platformplugin\videoos.platform\unittest\bin\debug\net6.0-windows\videoos.platform.tests.dll" id="64b0134b-ebd0-fae9-7bd6-e6237d9640de">
      <Execution id="f761c21e-d364-4673-ae68-2e9bd38475b9" />
      <TestMethod codeBase="D:\actions-runner\_work\XPCO\XPCO\AllSolutions\..\MIP\PlatformPlugin\VideoOS.Platform\unittest\bin\Debug\net6.0-windows\VideoOS.Platform.Tests.dll" adapterTypeName="executor://mstestadapter/v2" className="VideoOS.Platform.Tests.Messaging.MessageClientManagerTests" name="StartAndCloseAll_StartsAllClientsStarted_WhenLoggedOutAndClosesThem" />
    </UnitTest>
    <UnitTest name="FallbackDisplayValue_NotSet_ReturnsNull" storage="d:\actions-runner\_work\xpco\xpco\allsolutions\..\mip\platformplugin\videoos.platform\unittest\bin\debug\net6.0-windows\videoos.platform.tests.dll" id="c17413ea-faf7-b84c-6a91-46a90eb83f24">
      <TestCategory>
        <TestCategoryItem TestCategory="Search" />
      </TestCategory>
      <Execution id="58a30e2e-e48d-4c4d-9e39-18bdb1acddc9" />
      <TestMethod codeBase="D:\actions-runner\_work\XPCO\XPCO\AllSolutions\..\MIP\PlatformPlugin\VideoOS.Platform\unittest\bin\Debug\net6.0-windows\VideoOS.Platform.Tests.dll" adapterTypeName="executor://mstestadapter/v2" className="VideoOS.Platform.Tests.Search.MultipleSelectionFilterValueTest" name="FallbackDisplayValue_NotSet_ReturnsNull" />
    </UnitTest>
    <UnitTest name="LoadedEvent_ShouldAddProxyManager_WhenFrameworkElementIsLoadedAtLaterStage" storage="d:\actions-runner\_work\xpco\xpco\allsolutions\..\mip\platformplugin\videoos.platform\unittest\bin\debug\net6.0-windows\videoos.platform.tests.dll" id="2290dc93-26ef-2adf-bfc4-c74fcd6396b2">
      <TestCategory>
        <TestCategoryItem TestCategory="EventsToCommandMappings" />
      </TestCategory>
      <Execution id="a4023ab3-1f3f-4364-a2f6-e51f24f3f5a9" />
      <TestMethod codeBase="D:\actions-runner\_work\XPCO\XPCO\AllSolutions\..\MIP\PlatformPlugin\VideoOS.Platform\unittest\bin\Debug\net6.0-windows\VideoOS.Platform.Tests.dll" adapterTypeName="executor://mstestadapter/v2" className="VideoOS.Platform.Tests.UI.Commands.EventsToCommandMappingTest" name="LoadedEvent_ShouldAddProxyManager_WhenFrameworkElementIsLoadedAtLaterStage" />
    </UnitTest>
    <UnitTest name="GetParent_Fail" storage="d:\actions-runner\_work\xpco\xpco\allsolutions\..\mip\platformplugin\videoos.platform\unittest\bin\debug\net6.0-windows\videoos.platform.tests.dll" id="3881d3ff-e33d-04a6-6ad4-69b98dedc6b4">
      <Execution id="5e83a50b-2afa-4c43-9119-f71f035be501" />
      <TestMethod codeBase="D:\actions-runner\_work\XPCO\XPCO\AllSolutions\..\MIP\PlatformPlugin\VideoOS.Platform\unittest\bin\Debug\net6.0-windows\VideoOS.Platform.Tests.dll" adapterTypeName="executor://mstestadapter/v2" className="VideoOS.Platform.Tests.FQIDtests" name="GetParent_Fail" />
    </UnitTest>
    <UnitTest name="AllowGroupSelection_SingleSelect_GroupSelected" storage="d:\actions-runner\_work\xpco\xpco\allsolutions\..\mip\platformplugin\videoos.platform\unittest\bin\debug\net6.0-windows\videoos.platform.tests.dll" id="1d3f650d-9d95-7992-7547-1b0a5cf1f2ec">
      <Execution id="3543bc19-4c88-479b-966a-b96f10c61af6" />
      <TestMethod codeBase="D:\actions-runner\_work\XPCO\XPCO\AllSolutions\..\MIP\PlatformPlugin\VideoOS.Platform\unittest\bin\Debug\net6.0-windows\VideoOS.Platform.Tests.dll" adapterTypeName="executor://mstestadapter/v2" className="VideoOS.Platform.Tests.UI.ItemPicker.ItemPickerViewModelTest" name="AllowGroupSelection_SingleSelect_GroupSelected" />
    </UnitTest>
    <UnitTest name="Ctor_OneCustomFilter_Success" storage="d:\actions-runner\_work\xpco\xpco\allsolutions\..\mip\platformplugin\videoos.platform\unittest\bin\debug\net6.0-windows\videoos.platform.tests.dll" id="a2a93cec-e7b9-3a98-e5c4-9eb836279da9">
      <TestCategory>
        <TestCategoryItem TestCategory="Search" />
      </TestCategory>
      <Execution id="2c73300b-aba7-4fa7-8d6d-124d2f77502d" />
      <TestMethod codeBase="D:\actions-runner\_work\XPCO\XPCO\AllSolutions\..\MIP\PlatformPlugin\VideoOS.Platform\unittest\bin\Debug\net6.0-windows\VideoOS.Platform.Tests.dll" adapterTypeName="executor://mstestadapter/v2" className="VideoOS.Platform.Tests.Search.FilterCategories.PersonSearchFilterCategoryTest" name="Ctor_OneCustomFilter_Success" />
    </UnitTest>
    <UnitTest name="ReadXml_ShouldSetIsRemoved_WhenRemovedElementIsPresentWithCorrectNamespace" storage="d:\actions-runner\_work\xpco\xpco\allsolutions\..\mip\platformplugin\videoos.platform\unittest\bin\debug\net6.0-windows\videoos.platform.tests.dll" id="140c6661-e4ad-8b7b-ad2a-b9df65337e63">
      <Execution id="b7675bd4-91d7-4943-906a-a2a85b4bf7df" />
      <TestMethod codeBase="D:\actions-runner\_work\XPCO\XPCO\AllSolutions\..\MIP\PlatformPlugin\VideoOS.Platform\unittest\bin\Debug\net6.0-windows\VideoOS.Platform.Tests.dll" adapterTypeName="executor://mstestadapter/v2" className="VideoOS.Platform.Tests.Metadata.BehaviourTests" name="ReadXml_ShouldSetIsRemoved_WhenRemovedElementIsPresentWithCorrectNamespace" />
    </UnitTest>
    <UnitTest name="Enabled_Properties_With_Enable_False_success" storage="d:\actions-runner\_work\xpco\xpco\allsolutions\..\mip\platformplugin\videoos.platform\unittest\bin\debug\net6.0-windows\videoos.platform.tests.dll" id="f85011e7-aedc-f16d-4ec9-583569d1a8dd">
      <Execution id="e7b94093-be99-490c-bfac-1c926b8cd572" />
      <TestMethod codeBase="D:\actions-runner\_work\XPCO\XPCO\AllSolutions\..\MIP\PlatformPlugin\VideoOS.Platform\unittest\bin\Debug\net6.0-windows\VideoOS.Platform.Tests.dll" adapterTypeName="executor://mstestadapter/v2" className="VideoOS.Platform.Tests.ItemTests" name="Enabled_Properties_With_Enable_False_success" />
    </UnitTest>
    <UnitTest name="Dequeue_Success" storage="d:\actions-runner\_work\xpco\xpco\allsolutions\..\mip\platformplugin\videoos.platform\unittest\bin\debug\net6.0-windows\videoos.platform.tests.dll" id="01387d97-f9fc-82cf-fc0c-bafa84835078">
      <Execution id="7a3aa6bf-c27e-4afb-a80d-a99318fba50b" />
      <TestMethod codeBase="D:\actions-runner\_work\XPCO\XPCO\AllSolutions\..\MIP\PlatformPlugin\VideoOS.Platform\unittest\bin\Debug\net6.0-windows\VideoOS.Platform.Tests.dll" adapterTypeName="executor://mstestadapter/v2" className="VideoOS.Platform.Tests.Util.Queue.ConcurrentQueueSlimTests" name="Dequeue_Success" />
    </UnitTest>
    <UnitTest name="Append_Property_MIPItem_LowerCase" storage="d:\actions-runner\_work\xpco\xpco\allsolutions\..\mip\platformplugin\videoos.platform\unittest\bin\debug\net6.0-windows\videoos.platform.tests.dll" id="d14f3865-eb3a-a806-eb3f-e6d1d870885d">
      <Execution id="f4cd184c-9a71-4c83-8d96-2d34a0edc628" />
      <TestMethod codeBase="D:\actions-runner\_work\XPCO\XPCO\AllSolutions\..\MIP\PlatformPlugin\VideoOS.Platform\unittest\bin\Debug\net6.0-windows\VideoOS.Platform.Tests.dll" adapterTypeName="executor://mstestadapter/v2" className="VideoOS.Platform.Tests.Proxy.RestApi.JsonBuilderTests" name="Append_Property_MIPItem_LowerCase" />
    </UnitTest>
    <UnitTest name="GetAtOrBefore_ShouldReturnNull_WhenCacheIsEmpty" storage="d:\actions-runner\_work\xpco\xpco\allsolutions\..\mip\platformplugin\videoos.platform\unittest\bin\debug\net6.0-windows\videoos.platform.tests.dll" id="d716207e-88e3-d258-c9c3-93a6eb313656">
      <Execution id="b8a305b9-8c84-4ee3-9a87-90784dd47d7d" />
      <TestMethod codeBase="D:\actions-runner\_work\XPCO\XPCO\AllSolutions\..\MIP\PlatformPlugin\VideoOS.Platform\unittest\bin\Debug\net6.0-windows\VideoOS.Platform.Tests.dll" adapterTypeName="executor://mstestadapter/v2" className="VideoOS.Platform.Tests.Data.MetadataCacheTests" name="GetAtOrBefore_ShouldReturnNull_WhenCacheIsEmpty" />
    </UnitTest>
    <UnitTest name="WriteXml_ShouldWriteElements_WhenTheyHaveValues" storage="d:\actions-runner\_work\xpco\xpco\allsolutions\..\mip\platformplugin\videoos.platform\unittest\bin\debug\net6.0-windows\videoos.platform.tests.dll" id="52804f86-16d4-c4e7-0a3e-5434b8ef0f30">
      <Execution id="9bd19e1f-c8e2-4dec-b80f-ddb574274767" />
      <TestMethod codeBase="D:\actions-runner\_work\XPCO\XPCO\AllSolutions\..\MIP\PlatformPlugin\VideoOS.Platform\unittest\bin\Debug\net6.0-windows\VideoOS.Platform.Tests.dll" adapterTypeName="executor://mstestadapter/v2" className="VideoOS.Platform.Tests.Metadata.NavigationalDataTests" name="WriteXml_ShouldWriteElements_WhenTheyHaveValues" />
    </UnitTest>
    <UnitTest name="RegistrationsObjectId_ShouldNotChange" storage="d:\actions-runner\_work\xpco\xpco\allsolutions\..\mip\platformplugin\videoos.platform\unittest\bin\debug\net6.0-windows\videoos.platform.tests.dll" id="30519e59-52c0-4abe-69e5-75fce80dd98b">
      <Execution id="5d6b1318-e05e-4a97-80ed-c1c4ac9512ad" />
      <TestMethod codeBase="D:\actions-runner\_work\XPCO\XPCO\AllSolutions\..\MIP\PlatformPlugin\VideoOS.Platform\unittest\bin\Debug\net6.0-windows\VideoOS.Platform.Tests.dll" adapterTypeName="executor://mstestadapter/v2" className="VideoOS.Platform.Tests.License.LicenseCompatibilityHandlerTests" name="RegistrationsObjectId_ShouldNotChange" />
    </UnitTest>
    <UnitTest name="Minimize_ShouldReturnOneInterval_WhenListContainsTwoOverlappingIntervalsAndOneIncludesTheOtherReversed" storage="d:\actions-runner\_work\xpco\xpco\allsolutions\..\mip\platformplugin\videoos.platform\unittest\bin\debug\net6.0-windows\videoos.platform.tests.dll" id="b5bea1ce-3302-3d5c-c970-5439c8ce2d20">
      <Execution id="d11a27d4-c53f-448a-a27b-f9b024ccf203" />
      <TestMethod codeBase="D:\actions-runner\_work\XPCO\XPCO\AllSolutions\..\MIP\PlatformPlugin\VideoOS.Platform\unittest\bin\Debug\net6.0-windows\VideoOS.Platform.Tests.dll" adapterTypeName="executor://mstestadapter/v2" className="VideoOS.Platform.Tests.Util.TimeIntervalTests" name="Minimize_ShouldReturnOneInterval_WhenListContainsTwoOverlappingIntervalsAndOneIncludesTheOtherReversed" />
    </UnitTest>
    <UnitTest name="Serialize_Deserialize_WithSpecialChars" storage="d:\actions-runner\_work\xpco\xpco\allsolutions\..\mip\platformplugin\videoos.platform\unittest\bin\debug\net6.0-windows\videoos.platform.tests.dll" id="88aa33f2-80ef-ffeb-281e-b6e341b95ce9">
      <Execution id="0c1640bb-8b16-4993-8a13-a243e0e51339" />
      <TestMethod codeBase="D:\actions-runner\_work\XPCO\XPCO\AllSolutions\..\MIP\PlatformPlugin\VideoOS.Platform\unittest\bin\Debug\net6.0-windows\VideoOS.Platform.Tests.dll" adapterTypeName="executor://mstestadapter/v2" className="VideoOS.Platform.Tests.ItemTests" name="Serialize_Deserialize_WithSpecialChars" />
    </UnitTest>
    <UnitTest name="GenerateParameters_ShouldWriteNumberOfMetadataDevicesAsMDStream_WhenAlways" storage="d:\actions-runner\_work\xpco\xpco\allsolutions\..\mip\platformplugin\videoos.platform\unittest\bin\debug\net6.0-windows\videoos.platform.tests.dll" id="03f9a419-da0b-13cb-434c-e5eb4d3017d6">
      <Execution id="90c204ec-5510-43c6-89a7-69c5f9517dff" />
      <TestMethod codeBase="D:\actions-runner\_work\XPCO\XPCO\AllSolutions\..\MIP\PlatformPlugin\VideoOS.Platform\unittest\bin\Debug\net6.0-windows\VideoOS.Platform.Tests.dll" adapterTypeName="executor://mstestadapter/v2" className="VideoOS.Platform.Tests.Data.HardwareDefinitionTests" name="GenerateParameters_ShouldWriteNumberOfMetadataDevicesAsMDStream_WhenAlways" />
    </UnitTest>
    <UnitTest name="TestSearchFilterCategories_Success" storage="d:\actions-runner\_work\xpco\xpco\allsolutions\..\mip\platformplugin\videoos.platform\unittest\bin\debug\net6.0-windows\videoos.platform.tests.dll" id="1785bf0a-686c-ffbf-697b-cc5c423923de">
      <TestCategory>
        <TestCategoryItem TestCategory="Search" />
      </TestCategory>
      <Execution id="6929a693-b225-453c-8b7c-d54999658efb" />
      <TestMethod codeBase="D:\actions-runner\_work\XPCO\XPCO\AllSolutions\..\MIP\PlatformPlugin\VideoOS.Platform\unittest\bin\Debug\net6.0-windows\VideoOS.Platform.Tests.dll" adapterTypeName="executor://mstestadapter/v2" className="VideoOS.Platform.Tests.Search.SearchManagerTest" name="TestSearchFilterCategories_Success" />
    </UnitTest>
    <UnitTest name="Remove_KeyNotPresent_ReturnsFalse" storage="d:\actions-runner\_work\xpco\xpco\allsolutions\..\mip\platformplugin\videoos.platform\unittest\bin\debug\net6.0-windows\videoos.platform.tests.dll" id="2dbbefa2-cb1d-4d1e-312c-2268ae3ae8a4">
      <Execution id="b4b8264a-3ee9-4e9e-90d2-66eb1783fe20" />
      <TestMethod codeBase="D:\actions-runner\_work\XPCO\XPCO\AllSolutions\..\MIP\PlatformPlugin\VideoOS.Platform\unittest\bin\Debug\net6.0-windows\VideoOS.Platform.Tests.dll" adapterTypeName="executor://mstestadapter/v2" className="VideoOS.Platform.Tests.Util.Queue.LRUCacheTests" name="Remove_KeyNotPresent_ReturnsFalse" />
    </UnitTest>
    <UnitTest name="SplitString_When2Levels_Trims" storage="d:\actions-runner\_work\xpco\xpco\allsolutions\..\mip\platformplugin\videoos.platform\unittest\bin\debug\net6.0-windows\videoos.platform.tests.dll" id="c64fce4a-0ee6-9d1f-f96c-3f0744a2a23b">
      <Execution id="3cd6b28b-35a7-4d9e-b218-0afc15e188f4" />
      <TestMethod codeBase="D:\actions-runner\_work\XPCO\XPCO\AllSolutions\..\MIP\PlatformPlugin\VideoOS.Platform\unittest\bin\Debug\net6.0-windows\VideoOS.Platform.Tests.dll" adapterTypeName="executor://mstestadapter/v2" className="VideoOS.Platform.Tests.Util.StringSplitterTests" name="SplitString_When2Levels_Trims" />
    </UnitTest>
    <UnitTest name="WriteXml_ShouldWriteBehaviourContents_WhenBehaviourIsNotNullAndHasBehaviour" storage="d:\actions-runner\_work\xpco\xpco\allsolutions\..\mip\platformplugin\videoos.platform\unittest\bin\debug\net6.0-windows\videoos.platform.tests.dll" id="ba884d95-61a4-037b-ab6f-8704dd43240a">
      <Execution id="082b867b-6e3b-4178-aac4-eedc55cbb8fb" />
      <TestMethod codeBase="D:\actions-runner\_work\XPCO\XPCO\AllSolutions\..\MIP\PlatformPlugin\VideoOS.Platform\unittest\bin\Debug\net6.0-windows\VideoOS.Platform.Tests.dll" adapterTypeName="executor://mstestadapter/v2" className="VideoOS.Platform.Tests.Metadata.OnvifObjectTests" name="WriteXml_ShouldWriteBehaviourContents_WhenBehaviourIsNotNullAndHasBehaviour" />
    </UnitTest>
    <UnitTest name="Remove_QueueStopping_Success" storage="d:\actions-runner\_work\xpco\xpco\allsolutions\..\mip\platformplugin\videoos.platform\unittest\bin\debug\net6.0-windows\videoos.platform.tests.dll" id="ddb2b30a-7c8f-3eac-d6a3-efc6f41e2e1f">
      <Execution id="87c8dd8c-1b21-4aee-b6c9-b71b6c03b82a" />
      <TestMethod codeBase="D:\actions-runner\_work\XPCO\XPCO\AllSolutions\..\MIP\PlatformPlugin\VideoOS.Platform\unittest\bin\Debug\net6.0-windows\VideoOS.Platform.Tests.dll" adapterTypeName="executor://mstestadapter/v2" className="VideoOS.Platform.Tests.Util.Queue.ConcurrentQueueSlimTests" name="Remove_QueueStopping_Success" />
    </UnitTest>
    <UnitTest name="IsEmptyValue_SelectionFilterValue_DefaultValue_ReturnsTrue" storage="d:\actions-runner\_work\xpco\xpco\allsolutions\..\mip\platformplugin\videoos.platform\unittest\bin\debug\net6.0-windows\videoos.platform.tests.dll" id="57774d4f-0e88-d290-a792-720e504514ba">
      <TestCategory>
        <TestCategoryItem TestCategory="Search" />
      </TestCategory>
      <Execution id="cbb4ec74-5594-4652-941d-4abfbb893b7e" />
      <TestMethod codeBase="D:\actions-runner\_work\XPCO\XPCO\AllSolutions\..\MIP\PlatformPlugin\VideoOS.Platform\unittest\bin\Debug\net6.0-windows\VideoOS.Platform.Tests.dll" adapterTypeName="executor://mstestadapter/v2" className="VideoOS.Platform.Tests.Search.SearchFilterTest" name="IsEmptyValue_SelectionFilterValue_DefaultValue_ReturnsTrue" />
    </UnitTest>
    <UnitTest name="ReadXml_ShouldLogWarning_WhenTypeIsNotPresent" storage="d:\actions-runner\_work\xpco\xpco\allsolutions\..\mip\platformplugin\videoos.platform\unittest\bin\debug\net6.0-windows\videoos.platform.tests.dll" id="d0ba50f6-c050-7856-3856-4bb2c3dada0c">
      <Execution id="20e30b84-a275-4679-a6c3-3247702cf348" />
      <TestMethod codeBase="D:\actions-runner\_work\XPCO\XPCO\AllSolutions\..\MIP\PlatformPlugin\VideoOS.Platform\unittest\bin\Debug\net6.0-windows\VideoOS.Platform.Tests.dll" adapterTypeName="executor://mstestadapter/v2" className="VideoOS.Platform.Tests.Metadata.ClassCandidateTests" name="ReadXml_ShouldLogWarning_WhenTypeIsNotPresent" />
    </UnitTest>
    <UnitTest name="ReadXml_ShouldReadShapeContents_WhenShapeIsPresent" storage="d:\actions-runner\_work\xpco\xpco\allsolutions\..\mip\platformplugin\videoos.platform\unittest\bin\debug\net6.0-windows\videoos.platform.tests.dll" id="e5b93c93-857a-cdf9-0341-1a0dd042c5e9">
      <Execution id="4f156283-0609-4b86-9493-a97fbfeeee76" />
      <TestMethod codeBase="D:\actions-runner\_work\XPCO\XPCO\AllSolutions\..\MIP\PlatformPlugin\VideoOS.Platform\unittest\bin\Debug\net6.0-windows\VideoOS.Platform.Tests.dll" adapterTypeName="executor://mstestadapter/v2" className="VideoOS.Platform.Tests.Metadata.AppearanceTests" name="ReadXml_ShouldReadShapeContents_WhenShapeIsPresent" />
    </UnitTest>
    <UnitTest name="WriteXml_ShouldOmitBoundingBoxAppearanceElements_WhenTheyAreNotPresent" storage="d:\actions-runner\_work\xpco\xpco\allsolutions\..\mip\platformplugin\videoos.platform\unittest\bin\debug\net6.0-windows\videoos.platform.tests.dll" id="4fc7265c-8aa9-4dcf-df19-f51dedafe8a7">
      <Execution id="efa6326e-dde7-41af-8265-34b2fa80560d" />
      <TestMethod codeBase="D:\actions-runner\_work\XPCO\XPCO\AllSolutions\..\MIP\PlatformPlugin\VideoOS.Platform\unittest\bin\Debug\net6.0-windows\VideoOS.Platform.Tests.dll" adapterTypeName="executor://mstestadapter/v2" className="VideoOS.Platform.Tests.Metadata.ShapeTests" name="WriteXml_ShouldOmitBoundingBoxAppearanceElements_WhenTheyAreNotPresent" />
    </UnitTest>
    <UnitTest name="GenerateDeviceParameters_ShouldWriteCorrectFps_WhenFpsIsInRange" storage="d:\actions-runner\_work\xpco\xpco\allsolutions\..\mip\platformplugin\videoos.platform\unittest\bin\debug\net6.0-windows\videoos.platform.tests.dll" id="5737235c-4c26-da22-d231-8a538d9299e8">
      <Execution id="0a622b9c-d92b-4c1b-a9e3-6bd1e2f5b2f6" />
      <TestMethod codeBase="D:\actions-runner\_work\XPCO\XPCO\AllSolutions\..\MIP\PlatformPlugin\VideoOS.Platform\unittest\bin\Debug\net6.0-windows\VideoOS.Platform.Tests.dll" adapterTypeName="executor://mstestadapter/v2" className="VideoOS.Platform.Tests.Data.CameraDeviceDefinitionTests" name="GenerateDeviceParameters_ShouldWriteCorrectFps_WhenFpsIsInRange" />
    </UnitTest>
    <UnitTest name="FindCacheEntryBefore_ShuldReturnNull_WhenTheCacheIsEmpty" storage="d:\actions-runner\_work\xpco\xpco\allsolutions\..\mip\platformplugin\videoos.platform\unittest\bin\debug\net6.0-windows\videoos.platform.tests.dll" id="4fd7ef13-73a5-f651-dedc-2514dfae7f93">
      <Execution id="f347f006-76f5-4437-ab66-9299fccb75da" />
      <TestMethod codeBase="D:\actions-runner\_work\XPCO\XPCO\AllSolutions\..\MIP\PlatformPlugin\VideoOS.Platform\unittest\bin\Debug\net6.0-windows\VideoOS.Platform.Tests.dll" adapterTypeName="executor://mstestadapter/v2" className="VideoOS.Platform.Tests.Data.MetadataCacheTests" name="FindCacheEntryBefore_ShuldReturnNull_WhenTheCacheIsEmpty" />
    </UnitTest>
    <UnitTest name="Serialize_TestCases (TestParentTypeMatchGenericNotThisTypeNotMatched)" storage="d:\actions-runner\_work\xpco\xpco\allsolutions\..\mip\platformplugin\videoos.platform\unittest\bin\debug\net6.0-windows\videoos.platform.tests.dll" id="7697c577-4d5f-2be5-faec-cf049908ed7a">
      <Execution id="f5fafef4-6a46-4ee2-beb3-08e4ea9cdc6a" />
      <TestMethod codeBase="D:\actions-runner\_work\XPCO\XPCO\AllSolutions\..\MIP\PlatformPlugin\VideoOS.Platform\unittest\bin\Debug\net6.0-windows\VideoOS.Platform.Tests.dll" adapterTypeName="executor://mstestadapter/v2" className="VideoOS.Platform.Tests.UI.Controls.Automation.Serialization.AutomationObjectSerializerTest" name="Serialize_TestCases" />
    </UnitTest>
    <UnitTest name="Serialize_TestCases (Verify root Interface (not null) property get property value)" storage="d:\actions-runner\_work\xpco\xpco\allsolutions\..\mip\platformplugin\videoos.platform\unittest\bin\debug\net6.0-windows\videoos.platform.tests.dll" id="f2ff9b13-7b8e-c847-8a5c-fd82e1ab203f">
      <Execution id="1cbdd0cb-65aa-4e65-ad88-30051d768559" />
      <TestMethod codeBase="D:\actions-runner\_work\XPCO\XPCO\AllSolutions\..\MIP\PlatformPlugin\VideoOS.Platform\unittest\bin\Debug\net6.0-windows\VideoOS.Platform.Tests.dll" adapterTypeName="executor://mstestadapter/v2" className="VideoOS.Platform.Tests.UI.Controls.Automation.Serialization.AutomationObjectSerializerTest" name="Serialize_TestCases" />
    </UnitTest>
    <UnitTest name="CreateSearchResultUserControl_MultiplePluginsSameResultType_LastPluginWins" storage="d:\actions-runner\_work\xpco\xpco\allsolutions\..\mip\platformplugin\videoos.platform\unittest\bin\debug\net6.0-windows\videoos.platform.tests.dll" id="6133b6d9-a9f1-1617-1674-43e83f8cc1f4">
      <TestCategory>
        <TestCategoryItem TestCategory="Search" />
      </TestCategory>
      <Execution id="26fa20fa-81da-47a8-acce-b8f10956e417" />
      <TestMethod codeBase="D:\actions-runner\_work\XPCO\XPCO\AllSolutions\..\MIP\PlatformPlugin\VideoOS.Platform\unittest\bin\Debug\net6.0-windows\VideoOS.Platform.Tests.dll" adapterTypeName="executor://mstestadapter/v2" className="VideoOS.Platform.Tests.Search.SearchUserControlResolverTest" name="CreateSearchResultUserControl_MultiplePluginsSameResultType_LastPluginWins" />
    </UnitTest>
    <UnitTest name="ReadXml_ShouldSetAllFieldsToNull_WhenElementIsEmpty" storage="d:\actions-runner\_work\xpco\xpco\allsolutions\..\mip\platformplugin\videoos.platform\unittest\bin\debug\net6.0-windows\videoos.platform.tests.dll" id="a78e107f-188e-49af-b7fb-8b9962cefe26">
      <Execution id="18208cf5-7d87-4d65-81cb-b18b7355e0be" />
      <TestMethod codeBase="D:\actions-runner\_work\XPCO\XPCO\AllSolutions\..\MIP\PlatformPlugin\VideoOS.Platform\unittest\bin\Debug\net6.0-windows\VideoOS.Platform.Tests.dll" adapterTypeName="executor://mstestadapter/v2" className="VideoOS.Platform.Tests.Metadata.TransformationTests" name="ReadXml_ShouldSetAllFieldsToNull_WhenElementIsEmpty" />
    </UnitTest>
    <UnitTest name="Serialize_ShouldIncludeOptionDecorations_WhenPropertyIsObjectAndNoPropertiesRequestedInPath" storage="d:\actions-runner\_work\xpco\xpco\allsolutions\..\mip\platformplugin\videoos.platform\unittest\bin\debug\net6.0-windows\videoos.platform.tests.dll" id="e9e566d8-8c2f-a5c9-6e03-2549ae458328">
      <Execution id="0357d744-06e5-4d3e-b0de-b15a1558f2d2" />
      <TestMethod codeBase="D:\actions-runner\_work\XPCO\XPCO\AllSolutions\..\MIP\PlatformPlugin\VideoOS.Platform\unittest\bin\Debug\net6.0-windows\VideoOS.Platform.Tests.dll" adapterTypeName="executor://mstestadapter/v2" className="VideoOS.Platform.Tests.UI.Controls.Automation.Serialization.AutomationObjectSerializerTest" name="Serialize_ShouldIncludeOptionDecorations_WhenPropertyIsObjectAndNoPropertiesRequestedInPath" />
    </UnitTest>
    <UnitTest name="ReadAppearanceExtensionXml_ShouldReadAllExtensions_WhenAllArePresent" storage="d:\actions-runner\_work\xpco\xpco\allsolutions\..\mip\platformplugin\videoos.platform\unittest\bin\debug\net6.0-windows\videoos.platform.tests.dll" id="8b195963-a10c-3838-31ba-4f1e91ab5dfb">
      <Execution id="370a89fe-b702-41ff-bc69-8b9478b93bc1" />
      <TestMethod codeBase="D:\actions-runner\_work\XPCO\XPCO\AllSolutions\..\MIP\PlatformPlugin\VideoOS.Platform\unittest\bin\Debug\net6.0-windows\VideoOS.Platform.Tests.dll" adapterTypeName="executor://mstestadapter/v2" className="VideoOS.Platform.Tests.Metadata.RectangleTests" name="ReadAppearanceExtensionXml_ShouldReadAllExtensions_WhenAllArePresent" />
    </UnitTest>
    <UnitTest name="Set_Int_On_String" storage="d:\actions-runner\_work\xpco\xpco\allsolutions\..\mip\platformplugin\videoos.platform\unittest\bin\debug\net6.0-windows\videoos.platform.tests.dll" id="44388fe8-f4d9-9727-56d6-63d8a6beeb9b">
      <Execution id="0922e574-bd15-4dba-8f30-2563da76cf19" />
      <TestMethod codeBase="D:\actions-runner\_work\XPCO\XPCO\AllSolutions\..\MIP\PlatformPlugin\VideoOS.Platform\unittest\bin\Debug\net6.0-windows\VideoOS.Platform.Tests.dll" adapterTypeName="executor://mstestadapter/v2" className="VideoOS.Platform.Tests.Proxy.RestApi.JsonReaderTests" name="Set_Int_On_String" />
    </UnitTest>
    <UnitTest name="Parse_String_WithSpecialChars" storage="d:\actions-runner\_work\xpco\xpco\allsolutions\..\mip\platformplugin\videoos.platform\unittest\bin\debug\net6.0-windows\videoos.platform.tests.dll" id="7e9864c3-ffac-3e60-e067-d303ea811382">
      <Execution id="52cd525b-c22f-4198-9096-c76e123cea82" />
      <TestMethod codeBase="D:\actions-runner\_work\XPCO\XPCO\AllSolutions\..\MIP\PlatformPlugin\VideoOS.Platform\unittest\bin\Debug\net6.0-windows\VideoOS.Platform.Tests.dll" adapterTypeName="executor://mstestadapter/v2" className="VideoOS.Platform.Tests.Proxy.RestApi.JsonReaderTests" name="Parse_String_WithSpecialChars" />
    </UnitTest>
    <UnitTest name="WriteMetadataXmlWithStream_ShouldWriteRootElement_WhenDataIsPresent" storage="d:\actions-runner\_work\xpco\xpco\allsolutions\..\mip\platformplugin\videoos.platform\unittest\bin\debug\net6.0-windows\videoos.platform.tests.dll" id="c4adad9d-ea20-a13f-97f1-44293498d06e">
      <Execution id="9eedeaeb-7022-4987-a1f3-30119f495c0c" />
      <TestMethod codeBase="D:\actions-runner\_work\XPCO\XPCO\AllSolutions\..\MIP\PlatformPlugin\VideoOS.Platform\unittest\bin\Debug\net6.0-windows\VideoOS.Platform.Tests.dll" adapterTypeName="executor://mstestadapter/v2" className="VideoOS.Platform.Tests.Metadata.MetadataSerializerTests" name="WriteMetadataXmlWithStream_ShouldWriteRootElement_WhenDataIsPresent" />
    </UnitTest>
    <UnitTest name="OverlapsWith_ShouldReturnFalse_WhenArgumenEndIsEqualToStart" storage="d:\actions-runner\_work\xpco\xpco\allsolutions\..\mip\platformplugin\videoos.platform\unittest\bin\debug\net6.0-windows\videoos.platform.tests.dll" id="78226ef2-fcbe-8c02-29f4-cc48e0495b30">
      <Execution id="1ce97804-859b-4efb-822e-c78481055794" />
      <TestMethod codeBase="D:\actions-runner\_work\XPCO\XPCO\AllSolutions\..\MIP\PlatformPlugin\VideoOS.Platform\unittest\bin\Debug\net6.0-windows\VideoOS.Platform.Tests.dll" adapterTypeName="executor://mstestadapter/v2" className="VideoOS.Platform.Tests.Util.TimeIntervalTests" name="OverlapsWith_ShouldReturnFalse_WhenArgumenEndIsEqualToStart" />
    </UnitTest>
    <UnitTest name="Unescape_Success" storage="d:\actions-runner\_work\xpco\xpco\allsolutions\..\mip\platformplugin\videoos.platform\unittest\bin\debug\net6.0-windows\videoos.platform.tests.dll" id="a26aca48-0992-fb7f-2394-abc4cff3b453">
      <Execution id="5e12e761-2336-4588-8b2b-31be3eb4d1ad" />
      <TestMethod codeBase="D:\actions-runner\_work\XPCO\XPCO\AllSolutions\..\MIP\PlatformPlugin\VideoOS.Platform\unittest\bin\Debug\net6.0-windows\VideoOS.Platform.Tests.dll" adapterTypeName="executor://mstestadapter/v2" className="VideoOS.Platform.Tests.Util.StringSplitterTests" name="Unescape_Success" />
    </UnitTest>
    <UnitTest name="Equals_Success" storage="d:\actions-runner\_work\xpco\xpco\allsolutions\..\mip\platformplugin\videoos.platform\unittest\bin\debug\net6.0-windows\videoos.platform.tests.dll" id="35a57cb6-17e3-2864-373a-0a8f0a5d8876">
      <Execution id="1491451b-3705-4234-a8dc-f496c168fe81" />
      <TestMethod codeBase="D:\actions-runner\_work\XPCO\XPCO\AllSolutions\..\MIP\PlatformPlugin\VideoOS.Platform\unittest\bin\Debug\net6.0-windows\VideoOS.Platform.Tests.dll" adapterTypeName="executor://mstestadapter/v2" className="VideoOS.Platform.Tests.Messaging.CommunicationIdFilterTests" name="Equals_Success" />
    </UnitTest>
    <UnitTest name="Stop_EmptyQueue_IsStoppingSetButIsStoppedNotSet" storage="d:\actions-runner\_work\xpco\xpco\allsolutions\..\mip\platformplugin\videoos.platform\unittest\bin\debug\net6.0-windows\videoos.platform.tests.dll" id="cfc09053-dd65-09af-3398-2d1e903d515a">
      <Execution id="c8bf44fc-b4fd-4d97-8e84-8903054423c0" />
      <TestMethod codeBase="D:\actions-runner\_work\XPCO\XPCO\AllSolutions\..\MIP\PlatformPlugin\VideoOS.Platform\unittest\bin\Debug\net6.0-windows\VideoOS.Platform.Tests.dll" adapterTypeName="executor://mstestadapter/v2" className="VideoOS.Platform.Tests.Util.Queue.ConcurrentQueueSlimTests" name="Stop_EmptyQueue_IsStoppingSetButIsStoppedNotSet" />
    </UnitTest>
    <UnitTest name="TestMultiLevelQueue_TwoLevels_ParallelResourceProcessors_Success" storage="d:\actions-runner\_work\xpco\xpco\allsolutions\..\mip\platformplugin\videoos.platform\unittest\bin\debug\net6.0-windows\videoos.platform.tests.dll" id="d322c036-f127-a7c3-54cb-2755a84ecb70">
      <Execution id="07271b97-5562-450a-842d-8db12a3491cc" />
      <TestMethod codeBase="D:\actions-runner\_work\XPCO\XPCO\AllSolutions\..\MIP\PlatformPlugin\VideoOS.Platform\unittest\bin\Debug\net6.0-windows\VideoOS.Platform.Tests.dll" adapterTypeName="executor://mstestadapter/v2" className="VideoOS.Platform.Tests.Util.Queue.MultiLevelResourceQueueTests" name="TestMultiLevelQueue_TwoLevels_ParallelResourceProcessors_Success" />
    </UnitTest>
    <UnitTest name="GenerateDeviceCapabilityParameters_ShouldAddSubclassParameters_WhenAlways" storage="d:\actions-runner\_work\xpco\xpco\allsolutions\..\mip\platformplugin\videoos.platform\unittest\bin\debug\net6.0-windows\videoos.platform.tests.dll" id="bc0974a0-deaf-8644-39a5-1ed48142447f">
      <Execution id="88588f1d-ccbe-4760-ad38-a14570b0fefc" />
      <TestMethod codeBase="D:\actions-runner\_work\XPCO\XPCO\AllSolutions\..\MIP\PlatformPlugin\VideoOS.Platform\unittest\bin\Debug\net6.0-windows\VideoOS.Platform.Tests.dll" adapterTypeName="executor://mstestadapter/v2" className="VideoOS.Platform.Tests.Data.MetadataDeviceCapabilityTests" name="GenerateDeviceCapabilityParameters_ShouldAddSubclassParameters_WhenAlways" />
    </UnitTest>
    <UnitTest name="IsVisibleCallback_OnlyAllowedItemsVisible" storage="d:\actions-runner\_work\xpco\xpco\allsolutions\..\mip\platformplugin\videoos.platform\unittest\bin\debug\net6.0-windows\videoos.platform.tests.dll" id="0fbf3694-a7c3-3fef-5348-e45949735e92">
      <Execution id="b58e79ee-45d6-4a06-a63b-14d18effad03" />
      <TestMethod codeBase="D:\actions-runner\_work\XPCO\XPCO\AllSolutions\..\MIP\PlatformPlugin\VideoOS.Platform\unittest\bin\Debug\net6.0-windows\VideoOS.Platform.Tests.dll" adapterTypeName="executor://mstestadapter/v2" className="VideoOS.Platform.Tests.UI.ItemPicker.PopulateThreadTest" name="IsVisibleCallback_OnlyAllowedItemsVisible" />
    </UnitTest>
    <UnitTest name="GetNearest_ShouldReturnDataFromCacheWithoutCallingToolkit_WhenDataIsPresentInCache" storage="d:\actions-runner\_work\xpco\xpco\allsolutions\..\mip\platformplugin\videoos.platform\unittest\bin\debug\net6.0-windows\videoos.platform.tests.dll" id="d7001884-5531-566e-871c-306c552a41f9">
      <Execution id="263e123d-f18f-420e-8dd9-27433f868cbc" />
      <TestMethod codeBase="D:\actions-runner\_work\XPCO\XPCO\AllSolutions\..\MIP\PlatformPlugin\VideoOS.Platform\unittest\bin\Debug\net6.0-windows\VideoOS.Platform.Tests.dll" adapterTypeName="executor://mstestadapter/v2" className="VideoOS.Platform.Tests.Data.MetadataPlaybackSourceTests" name="GetNearest_ShouldReturnDataFromCacheWithoutCallingToolkit_WhenDataIsPresentInCache" />
    </UnitTest>
    <UnitTest name="Serialize_TestCases (TestParentTypeMatchObjectThisTypeNotMatched)" storage="d:\actions-runner\_work\xpco\xpco\allsolutions\..\mip\platformplugin\videoos.platform\unittest\bin\debug\net6.0-windows\videoos.platform.tests.dll" id="3372ebee-2694-cd8c-3837-7e4b7c8e7b0c">
      <Execution id="eb82eebc-b7b9-420d-94dd-fd2aeed67948" />
      <TestMethod codeBase="D:\actions-runner\_work\XPCO\XPCO\AllSolutions\..\MIP\PlatformPlugin\VideoOS.Platform\unittest\bin\Debug\net6.0-windows\VideoOS.Platform.Tests.dll" adapterTypeName="executor://mstestadapter/v2" className="VideoOS.Platform.Tests.UI.Controls.Automation.Serialization.AutomationObjectSerializerTest" name="Serialize_TestCases" />
    </UnitTest>
    <UnitTest name="ReadXml_ShouldReadXAttribute_WhenPresent" storage="d:\actions-runner\_work\xpco\xpco\allsolutions\..\mip\platformplugin\videoos.platform\unittest\bin\debug\net6.0-windows\videoos.platform.tests.dll" id="038e82e7-0736-b906-6069-bf165dcdf81d">
      <Execution id="7d479298-61d5-4dfa-bc58-98015e83e3b3" />
      <TestMethod codeBase="D:\actions-runner\_work\XPCO\XPCO\AllSolutions\..\MIP\PlatformPlugin\VideoOS.Platform\unittest\bin\Debug\net6.0-windows\VideoOS.Platform.Tests.dll" adapterTypeName="executor://mstestadapter/v2" className="VideoOS.Platform.Tests.Metadata.VectorTests" name="ReadXml_ShouldReadXAttribute_WhenPresent" />
    </UnitTest>
    <UnitTest name="TestMultiLevelQueue_TwoLevels_DifferentLevelIdentifiers_Success" storage="d:\actions-runner\_work\xpco\xpco\allsolutions\..\mip\platformplugin\videoos.platform\unittest\bin\debug\net6.0-windows\videoos.platform.tests.dll" id="5d87446d-b17e-e82f-a4a3-ee27c1dfacd1">
      <Execution id="8898ad0b-18f4-429a-a3ed-2d8365f6e31d" />
      <TestMethod codeBase="D:\actions-runner\_work\XPCO\XPCO\AllSolutions\..\MIP\PlatformPlugin\VideoOS.Platform\unittest\bin\Debug\net6.0-windows\VideoOS.Platform.Tests.dll" adapterTypeName="executor://mstestadapter/v2" className="VideoOS.Platform.Tests.Util.Queue.MultiLevelResourceQueueTests" name="TestMultiLevelQueue_TwoLevels_DifferentLevelIdentifiers_Success" />
    </UnitTest>
    <UnitTest name="AllAttributesWerePresent_ShouldReturnFalse_WhenBottomAttributeIsNotAFloat" storage="d:\actions-runner\_work\xpco\xpco\allsolutions\..\mip\platformplugin\videoos.platform\unittest\bin\debug\net6.0-windows\videoos.platform.tests.dll" id="e8ad2706-3327-0bd0-6928-db3b3e6344dc">
      <Execution id="5c0f34b9-7fc3-4817-9232-736b838667c1" />
      <TestMethod codeBase="D:\actions-runner\_work\XPCO\XPCO\AllSolutions\..\MIP\PlatformPlugin\VideoOS.Platform\unittest\bin\Debug\net6.0-windows\VideoOS.Platform.Tests.dll" adapterTypeName="executor://mstestadapter/v2" className="VideoOS.Platform.Tests.Metadata.RectangleTests" name="AllAttributesWerePresent_ShouldReturnFalse_WhenBottomAttributeIsNotAFloat" />
    </UnitTest>
    <UnitTest name="Serialize_TestCases (TestParentTypeMatchBoolNotThisTypeMatched)" storage="d:\actions-runner\_work\xpco\xpco\allsolutions\..\mip\platformplugin\videoos.platform\unittest\bin\debug\net6.0-windows\videoos.platform.tests.dll" id="80eb5992-c82a-ed44-e16c-bbd14f90a9d1">
      <Execution id="d7615e23-063a-4e7b-8f0d-aa96694d8a24" />
      <TestMethod codeBase="D:\actions-runner\_work\XPCO\XPCO\AllSolutions\..\MIP\PlatformPlugin\VideoOS.Platform\unittest\bin\Debug\net6.0-windows\VideoOS.Platform.Tests.dll" adapterTypeName="executor://mstestadapter/v2" className="VideoOS.Platform.Tests.UI.Controls.Automation.Serialization.AutomationObjectSerializerTest" name="Serialize_TestCases" />
    </UnitTest>
    <UnitTest name="GetBegin_ShouldReturnNull_WhenThereIsNoData" storage="d:\actions-runner\_work\xpco\xpco\allsolutions\..\mip\platformplugin\videoos.platform\unittest\bin\debug\net6.0-windows\videoos.platform.tests.dll" id="47b928b9-6c48-7599-b49a-10b524a65d0b">
      <Execution id="51f06690-24f7-43f3-857c-6b660205d43e" />
      <TestMethod codeBase="D:\actions-runner\_work\XPCO\XPCO\AllSolutions\..\MIP\PlatformPlugin\VideoOS.Platform\unittest\bin\Debug\net6.0-windows\VideoOS.Platform.Tests.dll" adapterTypeName="executor://mstestadapter/v2" className="VideoOS.Platform.Tests.Data.MetadataPlaybackSourceTests" name="GetBegin_ShouldReturnNull_WhenThereIsNoData" />
    </UnitTest>
    <UnitTest name="JsonReader_ErrorResponse_Success" storage="d:\actions-runner\_work\xpco\xpco\allsolutions\..\mip\platformplugin\videoos.platform\unittest\bin\debug\net6.0-windows\videoos.platform.tests.dll" id="e683acf1-8f1f-37ca-c494-91edf8586d46">
      <Execution id="03231ae9-8650-4be3-9d45-b6e795d6b995" />
      <TestMethod codeBase="D:\actions-runner\_work\XPCO\XPCO\AllSolutions\..\MIP\PlatformPlugin\VideoOS.Platform\unittest\bin\Debug\net6.0-windows\VideoOS.Platform.Tests.dll" adapterTypeName="executor://mstestadapter/v2" className="VideoOS.Platform.Tests.Proxy.RestApi.JsonReaderTests" name="JsonReader_ErrorResponse_Success" />
    </UnitTest>
    <UnitTest name="Serialize_ShouldThrowException_WhenPropertyCollectionTypeButPathDoesNotIndicateCollection (CollectionNotEmptyListProperty)" storage="d:\actions-runner\_work\xpco\xpco\allsolutions\..\mip\platformplugin\videoos.platform\unittest\bin\debug\net6.0-windows\videoos.platform.tests.dll" id="4c86b04f-d23f-a2c9-e114-14c57820d810">
      <Execution id="a2499a9a-aa17-4afa-8064-5aa9e78b3055" />
      <TestMethod codeBase="D:\actions-runner\_work\XPCO\XPCO\AllSolutions\..\MIP\PlatformPlugin\VideoOS.Platform\unittest\bin\Debug\net6.0-windows\VideoOS.Platform.Tests.dll" adapterTypeName="executor://mstestadapter/v2" className="VideoOS.Platform.Tests.UI.Controls.Automation.Serialization.AutomationObjectSerializerTest" name="Serialize_ShouldThrowException_WhenPropertyCollectionTypeButPathDoesNotIndicateCollection" />
    </UnitTest>
    <UnitTest name="Serialize_ShouldIncludeOptionDecorations_WhenPropertyIsCollectionOfObjectsAndNoPropertiesRequestedInPath" storage="d:\actions-runner\_work\xpco\xpco\allsolutions\..\mip\platformplugin\videoos.platform\unittest\bin\debug\net6.0-windows\videoos.platform.tests.dll" id="8d35e87b-236d-d2d1-5276-ca6f3e50fdcb">
      <Execution id="628e687c-301a-4732-b9e3-93ff551831fa" />
      <TestMethod codeBase="D:\actions-runner\_work\XPCO\XPCO\AllSolutions\..\MIP\PlatformPlugin\VideoOS.Platform\unittest\bin\Debug\net6.0-windows\VideoOS.Platform.Tests.dll" adapterTypeName="executor://mstestadapter/v2" className="VideoOS.Platform.Tests.UI.Controls.Automation.Serialization.AutomationObjectSerializerTest" name="Serialize_ShouldIncludeOptionDecorations_WhenPropertyIsCollectionOfObjectsAndNoPropertiesRequestedInPath" />
    </UnitTest>
    <UnitTest name="GetCompatibilityHandler_ShouldReturnFips_WhenCallingFipsCompliantSystem_20_3" storage="d:\actions-runner\_work\xpco\xpco\allsolutions\..\mip\platformplugin\videoos.platform\unittest\bin\debug\net6.0-windows\videoos.platform.tests.dll" id="529dab04-2278-118b-6ef7-08fc1ab4d8b0">
      <Execution id="5077be60-b32b-4219-a397-b8199008a4dd" />
      <TestMethod codeBase="D:\actions-runner\_work\XPCO\XPCO\AllSolutions\..\MIP\PlatformPlugin\VideoOS.Platform\unittest\bin\Debug\net6.0-windows\VideoOS.Platform.Tests.dll" adapterTypeName="executor://mstestadapter/v2" className="VideoOS.Platform.Tests.License.LicenseManagerTests" name="GetCompatibilityHandler_ShouldReturnFips_WhenCallingFipsCompliantSystem_20_3" />
    </UnitTest>
    <UnitTest name="CreateSearchFilterEditControl_PluginReturnsNull_ReturnsNull" storage="d:\actions-runner\_work\xpco\xpco\allsolutions\..\mip\platformplugin\videoos.platform\unittest\bin\debug\net6.0-windows\videoos.platform.tests.dll" id="e4e07f2b-adba-7b75-6902-9e3a9d332cfe">
      <TestCategory>
        <TestCategoryItem TestCategory="Search" />
      </TestCategory>
      <Execution id="36ff8c81-567c-43d1-8ce8-1c2e93998482" />
      <TestMethod codeBase="D:\actions-runner\_work\XPCO\XPCO\AllSolutions\..\MIP\PlatformPlugin\VideoOS.Platform\unittest\bin\Debug\net6.0-windows\VideoOS.Platform.Tests.dll" adapterTypeName="executor://mstestadapter/v2" className="VideoOS.Platform.Tests.Search.SearchUserControlResolverTest" name="CreateSearchFilterEditControl_PluginReturnsNull_ReturnsNull" />
    </UnitTest>
    <UnitTest name="WriteXml_ShouldWriteTopAttribute_WhenAlays" storage="d:\actions-runner\_work\xpco\xpco\allsolutions\..\mip\platformplugin\videoos.platform\unittest\bin\debug\net6.0-windows\videoos.platform.tests.dll" id="7fa99fc8-4dae-9088-0c08-813290a88ab6">
      <Execution id="c797f25a-3f00-4c45-9547-2edcf8cfc4cc" />
      <TestMethod codeBase="D:\actions-runner\_work\XPCO\XPCO\AllSolutions\..\MIP\PlatformPlugin\VideoOS.Platform\unittest\bin\Debug\net6.0-windows\VideoOS.Platform.Tests.dll" adapterTypeName="executor://mstestadapter/v2" className="VideoOS.Platform.Tests.Metadata.RectangleTests" name="WriteXml_ShouldWriteTopAttribute_WhenAlays" />
    </UnitTest>
    <UnitTest name="ReadXml_ShouldReadAzimuth_WhenAzimuthIsPresent" storage="d:\actions-runner\_work\xpco\xpco\allsolutions\..\mip\platformplugin\videoos.platform\unittest\bin\debug\net6.0-windows\videoos.platform.tests.dll" id="29b14ef8-e43d-41e1-d5fc-d7d493be4940">
      <Execution id="b5feb0e0-3443-4e3e-995a-a1a571f21df8" />
      <TestMethod codeBase="D:\actions-runner\_work\XPCO\XPCO\AllSolutions\..\MIP\PlatformPlugin\VideoOS.Platform\unittest\bin\Debug\net6.0-windows\VideoOS.Platform.Tests.dll" adapterTypeName="executor://mstestadapter/v2" className="VideoOS.Platform.Tests.Metadata.NavigationalDataTests" name="ReadXml_ShouldReadAzimuth_WhenAzimuthIsPresent" />
    </UnitTest>
    <UnitTest name="Set_String" storage="d:\actions-runner\_work\xpco\xpco\allsolutions\..\mip\platformplugin\videoos.platform\unittest\bin\debug\net6.0-windows\videoos.platform.tests.dll" id="48eac079-0542-ec87-ddd8-945c77d287cd">
      <Execution id="fed6b85b-dec3-4bb7-ba3a-c9662dbefe5a" />
      <TestMethod codeBase="D:\actions-runner\_work\XPCO\XPCO\AllSolutions\..\MIP\PlatformPlugin\VideoOS.Platform\unittest\bin\Debug\net6.0-windows\VideoOS.Platform.Tests.dll" adapterTypeName="executor://mstestadapter/v2" className="VideoOS.Platform.Tests.Proxy.RestApi.JsonReaderTests" name="Set_String" />
    </UnitTest>
    <UnitTest name="ReadXml_ShouldSetAllFieldsToDefaultValues_WhenElementIsEmpty" storage="d:\actions-runner\_work\xpco\xpco\allsolutions\..\mip\platformplugin\videoos.platform\unittest\bin\debug\net6.0-windows\videoos.platform.tests.dll" id="66b56aea-40c3-2481-4b5e-49255676d9f1">
      <Execution id="39fbca60-7c93-40e0-a8b3-3242409da27f" />
      <TestMethod codeBase="D:\actions-runner\_work\XPCO\XPCO\AllSolutions\..\MIP\PlatformPlugin\VideoOS.Platform\unittest\bin\Debug\net6.0-windows\VideoOS.Platform.Tests.dll" adapterTypeName="executor://mstestadapter/v2" className="VideoOS.Platform.Tests.Metadata.OnvifObjectTests" name="ReadXml_ShouldSetAllFieldsToDefaultValues_WhenElementIsEmpty" />
    </UnitTest>
    <UnitTest name="CollectionReplaced_ShouldInvokeCallback_WhenNotObservable" storage="d:\actions-runner\_work\xpco\xpco\allsolutions\..\mip\platformplugin\videoos.platform\unittest\bin\debug\net6.0-windows\videoos.platform.tests.dll" id="03519c29-5d68-745a-351e-45c267ad13e8">
      <Execution id="668d7223-c6db-437a-bff7-5322b0f6c617" />
      <TestMethod codeBase="D:\actions-runner\_work\XPCO\XPCO\AllSolutions\..\MIP\PlatformPlugin\VideoOS.Platform\unittest\bin\Debug\net6.0-windows\VideoOS.Platform.Tests.dll" adapterTypeName="executor://mstestadapter/v2" className="VideoOS.Platform.Tests.UI.Controls.CollectionHelperTest" name="CollectionReplaced_ShouldInvokeCallback_WhenNotObservable" />
    </UnitTest>
    <UnitTest name="GenerateDeviceCapabilityParameters_ShouldWriteTypeAsEnum_WhenAlways" storage="d:\actions-runner\_work\xpco\xpco\allsolutions\..\mip\platformplugin\videoos.platform\unittest\bin\debug\net6.0-windows\videoos.platform.tests.dll" id="c23f9653-e5cb-0826-ce5a-723493994ef0">
      <Execution id="771490b6-4670-401e-8a5e-3d4dd28791ab" />
      <TestMethod codeBase="D:\actions-runner\_work\XPCO\XPCO\AllSolutions\..\MIP\PlatformPlugin\VideoOS.Platform\unittest\bin\Debug\net6.0-windows\VideoOS.Platform.Tests.dll" adapterTypeName="executor://mstestadapter/v2" className="VideoOS.Platform.Tests.Data.EnumCapabilityTests" name="GenerateDeviceCapabilityParameters_ShouldWriteTypeAsEnum_WhenAlways" />
    </UnitTest>
    <UnitTest name="ProvideValue_ShouldUpdateTargetProperty_WhenDataContextDPValueChanges" storage="d:\actions-runner\_work\xpco\xpco\allsolutions\..\mip\platformplugin\videoos.platform\unittest\bin\debug\net6.0-windows\videoos.platform.tests.dll" id="668a7b7c-485c-e1be-eac6-0f37f9c5a345">
      <TestCategory>
        <TestCategoryItem TestCategory="TabControls" />
      </TestCategory>
      <Execution id="53ab98a3-9d3c-40bd-b6f4-7c691e406d71" />
      <TestMethod codeBase="D:\actions-runner\_work\XPCO\XPCO\AllSolutions\..\MIP\PlatformPlugin\VideoOS.Platform\unittest\bin\Debug\net6.0-windows\VideoOS.Platform.Tests.dll" adapterTypeName="executor://mstestadapter/v2" className="VideoOS.Platform.Tests.UI.Controls.TabControls.Internal.Primary.ItemHeaderExtensionTest" name="ProvideValue_ShouldUpdateTargetProperty_WhenDataContextDPValueChanges" />
    </UnitTest>
    <UnitTest name="Serialize_TestCases (TestParentTypeMatchGenericThisTypeNotMatchedProperty)" storage="d:\actions-runner\_work\xpco\xpco\allsolutions\..\mip\platformplugin\videoos.platform\unittest\bin\debug\net6.0-windows\videoos.platform.tests.dll" id="84ea0ecf-7538-7ba3-3591-e86fa59176ef">
      <Execution id="9b33763f-cd07-4270-b35d-9b12cddc29aa" />
      <TestMethod codeBase="D:\actions-runner\_work\XPCO\XPCO\AllSolutions\..\MIP\PlatformPlugin\VideoOS.Platform\unittest\bin\Debug\net6.0-windows\VideoOS.Platform.Tests.dll" adapterTypeName="executor://mstestadapter/v2" className="VideoOS.Platform.Tests.UI.Controls.Automation.Serialization.AutomationObjectSerializerTest" name="Serialize_TestCases" />
    </UnitTest>
    <UnitTest name="Encrypt_ShouldThrowMIPException_WhenCryptographicServiceProviderIsNotAvailable" storage="d:\actions-runner\_work\xpco\xpco\allsolutions\..\mip\platformplugin\videoos.platform\unittest\bin\debug\net6.0-windows\videoos.platform.tests.dll" id="893df90f-4ad3-2688-f803-e533f67faf3b">
      <Execution id="9ed1d6df-503e-41ac-b48a-0e036811cc48" />
      <TestMethod codeBase="D:\actions-runner\_work\XPCO\XPCO\AllSolutions\..\MIP\PlatformPlugin\VideoOS.Platform\unittest\bin\Debug\net6.0-windows\VideoOS.Platform.Tests.dll" adapterTypeName="executor://mstestadapter/v2" className="VideoOS.Platform.Tests.License.NonFipsLicenseCompatibilityHandlerTests" name="Encrypt_ShouldThrowMIPException_WhenCryptographicServiceProviderIsNotAvailable" />
    </UnitTest>
    <UnitTest name="BeginTimeShouldReturnConstructorParameter" storage="d:\actions-runner\_work\xpco\xpco\allsolutions\..\mip\platformplugin\videoos.platform\unittest\bin\debug\net6.0-windows\videoos.platform.tests.dll" id="d131d3ee-68f2-b781-805c-3d38a16bf8a5">
      <Execution id="37bdaf78-164a-4ca2-a2b4-b384aa5f5bc8" />
      <TestMethod codeBase="D:\actions-runner\_work\XPCO\XPCO\AllSolutions\..\MIP\PlatformPlugin\VideoOS.Platform\unittest\bin\Debug\net6.0-windows\VideoOS.Platform.Tests.dll" adapterTypeName="executor://mstestadapter/v2" className="VideoOS.Platform.Tests.Live.MetadataLiveContentTests" name="BeginTimeShouldReturnConstructorParameter" />
    </UnitTest>
    <UnitTest name="GetEnd_ShouldReturnNull_WhenToolkitReturnsResponseWithNullDataList" storage="d:\actions-runner\_work\xpco\xpco\allsolutions\..\mip\platformplugin\videoos.platform\unittest\bin\debug\net6.0-windows\videoos.platform.tests.dll" id="65a78e97-54ce-8026-0240-7af1b5e1a5a5">
      <Execution id="41c7fb78-0ef1-4a25-972a-20f0dbe415b6" />
      <TestMethod codeBase="D:\actions-runner\_work\XPCO\XPCO\AllSolutions\..\MIP\PlatformPlugin\VideoOS.Platform\unittest\bin\Debug\net6.0-windows\VideoOS.Platform.Tests.dll" adapterTypeName="executor://mstestadapter/v2" className="VideoOS.Platform.Tests.Data.MetadataPlaybackSourceTests" name="GetEnd_ShouldReturnNull_WhenToolkitReturnsResponseWithNullDataList" />
    </UnitTest>
    <UnitTest name="Enqueue_QueueStopped_Fails" storage="d:\actions-runner\_work\xpco\xpco\allsolutions\..\mip\platformplugin\videoos.platform\unittest\bin\debug\net6.0-windows\videoos.platform.tests.dll" id="bf5918ba-1ac5-ba5f-cde7-7b7063949a78">
      <Execution id="64e36d67-99e0-4c23-9f5f-6ee0e9a840f3" />
      <TestMethod codeBase="D:\actions-runner\_work\XPCO\XPCO\AllSolutions\..\MIP\PlatformPlugin\VideoOS.Platform\unittest\bin\Debug\net6.0-windows\VideoOS.Platform.Tests.dll" adapterTypeName="executor://mstestadapter/v2" className="VideoOS.Platform.Tests.Util.Queue.ConcurrentQueueSlimTests" name="Enqueue_QueueStopped_Fails" />
    </UnitTest>
    <UnitTest name="WriteXml_ShouldWriteIsRemovedElement_WhenIsRemovedIsTrue" storage="d:\actions-runner\_work\xpco\xpco\allsolutions\..\mip\platformplugin\videoos.platform\unittest\bin\debug\net6.0-windows\videoos.platform.tests.dll" id="dcc9cf01-7d0d-4dc6-9027-2fa692f04ff1">
      <Execution id="55948827-d8f3-481c-be4b-0e81184ca0d6" />
      <TestMethod codeBase="D:\actions-runner\_work\XPCO\XPCO\AllSolutions\..\MIP\PlatformPlugin\VideoOS.Platform\unittest\bin\Debug\net6.0-windows\VideoOS.Platform.Tests.dll" adapterTypeName="executor://mstestadapter/v2" className="VideoOS.Platform.Tests.Metadata.BehaviourTests" name="WriteXml_ShouldWriteIsRemovedElement_WhenIsRemovedIsTrue" />
    </UnitTest>
    <UnitTest name="HasBehaviours_ShouldReturnTrue_WhenEitherIdleOrRemovedIsTrue" storage="d:\actions-runner\_work\xpco\xpco\allsolutions\..\mip\platformplugin\videoos.platform\unittest\bin\debug\net6.0-windows\videoos.platform.tests.dll" id="251b347e-5118-6923-54c2-687fcb9f9027">
      <Execution id="6df4213c-1703-4982-b7d4-c816264f4edd" />
      <TestMethod codeBase="D:\actions-runner\_work\XPCO\XPCO\AllSolutions\..\MIP\PlatformPlugin\VideoOS.Platform\unittest\bin\Debug\net6.0-windows\VideoOS.Platform.Tests.dll" adapterTypeName="executor://mstestadapter/v2" className="VideoOS.Platform.Tests.Metadata.BehaviourTests" name="HasBehaviours_ShouldReturnTrue_WhenEitherIdleOrRemovedIsTrue" />
    </UnitTest>
    <UnitTest name="WriteXml_ShouldWriteValueOnly_WhenAllePropertiesAreNotSet" storage="d:\actions-runner\_work\xpco\xpco\allsolutions\..\mip\platformplugin\videoos.platform\unittest\bin\debug\net6.0-windows\videoos.platform.tests.dll" id="96f1c2c4-5dc5-dea5-6196-eb11056b2deb">
      <Execution id="ac7d1a5d-c168-4d7e-9add-a4178898dced" />
      <TestMethod codeBase="D:\actions-runner\_work\XPCO\XPCO\AllSolutions\..\MIP\PlatformPlugin\VideoOS.Platform\unittest\bin\Debug\net6.0-windows\VideoOS.Platform.Tests.dll" adapterTypeName="executor://mstestadapter/v2" className="VideoOS.Platform.Tests.Metadata.DisplayTextTests" name="WriteXml_ShouldWriteValueOnly_WhenAllePropertiesAreNotSet" />
    </UnitTest>
    <UnitTest name="SHA256Hex64_ShouldReturnSHAHash_WhenInputIsEmpty" storage="d:\actions-runner\_work\xpco\xpco\allsolutions\..\mip\platformplugin\videoos.platform\unittest\bin\debug\net6.0-windows\videoos.platform.tests.dll" id="8323b4f2-e9f8-2e2a-6f22-cc6a18906d5b">
      <Execution id="a18669a8-8314-4265-af14-47dcd2605bbe" />
      <TestMethod codeBase="D:\actions-runner\_work\XPCO\XPCO\AllSolutions\..\MIP\PlatformPlugin\VideoOS.Platform\unittest\bin\Debug\net6.0-windows\VideoOS.Platform.Tests.dll" adapterTypeName="executor://mstestadapter/v2" className="VideoOS.Platform.Tests.Data.MediaProviderInternal.UtilityTests" name="SHA256Hex64_ShouldReturnSHAHash_WhenInputIsEmpty" />
    </UnitTest>
    <UnitTest name="GetIdFromPath_ShouldReturnNull_FromIncorrectPath" storage="d:\actions-runner\_work\xpco\xpco\allsolutions\..\mip\platformplugin\videoos.platform\unittest\bin\debug\net6.0-windows\videoos.platform.tests.dll" id="09fa2387-002a-88c8-0b1c-134e9e315493">
      <Execution id="4d7e54f6-a9b0-4653-b6da-4677d5919843" />
      <TestMethod codeBase="D:\actions-runner\_work\XPCO\XPCO\AllSolutions\..\MIP\PlatformPlugin\VideoOS.Platform\unittest\bin\Debug\net6.0-windows\VideoOS.Platform.Tests.dll" adapterTypeName="executor://mstestadapter/v2" className="VideoOS.Platform.Tests.ConfigurationItems.FactoryTests" name="GetIdFromPath_ShouldReturnNull_FromIncorrectPath" />
    </UnitTest>
    <UnitTest name="ReadXml_ShouldReadScaleContents_WhenScaleIsPresent" storage="d:\actions-runner\_work\xpco\xpco\allsolutions\..\mip\platformplugin\videoos.platform\unittest\bin\debug\net6.0-windows\videoos.platform.tests.dll" id="d298d9c7-7d7d-ad15-03cc-8ab9e391d377">
      <Execution id="ff705e26-ea9f-4486-854d-c379d5a2ed41" />
      <TestMethod codeBase="D:\actions-runner\_work\XPCO\XPCO\AllSolutions\..\MIP\PlatformPlugin\VideoOS.Platform\unittest\bin\Debug\net6.0-windows\VideoOS.Platform.Tests.dll" adapterTypeName="executor://mstestadapter/v2" className="VideoOS.Platform.Tests.Metadata.TransformationTests" name="ReadXml_ShouldReadScaleContents_WhenScaleIsPresent" />
    </UnitTest>
    <UnitTest name="GetMetadataObjectIdsAsync_MultipleInvocations_DelegatedToInternalMethodOnlyOnce" storage="d:\actions-runner\_work\xpco\xpco\allsolutions\..\mip\platformplugin\videoos.platform\unittest\bin\debug\net6.0-windows\videoos.platform.tests.dll" id="40cc8bf3-9b9a-c620-7f65-c9598a6e4a28">
      <TestCategory>
        <TestCategoryItem TestCategory="Search" />
      </TestCategory>
      <Execution id="d3131bf4-7b9d-45f7-8171-7a529a6412f9" />
      <TestMethod codeBase="D:\actions-runner\_work\XPCO\XPCO\AllSolutions\..\MIP\PlatformPlugin\VideoOS.Platform\unittest\bin\Debug\net6.0-windows\VideoOS.Platform.Tests.dll" adapterTypeName="executor://mstestadapter/v2" className="VideoOS.Platform.Tests.Search.SearchResultDataTest" name="GetMetadataObjectIdsAsync_MultipleInvocations_DelegatedToInternalMethodOnlyOnce" />
    </UnitTest>
    <UnitTest name="ReadXml_ShouldIgnoreUnknownChildren_WhenUnknownChildrenArePresent" storage="d:\actions-runner\_work\xpco\xpco\allsolutions\..\mip\platformplugin\videoos.platform\unittest\bin\debug\net6.0-windows\videoos.platform.tests.dll" id="222dc4eb-8a5f-bb70-a6c0-96da1bd8a35a">
      <Execution id="1fa520d0-f303-4925-9a2e-e7af23bfe5c5" />
      <TestMethod codeBase="D:\actions-runner\_work\XPCO\XPCO\AllSolutions\..\MIP\PlatformPlugin\VideoOS.Platform\unittest\bin\Debug\net6.0-windows\VideoOS.Platform.Tests.dll" adapterTypeName="executor://mstestadapter/v2" className="VideoOS.Platform.Tests.Metadata.OnvifClassTests" name="ReadXml_ShouldIgnoreUnknownChildren_WhenUnknownChildrenArePresent" />
    </UnitTest>
    <UnitTest name="ReadXml_ShouldLogWarningTwiceWhenMoreThanOneMinuteBetweenWarnings_WhenRequiredAttributeIsMissing" storage="d:\actions-runner\_work\xpco\xpco\allsolutions\..\mip\platformplugin\videoos.platform\unittest\bin\debug\net6.0-windows\videoos.platform.tests.dll" id="301bb053-2669-b626-aada-e5ec26552701">
      <Execution id="28420a7c-7ce3-4b6d-9378-e114639acbeb" />
      <TestMethod codeBase="D:\actions-runner\_work\XPCO\XPCO\AllSolutions\..\MIP\PlatformPlugin\VideoOS.Platform\unittest\bin\Debug\net6.0-windows\VideoOS.Platform.Tests.dll" adapterTypeName="executor://mstestadapter/v2" className="VideoOS.Platform.Tests.Metadata.RectangleTests" name="ReadXml_ShouldLogWarningTwiceWhenMoreThanOneMinuteBetweenWarnings_WhenRequiredAttributeIsMissing" />
    </UnitTest>
    <UnitTest name="Dequeue_QueueStopped_Success" storage="d:\actions-runner\_work\xpco\xpco\allsolutions\..\mip\platformplugin\videoos.platform\unittest\bin\debug\net6.0-windows\videoos.platform.tests.dll" id="55879e88-00c8-60e5-e0db-26c24e4c9b0f">
      <Execution id="5cf7724d-0a2a-4b52-8845-0ff38aa7cf77" />
      <TestMethod codeBase="D:\actions-runner\_work\XPCO\XPCO\AllSolutions\..\MIP\PlatformPlugin\VideoOS.Platform\unittest\bin\Debug\net6.0-windows\VideoOS.Platform.Tests.dll" adapterTypeName="executor://mstestadapter/v2" className="VideoOS.Platform.Tests.Util.Queue.ConcurrentQueueSlimTests" name="Dequeue_QueueStopped_Success" />
    </UnitTest>
    <UnitTest name="Equals_IgnoreFolderType_Fail_OnObjectId" storage="d:\actions-runner\_work\xpco\xpco\allsolutions\..\mip\platformplugin\videoos.platform\unittest\bin\debug\net6.0-windows\videoos.platform.tests.dll" id="f9efcab8-a490-8c63-2e77-81876b9a47ee">
      <Execution id="b3a8d146-1f1b-46d6-b62e-3c2c004f5d05" />
      <TestMethod codeBase="D:\actions-runner\_work\XPCO\XPCO\AllSolutions\..\MIP\PlatformPlugin\VideoOS.Platform\unittest\bin\Debug\net6.0-windows\VideoOS.Platform.Tests.dll" adapterTypeName="executor://mstestadapter/v2" className="VideoOS.Platform.Tests.FQIDtests" name="Equals_IgnoreFolderType_Fail_OnObjectId" />
    </UnitTest>
    <UnitTest name="Add_ShouldUpdateEndCache_WhenOldEndTimeIsEarlierThanAdded" storage="d:\actions-runner\_work\xpco\xpco\allsolutions\..\mip\platformplugin\videoos.platform\unittest\bin\debug\net6.0-windows\videoos.platform.tests.dll" id="cc29216e-1cfd-6792-7ea1-15bf1c735835">
      <Execution id="98b56751-9266-4323-bee0-43d2ddf4a451" />
      <TestMethod codeBase="D:\actions-runner\_work\XPCO\XPCO\AllSolutions\..\MIP\PlatformPlugin\VideoOS.Platform\unittest\bin\Debug\net6.0-windows\VideoOS.Platform.Tests.dll" adapterTypeName="executor://mstestadapter/v2" className="VideoOS.Platform.Tests.Client.SequenceCacheTests" name="Add_ShouldUpdateEndCache_WhenOldEndTimeIsEarlierThanAdded" />
    </UnitTest>
    <UnitTest name="ReadXml_ShouldReadFrame_WhenCorrectFrameIsPresent" storage="d:\actions-runner\_work\xpco\xpco\allsolutions\..\mip\platformplugin\videoos.platform\unittest\bin\debug\net6.0-windows\videoos.platform.tests.dll" id="9b0e5cb1-f4f9-6c49-68ba-942303d83183">
      <Execution id="601570c0-fa07-425d-addd-832a5d684f9d" />
      <TestMethod codeBase="D:\actions-runner\_work\XPCO\XPCO\AllSolutions\..\MIP\PlatformPlugin\VideoOS.Platform\unittest\bin\Debug\net6.0-windows\VideoOS.Platform.Tests.dll" adapterTypeName="executor://mstestadapter/v2" className="VideoOS.Platform.Tests.Metadata.VideoAnalyticsTests" name="ReadXml_ShouldReadFrame_WhenCorrectFrameIsPresent" />
    </UnitTest>
    <UnitTest name="Serialize_TestCases (TestParentCollectionNotEmptyArrayProperty)" storage="d:\actions-runner\_work\xpco\xpco\allsolutions\..\mip\platformplugin\videoos.platform\unittest\bin\debug\net6.0-windows\videoos.platform.tests.dll" id="5a2f32ed-e56e-8f83-632e-04bbc55d82b2">
      <Execution id="06d3e4a1-65b7-4bd4-b0ce-0fbb32378ccc" />
      <TestMethod codeBase="D:\actions-runner\_work\XPCO\XPCO\AllSolutions\..\MIP\PlatformPlugin\VideoOS.Platform\unittest\bin\Debug\net6.0-windows\VideoOS.Platform.Tests.dll" adapterTypeName="executor://mstestadapter/v2" className="VideoOS.Platform.Tests.UI.Controls.Automation.Serialization.AutomationObjectSerializerTest" name="Serialize_TestCases" />
    </UnitTest>
    <UnitTest name="GetNext_ShouldReturnNull_WhenCallToFindCacheEntryBeforeReturnedNull" storage="d:\actions-runner\_work\xpco\xpco\allsolutions\..\mip\platformplugin\videoos.platform\unittest\bin\debug\net6.0-windows\videoos.platform.tests.dll" id="134110e6-fb08-89b6-f21b-257fe054fa49">
      <Execution id="7b74c636-3771-4fe1-9f55-c69dcb0134a4" />
      <TestMethod codeBase="D:\actions-runner\_work\XPCO\XPCO\AllSolutions\..\MIP\PlatformPlugin\VideoOS.Platform\unittest\bin\Debug\net6.0-windows\VideoOS.Platform.Tests.dll" adapterTypeName="executor://mstestadapter/v2" className="VideoOS.Platform.Tests.Data.MetadataCacheTests" name="GetNext_ShouldReturnNull_WhenCallToFindCacheEntryBeforeReturnedNull" />
    </UnitTest>
    <UnitTest name="WriteXml_ShouldOmitElements_WhenDataIsNotPresent" storage="d:\actions-runner\_work\xpco\xpco\allsolutions\..\mip\platformplugin\videoos.platform\unittest\bin\debug\net6.0-windows\videoos.platform.tests.dll" id="3bd4e091-3cac-addc-1c5e-6f943e11b33f">
      <Execution id="0896e3a1-b343-452a-81eb-42910bbe2d0d" />
      <TestMethod codeBase="D:\actions-runner\_work\XPCO\XPCO\AllSolutions\..\MIP\PlatformPlugin\VideoOS.Platform\unittest\bin\Debug\net6.0-windows\VideoOS.Platform.Tests.dll" adapterTypeName="executor://mstestadapter/v2" className="VideoOS.Platform.Tests.Metadata.FrameTests" name="WriteXml_ShouldOmitElements_WhenDataIsNotPresent" />
    </UnitTest>
    <UnitTest name="ReadXml_ShouldIgnoreAppearance_WhenAppearanceIsPresenWithWrongNamespace" storage="d:\actions-runner\_work\xpco\xpco\allsolutions\..\mip\platformplugin\videoos.platform\unittest\bin\debug\net6.0-windows\videoos.platform.tests.dll" id="1231dbfb-8caf-95d4-fa10-3201d28cc912">
      <Execution id="f6eaa8fa-9f50-45a3-a023-167f34ec6fa4" />
      <TestMethod codeBase="D:\actions-runner\_work\XPCO\XPCO\AllSolutions\..\MIP\PlatformPlugin\VideoOS.Platform\unittest\bin\Debug\net6.0-windows\VideoOS.Platform.Tests.dll" adapterTypeName="executor://mstestadapter/v2" className="VideoOS.Platform.Tests.Metadata.OnvifObjectTests" name="ReadXml_ShouldIgnoreAppearance_WhenAppearanceIsPresenWithWrongNamespace" />
    </UnitTest>
    <UnitTest name="SearchResultData_EndTimeWithPadding_Success" storage="d:\actions-runner\_work\xpco\xpco\allsolutions\..\mip\platformplugin\videoos.platform\unittest\bin\debug\net6.0-windows\videoos.platform.tests.dll" id="b43543d5-d01e-b4aa-3f27-43446c7c519e">
      <TestCategory>
        <TestCategoryItem TestCategory="Search" />
      </TestCategory>
      <Execution id="ce8a9a01-4cce-42f3-8b8d-42c35791d4e7" />
      <TestMethod codeBase="D:\actions-runner\_work\XPCO\XPCO\AllSolutions\..\MIP\PlatformPlugin\VideoOS.Platform\unittest\bin\Debug\net6.0-windows\VideoOS.Platform.Tests.dll" adapterTypeName="executor://mstestadapter/v2" className="VideoOS.Platform.Tests.Search.SearchResultDataTest" name="SearchResultData_EndTimeWithPadding_Success" />
    </UnitTest>
    <UnitTest name="Construct1_And_Field_Check" storage="d:\actions-runner\_work\xpco\xpco\allsolutions\..\mip\platformplugin\videoos.platform\unittest\bin\debug\net6.0-windows\videoos.platform.tests.dll" id="dacce14d-9756-2798-fd98-fb15b8b3c6f4">
      <Execution id="2d2263c1-f83b-4856-965c-5893e1e8a810" />
      <TestMethod codeBase="D:\actions-runner\_work\XPCO\XPCO\AllSolutions\..\MIP\PlatformPlugin\VideoOS.Platform\unittest\bin\Debug\net6.0-windows\VideoOS.Platform.Tests.dll" adapterTypeName="executor://mstestadapter/v2" className="VideoOS.Platform.Tests.ItemTests" name="Construct1_And_Field_Check" />
    </UnitTest>
    <UnitTest name="ReadyToClose_OkCommand_SingleSelect_Thrown" storage="d:\actions-runner\_work\xpco\xpco\allsolutions\..\mip\platformplugin\videoos.platform\unittest\bin\debug\net6.0-windows\videoos.platform.tests.dll" id="be7d7f3c-32c0-1ba5-667f-eebdbcb535c4">
      <Execution id="24401980-a186-4538-b62c-aee069f75593" />
      <TestMethod codeBase="D:\actions-runner\_work\XPCO\XPCO\AllSolutions\..\MIP\PlatformPlugin\VideoOS.Platform\unittest\bin\Debug\net6.0-windows\VideoOS.Platform.Tests.dll" adapterTypeName="executor://mstestadapter/v2" className="VideoOS.Platform.Tests.UI.ItemPicker.ItemPickerWindowViewModelTest" name="ReadyToClose_OkCommand_SingleSelect_Thrown" />
    </UnitTest>
    <UnitTest name="Read_and_build_Success" storage="d:\actions-runner\_work\xpco\xpco\allsolutions\..\mip\platformplugin\videoos.platform\unittest\bin\debug\net6.0-windows\videoos.platform.tests.dll" id="1236ba87-a4f6-ba2a-15ac-ff768f66c54a">
      <Execution id="eabe1813-7a68-492a-9476-24c88f5a7fa8" />
      <TestMethod codeBase="D:\actions-runner\_work\XPCO\XPCO\AllSolutions\..\MIP\PlatformPlugin\VideoOS.Platform\unittest\bin\Debug\net6.0-windows\VideoOS.Platform.Tests.dll" adapterTypeName="executor://mstestadapter/v2" className="VideoOS.Platform.Tests.Proxy.RestApi.JsonBuilderTests" name="Read_and_build_Success" />
    </UnitTest>
    <UnitTest name="GetFrame_ShouldReturnFrame_WhenThereIsOneFrame" storage="d:\actions-runner\_work\xpco\xpco\allsolutions\..\mip\platformplugin\videoos.platform\unittest\bin\debug\net6.0-windows\videoos.platform.tests.dll" id="62294b79-fd57-1a57-9fa1-16dc542d0a4d">
      <Execution id="f0fc9f96-0f36-4879-896c-59e8e014a35d" />
      <TestMethod codeBase="D:\actions-runner\_work\XPCO\XPCO\AllSolutions\..\MIP\PlatformPlugin\VideoOS.Platform\unittest\bin\Debug\net6.0-windows\VideoOS.Platform.Tests.dll" adapterTypeName="executor://mstestadapter/v2" className="VideoOS.Platform.Tests.Metadata.MetadataStreamTests" name="GetFrame_ShouldReturnFrame_WhenThereIsOneFrame" />
    </UnitTest>
    <UnitTest name="GenerateTypeDefinintionParameters_ShouldCallGenerateDeviceCapabilityParametersWithCorrectPrefix_WhenThereAreCapabilities" storage="d:\actions-runner\_work\xpco\xpco\allsolutions\..\mip\platformplugin\videoos.platform\unittest\bin\debug\net6.0-windows\videoos.platform.tests.dll" id="3d82fc6e-5f69-e808-ca5d-cd01f3ee4891">
      <Execution id="d6b8832b-3469-46f8-98d8-aa3acd95b4d2" />
      <TestMethod codeBase="D:\actions-runner\_work\XPCO\XPCO\AllSolutions\..\MIP\PlatformPlugin\VideoOS.Platform\unittest\bin\Debug\net6.0-windows\VideoOS.Platform.Tests.dll" adapterTypeName="executor://mstestadapter/v2" className="VideoOS.Platform.Tests.Data.MetadataTypeDefinitionTests" name="GenerateTypeDefinintionParameters_ShouldCallGenerateDeviceCapabilityParametersWithCorrectPrefix_WhenThereAreCapabilities" />
    </UnitTest>
    <UnitTest name="Add_ShouldInvokeCallback_WhenObservable" storage="d:\actions-runner\_work\xpco\xpco\allsolutions\..\mip\platformplugin\videoos.platform\unittest\bin\debug\net6.0-windows\videoos.platform.tests.dll" id="d6559df8-87d0-bb20-8032-f0a4e10719d7">
      <Execution id="392d2621-4736-4269-a445-a3a7d0480c16" />
      <TestMethod codeBase="D:\actions-runner\_work\XPCO\XPCO\AllSolutions\..\MIP\PlatformPlugin\VideoOS.Platform\unittest\bin\Debug\net6.0-windows\VideoOS.Platform.Tests.dll" adapterTypeName="executor://mstestadapter/v2" className="VideoOS.Platform.Tests.UI.Controls.CollectionHelperTest" name="Add_ShouldInvokeCallback_WhenObservable" />
    </UnitTest>
    <UnitTest name="GetPropertiesAsync_SingleInvocation_DelegatedToInternalMethod" storage="d:\actions-runner\_work\xpco\xpco\allsolutions\..\mip\platformplugin\videoos.platform\unittest\bin\debug\net6.0-windows\videoos.platform.tests.dll" id="7c25e9d9-71c3-90cd-d0cc-85e1e58efd6b">
      <TestCategory>
        <TestCategoryItem TestCategory="Search" />
      </TestCategory>
      <Execution id="2ee055ce-9ae7-4030-a56a-cf7fff927dc0" />
      <TestMethod codeBase="D:\actions-runner\_work\XPCO\XPCO\AllSolutions\..\MIP\PlatformPlugin\VideoOS.Platform\unittest\bin\Debug\net6.0-windows\VideoOS.Platform.Tests.dll" adapterTypeName="executor://mstestadapter/v2" className="VideoOS.Platform.Tests.Search.SearchResultDataTest" name="GetPropertiesAsync_SingleInvocation_DelegatedToInternalMethod" />
    </UnitTest>
    <UnitTest name="GetLicensePlateFilterValue_NullCriteria_Throws" storage="d:\actions-runner\_work\xpco\xpco\allsolutions\..\mip\platformplugin\videoos.platform\unittest\bin\debug\net6.0-windows\videoos.platform.tests.dll" id="7b38c175-8f37-0ff7-77b0-702939d7a735">
      <TestCategory>
        <TestCategoryItem TestCategory="Search" />
      </TestCategory>
      <Execution id="9209a4bf-398f-494d-980f-31d3cf1a31bf" />
      <TestMethod codeBase="D:\actions-runner\_work\XPCO\XPCO\AllSolutions\..\MIP\PlatformPlugin\VideoOS.Platform\unittest\bin\Debug\net6.0-windows\VideoOS.Platform.Tests.dll" adapterTypeName="executor://mstestadapter/v2" className="VideoOS.Platform.Tests.Search.FilterCategories.VehicleSearchFilterCategoryTest" name="GetLicensePlateFilterValue_NullCriteria_Throws" />
    </UnitTest>
    <UnitTest name="ProvideValue_ShouldNotApplyText_WhenItemTextPropertyNameIsNotSet" storage="d:\actions-runner\_work\xpco\xpco\allsolutions\..\mip\platformplugin\videoos.platform\unittest\bin\debug\net6.0-windows\videoos.platform.tests.dll" id="61ac148b-77c6-a946-fca0-45c9e49f9516">
      <TestCategory>
        <TestCategoryItem TestCategory="TabControls" />
      </TestCategory>
      <Execution id="c8d848f5-40a7-43fc-ae64-f1eb10374f7c" />
      <TestMethod codeBase="D:\actions-runner\_work\XPCO\XPCO\AllSolutions\..\MIP\PlatformPlugin\VideoOS.Platform\unittest\bin\Debug\net6.0-windows\VideoOS.Platform.Tests.dll" adapterTypeName="executor://mstestadapter/v2" className="VideoOS.Platform.Tests.UI.Controls.TabControls.Internal.Primary.ItemHeaderExtensionTest" name="ProvideValue_ShouldNotApplyText_WhenItemTextPropertyNameIsNotSet" />
    </UnitTest>
    <UnitTest name="ReadXml_ShouldIgnoreChildren_WhenAlways" storage="d:\actions-runner\_work\xpco\xpco\allsolutions\..\mip\platformplugin\videoos.platform\unittest\bin\debug\net6.0-windows\videoos.platform.tests.dll" id="054d841b-8cd4-42a2-f59c-fc413fd8883f">
      <Execution id="4ce319f4-ceb4-43b2-ae84-dc06b53573cd" />
      <TestMethod codeBase="D:\actions-runner\_work\XPCO\XPCO\AllSolutions\..\MIP\PlatformPlugin\VideoOS.Platform\unittest\bin\Debug\net6.0-windows\VideoOS.Platform.Tests.dll" adapterTypeName="executor://mstestadapter/v2" className="VideoOS.Platform.Tests.Metadata.RectangleTests" name="ReadXml_ShouldIgnoreChildren_WhenAlways" />
    </UnitTest>
    <UnitTest name="WriteXml_ShouldWriteBase64EncodedOriginalData_WhenOriginalDataIsPresent" storage="d:\actions-runner\_work\xpco\xpco\allsolutions\..\mip\platformplugin\videoos.platform\unittest\bin\debug\net6.0-windows\videoos.platform.tests.dll" id="07de42b9-1d07-0430-7138-cc678292c007">
      <Execution id="a26521a4-9d3d-4562-8595-6eaaee5e5472" />
      <TestMethod codeBase="D:\actions-runner\_work\XPCO\XPCO\AllSolutions\..\MIP\PlatformPlugin\VideoOS.Platform\unittest\bin\Debug\net6.0-windows\VideoOS.Platform.Tests.dll" adapterTypeName="executor://mstestadapter/v2" className="VideoOS.Platform.Tests.Metadata.MetadataStreamTests" name="WriteXml_ShouldWriteBase64EncodedOriginalData_WhenOriginalDataIsPresent" />
    </UnitTest>
    <UnitTest name="ReadXml_ShouldNotSetIsRemoved_WhenRemovedElementIsPresentWithWrongNamespace" storage="d:\actions-runner\_work\xpco\xpco\allsolutions\..\mip\platformplugin\videoos.platform\unittest\bin\debug\net6.0-windows\videoos.platform.tests.dll" id="eefcc86b-2e92-5256-d34c-9049a6da9154">
      <Execution id="1ffd4c88-28e1-4aeb-bbad-583cecaf5b08" />
      <TestMethod codeBase="D:\actions-runner\_work\XPCO\XPCO\AllSolutions\..\MIP\PlatformPlugin\VideoOS.Platform\unittest\bin\Debug\net6.0-windows\VideoOS.Platform.Tests.dll" adapterTypeName="executor://mstestadapter/v2" className="VideoOS.Platform.Tests.Metadata.BehaviourTests" name="ReadXml_ShouldNotSetIsRemoved_WhenRemovedElementIsPresentWithWrongNamespace" />
    </UnitTest>
    <UnitTest name="Serialize_TestCases (TestParentTypeMatchStringNotThisTypeMatched)" storage="d:\actions-runner\_work\xpco\xpco\allsolutions\..\mip\platformplugin\videoos.platform\unittest\bin\debug\net6.0-windows\videoos.platform.tests.dll" id="df8b49a4-30ab-6656-067f-36c17b41346a">
      <Execution id="b92eba9c-0a7c-46e8-a328-5a991f48e57d" />
      <TestMethod codeBase="D:\actions-runner\_work\XPCO\XPCO\AllSolutions\..\MIP\PlatformPlugin\VideoOS.Platform\unittest\bin\Debug\net6.0-windows\VideoOS.Platform.Tests.dll" adapterTypeName="executor://mstestadapter/v2" className="VideoOS.Platform.Tests.UI.Controls.Automation.Serialization.AutomationObjectSerializerTest" name="Serialize_TestCases" />
    </UnitTest>
    <UnitTest name="ReadXml_ShouldSetAllFieldsToNull_ThatAreNotPresentInXml" storage="d:\actions-runner\_work\xpco\xpco\allsolutions\..\mip\platformplugin\videoos.platform\unittest\bin\debug\net6.0-windows\videoos.platform.tests.dll" id="d67f39a6-38da-54cf-bd51-1084e48c6e60">
      <Execution id="e5693c73-2251-4d48-b03d-b9f87d16c9ac" />
      <TestMethod codeBase="D:\actions-runner\_work\XPCO\XPCO\AllSolutions\..\MIP\PlatformPlugin\VideoOS.Platform\unittest\bin\Debug\net6.0-windows\VideoOS.Platform.Tests.dll" adapterTypeName="executor://mstestadapter/v2" className="VideoOS.Platform.Tests.Metadata.NavigationalDataTests" name="ReadXml_ShouldSetAllFieldsToNull_ThatAreNotPresentInXml" />
    </UnitTest>
    <UnitTest name="TestStartSearch_NoResultsOrErrorOccurredFromCanceledSearchDefinitions_Success" storage="d:\actions-runner\_work\xpco\xpco\allsolutions\..\mip\platformplugin\videoos.platform\unittest\bin\debug\net6.0-windows\videoos.platform.tests.dll" id="b92c2d23-e9a0-a785-771e-708c304e0f26">
      <TestCategory>
        <TestCategoryItem TestCategory="Search" />
      </TestCategory>
      <Execution id="81422b01-6f0d-470e-9385-747b8e58af7f" />
      <TestMethod codeBase="D:\actions-runner\_work\XPCO\XPCO\AllSolutions\..\MIP\PlatformPlugin\VideoOS.Platform\unittest\bin\Debug\net6.0-windows\VideoOS.Platform.Tests.dll" adapterTypeName="executor://mstestadapter/v2" className="VideoOS.Platform.Tests.Search.SearchManagerTest" name="TestStartSearch_NoResultsOrErrorOccurredFromCanceledSearchDefinitions_Success" />
    </UnitTest>
    <UnitTest name="WriteXml_ShouldWriteRightAttribute_WhenAlays" storage="d:\actions-runner\_work\xpco\xpco\allsolutions\..\mip\platformplugin\videoos.platform\unittest\bin\debug\net6.0-windows\videoos.platform.tests.dll" id="73ec9274-5d95-cb62-60ca-c2f3ce2346e6">
      <Execution id="7acc204c-f910-44a9-82a0-0a48268eb2b1" />
      <TestMethod codeBase="D:\actions-runner\_work\XPCO\XPCO\AllSolutions\..\MIP\PlatformPlugin\VideoOS.Platform\unittest\bin\Debug\net6.0-windows\VideoOS.Platform.Tests.dll" adapterTypeName="executor://mstestadapter/v2" className="VideoOS.Platform.Tests.Metadata.RectangleTests" name="WriteXml_ShouldWriteRightAttribute_WhenAlays" />
    </UnitTest>
  </TestDefinitions>
  <TestEntries>
    <TestEntry testId="48b02059-b634-8f5d-f4de-84436d54e786" executionId="55343272-5da2-4ae6-98bf-9233684bef6e" testListId="8c84fa94-04c1-424b-9868-57a2d4851a1d" />
    <TestEntry testId="cacda86d-f0f9-0934-0ba5-b96987330f36" executionId="2465cf1e-0c51-41a0-b5ea-c4c3be9b38d1" testListId="8c84fa94-04c1-424b-9868-57a2d4851a1d" />
    <TestEntry testId="13638f31-b7e4-af7e-235e-95a40f773cc3" executionId="dc7866e8-2b3f-417f-a42c-a4e085d71fde" testListId="8c84fa94-04c1-424b-9868-57a2d4851a1d" />
    <TestEntry testId="bf3be38d-fccb-d51d-c680-813aa0d77baa" executionId="7af75f76-fb63-470b-8208-141d6bd314f8" testListId="8c84fa94-04c1-424b-9868-57a2d4851a1d" />
    <TestEntry testId="96f1c2c4-5dc5-dea5-6196-eb11056b2deb" executionId="ac7d1a5d-c168-4d7e-9add-a4178898dced" testListId="8c84fa94-04c1-424b-9868-57a2d4851a1d" />
    <TestEntry testId="94e5854b-a7a8-bf50-1837-dc2fec1a5970" executionId="81b495c1-a393-4c02-bffa-99890fa99824" testListId="8c84fa94-04c1-424b-9868-57a2d4851a1d" />
    <TestEntry testId="add90257-7bfd-08af-414a-c1fd006f1b8f" executionId="9cbceff9-a648-4db9-944f-258469ea9c86" testListId="8c84fa94-04c1-424b-9868-57a2d4851a1d" />
    <TestEntry testId="fbabebe5-f475-8769-2079-7693b5c62d8c" executionId="29006411-0aa8-4026-b538-9462c2e3f684" testListId="8c84fa94-04c1-424b-9868-57a2d4851a1d" />
    <TestEntry testId="bbfc981b-974c-44e2-e510-b6ce7e78458f" executionId="52aba06e-b29c-4199-b042-2090ebd92a48" testListId="8c84fa94-04c1-424b-9868-57a2d4851a1d" />
    <TestEntry testId="1a23ceed-6bf2-7030-b18a-91b782df52d2" executionId="ac4a8a03-5892-44e6-b1b6-f9854b95837e" testListId="8c84fa94-04c1-424b-9868-57a2d4851a1d" />
    <TestEntry testId="6ec6fd22-7feb-d279-20aa-2b6bde4591a6" executionId="faf28b33-359e-4a81-9aab-9f0c8800c011" testListId="8c84fa94-04c1-424b-9868-57a2d4851a1d" />
    <TestEntry testId="1f3c2444-ad4b-db37-5d0a-de7606033ccd" executionId="bbd0bb5e-0969-49f8-ad28-9ec951d7c901" testListId="8c84fa94-04c1-424b-9868-57a2d4851a1d" />
    <TestEntry testId="26609db5-8fe4-7221-64d2-19aa74512834" executionId="66aa98c4-d19d-4e46-995f-6ac36fd34bc0" testListId="8c84fa94-04c1-424b-9868-57a2d4851a1d" />
    <TestEntry testId="98f0d9fe-377f-6918-fb53-39e46ecb4f9d" executionId="2ee64684-19c7-43bb-bee2-3495ed5bf362" testListId="8c84fa94-04c1-424b-9868-57a2d4851a1d" />
    <TestEntry testId="47ea98ad-fc0c-d34c-cfce-7d3c08a15e8d" executionId="b534b32f-9aa7-4d65-8d70-cbf4923383e2" testListId="8c84fa94-04c1-424b-9868-57a2d4851a1d" />
    <TestEntry testId="1ebb5fbd-ca68-d89b-7ac9-6244b9608733" executionId="fce54648-a6b6-4221-bc08-2dafccbdddfb" testListId="8c84fa94-04c1-424b-9868-57a2d4851a1d" />
    <TestEntry testId="893df90f-4ad3-2688-f803-e533f67faf3b" executionId="9ed1d6df-503e-41ac-b48a-0e036811cc48" testListId="8c84fa94-04c1-424b-9868-57a2d4851a1d" />
    <TestEntry testId="f02151f2-7537-c913-0353-0c1cefe4a11e" executionId="ffd60032-26fb-450d-bf8a-538d7745154a" testListId="8c84fa94-04c1-424b-9868-57a2d4851a1d" />
    <TestEntry testId="e864a85a-61d6-71a9-12f2-7e66ec36a4d7" executionId="f26d180f-08b5-4d88-b190-1f525ade3a56" testListId="8c84fa94-04c1-424b-9868-57a2d4851a1d" />
    <TestEntry testId="7f766a97-6ab7-7b7f-222d-e4bba52b6030" executionId="3446d8c9-3c2c-4f3a-958f-4d41a9305741" testListId="8c84fa94-04c1-424b-9868-57a2d4851a1d" />
    <TestEntry testId="44454256-30a7-bf45-41dd-badf653c0c55" executionId="40b4d5ee-cf96-4639-86a9-e96a3d7b284f" testListId="8c84fa94-04c1-424b-9868-57a2d4851a1d" />
    <TestEntry testId="0bfd2093-cd64-a47e-137d-af6fe3953323" executionId="7b353292-288f-4a18-b0d6-b51af33ff479" testListId="8c84fa94-04c1-424b-9868-57a2d4851a1d" />
    <TestEntry testId="30eb4594-0190-4b3a-1578-17048e926b12" executionId="3b9e11dd-a238-40ec-a3fd-52ac2e537b91" testListId="8c84fa94-04c1-424b-9868-57a2d4851a1d" />
    <TestEntry testId="af9f1e16-b2b8-175e-5d3f-4c08d3fec0d2" executionId="a6464edd-f0d9-4b63-9968-b23f52055799" testListId="8c84fa94-04c1-424b-9868-57a2d4851a1d" />
    <TestEntry testId="f7f40623-1634-9a2a-bf1c-6e414931a9e6" executionId="494620c8-ebc6-40a4-8294-e5382f2fea9a" testListId="8c84fa94-04c1-424b-9868-57a2d4851a1d" />
    <TestEntry testId="bd10e1d0-a002-0856-831f-b5cf43dbc863" executionId="3ee2d1e3-2a01-4311-bfed-f3e71327de0a" testListId="8c84fa94-04c1-424b-9868-57a2d4851a1d" />
    <TestEntry testId="e5af325c-5bae-fda3-b423-271b64739afe" executionId="bdacd94e-18e5-469a-934c-93495cc720b1" testListId="8c84fa94-04c1-424b-9868-57a2d4851a1d" />
    <TestEntry testId="262c3c73-7b65-0063-be55-7b0feb97027d" executionId="363e9ed3-170f-42c2-9175-3cd8f88ac818" testListId="8c84fa94-04c1-424b-9868-57a2d4851a1d" />
    <TestEntry testId="5fd9efe6-8b77-fde9-0593-ba4d5ea832ca" executionId="2bc7e1ee-8915-415d-930b-e6b8e2d72d59" testListId="8c84fa94-04c1-424b-9868-57a2d4851a1d" />
    <TestEntry testId="63299308-d7dd-b56e-acf5-b1b102f32d4f" executionId="6766435f-c8c4-4eac-ba91-944057390aea" testListId="8c84fa94-04c1-424b-9868-57a2d4851a1d" />
    <TestEntry testId="59e10b82-f701-4ec1-bb24-9886531bdbb4" executionId="5ea70122-d257-449b-a638-94451f5369d9" testListId="8c84fa94-04c1-424b-9868-57a2d4851a1d" />
    <TestEntry testId="38fcbf38-2337-9abb-35d5-4b506f10ef38" executionId="aec0f399-abf7-4b14-823a-b7b7c5152a93" testListId="8c84fa94-04c1-424b-9868-57a2d4851a1d" />
    <TestEntry testId="c1d75516-b54b-45bf-488a-9e0ebd61f8c4" executionId="6df6593d-4847-4554-8692-d1ff6355e9aa" testListId="8c84fa94-04c1-424b-9868-57a2d4851a1d" />
    <TestEntry testId="a85a1362-1754-70cf-33fa-4ae7e0463bc7" executionId="72423ec4-2ec2-4da9-87f8-c5560a9afc8e" testListId="8c84fa94-04c1-424b-9868-57a2d4851a1d" />
    <TestEntry testId="cefaab9b-deca-50a1-cf53-bfd0f84b70d8" executionId="304b5f15-cedb-466f-9f6e-a52f774afa2f" testListId="8c84fa94-04c1-424b-9868-57a2d4851a1d" />
    <TestEntry testId="90432d5a-5fa4-a037-9446-73f5d0f5dd30" executionId="98b4d96d-b4d6-49c7-8559-ff325933f9ff" testListId="8c84fa94-04c1-424b-9868-57a2d4851a1d" />
    <TestEntry testId="cc99ff3e-c755-1963-ff3d-70c3c6994b03" executionId="2cbdeed6-7c2a-4552-b496-02fbe0a09a7a" testListId="8c84fa94-04c1-424b-9868-57a2d4851a1d" />
    <TestEntry testId="d6cb1369-2679-afac-cddc-39c82a30eafa" executionId="77ae9841-fcf1-4a26-9a96-6bd2a929765a" testListId="8c84fa94-04c1-424b-9868-57a2d4851a1d" />
    <TestEntry testId="16b9cd71-246d-5b51-e461-fdc7db24fde9" executionId="f46abe87-ce88-48ce-bf85-5acbee32a8fe" testListId="8c84fa94-04c1-424b-9868-57a2d4851a1d" />
    <TestEntry testId="11b5912e-600c-2c04-2bfe-19c262546aae" executionId="d72e535a-4fc9-414d-86d9-0cacffa7f770" testListId="8c84fa94-04c1-424b-9868-57a2d4851a1d" />
    <TestEntry testId="4f7bde70-3b99-d47c-8245-4d79a123baa7" executionId="e53dafa4-838b-4986-9b1b-bf4db3e2e9b5" testListId="8c84fa94-04c1-424b-9868-57a2d4851a1d" />
    <TestEntry testId="984bc27d-a5c7-32fa-f1e8-153a12469bdb" executionId="7b2d4027-76c7-4506-ade0-e356e7cbfebf" testListId="8c84fa94-04c1-424b-9868-57a2d4851a1d" />
    <TestEntry testId="6afb1227-217c-b2e9-db11-52fb1d5fc56a" executionId="334b9636-fcea-4ead-9365-b5300d8e5e20" testListId="8c84fa94-04c1-424b-9868-57a2d4851a1d" />
    <TestEntry testId="a153c326-c8c2-ed0c-505b-c62f56af9d14" executionId="1bf1d0f0-4d42-4e4a-9559-b6f24437137e" testListId="8c84fa94-04c1-424b-9868-57a2d4851a1d" />
    <TestEntry testId="d2eb1662-6b70-63d0-d71c-7f9ecf6fdd7d" executionId="6f4d3234-e318-411b-9ecb-654b0d558537" testListId="8c84fa94-04c1-424b-9868-57a2d4851a1d" />
    <TestEntry testId="a67dddae-fbaa-38ff-493a-4fb494200940" executionId="a5333105-5be3-4b43-a3c0-6b42d7e8028d" testListId="8c84fa94-04c1-424b-9868-57a2d4851a1d" />
    <TestEntry testId="399501bc-ecba-b1ca-b26c-0035e5a7aa53" executionId="4b7f552a-7bc7-4b08-bd9c-07299ac1224c" testListId="8c84fa94-04c1-424b-9868-57a2d4851a1d" />
    <TestEntry testId="79018515-d745-dd30-fc15-5ab9418fb22e" executionId="e8cd332f-d6d3-4aa1-80a8-eb0b8216ba4f" testListId="8c84fa94-04c1-424b-9868-57a2d4851a1d" />
    <TestEntry testId="665a66ed-febf-dcb1-d6f6-9e5410f5d49d" executionId="e9769ec9-d3f8-4398-939a-a9c2f7c0e8cd" testListId="8c84fa94-04c1-424b-9868-57a2d4851a1d" />
    <TestEntry testId="eafa657a-e693-c387-5dc5-3b7f787deb74" executionId="f0234aed-4614-4e17-a539-3092c77e3caf" testListId="8c84fa94-04c1-424b-9868-57a2d4851a1d" />
    <TestEntry testId="00715417-bfa4-4e4b-edec-0ca28f2d4417" executionId="a56e2d71-99dd-4980-8a94-a0887e358c23" testListId="8c84fa94-04c1-424b-9868-57a2d4851a1d" />
    <TestEntry testId="5a2f32ed-e56e-8f83-632e-04bbc55d82b2" executionId="06d3e4a1-65b7-4bd4-b0ce-0fbb32378ccc" testListId="8c84fa94-04c1-424b-9868-57a2d4851a1d" />
    <TestEntry testId="31116a68-3b0f-f28f-7f53-0333062fc887" executionId="86f94396-5cfb-4776-b7bf-9522e26b8dc3" testListId="8c84fa94-04c1-424b-9868-57a2d4851a1d" />
    <TestEntry testId="d7212be9-a773-7051-2296-d1e014528157" executionId="5c51d4a5-93a9-4052-8696-74eef1b25a31" testListId="8c84fa94-04c1-424b-9868-57a2d4851a1d" />
    <TestEntry testId="954dcc09-ffa8-ee72-ce2c-24675b9f100a" executionId="7c8e2254-8074-4904-9d5c-c6de36e8a2d8" testListId="8c84fa94-04c1-424b-9868-57a2d4851a1d" />
    <TestEntry testId="29b14ef8-e43d-41e1-d5fc-d7d493be4940" executionId="b5feb0e0-3443-4e3e-995a-a1a571f21df8" testListId="8c84fa94-04c1-424b-9868-57a2d4851a1d" />
    <TestEntry testId="5a6033d0-8674-1383-5d73-0621497569cb" executionId="bb41f481-9a6f-42c9-8ee6-5b6ce8a81bd9" testListId="8c84fa94-04c1-424b-9868-57a2d4851a1d" />
    <TestEntry testId="58e16725-e739-c95e-f63b-6da9cd475080" executionId="40ea3973-ab7d-49c6-8e54-3808b12ad1b9" testListId="8c84fa94-04c1-424b-9868-57a2d4851a1d" />
    <TestEntry testId="01387d97-f9fc-82cf-fc0c-bafa84835078" executionId="7a3aa6bf-c27e-4afb-a80d-a99318fba50b" testListId="8c84fa94-04c1-424b-9868-57a2d4851a1d" />
    <TestEntry testId="bef9c954-3a2d-3d83-b50d-cb24e577f8c7" executionId="fb188a2e-7adc-4797-a9c4-8d20c7ad76a5" testListId="8c84fa94-04c1-424b-9868-57a2d4851a1d" />
    <TestEntry testId="952d04da-369e-0e5d-fb29-9bfdf4da3a0e" executionId="ab768419-1224-46dc-8b9a-3dfe03a7dfa4" testListId="8c84fa94-04c1-424b-9868-57a2d4851a1d" />
    <TestEntry testId="2983b511-4ca5-aad7-7122-726ddf02d399" executionId="d48b1b51-e708-415c-b2a1-12cbb6441ae1" testListId="8c84fa94-04c1-424b-9868-57a2d4851a1d" />
    <TestEntry testId="256352cb-a01d-67ee-0151-ab9132f46725" executionId="fde181ce-39f4-4114-bc04-24aa3a4d8994" testListId="8c84fa94-04c1-424b-9868-57a2d4851a1d" />
    <TestEntry testId="32fbd952-cf12-ae2b-c5d4-e7f80c991d18" executionId="9731fbfe-2ea2-4220-8169-3fa5a97e6148" testListId="8c84fa94-04c1-424b-9868-57a2d4851a1d" />
    <TestEntry testId="868cf503-fe08-eed0-d324-72014e5624ab" executionId="5d377f32-90f9-468d-b976-e9199ba26cea" testListId="8c84fa94-04c1-424b-9868-57a2d4851a1d" />
    <TestEntry testId="f1b429c9-236c-37a4-5790-ad48b8bcac95" executionId="532db9be-79dd-4320-a69c-1f5738c1c0d2" testListId="8c84fa94-04c1-424b-9868-57a2d4851a1d" />
    <TestEntry testId="d024cbbc-cd6e-1273-02ea-1e58d1fbe142" executionId="6e7cf84b-d7ef-4877-8828-5d7fb6fdfd75" testListId="8c84fa94-04c1-424b-9868-57a2d4851a1d" />
    <TestEntry testId="7487e89c-78f3-9567-7976-60fdef3ca987" executionId="53ad83ec-403d-4763-857d-cbaf5c1f267a" testListId="8c84fa94-04c1-424b-9868-57a2d4851a1d" />
    <TestEntry testId="e3e33591-e2f2-c832-fee1-8688ba9ec456" executionId="9ad153ba-058f-4937-bd2c-72fb19210be2" testListId="8c84fa94-04c1-424b-9868-57a2d4851a1d" />
    <TestEntry testId="e0e73f94-8b60-e9f7-5ce6-3100aae7c303" executionId="d8605aee-296b-4e6f-a266-02de41aa875e" testListId="8c84fa94-04c1-424b-9868-57a2d4851a1d" />
    <TestEntry testId="6a90276b-bdbd-5195-546b-d62b355d6d1e" executionId="c52137eb-f4e6-44e7-b852-6103388ec39e" testListId="8c84fa94-04c1-424b-9868-57a2d4851a1d" />
    <TestEntry testId="2290dc93-26ef-2adf-bfc4-c74fcd6396b2" executionId="a4023ab3-1f3f-4364-a2f6-e51f24f3f5a9" testListId="8c84fa94-04c1-424b-9868-57a2d4851a1d" />
    <TestEntry testId="f54c02f6-10d6-820a-6be3-9cf15ec86940" executionId="65a18597-d427-4b53-95f2-d01805c25c6c" testListId="8c84fa94-04c1-424b-9868-57a2d4851a1d" />
    <TestEntry testId="80192076-5250-4f88-b991-e73794c3f07f" executionId="6233221e-51a6-4277-b15c-dba367426587" testListId="8c84fa94-04c1-424b-9868-57a2d4851a1d" />
    <TestEntry testId="dbac47b9-416a-24f2-90d7-b5b09b9dc93c" executionId="7e292dab-0b73-4a6b-ae8c-172223771183" testListId="8c84fa94-04c1-424b-9868-57a2d4851a1d" />
    <TestEntry testId="3971c5d8-7ad8-4707-9b53-e6a041a0b2f8" executionId="9478293d-8ccc-4b6e-ae64-530f6b1e6341" testListId="8c84fa94-04c1-424b-9868-57a2d4851a1d" />
    <TestEntry testId="e99720dc-b5ca-82eb-619d-d041c4804cad" executionId="25515e3b-6093-4668-b350-8c8340696ef6" testListId="8c84fa94-04c1-424b-9868-57a2d4851a1d" />
    <TestEntry testId="135d62c0-fe81-f46a-ce86-2cfe36dd8cc8" executionId="198ebb6f-6c76-49c4-9df1-5cb6d37bec2d" testListId="8c84fa94-04c1-424b-9868-57a2d4851a1d" />
    <TestEntry testId="f4009c20-ddf4-5439-9b3f-52d8d564e525" executionId="b70ed795-336e-44aa-a16c-c56adff5777f" testListId="8c84fa94-04c1-424b-9868-57a2d4851a1d" />
    <TestEntry testId="441213bb-d837-6a17-d5bf-0e8158ed876c" executionId="2bf4dc52-4829-45b6-903a-dc3cb7250d85" testListId="8c84fa94-04c1-424b-9868-57a2d4851a1d" />
    <TestEntry testId="87624c9b-97b8-ed79-9d92-4a653ba64699" executionId="cd2a0644-2e0c-446b-85a8-1e4b123cb9dc" testListId="8c84fa94-04c1-424b-9868-57a2d4851a1d" />
    <TestEntry testId="f020995b-abe3-d649-6f42-54b2532be4d9" executionId="1cca21fe-ceff-4a00-b01f-4dc7a44f10a6" testListId="8c84fa94-04c1-424b-9868-57a2d4851a1d" />
    <TestEntry testId="03a83ade-8d54-5619-5fb4-492194211717" executionId="f9fb93cf-aea6-41d1-876c-f3589d485f57" testListId="8c84fa94-04c1-424b-9868-57a2d4851a1d" />
    <TestEntry testId="88e95bf1-e2f8-873d-5b44-49c57ad713ac" executionId="013c040c-bf75-4b03-ac5c-52412b0d05dc" testListId="8c84fa94-04c1-424b-9868-57a2d4851a1d" />
    <TestEntry testId="2575271e-e34f-00c6-8d80-4ebf0bf67d06" executionId="825a8f6b-798f-4f98-b650-ac80820d08f9" testListId="8c84fa94-04c1-424b-9868-57a2d4851a1d" />
    <TestEntry testId="58908065-853e-c4d9-3613-bc3198b1cc08" executionId="79ad51e2-7d97-4111-92cf-24df1ff92117" testListId="8c84fa94-04c1-424b-9868-57a2d4851a1d" />
    <TestEntry testId="09b10f58-104f-c055-d17e-ad9f69c01172" executionId="664953bf-49f6-4c1c-a6ff-3ed40d3bb12f" testListId="8c84fa94-04c1-424b-9868-57a2d4851a1d" />
    <TestEntry testId="a1b04750-d1fe-a25a-b502-6c3d91504173" executionId="55a045bf-8ea6-4308-a20c-31a98441e0c0" testListId="8c84fa94-04c1-424b-9868-57a2d4851a1d" />
    <TestEntry testId="43af5117-1f9c-6ca5-e2b0-3bd57b512c6f" executionId="6228fd7d-2d17-48c0-9fd1-75440cdc95e4" testListId="8c84fa94-04c1-424b-9868-57a2d4851a1d" />
    <TestEntry testId="cf73c26e-47e0-f1da-1e09-63167f3a5e47" executionId="80c272f3-b9b6-4ba4-9f08-ff2e82de663f" testListId="8c84fa94-04c1-424b-9868-57a2d4851a1d" />
    <TestEntry testId="bfe0ceb7-58a0-23f3-be81-2bfb090a4c1b" executionId="94e39ba3-2a98-45b1-8d83-4b05ebc20f90" testListId="8c84fa94-04c1-424b-9868-57a2d4851a1d" />
    <TestEntry testId="d4c22c7c-b6a3-cfbe-dc7f-cc4ae42c5d11" executionId="bf70a4c0-31d3-41de-906f-e48b5842010c" testListId="8c84fa94-04c1-424b-9868-57a2d4851a1d" />
    <TestEntry testId="a9cb9252-3d98-79fe-629f-64e8ef1da14d" executionId="55af6be7-8a3c-4d2b-94ac-1146f669e5b5" testListId="8c84fa94-04c1-424b-9868-57a2d4851a1d" />
    <TestEntry testId="e997866d-eebf-79e1-ae85-52bd5aa489c9" executionId="ffb5ef90-0fda-411d-872f-cd2ada49cb88" testListId="8c84fa94-04c1-424b-9868-57a2d4851a1d" />
    <TestEntry testId="b41e6145-298a-b0e7-b1a2-57aee45877f3" executionId="6d3da971-8694-4144-a571-6e5e949bb7ad" testListId="8c84fa94-04c1-424b-9868-57a2d4851a1d" />
    <TestEntry testId="6c5fbe1f-8152-a821-d533-330bed4f5a98" executionId="e68415ed-d1b1-4574-9e74-71d219310c4d" testListId="8c84fa94-04c1-424b-9868-57a2d4851a1d" />
    <TestEntry testId="8d35e87b-236d-d2d1-5276-ca6f3e50fdcb" executionId="628e687c-301a-4732-b9e3-93ff551831fa" testListId="8c84fa94-04c1-424b-9868-57a2d4851a1d" />
    <TestEntry testId="6ca72b6b-0033-ee05-80aa-21dc1f0119ea" executionId="73259720-f63c-4e9e-ac7c-9cdd646a37b9" testListId="8c84fa94-04c1-424b-9868-57a2d4851a1d" />
    <TestEntry testId="6693e462-e8ba-ed25-48bc-eff1d5392eaa" executionId="b548cec3-5cd4-4894-8392-1af6101e87b1" testListId="8c84fa94-04c1-424b-9868-57a2d4851a1d" />
    <TestEntry testId="77c15838-368f-705c-d0c8-46e47de3c659" executionId="1aef9657-f8b1-4a38-92b8-cd93e4e91166" testListId="8c84fa94-04c1-424b-9868-57a2d4851a1d" />
    <TestEntry testId="461181b2-b5d1-1d54-a990-5025bc85a37b" executionId="47863c66-fe4d-4e8b-a42d-18448ba06999" testListId="8c84fa94-04c1-424b-9868-57a2d4851a1d" />
    <TestEntry testId="9bb96261-1701-74be-ae73-ef01ff852954" executionId="7db64d9c-0335-4690-9e31-66a7786a365f" testListId="8c84fa94-04c1-424b-9868-57a2d4851a1d" />
    <TestEntry testId="bc934390-fccd-2d5c-15be-99650a75c9f5" executionId="7b73638e-aa61-4ffc-9c5e-382d3f297622" testListId="8c84fa94-04c1-424b-9868-57a2d4851a1d" />
    <TestEntry testId="b6c8d5b4-b132-7bf9-41ce-a46ff913fc34" executionId="22cde00c-dcb8-48a8-8d8c-50f8b871c285" testListId="8c84fa94-04c1-424b-9868-57a2d4851a1d" />
    <TestEntry testId="ff21f539-b1c4-45b1-9430-6096e4a5a3fd" executionId="c9efc6ab-c36a-4128-b090-3c92f9be3b14" testListId="8c84fa94-04c1-424b-9868-57a2d4851a1d" />
    <TestEntry testId="44f3c5c5-ae4b-6e15-d7ce-1234ea127a5e" executionId="48a13d0a-0fd9-4f31-970a-eb9a5195ea40" testListId="8c84fa94-04c1-424b-9868-57a2d4851a1d" />
    <TestEntry testId="78226ef2-fcbe-8c02-29f4-cc48e0495b30" executionId="1ce97804-859b-4efb-822e-c78481055794" testListId="8c84fa94-04c1-424b-9868-57a2d4851a1d" />
    <TestEntry testId="3e3f253d-53ac-8cf4-0542-5e51ee7168ea" executionId="27de5909-25f7-41c5-90d2-ff35d04f81ba" testListId="8c84fa94-04c1-424b-9868-57a2d4851a1d" />
    <TestEntry testId="1527d9bd-270b-3515-ebaa-bce4928c6e69" executionId="f4237254-cb15-4956-af5d-e3e6eb35ac0e" testListId="8c84fa94-04c1-424b-9868-57a2d4851a1d" />
    <TestEntry testId="9b0d69da-f0df-c6b0-7696-299b1ca48f22" executionId="14cb44b9-513d-4647-9167-cc97616ab83c" testListId="8c84fa94-04c1-424b-9868-57a2d4851a1d" />
    <TestEntry testId="78b38ad0-3cef-09ee-1bf9-763896c87118" executionId="869c8801-b477-447d-ad10-8d06a8155bb5" testListId="8c84fa94-04c1-424b-9868-57a2d4851a1d" />
    <TestEntry testId="baa0e531-65cd-6df8-b464-315d19c68df0" executionId="9840787d-732e-4d2f-acba-7e344f0a6893" testListId="8c84fa94-04c1-424b-9868-57a2d4851a1d" />
    <TestEntry testId="acd28437-0e13-f5d1-fe2d-ceccbcc0b0d8" executionId="de13288d-ea69-4f75-aa03-ea4b2a758955" testListId="8c84fa94-04c1-424b-9868-57a2d4851a1d" />
    <TestEntry testId="5299c3b1-b147-2926-54b8-048e2c168fc2" executionId="4c81a549-c50b-4317-83b9-f93a82c5ef98" testListId="8c84fa94-04c1-424b-9868-57a2d4851a1d" />
    <TestEntry testId="c2a92498-f703-1b39-7778-71f05b13e27d" executionId="16b5f1b7-39e4-485b-9068-7751ed39602c" testListId="8c84fa94-04c1-424b-9868-57a2d4851a1d" />
    <TestEntry testId="3372ebee-2694-cd8c-3837-7e4b7c8e7b0c" executionId="eb82eebc-b7b9-420d-94dd-fd2aeed67948" testListId="8c84fa94-04c1-424b-9868-57a2d4851a1d" />
    <TestEntry testId="06c90135-67c9-51a3-9a46-9517155efc3a" executionId="160a735b-80bc-472f-a11d-19141f2a0c84" testListId="8c84fa94-04c1-424b-9868-57a2d4851a1d" />
    <TestEntry testId="1b4a32c3-9eb5-2168-e50a-80b2df0aa2f3" executionId="c8b102be-f68c-4209-b0b0-475f23d2bfca" testListId="8c84fa94-04c1-424b-9868-57a2d4851a1d" />
    <TestEntry testId="a28156aa-3bb5-7287-717c-afe6ec74f152" executionId="80cc6a12-490a-481f-9c4b-4d85ff79eb4b" testListId="8c84fa94-04c1-424b-9868-57a2d4851a1d" />
    <TestEntry testId="23408848-110d-2bfe-6354-e8de8927ac23" executionId="f732c752-341e-4d94-b04a-d57b74ac3c42" testListId="8c84fa94-04c1-424b-9868-57a2d4851a1d" />
    <TestEntry testId="49d3e4e4-be09-c24f-6884-4d663f775ecc" executionId="8132168d-d455-4ff0-849f-3979bb6136a1" testListId="8c84fa94-04c1-424b-9868-57a2d4851a1d" />
    <TestEntry testId="11006eff-dccd-aa32-9666-4dd55bbdd6ef" executionId="c6b1dbd0-184a-47f8-999f-b65a4cb0b5af" testListId="8c84fa94-04c1-424b-9868-57a2d4851a1d" />
    <TestEntry testId="00d2b6ae-d05f-2d34-4eb2-fb5187257361" executionId="74c8ad40-1c85-49fd-a9e9-5e43939f77de" testListId="8c84fa94-04c1-424b-9868-57a2d4851a1d" />
    <TestEntry testId="5aae0d5c-c153-7620-5b85-675beef30370" executionId="83ed13fd-d549-4b0c-9705-6a47d15c1e90" testListId="8c84fa94-04c1-424b-9868-57a2d4851a1d" />
    <TestEntry testId="014a068d-cf03-ed2b-0a73-be788526e910" executionId="a0226003-8fe3-4d34-bb39-565785e820c9" testListId="8c84fa94-04c1-424b-9868-57a2d4851a1d" />
    <TestEntry testId="b79783b6-52a2-ffc5-2a1d-6b3307f25451" executionId="4ac02d29-5877-497c-900f-074ae9cf4a90" testListId="8c84fa94-04c1-424b-9868-57a2d4851a1d" />
    <TestEntry testId="629a124b-d106-9b5f-4810-e231979dd6e9" executionId="b44fafa9-bc23-44e3-aa13-a6ea40582714" testListId="8c84fa94-04c1-424b-9868-57a2d4851a1d" />
    <TestEntry testId="c484feb4-af2e-2886-69bb-e210e70b626b" executionId="83fe2330-a9f0-4b35-81ac-1dd64bf7c355" testListId="8c84fa94-04c1-424b-9868-57a2d4851a1d" />
    <TestEntry testId="d1220843-958c-7092-38af-904c7c323e51" executionId="6fcff716-4c69-40e2-8ce4-fccf5ebb45c3" testListId="8c84fa94-04c1-424b-9868-57a2d4851a1d" />
    <TestEntry testId="146d8b26-0f20-3176-153a-32e5f137191a" executionId="837a9308-1c49-44fd-a91a-32aced37d628" testListId="8c84fa94-04c1-424b-9868-57a2d4851a1d" />
    <TestEntry testId="878adaec-8c5a-d59b-9da3-9b3871dea119" executionId="3bb3acf7-76ae-46f0-ba5c-e7b684cc8e94" testListId="8c84fa94-04c1-424b-9868-57a2d4851a1d" />
    <TestEntry testId="8e460e03-2bfd-8239-d4ce-aaba6f07f2d0" executionId="eb0cae78-36d6-464b-8b84-9de0bb7eed90" testListId="8c84fa94-04c1-424b-9868-57a2d4851a1d" />
    <TestEntry testId="ed293078-f25c-eb2e-8912-33515871c1a2" executionId="163c5a86-bde5-479e-b4f4-d04a5d7ce4d4" testListId="8c84fa94-04c1-424b-9868-57a2d4851a1d" />
    <TestEntry testId="090bb946-dfcb-8466-9f8e-938126697e92" executionId="7e40b5fe-da84-412e-814d-f2496217adf1" testListId="8c84fa94-04c1-424b-9868-57a2d4851a1d" />
    <TestEntry testId="e4c24bc9-2414-541c-9971-01e696ad9e3b" executionId="0dbb13e6-da4d-4630-a41e-4351fd2bf5f6" testListId="8c84fa94-04c1-424b-9868-57a2d4851a1d" />
    <TestEntry testId="a9f5292d-e31f-a581-3eed-5680d989d123" executionId="396510be-9c1c-4365-852f-af51ee913aea" testListId="8c84fa94-04c1-424b-9868-57a2d4851a1d" />
    <TestEntry testId="c4adad9d-ea20-a13f-97f1-44293498d06e" executionId="9eedeaeb-7022-4987-a1f3-30119f495c0c" testListId="8c84fa94-04c1-424b-9868-57a2d4851a1d" />
    <TestEntry testId="aeeaebaf-8448-f122-1094-fc83a31ad89a" executionId="eecb2a33-fe4e-4dbe-93c8-7fe656f9a28f" testListId="8c84fa94-04c1-424b-9868-57a2d4851a1d" />
    <TestEntry testId="01bc0fde-c67c-6987-54c2-b9ed8c5df445" executionId="31464863-6200-4330-894d-9d883aa25049" testListId="8c84fa94-04c1-424b-9868-57a2d4851a1d" />
    <TestEntry testId="41e8bbd6-3770-3db6-c9ec-9f2dfc487593" executionId="65e39c66-f5dc-421a-8894-6e137bec9532" testListId="8c84fa94-04c1-424b-9868-57a2d4851a1d" />
    <TestEntry testId="e20a2443-63de-0ab9-fc1f-4a1cb2289ef1" executionId="0d8ea5b2-06ab-4160-91b3-13b648fe8139" testListId="8c84fa94-04c1-424b-9868-57a2d4851a1d" />
    <TestEntry testId="7f8bbaf1-206b-a0aa-eea7-dbbbfa082a2a" executionId="9bc8ae3d-937d-4728-835b-d12484c530fb" testListId="8c84fa94-04c1-424b-9868-57a2d4851a1d" />
    <TestEntry testId="2da09afd-447a-1927-2e16-59b373bc893e" executionId="e71a86ba-7afc-44c6-85f5-8f1ee2dca632" testListId="8c84fa94-04c1-424b-9868-57a2d4851a1d" />
    <TestEntry testId="a17fc58f-03d2-d783-1f61-cc54e1b01c86" executionId="94948e8a-a2d5-4c22-af92-747162119bef" testListId="8c84fa94-04c1-424b-9868-57a2d4851a1d" />
    <TestEntry testId="20458d0b-b85c-491e-b4ab-b9b8494bb490" executionId="60ec0b66-1e39-4a33-87a0-2d42e51cd99d" testListId="8c84fa94-04c1-424b-9868-57a2d4851a1d" />
    <TestEntry testId="b2538acc-438d-df18-2761-19b1ee3522d9" executionId="68911cfd-ae39-4775-a150-67f50224b961" testListId="8c84fa94-04c1-424b-9868-57a2d4851a1d" />
    <TestEntry testId="0209b421-7614-162d-e45d-48fbd126c964" executionId="c68aaee8-7bce-4feb-bc5c-e01f6f32a934" testListId="8c84fa94-04c1-424b-9868-57a2d4851a1d" />
    <TestEntry testId="39224d7b-adf2-c3bb-b064-ed7483309b12" executionId="d2bba547-98f5-48d1-a1a9-53e18cd92fea" testListId="8c84fa94-04c1-424b-9868-57a2d4851a1d" />
    <TestEntry testId="6b9e5408-4e04-a559-173d-978d8c871a1a" executionId="30bb9335-a8d4-4bb0-ba3a-9c2e0adc3a9e" testListId="8c84fa94-04c1-424b-9868-57a2d4851a1d" />
    <TestEntry testId="4599a740-2169-7e32-9656-668b8e9b7b20" executionId="18493745-e6b7-46ce-a3bb-6fe39feab213" testListId="8c84fa94-04c1-424b-9868-57a2d4851a1d" />
    <TestEntry testId="c64e7bd8-cb07-f721-64bb-ea14df3c64c6" executionId="e1293d95-7321-47d0-bcca-a3062321345a" testListId="8c84fa94-04c1-424b-9868-57a2d4851a1d" />
    <TestEntry testId="1d781042-4a4b-edb4-7dfd-5edbb643ac7b" executionId="9bdbac15-4a0e-4ee0-8a3e-17f3d0cbbeda" testListId="8c84fa94-04c1-424b-9868-57a2d4851a1d" />
    <TestEntry testId="31c80297-0b11-c824-d2b2-d7f2c10e7839" executionId="e560f1da-8d74-4d6e-b37d-1965248287f0" testListId="8c84fa94-04c1-424b-9868-57a2d4851a1d" />
    <TestEntry testId="de4de35b-27a7-9209-5227-b270da191793" executionId="2125d0a2-d4df-4868-a1ba-6e0974ce0a59" testListId="8c84fa94-04c1-424b-9868-57a2d4851a1d" />
    <TestEntry testId="e036dcac-c98f-c247-938a-14a54b7a60ea" executionId="f7c83e5f-c54e-465d-aa94-00f6ba647240" testListId="8c84fa94-04c1-424b-9868-57a2d4851a1d" />
    <TestEntry testId="68a34a15-d421-8568-e2a0-5ca548802bb9" executionId="9777953b-2cf4-4ed0-839f-ce2ea607b333" testListId="8c84fa94-04c1-424b-9868-57a2d4851a1d" />
    <TestEntry testId="4f82d922-22f6-d968-086c-9b41bf965fdc" executionId="7143461b-fa13-4315-820f-aa8b32727b5b" testListId="8c84fa94-04c1-424b-9868-57a2d4851a1d" />
    <TestEntry testId="5c8be7a3-8036-a747-4753-97244e6fc863" executionId="f30989e4-e1fb-4ba6-8be3-2c950c5c75ec" testListId="8c84fa94-04c1-424b-9868-57a2d4851a1d" />
    <TestEntry testId="1ffa1bf6-fb8e-b8ef-fe84-530e8f551d9d" executionId="ac02af82-69a6-474a-9cb7-32b581721874" testListId="8c84fa94-04c1-424b-9868-57a2d4851a1d" />
    <TestEntry testId="ecc8a678-a940-3ae6-944a-34c722824547" executionId="92058231-da2a-4cfe-bd4c-225bc974a10f" testListId="8c84fa94-04c1-424b-9868-57a2d4851a1d" />
    <TestEntry testId="a344a1b7-3c88-1dd6-4640-84dd30900694" executionId="cb8583fa-f7a8-40a2-aff9-6f2aac408274" testListId="8c84fa94-04c1-424b-9868-57a2d4851a1d" />
    <TestEntry testId="8b839df5-395a-2e9c-1956-4200a4a4d5cd" executionId="10278da2-7b3b-437d-82dd-3ec4ac6191a6" testListId="8c84fa94-04c1-424b-9868-57a2d4851a1d" />
    <TestEntry testId="548fd08b-2d94-5257-d985-826bbe47bde9" executionId="0cb98217-e8f3-454a-a636-e1efeb12c8ce" testListId="8c84fa94-04c1-424b-9868-57a2d4851a1d" />
    <TestEntry testId="08483f1f-4568-e039-2698-7a75165ec4e4" executionId="4ef80405-82a1-417c-b8c7-edc7cf8f580f" testListId="8c84fa94-04c1-424b-9868-57a2d4851a1d" />
    <TestEntry testId="fcc01d6e-2b82-f145-070c-31467e83d08e" executionId="886b3775-eb0f-4400-8441-768699523878" testListId="8c84fa94-04c1-424b-9868-57a2d4851a1d" />
    <TestEntry testId="af06fbb9-e295-bbc5-951e-25addabec280" executionId="d9c7f9b1-3dba-4438-b868-5877c17b203b" testListId="8c84fa94-04c1-424b-9868-57a2d4851a1d" />
    <TestEntry testId="7e9864c3-ffac-3e60-e067-d303ea811382" executionId="52cd525b-c22f-4198-9096-c76e123cea82" testListId="8c84fa94-04c1-424b-9868-57a2d4851a1d" />
    <TestEntry testId="679fa446-5363-b4de-5431-4cdafa751f6b" executionId="6c0961f8-f038-4ba7-b20b-e4f9f2362c35" testListId="8c84fa94-04c1-424b-9868-57a2d4851a1d" />
    <TestEntry testId="c47cbfb5-8a50-ef76-dc8b-bbbbe83c35f6" executionId="f670ebf2-d135-40fe-ae88-e1ae4252df1a" testListId="8c84fa94-04c1-424b-9868-57a2d4851a1d" />
    <TestEntry testId="3c6ec36d-3aca-cc8c-f540-f0674fae16f9" executionId="5065dd47-6545-4a0e-94a5-30b5e0c22a54" testListId="8c84fa94-04c1-424b-9868-57a2d4851a1d" />
    <TestEntry testId="8938eaaa-10f4-1d84-a810-d332ab0c7421" executionId="aa68e65a-5241-48a4-97be-b7c18f33e40c" testListId="8c84fa94-04c1-424b-9868-57a2d4851a1d" />
    <TestEntry testId="7b6494d9-14d1-e703-8dce-eacd52852ebc" executionId="1ea352fe-7946-42c6-9e0d-eacfb60be4f7" testListId="8c84fa94-04c1-424b-9868-57a2d4851a1d" />
    <TestEntry testId="d3168116-f2b4-8d85-d69a-f47dbb1df0a3" executionId="c2666848-a166-4a3e-880c-be9c946c26f1" testListId="8c84fa94-04c1-424b-9868-57a2d4851a1d" />
    <TestEntry testId="b147c839-1adf-f8ae-0b25-dc9dcffe119b" executionId="6b0e7d39-93e3-4097-a7ce-d9afd03b1254" testListId="8c84fa94-04c1-424b-9868-57a2d4851a1d" />
    <TestEntry testId="834e87af-89d1-a13c-6891-c9c741194fd8" executionId="80235089-cda8-4c20-8ec9-a4355e94a00f" testListId="8c84fa94-04c1-424b-9868-57a2d4851a1d" />
    <TestEntry testId="7c3f6d8f-7cfa-87ef-b069-2f2a330ed08a" executionId="9a0c3b00-bf33-4da9-a687-acd47218b555" testListId="8c84fa94-04c1-424b-9868-57a2d4851a1d" />
    <TestEntry testId="e7a315f9-584b-e4f3-8469-ce4f80c3387c" executionId="c906eab2-cdf4-49f0-831c-45e4a7f9b96d" testListId="8c84fa94-04c1-424b-9868-57a2d4851a1d" />
    <TestEntry testId="04126902-9508-0ab4-a88b-c6cc8b546986" executionId="ff880037-df4b-4574-9393-1ceca3cd12e4" testListId="8c84fa94-04c1-424b-9868-57a2d4851a1d" />
    <TestEntry testId="d30c0506-60c3-3624-baf0-3cabb1483786" executionId="42ad8500-edab-4cf4-83a2-eb15a3d636f4" testListId="8c84fa94-04c1-424b-9868-57a2d4851a1d" />
    <TestEntry testId="11c28579-30cf-d22c-ee3d-3776ee719321" executionId="1a0c305b-5085-4e78-b9e0-ed36eb2efb89" testListId="8c84fa94-04c1-424b-9868-57a2d4851a1d" />
    <TestEntry testId="b95a0169-81da-1ad7-baaf-9682207c1cd6" executionId="116d8829-3ba6-4e7f-8350-ce38afe2707b" testListId="8c84fa94-04c1-424b-9868-57a2d4851a1d" />
    <TestEntry testId="7bd350cb-3547-f84c-acf6-0205c1ac84ac" executionId="e04d3b2f-a01b-492a-af9d-cbb7dd667c1d" testListId="8c84fa94-04c1-424b-9868-57a2d4851a1d" />
    <TestEntry testId="82f28324-964a-7ebe-3fa1-b6d48ed97144" executionId="6fc43885-ebba-4d86-b18b-482d28113291" testListId="8c84fa94-04c1-424b-9868-57a2d4851a1d" />
    <TestEntry testId="3827ef79-3081-082a-a862-859949cd62b9" executionId="2cd1c00f-1fbd-49c1-ab4b-583514b7d6bf" testListId="8c84fa94-04c1-424b-9868-57a2d4851a1d" />
    <TestEntry testId="da270ab7-6882-db63-f3a0-844c8b4562db" executionId="407e248d-c50d-4a1f-b172-89efa52a299c" testListId="8c84fa94-04c1-424b-9868-57a2d4851a1d" />
    <TestEntry testId="b2a7a04f-f1f1-7276-152d-8d2269ca96a4" executionId="7e7f4e9d-1918-4c5c-b859-2b9defa7e6ab" testListId="8c84fa94-04c1-424b-9868-57a2d4851a1d" />
    <TestEntry testId="9fe19c9a-7103-2abd-228a-09e45881c4bc" executionId="c8fa29d0-197c-4e69-a747-03e47a5e8f37" testListId="8c84fa94-04c1-424b-9868-57a2d4851a1d" />
    <TestEntry testId="c201cfe9-d7ef-1767-28d0-57fcb8de2460" executionId="9f8f624e-a32f-44e3-b62f-b19536fabbfe" testListId="8c84fa94-04c1-424b-9868-57a2d4851a1d" />
    <TestEntry testId="b1896dd7-6634-6c9f-92ab-cd4904bba1dc" executionId="1e92b880-baa5-4fe9-8460-4eaf10f8fd00" testListId="8c84fa94-04c1-424b-9868-57a2d4851a1d" />
    <TestEntry testId="1236ba87-a4f6-ba2a-15ac-ff768f66c54a" executionId="eabe1813-7a68-492a-9476-24c88f5a7fa8" testListId="8c84fa94-04c1-424b-9868-57a2d4851a1d" />
    <TestEntry testId="139930e6-1293-1333-f3aa-a935221ee7d5" executionId="d00468ff-ed4a-4d49-b060-2ffa5a94137a" testListId="8c84fa94-04c1-424b-9868-57a2d4851a1d" />
    <TestEntry testId="4eb529fd-da3e-df70-1180-0619ee67e3c6" executionId="2d4e3638-6298-45bd-9314-e446e82b20c2" testListId="8c84fa94-04c1-424b-9868-57a2d4851a1d" />
    <TestEntry testId="3b964bff-d25f-d812-9955-0682bf213291" executionId="2a757b53-bf29-48dc-984f-95bb14a97af4" testListId="8c84fa94-04c1-424b-9868-57a2d4851a1d" />
    <TestEntry testId="060935d9-41c9-9631-b038-7843722743ca" executionId="eb1c1d9d-f9d7-435f-ab88-84301c93d780" testListId="8c84fa94-04c1-424b-9868-57a2d4851a1d" />
    <TestEntry testId="31051539-7cfa-1db5-4cea-df2287622770" executionId="db18a2b9-7ed1-4d36-8de1-d8f54ea7f863" testListId="8c84fa94-04c1-424b-9868-57a2d4851a1d" />
    <TestEntry testId="bffd3eb0-f441-4434-c761-838539b2758c" executionId="0a9ad4ae-1e86-4577-a115-591b65081fb9" testListId="8c84fa94-04c1-424b-9868-57a2d4851a1d" />
    <TestEntry testId="cb7e38b0-12f4-dfad-65ae-f93a1147794e" executionId="41f3ce0e-3770-4948-87a0-26ffc42bcf1a" testListId="8c84fa94-04c1-424b-9868-57a2d4851a1d" />
    <TestEntry testId="7f1f1baf-8bbb-c3d7-9705-27c7162bbf25" executionId="485cc1b3-3364-468b-8895-955e9cf9468d" testListId="8c84fa94-04c1-424b-9868-57a2d4851a1d" />
    <TestEntry testId="f1273a57-f352-81b3-3c22-3b2f4debaba3" executionId="f77c1891-ceec-4f65-80ff-da2cbd258723" testListId="8c84fa94-04c1-424b-9868-57a2d4851a1d" />
    <TestEntry testId="53422728-4202-db44-815d-fc4c107ae306" executionId="7ac3dc61-d5c4-4e26-b88b-2284fae5eb04" testListId="8c84fa94-04c1-424b-9868-57a2d4851a1d" />
    <TestEntry testId="e734e722-c897-0ccb-6f21-a044403c8cd2" executionId="d818090e-1251-4bb0-afd0-bda680c9e707" testListId="8c84fa94-04c1-424b-9868-57a2d4851a1d" />
    <TestEntry testId="6ce95987-243b-a23d-9b97-d2e2f2ba466c" executionId="54540978-0032-41c4-94a2-c708459d3653" testListId="8c84fa94-04c1-424b-9868-57a2d4851a1d" />
    <TestEntry testId="30519e59-52c0-4abe-69e5-75fce80dd98b" executionId="5d6b1318-e05e-4a97-80ed-c1c4ac9512ad" testListId="8c84fa94-04c1-424b-9868-57a2d4851a1d" />
    <TestEntry testId="1ce6e954-84ed-5a50-7c66-ce4fb6384d66" executionId="50b4830a-6227-4476-bbe9-03fce95c551a" testListId="8c84fa94-04c1-424b-9868-57a2d4851a1d" />
    <TestEntry testId="9e28d5ce-7362-2b06-9e34-6ce871313f70" executionId="5b2d71ae-4d9d-4440-8832-e96e1ef4bc62" testListId="8c84fa94-04c1-424b-9868-57a2d4851a1d" />
    <TestEntry testId="621f06a6-b00f-95ed-fccd-336bd41780d8" executionId="3a513f92-536f-455b-a8ff-812a98e5a785" testListId="8c84fa94-04c1-424b-9868-57a2d4851a1d" />
    <TestEntry testId="ef9bc618-0b6a-337d-f408-8cefa3f67ba7" executionId="01b50a3f-b17e-4ca5-b3df-00f588a6c458" testListId="8c84fa94-04c1-424b-9868-57a2d4851a1d" />
    <TestEntry testId="fc1fc2c4-ffdf-b544-ce27-92bf115fe30b" executionId="e189f8f4-bb88-4c1d-8ebd-3fbf7fcd713e" testListId="8c84fa94-04c1-424b-9868-57a2d4851a1d" />
    <TestEntry testId="308f63bb-ffab-d024-ffbf-d3fa54a43504" executionId="06b1c0cc-2858-41a5-bbaa-839f521930e6" testListId="8c84fa94-04c1-424b-9868-57a2d4851a1d" />
    <TestEntry testId="fcaf83e0-32f7-634e-130d-abc796d2af06" executionId="689dadf3-8872-4466-b1d6-4a7cf828c19d" testListId="8c84fa94-04c1-424b-9868-57a2d4851a1d" />
    <TestEntry testId="0138d714-b11a-1112-3975-544e9807700f" executionId="25d04c33-cd64-4459-bb9a-79fb18ef4ff9" testListId="8c84fa94-04c1-424b-9868-57a2d4851a1d" />
    <TestEntry testId="64de42c5-cf32-f94a-2ab2-81439a18d091" executionId="d42ce5fb-db45-445a-baca-45d4c2d58191" testListId="8c84fa94-04c1-424b-9868-57a2d4851a1d" />
    <TestEntry testId="682b3a18-5ce2-e09c-06c2-b3ebd5eb55df" executionId="2cc831d9-55e6-432b-b8f1-32afdcd355d2" testListId="8c84fa94-04c1-424b-9868-57a2d4851a1d" />
    <TestEntry testId="211e44a5-7069-3390-6f71-9a0cc710f40e" executionId="9ab8ce15-b9a7-476d-b3a9-1e9e5b432e09" testListId="8c84fa94-04c1-424b-9868-57a2d4851a1d" />
    <TestEntry testId="22017572-0e55-4eb6-a8f5-ed8333ee82e7" executionId="9707625a-dee3-4a0a-aa78-b758e39bba76" testListId="8c84fa94-04c1-424b-9868-57a2d4851a1d" />
    <TestEntry testId="f0a224b1-cb9d-a091-6819-7ca2cd4d3f6d" executionId="e92f00b8-aef9-4c1f-a20b-e0c2dcfad1a4" testListId="8c84fa94-04c1-424b-9868-57a2d4851a1d" />
    <TestEntry testId="668a7b7c-485c-e1be-eac6-0f37f9c5a345" executionId="53ab98a3-9d3c-40bd-b6f4-7c691e406d71" testListId="8c84fa94-04c1-424b-9868-57a2d4851a1d" />
    <TestEntry testId="e59e8f87-a17d-8e41-f45f-4db193e4b8dd" executionId="1179d1df-9a8f-472b-b5f5-0436170fc8fc" testListId="8c84fa94-04c1-424b-9868-57a2d4851a1d" />
    <TestEntry testId="67a0e7c3-fd99-228f-3717-941a8f61eb9d" executionId="77dba8ba-f5a9-4651-b37b-855d073188b0" testListId="8c84fa94-04c1-424b-9868-57a2d4851a1d" />
    <TestEntry testId="6d92f3d7-a73a-0631-d650-f99bb5acd16d" executionId="4afa1e04-8d96-4300-a552-7c249dc23c26" testListId="8c84fa94-04c1-424b-9868-57a2d4851a1d" />
    <TestEntry testId="ad0265a0-96ba-5103-cd9d-a51d12bc6389" executionId="7327d44a-2efb-4e6f-811f-7079d4d69aa8" testListId="8c84fa94-04c1-424b-9868-57a2d4851a1d" />
    <TestEntry testId="31917703-2acf-fc86-64fa-04fcf338cdb6" executionId="209788d5-104f-46c5-8a45-ea60868bfa09" testListId="8c84fa94-04c1-424b-9868-57a2d4851a1d" />
    <TestEntry testId="3881d3ff-e33d-04a6-6ad4-69b98dedc6b4" executionId="5e83a50b-2afa-4c43-9119-f71f035be501" testListId="8c84fa94-04c1-424b-9868-57a2d4851a1d" />
    <TestEntry testId="12eef7c4-a391-5bc7-ef04-b727ebe57366" executionId="f13bf7f3-765a-4e58-82df-819200cec39b" testListId="8c84fa94-04c1-424b-9868-57a2d4851a1d" />
    <TestEntry testId="9f8782f5-d91c-4490-2d75-75cddc0ef1b1" executionId="eae261bf-c10e-4f1a-a4c2-ebfa84a0c473" testListId="8c84fa94-04c1-424b-9868-57a2d4851a1d" />
    <TestEntry testId="bc878ccd-98a1-51a4-2cfc-16b619dea6f0" executionId="ea1e0663-9ab8-4685-ab81-f3c5696484b0" testListId="8c84fa94-04c1-424b-9868-57a2d4851a1d" />
    <TestEntry testId="a7839cf0-508a-0ad4-6fc1-0553406f8071" executionId="67a1effc-5ecd-4330-bc52-ad2e4aea68f2" testListId="8c84fa94-04c1-424b-9868-57a2d4851a1d" />
    <TestEntry testId="3a4d61c6-1dc3-0bdf-c7d5-0384c8954cbd" executionId="44cd8f02-2bb7-44e7-9101-973fb558a1de" testListId="8c84fa94-04c1-424b-9868-57a2d4851a1d" />
    <TestEntry testId="d322c036-f127-a7c3-54cb-2755a84ecb70" executionId="07271b97-5562-450a-842d-8db12a3491cc" testListId="8c84fa94-04c1-424b-9868-57a2d4851a1d" />
    <TestEntry testId="e5961fd2-e26a-dc01-53b6-9e6df31d3e56" executionId="bf8fdeb2-2174-435f-87a5-378176eee5a8" testListId="8c84fa94-04c1-424b-9868-57a2d4851a1d" />
    <TestEntry testId="ea4cc4d0-6ac5-366c-ac2d-a5c2c9cb07e6" executionId="bbb0f3ca-35e4-4cd8-8696-4af0d04be09c" testListId="8c84fa94-04c1-424b-9868-57a2d4851a1d" />
    <TestEntry testId="47a53b29-7b9e-c9bf-9646-9c0d3127b256" executionId="a5073bef-57de-4e39-a2c2-1109c893dfb9" testListId="8c84fa94-04c1-424b-9868-57a2d4851a1d" />
    <TestEntry testId="394ee23f-1fe5-59c6-6460-7cc48bf68705" executionId="da9114b1-2cb9-4d9c-86f9-51dabc1d32fa" testListId="8c84fa94-04c1-424b-9868-57a2d4851a1d" />
    <TestEntry testId="a41a1003-2242-10b8-735d-2b3636a491be" executionId="732b6918-990b-450d-ae00-282a9ae0bf7c" testListId="8c84fa94-04c1-424b-9868-57a2d4851a1d" />
    <TestEntry testId="f556377a-234c-b3cb-a4d6-e29f7a9225e4" executionId="e1f71204-67d8-4f43-919a-8d83cf84ab5a" testListId="8c84fa94-04c1-424b-9868-57a2d4851a1d" />
    <TestEntry testId="88b3639f-ec99-90c4-a195-d859d4e9c60c" executionId="7581f1e4-1ce5-4d42-859f-e977887f97f4" testListId="8c84fa94-04c1-424b-9868-57a2d4851a1d" />
    <TestEntry testId="dd6afc15-10c5-b303-c76e-273eabfa3bb0" executionId="1a167f67-1823-4011-8b51-240d274a4bab" testListId="8c84fa94-04c1-424b-9868-57a2d4851a1d" />
    <TestEntry testId="01158b98-2cd4-e826-aa9e-d2d4c60de322" executionId="7b0565de-594e-44d0-9369-0ca776da4d4f" testListId="8c84fa94-04c1-424b-9868-57a2d4851a1d" />
    <TestEntry testId="dfc15ed8-7724-9a59-ed0c-37d1b022994b" executionId="8128c1c9-dde4-4f5e-92a1-173497d1099e" testListId="8c84fa94-04c1-424b-9868-57a2d4851a1d" />
    <TestEntry testId="9fe60fa0-7d32-eb9d-1e44-3be02241d2db" executionId="2582230e-b5d5-4c3c-8c1d-718ee71e4202" testListId="8c84fa94-04c1-424b-9868-57a2d4851a1d" />
    <TestEntry testId="42d4745e-d9b8-f2e9-3bf0-8b9851599c44" executionId="52ba1a69-6659-4aab-88a1-2621808f23ab" testListId="8c84fa94-04c1-424b-9868-57a2d4851a1d" />
    <TestEntry testId="e9dfb445-64b1-c8bd-bc01-6330550b105e" executionId="d1ae9155-26a4-4800-925c-cb8c08fb2c76" testListId="8c84fa94-04c1-424b-9868-57a2d4851a1d" />
    <TestEntry testId="55b79441-e564-906e-4208-d72830fa4d2c" executionId="484bb814-8e76-4acc-8454-9a596043ea32" testListId="8c84fa94-04c1-424b-9868-57a2d4851a1d" />
    <TestEntry testId="bbf27319-0f4b-5f15-78c4-45a2e840ee02" executionId="0e72e5f8-084c-42be-8dce-efafc00ba527" testListId="8c84fa94-04c1-424b-9868-57a2d4851a1d" />
    <TestEntry testId="0b0ff5aa-c291-79fb-1d8b-d1660f2ebad3" executionId="490aec6d-73cc-44f4-ae86-cef946eefeb3" testListId="8c84fa94-04c1-424b-9868-57a2d4851a1d" />
    <TestEntry testId="46ae3a22-8d3d-7e4f-8a5b-87f63b36d2e9" executionId="7869c5b1-e6cb-4230-916e-f7eca3442f1d" testListId="8c84fa94-04c1-424b-9868-57a2d4851a1d" />
    <TestEntry testId="31d165a4-0514-1831-5c27-9754c33030c7" executionId="67794b01-9212-4fcd-8a8b-9283284ca738" testListId="8c84fa94-04c1-424b-9868-57a2d4851a1d" />
    <TestEntry testId="805392f0-f3e7-2021-caac-8cfa4d85f84a" executionId="9e2434a5-c02d-466b-a99f-624f718f3e3c" testListId="8c84fa94-04c1-424b-9868-57a2d4851a1d" />
    <TestEntry testId="c3649c2b-316d-d26a-c549-526c58a35cfe" executionId="a7bf0678-94b4-45a2-bca5-b52bc990028c" testListId="8c84fa94-04c1-424b-9868-57a2d4851a1d" />
    <TestEntry testId="c199ff76-2997-edbd-0462-ba7539f412d3" executionId="2636e437-411b-4fa0-bbc5-da8fa7c09cf0" testListId="8c84fa94-04c1-424b-9868-57a2d4851a1d" />
    <TestEntry testId="daf5f08d-c32f-df8c-b33e-1ba8ee1cff44" executionId="d4b2e6d5-fa8f-4698-8dfb-a4f8bd867c87" testListId="8c84fa94-04c1-424b-9868-57a2d4851a1d" />
    <TestEntry testId="98ff53fb-3b47-c43e-4b86-adf2da2fb797" executionId="373a06a0-936b-4d3d-926e-d62e7f49094c" testListId="8c84fa94-04c1-424b-9868-57a2d4851a1d" />
    <TestEntry testId="6c9b14c3-fb11-6b6c-874f-cb384de0275b" executionId="a20605b8-3ebd-495b-9bb4-720293bffc98" testListId="8c84fa94-04c1-424b-9868-57a2d4851a1d" />
    <TestEntry testId="125f47fd-bfa6-8077-4564-e798b6c885b3" executionId="d25315ab-a320-41d3-8c96-5d95ba470998" testListId="8c84fa94-04c1-424b-9868-57a2d4851a1d" />
    <TestEntry testId="7fb5739f-7a0e-9d63-4cc0-4564c77d7249" executionId="c41ca51c-fdca-4cf6-b8ec-bea21e085dfc" testListId="8c84fa94-04c1-424b-9868-57a2d4851a1d" />
    <TestEntry testId="8ff1a4be-4c7a-03eb-1e8d-280cdf27a49d" executionId="0423bbd9-ccbe-4627-b47d-525b86d301c3" testListId="8c84fa94-04c1-424b-9868-57a2d4851a1d" />
    <TestEntry testId="49bc91b3-0e58-95cf-9899-940758bf9038" executionId="1ebd50cb-6c37-4331-9640-ed405f009d59" testListId="8c84fa94-04c1-424b-9868-57a2d4851a1d" />
    <TestEntry testId="8685a0cc-8f6c-e530-6b25-43918c6d87aa" executionId="83b9e150-2187-4b55-8cb3-2f022c62144c" testListId="8c84fa94-04c1-424b-9868-57a2d4851a1d" />
    <TestEntry testId="054d841b-8cd4-42a2-f59c-fc413fd8883f" executionId="4ce319f4-ceb4-43b2-ae84-dc06b53573cd" testListId="8c84fa94-04c1-424b-9868-57a2d4851a1d" />
    <TestEntry testId="db7e14ac-31b0-63ea-57a6-f0098c612aa0" executionId="ea4876a6-0946-46e3-a887-efa7edba2491" testListId="8c84fa94-04c1-424b-9868-57a2d4851a1d" />
    <TestEntry testId="13808eac-f72b-2563-39d5-58056dcce54a" executionId="d5c5592f-dc83-4b4b-8e79-149488f70ea3" testListId="8c84fa94-04c1-424b-9868-57a2d4851a1d" />
    <TestEntry testId="be3b82dd-8df9-5360-ff99-6eca540698eb" executionId="fbef149e-ee65-4c74-b36a-e07ab4459933" testListId="8c84fa94-04c1-424b-9868-57a2d4851a1d" />
    <TestEntry testId="0154a190-bfe2-3ee0-16ea-a097656a45bf" executionId="8573dd2a-4133-4121-ac14-1853777296af" testListId="8c84fa94-04c1-424b-9868-57a2d4851a1d" />
    <TestEntry testId="fcfc02eb-9475-084e-96ae-652cb742a35f" executionId="9c401996-68ca-4a06-a598-55b9da7d2582" testListId="8c84fa94-04c1-424b-9868-57a2d4851a1d" />
    <TestEntry testId="5f47c21d-eb6b-8972-42b3-349701e80bfd" executionId="024da5e7-8f7d-48ac-9a8e-55aaf1166515" testListId="8c84fa94-04c1-424b-9868-57a2d4851a1d" />
    <TestEntry testId="e0974674-ac77-e53b-c938-66c6d56fd05c" executionId="6ca6ab55-d14c-49ff-ae1c-bde89406e5ac" testListId="8c84fa94-04c1-424b-9868-57a2d4851a1d" />
    <TestEntry testId="dae5127c-eff7-8376-4da7-ec9462c457e1" executionId="241d1cbd-53f2-4a06-b46f-94f876c42a41" testListId="8c84fa94-04c1-424b-9868-57a2d4851a1d" />
    <TestEntry testId="43549381-b46a-2b58-13a9-b35484e42c71" executionId="5b135430-ef63-4ff4-9f33-1cc2e7cd87da" testListId="8c84fa94-04c1-424b-9868-57a2d4851a1d" />
    <TestEntry testId="8b5da03f-9577-2062-8111-d2b15e5a740d" executionId="3f8206e3-b9b5-4a4f-93be-9080a483a78e" testListId="8c84fa94-04c1-424b-9868-57a2d4851a1d" />
    <TestEntry testId="27817c8c-6c0d-bb4b-da4e-d6836f9c5d12" executionId="5ddf2690-5f4d-43bf-a0c3-a7d588aa67e9" testListId="8c84fa94-04c1-424b-9868-57a2d4851a1d" />
    <TestEntry testId="2d11d0f1-64a8-482c-f6c9-1576aff1fea5" executionId="8f9a4e99-264a-4d8e-8e8b-b77e4965154f" testListId="8c84fa94-04c1-424b-9868-57a2d4851a1d" />
    <TestEntry testId="a67e2ec6-c284-283e-f6bb-5df24e13d453" executionId="4f34a905-bdf3-4e34-b0b2-f0963ed71ab9" testListId="8c84fa94-04c1-424b-9868-57a2d4851a1d" />
    <TestEntry testId="7f0dc770-de51-01fc-0418-ecabb4649b1e" executionId="eb8e7b11-80d6-4a6a-9476-996d19810075" testListId="8c84fa94-04c1-424b-9868-57a2d4851a1d" />
    <TestEntry testId="a83a69b8-4523-62af-550e-9c72857a22cc" executionId="577b273d-4cac-4825-8b7e-6b5963e0b73e" testListId="8c84fa94-04c1-424b-9868-57a2d4851a1d" />
    <TestEntry testId="3f059c6a-7cda-fa81-0b37-29c0a5c4596b" executionId="e5369301-4bde-41f7-9c2e-5550f0f9bb9d" testListId="8c84fa94-04c1-424b-9868-57a2d4851a1d" />
    <TestEntry testId="dcc9cf01-7d0d-4dc6-9027-2fa692f04ff1" executionId="55948827-d8f3-481c-be4b-0e81184ca0d6" testListId="8c84fa94-04c1-424b-9868-57a2d4851a1d" />
    <TestEntry testId="fd660d88-e617-79d3-f7ee-c5b3a97b4585" executionId="7197c070-41dd-4961-b8fa-6ad64e001e4d" testListId="8c84fa94-04c1-424b-9868-57a2d4851a1d" />
    <TestEntry testId="76e6ff63-d7eb-f665-d9fe-8f8739285ff9" executionId="ec379c51-9cf9-4b4b-8ebe-f40ded4fd8b0" testListId="8c84fa94-04c1-424b-9868-57a2d4851a1d" />
    <TestEntry testId="85a3df1f-74e3-6aca-1e0c-cfef94af0047" executionId="d88e9c2b-e0b5-45f3-ba4a-781665d16296" testListId="8c84fa94-04c1-424b-9868-57a2d4851a1d" />
    <TestEntry testId="b7c2c022-5605-11c2-db09-3429d396f98d" executionId="0e66d4ec-4c96-49ca-90f4-e5ad444dc09c" testListId="8c84fa94-04c1-424b-9868-57a2d4851a1d" />
    <TestEntry testId="cc3f336d-6569-1e3c-5ccf-be760a4417ce" executionId="7e27cc21-0add-4e70-be96-72327c5edb60" testListId="8c84fa94-04c1-424b-9868-57a2d4851a1d" />
    <TestEntry testId="94e89fbd-ee0e-4e65-a79e-fa57a63dcb34" executionId="53480560-8b83-4abd-b534-ef8f6809d4cb" testListId="8c84fa94-04c1-424b-9868-57a2d4851a1d" />
    <TestEntry testId="f3ca05e5-dc9b-e250-df0d-7261ad9afb62" executionId="6ba52913-44ae-411b-9eb1-2fd18f5b4ca8" testListId="8c84fa94-04c1-424b-9868-57a2d4851a1d" />
    <TestEntry testId="b11280c6-b927-424b-97d9-4a8daa017667" executionId="39a37b8b-18f4-4f3b-8d2c-4256ebb04c26" testListId="8c84fa94-04c1-424b-9868-57a2d4851a1d" />
    <TestEntry testId="fa6e843e-faa4-966b-f711-d61b61e7366c" executionId="af7dc308-e451-459b-943e-83a0ca567d93" testListId="8c84fa94-04c1-424b-9868-57a2d4851a1d" />
    <TestEntry testId="58117c79-f111-10a9-cd35-e84774ffbcda" executionId="4c1e666c-2a85-4284-a2f1-e1b94824887b" testListId="8c84fa94-04c1-424b-9868-57a2d4851a1d" />
    <TestEntry testId="22940ce1-f9a1-0a34-055d-4f72c4c54fbb" executionId="959e694b-98cf-4d1d-9d90-6349a7e39fff" testListId="8c84fa94-04c1-424b-9868-57a2d4851a1d" />
    <TestEntry testId="82a5b9a3-0552-89d0-c528-c8a8c76f5d9f" executionId="4bb1887e-f16b-444e-8ce9-7fbbf19c3c6d" testListId="8c84fa94-04c1-424b-9868-57a2d4851a1d" />
    <TestEntry testId="1231dbfb-8caf-95d4-fa10-3201d28cc912" executionId="f6eaa8fa-9f50-45a3-a023-167f34ec6fa4" testListId="8c84fa94-04c1-424b-9868-57a2d4851a1d" />
    <TestEntry testId="a68e6a6e-4209-2d96-e42e-fdfc6deeba69" executionId="36cbd82c-4d6b-4b07-bcb4-eb73b56f6615" testListId="8c84fa94-04c1-424b-9868-57a2d4851a1d" />
    <TestEntry testId="f33839d1-0a95-c027-0a9d-468e94c3e8f8" executionId="8689dcd1-bdf3-405c-bca7-ad94e085aabc" testListId="8c84fa94-04c1-424b-9868-57a2d4851a1d" />
    <TestEntry testId="4bb55630-8b3a-5b1a-80b5-da8fceb36d41" executionId="9ba5d675-f338-43b4-a7b0-e324d48d07b9" testListId="8c84fa94-04c1-424b-9868-57a2d4851a1d" />
    <TestEntry testId="cb3227bb-d1a5-0c0d-9089-9f393e7c3688" executionId="cc001176-8854-46ec-b365-081c5bdf3bc9" testListId="8c84fa94-04c1-424b-9868-57a2d4851a1d" />
    <TestEntry testId="c475df53-8f1e-79fe-20e9-fd298525b9b9" executionId="507af42a-794d-47ab-83f4-d2891a3c751e" testListId="8c84fa94-04c1-424b-9868-57a2d4851a1d" />
    <TestEntry testId="80eb5992-c82a-ed44-e16c-bbd14f90a9d1" executionId="d7615e23-063a-4e7b-8f0d-aa96694d8a24" testListId="8c84fa94-04c1-424b-9868-57a2d4851a1d" />
    <TestEntry testId="cd80718c-caec-d1ab-47af-f5822f5e7c58" executionId="37b8038d-bf89-4f1f-be1b-3f16c3451e98" testListId="8c84fa94-04c1-424b-9868-57a2d4851a1d" />
    <TestEntry testId="1d908a6b-ebcd-4952-2785-5d24733c709c" executionId="f5b8394b-0988-4489-a865-56d0386f39a3" testListId="8c84fa94-04c1-424b-9868-57a2d4851a1d" />
    <TestEntry testId="f42b2340-e96d-0e55-ec7c-6d27b290f74e" executionId="fc6e4675-0303-41dc-ae49-4114882025b8" testListId="8c84fa94-04c1-424b-9868-57a2d4851a1d" />
    <TestEntry testId="b017e7d9-0b01-2855-1b02-e7d76489a091" executionId="2b672684-7b98-4243-be1c-feaddc9a114c" testListId="8c84fa94-04c1-424b-9868-57a2d4851a1d" />
    <TestEntry testId="97f2dd08-7fc8-05d2-39e7-d6eb768666a9" executionId="05007e0e-6611-4691-997c-f9f57a7afb46" testListId="8c84fa94-04c1-424b-9868-57a2d4851a1d" />
    <TestEntry testId="67c0ea39-eacf-68a7-bc2c-66d2ee840cfb" executionId="65a9a231-8f5f-4336-bbed-29c9c8b790cb" testListId="8c84fa94-04c1-424b-9868-57a2d4851a1d" />
    <TestEntry testId="19b10478-a96f-f7e7-c2b8-f210ce21c3d4" executionId="7c4e9afe-9c37-41e9-983e-5d72a6020998" testListId="8c84fa94-04c1-424b-9868-57a2d4851a1d" />
    <TestEntry testId="ebd03c2f-6c76-bcbc-d996-078d887dfa19" executionId="665dfbb2-5ba6-4341-b142-14023ca004f6" testListId="8c84fa94-04c1-424b-9868-57a2d4851a1d" />
    <TestEntry testId="6ff15af4-6fd8-2401-35d9-7aaad2262d48" executionId="a97060f5-0ee3-42b5-8655-b50dd74a4ae2" testListId="8c84fa94-04c1-424b-9868-57a2d4851a1d" />
    <TestEntry testId="a831aa49-5e6b-6ed4-4885-992999205a90" executionId="dc6abb14-06e3-47ab-a7c2-0b535264e57b" testListId="8c84fa94-04c1-424b-9868-57a2d4851a1d" />
    <TestEntry testId="de470450-f311-009d-203e-62ec8452adf9" executionId="3069993b-6587-4df5-9257-91aeb0539b78" testListId="8c84fa94-04c1-424b-9868-57a2d4851a1d" />
    <TestEntry testId="3d8a3078-3353-0dd0-9ba2-c2de88eb7008" executionId="41a281db-28d7-4ee3-a005-16ce5e2c8335" testListId="8c84fa94-04c1-424b-9868-57a2d4851a1d" />
    <TestEntry testId="3164fb82-de29-8026-529f-6acf36741c8b" executionId="e100caf3-8408-4693-aae7-d4af84112bcc" testListId="8c84fa94-04c1-424b-9868-57a2d4851a1d" />
    <TestEntry testId="549a1786-aafc-b11d-904d-59c7dd4fc0a3" executionId="2a61e00f-0af2-4d4b-927e-405aa0ffd4db" testListId="8c84fa94-04c1-424b-9868-57a2d4851a1d" />
    <TestEntry testId="be95620e-7d9c-a81d-b372-a97d28330950" executionId="af083588-b64f-4244-8f29-ba7a40a4b984" testListId="8c84fa94-04c1-424b-9868-57a2d4851a1d" />
    <TestEntry testId="d44d55cb-b29b-7590-3980-4d0ce2902600" executionId="38a7ac54-4509-4ea3-9ddf-7787d3762430" testListId="8c84fa94-04c1-424b-9868-57a2d4851a1d" />
    <TestEntry testId="33464c95-c39e-2270-caf4-672c551a54f2" executionId="a2bf7f7a-8dae-4b6a-b7e7-a91f659b5128" testListId="8c84fa94-04c1-424b-9868-57a2d4851a1d" />
    <TestEntry testId="37465b96-5d9d-91f9-7bbc-1b2bd9de14df" executionId="8db96ccd-2876-4d11-a63c-2a21cc8d0d98" testListId="8c84fa94-04c1-424b-9868-57a2d4851a1d" />
    <TestEntry testId="786f976f-79dc-fb5a-d9d5-d8983ae14820" executionId="7446710a-7c01-42a9-bf29-1532216dbfdf" testListId="8c84fa94-04c1-424b-9868-57a2d4851a1d" />
    <TestEntry testId="fc700c0a-f7f2-a9aa-c628-23e607736cb2" executionId="659efefe-d0cb-42a1-9b52-df541480ff54" testListId="8c84fa94-04c1-424b-9868-57a2d4851a1d" />
    <TestEntry testId="d0ba50f6-c050-7856-3856-4bb2c3dada0c" executionId="20e30b84-a275-4679-a6c3-3247702cf348" testListId="8c84fa94-04c1-424b-9868-57a2d4851a1d" />
    <TestEntry testId="d1e0da8d-6305-778c-2487-62302266275e" executionId="75c40f4b-e7d5-4a48-b1db-3f05d250724f" testListId="8c84fa94-04c1-424b-9868-57a2d4851a1d" />
    <TestEntry testId="1461c781-13a0-05a7-16f7-5b6b1341577b" executionId="91964398-63c1-44f8-b56e-790a57cfbdf8" testListId="8c84fa94-04c1-424b-9868-57a2d4851a1d" />
    <TestEntry testId="d9b69abf-addf-dcc7-c2fd-b2ff5d4f6705" executionId="8a5de63a-2abe-406c-8487-df90121e99bb" testListId="8c84fa94-04c1-424b-9868-57a2d4851a1d" />
    <TestEntry testId="d1e36374-9329-5797-656e-7f2208258af5" executionId="ab44a9c9-8e82-4483-8fac-39156f43605a" testListId="8c84fa94-04c1-424b-9868-57a2d4851a1d" />
    <TestEntry testId="c05a4d86-1b95-1726-01bd-7b1791261baa" executionId="d7f735b6-f4b5-4d63-b40c-1bb29f58a17d" testListId="8c84fa94-04c1-424b-9868-57a2d4851a1d" />
    <TestEntry testId="4937d7ac-b3aa-c23d-f312-18cd0c6ed990" executionId="5656e41c-1260-4f68-97f9-66e44d27be72" testListId="8c84fa94-04c1-424b-9868-57a2d4851a1d" />
    <TestEntry testId="a7db9ed1-0e9f-4bd0-ac0b-3b36ddafd16e" executionId="1948adc5-d097-4b8e-91f7-f0d7437279f1" testListId="8c84fa94-04c1-424b-9868-57a2d4851a1d" />
    <TestEntry testId="d15cb015-1a80-6a1c-c85a-3f61077a2db7" executionId="9f950368-c7a1-45e1-a18b-418afdf179a8" testListId="8c84fa94-04c1-424b-9868-57a2d4851a1d" />
    <TestEntry testId="b6767da0-b71f-abbd-7405-75d592f9abf3" executionId="9b0a31e2-e750-4289-b7f8-a0a169111398" testListId="8c84fa94-04c1-424b-9868-57a2d4851a1d" />
    <TestEntry testId="310968d1-fc55-32d1-9bf4-640cd6ac6c2c" executionId="92d34e5d-1734-423e-a0ef-298cb098017e" testListId="8c84fa94-04c1-424b-9868-57a2d4851a1d" />
    <TestEntry testId="cc93f70b-f9b0-21f7-faba-e1868435194b" executionId="654b123b-479a-451b-bb7c-7eb21243c944" testListId="8c84fa94-04c1-424b-9868-57a2d4851a1d" />
    <TestEntry testId="4e41d746-7d06-c195-c083-479d6448ab5b" executionId="21d58420-3114-4914-8968-1b4377f7d135" testListId="8c84fa94-04c1-424b-9868-57a2d4851a1d" />
    <TestEntry testId="0a3a807f-9f6a-c6f8-8c9e-dc79768e8cd7" executionId="c936f9ab-62cc-42f6-bbc7-21c1ed03f704" testListId="8c84fa94-04c1-424b-9868-57a2d4851a1d" />
    <TestEntry testId="f16d6dc4-d4f4-8a18-c5c4-395abb886b21" executionId="5050fb4d-e5f6-47c0-ab66-cf1852f21cd6" testListId="8c84fa94-04c1-424b-9868-57a2d4851a1d" />
    <TestEntry testId="1efc39b0-1d4c-64ee-c593-37f0c14e8022" executionId="1cd45a3b-0bd7-4d7b-b5df-3509b7bf69ca" testListId="8c84fa94-04c1-424b-9868-57a2d4851a1d" />
    <TestEntry testId="dc8473a2-1a56-3e30-355f-f99d732efb88" executionId="e43ffc1a-4a08-4a2e-81e9-68cb1909ed03" testListId="8c84fa94-04c1-424b-9868-57a2d4851a1d" />
    <TestEntry testId="ee341f6d-4feb-cbd8-824e-87dfe9d62513" executionId="0a863609-b5bf-466c-8a4d-334eb8481dd7" testListId="8c84fa94-04c1-424b-9868-57a2d4851a1d" />
    <TestEntry testId="43f214ef-30cf-ba92-5a64-f56ecf6591a8" executionId="4e882cfd-ed59-4178-b0ec-8ab91c1469fb" testListId="8c84fa94-04c1-424b-9868-57a2d4851a1d" />
    <TestEntry testId="db8b110d-6977-3962-2ffa-71fc401aacf0" executionId="29e851c7-c950-46de-baef-c74de8e3d564" testListId="8c84fa94-04c1-424b-9868-57a2d4851a1d" />
    <TestEntry testId="107e0daf-d21c-596c-9a4b-7e99c0ba5816" executionId="7e30206d-b108-4bf3-8e28-24e413211283" testListId="8c84fa94-04c1-424b-9868-57a2d4851a1d" />
    <TestEntry testId="e07ed0b5-2e0a-976d-3f75-19c16e3edd02" executionId="9bc9c1a4-8d48-4b57-a243-188db24a3dc7" testListId="8c84fa94-04c1-424b-9868-57a2d4851a1d" />
    <TestEntry testId="2c838da2-a06b-ca63-745f-8e2c255d876f" executionId="94f2e6d5-f107-4729-9a04-7b3533aab89c" testListId="8c84fa94-04c1-424b-9868-57a2d4851a1d" />
    <TestEntry testId="65a78e97-54ce-8026-0240-7af1b5e1a5a5" executionId="41c7fb78-0ef1-4a25-972a-20f0dbe415b6" testListId="8c84fa94-04c1-424b-9868-57a2d4851a1d" />
    <TestEntry testId="fcd4df18-362b-5413-023a-c55cb23032da" executionId="f05768ad-f0cc-4848-9011-daffcd421d39" testListId="8c84fa94-04c1-424b-9868-57a2d4851a1d" />
    <TestEntry testId="2850ab82-187d-c41c-6c55-5faf4323eb97" executionId="42475ee1-b439-4439-89c3-56d1edb324fe" testListId="8c84fa94-04c1-424b-9868-57a2d4851a1d" />
    <TestEntry testId="2c659c9c-4cb8-0017-5374-282461cba931" executionId="bd3b82ff-9e37-4083-b45c-487bc2f77e9d" testListId="8c84fa94-04c1-424b-9868-57a2d4851a1d" />
    <TestEntry testId="bb812b16-0590-e601-98e0-332d7569575a" executionId="0b44eb36-1f76-4272-8362-a33571cae39e" testListId="8c84fa94-04c1-424b-9868-57a2d4851a1d" />
    <TestEntry testId="16dd1f98-130f-f1f5-491b-90125b059034" executionId="2d99db5f-2fce-4888-b4bb-11415211bb64" testListId="8c84fa94-04c1-424b-9868-57a2d4851a1d" />
    <TestEntry testId="9a2c2caa-e4e4-6aa8-3062-315f42f6a4ed" executionId="1431b67d-5ada-43c2-8b75-dd69be36f4bb" testListId="8c84fa94-04c1-424b-9868-57a2d4851a1d" />
    <TestEntry testId="4c86b04f-d23f-a2c9-e114-14c57820d810" executionId="a2499a9a-aa17-4afa-8064-5aa9e78b3055" testListId="8c84fa94-04c1-424b-9868-57a2d4851a1d" />
    <TestEntry testId="125978d4-3525-643c-7140-287b2e679bf8" executionId="700f8f5b-3075-4c40-8d7f-5a33ebf510f0" testListId="8c84fa94-04c1-424b-9868-57a2d4851a1d" />
    <TestEntry testId="4bd213a5-298f-25c6-c1c0-a6bf89fe9c65" executionId="89e5af25-6c81-46bc-b32b-a593989ee57d" testListId="8c84fa94-04c1-424b-9868-57a2d4851a1d" />
    <TestEntry testId="86824227-709e-d695-09b7-8d9000453067" executionId="78934fc5-366b-4c99-b8e0-824a12fa8ae5" testListId="8c84fa94-04c1-424b-9868-57a2d4851a1d" />
    <TestEntry testId="44436d34-8c47-a19f-150a-24d114c511ac" executionId="b75cd807-f8d5-4d41-b483-c4c284fbaf69" testListId="8c84fa94-04c1-424b-9868-57a2d4851a1d" />
    <TestEntry testId="b3801728-52f7-7053-510c-0b3ffd814256" executionId="81f39793-83ec-45f4-b3a8-ad0445b50c5b" testListId="8c84fa94-04c1-424b-9868-57a2d4851a1d" />
    <TestEntry testId="0668f627-8706-4ec9-03ec-e3e79b2c140f" executionId="5cc8f809-5299-4a91-a4e0-f940f0633e84" testListId="8c84fa94-04c1-424b-9868-57a2d4851a1d" />
    <TestEntry testId="45b7952c-6a01-5b93-8359-f60ab9325440" executionId="a54782a7-a87b-49ab-99ec-c8afc50fbb33" testListId="8c84fa94-04c1-424b-9868-57a2d4851a1d" />
    <TestEntry testId="0fd657fb-3854-1b2f-0c0f-8cf8e1efee07" executionId="5091bc8e-1bb9-42fe-8520-37c20cbbd096" testListId="8c84fa94-04c1-424b-9868-57a2d4851a1d" />
    <TestEntry testId="1ad3591a-ac8c-9e26-3467-6ee13c8cfd41" executionId="234fa866-4a0e-41bc-ad48-b58c09f69c96" testListId="8c84fa94-04c1-424b-9868-57a2d4851a1d" />
    <TestEntry testId="23ab757f-fe97-afaf-d8cf-cc47b5d58278" executionId="9eed7e7d-de53-4b08-8d46-3f3eb3e3b731" testListId="8c84fa94-04c1-424b-9868-57a2d4851a1d" />
    <TestEntry testId="b39f81fe-858b-c57c-9083-cb47ce15de87" executionId="8841c795-93a1-4e53-8801-c60699aa4bfa" testListId="8c84fa94-04c1-424b-9868-57a2d4851a1d" />
    <TestEntry testId="eccd7b47-7a8f-ac65-26ef-40b4723d9415" executionId="a1d26e56-f8d1-4001-bcd4-fe81eae3e9e8" testListId="8c84fa94-04c1-424b-9868-57a2d4851a1d" />
    <TestEntry testId="a298570a-a341-d8e8-abe3-7f25184c2524" executionId="f461ace4-8939-498e-af13-dd1875d7c0e1" testListId="8c84fa94-04c1-424b-9868-57a2d4851a1d" />
    <TestEntry testId="7e72f854-d326-decd-1986-82fb5fe24c7b" executionId="7d720eb5-839a-4537-bcbe-effe74febd68" testListId="8c84fa94-04c1-424b-9868-57a2d4851a1d" />
    <TestEntry testId="bc0974a0-deaf-8644-39a5-1ed48142447f" executionId="88588f1d-ccbe-4760-ad38-a14570b0fefc" testListId="8c84fa94-04c1-424b-9868-57a2d4851a1d" />
    <TestEntry testId="9a98835c-961c-47c7-7156-330b8e2ed1fa" executionId="28598ff2-d1dc-4272-bc09-5c7faa51e774" testListId="8c84fa94-04c1-424b-9868-57a2d4851a1d" />
    <TestEntry testId="7a0dc36a-c1cd-21c8-9ba3-75ff2dea0cf7" executionId="cc0bfc48-9006-4be1-aa1d-2f344d92657c" testListId="8c84fa94-04c1-424b-9868-57a2d4851a1d" />
    <TestEntry testId="3b72e631-6670-fe62-856b-ccd543a59971" executionId="aa1b3a1c-f185-4788-9fb6-9505f86f311c" testListId="8c84fa94-04c1-424b-9868-57a2d4851a1d" />
    <TestEntry testId="e5428f59-f644-25e4-cf44-58ef5b64f2ad" executionId="5fbca76b-747a-4654-b8b5-9207f93589e8" testListId="8c84fa94-04c1-424b-9868-57a2d4851a1d" />
    <TestEntry testId="a3ca636d-2e93-d6ba-5db9-ec0b0b5cb970" executionId="9852973c-138e-44b3-9fd3-0ab6d295fc13" testListId="8c84fa94-04c1-424b-9868-57a2d4851a1d" />
    <TestEntry testId="673d5a8a-8f58-a8c0-2572-e1a8f9618e54" executionId="74d19cf9-ff25-4df1-813a-93af12d2c3f8" testListId="8c84fa94-04c1-424b-9868-57a2d4851a1d" />
    <TestEntry testId="405a6411-84b6-3693-5b46-0b5983feca5e" executionId="3bfee8db-60e7-4a67-aa51-b7ed70f5c83c" testListId="8c84fa94-04c1-424b-9868-57a2d4851a1d" />
    <TestEntry testId="06fb238e-15e5-388c-77b1-ee96bcd9fd48" executionId="2121ccdb-40a6-431d-96ce-0e3813dac4df" testListId="8c84fa94-04c1-424b-9868-57a2d4851a1d" />
    <TestEntry testId="ce7e30df-0543-6938-fae8-53fc40762640" executionId="2941e3d9-2fe1-4e2e-83e1-1651d5325005" testListId="8c84fa94-04c1-424b-9868-57a2d4851a1d" />
    <TestEntry testId="5ce9e10d-7d63-e829-dad3-2b21af48d9a3" executionId="67df4631-6559-4f1c-8b9b-6857e632c63e" testListId="8c84fa94-04c1-424b-9868-57a2d4851a1d" />
    <TestEntry testId="e7a87b1a-469f-3c38-ddd6-29b9b9cbec00" executionId="02a3caae-c20a-4100-ada5-a4ded1129fae" testListId="8c84fa94-04c1-424b-9868-57a2d4851a1d" />
    <TestEntry testId="3c09d4cb-f13e-d121-455f-42d4e3bd3224" executionId="d245a462-f484-4b84-a63d-77dfde9712a0" testListId="8c84fa94-04c1-424b-9868-57a2d4851a1d" />
    <TestEntry testId="0e72e474-7df2-3dd5-7160-b0a32b2afdd9" executionId="f2d7a172-eaa3-4fe3-a489-2252825b0cf8" testListId="8c84fa94-04c1-424b-9868-57a2d4851a1d" />
    <TestEntry testId="7e481df7-029e-9d77-33ba-d4462cdb83bc" executionId="efd0d509-c469-4aa6-9332-463d0a448552" testListId="8c84fa94-04c1-424b-9868-57a2d4851a1d" />
    <TestEntry testId="6e4090e6-94bd-7c50-aeb3-2559b9307fcd" executionId="72965c7d-ed75-4ec4-86e6-4829903481af" testListId="8c84fa94-04c1-424b-9868-57a2d4851a1d" />
    <TestEntry testId="25843545-ef80-11aa-4565-6026ffae4df6" executionId="4c577006-aa9a-43fd-8434-a4d278d7e432" testListId="8c84fa94-04c1-424b-9868-57a2d4851a1d" />
    <TestEntry testId="2dbbefa2-cb1d-4d1e-312c-2268ae3ae8a4" executionId="b4b8264a-3ee9-4e9e-90d2-66eb1783fe20" testListId="8c84fa94-04c1-424b-9868-57a2d4851a1d" />
    <TestEntry testId="b50b60f1-2826-2d78-41c6-658eac6ae9ac" executionId="5d1b4398-ebfd-4250-a175-36acb9870cf1" testListId="8c84fa94-04c1-424b-9868-57a2d4851a1d" />
    <TestEntry testId="bd4bf395-8f98-04c2-c5f8-cab1c6647ef1" executionId="3deaf0f8-5d65-49de-8a4d-0137f35db9bc" testListId="8c84fa94-04c1-424b-9868-57a2d4851a1d" />
    <TestEntry testId="efff1d09-1e9a-daae-f4fe-c57e4a154964" executionId="1d99867e-c2a9-4f0b-9213-68a90944c2f8" testListId="8c84fa94-04c1-424b-9868-57a2d4851a1d" />
    <TestEntry testId="d430b74b-fb63-d6ac-57a1-5a6c439392cf" executionId="383d87ed-f6bf-41d5-9d2a-69543a564e93" testListId="8c84fa94-04c1-424b-9868-57a2d4851a1d" />
    <TestEntry testId="57774d4f-0e88-d290-a792-720e504514ba" executionId="cbb4ec74-5594-4652-941d-4abfbb893b7e" testListId="8c84fa94-04c1-424b-9868-57a2d4851a1d" />
    <TestEntry testId="7e0a73d2-6a35-69c0-258f-1a39ba55eac2" executionId="1436f94f-d50d-4188-8eeb-5bfa35446765" testListId="8c84fa94-04c1-424b-9868-57a2d4851a1d" />
    <TestEntry testId="60e95dc2-1384-1da5-37c2-e879ef01c39a" executionId="a633b6b3-85e4-4c19-bded-8365ee8b55c0" testListId="8c84fa94-04c1-424b-9868-57a2d4851a1d" />
    <TestEntry testId="5d8dd47c-bb32-a5ba-6e88-b185a7bd9c07" executionId="c0236a4d-91cb-4ec1-b3ed-2a2f445c76f4" testListId="8c84fa94-04c1-424b-9868-57a2d4851a1d" />
    <TestEntry testId="ad2a533e-345f-feb2-e7cb-50434e04ad99" executionId="b9168ccc-3d13-4f71-b1b1-902888648034" testListId="8c84fa94-04c1-424b-9868-57a2d4851a1d" />
    <TestEntry testId="0f32b524-4844-b3fb-566a-4f1c520479bb" executionId="8e2f19bc-03b9-4550-a6b9-69c695e745af" testListId="8c84fa94-04c1-424b-9868-57a2d4851a1d" />
    <TestEntry testId="33719bf3-5409-92ab-16c7-8a271f81b2e6" executionId="34a2fd7d-e38f-4b92-b6a3-e1733276aaf6" testListId="8c84fa94-04c1-424b-9868-57a2d4851a1d" />
    <TestEntry testId="9f4b8baa-3d93-c3b8-cb10-c40ec85c9336" executionId="68188cff-45fa-4c08-90bf-b0107fcca399" testListId="8c84fa94-04c1-424b-9868-57a2d4851a1d" />
    <TestEntry testId="3b221ad2-25e8-a21d-c511-ab3b1a01fb56" executionId="3d201a15-8725-43e8-bb65-19969fcfca21" testListId="8c84fa94-04c1-424b-9868-57a2d4851a1d" />
    <TestEntry testId="07de42b9-1d07-0430-7138-cc678292c007" executionId="a26521a4-9d3d-4562-8595-6eaaee5e5472" testListId="8c84fa94-04c1-424b-9868-57a2d4851a1d" />
    <TestEntry testId="22aaf792-b28c-0483-2284-13d7b20de4b8" executionId="ea19a2f6-c316-4755-a1c6-324dc9a3bd78" testListId="8c84fa94-04c1-424b-9868-57a2d4851a1d" />
    <TestEntry testId="eede4713-56bb-3d3c-3e2e-6a26dd039e2e" executionId="e2ad70ba-8cf8-40c7-839c-dda494335e87" testListId="8c84fa94-04c1-424b-9868-57a2d4851a1d" />
    <TestEntry testId="af66790e-7a17-2a52-f594-1232b3cd885e" executionId="93470cdd-df61-493d-bf44-92c215a7ff3b" testListId="8c84fa94-04c1-424b-9868-57a2d4851a1d" />
    <TestEntry testId="1b0c1c74-735e-804d-2d38-1a48ef66c47a" executionId="13aa531e-1e5d-4259-bf15-db3eb08c498e" testListId="8c84fa94-04c1-424b-9868-57a2d4851a1d" />
    <TestEntry testId="2a445259-81b4-7d21-8522-cb29686e8b5b" executionId="68461d1e-cde3-4f6d-bf69-420479661b8e" testListId="8c84fa94-04c1-424b-9868-57a2d4851a1d" />
    <TestEntry testId="79bbf345-4c1f-d3ec-6206-5d160bd2b4aa" executionId="bf8b560e-ea07-420e-9f17-065899659bb3" testListId="8c84fa94-04c1-424b-9868-57a2d4851a1d" />
    <TestEntry testId="9fd340a4-bdf1-80dc-4aa5-677b8c727a2b" executionId="2d62bb58-4ac3-4c77-8254-a2e47ff1b4cc" testListId="8c84fa94-04c1-424b-9868-57a2d4851a1d" />
    <TestEntry testId="d63fece0-6979-6a7f-ca42-f76bdbd7d24d" executionId="40551f8e-0434-4f4e-a9ae-98b27b36aa23" testListId="8c84fa94-04c1-424b-9868-57a2d4851a1d" />
    <TestEntry testId="f5d12e44-e40c-727a-8c4d-b5134fb3b55a" executionId="a3c2032c-9e51-4955-a09c-c144b2840233" testListId="8c84fa94-04c1-424b-9868-57a2d4851a1d" />
    <TestEntry testId="c2905a1d-1252-686a-78d7-5b30c85db72f" executionId="b2275605-24e9-4da4-8fca-a88dcca566d8" testListId="8c84fa94-04c1-424b-9868-57a2d4851a1d" />
    <TestEntry testId="12cac62c-5b3e-c0ef-167d-41a5a640f7f1" executionId="ce75a234-4b05-45f1-97e7-2fcf298e7487" testListId="8c84fa94-04c1-424b-9868-57a2d4851a1d" />
    <TestEntry testId="0fbf3694-a7c3-3fef-5348-e45949735e92" executionId="b58e79ee-45d6-4a06-a63b-14d18effad03" testListId="8c84fa94-04c1-424b-9868-57a2d4851a1d" />
    <TestEntry testId="0fd399d2-70b7-1bf0-1292-5d37ff538834" executionId="daa26169-0e2e-4085-9824-ba9a0fe069d8" testListId="8c84fa94-04c1-424b-9868-57a2d4851a1d" />
    <TestEntry testId="868fab3c-659e-4c15-a10e-0b6912bfed13" executionId="1c73bcd3-4b9d-43e1-8fc3-9df29d2a893a" testListId="8c84fa94-04c1-424b-9868-57a2d4851a1d" />
    <TestEntry testId="e52da296-c08b-e9c0-0216-381a1c8bbd9e" executionId="d9a890c4-f354-4941-b45b-e301fef45c2e" testListId="8c84fa94-04c1-424b-9868-57a2d4851a1d" />
    <TestEntry testId="84f70a73-53d8-9f06-6236-95fde40b65ac" executionId="0a868e5a-bdd4-47d0-9ff7-3fca6d8a07d0" testListId="8c84fa94-04c1-424b-9868-57a2d4851a1d" />
    <TestEntry testId="bbdf2549-aad3-7a58-579e-b0fce02debdf" executionId="89367b0e-c55f-47f1-9440-b85c0a885561" testListId="8c84fa94-04c1-424b-9868-57a2d4851a1d" />
    <TestEntry testId="3c77e52b-5dd8-dbae-4bf5-a2756b09e775" executionId="3d01c500-8217-4c1e-abe2-30305028bd4a" testListId="8c84fa94-04c1-424b-9868-57a2d4851a1d" />
    <TestEntry testId="040dd571-8bf0-b0e3-da88-082cc2b787fd" executionId="29e024a0-6644-4ebf-aef6-ece089181a44" testListId="8c84fa94-04c1-424b-9868-57a2d4851a1d" />
    <TestEntry testId="b391819c-9b61-5619-1c97-a7d68c4b7e89" executionId="60072f7b-1695-458d-ac1c-de80b43135e1" testListId="8c84fa94-04c1-424b-9868-57a2d4851a1d" />
    <TestEntry testId="bf5918ba-1ac5-ba5f-cde7-7b7063949a78" executionId="64e36d67-99e0-4c23-9f5f-6ee0e9a840f3" testListId="8c84fa94-04c1-424b-9868-57a2d4851a1d" />
    <TestEntry testId="01be5dc2-8974-a781-e346-9997ff0168c6" executionId="c1d17902-f302-4383-b82a-a5c066e18f3a" testListId="8c84fa94-04c1-424b-9868-57a2d4851a1d" />
    <TestEntry testId="07804473-e40a-283c-1bf0-1e8f6fcff5c4" executionId="002b2a8f-aabc-49ac-8566-5f551b77b7d4" testListId="8c84fa94-04c1-424b-9868-57a2d4851a1d" />
    <TestEntry testId="54151fed-fc55-77df-b7af-e1e01590fd93" executionId="56bbd5d6-8c84-4486-a566-751375eb640c" testListId="8c84fa94-04c1-424b-9868-57a2d4851a1d" />
    <TestEntry testId="88aa33f2-80ef-ffeb-281e-b6e341b95ce9" executionId="0c1640bb-8b16-4993-8a13-a243e0e51339" testListId="8c84fa94-04c1-424b-9868-57a2d4851a1d" />
    <TestEntry testId="80c46a70-b8c2-5ddc-7925-b3f4ce3a7330" executionId="864ad0e7-be7b-4dfa-8a00-11b77b9eba60" testListId="8c84fa94-04c1-424b-9868-57a2d4851a1d" />
    <TestEntry testId="cd5d5b03-5245-1a1a-d06b-cf567b1e8b7a" executionId="c3d55e19-9556-4318-bd7f-f873c4b03850" testListId="8c84fa94-04c1-424b-9868-57a2d4851a1d" />
    <TestEntry testId="6dff7af6-6d16-8dba-ea01-3eb9769c2e7a" executionId="8dcfa53b-6a7c-4c0a-ac13-54525dcd85d1" testListId="8c84fa94-04c1-424b-9868-57a2d4851a1d" />
    <TestEntry testId="ba5d0a4c-06cb-f46b-47c1-8da0bac9ec51" executionId="77921d5f-2af2-4726-a66e-4ee0e190eb7c" testListId="8c84fa94-04c1-424b-9868-57a2d4851a1d" />
    <TestEntry testId="cc8e9b7e-62a1-d82e-3e31-af5cf935c88a" executionId="14ed6f09-8483-4d6c-8c85-b1f1d2e55c3d" testListId="8c84fa94-04c1-424b-9868-57a2d4851a1d" />
    <TestEntry testId="6b8d7eb7-6306-1854-531e-9df54451cb92" executionId="327280e6-6889-44c8-8d42-4e008ae792a6" testListId="8c84fa94-04c1-424b-9868-57a2d4851a1d" />
    <TestEntry testId="c15be519-b8fe-48e7-7703-7b1ac1a61e7f" executionId="66b52285-7b1e-4fc7-8bf2-cb4e437366ad" testListId="8c84fa94-04c1-424b-9868-57a2d4851a1d" />
    <TestEntry testId="01799474-13c9-ef07-91a0-a707eadf879a" executionId="1a2bf821-68cf-4faa-99d0-bb1d7141dd5d" testListId="8c84fa94-04c1-424b-9868-57a2d4851a1d" />
    <TestEntry testId="4ea99d78-cb91-34d0-2b2f-1a553700bba9" executionId="5f9c5343-1ec4-4795-97f8-1e27cc449786" testListId="8c84fa94-04c1-424b-9868-57a2d4851a1d" />
    <TestEntry testId="aea21075-21e1-c265-1a63-420c5c66b0a8" executionId="025b7451-a28f-4184-9bd5-bc7b3c1e30d0" testListId="8c84fa94-04c1-424b-9868-57a2d4851a1d" />
    <TestEntry testId="322a76e2-9465-203a-fa3f-db73d4f489c4" executionId="b1492eef-33a4-4c37-ac7a-33a0eefc3d2f" testListId="8c84fa94-04c1-424b-9868-57a2d4851a1d" />
    <TestEntry testId="3d82fc6e-5f69-e808-ca5d-cd01f3ee4891" executionId="d6b8832b-3469-46f8-98d8-aa3acd95b4d2" testListId="8c84fa94-04c1-424b-9868-57a2d4851a1d" />
    <TestEntry testId="461331e3-222f-9745-91e1-804c09883ed3" executionId="3b71eb7b-7cbb-4183-93e7-90558009c765" testListId="8c84fa94-04c1-424b-9868-57a2d4851a1d" />
    <TestEntry testId="5676d068-f210-9f05-bcb4-4154c077d90e" executionId="5e70e83d-8d69-4c2c-8a84-7d7d91543f09" testListId="8c84fa94-04c1-424b-9868-57a2d4851a1d" />
    <TestEntry testId="924f17cc-bb86-5a75-ef59-5704a9efc7cf" executionId="d99e2432-baa1-4b15-96ee-db9910fa939c" testListId="8c84fa94-04c1-424b-9868-57a2d4851a1d" />
    <TestEntry testId="a5abba6c-a7f2-f6e8-f007-920746cf3d43" executionId="6d7a3b52-5321-41cc-bc2d-cdfe8323b1b2" testListId="8c84fa94-04c1-424b-9868-57a2d4851a1d" />
    <TestEntry testId="b2a17b73-a63e-3be2-eee7-c00c2b4d0e01" executionId="8a1f8141-132c-48a8-96b1-c4f6a78e50b4" testListId="8c84fa94-04c1-424b-9868-57a2d4851a1d" />
    <TestEntry testId="f9dae8a6-1410-fa92-4089-639221dba286" executionId="a40afc9f-674f-42f6-af4d-dc5521101bb5" testListId="8c84fa94-04c1-424b-9868-57a2d4851a1d" />
    <TestEntry testId="f23e3e92-54c2-2411-b215-631166fbf856" executionId="1856eeba-1268-4139-a957-92afab115480" testListId="8c84fa94-04c1-424b-9868-57a2d4851a1d" />
    <TestEntry testId="a7dc6179-c1b7-aef9-5686-edbcfe9b120d" executionId="7b02f32d-4948-4038-9d8b-02a710313f47" testListId="8c84fa94-04c1-424b-9868-57a2d4851a1d" />
    <TestEntry testId="500146c2-0fce-a8b0-1f53-7fbec0f9bacd" executionId="82c1c671-9b56-452b-8da1-b21f5252bdfc" testListId="8c84fa94-04c1-424b-9868-57a2d4851a1d" />
    <TestEntry testId="a64907b4-47a9-4e3a-b6b0-be37e2d164ea" executionId="9fd4edb5-e7e6-449a-bbc2-568a20f44073" testListId="8c84fa94-04c1-424b-9868-57a2d4851a1d" />
    <TestEntry testId="ae12437f-7020-f7d7-46c0-7bcbf7d4412c" executionId="ab4ca86f-e3e0-4cf2-b4f4-d624d86e857d" testListId="8c84fa94-04c1-424b-9868-57a2d4851a1d" />
    <TestEntry testId="b9255dfa-9628-1fda-ee6f-f5fa66f81e57" executionId="73419736-44e8-4c6d-ada2-a93af2a0616a" testListId="8c84fa94-04c1-424b-9868-57a2d4851a1d" />
    <TestEntry testId="5737235c-4c26-da22-d231-8a538d9299e8" executionId="0a622b9c-d92b-4c1b-a9e3-6bd1e2f5b2f6" testListId="8c84fa94-04c1-424b-9868-57a2d4851a1d" />
    <TestEntry testId="5779081c-72b8-3e22-5954-bdf5dfba82f5" executionId="c1e53b17-69e6-44af-bba4-e82ca5100d2e" testListId="8c84fa94-04c1-424b-9868-57a2d4851a1d" />
    <TestEntry testId="6213102e-95e6-1487-5c12-13f6c21c6497" executionId="cdb72be4-b5b7-432f-8cb9-9b1dabddfb83" testListId="8c84fa94-04c1-424b-9868-57a2d4851a1d" />
    <TestEntry testId="d7fd79fb-6017-05e3-7fad-2f657bb1971e" executionId="908128e4-7c63-47f5-9ca7-2656346574bb" testListId="8c84fa94-04c1-424b-9868-57a2d4851a1d" />
    <TestEntry testId="6133b6d9-a9f1-1617-1674-43e83f8cc1f4" executionId="26fa20fa-81da-47a8-acce-b8f10956e417" testListId="8c84fa94-04c1-424b-9868-57a2d4851a1d" />
    <TestEntry testId="f9efcab8-a490-8c63-2e77-81876b9a47ee" executionId="b3a8d146-1f1b-46d6-b62e-3c2c004f5d05" testListId="8c84fa94-04c1-424b-9868-57a2d4851a1d" />
    <TestEntry testId="1670e18f-0ede-c50f-6f9a-2ae6207f30db" executionId="ed186c46-aa5c-4e60-a427-ea78a21deb75" testListId="8c84fa94-04c1-424b-9868-57a2d4851a1d" />
    <TestEntry testId="e56c4b03-9d5d-a70b-1573-44a88bf4c200" executionId="86cc8df3-80f0-4c36-a4ab-45755bb5f5c8" testListId="8c84fa94-04c1-424b-9868-57a2d4851a1d" />
    <TestEntry testId="31f28e4c-6fb6-b0cc-cd29-bcccd2779f6e" executionId="86fdcef7-5b32-4dc8-b1e4-55a10abb625d" testListId="8c84fa94-04c1-424b-9868-57a2d4851a1d" />
    <TestEntry testId="8f08ea31-2511-c2ee-1c5b-8c8ed224c8f7" executionId="8a9702cd-885e-4807-95b3-8c7f42a75a3b" testListId="8c84fa94-04c1-424b-9868-57a2d4851a1d" />
    <TestEntry testId="6abc30a4-9771-c1aa-9f1c-ff3c0e9f8896" executionId="cce48238-80c7-427f-b9c0-13ff76433385" testListId="8c84fa94-04c1-424b-9868-57a2d4851a1d" />
    <TestEntry testId="be18d4c4-d343-ec1d-bb22-8e6779b47149" executionId="db7854b6-5ec6-4f3f-b657-da28237f3dce" testListId="8c84fa94-04c1-424b-9868-57a2d4851a1d" />
    <TestEntry testId="1f1cc29a-ffbb-09ec-fd2b-edba3215943f" executionId="83623fca-b0ec-43d9-a602-045130de28a0" testListId="8c84fa94-04c1-424b-9868-57a2d4851a1d" />
    <TestEntry testId="d78ddc2b-307f-bc26-2b15-e79e8f94ce76" executionId="093b4197-065f-42ae-85cd-02732df6235b" testListId="8c84fa94-04c1-424b-9868-57a2d4851a1d" />
    <TestEntry testId="d4c38e91-653a-61a8-9381-1f7444c31b36" executionId="cca0177e-6ff1-44a1-a45f-8a184322c977" testListId="8c84fa94-04c1-424b-9868-57a2d4851a1d" />
    <TestEntry testId="87294391-1825-1ce5-7f19-56b62f49e8c1" executionId="a3d3f35e-1dff-4a08-b5e2-d84ab06181aa" testListId="8c84fa94-04c1-424b-9868-57a2d4851a1d" />
    <TestEntry testId="0daed256-eb5b-ff97-e9ff-02ba280c96b0" executionId="483528c9-de69-4bf5-99eb-47adb968b6b1" testListId="8c84fa94-04c1-424b-9868-57a2d4851a1d" />
    <TestEntry testId="038e82e7-0736-b906-6069-bf165dcdf81d" executionId="7d479298-61d5-4dfa-bc58-98015e83e3b3" testListId="8c84fa94-04c1-424b-9868-57a2d4851a1d" />
    <TestEntry testId="e081911d-8f68-16dc-95b9-ce6ca0099b36" executionId="c2351848-4e48-48d9-8bf5-f97a3df722ae" testListId="8c84fa94-04c1-424b-9868-57a2d4851a1d" />
    <TestEntry testId="4331be32-8242-7bcf-516a-a7263d816796" executionId="387ffde9-ad02-4445-b31d-0a42607f3b7f" testListId="8c84fa94-04c1-424b-9868-57a2d4851a1d" />
    <TestEntry testId="e5e5bf4a-3b6a-9b6c-ebe0-9c044c226109" executionId="428c9771-bd8a-4bc5-a64a-ea760209b272" testListId="8c84fa94-04c1-424b-9868-57a2d4851a1d" />
    <TestEntry testId="2813fb62-7764-a6ad-5950-42865213a523" executionId="f4e2d779-7ede-483c-a44d-27e4a446bbbe" testListId="8c84fa94-04c1-424b-9868-57a2d4851a1d" />
    <TestEntry testId="aa00ee56-82a4-f12d-65e7-778cc997807f" executionId="daf636e8-53c9-40be-a2bc-afde81826c68" testListId="8c84fa94-04c1-424b-9868-57a2d4851a1d" />
    <TestEntry testId="d70deda9-d414-d7bd-403c-5fb9de797fb3" executionId="f1f4876f-abad-4020-85e0-17f9d2af7b44" testListId="8c84fa94-04c1-424b-9868-57a2d4851a1d" />
    <TestEntry testId="3350d2b0-3312-d687-fc6c-5745c7811365" executionId="7669bb39-8cb5-4c7f-bd56-8500fb98f00b" testListId="8c84fa94-04c1-424b-9868-57a2d4851a1d" />
    <TestEntry testId="11d54d6f-5da0-f133-d7de-6f5044962e90" executionId="32ba3653-5927-4f66-b8d7-d4e1b5469636" testListId="8c84fa94-04c1-424b-9868-57a2d4851a1d" />
    <TestEntry testId="5bac1777-a319-8667-ff3f-004d4997fdfd" executionId="995cbedd-51b8-43cb-bfad-2066cf045794" testListId="8c84fa94-04c1-424b-9868-57a2d4851a1d" />
    <TestEntry testId="0a40eef3-f831-ffd2-4845-4121490071ff" executionId="f8205e1e-76fa-4d43-a400-bd1292d43cfc" testListId="8c84fa94-04c1-424b-9868-57a2d4851a1d" />
    <TestEntry testId="04ee5816-5ebb-9be1-9e51-4c60c7a88570" executionId="2459185f-6700-4d7c-9291-559be5a574bd" testListId="8c84fa94-04c1-424b-9868-57a2d4851a1d" />
    <TestEntry testId="ff808f59-9b62-0858-3fa7-188c69f886d5" executionId="e20a06b2-252b-48fc-beb2-153af597b388" testListId="8c84fa94-04c1-424b-9868-57a2d4851a1d" />
    <TestEntry testId="a7d84506-07b5-7ff8-9127-f0b1cfa053da" executionId="8ea6fde5-83d0-4879-9cdf-e466ddb4f0de" testListId="8c84fa94-04c1-424b-9868-57a2d4851a1d" />
    <TestEntry testId="c82ad357-66af-6f7d-49fa-5184f10411f5" executionId="fc3626db-9707-425b-a644-d7fd312de8d5" testListId="8c84fa94-04c1-424b-9868-57a2d4851a1d" />
    <TestEntry testId="712e2140-9dcc-9696-ddc4-73aad2a14137" executionId="6e3967ff-e14e-4d84-8aaf-aa25a111006e" testListId="8c84fa94-04c1-424b-9868-57a2d4851a1d" />
    <TestEntry testId="ae1fcdcb-f991-e67c-d221-5879496f84bd" executionId="087f67c4-faea-428c-be29-1565fea215d7" testListId="8c84fa94-04c1-424b-9868-57a2d4851a1d" />
    <TestEntry testId="88c1b25e-ba16-57cd-c6d8-d1d74e524e76" executionId="0f99cd7c-b40f-4db7-ac79-fe24884490ae" testListId="8c84fa94-04c1-424b-9868-57a2d4851a1d" />
    <TestEntry testId="7ae2592b-1209-056c-b02b-a7b7c4496165" executionId="2e90974f-42dd-48a5-89d8-f4949d4fa030" testListId="8c84fa94-04c1-424b-9868-57a2d4851a1d" />
    <TestEntry testId="30e80c89-c117-83fc-53e9-5be5181f841c" executionId="6b20f8a4-d691-4f7b-8403-b5f71a25f9d2" testListId="8c84fa94-04c1-424b-9868-57a2d4851a1d" />
    <TestEntry testId="68a6ea98-ca7c-4d82-e5af-14d114a1f9a4" executionId="c4a85b88-744f-4b73-be10-277549d61add" testListId="8c84fa94-04c1-424b-9868-57a2d4851a1d" />
    <TestEntry testId="c64fce4a-0ee6-9d1f-f96c-3f0744a2a23b" executionId="3cd6b28b-35a7-4d9e-b218-0afc15e188f4" testListId="8c84fa94-04c1-424b-9868-57a2d4851a1d" />
    <TestEntry testId="c3a53dbd-9899-8fac-d500-c2b7239c74d4" executionId="b1af7d39-81b0-4727-9a6b-8b9a49bd509a" testListId="8c84fa94-04c1-424b-9868-57a2d4851a1d" />
    <TestEntry testId="8a0529d6-a867-bdfa-4c0f-fc7fea5b6129" executionId="a12e61fc-06f0-47be-a1c0-912158800aaf" testListId="8c84fa94-04c1-424b-9868-57a2d4851a1d" />
    <TestEntry testId="3f6286d5-3f69-a507-072d-04f3b3c184c5" executionId="b40683c0-33a0-461f-97fc-1cf51c501b6d" testListId="8c84fa94-04c1-424b-9868-57a2d4851a1d" />
    <TestEntry testId="3a3b003d-e9ff-947e-0664-bd777109fe74" executionId="2deab4a3-fc30-410d-a20f-b07dd1281b25" testListId="8c84fa94-04c1-424b-9868-57a2d4851a1d" />
    <TestEntry testId="87215dbe-be98-eae0-f888-50bc76faae33" executionId="93c0e5c4-7905-43b0-ba7d-35f192391fd0" testListId="8c84fa94-04c1-424b-9868-57a2d4851a1d" />
    <TestEntry testId="d4fbe30b-c3a5-9110-1c8a-b21accc6c6ad" executionId="41f62cd6-6a6e-4d35-8ad1-a50343ec00d6" testListId="8c84fa94-04c1-424b-9868-57a2d4851a1d" />
    <TestEntry testId="c4e34f90-d96f-cb6b-4d8d-827e8345bbf0" executionId="1d74064b-8563-4941-9d8b-a323356f7c48" testListId="8c84fa94-04c1-424b-9868-57a2d4851a1d" />
    <TestEntry testId="d09566d1-6438-9687-6d98-ba12ffff4915" executionId="725cccd3-f4fd-4530-83a2-2e18775b4e56" testListId="8c84fa94-04c1-424b-9868-57a2d4851a1d" />
    <TestEntry testId="c0bd25d5-74fa-a92b-42e1-7e499486e888" executionId="d0632abd-67d3-4066-9385-80c1b3812018" testListId="8c84fa94-04c1-424b-9868-57a2d4851a1d" />
    <TestEntry testId="8601fe89-72a2-9ba5-8e62-8c183b00fe8c" executionId="0db1e7eb-6f05-4b35-9994-4fe84f368c6a" testListId="8c84fa94-04c1-424b-9868-57a2d4851a1d" />
    <TestEntry testId="3d785457-9ab7-7088-1cc3-dd4fad28665b" executionId="8342e3fc-35a3-4387-a49d-6afabdc499c0" testListId="8c84fa94-04c1-424b-9868-57a2d4851a1d" />
    <TestEntry testId="dccf2726-dfd0-7d43-4aa6-126f8354b46b" executionId="94a24f03-586f-492d-873b-45d98bc4a1f3" testListId="8c84fa94-04c1-424b-9868-57a2d4851a1d" />
    <TestEntry testId="7aa7a744-f3f3-dbab-b444-2d9793ae0544" executionId="9ff0c4a7-92aa-4095-a043-5715b366235a" testListId="8c84fa94-04c1-424b-9868-57a2d4851a1d" />
    <TestEntry testId="cc29216e-1cfd-6792-7ea1-15bf1c735835" executionId="98b56751-9266-4323-bee0-43d2ddf4a451" testListId="8c84fa94-04c1-424b-9868-57a2d4851a1d" />
    <TestEntry testId="7d577a3c-0602-a0a6-e9b5-1f43ff437a96" executionId="43b31d5e-9094-4b78-92ca-6ca54dc9202e" testListId="8c84fa94-04c1-424b-9868-57a2d4851a1d" />
    <TestEntry testId="3d26d7d8-7d79-9931-2127-8e5f6d15122c" executionId="97c54b26-5165-46f5-bde3-d248311b9681" testListId="8c84fa94-04c1-424b-9868-57a2d4851a1d" />
    <TestEntry testId="c080456c-72d0-3eb2-77e1-542abd80b216" executionId="02ee8eed-5126-4ff1-a09a-531c7e470977" testListId="8c84fa94-04c1-424b-9868-57a2d4851a1d" />
    <TestEntry testId="5f559e43-4e08-7018-bc21-dc71856c4701" executionId="c773c210-7bda-4061-97c7-473248d24ef8" testListId="8c84fa94-04c1-424b-9868-57a2d4851a1d" />
    <TestEntry testId="caf15171-15c0-e44f-4ded-3471eafc2c21" executionId="2f322643-8003-4a73-a00b-5d2b1d3d5d35" testListId="8c84fa94-04c1-424b-9868-57a2d4851a1d" />
    <TestEntry testId="1f241370-4898-8010-2b1d-0961333a2be9" executionId="a63f310f-d975-4c48-a38c-31f5ec524ae8" testListId="8c84fa94-04c1-424b-9868-57a2d4851a1d" />
    <TestEntry testId="64b0134b-ebd0-fae9-7bd6-e6237d9640de" executionId="f761c21e-d364-4673-ae68-2e9bd38475b9" testListId="8c84fa94-04c1-424b-9868-57a2d4851a1d" />
    <TestEntry testId="480bc1d4-3034-9948-bf19-a924b6ce5c64" executionId="6710c573-0f0b-40fb-98bd-dee6a0718be0" testListId="8c84fa94-04c1-424b-9868-57a2d4851a1d" />
    <TestEntry testId="c2c45a93-efa1-bb0e-351a-c58499dc22c7" executionId="f73d5c98-4864-4eb6-a9da-17df719ed254" testListId="8c84fa94-04c1-424b-9868-57a2d4851a1d" />
    <TestEntry testId="5e776647-f32b-7555-92cc-51ddf06fbbb5" executionId="c445a7da-967f-415e-b3f5-02b616b12b01" testListId="8c84fa94-04c1-424b-9868-57a2d4851a1d" />
    <TestEntry testId="9c47fe03-c56a-043e-ff88-e2633670fc9e" executionId="f2f701bc-494c-4500-9371-66416cc4f998" testListId="8c84fa94-04c1-424b-9868-57a2d4851a1d" />
    <TestEntry testId="04c35346-28ec-f782-fc3a-52a05938a62a" executionId="bb4db534-91ec-4048-97a0-0919054a829b" testListId="8c84fa94-04c1-424b-9868-57a2d4851a1d" />
    <TestEntry testId="1567771f-c566-3ead-d24b-280817524d69" executionId="ad90ec8b-c631-4f14-ac3e-acff55b27a1e" testListId="8c84fa94-04c1-424b-9868-57a2d4851a1d" />
    <TestEntry testId="b6cf4406-22c8-107a-cae8-fc1d204c4130" executionId="c9f3d650-2711-44cd-b8dc-740bb8d0dba4" testListId="8c84fa94-04c1-424b-9868-57a2d4851a1d" />
    <TestEntry testId="a0d63d6f-5ec2-61b7-886c-e03436ed1131" executionId="214d1e56-807c-4097-8357-3e7460bc945c" testListId="8c84fa94-04c1-424b-9868-57a2d4851a1d" />
    <TestEntry testId="9fc73790-9fce-7434-a93e-864e387eae18" executionId="4de56378-62d9-4535-a170-5327e0a54076" testListId="8c84fa94-04c1-424b-9868-57a2d4851a1d" />
    <TestEntry testId="468a7b03-b2a7-446e-1f1f-8f32f73da7b5" executionId="e353e635-ffbd-40a3-81ed-6c4343f45a48" testListId="8c84fa94-04c1-424b-9868-57a2d4851a1d" />
    <TestEntry testId="ad39a2a8-a877-88dd-b965-d88ff03cb3d9" executionId="741b520f-fbe9-4f1c-a087-43906d37e922" testListId="8c84fa94-04c1-424b-9868-57a2d4851a1d" />
    <TestEntry testId="4a3d3b31-f5bb-f6f0-8775-76cae220f01b" executionId="aacee20c-1332-43b3-a759-55cbd4cd6f9b" testListId="8c84fa94-04c1-424b-9868-57a2d4851a1d" />
    <TestEntry testId="a6c85b3a-5f84-4859-aef3-09060d5afd98" executionId="2bb752b5-684a-41be-a48e-1e814e3c9d9f" testListId="8c84fa94-04c1-424b-9868-57a2d4851a1d" />
    <TestEntry testId="a44eceec-75ff-6298-f73e-523db73cd6d3" executionId="38299503-90f7-465f-a951-73df12af7063" testListId="8c84fa94-04c1-424b-9868-57a2d4851a1d" />
    <TestEntry testId="6efe46f6-24e8-324a-c841-828d4ce3c2fb" executionId="3831f421-f2bc-4706-87e5-fcb9791bd325" testListId="8c84fa94-04c1-424b-9868-57a2d4851a1d" />
    <TestEntry testId="1d1959e4-073b-7c9d-77de-ed348a6f7141" executionId="f764ca6d-1a0e-4f54-a13b-3c776caec3ad" testListId="8c84fa94-04c1-424b-9868-57a2d4851a1d" />
    <TestEntry testId="5b5b0b17-b74c-6ecb-201e-61f7e7362b6f" executionId="ee61874a-da66-442d-a4e2-ebafaaaa1eab" testListId="8c84fa94-04c1-424b-9868-57a2d4851a1d" />
    <TestEntry testId="8323b4f2-e9f8-2e2a-6f22-cc6a18906d5b" executionId="a18669a8-8314-4265-af14-47dcd2605bbe" testListId="8c84fa94-04c1-424b-9868-57a2d4851a1d" />
    <TestEntry testId="f429442b-db90-b095-7991-b9ca4c955f13" executionId="db767fff-df31-4dae-b497-56bafa74b3c4" testListId="8c84fa94-04c1-424b-9868-57a2d4851a1d" />
    <TestEntry testId="c1dba330-ca0d-dce5-8eda-7974894f22ca" executionId="05819c3a-e203-4c64-b697-a0a204cc5abb" testListId="8c84fa94-04c1-424b-9868-57a2d4851a1d" />
    <TestEntry testId="4b43a64c-589e-4267-f17d-15d04a909013" executionId="3d9d2aac-c130-4306-9b50-ba03aa7aae83" testListId="8c84fa94-04c1-424b-9868-57a2d4851a1d" />
    <TestEntry testId="cb13d9c3-56f2-276b-f315-14e9213934da" executionId="abcd0f33-0fb5-4820-a6ad-4d6f6457c598" testListId="8c84fa94-04c1-424b-9868-57a2d4851a1d" />
    <TestEntry testId="1bdc0970-713b-d043-8222-8dccac91ab64" executionId="fc15cd80-65d5-44de-becb-f97301c19163" testListId="8c84fa94-04c1-424b-9868-57a2d4851a1d" />
    <TestEntry testId="f408475e-6fb9-6a1c-14aa-10ca58ac105c" executionId="7e841dfb-b1f7-4341-bca6-e4eec8c33fe1" testListId="8c84fa94-04c1-424b-9868-57a2d4851a1d" />
    <TestEntry testId="8deb741b-167d-6a1a-855a-646fe46075da" executionId="b434b453-b876-42a8-b7f4-969f84ded4e2" testListId="8c84fa94-04c1-424b-9868-57a2d4851a1d" />
    <TestEntry testId="07d6b577-3d60-1f8f-d4b8-5715e136ec3a" executionId="65723e9c-69d0-4a59-898b-4227e3924792" testListId="8c84fa94-04c1-424b-9868-57a2d4851a1d" />
    <TestEntry testId="ba355757-a36a-54bb-5c59-d6e115aeace8" executionId="a55e794a-4096-4177-b078-5f3769fad2d3" testListId="8c84fa94-04c1-424b-9868-57a2d4851a1d" />
    <TestEntry testId="f6984f1a-4523-b1ef-118a-5c1d7f7ca1aa" executionId="46fa553c-c2df-428d-b2aa-f4955d03a5de" testListId="8c84fa94-04c1-424b-9868-57a2d4851a1d" />
    <TestEntry testId="7686eb08-d24a-c580-7754-5f201e5cc693" executionId="89087d35-27d2-48db-851f-77d0f106799b" testListId="8c84fa94-04c1-424b-9868-57a2d4851a1d" />
    <TestEntry testId="2106ce31-ab6d-dc05-4702-f8a1d8cb40da" executionId="37ccc01f-98c8-40fc-8048-f5032d9786d3" testListId="8c84fa94-04c1-424b-9868-57a2d4851a1d" />
    <TestEntry testId="f5abc6e6-30fb-64d6-b653-e8776326ca87" executionId="a2804d06-75be-48e9-a47c-cb9f1ed2f7bb" testListId="8c84fa94-04c1-424b-9868-57a2d4851a1d" />
    <TestEntry testId="15aede0d-e3f2-2cb3-b9cb-5b079f95b7e7" executionId="036efbb8-a49b-4025-b2d6-dc92137370d7" testListId="8c84fa94-04c1-424b-9868-57a2d4851a1d" />
    <TestEntry testId="b543895e-b652-81f1-d5a2-ebd384954ea0" executionId="2ed8c2db-501d-490a-b70e-a05081e87d75" testListId="8c84fa94-04c1-424b-9868-57a2d4851a1d" />
    <TestEntry testId="f10e91e5-2148-35b8-c1cd-83b0c57e538b" executionId="e356ae76-d3a1-46e7-8a74-3b6c23420a37" testListId="8c84fa94-04c1-424b-9868-57a2d4851a1d" />
    <TestEntry testId="57917bfd-ab9b-4422-cadc-1c44ad6d5244" executionId="94042500-245f-41eb-ab3c-28da4edbaa7d" testListId="8c84fa94-04c1-424b-9868-57a2d4851a1d" />
    <TestEntry testId="b00ecc30-ada6-8010-f3a3-4abf75838207" executionId="b6137c70-4e03-4e82-a887-c06fcd614747" testListId="8c84fa94-04c1-424b-9868-57a2d4851a1d" />
    <TestEntry testId="d662e348-a1af-bb08-7043-ef8f0887058c" executionId="3bc48de0-0753-448e-b41f-7eafde7b71e8" testListId="8c84fa94-04c1-424b-9868-57a2d4851a1d" />
    <TestEntry testId="8e518cf6-5cc7-9578-86bd-3ad3afaceaf7" executionId="d4b1d7da-d9d7-40cb-89c5-8cc6207cb468" testListId="8c84fa94-04c1-424b-9868-57a2d4851a1d" />
    <TestEntry testId="da9bdaf7-bb7b-c4ed-24c1-5ff24e912e57" executionId="5b9d54d6-97cc-4fd2-98f5-98f6249bf90a" testListId="8c84fa94-04c1-424b-9868-57a2d4851a1d" />
    <TestEntry testId="479ac9a4-db24-66b5-ae47-500a4c5f414e" executionId="2b24de1a-7185-4aaf-94e7-4038d0b02c76" testListId="8c84fa94-04c1-424b-9868-57a2d4851a1d" />
    <TestEntry testId="0c0836ab-4cd8-bcb2-8664-28d80763d09f" executionId="8d44a791-6426-4309-970f-05203856cdbc" testListId="8c84fa94-04c1-424b-9868-57a2d4851a1d" />
    <TestEntry testId="5367f539-e3b0-cebf-09dd-956f309e7c6e" executionId="8dfb41de-cd75-40df-9e63-b5c649eeb6d6" testListId="8c84fa94-04c1-424b-9868-57a2d4851a1d" />
    <TestEntry testId="0ef6c2b0-c03c-b1c8-fd6f-4840c4db7605" executionId="264c167b-1777-4704-93e8-83f096f5bd32" testListId="8c84fa94-04c1-424b-9868-57a2d4851a1d" />
    <TestEntry testId="b05d6f18-6593-4fdf-8277-2d819867e350" executionId="1a30e17c-3abd-4f9b-9c4e-513b4d706924" testListId="8c84fa94-04c1-424b-9868-57a2d4851a1d" />
    <TestEntry testId="e3aed149-0356-8224-e951-0cb2d3727ba3" executionId="0b7819d8-6ce1-4fc9-a25d-8af51db25ec0" testListId="8c84fa94-04c1-424b-9868-57a2d4851a1d" />
    <TestEntry testId="a68618ea-e0dc-05b4-e76f-a11a2f3f297e" executionId="5d0c594b-ccdf-4e32-9517-540ab2174e36" testListId="8c84fa94-04c1-424b-9868-57a2d4851a1d" />
    <TestEntry testId="d398ef55-2762-6fec-9ad2-1f14cb2a9d60" executionId="47d10c94-3ada-4a7f-8e90-eabd4dba493b" testListId="8c84fa94-04c1-424b-9868-57a2d4851a1d" />
    <TestEntry testId="474f4123-c4f0-ed71-e9ae-2089a5b45084" executionId="6332f162-1e5e-4235-8692-adb8d215f2a6" testListId="8c84fa94-04c1-424b-9868-57a2d4851a1d" />
    <TestEntry testId="465a4fec-092f-f97b-aa21-b583e1fb2d95" executionId="83c75ac9-90df-4ec6-8307-e5bd2467453a" testListId="8c84fa94-04c1-424b-9868-57a2d4851a1d" />
    <TestEntry testId="f2325bdc-388f-3bfc-d37a-f2048ec03dc5" executionId="fdd70848-28a5-409e-817d-2ed5c37c2c98" testListId="8c84fa94-04c1-424b-9868-57a2d4851a1d" />
    <TestEntry testId="b393858d-872b-e354-eb53-3b8e5bbfc7bb" executionId="f5a86e22-c00c-4ae5-92e7-e4f09727e8ce" testListId="8c84fa94-04c1-424b-9868-57a2d4851a1d" />
    <TestEntry testId="72c3e934-5f4f-f3fc-d049-02010e141373" executionId="855480cc-aaf9-48d4-b3a3-9ac4e0a7ee3b" testListId="8c84fa94-04c1-424b-9868-57a2d4851a1d" />
    <TestEntry testId="5ce0e781-04f1-5244-6eeb-240f14509129" executionId="b3389466-43c6-4ff0-9a49-9e44d4b67f30" testListId="8c84fa94-04c1-424b-9868-57a2d4851a1d" />
    <TestEntry testId="be949d2a-ee6c-7b88-443c-f49c565f328f" executionId="ac923089-48be-40db-830d-f799f822f65f" testListId="8c84fa94-04c1-424b-9868-57a2d4851a1d" />
    <TestEntry testId="d1645eb5-871e-4ef4-8f57-61d470c8d63a" executionId="e68878f2-52e4-4d0c-aab6-584e5d3b3438" testListId="8c84fa94-04c1-424b-9868-57a2d4851a1d" />
    <TestEntry testId="21aacc52-5297-f44e-aad6-4de7a3bc1c17" executionId="a72595cf-8cb0-4604-a33d-56c09cef17e9" testListId="8c84fa94-04c1-424b-9868-57a2d4851a1d" />
    <TestEntry testId="3b434787-ec68-61e4-18d4-15e26b84b874" executionId="bcfa9bda-88ca-4764-8344-a4f563c90103" testListId="8c84fa94-04c1-424b-9868-57a2d4851a1d" />
    <TestEntry testId="ea812c4e-499f-c48f-48ec-0c8b2f821c14" executionId="2e656e30-f4ec-46ee-ba55-44bc5502bf63" testListId="8c84fa94-04c1-424b-9868-57a2d4851a1d" />
    <TestEntry testId="ef0bef56-bcca-a24d-f399-eed9eabea4db" executionId="6447a5c8-3a2d-46ec-a6c8-a85c25948040" testListId="8c84fa94-04c1-424b-9868-57a2d4851a1d" />
    <TestEntry testId="64d46e5a-18bf-c3a7-d947-63730f82a01e" executionId="d06edfee-ba3b-405f-91bd-3492a7e9c2b8" testListId="8c84fa94-04c1-424b-9868-57a2d4851a1d" />
    <TestEntry testId="d7001884-5531-566e-871c-306c552a41f9" executionId="263e123d-f18f-420e-8dd9-27433f868cbc" testListId="8c84fa94-04c1-424b-9868-57a2d4851a1d" />
    <TestEntry testId="582a166b-52fa-3ee8-5316-b4af9ef88ed9" executionId="c2e90352-0bb8-43bd-af67-1fe590050f84" testListId="8c84fa94-04c1-424b-9868-57a2d4851a1d" />
    <TestEntry testId="9ce5ec79-7982-a66c-2246-3a2379522763" executionId="f89ec5e8-5ace-4f3d-84e6-1aee5d61d143" testListId="8c84fa94-04c1-424b-9868-57a2d4851a1d" />
    <TestEntry testId="2b2cdfa0-61df-f232-7682-12c2c86c587b" executionId="cb218dc7-d7d2-404d-bad6-c39cce77e8d4" testListId="8c84fa94-04c1-424b-9868-57a2d4851a1d" />
    <TestEntry testId="cc8be762-b7fa-6acb-868c-b6f8dd397e9b" executionId="8586b372-493d-4953-8b9c-f8d9a3c92168" testListId="8c84fa94-04c1-424b-9868-57a2d4851a1d" />
    <TestEntry testId="a4399397-799d-6dfc-9b5f-ebad40d25858" executionId="2eb23fb7-41fb-4c67-bd13-9ec6a165d4cf" testListId="8c84fa94-04c1-424b-9868-57a2d4851a1d" />
    <TestEntry testId="0bd5a705-f6f8-0f3a-8c3d-f1c97380c236" executionId="fdc0a5da-a4a6-4a13-88c9-78e8a5aa176b" testListId="8c84fa94-04c1-424b-9868-57a2d4851a1d" />
    <TestEntry testId="44388fe8-f4d9-9727-56d6-63d8a6beeb9b" executionId="0922e574-bd15-4dba-8f30-2563da76cf19" testListId="8c84fa94-04c1-424b-9868-57a2d4851a1d" />
    <TestEntry testId="fcb2e7e1-0793-e6c2-facd-27bc28ca1cfb" executionId="e144ffdf-8e58-4a10-be7d-6205939db028" testListId="8c84fa94-04c1-424b-9868-57a2d4851a1d" />
    <TestEntry testId="ad2e8dc8-017a-fd28-8587-9788ac26c9e0" executionId="fe88313e-9ed5-44d8-9a5e-e459a9fb99cb" testListId="8c84fa94-04c1-424b-9868-57a2d4851a1d" />
    <TestEntry testId="3e139534-4575-a050-7dfe-191f8507593f" executionId="c6e54f81-f55d-40e6-9b23-56868c585633" testListId="8c84fa94-04c1-424b-9868-57a2d4851a1d" />
    <TestEntry testId="f078252f-e622-661e-c5dc-189c04c6d312" executionId="e0eaaef1-6eaa-4a34-a3e4-031a197fbdba" testListId="8c84fa94-04c1-424b-9868-57a2d4851a1d" />
    <TestEntry testId="03478619-c09b-a567-26eb-276c25d533f6" executionId="24c7854f-b449-4b18-960e-e05cf6184117" testListId="8c84fa94-04c1-424b-9868-57a2d4851a1d" />
    <TestEntry testId="2e209cdd-d799-eebb-86ee-eb1ff73e496f" executionId="3a921918-57f3-40d6-b6c9-3e0c271b926a" testListId="8c84fa94-04c1-424b-9868-57a2d4851a1d" />
    <TestEntry testId="ce34eb52-9bf0-0190-75b5-426ffc55227b" executionId="4da1969e-1627-4fd0-823e-cadd992560fd" testListId="8c84fa94-04c1-424b-9868-57a2d4851a1d" />
    <TestEntry testId="f0783c93-05f5-3c2a-1813-26adff12a929" executionId="28988be1-b8be-4348-8de4-351b2a727882" testListId="8c84fa94-04c1-424b-9868-57a2d4851a1d" />
    <TestEntry testId="ebbe7258-4b65-15e9-219f-9eb6e860514c" executionId="ca5c771f-78db-444b-ae39-311994369158" testListId="8c84fa94-04c1-424b-9868-57a2d4851a1d" />
    <TestEntry testId="060819f6-d016-be0e-b7e9-55d7faa9ba45" executionId="5b2cb43a-7f78-49ab-9c76-07c890e28204" testListId="8c84fa94-04c1-424b-9868-57a2d4851a1d" />
    <TestEntry testId="654a7cf9-90b9-03f9-bc66-64198ac9caf1" executionId="6bb3a391-b4f4-488b-9273-0c3df038bebf" testListId="8c84fa94-04c1-424b-9868-57a2d4851a1d" />
    <TestEntry testId="78982d6b-5a61-907d-6e51-74d4614c2331" executionId="49a7e188-b078-4e2e-9da2-5447f9043733" testListId="8c84fa94-04c1-424b-9868-57a2d4851a1d" />
    <TestEntry testId="341aa1b2-3b64-c4e7-896b-2d80cfc15011" executionId="406cec14-c22c-43c6-992c-791b8d48b403" testListId="8c84fa94-04c1-424b-9868-57a2d4851a1d" />
    <TestEntry testId="6fccae5a-7804-fab5-2f9c-d8ea289560be" executionId="bbb2f60b-ed21-4bb7-b991-337ba7f7dd62" testListId="8c84fa94-04c1-424b-9868-57a2d4851a1d" />
    <TestEntry testId="a30a662f-2ee5-0db0-93be-e23b78960c82" executionId="38f35c96-3a56-4122-a3c7-cf67b112918a" testListId="8c84fa94-04c1-424b-9868-57a2d4851a1d" />
    <TestEntry testId="66e61549-2664-849a-b0d5-68906d176e33" executionId="bc609b9d-81ca-4307-b3f1-90cea7060420" testListId="8c84fa94-04c1-424b-9868-57a2d4851a1d" />
    <TestEntry testId="708c93d9-3b87-f482-2b59-76adaefd6f67" executionId="f51725b6-a651-48b9-af21-a6372b4815ff" testListId="8c84fa94-04c1-424b-9868-57a2d4851a1d" />
    <TestEntry testId="57bee112-0556-7c83-93f2-7bbc9c5cba59" executionId="ac084be1-0862-418f-b3b3-2dd2a4952013" testListId="8c84fa94-04c1-424b-9868-57a2d4851a1d" />
    <TestEntry testId="b9c508f0-a796-6104-1910-9ed8e83d2d6a" executionId="d2c2133f-b4bc-489f-8fc7-bf2b3ce8e187" testListId="8c84fa94-04c1-424b-9868-57a2d4851a1d" />
    <TestEntry testId="5be5e628-43fb-71a1-e880-34735fe5e2ed" executionId="c270e73b-55bd-46fe-8b55-11e2727445b9" testListId="8c84fa94-04c1-424b-9868-57a2d4851a1d" />
    <TestEntry testId="115cf00c-004b-6d3a-9de0-103eb4fece2f" executionId="3e69ecdc-e906-4717-85c0-88f3f6224b57" testListId="8c84fa94-04c1-424b-9868-57a2d4851a1d" />
    <TestEntry testId="4686721b-2da0-2073-d103-e6130d171947" executionId="671290a3-f503-48ae-8cb8-30c9114f8c42" testListId="8c84fa94-04c1-424b-9868-57a2d4851a1d" />
    <TestEntry testId="6a6ed04d-7bec-096f-c4cc-c8e9813f02b3" executionId="33929743-9b39-46ce-ba2b-e8ac693c468a" testListId="8c84fa94-04c1-424b-9868-57a2d4851a1d" />
    <TestEntry testId="16f93673-833f-5604-541b-fd1cb5d08ba8" executionId="94784679-f874-49a1-81f4-99f8fd15845b" testListId="8c84fa94-04c1-424b-9868-57a2d4851a1d" />
    <TestEntry testId="1ac2e93a-b365-1e96-2efb-b968ca2d75c7" executionId="ae9126c5-01a1-4c71-a6e1-f15912129fc8" testListId="8c84fa94-04c1-424b-9868-57a2d4851a1d" />
    <TestEntry testId="b8b5d1da-4dc1-76f1-a2bd-31503c4d0668" executionId="0122f31b-9f9d-4538-94f9-59325779205e" testListId="8c84fa94-04c1-424b-9868-57a2d4851a1d" />
    <TestEntry testId="ee0b5b54-d791-b6a4-b0fb-2c250f632e6e" executionId="17e484c4-a0cb-43ca-bff7-d66fe2ceafc4" testListId="8c84fa94-04c1-424b-9868-57a2d4851a1d" />
    <TestEntry testId="c3df773c-1590-2c82-5cd8-cf0a4f3a6afc" executionId="f21e6404-03f1-4f09-887f-98261f02ac74" testListId="8c84fa94-04c1-424b-9868-57a2d4851a1d" />
    <TestEntry testId="0604c1ff-5540-6793-d2f8-19a426df7742" executionId="57501bf9-2507-4333-9f1e-418709083a17" testListId="8c84fa94-04c1-424b-9868-57a2d4851a1d" />
    <TestEntry testId="bc12b5e8-0d7d-7dd1-0756-b375b65700f8" executionId="02e2a902-b247-4698-b8a6-06eed87c9c20" testListId="8c84fa94-04c1-424b-9868-57a2d4851a1d" />
    <TestEntry testId="beb002c5-eb95-8910-8bc5-4aa180fe028d" executionId="c2ec5d24-0e92-40c6-833e-3caa9b3ec0b7" testListId="8c84fa94-04c1-424b-9868-57a2d4851a1d" />
    <TestEntry testId="16f60887-7ce9-1170-b4ee-a149304874ee" executionId="ec1fe8e7-f45c-4479-9072-09bf9b190540" testListId="8c84fa94-04c1-424b-9868-57a2d4851a1d" />
    <TestEntry testId="ad10243a-5005-2c62-ef03-970547f7bc68" executionId="efd4b79e-9880-4b72-8a91-c5d300671534" testListId="8c84fa94-04c1-424b-9868-57a2d4851a1d" />
    <TestEntry testId="6683524a-bfa3-259f-b1e9-51fd36596515" executionId="5cceb982-d29d-4db0-b33f-51427cd89b07" testListId="8c84fa94-04c1-424b-9868-57a2d4851a1d" />
    <TestEntry testId="cbd53ab9-3037-bcc9-1b3c-c2cf3018f4d2" executionId="137cf558-24c5-4bce-981a-40f955b8aab8" testListId="8c84fa94-04c1-424b-9868-57a2d4851a1d" />
    <TestEntry testId="049489f2-1a42-cae5-971b-5636d7488caa" executionId="b3c11775-0779-466c-b436-9e9573e1a03a" testListId="8c84fa94-04c1-424b-9868-57a2d4851a1d" />
    <TestEntry testId="6b9c0e82-f9ec-9ff8-f609-e65978a74cf5" executionId="7d518960-36ed-43c0-9158-09a96b3159e3" testListId="8c84fa94-04c1-424b-9868-57a2d4851a1d" />
    <TestEntry testId="3d1a6672-4657-c0b5-09b7-40d121d78ad6" executionId="141ca030-b20f-4284-b037-6199034b84bb" testListId="8c84fa94-04c1-424b-9868-57a2d4851a1d" />
    <TestEntry testId="fe6933ba-92e5-ddd8-81b2-ddec0ef429cb" executionId="cea69aff-dd6d-4323-a64d-2f018469c32d" testListId="8c84fa94-04c1-424b-9868-57a2d4851a1d" />
    <TestEntry testId="1c326e5c-4c62-8c00-ee40-aad1ae557760" executionId="695b6522-152f-4251-bdc0-b68cdc272d2e" testListId="8c84fa94-04c1-424b-9868-57a2d4851a1d" />
    <TestEntry testId="ee569e33-e92a-4e12-13b7-cfb199db4a03" executionId="a25cdbd5-6319-4e61-ac07-9e0b297a1cdb" testListId="8c84fa94-04c1-424b-9868-57a2d4851a1d" />
    <TestEntry testId="63370cbe-9101-bc97-61d6-4291bf11faab" executionId="ce2e430e-b0ec-4fd4-8d51-1cb74e27ce53" testListId="8c84fa94-04c1-424b-9868-57a2d4851a1d" />
    <TestEntry testId="01189ec3-4c33-3643-ad1a-50e739d11dfb" executionId="3e3b0551-0f48-4570-8872-b1a22bb5a09a" testListId="8c84fa94-04c1-424b-9868-57a2d4851a1d" />
    <TestEntry testId="a6df64d2-0698-ce92-fd77-5adbbae94068" executionId="47dd284d-f62d-4120-b20d-a4908e78b77a" testListId="8c84fa94-04c1-424b-9868-57a2d4851a1d" />
    <TestEntry testId="ab8bb7fc-41b6-aa97-b7c5-389099b08870" executionId="88c2f74c-094d-4dd6-bdfc-0b514819324c" testListId="8c84fa94-04c1-424b-9868-57a2d4851a1d" />
    <TestEntry testId="6c0d7995-8533-0e6b-e22a-6af26babe546" executionId="9c1bf487-64a0-4fef-b83d-01b603bb6e21" testListId="8c84fa94-04c1-424b-9868-57a2d4851a1d" />
    <TestEntry testId="619f6d51-fe63-6aad-4d71-b62b6294bc5d" executionId="78ad7ba1-8f46-4a6f-8e96-2ad838090ba9" testListId="8c84fa94-04c1-424b-9868-57a2d4851a1d" />
    <TestEntry testId="6892fbdf-0dab-889b-326a-7904d2b9e728" executionId="560dbea1-c203-4a0a-a84f-585e733e5409" testListId="8c84fa94-04c1-424b-9868-57a2d4851a1d" />
    <TestEntry testId="778619f0-485d-357c-9339-4267244fb799" executionId="612d73cc-f74b-4d90-8eee-5047c43b92dc" testListId="8c84fa94-04c1-424b-9868-57a2d4851a1d" />
    <TestEntry testId="fa0ba56c-3e83-3f1e-d41c-70bf0d206613" executionId="e8a563fe-888e-4c85-b21d-f58573561f22" testListId="8c84fa94-04c1-424b-9868-57a2d4851a1d" />
    <TestEntry testId="8c4ac38a-c3bf-bb60-df07-e7bd10fd1112" executionId="0637f727-66c7-48f7-87dc-1352d4624d21" testListId="8c84fa94-04c1-424b-9868-57a2d4851a1d" />
    <TestEntry testId="af1b57b7-d4d3-cc7c-77e2-0a953337a6f4" executionId="086f9d41-9dc7-4ea8-b29c-c6689c38db3e" testListId="8c84fa94-04c1-424b-9868-57a2d4851a1d" />
    <TestEntry testId="48aed434-d191-a79c-5c15-17d6032c9edd" executionId="1659a280-d9cb-47e3-ac6d-2073a63faf9a" testListId="8c84fa94-04c1-424b-9868-57a2d4851a1d" />
    <TestEntry testId="33ade990-1ccf-b0cf-8ab5-e10e49ad4630" executionId="55210990-31a7-409b-ada5-0f388391a315" testListId="8c84fa94-04c1-424b-9868-57a2d4851a1d" />
    <TestEntry testId="b5bea1ce-3302-3d5c-c970-5439c8ce2d20" executionId="d11a27d4-c53f-448a-a27b-f9b024ccf203" testListId="8c84fa94-04c1-424b-9868-57a2d4851a1d" />
    <TestEntry testId="0b0cafcd-36ec-b9e7-a6b1-cc34c82fd875" executionId="a04d1a5d-f010-4cd4-9abb-4ff277c155cf" testListId="8c84fa94-04c1-424b-9868-57a2d4851a1d" />
    <TestEntry testId="2bfbf382-2acb-7849-d6f4-575f5e2be481" executionId="b6a1c7e5-49cf-4c83-9c1f-4f0abed39aa6" testListId="8c84fa94-04c1-424b-9868-57a2d4851a1d" />
    <TestEntry testId="b44cc6a8-6a9a-fd12-3fec-c22280c5d52b" executionId="6a107d3e-48eb-4445-9a4c-58b4829d81d2" testListId="8c84fa94-04c1-424b-9868-57a2d4851a1d" />
    <TestEntry testId="5eeda859-d31c-69f8-fe90-55abee0d8512" executionId="8769bb12-9273-49ea-9c8b-ba404f1b9465" testListId="8c84fa94-04c1-424b-9868-57a2d4851a1d" />
    <TestEntry testId="8bd9e66b-afe5-6a6c-4e29-a0b4f0e39174" executionId="dadf92cf-2733-4a21-bd0f-c47d40488b44" testListId="8c84fa94-04c1-424b-9868-57a2d4851a1d" />
    <TestEntry testId="0a9c2a64-10d3-ab1b-bf1d-557005ecb79f" executionId="80df8660-d6c1-4f99-ab6f-8c296ffdabab" testListId="8c84fa94-04c1-424b-9868-57a2d4851a1d" />
    <TestEntry testId="d6caf9a4-3f9a-074e-1dad-d39d3f06a0e6" executionId="544f5896-9f4f-4cad-b3e5-9ece3edf7f2b" testListId="8c84fa94-04c1-424b-9868-57a2d4851a1d" />
    <TestEntry testId="af830802-23e2-0c4d-f3f5-18aa300eb661" executionId="00922a20-c4a8-45bb-864b-8e3fc2a6548a" testListId="8c84fa94-04c1-424b-9868-57a2d4851a1d" />
    <TestEntry testId="16af9e4d-1460-4181-5a4a-fd51a2b844f5" executionId="d1e10f1f-3799-4b61-8706-302e858f07d3" testListId="8c84fa94-04c1-424b-9868-57a2d4851a1d" />
    <TestEntry testId="ae4a8750-d669-3823-272f-96fc0e4fc346" executionId="9d4a6564-a407-4eff-87e8-3be4801ec5b6" testListId="8c84fa94-04c1-424b-9868-57a2d4851a1d" />
    <TestEntry testId="52df54ef-d786-de4c-66ba-453529b99c4f" executionId="1d224323-8d50-476f-8240-8ef8c937b1ee" testListId="8c84fa94-04c1-424b-9868-57a2d4851a1d" />
    <TestEntry testId="8afaf187-3d3c-e78b-824e-e769deeec2c9" executionId="661a0f7f-5543-4968-92fa-1482b7f97fb5" testListId="8c84fa94-04c1-424b-9868-57a2d4851a1d" />
    <TestEntry testId="ed1af3f1-e228-caa9-58c0-803083486581" executionId="77275362-60e4-405d-8dc7-c4d884b5338f" testListId="8c84fa94-04c1-424b-9868-57a2d4851a1d" />
    <TestEntry testId="3d56290e-3e3f-353b-dfc8-249444061e6c" executionId="476bfe98-9d11-49d9-9463-8e25555ffce4" testListId="8c84fa94-04c1-424b-9868-57a2d4851a1d" />
    <TestEntry testId="585441ab-f7bf-ef9a-ea65-e7624bf9208f" executionId="adc736fb-df25-4f7b-8701-7966a7f55b2f" testListId="8c84fa94-04c1-424b-9868-57a2d4851a1d" />
    <TestEntry testId="1f0a0407-7982-ddd0-173d-1b88aac6222d" executionId="31de6be8-bf9d-40fe-962b-df4cc21eef3d" testListId="8c84fa94-04c1-424b-9868-57a2d4851a1d" />
    <TestEntry testId="62771907-5daf-58e6-a184-e6742aca31e8" executionId="c58fa403-0355-4cfd-8ad3-fbe25bec7d22" testListId="8c84fa94-04c1-424b-9868-57a2d4851a1d" />
    <TestEntry testId="3b98c405-59b2-7eb5-3579-4fa697a97bb2" executionId="c7eda50b-b48c-4b72-a023-6791ee5ad8e3" testListId="8c84fa94-04c1-424b-9868-57a2d4851a1d" />
    <TestEntry testId="2d7b55ce-f568-7dde-659b-5f6dd5c4e10b" executionId="5fc1a75a-675b-4bdb-aae3-d032476b9418" testListId="8c84fa94-04c1-424b-9868-57a2d4851a1d" />
    <TestEntry testId="47c1b6ab-8c0a-fc63-f12d-64e40883c80a" executionId="93bd6a55-4738-48af-983c-b1c6277bf7ba" testListId="8c84fa94-04c1-424b-9868-57a2d4851a1d" />
    <TestEntry testId="0fbb0657-5fcb-c22d-ba1e-66fc2f5570e3" executionId="8419d123-9f83-433b-805c-66504d7a7655" testListId="8c84fa94-04c1-424b-9868-57a2d4851a1d" />
    <TestEntry testId="757dcbcf-6cb2-e01d-02fc-019e4a1d9936" executionId="5e87c282-470e-4db9-9773-4acd3839dc84" testListId="8c84fa94-04c1-424b-9868-57a2d4851a1d" />
    <TestEntry testId="a7d99e35-c064-6ecd-9e86-ff4a258d4620" executionId="5a59bbd8-a867-4df7-9bc7-3df79529c303" testListId="8c84fa94-04c1-424b-9868-57a2d4851a1d" />
    <TestEntry testId="f9a09191-b933-2d00-0d6e-2a80901374f0" executionId="7cc8f745-5e42-45d3-96f3-4fcf33bfe956" testListId="8c84fa94-04c1-424b-9868-57a2d4851a1d" />
    <TestEntry testId="a8ff7a29-8845-1919-c693-2698cf30e949" executionId="43a050a0-91a7-4278-a43d-b6c009779a6e" testListId="8c84fa94-04c1-424b-9868-57a2d4851a1d" />
    <TestEntry testId="159cae7e-f986-2bd9-0bdf-d56bffd649d4" executionId="8d627401-e511-49b7-a0db-c4f4119de0e9" testListId="8c84fa94-04c1-424b-9868-57a2d4851a1d" />
    <TestEntry testId="53b81941-356a-16a1-a951-ad2b635230e2" executionId="f72f590f-c3cb-4c6b-914a-674065a772d1" testListId="8c84fa94-04c1-424b-9868-57a2d4851a1d" />
    <TestEntry testId="d218b1ec-f943-b4b5-4c70-d50ae6005d5d" executionId="20ab69c7-8722-496c-af50-21c1eeaac782" testListId="8c84fa94-04c1-424b-9868-57a2d4851a1d" />
    <TestEntry testId="b92c2d23-e9a0-a785-771e-708c304e0f26" executionId="81422b01-6f0d-470e-9385-747b8e58af7f" testListId="8c84fa94-04c1-424b-9868-57a2d4851a1d" />
    <TestEntry testId="7b6146d5-494f-1a0e-d576-98303b0c58b5" executionId="f877a9e1-f532-4d73-84ac-6a94a5ef25ed" testListId="8c84fa94-04c1-424b-9868-57a2d4851a1d" />
    <TestEntry testId="7a7fdf06-c490-deb2-82e6-65e1294c3173" executionId="332923c0-8b08-4384-9f5c-d140c3174f87" testListId="8c84fa94-04c1-424b-9868-57a2d4851a1d" />
    <TestEntry testId="4d8c83aa-a156-12a2-4c8a-ba95a8a26318" executionId="e490818c-5833-4cd5-9044-8e8c822632bc" testListId="8c84fa94-04c1-424b-9868-57a2d4851a1d" />
    <TestEntry testId="79d8cb70-402c-e7be-4d53-f2c05fb52d5e" executionId="5ca03a50-f1d6-4f7c-b159-73e9d94488f5" testListId="8c84fa94-04c1-424b-9868-57a2d4851a1d" />
    <TestEntry testId="2516f5ca-d06b-43f0-8619-b53bdf03ad3b" executionId="f8823627-75c1-485a-a653-483f091b776e" testListId="8c84fa94-04c1-424b-9868-57a2d4851a1d" />
    <TestEntry testId="e251df90-29be-3bce-586f-107c221e43b7" executionId="b5a9896a-7a10-46fe-a9ff-ef4dd446310b" testListId="8c84fa94-04c1-424b-9868-57a2d4851a1d" />
    <TestEntry testId="781c6c8a-3177-25ba-5828-fb732829d7b1" executionId="d4dc229a-8048-49ec-b95b-c170563a36cb" testListId="8c84fa94-04c1-424b-9868-57a2d4851a1d" />
    <TestEntry testId="ba7694f7-ee6f-6343-b447-699651d9d6f9" executionId="db925dba-dfff-4036-a9ff-9da2aa7ce93d" testListId="8c84fa94-04c1-424b-9868-57a2d4851a1d" />
    <TestEntry testId="7e3dbd79-3540-0180-3ab0-0107f747a8a4" executionId="9aaa97a0-0b65-4730-9d0c-8cbb0a34c712" testListId="8c84fa94-04c1-424b-9868-57a2d4851a1d" />
    <TestEntry testId="392352ae-d647-e68a-124a-33d5232e7f11" executionId="345d533e-8350-4f4a-a2ec-2bb8ea6bc04b" testListId="8c84fa94-04c1-424b-9868-57a2d4851a1d" />
    <TestEntry testId="03519c29-5d68-745a-351e-45c267ad13e8" executionId="668d7223-c6db-437a-bff7-5322b0f6c617" testListId="8c84fa94-04c1-424b-9868-57a2d4851a1d" />
    <TestEntry testId="fcbb076d-21c9-d2c8-8141-56d340d67c02" executionId="c6c2bf3a-fe40-4089-8e95-013402dadacc" testListId="8c84fa94-04c1-424b-9868-57a2d4851a1d" />
    <TestEntry testId="9e5ec3f3-397a-9268-e64a-1a2655cbcab4" executionId="a7ace9b2-06f5-44c4-8f6d-75189a75fc5b" testListId="8c84fa94-04c1-424b-9868-57a2d4851a1d" />
    <TestEntry testId="0f6413c0-cc42-e14e-f2e9-6c1a7fb644a7" executionId="629d44fd-8d10-4e64-aca6-5c482d7fe73a" testListId="8c84fa94-04c1-424b-9868-57a2d4851a1d" />
    <TestEntry testId="9e0f7694-4c12-cabb-5030-0f3a25dfbb2b" executionId="fa17c0f2-fef4-4875-bc25-8ffb61a92244" testListId="8c84fa94-04c1-424b-9868-57a2d4851a1d" />
    <TestEntry testId="447829a4-f86b-01dd-760a-c4052e1b005d" executionId="8cbd49ea-ad36-414d-ae34-fdda5c454146" testListId="8c84fa94-04c1-424b-9868-57a2d4851a1d" />
    <TestEntry testId="1eda914f-da94-406c-7d55-9addceb31e52" executionId="715fdc75-a045-42af-ab11-a0b7fc10cf08" testListId="8c84fa94-04c1-424b-9868-57a2d4851a1d" />
    <TestEntry testId="c2b0fa30-6a46-612d-08bf-8da951ad3d1e" executionId="520e2735-0234-40a8-834a-7ba91df11cb5" testListId="8c84fa94-04c1-424b-9868-57a2d4851a1d" />
    <TestEntry testId="12501656-668f-6d63-7f1a-8f8eefa16abe" executionId="73f5f4ef-5c77-4e09-b3a0-1d17c6e0cf7d" testListId="8c84fa94-04c1-424b-9868-57a2d4851a1d" />
    <TestEntry testId="60908717-d1cb-9971-94f7-facca727b89c" executionId="1a55b807-26a0-4b5a-a0e5-abcf8fa9d20c" testListId="8c84fa94-04c1-424b-9868-57a2d4851a1d" />
    <TestEntry testId="301bb053-2669-b626-aada-e5ec26552701" executionId="28420a7c-7ce3-4b6d-9378-e114639acbeb" testListId="8c84fa94-04c1-424b-9868-57a2d4851a1d" />
    <TestEntry testId="4fd7ef13-73a5-f651-dedc-2514dfae7f93" executionId="f347f006-76f5-4437-ab66-9299fccb75da" testListId="8c84fa94-04c1-424b-9868-57a2d4851a1d" />
    <TestEntry testId="59316a3f-9716-d88f-df45-82d266fba22e" executionId="f8f4c3c3-a01a-4206-b2ed-deb08b0405c6" testListId="8c84fa94-04c1-424b-9868-57a2d4851a1d" />
    <TestEntry testId="a161a748-55e5-1a5b-e899-d06d498d802c" executionId="9c71c488-2529-449a-802b-e0767025f6e5" testListId="8c84fa94-04c1-424b-9868-57a2d4851a1d" />
    <TestEntry testId="5a6e28a5-0456-0238-773c-6170fb1e4f85" executionId="9011cc1a-7be1-4079-accf-3fe35ca36914" testListId="8c84fa94-04c1-424b-9868-57a2d4851a1d" />
    <TestEntry testId="7727673d-f909-602e-c023-298e3154bee0" executionId="2ebfc34d-4436-4ba9-8677-1e0b60495c06" testListId="8c84fa94-04c1-424b-9868-57a2d4851a1d" />
    <TestEntry testId="47b928b9-6c48-7599-b49a-10b524a65d0b" executionId="51f06690-24f7-43f3-857c-6b660205d43e" testListId="8c84fa94-04c1-424b-9868-57a2d4851a1d" />
    <TestEntry testId="73ec9274-5d95-cb62-60ca-c2f3ce2346e6" executionId="7acc204c-f910-44a9-82a0-0a48268eb2b1" testListId="8c84fa94-04c1-424b-9868-57a2d4851a1d" />
    <TestEntry testId="ba44ddc9-34e5-6996-f0e1-93c6786eed78" executionId="edbb44f8-db53-4cda-a7b2-7e232cb17333" testListId="8c84fa94-04c1-424b-9868-57a2d4851a1d" />
    <TestEntry testId="2339c643-1a37-d25a-2a23-49039f375c2c" executionId="58dbab4b-4f54-480e-a5d6-80e15c431ca3" testListId="8c84fa94-04c1-424b-9868-57a2d4851a1d" />
    <TestEntry testId="edfa9ac1-af92-8fad-09f0-213c59a511c9" executionId="7403f606-5946-45dc-8afe-a6bb472915d1" testListId="8c84fa94-04c1-424b-9868-57a2d4851a1d" />
    <TestEntry testId="13d7aebd-6cec-2e73-3e91-8e5121f9f1bc" executionId="c08f3c9a-f01a-4e80-b860-4cbbf2aec0a9" testListId="8c84fa94-04c1-424b-9868-57a2d4851a1d" />
    <TestEntry testId="bef51588-d886-f6e3-fdda-95da2278aacb" executionId="85ddf181-f53c-4316-91f9-9337831fcc17" testListId="8c84fa94-04c1-424b-9868-57a2d4851a1d" />
    <TestEntry testId="e6ba39e7-b277-ade5-953f-680493847818" executionId="2e467f53-70d2-4dd6-9d58-666aa1a6f01d" testListId="8c84fa94-04c1-424b-9868-57a2d4851a1d" />
    <TestEntry testId="40cc8bf3-9b9a-c620-7f65-c9598a6e4a28" executionId="d3131bf4-7b9d-45f7-8171-7a529a6412f9" testListId="8c84fa94-04c1-424b-9868-57a2d4851a1d" />
    <TestEntry testId="bbda7a11-e3ea-a6b5-3718-87f84d327031" executionId="8dc8d2e8-1fb0-4ce9-b1cc-ca7d1df2c49d" testListId="8c84fa94-04c1-424b-9868-57a2d4851a1d" />
    <TestEntry testId="e8ad2706-3327-0bd0-6928-db3b3e6344dc" executionId="5c0f34b9-7fc3-4817-9232-736b838667c1" testListId="8c84fa94-04c1-424b-9868-57a2d4851a1d" />
    <TestEntry testId="803ac96c-ceaf-813a-623a-bb8007ba13fb" executionId="eaeafc32-4bdd-476d-be63-49acebdd2834" testListId="8c84fa94-04c1-424b-9868-57a2d4851a1d" />
    <TestEntry testId="aa5a6ee6-251d-45e9-7756-92ac3de9f3a4" executionId="f69f158e-414a-42cd-960b-7b43fdda65bb" testListId="8c84fa94-04c1-424b-9868-57a2d4851a1d" />
    <TestEntry testId="333f18ad-13f9-9950-7477-8cd437bf4957" executionId="c970696c-9bf2-4382-8ef3-af0d7a6e7959" testListId="8c84fa94-04c1-424b-9868-57a2d4851a1d" />
    <TestEntry testId="79db46c4-1a13-12a0-1950-586398a93668" executionId="6326cbfa-1340-47eb-8cc1-0c922d60a548" testListId="8c84fa94-04c1-424b-9868-57a2d4851a1d" />
    <TestEntry testId="e69a267a-e07a-22bf-4915-eae5a252f8b8" executionId="793cda79-921c-48a1-bb17-ce75dd99f2a5" testListId="8c84fa94-04c1-424b-9868-57a2d4851a1d" />
    <TestEntry testId="52804f86-16d4-c4e7-0a3e-5434b8ef0f30" executionId="9bd19e1f-c8e2-4dec-b80f-ddb574274767" testListId="8c84fa94-04c1-424b-9868-57a2d4851a1d" />
    <TestEntry testId="4cab5b13-e57d-d862-8721-f8c86a15bdbf" executionId="f2cd3c8b-1370-43ef-89c9-1670b6668093" testListId="8c84fa94-04c1-424b-9868-57a2d4851a1d" />
    <TestEntry testId="503e5a86-709d-4f75-061c-3b116d3ee8e7" executionId="5a882e34-65f6-4630-b6e2-0a8159ba5e54" testListId="8c84fa94-04c1-424b-9868-57a2d4851a1d" />
    <TestEntry testId="36835451-4db1-a03e-109f-0d92dfb22aba" executionId="3113cb5a-a7be-47a8-899d-f3d47a3ee446" testListId="8c84fa94-04c1-424b-9868-57a2d4851a1d" />
    <TestEntry testId="372ecc8a-19e9-247e-0d4c-31a691ba7b09" executionId="52a71724-105a-4227-a12d-fb0975fc12b0" testListId="8c84fa94-04c1-424b-9868-57a2d4851a1d" />
    <TestEntry testId="5d3b9f28-5b7f-774a-d114-babb2f2f6cd2" executionId="5c83ab79-c748-4543-b066-45c003630ffe" testListId="8c84fa94-04c1-424b-9868-57a2d4851a1d" />
    <TestEntry testId="1e4e191e-63c7-1f37-201c-8fde2757768d" executionId="d880b56e-c0cc-4166-8577-d6a61eb78410" testListId="8c84fa94-04c1-424b-9868-57a2d4851a1d" />
    <TestEntry testId="77b4115c-9698-8872-1259-5ceebb1db073" executionId="3393d0d5-ab4e-4ff7-a623-81685f54ac6f" testListId="8c84fa94-04c1-424b-9868-57a2d4851a1d" />
    <TestEntry testId="4b5c9b24-d906-a00f-3905-ed5f0c9f240a" executionId="28e63816-ed8e-4abe-90fa-ffc93483f4da" testListId="8c84fa94-04c1-424b-9868-57a2d4851a1d" />
    <TestEntry testId="4d993a4f-76c0-7cf9-2048-40644000ecc0" executionId="934bd076-354e-4dde-8720-992b1bdc7d58" testListId="8c84fa94-04c1-424b-9868-57a2d4851a1d" />
    <TestEntry testId="788d8b0c-681e-eeab-fb16-541a413b2444" executionId="8be05a6c-e8a1-445f-9249-7a401b20067e" testListId="8c84fa94-04c1-424b-9868-57a2d4851a1d" />
    <TestEntry testId="29ac2707-c2cb-35e2-eedb-a90688f5df17" executionId="bc7c9896-1450-42e8-83bb-3c74c584b58a" testListId="8c84fa94-04c1-424b-9868-57a2d4851a1d" />
    <TestEntry testId="bfd791d4-3818-9f2c-b28d-53bbc42d1573" executionId="7fdc98c2-f045-4bbd-b455-b0adc97055f0" testListId="8c84fa94-04c1-424b-9868-57a2d4851a1d" />
    <TestEntry testId="c412921c-a830-d00a-e2a6-2eda860b9055" executionId="ef380b80-e5eb-43ce-a0d5-db7dddf63cdb" testListId="8c84fa94-04c1-424b-9868-57a2d4851a1d" />
    <TestEntry testId="ab1a8e45-8e17-ad94-af47-713e91eff11b" executionId="9fa8541d-13b7-488a-8508-52b89718df76" testListId="8c84fa94-04c1-424b-9868-57a2d4851a1d" />
    <TestEntry testId="c3bd77bb-39a3-4c51-ccee-0dc4af1425a6" executionId="ce029884-1ca1-4565-877a-ad9738af355b" testListId="8c84fa94-04c1-424b-9868-57a2d4851a1d" />
    <TestEntry testId="0479c184-1f1e-07e0-e9bf-b787331a6833" executionId="cb82ee78-f75b-4fb1-aecd-6d5818579d25" testListId="8c84fa94-04c1-424b-9868-57a2d4851a1d" />
    <TestEntry testId="eefc51b9-5382-2aee-c4ce-08acd9cc49de" executionId="e2921475-d165-4732-aa76-eb2c7b1a0103" testListId="8c84fa94-04c1-424b-9868-57a2d4851a1d" />
    <TestEntry testId="273b976a-4136-12a0-93d4-d31e724b1d9b" executionId="fa7fa943-00f3-463b-bc03-50c7d8c0190e" testListId="8c84fa94-04c1-424b-9868-57a2d4851a1d" />
    <TestEntry testId="20ff39df-6b6f-8d20-2277-72d3fc9ee983" executionId="f5868541-5cbd-42e7-bd29-d5c53afe3fcd" testListId="8c84fa94-04c1-424b-9868-57a2d4851a1d" />
    <TestEntry testId="bf1206bb-c315-791a-6716-b4026aff80ac" executionId="cd8f3537-9768-49b6-b58b-ba86f21cf563" testListId="8c84fa94-04c1-424b-9868-57a2d4851a1d" />
    <TestEntry testId="66008b6f-5831-0af0-c7ea-7bf08df5fe34" executionId="2fbd0624-df5d-4a6c-92ad-1bb2b81bfcdd" testListId="8c84fa94-04c1-424b-9868-57a2d4851a1d" />
    <TestEntry testId="ac145d13-4c02-a67c-cc07-a100e99d94e8" executionId="32508e86-6898-49a9-b18e-9174c0ad6a71" testListId="8c84fa94-04c1-424b-9868-57a2d4851a1d" />
    <TestEntry testId="c2b3a374-d9ca-fe1a-d2bb-dddc9de79775" executionId="dcf155bf-d598-4f2e-8ad9-b585b97f0f5c" testListId="8c84fa94-04c1-424b-9868-57a2d4851a1d" />
    <TestEntry testId="ee790526-59c0-ec03-5ce2-11fd14081a1a" executionId="86a73140-49c5-41b2-b2f0-6d96a4d778c7" testListId="8c84fa94-04c1-424b-9868-57a2d4851a1d" />
    <TestEntry testId="7b38c175-8f37-0ff7-77b0-702939d7a735" executionId="9209a4bf-398f-494d-980f-31d3cf1a31bf" testListId="8c84fa94-04c1-424b-9868-57a2d4851a1d" />
    <TestEntry testId="be126d46-0548-695a-7287-bae8146e110d" executionId="a1038c68-8ed5-4038-9e81-ade9a66d1129" testListId="8c84fa94-04c1-424b-9868-57a2d4851a1d" />
    <TestEntry testId="cd7f7ed7-88a6-0fa2-919b-8f85deed3b1c" executionId="95e247c8-2135-48f1-aaf5-a3599b90ea41" testListId="8c84fa94-04c1-424b-9868-57a2d4851a1d" />
    <TestEntry testId="b7df116d-9320-09bb-de54-2fccf2279e48" executionId="525b4693-f3a5-4754-a831-e7f1e83e6348" testListId="8c84fa94-04c1-424b-9868-57a2d4851a1d" />
    <TestEntry testId="d53b731a-f1cc-f58f-ac8f-3fdcdc3a367b" executionId="7d73011b-a85d-4812-a6ce-d909485b4efa" testListId="8c84fa94-04c1-424b-9868-57a2d4851a1d" />
    <TestEntry testId="d2434559-e3a7-5692-c403-1d47d873a133" executionId="33d10b62-df9d-4974-9c89-a786b1465933" testListId="8c84fa94-04c1-424b-9868-57a2d4851a1d" />
    <TestEntry testId="93f61c3c-6b1e-d1b6-89d6-3a1bfa5e90ba" executionId="40e6041a-5eda-41c5-93ac-17b2921b788d" testListId="8c84fa94-04c1-424b-9868-57a2d4851a1d" />
    <TestEntry testId="fd3d93a9-265d-ee70-503b-7e4448400893" executionId="85e36999-4934-40cb-9cd8-db6b01188eea" testListId="8c84fa94-04c1-424b-9868-57a2d4851a1d" />
    <TestEntry testId="f2c9789b-ec5f-6518-f2c0-b2ab50a92288" executionId="94b0b2c7-3b24-491e-8e0c-4017dec4226a" testListId="8c84fa94-04c1-424b-9868-57a2d4851a1d" />
    <TestEntry testId="555e4b79-92bf-9342-267d-e971e8e557fa" executionId="dc03611b-52b5-4c14-ad53-2aebe2b03272" testListId="8c84fa94-04c1-424b-9868-57a2d4851a1d" />
    <TestEntry testId="d09f13a4-f856-1992-47ba-5179fa45274e" executionId="30b4bff7-fa24-4d1e-a8f5-84acd54b4b06" testListId="8c84fa94-04c1-424b-9868-57a2d4851a1d" />
    <TestEntry testId="6e2943e4-1567-7531-b5b0-13aaeb4e80e3" executionId="aa92e1c1-6131-46da-ad3d-7d2643104301" testListId="8c84fa94-04c1-424b-9868-57a2d4851a1d" />
    <TestEntry testId="7e3c3908-f70c-8d41-e8fe-866ddfe5a4bc" executionId="330302d0-641f-42b0-b27b-a07b05448aef" testListId="8c84fa94-04c1-424b-9868-57a2d4851a1d" />
    <TestEntry testId="618c093b-a0b6-05a6-fc06-deebeffd4e3d" executionId="4fd1ca0d-913e-45f1-9a6e-d338c0719eb8" testListId="8c84fa94-04c1-424b-9868-57a2d4851a1d" />
    <TestEntry testId="9ef77c95-5283-32cc-e077-a32bcc727b45" executionId="1b36233b-e6b0-40fe-bc7d-59fed8628b35" testListId="8c84fa94-04c1-424b-9868-57a2d4851a1d" />
    <TestEntry testId="0f5489b1-8ac4-9204-17f4-b55749ac6490" executionId="73058649-b0e8-46ca-b924-c6a9ade7c987" testListId="8c84fa94-04c1-424b-9868-57a2d4851a1d" />
    <TestEntry testId="f3d705dd-7bc5-3c67-615c-4a5792f645ee" executionId="15bfc6a2-240c-4d68-aa00-f3faa59ad8cf" testListId="8c84fa94-04c1-424b-9868-57a2d4851a1d" />
    <TestEntry testId="48e1001e-d788-4f1f-114b-b2f616ae9b17" executionId="cfd35b8c-0a95-4858-9bdf-f73d0b773ec1" testListId="8c84fa94-04c1-424b-9868-57a2d4851a1d" />
    <TestEntry testId="61995c8a-35dd-f2df-f559-b60cb8f54a82" executionId="ebca56cc-8327-4063-805a-085b8a1bc8b3" testListId="8c84fa94-04c1-424b-9868-57a2d4851a1d" />
    <TestEntry testId="fb65aff9-84a8-5b2a-92bd-f76bc29d120f" executionId="4520636d-248a-42d8-bfb9-b59901e0f870" testListId="8c84fa94-04c1-424b-9868-57a2d4851a1d" />
    <TestEntry testId="9f7143c5-f21b-a4cb-b62f-d856a6e8e1f7" executionId="08e8037e-b58d-4619-af95-976c722229a6" testListId="8c84fa94-04c1-424b-9868-57a2d4851a1d" />
    <TestEntry testId="86d87531-58b0-c805-e0a3-bb2bb5312580" executionId="f72abe88-3df3-41e1-ad17-accd50ff7530" testListId="8c84fa94-04c1-424b-9868-57a2d4851a1d" />
    <TestEntry testId="06f72c6d-178e-1776-b54f-f3db73a3e144" executionId="be0d6290-cf1a-4818-b5fe-9e6b322f77f6" testListId="8c84fa94-04c1-424b-9868-57a2d4851a1d" />
    <TestEntry testId="7ff37c2f-1947-5bfd-5301-306c5eae35b9" executionId="5d2d025f-c5b0-4b13-9227-f9086c0c3a6a" testListId="8c84fa94-04c1-424b-9868-57a2d4851a1d" />
    <TestEntry testId="d716207e-88e3-d258-c9c3-93a6eb313656" executionId="b8a305b9-8c84-4ee3-9a87-90784dd47d7d" testListId="8c84fa94-04c1-424b-9868-57a2d4851a1d" />
    <TestEntry testId="61ac148b-77c6-a946-fca0-45c9e49f9516" executionId="c8d848f5-40a7-43fc-ae64-f1eb10374f7c" testListId="8c84fa94-04c1-424b-9868-57a2d4851a1d" />
    <TestEntry testId="a26aca48-0992-fb7f-2394-abc4cff3b453" executionId="5e12e761-2336-4588-8b2b-31be3eb4d1ad" testListId="8c84fa94-04c1-424b-9868-57a2d4851a1d" />
    <TestEntry testId="6e5da37d-17c2-c99b-bec0-ba093cc6461d" executionId="1b242822-da2c-42a9-96c2-bf203ce7004a" testListId="8c84fa94-04c1-424b-9868-57a2d4851a1d" />
    <TestEntry testId="26e0371b-a9ac-efb2-5c04-9498517c8a6b" executionId="6d46e93b-5c0d-43c5-8c96-a8eec924593f" testListId="8c84fa94-04c1-424b-9868-57a2d4851a1d" />
    <TestEntry testId="fdd1c789-d9b7-74e5-3e60-0cdd8a844a3b" executionId="be21264d-9892-424f-8c16-7819f6d8574f" testListId="8c84fa94-04c1-424b-9868-57a2d4851a1d" />
    <TestEntry testId="d67f39a6-38da-54cf-bd51-1084e48c6e60" executionId="e5693c73-2251-4d48-b03d-b9f87d16c9ac" testListId="8c84fa94-04c1-424b-9868-57a2d4851a1d" />
    <TestEntry testId="225e2319-c278-70af-0c9e-1f0e59bd70af" executionId="05ca9aed-585e-466d-845b-51b54d13713b" testListId="8c84fa94-04c1-424b-9868-57a2d4851a1d" />
    <TestEntry testId="d3aac1dd-0f5d-4d1a-ac7a-ab3b6af2bff9" executionId="15b21796-7d43-40a6-a6e8-7e950a4f9d27" testListId="8c84fa94-04c1-424b-9868-57a2d4851a1d" />
    <TestEntry testId="97bf175b-3437-3a0c-6b6e-4f876d982b3c" executionId="fcccadff-791c-48db-9564-ecc4c91d7b95" testListId="8c84fa94-04c1-424b-9868-57a2d4851a1d" />
    <TestEntry testId="af3c7f95-5484-075f-8f9e-acca11c99bc5" executionId="3ddfb824-6c2f-46d5-bd07-15b711ea25a6" testListId="8c84fa94-04c1-424b-9868-57a2d4851a1d" />
    <TestEntry testId="0a158be2-3d0e-91be-dc79-b834318d6106" executionId="bc86c16b-f83a-46ab-91b3-d127cf6c9b24" testListId="8c84fa94-04c1-424b-9868-57a2d4851a1d" />
    <TestEntry testId="144c69ed-fb6c-34fd-956a-d442174acbf9" executionId="249fd9d7-1532-4539-a54c-4a0a179d893b" testListId="8c84fa94-04c1-424b-9868-57a2d4851a1d" />
    <TestEntry testId="9c3bf906-36ef-3f5d-6689-5fb9e3aa8d47" executionId="b247e62c-118e-4051-a1a4-646e41ff170e" testListId="8c84fa94-04c1-424b-9868-57a2d4851a1d" />
    <TestEntry testId="f7581027-c1a4-443d-888a-b124436b90b1" executionId="6de68c53-1d73-4aa3-90b4-a1ed0802df53" testListId="8c84fa94-04c1-424b-9868-57a2d4851a1d" />
    <TestEntry testId="1f165af9-b6e7-bd17-1c06-1628746543b3" executionId="d6faada2-8da9-429e-9341-a25a0fb6e612" testListId="8c84fa94-04c1-424b-9868-57a2d4851a1d" />
    <TestEntry testId="cb973932-552d-edc5-fa30-c27e003b5121" executionId="14b8be50-7a8d-4538-b194-f1911e8df996" testListId="8c84fa94-04c1-424b-9868-57a2d4851a1d" />
    <TestEntry testId="ba884d95-61a4-037b-ab6f-8704dd43240a" executionId="082b867b-6e3b-4178-aac4-eedc55cbb8fb" testListId="8c84fa94-04c1-424b-9868-57a2d4851a1d" />
    <TestEntry testId="4d02d00b-2996-2f9f-95bd-26fe5f7ed1e8" executionId="be2a1c28-ee02-4424-a244-398d8153202e" testListId="8c84fa94-04c1-424b-9868-57a2d4851a1d" />
    <TestEntry testId="5c39cc43-bcee-6b6c-03f0-db3e0a8029f7" executionId="af338fc6-e4a9-423f-ae94-206ec4bae029" testListId="8c84fa94-04c1-424b-9868-57a2d4851a1d" />
    <TestEntry testId="d8308a27-6fbc-21d5-664d-c54e34f438da" executionId="8210eec9-097c-4e5e-aaa6-be65bc1b60b8" testListId="8c84fa94-04c1-424b-9868-57a2d4851a1d" />
    <TestEntry testId="687e7059-e7b1-dddd-6cf1-c4b5cd5cad05" executionId="d44a45be-6c70-4abf-a4e3-c903c798e972" testListId="8c84fa94-04c1-424b-9868-57a2d4851a1d" />
    <TestEntry testId="520094b8-4b75-11e8-c310-4fbb0ad15d04" executionId="f5230489-e83e-4730-9c54-f1c9e40a6932" testListId="8c84fa94-04c1-424b-9868-57a2d4851a1d" />
    <TestEntry testId="10c9843d-cde7-1676-7217-072b639d2cdf" executionId="3ebb59d0-bc25-4d4d-a0a8-79a6488a1e61" testListId="8c84fa94-04c1-424b-9868-57a2d4851a1d" />
    <TestEntry testId="4ebf288a-b726-10f1-5f92-94533ac346f1" executionId="8cb97adb-c659-4c5e-8544-1d0a41f5844e" testListId="8c84fa94-04c1-424b-9868-57a2d4851a1d" />
    <TestEntry testId="3a86bace-7c8b-cb31-de17-695019225dec" executionId="dff99fcc-53ee-49ae-8c32-419f5af8cad9" testListId="8c84fa94-04c1-424b-9868-57a2d4851a1d" />
    <TestEntry testId="0378ed59-f976-b4fc-9f2f-d68f313306f2" executionId="cdf5a720-f86a-4a2a-ae1d-51dda8416699" testListId="8c84fa94-04c1-424b-9868-57a2d4851a1d" />
    <TestEntry testId="e4b13263-b1bd-68bb-3baa-222b8414af3b" executionId="b7ab3370-2d4f-4529-ad91-9eea3ecd3831" testListId="8c84fa94-04c1-424b-9868-57a2d4851a1d" />
    <TestEntry testId="cc815387-ccd0-3c89-25da-05420b40ed9e" executionId="69f91939-4422-4199-9f4c-e7e6ca64e2ee" testListId="8c84fa94-04c1-424b-9868-57a2d4851a1d" />
    <TestEntry testId="c0fdb5a9-d6d3-7bbe-3d81-a946d84b5551" executionId="4bc1a29d-89ad-449d-895e-4c601c0ce793" testListId="8c84fa94-04c1-424b-9868-57a2d4851a1d" />
    <TestEntry testId="276c0e6d-3f7a-82fd-4800-9c53564baba3" executionId="d50dc93f-83b3-4d89-b8a5-e874f16d6615" testListId="8c84fa94-04c1-424b-9868-57a2d4851a1d" />
    <TestEntry testId="f8feb370-a546-7995-c8e5-2c5a9509dee9" executionId="e3f544b9-c3d8-43fc-84af-cb836054d1d3" testListId="8c84fa94-04c1-424b-9868-57a2d4851a1d" />
    <TestEntry testId="e6e395b4-3b84-d36a-a38c-e5e638fee7fb" executionId="63511a68-f657-41b8-b62b-8831a9176028" testListId="8c84fa94-04c1-424b-9868-57a2d4851a1d" />
    <TestEntry testId="78d59ed4-95ad-480d-6b34-b1db04166f61" executionId="7780f495-9ab7-4007-9c49-1cd46c11b30a" testListId="8c84fa94-04c1-424b-9868-57a2d4851a1d" />
    <TestEntry testId="c3c83a0c-a46d-bf4c-a733-65c34582027c" executionId="8168179f-cc35-4d76-a41a-57091f13316f" testListId="8c84fa94-04c1-424b-9868-57a2d4851a1d" />
    <TestEntry testId="bc715522-4e2d-31ab-3b59-559f11d2404a" executionId="1e5437d2-0518-4f0c-9974-c7214bae4cbd" testListId="8c84fa94-04c1-424b-9868-57a2d4851a1d" />
    <TestEntry testId="66b56aea-40c3-2481-4b5e-49255676d9f1" executionId="39fbca60-7c93-40e0-a8b3-3242409da27f" testListId="8c84fa94-04c1-424b-9868-57a2d4851a1d" />
    <TestEntry testId="a513f6d4-cac8-7139-d5eb-18e28868b5e3" executionId="1f711ac7-4eb1-4313-84b7-457e32f3fe76" testListId="8c84fa94-04c1-424b-9868-57a2d4851a1d" />
    <TestEntry testId="92fdd030-3856-bf25-d99c-4aebc9a73c44" executionId="d10bd501-56d4-4ceb-b159-40777eaa4fbb" testListId="8c84fa94-04c1-424b-9868-57a2d4851a1d" />
    <TestEntry testId="1b66a21c-10a6-0908-6fbd-7ece73d7fb3e" executionId="278695aa-ee02-444c-8c03-abd3479a86da" testListId="8c84fa94-04c1-424b-9868-57a2d4851a1d" />
    <TestEntry testId="0698a694-c3e3-daa4-3795-9bea8316565b" executionId="93ebf992-7feb-4ebc-b324-f79f574a54d6" testListId="8c84fa94-04c1-424b-9868-57a2d4851a1d" />
    <TestEntry testId="529dab04-2278-118b-6ef7-08fc1ab4d8b0" executionId="5077be60-b32b-4219-a397-b8199008a4dd" testListId="8c84fa94-04c1-424b-9868-57a2d4851a1d" />
    <TestEntry testId="1e592ef1-e1bf-3981-b2eb-87e514325b77" executionId="0c0c1e85-ac39-4e14-80ef-41d28f590c3f" testListId="8c84fa94-04c1-424b-9868-57a2d4851a1d" />
    <TestEntry testId="477f61b0-5c9c-b3c6-17b8-c096885b5954" executionId="38dec6b2-a111-467e-9715-3218110c010e" testListId="8c84fa94-04c1-424b-9868-57a2d4851a1d" />
    <TestEntry testId="8ecfeea7-0c3c-71f4-0099-cc3f5ecbeb8d" executionId="2207a984-0cb2-40dd-a857-e3f2bfe7408b" testListId="8c84fa94-04c1-424b-9868-57a2d4851a1d" />
    <TestEntry testId="c9bdf071-dd03-b2a0-4e56-4edadb6f7ef7" executionId="c7174357-af06-4e6a-9616-16afc9cfeae2" testListId="8c84fa94-04c1-424b-9868-57a2d4851a1d" />
    <TestEntry testId="7b2725af-6cca-aaf7-125b-307ed988b6a3" executionId="5b94a845-5cc1-4eae-b75b-9064caa1a1b9" testListId="8c84fa94-04c1-424b-9868-57a2d4851a1d" />
    <TestEntry testId="7c55a314-e50c-cf7f-eb2f-1d2ce3940e80" executionId="33d7b1f9-7f90-4ed7-b064-e9b5074a9cc7" testListId="8c84fa94-04c1-424b-9868-57a2d4851a1d" />
    <TestEntry testId="3a8ca70f-603d-9529-0058-2e57757ce284" executionId="93d25e9c-5fb6-4b41-b0a9-3e7d78afad52" testListId="8c84fa94-04c1-424b-9868-57a2d4851a1d" />
    <TestEntry testId="dadc7e5e-3e0c-da11-a65f-57361b774307" executionId="e3dbe1c1-bf89-4f6e-ae4f-a7c407279ce6" testListId="8c84fa94-04c1-424b-9868-57a2d4851a1d" />
    <TestEntry testId="bc7fb037-bc9e-3315-d38f-1aeba783be34" executionId="e92737ae-ca09-4b83-a707-b9a821e9bbda" testListId="8c84fa94-04c1-424b-9868-57a2d4851a1d" />
    <TestEntry testId="570963dc-5e77-73b9-225e-688120d0deeb" executionId="ae0004da-34f8-4b82-a9fd-3d685536a207" testListId="8c84fa94-04c1-424b-9868-57a2d4851a1d" />
    <TestEntry testId="a42de255-353b-3499-e7ec-b18bd5c29a5c" executionId="319b6258-2394-4861-a230-fe30e92ddbe8" testListId="8c84fa94-04c1-424b-9868-57a2d4851a1d" />
    <TestEntry testId="7ebb6f6a-7f5e-646a-c7ce-f4daa5d5c8da" executionId="0eea2019-9b21-49b7-9a07-10799fe8696b" testListId="8c84fa94-04c1-424b-9868-57a2d4851a1d" />
    <TestEntry testId="c975fa8d-6f04-08d0-8773-8610e8c13dbc" executionId="a971b704-79a2-48d1-996e-9879f4ccd954" testListId="8c84fa94-04c1-424b-9868-57a2d4851a1d" />
    <TestEntry testId="9e63be9d-2216-71c5-83e2-51bd84dc8a93" executionId="1ff08e6c-81cc-44fd-ae13-0438d9a324c3" testListId="8c84fa94-04c1-424b-9868-57a2d4851a1d" />
    <TestEntry testId="ec6e182c-c60a-0650-a430-7ebc2fa1ec79" executionId="0545c186-798b-4bd9-9700-254a27711f9a" testListId="8c84fa94-04c1-424b-9868-57a2d4851a1d" />
    <TestEntry testId="dc1fd292-e174-668d-7833-c1854255d61a" executionId="a76a72f9-f718-40bd-ab8d-578988a11d66" testListId="8c84fa94-04c1-424b-9868-57a2d4851a1d" />
    <TestEntry testId="10efcc98-720a-6a51-bddb-12631de34c03" executionId="ca6fc42e-cda2-41b5-b109-1411dc844006" testListId="8c84fa94-04c1-424b-9868-57a2d4851a1d" />
    <TestEntry testId="3db6f0d8-c771-c240-10ba-4a04ab54fde2" executionId="77af77c8-391c-48f6-9629-7b6702c62fd7" testListId="8c84fa94-04c1-424b-9868-57a2d4851a1d" />
    <TestEntry testId="dbc25ad9-20cc-4d18-73ef-8500a4d4137f" executionId="99074859-bce2-491e-86e8-be34695940f4" testListId="8c84fa94-04c1-424b-9868-57a2d4851a1d" />
    <TestEntry testId="0f40bc61-c58f-06fd-9a7b-e081d001f46f" executionId="bdd76df6-ed06-42e9-9b94-05e74c2717ef" testListId="8c84fa94-04c1-424b-9868-57a2d4851a1d" />
    <TestEntry testId="68839c3f-a774-538d-b591-9a44c343225f" executionId="caf81097-d2a9-40be-b013-bc3e97da4a45" testListId="8c84fa94-04c1-424b-9868-57a2d4851a1d" />
    <TestEntry testId="7c94d89e-414e-9b49-035f-2b0ee891b6a0" executionId="06159f4c-167c-432d-b9e3-44156f4ddc70" testListId="8c84fa94-04c1-424b-9868-57a2d4851a1d" />
    <TestEntry testId="5d3ae8cd-0741-cea7-50c0-7e2ff7ad47a7" executionId="8d2169fd-9588-4826-8c18-e0d4f89451cc" testListId="8c84fa94-04c1-424b-9868-57a2d4851a1d" />
    <TestEntry testId="96d51fc2-2cbe-e312-cc7e-6899f3431cc7" executionId="c3c33537-76d6-4224-acf7-9c37f1aae514" testListId="8c84fa94-04c1-424b-9868-57a2d4851a1d" />
    <TestEntry testId="43fa12a9-d1b1-aa83-498c-58e3064824e3" executionId="e3a4607a-9fe0-419d-bb80-7fc788d01637" testListId="8c84fa94-04c1-424b-9868-57a2d4851a1d" />
    <TestEntry testId="9aaf4622-5926-683b-8683-a0f59ca6a06c" executionId="7f207dee-20a0-4c83-b79e-2153992927b9" testListId="8c84fa94-04c1-424b-9868-57a2d4851a1d" />
    <TestEntry testId="b9119b3f-c5c3-480d-71eb-f7bd5475dbde" executionId="69ed95c8-1d70-4f14-95e2-5a8f96963dd6" testListId="8c84fa94-04c1-424b-9868-57a2d4851a1d" />
    <TestEntry testId="18b9af22-bb6c-f1cc-eab9-198fe04c78c2" executionId="33189c00-f59e-4063-a159-e4c4adaf73f8" testListId="8c84fa94-04c1-424b-9868-57a2d4851a1d" />
    <TestEntry testId="68414986-0a7e-03e0-b752-7222fdf120b2" executionId="da1c0490-6c13-48de-86d2-82e9eda46ba6" testListId="8c84fa94-04c1-424b-9868-57a2d4851a1d" />
    <TestEntry testId="0bb9d93a-5004-9ba8-d379-d792df82598b" executionId="048c6907-a9fd-4170-afed-6e1d22c073cd" testListId="8c84fa94-04c1-424b-9868-57a2d4851a1d" />
    <TestEntry testId="c1d45865-15fa-0d84-a5d0-67059817b5ff" executionId="3c09d206-033a-46e4-ae88-7ce85785cb3c" testListId="8c84fa94-04c1-424b-9868-57a2d4851a1d" />
    <TestEntry testId="a1e9cff9-0f40-6b4c-39ab-33d20cd8c823" executionId="700dc392-82d1-4745-b4b4-6f701ccc50fd" testListId="8c84fa94-04c1-424b-9868-57a2d4851a1d" />
    <TestEntry testId="6b68b022-949d-c4fe-8f3f-d5c254031f0f" executionId="8c434695-9066-4a15-8013-92b7bc8fe33f" testListId="8c84fa94-04c1-424b-9868-57a2d4851a1d" />
    <TestEntry testId="a3089784-5b87-5aa6-6c29-ce468fd5b9ef" executionId="f8a42b3b-486a-45c5-8fe1-571cd3183e49" testListId="8c84fa94-04c1-424b-9868-57a2d4851a1d" />
    <TestEntry testId="62e0da8f-3c56-f977-affd-e0b646a454d7" executionId="1bb3a77b-1e8f-4fb7-8154-b8ae35d33e4a" testListId="8c84fa94-04c1-424b-9868-57a2d4851a1d" />
    <TestEntry testId="659d4a24-265a-327f-9e9b-0c30ee6ed7bd" executionId="697938d7-1aee-4adf-9c48-62bfa6322f18" testListId="8c84fa94-04c1-424b-9868-57a2d4851a1d" />
    <TestEntry testId="62bbe3ee-7e4f-b582-4e14-d8ceb77d972c" executionId="a5643b61-f63f-4273-85b5-1aa43b6be2cf" testListId="8c84fa94-04c1-424b-9868-57a2d4851a1d" />
    <TestEntry testId="8875b738-a9e1-7286-389a-f8981f6da4cd" executionId="1193aae7-87a4-4811-9c54-027cc02afdc0" testListId="8c84fa94-04c1-424b-9868-57a2d4851a1d" />
    <TestEntry testId="dc972d0b-90fa-0c97-701a-24ab8f8aec17" executionId="524fc7f2-2397-4731-b5ac-41af994a126f" testListId="8c84fa94-04c1-424b-9868-57a2d4851a1d" />
    <TestEntry testId="8a69bbb6-4d99-f1ab-2fdd-1eed357c20f0" executionId="2f069ed6-a0a6-4200-883d-e142feb30fff" testListId="8c84fa94-04c1-424b-9868-57a2d4851a1d" />
    <TestEntry testId="397c15b6-197a-94bc-9677-ba909165fd0f" executionId="445c0bdd-30c7-4143-96ed-b1c5712dc196" testListId="8c84fa94-04c1-424b-9868-57a2d4851a1d" />
    <TestEntry testId="0c1e1d3a-ed1f-c93a-037d-77d586b8b565" executionId="6785a232-f65a-4ba1-813a-5104803333bf" testListId="8c84fa94-04c1-424b-9868-57a2d4851a1d" />
    <TestEntry testId="e350673f-85c2-2b80-5566-6b75cc1a2d4b" executionId="4adb5fb3-d0e1-4250-b255-35f2e33ea115" testListId="8c84fa94-04c1-424b-9868-57a2d4851a1d" />
    <TestEntry testId="d289ff8a-f589-cd43-96ee-801082b894b3" executionId="7664c1b1-cc33-4f11-a5bd-d8620bae2022" testListId="8c84fa94-04c1-424b-9868-57a2d4851a1d" />
    <TestEntry testId="293f208d-a107-c0fc-0068-8de4f4577501" executionId="a3477822-b4d6-4eac-ae4e-c4eae29abcc0" testListId="8c84fa94-04c1-424b-9868-57a2d4851a1d" />
    <TestEntry testId="0881e79b-b33f-db23-4717-e6bc85ee2141" executionId="099b32f4-56bd-4228-8417-bdafcfb8e6fc" testListId="8c84fa94-04c1-424b-9868-57a2d4851a1d" />
    <TestEntry testId="0be364f3-65a8-13b6-624b-a54197fbf75c" executionId="2fee5c74-decd-4f78-954c-af8a3560d25b" testListId="8c84fa94-04c1-424b-9868-57a2d4851a1d" />
    <TestEntry testId="06174076-ef01-8d0d-830c-682ae858b24d" executionId="2b8624ee-f252-42e3-a1db-5ed320606359" testListId="8c84fa94-04c1-424b-9868-57a2d4851a1d" />
    <TestEntry testId="c0b96a1c-b0d5-ece3-3b78-6c5f48ca51fc" executionId="b8261a4a-3b35-4050-bf48-419bd2267cf2" testListId="8c84fa94-04c1-424b-9868-57a2d4851a1d" />
    <TestEntry testId="3a583449-4deb-358f-f880-2478ec9ff18a" executionId="4cdf54cc-5d22-4066-8fe2-14050882198d" testListId="8c84fa94-04c1-424b-9868-57a2d4851a1d" />
    <TestEntry testId="a0064dcf-0da1-ba4b-2406-1e7e76d7ad3a" executionId="4379b653-126c-4780-8f07-8153830db5c0" testListId="8c84fa94-04c1-424b-9868-57a2d4851a1d" />
    <TestEntry testId="ad962b0e-987d-63ea-d90a-c4db7582df00" executionId="af963471-5014-4411-9d91-52b1ce6cf153" testListId="8c84fa94-04c1-424b-9868-57a2d4851a1d" />
    <TestEntry testId="463ed80f-116f-24dc-3550-f13e45fe4889" executionId="b17ef27b-8445-490e-899f-376cad8a0440" testListId="8c84fa94-04c1-424b-9868-57a2d4851a1d" />
    <TestEntry testId="e22757cf-80d8-f279-1c8a-feb5a05eb919" executionId="41c2ab84-f497-4dd6-b028-5bfc0ff42ba6" testListId="8c84fa94-04c1-424b-9868-57a2d4851a1d" />
    <TestEntry testId="8a8663da-3c48-e3de-3195-bc33f43c17d1" executionId="daaa25a6-18d7-4e7d-82aa-ef7c0a0a6c75" testListId="8c84fa94-04c1-424b-9868-57a2d4851a1d" />
    <TestEntry testId="ad28a529-3946-ad0b-47a4-a29f47a70b12" executionId="29049d52-c16d-4a58-a25f-b0355a2911e6" testListId="8c84fa94-04c1-424b-9868-57a2d4851a1d" />
    <TestEntry testId="044b544f-c581-0c62-7f52-eaa9bd1b769a" executionId="63a3561b-bfe5-4818-a40a-afa5f4a3bcac" testListId="8c84fa94-04c1-424b-9868-57a2d4851a1d" />
    <TestEntry testId="6df640a9-0a50-74d8-fe7f-d3add40b9424" executionId="6263d382-b197-48f9-9f97-a9f28663ebab" testListId="8c84fa94-04c1-424b-9868-57a2d4851a1d" />
    <TestEntry testId="15a5142a-4ca9-8496-a1cc-4a1caca4c970" executionId="e8ec1ce2-48e3-465e-b2ad-f8450780f678" testListId="8c84fa94-04c1-424b-9868-57a2d4851a1d" />
    <TestEntry testId="fa078946-dda0-6ffb-816c-44fe3d4e229d" executionId="166b944b-40ee-46f1-b984-68c1ebc6210c" testListId="8c84fa94-04c1-424b-9868-57a2d4851a1d" />
    <TestEntry testId="cd1d2fd6-a556-1869-618e-8799c1c10a94" executionId="bfdedba2-b913-4b19-9aee-2aed9b404aa2" testListId="8c84fa94-04c1-424b-9868-57a2d4851a1d" />
    <TestEntry testId="b6380494-d08e-3475-91a8-7a07dd918969" executionId="5802331a-aaa5-431a-ada9-168d971cef69" testListId="8c84fa94-04c1-424b-9868-57a2d4851a1d" />
    <TestEntry testId="7788e309-ff81-f500-79ac-b11223af1ac3" executionId="039f8345-8ba8-40cd-b636-47a7a0361a25" testListId="8c84fa94-04c1-424b-9868-57a2d4851a1d" />
    <TestEntry testId="e4e5e009-82b4-9816-23f6-1a07109fff0d" executionId="19ee6a62-e6ea-451a-992a-7fd6c43ef899" testListId="8c84fa94-04c1-424b-9868-57a2d4851a1d" />
    <TestEntry testId="68f5557d-4bd5-ebae-3a22-537c1702d781" executionId="09e428c2-48be-49e4-9429-60ae293f2c95" testListId="8c84fa94-04c1-424b-9868-57a2d4851a1d" />
    <TestEntry testId="67b41555-668e-a38b-443d-e1d215565a3e" executionId="fa6deb3b-a597-45df-91c1-e575cd0943d7" testListId="8c84fa94-04c1-424b-9868-57a2d4851a1d" />
    <TestEntry testId="da6b7e5c-6d35-dc61-721a-7a973091e15b" executionId="adf7e654-502d-49f5-adf0-aaf3cae6d207" testListId="8c84fa94-04c1-424b-9868-57a2d4851a1d" />
    <TestEntry testId="0b769e09-4f15-c038-2979-f712635df491" executionId="c27b0b56-fd1a-4961-8c55-2a0658f3be70" testListId="8c84fa94-04c1-424b-9868-57a2d4851a1d" />
    <TestEntry testId="8cae6a56-454e-1e61-1b8f-eb89b356be64" executionId="b72feb39-74c3-4ad7-a12f-5dac6486c000" testListId="8c84fa94-04c1-424b-9868-57a2d4851a1d" />
    <TestEntry testId="976b8c92-7e7b-e3a1-3453-2a2b85e725d2" executionId="59398f9f-eb04-4260-acbf-64a8e0d79994" testListId="8c84fa94-04c1-424b-9868-57a2d4851a1d" />
    <TestEntry testId="42175a1a-5ae8-6563-c4c4-676e585caed0" executionId="f2e6712e-5521-40a3-88f8-18aa0866b335" testListId="8c84fa94-04c1-424b-9868-57a2d4851a1d" />
    <TestEntry testId="31a03b18-193d-f844-e92f-19d317699a01" executionId="8817996a-3e9b-4c1a-b12b-ffbe4c1b97d1" testListId="8c84fa94-04c1-424b-9868-57a2d4851a1d" />
    <TestEntry testId="7fa99fc8-4dae-9088-0c08-813290a88ab6" executionId="c797f25a-3f00-4c45-9547-2edcf8cfc4cc" testListId="8c84fa94-04c1-424b-9868-57a2d4851a1d" />
    <TestEntry testId="cd0e928a-8fb2-a8c8-3e57-58d7e6ebe361" executionId="cd3b4b00-8d34-4e7f-a209-cb136ae9160a" testListId="8c84fa94-04c1-424b-9868-57a2d4851a1d" />
    <TestEntry testId="3d5f10ab-1224-9509-ef72-ffed425cc301" executionId="db3aa5bb-369f-41c5-99aa-e6050a00e4d2" testListId="8c84fa94-04c1-424b-9868-57a2d4851a1d" />
    <TestEntry testId="61262ea9-2fff-4876-558f-09adf2a65523" executionId="c68c0bf3-0eea-4554-9014-9bbed64797d8" testListId="8c84fa94-04c1-424b-9868-57a2d4851a1d" />
    <TestEntry testId="935f282f-5819-0cbb-3d88-60d0430c3f25" executionId="05b9812b-a407-4a9d-a522-ff4c05247d2e" testListId="8c84fa94-04c1-424b-9868-57a2d4851a1d" />
    <TestEntry testId="6a35aa0d-9441-e9e5-f921-b7f637c9a652" executionId="bf9826e4-b5b4-474d-9a77-c97495e7daf7" testListId="8c84fa94-04c1-424b-9868-57a2d4851a1d" />
    <TestEntry testId="7b925fbb-7ac1-1fe4-4372-38c14ecc5242" executionId="1e3d4105-11eb-4d25-9231-268cb969639d" testListId="8c84fa94-04c1-424b-9868-57a2d4851a1d" />
    <TestEntry testId="5d87446d-b17e-e82f-a4a3-ee27c1dfacd1" executionId="8898ad0b-18f4-429a-a3ed-2d8365f6e31d" testListId="8c84fa94-04c1-424b-9868-57a2d4851a1d" />
    <TestEntry testId="97fbdc51-18ba-7aa5-3b45-4fad3a6c36f9" executionId="4f1e8086-9286-4b1b-a80f-707a56894665" testListId="8c84fa94-04c1-424b-9868-57a2d4851a1d" />
    <TestEntry testId="67088a0d-c95d-ee41-8d3c-5924cd7e11e1" executionId="442225b0-20a5-4b93-a929-53f3e52e10ae" testListId="8c84fa94-04c1-424b-9868-57a2d4851a1d" />
    <TestEntry testId="a8162811-15bd-d3de-ec39-97d82066ae3d" executionId="7924dac1-363d-4c49-8895-40d917f3eb9e" testListId="8c84fa94-04c1-424b-9868-57a2d4851a1d" />
    <TestEntry testId="52280e61-dcba-6f9b-6016-eff366e7d098" executionId="365124f9-c252-4078-acf0-514a890d41e7" testListId="8c84fa94-04c1-424b-9868-57a2d4851a1d" />
    <TestEntry testId="d6559df8-87d0-bb20-8032-f0a4e10719d7" executionId="392d2621-4736-4269-a445-a3a7d0480c16" testListId="8c84fa94-04c1-424b-9868-57a2d4851a1d" />
    <TestEntry testId="fde698c6-a194-d6bc-8c31-bc5b72af8298" executionId="e8e87c31-afc2-4906-ae80-3aa40ef25262" testListId="8c84fa94-04c1-424b-9868-57a2d4851a1d" />
    <TestEntry testId="f095befb-1220-164b-8d93-573101abd22c" executionId="321b99e8-0af1-4b73-ab6c-ed53340ef65c" testListId="8c84fa94-04c1-424b-9868-57a2d4851a1d" />
    <TestEntry testId="aa7cd316-bd03-8913-f5ff-bd80befd5e8b" executionId="a9c87255-d59f-43d7-b252-d17f9f4b1b8a" testListId="8c84fa94-04c1-424b-9868-57a2d4851a1d" />
    <TestEntry testId="6a5b7ab3-aa94-4efe-2c3f-1fc918bed002" executionId="823f643b-bee7-4e48-a127-5cf7f68b0b1a" testListId="8c84fa94-04c1-424b-9868-57a2d4851a1d" />
    <TestEntry testId="b837ebc0-f7ad-c47b-17b8-8695813cd0ae" executionId="181f8fcd-4df0-4c09-b23b-1e3a3ffd5c44" testListId="8c84fa94-04c1-424b-9868-57a2d4851a1d" />
    <TestEntry testId="a9799ecd-0497-10f5-66d2-b0667b4dc9d2" executionId="5ab5a463-347b-47bc-a98b-848175a2e725" testListId="8c84fa94-04c1-424b-9868-57a2d4851a1d" />
    <TestEntry testId="8f38f84f-ef7b-c71d-fc5d-8932529a4a0f" executionId="38d90cc9-aa7e-41f1-b61d-e67523a65ad5" testListId="8c84fa94-04c1-424b-9868-57a2d4851a1d" />
    <TestEntry testId="440fa337-372a-ba98-a915-98a687b17d8a" executionId="0041380f-920a-499c-9c52-e87eb522a1b1" testListId="8c84fa94-04c1-424b-9868-57a2d4851a1d" />
    <TestEntry testId="e10db072-c885-f638-cbd6-f0cb1d9146d0" executionId="6facc6c5-1c5d-4cfd-8260-766e49ea44df" testListId="8c84fa94-04c1-424b-9868-57a2d4851a1d" />
    <TestEntry testId="aa967bfa-3977-123e-a321-b0953779e966" executionId="c65f07c4-da0f-40b9-81ad-7cfc9794da26" testListId="8c84fa94-04c1-424b-9868-57a2d4851a1d" />
    <TestEntry testId="84ea0ecf-7538-7ba3-3591-e86fa59176ef" executionId="9b33763f-cd07-4270-b35d-9b12cddc29aa" testListId="8c84fa94-04c1-424b-9868-57a2d4851a1d" />
    <TestEntry testId="a75415d5-8f48-5b6a-949c-d1ac83acad3d" executionId="f60c8778-867d-4bdf-aee0-d921cb5cf922" testListId="8c84fa94-04c1-424b-9868-57a2d4851a1d" />
    <TestEntry testId="6e083e3d-bf62-ee30-d2f0-b17d35c633ea" executionId="d26e71e0-2f6d-4e7f-9ee1-6e5916365795" testListId="8c84fa94-04c1-424b-9868-57a2d4851a1d" />
    <TestEntry testId="3893bc09-628b-2605-fa37-7cfb280ed351" executionId="e52fdf0d-0325-4b42-8f29-6cafde1e65c9" testListId="8c84fa94-04c1-424b-9868-57a2d4851a1d" />
    <TestEntry testId="c17413ea-faf7-b84c-6a91-46a90eb83f24" executionId="58a30e2e-e48d-4c4d-9e39-18bdb1acddc9" testListId="8c84fa94-04c1-424b-9868-57a2d4851a1d" />
    <TestEntry testId="5cdbd0d9-c8bd-a61c-82a8-354b3f579fbb" executionId="e444c3bf-8671-4a7d-83ac-3f8fe96da93f" testListId="8c84fa94-04c1-424b-9868-57a2d4851a1d" />
    <TestEntry testId="c2275de9-9fb7-2d15-4e82-ae68930b46f3" executionId="3e6d9283-4646-46b8-b37d-1942904c863f" testListId="8c84fa94-04c1-424b-9868-57a2d4851a1d" />
    <TestEntry testId="b2b2d43b-9d87-4971-7001-e6990369b6c8" executionId="644b6297-3283-422c-8819-4cf33fe00fc5" testListId="8c84fa94-04c1-424b-9868-57a2d4851a1d" />
    <TestEntry testId="e58ef73c-b84c-961f-61e3-72952cd8cb8c" executionId="27b65629-f6b2-4526-98ea-35a0670e4d4e" testListId="8c84fa94-04c1-424b-9868-57a2d4851a1d" />
    <TestEntry testId="d2780117-34b2-66e8-9cc3-23cf0c600a02" executionId="ef4056c2-4c98-4fea-9c71-d385092e7064" testListId="8c84fa94-04c1-424b-9868-57a2d4851a1d" />
    <TestEntry testId="c47b0ccb-123e-8cec-2750-cacbc255e2ef" executionId="771b8c32-2f0e-4bb9-b7e6-317a2a1dddb7" testListId="8c84fa94-04c1-424b-9868-57a2d4851a1d" />
    <TestEntry testId="b789a227-1d2f-c14a-41cf-d52a7a553222" executionId="25850aa7-d5e6-4432-ac20-a4574815b65e" testListId="8c84fa94-04c1-424b-9868-57a2d4851a1d" />
    <TestEntry testId="15cecd1c-3b58-a036-2736-cf341db03f0a" executionId="864abac7-e2bc-4634-b568-ac628621d136" testListId="8c84fa94-04c1-424b-9868-57a2d4851a1d" />
    <TestEntry testId="40c0286b-652b-f4d2-04b7-183bee4a715e" executionId="a3ef1a2b-df27-4083-90c2-1a194ec9d208" testListId="8c84fa94-04c1-424b-9868-57a2d4851a1d" />
    <TestEntry testId="cd7a6560-e302-692e-ccee-28a759be3533" executionId="def6f466-c26f-4d06-baa3-c2d14019559f" testListId="8c84fa94-04c1-424b-9868-57a2d4851a1d" />
    <TestEntry testId="35a57cb6-17e3-2864-373a-0a8f0a5d8876" executionId="1491451b-3705-4234-a8dc-f496c168fe81" testListId="8c84fa94-04c1-424b-9868-57a2d4851a1d" />
    <TestEntry testId="545d08a7-8d4d-0e52-621a-4acb7e985873" executionId="b3cb094f-f48b-4704-8c4c-0ee2112f14eb" testListId="8c84fa94-04c1-424b-9868-57a2d4851a1d" />
    <TestEntry testId="3fce05ef-b530-f8da-eaa9-a5674fdfcd79" executionId="c8ceb887-4a6b-47d9-a9d8-b16e60dee398" testListId="8c84fa94-04c1-424b-9868-57a2d4851a1d" />
    <TestEntry testId="2e6d5115-26cc-6226-264b-6222e4689761" executionId="b1ac5cc3-0ded-4f33-987b-69389f090183" testListId="8c84fa94-04c1-424b-9868-57a2d4851a1d" />
    <TestEntry testId="426fd024-0e4c-9e4a-2e43-44c5266f80d0" executionId="5d0fabfe-4d71-451d-8db5-66ebaf38de00" testListId="8c84fa94-04c1-424b-9868-57a2d4851a1d" />
    <TestEntry testId="18ccdaf8-d982-0e82-d316-63446f746fd7" executionId="a3b8c25f-ef3e-4569-bf84-070f203a3ab2" testListId="8c84fa94-04c1-424b-9868-57a2d4851a1d" />
    <TestEntry testId="080800ed-e6da-eef9-42ef-0179d68c4004" executionId="0f161194-185c-4537-b3c9-f1fafeab5a4e" testListId="8c84fa94-04c1-424b-9868-57a2d4851a1d" />
    <TestEntry testId="541af543-8f89-e2a2-51fc-7ea5fad4d84e" executionId="d5465670-5801-4ae0-95dd-4971a340b653" testListId="8c84fa94-04c1-424b-9868-57a2d4851a1d" />
    <TestEntry testId="fd9e0efb-edb7-82bd-15c3-0c32bed5a7f0" executionId="c070f696-dfab-49ab-ae2b-f8d2e208141d" testListId="8c84fa94-04c1-424b-9868-57a2d4851a1d" />
    <TestEntry testId="64bf4ca0-c568-7784-9fd7-9241aca3c483" executionId="b0eb4853-057d-4627-9659-1e06ea7dc99c" testListId="8c84fa94-04c1-424b-9868-57a2d4851a1d" />
    <TestEntry testId="0a92ab9e-a0ef-5666-6bfc-bca43af1a11e" executionId="fe44a60b-ec8f-4a4f-9453-21b8573bf149" testListId="8c84fa94-04c1-424b-9868-57a2d4851a1d" />
    <TestEntry testId="052237df-54d9-31a7-0ab1-08aaf1d51da7" executionId="2467fa85-9f4a-4510-943e-7823edb5aeb4" testListId="8c84fa94-04c1-424b-9868-57a2d4851a1d" />
    <TestEntry testId="bfea60ac-0b86-e379-4adc-c41a2063908a" executionId="17602c62-bd97-4107-8c4e-22bbd4899d3e" testListId="8c84fa94-04c1-424b-9868-57a2d4851a1d" />
    <TestEntry testId="330836c9-cc9b-a4b7-a20d-ba9093f6b879" executionId="3745399c-6001-4e61-ad30-e727e62e4bc2" testListId="8c84fa94-04c1-424b-9868-57a2d4851a1d" />
    <TestEntry testId="14b61d2f-5443-8ef0-349e-b30883ba9c22" executionId="9c68a3f7-13b5-4d63-99c6-58fea415e0b7" testListId="8c84fa94-04c1-424b-9868-57a2d4851a1d" />
    <TestEntry testId="0b5213c6-1e29-5592-48df-383ab2a80365" executionId="af895f1d-d1e2-4ffb-bf9f-b8ef6e139f96" testListId="8c84fa94-04c1-424b-9868-57a2d4851a1d" />
    <TestEntry testId="7f634cbe-20c0-73ce-7a57-e27b44400638" executionId="d5740bcc-8abf-46a0-8096-4d15ca018f45" testListId="8c84fa94-04c1-424b-9868-57a2d4851a1d" />
    <TestEntry testId="ac1eb344-84dd-8e2f-e7fa-8afd6aaf6222" executionId="876d6148-390e-459e-9659-10adea83681c" testListId="8c84fa94-04c1-424b-9868-57a2d4851a1d" />
    <TestEntry testId="21fa9385-bfaf-d1fb-f620-6ac18f449c60" executionId="bf06f06d-d93a-4d56-8182-abdbffdab092" testListId="8c84fa94-04c1-424b-9868-57a2d4851a1d" />
    <TestEntry testId="b0ea56fc-56fe-34ff-f18f-05cf3640650e" executionId="f5497591-63cf-46dc-b852-50b88c390921" testListId="8c84fa94-04c1-424b-9868-57a2d4851a1d" />
    <TestEntry testId="7b3048fa-a67c-dc66-afa0-4a605a32dbf4" executionId="f3711881-0569-428b-b751-e8264f92f4ff" testListId="8c84fa94-04c1-424b-9868-57a2d4851a1d" />
    <TestEntry testId="737a55e3-02b4-11ec-a502-8f24217ffca3" executionId="c7fbec4b-ec69-4774-9979-c36dab0e1391" testListId="8c84fa94-04c1-424b-9868-57a2d4851a1d" />
    <TestEntry testId="cf5973cd-80eb-589d-6a2e-dee3a1384b97" executionId="4f93d131-2e5c-44eb-9ad0-9d301de19da4" testListId="8c84fa94-04c1-424b-9868-57a2d4851a1d" />
    <TestEntry testId="9be33bba-634e-2cc5-910a-418012d1f19f" executionId="96446b6c-dd59-47c1-acf2-0c2310875072" testListId="8c84fa94-04c1-424b-9868-57a2d4851a1d" />
    <TestEntry testId="cf0c75b1-044e-c5b0-ba75-3be411bef17a" executionId="9ec66a3f-4040-48e1-bb1c-203fe5efbb31" testListId="8c84fa94-04c1-424b-9868-57a2d4851a1d" />
    <TestEntry testId="f54a29ea-af6b-e415-7699-17daf9b39664" executionId="be03961c-7352-4db0-a124-975b8b5a3d09" testListId="8c84fa94-04c1-424b-9868-57a2d4851a1d" />
    <TestEntry testId="5f1d3042-4664-b398-297d-153c346ec0d1" executionId="ed8028ec-37fd-4553-8647-bff79d124995" testListId="8c84fa94-04c1-424b-9868-57a2d4851a1d" />
    <TestEntry testId="24a8c25f-b1c2-eba6-82b4-72c1adc9ee27" executionId="2687a522-bd74-4415-a7ad-333a2baeac0a" testListId="8c84fa94-04c1-424b-9868-57a2d4851a1d" />
    <TestEntry testId="eb2478e2-607b-274e-dc5e-7e8aa422b888" executionId="aab0c6d2-f010-42fe-9ddc-fcc6fe91010a" testListId="8c84fa94-04c1-424b-9868-57a2d4851a1d" />
    <TestEntry testId="0bab0433-8652-888f-3edd-7e1d722c4c52" executionId="5a661d53-97fc-4199-bb66-d9048c6bf40e" testListId="8c84fa94-04c1-424b-9868-57a2d4851a1d" />
    <TestEntry testId="7703e29a-ecc3-f42a-a3d8-2092764eb3f2" executionId="b90393f3-4d8b-494b-950f-c840cbccaa00" testListId="8c84fa94-04c1-424b-9868-57a2d4851a1d" />
    <TestEntry testId="fc5a0192-1741-4be7-8945-f2b66fb65285" executionId="1c043256-d33d-4b6a-95da-e71723da9bb9" testListId="8c84fa94-04c1-424b-9868-57a2d4851a1d" />
    <TestEntry testId="27c1e810-7452-20e9-bd4a-23699743a6c7" executionId="24bc7e22-2ab6-4245-883b-07a9c119c135" testListId="8c84fa94-04c1-424b-9868-57a2d4851a1d" />
    <TestEntry testId="70b9353b-f69e-de3b-fa95-c1f1c59d67f8" executionId="3f0834ce-568a-4966-b774-3946dc541fc5" testListId="8c84fa94-04c1-424b-9868-57a2d4851a1d" />
    <TestEntry testId="acaeb9e2-224e-f43f-7505-888da6b80f9b" executionId="d986b0d8-b112-4c8e-a6c5-8fd85481f0b4" testListId="8c84fa94-04c1-424b-9868-57a2d4851a1d" />
    <TestEntry testId="cc5dfcab-4777-b980-4145-e6c140db897c" executionId="6f104aab-e5c5-44a0-8d63-7def98fd38e1" testListId="8c84fa94-04c1-424b-9868-57a2d4851a1d" />
    <TestEntry testId="62294b79-fd57-1a57-9fa1-16dc542d0a4d" executionId="f0fc9f96-0f36-4879-896c-59e8e014a35d" testListId="8c84fa94-04c1-424b-9868-57a2d4851a1d" />
    <TestEntry testId="eb183710-44b3-ddea-c66c-e6cc35890656" executionId="984f7c48-83d5-4b3a-b193-527b8091bff5" testListId="8c84fa94-04c1-424b-9868-57a2d4851a1d" />
    <TestEntry testId="39259e78-217a-ffb2-6d1b-008e44172920" executionId="51c18284-5177-4901-8c94-7a4b925ac9e3" testListId="8c84fa94-04c1-424b-9868-57a2d4851a1d" />
    <TestEntry testId="6bf15edc-a1d0-adf1-a3aa-fde4bdad9f83" executionId="12cc6d09-271a-4454-b5d3-2685d6c2a067" testListId="8c84fa94-04c1-424b-9868-57a2d4851a1d" />
    <TestEntry testId="c3507766-2bd3-10ca-b445-c0f89ddb4b4f" executionId="82eca16f-a920-4feb-b5c2-94c0c90474c2" testListId="8c84fa94-04c1-424b-9868-57a2d4851a1d" />
    <TestEntry testId="07fa49d4-c8b1-adf8-33e0-cc2b0fe4e432" executionId="75ff73a4-b7c9-42e0-a214-0c6f9aeeb276" testListId="8c84fa94-04c1-424b-9868-57a2d4851a1d" />
    <TestEntry testId="dd9bb228-d729-118d-1416-75302d26e796" executionId="37defcf9-622e-4316-99ce-c78e761684af" testListId="8c84fa94-04c1-424b-9868-57a2d4851a1d" />
    <TestEntry testId="33580008-2ed0-6825-609a-d1d90403b659" executionId="1e5570fb-8f3d-4061-aabe-942338865ce8" testListId="8c84fa94-04c1-424b-9868-57a2d4851a1d" />
    <TestEntry testId="32e1fb9e-8eb8-101c-f28a-073547e7fa1e" executionId="962c552d-1371-45d4-831e-b076b1f3466e" testListId="8c84fa94-04c1-424b-9868-57a2d4851a1d" />
    <TestEntry testId="53dd47fd-4d1a-33e1-81d6-8e71ee72d54a" executionId="df69495f-d7bd-49e5-a5cc-896d97c3c285" testListId="8c84fa94-04c1-424b-9868-57a2d4851a1d" />
    <TestEntry testId="40f611b9-74bd-86c9-77cc-098126b9a943" executionId="221302a2-42f5-4458-9b27-643d893ca76a" testListId="8c84fa94-04c1-424b-9868-57a2d4851a1d" />
    <TestEntry testId="9229072f-c39c-5db3-f28b-10c8f4ae4c45" executionId="51244eee-27a1-49d4-acda-5a3ab82f20d9" testListId="8c84fa94-04c1-424b-9868-57a2d4851a1d" />
    <TestEntry testId="c2f6ebcb-6563-8bdd-b77e-91b902f7eb14" executionId="26305bd5-d658-4e1e-95f5-93ddd9b71265" testListId="8c84fa94-04c1-424b-9868-57a2d4851a1d" />
    <TestEntry testId="305837e1-d44c-5663-004e-044ac561be36" executionId="4279f8d6-ce80-4d5b-adc1-027106135c89" testListId="8c84fa94-04c1-424b-9868-57a2d4851a1d" />
    <TestEntry testId="5c447ad0-5dd2-2fa2-d091-548bf019cae3" executionId="34166cf5-1978-41fc-852f-fa5bd0fe034e" testListId="8c84fa94-04c1-424b-9868-57a2d4851a1d" />
    <TestEntry testId="34c289c0-6cda-cf85-24b7-8d07bcc44948" executionId="3e23a18b-414d-4467-9b72-0820c08256b9" testListId="8c84fa94-04c1-424b-9868-57a2d4851a1d" />
    <TestEntry testId="3ccfced6-2d87-0092-817f-624478d6bd44" executionId="14e15da3-7a1f-4ba2-be76-670001a56aba" testListId="8c84fa94-04c1-424b-9868-57a2d4851a1d" />
    <TestEntry testId="32528e28-da07-7f33-5050-a43afc1898ef" executionId="eb8e1722-bcf3-454e-819e-a3bde3db4021" testListId="8c84fa94-04c1-424b-9868-57a2d4851a1d" />
    <TestEntry testId="c4ce90f1-597d-a003-4d5c-b418943cb443" executionId="47967b1e-f7e3-4c31-836f-e1f4f7009159" testListId="8c84fa94-04c1-424b-9868-57a2d4851a1d" />
    <TestEntry testId="dacce14d-9756-2798-fd98-fb15b8b3c6f4" executionId="2d2263c1-f83b-4856-965c-5893e1e8a810" testListId="8c84fa94-04c1-424b-9868-57a2d4851a1d" />
    <TestEntry testId="f2ff9b13-7b8e-c847-8a5c-fd82e1ab203f" executionId="1cbdd0cb-65aa-4e65-ad88-30051d768559" testListId="8c84fa94-04c1-424b-9868-57a2d4851a1d" />
    <TestEntry testId="66035837-2c9f-2396-ee34-7f395303e812" executionId="969916a4-1cb2-463f-a3d5-9b345fa8f599" testListId="8c84fa94-04c1-424b-9868-57a2d4851a1d" />
    <TestEntry testId="58acdb8f-084b-2e15-dc3a-9f779a1645ce" executionId="8aa2d039-5305-42e5-9bb0-0a1758235270" testListId="8c84fa94-04c1-424b-9868-57a2d4851a1d" />
    <TestEntry testId="81e8c1a0-4900-8a66-1f87-0c131327f5b5" executionId="037cb85a-0aff-4be1-8c3c-b61c9a969e54" testListId="8c84fa94-04c1-424b-9868-57a2d4851a1d" />
    <TestEntry testId="5c99a102-e3d2-3ea7-d358-687ae3a56806" executionId="cf1b8c81-3467-4d42-b42b-233cc0e71973" testListId="8c84fa94-04c1-424b-9868-57a2d4851a1d" />
    <TestEntry testId="146594a1-db48-d7ad-577b-cf76cd9c279b" executionId="eb49a76c-23e6-4809-a2a3-c40343127016" testListId="8c84fa94-04c1-424b-9868-57a2d4851a1d" />
    <TestEntry testId="fb0f855b-006e-c67f-b9b6-ef310c289ea8" executionId="53feaee0-f05f-4a23-bb98-2269cd2eda4c" testListId="8c84fa94-04c1-424b-9868-57a2d4851a1d" />
    <TestEntry testId="1bf83f76-33b3-45e4-acc8-af80bf4d763b" executionId="d356c11d-05fd-4e6b-95bd-9cbfda8bafa1" testListId="8c84fa94-04c1-424b-9868-57a2d4851a1d" />
    <TestEntry testId="140c6661-e4ad-8b7b-ad2a-b9df65337e63" executionId="b7675bd4-91d7-4943-906a-a2a85b4bf7df" testListId="8c84fa94-04c1-424b-9868-57a2d4851a1d" />
    <TestEntry testId="ec920726-a9ee-dd71-1f12-1fd1c5e256bd" executionId="8052bb60-1ff2-4ed5-9a21-5aa180149fdb" testListId="8c84fa94-04c1-424b-9868-57a2d4851a1d" />
    <TestEntry testId="d1627721-b0c9-88e8-e34c-f6f72d59002d" executionId="9a2fb472-4041-4765-a73e-9f38e80262cb" testListId="8c84fa94-04c1-424b-9868-57a2d4851a1d" />
    <TestEntry testId="760478cf-2b2b-5f64-b097-3de30749bcb1" executionId="ff203f34-9638-4b65-87fa-44c948849dfc" testListId="8c84fa94-04c1-424b-9868-57a2d4851a1d" />
    <TestEntry testId="dfccf221-5403-2188-5503-aa835e99c003" executionId="da7197a6-11f2-4403-9a2c-590e9485e231" testListId="8c84fa94-04c1-424b-9868-57a2d4851a1d" />
    <TestEntry testId="5c70b94c-c2ae-ec2f-8c4d-56b452bbdede" executionId="2ccc7577-dafe-47dd-bd93-c899c72bba11" testListId="8c84fa94-04c1-424b-9868-57a2d4851a1d" />
    <TestEntry testId="38b98b35-19bc-eb4b-75ab-937f6e63a097" executionId="06c2cf4c-138d-4a36-a8fd-026ff6a7632d" testListId="8c84fa94-04c1-424b-9868-57a2d4851a1d" />
    <TestEntry testId="897d70f0-e357-0848-3b55-d93cbcae3720" executionId="675dfde3-603d-4d0b-be5b-0040fc1f6286" testListId="8c84fa94-04c1-424b-9868-57a2d4851a1d" />
    <TestEntry testId="4fc7265c-8aa9-4dcf-df19-f51dedafe8a7" executionId="efa6326e-dde7-41af-8265-34b2fa80560d" testListId="8c84fa94-04c1-424b-9868-57a2d4851a1d" />
    <TestEntry testId="bdfc35c1-636f-aaf9-5506-e97d44bad92c" executionId="64c4ea98-55d3-46b6-ad15-a75653ae3143" testListId="8c84fa94-04c1-424b-9868-57a2d4851a1d" />
    <TestEntry testId="08cc126a-cc1a-5bd0-28c8-0e116736d384" executionId="35e7b6ec-68cb-4719-be41-c216f6638955" testListId="8c84fa94-04c1-424b-9868-57a2d4851a1d" />
    <TestEntry testId="b43543d5-d01e-b4aa-3f27-43446c7c519e" executionId="ce8a9a01-4cce-42f3-8b8d-42c35791d4e7" testListId="8c84fa94-04c1-424b-9868-57a2d4851a1d" />
    <TestEntry testId="a2a93cec-e7b9-3a98-e5c4-9eb836279da9" executionId="2c73300b-aba7-4fa7-8d6d-124d2f77502d" testListId="8c84fa94-04c1-424b-9868-57a2d4851a1d" />
    <TestEntry testId="0f05d604-6e61-b82e-404f-e9831974b180" executionId="8d439887-4ded-4e4d-aa6d-f2ee54491da3" testListId="8c84fa94-04c1-424b-9868-57a2d4851a1d" />
    <TestEntry testId="10e89e15-b12c-9a1c-de4d-304fe06f5a55" executionId="9d03b2a2-e4ef-4676-ba9e-a1b5f9192e59" testListId="8c84fa94-04c1-424b-9868-57a2d4851a1d" />
    <TestEntry testId="19d3a582-cf55-1f18-55fd-1cbf218e3c1b" executionId="ed872b1c-5d22-4cce-8de8-b82411d1e410" testListId="8c84fa94-04c1-424b-9868-57a2d4851a1d" />
    <TestEntry testId="720ee8ed-0afb-0470-9fbb-161042f20ddf" executionId="fe046deb-9224-4c79-8323-278903d6e8a3" testListId="8c84fa94-04c1-424b-9868-57a2d4851a1d" />
    <TestEntry testId="3ff8a29f-4ec9-3263-91de-91e09cf1f36e" executionId="809efc55-47fc-47e1-a7d5-bbdbebfe0a36" testListId="8c84fa94-04c1-424b-9868-57a2d4851a1d" />
    <TestEntry testId="32d6ffa9-650f-d191-f967-674b238db8fa" executionId="aa6dba6a-03f7-4c3c-b818-204d6d8425a3" testListId="8c84fa94-04c1-424b-9868-57a2d4851a1d" />
    <TestEntry testId="9cbeee60-77f5-68fc-bc08-e8da5217124f" executionId="f08d045a-c945-4487-a2b5-874c7d1f3693" testListId="8c84fa94-04c1-424b-9868-57a2d4851a1d" />
    <TestEntry testId="f06647ee-695a-1441-d113-3b9b8eb3748f" executionId="1731cd16-07c1-4eee-9710-bbd35a50de1a" testListId="8c84fa94-04c1-424b-9868-57a2d4851a1d" />
    <TestEntry testId="c3ec86b5-5bf1-4537-a0ad-cbb701960818" executionId="e79a0183-e786-4354-a582-50d9e4bf7649" testListId="8c84fa94-04c1-424b-9868-57a2d4851a1d" />
    <TestEntry testId="42e108f3-1735-015e-fab8-d9a77a62ea31" executionId="b0172f43-a9bc-4779-b579-8e51c8e644d3" testListId="8c84fa94-04c1-424b-9868-57a2d4851a1d" />
    <TestEntry testId="6fe02979-6afc-53d3-587b-e4a584169c47" executionId="b38c7e5e-73dd-454c-b319-f0d9b7b377f5" testListId="8c84fa94-04c1-424b-9868-57a2d4851a1d" />
    <TestEntry testId="fb06ac1d-f4a6-d9b4-8722-be97dde4c78f" executionId="39651430-2351-4e0e-b357-2537965f0d42" testListId="8c84fa94-04c1-424b-9868-57a2d4851a1d" />
    <TestEntry testId="005c4048-bbfa-5fd2-6e76-51731c50383b" executionId="d6d4bdec-9836-4e5b-b640-b91a3deee576" testListId="8c84fa94-04c1-424b-9868-57a2d4851a1d" />
    <TestEntry testId="65da1668-3a91-f115-848c-a9bc5ab5e95f" executionId="521e3a57-68bc-4e2a-b4e8-697415cc0e55" testListId="8c84fa94-04c1-424b-9868-57a2d4851a1d" />
    <TestEntry testId="1740de10-354e-b6a5-4be9-5a10b5a730b3" executionId="f480f487-0c2b-4afc-ab81-9c2589019120" testListId="8c84fa94-04c1-424b-9868-57a2d4851a1d" />
    <TestEntry testId="9603f266-e6e4-b592-6c00-2621c8820864" executionId="e31f7f3b-3172-45ea-a8e8-ebc1f73e635e" testListId="8c84fa94-04c1-424b-9868-57a2d4851a1d" />
    <TestEntry testId="9201c682-a830-2984-3517-d5fbfb383f4a" executionId="fb62e91b-3506-49fc-b7d5-3e4c94d582bb" testListId="8c84fa94-04c1-424b-9868-57a2d4851a1d" />
    <TestEntry testId="55879e88-00c8-60e5-e0db-26c24e4c9b0f" executionId="5cf7724d-0a2a-4b52-8845-0ff38aa7cf77" testListId="8c84fa94-04c1-424b-9868-57a2d4851a1d" />
    <TestEntry testId="be7d7f3c-32c0-1ba5-667f-eebdbcb535c4" executionId="24401980-a186-4538-b62c-aee069f75593" testListId="8c84fa94-04c1-424b-9868-57a2d4851a1d" />
    <TestEntry testId="f278ce31-b96d-473d-9186-28e37d813604" executionId="4442f3d8-c61f-42a7-a500-831e192406c9" testListId="8c84fa94-04c1-424b-9868-57a2d4851a1d" />
    <TestEntry testId="64385f08-1561-0f65-f649-9eea3016a34f" executionId="25051a45-6bed-4a65-91c1-ff96183d5391" testListId="8c84fa94-04c1-424b-9868-57a2d4851a1d" />
    <TestEntry testId="76c66eeb-a2f8-48cc-26cc-ff5958f96fde" executionId="0f9fc40a-14d5-4039-a4b3-91cd2ba7253e" testListId="8c84fa94-04c1-424b-9868-57a2d4851a1d" />
    <TestEntry testId="af0f43ee-ce4a-d402-680c-1c0e37479db8" executionId="1ea45ea8-93e8-4193-8b08-97fb6636eb33" testListId="8c84fa94-04c1-424b-9868-57a2d4851a1d" />
    <TestEntry testId="4bcbb7d4-08c1-9252-8fa2-fa28745614be" executionId="1f59ea7e-7366-40f8-a160-b6dcd4062f2e" testListId="8c84fa94-04c1-424b-9868-57a2d4851a1d" />
    <TestEntry testId="d05873bf-41ef-0bcf-a99f-bd7e3fdc9082" executionId="2c62d828-4b99-48ad-a57f-8ff5c147c476" testListId="8c84fa94-04c1-424b-9868-57a2d4851a1d" />
    <TestEntry testId="c59043ee-e462-ae6f-68e0-aa6381ac3c86" executionId="f57e76a6-0304-4e8d-a566-f95c223ab4d5" testListId="8c84fa94-04c1-424b-9868-57a2d4851a1d" />
    <TestEntry testId="1102b248-ebc3-17f0-ceef-32b216ce1ff2" executionId="9258eb73-af4d-4578-9b08-cfe1de10e2f5" testListId="8c84fa94-04c1-424b-9868-57a2d4851a1d" />
    <TestEntry testId="a9cc89a4-8213-a4b1-7484-4879815a89dd" executionId="003d433f-538d-4a85-a4ff-f04639fa5985" testListId="8c84fa94-04c1-424b-9868-57a2d4851a1d" />
    <TestEntry testId="7ce3bd1f-17a2-67ea-14e3-54128c33634a" executionId="9106ca38-e705-413a-93a3-36e3fef180f2" testListId="8c84fa94-04c1-424b-9868-57a2d4851a1d" />
    <TestEntry testId="f03417c3-eb2e-18cd-8003-c8d213c40e6f" executionId="33b88150-c2c0-4fae-bd96-cb871c2481f9" testListId="8c84fa94-04c1-424b-9868-57a2d4851a1d" />
    <TestEntry testId="4d5586b3-8531-2268-4fb4-39aa8e9235b0" executionId="6b1de6f5-62ab-40d3-bd60-909b58054e03" testListId="8c84fa94-04c1-424b-9868-57a2d4851a1d" />
    <TestEntry testId="54ffe172-8cbc-abe9-397c-f61d23185047" executionId="3f043c96-f573-46b8-922c-7165136a9175" testListId="8c84fa94-04c1-424b-9868-57a2d4851a1d" />
    <TestEntry testId="e5f2cf6d-a0ae-d38c-0dc9-b08cf977bee2" executionId="e7772f42-39b9-4374-a9bb-4335421cae59" testListId="8c84fa94-04c1-424b-9868-57a2d4851a1d" />
    <TestEntry testId="9a98e390-44f3-131c-5fc0-966dedface8e" executionId="fee62a71-0c2e-4ad5-a1b1-eeed70198002" testListId="8c84fa94-04c1-424b-9868-57a2d4851a1d" />
    <TestEntry testId="5a26cd62-bdfd-afb4-b17e-eb94ffbff81b" executionId="c2bff025-9766-4bbb-ac7a-ea6f9d4cc40d" testListId="8c84fa94-04c1-424b-9868-57a2d4851a1d" />
    <TestEntry testId="774975d0-338f-cf44-fe77-bf25f6734c5b" executionId="f1636284-af66-414f-b605-1bd908f6ebb7" testListId="8c84fa94-04c1-424b-9868-57a2d4851a1d" />
    <TestEntry testId="48eac079-0542-ec87-ddd8-945c77d287cd" executionId="fed6b85b-dec3-4bb7-ba3a-c9662dbefe5a" testListId="8c84fa94-04c1-424b-9868-57a2d4851a1d" />
    <TestEntry testId="1cd3273e-4fe1-8213-74a3-0afca1364b2a" executionId="e3588ef0-e5a6-415d-a77a-bf528527edde" testListId="8c84fa94-04c1-424b-9868-57a2d4851a1d" />
    <TestEntry testId="c89277b5-bdbb-4718-3fdc-952f1cd089bd" executionId="134d05c4-d32a-41b4-b36e-04f2a4bd1b85" testListId="8c84fa94-04c1-424b-9868-57a2d4851a1d" />
    <TestEntry testId="1bbd120c-214c-3ef2-991f-c7ebd3d57ae2" executionId="ec2274cd-bf6b-4053-b490-a64fa3cae9e9" testListId="8c84fa94-04c1-424b-9868-57a2d4851a1d" />
    <TestEntry testId="e0743512-14b2-153f-50d2-6849d822eb82" executionId="3d59cd19-1578-4e95-ad65-301bc2e1a500" testListId="8c84fa94-04c1-424b-9868-57a2d4851a1d" />
    <TestEntry testId="179839b6-b471-f653-0f2c-79b9d0414c3f" executionId="9d459b7d-6b05-4491-b46d-3b1529096f5e" testListId="8c84fa94-04c1-424b-9868-57a2d4851a1d" />
    <TestEntry testId="3b7c8552-7a62-bee2-027f-19ba6bd6ceca" executionId="48d6da30-1a4a-4877-a93a-aa86020af1f9" testListId="8c84fa94-04c1-424b-9868-57a2d4851a1d" />
    <TestEntry testId="7290edfd-63e4-ce1e-5e90-49404c4483db" executionId="5d1a8710-1918-4378-9dce-de5fd1b20bc9" testListId="8c84fa94-04c1-424b-9868-57a2d4851a1d" />
    <TestEntry testId="1785bf0a-686c-ffbf-697b-cc5c423923de" executionId="6929a693-b225-453c-8b7c-d54999658efb" testListId="8c84fa94-04c1-424b-9868-57a2d4851a1d" />
    <TestEntry testId="21dd4ab4-8f48-2c5a-854c-4eb0b036ad99" executionId="abc5d902-d62e-48f0-8c82-3672bc99a254" testListId="8c84fa94-04c1-424b-9868-57a2d4851a1d" />
    <TestEntry testId="ad47bd46-9837-73d0-5609-780aff02d505" executionId="94ebc771-be90-4d81-9ed4-11c3d14099a6" testListId="8c84fa94-04c1-424b-9868-57a2d4851a1d" />
    <TestEntry testId="90a2670f-70e3-342d-ffb1-12b2148b7041" executionId="0edda7e1-12d8-45c0-addb-7fef8998be0c" testListId="8c84fa94-04c1-424b-9868-57a2d4851a1d" />
    <TestEntry testId="4eb0c9c9-741e-7fa6-9c80-5eed459fb9fe" executionId="170278f0-9275-4898-bff6-7368902fdc4c" testListId="8c84fa94-04c1-424b-9868-57a2d4851a1d" />
    <TestEntry testId="3fc54712-5186-4bec-f033-21016fea98fa" executionId="db45d057-13fd-4c74-8b7f-4d0447a2f149" testListId="8c84fa94-04c1-424b-9868-57a2d4851a1d" />
    <TestEntry testId="90272f82-6dbb-9ffb-b9a3-664aee5c00a3" executionId="2cb48c90-6b46-48d2-a20c-54da048c43c0" testListId="8c84fa94-04c1-424b-9868-57a2d4851a1d" />
    <TestEntry testId="61e3c009-6d40-f26a-bfa1-a7b30d7f5bbd" executionId="d155f9d6-7de6-4543-a459-1a551cf3a75d" testListId="8c84fa94-04c1-424b-9868-57a2d4851a1d" />
    <TestEntry testId="b3df3f39-3ac5-afed-24ec-7a145316d997" executionId="6bd0f773-cc07-4326-b1bf-c47117702524" testListId="8c84fa94-04c1-424b-9868-57a2d4851a1d" />
    <TestEntry testId="c1f74549-0e3d-e32b-3c71-cedfb9c5eef0" executionId="c950be81-82ea-41c2-a894-38992968a290" testListId="8c84fa94-04c1-424b-9868-57a2d4851a1d" />
    <TestEntry testId="1e01348f-4956-9c30-5322-aed75f85144b" executionId="025d5f37-7084-43c1-9fc0-549f92b08b02" testListId="8c84fa94-04c1-424b-9868-57a2d4851a1d" />
    <TestEntry testId="d63150eb-a494-247f-04af-e8e69519f739" executionId="56bd7855-c758-4af3-a994-5770c770fc7c" testListId="8c84fa94-04c1-424b-9868-57a2d4851a1d" />
    <TestEntry testId="1b922494-8fe6-7989-fdba-e8485055ed6f" executionId="7d670f8a-96ae-48d2-a689-6b1e155da1b5" testListId="8c84fa94-04c1-424b-9868-57a2d4851a1d" />
    <TestEntry testId="b09c7353-a02d-ff9f-8437-0ec01da8590a" executionId="b77028f0-0efc-490b-9d9d-dc3d728aacb3" testListId="8c84fa94-04c1-424b-9868-57a2d4851a1d" />
    <TestEntry testId="251b347e-5118-6923-54c2-687fcb9f9027" executionId="6df4213c-1703-4982-b7d4-c816264f4edd" testListId="8c84fa94-04c1-424b-9868-57a2d4851a1d" />
    <TestEntry testId="a7bf999b-c611-25a7-2ff7-438675e1866f" executionId="e1780766-c442-431c-a863-c561c04aba56" testListId="8c84fa94-04c1-424b-9868-57a2d4851a1d" />
    <TestEntry testId="c3f2a1aa-ab89-7f2c-6103-bf1d2150d50b" executionId="e40c88ac-725b-4dd5-ba3c-823148367266" testListId="8c84fa94-04c1-424b-9868-57a2d4851a1d" />
    <TestEntry testId="6c89edff-e640-ffef-eff3-e38e5c9bbb28" executionId="ce609a83-8204-427b-acd0-2f68fc8a8cdc" testListId="8c84fa94-04c1-424b-9868-57a2d4851a1d" />
    <TestEntry testId="a986cdd1-f3b8-291d-b1aa-90291a659d05" executionId="089b3ef0-d654-43ae-915b-abe93bc95950" testListId="8c84fa94-04c1-424b-9868-57a2d4851a1d" />
    <TestEntry testId="0e7ca7c3-2900-8d7a-24b0-844e128831dd" executionId="84d58abf-31eb-4bc7-a975-284e094c5c38" testListId="8c84fa94-04c1-424b-9868-57a2d4851a1d" />
    <TestEntry testId="1eb53537-afef-d5dd-debc-6b9152b2f955" executionId="744009c5-513d-4eed-835a-1f982d7e1a28" testListId="8c84fa94-04c1-424b-9868-57a2d4851a1d" />
    <TestEntry testId="9cded436-df00-a929-7b4b-3c1f500b64fe" executionId="382241e9-569e-4593-9ac1-dd8eb6393e8b" testListId="8c84fa94-04c1-424b-9868-57a2d4851a1d" />
    <TestEntry testId="c78e11d7-0167-713c-2051-cb0d25992222" executionId="e9cc869a-c955-4e61-8e6a-c2b94da094d1" testListId="8c84fa94-04c1-424b-9868-57a2d4851a1d" />
    <TestEntry testId="b6b829e1-8625-e08b-65bd-cadec1f50563" executionId="3b0c8382-b3ee-4606-b20b-c5fa16223b0c" testListId="8c84fa94-04c1-424b-9868-57a2d4851a1d" />
    <TestEntry testId="9292478f-daf1-afe9-9c29-f4faf9350c76" executionId="fcda2d11-1495-4302-a680-d1ecdeadc575" testListId="8c84fa94-04c1-424b-9868-57a2d4851a1d" />
    <TestEntry testId="e5d77a31-6b9f-c926-244b-f6a80ab8552d" executionId="f30b0214-087c-4672-8b61-9a46ab92e1cf" testListId="8c84fa94-04c1-424b-9868-57a2d4851a1d" />
    <TestEntry testId="c639d279-f201-87fa-87e4-d4046a905790" executionId="1525b3f2-e5cb-47b9-9c9b-fd5df4b0d548" testListId="8c84fa94-04c1-424b-9868-57a2d4851a1d" />
    <TestEntry testId="0d6a360b-80b2-0c9f-819e-6ddc1b403d2d" executionId="06b16167-3332-451c-9d10-5d7b3060fedb" testListId="8c84fa94-04c1-424b-9868-57a2d4851a1d" />
    <TestEntry testId="cfc09053-dd65-09af-3398-2d1e903d515a" executionId="c8bf44fc-b4fd-4d97-8e84-8903054423c0" testListId="8c84fa94-04c1-424b-9868-57a2d4851a1d" />
    <TestEntry testId="e56c92d2-c559-22db-a2e2-d0987b0def17" executionId="43dd82c2-bd54-48ad-a305-1041a7a94eec" testListId="8c84fa94-04c1-424b-9868-57a2d4851a1d" />
    <TestEntry testId="1bb65b8b-a8a2-1654-89b4-e0a9b34ce5a7" executionId="74035bc8-2023-4520-926e-7d918e50b30e" testListId="8c84fa94-04c1-424b-9868-57a2d4851a1d" />
    <TestEntry testId="df8b49a4-30ab-6656-067f-36c17b41346a" executionId="b92eba9c-0a7c-46e8-a328-5a991f48e57d" testListId="8c84fa94-04c1-424b-9868-57a2d4851a1d" />
    <TestEntry testId="1d3f650d-9d95-7992-7547-1b0a5cf1f2ec" executionId="3543bc19-4c88-479b-966a-b96f10c61af6" testListId="8c84fa94-04c1-424b-9868-57a2d4851a1d" />
    <TestEntry testId="890cd7d3-d5de-1eb5-735a-80921ce3d8c1" executionId="e7dfd1d2-49a6-45c5-9d41-be56e6c7f279" testListId="8c84fa94-04c1-424b-9868-57a2d4851a1d" />
    <TestEntry testId="b8276ba3-7850-cbef-143f-fbd86d2ed190" executionId="43313eba-0ad3-4e96-8c19-3f4c6fd7e72c" testListId="8c84fa94-04c1-424b-9868-57a2d4851a1d" />
    <TestEntry testId="cad83f52-1e7f-4b34-02e2-b7d439893234" executionId="f494eb23-99a3-4ea1-be06-6ef64edf3ca6" testListId="8c84fa94-04c1-424b-9868-57a2d4851a1d" />
    <TestEntry testId="b033676b-8032-936f-8e94-1ff7304e27d8" executionId="2e4bffd5-07b2-4769-90a3-09f958e7a281" testListId="8c84fa94-04c1-424b-9868-57a2d4851a1d" />
    <TestEntry testId="dbc5d189-251d-e27f-7817-a46019f321c1" executionId="e67a7976-5a69-4c1b-8027-6244b1c30fec" testListId="8c84fa94-04c1-424b-9868-57a2d4851a1d" />
    <TestEntry testId="2de77298-4b39-f702-f7c5-8b8c0ceb02ec" executionId="6293d6dc-5819-411e-ac83-91633c87521f" testListId="8c84fa94-04c1-424b-9868-57a2d4851a1d" />
    <TestEntry testId="7d1d1f41-0e54-d040-359b-6620ce0f7c85" executionId="0a8ca36c-a193-4620-aeb7-bed076fc0f83" testListId="8c84fa94-04c1-424b-9868-57a2d4851a1d" />
    <TestEntry testId="f880bae4-ac7b-09b5-228d-aaaa54c0b1c6" executionId="8a2697fa-a20d-463b-a945-5deff30b0cdf" testListId="8c84fa94-04c1-424b-9868-57a2d4851a1d" />
    <TestEntry testId="e752e0ff-bfc6-c186-6be7-f4690c294e87" executionId="563ac64b-d25f-4b38-9a5d-7506c8e2a5af" testListId="8c84fa94-04c1-424b-9868-57a2d4851a1d" />
    <TestEntry testId="20233fe2-b748-308d-725e-1b3b65fd4fc4" executionId="2490ead9-4bdb-4a35-a2a8-a21e2e84176a" testListId="8c84fa94-04c1-424b-9868-57a2d4851a1d" />
    <TestEntry testId="3bd4e091-3cac-addc-1c5e-6f943e11b33f" executionId="0896e3a1-b343-452a-81eb-42910bbe2d0d" testListId="8c84fa94-04c1-424b-9868-57a2d4851a1d" />
    <TestEntry testId="c26d542a-727f-65ee-bb48-832c01f872f6" executionId="430a8d75-a74d-47b1-856b-bec3bbf77d0f" testListId="8c84fa94-04c1-424b-9868-57a2d4851a1d" />
    <TestEntry testId="9cad257c-1706-051d-28c1-76f19f896117" executionId="8108e1b9-fdf1-44b6-ba85-3ad72212dc4a" testListId="8c84fa94-04c1-424b-9868-57a2d4851a1d" />
    <TestEntry testId="a029b495-55fb-1eb3-c134-9a8d61753adb" executionId="774b698d-f14d-440d-83b8-17408a760f00" testListId="8c84fa94-04c1-424b-9868-57a2d4851a1d" />
    <TestEntry testId="85b75f82-e414-01aa-d88b-66e9836d44fd" executionId="a76b33db-88cf-48b7-8dcd-11171f0c834a" testListId="8c84fa94-04c1-424b-9868-57a2d4851a1d" />
    <TestEntry testId="1482937b-f549-7dda-39ff-c1d0353b5bf2" executionId="364d981a-42f1-4dca-b950-4ec2141e7609" testListId="8c84fa94-04c1-424b-9868-57a2d4851a1d" />
    <TestEntry testId="d2e27528-7e9c-f741-028a-9dd7eea4c92c" executionId="2172fab4-c833-4e84-bf7e-9eb82e843c92" testListId="8c84fa94-04c1-424b-9868-57a2d4851a1d" />
    <TestEntry testId="6f2af74d-bdba-e05e-77aa-b08f726c1ddf" executionId="9a4e3b0f-69a2-434e-b7a8-a5b7b5de40dc" testListId="8c84fa94-04c1-424b-9868-57a2d4851a1d" />
    <TestEntry testId="5af855bd-1073-0abf-ad45-fc121c142707" executionId="051c11b4-3de5-4f89-a21a-ed35a4314dae" testListId="8c84fa94-04c1-424b-9868-57a2d4851a1d" />
    <TestEntry testId="27f0a424-dd24-08ba-788b-f15f39b1c327" executionId="796ca923-c315-4958-a5fa-0faa8691c1f6" testListId="8c84fa94-04c1-424b-9868-57a2d4851a1d" />
    <TestEntry testId="212d269e-e227-2ffb-7701-8181bcaf4ecf" executionId="efd0f85f-743d-4516-874d-443d161c2066" testListId="8c84fa94-04c1-424b-9868-57a2d4851a1d" />
    <TestEntry testId="69b55b39-a9d9-76d0-7e5a-7249ce9b54b6" executionId="360c153f-49dc-4dcf-9a29-3992946861f4" testListId="8c84fa94-04c1-424b-9868-57a2d4851a1d" />
    <TestEntry testId="c1ccc07e-0232-8793-44eb-68dba00ee95d" executionId="ffe50e18-71f3-4392-95e5-8aff1c98a399" testListId="8c84fa94-04c1-424b-9868-57a2d4851a1d" />
    <TestEntry testId="21e526f6-3a3a-f300-e830-472a0f6e7a82" executionId="80158590-bce7-46a2-a7eb-955134c5b833" testListId="8c84fa94-04c1-424b-9868-57a2d4851a1d" />
    <TestEntry testId="736d2983-eeff-1045-0cd2-2e53a996df06" executionId="d31b22ee-e0fc-40a9-a937-2ce81e2d2390" testListId="8c84fa94-04c1-424b-9868-57a2d4851a1d" />
    <TestEntry testId="0f85e31c-250d-2fd6-59ef-88556968bdb6" executionId="7b4da8ff-4cf5-4497-a5ba-cbe13a340733" testListId="8c84fa94-04c1-424b-9868-57a2d4851a1d" />
    <TestEntry testId="222dc4eb-8a5f-bb70-a6c0-96da1bd8a35a" executionId="1fa520d0-f303-4925-9a2e-e7af23bfe5c5" testListId="8c84fa94-04c1-424b-9868-57a2d4851a1d" />
    <TestEntry testId="55e8e49d-3677-ba1c-fee3-b06a721808bd" executionId="fcf3dcc3-52ca-4db4-b7da-a353037dcc7f" testListId="8c84fa94-04c1-424b-9868-57a2d4851a1d" />
    <TestEntry testId="b48b0061-7548-695a-aa72-eca672007f65" executionId="c70f3319-3f6f-40e1-af38-de831fa3c18c" testListId="8c84fa94-04c1-424b-9868-57a2d4851a1d" />
    <TestEntry testId="2b383535-8d75-6079-a3dc-080857154651" executionId="904b03a6-3bb8-42f0-9978-77eb08ff73dd" testListId="8c84fa94-04c1-424b-9868-57a2d4851a1d" />
    <TestEntry testId="fd290f76-7b88-41f1-16eb-aef97d9a9bcf" executionId="f1aea853-e62e-4243-970e-8089657c607a" testListId="8c84fa94-04c1-424b-9868-57a2d4851a1d" />
    <TestEntry testId="a768137e-5549-c79d-d4cb-ddd67ba25589" executionId="d1ba41cd-5cf6-4099-944a-3301b66df5ff" testListId="8c84fa94-04c1-424b-9868-57a2d4851a1d" />
    <TestEntry testId="50a956ce-9348-bb74-74bb-95ec2b1592c0" executionId="3d2c67b5-2449-43fb-9ac1-50766c08d1cd" testListId="8c84fa94-04c1-424b-9868-57a2d4851a1d" />
    <TestEntry testId="793b121d-bd99-21ec-f905-c7a3bfbc43cf" executionId="8c6e8f0c-6bb3-49e2-b7f4-062e7ac0b2ec" testListId="8c84fa94-04c1-424b-9868-57a2d4851a1d" />
    <TestEntry testId="a64f7a70-ec8c-8ab6-7e45-ca9fa7e2c2a4" executionId="29cb1232-28d3-4c55-bf8e-00c5c8923383" testListId="8c84fa94-04c1-424b-9868-57a2d4851a1d" />
    <TestEntry testId="5e058ca8-2071-8aca-94cf-089b17b5ab0d" executionId="4cc897e2-5086-4f27-9ef0-5bb9555200f3" testListId="8c84fa94-04c1-424b-9868-57a2d4851a1d" />
    <TestEntry testId="d1c5438f-f6a6-ca91-e27b-7a97a7b2a283" executionId="704a05be-fbc4-46e3-90ed-3ce44c02a7f7" testListId="8c84fa94-04c1-424b-9868-57a2d4851a1d" />
    <TestEntry testId="96ff7aa1-841c-ccfd-6ea5-bb02ee21f492" executionId="066fae13-6825-4ee3-be82-d3d7500f16ca" testListId="8c84fa94-04c1-424b-9868-57a2d4851a1d" />
    <TestEntry testId="f5086738-fff1-9285-cf60-e3b17196cf32" executionId="1eb9ebda-87ae-426b-b7e9-8a390dc20a56" testListId="8c84fa94-04c1-424b-9868-57a2d4851a1d" />
    <TestEntry testId="0051d3fc-603f-a4f9-2245-785a8218fbf1" executionId="ca3d1a54-6db6-42cd-9ccd-142c19e47de7" testListId="8c84fa94-04c1-424b-9868-57a2d4851a1d" />
    <TestEntry testId="1677c45e-088d-ae58-08dc-ccdb32d9ca65" executionId="c814dbce-d899-439f-945d-8b60e5b34b83" testListId="8c84fa94-04c1-424b-9868-57a2d4851a1d" />
    <TestEntry testId="1ebf1719-320f-c38b-2f84-2a795fe44eb1" executionId="a15934fe-de99-4215-b38b-146b2d6e0ad1" testListId="8c84fa94-04c1-424b-9868-57a2d4851a1d" />
    <TestEntry testId="6063544f-f430-cb16-6dfb-368d6711c379" executionId="88f1a7ab-3ae5-4c7a-8242-b20ef7e82995" testListId="8c84fa94-04c1-424b-9868-57a2d4851a1d" />
    <TestEntry testId="1287d8b9-a242-3700-9223-1e45506d7926" executionId="23f16ecf-e23d-40a6-bb48-d667e27e240f" testListId="8c84fa94-04c1-424b-9868-57a2d4851a1d" />
    <TestEntry testId="879090c1-add8-48b2-d609-da3bc5d3a246" executionId="243e6f66-6298-4bdd-925c-dabf4f9e5778" testListId="8c84fa94-04c1-424b-9868-57a2d4851a1d" />
    <TestEntry testId="66298706-cc94-6c9f-0a35-7ab07950020d" executionId="4b4a1658-d4f3-4884-9bef-01af8c7b5178" testListId="8c84fa94-04c1-424b-9868-57a2d4851a1d" />
    <TestEntry testId="257c0922-44f0-686e-e1ab-2ecaa57524ac" executionId="9a57eb1b-ef07-4319-a524-950159af3eeb" testListId="8c84fa94-04c1-424b-9868-57a2d4851a1d" />
    <TestEntry testId="137cce7b-4534-866e-a202-717289695719" executionId="649cc63b-39db-4946-9d0b-d8b16521dccf" testListId="8c84fa94-04c1-424b-9868-57a2d4851a1d" />
    <TestEntry testId="b82f6040-62f7-3594-e125-274383902f8c" executionId="b798d472-5c8b-4fe7-92d3-4fdb83395fed" testListId="8c84fa94-04c1-424b-9868-57a2d4851a1d" />
    <TestEntry testId="e9e566d8-8c2f-a5c9-6e03-2549ae458328" executionId="0357d744-06e5-4d3e-b0de-b15a1558f2d2" testListId="8c84fa94-04c1-424b-9868-57a2d4851a1d" />
    <TestEntry testId="8f92c43f-5727-bf2b-415e-cb82964ac302" executionId="ccfa53d6-28a8-4b5c-be60-2529a29c99f6" testListId="8c84fa94-04c1-424b-9868-57a2d4851a1d" />
    <TestEntry testId="8084e41d-d0c2-8e1f-49b3-a67abb097eef" executionId="65687cbf-f8c3-4dfb-990d-893e2ced19ad" testListId="8c84fa94-04c1-424b-9868-57a2d4851a1d" />
    <TestEntry testId="6494ab94-5c0c-369b-99ff-59bfdd03b59b" executionId="a6a43e58-a104-4304-8050-b0a6171400a5" testListId="8c84fa94-04c1-424b-9868-57a2d4851a1d" />
    <TestEntry testId="e5b93c93-857a-cdf9-0341-1a0dd042c5e9" executionId="4f156283-0609-4b86-9493-a97fbfeeee76" testListId="8c84fa94-04c1-424b-9868-57a2d4851a1d" />
    <TestEntry testId="a13f15c8-7c1b-75e6-115a-2f9c84e9fa5f" executionId="825fe8bf-066a-431c-a454-e6568f84e888" testListId="8c84fa94-04c1-424b-9868-57a2d4851a1d" />
    <TestEntry testId="7b7abe39-6582-946d-a290-7c10dfc90b2f" executionId="677704c9-9ac8-4ed1-90b8-77610d125673" testListId="8c84fa94-04c1-424b-9868-57a2d4851a1d" />
    <TestEntry testId="c812ed1c-00bd-8faa-1362-480338c7edf0" executionId="e357d16c-a822-422b-9f65-7e5486d2d6f8" testListId="8c84fa94-04c1-424b-9868-57a2d4851a1d" />
    <TestEntry testId="a17307f7-bfca-392d-97bb-4da7ab99cc40" executionId="263a0977-dff8-4911-bc32-9ef2a731cf91" testListId="8c84fa94-04c1-424b-9868-57a2d4851a1d" />
    <TestEntry testId="687e8953-7e5d-f508-b1c0-23de14611310" executionId="409ce7ef-7c55-40b3-ad0c-ab2ab243d28c" testListId="8c84fa94-04c1-424b-9868-57a2d4851a1d" />
    <TestEntry testId="97e7d06a-68e4-1586-9e4c-e6b41260549f" executionId="9e0498cf-19b6-4f7c-b6aa-136cc4cdbde2" testListId="8c84fa94-04c1-424b-9868-57a2d4851a1d" />
    <TestEntry testId="bb7fb76c-e069-4fd0-bdf8-cc43e62b4ee4" executionId="1116211f-04ff-4937-9420-fdcf268e06cd" testListId="8c84fa94-04c1-424b-9868-57a2d4851a1d" />
    <TestEntry testId="f08cfdea-d0f9-0ea6-0706-b620f15a9fb4" executionId="bdafb461-8a7f-4341-80bb-87d82250f276" testListId="8c84fa94-04c1-424b-9868-57a2d4851a1d" />
    <TestEntry testId="9f48d199-bab5-a916-f5d8-2312d1097b95" executionId="d8376763-88b7-41dd-917e-bac9d669d4fb" testListId="8c84fa94-04c1-424b-9868-57a2d4851a1d" />
    <TestEntry testId="4c802ea5-aa1d-d28e-7473-4c1c59889246" executionId="770a1f9b-18ee-4fae-a5e7-090ba11ff586" testListId="8c84fa94-04c1-424b-9868-57a2d4851a1d" />
    <TestEntry testId="f85011e7-aedc-f16d-4ec9-583569d1a8dd" executionId="e7b94093-be99-490c-bfac-1c926b8cd572" testListId="8c84fa94-04c1-424b-9868-57a2d4851a1d" />
    <TestEntry testId="6fd6583b-6e84-0268-1f57-5ed2e7f07344" executionId="bd25fb2c-7760-4f27-a826-d04595935cf5" testListId="8c84fa94-04c1-424b-9868-57a2d4851a1d" />
    <TestEntry testId="ab352261-f7fb-4de5-d0ab-b3696dc3f865" executionId="b9e53abe-7d72-4c80-a7cb-161d8eb41f1a" testListId="8c84fa94-04c1-424b-9868-57a2d4851a1d" />
    <TestEntry testId="0928c4fd-5774-fb06-0445-b9d9e3756a8d" executionId="d12c068e-76e5-4f92-8085-26cc9e995b93" testListId="8c84fa94-04c1-424b-9868-57a2d4851a1d" />
    <TestEntry testId="187a3c1b-b8b9-e08a-2f65-c787e6bb630a" executionId="a02e05dd-8231-477e-bf0c-64dcafa39cbb" testListId="8c84fa94-04c1-424b-9868-57a2d4851a1d" />
    <TestEntry testId="e4430911-be68-d9a0-a78d-87695990dd2b" executionId="842a39b0-ce2d-464d-8833-0f17b2253edb" testListId="8c84fa94-04c1-424b-9868-57a2d4851a1d" />
    <TestEntry testId="e4e07f2b-adba-7b75-6902-9e3a9d332cfe" executionId="36ff8c81-567c-43d1-8ce8-1c2e93998482" testListId="8c84fa94-04c1-424b-9868-57a2d4851a1d" />
    <TestEntry testId="4a238ba0-fcc0-32ec-05c8-4cb7401b273a" executionId="1130802a-b872-49ee-a208-1462ad1534ae" testListId="8c84fa94-04c1-424b-9868-57a2d4851a1d" />
    <TestEntry testId="fbbc45ef-78b8-acb6-dc04-1e7a7f11e95a" executionId="7a84c973-3c92-4386-b3ed-b43afacadfc9" testListId="8c84fa94-04c1-424b-9868-57a2d4851a1d" />
    <TestEntry testId="3487929c-15fb-a7da-5bec-346afcbec7da" executionId="926c6c87-a0ba-42cf-b17b-fcd21eeb75fe" testListId="8c84fa94-04c1-424b-9868-57a2d4851a1d" />
    <TestEntry testId="93692a07-3a10-4489-765e-ef79d18cf4d4" executionId="e1be947d-4654-49fc-aa5a-d2e5ab8fa834" testListId="8c84fa94-04c1-424b-9868-57a2d4851a1d" />
    <TestEntry testId="d7839ae1-9662-254a-edc4-21e217d972c9" executionId="4cc36fe1-8d78-4825-8890-d13bbd257be0" testListId="8c84fa94-04c1-424b-9868-57a2d4851a1d" />
    <TestEntry testId="e060b440-f3f0-8ff1-976f-fddc5cc26f62" executionId="56e336b2-0592-466f-837f-98c4d4c9ca63" testListId="8c84fa94-04c1-424b-9868-57a2d4851a1d" />
    <TestEntry testId="8f17e532-4f0a-9dfe-05e8-c96d494622ac" executionId="b3d10d1b-2279-4e77-9743-343bc1d3939a" testListId="8c84fa94-04c1-424b-9868-57a2d4851a1d" />
    <TestEntry testId="9c4c3d7f-1c8d-9061-b840-609563af8ef3" executionId="def17588-8107-4c22-a0e4-8bbf13eb6340" testListId="8c84fa94-04c1-424b-9868-57a2d4851a1d" />
    <TestEntry testId="21519acc-d56e-4959-c4c3-f48c7006fe27" executionId="e2e56429-01d6-4388-9a15-b6189574c461" testListId="8c84fa94-04c1-424b-9868-57a2d4851a1d" />
    <TestEntry testId="37b49210-15f4-b4b5-dcb1-b6b4bc4cb5a0" executionId="77dbe143-d87d-4706-9876-8526f0dd5650" testListId="8c84fa94-04c1-424b-9868-57a2d4851a1d" />
    <TestEntry testId="e8468c0c-a545-5d16-c11f-86ec8e232404" executionId="c02bd0c3-9d0b-4b8d-9c64-e7453a38846f" testListId="8c84fa94-04c1-424b-9868-57a2d4851a1d" />
    <TestEntry testId="88c7ce2e-851c-95ac-24f9-c8ee7cf94eac" executionId="9a45a66c-95cb-4d05-a6e8-677aebcc76b2" testListId="8c84fa94-04c1-424b-9868-57a2d4851a1d" />
    <TestEntry testId="03f9a419-da0b-13cb-434c-e5eb4d3017d6" executionId="90c204ec-5510-43c6-89a7-69c5f9517dff" testListId="8c84fa94-04c1-424b-9868-57a2d4851a1d" />
    <TestEntry testId="11a66fc8-e44f-e614-4b59-2054ed6010ca" executionId="95059e9d-6fed-4524-a43f-b59e5315d60f" testListId="8c84fa94-04c1-424b-9868-57a2d4851a1d" />
    <TestEntry testId="25a2ab59-4e6b-8585-ad34-1909dafc5c3e" executionId="4d9cf6d4-71bd-4702-9d4c-9539c7bcc0b7" testListId="8c84fa94-04c1-424b-9868-57a2d4851a1d" />
    <TestEntry testId="ea293987-3f38-3bb5-dd17-e36fb9072559" executionId="1db5eb42-b66c-40b0-a570-9337083eea13" testListId="8c84fa94-04c1-424b-9868-57a2d4851a1d" />
    <TestEntry testId="6633116a-6784-0109-c694-61b2317583e7" executionId="cad8dcdc-86ab-42af-946e-86819dd8b39f" testListId="8c84fa94-04c1-424b-9868-57a2d4851a1d" />
    <TestEntry testId="feff974b-15e7-7bde-2e9a-7282257d799e" executionId="4783d571-34cc-4bb3-8fbd-273969e58ba7" testListId="8c84fa94-04c1-424b-9868-57a2d4851a1d" />
    <TestEntry testId="275ba7bf-a42d-bd91-1c80-5f751e891033" executionId="a5599365-75e5-49b3-8534-4624c848ddde" testListId="8c84fa94-04c1-424b-9868-57a2d4851a1d" />
    <TestEntry testId="6782d7fb-c6f1-9d5e-e21b-8e8665ae821d" executionId="f37c400a-4062-4c89-b80f-c99face5e964" testListId="8c84fa94-04c1-424b-9868-57a2d4851a1d" />
    <TestEntry testId="e36409e3-019e-24ac-3359-9d7af3a2aada" executionId="68a73834-fc5e-42a4-bb27-faeb2af7e92e" testListId="8c84fa94-04c1-424b-9868-57a2d4851a1d" />
    <TestEntry testId="a32877bc-9b7f-e906-c5f0-bd91b67c99a7" executionId="f06ec89f-fa9a-4bcd-939f-d9e7d797dda4" testListId="8c84fa94-04c1-424b-9868-57a2d4851a1d" />
    <TestEntry testId="e8ac92b2-fcd9-2dc0-f713-3c2cf3bb77c1" executionId="fe066736-2803-4b41-a9e2-fbc5c3a16bdb" testListId="8c84fa94-04c1-424b-9868-57a2d4851a1d" />
    <TestEntry testId="ebfe7877-f55a-fab7-3a7d-8cf9c4a15098" executionId="d1a9bc2a-a65c-4cf9-85c6-e586eca35c15" testListId="8c84fa94-04c1-424b-9868-57a2d4851a1d" />
    <TestEntry testId="9b0e5cb1-f4f9-6c49-68ba-942303d83183" executionId="601570c0-fa07-425d-addd-832a5d684f9d" testListId="8c84fa94-04c1-424b-9868-57a2d4851a1d" />
    <TestEntry testId="844dbd09-3e1b-ba6e-1295-725984dabbdb" executionId="8e4072ca-7b23-4240-86ad-fd13df7d8705" testListId="8c84fa94-04c1-424b-9868-57a2d4851a1d" />
    <TestEntry testId="1e86b1ae-4010-c39e-71f3-3cc7adcf6881" executionId="c214935d-22d1-4aaa-b443-a2baa551f997" testListId="8c84fa94-04c1-424b-9868-57a2d4851a1d" />
    <TestEntry testId="023f7f43-765e-9b8d-a4fb-66ae949e5c24" executionId="9676527a-407a-43aa-ac5c-b2bc4d45137f" testListId="8c84fa94-04c1-424b-9868-57a2d4851a1d" />
    <TestEntry testId="42fa9d5a-68c0-df47-5ee1-d61bde48031d" executionId="8de28285-40ad-401f-9842-70f84dd989bb" testListId="8c84fa94-04c1-424b-9868-57a2d4851a1d" />
    <TestEntry testId="767615e3-cdb1-aa5f-9362-efecd9d93490" executionId="a920af96-e4f8-4015-8101-d9fe03ac50fe" testListId="8c84fa94-04c1-424b-9868-57a2d4851a1d" />
    <TestEntry testId="4869fcc0-9c89-53f1-f0e6-6ac4c4ca00cc" executionId="57b77fcd-c15d-4694-b8c5-8e36ef8c0fd9" testListId="8c84fa94-04c1-424b-9868-57a2d4851a1d" />
    <TestEntry testId="a0b09ab1-22b3-e8a0-7021-5f5ed2380424" executionId="11adc859-3abf-4947-a92c-b9c82e225eb8" testListId="8c84fa94-04c1-424b-9868-57a2d4851a1d" />
    <TestEntry testId="dc042fe4-506a-6277-bf5c-9f1d13854fc7" executionId="92212a07-91bf-41cd-8217-6b97a268a0e2" testListId="8c84fa94-04c1-424b-9868-57a2d4851a1d" />
    <TestEntry testId="231eb201-5943-be12-8406-5e91b55ea0f9" executionId="b4866b08-d119-4108-bf4a-7de7fd851409" testListId="8c84fa94-04c1-424b-9868-57a2d4851a1d" />
    <TestEntry testId="0e3b0f34-8ab7-ccb2-ed1a-7de6e3e165c5" executionId="1ffcc1b2-7bc1-43bc-9f6a-f52e6c755fc2" testListId="8c84fa94-04c1-424b-9868-57a2d4851a1d" />
    <TestEntry testId="7c25e9d9-71c3-90cd-d0cc-85e1e58efd6b" executionId="2ee055ce-9ae7-4030-a56a-cf7fff927dc0" testListId="8c84fa94-04c1-424b-9868-57a2d4851a1d" />
    <TestEntry testId="c9591e10-6b0d-3789-a42b-e1f4d40f2de0" executionId="db40d4d7-5fcd-449c-be0c-afd405ad3dff" testListId="8c84fa94-04c1-424b-9868-57a2d4851a1d" />
    <TestEntry testId="21a0d29c-e94f-b292-af3e-a395eaa62ce5" executionId="331ca36d-a175-4cd5-9d47-46d0663d9d04" testListId="8c84fa94-04c1-424b-9868-57a2d4851a1d" />
    <TestEntry testId="c5df7b24-5576-61ff-2c2f-8ef0272c7cb0" executionId="4c0d1511-87fc-4a1b-bc3d-709d387975b2" testListId="8c84fa94-04c1-424b-9868-57a2d4851a1d" />
    <TestEntry testId="e752bd23-b6f4-f8a1-41d2-4686827d5d3c" executionId="32226745-99fa-4fe5-b384-66f7b29bad00" testListId="8c84fa94-04c1-424b-9868-57a2d4851a1d" />
    <TestEntry testId="3f36873b-eeee-f47e-801c-1028988ff18d" executionId="a47a827b-47da-4827-80cb-0f20c33f8ece" testListId="8c84fa94-04c1-424b-9868-57a2d4851a1d" />
    <TestEntry testId="5d644acb-4f60-31db-754d-a101236e8d7f" executionId="d1255074-fb64-4ed4-b7b2-64fb16b87378" testListId="8c84fa94-04c1-424b-9868-57a2d4851a1d" />
    <TestEntry testId="a3d1fe6d-f6a5-f28a-ba65-630894318089" executionId="22a3ea86-a61e-4ca0-b06d-25bd1a3232bd" testListId="8c84fa94-04c1-424b-9868-57a2d4851a1d" />
    <TestEntry testId="b10c5cfd-13d5-732d-40b9-1c8a8f0d6512" executionId="871aea09-65ca-4437-b4e2-cfd19f81ad56" testListId="8c84fa94-04c1-424b-9868-57a2d4851a1d" />
    <TestEntry testId="d03b0ad6-ed13-8489-09d1-2543f3053eff" executionId="606c6caf-12f0-40bf-9f26-5992cbdaa7a6" testListId="8c84fa94-04c1-424b-9868-57a2d4851a1d" />
    <TestEntry testId="cb701829-9c23-dcf0-e438-8208a51f3dd4" executionId="59a3fb08-57a0-465d-bb58-eabc50015df5" testListId="8c84fa94-04c1-424b-9868-57a2d4851a1d" />
    <TestEntry testId="4f18dfe5-cbdb-3f59-ec1a-7c24c2cc1db1" executionId="16c71b55-60cd-45e6-afaf-5856c33138ae" testListId="8c84fa94-04c1-424b-9868-57a2d4851a1d" />
    <TestEntry testId="773f1d7a-65a5-fa09-a454-1d73dbdebf1c" executionId="ef495972-b0eb-460e-b3f2-ab0f0d43d8f7" testListId="8c84fa94-04c1-424b-9868-57a2d4851a1d" />
    <TestEntry testId="fa8bb00a-1c98-6705-265a-18f2594a72d7" executionId="b74485a5-b0b3-4642-9b60-92601cbdd3b9" testListId="8c84fa94-04c1-424b-9868-57a2d4851a1d" />
    <TestEntry testId="f66cd845-32f8-8293-9ecc-cb3301f62262" executionId="10b6e45f-ff2c-464b-8992-64a5c44a69e8" testListId="8c84fa94-04c1-424b-9868-57a2d4851a1d" />
    <TestEntry testId="39e900e7-994b-131a-bce2-a45a9207a809" executionId="2e765483-f349-4f86-99fc-631d1ee9f115" testListId="8c84fa94-04c1-424b-9868-57a2d4851a1d" />
    <TestEntry testId="3dddadb3-73e5-0530-cc2f-efb35c37fd4b" executionId="53a3d1be-f64f-4a58-a193-6300105b8f02" testListId="8c84fa94-04c1-424b-9868-57a2d4851a1d" />
    <TestEntry testId="f7a1083e-5a21-1e01-c13b-18623a6702d9" executionId="b1beed3c-6d55-462e-8d01-d7dd8b5961bd" testListId="8c84fa94-04c1-424b-9868-57a2d4851a1d" />
    <TestEntry testId="09fa2387-002a-88c8-0b1c-134e9e315493" executionId="4d7e54f6-a9b0-4653-b6da-4677d5919843" testListId="8c84fa94-04c1-424b-9868-57a2d4851a1d" />
    <TestEntry testId="42e8385e-9428-8ed0-dceb-a1eac93d91de" executionId="0d55cc23-5c0c-46a1-9aef-43140f9d3ca7" testListId="8c84fa94-04c1-424b-9868-57a2d4851a1d" />
    <TestEntry testId="bd62b9df-9183-e39d-353c-d0a2ca44c2da" executionId="94c8534f-7247-448c-ac49-3e8b61bc9848" testListId="8c84fa94-04c1-424b-9868-57a2d4851a1d" />
    <TestEntry testId="65d8beb9-d4b1-7128-2631-5520f6c0ed58" executionId="5801e7d3-0573-4174-9a1e-2b1bab329c43" testListId="8c84fa94-04c1-424b-9868-57a2d4851a1d" />
    <TestEntry testId="ab22d2fd-ea64-f65a-96ca-e707567c9b67" executionId="6ce45d10-0458-4689-a683-4f59848841f2" testListId="8c84fa94-04c1-424b-9868-57a2d4851a1d" />
    <TestEntry testId="d131d3ee-68f2-b781-805c-3d38a16bf8a5" executionId="37bdaf78-164a-4ca2-a2b4-b384aa5f5bc8" testListId="8c84fa94-04c1-424b-9868-57a2d4851a1d" />
    <TestEntry testId="8f3b8a17-8863-f4c3-5425-91ed08db45b8" executionId="e9a0d93a-2517-45f0-9faf-24bfd2140fe4" testListId="8c84fa94-04c1-424b-9868-57a2d4851a1d" />
    <TestEntry testId="4659fd71-0ee0-a506-0553-a81ccc9c9c0b" executionId="686785bc-5422-48b4-931f-8cb0287b54c4" testListId="8c84fa94-04c1-424b-9868-57a2d4851a1d" />
    <TestEntry testId="804c2963-7737-e632-84f9-347e567fabca" executionId="21d6cbab-bf6b-4ccb-b553-75d74036745d" testListId="8c84fa94-04c1-424b-9868-57a2d4851a1d" />
    <TestEntry testId="40d07a9e-35f0-7d7b-e40e-ceb656623def" executionId="95425851-ca61-4ff1-8ff2-0f19dfdb7925" testListId="8c84fa94-04c1-424b-9868-57a2d4851a1d" />
    <TestEntry testId="6faa7eef-7d9f-75d0-2df6-09e7531ab536" executionId="74660ba9-1c1e-479b-9677-43346b44bfd9" testListId="8c84fa94-04c1-424b-9868-57a2d4851a1d" />
    <TestEntry testId="ddb2b30a-7c8f-3eac-d6a3-efc6f41e2e1f" executionId="87c8dd8c-1b21-4aee-b6c9-b71b6c03b82a" testListId="8c84fa94-04c1-424b-9868-57a2d4851a1d" />
    <TestEntry testId="b5ae8819-8b54-7370-da1b-0cdd20d995d0" executionId="1cc44fae-06bb-47b0-8395-ce5098075d34" testListId="8c84fa94-04c1-424b-9868-57a2d4851a1d" />
    <TestEntry testId="b2084567-8ae7-460a-7a14-d46cd175ecb8" executionId="f331488d-e12c-4e8e-bc6b-78374efc09c4" testListId="8c84fa94-04c1-424b-9868-57a2d4851a1d" />
    <TestEntry testId="007025e6-ced6-33f5-d735-a3864e2b7add" executionId="55325386-a1f4-4483-8184-b74095ec47ee" testListId="8c84fa94-04c1-424b-9868-57a2d4851a1d" />
    <TestEntry testId="1fc86256-4383-79f5-2623-3a4a27ec4fd7" executionId="33aab319-1abd-45b6-a11c-38d22498e546" testListId="8c84fa94-04c1-424b-9868-57a2d4851a1d" />
    <TestEntry testId="ddb5c0d8-d96d-641b-981f-700b89499855" executionId="d78759c0-31e0-47ca-99c8-1974a555bcb8" testListId="8c84fa94-04c1-424b-9868-57a2d4851a1d" />
    <TestEntry testId="c4d26256-1744-c2d0-2a14-fe21640d4fe1" executionId="3e1a4be8-2a2d-4650-82f8-bbf8136eb16d" testListId="8c84fa94-04c1-424b-9868-57a2d4851a1d" />
    <TestEntry testId="702f283c-acf3-b66b-da58-6b428c67206f" executionId="a7f3b811-4fdf-4087-b3c1-3b2c59ab49df" testListId="8c84fa94-04c1-424b-9868-57a2d4851a1d" />
    <TestEntry testId="94b07cae-507e-90e4-fe2c-918d2724a7bc" executionId="b3a954ba-b25b-499b-a200-518b2f047467" testListId="8c84fa94-04c1-424b-9868-57a2d4851a1d" />
    <TestEntry testId="b9540196-20ef-0b94-a46f-e6138983b660" executionId="f8eeb691-839c-4544-8d3f-5eb2ea8878f8" testListId="8c84fa94-04c1-424b-9868-57a2d4851a1d" />
    <TestEntry testId="c23f9653-e5cb-0826-ce5a-723493994ef0" executionId="771490b6-4670-401e-8a5e-3d4dd28791ab" testListId="8c84fa94-04c1-424b-9868-57a2d4851a1d" />
    <TestEntry testId="36329e9d-989b-9474-5a40-51eec07faa7c" executionId="f33bfbdc-4fbb-4da1-b7e4-0aa273c71f61" testListId="8c84fa94-04c1-424b-9868-57a2d4851a1d" />
    <TestEntry testId="9bf19834-4f90-5f56-a3eb-6c1d93ea3aa5" executionId="3ed04881-d1c4-4362-875a-068f3c5e4177" testListId="8c84fa94-04c1-424b-9868-57a2d4851a1d" />
    <TestEntry testId="3c6ad7f5-47ac-d2a1-3c86-5077b25134ea" executionId="13d67e38-4209-4a65-9e04-91d6d7e1cf54" testListId="8c84fa94-04c1-424b-9868-57a2d4851a1d" />
    <TestEntry testId="372ab51f-8789-4af1-a4f9-77f4920b1bde" executionId="50accb8b-ec12-4c18-b271-5a205e51976b" testListId="8c84fa94-04c1-424b-9868-57a2d4851a1d" />
    <TestEntry testId="871f6ec2-6973-6f3c-2bf4-5a51a50a4cf2" executionId="07578dee-d1dd-4de2-b465-79917b88b32a" testListId="8c84fa94-04c1-424b-9868-57a2d4851a1d" />
    <TestEntry testId="f7df628a-2d6d-0169-1e36-e1aabcaaa3c0" executionId="e1b80666-bea5-4b74-a5be-4bc00bc43969" testListId="8c84fa94-04c1-424b-9868-57a2d4851a1d" />
    <TestEntry testId="ad88d97c-caee-1d9c-2151-7b83477290c3" executionId="c5dc82b4-c882-40ec-ad30-bcec5a686ae2" testListId="8c84fa94-04c1-424b-9868-57a2d4851a1d" />
    <TestEntry testId="f433ef44-22f0-31c9-303b-7dece7f9527e" executionId="ec59081f-c369-4267-b75d-a146f09d8076" testListId="8c84fa94-04c1-424b-9868-57a2d4851a1d" />
    <TestEntry testId="e2323074-11c2-8296-7476-af3cef44bb34" executionId="9d8bac04-d381-4717-b3e8-01355f4e54c4" testListId="8c84fa94-04c1-424b-9868-57a2d4851a1d" />
    <TestEntry testId="f851da50-448f-2d4e-828e-d2ff64fc9049" executionId="d725ea1a-2fa4-4788-9318-6962bbe8aee1" testListId="8c84fa94-04c1-424b-9868-57a2d4851a1d" />
    <TestEntry testId="87dedebf-9e1e-bd2e-7ee4-397e89dac510" executionId="7b745617-b7ba-4d6e-909b-1d21212d09f7" testListId="8c84fa94-04c1-424b-9868-57a2d4851a1d" />
    <TestEntry testId="b88c7a93-5167-689b-3a6b-7ed6795729e1" executionId="1216ab00-5041-4c70-b4ff-ab4c5fa7e53d" testListId="8c84fa94-04c1-424b-9868-57a2d4851a1d" />
    <TestEntry testId="b357ddf5-0643-7e7d-12aa-101fa59704c1" executionId="094b8228-091d-4dce-b172-8a722a340bc0" testListId="8c84fa94-04c1-424b-9868-57a2d4851a1d" />
    <TestEntry testId="eff4462f-0b3b-bad0-f3bc-88c9334e4c4b" executionId="43c0dca4-6cd3-4245-918a-da391f3a8d74" testListId="8c84fa94-04c1-424b-9868-57a2d4851a1d" />
    <TestEntry testId="4f197c17-4790-58f8-b53d-dcb8083dcd6a" executionId="9538ddec-3d9e-4fcb-abbf-1f73f8a6b324" testListId="8c84fa94-04c1-424b-9868-57a2d4851a1d" />
    <TestEntry testId="f761c35c-23da-0635-088d-82edc227a6c9" executionId="0026446a-3017-40bb-b61a-f839af9a4613" testListId="8c84fa94-04c1-424b-9868-57a2d4851a1d" />
    <TestEntry testId="cc181f70-75e6-81da-b99e-3e2374e3ba03" executionId="26eb6903-a5d2-462d-9431-b9ddf5690e04" testListId="8c84fa94-04c1-424b-9868-57a2d4851a1d" />
    <TestEntry testId="8a93c35e-4228-1fba-033f-24c13305aa44" executionId="ef07009a-625d-4630-9af7-e84d895aef3f" testListId="8c84fa94-04c1-424b-9868-57a2d4851a1d" />
    <TestEntry testId="65d04660-c78c-f9e9-ce4c-0226775bf0c4" executionId="5082680f-ab2b-449d-bc3d-ca57581e70a9" testListId="8c84fa94-04c1-424b-9868-57a2d4851a1d" />
    <TestEntry testId="d14f3865-eb3a-a806-eb3f-e6d1d870885d" executionId="f4cd184c-9a71-4c83-8d96-2d34a0edc628" testListId="8c84fa94-04c1-424b-9868-57a2d4851a1d" />
    <TestEntry testId="943fddae-0057-44db-535a-5540de1410f4" executionId="ff2cee16-5b5f-422f-9c0a-03a51ac2c0c7" testListId="8c84fa94-04c1-424b-9868-57a2d4851a1d" />
    <TestEntry testId="9fd29388-e6f2-2ce9-7173-3d8e1efacf79" executionId="9889f7af-8c38-4c76-8cd0-4a35454f76c9" testListId="8c84fa94-04c1-424b-9868-57a2d4851a1d" />
    <TestEntry testId="b739f5d0-5237-1a79-e681-644aeb76938a" executionId="a4fcd270-28e6-4a8d-bfc9-fc5215a3da89" testListId="8c84fa94-04c1-424b-9868-57a2d4851a1d" />
    <TestEntry testId="1eb1dc9e-0313-f642-c091-1fcc25a2d80c" executionId="ef178000-7cb3-4379-ac1b-3bb2c0323bb0" testListId="8c84fa94-04c1-424b-9868-57a2d4851a1d" />
    <TestEntry testId="8f3ff765-82e8-66d7-0b26-5b7e252a53b8" executionId="4237240a-2ea5-48b0-9a43-18c2e3796ef9" testListId="8c84fa94-04c1-424b-9868-57a2d4851a1d" />
    <TestEntry testId="c8844d95-6b3e-d2a5-0238-e17eb53985e3" executionId="17e38293-762c-4a50-aa91-2be474c5a008" testListId="8c84fa94-04c1-424b-9868-57a2d4851a1d" />
    <TestEntry testId="1ed595f1-e0b3-cd61-13ef-3cbf3778f159" executionId="51f6746b-5cb1-4563-92da-d0a89169a9c3" testListId="8c84fa94-04c1-424b-9868-57a2d4851a1d" />
    <TestEntry testId="af16c081-1118-4157-5e5a-823452565ccb" executionId="912159fd-60de-49c5-a5a4-5da5567d2cc7" testListId="8c84fa94-04c1-424b-9868-57a2d4851a1d" />
    <TestEntry testId="22286b2d-2c9e-a580-fd4a-2436919b8555" executionId="bd1d880e-4c8a-4200-b388-c691066ee263" testListId="8c84fa94-04c1-424b-9868-57a2d4851a1d" />
    <TestEntry testId="75ddd398-1cad-151d-e563-84e2015359ae" executionId="7154560d-ca0d-4cc9-b4d8-f8f54d2b620d" testListId="8c84fa94-04c1-424b-9868-57a2d4851a1d" />
    <TestEntry testId="b0739811-0769-0d6d-10df-bbc2b4389739" executionId="bf7049ad-6fbf-402f-b64e-cc24d8b5fa78" testListId="8c84fa94-04c1-424b-9868-57a2d4851a1d" />
    <TestEntry testId="dac52339-d9a8-d082-49c1-4cb11ce915ee" executionId="58beced2-9798-486a-9174-49f70d75d75c" testListId="8c84fa94-04c1-424b-9868-57a2d4851a1d" />
    <TestEntry testId="a78e107f-188e-49af-b7fb-8b9962cefe26" executionId="18208cf5-7d87-4d65-81cb-b18b7355e0be" testListId="8c84fa94-04c1-424b-9868-57a2d4851a1d" />
    <TestEntry testId="434b37e3-6652-e454-29de-d80f3b84f997" executionId="39eb16c7-880b-4e54-8702-bdcdc8688396" testListId="8c84fa94-04c1-424b-9868-57a2d4851a1d" />
    <TestEntry testId="e93f2b21-5e31-59e0-249b-2d22eb67c653" executionId="e9161d6b-8f33-4455-b2d3-fcd397fc79f9" testListId="8c84fa94-04c1-424b-9868-57a2d4851a1d" />
    <TestEntry testId="ef239907-8146-d171-397a-2e18ca0a7d07" executionId="1b3abf38-0c6c-4593-aa79-3ead8c28ebc3" testListId="8c84fa94-04c1-424b-9868-57a2d4851a1d" />
    <TestEntry testId="9d5ada2d-839e-c544-1fa6-276837fd72f2" executionId="e8a89918-9c6b-46d6-9979-f7c8aa907ede" testListId="8c84fa94-04c1-424b-9868-57a2d4851a1d" />
    <TestEntry testId="7cd2c95d-3a22-0d5c-c07f-69fa30ef94a1" executionId="2911f1ce-62d3-4ee0-bcd1-b14f92b51c8b" testListId="8c84fa94-04c1-424b-9868-57a2d4851a1d" />
    <TestEntry testId="9a7acb70-fa7b-f3be-6201-91fb0aecd07b" executionId="655dc691-e3bb-493d-bbf3-93aede72610b" testListId="8c84fa94-04c1-424b-9868-57a2d4851a1d" />
    <TestEntry testId="eefcc86b-2e92-5256-d34c-9049a6da9154" executionId="1ffd4c88-28e1-4aeb-bbad-583cecaf5b08" testListId="8c84fa94-04c1-424b-9868-57a2d4851a1d" />
    <TestEntry testId="12453e35-9e6c-1895-86bb-d53b925cb8c9" executionId="ea558956-43d7-4b15-ac3d-072c813cb831" testListId="8c84fa94-04c1-424b-9868-57a2d4851a1d" />
    <TestEntry testId="134110e6-fb08-89b6-f21b-257fe054fa49" executionId="7b74c636-3771-4fe1-9f55-c69dcb0134a4" testListId="8c84fa94-04c1-424b-9868-57a2d4851a1d" />
    <TestEntry testId="3434e15a-2768-efbc-7e19-fea38f3ae373" executionId="e17308fb-0761-46f2-a35b-a491d89e508f" testListId="8c84fa94-04c1-424b-9868-57a2d4851a1d" />
    <TestEntry testId="d4b18369-f511-b320-afac-a383c554d179" executionId="5504c419-645f-4437-b793-c50782f4ea5c" testListId="8c84fa94-04c1-424b-9868-57a2d4851a1d" />
    <TestEntry testId="bc614819-04cb-60f8-8b25-b74350480ed8" executionId="57b69605-b9c6-4ce7-9588-860917e6cceb" testListId="8c84fa94-04c1-424b-9868-57a2d4851a1d" />
    <TestEntry testId="ee6b4773-1394-989c-cdb7-f8b064821acb" executionId="9305bb01-5483-4ece-ac96-81a5cbc7c462" testListId="8c84fa94-04c1-424b-9868-57a2d4851a1d" />
    <TestEntry testId="9504291e-b74b-48e8-7789-94b6a1151b40" executionId="32e7c304-4ee2-4726-95fb-a803ab7bc50e" testListId="8c84fa94-04c1-424b-9868-57a2d4851a1d" />
    <TestEntry testId="20d9288d-2ec6-4b24-6a84-22a61e3296f1" executionId="42bfd9e0-cfd9-4ec7-ae05-59dbf6b046fc" testListId="8c84fa94-04c1-424b-9868-57a2d4851a1d" />
    <TestEntry testId="583ac39a-cd2a-cc9b-7143-e3a644d6c3bd" executionId="419058c2-0f88-4ae5-a2f0-2f3eced2e9e3" testListId="8c84fa94-04c1-424b-9868-57a2d4851a1d" />
    <TestEntry testId="ecf74651-4fc2-6bc3-0181-d2278e0bfbfa" executionId="1189c411-e41a-47a0-bca8-e85c9a214a2b" testListId="8c84fa94-04c1-424b-9868-57a2d4851a1d" />
    <TestEntry testId="8b195963-a10c-3838-31ba-4f1e91ab5dfb" executionId="370a89fe-b702-41ff-bc69-8b9478b93bc1" testListId="8c84fa94-04c1-424b-9868-57a2d4851a1d" />
    <TestEntry testId="25d2ce81-b800-30ed-a9ff-8db2b7fca025" executionId="229c12f3-daa4-4c7e-9144-0228c9b84036" testListId="8c84fa94-04c1-424b-9868-57a2d4851a1d" />
    <TestEntry testId="e683acf1-8f1f-37ca-c494-91edf8586d46" executionId="03231ae9-8650-4be3-9d45-b6e795d6b995" testListId="8c84fa94-04c1-424b-9868-57a2d4851a1d" />
    <TestEntry testId="1c54ef9e-0fd3-3065-2074-36e139afc976" executionId="bf4604d4-8a00-4351-9f81-f2232e9d584b" testListId="8c84fa94-04c1-424b-9868-57a2d4851a1d" />
    <TestEntry testId="3319ab63-2def-0c9c-879d-16907c7c07ea" executionId="4a6db7e2-8fbc-4a04-aa0d-9238a22a8839" testListId="8c84fa94-04c1-424b-9868-57a2d4851a1d" />
    <TestEntry testId="81f1f710-d694-68bf-2cd3-35ddc8a4ca3e" executionId="adce0062-1848-4cc6-b806-b95c1d592728" testListId="8c84fa94-04c1-424b-9868-57a2d4851a1d" />
    <TestEntry testId="7c4b74fb-67e0-6834-21f2-2c0f78a66963" executionId="7e444bad-353a-4e53-a6ab-43c5779ed388" testListId="8c84fa94-04c1-424b-9868-57a2d4851a1d" />
    <TestEntry testId="79ed88f2-f433-a4e4-a0f7-7ec8b906db54" executionId="ca62ffdd-f0bd-4d68-93cb-b6484b18acaa" testListId="8c84fa94-04c1-424b-9868-57a2d4851a1d" />
    <TestEntry testId="d68b3075-4627-ba2b-18db-33c4279233ca" executionId="5ec7e1c6-28ad-4675-bb1a-4a04bd45ccd6" testListId="8c84fa94-04c1-424b-9868-57a2d4851a1d" />
    <TestEntry testId="88133fd3-9167-6134-2a3f-9488dba78659" executionId="935d3682-01a4-4d90-934c-d5c07004c2c6" testListId="8c84fa94-04c1-424b-9868-57a2d4851a1d" />
    <TestEntry testId="a8ce85fe-814a-271d-72cd-32e52ea1acce" executionId="1253a8bd-2956-401b-a49d-e38bfc426a7a" testListId="8c84fa94-04c1-424b-9868-57a2d4851a1d" />
    <TestEntry testId="f11fb068-5020-6fdd-64d4-9eae97e7b7c3" executionId="a72d55db-f58f-4ef2-aff5-7362a86a2a4d" testListId="8c84fa94-04c1-424b-9868-57a2d4851a1d" />
    <TestEntry testId="8f3e0927-dc62-09dc-c947-424695b8bc40" executionId="e5a02b6e-a486-4aef-be78-daf4fa468db4" testListId="8c84fa94-04c1-424b-9868-57a2d4851a1d" />
    <TestEntry testId="1612f291-790a-313d-a0d3-c41060967beb" executionId="7bdefb0e-8517-4bc4-b696-609271eb29b5" testListId="8c84fa94-04c1-424b-9868-57a2d4851a1d" />
    <TestEntry testId="7362e8b4-4f55-1d2e-3400-f910faa86461" executionId="2c309b42-8333-41d1-822c-38ff0cdd51f5" testListId="8c84fa94-04c1-424b-9868-57a2d4851a1d" />
    <TestEntry testId="8cb20cd0-1e7e-f4a1-66cd-e7e59b7d8aab" executionId="af8426c4-1163-45d5-8c2a-7875030cfc91" testListId="8c84fa94-04c1-424b-9868-57a2d4851a1d" />
    <TestEntry testId="2308f95d-e716-8457-e2f9-557865d40f5f" executionId="cdd4d23d-1007-4d73-bdb3-a85d60af9c8e" testListId="8c84fa94-04c1-424b-9868-57a2d4851a1d" />
    <TestEntry testId="666142b8-78c0-45b9-dbb6-d91affaa8f8f" executionId="89f92d0c-d358-42d9-bfed-2826371918f2" testListId="8c84fa94-04c1-424b-9868-57a2d4851a1d" />
    <TestEntry testId="b0d0079b-65d6-c082-7bc9-a129a13a3c18" executionId="789f30b4-fde3-4a0a-aaad-a3036f1d1a12" testListId="8c84fa94-04c1-424b-9868-57a2d4851a1d" />
    <TestEntry testId="6ca73ebd-56b4-1756-58f8-e75d82906bc5" executionId="648996c7-48b1-4b4f-9011-e3071e484b67" testListId="8c84fa94-04c1-424b-9868-57a2d4851a1d" />
    <TestEntry testId="0272379c-7daf-7bd0-3571-0deb6243dd64" executionId="b15efc0e-c7f0-498c-8d04-ccacf93420ea" testListId="8c84fa94-04c1-424b-9868-57a2d4851a1d" />
    <TestEntry testId="e843bfee-0457-6dab-bf5f-4166d9265b34" executionId="c4cb95c5-db52-4cad-855b-ae4282d4587b" testListId="8c84fa94-04c1-424b-9868-57a2d4851a1d" />
    <TestEntry testId="2278707c-4cb1-7a76-66a2-6338bd3a574d" executionId="cf2e0c37-e725-4381-9ff9-230d2fd80039" testListId="8c84fa94-04c1-424b-9868-57a2d4851a1d" />
    <TestEntry testId="527481b0-1273-3dea-68f1-756a76377e7f" executionId="8ca12431-8ba1-47a8-bf28-4548adb4b4b3" testListId="8c84fa94-04c1-424b-9868-57a2d4851a1d" />
    <TestEntry testId="e37104f1-0b9f-8085-a237-c134f8aaa64f" executionId="9758183e-7a12-4866-aa14-853913fe4fe7" testListId="8c84fa94-04c1-424b-9868-57a2d4851a1d" />
    <TestEntry testId="87ac7461-0d28-cf5d-7698-d8b535ebe6b4" executionId="961dd2c8-c8c3-4cb1-840d-193744179a95" testListId="8c84fa94-04c1-424b-9868-57a2d4851a1d" />
    <TestEntry testId="1cfe0934-bee5-966a-0fdd-441157183564" executionId="4f20caae-3b4a-4d86-af5b-fbab18ddc13c" testListId="8c84fa94-04c1-424b-9868-57a2d4851a1d" />
    <TestEntry testId="09fedadb-5b36-4c66-a01b-eb732d278266" executionId="29384a11-5363-464d-935c-f1e6d19c6569" testListId="8c84fa94-04c1-424b-9868-57a2d4851a1d" />
    <TestEntry testId="45a1237f-8398-1e96-4a23-b6a235238101" executionId="cd6abed2-eadb-4701-806d-87de32036162" testListId="8c84fa94-04c1-424b-9868-57a2d4851a1d" />
    <TestEntry testId="0465a107-5afa-65eb-a10c-77e89846ff26" executionId="0e2b4aaa-1856-407c-836f-ee121de489f5" testListId="8c84fa94-04c1-424b-9868-57a2d4851a1d" />
    <TestEntry testId="f500837b-0f36-671a-c44b-b00267ce6d42" executionId="c948e833-3167-47c0-bd23-f8f7fa9b40d5" testListId="8c84fa94-04c1-424b-9868-57a2d4851a1d" />
    <TestEntry testId="3c9f7f25-03ba-a9ac-886d-ab6e7acb2b5d" executionId="f42e256a-0552-48d3-870b-f370ab97a3b0" testListId="8c84fa94-04c1-424b-9868-57a2d4851a1d" />
    <TestEntry testId="c4a13715-7cee-fc42-2f4e-b27563ec4062" executionId="47ab7834-3cd0-401d-bf5a-4c2edc2717fa" testListId="8c84fa94-04c1-424b-9868-57a2d4851a1d" />
    <TestEntry testId="ca034712-fc2a-7f2e-fe84-ae45e3bb76cf" executionId="438588a5-2bc0-4ebd-a6ce-a0a133466608" testListId="8c84fa94-04c1-424b-9868-57a2d4851a1d" />
    <TestEntry testId="9220b9d9-3c12-4648-b920-916dd862394f" executionId="5bfb1327-da2e-479b-a5d4-977c965d6e80" testListId="8c84fa94-04c1-424b-9868-57a2d4851a1d" />
    <TestEntry testId="4f7d823c-5866-aa3b-4a40-ca5bc159ad3e" executionId="2b2a929b-b872-4349-83ec-3b61439f59a9" testListId="8c84fa94-04c1-424b-9868-57a2d4851a1d" />
    <TestEntry testId="d39f235d-2e7d-3e96-21e3-c8d6d50c5857" executionId="63f86820-9116-4162-8320-48c3f6fc95b7" testListId="8c84fa94-04c1-424b-9868-57a2d4851a1d" />
    <TestEntry testId="b8c61cc7-6c99-86e0-a646-53691f4fc54c" executionId="768a5a26-39e5-47e7-8e24-3e409b62602d" testListId="8c84fa94-04c1-424b-9868-57a2d4851a1d" />
    <TestEntry testId="c05fec08-28d3-c263-f7df-c8727f4f0b97" executionId="47f9db07-7c76-4e10-a571-2fbd8569c0af" testListId="8c84fa94-04c1-424b-9868-57a2d4851a1d" />
    <TestEntry testId="d2a69b62-2638-ec8f-cc97-92c357c5901e" executionId="f78c9929-9184-4787-b13d-481f09842ff5" testListId="8c84fa94-04c1-424b-9868-57a2d4851a1d" />
    <TestEntry testId="4488607e-daf9-d699-495a-d1b43687da23" executionId="61dafdfc-a53e-4cc1-a373-b96a5b45f718" testListId="8c84fa94-04c1-424b-9868-57a2d4851a1d" />
    <TestEntry testId="04b4598a-a90c-25b4-3fbf-2283122ff323" executionId="7134741e-d56d-4ee3-9a66-1cc394b37c5c" testListId="8c84fa94-04c1-424b-9868-57a2d4851a1d" />
    <TestEntry testId="24f4c2d7-2c1a-d96f-02e1-f48f7d97bc91" executionId="8ec2c3ad-9325-463a-88b6-d80344a428ef" testListId="8c84fa94-04c1-424b-9868-57a2d4851a1d" />
    <TestEntry testId="f8ca46c0-8edb-350c-aedc-71898e183163" executionId="8d5981c5-67c9-4401-93fb-037003c64006" testListId="8c84fa94-04c1-424b-9868-57a2d4851a1d" />
    <TestEntry testId="8a8c7432-7378-2ff6-b3a1-a3b7254f4458" executionId="4497b5cf-c523-46e6-93a2-69a6a1899e17" testListId="8c84fa94-04c1-424b-9868-57a2d4851a1d" />
    <TestEntry testId="61459c18-d69a-002e-99fd-4c0194ecc49d" executionId="11a24af9-d88a-4d2a-856a-0420c4840332" testListId="8c84fa94-04c1-424b-9868-57a2d4851a1d" />
    <TestEntry testId="d8aec2c2-feb6-0e42-e54d-284965f5dea7" executionId="6a650022-886b-48b0-a6d0-10fb0c621f07" testListId="8c84fa94-04c1-424b-9868-57a2d4851a1d" />
    <TestEntry testId="f24b56c9-993c-959d-f90c-97f221d04ce7" executionId="ef6d1fdd-5462-42e1-94c6-5b66b6242684" testListId="8c84fa94-04c1-424b-9868-57a2d4851a1d" />
    <TestEntry testId="6d35c2c3-73b0-8587-396e-ba4ccb5d6691" executionId="d98d0635-650d-4379-a843-7a8d46e8261b" testListId="8c84fa94-04c1-424b-9868-57a2d4851a1d" />
    <TestEntry testId="a357cf6c-ef79-7a61-f86c-3c3cf29677ef" executionId="ebe567d3-a90a-42ba-9d68-7a88a5107853" testListId="8c84fa94-04c1-424b-9868-57a2d4851a1d" />
    <TestEntry testId="b28c88a2-048a-f43d-3028-a27e0105d7d5" executionId="125f08a7-18c0-4025-b667-48be85f42e85" testListId="8c84fa94-04c1-424b-9868-57a2d4851a1d" />
    <TestEntry testId="a9e125d3-70c7-168e-1c81-0d36cf4ad5a1" executionId="84ffc645-1f57-4342-8389-0bb651719f15" testListId="8c84fa94-04c1-424b-9868-57a2d4851a1d" />
    <TestEntry testId="14a48fdf-998f-a4a7-ad0a-dfa3e87104de" executionId="88e874a9-e214-4304-9648-a5c0d8ee9efe" testListId="8c84fa94-04c1-424b-9868-57a2d4851a1d" />
    <TestEntry testId="0cd51abe-1287-52a5-9d2e-d556a1306fcb" executionId="10d3d017-2107-4278-8be9-2ddc9512a361" testListId="8c84fa94-04c1-424b-9868-57a2d4851a1d" />
    <TestEntry testId="91cfec7e-ef42-5972-8313-05af41252d8d" executionId="a2ca7c6f-4b65-43c0-8e42-8997ccff1e47" testListId="8c84fa94-04c1-424b-9868-57a2d4851a1d" />
    <TestEntry testId="d298d9c7-7d7d-ad15-03cc-8ab9e391d377" executionId="ff705e26-ea9f-4486-854d-c379d5a2ed41" testListId="8c84fa94-04c1-424b-9868-57a2d4851a1d" />
    <TestEntry testId="5efa66e3-2c27-3f3b-d94f-51396a42e8dd" executionId="e41186cf-abce-4a83-9314-3d0c95dc5771" testListId="8c84fa94-04c1-424b-9868-57a2d4851a1d" />
    <TestEntry testId="a53b6d0c-a89a-620c-77ca-f9530854f6a0" executionId="daea74d6-1fa8-4435-b229-e512e96f2ce6" testListId="8c84fa94-04c1-424b-9868-57a2d4851a1d" />
    <TestEntry testId="d16b66ae-362f-7903-ceb9-287ac5bef50c" executionId="bc195d4e-b8b8-41ed-8652-948a17f0774a" testListId="8c84fa94-04c1-424b-9868-57a2d4851a1d" />
    <TestEntry testId="72564ee7-6904-9d2d-9a11-6e408d6771a9" executionId="78ae290a-30f9-47c0-ab8e-eb6cbb091a5a" testListId="8c84fa94-04c1-424b-9868-57a2d4851a1d" />
    <TestEntry testId="9cb1dd9b-9567-7d27-369e-add42bb14fb4" executionId="fa0dab41-81ce-4e53-a90d-53d663dd17b0" testListId="8c84fa94-04c1-424b-9868-57a2d4851a1d" />
    <TestEntry testId="7697c577-4d5f-2be5-faec-cf049908ed7a" executionId="f5fafef4-6a46-4ee2-beb3-08e4ea9cdc6a" testListId="8c84fa94-04c1-424b-9868-57a2d4851a1d" />
    <TestEntry testId="6936f6b7-d541-8d1e-5703-e65b31721380" executionId="407a4ab8-869c-40eb-9e41-fcb67219fd3f" testListId="8c84fa94-04c1-424b-9868-57a2d4851a1d" />
    <TestEntry testId="9551a8f2-f5be-a617-500a-980790ba8737" executionId="3a086bbd-3b99-4d63-9606-7818d6d67191" testListId="8c84fa94-04c1-424b-9868-57a2d4851a1d" />
    <TestEntry testId="ea0e0dc8-9c54-bf6a-2be9-fcc231898886" executionId="6ffbb69b-59fb-4154-ad3c-94dc80c23ea4" testListId="8c84fa94-04c1-424b-9868-57a2d4851a1d" />
    <TestEntry testId="420e5a34-3d7f-4641-51ff-8be4f28538e4" executionId="66814406-84b4-4b07-811b-c9b7d8cebe49" testListId="8c84fa94-04c1-424b-9868-57a2d4851a1d" />
    <TestEntry testId="5a81ef7d-e348-ad91-56ea-2f873a9d2e52" executionId="e973a468-668a-4732-bd7c-f23c1af56e97" testListId="8c84fa94-04c1-424b-9868-57a2d4851a1d" />
    <TestEntry testId="60143918-8d3e-3cea-ec1f-f42a487ede4c" executionId="52c482d2-603e-4885-9900-0381156b7045" testListId="8c84fa94-04c1-424b-9868-57a2d4851a1d" />
    <TestEntry testId="d2d1d21b-c98b-721d-a336-85243335bc1f" executionId="caaa11f4-727a-4d79-a2c6-d018ba29cdb3" testListId="8c84fa94-04c1-424b-9868-57a2d4851a1d" />
  </TestEntries>
  <TestLists>
    <TestList name="Results Not in a List" id="8c84fa94-04c1-424b-9868-57a2d4851a1d" />
    <TestList name="All Loaded Results" id="19431567-8539-422a-85d7-44ee4e166bda" />
  </TestLists>
  <ResultSummary outcome="Completed">
    <Counters total="1315" executed="1315" passed="1315" failed="0" error="0" timeout="0" aborted="0" inconclusive="0" passedButRunAborted="0" notRunnable="0" notExecuted="0" disconnected="0" warning="0" completed="0" inProgress="0" pending="0" />
  </ResultSummary>
</TestRun>