<?xml version="1.0" encoding="utf-8"?>
<TestRun id="7b4dfaab-d635-461f-a53a-dfd12dfe4d64" name="DKSR-EFI-06$@DKSR-EFI-06 2024-01-09 15:41:39" runUser="NT AUTHORITY\NETWORK SERVICE" xmlns="http://microsoft.com/schemas/VisualStudio/TeamTest/2010">
  <Times creation="2024-01-09T15:41:39.8726305+01:00" queuing="2024-01-09T15:41:39.8726305+01:00" start="2024-01-09T15:41:34.7476014+01:00" finish="2024-01-09T15:41:40.2320049+01:00" />
  <TestSettings name="default" id="714a0cd5-b560-4352-a913-8bb92e5ae19a">
    <Deployment runDeploymentRoot="DKSR-EFI-06$_DKSR-EFI-06_2024-01-09_15_41_39" />
  </TestSettings>
  <Results>
    <UnitTestResult executionId="bb09ee73-799a-4a20-b5bd-f86c81ea33d2" testId="f4743cca-e1c7-35b4-e90a-2c2c06210594" testName="WebServiceManagerBase_CallWithRetry_Retry_CommunicationExceptionWithInnerIdentityServerTokenException_NoRetry" computerName="DKSR-EFI-06" duration="00:00:00.0016431" startTime="2024-01-09T15:41:39.8285884+01:00" endTime="2024-01-09T15:41:39.8303924+01:00" testType="13cdc9d9-ddb5-4fa4-a97d-d965ccfc6d4b" outcome="Passed" testListId="8c84fa94-04c1-424b-9868-57a2d4851a1d" relativeResultsDirectory="bb09ee73-799a-4a20-b5bd-f86c81ea33d2" />
    <UnitTestResult executionId="2fe2c4e5-c0c1-4ecd-afeb-a7975c34e0ee" testId="f0a6b858-f8e7-5df8-f607-10274d56bfe9" testName="SpnFactory_GetSpn_ArgumentNullException" computerName="DKSR-EFI-06" duration="00:00:00.0036869" startTime="2024-01-09T15:41:39.8532581+01:00" endTime="2024-01-09T15:41:39.8571816+01:00" testType="13cdc9d9-ddb5-4fa4-a97d-d965ccfc6d4b" outcome="Passed" testListId="8c84fa94-04c1-424b-9868-57a2d4851a1d" relativeResultsDirectory="2fe2c4e5-c0c1-4ecd-afeb-a7975c34e0ee" />
    <UnitTestResult executionId="efbb6c01-2d12-4c57-88cf-308c9845ea05" testId="c908d8e8-2438-04db-a0e0-67533ab91b11" testName="ManagementServerWcfHelper_GetEndpointAddress_OAuthSecure" computerName="DKSR-EFI-06" duration="00:00:00.0002040" startTime="2024-01-09T15:41:39.8489936+01:00" endTime="2024-01-09T15:41:39.8493017+01:00" testType="13cdc9d9-ddb5-4fa4-a97d-d965ccfc6d4b" outcome="Passed" testListId="8c84fa94-04c1-424b-9868-57a2d4851a1d" relativeResultsDirectory="efbb6c01-2d12-4c57-88cf-308c9845ea05" />
    <UnitTestResult executionId="27971a71-09e8-457e-ab70-e8161dc9c317" testId="bf5663e2-96fc-b02a-68fb-c3ca9cca605c" testName="WebServiceManagerBase_CallWithRetry_Retry_FaultException_NoRetry" computerName="DKSR-EFI-06" duration="00:00:00.0048962" startTime="2024-01-09T15:41:39.8142938+01:00" endTime="2024-01-09T15:41:39.8193882+01:00" testType="13cdc9d9-ddb5-4fa4-a97d-d965ccfc6d4b" outcome="Passed" testListId="8c84fa94-04c1-424b-9868-57a2d4851a1d" relativeResultsDirectory="27971a71-09e8-457e-ab70-e8161dc9c317" />
    <UnitTestResult executionId="2bd124cd-62e9-4aa1-bbd2-0634e61f9576" testId="61bb9a23-0abb-174e-cc77-8c5cd220ceab" testName="WebServiceManagerBase_Constructor_Token_TokenNull" computerName="DKSR-EFI-06" duration="00:00:00.0019911" startTime="2024-01-09T15:41:39.4670208+01:00" endTime="2024-01-09T15:41:39.4691999+01:00" testType="13cdc9d9-ddb5-4fa4-a97d-d965ccfc6d4b" outcome="Passed" testListId="8c84fa94-04c1-424b-9868-57a2d4851a1d" relativeResultsDirectory="2bd124cd-62e9-4aa1-bbd2-0634e61f9576" />
    <UnitTestResult executionId="dfc32f11-1603-4f5d-8c48-dd38b18b7959" testId="9585d6bc-56eb-698b-3a16-a729500d8a93" testName="ProxyClientFactory_CreateService_WithTokenCache" computerName="DKSR-EFI-06" duration="00:00:00.1103331" startTime="2024-01-09T15:41:39.8924048+01:00" endTime="2024-01-09T15:41:40.0042037+01:00" testType="13cdc9d9-ddb5-4fa4-a97d-d965ccfc6d4b" outcome="Passed" testListId="8c84fa94-04c1-424b-9868-57a2d4851a1d" relativeResultsDirectory="dfc32f11-1603-4f5d-8c48-dd38b18b7959" />
    <UnitTestResult executionId="243bd224-765b-4224-bce7-2d50b15d3339" testId="c83d7024-acd4-4618-c7c0-ce4b53f044cc" testName="Initialize_FactoryIsNull_FactoryIsSet" computerName="DKSR-EFI-06" duration="00:00:00.0135378" startTime="2024-01-09T15:41:39.8780479+01:00" endTime="2024-01-09T15:41:39.8918243+01:00" testType="13cdc9d9-ddb5-4fa4-a97d-d965ccfc6d4b" outcome="Passed" testListId="8c84fa94-04c1-424b-9868-57a2d4851a1d" relativeResultsDirectory="243bd224-765b-4224-bce7-2d50b15d3339" />
    <UnitTestResult executionId="2add13b2-1604-4f42-8db8-1255a09374dc" testId="0d6c3018-8651-f775-1bcc-e2f4831219ea" testName="WebServiceManagerBase_CallWithRetry_Retry_MessageSecurityException_InnerIdp_NoRetry" computerName="DKSR-EFI-06" duration="00:00:00.0026391" startTime="2024-01-09T15:41:39.8225442+01:00" endTime="2024-01-09T15:41:39.8253669+01:00" testType="13cdc9d9-ddb5-4fa4-a97d-d965ccfc6d4b" outcome="Passed" testListId="8c84fa94-04c1-424b-9868-57a2d4851a1d" relativeResultsDirectory="2add13b2-1604-4f42-8db8-1255a09374dc" />
    <UnitTestResult executionId="71d4f677-3fa5-4520-8d72-226bf41e0c50" testId="661d4809-df56-de3b-70f4-9df0730c7f23" testName="ManagementServerWcfHelper_GetEndpointAddress_OAuthNonsecure" computerName="DKSR-EFI-06" duration="00:00:00.0001573" startTime="2024-01-09T15:41:39.8499139+01:00" endTime="2024-01-09T15:41:39.8501864+01:00" testType="13cdc9d9-ddb5-4fa4-a97d-d965ccfc6d4b" outcome="Passed" testListId="8c84fa94-04c1-424b-9868-57a2d4851a1d" relativeResultsDirectory="71d4f677-3fa5-4520-8d72-226bf41e0c50" />
    <UnitTestResult executionId="242d88bb-f1ff-48e9-8460-846629134b52" testId="0e8a9888-78cb-f9ea-461d-ec1ac194c346" testName="WebServiceManagerBase_CallWithRetry_MethodFunction_ArgumentNullException" computerName="DKSR-EFI-06" duration="00:00:00.0016421" startTime="2024-01-09T15:41:39.7056306+01:00" endTime="2024-01-09T15:41:39.7074226+01:00" testType="13cdc9d9-ddb5-4fa4-a97d-d965ccfc6d4b" outcome="Passed" testListId="8c84fa94-04c1-424b-9868-57a2d4851a1d" relativeResultsDirectory="242d88bb-f1ff-48e9-8460-846629134b52" />
    <UnitTestResult executionId="762c3789-503c-4c57-805a-d69178acffe5" testId="7ad15d50-6b1a-5f37-ff81-15e62021567f" testName="WebServiceManagerBase_CallWithRetry_Retry_ObjectDisposedException_Success" computerName="DKSR-EFI-06" duration="00:00:00.0017140" startTime="2024-01-09T15:41:39.8118055+01:00" endTime="2024-01-09T15:41:39.8136647+01:00" testType="13cdc9d9-ddb5-4fa4-a97d-d965ccfc6d4b" outcome="Passed" testListId="8c84fa94-04c1-424b-9868-57a2d4851a1d" relativeResultsDirectory="762c3789-503c-4c57-805a-d69178acffe5" />
    <UnitTestResult executionId="58ea6212-d829-4241-bff6-f5e100a1ee57" testId="ad2cd101-e9de-73f7-7dd1-9388cd5dbc7b" testName="WebServiceManagerBase_CallWithRetry_Retry_CommunicationException_Success" computerName="DKSR-EFI-06" duration="00:00:00.0073760" startTime="2024-01-09T15:41:39.8035041+01:00" endTime="2024-01-09T15:41:39.8110570+01:00" testType="13cdc9d9-ddb5-4fa4-a97d-d965ccfc6d4b" outcome="Passed" testListId="8c84fa94-04c1-424b-9868-57a2d4851a1d" relativeResultsDirectory="58ea6212-d829-4241-bff6-f5e100a1ee57" />
    <UnitTestResult executionId="a66114e1-3fe9-4792-9d99-e26feb95fc9b" testId="6b09f188-1d85-7471-47b5-8d443de27ab4" testName="WebServiceManagerBase_CallWithRetry_Retry_CommunicationExceptionWithInnerIdpException_NoRetry" computerName="DKSR-EFI-06" duration="00:00:00.0015945" startTime="2024-01-09T15:41:39.8309732+01:00" endTime="2024-01-09T15:41:39.8327156+01:00" testType="13cdc9d9-ddb5-4fa4-a97d-d965ccfc6d4b" outcome="Passed" testListId="8c84fa94-04c1-424b-9868-57a2d4851a1d" relativeResultsDirectory="a66114e1-3fe9-4792-9d99-e26feb95fc9b" />
    <UnitTestResult executionId="546175c9-c8a5-48bf-9752-68bdee169108" testId="23a3d23e-4cc3-5c2c-b48f-a3e09a62fa8d" testName="ManagementServerWcfHelper_GetBinding_OAuthUnsecure" computerName="DKSR-EFI-06" duration="00:00:00.0009735" startTime="2024-01-09T15:41:39.8462470+01:00" endTime="2024-01-09T15:41:39.8474554+01:00" testType="13cdc9d9-ddb5-4fa4-a97d-d965ccfc6d4b" outcome="Passed" testListId="8c84fa94-04c1-424b-9868-57a2d4851a1d" relativeResultsDirectory="546175c9-c8a5-48bf-9752-68bdee169108" />
    <UnitTestResult executionId="79ece719-be53-4675-8d00-6a4537a68a28" testId="3aa66891-0927-06ff-f572-32558746d1dd" testName="WebServiceManagerBase_Initialize_OAuthUnsecure" computerName="DKSR-EFI-06" duration="00:00:00.0009237" startTime="2024-01-09T15:41:39.7020934+01:00" endTime="2024-01-09T15:41:39.7031794+01:00" testType="13cdc9d9-ddb5-4fa4-a97d-d965ccfc6d4b" outcome="Passed" testListId="8c84fa94-04c1-424b-9868-57a2d4851a1d" relativeResultsDirectory="79ece719-be53-4675-8d00-6a4537a68a28" />
    <UnitTestResult executionId="9a4f57f4-a34a-4a17-b6f7-13bb39029455" testId="e7662e93-d89a-b923-fa1f-10c2c67809ff" testName="SpnFactory_GetSpn_NotLocalhost" computerName="DKSR-EFI-06" duration="00:00:00.0002026" startTime="2024-01-09T15:41:39.8772037+01:00" endTime="2024-01-09T15:41:39.8775496+01:00" testType="13cdc9d9-ddb5-4fa4-a97d-d965ccfc6d4b" outcome="Passed" testListId="8c84fa94-04c1-424b-9868-57a2d4851a1d" relativeResultsDirectory="9a4f57f4-a34a-4a17-b6f7-13bb39029455" />
    <UnitTestResult executionId="1588a8a0-09a5-4da9-b599-593f39d2d13f" testId="2063c2aa-16ab-ca7d-a163-864058f25498" testName="WebServiceManagerBase_Constructor_Token_Secure" computerName="DKSR-EFI-06" duration="00:00:00.0010460" startTime="2024-01-09T15:41:39.4646618+01:00" endTime="2024-01-09T15:41:39.4659231+01:00" testType="13cdc9d9-ddb5-4fa4-a97d-d965ccfc6d4b" outcome="Passed" testListId="8c84fa94-04c1-424b-9868-57a2d4851a1d" relativeResultsDirectory="1588a8a0-09a5-4da9-b599-593f39d2d13f" />
    <UnitTestResult executionId="2a9845f0-3855-4dce-a441-d2e8042cbd8b" testId="a5fb6c15-79c9-60c2-f754-b9ba01a4a6c3" testName="WebServiceManagerBase_Initialize_OAuthSecure" computerName="DKSR-EFI-06" duration="00:00:00.2312962" startTime="2024-01-09T15:41:39.4698292+01:00" endTime="2024-01-09T15:41:39.7012932+01:00" testType="13cdc9d9-ddb5-4fa4-a97d-d965ccfc6d4b" outcome="Passed" testListId="8c84fa94-04c1-424b-9868-57a2d4851a1d" relativeResultsDirectory="2a9845f0-3855-4dce-a441-d2e8042cbd8b" />
    <UnitTestResult executionId="b3a25592-237d-4491-b7a7-083d6ca0141a" testId="10da0836-323e-7559-1cec-599818240865" testName="WebServiceManagerBase_CallWithRetry_Retry_EndpointNotFoundException_Retry" computerName="DKSR-EFI-06" duration="00:00:00.0016946" startTime="2024-01-09T15:41:39.8259874+01:00" endTime="2024-01-09T15:41:39.8277961+01:00" testType="13cdc9d9-ddb5-4fa4-a97d-d965ccfc6d4b" outcome="Passed" testListId="8c84fa94-04c1-424b-9868-57a2d4851a1d" relativeResultsDirectory="b3a25592-237d-4491-b7a7-083d6ca0141a" />
    <UnitTestResult executionId="e9a49476-2c9e-4186-8c31-77648164df74" testId="b5986743-9922-08f5-fa11-aec8890e5849" testName="WebServiceManagerBase_CallWithRetry_MethodAction_Success" computerName="DKSR-EFI-06" duration="00:00:00.0548002" startTime="2024-01-09T15:41:39.7079274+01:00" endTime="2024-01-09T15:41:39.7628854+01:00" testType="13cdc9d9-ddb5-4fa4-a97d-d965ccfc6d4b" outcome="Passed" testListId="8c84fa94-04c1-424b-9868-57a2d4851a1d" relativeResultsDirectory="e9a49476-2c9e-4186-8c31-77648164df74" />
    <UnitTestResult executionId="ccfc0dc6-9437-442c-b0b2-fd47fa818747" testId="211f2ba6-9227-d868-4d19-f97687042449" testName="SpnFactory_GetSpn_Localhost" computerName="DKSR-EFI-06" duration="00:00:00.0066711" startTime="2024-01-09T15:41:39.8694957+01:00" endTime="2024-01-09T15:41:39.8763680+01:00" testType="13cdc9d9-ddb5-4fa4-a97d-d965ccfc6d4b" outcome="Passed" testListId="8c84fa94-04c1-424b-9868-57a2d4851a1d" relativeResultsDirectory="ccfc0dc6-9437-442c-b0b2-fd47fa818747" />
    <UnitTestResult executionId="8e78cbcb-d75b-40c9-aa5c-1c96ca04c0ce" testId="cbae54c5-2e94-b8bf-a5c5-3eb4c950edb5" testName="ManagementServerUrlFactory_LegacyEndpoint_CorrectScheme" computerName="DKSR-EFI-06" duration="00:00:00.0010750" startTime="2024-01-09T15:41:39.8430925+01:00" endTime="2024-01-09T15:41:39.8444261+01:00" testType="13cdc9d9-ddb5-4fa4-a97d-d965ccfc6d4b" outcome="Passed" testListId="8c84fa94-04c1-424b-9868-57a2d4851a1d" relativeResultsDirectory="8e78cbcb-d75b-40c9-aa5c-1c96ca04c0ce" />
    <UnitTestResult executionId="c3542d40-1712-40c9-9784-8877ad5e65f3" testId="27251ebd-a906-115f-e194-888fdeae78a0" testName="WebServiceManagerBase_ExceptionHandling_Manual_Handler" computerName="DKSR-EFI-06" duration="00:00:00.0019032" startTime="2024-01-09T15:41:39.8401206+01:00" endTime="2024-01-09T15:41:39.8424548+01:00" testType="13cdc9d9-ddb5-4fa4-a97d-d965ccfc6d4b" outcome="Passed" testListId="8c84fa94-04c1-424b-9868-57a2d4851a1d" relativeResultsDirectory="c3542d40-1712-40c9-9784-8877ad5e65f3" />
    <UnitTestResult executionId="a51cbfdf-3038-4079-ac60-9b1112989b32" testId="fcd02a09-fc7b-8318-dd65-00fb25cec535" testName="WebServiceManagerBase_CallWithRetry_MethodAction_ArgumentNullException" computerName="DKSR-EFI-06" duration="00:00:00.0012060" startTime="2024-01-09T15:41:39.7037455+01:00" endTime="2024-01-09T15:41:39.7051064+01:00" testType="13cdc9d9-ddb5-4fa4-a97d-d965ccfc6d4b" outcome="Passed" testListId="8c84fa94-04c1-424b-9868-57a2d4851a1d" relativeResultsDirectory="a51cbfdf-3038-4079-ac60-9b1112989b32" />
    <UnitTestResult executionId="b0f806cd-8738-409e-be71-2c1ceaa00977" testId="214ab9f4-3721-4591-db50-390ba9b50adb" testName="ManagementServerWcfHelper_GetBinding_OAuthSecure" computerName="DKSR-EFI-06" duration="00:00:00.0002131" startTime="2024-01-09T15:41:39.8480821+01:00" endTime="2024-01-09T15:41:39.8483960+01:00" testType="13cdc9d9-ddb5-4fa4-a97d-d965ccfc6d4b" outcome="Passed" testListId="8c84fa94-04c1-424b-9868-57a2d4851a1d" relativeResultsDirectory="b0f806cd-8738-409e-be71-2c1ceaa00977" />
    <UnitTestResult executionId="b3bc90db-2737-45da-9b75-8f3fcf455c37" testId="1a633edc-caab-7ec3-e3d7-31517620e296" testName="ManagementServerWcfHelper_GetEndpointAddress_NonExistentServerAuth" computerName="DKSR-EFI-06" duration="00:00:00.0017596" startTime="2024-01-09T15:41:39.8508101+01:00" endTime="2024-01-09T15:41:39.8526760+01:00" testType="13cdc9d9-ddb5-4fa4-a97d-d965ccfc6d4b" outcome="Passed" testListId="8c84fa94-04c1-424b-9868-57a2d4851a1d" relativeResultsDirectory="b3bc90db-2737-45da-9b75-8f3fcf455c37" />
    <UnitTestResult executionId="69ec62c5-c7ea-4e7a-8167-fc8393fa8ab5" testId="65e32d54-a78a-06e7-0b2a-a7b33efa75c4" testName="WebServiceManagerBase_Constructor_Token_Unsecure" computerName="DKSR-EFI-06" duration="00:00:00.1184135" startTime="2024-01-09T15:41:39.2699726+01:00" endTime="2024-01-09T15:41:39.4451716+01:00" testType="13cdc9d9-ddb5-4fa4-a97d-d965ccfc6d4b" outcome="Passed" testListId="8c84fa94-04c1-424b-9868-57a2d4851a1d" relativeResultsDirectory="69ec62c5-c7ea-4e7a-8167-fc8393fa8ab5" />
    <UnitTestResult executionId="9ecddda1-f915-4b3e-955c-724137d7727d" testId="71c8e0fc-fc04-4ed8-d612-1f1d50f9e5ef" testName="WebServiceManagerBase_CallWithRetry_Retry_SecurityNegotiationException_NoRetry" computerName="DKSR-EFI-06" duration="00:00:00.0017350" startTime="2024-01-09T15:41:39.8200312+01:00" endTime="2024-01-09T15:41:39.8219401+01:00" testType="13cdc9d9-ddb5-4fa4-a97d-d965ccfc6d4b" outcome="Passed" testListId="8c84fa94-04c1-424b-9868-57a2d4851a1d" relativeResultsDirectory="9ecddda1-f915-4b3e-955c-724137d7727d" />
    <UnitTestResult executionId="c7d35864-8e8e-4ce8-9370-54c16dc3101c" testId="89c46a30-f165-8104-083a-52f425e60046" testName="ManagementServerUrlFactory_OauthEndpoint_CorrectScheme" computerName="DKSR-EFI-06" duration="00:00:00.0004888" startTime="2024-01-09T15:41:39.8450289+01:00" endTime="2024-01-09T15:41:39.8456416+01:00" testType="13cdc9d9-ddb5-4fa4-a97d-d965ccfc6d4b" outcome="Passed" testListId="8c84fa94-04c1-424b-9868-57a2d4851a1d" relativeResultsDirectory="c7d35864-8e8e-4ce8-9370-54c16dc3101c" />
    <UnitTestResult executionId="983a9977-7278-4415-87c3-15d5ede944c1" testId="f0d93962-9ac2-80b2-3134-ca5f213e0035" testName="WebServiceManagerBase_ExceptionHandling_Overall_Handler" computerName="DKSR-EFI-06" duration="00:00:00.0039800" startTime="2024-01-09T15:41:39.8333028+01:00" endTime="2024-01-09T15:41:39.8374071+01:00" testType="13cdc9d9-ddb5-4fa4-a97d-d965ccfc6d4b" outcome="Passed" testListId="8c84fa94-04c1-424b-9868-57a2d4851a1d" relativeResultsDirectory="983a9977-7278-4415-87c3-15d5ede944c1" />
    <UnitTestResult executionId="e7764487-ca07-46d8-8015-78961d6cf969" testId="c457d864-609e-2fd7-6d20-d69d335734fa" testName="WebServiceManagerBase_CallWithRetry_MethodFunction_Success" computerName="DKSR-EFI-06" duration="00:00:00.0023441" startTime="2024-01-09T15:41:39.7634883+01:00" endTime="2024-01-09T15:41:39.7659925+01:00" testType="13cdc9d9-ddb5-4fa4-a97d-d965ccfc6d4b" outcome="Passed" testListId="8c84fa94-04c1-424b-9868-57a2d4851a1d" relativeResultsDirectory="e7764487-ca07-46d8-8015-78961d6cf969" />
  </Results>
  <TestDefinitions>
    <UnitTest name="WebServiceManagerBase_ExceptionHandling_Overall_Handler" storage="d:\actions-runner\_work\xpco\xpco\allsolutions\..\common\videoos.webservice.common\tst\videoos.webservice.common.unittests\bin\debug\net6.0-windows\videoos.webservice.common.unittests.dll" id="f0d93962-9ac2-80b2-3134-ca5f213e0035">
      <Execution id="983a9977-7278-4415-87c3-15d5ede944c1" />
      <TestMethod codeBase="D:\actions-runner\_work\XPCO\XPCO\AllSolutions\..\Common\VideoOS.Webservice.Common\tst\VideoOS.WebService.Common.UnitTests\bin\Debug\net6.0-windows\VideoOS.WebService.Common.UnitTests.dll" adapterTypeName="executor://mstestadapter/v2" className="VideoOS.WebService.Common.UnitTests.WebServiceManagerBaseTest" name="WebServiceManagerBase_ExceptionHandling_Overall_Handler" />
    </UnitTest>
    <UnitTest name="WebServiceManagerBase_CallWithRetry_MethodAction_Success" storage="d:\actions-runner\_work\xpco\xpco\allsolutions\..\common\videoos.webservice.common\tst\videoos.webservice.common.unittests\bin\debug\net6.0-windows\videoos.webservice.common.unittests.dll" id="b5986743-9922-08f5-fa11-aec8890e5849">
      <Execution id="e9a49476-2c9e-4186-8c31-77648164df74" />
      <TestMethod codeBase="D:\actions-runner\_work\XPCO\XPCO\AllSolutions\..\Common\VideoOS.Webservice.Common\tst\VideoOS.WebService.Common.UnitTests\bin\Debug\net6.0-windows\VideoOS.WebService.Common.UnitTests.dll" adapterTypeName="executor://mstestadapter/v2" className="VideoOS.WebService.Common.UnitTests.WebServiceManagerBaseTest" name="WebServiceManagerBase_CallWithRetry_MethodAction_Success" />
    </UnitTest>
    <UnitTest name="WebServiceManagerBase_Constructor_Token_Unsecure" storage="d:\actions-runner\_work\xpco\xpco\allsolutions\..\common\videoos.webservice.common\tst\videoos.webservice.common.unittests\bin\debug\net6.0-windows\videoos.webservice.common.unittests.dll" id="65e32d54-a78a-06e7-0b2a-a7b33efa75c4">
      <Execution id="69ec62c5-c7ea-4e7a-8167-fc8393fa8ab5" />
      <TestMethod codeBase="D:\actions-runner\_work\XPCO\XPCO\AllSolutions\..\Common\VideoOS.Webservice.Common\tst\VideoOS.WebService.Common.UnitTests\bin\Debug\net6.0-windows\VideoOS.WebService.Common.UnitTests.dll" adapterTypeName="executor://mstestadapter/v2" className="VideoOS.WebService.Common.UnitTests.WebServiceManagerBaseTest" name="WebServiceManagerBase_Constructor_Token_Unsecure" />
    </UnitTest>
    <UnitTest name="WebServiceManagerBase_CallWithRetry_Retry_FaultException_NoRetry" storage="d:\actions-runner\_work\xpco\xpco\allsolutions\..\common\videoos.webservice.common\tst\videoos.webservice.common.unittests\bin\debug\net6.0-windows\videoos.webservice.common.unittests.dll" id="bf5663e2-96fc-b02a-68fb-c3ca9cca605c">
      <Execution id="27971a71-09e8-457e-ab70-e8161dc9c317" />
      <TestMethod codeBase="D:\actions-runner\_work\XPCO\XPCO\AllSolutions\..\Common\VideoOS.Webservice.Common\tst\VideoOS.WebService.Common.UnitTests\bin\Debug\net6.0-windows\VideoOS.WebService.Common.UnitTests.dll" adapterTypeName="executor://mstestadapter/v2" className="VideoOS.WebService.Common.UnitTests.WebServiceManagerBaseTest" name="WebServiceManagerBase_CallWithRetry_Retry_FaultException_NoRetry" />
    </UnitTest>
    <UnitTest name="WebServiceManagerBase_CallWithRetry_Retry_CommunicationExceptionWithInnerIdpException_NoRetry" storage="d:\actions-runner\_work\xpco\xpco\allsolutions\..\common\videoos.webservice.common\tst\videoos.webservice.common.unittests\bin\debug\net6.0-windows\videoos.webservice.common.unittests.dll" id="6b09f188-1d85-7471-47b5-8d443de27ab4">
      <Execution id="a66114e1-3fe9-4792-9d99-e26feb95fc9b" />
      <TestMethod codeBase="D:\actions-runner\_work\XPCO\XPCO\AllSolutions\..\Common\VideoOS.Webservice.Common\tst\VideoOS.WebService.Common.UnitTests\bin\Debug\net6.0-windows\VideoOS.WebService.Common.UnitTests.dll" adapterTypeName="executor://mstestadapter/v2" className="VideoOS.WebService.Common.UnitTests.WebServiceManagerBaseTest" name="WebServiceManagerBase_CallWithRetry_Retry_CommunicationExceptionWithInnerIdpException_NoRetry" />
    </UnitTest>
    <UnitTest name="ManagementServerWcfHelper_GetEndpointAddress_OAuthSecure" storage="d:\actions-runner\_work\xpco\xpco\allsolutions\..\common\videoos.webservice.common\tst\videoos.webservice.common.unittests\bin\debug\net6.0-windows\videoos.webservice.common.unittests.dll" id="c908d8e8-2438-04db-a0e0-67533ab91b11">
      <Execution id="efbb6c01-2d12-4c57-88cf-308c9845ea05" />
      <TestMethod codeBase="D:\actions-runner\_work\XPCO\XPCO\AllSolutions\..\Common\VideoOS.Webservice.Common\tst\VideoOS.WebService.Common.UnitTests\bin\Debug\net6.0-windows\VideoOS.WebService.Common.UnitTests.dll" adapterTypeName="executor://mstestadapter/v2" className="VideoOS.WebService.Common.UnitTests.Framework.ManagementServerWcfHelperTest" name="ManagementServerWcfHelper_GetEndpointAddress_OAuthSecure" />
    </UnitTest>
    <UnitTest name="WebServiceManagerBase_Constructor_Token_Secure" storage="d:\actions-runner\_work\xpco\xpco\allsolutions\..\common\videoos.webservice.common\tst\videoos.webservice.common.unittests\bin\debug\net6.0-windows\videoos.webservice.common.unittests.dll" id="2063c2aa-16ab-ca7d-a163-864058f25498">
      <Execution id="1588a8a0-09a5-4da9-b599-593f39d2d13f" />
      <TestMethod codeBase="D:\actions-runner\_work\XPCO\XPCO\AllSolutions\..\Common\VideoOS.Webservice.Common\tst\VideoOS.WebService.Common.UnitTests\bin\Debug\net6.0-windows\VideoOS.WebService.Common.UnitTests.dll" adapterTypeName="executor://mstestadapter/v2" className="VideoOS.WebService.Common.UnitTests.WebServiceManagerBaseTest" name="WebServiceManagerBase_Constructor_Token_Secure" />
    </UnitTest>
    <UnitTest name="ManagementServerWcfHelper_GetBinding_OAuthUnsecure" storage="d:\actions-runner\_work\xpco\xpco\allsolutions\..\common\videoos.webservice.common\tst\videoos.webservice.common.unittests\bin\debug\net6.0-windows\videoos.webservice.common.unittests.dll" id="23a3d23e-4cc3-5c2c-b48f-a3e09a62fa8d">
      <Execution id="546175c9-c8a5-48bf-9752-68bdee169108" />
      <TestMethod codeBase="D:\actions-runner\_work\XPCO\XPCO\AllSolutions\..\Common\VideoOS.Webservice.Common\tst\VideoOS.WebService.Common.UnitTests\bin\Debug\net6.0-windows\VideoOS.WebService.Common.UnitTests.dll" adapterTypeName="executor://mstestadapter/v2" className="VideoOS.WebService.Common.UnitTests.Framework.ManagementServerWcfHelperTest" name="ManagementServerWcfHelper_GetBinding_OAuthUnsecure" />
    </UnitTest>
    <UnitTest name="WebServiceManagerBase_Constructor_Token_TokenNull" storage="d:\actions-runner\_work\xpco\xpco\allsolutions\..\common\videoos.webservice.common\tst\videoos.webservice.common.unittests\bin\debug\net6.0-windows\videoos.webservice.common.unittests.dll" id="61bb9a23-0abb-174e-cc77-8c5cd220ceab">
      <Execution id="2bd124cd-62e9-4aa1-bbd2-0634e61f9576" />
      <TestMethod codeBase="D:\actions-runner\_work\XPCO\XPCO\AllSolutions\..\Common\VideoOS.Webservice.Common\tst\VideoOS.WebService.Common.UnitTests\bin\Debug\net6.0-windows\VideoOS.WebService.Common.UnitTests.dll" adapterTypeName="executor://mstestadapter/v2" className="VideoOS.WebService.Common.UnitTests.WebServiceManagerBaseTest" name="WebServiceManagerBase_Constructor_Token_TokenNull" />
    </UnitTest>
    <UnitTest name="ManagementServerWcfHelper_GetEndpointAddress_OAuthNonsecure" storage="d:\actions-runner\_work\xpco\xpco\allsolutions\..\common\videoos.webservice.common\tst\videoos.webservice.common.unittests\bin\debug\net6.0-windows\videoos.webservice.common.unittests.dll" id="661d4809-df56-de3b-70f4-9df0730c7f23">
      <Execution id="71d4f677-3fa5-4520-8d72-226bf41e0c50" />
      <TestMethod codeBase="D:\actions-runner\_work\XPCO\XPCO\AllSolutions\..\Common\VideoOS.Webservice.Common\tst\VideoOS.WebService.Common.UnitTests\bin\Debug\net6.0-windows\VideoOS.WebService.Common.UnitTests.dll" adapterTypeName="executor://mstestadapter/v2" className="VideoOS.WebService.Common.UnitTests.Framework.ManagementServerWcfHelperTest" name="ManagementServerWcfHelper_GetEndpointAddress_OAuthNonsecure" />
    </UnitTest>
    <UnitTest name="WebServiceManagerBase_Initialize_OAuthSecure" storage="d:\actions-runner\_work\xpco\xpco\allsolutions\..\common\videoos.webservice.common\tst\videoos.webservice.common.unittests\bin\debug\net6.0-windows\videoos.webservice.common.unittests.dll" id="a5fb6c15-79c9-60c2-f754-b9ba01a4a6c3">
      <Execution id="2a9845f0-3855-4dce-a441-d2e8042cbd8b" />
      <TestMethod codeBase="D:\actions-runner\_work\XPCO\XPCO\AllSolutions\..\Common\VideoOS.Webservice.Common\tst\VideoOS.WebService.Common.UnitTests\bin\Debug\net6.0-windows\VideoOS.WebService.Common.UnitTests.dll" adapterTypeName="executor://mstestadapter/v2" className="VideoOS.WebService.Common.UnitTests.WebServiceManagerBaseTest" name="WebServiceManagerBase_Initialize_OAuthSecure" />
    </UnitTest>
    <UnitTest name="ProxyClientFactory_CreateService_WithTokenCache" storage="d:\actions-runner\_work\xpco\xpco\allsolutions\..\common\videoos.webservice.common\tst\videoos.webservice.common.unittests\bin\debug\net6.0-windows\videoos.webservice.common.unittests.dll" id="9585d6bc-56eb-698b-3a16-a729500d8a93">
      <Execution id="dfc32f11-1603-4f5d-8c48-dd38b18b7959" />
      <TestMethod codeBase="D:\actions-runner\_work\XPCO\XPCO\AllSolutions\..\Common\VideoOS.Webservice.Common\tst\VideoOS.WebService.Common.UnitTests\bin\Debug\net6.0-windows\VideoOS.WebService.Common.UnitTests.dll" adapterTypeName="executor://mstestadapter/v2" className="VideoOS.WebService.Common.UnitTests.Framework.ChannelFactory.ProxyClientFactoryTests" name="ProxyClientFactory_CreateService_WithTokenCache" />
    </UnitTest>
    <UnitTest name="WebServiceManagerBase_CallWithRetry_Retry_MessageSecurityException_InnerIdp_NoRetry" storage="d:\actions-runner\_work\xpco\xpco\allsolutions\..\common\videoos.webservice.common\tst\videoos.webservice.common.unittests\bin\debug\net6.0-windows\videoos.webservice.common.unittests.dll" id="0d6c3018-8651-f775-1bcc-e2f4831219ea">
      <Execution id="2add13b2-1604-4f42-8db8-1255a09374dc" />
      <TestMethod codeBase="D:\actions-runner\_work\XPCO\XPCO\AllSolutions\..\Common\VideoOS.Webservice.Common\tst\VideoOS.WebService.Common.UnitTests\bin\Debug\net6.0-windows\VideoOS.WebService.Common.UnitTests.dll" adapterTypeName="executor://mstestadapter/v2" className="VideoOS.WebService.Common.UnitTests.WebServiceManagerBaseTest" name="WebServiceManagerBase_CallWithRetry_Retry_MessageSecurityException_InnerIdp_NoRetry" />
    </UnitTest>
    <UnitTest name="ManagementServerWcfHelper_GetEndpointAddress_NonExistentServerAuth" storage="d:\actions-runner\_work\xpco\xpco\allsolutions\..\common\videoos.webservice.common\tst\videoos.webservice.common.unittests\bin\debug\net6.0-windows\videoos.webservice.common.unittests.dll" id="1a633edc-caab-7ec3-e3d7-31517620e296">
      <Execution id="b3bc90db-2737-45da-9b75-8f3fcf455c37" />
      <TestMethod codeBase="D:\actions-runner\_work\XPCO\XPCO\AllSolutions\..\Common\VideoOS.Webservice.Common\tst\VideoOS.WebService.Common.UnitTests\bin\Debug\net6.0-windows\VideoOS.WebService.Common.UnitTests.dll" adapterTypeName="executor://mstestadapter/v2" className="VideoOS.WebService.Common.UnitTests.Framework.ManagementServerWcfHelperTest" name="ManagementServerWcfHelper_GetEndpointAddress_NonExistentServerAuth" />
    </UnitTest>
    <UnitTest name="WebServiceManagerBase_Initialize_OAuthUnsecure" storage="d:\actions-runner\_work\xpco\xpco\allsolutions\..\common\videoos.webservice.common\tst\videoos.webservice.common.unittests\bin\debug\net6.0-windows\videoos.webservice.common.unittests.dll" id="3aa66891-0927-06ff-f572-32558746d1dd">
      <Execution id="79ece719-be53-4675-8d00-6a4537a68a28" />
      <TestMethod codeBase="D:\actions-runner\_work\XPCO\XPCO\AllSolutions\..\Common\VideoOS.Webservice.Common\tst\VideoOS.WebService.Common.UnitTests\bin\Debug\net6.0-windows\VideoOS.WebService.Common.UnitTests.dll" adapterTypeName="executor://mstestadapter/v2" className="VideoOS.WebService.Common.UnitTests.WebServiceManagerBaseTest" name="WebServiceManagerBase_Initialize_OAuthUnsecure" />
    </UnitTest>
    <UnitTest name="SpnFactory_GetSpn_Localhost" storage="d:\actions-runner\_work\xpco\xpco\allsolutions\..\common\videoos.webservice.common\tst\videoos.webservice.common.unittests\bin\debug\net6.0-windows\videoos.webservice.common.unittests.dll" id="211f2ba6-9227-d868-4d19-f97687042449">
      <Execution id="ccfc0dc6-9437-442c-b0b2-fd47fa818747" />
      <TestMethod codeBase="D:\actions-runner\_work\XPCO\XPCO\AllSolutions\..\Common\VideoOS.Webservice.Common\tst\VideoOS.WebService.Common.UnitTests\bin\Debug\net6.0-windows\VideoOS.WebService.Common.UnitTests.dll" adapterTypeName="executor://mstestadapter/v2" className="VideoOS.WebService.Common.UnitTests.Framework.SpnFactoryTests" name="SpnFactory_GetSpn_Localhost" />
    </UnitTest>
    <UnitTest name="WebServiceManagerBase_CallWithRetry_Retry_CommunicationExceptionWithInnerIdentityServerTokenException_NoRetry" storage="d:\actions-runner\_work\xpco\xpco\allsolutions\..\common\videoos.webservice.common\tst\videoos.webservice.common.unittests\bin\debug\net6.0-windows\videoos.webservice.common.unittests.dll" id="f4743cca-e1c7-35b4-e90a-2c2c06210594">
      <Execution id="bb09ee73-799a-4a20-b5bd-f86c81ea33d2" />
      <TestMethod codeBase="D:\actions-runner\_work\XPCO\XPCO\AllSolutions\..\Common\VideoOS.Webservice.Common\tst\VideoOS.WebService.Common.UnitTests\bin\Debug\net6.0-windows\VideoOS.WebService.Common.UnitTests.dll" adapterTypeName="executor://mstestadapter/v2" className="VideoOS.WebService.Common.UnitTests.WebServiceManagerBaseTest" name="WebServiceManagerBase_CallWithRetry_Retry_CommunicationExceptionWithInnerIdentityServerTokenException_NoRetry" />
    </UnitTest>
    <UnitTest name="WebServiceManagerBase_CallWithRetry_MethodFunction_ArgumentNullException" storage="d:\actions-runner\_work\xpco\xpco\allsolutions\..\common\videoos.webservice.common\tst\videoos.webservice.common.unittests\bin\debug\net6.0-windows\videoos.webservice.common.unittests.dll" id="0e8a9888-78cb-f9ea-461d-ec1ac194c346">
      <Execution id="242d88bb-f1ff-48e9-8460-846629134b52" />
      <TestMethod codeBase="D:\actions-runner\_work\XPCO\XPCO\AllSolutions\..\Common\VideoOS.Webservice.Common\tst\VideoOS.WebService.Common.UnitTests\bin\Debug\net6.0-windows\VideoOS.WebService.Common.UnitTests.dll" adapterTypeName="executor://mstestadapter/v2" className="VideoOS.WebService.Common.UnitTests.WebServiceManagerBaseTest" name="WebServiceManagerBase_CallWithRetry_MethodFunction_ArgumentNullException" />
    </UnitTest>
    <UnitTest name="WebServiceManagerBase_CallWithRetry_MethodAction_ArgumentNullException" storage="d:\actions-runner\_work\xpco\xpco\allsolutions\..\common\videoos.webservice.common\tst\videoos.webservice.common.unittests\bin\debug\net6.0-windows\videoos.webservice.common.unittests.dll" id="fcd02a09-fc7b-8318-dd65-00fb25cec535">
      <Execution id="a51cbfdf-3038-4079-ac60-9b1112989b32" />
      <TestMethod codeBase="D:\actions-runner\_work\XPCO\XPCO\AllSolutions\..\Common\VideoOS.Webservice.Common\tst\VideoOS.WebService.Common.UnitTests\bin\Debug\net6.0-windows\VideoOS.WebService.Common.UnitTests.dll" adapterTypeName="executor://mstestadapter/v2" className="VideoOS.WebService.Common.UnitTests.WebServiceManagerBaseTest" name="WebServiceManagerBase_CallWithRetry_MethodAction_ArgumentNullException" />
    </UnitTest>
    <UnitTest name="SpnFactory_GetSpn_ArgumentNullException" storage="d:\actions-runner\_work\xpco\xpco\allsolutions\..\common\videoos.webservice.common\tst\videoos.webservice.common.unittests\bin\debug\net6.0-windows\videoos.webservice.common.unittests.dll" id="f0a6b858-f8e7-5df8-f607-10274d56bfe9">
      <Execution id="2fe2c4e5-c0c1-4ecd-afeb-a7975c34e0ee" />
      <TestMethod codeBase="D:\actions-runner\_work\XPCO\XPCO\AllSolutions\..\Common\VideoOS.Webservice.Common\tst\VideoOS.WebService.Common.UnitTests\bin\Debug\net6.0-windows\VideoOS.WebService.Common.UnitTests.dll" adapterTypeName="executor://mstestadapter/v2" className="VideoOS.WebService.Common.UnitTests.Framework.SpnFactoryTests" name="SpnFactory_GetSpn_ArgumentNullException" />
    </UnitTest>
    <UnitTest name="WebServiceManagerBase_CallWithRetry_MethodFunction_Success" storage="d:\actions-runner\_work\xpco\xpco\allsolutions\..\common\videoos.webservice.common\tst\videoos.webservice.common.unittests\bin\debug\net6.0-windows\videoos.webservice.common.unittests.dll" id="c457d864-609e-2fd7-6d20-d69d335734fa">
      <Execution id="e7764487-ca07-46d8-8015-78961d6cf969" />
      <TestMethod codeBase="D:\actions-runner\_work\XPCO\XPCO\AllSolutions\..\Common\VideoOS.Webservice.Common\tst\VideoOS.WebService.Common.UnitTests\bin\Debug\net6.0-windows\VideoOS.WebService.Common.UnitTests.dll" adapterTypeName="executor://mstestadapter/v2" className="VideoOS.WebService.Common.UnitTests.WebServiceManagerBaseTest" name="WebServiceManagerBase_CallWithRetry_MethodFunction_Success" />
    </UnitTest>
    <UnitTest name="WebServiceManagerBase_CallWithRetry_Retry_CommunicationException_Success" storage="d:\actions-runner\_work\xpco\xpco\allsolutions\..\common\videoos.webservice.common\tst\videoos.webservice.common.unittests\bin\debug\net6.0-windows\videoos.webservice.common.unittests.dll" id="ad2cd101-e9de-73f7-7dd1-9388cd5dbc7b">
      <Execution id="58ea6212-d829-4241-bff6-f5e100a1ee57" />
      <TestMethod codeBase="D:\actions-runner\_work\XPCO\XPCO\AllSolutions\..\Common\VideoOS.Webservice.Common\tst\VideoOS.WebService.Common.UnitTests\bin\Debug\net6.0-windows\VideoOS.WebService.Common.UnitTests.dll" adapterTypeName="executor://mstestadapter/v2" className="VideoOS.WebService.Common.UnitTests.WebServiceManagerBaseTest" name="WebServiceManagerBase_CallWithRetry_Retry_CommunicationException_Success" />
    </UnitTest>
    <UnitTest name="ManagementServerWcfHelper_GetBinding_OAuthSecure" storage="d:\actions-runner\_work\xpco\xpco\allsolutions\..\common\videoos.webservice.common\tst\videoos.webservice.common.unittests\bin\debug\net6.0-windows\videoos.webservice.common.unittests.dll" id="214ab9f4-3721-4591-db50-390ba9b50adb">
      <Execution id="b0f806cd-8738-409e-be71-2c1ceaa00977" />
      <TestMethod codeBase="D:\actions-runner\_work\XPCO\XPCO\AllSolutions\..\Common\VideoOS.Webservice.Common\tst\VideoOS.WebService.Common.UnitTests\bin\Debug\net6.0-windows\VideoOS.WebService.Common.UnitTests.dll" adapterTypeName="executor://mstestadapter/v2" className="VideoOS.WebService.Common.UnitTests.Framework.ManagementServerWcfHelperTest" name="ManagementServerWcfHelper_GetBinding_OAuthSecure" />
    </UnitTest>
    <UnitTest name="WebServiceManagerBase_CallWithRetry_Retry_ObjectDisposedException_Success" storage="d:\actions-runner\_work\xpco\xpco\allsolutions\..\common\videoos.webservice.common\tst\videoos.webservice.common.unittests\bin\debug\net6.0-windows\videoos.webservice.common.unittests.dll" id="7ad15d50-6b1a-5f37-ff81-15e62021567f">
      <Execution id="762c3789-503c-4c57-805a-d69178acffe5" />
      <TestMethod codeBase="D:\actions-runner\_work\XPCO\XPCO\AllSolutions\..\Common\VideoOS.Webservice.Common\tst\VideoOS.WebService.Common.UnitTests\bin\Debug\net6.0-windows\VideoOS.WebService.Common.UnitTests.dll" adapterTypeName="executor://mstestadapter/v2" className="VideoOS.WebService.Common.UnitTests.WebServiceManagerBaseTest" name="WebServiceManagerBase_CallWithRetry_Retry_ObjectDisposedException_Success" />
    </UnitTest>
    <UnitTest name="Initialize_FactoryIsNull_FactoryIsSet" storage="d:\actions-runner\_work\xpco\xpco\allsolutions\..\common\videoos.webservice.common\tst\videoos.webservice.common.unittests\bin\debug\net6.0-windows\videoos.webservice.common.unittests.dll" id="c83d7024-acd4-4618-c7c0-ce4b53f044cc">
      <Execution id="243bd224-765b-4224-bce7-2d50b15d3339" />
      <TestMethod codeBase="D:\actions-runner\_work\XPCO\XPCO\AllSolutions\..\Common\VideoOS.Webservice.Common\tst\VideoOS.WebService.Common.UnitTests\bin\Debug\net6.0-windows\VideoOS.WebService.Common.UnitTests.dll" adapterTypeName="executor://mstestadapter/v2" className="VideoOS.WebService.Common.UnitTests.Framework.ChannelFactory.ChannelFactoryManagerBaseTests" name="Initialize_FactoryIsNull_FactoryIsSet" />
    </UnitTest>
    <UnitTest name="ManagementServerUrlFactory_OauthEndpoint_CorrectScheme" storage="d:\actions-runner\_work\xpco\xpco\allsolutions\..\common\videoos.webservice.common\tst\videoos.webservice.common.unittests\bin\debug\net6.0-windows\videoos.webservice.common.unittests.dll" id="89c46a30-f165-8104-083a-52f425e60046">
      <Execution id="c7d35864-8e8e-4ce8-9370-54c16dc3101c" />
      <TestMethod codeBase="D:\actions-runner\_work\XPCO\XPCO\AllSolutions\..\Common\VideoOS.Webservice.Common\tst\VideoOS.WebService.Common.UnitTests\bin\Debug\net6.0-windows\VideoOS.WebService.Common.UnitTests.dll" adapterTypeName="executor://mstestadapter/v2" className="VideoOS.WebService.Common.UnitTests.Framework.ManagementServerUrlFactoryTests" name="ManagementServerUrlFactory_OauthEndpoint_CorrectScheme" />
    </UnitTest>
    <UnitTest name="WebServiceManagerBase_CallWithRetry_Retry_SecurityNegotiationException_NoRetry" storage="d:\actions-runner\_work\xpco\xpco\allsolutions\..\common\videoos.webservice.common\tst\videoos.webservice.common.unittests\bin\debug\net6.0-windows\videoos.webservice.common.unittests.dll" id="71c8e0fc-fc04-4ed8-d612-1f1d50f9e5ef">
      <Execution id="9ecddda1-f915-4b3e-955c-724137d7727d" />
      <TestMethod codeBase="D:\actions-runner\_work\XPCO\XPCO\AllSolutions\..\Common\VideoOS.Webservice.Common\tst\VideoOS.WebService.Common.UnitTests\bin\Debug\net6.0-windows\VideoOS.WebService.Common.UnitTests.dll" adapterTypeName="executor://mstestadapter/v2" className="VideoOS.WebService.Common.UnitTests.WebServiceManagerBaseTest" name="WebServiceManagerBase_CallWithRetry_Retry_SecurityNegotiationException_NoRetry" />
    </UnitTest>
    <UnitTest name="WebServiceManagerBase_CallWithRetry_Retry_EndpointNotFoundException_Retry" storage="d:\actions-runner\_work\xpco\xpco\allsolutions\..\common\videoos.webservice.common\tst\videoos.webservice.common.unittests\bin\debug\net6.0-windows\videoos.webservice.common.unittests.dll" id="10da0836-323e-7559-1cec-599818240865">
      <Execution id="b3a25592-237d-4491-b7a7-083d6ca0141a" />
      <TestMethod codeBase="D:\actions-runner\_work\XPCO\XPCO\AllSolutions\..\Common\VideoOS.Webservice.Common\tst\VideoOS.WebService.Common.UnitTests\bin\Debug\net6.0-windows\VideoOS.WebService.Common.UnitTests.dll" adapterTypeName="executor://mstestadapter/v2" className="VideoOS.WebService.Common.UnitTests.WebServiceManagerBaseTest" name="WebServiceManagerBase_CallWithRetry_Retry_EndpointNotFoundException_Retry" />
    </UnitTest>
    <UnitTest name="ManagementServerUrlFactory_LegacyEndpoint_CorrectScheme" storage="d:\actions-runner\_work\xpco\xpco\allsolutions\..\common\videoos.webservice.common\tst\videoos.webservice.common.unittests\bin\debug\net6.0-windows\videoos.webservice.common.unittests.dll" id="cbae54c5-2e94-b8bf-a5c5-3eb4c950edb5">
      <Execution id="8e78cbcb-d75b-40c9-aa5c-1c96ca04c0ce" />
      <TestMethod codeBase="D:\actions-runner\_work\XPCO\XPCO\AllSolutions\..\Common\VideoOS.Webservice.Common\tst\VideoOS.WebService.Common.UnitTests\bin\Debug\net6.0-windows\VideoOS.WebService.Common.UnitTests.dll" adapterTypeName="executor://mstestadapter/v2" className="VideoOS.WebService.Common.UnitTests.Framework.ManagementServerUrlFactoryTests" name="ManagementServerUrlFactory_LegacyEndpoint_CorrectScheme" />
    </UnitTest>
    <UnitTest name="WebServiceManagerBase_ExceptionHandling_Manual_Handler" storage="d:\actions-runner\_work\xpco\xpco\allsolutions\..\common\videoos.webservice.common\tst\videoos.webservice.common.unittests\bin\debug\net6.0-windows\videoos.webservice.common.unittests.dll" id="27251ebd-a906-115f-e194-888fdeae78a0">
      <Execution id="c3542d40-1712-40c9-9784-8877ad5e65f3" />
      <TestMethod codeBase="D:\actions-runner\_work\XPCO\XPCO\AllSolutions\..\Common\VideoOS.Webservice.Common\tst\VideoOS.WebService.Common.UnitTests\bin\Debug\net6.0-windows\VideoOS.WebService.Common.UnitTests.dll" adapterTypeName="executor://mstestadapter/v2" className="VideoOS.WebService.Common.UnitTests.WebServiceManagerBaseTest" name="WebServiceManagerBase_ExceptionHandling_Manual_Handler" />
    </UnitTest>
    <UnitTest name="SpnFactory_GetSpn_NotLocalhost" storage="d:\actions-runner\_work\xpco\xpco\allsolutions\..\common\videoos.webservice.common\tst\videoos.webservice.common.unittests\bin\debug\net6.0-windows\videoos.webservice.common.unittests.dll" id="e7662e93-d89a-b923-fa1f-10c2c67809ff">
      <Execution id="9a4f57f4-a34a-4a17-b6f7-13bb39029455" />
      <TestMethod codeBase="D:\actions-runner\_work\XPCO\XPCO\AllSolutions\..\Common\VideoOS.Webservice.Common\tst\VideoOS.WebService.Common.UnitTests\bin\Debug\net6.0-windows\VideoOS.WebService.Common.UnitTests.dll" adapterTypeName="executor://mstestadapter/v2" className="VideoOS.WebService.Common.UnitTests.Framework.SpnFactoryTests" name="SpnFactory_GetSpn_NotLocalhost" />
    </UnitTest>
  </TestDefinitions>
  <TestEntries>
    <TestEntry testId="f4743cca-e1c7-35b4-e90a-2c2c06210594" executionId="bb09ee73-799a-4a20-b5bd-f86c81ea33d2" testListId="8c84fa94-04c1-424b-9868-57a2d4851a1d" />
    <TestEntry testId="f0a6b858-f8e7-5df8-f607-10274d56bfe9" executionId="2fe2c4e5-c0c1-4ecd-afeb-a7975c34e0ee" testListId="8c84fa94-04c1-424b-9868-57a2d4851a1d" />
    <TestEntry testId="c908d8e8-2438-04db-a0e0-67533ab91b11" executionId="efbb6c01-2d12-4c57-88cf-308c9845ea05" testListId="8c84fa94-04c1-424b-9868-57a2d4851a1d" />
    <TestEntry testId="bf5663e2-96fc-b02a-68fb-c3ca9cca605c" executionId="27971a71-09e8-457e-ab70-e8161dc9c317" testListId="8c84fa94-04c1-424b-9868-57a2d4851a1d" />
    <TestEntry testId="61bb9a23-0abb-174e-cc77-8c5cd220ceab" executionId="2bd124cd-62e9-4aa1-bbd2-0634e61f9576" testListId="8c84fa94-04c1-424b-9868-57a2d4851a1d" />
    <TestEntry testId="9585d6bc-56eb-698b-3a16-a729500d8a93" executionId="dfc32f11-1603-4f5d-8c48-dd38b18b7959" testListId="8c84fa94-04c1-424b-9868-57a2d4851a1d" />
    <TestEntry testId="c83d7024-acd4-4618-c7c0-ce4b53f044cc" executionId="243bd224-765b-4224-bce7-2d50b15d3339" testListId="8c84fa94-04c1-424b-9868-57a2d4851a1d" />
    <TestEntry testId="0d6c3018-8651-f775-1bcc-e2f4831219ea" executionId="2add13b2-1604-4f42-8db8-1255a09374dc" testListId="8c84fa94-04c1-424b-9868-57a2d4851a1d" />
    <TestEntry testId="661d4809-df56-de3b-70f4-9df0730c7f23" executionId="71d4f677-3fa5-4520-8d72-226bf41e0c50" testListId="8c84fa94-04c1-424b-9868-57a2d4851a1d" />
    <TestEntry testId="0e8a9888-78cb-f9ea-461d-ec1ac194c346" executionId="242d88bb-f1ff-48e9-8460-846629134b52" testListId="8c84fa94-04c1-424b-9868-57a2d4851a1d" />
    <TestEntry testId="7ad15d50-6b1a-5f37-ff81-15e62021567f" executionId="762c3789-503c-4c57-805a-d69178acffe5" testListId="8c84fa94-04c1-424b-9868-57a2d4851a1d" />
    <TestEntry testId="ad2cd101-e9de-73f7-7dd1-9388cd5dbc7b" executionId="58ea6212-d829-4241-bff6-f5e100a1ee57" testListId="8c84fa94-04c1-424b-9868-57a2d4851a1d" />
    <TestEntry testId="6b09f188-1d85-7471-47b5-8d443de27ab4" executionId="a66114e1-3fe9-4792-9d99-e26feb95fc9b" testListId="8c84fa94-04c1-424b-9868-57a2d4851a1d" />
    <TestEntry testId="23a3d23e-4cc3-5c2c-b48f-a3e09a62fa8d" executionId="546175c9-c8a5-48bf-9752-68bdee169108" testListId="8c84fa94-04c1-424b-9868-57a2d4851a1d" />
    <TestEntry testId="3aa66891-0927-06ff-f572-32558746d1dd" executionId="79ece719-be53-4675-8d00-6a4537a68a28" testListId="8c84fa94-04c1-424b-9868-57a2d4851a1d" />
    <TestEntry testId="e7662e93-d89a-b923-fa1f-10c2c67809ff" executionId="9a4f57f4-a34a-4a17-b6f7-13bb39029455" testListId="8c84fa94-04c1-424b-9868-57a2d4851a1d" />
    <TestEntry testId="2063c2aa-16ab-ca7d-a163-864058f25498" executionId="1588a8a0-09a5-4da9-b599-593f39d2d13f" testListId="8c84fa94-04c1-424b-9868-57a2d4851a1d" />
    <TestEntry testId="a5fb6c15-79c9-60c2-f754-b9ba01a4a6c3" executionId="2a9845f0-3855-4dce-a441-d2e8042cbd8b" testListId="8c84fa94-04c1-424b-9868-57a2d4851a1d" />
    <TestEntry testId="10da0836-323e-7559-1cec-599818240865" executionId="b3a25592-237d-4491-b7a7-083d6ca0141a" testListId="8c84fa94-04c1-424b-9868-57a2d4851a1d" />
    <TestEntry testId="b5986743-9922-08f5-fa11-aec8890e5849" executionId="e9a49476-2c9e-4186-8c31-77648164df74" testListId="8c84fa94-04c1-424b-9868-57a2d4851a1d" />
    <TestEntry testId="211f2ba6-9227-d868-4d19-f97687042449" executionId="ccfc0dc6-9437-442c-b0b2-fd47fa818747" testListId="8c84fa94-04c1-424b-9868-57a2d4851a1d" />
    <TestEntry testId="cbae54c5-2e94-b8bf-a5c5-3eb4c950edb5" executionId="8e78cbcb-d75b-40c9-aa5c-1c96ca04c0ce" testListId="8c84fa94-04c1-424b-9868-57a2d4851a1d" />
    <TestEntry testId="27251ebd-a906-115f-e194-888fdeae78a0" executionId="c3542d40-1712-40c9-9784-8877ad5e65f3" testListId="8c84fa94-04c1-424b-9868-57a2d4851a1d" />
    <TestEntry testId="fcd02a09-fc7b-8318-dd65-00fb25cec535" executionId="a51cbfdf-3038-4079-ac60-9b1112989b32" testListId="8c84fa94-04c1-424b-9868-57a2d4851a1d" />
    <TestEntry testId="214ab9f4-3721-4591-db50-390ba9b50adb" executionId="b0f806cd-8738-409e-be71-2c1ceaa00977" testListId="8c84fa94-04c1-424b-9868-57a2d4851a1d" />
    <TestEntry testId="1a633edc-caab-7ec3-e3d7-31517620e296" executionId="b3bc90db-2737-45da-9b75-8f3fcf455c37" testListId="8c84fa94-04c1-424b-9868-57a2d4851a1d" />
    <TestEntry testId="65e32d54-a78a-06e7-0b2a-a7b33efa75c4" executionId="69ec62c5-c7ea-4e7a-8167-fc8393fa8ab5" testListId="8c84fa94-04c1-424b-9868-57a2d4851a1d" />
    <TestEntry testId="71c8e0fc-fc04-4ed8-d612-1f1d50f9e5ef" executionId="9ecddda1-f915-4b3e-955c-724137d7727d" testListId="8c84fa94-04c1-424b-9868-57a2d4851a1d" />
    <TestEntry testId="89c46a30-f165-8104-083a-52f425e60046" executionId="c7d35864-8e8e-4ce8-9370-54c16dc3101c" testListId="8c84fa94-04c1-424b-9868-57a2d4851a1d" />
    <TestEntry testId="f0d93962-9ac2-80b2-3134-ca5f213e0035" executionId="983a9977-7278-4415-87c3-15d5ede944c1" testListId="8c84fa94-04c1-424b-9868-57a2d4851a1d" />
    <TestEntry testId="c457d864-609e-2fd7-6d20-d69d335734fa" executionId="e7764487-ca07-46d8-8015-78961d6cf969" testListId="8c84fa94-04c1-424b-9868-57a2d4851a1d" />
  </TestEntries>
  <TestLists>
    <TestList name="Results Not in a List" id="8c84fa94-04c1-424b-9868-57a2d4851a1d" />
    <TestList name="All Loaded Results" id="19431567-8539-422a-85d7-44ee4e166bda" />
  </TestLists>
  <ResultSummary outcome="Completed">
    <Counters total="31" executed="31" passed="31" failed="0" error="0" timeout="0" aborted="0" inconclusive="0" passedButRunAborted="0" notRunnable="0" notExecuted="0" disconnected="0" warning="0" completed="0" inProgress="0" pending="0" />
  </ResultSummary>
</TestRun>